LUA_PATH=/home/mdcallag/git/mytools/bench/sysbench.lua/lua/?.lua /home/mdcallag/git/mytools/bench/sysbench.lua/lua/sysbench --db-driver=pgsql --range-size=10000 --table-size=10000000 --tables=8 --threads=40 --events=0 --warmup-time=5 --time=630 --pgsql_conn_id=true /home/mdcallag/git/mytools/bench/sysbench.lua/lua/oltp_read_only.lua run --pgsql-user=root --pgsql-password=pw --pgsql-host=127.0.0.1 --pgsql-db=ib --rand-type=uniform
48 CPUs
sysbench 1.1.0-9072687 (using bundled LuaJIT 2.1.0-beta3)

Running the test with following options:
Number of threads: 40
Warmup time: 5s
Initializing random number generator from current time


Initializing worker threads...

explain: for point_selects :: explain SELECT c FROM sbtest%u WHERE id=%u
explain: for point_selects :: explain SELECT c FROM sbtest%u WHERE id=%u
explain: for point_selects :: explain SELECT c FROM sbtest%u WHERE id=%u
explain: for point_selects :: explain SELECT c FROM sbtest%u WHERE id=%u
explain: for point_selects :: explain SELECT c FROM sbtest%u WHERE id=%u
explain: for point_selects :: explain SELECT c FROM sbtest%u WHERE id=%u
explain: for point_selects :: explain SELECT c FROM sbtest%u WHERE id=%u
explain: for point_selects :: explain SELECT c FROM sbtest%u WHERE id=%u
explain: for point_selects :: explain SELECT c FROM sbtest%u WHERE id=%u
for point_selects
table 1 : explain SELECT c FROM sbtest1 WHERE id=8041448
	Index Scan using sbtest1_pkey on sbtest1  (cost=0.43..8.45 rows=1 width=121)
	  Index Cond: (id = 8041448)

table 2 : explain SELECT c FROM sbtest2 WHERE id=3826827
	Index Scan using sbtest2_pkey on sbtest2  (cost=0.43..8.45 rows=1 width=121)
	  Index Cond: (id = 3826827)

table 3 : explain SELECT c FROM sbtest3 WHERE id=3096752
	Index Scan using sbtest3_pkey on sbtest3  (cost=0.43..8.45 rows=1 width=121)
	  Index Cond: (id = 3096752)

table 4 : explain SELECT c FROM sbtest4 WHERE id=2237989
	Index Scan using sbtest4_pkey on sbtest4  (cost=0.43..8.45 rows=1 width=121)
	  Index Cond: (id = 2237989)

table 5 : explain SELECT c FROM sbtest5 WHERE id=7292083
	Index Scan using sbtest5_pkey on sbtest5  (cost=0.43..8.45 rows=1 width=121)
	  Index Cond: (id = 7292083)

table 6 : explain SELECT c FROM sbtest6 WHERE id=5075875
	Index Scan using sbtest6_pkey on sbtest6  (cost=0.43..8.45 rows=1 width=121)
	  Index Cond: (id = 5075875)

table 7 : explain SELECT c FROM sbtest7 WHERE id=2393806
	Index Scan using sbtest7_pkey on sbtest7  (cost=0.43..8.45 rows=1 width=121)
	  Index Cond: (id = 2393806)

table 8 : explain SELECT c FROM sbtest8 WHERE id=2753473
	Index Scan using sbtest8_pkey on sbtest8  (cost=0.43..8.45 rows=1 width=121)
	  Index Cond: (id = 2753473)

for point_selects
table 1 : explain SELECT c FROM sbtest1 WHERE id=7035061
	Index Scan using sbtest1_pkey on sbtest1  (cost=0.43..8.45 rows=1 width=121)
	  Index Cond: (id = 7035061)

table 2 : explain SELECT c FROM sbtest2 WHERE id=2402867
	Index Scan using sbtest2_pkey on sbtest2  (cost=0.43..8.45 rows=1 width=121)
	  Index Cond: (id = 2402867)

table 3 : explain SELECT c FROM sbtest3 WHERE id=6951895
	Index Scan using sbtest3_pkey on sbtest3  (cost=0.43..8.45 rows=1 width=121)
	  Index Cond: (id = 6951895)

table 4 : explain SELECT c FROM sbtest4 WHERE id=8974372
	Index Scan using sbtest4_pkey on sbtest4  (cost=0.43..8.45 rows=1 width=121)
	  Index Cond: (id = 8974372)

table 5 : explain SELECT c FROM sbtest5 WHERE id=5959317
	Index Scan using sbtest5_pkey on sbtest5  (cost=0.43..8.45 rows=1 width=121)
	  Index Cond: (id = 5959317)

table 6 : explain SELECT c FROM sbtest6 WHERE id=5847963
	Index Scan using sbtest6_pkey on sbtest6  (cost=0.43..8.45 rows=1 width=121)
	  Index Cond: (id = 5847963)

table 7 : explain SELECT c FROM sbtest7 WHERE id=6545236
	Index Scan using sbtest7_pkey on sbtest7  (cost=0.43..8.45 rows=1 width=121)
	  Index Cond: (id = 6545236)

table 8 : explain SELECT c FROM sbtest8 WHERE id=5481234
	Index Scan using sbtest8_pkey on sbtest8  (cost=0.43..8.45 rows=1 width=121)
	  Index Cond: (id = 5481234)

for point_selects
table 1 : explain SELECT c FROM sbtest1 WHERE id=1612850
	Index Scan using sbtest1_pkey on sbtest1  (cost=0.43..8.45 rows=1 width=121)
	  Index Cond: (id = 1612850)

table 2 : explain SELECT c FROM sbtest2 WHERE id=2143009
	Index Scan using sbtest2_pkey on sbtest2  (cost=0.43..8.45 rows=1 width=121)
	  Index Cond: (id = 2143009)

table 3 : explain SELECT c FROM sbtest3 WHERE id=3607717
	Index Scan using sbtest3_pkey on sbtest3  (cost=0.43..8.45 rows=1 width=121)
	  Index Cond: (id = 3607717)

table 4 : explain SELECT c FROM sbtest4 WHERE id=164320
	Index Scan using sbtest4_pkey on sbtest4  (cost=0.43..8.45 rows=1 width=121)
	  Index Cond: (id = 164320)

table 5 : explain SELECT c FROM sbtest5 WHERE id=2681827
	Index Scan using sbtest5_pkey on sbtest5  (cost=0.43..8.45 rows=1 width=121)
	  Index Cond: (id = 2681827)

table 6 : explain SELECT c FROM sbtest6 WHERE id=5105211
	Index Scan using sbtest6_pkey on sbtest6  (cost=0.43..8.45 rows=1 width=121)
	  Index Cond: (id = 5105211)

table 7 : explain SELECT c FROM sbtest7 WHERE id=4248047
	Index Scan using sbtest7_pkey on sbtest7  (cost=0.43..8.45 rows=1 width=121)
	  Index Cond: (id = 4248047)

table 8 : explain SELECT c FROM sbtest8 WHERE id=3846503
	Index Scan using sbtest8_pkey on sbtest8  (cost=0.43..8.45 rows=1 width=121)
	  Index Cond: (id = 3846503)

for point_selects
table 1 : explain SELECT c FROM sbtest1 WHERE id=5403994
	Index Scan using sbtest1_pkey on sbtest1  (cost=0.43..8.45 rows=1 width=121)
	  Index Cond: (id = 5403994)

table 2 : explain SELECT c FROM sbtest2 WHERE id=5345745
	Index Scan using sbtest2_pkey on sbtest2  (cost=0.43..8.45 rows=1 width=121)
	  Index Cond: (id = 5345745)

table 3 : explain SELECT c FROM sbtest3 WHERE id=2113633
	Index Scan using sbtest3_pkey on sbtest3  (cost=0.43..8.45 rows=1 width=121)
	  Index Cond: (id = 2113633)

table 4 : explain SELECT c FROM sbtest4 WHERE id=8689753
	Index Scan using sbtest4_pkey on sbtest4  (cost=0.43..8.45 rows=1 width=121)
	  Index Cond: (id = 8689753)

table 5 : explain SELECT c FROM sbtest5 WHERE id=770206
	Index Scan using sbtest5_pkey on sbtest5  (cost=0.43..8.45 rows=1 width=121)
	  Index Cond: (id = 770206)

table 6 : explain SELECT c FROM sbtest6 WHERE id=3901433
	Index Scan using sbtest6_pkey on sbtest6  (cost=0.43..8.45 rows=1 width=121)
	  Index Cond: (id = 3901433)

table 7 : explain SELECT c FROM sbtest7 WHERE id=1470762
	Index Scan using sbtest7_pkey on sbtest7  (cost=0.43..8.45 rows=1 width=121)
	  Index Cond: (id = 1470762)

table 8 : explain SELECT c FROM sbtest8 WHERE id=3758045
	Index Scan using sbtest8_pkey on sbtest8  (cost=0.43..8.45 rows=1 width=121)
	  Index Cond: (id = 3758045)

for point_selects
table 1 : explain SELECT c FROM sbtest1 WHERE id=5418660
	Index Scan using sbtest1_pkey on sbtest1  (cost=0.43..8.45 rows=1 width=121)
	  Index Cond: (id = 5418660)

table 2 : explain SELECT c FROM sbtest2 WHERE id=4478190
	Index Scan using sbtest2_pkey on sbtest2  (cost=0.43..8.45 rows=1 width=121)
	  Index Cond: (id = 4478190)

table 3 : explain SELECT c FROM sbtest3 WHERE id=8633694
	Index Scan using sbtest3_pkey on sbtest3  (cost=0.43..8.45 rows=1 width=121)
	  Index Cond: (id = 8633694)

table 4 : explain SELECT c FROM sbtest4 WHERE id=1806222
	Index Scan using sbtest4_pkey on sbtest4  (cost=0.43..8.45 rows=1 width=121)
	  Index Cond: (id = 1806222)

table 5 : explain SELECT c FROM sbtest5 WHERE id=6631200
	Index Scan using sbtest5_pkey on sbtest5  (cost=0.43..8.45 rows=1 width=121)
	  Index Cond: (id = 6631200)

table 6 : explain SELECT c FROM sbtest6 WHERE id=3098258
	Index Scan using sbtest6_pkey on sbtest6  (cost=0.43..8.45 rows=1 width=121)
	  Index Cond: (id = 3098258)

table 7 : explain SELECT c FROM sbtest7 WHERE id=5562736
	Index Scan using sbtest7_pkey on sbtest7  (cost=0.43..8.45 rows=1 width=121)
	  Index Cond: (id = 5562736)

table 8 : explain SELECT c FROM sbtest8 WHERE id=5316069
	Index Scan using sbtest8_pkey on sbtest8  (cost=0.43..8.45 rows=1 width=121)
	  Index Cond: (id = 5316069)

for point_selects
table 1 : explain SELECT c FROM sbtest1 WHERE id=1244130
	Index Scan using sbtest1_pkey on sbtest1  (cost=0.43..8.45 rows=1 width=121)
	  Index Cond: (id = 1244130)

table 2 : explain SELECT c FROM sbtest2 WHERE id=8881689
	Index Scan using sbtest2_pkey on sbtest2  (cost=0.43..8.45 rows=1 width=121)
	  Index Cond: (id = 8881689)

table 3 : explain SELECT c FROM sbtest3 WHERE id=925626
	Index Scan using sbtest3_pkey on sbtest3  (cost=0.43..8.45 rows=1 width=121)
	  Index Cond: (id = 925626)

table 4 : explain SELECT c FROM sbtest4 WHERE id=6499809
	Index Scan using sbtest4_pkey on sbtest4  (cost=0.43..8.45 rows=1 width=121)
	  Index Cond: (id = 6499809)

table 5 : explain SELECT c FROM sbtest5 WHERE id=7896798
	Index Scan using sbtest5_pkey on sbtest5  (cost=0.43..8.45 rows=1 width=121)
	  Index Cond: (id = 7896798)

table 6 : explain SELECT c FROM sbtest6 WHERE id=8440928
	Index Scan using sbtest6_pkey on sbtest6  (cost=0.43..8.45 rows=1 width=121)
	  Index Cond: (id = 8440928)

table 7 : explain SELECT c FROM sbtest7 WHERE id=3487652
	Index Scan using sbtest7_pkey on sbtest7  (cost=0.43..8.45 rows=1 width=121)
	  Index Cond: (id = 3487652)

table 8 : explain SELECT c FROM sbtest8 WHERE id=1801852
	Index Scan using sbtest8_pkey on sbtest8  (cost=0.43..8.45 rows=1 width=121)
	  Index Cond: (id = 1801852)

for: simple_ranges
table 1 : explain SELECT c FROM sbtest1 WHERE id BETWEEN 9463108 AND 9473107
	Bitmap Heap Scan on sbtest1  (cost=309.30..36620.47 rows=10621 width=121)
	  Recheck Cond: ((id >= 9463108) AND (id <= 9473107))
	  ->  Bitmap Index Scan on sbtest1_pkey  (cost=0.00..306.65 rows=10621 width=0)
	        Index Cond: ((id >= 9463108) AND (id <= 9473107))

table 2 : explain SELECT c FROM sbtest2 WHERE id BETWEEN 2407597 AND 2417596
	Bitmap Heap Scan on sbtest2  (cost=293.00..34081.31 rows=9811 width=121)
	  Recheck Cond: ((id >= 2407597) AND (id <= 2417596))
	  ->  Bitmap Index Scan on sbtest2_pkey  (cost=0.00..290.55 rows=9811 width=0)
	        Index Cond: ((id >= 2407597) AND (id <= 2417596))

table 3 : explain SELECT c FROM sbtest3 WHERE id BETWEEN 5123338 AND 5133337
	Bitmap Heap Scan on sbtest3  (cost=324.35..37550.43 rows=10919 width=121)
	  Recheck Cond: ((id >= 5123338) AND (id <= 5133337))
	  ->  Bitmap Index Scan on sbtest3_pkey  (cost=0.00..321.62 rows=10919 width=0)
	        Index Cond: ((id >= 5123338) AND (id <= 5133337))

table 4 : explain SELECT c FROM sbtest4 WHERE id BETWEEN 620624 AND 630623
	Bitmap Heap Scan on sbtest4  (cost=311.95..36227.26 rows=10489 width=121)
	  Recheck Cond: ((id >= 620624) AND (id <= 630623))
	  ->  Bitmap Index Scan on sbtest4_pkey  (cost=0.00..309.32 rows=10489 width=0)
	        Index Cond: ((id >= 620624) AND (id <= 630623))

table 5 : explain SELECT c FROM sbtest5 WHERE id BETWEEN 1844337 AND 1854336
	Bitmap Heap Scan on sbtest5  (cost=282.96..33443.08 rows=9612 width=121)
	  Recheck Cond: ((id >= 1844337) AND (id <= 1854336))
	  ->  Bitmap Index Scan on sbtest5_pkey  (cost=0.00..280.56 rows=9612 width=0)
	        Index Cond: ((id >= 1844337) AND (id <= 1854336))

table 6 : explain SELECT c FROM sbtest6 WHERE id BETWEEN 5747887 AND 5757886
	Bitmap Heap Scan on sbtest6  (cost=291.51..33610.23 rows=9666 width=121)
	  Recheck Cond: ((id >= 5747887) AND (id <= 5757886))
	  ->  Bitmap Index Scan on sbtest6_pkey  (cost=0.00..289.09 rows=9666 width=0)
	        Index Cond: ((id >= 5747887) AND (id <= 5757886))

table 7 : explain SELECT c FROM sbtest7 WHERE id BETWEEN 5358695 AND 5368694
	Bitmap Heap Scan on sbtest7  (cost=292.21..33839.05 rows=9734 width=121)
	  Recheck Cond: ((id >= 5358695) AND (id <= 5368694))
	  ->  Bitmap Index Scan on sbtest7_pkey  (cost=0.00..289.78 rows=9734 width=0)
	        Index Cond: ((id >= 5358695) AND (id <= 5368694))

table 8 : explain SELECT c FROM sbtest8 WHERE id BETWEEN 2644405 AND 2654404
	Bitmap Heap Scan on sbtest8  (cost=303.02..34709.58 rows=10008 width=121)
	  Recheck Cond: ((id >= 2644405) AND (id <= 2654404))
	  ->  Bitmap Index Scan on sbtest8_pkey  (cost=0.00..300.51 rows=10008 width=0)
	        Index Cond: ((id >= 2644405) AND (id <= 2654404))

for: simple_ranges
table 1 : explain SELECT c FROM sbtest1 WHERE id BETWEEN 2968754 AND 2978753
	Bitmap Heap Scan on sbtest1  (cost=295.51..34847.55 rows=10056 width=121)
	  Recheck Cond: ((id >= 2968754) AND (id <= 2978753))
	  ->  Bitmap Index Scan on sbtest1_pkey  (cost=0.00..293.00 rows=10056 width=0)
	        Index Cond: ((id >= 2968754) AND (id <= 2978753))

table 2 : explain SELECT c FROM sbtest2 WHERE id BETWEEN 9491423 AND 9501422
	Bitmap Heap Scan on sbtest2  (cost=286.59..33332.69 rows=9576 width=121)
	  Recheck Cond: ((id >= 9491423) AND (id <= 9501422))
	  ->  Bitmap Index Scan on sbtest2_pkey  (cost=0.00..284.19 rows=9576 width=0)
	        Index Cond: ((id >= 9491423) AND (id <= 9501422))

table 3 : explain SELECT c FROM sbtest3 WHERE id BETWEEN 7212362 AND 7222361
	Bitmap Heap Scan on sbtest3  (cost=336.63..38846.50 rows=11336 width=121)
	  Recheck Cond: ((id >= 7212362) AND (id <= 7222361))
	  ->  Bitmap Index Scan on sbtest3_pkey  (cost=0.00..333.80 rows=11336 width=0)
	        Index Cond: ((id >= 7212362) AND (id <= 7222361))

table 4 : explain SELECT c FROM sbtest4 WHERE id BETWEEN 1185137 AND 1195136
	Bitmap Heap Scan on sbtest4  (cost=324.60..37649.39 rows=10943 width=121)
	  Recheck Cond: ((id >= 1185137) AND (id <= 1195136))
	  ->  Bitmap Index Scan on sbtest4_pkey  (cost=0.00..321.87 rows=10943 width=0)
	        Index Cond: ((id >= 1185137) AND (id <= 1195136))

table 5 : explain SELECT c FROM sbtest5 WHERE id BETWEEN 2096951 AND 2106950
	Bitmap Heap Scan on sbtest5  (cost=306.86..35882.60 rows=10383 width=121)
	  Recheck Cond: ((id >= 2096951) AND (id <= 2106950))
	  ->  Bitmap Index Scan on sbtest5_pkey  (cost=0.00..304.26 rows=10383 width=0)
	        Index Cond: ((id >= 2096951) AND (id <= 2106950))

table 6 : explain SELECT c FROM sbtest6 WHERE id BETWEEN 1075094 AND 1085093
	Bitmap Heap Scan on sbtest6  (cost=290.32..33245.81 rows=9550 width=121)
	  Recheck Cond: ((id >= 1075094) AND (id <= 1085093))
	  ->  Bitmap Index Scan on sbtest6_pkey  (cost=0.00..287.94 rows=9550 width=0)
	        Index Cond: ((id >= 1075094) AND (id <= 1085093))

table 7 : explain SELECT c FROM sbtest7 WHERE id BETWEEN 2698437 AND 2708436
	Bitmap Heap Scan on sbtest7  (cost=311.96..36222.84 rows=10490 width=121)
	  Recheck Cond: ((id >= 2698437) AND (id <= 2708436))
	  ->  Bitmap Index Scan on sbtest7_pkey  (cost=0.00..309.33 rows=10490 width=0)
	        Index Cond: ((id >= 2698437) AND (id <= 2708436))

table 8 : explain SELECT c FROM sbtest8 WHERE id BETWEEN 5712213 AND 5722212
	Bitmap Heap Scan on sbtest8  (cost=334.52..38224.71 rows=11130 width=121)
	  Recheck Cond: ((id >= 5712213) AND (id <= 5722212))
	  ->  Bitmap Index Scan on sbtest8_pkey  (cost=0.00..331.74 rows=11130 width=0)
	        Index Cond: ((id >= 5712213) AND (id <= 5722212))

for: simple_ranges
table 1 : explain SELECT c FROM sbtest1 WHERE id BETWEEN 65048 AND 75047
	Bitmap Heap Scan on sbtest1  (cost=284.45..33902.30 rows=9758 width=121)
	  Recheck Cond: ((id >= 65048) AND (id <= 75047))
	  ->  Bitmap Index Scan on sbtest1_pkey  (cost=0.00..282.01 rows=9758 width=0)
	        Index Cond: ((id >= 65048) AND (id <= 75047))

table 2 : explain SELECT c FROM sbtest2 WHERE id BETWEEN 9738702 AND 9748701
	Bitmap Heap Scan on sbtest2  (cost=299.27..34782.52 rows=10033 width=121)
	  Recheck Cond: ((id >= 9738702) AND (id <= 9748701))
	  ->  Bitmap Index Scan on sbtest2_pkey  (cost=0.00..296.76 rows=10033 width=0)
	        Index Cond: ((id >= 9738702) AND (id <= 9748701))

table 3 : explain SELECT c FROM sbtest3 WHERE id BETWEEN 3054998 AND 3064997
	Bitmap Heap Scan on sbtest3  (cost=293.95..34362.28 rows=9904 width=121)
	  Recheck Cond: ((id >= 3054998) AND (id <= 3064997))
	  ->  Bitmap Index Scan on sbtest3_pkey  (cost=0.00..291.48 rows=9904 width=0)
	        Index Cond: ((id >= 3054998) AND (id <= 3064997))

table 4 : explain SELECT c FROM sbtest4 WHERE id BETWEEN 6085779 AND 6095778
	Bitmap Heap Scan on sbtest4  (cost=300.15..35063.11 rows=10119 width=121)
	  Recheck Cond: ((id >= 6085779) AND (id <= 6095778))
	  ->  Bitmap Index Scan on sbtest4_pkey  (cost=0.00..297.62 rows=10119 width=0)
	        Index Cond: ((id >= 6085779) AND (id <= 6095778))

table 5 : explain SELECT c FROM sbtest5 WHERE id BETWEEN 6130171 AND 6140170
	Bitmap Heap Scan on sbtest5  (cost=356.21..41140.02 rows=12076 width=121)
	  Recheck Cond: ((id >= 6130171) AND (id <= 6140170))
	  ->  Bitmap Index Scan on sbtest5_pkey  (cost=0.00..353.19 rows=12076 width=0)
	        Index Cond: ((id >= 6130171) AND (id <= 6140170))

table 6 : explain SELECT c FROM sbtest6 WHERE id BETWEEN 587459 AND 597458
	Bitmap Heap Scan on sbtest6  (cost=283.94..32504.95 rows=9318 width=121)
	  Recheck Cond: ((id >= 587459) AND (id <= 597458))
	  ->  Bitmap Index Scan on sbtest6_pkey  (cost=0.00..281.62 rows=9318 width=0)
	        Index Cond: ((id >= 587459) AND (id <= 597458))

table 7 : explain SELECT c FROM sbtest7 WHERE id BETWEEN 5883778 AND 5893777
	Bitmap Heap Scan on sbtest7  (cost=286.48..33301.45 rows=9565 width=121)
	  Recheck Cond: ((id >= 5883778) AND (id <= 5893777))
	  ->  Bitmap Index Scan on sbtest7_pkey  (cost=0.00..284.08 rows=9565 width=0)
	        Index Cond: ((id >= 5883778) AND (id <= 5893777))

table 8 : explain SELECT c FROM sbtest8 WHERE id BETWEEN 4023424 AND 4033423
	Bitmap Heap Scan on sbtest8  (cost=272.58..31465.84 rows=8990 width=121)
	  Recheck Cond: ((id >= 4023424) AND (id <= 4033423))
	  ->  Bitmap Index Scan on sbtest8_pkey  (cost=0.00..270.33 rows=8990 width=0)
	        Index Cond: ((id >= 4023424) AND (id <= 4033423))

for: simple_ranges
table 1 : explain SELECT c FROM sbtest1 WHERE id BETWEEN 9069715 AND 9079714
	Bitmap Heap Scan on sbtest1  (cost=282.89..33417.79 rows=9605 width=121)
	  Recheck Cond: ((id >= 9069715) AND (id <= 9079714))
	  ->  Bitmap Index Scan on sbtest1_pkey  (cost=0.00..280.49 rows=9605 width=0)
	        Index Cond: ((id >= 9069715) AND (id <= 9079714))

table 2 : explain SELECT c FROM sbtest2 WHERE id BETWEEN 5191426 AND 5201425
	Bitmap Heap Scan on sbtest2  (cost=293.26..34162.48 rows=9837 width=121)
	  Recheck Cond: ((id >= 5191426) AND (id <= 5201425))
	  ->  Bitmap Index Scan on sbtest2_pkey  (cost=0.00..290.81 rows=9837 width=0)
	        Index Cond: ((id >= 5191426) AND (id <= 5201425))

table 3 : explain SELECT c FROM sbtest3 WHERE id BETWEEN 4057937 AND 4067936
	Bitmap Heap Scan on sbtest3  (cost=300.16..35046.27 rows=10120 width=121)
	  Recheck Cond: ((id >= 4057937) AND (id <= 4067936))
	  ->  Bitmap Index Scan on sbtest3_pkey  (cost=0.00..297.63 rows=10120 width=0)
	        Index Cond: ((id >= 4057937) AND (id <= 4067936))

table 4 : explain SELECT c FROM sbtest4 WHERE id BETWEEN 2583643 AND 2593642
	Bitmap Heap Scan on sbtest4  (cost=281.01..32850.86 rows=9422 width=121)
	  Recheck Cond: ((id >= 2583643) AND (id <= 2593642))
	  ->  Bitmap Index Scan on sbtest4_pkey  (cost=0.00..278.66 rows=9422 width=0)
	        Index Cond: ((id >= 2583643) AND (id <= 2593642))

table 5 : explain SELECT c FROM sbtest5 WHERE id BETWEEN 2571926 AND 2581925
	Bitmap Heap Scan on sbtest5  (cost=294.16..34435.49 rows=9924 width=121)
	  Recheck Cond: ((id >= 2571926) AND (id <= 2581925))
	  ->  Bitmap Index Scan on sbtest5_pkey  (cost=0.00..291.68 rows=9924 width=0)
	        Index Cond: ((id >= 2571926) AND (id <= 2581925))

table 6 : explain SELECT c FROM sbtest6 WHERE id BETWEEN 9800735 AND 9810734
	Bitmap Heap Scan on sbtest6  (cost=316.08..36249.87 rows=10502 width=121)
	  Recheck Cond: ((id >= 9800735) AND (id <= 9810734))
	  ->  Bitmap Index Scan on sbtest6_pkey  (cost=0.00..313.45 rows=10502 width=0)
	        Index Cond: ((id >= 9800735) AND (id <= 9810734))

table 7 : explain SELECT c FROM sbtest7 WHERE id BETWEEN 780869 AND 790868
	Bitmap Heap Scan on sbtest7  (cost=311.62..36119.74 rows=10457 width=121)
	  Recheck Cond: ((id >= 780869) AND (id <= 790868))
	  ->  Bitmap Index Scan on sbtest7_pkey  (cost=0.00..309.00 rows=10457 width=0)
	        Index Cond: ((id >= 780869) AND (id <= 790868))

table 8 : explain SELECT c FROM sbtest8 WHERE id BETWEEN 5533715 AND 5543714
	Bitmap Heap Scan on sbtest8  (cost=341.19..39033.28 rows=11391 width=121)
	  Recheck Cond: ((id >= 5533715) AND (id <= 5543714))
	  ->  Bitmap Index Scan on sbtest8_pkey  (cost=0.00..338.34 rows=11391 width=0)
	        Index Cond: ((id >= 5533715) AND (id <= 5543714))

explain: for point_selects :: explain SELECT c FROM sbtest%u WHERE id=%u
explain: for point_selects :: explain SELECT c FROM sbtest%u WHERE id=%u
explain: for point_selects :: explain SELECT c FROM sbtest%u WHERE id=%u
for: simple_ranges
table 1 : explain SELECT c FROM sbtest1 WHERE id BETWEEN 3642815 AND 3652814
	Bitmap Heap Scan on sbtest1  (cost=270.93..32189.57 rows=9219 width=121)
	  Recheck Cond: ((id >= 3642815) AND (id <= 3652814))
	  ->  Bitmap Index Scan on sbtest1_pkey  (cost=0.00..268.62 rows=9219 width=0)
	        Index Cond: ((id >= 3642815) AND (id <= 3652814))

table 2 : explain SELECT c FROM sbtest2 WHERE id BETWEEN 7749631 AND 7759630
	Bitmap Heap Scan on sbtest2  (cost=311.50..36079.54 rows=10445 width=121)
	  Recheck Cond: ((id >= 7749631) AND (id <= 7759630))
	  ->  Bitmap Index Scan on sbtest2_pkey  (cost=0.00..308.88 rows=10445 width=0)
	        Index Cond: ((id >= 7749631) AND (id <= 7759630))

table 3 : explain SELECT c FROM sbtest3 WHERE id BETWEEN 1777051 AND 1787050
	Bitmap Heap Scan on sbtest3  (cost=294.16..34427.11 rows=9924 width=121)
	  Recheck Cond: ((id >= 1777051) AND (id <= 1787050))
	  ->  Bitmap Index Scan on sbtest3_pkey  (cost=0.00..291.68 rows=9924 width=0)
	        Index Cond: ((id >= 1777051) AND (id <= 1787050))

table 4 : explain SELECT c FROM sbtest4 WHERE id BETWEEN 2640479 AND 2650478
	Bitmap Heap Scan on sbtest4  (cost=282.55..33326.92 rows=9572 width=121)
	  Recheck Cond: ((id >= 2640479) AND (id <= 2650478))
	  ->  Bitmap Index Scan on sbtest4_pkey  (cost=0.00..280.16 rows=9572 width=0)
	        Index Cond: ((id >= 2640479) AND (id <= 2650478))

table 5 : explain SELECT c FROM sbtest5 WHERE id BETWEEN 6747263 AND 6757262
	Bitmap Heap Scan on sbtest5  (cost=301.25..35387.91 rows=10226 width=121)
	  Recheck Cond: ((id >= 6747263) AND (id <= 6757262))
	  ->  Bitmap Index Scan on sbtest5_pkey  (cost=0.00..298.69 rows=10226 width=0)
	        Index Cond: ((id >= 6747263) AND (id <= 6757262))

table 6 : explain SELECT c FROM sbtest6 WHERE id BETWEEN 1981695 AND 1991694
	Bitmap Heap Scan on sbtest6  (cost=308.53..35162.07 rows=10156 width=121)
	  Recheck Cond: ((id >= 1981695) AND (id <= 1991694))
	  ->  Bitmap Index Scan on sbtest6_pkey  (cost=0.00..306.00 rows=10156 width=0)
	        Index Cond: ((id >= 1981695) AND (id <= 1991694))

table 7 : explain SELECT c FROM sbtest7 WHERE id BETWEEN 6266570 AND 6276569
	Bitmap Heap Scan on sbtest7  (cost=280.82..32782.35 rows=9403 width=121)
	  Recheck Cond: ((id >= 6266570) AND (id <= 6276569))
	  ->  Bitmap Index Scan on sbtest7_pkey  (cost=0.00..278.46 rows=9403 width=0)
	        Index Cond: ((id >= 6266570) AND (id <= 6276569))

table 8 : explain SELECT c FROM sbtest8 WHERE id BETWEEN 1043488 AND 1053487
	Bitmap Heap Scan on sbtest8  (cost=304.55..35178.92 rows=10158 width=121)
	  Recheck Cond: ((id >= 1043488) AND (id <= 1053487))
	  ->  Bitmap Index Scan on sbtest8_pkey  (cost=0.00..302.01 rows=10158 width=0)
	        Index Cond: ((id >= 1043488) AND (id <= 1053487))

for point_selects
table 1 : explain SELECT c FROM sbtest1 WHERE id=7127222
	Index Scan using sbtest1_pkey on sbtest1  (cost=0.43..8.45 rows=1 width=121)
	  Index Cond: (id = 7127222)

table 2 : explain SELECT c FROM sbtest2 WHERE id=3365440
	Index Scan using sbtest2_pkey on sbtest2  (cost=0.43..8.45 rows=1 width=121)
	  Index Cond: (id = 3365440)

table 3 : explain SELECT c FROM sbtest3 WHERE id=607045
	Index Scan using sbtest3_pkey on sbtest3  (cost=0.43..8.45 rows=1 width=121)
	  Index Cond: (id = 607045)

table 4 : explain SELECT c FROM sbtest4 WHERE id=1957282
	Index Scan using sbtest4_pkey on sbtest4  (cost=0.43..8.45 rows=1 width=121)
	  Index Cond: (id = 1957282)

table 5 : explain SELECT c FROM sbtest5 WHERE id=7000038
	Index Scan using sbtest5_pkey on sbtest5  (cost=0.43..8.45 rows=1 width=121)
	  Index Cond: (id = 7000038)

table 6 : explain SELECT c FROM sbtest6 WHERE id=2240265
	Index Scan using sbtest6_pkey on sbtest6  (cost=0.43..8.45 rows=1 width=121)
	  Index Cond: (id = 2240265)

table 7 : explain SELECT c FROM sbtest7 WHERE id=4957770
	Index Scan using sbtest7_pkey on sbtest7  (cost=0.43..8.45 rows=1 width=121)
	  Index Cond: (id = 4957770)

table 8 : explain SELECT c FROM sbtest8 WHERE id=4803249
	Index Scan using sbtest8_pkey on sbtest8  (cost=0.43..8.45 rows=1 width=121)
	  Index Cond: (id = 4803249)

for point_selects
table 1 : explain SELECT c FROM sbtest1 WHERE id=9467857
	Index Scan using sbtest1_pkey on sbtest1  (cost=0.43..8.45 rows=1 width=121)
	  Index Cond: (id = 9467857)

table 2 : explain SELECT c FROM sbtest2 WHERE id=1891817
	Index Scan using sbtest2_pkey on sbtest2  (cost=0.43..8.45 rows=1 width=121)
	  Index Cond: (id = 1891817)

table 3 : explain SELECT c FROM sbtest3 WHERE id=8840379
	Index Scan using sbtest3_pkey on sbtest3  (cost=0.43..8.45 rows=1 width=121)
	  Index Cond: (id = 8840379)

table 4 : explain SELECT c FROM sbtest4 WHERE id=2440539
	Index Scan using sbtest4_pkey on sbtest4  (cost=0.43..8.45 rows=1 width=121)
	  Index Cond: (id = 2440539)

table 5 : explain SELECT c FROM sbtest5 WHERE id=3352719
	Index Scan using sbtest5_pkey on sbtest5  (cost=0.43..8.45 rows=1 width=121)
	  Index Cond: (id = 3352719)

table 6 : explain SELECT c FROM sbtest6 WHERE id=3612329
	Index Scan using sbtest6_pkey on sbtest6  (cost=0.43..8.45 rows=1 width=121)
	  Index Cond: (id = 3612329)

table 7 : explain SELECT c FROM sbtest7 WHERE id=5655871
	Index Scan using sbtest7_pkey on sbtest7  (cost=0.43..8.45 rows=1 width=121)
	  Index Cond: (id = 5655871)

table 8 : explain SELECT c FROM sbtest8 WHERE id=1893947
	Index Scan using sbtest8_pkey on sbtest8  (cost=0.43..8.45 rows=1 width=121)
	  Index Cond: (id = 1893947)

for: simple_ranges
table 1 : explain SELECT c FROM sbtest1 WHERE id BETWEEN 6488743 AND 6498742
	Bitmap Heap Scan on sbtest1  (cost=302.88..35882.23 rows=10385 width=121)
	  Recheck Cond: ((id >= 6488743) AND (id <= 6498742))
	  ->  Bitmap Index Scan on sbtest1_pkey  (cost=0.00..300.29 rows=10385 width=0)
	        Index Cond: ((id >= 6488743) AND (id <= 6498742))

table 2 : explain SELECT c FROM sbtest2 WHERE id BETWEEN 3951302 AND 3961301
	Bitmap Heap Scan on sbtest2  (cost=292.48..33918.92 rows=9760 width=121)
	  Recheck Cond: ((id >= 3951302) AND (id <= 3961301))
	  ->  Bitmap Index Scan on sbtest2_pkey  (cost=0.00..290.04 rows=9760 width=0)
	        Index Cond: ((id >= 3951302) AND (id <= 3961301))

table 3 : explain SELECT c FROM sbtest3 WHERE id BETWEEN 1462466 AND 1472465
	Bitmap Heap Scan on sbtest3  (cost=312.05..36238.48 rows=10499 width=121)
	  Recheck Cond: ((id >= 1462466) AND (id <= 1472465))
	  ->  Bitmap Index Scan on sbtest3_pkey  (cost=0.00..309.43 rows=10499 width=0)
	        Index Cond: ((id >= 1462466) AND (id <= 1472465))

table 4 : explain SELECT c FROM sbtest4 WHERE id BETWEEN 8035801 AND 8045800
	Bitmap Heap Scan on sbtest4  (cost=282.29..33248.72 rows=9547 width=121)
	  Recheck Cond: ((id >= 8035801) AND (id <= 8045800))
	  ->  Bitmap Index Scan on sbtest4_pkey  (cost=0.00..279.91 rows=9547 width=0)
	        Index Cond: ((id >= 8035801) AND (id <= 8045800))

table 5 : explain SELECT c FROM sbtest5 WHERE id BETWEEN 3816843 AND 3826842
	Bitmap Heap Scan on sbtest5  (cost=262.91..30935.51 rows=8827 width=121)
	  Recheck Cond: ((id >= 3816843) AND (id <= 3826842))
	  ->  Bitmap Index Scan on sbtest5_pkey  (cost=0.00..260.70 rows=8827 width=0)
	        Index Cond: ((id >= 3816843) AND (id <= 3826842))

table 6 : explain SELECT c FROM sbtest6 WHERE id BETWEEN 8506387 AND 8516386
	Bitmap Heap Scan on sbtest6  (cost=308.28..35084.48 rows=10131 width=121)
	  Recheck Cond: ((id >= 8506387) AND (id <= 8516386))
	  ->  Bitmap Index Scan on sbtest6_pkey  (cost=0.00..305.75 rows=10131 width=0)
	        Index Cond: ((id >= 8506387) AND (id <= 8516386))

table 7 : explain SELECT c FROM sbtest7 WHERE id BETWEEN 4733333 AND 4743332
	Bitmap Heap Scan on sbtest7  (cost=286.31..33249.35 rows=9549 width=121)
	  Recheck Cond: ((id >= 4733333) AND (id <= 4743332))
	  ->  Bitmap Index Scan on sbtest7_pkey  (cost=0.00..283.93 rows=9549 width=0)
	        Index Cond: ((id >= 4733333) AND (id <= 4743332))

table 8 : explain SELECT c FROM sbtest8 WHERE id BETWEEN 6700770 AND 6710769
	Bitmap Heap Scan on sbtest8  (cost=310.20..35686.91 rows=10319 width=121)
	  Recheck Cond: ((id >= 6700770) AND (id <= 6710769))
	  ->  Bitmap Index Scan on sbtest8_pkey  (cost=0.00..307.62 rows=10319 width=0)
	        Index Cond: ((id >= 6700770) AND (id <= 6710769))

for: simple_ranges
table 1 : explain SELECT c FROM sbtest1 WHERE id BETWEEN 4251248 AND 4261247
	Bitmap Heap Scan on sbtest1  (cost=301.53..35469.15 rows=10253 width=121)
	  Recheck Cond: ((id >= 4251248) AND (id <= 4261247))
	  ->  Bitmap Index Scan on sbtest1_pkey  (cost=0.00..298.96 rows=10253 width=0)
	        Index Cond: ((id >= 4251248) AND (id <= 4261247))

table 2 : explain SELECT c FROM sbtest2 WHERE id BETWEEN 9786098 AND 9796097
	Bitmap Heap Scan on sbtest2  (cost=292.44..33909.17 rows=9757 width=121)
	  Recheck Cond: ((id >= 9786098) AND (id <= 9796097))
	  ->  Bitmap Index Scan on sbtest2_pkey  (cost=0.00..290.00 rows=9757 width=0)
	        Index Cond: ((id >= 9786098) AND (id <= 9796097))

table 3 : explain SELECT c FROM sbtest3 WHERE id BETWEEN 6666259 AND 6676258
	Bitmap Heap Scan on sbtest3  (cost=306.77..35844.63 rows=10374 width=121)
	  Recheck Cond: ((id >= 6666259) AND (id <= 6676258))
	  ->  Bitmap Index Scan on sbtest3_pkey  (cost=0.00..304.18 rows=10374 width=0)
	        Index Cond: ((id >= 6666259) AND (id <= 6676258))

table 4 : explain SELECT c FROM sbtest4 WHERE id BETWEEN 6978404 AND 6988403
	Bitmap Heap Scan on sbtest4  (cost=318.76..37083.86 rows=10763 width=121)
	  Recheck Cond: ((id >= 6978404) AND (id <= 6988403))
	  ->  Bitmap Index Scan on sbtest4_pkey  (cost=0.00..316.06 rows=10763 width=0)
	        Index Cond: ((id >= 6978404) AND (id <= 6988403))

table 5 : explain SELECT c FROM sbtest5 WHERE id BETWEEN 8857623 AND 8867622
	Bitmap Heap Scan on sbtest5  (cost=275.89..32493.40 rows=9313 width=121)
	  Recheck Cond: ((id >= 8857623) AND (id <= 8867622))
	  ->  Bitmap Index Scan on sbtest5_pkey  (cost=0.00..273.56 rows=9313 width=0)
	        Index Cond: ((id >= 8857623) AND (id <= 8867622))

table 6 : explain SELECT c FROM sbtest6 WHERE id BETWEEN 1305800 AND 1315799
	Bitmap Heap Scan on sbtest6  (cost=309.66..35507.69 rows=10266 width=121)
	  Recheck Cond: ((id >= 1305800) AND (id <= 1315799))
	  ->  Bitmap Index Scan on sbtest6_pkey  (cost=0.00..307.09 rows=10266 width=0)
	        Index Cond: ((id >= 1305800) AND (id <= 1315799))

table 7 : explain SELECT c FROM sbtest7 WHERE id BETWEEN 9094575 AND 9104574
	Bitmap Heap Scan on sbtest7  (cost=292.83..34030.76 rows=9795 width=121)
	  Recheck Cond: ((id >= 9094575) AND (id <= 9104574))
	  ->  Bitmap Index Scan on sbtest7_pkey  (cost=0.00..290.38 rows=9795 width=0)
	        Index Cond: ((id >= 9094575) AND (id <= 9104574))

table 8 : explain SELECT c FROM sbtest8 WHERE id BETWEEN 8503186 AND 8513185
	Bitmap Heap Scan on sbtest8  (cost=322.18..36905.76 rows=10707 width=121)
	  Recheck Cond: ((id >= 8503186) AND (id <= 8513185))
	  ->  Bitmap Index Scan on sbtest8_pkey  (cost=0.00..319.50 rows=10707 width=0)
	        Index Cond: ((id >= 8503186) AND (id <= 8513185))

explain: for point_selects :: explain SELECT c FROM sbtest%u WHERE id=%u
explain: for point_selects :: explain SELECT c FROM sbtest%u WHERE id=%u
for: simple_ranges
table 1 : explain SELECT c FROM sbtest1 WHERE id BETWEEN 8798902 AND 8808901
	Bitmap Heap Scan on sbtest1  (cost=278.36..33254.23 rows=9554 width=121)
	  Recheck Cond: ((id >= 8798902) AND (id <= 8808901))
	  ->  Bitmap Index Scan on sbtest1_pkey  (cost=0.00..275.98 rows=9554 width=0)
	        Index Cond: ((id >= 8798902) AND (id <= 8808901))

table 2 : explain SELECT c FROM sbtest2 WHERE id BETWEEN 1251128 AND 1261127
	Bitmap Heap Scan on sbtest2  (cost=324.54..37617.21 rows=10937 width=121)
	  Recheck Cond: ((id >= 1251128) AND (id <= 1261127))
	  ->  Bitmap Index Scan on sbtest2_pkey  (cost=0.00..321.81 rows=10937 width=0)
	        Index Cond: ((id >= 1251128) AND (id <= 1261127))

table 3 : explain SELECT c FROM sbtest3 WHERE id BETWEEN 4754843 AND 4764842
	Bitmap Heap Scan on sbtest3  (cost=300.06..35013.94 rows=10110 width=121)
	  Recheck Cond: ((id >= 4754843) AND (id <= 4764842))
	  ->  Bitmap Index Scan on sbtest3_pkey  (cost=0.00..297.54 rows=10110 width=0)
	        Index Cond: ((id >= 4754843) AND (id <= 4764842))

table 4 : explain SELECT c FROM sbtest4 WHERE id BETWEEN 9479188 AND 9489187
	Bitmap Heap Scan on sbtest4  (cost=325.05..37784.00 rows=10987 width=121)
	  Recheck Cond: ((id >= 9479188) AND (id <= 9489187))
	  ->  Bitmap Index Scan on sbtest4_pkey  (cost=0.00..322.31 rows=10987 width=0)
	        Index Cond: ((id >= 9479188) AND (id <= 9489187))

table 5 : explain SELECT c FROM sbtest5 WHERE id BETWEEN 7408519 AND 7418518
	Bitmap Heap Scan on sbtest5  (cost=294.16..34435.49 rows=9924 width=121)
	  Recheck Cond: ((id >= 7408519) AND (id <= 7418518))
	  ->  Bitmap Index Scan on sbtest5_pkey  (cost=0.00..291.68 rows=9924 width=0)
	        Index Cond: ((id >= 7408519) AND (id <= 7418518))

table 6 : explain SELECT c FROM sbtest6 WHERE id BETWEEN 9459079 AND 9469078
	Bitmap Heap Scan on sbtest6  (cost=285.03..32841.05 rows=9424 width=121)
	  Recheck Cond: ((id >= 9459079) AND (id <= 9469078))
	  ->  Bitmap Index Scan on sbtest6_pkey  (cost=0.00..282.68 rows=9424 width=0)
	        Index Cond: ((id >= 9459079) AND (id <= 9469078))

table 7 : explain SELECT c FROM sbtest7 WHERE id BETWEEN 9183492 AND 9193491
	Bitmap Heap Scan on sbtest7  (cost=261.12..30376.94 rows=8652 width=121)
	  Recheck Cond: ((id >= 9183492) AND (id <= 9193491))
	  ->  Bitmap Index Scan on sbtest7_pkey  (cost=0.00..258.95 rows=8652 width=0)
	        Index Cond: ((id >= 9183492) AND (id <= 9193491))

table 8 : explain SELECT c FROM sbtest8 WHERE id BETWEEN 4681436 AND 4691435
	Bitmap Heap Scan on sbtest8  (cost=309.72..35541.62 rows=10272 width=121)
	  Recheck Cond: ((id >= 4681436) AND (id <= 4691435))
	  ->  Bitmap Index Scan on sbtest8_pkey  (cost=0.00..307.16 rows=10272 width=0)
	        Index Cond: ((id >= 4681436) AND (id <= 4691435))

for point_selects
table 1 : explain SELECT c FROM sbtest1 WHERE id=5401884
	Index Scan using sbtest1_pkey on sbtest1  (cost=0.43..8.45 rows=1 width=121)
	  Index Cond: (id = 5401884)

table 2 : explain SELECT c FROM sbtest2 WHERE id=1292848
	Index Scan using sbtest2_pkey on sbtest2  (cost=0.43..8.45 rows=1 width=121)
	  Index Cond: (id = 1292848)

table 3 : explain SELECT c FROM sbtest3 WHERE id=403603
	Index Scan using sbtest3_pkey on sbtest3  (cost=0.43..8.45 rows=1 width=121)
	  Index Cond: (id = 403603)

table 4 : explain SELECT c FROM sbtest4 WHERE id=8407737
	Index Scan using sbtest4_pkey on sbtest4  (cost=0.43..8.45 rows=1 width=121)
	  Index Cond: (id = 8407737)

table 5 : explain SELECT c FROM sbtest5 WHERE id=7123971
	Index Scan using sbtest5_pkey on sbtest5  (cost=0.43..8.45 rows=1 width=121)
	  Index Cond: (id = 7123971)

table 6 : explain SELECT c FROM sbtest6 WHERE id=4298454
	Index Scan using sbtest6_pkey on sbtest6  (cost=0.43..8.45 rows=1 width=121)
	  Index Cond: (id = 4298454)

table 7 : explain SELECT c FROM sbtest7 WHERE id=1325064
	Index Scan using sbtest7_pkey on sbtest7  (cost=0.43..8.45 rows=1 width=121)
	  Index Cond: (id = 1325064)

table 8 : explain SELECT c FROM sbtest8 WHERE id=6447286
	Index Scan using sbtest8_pkey on sbtest8  (cost=0.43..8.45 rows=1 width=121)
	  Index Cond: (id = 6447286)

for point_selects
table 1 : explain SELECT c FROM sbtest1 WHERE id=1361341
	Index Scan using sbtest1_pkey on sbtest1  (cost=0.43..8.45 rows=1 width=121)
	  Index Cond: (id = 1361341)

table 2 : explain SELECT c FROM sbtest2 WHERE id=6162317
	Index Scan using sbtest2_pkey on sbtest2  (cost=0.43..8.45 rows=1 width=121)
	  Index Cond: (id = 6162317)

table 3 : explain SELECT c FROM sbtest3 WHERE id=3097541
	Index Scan using sbtest3_pkey on sbtest3  (cost=0.43..8.45 rows=1 width=121)
	  Index Cond: (id = 3097541)

table 4 : explain SELECT c FROM sbtest4 WHERE id=5774631
	Index Scan using sbtest4_pkey on sbtest4  (cost=0.43..8.45 rows=1 width=121)
	  Index Cond: (id = 5774631)

table 5 : explain SELECT c FROM sbtest5 WHERE id=4679661
	Index Scan using sbtest5_pkey on sbtest5  (cost=0.43..8.45 rows=1 width=121)
	  Index Cond: (id = 4679661)

table 6 : explain SELECT c FROM sbtest6 WHERE id=8388317
	Index Scan using sbtest6_pkey on sbtest6  (cost=0.43..8.45 rows=1 width=121)
	  Index Cond: (id = 8388317)

table 7 : explain SELECT c FROM sbtest7 WHERE id=1757965
	Index Scan using sbtest7_pkey on sbtest7  (cost=0.43..8.45 rows=1 width=121)
	  Index Cond: (id = 1757965)

table 8 : explain SELECT c FROM sbtest8 WHERE id=4233491
	Index Scan using sbtest8_pkey on sbtest8  (cost=0.43..8.45 rows=1 width=121)
	  Index Cond: (id = 4233491)

for: sum_ranges
table 1 : explain SELECT SUM(k) FROM sbtest1 WHERE id BETWEEN 8522810 AND 8532809
	Aggregate  (cost=33890.94..33890.95 rows=1 width=8)
	  ->  Bitmap Heap Scan on sbtest1  (cost=284.34..33866.57 rows=9747 width=4)
	        Recheck Cond: ((id >= 8522810) AND (id <= 8532809))
	        ->  Bitmap Index Scan on sbtest1_pkey  (cost=0.00..281.91 rows=9747 width=0)
	              Index Cond: ((id >= 8522810) AND (id <= 8532809))

table 2 : explain SELECT SUM(k) FROM sbtest2 WHERE id BETWEEN 3753584 AND 3763583
	Aggregate  (cost=37358.97..37358.98 rows=1 width=8)
	  ->  Bitmap Heap Scan on sbtest2  (cost=323.60..37331.86 rows=10845 width=4)
	        Recheck Cond: ((id >= 3753584) AND (id <= 3763583))
	        ->  Bitmap Index Scan on sbtest2_pkey  (cost=0.00..320.88 rows=10845 width=0)
	              Index Cond: ((id >= 3753584) AND (id <= 3763583))

table 3 : explain SELECT SUM(k) FROM sbtest3 WHERE id BETWEEN 2381372 AND 2391371
	Aggregate  (cost=37268.95..37268.96 rows=1 width=8)
	  ->  Bitmap Heap Scan on sbtest3  (cost=319.35..37241.89 rows=10821 width=4)
	        Recheck Cond: ((id >= 2381372) AND (id <= 2391371))
	        ->  Bitmap Index Scan on sbtest3_pkey  (cost=0.00..316.65 rows=10821 width=0)
	              Index Cond: ((id >= 2381372) AND (id <= 2391371))

table 4 : explain SELECT SUM(k) FROM sbtest4 WHERE id BETWEEN 7045423 AND 7055422
	Aggregate  (cost=38244.82..38244.83 rows=1 width=8)
	  ->  Bitmap Heap Scan on sbtest4  (cost=330.48..38217.00 rows=11126 width=4)
	        Recheck Cond: ((id >= 7045423) AND (id <= 7055422))
	        ->  Bitmap Index Scan on sbtest4_pkey  (cost=0.00..327.69 rows=11126 width=0)
	              Index Cond: ((id >= 7045423) AND (id <= 7055422))

table 5 : explain SELECT SUM(k) FROM sbtest5 WHERE id BETWEEN 7471711 AND 7481710
	Aggregate  (cost=34460.30..34460.31 rows=1 width=8)
	  ->  Bitmap Heap Scan on sbtest5  (cost=294.16..34435.49 rows=9924 width=4)
	        Recheck Cond: ((id >= 7471711) AND (id <= 7481710))
	        ->  Bitmap Index Scan on sbtest5_pkey  (cost=0.00..291.68 rows=9924 width=0)
	              Index Cond: ((id >= 7471711) AND (id <= 7481710))

table 6 : explain SELECT SUM(k) FROM sbtest6 WHERE id BETWEEN 7282534 AND 7292533
	Aggregate  (cost=34412.43..34412.44 rows=1 width=8)
	  ->  Bitmap Heap Scan on sbtest6  (cost=302.01..34387.65 rows=9910 width=4)
	        Recheck Cond: ((id >= 7282534) AND (id <= 7292533))
	        ->  Bitmap Index Scan on sbtest6_pkey  (cost=0.00..299.54 rows=9910 width=0)
	              Index Cond: ((id >= 7282534) AND (id <= 7292533))

table 7 : explain SELECT SUM(k) FROM sbtest7 WHERE id BETWEEN 9300571 AND 9310570
	Aggregate  (cost=35790.90..35790.91 rows=1 width=8)
	  ->  Bitmap Heap Scan on sbtest7  (cost=310.46..35765.04 rows=10344 width=4)
	        Recheck Cond: ((id >= 9300571) AND (id <= 9310570))
	        ->  Bitmap Index Scan on sbtest7_pkey  (cost=0.00..307.88 rows=10344 width=0)
	              Index Cond: ((id >= 9300571) AND (id <= 9310570))

table 8 : explain SELECT SUM(k) FROM sbtest8 WHERE id BETWEEN 3240658 AND 3250657
	Aggregate  (cost=32128.36..32128.37 rows=1 width=8)
	  ->  Bitmap Heap Scan on sbtest8  (cost=278.63..32105.38 rows=9190 width=4)
	        Recheck Cond: ((id >= 3240658) AND (id <= 3250657))
	        ->  Bitmap Index Scan on sbtest8_pkey  (cost=0.00..276.33 rows=9190 width=0)
	              Index Cond: ((id >= 3240658) AND (id <= 3250657))

for point_selects
table 1 : explain SELECT c FROM sbtest1 WHERE id=5090521
	Index Scan using sbtest1_pkey on sbtest1  (cost=0.43..8.45 rows=1 width=121)
	  Index Cond: (id = 5090521)

table 2 : explain SELECT c FROM sbtest2 WHERE id=7498406
	Index Scan using sbtest2_pkey on sbtest2  (cost=0.43..8.45 rows=1 width=121)
	  Index Cond: (id = 7498406)

table 3 : explain SELECT c FROM sbtest3 WHERE id=3010086
	Index Scan using sbtest3_pkey on sbtest3  (cost=0.43..8.45 rows=1 width=121)
	  Index Cond: (id = 3010086)

table 4 : explain SELECT c FROM sbtest4 WHERE id=3174051
	Index Scan using sbtest4_pkey on sbtest4  (cost=0.43..8.45 rows=1 width=121)
	  Index Cond: (id = 3174051)

table 5 : explain SELECT c FROM sbtest5 WHERE id=3690057
	Index Scan using sbtest5_pkey on sbtest5  (cost=0.43..8.45 rows=1 width=121)
	  Index Cond: (id = 3690057)

table 6 : explain SELECT c FROM sbtest6 WHERE id=4481862
	Index Scan using sbtest6_pkey on sbtest6  (cost=0.43..8.45 rows=1 width=121)
	  Index Cond: (id = 4481862)

table 7 : explain SELECT c FROM sbtest7 WHERE id=1745057
	Index Scan using sbtest7_pkey on sbtest7  (cost=0.43..8.45 rows=1 width=121)
	  Index Cond: (id = 1745057)

table 8 : explain SELECT c FROM sbtest8 WHERE id=4619733
	Index Scan using sbtest8_pkey on sbtest8  (cost=0.43..8.45 rows=1 width=121)
	  Index Cond: (id = 4619733)

explain: for point_selects :: explain SELECT c FROM sbtest%u WHERE id=%u
for: simple_ranges
table 1 : explain SELECT c FROM sbtest1 WHERE id BETWEEN 1282276 AND 1292275
	Bitmap Heap Scan on sbtest1  (cost=309.68..36736.21 rows=10658 width=121)
	  Recheck Cond: ((id >= 1282276) AND (id <= 1292275))
	  ->  Bitmap Index Scan on sbtest1_pkey  (cost=0.00..307.01 rows=10658 width=0)
	        Index Cond: ((id >= 1282276) AND (id <= 1292275))

table 2 : explain SELECT c FROM sbtest2 WHERE id BETWEEN 2005317 AND 2015316
	Bitmap Heap Scan on sbtest2  (cost=275.62..32408.01 rows=9286 width=121)
	  Recheck Cond: ((id >= 2005317) AND (id <= 2015316))
	  ->  Bitmap Index Scan on sbtest2_pkey  (cost=0.00..273.30 rows=9286 width=0)
	        Index Cond: ((id >= 2005317) AND (id <= 2015316))

table 3 : explain SELECT c FROM sbtest3 WHERE id BETWEEN 9683997 AND 9693996
	Bitmap Heap Scan on sbtest3  (cost=287.36..33562.69 rows=9651 width=121)
	  Recheck Cond: ((id >= 9683997) AND (id <= 9693996))
	  ->  Bitmap Index Scan on sbtest3_pkey  (cost=0.00..284.94 rows=9651 width=0)
	        Index Cond: ((id >= 9683997) AND (id <= 9693996))

table 4 : explain SELECT c FROM sbtest4 WHERE id BETWEEN 3026856 AND 3036855
	Bitmap Heap Scan on sbtest4  (cost=305.97..35619.99 rows=10296 width=121)
	  Recheck Cond: ((id >= 3026856) AND (id <= 3036855))
	  ->  Bitmap Index Scan on sbtest4_pkey  (cost=0.00..303.40 rows=10296 width=0)
	        Index Cond: ((id >= 3026856) AND (id <= 3036855))

table 5 : explain SELECT c FROM sbtest5 WHERE id BETWEEN 1627679 AND 1637678
	Bitmap Heap Scan on sbtest5  (cost=293.49..34231.11 rows=9859 width=121)
	  Recheck Cond: ((id >= 1627679) AND (id <= 1637678))
	  ->  Bitmap Index Scan on sbtest5_pkey  (cost=0.00..291.03 rows=9859 width=0)
	        Index Cond: ((id >= 1627679) AND (id <= 1637678))

table 6 : explain SELECT c FROM sbtest6 WHERE id BETWEEN 5082635 AND 5092634
	Bitmap Heap Scan on sbtest6  (cost=332.46..37588.05 rows=10929 width=121)
	  Recheck Cond: ((id >= 5082635) AND (id <= 5092634))
	  ->  Bitmap Index Scan on sbtest6_pkey  (cost=0.00..329.73 rows=10929 width=0)
	        Index Cond: ((id >= 5082635) AND (id <= 5092634))

table 7 : explain SELECT c FROM sbtest7 WHERE id BETWEEN 6787050 AND 6797049
	Bitmap Heap Scan on sbtest7  (cost=305.63..35509.21 rows=10263 width=121)
	  Recheck Cond: ((id >= 6787050) AND (id <= 6797049))
	  ->  Bitmap Index Scan on sbtest7_pkey  (cost=0.00..303.06 rows=10263 width=0)
	        Index Cond: ((id >= 6787050) AND (id <= 6797049))

table 8 : explain SELECT c FROM sbtest8 WHERE id BETWEEN 7326109 AND 7336108
	Bitmap Heap Scan on sbtest8  (cost=303.47..34845.63 rows=10052 width=121)
	  Recheck Cond: ((id >= 7326109) AND (id <= 7336108))
	  ->  Bitmap Index Scan on sbtest8_pkey  (cost=0.00..300.95 rows=10052 width=0)
	        Index Cond: ((id >= 7326109) AND (id <= 7336108))

explain: for point_selects :: explain SELECT c FROM sbtest%u WHERE id=%u
explain: for point_selects :: explain SELECT c FROM sbtest%u WHERE id=%u
for point_selects
table 1 : explain SELECT c FROM sbtest1 WHERE id=3704853
	Index Scan using sbtest1_pkey on sbtest1  (cost=0.43..8.45 rows=1 width=121)
	  Index Cond: (id = 3704853)

table 2 : explain SELECT c FROM sbtest2 WHERE id=9490140
	Index Scan using sbtest2_pkey on sbtest2  (cost=0.43..8.45 rows=1 width=121)
	  Index Cond: (id = 9490140)

table 3 : explain SELECT c FROM sbtest3 WHERE id=5377925
	Index Scan using sbtest3_pkey on sbtest3  (cost=0.43..8.45 rows=1 width=121)
	  Index Cond: (id = 5377925)

table 4 : explain SELECT c FROM sbtest4 WHERE id=8861188
	Index Scan using sbtest4_pkey on sbtest4  (cost=0.43..8.45 rows=1 width=121)
	  Index Cond: (id = 8861188)

table 5 : explain SELECT c FROM sbtest5 WHERE id=606251
	Index Scan using sbtest5_pkey on sbtest5  (cost=0.43..8.45 rows=1 width=121)
	  Index Cond: (id = 606251)

table 6 : explain SELECT c FROM sbtest6 WHERE id=1098749
	Index Scan using sbtest6_pkey on sbtest6  (cost=0.43..8.45 rows=1 width=121)
	  Index Cond: (id = 1098749)

table 7 : explain SELECT c FROM sbtest7 WHERE id=9641149
	Index Scan using sbtest7_pkey on sbtest7  (cost=0.43..8.45 rows=1 width=121)
	  Index Cond: (id = 9641149)

table 8 : explain SELECT c FROM sbtest8 WHERE id=6834890
	Index Scan using sbtest8_pkey on sbtest8  (cost=0.43..8.45 rows=1 width=121)
	  Index Cond: (id = 6834890)

for point_selects
table 1 : explain SELECT c FROM sbtest1 WHERE id=7702271
	Index Scan using sbtest1_pkey on sbtest1  (cost=0.43..8.45 rows=1 width=121)
	  Index Cond: (id = 7702271)

table 2 : explain SELECT c FROM sbtest2 WHERE id=8591513
	Index Scan using sbtest2_pkey on sbtest2  (cost=0.43..8.45 rows=1 width=121)
	  Index Cond: (id = 8591513)

table 3 : explain SELECT c FROM sbtest3 WHERE id=8928526
	Index Scan using sbtest3_pkey on sbtest3  (cost=0.43..8.45 rows=1 width=121)
	  Index Cond: (id = 8928526)

table 4 : explain SELECT c FROM sbtest4 WHERE id=3121145
	Index Scan using sbtest4_pkey on sbtest4  (cost=0.43..8.45 rows=1 width=121)
	  Index Cond: (id = 3121145)

table 5 : explain SELECT c FROM sbtest5 WHERE id=7489920
	Index Scan using sbtest5_pkey on sbtest5  (cost=0.43..8.45 rows=1 width=121)
	  Index Cond: (id = 7489920)

table 6 : explain SELECT c FROM sbtest6 WHERE id=9835609
	Index Scan using sbtest6_pkey on sbtest6  (cost=0.43..8.45 rows=1 width=121)
	  Index Cond: (id = 9835609)

table 7 : explain SELECT c FROM sbtest7 WHERE id=6505237
	Index Scan using sbtest7_pkey on sbtest7  (cost=0.43..8.45 rows=1 width=121)
	  Index Cond: (id = 6505237)

table 8 : explain SELECT c FROM sbtest8 WHERE id=587630
	Index Scan using sbtest8_pkey on sbtest8  (cost=0.43..8.45 rows=1 width=121)
	  Index Cond: (id = 587630)

for: sum_ranges
table 1 : explain SELECT SUM(k) FROM sbtest1 WHERE id BETWEEN 7338610 AND 7348609
	Aggregate  (cost=33369.37..33369.38 rows=1 width=8)
	  ->  Bitmap Heap Scan on sbtest1  (cost=278.66..33345.41 rows=9583 width=4)
	        Recheck Cond: ((id >= 7338610) AND (id <= 7348609))
	        ->  Bitmap Index Scan on sbtest1_pkey  (cost=0.00..276.26 rows=9583 width=0)
	              Index Cond: ((id >= 7338610) AND (id <= 7348609))

table 2 : explain SELECT SUM(k) FROM sbtest2 WHERE id BETWEEN 4132177 AND 4142176
	Aggregate  (cost=32507.18..32507.19 rows=1 width=8)
	  ->  Bitmap Heap Scan on sbtest2  (cost=279.85..32483.91 rows=9309 width=4)
	        Recheck Cond: ((id >= 4132177) AND (id <= 4142176))
	        ->  Bitmap Index Scan on sbtest2_pkey  (cost=0.00..277.53 rows=9309 width=0)
	              Index Cond: ((id >= 4132177) AND (id <= 4142176))

table 3 : explain SELECT SUM(k) FROM sbtest3 WHERE id BETWEEN 3157264 AND 3167263
	Aggregate  (cost=37763.63..37763.64 rows=1 width=8)
	  ->  Bitmap Heap Scan on sbtest3  (cost=324.97..37736.19 rows=10979 width=4)
	        Recheck Cond: ((id >= 3157264) AND (id <= 3167263))
	        ->  Bitmap Index Scan on sbtest3_pkey  (cost=0.00..322.23 rows=10979 width=0)
	              Index Cond: ((id >= 3157264) AND (id <= 3167263))

table 4 : explain SELECT SUM(k) FROM sbtest4 WHERE id BETWEEN 4415187 AND 4425186
	Aggregate  (cost=33749.07..33749.08 rows=1 width=8)
	  ->  Bitmap Heap Scan on sbtest4  (cost=287.83..33724.82 rows=9697 width=4)
	        Recheck Cond: ((id >= 4415187) AND (id <= 4425186))
	        ->  Bitmap Index Scan on sbtest4_pkey  (cost=0.00..285.41 rows=9697 width=0)
	              Index Cond: ((id >= 4415187) AND (id <= 4425186))

table 5 : explain SELECT SUM(k) FROM sbtest5 WHERE id BETWEEN 8715776 AND 8725775
	Aggregate  (cost=32810.77..32810.78 rows=1 width=8)
	  ->  Bitmap Heap Scan on sbtest5  (cost=276.85..32787.26 rows=9406 width=4)
	        Recheck Cond: ((id >= 8715776) AND (id <= 8725775))
	        ->  Bitmap Index Scan on sbtest5_pkey  (cost=0.00..274.50 rows=9406 width=0)
	              Index Cond: ((id >= 8715776) AND (id <= 8725775))

table 6 : explain SELECT SUM(k) FROM sbtest6 WHERE id BETWEEN 477701 AND 487700
	Aggregate  (cost=35766.62..35766.63 rows=1 width=8)
	  ->  Bitmap Heap Scan on sbtest6  (cost=314.41..35740.77 rows=10339 width=4)
	        Recheck Cond: ((id >= 477701) AND (id <= 487700))
	        ->  Bitmap Index Scan on sbtest6_pkey  (cost=0.00..311.82 rows=10339 width=0)
	              Index Cond: ((id >= 477701) AND (id <= 487700))

table 7 : explain SELECT SUM(k) FROM sbtest7 WHERE id BETWEEN 5351380 AND 5361379
	Aggregate  (cost=33863.39..33863.40 rows=1 width=8)
	  ->  Bitmap Heap Scan on sbtest7  (cost=292.21..33839.05 rows=9734 width=4)
	        Recheck Cond: ((id >= 5351380) AND (id <= 5361379))
	        ->  Bitmap Index Scan on sbtest7_pkey  (cost=0.00..289.78 rows=9734 width=0)
	              Index Cond: ((id >= 5351380) AND (id <= 5361379))

table 8 : explain SELECT SUM(k) FROM sbtest8 WHERE id BETWEEN 6151371 AND 6161370
	Aggregate  (cost=35732.09..35732.10 rows=1 width=8)
	  ->  Bitmap Heap Scan on sbtest8  (cost=310.27..35706.28 rows=10325 width=4)
	        Recheck Cond: ((id >= 6151371) AND (id <= 6161370))
	        ->  Bitmap Index Scan on sbtest8_pkey  (cost=0.00..307.69 rows=10325 width=0)
	              Index Cond: ((id >= 6151371) AND (id <= 6161370))

for: simple_ranges
table 1 : explain SELECT c FROM sbtest1 WHERE id BETWEEN 7237033 AND 7247032
	Bitmap Heap Scan on sbtest1  (cost=301.88..35575.71 rows=10287 width=121)
	  Recheck Cond: ((id >= 7237033) AND (id <= 7247032))
	  ->  Bitmap Index Scan on sbtest1_pkey  (cost=0.00..299.31 rows=10287 width=0)
	        Index Cond: ((id >= 7237033) AND (id <= 7247032))

table 2 : explain SELECT c FROM sbtest2 WHERE id BETWEEN 2550990 AND 2560989
	Bitmap Heap Scan on sbtest2  (cost=324.39..37572.33 rows=10922 width=121)
	  Recheck Cond: ((id >= 2550990) AND (id <= 2560989))
	  ->  Bitmap Index Scan on sbtest2_pkey  (cost=0.00..321.66 rows=10922 width=0)
	        Index Cond: ((id >= 2550990) AND (id <= 2560989))

table 3 : explain SELECT c FROM sbtest3 WHERE id BETWEEN 3343261 AND 3353260
	Bitmap Heap Scan on sbtest3  (cost=293.91..34349.32 rows=9900 width=121)
	  Recheck Cond: ((id >= 3343261) AND (id <= 3353260))
	  ->  Bitmap Index Scan on sbtest3_pkey  (cost=0.00..291.44 rows=9900 width=0)
	        Index Cond: ((id >= 3343261) AND (id <= 3353260))

table 4 : explain SELECT c FROM sbtest4 WHERE id BETWEEN 8883927 AND 8893926
	Bitmap Heap Scan on sbtest4  (cost=312.46..36385.10 rows=10539 width=121)
	  Recheck Cond: ((id >= 8883927) AND (id <= 8893926))
	  ->  Bitmap Index Scan on sbtest4_pkey  (cost=0.00..309.82 rows=10539 width=0)
	        Index Cond: ((id >= 8883927) AND (id <= 8893926))

table 5 : explain SELECT c FROM sbtest5 WHERE id BETWEEN 6859585 AND 6869584
	Bitmap Heap Scan on sbtest5  (cost=276.58..32705.66 rows=9380 width=121)
	  Recheck Cond: ((id >= 6859585) AND (id <= 6869584))
	  ->  Bitmap Index Scan on sbtest5_pkey  (cost=0.00..274.24 rows=9380 width=0)
	        Index Cond: ((id >= 6859585) AND (id <= 6869584))

table 6 : explain SELECT c FROM sbtest6 WHERE id BETWEEN 2885802 AND 2895801
	Bitmap Heap Scan on sbtest6  (cost=321.79..36771.66 rows=10669 width=121)
	  Recheck Cond: ((id >= 2885802) AND (id <= 2895801))
	  ->  Bitmap Index Scan on sbtest6_pkey  (cost=0.00..319.12 rows=10669 width=0)
	        Index Cond: ((id >= 2885802) AND (id <= 2895801))

table 7 : explain SELECT c FROM sbtest7 WHERE id BETWEEN 805327 AND 815326
	Bitmap Heap Scan on sbtest7  (cost=316.40..36358.90 rows=10533 width=121)
	  Recheck Cond: ((id >= 805327) AND (id <= 815326))
	  ->  Bitmap Index Scan on sbtest7_pkey  (cost=0.00..313.76 rows=10533 width=0)
	        Index Cond: ((id >= 805327) AND (id <= 815326))

table 8 : explain SELECT c FROM sbtest8 WHERE id BETWEEN 418484 AND 428483
	Bitmap Heap Scan on sbtest8  (cost=304.91..35288.84 rows=10193 width=121)
	  Recheck Cond: ((id >= 418484) AND (id <= 428483))
	  ->  Bitmap Index Scan on sbtest8_pkey  (cost=0.00..302.37 rows=10193 width=0)
	        Index Cond: ((id >= 418484) AND (id <= 428483))

for: sum_ranges
table 1 : explain SELECT SUM(k) FROM sbtest1 WHERE id BETWEEN 85781 AND 95780
	Aggregate  (cost=33926.70..33926.71 rows=1 width=8)
	  ->  Bitmap Heap Scan on sbtest1  (cost=284.45..33902.30 rows=9758 width=4)
	        Recheck Cond: ((id >= 85781) AND (id <= 95780))
	        ->  Bitmap Index Scan on sbtest1_pkey  (cost=0.00..282.01 rows=9758 width=0)
	              Index Cond: ((id >= 85781) AND (id <= 95780))

table 2 : explain SELECT SUM(k) FROM sbtest2 WHERE id BETWEEN 1834350 AND 1844349
	Aggregate  (cost=34154.59..34154.60 rows=1 width=8)
	  ->  Bitmap Heap Scan on sbtest2  (cost=293.16..34130.02 rows=9827 width=4)
	        Recheck Cond: ((id >= 1834350) AND (id <= 1844349))
	        ->  Bitmap Index Scan on sbtest2_pkey  (cost=0.00..290.70 rows=9827 width=0)
	              Index Cond: ((id >= 1834350) AND (id <= 1844349))

table 3 : explain SELECT SUM(k) FROM sbtest3 WHERE id BETWEEN 4425964 AND 4435963
	Aggregate  (cost=34545.98..34545.99 rows=1 width=8)
	  ->  Bitmap Heap Scan on sbtest3  (cost=294.46..34521.10 rows=9954 width=4)
	        Recheck Cond: ((id >= 4425964) AND (id <= 4435963))
	        ->  Bitmap Index Scan on sbtest3_pkey  (cost=0.00..291.98 rows=9954 width=0)
	              Index Cond: ((id >= 4425964) AND (id <= 4435963))

table 4 : explain SELECT SUM(k) FROM sbtest4 WHERE id BETWEEN 751409 AND 761408
	Aggregate  (cost=32396.35..32396.36 rows=1 width=8)
	  ->  Bitmap Heap Scan on sbtest4  (cost=275.47..32373.17 rows=9272 width=4)
	        Recheck Cond: ((id >= 751409) AND (id <= 761408))
	        ->  Bitmap Index Scan on sbtest4_pkey  (cost=0.00..273.16 rows=9272 width=0)
	              Index Cond: ((id >= 751409) AND (id <= 761408))

table 5 : explain SELECT SUM(k) FROM sbtest5 WHERE id BETWEEN 6052110 AND 6062109
	Aggregate  (cost=38555.19..38555.20 rows=1 width=8)
	  ->  Bitmap Heap Scan on sbtest5  (cost=331.54..38527.11 rows=11230 width=4)
	        Recheck Cond: ((id >= 6052110) AND (id <= 6062109))
	        ->  Bitmap Index Scan on sbtest5_pkey  (cost=0.00..328.74 rows=11230 width=0)
	              Index Cond: ((id >= 6052110) AND (id <= 6062109))

table 6 : explain SELECT SUM(k) FROM sbtest6 WHERE id BETWEEN 4936216 AND 4946215
	Aggregate  (cost=33970.08..33970.09 rows=1 width=8)
	  ->  Bitmap Heap Scan on sbtest6  (cost=296.59..33945.65 rows=9771 width=4)
	        Recheck Cond: ((id >= 4936216) AND (id <= 4946215))
	        ->  Bitmap Index Scan on sbtest6_pkey  (cost=0.00..294.15 rows=9771 width=0)
	              Index Cond: ((id >= 4936216) AND (id <= 4946215))

table 7 : explain SELECT SUM(k) FROM sbtest7 WHERE id BETWEEN 5833074 AND 5843073
	Aggregate  (cost=33325.36..33325.37 rows=1 width=8)
	  ->  Bitmap Heap Scan on sbtest7  (cost=286.48..33301.45 rows=9565 width=4)
	        Recheck Cond: ((id >= 5833074) AND (id <= 5843073))
	        ->  Bitmap Index Scan on sbtest7_pkey  (cost=0.00..284.08 rows=9565 width=0)
	              Index Cond: ((id >= 5833074) AND (id <= 5843073))

table 8 : explain SELECT SUM(k) FROM sbtest8 WHERE id BETWEEN 2893048 AND 2903047
	Aggregate  (cost=34734.60..34734.61 rows=1 width=8)
	  ->  Bitmap Heap Scan on sbtest8  (cost=303.02..34709.58 rows=10008 width=4)
	        Recheck Cond: ((id >= 2893048) AND (id <= 2903047))
	        ->  Bitmap Index Scan on sbtest8_pkey  (cost=0.00..300.51 rows=10008 width=0)
	              Index Cond: ((id >= 2893048) AND (id <= 2903047))

for point_selects
table 1 : explain SELECT c FROM sbtest1 WHERE id=1508496
	Index Scan using sbtest1_pkey on sbtest1  (cost=0.43..8.45 rows=1 width=121)
	  Index Cond: (id = 1508496)

table 2 : explain SELECT c FROM sbtest2 WHERE id=3085973
	Index Scan using sbtest2_pkey on sbtest2  (cost=0.43..8.45 rows=1 width=121)
	  Index Cond: (id = 3085973)

table 3 : explain SELECT c FROM sbtest3 WHERE id=6967527
	Index Scan using sbtest3_pkey on sbtest3  (cost=0.43..8.45 rows=1 width=121)
	  Index Cond: (id = 6967527)

table 4 : explain SELECT c FROM sbtest4 WHERE id=1547333
	Index Scan using sbtest4_pkey on sbtest4  (cost=0.43..8.45 rows=1 width=121)
	  Index Cond: (id = 1547333)

table 5 : explain SELECT c FROM sbtest5 WHERE id=1743683
	Index Scan using sbtest5_pkey on sbtest5  (cost=0.43..8.45 rows=1 width=121)
	  Index Cond: (id = 1743683)

table 6 : explain SELECT c FROM sbtest6 WHERE id=2970292
	Index Scan using sbtest6_pkey on sbtest6  (cost=0.43..8.45 rows=1 width=121)
	  Index Cond: (id = 2970292)

table 7 : explain SELECT c FROM sbtest7 WHERE id=8825278
	Index Scan using sbtest7_pkey on sbtest7  (cost=0.43..8.45 rows=1 width=121)
	  Index Cond: (id = 8825278)

table 8 : explain SELECT c FROM sbtest8 WHERE id=850084
	Index Scan using sbtest8_pkey on sbtest8  (cost=0.43..8.45 rows=1 width=121)
	  Index Cond: (id = 850084)

for: simple_ranges
table 1 : explain SELECT c FROM sbtest1 WHERE id BETWEEN 3959977 AND 3969976
	Bitmap Heap Scan on sbtest1  (cost=295.37..34802.24 rows=10042 width=121)
	  Recheck Cond: ((id >= 3959977) AND (id <= 3969976))
	  ->  Bitmap Index Scan on sbtest1_pkey  (cost=0.00..292.86 rows=10042 width=0)
	        Index Cond: ((id >= 3959977) AND (id <= 3969976))

table 2 : explain SELECT c FROM sbtest2 WHERE id BETWEEN 4679866 AND 4689865
	Bitmap Heap Scan on sbtest2  (cost=300.00..35005.87 rows=10104 width=121)
	  Recheck Cond: ((id >= 4679866) AND (id <= 4689865))
	  ->  Bitmap Index Scan on sbtest2_pkey  (cost=0.00..297.48 rows=10104 width=0)
	        Index Cond: ((id >= 4679866) AND (id <= 4689865))

table 3 : explain SELECT c FROM sbtest3 WHERE id BETWEEN 6802657 AND 6812656
	Bitmap Heap Scan on sbtest3  (cost=301.28..35385.64 rows=10229 width=121)
	  Recheck Cond: ((id >= 6802657) AND (id <= 6812656))
	  ->  Bitmap Index Scan on sbtest3_pkey  (cost=0.00..298.73 rows=10229 width=0)
	        Index Cond: ((id >= 6802657) AND (id <= 6812656))

table 4 : explain SELECT c FROM sbtest4 WHERE id BETWEEN 9906292 AND 9916291
	Bitmap Heap Scan on sbtest4  (cost=293.10..34122.11 rows=9821 width=121)
	  Recheck Cond: ((id >= 9906292) AND (id <= 9916291))
	  ->  Bitmap Index Scan on sbtest4_pkey  (cost=0.00..290.65 rows=9821 width=0)
	        Index Cond: ((id >= 9906292) AND (id <= 9916291))

table 5 : explain SELECT c FROM sbtest5 WHERE id BETWEEN 445427 AND 455426
	Bitmap Heap Scan on sbtest5  (cost=281.34..32944.57 rows=9454 width=121)
	  Recheck Cond: ((id >= 445427) AND (id <= 455426))
	  ->  Bitmap Index Scan on sbtest5_pkey  (cost=0.00..278.98 rows=9454 width=0)
	        Index Cond: ((id >= 445427) AND (id <= 455426))

table 6 : explain SELECT c FROM sbtest6 WHERE id BETWEEN 9110571 AND 9120570
	Bitmap Heap Scan on sbtest6  (cost=327.01..37144.88 rows=10788 width=121)
	  Recheck Cond: ((id >= 9110571) AND (id <= 9120570))
	  ->  Bitmap Index Scan on sbtest6_pkey  (cost=0.00..324.31 rows=10788 width=0)
	        Index Cond: ((id >= 9110571) AND (id <= 9120570))

table 7 : explain SELECT c FROM sbtest7 WHERE id BETWEEN 9999005 AND 10009004
	Bitmap Heap Scan on sbtest7  (cost=35.64..4229.48 rows=1093 width=121)
	  Recheck Cond: ((id >= 9999005) AND (id <= 10009004))
	  ->  Bitmap Index Scan on sbtest7_pkey  (cost=0.00..35.37 rows=1093 width=0)
	        Index Cond: ((id >= 9999005) AND (id <= 10009004))

table 8 : explain SELECT c FROM sbtest8 WHERE id BETWEEN 3711447 AND 3721446
	Bitmap Heap Scan on sbtest8  (cost=310.29..35712.73 rows=10327 width=121)
	  Recheck Cond: ((id >= 3711447) AND (id <= 3721446))
	  ->  Bitmap Index Scan on sbtest8_pkey  (cost=0.00..307.70 rows=10327 width=0)
	        Index Cond: ((id >= 3711447) AND (id <= 3721446))

for: simple_ranges
table 1 : explain SELECT c FROM sbtest1 WHERE id BETWEEN 6717435 AND 6727434
	Bitmap Heap Scan on sbtest1  (cost=302.65..35811.27 rows=10362 width=121)
	  Recheck Cond: ((id >= 6717435) AND (id <= 6727434))
	  ->  Bitmap Index Scan on sbtest1_pkey  (cost=0.00..300.06 rows=10362 width=0)
	        Index Cond: ((id >= 6717435) AND (id <= 6727434))

table 2 : explain SELECT c FROM sbtest2 WHERE id BETWEEN 6302065 AND 6312064
	Bitmap Heap Scan on sbtest2  (cost=317.65..36736.97 rows=10655 width=121)
	  Recheck Cond: ((id >= 6302065) AND (id <= 6312064))
	  ->  Bitmap Index Scan on sbtest2_pkey  (cost=0.00..314.99 rows=10655 width=0)
	        Index Cond: ((id >= 6302065) AND (id <= 6312064))

table 3 : explain SELECT c FROM sbtest3 WHERE id BETWEEN 9975623 AND 9985622
	Bitmap Heap Scan on sbtest3  (cost=319.18..37190.56 rows=10804 width=121)
	  Recheck Cond: ((id >= 9975623) AND (id <= 9985622))
	  ->  Bitmap Index Scan on sbtest3_pkey  (cost=0.00..316.48 rows=10804 width=0)
	        Index Cond: ((id >= 9975623) AND (id <= 9985622))

table 4 : explain SELECT c FROM sbtest4 WHERE id BETWEEN 3710162 AND 3720161
	Bitmap Heap Scan on sbtest4  (cost=325.86..38030.58 rows=11066 width=121)
	  Recheck Cond: ((id >= 3710162) AND (id <= 3720161))
	  ->  Bitmap Index Scan on sbtest4_pkey  (cost=0.00..323.09 rows=11066 width=0)
	        Index Cond: ((id >= 3710162) AND (id <= 3720161))

table 5 : explain SELECT c FROM sbtest5 WHERE id BETWEEN 658538 AND 668537
	Bitmap Heap Scan on sbtest5  (cost=288.90..34045.30 rows=9801 width=121)
	  Recheck Cond: ((id >= 658538) AND (id <= 668537))
	  ->  Bitmap Index Scan on sbtest5_pkey  (cost=0.00..286.44 rows=9801 width=0)
	        Index Cond: ((id >= 658538) AND (id <= 668537))

table 6 : explain SELECT c FROM sbtest6 WHERE id BETWEEN 3264128 AND 3274127
	Bitmap Heap Scan on sbtest6  (cost=278.05..31915.80 rows=9133 width=121)
	  Recheck Cond: ((id >= 3264128) AND (id <= 3274127))
	  ->  Bitmap Index Scan on sbtest6_pkey  (cost=0.00..275.76 rows=9133 width=0)
	        Index Cond: ((id >= 3264128) AND (id <= 3274127))

table 7 : explain SELECT c FROM sbtest7 WHERE id BETWEEN 7782750 AND 7792749
	Bitmap Heap Scan on sbtest7  (cost=280.52..32690.96 rows=9374 width=121)
	  Recheck Cond: ((id >= 7782750) AND (id <= 7792749))
	  ->  Bitmap Index Scan on sbtest7_pkey  (cost=0.00..278.18 rows=9374 width=0)
	        Index Cond: ((id >= 7782750) AND (id <= 7792749))

table 8 : explain SELECT c FROM sbtest8 WHERE id BETWEEN 767040 AND 777039
	Bitmap Heap Scan on sbtest8  (cost=303.40..34826.18 rows=10045 width=121)
	  Recheck Cond: ((id >= 767040) AND (id <= 777039))
	  ->  Bitmap Index Scan on sbtest8_pkey  (cost=0.00..300.88 rows=10045 width=0)
	        Index Cond: ((id >= 767040) AND (id <= 777039))

for: simple_ranges
table 1 : explain SELECT c FROM sbtest1 WHERE id BETWEEN 4238492 AND 4248491
	Bitmap Heap Scan on sbtest1  (cost=301.53..35469.15 rows=10253 width=121)
	  Recheck Cond: ((id >= 4238492) AND (id <= 4248491))
	  ->  Bitmap Index Scan on sbtest1_pkey  (cost=0.00..298.96 rows=10253 width=0)
	        Index Cond: ((id >= 4238492) AND (id <= 4248491))

table 2 : explain SELECT c FROM sbtest2 WHERE id BETWEEN 1018003 AND 1028002
	Bitmap Heap Scan on sbtest2  (cost=280.81..32777.78 rows=9402 width=121)
	  Recheck Cond: ((id >= 1018003) AND (id <= 1028002))
	  ->  Bitmap Index Scan on sbtest2_pkey  (cost=0.00..278.45 rows=9402 width=0)
	        Index Cond: ((id >= 1018003) AND (id <= 1028002))

table 3 : explain SELECT c FROM sbtest3 WHERE id BETWEEN 5557155 AND 5567154
	Bitmap Heap Scan on sbtest3  (cost=287.17..33504.16 rows=9633 width=121)
	  Recheck Cond: ((id >= 5557155) AND (id <= 5567154))
	  ->  Bitmap Index Scan on sbtest3_pkey  (cost=0.00..284.76 rows=9633 width=0)
	        Index Cond: ((id >= 5557155) AND (id <= 5567154))

table 4 : explain SELECT c FROM sbtest4 WHERE id BETWEEN 5011576 AND 5021575
	Bitmap Heap Scan on sbtest4  (cost=287.95..33763.85 rows=9709 width=121)
	  Recheck Cond: ((id >= 5011576) AND (id <= 5021575))
	  ->  Bitmap Index Scan on sbtest4_pkey  (cost=0.00..285.53 rows=9709 width=0)
	        Index Cond: ((id >= 5011576) AND (id <= 5021575))

table 5 : explain SELECT c FROM sbtest5 WHERE id BETWEEN 7986111 AND 7996110
	Bitmap Heap Scan on sbtest5  (cost=301.12..35345.92 rows=10213 width=121)
	  Recheck Cond: ((id >= 7986111) AND (id <= 7996110))
	  ->  Bitmap Index Scan on sbtest5_pkey  (cost=0.00..298.56 rows=10213 width=0)
	        Index Cond: ((id >= 7986111) AND (id <= 7996110))

table 6 : explain SELECT c FROM sbtest6 WHERE id BETWEEN 7538637 AND 7548636
	Bitmap Heap Scan on sbtest6  (cost=285.83..33088.75 rows=9502 width=121)
	  Recheck Cond: ((id >= 7538637) AND (id <= 7548636))
	  ->  Bitmap Index Scan on sbtest6_pkey  (cost=0.00..283.45 rows=9502 width=0)
	        Index Cond: ((id >= 7538637) AND (id <= 7548636))

table 7 : explain SELECT c FROM sbtest7 WHERE id BETWEEN 7733484 AND 7743483
	Bitmap Heap Scan on sbtest7  (cost=280.64..32730.12 rows=9386 width=121)
	  Recheck Cond: ((id >= 7733484) AND (id <= 7743483))
	  ->  Bitmap Index Scan on sbtest7_pkey  (cost=0.00..278.30 rows=9386 width=0)
	        Index Cond: ((id >= 7733484) AND (id <= 7743483))

table 8 : explain SELECT c FROM sbtest8 WHERE id BETWEEN 7481801 AND 7491800
	Bitmap Heap Scan on sbtest8  (cost=310.48..35770.83 rows=10346 width=121)
	  Recheck Cond: ((id >= 7481801) AND (id <= 7491800))
	  ->  Bitmap Index Scan on sbtest8_pkey  (cost=0.00..307.90 rows=10346 width=0)
	        Index Cond: ((id >= 7481801) AND (id <= 7491800))

explain: for point_selects :: explain SELECT c FROM sbtest%u WHERE id=%u
for point_selects
table 1 : explain SELECT c FROM sbtest1 WHERE id=6219578
	Index Scan using sbtest1_pkey on sbtest1  (cost=0.43..8.45 rows=1 width=121)
	  Index Cond: (id = 6219578)

table 2 : explain SELECT c FROM sbtest2 WHERE id=7959872
	Index Scan using sbtest2_pkey on sbtest2  (cost=0.43..8.45 rows=1 width=121)
	  Index Cond: (id = 7959872)

table 3 : explain SELECT c FROM sbtest3 WHERE id=2809913
	Index Scan using sbtest3_pkey on sbtest3  (cost=0.43..8.45 rows=1 width=121)
	  Index Cond: (id = 2809913)

table 4 : explain SELECT c FROM sbtest4 WHERE id=6641930
	Index Scan using sbtest4_pkey on sbtest4  (cost=0.43..8.45 rows=1 width=121)
	  Index Cond: (id = 6641930)

table 5 : explain SELECT c FROM sbtest5 WHERE id=7158781
	Index Scan using sbtest5_pkey on sbtest5  (cost=0.43..8.45 rows=1 width=121)
	  Index Cond: (id = 7158781)

table 6 : explain SELECT c FROM sbtest6 WHERE id=1853236
	Index Scan using sbtest6_pkey on sbtest6  (cost=0.43..8.45 rows=1 width=121)
	  Index Cond: (id = 1853236)

table 7 : explain SELECT c FROM sbtest7 WHERE id=6830923
	Index Scan using sbtest7_pkey on sbtest7  (cost=0.43..8.45 rows=1 width=121)
	  Index Cond: (id = 6830923)

table 8 : explain SELECT c FROM sbtest8 WHERE id=6519214
	Index Scan using sbtest8_pkey on sbtest8  (cost=0.43..8.45 rows=1 width=121)
	  Index Cond: (id = 6519214)

for: sum_ranges
table 1 : explain SELECT SUM(k) FROM sbtest1 WHERE id BETWEEN 4356625 AND 4366624
	Aggregate  (cost=34430.95..34430.96 rows=1 width=8)
	  ->  Bitmap Heap Scan on sbtest1  (cost=290.08..34406.16 rows=9917 width=4)
	        Recheck Cond: ((id >= 4356625) AND (id <= 4366624))
	        ->  Bitmap Index Scan on sbtest1_pkey  (cost=0.00..287.61 rows=9917 width=0)
	              Index Cond: ((id >= 4356625) AND (id <= 4366624))

table 2 : explain SELECT SUM(k) FROM sbtest2 WHERE id BETWEEN 8115845 AND 8125844
	Aggregate  (cost=35197.01..35197.02 rows=1 width=8)
	  ->  Bitmap Heap Scan on sbtest2  (cost=304.53..35171.62 rows=10156 width=4)
	        Recheck Cond: ((id >= 8115845) AND (id <= 8125844))
	        ->  Bitmap Index Scan on sbtest2_pkey  (cost=0.00..302.00 rows=10156 width=0)
	              Index Cond: ((id >= 8115845) AND (id <= 8125844))

table 3 : explain SELECT SUM(k) FROM sbtest3 WHERE id BETWEEN 1833834 AND 1843833
	Aggregate  (cost=33886.10..33886.11 rows=1 width=8)
	  ->  Bitmap Heap Scan on sbtest3  (cost=288.33..33861.73 rows=9746 width=4)
	        Recheck Cond: ((id >= 1833834) AND (id <= 1843833))
	        ->  Bitmap Index Scan on sbtest3_pkey  (cost=0.00..285.90 rows=9746 width=0)
	              Index Cond: ((id >= 1833834) AND (id <= 1843833))

table 4 : explain SELECT SUM(k) FROM sbtest4 WHERE id BETWEEN 4500012 AND 4510011
	Aggregate  (cost=38443.23..38443.24 rows=1 width=8)
	  ->  Bitmap Heap Scan on sbtest4  (cost=331.13..38415.25 rows=11190 width=4)
	        Recheck Cond: ((id >= 4500012) AND (id <= 4510011))
	        ->  Bitmap Index Scan on sbtest4_pkey  (cost=0.00..328.33 rows=11190 width=0)
	              Index Cond: ((id >= 4500012) AND (id <= 4510011))

table 5 : explain SELECT SUM(k) FROM sbtest5 WHERE id BETWEEN 5872537 AND 5882536
	Aggregate  (cost=36447.82..36447.83 rows=1 width=8)
	  ->  Bitmap Heap Scan on sbtest5  (cost=312.61..36421.44 rows=10554 width=4)
	        Recheck Cond: ((id >= 5872537) AND (id <= 5882536))
	        ->  Bitmap Index Scan on sbtest5_pkey  (cost=0.00..309.98 rows=10554 width=0)
	              Index Cond: ((id >= 5872537) AND (id <= 5882536))

table 6 : explain SELECT SUM(k) FROM sbtest6 WHERE id BETWEEN 6648584 AND 6658583
	Aggregate  (cost=37268.16..37268.17 rows=1 width=8)
	  ->  Bitmap Heap Scan on sbtest6  (cost=327.33..37241.11 rows=10819 width=4)
	        Recheck Cond: ((id >= 6648584) AND (id <= 6658583))
	        ->  Bitmap Index Scan on sbtest6_pkey  (cost=0.00..324.62 rows=10819 width=0)
	              Index Cond: ((id >= 6648584) AND (id <= 6658583))

table 7 : explain SELECT SUM(k) FROM sbtest7 WHERE id BETWEEN 6865969 AND 6875968
	Aggregate  (cost=35703.69..35703.70 rows=1 width=8)
	  ->  Bitmap Heap Scan on sbtest7  (cost=310.17..35677.90 rows=10316 width=4)
	        Recheck Cond: ((id >= 6865969) AND (id <= 6875968))
	        ->  Bitmap Index Scan on sbtest7_pkey  (cost=0.00..307.59 rows=10316 width=0)
	              Index Cond: ((id >= 6865969) AND (id <= 6875968))

table 8 : explain SELECT SUM(k) FROM sbtest8 WHERE id BETWEEN 4611595 AND 4621594
	Aggregate  (cost=33768.43..33768.44 rows=1 width=8)
	  ->  Bitmap Heap Scan on sbtest8  (cost=291.90..33744.17 rows=9704 width=4)
	        Recheck Cond: ((id >= 4611595) AND (id <= 4621594))
	        ->  Bitmap Index Scan on sbtest8_pkey  (cost=0.00..289.48 rows=9704 width=0)
	              Index Cond: ((id >= 4611595) AND (id <= 4621594))

for: sum_ranges
table 1 : explain SELECT SUM(k) FROM sbtest1 WHERE id BETWEEN 6080528 AND 6090527
	Aggregate  (cost=33480.88..33480.89 rows=1 width=8)
	  ->  Bitmap Heap Scan on sbtest1  (cost=283.01..33456.83 rows=9617 width=4)
	        Recheck Cond: ((id >= 6080528) AND (id <= 6090527))
	        ->  Bitmap Index Scan on sbtest1_pkey  (cost=0.00..280.61 rows=9617 width=0)
	              Index Cond: ((id >= 6080528) AND (id <= 6090527))

table 2 : explain SELECT SUM(k) FROM sbtest2 WHERE id BETWEEN 4297239 AND 4307238
	Aggregate  (cost=34346.22..34346.23 rows=1 width=8)
	  ->  Bitmap Heap Scan on sbtest2  (cost=293.79..34321.50 rows=9888 width=4)
	        Recheck Cond: ((id >= 4297239) AND (id <= 4307238))
	        ->  Bitmap Index Scan on sbtest2_pkey  (cost=0.00..291.31 rows=9888 width=0)
	              Index Cond: ((id >= 4297239) AND (id <= 4307238))

table 3 : explain SELECT SUM(k) FROM sbtest3 WHERE id BETWEEN 7905754 AND 7915753
	Aggregate  (cost=34909.71..34909.72 rows=1 width=8)
	  ->  Bitmap Heap Scan on sbtest3  (cost=299.64..34884.54 rows=10069 width=4)
	        Recheck Cond: ((id >= 7905754) AND (id <= 7915753))
	        ->  Bitmap Index Scan on sbtest3_pkey  (cost=0.00..297.12 rows=10069 width=0)
	              Index Cond: ((id >= 7905754) AND (id <= 7915753))

table 4 : explain SELECT SUM(k) FROM sbtest4 WHERE id BETWEEN 3361996 AND 3371995
	Aggregate  (cost=32514.15..32514.16 rows=1 width=8)
	  ->  Bitmap Heap Scan on sbtest4  (cost=275.86..32490.88 rows=9310 width=4)
	        Recheck Cond: ((id >= 3361996) AND (id <= 3371995))
	        ->  Bitmap Index Scan on sbtest4_pkey  (cost=0.00..273.54 rows=9310 width=0)
	              Index Cond: ((id >= 3361996) AND (id <= 3371995))

table 5 : explain SELECT SUM(k) FROM sbtest5 WHERE id BETWEEN 6303395 AND 6313394
	Aggregate  (cost=35025.14..35025.15 rows=1 width=8)
	  ->  Bitmap Heap Scan on sbtest5  (cost=299.98..34999.88 rows=10102 width=4)
	        Recheck Cond: ((id >= 6303395) AND (id <= 6313394))
	        ->  Bitmap Index Scan on sbtest5_pkey  (cost=0.00..297.45 rows=10102 width=0)
	              Index Cond: ((id >= 6303395) AND (id <= 6313394))

table 6 : explain SELECT SUM(k) FROM sbtest6 WHERE id BETWEEN 7940055 AND 7950054
	Aggregate  (cost=32616.44..32616.45 rows=1 width=8)
	  ->  Bitmap Heap Scan on sbtest6  (cost=284.22..32593.08 rows=9345 width=4)
	        Recheck Cond: ((id >= 7940055) AND (id <= 7950054))
	        ->  Bitmap Index Scan on sbtest6_pkey  (cost=0.00..281.88 rows=9345 width=0)
	              Index Cond: ((id >= 7940055) AND (id <= 7950054))

table 7 : explain SELECT SUM(k) FROM sbtest7 WHERE id BETWEEN 3716473 AND 3726472
	Aggregate  (cost=35916.81..35916.82 rows=1 width=8)
	  ->  Bitmap Heap Scan on sbtest7  (cost=310.87..35890.85 rows=10384 width=4)
	        Recheck Cond: ((id >= 3716473) AND (id <= 3726472))
	        ->  Bitmap Index Scan on sbtest7_pkey  (cost=0.00..308.28 rows=10384 width=0)
	              Index Cond: ((id >= 3716473) AND (id <= 3726472))

table 8 : explain SELECT SUM(k) FROM sbtest8 WHERE id BETWEEN 6156263 AND 6166262
	Aggregate  (cost=35732.09..35732.10 rows=1 width=8)
	  ->  Bitmap Heap Scan on sbtest8  (cost=310.27..35706.28 rows=10325 width=4)
	        Recheck Cond: ((id >= 6156263) AND (id <= 6166262))
	        ->  Bitmap Index Scan on sbtest8_pkey  (cost=0.00..307.69 rows=10325 width=0)
	              Index Cond: ((id >= 6156263) AND (id <= 6166262))

for: sum_ranges
table 1 : explain SELECT SUM(k) FROM sbtest1 WHERE id BETWEEN 4761062 AND 4771061
	Aggregate  (cost=32065.30..32065.31 rows=1 width=8)
	  ->  Bitmap Heap Scan on sbtest1  (cost=270.46..32042.37 rows=9173 width=4)
	        Recheck Cond: ((id >= 4761062) AND (id <= 4771061))
	        ->  Bitmap Index Scan on sbtest1_pkey  (cost=0.00..268.17 rows=9173 width=0)
	              Index Cond: ((id >= 4761062) AND (id <= 4771061))

table 2 : explain SELECT SUM(k) FROM sbtest2 WHERE id BETWEEN 8328961 AND 8338960
	Aggregate  (cost=34736.28..34736.29 rows=1 width=8)
	  ->  Bitmap Heap Scan on sbtest2  (cost=299.04..34711.25 rows=10010 width=4)
	        Recheck Cond: ((id >= 8328961) AND (id <= 8338960))
	        ->  Bitmap Index Scan on sbtest2_pkey  (cost=0.00..296.54 rows=10010 width=0)
	              Index Cond: ((id >= 8328961) AND (id <= 8338960))

table 3 : explain SELECT SUM(k) FROM sbtest3 WHERE id BETWEEN 3571852 AND 3581851
	Aggregate  (cost=36009.30..36009.31 rows=1 width=8)
	  ->  Bitmap Heap Scan on sbtest3  (cost=307.23..35983.25 rows=10419 width=4)
	        Recheck Cond: ((id >= 3571852) AND (id <= 3581851))
	        ->  Bitmap Index Scan on sbtest3_pkey  (cost=0.00..304.62 rows=10419 width=0)
	              Index Cond: ((id >= 3571852) AND (id <= 3581851))

table 4 : explain SELECT SUM(k) FROM sbtest4 WHERE id BETWEEN 1389776 AND 1399775
	Aggregate  (cost=32389.81..32389.82 rows=1 width=8)
	  ->  Bitmap Heap Scan on sbtest4  (cost=275.45..32366.63 rows=9270 width=4)
	        Recheck Cond: ((id >= 1389776) AND (id <= 1399775))
	        ->  Bitmap Index Scan on sbtest4_pkey  (cost=0.00..273.13 rows=9270 width=0)
	              Index Cond: ((id >= 1389776) AND (id <= 1399775))

table 5 : explain SELECT SUM(k) FROM sbtest5 WHERE id BETWEEN 7540878 AND 7550877
	Aggregate  (cost=36892.79..36892.80 rows=1 width=8)
	  ->  Bitmap Heap Scan on sbtest5  (cost=318.07..36866.05 rows=10696 width=4)
	        Recheck Cond: ((id >= 7540878) AND (id <= 7550877))
	        ->  Bitmap Index Scan on sbtest5_pkey  (cost=0.00..315.40 rows=10696 width=0)
	              Index Cond: ((id >= 7540878) AND (id <= 7550877))

table 6 : explain SELECT SUM(k) FROM sbtest6 WHERE id BETWEEN 5562739 AND 5572738
	Aggregate  (cost=32622.97..32622.98 rows=1 width=8)
	  ->  Bitmap Heap Scan on sbtest6  (cost=284.24..32599.60 rows=9347 width=4)
	        Recheck Cond: ((id >= 5562739) AND (id <= 5572738))
	        ->  Bitmap Index Scan on sbtest6_pkey  (cost=0.00..281.91 rows=9347 width=0)
	              Index Cond: ((id >= 5562739) AND (id <= 5572738))

table 7 : explain SELECT SUM(k) FROM sbtest7 WHERE id BETWEEN 5480803 AND 5490802
	Aggregate  (cost=33671.39..33671.40 rows=1 width=8)
	  ->  Bitmap Heap Scan on sbtest7  (cost=291.58..33647.21 rows=9673 width=4)
	        Recheck Cond: ((id >= 5480803) AND (id <= 5490802))
	        ->  Bitmap Index Scan on sbtest7_pkey  (cost=0.00..289.17 rows=9673 width=0)
	              Index Cond: ((id >= 5480803) AND (id <= 5490802))

table 8 : explain SELECT SUM(k) FROM sbtest8 WHERE id BETWEEN 6590936 AND 6600935
	Aggregate  (cost=34815.65..34815.66 rows=1 width=8)
	  ->  Bitmap Heap Scan on sbtest8  (cost=303.28..34790.57 rows=10034 width=4)
	        Recheck Cond: ((id >= 6590936) AND (id <= 6600935))
	        ->  Bitmap Index Scan on sbtest8_pkey  (cost=0.00..300.78 rows=10034 width=0)
	              Index Cond: ((id >= 6590936) AND (id <= 6600935))

for: sum_ranges
table 1 : explain SELECT SUM(k) FROM sbtest1 WHERE id BETWEEN 5170478 AND 5180477
	Aggregate  (cost=31864.74..31864.75 rows=1 width=8)
	  ->  Bitmap Heap Scan on sbtest1  (cost=265.82..31841.96 rows=9111 width=4)
	        Recheck Cond: ((id >= 5170478) AND (id <= 5180477))
	        ->  Bitmap Index Scan on sbtest1_pkey  (cost=0.00..263.55 rows=9111 width=0)
	              Index Cond: ((id >= 5170478) AND (id <= 5180477))

table 2 : explain SELECT SUM(k) FROM sbtest2 WHERE id BETWEEN 8738950 AND 8748949
	Aggregate  (cost=35294.09..35294.10 rows=1 width=8)
	  ->  Bitmap Heap Scan on sbtest2  (cost=304.85..35268.62 rows=10187 width=4)
	        Recheck Cond: ((id >= 8738950) AND (id <= 8748949))
	        ->  Bitmap Index Scan on sbtest2_pkey  (cost=0.00..302.31 rows=10187 width=0)
	              Index Cond: ((id >= 8738950) AND (id <= 8748949))

table 3 : explain SELECT SUM(k) FROM sbtest3 WHERE id BETWEEN 8563484 AND 8573483
	Aggregate  (cost=33915.35..33915.36 rows=1 width=8)
	  ->  Bitmap Heap Scan on sbtest3  (cost=288.42..33890.96 rows=9755 width=4)
	        Recheck Cond: ((id >= 8563484) AND (id <= 8573483))
	        ->  Bitmap Index Scan on sbtest3_pkey  (cost=0.00..285.99 rows=9755 width=0)
	              Index Cond: ((id >= 8563484) AND (id <= 8573483))

table 4 : explain SELECT SUM(k) FROM sbtest4 WHERE id BETWEEN 3212036 AND 3222035
	Aggregate  (cost=34750.58..34750.59 rows=1 width=8)
	  ->  Bitmap Heap Scan on sbtest4  (cost=295.07..34725.55 rows=10013 width=4)
	        Recheck Cond: ((id >= 3212036) AND (id <= 3222035))
	        ->  Bitmap Index Scan on sbtest4_pkey  (cost=0.00..292.56 rows=10013 width=0)
	              Index Cond: ((id >= 3212036) AND (id <= 3222035))

table 5 : explain SELECT SUM(k) FROM sbtest5 WHERE id BETWEEN 1859883 AND 1869882
	Aggregate  (cost=33467.11..33467.12 rows=1 width=8)
	  ->  Bitmap Heap Scan on sbtest5  (cost=282.96..33443.08 rows=9612 width=4)
	        Recheck Cond: ((id >= 1859883) AND (id <= 1869882))
	        ->  Bitmap Index Scan on sbtest5_pkey  (cost=0.00..280.56 rows=9612 width=0)
	              Index Cond: ((id >= 1859883) AND (id <= 1869882))

table 6 : explain SELECT SUM(k) FROM sbtest6 WHERE id BETWEEN 7585112 AND 7595111
	Aggregate  (cost=33112.51..33112.52 rows=1 width=8)
	  ->  Bitmap Heap Scan on sbtest6  (cost=285.83..33088.75 rows=9502 width=4)
	        Recheck Cond: ((id >= 7585112) AND (id <= 7595111))
	        ->  Bitmap Index Scan on sbtest6_pkey  (cost=0.00..283.45 rows=9502 width=0)
	              Index Cond: ((id >= 7585112) AND (id <= 7595111))

table 7 : explain SELECT SUM(k) FROM sbtest7 WHERE id BETWEEN 5480443 AND 5490442
	Aggregate  (cost=33671.39..33671.40 rows=1 width=8)
	  ->  Bitmap Heap Scan on sbtest7  (cost=291.58..33647.21 rows=9673 width=4)
	        Recheck Cond: ((id >= 5480443) AND (id <= 5490442))
	        ->  Bitmap Index Scan on sbtest7_pkey  (cost=0.00..289.17 rows=9673 width=0)
	              Index Cond: ((id >= 5480443) AND (id <= 5490442))

table 8 : explain SELECT SUM(k) FROM sbtest8 WHERE id BETWEEN 5043692 AND 5053691
	Aggregate  (cost=35978.25..35978.26 rows=1 width=8)
	  ->  Bitmap Heap Scan on sbtest8  (cost=315.07..35952.24 rows=10403 width=4)
	        Recheck Cond: ((id >= 5043692) AND (id <= 5053691))
	        ->  Bitmap Index Scan on sbtest8_pkey  (cost=0.00..312.46 rows=10403 width=0)
	              Index Cond: ((id >= 5043692) AND (id <= 5053691))

for: sum_ranges
table 1 : explain SELECT SUM(k) FROM sbtest1 WHERE id BETWEEN 4850230 AND 4860229
	Aggregate  (cost=30895.43..30895.44 rows=1 width=8)
	  ->  Bitmap Heap Scan on sbtest1  (cost=258.73..30873.41 rows=8809 width=4)
	        Recheck Cond: ((id >= 4850230) AND (id <= 4860229))
	        ->  Bitmap Index Scan on sbtest1_pkey  (cost=0.00..256.53 rows=8809 width=0)
	              Index Cond: ((id >= 4850230) AND (id <= 4860229))

table 2 : explain SELECT SUM(k) FROM sbtest2 WHERE id BETWEEN 6277847 AND 6287846
	Aggregate  (cost=34817.32..34817.33 rows=1 width=8)
	  ->  Bitmap Heap Scan on sbtest2  (cost=299.30..34792.23 rows=10036 width=4)
	        Recheck Cond: ((id >= 6277847) AND (id <= 6287846))
	        ->  Bitmap Index Scan on sbtest2_pkey  (cost=0.00..296.80 rows=10036 width=0)
	              Index Cond: ((id >= 6277847) AND (id <= 6287846))

table 3 : explain SELECT SUM(k) FROM sbtest3 WHERE id BETWEEN 4794099 AND 4804098
	Aggregate  (cost=35039.22..35039.23 rows=1 width=8)
	  ->  Bitmap Heap Scan on sbtest3  (cost=300.06..35013.94 rows=10110 width=4)
	        Recheck Cond: ((id >= 4794099) AND (id <= 4804098))
	        ->  Bitmap Index Scan on sbtest3_pkey  (cost=0.00..297.54 rows=10110 width=0)
	              Index Cond: ((id >= 4794099) AND (id <= 4804098))

table 4 : explain SELECT SUM(k) FROM sbtest4 WHERE id BETWEEN 5323427 AND 5333426
	Aggregate  (cost=38798.91..38798.92 rows=1 width=8)
	  ->  Bitmap Heap Scan on sbtest4  (cost=336.30..38770.65 rows=11304 width=4)
	        Recheck Cond: ((id >= 5323427) AND (id <= 5333426))
	        ->  Bitmap Index Scan on sbtest4_pkey  (cost=0.00..333.48 rows=11304 width=0)
	              Index Cond: ((id >= 5323427) AND (id <= 5333426))

table 5 : explain SELECT SUM(k) FROM sbtest5 WHERE id BETWEEN 7684120 AND 7694119
	Aggregate  (cost=33372.62..33372.63 rows=1 width=8)
	  ->  Bitmap Heap Scan on sbtest5  (cost=282.65..33348.66 rows=9582 width=4)
	        Recheck Cond: ((id >= 7684120) AND (id <= 7694119))
	        ->  Bitmap Index Scan on sbtest5_pkey  (cost=0.00..280.25 rows=9582 width=0)
	              Index Cond: ((id >= 7684120) AND (id <= 7694119))

table 6 : explain SELECT SUM(k) FROM sbtest6 WHERE id BETWEEN 7107731 AND 7117730
	Aggregate  (cost=31790.49..31790.50 rows=1 width=8)
	  ->  Bitmap Heap Scan on sbtest6  (cost=273.59..31767.77 rows=9088 width=4)
	        Recheck Cond: ((id >= 7107731) AND (id <= 7117730))
	        ->  Bitmap Index Scan on sbtest6_pkey  (cost=0.00..271.31 rows=9088 width=0)
	              Index Cond: ((id >= 7107731) AND (id <= 7117730))

table 7 : explain SELECT SUM(k) FROM sbtest7 WHERE id BETWEEN 5982005 AND 5992004
	Aggregate  (cost=33498.07..33498.08 rows=1 width=8)
	  ->  Bitmap Heap Scan on sbtest7  (cost=287.04..33474.02 rows=9620 width=4)
	        Recheck Cond: ((id >= 5982005) AND (id <= 5992004))
	        ->  Bitmap Index Scan on sbtest7_pkey  (cost=0.00..284.63 rows=9620 width=0)
	              Index Cond: ((id >= 5982005) AND (id <= 5992004))

table 8 : explain SELECT SUM(k) FROM sbtest8 WHERE id BETWEEN 8124272 AND 8134271
	Aggregate  (cost=32553.67..32553.68 rows=1 width=8)
	  ->  Bitmap Heap Scan on sbtest8  (cost=280.00..32530.36 rows=9323 width=4)
	        Recheck Cond: ((id >= 8124272) AND (id <= 8134271))
	        ->  Bitmap Index Scan on sbtest8_pkey  (cost=0.00..277.67 rows=9323 width=0)
	              Index Cond: ((id >= 8124272) AND (id <= 8134271))

for: simple_ranges
table 1 : explain SELECT c FROM sbtest1 WHERE id BETWEEN 8486745 AND 8496744
	Bitmap Heap Scan on sbtest1  (cost=284.34..33866.57 rows=9747 width=121)
	  Recheck Cond: ((id >= 8486745) AND (id <= 8496744))
	  ->  Bitmap Index Scan on sbtest1_pkey  (cost=0.00..281.91 rows=9747 width=0)
	        Index Cond: ((id >= 8486745) AND (id <= 8496744))

table 2 : explain SELECT c FROM sbtest2 WHERE id BETWEEN 7258374 AND 7268373
	Bitmap Heap Scan on sbtest2  (cost=281.71..33058.25 rows=9490 width=121)
	  Recheck Cond: ((id >= 7258374) AND (id <= 7268373))
	  ->  Bitmap Index Scan on sbtest2_pkey  (cost=0.00..279.33 rows=9490 width=0)
	        Index Cond: ((id >= 7258374) AND (id <= 7268373))

table 3 : explain SELECT c FROM sbtest3 WHERE id BETWEEN 3355033 AND 3365032
	Bitmap Heap Scan on sbtest3  (cost=293.91..34349.32 rows=9900 width=121)
	  Recheck Cond: ((id >= 3355033) AND (id <= 3365032))
	  ->  Bitmap Index Scan on sbtest3_pkey  (cost=0.00..291.44 rows=9900 width=0)
	        Index Cond: ((id >= 3355033) AND (id <= 3365032))

table 4 : explain SELECT c FROM sbtest4 WHERE id BETWEEN 4508898 AND 4518897
	Bitmap Heap Scan on sbtest4  (cost=331.13..38415.25 rows=11190 width=121)
	  Recheck Cond: ((id >= 4508898) AND (id <= 4518897))
	  ->  Bitmap Index Scan on sbtest4_pkey  (cost=0.00..328.33 rows=11190 width=0)
	        Index Cond: ((id >= 4508898) AND (id <= 4518897))

table 5 : explain SELECT c FROM sbtest5 WHERE id BETWEEN 2788582 AND 2798581
	Bitmap Heap Scan on sbtest5  (cost=282.69..33361.68 rows=9586 width=121)
	  Recheck Cond: ((id >= 2788582) AND (id <= 2798581))
	  ->  Bitmap Index Scan on sbtest5_pkey  (cost=0.00..280.30 rows=9586 width=0)
	        Index Cond: ((id >= 2788582) AND (id <= 2798581))

table 6 : explain SELECT c FROM sbtest6 WHERE id BETWEEN 9187576 AND 9197575
	Bitmap Heap Scan on sbtest6  (cost=327.01..37144.88 rows=10788 width=121)
	  Recheck Cond: ((id >= 9187576) AND (id <= 9197575))
	  ->  Bitmap Index Scan on sbtest6_pkey  (cost=0.00..324.31 rows=10788 width=0)
	        Index Cond: ((id >= 9187576) AND (id <= 9197575))

table 7 : explain SELECT c FROM sbtest7 WHERE id BETWEEN 9311325 AND 9321324
	Bitmap Heap Scan on sbtest7  (cost=310.46..35765.04 rows=10344 width=121)
	  Recheck Cond: ((id >= 9311325) AND (id <= 9321324))
	  ->  Bitmap Index Scan on sbtest7_pkey  (cost=0.00..307.88 rows=10344 width=0)
	        Index Cond: ((id >= 9311325) AND (id <= 9321324))

table 8 : explain SELECT c FROM sbtest8 WHERE id BETWEEN 4770259 AND 4780258
	Bitmap Heap Scan on sbtest8  (cost=297.00..34086.09 rows=9811 width=121)
	  Recheck Cond: ((id >= 4770259) AND (id <= 4780258))
	  ->  Bitmap Index Scan on sbtest8_pkey  (cost=0.00..294.55 rows=9811 width=0)
	        Index Cond: ((id >= 4770259) AND (id <= 4780258))

explain: for point_selects :: explain SELECT c FROM sbtest%u WHERE id=%u
for: sum_ranges
table 1 : explain SELECT SUM(k) FROM sbtest1 WHERE id BETWEEN 7594979 AND 7604978
	Aggregate  (cost=38608.72..38608.73 rows=1 width=8)
	  ->  Bitmap Heap Scan on sbtest1  (cost=327.74..38580.60 rows=11249 width=4)
	        Recheck Cond: ((id >= 7594979) AND (id <= 7604978))
	        ->  Bitmap Index Scan on sbtest1_pkey  (cost=0.00..324.93 rows=11249 width=0)
	              Index Cond: ((id >= 7594979) AND (id <= 7604978))

table 2 : explain SELECT SUM(k) FROM sbtest2 WHERE id BETWEEN 9249051 AND 9259050
	Aggregate  (cost=37040.15..37040.16 rows=1 width=8)
	  ->  Bitmap Heap Scan on sbtest2  (cost=318.55..37013.29 rows=10743 width=4)
	        Recheck Cond: ((id >= 9249051) AND (id <= 9259050))
	        ->  Bitmap Index Scan on sbtest2_pkey  (cost=0.00..315.87 rows=10743 width=0)
	              Index Cond: ((id >= 9249051) AND (id <= 9259050))

table 3 : explain SELECT SUM(k) FROM sbtest3 WHERE id BETWEEN 2608140 AND 2618139
	Aggregate  (cost=35502.47..35502.48 rows=1 width=8)
	  ->  Bitmap Heap Scan on sbtest3  (cost=305.57..35476.83 rows=10257 width=4)
	        Recheck Cond: ((id >= 2608140) AND (id <= 2618139))
	        ->  Bitmap Index Scan on sbtest3_pkey  (cost=0.00..303.00 rows=10257 width=0)
	              Index Cond: ((id >= 2608140) AND (id <= 2618139))

table 4 : explain SELECT SUM(k) FROM sbtest4 WHERE id BETWEEN 613717 AND 623716
	Aggregate  (cost=36253.49..36253.50 rows=1 width=8)
	  ->  Bitmap Heap Scan on sbtest4  (cost=311.95..36227.26 rows=10489 width=4)
	        Recheck Cond: ((id >= 613717) AND (id <= 623716))
	        ->  Bitmap Index Scan on sbtest4_pkey  (cost=0.00..309.32 rows=10489 width=0)
	              Index Cond: ((id >= 613717) AND (id <= 623716))

table 5 : explain SELECT SUM(k) FROM sbtest5 WHERE id BETWEEN 3564131 AND 3574130
	Aggregate  (cost=31887.47..31887.48 rows=1 width=8)
	  ->  Bitmap Heap Scan on sbtest5  (cost=269.88..31864.68 rows=9117 width=4)
	        Recheck Cond: ((id >= 3564131) AND (id <= 3574130))
	        ->  Bitmap Index Scan on sbtest5_pkey  (cost=0.00..267.61 rows=9117 width=0)
	              Index Cond: ((id >= 3564131) AND (id <= 3574130))

table 6 : explain SELECT SUM(k) FROM sbtest6 WHERE id BETWEEN 5557682 AND 5567681
	Aggregate  (cost=32756.89..32756.90 rows=1 width=8)
	  ->  Bitmap Heap Scan on sbtest6  (cost=284.68..32733.41 rows=9390 width=4)
	        Recheck Cond: ((id >= 5557682) AND (id <= 5567681))
	        ->  Bitmap Index Scan on sbtest6_pkey  (cost=0.00..282.33 rows=9390 width=0)
	              Index Cond: ((id >= 5557682) AND (id <= 5567681))

table 7 : explain SELECT SUM(k) FROM sbtest7 WHERE id BETWEEN 5465453 AND 5475452
	Aggregate  (cost=33671.39..33671.40 rows=1 width=8)
	  ->  Bitmap Heap Scan on sbtest7  (cost=291.58..33647.21 rows=9673 width=4)
	        Recheck Cond: ((id >= 5465453) AND (id <= 5475452))
	        ->  Bitmap Index Scan on sbtest7_pkey  (cost=0.00..289.17 rows=9673 width=0)
	              Index Cond: ((id >= 5465453) AND (id <= 5475452))

table 8 : explain SELECT SUM(k) FROM sbtest8 WHERE id BETWEEN 1085751 AND 1095750
	Aggregate  (cost=33024.72..33024.73 rows=1 width=8)
	  ->  Bitmap Heap Scan on sbtest8  (cost=285.50..33001.05 rows=9470 width=4)
	        Recheck Cond: ((id >= 1085751) AND (id <= 1095750))
	        ->  Bitmap Index Scan on sbtest8_pkey  (cost=0.00..283.13 rows=9470 width=0)
	              Index Cond: ((id >= 1085751) AND (id <= 1095750))

for: order_ranges
table 1 : explain SELECT c FROM sbtest1 WHERE id BETWEEN 9186382 AND 9196381 ORDER BY c
	Sort  (cost=35962.98..35988.47 rows=10195 width=121)
	  Sort Key: c
	  ->  Bitmap Heap Scan on sbtest1  (cost=296.93..35284.22 rows=10195 width=121)
	        Recheck Cond: ((id >= 9186382) AND (id <= 9196381))
	        ->  Bitmap Index Scan on sbtest1_pkey  (cost=0.00..294.38 rows=10195 width=0)
	              Index Cond: ((id >= 9186382) AND (id <= 9196381))

table 2 : explain SELECT c FROM sbtest2 WHERE id BETWEEN 1365313 AND 1375312 ORDER BY c
	Sort  (cost=36512.68..36538.58 rows=10362 width=121)
	  Sort Key: c
	  ->  Bitmap Heap Scan on sbtest2  (cost=310.65..35821.58 rows=10362 width=121)
	        Recheck Cond: ((id >= 1365313) AND (id <= 1375312))
	        ->  Bitmap Index Scan on sbtest2_pkey  (cost=0.00..308.06 rows=10362 width=0)
	              Index Cond: ((id >= 1365313) AND (id <= 1375312))

table 3 : explain SELECT c FROM sbtest3 WHERE id BETWEEN 5692539 AND 5702538 ORDER BY c
	Sort  (cost=35848.64..35874.04 rows=10161 width=121)
	  Sort Key: c
	  ->  Bitmap Heap Scan on sbtest3  (cost=300.59..35172.39 rows=10161 width=121)
	        Recheck Cond: ((id >= 5692539) AND (id <= 5702538))
	        ->  Bitmap Index Scan on sbtest3_pkey  (cost=0.00..298.05 rows=10161 width=0)
	              Index Cond: ((id >= 5692539) AND (id <= 5702538))

table 4 : explain SELECT c FROM sbtest4 WHERE id BETWEEN 3752361 AND 3762360 ORDER BY c
	Sort  (cost=38773.87..38801.54 rows=11066 width=121)
	  Sort Key: c
	  ->  Bitmap Heap Scan on sbtest4  (cost=325.86..38030.58 rows=11066 width=121)
	        Recheck Cond: ((id >= 3752361) AND (id <= 3762360))
	        ->  Bitmap Index Scan on sbtest4_pkey  (cost=0.00..323.09 rows=11066 width=0)
	              Index Cond: ((id >= 3752361) AND (id <= 3762360))

table 5 : explain SELECT c FROM sbtest5 WHERE id BETWEEN 330045 AND 340044 ORDER BY c
	Sort  (cost=38417.00..38444.40 rows=10957 width=121)
	  Sort Key: c
	  ->  Bitmap Heap Scan on sbtest5  (cost=324.74..37681.81 rows=10957 width=121)
	        Recheck Cond: ((id >= 330045) AND (id <= 340044))
	        ->  Bitmap Index Scan on sbtest5_pkey  (cost=0.00..322.00 rows=10957 width=0)
	              Index Cond: ((id >= 330045) AND (id <= 340044))

table 6 : explain SELECT c FROM sbtest6 WHERE id BETWEEN 4484224 AND 4494223 ORDER BY c
	Sort  (cost=37212.30..37238.75 rows=10583 width=121)
	  Sort Key: c
	  ->  Bitmap Heap Scan on sbtest6  (cost=320.91..36504.85 rows=10583 width=121)
	        Recheck Cond: ((id >= 4484224) AND (id <= 4494223))
	        ->  Bitmap Index Scan on sbtest6_pkey  (cost=0.00..318.26 rows=10583 width=0)
	              Index Cond: ((id >= 4484224) AND (id <= 4494223))

table 7 : explain SELECT c FROM sbtest7 WHERE id BETWEEN 7046088 AND 7056087 ORDER BY c
	Sort  (cost=33098.87..33122.14 rows=9309 width=121)
	  Sort Key: c
	  ->  Bitmap Heap Scan on sbtest7  (cost=279.85..32485.20 rows=9309 width=121)
	        Recheck Cond: ((id >= 7046088) AND (id <= 7056087))
	        ->  Bitmap Index Scan on sbtest7_pkey  (cost=0.00..277.53 rows=9309 width=0)
	              Index Cond: ((id >= 7046088) AND (id <= 7056087))

table 8 : explain SELECT c FROM sbtest8 WHERE id BETWEEN 7614730 AND 7624729 ORDER BY c
	Sort  (cost=34955.80..34980.50 rows=9879 width=121)
	  Sort Key: c
	  ->  Bitmap Heap Scan on sbtest8  (cost=297.69..34300.32 rows=9879 width=121)
	        Recheck Cond: ((id >= 7614730) AND (id <= 7624729))
	        ->  Bitmap Index Scan on sbtest8_pkey  (cost=0.00..295.23 rows=9879 width=0)
	              Index Cond: ((id >= 7614730) AND (id <= 7624729))

for: simple_ranges
table 1 : explain SELECT c FROM sbtest1 WHERE id BETWEEN 2690798 AND 2700797
	Bitmap Heap Scan on sbtest1  (cost=283.70..33668.28 rows=9684 width=121)
	  Recheck Cond: ((id >= 2690798) AND (id <= 2700797))
	  ->  Bitmap Index Scan on sbtest1_pkey  (cost=0.00..281.28 rows=9684 width=0)
	        Index Cond: ((id >= 2690798) AND (id <= 2700797))

table 2 : explain SELECT c FROM sbtest2 WHERE id BETWEEN 3170264 AND 3180263
	Bitmap Heap Scan on sbtest2  (cost=318.07..36865.53 rows=10696 width=121)
	  Recheck Cond: ((id >= 3170264) AND (id <= 3180263))
	  ->  Bitmap Index Scan on sbtest2_pkey  (cost=0.00..315.40 rows=10696 width=0)
	        Index Cond: ((id >= 3170264) AND (id <= 3180263))

table 3 : explain SELECT c FROM sbtest3 WHERE id BETWEEN 891682 AND 901681
	Bitmap Heap Scan on sbtest3  (cost=299.63..34881.31 rows=10068 width=121)
	  Recheck Cond: ((id >= 891682) AND (id <= 901681))
	  ->  Bitmap Index Scan on sbtest3_pkey  (cost=0.00..297.12 rows=10068 width=0)
	        Index Cond: ((id >= 891682) AND (id <= 901681))

table 4 : explain SELECT c FROM sbtest4 WHERE id BETWEEN 1099780 AND 1109779
	Bitmap Heap Scan on sbtest4  (cost=295.10..34735.27 rows=10016 width=121)
	  Recheck Cond: ((id >= 1099780) AND (id <= 1109779))
	  ->  Bitmap Index Scan on sbtest4_pkey  (cost=0.00..292.59 rows=10016 width=0)
	        Index Cond: ((id >= 1099780) AND (id <= 1109779))

table 5 : explain SELECT c FROM sbtest5 WHERE id BETWEEN 4801668 AND 4811667
	Bitmap Heap Scan on sbtest5  (cost=281.18..32895.66 rows=9439 width=121)
	  Recheck Cond: ((id >= 4801668) AND (id <= 4811667))
	  ->  Bitmap Index Scan on sbtest5_pkey  (cost=0.00..278.82 rows=9439 width=0)
	        Index Cond: ((id >= 4801668) AND (id <= 4811667))

table 6 : explain SELECT c FROM sbtest6 WHERE id BETWEEN 2199341 AND 2209340
	Bitmap Heap Scan on sbtest6  (cost=315.46..36059.88 rows=10441 width=121)
	  Recheck Cond: ((id >= 2199341) AND (id <= 2209340))
	  ->  Bitmap Index Scan on sbtest6_pkey  (cost=0.00..312.84 rows=10441 width=0)
	        Index Cond: ((id >= 2199341) AND (id <= 2209340))

table 7 : explain SELECT c FROM sbtest7 WHERE id BETWEEN 459251 AND 469250
	Bitmap Heap Scan on sbtest7  (cost=299.48..34845.50 rows=10053 width=121)
	  Recheck Cond: ((id >= 459251) AND (id <= 469250))
	  ->  Bitmap Index Scan on sbtest7_pkey  (cost=0.00..296.96 rows=10053 width=0)
	        Index Cond: ((id >= 459251) AND (id <= 469250))

table 8 : explain SELECT c FROM sbtest8 WHERE id BETWEEN 4663602 AND 4673601
	Bitmap Heap Scan on sbtest8  (cost=309.72..35541.62 rows=10272 width=121)
	  Recheck Cond: ((id >= 4663602) AND (id <= 4673601))
	  ->  Bitmap Index Scan on sbtest8_pkey  (cost=0.00..307.16 rows=10272 width=0)
	        Index Cond: ((id >= 4663602) AND (id <= 4673601))

for: order_ranges
table 1 : explain SELECT c FROM sbtest1 WHERE id BETWEEN 7791090 AND 7801089 ORDER BY c
	Sort  (cost=35114.16..35138.99 rows=9932 width=121)
	  Sort Key: c
	  ->  Bitmap Heap Scan on sbtest1  (cost=290.24..34454.78 rows=9932 width=121)
	        Recheck Cond: ((id >= 7791090) AND (id <= 7801089))
	        ->  Bitmap Index Scan on sbtest1_pkey  (cost=0.00..287.75 rows=9932 width=0)
	              Index Cond: ((id >= 7791090) AND (id <= 7801089))

table 2 : explain SELECT c FROM sbtest2 WHERE id BETWEEN 8376057 AND 8386056 ORDER BY c
	Sort  (cost=35376.37..35401.40 rows=10010 width=121)
	  Sort Key: c
	  ->  Bitmap Heap Scan on sbtest2  (cost=299.04..34711.25 rows=10010 width=121)
	        Recheck Cond: ((id >= 8376057) AND (id <= 8386056))
	        ->  Bitmap Index Scan on sbtest2_pkey  (cost=0.00..296.54 rows=10010 width=0)
	              Index Cond: ((id >= 8376057) AND (id <= 8386056))

table 3 : explain SELECT c FROM sbtest3 WHERE id BETWEEN 7493911 AND 7503910 ORDER BY c
	Sort  (cost=31550.62..31572.72 rows=8840 width=121)
	  Sort Key: c
	  ->  Bitmap Heap Scan on sbtest3  (cost=263.04..30971.16 rows=8840 width=121)
	        Recheck Cond: ((id >= 7493911) AND (id <= 7503910))
	        ->  Bitmap Index Scan on sbtest3_pkey  (cost=0.00..260.83 rows=8840 width=0)
	              Index Cond: ((id >= 7493911) AND (id <= 7503910))

table 4 : explain SELECT c FROM sbtest4 WHERE id BETWEEN 9711520 AND 9721519 ORDER BY c
	Sort  (cost=31671.90..31694.08 rows=8872 width=121)
	  Sort Key: c
	  ->  Bitmap Heap Scan on sbtest4  (cost=263.37..31090.12 rows=8872 width=121)
	        Recheck Cond: ((id >= 9711520) AND (id <= 9721519))
	        ->  Bitmap Index Scan on sbtest4_pkey  (cost=0.00..261.16 rows=8872 width=0)
	              Index Cond: ((id >= 9711520) AND (id <= 9721519))

table 5 : explain SELECT c FROM sbtest5 WHERE id BETWEEN 9471417 AND 9481416 ORDER BY c
	Sort  (cost=34485.59..34509.93 rows=9736 width=121)
	  Sort Key: c
	  ->  Bitmap Heap Scan on sbtest5  (cost=288.23..33840.62 rows=9736 width=121)
	        Recheck Cond: ((id >= 9471417) AND (id <= 9481416))
	        ->  Bitmap Index Scan on sbtest5_pkey  (cost=0.00..285.80 rows=9736 width=0)
	              Index Cond: ((id >= 9471417) AND (id <= 9481416))

table 6 : explain SELECT c FROM sbtest6 WHERE id BETWEEN 5947875 AND 5957874 ORDER BY c
	Sort  (cost=31761.74..31784.00 rows=8903 width=121)
	  Sort Key: c
	  ->  Bitmap Heap Scan on sbtest6  (cost=271.69..31177.70 rows=8903 width=121)
	        Recheck Cond: ((id >= 5947875) AND (id <= 5957874))
	        ->  Bitmap Index Scan on sbtest6_pkey  (cost=0.00..269.46 rows=8903 width=0)
	              Index Cond: ((id >= 5947875) AND (id <= 5957874))

table 7 : explain SELECT c FROM sbtest7 WHERE id BETWEEN 5489877 AND 5499876 ORDER BY c
	Sort  (cost=34287.55..34311.73 rows=9673 width=121)
	  Sort Key: c
	  ->  Bitmap Heap Scan on sbtest7  (cost=291.58..33647.21 rows=9673 width=121)
	        Recheck Cond: ((id >= 5489877) AND (id <= 5499876))
	        ->  Bitmap Index Scan on sbtest7_pkey  (cost=0.00..289.17 rows=9673 width=0)
	              Index Cond: ((id >= 5489877) AND (id <= 5499876))

table 8 : explain SELECT c FROM sbtest8 WHERE id BETWEEN 5593320 AND 5603319 ORDER BY c
	Sort  (cost=33703.25..33726.98 rows=9494 width=121)
	  Sort Key: c
	  ->  Bitmap Heap Scan on sbtest8  (cost=285.75..33076.04 rows=9494 width=121)
	        Recheck Cond: ((id >= 5593320) AND (id <= 5603319))
	        ->  Bitmap Index Scan on sbtest8_pkey  (cost=0.00..283.38 rows=9494 width=0)
	              Index Cond: ((id >= 5593320) AND (id <= 5603319))

for: sum_ranges
table 1 : explain SELECT SUM(k) FROM sbtest1 WHERE id BETWEEN 4364054 AND 4374053
	Aggregate  (cost=33682.73..33682.74 rows=1 width=8)
	  ->  Bitmap Heap Scan on sbtest1  (cost=283.67..33658.53 rows=9681 width=4)
	        Recheck Cond: ((id >= 4364054) AND (id <= 4374053))
	        ->  Bitmap Index Scan on sbtest1_pkey  (cost=0.00..281.25 rows=9681 width=0)
	              Index Cond: ((id >= 4364054) AND (id <= 4374053))

table 2 : explain SELECT SUM(k) FROM sbtest2 WHERE id BETWEEN 2614271 AND 2624270
	Aggregate  (cost=35358.77..35358.78 rows=1 width=8)
	  ->  Bitmap Heap Scan on sbtest2  (cost=305.06..35333.25 rows=10207 width=4)
	        Recheck Cond: ((id >= 2614271) AND (id <= 2624270))
	        ->  Bitmap Index Scan on sbtest2_pkey  (cost=0.00..302.50 rows=10207 width=0)
	              Index Cond: ((id >= 2614271) AND (id <= 2624270))

table 3 : explain SELECT SUM(k) FROM sbtest3 WHERE id BETWEEN 7810800 AND 7820799
	Aggregate  (cost=38203.04..38203.05 rows=1 width=8)
	  ->  Bitmap Heap Scan on sbtest3  (cost=330.40..38175.24 rows=11119 width=4)
	        Recheck Cond: ((id >= 7810800) AND (id <= 7820799))
	        ->  Bitmap Index Scan on sbtest3_pkey  (cost=0.00..327.62 rows=11119 width=0)
	              Index Cond: ((id >= 7810800) AND (id <= 7820799))

table 4 : explain SELECT SUM(k) FROM sbtest4 WHERE id BETWEEN 3289947 AND 3299946
	Aggregate  (cost=34750.58..34750.59 rows=1 width=8)
	  ->  Bitmap Heap Scan on sbtest4  (cost=295.07..34725.55 rows=10013 width=4)
	        Recheck Cond: ((id >= 3289947) AND (id <= 3299946))
	        ->  Bitmap Index Scan on sbtest4_pkey  (cost=0.00..292.56 rows=10013 width=0)
	              Index Cond: ((id >= 3289947) AND (id <= 3299946))

table 5 : explain SELECT SUM(k) FROM sbtest5 WHERE id BETWEEN 3703677 AND 3713676
	Aggregate  (cost=33000.84..33000.85 rows=1 width=8)
	  ->  Bitmap Heap Scan on sbtest5  (cost=281.44..32977.18 rows=9464 width=4)
	        Recheck Cond: ((id >= 3703677) AND (id <= 3713676))
	        ->  Bitmap Index Scan on sbtest5_pkey  (cost=0.00..279.07 rows=9464 width=0)
	              Index Cond: ((id >= 3703677) AND (id <= 3713676))

table 6 : explain SELECT SUM(k) FROM sbtest6 WHERE id BETWEEN 9264925 AND 9274924
	Aggregate  (cost=36589.25..36589.26 rows=1 width=8)
	  ->  Bitmap Heap Scan on sbtest6  (cost=321.11..36562.74 rows=10602 width=4)
	        Recheck Cond: ((id >= 9264925) AND (id <= 9274924))
	        ->  Bitmap Index Scan on sbtest6_pkey  (cost=0.00..318.45 rows=10602 width=0)
	              Index Cond: ((id >= 9264925) AND (id <= 9274924))

table 7 : explain SELECT SUM(k) FROM sbtest7 WHERE id BETWEEN 2401814 AND 2411813
	Aggregate  (cost=32446.33..32446.34 rows=1 width=8)
	  ->  Bitmap Heap Scan on sbtest7  (cost=279.65..32423.11 rows=9289 width=4)
	        Recheck Cond: ((id >= 2401814) AND (id <= 2411813))
	        ->  Bitmap Index Scan on sbtest7_pkey  (cost=0.00..277.32 rows=9289 width=0)
	              Index Cond: ((id >= 2401814) AND (id <= 2411813))

table 8 : explain SELECT SUM(k) FROM sbtest8 WHERE id BETWEEN 7154924 AND 7164923
	Aggregate  (cost=40765.90..40765.91 rows=1 width=8)
	  ->  Bitmap Heap Scan on sbtest8  (cost=358.84..40736.05 rows=11942 width=4)
	        Recheck Cond: ((id >= 7154924) AND (id <= 7164923))
	        ->  Bitmap Index Scan on sbtest8_pkey  (cost=0.00..355.86 rows=11942 width=0)
	              Index Cond: ((id >= 7154924) AND (id <= 7164923))

for: sum_ranges
table 1 : explain SELECT SUM(k) FROM sbtest1 WHERE id BETWEEN 5482600 AND 5492599
	Aggregate  (cost=32759.34..32759.35 rows=1 width=8)
	  ->  Bitmap Heap Scan on sbtest1  (cost=276.68..32735.86 rows=9390 width=4)
	        Recheck Cond: ((id >= 5482600) AND (id <= 5492599))
	        ->  Bitmap Index Scan on sbtest1_pkey  (cost=0.00..274.33 rows=9390 width=0)
	              Index Cond: ((id >= 5482600) AND (id <= 5492599))

table 2 : explain SELECT SUM(k) FROM sbtest2 WHERE id BETWEEN 839559 AND 849558
	Aggregate  (cost=35203.49..35203.50 rows=1 width=8)
	  ->  Bitmap Heap Scan on sbtest2  (cost=304.55..35178.09 rows=10158 width=4)
	        Recheck Cond: ((id >= 839559) AND (id <= 849558))
	        ->  Bitmap Index Scan on sbtest2_pkey  (cost=0.00..302.01 rows=10158 width=0)
	              Index Cond: ((id >= 839559) AND (id <= 849558))

table 3 : explain SELECT SUM(k) FROM sbtest3 WHERE id BETWEEN 5930533 AND 5940532
	Aggregate  (cost=32809.56..32809.57 rows=1 width=8)
	  ->  Bitmap Heap Scan on sbtest3  (cost=276.87..32786.04 rows=9408 width=4)
	        Recheck Cond: ((id >= 5930533) AND (id <= 5940532))
	        ->  Bitmap Index Scan on sbtest3_pkey  (cost=0.00..274.51 rows=9408 width=0)
	              Index Cond: ((id >= 5930533) AND (id <= 5940532))

table 4 : explain SELECT SUM(k) FROM sbtest4 WHERE id BETWEEN 603390 AND 613389
	Aggregate  (cost=36253.49..36253.50 rows=1 width=8)
	  ->  Bitmap Heap Scan on sbtest4  (cost=311.95..36227.26 rows=10489 width=4)
	        Recheck Cond: ((id >= 603390) AND (id <= 613389))
	        ->  Bitmap Index Scan on sbtest4_pkey  (cost=0.00..309.32 rows=10489 width=0)
	              Index Cond: ((id >= 603390) AND (id <= 613389))

table 5 : explain SELECT SUM(k) FROM sbtest5 WHERE id BETWEEN 4157508 AND 4167507
	Aggregate  (cost=36140.85..36140.86 rows=1 width=8)
	  ->  Bitmap Heap Scan on sbtest5  (cost=307.62..36114.71 rows=10457 width=4)
	        Recheck Cond: ((id >= 4157508) AND (id <= 4167507))
	        ->  Bitmap Index Scan on sbtest5_pkey  (cost=0.00..305.00 rows=10457 width=0)
	              Index Cond: ((id >= 4157508) AND (id <= 4167507))

table 6 : explain SELECT SUM(k) FROM sbtest6 WHERE id BETWEEN 3826696 AND 3836695
	Aggregate  (cost=35278.00..35278.01 rows=1 width=8)
	  ->  Bitmap Heap Scan on sbtest6  (cost=308.82..35252.54 rows=10184 width=4)
	        Recheck Cond: ((id >= 3826696) AND (id <= 3836695))
	        ->  Bitmap Index Scan on sbtest6_pkey  (cost=0.00..306.28 rows=10184 width=0)
	              Index Cond: ((id >= 3826696) AND (id <= 3836695))

table 7 : explain SELECT SUM(k) FROM sbtest7 WHERE id BETWEEN 6369591 AND 6379590
	Aggregate  (cost=35739.21..35739.22 rows=1 width=8)
	  ->  Bitmap Heap Scan on sbtest7  (cost=310.29..35713.39 rows=10327 width=4)
	        Recheck Cond: ((id >= 6369591) AND (id <= 6379590))
	        ->  Bitmap Index Scan on sbtest7_pkey  (cost=0.00..307.70 rows=10327 width=0)
	              Index Cond: ((id >= 6369591) AND (id <= 6379590))

table 8 : explain SELECT SUM(k) FROM sbtest8 WHERE id BETWEEN 1796428 AND 1806427
	Aggregate  (cost=33459.11..33459.12 rows=1 width=8)
	  ->  Bitmap Heap Scan on sbtest8  (cost=290.90..33435.10 rows=9606 width=4)
	        Recheck Cond: ((id >= 1796428) AND (id <= 1806427))
	        ->  Bitmap Index Scan on sbtest8_pkey  (cost=0.00..288.50 rows=9606 width=0)
	              Index Cond: ((id >= 1796428) AND (id <= 1806427))

for: sum_ranges
table 1 : explain SELECT SUM(k) FROM sbtest1 WHERE id BETWEEN 5575643 AND 5585642
	Aggregate  (cost=35543.28..35543.29 rows=1 width=8)
	  ->  Bitmap Heap Scan on sbtest1  (cost=301.69..35517.60 rows=10269 width=4)
	        Recheck Cond: ((id >= 5575643) AND (id <= 5585642))
	        ->  Bitmap Index Scan on sbtest1_pkey  (cost=0.00..299.12 rows=10269 width=0)
	              Index Cond: ((id >= 5575643) AND (id <= 5585642))

table 2 : explain SELECT SUM(k) FROM sbtest2 WHERE id BETWEEN 6325357 AND 6335356
	Aggregate  (cost=36763.61..36763.62 rows=1 width=8)
	  ->  Bitmap Heap Scan on sbtest2  (cost=317.65..36736.97 rows=10655 width=4)
	        Recheck Cond: ((id >= 6325357) AND (id <= 6335356))
	        ->  Bitmap Index Scan on sbtest2_pkey  (cost=0.00..314.99 rows=10655 width=0)
	              Index Cond: ((id >= 6325357) AND (id <= 6335356))

table 3 : explain SELECT SUM(k) FROM sbtest3 WHERE id BETWEEN 1181945 AND 1191944
	Aggregate  (cost=32875.59..32875.60 rows=1 width=8)
	  ->  Bitmap Heap Scan on sbtest3  (cost=281.07..32852.02 rows=9428 width=4)
	        Recheck Cond: ((id >= 1181945) AND (id <= 1191944))
	        ->  Bitmap Index Scan on sbtest3_pkey  (cost=0.00..278.71 rows=9428 width=0)
	              Index Cond: ((id >= 1181945) AND (id <= 1191944))

table 4 : explain SELECT SUM(k) FROM sbtest4 WHERE id BETWEEN 9146599 AND 9156598
	Aggregate  (cost=31171.50..31171.51 rows=1 width=8)
	  ->  Bitmap Heap Scan on sbtest4  (cost=263.57..31149.27 rows=8891 width=4)
	        Recheck Cond: ((id >= 9146599) AND (id <= 9156598))
	        ->  Bitmap Index Scan on sbtest4_pkey  (cost=0.00..261.34 rows=8891 width=0)
	              Index Cond: ((id >= 9146599) AND (id <= 9156598))

table 5 : explain SELECT SUM(k) FROM sbtest5 WHERE id BETWEEN 8394248 AND 8404247
	Aggregate  (cost=34427.85..34427.86 rows=1 width=8)
	  ->  Bitmap Heap Scan on sbtest5  (cost=294.05..34403.06 rows=9914 width=4)
	        Recheck Cond: ((id >= 8394248) AND (id <= 8404247))
	        ->  Bitmap Index Scan on sbtest5_pkey  (cost=0.00..291.57 rows=9914 width=0)
	              Index Cond: ((id >= 8394248) AND (id <= 8404247))

table 6 : explain SELECT SUM(k) FROM sbtest6 WHERE id BETWEEN 5510590 AND 5520589
	Aggregate  (cost=33732.00..33732.01 rows=1 width=8)
	  ->  Bitmap Heap Scan on sbtest6  (cost=291.83..33707.76 rows=9697 width=4)
	        Recheck Cond: ((id >= 5510590) AND (id <= 5520589))
	        ->  Bitmap Index Scan on sbtest6_pkey  (cost=0.00..289.41 rows=9697 width=0)
	              Index Cond: ((id >= 5510590) AND (id <= 5520589))

table 7 : explain SELECT SUM(k) FROM sbtest7 WHERE id BETWEEN 222399 AND 232398
	Aggregate  (cost=34458.76..34458.77 rows=1 width=8)
	  ->  Bitmap Heap Scan on sbtest7  (cost=298.14..34433.96 rows=9922 width=4)
	        Recheck Cond: ((id >= 222399) AND (id <= 232398))
	        ->  Bitmap Index Scan on sbtest7_pkey  (cost=0.00..295.66 rows=9922 width=0)
	              Index Cond: ((id >= 222399) AND (id <= 232398))

table 8 : explain SELECT SUM(k) FROM sbtest8 WHERE id BETWEEN 9118738 AND 9128737
	Aggregate  (cost=35984.70..35984.71 rows=1 width=8)
	  ->  Bitmap Heap Scan on sbtest8  (cost=315.09..35958.69 rows=10405 width=4)
	        Recheck Cond: ((id >= 9118738) AND (id <= 9128737))
	        ->  Bitmap Index Scan on sbtest8_pkey  (cost=0.00..312.49 rows=10405 width=0)
	              Index Cond: ((id >= 9118738) AND (id <= 9128737))

for: order_ranges
table 1 : explain SELECT c FROM sbtest1 WHERE id BETWEEN 9514909 AND 9524908 ORDER BY c
	Sort  (cost=34382.66..34406.93 rows=9707 width=121)
	  Sort Key: c
	  ->  Bitmap Heap Scan on sbtest1  (cost=283.93..33739.82 rows=9707 width=121)
	        Recheck Cond: ((id >= 9514909) AND (id <= 9524908))
	        ->  Bitmap Index Scan on sbtest1_pkey  (cost=0.00..281.50 rows=9707 width=0)
	              Index Cond: ((id >= 9514909) AND (id <= 9524908))

table 2 : explain SELECT c FROM sbtest2 WHERE id BETWEEN 8577307 AND 8587306 ORDER BY c
	Sort  (cost=33281.28..33304.69 rows=9365 width=121)
	  Sort Key: c
	  ->  Bitmap Heap Scan on sbtest2  (cost=280.43..32663.51 rows=9365 width=121)
	        Recheck Cond: ((id >= 8577307) AND (id <= 8587306))
	        ->  Bitmap Index Scan on sbtest2_pkey  (cost=0.00..278.08 rows=9365 width=0)
	              Index Cond: ((id >= 8577307) AND (id <= 8587306))

table 3 : explain SELECT c FROM sbtest3 WHERE id BETWEEN 3873259 AND 3883258 ORDER BY c
	Sort  (cost=36457.37..36483.24 rows=10349 width=121)
	  Sort Key: c
	  ->  Bitmap Heap Scan on sbtest3  (cost=306.51..35767.23 rows=10349 width=121)
	        Recheck Cond: ((id >= 3873259) AND (id <= 3883258))
	        ->  Bitmap Index Scan on sbtest3_pkey  (cost=0.00..303.93 rows=10349 width=0)
	              Index Cond: ((id >= 3873259) AND (id <= 3883258))

table 4 : explain SELECT c FROM sbtest4 WHERE id BETWEEN 2861489 AND 2871488 ORDER BY c
	Sort  (cost=34796.57..34821.14 rows=9828 width=121)
	  Sort Key: c
	  ->  Bitmap Heap Scan on sbtest4  (cost=293.17..34144.84 rows=9828 width=121)
	        Recheck Cond: ((id >= 2861489) AND (id <= 2871488))
	        ->  Bitmap Index Scan on sbtest4_pkey  (cost=0.00..290.71 rows=9828 width=0)
	              Index Cond: ((id >= 2861489) AND (id <= 2871488))

table 5 : explain SELECT c FROM sbtest5 WHERE id BETWEEN 999525 AND 1009524 ORDER BY c
	Sort  (cost=34568.74..34593.15 rows=9762 width=121)
	  Sort Key: c
	  ->  Bitmap Heap Scan on sbtest5  (cost=288.50..33921.87 rows=9762 width=121)
	        Recheck Cond: ((id >= 999525) AND (id <= 1009524))
	        ->  Bitmap Index Scan on sbtest5_pkey  (cost=0.00..286.06 rows=9762 width=0)
	              Index Cond: ((id >= 999525) AND (id <= 1009524))

table 6 : explain SELECT c FROM sbtest6 WHERE id BETWEEN 4363604 AND 4373603 ORDER BY c
	Sort  (cost=35804.80..35830.17 rows=10145 width=121)
	  Sort Key: c
	  ->  Bitmap Heap Scan on sbtest6  (cost=308.42..35129.73 rows=10145 width=121)
	        Recheck Cond: ((id >= 4363604) AND (id <= 4373603))
	        ->  Bitmap Index Scan on sbtest6_pkey  (cost=0.00..305.88 rows=10145 width=0)
	              Index Cond: ((id >= 4363604) AND (id <= 4373603))

table 7 : explain SELECT c FROM sbtest7 WHERE id BETWEEN 162081 AND 172080 ORDER BY c
	Sort  (cost=36196.30..36221.96 rows=10264 width=121)
	  Sort Key: c
	  ->  Bitmap Heap Scan on sbtest7  (cost=305.64..35512.44 rows=10264 width=121)
	        Recheck Cond: ((id >= 162081) AND (id <= 172080))
	        ->  Bitmap Index Scan on sbtest7_pkey  (cost=0.00..303.07 rows=10264 width=0)
	              Index Cond: ((id >= 162081) AND (id <= 172080))

table 8 : explain SELECT c FROM sbtest8 WHERE id BETWEEN 3994219 AND 4004218 ORDER BY c
	Sort  (cost=32056.21..32078.69 rows=8990 width=121)
	  Sort Key: c
	  ->  Bitmap Heap Scan on sbtest8  (cost=272.58..31465.84 rows=8990 width=121)
	        Recheck Cond: ((id >= 3994219) AND (id <= 4004218))
	        ->  Bitmap Index Scan on sbtest8_pkey  (cost=0.00..270.33 rows=8990 width=0)
	              Index Cond: ((id >= 3994219) AND (id <= 4004218))

explain: for point_selects :: explain SELECT c FROM sbtest%u WHERE id=%u
explain: for point_selects :: explain SELECT c FROM sbtest%u WHERE id=%u
for: order_ranges
table 1 : explain SELECT c FROM sbtest1 WHERE id BETWEEN 3612310 AND 3622309 ORDER BY c
	Sort  (cost=32796.65..32819.70 rows=9219 width=121)
	  Sort Key: c
	  ->  Bitmap Heap Scan on sbtest1  (cost=270.93..32189.57 rows=9219 width=121)
	        Recheck Cond: ((id >= 3612310) AND (id <= 3622309))
	        ->  Bitmap Index Scan on sbtest1_pkey  (cost=0.00..268.62 rows=9219 width=0)
	              Index Cond: ((id >= 3612310) AND (id <= 3622309))

table 2 : explain SELECT c FROM sbtest2 WHERE id BETWEEN 8856206 AND 8866205 ORDER BY c
	Sort  (cost=34934.42..34959.11 rows=9874 width=121)
	  Sort Key: c
	  ->  Bitmap Heap Scan on sbtest2  (cost=293.64..34279.31 rows=9874 width=121)
	        Recheck Cond: ((id >= 8856206) AND (id <= 8866205))
	        ->  Bitmap Index Scan on sbtest2_pkey  (cost=0.00..291.18 rows=9874 width=0)
	              Index Cond: ((id >= 8856206) AND (id <= 8866205))

table 3 : explain SELECT c FROM sbtest3 WHERE id BETWEEN 7500244 AND 7510243 ORDER BY c
	Sort  (cost=31550.62..31572.72 rows=8840 width=121)
	  Sort Key: c
	  ->  Bitmap Heap Scan on sbtest3  (cost=263.04..30971.16 rows=8840 width=121)
	        Recheck Cond: ((id >= 7500244) AND (id <= 7510243))
	        ->  Bitmap Index Scan on sbtest3_pkey  (cost=0.00..260.83 rows=8840 width=0)
	              Index Cond: ((id >= 7500244) AND (id <= 7510243))

table 4 : explain SELECT c FROM sbtest4 WHERE id BETWEEN 8447812 AND 8457811 ORDER BY c
	Sort  (cost=34946.14..34970.83 rows=9875 width=121)
	  Sort Key: c
	  ->  Bitmap Heap Scan on sbtest4  (cost=293.65..34290.96 rows=9875 width=121)
	        Recheck Cond: ((id >= 8447812) AND (id <= 8457811))
	        ->  Bitmap Index Scan on sbtest4_pkey  (cost=0.00..291.19 rows=9875 width=0)
	              Index Cond: ((id >= 8447812) AND (id <= 8457811))

table 5 : explain SELECT c FROM sbtest5 WHERE id BETWEEN 9274013 AND 9284012 ORDER BY c
	Sort  (cost=36601.63..36627.61 rows=10391 width=121)
	  Sort Key: c
	  ->  Bitmap Heap Scan on sbtest5  (cost=306.94..35908.39 rows=10391 width=121)
	        Recheck Cond: ((id >= 9274013) AND (id <= 9284012))
	        ->  Bitmap Index Scan on sbtest5_pkey  (cost=0.00..304.34 rows=10391 width=0)
	              Index Cond: ((id >= 9274013) AND (id <= 9284012))

table 6 : explain SELECT c FROM sbtest6 WHERE id BETWEEN 8810439 AND 8820438 ORDER BY c
	Sort  (cost=34892.12..34916.78 rows=9864 width=121)
	  Sort Key: c
	  ->  Bitmap Heap Scan on sbtest6  (cost=297.54..34237.74 rows=9864 width=121)
	        Recheck Cond: ((id >= 8810439) AND (id <= 8820438))
	        ->  Bitmap Index Scan on sbtest6_pkey  (cost=0.00..295.07 rows=9864 width=0)
	              Index Cond: ((id >= 8810439) AND (id <= 8820438))

table 7 : explain SELECT c FROM sbtest7 WHERE id BETWEEN 4057992 AND 4067991 ORDER BY c
	Sort  (cost=37418.35..37444.96 rows=10644 width=121)
	  Sort Key: c
	  ->  Bitmap Heap Scan on sbtest7  (cost=317.54..36706.39 rows=10644 width=121)
	        Recheck Cond: ((id >= 4057992) AND (id <= 4067991))
	        ->  Bitmap Index Scan on sbtest7_pkey  (cost=0.00..314.88 rows=10644 width=0)
	              Index Cond: ((id >= 4057992) AND (id <= 4067991))

table 8 : explain SELECT c FROM sbtest8 WHERE id BETWEEN 1858399 AND 1868398 ORDER BY c
	Sort  (cost=34070.52..34094.54 rows=9606 width=121)
	  Sort Key: c
	  ->  Bitmap Heap Scan on sbtest8  (cost=290.90..33435.10 rows=9606 width=121)
	        Recheck Cond: ((id >= 1858399) AND (id <= 1868398))
	        ->  Bitmap Index Scan on sbtest8_pkey  (cost=0.00..288.50 rows=9606 width=0)
	              Index Cond: ((id >= 1858399) AND (id <= 1868398))

for: order_ranges
table 1 : explain SELECT c FROM sbtest1 WHERE id BETWEEN 1732000 AND 1741999 ORDER BY c
	Sort  (cost=35200.43..35225.33 rows=9959 width=121)
	  Sort Key: c
	  ->  Bitmap Heap Scan on sbtest1  (cost=290.51..34539.07 rows=9959 width=121)
	        Recheck Cond: ((id >= 1732000) AND (id <= 1741999))
	        ->  Bitmap Index Scan on sbtest1_pkey  (cost=0.00..288.03 rows=9959 width=0)
	              Index Cond: ((id >= 1732000) AND (id <= 1741999))

table 2 : explain SELECT c FROM sbtest2 WHERE id BETWEEN 5197272 AND 5207271 ORDER BY c
	Sort  (cost=34814.87..34839.46 rows=9837 width=121)
	  Sort Key: c
	  ->  Bitmap Heap Scan on sbtest2  (cost=293.26..34162.48 rows=9837 width=121)
	        Recheck Cond: ((id >= 5197272) AND (id <= 5207271))
	        ->  Bitmap Index Scan on sbtest2_pkey  (cost=0.00..290.81 rows=9837 width=0)
	              Index Cond: ((id >= 5197272) AND (id <= 5207271))

table 3 : explain SELECT c FROM sbtest3 WHERE id BETWEEN 194116 AND 204115 ORDER BY c
	Sort  (cost=34314.54..34338.75 rows=9686 width=121)
	  Sort Key: c
	  ->  Bitmap Heap Scan on sbtest3  (cost=287.72..33673.24 rows=9686 width=121)
	        Recheck Cond: ((id >= 194116) AND (id <= 204115))
	        ->  Bitmap Index Scan on sbtest3_pkey  (cost=0.00..285.30 rows=9686 width=0)
	              Index Cond: ((id >= 194116) AND (id <= 204115))

table 4 : explain SELECT c FROM sbtest4 WHERE id BETWEEN 4112417 AND 4122416 ORDER BY c
	Sort  (cost=34153.81..34177.89 rows=9631 width=121)
	  Sort Key: c
	  ->  Bitmap Heap Scan on sbtest4  (cost=287.15..33516.56 rows=9631 width=121)
	        Recheck Cond: ((id >= 4112417) AND (id <= 4122416))
	        ->  Bitmap Index Scan on sbtest4_pkey  (cost=0.00..284.75 rows=9631 width=0)
	              Index Cond: ((id >= 4112417) AND (id <= 4122416))

table 5 : explain SELECT c FROM sbtest5 WHERE id BETWEEN 6335678 AND 6345677 ORDER BY c
	Sort  (cost=35021.22..35045.98 rows=9901 width=121)
	  Sort Key: c
	  ->  Bitmap Heap Scan on sbtest5  (cost=293.92..34364.13 rows=9901 width=121)
	        Recheck Cond: ((id >= 6335678) AND (id <= 6345677))
	        ->  Bitmap Index Scan on sbtest5_pkey  (cost=0.00..291.44 rows=9901 width=0)
	              Index Cond: ((id >= 6335678) AND (id <= 6345677))

table 6 : explain SELECT c FROM sbtest6 WHERE id BETWEEN 7308914 AND 7318913 ORDER BY c
	Sort  (cost=34855.54..34880.17 rows=9852 width=121)
	  Sort Key: c
	  ->  Bitmap Heap Scan on sbtest6  (cost=297.42..34202.04 rows=9852 width=121)
	        Recheck Cond: ((id >= 7308914) AND (id <= 7318913))
	        ->  Bitmap Index Scan on sbtest6_pkey  (cost=0.00..294.95 rows=9852 width=0)
	              Index Cond: ((id >= 7308914) AND (id <= 7318913))

table 7 : explain SELECT c FROM sbtest7 WHERE id BETWEEN 4633113 AND 4643112 ORDER BY c
	Sort  (cost=35503.86..35528.98 rows=10050 width=121)
	  Sort Key: c
	  ->  Bitmap Heap Scan on sbtest7  (cost=299.45..34835.79 rows=10050 width=121)
	        Recheck Cond: ((id >= 4633113) AND (id <= 4643112))
	        ->  Bitmap Index Scan on sbtest7_pkey  (cost=0.00..296.94 rows=10050 width=0)
	              Index Cond: ((id >= 4633113) AND (id <= 4643112))

table 8 : explain SELECT c FROM sbtest8 WHERE id BETWEEN 1734156 AND 1744155 ORDER BY c
	Sort  (cost=34696.73..34721.23 rows=9799 width=121)
	  Sort Key: c
	  ->  Bitmap Heap Scan on sbtest8  (cost=296.87..34047.13 rows=9799 width=121)
	        Recheck Cond: ((id >= 1734156) AND (id <= 1744155))
	        ->  Bitmap Index Scan on sbtest8_pkey  (cost=0.00..294.43 rows=9799 width=0)
	              Index Cond: ((id >= 1734156) AND (id <= 1744155))

for: distinct_ranges
table 1 : explain SELECT DISTINCT c FROM sbtest1 WHERE id BETWEEN 8662163 AND 8672162 ORDER BY c
	Unique  (cost=32350.78..32396.20 rows=9084 width=121)
	  ->  Sort  (cost=32350.78..32373.49 rows=9084 width=121)
	        Sort Key: c
	        ->  Bitmap Heap Scan on sbtest1  (cost=265.55..31753.55 rows=9084 width=121)
	              Recheck Cond: ((id >= 8662163) AND (id <= 8672162))
	              ->  Bitmap Index Scan on sbtest1_pkey  (cost=0.00..263.28 rows=9084 width=0)
	                    Index Cond: ((id >= 8662163) AND (id <= 8672162))

table 2 : explain SELECT DISTINCT c FROM sbtest2 WHERE id BETWEEN 332768 AND 342767 ORDER BY c
	Unique  (cost=35121.02..35170.67 rows=9931 width=121)
	  ->  Sort  (cost=35121.02..35145.85 rows=9931 width=121)
	        Sort Key: c
	        ->  Bitmap Heap Scan on sbtest2  (cost=298.23..34461.71 rows=9931 width=121)
	              Recheck Cond: ((id >= 332768) AND (id <= 342767))
	              ->  Bitmap Index Scan on sbtest2_pkey  (cost=0.00..295.75 rows=9931 width=0)
	                    Index Cond: ((id >= 332768) AND (id <= 342767))

table 3 : explain SELECT DISTINCT c FROM sbtest3 WHERE id BETWEEN 91421 AND 101420 ORDER BY c
	Unique  (cost=34011.07..34059.04 rows=9594 width=121)
	  ->  Sort  (cost=34011.07..34035.05 rows=9594 width=121)
	        Sort Key: c
	        ->  Bitmap Heap Scan on sbtest3  (cost=282.77..33376.52 rows=9594 width=121)
	              Recheck Cond: ((id >= 91421) AND (id <= 101420))
	              ->  Bitmap Index Scan on sbtest3_pkey  (cost=0.00..280.38 rows=9594 width=0)
	                    Index Cond: ((id >= 91421) AND (id <= 101420))

table 4 : explain SELECT DISTINCT c FROM sbtest4 WHERE id BETWEEN 4116488 AND 4126487 ORDER BY c
	Unique  (cost=34153.81..34201.97 rows=9631 width=121)
	  ->  Sort  (cost=34153.81..34177.89 rows=9631 width=121)
	        Sort Key: c
	        ->  Bitmap Heap Scan on sbtest4  (cost=287.15..33516.56 rows=9631 width=121)
	              Recheck Cond: ((id >= 4116488) AND (id <= 4126487))
	              ->  Bitmap Index Scan on sbtest4_pkey  (cost=0.00..284.75 rows=9631 width=0)
	                    Index Cond: ((id >= 4116488) AND (id <= 4126487))

table 5 : explain SELECT DISTINCT c FROM sbtest5 WHERE id BETWEEN 2073915 AND 2083914 ORDER BY c
	Unique  (cost=33381.24..33428.22 rows=9397 width=121)
	  ->  Sort  (cost=33381.24..33404.73 rows=9397 width=121)
	        Sort Key: c
	        ->  Bitmap Heap Scan on sbtest5  (cost=276.75..32761.13 rows=9397 width=121)
	              Recheck Cond: ((id >= 2073915) AND (id <= 2083914))
	              ->  Bitmap Index Scan on sbtest5_pkey  (cost=0.00..274.41 rows=9397 width=0)
	                    Index Cond: ((id >= 2073915) AND (id <= 2083914))

table 6 : explain SELECT DISTINCT c FROM sbtest6 WHERE id BETWEEN 9901561 AND 9911560 ORDER BY c
	Unique  (cost=34513.40..34562.13 rows=9746 width=121)
	  ->  Sort  (cost=34513.40..34537.77 rows=9746 width=121)
	        Sort Key: c
	        ->  Bitmap Heap Scan on sbtest6  (cost=296.33..33867.70 rows=9746 width=121)
	              Recheck Cond: ((id >= 9901561) AND (id <= 9911560))
	              ->  Bitmap Index Scan on sbtest6_pkey  (cost=0.00..293.90 rows=9746 width=0)
	                    Index Cond: ((id >= 9901561) AND (id <= 9911560))

table 7 : explain SELECT DISTINCT c FROM sbtest7 WHERE id BETWEEN 6258741 AND 6268740 ORDER BY c
	Unique  (cost=33402.90..33449.92 rows=9403 width=121)
	  ->  Sort  (cost=33402.90..33426.41 rows=9403 width=121)
	        Sort Key: c
	        ->  Bitmap Heap Scan on sbtest7  (cost=280.82..32782.35 rows=9403 width=121)
	              Recheck Cond: ((id >= 6258741) AND (id <= 6268740))
	              ->  Bitmap Index Scan on sbtest7_pkey  (cost=0.00..278.46 rows=9403 width=0)
	                    Index Cond: ((id >= 6258741) AND (id <= 6268740))

table 8 : explain SELECT DISTINCT c FROM sbtest8 WHERE id BETWEEN 5986959 AND 5996958 ORDER BY c
	Unique  (cost=36778.34..36830.56 rows=10444 width=121)
	  ->  Sort  (cost=36778.34..36804.45 rows=10444 width=121)
	        Sort Key: c
	        ->  Bitmap Heap Scan on sbtest8  (cost=315.49..36081.18 rows=10444 width=121)
	              Recheck Cond: ((id >= 5986959) AND (id <= 5996958))
	              ->  Bitmap Index Scan on sbtest8_pkey  (cost=0.00..312.88 rows=10444 width=0)
	                    Index Cond: ((id >= 5986959) AND (id <= 5996958))

for point_selects
table 1 : explain SELECT c FROM sbtest1 WHERE id=8465864
	Index Scan using sbtest1_pkey on sbtest1  (cost=0.43..8.45 rows=1 width=121)
	  Index Cond: (id = 8465864)

table 2 : explain SELECT c FROM sbtest2 WHERE id=5818253
	Index Scan using sbtest2_pkey on sbtest2  (cost=0.43..8.45 rows=1 width=121)
	  Index Cond: (id = 5818253)

table 3 : explain SELECT c FROM sbtest3 WHERE id=8215094
	Index Scan using sbtest3_pkey on sbtest3  (cost=0.43..8.45 rows=1 width=121)
	  Index Cond: (id = 8215094)

table 4 : explain SELECT c FROM sbtest4 WHERE id=9758415
	Index Scan using sbtest4_pkey on sbtest4  (cost=0.43..8.45 rows=1 width=121)
	  Index Cond: (id = 9758415)

table 5 : explain SELECT c FROM sbtest5 WHERE id=1284289
	Index Scan using sbtest5_pkey on sbtest5  (cost=0.43..8.45 rows=1 width=121)
	  Index Cond: (id = 1284289)

table 6 : explain SELECT c FROM sbtest6 WHERE id=86801
	Index Scan using sbtest6_pkey on sbtest6  (cost=0.43..8.45 rows=1 width=121)
	  Index Cond: (id = 86801)

table 7 : explain SELECT c FROM sbtest7 WHERE id=4661881
	Index Scan using sbtest7_pkey on sbtest7  (cost=0.43..8.45 rows=1 width=121)
	  Index Cond: (id = 4661881)

table 8 : explain SELECT c FROM sbtest8 WHERE id=8860721
	Index Scan using sbtest8_pkey on sbtest8  (cost=0.43..8.45 rows=1 width=121)
	  Index Cond: (id = 8860721)

for: order_ranges
table 1 : explain SELECT c FROM sbtest1 WHERE id BETWEEN 1571916 AND 1581915 ORDER BY c
	Sort  (cost=38475.58..38503.02 rows=10978 width=121)
	  Sort Key: c
	  ->  Bitmap Heap Scan on sbtest1  (cost=320.96..37738.83 rows=10978 width=121)
	        Recheck Cond: ((id >= 1571916) AND (id <= 1581915))
	        ->  Bitmap Index Scan on sbtest1_pkey  (cost=0.00..318.21 rows=10978 width=0)
	              Index Cond: ((id >= 1571916) AND (id <= 1581915))

table 2 : explain SELECT c FROM sbtest2 WHERE id BETWEEN 6413556 AND 6423555 ORDER BY c
	Sort  (cost=32360.03..32382.75 rows=9085 width=121)
	  Sort Key: c
	  ->  Bitmap Heap Scan on sbtest2  (cost=269.56..31762.73 rows=9085 width=121)
	        Recheck Cond: ((id >= 6413556) AND (id <= 6423555))
	        ->  Bitmap Index Scan on sbtest2_pkey  (cost=0.00..267.29 rows=9085 width=0)
	              Index Cond: ((id >= 6413556) AND (id <= 6423555))

table 3 : explain SELECT c FROM sbtest3 WHERE id BETWEEN 430041 AND 440040 ORDER BY c
	Sort  (cost=36285.71..36311.45 rows=10296 width=121)
	  Sort Key: c
	  ->  Bitmap Heap Scan on sbtest3  (cost=305.97..35599.49 rows=10296 width=121)
	        Recheck Cond: ((id >= 430041) AND (id <= 440040))
	        ->  Bitmap Index Scan on sbtest3_pkey  (cost=0.00..303.40 rows=10296 width=0)
	              Index Cond: ((id >= 430041) AND (id <= 440040))

table 4 : explain SELECT c FROM sbtest4 WHERE id BETWEEN 6277979 AND 6287978 ORDER BY c
	Sort  (cost=37300.21..37326.72 rows=10605 width=121)
	  Sort Key: c
	  ->  Bitmap Heap Scan on sbtest4  (cost=313.14..36591.14 rows=10605 width=121)
	        Recheck Cond: ((id >= 6277979) AND (id <= 6287978))
	        ->  Bitmap Index Scan on sbtest4_pkey  (cost=0.00..310.49 rows=10605 width=0)
	              Index Cond: ((id >= 6277979) AND (id <= 6287978))

table 5 : explain SELECT c FROM sbtest5 WHERE id BETWEEN 364380 AND 374379 ORDER BY c
	Sort  (cost=38417.00..38444.40 rows=10957 width=121)
	  Sort Key: c
	  ->  Bitmap Heap Scan on sbtest5  (cost=324.74..37681.81 rows=10957 width=121)
	        Recheck Cond: ((id >= 364380) AND (id <= 374379))
	        ->  Bitmap Index Scan on sbtest5_pkey  (cost=0.00..322.00 rows=10957 width=0)
	              Index Cond: ((id >= 364380) AND (id <= 374379))

table 6 : explain SELECT c FROM sbtest6 WHERE id BETWEEN 6000128 AND 6010127 ORDER BY c
	Sort  (cost=32864.55..32887.65 rows=9240 width=121)
	  Sort Key: c
	  ->  Bitmap Heap Scan on sbtest6  (cost=279.14..32255.93 rows=9240 width=121)
	        Recheck Cond: ((id >= 6000128) AND (id <= 6010127))
	        ->  Bitmap Index Scan on sbtest6_pkey  (cost=0.00..276.83 rows=9240 width=0)
	              Index Cond: ((id >= 6000128) AND (id <= 6010127))

table 7 : explain SELECT c FROM sbtest7 WHERE id BETWEEN 4420899 AND 4430898 ORDER BY c
	Sort  (cost=37807.28..37834.19 rows=10765 width=121)
	  Sort Key: c
	  ->  Bitmap Heap Scan on sbtest7  (cost=322.78..37086.34 rows=10765 width=121)
	        Recheck Cond: ((id >= 4420899) AND (id <= 4430898))
	        ->  Bitmap Index Scan on sbtest7_pkey  (cost=0.00..320.08 rows=10765 width=0)
	              Index Cond: ((id >= 4420899) AND (id <= 4430898))

table 8 : explain SELECT c FROM sbtest8 WHERE id BETWEEN 2496334 AND 2506333 ORDER BY c
	Sort  (cost=31006.16..31027.84 rows=8671 width=121)
	  Sort Key: c
	  ->  Bitmap Heap Scan on sbtest8  (cost=261.31..30438.99 rows=8671 width=121)
	        Recheck Cond: ((id >= 2496334) AND (id <= 2506333))
	        ->  Bitmap Index Scan on sbtest8_pkey  (cost=0.00..259.15 rows=8671 width=0)
	              Index Cond: ((id >= 2496334) AND (id <= 2506333))

for: order_ranges
table 1 : explain SELECT c FROM sbtest1 WHERE id BETWEEN 5428632 AND 5438631 ORDER BY c
	Sort  (cost=33355.46..33378.93 rows=9390 width=121)
	  Sort Key: c
	  ->  Bitmap Heap Scan on sbtest1  (cost=276.68..32735.86 rows=9390 width=121)
	        Recheck Cond: ((id >= 5428632) AND (id <= 5438631))
	        ->  Bitmap Index Scan on sbtest1_pkey  (cost=0.00..274.33 rows=9390 width=0)
	              Index Cond: ((id >= 5428632) AND (id <= 5438631))

table 2 : explain SELECT c FROM sbtest2 WHERE id BETWEEN 5597838 AND 5607837 ORDER BY c
	Sort  (cost=33711.83..33735.57 rows=9498 width=121)
	  Sort Key: c
	  ->  Bitmap Heap Scan on sbtest2  (cost=281.79..33084.32 rows=9498 width=121)
	        Recheck Cond: ((id >= 5597838) AND (id <= 5607837))
	        ->  Bitmap Index Scan on sbtest2_pkey  (cost=0.00..279.42 rows=9498 width=0)
	              Index Cond: ((id >= 5597838) AND (id <= 5607837))

table 3 : explain SELECT c FROM sbtest3 WHERE id BETWEEN 1587805 AND 1597804 ORDER BY c
	Sort  (cost=35119.14..35143.97 rows=9935 width=121)
	  Sort Key: c
	  ->  Bitmap Heap Scan on sbtest3  (cost=294.27..34459.54 rows=9935 width=121)
	        Recheck Cond: ((id >= 1587805) AND (id <= 1597804))
	        ->  Bitmap Index Scan on sbtest3_pkey  (cost=0.00..291.79 rows=9935 width=0)
	              Index Cond: ((id >= 1587805) AND (id <= 1597804))

table 4 : explain SELECT c FROM sbtest4 WHERE id BETWEEN 2660124 AND 2670123 ORDER BY c
	Sort  (cost=33959.85..33983.78 rows=9572 width=121)
	  Sort Key: c
	  ->  Bitmap Heap Scan on sbtest4  (cost=282.55..33326.92 rows=9572 width=121)
	        Recheck Cond: ((id >= 2660124) AND (id <= 2670123))
	        ->  Bitmap Index Scan on sbtest4_pkey  (cost=0.00..280.16 rows=9572 width=0)
	              Index Cond: ((id >= 2660124) AND (id <= 2670123))

table 5 : explain SELECT c FROM sbtest5 WHERE id BETWEEN 2963984 AND 2973983 ORDER BY c
	Sort  (cost=34781.46..34806.03 rows=9828 width=121)
	  Sort Key: c
	  ->  Bitmap Heap Scan on sbtest5  (cost=289.17..34129.73 rows=9828 width=121)
	        Recheck Cond: ((id >= 2963984) AND (id <= 2973983))
	        ->  Bitmap Index Scan on sbtest5_pkey  (cost=0.00..286.71 rows=9828 width=0)
	              Index Cond: ((id >= 2963984) AND (id <= 2973983))

table 6 : explain SELECT c FROM sbtest6 WHERE id BETWEEN 3192746 AND 3202745 ORDER BY c
	Sort  (cost=37482.19..37508.86 rows=10668 width=121)
	  Sort Key: c
	  ->  Bitmap Heap Scan on sbtest6  (cost=321.78..36768.44 rows=10668 width=121)
	        Recheck Cond: ((id >= 3192746) AND (id <= 3202745))
	        ->  Bitmap Index Scan on sbtest6_pkey  (cost=0.00..319.12 rows=10668 width=0)
	              Index Cond: ((id >= 3192746) AND (id <= 3202745))

table 7 : explain SELECT c FROM sbtest7 WHERE id BETWEEN 9244280 AND 9254279 ORDER BY c
	Sort  (cost=30942.73..30964.36 rows=8652 width=121)
	  Sort Key: c
	  ->  Bitmap Heap Scan on sbtest7  (cost=261.12..30376.94 rows=8652 width=121)
	        Recheck Cond: ((id >= 9244280) AND (id <= 9254279))
	        ->  Bitmap Index Scan on sbtest7_pkey  (cost=0.00..258.95 rows=8652 width=0)
	              Index Cond: ((id >= 9244280) AND (id <= 9254279))

table 8 : explain SELECT c FROM sbtest8 WHERE id BETWEEN 6817725 AND 6827724 ORDER BY c
	Sort  (cost=33402.89..33426.39 rows=9401 width=121)
	  Sort Key: c
	  ->  Bitmap Heap Scan on sbtest8  (cost=284.80..32782.49 rows=9401 width=121)
	        Recheck Cond: ((id >= 6817725) AND (id <= 6827724))
	        ->  Bitmap Index Scan on sbtest8_pkey  (cost=0.00..282.44 rows=9401 width=0)
	              Index Cond: ((id >= 6817725) AND (id <= 6827724))

for: sum_ranges
table 1 : explain SELECT SUM(k) FROM sbtest1 WHERE id BETWEEN 764089 AND 774088
	Aggregate  (cost=31253.74..31253.75 rows=1 width=8)
	  ->  Bitmap Heap Scan on sbtest1  (cost=259.88..31231.44 rows=8921 width=4)
	        Recheck Cond: ((id >= 764089) AND (id <= 774088))
	        ->  Bitmap Index Scan on sbtest1_pkey  (cost=0.00..257.65 rows=8921 width=0)
	              Index Cond: ((id >= 764089) AND (id <= 774088))

table 2 : explain SELECT SUM(k) FROM sbtest2 WHERE id BETWEEN 6357411 AND 6367410
	Aggregate  (cost=36763.61..36763.62 rows=1 width=8)
	  ->  Bitmap Heap Scan on sbtest2  (cost=317.65..36736.97 rows=10655 width=4)
	        Recheck Cond: ((id >= 6357411) AND (id <= 6367410))
	        ->  Bitmap Index Scan on sbtest2_pkey  (cost=0.00..314.99 rows=10655 width=0)
	              Index Cond: ((id >= 6357411) AND (id <= 6367410))

table 3 : explain SELECT SUM(k) FROM sbtest3 WHERE id BETWEEN 4058502 AND 4068501
	Aggregate  (cost=35071.57..35071.58 rows=1 width=8)
	  ->  Bitmap Heap Scan on sbtest3  (cost=300.16..35046.27 rows=10120 width=4)
	        Recheck Cond: ((id >= 4058502) AND (id <= 4068501))
	        ->  Bitmap Index Scan on sbtest3_pkey  (cost=0.00..297.63 rows=10120 width=0)
	              Index Cond: ((id >= 4058502) AND (id <= 4068501))

table 4 : explain SELECT SUM(k) FROM sbtest4 WHERE id BETWEEN 8973010 AND 8983009
	Aggregate  (cost=35156.43..35156.44 rows=1 width=8)
	  ->  Bitmap Heap Scan on sbtest4  (cost=300.38..35131.08 rows=10141 width=4)
	        Recheck Cond: ((id >= 8973010) AND (id <= 8983009))
	        ->  Bitmap Index Scan on sbtest4_pkey  (cost=0.00..297.84 rows=10141 width=0)
	              Index Cond: ((id >= 8973010) AND (id <= 8983009))

table 5 : explain SELECT SUM(k) FROM sbtest5 WHERE id BETWEEN 6797156 AND 6807155
	Aggregate  (cost=33489.90..33489.91 rows=1 width=8)
	  ->  Bitmap Heap Scan on sbtest5  (cost=283.03..33465.86 rows=9619 width=4)
	        Recheck Cond: ((id >= 6797156) AND (id <= 6807155))
	        ->  Bitmap Index Scan on sbtest5_pkey  (cost=0.00..280.62 rows=9619 width=0)
	              Index Cond: ((id >= 6797156) AND (id <= 6807155))

table 6 : explain SELECT SUM(k) FROM sbtest6 WHERE id BETWEEN 286170 AND 296169
	Aggregate  (cost=36769.37..36769.38 rows=1 width=8)
	  ->  Bitmap Heap Scan on sbtest6  (cost=321.69..36742.72 rows=10659 width=4)
	        Recheck Cond: ((id >= 286170) AND (id <= 296169))
	        ->  Bitmap Index Scan on sbtest6_pkey  (cost=0.00..319.03 rows=10659 width=0)
	              Index Cond: ((id >= 286170) AND (id <= 296169))

table 7 : explain SELECT SUM(k) FROM sbtest7 WHERE id BETWEEN 9643511 AND 9653510
	Aggregate  (cost=35353.78..35353.79 rows=1 width=8)
	  ->  Bitmap Heap Scan on sbtest7  (cost=305.04..35328.27 rows=10205 width=4)
	        Recheck Cond: ((id >= 9643511) AND (id <= 9653510))
	        ->  Bitmap Index Scan on sbtest7_pkey  (cost=0.00..302.49 rows=10205 width=0)
	              Index Cond: ((id >= 9643511) AND (id <= 9653510))

table 8 : explain SELECT SUM(k) FROM sbtest8 WHERE id BETWEEN 6828915 AND 6838914
	Aggregate  (cost=35489.74..35489.75 rows=1 width=8)
	  ->  Bitmap Heap Scan on sbtest8  (cost=309.48..35464.12 rows=10248 width=4)
	        Recheck Cond: ((id >= 6828915) AND (id <= 6838914))
	        ->  Bitmap Index Scan on sbtest8_pkey  (cost=0.00..306.92 rows=10248 width=0)
	              Index Cond: ((id >= 6828915) AND (id <= 6838914))

for point_selects
table 1 : explain SELECT c FROM sbtest1 WHERE id=2811496
	Index Scan using sbtest1_pkey on sbtest1  (cost=0.43..8.45 rows=1 width=121)
	  Index Cond: (id = 2811496)

table 2 : explain SELECT c FROM sbtest2 WHERE id=9187615
	Index Scan using sbtest2_pkey on sbtest2  (cost=0.43..8.45 rows=1 width=121)
	  Index Cond: (id = 9187615)

table 3 : explain SELECT c FROM sbtest3 WHERE id=7492235
	Index Scan using sbtest3_pkey on sbtest3  (cost=0.43..8.45 rows=1 width=121)
	  Index Cond: (id = 7492235)

table 4 : explain SELECT c FROM sbtest4 WHERE id=8941503
	Index Scan using sbtest4_pkey on sbtest4  (cost=0.43..8.45 rows=1 width=121)
	  Index Cond: (id = 8941503)

table 5 : explain SELECT c FROM sbtest5 WHERE id=3023030
	Index Scan using sbtest5_pkey on sbtest5  (cost=0.43..8.45 rows=1 width=121)
	  Index Cond: (id = 3023030)

table 6 : explain SELECT c FROM sbtest6 WHERE id=50323
	Index Scan using sbtest6_pkey on sbtest6  (cost=0.43..8.45 rows=1 width=121)
	  Index Cond: (id = 50323)

table 7 : explain SELECT c FROM sbtest7 WHERE id=658570
	Index Scan using sbtest7_pkey on sbtest7  (cost=0.43..8.45 rows=1 width=121)
	  Index Cond: (id = 658570)

table 8 : explain SELECT c FROM sbtest8 WHERE id=6928647
	Index Scan using sbtest8_pkey on sbtest8  (cost=0.43..8.45 rows=1 width=121)
	  Index Cond: (id = 6928647)

for: distinct_ranges
table 1 : explain SELECT DISTINCT c FROM sbtest1 WHERE id BETWEEN 2145930 AND 2155929 ORDER BY c
	Unique  (cost=35289.99..35339.93 rows=9987 width=121)
	  ->  Sort  (cost=35289.99..35314.96 rows=9987 width=121)
	        Sort Key: c
	        ->  Bitmap Heap Scan on sbtest1  (cost=290.80..34626.57 rows=9987 width=121)
	              Recheck Cond: ((id >= 2145930) AND (id <= 2155929))
	              ->  Bitmap Index Scan on sbtest1_pkey  (cost=0.00..288.31 rows=9987 width=0)
	                    Index Cond: ((id >= 2145930) AND (id <= 2155929))

table 2 : explain SELECT DISTINCT c FROM sbtest2 WHERE id BETWEEN 9892655 AND 9902654 ORDER BY c
	Unique  (cost=33715.16..33762.66 rows=9499 width=121)
	  ->  Sort  (cost=33715.16..33738.91 rows=9499 width=121)
	        Sort Key: c
	        ->  Bitmap Heap Scan on sbtest2  (cost=281.80..33087.58 rows=9499 width=121)
	              Recheck Cond: ((id >= 9892655) AND (id <= 9902654))
	              ->  Bitmap Index Scan on sbtest2_pkey  (cost=0.00..279.43 rows=9499 width=0)
	                    Index Cond: ((id >= 9892655) AND (id <= 9902654))

table 3 : explain SELECT DISTINCT c FROM sbtest3 WHERE id BETWEEN 3880490 AND 3890489 ORDER BY c
	Unique  (cost=36457.37..36509.11 rows=10349 width=121)
	  ->  Sort  (cost=36457.37..36483.24 rows=10349 width=121)
	        Sort Key: c
	        ->  Bitmap Heap Scan on sbtest3  (cost=306.51..35767.23 rows=10349 width=121)
	              Recheck Cond: ((id >= 3880490) AND (id <= 3890489))
	              ->  Bitmap Index Scan on sbtest3_pkey  (cost=0.00..303.93 rows=10349 width=0)
	                    Index Cond: ((id >= 3880490) AND (id <= 3890489))

table 4 : explain SELECT DISTINCT c FROM sbtest4 WHERE id BETWEEN 4957179 AND 4967178 ORDER BY c
	Unique  (cost=33676.33..33723.75 rows=9484 width=121)
	  ->  Sort  (cost=33676.33..33700.04 rows=9484 width=121)
	        Sort Key: c
	        ->  Bitmap Heap Scan on sbtest4  (cost=281.65..33049.85 rows=9484 width=121)
	              Recheck Cond: ((id >= 4957179) AND (id <= 4967178))
	              ->  Bitmap Index Scan on sbtest4_pkey  (cost=0.00..279.28 rows=9484 width=0)
	                    Index Cond: ((id >= 4957179) AND (id <= 4967178))

table 5 : explain SELECT DISTINCT c FROM sbtest5 WHERE id BETWEEN 8330143 AND 8340142 ORDER BY c
	Unique  (cost=37317.80..37370.87 rows=10614 width=121)
	  ->  Sort  (cost=37317.80..37344.34 rows=10614 width=121)
	        Sort Key: c
	        ->  Bitmap Heap Scan on sbtest5  (cost=313.23..36608.06 rows=10614 width=121)
	              Recheck Cond: ((id >= 8330143) AND (id <= 8340142))
	              ->  Bitmap Index Scan on sbtest5_pkey  (cost=0.00..310.57 rows=10614 width=0)
	                    Index Cond: ((id >= 8330143) AND (id <= 8340142))

table 6 : explain SELECT DISTINCT c FROM sbtest6 WHERE id BETWEEN 1348888 AND 1358887 ORDER BY c
	Unique  (cost=36191.69..36243.02 rows=10266 width=121)
	  ->  Sort  (cost=36191.69..36217.36 rows=10266 width=121)
	        Sort Key: c
	        ->  Bitmap Heap Scan on sbtest6  (cost=309.66..35507.69 rows=10266 width=121)
	              Recheck Cond: ((id >= 1348888) AND (id <= 1358887))
	              ->  Bitmap Index Scan on sbtest6_pkey  (cost=0.00..307.09 rows=10266 width=0)
	                    Index Cond: ((id >= 1348888) AND (id <= 1358887))

table 7 : explain SELECT DISTINCT c FROM sbtest7 WHERE id BETWEEN 1356953 AND 1366952 ORDER BY c
	Unique  (cost=36854.21..36906.55 rows=10469 width=121)
	  ->  Sort  (cost=36854.21..36880.38 rows=10469 width=121)
	        Sort Key: c
	        ->  Bitmap Heap Scan on sbtest7  (cost=311.74..36155.20 rows=10469 width=121)
	              Recheck Cond: ((id >= 1356953) AND (id <= 1366952))
	              ->  Bitmap Index Scan on sbtest7_pkey  (cost=0.00..309.12 rows=10469 width=0)
	                    Index Cond: ((id >= 1356953) AND (id <= 1366952))

table 8 : explain SELECT DISTINCT c FROM sbtest8 WHERE id BETWEEN 3364077 AND 3374076 ORDER BY c
	Unique  (cost=34053.88..34101.89 rows=9601 width=121)
	  ->  Sort  (cost=34053.88..34077.88 rows=9601 width=121)
	        Sort Key: c
	        ->  Bitmap Heap Scan on sbtest8  (cost=290.85..33418.82 rows=9601 width=121)
	              Recheck Cond: ((id >= 3364077) AND (id <= 3374076))
	              ->  Bitmap Index Scan on sbtest8_pkey  (cost=0.00..288.44 rows=9601 width=0)
	                    Index Cond: ((id >= 3364077) AND (id <= 3374076))

for: order_ranges
table 1 : explain SELECT c FROM sbtest1 WHERE id BETWEEN 2857810 AND 2867809 ORDER BY c
	Sort  (cost=35929.93..35955.39 rows=10185 width=121)
	  Sort Key: c
	  ->  Bitmap Heap Scan on sbtest1  (cost=296.83..35251.90 rows=10185 width=121)
	        Recheck Cond: ((id >= 2857810) AND (id <= 2867809))
	        ->  Bitmap Index Scan on sbtest1_pkey  (cost=0.00..294.29 rows=10185 width=0)
	              Index Cond: ((id >= 2857810) AND (id <= 2867809))

table 2 : explain SELECT c FROM sbtest2 WHERE id BETWEEN 8806464 AND 8816463 ORDER BY c
	Sort  (cost=34934.42..34959.11 rows=9874 width=121)
	  Sort Key: c
	  ->  Bitmap Heap Scan on sbtest2  (cost=293.64..34279.31 rows=9874 width=121)
	        Recheck Cond: ((id >= 8806464) AND (id <= 8816463))
	        ->  Bitmap Index Scan on sbtest2_pkey  (cost=0.00..291.18 rows=9874 width=0)
	              Index Cond: ((id >= 8806464) AND (id <= 8816463))

table 3 : explain SELECT c FROM sbtest3 WHERE id BETWEEN 1624464 AND 1634463 ORDER BY c
	Sort  (cost=35142.33..35167.19 rows=9942 width=121)
	  Sort Key: c
	  ->  Bitmap Heap Scan on sbtest3  (cost=294.34..34482.22 rows=9942 width=121)
	        Recheck Cond: ((id >= 1624464) AND (id <= 1634463))
	        ->  Bitmap Index Scan on sbtest3_pkey  (cost=0.00..291.86 rows=9942 width=0)
	              Index Cond: ((id >= 1624464) AND (id <= 1634463))

table 4 : explain SELECT c FROM sbtest4 WHERE id BETWEEN 4238103 AND 4248102 ORDER BY c
	Sort  (cost=38160.28..38187.47 rows=10873 width=121)
	  Sort Key: c
	  ->  Bitmap Heap Scan on sbtest4  (cost=323.88..37431.33 rows=10873 width=121)
	        Recheck Cond: ((id >= 4238103) AND (id <= 4248102))
	        ->  Bitmap Index Scan on sbtest4_pkey  (cost=0.00..321.17 rows=10873 width=0)
	              Index Cond: ((id >= 4238103) AND (id <= 4248102))

table 5 : explain SELECT c FROM sbtest5 WHERE id BETWEEN 6534541 AND 6544540 ORDER BY c
	Sort  (cost=36019.40..36044.92 rows=10211 width=121)
	  Sort Key: c
	  ->  Bitmap Heap Scan on sbtest5  (cost=301.10..35339.45 rows=10211 width=121)
	        Recheck Cond: ((id >= 6534541) AND (id <= 6544540))
	        ->  Bitmap Index Scan on sbtest5_pkey  (cost=0.00..298.55 rows=10211 width=0)
	              Index Cond: ((id >= 6534541) AND (id <= 6544540))

table 6 : explain SELECT c FROM sbtest6 WHERE id BETWEEN 3764369 AND 3774368 ORDER BY c
	Sort  (cost=34809.10..34833.69 rows=9838 width=121)
	  Sort Key: c
	  ->  Bitmap Heap Scan on sbtest6  (cost=297.27..34156.64 rows=9838 width=121)
	        Recheck Cond: ((id >= 3764369) AND (id <= 3774368))
	        ->  Bitmap Index Scan on sbtest6_pkey  (cost=0.00..294.81 rows=9838 width=0)
	              Index Cond: ((id >= 3764369) AND (id <= 3774368))

table 7 : explain SELECT c FROM sbtest7 WHERE id BETWEEN 3831829 AND 3841828 ORDER BY c
	Sort  (cost=37233.92..37260.38 rows=10586 width=121)
	  Sort Key: c
	  ->  Bitmap Heap Scan on sbtest7  (cost=316.94..36526.25 rows=10586 width=121)
	        Recheck Cond: ((id >= 3831829) AND (id <= 3841828))
	        ->  Bitmap Index Scan on sbtest7_pkey  (cost=0.00..314.30 rows=10586 width=0)
	              Index Cond: ((id >= 3831829) AND (id <= 3841828))

table 8 : explain SELECT c FROM sbtest8 WHERE id BETWEEN 1687779 AND 1697778 ORDER BY c
	Sort  (cost=34696.73..34721.23 rows=9799 width=121)
	  Sort Key: c
	  ->  Bitmap Heap Scan on sbtest8  (cost=296.87..34047.13 rows=9799 width=121)
	        Recheck Cond: ((id >= 1687779) AND (id <= 1697778))
	        ->  Bitmap Index Scan on sbtest8_pkey  (cost=0.00..294.43 rows=9799 width=0)
	              Index Cond: ((id >= 1687779) AND (id <= 1697778))

for: order_ranges
table 1 : explain SELECT c FROM sbtest1 WHERE id BETWEEN 6255022 AND 6265021 ORDER BY c
	Sort  (cost=35104.22..35129.04 rows=9929 width=121)
	  Sort Key: c
	  ->  Bitmap Heap Scan on sbtest1  (cost=290.21..34445.06 rows=9929 width=121)
	        Recheck Cond: ((id >= 6255022) AND (id <= 6265021))
	        ->  Bitmap Index Scan on sbtest1_pkey  (cost=0.00..287.73 rows=9929 width=0)
	              Index Cond: ((id >= 6255022) AND (id <= 6265021))

table 2 : explain SELECT c FROM sbtest2 WHERE id BETWEEN 2753321 AND 2763320 ORDER BY c
	Sort  (cost=36882.32..36908.52 rows=10478 width=121)
	  Sort Key: c
	  ->  Bitmap Heap Scan on sbtest2  (cost=311.83..36182.65 rows=10478 width=121)
	        Recheck Cond: ((id >= 2753321) AND (id <= 2763320))
	        ->  Bitmap Index Scan on sbtest2_pkey  (cost=0.00..309.21 rows=10478 width=0)
	              Index Cond: ((id >= 2753321) AND (id <= 2763320))

table 3 : explain SELECT c FROM sbtest3 WHERE id BETWEEN 3753894 AND 3763893 ORDER BY c
	Sort  (cost=35477.80..35502.91 rows=10045 width=121)
	  Sort Key: c
	  ->  Bitmap Heap Scan on sbtest3  (cost=299.40..34810.10 rows=10045 width=121)
	        Recheck Cond: ((id >= 3753894) AND (id <= 3763893))
	        ->  Bitmap Index Scan on sbtest3_pkey  (cost=0.00..296.88 rows=10045 width=0)
	              Index Cond: ((id >= 3753894) AND (id <= 3763893))

table 4 : explain SELECT c FROM sbtest4 WHERE id BETWEEN 9641655 AND 9651654 ORDER BY c
	Sort  (cost=31655.11..31677.28 rows=8867 width=121)
	  Sort Key: c
	  ->  Bitmap Heap Scan on sbtest4  (cost=263.32..31073.69 rows=8867 width=121)
	        Recheck Cond: ((id >= 9641655) AND (id <= 9651654))
	        ->  Bitmap Index Scan on sbtest4_pkey  (cost=0.00..261.11 rows=8867 width=0)
	              Index Cond: ((id >= 9641655) AND (id <= 9651654))

table 5 : explain SELECT c FROM sbtest5 WHERE id BETWEEN 8427642 AND 8437641 ORDER BY c
	Sort  (cost=35061.12..35085.90 rows=9914 width=121)
	  Sort Key: c
	  ->  Bitmap Heap Scan on sbtest5  (cost=294.05..34403.06 rows=9914 width=121)
	        Recheck Cond: ((id >= 8427642) AND (id <= 8437641))
	        ->  Bitmap Index Scan on sbtest5_pkey  (cost=0.00..291.57 rows=9914 width=0)
	              Index Cond: ((id >= 8427642) AND (id <= 8437641))

table 6 : explain SELECT c FROM sbtest6 WHERE id BETWEEN 1984389 AND 1994388 ORDER BY c
	Sort  (cost=35837.96..35863.35 rows=10156 width=121)
	  Sort Key: c
	  ->  Bitmap Heap Scan on sbtest6  (cost=308.53..35162.07 rows=10156 width=121)
	        Recheck Cond: ((id >= 1984389) AND (id <= 1994388))
	        ->  Bitmap Index Scan on sbtest6_pkey  (cost=0.00..306.00 rows=10156 width=0)
	              Index Cond: ((id >= 1984389) AND (id <= 1994388))

table 7 : explain SELECT c FROM sbtest7 WHERE id BETWEEN 1870520 AND 1880519 ORDER BY c
	Sort  (cost=33449.60..33473.14 rows=9417 width=121)
	  Sort Key: c
	  ->  Bitmap Heap Scan on sbtest7  (cost=280.96..32828.03 rows=9417 width=121)
	        Recheck Cond: ((id >= 1870520) AND (id <= 1880519))
	        ->  Bitmap Index Scan on sbtest7_pkey  (cost=0.00..278.61 rows=9417 width=0)
	              Index Cond: ((id >= 1870520) AND (id <= 1880519))

table 8 : explain SELECT c FROM sbtest8 WHERE id BETWEEN 253943 AND 263942 ORDER BY c
	Sort  (cost=38503.41..38530.86 rows=10983 width=121)
	  Sort Key: c
	  ->  Bitmap Heap Scan on sbtest8  (cost=329.01..37766.28 rows=10983 width=121)
	        Recheck Cond: ((id >= 253943) AND (id <= 263942))
	        ->  Bitmap Index Scan on sbtest8_pkey  (cost=0.00..326.26 rows=10983 width=0)
	              Index Cond: ((id >= 253943) AND (id <= 263942))

for: distinct_ranges
table 1 : explain SELECT DISTINCT c FROM sbtest1 WHERE id BETWEEN 3612545 AND 3622544 ORDER BY c
	Unique  (cost=32796.65..32842.75 rows=9219 width=121)
	  ->  Sort  (cost=32796.65..32819.70 rows=9219 width=121)
	        Sort Key: c
	        ->  Bitmap Heap Scan on sbtest1  (cost=270.93..32189.57 rows=9219 width=121)
	              Recheck Cond: ((id >= 3612545) AND (id <= 3622544))
	              ->  Bitmap Index Scan on sbtest1_pkey  (cost=0.00..268.62 rows=9219 width=0)
	                    Index Cond: ((id >= 3612545) AND (id <= 3622544))

table 2 : explain SELECT DISTINCT c FROM sbtest2 WHERE id BETWEEN 1015033 AND 1025032 ORDER BY c
	Unique  (cost=33398.25..33445.26 rows=9402 width=121)
	  ->  Sort  (cost=33398.25..33421.76 rows=9402 width=121)
	        Sort Key: c
	        ->  Bitmap Heap Scan on sbtest2  (cost=280.81..32777.78 rows=9402 width=121)
	              Recheck Cond: ((id >= 1015033) AND (id <= 1025032))
	              ->  Bitmap Index Scan on sbtest2_pkey  (cost=0.00..278.45 rows=9402 width=0)
	                    Index Cond: ((id >= 1015033) AND (id <= 1025032))

table 3 : explain SELECT DISTINCT c FROM sbtest3 WHERE id BETWEEN 2737930 AND 2747929 ORDER BY c
	Unique  (cost=35520.82..35571.11 rows=10058 width=121)
	  ->  Sort  (cost=35520.82..35545.97 rows=10058 width=121)
	        Sort Key: c
	        ->  Bitmap Heap Scan on sbtest3  (cost=299.53..34852.16 rows=10058 width=121)
	              Recheck Cond: ((id >= 2737930) AND (id <= 2747929))
	              ->  Bitmap Index Scan on sbtest3_pkey  (cost=0.00..297.01 rows=10058 width=0)
	                    Index Cond: ((id >= 2737930) AND (id <= 2747929))

table 4 : explain SELECT DISTINCT c FROM sbtest4 WHERE id BETWEEN 1871955 AND 1881954 ORDER BY c
	Unique  (cost=34593.17..34642.00 rows=9767 width=121)
	  ->  Sort  (cost=34593.17..34617.59 rows=9767 width=121)
	        Sort Key: c
	        ->  Bitmap Heap Scan on sbtest4  (cost=288.55..33945.92 rows=9767 width=121)
	              Recheck Cond: ((id >= 1871955) AND (id <= 1881954))
	              ->  Bitmap Index Scan on sbtest4_pkey  (cost=0.00..286.11 rows=9767 width=0)
	                    Index Cond: ((id >= 1871955) AND (id <= 1881954))

table 5 : explain SELECT DISTINCT c FROM sbtest5 WHERE id BETWEEN 2393363 AND 2403362 ORDER BY c
	Unique  (cost=33625.52..33672.88 rows=9471 width=121)
	  ->  Sort  (cost=33625.52..33649.20 rows=9471 width=121)
	        Sort Key: c
	        ->  Bitmap Heap Scan on sbtest5  (cost=281.51..33000.00 rows=9471 width=121)
	              Recheck Cond: ((id >= 2393363) AND (id <= 2403362))
	              ->  Bitmap Index Scan on sbtest5_pkey  (cost=0.00..279.15 rows=9471 width=0)
	                    Index Cond: ((id >= 2393363) AND (id <= 2403362))

table 6 : explain SELECT DISTINCT c FROM sbtest6 WHERE id BETWEEN 4712948 AND 4722947 ORDER BY c
	Unique  (cost=34639.67..34688.59 rows=9785 width=121)
	  ->  Sort  (cost=34639.67..34664.13 rows=9785 width=121)
	        Sort Key: c
	        ->  Bitmap Heap Scan on sbtest6  (cost=296.73..33991.10 rows=9785 width=121)
	              Recheck Cond: ((id >= 4712948) AND (id <= 4722947))
	              ->  Bitmap Index Scan on sbtest6_pkey  (cost=0.00..294.29 rows=9785 width=0)
	                    Index Cond: ((id >= 4712948) AND (id <= 4722947))

table 7 : explain SELECT DISTINCT c FROM sbtest7 WHERE id BETWEEN 4821216 AND 4831215 ORDER BY c
	Unique  (cost=33880.59..33928.33 rows=9549 width=121)
	  ->  Sort  (cost=33880.59..33904.46 rows=9549 width=121)
	        Sort Key: c
	        ->  Bitmap Heap Scan on sbtest7  (cost=286.31..33249.35 rows=9549 width=121)
	              Recheck Cond: ((id >= 4821216) AND (id <= 4831215))
	              ->  Bitmap Index Scan on sbtest7_pkey  (cost=0.00..283.93 rows=9549 width=0)
	                    Index Cond: ((id >= 4821216) AND (id <= 4831215))

table 8 : explain SELECT DISTINCT c FROM sbtest8 WHERE id BETWEEN 4902207 AND 4912206 ORDER BY c
	Unique  (cost=33151.73..33198.35 rows=9325 width=121)
	  ->  Sort  (cost=33151.73..33175.04 rows=9325 width=121)
	        Sort Key: c
	        ->  Bitmap Heap Scan on sbtest8  (cost=280.02..32536.89 rows=9325 width=121)
	              Recheck Cond: ((id >= 4902207) AND (id <= 4912206))
	              ->  Bitmap Index Scan on sbtest8_pkey  (cost=0.00..277.69 rows=9325 width=0)
	                    Index Cond: ((id >= 4902207) AND (id <= 4912206))

for point_selects
table 1 : explain SELECT c FROM sbtest1 WHERE id=6245240
	Index Scan using sbtest1_pkey on sbtest1  (cost=0.43..8.45 rows=1 width=121)
	  Index Cond: (id = 6245240)

table 2 : explain SELECT c FROM sbtest2 WHERE id=6917293
	Index Scan using sbtest2_pkey on sbtest2  (cost=0.43..8.45 rows=1 width=121)
	  Index Cond: (id = 6917293)

table 3 : explain SELECT c FROM sbtest3 WHERE id=582404
	Index Scan using sbtest3_pkey on sbtest3  (cost=0.43..8.45 rows=1 width=121)
	  Index Cond: (id = 582404)

table 4 : explain SELECT c FROM sbtest4 WHERE id=4567280
	Index Scan using sbtest4_pkey on sbtest4  (cost=0.43..8.45 rows=1 width=121)
	  Index Cond: (id = 4567280)

table 5 : explain SELECT c FROM sbtest5 WHERE id=9125359
	Index Scan using sbtest5_pkey on sbtest5  (cost=0.43..8.45 rows=1 width=121)
	  Index Cond: (id = 9125359)

table 6 : explain SELECT c FROM sbtest6 WHERE id=8570551
	Index Scan using sbtest6_pkey on sbtest6  (cost=0.43..8.45 rows=1 width=121)
	  Index Cond: (id = 8570551)

table 7 : explain SELECT c FROM sbtest7 WHERE id=5482772
	Index Scan using sbtest7_pkey on sbtest7  (cost=0.43..8.45 rows=1 width=121)
	  Index Cond: (id = 5482772)

table 8 : explain SELECT c FROM sbtest8 WHERE id=3815952
	Index Scan using sbtest8_pkey on sbtest8  (cost=0.43..8.45 rows=1 width=121)
	  Index Cond: (id = 3815952)

for point_selects
table 1 : explain SELECT c FROM sbtest1 WHERE id=7240440
	Index Scan using sbtest1_pkey on sbtest1  (cost=0.43..8.45 rows=1 width=121)
	  Index Cond: (id = 7240440)

table 2 : explain SELECT c FROM sbtest2 WHERE id=6864571
	Index Scan using sbtest2_pkey on sbtest2  (cost=0.43..8.45 rows=1 width=121)
	  Index Cond: (id = 6864571)

table 3 : explain SELECT c FROM sbtest3 WHERE id=2629419
	Index Scan using sbtest3_pkey on sbtest3  (cost=0.43..8.45 rows=1 width=121)
	  Index Cond: (id = 2629419)

table 4 : explain SELECT c FROM sbtest4 WHERE id=9283467
	Index Scan using sbtest4_pkey on sbtest4  (cost=0.43..8.45 rows=1 width=121)
	  Index Cond: (id = 9283467)

table 5 : explain SELECT c FROM sbtest5 WHERE id=4452385
	Index Scan using sbtest5_pkey on sbtest5  (cost=0.43..8.45 rows=1 width=121)
	  Index Cond: (id = 4452385)

table 6 : explain SELECT c FROM sbtest6 WHERE id=5578599
	Index Scan using sbtest6_pkey on sbtest6  (cost=0.43..8.45 rows=1 width=121)
	  Index Cond: (id = 5578599)

table 7 : explain SELECT c FROM sbtest7 WHERE id=8320037
	Index Scan using sbtest7_pkey on sbtest7  (cost=0.43..8.45 rows=1 width=121)
	  Index Cond: (id = 8320037)

table 8 : explain SELECT c FROM sbtest8 WHERE id=7291100
	Index Scan using sbtest8_pkey on sbtest8  (cost=0.43..8.45 rows=1 width=121)
	  Index Cond: (id = 7291100)

for: order_ranges
table 1 : explain SELECT c FROM sbtest1 WHERE id BETWEEN 834765 AND 844764 ORDER BY c
	Sort  (cost=34645.29..34669.76 rows=9788 width=121)
	  Sort Key: c
	  ->  Bitmap Heap Scan on sbtest1  (cost=284.76..33996.51 rows=9788 width=121)
	        Recheck Cond: ((id >= 834765) AND (id <= 844764))
	        ->  Bitmap Index Scan on sbtest1_pkey  (cost=0.00..282.31 rows=9788 width=0)
	              Index Cond: ((id >= 834765) AND (id <= 844764))

table 2 : explain SELECT c FROM sbtest2 WHERE id BETWEEN 8888110 AND 8898109 ORDER BY c
	Sort  (cost=34678.66..34703.15 rows=9795 width=121)
	  Sort Key: c
	  ->  Bitmap Heap Scan on sbtest2  (cost=292.83..34029.36 rows=9795 width=121)
	        Recheck Cond: ((id >= 8888110) AND (id <= 8898109))
	        ->  Bitmap Index Scan on sbtest2_pkey  (cost=0.00..290.38 rows=9795 width=0)
	              Index Cond: ((id >= 8888110) AND (id <= 8898109))

table 3 : explain SELECT c FROM sbtest3 WHERE id BETWEEN 9763229 AND 9773228 ORDER BY c
	Sort  (cost=39498.86..39527.11 rows=11301 width=121)
	  Sort Key: c
	  ->  Bitmap Heap Scan on sbtest3  (cost=336.27..38738.07 rows=11301 width=121)
	        Recheck Cond: ((id >= 9763229) AND (id <= 9773228))
	        ->  Bitmap Index Scan on sbtest3_pkey  (cost=0.00..333.44 rows=11301 width=0)
	              Index Cond: ((id >= 9763229) AND (id <= 9773228))

table 4 : explain SELECT c FROM sbtest4 WHERE id BETWEEN 5403276 AND 5413275 ORDER BY c
	Sort  (cost=40185.58..40214.36 rows=11510 width=121)
	  Sort Key: c
	  ->  Bitmap Heap Scan on sbtest4  (cost=342.41..39409.20 rows=11510 width=121)
	        Recheck Cond: ((id >= 5403276) AND (id <= 5413275))
	        ->  Bitmap Index Scan on sbtest4_pkey  (cost=0.00..339.54 rows=11510 width=0)
	              Index Cond: ((id >= 5403276) AND (id <= 5413275))

table 5 : explain SELECT c FROM sbtest5 WHERE id BETWEEN 7783781 AND 7793780 ORDER BY c
	Sort  (cost=36750.20..36776.30 rows=10438 width=121)
	  Sort Key: c
	  ->  Bitmap Heap Scan on sbtest5  (cost=307.42..36053.49 rows=10438 width=121)
	        Recheck Cond: ((id >= 7783781) AND (id <= 7793780))
	        ->  Bitmap Index Scan on sbtest5_pkey  (cost=0.00..304.81 rows=10438 width=0)
	              Index Cond: ((id >= 7783781) AND (id <= 7793780))

table 6 : explain SELECT c FROM sbtest6 WHERE id BETWEEN 3421326 AND 3431325 ORDER BY c
	Sort  (cost=31082.23..31103.97 rows=8697 width=121)
	  Sort Key: c
	  ->  Bitmap Heap Scan on sbtest6  (cost=265.58..30513.17 rows=8697 width=121)
	        Recheck Cond: ((id >= 3421326) AND (id <= 3431325))
	        ->  Bitmap Index Scan on sbtest6_pkey  (cost=0.00..263.41 rows=8697 width=0)
	              Index Cond: ((id >= 3421326) AND (id <= 3431325))

table 7 : explain SELECT c FROM sbtest7 WHERE id BETWEEN 8439548 AND 8449547 ORDER BY c
	Sort  (cost=34756.52..34781.07 rows=9819 width=121)
	  Sort Key: c
	  ->  Bitmap Heap Scan on sbtest7  (cost=293.08..34105.46 rows=9819 width=121)
	        Recheck Cond: ((id >= 8439548) AND (id <= 8449547))
	        ->  Bitmap Index Scan on sbtest7_pkey  (cost=0.00..290.62 rows=9819 width=0)
	              Index Cond: ((id >= 8439548) AND (id <= 8449547))

table 8 : explain SELECT c FROM sbtest8 WHERE id BETWEEN 5672540 AND 5682539 ORDER BY c
	Sort  (cost=38972.77..39000.59 rows=11130 width=121)
	  Sort Key: c
	  ->  Bitmap Heap Scan on sbtest8  (cost=334.52..38224.71 rows=11130 width=121)
	        Recheck Cond: ((id >= 5672540) AND (id <= 5682539))
	        ->  Bitmap Index Scan on sbtest8_pkey  (cost=0.00..331.74 rows=11130 width=0)
	              Index Cond: ((id >= 5672540) AND (id <= 5682539))

for: order_ranges
table 1 : explain SELECT c FROM sbtest1 WHERE id BETWEEN 6253273 AND 6263272 ORDER BY c
	Sort  (cost=35104.22..35129.04 rows=9929 width=121)
	  Sort Key: c
	  ->  Bitmap Heap Scan on sbtest1  (cost=290.21..34445.06 rows=9929 width=121)
	        Recheck Cond: ((id >= 6253273) AND (id <= 6263272))
	        ->  Bitmap Index Scan on sbtest1_pkey  (cost=0.00..287.73 rows=9929 width=0)
	              Index Cond: ((id >= 6253273) AND (id <= 6263272))

table 2 : explain SELECT c FROM sbtest2 WHERE id BETWEEN 2388720 AND 2398719 ORDER BY c
	Sort  (cost=37215.90..37242.35 rows=10581 width=121)
	  Sort Key: c
	  ->  Bitmap Heap Scan on sbtest2  (cost=316.89..36508.60 rows=10581 width=121)
	        Recheck Cond: ((id >= 2388720) AND (id <= 2398719))
	        ->  Bitmap Index Scan on sbtest2_pkey  (cost=0.00..314.25 rows=10581 width=0)
	              Index Cond: ((id >= 2388720) AND (id <= 2398719))

table 3 : explain SELECT c FROM sbtest3 WHERE id BETWEEN 2605714 AND 2615713 ORDER BY c
	Sort  (cost=36160.17..36185.81 rows=10257 width=121)
	  Sort Key: c
	  ->  Bitmap Heap Scan on sbtest3  (cost=305.57..35476.83 rows=10257 width=121)
	        Recheck Cond: ((id >= 2605714) AND (id <= 2615713))
	        ->  Bitmap Index Scan on sbtest3_pkey  (cost=0.00..303.00 rows=10257 width=0)
	              Index Cond: ((id >= 2605714) AND (id <= 2615713))

table 4 : explain SELECT c FROM sbtest4 WHERE id BETWEEN 6453707 AND 6463706 ORDER BY c
	Sort  (cost=36329.32..36355.08 rows=10303 width=121)
	  Sort Key: c
	  ->  Bitmap Heap Scan on sbtest4  (cost=306.04..35642.59 rows=10303 width=121)
	        Recheck Cond: ((id >= 6453707) AND (id <= 6463706))
	        ->  Bitmap Index Scan on sbtest4_pkey  (cost=0.00..303.46 rows=10303 width=0)
	              Index Cond: ((id >= 6453707) AND (id <= 6463706))

table 5 : explain SELECT c FROM sbtest5 WHERE id BETWEEN 8205853 AND 8215852 ORDER BY c
	Sort  (cost=33214.29..33237.66 rows=9346 width=121)
	  Sort Key: c
	  ->  Bitmap Heap Scan on sbtest5  (cost=276.23..32597.92 rows=9346 width=121)
	        Recheck Cond: ((id >= 8205853) AND (id <= 8215852))
	        ->  Bitmap Index Scan on sbtest5_pkey  (cost=0.00..273.90 rows=9346 width=0)
	              Index Cond: ((id >= 8205853) AND (id <= 8215852))

table 6 : explain SELECT c FROM sbtest6 WHERE id BETWEEN 9149216 AND 9159215 ORDER BY c
	Sort  (cost=37867.52..37894.49 rows=10788 width=121)
	  Sort Key: c
	  ->  Bitmap Heap Scan on sbtest6  (cost=327.01..37144.88 rows=10788 width=121)
	        Recheck Cond: ((id >= 9149216) AND (id <= 9159215))
	        ->  Bitmap Index Scan on sbtest6_pkey  (cost=0.00..324.31 rows=10788 width=0)
	              Index Cond: ((id >= 9149216) AND (id <= 9159215))

table 7 : explain SELECT c FROM sbtest7 WHERE id BETWEEN 3818371 AND 3828370 ORDER BY c
	Sort  (cost=37233.92..37260.38 rows=10586 width=121)
	  Sort Key: c
	  ->  Bitmap Heap Scan on sbtest7  (cost=316.94..36526.25 rows=10586 width=121)
	        Recheck Cond: ((id >= 3818371) AND (id <= 3828370))
	        ->  Bitmap Index Scan on sbtest7_pkey  (cost=0.00..314.30 rows=10586 width=0)
	              Index Cond: ((id >= 3818371) AND (id <= 3828370))

table 8 : explain SELECT c FROM sbtest8 WHERE id BETWEEN 5668829 AND 5678828 ORDER BY c
	Sort  (cost=38972.77..39000.59 rows=11130 width=121)
	  Sort Key: c
	  ->  Bitmap Heap Scan on sbtest8  (cost=334.52..38224.71 rows=11130 width=121)
	        Recheck Cond: ((id >= 5668829) AND (id <= 5678828))
	        ->  Bitmap Index Scan on sbtest8_pkey  (cost=0.00..331.74 rows=11130 width=0)
	              Index Cond: ((id >= 5668829) AND (id <= 5678828))

for: distinct_ranges
table 1 : explain SELECT DISTINCT c FROM sbtest1 WHERE id BETWEEN 6252705 AND 6262704 ORDER BY c
	Unique  (cost=35104.22..35153.86 rows=9929 width=121)
	  ->  Sort  (cost=35104.22..35129.04 rows=9929 width=121)
	        Sort Key: c
	        ->  Bitmap Heap Scan on sbtest1  (cost=290.21..34445.06 rows=9929 width=121)
	              Recheck Cond: ((id >= 6252705) AND (id <= 6262704))
	              ->  Bitmap Index Scan on sbtest1_pkey  (cost=0.00..287.73 rows=9929 width=0)
	                    Index Cond: ((id >= 6252705) AND (id <= 6262704))

table 2 : explain SELECT DISTINCT c FROM sbtest2 WHERE id BETWEEN 8407347 AND 8417346 ORDER BY c
	Unique  (cost=38045.61..38099.81 rows=10841 width=121)
	  ->  Sort  (cost=38045.61..38072.71 rows=10841 width=121)
	        Sort Key: c
	        ->  Bitmap Heap Scan on sbtest2  (cost=323.56..37319.03 rows=10841 width=121)
	              Recheck Cond: ((id >= 8407347) AND (id <= 8417346))
	              ->  Bitmap Index Scan on sbtest2_pkey  (cost=0.00..320.84 rows=10841 width=0)
	                    Index Cond: ((id >= 8407347) AND (id <= 8417346))

table 3 : explain SELECT DISTINCT c FROM sbtest3 WHERE id BETWEEN 4518743 AND 4528742 ORDER BY c
	Unique  (cost=34963.14..35012.57 rows=9886 width=121)
	  ->  Sort  (cost=34963.14..34987.85 rows=9886 width=121)
	        Sort Key: c
	        ->  Bitmap Heap Scan on sbtest3  (cost=293.77..34307.15 rows=9886 width=121)
	              Recheck Cond: ((id >= 4518743) AND (id <= 4528742))
	              ->  Bitmap Index Scan on sbtest3_pkey  (cost=0.00..291.30 rows=9886 width=0)
	                    Index Cond: ((id >= 4518743) AND (id <= 4528742))

table 4 : explain SELECT DISTINCT c FROM sbtest4 WHERE id BETWEEN 6623554 AND 6633553 ORDER BY c
	Unique  (cost=34006.47..34054.40 rows=9586 width=121)
	  ->  Sort  (cost=34006.47..34030.44 rows=9586 width=121)
	        Sort Key: c
	        ->  Bitmap Heap Scan on sbtest4  (cost=282.69..33372.52 rows=9586 width=121)
	              Recheck Cond: ((id >= 6623554) AND (id <= 6633553))
	              ->  Bitmap Index Scan on sbtest4_pkey  (cost=0.00..280.30 rows=9586 width=0)
	                    Index Cond: ((id >= 6623554) AND (id <= 6633553))

table 5 : explain SELECT DISTINCT c FROM sbtest5 WHERE id BETWEEN 2777321 AND 2787320 ORDER BY c
	Unique  (cost=35455.74..35505.92 rows=10036 width=121)
	  ->  Sort  (cost=35455.74..35480.83 rows=10036 width=121)
	        Sort Key: c
	        ->  Bitmap Heap Scan on sbtest5  (cost=295.30..34788.70 rows=10036 width=121)
	              Recheck Cond: ((id >= 2777321) AND (id <= 2787320))
	              ->  Bitmap Index Scan on sbtest5_pkey  (cost=0.00..292.80 rows=10036 width=0)
	                    Index Cond: ((id >= 2777321) AND (id <= 2787320))

table 6 : explain SELECT DISTINCT c FROM sbtest6 WHERE id BETWEEN 464523 AND 474522 ORDER BY c
	Unique  (cost=36274.31..36325.77 rows=10292 width=121)
	  ->  Sort  (cost=36274.31..36300.04 rows=10292 width=121)
	        Sort Key: c
	        ->  Bitmap Heap Scan on sbtest6  (cost=309.93..35588.38 rows=10292 width=121)
	              Recheck Cond: ((id >= 464523) AND (id <= 474522))
	              ->  Bitmap Index Scan on sbtest6_pkey  (cost=0.00..307.36 rows=10292 width=0)
	                    Index Cond: ((id >= 464523) AND (id <= 474522))

table 7 : explain SELECT DISTINCT c FROM sbtest7 WHERE id BETWEEN 7349414 AND 7359413 ORDER BY c
	Unique  (cost=33553.07..33600.32 rows=9449 width=121)
	  ->  Sort  (cost=33553.07..33576.70 rows=9449 width=121)
	        Sort Key: c
	        ->  Bitmap Heap Scan on sbtest7  (cost=281.29..32929.16 rows=9449 width=121)
	              Recheck Cond: ((id >= 7349414) AND (id <= 7359413))
	              ->  Bitmap Index Scan on sbtest7_pkey  (cost=0.00..278.93 rows=9449 width=0)
	                    Index Cond: ((id >= 7349414) AND (id <= 7359413))

table 8 : explain SELECT DISTINCT c FROM sbtest8 WHERE id BETWEEN 2440170 AND 2450169 ORDER BY c
	Unique  (cost=31006.16..31049.52 rows=8671 width=121)
	  ->  Sort  (cost=31006.16..31027.84 rows=8671 width=121)
	        Sort Key: c
	        ->  Bitmap Heap Scan on sbtest8  (cost=261.31..30438.99 rows=8671 width=121)
	              Recheck Cond: ((id >= 2440170) AND (id <= 2450169))
	              ->  Bitmap Index Scan on sbtest8_pkey  (cost=0.00..259.15 rows=8671 width=0)
	                    Index Cond: ((id >= 2440170) AND (id <= 2450169))

for: distinct_ranges
table 1 : explain SELECT DISTINCT c FROM sbtest1 WHERE id BETWEEN 5236571 AND 5246570 ORDER BY c
	Unique  (cost=34286.16..34334.55 rows=9677 width=121)
	  ->  Sort  (cost=34286.16..34310.35 rows=9677 width=121)
	        Sort Key: c
	        ->  Bitmap Heap Scan on sbtest1  (cost=283.62..33645.53 rows=9677 width=121)
	              Recheck Cond: ((id >= 5236571) AND (id <= 5246570))
	              ->  Bitmap Index Scan on sbtest1_pkey  (cost=0.00..281.20 rows=9677 width=0)
	                    Index Cond: ((id >= 5236571) AND (id <= 5246570))

table 2 : explain SELECT DISTINCT c FROM sbtest2 WHERE id BETWEEN 3576621 AND 3586620 ORDER BY c
	Unique  (cost=37772.83..37826.60 rows=10755 width=121)
	  ->  Sort  (cost=37772.83..37799.71 rows=10755 width=121)
	        Sort Key: c
	        ->  Bitmap Heap Scan on sbtest2  (cost=322.67..37052.63 rows=10755 width=121)
	              Recheck Cond: ((id >= 3576621) AND (id <= 3586620))
	              ->  Bitmap Index Scan on sbtest2_pkey  (cost=0.00..319.99 rows=10755 width=0)
	                    Index Cond: ((id >= 3576621) AND (id <= 3586620))

table 3 : explain SELECT DISTINCT c FROM sbtest3 WHERE id BETWEEN 6548504 AND 6558503 ORDER BY c
	Unique  (cost=33837.81..33885.51 rows=9540 width=121)
	  ->  Sort  (cost=33837.81..33861.66 rows=9540 width=121)
	        Sort Key: c
	        ->  Bitmap Heap Scan on sbtest3  (cost=282.22..33207.22 rows=9540 width=121)
	              Recheck Cond: ((id >= 6548504) AND (id <= 6558503))
	              ->  Bitmap Index Scan on sbtest3_pkey  (cost=0.00..279.83 rows=9540 width=0)
	                    Index Cond: ((id >= 6548504) AND (id <= 6558503))

table 4 : explain SELECT DISTINCT c FROM sbtest4 WHERE id BETWEEN 244690 AND 254689 ORDER BY c
	Unique  (cost=38327.79..38382.42 rows=10926 width=121)
	  ->  Sort  (cost=38327.79..38355.11 rows=10926 width=121)
	        Sort Key: c
	        ->  Bitmap Heap Scan on sbtest4  (cost=324.43..37594.91 rows=10926 width=121)
	              Recheck Cond: ((id >= 244690) AND (id <= 254689))
	              ->  Bitmap Index Scan on sbtest4_pkey  (cost=0.00..321.69 rows=10926 width=0)
	                    Index Cond: ((id >= 244690) AND (id <= 254689))

table 5 : explain SELECT DISTINCT c FROM sbtest5 WHERE id BETWEEN 6484183 AND 6494182 ORDER BY c
	Unique  (cost=37913.94..37967.94 rows=10800 width=121)
	  ->  Sort  (cost=37913.94..37940.94 rows=10800 width=121)
	        Sort Key: c
	        ->  Bitmap Heap Scan on sbtest5  (cost=319.13..37190.40 rows=10800 width=121)
	              Recheck Cond: ((id >= 6484183) AND (id <= 6494182))
	              ->  Bitmap Index Scan on sbtest5_pkey  (cost=0.00..316.44 rows=10800 width=0)
	                    Index Cond: ((id >= 6484183) AND (id <= 6494182))

table 6 : explain SELECT DISTINCT c FROM sbtest6 WHERE id BETWEEN 4038543 AND 4048542 ORDER BY c
	Unique  (cost=34749.28..34798.38 rows=9819 width=121)
	  ->  Sort  (cost=34749.28..34773.83 rows=9819 width=121)
	        Sort Key: c
	        ->  Bitmap Heap Scan on sbtest6  (cost=297.08..34098.21 rows=9819 width=121)
	              Recheck Cond: ((id >= 4038543) AND (id <= 4048542))
	              ->  Bitmap Index Scan on sbtest6_pkey  (cost=0.00..294.62 rows=9819 width=0)
	                    Index Cond: ((id >= 4038543) AND (id <= 4048542))

table 7 : explain SELECT DISTINCT c FROM sbtest7 WHERE id BETWEEN 2200490 AND 2210489 ORDER BY c
	Unique  (cost=37220.75..37273.66 rows=10582 width=121)
	  ->  Sort  (cost=37220.75..37247.21 rows=10582 width=121)
	        Sort Key: c
	        ->  Bitmap Heap Scan on sbtest7  (cost=316.90..36513.38 rows=10582 width=121)
	              Recheck Cond: ((id >= 2200490) AND (id <= 2210489))
	              ->  Bitmap Index Scan on sbtest7_pkey  (cost=0.00..314.25 rows=10582 width=0)
	                    Index Cond: ((id >= 2200490) AND (id <= 2210489))

table 8 : explain SELECT DISTINCT c FROM sbtest8 WHERE id BETWEEN 6637713 AND 6647712 ORDER BY c
	Unique  (cost=36374.83..36426.43 rows=10319 width=121)
	  ->  Sort  (cost=36374.83..36400.63 rows=10319 width=121)
	        Sort Key: c
	        ->  Bitmap Heap Scan on sbtest8  (cost=310.20..35686.91 rows=10319 width=121)
	              Recheck Cond: ((id >= 6637713) AND (id <= 6647712))
	              ->  Bitmap Index Scan on sbtest8_pkey  (cost=0.00..307.62 rows=10319 width=0)
	                    Index Cond: ((id >= 6637713) AND (id <= 6647712))

for: distinct_ranges
table 1 : explain SELECT DISTINCT c FROM sbtest1 WHERE id BETWEEN 3231147 AND 3241146 ORDER BY c
	Unique  (cost=36456.18..36507.92 rows=10348 width=121)
	  ->  Sort  (cost=36456.18..36482.05 rows=10348 width=121)
	        Sort Key: c
	        ->  Bitmap Heap Scan on sbtest1  (cost=302.50..35766.12 rows=10348 width=121)
	              Recheck Cond: ((id >= 3231147) AND (id <= 3241146))
	              ->  Bitmap Index Scan on sbtest1_pkey  (cost=0.00..299.92 rows=10348 width=0)
	                    Index Cond: ((id >= 3231147) AND (id <= 3241146))

table 2 : explain SELECT DISTINCT c FROM sbtest2 WHERE id BETWEEN 3493855 AND 3503854 ORDER BY c
	Unique  (cost=35830.97..35881.73 rows=10151 width=121)
	  ->  Sort  (cost=35830.97..35856.35 rows=10151 width=121)
	        Sort Key: c
	        ->  Bitmap Heap Scan on sbtest2  (cost=304.48..35155.46 rows=10151 width=121)
	              Recheck Cond: ((id >= 3493855) AND (id <= 3503854))
	              ->  Bitmap Index Scan on sbtest2_pkey  (cost=0.00..301.94 rows=10151 width=0)
	                    Index Cond: ((id >= 3493855) AND (id <= 3503854))

table 3 : explain SELECT DISTINCT c FROM sbtest3 WHERE id BETWEEN 1697676 AND 1707675 ORDER BY c
	Unique  (cost=35168.84..35218.59 rows=9950 width=121)
	  ->  Sort  (cost=35168.84..35193.72 rows=9950 width=121)
	        Sort Key: c
	        ->  Bitmap Heap Scan on sbtest3  (cost=294.42..34508.14 rows=9950 width=121)
	              Recheck Cond: ((id >= 1697676) AND (id <= 1707675))
	              ->  Bitmap Index Scan on sbtest3_pkey  (cost=0.00..291.94 rows=9950 width=0)
	                    Index Cond: ((id >= 1697676) AND (id <= 1707675))

table 4 : explain SELECT DISTINCT c FROM sbtest4 WHERE id BETWEEN 4507049 AND 4517048 ORDER BY c
	Unique  (cost=39167.78..39223.73 rows=11190 width=121)
	  ->  Sort  (cost=39167.78..39195.75 rows=11190 width=121)
	        Sort Key: c
	        ->  Bitmap Heap Scan on sbtest4  (cost=331.13..38415.25 rows=11190 width=121)
	              Recheck Cond: ((id >= 4507049) AND (id <= 4517048))
	              ->  Bitmap Index Scan on sbtest4_pkey  (cost=0.00..328.33 rows=11190 width=0)
	                    Index Cond: ((id >= 4507049) AND (id <= 4517048))

table 5 : explain SELECT DISTINCT c FROM sbtest5 WHERE id BETWEEN 9454563 AND 9464562 ORDER BY c
	Unique  (cost=34485.59..34534.27 rows=9736 width=121)
	  ->  Sort  (cost=34485.59..34509.93 rows=9736 width=121)
	        Sort Key: c
	        ->  Bitmap Heap Scan on sbtest5  (cost=288.23..33840.62 rows=9736 width=121)
	              Recheck Cond: ((id >= 9454563) AND (id <= 9464562))
	              ->  Bitmap Index Scan on sbtest5_pkey  (cost=0.00..285.80 rows=9736 width=0)
	                    Index Cond: ((id >= 9454563) AND (id <= 9464562))

table 6 : explain SELECT DISTINCT c FROM sbtest6 WHERE id BETWEEN 9475750 AND 9485749 ORDER BY c
	Unique  (cost=33463.13..33510.25 rows=9424 width=121)
	  ->  Sort  (cost=33463.13..33486.69 rows=9424 width=121)
	        Sort Key: c
	        ->  Bitmap Heap Scan on sbtest6  (cost=285.03..32841.05 rows=9424 width=121)
	              Recheck Cond: ((id >= 9475750) AND (id <= 9485749))
	              ->  Bitmap Index Scan on sbtest6_pkey  (cost=0.00..282.68 rows=9424 width=0)
	                    Index Cond: ((id >= 9475750) AND (id <= 9485749))

table 7 : explain SELECT DISTINCT c FROM sbtest7 WHERE id BETWEEN 5437991 AND 5447990 ORDER BY c
	Unique  (cost=34287.55..34335.91 rows=9673 width=121)
	  ->  Sort  (cost=34287.55..34311.73 rows=9673 width=121)
	        Sort Key: c
	        ->  Bitmap Heap Scan on sbtest7  (cost=291.58..33647.21 rows=9673 width=121)
	              Recheck Cond: ((id >= 5437991) AND (id <= 5447990))
	              ->  Bitmap Index Scan on sbtest7_pkey  (cost=0.00..289.17 rows=9673 width=0)
	                    Index Cond: ((id >= 5437991) AND (id <= 5447990))

table 8 : explain SELECT DISTINCT c FROM sbtest8 WHERE id BETWEEN 20409 AND 30408 ORDER BY c
	Unique  (cost=35467.39..35517.58 rows=10037 width=121)
	  ->  Sort  (cost=35467.39..35492.48 rows=10037 width=121)
	        Sort Key: c
	        ->  Bitmap Heap Scan on sbtest8  (cost=303.31..34800.28 rows=10037 width=121)
	              Recheck Cond: ((id >= 20409) AND (id <= 30408))
	              ->  Bitmap Index Scan on sbtest8_pkey  (cost=0.00..300.81 rows=10037 width=0)
	                    Index Cond: ((id >= 20409) AND (id <= 30408))

for: distinct_ranges
table 1 : explain SELECT DISTINCT c FROM sbtest1 WHERE id BETWEEN 8450573 AND 8460572 ORDER BY c
	Unique  (cost=35863.71..35914.53 rows=10164 width=121)
	  ->  Sort  (cost=35863.71..35889.12 rows=10164 width=121)
	        Sort Key: c
	        ->  Bitmap Heap Scan on sbtest1  (cost=296.62..35187.24 rows=10164 width=121)
	              Recheck Cond: ((id >= 8450573) AND (id <= 8460572))
	              ->  Bitmap Index Scan on sbtest1_pkey  (cost=0.00..294.07 rows=10164 width=0)
	                    Index Cond: ((id >= 8450573) AND (id <= 8460572))

table 2 : explain SELECT DISTINCT c FROM sbtest2 WHERE id BETWEEN 334205 AND 344204 ORDER BY c
	Unique  (cost=35121.02..35170.67 rows=9931 width=121)
	  ->  Sort  (cost=35121.02..35145.85 rows=9931 width=121)
	        Sort Key: c
	        ->  Bitmap Heap Scan on sbtest2  (cost=298.23..34461.71 rows=9931 width=121)
	              Recheck Cond: ((id >= 334205) AND (id <= 344204))
	              ->  Bitmap Index Scan on sbtest2_pkey  (cost=0.00..295.75 rows=9931 width=0)
	                    Index Cond: ((id >= 334205) AND (id <= 344204))

table 3 : explain SELECT DISTINCT c FROM sbtest3 WHERE id BETWEEN 5172522 AND 5182521 ORDER BY c
	Unique  (cost=38282.79..38337.39 rows=10919 width=121)
	  ->  Sort  (cost=38282.79..38310.09 rows=10919 width=121)
	        Sort Key: c
	        ->  Bitmap Heap Scan on sbtest3  (cost=324.35..37550.43 rows=10919 width=121)
	              Recheck Cond: ((id >= 5172522) AND (id <= 5182521))
	              ->  Bitmap Index Scan on sbtest3_pkey  (cost=0.00..321.62 rows=10919 width=0)
	                    Index Cond: ((id >= 5172522) AND (id <= 5182521))

table 4 : explain SELECT DISTINCT c FROM sbtest4 WHERE id BETWEEN 3651898 AND 3661897 ORDER BY c
	Unique  (cost=36276.38..36327.81 rows=10286 width=121)
	  ->  Sort  (cost=36276.38..36302.09 rows=10286 width=121)
	        Sort Key: c
	        ->  Bitmap Heap Scan on sbtest4  (cost=305.87..35590.90 rows=10286 width=121)
	              Recheck Cond: ((id >= 3651898) AND (id <= 3661897))
	              ->  Bitmap Index Scan on sbtest4_pkey  (cost=0.00..303.30 rows=10286 width=0)
	                    Index Cond: ((id >= 3651898) AND (id <= 3661897))

table 5 : explain SELECT DISTINCT c FROM sbtest5 WHERE id BETWEEN 2726289 AND 2736288 ORDER BY c
	Unique  (cost=37153.17..37205.98 rows=10563 width=121)
	  ->  Sort  (cost=37153.17..37179.58 rows=10563 width=121)
	        Sort Key: c
	        ->  Bitmap Heap Scan on sbtest5  (cost=312.71..36447.20 rows=10563 width=121)
	              Recheck Cond: ((id >= 2726289) AND (id <= 2736288))
	              ->  Bitmap Index Scan on sbtest5_pkey  (cost=0.00..310.06 rows=10563 width=0)
	                    Index Cond: ((id >= 2726289) AND (id <= 2736288))

table 6 : explain SELECT DISTINCT c FROM sbtest6 WHERE id BETWEEN 8866481 AND 8876480 ORDER BY c
	Unique  (cost=35310.65..35360.61 rows=9992 width=121)
	  ->  Sort  (cost=35310.65..35335.63 rows=9992 width=121)
	        Sort Key: c
	        ->  Bitmap Heap Scan on sbtest6  (cost=302.85..34646.85 rows=9992 width=121)
	              Recheck Cond: ((id >= 8866481) AND (id <= 8876480))
	              ->  Bitmap Index Scan on sbtest6_pkey  (cost=0.00..300.36 rows=9992 width=0)
	                    Index Cond: ((id >= 8866481) AND (id <= 8876480))

table 7 : explain SELECT DISTINCT c FROM sbtest7 WHERE id BETWEEN 3721809 AND 3731808 ORDER BY c
	Unique  (cost=36583.57..36635.49 rows=10384 width=121)
	  ->  Sort  (cost=36583.57..36609.53 rows=10384 width=121)
	        Sort Key: c
	        ->  Bitmap Heap Scan on sbtest7  (cost=310.87..35890.85 rows=10384 width=121)
	              Recheck Cond: ((id >= 3721809) AND (id <= 3731808))
	              ->  Bitmap Index Scan on sbtest7_pkey  (cost=0.00..308.28 rows=10384 width=0)
	                    Index Cond: ((id >= 3721809) AND (id <= 3731808))

table 8 : explain SELECT DISTINCT c FROM sbtest8 WHERE id BETWEEN 703011 AND 713010 ORDER BY c
	Unique  (cost=35168.23..35217.95 rows=9945 width=121)
	  ->  Sort  (cost=35168.23..35193.09 rows=9945 width=121)
	        Sort Key: c
	        ->  Bitmap Heap Scan on sbtest8  (cost=298.37..34507.89 rows=9945 width=121)
	              Recheck Cond: ((id >= 703011) AND (id <= 713010))
	              ->  Bitmap Index Scan on sbtest8_pkey  (cost=0.00..295.88 rows=9945 width=0)
	                    Index Cond: ((id >= 703011) AND (id <= 713010))

for: simple_ranges
table 1 : explain SELECT c FROM sbtest1 WHERE id BETWEEN 797365 AND 807364
	Bitmap Heap Scan on sbtest1  (cost=283.68..33661.78 rows=9682 width=121)
	  Recheck Cond: ((id >= 797365) AND (id <= 807364))
	  ->  Bitmap Index Scan on sbtest1_pkey  (cost=0.00..281.25 rows=9682 width=0)
	        Index Cond: ((id >= 797365) AND (id <= 807364))

table 2 : explain SELECT c FROM sbtest2 WHERE id BETWEEN 9363155 AND 9373154
	Bitmap Heap Scan on sbtest2  (cost=323.79..37392.79 rows=10864 width=121)
	  Recheck Cond: ((id >= 9363155) AND (id <= 9373154))
	  ->  Bitmap Index Scan on sbtest2_pkey  (cost=0.00..321.07 rows=10864 width=0)
	        Index Cond: ((id >= 9363155) AND (id <= 9373154))

table 3 : explain SELECT c FROM sbtest3 WHERE id BETWEEN 9892801 AND 9902800
	Bitmap Heap Scan on sbtest3  (cost=307.37..36028.35 rows=10433 width=121)
	  Recheck Cond: ((id >= 9892801) AND (id <= 9902800))
	  ->  Bitmap Index Scan on sbtest3_pkey  (cost=0.00..304.76 rows=10433 width=0)
	        Index Cond: ((id >= 9892801) AND (id <= 9902800))

table 4 : explain SELECT c FROM sbtest4 WHERE id BETWEEN 2917547 AND 2927546
	Bitmap Heap Scan on sbtest4  (cost=276.21..32601.95 rows=9344 width=121)
	  Recheck Cond: ((id >= 2917547) AND (id <= 2927546))
	  ->  Bitmap Index Scan on sbtest4_pkey  (cost=0.00..273.88 rows=9344 width=0)
	        Index Cond: ((id >= 2917547) AND (id <= 2927546))

table 5 : explain SELECT c FROM sbtest5 WHERE id BETWEEN 2084298 AND 2094297
	Bitmap Heap Scan on sbtest5  (cost=301.31..35407.30 rows=10232 width=121)
	  Recheck Cond: ((id >= 2084298) AND (id <= 2094297))
	  ->  Bitmap Index Scan on sbtest5_pkey  (cost=0.00..298.75 rows=10232 width=0)
	        Index Cond: ((id >= 2084298) AND (id <= 2094297))

table 6 : explain SELECT c FROM sbtest6 WHERE id BETWEEN 6310438 AND 6320437
	Bitmap Heap Scan on sbtest6  (cost=308.61..35184.69 rows=10163 width=121)
	  Recheck Cond: ((id >= 6310438) AND (id <= 6320437))
	  ->  Bitmap Index Scan on sbtest6_pkey  (cost=0.00..306.06 rows=10163 width=0)
	        Index Cond: ((id >= 6310438) AND (id <= 6320437))

table 7 : explain SELECT c FROM sbtest7 WHERE id BETWEEN 2513013 AND 2523012
	Bitmap Heap Scan on sbtest7  (cost=311.51..36084.30 rows=10446 width=121)
	  Recheck Cond: ((id >= 2513013) AND (id <= 2523012))
	  ->  Bitmap Index Scan on sbtest7_pkey  (cost=0.00..308.90 rows=10446 width=0)
	        Index Cond: ((id >= 2513013) AND (id <= 2523012))

table 8 : explain SELECT c FROM sbtest8 WHERE id BETWEEN 2270189 AND 2280188
	Bitmap Heap Scan on sbtest8  (cost=273.50..31754.30 rows=9080 width=121)
	  Recheck Cond: ((id >= 2270189) AND (id <= 2280188))
	  ->  Bitmap Index Scan on sbtest8_pkey  (cost=0.00..271.24 rows=9080 width=0)
	        Index Cond: ((id >= 2270189) AND (id <= 2280188))

for: order_ranges
table 1 : explain SELECT c FROM sbtest1 WHERE id BETWEEN 1028874 AND 1038873 ORDER BY c
	Sort  (cost=38015.45..38042.54 rows=10835 width=121)
	  Sort Key: c
	  ->  Bitmap Heap Scan on sbtest1  (cost=315.49..37289.32 rows=10835 width=121)
	        Recheck Cond: ((id >= 1028874) AND (id <= 1038873))
	        ->  Bitmap Index Scan on sbtest1_pkey  (cost=0.00..312.79 rows=10835 width=0)
	              Index Cond: ((id >= 1028874) AND (id <= 1038873))

table 2 : explain SELECT c FROM sbtest2 WHERE id BETWEEN 2263314 AND 2273313 ORDER BY c
	Sort  (cost=35070.60..35095.39 rows=9917 width=121)
	  Sort Key: c
	  ->  Bitmap Heap Scan on sbtest2  (cost=294.08..34412.32 rows=9917 width=121)
	        Recheck Cond: ((id >= 2263314) AND (id <= 2273313))
	        ->  Bitmap Index Scan on sbtest2_pkey  (cost=0.00..291.61 rows=9917 width=0)
	              Index Cond: ((id >= 2263314) AND (id <= 2273313))

table 3 : explain SELECT c FROM sbtest3 WHERE id BETWEEN 183209 AND 193208 ORDER BY c
	Sort  (cost=33654.45..33678.15 rows=9483 width=121)
	  Sort Key: c
	  ->  Bitmap Heap Scan on sbtest3  (cost=281.64..33028.04 rows=9483 width=121)
	        Recheck Cond: ((id >= 183209) AND (id <= 193208))
	        ->  Bitmap Index Scan on sbtest3_pkey  (cost=0.00..279.26 rows=9483 width=0)
	              Index Cond: ((id >= 183209) AND (id <= 193208))

table 4 : explain SELECT c FROM sbtest4 WHERE id BETWEEN 7482083 AND 7492082 ORDER BY c
	Sort  (cost=36375.55..36401.35 rows=10317 width=121)
	  Sort Key: c
	  ->  Bitmap Heap Scan on sbtest4  (cost=306.18..35687.79 rows=10317 width=121)
	        Recheck Cond: ((id >= 7482083) AND (id <= 7492082))
	        ->  Bitmap Index Scan on sbtest4_pkey  (cost=0.00..303.61 rows=10317 width=0)
	              Index Cond: ((id >= 7482083) AND (id <= 7492082))

table 5 : explain SELECT c FROM sbtest5 WHERE id BETWEEN 3298838 AND 3308837 ORDER BY c
	Sort  (cost=32363.79..32386.51 rows=9086 width=121)
	  Sort Key: c
	  ->  Bitmap Heap Scan on sbtest5  (cost=269.57..31766.41 rows=9086 width=121)
	        Recheck Cond: ((id >= 3298838) AND (id <= 3308837))
	        ->  Bitmap Index Scan on sbtest5_pkey  (cost=0.00..267.30 rows=9086 width=0)
	              Index Cond: ((id >= 3298838) AND (id <= 3308837))

table 6 : explain SELECT c FROM sbtest6 WHERE id BETWEEN 905734 AND 915733 ORDER BY c
	Sort  (cost=36251.11..36276.82 rows=10284 width=121)
	  Sort Key: c
	  ->  Bitmap Heap Scan on sbtest6  (cost=309.85..35565.77 rows=10284 width=121)
	        Recheck Cond: ((id >= 905734) AND (id <= 915733))
	        ->  Bitmap Index Scan on sbtest6_pkey  (cost=0.00..307.28 rows=10284 width=0)
	              Index Cond: ((id >= 905734) AND (id <= 915733))

table 7 : explain SELECT c FROM sbtest7 WHERE id BETWEEN 3101782 AND 3111781 ORDER BY c
	Sort  (cost=32106.38..32128.90 rows=9006 width=121)
	  Sort Key: c
	  ->  Bitmap Heap Scan on sbtest7  (cost=268.75..31514.84 rows=9006 width=121)
	        Recheck Cond: ((id >= 3101782) AND (id <= 3111781))
	        ->  Bitmap Index Scan on sbtest7_pkey  (cost=0.00..266.50 rows=9006 width=0)
	              Index Cond: ((id >= 3101782) AND (id <= 3111781))

table 8 : explain SELECT c FROM sbtest8 WHERE id BETWEEN 2015778 AND 2025777 ORDER BY c
	Sort  (cost=34160.46..34184.54 rows=9634 width=121)
	  Sort Key: c
	  ->  Bitmap Heap Scan on sbtest8  (cost=291.18..33522.98 rows=9634 width=121)
	        Recheck Cond: ((id >= 2015778) AND (id <= 2025777))
	        ->  Bitmap Index Scan on sbtest8_pkey  (cost=0.00..288.78 rows=9634 width=0)
	              Index Cond: ((id >= 2015778) AND (id <= 2025777))

for: distinct_ranges
table 1 : explain SELECT DISTINCT c FROM sbtest1 WHERE id BETWEEN 948449 AND 958448 ORDER BY c
	Unique  (cost=32957.25..33003.59 rows=9269 width=121)
	  ->  Sort  (cost=32957.25..32980.42 rows=9269 width=121)
	        Sort Key: c
	        ->  Bitmap Heap Scan on sbtest1  (cost=271.44..32346.51 rows=9269 width=121)
	              Recheck Cond: ((id >= 948449) AND (id <= 958448))
	              ->  Bitmap Index Scan on sbtest1_pkey  (cost=0.00..269.12 rows=9269 width=0)
	                    Index Cond: ((id >= 948449) AND (id <= 958448))

table 2 : explain SELECT DISTINCT c FROM sbtest2 WHERE id BETWEEN 6076776 AND 6086775 ORDER BY c
	Unique  (cost=35020.76..35070.26 rows=9901 width=121)
	  ->  Sort  (cost=35020.76..35045.51 rows=9901 width=121)
	        Sort Key: c
	        ->  Bitmap Heap Scan on sbtest2  (cost=293.92..34363.66 rows=9901 width=121)
	              Recheck Cond: ((id >= 6076776) AND (id <= 6086775))
	              ->  Bitmap Index Scan on sbtest2_pkey  (cost=0.00..291.44 rows=9901 width=0)
	                    Index Cond: ((id >= 6076776) AND (id <= 6086775))

table 3 : explain SELECT DISTINCT c FROM sbtest3 WHERE id BETWEEN 4745561 AND 4755560 ORDER BY c
	Unique  (cost=35686.43..35736.98 rows=10110 width=121)
	  ->  Sort  (cost=35686.43..35711.71 rows=10110 width=121)
	        Sort Key: c
	        ->  Bitmap Heap Scan on sbtest3  (cost=300.06..35013.94 rows=10110 width=121)
	              Recheck Cond: ((id >= 4745561) AND (id <= 4755560))
	              ->  Bitmap Index Scan on sbtest3_pkey  (cost=0.00..297.54 rows=10110 width=0)
	                    Index Cond: ((id >= 4745561) AND (id <= 4755560))

table 4 : explain SELECT DISTINCT c FROM sbtest4 WHERE id BETWEEN 1977334 AND 1987333 ORDER BY c
	Unique  (cost=34383.55..34432.06 rows=9702 width=121)
	  ->  Sort  (cost=34383.55..34407.81 rows=9702 width=121)
	        Sort Key: c
	        ->  Bitmap Heap Scan on sbtest4  (cost=287.88..33741.08 rows=9702 width=121)
	              Recheck Cond: ((id >= 1977334) AND (id <= 1987333))
	              ->  Bitmap Index Scan on sbtest4_pkey  (cost=0.00..285.45 rows=9702 width=0)
	                    Index Cond: ((id >= 1977334) AND (id <= 1987333))

table 5 : explain SELECT DISTINCT c FROM sbtest5 WHERE id BETWEEN 4179031 AND 4189030 ORDER BY c
	Unique  (cost=36812.82..36865.11 rows=10457 width=121)
	  ->  Sort  (cost=36812.82..36838.97 rows=10457 width=121)
	        Sort Key: c
	        ->  Bitmap Heap Scan on sbtest5  (cost=307.62..36114.71 rows=10457 width=121)
	              Recheck Cond: ((id >= 4179031) AND (id <= 4189030))
	              ->  Bitmap Index Scan on sbtest5_pkey  (cost=0.00..305.00 rows=10457 width=0)
	                    Index Cond: ((id >= 4179031) AND (id <= 4189030))

table 6 : explain SELECT DISTINCT c FROM sbtest6 WHERE id BETWEEN 1800941 AND 1810940 ORDER BY c
	Unique  (cost=36869.00..36921.39 rows=10477 width=121)
	  ->  Sort  (cost=36869.00..36895.19 rows=10477 width=121)
	        Sort Key: c
	        ->  Bitmap Heap Scan on sbtest6  (cost=315.82..36169.40 rows=10477 width=121)
	              Recheck Cond: ((id >= 1800941) AND (id <= 1810940))
	              ->  Bitmap Index Scan on sbtest6_pkey  (cost=0.00..313.20 rows=10477 width=0)
	                    Index Cond: ((id >= 1800941) AND (id <= 1810940))

table 7 : explain SELECT DISTINCT c FROM sbtest7 WHERE id BETWEEN 5776043 AND 5786042 ORDER BY c
	Unique  (cost=38743.51..38798.81 rows=11059 width=121)
	  ->  Sort  (cost=38743.51..38771.16 rows=11059 width=121)
	        Sort Key: c
	        ->  Bitmap Heap Scan on sbtest7  (cost=329.79..38000.74 rows=11059 width=121)
	              Recheck Cond: ((id >= 5776043) AND (id <= 5786042))
	              ->  Bitmap Index Scan on sbtest7_pkey  (cost=0.00..327.03 rows=11059 width=0)
	                    Index Cond: ((id >= 5776043) AND (id <= 5786042))

table 8 : explain SELECT DISTINCT c FROM sbtest8 WHERE id BETWEEN 9387019 AND 9397018 ORDER BY c
	Unique  (cost=37111.35..37164.09 rows=10548 width=121)
	  ->  Sort  (cost=37111.35..37137.72 rows=10548 width=121)
	        Sort Key: c
	        ->  Bitmap Heap Scan on sbtest8  (cost=316.55..36406.49 rows=10548 width=121)
	              Recheck Cond: ((id >= 9387019) AND (id <= 9397018))
	              ->  Bitmap Index Scan on sbtest8_pkey  (cost=0.00..313.92 rows=10548 width=0)
	                    Index Cond: ((id >= 9387019) AND (id <= 9397018))

for: distinct_ranges
table 1 : explain SELECT DISTINCT c FROM sbtest1 WHERE id BETWEEN 8075812 AND 8085811 ORDER BY c
	Unique  (cost=34236.19..34284.49 rows=9661 width=121)
	  ->  Sort  (cost=34236.19..34260.34 rows=9661 width=121)
	        Sort Key: c
	        ->  Bitmap Heap Scan on sbtest1  (cost=283.46..33596.73 rows=9661 width=121)
	              Recheck Cond: ((id >= 8075812) AND (id <= 8085811))
	              ->  Bitmap Index Scan on sbtest1_pkey  (cost=0.00..281.05 rows=9661 width=0)
	                    Index Cond: ((id >= 8075812) AND (id <= 8085811))

table 2 : explain SELECT DISTINCT c FROM sbtest2 WHERE id BETWEEN 5114219 AND 5124218 ORDER BY c
	Unique  (cost=33651.85..33699.25 rows=9480 width=121)
	  ->  Sort  (cost=33651.85..33675.55 rows=9480 width=121)
	        Sort Key: c
	        ->  Bitmap Heap Scan on sbtest2  (cost=281.61..33025.66 rows=9480 width=121)
	              Recheck Cond: ((id >= 5114219) AND (id <= 5124218))
	              ->  Bitmap Index Scan on sbtest2_pkey  (cost=0.00..279.24 rows=9480 width=0)
	                    Index Cond: ((id >= 5114219) AND (id <= 5124218))

table 3 : explain SELECT DISTINCT c FROM sbtest3 WHERE id BETWEEN 1903580 AND 1913579 ORDER BY c
	Unique  (cost=34507.43..34556.16 rows=9746 width=121)
	  ->  Sort  (cost=34507.43..34531.80 rows=9746 width=121)
	        Sort Key: c
	        ->  Bitmap Heap Scan on sbtest3  (cost=288.33..33861.73 rows=9746 width=121)
	              Recheck Cond: ((id >= 1903580) AND (id <= 1913579))
	              ->  Bitmap Index Scan on sbtest3_pkey  (cost=0.00..285.90 rows=9746 width=0)
	                    Index Cond: ((id >= 1903580) AND (id <= 1913579))

table 4 : explain SELECT DISTINCT c FROM sbtest4 WHERE id BETWEEN 6556340 AND 6566339 ORDER BY c
	Unique  (cost=33779.76..33827.34 rows=9516 width=121)
	  ->  Sort  (cost=33779.76..33803.55 rows=9516 width=121)
	        Sort Key: c
	        ->  Bitmap Heap Scan on sbtest4  (cost=281.97..33150.93 rows=9516 width=121)
	              Recheck Cond: ((id >= 6556340) AND (id <= 6566339))
	              ->  Bitmap Index Scan on sbtest4_pkey  (cost=0.00..279.59 rows=9516 width=0)
	                    Index Cond: ((id >= 6556340) AND (id <= 6566339))

table 5 : explain SELECT DISTINCT c FROM sbtest5 WHERE id BETWEEN 7107143 AND 7117142 ORDER BY c
	Unique  (cost=36052.44..36103.55 rows=10221 width=121)
	  ->  Sort  (cost=36052.44..36077.99 rows=10221 width=121)
	        Sort Key: c
	        ->  Bitmap Heap Scan on sbtest5  (cost=301.20..35371.76 rows=10221 width=121)
	              Recheck Cond: ((id >= 7107143) AND (id <= 7117142))
	              ->  Bitmap Index Scan on sbtest5_pkey  (cost=0.00..298.65 rows=10221 width=0)
	                    Index Cond: ((id >= 7107143) AND (id <= 7117142))

table 6 : explain SELECT DISTINCT c FROM sbtest6 WHERE id BETWEEN 5413893 AND 5423892 ORDER BY c
	Unique  (cost=33212.72..33259.45 rows=9346 width=121)
	  ->  Sort  (cost=33212.72..33236.08 rows=9346 width=121)
	        Sort Key: c
	        ->  Bitmap Heap Scan on sbtest6  (cost=284.23..32596.34 rows=9346 width=121)
	              Recheck Cond: ((id >= 5413893) AND (id <= 5423892))
	              ->  Bitmap Index Scan on sbtest6_pkey  (cost=0.00..281.90 rows=9346 width=0)
	                    Index Cond: ((id >= 5413893) AND (id <= 5423892))

table 7 : explain SELECT DISTINCT c FROM sbtest7 WHERE id BETWEEN 9023539 AND 9033538 ORDER BY c
	Unique  (cost=36748.64..36800.82 rows=10436 width=121)
	  ->  Sort  (cost=36748.64..36774.73 rows=10436 width=121)
	        Sort Key: c
	        ->  Bitmap Heap Scan on sbtest7  (cost=311.40..36052.07 rows=10436 width=121)
	              Recheck Cond: ((id >= 9023539) AND (id <= 9033538))
	              ->  Bitmap Index Scan on sbtest7_pkey  (cost=0.00..308.80 rows=10436 width=0)
	                    Index Cond: ((id >= 9023539) AND (id <= 9033538))

table 8 : explain SELECT DISTINCT c FROM sbtest8 WHERE id BETWEEN 4264556 AND 4274555 ORDER BY c
	Unique  (cost=36638.97..36690.97 rows=10401 width=121)
	  ->  Sort  (cost=36638.97..36664.97 rows=10401 width=121)
	        Sort Key: c
	        ->  Bitmap Heap Scan on sbtest8  (cost=311.05..35944.99 rows=10401 width=121)
	              Recheck Cond: ((id >= 4264556) AND (id <= 4274555))
	              ->  Bitmap Index Scan on sbtest8_pkey  (cost=0.00..308.44 rows=10401 width=0)
	                    Index Cond: ((id >= 4264556) AND (id <= 4274555))

for: distinct_ranges
table 1 : explain SELECT DISTINCT c FROM sbtest1 WHERE id BETWEEN 8292416 AND 8302415 ORDER BY c
	Unique  (cost=34641.97..34690.91 rows=9787 width=121)
	  ->  Sort  (cost=34641.97..34666.44 rows=9787 width=121)
	        Sort Key: c
	        ->  Bitmap Heap Scan on sbtest1  (cost=284.75..33993.26 rows=9787 width=121)
	              Recheck Cond: ((id >= 8292416) AND (id <= 8302415))
	              ->  Bitmap Index Scan on sbtest1_pkey  (cost=0.00..282.31 rows=9787 width=0)
	                    Index Cond: ((id >= 8292416) AND (id <= 8302415))

table 2 : explain SELECT DISTINCT c FROM sbtest2 WHERE id BETWEEN 8557043 AND 8567042 ORDER BY c
	Unique  (cost=33281.28..33328.10 rows=9365 width=121)
	  ->  Sort  (cost=33281.28..33304.69 rows=9365 width=121)
	        Sort Key: c
	        ->  Bitmap Heap Scan on sbtest2  (cost=280.43..32663.51 rows=9365 width=121)
	              Recheck Cond: ((id >= 8557043) AND (id <= 8567042))
	              ->  Bitmap Index Scan on sbtest2_pkey  (cost=0.00..278.08 rows=9365 width=0)
	                    Index Cond: ((id >= 8557043) AND (id <= 8567042))

table 3 : explain SELECT DISTINCT c FROM sbtest3 WHERE id BETWEEN 5248299 AND 5258298 ORDER BY c
	Unique  (cost=30813.22..30856.30 rows=8616 width=121)
	  ->  Sort  (cost=30813.22..30834.76 rows=8616 width=121)
	        Sort Key: c
	        ->  Bitmap Heap Scan on sbtest3  (cost=256.75..30250.04 rows=8616 width=121)
	              Recheck Cond: ((id >= 5248299) AND (id <= 5258298))
	              ->  Bitmap Index Scan on sbtest3_pkey  (cost=0.00..254.59 rows=8616 width=0)
	                    Index Cond: ((id >= 5248299) AND (id <= 5258298))

table 4 : explain SELECT DISTINCT c FROM sbtest4 WHERE id BETWEEN 7902286 AND 7912285 ORDER BY c
	Unique  (cost=37837.50..37891.37 rows=10773 width=121)
	  ->  Sort  (cost=37837.50..37864.43 rows=10773 width=121)
	        Sort Key: c
	        ->  Bitmap Heap Scan on sbtest4  (cost=318.86..37115.97 rows=10773 width=121)
	              Recheck Cond: ((id >= 7902286) AND (id <= 7912285))
	              ->  Bitmap Index Scan on sbtest4_pkey  (cost=0.00..316.17 rows=10773 width=0)
	                    Index Cond: ((id >= 7902286) AND (id <= 7912285))

table 5 : explain SELECT DISTINCT c FROM sbtest5 WHERE id BETWEEN 746341 AND 756340 ORDER BY c
	Unique  (cost=38433.49..38488.30 rows=10963 width=121)
	  ->  Sort  (cost=38433.49..38460.90 rows=10963 width=121)
	        Sort Key: c
	        ->  Bitmap Heap Scan on sbtest5  (cost=324.81..37697.85 rows=10963 width=121)
	              Recheck Cond: ((id >= 746341) AND (id <= 756340))
	              ->  Bitmap Index Scan on sbtest5_pkey  (cost=0.00..322.06 rows=10963 width=0)
	                    Index Cond: ((id >= 746341) AND (id <= 756340))

table 6 : explain SELECT DISTINCT c FROM sbtest6 WHERE id BETWEEN 9498855 AND 9508854 ORDER BY c
	Unique  (cost=33479.80..33526.94 rows=9429 width=121)
	  ->  Sort  (cost=33479.80..33503.37 rows=9429 width=121)
	        Sort Key: c
	        ->  Bitmap Heap Scan on sbtest6  (cost=285.08..32857.35 rows=9429 width=121)
	              Recheck Cond: ((id >= 9498855) AND (id <= 9508854))
	              ->  Bitmap Index Scan on sbtest6_pkey  (cost=0.00..282.73 rows=9429 width=0)
	                    Index Cond: ((id >= 9498855) AND (id <= 9508854))

table 7 : explain SELECT DISTINCT c FROM sbtest7 WHERE id BETWEEN 2893448 AND 2903447 ORDER BY c
	Unique  (cost=39519.86..39576.38 rows=11303 width=121)
	  ->  Sort  (cost=39519.86..39548.12 rows=11303 width=121)
	        Sort Key: c
	        ->  Bitmap Heap Scan on sbtest7  (cost=336.29..38758.92 rows=11303 width=121)
	              Recheck Cond: ((id >= 2893448) AND (id <= 2903447))
	              ->  Bitmap Index Scan on sbtest7_pkey  (cost=0.00..333.46 rows=11303 width=0)
	                    Index Cond: ((id >= 2893448) AND (id <= 2903447))

table 8 : explain SELECT DISTINCT c FROM sbtest8 WHERE id BETWEEN 9145370 AND 9155369 ORDER BY c
	Unique  (cost=36652.96..36704.98 rows=10405 width=121)
	  ->  Sort  (cost=36652.96..36678.97 rows=10405 width=121)
	        Sort Key: c
	        ->  Bitmap Heap Scan on sbtest8  (cost=315.09..35958.69 rows=10405 width=121)
	              Recheck Cond: ((id >= 9145370) AND (id <= 9155369))
	              ->  Bitmap Index Scan on sbtest8_pkey  (cost=0.00..312.49 rows=10405 width=0)
	                    Index Cond: ((id >= 9145370) AND (id <= 9155369))

for: distinct_ranges
table 1 : explain SELECT DISTINCT c FROM sbtest1 WHERE id BETWEEN 2237107 AND 2247106 ORDER BY c
	Unique  (cost=34881.82..34931.12 rows=9860 width=121)
	  ->  Sort  (cost=34881.82..34906.47 rows=9860 width=121)
	        Sort Key: c
	        ->  Bitmap Heap Scan on sbtest1  (cost=289.50..34227.74 rows=9860 width=121)
	              Recheck Cond: ((id >= 2237107) AND (id <= 2247106))
	              ->  Bitmap Index Scan on sbtest1_pkey  (cost=0.00..287.04 rows=9860 width=0)
	                    Index Cond: ((id >= 2237107) AND (id <= 2247106))

table 2 : explain SELECT DISTINCT c FROM sbtest2 WHERE id BETWEEN 9570567 AND 9580566 ORDER BY c
	Unique  (cost=33965.91..34013.79 rows=9576 width=121)
	  ->  Sort  (cost=33965.91..33989.85 rows=9576 width=121)
	        Sort Key: c
	        ->  Bitmap Heap Scan on sbtest2  (cost=286.59..33332.69 rows=9576 width=121)
	              Recheck Cond: ((id >= 9570567) AND (id <= 9580566))
	              ->  Bitmap Index Scan on sbtest2_pkey  (cost=0.00..284.19 rows=9576 width=0)
	                    Index Cond: ((id >= 9570567) AND (id <= 9580566))

table 3 : explain SELECT DISTINCT c FROM sbtest3 WHERE id BETWEEN 3106412 AND 3116411 ORDER BY c
	Unique  (cost=35119.14..35168.81 rows=9935 width=121)
	  ->  Sort  (cost=35119.14..35143.97 rows=9935 width=121)
	        Sort Key: c
	        ->  Bitmap Heap Scan on sbtest3  (cost=294.27..34459.54 rows=9935 width=121)
	              Recheck Cond: ((id >= 3106412) AND (id <= 3116411))
	              ->  Bitmap Index Scan on sbtest3_pkey  (cost=0.00..291.79 rows=9935 width=0)
	                    Index Cond: ((id >= 3106412) AND (id <= 3116411))

table 4 : explain SELECT DISTINCT c FROM sbtest4 WHERE id BETWEEN 9845799 AND 9855798 ORDER BY c
	Unique  (cost=35390.89..35440.96 rows=10013 width=121)
	  ->  Sort  (cost=35390.89..35415.92 rows=10013 width=121)
	        Sort Key: c
	        ->  Bitmap Heap Scan on sbtest4  (cost=295.07..34725.55 rows=10013 width=121)
	              Recheck Cond: ((id >= 9845799) AND (id <= 9855798))
	              ->  Bitmap Index Scan on sbtest4_pkey  (cost=0.00..292.56 rows=10013 width=0)
	                    Index Cond: ((id >= 9845799) AND (id <= 9855798))

table 5 : explain SELECT DISTINCT c FROM sbtest5 WHERE id BETWEEN 9209183 AND 9219182 ORDER BY c
	Unique  (cost=36601.63..36653.59 rows=10391 width=121)
	  ->  Sort  (cost=36601.63..36627.61 rows=10391 width=121)
	        Sort Key: c
	        ->  Bitmap Heap Scan on sbtest5  (cost=306.94..35908.39 rows=10391 width=121)
	              Recheck Cond: ((id >= 9209183) AND (id <= 9219182))
	              ->  Bitmap Index Scan on sbtest5_pkey  (cost=0.00..304.34 rows=10391 width=0)
	                    Index Cond: ((id >= 9209183) AND (id <= 9219182))

table 6 : explain SELECT DISTINCT c FROM sbtest6 WHERE id BETWEEN 8860072 AND 8870071 ORDER BY c
	Unique  (cost=35310.65..35360.61 rows=9992 width=121)
	  ->  Sort  (cost=35310.65..35335.63 rows=9992 width=121)
	        Sort Key: c
	        ->  Bitmap Heap Scan on sbtest6  (cost=302.85..34646.85 rows=9992 width=121)
	              Recheck Cond: ((id >= 8860072) AND (id <= 8870071))
	              ->  Bitmap Index Scan on sbtest6_pkey  (cost=0.00..300.36 rows=9992 width=0)
	                    Index Cond: ((id >= 8860072) AND (id <= 8870071))

table 7 : explain SELECT DISTINCT c FROM sbtest7 WHERE id BETWEEN 9434047 AND 9444046 ORDER BY c
	Unique  (cost=32546.14..32591.84 rows=9140 width=121)
	  ->  Sort  (cost=32546.14..32568.99 rows=9140 width=121)
	        Sort Key: c
	        ->  Bitmap Heap Scan on sbtest7  (cost=274.12..31944.82 rows=9140 width=121)
	              Recheck Cond: ((id >= 9434047) AND (id <= 9444046))
	              ->  Bitmap Index Scan on sbtest7_pkey  (cost=0.00..271.83 rows=9140 width=0)
	                    Index Cond: ((id >= 9434047) AND (id <= 9444046))

table 8 : explain SELECT DISTINCT c FROM sbtest8 WHERE id BETWEEN 2222865 AND 2232864 ORDER BY c
	Unique  (cost=32351.24..32396.64 rows=9080 width=121)
	  ->  Sort  (cost=32351.24..32373.94 rows=9080 width=121)
	        Sort Key: c
	        ->  Bitmap Heap Scan on sbtest8  (cost=273.50..31754.30 rows=9080 width=121)
	              Recheck Cond: ((id >= 2222865) AND (id <= 2232864))
	              ->  Bitmap Index Scan on sbtest8_pkey  (cost=0.00..271.24 rows=9080 width=0)
	                    Index Cond: ((id >= 2222865) AND (id <= 2232864))

for: simple_ranges
table 1 : explain SELECT c FROM sbtest1 WHERE id BETWEEN 148688 AND 158687
	Bitmap Heap Scan on sbtest1  (cost=307.65..36118.33 rows=10460 width=121)
	  Recheck Cond: ((id >= 148688) AND (id <= 158687))
	  ->  Bitmap Index Scan on sbtest1_pkey  (cost=0.00..305.04 rows=10460 width=0)
	        Index Cond: ((id >= 148688) AND (id <= 158687))

table 2 : explain SELECT c FROM sbtest2 WHERE id BETWEEN 6249962 AND 6259961
	Bitmap Heap Scan on sbtest2  (cost=299.30..34792.23 rows=10036 width=121)
	  Recheck Cond: ((id >= 6249962) AND (id <= 6259961))
	  ->  Bitmap Index Scan on sbtest2_pkey  (cost=0.00..296.80 rows=10036 width=0)
	        Index Cond: ((id >= 6249962) AND (id <= 6259961))

table 3 : explain SELECT c FROM sbtest3 WHERE id BETWEEN 1530090 AND 1540089
	Bitmap Heap Scan on sbtest3  (cost=294.27..34459.54 rows=9935 width=121)
	  Recheck Cond: ((id >= 1530090) AND (id <= 1540089))
	  ->  Bitmap Index Scan on sbtest3_pkey  (cost=0.00..291.79 rows=9935 width=0)
	        Index Cond: ((id >= 1530090) AND (id <= 1540089))

table 4 : explain SELECT c FROM sbtest4 WHERE id BETWEEN 3717010 AND 3727009
	Bitmap Heap Scan on sbtest4  (cost=325.86..38030.58 rows=11066 width=121)
	  Recheck Cond: ((id >= 3717010) AND (id <= 3727009))
	  ->  Bitmap Index Scan on sbtest4_pkey  (cost=0.00..323.09 rows=11066 width=0)
	        Index Cond: ((id >= 3717010) AND (id <= 3727009))

table 5 : explain SELECT c FROM sbtest5 WHERE id BETWEEN 9668798 AND 9678797
	Bitmap Heap Scan on sbtest5  (cost=312.99..36534.09 rows=10591 width=121)
	  Recheck Cond: ((id >= 9668798) AND (id <= 9678797))
	  ->  Bitmap Index Scan on sbtest5_pkey  (cost=0.00..310.34 rows=10591 width=0)
	        Index Cond: ((id >= 9668798) AND (id <= 9678797))

table 6 : explain SELECT c FROM sbtest6 WHERE id BETWEEN 5943525 AND 5953524
	Bitmap Heap Scan on sbtest6  (cost=271.69..31177.70 rows=8903 width=121)
	  Recheck Cond: ((id >= 5943525) AND (id <= 5953524))
	  ->  Bitmap Index Scan on sbtest6_pkey  (cost=0.00..269.46 rows=8903 width=0)
	        Index Cond: ((id >= 5943525) AND (id <= 5953524))

table 7 : explain SELECT c FROM sbtest7 WHERE id BETWEEN 4091830 AND 4101829
	Bitmap Heap Scan on sbtest7  (cost=317.54..36706.39 rows=10644 width=121)
	  Recheck Cond: ((id >= 4091830) AND (id <= 4101829))
	  ->  Bitmap Index Scan on sbtest7_pkey  (cost=0.00..314.88 rows=10644 width=0)
	        Index Cond: ((id >= 4091830) AND (id <= 4101829))

table 8 : explain SELECT c FROM sbtest8 WHERE id BETWEEN 3487403 AND 3497402
	Bitmap Heap Scan on sbtest8  (cost=285.99..33151.01 rows=9518 width=121)
	  Recheck Cond: ((id >= 3487403) AND (id <= 3497402))
	  ->  Bitmap Index Scan on sbtest8_pkey  (cost=0.00..283.62 rows=9518 width=0)
	        Index Cond: ((id >= 3487403) AND (id <= 3497402))

for: sum_ranges
table 1 : explain SELECT SUM(k) FROM sbtest1 WHERE id BETWEEN 2267555 AND 2277554
	Aggregate  (cost=34252.39..34252.40 rows=1 width=8)
	  ->  Bitmap Heap Scan on sbtest1  (cost=289.50..34227.74 rows=9860 width=4)
	        Recheck Cond: ((id >= 2267555) AND (id <= 2277554))
	        ->  Bitmap Index Scan on sbtest1_pkey  (cost=0.00..287.04 rows=9860 width=0)
	              Index Cond: ((id >= 2267555) AND (id <= 2277554))

table 2 : explain SELECT SUM(k) FROM sbtest2 WHERE id BETWEEN 2536555 AND 2546554
	Aggregate  (cost=37599.63..37599.64 rows=1 width=8)
	  ->  Bitmap Heap Scan on sbtest2  (cost=324.39..37572.33 rows=10922 width=4)
	        Recheck Cond: ((id >= 2536555) AND (id <= 2546554))
	        ->  Bitmap Index Scan on sbtest2_pkey  (cost=0.00..321.66 rows=10922 width=0)
	              Index Cond: ((id >= 2536555) AND (id <= 2546554))

table 3 : explain SELECT SUM(k) FROM sbtest3 WHERE id BETWEEN 3701208 AND 3711207
	Aggregate  (cost=31118.16..31118.17 rows=1 width=8)
	  ->  Bitmap Heap Scan on sbtest3  (cost=263.44..31095.96 rows=8879 width=4)
	        Recheck Cond: ((id >= 3701208) AND (id <= 3711207))
	        ->  Bitmap Index Scan on sbtest3_pkey  (cost=0.00..261.23 rows=8879 width=0)
	              Index Cond: ((id >= 3701208) AND (id <= 3711207))

table 4 : explain SELECT SUM(k) FROM sbtest4 WHERE id BETWEEN 4551048 AND 4561047
	Aggregate  (cost=38443.23..38443.24 rows=1 width=8)
	  ->  Bitmap Heap Scan on sbtest4  (cost=331.13..38415.25 rows=11190 width=4)
	        Recheck Cond: ((id >= 4551048) AND (id <= 4561047))
	        ->  Bitmap Index Scan on sbtest4_pkey  (cost=0.00..328.33 rows=11190 width=0)
	              Index Cond: ((id >= 4551048) AND (id <= 4561047))

table 5 : explain SELECT SUM(k) FROM sbtest5 WHERE id BETWEEN 7042645 AND 7052644
	Aggregate  (cost=36166.67..36166.68 rows=1 width=8)
	  ->  Bitmap Heap Scan on sbtest5  (cost=307.71..36140.50 rows=10466 width=4)
	        Recheck Cond: ((id >= 7042645) AND (id <= 7052644))
	        ->  Bitmap Index Scan on sbtest5_pkey  (cost=0.00..305.09 rows=10466 width=0)
	              Index Cond: ((id >= 7042645) AND (id <= 7052644))

table 6 : explain SELECT SUM(k) FROM sbtest6 WHERE id BETWEEN 8444398 AND 8454397
	Aggregate  (cost=35109.81..35109.82 rows=1 width=8)
	  ->  Bitmap Heap Scan on sbtest6  (cost=308.28..35084.48 rows=10131 width=4)
	        Recheck Cond: ((id >= 8444398) AND (id <= 8454397))
	        ->  Bitmap Index Scan on sbtest6_pkey  (cost=0.00..305.75 rows=10131 width=0)
	              Index Cond: ((id >= 8444398) AND (id <= 8454397))

table 7 : explain SELECT SUM(k) FROM sbtest7 WHERE id BETWEEN 3825747 AND 3835746
	Aggregate  (cost=36552.72..36552.73 rows=1 width=8)
	  ->  Bitmap Heap Scan on sbtest7  (cost=316.94..36526.25 rows=10586 width=4)
	        Recheck Cond: ((id >= 3825747) AND (id <= 3835746))
	        ->  Bitmap Index Scan on sbtest7_pkey  (cost=0.00..314.30 rows=10586 width=0)
	              Index Cond: ((id >= 3825747) AND (id <= 3835746))

table 8 : explain SELECT SUM(k) FROM sbtest8 WHERE id BETWEEN 5261094 AND 5271093
	Aggregate  (cost=35366.83..35366.84 rows=1 width=8)
	  ->  Bitmap Heap Scan on sbtest8  (cost=309.07..35341.31 rows=10208 width=4)
	        Recheck Cond: ((id >= 5261094) AND (id <= 5271093))
	        ->  Bitmap Index Scan on sbtest8_pkey  (cost=0.00..306.51 rows=10208 width=0)
	              Index Cond: ((id >= 5261094) AND (id <= 5271093))

for point_selects
table 1 : explain SELECT c FROM sbtest1 WHERE id=2972644
	Index Scan using sbtest1_pkey on sbtest1  (cost=0.43..8.45 rows=1 width=121)
	  Index Cond: (id = 2972644)

table 2 : explain SELECT c FROM sbtest2 WHERE id=4858116
	Index Scan using sbtest2_pkey on sbtest2  (cost=0.43..8.45 rows=1 width=121)
	  Index Cond: (id = 4858116)

table 3 : explain SELECT c FROM sbtest3 WHERE id=8990696
	Index Scan using sbtest3_pkey on sbtest3  (cost=0.43..8.45 rows=1 width=121)
	  Index Cond: (id = 8990696)

table 4 : explain SELECT c FROM sbtest4 WHERE id=4742812
	Index Scan using sbtest4_pkey on sbtest4  (cost=0.43..8.45 rows=1 width=121)
	  Index Cond: (id = 4742812)

table 5 : explain SELECT c FROM sbtest5 WHERE id=6772573
	Index Scan using sbtest5_pkey on sbtest5  (cost=0.43..8.45 rows=1 width=121)
	  Index Cond: (id = 6772573)

table 6 : explain SELECT c FROM sbtest6 WHERE id=6329441
	Index Scan using sbtest6_pkey on sbtest6  (cost=0.43..8.45 rows=1 width=121)
	  Index Cond: (id = 6329441)

table 7 : explain SELECT c FROM sbtest7 WHERE id=1205873
	Index Scan using sbtest7_pkey on sbtest7  (cost=0.43..8.45 rows=1 width=121)
	  Index Cond: (id = 1205873)

table 8 : explain SELECT c FROM sbtest8 WHERE id=8486858
	Index Scan using sbtest8_pkey on sbtest8  (cost=0.43..8.45 rows=1 width=121)
	  Index Cond: (id = 8486858)

for: distinct_ranges
table 1 : explain SELECT DISTINCT c FROM sbtest1 WHERE id BETWEEN 7904006 AND 7914005 ORDER BY c
	Unique  (cost=35446.44..35496.61 rows=10034 width=121)
	  ->  Sort  (cost=35446.44..35471.53 rows=10034 width=121)
	        Sort Key: c
	        ->  Bitmap Heap Scan on sbtest1  (cost=295.28..34779.55 rows=10034 width=121)
	              Recheck Cond: ((id >= 7904006) AND (id <= 7914005))
	              ->  Bitmap Index Scan on sbtest1_pkey  (cost=0.00..292.78 rows=10034 width=0)
	                    Index Cond: ((id >= 7904006) AND (id <= 7914005))

table 2 : explain SELECT DISTINCT c FROM sbtest2 WHERE id BETWEEN 5808975 AND 5818974 ORDER BY c
	Unique  (cost=34032.48..34080.46 rows=9596 width=121)
	  ->  Sort  (cost=34032.48..34056.47 rows=9596 width=121)
	        Sort Key: c
	        ->  Bitmap Heap Scan on sbtest2  (cost=286.79..33397.79 rows=9596 width=121)
	              Recheck Cond: ((id >= 5808975) AND (id <= 5818974))
	              ->  Bitmap Index Scan on sbtest2_pkey  (cost=0.00..284.40 rows=9596 width=0)
	                    Index Cond: ((id >= 5808975) AND (id <= 5818974))

table 3 : explain SELECT DISTINCT c FROM sbtest3 WHERE id BETWEEN 6600323 AND 6610322 ORDER BY c
	Unique  (cost=33837.81..33885.51 rows=9540 width=121)
	  ->  Sort  (cost=33837.81..33861.66 rows=9540 width=121)
	        Sort Key: c
	        ->  Bitmap Heap Scan on sbtest3  (cost=282.22..33207.22 rows=9540 width=121)
	              Recheck Cond: ((id >= 6600323) AND (id <= 6610322))
	              ->  Bitmap Index Scan on sbtest3_pkey  (cost=0.00..279.83 rows=9540 width=0)
	                    Index Cond: ((id >= 6600323) AND (id <= 6610322))

table 4 : explain SELECT DISTINCT c FROM sbtest4 WHERE id BETWEEN 5912684 AND 5922683 ORDER BY c
	Unique  (cost=35878.73..35929.55 rows=10164 width=121)
	  ->  Sort  (cost=35878.73..35904.14 rows=10164 width=121)
	        Sort Key: c
	        ->  Bitmap Heap Scan on sbtest4  (cost=300.62..35202.26 rows=10164 width=121)
	              Recheck Cond: ((id >= 5912684) AND (id <= 5922683))
	              ->  Bitmap Index Scan on sbtest4_pkey  (cost=0.00..298.07 rows=10164 width=0)
	                    Index Cond: ((id >= 5912684) AND (id <= 5922683))

table 5 : explain SELECT DISTINCT c FROM sbtest5 WHERE id BETWEEN 1632926 AND 1642925 ORDER BY c
	Unique  (cost=34885.12..34934.41 rows=9859 width=121)
	  ->  Sort  (cost=34885.12..34909.76 rows=9859 width=121)
	        Sort Key: c
	        ->  Bitmap Heap Scan on sbtest5  (cost=293.49..34231.11 rows=9859 width=121)
	              Recheck Cond: ((id >= 1632926) AND (id <= 1642925))
	              ->  Bitmap Index Scan on sbtest5_pkey  (cost=0.00..291.03 rows=9859 width=0)
	                    Index Cond: ((id >= 1632926) AND (id <= 1642925))

table 6 : explain SELECT DISTINCT c FROM sbtest6 WHERE id BETWEEN 791664 AND 801663 ORDER BY c
	Unique  (cost=35963.63..36014.60 rows=10195 width=121)
	  ->  Sort  (cost=35963.63..35989.11 rows=10195 width=121)
	        Sort Key: c
	        ->  Bitmap Heap Scan on sbtest6  (cost=308.93..35284.87 rows=10195 width=121)
	              Recheck Cond: ((id >= 791664) AND (id <= 801663))
	              ->  Bitmap Index Scan on sbtest6_pkey  (cost=0.00..306.38 rows=10195 width=0)
	                    Index Cond: ((id >= 791664) AND (id <= 801663))

table 7 : explain SELECT DISTINCT c FROM sbtest7 WHERE id BETWEEN 5651196 AND 5661195 ORDER BY c
	Unique  (cost=35148.97..35198.66 rows=9939 width=121)
	  ->  Sort  (cost=35148.97..35173.81 rows=9939 width=121)
	        Sort Key: c
	        ->  Bitmap Heap Scan on sbtest7  (cost=298.31..34489.07 rows=9939 width=121)
	              Recheck Cond: ((id >= 5651196) AND (id <= 5661195))
	              ->  Bitmap Index Scan on sbtest7_pkey  (cost=0.00..295.82 rows=9939 width=0)
	                    Index Cond: ((id >= 5651196) AND (id <= 5661195))

table 8 : explain SELECT DISTINCT c FROM sbtest8 WHERE id BETWEEN 6010260 AND 6020259 ORDER BY c
	Unique  (cost=36778.34..36830.56 rows=10444 width=121)
	  ->  Sort  (cost=36778.34..36804.45 rows=10444 width=121)
	        Sort Key: c
	        ->  Bitmap Heap Scan on sbtest8  (cost=315.49..36081.18 rows=10444 width=121)
	              Recheck Cond: ((id >= 6010260) AND (id <= 6020259))
	              ->  Bitmap Index Scan on sbtest8_pkey  (cost=0.00..312.88 rows=10444 width=0)
	                    Index Cond: ((id >= 6010260) AND (id <= 6020259))

for: order_ranges
table 1 : explain SELECT c FROM sbtest1 WHERE id BETWEEN 5799692 AND 5809691 ORDER BY c
	Sort  (cost=30847.55..30869.11 rows=8626 width=121)
	  Sort Key: c
	  ->  Bitmap Heap Scan on sbtest1  (cost=252.85..30283.65 rows=8626 width=121)
	        Recheck Cond: ((id >= 5799692) AND (id <= 5809691))
	        ->  Bitmap Index Scan on sbtest1_pkey  (cost=0.00..250.69 rows=8626 width=0)
	              Index Cond: ((id >= 5799692) AND (id <= 5809691))

table 2 : explain SELECT c FROM sbtest2 WHERE id BETWEEN 4837056 AND 4847055 ORDER BY c
	Sort  (cost=35396.35..35421.39 rows=10017 width=121)
	  Sort Key: c
	  ->  Bitmap Heap Scan on sbtest2  (cost=299.11..34730.71 rows=10017 width=121)
	        Recheck Cond: ((id >= 4837056) AND (id <= 4847055))
	        ->  Bitmap Index Scan on sbtest2_pkey  (cost=0.00..296.61 rows=10017 width=0)
	              Index Cond: ((id >= 4837056) AND (id <= 4847055))

table 3 : explain SELECT c FROM sbtest3 WHERE id BETWEEN 1048204 AND 1058203 ORDER BY c
	Sort  (cost=36793.99..36820.12 rows=10455 width=121)
	  Sort Key: c
	  ->  Bitmap Heap Scan on sbtest3  (cost=307.60..36096.02 rows=10455 width=121)
	        Recheck Cond: ((id >= 1048204) AND (id <= 1058203))
	        ->  Bitmap Index Scan on sbtest3_pkey  (cost=0.00..304.99 rows=10455 width=0)
	              Index Cond: ((id >= 1048204) AND (id <= 1058203))

table 4 : explain SELECT c FROM sbtest4 WHERE id BETWEEN 5711357 AND 5721356 ORDER BY c
	Sort  (cost=32954.05..32977.21 rows=9263 width=121)
	  Sort Key: c
	  ->  Bitmap Heap Scan on sbtest4  (cost=275.38..32343.75 rows=9263 width=121)
	        Recheck Cond: ((id >= 5711357) AND (id <= 5721356))
	        ->  Bitmap Index Scan on sbtest4_pkey  (cost=0.00..273.06 rows=9263 width=0)
	              Index Cond: ((id >= 5711357) AND (id <= 5721356))

table 5 : explain SELECT c FROM sbtest5 WHERE id BETWEEN 1788618 AND 1798617 ORDER BY c
	Sort  (cost=34078.94..34102.97 rows=9612 width=121)
	  Sort Key: c
	  ->  Bitmap Heap Scan on sbtest5  (cost=282.96..33443.08 rows=9612 width=121)
	        Recheck Cond: ((id >= 1788618) AND (id <= 1798617))
	        ->  Bitmap Index Scan on sbtest5_pkey  (cost=0.00..280.56 rows=9612 width=0)
	              Index Cond: ((id >= 1788618) AND (id <= 1798617))

table 6 : explain SELECT c FROM sbtest6 WHERE id BETWEEN 4964999 AND 4974998 ORDER BY c
	Sort  (cost=33823.87..33847.70 rows=9534 width=121)
	  Sort Key: c
	  ->  Bitmap Heap Scan on sbtest6  (cost=290.16..33193.73 rows=9534 width=121)
	        Recheck Cond: ((id >= 4964999) AND (id <= 4974998))
	        ->  Bitmap Index Scan on sbtest6_pkey  (cost=0.00..287.78 rows=9534 width=0)
	              Index Cond: ((id >= 4964999) AND (id <= 4974998))

table 7 : explain SELECT c FROM sbtest7 WHERE id BETWEEN 6324663 AND 6334662 ORDER BY c
	Sort  (cost=33402.90..33426.41 rows=9403 width=121)
	  Sort Key: c
	  ->  Bitmap Heap Scan on sbtest7  (cost=280.82..32782.35 rows=9403 width=121)
	        Recheck Cond: ((id >= 6324663) AND (id <= 6334662))
	        ->  Bitmap Index Scan on sbtest7_pkey  (cost=0.00..278.46 rows=9403 width=0)
	              Index Cond: ((id >= 6324663) AND (id <= 6334662))

table 8 : explain SELECT c FROM sbtest8 WHERE id BETWEEN 5166009 AND 5176008 ORDER BY c
	Sort  (cost=36348.42..36374.20 rows=10311 width=121)
	  Sort Key: c
	  ->  Bitmap Heap Scan on sbtest8  (cost=310.12..35661.10 rows=10311 width=121)
	        Recheck Cond: ((id >= 5166009) AND (id <= 5176008))
	        ->  Bitmap Index Scan on sbtest8_pkey  (cost=0.00..307.55 rows=10311 width=0)
	              Index Cond: ((id >= 5166009) AND (id <= 5176008))

for: sum_ranges
table 1 : explain SELECT SUM(k) FROM sbtest1 WHERE id BETWEEN 3465187 AND 3475186
	Aggregate  (cost=36244.42..36244.43 rows=1 width=8)
	  ->  Bitmap Heap Scan on sbtest1  (cost=307.98..36218.19 rows=10492 width=4)
	        Recheck Cond: ((id >= 3465187) AND (id <= 3475186))
	        ->  Bitmap Index Scan on sbtest1_pkey  (cost=0.00..305.36 rows=10492 width=0)
	              Index Cond: ((id >= 3465187) AND (id <= 3475186))

table 2 : explain SELECT SUM(k) FROM sbtest2 WHERE id BETWEEN 5069779 AND 5079778
	Aggregate  (cost=33049.36..33049.37 rows=1 width=8)
	  ->  Bitmap Heap Scan on sbtest2  (cost=281.61..33025.66 rows=9480 width=4)
	        Recheck Cond: ((id >= 5069779) AND (id <= 5079778))
	        ->  Bitmap Index Scan on sbtest2_pkey  (cost=0.00..279.24 rows=9480 width=0)
	              Index Cond: ((id >= 5069779) AND (id <= 5079778))

table 3 : explain SELECT SUM(k) FROM sbtest3 WHERE id BETWEEN 7056537 AND 7066536
	Aggregate  (cost=34266.96..34266.97 rows=1 width=8)
	  ->  Bitmap Heap Scan on sbtest3  (cost=293.56..34242.29 rows=9866 width=4)
	        Recheck Cond: ((id >= 7056537) AND (id <= 7066536))
	        ->  Bitmap Index Scan on sbtest3_pkey  (cost=0.00..291.09 rows=9866 width=0)
	              Index Cond: ((id >= 7056537) AND (id <= 7066536))

table 4 : explain SELECT SUM(k) FROM sbtest4 WHERE id BETWEEN 5582237 AND 5592236
	Aggregate  (cost=34627.32..34627.33 rows=1 width=8)
	  ->  Bitmap Heap Scan on sbtest4  (cost=294.67..34602.38 rows=9974 width=4)
	        Recheck Cond: ((id >= 5582237) AND (id <= 5592236))
	        ->  Bitmap Index Scan on sbtest4_pkey  (cost=0.00..292.18 rows=9974 width=0)
	              Index Cond: ((id >= 5582237) AND (id <= 5592236))

table 5 : explain SELECT SUM(k) FROM sbtest5 WHERE id BETWEEN 7064639 AND 7074638
	Aggregate  (cost=36166.67..36166.68 rows=1 width=8)
	  ->  Bitmap Heap Scan on sbtest5  (cost=307.71..36140.50 rows=10466 width=4)
	        Recheck Cond: ((id >= 7064639) AND (id <= 7074638))
	        ->  Bitmap Index Scan on sbtest5_pkey  (cost=0.00..305.09 rows=10466 width=0)
	              Index Cond: ((id >= 7064639) AND (id <= 7074638))

table 6 : explain SELECT SUM(k) FROM sbtest6 WHERE id BETWEEN 2596779 AND 2606778
	Aggregate  (cost=32377.14..32377.15 rows=1 width=8)
	  ->  Bitmap Heap Scan on sbtest6  (cost=279.46..32353.96 rows=9271 width=4)
	        Recheck Cond: ((id >= 2596779) AND (id <= 2606778))
	        ->  Bitmap Index Scan on sbtest6_pkey  (cost=0.00..277.15 rows=9271 width=0)
	              Index Cond: ((id >= 2596779) AND (id <= 2606778))

table 7 : explain SELECT SUM(k) FROM sbtest7 WHERE id BETWEEN 970854 AND 980853
	Aggregate  (cost=32219.84..32219.85 rows=1 width=8)
	  ->  Bitmap Heap Scan on sbtest7  (cost=274.93..32196.79 rows=9219 width=4)
	        Recheck Cond: ((id >= 970854) AND (id <= 980853))
	        ->  Bitmap Index Scan on sbtest7_pkey  (cost=0.00..272.62 rows=9219 width=0)
	              Index Cond: ((id >= 970854) AND (id <= 980853))

table 8 : explain SELECT SUM(k) FROM sbtest8 WHERE id BETWEEN 1894234 AND 1904233
	Aggregate  (cost=34048.88..34048.89 rows=1 width=8)
	  ->  Bitmap Heap Scan on sbtest8  (cost=296.80..34024.40 rows=9792 width=4)
	        Recheck Cond: ((id >= 1894234) AND (id <= 1904233))
	        ->  Bitmap Index Scan on sbtest8_pkey  (cost=0.00..294.36 rows=9792 width=0)
	              Index Cond: ((id >= 1894234) AND (id <= 1904233))

for: simple_ranges
table 1 : explain SELECT c FROM sbtest1 WHERE id BETWEEN 7014566 AND 7024565
	Bitmap Heap Scan on sbtest1  (cost=302.45..35749.99 rows=10343 width=121)
	  Recheck Cond: ((id >= 7014566) AND (id <= 7024565))
	  ->  Bitmap Index Scan on sbtest1_pkey  (cost=0.00..299.87 rows=10343 width=0)
	        Index Cond: ((id >= 7014566) AND (id <= 7024565))

table 2 : explain SELECT c FROM sbtest2 WHERE id BETWEEN 7589109 AND 7599108
	Bitmap Heap Scan on sbtest2  (cost=300.21..35067.36 rows=10124 width=121)
	  Recheck Cond: ((id >= 7589109) AND (id <= 7599108))
	  ->  Bitmap Index Scan on sbtest2_pkey  (cost=0.00..297.68 rows=10124 width=0)
	        Index Cond: ((id >= 7589109) AND (id <= 7599108))

table 3 : explain SELECT c FROM sbtest3 WHERE id BETWEEN 4247303 AND 4257302
	Bitmap Heap Scan on sbtest3  (cost=282.52..33298.40 rows=9569 width=121)
	  Recheck Cond: ((id >= 4247303) AND (id <= 4257302))
	  ->  Bitmap Index Scan on sbtest3_pkey  (cost=0.00..280.12 rows=9569 width=0)
	        Index Cond: ((id >= 4247303) AND (id <= 4257302))

table 4 : explain SELECT c FROM sbtest4 WHERE id BETWEEN 4551135 AND 4561134
	Bitmap Heap Scan on sbtest4  (cost=331.13..38415.25 rows=11190 width=121)
	  Recheck Cond: ((id >= 4551135) AND (id <= 4561134))
	  ->  Bitmap Index Scan on sbtest4_pkey  (cost=0.00..328.33 rows=11190 width=0)
	        Index Cond: ((id >= 4551135) AND (id <= 4561134))

table 5 : explain SELECT c FROM sbtest5 WHERE id BETWEEN 1824869 AND 1834868
	Bitmap Heap Scan on sbtest5  (cost=282.96..33443.08 rows=9612 width=121)
	  Recheck Cond: ((id >= 1824869) AND (id <= 1834868))
	  ->  Bitmap Index Scan on sbtest5_pkey  (cost=0.00..280.56 rows=9612 width=0)
	        Index Cond: ((id >= 1824869) AND (id <= 1834868))

table 6 : explain SELECT c FROM sbtest6 WHERE id BETWEEN 1385443 AND 1395442
	Bitmap Heap Scan on sbtest6  (cost=320.88..36495.21 rows=10580 width=121)
	  Recheck Cond: ((id >= 1385443) AND (id <= 1395442))
	  ->  Bitmap Index Scan on sbtest6_pkey  (cost=0.00..318.24 rows=10580 width=0)
	        Index Cond: ((id >= 1385443) AND (id <= 1395442))

table 7 : explain SELECT c FROM sbtest7 WHERE id BETWEEN 5076280 AND 5086279
	Bitmap Heap Scan on sbtest7  (cost=299.58..34877.87 rows=10063 width=121)
	  Recheck Cond: ((id >= 5076280) AND (id <= 5086279))
	  ->  Bitmap Index Scan on sbtest7_pkey  (cost=0.00..297.06 rows=10063 width=0)
	        Index Cond: ((id >= 5076280) AND (id <= 5086279))

table 8 : explain SELECT c FROM sbtest8 WHERE id BETWEEN 4671151 AND 4681150
	Bitmap Heap Scan on sbtest8  (cost=309.72..35541.62 rows=10272 width=121)
	  Recheck Cond: ((id >= 4671151) AND (id <= 4681150))
	  ->  Bitmap Index Scan on sbtest8_pkey  (cost=0.00..307.16 rows=10272 width=0)
	        Index Cond: ((id >= 4671151) AND (id <= 4681150))

for: sum_ranges
table 1 : explain SELECT SUM(k) FROM sbtest1 WHERE id BETWEEN 6372731 AND 6382730
	Aggregate  (cost=36866.56..36866.57 rows=1 width=8)
	  ->  Bitmap Heap Scan on sbtest1  (cost=314.01..36839.84 rows=10690 width=4)
	        Recheck Cond: ((id >= 6372731) AND (id <= 6382730))
	        ->  Bitmap Index Scan on sbtest1_pkey  (cost=0.00..311.33 rows=10690 width=0)
	              Index Cond: ((id >= 6372731) AND (id <= 6382730))

table 2 : explain SELECT SUM(k) FROM sbtest2 WHERE id BETWEEN 9628778 AND 9638777
	Aggregate  (cost=35005.23..35005.24 rows=1 width=8)
	  ->  Bitmap Heap Scan on sbtest2  (cost=299.92..34979.99 rows=10096 width=4)
	        Recheck Cond: ((id >= 9628778) AND (id <= 9638777))
	        ->  Bitmap Index Scan on sbtest2_pkey  (cost=0.00..297.40 rows=10096 width=0)
	              Index Cond: ((id >= 9628778) AND (id <= 9638777))

table 3 : explain SELECT SUM(k) FROM sbtest3 WHERE id BETWEEN 1403616 AND 1413615
	Aggregate  (cost=31351.35..31351.36 rows=1 width=8)
	  ->  Bitmap Heap Scan on sbtest3  (cost=264.19..31328.97 rows=8952 width=4)
	        Recheck Cond: ((id >= 1403616) AND (id <= 1413615))
	        ->  Bitmap Index Scan on sbtest3_pkey  (cost=0.00..261.95 rows=8952 width=0)
	              Index Cond: ((id >= 1403616) AND (id <= 1413615))

table 4 : explain SELECT SUM(k) FROM sbtest4 WHERE id BETWEEN 918276 AND 928275
	Aggregate  (cost=33687.19..33687.20 rows=1 width=8)
	  ->  Bitmap Heap Scan on sbtest4  (cost=287.62..33663.00 rows=9677 width=4)
	        Recheck Cond: ((id >= 918276) AND (id <= 928275))
	        ->  Bitmap Index Scan on sbtest4_pkey  (cost=0.00..285.20 rows=9677 width=0)
	              Index Cond: ((id >= 918276) AND (id <= 928275))

table 5 : explain SELECT SUM(k) FROM sbtest5 WHERE id BETWEEN 5772789 AND 5782788
	Aggregate  (cost=35326.15..35326.16 rows=1 width=8)
	  ->  Bitmap Heap Scan on sbtest5  (cost=300.96..35300.65 rows=10198 width=4)
	        Recheck Cond: ((id >= 5772789) AND (id <= 5782788))
	        ->  Bitmap Index Scan on sbtest5_pkey  (cost=0.00..298.42 rows=10198 width=0)
	              Index Cond: ((id >= 5772789) AND (id <= 5782788))

table 6 : explain SELECT SUM(k) FROM sbtest6 WHERE id BETWEEN 1386404 AND 1396403
	Aggregate  (cost=36521.66..36521.67 rows=1 width=8)
	  ->  Bitmap Heap Scan on sbtest6  (cost=320.88..36495.21 rows=10580 width=4)
	        Recheck Cond: ((id >= 1386404) AND (id <= 1396403))
	        ->  Bitmap Index Scan on sbtest6_pkey  (cost=0.00..318.24 rows=10580 width=0)
	              Index Cond: ((id >= 1386404) AND (id <= 1396403))

table 7 : explain SELECT SUM(k) FROM sbtest7 WHERE id BETWEEN 4167244 AND 4177243
	Aggregate  (cost=36407.78..36407.79 rows=1 width=8)
	  ->  Bitmap Heap Scan on sbtest7  (cost=316.47..36381.43 rows=10540 width=4)
	        Recheck Cond: ((id >= 4167244) AND (id <= 4177243))
	        ->  Bitmap Index Scan on sbtest7_pkey  (cost=0.00..313.83 rows=10540 width=0)
	              Index Cond: ((id >= 4167244) AND (id <= 4177243))

table 8 : explain SELECT SUM(k) FROM sbtest8 WHERE id BETWEEN 8279041 AND 8289040
	Aggregate  (cost=34529.51..34529.52 rows=1 width=8)
	  ->  Bitmap Heap Scan on sbtest8  (cost=298.36..34504.65 rows=9944 width=4)
	        Recheck Cond: ((id >= 8279041) AND (id <= 8289040))
	        ->  Bitmap Index Scan on sbtest8_pkey  (cost=0.00..295.88 rows=9944 width=0)
	              Index Cond: ((id >= 8279041) AND (id <= 8289040))

for: sum_ranges
table 1 : explain SELECT SUM(k) FROM sbtest1 WHERE id BETWEEN 6520438 AND 6530437
	Aggregate  (cost=34625.60..34625.61 rows=1 width=8)
	  ->  Bitmap Heap Scan on sbtest1  (cost=290.72..34600.65 rows=9979 width=4)
	        Recheck Cond: ((id >= 6520438) AND (id <= 6530437))
	        ->  Bitmap Index Scan on sbtest1_pkey  (cost=0.00..288.23 rows=9979 width=0)
	              Index Cond: ((id >= 6520438) AND (id <= 6530437))

table 2 : explain SELECT SUM(k) FROM sbtest2 WHERE id BETWEEN 3566414 AND 3576413
	Aggregate  (cost=37079.52..37079.53 rows=1 width=8)
	  ->  Bitmap Heap Scan on sbtest2  (cost=322.67..37052.63 rows=10755 width=4)
	        Recheck Cond: ((id >= 3566414) AND (id <= 3576413))
	        ->  Bitmap Index Scan on sbtest2_pkey  (cost=0.00..319.99 rows=10755 width=0)
	              Index Cond: ((id >= 3566414) AND (id <= 3576413))

table 3 : explain SELECT SUM(k) FROM sbtest3 WHERE id BETWEEN 3762747 AND 3772746
	Aggregate  (cost=34835.21..34835.22 rows=1 width=8)
	  ->  Bitmap Heap Scan on sbtest3  (cost=299.40..34810.10 rows=10045 width=4)
	        Recheck Cond: ((id >= 3762747) AND (id <= 3772746))
	        ->  Bitmap Index Scan on sbtest3_pkey  (cost=0.00..296.88 rows=10045 width=0)
	              Index Cond: ((id >= 3762747) AND (id <= 3772746))

table 4 : explain SELECT SUM(k) FROM sbtest4 WHERE id BETWEEN 7122920 AND 7132919
	Aggregate  (cost=35636.03..35636.04 rows=1 width=8)
	  ->  Bitmap Heap Scan on sbtest4  (cost=305.94..35610.30 rows=10293 width=4)
	        Recheck Cond: ((id >= 7122920) AND (id <= 7132919))
	        ->  Bitmap Index Scan on sbtest4_pkey  (cost=0.00..303.37 rows=10293 width=0)
	              Index Cond: ((id >= 7122920) AND (id <= 7132919))

table 5 : explain SELECT SUM(k) FROM sbtest5 WHERE id BETWEEN 8970418 AND 8980417
	Aggregate  (cost=33297.65..33297.66 rows=1 width=8)
	  ->  Bitmap Heap Scan on sbtest5  (cost=282.40..33273.75 rows=9558 width=4)
	        Recheck Cond: ((id >= 8970418) AND (id <= 8980417))
	        ->  Bitmap Index Scan on sbtest5_pkey  (cost=0.00..280.01 rows=9558 width=0)
	              Index Cond: ((id >= 8970418) AND (id <= 8980417))

table 6 : explain SELECT SUM(k) FROM sbtest6 WHERE id BETWEEN 1855685 AND 1865684
	Aggregate  (cost=36195.60..36195.61 rows=1 width=8)
	  ->  Bitmap Heap Scan on sbtest6  (cost=315.82..36169.40 rows=10477 width=4)
	        Recheck Cond: ((id >= 1855685) AND (id <= 1865684))
	        ->  Bitmap Index Scan on sbtest6_pkey  (cost=0.00..313.20 rows=10477 width=0)
	              Index Cond: ((id >= 1855685) AND (id <= 1865684))

table 7 : explain SELECT SUM(k) FROM sbtest7 WHERE id BETWEEN 8777282 AND 8787281
	Aggregate  (cost=33769.03..33769.04 rows=1 width=8)
	  ->  Bitmap Heap Scan on sbtest7  (cost=291.90..33744.77 rows=9704 width=4)
	        Recheck Cond: ((id >= 8777282) AND (id <= 8787281))
	        ->  Bitmap Index Scan on sbtest7_pkey  (cost=0.00..289.48 rows=9704 width=0)
	              Index Cond: ((id >= 8777282) AND (id <= 8787281))

table 8 : explain SELECT SUM(k) FROM sbtest8 WHERE id BETWEEN 1329619 AND 1339618
	Aggregate  (cost=32828.88..32828.89 rows=1 width=8)
	  ->  Bitmap Heap Scan on sbtest8  (cost=284.88..32805.35 rows=9409 width=4)
	        Recheck Cond: ((id >= 1329619) AND (id <= 1339618))
	        ->  Bitmap Index Scan on sbtest8_pkey  (cost=0.00..282.53 rows=9409 width=0)
	              Index Cond: ((id >= 1329619) AND (id <= 1339618))

for: simple_ranges
table 1 : explain SELECT c FROM sbtest1 WHERE id BETWEEN 8548478 AND 8558477
	Bitmap Heap Scan on sbtest1  (cost=284.34..33866.57 rows=9747 width=121)
	  Recheck Cond: ((id >= 8548478) AND (id <= 8558477))
	  ->  Bitmap Index Scan on sbtest1_pkey  (cost=0.00..281.91 rows=9747 width=0)
	        Index Cond: ((id >= 8548478) AND (id <= 8558477))

table 2 : explain SELECT c FROM sbtest2 WHERE id BETWEEN 4083674 AND 4093673
	Bitmap Heap Scan on sbtest2  (cost=279.85..32483.91 rows=9309 width=121)
	  Recheck Cond: ((id >= 4083674) AND (id <= 4093673))
	  ->  Bitmap Index Scan on sbtest2_pkey  (cost=0.00..277.53 rows=9309 width=0)
	        Index Cond: ((id >= 4083674) AND (id <= 4093673))

table 3 : explain SELECT c FROM sbtest3 WHERE id BETWEEN 4308413 AND 4318412
	Bitmap Heap Scan on sbtest3  (cost=282.52..33298.40 rows=9569 width=121)
	  Recheck Cond: ((id >= 4308413) AND (id <= 4318412))
	  ->  Bitmap Index Scan on sbtest3_pkey  (cost=0.00..280.12 rows=9569 width=0)
	        Index Cond: ((id >= 4308413) AND (id <= 4318412))

table 4 : explain SELECT c FROM sbtest4 WHERE id BETWEEN 5626399 AND 5636398
	Bitmap Heap Scan on sbtest4  (cost=287.42..33601.16 rows=9657 width=121)
	  Recheck Cond: ((id >= 5626399) AND (id <= 5636398))
	  ->  Bitmap Index Scan on sbtest4_pkey  (cost=0.00..285.00 rows=9657 width=0)
	        Index Cond: ((id >= 5626399) AND (id <= 5636398))

table 5 : explain SELECT c FROM sbtest5 WHERE id BETWEEN 854587 AND 864586
	Bitmap Heap Scan on sbtest5  (cost=288.62..33960.84 rows=9774 width=121)
	  Recheck Cond: ((id >= 854587) AND (id <= 864586))
	  ->  Bitmap Index Scan on sbtest5_pkey  (cost=0.00..286.18 rows=9774 width=0)
	        Index Cond: ((id >= 854587) AND (id <= 864586))

table 6 : explain SELECT c FROM sbtest6 WHERE id BETWEEN 3293029 AND 3303028
	Bitmap Heap Scan on sbtest6  (cost=278.05..31915.80 rows=9133 width=121)
	  Recheck Cond: ((id >= 3293029) AND (id <= 3303028))
	  ->  Bitmap Index Scan on sbtest6_pkey  (cost=0.00..275.76 rows=9133 width=0)
	        Index Cond: ((id >= 3293029) AND (id <= 3303028))

table 7 : explain SELECT c FROM sbtest7 WHERE id BETWEEN 8166624 AND 8176623
	Bitmap Heap Scan on sbtest7  (cost=316.13..36278.39 rows=10507 width=121)
	  Recheck Cond: ((id >= 8166624) AND (id <= 8176623))
	  ->  Bitmap Index Scan on sbtest7_pkey  (cost=0.00..313.50 rows=10507 width=0)
	        Index Cond: ((id >= 8166624) AND (id <= 8176623))

table 8 : explain SELECT c FROM sbtest8 WHERE id BETWEEN 2928576 AND 2938575
	Bitmap Heap Scan on sbtest8  (cost=286.35..33261.78 rows=9553 width=121)
	  Recheck Cond: ((id >= 2928576) AND (id <= 2938575))
	  ->  Bitmap Index Scan on sbtest8_pkey  (cost=0.00..283.96 rows=9553 width=0)
	        Index Cond: ((id >= 2928576) AND (id <= 2938575))

for: order_ranges
table 1 : explain SELECT c FROM sbtest1 WHERE id BETWEEN 9671290 AND 9681289 ORDER BY c
	Sort  (cost=36918.89..36945.12 rows=10492 width=121)
	  Sort Key: c
	  ->  Bitmap Heap Scan on sbtest1  (cost=307.98..36218.19 rows=10492 width=121)
	        Recheck Cond: ((id >= 9671290) AND (id <= 9681289))
	        ->  Bitmap Index Scan on sbtest1_pkey  (cost=0.00..305.36 rows=10492 width=0)
	              Index Cond: ((id >= 9671290) AND (id <= 9681289))

table 2 : explain SELECT c FROM sbtest2 WHERE id BETWEEN 3335710 AND 3345709 ORDER BY c
	Sort  (cost=36651.40..36677.41 rows=10406 width=121)
	  Sort Key: c
	  ->  Bitmap Heap Scan on sbtest2  (cost=311.10..35957.05 rows=10406 width=121)
	        Recheck Cond: ((id >= 3335710) AND (id <= 3345709))
	        ->  Bitmap Index Scan on sbtest2_pkey  (cost=0.00..308.50 rows=10406 width=0)
	              Index Cond: ((id >= 3335710) AND (id <= 3345709))

table 3 : explain SELECT c FROM sbtest3 WHERE id BETWEEN 8665091 AND 8675090 ORDER BY c
	Sort  (cost=38482.84..38510.29 rows=10982 width=121)
	  Sort Key: c
	  ->  Bitmap Heap Scan on sbtest3  (cost=325.00..37745.79 rows=10982 width=121)
	        Recheck Cond: ((id >= 8665091) AND (id <= 8675090))
	        ->  Bitmap Index Scan on sbtest3_pkey  (cost=0.00..322.25 rows=10982 width=0)
	              Index Cond: ((id >= 8665091) AND (id <= 8675090))

table 4 : explain SELECT c FROM sbtest4 WHERE id BETWEEN 4522052 AND 4532051 ORDER BY c
	Sort  (cost=39167.78..39195.75 rows=11190 width=121)
	  Sort Key: c
	  ->  Bitmap Heap Scan on sbtest4  (cost=331.13..38415.25 rows=11190 width=121)
	        Recheck Cond: ((id >= 4522052) AND (id <= 4532051))
	        ->  Bitmap Index Scan on sbtest4_pkey  (cost=0.00..328.33 rows=11190 width=0)
	              Index Cond: ((id >= 4522052) AND (id <= 4532051))

table 5 : explain SELECT c FROM sbtest5 WHERE id BETWEEN 7786131 AND 7796130 ORDER BY c
	Sort  (cost=36340.77..36366.55 rows=10310 width=121)
	  Sort Key: c
	  ->  Bitmap Heap Scan on sbtest5  (cost=306.11..35653.52 rows=10310 width=121)
	        Recheck Cond: ((id >= 7786131) AND (id <= 7796130))
	        ->  Bitmap Index Scan on sbtest5_pkey  (cost=0.00..303.54 rows=10310 width=0)
	              Index Cond: ((id >= 7786131) AND (id <= 7796130))

table 6 : explain SELECT c FROM sbtest6 WHERE id BETWEEN 2545683 AND 2555682 ORDER BY c
	Sort  (cost=34832.32..34856.93 rows=9845 width=121)
	  Sort Key: c
	  ->  Bitmap Heap Scan on sbtest6  (cost=297.35..34179.34 rows=9845 width=121)
	        Recheck Cond: ((id >= 2545683) AND (id <= 2555682))
	        ->  Bitmap Index Scan on sbtest6_pkey  (cost=0.00..294.88 rows=9845 width=0)
	              Index Cond: ((id >= 2545683) AND (id <= 2555682))

table 7 : explain SELECT c FROM sbtest7 WHERE id BETWEEN 3288365 AND 3298364 ORDER BY c
	Sort  (cost=35991.24..36016.74 rows=10200 width=121)
	  Sort Key: c
	  ->  Bitmap Heap Scan on sbtest7  (cost=304.99..35312.11 rows=10200 width=121)
	        Recheck Cond: ((id >= 3288365) AND (id <= 3298364))
	        ->  Bitmap Index Scan on sbtest7_pkey  (cost=0.00..302.44 rows=10200 width=0)
	              Index Cond: ((id >= 3288365) AND (id <= 3298364))

table 8 : explain SELECT c FROM sbtest8 WHERE id BETWEEN 5057539 AND 5067538 ORDER BY c
	Sort  (cost=32894.32..32917.44 rows=9246 width=121)
	  Sort Key: c
	  ->  Bitmap Heap Scan on sbtest8  (cost=279.21..32285.26 rows=9246 width=121)
	        Recheck Cond: ((id >= 5057539) AND (id <= 5067538))
	        ->  Bitmap Index Scan on sbtest8_pkey  (cost=0.00..276.90 rows=9246 width=0)
	              Index Cond: ((id >= 5057539) AND (id <= 5067538))

for: distinct_ranges
table 1 : explain SELECT DISTINCT c FROM sbtest1 WHERE id BETWEEN 7170562 AND 7180561 ORDER BY c
	Unique  (cost=35379.52..35429.60 rows=10015 width=121)
	  ->  Sort  (cost=35379.52..35404.56 rows=10015 width=121)
	        Sort Key: c
	        ->  Bitmap Heap Scan on sbtest1  (cost=291.09..34714.03 rows=10015 width=121)
	              Recheck Cond: ((id >= 7170562) AND (id <= 7180561))
	              ->  Bitmap Index Scan on sbtest1_pkey  (cost=0.00..288.58 rows=10015 width=0)
	                    Index Cond: ((id >= 7170562) AND (id <= 7180561))

table 2 : explain SELECT DISTINCT c FROM sbtest2 WHERE id BETWEEN 6796674 AND 6806673 ORDER BY c
	Unique  (cost=33384.81..33431.79 rows=9397 width=121)
	  ->  Sort  (cost=33384.81..33408.30 rows=9397 width=121)
	        Sort Key: c
	        ->  Bitmap Heap Scan on sbtest2  (cost=280.75..32764.70 rows=9397 width=121)
	              Recheck Cond: ((id >= 6796674) AND (id <= 6806673))
	              ->  Bitmap Index Scan on sbtest2_pkey  (cost=0.00..278.41 rows=9397 width=0)
	                    Index Cond: ((id >= 6796674) AND (id <= 6806673))

table 3 : explain SELECT DISTINCT c FROM sbtest3 WHERE id BETWEEN 1405566 AND 1415565 ORDER BY c
	Unique  (cost=31916.57..31961.33 rows=8952 width=121)
	  ->  Sort  (cost=31916.57..31938.95 rows=8952 width=121)
	        Sort Key: c
	        ->  Bitmap Heap Scan on sbtest3  (cost=264.19..31328.97 rows=8952 width=121)
	              Recheck Cond: ((id >= 1405566) AND (id <= 1415565))
	              ->  Bitmap Index Scan on sbtest3_pkey  (cost=0.00..261.95 rows=8952 width=0)
	                    Index Cond: ((id >= 1405566) AND (id <= 1415565))

table 4 : explain SELECT DISTINCT c FROM sbtest4 WHERE id BETWEEN 6612128 AND 6622127 ORDER BY c
	Unique  (cost=34006.47..34054.40 rows=9586 width=121)
	  ->  Sort  (cost=34006.47..34030.44 rows=9586 width=121)
	        Sort Key: c
	        ->  Bitmap Heap Scan on sbtest4  (cost=282.69..33372.52 rows=9586 width=121)
	              Recheck Cond: ((id >= 6612128) AND (id <= 6622127))
	              ->  Bitmap Index Scan on sbtest4_pkey  (cost=0.00..280.30 rows=9586 width=0)
	                    Index Cond: ((id >= 6612128) AND (id <= 6622127))

table 5 : explain SELECT DISTINCT c FROM sbtest5 WHERE id BETWEEN 9423462 AND 9433461 ORDER BY c
	Unique  (cost=34485.59..34534.27 rows=9736 width=121)
	  ->  Sort  (cost=34485.59..34509.93 rows=9736 width=121)
	        Sort Key: c
	        ->  Bitmap Heap Scan on sbtest5  (cost=288.23..33840.62 rows=9736 width=121)
	              Recheck Cond: ((id >= 9423462) AND (id <= 9433461))
	              ->  Bitmap Index Scan on sbtest5_pkey  (cost=0.00..285.80 rows=9736 width=0)
	                    Index Cond: ((id >= 9423462) AND (id <= 9433461))

table 6 : explain SELECT DISTINCT c FROM sbtest6 WHERE id BETWEEN 198718 AND 208717 ORDER BY c
	Unique  (cost=37294.62..37347.66 rows=10609 width=121)
	  ->  Sort  (cost=37294.62..37321.14 rows=10609 width=121)
	        Sort Key: c
	        ->  Bitmap Heap Scan on sbtest6  (cost=321.18..36585.25 rows=10609 width=121)
	              Recheck Cond: ((id >= 198718) AND (id <= 208717))
	              ->  Bitmap Index Scan on sbtest6_pkey  (cost=0.00..318.53 rows=10609 width=0)
	                    Index Cond: ((id >= 198718) AND (id <= 208717))

table 7 : explain SELECT DISTINCT c FROM sbtest7 WHERE id BETWEEN 212644 AND 222643 ORDER BY c
	Unique  (cost=35092.60..35142.21 rows=9922 width=121)
	  ->  Sort  (cost=35092.60..35117.41 rows=9922 width=121)
	        Sort Key: c
	        ->  Bitmap Heap Scan on sbtest7  (cost=298.14..34433.96 rows=9922 width=121)
	              Recheck Cond: ((id >= 212644) AND (id <= 222643))
	              ->  Bitmap Index Scan on sbtest7_pkey  (cost=0.00..295.66 rows=9922 width=0)
	                    Index Cond: ((id >= 212644) AND (id <= 222643))

table 8 : explain SELECT DISTINCT c FROM sbtest8 WHERE id BETWEEN 8071316 AND 8081315 ORDER BY c
	Unique  (cost=34203.80..34252.04 rows=9648 width=121)
	  ->  Sort  (cost=34203.80..34227.92 rows=9648 width=121)
	        Sort Key: c
	        ->  Bitmap Heap Scan on sbtest8  (cost=291.33..33565.30 rows=9648 width=121)
	              Recheck Cond: ((id >= 8071316) AND (id <= 8081315))
	              ->  Bitmap Index Scan on sbtest8_pkey  (cost=0.00..288.92 rows=9648 width=0)
	                    Index Cond: ((id >= 8071316) AND (id <= 8081315))

for: order_ranges
table 1 : explain SELECT c FROM sbtest1 WHERE id BETWEEN 5231879 AND 5241878 ORDER BY c
	Sort  (cost=34286.16..34310.35 rows=9677 width=121)
	  Sort Key: c
	  ->  Bitmap Heap Scan on sbtest1  (cost=283.62..33645.53 rows=9677 width=121)
	        Recheck Cond: ((id >= 5231879) AND (id <= 5241878))
	        ->  Bitmap Index Scan on sbtest1_pkey  (cost=0.00..281.20 rows=9677 width=0)
	              Index Cond: ((id >= 5231879) AND (id <= 5241878))

table 2 : explain SELECT c FROM sbtest2 WHERE id BETWEEN 5788558 AND 5798557 ORDER BY c
	Sort  (cost=34049.12..34073.12 rows=9601 width=121)
	  Sort Key: c
	  ->  Bitmap Heap Scan on sbtest2  (cost=286.85..33414.06 rows=9601 width=121)
	        Recheck Cond: ((id >= 5788558) AND (id <= 5798557))
	        ->  Bitmap Index Scan on sbtest2_pkey  (cost=0.00..284.44 rows=9601 width=0)
	              Index Cond: ((id >= 5788558) AND (id <= 5798557))

table 3 : explain SELECT c FROM sbtest3 WHERE id BETWEEN 6436511 AND 6446510 ORDER BY c
	Sort  (cost=35669.90..35695.16 rows=10105 width=121)
	  Sort Key: c
	  ->  Bitmap Heap Scan on sbtest3  (cost=300.01..34997.77 rows=10105 width=121)
	        Recheck Cond: ((id >= 6436511) AND (id <= 6446510))
	        ->  Bitmap Index Scan on sbtest3_pkey  (cost=0.00..297.49 rows=10105 width=0)
	              Index Cond: ((id >= 6436511) AND (id <= 6446510))

table 4 : explain SELECT c FROM sbtest4 WHERE id BETWEEN 9037940 AND 9047939 ORDER BY c
	Sort  (cost=35805.85..35831.21 rows=10141 width=121)
	  Sort Key: c
	  ->  Bitmap Heap Scan on sbtest4  (cost=300.38..35131.08 rows=10141 width=121)
	        Recheck Cond: ((id >= 9037940) AND (id <= 9047939))
	        ->  Bitmap Index Scan on sbtest4_pkey  (cost=0.00..297.84 rows=10141 width=0)
	              Index Cond: ((id >= 9037940) AND (id <= 9047939))

table 5 : explain SELECT c FROM sbtest5 WHERE id BETWEEN 766116 AND 776115 ORDER BY c
	Sort  (cost=38433.49..38460.90 rows=10963 width=121)
	  Sort Key: c
	  ->  Bitmap Heap Scan on sbtest5  (cost=324.81..37697.85 rows=10963 width=121)
	        Recheck Cond: ((id >= 766116) AND (id <= 776115))
	        ->  Bitmap Index Scan on sbtest5_pkey  (cost=0.00..322.06 rows=10963 width=0)
	              Index Cond: ((id >= 766116) AND (id <= 776115))

table 6 : explain SELECT c FROM sbtest6 WHERE id BETWEEN 3263833 AND 3273832 ORDER BY c
	Sort  (cost=32516.61..32539.44 rows=9133 width=121)
	  Sort Key: c
	  ->  Bitmap Heap Scan on sbtest6  (cost=278.05..31915.80 rows=9133 width=121)
	        Recheck Cond: ((id >= 3263833) AND (id <= 3273832))
	        ->  Bitmap Index Scan on sbtest6_pkey  (cost=0.00..275.76 rows=9133 width=0)
	              Index Cond: ((id >= 3263833) AND (id <= 3273832))

table 7 : explain SELECT c FROM sbtest7 WHERE id BETWEEN 1279367 AND 1289366 ORDER BY c
	Sort  (cost=36031.00..36056.54 rows=10213 width=121)
	  Sort Key: c
	  ->  Bitmap Heap Scan on sbtest7  (cost=305.12..35350.91 rows=10213 width=121)
	        Recheck Cond: ((id >= 1279367) AND (id <= 1289366))
	        ->  Bitmap Index Scan on sbtest7_pkey  (cost=0.00..302.56 rows=10213 width=0)
	              Index Cond: ((id >= 1279367) AND (id <= 1289366))

table 8 : explain SELECT c FROM sbtest8 WHERE id BETWEEN 1684214 AND 1694213 ORDER BY c
	Sort  (cost=34696.73..34721.23 rows=9799 width=121)
	  Sort Key: c
	  ->  Bitmap Heap Scan on sbtest8  (cost=296.87..34047.13 rows=9799 width=121)
	        Recheck Cond: ((id >= 1684214) AND (id <= 1694213))
	        ->  Bitmap Index Scan on sbtest8_pkey  (cost=0.00..294.43 rows=9799 width=0)
	              Index Cond: ((id >= 1684214) AND (id <= 1694213))

for: simple_ranges
table 1 : explain SELECT c FROM sbtest1 WHERE id BETWEEN 2952111 AND 2962110
	Bitmap Heap Scan on sbtest1  (cost=295.51..34847.55 rows=10056 width=121)
	  Recheck Cond: ((id >= 2952111) AND (id <= 2962110))
	  ->  Bitmap Index Scan on sbtest1_pkey  (cost=0.00..293.00 rows=10056 width=0)
	        Index Cond: ((id >= 2952111) AND (id <= 2962110))

table 2 : explain SELECT c FROM sbtest2 WHERE id BETWEEN 7453216 AND 7463215
	Bitmap Heap Scan on sbtest2  (cost=310.75..35850.63 rows=10372 width=121)
	  Recheck Cond: ((id >= 7453216) AND (id <= 7463215))
	  ->  Bitmap Index Scan on sbtest2_pkey  (cost=0.00..308.16 rows=10372 width=0)
	        Index Cond: ((id >= 7453216) AND (id <= 7463215))

table 3 : explain SELECT c FROM sbtest3 WHERE id BETWEEN 8103456 AND 8113455
	Bitmap Heap Scan on sbtest3  (cost=305.87..35570.42 rows=10286 width=121)
	  Recheck Cond: ((id >= 8103456) AND (id <= 8113455))
	  ->  Bitmap Index Scan on sbtest3_pkey  (cost=0.00..303.30 rows=10286 width=0)
	        Index Cond: ((id >= 8103456) AND (id <= 8113455))

table 4 : explain SELECT c FROM sbtest4 WHERE id BETWEEN 7812430 AND 7822429
	Bitmap Heap Scan on sbtest4  (cost=336.73..38901.50 rows=11346 width=121)
	  Recheck Cond: ((id >= 7812430) AND (id <= 7822429))
	  ->  Bitmap Index Scan on sbtest4_pkey  (cost=0.00..333.90 rows=11346 width=0)
	        Index Cond: ((id >= 7812430) AND (id <= 7822429))

table 5 : explain SELECT c FROM sbtest5 WHERE id BETWEEN 5082260 AND 5092259
	Bitmap Heap Scan on sbtest5  (cost=294.40..34510.07 rows=9948 width=121)
	  Recheck Cond: ((id >= 5082260) AND (id <= 5092259))
	  ->  Bitmap Index Scan on sbtest5_pkey  (cost=0.00..291.92 rows=9948 width=0)
	        Index Cond: ((id >= 5082260) AND (id <= 5092259))

table 6 : explain SELECT c FROM sbtest6 WHERE id BETWEEN 541317 AND 551316
	Bitmap Heap Scan on sbtest6  (cost=321.36..36643.09 rows=10627 width=121)
	  Recheck Cond: ((id >= 541317) AND (id <= 551316))
	  ->  Bitmap Index Scan on sbtest6_pkey  (cost=0.00..318.70 rows=10627 width=0)
	        Index Cond: ((id >= 541317) AND (id <= 551316))

table 7 : explain SELECT c FROM sbtest7 WHERE id BETWEEN 6152489 AND 6162488
	Bitmap Heap Scan on sbtest7  (cost=309.97..35616.55 rows=10296 width=121)
	  Recheck Cond: ((id >= 6152489) AND (id <= 6162488))
	  ->  Bitmap Index Scan on sbtest7_pkey  (cost=0.00..307.40 rows=10296 width=0)
	        Index Cond: ((id >= 6152489) AND (id <= 6162488))

table 8 : explain SELECT c FROM sbtest8 WHERE id BETWEEN 3164471 AND 3174470
	Bitmap Heap Scan on sbtest8  (cost=296.97..34076.35 rows=9808 width=121)
	  Recheck Cond: ((id >= 3164471) AND (id <= 3174470))
	  ->  Bitmap Index Scan on sbtest8_pkey  (cost=0.00..294.51 rows=9808 width=0)
	        Index Cond: ((id >= 3164471) AND (id <= 3174470))

explain: for point_selects :: explain SELECT c FROM sbtest%u WHERE id=%u
for: sum_ranges
table 1 : explain SELECT SUM(k) FROM sbtest1 WHERE id BETWEEN 8077904 AND 8087903
	Aggregate  (cost=33620.88..33620.89 rows=1 width=8)
	  ->  Bitmap Heap Scan on sbtest1  (cost=283.46..33596.73 rows=9661 width=4)
	        Recheck Cond: ((id >= 8077904) AND (id <= 8087903))
	        ->  Bitmap Index Scan on sbtest1_pkey  (cost=0.00..281.05 rows=9661 width=0)
	              Index Cond: ((id >= 8077904) AND (id <= 8087903))

table 2 : explain SELECT SUM(k) FROM sbtest2 WHERE id BETWEEN 9141636 AND 9151635
	Aggregate  (cost=35850.72..35850.73 rows=1 width=8)
	  ->  Bitmap Heap Scan on sbtest2  (cost=310.66..35824.81 rows=10363 width=4)
	        Recheck Cond: ((id >= 9141636) AND (id <= 9151635))
	        ->  Bitmap Index Scan on sbtest2_pkey  (cost=0.00..308.06 rows=10363 width=0)
	              Index Cond: ((id >= 9141636) AND (id <= 9151635))

table 3 : explain SELECT SUM(k) FROM sbtest3 WHERE id BETWEEN 7172267 AND 7182266
	Aggregate  (cost=33015.88..33015.89 rows=1 width=8)
	  ->  Bitmap Heap Scan on sbtest3  (cost=281.52..32992.20 rows=9472 width=4)
	        Recheck Cond: ((id >= 7172267) AND (id <= 7182266))
	        ->  Bitmap Index Scan on sbtest3_pkey  (cost=0.00..279.16 rows=9472 width=0)
	              Index Cond: ((id >= 7172267) AND (id <= 7182266))

table 4 : explain SELECT SUM(k) FROM sbtest4 WHERE id BETWEEN 9108939 AND 9118938
	Aggregate  (cost=31171.50..31171.51 rows=1 width=8)
	  ->  Bitmap Heap Scan on sbtest4  (cost=263.57..31149.27 rows=8891 width=4)
	        Recheck Cond: ((id >= 9108939) AND (id <= 9118938))
	        ->  Bitmap Index Scan on sbtest4_pkey  (cost=0.00..261.34 rows=8891 width=0)
	              Index Cond: ((id >= 9108939) AND (id <= 9118938))

table 5 : explain SELECT SUM(k) FROM sbtest5 WHERE id BETWEEN 5986284 AND 5996283
	Aggregate  (cost=32064.37..32064.38 rows=1 width=8)
	  ->  Bitmap Heap Scan on sbtest5  (cost=270.45..32041.44 rows=9172 width=4)
	        Recheck Cond: ((id >= 5986284) AND (id <= 5996283))
	        ->  Bitmap Index Scan on sbtest5_pkey  (cost=0.00..268.16 rows=9172 width=0)
	              Index Cond: ((id >= 5986284) AND (id <= 5996283))

table 6 : explain SELECT SUM(k) FROM sbtest6 WHERE id BETWEEN 501555 AND 511554
	Aggregate  (cost=36669.66..36669.67 rows=1 width=8)
	  ->  Bitmap Heap Scan on sbtest6  (cost=321.36..36643.09 rows=10627 width=4)
	        Recheck Cond: ((id >= 501555) AND (id <= 511554))
	        ->  Bitmap Index Scan on sbtest6_pkey  (cost=0.00..318.70 rows=10627 width=0)
	              Index Cond: ((id >= 501555) AND (id <= 511554))

table 7 : explain SELECT SUM(k) FROM sbtest7 WHERE id BETWEEN 5161625 AND 5171624
	Aggregate  (cost=37646.99..37647.00 rows=1 width=8)
	  ->  Bitmap Heap Scan on sbtest7  (cost=328.53..37619.65 rows=10936 width=4)
	        Recheck Cond: ((id >= 5161625) AND (id <= 5171624))
	        ->  Bitmap Index Scan on sbtest7_pkey  (cost=0.00..325.80 rows=10936 width=0)
	              Index Cond: ((id >= 5161625) AND (id <= 5171624))

table 8 : explain SELECT SUM(k) FROM sbtest8 WHERE id BETWEEN 6028308 AND 6038307
	Aggregate  (cost=36107.29..36107.30 rows=1 width=8)
	  ->  Bitmap Heap Scan on sbtest8  (cost=315.49..36081.18 rows=10444 width=4)
	        Recheck Cond: ((id >= 6028308) AND (id <= 6038307))
	        ->  Bitmap Index Scan on sbtest8_pkey  (cost=0.00..312.88 rows=10444 width=0)
	              Index Cond: ((id >= 6028308) AND (id <= 6038307))

explain: for point_selects :: explain SELECT c FROM sbtest%u WHERE id=%u
for: order_ranges
table 1 : explain SELECT c FROM sbtest1 WHERE id BETWEEN 6129527 AND 6139526 ORDER BY c
	Sort  (cost=38074.51..38101.64 rows=10853 width=121)
	  Sort Key: c
	  ->  Bitmap Heap Scan on sbtest1  (cost=315.68..37347.04 rows=10853 width=121)
	        Recheck Cond: ((id >= 6129527) AND (id <= 6139526))
	        ->  Bitmap Index Scan on sbtest1_pkey  (cost=0.00..312.96 rows=10853 width=0)
	              Index Cond: ((id >= 6129527) AND (id <= 6139526))

table 2 : explain SELECT c FROM sbtest2 WHERE id BETWEEN 4386686 AND 4396685 ORDER BY c
	Sort  (cost=35641.53..35666.76 rows=10093 width=121)
	  Sort Key: c
	  ->  Bitmap Heap Scan on sbtest2  (cost=299.89..34970.29 rows=10093 width=121)
	        Recheck Cond: ((id >= 4386686) AND (id <= 4396685))
	        ->  Bitmap Index Scan on sbtest2_pkey  (cost=0.00..297.37 rows=10093 width=0)
	              Index Cond: ((id >= 4386686) AND (id <= 4396685))

table 3 : explain SELECT c FROM sbtest3 WHERE id BETWEEN 7765669 AND 7775668 ORDER BY c
	Sort  (cost=32296.18..32318.85 rows=9068 width=121)
	  Sort Key: c
	  ->  Bitmap Heap Scan on sbtest3  (cost=269.38..31700.12 rows=9068 width=121)
	        Recheck Cond: ((id >= 7765669) AND (id <= 7775668))
	        ->  Bitmap Index Scan on sbtest3_pkey  (cost=0.00..267.12 rows=9068 width=0)
	              Index Cond: ((id >= 7765669) AND (id <= 7775668))

table 4 : explain SELECT c FROM sbtest4 WHERE id BETWEEN 6453527 AND 6463526 ORDER BY c
	Sort  (cost=36329.32..36355.08 rows=10303 width=121)
	  Sort Key: c
	  ->  Bitmap Heap Scan on sbtest4  (cost=306.04..35642.59 rows=10303 width=121)
	        Recheck Cond: ((id >= 6453527) AND (id <= 6463526))
	        ->  Bitmap Index Scan on sbtest4_pkey  (cost=0.00..303.46 rows=10303 width=0)
	              Index Cond: ((id >= 6453527) AND (id <= 6463526))

table 5 : explain SELECT c FROM sbtest5 WHERE id BETWEEN 1013312 AND 1023311 ORDER BY c
	Sort  (cost=34568.74..34593.15 rows=9762 width=121)
	  Sort Key: c
	  ->  Bitmap Heap Scan on sbtest5  (cost=288.50..33921.87 rows=9762 width=121)
	        Recheck Cond: ((id >= 1013312) AND (id <= 1023311))
	        ->  Bitmap Index Scan on sbtest5_pkey  (cost=0.00..286.06 rows=9762 width=0)
	              Index Cond: ((id >= 1013312) AND (id <= 1023311))

table 6 : explain SELECT c FROM sbtest6 WHERE id BETWEEN 8198253 AND 8208252 ORDER BY c
	Sort  (cost=36961.20..36987.46 rows=10505 width=121)
	  Sort Key: c
	  ->  Bitmap Heap Scan on sbtest6  (cost=316.11..36259.53 rows=10505 width=121)
	        Recheck Cond: ((id >= 8198253) AND (id <= 8208252))
	        ->  Bitmap Index Scan on sbtest6_pkey  (cost=0.00..313.49 rows=10505 width=0)
	              Index Cond: ((id >= 8198253) AND (id <= 8208252))

table 7 : explain SELECT c FROM sbtest7 WHERE id BETWEEN 9789574 AND 9799573 ORDER BY c
	Sort  (cost=34364.12..34388.36 rows=9697 width=121)
	  Sort Key: c
	  ->  Bitmap Heap Scan on sbtest7  (cost=291.83..33722.02 rows=9697 width=121)
	        Recheck Cond: ((id >= 9789574) AND (id <= 9799573))
	        ->  Bitmap Index Scan on sbtest7_pkey  (cost=0.00..289.41 rows=9697 width=0)
	              Index Cond: ((id >= 9789574) AND (id <= 9799573))

table 8 : explain SELECT c FROM sbtest8 WHERE id BETWEEN 9649939 AND 9659938 ORDER BY c
	Sort  (cost=32743.79..32766.79 rows=9200 width=121)
	  Sort Key: c
	  ->  Bitmap Heap Scan on sbtest8  (cost=278.74..32138.09 rows=9200 width=121)
	        Recheck Cond: ((id >= 9649939) AND (id <= 9659938))
	        ->  Bitmap Index Scan on sbtest8_pkey  (cost=0.00..276.44 rows=9200 width=0)
	              Index Cond: ((id >= 9649939) AND (id <= 9659938))

for: order_ranges
table 1 : explain SELECT c FROM sbtest1 WHERE id BETWEEN 7075596 AND 7085595 ORDER BY c
	Sort  (cost=36439.68..36465.54 rows=10343 width=121)
	  Sort Key: c
	  ->  Bitmap Heap Scan on sbtest1  (cost=302.45..35749.99 rows=10343 width=121)
	        Recheck Cond: ((id >= 7075596) AND (id <= 7085595))
	        ->  Bitmap Index Scan on sbtest1_pkey  (cost=0.00..299.87 rows=10343 width=0)
	              Index Cond: ((id >= 7075596) AND (id <= 7085595))

table 2 : explain SELECT c FROM sbtest2 WHERE id BETWEEN 4533109 AND 4543108 ORDER BY c
	Sort  (cost=36707.45..36733.51 rows=10423 width=121)
	  Sort Key: c
	  ->  Bitmap Heap Scan on sbtest2  (cost=311.27..36011.85 rows=10423 width=121)
	        Recheck Cond: ((id >= 4533109) AND (id <= 4543108))
	        ->  Bitmap Index Scan on sbtest2_pkey  (cost=0.00..308.67 rows=10423 width=0)
	              Index Cond: ((id >= 4533109) AND (id <= 4543108))

table 3 : explain SELECT c FROM sbtest3 WHERE id BETWEEN 3778876 AND 3788875 ORDER BY c
	Sort  (cost=35477.80..35502.91 rows=10045 width=121)
	  Sort Key: c
	  ->  Bitmap Heap Scan on sbtest3  (cost=299.40..34810.10 rows=10045 width=121)
	        Recheck Cond: ((id >= 3778876) AND (id <= 3788875))
	        ->  Bitmap Index Scan on sbtest3_pkey  (cost=0.00..296.88 rows=10045 width=0)
	              Index Cond: ((id >= 3778876) AND (id <= 3788875))

table 4 : explain SELECT c FROM sbtest4 WHERE id BETWEEN 778378 AND 788377 ORDER BY c
	Sort  (cost=32990.82..33014.00 rows=9274 width=121)
	  Sort Key: c
	  ->  Bitmap Heap Scan on sbtest4  (cost=275.49..32379.71 rows=9274 width=121)
	        Recheck Cond: ((id >= 778378) AND (id <= 788377))
	        ->  Bitmap Index Scan on sbtest4_pkey  (cost=0.00..273.18 rows=9274 width=0)
	              Index Cond: ((id >= 778378) AND (id <= 788377))

table 5 : explain SELECT c FROM sbtest5 WHERE id BETWEEN 4553524 AND 4563523 ORDER BY c
	Sort  (cost=37521.89..37548.59 rows=10678 width=121)
	  Sort Key: c
	  ->  Bitmap Heap Scan on sbtest5  (cost=313.88..36807.41 rows=10678 width=121)
	        Recheck Cond: ((id >= 4553524) AND (id <= 4563523))
	        ->  Bitmap Index Scan on sbtest5_pkey  (cost=0.00..311.21 rows=10678 width=0)
	              Index Cond: ((id >= 4553524) AND (id <= 4563523))

table 6 : explain SELECT c FROM sbtest6 WHERE id BETWEEN 9282245 AND 9292244 ORDER BY c
	Sort  (cost=37271.60..37298.10 rows=10602 width=121)
	  Sort Key: c
	  ->  Bitmap Heap Scan on sbtest6  (cost=321.11..36562.74 rows=10602 width=121)
	        Recheck Cond: ((id >= 9282245) AND (id <= 9292244))
	        ->  Bitmap Index Scan on sbtest6_pkey  (cost=0.00..318.45 rows=10602 width=0)
	              Index Cond: ((id >= 9282245) AND (id <= 9292244))

table 7 : explain SELECT c FROM sbtest7 WHERE id BETWEEN 1978295 AND 1988294 ORDER BY c
	Sort  (cost=38310.56..38337.86 rows=10922 width=121)
	  Sort Key: c
	  ->  Bitmap Heap Scan on sbtest7  (cost=328.39..37577.97 rows=10922 width=121)
	        Recheck Cond: ((id >= 1978295) AND (id <= 1988294))
	        ->  Bitmap Index Scan on sbtest7_pkey  (cost=0.00..325.66 rows=10922 width=0)
	              Index Cond: ((id >= 1978295) AND (id <= 1988294))

table 8 : explain SELECT c FROM sbtest8 WHERE id BETWEEN 6967565 AND 6977564 ORDER BY c
	Sort  (cost=32750.48..32773.48 rows=9202 width=121)
	  Sort Key: c
	  ->  Bitmap Heap Scan on sbtest8  (cost=278.76..32144.63 rows=9202 width=121)
	        Recheck Cond: ((id >= 6967565) AND (id <= 6977564))
	        ->  Bitmap Index Scan on sbtest8_pkey  (cost=0.00..276.45 rows=9202 width=0)
	              Index Cond: ((id >= 6967565) AND (id <= 6977564))

for: distinct_ranges
table 1 : explain SELECT DISTINCT c FROM sbtest1 WHERE id BETWEEN 6714836 AND 6724835 ORDER BY c
	Unique  (cost=36502.36..36554.17 rows=10362 width=121)
	  ->  Sort  (cost=36502.36..36528.27 rows=10362 width=121)
	        Sort Key: c
	        ->  Bitmap Heap Scan on sbtest1  (cost=302.65..35811.27 rows=10362 width=121)
	              Recheck Cond: ((id >= 6714836) AND (id <= 6724835))
	              ->  Bitmap Index Scan on sbtest1_pkey  (cost=0.00..300.06 rows=10362 width=0)
	                    Index Cond: ((id >= 6714836) AND (id <= 6724835))

table 2 : explain SELECT DISTINCT c FROM sbtest2 WHERE id BETWEEN 4013191 AND 4023190 ORDER BY c
	Unique  (cost=34565.65..34614.45 rows=9760 width=121)
	  ->  Sort  (cost=34565.65..34590.05 rows=9760 width=121)
	        Sort Key: c
	        ->  Bitmap Heap Scan on sbtest2  (cost=292.48..33918.92 rows=9760 width=121)
	              Recheck Cond: ((id >= 4013191) AND (id <= 4023190))
	              ->  Bitmap Index Scan on sbtest2_pkey  (cost=0.00..290.04 rows=9760 width=0)
	                    Index Cond: ((id >= 4013191) AND (id <= 4023190))

table 3 : explain SELECT DISTINCT c FROM sbtest3 WHERE id BETWEEN 507671 AND 517670 ORDER BY c
	Unique  (cost=33817.83..33865.50 rows=9534 width=121)
	  ->  Sort  (cost=33817.83..33841.67 rows=9534 width=121)
	        Sort Key: c
	        ->  Bitmap Heap Scan on sbtest3  (cost=282.16..33187.69 rows=9534 width=121)
	              Recheck Cond: ((id >= 507671) AND (id <= 517670))
	              ->  Bitmap Index Scan on sbtest3_pkey  (cost=0.00..279.78 rows=9534 width=0)
	                    Index Cond: ((id >= 507671) AND (id <= 517670))

table 4 : explain SELECT DISTINCT c FROM sbtest4 WHERE id BETWEEN 4285000 AND 4294999 ORDER BY c
	Unique  (cost=36865.03..36917.37 rows=10469 width=121)
	  ->  Sort  (cost=36865.03..36891.20 rows=10469 width=121)
	        Sort Key: c
	        ->  Bitmap Heap Scan on sbtest4  (cost=311.74..36166.02 rows=10469 width=121)
	              Recheck Cond: ((id >= 4285000) AND (id <= 4294999))
	              ->  Bitmap Index Scan on sbtest4_pkey  (cost=0.00..309.12 rows=10469 width=0)
	                    Index Cond: ((id >= 4285000) AND (id <= 4294999))

table 5 : explain SELECT DISTINCT c FROM sbtest5 WHERE id BETWEEN 4393566 AND 4403565 ORDER BY c
	Unique  (cost=33592.19..33639.49 rows=9461 width=121)
	  ->  Sort  (cost=33592.19..33615.84 rows=9461 width=121)
	        Sort Key: c
	        ->  Bitmap Heap Scan on sbtest5  (cost=281.41..32967.40 rows=9461 width=121)
	              Recheck Cond: ((id >= 4393566) AND (id <= 4403565))
	              ->  Bitmap Index Scan on sbtest5_pkey  (cost=0.00..279.05 rows=9461 width=0)
	                    Index Cond: ((id >= 4393566) AND (id <= 4403565))

table 6 : explain SELECT DISTINCT c FROM sbtest6 WHERE id BETWEEN 8513655 AND 8523654 ORDER BY c
	Unique  (cost=35174.75..35224.50 rows=9950 width=121)
	  ->  Sort  (cost=35174.75..35199.62 rows=9950 width=121)
	        Sort Key: c
	        ->  Bitmap Heap Scan on sbtest6  (cost=302.42..34514.05 rows=9950 width=121)
	              Recheck Cond: ((id >= 8513655) AND (id <= 8523654))
	              ->  Bitmap Index Scan on sbtest6_pkey  (cost=0.00..299.94 rows=9950 width=0)
	                    Index Cond: ((id >= 8513655) AND (id <= 8523654))

table 7 : explain SELECT DISTINCT c FROM sbtest7 WHERE id BETWEEN 2705783 AND 2715782 ORDER BY c
	Unique  (cost=36923.40..36975.85 rows=10490 width=121)
	  ->  Sort  (cost=36923.40..36949.63 rows=10490 width=121)
	        Sort Key: c
	        ->  Bitmap Heap Scan on sbtest7  (cost=311.96..36222.84 rows=10490 width=121)
	              Recheck Cond: ((id >= 2705783) AND (id <= 2715782))
	              ->  Bitmap Index Scan on sbtest7_pkey  (cost=0.00..309.33 rows=10490 width=0)
	                    Index Cond: ((id >= 2705783) AND (id <= 2715782))

table 8 : explain SELECT DISTINCT c FROM sbtest8 WHERE id BETWEEN 7954803 AND 7964802 ORDER BY c
	Unique  (cost=35715.93..35766.50 rows=10115 width=121)
	  ->  Sort  (cost=35715.93..35741.22 rows=10115 width=121)
	        Sort Key: c
	        ->  Bitmap Heap Scan on sbtest8  (cost=304.11..35043.07 rows=10115 width=121)
	              Recheck Cond: ((id >= 7954803) AND (id <= 7964802))
	              ->  Bitmap Index Scan on sbtest8_pkey  (cost=0.00..301.58 rows=10115 width=0)
	                    Index Cond: ((id >= 7954803) AND (id <= 7964802))

for: distinct_ranges
table 1 : explain SELECT DISTINCT c FROM sbtest1 WHERE id BETWEEN 565489 AND 575488 ORDER BY c
	Unique  (cost=32203.23..32248.42 rows=9038 width=121)
	  ->  Sort  (cost=32203.23..32225.83 rows=9038 width=121)
	        Sort Key: c
	        ->  Bitmap Heap Scan on sbtest1  (cost=265.07..31609.36 rows=9038 width=121)
	              Recheck Cond: ((id >= 565489) AND (id <= 575488))
	              ->  Bitmap Index Scan on sbtest1_pkey  (cost=0.00..262.81 rows=9038 width=0)
	                    Index Cond: ((id >= 565489) AND (id <= 575488))

table 2 : explain SELECT DISTINCT c FROM sbtest2 WHERE id BETWEEN 5045828 AND 5055827 ORDER BY c
	Unique  (cost=37637.22..37690.78 rows=10713 width=121)
	  ->  Sort  (cost=37637.22..37664.00 rows=10713 width=121)
	        Sort Key: c
	        ->  Bitmap Heap Scan on sbtest2  (cost=318.24..36920.14 rows=10713 width=121)
	              Recheck Cond: ((id >= 5045828) AND (id <= 5055827))
	              ->  Bitmap Index Scan on sbtest2_pkey  (cost=0.00..315.56 rows=10713 width=0)
	                    Index Cond: ((id >= 5045828) AND (id <= 5055827))

table 3 : explain SELECT DISTINCT c FROM sbtest3 WHERE id BETWEEN 6172526 AND 6182525 ORDER BY c
	Unique  (cost=36242.70..36294.11 rows=10282 width=121)
	  ->  Sort  (cost=36242.70..36268.40 rows=10282 width=121)
	        Sort Key: c
	        ->  Bitmap Heap Scan on sbtest3  (cost=305.83..35557.52 rows=10282 width=121)
	              Recheck Cond: ((id >= 6172526) AND (id <= 6182525))
	              ->  Bitmap Index Scan on sbtest3_pkey  (cost=0.00..303.25 rows=10282 width=0)
	                    Index Cond: ((id >= 6172526) AND (id <= 6182525))

table 4 : explain SELECT DISTINCT c FROM sbtest4 WHERE id BETWEEN 418917 AND 428916 ORDER BY c
	Unique  (cost=34899.58..34948.88 rows=9860 width=121)
	  ->  Sort  (cost=34899.58..34924.23 rows=9860 width=121)
	        Sort Key: c
	        ->  Bitmap Heap Scan on sbtest4  (cost=293.50..34245.50 rows=9860 width=121)
	              Recheck Cond: ((id >= 418917) AND (id <= 428916))
	              ->  Bitmap Index Scan on sbtest4_pkey  (cost=0.00..291.04 rows=9860 width=0)
	                    Index Cond: ((id >= 418917) AND (id <= 428916))

table 5 : explain SELECT DISTINCT c FROM sbtest5 WHERE id BETWEEN 8244810 AND 8254809 ORDER BY c
	Unique  (cost=33214.29..33261.02 rows=9346 width=121)
	  ->  Sort  (cost=33214.29..33237.66 rows=9346 width=121)
	        Sort Key: c
	        ->  Bitmap Heap Scan on sbtest5  (cost=276.23..32597.92 rows=9346 width=121)
	              Recheck Cond: ((id >= 8244810) AND (id <= 8254809))
	              ->  Bitmap Index Scan on sbtest5_pkey  (cost=0.00..273.90 rows=9346 width=0)
	                    Index Cond: ((id >= 8244810) AND (id <= 8254809))

table 6 : explain SELECT DISTINCT c FROM sbtest6 WHERE id BETWEEN 6229767 AND 6239766 ORDER BY c
	Unique  (cost=35648.61..35699.10 rows=10098 width=121)
	  ->  Sort  (cost=35648.61..35673.85 rows=10098 width=121)
	        Sort Key: c
	        ->  Bitmap Heap Scan on sbtest6  (cost=303.94..34977.00 rows=10098 width=121)
	              Recheck Cond: ((id >= 6229767) AND (id <= 6239766))
	              ->  Bitmap Index Scan on sbtest6_pkey  (cost=0.00..301.42 rows=10098 width=0)
	                    Index Cond: ((id >= 6229767) AND (id <= 6239766))

table 7 : explain SELECT DISTINCT c FROM sbtest7 WHERE id BETWEEN 8400945 AND 8410944 ORDER BY c
	Unique  (cost=35152.28..35201.98 rows=9940 width=121)
	  ->  Sort  (cost=35152.28..35177.13 rows=9940 width=121)
	        Sort Key: c
	        ->  Bitmap Heap Scan on sbtest7  (cost=298.32..34492.31 rows=9940 width=121)
	              Recheck Cond: ((id >= 8400945) AND (id <= 8410944))
	              ->  Bitmap Index Scan on sbtest7_pkey  (cost=0.00..295.83 rows=9940 width=0)
	                    Index Cond: ((id >= 8400945) AND (id <= 8410944))

table 8 : explain SELECT DISTINCT c FROM sbtest8 WHERE id BETWEEN 5940549 AND 5950548 ORDER BY c
	Unique  (cost=36596.09..36648.03 rows=10388 width=121)
	  ->  Sort  (cost=36596.09..36622.06 rows=10388 width=121)
	        Sort Key: c
	        ->  Bitmap Heap Scan on sbtest8  (cost=310.91..35903.08 rows=10388 width=121)
	              Recheck Cond: ((id >= 5940549) AND (id <= 5950548))
	              ->  Bitmap Index Scan on sbtest8_pkey  (cost=0.00..308.31 rows=10388 width=0)
	                    Index Cond: ((id >= 5940549) AND (id <= 5950548))

for: sum_ranges
table 1 : explain SELECT SUM(k) FROM sbtest1 WHERE id BETWEEN 180906 AND 190905
	Aggregate  (cost=36144.48..36144.49 rows=1 width=8)
	  ->  Bitmap Heap Scan on sbtest1  (cost=307.65..36118.33 rows=10460 width=4)
	        Recheck Cond: ((id >= 180906) AND (id <= 190905))
	        ->  Bitmap Index Scan on sbtest1_pkey  (cost=0.00..305.04 rows=10460 width=0)
	              Index Cond: ((id >= 180906) AND (id <= 190905))

table 2 : explain SELECT SUM(k) FROM sbtest2 WHERE id BETWEEN 721214 AND 731213
	Aggregate  (cost=36002.42..36002.43 rows=1 width=8)
	  ->  Bitmap Heap Scan on sbtest2  (cost=311.16..35976.39 rows=10412 width=4)
	        Recheck Cond: ((id >= 721214) AND (id <= 731213))
	        ->  Bitmap Index Scan on sbtest2_pkey  (cost=0.00..308.56 rows=10412 width=0)
	              Index Cond: ((id >= 721214) AND (id <= 731213))

table 3 : explain SELECT SUM(k) FROM sbtest3 WHERE id BETWEEN 4866889 AND 4876888
	Aggregate  (cost=34357.82..34357.83 rows=1 width=8)
	  ->  Bitmap Heap Scan on sbtest3  (cost=293.85..34333.08 rows=9894 width=4)
	        Recheck Cond: ((id >= 4866889) AND (id <= 4876888))
	        ->  Bitmap Index Scan on sbtest3_pkey  (cost=0.00..291.38 rows=9894 width=0)
	              Index Cond: ((id >= 4866889) AND (id <= 4876888))

table 4 : explain SELECT SUM(k) FROM sbtest4 WHERE id BETWEEN 3650119 AND 3660118
	Aggregate  (cost=35616.61..35616.62 rows=1 width=8)
	  ->  Bitmap Heap Scan on sbtest4  (cost=305.87..35590.90 rows=10286 width=4)
	        Recheck Cond: ((id >= 3650119) AND (id <= 3660118))
	        ->  Bitmap Index Scan on sbtest4_pkey  (cost=0.00..303.30 rows=10286 width=0)
	              Index Cond: ((id >= 3650119) AND (id <= 3660118))

table 5 : explain SELECT SUM(k) FROM sbtest5 WHERE id BETWEEN 1820593 AND 1830592
	Aggregate  (cost=33467.11..33467.12 rows=1 width=8)
	  ->  Bitmap Heap Scan on sbtest5  (cost=282.96..33443.08 rows=9612 width=4)
	        Recheck Cond: ((id >= 1820593) AND (id <= 1830592))
	        ->  Bitmap Index Scan on sbtest5_pkey  (cost=0.00..280.56 rows=9612 width=0)
	              Index Cond: ((id >= 1820593) AND (id <= 1830592))

table 6 : explain SELECT SUM(k) FROM sbtest6 WHERE id BETWEEN 1008115 AND 1018114
	Aggregate  (cost=36734.00..36734.01 rows=1 width=8)
	  ->  Bitmap Heap Scan on sbtest6  (cost=321.58..36707.38 rows=10648 width=4)
	        Recheck Cond: ((id >= 1008115) AND (id <= 1018114))
	        ->  Bitmap Index Scan on sbtest6_pkey  (cost=0.00..318.92 rows=10648 width=0)
	              Index Cond: ((id >= 1008115) AND (id <= 1018114))

table 7 : explain SELECT SUM(k) FROM sbtest7 WHERE id BETWEEN 7118569 AND 7128568
	Aggregate  (cost=32508.47..32508.48 rows=1 width=8)
	  ->  Bitmap Heap Scan on sbtest7  (cost=279.85..32485.20 rows=9309 width=4)
	        Recheck Cond: ((id >= 7118569) AND (id <= 7128568))
	        ->  Bitmap Index Scan on sbtest7_pkey  (cost=0.00..277.53 rows=9309 width=0)
	              Index Cond: ((id >= 7118569) AND (id <= 7128568))

table 8 : explain SELECT SUM(k) FROM sbtest8 WHERE id BETWEEN 1160661 AND 1170660
	Aggregate  (cost=33024.72..33024.73 rows=1 width=8)
	  ->  Bitmap Heap Scan on sbtest8  (cost=285.50..33001.05 rows=9470 width=4)
	        Recheck Cond: ((id >= 1160661) AND (id <= 1170660))
	        ->  Bitmap Index Scan on sbtest8_pkey  (cost=0.00..283.13 rows=9470 width=0)
	              Index Cond: ((id >= 1160661) AND (id <= 1170660))

for: order_ranges
table 1 : explain SELECT c FROM sbtest1 WHERE id BETWEEN 427023 AND 437022 ORDER BY c
	Sort  (cost=36360.39..36386.18 rows=10318 width=121)
	  Sort Key: c
	  ->  Bitmap Heap Scan on sbtest1  (cost=302.19..35672.54 rows=10318 width=121)
	        Recheck Cond: ((id >= 427023) AND (id <= 437022))
	        ->  Bitmap Index Scan on sbtest1_pkey  (cost=0.00..299.62 rows=10318 width=0)
	              Index Cond: ((id >= 427023) AND (id <= 437022))

table 2 : explain SELECT c FROM sbtest2 WHERE id BETWEEN 7786173 AND 7796172 ORDER BY c
	Sort  (cost=36776.77..36802.88 rows=10445 width=121)
	  Sort Key: c
	  ->  Bitmap Heap Scan on sbtest2  (cost=311.50..36079.54 rows=10445 width=121)
	        Recheck Cond: ((id >= 7786173) AND (id <= 7796172))
	        ->  Bitmap Index Scan on sbtest2_pkey  (cost=0.00..308.88 rows=10445 width=0)
	              Index Cond: ((id >= 7786173) AND (id <= 7796172))

table 3 : explain SELECT c FROM sbtest3 WHERE id BETWEEN 2177382 AND 2187381 ORDER BY c
	Sort  (cost=34656.94..34681.42 rows=9792 width=121)
	  Sort Key: c
	  ->  Bitmap Heap Scan on sbtest3  (cost=288.80..34007.86 rows=9792 width=121)
	        Recheck Cond: ((id >= 2177382) AND (id <= 2187381))
	        ->  Bitmap Index Scan on sbtest3_pkey  (cost=0.00..286.36 rows=9792 width=0)
	              Index Cond: ((id >= 2177382) AND (id <= 2187381))

table 4 : explain SELECT c FROM sbtest4 WHERE id BETWEEN 9913938 AND 9923937 ORDER BY c
	Sort  (cost=34773.32..34797.87 rows=9821 width=121)
	  Sort Key: c
	  ->  Bitmap Heap Scan on sbtest4  (cost=293.10..34122.11 rows=9821 width=121)
	        Recheck Cond: ((id >= 9913938) AND (id <= 9923937))
	        ->  Bitmap Index Scan on sbtest4_pkey  (cost=0.00..290.65 rows=9821 width=0)
	              Index Cond: ((id >= 9913938) AND (id <= 9923937))

table 5 : explain SELECT c FROM sbtest5 WHERE id BETWEEN 977476 AND 987475 ORDER BY c
	Sort  (cost=34568.74..34593.15 rows=9762 width=121)
	  Sort Key: c
	  ->  Bitmap Heap Scan on sbtest5  (cost=288.50..33921.87 rows=9762 width=121)
	        Recheck Cond: ((id >= 977476) AND (id <= 987475))
	        ->  Bitmap Index Scan on sbtest5_pkey  (cost=0.00..286.06 rows=9762 width=0)
	              Index Cond: ((id >= 977476) AND (id <= 987475))

table 6 : explain SELECT c FROM sbtest6 WHERE id BETWEEN 8448619 AND 8458618 ORDER BY c
	Sort  (cost=35758.52..35783.85 rows=10131 width=121)
	  Sort Key: c
	  ->  Bitmap Heap Scan on sbtest6  (cost=308.28..35084.48 rows=10131 width=121)
	        Recheck Cond: ((id >= 8448619) AND (id <= 8458618))
	        ->  Bitmap Index Scan on sbtest6_pkey  (cost=0.00..305.75 rows=10131 width=0)
	              Index Cond: ((id >= 8448619) AND (id <= 8458618))

table 7 : explain SELECT c FROM sbtest7 WHERE id BETWEEN 9537322 AND 9547321 ORDER BY c
	Sort  (cost=35288.37..35313.32 rows=9983 width=121)
	  Sort Key: c
	  ->  Bitmap Heap Scan on sbtest7  (cost=298.76..34625.23 rows=9983 width=121)
	        Recheck Cond: ((id >= 9537322) AND (id <= 9547321))
	        ->  Bitmap Index Scan on sbtest7_pkey  (cost=0.00..296.26 rows=9983 width=0)
	              Index Cond: ((id >= 9537322) AND (id <= 9547321))

table 8 : explain SELECT c FROM sbtest8 WHERE id BETWEEN 9577772 AND 9587771 ORDER BY c
	Sort  (cost=32743.79..32766.79 rows=9200 width=121)
	  Sort Key: c
	  ->  Bitmap Heap Scan on sbtest8  (cost=278.74..32138.09 rows=9200 width=121)
	        Recheck Cond: ((id >= 9577772) AND (id <= 9587771))
	        ->  Bitmap Index Scan on sbtest8_pkey  (cost=0.00..276.44 rows=9200 width=0)
	              Index Cond: ((id >= 9577772) AND (id <= 9587771))

for: distinct_ranges
table 1 : explain SELECT DISTINCT c FROM sbtest1 WHERE id BETWEEN 7409766 AND 7419765 ORDER BY c
	Unique  (cost=35781.05..35831.74 rows=10139 width=121)
	  ->  Sort  (cost=35781.05..35806.40 rows=10139 width=121)
	        Sort Key: c
	        ->  Bitmap Heap Scan on sbtest1  (cost=296.36..35106.42 rows=10139 width=121)
	              Recheck Cond: ((id >= 7409766) AND (id <= 7419765))
	              ->  Bitmap Index Scan on sbtest1_pkey  (cost=0.00..293.82 rows=10139 width=0)
	                    Index Cond: ((id >= 7409766) AND (id <= 7419765))

table 2 : explain SELECT DISTINCT c FROM sbtest2 WHERE id BETWEEN 5762362 AND 5772361 ORDER BY c
	Unique  (cost=34941.06..34990.44 rows=9876 width=121)
	  ->  Sort  (cost=34941.06..34965.75 rows=9876 width=121)
	        Sort Key: c
	        ->  Bitmap Heap Scan on sbtest2  (cost=293.66..34285.80 rows=9876 width=121)
	              Recheck Cond: ((id >= 5762362) AND (id <= 5772361))
	              ->  Bitmap Index Scan on sbtest2_pkey  (cost=0.00..291.19 rows=9876 width=0)
	                    Index Cond: ((id >= 5762362) AND (id <= 5772361))

table 3 : explain SELECT DISTINCT c FROM sbtest3 WHERE id BETWEEN 6822294 AND 6832293 ORDER BY c
	Unique  (cost=36946.29..36998.80 rows=10501 width=121)
	  ->  Sort  (cost=36946.29..36972.55 rows=10501 width=121)
	        Sort Key: c
	        ->  Bitmap Heap Scan on sbtest3  (cost=312.07..36244.92 rows=10501 width=121)
	              Recheck Cond: ((id >= 6822294) AND (id <= 6832293))
	              ->  Bitmap Index Scan on sbtest3_pkey  (cost=0.00..309.44 rows=10501 width=0)
	                    Index Cond: ((id >= 6822294) AND (id <= 6832293))

table 4 : explain SELECT DISTINCT c FROM sbtest4 WHERE id BETWEEN 8065330 AND 8075329 ORDER BY c
	Unique  (cost=34886.30..34935.58 rows=9856 width=121)
	  ->  Sort  (cost=34886.30..34910.94 rows=9856 width=121)
	        Sort Key: c
	        ->  Bitmap Heap Scan on sbtest4  (cost=293.46..34232.52 rows=9856 width=121)
	              Recheck Cond: ((id >= 8065330) AND (id <= 8075329))
	              ->  Bitmap Index Scan on sbtest4_pkey  (cost=0.00..291.00 rows=9856 width=0)
	                    Index Cond: ((id >= 8065330) AND (id <= 8075329))

table 5 : explain SELECT DISTINCT c FROM sbtest5 WHERE id BETWEEN 3182790 AND 3192789 ORDER BY c
	Unique  (cost=36796.35..36848.61 rows=10452 width=121)
	  ->  Sort  (cost=36796.35..36822.48 rows=10452 width=121)
	        Sort Key: c
	        ->  Bitmap Heap Scan on sbtest5  (cost=307.57..36098.60 rows=10452 width=121)
	              Recheck Cond: ((id >= 3182790) AND (id <= 3192789))
	              ->  Bitmap Index Scan on sbtest5_pkey  (cost=0.00..304.95 rows=10452 width=0)
	                    Index Cond: ((id >= 3182790) AND (id <= 3192789))

table 6 : explain SELECT DISTINCT c FROM sbtest6 WHERE id BETWEEN 337003 AND 347002 ORDER BY c
	Unique  (cost=37185.98..37238.86 rows=10575 width=121)
	  ->  Sort  (cost=37185.98..37212.42 rows=10575 width=121)
	        Sort Key: c
	        ->  Bitmap Heap Scan on sbtest6  (cost=320.83..36479.13 rows=10575 width=121)
	              Recheck Cond: ((id >= 337003) AND (id <= 347002))
	              ->  Bitmap Index Scan on sbtest6_pkey  (cost=0.00..318.19 rows=10575 width=0)
	                    Index Cond: ((id >= 337003) AND (id <= 347002))

table 7 : explain SELECT DISTINCT c FROM sbtest7 WHERE id BETWEEN 5814330 AND 5824329 ORDER BY c
	Unique  (cost=36524.09..36575.92 rows=10365 width=121)
	  ->  Sort  (cost=36524.09..36550.00 rows=10365 width=121)
	        Sort Key: c
	        ->  Bitmap Heap Scan on sbtest7  (cost=310.68..35832.78 rows=10365 width=121)
	              Recheck Cond: ((id >= 5814330) AND (id <= 5824329))
	              ->  Bitmap Index Scan on sbtest7_pkey  (cost=0.00..308.08 rows=10365 width=0)
	                    Index Cond: ((id >= 5814330) AND (id <= 5824329))

table 8 : explain SELECT DISTINCT c FROM sbtest8 WHERE id BETWEEN 4039533 AND 4049532 ORDER BY c
	Unique  (cost=32056.21..32101.16 rows=8990 width=121)
	  ->  Sort  (cost=32056.21..32078.69 rows=8990 width=121)
	        Sort Key: c
	        ->  Bitmap Heap Scan on sbtest8  (cost=272.58..31465.84 rows=8990 width=121)
	              Recheck Cond: ((id >= 4039533) AND (id <= 4049532))
	              ->  Bitmap Index Scan on sbtest8_pkey  (cost=0.00..270.33 rows=8990 width=0)
	                    Index Cond: ((id >= 4039533) AND (id <= 4049532))

for: distinct_ranges
table 1 : explain SELECT DISTINCT c FROM sbtest1 WHERE id BETWEEN 6848135 AND 6858134 ORDER BY c
	Unique  (cost=34449.12..34497.76 rows=9727 width=121)
	  ->  Sort  (cost=34449.12..34473.44 rows=9727 width=121)
	        Sort Key: c
	        ->  Bitmap Heap Scan on sbtest1  (cost=284.14..33804.82 rows=9727 width=121)
	              Recheck Cond: ((id >= 6848135) AND (id <= 6858134))
	              ->  Bitmap Index Scan on sbtest1_pkey  (cost=0.00..281.70 rows=9727 width=0)
	                    Index Cond: ((id >= 6848135) AND (id <= 6858134))

table 2 : explain SELECT DISTINCT c FROM sbtest2 WHERE id BETWEEN 1809253 AND 1819252 ORDER BY c
	Unique  (cost=34781.68..34830.81 rows=9827 width=121)
	  ->  Sort  (cost=34781.68..34806.25 rows=9827 width=121)
	        Sort Key: c
	        ->  Bitmap Heap Scan on sbtest2  (cost=293.16..34130.02 rows=9827 width=121)
	              Recheck Cond: ((id >= 1809253) AND (id <= 1819252))
	              ->  Bitmap Index Scan on sbtest2_pkey  (cost=0.00..290.70 rows=9827 width=0)
	                    Index Cond: ((id >= 1809253) AND (id <= 1819252))

table 3 : explain SELECT DISTINCT c FROM sbtest3 WHERE id BETWEEN 2783302 AND 2793301 ORDER BY c
	Unique  (cost=35520.82..35571.11 rows=10058 width=121)
	  ->  Sort  (cost=35520.82..35545.97 rows=10058 width=121)
	        Sort Key: c
	        ->  Bitmap Heap Scan on sbtest3  (cost=299.53..34852.16 rows=10058 width=121)
	              Recheck Cond: ((id >= 2783302) AND (id <= 2793301))
	              ->  Bitmap Index Scan on sbtest3_pkey  (cost=0.00..297.01 rows=10058 width=0)
	                    Index Cond: ((id >= 2783302) AND (id <= 2793301))

table 4 : explain SELECT DISTINCT c FROM sbtest4 WHERE id BETWEEN 5206194 AND 5216193 ORDER BY c
	Unique  (cost=33906.56..33954.34 rows=9556 width=121)
	  ->  Sort  (cost=33906.56..33930.45 rows=9556 width=121)
	        Sort Key: c
	        ->  Bitmap Heap Scan on sbtest4  (cost=282.38..33274.81 rows=9556 width=121)
	              Recheck Cond: ((id >= 5206194) AND (id <= 5216193))
	              ->  Bitmap Index Scan on sbtest4_pkey  (cost=0.00..280.00 rows=9556 width=0)
	                    Index Cond: ((id >= 5206194) AND (id <= 5216193))

table 5 : explain SELECT DISTINCT c FROM sbtest5 WHERE id BETWEEN 6285936 AND 6295935 ORDER BY c
	Unique  (cost=35681.71..35732.24 rows=10105 width=121)
	  ->  Sort  (cost=35681.71..35706.97 rows=10105 width=121)
	        Sort Key: c
	        ->  Bitmap Heap Scan on sbtest5  (cost=300.01..35009.59 rows=10105 width=121)
	              Recheck Cond: ((id >= 6285936) AND (id <= 6295935))
	              ->  Bitmap Index Scan on sbtest5_pkey  (cost=0.00..297.49 rows=10105 width=0)
	                    Index Cond: ((id >= 6285936) AND (id <= 6295935))

table 6 : explain SELECT DISTINCT c FROM sbtest6 WHERE id BETWEEN 945129 AND 955128 ORDER BY c
	Unique  (cost=36251.11..36302.53 rows=10284 width=121)
	  ->  Sort  (cost=36251.11..36276.82 rows=10284 width=121)
	        Sort Key: c
	        ->  Bitmap Heap Scan on sbtest6  (cost=309.85..35565.77 rows=10284 width=121)
	              Recheck Cond: ((id >= 945129) AND (id <= 955128))
	              ->  Bitmap Index Scan on sbtest6_pkey  (cost=0.00..307.28 rows=10284 width=0)
	                    Index Cond: ((id >= 945129) AND (id <= 955128))

table 7 : explain SELECT DISTINCT c FROM sbtest7 WHERE id BETWEEN 8257280 AND 8267279 ORDER BY c
	Unique  (cost=34653.49..34702.43 rows=9787 width=121)
	  ->  Sort  (cost=34653.49..34677.96 rows=9787 width=121)
	        Sort Key: c
	        ->  Bitmap Heap Scan on sbtest7  (cost=292.75..34004.78 rows=9787 width=121)
	              Recheck Cond: ((id >= 8257280) AND (id <= 8267279))
	              ->  Bitmap Index Scan on sbtest7_pkey  (cost=0.00..290.31 rows=9787 width=0)
	                    Index Cond: ((id >= 8257280) AND (id <= 8267279))

table 8 : explain SELECT DISTINCT c FROM sbtest8 WHERE id BETWEEN 1544286 AND 1554285 ORDER BY c
	Unique  (cost=36850.94..36903.28 rows=10467 width=121)
	  ->  Sort  (cost=36850.94..36877.11 rows=10467 width=121)
	        Sort Key: c
	        ->  Bitmap Heap Scan on sbtest8  (cost=315.72..36152.08 rows=10467 width=121)
	              Recheck Cond: ((id >= 1544286) AND (id <= 1554285))
	              ->  Bitmap Index Scan on sbtest8_pkey  (cost=0.00..313.11 rows=10467 width=0)
	                    Index Cond: ((id >= 1544286) AND (id <= 1554285))

explain: for point_selects :: explain SELECT c FROM sbtest%u WHERE id=%u
explain: for point_selects :: explain SELECT c FROM sbtest%u WHERE id=%u
explain: for point_selects :: explain SELECT c FROM sbtest%u WHERE id=%u
for: order_ranges
table 1 : explain SELECT c FROM sbtest1 WHERE id BETWEEN 296075 AND 306074 ORDER BY c
	Sort  (cost=37765.67..37792.56 rows=10756 width=121)
	  Sort Key: c
	  ->  Bitmap Heap Scan on sbtest1  (cost=314.68..37045.40 rows=10756 width=121)
	        Recheck Cond: ((id >= 296075) AND (id <= 306074))
	        ->  Bitmap Index Scan on sbtest1_pkey  (cost=0.00..312.00 rows=10756 width=0)
	              Index Cond: ((id >= 296075) AND (id <= 306074))

table 2 : explain SELECT c FROM sbtest2 WHERE id BETWEEN 58778 AND 68777 ORDER BY c
	Sort  (cost=32755.80..32778.81 rows=9205 width=121)
	  Sort Key: c
	  ->  Bitmap Heap Scan on sbtest2  (cost=274.79..32149.73 rows=9205 width=121)
	        Recheck Cond: ((id >= 58778) AND (id <= 68777))
	        ->  Bitmap Index Scan on sbtest2_pkey  (cost=0.00..272.49 rows=9205 width=0)
	              Index Cond: ((id >= 58778) AND (id <= 68777))

table 3 : explain SELECT c FROM sbtest3 WHERE id BETWEEN 5281527 AND 5291526 ORDER BY c
	Sort  (cost=30813.22..30834.76 rows=8616 width=121)
	  Sort Key: c
	  ->  Bitmap Heap Scan on sbtest3  (cost=256.75..30250.04 rows=8616 width=121)
	        Recheck Cond: ((id >= 5281527) AND (id <= 5291526))
	        ->  Bitmap Index Scan on sbtest3_pkey  (cost=0.00..254.59 rows=8616 width=0)
	              Index Cond: ((id >= 5281527) AND (id <= 5291526))

table 4 : explain SELECT c FROM sbtest4 WHERE id BETWEEN 1959902 AND 1969901 ORDER BY c
	Sort  (cost=34383.55..34407.81 rows=9702 width=121)
	  Sort Key: c
	  ->  Bitmap Heap Scan on sbtest4  (cost=287.88..33741.08 rows=9702 width=121)
	        Recheck Cond: ((id >= 1959902) AND (id <= 1969901))
	        ->  Bitmap Index Scan on sbtest4_pkey  (cost=0.00..285.45 rows=9702 width=0)
	              Index Cond: ((id >= 1959902) AND (id <= 1969901))

table 5 : explain SELECT c FROM sbtest5 WHERE id BETWEEN 2865022 AND 2875021 ORDER BY c
	Sort  (cost=33995.64..34019.61 rows=9586 width=121)
	  Sort Key: c
	  ->  Bitmap Heap Scan on sbtest5  (cost=282.69..33361.68 rows=9586 width=121)
	        Recheck Cond: ((id >= 2865022) AND (id <= 2875021))
	        ->  Bitmap Index Scan on sbtest5_pkey  (cost=0.00..280.30 rows=9586 width=0)
	              Index Cond: ((id >= 2865022) AND (id <= 2875021))

table 6 : explain SELECT c FROM sbtest6 WHERE id BETWEEN 5267113 AND 5277112 ORDER BY c
	Sort  (cost=36601.83..36627.81 rows=10393 width=121)
	  Sort Key: c
	  ->  Bitmap Heap Scan on sbtest6  (cost=314.96..35908.44 rows=10393 width=121)
	        Recheck Cond: ((id >= 5267113) AND (id <= 5277112))
	        ->  Bitmap Index Scan on sbtest6_pkey  (cost=0.00..312.37 rows=10393 width=0)
	              Index Cond: ((id >= 5267113) AND (id <= 5277112))

table 7 : explain SELECT c FROM sbtest7 WHERE id BETWEEN 1525902 AND 1535901 ORDER BY c
	Sort  (cost=34147.07..34171.15 rows=9631 width=121)
	  Sort Key: c
	  ->  Bitmap Heap Scan on sbtest7  (cost=287.15..33509.82 rows=9631 width=121)
	        Recheck Cond: ((id >= 1525902) AND (id <= 1535901))
	        ->  Bitmap Index Scan on sbtest7_pkey  (cost=0.00..284.75 rows=9631 width=0)
	              Index Cond: ((id >= 1525902) AND (id <= 1535901))

table 8 : explain SELECT c FROM sbtest8 WHERE id BETWEEN 4228895 AND 4238894 ORDER BY c
	Sort  (cost=34583.03..34607.45 rows=9765 width=121)
	  Sort Key: c
	  ->  Bitmap Heap Scan on sbtest8  (cost=292.53..33935.94 rows=9765 width=121)
	        Recheck Cond: ((id >= 4228895) AND (id <= 4238894))
	        ->  Bitmap Index Scan on sbtest8_pkey  (cost=0.00..290.08 rows=9765 width=0)
	              Index Cond: ((id >= 4228895) AND (id <= 4238894))

for: distinct_ranges
table 1 : explain SELECT DISTINCT c FROM sbtest1 WHERE id BETWEEN 6929734 AND 6939733 ORDER BY c
	Unique  (cost=36353.79..36405.37 rows=10316 width=121)
	  ->  Sort  (cost=36353.79..36379.58 rows=10316 width=121)
	        Sort Key: c
	        ->  Bitmap Heap Scan on sbtest1  (cost=302.17..35666.09 rows=10316 width=121)
	              Recheck Cond: ((id >= 6929734) AND (id <= 6939733))
	              ->  Bitmap Index Scan on sbtest1_pkey  (cost=0.00..299.59 rows=10316 width=0)
	                    Index Cond: ((id >= 6929734) AND (id <= 6939733))

table 2 : explain SELECT DISTINCT c FROM sbtest2 WHERE id BETWEEN 6848334 AND 6858333 ORDER BY c
	Unique  (cost=34931.10..34980.47 rows=9873 width=121)
	  ->  Sort  (cost=34931.10..34955.79 rows=9873 width=121)
	        Sort Key: c
	        ->  Bitmap Heap Scan on sbtest2  (cost=293.63..34276.07 rows=9873 width=121)
	              Recheck Cond: ((id >= 6848334) AND (id <= 6858333))
	              ->  Bitmap Index Scan on sbtest2_pkey  (cost=0.00..291.17 rows=9873 width=0)
	                    Index Cond: ((id >= 6848334) AND (id <= 6858333))

table 3 : explain SELECT DISTINCT c FROM sbtest3 WHERE id BETWEEN 6156982 AND 6166981 ORDER BY c
	Unique  (cost=36242.70..36294.11 rows=10282 width=121)
	  ->  Sort  (cost=36242.70..36268.40 rows=10282 width=121)
	        Sort Key: c
	        ->  Bitmap Heap Scan on sbtest3  (cost=305.83..35557.52 rows=10282 width=121)
	              Recheck Cond: ((id >= 6156982) AND (id <= 6166981))
	              ->  Bitmap Index Scan on sbtest3_pkey  (cost=0.00..303.25 rows=10282 width=0)
	                    Index Cond: ((id >= 6156982) AND (id <= 6166981))

table 4 : explain SELECT DISTINCT c FROM sbtest4 WHERE id BETWEEN 6608951 AND 6618950 ORDER BY c
	Unique  (cost=34006.47..34054.40 rows=9586 width=121)
	  ->  Sort  (cost=34006.47..34030.44 rows=9586 width=121)
	        Sort Key: c
	        ->  Bitmap Heap Scan on sbtest4  (cost=282.69..33372.52 rows=9586 width=121)
	              Recheck Cond: ((id >= 6608951) AND (id <= 6618950))
	              ->  Bitmap Index Scan on sbtest4_pkey  (cost=0.00..280.30 rows=9586 width=0)
	                    Index Cond: ((id >= 6608951) AND (id <= 6618950))

table 5 : explain SELECT DISTINCT c FROM sbtest5 WHERE id BETWEEN 9239897 AND 9249896 ORDER BY c
	Unique  (cost=36601.63..36653.59 rows=10391 width=121)
	  ->  Sort  (cost=36601.63..36627.61 rows=10391 width=121)
	        Sort Key: c
	        ->  Bitmap Heap Scan on sbtest5  (cost=306.94..35908.39 rows=10391 width=121)
	              Recheck Cond: ((id >= 9239897) AND (id <= 9249896))
	              ->  Bitmap Index Scan on sbtest5_pkey  (cost=0.00..304.34 rows=10391 width=0)
	                    Index Cond: ((id >= 9239897) AND (id <= 9249896))

table 6 : explain SELECT DISTINCT c FROM sbtest6 WHERE id BETWEEN 2526229 AND 2536228 ORDER BY c
	Unique  (cost=34832.32..34881.54 rows=9845 width=121)
	  ->  Sort  (cost=34832.32..34856.93 rows=9845 width=121)
	        Sort Key: c
	        ->  Bitmap Heap Scan on sbtest6  (cost=297.35..34179.34 rows=9845 width=121)
	              Recheck Cond: ((id >= 2526229) AND (id <= 2536228))
	              ->  Bitmap Index Scan on sbtest6_pkey  (cost=0.00..294.88 rows=9845 width=0)
	                    Index Cond: ((id >= 2526229) AND (id <= 2536228))

table 7 : explain SELECT DISTINCT c FROM sbtest7 WHERE id BETWEEN 1886090 AND 1896089 ORDER BY c
	Unique  (cost=36960.44..37012.95 rows=10501 width=121)
	  ->  Sort  (cost=36960.44..36986.69 rows=10501 width=121)
	        Sort Key: c
	        ->  Bitmap Heap Scan on sbtest7  (cost=316.07..36259.07 rows=10501 width=121)
	              Recheck Cond: ((id >= 1886090) AND (id <= 1896089))
	              ->  Bitmap Index Scan on sbtest7_pkey  (cost=0.00..313.44 rows=10501 width=0)
	                    Index Cond: ((id >= 1886090) AND (id <= 1896089))

table 8 : explain SELECT DISTINCT c FROM sbtest8 WHERE id BETWEEN 9184718 AND 9194717 ORDER BY c
	Unique  (cost=33285.45..33332.28 rows=9367 width=121)
	  ->  Sort  (cost=33285.45..33308.86 rows=9367 width=121)
	        Sort Key: c
	        ->  Bitmap Heap Scan on sbtest8  (cost=280.45..32667.54 rows=9367 width=121)
	              Recheck Cond: ((id >= 9184718) AND (id <= 9194717))
	              ->  Bitmap Index Scan on sbtest8_pkey  (cost=0.00..278.11 rows=9367 width=0)
	                    Index Cond: ((id >= 9184718) AND (id <= 9194717))

for: sum_ranges
table 1 : explain SELECT SUM(k) FROM sbtest1 WHERE id BETWEEN 5524233 AND 5534232
	Aggregate  (cost=35543.28..35543.29 rows=1 width=8)
	  ->  Bitmap Heap Scan on sbtest1  (cost=301.69..35517.60 rows=10269 width=4)
	        Recheck Cond: ((id >= 5524233) AND (id <= 5534232))
	        ->  Bitmap Index Scan on sbtest1_pkey  (cost=0.00..299.12 rows=10269 width=0)
	              Index Cond: ((id >= 5524233) AND (id <= 5534232))

table 2 : explain SELECT SUM(k) FROM sbtest2 WHERE id BETWEEN 9629024 AND 9639023
	Aggregate  (cost=35005.23..35005.24 rows=1 width=8)
	  ->  Bitmap Heap Scan on sbtest2  (cost=299.92..34979.99 rows=10096 width=4)
	        Recheck Cond: ((id >= 9629024) AND (id <= 9639023))
	        ->  Bitmap Index Scan on sbtest2_pkey  (cost=0.00..297.40 rows=10096 width=0)
	              Index Cond: ((id >= 9629024) AND (id <= 9639023))

table 3 : explain SELECT SUM(k) FROM sbtest3 WHERE id BETWEEN 8420880 AND 8430879
	Aggregate  (cost=35954.46..35954.47 rows=1 width=8)
	  ->  Bitmap Heap Scan on sbtest3  (cost=307.05..35928.45 rows=10401 width=4)
	        Recheck Cond: ((id >= 8420880) AND (id <= 8430879))
	        ->  Bitmap Index Scan on sbtest3_pkey  (cost=0.00..304.44 rows=10401 width=0)
	              Index Cond: ((id >= 8420880) AND (id <= 8430879))

table 4 : explain SELECT SUM(k) FROM sbtest4 WHERE id BETWEEN 1577599 AND 1587598
	Aggregate  (cost=33895.51..33895.52 rows=1 width=8)
	  ->  Bitmap Heap Scan on sbtest4  (cost=288.30..33871.15 rows=9743 width=4)
	        Recheck Cond: ((id >= 1577599) AND (id <= 1587598))
	        ->  Bitmap Index Scan on sbtest4_pkey  (cost=0.00..285.87 rows=9743 width=0)
	              Index Cond: ((id >= 1577599) AND (id <= 1587598))

table 5 : explain SELECT SUM(k) FROM sbtest5 WHERE id BETWEEN 8128821 AND 8138820
	Aggregate  (cost=35371.45..35371.46 rows=1 width=8)
	  ->  Bitmap Heap Scan on sbtest5  (cost=301.12..35345.92 rows=10213 width=4)
	        Recheck Cond: ((id >= 8128821) AND (id <= 8138820))
	        ->  Bitmap Index Scan on sbtest5_pkey  (cost=0.00..298.56 rows=10213 width=0)
	              Index Cond: ((id >= 8128821) AND (id <= 8138820))

table 6 : explain SELECT SUM(k) FROM sbtest6 WHERE id BETWEEN 9064665 AND 9074664
	Aggregate  (cost=36647.15..36647.16 rows=1 width=8)
	  ->  Bitmap Heap Scan on sbtest6  (cost=321.29..36620.60 rows=10620 width=4)
	        Recheck Cond: ((id >= 9064665) AND (id <= 9074664))
	        ->  Bitmap Index Scan on sbtest6_pkey  (cost=0.00..318.63 rows=10620 width=0)
	              Index Cond: ((id >= 9064665) AND (id <= 9074664))

table 7 : explain SELECT SUM(k) FROM sbtest7 WHERE id BETWEEN 5170305 AND 5180304
	Aggregate  (cost=37646.99..37647.00 rows=1 width=8)
	  ->  Bitmap Heap Scan on sbtest7  (cost=328.53..37619.65 rows=10936 width=4)
	        Recheck Cond: ((id >= 5170305) AND (id <= 5180304))
	        ->  Bitmap Index Scan on sbtest7_pkey  (cost=0.00..325.80 rows=10936 width=0)
	              Index Cond: ((id >= 5170305) AND (id <= 5180304))

table 8 : explain SELECT SUM(k) FROM sbtest8 WHERE id BETWEEN 1989888 AND 1999887
	Aggregate  (cost=33547.06..33547.07 rows=1 width=8)
	  ->  Bitmap Heap Scan on sbtest8  (cost=291.18..33522.98 rows=9634 width=4)
	        Recheck Cond: ((id >= 1989888) AND (id <= 1999887))
	        ->  Bitmap Index Scan on sbtest8_pkey  (cost=0.00..288.78 rows=9634 width=0)
	              Index Cond: ((id >= 1989888) AND (id <= 1999887))

for point_selects
table 1 : explain SELECT c FROM sbtest1 WHERE id=9305249
	Index Scan using sbtest1_pkey on sbtest1  (cost=0.43..8.45 rows=1 width=121)
	  Index Cond: (id = 9305249)

table 2 : explain SELECT c FROM sbtest2 WHERE id=8847982
	Index Scan using sbtest2_pkey on sbtest2  (cost=0.43..8.45 rows=1 width=121)
	  Index Cond: (id = 8847982)

table 3 : explain SELECT c FROM sbtest3 WHERE id=6238119
	Index Scan using sbtest3_pkey on sbtest3  (cost=0.43..8.45 rows=1 width=121)
	  Index Cond: (id = 6238119)

table 4 : explain SELECT c FROM sbtest4 WHERE id=2500352
	Index Scan using sbtest4_pkey on sbtest4  (cost=0.43..8.45 rows=1 width=121)
	  Index Cond: (id = 2500352)

table 5 : explain SELECT c FROM sbtest5 WHERE id=2432656
	Index Scan using sbtest5_pkey on sbtest5  (cost=0.43..8.45 rows=1 width=121)
	  Index Cond: (id = 2432656)

table 6 : explain SELECT c FROM sbtest6 WHERE id=827188
	Index Scan using sbtest6_pkey on sbtest6  (cost=0.43..8.45 rows=1 width=121)
	  Index Cond: (id = 827188)

table 7 : explain SELECT c FROM sbtest7 WHERE id=6744857
	Index Scan using sbtest7_pkey on sbtest7  (cost=0.43..8.45 rows=1 width=121)
	  Index Cond: (id = 6744857)

table 8 : explain SELECT c FROM sbtest8 WHERE id=114774
	Index Scan using sbtest8_pkey on sbtest8  (cost=0.43..8.45 rows=1 width=121)
	  Index Cond: (id = 114774)

explain: for point_selects :: explain SELECT c FROM sbtest%u WHERE id=%u
explain: for point_selects :: explain SELECT c FROM sbtest%u WHERE id=%u
for point_selects
table 1 : explain SELECT c FROM sbtest1 WHERE id=9409477
	Index Scan using sbtest1_pkey on sbtest1  (cost=0.43..8.45 rows=1 width=121)
	  Index Cond: (id = 9409477)

table 2 : explain SELECT c FROM sbtest2 WHERE id=8620513
	Index Scan using sbtest2_pkey on sbtest2  (cost=0.43..8.45 rows=1 width=121)
	  Index Cond: (id = 8620513)

table 3 : explain SELECT c FROM sbtest3 WHERE id=986574
	Index Scan using sbtest3_pkey on sbtest3  (cost=0.43..8.45 rows=1 width=121)
	  Index Cond: (id = 986574)

table 4 : explain SELECT c FROM sbtest4 WHERE id=1012734
	Index Scan using sbtest4_pkey on sbtest4  (cost=0.43..8.45 rows=1 width=121)
	  Index Cond: (id = 1012734)

table 5 : explain SELECT c FROM sbtest5 WHERE id=673328
	Index Scan using sbtest5_pkey on sbtest5  (cost=0.43..8.45 rows=1 width=121)
	  Index Cond: (id = 673328)

table 6 : explain SELECT c FROM sbtest6 WHERE id=5604273
	Index Scan using sbtest6_pkey on sbtest6  (cost=0.43..8.45 rows=1 width=121)
	  Index Cond: (id = 5604273)

table 7 : explain SELECT c FROM sbtest7 WHERE id=741631
	Index Scan using sbtest7_pkey on sbtest7  (cost=0.43..8.45 rows=1 width=121)
	  Index Cond: (id = 741631)

table 8 : explain SELECT c FROM sbtest8 WHERE id=2870219
	Index Scan using sbtest8_pkey on sbtest8  (cost=0.43..8.45 rows=1 width=121)
	  Index Cond: (id = 2870219)

for: distinct_ranges
table 1 : explain SELECT DISTINCT c FROM sbtest1 WHERE id BETWEEN 8573869 AND 8583868 ORDER BY c
	Unique  (cost=34512.35..34561.08 rows=9747 width=121)
	  ->  Sort  (cost=34512.35..34536.71 rows=9747 width=121)
	        Sort Key: c
	        ->  Bitmap Heap Scan on sbtest1  (cost=284.34..33866.57 rows=9747 width=121)
	              Recheck Cond: ((id >= 8573869) AND (id <= 8583868))
	              ->  Bitmap Index Scan on sbtest1_pkey  (cost=0.00..281.91 rows=9747 width=0)
	                    Index Cond: ((id >= 8573869) AND (id <= 8583868))

table 2 : explain SELECT DISTINCT c FROM sbtest2 WHERE id BETWEEN 3350488 AND 3360487 ORDER BY c
	Unique  (cost=36651.40..36703.43 rows=10406 width=121)
	  ->  Sort  (cost=36651.40..36677.41 rows=10406 width=121)
	        Sort Key: c
	        ->  Bitmap Heap Scan on sbtest2  (cost=311.10..35957.05 rows=10406 width=121)
	              Recheck Cond: ((id >= 3350488) AND (id <= 3360487))
	              ->  Bitmap Index Scan on sbtest2_pkey  (cost=0.00..308.50 rows=10406 width=0)
	                    Index Cond: ((id >= 3350488) AND (id <= 3360487))

table 3 : explain SELECT DISTINCT c FROM sbtest3 WHERE id BETWEEN 625767 AND 635766 ORDER BY c
	Unique  (cost=33641.12..33688.52 rows=9479 width=121)
	  ->  Sort  (cost=33641.12..33664.82 rows=9479 width=121)
	        Sort Key: c
	        ->  Bitmap Heap Scan on sbtest3  (cost=281.59..33015.01 rows=9479 width=121)
	              Recheck Cond: ((id >= 625767) AND (id <= 635766))
	              ->  Bitmap Index Scan on sbtest3_pkey  (cost=0.00..279.23 rows=9479 width=0)
	                    Index Cond: ((id >= 625767) AND (id <= 635766))

table 4 : explain SELECT DISTINCT c FROM sbtest4 WHERE id BETWEEN 1078831 AND 1088830 ORDER BY c
	Unique  (cost=33552.86..33600.09 rows=9446 width=121)
	  ->  Sort  (cost=33552.86..33576.47 rows=9446 width=121)
	        Sort Key: c
	        ->  Bitmap Heap Scan on sbtest4  (cost=281.26..32929.16 rows=9446 width=121)
	              Recheck Cond: ((id >= 1078831) AND (id <= 1088830))
	              ->  Bitmap Index Scan on sbtest4_pkey  (cost=0.00..278.90 rows=9446 width=0)
	                    Index Cond: ((id >= 1078831) AND (id <= 1088830))

table 5 : explain SELECT DISTINCT c FROM sbtest5 WHERE id BETWEEN 26987 AND 36986 ORDER BY c
	Unique  (cost=35333.10..35383.09 rows=9998 width=121)
	  ->  Sort  (cost=35333.10..35358.09 rows=9998 width=121)
	        Sort Key: c
	        ->  Bitmap Heap Scan on sbtest5  (cost=294.91..34668.86 rows=9998 width=121)
	              Recheck Cond: ((id >= 26987) AND (id <= 36986))
	              ->  Bitmap Index Scan on sbtest5_pkey  (cost=0.00..292.42 rows=9998 width=0)
	                    Index Cond: ((id >= 26987) AND (id <= 36986))

table 6 : explain SELECT DISTINCT c FROM sbtest6 WHERE id BETWEEN 6356508 AND 6366507 ORDER BY c
	Unique  (cost=35861.09..35911.91 rows=10163 width=121)
	  ->  Sort  (cost=35861.09..35886.50 rows=10163 width=121)
	        Sort Key: c
	        ->  Bitmap Heap Scan on sbtest6  (cost=308.61..35184.69 rows=10163 width=121)
	              Recheck Cond: ((id >= 6356508) AND (id <= 6366507))
	              ->  Bitmap Index Scan on sbtest6_pkey  (cost=0.00..306.06 rows=10163 width=0)
	                    Index Cond: ((id >= 6356508) AND (id <= 6366507))

table 7 : explain SELECT DISTINCT c FROM sbtest7 WHERE id BETWEEN 8702037 AND 8712036 ORDER BY c
	Unique  (cost=33379.45..33426.43 rows=9395 width=121)
	  ->  Sort  (cost=33379.45..33402.94 rows=9395 width=121)
	        Sort Key: c
	        ->  Bitmap Heap Scan on sbtest7  (cost=280.73..32759.49 rows=9395 width=121)
	              Recheck Cond: ((id >= 8702037) AND (id <= 8712036))
	              ->  Bitmap Index Scan on sbtest7_pkey  (cost=0.00..278.38 rows=9395 width=0)
	                    Index Cond: ((id >= 8702037) AND (id <= 8712036))

table 8 : explain SELECT DISTINCT c FROM sbtest8 WHERE id BETWEEN 7535917 AND 7545916 ORDER BY c
	Unique  (cost=35421.03..35471.14 rows=10023 width=121)
	  ->  Sort  (cost=35421.03..35446.09 rows=10023 width=121)
	        Sort Key: c
	        ->  Bitmap Heap Scan on sbtest8  (cost=303.17..34754.95 rows=10023 width=121)
	              Recheck Cond: ((id >= 7535917) AND (id <= 7545916))
	              ->  Bitmap Index Scan on sbtest8_pkey  (cost=0.00..300.67 rows=10023 width=0)
	                    Index Cond: ((id >= 7535917) AND (id <= 7545916))

explain: for point_selects :: explain SELECT c FROM sbtest%u WHERE id=%u
explain: for point_selects :: explain SELECT c FROM sbtest%u WHERE id=%u
for: simple_ranges
table 1 : explain SELECT c FROM sbtest1 WHERE id BETWEEN 5313101 AND 5323100
	Bitmap Heap Scan on sbtest1  (cost=290.72..34600.65 rows=9979 width=121)
	  Recheck Cond: ((id >= 5313101) AND (id <= 5323100))
	  ->  Bitmap Index Scan on sbtest1_pkey  (cost=0.00..288.23 rows=9979 width=0)
	        Index Cond: ((id >= 5313101) AND (id <= 5323100))

table 2 : explain SELECT c FROM sbtest2 WHERE id BETWEEN 6584440 AND 6594439
	Bitmap Heap Scan on sbtest2  (cost=293.73..34302.04 rows=9882 width=121)
	  Recheck Cond: ((id >= 6584440) AND (id <= 6594439))
	  ->  Bitmap Index Scan on sbtest2_pkey  (cost=0.00..291.25 rows=9882 width=0)
	        Index Cond: ((id >= 6584440) AND (id <= 6594439))

table 3 : explain SELECT c FROM sbtest3 WHERE id BETWEEN 6674033 AND 6684032
	Bitmap Heap Scan on sbtest3  (cost=306.77..35844.63 rows=10374 width=121)
	  Recheck Cond: ((id >= 6674033) AND (id <= 6684032))
	  ->  Bitmap Index Scan on sbtest3_pkey  (cost=0.00..304.18 rows=10374 width=0)
	        Index Cond: ((id >= 6674033) AND (id <= 6684032))

table 4 : explain SELECT c FROM sbtest4 WHERE id BETWEEN 4397166 AND 4407165
	Bitmap Heap Scan on sbtest4  (cost=287.83..33724.82 rows=9697 width=121)
	  Recheck Cond: ((id >= 4397166) AND (id <= 4407165))
	  ->  Bitmap Index Scan on sbtest4_pkey  (cost=0.00..285.41 rows=9697 width=0)
	        Index Cond: ((id >= 4397166) AND (id <= 4407165))

table 5 : explain SELECT c FROM sbtest5 WHERE id BETWEEN 7408132 AND 7418131
	Bitmap Heap Scan on sbtest5  (cost=294.16..34435.49 rows=9924 width=121)
	  Recheck Cond: ((id >= 7408132) AND (id <= 7418131))
	  ->  Bitmap Index Scan on sbtest5_pkey  (cost=0.00..291.68 rows=9924 width=0)
	        Index Cond: ((id >= 7408132) AND (id <= 7418131))

table 6 : explain SELECT c FROM sbtest6 WHERE id BETWEEN 6209008 AND 6219007
	Bitmap Heap Scan on sbtest6  (cost=303.94..34977.00 rows=10098 width=121)
	  Recheck Cond: ((id >= 6209008) AND (id <= 6219007))
	  ->  Bitmap Index Scan on sbtest6_pkey  (cost=0.00..301.42 rows=10098 width=0)
	        Index Cond: ((id >= 6209008) AND (id <= 6219007))

table 7 : explain SELECT c FROM sbtest7 WHERE id BETWEEN 4306322 AND 4316321
	Bitmap Heap Scan on sbtest7  (cost=291.72..33686.25 rows=9686 width=121)
	  Recheck Cond: ((id >= 4306322) AND (id <= 4316321))
	  ->  Bitmap Index Scan on sbtest7_pkey  (cost=0.00..289.30 rows=9686 width=0)
	        Index Cond: ((id >= 4306322) AND (id <= 4316321))

table 8 : explain SELECT c FROM sbtest8 WHERE id BETWEEN 8953307 AND 8963306
	Bitmap Heap Scan on sbtest8  (cost=321.51..36700.05 rows=10641 width=121)
	  Recheck Cond: ((id >= 8953307) AND (id <= 8963306))
	  ->  Bitmap Index Scan on sbtest8_pkey  (cost=0.00..318.84 rows=10641 width=0)
	        Index Cond: ((id >= 8953307) AND (id <= 8963306))

for point_selects
table 1 : explain SELECT c FROM sbtest1 WHERE id=5524882
	Index Scan using sbtest1_pkey on sbtest1  (cost=0.43..8.45 rows=1 width=121)
	  Index Cond: (id = 5524882)

table 2 : explain SELECT c FROM sbtest2 WHERE id=4292166
	Index Scan using sbtest2_pkey on sbtest2  (cost=0.43..8.45 rows=1 width=121)
	  Index Cond: (id = 4292166)

table 3 : explain SELECT c FROM sbtest3 WHERE id=7368503
	Index Scan using sbtest3_pkey on sbtest3  (cost=0.43..8.45 rows=1 width=121)
	  Index Cond: (id = 7368503)

table 4 : explain SELECT c FROM sbtest4 WHERE id=4030908
	Index Scan using sbtest4_pkey on sbtest4  (cost=0.43..8.45 rows=1 width=121)
	  Index Cond: (id = 4030908)

table 5 : explain SELECT c FROM sbtest5 WHERE id=6098124
	Index Scan using sbtest5_pkey on sbtest5  (cost=0.43..8.45 rows=1 width=121)
	  Index Cond: (id = 6098124)

table 6 : explain SELECT c FROM sbtest6 WHERE id=2840044
	Index Scan using sbtest6_pkey on sbtest6  (cost=0.43..8.45 rows=1 width=121)
	  Index Cond: (id = 2840044)

table 7 : explain SELECT c FROM sbtest7 WHERE id=3873385
	Index Scan using sbtest7_pkey on sbtest7  (cost=0.43..8.45 rows=1 width=121)
	  Index Cond: (id = 3873385)

table 8 : explain SELECT c FROM sbtest8 WHERE id=6674231
	Index Scan using sbtest8_pkey on sbtest8  (cost=0.43..8.45 rows=1 width=121)
	  Index Cond: (id = 6674231)

for: simple_ranges
table 1 : explain SELECT c FROM sbtest1 WHERE id BETWEEN 1838592 AND 1848591
	Bitmap Heap Scan on sbtest1  (cost=277.72..33055.48 rows=9491 width=121)
	  Recheck Cond: ((id >= 1838592) AND (id <= 1848591))
	  ->  Bitmap Index Scan on sbtest1_pkey  (cost=0.00..275.34 rows=9491 width=0)
	        Index Cond: ((id >= 1838592) AND (id <= 1848591))

table 2 : explain SELECT c FROM sbtest2 WHERE id BETWEEN 1509096 AND 1519095
	Bitmap Heap Scan on sbtest2  (cost=287.85..33723.14 rows=9699 width=121)
	  Recheck Cond: ((id >= 1509096) AND (id <= 1519095))
	  ->  Bitmap Index Scan on sbtest2_pkey  (cost=0.00..285.43 rows=9699 width=0)
	        Index Cond: ((id >= 1509096) AND (id <= 1519095))

table 3 : explain SELECT c FROM sbtest3 WHERE id BETWEEN 9776081 AND 9786080
	Bitmap Heap Scan on sbtest3  (cost=336.27..38738.07 rows=11301 width=121)
	  Recheck Cond: ((id >= 9776081) AND (id <= 9786080))
	  ->  Bitmap Index Scan on sbtest3_pkey  (cost=0.00..333.44 rows=11301 width=0)
	        Index Cond: ((id >= 9776081) AND (id <= 9786080))

table 4 : explain SELECT c FROM sbtest4 WHERE id BETWEEN 5312724 AND 5322723
	Bitmap Heap Scan on sbtest4  (cost=331.07..38399.25 rows=11184 width=121)
	  Recheck Cond: ((id >= 5312724) AND (id <= 5322723))
	  ->  Bitmap Index Scan on sbtest4_pkey  (cost=0.00..328.28 rows=11184 width=0)
	        Index Cond: ((id >= 5312724) AND (id <= 5322723))

table 5 : explain SELECT c FROM sbtest5 WHERE id BETWEEN 7306154 AND 7316153
	Bitmap Heap Scan on sbtest5  (cost=294.29..34477.63 rows=9937 width=121)
	  Recheck Cond: ((id >= 7306154) AND (id <= 7316153))
	  ->  Bitmap Index Scan on sbtest5_pkey  (cost=0.00..291.81 rows=9937 width=0)
	        Index Cond: ((id >= 7306154) AND (id <= 7316153))

table 6 : explain SELECT c FROM sbtest6 WHERE id BETWEEN 5651301 AND 5661300
	Bitmap Heap Scan on sbtest6  (cost=284.24..32599.60 rows=9347 width=121)
	  Recheck Cond: ((id >= 5651301) AND (id <= 5661300))
	  ->  Bitmap Index Scan on sbtest6_pkey  (cost=0.00..281.91 rows=9347 width=0)
	        Index Cond: ((id >= 5651301) AND (id <= 5661300))

table 7 : explain SELECT c FROM sbtest7 WHERE id BETWEEN 7187695 AND 7197694
	Bitmap Heap Scan on sbtest7  (cost=287.46..33604.18 rows=9661 width=121)
	  Recheck Cond: ((id >= 7187695) AND (id <= 7197694))
	  ->  Bitmap Index Scan on sbtest7_pkey  (cost=0.00..285.05 rows=9661 width=0)
	        Index Cond: ((id >= 7187695) AND (id <= 7197694))

table 8 : explain SELECT c FROM sbtest8 WHERE id BETWEEN 976592 AND 986591
	Bitmap Heap Scan on sbtest8  (cost=304.55..35178.92 rows=10158 width=121)
	  Recheck Cond: ((id >= 976592) AND (id <= 986591))
	  ->  Bitmap Index Scan on sbtest8_pkey  (cost=0.00..302.01 rows=10158 width=0)
	        Index Cond: ((id >= 976592) AND (id <= 986591))

for: order_ranges
table 1 : explain SELECT c FROM sbtest1 WHERE id BETWEEN 2726395 AND 2736394 ORDER BY c
	Sort  (cost=34309.43..34333.64 rows=9684 width=121)
	  Sort Key: c
	  ->  Bitmap Heap Scan on sbtest1  (cost=283.70..33668.28 rows=9684 width=121)
	        Recheck Cond: ((id >= 2726395) AND (id <= 2736394))
	        ->  Bitmap Index Scan on sbtest1_pkey  (cost=0.00..281.28 rows=9684 width=0)
	              Index Cond: ((id >= 2726395) AND (id <= 2736394))

table 2 : explain SELECT c FROM sbtest2 WHERE id BETWEEN 5707316 AND 5717315 ORDER BY c
	Sort  (cost=34941.06..34965.75 rows=9876 width=121)
	  Sort Key: c
	  ->  Bitmap Heap Scan on sbtest2  (cost=293.66..34285.80 rows=9876 width=121)
	        Recheck Cond: ((id >= 5707316) AND (id <= 5717315))
	        ->  Bitmap Index Scan on sbtest2_pkey  (cost=0.00..291.19 rows=9876 width=0)
	              Index Cond: ((id >= 5707316) AND (id <= 5717315))

table 3 : explain SELECT c FROM sbtest3 WHERE id BETWEEN 5260265 AND 5270264 ORDER BY c
	Sort  (cost=30813.22..30834.76 rows=8616 width=121)
	  Sort Key: c
	  ->  Bitmap Heap Scan on sbtest3  (cost=256.75..30250.04 rows=8616 width=121)
	        Recheck Cond: ((id >= 5260265) AND (id <= 5270264))
	        ->  Bitmap Index Scan on sbtest3_pkey  (cost=0.00..254.59 rows=8616 width=0)
	              Index Cond: ((id >= 5260265) AND (id <= 5270264))

table 4 : explain SELECT c FROM sbtest4 WHERE id BETWEEN 7022862 AND 7032861 ORDER BY c
	Sort  (cost=38964.76..38992.57 rows=11126 width=121)
	  Sort Key: c
	  ->  Bitmap Heap Scan on sbtest4  (cost=330.48..38217.00 rows=11126 width=121)
	        Recheck Cond: ((id >= 7022862) AND (id <= 7032861))
	        ->  Bitmap Index Scan on sbtest4_pkey  (cost=0.00..327.69 rows=11126 width=0)
	              Index Cond: ((id >= 7022862) AND (id <= 7032861))

table 5 : explain SELECT c FROM sbtest5 WHERE id BETWEEN 6552112 AND 6562111 ORDER BY c
	Sort  (cost=36019.40..36044.92 rows=10211 width=121)
	  Sort Key: c
	  ->  Bitmap Heap Scan on sbtest5  (cost=301.10..35339.45 rows=10211 width=121)
	        Recheck Cond: ((id >= 6552112) AND (id <= 6562111))
	        ->  Bitmap Index Scan on sbtest5_pkey  (cost=0.00..298.55 rows=10211 width=0)
	              Index Cond: ((id >= 6552112) AND (id <= 6562111))

table 6 : explain SELECT c FROM sbtest6 WHERE id BETWEEN 1766095 AND 1776094 ORDER BY c
	Sort  (cost=31095.68..31117.43 rows=8701 width=121)
	  Sort Key: c
	  ->  Bitmap Heap Scan on sbtest6  (cost=265.62..30526.33 rows=8701 width=121)
	        Recheck Cond: ((id >= 1766095) AND (id <= 1776094))
	        ->  Bitmap Index Scan on sbtest6_pkey  (cost=0.00..263.44 rows=8701 width=0)
	              Index Cond: ((id >= 1766095) AND (id <= 1776094))

table 7 : explain SELECT c FROM sbtest7 WHERE id BETWEEN 7909323 AND 7919322 ORDER BY c
	Sort  (cost=33923.88..33947.78 rows=9562 width=121)
	  Sort Key: c
	  ->  Bitmap Heap Scan on sbtest7  (cost=286.45..33291.68 rows=9562 width=121)
	        Recheck Cond: ((id >= 7909323) AND (id <= 7919322))
	        ->  Bitmap Index Scan on sbtest7_pkey  (cost=0.00..284.06 rows=9562 width=0)
	              Index Cond: ((id >= 7909323) AND (id <= 7919322))

table 8 : explain SELECT c FROM sbtest8 WHERE id BETWEEN 7533145 AND 7543144 ORDER BY c
	Sort  (cost=35421.03..35446.09 rows=10023 width=121)
	  Sort Key: c
	  ->  Bitmap Heap Scan on sbtest8  (cost=303.17..34754.95 rows=10023 width=121)
	        Recheck Cond: ((id >= 7533145) AND (id <= 7543144))
	        ->  Bitmap Index Scan on sbtest8_pkey  (cost=0.00..300.67 rows=10023 width=0)
	              Index Cond: ((id >= 7533145) AND (id <= 7543144))

for point_selects
table 1 : explain SELECT c FROM sbtest1 WHERE id=6232753
	Index Scan using sbtest1_pkey on sbtest1  (cost=0.43..8.45 rows=1 width=121)
	  Index Cond: (id = 6232753)

table 2 : explain SELECT c FROM sbtest2 WHERE id=5712153
	Index Scan using sbtest2_pkey on sbtest2  (cost=0.43..8.45 rows=1 width=121)
	  Index Cond: (id = 5712153)

table 3 : explain SELECT c FROM sbtest3 WHERE id=9343750
	Index Scan using sbtest3_pkey on sbtest3  (cost=0.43..8.45 rows=1 width=121)
	  Index Cond: (id = 9343750)

table 4 : explain SELECT c FROM sbtest4 WHERE id=3750770
	Index Scan using sbtest4_pkey on sbtest4  (cost=0.43..8.45 rows=1 width=121)
	  Index Cond: (id = 3750770)

table 5 : explain SELECT c FROM sbtest5 WHERE id=4892907
	Index Scan using sbtest5_pkey on sbtest5  (cost=0.43..8.45 rows=1 width=121)
	  Index Cond: (id = 4892907)

table 6 : explain SELECT c FROM sbtest6 WHERE id=7849728
	Index Scan using sbtest6_pkey on sbtest6  (cost=0.43..8.45 rows=1 width=121)
	  Index Cond: (id = 7849728)

table 7 : explain SELECT c FROM sbtest7 WHERE id=6717239
	Index Scan using sbtest7_pkey on sbtest7  (cost=0.43..8.45 rows=1 width=121)
	  Index Cond: (id = 6717239)

table 8 : explain SELECT c FROM sbtest8 WHERE id=6483233
	Index Scan using sbtest8_pkey on sbtest8  (cost=0.43..8.45 rows=1 width=121)
	  Index Cond: (id = 6483233)

for: simple_ranges
table 1 : explain SELECT c FROM sbtest1 WHERE id BETWEEN 7123972 AND 7133971
	Bitmap Heap Scan on sbtest1  (cost=291.09..34714.03 rows=10015 width=121)
	  Recheck Cond: ((id >= 7123972) AND (id <= 7133971))
	  ->  Bitmap Index Scan on sbtest1_pkey  (cost=0.00..288.58 rows=10015 width=0)
	        Index Cond: ((id >= 7123972) AND (id <= 7133971))

table 2 : explain SELECT c FROM sbtest2 WHERE id BETWEEN 9696336 AND 9706335
	Bitmap Heap Scan on sbtest2  (cost=299.27..34782.52 rows=10033 width=121)
	  Recheck Cond: ((id >= 9696336) AND (id <= 9706335))
	  ->  Bitmap Index Scan on sbtest2_pkey  (cost=0.00..296.76 rows=10033 width=0)
	        Index Cond: ((id >= 9696336) AND (id <= 9706335))

table 3 : explain SELECT c FROM sbtest3 WHERE id BETWEEN 6059645 AND 6069644
	Bitmap Heap Scan on sbtest3  (cost=282.88..33409.06 rows=9604 width=121)
	  Recheck Cond: ((id >= 6059645) AND (id <= 6069644))
	  ->  Bitmap Index Scan on sbtest3_pkey  (cost=0.00..280.48 rows=9604 width=0)
	        Index Cond: ((id >= 6059645) AND (id <= 6069644))

table 4 : explain SELECT c FROM sbtest4 WHERE id BETWEEN 628779 AND 638778
	Bitmap Heap Scan on sbtest4  (cost=311.95..36227.26 rows=10489 width=121)
	  Recheck Cond: ((id >= 628779) AND (id <= 638778))
	  ->  Bitmap Index Scan on sbtest4_pkey  (cost=0.00..309.32 rows=10489 width=0)
	        Index Cond: ((id >= 628779) AND (id <= 638778))

table 5 : explain SELECT c FROM sbtest5 WHERE id BETWEEN 8753784 AND 8763783
	Bitmap Heap Scan on sbtest5  (cost=276.85..32787.26 rows=9406 width=121)
	  Recheck Cond: ((id >= 8753784) AND (id <= 8763783))
	  ->  Bitmap Index Scan on sbtest5_pkey  (cost=0.00..274.50 rows=9406 width=0)
	        Index Cond: ((id >= 8753784) AND (id <= 8763783))

table 6 : explain SELECT c FROM sbtest6 WHERE id BETWEEN 8404920 AND 8414919
	Bitmap Heap Scan on sbtest6  (cost=296.75..33997.59 rows=9787 width=121)
	  Recheck Cond: ((id >= 8404920) AND (id <= 8414919))
	  ->  Bitmap Index Scan on sbtest6_pkey  (cost=0.00..294.31 rows=9787 width=0)
	        Index Cond: ((id >= 8404920) AND (id <= 8414919))

table 7 : explain SELECT c FROM sbtest7 WHERE id BETWEEN 9837463 AND 9847462
	Bitmap Heap Scan on sbtest7  (cost=268.76..31518.12 rows=9007 width=121)
	  Recheck Cond: ((id >= 9837463) AND (id <= 9847462))
	  ->  Bitmap Index Scan on sbtest7_pkey  (cost=0.00..266.50 rows=9007 width=0)
	        Index Cond: ((id >= 9837463) AND (id <= 9847462))

table 8 : explain SELECT c FROM sbtest8 WHERE id BETWEEN 5005972 AND 5015971
	Bitmap Heap Scan on sbtest8  (cost=315.07..35952.24 rows=10403 width=121)
	  Recheck Cond: ((id >= 5005972) AND (id <= 5015971))
	  ->  Bitmap Index Scan on sbtest8_pkey  (cost=0.00..312.46 rows=10403 width=0)
	        Index Cond: ((id >= 5005972) AND (id <= 5015971))

for point_selects
table 1 : explain SELECT c FROM sbtest1 WHERE id=7612671
	Index Scan using sbtest1_pkey on sbtest1  (cost=0.43..8.45 rows=1 width=121)
	  Index Cond: (id = 7612671)

table 2 : explain SELECT c FROM sbtest2 WHERE id=9479824
	Index Scan using sbtest2_pkey on sbtest2  (cost=0.43..8.45 rows=1 width=121)
	  Index Cond: (id = 9479824)

table 3 : explain SELECT c FROM sbtest3 WHERE id=1594773
	Index Scan using sbtest3_pkey on sbtest3  (cost=0.43..8.45 rows=1 width=121)
	  Index Cond: (id = 1594773)

table 4 : explain SELECT c FROM sbtest4 WHERE id=7638308
	Index Scan using sbtest4_pkey on sbtest4  (cost=0.43..8.45 rows=1 width=121)
	  Index Cond: (id = 7638308)

table 5 : explain SELECT c FROM sbtest5 WHERE id=5194641
	Index Scan using sbtest5_pkey on sbtest5  (cost=0.43..8.45 rows=1 width=121)
	  Index Cond: (id = 5194641)

table 6 : explain SELECT c FROM sbtest6 WHERE id=9719636
	Index Scan using sbtest6_pkey on sbtest6  (cost=0.43..8.45 rows=1 width=121)
	  Index Cond: (id = 9719636)

table 7 : explain SELECT c FROM sbtest7 WHERE id=687856
	Index Scan using sbtest7_pkey on sbtest7  (cost=0.43..8.45 rows=1 width=121)
	  Index Cond: (id = 687856)

table 8 : explain SELECT c FROM sbtest8 WHERE id=4157619
	Index Scan using sbtest8_pkey on sbtest8  (cost=0.43..8.45 rows=1 width=121)
	  Index Cond: (id = 4157619)

for point_selects
table 1 : explain SELECT c FROM sbtest1 WHERE id=2042542
	Index Scan using sbtest1_pkey on sbtest1  (cost=0.43..8.45 rows=1 width=121)
	  Index Cond: (id = 2042542)

table 2 : explain SELECT c FROM sbtest2 WHERE id=6861765
	Index Scan using sbtest2_pkey on sbtest2  (cost=0.43..8.45 rows=1 width=121)
	  Index Cond: (id = 6861765)

table 3 : explain SELECT c FROM sbtest3 WHERE id=1752723
	Index Scan using sbtest3_pkey on sbtest3  (cost=0.43..8.45 rows=1 width=121)
	  Index Cond: (id = 1752723)

table 4 : explain SELECT c FROM sbtest4 WHERE id=6438969
	Index Scan using sbtest4_pkey on sbtest4  (cost=0.43..8.45 rows=1 width=121)
	  Index Cond: (id = 6438969)

table 5 : explain SELECT c FROM sbtest5 WHERE id=2986628
	Index Scan using sbtest5_pkey on sbtest5  (cost=0.43..8.45 rows=1 width=121)
	  Index Cond: (id = 2986628)

table 6 : explain SELECT c FROM sbtest6 WHERE id=8207209
	Index Scan using sbtest6_pkey on sbtest6  (cost=0.43..8.45 rows=1 width=121)
	  Index Cond: (id = 8207209)

table 7 : explain SELECT c FROM sbtest7 WHERE id=8076803
	Index Scan using sbtest7_pkey on sbtest7  (cost=0.43..8.45 rows=1 width=121)
	  Index Cond: (id = 8076803)

table 8 : explain SELECT c FROM sbtest8 WHERE id=9558101
	Index Scan using sbtest8_pkey on sbtest8  (cost=0.43..8.45 rows=1 width=121)
	  Index Cond: (id = 9558101)

for point_selects
table 1 : explain SELECT c FROM sbtest1 WHERE id=8131971
	Index Scan using sbtest1_pkey on sbtest1  (cost=0.43..8.45 rows=1 width=121)
	  Index Cond: (id = 8131971)

table 2 : explain SELECT c FROM sbtest2 WHERE id=3504361
	Index Scan using sbtest2_pkey on sbtest2  (cost=0.43..8.45 rows=1 width=121)
	  Index Cond: (id = 3504361)

table 3 : explain SELECT c FROM sbtest3 WHERE id=5384235
	Index Scan using sbtest3_pkey on sbtest3  (cost=0.43..8.45 rows=1 width=121)
	  Index Cond: (id = 5384235)

table 4 : explain SELECT c FROM sbtest4 WHERE id=7733415
	Index Scan using sbtest4_pkey on sbtest4  (cost=0.43..8.45 rows=1 width=121)
	  Index Cond: (id = 7733415)

table 5 : explain SELECT c FROM sbtest5 WHERE id=6180829
	Index Scan using sbtest5_pkey on sbtest5  (cost=0.43..8.45 rows=1 width=121)
	  Index Cond: (id = 6180829)

table 6 : explain SELECT c FROM sbtest6 WHERE id=9019298
	Index Scan using sbtest6_pkey on sbtest6  (cost=0.43..8.45 rows=1 width=121)
	  Index Cond: (id = 9019298)

table 7 : explain SELECT c FROM sbtest7 WHERE id=8619206
	Index Scan using sbtest7_pkey on sbtest7  (cost=0.43..8.45 rows=1 width=121)
	  Index Cond: (id = 8619206)

table 8 : explain SELECT c FROM sbtest8 WHERE id=2896554
	Index Scan using sbtest8_pkey on sbtest8  (cost=0.43..8.45 rows=1 width=121)
	  Index Cond: (id = 2896554)

for point_selects
table 1 : explain SELECT c FROM sbtest1 WHERE id=8769323
	Index Scan using sbtest1_pkey on sbtest1  (cost=0.43..8.45 rows=1 width=121)
	  Index Cond: (id = 8769323)

table 2 : explain SELECT c FROM sbtest2 WHERE id=704277
	Index Scan using sbtest2_pkey on sbtest2  (cost=0.43..8.45 rows=1 width=121)
	  Index Cond: (id = 704277)

table 3 : explain SELECT c FROM sbtest3 WHERE id=7472715
	Index Scan using sbtest3_pkey on sbtest3  (cost=0.43..8.45 rows=1 width=121)
	  Index Cond: (id = 7472715)

table 4 : explain SELECT c FROM sbtest4 WHERE id=8561632
	Index Scan using sbtest4_pkey on sbtest4  (cost=0.43..8.45 rows=1 width=121)
	  Index Cond: (id = 8561632)

table 5 : explain SELECT c FROM sbtest5 WHERE id=4440601
	Index Scan using sbtest5_pkey on sbtest5  (cost=0.43..8.45 rows=1 width=121)
	  Index Cond: (id = 4440601)

table 6 : explain SELECT c FROM sbtest6 WHERE id=5248117
	Index Scan using sbtest6_pkey on sbtest6  (cost=0.43..8.45 rows=1 width=121)
	  Index Cond: (id = 5248117)

table 7 : explain SELECT c FROM sbtest7 WHERE id=560174
	Index Scan using sbtest7_pkey on sbtest7  (cost=0.43..8.45 rows=1 width=121)
	  Index Cond: (id = 560174)

table 8 : explain SELECT c FROM sbtest8 WHERE id=845767
	Index Scan using sbtest8_pkey on sbtest8  (cost=0.43..8.45 rows=1 width=121)
	  Index Cond: (id = 845767)

for: sum_ranges
table 1 : explain SELECT SUM(k) FROM sbtest1 WHERE id BETWEEN 2792713 AND 2802712
	Aggregate  (cost=35277.37..35277.38 rows=1 width=8)
	  ->  Bitmap Heap Scan on sbtest1  (cost=296.83..35251.90 rows=10185 width=4)
	        Recheck Cond: ((id >= 2792713) AND (id <= 2802712))
	        ->  Bitmap Index Scan on sbtest1_pkey  (cost=0.00..294.29 rows=10185 width=0)
	              Index Cond: ((id >= 2792713) AND (id <= 2802712))

table 2 : explain SELECT SUM(k) FROM sbtest2 WHERE id BETWEEN 5487150 AND 5497149
	Aggregate  (cost=30231.84..30231.85 rows=1 width=8)
	  ->  Bitmap Heap Scan on sbtest2  (cost=256.61..30210.34 rows=8602 width=4)
	        Recheck Cond: ((id >= 5487150) AND (id <= 5497149))
	        ->  Bitmap Index Scan on sbtest2_pkey  (cost=0.00..254.45 rows=8602 width=0)
	              Index Cond: ((id >= 5487150) AND (id <= 5497149))

table 3 : explain SELECT SUM(k) FROM sbtest3 WHERE id BETWEEN 6181219 AND 6191218
	Aggregate  (cost=35583.22..35583.23 rows=1 width=8)
	  ->  Bitmap Heap Scan on sbtest3  (cost=305.83..35557.52 rows=10282 width=4)
	        Recheck Cond: ((id >= 6181219) AND (id <= 6191218))
	        ->  Bitmap Index Scan on sbtest3_pkey  (cost=0.00..303.25 rows=10282 width=0)
	              Index Cond: ((id >= 6181219) AND (id <= 6191218))

table 4 : explain SELECT SUM(k) FROM sbtest4 WHERE id BETWEEN 6095963 AND 6105962
	Aggregate  (cost=37101.10..37101.11 rows=1 width=8)
	  ->  Bitmap Heap Scan on sbtest4  (cost=318.71..37074.20 rows=10759 width=4)
	        Recheck Cond: ((id >= 6095963) AND (id <= 6105962))
	        ->  Bitmap Index Scan on sbtest4_pkey  (cost=0.00..316.03 rows=10759 width=0)
	              Index Cond: ((id >= 6095963) AND (id <= 6105962))

table 5 : explain SELECT SUM(k) FROM sbtest5 WHERE id BETWEEN 677066 AND 687065
	Aggregate  (cost=34177.04..34177.05 rows=1 width=8)
	  ->  Bitmap Heap Scan on sbtest5  (cost=289.24..34152.45 rows=9835 width=4)
	        Recheck Cond: ((id >= 677066) AND (id <= 687065))
	        ->  Bitmap Index Scan on sbtest5_pkey  (cost=0.00..286.79 rows=9835 width=0)
	              Index Cond: ((id >= 677066) AND (id <= 687065))

table 6 : explain SELECT SUM(k) FROM sbtest6 WHERE id BETWEEN 2207774 AND 2217773
	Aggregate  (cost=36085.98..36085.99 rows=1 width=8)
	  ->  Bitmap Heap Scan on sbtest6  (cost=315.46..36059.88 rows=10441 width=4)
	        Recheck Cond: ((id >= 2207774) AND (id <= 2217773))
	        ->  Bitmap Index Scan on sbtest6_pkey  (cost=0.00..312.84 rows=10441 width=0)
	              Index Cond: ((id >= 2207774) AND (id <= 2217773))

table 7 : explain SELECT SUM(k) FROM sbtest7 WHERE id BETWEEN 9978460 AND 9988459
	Aggregate  (cost=37781.65..37781.66 rows=1 width=8)
	  ->  Bitmap Heap Scan on sbtest7  (cost=328.97..37754.20 rows=10979 width=4)
	        Recheck Cond: ((id >= 9978460) AND (id <= 9988459))
	        ->  Bitmap Index Scan on sbtest7_pkey  (cost=0.00..326.23 rows=10979 width=0)
	              Index Cond: ((id >= 9978460) AND (id <= 9988459))

table 8 : explain SELECT SUM(k) FROM sbtest8 WHERE id BETWEEN 8578032 AND 8588031
	Aggregate  (cost=36932.53..36932.54 rows=1 width=8)
	  ->  Bitmap Heap Scan on sbtest8  (cost=322.18..36905.76 rows=10707 width=4)
	        Recheck Cond: ((id >= 8578032) AND (id <= 8588031))
	        ->  Bitmap Index Scan on sbtest8_pkey  (cost=0.00..319.50 rows=10707 width=0)
	              Index Cond: ((id >= 8578032) AND (id <= 8588031))

for point_selects
table 1 : explain SELECT c FROM sbtest1 WHERE id=7318885
	Index Scan using sbtest1_pkey on sbtest1  (cost=0.43..8.45 rows=1 width=121)
	  Index Cond: (id = 7318885)

table 2 : explain SELECT c FROM sbtest2 WHERE id=5045013
	Index Scan using sbtest2_pkey on sbtest2  (cost=0.43..8.45 rows=1 width=121)
	  Index Cond: (id = 5045013)

table 3 : explain SELECT c FROM sbtest3 WHERE id=7671418
	Index Scan using sbtest3_pkey on sbtest3  (cost=0.43..8.45 rows=1 width=121)
	  Index Cond: (id = 7671418)

table 4 : explain SELECT c FROM sbtest4 WHERE id=2131303
	Index Scan using sbtest4_pkey on sbtest4  (cost=0.43..8.45 rows=1 width=121)
	  Index Cond: (id = 2131303)

table 5 : explain SELECT c FROM sbtest5 WHERE id=5375807
	Index Scan using sbtest5_pkey on sbtest5  (cost=0.43..8.45 rows=1 width=121)
	  Index Cond: (id = 5375807)

table 6 : explain SELECT c FROM sbtest6 WHERE id=3315536
	Index Scan using sbtest6_pkey on sbtest6  (cost=0.43..8.45 rows=1 width=121)
	  Index Cond: (id = 3315536)

table 7 : explain SELECT c FROM sbtest7 WHERE id=4249085
	Index Scan using sbtest7_pkey on sbtest7  (cost=0.43..8.45 rows=1 width=121)
	  Index Cond: (id = 4249085)

table 8 : explain SELECT c FROM sbtest8 WHERE id=2335427
	Index Scan using sbtest8_pkey on sbtest8  (cost=0.43..8.45 rows=1 width=121)
	  Index Cond: (id = 2335427)

for: simple_ranges
table 1 : explain SELECT c FROM sbtest1 WHERE id BETWEEN 7263003 AND 7273002
	Bitmap Heap Scan on sbtest1  (cost=301.88..35575.71 rows=10287 width=121)
	  Recheck Cond: ((id >= 7263003) AND (id <= 7273002))
	  ->  Bitmap Index Scan on sbtest1_pkey  (cost=0.00..299.31 rows=10287 width=0)
	        Index Cond: ((id >= 7263003) AND (id <= 7273002))

table 2 : explain SELECT c FROM sbtest2 WHERE id BETWEEN 9207274 AND 9217273
	Bitmap Heap Scan on sbtest2  (cost=318.55..37013.29 rows=10743 width=121)
	  Recheck Cond: ((id >= 9207274) AND (id <= 9217273))
	  ->  Bitmap Index Scan on sbtest2_pkey  (cost=0.00..315.87 rows=10743 width=0)
	        Index Cond: ((id >= 9207274) AND (id <= 9217273))

table 3 : explain SELECT c FROM sbtest3 WHERE id BETWEEN 3237137 AND 3247136
	Bitmap Heap Scan on sbtest3  (cost=300.67..35198.24 rows=10169 width=121)
	  Recheck Cond: ((id >= 3237137) AND (id <= 3247136))
	  ->  Bitmap Index Scan on sbtest3_pkey  (cost=0.00..298.12 rows=10169 width=0)
	        Index Cond: ((id >= 3237137) AND (id <= 3247136))

table 4 : explain SELECT c FROM sbtest4 WHERE id BETWEEN 3543496 AND 3553495
	Bitmap Heap Scan on sbtest4  (cost=294.72..34618.59 rows=9979 width=121)
	  Recheck Cond: ((id >= 3543496) AND (id <= 3553495))
	  ->  Bitmap Index Scan on sbtest4_pkey  (cost=0.00..292.23 rows=9979 width=0)
	        Index Cond: ((id >= 3543496) AND (id <= 3553495))

table 5 : explain SELECT c FROM sbtest5 WHERE id BETWEEN 5362154 AND 5372153
	Bitmap Heap Scan on sbtest5  (cost=306.99..35924.51 rows=10396 width=121)
	  Recheck Cond: ((id >= 5362154) AND (id <= 5372153))
	  ->  Bitmap Index Scan on sbtest5_pkey  (cost=0.00..304.40 rows=10396 width=0)
	        Index Cond: ((id >= 5362154) AND (id <= 5372153))

table 6 : explain SELECT c FROM sbtest6 WHERE id BETWEEN 403241 AND 413240
	Bitmap Heap Scan on sbtest6  (cost=309.93..35588.38 rows=10292 width=121)
	  Recheck Cond: ((id >= 403241) AND (id <= 413240))
	  ->  Bitmap Index Scan on sbtest6_pkey  (cost=0.00..307.36 rows=10292 width=0)
	        Index Cond: ((id >= 403241) AND (id <= 413240))

table 7 : explain SELECT c FROM sbtest7 WHERE id BETWEEN 4272161 AND 4282160
	Bitmap Heap Scan on sbtest7  (cost=291.72..33686.25 rows=9686 width=121)
	  Recheck Cond: ((id >= 4272161) AND (id <= 4282160))
	  ->  Bitmap Index Scan on sbtest7_pkey  (cost=0.00..289.30 rows=9686 width=0)
	        Index Cond: ((id >= 4272161) AND (id <= 4282160))

table 8 : explain SELECT c FROM sbtest8 WHERE id BETWEEN 6186710 AND 6196709
	Bitmap Heap Scan on sbtest8  (cost=310.27..35706.28 rows=10325 width=121)
	  Recheck Cond: ((id >= 6186710) AND (id <= 6196709))
	  ->  Bitmap Index Scan on sbtest8_pkey  (cost=0.00..307.69 rows=10325 width=0)
	        Index Cond: ((id >= 6186710) AND (id <= 6196709))

for: sum_ranges
table 1 : explain SELECT SUM(k) FROM sbtest1 WHERE id BETWEEN 6900570 AND 6910569
	Aggregate  (cost=35691.88..35691.89 rows=1 width=8)
	  ->  Bitmap Heap Scan on sbtest1  (cost=302.17..35666.09 rows=10316 width=4)
	        Recheck Cond: ((id >= 6900570) AND (id <= 6910569))
	        ->  Bitmap Index Scan on sbtest1_pkey  (cost=0.00..299.59 rows=10316 width=0)
	              Index Cond: ((id >= 6900570) AND (id <= 6910569))

table 2 : explain SELECT SUM(k) FROM sbtest2 WHERE id BETWEEN 2401589 AND 2411588
	Aggregate  (cost=34105.84..34105.85 rows=1 width=8)
	  ->  Bitmap Heap Scan on sbtest2  (cost=293.00..34081.31 rows=9811 width=4)
	        Recheck Cond: ((id >= 2401589) AND (id <= 2411588))
	        ->  Bitmap Index Scan on sbtest2_pkey  (cost=0.00..290.55 rows=9811 width=0)
	              Index Cond: ((id >= 2401589) AND (id <= 2411588))

table 3 : explain SELECT SUM(k) FROM sbtest3 WHERE id BETWEEN 4943012 AND 4953011
	Aggregate  (cost=36580.30..36580.31 rows=1 width=8)
	  ->  Bitmap Heap Scan on sbtest3  (cost=313.08..36553.80 rows=10600 width=4)
	        Recheck Cond: ((id >= 4943012) AND (id <= 4953011))
	        ->  Bitmap Index Scan on sbtest3_pkey  (cost=0.00..310.44 rows=10600 width=0)
	              Index Cond: ((id >= 4943012) AND (id <= 4953011))

table 4 : explain SELECT SUM(k) FROM sbtest4 WHERE id BETWEEN 9557746 AND 9567745
	Aggregate  (cost=37952.51..37952.52 rows=1 width=8)
	  ->  Bitmap Heap Scan on sbtest4  (cost=325.51..37924.93 rows=11032 width=4)
	        Recheck Cond: ((id >= 9557746) AND (id <= 9567745))
	        ->  Bitmap Index Scan on sbtest4_pkey  (cost=0.00..322.75 rows=11032 width=0)
	              Index Cond: ((id >= 9557746) AND (id <= 9567745))

table 5 : explain SELECT SUM(k) FROM sbtest5 WHERE id BETWEEN 2772635 AND 2782634
	Aggregate  (cost=36257.69..36257.70 rows=1 width=8)
	  ->  Bitmap Heap Scan on sbtest5  (cost=311.99..36231.46 rows=10493 width=4)
	        Recheck Cond: ((id >= 2772635) AND (id <= 2782634))
	        ->  Bitmap Index Scan on sbtest5_pkey  (cost=0.00..309.37 rows=10493 width=0)
	              Index Cond: ((id >= 2772635) AND (id <= 2782634))

table 6 : explain SELECT SUM(k) FROM sbtest6 WHERE id BETWEEN 2177470 AND 2187469
	Aggregate  (cost=36076.31..36076.32 rows=1 width=8)
	  ->  Bitmap Heap Scan on sbtest6  (cost=315.42..36050.22 rows=10438 width=4)
	        Recheck Cond: ((id >= 2177470) AND (id <= 2187469))
	        ->  Bitmap Index Scan on sbtest6_pkey  (cost=0.00..312.81 rows=10438 width=0)
	              Index Cond: ((id >= 2177470) AND (id <= 2187469))

table 7 : explain SELECT SUM(k) FROM sbtest7 WHERE id BETWEEN 4014719 AND 4024718
	Aggregate  (cost=34958.09..34958.10 rows=1 width=8)
	  ->  Bitmap Heap Scan on sbtest7  (cost=299.75..34932.89 rows=10080 width=4)
	        Recheck Cond: ((id >= 4014719) AND (id <= 4024718))
	        ->  Bitmap Index Scan on sbtest7_pkey  (cost=0.00..297.24 rows=10080 width=0)
	              Index Cond: ((id >= 4014719) AND (id <= 4024718))

table 8 : explain SELECT SUM(k) FROM sbtest8 WHERE id BETWEEN 3176897 AND 3186896
	Aggregate  (cost=34100.87..34100.88 rows=1 width=8)
	  ->  Bitmap Heap Scan on sbtest8  (cost=296.97..34076.35 rows=9808 width=4)
	        Recheck Cond: ((id >= 3176897) AND (id <= 3186896))
	        ->  Bitmap Index Scan on sbtest8_pkey  (cost=0.00..294.51 rows=9808 width=0)
	              Index Cond: ((id >= 3176897) AND (id <= 3186896))

for: distinct_ranges
table 1 : explain SELECT DISTINCT c FROM sbtest1 WHERE id BETWEEN 9607452 AND 9617451 ORDER BY c
	Unique  (cost=36918.89..36971.35 rows=10492 width=121)
	  ->  Sort  (cost=36918.89..36945.12 rows=10492 width=121)
	        Sort Key: c
	        ->  Bitmap Heap Scan on sbtest1  (cost=307.98..36218.19 rows=10492 width=121)
	              Recheck Cond: ((id >= 9607452) AND (id <= 9617451))
	              ->  Bitmap Index Scan on sbtest1_pkey  (cost=0.00..305.36 rows=10492 width=0)
	                    Index Cond: ((id >= 9607452) AND (id <= 9617451))

table 2 : explain SELECT DISTINCT c FROM sbtest2 WHERE id BETWEEN 1615395 AND 1625394 ORDER BY c
	Unique  (cost=33511.74..33558.93 rows=9437 width=121)
	  ->  Sort  (cost=33511.74..33535.33 rows=9437 width=121)
	        Sort Key: c
	        ->  Bitmap Heap Scan on sbtest2  (cost=281.16..32888.71 rows=9437 width=121)
	              Recheck Cond: ((id >= 1615395) AND (id <= 1625394))
	              ->  Bitmap Index Scan on sbtest2_pkey  (cost=0.00..278.81 rows=9437 width=0)
	                    Index Cond: ((id >= 1615395) AND (id <= 1625394))

table 3 : explain SELECT DISTINCT c FROM sbtest3 WHERE id BETWEEN 3023859 AND 3033858 ORDER BY c
	Unique  (cost=35019.60..35069.12 rows=9904 width=121)
	  ->  Sort  (cost=35019.60..35044.36 rows=9904 width=121)
	        Sort Key: c
	        ->  Bitmap Heap Scan on sbtest3  (cost=293.95..34362.28 rows=9904 width=121)
	              Recheck Cond: ((id >= 3023859) AND (id <= 3033858))
	              ->  Bitmap Index Scan on sbtest3_pkey  (cost=0.00..291.48 rows=9904 width=0)
	                    Index Cond: ((id >= 3023859) AND (id <= 3033858))

table 4 : explain SELECT DISTINCT c FROM sbtest4 WHERE id BETWEEN 6753301 AND 6763300 ORDER BY c
	Unique  (cost=34013.13..34061.07 rows=9588 width=121)
	  ->  Sort  (cost=34013.13..34037.10 rows=9588 width=121)
	        Sort Key: c
	        ->  Bitmap Heap Scan on sbtest4  (cost=282.71..33379.03 rows=9588 width=121)
	              Recheck Cond: ((id >= 6753301) AND (id <= 6763300))
	              ->  Bitmap Index Scan on sbtest4_pkey  (cost=0.00..280.31 rows=9588 width=0)
	                    Index Cond: ((id >= 6753301) AND (id <= 6763300))

table 5 : explain SELECT DISTINCT c FROM sbtest5 WHERE id BETWEEN 2557199 AND 2567198 ORDER BY c
	Unique  (cost=35094.28..35143.90 rows=9924 width=121)
	  ->  Sort  (cost=35094.28..35119.09 rows=9924 width=121)
	        Sort Key: c
	        ->  Bitmap Heap Scan on sbtest5  (cost=294.16..34435.49 rows=9924 width=121)
	              Recheck Cond: ((id >= 2557199) AND (id <= 2567198))
	              ->  Bitmap Index Scan on sbtest5_pkey  (cost=0.00..291.68 rows=9924 width=0)
	                    Index Cond: ((id >= 2557199) AND (id <= 2567198))

table 6 : explain SELECT DISTINCT c FROM sbtest6 WHERE id BETWEEN 6059753 AND 6069752 ORDER BY c
	Unique  (cost=32864.55..32910.75 rows=9240 width=121)
	  ->  Sort  (cost=32864.55..32887.65 rows=9240 width=121)
	        Sort Key: c
	        ->  Bitmap Heap Scan on sbtest6  (cost=279.14..32255.93 rows=9240 width=121)
	              Recheck Cond: ((id >= 6059753) AND (id <= 6069752))
	              ->  Bitmap Index Scan on sbtest6_pkey  (cost=0.00..276.83 rows=9240 width=0)
	                    Index Cond: ((id >= 6059753) AND (id <= 6069752))

table 7 : explain SELECT DISTINCT c FROM sbtest7 WHERE id BETWEEN 776147 AND 786146 ORDER BY c
	Unique  (cost=36504.30..36556.09 rows=10359 width=121)
	  ->  Sort  (cost=36504.30..36530.19 rows=10359 width=121)
	        Sort Key: c
	        ->  Bitmap Heap Scan on sbtest7  (cost=310.61..35813.42 rows=10359 width=121)
	              Recheck Cond: ((id >= 776147) AND (id <= 786146))
	              ->  Bitmap Index Scan on sbtest7_pkey  (cost=0.00..308.03 rows=10359 width=0)
	                    Index Cond: ((id >= 776147) AND (id <= 786146))

table 8 : explain SELECT DISTINCT c FROM sbtest8 WHERE id BETWEEN 3600142 AND 3610141 ORDER BY c
	Unique  (cost=33195.23..33241.92 rows=9339 width=121)
	  ->  Sort  (cost=33195.23..33218.58 rows=9339 width=121)
	        Sort Key: c
	        ->  Bitmap Heap Scan on sbtest8  (cost=280.16..32579.37 rows=9339 width=121)
	              Recheck Cond: ((id >= 3600142) AND (id <= 3610141))
	              ->  Bitmap Index Scan on sbtest8_pkey  (cost=0.00..277.82 rows=9339 width=0)
	                    Index Cond: ((id >= 3600142) AND (id <= 3610141))

for: sum_ranges
table 1 : explain SELECT SUM(k) FROM sbtest1 WHERE id BETWEEN 6848924 AND 6858923
	Aggregate  (cost=33829.13..33829.14 rows=1 width=8)
	  ->  Bitmap Heap Scan on sbtest1  (cost=284.14..33804.82 rows=9727 width=4)
	        Recheck Cond: ((id >= 6848924) AND (id <= 6858923))
	        ->  Bitmap Index Scan on sbtest1_pkey  (cost=0.00..281.70 rows=9727 width=0)
	              Index Cond: ((id >= 6848924) AND (id <= 6858923))

table 2 : explain SELECT SUM(k) FROM sbtest2 WHERE id BETWEEN 7249830 AND 7259829
	Aggregate  (cost=33081.98..33081.99 rows=1 width=8)
	  ->  Bitmap Heap Scan on sbtest2  (cost=281.71..33058.25 rows=9490 width=4)
	        Recheck Cond: ((id >= 7249830) AND (id <= 7259829))
	        ->  Bitmap Index Scan on sbtest2_pkey  (cost=0.00..279.33 rows=9490 width=0)
	              Index Cond: ((id >= 7249830) AND (id <= 7259829))

table 3 : explain SELECT SUM(k) FROM sbtest3 WHERE id BETWEEN 2579704 AND 2589703
	Aggregate  (cost=35502.47..35502.48 rows=1 width=8)
	  ->  Bitmap Heap Scan on sbtest3  (cost=305.57..35476.83 rows=10257 width=4)
	        Recheck Cond: ((id >= 2579704) AND (id <= 2589703))
	        ->  Bitmap Index Scan on sbtest3_pkey  (cost=0.00..303.00 rows=10257 width=0)
	              Index Cond: ((id >= 2579704) AND (id <= 2589703))

table 4 : explain SELECT SUM(k) FROM sbtest4 WHERE id BETWEEN 9716290 AND 9726289
	Aggregate  (cost=31112.30..31112.31 rows=1 width=8)
	  ->  Bitmap Heap Scan on sbtest4  (cost=263.37..31090.12 rows=8872 width=4)
	        Recheck Cond: ((id >= 9716290) AND (id <= 9726289))
	        ->  Bitmap Index Scan on sbtest4_pkey  (cost=0.00..261.16 rows=8872 width=0)
	              Index Cond: ((id >= 9716290) AND (id <= 9726289))

table 5 : explain SELECT SUM(k) FROM sbtest5 WHERE id BETWEEN 3129571 AND 3139570
	Aggregate  (cost=36331.83..36331.84 rows=1 width=8)
	  ->  Bitmap Heap Scan on sbtest5  (cost=312.23..36305.54 rows=10517 width=4)
	        Recheck Cond: ((id >= 3129571) AND (id <= 3139570))
	        ->  Bitmap Index Scan on sbtest5_pkey  (cost=0.00..309.61 rows=10517 width=0)
	              Index Cond: ((id >= 3129571) AND (id <= 3139570))

table 6 : explain SELECT SUM(k) FROM sbtest6 WHERE id BETWEEN 463644 AND 473643
	Aggregate  (cost=35614.11..35614.12 rows=1 width=8)
	  ->  Bitmap Heap Scan on sbtest6  (cost=309.93..35588.38 rows=10292 width=4)
	        Recheck Cond: ((id >= 463644) AND (id <= 473643))
	        ->  Bitmap Index Scan on sbtest6_pkey  (cost=0.00..307.36 rows=10292 width=0)
	              Index Cond: ((id >= 463644) AND (id <= 473643))

table 7 : explain SELECT SUM(k) FROM sbtest7 WHERE id BETWEEN 8193929 AND 8203928
	Aggregate  (cost=36304.66..36304.67 rows=1 width=8)
	  ->  Bitmap Heap Scan on sbtest7  (cost=316.13..36278.39 rows=10507 width=4)
	        Recheck Cond: ((id >= 8193929) AND (id <= 8203928))
	        ->  Bitmap Index Scan on sbtest7_pkey  (cost=0.00..313.50 rows=10507 width=0)
	              Index Cond: ((id >= 8193929) AND (id <= 8203928))

table 8 : explain SELECT SUM(k) FROM sbtest8 WHERE id BETWEEN 7104808 AND 7114807
	Aggregate  (cost=35683.65..35683.66 rows=1 width=8)
	  ->  Bitmap Heap Scan on sbtest8  (cost=310.11..35657.87 rows=10310 width=4)
	        Recheck Cond: ((id >= 7104808) AND (id <= 7114807))
	        ->  Bitmap Index Scan on sbtest8_pkey  (cost=0.00..307.54 rows=10310 width=0)
	              Index Cond: ((id >= 7104808) AND (id <= 7114807))

for: simple_ranges
table 1 : explain SELECT c FROM sbtest1 WHERE id BETWEEN 2728922 AND 2738921
	Bitmap Heap Scan on sbtest1  (cost=283.70..33668.28 rows=9684 width=121)
	  Recheck Cond: ((id >= 2728922) AND (id <= 2738921))
	  ->  Bitmap Index Scan on sbtest1_pkey  (cost=0.00..281.28 rows=9684 width=0)
	        Index Cond: ((id >= 2728922) AND (id <= 2738921))

table 2 : explain SELECT c FROM sbtest2 WHERE id BETWEEN 8547423 AND 8557422
	Bitmap Heap Scan on sbtest2  (cost=280.43..32663.51 rows=9365 width=121)
	  Recheck Cond: ((id >= 8547423) AND (id <= 8557422))
	  ->  Bitmap Index Scan on sbtest2_pkey  (cost=0.00..278.08 rows=9365 width=0)
	        Index Cond: ((id >= 8547423) AND (id <= 8557422))

table 3 : explain SELECT c FROM sbtest3 WHERE id BETWEEN 3907984 AND 3917983
	Bitmap Heap Scan on sbtest3  (cost=293.82..34323.36 rows=9891 width=121)
	  Recheck Cond: ((id >= 3907984) AND (id <= 3917983))
	  ->  Bitmap Index Scan on sbtest3_pkey  (cost=0.00..291.34 rows=9891 width=0)
	        Index Cond: ((id >= 3907984) AND (id <= 3917983))

table 4 : explain SELECT c FROM sbtest4 WHERE id BETWEEN 649456 AND 659455
	Bitmap Heap Scan on sbtest4  (cost=311.95..36227.26 rows=10489 width=121)
	  Recheck Cond: ((id >= 649456) AND (id <= 659455))
	  ->  Bitmap Index Scan on sbtest4_pkey  (cost=0.00..309.32 rows=10489 width=0)
	        Index Cond: ((id >= 649456) AND (id <= 659455))

table 5 : explain SELECT c FROM sbtest5 WHERE id BETWEEN 789075 AND 799074
	Bitmap Heap Scan on sbtest5  (cost=288.62..33960.84 rows=9774 width=121)
	  Recheck Cond: ((id >= 789075) AND (id <= 799074))
	  ->  Bitmap Index Scan on sbtest5_pkey  (cost=0.00..286.18 rows=9774 width=0)
	        Index Cond: ((id >= 789075) AND (id <= 799074))

table 6 : explain SELECT c FROM sbtest6 WHERE id BETWEEN 5912039 AND 5922038
	Bitmap Heap Scan on sbtest6  (cost=271.69..31177.70 rows=8903 width=121)
	  Recheck Cond: ((id >= 5912039) AND (id <= 5922038))
	  ->  Bitmap Index Scan on sbtest6_pkey  (cost=0.00..269.46 rows=8903 width=0)
	        Index Cond: ((id >= 5912039) AND (id <= 5922038))

table 7 : explain SELECT c FROM sbtest7 WHERE id BETWEEN 29760 AND 39759
	Bitmap Heap Scan on sbtest7  (cost=280.27..32615.85 rows=9350 width=121)
	  Recheck Cond: ((id >= 29760) AND (id <= 39759))
	  ->  Bitmap Index Scan on sbtest7_pkey  (cost=0.00..277.94 rows=9350 width=0)
	        Index Cond: ((id >= 29760) AND (id <= 39759))

table 8 : explain SELECT c FROM sbtest8 WHERE id BETWEEN 3905289 AND 3915288
	Bitmap Heap Scan on sbtest8  (cost=317.00..36541.67 rows=10592 width=121)
	  Recheck Cond: ((id >= 3905289) AND (id <= 3915288))
	  ->  Bitmap Index Scan on sbtest8_pkey  (cost=0.00..314.36 rows=10592 width=0)
	        Index Cond: ((id >= 3905289) AND (id <= 3915288))

for: simple_ranges
table 1 : explain SELECT c FROM sbtest1 WHERE id BETWEEN 1193622 AND 1203621
	Bitmap Heap Scan on sbtest1  (cost=309.34..36633.33 rows=10625 width=121)
	  Recheck Cond: ((id >= 1193622) AND (id <= 1203621))
	  ->  Bitmap Index Scan on sbtest1_pkey  (cost=0.00..306.69 rows=10625 width=0)
	        Index Cond: ((id >= 1193622) AND (id <= 1203621))

table 2 : explain SELECT c FROM sbtest2 WHERE id BETWEEN 2309974 AND 2319973
	Bitmap Heap Scan on sbtest2  (cost=316.89..36508.60 rows=10581 width=121)
	  Recheck Cond: ((id >= 2309974) AND (id <= 2319973))
	  ->  Bitmap Index Scan on sbtest2_pkey  (cost=0.00..314.25 rows=10581 width=0)
	        Index Cond: ((id >= 2309974) AND (id <= 2319973))

table 3 : explain SELECT c FROM sbtest3 WHERE id BETWEEN 9223666 AND 9233665
	Bitmap Heap Scan on sbtest3  (cost=287.86..33715.52 rows=9700 width=121)
	  Recheck Cond: ((id >= 9223666) AND (id <= 9233665))
	  ->  Bitmap Index Scan on sbtest3_pkey  (cost=0.00..285.44 rows=9700 width=0)
	        Index Cond: ((id >= 9223666) AND (id <= 9233665))

table 4 : explain SELECT c FROM sbtest4 WHERE id BETWEEN 4883685 AND 4893684
	Bitmap Heap Scan on sbtest4  (cost=281.81..33098.78 rows=9500 width=121)
	  Recheck Cond: ((id >= 4883685) AND (id <= 4893684))
	  ->  Bitmap Index Scan on sbtest4_pkey  (cost=0.00..279.44 rows=9500 width=0)
	        Index Cond: ((id >= 4883685) AND (id <= 4893684))

table 5 : explain SELECT c FROM sbtest5 WHERE id BETWEEN 1324362 AND 1334361
	Bitmap Heap Scan on sbtest5  (cost=301.43..35439.62 rows=10243 width=121)
	  Recheck Cond: ((id >= 1324362) AND (id <= 1334361))
	  ->  Bitmap Index Scan on sbtest5_pkey  (cost=0.00..298.87 rows=10243 width=0)
	        Index Cond: ((id >= 1324362) AND (id <= 1334361))

table 6 : explain SELECT c FROM sbtest6 WHERE id BETWEEN 3999893 AND 4009892
	Bitmap Heap Scan on sbtest6  (cost=297.08..34098.21 rows=9819 width=121)
	  Recheck Cond: ((id >= 3999893) AND (id <= 4009892))
	  ->  Bitmap Index Scan on sbtest6_pkey  (cost=0.00..294.62 rows=9819 width=0)
	        Index Cond: ((id >= 3999893) AND (id <= 4009892))

table 7 : explain SELECT c FROM sbtest7 WHERE id BETWEEN 1387682 AND 1397681
	Bitmap Heap Scan on sbtest7  (cost=274.07..31928.45 rows=9135 width=121)
	  Recheck Cond: ((id >= 1387682) AND (id <= 1397681))
	  ->  Bitmap Index Scan on sbtest7_pkey  (cost=0.00..271.79 rows=9135 width=0)
	        Index Cond: ((id >= 1387682) AND (id <= 1397681))

table 8 : explain SELECT c FROM sbtest8 WHERE id BETWEEN 3352502 AND 3362501
	Bitmap Heap Scan on sbtest8  (cost=290.85..33418.82 rows=9601 width=121)
	  Recheck Cond: ((id >= 3352502) AND (id <= 3362501))
	  ->  Bitmap Index Scan on sbtest8_pkey  (cost=0.00..288.44 rows=9601 width=0)
	        Index Cond: ((id >= 3352502) AND (id <= 3362501))

explain: for point_selects :: explain SELECT c FROM sbtest%u WHERE id=%u
for: simple_ranges
table 1 : explain SELECT c FROM sbtest1 WHERE id BETWEEN 9714852 AND 9724851
	Bitmap Heap Scan on sbtest1  (cost=272.54..32686.18 rows=9376 width=121)
	  Recheck Cond: ((id >= 9714852) AND (id <= 9724851))
	  ->  Bitmap Index Scan on sbtest1_pkey  (cost=0.00..270.19 rows=9376 width=0)
	        Index Cond: ((id >= 9714852) AND (id <= 9724851))

table 2 : explain SELECT c FROM sbtest2 WHERE id BETWEEN 2551492 AND 2561491
	Bitmap Heap Scan on sbtest2  (cost=324.39..37572.33 rows=10922 width=121)
	  Recheck Cond: ((id >= 2551492) AND (id <= 2561491))
	  ->  Bitmap Index Scan on sbtest2_pkey  (cost=0.00..321.66 rows=10922 width=0)
	        Index Cond: ((id >= 2551492) AND (id <= 2561491))

table 3 : explain SELECT c FROM sbtest3 WHERE id BETWEEN 5818543 AND 5828542
	Bitmap Heap Scan on sbtest3  (cost=300.03..35004.24 rows=10107 width=121)
	  Recheck Cond: ((id >= 5818543) AND (id <= 5828542))
	  ->  Bitmap Index Scan on sbtest3_pkey  (cost=0.00..297.50 rows=10107 width=0)
	        Index Cond: ((id >= 5818543) AND (id <= 5828542))

table 4 : explain SELECT c FROM sbtest4 WHERE id BETWEEN 2988487 AND 2998486
	Bitmap Heap Scan on sbtest4  (cost=276.21..32601.95 rows=9344 width=121)
	  Recheck Cond: ((id >= 2988487) AND (id <= 2998486))
	  ->  Bitmap Index Scan on sbtest4_pkey  (cost=0.00..273.88 rows=9344 width=0)
	        Index Cond: ((id >= 2988487) AND (id <= 2998486))

table 5 : explain SELECT c FROM sbtest5 WHERE id BETWEEN 7137853 AND 7147852
	Bitmap Heap Scan on sbtest5  (cost=301.20..35371.76 rows=10221 width=121)
	  Recheck Cond: ((id >= 7137853) AND (id <= 7147852))
	  ->  Bitmap Index Scan on sbtest5_pkey  (cost=0.00..298.65 rows=10221 width=0)
	        Index Cond: ((id >= 7137853) AND (id <= 7147852))

table 6 : explain SELECT c FROM sbtest6 WHERE id BETWEEN 7853251 AND 7863250
	Bitmap Heap Scan on sbtest6  (cost=278.40..32023.78 rows=9167 width=121)
	  Recheck Cond: ((id >= 7853251) AND (id <= 7863250))
	  ->  Bitmap Index Scan on sbtest6_pkey  (cost=0.00..276.11 rows=9167 width=0)
	        Index Cond: ((id >= 7853251) AND (id <= 7863250))

table 7 : explain SELECT c FROM sbtest7 WHERE id BETWEEN 5375745 AND 5385744
	Bitmap Heap Scan on sbtest7  (cost=292.21..33839.05 rows=9734 width=121)
	  Recheck Cond: ((id >= 5375745) AND (id <= 5385744))
	  ->  Bitmap Index Scan on sbtest7_pkey  (cost=0.00..289.78 rows=9734 width=0)
	        Index Cond: ((id >= 5375745) AND (id <= 5385744))

table 8 : explain SELECT c FROM sbtest8 WHERE id BETWEEN 5811201 AND 5821200
	Bitmap Heap Scan on sbtest8  (cost=321.40..36667.90 rows=10631 width=121)
	  Recheck Cond: ((id >= 5811201) AND (id <= 5821200))
	  ->  Bitmap Index Scan on sbtest8_pkey  (cost=0.00..318.75 rows=10631 width=0)
	        Index Cond: ((id >= 5811201) AND (id <= 5821200))

for: order_ranges
table 1 : explain SELECT c FROM sbtest1 WHERE id BETWEEN 1328667 AND 1338666 ORDER BY c
	Sort  (cost=34402.60..34426.88 rows=9713 width=121)
	  Sort Key: c
	  ->  Bitmap Heap Scan on sbtest1  (cost=283.99..33759.32 rows=9713 width=121)
	        Recheck Cond: ((id >= 1328667) AND (id <= 1338666))
	        ->  Bitmap Index Scan on sbtest1_pkey  (cost=0.00..281.56 rows=9713 width=0)
	              Index Cond: ((id >= 1328667) AND (id <= 1338666))

table 2 : explain SELECT c FROM sbtest2 WHERE id BETWEEN 9443409 AND 9453408 ORDER BY c
	Sort  (cost=34841.52..34866.13 rows=9846 width=121)
	  Sort Key: c
	  ->  Bitmap Heap Scan on sbtest2  (cost=293.36..34188.47 rows=9846 width=121)
	        Recheck Cond: ((id >= 9443409) AND (id <= 9453408))
	        ->  Bitmap Index Scan on sbtest2_pkey  (cost=0.00..290.90 rows=9846 width=0)
	              Index Cond: ((id >= 9443409) AND (id <= 9453408))

table 3 : explain SELECT c FROM sbtest3 WHERE id BETWEEN 565815 AND 575814 ORDER BY c
	Sort  (cost=33817.83..33841.67 rows=9534 width=121)
	  Sort Key: c
	  ->  Bitmap Heap Scan on sbtest3  (cost=282.16..33187.69 rows=9534 width=121)
	        Recheck Cond: ((id >= 565815) AND (id <= 575814))
	        ->  Bitmap Index Scan on sbtest3_pkey  (cost=0.00..279.78 rows=9534 width=0)
	              Index Cond: ((id >= 565815) AND (id <= 575814))

table 4 : explain SELECT c FROM sbtest4 WHERE id BETWEEN 2081842 AND 2091841 ORDER BY c
	Sort  (cost=32853.67..32876.75 rows=9232 width=121)
	  Sort Key: c
	  ->  Bitmap Heap Scan on sbtest4  (cost=275.06..32245.63 rows=9232 width=121)
	        Recheck Cond: ((id >= 2081842) AND (id <= 2091841))
	        ->  Bitmap Index Scan on sbtest4_pkey  (cost=0.00..272.75 rows=9232 width=0)
	              Index Cond: ((id >= 2081842) AND (id <= 2091841))

table 5 : explain SELECT c FROM sbtest5 WHERE id BETWEEN 2040983 AND 2050982 ORDER BY c
	Sort  (cost=33381.24..33404.73 rows=9397 width=121)
	  Sort Key: c
	  ->  Bitmap Heap Scan on sbtest5  (cost=276.75..32761.13 rows=9397 width=121)
	        Recheck Cond: ((id >= 2040983) AND (id <= 2050982))
	        ->  Bitmap Index Scan on sbtest5_pkey  (cost=0.00..274.41 rows=9397 width=0)
	              Index Cond: ((id >= 2040983) AND (id <= 2050982))

table 6 : explain SELECT c FROM sbtest6 WHERE id BETWEEN 1110210 AND 1120209 ORDER BY c
	Sort  (cost=33877.13..33901.00 rows=9550 width=121)
	  Sort Key: c
	  ->  Bitmap Heap Scan on sbtest6  (cost=290.32..33245.81 rows=9550 width=121)
	        Recheck Cond: ((id >= 1110210) AND (id <= 1120209))
	        ->  Bitmap Index Scan on sbtest6_pkey  (cost=0.00..287.94 rows=9550 width=0)
	              Index Cond: ((id >= 1110210) AND (id <= 1120209))

table 7 : explain SELECT c FROM sbtest7 WHERE id BETWEEN 6699621 AND 6709620 ORDER BY c
	Sort  (cost=35503.86..35528.98 rows=10050 width=121)
	  Sort Key: c
	  ->  Bitmap Heap Scan on sbtest7  (cost=299.45..34835.79 rows=10050 width=121)
	        Recheck Cond: ((id >= 6699621) AND (id <= 6709620))
	        ->  Bitmap Index Scan on sbtest7_pkey  (cost=0.00..296.94 rows=10050 width=0)
	              Index Cond: ((id >= 6699621) AND (id <= 6709620))

table 8 : explain SELECT c FROM sbtest8 WHERE id BETWEEN 2521424 AND 2531423 ORDER BY c
	Sort  (cost=38766.42..38794.08 rows=11065 width=121)
	  Sort Key: c
	  ->  Bitmap Heap Scan on sbtest8  (cost=333.85..38023.20 rows=11065 width=121)
	        Recheck Cond: ((id >= 2521424) AND (id <= 2531423))
	        ->  Bitmap Index Scan on sbtest8_pkey  (cost=0.00..331.08 rows=11065 width=0)
	              Index Cond: ((id >= 2521424) AND (id <= 2531423))

for: simple_ranges
table 1 : explain SELECT c FROM sbtest1 WHERE id BETWEEN 1560834 AND 1570833
	Bitmap Heap Scan on sbtest1  (cost=320.96..37738.83 rows=10978 width=121)
	  Recheck Cond: ((id >= 1560834) AND (id <= 1570833))
	  ->  Bitmap Index Scan on sbtest1_pkey  (cost=0.00..318.21 rows=10978 width=0)
	        Index Cond: ((id >= 1560834) AND (id <= 1570833))

table 2 : explain SELECT c FROM sbtest2 WHERE id BETWEEN 1632295 AND 1642294
	Bitmap Heap Scan on sbtest2  (cost=281.16..32888.71 rows=9437 width=121)
	  Recheck Cond: ((id >= 1632295) AND (id <= 1642294))
	  ->  Bitmap Index Scan on sbtest2_pkey  (cost=0.00..278.81 rows=9437 width=0)
	        Index Cond: ((id >= 1632295) AND (id <= 1642294))

table 3 : explain SELECT c FROM sbtest3 WHERE id BETWEEN 1755925 AND 1765924
	Bitmap Heap Scan on sbtest3  (cost=294.16..34427.11 rows=9924 width=121)
	  Recheck Cond: ((id >= 1755925) AND (id <= 1765924))
	  ->  Bitmap Index Scan on sbtest3_pkey  (cost=0.00..291.68 rows=9924 width=0)
	        Index Cond: ((id >= 1755925) AND (id <= 1765924))

table 4 : explain SELECT c FROM sbtest4 WHERE id BETWEEN 9311475 AND 9321474
	Bitmap Heap Scan on sbtest4  (cost=287.81..33718.32 rows=9695 width=121)
	  Recheck Cond: ((id >= 9311475) AND (id <= 9321474))
	  ->  Bitmap Index Scan on sbtest4_pkey  (cost=0.00..285.38 rows=9695 width=0)
	        Index Cond: ((id >= 9311475) AND (id <= 9321474))

table 5 : explain SELECT c FROM sbtest5 WHERE id BETWEEN 8187049 AND 8197048
	Bitmap Heap Scan on sbtest5  (cost=276.23..32597.92 rows=9346 width=121)
	  Recheck Cond: ((id >= 8187049) AND (id <= 8197048))
	  ->  Bitmap Index Scan on sbtest5_pkey  (cost=0.00..273.90 rows=9346 width=0)
	        Index Cond: ((id >= 8187049) AND (id <= 8197048))

table 6 : explain SELECT c FROM sbtest6 WHERE id BETWEEN 4155159 AND 4165158
	Bitmap Heap Scan on sbtest6  (cost=284.44..32658.36 rows=9366 width=121)
	  Recheck Cond: ((id >= 4155159) AND (id <= 4165158))
	  ->  Bitmap Index Scan on sbtest6_pkey  (cost=0.00..282.09 rows=9366 width=0)
	        Index Cond: ((id >= 4155159) AND (id <= 4165158))

table 7 : explain SELECT c FROM sbtest7 WHERE id BETWEEN 3147692 AND 3157691
	Bitmap Heap Scan on sbtest7  (cost=268.75..31514.84 rows=9006 width=121)
	  Recheck Cond: ((id >= 3147692) AND (id <= 3157691))
	  ->  Bitmap Index Scan on sbtest7_pkey  (cost=0.00..266.50 rows=9006 width=0)
	        Index Cond: ((id >= 3147692) AND (id <= 3157691))

table 8 : explain SELECT c FROM sbtest8 WHERE id BETWEEN 6642272 AND 6652271
	Bitmap Heap Scan on sbtest8  (cost=310.20..35686.91 rows=10319 width=121)
	  Recheck Cond: ((id >= 6642272) AND (id <= 6652271))
	  ->  Bitmap Index Scan on sbtest8_pkey  (cost=0.00..307.62 rows=10319 width=0)
	        Index Cond: ((id >= 6642272) AND (id <= 6652271))

for: simple_ranges
table 1 : explain SELECT c FROM sbtest1 WHERE id BETWEEN 7252372 AND 7262371
	Bitmap Heap Scan on sbtest1  (cost=301.88..35575.71 rows=10287 width=121)
	  Recheck Cond: ((id >= 7252372) AND (id <= 7262371))
	  ->  Bitmap Index Scan on sbtest1_pkey  (cost=0.00..299.31 rows=10287 width=0)
	        Index Cond: ((id >= 7252372) AND (id <= 7262371))

table 2 : explain SELECT c FROM sbtest2 WHERE id BETWEEN 6886876 AND 6896875
	Bitmap Heap Scan on sbtest2  (cost=293.63..34276.07 rows=9873 width=121)
	  Recheck Cond: ((id >= 6886876) AND (id <= 6896875))
	  ->  Bitmap Index Scan on sbtest2_pkey  (cost=0.00..291.17 rows=9873 width=0)
	        Index Cond: ((id >= 6886876) AND (id <= 6896875))

table 3 : explain SELECT c FROM sbtest3 WHERE id BETWEEN 985196 AND 995195
	Bitmap Heap Scan on sbtest3  (cost=276.89..32792.56 rows=9410 width=121)
	  Recheck Cond: ((id >= 985196) AND (id <= 995195))
	  ->  Bitmap Index Scan on sbtest3_pkey  (cost=0.00..274.54 rows=9410 width=0)
	        Index Cond: ((id >= 985196) AND (id <= 995195))

table 4 : explain SELECT c FROM sbtest4 WHERE id BETWEEN 339816 AND 349815
	Bitmap Heap Scan on sbtest4  (cost=307.15..35981.46 rows=10411 width=121)
	  Recheck Cond: ((id >= 339816) AND (id <= 349815))
	  ->  Bitmap Index Scan on sbtest4_pkey  (cost=0.00..304.55 rows=10411 width=0)
	        Index Cond: ((id >= 339816) AND (id <= 349815))

table 5 : explain SELECT c FROM sbtest5 WHERE id BETWEEN 9251837 AND 9261836
	Bitmap Heap Scan on sbtest5  (cost=306.94..35908.39 rows=10391 width=121)
	  Recheck Cond: ((id >= 9251837) AND (id <= 9261836))
	  ->  Bitmap Index Scan on sbtest5_pkey  (cost=0.00..304.34 rows=10391 width=0)
	        Index Cond: ((id >= 9251837) AND (id <= 9261836))

table 6 : explain SELECT c FROM sbtest6 WHERE id BETWEEN 6520943 AND 6530942
	Bitmap Heap Scan on sbtest6  (cost=303.71..34909.06 rows=10076 width=121)
	  Recheck Cond: ((id >= 6520943) AND (id <= 6530942))
	  ->  Bitmap Index Scan on sbtest6_pkey  (cost=0.00..301.19 rows=10076 width=0)
	        Index Cond: ((id >= 6520943) AND (id <= 6530942))

table 7 : explain SELECT c FROM sbtest7 WHERE id BETWEEN 3156450 AND 3166449
	Bitmap Heap Scan on sbtest7  (cost=268.75..31514.84 rows=9006 width=121)
	  Recheck Cond: ((id >= 3156450) AND (id <= 3166449))
	  ->  Bitmap Index Scan on sbtest7_pkey  (cost=0.00..266.50 rows=9006 width=0)
	        Index Cond: ((id >= 3156450) AND (id <= 3166449))

table 8 : explain SELECT c FROM sbtest8 WHERE id BETWEEN 5755158 AND 5765157
	Bitmap Heap Scan on sbtest8  (cost=321.40..36667.90 rows=10631 width=121)
	  Recheck Cond: ((id >= 5755158) AND (id <= 5765157))
	  ->  Bitmap Index Scan on sbtest8_pkey  (cost=0.00..318.75 rows=10631 width=0)
	        Index Cond: ((id >= 5755158) AND (id <= 5765157))

explain: for point_selects :: explain SELECT c FROM sbtest%u WHERE id=%u
explain: for point_selects :: explain SELECT c FROM sbtest%u WHERE id=%u
explain: for point_selects :: explain SELECT c FROM sbtest%u WHERE id=%u
for: sum_ranges
table 1 : explain SELECT SUM(k) FROM sbtest1 WHERE id BETWEEN 746403 AND 756402
	Aggregate  (cost=31253.74..31253.75 rows=1 width=8)
	  ->  Bitmap Heap Scan on sbtest1  (cost=259.88..31231.44 rows=8921 width=4)
	        Recheck Cond: ((id >= 746403) AND (id <= 756402))
	        ->  Bitmap Index Scan on sbtest1_pkey  (cost=0.00..257.65 rows=8921 width=0)
	              Index Cond: ((id >= 746403) AND (id <= 756402))

table 2 : explain SELECT SUM(k) FROM sbtest2 WHERE id BETWEEN 9530418 AND 9540417
	Aggregate  (cost=33356.63..33356.64 rows=1 width=8)
	  ->  Bitmap Heap Scan on sbtest2  (cost=286.59..33332.69 rows=9576 width=4)
	        Recheck Cond: ((id >= 9530418) AND (id <= 9540417))
	        ->  Bitmap Index Scan on sbtest2_pkey  (cost=0.00..284.19 rows=9576 width=0)
	              Index Cond: ((id >= 9530418) AND (id <= 9540417))

table 3 : explain SELECT SUM(k) FROM sbtest3 WHERE id BETWEEN 52277 AND 62276
	Aggregate  (cost=37397.31..37397.32 rows=1 width=8)
	  ->  Bitmap Heap Scan on sbtest3  (cost=319.77..37370.15 rows=10862 width=4)
	        Recheck Cond: ((id >= 52277) AND (id <= 62276))
	        ->  Bitmap Index Scan on sbtest3_pkey  (cost=0.00..317.06 rows=10862 width=0)
	              Index Cond: ((id >= 52277) AND (id <= 62276))

table 4 : explain SELECT SUM(k) FROM sbtest4 WHERE id BETWEEN 7593597 AND 7603596
	Aggregate  (cost=35658.65..35658.66 rows=1 width=8)
	  ->  Bitmap Heap Scan on sbtest4  (cost=306.01..35632.90 rows=10300 width=4)
	        Recheck Cond: ((id >= 7593597) AND (id <= 7603596))
	        ->  Bitmap Index Scan on sbtest4_pkey  (cost=0.00..303.44 rows=10300 width=0)
	              Index Cond: ((id >= 7593597) AND (id <= 7603596))

table 5 : explain SELECT SUM(k) FROM sbtest5 WHERE id BETWEEN 7645123 AND 7655122
	Aggregate  (cost=33372.62..33372.63 rows=1 width=8)
	  ->  Bitmap Heap Scan on sbtest5  (cost=282.65..33348.66 rows=9582 width=4)
	        Recheck Cond: ((id >= 7645123) AND (id <= 7655122))
	        ->  Bitmap Index Scan on sbtest5_pkey  (cost=0.00..280.25 rows=9582 width=0)
	              Index Cond: ((id >= 7645123) AND (id <= 7655122))

table 6 : explain SELECT SUM(k) FROM sbtest6 WHERE id BETWEEN 247934 AND 257933
	Aggregate  (cost=36801.54..36801.55 rows=1 width=8)
	  ->  Bitmap Heap Scan on sbtest6  (cost=321.80..36774.87 rows=10670 width=4)
	        Recheck Cond: ((id >= 247934) AND (id <= 257933))
	        ->  Bitmap Index Scan on sbtest6_pkey  (cost=0.00..319.13 rows=10670 width=0)
	              Index Cond: ((id >= 247934) AND (id <= 257933))

table 7 : explain SELECT SUM(k) FROM sbtest7 WHERE id BETWEEN 1098325 AND 1108324
	Aggregate  (cost=33726.74..33726.75 rows=1 width=8)
	  ->  Bitmap Heap Scan on sbtest7  (cost=291.77..33702.51 rows=9691 width=4)
	        Recheck Cond: ((id >= 1098325) AND (id <= 1108324))
	        ->  Bitmap Index Scan on sbtest7_pkey  (cost=0.00..289.34 rows=9691 width=0)
	              Index Cond: ((id >= 1098325) AND (id <= 1108324))

table 8 : explain SELECT SUM(k) FROM sbtest8 WHERE id BETWEEN 5413496 AND 5423495
	Aggregate  (cost=31826.20..31826.21 rows=1 width=8)
	  ->  Bitmap Heap Scan on sbtest8  (cost=273.67..31803.46 rows=9096 width=4)
	        Recheck Cond: ((id >= 5413496) AND (id <= 5423495))
	        ->  Bitmap Index Scan on sbtest8_pkey  (cost=0.00..271.40 rows=9096 width=0)
	              Index Cond: ((id >= 5413496) AND (id <= 5423495))

for: sum_ranges
table 1 : explain SELECT SUM(k) FROM sbtest1 WHERE id BETWEEN 2019160 AND 2029159
	Aggregate  (cost=31007.26..31007.27 rows=1 width=8)
	  ->  Bitmap Heap Scan on sbtest1  (cost=259.09..30985.15 rows=8844 width=4)
	        Recheck Cond: ((id >= 2019160) AND (id <= 2029159))
	        ->  Bitmap Index Scan on sbtest1_pkey  (cost=0.00..256.88 rows=8844 width=0)
	              Index Cond: ((id >= 2019160) AND (id <= 2029159))

table 2 : explain SELECT SUM(k) FROM sbtest2 WHERE id BETWEEN 3762238 AND 3772237
	Aggregate  (cost=37358.97..37358.98 rows=1 width=8)
	  ->  Bitmap Heap Scan on sbtest2  (cost=323.60..37331.86 rows=10845 width=4)
	        Recheck Cond: ((id >= 3762238) AND (id <= 3772237))
	        ->  Bitmap Index Scan on sbtest2_pkey  (cost=0.00..320.88 rows=10845 width=0)
	              Index Cond: ((id >= 3762238) AND (id <= 3772237))

table 3 : explain SELECT SUM(k) FROM sbtest3 WHERE id BETWEEN 5528403 AND 5538402
	Aggregate  (cost=33528.24..33528.25 rows=1 width=8)
	  ->  Bitmap Heap Scan on sbtest3  (cost=287.17..33504.16 rows=9633 width=4)
	        Recheck Cond: ((id >= 5528403) AND (id <= 5538402))
	        ->  Bitmap Index Scan on sbtest3_pkey  (cost=0.00..284.76 rows=9633 width=0)
	              Index Cond: ((id >= 5528403) AND (id <= 5538402))

table 4 : explain SELECT SUM(k) FROM sbtest4 WHERE id BETWEEN 2501113 AND 2511112
	Aggregate  (cost=32874.42..32874.43 rows=1 width=8)
	  ->  Bitmap Heap Scan on sbtest4  (cost=281.01..32850.86 rows=9422 width=4)
	        Recheck Cond: ((id >= 2501113) AND (id <= 2511112))
	        ->  Bitmap Index Scan on sbtest4_pkey  (cost=0.00..278.66 rows=9422 width=0)
	              Index Cond: ((id >= 2501113) AND (id <= 2511112))

table 5 : explain SELECT SUM(k) FROM sbtest5 WHERE id BETWEEN 4316969 AND 4326968
	Aggregate  (cost=34268.74..34268.75 rows=1 width=8)
	  ->  Bitmap Heap Scan on sbtest5  (cost=293.53..34244.09 rows=9863 width=4)
	        Recheck Cond: ((id >= 4316969) AND (id <= 4326968))
	        ->  Bitmap Index Scan on sbtest5_pkey  (cost=0.00..291.06 rows=9863 width=0)
	              Index Cond: ((id >= 4316969) AND (id <= 4326968))

table 6 : explain SELECT SUM(k) FROM sbtest6 WHERE id BETWEEN 9226124 AND 9236123
	Aggregate  (cost=36589.25..36589.26 rows=1 width=8)
	  ->  Bitmap Heap Scan on sbtest6  (cost=321.11..36562.74 rows=10602 width=4)
	        Recheck Cond: ((id >= 9226124) AND (id <= 9236123))
	        ->  Bitmap Index Scan on sbtest6_pkey  (cost=0.00..318.45 rows=10602 width=0)
	              Index Cond: ((id >= 9226124) AND (id <= 9236123))

table 7 : explain SELECT SUM(k) FROM sbtest7 WHERE id BETWEEN 2431219 AND 2441218
	Aggregate  (cost=32446.33..32446.34 rows=1 width=8)
	  ->  Bitmap Heap Scan on sbtest7  (cost=279.65..32423.11 rows=9289 width=4)
	        Recheck Cond: ((id >= 2431219) AND (id <= 2441218))
	        ->  Bitmap Index Scan on sbtest7_pkey  (cost=0.00..277.32 rows=9289 width=0)
	              Index Cond: ((id >= 2431219) AND (id <= 2441218))

table 8 : explain SELECT SUM(k) FROM sbtest8 WHERE id BETWEEN 5861113 AND 5871112
	Aggregate  (cost=35269.04..35269.05 rows=1 width=8)
	  ->  Bitmap Heap Scan on sbtest8  (cost=304.77..35243.59 rows=10179 width=4)
	        Recheck Cond: ((id >= 5861113) AND (id <= 5871112))
	        ->  Bitmap Index Scan on sbtest8_pkey  (cost=0.00..302.23 rows=10179 width=0)
	              Index Cond: ((id >= 5861113) AND (id <= 5871112))

for: sum_ranges
table 1 : explain SELECT SUM(k) FROM sbtest1 WHERE id BETWEEN 4489795 AND 4499794
	Aggregate  (cost=33572.06..33572.07 rows=1 width=8)
	  ->  Bitmap Heap Scan on sbtest1  (cost=283.31..33547.94 rows=9646 width=4)
	        Recheck Cond: ((id >= 4489795) AND (id <= 4499794))
	        ->  Bitmap Index Scan on sbtest1_pkey  (cost=0.00..280.90 rows=9646 width=0)
	              Index Cond: ((id >= 4489795) AND (id <= 4499794))

table 2 : explain SELECT SUM(k) FROM sbtest2 WHERE id BETWEEN 5807725 AND 5817724
	Aggregate  (cost=33421.78..33421.79 rows=1 width=8)
	  ->  Bitmap Heap Scan on sbtest2  (cost=286.79..33397.79 rows=9596 width=4)
	        Recheck Cond: ((id >= 5807725) AND (id <= 5817724))
	        ->  Bitmap Index Scan on sbtest2_pkey  (cost=0.00..284.40 rows=9596 width=0)
	              Index Cond: ((id >= 5807725) AND (id <= 5817724))

table 3 : explain SELECT SUM(k) FROM sbtest3 WHERE id BETWEEN 241591 AND 251590
	Aggregate  (cost=34077.84..34077.85 rows=1 width=8)
	  ->  Bitmap Heap Scan on sbtest3  (cost=288.96..34053.33 rows=9807 width=4)
	        Recheck Cond: ((id >= 241591) AND (id <= 251590))
	        ->  Bitmap Index Scan on sbtest3_pkey  (cost=0.00..286.50 rows=9807 width=0)
	              Index Cond: ((id >= 241591) AND (id <= 251590))

table 4 : explain SELECT SUM(k) FROM sbtest4 WHERE id BETWEEN 1120099 AND 1130098
	Aggregate  (cost=37676.75..37676.76 rows=1 width=8)
	  ->  Bitmap Heap Scan on sbtest4  (cost=324.60..37649.39 rows=10943 width=4)
	        Recheck Cond: ((id >= 1120099) AND (id <= 1130098))
	        ->  Bitmap Index Scan on sbtest4_pkey  (cost=0.00..321.87 rows=10943 width=0)
	              Index Cond: ((id >= 1120099) AND (id <= 1130098))

table 5 : explain SELECT SUM(k) FROM sbtest5 WHERE id BETWEEN 4400037 AND 4410036
	Aggregate  (cost=32991.05..32991.06 rows=1 width=8)
	  ->  Bitmap Heap Scan on sbtest5  (cost=281.41..32967.40 rows=9461 width=4)
	        Recheck Cond: ((id >= 4400037) AND (id <= 4410036))
	        ->  Bitmap Index Scan on sbtest5_pkey  (cost=0.00..279.05 rows=9461 width=0)
	              Index Cond: ((id >= 4400037) AND (id <= 4410036))

table 6 : explain SELECT SUM(k) FROM sbtest6 WHERE id BETWEEN 5148288 AND 5158287
	Aggregate  (cost=37511.98..37511.99 rows=1 width=8)
	  ->  Bitmap Heap Scan on sbtest6  (cost=328.13..37484.74 rows=10897 width=4)
	        Recheck Cond: ((id >= 5148288) AND (id <= 5158287))
	        ->  Bitmap Index Scan on sbtest6_pkey  (cost=0.00..325.41 rows=10897 width=0)
	              Index Cond: ((id >= 5148288) AND (id <= 5158287))

table 7 : explain SELECT SUM(k) FROM sbtest7 WHERE id BETWEEN 5810116 AND 5820115
	Aggregate  (cost=37829.74..37829.75 rows=1 width=8)
	  ->  Bitmap Heap Scan on sbtest7  (cost=329.13..37802.26 rows=10995 width=4)
	        Recheck Cond: ((id >= 5810116) AND (id <= 5820115))
	        ->  Bitmap Index Scan on sbtest7_pkey  (cost=0.00..326.38 rows=10995 width=0)
	              Index Cond: ((id >= 5810116) AND (id <= 5820115))

table 8 : explain SELECT SUM(k) FROM sbtest8 WHERE id BETWEEN 3466988 AND 3476987
	Aggregate  (cost=33174.80..33174.81 rows=1 width=8)
	  ->  Bitmap Heap Scan on sbtest8  (cost=285.99..33151.01 rows=9518 width=4)
	        Recheck Cond: ((id >= 3466988) AND (id <= 3476987))
	        ->  Bitmap Index Scan on sbtest8_pkey  (cost=0.00..283.62 rows=9518 width=0)
	              Index Cond: ((id >= 3466988) AND (id <= 3476987))

for: order_ranges
table 1 : explain SELECT c FROM sbtest1 WHERE id BETWEEN 2252895 AND 2262894 ORDER BY c
	Sort  (cost=34881.82..34906.47 rows=9860 width=121)
	  Sort Key: c
	  ->  Bitmap Heap Scan on sbtest1  (cost=289.50..34227.74 rows=9860 width=121)
	        Recheck Cond: ((id >= 2252895) AND (id <= 2262894))
	        ->  Bitmap Index Scan on sbtest1_pkey  (cost=0.00..287.04 rows=9860 width=0)
	              Index Cond: ((id >= 2252895) AND (id <= 2262894))

table 2 : explain SELECT c FROM sbtest2 WHERE id BETWEEN 1805411 AND 1815410 ORDER BY c
	Sort  (cost=34781.68..34806.25 rows=9827 width=121)
	  Sort Key: c
	  ->  Bitmap Heap Scan on sbtest2  (cost=293.16..34130.02 rows=9827 width=121)
	        Recheck Cond: ((id >= 1805411) AND (id <= 1815410))
	        ->  Bitmap Index Scan on sbtest2_pkey  (cost=0.00..290.70 rows=9827 width=0)
	              Index Cond: ((id >= 1805411) AND (id <= 1815410))

table 3 : explain SELECT c FROM sbtest3 WHERE id BETWEEN 6484030 AND 6494029 ORDER BY c
	Sort  (cost=35669.90..35695.16 rows=10105 width=121)
	  Sort Key: c
	  ->  Bitmap Heap Scan on sbtest3  (cost=300.01..34997.77 rows=10105 width=121)
	        Recheck Cond: ((id >= 6484030) AND (id <= 6494029))
	        ->  Bitmap Index Scan on sbtest3_pkey  (cost=0.00..297.49 rows=10105 width=0)
	              Index Cond: ((id >= 6484030) AND (id <= 6494029))

table 4 : explain SELECT c FROM sbtest4 WHERE id BETWEEN 7759235 AND 7769234 ORDER BY c
	Sort  (cost=35885.35..35910.76 rows=10166 width=121)
	  Sort Key: c
	  ->  Bitmap Heap Scan on sbtest4  (cost=300.64..35208.73 rows=10166 width=121)
	        Recheck Cond: ((id >= 7759235) AND (id <= 7769234))
	        ->  Bitmap Index Scan on sbtest4_pkey  (cost=0.00..298.09 rows=10166 width=0)
	              Index Cond: ((id >= 7759235) AND (id <= 7769234))

table 5 : explain SELECT c FROM sbtest5 WHERE id BETWEEN 3327705 AND 3337704 ORDER BY c
	Sort  (cost=32363.79..32386.51 rows=9086 width=121)
	  Sort Key: c
	  ->  Bitmap Heap Scan on sbtest5  (cost=269.57..31766.41 rows=9086 width=121)
	        Recheck Cond: ((id >= 3327705) AND (id <= 3337704))
	        ->  Bitmap Index Scan on sbtest5_pkey  (cost=0.00..267.30 rows=9086 width=0)
	              Index Cond: ((id >= 3327705) AND (id <= 3337704))

table 6 : explain SELECT c FROM sbtest6 WHERE id BETWEEN 7760480 AND 7770479 ORDER BY c
	Sort  (cost=37317.63..37344.17 rows=10616 width=121)
	  Sort Key: c
	  ->  Bitmap Heap Scan on sbtest6  (cost=321.25..36607.74 rows=10616 width=121)
	        Recheck Cond: ((id >= 7760480) AND (id <= 7770479))
	        ->  Bitmap Index Scan on sbtest6_pkey  (cost=0.00..318.59 rows=10616 width=0)
	              Index Cond: ((id >= 7760480) AND (id <= 7770479))

table 7 : explain SELECT c FROM sbtest7 WHERE id BETWEEN 3327056 AND 3337055 ORDER BY c
	Sort  (cost=35991.24..36016.74 rows=10200 width=121)
	  Sort Key: c
	  ->  Bitmap Heap Scan on sbtest7  (cost=304.99..35312.11 rows=10200 width=121)
	        Recheck Cond: ((id >= 3327056) AND (id <= 3337055))
	        ->  Bitmap Index Scan on sbtest7_pkey  (cost=0.00..302.44 rows=10200 width=0)
	              Index Cond: ((id >= 3327056) AND (id <= 3337055))

table 8 : explain SELECT c FROM sbtest8 WHERE id BETWEEN 8222310 AND 8232309 ORDER BY c
	Sort  (cost=35164.91..35189.77 rows=9944 width=121)
	  Sort Key: c
	  ->  Bitmap Heap Scan on sbtest8  (cost=298.36..34504.65 rows=9944 width=121)
	        Recheck Cond: ((id >= 8222310) AND (id <= 8232309))
	        ->  Bitmap Index Scan on sbtest8_pkey  (cost=0.00..295.88 rows=9944 width=0)
	              Index Cond: ((id >= 8222310) AND (id <= 8232309))

explain: for point_selects :: explain SELECT c FROM sbtest%u WHERE id=%u
for: distinct_ranges
table 1 : explain SELECT DISTINCT c FROM sbtest1 WHERE id BETWEEN 3485502 AND 3495501 ORDER BY c
	Unique  (cost=36918.89..36971.35 rows=10492 width=121)
	  ->  Sort  (cost=36918.89..36945.12 rows=10492 width=121)
	        Sort Key: c
	        ->  Bitmap Heap Scan on sbtest1  (cost=307.98..36218.19 rows=10492 width=121)
	              Recheck Cond: ((id >= 3485502) AND (id <= 3495501))
	              ->  Bitmap Index Scan on sbtest1_pkey  (cost=0.00..305.36 rows=10492 width=0)
	                    Index Cond: ((id >= 3485502) AND (id <= 3495501))

table 2 : explain SELECT DISTINCT c FROM sbtest2 WHERE id BETWEEN 9211937 AND 9221936 ORDER BY c
	Unique  (cost=37732.60..37786.31 rows=10743 width=121)
	  ->  Sort  (cost=37732.60..37759.45 rows=10743 width=121)
	        Sort Key: c
	        ->  Bitmap Heap Scan on sbtest2  (cost=318.55..37013.29 rows=10743 width=121)
	              Recheck Cond: ((id >= 9211937) AND (id <= 9221936))
	              ->  Bitmap Index Scan on sbtest2_pkey  (cost=0.00..315.87 rows=10743 width=0)
	                    Index Cond: ((id >= 9211937) AND (id <= 9221936))

table 3 : explain SELECT DISTINCT c FROM sbtest3 WHERE id BETWEEN 2366155 AND 2376154 ORDER BY c
	Unique  (cost=37966.98..38021.09 rows=10821 width=121)
	  ->  Sort  (cost=37966.98..37994.04 rows=10821 width=121)
	        Sort Key: c
	        ->  Bitmap Heap Scan on sbtest3  (cost=319.35..37241.89 rows=10821 width=121)
	              Recheck Cond: ((id >= 2366155) AND (id <= 2376154))
	              ->  Bitmap Index Scan on sbtest3_pkey  (cost=0.00..316.65 rows=10821 width=0)
	                    Index Cond: ((id >= 2366155) AND (id <= 2376154))

table 4 : explain SELECT DISTINCT c FROM sbtest4 WHERE id BETWEEN 5038273 AND 5048272 ORDER BY c
	Unique  (cost=34406.83..34455.38 rows=9709 width=121)
	  ->  Sort  (cost=34406.83..34431.10 rows=9709 width=121)
	        Sort Key: c
	        ->  Bitmap Heap Scan on sbtest4  (cost=287.95..33763.85 rows=9709 width=121)
	              Recheck Cond: ((id >= 5038273) AND (id <= 5048272))
	              ->  Bitmap Index Scan on sbtest4_pkey  (cost=0.00..285.53 rows=9709 width=0)
	                    Index Cond: ((id >= 5038273) AND (id <= 5048272))

table 5 : explain SELECT DISTINCT c FROM sbtest5 WHERE id BETWEEN 5637598 AND 5647597 ORDER BY c
	Unique  (cost=34152.14..34200.31 rows=9634 width=121)
	  ->  Sort  (cost=34152.14..34176.22 rows=9634 width=121)
	        Sort Key: c
	        ->  Bitmap Heap Scan on sbtest5  (cost=283.18..33514.66 rows=9634 width=121)
	              Recheck Cond: ((id >= 5637598) AND (id <= 5647597))
	              ->  Bitmap Index Scan on sbtest5_pkey  (cost=0.00..280.78 rows=9634 width=0)
	                    Index Cond: ((id >= 5637598) AND (id <= 5647597))

table 6 : explain SELECT DISTINCT c FROM sbtest6 WHERE id BETWEEN 7356616 AND 7366615 ORDER BY c
	Unique  (cost=34716.10..34765.14 rows=9809 width=121)
	  ->  Sort  (cost=34716.10..34740.62 rows=9809 width=121)
	        Sort Key: c
	        ->  Bitmap Heap Scan on sbtest6  (cost=296.98..34065.77 rows=9809 width=121)
	              Recheck Cond: ((id >= 7356616) AND (id <= 7366615))
	              ->  Bitmap Index Scan on sbtest6_pkey  (cost=0.00..294.53 rows=9809 width=0)
	                    Index Cond: ((id >= 7356616) AND (id <= 7366615))

table 7 : explain SELECT DISTINCT c FROM sbtest7 WHERE id BETWEEN 2258662 AND 2268661 ORDER BY c
	Unique  (cost=35911.81..35962.68 rows=10175 width=121)
	  ->  Sort  (cost=35911.81..35937.24 rows=10175 width=121)
	        Sort Key: c
	        ->  Bitmap Heap Scan on sbtest7  (cost=304.73..35234.52 rows=10175 width=121)
	              Recheck Cond: ((id >= 2258662) AND (id <= 2268661))
	              ->  Bitmap Index Scan on sbtest7_pkey  (cost=0.00..302.19 rows=10175 width=0)
	                    Index Cond: ((id >= 2258662) AND (id <= 2268661))

table 8 : explain SELECT DISTINCT c FROM sbtest8 WHERE id BETWEEN 2687195 AND 2697194 ORDER BY c
	Unique  (cost=35374.56..35424.60 rows=10008 width=121)
	  ->  Sort  (cost=35374.56..35399.58 rows=10008 width=121)
	        Sort Key: c
	        ->  Bitmap Heap Scan on sbtest8  (cost=303.02..34709.58 rows=10008 width=121)
	              Recheck Cond: ((id >= 2687195) AND (id <= 2697194))
	              ->  Bitmap Index Scan on sbtest8_pkey  (cost=0.00..300.51 rows=10008 width=0)
	                    Index Cond: ((id >= 2687195) AND (id <= 2697194))

for point_selects
table 1 : explain SELECT c FROM sbtest1 WHERE id=706483
	Index Scan using sbtest1_pkey on sbtest1  (cost=0.43..8.45 rows=1 width=121)
	  Index Cond: (id = 706483)

table 2 : explain SELECT c FROM sbtest2 WHERE id=3213119
	Index Scan using sbtest2_pkey on sbtest2  (cost=0.43..8.45 rows=1 width=121)
	  Index Cond: (id = 3213119)

table 3 : explain SELECT c FROM sbtest3 WHERE id=2074213
	Index Scan using sbtest3_pkey on sbtest3  (cost=0.43..8.45 rows=1 width=121)
	  Index Cond: (id = 2074213)

table 4 : explain SELECT c FROM sbtest4 WHERE id=6418663
	Index Scan using sbtest4_pkey on sbtest4  (cost=0.43..8.45 rows=1 width=121)
	  Index Cond: (id = 6418663)

table 5 : explain SELECT c FROM sbtest5 WHERE id=2906580
	Index Scan using sbtest5_pkey on sbtest5  (cost=0.43..8.45 rows=1 width=121)
	  Index Cond: (id = 2906580)

table 6 : explain SELECT c FROM sbtest6 WHERE id=205644
	Index Scan using sbtest6_pkey on sbtest6  (cost=0.43..8.45 rows=1 width=121)
	  Index Cond: (id = 205644)

table 7 : explain SELECT c FROM sbtest7 WHERE id=3063801
	Index Scan using sbtest7_pkey on sbtest7  (cost=0.43..8.45 rows=1 width=121)
	  Index Cond: (id = 3063801)

table 8 : explain SELECT c FROM sbtest8 WHERE id=9657161
	Index Scan using sbtest8_pkey on sbtest8  (cost=0.43..8.45 rows=1 width=121)
	  Index Cond: (id = 9657161)

for: order_ranges
table 1 : explain SELECT c FROM sbtest1 WHERE id BETWEEN 9239556 AND 9249555 ORDER BY c
	Sort  (cost=35754.49..35779.82 rows=10130 width=121)
	  Sort Key: c
	  ->  Bitmap Heap Scan on sbtest1  (cost=296.27..35080.53 rows=10130 width=121)
	        Recheck Cond: ((id >= 9239556) AND (id <= 9249555))
	        ->  Bitmap Index Scan on sbtest1_pkey  (cost=0.00..293.74 rows=10130 width=0)
	              Index Cond: ((id >= 9239556) AND (id <= 9249555))

table 2 : explain SELECT c FROM sbtest2 WHERE id BETWEEN 8717645 AND 8727644 ORDER BY c
	Sort  (cost=35946.79..35972.26 rows=10187 width=121)
	  Sort Key: c
	  ->  Bitmap Heap Scan on sbtest2  (cost=304.85..35268.62 rows=10187 width=121)
	        Recheck Cond: ((id >= 8717645) AND (id <= 8727644))
	        ->  Bitmap Index Scan on sbtest2_pkey  (cost=0.00..302.31 rows=10187 width=0)
	              Index Cond: ((id >= 8717645) AND (id <= 8727644))

table 3 : explain SELECT c FROM sbtest3 WHERE id BETWEEN 6032018 AND 6042017 ORDER BY c
	Sort  (cost=34044.34..34068.35 rows=9604 width=121)
	  Sort Key: c
	  ->  Bitmap Heap Scan on sbtest3  (cost=282.88..33409.06 rows=9604 width=121)
	        Recheck Cond: ((id >= 6032018) AND (id <= 6042017))
	        ->  Bitmap Index Scan on sbtest3_pkey  (cost=0.00..280.48 rows=9604 width=0)
	              Index Cond: ((id >= 6032018) AND (id <= 6042017))

table 4 : explain SELECT c FROM sbtest4 WHERE id BETWEEN 5563313 AND 5573312 ORDER BY c
	Sort  (cost=36276.38..36302.09 rows=10286 width=121)
	  Sort Key: c
	  ->  Bitmap Heap Scan on sbtest4  (cost=305.87..35590.90 rows=10286 width=121)
	        Recheck Cond: ((id >= 5563313) AND (id <= 5573312))
	        ->  Bitmap Index Scan on sbtest4_pkey  (cost=0.00..303.30 rows=10286 width=0)
	              Index Cond: ((id >= 5563313) AND (id <= 5573312))

table 5 : explain SELECT c FROM sbtest5 WHERE id BETWEEN 9828072 AND 9838071 ORDER BY c
	Sort  (cost=34395.76..34420.03 rows=9708 width=121)
	  Sort Key: c
	  ->  Bitmap Heap Scan on sbtest5  (cost=287.94..33752.85 rows=9708 width=121)
	        Recheck Cond: ((id >= 9828072) AND (id <= 9838071))
	        ->  Bitmap Index Scan on sbtest5_pkey  (cost=0.00..285.51 rows=9708 width=0)
	              Index Cond: ((id >= 9828072) AND (id <= 9838071))

table 6 : explain SELECT c FROM sbtest6 WHERE id BETWEEN 7270883 AND 7280882 ORDER BY c
	Sort  (cost=35045.41..35070.19 rows=9910 width=121)
	  Sort Key: c
	  ->  Bitmap Heap Scan on sbtest6  (cost=302.01..34387.65 rows=9910 width=121)
	        Recheck Cond: ((id >= 7270883) AND (id <= 7280882))
	        ->  Bitmap Index Scan on sbtest6_pkey  (cost=0.00..299.54 rows=9910 width=0)
	              Index Cond: ((id >= 7270883) AND (id <= 7280882))

table 7 : explain SELECT c FROM sbtest7 WHERE id BETWEEN 7033894 AND 7043893 ORDER BY c
	Sort  (cost=33098.87..33122.14 rows=9309 width=121)
	  Sort Key: c
	  ->  Bitmap Heap Scan on sbtest7  (cost=279.85..32485.20 rows=9309 width=121)
	        Recheck Cond: ((id >= 7033894) AND (id <= 7043893))
	        ->  Bitmap Index Scan on sbtest7_pkey  (cost=0.00..277.53 rows=9309 width=0)
	              Index Cond: ((id >= 7033894) AND (id <= 7043893))

table 8 : explain SELECT c FROM sbtest8 WHERE id BETWEEN 9511338 AND 9521337 ORDER BY c
	Sort  (cost=37282.69..37309.19 rows=10602 width=121)
	  Sort Key: c
	  ->  Bitmap Heap Scan on sbtest8  (cost=317.11..36573.84 rows=10602 width=121)
	        Recheck Cond: ((id >= 9511338) AND (id <= 9521337))
	        ->  Bitmap Index Scan on sbtest8_pkey  (cost=0.00..314.45 rows=10602 width=0)
	              Index Cond: ((id >= 9511338) AND (id <= 9521337))

explain: for point_selects :: explain SELECT c FROM sbtest%u WHERE id=%u
for: order_ranges
table 1 : explain SELECT c FROM sbtest1 WHERE id BETWEEN 3218637 AND 3228636 ORDER BY c
	Sort  (cost=36456.18..36482.05 rows=10348 width=121)
	  Sort Key: c
	  ->  Bitmap Heap Scan on sbtest1  (cost=302.50..35766.12 rows=10348 width=121)
	        Recheck Cond: ((id >= 3218637) AND (id <= 3228636))
	        ->  Bitmap Index Scan on sbtest1_pkey  (cost=0.00..299.92 rows=10348 width=0)
	              Index Cond: ((id >= 3218637) AND (id <= 3228636))

table 2 : explain SELECT c FROM sbtest2 WHERE id BETWEEN 5513701 AND 5523700 ORDER BY c
	Sort  (cost=30772.50..30794.00 rows=8602 width=121)
	  Sort Key: c
	  ->  Bitmap Heap Scan on sbtest2  (cost=256.61..30210.34 rows=8602 width=121)
	        Recheck Cond: ((id >= 5513701) AND (id <= 5523700))
	        ->  Bitmap Index Scan on sbtest2_pkey  (cost=0.00..254.45 rows=8602 width=0)
	              Index Cond: ((id >= 5513701) AND (id <= 5523700))

table 3 : explain SELECT c FROM sbtest3 WHERE id BETWEEN 6807644 AND 6817643 ORDER BY c
	Sort  (cost=36212.99..36238.67 rows=10273 width=121)
	  Sort Key: c
	  ->  Bitmap Heap Scan on sbtest3  (cost=305.73..35528.47 rows=10273 width=121)
	        Recheck Cond: ((id >= 6807644) AND (id <= 6817643))
	        ->  Bitmap Index Scan on sbtest3_pkey  (cost=0.00..303.17 rows=10273 width=0)
	              Index Cond: ((id >= 6807644) AND (id <= 6817643))

table 4 : explain SELECT c FROM sbtest4 WHERE id BETWEEN 2100366 AND 2110365 ORDER BY c
	Sort  (cost=33786.42..33810.22 rows=9518 width=121)
	  Sort Key: c
	  ->  Bitmap Heap Scan on sbtest4  (cost=281.99..33157.45 rows=9518 width=121)
	        Recheck Cond: ((id >= 2100366) AND (id <= 2110365))
	        ->  Bitmap Index Scan on sbtest4_pkey  (cost=0.00..279.62 rows=9518 width=0)
	              Index Cond: ((id >= 2100366) AND (id <= 2110365))

table 5 : explain SELECT c FROM sbtest5 WHERE id BETWEEN 109014 AND 119013 ORDER BY c
	Sort  (cost=38925.85..38953.64 rows=11117 width=121)
	  Sort Key: c
	  ->  Bitmap Heap Scan on sbtest5  (cost=330.38..38178.76 rows=11117 width=121)
	        Recheck Cond: ((id >= 109014) AND (id <= 119013))
	        ->  Bitmap Index Scan on sbtest5_pkey  (cost=0.00..327.61 rows=11117 width=0)
	              Index Cond: ((id >= 109014) AND (id <= 119013))

table 6 : explain SELECT c FROM sbtest6 WHERE id BETWEEN 5838986 AND 5848985 ORDER BY c
	Sort  (cost=31358.01..31379.96 rows=8781 width=121)
	  Sort Key: c
	  ->  Bitmap Heap Scan on sbtest6  (cost=266.44..30782.85 rows=8781 width=121)
	        Recheck Cond: ((id >= 5838986) AND (id <= 5848985))
	        ->  Bitmap Index Scan on sbtest6_pkey  (cost=0.00..264.25 rows=8781 width=0)
	              Index Cond: ((id >= 5838986) AND (id <= 5848985))

table 7 : explain SELECT c FROM sbtest7 WHERE id BETWEEN 8136056 AND 8146055 ORDER BY c
	Sort  (cost=35693.31..35718.58 rows=10107 width=121)
	  Sort Key: c
	  ->  Bitmap Heap Scan on sbtest7  (cost=304.03..35021.04 rows=10107 width=121)
	        Recheck Cond: ((id >= 8136056) AND (id <= 8146055))
	        ->  Bitmap Index Scan on sbtest7_pkey  (cost=0.00..301.50 rows=10107 width=0)
	              Index Cond: ((id >= 8136056) AND (id <= 8146055))

table 8 : explain SELECT c FROM sbtest8 WHERE id BETWEEN 1246698 AND 1256697 ORDER BY c
	Sort  (cost=36004.51..36030.02 rows=10203 width=121)
	  Sort Key: c
	  ->  Bitmap Heap Scan on sbtest8  (cost=309.02..35325.16 rows=10203 width=121)
	        Recheck Cond: ((id >= 1246698) AND (id <= 1256697))
	        ->  Bitmap Index Scan on sbtest8_pkey  (cost=0.00..306.46 rows=10203 width=0)
	              Index Cond: ((id >= 1246698) AND (id <= 1256697))

for: order_ranges
table 1 : explain SELECT c FROM sbtest1 WHERE id BETWEEN 7116410 AND 7126409 ORDER BY c
	Sort  (cost=35379.52..35404.56 rows=10015 width=121)
	  Sort Key: c
	  ->  Bitmap Heap Scan on sbtest1  (cost=291.09..34714.03 rows=10015 width=121)
	        Recheck Cond: ((id >= 7116410) AND (id <= 7126409))
	        ->  Bitmap Index Scan on sbtest1_pkey  (cost=0.00..288.58 rows=10015 width=0)
	              Index Cond: ((id >= 7116410) AND (id <= 7126409))

table 2 : explain SELECT c FROM sbtest2 WHERE id BETWEEN 5974282 AND 5984281 ORDER BY c
	Sort  (cost=33855.93..33879.79 rows=9542 width=121)
	  Sort Key: c
	  ->  Bitmap Heap Scan on sbtest2  (cost=286.24..33225.20 rows=9542 width=121)
	        Recheck Cond: ((id >= 5974282) AND (id <= 5984281))
	        ->  Bitmap Index Scan on sbtest2_pkey  (cost=0.00..283.86 rows=9542 width=0)
	              Index Cond: ((id >= 5974282) AND (id <= 5984281))

table 3 : explain SELECT c FROM sbtest3 WHERE id BETWEEN 3649112 AND 3659111 ORDER BY c
	Sort  (cost=31678.25..31700.45 rows=8879 width=121)
	  Sort Key: c
	  ->  Bitmap Heap Scan on sbtest3  (cost=263.44..31095.96 rows=8879 width=121)
	        Recheck Cond: ((id >= 3649112) AND (id <= 3659111))
	        ->  Bitmap Index Scan on sbtest3_pkey  (cost=0.00..261.23 rows=8879 width=0)
	              Index Cond: ((id >= 3649112) AND (id <= 3659111))

table 4 : explain SELECT c FROM sbtest4 WHERE id BETWEEN 1679542 AND 1689541 ORDER BY c
	Sort  (cost=37405.71..37432.31 rows=10639 width=121)
	  Sort Key: c
	  ->  Bitmap Heap Scan on sbtest4  (cost=313.48..36694.12 rows=10639 width=121)
	        Recheck Cond: ((id >= 1679542) AND (id <= 1689541))
	        ->  Bitmap Index Scan on sbtest4_pkey  (cost=0.00..310.82 rows=10639 width=0)
	              Index Cond: ((id >= 1679542) AND (id <= 1689541))

table 5 : explain SELECT c FROM sbtest5 WHERE id BETWEEN 6478912 AND 6488911 ORDER BY c
	Sort  (cost=37913.94..37940.94 rows=10800 width=121)
	  Sort Key: c
	  ->  Bitmap Heap Scan on sbtest5  (cost=319.13..37190.40 rows=10800 width=121)
	        Recheck Cond: ((id >= 6478912) AND (id <= 6488911))
	        ->  Bitmap Index Scan on sbtest5_pkey  (cost=0.00..316.44 rows=10800 width=0)
	              Index Cond: ((id >= 6478912) AND (id <= 6488911))

table 6 : explain SELECT c FROM sbtest6 WHERE id BETWEEN 7275745 AND 7285744 ORDER BY c
	Sort  (cost=35045.41..35070.19 rows=9910 width=121)
	  Sort Key: c
	  ->  Bitmap Heap Scan on sbtest6  (cost=302.01..34387.65 rows=9910 width=121)
	        Recheck Cond: ((id >= 7275745) AND (id <= 7285744))
	        ->  Bitmap Index Scan on sbtest6_pkey  (cost=0.00..299.54 rows=9910 width=0)
	              Index Cond: ((id >= 7275745) AND (id <= 7285744))

table 7 : explain SELECT c FROM sbtest7 WHERE id BETWEEN 9551711 AND 9561710 ORDER BY c
	Sort  (cost=35288.37..35313.32 rows=9983 width=121)
	  Sort Key: c
	  ->  Bitmap Heap Scan on sbtest7  (cost=298.76..34625.23 rows=9983 width=121)
	        Recheck Cond: ((id >= 9551711) AND (id <= 9561710))
	        ->  Bitmap Index Scan on sbtest7_pkey  (cost=0.00..296.26 rows=9983 width=0)
	              Index Cond: ((id >= 9551711) AND (id <= 9561710))

table 8 : explain SELECT c FROM sbtest8 WHERE id BETWEEN 277120 AND 287119 ORDER BY c
	Sort  (cost=36414.44..36440.27 rows=10331 width=121)
	  Sort Key: c
	  ->  Bitmap Heap Scan on sbtest8  (cost=310.33..35725.63 rows=10331 width=121)
	        Recheck Cond: ((id >= 277120) AND (id <= 287119))
	        ->  Bitmap Index Scan on sbtest8_pkey  (cost=0.00..307.75 rows=10331 width=0)
	              Index Cond: ((id >= 277120) AND (id <= 287119))

for: order_ranges
table 1 : explain SELECT c FROM sbtest1 WHERE id BETWEEN 279130 AND 289129 ORDER BY c
	Sort  (cost=38876.20..38903.96 rows=11104 width=121)
	  Sort Key: c
	  ->  Bitmap Heap Scan on sbtest1  (cost=326.25..38130.08 rows=11104 width=121)
	        Recheck Cond: ((id >= 279130) AND (id <= 289129))
	        ->  Bitmap Index Scan on sbtest1_pkey  (cost=0.00..323.48 rows=11104 width=0)
	              Index Cond: ((id >= 279130) AND (id <= 289129))

table 2 : explain SELECT c FROM sbtest2 WHERE id BETWEEN 9413424 AND 9423423 ORDER BY c
	Sort  (cost=34841.52..34866.13 rows=9846 width=121)
	  Sort Key: c
	  ->  Bitmap Heap Scan on sbtest2  (cost=293.36..34188.47 rows=9846 width=121)
	        Recheck Cond: ((id >= 9413424) AND (id <= 9423423))
	        ->  Bitmap Index Scan on sbtest2_pkey  (cost=0.00..290.90 rows=9846 width=0)
	              Index Cond: ((id >= 9413424) AND (id <= 9423423))

table 3 : explain SELECT c FROM sbtest3 WHERE id BETWEEN 8325700 AND 8335699 ORDER BY c
	Sort  (cost=34107.54..34131.59 rows=9623 width=121)
	  Sort Key: c
	  ->  Bitmap Heap Scan on sbtest3  (cost=283.07..33470.86 rows=9623 width=121)
	        Recheck Cond: ((id >= 8325700) AND (id <= 8335699))
	        ->  Bitmap Index Scan on sbtest3_pkey  (cost=0.00..280.67 rows=9623 width=0)
	              Index Cond: ((id >= 8325700) AND (id <= 8335699))

table 4 : explain SELECT c FROM sbtest4 WHERE id BETWEEN 5328943 AND 5338942 ORDER BY c
	Sort  (cost=39531.67..39559.93 rows=11304 width=121)
	  Sort Key: c
	  ->  Bitmap Heap Scan on sbtest4  (cost=336.30..38770.65 rows=11304 width=121)
	        Recheck Cond: ((id >= 5328943) AND (id <= 5338942))
	        ->  Bitmap Index Scan on sbtest4_pkey  (cost=0.00..333.48 rows=11304 width=0)
	              Index Cond: ((id >= 5328943) AND (id <= 5338942))

table 5 : explain SELECT c FROM sbtest5 WHERE id BETWEEN 3822098 AND 3832097 ORDER BY c
	Sort  (cost=32051.28..32073.76 rows=8991 width=121)
	  Sort Key: c
	  ->  Bitmap Heap Scan on sbtest5  (cost=264.59..31460.83 rows=8991 width=121)
	        Recheck Cond: ((id >= 3822098) AND (id <= 3832097))
	        ->  Bitmap Index Scan on sbtest5_pkey  (cost=0.00..262.34 rows=8991 width=0)
	              Index Cond: ((id >= 3822098) AND (id <= 3832097))

table 6 : explain SELECT c FROM sbtest6 WHERE id BETWEEN 7744903 AND 7754902 ORDER BY c
	Sort  (cost=37317.63..37344.17 rows=10616 width=121)
	  Sort Key: c
	  ->  Bitmap Heap Scan on sbtest6  (cost=321.25..36607.74 rows=10616 width=121)
	        Recheck Cond: ((id >= 7744903) AND (id <= 7754902))
	        ->  Bitmap Index Scan on sbtest6_pkey  (cost=0.00..318.59 rows=10616 width=0)
	              Index Cond: ((id >= 7744903) AND (id <= 7754902))

table 7 : explain SELECT c FROM sbtest7 WHERE id BETWEEN 1756377 AND 1766376 ORDER BY c
	Sort  (cost=41275.26..41304.90 rows=11857 width=121)
	  Sort Key: c
	  ->  Bitmap Heap Scan on sbtest7  (cost=353.97..40472.93 rows=11857 width=121)
	        Recheck Cond: ((id >= 1756377) AND (id <= 1766376))
	        ->  Bitmap Index Scan on sbtest7_pkey  (cost=0.00..351.00 rows=11857 width=0)
	              Index Cond: ((id >= 1756377) AND (id <= 1766376))

table 8 : explain SELECT c FROM sbtest8 WHERE id BETWEEN 17310 AND 27309 ORDER BY c
	Sort  (cost=35467.39..35492.48 rows=10037 width=121)
	  Sort Key: c
	  ->  Bitmap Heap Scan on sbtest8  (cost=303.31..34800.28 rows=10037 width=121)
	        Recheck Cond: ((id >= 17310) AND (id <= 27309))
	        ->  Bitmap Index Scan on sbtest8_pkey  (cost=0.00..300.81 rows=10037 width=0)
	              Index Cond: ((id >= 17310) AND (id <= 27309))

for: simple_ranges
table 1 : explain SELECT c FROM sbtest1 WHERE id BETWEEN 366529 AND 376528
	Bitmap Heap Scan on sbtest1  (cost=314.68..37045.40 rows=10756 width=121)
	  Recheck Cond: ((id >= 366529) AND (id <= 376528))
	  ->  Bitmap Index Scan on sbtest1_pkey  (cost=0.00..312.00 rows=10756 width=0)
	        Index Cond: ((id >= 366529) AND (id <= 376528))

table 2 : explain SELECT c FROM sbtest2 WHERE id BETWEEN 942921 AND 952920
	Bitmap Heap Scan on sbtest2  (cost=281.72..33061.51 rows=9491 width=121)
	  Recheck Cond: ((id >= 942921) AND (id <= 952920))
	  ->  Bitmap Index Scan on sbtest2_pkey  (cost=0.00..279.34 rows=9491 width=0)
	        Index Cond: ((id >= 942921) AND (id <= 952920))

table 3 : explain SELECT c FROM sbtest3 WHERE id BETWEEN 5956098 AND 5966097
	Bitmap Heap Scan on sbtest3  (cost=276.87..32786.04 rows=9408 width=121)
	  Recheck Cond: ((id >= 5956098) AND (id <= 5966097))
	  ->  Bitmap Index Scan on sbtest3_pkey  (cost=0.00..274.51 rows=9408 width=0)
	        Index Cond: ((id >= 5956098) AND (id <= 5966097))

table 4 : explain SELECT c FROM sbtest4 WHERE id BETWEEN 2711566 AND 2721565
	Bitmap Heap Scan on sbtest4  (cost=319.09..37186.63 rows=10796 width=121)
	  Recheck Cond: ((id >= 2711566) AND (id <= 2721565))
	  ->  Bitmap Index Scan on sbtest4_pkey  (cost=0.00..316.40 rows=10796 width=0)
	        Index Cond: ((id >= 2711566) AND (id <= 2721565))

table 5 : explain SELECT c FROM sbtest5 WHERE id BETWEEN 397937 AND 407936
	Bitmap Heap Scan on sbtest5  (cost=281.34..32944.57 rows=9454 width=121)
	  Recheck Cond: ((id >= 397937) AND (id <= 407936))
	  ->  Bitmap Index Scan on sbtest5_pkey  (cost=0.00..278.98 rows=9454 width=0)
	        Index Cond: ((id >= 397937) AND (id <= 407936))

table 6 : explain SELECT c FROM sbtest6 WHERE id BETWEEN 3269539 AND 3279538
	Bitmap Heap Scan on sbtest6  (cost=278.05..31915.80 rows=9133 width=121)
	  Recheck Cond: ((id >= 3269539) AND (id <= 3279538))
	  ->  Bitmap Index Scan on sbtest6_pkey  (cost=0.00..275.76 rows=9133 width=0)
	        Index Cond: ((id >= 3269539) AND (id <= 3279538))

table 7 : explain SELECT c FROM sbtest7 WHERE id BETWEEN 8647434 AND 8657433
	Bitmap Heap Scan on sbtest7  (cost=280.60..32717.07 rows=9382 width=121)
	  Recheck Cond: ((id >= 8647434) AND (id <= 8657433))
	  ->  Bitmap Index Scan on sbtest7_pkey  (cost=0.00..278.25 rows=9382 width=0)
	        Index Cond: ((id >= 8647434) AND (id <= 8657433))

table 8 : explain SELECT c FROM sbtest8 WHERE id BETWEEN 2203766 AND 2213765
	Bitmap Heap Scan on sbtest8  (cost=273.50..31754.30 rows=9080 width=121)
	  Recheck Cond: ((id >= 2203766) AND (id <= 2213765))
	  ->  Bitmap Index Scan on sbtest8_pkey  (cost=0.00..271.24 rows=9080 width=0)
	        Index Cond: ((id >= 2203766) AND (id <= 2213765))

for point_selects
table 1 : explain SELECT c FROM sbtest1 WHERE id=8376914
	Index Scan using sbtest1_pkey on sbtest1  (cost=0.43..8.45 rows=1 width=121)
	  Index Cond: (id = 8376914)

table 2 : explain SELECT c FROM sbtest2 WHERE id=5387868
	Index Scan using sbtest2_pkey on sbtest2  (cost=0.43..8.45 rows=1 width=121)
	  Index Cond: (id = 5387868)

table 3 : explain SELECT c FROM sbtest3 WHERE id=5990387
	Index Scan using sbtest3_pkey on sbtest3  (cost=0.43..8.45 rows=1 width=121)
	  Index Cond: (id = 5990387)

table 4 : explain SELECT c FROM sbtest4 WHERE id=1343687
	Index Scan using sbtest4_pkey on sbtest4  (cost=0.43..8.45 rows=1 width=121)
	  Index Cond: (id = 1343687)

table 5 : explain SELECT c FROM sbtest5 WHERE id=9586196
	Index Scan using sbtest5_pkey on sbtest5  (cost=0.43..8.45 rows=1 width=121)
	  Index Cond: (id = 9586196)

table 6 : explain SELECT c FROM sbtest6 WHERE id=4132678
	Index Scan using sbtest6_pkey on sbtest6  (cost=0.43..8.45 rows=1 width=121)
	  Index Cond: (id = 4132678)

table 7 : explain SELECT c FROM sbtest7 WHERE id=9940311
	Index Scan using sbtest7_pkey on sbtest7  (cost=0.43..8.45 rows=1 width=121)
	  Index Cond: (id = 9940311)

table 8 : explain SELECT c FROM sbtest8 WHERE id=7841954
	Index Scan using sbtest8_pkey on sbtest8  (cost=0.43..8.45 rows=1 width=121)
	  Index Cond: (id = 7841954)

for point_selects
table 1 : explain SELECT c FROM sbtest1 WHERE id=9559270
	Index Scan using sbtest1_pkey on sbtest1  (cost=0.43..8.45 rows=1 width=121)
	  Index Cond: (id = 9559270)

table 2 : explain SELECT c FROM sbtest2 WHERE id=931023
	Index Scan using sbtest2_pkey on sbtest2  (cost=0.43..8.45 rows=1 width=121)
	  Index Cond: (id = 931023)

table 3 : explain SELECT c FROM sbtest3 WHERE id=4790353
	Index Scan using sbtest3_pkey on sbtest3  (cost=0.43..8.45 rows=1 width=121)
	  Index Cond: (id = 4790353)

table 4 : explain SELECT c FROM sbtest4 WHERE id=9849413
	Index Scan using sbtest4_pkey on sbtest4  (cost=0.43..8.45 rows=1 width=121)
	  Index Cond: (id = 9849413)

table 5 : explain SELECT c FROM sbtest5 WHERE id=4269358
	Index Scan using sbtest5_pkey on sbtest5  (cost=0.43..8.45 rows=1 width=121)
	  Index Cond: (id = 4269358)

table 6 : explain SELECT c FROM sbtest6 WHERE id=9810903
	Index Scan using sbtest6_pkey on sbtest6  (cost=0.43..8.45 rows=1 width=121)
	  Index Cond: (id = 9810903)

table 7 : explain SELECT c FROM sbtest7 WHERE id=833162
	Index Scan using sbtest7_pkey on sbtest7  (cost=0.43..8.45 rows=1 width=121)
	  Index Cond: (id = 833162)

table 8 : explain SELECT c FROM sbtest8 WHERE id=484369
	Index Scan using sbtest8_pkey on sbtest8  (cost=0.43..8.45 rows=1 width=121)
	  Index Cond: (id = 484369)

for point_selects
table 1 : explain SELECT c FROM sbtest1 WHERE id=1766336
	Index Scan using sbtest1_pkey on sbtest1  (cost=0.43..8.45 rows=1 width=121)
	  Index Cond: (id = 1766336)

table 2 : explain SELECT c FROM sbtest2 WHERE id=1065714
	Index Scan using sbtest2_pkey on sbtest2  (cost=0.43..8.45 rows=1 width=121)
	  Index Cond: (id = 1065714)

table 3 : explain SELECT c FROM sbtest3 WHERE id=3613221
	Index Scan using sbtest3_pkey on sbtest3  (cost=0.43..8.45 rows=1 width=121)
	  Index Cond: (id = 3613221)

table 4 : explain SELECT c FROM sbtest4 WHERE id=7644984
	Index Scan using sbtest4_pkey on sbtest4  (cost=0.43..8.45 rows=1 width=121)
	  Index Cond: (id = 7644984)

table 5 : explain SELECT c FROM sbtest5 WHERE id=668313
	Index Scan using sbtest5_pkey on sbtest5  (cost=0.43..8.45 rows=1 width=121)
	  Index Cond: (id = 668313)

table 6 : explain SELECT c FROM sbtest6 WHERE id=2256079
	Index Scan using sbtest6_pkey on sbtest6  (cost=0.43..8.45 rows=1 width=121)
	  Index Cond: (id = 2256079)

table 7 : explain SELECT c FROM sbtest7 WHERE id=1395621
	Index Scan using sbtest7_pkey on sbtest7  (cost=0.43..8.45 rows=1 width=121)
	  Index Cond: (id = 1395621)

table 8 : explain SELECT c FROM sbtest8 WHERE id=1292958
	Index Scan using sbtest8_pkey on sbtest8  (cost=0.43..8.45 rows=1 width=121)
	  Index Cond: (id = 1292958)

for: sum_ranges
table 1 : explain SELECT SUM(k) FROM sbtest1 WHERE id BETWEEN 1232583 AND 1242582
	Aggregate  (cost=37567.48..37567.49 rows=1 width=8)
	  ->  Bitmap Heap Scan on sbtest1  (cost=320.30..37540.20 rows=10914 width=4)
	        Recheck Cond: ((id >= 1232583) AND (id <= 1242582))
	        ->  Bitmap Index Scan on sbtest1_pkey  (cost=0.00..317.57 rows=10914 width=0)
	              Index Cond: ((id >= 1232583) AND (id <= 1242582))

table 2 : explain SELECT SUM(k) FROM sbtest2 WHERE id BETWEEN 9753572 AND 9763571
	Aggregate  (cost=34807.60..34807.61 rows=1 width=8)
	  ->  Bitmap Heap Scan on sbtest2  (cost=299.27..34782.52 rows=10033 width=4)
	        Recheck Cond: ((id >= 9753572) AND (id <= 9763571))
	        ->  Bitmap Index Scan on sbtest2_pkey  (cost=0.00..296.76 rows=10033 width=0)
	              Index Cond: ((id >= 9753572) AND (id <= 9763571))

table 3 : explain SELECT SUM(k) FROM sbtest3 WHERE id BETWEEN 2093903 AND 2103902
	Aggregate  (cost=35039.22..35039.23 rows=1 width=8)
	  ->  Bitmap Heap Scan on sbtest3  (cost=300.06..35013.94 rows=10110 width=4)
	        Recheck Cond: ((id >= 2093903) AND (id <= 2103902))
	        ->  Bitmap Index Scan on sbtest3_pkey  (cost=0.00..297.54 rows=10110 width=0)
	              Index Cond: ((id >= 2093903) AND (id <= 2103902))

table 4 : explain SELECT SUM(k) FROM sbtest4 WHERE id BETWEEN 6896715 AND 6906714
	Aggregate  (cost=35500.22..35500.23 rows=1 width=8)
	  ->  Bitmap Heap Scan on sbtest4  (cost=305.49..35474.59 rows=10249 width=4)
	        Recheck Cond: ((id >= 6896715) AND (id <= 6906714))
	        ->  Bitmap Index Scan on sbtest4_pkey  (cost=0.00..302.93 rows=10249 width=0)
	              Index Cond: ((id >= 6896715) AND (id <= 6906714))

table 5 : explain SELECT SUM(k) FROM sbtest5 WHERE id BETWEEN 4337838 AND 4347837
	Aggregate  (cost=32991.05..32991.06 rows=1 width=8)
	  ->  Bitmap Heap Scan on sbtest5  (cost=281.41..32967.40 rows=9461 width=4)
	        Recheck Cond: ((id >= 4337838) AND (id <= 4347837))
	        ->  Bitmap Index Scan on sbtest5_pkey  (cost=0.00..279.05 rows=9461 width=0)
	              Index Cond: ((id >= 4337838) AND (id <= 4347837))

table 6 : explain SELECT SUM(k) FROM sbtest6 WHERE id BETWEEN 6275435 AND 6285434
	Aggregate  (cost=35002.24..35002.25 rows=1 width=8)
	  ->  Bitmap Heap Scan on sbtest6  (cost=303.94..34977.00 rows=10098 width=4)
	        Recheck Cond: ((id >= 6275435) AND (id <= 6285434))
	        ->  Bitmap Index Scan on sbtest6_pkey  (cost=0.00..301.42 rows=10098 width=0)
	              Index Cond: ((id >= 6275435) AND (id <= 6285434))

table 7 : explain SELECT SUM(k) FROM sbtest7 WHERE id BETWEEN 3051141 AND 3061140
	Aggregate  (cost=32219.84..32219.85 rows=1 width=8)
	  ->  Bitmap Heap Scan on sbtest7  (cost=274.93..32196.79 rows=9219 width=4)
	        Recheck Cond: ((id >= 3051141) AND (id <= 3061140))
	        ->  Bitmap Index Scan on sbtest7_pkey  (cost=0.00..272.62 rows=9219 width=0)
	              Index Cond: ((id >= 3051141) AND (id <= 3061140))

table 8 : explain SELECT SUM(k) FROM sbtest8 WHERE id BETWEEN 6722033 AND 6732032
	Aggregate  (cost=33657.77..33657.78 rows=1 width=8)
	  ->  Bitmap Heap Scan on sbtest8  (cost=291.54..33633.60 rows=9669 width=4)
	        Recheck Cond: ((id >= 6722033) AND (id <= 6732032))
	        ->  Bitmap Index Scan on sbtest8_pkey  (cost=0.00..289.12 rows=9669 width=0)
	              Index Cond: ((id >= 6722033) AND (id <= 6732032))

for: distinct_ranges
table 1 : explain SELECT DISTINCT c FROM sbtest1 WHERE id BETWEEN 7350620 AND 7360619 ORDER BY c
	Unique  (cost=33979.15..34027.07 rows=9583 width=121)
	  ->  Sort  (cost=33979.15..34003.11 rows=9583 width=121)
	        Sort Key: c
	        ->  Bitmap Heap Scan on sbtest1  (cost=278.66..33345.41 rows=9583 width=121)
	              Recheck Cond: ((id >= 7350620) AND (id <= 7360619))
	              ->  Bitmap Index Scan on sbtest1_pkey  (cost=0.00..276.26 rows=9583 width=0)
	                    Index Cond: ((id >= 7350620) AND (id <= 7360619))

table 2 : explain SELECT DISTINCT c FROM sbtest2 WHERE id BETWEEN 8353755 AND 8363754 ORDER BY c
	Unique  (cost=35376.37..35426.42 rows=10010 width=121)
	  ->  Sort  (cost=35376.37..35401.40 rows=10010 width=121)
	        Sort Key: c
	        ->  Bitmap Heap Scan on sbtest2  (cost=299.04..34711.25 rows=10010 width=121)
	              Recheck Cond: ((id >= 8353755) AND (id <= 8363754))
	              ->  Bitmap Index Scan on sbtest2_pkey  (cost=0.00..296.54 rows=10010 width=0)
	                    Index Cond: ((id >= 8353755) AND (id <= 8363754))

table 3 : explain SELECT DISTINCT c FROM sbtest3 WHERE id BETWEEN 7440305 AND 7450304 ORDER BY c
	Unique  (cost=37717.23..37770.94 rows=10742 width=121)
	  ->  Sort  (cost=37717.23..37744.09 rows=10742 width=121)
	        Sort Key: c
	        ->  Bitmap Heap Scan on sbtest3  (cost=318.54..36998.00 rows=10742 width=121)
	              Recheck Cond: ((id >= 7440305) AND (id <= 7450304))
	              ->  Bitmap Index Scan on sbtest3_pkey  (cost=0.00..315.86 rows=10742 width=0)
	                    Index Cond: ((id >= 7440305) AND (id <= 7450304))

table 4 : explain SELECT DISTINCT c FROM sbtest4 WHERE id BETWEEN 1659940 AND 1669939 ORDER BY c
	Unique  (cost=37405.71..37458.91 rows=10639 width=121)
	  ->  Sort  (cost=37405.71..37432.31 rows=10639 width=121)
	        Sort Key: c
	        ->  Bitmap Heap Scan on sbtest4  (cost=313.48..36694.12 rows=10639 width=121)
	              Recheck Cond: ((id >= 1659940) AND (id <= 1669939))
	              ->  Bitmap Index Scan on sbtest4_pkey  (cost=0.00..310.82 rows=10639 width=0)
	                    Index Cond: ((id >= 1659940) AND (id <= 1669939))

table 5 : explain SELECT DISTINCT c FROM sbtest5 WHERE id BETWEEN 8063589 AND 8073588 ORDER BY c
	Unique  (cost=36131.83..36183.06 rows=10246 width=121)
	  ->  Sort  (cost=36131.83..36157.45 rows=10246 width=121)
	        Sort Key: c
	        ->  Bitmap Heap Scan on sbtest5  (cost=301.46..35449.31 rows=10246 width=121)
	              Recheck Cond: ((id >= 8063589) AND (id <= 8073588))
	              ->  Bitmap Index Scan on sbtest5_pkey  (cost=0.00..298.90 rows=10246 width=0)
	                    Index Cond: ((id >= 8063589) AND (id <= 8073588))

table 6 : explain SELECT DISTINCT c FROM sbtest6 WHERE id BETWEEN 4946136 AND 4956135 ORDER BY c
	Unique  (cost=34593.19..34642.05 rows=9771 width=121)
	  ->  Sort  (cost=34593.19..34617.62 rows=9771 width=121)
	        Sort Key: c
	        ->  Bitmap Heap Scan on sbtest6  (cost=296.59..33945.65 rows=9771 width=121)
	              Recheck Cond: ((id >= 4946136) AND (id <= 4956135))
	              ->  Bitmap Index Scan on sbtest6_pkey  (cost=0.00..294.15 rows=9771 width=0)
	                    Index Cond: ((id >= 4946136) AND (id <= 4956135))

table 7 : explain SELECT DISTINCT c FROM sbtest7 WHERE id BETWEEN 6411678 AND 6421677 ORDER BY c
	Unique  (cost=36401.90..36453.53 rows=10327 width=121)
	  ->  Sort  (cost=36401.90..36427.72 rows=10327 width=121)
	        Sort Key: c
	        ->  Bitmap Heap Scan on sbtest7  (cost=310.29..35713.39 rows=10327 width=121)
	              Recheck Cond: ((id >= 6411678) AND (id <= 6421677))
	              ->  Bitmap Index Scan on sbtest7_pkey  (cost=0.00..307.70 rows=10327 width=0)
	                    Index Cond: ((id >= 6411678) AND (id <= 6421677))

table 8 : explain SELECT DISTINCT c FROM sbtest8 WHERE id BETWEEN 4325313 AND 4335312 ORDER BY c
	Unique  (cost=36638.97..36690.97 rows=10401 width=121)
	  ->  Sort  (cost=36638.97..36664.97 rows=10401 width=121)
	        Sort Key: c
	        ->  Bitmap Heap Scan on sbtest8  (cost=311.05..35944.99 rows=10401 width=121)
	              Recheck Cond: ((id >= 4325313) AND (id <= 4335312))
	              ->  Bitmap Index Scan on sbtest8_pkey  (cost=0.00..308.44 rows=10401 width=0)
	                    Index Cond: ((id >= 4325313) AND (id <= 4335312))

for: sum_ranges
table 1 : explain SELECT SUM(k) FROM sbtest1 WHERE id BETWEEN 6859019 AND 6869018
	Aggregate  (cost=33829.13..33829.14 rows=1 width=8)
	  ->  Bitmap Heap Scan on sbtest1  (cost=284.14..33804.82 rows=9727 width=4)
	        Recheck Cond: ((id >= 6859019) AND (id <= 6869018))
	        ->  Bitmap Index Scan on sbtest1_pkey  (cost=0.00..281.70 rows=9727 width=0)
	              Index Cond: ((id >= 6859019) AND (id <= 6869018))

table 2 : explain SELECT SUM(k) FROM sbtest2 WHERE id BETWEEN 147337 AND 157336
	Aggregate  (cost=34823.80..34823.81 rows=1 width=8)
	  ->  Bitmap Heap Scan on sbtest2  (cost=299.32..34798.71 rows=10038 width=4)
	        Recheck Cond: ((id >= 147337) AND (id <= 157336))
	        ->  Bitmap Index Scan on sbtest2_pkey  (cost=0.00..296.81 rows=10038 width=0)
	              Index Cond: ((id >= 147337) AND (id <= 157336))

table 3 : explain SELECT SUM(k) FROM sbtest3 WHERE id BETWEEN 2104053 AND 2114052
	Aggregate  (cost=35039.22..35039.23 rows=1 width=8)
	  ->  Bitmap Heap Scan on sbtest3  (cost=300.06..35013.94 rows=10110 width=4)
	        Recheck Cond: ((id >= 2104053) AND (id <= 2114052))
	        ->  Bitmap Index Scan on sbtest3_pkey  (cost=0.00..297.54 rows=10110 width=0)
	              Index Cond: ((id >= 2104053) AND (id <= 2114052))

table 4 : explain SELECT SUM(k) FROM sbtest4 WHERE id BETWEEN 3348319 AND 3358318
	Aggregate  (cost=32514.15..32514.16 rows=1 width=8)
	  ->  Bitmap Heap Scan on sbtest4  (cost=275.86..32490.88 rows=9310 width=4)
	        Recheck Cond: ((id >= 3348319) AND (id <= 3358318))
	        ->  Bitmap Index Scan on sbtest4_pkey  (cost=0.00..273.54 rows=9310 width=0)
	              Index Cond: ((id >= 3348319) AND (id <= 3358318))

table 5 : explain SELECT SUM(k) FROM sbtest5 WHERE id BETWEEN 4049958 AND 4059957
	Aggregate  (cost=37088.90..37088.91 rows=1 width=8)
	  ->  Bitmap Heap Scan on sbtest5  (cost=318.71..37062.00 rows=10759 width=4)
	        Recheck Cond: ((id >= 4049958) AND (id <= 4059957))
	        ->  Bitmap Index Scan on sbtest5_pkey  (cost=0.00..316.03 rows=10759 width=0)
	              Index Cond: ((id >= 4049958) AND (id <= 4059957))

table 6 : explain SELECT SUM(k) FROM sbtest6 WHERE id BETWEEN 5519893 AND 5529892
	Aggregate  (cost=33732.00..33732.01 rows=1 width=8)
	  ->  Bitmap Heap Scan on sbtest6  (cost=291.83..33707.76 rows=9697 width=4)
	        Recheck Cond: ((id >= 5519893) AND (id <= 5529892))
	        ->  Bitmap Index Scan on sbtest6_pkey  (cost=0.00..289.41 rows=9697 width=0)
	              Index Cond: ((id >= 5519893) AND (id <= 5529892))

table 7 : explain SELECT SUM(k) FROM sbtest7 WHERE id BETWEEN 496180 AND 506179
	Aggregate  (cost=35431.41..35431.42 rows=1 width=8)
	  ->  Bitmap Heap Scan on sbtest7  (cost=305.29..35405.84 rows=10230 width=4)
	        Recheck Cond: ((id >= 496180) AND (id <= 506179))
	        ->  Bitmap Index Scan on sbtest7_pkey  (cost=0.00..302.74 rows=10230 width=0)
	              Index Cond: ((id >= 496180) AND (id <= 506179))

table 8 : explain SELECT SUM(k) FROM sbtest8 WHERE id BETWEEN 9104947 AND 9114946
	Aggregate  (cost=35984.70..35984.71 rows=1 width=8)
	  ->  Bitmap Heap Scan on sbtest8  (cost=315.09..35958.69 rows=10405 width=4)
	        Recheck Cond: ((id >= 9104947) AND (id <= 9114946))
	        ->  Bitmap Index Scan on sbtest8_pkey  (cost=0.00..312.49 rows=10405 width=0)
	              Index Cond: ((id >= 9104947) AND (id <= 9114946))

for: distinct_ranges
table 1 : explain SELECT DISTINCT c FROM sbtest1 WHERE id BETWEEN 2293818 AND 2303817 ORDER BY c
	Unique  (cost=35509.44..35559.71 rows=10054 width=121)
	  ->  Sort  (cost=35509.44..35534.58 rows=10054 width=121)
	        Sort Key: c
	        ->  Bitmap Heap Scan on sbtest1  (cost=295.49..34841.08 rows=10054 width=121)
	              Recheck Cond: ((id >= 2293818) AND (id <= 2303817))
	              ->  Bitmap Index Scan on sbtest1_pkey  (cost=0.00..292.98 rows=10054 width=0)
	                    Index Cond: ((id >= 2293818) AND (id <= 2303817))

table 2 : explain SELECT DISTINCT c FROM sbtest2 WHERE id BETWEEN 1275572 AND 1285571 ORDER BY c
	Unique  (cost=38350.91..38405.60 rows=10937 width=121)
	  ->  Sort  (cost=38350.91..38378.26 rows=10937 width=121)
	        Sort Key: c
	        ->  Bitmap Heap Scan on sbtest2  (cost=324.54..37617.21 rows=10937 width=121)
	              Recheck Cond: ((id >= 1275572) AND (id <= 1285571))
	              ->  Bitmap Index Scan on sbtest2_pkey  (cost=0.00..321.81 rows=10937 width=0)
	                    Index Cond: ((id >= 1275572) AND (id <= 1285571))

table 3 : explain SELECT DISTINCT c FROM sbtest3 WHERE id BETWEEN 8443182 AND 8453181 ORDER BY c
	Unique  (cost=36622.43..36674.44 rows=10401 width=121)
	  ->  Sort  (cost=36622.43..36648.43 rows=10401 width=121)
	        Sort Key: c
	        ->  Bitmap Heap Scan on sbtest3  (cost=307.05..35928.45 rows=10401 width=121)
	              Recheck Cond: ((id >= 8443182) AND (id <= 8453181))
	              ->  Bitmap Index Scan on sbtest3_pkey  (cost=0.00..304.44 rows=10401 width=0)
	                    Index Cond: ((id >= 8443182) AND (id <= 8453181))

table 4 : explain SELECT DISTINCT c FROM sbtest4 WHERE id BETWEEN 2785772 AND 2795771 ORDER BY c
	Unique  (cost=38143.88..38198.22 rows=10868 width=121)
	  ->  Sort  (cost=38143.88..38171.05 rows=10868 width=121)
	        Sort Key: c
	        ->  Bitmap Heap Scan on sbtest4  (cost=323.83..37415.30 rows=10868 width=121)
	              Recheck Cond: ((id >= 2785772) AND (id <= 2795771))
	              ->  Bitmap Index Scan on sbtest4_pkey  (cost=0.00..321.12 rows=10868 width=0)
	                    Index Cond: ((id >= 2785772) AND (id <= 2795771))

table 5 : explain SELECT DISTINCT c FROM sbtest5 WHERE id BETWEEN 646414 AND 656413 ORDER BY c
	Unique  (cost=34695.04..34744.05 rows=9801 width=121)
	  ->  Sort  (cost=34695.04..34719.55 rows=9801 width=121)
	        Sort Key: c
	        ->  Bitmap Heap Scan on sbtest5  (cost=288.90..34045.30 rows=9801 width=121)
	              Recheck Cond: ((id >= 646414) AND (id <= 656413))
	              ->  Bitmap Index Scan on sbtest5_pkey  (cost=0.00..286.44 rows=9801 width=0)
	                    Index Cond: ((id >= 646414) AND (id <= 656413))

table 6 : explain SELECT DISTINCT c FROM sbtest6 WHERE id BETWEEN 4436072 AND 4446071 ORDER BY c
	Unique  (cost=37350.51..37403.64 rows=10626 width=121)
	  ->  Sort  (cost=37350.51..37377.08 rows=10626 width=121)
	        Sort Key: c
	        ->  Bitmap Heap Scan on sbtest6  (cost=321.35..36639.88 rows=10626 width=121)
	              Recheck Cond: ((id >= 4436072) AND (id <= 4446071))
	              ->  Bitmap Index Scan on sbtest6_pkey  (cost=0.00..318.69 rows=10626 width=0)
	                    Index Cond: ((id >= 4436072) AND (id <= 4446071))

table 7 : explain SELECT DISTINCT c FROM sbtest7 WHERE id BETWEEN 9102207 AND 9112206 ORDER BY c
	Unique  (cost=34680.06..34729.03 rows=9795 width=121)
	  ->  Sort  (cost=34680.06..34704.55 rows=9795 width=121)
	        Sort Key: c
	        ->  Bitmap Heap Scan on sbtest7  (cost=292.83..34030.76 rows=9795 width=121)
	              Recheck Cond: ((id >= 9102207) AND (id <= 9112206))
	              ->  Bitmap Index Scan on sbtest7_pkey  (cost=0.00..290.38 rows=9795 width=0)
	                    Index Cond: ((id >= 9102207) AND (id <= 9112206))

table 8 : explain SELECT DISTINCT c FROM sbtest8 WHERE id BETWEEN 3157568 AND 3167567 ORDER BY c
	Unique  (cost=34726.61..34775.65 rows=9808 width=121)
	  ->  Sort  (cost=34726.61..34751.13 rows=9808 width=121)
	        Sort Key: c
	        ->  Bitmap Heap Scan on sbtest8  (cost=296.97..34076.35 rows=9808 width=121)
	              Recheck Cond: ((id >= 3157568) AND (id <= 3167567))
	              ->  Bitmap Index Scan on sbtest8_pkey  (cost=0.00..294.51 rows=9808 width=0)
	                    Index Cond: ((id >= 3157568) AND (id <= 3167567))

explain: for point_selects :: explain SELECT c FROM sbtest%u WHERE id=%u
explain: for point_selects :: explain SELECT c FROM sbtest%u WHERE id=%u
explain: for point_selects :: explain SELECT c FROM sbtest%u WHERE id=%u
for: distinct_ranges
table 1 : explain SELECT DISTINCT c FROM sbtest1 WHERE id BETWEEN 9013073 AND 9023072 ORDER BY c
	Unique  (cost=34053.14..34101.16 rows=9605 width=121)
	  ->  Sort  (cost=34053.14..34077.15 rows=9605 width=121)
	        Sort Key: c
	        ->  Bitmap Heap Scan on sbtest1  (cost=282.89..33417.79 rows=9605 width=121)
	              Recheck Cond: ((id >= 9013073) AND (id <= 9023072))
	              ->  Bitmap Index Scan on sbtest1_pkey  (cost=0.00..280.49 rows=9605 width=0)
	                    Index Cond: ((id >= 9013073) AND (id <= 9023072))

table 2 : explain SELECT DISTINCT c FROM sbtest2 WHERE id BETWEEN 5229977 AND 5239976 ORDER BY c
	Unique  (cost=34814.87..34864.05 rows=9837 width=121)
	  ->  Sort  (cost=34814.87..34839.46 rows=9837 width=121)
	        Sort Key: c
	        ->  Bitmap Heap Scan on sbtest2  (cost=293.26..34162.48 rows=9837 width=121)
	              Recheck Cond: ((id >= 5229977) AND (id <= 5239976))
	              ->  Bitmap Index Scan on sbtest2_pkey  (cost=0.00..290.81 rows=9837 width=0)
	                    Index Cond: ((id >= 5229977) AND (id <= 5239976))

table 3 : explain SELECT DISTINCT c FROM sbtest3 WHERE id BETWEEN 2836725 AND 2846724 ORDER BY c
	Unique  (cost=32671.17..32717.09 rows=9183 width=121)
	  ->  Sort  (cost=32671.17..32694.13 rows=9183 width=121)
	        Sort Key: c
	        ->  Bitmap Heap Scan on sbtest3  (cost=270.56..32066.71 rows=9183 width=121)
	              Recheck Cond: ((id >= 2836725) AND (id <= 2846724))
	              ->  Bitmap Index Scan on sbtest3_pkey  (cost=0.00..268.26 rows=9183 width=0)
	                    Index Cond: ((id >= 2836725) AND (id <= 2846724))

table 4 : explain SELECT DISTINCT c FROM sbtest4 WHERE id BETWEEN 5406734 AND 5416733 ORDER BY c
	Unique  (cost=40185.58..40243.13 rows=11510 width=121)
	  ->  Sort  (cost=40185.58..40214.36 rows=11510 width=121)
	        Sort Key: c
	        ->  Bitmap Heap Scan on sbtest4  (cost=342.41..39409.20 rows=11510 width=121)
	              Recheck Cond: ((id >= 5406734) AND (id <= 5416733))
	              ->  Bitmap Index Scan on sbtest4_pkey  (cost=0.00..339.54 rows=11510 width=0)
	                    Index Cond: ((id >= 5406734) AND (id <= 5416733))

table 5 : explain SELECT DISTINCT c FROM sbtest5 WHERE id BETWEEN 6414454 AND 6424453 ORDER BY c
	Unique  (cost=37831.75..37885.62 rows=10774 width=121)
	  ->  Sort  (cost=37831.75..37858.69 rows=10774 width=121)
	        Sort Key: c
	        ->  Bitmap Heap Scan on sbtest5  (cost=318.87..37110.15 rows=10774 width=121)
	              Recheck Cond: ((id >= 6414454) AND (id <= 6424453))
	              ->  Bitmap Index Scan on sbtest5_pkey  (cost=0.00..316.18 rows=10774 width=0)
	                    Index Cond: ((id >= 6414454) AND (id <= 6424453))

table 6 : explain SELECT DISTINCT c FROM sbtest6 WHERE id BETWEEN 667657 AND 677656 ORDER BY c
	Unique  (cost=33119.28..33165.87 rows=9318 width=121)
	  ->  Sort  (cost=33119.28..33142.58 rows=9318 width=121)
	        Sort Key: c
	        ->  Bitmap Heap Scan on sbtest6  (cost=283.94..32504.95 rows=9318 width=121)
	              Recheck Cond: ((id >= 667657) AND (id <= 677656))
	              ->  Bitmap Index Scan on sbtest6_pkey  (cost=0.00..281.62 rows=9318 width=0)
	                    Index Cond: ((id >= 667657) AND (id <= 677656))

table 7 : explain SELECT DISTINCT c FROM sbtest7 WHERE id BETWEEN 630049 AND 640048 ORDER BY c
	Unique  (cost=38736.96..38792.25 rows=11057 width=121)
	  ->  Sort  (cost=38736.96..38764.61 rows=11057 width=121)
	        Sort Key: c
	        ->  Bitmap Heap Scan on sbtest7  (cost=329.77..37994.34 rows=11057 width=121)
	              Recheck Cond: ((id >= 630049) AND (id <= 640048))
	              ->  Bitmap Index Scan on sbtest7_pkey  (cost=0.00..327.00 rows=11057 width=0)
	                    Index Cond: ((id >= 630049) AND (id <= 640048))

table 8 : explain SELECT DISTINCT c FROM sbtest8 WHERE id BETWEEN 3705686 AND 3715685 ORDER BY c
	Unique  (cost=36401.24..36452.87 rows=10327 width=121)
	  ->  Sort  (cost=36401.24..36427.05 rows=10327 width=121)
	        Sort Key: c
	        ->  Bitmap Heap Scan on sbtest8  (cost=310.29..35712.73 rows=10327 width=121)
	              Recheck Cond: ((id >= 3705686) AND (id <= 3715685))
	              ->  Bitmap Index Scan on sbtest8_pkey  (cost=0.00..307.70 rows=10327 width=0)
	                    Index Cond: ((id >= 3705686) AND (id <= 3715685))

for: distinct_ranges
table 1 : explain SELECT DISTINCT c FROM sbtest1 WHERE id BETWEEN 8689228 AND 8699227 ORDER BY c
	Unique  (cost=32696.36..32742.30 rows=9189 width=121)
	  ->  Sort  (cost=32696.36..32719.33 rows=9189 width=121)
	        Sort Key: c
	        ->  Bitmap Heap Scan on sbtest1  (cost=270.62..32091.46 rows=9189 width=121)
	              Recheck Cond: ((id >= 8689228) AND (id <= 8699227))
	              ->  Bitmap Index Scan on sbtest1_pkey  (cost=0.00..268.32 rows=9189 width=0)
	                    Index Cond: ((id >= 8689228) AND (id <= 8699227))

table 2 : explain SELECT DISTINCT c FROM sbtest2 WHERE id BETWEEN 3857687 AND 3867686 ORDER BY c
	Unique  (cost=35184.10..35233.85 rows=9951 width=121)
	  ->  Sort  (cost=35184.10..35208.98 rows=9951 width=121)
	        Sort Key: c
	        ->  Bitmap Heap Scan on sbtest2  (cost=298.43..34523.32 rows=9951 width=121)
	              Recheck Cond: ((id >= 3857687) AND (id <= 3867686))
	              ->  Bitmap Index Scan on sbtest2_pkey  (cost=0.00..295.94 rows=9951 width=0)
	                    Index Cond: ((id >= 3857687) AND (id <= 3867686))

table 3 : explain SELECT DISTINCT c FROM sbtest3 WHERE id BETWEEN 6503560 AND 6513559 ORDER BY c
	Unique  (cost=35669.90..35720.42 rows=10105 width=121)
	  ->  Sort  (cost=35669.90..35695.16 rows=10105 width=121)
	        Sort Key: c
	        ->  Bitmap Heap Scan on sbtest3  (cost=300.01..34997.77 rows=10105 width=121)
	              Recheck Cond: ((id >= 6503560) AND (id <= 6513559))
	              ->  Bitmap Index Scan on sbtest3_pkey  (cost=0.00..297.49 rows=10105 width=0)
	                    Index Cond: ((id >= 6503560) AND (id <= 6513559))

table 4 : explain SELECT DISTINCT c FROM sbtest4 WHERE id BETWEEN 8593911 AND 8603910 ORDER BY c
	Unique  (cost=36901.38..36953.79 rows=10481 width=121)
	  ->  Sort  (cost=36901.38..36927.59 rows=10481 width=121)
	        Sort Key: c
	        ->  Bitmap Heap Scan on sbtest4  (cost=311.87..36201.49 rows=10481 width=121)
	              Recheck Cond: ((id >= 8593911) AND (id <= 8603910))
	              ->  Bitmap Index Scan on sbtest4_pkey  (cost=0.00..309.25 rows=10481 width=0)
	                    Index Cond: ((id >= 8593911) AND (id <= 8603910))

table 5 : explain SELECT DISTINCT c FROM sbtest5 WHERE id BETWEEN 1963144 AND 1973143 ORDER BY c
	Unique  (cost=37729.84..37783.55 rows=10742 width=121)
	  ->  Sort  (cost=37729.84..37756.69 rows=10742 width=121)
	        Sort Key: c
	        ->  Bitmap Heap Scan on sbtest5  (cost=318.54..37010.61 rows=10742 width=121)
	              Recheck Cond: ((id >= 1963144) AND (id <= 1973143))
	              ->  Bitmap Index Scan on sbtest5_pkey  (cost=0.00..315.86 rows=10742 width=0)
	                    Index Cond: ((id >= 1963144) AND (id <= 1973143))

table 6 : explain SELECT DISTINCT c FROM sbtest6 WHERE id BETWEEN 3272236 AND 3282235 ORDER BY c
	Unique  (cost=32516.61..32562.28 rows=9133 width=121)
	  ->  Sort  (cost=32516.61..32539.44 rows=9133 width=121)
	        Sort Key: c
	        ->  Bitmap Heap Scan on sbtest6  (cost=278.05..31915.80 rows=9133 width=121)
	              Recheck Cond: ((id >= 3272236) AND (id <= 3282235))
	              ->  Bitmap Index Scan on sbtest6_pkey  (cost=0.00..275.76 rows=9133 width=0)
	                    Index Cond: ((id >= 3272236) AND (id <= 3282235))

table 7 : explain SELECT DISTINCT c FROM sbtest7 WHERE id BETWEEN 3516870 AND 3526869 ORDER BY c
	Unique  (cost=35726.50..35777.09 rows=10118 width=121)
	  ->  Sort  (cost=35726.50..35751.79 rows=10118 width=121)
	        Sort Key: c
	        ->  Bitmap Heap Scan on sbtest7  (cost=304.14..35053.42 rows=10118 width=121)
	              Recheck Cond: ((id >= 3516870) AND (id <= 3526869))
	              ->  Bitmap Index Scan on sbtest7_pkey  (cost=0.00..301.62 rows=10118 width=0)
	                    Index Cond: ((id >= 3516870) AND (id <= 3526869))

table 8 : explain SELECT DISTINCT c FROM sbtest8 WHERE id BETWEEN 7030797 AND 7040796 ORDER BY c
	Unique  (cost=34826.30..34875.49 rows=9839 width=121)
	  ->  Sort  (cost=34826.30..34850.89 rows=9839 width=121)
	        Sort Key: c
	        ->  Bitmap Heap Scan on sbtest8  (cost=297.28..34173.76 rows=9839 width=121)
	              Recheck Cond: ((id >= 7030797) AND (id <= 7040796))
	              ->  Bitmap Index Scan on sbtest8_pkey  (cost=0.00..294.82 rows=9839 width=0)
	                    Index Cond: ((id >= 7030797) AND (id <= 7040796))

for: simple_ranges
table 1 : explain SELECT c FROM sbtest1 WHERE id BETWEEN 8855059 AND 8865058
	Bitmap Heap Scan on sbtest1  (cost=283.00..33453.58 rows=9616 width=121)
	  Recheck Cond: ((id >= 8855059) AND (id <= 8865058))
	  ->  Bitmap Index Scan on sbtest1_pkey  (cost=0.00..280.59 rows=9616 width=0)
	        Index Cond: ((id >= 8855059) AND (id <= 8865058))

table 2 : explain SELECT c FROM sbtest2 WHERE id BETWEEN 2536547 AND 2546546
	Bitmap Heap Scan on sbtest2  (cost=324.39..37572.33 rows=10922 width=121)
	  Recheck Cond: ((id >= 2536547) AND (id <= 2546546))
	  ->  Bitmap Index Scan on sbtest2_pkey  (cost=0.00..321.66 rows=10922 width=0)
	        Index Cond: ((id >= 2536547) AND (id <= 2546546))

table 3 : explain SELECT c FROM sbtest3 WHERE id BETWEEN 6318620 AND 6328619
	Bitmap Heap Scan on sbtest3  (cost=287.09..33481.37 rows=9625 width=121)
	  Recheck Cond: ((id >= 6318620) AND (id <= 6328619))
	  ->  Bitmap Index Scan on sbtest3_pkey  (cost=0.00..284.69 rows=9625 width=0)
	        Index Cond: ((id >= 6318620) AND (id <= 6328619))

table 4 : explain SELECT c FROM sbtest4 WHERE id BETWEEN 3294504 AND 3304503
	Bitmap Heap Scan on sbtest4  (cost=295.07..34725.55 rows=10013 width=121)
	  Recheck Cond: ((id >= 3294504) AND (id <= 3304503))
	  ->  Bitmap Index Scan on sbtest4_pkey  (cost=0.00..292.56 rows=10013 width=0)
	        Index Cond: ((id >= 3294504) AND (id <= 3304503))

table 5 : explain SELECT c FROM sbtest5 WHERE id BETWEEN 8083266 AND 8093265
	Bitmap Heap Scan on sbtest5  (cost=301.27..35394.37 rows=10228 width=121)
	  Recheck Cond: ((id >= 8083266) AND (id <= 8093265))
	  ->  Bitmap Index Scan on sbtest5_pkey  (cost=0.00..298.71 rows=10228 width=0)
	        Index Cond: ((id >= 8083266) AND (id <= 8093265))

table 6 : explain SELECT c FROM sbtest6 WHERE id BETWEEN 4728573 AND 4738572
	Bitmap Heap Scan on sbtest6  (cost=296.73..33991.10 rows=9785 width=121)
	  Recheck Cond: ((id >= 4728573) AND (id <= 4738572))
	  ->  Bitmap Index Scan on sbtest6_pkey  (cost=0.00..294.29 rows=9785 width=0)
	        Index Cond: ((id >= 4728573) AND (id <= 4738572))

table 7 : explain SELECT c FROM sbtest7 WHERE id BETWEEN 283452 AND 293451
	Bitmap Heap Scan on sbtest7  (cost=298.14..34433.96 rows=9922 width=121)
	  Recheck Cond: ((id >= 283452) AND (id <= 293451))
	  ->  Bitmap Index Scan on sbtest7_pkey  (cost=0.00..295.66 rows=9922 width=0)
	        Index Cond: ((id >= 283452) AND (id <= 293451))

table 8 : explain SELECT c FROM sbtest8 WHERE id BETWEEN 5651385 AND 5661384
	Bitmap Heap Scan on sbtest8  (cost=291.06..33483.94 rows=9622 width=121)
	  Recheck Cond: ((id >= 5651385) AND (id <= 5661384))
	  ->  Bitmap Index Scan on sbtest8_pkey  (cost=0.00..288.66 rows=9622 width=0)
	        Index Cond: ((id >= 5651385) AND (id <= 5661384))

for: simple_ranges
table 1 : explain SELECT c FROM sbtest1 WHERE id BETWEEN 542607 AND 552606
	Bitmap Heap Scan on sbtest1  (cost=265.07..31609.36 rows=9038 width=121)
	  Recheck Cond: ((id >= 542607) AND (id <= 552606))
	  ->  Bitmap Index Scan on sbtest1_pkey  (cost=0.00..262.81 rows=9038 width=0)
	        Index Cond: ((id >= 542607) AND (id <= 552606))

table 2 : explain SELECT c FROM sbtest2 WHERE id BETWEEN 374570 AND 384569
	Bitmap Heap Scan on sbtest2  (cost=298.23..34461.71 rows=9931 width=121)
	  Recheck Cond: ((id >= 374570) AND (id <= 384569))
	  ->  Bitmap Index Scan on sbtest2_pkey  (cost=0.00..295.75 rows=9931 width=0)
	        Index Cond: ((id >= 374570) AND (id <= 384569))

table 3 : explain SELECT c FROM sbtest3 WHERE id BETWEEN 8671115 AND 8681114
	Bitmap Heap Scan on sbtest3  (cost=325.00..37745.79 rows=10982 width=121)
	  Recheck Cond: ((id >= 8671115) AND (id <= 8681114))
	  ->  Bitmap Index Scan on sbtest3_pkey  (cost=0.00..322.25 rows=10982 width=0)
	        Index Cond: ((id >= 8671115) AND (id <= 8681114))

table 4 : explain SELECT c FROM sbtest4 WHERE id BETWEEN 292745 AND 302744
	Bitmap Heap Scan on sbtest4  (cost=307.15..35981.46 rows=10411 width=121)
	  Recheck Cond: ((id >= 292745) AND (id <= 302744))
	  ->  Bitmap Index Scan on sbtest4_pkey  (cost=0.00..304.55 rows=10411 width=0)
	        Index Cond: ((id >= 292745) AND (id <= 302744))

table 5 : explain SELECT c FROM sbtest5 WHERE id BETWEEN 4135475 AND 4145474
	Bitmap Heap Scan on sbtest5  (cost=307.62..36114.71 rows=10457 width=121)
	  Recheck Cond: ((id >= 4135475) AND (id <= 4145474))
	  ->  Bitmap Index Scan on sbtest5_pkey  (cost=0.00..305.00 rows=10457 width=0)
	        Index Cond: ((id >= 4135475) AND (id <= 4145474))

table 6 : explain SELECT c FROM sbtest6 WHERE id BETWEEN 2971686 AND 2981685
	Bitmap Heap Scan on sbtest6  (cost=297.68..34283.14 rows=9878 width=121)
	  Recheck Cond: ((id >= 2971686) AND (id <= 2981685))
	  ->  Bitmap Index Scan on sbtest6_pkey  (cost=0.00..295.21 rows=9878 width=0)
	        Index Cond: ((id >= 2971686) AND (id <= 2981685))

table 7 : explain SELECT c FROM sbtest7 WHERE id BETWEEN 4653585 AND 4663584
	Bitmap Heap Scan on sbtest7  (cost=299.45..34835.79 rows=10050 width=121)
	  Recheck Cond: ((id >= 4653585) AND (id <= 4663584))
	  ->  Bitmap Index Scan on sbtest7_pkey  (cost=0.00..296.94 rows=10050 width=0)
	        Index Cond: ((id >= 4653585) AND (id <= 4663584))

table 8 : explain SELECT c FROM sbtest8 WHERE id BETWEEN 8729143 AND 8739142
	Bitmap Heap Scan on sbtest8  (cost=310.73..35848.23 rows=10370 width=121)
	  Recheck Cond: ((id >= 8729143) AND (id <= 8739142))
	  ->  Bitmap Index Scan on sbtest8_pkey  (cost=0.00..308.13 rows=10370 width=0)
	        Index Cond: ((id >= 8729143) AND (id <= 8739142))

for: simple_ranges
table 1 : explain SELECT c FROM sbtest1 WHERE id BETWEEN 6668138 AND 6678137
	Bitmap Heap Scan on sbtest1  (cost=289.14..34117.39 rows=9825 width=121)
	  Recheck Cond: ((id >= 6668138) AND (id <= 6678137))
	  ->  Bitmap Index Scan on sbtest1_pkey  (cost=0.00..286.69 rows=9825 width=0)
	        Index Cond: ((id >= 6668138) AND (id <= 6678137))

table 2 : explain SELECT c FROM sbtest2 WHERE id BETWEEN 961879 AND 971878
	Bitmap Heap Scan on sbtest2  (cost=281.72..33061.51 rows=9491 width=121)
	  Recheck Cond: ((id >= 961879) AND (id <= 971878))
	  ->  Bitmap Index Scan on sbtest2_pkey  (cost=0.00..279.34 rows=9491 width=0)
	        Index Cond: ((id >= 961879) AND (id <= 971878))

table 3 : explain SELECT c FROM sbtest3 WHERE id BETWEEN 2966935 AND 2976934
	Bitmap Heap Scan on sbtest3  (cost=319.94..37424.63 rows=10879 width=121)
	  Recheck Cond: ((id >= 2966935) AND (id <= 2976934))
	  ->  Bitmap Index Scan on sbtest3_pkey  (cost=0.00..317.23 rows=10879 width=0)
	        Index Cond: ((id >= 2966935) AND (id <= 2976934))

table 4 : explain SELECT c FROM sbtest4 WHERE id BETWEEN 890027 AND 900026
	Bitmap Heap Scan on sbtest4  (cost=281.47..32994.42 rows=9467 width=121)
	  Recheck Cond: ((id >= 890027) AND (id <= 900026))
	  ->  Bitmap Index Scan on sbtest4_pkey  (cost=0.00..279.11 rows=9467 width=0)
	        Index Cond: ((id >= 890027) AND (id <= 900026))

table 5 : explain SELECT c FROM sbtest5 WHERE id BETWEEN 6037062 AND 6047061
	Bitmap Heap Scan on sbtest5  (cost=301.52..35468.69 rows=10252 width=121)
	  Recheck Cond: ((id >= 6037062) AND (id <= 6047061))
	  ->  Bitmap Index Scan on sbtest5_pkey  (cost=0.00..298.95 rows=10252 width=0)
	        Index Cond: ((id >= 6037062) AND (id <= 6047061))

table 6 : explain SELECT c FROM sbtest6 WHERE id BETWEEN 1483163 AND 1493162
	Bitmap Heap Scan on sbtest6  (cost=290.28..33232.79 rows=9546 width=121)
	  Recheck Cond: ((id >= 1483163) AND (id <= 1493162))
	  ->  Bitmap Index Scan on sbtest6_pkey  (cost=0.00..287.90 rows=9546 width=0)
	        Index Cond: ((id >= 1483163) AND (id <= 1493162))

table 7 : explain SELECT c FROM sbtest7 WHERE id BETWEEN 7403164 AND 7413163
	Bitmap Heap Scan on sbtest7  (cost=281.29..32929.16 rows=9449 width=121)
	  Recheck Cond: ((id >= 7403164) AND (id <= 7413163))
	  ->  Bitmap Index Scan on sbtest7_pkey  (cost=0.00..278.93 rows=9449 width=0)
	        Index Cond: ((id >= 7403164) AND (id <= 7413163))

table 8 : explain SELECT c FROM sbtest8 WHERE id BETWEEN 6077832 AND 6087831
	Bitmap Heap Scan on sbtest8  (cost=291.87..33734.42 rows=9701 width=121)
	  Recheck Cond: ((id >= 6077832) AND (id <= 6087831))
	  ->  Bitmap Index Scan on sbtest8_pkey  (cost=0.00..289.44 rows=9701 width=0)
	        Index Cond: ((id >= 6077832) AND (id <= 6087831))

for: distinct_ranges
table 1 : explain SELECT DISTINCT c FROM sbtest1 WHERE id BETWEEN 1945876 AND 1955875 ORDER BY c
	Unique  (cost=37525.63..37579.03 rows=10681 width=121)
	  ->  Sort  (cost=37525.63..37552.33 rows=10681 width=121)
	        Sort Key: c
	        ->  Bitmap Heap Scan on sbtest1  (cost=313.92..36810.92 rows=10681 width=121)
	              Recheck Cond: ((id >= 1945876) AND (id <= 1955875))
	              ->  Bitmap Index Scan on sbtest1_pkey  (cost=0.00..311.25 rows=10681 width=0)
	                    Index Cond: ((id >= 1945876) AND (id <= 1955875))

table 2 : explain SELECT DISTINCT c FROM sbtest2 WHERE id BETWEEN 4694429 AND 4704428 ORDER BY c
	Unique  (cost=35677.92..35728.44 rows=10104 width=121)
	  ->  Sort  (cost=35677.92..35703.18 rows=10104 width=121)
	        Sort Key: c
	        ->  Bitmap Heap Scan on sbtest2  (cost=300.00..35005.87 rows=10104 width=121)
	              Recheck Cond: ((id >= 4694429) AND (id <= 4704428))
	              ->  Bitmap Index Scan on sbtest2_pkey  (cost=0.00..297.48 rows=10104 width=0)
	                    Index Cond: ((id >= 4694429) AND (id <= 4704428))

table 3 : explain SELECT DISTINCT c FROM sbtest3 WHERE id BETWEEN 7636882 AND 7646881 ORDER BY c
	Unique  (cost=37598.89..37652.42 rows=10705 width=121)
	  ->  Sort  (cost=37598.89..37625.65 rows=10705 width=121)
	        Sort Key: c
	        ->  Bitmap Heap Scan on sbtest3  (cost=318.16..36882.41 rows=10705 width=121)
	              Recheck Cond: ((id >= 7636882) AND (id <= 7646881))
	              ->  Bitmap Index Scan on sbtest3_pkey  (cost=0.00..315.49 rows=10705 width=0)
	                    Index Cond: ((id >= 7636882) AND (id <= 7646881))

table 4 : explain SELECT DISTINCT c FROM sbtest4 WHERE id BETWEEN 6050464 AND 6060463 ORDER BY c
	Unique  (cost=35736.27..35786.86 rows=10119 width=121)
	  ->  Sort  (cost=35736.27..35761.56 rows=10119 width=121)
	        Sort Key: c
	        ->  Bitmap Heap Scan on sbtest4  (cost=300.15..35063.11 rows=10119 width=121)
	              Recheck Cond: ((id >= 6050464) AND (id <= 6060463))
	              ->  Bitmap Index Scan on sbtest4_pkey  (cost=0.00..297.62 rows=10119 width=0)
	                    Index Cond: ((id >= 6050464) AND (id <= 6060463))

table 5 : explain SELECT DISTINCT c FROM sbtest5 WHERE id BETWEEN 4318054 AND 4328053 ORDER BY c
	Unique  (cost=34885.12..34934.41 rows=9859 width=121)
	  ->  Sort  (cost=34885.12..34909.76 rows=9859 width=121)
	        Sort Key: c
	        ->  Bitmap Heap Scan on sbtest5  (cost=293.49..34231.11 rows=9859 width=121)
	              Recheck Cond: ((id >= 4318054) AND (id <= 4328053))
	              ->  Bitmap Index Scan on sbtest5_pkey  (cost=0.00..291.03 rows=9859 width=0)
	                    Index Cond: ((id >= 4318054) AND (id <= 4328053))

table 6 : explain SELECT DISTINCT c FROM sbtest6 WHERE id BETWEEN 4053965 AND 4063964 ORDER BY c
	Unique  (cost=34749.28..34798.38 rows=9819 width=121)
	  ->  Sort  (cost=34749.28..34773.83 rows=9819 width=121)
	        Sort Key: c
	        ->  Bitmap Heap Scan on sbtest6  (cost=297.08..34098.21 rows=9819 width=121)
	              Recheck Cond: ((id >= 4053965) AND (id <= 4063964))
	              ->  Bitmap Index Scan on sbtest6_pkey  (cost=0.00..294.62 rows=9819 width=0)
	                    Index Cond: ((id >= 4053965) AND (id <= 4063964))

table 7 : explain SELECT DISTINCT c FROM sbtest7 WHERE id BETWEEN 1669102 AND 1679101 ORDER BY c
	Unique  (cost=37744.77..37798.49 rows=10745 width=121)
	  ->  Sort  (cost=37744.77..37771.63 rows=10745 width=121)
	        Sort Key: c
	        ->  Bitmap Heap Scan on sbtest7  (cost=322.57..37025.31 rows=10745 width=121)
	              Recheck Cond: ((id >= 1669102) AND (id <= 1679101))
	              ->  Bitmap Index Scan on sbtest7_pkey  (cost=0.00..319.88 rows=10745 width=0)
	                    Index Cond: ((id >= 1669102) AND (id <= 1679101))

table 8 : explain SELECT DISTINCT c FROM sbtest8 WHERE id BETWEEN 3689885 AND 3699884 ORDER BY c
	Unique  (cost=36401.24..36452.87 rows=10327 width=121)
	  ->  Sort  (cost=36401.24..36427.05 rows=10327 width=121)
	        Sort Key: c
	        ->  Bitmap Heap Scan on sbtest8  (cost=310.29..35712.73 rows=10327 width=121)
	              Recheck Cond: ((id >= 3689885) AND (id <= 3699884))
	              ->  Bitmap Index Scan on sbtest8_pkey  (cost=0.00..307.70 rows=10327 width=0)
	                    Index Cond: ((id >= 3689885) AND (id <= 3699884))

for: sum_ranges
table 1 : explain SELECT SUM(k) FROM sbtest1 WHERE id BETWEEN 2367950 AND 2377949
	Aggregate  (cost=34866.21..34866.22 rows=1 width=8)
	  ->  Bitmap Heap Scan on sbtest1  (cost=295.49..34841.08 rows=10054 width=4)
	        Recheck Cond: ((id >= 2367950) AND (id <= 2377949))
	        ->  Bitmap Index Scan on sbtest1_pkey  (cost=0.00..292.98 rows=10054 width=0)
	              Index Cond: ((id >= 2367950) AND (id <= 2377949))

table 2 : explain SELECT SUM(k) FROM sbtest2 WHERE id BETWEEN 8776477 AND 8786476
	Aggregate  (cost=35294.09..35294.10 rows=1 width=8)
	  ->  Bitmap Heap Scan on sbtest2  (cost=304.85..35268.62 rows=10187 width=4)
	        Recheck Cond: ((id >= 8776477) AND (id <= 8786476))
	        ->  Bitmap Index Scan on sbtest2_pkey  (cost=0.00..302.31 rows=10187 width=0)
	              Index Cond: ((id >= 8776477) AND (id <= 8786476))

table 3 : explain SELECT SUM(k) FROM sbtest3 WHERE id BETWEEN 3571869 AND 3581868
	Aggregate  (cost=36009.30..36009.31 rows=1 width=8)
	  ->  Bitmap Heap Scan on sbtest3  (cost=307.23..35983.25 rows=10419 width=4)
	        Recheck Cond: ((id >= 3571869) AND (id <= 3581868))
	        ->  Bitmap Index Scan on sbtest3_pkey  (cost=0.00..304.62 rows=10419 width=0)
	              Index Cond: ((id >= 3571869) AND (id <= 3581868))

table 4 : explain SELECT SUM(k) FROM sbtest4 WHERE id BETWEEN 3977836 AND 3987835
	Aggregate  (cost=36469.47..36469.48 rows=1 width=8)
	  ->  Bitmap Heap Scan on sbtest4  (cost=312.65..36443.08 rows=10558 width=4)
	        Recheck Cond: ((id >= 3977836) AND (id <= 3987835))
	        ->  Bitmap Index Scan on sbtest4_pkey  (cost=0.00..310.01 rows=10558 width=0)
	              Index Cond: ((id >= 3977836) AND (id <= 3987835))

table 5 : explain SELECT SUM(k) FROM sbtest5 WHERE id BETWEEN 9839099 AND 9849098
	Aggregate  (cost=33777.12..33777.13 rows=1 width=8)
	  ->  Bitmap Heap Scan on sbtest5  (cost=287.94..33752.85 rows=9708 width=4)
	        Recheck Cond: ((id >= 9839099) AND (id <= 9849098))
	        ->  Bitmap Index Scan on sbtest5_pkey  (cost=0.00..285.51 rows=9708 width=0)
	              Index Cond: ((id >= 9839099) AND (id <= 9849098))

table 6 : explain SELECT SUM(k) FROM sbtest6 WHERE id BETWEEN 5738957 AND 5748956
	Aggregate  (cost=33634.40..33634.41 rows=1 width=8)
	  ->  Bitmap Heap Scan on sbtest6  (cost=291.51..33610.23 rows=9666 width=4)
	        Recheck Cond: ((id >= 5738957) AND (id <= 5748956))
	        ->  Bitmap Index Scan on sbtest6_pkey  (cost=0.00..289.09 rows=9666 width=0)
	              Index Cond: ((id >= 5738957) AND (id <= 5748956))

table 7 : explain SELECT SUM(k) FROM sbtest7 WHERE id BETWEEN 3625588 AND 3635587
	Aggregate  (cost=34178.73..34178.74 rows=1 width=8)
	  ->  Bitmap Heap Scan on sbtest7  (cost=293.23..34154.15 rows=9834 width=4)
	        Recheck Cond: ((id >= 3625588) AND (id <= 3635587))
	        ->  Bitmap Index Scan on sbtest7_pkey  (cost=0.00..290.78 rows=9834 width=0)
	              Index Cond: ((id >= 3625588) AND (id <= 3635587))

table 8 : explain SELECT SUM(k) FROM sbtest8 WHERE id BETWEEN 4964972 AND 4974971
	Aggregate  (cost=35978.25..35978.26 rows=1 width=8)
	  ->  Bitmap Heap Scan on sbtest8  (cost=315.07..35952.24 rows=10403 width=4)
	        Recheck Cond: ((id >= 4964972) AND (id <= 4974971))
	        ->  Bitmap Index Scan on sbtest8_pkey  (cost=0.00..312.46 rows=10403 width=0)
	              Index Cond: ((id >= 4964972) AND (id <= 4974971))

for point_selects
table 1 : explain SELECT c FROM sbtest1 WHERE id=9847831
	Index Scan using sbtest1_pkey on sbtest1  (cost=0.43..8.45 rows=1 width=121)
	  Index Cond: (id = 9847831)

table 2 : explain SELECT c FROM sbtest2 WHERE id=4311821
	Index Scan using sbtest2_pkey on sbtest2  (cost=0.43..8.45 rows=1 width=121)
	  Index Cond: (id = 4311821)

table 3 : explain SELECT c FROM sbtest3 WHERE id=2721614
	Index Scan using sbtest3_pkey on sbtest3  (cost=0.43..8.45 rows=1 width=121)
	  Index Cond: (id = 2721614)

table 4 : explain SELECT c FROM sbtest4 WHERE id=1065603
	Index Scan using sbtest4_pkey on sbtest4  (cost=0.43..8.45 rows=1 width=121)
	  Index Cond: (id = 1065603)

table 5 : explain SELECT c FROM sbtest5 WHERE id=6332359
	Index Scan using sbtest5_pkey on sbtest5  (cost=0.43..8.45 rows=1 width=121)
	  Index Cond: (id = 6332359)

table 6 : explain SELECT c FROM sbtest6 WHERE id=8066392
	Index Scan using sbtest6_pkey on sbtest6  (cost=0.43..8.45 rows=1 width=121)
	  Index Cond: (id = 8066392)

table 7 : explain SELECT c FROM sbtest7 WHERE id=6482307
	Index Scan using sbtest7_pkey on sbtest7  (cost=0.43..8.45 rows=1 width=121)
	  Index Cond: (id = 6482307)

table 8 : explain SELECT c FROM sbtest8 WHERE id=2780801
	Index Scan using sbtest8_pkey on sbtest8  (cost=0.43..8.45 rows=1 width=121)
	  Index Cond: (id = 2780801)

for point_selects
table 1 : explain SELECT c FROM sbtest1 WHERE id=9170221
	Index Scan using sbtest1_pkey on sbtest1  (cost=0.43..8.45 rows=1 width=121)
	  Index Cond: (id = 9170221)

table 2 : explain SELECT c FROM sbtest2 WHERE id=8237154
	Index Scan using sbtest2_pkey on sbtest2  (cost=0.43..8.45 rows=1 width=121)
	  Index Cond: (id = 8237154)

table 3 : explain SELECT c FROM sbtest3 WHERE id=3546816
	Index Scan using sbtest3_pkey on sbtest3  (cost=0.43..8.45 rows=1 width=121)
	  Index Cond: (id = 3546816)

table 4 : explain SELECT c FROM sbtest4 WHERE id=7722621
	Index Scan using sbtest4_pkey on sbtest4  (cost=0.43..8.45 rows=1 width=121)
	  Index Cond: (id = 7722621)

table 5 : explain SELECT c FROM sbtest5 WHERE id=8535389
	Index Scan using sbtest5_pkey on sbtest5  (cost=0.43..8.45 rows=1 width=121)
	  Index Cond: (id = 8535389)

table 6 : explain SELECT c FROM sbtest6 WHERE id=7702129
	Index Scan using sbtest6_pkey on sbtest6  (cost=0.43..8.45 rows=1 width=121)
	  Index Cond: (id = 7702129)

table 7 : explain SELECT c FROM sbtest7 WHERE id=8609102
	Index Scan using sbtest7_pkey on sbtest7  (cost=0.43..8.45 rows=1 width=121)
	  Index Cond: (id = 8609102)

table 8 : explain SELECT c FROM sbtest8 WHERE id=3042993
	Index Scan using sbtest8_pkey on sbtest8  (cost=0.43..8.45 rows=1 width=121)
	  Index Cond: (id = 3042993)

for point_selects
table 1 : explain SELECT c FROM sbtest1 WHERE id=139242
	Index Scan using sbtest1_pkey on sbtest1  (cost=0.43..8.45 rows=1 width=121)
	  Index Cond: (id = 139242)

table 2 : explain SELECT c FROM sbtest2 WHERE id=9564201
	Index Scan using sbtest2_pkey on sbtest2  (cost=0.43..8.45 rows=1 width=121)
	  Index Cond: (id = 9564201)

table 3 : explain SELECT c FROM sbtest3 WHERE id=6652923
	Index Scan using sbtest3_pkey on sbtest3  (cost=0.43..8.45 rows=1 width=121)
	  Index Cond: (id = 6652923)

table 4 : explain SELECT c FROM sbtest4 WHERE id=8439182
	Index Scan using sbtest4_pkey on sbtest4  (cost=0.43..8.45 rows=1 width=121)
	  Index Cond: (id = 8439182)

table 5 : explain SELECT c FROM sbtest5 WHERE id=3314254
	Index Scan using sbtest5_pkey on sbtest5  (cost=0.43..8.45 rows=1 width=121)
	  Index Cond: (id = 3314254)

table 6 : explain SELECT c FROM sbtest6 WHERE id=1321973
	Index Scan using sbtest6_pkey on sbtest6  (cost=0.43..8.45 rows=1 width=121)
	  Index Cond: (id = 1321973)

table 7 : explain SELECT c FROM sbtest7 WHERE id=3787843
	Index Scan using sbtest7_pkey on sbtest7  (cost=0.43..8.45 rows=1 width=121)
	  Index Cond: (id = 3787843)

table 8 : explain SELECT c FROM sbtest8 WHERE id=937212
	Index Scan using sbtest8_pkey on sbtest8  (cost=0.43..8.45 rows=1 width=121)
	  Index Cond: (id = 937212)

for: sum_ranges
table 1 : explain SELECT SUM(k) FROM sbtest1 WHERE id BETWEEN 7146072 AND 7156071
	Aggregate  (cost=34739.07..34739.08 rows=1 width=8)
	  ->  Bitmap Heap Scan on sbtest1  (cost=291.09..34714.03 rows=10015 width=4)
	        Recheck Cond: ((id >= 7146072) AND (id <= 7156071))
	        ->  Bitmap Index Scan on sbtest1_pkey  (cost=0.00..288.58 rows=10015 width=0)
	              Index Cond: ((id >= 7146072) AND (id <= 7156071))

table 2 : explain SELECT SUM(k) FROM sbtest2 WHERE id BETWEEN 3667640 AND 3677639
	Aggregate  (cost=37137.35..37137.36 rows=1 width=8)
	  ->  Bitmap Heap Scan on sbtest2  (cost=322.86..37110.41 rows=10773 width=4)
	        Recheck Cond: ((id >= 3667640) AND (id <= 3677639))
	        ->  Bitmap Index Scan on sbtest2_pkey  (cost=0.00..320.17 rows=10773 width=0)
	              Index Cond: ((id >= 3667640) AND (id <= 3677639))

table 3 : explain SELECT SUM(k) FROM sbtest3 WHERE id BETWEEN 737407 AND 747406
	Aggregate  (cost=32656.10..32656.11 rows=1 width=8)
	  ->  Bitmap Heap Scan on sbtest3  (cost=276.38..32632.70 rows=9360 width=4)
	        Recheck Cond: ((id >= 737407) AND (id <= 747406))
	        ->  Bitmap Index Scan on sbtest3_pkey  (cost=0.00..274.04 rows=9360 width=0)
	              Index Cond: ((id >= 737407) AND (id <= 747406))

table 4 : explain SELECT SUM(k) FROM sbtest4 WHERE id BETWEEN 7547218 AND 7557217
	Aggregate  (cost=35713.58..35713.59 rows=1 width=8)
	  ->  Bitmap Heap Scan on sbtest4  (cost=306.18..35687.79 rows=10317 width=4)
	        Recheck Cond: ((id >= 7547218) AND (id <= 7557217))
	        ->  Bitmap Index Scan on sbtest4_pkey  (cost=0.00..303.61 rows=10317 width=0)
	              Index Cond: ((id >= 7547218) AND (id <= 7557217))

table 5 : explain SELECT SUM(k) FROM sbtest5 WHERE id BETWEEN 7655165 AND 7665164
	Aggregate  (cost=33372.62..33372.63 rows=1 width=8)
	  ->  Bitmap Heap Scan on sbtest5  (cost=282.65..33348.66 rows=9582 width=4)
	        Recheck Cond: ((id >= 7655165) AND (id <= 7665164))
	        ->  Bitmap Index Scan on sbtest5_pkey  (cost=0.00..280.25 rows=9582 width=0)
	              Index Cond: ((id >= 7655165) AND (id <= 7665164))

table 6 : explain SELECT SUM(k) FROM sbtest6 WHERE id BETWEEN 3674139 AND 3684138
	Aggregate  (cost=33924.56..33924.57 rows=1 width=8)
	  ->  Bitmap Heap Scan on sbtest6  (cost=296.43..33900.17 rows=9756 width=4)
	        Recheck Cond: ((id >= 3674139) AND (id <= 3684138))
	        ->  Bitmap Index Scan on sbtest6_pkey  (cost=0.00..294.00 rows=9756 width=0)
	              Index Cond: ((id >= 3674139) AND (id <= 3684138))

table 7 : explain SELECT SUM(k) FROM sbtest7 WHERE id BETWEEN 4089376 AND 4099375
	Aggregate  (cost=36733.00..36733.01 rows=1 width=8)
	  ->  Bitmap Heap Scan on sbtest7  (cost=317.54..36706.39 rows=10644 width=4)
	        Recheck Cond: ((id >= 4089376) AND (id <= 4099375))
	        ->  Bitmap Index Scan on sbtest7_pkey  (cost=0.00..314.88 rows=10644 width=0)
	              Index Cond: ((id >= 4089376) AND (id <= 4099375))

table 8 : explain SELECT SUM(k) FROM sbtest8 WHERE id BETWEEN 4404151 AND 4414150
	Aggregate  (cost=35304.62..35304.63 rows=1 width=8)
	  ->  Bitmap Heap Scan on sbtest8  (cost=304.88..35279.15 rows=10190 width=4)
	        Recheck Cond: ((id >= 4404151) AND (id <= 4414150))
	        ->  Bitmap Index Scan on sbtest8_pkey  (cost=0.00..302.33 rows=10190 width=0)
	              Index Cond: ((id >= 4404151) AND (id <= 4414150))

for: sum_ranges
table 1 : explain SELECT SUM(k) FROM sbtest1 WHERE id BETWEEN 9612393 AND 9622392
	Aggregate  (cost=36244.42..36244.43 rows=1 width=8)
	  ->  Bitmap Heap Scan on sbtest1  (cost=307.98..36218.19 rows=10492 width=4)
	        Recheck Cond: ((id >= 9612393) AND (id <= 9622392))
	        ->  Bitmap Index Scan on sbtest1_pkey  (cost=0.00..305.36 rows=10492 width=0)
	              Index Cond: ((id >= 9612393) AND (id <= 9622392))

table 2 : explain SELECT SUM(k) FROM sbtest2 WHERE id BETWEEN 8809801 AND 8819800
	Aggregate  (cost=34303.99..34304.00 rows=1 width=8)
	  ->  Bitmap Heap Scan on sbtest2  (cost=293.64..34279.31 rows=9874 width=4)
	        Recheck Cond: ((id >= 8809801) AND (id <= 8819800))
	        ->  Bitmap Index Scan on sbtest2_pkey  (cost=0.00..291.18 rows=9874 width=0)
	              Index Cond: ((id >= 8809801) AND (id <= 8819800))

table 3 : explain SELECT SUM(k) FROM sbtest3 WHERE id BETWEEN 3378807 AND 3388806
	Aggregate  (cost=34374.07..34374.08 rows=1 width=8)
	  ->  Bitmap Heap Scan on sbtest3  (cost=293.91..34349.32 rows=9900 width=4)
	        Recheck Cond: ((id >= 3378807) AND (id <= 3388806))
	        ->  Bitmap Index Scan on sbtest3_pkey  (cost=0.00..291.44 rows=9900 width=0)
	              Index Cond: ((id >= 3378807) AND (id <= 3388806))

table 4 : explain SELECT SUM(k) FROM sbtest4 WHERE id BETWEEN 8065748 AND 8075747
	Aggregate  (cost=34257.16..34257.17 rows=1 width=8)
	  ->  Bitmap Heap Scan on sbtest4  (cost=293.46..34232.52 rows=9856 width=4)
	        Recheck Cond: ((id >= 8065748) AND (id <= 8075747))
	        ->  Bitmap Index Scan on sbtest4_pkey  (cost=0.00..291.00 rows=9856 width=0)
	              Index Cond: ((id >= 8065748) AND (id <= 8075747))

table 5 : explain SELECT SUM(k) FROM sbtest5 WHERE id BETWEEN 7907211 AND 7917210
	Aggregate  (cost=35193.50..35193.51 rows=1 width=8)
	  ->  Bitmap Heap Scan on sbtest5  (cost=300.53..35168.11 rows=10156 width=4)
	        Recheck Cond: ((id >= 7907211) AND (id <= 7917210))
	        ->  Bitmap Index Scan on sbtest5_pkey  (cost=0.00..298.00 rows=10156 width=0)
	              Index Cond: ((id >= 7907211) AND (id <= 7917210))

table 6 : explain SELECT SUM(k) FROM sbtest6 WHERE id BETWEEN 8819770 AND 8829769
	Aggregate  (cost=34671.83..34671.84 rows=1 width=8)
	  ->  Bitmap Heap Scan on sbtest6  (cost=302.85..34646.85 rows=9992 width=4)
	        Recheck Cond: ((id >= 8819770) AND (id <= 8829769))
	        ->  Bitmap Index Scan on sbtest6_pkey  (cost=0.00..300.36 rows=9992 width=0)
	              Index Cond: ((id >= 8819770) AND (id <= 8829769))

table 7 : explain SELECT SUM(k) FROM sbtest7 WHERE id BETWEEN 8333049 AND 8343048
	Aggregate  (cost=34029.25..34029.26 rows=1 width=8)
	  ->  Bitmap Heap Scan on sbtest7  (cost=292.75..34004.78 rows=9787 width=4)
	        Recheck Cond: ((id >= 8333049) AND (id <= 8343048))
	        ->  Bitmap Index Scan on sbtest7_pkey  (cost=0.00..290.31 rows=9787 width=0)
	              Index Cond: ((id >= 8333049) AND (id <= 8343048))

table 8 : explain SELECT SUM(k) FROM sbtest8 WHERE id BETWEEN 1693976 AND 1703975
	Aggregate  (cost=34071.63..34071.64 rows=1 width=8)
	  ->  Bitmap Heap Scan on sbtest8  (cost=296.87..34047.13 rows=9799 width=4)
	        Recheck Cond: ((id >= 1693976) AND (id <= 1703975))
	        ->  Bitmap Index Scan on sbtest8_pkey  (cost=0.00..294.43 rows=9799 width=0)
	              Index Cond: ((id >= 1693976) AND (id <= 1703975))

for: simple_ranges
table 1 : explain SELECT c FROM sbtest1 WHERE id BETWEEN 3413647 AND 3423646
	Bitmap Heap Scan on sbtest1  (cost=314.45..36974.75 rows=10733 width=121)
	  Recheck Cond: ((id >= 3413647) AND (id <= 3423646))
	  ->  Bitmap Index Scan on sbtest1_pkey  (cost=0.00..311.76 rows=10733 width=0)
	        Index Cond: ((id >= 3413647) AND (id <= 3423646))

table 2 : explain SELECT c FROM sbtest2 WHERE id BETWEEN 6168371 AND 6178370
	Bitmap Heap Scan on sbtest2  (cost=312.16..36282.50 rows=10510 width=121)
	  Recheck Cond: ((id >= 6168371) AND (id <= 6178370))
	  ->  Bitmap Index Scan on sbtest2_pkey  (cost=0.00..309.54 rows=10510 width=0)
	        Index Cond: ((id >= 6168371) AND (id <= 6178370))

table 3 : explain SELECT c FROM sbtest3 WHERE id BETWEEN 4295424 AND 4305423
	Bitmap Heap Scan on sbtest3  (cost=282.52..33298.40 rows=9569 width=121)
	  Recheck Cond: ((id >= 4295424) AND (id <= 4305423))
	  ->  Bitmap Index Scan on sbtest3_pkey  (cost=0.00..280.12 rows=9569 width=0)
	        Index Cond: ((id >= 4295424) AND (id <= 4305423))

table 4 : explain SELECT c FROM sbtest4 WHERE id BETWEEN 9281742 AND 9291741
	Bitmap Heap Scan on sbtest4  (cost=287.81..33718.32 rows=9695 width=121)
	  Recheck Cond: ((id >= 9281742) AND (id <= 9291741))
	  ->  Bitmap Index Scan on sbtest4_pkey  (cost=0.00..285.38 rows=9695 width=0)
	        Index Cond: ((id >= 9281742) AND (id <= 9291741))

table 5 : explain SELECT c FROM sbtest5 WHERE id BETWEEN 4368022 AND 4378021
	Bitmap Heap Scan on sbtest5  (cost=281.41..32967.40 rows=9461 width=121)
	  Recheck Cond: ((id >= 4368022) AND (id <= 4378021))
	  ->  Bitmap Index Scan on sbtest5_pkey  (cost=0.00..279.05 rows=9461 width=0)
	        Index Cond: ((id >= 4368022) AND (id <= 4378021))

table 6 : explain SELECT c FROM sbtest6 WHERE id BETWEEN 622349 AND 632348
	Bitmap Heap Scan on sbtest6  (cost=283.94..32504.95 rows=9318 width=121)
	  Recheck Cond: ((id >= 622349) AND (id <= 632348))
	  ->  Bitmap Index Scan on sbtest6_pkey  (cost=0.00..281.62 rows=9318 width=0)
	        Index Cond: ((id >= 622349) AND (id <= 632348))

table 7 : explain SELECT c FROM sbtest7 WHERE id BETWEEN 2264620 AND 2274619
	Bitmap Heap Scan on sbtest7  (cost=299.09..34725.67 rows=10015 width=121)
	  Recheck Cond: ((id >= 2264620) AND (id <= 2274619))
	  ->  Bitmap Index Scan on sbtest7_pkey  (cost=0.00..296.58 rows=10015 width=0)
	        Index Cond: ((id >= 2264620) AND (id <= 2274619))

table 8 : explain SELECT c FROM sbtest8 WHERE id BETWEEN 682781 AND 692780
	Bitmap Heap Scan on sbtest8  (cost=298.37..34507.89 rows=9945 width=121)
	  Recheck Cond: ((id >= 682781) AND (id <= 692780))
	  ->  Bitmap Index Scan on sbtest8_pkey  (cost=0.00..295.88 rows=9945 width=0)
	        Index Cond: ((id >= 682781) AND (id <= 692780))

for: sum_ranges
table 1 : explain SELECT SUM(k) FROM sbtest1 WHERE id BETWEEN 483456 AND 493455
	Aggregate  (cost=31631.95..31631.96 rows=1 width=8)
	  ->  Bitmap Heap Scan on sbtest1  (cost=265.07..31609.36 rows=9038 width=4)
	        Recheck Cond: ((id >= 483456) AND (id <= 493455))
	        ->  Bitmap Index Scan on sbtest1_pkey  (cost=0.00..262.81 rows=9038 width=0)
	              Index Cond: ((id >= 483456) AND (id <= 493455))

table 2 : explain SELECT SUM(k) FROM sbtest2 WHERE id BETWEEN 1108345 AND 1118344
	Aggregate  (cost=32536.60..32536.61 rows=1 width=8)
	  ->  Bitmap Heap Scan on sbtest2  (cost=279.94..32513.30 rows=9318 width=4)
	        Recheck Cond: ((id >= 1108345) AND (id <= 1118344))
	        ->  Bitmap Index Scan on sbtest2_pkey  (cost=0.00..277.62 rows=9318 width=0)
	              Index Cond: ((id >= 1108345) AND (id <= 1118344))

table 3 : explain SELECT SUM(k) FROM sbtest3 WHERE id BETWEEN 202255 AND 212254
	Aggregate  (cost=34077.84..34077.85 rows=1 width=8)
	  ->  Bitmap Heap Scan on sbtest3  (cost=288.96..34053.33 rows=9807 width=4)
	        Recheck Cond: ((id >= 202255) AND (id <= 212254))
	        ->  Bitmap Index Scan on sbtest3_pkey  (cost=0.00..286.50 rows=9807 width=0)
	              Index Cond: ((id >= 202255) AND (id <= 212254))

table 4 : explain SELECT SUM(k) FROM sbtest4 WHERE id BETWEEN 9307776 AND 9317775
	Aggregate  (cost=33742.56..33742.57 rows=1 width=8)
	  ->  Bitmap Heap Scan on sbtest4  (cost=287.81..33718.32 rows=9695 width=4)
	        Recheck Cond: ((id >= 9307776) AND (id <= 9317775))
	        ->  Bitmap Index Scan on sbtest4_pkey  (cost=0.00..285.38 rows=9695 width=0)
	              Index Cond: ((id >= 9307776) AND (id <= 9317775))

table 5 : explain SELECT SUM(k) FROM sbtest5 WHERE id BETWEEN 5593572 AND 5603571
	Aggregate  (cost=30795.63..30795.64 rows=1 width=8)
	  ->  Bitmap Heap Scan on sbtest5  (cost=258.40..30773.69 rows=8777 width=4)
	        Recheck Cond: ((id >= 5593572) AND (id <= 5603571))
	        ->  Bitmap Index Scan on sbtest5_pkey  (cost=0.00..256.20 rows=8777 width=0)
	              Index Cond: ((id >= 5593572) AND (id <= 5603571))

table 6 : explain SELECT SUM(k) FROM sbtest6 WHERE id BETWEEN 8770061 AND 8780060
	Aggregate  (cost=33204.53..33204.54 rows=1 width=8)
	  ->  Bitmap Heap Scan on sbtest6  (cost=290.12..33180.70 rows=9530 width=4)
	        Recheck Cond: ((id >= 8770061) AND (id <= 8780060))
	        ->  Bitmap Index Scan on sbtest6_pkey  (cost=0.00..287.74 rows=9530 width=0)
	              Index Cond: ((id >= 8770061) AND (id <= 8780060))

table 7 : explain SELECT SUM(k) FROM sbtest7 WHERE id BETWEEN 9752444 AND 9762443
	Aggregate  (cost=34328.89..34328.90 rows=1 width=8)
	  ->  Bitmap Heap Scan on sbtest7  (cost=297.71..34304.19 rows=9880 width=4)
	        Recheck Cond: ((id >= 9752444) AND (id <= 9762443))
	        ->  Bitmap Index Scan on sbtest7_pkey  (cost=0.00..295.24 rows=9880 width=0)
	              Index Cond: ((id >= 9752444) AND (id <= 9762443))

table 8 : explain SELECT SUM(k) FROM sbtest8 WHERE id BETWEEN 3385299 AND 3395298
	Aggregate  (cost=33442.83..33442.84 rows=1 width=8)
	  ->  Bitmap Heap Scan on sbtest8  (cost=290.85..33418.82 rows=9601 width=4)
	        Recheck Cond: ((id >= 3385299) AND (id <= 3395298))
	        ->  Bitmap Index Scan on sbtest8_pkey  (cost=0.00..288.44 rows=9601 width=0)
	              Index Cond: ((id >= 3385299) AND (id <= 3395298))

for: simple_ranges
table 1 : explain SELECT c FROM sbtest1 WHERE id BETWEEN 383272 AND 393271
	Bitmap Heap Scan on sbtest1  (cost=302.19..35672.54 rows=10318 width=121)
	  Recheck Cond: ((id >= 383272) AND (id <= 393271))
	  ->  Bitmap Index Scan on sbtest1_pkey  (cost=0.00..299.62 rows=10318 width=0)
	        Index Cond: ((id >= 383272) AND (id <= 393271))

table 2 : explain SELECT c FROM sbtest2 WHERE id BETWEEN 5167825 AND 5177824
	Bitmap Heap Scan on sbtest2  (cost=293.26..34162.48 rows=9837 width=121)
	  Recheck Cond: ((id >= 5167825) AND (id <= 5177824))
	  ->  Bitmap Index Scan on sbtest2_pkey  (cost=0.00..290.81 rows=9837 width=0)
	        Index Cond: ((id >= 5167825) AND (id <= 5177824))

table 3 : explain SELECT c FROM sbtest3 WHERE id BETWEEN 7595619 AND 7605618
	Bitmap Heap Scan on sbtest3  (cost=281.12..32868.32 rows=9433 width=121)
	  Recheck Cond: ((id >= 7595619) AND (id <= 7605618))
	  ->  Bitmap Index Scan on sbtest3_pkey  (cost=0.00..278.76 rows=9433 width=0)
	        Index Cond: ((id >= 7595619) AND (id <= 7605618))

table 4 : explain SELECT c FROM sbtest4 WHERE id BETWEEN 1919814 AND 1929813
	Bitmap Heap Scan on sbtest4  (cost=287.88..33741.08 rows=9702 width=121)
	  Recheck Cond: ((id >= 1919814) AND (id <= 1929813))
	  ->  Bitmap Index Scan on sbtest4_pkey  (cost=0.00..285.45 rows=9702 width=0)
	        Index Cond: ((id >= 1919814) AND (id <= 1929813))

table 5 : explain SELECT c FROM sbtest5 WHERE id BETWEEN 5331526 AND 5341525
	Bitmap Heap Scan on sbtest5  (cost=306.99..35924.51 rows=10396 width=121)
	  Recheck Cond: ((id >= 5331526) AND (id <= 5341525))
	  ->  Bitmap Index Scan on sbtest5_pkey  (cost=0.00..304.40 rows=10396 width=0)
	        Index Cond: ((id >= 5331526) AND (id <= 5341525))

table 6 : explain SELECT c FROM sbtest6 WHERE id BETWEEN 5015737 AND 5025736
	Bitmap Heap Scan on sbtest6  (cost=290.16..33193.73 rows=9534 width=121)
	  Recheck Cond: ((id >= 5015737) AND (id <= 5025736))
	  ->  Bitmap Index Scan on sbtest6_pkey  (cost=0.00..287.78 rows=9534 width=0)
	        Index Cond: ((id >= 5015737) AND (id <= 5025736))

table 7 : explain SELECT c FROM sbtest7 WHERE id BETWEEN 3665118 AND 3675117
	Bitmap Heap Scan on sbtest7  (cost=310.87..35890.85 rows=10384 width=121)
	  Recheck Cond: ((id >= 3665118) AND (id <= 3675117))
	  ->  Bitmap Index Scan on sbtest7_pkey  (cost=0.00..308.28 rows=10384 width=0)
	        Index Cond: ((id >= 3665118) AND (id <= 3675117))

table 8 : explain SELECT c FROM sbtest8 WHERE id BETWEEN 4215683 AND 4225682
	Bitmap Heap Scan on sbtest8  (cost=292.53..33935.94 rows=9765 width=121)
	  Recheck Cond: ((id >= 4215683) AND (id <= 4225682))
	  ->  Bitmap Index Scan on sbtest8_pkey  (cost=0.00..290.08 rows=9765 width=0)
	        Index Cond: ((id >= 4215683) AND (id <= 4225682))

for point_selects
table 1 : explain SELECT c FROM sbtest1 WHERE id=6464362
	Index Scan using sbtest1_pkey on sbtest1  (cost=0.43..8.45 rows=1 width=121)
	  Index Cond: (id = 6464362)

table 2 : explain SELECT c FROM sbtest2 WHERE id=9834205
	Index Scan using sbtest2_pkey on sbtest2  (cost=0.43..8.45 rows=1 width=121)
	  Index Cond: (id = 9834205)

table 3 : explain SELECT c FROM sbtest3 WHERE id=18335
	Index Scan using sbtest3_pkey on sbtest3  (cost=0.43..8.45 rows=1 width=121)
	  Index Cond: (id = 18335)

table 4 : explain SELECT c FROM sbtest4 WHERE id=233670
	Index Scan using sbtest4_pkey on sbtest4  (cost=0.43..8.45 rows=1 width=121)
	  Index Cond: (id = 233670)

table 5 : explain SELECT c FROM sbtest5 WHERE id=3220081
	Index Scan using sbtest5_pkey on sbtest5  (cost=0.43..8.45 rows=1 width=121)
	  Index Cond: (id = 3220081)

table 6 : explain SELECT c FROM sbtest6 WHERE id=4962773
	Index Scan using sbtest6_pkey on sbtest6  (cost=0.43..8.45 rows=1 width=121)
	  Index Cond: (id = 4962773)

table 7 : explain SELECT c FROM sbtest7 WHERE id=9907273
	Index Scan using sbtest7_pkey on sbtest7  (cost=0.43..8.45 rows=1 width=121)
	  Index Cond: (id = 9907273)

table 8 : explain SELECT c FROM sbtest8 WHERE id=3014515
	Index Scan using sbtest8_pkey on sbtest8  (cost=0.43..8.45 rows=1 width=121)
	  Index Cond: (id = 3014515)

for: order_ranges
table 1 : explain SELECT c FROM sbtest1 WHERE id BETWEEN 387408 AND 397407 ORDER BY c
	Sort  (cost=36360.39..36386.18 rows=10318 width=121)
	  Sort Key: c
	  ->  Bitmap Heap Scan on sbtest1  (cost=302.19..35672.54 rows=10318 width=121)
	        Recheck Cond: ((id >= 387408) AND (id <= 397407))
	        ->  Bitmap Index Scan on sbtest1_pkey  (cost=0.00..299.62 rows=10318 width=0)
	              Index Cond: ((id >= 387408) AND (id <= 397407))

table 2 : explain SELECT c FROM sbtest2 WHERE id BETWEEN 4056745 AND 4066744 ORDER BY c
	Sort  (cost=33097.58..33120.85 rows=9309 width=121)
	  Sort Key: c
	  ->  Bitmap Heap Scan on sbtest2  (cost=279.85..32483.91 rows=9309 width=121)
	        Recheck Cond: ((id >= 4056745) AND (id <= 4066744))
	        ->  Bitmap Index Scan on sbtest2_pkey  (cost=0.00..277.53 rows=9309 width=0)
	              Index Cond: ((id >= 4056745) AND (id <= 4066744))

table 3 : explain SELECT c FROM sbtest3 WHERE id BETWEEN 7660433 AND 7670432 ORDER BY c
	Sort  (cost=37598.89..37625.65 rows=10705 width=121)
	  Sort Key: c
	  ->  Bitmap Heap Scan on sbtest3  (cost=318.16..36882.41 rows=10705 width=121)
	        Recheck Cond: ((id >= 7660433) AND (id <= 7670432))
	        ->  Bitmap Index Scan on sbtest3_pkey  (cost=0.00..315.49 rows=10705 width=0)
	              Index Cond: ((id >= 7660433) AND (id <= 7670432))

table 4 : explain SELECT c FROM sbtest4 WHERE id BETWEEN 8419525 AND 8429524 ORDER BY c
	Sort  (cost=34946.14..34970.83 rows=9875 width=121)
	  Sort Key: c
	  ->  Bitmap Heap Scan on sbtest4  (cost=293.65..34290.96 rows=9875 width=121)
	        Recheck Cond: ((id >= 8419525) AND (id <= 8429524))
	        ->  Bitmap Index Scan on sbtest4_pkey  (cost=0.00..291.19 rows=9875 width=0)
	              Index Cond: ((id >= 8419525) AND (id <= 8429524))

table 5 : explain SELECT c FROM sbtest5 WHERE id BETWEEN 8077989 AND 8087988 ORDER BY c
	Sort  (cost=36128.53..36154.14 rows=10245 width=121)
	  Sort Key: c
	  ->  Bitmap Heap Scan on sbtest5  (cost=301.45..35446.08 rows=10245 width=121)
	        Recheck Cond: ((id >= 8077989) AND (id <= 8087988))
	        ->  Bitmap Index Scan on sbtest5_pkey  (cost=0.00..298.88 rows=10245 width=0)
	              Index Cond: ((id >= 8077989) AND (id <= 8087988))

table 6 : explain SELECT c FROM sbtest6 WHERE id BETWEEN 4009083 AND 4019082 ORDER BY c
	Sort  (cost=34749.28..34773.83 rows=9819 width=121)
	  Sort Key: c
	  ->  Bitmap Heap Scan on sbtest6  (cost=297.08..34098.21 rows=9819 width=121)
	        Recheck Cond: ((id >= 4009083) AND (id <= 4019082))
	        ->  Bitmap Index Scan on sbtest6_pkey  (cost=0.00..294.62 rows=9819 width=0)
	              Index Cond: ((id >= 4009083) AND (id <= 4019082))

table 7 : explain SELECT c FROM sbtest7 WHERE id BETWEEN 5492317 AND 5502316 ORDER BY c
	Sort  (cost=34287.55..34311.73 rows=9673 width=121)
	  Sort Key: c
	  ->  Bitmap Heap Scan on sbtest7  (cost=291.58..33647.21 rows=9673 width=121)
	        Recheck Cond: ((id >= 5492317) AND (id <= 5502316))
	        ->  Bitmap Index Scan on sbtest7_pkey  (cost=0.00..289.17 rows=9673 width=0)
	              Index Cond: ((id >= 5492317) AND (id <= 5502316))

table 8 : explain SELECT c FROM sbtest8 WHERE id BETWEEN 1735973 AND 1745972 ORDER BY c
	Sort  (cost=34696.73..34721.23 rows=9799 width=121)
	  Sort Key: c
	  ->  Bitmap Heap Scan on sbtest8  (cost=296.87..34047.13 rows=9799 width=121)
	        Recheck Cond: ((id >= 1735973) AND (id <= 1745972))
	        ->  Bitmap Index Scan on sbtest8_pkey  (cost=0.00..294.43 rows=9799 width=0)
	              Index Cond: ((id >= 1735973) AND (id <= 1745972))

for point_selects
table 1 : explain SELECT c FROM sbtest1 WHERE id=9410804
	Index Scan using sbtest1_pkey on sbtest1  (cost=0.43..8.45 rows=1 width=121)
	  Index Cond: (id = 9410804)

table 2 : explain SELECT c FROM sbtest2 WHERE id=7355212
	Index Scan using sbtest2_pkey on sbtest2  (cost=0.43..8.45 rows=1 width=121)
	  Index Cond: (id = 7355212)

table 3 : explain SELECT c FROM sbtest3 WHERE id=3446916
	Index Scan using sbtest3_pkey on sbtest3  (cost=0.43..8.45 rows=1 width=121)
	  Index Cond: (id = 3446916)

table 4 : explain SELECT c FROM sbtest4 WHERE id=9167725
	Index Scan using sbtest4_pkey on sbtest4  (cost=0.43..8.45 rows=1 width=121)
	  Index Cond: (id = 9167725)

table 5 : explain SELECT c FROM sbtest5 WHERE id=8135835
	Index Scan using sbtest5_pkey on sbtest5  (cost=0.43..8.45 rows=1 width=121)
	  Index Cond: (id = 8135835)

table 6 : explain SELECT c FROM sbtest6 WHERE id=9789879
	Index Scan using sbtest6_pkey on sbtest6  (cost=0.43..8.45 rows=1 width=121)
	  Index Cond: (id = 9789879)

table 7 : explain SELECT c FROM sbtest7 WHERE id=9245474
	Index Scan using sbtest7_pkey on sbtest7  (cost=0.43..8.45 rows=1 width=121)
	  Index Cond: (id = 9245474)

table 8 : explain SELECT c FROM sbtest8 WHERE id=3152056
	Index Scan using sbtest8_pkey on sbtest8  (cost=0.43..8.45 rows=1 width=121)
	  Index Cond: (id = 3152056)

for point_selects
table 1 : explain SELECT c FROM sbtest1 WHERE id=9681945
	Index Scan using sbtest1_pkey on sbtest1  (cost=0.43..8.45 rows=1 width=121)
	  Index Cond: (id = 9681945)

table 2 : explain SELECT c FROM sbtest2 WHERE id=722928
	Index Scan using sbtest2_pkey on sbtest2  (cost=0.43..8.45 rows=1 width=121)
	  Index Cond: (id = 722928)

table 3 : explain SELECT c FROM sbtest3 WHERE id=2231538
	Index Scan using sbtest3_pkey on sbtest3  (cost=0.43..8.45 rows=1 width=121)
	  Index Cond: (id = 2231538)

table 4 : explain SELECT c FROM sbtest4 WHERE id=2131955
	Index Scan using sbtest4_pkey on sbtest4  (cost=0.43..8.45 rows=1 width=121)
	  Index Cond: (id = 2131955)

table 5 : explain SELECT c FROM sbtest5 WHERE id=5477166
	Index Scan using sbtest5_pkey on sbtest5  (cost=0.43..8.45 rows=1 width=121)
	  Index Cond: (id = 5477166)

table 6 : explain SELECT c FROM sbtest6 WHERE id=1498993
	Index Scan using sbtest6_pkey on sbtest6  (cost=0.43..8.45 rows=1 width=121)
	  Index Cond: (id = 1498993)

table 7 : explain SELECT c FROM sbtest7 WHERE id=1602401
	Index Scan using sbtest7_pkey on sbtest7  (cost=0.43..8.45 rows=1 width=121)
	  Index Cond: (id = 1602401)

table 8 : explain SELECT c FROM sbtest8 WHERE id=3518965
	Index Scan using sbtest8_pkey on sbtest8  (cost=0.43..8.45 rows=1 width=121)
	  Index Cond: (id = 3518965)

for: simple_ranges
table 1 : explain SELECT c FROM sbtest1 WHERE id BETWEEN 1828265 AND 1838264
	Bitmap Heap Scan on sbtest1  (cost=277.72..33055.48 rows=9491 width=121)
	  Recheck Cond: ((id >= 1828265) AND (id <= 1838264))
	  ->  Bitmap Index Scan on sbtest1_pkey  (cost=0.00..275.34 rows=9491 width=0)
	        Index Cond: ((id >= 1828265) AND (id <= 1838264))

table 2 : explain SELECT c FROM sbtest2 WHERE id BETWEEN 4102430 AND 4112429
	Bitmap Heap Scan on sbtest2  (cost=279.85..32483.91 rows=9309 width=121)
	  Recheck Cond: ((id >= 4102430) AND (id <= 4112429))
	  ->  Bitmap Index Scan on sbtest2_pkey  (cost=0.00..277.53 rows=9309 width=0)
	        Index Cond: ((id >= 4102430) AND (id <= 4112429))

table 3 : explain SELECT c FROM sbtest3 WHERE id BETWEEN 975038 AND 985037
	Bitmap Heap Scan on sbtest3  (cost=276.89..32792.56 rows=9410 width=121)
	  Recheck Cond: ((id >= 975038) AND (id <= 985037))
	  ->  Bitmap Index Scan on sbtest3_pkey  (cost=0.00..274.54 rows=9410 width=0)
	        Index Cond: ((id >= 975038) AND (id <= 985037))

table 4 : explain SELECT c FROM sbtest4 WHERE id BETWEEN 9521646 AND 9531645
	Bitmap Heap Scan on sbtest4  (cost=325.51..37924.93 rows=11032 width=121)
	  Recheck Cond: ((id >= 9521646) AND (id <= 9531645))
	  ->  Bitmap Index Scan on sbtest4_pkey  (cost=0.00..322.75 rows=11032 width=0)
	        Index Cond: ((id >= 9521646) AND (id <= 9531645))

table 5 : explain SELECT c FROM sbtest5 WHERE id BETWEEN 5964 AND 15963
	Bitmap Heap Scan on sbtest5  (cost=294.91..34668.86 rows=9998 width=121)
	  Recheck Cond: ((id >= 5964) AND (id <= 15963))
	  ->  Bitmap Index Scan on sbtest5_pkey  (cost=0.00..292.42 rows=9998 width=0)
	        Index Cond: ((id >= 5964) AND (id <= 15963))

table 6 : explain SELECT c FROM sbtest6 WHERE id BETWEEN 8006844 AND 8016843
	Bitmap Heap Scan on sbtest6  (cost=284.22..32593.08 rows=9345 width=121)
	  Recheck Cond: ((id >= 8006844) AND (id <= 8016843))
	  ->  Bitmap Index Scan on sbtest6_pkey  (cost=0.00..281.88 rows=9345 width=0)
	        Index Cond: ((id >= 8006844) AND (id <= 8016843))

table 7 : explain SELECT c FROM sbtest7 WHERE id BETWEEN 3997887 AND 4007886
	Bitmap Heap Scan on sbtest7  (cost=299.75..34932.89 rows=10080 width=121)
	  Recheck Cond: ((id >= 3997887) AND (id <= 4007886))
	  ->  Bitmap Index Scan on sbtest7_pkey  (cost=0.00..297.24 rows=10080 width=0)
	        Index Cond: ((id >= 3997887) AND (id <= 4007886))

table 8 : explain SELECT c FROM sbtest8 WHERE id BETWEEN 6545256 AND 6555255
	Bitmap Heap Scan on sbtest8  (cost=303.28..34790.57 rows=10034 width=121)
	  Recheck Cond: ((id >= 6545256) AND (id <= 6555255))
	  ->  Bitmap Index Scan on sbtest8_pkey  (cost=0.00..300.78 rows=10034 width=0)
	        Index Cond: ((id >= 6545256) AND (id <= 6555255))

for: order_ranges
table 1 : explain SELECT c FROM sbtest1 WHERE id BETWEEN 6378781 AND 6388780 ORDER BY c
	Sort  (cost=37555.21..37581.93 rows=10690 width=121)
	  Sort Key: c
	  ->  Bitmap Heap Scan on sbtest1  (cost=314.01..36839.84 rows=10690 width=121)
	        Recheck Cond: ((id >= 6378781) AND (id <= 6388780))
	        ->  Bitmap Index Scan on sbtest1_pkey  (cost=0.00..311.33 rows=10690 width=0)
	              Index Cond: ((id >= 6378781) AND (id <= 6388780))

table 2 : explain SELECT c FROM sbtest2 WHERE id BETWEEN 1015439 AND 1025438 ORDER BY c
	Sort  (cost=33398.25..33421.76 rows=9402 width=121)
	  Sort Key: c
	  ->  Bitmap Heap Scan on sbtest2  (cost=280.81..32777.78 rows=9402 width=121)
	        Recheck Cond: ((id >= 1015439) AND (id <= 1025438))
	        ->  Bitmap Index Scan on sbtest2_pkey  (cost=0.00..278.45 rows=9402 width=0)
	              Index Cond: ((id >= 1015439) AND (id <= 1025438))

table 3 : explain SELECT c FROM sbtest3 WHERE id BETWEEN 8921505 AND 8931504 ORDER BY c
	Sort  (cost=33914.47..33938.38 rows=9564 width=121)
	  Sort Key: c
	  ->  Bitmap Heap Scan on sbtest3  (cost=282.47..33282.12 rows=9564 width=121)
	        Recheck Cond: ((id >= 8921505) AND (id <= 8931504))
	        ->  Bitmap Index Scan on sbtest3_pkey  (cost=0.00..280.07 rows=9564 width=0)
	              Index Cond: ((id >= 8921505) AND (id <= 8931504))

table 4 : explain SELECT c FROM sbtest4 WHERE id BETWEEN 5414321 AND 5424320 ORDER BY c
	Sort  (cost=40185.58..40214.36 rows=11510 width=121)
	  Sort Key: c
	  ->  Bitmap Heap Scan on sbtest4  (cost=342.41..39409.20 rows=11510 width=121)
	        Recheck Cond: ((id >= 5414321) AND (id <= 5424320))
	        ->  Bitmap Index Scan on sbtest4_pkey  (cost=0.00..339.54 rows=11510 width=0)
	              Index Cond: ((id >= 5414321) AND (id <= 5424320))

table 5 : explain SELECT c FROM sbtest5 WHERE id BETWEEN 6144310 AND 6154309 ORDER BY c
	Sort  (cost=42302.93..42333.39 rows=12185 width=121)
	  Sort Key: c
	  ->  Bitmap Heap Scan on sbtest5  (cost=361.33..41476.00 rows=12185 width=121)
	        Recheck Cond: ((id >= 6144310) AND (id <= 6154309))
	        ->  Bitmap Index Scan on sbtest5_pkey  (cost=0.00..358.29 rows=12185 width=0)
	              Index Cond: ((id >= 6144310) AND (id <= 6154309))

table 6 : explain SELECT c FROM sbtest6 WHERE id BETWEEN 9020391 AND 9030390 ORDER BY c
	Sort  (cost=37330.78..37357.33 rows=10620 width=121)
	  Sort Key: c
	  ->  Bitmap Heap Scan on sbtest6  (cost=321.29..36620.60 rows=10620 width=121)
	        Recheck Cond: ((id >= 9020391) AND (id <= 9030390))
	        ->  Bitmap Index Scan on sbtest6_pkey  (cost=0.00..318.63 rows=10620 width=0)
	              Index Cond: ((id >= 9020391) AND (id <= 9030390))

table 7 : explain SELECT c FROM sbtest7 WHERE id BETWEEN 1512978 AND 1522977 ORDER BY c
	Sort  (cost=34147.07..34171.15 rows=9631 width=121)
	  Sort Key: c
	  ->  Bitmap Heap Scan on sbtest7  (cost=287.15..33509.82 rows=9631 width=121)
	        Recheck Cond: ((id >= 1512978) AND (id <= 1522977))
	        ->  Bitmap Index Scan on sbtest7_pkey  (cost=0.00..284.75 rows=9631 width=0)
	              Index Cond: ((id >= 1512978) AND (id <= 1522977))

table 8 : explain SELECT c FROM sbtest8 WHERE id BETWEEN 357090 AND 367089 ORDER BY c
	Sort  (cost=34043.90..34067.89 rows=9598 width=121)
	  Sort Key: c
	  ->  Bitmap Heap Scan on sbtest8  (cost=290.81..33409.06 rows=9598 width=121)
	        Recheck Cond: ((id >= 357090) AND (id <= 367089))
	        ->  Bitmap Index Scan on sbtest8_pkey  (cost=0.00..288.42 rows=9598 width=0)
	              Index Cond: ((id >= 357090) AND (id <= 367089))

explain: for point_selects :: explain SELECT c FROM sbtest%u WHERE id=%u
for: order_ranges
table 1 : explain SELECT c FROM sbtest1 WHERE id BETWEEN 6112188 AND 6122187 ORDER BY c
	Sort  (cost=37103.39..37129.76 rows=10549 width=121)
	  Sort Key: c
	  ->  Bitmap Heap Scan on sbtest1  (cost=308.56..36398.46 rows=10549 width=121)
	        Recheck Cond: ((id >= 6112188) AND (id <= 6122187))
	        ->  Bitmap Index Scan on sbtest1_pkey  (cost=0.00..305.93 rows=10549 width=0)
	              Index Cond: ((id >= 6112188) AND (id <= 6122187))

table 2 : explain SELECT c FROM sbtest2 WHERE id BETWEEN 2030867 AND 2040866 ORDER BY c
	Sort  (cost=33020.00..33043.22 rows=9286 width=121)
	  Sort Key: c
	  ->  Bitmap Heap Scan on sbtest2  (cost=275.62..32408.01 rows=9286 width=121)
	        Recheck Cond: ((id >= 2030867) AND (id <= 2040866))
	        ->  Bitmap Index Scan on sbtest2_pkey  (cost=0.00..273.30 rows=9286 width=0)
	              Index Cond: ((id >= 2030867) AND (id <= 2040866))

table 3 : explain SELECT c FROM sbtest3 WHERE id BETWEEN 6534995 AND 6544994 ORDER BY c
	Sort  (cost=33837.81..33861.66 rows=9540 width=121)
	  Sort Key: c
	  ->  Bitmap Heap Scan on sbtest3  (cost=282.22..33207.22 rows=9540 width=121)
	        Recheck Cond: ((id >= 6534995) AND (id <= 6544994))
	        ->  Bitmap Index Scan on sbtest3_pkey  (cost=0.00..279.83 rows=9540 width=0)
	              Index Cond: ((id >= 6534995) AND (id <= 6544994))

table 4 : explain SELECT c FROM sbtest4 WHERE id BETWEEN 7493212 AND 7503211 ORDER BY c
	Sort  (cost=36375.55..36401.35 rows=10317 width=121)
	  Sort Key: c
	  ->  Bitmap Heap Scan on sbtest4  (cost=306.18..35687.79 rows=10317 width=121)
	        Recheck Cond: ((id >= 7493212) AND (id <= 7503211))
	        ->  Bitmap Index Scan on sbtest4_pkey  (cost=0.00..303.61 rows=10317 width=0)
	              Index Cond: ((id >= 7493212) AND (id <= 7503211))

table 5 : explain SELECT c FROM sbtest5 WHERE id BETWEEN 4992685 AND 5002684 ORDER BY c
	Sort  (cost=39682.10..39710.48 rows=11355 width=121)
	  Sort Key: c
	  ->  Bitmap Heap Scan on sbtest5  (cost=336.82..38917.28 rows=11355 width=121)
	        Recheck Cond: ((id >= 4992685) AND (id <= 5002684))
	        ->  Bitmap Index Scan on sbtest5_pkey  (cost=0.00..333.99 rows=11355 width=0)
	              Index Cond: ((id >= 4992685) AND (id <= 5002684))

table 6 : explain SELECT c FROM sbtest6 WHERE id BETWEEN 6705171 AND 6715170 ORDER BY c
	Sort  (cost=31983.22..32005.64 rows=8971 width=121)
	  Sort Key: c
	  ->  Bitmap Heap Scan on sbtest6  (cost=272.39..31394.22 rows=8971 width=121)
	        Recheck Cond: ((id >= 6705171) AND (id <= 6715170))
	        ->  Bitmap Index Scan on sbtest6_pkey  (cost=0.00..270.15 rows=8971 width=0)
	              Index Cond: ((id >= 6705171) AND (id <= 6715170))

table 7 : explain SELECT c FROM sbtest7 WHERE id BETWEEN 2727511 AND 2737510 ORDER BY c
	Sort  (cost=36923.40..36949.63 rows=10490 width=121)
	  Sort Key: c
	  ->  Bitmap Heap Scan on sbtest7  (cost=311.96..36222.84 rows=10490 width=121)
	        Recheck Cond: ((id >= 2727511) AND (id <= 2737510))
	        ->  Bitmap Index Scan on sbtest7_pkey  (cost=0.00..309.33 rows=10490 width=0)
	              Index Cond: ((id >= 2727511) AND (id <= 2737510))

table 8 : explain SELECT c FROM sbtest8 WHERE id BETWEEN 2336762 AND 2346761 ORDER BY c
	Sort  (cost=35695.98..35721.25 rows=10108 width=121)
	  Sort Key: c
	  ->  Bitmap Heap Scan on sbtest8  (cost=304.04..35023.64 rows=10108 width=121)
	        Recheck Cond: ((id >= 2336762) AND (id <= 2346761))
	        ->  Bitmap Index Scan on sbtest8_pkey  (cost=0.00..301.51 rows=10108 width=0)
	              Index Cond: ((id >= 2336762) AND (id <= 2346761))

for: simple_ranges
table 1 : explain SELECT c FROM sbtest1 WHERE id BETWEEN 9252467 AND 9262466
	Bitmap Heap Scan on sbtest1  (cost=296.27..35080.53 rows=10130 width=121)
	  Recheck Cond: ((id >= 9252467) AND (id <= 9262466))
	  ->  Bitmap Index Scan on sbtest1_pkey  (cost=0.00..293.74 rows=10130 width=0)
	        Index Cond: ((id >= 9252467) AND (id <= 9262466))

table 2 : explain SELECT c FROM sbtest2 WHERE id BETWEEN 822481 AND 832480
	Bitmap Heap Scan on sbtest2  (cost=304.55..35178.09 rows=10158 width=121)
	  Recheck Cond: ((id >= 822481) AND (id <= 832480))
	  ->  Bitmap Index Scan on sbtest2_pkey  (cost=0.00..302.01 rows=10158 width=0)
	        Index Cond: ((id >= 822481) AND (id <= 832480))

table 3 : explain SELECT c FROM sbtest3 WHERE id BETWEEN 4912020 AND 4922019
	Bitmap Heap Scan on sbtest3  (cost=293.85..34333.08 rows=9894 width=121)
	  Recheck Cond: ((id >= 4912020) AND (id <= 4922019))
	  ->  Bitmap Index Scan on sbtest3_pkey  (cost=0.00..291.38 rows=9894 width=0)
	        Index Cond: ((id >= 4912020) AND (id <= 4922019))

table 4 : explain SELECT c FROM sbtest4 WHERE id BETWEEN 9737264 AND 9747263
	Bitmap Heap Scan on sbtest4  (cost=263.37..31090.12 rows=8872 width=121)
	  Recheck Cond: ((id >= 9737264) AND (id <= 9747263))
	  ->  Bitmap Index Scan on sbtest4_pkey  (cost=0.00..261.16 rows=8872 width=0)
	        Index Cond: ((id >= 9737264) AND (id <= 9747263))

table 5 : explain SELECT c FROM sbtest5 WHERE id BETWEEN 6432194 AND 6442193
	Bitmap Heap Scan on sbtest5  (cost=319.13..37190.40 rows=10800 width=121)
	  Recheck Cond: ((id >= 6432194) AND (id <= 6442193))
	  ->  Bitmap Index Scan on sbtest5_pkey  (cost=0.00..316.44 rows=10800 width=0)
	        Index Cond: ((id >= 6432194) AND (id <= 6442193))

table 6 : explain SELECT c FROM sbtest6 WHERE id BETWEEN 8347318 AND 8357317
	Bitmap Heap Scan on sbtest6  (cost=296.75..33997.59 rows=9787 width=121)
	  Recheck Cond: ((id >= 8347318) AND (id <= 8357317))
	  ->  Bitmap Index Scan on sbtest6_pkey  (cost=0.00..294.31 rows=9787 width=0)
	        Index Cond: ((id >= 8347318) AND (id <= 8357317))

table 7 : explain SELECT c FROM sbtest7 WHERE id BETWEEN 253959 AND 263958
	Bitmap Heap Scan on sbtest7  (cost=298.14..34433.96 rows=9922 width=121)
	  Recheck Cond: ((id >= 253959) AND (id <= 263958))
	  ->  Bitmap Index Scan on sbtest7_pkey  (cost=0.00..295.66 rows=9922 width=0)
	        Index Cond: ((id >= 253959) AND (id <= 263958))

table 8 : explain SELECT c FROM sbtest8 WHERE id BETWEEN 1849300 AND 1859299
	Bitmap Heap Scan on sbtest8  (cost=290.90..33435.10 rows=9606 width=121)
	  Recheck Cond: ((id >= 1849300) AND (id <= 1859299))
	  ->  Bitmap Index Scan on sbtest8_pkey  (cost=0.00..288.50 rows=9606 width=0)
	        Index Cond: ((id >= 1849300) AND (id <= 1859299))

for: order_ranges
table 1 : explain SELECT c FROM sbtest1 WHERE id BETWEEN 9625536 AND 9635535 ORDER BY c
	Sort  (cost=36918.89..36945.12 rows=10492 width=121)
	  Sort Key: c
	  ->  Bitmap Heap Scan on sbtest1  (cost=307.98..36218.19 rows=10492 width=121)
	        Recheck Cond: ((id >= 9625536) AND (id <= 9635535))
	        ->  Bitmap Index Scan on sbtest1_pkey  (cost=0.00..305.36 rows=10492 width=0)
	              Index Cond: ((id >= 9625536) AND (id <= 9635535))

table 2 : explain SELECT c FROM sbtest2 WHERE id BETWEEN 7989441 AND 7999440 ORDER BY c
	Sort  (cost=36591.94..36617.91 rows=10387 width=121)
	  Sort Key: c
	  ->  Bitmap Heap Scan on sbtest2  (cost=310.90..35899.00 rows=10387 width=121)
	        Recheck Cond: ((id >= 7989441) AND (id <= 7999440))
	        ->  Bitmap Index Scan on sbtest2_pkey  (cost=0.00..308.31 rows=10387 width=0)
	              Index Cond: ((id >= 7989441) AND (id <= 7999440))

table 3 : explain SELECT c FROM sbtest3 WHERE id BETWEEN 5146127 AND 5156126 ORDER BY c
	Sort  (cost=38282.79..38310.09 rows=10919 width=121)
	  Sort Key: c
	  ->  Bitmap Heap Scan on sbtest3  (cost=324.35..37550.43 rows=10919 width=121)
	        Recheck Cond: ((id >= 5146127) AND (id <= 5156126))
	        ->  Bitmap Index Scan on sbtest3_pkey  (cost=0.00..321.62 rows=10919 width=0)
	              Index Cond: ((id >= 5146127) AND (id <= 5156126))

table 4 : explain SELECT c FROM sbtest4 WHERE id BETWEEN 8455985 AND 8465984 ORDER BY c
	Sort  (cost=32937.34..32960.49 rows=9258 width=121)
	  Sort Key: c
	  ->  Bitmap Heap Scan on sbtest4  (cost=275.33..32327.40 rows=9258 width=121)
	        Recheck Cond: ((id >= 8455985) AND (id <= 8465984))
	        ->  Bitmap Index Scan on sbtest4_pkey  (cost=0.00..273.01 rows=9258 width=0)
	              Index Cond: ((id >= 8455985) AND (id <= 8465984))

table 5 : explain SELECT c FROM sbtest5 WHERE id BETWEEN 5518873 AND 5528872 ORDER BY c
	Sort  (cost=31581.19..31603.31 rows=8847 width=121)
	  Sort Key: c
	  ->  Bitmap Heap Scan on sbtest5  (cost=263.12..31001.22 rows=8847 width=121)
	        Recheck Cond: ((id >= 5518873) AND (id <= 5528872))
	        ->  Bitmap Index Scan on sbtest5_pkey  (cost=0.00..260.91 rows=8847 width=0)
	              Index Cond: ((id >= 5518873) AND (id <= 5528872))

table 6 : explain SELECT c FROM sbtest6 WHERE id BETWEEN 9439004 AND 9449003 ORDER BY c
	Sort  (cost=33463.13..33486.69 rows=9424 width=121)
	  Sort Key: c
	  ->  Bitmap Heap Scan on sbtest6  (cost=285.03..32841.05 rows=9424 width=121)
	        Recheck Cond: ((id >= 9439004) AND (id <= 9449003))
	        ->  Bitmap Index Scan on sbtest6_pkey  (cost=0.00..282.68 rows=9424 width=0)
	              Index Cond: ((id >= 9439004) AND (id <= 9449003))

table 7 : explain SELECT c FROM sbtest7 WHERE id BETWEEN 5924152 AND 5934151 ORDER BY c
	Sort  (cost=34103.82..34127.87 rows=9618 width=121)
	  Sort Key: c
	  ->  Bitmap Heap Scan on sbtest7  (cost=287.02..33467.52 rows=9618 width=121)
	        Recheck Cond: ((id >= 5924152) AND (id <= 5934151))
	        ->  Bitmap Index Scan on sbtest7_pkey  (cost=0.00..284.62 rows=9618 width=0)
	              Index Cond: ((id >= 5924152) AND (id <= 5934151))

table 8 : explain SELECT c FROM sbtest8 WHERE id BETWEEN 1748520 AND 1758519 ORDER BY c
	Sort  (cost=34696.73..34721.23 rows=9799 width=121)
	  Sort Key: c
	  ->  Bitmap Heap Scan on sbtest8  (cost=296.87..34047.13 rows=9799 width=121)
	        Recheck Cond: ((id >= 1748520) AND (id <= 1758519))
	        ->  Bitmap Index Scan on sbtest8_pkey  (cost=0.00..294.43 rows=9799 width=0)
	              Index Cond: ((id >= 1748520) AND (id <= 1758519))

for: order_ranges
table 1 : explain SELECT c FROM sbtest1 WHERE id BETWEEN 9128919 AND 9138918 ORDER BY c
	Sort  (cost=35962.98..35988.47 rows=10195 width=121)
	  Sort Key: c
	  ->  Bitmap Heap Scan on sbtest1  (cost=296.93..35284.22 rows=10195 width=121)
	        Recheck Cond: ((id >= 9128919) AND (id <= 9138918))
	        ->  Bitmap Index Scan on sbtest1_pkey  (cost=0.00..294.38 rows=10195 width=0)
	              Index Cond: ((id >= 9128919) AND (id <= 9138918))

table 2 : explain SELECT c FROM sbtest2 WHERE id BETWEEN 4392785 AND 4402784 ORDER BY c
	Sort  (cost=35641.53..35666.76 rows=10093 width=121)
	  Sort Key: c
	  ->  Bitmap Heap Scan on sbtest2  (cost=299.89..34970.29 rows=10093 width=121)
	        Recheck Cond: ((id >= 4392785) AND (id <= 4402784))
	        ->  Bitmap Index Scan on sbtest2_pkey  (cost=0.00..297.37 rows=10093 width=0)
	              Index Cond: ((id >= 4392785) AND (id <= 4402784))

table 3 : explain SELECT c FROM sbtest3 WHERE id BETWEEN 6496026 AND 6506025 ORDER BY c
	Sort  (cost=35669.90..35695.16 rows=10105 width=121)
	  Sort Key: c
	  ->  Bitmap Heap Scan on sbtest3  (cost=300.01..34997.77 rows=10105 width=121)
	        Recheck Cond: ((id >= 6496026) AND (id <= 6506025))
	        ->  Bitmap Index Scan on sbtest3_pkey  (cost=0.00..297.49 rows=10105 width=0)
	              Index Cond: ((id >= 6496026) AND (id <= 6506025))

table 4 : explain SELECT c FROM sbtest4 WHERE id BETWEEN 438380 AND 448379 ORDER BY c
	Sort  (cost=34899.58..34924.23 rows=9860 width=121)
	  Sort Key: c
	  ->  Bitmap Heap Scan on sbtest4  (cost=293.50..34245.50 rows=9860 width=121)
	        Recheck Cond: ((id >= 438380) AND (id <= 448379))
	        ->  Bitmap Index Scan on sbtest4_pkey  (cost=0.00..291.04 rows=9860 width=0)
	              Index Cond: ((id >= 438380) AND (id <= 448379))

table 5 : explain SELECT c FROM sbtest5 WHERE id BETWEEN 9441647 AND 9451646 ORDER BY c
	Sort  (cost=34485.59..34509.93 rows=9736 width=121)
	  Sort Key: c
	  ->  Bitmap Heap Scan on sbtest5  (cost=288.23..33840.62 rows=9736 width=121)
	        Recheck Cond: ((id >= 9441647) AND (id <= 9451646))
	        ->  Bitmap Index Scan on sbtest5_pkey  (cost=0.00..285.80 rows=9736 width=0)
	              Index Cond: ((id >= 9441647) AND (id <= 9451646))

table 6 : explain SELECT c FROM sbtest6 WHERE id BETWEEN 3833511 AND 3843510 ORDER BY c
	Sort  (cost=35930.49..35955.95 rows=10184 width=121)
	  Sort Key: c
	  ->  Bitmap Heap Scan on sbtest6  (cost=308.82..35252.54 rows=10184 width=121)
	        Recheck Cond: ((id >= 3833511) AND (id <= 3843510))
	        ->  Bitmap Index Scan on sbtest6_pkey  (cost=0.00..306.28 rows=10184 width=0)
	              Index Cond: ((id >= 3833511) AND (id <= 3843510))

table 7 : explain SELECT c FROM sbtest7 WHERE id BETWEEN 5973506 AND 5983505 ORDER BY c
	Sort  (cost=34110.48..34134.53 rows=9620 width=121)
	  Sort Key: c
	  ->  Bitmap Heap Scan on sbtest7  (cost=287.04..33474.02 rows=9620 width=121)
	        Recheck Cond: ((id >= 5973506) AND (id <= 5983505))
	        ->  Bitmap Index Scan on sbtest7_pkey  (cost=0.00..284.63 rows=9620 width=0)
	              Index Cond: ((id >= 5973506) AND (id <= 5983505))

table 8 : explain SELECT c FROM sbtest8 WHERE id BETWEEN 5087438 AND 5097437 ORDER BY c
	Sort  (cost=32894.32..32917.44 rows=9246 width=121)
	  Sort Key: c
	  ->  Bitmap Heap Scan on sbtest8  (cost=279.21..32285.26 rows=9246 width=121)
	        Recheck Cond: ((id >= 5087438) AND (id <= 5097437))
	        ->  Bitmap Index Scan on sbtest8_pkey  (cost=0.00..276.90 rows=9246 width=0)
	              Index Cond: ((id >= 5087438) AND (id <= 5097437))

for: simple_ranges
table 1 : explain SELECT c FROM sbtest1 WHERE id BETWEEN 8078178 AND 8088177
	Bitmap Heap Scan on sbtest1  (cost=283.46..33596.73 rows=9661 width=121)
	  Recheck Cond: ((id >= 8078178) AND (id <= 8088177))
	  ->  Bitmap Index Scan on sbtest1_pkey  (cost=0.00..281.05 rows=9661 width=0)
	        Index Cond: ((id >= 8078178) AND (id <= 8088177))

table 2 : explain SELECT c FROM sbtest2 WHERE id BETWEEN 5314477 AND 5324476
	Bitmap Heap Scan on sbtest2  (cost=288.04..33781.67 rows=9718 width=121)
	  Recheck Cond: ((id >= 5314477) AND (id <= 5324476))
	  ->  Bitmap Index Scan on sbtest2_pkey  (cost=0.00..285.62 rows=9718 width=0)
	        Index Cond: ((id >= 5314477) AND (id <= 5324476))

table 3 : explain SELECT c FROM sbtest3 WHERE id BETWEEN 9465067 AND 9475066
	Bitmap Heap Scan on sbtest3  (cost=355.28..40847.28 rows=11985 width=121)
	  Recheck Cond: ((id >= 9465067) AND (id <= 9475066))
	  ->  Bitmap Index Scan on sbtest3_pkey  (cost=0.00..352.29 rows=11985 width=0)
	        Index Cond: ((id >= 9465067) AND (id <= 9475066))

table 4 : explain SELECT c FROM sbtest4 WHERE id BETWEEN 8971736 AND 8981735
	Bitmap Heap Scan on sbtest4  (cost=300.38..35131.08 rows=10141 width=121)
	  Recheck Cond: ((id >= 8971736) AND (id <= 8981735))
	  ->  Bitmap Index Scan on sbtest4_pkey  (cost=0.00..297.84 rows=10141 width=0)
	        Index Cond: ((id >= 8971736) AND (id <= 8981735))

table 5 : explain SELECT c FROM sbtest5 WHERE id BETWEEN 7578385 AND 7588384
	Bitmap Heap Scan on sbtest5  (cost=318.07..36866.05 rows=10696 width=121)
	  Recheck Cond: ((id >= 7578385) AND (id <= 7588384))
	  ->  Bitmap Index Scan on sbtest5_pkey  (cost=0.00..315.40 rows=10696 width=0)
	        Index Cond: ((id >= 7578385) AND (id <= 7588384))

table 6 : explain SELECT c FROM sbtest6 WHERE id BETWEEN 7918244 AND 7928243
	Bitmap Heap Scan on sbtest6  (cost=284.22..32593.08 rows=9345 width=121)
	  Recheck Cond: ((id >= 7918244) AND (id <= 7928243))
	  ->  Bitmap Index Scan on sbtest6_pkey  (cost=0.00..281.88 rows=9345 width=0)
	        Index Cond: ((id >= 7918244) AND (id <= 7928243))

table 7 : explain SELECT c FROM sbtest7 WHERE id BETWEEN 760272 AND 770271
	Bitmap Heap Scan on sbtest7  (cost=310.28..35710.16 rows=10326 width=121)
	  Recheck Cond: ((id >= 760272) AND (id <= 770271))
	  ->  Bitmap Index Scan on sbtest7_pkey  (cost=0.00..307.69 rows=10326 width=0)
	        Index Cond: ((id >= 760272) AND (id <= 770271))

table 8 : explain SELECT c FROM sbtest8 WHERE id BETWEEN 3436202 AND 3446201
	Bitmap Heap Scan on sbtest8  (cost=285.99..33151.01 rows=9518 width=121)
	  Recheck Cond: ((id >= 3436202) AND (id <= 3446201))
	  ->  Bitmap Index Scan on sbtest8_pkey  (cost=0.00..283.62 rows=9518 width=0)
	        Index Cond: ((id >= 3436202) AND (id <= 3446201))

for: order_ranges
table 1 : explain SELECT c FROM sbtest1 WHERE id BETWEEN 7552410 AND 7562409 ORDER BY c
	Sort  (cost=36201.83..36227.50 rows=10269 width=121)
	  Sort Key: c
	  ->  Bitmap Heap Scan on sbtest1  (cost=301.69..35517.60 rows=10269 width=121)
	        Recheck Cond: ((id >= 7552410) AND (id <= 7562409))
	        ->  Bitmap Index Scan on sbtest1_pkey  (cost=0.00..299.12 rows=10269 width=0)
	              Index Cond: ((id >= 7552410) AND (id <= 7562409))

table 2 : explain SELECT c FROM sbtest2 WHERE id BETWEEN 3776627 AND 3786626 ORDER BY c
	Sort  (cost=38058.73..38085.85 rows=10845 width=121)
	  Sort Key: c
	  ->  Bitmap Heap Scan on sbtest2  (cost=323.60..37331.86 rows=10845 width=121)
	        Recheck Cond: ((id >= 3776627) AND (id <= 3786626))
	        ->  Bitmap Index Scan on sbtest2_pkey  (cost=0.00..320.88 rows=10845 width=0)
	              Index Cond: ((id >= 3776627) AND (id <= 3786626))

table 3 : explain SELECT c FROM sbtest3 WHERE id BETWEEN 7510290 AND 7520289 ORDER BY c
	Sort  (cost=31550.62..31572.72 rows=8840 width=121)
	  Sort Key: c
	  ->  Bitmap Heap Scan on sbtest3  (cost=263.04..30971.16 rows=8840 width=121)
	        Recheck Cond: ((id >= 7510290) AND (id <= 7520289))
	        ->  Bitmap Index Scan on sbtest3_pkey  (cost=0.00..260.83 rows=8840 width=0)
	              Index Cond: ((id >= 7510290) AND (id <= 7520289))

table 4 : explain SELECT c FROM sbtest4 WHERE id BETWEEN 5450345 AND 5460344 ORDER BY c
	Sort  (cost=40185.58..40214.36 rows=11510 width=121)
	  Sort Key: c
	  ->  Bitmap Heap Scan on sbtest4  (cost=342.41..39409.20 rows=11510 width=121)
	        Recheck Cond: ((id >= 5450345) AND (id <= 5460344))
	        ->  Bitmap Index Scan on sbtest4_pkey  (cost=0.00..339.54 rows=11510 width=0)
	              Index Cond: ((id >= 5450345) AND (id <= 5460344))

table 5 : explain SELECT c FROM sbtest5 WHERE id BETWEEN 8325321 AND 8335320 ORDER BY c
	Sort  (cost=37317.80..37344.34 rows=10614 width=121)
	  Sort Key: c
	  ->  Bitmap Heap Scan on sbtest5  (cost=313.23..36608.06 rows=10614 width=121)
	        Recheck Cond: ((id >= 8325321) AND (id <= 8335320))
	        ->  Bitmap Index Scan on sbtest5_pkey  (cost=0.00..310.57 rows=10614 width=0)
	              Index Cond: ((id >= 8325321) AND (id <= 8335320))

table 6 : explain SELECT c FROM sbtest6 WHERE id BETWEEN 7906221 AND 7916220 ORDER BY c
	Sort  (cost=32774.34..32797.37 rows=9213 width=121)
	  Sort Key: c
	  ->  Bitmap Heap Scan on sbtest6  (cost=278.87..32167.69 rows=9213 width=121)
	        Recheck Cond: ((id >= 7906221) AND (id <= 7916220))
	        ->  Bitmap Index Scan on sbtest6_pkey  (cost=0.00..276.56 rows=9213 width=0)
	              Index Cond: ((id >= 7906221) AND (id <= 7916220))

table 7 : explain SELECT c FROM sbtest7 WHERE id BETWEEN 6517737 AND 6527736 ORDER BY c
	Sort  (cost=33777.23..33801.03 rows=9517 width=121)
	  Sort Key: c
	  ->  Bitmap Heap Scan on sbtest7  (cost=285.98..33148.34 rows=9517 width=121)
	        Recheck Cond: ((id >= 6517737) AND (id <= 6527736))
	        ->  Bitmap Index Scan on sbtest7_pkey  (cost=0.00..283.61 rows=9517 width=0)
	              Index Cond: ((id >= 6517737) AND (id <= 6527736))

table 8 : explain SELECT c FROM sbtest8 WHERE id BETWEEN 4206878 AND 4216877 ORDER BY c
	Sort  (cost=34583.03..34607.45 rows=9765 width=121)
	  Sort Key: c
	  ->  Bitmap Heap Scan on sbtest8  (cost=292.53..33935.94 rows=9765 width=121)
	        Recheck Cond: ((id >= 4206878) AND (id <= 4216877))
	        ->  Bitmap Index Scan on sbtest8_pkey  (cost=0.00..290.08 rows=9765 width=0)
	              Index Cond: ((id >= 4206878) AND (id <= 4216877))

for: simple_ranges
table 1 : explain SELECT c FROM sbtest1 WHERE id BETWEEN 8095982 AND 8105981
	Bitmap Heap Scan on sbtest1  (cost=290.39..34500.18 rows=9947 width=121)
	  Recheck Cond: ((id >= 8095982) AND (id <= 8105981))
	  ->  Bitmap Index Scan on sbtest1_pkey  (cost=0.00..287.91 rows=9947 width=0)
	        Index Cond: ((id >= 8095982) AND (id <= 8105981))

table 2 : explain SELECT c FROM sbtest2 WHERE id BETWEEN 8199235 AND 8209234
	Bitmap Heap Scan on sbtest2  (cost=287.59..33645.09 rows=9674 width=121)
	  Recheck Cond: ((id >= 8199235) AND (id <= 8209234))
	  ->  Bitmap Index Scan on sbtest2_pkey  (cost=0.00..285.18 rows=9674 width=0)
	        Index Cond: ((id >= 8199235) AND (id <= 8209234))

table 3 : explain SELECT c FROM sbtest3 WHERE id BETWEEN 6984797 AND 6994796
	Bitmap Heap Scan on sbtest3  (cost=313.04..36540.94 rows=10596 width=121)
	  Recheck Cond: ((id >= 6984797) AND (id <= 6994796))
	  ->  Bitmap Index Scan on sbtest3_pkey  (cost=0.00..310.40 rows=10596 width=0)
	        Index Cond: ((id >= 6984797) AND (id <= 6994796))

table 4 : explain SELECT c FROM sbtest4 WHERE id BETWEEN 8884124 AND 8894123
	Bitmap Heap Scan on sbtest4  (cost=312.46..36385.10 rows=10539 width=121)
	  Recheck Cond: ((id >= 8884124) AND (id <= 8894123))
	  ->  Bitmap Index Scan on sbtest4_pkey  (cost=0.00..309.82 rows=10539 width=0)
	        Index Cond: ((id >= 8884124) AND (id <= 8894123))

table 5 : explain SELECT c FROM sbtest5 WHERE id BETWEEN 3207254 AND 3217253
	Bitmap Heap Scan on sbtest5  (cost=306.10..35650.29 rows=10309 width=121)
	  Recheck Cond: ((id >= 3207254) AND (id <= 3217253))
	  ->  Bitmap Index Scan on sbtest5_pkey  (cost=0.00..303.53 rows=10309 width=0)
	        Index Cond: ((id >= 3207254) AND (id <= 3217253))

table 6 : explain SELECT c FROM sbtest6 WHERE id BETWEEN 5884125 AND 5894124
	Bitmap Heap Scan on sbtest6  (cost=271.69..31177.70 rows=8903 width=121)
	  Recheck Cond: ((id >= 5884125) AND (id <= 5894124))
	  ->  Bitmap Index Scan on sbtest6_pkey  (cost=0.00..269.46 rows=8903 width=0)
	        Index Cond: ((id >= 5884125) AND (id <= 5894124))

table 7 : explain SELECT c FROM sbtest7 WHERE id BETWEEN 1960251 AND 1970250
	Bitmap Heap Scan on sbtest7  (cost=316.07..36259.07 rows=10501 width=121)
	  Recheck Cond: ((id >= 1960251) AND (id <= 1970250))
	  ->  Bitmap Index Scan on sbtest7_pkey  (cost=0.00..313.44 rows=10501 width=0)
	        Index Cond: ((id >= 1960251) AND (id <= 1970250))

table 8 : explain SELECT c FROM sbtest8 WHERE id BETWEEN 4162325 AND 4172324
	Bitmap Heap Scan on sbtest8  (cost=292.53..33935.94 rows=9765 width=121)
	  Recheck Cond: ((id >= 4162325) AND (id <= 4172324))
	  ->  Bitmap Index Scan on sbtest8_pkey  (cost=0.00..290.08 rows=9765 width=0)
	        Index Cond: ((id >= 4162325) AND (id <= 4172324))

for: distinct_ranges
table 1 : explain SELECT DISTINCT c FROM sbtest1 WHERE id BETWEEN 4810479 AND 4820478 ORDER BY c
	Unique  (cost=31450.61..31494.66 rows=8809 width=121)
	  ->  Sort  (cost=31450.61..31472.63 rows=8809 width=121)
	        Sort Key: c
	        ->  Bitmap Heap Scan on sbtest1  (cost=258.73..30873.41 rows=8809 width=121)
	              Recheck Cond: ((id >= 4810479) AND (id <= 4820478))
	              ->  Bitmap Index Scan on sbtest1_pkey  (cost=0.00..256.53 rows=8809 width=0)
	                    Index Cond: ((id >= 4810479) AND (id <= 4820478))

table 2 : explain SELECT DISTINCT c FROM sbtest2 WHERE id BETWEEN 373910 AND 383909 ORDER BY c
	Unique  (cost=35121.02..35170.67 rows=9931 width=121)
	  ->  Sort  (cost=35121.02..35145.85 rows=9931 width=121)
	        Sort Key: c
	        ->  Bitmap Heap Scan on sbtest2  (cost=298.23..34461.71 rows=9931 width=121)
	              Recheck Cond: ((id >= 373910) AND (id <= 383909))
	              ->  Bitmap Index Scan on sbtest2_pkey  (cost=0.00..295.75 rows=9931 width=0)
	                    Index Cond: ((id >= 373910) AND (id <= 383909))

table 3 : explain SELECT DISTINCT c FROM sbtest3 WHERE id BETWEEN 9184587 AND 9194586 ORDER BY c
	Unique  (cost=36837.52..36889.85 rows=10467 width=121)
	  ->  Sort  (cost=36837.52..36863.68 rows=10467 width=121)
	        Sort Key: c
	        ->  Bitmap Heap Scan on sbtest3  (cost=311.72..36138.66 rows=10467 width=121)
	              Recheck Cond: ((id >= 9184587) AND (id <= 9194586))
	              ->  Bitmap Index Scan on sbtest3_pkey  (cost=0.00..309.11 rows=10467 width=0)
	                    Index Cond: ((id >= 9184587) AND (id <= 9194586))

table 4 : explain SELECT DISTINCT c FROM sbtest4 WHERE id BETWEEN 3037382 AND 3047381 ORDER BY c
	Unique  (cost=36306.20..36357.68 rows=10296 width=121)
	  ->  Sort  (cost=36306.20..36331.94 rows=10296 width=121)
	        Sort Key: c
	        ->  Bitmap Heap Scan on sbtest4  (cost=305.97..35619.99 rows=10296 width=121)
	              Recheck Cond: ((id >= 3037382) AND (id <= 3047381))
	              ->  Bitmap Index Scan on sbtest4_pkey  (cost=0.00..303.40 rows=10296 width=0)
	                    Index Cond: ((id >= 3037382) AND (id <= 3047381))

table 5 : explain SELECT DISTINCT c FROM sbtest5 WHERE id BETWEEN 1613561 AND 1623560 ORDER BY c
	Unique  (cost=34885.12..34934.41 rows=9859 width=121)
	  ->  Sort  (cost=34885.12..34909.76 rows=9859 width=121)
	        Sort Key: c
	        ->  Bitmap Heap Scan on sbtest5  (cost=293.49..34231.11 rows=9859 width=121)
	              Recheck Cond: ((id >= 1613561) AND (id <= 1623560))
	              ->  Bitmap Index Scan on sbtest5_pkey  (cost=0.00..291.03 rows=9859 width=0)
	                    Index Cond: ((id >= 1613561) AND (id <= 1623560))

table 6 : explain SELECT DISTINCT c FROM sbtest6 WHERE id BETWEEN 134439 AND 144438 ORDER BY c
	Unique  (cost=36809.62..36861.91 rows=10458 width=121)
	  ->  Sort  (cost=36809.62..36835.76 rows=10458 width=121)
	        Sort Key: c
	        ->  Bitmap Heap Scan on sbtest6  (cost=315.63..36111.43 rows=10458 width=121)
	              Recheck Cond: ((id >= 134439) AND (id <= 144438))
	              ->  Bitmap Index Scan on sbtest6_pkey  (cost=0.00..313.01 rows=10458 width=0)
	                    Index Cond: ((id >= 134439) AND (id <= 144438))

table 7 : explain SELECT DISTINCT c FROM sbtest7 WHERE id BETWEEN 3676818 AND 3686817 ORDER BY c
	Unique  (cost=36583.57..36635.49 rows=10384 width=121)
	  ->  Sort  (cost=36583.57..36609.53 rows=10384 width=121)
	        Sort Key: c
	        ->  Bitmap Heap Scan on sbtest7  (cost=310.87..35890.85 rows=10384 width=121)
	              Recheck Cond: ((id >= 3676818) AND (id <= 3686817))
	              ->  Bitmap Index Scan on sbtest7_pkey  (cost=0.00..308.28 rows=10384 width=0)
	                    Index Cond: ((id >= 3676818) AND (id <= 3686817))

table 8 : explain SELECT DISTINCT c FROM sbtest8 WHERE id BETWEEN 2237024 AND 2247023 ORDER BY c
	Unique  (cost=32351.24..32396.64 rows=9080 width=121)
	  ->  Sort  (cost=32351.24..32373.94 rows=9080 width=121)
	        Sort Key: c
	        ->  Bitmap Heap Scan on sbtest8  (cost=273.50..31754.30 rows=9080 width=121)
	              Recheck Cond: ((id >= 2237024) AND (id <= 2247023))
	              ->  Bitmap Index Scan on sbtest8_pkey  (cost=0.00..271.24 rows=9080 width=0)
	                    Index Cond: ((id >= 2237024) AND (id <= 2247023))

for: sum_ranges
table 1 : explain SELECT SUM(k) FROM sbtest1 WHERE id BETWEEN 8109419 AND 8119418
	Aggregate  (cost=34525.05..34525.06 rows=1 width=8)
	  ->  Bitmap Heap Scan on sbtest1  (cost=290.39..34500.18 rows=9947 width=4)
	        Recheck Cond: ((id >= 8109419) AND (id <= 8119418))
	        ->  Bitmap Index Scan on sbtest1_pkey  (cost=0.00..287.91 rows=9947 width=0)
	              Index Cond: ((id >= 8109419) AND (id <= 8119418))

table 2 : explain SELECT SUM(k) FROM sbtest2 WHERE id BETWEEN 1996493 AND 2006492
	Aggregate  (cost=32660.79..32660.80 rows=1 width=8)
	  ->  Bitmap Heap Scan on sbtest2  (cost=280.34..32637.40 rows=9357 width=4)
	        Recheck Cond: ((id >= 1996493) AND (id <= 2006492))
	        ->  Bitmap Index Scan on sbtest2_pkey  (cost=0.00..278.00 rows=9357 width=0)
	              Index Cond: ((id >= 1996493) AND (id <= 2006492))

table 3 : explain SELECT SUM(k) FROM sbtest3 WHERE id BETWEEN 8771293 AND 8781292
	Aggregate  (cost=33247.37..33247.38 rows=1 width=8)
	  ->  Bitmap Heap Scan on sbtest3  (cost=282.27..33223.50 rows=9545 width=4)
	        Recheck Cond: ((id >= 8771293) AND (id <= 8781292))
	        ->  Bitmap Index Scan on sbtest3_pkey  (cost=0.00..279.88 rows=9545 width=0)
	              Index Cond: ((id >= 8771293) AND (id <= 8781292))

table 4 : explain SELECT SUM(k) FROM sbtest4 WHERE id BETWEEN 2924921 AND 2934920
	Aggregate  (cost=32625.31..32625.32 rows=1 width=8)
	  ->  Bitmap Heap Scan on sbtest4  (cost=276.21..32601.95 rows=9344 width=4)
	        Recheck Cond: ((id >= 2924921) AND (id <= 2934920))
	        ->  Bitmap Index Scan on sbtest4_pkey  (cost=0.00..273.88 rows=9344 width=0)
	              Index Cond: ((id >= 2924921) AND (id <= 2934920))

table 5 : explain SELECT SUM(k) FROM sbtest5 WHERE id BETWEEN 947699 AND 957698
	Aggregate  (cost=36518.69..36518.70 rows=1 width=8)
	  ->  Bitmap Heap Scan on sbtest5  (cost=312.85..36492.25 rows=10577 width=4)
	        Recheck Cond: ((id >= 947699) AND (id <= 957698))
	        ->  Bitmap Index Scan on sbtest5_pkey  (cost=0.00..310.20 rows=10577 width=0)
	              Index Cond: ((id >= 947699) AND (id <= 957698))

table 6 : explain SELECT SUM(k) FROM sbtest6 WHERE id BETWEEN 3370168 AND 3380167
	Aggregate  (cost=30534.91..30534.92 rows=1 width=8)
	  ->  Bitmap Heap Scan on sbtest6  (cost=265.58..30513.17 rows=8697 width=4)
	        Recheck Cond: ((id >= 3370168) AND (id <= 3380167))
	        ->  Bitmap Index Scan on sbtest6_pkey  (cost=0.00..263.41 rows=8697 width=0)
	              Index Cond: ((id >= 3370168) AND (id <= 3380167))

table 7 : explain SELECT SUM(k) FROM sbtest7 WHERE id BETWEEN 2366157 AND 2376156
	Aggregate  (cost=32446.33..32446.34 rows=1 width=8)
	  ->  Bitmap Heap Scan on sbtest7  (cost=279.65..32423.11 rows=9289 width=4)
	        Recheck Cond: ((id >= 2366157) AND (id <= 2376156))
	        ->  Bitmap Index Scan on sbtest7_pkey  (cost=0.00..277.32 rows=9289 width=0)
	              Index Cond: ((id >= 2366157) AND (id <= 2376156))

table 8 : explain SELECT SUM(k) FROM sbtest8 WHERE id BETWEEN 687589 AND 697588
	Aggregate  (cost=34532.76..34532.77 rows=1 width=8)
	  ->  Bitmap Heap Scan on sbtest8  (cost=298.37..34507.89 rows=9945 width=4)
	        Recheck Cond: ((id >= 687589) AND (id <= 697588))
	        ->  Bitmap Index Scan on sbtest8_pkey  (cost=0.00..295.88 rows=9945 width=0)
	              Index Cond: ((id >= 687589) AND (id <= 697588))

for: sum_ranges
table 1 : explain SELECT SUM(k) FROM sbtest1 WHERE id BETWEEN 6214215 AND 6224214
	Aggregate  (cost=34469.88..34469.89 rows=1 width=8)
	  ->  Bitmap Heap Scan on sbtest1  (cost=290.21..34445.06 rows=9929 width=4)
	        Recheck Cond: ((id >= 6214215) AND (id <= 6224214))
	        ->  Bitmap Index Scan on sbtest1_pkey  (cost=0.00..287.73 rows=9929 width=0)
	              Index Cond: ((id >= 6214215) AND (id <= 6224214))

table 2 : explain SELECT SUM(k) FROM sbtest2 WHERE id BETWEEN 492088 AND 502087
	Aggregate  (cost=34613.06..34613.07 rows=1 width=8)
	  ->  Bitmap Heap Scan on sbtest2  (cost=298.64..34588.13 rows=9971 width=4)
	        Recheck Cond: ((id >= 492088) AND (id <= 502087))
	        ->  Bitmap Index Scan on sbtest2_pkey  (cost=0.00..296.15 rows=9971 width=0)
	              Index Cond: ((id >= 492088) AND (id <= 502087))

table 3 : explain SELECT SUM(k) FROM sbtest3 WHERE id BETWEEN 9545192 AND 9555191
	Aggregate  (cost=34468.13..34468.14 rows=1 width=8)
	  ->  Bitmap Heap Scan on sbtest3  (cost=294.21..34443.31 rows=9929 width=4)
	        Recheck Cond: ((id >= 9545192) AND (id <= 9555191))
	        ->  Bitmap Index Scan on sbtest3_pkey  (cost=0.00..291.73 rows=9929 width=0)
	              Index Cond: ((id >= 9545192) AND (id <= 9555191))

table 4 : explain SELECT SUM(k) FROM sbtest4 WHERE id BETWEEN 8353932 AND 8363931
	Aggregate  (cost=34468.27..34468.28 rows=1 width=8)
	  ->  Bitmap Heap Scan on sbtest4  (cost=294.15..34443.46 rows=9923 width=4)
	        Recheck Cond: ((id >= 8353932) AND (id <= 8363931))
	        ->  Bitmap Index Scan on sbtest4_pkey  (cost=0.00..291.67 rows=9923 width=0)
	              Index Cond: ((id >= 8353932) AND (id <= 8363931))

table 5 : explain SELECT SUM(k) FROM sbtest5 WHERE id BETWEEN 1978217 AND 1988216
	Aggregate  (cost=33072.63..33072.64 rows=1 width=8)
	  ->  Bitmap Heap Scan on sbtest5  (cost=281.68..33048.91 rows=9487 width=4)
	        Recheck Cond: ((id >= 1978217) AND (id <= 1988216))
	        ->  Bitmap Index Scan on sbtest5_pkey  (cost=0.00..279.31 rows=9487 width=0)
	              Index Cond: ((id >= 1978217) AND (id <= 1988216))

table 6 : explain SELECT SUM(k) FROM sbtest6 WHERE id BETWEEN 9157036 AND 9167035
	Aggregate  (cost=37171.85..37171.86 rows=1 width=8)
	  ->  Bitmap Heap Scan on sbtest6  (cost=327.01..37144.88 rows=10788 width=4)
	        Recheck Cond: ((id >= 9157036) AND (id <= 9167035))
	        ->  Bitmap Index Scan on sbtest6_pkey  (cost=0.00..324.31 rows=10788 width=0)
	              Index Cond: ((id >= 9157036) AND (id <= 9167035))

table 7 : explain SELECT SUM(k) FROM sbtest7 WHERE id BETWEEN 7470421 AND 7480420
	Aggregate  (cost=37421.58..37421.59 rows=1 width=8)
	  ->  Bitmap Heap Scan on sbtest7  (cost=323.79..37394.42 rows=10864 width=4)
	        Recheck Cond: ((id >= 7470421) AND (id <= 7480420))
	        ->  Bitmap Index Scan on sbtest7_pkey  (cost=0.00..321.07 rows=10864 width=0)
	              Index Cond: ((id >= 7470421) AND (id <= 7480420))

table 8 : explain SELECT SUM(k) FROM sbtest8 WHERE id BETWEEN 2991340 AND 3001339
	Aggregate  (cost=33285.67..33285.68 rows=1 width=8)
	  ->  Bitmap Heap Scan on sbtest8  (cost=286.35..33261.78 rows=9553 width=4)
	        Recheck Cond: ((id >= 2991340) AND (id <= 3001339))
	        ->  Bitmap Index Scan on sbtest8_pkey  (cost=0.00..283.96 rows=9553 width=0)
	              Index Cond: ((id >= 2991340) AND (id <= 3001339))

for: sum_ranges
table 1 : explain SELECT SUM(k) FROM sbtest1 WHERE id BETWEEN 1397958 AND 1407957
	Aggregate  (cost=35248.26..35248.27 rows=1 width=8)
	  ->  Bitmap Heap Scan on sbtest1  (cost=296.74..35222.82 rows=10176 width=4)
	        Recheck Cond: ((id >= 1397958) AND (id <= 1407957))
	        ->  Bitmap Index Scan on sbtest1_pkey  (cost=0.00..294.19 rows=10176 width=0)
	              Index Cond: ((id >= 1397958) AND (id <= 1407957))

table 2 : explain SELECT SUM(k) FROM sbtest2 WHERE id BETWEEN 2690504 AND 2700503
	Aggregate  (cost=36073.41..36073.42 rows=1 width=8)
	  ->  Bitmap Heap Scan on sbtest2  (cost=311.39..36047.32 rows=10435 width=4)
	        Recheck Cond: ((id >= 2690504) AND (id <= 2700503))
	        ->  Bitmap Index Scan on sbtest2_pkey  (cost=0.00..308.79 rows=10435 width=0)
	              Index Cond: ((id >= 2690504) AND (id <= 2700503))

table 3 : explain SELECT SUM(k) FROM sbtest3 WHERE id BETWEEN 2975763 AND 2985762
	Aggregate  (cost=37451.83..37451.84 rows=1 width=8)
	  ->  Bitmap Heap Scan on sbtest3  (cost=319.94..37424.63 rows=10879 width=4)
	        Recheck Cond: ((id >= 2975763) AND (id <= 2985762))
	        ->  Bitmap Index Scan on sbtest3_pkey  (cost=0.00..317.23 rows=10879 width=0)
	              Index Cond: ((id >= 2975763) AND (id <= 2985762))

table 4 : explain SELECT SUM(k) FROM sbtest4 WHERE id BETWEEN 3798295 AND 3808294
	Aggregate  (cost=35068.98..35068.99 rows=1 width=8)
	  ->  Bitmap Heap Scan on sbtest4  (cost=300.09..35043.70 rows=10113 width=4)
	        Recheck Cond: ((id >= 3798295) AND (id <= 3808294))
	        ->  Bitmap Index Scan on sbtest4_pkey  (cost=0.00..297.56 rows=10113 width=0)
	              Index Cond: ((id >= 3798295) AND (id <= 3808294))

table 5 : explain SELECT SUM(k) FROM sbtest5 WHERE id BETWEEN 9934531 AND 9944530
	Aggregate  (cost=33604.63..33604.64 rows=1 width=8)
	  ->  Bitmap Heap Scan on sbtest5  (cost=287.39..33580.49 rows=9654 width=4)
	        Recheck Cond: ((id >= 9934531) AND (id <= 9944530))
	        ->  Bitmap Index Scan on sbtest5_pkey  (cost=0.00..284.98 rows=9654 width=0)
	              Index Cond: ((id >= 9934531) AND (id <= 9944530))

table 6 : explain SELECT SUM(k) FROM sbtest6 WHERE id BETWEEN 7272410 AND 7282409
	Aggregate  (cost=34412.43..34412.44 rows=1 width=8)
	  ->  Bitmap Heap Scan on sbtest6  (cost=302.01..34387.65 rows=9910 width=4)
	        Recheck Cond: ((id >= 7272410) AND (id <= 7282409))
	        ->  Bitmap Index Scan on sbtest6_pkey  (cost=0.00..299.54 rows=9910 width=0)
	              Index Cond: ((id >= 7272410) AND (id <= 7282409))

table 7 : explain SELECT SUM(k) FROM sbtest7 WHERE id BETWEEN 6711201 AND 6721200
	Aggregate  (cost=34860.92..34860.93 rows=1 width=8)
	  ->  Bitmap Heap Scan on sbtest7  (cost=299.45..34835.79 rows=10050 width=4)
	        Recheck Cond: ((id >= 6711201) AND (id <= 6721200))
	        ->  Bitmap Index Scan on sbtest7_pkey  (cost=0.00..296.94 rows=10050 width=0)
	              Index Cond: ((id >= 6711201) AND (id <= 6721200))

table 8 : explain SELECT SUM(k) FROM sbtest8 WHERE id BETWEEN 4909112 AND 4919111
	Aggregate  (cost=32560.20..32560.21 rows=1 width=8)
	  ->  Bitmap Heap Scan on sbtest8  (cost=280.02..32536.89 rows=9325 width=4)
	        Recheck Cond: ((id >= 4909112) AND (id <= 4919111))
	        ->  Bitmap Index Scan on sbtest8_pkey  (cost=0.00..277.69 rows=9325 width=0)
	              Index Cond: ((id >= 4909112) AND (id <= 4919111))

for: distinct_ranges
table 1 : explain SELECT DISTINCT c FROM sbtest1 WHERE id BETWEEN 1459820 AND 1469819 ORDER BY c
	Unique  (cost=35900.18..35951.06 rows=10176 width=121)
	  ->  Sort  (cost=35900.18..35925.62 rows=10176 width=121)
	        Sort Key: c
	        ->  Bitmap Heap Scan on sbtest1  (cost=296.74..35222.82 rows=10176 width=121)
	              Recheck Cond: ((id >= 1459820) AND (id <= 1469819))
	              ->  Bitmap Index Scan on sbtest1_pkey  (cost=0.00..294.19 rows=10176 width=0)
	                    Index Cond: ((id >= 1459820) AND (id <= 1469819))

table 2 : explain SELECT DISTINCT c FROM sbtest2 WHERE id BETWEEN 5173693 AND 5183692 ORDER BY c
	Unique  (cost=34814.87..34864.05 rows=9837 width=121)
	  ->  Sort  (cost=34814.87..34839.46 rows=9837 width=121)
	        Sort Key: c
	        ->  Bitmap Heap Scan on sbtest2  (cost=293.26..34162.48 rows=9837 width=121)
	              Recheck Cond: ((id >= 5173693) AND (id <= 5183692))
	              ->  Bitmap Index Scan on sbtest2_pkey  (cost=0.00..290.81 rows=9837 width=0)
	                    Index Cond: ((id >= 5173693) AND (id <= 5183692))

table 3 : explain SELECT DISTINCT c FROM sbtest3 WHERE id BETWEEN 6037316 AND 6047315 ORDER BY c
	Unique  (cost=34044.34..34092.36 rows=9604 width=121)
	  ->  Sort  (cost=34044.34..34068.35 rows=9604 width=121)
	        Sort Key: c
	        ->  Bitmap Heap Scan on sbtest3  (cost=282.88..33409.06 rows=9604 width=121)
	              Recheck Cond: ((id >= 6037316) AND (id <= 6047315))
	              ->  Bitmap Index Scan on sbtest3_pkey  (cost=0.00..280.48 rows=9604 width=0)
	                    Index Cond: ((id >= 6037316) AND (id <= 6047315))

table 4 : explain SELECT DISTINCT c FROM sbtest4 WHERE id BETWEEN 5987159 AND 5997158 ORDER BY c
	Unique  (cost=35878.73..35929.55 rows=10164 width=121)
	  ->  Sort  (cost=35878.73..35904.14 rows=10164 width=121)
	        Sort Key: c
	        ->  Bitmap Heap Scan on sbtest4  (cost=300.62..35202.26 rows=10164 width=121)
	              Recheck Cond: ((id >= 5987159) AND (id <= 5997158))
	              ->  Bitmap Index Scan on sbtest4_pkey  (cost=0.00..298.07 rows=10164 width=0)
	                    Index Cond: ((id >= 5987159) AND (id <= 5997158))

table 5 : explain SELECT DISTINCT c FROM sbtest5 WHERE id BETWEEN 6521829 AND 6531828 ORDER BY c
	Unique  (cost=36019.40..36070.45 rows=10211 width=121)
	  ->  Sort  (cost=36019.40..36044.92 rows=10211 width=121)
	        Sort Key: c
	        ->  Bitmap Heap Scan on sbtest5  (cost=301.10..35339.45 rows=10211 width=121)
	              Recheck Cond: ((id >= 6521829) AND (id <= 6531828))
	              ->  Bitmap Index Scan on sbtest5_pkey  (cost=0.00..298.55 rows=10211 width=0)
	                    Index Cond: ((id >= 6521829) AND (id <= 6531828))

table 6 : explain SELECT DISTINCT c FROM sbtest6 WHERE id BETWEEN 3482529 AND 3492528 ORDER BY c
	Unique  (cost=37524.90..37578.31 rows=10681 width=121)
	  ->  Sort  (cost=37524.90..37551.61 rows=10681 width=121)
	        Sort Key: c
	        ->  Bitmap Heap Scan on sbtest6  (cost=321.92..36810.20 rows=10681 width=121)
	              Recheck Cond: ((id >= 3482529) AND (id <= 3492528))
	              ->  Bitmap Index Scan on sbtest6_pkey  (cost=0.00..319.25 rows=10681 width=0)
	                    Index Cond: ((id >= 3482529) AND (id <= 3492528))

table 7 : explain SELECT DISTINCT c FROM sbtest7 WHERE id BETWEEN 6504810 AND 6514809 ORDER BY c
	Unique  (cost=33777.23..33824.82 rows=9517 width=121)
	  ->  Sort  (cost=33777.23..33801.03 rows=9517 width=121)
	        Sort Key: c
	        ->  Bitmap Heap Scan on sbtest7  (cost=285.98..33148.34 rows=9517 width=121)
	              Recheck Cond: ((id >= 6504810) AND (id <= 6514809))
	              ->  Bitmap Index Scan on sbtest7_pkey  (cost=0.00..283.61 rows=9517 width=0)
	                    Index Cond: ((id >= 6504810) AND (id <= 6514809))

table 8 : explain SELECT DISTINCT c FROM sbtest8 WHERE id BETWEEN 6366484 AND 6376483 ORDER BY c
	Unique  (cost=38697.57..38752.78 rows=11043 width=121)
	  ->  Sort  (cost=38697.57..38725.18 rows=11043 width=121)
	        Sort Key: c
	        ->  Bitmap Heap Scan on sbtest8  (cost=333.63..37955.99 rows=11043 width=121)
	              Recheck Cond: ((id >= 6366484) AND (id <= 6376483))
	              ->  Bitmap Index Scan on sbtest8_pkey  (cost=0.00..330.87 rows=11043 width=0)
	                    Index Cond: ((id >= 6366484) AND (id <= 6376483))

for: distinct_ranges
table 1 : explain SELECT DISTINCT c FROM sbtest1 WHERE id BETWEEN 6713993 AND 6723992 ORDER BY c
	Unique  (cost=36502.36..36554.17 rows=10362 width=121)
	  ->  Sort  (cost=36502.36..36528.27 rows=10362 width=121)
	        Sort Key: c
	        ->  Bitmap Heap Scan on sbtest1  (cost=302.65..35811.27 rows=10362 width=121)
	              Recheck Cond: ((id >= 6713993) AND (id <= 6723992))
	              ->  Bitmap Index Scan on sbtest1_pkey  (cost=0.00..300.06 rows=10362 width=0)
	                    Index Cond: ((id >= 6713993) AND (id <= 6723992))

table 2 : explain SELECT DISTINCT c FROM sbtest2 WHERE id BETWEEN 5145831 AND 5155830 ORDER BY c
	Unique  (cost=33651.85..33699.25 rows=9480 width=121)
	  ->  Sort  (cost=33651.85..33675.55 rows=9480 width=121)
	        Sort Key: c
	        ->  Bitmap Heap Scan on sbtest2  (cost=281.61..33025.66 rows=9480 width=121)
	              Recheck Cond: ((id >= 5145831) AND (id <= 5155830))
	              ->  Bitmap Index Scan on sbtest2_pkey  (cost=0.00..279.24 rows=9480 width=0)
	                    Index Cond: ((id >= 5145831) AND (id <= 5155830))

table 3 : explain SELECT DISTINCT c FROM sbtest3 WHERE id BETWEEN 4847366 AND 4857365 ORDER BY c
	Unique  (cost=34989.66..35039.13 rows=9894 width=121)
	  ->  Sort  (cost=34989.66..35014.40 rows=9894 width=121)
	        Sort Key: c
	        ->  Bitmap Heap Scan on sbtest3  (cost=293.85..34333.08 rows=9894 width=121)
	              Recheck Cond: ((id >= 4847366) AND (id <= 4857365))
	              ->  Bitmap Index Scan on sbtest3_pkey  (cost=0.00..291.38 rows=9894 width=0)
	                    Index Cond: ((id >= 4847366) AND (id <= 4857365))

table 4 : explain SELECT DISTINCT c FROM sbtest4 WHERE id BETWEEN 1683081 AND 1693080 ORDER BY c
	Unique  (cost=37405.71..37458.91 rows=10639 width=121)
	  ->  Sort  (cost=37405.71..37432.31 rows=10639 width=121)
	        Sort Key: c
	        ->  Bitmap Heap Scan on sbtest4  (cost=313.48..36694.12 rows=10639 width=121)
	              Recheck Cond: ((id >= 1683081) AND (id <= 1693080))
	              ->  Bitmap Index Scan on sbtest4_pkey  (cost=0.00..310.82 rows=10639 width=0)
	                    Index Cond: ((id >= 1683081) AND (id <= 1693080))

table 5 : explain SELECT DISTINCT c FROM sbtest5 WHERE id BETWEEN 5768480 AND 5778479 ORDER BY c
	Unique  (cost=35979.64..36030.63 rows=10198 width=121)
	  ->  Sort  (cost=35979.64..36005.13 rows=10198 width=121)
	        Sort Key: c
	        ->  Bitmap Heap Scan on sbtest5  (cost=300.96..35300.65 rows=10198 width=121)
	              Recheck Cond: ((id >= 5768480) AND (id <= 5778479))
	              ->  Bitmap Index Scan on sbtest5_pkey  (cost=0.00..298.42 rows=10198 width=0)
	                    Index Cond: ((id >= 5768480) AND (id <= 5778479))

table 6 : explain SELECT DISTINCT c FROM sbtest6 WHERE id BETWEEN 9427800 AND 9437799 ORDER BY c
	Unique  (cost=33463.13..33510.25 rows=9424 width=121)
	  ->  Sort  (cost=33463.13..33486.69 rows=9424 width=121)
	        Sort Key: c
	        ->  Bitmap Heap Scan on sbtest6  (cost=285.03..32841.05 rows=9424 width=121)
	              Recheck Cond: ((id >= 9427800) AND (id <= 9437799))
	              ->  Bitmap Index Scan on sbtest6_pkey  (cost=0.00..282.68 rows=9424 width=0)
	                    Index Cond: ((id >= 9427800) AND (id <= 9437799))

table 7 : explain SELECT DISTINCT c FROM sbtest7 WHERE id BETWEEN 204874 AND 214873 ORDER BY c
	Unique  (cost=35092.60..35142.21 rows=9922 width=121)
	  ->  Sort  (cost=35092.60..35117.41 rows=9922 width=121)
	        Sort Key: c
	        ->  Bitmap Heap Scan on sbtest7  (cost=298.14..34433.96 rows=9922 width=121)
	              Recheck Cond: ((id >= 204874) AND (id <= 214873))
	              ->  Bitmap Index Scan on sbtest7_pkey  (cost=0.00..295.66 rows=9922 width=0)
	                    Index Cond: ((id >= 204874) AND (id <= 214873))

table 8 : explain SELECT DISTINCT c FROM sbtest8 WHERE id BETWEEN 5757936 AND 5767935 ORDER BY c
	Unique  (cost=37378.90..37432.06 rows=10631 width=121)
	  ->  Sort  (cost=37378.90..37405.48 rows=10631 width=121)
	        Sort Key: c
	        ->  Bitmap Heap Scan on sbtest8  (cost=321.40..36667.90 rows=10631 width=121)
	              Recheck Cond: ((id >= 5757936) AND (id <= 5767935))
	              ->  Bitmap Index Scan on sbtest8_pkey  (cost=0.00..318.75 rows=10631 width=0)
	                    Index Cond: ((id >= 5757936) AND (id <= 5767935))

for: distinct_ranges
table 1 : explain SELECT DISTINCT c FROM sbtest1 WHERE id BETWEEN 9262583 AND 9272582 ORDER BY c
	Unique  (cost=35754.49..35805.14 rows=10130 width=121)
	  ->  Sort  (cost=35754.49..35779.82 rows=10130 width=121)
	        Sort Key: c
	        ->  Bitmap Heap Scan on sbtest1  (cost=296.27..35080.53 rows=10130 width=121)
	              Recheck Cond: ((id >= 9262583) AND (id <= 9272582))
	              ->  Bitmap Index Scan on sbtest1_pkey  (cost=0.00..293.74 rows=10130 width=0)
	                    Index Cond: ((id >= 9262583) AND (id <= 9272582))

table 2 : explain SELECT DISTINCT c FROM sbtest2 WHERE id BETWEEN 6874237 AND 6884236 ORDER BY c
	Unique  (cost=34931.10..34980.47 rows=9873 width=121)
	  ->  Sort  (cost=34931.10..34955.79 rows=9873 width=121)
	        Sort Key: c
	        ->  Bitmap Heap Scan on sbtest2  (cost=293.63..34276.07 rows=9873 width=121)
	              Recheck Cond: ((id >= 6874237) AND (id <= 6884236))
	              ->  Bitmap Index Scan on sbtest2_pkey  (cost=0.00..291.17 rows=9873 width=0)
	                    Index Cond: ((id >= 6874237) AND (id <= 6884236))

table 3 : explain SELECT DISTINCT c FROM sbtest3 WHERE id BETWEEN 4109468 AND 4119467 ORDER BY c
	Unique  (cost=35221.95..35271.78 rows=9967 width=121)
	  ->  Sort  (cost=35221.95..35246.87 rows=9967 width=121)
	        Sort Key: c
	        ->  Bitmap Heap Scan on sbtest3  (cost=294.60..34559.99 rows=9967 width=121)
	              Recheck Cond: ((id >= 4109468) AND (id <= 4119467))
	              ->  Bitmap Index Scan on sbtest3_pkey  (cost=0.00..292.11 rows=9967 width=0)
	                    Index Cond: ((id >= 4109468) AND (id <= 4119467))

table 4 : explain SELECT DISTINCT c FROM sbtest4 WHERE id BETWEEN 1690078 AND 1700077 ORDER BY c
	Unique  (cost=37290.34..37343.35 rows=10602 width=121)
	  ->  Sort  (cost=37290.34..37316.84 rows=10602 width=121)
	        Sort Key: c
	        ->  Bitmap Heap Scan on sbtest4  (cost=313.11..36581.48 rows=10602 width=121)
	              Recheck Cond: ((id >= 1690078) AND (id <= 1700077))
	              ->  Bitmap Index Scan on sbtest4_pkey  (cost=0.00..310.45 rows=10602 width=0)
	                    Index Cond: ((id >= 1690078) AND (id <= 1700077))

table 5 : explain SELECT DISTINCT c FROM sbtest5 WHERE id BETWEEN 5335655 AND 5345654 ORDER BY c
	Unique  (cost=36618.12..36670.10 rows=10396 width=121)
	  ->  Sort  (cost=36618.12..36644.11 rows=10396 width=121)
	        Sort Key: c
	        ->  Bitmap Heap Scan on sbtest5  (cost=306.99..35924.51 rows=10396 width=121)
	              Recheck Cond: ((id >= 5335655) AND (id <= 5345654))
	              ->  Bitmap Index Scan on sbtest5_pkey  (cost=0.00..304.40 rows=10396 width=0)
	                    Index Cond: ((id >= 5335655) AND (id <= 5345654))

table 6 : explain SELECT DISTINCT c FROM sbtest6 WHERE id BETWEEN 6925576 AND 6935575 ORDER BY c
	Unique  (cost=33553.22..33600.48 rows=9452 width=121)
	  ->  Sort  (cost=33553.22..33576.85 rows=9452 width=121)
	        Sort Key: c
	        ->  Bitmap Heap Scan on sbtest6  (cost=285.32..32929.08 rows=9452 width=121)
	              Recheck Cond: ((id >= 6925576) AND (id <= 6935575))
	              ->  Bitmap Index Scan on sbtest6_pkey  (cost=0.00..282.95 rows=9452 width=0)
	                    Index Cond: ((id >= 6925576) AND (id <= 6935575))

table 7 : explain SELECT DISTINCT c FROM sbtest7 WHERE id BETWEEN 3935812 AND 3945811 ORDER BY c
	Unique  (cost=33670.51..33717.93 rows=9484 width=121)
	  ->  Sort  (cost=33670.51..33694.22 rows=9484 width=121)
	        Sort Key: c
	        ->  Bitmap Heap Scan on sbtest7  (cost=285.65..33044.03 rows=9484 width=121)
	              Recheck Cond: ((id >= 3935812) AND (id <= 3945811))
	              ->  Bitmap Index Scan on sbtest7_pkey  (cost=0.00..283.28 rows=9484 width=0)
	                    Index Cond: ((id >= 3935812) AND (id <= 3945811))

table 8 : explain SELECT DISTINCT c FROM sbtest8 WHERE id BETWEEN 4320154 AND 4330153 ORDER BY c
	Unique  (cost=36638.97..36690.97 rows=10401 width=121)
	  ->  Sort  (cost=36638.97..36664.97 rows=10401 width=121)
	        Sort Key: c
	        ->  Bitmap Heap Scan on sbtest8  (cost=311.05..35944.99 rows=10401 width=121)
	              Recheck Cond: ((id >= 4320154) AND (id <= 4330153))
	              ->  Bitmap Index Scan on sbtest8_pkey  (cost=0.00..308.44 rows=10401 width=0)
	                    Index Cond: ((id >= 4320154) AND (id <= 4330153))

for: sum_ranges
table 1 : explain SELECT SUM(k) FROM sbtest1 WHERE id BETWEEN 9645221 AND 9655220
	Aggregate  (cost=36244.42..36244.43 rows=1 width=8)
	  ->  Bitmap Heap Scan on sbtest1  (cost=307.98..36218.19 rows=10492 width=4)
	        Recheck Cond: ((id >= 9645221) AND (id <= 9655220))
	        ->  Bitmap Index Scan on sbtest1_pkey  (cost=0.00..305.36 rows=10492 width=0)
	              Index Cond: ((id >= 9645221) AND (id <= 9655220))

table 2 : explain SELECT SUM(k) FROM sbtest2 WHERE id BETWEEN 5205505 AND 5215504
	Aggregate  (cost=34187.07..34187.08 rows=1 width=8)
	  ->  Bitmap Heap Scan on sbtest2  (cost=293.26..34162.48 rows=9837 width=4)
	        Recheck Cond: ((id >= 5205505) AND (id <= 5215504))
	        ->  Bitmap Index Scan on sbtest2_pkey  (cost=0.00..290.81 rows=9837 width=0)
	              Index Cond: ((id >= 5205505) AND (id <= 5215504))

table 3 : explain SELECT SUM(k) FROM sbtest3 WHERE id BETWEEN 2396554 AND 2406553
	Aggregate  (cost=37268.95..37268.96 rows=1 width=8)
	  ->  Bitmap Heap Scan on sbtest3  (cost=319.35..37241.89 rows=10821 width=4)
	        Recheck Cond: ((id >= 2396554) AND (id <= 2406553))
	        ->  Bitmap Index Scan on sbtest3_pkey  (cost=0.00..316.65 rows=10821 width=0)
	              Index Cond: ((id >= 2396554) AND (id <= 2406553))

table 4 : explain SELECT SUM(k) FROM sbtest4 WHERE id BETWEEN 5453609 AND 5463608
	Aggregate  (cost=39437.97..39437.98 rows=1 width=8)
	  ->  Bitmap Heap Scan on sbtest4  (cost=342.41..39409.20 rows=11510 width=4)
	        Recheck Cond: ((id >= 5453609) AND (id <= 5463608))
	        ->  Bitmap Index Scan on sbtest4_pkey  (cost=0.00..339.54 rows=11510 width=0)
	              Index Cond: ((id >= 5453609) AND (id <= 5463608))

table 5 : explain SELECT SUM(k) FROM sbtest5 WHERE id BETWEEN 7165077 AND 7175076
	Aggregate  (cost=35397.31..35397.32 rows=1 width=8)
	  ->  Bitmap Heap Scan on sbtest5  (cost=301.20..35371.76 rows=10221 width=4)
	        Recheck Cond: ((id >= 7165077) AND (id <= 7175076))
	        ->  Bitmap Index Scan on sbtest5_pkey  (cost=0.00..298.65 rows=10221 width=0)
	              Index Cond: ((id >= 7165077) AND (id <= 7175076))

table 6 : explain SELECT SUM(k) FROM sbtest6 WHERE id BETWEEN 9383919 AND 9393918
	Aggregate  (cost=32007.42..32007.43 rows=1 width=8)
	  ->  Bitmap Heap Scan on sbtest6  (cost=278.27..31984.53 rows=9155 width=4)
	        Recheck Cond: ((id >= 9383919) AND (id <= 9393918))
	        ->  Bitmap Index Scan on sbtest6_pkey  (cost=0.00..275.99 rows=9155 width=0)
	              Index Cond: ((id >= 9383919) AND (id <= 9393918))

table 7 : explain SELECT SUM(k) FROM sbtest7 WHERE id BETWEEN 9714380 AND 9724379
	Aggregate  (cost=34328.89..34328.90 rows=1 width=8)
	  ->  Bitmap Heap Scan on sbtest7  (cost=297.71..34304.19 rows=9880 width=4)
	        Recheck Cond: ((id >= 9714380) AND (id <= 9724379))
	        ->  Bitmap Index Scan on sbtest7_pkey  (cost=0.00..295.24 rows=9880 width=0)
	              Index Cond: ((id >= 9714380) AND (id <= 9724379))

table 8 : explain SELECT SUM(k) FROM sbtest8 WHERE id BETWEEN 8505545 AND 8515544
	Aggregate  (cost=36932.53..36932.54 rows=1 width=8)
	  ->  Bitmap Heap Scan on sbtest8  (cost=322.18..36905.76 rows=10707 width=4)
	        Recheck Cond: ((id >= 8505545) AND (id <= 8515544))
	        ->  Bitmap Index Scan on sbtest8_pkey  (cost=0.00..319.50 rows=10707 width=0)
	              Index Cond: ((id >= 8505545) AND (id <= 8515544))

for: distinct_ranges
table 1 : explain SELECT DISTINCT c FROM sbtest1 WHERE id BETWEEN 5773765 AND 5783764 ORDER BY c
	Unique  (cost=30847.55..30890.68 rows=8626 width=121)
	  ->  Sort  (cost=30847.55..30869.11 rows=8626 width=121)
	        Sort Key: c
	        ->  Bitmap Heap Scan on sbtest1  (cost=252.85..30283.65 rows=8626 width=121)
	              Recheck Cond: ((id >= 5773765) AND (id <= 5783764))
	              ->  Bitmap Index Scan on sbtest1_pkey  (cost=0.00..250.69 rows=8626 width=0)
	                    Index Cond: ((id >= 5773765) AND (id <= 5783764))

table 2 : explain SELECT DISTINCT c FROM sbtest2 WHERE id BETWEEN 196562 AND 206561 ORDER BY c
	Unique  (cost=35465.89..35516.08 rows=10038 width=121)
	  ->  Sort  (cost=35465.89..35490.99 rows=10038 width=121)
	        Sort Key: c
	        ->  Bitmap Heap Scan on sbtest2  (cost=299.32..34798.71 rows=10038 width=121)
	              Recheck Cond: ((id >= 196562) AND (id <= 206561))
	              ->  Bitmap Index Scan on sbtest2_pkey  (cost=0.00..296.81 rows=10038 width=0)
	                    Index Cond: ((id >= 196562) AND (id <= 206561))

table 3 : explain SELECT DISTINCT c FROM sbtest3 WHERE id BETWEEN 7301664 AND 7311663 ORDER BY c
	Unique  (cost=36857.28..36909.64 rows=10473 width=121)
	  ->  Sort  (cost=36857.28..36883.46 rows=10473 width=121)
	        Sort Key: c
	        ->  Bitmap Heap Scan on sbtest3  (cost=311.78..36157.98 rows=10473 width=121)
	              Recheck Cond: ((id >= 7301664) AND (id <= 7311663))
	              ->  Bitmap Index Scan on sbtest3_pkey  (cost=0.00..309.17 rows=10473 width=0)
	                    Index Cond: ((id >= 7301664) AND (id <= 7311663))

table 4 : explain SELECT DISTINCT c FROM sbtest4 WHERE id BETWEEN 7369046 AND 7379045 ORDER BY c
	Unique  (cost=35112.13..35161.76 rows=9926 width=121)
	  ->  Sort  (cost=35112.13..35136.94 rows=9926 width=121)
	        Sort Key: c
	        ->  Bitmap Heap Scan on sbtest4  (cost=294.18..34453.19 rows=9926 width=121)
	              Recheck Cond: ((id >= 7369046) AND (id <= 7379045))
	              ->  Bitmap Index Scan on sbtest4_pkey  (cost=0.00..291.69 rows=9926 width=0)
	                    Index Cond: ((id >= 7369046) AND (id <= 7379045))

table 5 : explain SELECT DISTINCT c FROM sbtest5 WHERE id BETWEEN 7515669 AND 7525668 ORDER BY c
	Unique  (cost=37581.87..37635.35 rows=10696 width=121)
	  ->  Sort  (cost=37581.87..37608.61 rows=10696 width=121)
	        Sort Key: c
	        ->  Bitmap Heap Scan on sbtest5  (cost=318.07..36866.05 rows=10696 width=121)
	              Recheck Cond: ((id >= 7515669) AND (id <= 7525668))
	              ->  Bitmap Index Scan on sbtest5_pkey  (cost=0.00..315.40 rows=10696 width=0)
	                    Index Cond: ((id >= 7515669) AND (id <= 7525668))

table 6 : explain SELECT DISTINCT c FROM sbtest6 WHERE id BETWEEN 1096971 AND 1106970 ORDER BY c
	Unique  (cost=33877.13..33924.88 rows=9550 width=121)
	  ->  Sort  (cost=33877.13..33901.00 rows=9550 width=121)
	        Sort Key: c
	        ->  Bitmap Heap Scan on sbtest6  (cost=290.32..33245.81 rows=9550 width=121)
	              Recheck Cond: ((id >= 1096971) AND (id <= 1106970))
	              ->  Bitmap Index Scan on sbtest6_pkey  (cost=0.00..287.94 rows=9550 width=0)
	                    Index Cond: ((id >= 1096971) AND (id <= 1106970))

table 7 : explain SELECT DISTINCT c FROM sbtest7 WHERE id BETWEEN 9573542 AND 9583541 ORDER BY c
	Unique  (cost=35288.37..35338.28 rows=9983 width=121)
	  ->  Sort  (cost=35288.37..35313.32 rows=9983 width=121)
	        Sort Key: c
	        ->  Bitmap Heap Scan on sbtest7  (cost=298.76..34625.23 rows=9983 width=121)
	              Recheck Cond: ((id >= 9573542) AND (id <= 9583541))
	              ->  Bitmap Index Scan on sbtest7_pkey  (cost=0.00..296.26 rows=9983 width=0)
	                    Index Cond: ((id >= 9573542) AND (id <= 9583541))

table 8 : explain SELECT DISTINCT c FROM sbtest8 WHERE id BETWEEN 4866158 AND 4876157 ORDER BY c
	Unique  (cost=33151.73..33198.35 rows=9325 width=121)
	  ->  Sort  (cost=33151.73..33175.04 rows=9325 width=121)
	        Sort Key: c
	        ->  Bitmap Heap Scan on sbtest8  (cost=280.02..32536.89 rows=9325 width=121)
	              Recheck Cond: ((id >= 4866158) AND (id <= 4876157))
	              ->  Bitmap Index Scan on sbtest8_pkey  (cost=0.00..277.69 rows=9325 width=0)
	                    Index Cond: ((id >= 4866158) AND (id <= 4876157))

for: sum_ranges
table 1 : explain SELECT SUM(k) FROM sbtest1 WHERE id BETWEEN 3294429 AND 3304428
	Aggregate  (cost=36917.99..36918.00 rows=1 width=8)
	  ->  Bitmap Heap Scan on sbtest1  (cost=314.17..36891.23 rows=10706 width=4)
	        Recheck Cond: ((id >= 3294429) AND (id <= 3304428))
	        ->  Bitmap Index Scan on sbtest1_pkey  (cost=0.00..311.50 rows=10706 width=0)
	              Index Cond: ((id >= 3294429) AND (id <= 3304428))

table 2 : explain SELECT SUM(k) FROM sbtest2 WHERE id BETWEEN 3552286 AND 3562285
	Aggregate  (cost=36034.68..36034.69 rows=1 width=8)
	  ->  Bitmap Heap Scan on sbtest2  (cost=311.26..36008.62 rows=10422 width=4)
	        Recheck Cond: ((id >= 3552286) AND (id <= 3562285))
	        ->  Bitmap Index Scan on sbtest2_pkey  (cost=0.00..308.66 rows=10422 width=0)
	              Index Cond: ((id >= 3552286) AND (id <= 3562285))

table 3 : explain SELECT SUM(k) FROM sbtest3 WHERE id BETWEEN 1126123 AND 1136122
	Aggregate  (cost=32875.59..32875.60 rows=1 width=8)
	  ->  Bitmap Heap Scan on sbtest3  (cost=281.07..32852.02 rows=9428 width=4)
	        Recheck Cond: ((id >= 1126123) AND (id <= 1136122))
	        ->  Bitmap Index Scan on sbtest3_pkey  (cost=0.00..278.71 rows=9428 width=0)
	              Index Cond: ((id >= 1126123) AND (id <= 1136122))

table 4 : explain SELECT SUM(k) FROM sbtest4 WHERE id BETWEEN 9333861 AND 9343860
	Aggregate  (cost=33742.56..33742.57 rows=1 width=8)
	  ->  Bitmap Heap Scan on sbtest4  (cost=287.81..33718.32 rows=9695 width=4)
	        Recheck Cond: ((id >= 9333861) AND (id <= 9343860))
	        ->  Bitmap Index Scan on sbtest4_pkey  (cost=0.00..285.38 rows=9695 width=0)
	              Index Cond: ((id >= 9333861) AND (id <= 9343860))

table 5 : explain SELECT SUM(k) FROM sbtest5 WHERE id BETWEEN 2832375 AND 2842374
	Aggregate  (cost=33385.65..33385.66 rows=1 width=8)
	  ->  Bitmap Heap Scan on sbtest5  (cost=282.69..33361.68 rows=9586 width=4)
	        Recheck Cond: ((id >= 2832375) AND (id <= 2842374))
	        ->  Bitmap Index Scan on sbtest5_pkey  (cost=0.00..280.30 rows=9586 width=0)
	              Index Cond: ((id >= 2832375) AND (id <= 2842374))

table 6 : explain SELECT SUM(k) FROM sbtest6 WHERE id BETWEEN 8880791 AND 8890790
	Aggregate  (cost=34671.83..34671.84 rows=1 width=8)
	  ->  Bitmap Heap Scan on sbtest6  (cost=302.85..34646.85 rows=9992 width=4)
	        Recheck Cond: ((id >= 8880791) AND (id <= 8890790))
	        ->  Bitmap Index Scan on sbtest6_pkey  (cost=0.00..300.36 rows=9992 width=0)
	              Index Cond: ((id >= 8880791) AND (id <= 8890790))

table 7 : explain SELECT SUM(k) FROM sbtest7 WHERE id BETWEEN 5538901 AND 5548900
	Aggregate  (cost=37576.41..37576.42 rows=1 width=8)
	  ->  Bitmap Heap Scan on sbtest7  (cost=328.29..37549.13 rows=10913 width=4)
	        Recheck Cond: ((id >= 5538901) AND (id <= 5548900))
	        ->  Bitmap Index Scan on sbtest7_pkey  (cost=0.00..325.56 rows=10913 width=0)
	              Index Cond: ((id >= 5538901) AND (id <= 5548900))

table 8 : explain SELECT SUM(k) FROM sbtest8 WHERE id BETWEEN 2534937 AND 2544936
	Aggregate  (cost=38050.86..38050.87 rows=1 width=8)
	  ->  Bitmap Heap Scan on sbtest8  (cost=333.85..38023.20 rows=11065 width=4)
	        Recheck Cond: ((id >= 2534937) AND (id <= 2544936))
	        ->  Bitmap Index Scan on sbtest8_pkey  (cost=0.00..331.08 rows=11065 width=0)
	              Index Cond: ((id >= 2534937) AND (id <= 2544936))

for point_selects
table 1 : explain SELECT c FROM sbtest1 WHERE id=9519701
	Index Scan using sbtest1_pkey on sbtest1  (cost=0.43..8.45 rows=1 width=121)
	  Index Cond: (id = 9519701)

table 2 : explain SELECT c FROM sbtest2 WHERE id=9666066
	Index Scan using sbtest2_pkey on sbtest2  (cost=0.43..8.45 rows=1 width=121)
	  Index Cond: (id = 9666066)

table 3 : explain SELECT c FROM sbtest3 WHERE id=8015597
	Index Scan using sbtest3_pkey on sbtest3  (cost=0.43..8.45 rows=1 width=121)
	  Index Cond: (id = 8015597)

table 4 : explain SELECT c FROM sbtest4 WHERE id=908111
	Index Scan using sbtest4_pkey on sbtest4  (cost=0.43..8.45 rows=1 width=121)
	  Index Cond: (id = 908111)

table 5 : explain SELECT c FROM sbtest5 WHERE id=3140149
	Index Scan using sbtest5_pkey on sbtest5  (cost=0.43..8.45 rows=1 width=121)
	  Index Cond: (id = 3140149)

table 6 : explain SELECT c FROM sbtest6 WHERE id=2429447
	Index Scan using sbtest6_pkey on sbtest6  (cost=0.43..8.45 rows=1 width=121)
	  Index Cond: (id = 2429447)

table 7 : explain SELECT c FROM sbtest7 WHERE id=5798962
	Index Scan using sbtest7_pkey on sbtest7  (cost=0.43..8.45 rows=1 width=121)
	  Index Cond: (id = 5798962)

table 8 : explain SELECT c FROM sbtest8 WHERE id=9094818
	Index Scan using sbtest8_pkey on sbtest8  (cost=0.43..8.45 rows=1 width=121)
	  Index Cond: (id = 9094818)

for: order_ranges
table 1 : explain SELECT c FROM sbtest1 WHERE id BETWEEN 2150778 AND 2160777 ORDER BY c
	Sort  (cost=35289.99..35314.96 rows=9987 width=121)
	  Sort Key: c
	  ->  Bitmap Heap Scan on sbtest1  (cost=290.80..34626.57 rows=9987 width=121)
	        Recheck Cond: ((id >= 2150778) AND (id <= 2160777))
	        ->  Bitmap Index Scan on sbtest1_pkey  (cost=0.00..288.31 rows=9987 width=0)
	              Index Cond: ((id >= 2150778) AND (id <= 2160777))

table 2 : explain SELECT c FROM sbtest2 WHERE id BETWEEN 3914213 AND 3924212 ORDER BY c
	Sort  (cost=35184.10..35208.98 rows=9951 width=121)
	  Sort Key: c
	  ->  Bitmap Heap Scan on sbtest2  (cost=298.43..34523.32 rows=9951 width=121)
	        Recheck Cond: ((id >= 3914213) AND (id <= 3924212))
	        ->  Bitmap Index Scan on sbtest2_pkey  (cost=0.00..295.94 rows=9951 width=0)
	              Index Cond: ((id >= 3914213) AND (id <= 3924212))

table 3 : explain SELECT c FROM sbtest3 WHERE id BETWEEN 2458226 AND 2468225 ORDER BY c
	Sort  (cost=35424.05..35449.12 rows=10029 width=121)
	  Sort Key: c
	  ->  Bitmap Heap Scan on sbtest3  (cost=295.23..34757.53 rows=10029 width=121)
	        Recheck Cond: ((id >= 2458226) AND (id <= 2468225))
	        ->  Bitmap Index Scan on sbtest3_pkey  (cost=0.00..292.73 rows=10029 width=0)
	              Index Cond: ((id >= 2458226) AND (id <= 2468225))

table 4 : explain SELECT c FROM sbtest4 WHERE id BETWEEN 1227416 AND 1237415 ORDER BY c
	Sort  (cost=36097.16..36122.74 rows=10232 width=121)
	  Sort Key: c
	  ->  Bitmap Heap Scan on sbtest4  (cost=301.31..35415.67 rows=10232 width=121)
	        Recheck Cond: ((id >= 1227416) AND (id <= 1237415))
	        ->  Bitmap Index Scan on sbtest4_pkey  (cost=0.00..298.75 rows=10232 width=0)
	              Index Cond: ((id >= 1227416) AND (id <= 1237415))

table 5 : explain SELECT c FROM sbtest5 WHERE id BETWEEN 3995739 AND 4005738 ORDER BY c
	Sort  (cost=35183.88..35208.76 rows=9952 width=121)
	  Sort Key: c
	  ->  Bitmap Heap Scan on sbtest5  (cost=294.44..34523.03 rows=9952 width=121)
	        Recheck Cond: ((id >= 3995739) AND (id <= 4005738))
	        ->  Bitmap Index Scan on sbtest5_pkey  (cost=0.00..291.95 rows=9952 width=0)
	              Index Cond: ((id >= 3995739) AND (id <= 4005738))

table 6 : explain SELECT c FROM sbtest6 WHERE id BETWEEN 8348078 AND 8358077 ORDER BY c
	Sort  (cost=34646.30..34670.77 rows=9787 width=121)
	  Sort Key: c
	  ->  Bitmap Heap Scan on sbtest6  (cost=296.75..33997.59 rows=9787 width=121)
	        Recheck Cond: ((id >= 8348078) AND (id <= 8358077))
	        ->  Bitmap Index Scan on sbtest6_pkey  (cost=0.00..294.31 rows=9787 width=0)
	              Index Cond: ((id >= 8348078) AND (id <= 8358077))

table 7 : explain SELECT c FROM sbtest7 WHERE id BETWEEN 7098947 AND 7108946 ORDER BY c
	Sort  (cost=33098.87..33122.14 rows=9309 width=121)
	  Sort Key: c
	  ->  Bitmap Heap Scan on sbtest7  (cost=279.85..32485.20 rows=9309 width=121)
	        Recheck Cond: ((id >= 7098947) AND (id <= 7108946))
	        ->  Bitmap Index Scan on sbtest7_pkey  (cost=0.00..277.53 rows=9309 width=0)
	              Index Cond: ((id >= 7098947) AND (id <= 7108946))

table 8 : explain SELECT c FROM sbtest8 WHERE id BETWEEN 2148379 AND 2158378 ORDER BY c
	Sort  (cost=37582.96..37609.69 rows=10695 width=121)
	  Sort Key: c
	  ->  Bitmap Heap Scan on sbtest8  (cost=322.06..36867.21 rows=10695 width=121)
	        Recheck Cond: ((id >= 2148379) AND (id <= 2158378))
	        ->  Bitmap Index Scan on sbtest8_pkey  (cost=0.00..319.38 rows=10695 width=0)
	              Index Cond: ((id >= 2148379) AND (id <= 2158378))

for: order_ranges
table 1 : explain SELECT c FROM sbtest1 WHERE id BETWEEN 9629164 AND 9639163 ORDER BY c
	Sort  (cost=36918.89..36945.12 rows=10492 width=121)
	  Sort Key: c
	  ->  Bitmap Heap Scan on sbtest1  (cost=307.98..36218.19 rows=10492 width=121)
	        Recheck Cond: ((id >= 9629164) AND (id <= 9639163))
	        ->  Bitmap Index Scan on sbtest1_pkey  (cost=0.00..305.36 rows=10492 width=0)
	              Index Cond: ((id >= 9629164) AND (id <= 9639163))

table 2 : explain SELECT c FROM sbtest2 WHERE id BETWEEN 8601581 AND 8611580 ORDER BY c
	Sort  (cost=33187.82..33211.16 rows=9337 width=121)
	  Sort Key: c
	  ->  Bitmap Heap Scan on sbtest2  (cost=280.14..32572.11 rows=9337 width=121)
	        Recheck Cond: ((id >= 8601581) AND (id <= 8611580))
	        ->  Bitmap Index Scan on sbtest2_pkey  (cost=0.00..277.81 rows=9337 width=0)
	              Index Cond: ((id >= 8601581) AND (id <= 8611580))

table 3 : explain SELECT c FROM sbtest3 WHERE id BETWEEN 3791214 AND 3801213 ORDER BY c
	Sort  (cost=35477.80..35502.91 rows=10045 width=121)
	  Sort Key: c
	  ->  Bitmap Heap Scan on sbtest3  (cost=299.40..34810.10 rows=10045 width=121)
	        Recheck Cond: ((id >= 3791214) AND (id <= 3801213))
	        ->  Bitmap Index Scan on sbtest3_pkey  (cost=0.00..296.88 rows=10045 width=0)
	              Index Cond: ((id >= 3791214) AND (id <= 3801213))

table 4 : explain SELECT c FROM sbtest4 WHERE id BETWEEN 3195413 AND 3205412 ORDER BY c
	Sort  (cost=37323.35..37349.88 rows=10613 width=121)
	  Sort Key: c
	  ->  Bitmap Heap Scan on sbtest4  (cost=313.22..36613.68 rows=10613 width=121)
	        Recheck Cond: ((id >= 3195413) AND (id <= 3205412))
	        ->  Bitmap Index Scan on sbtest4_pkey  (cost=0.00..310.56 rows=10613 width=0)
	              Index Cond: ((id >= 3195413) AND (id <= 3205412))

table 5 : explain SELECT c FROM sbtest5 WHERE id BETWEEN 9617714 AND 9627713 ORDER BY c
	Sort  (cost=37242.13..37268.61 rows=10591 width=121)
	  Sort Key: c
	  ->  Bitmap Heap Scan on sbtest5  (cost=312.99..36534.09 rows=10591 width=121)
	        Recheck Cond: ((id >= 9617714) AND (id <= 9627713))
	        ->  Bitmap Index Scan on sbtest5_pkey  (cost=0.00..310.34 rows=10591 width=0)
	              Index Cond: ((id >= 9617714) AND (id <= 9627713))

table 6 : explain SELECT c FROM sbtest6 WHERE id BETWEEN 226098 AND 236097 ORDER BY c
	Sort  (cost=37488.76..37515.43 rows=10670 width=121)
	  Sort Key: c
	  ->  Bitmap Heap Scan on sbtest6  (cost=321.80..36774.87 rows=10670 width=121)
	        Recheck Cond: ((id >= 226098) AND (id <= 236097))
	        ->  Bitmap Index Scan on sbtest6_pkey  (cost=0.00..319.13 rows=10670 width=0)
	              Index Cond: ((id >= 226098) AND (id <= 236097))

table 7 : explain SELECT c FROM sbtest7 WHERE id BETWEEN 4696269 AND 4706268 ORDER BY c
	Sort  (cost=35503.86..35528.98 rows=10050 width=121)
	  Sort Key: c
	  ->  Bitmap Heap Scan on sbtest7  (cost=299.45..34835.79 rows=10050 width=121)
	        Recheck Cond: ((id >= 4696269) AND (id <= 4706268))
	        ->  Bitmap Index Scan on sbtest7_pkey  (cost=0.00..296.94 rows=10050 width=0)
	              Index Cond: ((id >= 4696269) AND (id <= 4706268))

table 8 : explain SELECT c FROM sbtest8 WHERE id BETWEEN 4122430 AND 4132429 ORDER BY c
	Sort  (cost=35377.87..35402.89 rows=10009 width=121)
	  Sort Key: c
	  ->  Bitmap Heap Scan on sbtest8  (cost=303.03..34712.82 rows=10009 width=121)
	        Recheck Cond: ((id >= 4122430) AND (id <= 4132429))
	        ->  Bitmap Index Scan on sbtest8_pkey  (cost=0.00..300.53 rows=10009 width=0)
	              Index Cond: ((id >= 4122430) AND (id <= 4132429))

for: sum_ranges
table 1 : explain SELECT SUM(k) FROM sbtest1 WHERE id BETWEEN 4204517 AND 4214516
	Aggregate  (cost=35494.78..35494.79 rows=1 width=8)
	  ->  Bitmap Heap Scan on sbtest1  (cost=301.53..35469.15 rows=10253 width=4)
	        Recheck Cond: ((id >= 4204517) AND (id <= 4214516))
	        ->  Bitmap Index Scan on sbtest1_pkey  (cost=0.00..298.96 rows=10253 width=0)
	              Index Cond: ((id >= 4204517) AND (id <= 4214516))

table 2 : explain SELECT SUM(k) FROM sbtest2 WHERE id BETWEEN 9745420 AND 9755419
	Aggregate  (cost=34807.60..34807.61 rows=1 width=8)
	  ->  Bitmap Heap Scan on sbtest2  (cost=299.27..34782.52 rows=10033 width=4)
	        Recheck Cond: ((id >= 9745420) AND (id <= 9755419))
	        ->  Bitmap Index Scan on sbtest2_pkey  (cost=0.00..296.76 rows=10033 width=0)
	              Index Cond: ((id >= 9745420) AND (id <= 9755419))

table 3 : explain SELECT SUM(k) FROM sbtest3 WHERE id BETWEEN 8231626 AND 8241625
	Aggregate  (cost=31361.19..31361.20 rows=1 width=8)
	  ->  Bitmap Heap Scan on sbtest3  (cost=264.22..31338.80 rows=8955 width=4)
	        Recheck Cond: ((id >= 8231626) AND (id <= 8241625))
	        ->  Bitmap Index Scan on sbtest3_pkey  (cost=0.00..261.99 rows=8955 width=0)
	              Index Cond: ((id >= 8231626) AND (id <= 8241625))

table 4 : explain SELECT SUM(k) FROM sbtest4 WHERE id BETWEEN 8481451 AND 8491450
	Aggregate  (cost=31622.25..31622.26 rows=1 width=8)
	  ->  Bitmap Heap Scan on sbtest4  (cost=269.00..31599.67 rows=9031 width=4)
	        Recheck Cond: ((id >= 8481451) AND (id <= 8491450))
	        ->  Bitmap Index Scan on sbtest4_pkey  (cost=0.00..266.75 rows=9031 width=0)
	              Index Cond: ((id >= 8481451) AND (id <= 8491450))

table 5 : explain SELECT SUM(k) FROM sbtest5 WHERE id BETWEEN 4533163 AND 4543162
	Aggregate  (cost=36834.10..36834.11 rows=1 width=8)
	  ->  Bitmap Heap Scan on sbtest5  (cost=313.88..36807.41 rows=10678 width=4)
	        Recheck Cond: ((id >= 4533163) AND (id <= 4543162))
	        ->  Bitmap Index Scan on sbtest5_pkey  (cost=0.00..311.21 rows=10678 width=0)
	              Index Cond: ((id >= 4533163) AND (id <= 4543162))

table 6 : explain SELECT SUM(k) FROM sbtest6 WHERE id BETWEEN 2249960 AND 2259959
	Aggregate  (cost=36085.98..36085.99 rows=1 width=8)
	  ->  Bitmap Heap Scan on sbtest6  (cost=315.46..36059.88 rows=10441 width=4)
	        Recheck Cond: ((id >= 2249960) AND (id <= 2259959))
	        ->  Bitmap Index Scan on sbtest6_pkey  (cost=0.00..312.84 rows=10441 width=0)
	              Index Cond: ((id >= 2249960) AND (id <= 2259959))

table 7 : explain SELECT SUM(k) FROM sbtest7 WHERE id BETWEEN 8116134 AND 8126133
	Aggregate  (cost=35046.31..35046.32 rows=1 width=8)
	  ->  Bitmap Heap Scan on sbtest7  (cost=304.03..35021.04 rows=10107 width=4)
	        Recheck Cond: ((id >= 8116134) AND (id <= 8126133))
	        ->  Bitmap Index Scan on sbtest7_pkey  (cost=0.00..301.50 rows=10107 width=0)
	              Index Cond: ((id >= 8116134) AND (id <= 8126133))

table 8 : explain SELECT SUM(k) FROM sbtest8 WHERE id BETWEEN 9463626 AND 9473625
	Aggregate  (cost=36432.86..36432.87 rows=1 width=8)
	  ->  Bitmap Heap Scan on sbtest8  (cost=316.55..36406.49 rows=10548 width=4)
	        Recheck Cond: ((id >= 9463626) AND (id <= 9473625))
	        ->  Bitmap Index Scan on sbtest8_pkey  (cost=0.00..313.92 rows=10548 width=0)
	              Index Cond: ((id >= 9463626) AND (id <= 9473625))

for: order_ranges
table 1 : explain SELECT c FROM sbtest1 WHERE id BETWEEN 7365875 AND 7375874 ORDER BY c
	Sort  (cost=33979.15..34003.11 rows=9583 width=121)
	  Sort Key: c
	  ->  Bitmap Heap Scan on sbtest1  (cost=278.66..33345.41 rows=9583 width=121)
	        Recheck Cond: ((id >= 7365875) AND (id <= 7375874))
	        ->  Bitmap Index Scan on sbtest1_pkey  (cost=0.00..276.26 rows=9583 width=0)
	              Index Cond: ((id >= 7365875) AND (id <= 7375874))

table 2 : explain SELECT c FROM sbtest2 WHERE id BETWEEN 8369513 AND 8379512 ORDER BY c
	Sort  (cost=35376.37..35401.40 rows=10010 width=121)
	  Sort Key: c
	  ->  Bitmap Heap Scan on sbtest2  (cost=299.04..34711.25 rows=10010 width=121)
	        Recheck Cond: ((id >= 8369513) AND (id <= 8379512))
	        ->  Bitmap Index Scan on sbtest2_pkey  (cost=0.00..296.54 rows=10010 width=0)
	              Index Cond: ((id >= 8369513) AND (id <= 8379512))

table 3 : explain SELECT c FROM sbtest3 WHERE id BETWEEN 181455 AND 191454 ORDER BY c
	Sort  (cost=33654.45..33678.15 rows=9483 width=121)
	  Sort Key: c
	  ->  Bitmap Heap Scan on sbtest3  (cost=281.64..33028.04 rows=9483 width=121)
	        Recheck Cond: ((id >= 181455) AND (id <= 191454))
	        ->  Bitmap Index Scan on sbtest3_pkey  (cost=0.00..279.26 rows=9483 width=0)
	              Index Cond: ((id >= 181455) AND (id <= 191454))

table 4 : explain SELECT c FROM sbtest4 WHERE id BETWEEN 3573391 AND 3583390 ORDER BY c
	Sort  (cost=35281.43..35306.38 rows=9979 width=121)
	  Sort Key: c
	  ->  Bitmap Heap Scan on sbtest4  (cost=294.72..34618.59 rows=9979 width=121)
	        Recheck Cond: ((id >= 3573391) AND (id <= 3583390))
	        ->  Bitmap Index Scan on sbtest4_pkey  (cost=0.00..292.23 rows=9979 width=0)
	              Index Cond: ((id >= 3573391) AND (id <= 3583390))

table 5 : explain SELECT c FROM sbtest5 WHERE id BETWEEN 3512610 AND 3522609 ORDER BY c
	Sort  (cost=32464.32..32487.11 rows=9117 width=121)
	  Sort Key: c
	  ->  Bitmap Heap Scan on sbtest5  (cost=269.88..31864.68 rows=9117 width=121)
	        Recheck Cond: ((id >= 3512610) AND (id <= 3522609))
	        ->  Bitmap Index Scan on sbtest5_pkey  (cost=0.00..267.61 rows=9117 width=0)
	              Index Cond: ((id >= 3512610) AND (id <= 3522609))

table 6 : explain SELECT c FROM sbtest6 WHERE id BETWEEN 4921301 AND 4931300 ORDER BY c
	Sort  (cost=34593.19..34617.62 rows=9771 width=121)
	  Sort Key: c
	  ->  Bitmap Heap Scan on sbtest6  (cost=296.59..33945.65 rows=9771 width=121)
	        Recheck Cond: ((id >= 4921301) AND (id <= 4931300))
	        ->  Bitmap Index Scan on sbtest6_pkey  (cost=0.00..294.15 rows=9771 width=0)
	              Index Cond: ((id >= 4921301) AND (id <= 4931300))

table 7 : explain SELECT c FROM sbtest7 WHERE id BETWEEN 6422855 AND 6432854 ORDER BY c
	Sort  (cost=36401.90..36427.72 rows=10327 width=121)
	  Sort Key: c
	  ->  Bitmap Heap Scan on sbtest7  (cost=310.29..35713.39 rows=10327 width=121)
	        Recheck Cond: ((id >= 6422855) AND (id <= 6432854))
	        ->  Bitmap Index Scan on sbtest7_pkey  (cost=0.00..307.70 rows=10327 width=0)
	              Index Cond: ((id >= 6422855) AND (id <= 6432854))

table 8 : explain SELECT c FROM sbtest8 WHERE id BETWEEN 9859890 AND 9869889 ORDER BY c
	Sort  (cost=34852.84..34877.46 rows=9847 width=121)
	  Sort Key: c
	  ->  Bitmap Heap Scan on sbtest8  (cost=297.37..34199.72 rows=9847 width=121)
	        Recheck Cond: ((id >= 9859890) AND (id <= 9869889))
	        ->  Bitmap Index Scan on sbtest8_pkey  (cost=0.00..294.91 rows=9847 width=0)
	              Index Cond: ((id >= 9859890) AND (id <= 9869889))

for: simple_ranges
table 1 : explain SELECT c FROM sbtest1 WHERE id BETWEEN 5285409 AND 5295408
	Bitmap Heap Scan on sbtest1  (cost=283.62..33645.53 rows=9677 width=121)
	  Recheck Cond: ((id >= 5285409) AND (id <= 5295408))
	  ->  Bitmap Index Scan on sbtest1_pkey  (cost=0.00..281.20 rows=9677 width=0)
	        Index Cond: ((id >= 5285409) AND (id <= 5295408))

table 2 : explain SELECT c FROM sbtest2 WHERE id BETWEEN 5472820 AND 5482819
	Bitmap Heap Scan on sbtest2  (cost=256.61..30210.34 rows=8602 width=121)
	  Recheck Cond: ((id >= 5472820) AND (id <= 5482819))
	  ->  Bitmap Index Scan on sbtest2_pkey  (cost=0.00..254.45 rows=8602 width=0)
	        Index Cond: ((id >= 5472820) AND (id <= 5482819))

table 3 : explain SELECT c FROM sbtest3 WHERE id BETWEEN 4168930 AND 4178929
	Bitmap Heap Scan on sbtest3  (cost=282.54..33304.91 rows=9571 width=121)
	  Recheck Cond: ((id >= 4168930) AND (id <= 4178929))
	  ->  Bitmap Index Scan on sbtest3_pkey  (cost=0.00..280.15 rows=9571 width=0)
	        Index Cond: ((id >= 4168930) AND (id <= 4178929))

table 4 : explain SELECT c FROM sbtest4 WHERE id BETWEEN 5172168 AND 5182167
	Bitmap Heap Scan on sbtest4  (cost=280.85..32801.89 rows=9406 width=121)
	  Recheck Cond: ((id >= 5172168) AND (id <= 5182167))
	  ->  Bitmap Index Scan on sbtest4_pkey  (cost=0.00..278.50 rows=9406 width=0)
	        Index Cond: ((id >= 5172168) AND (id <= 5182167))

table 5 : explain SELECT c FROM sbtest5 WHERE id BETWEEN 9118092 AND 9128091
	Bitmap Heap Scan on sbtest5  (cost=287.56..33635.78 rows=9671 width=121)
	  Recheck Cond: ((id >= 9118092) AND (id <= 9128091))
	  ->  Bitmap Index Scan on sbtest5_pkey  (cost=0.00..285.15 rows=9671 width=0)
	        Index Cond: ((id >= 9118092) AND (id <= 9128091))

table 6 : explain SELECT c FROM sbtest6 WHERE id BETWEEN 9254048 AND 9264047
	Bitmap Heap Scan on sbtest6  (cost=321.11..36562.74 rows=10602 width=121)
	  Recheck Cond: ((id >= 9254048) AND (id <= 9264047))
	  ->  Bitmap Index Scan on sbtest6_pkey  (cost=0.00..318.45 rows=10602 width=0)
	        Index Cond: ((id >= 9254048) AND (id <= 9264047))

table 7 : explain SELECT c FROM sbtest7 WHERE id BETWEEN 5574456 AND 5584455
	Bitmap Heap Scan on sbtest7  (cost=328.29..37549.13 rows=10913 width=121)
	  Recheck Cond: ((id >= 5574456) AND (id <= 5584455))
	  ->  Bitmap Index Scan on sbtest7_pkey  (cost=0.00..325.56 rows=10913 width=0)
	        Index Cond: ((id >= 5574456) AND (id <= 5584455))

table 8 : explain SELECT c FROM sbtest8 WHERE id BETWEEN 4151525 AND 4161524
	Bitmap Heap Scan on sbtest8  (cost=292.53..33935.94 rows=9765 width=121)
	  Recheck Cond: ((id >= 4151525) AND (id <= 4161524))
	  ->  Bitmap Index Scan on sbtest8_pkey  (cost=0.00..290.08 rows=9765 width=0)
	        Index Cond: ((id >= 4151525) AND (id <= 4161524))

for: order_ranges
table 1 : explain SELECT c FROM sbtest1 WHERE id BETWEEN 7956922 AND 7966921 ORDER BY c
	Sort  (cost=35446.44..35471.53 rows=10034 width=121)
	  Sort Key: c
	  ->  Bitmap Heap Scan on sbtest1  (cost=295.28..34779.55 rows=10034 width=121)
	        Recheck Cond: ((id >= 7956922) AND (id <= 7966921))
	        ->  Bitmap Index Scan on sbtest1_pkey  (cost=0.00..292.78 rows=10034 width=0)
	              Index Cond: ((id >= 7956922) AND (id <= 7966921))

table 2 : explain SELECT c FROM sbtest2 WHERE id BETWEEN 4613672 AND 4623671 ORDER BY c
	Sort  (cost=32494.68..32517.49 rows=9125 width=121)
	  Sort Key: c
	  ->  Bitmap Heap Scan on sbtest2  (cost=273.97..31894.46 rows=9125 width=121)
	        Recheck Cond: ((id >= 4613672) AND (id <= 4623671))
	        ->  Bitmap Index Scan on sbtest2_pkey  (cost=0.00..271.69 rows=9125 width=0)
	              Index Cond: ((id >= 4613672) AND (id <= 4623671))

table 3 : explain SELECT c FROM sbtest3 WHERE id BETWEEN 3292750 AND 3302749 ORDER BY c
	Sort  (cost=35875.08..35900.50 rows=10169 width=121)
	  Sort Key: c
	  ->  Bitmap Heap Scan on sbtest3  (cost=300.67..35198.24 rows=10169 width=121)
	        Recheck Cond: ((id >= 3292750) AND (id <= 3302749))
	        ->  Bitmap Index Scan on sbtest3_pkey  (cost=0.00..298.12 rows=10169 width=0)
	              Index Cond: ((id >= 3292750) AND (id <= 3302749))

table 4 : explain SELECT c FROM sbtest4 WHERE id BETWEEN 6990390 AND 7000389 ORDER BY c
	Sort  (cost=38964.76..38992.57 rows=11126 width=121)
	  Sort Key: c
	  ->  Bitmap Heap Scan on sbtest4  (cost=330.48..38217.00 rows=11126 width=121)
	        Recheck Cond: ((id >= 6990390) AND (id <= 7000389))
	        ->  Bitmap Index Scan on sbtest4_pkey  (cost=0.00..327.69 rows=11126 width=0)
	              Index Cond: ((id >= 6990390) AND (id <= 7000389))

table 5 : explain SELECT c FROM sbtest5 WHERE id BETWEEN 6837242 AND 6847241 ORDER BY c
	Sort  (cost=33324.52..33347.97 rows=9380 width=121)
	  Sort Key: c
	  ->  Bitmap Heap Scan on sbtest5  (cost=276.58..32705.66 rows=9380 width=121)
	        Recheck Cond: ((id >= 6837242) AND (id <= 6847241))
	        ->  Bitmap Index Scan on sbtest5_pkey  (cost=0.00..274.24 rows=9380 width=0)
	              Index Cond: ((id >= 6837242) AND (id <= 6847241))

table 6 : explain SELECT c FROM sbtest6 WHERE id BETWEEN 125144 AND 135143 ORDER BY c
	Sort  (cost=36809.62..36835.76 rows=10458 width=121)
	  Sort Key: c
	  ->  Bitmap Heap Scan on sbtest6  (cost=315.63..36111.43 rows=10458 width=121)
	        Recheck Cond: ((id >= 125144) AND (id <= 135143))
	        ->  Bitmap Index Scan on sbtest6_pkey  (cost=0.00..313.01 rows=10458 width=0)
	              Index Cond: ((id >= 125144) AND (id <= 135143))

table 7 : explain SELECT c FROM sbtest7 WHERE id BETWEEN 3623461 AND 3633460 ORDER BY c
	Sort  (cost=34806.32..34830.90 rows=9834 width=121)
	  Sort Key: c
	  ->  Bitmap Heap Scan on sbtest7  (cost=293.23..34154.15 rows=9834 width=121)
	        Recheck Cond: ((id >= 3623461) AND (id <= 3633460))
	        ->  Bitmap Index Scan on sbtest7_pkey  (cost=0.00..290.78 rows=9834 width=0)
	              Index Cond: ((id >= 3623461) AND (id <= 3633460))

table 8 : explain SELECT c FROM sbtest8 WHERE id BETWEEN 7867741 AND 7877740 ORDER BY c
	Sort  (cost=38391.89..38419.26 rows=10948 width=121)
	  Sort Key: c
	  ->  Bitmap Heap Scan on sbtest8  (cost=328.65..37657.37 rows=10948 width=121)
	        Recheck Cond: ((id >= 7867741) AND (id <= 7877740))
	        ->  Bitmap Index Scan on sbtest8_pkey  (cost=0.00..325.92 rows=10948 width=0)
	              Index Cond: ((id >= 7867741) AND (id <= 7877740))

for: sum_ranges
table 1 : explain SELECT SUM(k) FROM sbtest1 WHERE id BETWEEN 9074757 AND 9084756
	Aggregate  (cost=33441.80..33441.81 rows=1 width=8)
	  ->  Bitmap Heap Scan on sbtest1  (cost=282.89..33417.79 rows=9605 width=4)
	        Recheck Cond: ((id >= 9074757) AND (id <= 9084756))
	        ->  Bitmap Index Scan on sbtest1_pkey  (cost=0.00..280.49 rows=9605 width=0)
	              Index Cond: ((id >= 9074757) AND (id <= 9084756))

table 2 : explain SELECT SUM(k) FROM sbtest2 WHERE id BETWEEN 7723146 AND 7733145
	Aggregate  (cost=36105.65..36105.66 rows=1 width=8)
	  ->  Bitmap Heap Scan on sbtest2  (cost=311.50..36079.54 rows=10445 width=4)
	        Recheck Cond: ((id >= 7723146) AND (id <= 7733145))
	        ->  Bitmap Index Scan on sbtest2_pkey  (cost=0.00..308.88 rows=10445 width=0)
	              Index Cond: ((id >= 7723146) AND (id <= 7733145))

table 3 : explain SELECT SUM(k) FROM sbtest3 WHERE id BETWEEN 4433939 AND 4443938
	Aggregate  (cost=34545.98..34545.99 rows=1 width=8)
	  ->  Bitmap Heap Scan on sbtest3  (cost=294.46..34521.10 rows=9954 width=4)
	        Recheck Cond: ((id >= 4433939) AND (id <= 4443938))
	        ->  Bitmap Index Scan on sbtest3_pkey  (cost=0.00..291.98 rows=9954 width=0)
	              Index Cond: ((id >= 4433939) AND (id <= 4443938))

table 4 : explain SELECT SUM(k) FROM sbtest4 WHERE id BETWEEN 7091968 AND 7101967
	Aggregate  (cost=35636.03..35636.04 rows=1 width=8)
	  ->  Bitmap Heap Scan on sbtest4  (cost=305.94..35610.30 rows=10293 width=4)
	        Recheck Cond: ((id >= 7091968) AND (id <= 7101967))
	        ->  Bitmap Index Scan on sbtest4_pkey  (cost=0.00..303.37 rows=10293 width=0)
	              Index Cond: ((id >= 7091968) AND (id <= 7101967))

table 5 : explain SELECT SUM(k) FROM sbtest5 WHERE id BETWEEN 9310254 AND 9320253
	Aggregate  (cost=34999.24..34999.25 rows=1 width=8)
	  ->  Bitmap Heap Scan on sbtest5  (cost=299.90..34974.00 rows=10094 width=4)
	        Recheck Cond: ((id >= 9310254) AND (id <= 9320253))
	        ->  Bitmap Index Scan on sbtest5_pkey  (cost=0.00..297.38 rows=10094 width=0)
	              Index Cond: ((id >= 9310254) AND (id <= 9320253))

table 6 : explain SELECT SUM(k) FROM sbtest6 WHERE id BETWEEN 2582173 AND 2592172
	Aggregate  (cost=32377.14..32377.15 rows=1 width=8)
	  ->  Bitmap Heap Scan on sbtest6  (cost=279.46..32353.96 rows=9271 width=4)
	        Recheck Cond: ((id >= 2582173) AND (id <= 2592172))
	        ->  Bitmap Index Scan on sbtest6_pkey  (cost=0.00..277.15 rows=9271 width=0)
	              Index Cond: ((id >= 2582173) AND (id <= 2592172))

table 7 : explain SELECT SUM(k) FROM sbtest7 WHERE id BETWEEN 4262674 AND 4272673
	Aggregate  (cost=33710.47..33710.48 rows=1 width=8)
	  ->  Bitmap Heap Scan on sbtest7  (cost=291.72..33686.25 rows=9686 width=4)
	        Recheck Cond: ((id >= 4262674) AND (id <= 4272673))
	        ->  Bitmap Index Scan on sbtest7_pkey  (cost=0.00..289.30 rows=9686 width=0)
	              Index Cond: ((id >= 4262674) AND (id <= 4272673))

table 8 : explain SELECT SUM(k) FROM sbtest8 WHERE id BETWEEN 8095552 AND 8105551
	Aggregate  (cost=32553.67..32553.68 rows=1 width=8)
	  ->  Bitmap Heap Scan on sbtest8  (cost=280.00..32530.36 rows=9323 width=4)
	        Recheck Cond: ((id >= 8095552) AND (id <= 8105551))
	        ->  Bitmap Index Scan on sbtest8_pkey  (cost=0.00..277.67 rows=9323 width=0)
	              Index Cond: ((id >= 8095552) AND (id <= 8105551))

for: distinct_ranges
table 1 : explain SELECT DISTINCT c FROM sbtest1 WHERE id BETWEEN 8240383 AND 8250382 ORDER BY c
	Unique  (cost=38305.08..38359.70 rows=10925 width=121)
	  ->  Sort  (cost=38305.08..38332.39 rows=10925 width=121)
	        Sort Key: c
	        ->  Bitmap Heap Scan on sbtest1  (cost=320.42..37572.26 rows=10925 width=121)
	              Recheck Cond: ((id >= 8240383) AND (id <= 8250382))
	              ->  Bitmap Index Scan on sbtest1_pkey  (cost=0.00..317.69 rows=10925 width=0)
	                    Index Cond: ((id >= 8240383) AND (id <= 8250382))

table 2 : explain SELECT DISTINCT c FROM sbtest2 WHERE id BETWEEN 2080500 AND 2090499 ORDER BY c
	Unique  (cost=33020.00..33066.43 rows=9286 width=121)
	  ->  Sort  (cost=33020.00..33043.22 rows=9286 width=121)
	        Sort Key: c
	        ->  Bitmap Heap Scan on sbtest2  (cost=275.62..32408.01 rows=9286 width=121)
	              Recheck Cond: ((id >= 2080500) AND (id <= 2090499))
	              ->  Bitmap Index Scan on sbtest2_pkey  (cost=0.00..273.30 rows=9286 width=0)
	                    Index Cond: ((id >= 2080500) AND (id <= 2090499))

table 3 : explain SELECT DISTINCT c FROM sbtest3 WHERE id BETWEEN 8969345 AND 8979344 ORDER BY c
	Unique  (cost=33914.47..33962.29 rows=9564 width=121)
	  ->  Sort  (cost=33914.47..33938.38 rows=9564 width=121)
	        Sort Key: c
	        ->  Bitmap Heap Scan on sbtest3  (cost=282.47..33282.12 rows=9564 width=121)
	              Recheck Cond: ((id >= 8969345) AND (id <= 8979344))
	              ->  Bitmap Index Scan on sbtest3_pkey  (cost=0.00..280.07 rows=9564 width=0)
	                    Index Cond: ((id >= 8969345) AND (id <= 8979344))

table 4 : explain SELECT DISTINCT c FROM sbtest4 WHERE id BETWEEN 1513699 AND 1523698 ORDER BY c
	Unique  (cost=34516.63..34565.35 rows=9743 width=121)
	  ->  Sort  (cost=34516.63..34540.99 rows=9743 width=121)
	        Sort Key: c
	        ->  Bitmap Heap Scan on sbtest4  (cost=288.30..33871.15 rows=9743 width=121)
	              Recheck Cond: ((id >= 1513699) AND (id <= 1523698))
	              ->  Bitmap Index Scan on sbtest4_pkey  (cost=0.00..285.87 rows=9743 width=0)
	                    Index Cond: ((id >= 1513699) AND (id <= 1523698))

table 5 : explain SELECT DISTINCT c FROM sbtest5 WHERE id BETWEEN 6729692 AND 6739691 ORDER BY c
	Unique  (cost=36068.96..36120.09 rows=10226 width=121)
	  ->  Sort  (cost=36068.96..36094.53 rows=10226 width=121)
	        Sort Key: c
	        ->  Bitmap Heap Scan on sbtest5  (cost=301.25..35387.91 rows=10226 width=121)
	              Recheck Cond: ((id >= 6729692) AND (id <= 6739691))
	              ->  Bitmap Index Scan on sbtest5_pkey  (cost=0.00..298.69 rows=10226 width=0)
	                    Index Cond: ((id >= 6729692) AND (id <= 6739691))

table 6 : explain SELECT DISTINCT c FROM sbtest6 WHERE id BETWEEN 533080 AND 543079 ORDER BY c
	Unique  (cost=37353.80..37406.93 rows=10627 width=121)
	  ->  Sort  (cost=37353.80..37380.37 rows=10627 width=121)
	        Sort Key: c
	        ->  Bitmap Heap Scan on sbtest6  (cost=321.36..36643.09 rows=10627 width=121)
	              Recheck Cond: ((id >= 533080) AND (id <= 543079))
	              ->  Bitmap Index Scan on sbtest6_pkey  (cost=0.00..318.70 rows=10627 width=0)
	                    Index Cond: ((id >= 533080) AND (id <= 543079))

table 7 : explain SELECT DISTINCT c FROM sbtest7 WHERE id BETWEEN 3486292 AND 3496291 ORDER BY c
	Unique  (cost=35726.50..35777.09 rows=10118 width=121)
	  ->  Sort  (cost=35726.50..35751.79 rows=10118 width=121)
	        Sort Key: c
	        ->  Bitmap Heap Scan on sbtest7  (cost=304.14..35053.42 rows=10118 width=121)
	              Recheck Cond: ((id >= 3486292) AND (id <= 3496291))
	              ->  Bitmap Index Scan on sbtest7_pkey  (cost=0.00..301.62 rows=10118 width=0)
	                    Index Cond: ((id >= 3486292) AND (id <= 3496291))

table 8 : explain SELECT DISTINCT c FROM sbtest8 WHERE id BETWEEN 1094620 AND 1104619 ORDER BY c
	Unique  (cost=33626.50..33673.85 rows=9470 width=121)
	  ->  Sort  (cost=33626.50..33650.17 rows=9470 width=121)
	        Sort Key: c
	        ->  Bitmap Heap Scan on sbtest8  (cost=285.50..33001.05 rows=9470 width=121)
	              Recheck Cond: ((id >= 1094620) AND (id <= 1104619))
	              ->  Bitmap Index Scan on sbtest8_pkey  (cost=0.00..283.13 rows=9470 width=0)
	                    Index Cond: ((id >= 1094620) AND (id <= 1104619))

for: order_ranges
table 1 : explain SELECT c FROM sbtest1 WHERE id BETWEEN 1495190 AND 1505189 ORDER BY c
	Sort  (cost=38475.58..38503.02 rows=10978 width=121)
	  Sort Key: c
	  ->  Bitmap Heap Scan on sbtest1  (cost=320.96..37738.83 rows=10978 width=121)
	        Recheck Cond: ((id >= 1495190) AND (id <= 1505189))
	        ->  Bitmap Index Scan on sbtest1_pkey  (cost=0.00..318.21 rows=10978 width=0)
	              Index Cond: ((id >= 1495190) AND (id <= 1505189))

table 2 : explain SELECT c FROM sbtest2 WHERE id BETWEEN 1592642 AND 1602641 ORDER BY c
	Sort  (cost=33511.74..33535.33 rows=9437 width=121)
	  Sort Key: c
	  ->  Bitmap Heap Scan on sbtest2  (cost=281.16..32888.71 rows=9437 width=121)
	        Recheck Cond: ((id >= 1592642) AND (id <= 1602641))
	        ->  Bitmap Index Scan on sbtest2_pkey  (cost=0.00..278.81 rows=9437 width=0)
	              Index Cond: ((id >= 1592642) AND (id <= 1602641))

table 3 : explain SELECT c FROM sbtest3 WHERE id BETWEEN 2238358 AND 2248357 ORDER BY c
	Sort  (cost=38085.17..38112.31 rows=10858 width=121)
	  Sort Key: c
	  ->  Bitmap Heap Scan on sbtest3  (cost=319.73..37357.33 rows=10858 width=121)
	        Recheck Cond: ((id >= 2238358) AND (id <= 2248357))
	        ->  Bitmap Index Scan on sbtest3_pkey  (cost=0.00..317.01 rows=10858 width=0)
	              Index Cond: ((id >= 2238358) AND (id <= 2248357))

table 4 : explain SELECT c FROM sbtest4 WHERE id BETWEEN 8016418 AND 8026417 ORDER BY c
	Sort  (cost=33879.81..33903.68 rows=9547 width=121)
	  Sort Key: c
	  ->  Bitmap Heap Scan on sbtest4  (cost=282.29..33248.72 rows=9547 width=121)
	        Recheck Cond: ((id >= 8016418) AND (id <= 8026417))
	        ->  Bitmap Index Scan on sbtest4_pkey  (cost=0.00..279.91 rows=9547 width=0)
	              Index Cond: ((id >= 8016418) AND (id <= 8026417))

table 5 : explain SELECT c FROM sbtest5 WHERE id BETWEEN 8859256 AND 8869255 ORDER BY c
	Sort  (cost=33107.36..33130.64 rows=9313 width=121)
	  Sort Key: c
	  ->  Bitmap Heap Scan on sbtest5  (cost=275.89..32493.40 rows=9313 width=121)
	        Recheck Cond: ((id >= 8859256) AND (id <= 8869255))
	        ->  Bitmap Index Scan on sbtest5_pkey  (cost=0.00..273.56 rows=9313 width=0)
	              Index Cond: ((id >= 8859256) AND (id <= 8869255))

table 6 : explain SELECT c FROM sbtest6 WHERE id BETWEEN 673373 AND 683372 ORDER BY c
	Sort  (cost=33119.28..33142.58 rows=9318 width=121)
	  Sort Key: c
	  ->  Bitmap Heap Scan on sbtest6  (cost=283.94..32504.95 rows=9318 width=121)
	        Recheck Cond: ((id >= 673373) AND (id <= 683372))
	        ->  Bitmap Index Scan on sbtest6_pkey  (cost=0.00..281.62 rows=9318 width=0)
	              Index Cond: ((id >= 673373) AND (id <= 683372))

table 7 : explain SELECT c FROM sbtest7 WHERE id BETWEEN 7081147 AND 7091146 ORDER BY c
	Sort  (cost=33098.87..33122.14 rows=9309 width=121)
	  Sort Key: c
	  ->  Bitmap Heap Scan on sbtest7  (cost=279.85..32485.20 rows=9309 width=121)
	        Recheck Cond: ((id >= 7081147) AND (id <= 7091146))
	        ->  Bitmap Index Scan on sbtest7_pkey  (cost=0.00..277.53 rows=9309 width=0)
	              Index Cond: ((id >= 7081147) AND (id <= 7091146))

table 8 : explain SELECT c FROM sbtest8 WHERE id BETWEEN 5366673 AND 5376672 ORDER BY c
	Sort  (cost=32401.56..32424.30 rows=9096 width=121)
	  Sort Key: c
	  ->  Bitmap Heap Scan on sbtest8  (cost=273.67..31803.46 rows=9096 width=121)
	        Recheck Cond: ((id >= 5366673) AND (id <= 5376672))
	        ->  Bitmap Index Scan on sbtest8_pkey  (cost=0.00..271.40 rows=9096 width=0)
	              Index Cond: ((id >= 5366673) AND (id <= 5376672))

for: distinct_ranges
table 1 : explain SELECT DISTINCT c FROM sbtest1 WHERE id BETWEEN 1467217 AND 1477216 ORDER BY c
	Unique  (cost=35900.18..35951.06 rows=10176 width=121)
	  ->  Sort  (cost=35900.18..35925.62 rows=10176 width=121)
	        Sort Key: c
	        ->  Bitmap Heap Scan on sbtest1  (cost=296.74..35222.82 rows=10176 width=121)
	              Recheck Cond: ((id >= 1467217) AND (id <= 1477216))
	              ->  Bitmap Index Scan on sbtest1_pkey  (cost=0.00..294.19 rows=10176 width=0)
	                    Index Cond: ((id >= 1467217) AND (id <= 1477216))

table 2 : explain SELECT DISTINCT c FROM sbtest2 WHERE id BETWEEN 5549866 AND 5559865 ORDER BY c
	Unique  (cost=30772.50..30815.51 rows=8602 width=121)
	  ->  Sort  (cost=30772.50..30794.00 rows=8602 width=121)
	        Sort Key: c
	        ->  Bitmap Heap Scan on sbtest2  (cost=256.61..30210.34 rows=8602 width=121)
	              Recheck Cond: ((id >= 5549866) AND (id <= 5559865))
	              ->  Bitmap Index Scan on sbtest2_pkey  (cost=0.00..254.45 rows=8602 width=0)
	                    Index Cond: ((id >= 5549866) AND (id <= 5559865))

table 3 : explain SELECT DISTINCT c FROM sbtest3 WHERE id BETWEEN 8342919 AND 8352918 ORDER BY c
	Unique  (cost=34107.54..34155.65 rows=9623 width=121)
	  ->  Sort  (cost=34107.54..34131.59 rows=9623 width=121)
	        Sort Key: c
	        ->  Bitmap Heap Scan on sbtest3  (cost=283.07..33470.86 rows=9623 width=121)
	              Recheck Cond: ((id >= 8342919) AND (id <= 8352918))
	              ->  Bitmap Index Scan on sbtest3_pkey  (cost=0.00..280.67 rows=9623 width=0)
	                    Index Cond: ((id >= 8342919) AND (id <= 8352918))

table 4 : explain SELECT DISTINCT c FROM sbtest4 WHERE id BETWEEN 9938544 AND 9948543 ORDER BY c
	Unique  (cost=34773.32..34822.43 rows=9821 width=121)
	  ->  Sort  (cost=34773.32..34797.87 rows=9821 width=121)
	        Sort Key: c
	        ->  Bitmap Heap Scan on sbtest4  (cost=293.10..34122.11 rows=9821 width=121)
	              Recheck Cond: ((id >= 9938544) AND (id <= 9948543))
	              ->  Bitmap Index Scan on sbtest4_pkey  (cost=0.00..290.65 rows=9821 width=0)
	                    Index Cond: ((id >= 9938544) AND (id <= 9948543))

table 5 : explain SELECT DISTINCT c FROM sbtest5 WHERE id BETWEEN 5149807 AND 5159806 ORDER BY c
	Unique  (cost=34186.18..34234.40 rows=9644 width=121)
	  ->  Sort  (cost=34186.18..34210.29 rows=9644 width=121)
	        Sort Key: c
	        ->  Bitmap Heap Scan on sbtest5  (cost=287.29..33547.97 rows=9644 width=121)
	              Recheck Cond: ((id >= 5149807) AND (id <= 5159806))
	              ->  Bitmap Index Scan on sbtest5_pkey  (cost=0.00..284.88 rows=9644 width=0)
	                    Index Cond: ((id >= 5149807) AND (id <= 5159806))

table 6 : explain SELECT DISTINCT c FROM sbtest6 WHERE id BETWEEN 4028544 AND 4038543 ORDER BY c
	Unique  (cost=34749.28..34798.38 rows=9819 width=121)
	  ->  Sort  (cost=34749.28..34773.83 rows=9819 width=121)
	        Sort Key: c
	        ->  Bitmap Heap Scan on sbtest6  (cost=297.08..34098.21 rows=9819 width=121)
	              Recheck Cond: ((id >= 4028544) AND (id <= 4038543))
	              ->  Bitmap Index Scan on sbtest6_pkey  (cost=0.00..294.62 rows=9819 width=0)
	                    Index Cond: ((id >= 4028544) AND (id <= 4038543))

table 7 : explain SELECT DISTINCT c FROM sbtest7 WHERE id BETWEEN 962421 AND 972420 ORDER BY c
	Unique  (cost=36689.20..36741.28 rows=10417 width=121)
	  ->  Sort  (cost=36689.20..36715.24 rows=10417 width=121)
	        Sort Key: c
	        ->  Bitmap Heap Scan on sbtest7  (cost=311.21..35994.04 rows=10417 width=121)
	              Recheck Cond: ((id >= 962421) AND (id <= 972420))
	              ->  Bitmap Index Scan on sbtest7_pkey  (cost=0.00..308.61 rows=10417 width=0)
	                    Index Cond: ((id >= 962421) AND (id <= 972420))

table 8 : explain SELECT DISTINCT c FROM sbtest8 WHERE id BETWEEN 7907124 AND 7917123 ORDER BY c
	Unique  (cost=35715.93..35766.50 rows=10115 width=121)
	  ->  Sort  (cost=35715.93..35741.22 rows=10115 width=121)
	        Sort Key: c
	        ->  Bitmap Heap Scan on sbtest8  (cost=304.11..35043.07 rows=10115 width=121)
	              Recheck Cond: ((id >= 7907124) AND (id <= 7917123))
	              ->  Bitmap Index Scan on sbtest8_pkey  (cost=0.00..301.58 rows=10115 width=0)
	                    Index Cond: ((id >= 7907124) AND (id <= 7917123))

for: order_ranges
table 1 : explain SELECT c FROM sbtest1 WHERE id BETWEEN 5110004 AND 5120003 ORDER BY c
	Sort  (cost=32441.16..32463.94 rows=9111 width=121)
	  Sort Key: c
	  ->  Bitmap Heap Scan on sbtest1  (cost=265.82..31841.96 rows=9111 width=121)
	        Recheck Cond: ((id >= 5110004) AND (id <= 5120003))
	        ->  Bitmap Index Scan on sbtest1_pkey  (cost=0.00..263.55 rows=9111 width=0)
	              Index Cond: ((id >= 5110004) AND (id <= 5120003))

table 2 : explain SELECT c FROM sbtest2 WHERE id BETWEEN 5406832 AND 5416831 ORDER BY c
	Sort  (cost=35402.97..35428.02 rows=10019 width=121)
	  Sort Key: c
	  ->  Bitmap Heap Scan on sbtest2  (cost=299.13..34737.19 rows=10019 width=121)
	        Recheck Cond: ((id >= 5406832) AND (id <= 5416831))
	        ->  Bitmap Index Scan on sbtest2_pkey  (cost=0.00..296.62 rows=10019 width=0)
	              Index Cond: ((id >= 5406832) AND (id <= 5416831))

table 3 : explain SELECT c FROM sbtest3 WHERE id BETWEEN 7856574 AND 7866573 ORDER BY c
	Sort  (cost=38922.48..38950.28 rows=11119 width=121)
	  Sort Key: c
	  ->  Bitmap Heap Scan on sbtest3  (cost=330.40..38175.24 rows=11119 width=121)
	        Recheck Cond: ((id >= 7856574) AND (id <= 7866573))
	        ->  Bitmap Index Scan on sbtest3_pkey  (cost=0.00..327.62 rows=11119 width=0)
	              Index Cond: ((id >= 7856574) AND (id <= 7866573))

table 4 : explain SELECT c FROM sbtest4 WHERE id BETWEEN 9704588 AND 9714587 ORDER BY c
	Sort  (cost=31671.90..31694.08 rows=8872 width=121)
	  Sort Key: c
	  ->  Bitmap Heap Scan on sbtest4  (cost=263.37..31090.12 rows=8872 width=121)
	        Recheck Cond: ((id >= 9704588) AND (id <= 9714587))
	        ->  Bitmap Index Scan on sbtest4_pkey  (cost=0.00..261.16 rows=8872 width=0)
	              Index Cond: ((id >= 9704588) AND (id <= 9714587))

table 5 : explain SELECT c FROM sbtest5 WHERE id BETWEEN 730384 AND 740383 ORDER BY c
	Sort  (cost=38433.49..38460.90 rows=10963 width=121)
	  Sort Key: c
	  ->  Bitmap Heap Scan on sbtest5  (cost=324.81..37697.85 rows=10963 width=121)
	        Recheck Cond: ((id >= 730384) AND (id <= 740383))
	        ->  Bitmap Index Scan on sbtest5_pkey  (cost=0.00..322.06 rows=10963 width=0)
	              Index Cond: ((id >= 730384) AND (id <= 740383))

table 6 : explain SELECT c FROM sbtest6 WHERE id BETWEEN 6872131 AND 6882130 ORDER BY c
	Sort  (cost=35529.41..35554.57 rows=10061 width=121)
	  Sort Key: c
	  ->  Bitmap Heap Scan on sbtest6  (cost=303.56..34860.53 rows=10061 width=121)
	        Recheck Cond: ((id >= 6872131) AND (id <= 6882130))
	        ->  Bitmap Index Scan on sbtest6_pkey  (cost=0.00..301.05 rows=10061 width=0)
	              Index Cond: ((id >= 6872131) AND (id <= 6882130))

table 7 : explain SELECT c FROM sbtest7 WHERE id BETWEEN 1002303 AND 1012302 ORDER BY c
	Sort  (cost=32803.88..32826.92 rows=9219 width=121)
	  Sort Key: c
	  ->  Bitmap Heap Scan on sbtest7  (cost=274.93..32196.79 rows=9219 width=121)
	        Recheck Cond: ((id >= 1002303) AND (id <= 1012302))
	        ->  Bitmap Index Scan on sbtest7_pkey  (cost=0.00..272.62 rows=9219 width=0)
	              Index Cond: ((id >= 1002303) AND (id <= 1012302))

table 8 : explain SELECT c FROM sbtest8 WHERE id BETWEEN 7099477 AND 7109476 ORDER BY c
	Sort  (cost=36345.12..36370.90 rows=10310 width=121)
	  Sort Key: c
	  ->  Bitmap Heap Scan on sbtest8  (cost=310.11..35657.87 rows=10310 width=121)
	        Recheck Cond: ((id >= 7099477) AND (id <= 7109476))
	        ->  Bitmap Index Scan on sbtest8_pkey  (cost=0.00..307.54 rows=10310 width=0)
	              Index Cond: ((id >= 7099477) AND (id <= 7109476))

for: distinct_ranges
table 1 : explain SELECT DISTINCT c FROM sbtest1 WHERE id BETWEEN 2050333 AND 2060332 ORDER BY c
	Unique  (cost=31564.89..31609.11 rows=8844 width=121)
	  ->  Sort  (cost=31564.89..31587.00 rows=8844 width=121)
	        Sort Key: c
	        ->  Bitmap Heap Scan on sbtest1  (cost=259.09..30985.15 rows=8844 width=121)
	              Recheck Cond: ((id >= 2050333) AND (id <= 2060332))
	              ->  Bitmap Index Scan on sbtest1_pkey  (cost=0.00..256.88 rows=8844 width=0)
	                    Index Cond: ((id >= 2050333) AND (id <= 2060332))

table 2 : explain SELECT DISTINCT c FROM sbtest2 WHERE id BETWEEN 2940301 AND 2950300 ORDER BY c
	Unique  (cost=35850.81..35901.60 rows=10157 width=121)
	  ->  Sort  (cost=35850.81..35876.21 rows=10157 width=121)
	        Sort Key: c
	        ->  Bitmap Heap Scan on sbtest2  (cost=304.54..35174.86 rows=10157 width=121)
	              Recheck Cond: ((id >= 2940301) AND (id <= 2950300))
	              ->  Bitmap Index Scan on sbtest2_pkey  (cost=0.00..302.00 rows=10157 width=0)
	                    Index Cond: ((id >= 2940301) AND (id <= 2950300))

table 3 : explain SELECT DISTINCT c FROM sbtest3 WHERE id BETWEEN 9997762 AND 10007761 ORDER BY c
	Unique  (cost=9259.57..9271.67 rows=2419 width=121)
	  ->  Sort  (cost=9259.57..9265.62 rows=2419 width=121)
	        Sort Key: c
	        ->  Bitmap Heap Scan on sbtest3  (cost=73.23..9123.62 rows=2419 width=121)
	              Recheck Cond: ((id >= 9997762) AND (id <= 10007761))
	              ->  Bitmap Index Scan on sbtest3_pkey  (cost=0.00..72.62 rows=2419 width=0)
	                    Index Cond: ((id >= 9997762) AND (id <= 10007761))

table 4 : explain SELECT DISTINCT c FROM sbtest4 WHERE id BETWEEN 894016 AND 904015 ORDER BY c
	Unique  (cost=34097.13..34145.20 rows=9613 width=121)
	  ->  Sort  (cost=34097.13..34121.17 rows=9613 width=121)
	        Sort Key: c
	        ->  Bitmap Heap Scan on sbtest4  (cost=286.97..33461.20 rows=9613 width=121)
	              Recheck Cond: ((id >= 894016) AND (id <= 904015))
	              ->  Bitmap Index Scan on sbtest4_pkey  (cost=0.00..284.56 rows=9613 width=0)
	                    Index Cond: ((id >= 894016) AND (id <= 904015))

table 5 : explain SELECT DISTINCT c FROM sbtest5 WHERE id BETWEEN 9177012 AND 9187011 ORDER BY c
	Unique  (cost=34275.98..34324.33 rows=9671 width=121)
	  ->  Sort  (cost=34275.98..34300.15 rows=9671 width=121)
	        Sort Key: c
	        ->  Bitmap Heap Scan on sbtest5  (cost=287.56..33635.78 rows=9671 width=121)
	              Recheck Cond: ((id >= 9177012) AND (id <= 9187011))
	              ->  Bitmap Index Scan on sbtest5_pkey  (cost=0.00..285.15 rows=9671 width=0)
	                    Index Cond: ((id >= 9177012) AND (id <= 9187011))

table 6 : explain SELECT DISTINCT c FROM sbtest6 WHERE id BETWEEN 2126786 AND 2136785 ORDER BY c
	Unique  (cost=36125.56..36176.79 rows=10245 width=121)
	  ->  Sort  (cost=36125.56..36151.18 rows=10245 width=121)
	        Sort Key: c
	        ->  Bitmap Heap Scan on sbtest6  (cost=309.45..35443.11 rows=10245 width=121)
	              Recheck Cond: ((id >= 2126786) AND (id <= 2136785))
	              ->  Bitmap Index Scan on sbtest6_pkey  (cost=0.00..306.88 rows=10245 width=0)
	                    Index Cond: ((id >= 2126786) AND (id <= 2136785))

table 7 : explain SELECT DISTINCT c FROM sbtest7 WHERE id BETWEEN 6197766 AND 6207765 ORDER BY c
	Unique  (cost=36302.77..36354.25 rows=10296 width=121)
	  ->  Sort  (cost=36302.77..36328.51 rows=10296 width=121)
	        Sort Key: c
	        ->  Bitmap Heap Scan on sbtest7  (cost=309.97..35616.55 rows=10296 width=121)
	              Recheck Cond: ((id >= 6197766) AND (id <= 6207765))
	              ->  Bitmap Index Scan on sbtest7_pkey  (cost=0.00..307.40 rows=10296 width=0)
	                    Index Cond: ((id >= 6197766) AND (id <= 6207765))

table 8 : explain SELECT DISTINCT c FROM sbtest8 WHERE id BETWEEN 2559883 AND 2569882 ORDER BY c
	Unique  (cost=38766.42..38821.74 rows=11065 width=121)
	  ->  Sort  (cost=38766.42..38794.08 rows=11065 width=121)
	        Sort Key: c
	        ->  Bitmap Heap Scan on sbtest8  (cost=333.85..38023.20 rows=11065 width=121)
	              Recheck Cond: ((id >= 2559883) AND (id <= 2569882))
	              ->  Bitmap Index Scan on sbtest8_pkey  (cost=0.00..331.08 rows=11065 width=0)
	                    Index Cond: ((id >= 2559883) AND (id <= 2569882))

for: distinct_ranges
table 1 : explain SELECT DISTINCT c FROM sbtest1 WHERE id BETWEEN 2304121 AND 2314120 ORDER BY c
	Unique  (cost=35509.44..35559.71 rows=10054 width=121)
	  ->  Sort  (cost=35509.44..35534.58 rows=10054 width=121)
	        Sort Key: c
	        ->  Bitmap Heap Scan on sbtest1  (cost=295.49..34841.08 rows=10054 width=121)
	              Recheck Cond: ((id >= 2304121) AND (id <= 2314120))
	              ->  Bitmap Index Scan on sbtest1_pkey  (cost=0.00..292.98 rows=10054 width=0)
	                    Index Cond: ((id >= 2304121) AND (id <= 2314120))

table 2 : explain SELECT DISTINCT c FROM sbtest2 WHERE id BETWEEN 2575464 AND 2585463 ORDER BY c
	Unique  (cost=38304.92..38359.53 rows=10922 width=121)
	  ->  Sort  (cost=38304.92..38332.22 rows=10922 width=121)
	        Sort Key: c
	        ->  Bitmap Heap Scan on sbtest2  (cost=324.39..37572.33 rows=10922 width=121)
	              Recheck Cond: ((id >= 2575464) AND (id <= 2585463))
	              ->  Bitmap Index Scan on sbtest2_pkey  (cost=0.00..321.66 rows=10922 width=0)
	                    Index Cond: ((id >= 2575464) AND (id <= 2585463))

table 3 : explain SELECT DISTINCT c FROM sbtest3 WHERE id BETWEEN 5425224 AND 5435223 ORDER BY c
	Unique  (cost=38899.59..38955.15 rows=11112 width=121)
	  ->  Sort  (cost=38899.59..38927.37 rows=11112 width=121)
	        Sort Key: c
	        ->  Bitmap Heap Scan on sbtest3  (cost=330.33..38152.87 rows=11112 width=121)
	              Recheck Cond: ((id >= 5425224) AND (id <= 5435223))
	              ->  Bitmap Index Scan on sbtest3_pkey  (cost=0.00..327.56 rows=11112 width=0)
	                    Index Cond: ((id >= 5425224) AND (id <= 5435223))

table 4 : explain SELECT DISTINCT c FROM sbtest4 WHERE id BETWEEN 5317765 AND 5327764 ORDER BY c
	Unique  (cost=39531.67..39588.19 rows=11304 width=121)
	  ->  Sort  (cost=39531.67..39559.93 rows=11304 width=121)
	        Sort Key: c
	        ->  Bitmap Heap Scan on sbtest4  (cost=336.30..38770.65 rows=11304 width=121)
	              Recheck Cond: ((id >= 5317765) AND (id <= 5327764))
	              ->  Bitmap Index Scan on sbtest4_pkey  (cost=0.00..333.48 rows=11304 width=0)
	                    Index Cond: ((id >= 5317765) AND (id <= 5327764))

table 5 : explain SELECT DISTINCT c FROM sbtest5 WHERE id BETWEEN 9856885 AND 9866884 ORDER BY c
	Unique  (cost=34395.76..34444.30 rows=9708 width=121)
	  ->  Sort  (cost=34395.76..34420.03 rows=9708 width=121)
	        Sort Key: c
	        ->  Bitmap Heap Scan on sbtest5  (cost=287.94..33752.85 rows=9708 width=121)
	              Recheck Cond: ((id >= 9856885) AND (id <= 9866884))
	              ->  Bitmap Index Scan on sbtest5_pkey  (cost=0.00..285.51 rows=9708 width=0)
	                    Index Cond: ((id >= 9856885) AND (id <= 9866884))

table 6 : explain SELECT DISTINCT c FROM sbtest6 WHERE id BETWEEN 7348976 AND 7358975 ORDER BY c
	Unique  (cost=34716.10..34765.14 rows=9809 width=121)
	  ->  Sort  (cost=34716.10..34740.62 rows=9809 width=121)
	        Sort Key: c
	        ->  Bitmap Heap Scan on sbtest6  (cost=296.98..34065.77 rows=9809 width=121)
	              Recheck Cond: ((id >= 7348976) AND (id <= 7358975))
	              ->  Bitmap Index Scan on sbtest6_pkey  (cost=0.00..294.53 rows=9809 width=0)
	                    Index Cond: ((id >= 7348976) AND (id <= 7358975))

table 7 : explain SELECT DISTINCT c FROM sbtest7 WHERE id BETWEEN 7048410 AND 7058409 ORDER BY c
	Unique  (cost=33098.87..33145.42 rows=9309 width=121)
	  ->  Sort  (cost=33098.87..33122.14 rows=9309 width=121)
	        Sort Key: c
	        ->  Bitmap Heap Scan on sbtest7  (cost=279.85..32485.20 rows=9309 width=121)
	              Recheck Cond: ((id >= 7048410) AND (id <= 7058409))
	              ->  Bitmap Index Scan on sbtest7_pkey  (cost=0.00..277.53 rows=9309 width=0)
	                    Index Cond: ((id >= 7048410) AND (id <= 7058409))

table 8 : explain SELECT DISTINCT c FROM sbtest8 WHERE id BETWEEN 584244 AND 594243 ORDER BY c
	Unique  (cost=37190.45..37243.31 rows=10573 width=121)
	  ->  Sort  (cost=37190.45..37216.88 rows=10573 width=121)
	        Sort Key: c
	        ->  Bitmap Heap Scan on sbtest8  (cost=316.81..36483.74 rows=10573 width=121)
	              Recheck Cond: ((id >= 584244) AND (id <= 594243))
	              ->  Bitmap Index Scan on sbtest8_pkey  (cost=0.00..314.17 rows=10573 width=0)
	                    Index Cond: ((id >= 584244) AND (id <= 594243))

for: distinct_ranges
table 1 : explain SELECT DISTINCT c FROM sbtest1 WHERE id BETWEEN 3961571 AND 3971570 ORDER BY c
	Unique  (cost=35767.72..35818.39 rows=10134 width=121)
	  ->  Sort  (cost=35767.72..35793.06 rows=10134 width=121)
	        Sort Key: c
	        ->  Bitmap Heap Scan on sbtest1  (cost=296.31..35093.46 rows=10134 width=121)
	              Recheck Cond: ((id >= 3961571) AND (id <= 3971570))
	              ->  Bitmap Index Scan on sbtest1_pkey  (cost=0.00..293.78 rows=10134 width=0)
	                    Index Cond: ((id >= 3961571) AND (id <= 3971570))

table 2 : explain SELECT DISTINCT c FROM sbtest2 WHERE id BETWEEN 8189569 AND 8199568 ORDER BY c
	Unique  (cost=34285.50..34333.87 rows=9674 width=121)
	  ->  Sort  (cost=34285.50..34309.69 rows=9674 width=121)
	        Sort Key: c
	        ->  Bitmap Heap Scan on sbtest2  (cost=287.59..33645.09 rows=9674 width=121)
	              Recheck Cond: ((id >= 8189569) AND (id <= 8199568))
	              ->  Bitmap Index Scan on sbtest2_pkey  (cost=0.00..285.18 rows=9674 width=0)
	                    Index Cond: ((id >= 8189569) AND (id <= 8199568))

table 3 : explain SELECT DISTINCT c FROM sbtest3 WHERE id BETWEEN 703622 AND 713621 ORDER BY c
	Unique  (cost=33373.61..33420.60 rows=9398 width=121)
	  ->  Sort  (cost=33373.61..33397.10 rows=9398 width=121)
	        Sort Key: c
	        ->  Bitmap Heap Scan on sbtest3  (cost=276.76..32753.43 rows=9398 width=121)
	              Recheck Cond: ((id >= 703622) AND (id <= 713621))
	              ->  Bitmap Index Scan on sbtest3_pkey  (cost=0.00..274.42 rows=9398 width=0)
	                    Index Cond: ((id >= 703622) AND (id <= 713621))

table 4 : explain SELECT DISTINCT c FROM sbtest4 WHERE id BETWEEN 4837833 AND 4847832 ORDER BY c
	Unique  (cost=33729.77..33777.27 rows=9501 width=121)
	  ->  Sort  (cost=33729.77..33753.52 rows=9501 width=121)
	        Sort Key: c
	        ->  Bitmap Heap Scan on sbtest4  (cost=281.82..33102.04 rows=9501 width=121)
	              Recheck Cond: ((id >= 4837833) AND (id <= 4847832))
	              ->  Bitmap Index Scan on sbtest4_pkey  (cost=0.00..279.44 rows=9501 width=0)
	                    Index Cond: ((id >= 4837833) AND (id <= 4847832))

table 5 : explain SELECT DISTINCT c FROM sbtest5 WHERE id BETWEEN 6322530 AND 6332529 ORDER BY c
	Unique  (cost=35021.22..35070.73 rows=9901 width=121)
	  ->  Sort  (cost=35021.22..35045.98 rows=9901 width=121)
	        Sort Key: c
	        ->  Bitmap Heap Scan on sbtest5  (cost=293.92..34364.13 rows=9901 width=121)
	              Recheck Cond: ((id >= 6322530) AND (id <= 6332529))
	              ->  Bitmap Index Scan on sbtest5_pkey  (cost=0.00..291.44 rows=9901 width=0)
	                    Index Cond: ((id >= 6322530) AND (id <= 6332529))

table 6 : explain SELECT DISTINCT c FROM sbtest6 WHERE id BETWEEN 5681582 AND 5691581 ORDER BY c
	Unique  (cost=34250.06..34298.39 rows=9666 width=121)
	  ->  Sort  (cost=34250.06..34274.22 rows=9666 width=121)
	        Sort Key: c
	        ->  Bitmap Heap Scan on sbtest6  (cost=291.51..33610.23 rows=9666 width=121)
	              Recheck Cond: ((id >= 5681582) AND (id <= 5691581))
	              ->  Bitmap Index Scan on sbtest6_pkey  (cost=0.00..289.09 rows=9666 width=0)
	                    Index Cond: ((id >= 5681582) AND (id <= 5691581))

table 7 : explain SELECT DISTINCT c FROM sbtest7 WHERE id BETWEEN 1999079 AND 2009078 ORDER BY c
	Unique  (cost=38310.56..38365.17 rows=10922 width=121)
	  ->  Sort  (cost=38310.56..38337.86 rows=10922 width=121)
	        Sort Key: c
	        ->  Bitmap Heap Scan on sbtest7  (cost=328.39..37577.97 rows=10922 width=121)
	              Recheck Cond: ((id >= 1999079) AND (id <= 2009078))
	              ->  Bitmap Index Scan on sbtest7_pkey  (cost=0.00..325.66 rows=10922 width=0)
	                    Index Cond: ((id >= 1999079) AND (id <= 2009078))

table 8 : explain SELECT DISTINCT c FROM sbtest8 WHERE id BETWEEN 5998628 AND 6008627 ORDER BY c
	Unique  (cost=36778.34..36830.56 rows=10444 width=121)
	  ->  Sort  (cost=36778.34..36804.45 rows=10444 width=121)
	        Sort Key: c
	        ->  Bitmap Heap Scan on sbtest8  (cost=315.49..36081.18 rows=10444 width=121)
	              Recheck Cond: ((id >= 5998628) AND (id <= 6008627))
	              ->  Bitmap Index Scan on sbtest8_pkey  (cost=0.00..312.88 rows=10444 width=0)
	                    Index Cond: ((id >= 5998628) AND (id <= 6008627))

for: sum_ranges
table 1 : explain SELECT SUM(k) FROM sbtest1 WHERE id BETWEEN 9833298 AND 9843297
	Aggregate  (cost=35115.56..35115.57 rows=1 width=8)
	  ->  Bitmap Heap Scan on sbtest1  (cost=296.30..35090.23 rows=10133 width=4)
	        Recheck Cond: ((id >= 9833298) AND (id <= 9843297))
	        ->  Bitmap Index Scan on sbtest1_pkey  (cost=0.00..293.76 rows=10133 width=0)
	              Index Cond: ((id >= 9833298) AND (id <= 9843297))

table 2 : explain SELECT SUM(k) FROM sbtest2 WHERE id BETWEEN 1669059 AND 1679058
	Aggregate  (cost=32912.30..32912.31 rows=1 width=8)
	  ->  Bitmap Heap Scan on sbtest2  (cost=281.16..32888.71 rows=9437 width=4)
	        Recheck Cond: ((id >= 1669059) AND (id <= 1679058))
	        ->  Bitmap Index Scan on sbtest2_pkey  (cost=0.00..278.81 rows=9437 width=0)
	              Index Cond: ((id >= 1669059) AND (id <= 1679058))

table 3 : explain SELECT SUM(k) FROM sbtest3 WHERE id BETWEEN 852666 AND 862665
	Aggregate  (cost=34906.48..34906.49 rows=1 width=8)
	  ->  Bitmap Heap Scan on sbtest3  (cost=299.63..34881.31 rows=10068 width=4)
	        Recheck Cond: ((id >= 852666) AND (id <= 862665))
	        ->  Bitmap Index Scan on sbtest3_pkey  (cost=0.00..297.12 rows=10068 width=0)
	              Index Cond: ((id >= 852666) AND (id <= 862665))

table 4 : explain SELECT SUM(k) FROM sbtest4 WHERE id BETWEEN 9116988 AND 9126987
	Aggregate  (cost=31171.50..31171.51 rows=1 width=8)
	  ->  Bitmap Heap Scan on sbtest4  (cost=263.57..31149.27 rows=8891 width=4)
	        Recheck Cond: ((id >= 9116988) AND (id <= 9126987))
	        ->  Bitmap Index Scan on sbtest4_pkey  (cost=0.00..261.34 rows=8891 width=0)
	              Index Cond: ((id >= 9116988) AND (id <= 9126987))

table 5 : explain SELECT SUM(k) FROM sbtest5 WHERE id BETWEEN 2561273 AND 2571272
	Aggregate  (cost=34460.30..34460.31 rows=1 width=8)
	  ->  Bitmap Heap Scan on sbtest5  (cost=294.16..34435.49 rows=9924 width=4)
	        Recheck Cond: ((id >= 2561273) AND (id <= 2571272))
	        ->  Bitmap Index Scan on sbtest5_pkey  (cost=0.00..291.68 rows=9924 width=0)
	              Index Cond: ((id >= 2561273) AND (id <= 2571272))

table 6 : explain SELECT SUM(k) FROM sbtest6 WHERE id BETWEEN 2972061 AND 2982060
	Aggregate  (cost=34307.83..34307.84 rows=1 width=8)
	  ->  Bitmap Heap Scan on sbtest6  (cost=297.68..34283.14 rows=9878 width=4)
	        Recheck Cond: ((id >= 2972061) AND (id <= 2982060))
	        ->  Bitmap Index Scan on sbtest6_pkey  (cost=0.00..295.21 rows=9878 width=0)
	              Index Cond: ((id >= 2972061) AND (id <= 2982060))

table 7 : explain SELECT SUM(k) FROM sbtest7 WHERE id BETWEEN 3226629 AND 3236628
	Aggregate  (cost=39040.19..39040.20 rows=1 width=8)
	  ->  Bitmap Heap Scan on sbtest7  (cost=341.12..39011.73 rows=11384 width=4)
	        Recheck Cond: ((id >= 3226629) AND (id <= 3236628))
	        ->  Bitmap Index Scan on sbtest7_pkey  (cost=0.00..338.28 rows=11384 width=0)
	              Index Cond: ((id >= 3226629) AND (id <= 3236628))

table 8 : explain SELECT SUM(k) FROM sbtest8 WHERE id BETWEEN 5555823 AND 5565822
	Aggregate  (cost=33099.77..33099.78 rows=1 width=8)
	  ->  Bitmap Heap Scan on sbtest8  (cost=285.75..33076.04 rows=9494 width=4)
	        Recheck Cond: ((id >= 5555823) AND (id <= 5565822))
	        ->  Bitmap Index Scan on sbtest8_pkey  (cost=0.00..283.38 rows=9494 width=0)
	              Index Cond: ((id >= 5555823) AND (id <= 5565822))

for: order_ranges
table 1 : explain SELECT c FROM sbtest1 WHERE id BETWEEN 5838772 AND 5848771 ORDER BY c
	Sort  (cost=35545.85..35571.01 rows=10065 width=121)
	  Sort Key: c
	  ->  Bitmap Heap Scan on sbtest1  (cost=295.60..34876.68 rows=10065 width=121)
	        Recheck Cond: ((id >= 5838772) AND (id <= 5848771))
	        ->  Bitmap Index Scan on sbtest1_pkey  (cost=0.00..293.08 rows=10065 width=0)
	              Index Cond: ((id >= 5838772) AND (id <= 5848771))

table 2 : explain SELECT c FROM sbtest2 WHERE id BETWEEN 8008905 AND 8018904 ORDER BY c
	Sort  (cost=39407.02..39435.19 rows=11268 width=121)
	  Sort Key: c
	  ->  Bitmap Heap Scan on sbtest2  (cost=335.93..38648.68 rows=11268 width=121)
	        Recheck Cond: ((id >= 8008905) AND (id <= 8018904))
	        ->  Bitmap Index Scan on sbtest2_pkey  (cost=0.00..333.12 rows=11268 width=0)
	              Index Cond: ((id >= 8008905) AND (id <= 8018904))

table 3 : explain SELECT c FROM sbtest3 WHERE id BETWEEN 1697934 AND 1707933 ORDER BY c
	Sort  (cost=35168.84..35193.72 rows=9950 width=121)
	  Sort Key: c
	  ->  Bitmap Heap Scan on sbtest3  (cost=294.42..34508.14 rows=9950 width=121)
	        Recheck Cond: ((id >= 1697934) AND (id <= 1707933))
	        ->  Bitmap Index Scan on sbtest3_pkey  (cost=0.00..291.94 rows=9950 width=0)
	              Index Cond: ((id >= 1697934) AND (id <= 1707933))

table 4 : explain SELECT c FROM sbtest4 WHERE id BETWEEN 1552854 AND 1562853 ORDER BY c
	Sort  (cost=34516.63..34540.99 rows=9743 width=121)
	  Sort Key: c
	  ->  Bitmap Heap Scan on sbtest4  (cost=288.30..33871.15 rows=9743 width=121)
	        Recheck Cond: ((id >= 1552854) AND (id <= 1562853))
	        ->  Bitmap Index Scan on sbtest4_pkey  (cost=0.00..285.87 rows=9743 width=0)
	              Index Cond: ((id >= 1552854) AND (id <= 1562853))

table 5 : explain SELECT c FROM sbtest5 WHERE id BETWEEN 8339260 AND 8349259 ORDER BY c
	Sort  (cost=37317.80..37344.34 rows=10614 width=121)
	  Sort Key: c
	  ->  Bitmap Heap Scan on sbtest5  (cost=313.23..36608.06 rows=10614 width=121)
	        Recheck Cond: ((id >= 8339260) AND (id <= 8349259))
	        ->  Bitmap Index Scan on sbtest5_pkey  (cost=0.00..310.57 rows=10614 width=0)
	              Index Cond: ((id >= 8339260) AND (id <= 8349259))

table 6 : explain SELECT c FROM sbtest6 WHERE id BETWEEN 7463950 AND 7473949 ORDER BY c
	Sort  (cost=35204.56..35229.46 rows=9959 width=121)
	  Sort Key: c
	  ->  Bitmap Heap Scan on sbtest6  (cost=302.51..34543.20 rows=9959 width=121)
	        Recheck Cond: ((id >= 7463950) AND (id <= 7473949))
	        ->  Bitmap Index Scan on sbtest6_pkey  (cost=0.00..300.03 rows=9959 width=0)
	              Index Cond: ((id >= 7463950) AND (id <= 7473949))

table 7 : explain SELECT c FROM sbtest7 WHERE id BETWEEN 2524871 AND 2534870 ORDER BY c
	Sort  (cost=36781.60..36807.72 rows=10446 width=121)
	  Sort Key: c
	  ->  Bitmap Heap Scan on sbtest7  (cost=311.51..36084.30 rows=10446 width=121)
	        Recheck Cond: ((id >= 2524871) AND (id <= 2534870))
	        ->  Bitmap Index Scan on sbtest7_pkey  (cost=0.00..308.90 rows=10446 width=0)
	              Index Cond: ((id >= 2524871) AND (id <= 2534870))

table 8 : explain SELECT c FROM sbtest8 WHERE id BETWEEN 5805823 AND 5815822 ORDER BY c
	Sort  (cost=37378.90..37405.48 rows=10631 width=121)
	  Sort Key: c
	  ->  Bitmap Heap Scan on sbtest8  (cost=321.40..36667.90 rows=10631 width=121)
	        Recheck Cond: ((id >= 5805823) AND (id <= 5815822))
	        ->  Bitmap Index Scan on sbtest8_pkey  (cost=0.00..318.75 rows=10631 width=0)
	              Index Cond: ((id >= 5805823) AND (id <= 5815822))

for: distinct_ranges
table 1 : explain SELECT DISTINCT c FROM sbtest1 WHERE id BETWEEN 2897821 AND 2907820 ORDER BY c
	Unique  (cost=35516.06..35566.34 rows=10056 width=121)
	  ->  Sort  (cost=35516.06..35541.20 rows=10056 width=121)
	        Sort Key: c
	        ->  Bitmap Heap Scan on sbtest1  (cost=295.51..34847.55 rows=10056 width=121)
	              Recheck Cond: ((id >= 2897821) AND (id <= 2907820))
	              ->  Bitmap Index Scan on sbtest1_pkey  (cost=0.00..293.00 rows=10056 width=0)
	                    Index Cond: ((id >= 2897821) AND (id <= 2907820))

table 2 : explain SELECT DISTINCT c FROM sbtest2 WHERE id BETWEEN 4932877 AND 4942876 ORDER BY c
	Unique  (cost=32591.82..32637.59 rows=9155 width=121)
	  ->  Sort  (cost=32591.82..32614.70 rows=9155 width=121)
	        Sort Key: c
	        ->  Bitmap Heap Scan on sbtest2  (cost=274.27..31989.40 rows=9155 width=121)
	              Recheck Cond: ((id >= 4932877) AND (id <= 4942876))
	              ->  Bitmap Index Scan on sbtest2_pkey  (cost=0.00..271.99 rows=9155 width=0)
	                    Index Cond: ((id >= 4932877) AND (id <= 4942876))

table 3 : explain SELECT DISTINCT c FROM sbtest3 WHERE id BETWEEN 1756969 AND 1766968 ORDER BY c
	Unique  (cost=35085.90..35135.52 rows=9924 width=121)
	  ->  Sort  (cost=35085.90..35110.71 rows=9924 width=121)
	        Sort Key: c
	        ->  Bitmap Heap Scan on sbtest3  (cost=294.16..34427.11 rows=9924 width=121)
	              Recheck Cond: ((id >= 1756969) AND (id <= 1766968))
	              ->  Bitmap Index Scan on sbtest3_pkey  (cost=0.00..291.68 rows=9924 width=0)
	                    Index Cond: ((id >= 1756969) AND (id <= 1766968))

table 4 : explain SELECT DISTINCT c FROM sbtest4 WHERE id BETWEEN 8725442 AND 8735441 ORDER BY c
	Unique  (cost=36342.53..36394.07 rows=10307 width=121)
	  ->  Sort  (cost=36342.53..36368.30 rows=10307 width=121)
	        Sort Key: c
	        ->  Bitmap Heap Scan on sbtest4  (cost=306.08..35655.50 rows=10307 width=121)
	              Recheck Cond: ((id >= 8725442) AND (id <= 8735441))
	              ->  Bitmap Index Scan on sbtest4_pkey  (cost=0.00..303.50 rows=10307 width=0)
	                    Index Cond: ((id >= 8725442) AND (id <= 8735441))

table 5 : explain SELECT DISTINCT c FROM sbtest5 WHERE id BETWEEN 1919352 AND 1929351 ORDER BY c
	Unique  (cost=37729.84..37783.55 rows=10742 width=121)
	  ->  Sort  (cost=37729.84..37756.69 rows=10742 width=121)
	        Sort Key: c
	        ->  Bitmap Heap Scan on sbtest5  (cost=318.54..37010.61 rows=10742 width=121)
	              Recheck Cond: ((id >= 1919352) AND (id <= 1929351))
	              ->  Bitmap Index Scan on sbtest5_pkey  (cost=0.00..315.86 rows=10742 width=0)
	                    Index Cond: ((id >= 1919352) AND (id <= 1929351))

table 6 : explain SELECT DISTINCT c FROM sbtest6 WHERE id BETWEEN 842879 AND 852878 ORDER BY c
	Unique  (cost=35963.63..36014.60 rows=10195 width=121)
	  ->  Sort  (cost=35963.63..35989.11 rows=10195 width=121)
	        Sort Key: c
	        ->  Bitmap Heap Scan on sbtest6  (cost=308.93..35284.87 rows=10195 width=121)
	              Recheck Cond: ((id >= 842879) AND (id <= 852878))
	              ->  Bitmap Index Scan on sbtest6_pkey  (cost=0.00..306.38 rows=10195 width=0)
	                    Index Cond: ((id >= 842879) AND (id <= 852878))

table 7 : explain SELECT DISTINCT c FROM sbtest7 WHERE id BETWEEN 8952687 AND 8962686 ORDER BY c
	Unique  (cost=33519.73..33566.93 rows=9439 width=121)
	  ->  Sort  (cost=33519.73..33543.33 rows=9439 width=121)
	        Sort Key: c
	        ->  Bitmap Heap Scan on sbtest7  (cost=281.18..32896.55 rows=9439 width=121)
	              Recheck Cond: ((id >= 8952687) AND (id <= 8962686))
	              ->  Bitmap Index Scan on sbtest7_pkey  (cost=0.00..278.82 rows=9439 width=0)
	                    Index Cond: ((id >= 8952687) AND (id <= 8962686))

table 8 : explain SELECT DISTINCT c FROM sbtest8 WHERE id BETWEEN 5410775 AND 5420774 ORDER BY c
	Unique  (cost=32401.56..32447.04 rows=9096 width=121)
	  ->  Sort  (cost=32401.56..32424.30 rows=9096 width=121)
	        Sort Key: c
	        ->  Bitmap Heap Scan on sbtest8  (cost=273.67..31803.46 rows=9096 width=121)
	              Recheck Cond: ((id >= 5410775) AND (id <= 5420774))
	              ->  Bitmap Index Scan on sbtest8_pkey  (cost=0.00..271.40 rows=9096 width=0)
	                    Index Cond: ((id >= 5410775) AND (id <= 5420774))

for: distinct_ranges
table 1 : explain SELECT DISTINCT c FROM sbtest1 WHERE id BETWEEN 3647721 AND 3657720 ORDER BY c
	Unique  (cost=32796.65..32842.75 rows=9219 width=121)
	  ->  Sort  (cost=32796.65..32819.70 rows=9219 width=121)
	        Sort Key: c
	        ->  Bitmap Heap Scan on sbtest1  (cost=270.93..32189.57 rows=9219 width=121)
	              Recheck Cond: ((id >= 3647721) AND (id <= 3657720))
	              ->  Bitmap Index Scan on sbtest1_pkey  (cost=0.00..268.62 rows=9219 width=0)
	                    Index Cond: ((id >= 3647721) AND (id <= 3657720))

table 2 : explain SELECT DISTINCT c FROM sbtest2 WHERE id BETWEEN 68946 AND 78945 ORDER BY c
	Unique  (cost=32755.80..32801.82 rows=9205 width=121)
	  ->  Sort  (cost=32755.80..32778.81 rows=9205 width=121)
	        Sort Key: c
	        ->  Bitmap Heap Scan on sbtest2  (cost=274.79..32149.73 rows=9205 width=121)
	              Recheck Cond: ((id >= 68946) AND (id <= 78945))
	              ->  Bitmap Index Scan on sbtest2_pkey  (cost=0.00..272.49 rows=9205 width=0)
	                    Index Cond: ((id >= 68946) AND (id <= 78945))

table 3 : explain SELECT DISTINCT c FROM sbtest3 WHERE id BETWEEN 6025173 AND 6035172 ORDER BY c
	Unique  (cost=34044.34..34092.36 rows=9604 width=121)
	  ->  Sort  (cost=34044.34..34068.35 rows=9604 width=121)
	        Sort Key: c
	        ->  Bitmap Heap Scan on sbtest3  (cost=282.88..33409.06 rows=9604 width=121)
	              Recheck Cond: ((id >= 6025173) AND (id <= 6035172))
	              ->  Bitmap Index Scan on sbtest3_pkey  (cost=0.00..280.48 rows=9604 width=0)
	                    Index Cond: ((id >= 6025173) AND (id <= 6035172))

table 4 : explain SELECT DISTINCT c FROM sbtest4 WHERE id BETWEEN 9657856 AND 9667855 ORDER BY c
	Unique  (cost=31655.11..31699.45 rows=8867 width=121)
	  ->  Sort  (cost=31655.11..31677.28 rows=8867 width=121)
	        Sort Key: c
	        ->  Bitmap Heap Scan on sbtest4  (cost=263.32..31073.69 rows=8867 width=121)
	              Recheck Cond: ((id >= 9657856) AND (id <= 9667855))
	              ->  Bitmap Index Scan on sbtest4_pkey  (cost=0.00..261.11 rows=8867 width=0)
	                    Index Cond: ((id >= 9657856) AND (id <= 9667855))

table 5 : explain SELECT DISTINCT c FROM sbtest5 WHERE id BETWEEN 8037284 AND 8047283 ORDER BY c
	Unique  (cost=36131.83..36183.06 rows=10246 width=121)
	  ->  Sort  (cost=36131.83..36157.45 rows=10246 width=121)
	        Sort Key: c
	        ->  Bitmap Heap Scan on sbtest5  (cost=301.46..35449.31 rows=10246 width=121)
	              Recheck Cond: ((id >= 8037284) AND (id <= 8047283))
	              ->  Bitmap Index Scan on sbtest5_pkey  (cost=0.00..298.90 rows=10246 width=0)
	                    Index Cond: ((id >= 8037284) AND (id <= 8047283))

table 6 : explain SELECT DISTINCT c FROM sbtest6 WHERE id BETWEEN 5660713 AND 5670712 ORDER BY c
	Unique  (cost=33747.19..33794.74 rows=9510 width=121)
	  ->  Sort  (cost=33747.19..33770.97 rows=9510 width=121)
	        Sort Key: c
	        ->  Bitmap Heap Scan on sbtest6  (cost=289.91..33118.81 rows=9510 width=121)
	              Recheck Cond: ((id >= 5660713) AND (id <= 5670712))
	              ->  Bitmap Index Scan on sbtest6_pkey  (cost=0.00..287.54 rows=9510 width=0)
	                    Index Cond: ((id >= 5660713) AND (id <= 5670712))

table 7 : explain SELECT DISTINCT c FROM sbtest7 WHERE id BETWEEN 4672171 AND 4682170 ORDER BY c
	Unique  (cost=35503.86..35554.11 rows=10050 width=121)
	  ->  Sort  (cost=35503.86..35528.98 rows=10050 width=121)
	        Sort Key: c
	        ->  Bitmap Heap Scan on sbtest7  (cost=299.45..34835.79 rows=10050 width=121)
	              Recheck Cond: ((id >= 4672171) AND (id <= 4682170))
	              ->  Bitmap Index Scan on sbtest7_pkey  (cost=0.00..296.94 rows=10050 width=0)
	                    Index Cond: ((id >= 4672171) AND (id <= 4682170))

table 8 : explain SELECT DISTINCT c FROM sbtest8 WHERE id BETWEEN 2301186 AND 2311185 ORDER BY c
	Unique  (cost=35695.98..35746.52 rows=10108 width=121)
	  ->  Sort  (cost=35695.98..35721.25 rows=10108 width=121)
	        Sort Key: c
	        ->  Bitmap Heap Scan on sbtest8  (cost=304.04..35023.64 rows=10108 width=121)
	              Recheck Cond: ((id >= 2301186) AND (id <= 2311185))
	              ->  Bitmap Index Scan on sbtest8_pkey  (cost=0.00..301.51 rows=10108 width=0)
	                    Index Cond: ((id >= 2301186) AND (id <= 2311185))

for: distinct_ranges
table 1 : explain SELECT DISTINCT c FROM sbtest1 WHERE id BETWEEN 4032738 AND 4042737 ORDER BY c
	Unique  (cost=37337.30..37390.42 rows=10623 width=121)
	  ->  Sort  (cost=37337.30..37363.86 rows=10623 width=121)
	        Sort Key: c
	        ->  Bitmap Heap Scan on sbtest1  (cost=309.32..36626.90 rows=10623 width=121)
	              Recheck Cond: ((id >= 4032738) AND (id <= 4042737))
	              ->  Bitmap Index Scan on sbtest1_pkey  (cost=0.00..306.67 rows=10623 width=0)
	                    Index Cond: ((id >= 4032738) AND (id <= 4042737))

table 2 : explain SELECT DISTINCT c FROM sbtest2 WHERE id BETWEEN 2663650 AND 2673649 ORDER BY c
	Unique  (cost=36012.90..36063.93 rows=10207 width=121)
	  ->  Sort  (cost=36012.90..36038.41 rows=10207 width=121)
	        Sort Key: c
	        ->  Bitmap Heap Scan on sbtest2  (cost=305.06..35333.25 rows=10207 width=121)
	              Recheck Cond: ((id >= 2663650) AND (id <= 2673649))
	              ->  Bitmap Index Scan on sbtest2_pkey  (cost=0.00..302.50 rows=10207 width=0)
	                    Index Cond: ((id >= 2663650) AND (id <= 2673649))

table 3 : explain SELECT DISTINCT c FROM sbtest3 WHERE id BETWEEN 117468 AND 127467 ORDER BY c
	Unique  (cost=33654.45..33701.86 rows=9483 width=121)
	  ->  Sort  (cost=33654.45..33678.15 rows=9483 width=121)
	        Sort Key: c
	        ->  Bitmap Heap Scan on sbtest3  (cost=281.64..33028.04 rows=9483 width=121)
	              Recheck Cond: ((id >= 117468) AND (id <= 127467))
	              ->  Bitmap Index Scan on sbtest3_pkey  (cost=0.00..279.26 rows=9483 width=0)
	                    Index Cond: ((id >= 117468) AND (id <= 127467))

table 4 : explain SELECT DISTINCT c FROM sbtest4 WHERE id BETWEEN 7899053 AND 7909052 ORDER BY c
	Unique  (cost=37837.50..37891.37 rows=10773 width=121)
	  ->  Sort  (cost=37837.50..37864.43 rows=10773 width=121)
	        Sort Key: c
	        ->  Bitmap Heap Scan on sbtest4  (cost=318.86..37115.97 rows=10773 width=121)
	              Recheck Cond: ((id >= 7899053) AND (id <= 7909052))
	              ->  Bitmap Index Scan on sbtest4_pkey  (cost=0.00..316.17 rows=10773 width=0)
	                    Index Cond: ((id >= 7899053) AND (id <= 7909052))

table 5 : explain SELECT DISTINCT c FROM sbtest5 WHERE id BETWEEN 6550957 AND 6560956 ORDER BY c
	Unique  (cost=36019.40..36070.45 rows=10211 width=121)
	  ->  Sort  (cost=36019.40..36044.92 rows=10211 width=121)
	        Sort Key: c
	        ->  Bitmap Heap Scan on sbtest5  (cost=301.10..35339.45 rows=10211 width=121)
	              Recheck Cond: ((id >= 6550957) AND (id <= 6560956))
	              ->  Bitmap Index Scan on sbtest5_pkey  (cost=0.00..298.55 rows=10211 width=0)
	                    Index Cond: ((id >= 6550957) AND (id <= 6560956))

table 6 : explain SELECT DISTINCT c FROM sbtest6 WHERE id BETWEEN 3705555 AND 3715554 ORDER BY c
	Unique  (cost=34546.61..34595.39 rows=9756 width=121)
	  ->  Sort  (cost=34546.61..34571.00 rows=9756 width=121)
	        Sort Key: c
	        ->  Bitmap Heap Scan on sbtest6  (cost=296.43..33900.17 rows=9756 width=121)
	              Recheck Cond: ((id >= 3705555) AND (id <= 3715554))
	              ->  Bitmap Index Scan on sbtest6_pkey  (cost=0.00..294.00 rows=9756 width=0)
	                    Index Cond: ((id >= 3705555) AND (id <= 3715554))

table 7 : explain SELECT DISTINCT c FROM sbtest7 WHERE id BETWEEN 2597350 AND 2607349 ORDER BY c
	Unique  (cost=36540.59..36592.44 rows=10370 width=121)
	  ->  Sort  (cost=36540.59..36566.51 rows=10370 width=121)
	        Sort Key: c
	        ->  Bitmap Heap Scan on sbtest7  (cost=310.73..35848.90 rows=10370 width=121)
	              Recheck Cond: ((id >= 2597350) AND (id <= 2607349))
	              ->  Bitmap Index Scan on sbtest7_pkey  (cost=0.00..308.13 rows=10370 width=0)
	                    Index Cond: ((id >= 2597350) AND (id <= 2607349))

table 8 : explain SELECT DISTINCT c FROM sbtest8 WHERE id BETWEEN 5109962 AND 5119961 ORDER BY c
	Unique  (cost=32894.32..32940.55 rows=9246 width=121)
	  ->  Sort  (cost=32894.32..32917.44 rows=9246 width=121)
	        Sort Key: c
	        ->  Bitmap Heap Scan on sbtest8  (cost=279.21..32285.26 rows=9246 width=121)
	              Recheck Cond: ((id >= 5109962) AND (id <= 5119961))
	              ->  Bitmap Index Scan on sbtest8_pkey  (cost=0.00..276.90 rows=9246 width=0)
	                    Index Cond: ((id >= 5109962) AND (id <= 5119961))

for: order_ranges
table 1 : explain SELECT c FROM sbtest1 WHERE id BETWEEN 9457170 AND 9467169 ORDER BY c
	Sort  (cost=37330.73..37357.28 rows=10621 width=121)
	  Sort Key: c
	  ->  Bitmap Heap Scan on sbtest1  (cost=309.30..36620.47 rows=10621 width=121)
	        Recheck Cond: ((id >= 9457170) AND (id <= 9467169))
	        ->  Bitmap Index Scan on sbtest1_pkey  (cost=0.00..306.65 rows=10621 width=0)
	              Index Cond: ((id >= 9457170) AND (id <= 9467169))

table 2 : explain SELECT c FROM sbtest2 WHERE id BETWEEN 2926424 AND 2936423 ORDER BY c
	Sort  (cost=35850.81..35876.21 rows=10157 width=121)
	  Sort Key: c
	  ->  Bitmap Heap Scan on sbtest2  (cost=304.54..35174.86 rows=10157 width=121)
	        Recheck Cond: ((id >= 2926424) AND (id <= 2936423))
	        ->  Bitmap Index Scan on sbtest2_pkey  (cost=0.00..302.00 rows=10157 width=0)
	              Index Cond: ((id >= 2926424) AND (id <= 2936423))

table 3 : explain SELECT c FROM sbtest3 WHERE id BETWEEN 371195 AND 381194 ORDER BY c
	Sort  (cost=35792.34..35817.70 rows=10143 width=121)
	  Sort Key: c
	  ->  Bitmap Heap Scan on sbtest3  (cost=300.40..35117.42 rows=10143 width=121)
	        Recheck Cond: ((id >= 371195) AND (id <= 381194))
	        ->  Bitmap Index Scan on sbtest3_pkey  (cost=0.00..297.87 rows=10143 width=0)
	              Index Cond: ((id >= 371195) AND (id <= 381194))

table 4 : explain SELECT c FROM sbtest4 WHERE id BETWEEN 7058572 AND 7068571 ORDER BY c
	Sort  (cost=38964.76..38992.57 rows=11126 width=121)
	  Sort Key: c
	  ->  Bitmap Heap Scan on sbtest4  (cost=330.48..38217.00 rows=11126 width=121)
	        Recheck Cond: ((id >= 7058572) AND (id <= 7068571))
	        ->  Bitmap Index Scan on sbtest4_pkey  (cost=0.00..327.69 rows=11126 width=0)
	              Index Cond: ((id >= 7058572) AND (id <= 7068571))

table 5 : explain SELECT c FROM sbtest5 WHERE id BETWEEN 4953111 AND 4963110 ORDER BY c
	Sort  (cost=39682.10..39710.48 rows=11355 width=121)
	  Sort Key: c
	  ->  Bitmap Heap Scan on sbtest5  (cost=336.82..38917.28 rows=11355 width=121)
	        Recheck Cond: ((id >= 4953111) AND (id <= 4963110))
	        ->  Bitmap Index Scan on sbtest5_pkey  (cost=0.00..333.99 rows=11355 width=0)
	              Index Cond: ((id >= 4953111) AND (id <= 4963110))

table 6 : explain SELECT c FROM sbtest6 WHERE id BETWEEN 5774556 AND 5784555 ORDER BY c
	Sort  (cost=31358.01..31379.96 rows=8781 width=121)
	  Sort Key: c
	  ->  Bitmap Heap Scan on sbtest6  (cost=266.44..30782.85 rows=8781 width=121)
	        Recheck Cond: ((id >= 5774556) AND (id <= 5784555))
	        ->  Bitmap Index Scan on sbtest6_pkey  (cost=0.00..264.25 rows=8781 width=0)
	              Index Cond: ((id >= 5774556) AND (id <= 5784555))

table 7 : explain SELECT c FROM sbtest7 WHERE id BETWEEN 1089791 AND 1099790 ORDER BY c
	Sort  (cost=34344.17..34368.40 rows=9691 width=121)
	  Sort Key: c
	  ->  Bitmap Heap Scan on sbtest7  (cost=291.77..33702.51 rows=9691 width=121)
	        Recheck Cond: ((id >= 1089791) AND (id <= 1099790))
	        ->  Bitmap Index Scan on sbtest7_pkey  (cost=0.00..289.34 rows=9691 width=0)
	              Index Cond: ((id >= 1089791) AND (id <= 1099790))

table 8 : explain SELECT c FROM sbtest8 WHERE id BETWEEN 9923879 AND 9933878 ORDER BY c
	Sort  (cost=32508.77..32531.60 rows=9129 width=121)
	  Sort Key: c
	  ->  Bitmap Heap Scan on sbtest8  (cost=274.01..31908.26 rows=9129 width=121)
	        Recheck Cond: ((id >= 9923879) AND (id <= 9933878))
	        ->  Bitmap Index Scan on sbtest8_pkey  (cost=0.00..271.73 rows=9129 width=0)
	              Index Cond: ((id >= 9923879) AND (id <= 9933878))

for: distinct_ranges
table 1 : explain SELECT DISTINCT c FROM sbtest1 WHERE id BETWEEN 9997550 AND 10007549 ORDER BY c
	Unique  (cost=9663.07..9675.71 rows=2528 width=121)
	  ->  Sort  (cost=9663.07..9669.39 rows=2528 width=121)
	        Sort Key: c
	        ->  Bitmap Heap Scan on sbtest1  (cost=74.35..9520.19 rows=2528 width=121)
	              Recheck Cond: ((id >= 9997550) AND (id <= 10007549))
	              ->  Bitmap Index Scan on sbtest1_pkey  (cost=0.00..73.72 rows=2528 width=0)
	                    Index Cond: ((id >= 9997550) AND (id <= 10007549))

table 2 : explain SELECT DISTINCT c FROM sbtest2 WHERE id BETWEEN 7565873 AND 7575872 ORDER BY c
	Unique  (cost=35740.88..35791.50 rows=10124 width=121)
	  ->  Sort  (cost=35740.88..35766.19 rows=10124 width=121)
	        Sort Key: c
	        ->  Bitmap Heap Scan on sbtest2  (cost=300.21..35067.36 rows=10124 width=121)
	              Recheck Cond: ((id >= 7565873) AND (id <= 7575872))
	              ->  Bitmap Index Scan on sbtest2_pkey  (cost=0.00..297.68 rows=10124 width=0)
	                    Index Cond: ((id >= 7565873) AND (id <= 7575872))

table 3 : explain SELECT DISTINCT c FROM sbtest3 WHERE id BETWEEN 1318704 AND 1328703 ORDER BY c
	Unique  (cost=33009.59..33056.02 rows=9286 width=121)
	  ->  Sort  (cost=33009.59..33032.80 rows=9286 width=121)
	        Sort Key: c
	        ->  Bitmap Heap Scan on sbtest3  (cost=275.62..32397.60 rows=9286 width=121)
	              Recheck Cond: ((id >= 1318704) AND (id <= 1328703))
	              ->  Bitmap Index Scan on sbtest3_pkey  (cost=0.00..273.30 rows=9286 width=0)
	                    Index Cond: ((id >= 1318704) AND (id <= 1328703))

table 4 : explain SELECT DISTINCT c FROM sbtest4 WHERE id BETWEEN 379036 AND 389035 ORDER BY c
	Unique  (cost=35898.58..35949.43 rows=10170 width=121)
	  ->  Sort  (cost=35898.58..35924.00 rows=10170 width=121)
	        Sort Key: c
	        ->  Bitmap Heap Scan on sbtest4  (cost=300.68..35221.66 rows=10170 width=121)
	              Recheck Cond: ((id >= 379036) AND (id <= 389035))
	              ->  Bitmap Index Scan on sbtest4_pkey  (cost=0.00..298.13 rows=10170 width=0)
	                    Index Cond: ((id >= 379036) AND (id <= 389035))

table 5 : explain SELECT DISTINCT c FROM sbtest5 WHERE id BETWEEN 2145803 AND 2155802 ORDER BY c
	Unique  (cost=36575.25..36627.16 rows=10383 width=121)
	  ->  Sort  (cost=36575.25..36601.20 rows=10383 width=121)
	        Sort Key: c
	        ->  Bitmap Heap Scan on sbtest5  (cost=306.86..35882.60 rows=10383 width=121)
	              Recheck Cond: ((id >= 2145803) AND (id <= 2155802))
	              ->  Bitmap Index Scan on sbtest5_pkey  (cost=0.00..304.26 rows=10383 width=0)
	                    Index Cond: ((id >= 2145803) AND (id <= 2155802))

table 6 : explain SELECT DISTINCT c FROM sbtest6 WHERE id BETWEEN 5528953 AND 5538952 ORDER BY c
	Unique  (cost=34349.86..34398.34 rows=9697 width=121)
	  ->  Sort  (cost=34349.86..34374.10 rows=9697 width=121)
	        Sort Key: c
	        ->  Bitmap Heap Scan on sbtest6  (cost=291.83..33707.76 rows=9697 width=121)
	              Recheck Cond: ((id >= 5528953) AND (id <= 5538952))
	              ->  Bitmap Index Scan on sbtest6_pkey  (cost=0.00..289.41 rows=9697 width=0)
	                    Index Cond: ((id >= 5528953) AND (id <= 5538952))

table 7 : explain SELECT DISTINCT c FROM sbtest7 WHERE id BETWEEN 9417859 AND 9427858 ORDER BY c
	Unique  (cost=32546.14..32591.84 rows=9140 width=121)
	  ->  Sort  (cost=32546.14..32568.99 rows=9140 width=121)
	        Sort Key: c
	        ->  Bitmap Heap Scan on sbtest7  (cost=274.12..31944.82 rows=9140 width=121)
	              Recheck Cond: ((id >= 9417859) AND (id <= 9427858))
	              ->  Bitmap Index Scan on sbtest7_pkey  (cost=0.00..271.83 rows=9140 width=0)
	                    Index Cond: ((id >= 9417859) AND (id <= 9427858))

table 8 : explain SELECT DISTINCT c FROM sbtest8 WHERE id BETWEEN 2778956 AND 2788955 ORDER BY c
	Unique  (cost=32321.10..32366.46 rows=9071 width=121)
	  ->  Sort  (cost=32321.10..32343.78 rows=9071 width=121)
	        Sort Key: c
	        ->  Bitmap Heap Scan on sbtest8  (cost=273.41..31724.82 rows=9071 width=121)
	              Recheck Cond: ((id >= 2778956) AND (id <= 2788955))
	              ->  Bitmap Index Scan on sbtest8_pkey  (cost=0.00..271.15 rows=9071 width=0)
	                    Index Cond: ((id >= 2778956) AND (id <= 2788955))

Threads started!

Warming up for 5 seconds...

SQL statistics:
    queries performed:
        read:                            3957442
        write:                           0
        other:                           565376
        total:                           4522818
    transactions:                        282708 (448.68 per sec.)
    queries:                             4522818 (7178.09 per sec.)
    ignored errors:                      0      (0.00 per sec.)
    reconnects:                          0      (0.00 per sec.)

Throughput:
    events/s (eps):                      448.6813
    time elapsed:                        630.0865s
    total number of events:              282708

Latency (ms):
         min:                                   53.35
         avg:                                   89.15
         max:                                  112.18
         95th percentile:                       92.42
         sum:                             25202918.88

Threads fairness:
    events (avg/stddev):           7067.6750/18.89
    execution time (avg/stddev):   630.0730/0.04

