LUA_PATH=/home/mdcallag/git/mytools/bench/sysbench.lua/lua/?.lua /home/mdcallag/git/mytools/bench/sysbench.lua/lua/sysbench --db-driver=pgsql --range-size=100 --table-size=10000000 --tables=8 --threads=40 --events=0 --warmup-time=5 --time=930 --pgsql_conn_id=true /home/mdcallag/git/mytools/bench/sysbench.lua/lua/oltp_read_write.lua run --pgsql-user=root --pgsql-password=pw --pgsql-host=127.0.0.1 --pgsql-db=ib --rand-type=uniform
48 CPUs
sysbench 1.1.0-9072687 (using bundled LuaJIT 2.1.0-beta3)

Running the test with following options:
Number of threads: 40
Warmup time: 5s
Initializing random number generator from current time


Initializing worker threads...

explain: for point_selects :: explain SELECT c FROM sbtest%u WHERE id=%u
explain: for point_selects :: explain SELECT c FROM sbtest%u WHERE id=%u
explain: for point_selects :: explain SELECT c FROM sbtest%u WHERE id=%u
explain: for point_selects :: explain SELECT c FROM sbtest%u WHERE id=%u
explain: for point_selects :: explain SELECT c FROM sbtest%u WHERE id=%u
for point_selects
table 1 : explain SELECT c FROM sbtest1 WHERE id=8913987
	Index Scan using sbtest1_pkey on sbtest1  (cost=0.43..8.45 rows=1 width=121)
	  Index Cond: (id = 8913987)

table 2 : explain SELECT c FROM sbtest2 WHERE id=7610195
	Index Scan using sbtest2_pkey on sbtest2  (cost=0.43..8.45 rows=1 width=121)
	  Index Cond: (id = 7610195)

table 3 : explain SELECT c FROM sbtest3 WHERE id=6558664
	Index Scan using sbtest3_pkey on sbtest3  (cost=0.43..8.45 rows=1 width=121)
	  Index Cond: (id = 6558664)

table 4 : explain SELECT c FROM sbtest4 WHERE id=2632550
	Index Scan using sbtest4_pkey on sbtest4  (cost=0.43..8.45 rows=1 width=121)
	  Index Cond: (id = 2632550)

table 5 : explain SELECT c FROM sbtest5 WHERE id=1303638
	Index Scan using sbtest5_pkey on sbtest5  (cost=0.43..8.45 rows=1 width=121)
	  Index Cond: (id = 1303638)

table 6 : explain SELECT c FROM sbtest6 WHERE id=4951842
	Index Scan using sbtest6_pkey on sbtest6  (cost=0.43..8.45 rows=1 width=121)
	  Index Cond: (id = 4951842)

table 7 : explain SELECT c FROM sbtest7 WHERE id=5098077
	Index Scan using sbtest7_pkey on sbtest7  (cost=0.43..8.45 rows=1 width=121)
	  Index Cond: (id = 5098077)

table 8 : explain SELECT c FROM sbtest8 WHERE id=220756
	Index Scan using sbtest8_pkey on sbtest8  (cost=0.43..8.45 rows=1 width=121)
	  Index Cond: (id = 220756)

for point_selects
table 1 : explain SELECT c FROM sbtest1 WHERE id=3677216
	Index Scan using sbtest1_pkey on sbtest1  (cost=0.43..8.45 rows=1 width=121)
	  Index Cond: (id = 3677216)

table 2 : explain SELECT c FROM sbtest2 WHERE id=3353957
	Index Scan using sbtest2_pkey on sbtest2  (cost=0.43..8.45 rows=1 width=121)
	  Index Cond: (id = 3353957)

table 3 : explain SELECT c FROM sbtest3 WHERE id=4507204
	Index Scan using sbtest3_pkey on sbtest3  (cost=0.43..8.45 rows=1 width=121)
	  Index Cond: (id = 4507204)

table 4 : explain SELECT c FROM sbtest4 WHERE id=7142041
	Index Scan using sbtest4_pkey on sbtest4  (cost=0.43..8.45 rows=1 width=121)
	  Index Cond: (id = 7142041)

table 5 : explain SELECT c FROM sbtest5 WHERE id=572091
	Index Scan using sbtest5_pkey on sbtest5  (cost=0.43..8.45 rows=1 width=121)
	  Index Cond: (id = 572091)

table 6 : explain SELECT c FROM sbtest6 WHERE id=8981348
	Index Scan using sbtest6_pkey on sbtest6  (cost=0.43..8.45 rows=1 width=121)
	  Index Cond: (id = 8981348)

table 7 : explain SELECT c FROM sbtest7 WHERE id=1828771
	Index Scan using sbtest7_pkey on sbtest7  (cost=0.43..8.45 rows=1 width=121)
	  Index Cond: (id = 1828771)

table 8 : explain SELECT c FROM sbtest8 WHERE id=7727644
	Index Scan using sbtest8_pkey on sbtest8  (cost=0.43..8.45 rows=1 width=121)
	  Index Cond: (id = 7727644)

for point_selects
table 1 : explain SELECT c FROM sbtest1 WHERE id=5519536
	Index Scan using sbtest1_pkey on sbtest1  (cost=0.43..8.45 rows=1 width=121)
	  Index Cond: (id = 5519536)

table 2 : explain SELECT c FROM sbtest2 WHERE id=3364758
	Index Scan using sbtest2_pkey on sbtest2  (cost=0.43..8.45 rows=1 width=121)
	  Index Cond: (id = 3364758)

table 3 : explain SELECT c FROM sbtest3 WHERE id=5073597
	Index Scan using sbtest3_pkey on sbtest3  (cost=0.43..8.45 rows=1 width=121)
	  Index Cond: (id = 5073597)

table 4 : explain SELECT c FROM sbtest4 WHERE id=1348897
	Index Scan using sbtest4_pkey on sbtest4  (cost=0.43..8.45 rows=1 width=121)
	  Index Cond: (id = 1348897)

table 5 : explain SELECT c FROM sbtest5 WHERE id=5924575
	Index Scan using sbtest5_pkey on sbtest5  (cost=0.43..8.45 rows=1 width=121)
	  Index Cond: (id = 5924575)

table 6 : explain SELECT c FROM sbtest6 WHERE id=8728675
	Index Scan using sbtest6_pkey on sbtest6  (cost=0.43..8.45 rows=1 width=121)
	  Index Cond: (id = 8728675)

table 7 : explain SELECT c FROM sbtest7 WHERE id=9541763
	Index Scan using sbtest7_pkey on sbtest7  (cost=0.43..8.45 rows=1 width=121)
	  Index Cond: (id = 9541763)

table 8 : explain SELECT c FROM sbtest8 WHERE id=9560648
	Index Scan using sbtest8_pkey on sbtest8  (cost=0.43..8.45 rows=1 width=121)
	  Index Cond: (id = 9560648)

for: simple_ranges
table 1 : explain SELECT c FROM sbtest1 WHERE id BETWEEN 318411 AND 318510
	Index Scan using sbtest1_pkey on sbtest1  (cost=0.43..378.87 rows=98 width=121)
	  Index Cond: ((id >= 318411) AND (id <= 318510))

table 2 : explain SELECT c FROM sbtest2 WHERE id BETWEEN 2355258 AND 2355357
	Index Scan using sbtest2_pkey on sbtest2  (cost=0.43..365.27 rows=94 width=121)
	  Index Cond: ((id >= 2355258) AND (id <= 2355357))

table 3 : explain SELECT c FROM sbtest3 WHERE id BETWEEN 3231144 AND 3231243
	Index Scan using sbtest3_pkey on sbtest3  (cost=0.43..393.26 rows=102 width=121)
	  Index Cond: ((id >= 3231144) AND (id <= 3231243))

table 4 : explain SELECT c FROM sbtest4 WHERE id BETWEEN 5615359 AND 5615458
	Index Scan using sbtest4_pkey on sbtest4  (cost=0.43..386.23 rows=100 width=121)
	  Index Cond: ((id >= 5615359) AND (id <= 5615458))

table 5 : explain SELECT c FROM sbtest5 WHERE id BETWEEN 1307964 AND 1308063
	Index Scan using sbtest5_pkey on sbtest5  (cost=0.43..384.49 rows=100 width=121)
	  Index Cond: ((id >= 1307964) AND (id <= 1308063))

table 6 : explain SELECT c FROM sbtest6 WHERE id BETWEEN 2435844 AND 2435943
	Index Scan using sbtest6_pkey on sbtest6  (cost=0.43..348.80 rows=90 width=121)
	  Index Cond: ((id >= 2435844) AND (id <= 2435943))

table 7 : explain SELECT c FROM sbtest7 WHERE id BETWEEN 1644130 AND 1644229
	Index Scan using sbtest7_pkey on sbtest7  (cost=0.43..443.29 rows=115 width=121)
	  Index Cond: ((id >= 1644130) AND (id <= 1644229))

table 8 : explain SELECT c FROM sbtest8 WHERE id BETWEEN 5683245 AND 5683344
	Index Scan using sbtest8_pkey on sbtest8  (cost=0.43..383.22 rows=99 width=121)
	  Index Cond: ((id >= 5683245) AND (id <= 5683344))

for: simple_ranges
table 1 : explain SELECT c FROM sbtest1 WHERE id BETWEEN 8999790 AND 8999889
	Index Scan using sbtest1_pkey on sbtest1  (cost=0.43..405.59 rows=105 width=121)
	  Index Cond: ((id >= 8999790) AND (id <= 8999889))

table 2 : explain SELECT c FROM sbtest2 WHERE id BETWEEN 5766397 AND 5766496
	Index Scan using sbtest2_pkey on sbtest2  (cost=0.43..384.45 rows=99 width=121)
	  Index Cond: ((id >= 5766397) AND (id <= 5766496))

table 3 : explain SELECT c FROM sbtest3 WHERE id BETWEEN 1646029 AND 1646128
	Index Scan using sbtest3_pkey on sbtest3  (cost=0.43..347.51 rows=90 width=121)
	  Index Cond: ((id >= 1646029) AND (id <= 1646128))

table 4 : explain SELECT c FROM sbtest4 WHERE id BETWEEN 8940738 AND 8940837
	Index Scan using sbtest4_pkey on sbtest4  (cost=0.43..416.74 rows=108 width=121)
	  Index Cond: ((id >= 8940738) AND (id <= 8940837))

table 5 : explain SELECT c FROM sbtest5 WHERE id BETWEEN 1006005 AND 1006104
	Index Scan using sbtest5_pkey on sbtest5  (cost=0.43..380.70 rows=99 width=121)
	  Index Cond: ((id >= 1006005) AND (id <= 1006104))

table 6 : explain SELECT c FROM sbtest6 WHERE id BETWEEN 8020452 AND 8020551
	Index Scan using sbtest6_pkey on sbtest6  (cost=0.43..402.38 rows=104 width=121)
	  Index Cond: ((id >= 8020452) AND (id <= 8020551))

table 7 : explain SELECT c FROM sbtest7 WHERE id BETWEEN 2711795 AND 2711894
	Index Scan using sbtest7_pkey on sbtest7  (cost=0.43..389.91 rows=101 width=121)
	  Index Cond: ((id >= 2711795) AND (id <= 2711894))

table 8 : explain SELECT c FROM sbtest8 WHERE id BETWEEN 3833481 AND 3833580
	Index Scan using sbtest8_pkey on sbtest8  (cost=0.43..387.04 rows=100 width=121)
	  Index Cond: ((id >= 3833481) AND (id <= 3833580))

for point_selects
table 1 : explain SELECT c FROM sbtest1 WHERE id=3269272
	Index Scan using sbtest1_pkey on sbtest1  (cost=0.43..8.45 rows=1 width=121)
	  Index Cond: (id = 3269272)

table 2 : explain SELECT c FROM sbtest2 WHERE id=1046444
	Index Scan using sbtest2_pkey on sbtest2  (cost=0.43..8.45 rows=1 width=121)
	  Index Cond: (id = 1046444)

table 3 : explain SELECT c FROM sbtest3 WHERE id=5664542
	Index Scan using sbtest3_pkey on sbtest3  (cost=0.43..8.45 rows=1 width=121)
	  Index Cond: (id = 5664542)

table 4 : explain SELECT c FROM sbtest4 WHERE id=1566542
	Index Scan using sbtest4_pkey on sbtest4  (cost=0.43..8.45 rows=1 width=121)
	  Index Cond: (id = 1566542)

table 5 : explain SELECT c FROM sbtest5 WHERE id=9965369
	Index Scan using sbtest5_pkey on sbtest5  (cost=0.43..8.45 rows=1 width=121)
	  Index Cond: (id = 9965369)

table 6 : explain SELECT c FROM sbtest6 WHERE id=4838353
	Index Scan using sbtest6_pkey on sbtest6  (cost=0.43..8.45 rows=1 width=121)
	  Index Cond: (id = 4838353)

table 7 : explain SELECT c FROM sbtest7 WHERE id=952763
	Index Scan using sbtest7_pkey on sbtest7  (cost=0.43..8.45 rows=1 width=121)
	  Index Cond: (id = 952763)

table 8 : explain SELECT c FROM sbtest8 WHERE id=9541179
	Index Scan using sbtest8_pkey on sbtest8  (cost=0.43..8.45 rows=1 width=121)
	  Index Cond: (id = 9541179)

for point_selects
table 1 : explain SELECT c FROM sbtest1 WHERE id=5143360
	Index Scan using sbtest1_pkey on sbtest1  (cost=0.43..8.45 rows=1 width=121)
	  Index Cond: (id = 5143360)

table 2 : explain SELECT c FROM sbtest2 WHERE id=6321480
	Index Scan using sbtest2_pkey on sbtest2  (cost=0.43..8.45 rows=1 width=121)
	  Index Cond: (id = 6321480)

table 3 : explain SELECT c FROM sbtest3 WHERE id=7044843
	Index Scan using sbtest3_pkey on sbtest3  (cost=0.43..8.45 rows=1 width=121)
	  Index Cond: (id = 7044843)

table 4 : explain SELECT c FROM sbtest4 WHERE id=8411825
	Index Scan using sbtest4_pkey on sbtest4  (cost=0.43..8.45 rows=1 width=121)
	  Index Cond: (id = 8411825)

table 5 : explain SELECT c FROM sbtest5 WHERE id=691148
	Index Scan using sbtest5_pkey on sbtest5  (cost=0.43..8.45 rows=1 width=121)
	  Index Cond: (id = 691148)

table 6 : explain SELECT c FROM sbtest6 WHERE id=3303832
	Index Scan using sbtest6_pkey on sbtest6  (cost=0.43..8.45 rows=1 width=121)
	  Index Cond: (id = 3303832)

table 7 : explain SELECT c FROM sbtest7 WHERE id=2063358
	Index Scan using sbtest7_pkey on sbtest7  (cost=0.43..8.45 rows=1 width=121)
	  Index Cond: (id = 2063358)

table 8 : explain SELECT c FROM sbtest8 WHERE id=6845322
	Index Scan using sbtest8_pkey on sbtest8  (cost=0.43..8.45 rows=1 width=121)
	  Index Cond: (id = 6845322)

explain: for point_selects :: explain SELECT c FROM sbtest%u WHERE id=%u
for: simple_ranges
table 1 : explain SELECT c FROM sbtest1 WHERE id BETWEEN 4651672 AND 4651771
	Index Scan using sbtest1_pkey on sbtest1  (cost=0.43..413.22 rows=107 width=121)
	  Index Cond: ((id >= 4651672) AND (id <= 4651771))

table 2 : explain SELECT c FROM sbtest2 WHERE id BETWEEN 2494877 AND 2494976
	Index Scan using sbtest2_pkey on sbtest2  (cost=0.43..426.64 rows=110 width=121)
	  Index Cond: ((id >= 2494877) AND (id <= 2494976))

table 3 : explain SELECT c FROM sbtest3 WHERE id BETWEEN 6173231 AND 6173330
	Index Scan using sbtest3_pkey on sbtest3  (cost=0.43..343.70 rows=89 width=121)
	  Index Cond: ((id >= 6173231) AND (id <= 6173330))

table 4 : explain SELECT c FROM sbtest4 WHERE id BETWEEN 8639529 AND 8639628
	Index Scan using sbtest4_pkey on sbtest4  (cost=0.43..378.60 rows=98 width=121)
	  Index Cond: ((id >= 8639529) AND (id <= 8639628))

table 5 : explain SELECT c FROM sbtest5 WHERE id BETWEEN 2717213 AND 2717312
	Index Scan using sbtest5_pkey on sbtest5  (cost=0.43..395.88 rows=103 width=121)
	  Index Cond: ((id >= 2717213) AND (id <= 2717312))

table 6 : explain SELECT c FROM sbtest6 WHERE id BETWEEN 9220596 AND 9220695
	Index Scan using sbtest6_pkey on sbtest6  (cost=0.43..352.63 rows=91 width=121)
	  Index Cond: ((id >= 9220596) AND (id <= 9220695))

table 7 : explain SELECT c FROM sbtest7 WHERE id BETWEEN 6621061 AND 6621160
	Index Scan using sbtest7_pkey on sbtest7  (cost=0.43..382.28 rows=99 width=121)
	  Index Cond: ((id >= 6621061) AND (id <= 6621160))

table 8 : explain SELECT c FROM sbtest8 WHERE id BETWEEN 1075141 AND 1075240
	Index Scan using sbtest8_pkey on sbtest8  (cost=0.43..421.44 rows=109 width=121)
	  Index Cond: ((id >= 1075141) AND (id <= 1075240))

for: simple_ranges
table 1 : explain SELECT c FROM sbtest1 WHERE id BETWEEN 3944535 AND 3944634
	Index Scan using sbtest1_pkey on sbtest1  (cost=0.43..378.87 rows=98 width=121)
	  Index Cond: ((id >= 3944535) AND (id <= 3944634))

table 2 : explain SELECT c FROM sbtest2 WHERE id BETWEEN 6085653 AND 6085752
	Index Scan using sbtest2_pkey on sbtest2  (cost=0.43..395.95 rows=102 width=121)
	  Index Cond: ((id >= 6085653) AND (id <= 6085752))

table 3 : explain SELECT c FROM sbtest3 WHERE id BETWEEN 4807296 AND 4807395
	Index Scan using sbtest3_pkey on sbtest3  (cost=0.43..378.03 rows=98 width=121)
	  Index Cond: ((id >= 4807296) AND (id <= 4807395))

table 4 : explain SELECT c FROM sbtest4 WHERE id BETWEEN 3886935 AND 3887034
	Index Scan using sbtest4_pkey on sbtest4  (cost=0.43..405.30 rows=105 width=121)
	  Index Cond: ((id >= 3886935) AND (id <= 3887034))

table 5 : explain SELECT c FROM sbtest5 WHERE id BETWEEN 6262169 AND 6262268
	Index Scan using sbtest5_pkey on sbtest5  (cost=0.43..399.68 rows=104 width=121)
	  Index Cond: ((id >= 6262169) AND (id <= 6262268))

table 6 : explain SELECT c FROM sbtest6 WHERE id BETWEEN 5100164 AND 5100263
	Index Scan using sbtest6_pkey on sbtest6  (cost=0.43..406.20 rows=105 width=121)
	  Index Cond: ((id >= 5100164) AND (id <= 5100263))

table 7 : explain SELECT c FROM sbtest7 WHERE id BETWEEN 857010 AND 857109
	Index Scan using sbtest7_pkey on sbtest7  (cost=0.43..428.04 rows=111 width=121)
	  Index Cond: ((id >= 857010) AND (id <= 857109))

table 8 : explain SELECT c FROM sbtest8 WHERE id BETWEEN 6959116 AND 6959215
	Index Scan using sbtest8_pkey on sbtest8  (cost=0.43..364.10 rows=94 width=121)
	  Index Cond: ((id >= 6959116) AND (id <= 6959215))

for: simple_ranges
table 1 : explain SELECT c FROM sbtest1 WHERE id BETWEEN 8569589 AND 8569688
	Index Scan using sbtest1_pkey on sbtest1  (cost=0.43..371.24 rows=96 width=121)
	  Index Cond: ((id >= 8569589) AND (id <= 8569688))

table 2 : explain SELECT c FROM sbtest2 WHERE id BETWEEN 4565343 AND 4565442
	Index Scan using sbtest2_pkey on sbtest2  (cost=0.43..346.05 rows=89 width=121)
	  Index Cond: ((id >= 4565343) AND (id <= 4565442))

table 3 : explain SELECT c FROM sbtest3 WHERE id BETWEEN 297912 AND 298011
	Index Scan using sbtest3_pkey on sbtest3  (cost=0.43..389.45 rows=101 width=121)
	  Index Cond: ((id >= 297912) AND (id <= 298011))

table 4 : explain SELECT c FROM sbtest4 WHERE id BETWEEN 2848609 AND 2848708
	Index Scan using sbtest4_pkey on sbtest4  (cost=0.43..435.81 rows=113 width=121)
	  Index Cond: ((id >= 2848609) AND (id <= 2848708))

table 5 : explain SELECT c FROM sbtest5 WHERE id BETWEEN 3603768 AND 3603867
	Index Scan using sbtest5_pkey on sbtest5  (cost=0.43..376.90 rows=98 width=121)
	  Index Cond: ((id >= 3603768) AND (id <= 3603867))

table 6 : explain SELECT c FROM sbtest6 WHERE id BETWEEN 7102108 AND 7102207
	Index Scan using sbtest6_pkey on sbtest6  (cost=0.43..390.91 rows=101 width=121)
	  Index Cond: ((id >= 7102108) AND (id <= 7102207))

table 7 : explain SELECT c FROM sbtest7 WHERE id BETWEEN 8796872 AND 8796971
	Index Scan using sbtest7_pkey on sbtest7  (cost=0.43..405.16 rows=105 width=121)
	  Index Cond: ((id >= 8796872) AND (id <= 8796971))

table 8 : explain SELECT c FROM sbtest8 WHERE id BETWEEN 1336177 AND 1336276
	Index Scan using sbtest8_pkey on sbtest8  (cost=0.43..406.15 rows=105 width=121)
	  Index Cond: ((id >= 1336177) AND (id <= 1336276))

for: sum_ranges
table 1 : explain SELECT SUM(k) FROM sbtest1 WHERE id BETWEEN 7291402 AND 7291501
	Aggregate  (cost=352.33..352.34 rows=1 width=8)
	  ->  Index Scan using sbtest1_pkey on sbtest1  (cost=0.43..352.10 rows=91 width=4)
	        Index Cond: ((id >= 7291402) AND (id <= 7291501))

table 2 : explain SELECT SUM(k) FROM sbtest2 WHERE id BETWEEN 4389737 AND 4389836
	Aggregate  (cost=373.18..373.19 rows=1 width=8)
	  ->  Index Scan using sbtest2_pkey on sbtest2  (cost=0.43..372.94 rows=96 width=4)
	        Index Cond: ((id >= 4389737) AND (id <= 4389836))

table 3 : explain SELECT SUM(k) FROM sbtest3 WHERE id BETWEEN 2940037 AND 2940136
	Aggregate  (cost=366.84..366.85 rows=1 width=8)
	  ->  Index Scan using sbtest3_pkey on sbtest3  (cost=0.43..366.60 rows=95 width=4)
	        Index Cond: ((id >= 2940037) AND (id <= 2940136))

table 4 : explain SELECT SUM(k) FROM sbtest4 WHERE id BETWEEN 4447139 AND 4447238
	Aggregate  (cost=375.03..375.04 rows=1 width=8)
	  ->  Index Scan using sbtest4_pkey on sbtest4  (cost=0.43..374.78 rows=97 width=4)
	        Index Cond: ((id >= 4447139) AND (id <= 4447238))

table 5 : explain SELECT SUM(k) FROM sbtest5 WHERE id BETWEEN 8314910 AND 8315009
	Aggregate  (cost=384.74..384.75 rows=1 width=8)
	  ->  Index Scan using sbtest5_pkey on sbtest5  (cost=0.43..384.49 rows=100 width=4)
	        Index Cond: ((id >= 8314910) AND (id <= 8315009))

table 6 : explain SELECT SUM(k) FROM sbtest6 WHERE id BETWEEN 9514935 AND 9515034
	Aggregate  (cost=364.38..364.39 rows=1 width=8)
	  ->  Index Scan using sbtest6_pkey on sbtest6  (cost=0.43..364.15 rows=94 width=4)
	        Index Cond: ((id >= 9514935) AND (id <= 9515034))

table 7 : explain SELECT SUM(k) FROM sbtest7 WHERE id BETWEEN 6916256 AND 6916355
	Aggregate  (cost=363.45..363.46 rows=1 width=8)
	  ->  Index Scan using sbtest7_pkey on sbtest7  (cost=0.43..363.22 rows=94 width=4)
	        Index Cond: ((id >= 6916256) AND (id <= 6916355))

table 8 : explain SELECT SUM(k) FROM sbtest8 WHERE id BETWEEN 5035268 AND 5035367
	Aggregate  (cost=402.59..402.60 rows=1 width=8)
	  ->  Index Scan using sbtest8_pkey on sbtest8  (cost=0.43..402.33 rows=104 width=4)
	        Index Cond: ((id >= 5035268) AND (id <= 5035367))

for: sum_ranges
table 1 : explain SELECT SUM(k) FROM sbtest1 WHERE id BETWEEN 4982967 AND 4983066
	Aggregate  (cost=367.66..367.67 rows=1 width=8)
	  ->  Index Scan using sbtest1_pkey on sbtest1  (cost=0.43..367.42 rows=95 width=4)
	        Index Cond: ((id >= 4982967) AND (id <= 4983066))

table 2 : explain SELECT SUM(k) FROM sbtest2 WHERE id BETWEEN 4318173 AND 4318272
	Aggregate  (cost=400.05..400.06 rows=1 width=8)
	  ->  Index Scan using sbtest2_pkey on sbtest2  (cost=0.43..399.79 rows=103 width=4)
	        Index Cond: ((id >= 4318173) AND (id <= 4318272))

table 3 : explain SELECT SUM(k) FROM sbtest3 WHERE id BETWEEN 8907546 AND 8907645
	Aggregate  (cost=370.65..370.66 rows=1 width=8)
	  ->  Index Scan using sbtest3_pkey on sbtest3  (cost=0.43..370.41 rows=96 width=4)
	        Index Cond: ((id >= 8907546) AND (id <= 8907645))

table 4 : explain SELECT SUM(k) FROM sbtest4 WHERE id BETWEEN 8519373 AND 8519472
	Aggregate  (cost=401.74..401.75 rows=1 width=8)
	  ->  Index Scan using sbtest4_pkey on sbtest4  (cost=0.43..401.48 rows=104 width=4)
	        Index Cond: ((id >= 8519373) AND (id <= 8519472))

table 5 : explain SELECT SUM(k) FROM sbtest5 WHERE id BETWEEN 7973648 AND 7973747
	Aggregate  (cost=361.95..361.96 rows=1 width=8)
	  ->  Index Scan using sbtest5_pkey on sbtest5  (cost=0.43..361.71 rows=94 width=4)
	        Index Cond: ((id >= 7973648) AND (id <= 7973747))

table 6 : explain SELECT SUM(k) FROM sbtest6 WHERE id BETWEEN 624206 AND 624305
	Aggregate  (cost=383.51..383.52 rows=1 width=8)
	  ->  Index Scan using sbtest6_pkey on sbtest6  (cost=0.43..383.26 rows=99 width=4)
	        Index Cond: ((id >= 624206) AND (id <= 624305))

table 7 : explain SELECT SUM(k) FROM sbtest7 WHERE id BETWEEN 7867941 AND 7868040
	Aggregate  (cost=386.34..386.35 rows=1 width=8)
	  ->  Index Scan using sbtest7_pkey on sbtest7  (cost=0.43..386.09 rows=100 width=4)
	        Index Cond: ((id >= 7867941) AND (id <= 7868040))

table 8 : explain SELECT SUM(k) FROM sbtest8 WHERE id BETWEEN 8449922 AND 8450021
	Aggregate  (cost=379.64..379.65 rows=1 width=8)
	  ->  Index Scan using sbtest8_pkey on sbtest8  (cost=0.43..379.39 rows=98 width=4)
	        Index Cond: ((id >= 8449922) AND (id <= 8450021))

for: sum_ranges
table 1 : explain SELECT SUM(k) FROM sbtest1 WHERE id BETWEEN 9321186 AND 9321285
	Aggregate  (cost=394.39..394.40 rows=1 width=8)
	  ->  Index Scan using sbtest1_pkey on sbtest1  (cost=0.43..394.14 rows=102 width=4)
	        Index Cond: ((id >= 9321186) AND (id <= 9321285))

table 2 : explain SELECT SUM(k) FROM sbtest2 WHERE id BETWEEN 1840466 AND 1840565
	Aggregate  (cost=365.51..365.52 rows=1 width=8)
	  ->  Index Scan using sbtest2_pkey on sbtest2  (cost=0.43..365.27 rows=94 width=4)
	        Index Cond: ((id >= 1840466) AND (id <= 1840565))

table 3 : explain SELECT SUM(k) FROM sbtest3 WHERE id BETWEEN 3179069 AND 3179168
	Aggregate  (cost=393.52..393.53 rows=1 width=8)
	  ->  Index Scan using sbtest3_pkey on sbtest3  (cost=0.43..393.26 rows=102 width=4)
	        Index Cond: ((id >= 3179069) AND (id <= 3179168))

table 4 : explain SELECT SUM(k) FROM sbtest4 WHERE id BETWEEN 6265851 AND 6265950
	Aggregate  (cost=401.74..401.75 rows=1 width=8)
	  ->  Index Scan using sbtest4_pkey on sbtest4  (cost=0.43..401.48 rows=104 width=4)
	        Index Cond: ((id >= 6265851) AND (id <= 6265950))

table 5 : explain SELECT SUM(k) FROM sbtest5 WHERE id BETWEEN 4794280 AND 4794379
	Aggregate  (cost=354.29..354.30 rows=1 width=8)
	  ->  Index Scan using sbtest5_pkey on sbtest5  (cost=0.43..354.06 rows=92 width=4)
	        Index Cond: ((id >= 4794280) AND (id <= 4794379))

table 6 : explain SELECT SUM(k) FROM sbtest6 WHERE id BETWEEN 7108762 AND 7108861
	Aggregate  (cost=391.16..391.17 rows=1 width=8)
	  ->  Index Scan using sbtest6_pkey on sbtest6  (cost=0.43..390.91 rows=101 width=4)
	        Index Cond: ((id >= 7108762) AND (id <= 7108861))

table 7 : explain SELECT SUM(k) FROM sbtest7 WHERE id BETWEEN 3560283 AND 3560382
	Aggregate  (cost=348.14..348.15 rows=1 width=8)
	  ->  Index Scan using sbtest7_pkey on sbtest7  (cost=0.43..347.91 rows=90 width=4)
	        Index Cond: ((id >= 3560283) AND (id <= 3560382))

table 8 : explain SELECT SUM(k) FROM sbtest8 WHERE id BETWEEN 6182423 AND 6182522
	Aggregate  (cost=425.54..425.55 rows=1 width=8)
	  ->  Index Scan using sbtest8_pkey on sbtest8  (cost=0.43..425.26 rows=110 width=4)
	        Index Cond: ((id >= 6182423) AND (id <= 6182522))
for point_selects
table 1 : explain SELECT c FROM sbtest1 WHERE id=4492548
	Index Scan using sbtest1_pkey on sbtest1  (cost=0.43..8.45 rows=1 width=121)
	  Index Cond: (id = 4492548)

table 2 : explain SELECT c FROM sbtest2 WHERE id=4514
	Index Scan using sbtest2_pkey on sbtest2  (cost=0.43..8.45 rows=1 width=121)
	  Index Cond: (id = 4514)

table 3 : explain SELECT c FROM sbtest3 WHERE id=3068826
	Index Scan using sbtest3_pkey on sbtest3  (cost=0.43..8.45 rows=1 width=121)
	  Index Cond: (id = 3068826)

table 4 : explain SELECT c FROM sbtest4 WHERE id=8250926
	Index Scan using sbtest4_pkey on sbtest4  (cost=0.43..8.45 rows=1 width=121)
	  Index Cond: (id = 8250926)

table 5 : explain SELECT c FROM sbtest5 WHERE id=349643
	Index Scan using sbtest5_pkey on sbtest5  (cost=0.43..8.45 rows=1 width=121)
	  Index Cond: (id = 349643)

table 6 : explain SELECT c FROM sbtest6 WHERE id=8094103
	Index Scan using sbtest6_pkey on sbtest6  (cost=0.43..8.45 rows=1 width=121)
	  Index Cond: (id = 8094103)

table 7 : explain SELECT c FROM sbtest7 WHERE id=3820907
	Index Scan using sbtest7_pkey on sbtest7  (cost=0.43..8.45 rows=1 width=121)
	  Index Cond: (id = 3820907)

table 8 : explain SELECT c FROM sbtest8 WHERE id=6216924
	Index Scan using sbtest8_pkey on sbtest8  (cost=0.43..8.45 rows=1 width=121)
	  Index Cond: (id = 6216924)


for: sum_ranges
table 1 : explain SELECT SUM(k) FROM sbtest1 WHERE id BETWEEN 4761661 AND 4761760
	Aggregate  (cost=409.67..409.68 rows=1 width=8)
	  ->  Index Scan using sbtest1_pkey on sbtest1  (cost=0.43..409.41 rows=106 width=4)
	        Index Cond: ((id >= 4761661) AND (id <= 4761760))

table 2 : explain SELECT SUM(k) FROM sbtest2 WHERE id BETWEEN 1112170 AND 1112269
	Aggregate  (cost=361.62..361.63 rows=1 width=8)
	  ->  Index Scan using sbtest2_pkey on sbtest2  (cost=0.43..361.39 rows=93 width=4)
	        Index Cond: ((id >= 1112170) AND (id <= 1112269))

table 3 : explain SELECT SUM(k) FROM sbtest3 WHERE id BETWEEN 6787371 AND 6787470
	Aggregate  (cost=370.65..370.66 rows=1 width=8)
	  ->  Index Scan using sbtest3_pkey on sbtest3  (cost=0.43..370.41 rows=96 width=4)
	        Index Cond: ((id >= 6787371) AND (id <= 6787470))

table 4 : explain SELECT SUM(k) FROM sbtest4 WHERE id BETWEEN 4943845 AND 4943944
	Aggregate  (cost=394.11..394.12 rows=1 width=8)
	  ->  Index Scan using sbtest4_pkey on sbtest4  (cost=0.43..393.86 rows=102 width=4)
	        Index Cond: ((id >= 4943845) AND (id <= 4943944))

table 5 : explain SELECT SUM(k) FROM sbtest5 WHERE id BETWEEN 3253053 AND 3253152
	Aggregate  (cost=392.34..392.35 rows=1 width=8)
	  ->  Index Scan using sbtest5_pkey on sbtest5  (cost=0.43..392.09 rows=102 width=4)
	        Index Cond: ((id >= 3253053) AND (id <= 3253152))

table 6 : explain SELECT SUM(k) FROM sbtest6 WHERE id BETWEEN 2725073 AND 2725172
	Aggregate  (cost=379.68..379.69 rows=1 width=8)
	  ->  Index Scan using sbtest6_pkey on sbtest6  (cost=0.43..379.44 rows=98 width=4)
	        Index Cond: ((id >= 2725073) AND (id <= 2725172))

table 7 : explain SELECT SUM(k) FROM sbtest7 WHERE id BETWEEN 7260415 AND 7260514
	Aggregate  (cost=378.71..378.72 rows=1 width=8)
	  ->  Index Scan using sbtest7_pkey on sbtest7  (cost=0.43..378.47 rows=98 width=4)
	        Index Cond: ((id >= 7260415) AND (id <= 7260514))

table 8 : explain SELECT SUM(k) FROM sbtest8 WHERE id BETWEEN 8088010 AND 8088109
	Aggregate  (cost=410.24..410.25 rows=1 width=8)
	  ->  Index Scan using sbtest8_pkey on sbtest8  (cost=0.43..409.97 rows=106 width=4)
	        Index Cond: ((id >= 8088010) AND (id <= 8088109))

for: sum_ranges
table 1 : explain SELECT SUM(k) FROM sbtest1 WHERE id BETWEEN 4447955 AND 4448054
	Aggregate  (cost=348.51..348.52 rows=1 width=8)
	  ->  Index Scan using sbtest1_pkey on sbtest1  (cost=0.43..348.28 rows=90 width=4)
	        Index Cond: ((id >= 4447955) AND (id <= 4448054))

table 2 : explain SELECT SUM(k) FROM sbtest2 WHERE id BETWEEN 6696719 AND 6696818
	Aggregate  (cost=400.05..400.06 rows=1 width=8)
	  ->  Index Scan using sbtest2_pkey on sbtest2  (cost=0.43..399.79 rows=103 width=4)
	        Index Cond: ((id >= 6696719) AND (id <= 6696818))

table 3 : explain SELECT SUM(k) FROM sbtest3 WHERE id BETWEEN 9398005 AND 9398104
	Aggregate  (cost=404.95..404.96 rows=1 width=8)
	  ->  Index Scan using sbtest3_pkey on sbtest3  (cost=0.43..404.69 rows=105 width=4)
	        Index Cond: ((id >= 9398005) AND (id <= 9398104))

table 4 : explain SELECT SUM(k) FROM sbtest4 WHERE id BETWEEN 6086463 AND 6086562
	Aggregate  (cost=409.38..409.39 rows=1 width=8)
	  ->  Index Scan using sbtest4_pkey on sbtest4  (cost=0.43..409.11 rows=106 width=4)
	        Index Cond: ((id >= 6086463) AND (id <= 6086562))

table 5 : explain SELECT SUM(k) FROM sbtest5 WHERE id BETWEEN 7875400 AND 7875499
	Aggregate  (cost=403.74..403.75 rows=1 width=8)
	  ->  Index Scan using sbtest5_pkey on sbtest5  (cost=0.43..403.48 rows=105 width=4)
	        Index Cond: ((id >= 7875400) AND (id <= 7875499))

table 6 : explain SELECT SUM(k) FROM sbtest6 WHERE id BETWEEN 2240612 AND 2240711
	Aggregate  (cost=375.86..375.87 rows=1 width=8)
	  ->  Index Scan using sbtest6_pkey on sbtest6  (cost=0.43..375.62 rows=97 width=4)
	        Index Cond: ((id >= 2240612) AND (id <= 2240711))

table 7 : explain SELECT SUM(k) FROM sbtest7 WHERE id BETWEEN 5908297 AND 5908396
	Aggregate  (cost=405.42..405.43 rows=1 width=8)
	  ->  Index Scan using sbtest7_pkey on sbtest7  (cost=0.43..405.16 rows=105 width=4)
	        Index Cond: ((id >= 5908297) AND (id <= 5908396))

table 8 : explain SELECT SUM(k) FROM sbtest8 WHERE id BETWEEN 4199920 AND 4200019
	Aggregate  (cost=414.06..414.07 rows=1 width=8)
	  ->  Index Scan using sbtest8_pkey on sbtest8  (cost=0.43..413.80 rows=107 width=4)
	        Index Cond: ((id >= 4199920) AND (id <= 4200019))

for: simple_ranges
table 1 : explain SELECT c FROM sbtest1 WHERE id BETWEEN 5092849 AND 5092948
	Index Scan using sbtest1_pkey on sbtest1  (cost=0.43..382.69 rows=99 width=121)
	  Index Cond: ((id >= 5092849) AND (id <= 5092948))

table 2 : explain SELECT c FROM sbtest2 WHERE id BETWEEN 5096435 AND 5096534
	Index Scan using sbtest2_pkey on sbtest2  (cost=0.43..388.28 rows=100 width=121)
	  Index Cond: ((id >= 5096435) AND (id <= 5096534))

table 3 : explain SELECT c FROM sbtest3 WHERE id BETWEEN 4926612 AND 4926711
	Index Scan using sbtest3_pkey on sbtest3  (cost=0.43..393.26 rows=102 width=121)
	  Index Cond: ((id >= 4926612) AND (id <= 4926711))

table 4 : explain SELECT c FROM sbtest4 WHERE id BETWEEN 8378184 AND 8378283
	Index Scan using sbtest4_pkey on sbtest4  (cost=0.43..390.04 rows=101 width=121)
	  Index Cond: ((id >= 8378184) AND (id <= 8378283))

table 5 : explain SELECT c FROM sbtest5 WHERE id BETWEEN 5877680 AND 5877779
	Index Scan using sbtest5_pkey on sbtest5  (cost=0.43..407.27 rows=106 width=121)
	  Index Cond: ((id >= 5877680) AND (id <= 5877779))

table 6 : explain SELECT c FROM sbtest6 WHERE id BETWEEN 4765365 AND 4765464
	Index Scan using sbtest6_pkey on sbtest6  (cost=0.43..390.91 rows=101 width=121)
	  Index Cond: ((id >= 4765365) AND (id <= 4765464))

table 7 : explain SELECT c FROM sbtest7 WHERE id BETWEEN 4712611 AND 4712710
	Index Scan using sbtest7_pkey on sbtest7  (cost=0.43..397.53 rows=103 width=121)
	  Index Cond: ((id >= 4712611) AND (id <= 4712710))

table 8 : explain SELECT c FROM sbtest8 WHERE id BETWEEN 7197201 AND 7197300
	Index Scan using sbtest8_pkey on sbtest8  (cost=0.43..364.10 rows=94 width=121)
	  Index Cond: ((id >= 7197201) AND (id <= 7197300))

for: order_ranges
table 1 : explain SELECT c FROM sbtest1 WHERE id BETWEEN 9158844 AND 9158943 ORDER BY c
	Sort  (cost=401.40..401.66 rows=103 width=121)
	  Sort Key: c
	  ->  Index Scan using sbtest1_pkey on sbtest1  (cost=0.43..397.96 rows=103 width=121)
	        Index Cond: ((id >= 9158844) AND (id <= 9158943))

table 2 : explain SELECT c FROM sbtest2 WHERE id BETWEEN 5563498 AND 5563597 ORDER BY c
	Sort  (cost=395.48..395.73 rows=101 width=121)
	  Sort Key: c
	  ->  Index Scan using sbtest2_pkey on sbtest2  (cost=0.43..392.12 rows=101 width=121)
	        Index Cond: ((id >= 5563498) AND (id <= 5563597))

table 3 : explain SELECT c FROM sbtest3 WHERE id BETWEEN 4030474 AND 4030573 ORDER BY c
	Sort  (cost=381.27..381.52 rows=98 width=121)
	  Sort Key: c
	  ->  Index Scan using sbtest3_pkey on sbtest3  (cost=0.43..378.03 rows=98 width=121)
	        Index Cond: ((id >= 4030474) AND (id <= 4030573))

table 4 : explain SELECT c FROM sbtest4 WHERE id BETWEEN 6262808 AND 6262907 ORDER BY c
	Sort  (cost=404.97..405.23 rows=104 width=121)
	  Sort Key: c
	  ->  Index Scan using sbtest4_pkey on sbtest4  (cost=0.43..401.48 rows=104 width=121)
	        Index Cond: ((id >= 6262808) AND (id <= 6262907))

table 5 : explain SELECT c FROM sbtest5 WHERE id BETWEEN 4032515 AND 4032614 ORDER BY c
	Sort  (cost=364.79..365.03 rows=94 width=121)
	  Sort Key: c
	  ->  Index Scan using sbtest5_pkey on sbtest5  (cost=0.43..361.71 rows=94 width=121)
	        Index Cond: ((id >= 4032515) AND (id <= 4032614))

table 6 : explain SELECT c FROM sbtest6 WHERE id BETWEEN 4506737 AND 4506836 ORDER BY c
	Sort  (cost=429.04..429.32 rows=110 width=121)
	  Sort Key: c
	  ->  Index Scan using sbtest6_pkey on sbtest6  (cost=0.43..425.31 rows=110 width=121)
	        Index Cond: ((id >= 4506737) AND (id <= 4506836))

table 7 : explain SELECT c FROM sbtest7 WHERE id BETWEEN 241251 AND 241350 ORDER BY c
	Sort  (cost=400.98..401.23 rows=103 width=121)
	  Sort Key: c
	  ->  Index Scan using sbtest7_pkey on sbtest7  (cost=0.43..397.53 rows=103 width=121)
	        Index Cond: ((id >= 241251) AND (id <= 241350))

table 8 : explain SELECT c FROM sbtest8 WHERE id BETWEEN 4426197 AND 4426296 ORDER BY c
	Sort  (cost=367.18..367.42 rows=94 width=121)
	  Sort Key: c
	  ->  Index Scan using sbtest8_pkey on sbtest8  (cost=0.43..364.10 rows=94 width=121)
	        Index Cond: ((id >= 4426197) AND (id <= 4426296))

explain: for point_selects :: explain SELECT c FROM sbtest%u WHERE id=%u
for: order_ranges
table 1 : explain SELECT c FROM sbtest1 WHERE id BETWEEN 8456017 AND 8456116 ORDER BY c
	Sort  (cost=393.68..393.94 rows=101 width=121)
	  Sort Key: c
	  ->  Index Scan using sbtest1_pkey on sbtest1  (cost=0.43..390.32 rows=101 width=121)
	        Index Cond: ((id >= 8456017) AND (id <= 8456116))

table 2 : explain SELECT c FROM sbtest2 WHERE id BETWEEN 6375861 AND 6375960 ORDER BY c
	Sort  (cost=407.11..407.37 rows=104 width=121)
	  Sort Key: c
	  ->  Index Scan using sbtest2_pkey on sbtest2  (cost=0.43..403.63 rows=104 width=121)
	        Index Cond: ((id >= 6375861) AND (id <= 6375960))

table 3 : explain SELECT c FROM sbtest3 WHERE id BETWEEN 5842021 AND 5842120 ORDER BY c
	Sort  (cost=400.51..400.77 rows=103 width=121)
	  Sort Key: c
	  ->  Index Scan using sbtest3_pkey on sbtest3  (cost=0.43..397.07 rows=103 width=121)
	        Index Cond: ((id >= 5842021) AND (id <= 5842120))

table 4 : explain SELECT c FROM sbtest4 WHERE id BETWEEN 9907001 AND 9907100 ORDER BY c
	Sort  (cost=401.11..401.37 rows=103 width=121)
	  Sort Key: c
	  ->  Index Scan using sbtest4_pkey on sbtest4  (cost=0.43..397.67 rows=103 width=121)
	        Index Cond: ((id >= 9907001) AND (id <= 9907100))

table 5 : explain SELECT c FROM sbtest5 WHERE id BETWEEN 2451292 AND 2451391 ORDER BY c
	Sort  (cost=391.65..391.90 rows=101 width=121)
	  Sort Key: c
	  ->  Index Scan using sbtest5_pkey on sbtest5  (cost=0.43..388.29 rows=101 width=121)
	        Index Cond: ((id >= 2451292) AND (id <= 2451391))

table 6 : explain SELECT c FROM sbtest6 WHERE id BETWEEN 2568540 AND 2568639 ORDER BY c
	Sort  (cost=394.27..394.52 rows=101 width=121)
	  Sort Key: c
	  ->  Index Scan using sbtest6_pkey on sbtest6  (cost=0.43..390.91 rows=101 width=121)
	        Index Cond: ((id >= 2568540) AND (id <= 2568639))

table 7 : explain SELECT c FROM sbtest7 WHERE id BETWEEN 1517449 AND 1517548 ORDER BY c
	Sort  (cost=385.56..385.81 rows=99 width=121)
	  Sort Key: c
	  ->  Index Scan using sbtest7_pkey on sbtest7  (cost=0.43..382.28 rows=99 width=121)
	        Index Cond: ((id >= 1517449) AND (id <= 1517548))

table 8 : explain SELECT c FROM sbtest8 WHERE id BETWEEN 178194 AND 178293 ORDER BY c
	Sort  (cost=363.27..363.50 rows=93 width=121)
	  Sort Key: c
	  ->  Index Scan using sbtest8_pkey on sbtest8  (cost=0.43..360.23 rows=93 width=121)
	        Index Cond: ((id >= 178194) AND (id <= 178293))

for: sum_ranges
table 1 : explain SELECT SUM(k) FROM sbtest1 WHERE id BETWEEN 1655265 AND 1655364
	Aggregate  (cost=394.39..394.40 rows=1 width=8)
	  ->  Index Scan using sbtest1_pkey on sbtest1  (cost=0.43..394.14 rows=102 width=4)
	        Index Cond: ((id >= 1655265) AND (id <= 1655364))

table 2 : explain SELECT SUM(k) FROM sbtest2 WHERE id BETWEEN 9426975 AND 9427074
	Aggregate  (cost=377.02..377.03 rows=1 width=8)
	  ->  Index Scan using sbtest2_pkey on sbtest2  (cost=0.43..376.78 rows=97 width=4)
	        Index Cond: ((id >= 9426975) AND (id <= 9427074))

table 3 : explain SELECT SUM(k) FROM sbtest3 WHERE id BETWEEN 8988837 AND 8988936
	Aggregate  (cost=359.17..359.18 rows=1 width=8)
	  ->  Index Scan using sbtest3_pkey on sbtest3  (cost=0.43..358.93 rows=93 width=4)
	        Index Cond: ((id >= 8988837) AND (id <= 8988936))

table 4 : explain SELECT SUM(k) FROM sbtest4 WHERE id BETWEEN 9001958 AND 9002057
	Aggregate  (cost=409.38..409.39 rows=1 width=8)
	  ->  Index Scan using sbtest4_pkey on sbtest4  (cost=0.43..409.11 rows=106 width=4)
	        Index Cond: ((id >= 9001958) AND (id <= 9002057))

table 5 : explain SELECT SUM(k) FROM sbtest5 WHERE id BETWEEN 6514594 AND 6514693
	Aggregate  (cost=384.74..384.75 rows=1 width=8)
	  ->  Index Scan using sbtest5_pkey on sbtest5  (cost=0.43..384.49 rows=100 width=4)
	        Index Cond: ((id >= 6514594) AND (id <= 6514693))

table 6 : explain SELECT SUM(k) FROM sbtest6 WHERE id BETWEEN 2924429 AND 2924528
	Aggregate  (cost=387.33..387.34 rows=1 width=8)
	  ->  Index Scan using sbtest6_pkey on sbtest6  (cost=0.43..387.08 rows=100 width=4)
	        Index Cond: ((id >= 2924429) AND (id <= 2924528))

table 7 : explain SELECT SUM(k) FROM sbtest7 WHERE id BETWEEN 3166059 AND 3166158
	Aggregate  (cost=390.16..390.17 rows=1 width=8)
	  ->  Index Scan using sbtest7_pkey on sbtest7  (cost=0.43..389.91 rows=101 width=4)
	        Index Cond: ((id >= 3166059) AND (id <= 3166158))

table 8 : explain SELECT SUM(k) FROM sbtest8 WHERE id BETWEEN 3155429 AND 3155528
	Aggregate  (cost=379.64..379.65 rows=1 width=8)
	  ->  Index Scan using sbtest8_pkey on sbtest8  (cost=0.43..379.39 rows=98 width=4)
	        Index Cond: ((id >= 3155429) AND (id <= 3155528))

for: order_ranges
table 1 : explain SELECT c FROM sbtest1 WHERE id BETWEEN 7700083 AND 7700182 ORDER BY c
	Sort  (cost=420.69..420.96 rows=108 width=121)
	  Sort Key: c
	  ->  Index Scan using sbtest1_pkey on sbtest1  (cost=0.43..417.04 rows=108 width=121)
	        Index Cond: ((id >= 7700083) AND (id <= 7700182))

table 2 : explain SELECT c FROM sbtest2 WHERE id BETWEEN 1958706 AND 1958805 ORDER BY c
	Sort  (cost=399.36..399.61 rows=102 width=121)
	  Sort Key: c
	  ->  Index Scan using sbtest2_pkey on sbtest2  (cost=0.43..395.95 rows=102 width=121)
	        Index Cond: ((id >= 1958706) AND (id <= 1958805))

table 3 : explain SELECT c FROM sbtest3 WHERE id BETWEEN 1140564 AND 1140663 ORDER BY c
	Sort  (cost=385.12..385.37 rows=99 width=121)
	  Sort Key: c
	  ->  Index Scan using sbtest3_pkey on sbtest3  (cost=0.43..381.84 rows=99 width=121)
	        Index Cond: ((id >= 1140564) AND (id <= 1140663))

table 4 : explain SELECT c FROM sbtest4 WHERE id BETWEEN 6101847 AND 6101946 ORDER BY c
	Sort  (cost=412.68..412.94 rows=106 width=121)
	  Sort Key: c
	  ->  Index Scan using sbtest4_pkey on sbtest4  (cost=0.43..409.11 rows=106 width=121)
	        Index Cond: ((id >= 6101847) AND (id <= 6101946))

table 5 : explain SELECT c FROM sbtest5 WHERE id BETWEEN 3371294 AND 3371393 ORDER BY c
	Sort  (cost=426.19..426.46 rows=110 width=121)
	  Sort Key: c
	  ->  Index Scan using sbtest5_pkey on sbtest5  (cost=0.43..422.46 rows=110 width=121)
	        Index Cond: ((id >= 3371294) AND (id <= 3371393))

table 6 : explain SELECT c FROM sbtest6 WHERE id BETWEEN 6610850 AND 6610949 ORDER BY c
	Sort  (cost=436.77..437.05 rows=112 width=121)
	  Sort Key: c
	  ->  Index Scan using sbtest6_pkey on sbtest6  (cost=0.43..432.96 rows=112 width=121)
	        Index Cond: ((id >= 6610850) AND (id <= 6610949))

table 7 : explain SELECT c FROM sbtest7 WHERE id BETWEEN 3275637 AND 3275736 ORDER BY c
	Sort  (cost=358.54..358.77 rows=92 width=121)
	  Sort Key: c
	  ->  Index Scan using sbtest7_pkey on sbtest7  (cost=0.43..355.54 rows=92 width=121)
	        Index Cond: ((id >= 3275637) AND (id <= 3275736))

table 8 : explain SELECT c FROM sbtest8 WHERE id BETWEEN 6470065 AND 6470164 ORDER BY c
	Sort  (cost=401.95..402.21 rows=103 width=121)
	  Sort Key: c
	  ->  Index Scan using sbtest8_pkey on sbtest8  (cost=0.43..398.51 rows=103 width=121)
	        Index Cond: ((id >= 6470065) AND (id <= 6470164))

explain: for point_selects :: explain SELECT c FROM sbtest%u WHERE id=%u
for: order_ranges
table 1 : explain SELECT c FROM sbtest1 WHERE id BETWEEN 8996786 AND 8996885 ORDER BY c
	Sort  (cost=409.12..409.38 rows=105 width=121)
	  Sort Key: c
	  ->  Index Scan using sbtest1_pkey on sbtest1  (cost=0.43..405.59 rows=105 width=121)
	        Index Cond: ((id >= 8996786) AND (id <= 8996885))

table 2 : explain SELECT c FROM sbtest2 WHERE id BETWEEN 5521521 AND 5521620 ORDER BY c
	Sort  (cost=403.23..403.49 rows=103 width=121)
	  Sort Key: c
	  ->  Index Scan using sbtest2_pkey on sbtest2  (cost=0.43..399.79 rows=103 width=121)
	        Index Cond: ((id >= 5521521) AND (id <= 5521620))

table 3 : explain SELECT c FROM sbtest3 WHERE id BETWEEN 9441523 AND 9441622 ORDER BY c
	Sort  (cost=408.21..408.48 rows=105 width=121)
	  Sort Key: c
	  ->  Index Scan using sbtest3_pkey on sbtest3  (cost=0.43..404.69 rows=105 width=121)
	        Index Cond: ((id >= 9441523) AND (id <= 9441622))

table 4 : explain SELECT c FROM sbtest4 WHERE id BETWEEN 6962405 AND 6962504 ORDER BY c
	Sort  (cost=412.68..412.94 rows=106 width=121)
	  Sort Key: c
	  ->  Index Scan using sbtest4_pkey on sbtest4  (cost=0.43..409.11 rows=106 width=121)
	        Index Cond: ((id >= 6962405) AND (id <= 6962504))

table 5 : explain SELECT c FROM sbtest5 WHERE id BETWEEN 6452139 AND 6452238 ORDER BY c
	Sort  (cost=410.84..411.10 rows=106 width=121)
	  Sort Key: c
	  ->  Index Scan using sbtest5_pkey on sbtest5  (cost=0.43..407.27 rows=106 width=121)
	        Index Cond: ((id >= 6452139) AND (id <= 6452238))

table 6 : explain SELECT c FROM sbtest6 WHERE id BETWEEN 1437536 AND 1437635 ORDER BY c
	Sort  (cost=367.23..367.46 rows=94 width=121)
	  Sort Key: c
	  ->  Index Scan using sbtest6_pkey on sbtest6  (cost=0.43..364.15 rows=94 width=121)
	        Index Cond: ((id >= 1437536) AND (id <= 1437635))

table 7 : explain SELECT c FROM sbtest7 WHERE id BETWEEN 1314852 AND 1314951 ORDER BY c
	Sort  (cost=412.54..412.80 rows=106 width=121)
	  Sort Key: c
	  ->  Index Scan using sbtest7_pkey on sbtest7  (cost=0.43..408.97 rows=106 width=121)
	        Index Cond: ((id >= 1314852) AND (id <= 1314951))

table 8 : explain SELECT c FROM sbtest8 WHERE id BETWEEN 5643207 AND 5643306 ORDER BY c
	Sort  (cost=386.50..386.74 rows=99 width=121)
	  Sort Key: c
	  ->  Index Scan using sbtest8_pkey on sbtest8  (cost=0.43..383.22 rows=99 width=121)
	        Index Cond: ((id >= 5643207) AND (id <= 5643306))

for point_selects
table 1 : explain SELECT c FROM sbtest1 WHERE id=1513911
	Index Scan using sbtest1_pkey on sbtest1  (cost=0.43..8.45 rows=1 width=121)
	  Index Cond: (id = 1513911)

table 2 : explain SELECT c FROM sbtest2 WHERE id=8577291
	Index Scan using sbtest2_pkey on sbtest2  (cost=0.43..8.45 rows=1 width=121)
	  Index Cond: (id = 8577291)

table 3 : explain SELECT c FROM sbtest3 WHERE id=7507354
	Index Scan using sbtest3_pkey on sbtest3  (cost=0.43..8.45 rows=1 width=121)
	  Index Cond: (id = 7507354)

table 4 : explain SELECT c FROM sbtest4 WHERE id=7836722
	Index Scan using sbtest4_pkey on sbtest4  (cost=0.43..8.45 rows=1 width=121)
	  Index Cond: (id = 7836722)

table 5 : explain SELECT c FROM sbtest5 WHERE id=5430795
	Index Scan using sbtest5_pkey on sbtest5  (cost=0.43..8.45 rows=1 width=121)
	  Index Cond: (id = 5430795)

table 6 : explain SELECT c FROM sbtest6 WHERE id=2085632
	Index Scan using sbtest6_pkey on sbtest6  (cost=0.43..8.45 rows=1 width=121)
	  Index Cond: (id = 2085632)

table 7 : explain SELECT c FROM sbtest7 WHERE id=7927364
	Index Scan using sbtest7_pkey on sbtest7  (cost=0.43..8.45 rows=1 width=121)
	  Index Cond: (id = 7927364)

table 8 : explain SELECT c FROM sbtest8 WHERE id=487696
	Index Scan using sbtest8_pkey on sbtest8  (cost=0.43..8.45 rows=1 width=121)
	  Index Cond: (id = 487696)

explain: for point_selects :: explain SELECT c FROM sbtest%u WHERE id=%u
for: order_ranges
table 1 : explain SELECT c FROM sbtest1 WHERE id BETWEEN 1034235 AND 1034334 ORDER BY c
	Sort  (cost=424.55..424.82 rows=109 width=121)
	  Sort Key: c
	  ->  Index Scan using sbtest1_pkey on sbtest1  (cost=0.43..420.86 rows=109 width=121)
	        Index Cond: ((id >= 1034235) AND (id <= 1034334))

table 2 : explain SELECT c FROM sbtest2 WHERE id BETWEEN 8289297 AND 8289396 ORDER BY c
	Sort  (cost=383.85..384.10 rows=98 width=121)
	  Sort Key: c
	  ->  Index Scan using sbtest2_pkey on sbtest2  (cost=0.43..380.61 rows=98 width=121)
	        Index Cond: ((id >= 8289297) AND (id <= 8289396))

table 3 : explain SELECT c FROM sbtest3 WHERE id BETWEEN 206853 AND 206952 ORDER BY c
	Sort  (cost=381.27..381.52 rows=98 width=121)
	  Sort Key: c
	  ->  Index Scan using sbtest3_pkey on sbtest3  (cost=0.43..378.03 rows=98 width=121)
	        Index Cond: ((id >= 206853) AND (id <= 206952))

table 4 : explain SELECT c FROM sbtest4 WHERE id BETWEEN 7409583 AND 7409682 ORDER BY c
	Sort  (cost=385.69..385.94 rows=99 width=121)
	  Sort Key: c
	  ->  Index Scan using sbtest4_pkey on sbtest4  (cost=0.43..382.41 rows=99 width=121)
	        Index Cond: ((id >= 7409583) AND (id <= 7409682))

table 5 : explain SELECT c FROM sbtest5 WHERE id BETWEEN 7590991 AND 7591090 ORDER BY c
	Sort  (cost=376.30..376.55 rows=97 width=121)
	  Sort Key: c
	  ->  Index Scan using sbtest5_pkey on sbtest5  (cost=0.43..373.10 rows=97 width=121)
	        Index Cond: ((id >= 7590991) AND (id <= 7591090))

table 6 : explain SELECT c FROM sbtest6 WHERE id BETWEEN 590376 AND 590475 ORDER BY c
	Sort  (cost=398.13..398.39 rows=102 width=121)
	  Sort Key: c
	  ->  Index Scan using sbtest6_pkey on sbtest6  (cost=0.43..394.73 rows=102 width=121)
	        Index Cond: ((id >= 590376) AND (id <= 590475))

table 7 : explain SELECT c FROM sbtest7 WHERE id BETWEEN 5101892 AND 5101991 ORDER BY c
	Sort  (cost=335.42..335.64 rows=86 width=121)
	  Sort Key: c
	  ->  Index Scan using sbtest7_pkey on sbtest7  (cost=0.43..332.66 rows=86 width=121)
	        Index Cond: ((id >= 5101892) AND (id <= 5101991))

table 8 : explain SELECT c FROM sbtest8 WHERE id BETWEEN 688081 AND 688180 ORDER BY c
	Sort  (cost=386.50..386.74 rows=99 width=121)
	  Sort Key: c
	  ->  Index Scan using sbtest8_pkey on sbtest8  (cost=0.43..383.22 rows=99 width=121)
	        Index Cond: ((id >= 688081) AND (id <= 688180))

for: simple_ranges
table 1 : explain SELECT c FROM sbtest1 WHERE id BETWEEN 4954186 AND 4954285
	Index Scan using sbtest1_pkey on sbtest1  (cost=0.43..397.96 rows=103 width=121)
	  Index Cond: ((id >= 4954186) AND (id <= 4954285))

table 2 : explain SELECT c FROM sbtest2 WHERE id BETWEEN 8057279 AND 8057378
	Index Scan using sbtest2_pkey on sbtest2  (cost=0.43..395.95 rows=102 width=121)
	  Index Cond: ((id >= 8057279) AND (id <= 8057378))

table 3 : explain SELECT c FROM sbtest3 WHERE id BETWEEN 4683756 AND 4683855
	Index Scan using sbtest3_pkey on sbtest3  (cost=0.43..366.60 rows=95 width=121)
	  Index Cond: ((id >= 4683756) AND (id <= 4683855))

table 4 : explain SELECT c FROM sbtest4 WHERE id BETWEEN 3634714 AND 3634813
	Index Scan using sbtest4_pkey on sbtest4  (cost=0.43..386.23 rows=100 width=121)
	  Index Cond: ((id >= 3634714) AND (id <= 3634813))

table 5 : explain SELECT c FROM sbtest5 WHERE id BETWEEN 5367966 AND 5368065
	Index Scan using sbtest5_pkey on sbtest5  (cost=0.43..373.10 rows=97 width=121)
	  Index Cond: ((id >= 5367966) AND (id <= 5368065))

table 6 : explain SELECT c FROM sbtest6 WHERE id BETWEEN 3138658 AND 3138757
	Index Scan using sbtest6_pkey on sbtest6  (cost=0.43..387.08 rows=100 width=121)
	  Index Cond: ((id >= 3138658) AND (id <= 3138757))

table 7 : explain SELECT c FROM sbtest7 WHERE id BETWEEN 936474 AND 936573
	Index Scan using sbtest7_pkey on sbtest7  (cost=0.43..378.47 rows=98 width=121)
	  Index Cond: ((id >= 936474) AND (id <= 936573))

table 8 : explain SELECT c FROM sbtest8 WHERE id BETWEEN 8019815 AND 8019914
	Index Scan using sbtest8_pkey on sbtest8  (cost=0.43..429.09 rows=111 width=121)
	  Index Cond: ((id >= 8019815) AND (id <= 8019914))

explain: for point_selects :: explain SELECT c FROM sbtest%u WHERE id=%u
explain: for point_selects :: explain SELECT c FROM sbtest%u WHERE id=%u
for point_selects
table 1 : explain SELECT c FROM sbtest1 WHERE id=7953116
	Index Scan using sbtest1_pkey on sbtest1  (cost=0.43..8.45 rows=1 width=121)
	  Index Cond: (id = 7953116)

table 2 : explain SELECT c FROM sbtest2 WHERE id=5797117
	Index Scan using sbtest2_pkey on sbtest2  (cost=0.43..8.45 rows=1 width=121)
	  Index Cond: (id = 5797117)

table 3 : explain SELECT c FROM sbtest3 WHERE id=3662667
	Index Scan using sbtest3_pkey on sbtest3  (cost=0.43..8.45 rows=1 width=121)
	  Index Cond: (id = 3662667)

table 4 : explain SELECT c FROM sbtest4 WHERE id=7679086
	Index Scan using sbtest4_pkey on sbtest4  (cost=0.43..8.45 rows=1 width=121)
	  Index Cond: (id = 7679086)

table 5 : explain SELECT c FROM sbtest5 WHERE id=712059
	Index Scan using sbtest5_pkey on sbtest5  (cost=0.43..8.45 rows=1 width=121)
	  Index Cond: (id = 712059)

table 6 : explain SELECT c FROM sbtest6 WHERE id=4047516
	Index Scan using sbtest6_pkey on sbtest6  (cost=0.43..8.45 rows=1 width=121)
	  Index Cond: (id = 4047516)

table 7 : explain SELECT c FROM sbtest7 WHERE id=2012572
	Index Scan using sbtest7_pkey on sbtest7  (cost=0.43..8.45 rows=1 width=121)
	  Index Cond: (id = 2012572)

table 8 : explain SELECT c FROM sbtest8 WHERE id=3421505
	Index Scan using sbtest8_pkey on sbtest8  (cost=0.43..8.45 rows=1 width=121)
	  Index Cond: (id = 3421505)

for: distinct_ranges
table 1 : explain SELECT DISTINCT c FROM sbtest1 WHERE id BETWEEN 302307 AND 302406 ORDER BY c
	Unique  (cost=370.54..371.01 rows=95 width=121)
	  ->  Sort  (cost=370.54..370.78 rows=95 width=121)
	        Sort Key: c
	        ->  Index Scan using sbtest1_pkey on sbtest1  (cost=0.43..367.42 rows=95 width=121)
	              Index Cond: ((id >= 302307) AND (id <= 302406))

table 2 : explain SELECT DISTINCT c FROM sbtest2 WHERE id BETWEEN 3913201 AND 3913300 ORDER BY c
	Unique  (cost=438.12..438.68 rows=112 width=121)
	  ->  Sort  (cost=438.12..438.40 rows=112 width=121)
	        Sort Key: c
	        ->  Index Scan using sbtest2_pkey on sbtest2  (cost=0.43..434.31 rows=112 width=121)
	              Index Cond: ((id >= 3913201) AND (id <= 3913300))

table 3 : explain SELECT DISTINCT c FROM sbtest3 WHERE id BETWEEN 6660158 AND 6660257 ORDER BY c
	Unique  (cost=392.82..393.32 rows=101 width=121)
	  ->  Sort  (cost=392.82..393.07 rows=101 width=121)
	        Sort Key: c
	        ->  Index Scan using sbtest3_pkey on sbtest3  (cost=0.43..389.45 rows=101 width=121)
	              Index Cond: ((id >= 6660158) AND (id <= 6660257))

table 4 : explain SELECT DISTINCT c FROM sbtest4 WHERE id BETWEEN 9818726 AND 9818825 ORDER BY c
	Unique  (cost=420.39..420.93 rows=108 width=121)
	  ->  Sort  (cost=420.39..420.66 rows=108 width=121)
	        Sort Key: c
	        ->  Index Scan using sbtest4_pkey on sbtest4  (cost=0.43..416.74 rows=108 width=121)
	              Index Cond: ((id >= 9818726) AND (id <= 9818825))

table 5 : explain SELECT DISTINCT c FROM sbtest5 WHERE id BETWEEN 9306191 AND 9306290 ORDER BY c
	Unique  (cost=376.30..376.79 rows=97 width=121)
	  ->  Sort  (cost=376.30..376.55 rows=97 width=121)
	        Sort Key: c
	        ->  Index Scan using sbtest5_pkey on sbtest5  (cost=0.43..373.10 rows=97 width=121)
	              Index Cond: ((id >= 9306191) AND (id <= 9306290))

table 6 : explain SELECT DISTINCT c FROM sbtest6 WHERE id BETWEEN 1724190 AND 1724289 ORDER BY c
	Unique  (cost=347.86..348.31 rows=89 width=121)
	  ->  Sort  (cost=347.86..348.09 rows=89 width=121)
	        Sort Key: c
	        ->  Index Scan using sbtest6_pkey on sbtest6  (cost=0.43..344.98 rows=89 width=121)
	              Index Cond: ((id >= 1724190) AND (id <= 1724289))

table 7 : explain SELECT DISTINCT c FROM sbtest7 WHERE id BETWEEN 8642428 AND 8642527 ORDER BY c
	Unique  (cost=370.15..370.62 rows=95 width=121)
	  ->  Sort  (cost=370.15..370.39 rows=95 width=121)
	        Sort Key: c
	        ->  Index Scan using sbtest7_pkey on sbtest7  (cost=0.43..367.03 rows=95 width=121)
	              Index Cond: ((id >= 8642428) AND (id <= 8642527))

table 8 : explain SELECT DISTINCT c FROM sbtest8 WHERE id BETWEEN 5986789 AND 5986888 ORDER BY c
	Unique  (cost=413.54..414.07 rows=106 width=121)
	  ->  Sort  (cost=413.54..413.80 rows=106 width=121)
	        Sort Key: c
	        ->  Index Scan using sbtest8_pkey on sbtest8  (cost=0.43..409.97 rows=106 width=121)
	              Index Cond: ((id >= 5986789) AND (id <= 5986888))

for: order_ranges
table 1 : explain SELECT c FROM sbtest1 WHERE id BETWEEN 5456536 AND 5456635 ORDER BY c
	Sort  (cost=374.40..374.64 rows=96 width=121)
	  Sort Key: c
	  ->  Index Scan using sbtest1_pkey on sbtest1  (cost=0.43..371.24 rows=96 width=121)
	        Index Cond: ((id >= 5456536) AND (id <= 5456635))

table 2 : explain SELECT c FROM sbtest2 WHERE id BETWEEN 6393309 AND 6393408 ORDER BY c
	Sort  (cost=407.11..407.37 rows=104 width=121)
	  Sort Key: c
	  ->  Index Scan using sbtest2_pkey on sbtest2  (cost=0.43..403.63 rows=104 width=121)
	        Index Cond: ((id >= 6393309) AND (id <= 6393408))

table 3 : explain SELECT c FROM sbtest3 WHERE id BETWEEN 818431 AND 818530 ORDER BY c
	Sort  (cost=419.76..420.03 rows=108 width=121)
	  Sort Key: c
	  ->  Index Scan using sbtest3_pkey on sbtest3  (cost=0.43..416.11 rows=108 width=121)
	        Index Cond: ((id >= 818431) AND (id <= 818530))

table 4 : explain SELECT c FROM sbtest4 WHERE id BETWEEN 4204083 AND 4204182 ORDER BY c
	Sort  (cost=350.95..351.18 rows=90 width=121)
	  Sort Key: c
	  ->  Index Scan using sbtest4_pkey on sbtest4  (cost=0.43..348.03 rows=90 width=121)
	        Index Cond: ((id >= 4204083) AND (id <= 4204182))

table 5 : explain SELECT c FROM sbtest5 WHERE id BETWEEN 4294537 AND 4294636 ORDER BY c
	Sort  (cost=414.68..414.94 rows=107 width=121)
	  Sort Key: c
	  ->  Index Scan using sbtest5_pkey on sbtest5  (cost=0.43..411.07 rows=107 width=121)
	        Index Cond: ((id >= 4294537) AND (id <= 4294636))

table 6 : explain SELECT c FROM sbtest6 WHERE id BETWEEN 6471547 AND 6471646 ORDER BY c
	Sort  (cost=394.27..394.52 rows=101 width=121)
	  Sort Key: c
	  ->  Index Scan using sbtest6_pkey on sbtest6  (cost=0.43..390.91 rows=101 width=121)
	        Index Cond: ((id >= 6471547) AND (id <= 6471646))

table 7 : explain SELECT c FROM sbtest7 WHERE id BETWEEN 3245921 AND 3246020 ORDER BY c
	Sort  (cost=358.54..358.77 rows=92 width=121)
	  Sort Key: c
	  ->  Index Scan using sbtest7_pkey on sbtest7  (cost=0.43..355.54 rows=92 width=121)
	        Index Cond: ((id >= 3245921) AND (id <= 3246020))

table 8 : explain SELECT c FROM sbtest8 WHERE id BETWEEN 9674653 AND 9674752 ORDER BY c
	Sort  (cost=401.95..402.21 rows=103 width=121)
	  Sort Key: c
	  ->  Index Scan using sbtest8_pkey on sbtest8  (cost=0.43..398.51 rows=103 width=121)
	        Index Cond: ((id >= 9674653) AND (id <= 9674752))

explain: for index_updates :: explain UPDATE sbtest%u SET k=k+1 WHERE id=%u
for point_selects
table 1 : explain SELECT c FROM sbtest1 WHERE id=7319879
	Index Scan using sbtest1_pkey on sbtest1  (cost=0.43..8.45 rows=1 width=121)
	  Index Cond: (id = 7319879)

table 2 : explain SELECT c FROM sbtest2 WHERE id=5169203
	Index Scan using sbtest2_pkey on sbtest2  (cost=0.43..8.45 rows=1 width=121)
	  Index Cond: (id = 5169203)

table 3 : explain SELECT c FROM sbtest3 WHERE id=8165333
	Index Scan using sbtest3_pkey on sbtest3  (cost=0.43..8.45 rows=1 width=121)
	  Index Cond: (id = 8165333)

table 4 : explain SELECT c FROM sbtest4 WHERE id=3230686
	Index Scan using sbtest4_pkey on sbtest4  (cost=0.43..8.45 rows=1 width=121)
	  Index Cond: (id = 3230686)

table 5 : explain SELECT c FROM sbtest5 WHERE id=2788745
	Index Scan using sbtest5_pkey on sbtest5  (cost=0.43..8.45 rows=1 width=121)
	  Index Cond: (id = 2788745)

table 6 : explain SELECT c FROM sbtest6 WHERE id=8220102
	Index Scan using sbtest6_pkey on sbtest6  (cost=0.43..8.45 rows=1 width=121)
	  Index Cond: (id = 8220102)

table 7 : explain SELECT c FROM sbtest7 WHERE id=1570263
	Index Scan using sbtest7_pkey on sbtest7  (cost=0.43..8.45 rows=1 width=121)
	  Index Cond: (id = 1570263)

table 8 : explain SELECT c FROM sbtest8 WHERE id=2183294
	Index Scan using sbtest8_pkey on sbtest8  (cost=0.43..8.45 rows=1 width=121)
	  Index Cond: (id = 2183294)

for: distinct_ranges
table 1 : explain SELECT DISTINCT c FROM sbtest1 WHERE id BETWEEN 8121701 AND 8121800 ORDER BY c
	Unique  (cost=385.97..386.46 rows=99 width=121)
	  ->  Sort  (cost=385.97..386.22 rows=99 width=121)
	        Sort Key: c
	        ->  Index Scan using sbtest1_pkey on sbtest1  (cost=0.43..382.69 rows=99 width=121)
	              Index Cond: ((id >= 8121701) AND (id <= 8121800))

table 2 : explain SELECT DISTINCT c FROM sbtest2 WHERE id BETWEEN 3500186 AND 3500285 ORDER BY c
	Unique  (cost=368.35..368.82 rows=94 width=121)
	  ->  Sort  (cost=368.35..368.59 rows=94 width=121)
	        Sort Key: c
	        ->  Index Scan using sbtest2_pkey on sbtest2  (cost=0.43..365.27 rows=94 width=121)
	              Index Cond: ((id >= 3500186) AND (id <= 3500285))

table 3 : explain SELECT DISTINCT c FROM sbtest3 WHERE id BETWEEN 7771657 AND 7771756 ORDER BY c
	Unique  (cost=377.42..377.91 rows=97 width=121)
	  ->  Sort  (cost=377.42..377.66 rows=97 width=121)
	        Sort Key: c
	        ->  Index Scan using sbtest3_pkey on sbtest3  (cost=0.43..374.22 rows=97 width=121)
	              Index Cond: ((id >= 7771657) AND (id <= 7771756))

table 4 : explain SELECT DISTINCT c FROM sbtest4 WHERE id BETWEEN 1520366 AND 1520465 ORDER BY c
	Unique  (cost=362.57..363.03 rows=93 width=121)
	  ->  Sort  (cost=362.57..362.80 rows=93 width=121)
	        Sort Key: c
	        ->  Index Scan using sbtest4_pkey on sbtest4  (cost=0.43..359.53 rows=93 width=121)
	              Index Cond: ((id >= 1520366) AND (id <= 1520465))

table 5 : explain SELECT DISTINCT c FROM sbtest5 WHERE id BETWEEN 9844009 AND 9844108 ORDER BY c
	Unique  (cost=349.39..349.84 rows=90 width=121)
	  ->  Sort  (cost=349.39..349.62 rows=90 width=121)
	        Sort Key: c
	        ->  Index Scan using sbtest5_pkey on sbtest5  (cost=0.43..346.47 rows=90 width=121)
	              Index Cond: ((id >= 9844009) AND (id <= 9844108))

table 6 : explain SELECT DISTINCT c FROM sbtest6 WHERE id BETWEEN 853789 AND 853888 ORDER BY c
	Unique  (cost=371.09..371.56 rows=95 width=121)
	  ->  Sort  (cost=371.09..371.33 rows=95 width=121)
	        Sort Key: c
	        ->  Index Scan using sbtest6_pkey on sbtest6  (cost=0.43..367.97 rows=95 width=121)
	              Index Cond: ((id >= 853789) AND (id <= 853888))

table 7 : explain SELECT DISTINCT c FROM sbtest7 WHERE id BETWEEN 9955447 AND 9955546 ORDER BY c
	Unique  (cost=389.41..389.91 rows=100 width=121)
	  ->  Sort  (cost=389.41..389.66 rows=100 width=121)
	        Sort Key: c
	        ->  Index Scan using sbtest7_pkey on sbtest7  (cost=0.43..386.09 rows=100 width=121)
	              Index Cond: ((id >= 9955447) AND (id <= 9955546))

table 8 : explain SELECT DISTINCT c FROM sbtest8 WHERE id BETWEEN 3921075 AND 3921174 ORDER BY c
	Unique  (cost=371.05..371.52 rows=95 width=121)
	  ->  Sort  (cost=371.05..371.28 rows=95 width=121)
	        Sort Key: c
	        ->  Index Scan using sbtest8_pkey on sbtest8  (cost=0.43..367.93 rows=95 width=121)
	              Index Cond: ((id >= 3921075) AND (id <= 3921174))

for index_updates
table 1 : explain UPDATE sbtest1 SET k=k+1 WHERE id=5030020
	Update on sbtest1  (cost=0.43..8.46 rows=0 width=0)
	  ->  Index Scan using sbtest1_pkey on sbtest1  (cost=0.43..8.46 rows=1 width=10)
	        Index Cond: (id = 5030020)

table 2 : explain UPDATE sbtest2 SET k=k+1 WHERE id=1709065
	Update on sbtest2  (cost=0.43..8.46 rows=0 width=0)
	  ->  Index Scan using sbtest2_pkey on sbtest2  (cost=0.43..8.46 rows=1 width=10)
	        Index Cond: (id = 1709065)

table 3 : explain UPDATE sbtest3 SET k=k+1 WHERE id=9397586
	Update on sbtest3  (cost=0.43..8.46 rows=0 width=0)
	  ->  Index Scan using sbtest3_pkey on sbtest3  (cost=0.43..8.46 rows=1 width=10)
	        Index Cond: (id = 9397586)

table 4 : explain UPDATE sbtest4 SET k=k+1 WHERE id=1625625
	Update on sbtest4  (cost=0.43..8.46 rows=0 width=0)
	  ->  Index Scan using sbtest4_pkey on sbtest4  (cost=0.43..8.46 rows=1 width=10)
	        Index Cond: (id = 1625625)

table 5 : explain UPDATE sbtest5 SET k=k+1 WHERE id=9386064
	Update on sbtest5  (cost=0.43..8.46 rows=0 width=0)
	  ->  Index Scan using sbtest5_pkey on sbtest5  (cost=0.43..8.46 rows=1 width=10)
	        Index Cond: (id = 9386064)

table 6 : explain UPDATE sbtest6 SET k=k+1 WHERE id=7730188
	Update on sbtest6  (cost=0.43..8.46 rows=0 width=0)
	  ->  Index Scan using sbtest6_pkey on sbtest6  (cost=0.43..8.46 rows=1 width=10)
	        Index Cond: (id = 7730188)

table 7 : explain UPDATE sbtest7 SET k=k+1 WHERE id=3114131
	Update on sbtest7  (cost=0.43..8.46 rows=0 width=0)
	  ->  Index Scan using sbtest7_pkey on sbtest7  (cost=0.43..8.46 rows=1 width=10)
	        Index Cond: (id = 3114131)

table 8 : explain UPDATE sbtest8 SET k=k+1 WHERE id=2367991
	Update on sbtest8  (cost=0.43..8.46 rows=0 width=0)
	  ->  Index Scan using sbtest8_pkey on sbtest8  (cost=0.43..8.46 rows=1 width=10)
	        Index Cond: (id = 2367991)

for: sum_ranges
table 1 : explain SELECT SUM(k) FROM sbtest1 WHERE id BETWEEN 9028530 AND 9028629
	Aggregate  (cost=413.49..413.50 rows=1 width=8)
	  ->  Index Scan using sbtest1_pkey on sbtest1  (cost=0.43..413.22 rows=107 width=4)
	        Index Cond: ((id >= 9028530) AND (id <= 9028629))

table 2 : explain SELECT SUM(k) FROM sbtest2 WHERE id BETWEEN 5206173 AND 5206272
	Aggregate  (cost=369.35..369.36 rows=1 width=8)
	  ->  Index Scan using sbtest2_pkey on sbtest2  (cost=0.43..369.11 rows=95 width=4)
	        Index Cond: ((id >= 5206173) AND (id <= 5206272))

table 3 : explain SELECT SUM(k) FROM sbtest3 WHERE id BETWEEN 9193750 AND 9193849
	Aggregate  (cost=385.90..385.91 rows=1 width=8)
	  ->  Index Scan using sbtest3_pkey on sbtest3  (cost=0.43..385.65 rows=100 width=4)
	        Index Cond: ((id >= 9193750) AND (id <= 9193849))

table 4 : explain SELECT SUM(k) FROM sbtest4 WHERE id BETWEEN 466856 AND 466955
	Aggregate  (cost=363.58..363.59 rows=1 width=8)
	  ->  Index Scan using sbtest4_pkey on sbtest4  (cost=0.43..363.34 rows=94 width=4)
	        Index Cond: ((id >= 466856) AND (id <= 466955))

table 5 : explain SELECT SUM(k) FROM sbtest5 WHERE id BETWEEN 1376188 AND 1376287
	Aggregate  (cost=384.74..384.75 rows=1 width=8)
	  ->  Index Scan using sbtest5_pkey on sbtest5  (cost=0.43..384.49 rows=100 width=4)
	        Index Cond: ((id >= 1376188) AND (id <= 1376287))

table 6 : explain SELECT SUM(k) FROM sbtest6 WHERE id BETWEEN 507336 AND 507435
	Aggregate  (cost=394.99..395.00 rows=1 width=8)
	  ->  Index Scan using sbtest6_pkey on sbtest6  (cost=0.43..394.73 rows=102 width=4)
	        Index Cond: ((id >= 507336) AND (id <= 507435))

table 7 : explain SELECT SUM(k) FROM sbtest7 WHERE id BETWEEN 8085317 AND 8085416
	Aggregate  (cost=371.08..371.09 rows=1 width=8)
	  ->  Index Scan using sbtest7_pkey on sbtest7  (cost=0.43..370.84 rows=96 width=4)
	        Index Cond: ((id >= 8085317) AND (id <= 8085416))

table 8 : explain SELECT SUM(k) FROM sbtest8 WHERE id BETWEEN 9106001 AND 9106100
	Aggregate  (cost=375.81..375.82 rows=1 width=8)
	  ->  Index Scan using sbtest8_pkey on sbtest8  (cost=0.43..375.57 rows=97 width=4)
	        Index Cond: ((id >= 9106001) AND (id <= 9106100))

for point_selects
table 1 : explain SELECT c FROM sbtest1 WHERE id=9286824
	Index Scan using sbtest1_pkey on sbtest1  (cost=0.43..8.45 rows=1 width=121)
	  Index Cond: (id = 9286824)

table 2 : explain SELECT c FROM sbtest2 WHERE id=7210724
	Index Scan using sbtest2_pkey on sbtest2  (cost=0.43..8.45 rows=1 width=121)
	  Index Cond: (id = 7210724)

table 3 : explain SELECT c FROM sbtest3 WHERE id=8079870
	Index Scan using sbtest3_pkey on sbtest3  (cost=0.43..8.45 rows=1 width=121)
	  Index Cond: (id = 8079870)

table 4 : explain SELECT c FROM sbtest4 WHERE id=8443998
	Index Scan using sbtest4_pkey on sbtest4  (cost=0.43..8.45 rows=1 width=121)
	  Index Cond: (id = 8443998)

table 5 : explain SELECT c FROM sbtest5 WHERE id=7472711
	Index Scan using sbtest5_pkey on sbtest5  (cost=0.43..8.45 rows=1 width=121)
	  Index Cond: (id = 7472711)

table 6 : explain SELECT c FROM sbtest6 WHERE id=4364145
	Index Scan using sbtest6_pkey on sbtest6  (cost=0.43..8.45 rows=1 width=121)
	  Index Cond: (id = 4364145)

table 7 : explain SELECT c FROM sbtest7 WHERE id=8144057
	Index Scan using sbtest7_pkey on sbtest7  (cost=0.43..8.45 rows=1 width=121)
	  Index Cond: (id = 8144057)

table 8 : explain SELECT c FROM sbtest8 WHERE id=7089611
	Index Scan using sbtest8_pkey on sbtest8  (cost=0.43..8.45 rows=1 width=121)
	  Index Cond: (id = 7089611)

explain: for index_updates :: explain UPDATE sbtest%u SET k=k+1 WHERE id=%u
for: simple_ranges
table 1 : explain SELECT c FROM sbtest1 WHERE id BETWEEN 692281 AND 692380
	Index Scan using sbtest1_pkey on sbtest1  (cost=0.43..359.78 rows=93 width=121)
	  Index Cond: ((id >= 692281) AND (id <= 692380))

table 2 : explain SELECT c FROM sbtest2 WHERE id BETWEEN 1272500 AND 1272599
	Index Scan using sbtest2_pkey on sbtest2  (cost=0.43..384.45 rows=99 width=121)
	  Index Cond: ((id >= 1272500) AND (id <= 1272599))

table 3 : explain SELECT c FROM sbtest3 WHERE id BETWEEN 8487980 AND 8488079
	Index Scan using sbtest3_pkey on sbtest3  (cost=0.43..366.60 rows=95 width=121)
	  Index Cond: ((id >= 8487980) AND (id <= 8488079))

table 4 : explain SELECT c FROM sbtest4 WHERE id BETWEEN 1829324 AND 1829423
	Index Scan using sbtest4_pkey on sbtest4  (cost=0.43..412.93 rows=107 width=121)
	  Index Cond: ((id >= 1829324) AND (id <= 1829423))

table 5 : explain SELECT c FROM sbtest5 WHERE id BETWEEN 8850801 AND 8850900
	Index Scan using sbtest5_pkey on sbtest5  (cost=0.43..380.70 rows=99 width=121)
	  Index Cond: ((id >= 8850801) AND (id <= 8850900))

table 6 : explain SELECT c FROM sbtest6 WHERE id BETWEEN 9226153 AND 9226252
	Index Scan using sbtest6_pkey on sbtest6  (cost=0.43..352.63 rows=91 width=121)
	  Index Cond: ((id >= 9226153) AND (id <= 9226252))

table 7 : explain SELECT c FROM sbtest7 WHERE id BETWEEN 7127677 AND 7127776
	Index Scan using sbtest7_pkey on sbtest7  (cost=0.43..378.47 rows=98 width=121)
	  Index Cond: ((id >= 7127677) AND (id <= 7127776))

table 8 : explain SELECT c FROM sbtest8 WHERE id BETWEEN 2697617 AND 2697716
	Index Scan using sbtest8_pkey on sbtest8  (cost=0.43..379.39 rows=98 width=121)
	  Index Cond: ((id >= 2697617) AND (id <= 2697716))

for index_updates
table 1 : explain UPDATE sbtest1 SET k=k+1 WHERE id=8456827
	Update on sbtest1  (cost=0.43..8.46 rows=0 width=0)
	  ->  Index Scan using sbtest1_pkey on sbtest1  (cost=0.43..8.46 rows=1 width=10)
	        Index Cond: (id = 8456827)

table 2 : explain UPDATE sbtest2 SET k=k+1 WHERE id=5865393
	Update on sbtest2  (cost=0.43..8.46 rows=0 width=0)
	  ->  Index Scan using sbtest2_pkey on sbtest2  (cost=0.43..8.46 rows=1 width=10)
	        Index Cond: (id = 5865393)

table 3 : explain UPDATE sbtest3 SET k=k+1 WHERE id=5725621
	Update on sbtest3  (cost=0.43..8.46 rows=0 width=0)
	  ->  Index Scan using sbtest3_pkey on sbtest3  (cost=0.43..8.46 rows=1 width=10)
	        Index Cond: (id = 5725621)

table 4 : explain UPDATE sbtest4 SET k=k+1 WHERE id=1364137
	Update on sbtest4  (cost=0.43..8.46 rows=0 width=0)
	  ->  Index Scan using sbtest4_pkey on sbtest4  (cost=0.43..8.46 rows=1 width=10)
	        Index Cond: (id = 1364137)

table 5 : explain UPDATE sbtest5 SET k=k+1 WHERE id=621218
	Update on sbtest5  (cost=0.43..8.46 rows=0 width=0)
	  ->  Index Scan using sbtest5_pkey on sbtest5  (cost=0.43..8.46 rows=1 width=10)
	        Index Cond: (id = 621218)

table 6 : explain UPDATE sbtest6 SET k=k+1 WHERE id=4079808
	Update on sbtest6  (cost=0.43..8.46 rows=0 width=0)
	  ->  Index Scan using sbtest6_pkey on sbtest6  (cost=0.43..8.46 rows=1 width=10)
	        Index Cond: (id = 4079808)

table 7 : explain UPDATE sbtest7 SET k=k+1 WHERE id=8992175
	Update on sbtest7  (cost=0.43..8.46 rows=0 width=0)
	  ->  Index Scan using sbtest7_pkey on sbtest7  (cost=0.43..8.46 rows=1 width=10)
	        Index Cond: (id = 8992175)

table 8 : explain UPDATE sbtest8 SET k=k+1 WHERE id=8839677
	Update on sbtest8  (cost=0.43..8.46 rows=0 width=0)
	  ->  Index Scan using sbtest8_pkey on sbtest8  (cost=0.43..8.46 rows=1 width=10)
	        Index Cond: (id = 8839677)

for point_selects
table 1 : explain SELECT c FROM sbtest1 WHERE id=6616648
	Index Scan using sbtest1_pkey on sbtest1  (cost=0.43..8.45 rows=1 width=121)
	  Index Cond: (id = 6616648)

table 2 : explain SELECT c FROM sbtest2 WHERE id=478411
	Index Scan using sbtest2_pkey on sbtest2  (cost=0.43..8.45 rows=1 width=121)
	  Index Cond: (id = 478411)

table 3 : explain SELECT c FROM sbtest3 WHERE id=594593
	Index Scan using sbtest3_pkey on sbtest3  (cost=0.43..8.45 rows=1 width=121)
	  Index Cond: (id = 594593)

table 4 : explain SELECT c FROM sbtest4 WHERE id=7355586
	Index Scan using sbtest4_pkey on sbtest4  (cost=0.43..8.45 rows=1 width=121)
	  Index Cond: (id = 7355586)

table 5 : explain SELECT c FROM sbtest5 WHERE id=7174360
	Index Scan using sbtest5_pkey on sbtest5  (cost=0.43..8.45 rows=1 width=121)
	  Index Cond: (id = 7174360)

table 6 : explain SELECT c FROM sbtest6 WHERE id=1186762
	Index Scan using sbtest6_pkey on sbtest6  (cost=0.43..8.45 rows=1 width=121)
	  Index Cond: (id = 1186762)

table 7 : explain SELECT c FROM sbtest7 WHERE id=7476030
	Index Scan using sbtest7_pkey on sbtest7  (cost=0.43..8.45 rows=1 width=121)
	  Index Cond: (id = 7476030)

table 8 : explain SELECT c FROM sbtest8 WHERE id=5712656
	Index Scan using sbtest8_pkey on sbtest8  (cost=0.43..8.45 rows=1 width=121)
	  Index Cond: (id = 5712656)

explain: for point_selects :: explain SELECT c FROM sbtest%u WHERE id=%u
for: simple_ranges
table 1 : explain SELECT c FROM sbtest1 WHERE id BETWEEN 8128019 AND 8128118
	Index Scan using sbtest1_pkey on sbtest1  (cost=0.43..382.69 rows=99 width=121)
	  Index Cond: ((id >= 8128019) AND (id <= 8128118))

table 2 : explain SELECT c FROM sbtest2 WHERE id BETWEEN 9758506 AND 9758605
	Index Scan using sbtest2_pkey on sbtest2  (cost=0.43..338.38 rows=87 width=121)
	  Index Cond: ((id >= 9758506) AND (id <= 9758605))

table 3 : explain SELECT c FROM sbtest3 WHERE id BETWEEN 493998 AND 494097
	Index Scan using sbtest3_pkey on sbtest3  (cost=0.43..397.07 rows=103 width=121)
	  Index Cond: ((id >= 493998) AND (id <= 494097))

table 4 : explain SELECT c FROM sbtest4 WHERE id BETWEEN 6443792 AND 6443891
	Index Scan using sbtest4_pkey on sbtest4  (cost=0.43..386.23 rows=100 width=121)
	  Index Cond: ((id >= 6443792) AND (id <= 6443891))

table 5 : explain SELECT c FROM sbtest5 WHERE id BETWEEN 3595939 AND 3596038
	Index Scan using sbtest5_pkey on sbtest5  (cost=0.43..376.90 rows=98 width=121)
	  Index Cond: ((id >= 3595939) AND (id <= 3596038))

table 6 : explain SELECT c FROM sbtest6 WHERE id BETWEEN 7165098 AND 7165197
	Index Scan using sbtest6_pkey on sbtest6  (cost=0.43..390.91 rows=101 width=121)
	  Index Cond: ((id >= 7165098) AND (id <= 7165197))

table 7 : explain SELECT c FROM sbtest7 WHERE id BETWEEN 3464600 AND 3464699
	Index Scan using sbtest7_pkey on sbtest7  (cost=0.43..386.09 rows=100 width=121)
	  Index Cond: ((id >= 3464600) AND (id <= 3464699))

table 8 : explain SELECT c FROM sbtest8 WHERE id BETWEEN 4423545 AND 4423644
	Index Scan using sbtest8_pkey on sbtest8  (cost=0.43..364.10 rows=94 width=121)
	  Index Cond: ((id >= 4423545) AND (id <= 4423644))

explain: for non_index_updates :: explain UPDATE sbtest%u SET c='foobar' WHERE id=%u
for: distinct_ranges
table 1 : explain SELECT DISTINCT c FROM sbtest1 WHERE id BETWEEN 9526267 AND 9526366 ORDER BY c
	Unique  (cost=397.54..398.05 rows=102 width=121)
	  ->  Sort  (cost=397.54..397.80 rows=102 width=121)
	        Sort Key: c
	        ->  Index Scan using sbtest1_pkey on sbtest1  (cost=0.43..394.14 rows=102 width=121)
	              Index Cond: ((id >= 9526267) AND (id <= 9526366))

table 2 : explain SELECT DISTINCT c FROM sbtest2 WHERE id BETWEEN 3569064 AND 3569163 ORDER BY c
	Unique  (cost=352.81..353.26 rows=90 width=121)
	  ->  Sort  (cost=352.81..353.03 rows=90 width=121)
	        Sort Key: c
	        ->  Index Scan using sbtest2_pkey on sbtest2  (cost=0.43..349.89 rows=90 width=121)
	              Index Cond: ((id >= 3569064) AND (id <= 3569163))

table 3 : explain SELECT DISTINCT c FROM sbtest3 WHERE id BETWEEN 2366398 AND 2366497 ORDER BY c
	Unique  (cost=388.97..389.47 rows=100 width=121)
	  ->  Sort  (cost=388.97..389.22 rows=100 width=121)
	        Sort Key: c
	        ->  Index Scan using sbtest3_pkey on sbtest3  (cost=0.43..385.65 rows=100 width=121)
	              Index Cond: ((id >= 2366398) AND (id <= 2366497))

table 4 : explain SELECT DISTINCT c FROM sbtest4 WHERE id BETWEEN 957076 AND 957175 ORDER BY c
	Unique  (cost=362.57..363.03 rows=93 width=121)
	  ->  Sort  (cost=362.57..362.80 rows=93 width=121)
	        Sort Key: c
	        ->  Index Scan using sbtest4_pkey on sbtest4  (cost=0.43..359.53 rows=93 width=121)
	              Index Cond: ((id >= 957076) AND (id <= 957175))

table 5 : explain SELECT DISTINCT c FROM sbtest5 WHERE id BETWEEN 1868957 AND 1869056 ORDER BY c
	Unique  (cost=403.16..403.68 rows=104 width=121)
	  ->  Sort  (cost=403.16..403.42 rows=104 width=121)
	        Sort Key: c
	        ->  Index Scan using sbtest5_pkey on sbtest5  (cost=0.43..399.68 rows=104 width=121)
	              Index Cond: ((id >= 1868957) AND (id <= 1869056))

table 6 : explain SELECT DISTINCT c FROM sbtest6 WHERE id BETWEEN 9241222 AND 9241321 ORDER BY c
	Unique  (cost=355.59..356.04 rows=91 width=121)
	  ->  Sort  (cost=355.59..355.82 rows=91 width=121)
	        Sort Key: c
	        ->  Index Scan using sbtest6_pkey on sbtest6  (cost=0.43..352.63 rows=91 width=121)
	              Index Cond: ((id >= 9241222) AND (id <= 9241321))

table 7 : explain SELECT DISTINCT c FROM sbtest7 WHERE id BETWEEN 2425140 AND 2425239 ORDER BY c
	Unique  (cost=358.54..359.00 rows=92 width=121)
	  ->  Sort  (cost=358.54..358.77 rows=92 width=121)
	        Sort Key: c
	        ->  Index Scan using sbtest7_pkey on sbtest7  (cost=0.43..355.54 rows=92 width=121)
	              Index Cond: ((id >= 2425140) AND (id <= 2425239))

table 8 : explain SELECT DISTINCT c FROM sbtest8 WHERE id BETWEEN 4421140 AND 4421239 ORDER BY c
	Unique  (cost=367.18..367.65 rows=94 width=121)
	  ->  Sort  (cost=367.18..367.42 rows=94 width=121)
	        Sort Key: c
	        ->  Index Scan using sbtest8_pkey on sbtest8  (cost=0.43..364.10 rows=94 width=121)
	              Index Cond: ((id >= 4421140) AND (id <= 4421239))

explain: for point_selects :: explain SELECT c FROM sbtest%u WHERE id=%u
for non_index_updates
table 1 : explain UPDATE sbtest1 SET c='foobar' WHERE id=5738838
	Update on sbtest1  (cost=0.43..8.45 rows=0 width=0)
	  ->  Index Scan using sbtest1_pkey on sbtest1  (cost=0.43..8.45 rows=1 width=490)
	        Index Cond: (id = 5738838)

table 2 : explain UPDATE sbtest2 SET c='foobar' WHERE id=3433186
	Update on sbtest2  (cost=0.43..8.45 rows=0 width=0)
	  ->  Index Scan using sbtest2_pkey on sbtest2  (cost=0.43..8.45 rows=1 width=490)
	        Index Cond: (id = 3433186)

table 3 : explain UPDATE sbtest3 SET c='foobar' WHERE id=5070166
	Update on sbtest3  (cost=0.43..8.45 rows=0 width=0)
	  ->  Index Scan using sbtest3_pkey on sbtest3  (cost=0.43..8.45 rows=1 width=490)
	        Index Cond: (id = 5070166)

table 4 : explain UPDATE sbtest4 SET c='foobar' WHERE id=3794856
	Update on sbtest4  (cost=0.43..8.45 rows=0 width=0)
	  ->  Index Scan using sbtest4_pkey on sbtest4  (cost=0.43..8.45 rows=1 width=490)
	        Index Cond: (id = 3794856)

table 5 : explain UPDATE sbtest5 SET c='foobar' WHERE id=910402
	Update on sbtest5  (cost=0.43..8.45 rows=0 width=0)
	  ->  Index Scan using sbtest5_pkey on sbtest5  (cost=0.43..8.45 rows=1 width=490)
	        Index Cond: (id = 910402)

table 6 : explain UPDATE sbtest6 SET c='foobar' WHERE id=7628506
	Update on sbtest6  (cost=0.43..8.45 rows=0 width=0)
	  ->  Index Scan using sbtest6_pkey on sbtest6  (cost=0.43..8.45 rows=1 width=490)
	        Index Cond: (id = 7628506)

table 7 : explain UPDATE sbtest7 SET c='foobar' WHERE id=2237178
	Update on sbtest7  (cost=0.43..8.45 rows=0 width=0)
	  ->  Index Scan using sbtest7_pkey on sbtest7  (cost=0.43..8.45 rows=1 width=490)
	        Index Cond: (id = 2237178)

table 8 : explain UPDATE sbtest8 SET c='foobar' WHERE id=5666993
	Update on sbtest8  (cost=0.43..8.45 rows=0 width=0)
	  ->  Index Scan using sbtest8_pkey on sbtest8  (cost=0.43..8.45 rows=1 width=490)
	        Index Cond: (id = 5666993)

explain: for index_updates :: explain UPDATE sbtest%u SET k=k+1 WHERE id=%u
for: simple_ranges
table 1 : explain SELECT c FROM sbtest1 WHERE id BETWEEN 4023581 AND 4023680
	Index Scan using sbtest1_pkey on sbtest1  (cost=0.43..409.41 rows=106 width=121)
	  Index Cond: ((id >= 4023581) AND (id <= 4023680))

table 2 : explain SELECT c FROM sbtest2 WHERE id BETWEEN 3819324 AND 3819423
	Index Scan using sbtest2_pkey on sbtest2  (cost=0.43..399.79 rows=103 width=121)
	  Index Cond: ((id >= 3819324) AND (id <= 3819423))

table 3 : explain SELECT c FROM sbtest3 WHERE id BETWEEN 6338399 AND 6338498
	Index Scan using sbtest3_pkey on sbtest3  (cost=0.43..366.60 rows=95 width=121)
	  Index Cond: ((id >= 6338399) AND (id <= 6338498))

table 4 : explain SELECT c FROM sbtest4 WHERE id BETWEEN 3368000 AND 3368099
	Index Scan using sbtest4_pkey on sbtest4  (cost=0.43..397.67 rows=103 width=121)
	  Index Cond: ((id >= 3368000) AND (id <= 3368099))

table 5 : explain SELECT c FROM sbtest5 WHERE id BETWEEN 5735117 AND 5735216
	Index Scan using sbtest5_pkey on sbtest5  (cost=0.43..399.68 rows=104 width=121)
	  Index Cond: ((id >= 5735117) AND (id <= 5735216))

table 6 : explain SELECT c FROM sbtest6 WHERE id BETWEEN 1723124 AND 1723223
	Index Scan using sbtest6_pkey on sbtest6  (cost=0.43..344.98 rows=89 width=121)
	  Index Cond: ((id >= 1723124) AND (id <= 1723223))

table 7 : explain SELECT c FROM sbtest7 WHERE id BETWEEN 7768508 AND 7768607
	Index Scan using sbtest7_pkey on sbtest7  (cost=0.43..382.28 rows=99 width=121)
	  Index Cond: ((id >= 7768508) AND (id <= 7768607))

table 8 : explain SELECT c FROM sbtest8 WHERE id BETWEEN 8178400 AND 8178499
	Index Scan using sbtest8_pkey on sbtest8  (cost=0.43..371.75 rows=96 width=121)
	  Index Cond: ((id >= 8178400) AND (id <= 8178499))

explain: for point_selects :: explain SELECT c FROM sbtest%u WHERE id=%u
explain: for point_selects :: explain SELECT c FROM sbtest%u WHERE id=%u
for: simple_ranges
table 1 : explain SELECT c FROM sbtest1 WHERE id BETWEEN 4792156 AND 4792255
	Index Scan using sbtest1_pkey on sbtest1  (cost=0.43..390.32 rows=101 width=121)
	  Index Cond: ((id >= 4792156) AND (id <= 4792255))

table 2 : explain SELECT c FROM sbtest2 WHERE id BETWEEN 7827246 AND 7827345
	Index Scan using sbtest2_pkey on sbtest2  (cost=0.43..330.71 rows=85 width=121)
	  Index Cond: ((id >= 7827246) AND (id <= 7827345))

table 3 : explain SELECT c FROM sbtest3 WHERE id BETWEEN 8680674 AND 8680773
	Index Scan using sbtest3_pkey on sbtest3  (cost=0.43..419.92 rows=109 width=121)
	  Index Cond: ((id >= 8680674) AND (id <= 8680773))

table 4 : explain SELECT c FROM sbtest4 WHERE id BETWEEN 8953092 AND 8953191
	Index Scan using sbtest4_pkey on sbtest4  (cost=0.43..416.74 rows=108 width=121)
	  Index Cond: ((id >= 8953092) AND (id <= 8953191))

table 5 : explain SELECT c FROM sbtest5 WHERE id BETWEEN 9150820 AND 9150919
	Index Scan using sbtest5_pkey on sbtest5  (cost=0.43..418.66 rows=109 width=121)
	  Index Cond: ((id >= 9150820) AND (id <= 9150919))

table 6 : explain SELECT c FROM sbtest6 WHERE id BETWEEN 644632 AND 644731
	Index Scan using sbtest6_pkey on sbtest6  (cost=0.43..383.26 rows=99 width=121)
	  Index Cond: ((id >= 644632) AND (id <= 644731))

table 7 : explain SELECT c FROM sbtest7 WHERE id BETWEEN 5278958 AND 5279057
	Index Scan using sbtest7_pkey on sbtest7  (cost=0.43..382.28 rows=99 width=121)
	  Index Cond: ((id >= 5278958) AND (id <= 5279057))

table 8 : explain SELECT c FROM sbtest8 WHERE id BETWEEN 4049919 AND 4050018
	Index Scan using sbtest8_pkey on sbtest8  (cost=0.43..398.51 rows=103 width=121)
	  Index Cond: ((id >= 4049919) AND (id <= 4050018))

for index_updates
table 1 : explain UPDATE sbtest1 SET k=k+1 WHERE id=8700655
	Update on sbtest1  (cost=0.43..8.46 rows=0 width=0)
	  ->  Index Scan using sbtest1_pkey on sbtest1  (cost=0.43..8.46 rows=1 width=10)
	        Index Cond: (id = 8700655)

table 2 : explain UPDATE sbtest2 SET k=k+1 WHERE id=8897976
	Update on sbtest2  (cost=0.43..8.46 rows=0 width=0)
	  ->  Index Scan using sbtest2_pkey on sbtest2  (cost=0.43..8.46 rows=1 width=10)
	        Index Cond: (id = 8897976)

table 3 : explain UPDATE sbtest3 SET k=k+1 WHERE id=7865347
	Update on sbtest3  (cost=0.43..8.46 rows=0 width=0)
	  ->  Index Scan using sbtest3_pkey on sbtest3  (cost=0.43..8.46 rows=1 width=10)
	        Index Cond: (id = 7865347)

table 4 : explain UPDATE sbtest4 SET k=k+1 WHERE id=4521462
	Update on sbtest4  (cost=0.43..8.46 rows=0 width=0)
	  ->  Index Scan using sbtest4_pkey on sbtest4  (cost=0.43..8.46 rows=1 width=10)
	        Index Cond: (id = 4521462)

table 5 : explain UPDATE sbtest5 SET k=k+1 WHERE id=9811494
	Update on sbtest5  (cost=0.43..8.46 rows=0 width=0)
	  ->  Index Scan using sbtest5_pkey on sbtest5  (cost=0.43..8.46 rows=1 width=10)
	        Index Cond: (id = 9811494)

table 6 : explain UPDATE sbtest6 SET k=k+1 WHERE id=8573078
	Update on sbtest6  (cost=0.43..8.46 rows=0 width=0)
	  ->  Index Scan using sbtest6_pkey on sbtest6  (cost=0.43..8.46 rows=1 width=10)
	        Index Cond: (id = 8573078)

table 7 : explain UPDATE sbtest7 SET k=k+1 WHERE id=7515273
	Update on sbtest7  (cost=0.43..8.46 rows=0 width=0)
	  ->  Index Scan using sbtest7_pkey on sbtest7  (cost=0.43..8.46 rows=1 width=10)
	        Index Cond: (id = 7515273)

table 8 : explain UPDATE sbtest8 SET k=k+1 WHERE id=9805035
	Update on sbtest8  (cost=0.43..8.46 rows=0 width=0)
	  ->  Index Scan using sbtest8_pkey on sbtest8  (cost=0.43..8.46 rows=1 width=10)
	        Index Cond: (id = 9805035)

for: distinct_ranges
table 1 : explain SELECT DISTINCT c FROM sbtest1 WHERE id BETWEEN 7170894 AND 7170993 ORDER BY c
	Unique  (cost=358.92..359.38 rows=92 width=121)
	  ->  Sort  (cost=358.92..359.15 rows=92 width=121)
	        Sort Key: c
	        ->  Index Scan using sbtest1_pkey on sbtest1  (cost=0.43..355.92 rows=92 width=121)
	              Index Cond: ((id >= 7170894) AND (id <= 7170993))

table 2 : explain SELECT DISTINCT c FROM sbtest2 WHERE id BETWEEN 5199399 AND 5199498 ORDER BY c
	Unique  (cost=372.23..372.70 rows=95 width=121)
	  ->  Sort  (cost=372.23..372.47 rows=95 width=121)
	        Sort Key: c
	        ->  Index Scan using sbtest2_pkey on sbtest2  (cost=0.43..369.11 rows=95 width=121)
	              Index Cond: ((id >= 5199399) AND (id <= 5199498))

table 3 : explain SELECT DISTINCT c FROM sbtest3 WHERE id BETWEEN 2077325 AND 2077424 ORDER BY c
	Unique  (cost=454.41..454.99 rows=117 width=121)
	  ->  Sort  (cost=454.41..454.70 rows=117 width=121)
	        Sort Key: c
	        ->  Index Scan using sbtest3_pkey on sbtest3  (cost=0.43..450.39 rows=117 width=121)
	              Index Cond: ((id >= 2077325) AND (id <= 2077424))

table 4 : explain SELECT DISTINCT c FROM sbtest4 WHERE id BETWEEN 2616000 AND 2616099 ORDER BY c
	Unique  (cost=393.40..393.91 rows=101 width=121)
	  ->  Sort  (cost=393.40..393.66 rows=101 width=121)
	        Sort Key: c
	        ->  Index Scan using sbtest4_pkey on sbtest4  (cost=0.43..390.04 rows=101 width=121)
	              Index Cond: ((id >= 2616000) AND (id <= 2616099))

table 5 : explain SELECT DISTINCT c FROM sbtest5 WHERE id BETWEEN 6452425 AND 6452524 ORDER BY c
	Unique  (cost=410.84..411.37 rows=106 width=121)
	  ->  Sort  (cost=410.84..411.10 rows=106 width=121)
	        Sort Key: c
	        ->  Index Scan using sbtest5_pkey on sbtest5  (cost=0.43..407.27 rows=106 width=121)
	              Index Cond: ((id >= 6452425) AND (id <= 6452524))

table 6 : explain SELECT DISTINCT c FROM sbtest6 WHERE id BETWEEN 1923180 AND 1923279 ORDER BY c
	Unique  (cost=378.82..379.30 rows=97 width=121)
	  ->  Sort  (cost=378.82..379.06 rows=97 width=121)
	        Sort Key: c
	        ->  Index Scan using sbtest6_pkey on sbtest6  (cost=0.43..375.62 rows=97 width=121)
	              Index Cond: ((id >= 1923180) AND (id <= 1923279))

table 7 : explain SELECT DISTINCT c FROM sbtest7 WHERE id BETWEEN 7202883 AND 7202982 ORDER BY c
	Unique  (cost=381.71..382.20 rows=98 width=121)
	  ->  Sort  (cost=381.71..381.95 rows=98 width=121)
	        Sort Key: c
	        ->  Index Scan using sbtest7_pkey on sbtest7  (cost=0.43..378.47 rows=98 width=121)
	              Index Cond: ((id >= 7202883) AND (id <= 7202982))

table 8 : explain SELECT DISTINCT c FROM sbtest8 WHERE id BETWEEN 816331 AND 816430 ORDER BY c
	Unique  (cost=371.05..371.52 rows=95 width=121)
	  ->  Sort  (cost=371.05..371.28 rows=95 width=121)
	        Sort Key: c
	        ->  Index Scan using sbtest8_pkey on sbtest8  (cost=0.43..367.93 rows=95 width=121)
	              Index Cond: ((id >= 816331) AND (id <= 816430))

explain: for deletes :: explain DELETE FROM sbtest%u WHERE id=%u
explain: for non_index_updates :: explain UPDATE sbtest%u SET c='foobar' WHERE id=%u
for deletes
table 1 : explain DELETE FROM sbtest1 WHERE id=8887737
	Delete on sbtest1  (cost=0.43..8.45 rows=0 width=0)
	  ->  Index Scan using sbtest1_pkey on sbtest1  (cost=0.43..8.45 rows=1 width=6)
	        Index Cond: (id = 8887737)

table 2 : explain DELETE FROM sbtest2 WHERE id=1505763
	Delete on sbtest2  (cost=0.43..8.45 rows=0 width=0)
	  ->  Index Scan using sbtest2_pkey on sbtest2  (cost=0.43..8.45 rows=1 width=6)
	        Index Cond: (id = 1505763)

table 3 : explain DELETE FROM sbtest3 WHERE id=9103032
	Delete on sbtest3  (cost=0.43..8.45 rows=0 width=0)
	  ->  Index Scan using sbtest3_pkey on sbtest3  (cost=0.43..8.45 rows=1 width=6)
	        Index Cond: (id = 9103032)

table 4 : explain DELETE FROM sbtest4 WHERE id=5709618
	Delete on sbtest4  (cost=0.43..8.45 rows=0 width=0)
	  ->  Index Scan using sbtest4_pkey on sbtest4  (cost=0.43..8.45 rows=1 width=6)
	        Index Cond: (id = 5709618)

table 5 : explain DELETE FROM sbtest5 WHERE id=9632537
	Delete on sbtest5  (cost=0.43..8.45 rows=0 width=0)
	  ->  Index Scan using sbtest5_pkey on sbtest5  (cost=0.43..8.45 rows=1 width=6)
	        Index Cond: (id = 9632537)

table 6 : explain DELETE FROM sbtest6 WHERE id=6328572
	Delete on sbtest6  (cost=0.43..8.45 rows=0 width=0)
	  ->  Index Scan using sbtest6_pkey on sbtest6  (cost=0.43..8.45 rows=1 width=6)
	        Index Cond: (id = 6328572)

table 7 : explain DELETE FROM sbtest7 WHERE id=4420350
	Delete on sbtest7  (cost=0.43..8.45 rows=0 width=0)
	  ->  Index Scan using sbtest7_pkey on sbtest7  (cost=0.43..8.45 rows=1 width=6)
	        Index Cond: (id = 4420350)

table 8 : explain DELETE FROM sbtest8 WHERE id=9198356
	Delete on sbtest8  (cost=0.43..8.45 rows=0 width=0)
	  ->  Index Scan using sbtest8_pkey on sbtest8  (cost=0.43..8.45 rows=1 width=6)
	        Index Cond: (id = 9198356)

for non_index_updates
table 1 : explain UPDATE sbtest1 SET c='foobar' WHERE id=3201595
	Update on sbtest1  (cost=0.43..8.45 rows=0 width=0)
	  ->  Index Scan using sbtest1_pkey on sbtest1  (cost=0.43..8.45 rows=1 width=490)
	        Index Cond: (id = 3201595)

table 2 : explain UPDATE sbtest2 SET c='foobar' WHERE id=9146661
	Update on sbtest2  (cost=0.43..8.45 rows=0 width=0)
	  ->  Index Scan using sbtest2_pkey on sbtest2  (cost=0.43..8.45 rows=1 width=490)
	        Index Cond: (id = 9146661)

table 3 : explain UPDATE sbtest3 SET c='foobar' WHERE id=243030
	Update on sbtest3  (cost=0.43..8.45 rows=0 width=0)
	  ->  Index Scan using sbtest3_pkey on sbtest3  (cost=0.43..8.45 rows=1 width=490)
	        Index Cond: (id = 243030)

table 4 : explain UPDATE sbtest4 SET c='foobar' WHERE id=1905125
	Update on sbtest4  (cost=0.43..8.45 rows=0 width=0)
	  ->  Index Scan using sbtest4_pkey on sbtest4  (cost=0.43..8.45 rows=1 width=490)
	        Index Cond: (id = 1905125)

table 5 : explain UPDATE sbtest5 SET c='foobar' WHERE id=8329560
	Update on sbtest5  (cost=0.43..8.45 rows=0 width=0)
	  ->  Index Scan using sbtest5_pkey on sbtest5  (cost=0.43..8.45 rows=1 width=490)
	        Index Cond: (id = 8329560)

table 6 : explain UPDATE sbtest6 SET c='foobar' WHERE id=4625323
	Update on sbtest6  (cost=0.43..8.45 rows=0 width=0)
	  ->  Index Scan using sbtest6_pkey on sbtest6  (cost=0.43..8.45 rows=1 width=490)
	        Index Cond: (id = 4625323)

table 7 : explain UPDATE sbtest7 SET c='foobar' WHERE id=8877224
	Update on sbtest7  (cost=0.43..8.45 rows=0 width=0)
	  ->  Index Scan using sbtest7_pkey on sbtest7  (cost=0.43..8.45 rows=1 width=490)
	        Index Cond: (id = 8877224)

table 8 : explain UPDATE sbtest8 SET c='foobar' WHERE id=5656665
	Update on sbtest8  (cost=0.43..8.45 rows=0 width=0)
	  ->  Index Scan using sbtest8_pkey on sbtest8  (cost=0.43..8.45 rows=1 width=490)
	        Index Cond: (id = 5656665)

explain: for index_updates :: explain UPDATE sbtest%u SET k=k+1 WHERE id=%u
explain: for deletes :: explain DELETE FROM sbtest%u WHERE id=%u
explain: for point_selects :: explain SELECT c FROM sbtest%u WHERE id=%u
explain: for non_index_updates :: explain UPDATE sbtest%u SET c='foobar' WHERE id=%u
for index_updates
table 1 : explain UPDATE sbtest1 SET k=k+1 WHERE id=7256665
	Update on sbtest1  (cost=0.43..8.46 rows=0 width=0)
	  ->  Index Scan using sbtest1_pkey on sbtest1  (cost=0.43..8.46 rows=1 width=10)
	        Index Cond: (id = 7256665)

table 2 : explain UPDATE sbtest2 SET k=k+1 WHERE id=4898484
	Update on sbtest2  (cost=0.43..8.46 rows=0 width=0)
	  ->  Index Scan using sbtest2_pkey on sbtest2  (cost=0.43..8.46 rows=1 width=10)
	        Index Cond: (id = 4898484)

table 3 : explain UPDATE sbtest3 SET k=k+1 WHERE id=389131
	Update on sbtest3  (cost=0.43..8.46 rows=0 width=0)
	  ->  Index Scan using sbtest3_pkey on sbtest3  (cost=0.43..8.46 rows=1 width=10)
	        Index Cond: (id = 389131)

table 4 : explain UPDATE sbtest4 SET k=k+1 WHERE id=1878437
	Update on sbtest4  (cost=0.43..8.46 rows=0 width=0)
	  ->  Index Scan using sbtest4_pkey on sbtest4  (cost=0.43..8.46 rows=1 width=10)
	        Index Cond: (id = 1878437)

table 5 : explain UPDATE sbtest5 SET k=k+1 WHERE id=8682698
	Update on sbtest5  (cost=0.43..8.46 rows=0 width=0)
	  ->  Index Scan using sbtest5_pkey on sbtest5  (cost=0.43..8.46 rows=1 width=10)
	        Index Cond: (id = 8682698)

table 6 : explain UPDATE sbtest6 SET k=k+1 WHERE id=8879402
	Update on sbtest6  (cost=0.43..8.46 rows=0 width=0)
	  ->  Index Scan using sbtest6_pkey on sbtest6  (cost=0.43..8.46 rows=1 width=10)
	        Index Cond: (id = 8879402)

table 7 : explain UPDATE sbtest7 SET k=k+1 WHERE id=6670567
	Update on sbtest7  (cost=0.43..8.46 rows=0 width=0)
	  ->  Index Scan using sbtest7_pkey on sbtest7  (cost=0.43..8.46 rows=1 width=10)
	        Index Cond: (id = 6670567)

table 8 : explain UPDATE sbtest8 SET k=k+1 WHERE id=6179220
	Update on sbtest8  (cost=0.43..8.46 rows=0 width=0)
	  ->  Index Scan using sbtest8_pkey on sbtest8  (cost=0.43..8.46 rows=1 width=10)
	        Index Cond: (id = 6179220)

for deletes
table 1 : explain DELETE FROM sbtest1 WHERE id=5806132
	Delete on sbtest1  (cost=0.43..8.45 rows=0 width=0)
	  ->  Index Scan using sbtest1_pkey on sbtest1  (cost=0.43..8.45 rows=1 width=6)
	        Index Cond: (id = 5806132)

table 2 : explain DELETE FROM sbtest2 WHERE id=1648190
	Delete on sbtest2  (cost=0.43..8.45 rows=0 width=0)
	  ->  Index Scan using sbtest2_pkey on sbtest2  (cost=0.43..8.45 rows=1 width=6)
	        Index Cond: (id = 1648190)

table 3 : explain DELETE FROM sbtest3 WHERE id=4101170
	Delete on sbtest3  (cost=0.43..8.45 rows=0 width=0)
	  ->  Index Scan using sbtest3_pkey on sbtest3  (cost=0.43..8.45 rows=1 width=6)
	        Index Cond: (id = 4101170)

table 4 : explain DELETE FROM sbtest4 WHERE id=821252
	Delete on sbtest4  (cost=0.43..8.45 rows=0 width=0)
	  ->  Index Scan using sbtest4_pkey on sbtest4  (cost=0.43..8.45 rows=1 width=6)
	        Index Cond: (id = 821252)

table 5 : explain DELETE FROM sbtest5 WHERE id=1445826
	Delete on sbtest5  (cost=0.43..8.45 rows=0 width=0)
	  ->  Index Scan using sbtest5_pkey on sbtest5  (cost=0.43..8.45 rows=1 width=6)
	        Index Cond: (id = 1445826)

table 6 : explain DELETE FROM sbtest6 WHERE id=6184536
	Delete on sbtest6  (cost=0.43..8.45 rows=0 width=0)
	  ->  Index Scan using sbtest6_pkey on sbtest6  (cost=0.43..8.45 rows=1 width=6)
	        Index Cond: (id = 6184536)

table 7 : explain DELETE FROM sbtest7 WHERE id=2582656
	Delete on sbtest7  (cost=0.43..8.45 rows=0 width=0)
	  ->  Index Scan using sbtest7_pkey on sbtest7  (cost=0.43..8.45 rows=1 width=6)
	        Index Cond: (id = 2582656)

table 8 : explain DELETE FROM sbtest8 WHERE id=7957465
	Delete on sbtest8  (cost=0.43..8.45 rows=0 width=0)
	  ->  Index Scan using sbtest8_pkey on sbtest8  (cost=0.43..8.45 rows=1 width=6)
	        Index Cond: (id = 7957465)

for non_index_updates
table 1 : explain UPDATE sbtest1 SET c='foobar' WHERE id=2937551
	Update on sbtest1  (cost=0.43..8.45 rows=0 width=0)
	  ->  Index Scan using sbtest1_pkey on sbtest1  (cost=0.43..8.45 rows=1 width=490)
	        Index Cond: (id = 2937551)

table 2 : explain UPDATE sbtest2 SET c='foobar' WHERE id=5345133
	Update on sbtest2  (cost=0.43..8.45 rows=0 width=0)
	  ->  Index Scan using sbtest2_pkey on sbtest2  (cost=0.43..8.45 rows=1 width=490)
	        Index Cond: (id = 5345133)

table 3 : explain UPDATE sbtest3 SET c='foobar' WHERE id=2556492
	Update on sbtest3  (cost=0.43..8.45 rows=0 width=0)
	  ->  Index Scan using sbtest3_pkey on sbtest3  (cost=0.43..8.45 rows=1 width=490)
	        Index Cond: (id = 2556492)

table 4 : explain UPDATE sbtest4 SET c='foobar' WHERE id=4412331
	Update on sbtest4  (cost=0.43..8.45 rows=0 width=0)
	  ->  Index Scan using sbtest4_pkey on sbtest4  (cost=0.43..8.45 rows=1 width=490)
	        Index Cond: (id = 4412331)

table 5 : explain UPDATE sbtest5 SET c='foobar' WHERE id=7921814
	Update on sbtest5  (cost=0.43..8.45 rows=0 width=0)
	  ->  Index Scan using sbtest5_pkey on sbtest5  (cost=0.43..8.45 rows=1 width=490)
	        Index Cond: (id = 7921814)

table 6 : explain UPDATE sbtest6 SET c='foobar' WHERE id=7243350
	Update on sbtest6  (cost=0.43..8.45 rows=0 width=0)
	  ->  Index Scan using sbtest6_pkey on sbtest6  (cost=0.43..8.45 rows=1 width=490)
	        Index Cond: (id = 7243350)

table 7 : explain UPDATE sbtest7 SET c='foobar' WHERE id=954600
	Update on sbtest7  (cost=0.43..8.45 rows=0 width=0)
	  ->  Index Scan using sbtest7_pkey on sbtest7  (cost=0.43..8.45 rows=1 width=490)
	        Index Cond: (id = 954600)

table 8 : explain UPDATE sbtest8 SET c='foobar' WHERE id=8073507
	Update on sbtest8  (cost=0.43..8.45 rows=0 width=0)
	  ->  Index Scan using sbtest8_pkey on sbtest8  (cost=0.43..8.45 rows=1 width=490)
	        Index Cond: (id = 8073507)

explain: for deletes :: explain DELETE FROM sbtest%u WHERE id=%u
for point_selects
table 1 : explain SELECT c FROM sbtest1 WHERE id=1972751
	Index Scan using sbtest1_pkey on sbtest1  (cost=0.43..8.45 rows=1 width=121)
	  Index Cond: (id = 1972751)

table 2 : explain SELECT c FROM sbtest2 WHERE id=1073308
	Index Scan using sbtest2_pkey on sbtest2  (cost=0.43..8.45 rows=1 width=121)
	  Index Cond: (id = 1073308)

table 3 : explain SELECT c FROM sbtest3 WHERE id=8052881
	Index Scan using sbtest3_pkey on sbtest3  (cost=0.43..8.45 rows=1 width=121)
	  Index Cond: (id = 8052881)

table 4 : explain SELECT c FROM sbtest4 WHERE id=6655777
	Index Scan using sbtest4_pkey on sbtest4  (cost=0.43..8.45 rows=1 width=121)
	  Index Cond: (id = 6655777)

table 5 : explain SELECT c FROM sbtest5 WHERE id=8399981
	Index Scan using sbtest5_pkey on sbtest5  (cost=0.43..8.45 rows=1 width=121)
	  Index Cond: (id = 8399981)

table 6 : explain SELECT c FROM sbtest6 WHERE id=3992099
	Index Scan using sbtest6_pkey on sbtest6  (cost=0.43..8.45 rows=1 width=121)
	  Index Cond: (id = 3992099)

table 7 : explain SELECT c FROM sbtest7 WHERE id=1022137
	Index Scan using sbtest7_pkey on sbtest7  (cost=0.43..8.45 rows=1 width=121)
	  Index Cond: (id = 1022137)

table 8 : explain SELECT c FROM sbtest8 WHERE id=607828
	Index Scan using sbtest8_pkey on sbtest8  (cost=0.43..8.45 rows=1 width=121)
	  Index Cond: (id = 607828)

for point_selects
table 1 : explain SELECT c FROM sbtest1 WHERE id=6316552
	Index Scan using sbtest1_pkey on sbtest1  (cost=0.43..8.45 rows=1 width=121)
	  Index Cond: (id = 6316552)

table 2 : explain SELECT c FROM sbtest2 WHERE id=1670455
	Index Scan using sbtest2_pkey on sbtest2  (cost=0.43..8.45 rows=1 width=121)
	  Index Cond: (id = 1670455)

table 3 : explain SELECT c FROM sbtest3 WHERE id=1485870
	Index Scan using sbtest3_pkey on sbtest3  (cost=0.43..8.45 rows=1 width=121)
	  Index Cond: (id = 1485870)

table 4 : explain SELECT c FROM sbtest4 WHERE id=5363535
	Index Scan using sbtest4_pkey on sbtest4  (cost=0.43..8.45 rows=1 width=121)
	  Index Cond: (id = 5363535)

table 5 : explain SELECT c FROM sbtest5 WHERE id=6670816
	Index Scan using sbtest5_pkey on sbtest5  (cost=0.43..8.45 rows=1 width=121)
	  Index Cond: (id = 6670816)

table 6 : explain SELECT c FROM sbtest6 WHERE id=4689653
	Index Scan using sbtest6_pkey on sbtest6  (cost=0.43..8.45 rows=1 width=121)
	  Index Cond: (id = 4689653)

table 7 : explain SELECT c FROM sbtest7 WHERE id=653628
	Index Scan using sbtest7_pkey on sbtest7  (cost=0.43..8.45 rows=1 width=121)
	  Index Cond: (id = 653628)

table 8 : explain SELECT c FROM sbtest8 WHERE id=1727924
	Index Scan using sbtest8_pkey on sbtest8  (cost=0.43..8.45 rows=1 width=121)
	  Index Cond: (id = 1727924)

for: sum_ranges
table 1 : explain SELECT SUM(k) FROM sbtest1 WHERE id BETWEEN 9470040 AND 9470139
	Aggregate  (cost=413.49..413.50 rows=1 width=8)
	  ->  Index Scan using sbtest1_pkey on sbtest1  (cost=0.43..413.22 rows=107 width=4)
	        Index Cond: ((id >= 9470040) AND (id <= 9470139))

table 2 : explain SELECT SUM(k) FROM sbtest2 WHERE id BETWEEN 4754982 AND 4755081
	Aggregate  (cost=380.86..380.87 rows=1 width=8)
	  ->  Index Scan using sbtest2_pkey on sbtest2  (cost=0.43..380.61 rows=98 width=4)
	        Index Cond: ((id >= 4754982) AND (id <= 4755081))

table 3 : explain SELECT SUM(k) FROM sbtest3 WHERE id BETWEEN 5970262 AND 5970361
	Aggregate  (cost=359.17..359.18 rows=1 width=8)
	  ->  Index Scan using sbtest3_pkey on sbtest3  (cost=0.43..358.93 rows=93 width=4)
	        Index Cond: ((id >= 5970262) AND (id <= 5970361))

table 4 : explain SELECT SUM(k) FROM sbtest4 WHERE id BETWEEN 7707133 AND 7707232
	Aggregate  (cost=378.84..378.85 rows=1 width=8)
	  ->  Index Scan using sbtest4_pkey on sbtest4  (cost=0.43..378.60 rows=98 width=4)
	        Index Cond: ((id >= 7707133) AND (id <= 7707232))

table 5 : explain SELECT SUM(k) FROM sbtest5 WHERE id BETWEEN 496155 AND 496254
	Aggregate  (cost=342.90..342.91 rows=1 width=8)
	  ->  Index Scan using sbtest5_pkey on sbtest5  (cost=0.43..342.67 rows=89 width=4)
	        Index Cond: ((id >= 496155) AND (id <= 496254))

table 6 : explain SELECT SUM(k) FROM sbtest6 WHERE id BETWEEN 5729424 AND 5729523
	Aggregate  (cost=372.03..372.04 rows=1 width=8)
	  ->  Index Scan using sbtest6_pkey on sbtest6  (cost=0.43..371.79 rows=96 width=4)
	        Index Cond: ((id >= 5729424) AND (id <= 5729523))

table 7 : explain SELECT SUM(k) FROM sbtest7 WHERE id BETWEEN 8557671 AND 8557770
	Aggregate  (cost=363.45..363.46 rows=1 width=8)
	  ->  Index Scan using sbtest7_pkey on sbtest7  (cost=0.43..363.22 rows=94 width=4)
	        Index Cond: ((id >= 8557671) AND (id <= 8557770))

table 8 : explain SELECT SUM(k) FROM sbtest8 WHERE id BETWEEN 3299434 AND 3299533
	Aggregate  (cost=364.34..364.35 rows=1 width=8)
	  ->  Index Scan using sbtest8_pkey on sbtest8  (cost=0.43..364.10 rows=94 width=4)
	        Index Cond: ((id >= 3299434) AND (id <= 3299533))

for deletes
table 1 : explain DELETE FROM sbtest1 WHERE id=3812673
	Delete on sbtest1  (cost=0.43..8.45 rows=0 width=0)
	  ->  Index Scan using sbtest1_pkey on sbtest1  (cost=0.43..8.45 rows=1 width=6)
	        Index Cond: (id = 3812673)

table 2 : explain DELETE FROM sbtest2 WHERE id=9941485
	Delete on sbtest2  (cost=0.43..8.45 rows=0 width=0)
	  ->  Index Scan using sbtest2_pkey on sbtest2  (cost=0.43..8.45 rows=1 width=6)
	        Index Cond: (id = 9941485)

table 3 : explain DELETE FROM sbtest3 WHERE id=2892902
	Delete on sbtest3  (cost=0.43..8.45 rows=0 width=0)
	  ->  Index Scan using sbtest3_pkey on sbtest3  (cost=0.43..8.45 rows=1 width=6)
	        Index Cond: (id = 2892902)

table 4 : explain DELETE FROM sbtest4 WHERE id=685288
	Delete on sbtest4  (cost=0.43..8.45 rows=0 width=0)
	  ->  Index Scan using sbtest4_pkey on sbtest4  (cost=0.43..8.45 rows=1 width=6)
	        Index Cond: (id = 685288)

table 5 : explain DELETE FROM sbtest5 WHERE id=5735448
	Delete on sbtest5  (cost=0.43..8.45 rows=0 width=0)
	  ->  Index Scan using sbtest5_pkey on sbtest5  (cost=0.43..8.45 rows=1 width=6)
	        Index Cond: (id = 5735448)

table 6 : explain DELETE FROM sbtest6 WHERE id=7807041
	Delete on sbtest6  (cost=0.43..8.45 rows=0 width=0)
	  ->  Index Scan using sbtest6_pkey on sbtest6  (cost=0.43..8.45 rows=1 width=6)
	        Index Cond: (id = 7807041)

table 7 : explain DELETE FROM sbtest7 WHERE id=9550182
	Delete on sbtest7  (cost=0.43..8.45 rows=0 width=0)
	  ->  Index Scan using sbtest7_pkey on sbtest7  (cost=0.43..8.45 rows=1 width=6)
	        Index Cond: (id = 9550182)

table 8 : explain DELETE FROM sbtest8 WHERE id=4168240
	Delete on sbtest8  (cost=0.43..8.45 rows=0 width=0)
	  ->  Index Scan using sbtest8_pkey on sbtest8  (cost=0.43..8.45 rows=1 width=6)
	        Index Cond: (id = 4168240)

for point_selects
table 1 : explain SELECT c FROM sbtest1 WHERE id=1521185
	Index Scan using sbtest1_pkey on sbtest1  (cost=0.43..8.45 rows=1 width=121)
	  Index Cond: (id = 1521185)

table 2 : explain SELECT c FROM sbtest2 WHERE id=6086676
	Index Scan using sbtest2_pkey on sbtest2  (cost=0.43..8.45 rows=1 width=121)
	  Index Cond: (id = 6086676)

table 3 : explain SELECT c FROM sbtest3 WHERE id=9945274
	Index Scan using sbtest3_pkey on sbtest3  (cost=0.43..8.45 rows=1 width=121)
	  Index Cond: (id = 9945274)

table 4 : explain SELECT c FROM sbtest4 WHERE id=780298
	Index Scan using sbtest4_pkey on sbtest4  (cost=0.43..8.45 rows=1 width=121)
	  Index Cond: (id = 780298)

table 5 : explain SELECT c FROM sbtest5 WHERE id=1361115
	Index Scan using sbtest5_pkey on sbtest5  (cost=0.43..8.45 rows=1 width=121)
	  Index Cond: (id = 1361115)

table 6 : explain SELECT c FROM sbtest6 WHERE id=875005
	Index Scan using sbtest6_pkey on sbtest6  (cost=0.43..8.45 rows=1 width=121)
	  Index Cond: (id = 875005)

table 7 : explain SELECT c FROM sbtest7 WHERE id=5567813
	Index Scan using sbtest7_pkey on sbtest7  (cost=0.43..8.45 rows=1 width=121)
	  Index Cond: (id = 5567813)

table 8 : explain SELECT c FROM sbtest8 WHERE id=7861152
	Index Scan using sbtest8_pkey on sbtest8  (cost=0.43..8.45 rows=1 width=121)
	  Index Cond: (id = 7861152)

for: sum_ranges
table 1 : explain SELECT SUM(k) FROM sbtest1 WHERE id BETWEEN 3984649 AND 3984748
	Aggregate  (cost=409.67..409.68 rows=1 width=8)
	  ->  Index Scan using sbtest1_pkey on sbtest1  (cost=0.43..409.41 rows=106 width=4)
	        Index Cond: ((id >= 3984649) AND (id <= 3984748))

table 2 : explain SELECT SUM(k) FROM sbtest2 WHERE id BETWEEN 306126 AND 306225
	Aggregate  (cost=361.62..361.63 rows=1 width=8)
	  ->  Index Scan using sbtest2_pkey on sbtest2  (cost=0.43..361.39 rows=93 width=4)
	        Index Cond: ((id >= 306126) AND (id <= 306225))

table 3 : explain SELECT SUM(k) FROM sbtest3 WHERE id BETWEEN 3019889 AND 3019988
	Aggregate  (cost=366.84..366.85 rows=1 width=8)
	  ->  Index Scan using sbtest3_pkey on sbtest3  (cost=0.43..366.60 rows=95 width=4)
	        Index Cond: ((id >= 3019889) AND (id <= 3019988))

table 4 : explain SELECT SUM(k) FROM sbtest4 WHERE id BETWEEN 1184973 AND 1185072
	Aggregate  (cost=439.91..439.92 rows=1 width=8)
	  ->  Index Scan using sbtest4_pkey on sbtest4  (cost=0.43..439.63 rows=114 width=4)
	        Index Cond: ((id >= 1184973) AND (id <= 1185072))

table 5 : explain SELECT SUM(k) FROM sbtest5 WHERE id BETWEEN 3040546 AND 3040645
	Aggregate  (cost=380.94..380.95 rows=1 width=8)
	  ->  Index Scan using sbtest5_pkey on sbtest5  (cost=0.43..380.70 rows=99 width=4)
	        Index Cond: ((id >= 3040546) AND (id <= 3040645))

table 6 : explain SELECT SUM(k) FROM sbtest6 WHERE id BETWEEN 5285556 AND 5285655
	Aggregate  (cost=375.86..375.87 rows=1 width=8)
	  ->  Index Scan using sbtest6_pkey on sbtest6  (cost=0.43..375.62 rows=97 width=4)
	        Index Cond: ((id >= 5285556) AND (id <= 5285655))

table 7 : explain SELECT SUM(k) FROM sbtest7 WHERE id BETWEEN 3154417 AND 3154516
	Aggregate  (cost=390.16..390.17 rows=1 width=8)
	  ->  Index Scan using sbtest7_pkey on sbtest7  (cost=0.43..389.91 rows=101 width=4)
	        Index Cond: ((id >= 3154417) AND (id <= 3154516))

table 8 : explain SELECT SUM(k) FROM sbtest8 WHERE id BETWEEN 7466934 AND 7467033
	Aggregate  (cost=414.06..414.07 rows=1 width=8)
	  ->  Index Scan using sbtest8_pkey on sbtest8  (cost=0.43..413.80 rows=107 width=4)
	        Index Cond: ((id >= 7466934) AND (id <= 7467033))

for: simple_ranges
table 1 : explain SELECT c FROM sbtest1 WHERE id BETWEEN 1527365 AND 1527464
	Index Scan using sbtest1_pkey on sbtest1  (cost=0.43..375.05 rows=97 width=121)
	  Index Cond: ((id >= 1527365) AND (id <= 1527464))

table 2 : explain SELECT c FROM sbtest2 WHERE id BETWEEN 9473449 AND 9473548
	Index Scan using sbtest2_pkey on sbtest2  (cost=0.43..376.78 rows=97 width=121)
	  Index Cond: ((id >= 9473449) AND (id <= 9473548))

table 3 : explain SELECT c FROM sbtest3 WHERE id BETWEEN 496174 AND 496273
	Index Scan using sbtest3_pkey on sbtest3  (cost=0.43..397.07 rows=103 width=121)
	  Index Cond: ((id >= 496174) AND (id <= 496273))

table 4 : explain SELECT c FROM sbtest4 WHERE id BETWEEN 8811371 AND 8811470
	Index Scan using sbtest4_pkey on sbtest4  (cost=0.43..367.16 rows=95 width=121)
	  Index Cond: ((id >= 8811371) AND (id <= 8811470))

table 5 : explain SELECT c FROM sbtest5 WHERE id BETWEEN 602964 AND 603063
	Index Scan using sbtest5_pkey on sbtest5  (cost=0.43..365.51 rows=95 width=121)
	  Index Cond: ((id >= 602964) AND (id <= 603063))

table 6 : explain SELECT c FROM sbtest6 WHERE id BETWEEN 991159 AND 991258
	Index Scan using sbtest6_pkey on sbtest6  (cost=0.43..417.67 rows=108 width=121)
	  Index Cond: ((id >= 991159) AND (id <= 991258))

table 7 : explain SELECT c FROM sbtest7 WHERE id BETWEEN 1353870 AND 1353969
	Index Scan using sbtest7_pkey on sbtest7  (cost=0.43..408.97 rows=106 width=121)
	  Index Cond: ((id >= 1353870) AND (id <= 1353969))

table 8 : explain SELECT c FROM sbtest8 WHERE id BETWEEN 311596 AND 311695
	Index Scan using sbtest8_pkey on sbtest8  (cost=0.43..406.15 rows=105 width=121)
	  Index Cond: ((id >= 311596) AND (id <= 311695))

for: sum_ranges
table 1 : explain SELECT SUM(k) FROM sbtest1 WHERE id BETWEEN 4065997 AND 4066096
	Aggregate  (cost=409.67..409.68 rows=1 width=8)
	  ->  Index Scan using sbtest1_pkey on sbtest1  (cost=0.43..409.41 rows=106 width=4)
	        Index Cond: ((id >= 4065997) AND (id <= 4066096))

table 2 : explain SELECT SUM(k) FROM sbtest2 WHERE id BETWEEN 8020042 AND 8020141
	Aggregate  (cost=396.21..396.22 rows=1 width=8)
	  ->  Index Scan using sbtest2_pkey on sbtest2  (cost=0.43..395.95 rows=102 width=4)
	        Index Cond: ((id >= 8020042) AND (id <= 8020141))

table 3 : explain SELECT SUM(k) FROM sbtest3 WHERE id BETWEEN 8155990 AND 8156089
	Aggregate  (cost=393.52..393.53 rows=1 width=8)
	  ->  Index Scan using sbtest3_pkey on sbtest3  (cost=0.43..393.26 rows=102 width=4)
	        Index Cond: ((id >= 8155990) AND (id <= 8156089))

table 4 : explain SELECT SUM(k) FROM sbtest4 WHERE id BETWEEN 6831597 AND 6831696
	Aggregate  (cost=390.29..390.30 rows=1 width=8)
	  ->  Index Scan using sbtest4_pkey on sbtest4  (cost=0.43..390.04 rows=101 width=4)
	        Index Cond: ((id >= 6831597) AND (id <= 6831696))

table 5 : explain SELECT SUM(k) FROM sbtest5 WHERE id BETWEEN 8467084 AND 8467183
	Aggregate  (cost=399.94..399.95 rows=1 width=8)
	  ->  Index Scan using sbtest5_pkey on sbtest5  (cost=0.43..399.68 rows=104 width=4)
	        Index Cond: ((id >= 8467084) AND (id <= 8467183))

table 6 : explain SELECT SUM(k) FROM sbtest6 WHERE id BETWEEN 8913374 AND 8913473
	Aggregate  (cost=383.51..383.52 rows=1 width=8)
	  ->  Index Scan using sbtest6_pkey on sbtest6  (cost=0.43..383.26 rows=99 width=4)
	        Index Cond: ((id >= 8913374) AND (id <= 8913473))

table 7 : explain SELECT SUM(k) FROM sbtest7 WHERE id BETWEEN 8176627 AND 8176726
	Aggregate  (cost=363.45..363.46 rows=1 width=8)
	  ->  Index Scan using sbtest7_pkey on sbtest7  (cost=0.43..363.22 rows=94 width=4)
	        Index Cond: ((id >= 8176627) AND (id <= 8176726))

table 8 : explain SELECT SUM(k) FROM sbtest8 WHERE id BETWEEN 2270971 AND 2271070
	Aggregate  (cost=406.41..406.42 rows=1 width=8)
	  ->  Index Scan using sbtest8_pkey on sbtest8  (cost=0.43..406.15 rows=105 width=4)
	        Index Cond: ((id >= 2270971) AND (id <= 2271070))

explain: for inserts :: explain INSERT INTO sbtest%u (id, k, c, pad) VALUES (%u, 13, 'foobar', 'foobar')
for inserts
table 1 : explain INSERT INTO sbtest1 (id, k, c, pad) VALUES (5817683, 13, 'foobar', 'foobar')
	Insert on sbtest1  (cost=0.00..0.01 rows=0 width=0)
	  ->  Result  (cost=0.00..0.01 rows=1 width=736)

table 2 : explain INSERT INTO sbtest2 (id, k, c, pad) VALUES (7992494, 13, 'foobar', 'foobar')
	Insert on sbtest2  (cost=0.00..0.01 rows=0 width=0)
	  ->  Result  (cost=0.00..0.01 rows=1 width=736)

table 3 : explain INSERT INTO sbtest3 (id, k, c, pad) VALUES (2940375, 13, 'foobar', 'foobar')
	Insert on sbtest3  (cost=0.00..0.01 rows=0 width=0)
	  ->  Result  (cost=0.00..0.01 rows=1 width=736)

table 4 : explain INSERT INTO sbtest4 (id, k, c, pad) VALUES (9551063, 13, 'foobar', 'foobar')
	Insert on sbtest4  (cost=0.00..0.01 rows=0 width=0)
	  ->  Result  (cost=0.00..0.01 rows=1 width=736)

table 5 : explain INSERT INTO sbtest5 (id, k, c, pad) VALUES (667970, 13, 'foobar', 'foobar')
	Insert on sbtest5  (cost=0.00..0.01 rows=0 width=0)
	  ->  Result  (cost=0.00..0.01 rows=1 width=736)

table 6 : explain INSERT INTO sbtest6 (id, k, c, pad) VALUES (358484, 13, 'foobar', 'foobar')
	Insert on sbtest6  (cost=0.00..0.01 rows=0 width=0)
	  ->  Result  (cost=0.00..0.01 rows=1 width=736)

table 7 : explain INSERT INTO sbtest7 (id, k, c, pad) VALUES (6883439, 13, 'foobar', 'foobar')
	Insert on sbtest7  (cost=0.00..0.01 rows=0 width=0)
	  ->  Result  (cost=0.00..0.01 rows=1 width=736)

table 8 : explain INSERT INTO sbtest8 (id, k, c, pad) VALUES (1512458, 13, 'foobar', 'foobar')
	Insert on sbtest8  (cost=0.00..0.01 rows=0 width=0)
	  ->  Result  (cost=0.00..0.01 rows=1 width=736)

for: simple_ranges
table 1 : explain SELECT c FROM sbtest1 WHERE id BETWEEN 5628230 AND 5628329
	Index Scan using sbtest1_pkey on sbtest1  (cost=0.43..401.77 rows=104 width=121)
	  Index Cond: ((id >= 5628230) AND (id <= 5628329))

table 2 : explain SELECT c FROM sbtest2 WHERE id BETWEEN 9777368 AND 9777467
	Index Scan using sbtest2_pkey on sbtest2  (cost=0.43..338.38 rows=87 width=121)
	  Index Cond: ((id >= 9777368) AND (id <= 9777467))

table 3 : explain SELECT c FROM sbtest3 WHERE id BETWEEN 6208843 AND 6208942
	Index Scan using sbtest3_pkey on sbtest3  (cost=0.43..343.70 rows=89 width=121)
	  Index Cond: ((id >= 6208843) AND (id <= 6208942))

table 4 : explain SELECT c FROM sbtest4 WHERE id BETWEEN 4532866 AND 4532965
	Index Scan using sbtest4_pkey on sbtest4  (cost=0.43..401.48 rows=104 width=121)
	  Index Cond: ((id >= 4532866) AND (id <= 4532965))

table 5 : explain SELECT c FROM sbtest5 WHERE id BETWEEN 3366965 AND 3367064
	Index Scan using sbtest5_pkey on sbtest5  (cost=0.43..422.46 rows=110 width=121)
	  Index Cond: ((id >= 3366965) AND (id <= 3367064))

table 6 : explain SELECT c FROM sbtest6 WHERE id BETWEEN 8608578 AND 8608677
	Index Scan using sbtest6_pkey on sbtest6  (cost=0.43..379.44 rows=98 width=121)
	  Index Cond: ((id >= 8608578) AND (id <= 8608677))

table 7 : explain SELECT c FROM sbtest7 WHERE id BETWEEN 9403820 AND 9403919
	Index Scan using sbtest7_pkey on sbtest7  (cost=0.43..397.53 rows=103 width=121)
	  Index Cond: ((id >= 9403820) AND (id <= 9403919))

table 8 : explain SELECT c FROM sbtest8 WHERE id BETWEEN 8378511 AND 8378610
	Index Scan using sbtest8_pkey on sbtest8  (cost=0.43..379.39 rows=98 width=121)
	  Index Cond: ((id >= 8378511) AND (id <= 8378610))

for: sum_ranges
table 1 : explain SELECT SUM(k) FROM sbtest1 WHERE id BETWEEN 88525 AND 88624
	Aggregate  (cost=382.94..382.95 rows=1 width=8)
	  ->  Index Scan using sbtest1_pkey on sbtest1  (cost=0.43..382.69 rows=99 width=4)
	        Index Cond: ((id >= 88525) AND (id <= 88624))

table 2 : explain SELECT SUM(k) FROM sbtest2 WHERE id BETWEEN 1554915 AND 1555014
	Aggregate  (cost=377.02..377.03 rows=1 width=8)
	  ->  Index Scan using sbtest2_pkey on sbtest2  (cost=0.43..376.78 rows=97 width=4)
	        Index Cond: ((id >= 1554915) AND (id <= 1555014))

table 3 : explain SELECT SUM(k) FROM sbtest3 WHERE id BETWEEN 2565212 AND 2565311
	Aggregate  (cost=374.46..374.47 rows=1 width=8)
	  ->  Index Scan using sbtest3_pkey on sbtest3  (cost=0.43..374.22 rows=97 width=4)
	        Index Cond: ((id >= 2565212) AND (id <= 2565311))

table 4 : explain SELECT SUM(k) FROM sbtest4 WHERE id BETWEEN 8169619 AND 8169718
	Aggregate  (cost=375.03..375.04 rows=1 width=8)
	  ->  Index Scan using sbtest4_pkey on sbtest4  (cost=0.43..374.78 rows=97 width=4)
	        Index Cond: ((id >= 8169619) AND (id <= 8169718))

table 5 : explain SELECT SUM(k) FROM sbtest5 WHERE id BETWEEN 2979041 AND 2979140
	Aggregate  (cost=365.75..365.76 rows=1 width=8)
	  ->  Index Scan using sbtest5_pkey on sbtest5  (cost=0.43..365.51 rows=95 width=4)
	        Index Cond: ((id >= 2979041) AND (id <= 2979140))

table 6 : explain SELECT SUM(k) FROM sbtest6 WHERE id BETWEEN 1578289 AND 1578388
	Aggregate  (cost=391.16..391.17 rows=1 width=8)
	  ->  Index Scan using sbtest6_pkey on sbtest6  (cost=0.43..390.91 rows=101 width=4)
	        Index Cond: ((id >= 1578289) AND (id <= 1578388))

table 7 : explain SELECT SUM(k) FROM sbtest7 WHERE id BETWEEN 6098272 AND 6098371
	Aggregate  (cost=390.16..390.17 rows=1 width=8)
	  ->  Index Scan using sbtest7_pkey on sbtest7  (cost=0.43..389.91 rows=101 width=4)
	        Index Cond: ((id >= 6098272) AND (id <= 6098371))

table 8 : explain SELECT SUM(k) FROM sbtest8 WHERE id BETWEEN 6235787 AND 6235886
	Aggregate  (cost=425.54..425.55 rows=1 width=8)
	  ->  Index Scan using sbtest8_pkey on sbtest8  (cost=0.43..425.26 rows=110 width=4)
	        Index Cond: ((id >= 6235787) AND (id <= 6235886))

explain: for point_selects :: explain SELECT c FROM sbtest%u WHERE id=%u
explain: for non_index_updates :: explain UPDATE sbtest%u SET c='foobar' WHERE id=%u
for: order_ranges
table 1 : explain SELECT c FROM sbtest1 WHERE id BETWEEN 723773 AND 723872 ORDER BY c
	Sort  (cost=409.12..409.38 rows=105 width=121)
	  Sort Key: c
	  ->  Index Scan using sbtest1_pkey on sbtest1  (cost=0.43..405.59 rows=105 width=121)
	        Index Cond: ((id >= 723773) AND (id <= 723872))

table 2 : explain SELECT c FROM sbtest2 WHERE id BETWEEN 6282227 AND 6282326 ORDER BY c
	Sort  (cost=379.98..380.22 rows=97 width=121)
	  Sort Key: c
	  ->  Index Scan using sbtest2_pkey on sbtest2  (cost=0.43..376.78 rows=97 width=121)
	        Index Cond: ((id >= 6282227) AND (id <= 6282326))

table 3 : explain SELECT c FROM sbtest3 WHERE id BETWEEN 6312900 AND 6312999 ORDER BY c
	Sort  (cost=369.72..369.96 rows=95 width=121)
	  Sort Key: c
	  ->  Index Scan using sbtest3_pkey on sbtest3  (cost=0.43..366.60 rows=95 width=121)
	        Index Cond: ((id >= 6312900) AND (id <= 6312999))

table 4 : explain SELECT c FROM sbtest4 WHERE id BETWEEN 2478087 AND 2478186 ORDER BY c
	Sort  (cost=385.69..385.94 rows=99 width=121)
	  Sort Key: c
	  ->  Index Scan using sbtest4_pkey on sbtest4  (cost=0.43..382.41 rows=99 width=121)
	        Index Cond: ((id >= 2478087) AND (id <= 2478186))

table 5 : explain SELECT c FROM sbtest5 WHERE id BETWEEN 5814393 AND 5814492 ORDER BY c
	Sort  (cost=403.16..403.42 rows=104 width=121)
	  Sort Key: c
	  ->  Index Scan using sbtest5_pkey on sbtest5  (cost=0.43..399.68 rows=104 width=121)
	        Index Cond: ((id >= 5814393) AND (id <= 5814492))

table 6 : explain SELECT c FROM sbtest6 WHERE id BETWEEN 4509252 AND 4509351 ORDER BY c
	Sort  (cost=429.04..429.32 rows=110 width=121)
	  Sort Key: c
	  ->  Index Scan using sbtest6_pkey on sbtest6  (cost=0.43..425.31 rows=110 width=121)
	        Index Cond: ((id >= 4509252) AND (id <= 4509351))

table 7 : explain SELECT c FROM sbtest7 WHERE id BETWEEN 9574448 AND 9574547 ORDER BY c
	Sort  (cost=366.30..366.53 rows=94 width=121)
	  Sort Key: c
	  ->  Index Scan using sbtest7_pkey on sbtest7  (cost=0.43..363.22 rows=94 width=121)
	        Index Cond: ((id >= 9574448) AND (id <= 9574547))

table 8 : explain SELECT c FROM sbtest8 WHERE id BETWEEN 6618519 AND 6618618 ORDER BY c
	Sort  (cost=398.09..398.34 rows=102 width=121)
	  Sort Key: c
	  ->  Index Scan using sbtest8_pkey on sbtest8  (cost=0.43..394.68 rows=102 width=121)
	        Index Cond: ((id >= 6618519) AND (id <= 6618618))

for: distinct_ranges
table 1 : explain SELECT DISTINCT c FROM sbtest1 WHERE id BETWEEN 3636888 AND 3636987 ORDER BY c
	Unique  (cost=382.11..382.60 rows=98 width=121)
	  ->  Sort  (cost=382.11..382.36 rows=98 width=121)
	        Sort Key: c
	        ->  Index Scan using sbtest1_pkey on sbtest1  (cost=0.43..378.87 rows=98 width=121)
	              Index Cond: ((id >= 3636888) AND (id <= 3636987))

table 2 : explain SELECT DISTINCT c FROM sbtest2 WHERE id BETWEEN 158608 AND 158707 ORDER BY c
	Unique  (cost=410.99..411.51 rows=105 width=121)
	  ->  Sort  (cost=410.99..411.25 rows=105 width=121)
	        Sort Key: c
	        ->  Index Scan using sbtest2_pkey on sbtest2  (cost=0.43..407.46 rows=105 width=121)
	              Index Cond: ((id >= 158608) AND (id <= 158707))

table 3 : explain SELECT DISTINCT c FROM sbtest3 WHERE id BETWEEN 3634081 AND 3634180 ORDER BY c
	Unique  (cost=415.91..416.45 rows=107 width=121)
	  ->  Sort  (cost=415.91..416.18 rows=107 width=121)
	        Sort Key: c
	        ->  Index Scan using sbtest3_pkey on sbtest3  (cost=0.43..412.30 rows=107 width=121)
	              Index Cond: ((id >= 3634081) AND (id <= 3634180))

table 4 : explain SELECT DISTINCT c FROM sbtest4 WHERE id BETWEEN 9214308 AND 9214407 ORDER BY c
	Unique  (cost=366.42..366.89 rows=94 width=121)
	  ->  Sort  (cost=366.42..366.66 rows=94 width=121)
	        Sort Key: c
	        ->  Index Scan using sbtest4_pkey on sbtest4  (cost=0.43..363.34 rows=94 width=121)
	              Index Cond: ((id >= 9214308) AND (id <= 9214407))

table 5 : explain SELECT DISTINCT c FROM sbtest5 WHERE id BETWEEN 8543233 AND 8543332 ORDER BY c
	Unique  (cost=395.49..396.00 rows=102 width=121)
	  ->  Sort  (cost=395.49..395.74 rows=102 width=121)
	        Sort Key: c
	        ->  Index Scan using sbtest5_pkey on sbtest5  (cost=0.43..392.09 rows=102 width=121)
	              Index Cond: ((id >= 8543233) AND (id <= 8543332))

table 6 : explain SELECT DISTINCT c FROM sbtest6 WHERE id BETWEEN 232436 AND 232535 ORDER BY c
	Unique  (cost=394.27..394.77 rows=101 width=121)
	  ->  Sort  (cost=394.27..394.52 rows=101 width=121)
	        Sort Key: c
	        ->  Index Scan using sbtest6_pkey on sbtest6  (cost=0.43..390.91 rows=101 width=121)
	              Index Cond: ((id >= 232436) AND (id <= 232535))

table 7 : explain SELECT DISTINCT c FROM sbtest7 WHERE id BETWEEN 9482139 AND 9482238 ORDER BY c
	Unique  (cost=400.98..401.49 rows=103 width=121)
	  ->  Sort  (cost=400.98..401.23 rows=103 width=121)
	        Sort Key: c
	        ->  Index Scan using sbtest7_pkey on sbtest7  (cost=0.43..397.53 rows=103 width=121)
	              Index Cond: ((id >= 9482139) AND (id <= 9482238))

table 8 : explain SELECT DISTINCT c FROM sbtest8 WHERE id BETWEEN 3726519 AND 3726618 ORDER BY c
	Unique  (cost=363.32..363.79 rows=93 width=121)
	  ->  Sort  (cost=363.32..363.55 rows=93 width=121)
	        Sort Key: c
	        ->  Index Scan using sbtest8_pkey on sbtest8  (cost=0.43..360.28 rows=93 width=121)
	              Index Cond: ((id >= 3726519) AND (id <= 3726618))

for non_index_updates
table 1 : explain UPDATE sbtest1 SET c='foobar' WHERE id=9232051
	Update on sbtest1  (cost=0.43..8.45 rows=0 width=0)
	  ->  Index Scan using sbtest1_pkey on sbtest1  (cost=0.43..8.45 rows=1 width=490)
	        Index Cond: (id = 9232051)

table 2 : explain UPDATE sbtest2 SET c='foobar' WHERE id=2250045
	Update on sbtest2  (cost=0.43..8.45 rows=0 width=0)
	  ->  Index Scan using sbtest2_pkey on sbtest2  (cost=0.43..8.45 rows=1 width=490)
	        Index Cond: (id = 2250045)

table 3 : explain UPDATE sbtest3 SET c='foobar' WHERE id=1980855
	Update on sbtest3  (cost=0.43..8.45 rows=0 width=0)
	  ->  Index Scan using sbtest3_pkey on sbtest3  (cost=0.43..8.45 rows=1 width=490)
	        Index Cond: (id = 1980855)

table 4 : explain UPDATE sbtest4 SET c='foobar' WHERE id=9705285
	Update on sbtest4  (cost=0.43..8.45 rows=0 width=0)
	  ->  Index Scan using sbtest4_pkey on sbtest4  (cost=0.43..8.45 rows=1 width=490)
	        Index Cond: (id = 9705285)

table 5 : explain UPDATE sbtest5 SET c='foobar' WHERE id=6572575
	Update on sbtest5  (cost=0.43..8.45 rows=0 width=0)
	  ->  Index Scan using sbtest5_pkey on sbtest5  (cost=0.43..8.45 rows=1 width=490)
	        Index Cond: (id = 6572575)

table 6 : explain UPDATE sbtest6 SET c='foobar' WHERE id=2434074
	Update on sbtest6  (cost=0.43..8.45 rows=0 width=0)
	  ->  Index Scan using sbtest6_pkey on sbtest6  (cost=0.43..8.45 rows=1 width=490)
	        Index Cond: (id = 2434074)

table 7 : explain UPDATE sbtest7 SET c='foobar' WHERE id=8809477
	Update on sbtest7  (cost=0.43..8.45 rows=0 width=0)
	  ->  Index Scan using sbtest7_pkey on sbtest7  (cost=0.43..8.45 rows=1 width=490)
	        Index Cond: (id = 8809477)

table 8 : explain UPDATE sbtest8 SET c='foobar' WHERE id=5869901
	Update on sbtest8  (cost=0.43..8.45 rows=0 width=0)
	  ->  Index Scan using sbtest8_pkey on sbtest8  (cost=0.43..8.45 rows=1 width=490)
	        Index Cond: (id = 5869901)

explain: for index_updates :: explain UPDATE sbtest%u SET k=k+1 WHERE id=%u
for point_selects
table 1 : explain SELECT c FROM sbtest1 WHERE id=2765343
	Index Scan using sbtest1_pkey on sbtest1  (cost=0.43..8.45 rows=1 width=121)
	  Index Cond: (id = 2765343)

table 2 : explain SELECT c FROM sbtest2 WHERE id=9222454
	Index Scan using sbtest2_pkey on sbtest2  (cost=0.43..8.45 rows=1 width=121)
	  Index Cond: (id = 9222454)

table 3 : explain SELECT c FROM sbtest3 WHERE id=6459913
	Index Scan using sbtest3_pkey on sbtest3  (cost=0.43..8.45 rows=1 width=121)
	  Index Cond: (id = 6459913)

table 4 : explain SELECT c FROM sbtest4 WHERE id=3209994
	Index Scan using sbtest4_pkey on sbtest4  (cost=0.43..8.45 rows=1 width=121)
	  Index Cond: (id = 3209994)

table 5 : explain SELECT c FROM sbtest5 WHERE id=1749046
	Index Scan using sbtest5_pkey on sbtest5  (cost=0.43..8.45 rows=1 width=121)
	  Index Cond: (id = 1749046)

table 6 : explain SELECT c FROM sbtest6 WHERE id=2604794
	Index Scan using sbtest6_pkey on sbtest6  (cost=0.43..8.45 rows=1 width=121)
	  Index Cond: (id = 2604794)

table 7 : explain SELECT c FROM sbtest7 WHERE id=6241752
	Index Scan using sbtest7_pkey on sbtest7  (cost=0.43..8.45 rows=1 width=121)
	  Index Cond: (id = 6241752)

table 8 : explain SELECT c FROM sbtest8 WHERE id=7305225
	Index Scan using sbtest8_pkey on sbtest8  (cost=0.43..8.45 rows=1 width=121)
	  Index Cond: (id = 7305225)

explain: for inserts :: explain INSERT INTO sbtest%u (id, k, c, pad) VALUES (%u, 13, 'foobar', 'foobar')
for index_updates
table 1 : explain UPDATE sbtest1 SET k=k+1 WHERE id=234453
	Update on sbtest1  (cost=0.43..8.46 rows=0 width=0)
	  ->  Index Scan using sbtest1_pkey on sbtest1  (cost=0.43..8.46 rows=1 width=10)
	        Index Cond: (id = 234453)

table 2 : explain UPDATE sbtest2 SET k=k+1 WHERE id=2570620
	Update on sbtest2  (cost=0.43..8.46 rows=0 width=0)
	  ->  Index Scan using sbtest2_pkey on sbtest2  (cost=0.43..8.46 rows=1 width=10)
	        Index Cond: (id = 2570620)

table 3 : explain UPDATE sbtest3 SET k=k+1 WHERE id=8483223
	Update on sbtest3  (cost=0.43..8.46 rows=0 width=0)
	  ->  Index Scan using sbtest3_pkey on sbtest3  (cost=0.43..8.46 rows=1 width=10)
	        Index Cond: (id = 8483223)

table 4 : explain UPDATE sbtest4 SET k=k+1 WHERE id=7574498
	Update on sbtest4  (cost=0.43..8.46 rows=0 width=0)
	  ->  Index Scan using sbtest4_pkey on sbtest4  (cost=0.43..8.46 rows=1 width=10)
	        Index Cond: (id = 7574498)

table 5 : explain UPDATE sbtest5 SET k=k+1 WHERE id=3742487
	Update on sbtest5  (cost=0.43..8.46 rows=0 width=0)
	  ->  Index Scan using sbtest5_pkey on sbtest5  (cost=0.43..8.46 rows=1 width=10)
	        Index Cond: (id = 3742487)

table 6 : explain UPDATE sbtest6 SET k=k+1 WHERE id=7787506
	Update on sbtest6  (cost=0.43..8.46 rows=0 width=0)
	  ->  Index Scan using sbtest6_pkey on sbtest6  (cost=0.43..8.46 rows=1 width=10)
	        Index Cond: (id = 7787506)

table 7 : explain UPDATE sbtest7 SET k=k+1 WHERE id=1273234
	Update on sbtest7  (cost=0.43..8.46 rows=0 width=0)
	  ->  Index Scan using sbtest7_pkey on sbtest7  (cost=0.43..8.46 rows=1 width=10)
	        Index Cond: (id = 1273234)

table 8 : explain UPDATE sbtest8 SET k=k+1 WHERE id=5479910
	Update on sbtest8  (cost=0.43..8.46 rows=0 width=0)
	  ->  Index Scan using sbtest8_pkey on sbtest8  (cost=0.43..8.46 rows=1 width=10)
	        Index Cond: (id = 5479910)

for: distinct_ranges
table 1 : explain SELECT DISTINCT c FROM sbtest1 WHERE id BETWEEN 209616 AND 209715 ORDER BY c
	Unique  (cost=370.54..371.01 rows=95 width=121)
	  ->  Sort  (cost=370.54..370.78 rows=95 width=121)
	        Sort Key: c
	        ->  Index Scan using sbtest1_pkey on sbtest1  (cost=0.43..367.42 rows=95 width=121)
	              Index Cond: ((id >= 209616) AND (id <= 209715))

table 2 : explain SELECT DISTINCT c FROM sbtest2 WHERE id BETWEEN 952413 AND 952512 ORDER BY c
	Unique  (cost=407.11..407.63 rows=104 width=121)
	  ->  Sort  (cost=407.11..407.37 rows=104 width=121)
	        Sort Key: c
	        ->  Index Scan using sbtest2_pkey on sbtest2  (cost=0.43..403.63 rows=104 width=121)
	              Index Cond: ((id >= 952413) AND (id <= 952512))

table 3 : explain SELECT DISTINCT c FROM sbtest3 WHERE id BETWEEN 8645454 AND 8645553 ORDER BY c
	Unique  (cost=408.21..408.74 rows=105 width=121)
	  ->  Sort  (cost=408.21..408.48 rows=105 width=121)
	        Sort Key: c
	        ->  Index Scan using sbtest3_pkey on sbtest3  (cost=0.43..404.69 rows=105 width=121)
	              Index Cond: ((id >= 8645454) AND (id <= 8645553))

table 4 : explain SELECT DISTINCT c FROM sbtest4 WHERE id BETWEEN 2093546 AND 2093645 ORDER BY c
	Unique  (cost=370.28..370.75 rows=95 width=121)
	  ->  Sort  (cost=370.28..370.51 rows=95 width=121)
	        Sort Key: c
	        ->  Index Scan using sbtest4_pkey on sbtest4  (cost=0.43..367.16 rows=95 width=121)
	              Index Cond: ((id >= 2093546) AND (id <= 2093645))

table 5 : explain SELECT DISTINCT c FROM sbtest5 WHERE id BETWEEN 4228979 AND 4229078 ORDER BY c
	Unique  (cost=414.68..415.21 rows=107 width=121)
	  ->  Sort  (cost=414.68..414.94 rows=107 width=121)
	        Sort Key: c
	        ->  Index Scan using sbtest5_pkey on sbtest5  (cost=0.43..411.07 rows=107 width=121)
	              Index Cond: ((id >= 4228979) AND (id <= 4229078))

table 6 : explain SELECT DISTINCT c FROM sbtest6 WHERE id BETWEEN 1894869 AND 1894968 ORDER BY c
	Unique  (cost=432.91..433.46 rows=111 width=121)
	  ->  Sort  (cost=432.91..433.19 rows=111 width=121)
	        Sort Key: c
	        ->  Index Scan using sbtest6_pkey on sbtest6  (cost=0.43..429.14 rows=111 width=121)
	              Index Cond: ((id >= 1894869) AND (id <= 1894968))

table 7 : explain SELECT DISTINCT c FROM sbtest7 WHERE id BETWEEN 8385662 AND 8385761 ORDER BY c
	Unique  (cost=404.83..405.35 rows=104 width=121)
	  ->  Sort  (cost=404.83..405.09 rows=104 width=121)
	        Sort Key: c
	        ->  Index Scan using sbtest7_pkey on sbtest7  (cost=0.43..401.34 rows=104 width=121)
	              Index Cond: ((id >= 8385662) AND (id <= 8385761))

table 8 : explain SELECT DISTINCT c FROM sbtest8 WHERE id BETWEEN 5982529 AND 5982628 ORDER BY c
	Unique  (cost=398.09..398.60 rows=102 width=121)
	  ->  Sort  (cost=398.09..398.34 rows=102 width=121)
	        Sort Key: c
	        ->  Index Scan using sbtest8_pkey on sbtest8  (cost=0.43..394.68 rows=102 width=121)
	              Index Cond: ((id >= 5982529) AND (id <= 5982628))

for inserts
table 1 : explain INSERT INTO sbtest1 (id, k, c, pad) VALUES (6637518, 13, 'foobar', 'foobar')
	Insert on sbtest1  (cost=0.00..0.01 rows=0 width=0)
	  ->  Result  (cost=0.00..0.01 rows=1 width=736)

table 2 : explain INSERT INTO sbtest2 (id, k, c, pad) VALUES (5308294, 13, 'foobar', 'foobar')
	Insert on sbtest2  (cost=0.00..0.01 rows=0 width=0)
	  ->  Result  (cost=0.00..0.01 rows=1 width=736)

table 3 : explain INSERT INTO sbtest3 (id, k, c, pad) VALUES (5299052, 13, 'foobar', 'foobar')
	Insert on sbtest3  (cost=0.00..0.01 rows=0 width=0)
	  ->  Result  (cost=0.00..0.01 rows=1 width=736)

table 4 : explain INSERT INTO sbtest4 (id, k, c, pad) VALUES (4367445, 13, 'foobar', 'foobar')
	Insert on sbtest4  (cost=0.00..0.01 rows=0 width=0)
	  ->  Result  (cost=0.00..0.01 rows=1 width=736)

table 5 : explain INSERT INTO sbtest5 (id, k, c, pad) VALUES (6934449, 13, 'foobar', 'foobar')
	Insert on sbtest5  (cost=0.00..0.01 rows=0 width=0)
	  ->  Result  (cost=0.00..0.01 rows=1 width=736)

table 6 : explain INSERT INTO sbtest6 (id, k, c, pad) VALUES (34874, 13, 'foobar', 'foobar')
	Insert on sbtest6  (cost=0.00..0.01 rows=0 width=0)
	  ->  Result  (cost=0.00..0.01 rows=1 width=736)

table 7 : explain INSERT INTO sbtest7 (id, k, c, pad) VALUES (9898365, 13, 'foobar', 'foobar')
	Insert on sbtest7  (cost=0.00..0.01 rows=0 width=0)
	  ->  Result  (cost=0.00..0.01 rows=1 width=736)

table 8 : explain INSERT INTO sbtest8 (id, k, c, pad) VALUES (6202846, 13, 'foobar', 'foobar')
	Insert on sbtest8  (cost=0.00..0.01 rows=0 width=0)
	  ->  Result  (cost=0.00..0.01 rows=1 width=736)

explain: for point_selects :: explain SELECT c FROM sbtest%u WHERE id=%u
for: simple_ranges
table 1 : explain SELECT c FROM sbtest1 WHERE id BETWEEN 8423672 AND 8423771
	Index Scan using sbtest1_pkey on sbtest1  (cost=0.43..390.32 rows=101 width=121)
	  Index Cond: ((id >= 8423672) AND (id <= 8423771))

table 2 : explain SELECT c FROM sbtest2 WHERE id BETWEEN 4661665 AND 4661764
	Index Scan using sbtest2_pkey on sbtest2  (cost=0.43..384.45 rows=99 width=121)
	  Index Cond: ((id >= 4661665) AND (id <= 4661764))

table 3 : explain SELECT c FROM sbtest3 WHERE id BETWEEN 2472064 AND 2472163
	Index Scan using sbtest3_pkey on sbtest3  (cost=0.43..378.03 rows=98 width=121)
	  Index Cond: ((id >= 2472064) AND (id <= 2472163))

table 4 : explain SELECT c FROM sbtest4 WHERE id BETWEEN 8993430 AND 8993529
	Index Scan using sbtest4_pkey on sbtest4  (cost=0.43..409.11 rows=106 width=121)
	  Index Cond: ((id >= 8993430) AND (id <= 8993529))

table 5 : explain SELECT c FROM sbtest5 WHERE id BETWEEN 9859747 AND 9859846
	Index Scan using sbtest5_pkey on sbtest5  (cost=0.43..346.47 rows=90 width=121)
	  Index Cond: ((id >= 9859747) AND (id <= 9859846))

table 6 : explain SELECT c FROM sbtest6 WHERE id BETWEEN 9829788 AND 9829887
	Index Scan using sbtest6_pkey on sbtest6  (cost=0.43..390.91 rows=101 width=121)
	  Index Cond: ((id >= 9829788) AND (id <= 9829887))

table 7 : explain SELECT c FROM sbtest7 WHERE id BETWEEN 2512495 AND 2512594
	Index Scan using sbtest7_pkey on sbtest7  (cost=0.43..386.09 rows=100 width=121)
	  Index Cond: ((id >= 2512495) AND (id <= 2512594))

table 8 : explain SELECT c FROM sbtest8 WHERE id BETWEEN 8644512 AND 8644611
	Index Scan using sbtest8_pkey on sbtest8  (cost=0.43..371.75 rows=96 width=121)
	  Index Cond: ((id >= 8644512) AND (id <= 8644611))

explain: for deletes :: explain DELETE FROM sbtest%u WHERE id=%u
explain: for index_updates :: explain UPDATE sbtest%u SET k=k+1 WHERE id=%u
for: order_ranges
table 1 : explain SELECT c FROM sbtest1 WHERE id BETWEEN 9011526 AND 9011625 ORDER BY c
	Sort  (cost=416.83..417.10 rows=107 width=121)
	  Sort Key: c
	  ->  Index Scan using sbtest1_pkey on sbtest1  (cost=0.43..413.22 rows=107 width=121)
	        Index Cond: ((id >= 9011526) AND (id <= 9011625))

table 2 : explain SELECT c FROM sbtest2 WHERE id BETWEEN 9044839 AND 9044938 ORDER BY c
	Sort  (cost=383.85..384.10 rows=98 width=121)
	  Sort Key: c
	  ->  Index Scan using sbtest2_pkey on sbtest2  (cost=0.43..380.61 rows=98 width=121)
	        Index Cond: ((id >= 9044839) AND (id <= 9044938))

table 3 : explain SELECT c FROM sbtest3 WHERE id BETWEEN 2158491 AND 2158590 ORDER BY c
	Sort  (cost=385.12..385.37 rows=99 width=121)
	  Sort Key: c
	  ->  Index Scan using sbtest3_pkey on sbtest3  (cost=0.43..381.84 rows=99 width=121)
	        Index Cond: ((id >= 2158491) AND (id <= 2158590))

table 4 : explain SELECT c FROM sbtest4 WHERE id BETWEEN 4152297 AND 4152396 ORDER BY c
	Sort  (cost=350.95..351.18 rows=90 width=121)
	  Sort Key: c
	  ->  Index Scan using sbtest4_pkey on sbtest4  (cost=0.43..348.03 rows=90 width=121)
	        Index Cond: ((id >= 4152297) AND (id <= 4152396))

table 5 : explain SELECT c FROM sbtest5 WHERE id BETWEEN 1982800 AND 1982899 ORDER BY c
	Sort  (cost=376.30..376.55 rows=97 width=121)
	  Sort Key: c
	  ->  Index Scan using sbtest5_pkey on sbtest5  (cost=0.43..373.10 rows=97 width=121)
	        Index Cond: ((id >= 1982800) AND (id <= 1982899))

table 6 : explain SELECT c FROM sbtest6 WHERE id BETWEEN 6075964 AND 6076063 ORDER BY c
	Sort  (cost=363.31..363.55 rows=93 width=121)
	  Sort Key: c
	  ->  Index Scan using sbtest6_pkey on sbtest6  (cost=0.43..360.27 rows=93 width=121)
	        Index Cond: ((id >= 6075964) AND (id <= 6076063))

table 7 : explain SELECT c FROM sbtest7 WHERE id BETWEEN 2915914 AND 2916013 ORDER BY c
	Sort  (cost=358.54..358.77 rows=92 width=121)
	  Sort Key: c
	  ->  Index Scan using sbtest7_pkey on sbtest7  (cost=0.43..355.54 rows=92 width=121)
	        Index Cond: ((id >= 2915914) AND (id <= 2916013))

table 8 : explain SELECT c FROM sbtest8 WHERE id BETWEEN 8658764 AND 8658863 ORDER BY c
	Sort  (cost=374.91..375.15 rows=96 width=121)
	  Sort Key: c
	  ->  Index Scan using sbtest8_pkey on sbtest8  (cost=0.43..371.75 rows=96 width=121)
	        Index Cond: ((id >= 8658764) AND (id <= 8658863))

explain: for point_selects :: explain SELECT c FROM sbtest%u WHERE id=%u
explain: for non_index_updates :: explain UPDATE sbtest%u SET c='foobar' WHERE id=%u
for deletes
table 1 : explain DELETE FROM sbtest1 WHERE id=7307812
	Delete on sbtest1  (cost=0.43..8.45 rows=0 width=0)
	  ->  Index Scan using sbtest1_pkey on sbtest1  (cost=0.43..8.45 rows=1 width=6)
	        Index Cond: (id = 7307812)

table 2 : explain DELETE FROM sbtest2 WHERE id=6989788
	Delete on sbtest2  (cost=0.43..8.45 rows=0 width=0)
	  ->  Index Scan using sbtest2_pkey on sbtest2  (cost=0.43..8.45 rows=1 width=6)
	        Index Cond: (id = 6989788)

table 3 : explain DELETE FROM sbtest3 WHERE id=8130479
	Delete on sbtest3  (cost=0.43..8.45 rows=0 width=0)
	  ->  Index Scan using sbtest3_pkey on sbtest3  (cost=0.43..8.45 rows=1 width=6)
	        Index Cond: (id = 8130479)

table 4 : explain DELETE FROM sbtest4 WHERE id=887181
	Delete on sbtest4  (cost=0.43..8.45 rows=0 width=0)
	  ->  Index Scan using sbtest4_pkey on sbtest4  (cost=0.43..8.45 rows=1 width=6)
	        Index Cond: (id = 887181)

table 5 : explain DELETE FROM sbtest5 WHERE id=2582660
	Delete on sbtest5  (cost=0.43..8.45 rows=0 width=0)
	  ->  Index Scan using sbtest5_pkey on sbtest5  (cost=0.43..8.45 rows=1 width=6)
	        Index Cond: (id = 2582660)

table 6 : explain DELETE FROM sbtest6 WHERE id=8543410
	Delete on sbtest6  (cost=0.43..8.45 rows=0 width=0)
	  ->  Index Scan using sbtest6_pkey on sbtest6  (cost=0.43..8.45 rows=1 width=6)
	        Index Cond: (id = 8543410)

table 7 : explain DELETE FROM sbtest7 WHERE id=204330
	Delete on sbtest7  (cost=0.43..8.45 rows=0 width=0)
	  ->  Index Scan using sbtest7_pkey on sbtest7  (cost=0.43..8.45 rows=1 width=6)
	        Index Cond: (id = 204330)

table 8 : explain DELETE FROM sbtest8 WHERE id=3993147
	Delete on sbtest8  (cost=0.43..8.45 rows=0 width=0)
	  ->  Index Scan using sbtest8_pkey on sbtest8  (cost=0.43..8.45 rows=1 width=6)
	        Index Cond: (id = 3993147)

explain: for inserts :: explain INSERT INTO sbtest%u (id, k, c, pad) VALUES (%u, 13, 'foobar', 'foobar')
for: simple_ranges
table 1 : explain SELECT c FROM sbtest1 WHERE id BETWEEN 6823948 AND 6824047
	Index Scan using sbtest1_pkey on sbtest1  (cost=0.43..394.14 rows=102 width=121)
	  Index Cond: ((id >= 6823948) AND (id <= 6824047))

table 2 : explain SELECT c FROM sbtest2 WHERE id BETWEEN 2691297 AND 2691396
	Index Scan using sbtest2_pkey on sbtest2  (cost=0.43..338.38 rows=87 width=121)
	  Index Cond: ((id >= 2691297) AND (id <= 2691396))

table 3 : explain SELECT c FROM sbtest3 WHERE id BETWEEN 9071746 AND 9071845
	Index Scan using sbtest3_pkey on sbtest3  (cost=0.43..358.93 rows=93 width=121)
	  Index Cond: ((id >= 9071746) AND (id <= 9071845))

table 4 : explain SELECT c FROM sbtest4 WHERE id BETWEEN 5193981 AND 5194080
	Index Scan using sbtest4_pkey on sbtest4  (cost=0.43..374.78 rows=97 width=121)
	  Index Cond: ((id >= 5193981) AND (id <= 5194080))

table 5 : explain SELECT c FROM sbtest5 WHERE id BETWEEN 1741693 AND 1741792
	Index Scan using sbtest5_pkey on sbtest5  (cost=0.43..384.49 rows=100 width=121)
	  Index Cond: ((id >= 1741693) AND (id <= 1741792))

table 6 : explain SELECT c FROM sbtest6 WHERE id BETWEEN 1777455 AND 1777554
	Index Scan using sbtest6_pkey on sbtest6  (cost=0.43..344.98 rows=89 width=121)
	  Index Cond: ((id >= 1777455) AND (id <= 1777554))

table 7 : explain SELECT c FROM sbtest7 WHERE id BETWEEN 5441579 AND 5441678
	Index Scan using sbtest7_pkey on sbtest7  (cost=0.43..367.03 rows=95 width=121)
	  Index Cond: ((id >= 5441579) AND (id <= 5441678))

table 8 : explain SELECT c FROM sbtest8 WHERE id BETWEEN 7175702 AND 7175801
	Index Scan using sbtest8_pkey on sbtest8  (cost=0.43..364.10 rows=94 width=121)
	  Index Cond: ((id >= 7175702) AND (id <= 7175801))

for: sum_ranges
table 1 : explain SELECT SUM(k) FROM sbtest1 WHERE id BETWEEN 3858570 AND 3858669
	Aggregate  (cost=382.94..382.95 rows=1 width=8)
	  ->  Index Scan using sbtest1_pkey on sbtest1  (cost=0.43..382.69 rows=99 width=4)
	        Index Cond: ((id >= 3858570) AND (id <= 3858669))

table 2 : explain SELECT SUM(k) FROM sbtest2 WHERE id BETWEEN 8046729 AND 8046828
	Aggregate  (cost=396.21..396.22 rows=1 width=8)
	  ->  Index Scan using sbtest2_pkey on sbtest2  (cost=0.43..395.95 rows=102 width=4)
	        Index Cond: ((id >= 8046729) AND (id <= 8046828))

table 3 : explain SELECT SUM(k) FROM sbtest3 WHERE id BETWEEN 4650534 AND 4650633
	Aggregate  (cost=366.84..366.85 rows=1 width=8)
	  ->  Index Scan using sbtest3_pkey on sbtest3  (cost=0.43..366.60 rows=95 width=4)
	        Index Cond: ((id >= 4650534) AND (id <= 4650633))

table 4 : explain SELECT SUM(k) FROM sbtest4 WHERE id BETWEEN 112760 AND 112859
	Aggregate  (cost=428.46..428.47 rows=1 width=8)
	  ->  Index Scan using sbtest4_pkey on sbtest4  (cost=0.43..428.18 rows=111 width=4)
	        Index Cond: ((id >= 112760) AND (id <= 112859))

table 5 : explain SELECT SUM(k) FROM sbtest5 WHERE id BETWEEN 3374551 AND 3374650
	Aggregate  (cost=422.73..422.74 rows=1 width=8)
	  ->  Index Scan using sbtest5_pkey on sbtest5  (cost=0.43..422.46 rows=110 width=4)
	        Index Cond: ((id >= 3374551) AND (id <= 3374650))

table 6 : explain SELECT SUM(k) FROM sbtest6 WHERE id BETWEEN 7886181 AND 7886280
	Aggregate  (cost=368.21..368.22 rows=1 width=8)
	  ->  Index Scan using sbtest6_pkey on sbtest6  (cost=0.43..367.97 rows=95 width=4)
	        Index Cond: ((id >= 7886181) AND (id <= 7886280))

table 7 : explain SELECT SUM(k) FROM sbtest7 WHERE id BETWEEN 9197557 AND 9197656
	Aggregate  (cost=462.65..462.66 rows=1 width=8)
	  ->  Index Scan using sbtest7_pkey on sbtest7  (cost=0.43..462.35 rows=120 width=4)
	        Index Cond: ((id >= 9197557) AND (id <= 9197656))

table 8 : explain SELECT SUM(k) FROM sbtest8 WHERE id BETWEEN 8019845 AND 8019944
	Aggregate  (cost=429.36..429.37 rows=1 width=8)
	  ->  Index Scan using sbtest8_pkey on sbtest8  (cost=0.43..429.09 rows=111 width=4)
	        Index Cond: ((id >= 8019845) AND (id <= 8019944))

for: order_ranges
table 1 : explain SELECT c FROM sbtest1 WHERE id BETWEEN 7488884 AND 7488983 ORDER BY c
	Sort  (cost=385.97..386.22 rows=99 width=121)
	  Sort Key: c
	  ->  Index Scan using sbtest1_pkey on sbtest1  (cost=0.43..382.69 rows=99 width=121)
	        Index Cond: ((id >= 7488884) AND (id <= 7488983))

table 2 : explain SELECT c FROM sbtest2 WHERE id BETWEEN 8007663 AND 8007762 ORDER BY c
	Sort  (cost=383.85..384.10 rows=98 width=121)
	  Sort Key: c
	  ->  Index Scan using sbtest2_pkey on sbtest2  (cost=0.43..380.61 rows=98 width=121)
	        Index Cond: ((id >= 8007663) AND (id <= 8007762))

table 3 : explain SELECT c FROM sbtest3 WHERE id BETWEEN 6307130 AND 6307229 ORDER BY c
	Sort  (cost=369.72..369.96 rows=95 width=121)
	  Sort Key: c
	  ->  Index Scan using sbtest3_pkey on sbtest3  (cost=0.43..366.60 rows=95 width=121)
	        Index Cond: ((id >= 6307130) AND (id <= 6307229))

table 4 : explain SELECT c FROM sbtest4 WHERE id BETWEEN 2484718 AND 2484817 ORDER BY c
	Sort  (cost=385.69..385.94 rows=99 width=121)
	  Sort Key: c
	  ->  Index Scan using sbtest4_pkey on sbtest4  (cost=0.43..382.41 rows=99 width=121)
	        Index Cond: ((id >= 2484718) AND (id <= 2484817))

table 5 : explain SELECT c FROM sbtest5 WHERE id BETWEEN 468777 AND 468876 ORDER BY c
	Sort  (cost=345.55..345.78 rows=89 width=121)
	  Sort Key: c
	  ->  Index Scan using sbtest5_pkey on sbtest5  (cost=0.43..342.67 rows=89 width=121)
	        Index Cond: ((id >= 468777) AND (id <= 468876))

table 6 : explain SELECT c FROM sbtest6 WHERE id BETWEEN 5022699 AND 5022798 ORDER BY c
	Sort  (cost=405.86..406.12 rows=104 width=121)
	  Sort Key: c
	  ->  Index Scan using sbtest6_pkey on sbtest6  (cost=0.43..402.38 rows=104 width=121)
	        Index Cond: ((id >= 5022699) AND (id <= 5022798))

table 7 : explain SELECT c FROM sbtest7 WHERE id BETWEEN 5377250 AND 5377349 ORDER BY c
	Sort  (cost=377.85..378.10 rows=97 width=121)
	  Sort Key: c
	  ->  Index Scan using sbtest7_pkey on sbtest7  (cost=0.43..374.65 rows=97 width=121)
	        Index Cond: ((id >= 5377250) AND (id <= 5377349))

table 8 : explain SELECT c FROM sbtest8 WHERE id BETWEEN 1623684 AND 1623783 ORDER BY c
	Sort  (cost=456.04..456.33 rows=117 width=121)
	  Sort Key: c
	  ->  Index Scan using sbtest8_pkey on sbtest8  (cost=0.43..452.02 rows=117 width=121)
	        Index Cond: ((id >= 1623684) AND (id <= 1623783))

for non_index_updates
table 1 : explain UPDATE sbtest1 SET c='foobar' WHERE id=8478332
	Update on sbtest1  (cost=0.43..8.45 rows=0 width=0)
	  ->  Index Scan using sbtest1_pkey on sbtest1  (cost=0.43..8.45 rows=1 width=490)
	        Index Cond: (id = 8478332)

table 2 : explain UPDATE sbtest2 SET c='foobar' WHERE id=8097033
	Update on sbtest2  (cost=0.43..8.45 rows=0 width=0)
	  ->  Index Scan using sbtest2_pkey on sbtest2  (cost=0.43..8.45 rows=1 width=490)
	        Index Cond: (id = 8097033)

table 3 : explain UPDATE sbtest3 SET c='foobar' WHERE id=9651335
	Update on sbtest3  (cost=0.43..8.45 rows=0 width=0)
	  ->  Index Scan using sbtest3_pkey on sbtest3  (cost=0.43..8.45 rows=1 width=490)
	        Index Cond: (id = 9651335)

table 4 : explain UPDATE sbtest4 SET c='foobar' WHERE id=7645468
	Update on sbtest4  (cost=0.43..8.45 rows=0 width=0)
	  ->  Index Scan using sbtest4_pkey on sbtest4  (cost=0.43..8.45 rows=1 width=490)
	        Index Cond: (id = 7645468)

table 5 : explain UPDATE sbtest5 SET c='foobar' WHERE id=2877361
	Update on sbtest5  (cost=0.43..8.45 rows=0 width=0)
	  ->  Index Scan using sbtest5_pkey on sbtest5  (cost=0.43..8.45 rows=1 width=490)
	        Index Cond: (id = 2877361)

table 6 : explain UPDATE sbtest6 SET c='foobar' WHERE id=8041475
	Update on sbtest6  (cost=0.43..8.45 rows=0 width=0)
	  ->  Index Scan using sbtest6_pkey on sbtest6  (cost=0.43..8.45 rows=1 width=490)
	        Index Cond: (id = 8041475)

table 7 : explain UPDATE sbtest7 SET c='foobar' WHERE id=3033008
	Update on sbtest7  (cost=0.43..8.45 rows=0 width=0)
	  ->  Index Scan using sbtest7_pkey on sbtest7  (cost=0.43..8.45 rows=1 width=490)
	        Index Cond: (id = 3033008)

table 8 : explain UPDATE sbtest8 SET c='foobar' WHERE id=7106429
	Update on sbtest8  (cost=0.43..8.45 rows=0 width=0)
	  ->  Index Scan using sbtest8_pkey on sbtest8  (cost=0.43..8.45 rows=1 width=490)
	        Index Cond: (id = 7106429)

for point_selects
table 1 : explain SELECT c FROM sbtest1 WHERE id=1982411
	Index Scan using sbtest1_pkey on sbtest1  (cost=0.43..8.45 rows=1 width=121)
	  Index Cond: (id = 1982411)

table 2 : explain SELECT c FROM sbtest2 WHERE id=3429535
	Index Scan using sbtest2_pkey on sbtest2  (cost=0.43..8.45 rows=1 width=121)
	  Index Cond: (id = 3429535)

table 3 : explain SELECT c FROM sbtest3 WHERE id=2322557
	Index Scan using sbtest3_pkey on sbtest3  (cost=0.43..8.45 rows=1 width=121)
	  Index Cond: (id = 2322557)

table 4 : explain SELECT c FROM sbtest4 WHERE id=255092
	Index Scan using sbtest4_pkey on sbtest4  (cost=0.43..8.45 rows=1 width=121)
	  Index Cond: (id = 255092)

table 5 : explain SELECT c FROM sbtest5 WHERE id=1105816
	Index Scan using sbtest5_pkey on sbtest5  (cost=0.43..8.45 rows=1 width=121)
	  Index Cond: (id = 1105816)

table 6 : explain SELECT c FROM sbtest6 WHERE id=3246083
	Index Scan using sbtest6_pkey on sbtest6  (cost=0.43..8.45 rows=1 width=121)
	  Index Cond: (id = 3246083)

table 7 : explain SELECT c FROM sbtest7 WHERE id=6742028
	Index Scan using sbtest7_pkey on sbtest7  (cost=0.43..8.45 rows=1 width=121)
	  Index Cond: (id = 6742028)

table 8 : explain SELECT c FROM sbtest8 WHERE id=9747637
	Index Scan using sbtest8_pkey on sbtest8  (cost=0.43..8.45 rows=1 width=121)
	  Index Cond: (id = 9747637)

explain: for point_selects :: explain SELECT c FROM sbtest%u WHERE id=%u
for index_updates
table 1 : explain UPDATE sbtest1 SET k=k+1 WHERE id=9829816
	Update on sbtest1  (cost=0.43..8.46 rows=0 width=0)
	  ->  Index Scan using sbtest1_pkey on sbtest1  (cost=0.43..8.46 rows=1 width=10)
	        Index Cond: (id = 9829816)

table 2 : explain UPDATE sbtest2 SET k=k+1 WHERE id=4502631
	Update on sbtest2  (cost=0.43..8.46 rows=0 width=0)
	  ->  Index Scan using sbtest2_pkey on sbtest2  (cost=0.43..8.46 rows=1 width=10)
	        Index Cond: (id = 4502631)

table 3 : explain UPDATE sbtest3 SET k=k+1 WHERE id=2298502
	Update on sbtest3  (cost=0.43..8.46 rows=0 width=0)
	  ->  Index Scan using sbtest3_pkey on sbtest3  (cost=0.43..8.46 rows=1 width=10)
	        Index Cond: (id = 2298502)

table 4 : explain UPDATE sbtest4 SET k=k+1 WHERE id=1850262
	Update on sbtest4  (cost=0.43..8.46 rows=0 width=0)
	  ->  Index Scan using sbtest4_pkey on sbtest4  (cost=0.43..8.46 rows=1 width=10)
	        Index Cond: (id = 1850262)

table 5 : explain UPDATE sbtest5 SET k=k+1 WHERE id=3754052
	Update on sbtest5  (cost=0.43..8.46 rows=0 width=0)
	  ->  Index Scan using sbtest5_pkey on sbtest5  (cost=0.43..8.46 rows=1 width=10)
	        Index Cond: (id = 3754052)

table 6 : explain UPDATE sbtest6 SET k=k+1 WHERE id=2689846
	Update on sbtest6  (cost=0.43..8.46 rows=0 width=0)
	  ->  Index Scan using sbtest6_pkey on sbtest6  (cost=0.43..8.46 rows=1 width=10)
	        Index Cond: (id = 2689846)

table 7 : explain UPDATE sbtest7 SET k=k+1 WHERE id=5423753
	Update on sbtest7  (cost=0.43..8.46 rows=0 width=0)
	  ->  Index Scan using sbtest7_pkey on sbtest7  (cost=0.43..8.46 rows=1 width=10)
	        Index Cond: (id = 5423753)

table 8 : explain UPDATE sbtest8 SET k=k+1 WHERE id=610395
	Update on sbtest8  (cost=0.43..8.46 rows=0 width=0)
	  ->  Index Scan using sbtest8_pkey on sbtest8  (cost=0.43..8.46 rows=1 width=10)
	        Index Cond: (id = 610395)

for: order_ranges
table 1 : explain SELECT c FROM sbtest1 WHERE id BETWEEN 2211547 AND 2211646 ORDER BY c
	Sort  (cost=385.97..386.22 rows=99 width=121)
	  Sort Key: c
	  ->  Index Scan using sbtest1_pkey on sbtest1  (cost=0.43..382.69 rows=99 width=121)
	        Index Cond: ((id >= 2211547) AND (id <= 2211646))

table 2 : explain SELECT c FROM sbtest2 WHERE id BETWEEN 8309169 AND 8309268 ORDER BY c
	Sort  (cost=383.85..384.10 rows=98 width=121)
	  Sort Key: c
	  ->  Index Scan using sbtest2_pkey on sbtest2  (cost=0.43..380.61 rows=98 width=121)
	        Index Cond: ((id >= 8309169) AND (id <= 8309268))

table 3 : explain SELECT c FROM sbtest3 WHERE id BETWEEN 6136496 AND 6136595 ORDER BY c
	Sort  (cost=358.13..358.36 rows=92 width=121)
	  Sort Key: c
	  ->  Index Scan using sbtest3_pkey on sbtest3  (cost=0.43..355.13 rows=92 width=121)
	        Index Cond: ((id >= 6136496) AND (id <= 6136595))

table 4 : explain SELECT c FROM sbtest4 WHERE id BETWEEN 1247629 AND 1247728 ORDER BY c
	Sort  (cost=385.69..385.94 rows=99 width=121)
	  Sort Key: c
	  ->  Index Scan using sbtest4_pkey on sbtest4  (cost=0.43..382.41 rows=99 width=121)
	        Index Cond: ((id >= 1247629) AND (id <= 1247728))

table 5 : explain SELECT c FROM sbtest5 WHERE id BETWEEN 2350850 AND 2350949 ORDER BY c
	Sort  (cost=372.47..372.71 rows=96 width=121)
	  Sort Key: c
	  ->  Index Scan using sbtest5_pkey on sbtest5  (cost=0.43..369.31 rows=96 width=121)
	        Index Cond: ((id >= 2350850) AND (id <= 2350949))

table 6 : explain SELECT c FROM sbtest6 WHERE id BETWEEN 7820959 AND 7821058 ORDER BY c
	Sort  (cost=371.09..371.33 rows=95 width=121)
	  Sort Key: c
	  ->  Index Scan using sbtest6_pkey on sbtest6  (cost=0.43..367.97 rows=95 width=121)
	        Index Cond: ((id >= 7820959) AND (id <= 7821058))

table 7 : explain SELECT c FROM sbtest7 WHERE id BETWEEN 5884926 AND 5885025 ORDER BY c
	Sort  (cost=389.41..389.66 rows=100 width=121)
	  Sort Key: c
	  ->  Index Scan using sbtest7_pkey on sbtest7  (cost=0.43..386.09 rows=100 width=121)
	        Index Cond: ((id >= 5884926) AND (id <= 5885025))

table 8 : explain SELECT c FROM sbtest8 WHERE id BETWEEN 1000373 AND 1000472 ORDER BY c
	Sort  (cost=374.91..375.15 rows=96 width=121)
	  Sort Key: c
	  ->  Index Scan using sbtest8_pkey on sbtest8  (cost=0.43..371.75 rows=96 width=121)
	        Index Cond: ((id >= 1000373) AND (id <= 1000472))

explain: for point_selects :: explain SELECT c FROM sbtest%u WHERE id=%u
explain: for deletes :: explain DELETE FROM sbtest%u WHERE id=%u
for inserts
table 1 : explain INSERT INTO sbtest1 (id, k, c, pad) VALUES (3025147, 13, 'foobar', 'foobar')
	Insert on sbtest1  (cost=0.00..0.01 rows=0 width=0)
	  ->  Result  (cost=0.00..0.01 rows=1 width=736)

table 2 : explain INSERT INTO sbtest2 (id, k, c, pad) VALUES (1661223, 13, 'foobar', 'foobar')
	Insert on sbtest2  (cost=0.00..0.01 rows=0 width=0)
	  ->  Result  (cost=0.00..0.01 rows=1 width=736)

table 3 : explain INSERT INTO sbtest3 (id, k, c, pad) VALUES (1337686, 13, 'foobar', 'foobar')
	Insert on sbtest3  (cost=0.00..0.01 rows=0 width=0)
	  ->  Result  (cost=0.00..0.01 rows=1 width=736)

table 4 : explain INSERT INTO sbtest4 (id, k, c, pad) VALUES (3636498, 13, 'foobar', 'foobar')
	Insert on sbtest4  (cost=0.00..0.01 rows=0 width=0)
	  ->  Result  (cost=0.00..0.01 rows=1 width=736)

table 5 : explain INSERT INTO sbtest5 (id, k, c, pad) VALUES (2497613, 13, 'foobar', 'foobar')
	Insert on sbtest5  (cost=0.00..0.01 rows=0 width=0)
	  ->  Result  (cost=0.00..0.01 rows=1 width=736)

table 6 : explain INSERT INTO sbtest6 (id, k, c, pad) VALUES (6795931, 13, 'foobar', 'foobar')
	Insert on sbtest6  (cost=0.00..0.01 rows=0 width=0)
	  ->  Result  (cost=0.00..0.01 rows=1 width=736)

table 7 : explain INSERT INTO sbtest7 (id, k, c, pad) VALUES (5653549, 13, 'foobar', 'foobar')
	Insert on sbtest7  (cost=0.00..0.01 rows=0 width=0)
	  ->  Result  (cost=0.00..0.01 rows=1 width=736)

table 8 : explain INSERT INTO sbtest8 (id, k, c, pad) VALUES (6909971, 13, 'foobar', 'foobar')
	Insert on sbtest8  (cost=0.00..0.01 rows=0 width=0)
	  ->  Result  (cost=0.00..0.01 rows=1 width=736)

for: order_ranges
table 1 : explain SELECT c FROM sbtest1 WHERE id BETWEEN 3215141 AND 3215240 ORDER BY c
	Sort  (cost=412.97..413.24 rows=106 width=121)
	  Sort Key: c
	  ->  Index Scan using sbtest1_pkey on sbtest1  (cost=0.43..409.41 rows=106 width=121)
	        Index Cond: ((id >= 3215141) AND (id <= 3215240))

table 2 : explain SELECT c FROM sbtest2 WHERE id BETWEEN 5995661 AND 5995760 ORDER BY c
	Sort  (cost=445.87..446.16 rows=114 width=121)
	  Sort Key: c
	  ->  Index Scan using sbtest2_pkey on sbtest2  (cost=0.43..441.98 rows=114 width=121)
	        Index Cond: ((id >= 5995661) AND (id <= 5995760))

table 3 : explain SELECT c FROM sbtest3 WHERE id BETWEEN 5895949 AND 5896048 ORDER BY c
	Sort  (cost=377.42..377.66 rows=97 width=121)
	  Sort Key: c
	  ->  Index Scan using sbtest3_pkey on sbtest3  (cost=0.43..374.22 rows=97 width=121)
	        Index Cond: ((id >= 5895949) AND (id <= 5896048))

table 4 : explain SELECT c FROM sbtest4 WHERE id BETWEEN 181183 AND 181282 ORDER BY c
	Sort  (cost=377.98..378.23 rows=97 width=121)
	  Sort Key: c
	  ->  Index Scan using sbtest4_pkey on sbtest4  (cost=0.43..374.78 rows=97 width=121)
	        Index Cond: ((id >= 181183) AND (id <= 181282))

table 5 : explain SELECT c FROM sbtest5 WHERE id BETWEEN 9511275 AND 9511374 ORDER BY c
	Sort  (cost=380.14..380.38 rows=98 width=121)
	  Sort Key: c
	  ->  Index Scan using sbtest5_pkey on sbtest5  (cost=0.43..376.90 rows=98 width=121)
	        Index Cond: ((id >= 9511275) AND (id <= 9511374))

table 6 : explain SELECT c FROM sbtest6 WHERE id BETWEEN 4052683 AND 4052782 ORDER BY c
	Sort  (cost=398.13..398.39 rows=102 width=121)
	  Sort Key: c
	  ->  Index Scan using sbtest6_pkey on sbtest6  (cost=0.43..394.73 rows=102 width=121)
	        Index Cond: ((id >= 4052683) AND (id <= 4052782))

table 7 : explain SELECT c FROM sbtest7 WHERE id BETWEEN 7664371 AND 7664470 ORDER BY c
	Sort  (cost=427.95..428.23 rows=110 width=121)
	  Sort Key: c
	  ->  Index Scan using sbtest7_pkey on sbtest7  (cost=0.43..424.22 rows=110 width=121)
	        Index Cond: ((id >= 7664371) AND (id <= 7664470))

table 8 : explain SELECT c FROM sbtest8 WHERE id BETWEEN 3134807 AND 3134906 ORDER BY c
	Sort  (cost=382.63..382.88 rows=98 width=121)
	  Sort Key: c
	  ->  Index Scan using sbtest8_pkey on sbtest8  (cost=0.43..379.39 rows=98 width=121)
	        Index Cond: ((id >= 3134807) AND (id <= 3134906))

for point_selects
table 1 : explain SELECT c FROM sbtest1 WHERE id=773381
	Index Scan using sbtest1_pkey on sbtest1  (cost=0.43..8.45 rows=1 width=121)
	  Index Cond: (id = 773381)

table 2 : explain SELECT c FROM sbtest2 WHERE id=9665074
	Index Scan using sbtest2_pkey on sbtest2  (cost=0.43..8.45 rows=1 width=121)
	  Index Cond: (id = 9665074)

table 3 : explain SELECT c FROM sbtest3 WHERE id=1758801
	Index Scan using sbtest3_pkey on sbtest3  (cost=0.43..8.45 rows=1 width=121)
	  Index Cond: (id = 1758801)

table 4 : explain SELECT c FROM sbtest4 WHERE id=3937615
	Index Scan using sbtest4_pkey on sbtest4  (cost=0.43..8.45 rows=1 width=121)
	  Index Cond: (id = 3937615)

table 5 : explain SELECT c FROM sbtest5 WHERE id=5693971
	Index Scan using sbtest5_pkey on sbtest5  (cost=0.43..8.45 rows=1 width=121)
	  Index Cond: (id = 5693971)

table 6 : explain SELECT c FROM sbtest6 WHERE id=2230915
	Index Scan using sbtest6_pkey on sbtest6  (cost=0.43..8.45 rows=1 width=121)
	  Index Cond: (id = 2230915)

table 7 : explain SELECT c FROM sbtest7 WHERE id=1804871
	Index Scan using sbtest7_pkey on sbtest7  (cost=0.43..8.45 rows=1 width=121)
	  Index Cond: (id = 1804871)

table 8 : explain SELECT c FROM sbtest8 WHERE id=8940346
	Index Scan using sbtest8_pkey on sbtest8  (cost=0.43..8.45 rows=1 width=121)
	  Index Cond: (id = 8940346)

for point_selects
table 1 : explain SELECT c FROM sbtest1 WHERE id=8254993
	Index Scan using sbtest1_pkey on sbtest1  (cost=0.43..8.45 rows=1 width=121)
	  Index Cond: (id = 8254993)

table 2 : explain SELECT c FROM sbtest2 WHERE id=2254992
	Index Scan using sbtest2_pkey on sbtest2  (cost=0.43..8.45 rows=1 width=121)
	  Index Cond: (id = 2254992)

table 3 : explain SELECT c FROM sbtest3 WHERE id=6809178
	Index Scan using sbtest3_pkey on sbtest3  (cost=0.43..8.45 rows=1 width=121)
	  Index Cond: (id = 6809178)

table 4 : explain SELECT c FROM sbtest4 WHERE id=4575299
	Index Scan using sbtest4_pkey on sbtest4  (cost=0.43..8.45 rows=1 width=121)
	  Index Cond: (id = 4575299)

table 5 : explain SELECT c FROM sbtest5 WHERE id=7901339
	Index Scan using sbtest5_pkey on sbtest5  (cost=0.43..8.45 rows=1 width=121)
	  Index Cond: (id = 7901339)

table 6 : explain SELECT c FROM sbtest6 WHERE id=8869429
	Index Scan using sbtest6_pkey on sbtest6  (cost=0.43..8.45 rows=1 width=121)
	  Index Cond: (id = 8869429)

table 7 : explain SELECT c FROM sbtest7 WHERE id=8823560
	Index Scan using sbtest7_pkey on sbtest7  (cost=0.43..8.45 rows=1 width=121)
	  Index Cond: (id = 8823560)

table 8 : explain SELECT c FROM sbtest8 WHERE id=7491288
	Index Scan using sbtest8_pkey on sbtest8  (cost=0.43..8.45 rows=1 width=121)
	  Index Cond: (id = 7491288)

for: sum_ranges
table 1 : explain SELECT SUM(k) FROM sbtest1 WHERE id BETWEEN 5604747 AND 5604846
	Aggregate  (cost=402.03..402.04 rows=1 width=8)
	  ->  Index Scan using sbtest1_pkey on sbtest1  (cost=0.43..401.77 rows=104 width=4)
	        Index Cond: ((id >= 5604747) AND (id <= 5604846))

table 2 : explain SELECT SUM(k) FROM sbtest2 WHERE id BETWEEN 5283119 AND 5283218
	Aggregate  (cost=400.05..400.06 rows=1 width=8)
	  ->  Index Scan using sbtest2_pkey on sbtest2  (cost=0.43..399.79 rows=103 width=4)
	        Index Cond: ((id >= 5283119) AND (id <= 5283218))

table 3 : explain SELECT SUM(k) FROM sbtest3 WHERE id BETWEEN 9520089 AND 9520188
	Aggregate  (cost=355.36..355.37 rows=1 width=8)
	  ->  Index Scan using sbtest3_pkey on sbtest3  (cost=0.43..355.13 rows=92 width=4)
	        Index Cond: ((id >= 9520089) AND (id <= 9520188))

table 4 : explain SELECT SUM(k) FROM sbtest4 WHERE id BETWEEN 2617681 AND 2617780
	Aggregate  (cost=390.29..390.30 rows=1 width=8)
	  ->  Index Scan using sbtest4_pkey on sbtest4  (cost=0.43..390.04 rows=101 width=4)
	        Index Cond: ((id >= 2617681) AND (id <= 2617780))

table 5 : explain SELECT SUM(k) FROM sbtest5 WHERE id BETWEEN 6818266 AND 6818365
	Aggregate  (cost=377.14..377.15 rows=1 width=8)
	  ->  Index Scan using sbtest5_pkey on sbtest5  (cost=0.43..376.90 rows=98 width=4)
	        Index Cond: ((id >= 6818266) AND (id <= 6818365))

table 6 : explain SELECT SUM(k) FROM sbtest6 WHERE id BETWEEN 9159741 AND 9159840
	Aggregate  (cost=360.51..360.52 rows=1 width=8)
	  ->  Index Scan using sbtest6_pkey on sbtest6  (cost=0.43..360.27 rows=93 width=4)
	        Index Cond: ((id >= 9159741) AND (id <= 9159840))

table 7 : explain SELECT SUM(k) FROM sbtest7 WHERE id BETWEEN 4574099 AND 4574198
	Aggregate  (cost=371.08..371.09 rows=1 width=8)
	  ->  Index Scan using sbtest7_pkey on sbtest7  (cost=0.43..370.84 rows=96 width=4)
	        Index Cond: ((id >= 4574099) AND (id <= 4574198))

table 8 : explain SELECT SUM(k) FROM sbtest8 WHERE id BETWEEN 3622699 AND 3622798
	Aggregate  (cost=402.59..402.60 rows=1 width=8)
	  ->  Index Scan using sbtest8_pkey on sbtest8  (cost=0.43..402.33 rows=104 width=4)
	        Index Cond: ((id >= 3622699) AND (id <= 3622798))

explain: for inserts :: explain INSERT INTO sbtest%u (id, k, c, pad) VALUES (%u, 13, 'foobar', 'foobar')
for deletes
table 1 : explain DELETE FROM sbtest1 WHERE id=3129981
	Delete on sbtest1  (cost=0.43..8.45 rows=0 width=0)
	  ->  Index Scan using sbtest1_pkey on sbtest1  (cost=0.43..8.45 rows=1 width=6)
	        Index Cond: (id = 3129981)

table 2 : explain DELETE FROM sbtest2 WHERE id=1034540
	Delete on sbtest2  (cost=0.43..8.45 rows=0 width=0)
	  ->  Index Scan using sbtest2_pkey on sbtest2  (cost=0.43..8.45 rows=1 width=6)
	        Index Cond: (id = 1034540)

table 3 : explain DELETE FROM sbtest3 WHERE id=1406801
	Delete on sbtest3  (cost=0.43..8.45 rows=0 width=0)
	  ->  Index Scan using sbtest3_pkey on sbtest3  (cost=0.43..8.45 rows=1 width=6)
	        Index Cond: (id = 1406801)

table 4 : explain DELETE FROM sbtest4 WHERE id=6833902
	Delete on sbtest4  (cost=0.43..8.45 rows=0 width=0)
	  ->  Index Scan using sbtest4_pkey on sbtest4  (cost=0.43..8.45 rows=1 width=6)
	        Index Cond: (id = 6833902)

table 5 : explain DELETE FROM sbtest5 WHERE id=9034715
	Delete on sbtest5  (cost=0.43..8.45 rows=0 width=0)
	  ->  Index Scan using sbtest5_pkey on sbtest5  (cost=0.43..8.45 rows=1 width=6)
	        Index Cond: (id = 9034715)

table 6 : explain DELETE FROM sbtest6 WHERE id=8200709
	Delete on sbtest6  (cost=0.43..8.45 rows=0 width=0)
	  ->  Index Scan using sbtest6_pkey on sbtest6  (cost=0.43..8.45 rows=1 width=6)
	        Index Cond: (id = 8200709)

table 7 : explain DELETE FROM sbtest7 WHERE id=8014835
	Delete on sbtest7  (cost=0.43..8.45 rows=0 width=0)
	  ->  Index Scan using sbtest7_pkey on sbtest7  (cost=0.43..8.45 rows=1 width=6)
	        Index Cond: (id = 8014835)

table 8 : explain DELETE FROM sbtest8 WHERE id=5977759
	Delete on sbtest8  (cost=0.43..8.45 rows=0 width=0)
	  ->  Index Scan using sbtest8_pkey on sbtest8  (cost=0.43..8.45 rows=1 width=6)
	        Index Cond: (id = 5977759)

explain: for non_index_updates :: explain UPDATE sbtest%u SET c='foobar' WHERE id=%u
for: sum_ranges
table 1 : explain SELECT SUM(k) FROM sbtest1 WHERE id BETWEEN 768712 AND 768811
	Aggregate  (cost=405.85..405.86 rows=1 width=8)
	  ->  Index Scan using sbtest1_pkey on sbtest1  (cost=0.43..405.59 rows=105 width=4)
	        Index Cond: ((id >= 768712) AND (id <= 768811))

table 2 : explain SELECT SUM(k) FROM sbtest2 WHERE id BETWEEN 9206891 AND 9206990
	Aggregate  (cost=377.02..377.03 rows=1 width=8)
	  ->  Index Scan using sbtest2_pkey on sbtest2  (cost=0.43..376.78 rows=97 width=4)
	        Index Cond: ((id >= 9206891) AND (id <= 9206990))

table 3 : explain SELECT SUM(k) FROM sbtest3 WHERE id BETWEEN 1812554 AND 1812653
	Aggregate  (cost=363.03..363.04 rows=1 width=8)
	  ->  Index Scan using sbtest3_pkey on sbtest3  (cost=0.43..362.80 rows=94 width=4)
	        Index Cond: ((id >= 1812554) AND (id <= 1812653))

table 4 : explain SELECT SUM(k) FROM sbtest4 WHERE id BETWEEN 6810074 AND 6810173
	Aggregate  (cost=390.29..390.30 rows=1 width=8)
	  ->  Index Scan using sbtest4_pkey on sbtest4  (cost=0.43..390.04 rows=101 width=4)
	        Index Cond: ((id >= 6810074) AND (id <= 6810173))

table 5 : explain SELECT SUM(k) FROM sbtest5 WHERE id BETWEEN 4421940 AND 4422039
	Aggregate  (cost=380.94..380.95 rows=1 width=8)
	  ->  Index Scan using sbtest5_pkey on sbtest5  (cost=0.43..380.70 rows=99 width=4)
	        Index Cond: ((id >= 4421940) AND (id <= 4422039))

table 6 : explain SELECT SUM(k) FROM sbtest6 WHERE id BETWEEN 3984902 AND 3985001
	Aggregate  (cost=372.03..372.04 rows=1 width=8)
	  ->  Index Scan using sbtest6_pkey on sbtest6  (cost=0.43..371.79 rows=96 width=4)
	        Index Cond: ((id >= 3984902) AND (id <= 3985001))

table 7 : explain SELECT SUM(k) FROM sbtest7 WHERE id BETWEEN 9109468 AND 9109567
	Aggregate  (cost=397.79..397.80 rows=1 width=8)
	  ->  Index Scan using sbtest7_pkey on sbtest7  (cost=0.43..397.53 rows=103 width=4)
	        Index Cond: ((id >= 9109468) AND (id <= 9109567))

table 8 : explain SELECT SUM(k) FROM sbtest8 WHERE id BETWEEN 5599746 AND 5599845
	Aggregate  (cost=383.46..383.47 rows=1 width=8)
	  ->  Index Scan using sbtest8_pkey on sbtest8  (cost=0.43..383.22 rows=99 width=4)
	        Index Cond: ((id >= 5599746) AND (id <= 5599845))

for inserts
table 1 : explain INSERT INTO sbtest1 (id, k, c, pad) VALUES (5479987, 13, 'foobar', 'foobar')
	Insert on sbtest1  (cost=0.00..0.01 rows=0 width=0)
	  ->  Result  (cost=0.00..0.01 rows=1 width=736)

table 2 : explain INSERT INTO sbtest2 (id, k, c, pad) VALUES (7508794, 13, 'foobar', 'foobar')
	Insert on sbtest2  (cost=0.00..0.01 rows=0 width=0)
	  ->  Result  (cost=0.00..0.01 rows=1 width=736)

table 3 : explain INSERT INTO sbtest3 (id, k, c, pad) VALUES (7736159, 13, 'foobar', 'foobar')
	Insert on sbtest3  (cost=0.00..0.01 rows=0 width=0)
	  ->  Result  (cost=0.00..0.01 rows=1 width=736)

table 4 : explain INSERT INTO sbtest4 (id, k, c, pad) VALUES (5899420, 13, 'foobar', 'foobar')
	Insert on sbtest4  (cost=0.00..0.01 rows=0 width=0)
	  ->  Result  (cost=0.00..0.01 rows=1 width=736)

table 5 : explain INSERT INTO sbtest5 (id, k, c, pad) VALUES (4468485, 13, 'foobar', 'foobar')
	Insert on sbtest5  (cost=0.00..0.01 rows=0 width=0)
	  ->  Result  (cost=0.00..0.01 rows=1 width=736)

table 6 : explain INSERT INTO sbtest6 (id, k, c, pad) VALUES (3114443, 13, 'foobar', 'foobar')
	Insert on sbtest6  (cost=0.00..0.01 rows=0 width=0)
	  ->  Result  (cost=0.00..0.01 rows=1 width=736)

table 7 : explain INSERT INTO sbtest7 (id, k, c, pad) VALUES (7060389, 13, 'foobar', 'foobar')
	Insert on sbtest7  (cost=0.00..0.01 rows=0 width=0)
	  ->  Result  (cost=0.00..0.01 rows=1 width=736)

table 8 : explain INSERT INTO sbtest8 (id, k, c, pad) VALUES (2118010, 13, 'foobar', 'foobar')
	Insert on sbtest8  (cost=0.00..0.01 rows=0 width=0)
	  ->  Result  (cost=0.00..0.01 rows=1 width=736)

for: sum_ranges
table 1 : explain SELECT SUM(k) FROM sbtest1 WHERE id BETWEEN 5808657 AND 5808756
	Aggregate  (cost=367.66..367.67 rows=1 width=8)
	  ->  Index Scan using sbtest1_pkey on sbtest1  (cost=0.43..367.42 rows=95 width=4)
	        Index Cond: ((id >= 5808657) AND (id <= 5808756))

table 2 : explain SELECT SUM(k) FROM sbtest2 WHERE id BETWEEN 8235693 AND 8235792
	Aggregate  (cost=380.86..380.87 rows=1 width=8)
	  ->  Index Scan using sbtest2_pkey on sbtest2  (cost=0.43..380.61 rows=98 width=4)
	        Index Cond: ((id >= 8235693) AND (id <= 8235792))

table 3 : explain SELECT SUM(k) FROM sbtest3 WHERE id BETWEEN 3797481 AND 3797580
	Aggregate  (cost=397.33..397.34 rows=1 width=8)
	  ->  Index Scan using sbtest3_pkey on sbtest3  (cost=0.43..397.07 rows=103 width=4)
	        Index Cond: ((id >= 3797481) AND (id <= 3797580))

table 4 : explain SELECT SUM(k) FROM sbtest4 WHERE id BETWEEN 9536914 AND 9537013
	Aggregate  (cost=348.26..348.27 rows=1 width=8)
	  ->  Index Scan using sbtest4_pkey on sbtest4  (cost=0.43..348.03 rows=90 width=4)
	        Index Cond: ((id >= 9536914) AND (id <= 9537013))

table 5 : explain SELECT SUM(k) FROM sbtest5 WHERE id BETWEEN 5001793 AND 5001892
	Aggregate  (cost=361.95..361.96 rows=1 width=8)
	  ->  Index Scan using sbtest5_pkey on sbtest5  (cost=0.43..361.71 rows=94 width=4)
	        Index Cond: ((id >= 5001793) AND (id <= 5001892))

table 6 : explain SELECT SUM(k) FROM sbtest6 WHERE id BETWEEN 6509593 AND 6509692
	Aggregate  (cost=391.16..391.17 rows=1 width=8)
	  ->  Index Scan using sbtest6_pkey on sbtest6  (cost=0.43..390.91 rows=101 width=4)
	        Index Cond: ((id >= 6509593) AND (id <= 6509692))

table 7 : explain SELECT SUM(k) FROM sbtest7 WHERE id BETWEEN 4531515 AND 4531614
	Aggregate  (cost=371.08..371.09 rows=1 width=8)
	  ->  Index Scan using sbtest7_pkey on sbtest7  (cost=0.43..370.84 rows=96 width=4)
	        Index Cond: ((id >= 4531515) AND (id <= 4531614))

table 8 : explain SELECT SUM(k) FROM sbtest8 WHERE id BETWEEN 5105791 AND 5105890
	Aggregate  (cost=391.11..391.12 rows=1 width=8)
	  ->  Index Scan using sbtest8_pkey on sbtest8  (cost=0.43..390.86 rows=101 width=4)
	        Index Cond: ((id >= 5105791) AND (id <= 5105890))

for: simple_ranges
table 1 : explain SELECT c FROM sbtest1 WHERE id BETWEEN 1288580 AND 1288679
	Index Scan using sbtest1_pkey on sbtest1  (cost=0.43..367.42 rows=95 width=121)
	  Index Cond: ((id >= 1288580) AND (id <= 1288679))

table 2 : explain SELECT c FROM sbtest2 WHERE id BETWEEN 5090709 AND 5090808
	Index Scan using sbtest2_pkey on sbtest2  (cost=0.43..388.28 rows=100 width=121)
	  Index Cond: ((id >= 5090709) AND (id <= 5090808))

table 3 : explain SELECT c FROM sbtest3 WHERE id BETWEEN 8971338 AND 8971437
	Index Scan using sbtest3_pkey on sbtest3  (cost=0.43..370.41 rows=96 width=121)
	  Index Cond: ((id >= 8971338) AND (id <= 8971437))

table 4 : explain SELECT c FROM sbtest4 WHERE id BETWEEN 8069539 AND 8069638
	Index Scan using sbtest4_pkey on sbtest4  (cost=0.43..412.93 rows=107 width=121)
	  Index Cond: ((id >= 8069539) AND (id <= 8069638))

table 5 : explain SELECT c FROM sbtest5 WHERE id BETWEEN 4062926 AND 4063025
	Index Scan using sbtest5_pkey on sbtest5  (cost=0.43..361.71 rows=94 width=121)
	  Index Cond: ((id >= 4062926) AND (id <= 4063025))

table 6 : explain SELECT c FROM sbtest6 WHERE id BETWEEN 1459656 AND 1459755
	Index Scan using sbtest6_pkey on sbtest6  (cost=0.43..364.15 rows=94 width=121)
	  Index Cond: ((id >= 1459656) AND (id <= 1459755))

table 7 : explain SELECT c FROM sbtest7 WHERE id BETWEEN 3680840 AND 3680939
	Index Scan using sbtest7_pkey on sbtest7  (cost=0.43..378.47 rows=98 width=121)
	  Index Cond: ((id >= 3680840) AND (id <= 3680939))

table 8 : explain SELECT c FROM sbtest8 WHERE id BETWEEN 3524632 AND 3524731
	Index Scan using sbtest8_pkey on sbtest8  (cost=0.43..390.86 rows=101 width=121)
	  Index Cond: ((id >= 3524632) AND (id <= 3524731))

for non_index_updates
table 1 : explain UPDATE sbtest1 SET c='foobar' WHERE id=7706622
	Update on sbtest1  (cost=0.43..8.45 rows=0 width=0)
	  ->  Index Scan using sbtest1_pkey on sbtest1  (cost=0.43..8.45 rows=1 width=490)
	        Index Cond: (id = 7706622)

table 2 : explain UPDATE sbtest2 SET c='foobar' WHERE id=2942220
	Update on sbtest2  (cost=0.43..8.45 rows=0 width=0)
	  ->  Index Scan using sbtest2_pkey on sbtest2  (cost=0.43..8.45 rows=1 width=490)
	        Index Cond: (id = 2942220)

table 3 : explain UPDATE sbtest3 SET c='foobar' WHERE id=7872018
	Update on sbtest3  (cost=0.43..8.45 rows=0 width=0)
	  ->  Index Scan using sbtest3_pkey on sbtest3  (cost=0.43..8.45 rows=1 width=490)
	        Index Cond: (id = 7872018)

table 4 : explain UPDATE sbtest4 SET c='foobar' WHERE id=977954
	Update on sbtest4  (cost=0.43..8.45 rows=0 width=0)
	  ->  Index Scan using sbtest4_pkey on sbtest4  (cost=0.43..8.45 rows=1 width=490)
	        Index Cond: (id = 977954)

table 5 : explain UPDATE sbtest5 SET c='foobar' WHERE id=5483762
	Update on sbtest5  (cost=0.43..8.45 rows=0 width=0)
	  ->  Index Scan using sbtest5_pkey on sbtest5  (cost=0.43..8.45 rows=1 width=490)
	        Index Cond: (id = 5483762)

table 6 : explain UPDATE sbtest6 SET c='foobar' WHERE id=6636091
	Update on sbtest6  (cost=0.43..8.45 rows=0 width=0)
	  ->  Index Scan using sbtest6_pkey on sbtest6  (cost=0.43..8.45 rows=1 width=490)
	        Index Cond: (id = 6636091)

table 7 : explain UPDATE sbtest7 SET c='foobar' WHERE id=2729236
	Update on sbtest7  (cost=0.43..8.45 rows=0 width=0)
	  ->  Index Scan using sbtest7_pkey on sbtest7  (cost=0.43..8.45 rows=1 width=490)
	        Index Cond: (id = 2729236)

table 8 : explain UPDATE sbtest8 SET c='foobar' WHERE id=7321868
	Update on sbtest8  (cost=0.43..8.45 rows=0 width=0)
	  ->  Index Scan using sbtest8_pkey on sbtest8  (cost=0.43..8.45 rows=1 width=490)
	        Index Cond: (id = 7321868)

for: distinct_ranges
table 1 : explain SELECT DISTINCT c FROM sbtest1 WHERE id BETWEEN 7306934 AND 7307033 ORDER BY c
	Unique  (cost=355.06..355.52 rows=91 width=121)
	  ->  Sort  (cost=355.06..355.29 rows=91 width=121)
	        Sort Key: c
	        ->  Index Scan using sbtest1_pkey on sbtest1  (cost=0.43..352.10 rows=91 width=121)
	              Index Cond: ((id >= 7306934) AND (id <= 7307033))

table 2 : explain SELECT DISTINCT c FROM sbtest2 WHERE id BETWEEN 6125572 AND 6125671 ORDER BY c
	Unique  (cost=387.73..388.23 rows=99 width=121)
	  ->  Sort  (cost=387.73..387.98 rows=99 width=121)
	        Sort Key: c
	        ->  Index Scan using sbtest2_pkey on sbtest2  (cost=0.43..384.45 rows=99 width=121)
	              Index Cond: ((id >= 6125572) AND (id <= 6125671))

table 3 : explain SELECT DISTINCT c FROM sbtest3 WHERE id BETWEEN 1459598 AND 1459697 ORDER BY c
	Unique  (cost=404.36..404.88 rows=104 width=121)
	  ->  Sort  (cost=404.36..404.62 rows=104 width=121)
	        Sort Key: c
	        ->  Index Scan using sbtest3_pkey on sbtest3  (cost=0.43..400.88 rows=104 width=121)
	              Index Cond: ((id >= 1459598) AND (id <= 1459697))

table 4 : explain SELECT DISTINCT c FROM sbtest4 WHERE id BETWEEN 9102848 AND 9102947 ORDER BY c
	Unique  (cost=358.66..359.12 rows=92 width=121)
	  ->  Sort  (cost=358.66..358.89 rows=92 width=121)
	        Sort Key: c
	        ->  Index Scan using sbtest4_pkey on sbtest4  (cost=0.43..355.66 rows=92 width=121)
	              Index Cond: ((id >= 9102848) AND (id <= 9102947))

table 5 : explain SELECT DISTINCT c FROM sbtest5 WHERE id BETWEEN 6713718 AND 6713817 ORDER BY c
	Unique  (cost=445.38..445.95 rows=115 width=121)
	  ->  Sort  (cost=445.38..445.67 rows=115 width=121)
	        Sort Key: c
	        ->  Index Scan using sbtest5_pkey on sbtest5  (cost=0.43..441.44 rows=115 width=121)
	              Index Cond: ((id >= 6713718) AND (id <= 6713817))

table 6 : explain SELECT DISTINCT c FROM sbtest6 WHERE id BETWEEN 8090376 AND 8090475 ORDER BY c
	Unique  (cost=405.86..406.38 rows=104 width=121)
	  ->  Sort  (cost=405.86..406.12 rows=104 width=121)
	        Sort Key: c
	        ->  Index Scan using sbtest6_pkey on sbtest6  (cost=0.43..402.38 rows=104 width=121)
	              Index Cond: ((id >= 8090376) AND (id <= 8090475))

table 7 : explain SELECT DISTINCT c FROM sbtest7 WHERE id BETWEEN 5732336 AND 5732435 ORDER BY c
	Unique  (cost=400.98..401.49 rows=103 width=121)
	  ->  Sort  (cost=400.98..401.23 rows=103 width=121)
	        Sort Key: c
	        ->  Index Scan using sbtest7_pkey on sbtest7  (cost=0.43..397.53 rows=103 width=121)
	              Index Cond: ((id >= 5732336) AND (id <= 5732435))

table 8 : explain SELECT DISTINCT c FROM sbtest8 WHERE id BETWEEN 711332 AND 711431 ORDER BY c
	Unique  (cost=405.81..406.33 rows=104 width=121)
	  ->  Sort  (cost=405.81..406.07 rows=104 width=121)
	        Sort Key: c
	        ->  Index Scan using sbtest8_pkey on sbtest8  (cost=0.43..402.33 rows=104 width=121)
	              Index Cond: ((id >= 711332) AND (id <= 711431))

for: distinct_ranges
table 1 : explain SELECT DISTINCT c FROM sbtest1 WHERE id BETWEEN 8074541 AND 8074640 ORDER BY c
	Unique  (cost=355.06..355.52 rows=91 width=121)
	  ->  Sort  (cost=355.06..355.29 rows=91 width=121)
	        Sort Key: c
	        ->  Index Scan using sbtest1_pkey on sbtest1  (cost=0.43..352.10 rows=91 width=121)
	              Index Cond: ((id >= 8074541) AND (id <= 8074640))

table 2 : explain SELECT DISTINCT c FROM sbtest2 WHERE id BETWEEN 8503344 AND 8503443 ORDER BY c
	Unique  (cost=414.86..415.39 rows=106 width=121)
	  ->  Sort  (cost=414.86..415.13 rows=106 width=121)
	        Sort Key: c
	        ->  Index Scan using sbtest2_pkey on sbtest2  (cost=0.43..411.30 rows=106 width=121)
	              Index Cond: ((id >= 8503344) AND (id <= 8503443))

table 3 : explain SELECT DISTINCT c FROM sbtest3 WHERE id BETWEEN 1485594 AND 1485693 ORDER BY c
	Unique  (cost=404.36..404.88 rows=104 width=121)
	  ->  Sort  (cost=404.36..404.62 rows=104 width=121)
	        Sort Key: c
	        ->  Index Scan using sbtest3_pkey on sbtest3  (cost=0.43..400.88 rows=104 width=121)
	              Index Cond: ((id >= 1485594) AND (id <= 1485693))

table 4 : explain SELECT DISTINCT c FROM sbtest4 WHERE id BETWEEN 7601942 AND 7602041 ORDER BY c
	Unique  (cost=389.55..390.05 rows=100 width=121)
	  ->  Sort  (cost=389.55..389.80 rows=100 width=121)
	        Sort Key: c
	        ->  Index Scan using sbtest4_pkey on sbtest4  (cost=0.43..386.23 rows=100 width=121)
	              Index Cond: ((id >= 7601942) AND (id <= 7602041))

table 5 : explain SELECT DISTINCT c FROM sbtest5 WHERE id BETWEEN 5549441 AND 5549540 ORDER BY c
	Unique  (cost=407.00..407.53 rows=105 width=121)
	  ->  Sort  (cost=407.00..407.26 rows=105 width=121)
	        Sort Key: c
	        ->  Index Scan using sbtest5_pkey on sbtest5  (cost=0.43..403.48 rows=105 width=121)
	              Index Cond: ((id >= 5549441) AND (id <= 5549540))

table 6 : explain SELECT DISTINCT c FROM sbtest6 WHERE id BETWEEN 129581 AND 129680 ORDER BY c
	Unique  (cost=436.77..437.33 rows=112 width=121)
	  ->  Sort  (cost=436.77..437.05 rows=112 width=121)
	        Sort Key: c
	        ->  Index Scan using sbtest6_pkey on sbtest6  (cost=0.43..432.96 rows=112 width=121)
	              Index Cond: ((id >= 129581) AND (id <= 129680))

table 7 : explain SELECT DISTINCT c FROM sbtest7 WHERE id BETWEEN 8233370 AND 8233469 ORDER BY c
	Unique  (cost=377.85..378.34 rows=97 width=121)
	  ->  Sort  (cost=377.85..378.10 rows=97 width=121)
	        Sort Key: c
	        ->  Index Scan using sbtest7_pkey on sbtest7  (cost=0.43..374.65 rows=97 width=121)
	              Index Cond: ((id >= 8233370) AND (id <= 8233469))

table 8 : explain SELECT DISTINCT c FROM sbtest8 WHERE id BETWEEN 5553202 AND 5553301 ORDER BY c
	Unique  (cost=367.18..367.65 rows=94 width=121)
	  ->  Sort  (cost=367.18..367.42 rows=94 width=121)
	        Sort Key: c
	        ->  Index Scan using sbtest8_pkey on sbtest8  (cost=0.43..364.10 rows=94 width=121)
	              Index Cond: ((id >= 5553202) AND (id <= 5553301))

for point_selects
table 1 : explain SELECT c FROM sbtest1 WHERE id=7874109
	Index Scan using sbtest1_pkey on sbtest1  (cost=0.43..8.45 rows=1 width=121)
	  Index Cond: (id = 7874109)

table 2 : explain SELECT c FROM sbtest2 WHERE id=7456293
	Index Scan using sbtest2_pkey on sbtest2  (cost=0.43..8.45 rows=1 width=121)
	  Index Cond: (id = 7456293)

table 3 : explain SELECT c FROM sbtest3 WHERE id=8932446
	Index Scan using sbtest3_pkey on sbtest3  (cost=0.43..8.45 rows=1 width=121)
	  Index Cond: (id = 8932446)

table 4 : explain SELECT c FROM sbtest4 WHERE id=1131611
	Index Scan using sbtest4_pkey on sbtest4  (cost=0.43..8.45 rows=1 width=121)
	  Index Cond: (id = 1131611)

table 5 : explain SELECT c FROM sbtest5 WHERE id=1467408
	Index Scan using sbtest5_pkey on sbtest5  (cost=0.43..8.45 rows=1 width=121)
	  Index Cond: (id = 1467408)

table 6 : explain SELECT c FROM sbtest6 WHERE id=1453976
	Index Scan using sbtest6_pkey on sbtest6  (cost=0.43..8.45 rows=1 width=121)
	  Index Cond: (id = 1453976)

table 7 : explain SELECT c FROM sbtest7 WHERE id=9508634
	Index Scan using sbtest7_pkey on sbtest7  (cost=0.43..8.45 rows=1 width=121)
	  Index Cond: (id = 9508634)

table 8 : explain SELECT c FROM sbtest8 WHERE id=6267491
	Index Scan using sbtest8_pkey on sbtest8  (cost=0.43..8.45 rows=1 width=121)
	  Index Cond: (id = 6267491)

explain: for index_updates :: explain UPDATE sbtest%u SET k=k+1 WHERE id=%u
explain: for index_updates :: explain UPDATE sbtest%u SET k=k+1 WHERE id=%u
for: order_ranges
table 1 : explain SELECT c FROM sbtest1 WHERE id BETWEEN 9545071 AND 9545170 ORDER BY c
	Sort  (cost=397.54..397.80 rows=102 width=121)
	  Sort Key: c
	  ->  Index Scan using sbtest1_pkey on sbtest1  (cost=0.43..394.14 rows=102 width=121)
	        Index Cond: ((id >= 9545071) AND (id <= 9545170))

table 2 : explain SELECT c FROM sbtest2 WHERE id BETWEEN 4198930 AND 4199029 ORDER BY c
	Sort  (cost=403.23..403.49 rows=103 width=121)
	  Sort Key: c
	  ->  Index Scan using sbtest2_pkey on sbtest2  (cost=0.43..399.79 rows=103 width=121)
	        Index Cond: ((id >= 4198930) AND (id <= 4199029))

table 3 : explain SELECT c FROM sbtest3 WHERE id BETWEEN 6240144 AND 6240243 ORDER BY c
	Sort  (cost=346.58..346.80 rows=89 width=121)
	  Sort Key: c
	  ->  Index Scan using sbtest3_pkey on sbtest3  (cost=0.43..343.70 rows=89 width=121)
	        Index Cond: ((id >= 6240144) AND (id <= 6240243))

table 4 : explain SELECT c FROM sbtest4 WHERE id BETWEEN 5039285 AND 5039384 ORDER BY c
	Sort  (cost=416.53..416.80 rows=107 width=121)
	  Sort Key: c
	  ->  Index Scan using sbtest4_pkey on sbtest4  (cost=0.43..412.93 rows=107 width=121)
	        Index Cond: ((id >= 5039285) AND (id <= 5039384))

table 5 : explain SELECT c FROM sbtest5 WHERE id BETWEEN 7411856 AND 7411955 ORDER BY c
	Sort  (cost=403.16..403.42 rows=104 width=121)
	  Sort Key: c
	  ->  Index Scan using sbtest5_pkey on sbtest5  (cost=0.43..399.68 rows=104 width=121)
	        Index Cond: ((id >= 7411856) AND (id <= 7411955))

table 6 : explain SELECT c FROM sbtest6 WHERE id BETWEEN 6685032 AND 6685131 ORDER BY c
	Sort  (cost=382.68..382.92 rows=98 width=121)
	  Sort Key: c
	  ->  Index Scan using sbtest6_pkey on sbtest6  (cost=0.43..379.44 rows=98 width=121)
	        Index Cond: ((id >= 6685032) AND (id <= 6685131))

table 7 : explain SELECT c FROM sbtest7 WHERE id BETWEEN 2525120 AND 2525219 ORDER BY c
	Sort  (cost=389.41..389.66 rows=100 width=121)
	  Sort Key: c
	  ->  Index Scan using sbtest7_pkey on sbtest7  (cost=0.43..386.09 rows=100 width=121)
	        Index Cond: ((id >= 2525120) AND (id <= 2525219))

table 8 : explain SELECT c FROM sbtest8 WHERE id BETWEEN 4073956 AND 4074055 ORDER BY c
	Sort  (cost=401.95..402.21 rows=103 width=121)
	  Sort Key: c
	  ->  Index Scan using sbtest8_pkey on sbtest8  (cost=0.43..398.51 rows=103 width=121)
	        Index Cond: ((id >= 4073956) AND (id <= 4074055))

explain: for inserts :: explain INSERT INTO sbtest%u (id, k, c, pad) VALUES (%u, 13, 'foobar', 'foobar')
for: distinct_ranges
table 1 : explain SELECT DISTINCT c FROM sbtest1 WHERE id BETWEEN 7428048 AND 7428147 ORDER BY c
	Unique  (cost=385.97..386.46 rows=99 width=121)
	  ->  Sort  (cost=385.97..386.22 rows=99 width=121)
	        Sort Key: c
	        ->  Index Scan using sbtest1_pkey on sbtest1  (cost=0.43..382.69 rows=99 width=121)
	              Index Cond: ((id >= 7428048) AND (id <= 7428147))

table 2 : explain SELECT DISTINCT c FROM sbtest2 WHERE id BETWEEN 9504543 AND 9504642 ORDER BY c
	Unique  (cost=395.48..395.99 rows=101 width=121)
	  ->  Sort  (cost=395.48..395.73 rows=101 width=121)
	        Sort Key: c
	        ->  Index Scan using sbtest2_pkey on sbtest2  (cost=0.43..392.12 rows=101 width=121)
	              Index Cond: ((id >= 9504543) AND (id <= 9504642))

table 3 : explain SELECT DISTINCT c FROM sbtest3 WHERE id BETWEEN 5409342 AND 5409441 ORDER BY c
	Unique  (cost=400.51..401.03 rows=103 width=121)
	  ->  Sort  (cost=400.51..400.77 rows=103 width=121)
	        Sort Key: c
	        ->  Index Scan using sbtest3_pkey on sbtest3  (cost=0.43..397.07 rows=103 width=121)
	              Index Cond: ((id >= 5409342) AND (id <= 5409441))

table 4 : explain SELECT DISTINCT c FROM sbtest4 WHERE id BETWEEN 2514074 AND 2514173 ORDER BY c
	Unique  (cost=370.28..370.75 rows=95 width=121)
	  ->  Sort  (cost=370.28..370.51 rows=95 width=121)
	        Sort Key: c
	        ->  Index Scan using sbtest4_pkey on sbtest4  (cost=0.43..367.16 rows=95 width=121)
	              Index Cond: ((id >= 2514074) AND (id <= 2514173))

table 5 : explain SELECT DISTINCT c FROM sbtest5 WHERE id BETWEEN 1426345 AND 1426444 ORDER BY c
	Unique  (cost=368.63..369.10 rows=95 width=121)
	  ->  Sort  (cost=368.63..368.87 rows=95 width=121)
	        Sort Key: c
	        ->  Index Scan using sbtest5_pkey on sbtest5  (cost=0.43..365.51 rows=95 width=121)
	              Index Cond: ((id >= 1426345) AND (id <= 1426444))

table 6 : explain SELECT DISTINCT c FROM sbtest6 WHERE id BETWEEN 9820074 AND 9820173 ORDER BY c
	Unique  (cost=394.27..394.77 rows=101 width=121)
	  ->  Sort  (cost=394.27..394.52 rows=101 width=121)
	        Sort Key: c
	        ->  Index Scan using sbtest6_pkey on sbtest6  (cost=0.43..390.91 rows=101 width=121)
	              Index Cond: ((id >= 9820074) AND (id <= 9820173))

table 7 : explain SELECT DISTINCT c FROM sbtest7 WHERE id BETWEEN 5661534 AND 5661633 ORDER BY c
	Unique  (cost=408.68..409.21 rows=105 width=121)
	  ->  Sort  (cost=408.68..408.95 rows=105 width=121)
	        Sort Key: c
	        ->  Index Scan using sbtest7_pkey on sbtest7  (cost=0.43..405.16 rows=105 width=121)
	              Index Cond: ((id >= 5661534) AND (id <= 5661633))

table 8 : explain SELECT DISTINCT c FROM sbtest8 WHERE id BETWEEN 292525 AND 292624 ORDER BY c
	Unique  (cost=398.09..398.60 rows=102 width=121)
	  ->  Sort  (cost=398.09..398.34 rows=102 width=121)
	        Sort Key: c
	        ->  Index Scan using sbtest8_pkey on sbtest8  (cost=0.43..394.68 rows=102 width=121)
	              Index Cond: ((id >= 292525) AND (id <= 292624))

for: distinct_ranges
table 1 : explain SELECT DISTINCT c FROM sbtest1 WHERE id BETWEEN 8266943 AND 8267042 ORDER BY c
	Unique  (cost=389.83..390.33 rows=100 width=121)
	  ->  Sort  (cost=389.83..390.08 rows=100 width=121)
	        Sort Key: c
	        ->  Index Scan using sbtest1_pkey on sbtest1  (cost=0.43..386.50 rows=100 width=121)
	              Index Cond: ((id >= 8266943) AND (id <= 8267042))

table 2 : explain SELECT DISTINCT c FROM sbtest2 WHERE id BETWEEN 7916213 AND 7916312 ORDER BY c
	Unique  (cost=383.85..384.34 rows=98 width=121)
	  ->  Sort  (cost=383.85..384.10 rows=98 width=121)
	        Sort Key: c
	        ->  Index Scan using sbtest2_pkey on sbtest2  (cost=0.43..380.61 rows=98 width=121)
	              Index Cond: ((id >= 7916213) AND (id <= 7916312))

table 3 : explain SELECT DISTINCT c FROM sbtest3 WHERE id BETWEEN 94117 AND 94216 ORDER BY c
	Unique  (cost=419.76..420.30 rows=108 width=121)
	  ->  Sort  (cost=419.76..420.03 rows=108 width=121)
	        Sort Key: c
	        ->  Index Scan using sbtest3_pkey on sbtest3  (cost=0.43..416.11 rows=108 width=121)
	              Index Cond: ((id >= 94117) AND (id <= 94216))

table 4 : explain SELECT DISTINCT c FROM sbtest4 WHERE id BETWEEN 6753284 AND 6753383 ORDER BY c
	Unique  (cost=408.82..409.35 rows=105 width=121)
	  ->  Sort  (cost=408.82..409.09 rows=105 width=121)
	        Sort Key: c
	        ->  Index Scan using sbtest4_pkey on sbtest4  (cost=0.43..405.30 rows=105 width=121)
	              Index Cond: ((id >= 6753284) AND (id <= 6753383))

table 5 : explain SELECT DISTINCT c FROM sbtest5 WHERE id BETWEEN 2650479 AND 2650578 ORDER BY c
	Unique  (cost=387.81..388.31 rows=100 width=121)
	  ->  Sort  (cost=387.81..388.06 rows=100 width=121)
	        Sort Key: c
	        ->  Index Scan using sbtest5_pkey on sbtest5  (cost=0.43..384.49 rows=100 width=121)
	              Index Cond: ((id >= 2650479) AND (id <= 2650578))

table 6 : explain SELECT DISTINCT c FROM sbtest6 WHERE id BETWEEN 2268858 AND 2268957 ORDER BY c
	Unique  (cost=378.82..379.30 rows=97 width=121)
	  ->  Sort  (cost=378.82..379.06 rows=97 width=121)
	        Sort Key: c
	        ->  Index Scan using sbtest6_pkey on sbtest6  (cost=0.43..375.62 rows=97 width=121)
	              Index Cond: ((id >= 2268858) AND (id <= 2268957))

table 7 : explain SELECT DISTINCT c FROM sbtest7 WHERE id BETWEEN 3712965 AND 3713064 ORDER BY c
	Unique  (cost=408.68..409.21 rows=105 width=121)
	  ->  Sort  (cost=408.68..408.95 rows=105 width=121)
	        Sort Key: c
	        ->  Index Scan using sbtest7_pkey on sbtest7  (cost=0.43..405.16 rows=105 width=121)
	              Index Cond: ((id >= 3712965) AND (id <= 3713064))

table 8 : explain SELECT DISTINCT c FROM sbtest8 WHERE id BETWEEN 8359089 AND 8359188 ORDER BY c
	Unique  (cost=390.36..390.86 rows=100 width=121)
	  ->  Sort  (cost=390.36..390.61 rows=100 width=121)
	        Sort Key: c
	        ->  Index Scan using sbtest8_pkey on sbtest8  (cost=0.43..387.04 rows=100 width=121)
	              Index Cond: ((id >= 8359089) AND (id <= 8359188))

for index_updates
table 1 : explain UPDATE sbtest1 SET k=k+1 WHERE id=5723714
	Update on sbtest1  (cost=0.43..8.46 rows=0 width=0)
	  ->  Index Scan using sbtest1_pkey on sbtest1  (cost=0.43..8.46 rows=1 width=10)
	        Index Cond: (id = 5723714)

table 2 : explain UPDATE sbtest2 SET k=k+1 WHERE id=3787338
	Update on sbtest2  (cost=0.43..8.46 rows=0 width=0)
	  ->  Index Scan using sbtest2_pkey on sbtest2  (cost=0.43..8.46 rows=1 width=10)
	        Index Cond: (id = 3787338)

table 3 : explain UPDATE sbtest3 SET k=k+1 WHERE id=6476481
	Update on sbtest3  (cost=0.43..8.46 rows=0 width=0)
	  ->  Index Scan using sbtest3_pkey on sbtest3  (cost=0.43..8.46 rows=1 width=10)
	        Index Cond: (id = 6476481)

table 4 : explain UPDATE sbtest4 SET k=k+1 WHERE id=5173956
	Update on sbtest4  (cost=0.43..8.46 rows=0 width=0)
	  ->  Index Scan using sbtest4_pkey on sbtest4  (cost=0.43..8.46 rows=1 width=10)
	        Index Cond: (id = 5173956)

table 5 : explain UPDATE sbtest5 SET k=k+1 WHERE id=9574376
	Update on sbtest5  (cost=0.43..8.46 rows=0 width=0)
	  ->  Index Scan using sbtest5_pkey on sbtest5  (cost=0.43..8.46 rows=1 width=10)
	        Index Cond: (id = 9574376)

table 6 : explain UPDATE sbtest6 SET k=k+1 WHERE id=7879274
	Update on sbtest6  (cost=0.43..8.46 rows=0 width=0)
	  ->  Index Scan using sbtest6_pkey on sbtest6  (cost=0.43..8.46 rows=1 width=10)
	        Index Cond: (id = 7879274)

table 7 : explain UPDATE sbtest7 SET k=k+1 WHERE id=9910453
	Update on sbtest7  (cost=0.43..8.46 rows=0 width=0)
	  ->  Index Scan using sbtest7_pkey on sbtest7  (cost=0.43..8.46 rows=1 width=10)
	        Index Cond: (id = 9910453)

table 8 : explain UPDATE sbtest8 SET k=k+1 WHERE id=7360755
	Update on sbtest8  (cost=0.43..8.46 rows=0 width=0)
	  ->  Index Scan using sbtest8_pkey on sbtest8  (cost=0.43..8.46 rows=1 width=10)
	        Index Cond: (id = 7360755)

for: sum_ranges
table 1 : explain SELECT SUM(k) FROM sbtest1 WHERE id BETWEEN 6523908 AND 6524007
	Aggregate  (cost=348.51..348.52 rows=1 width=8)
	  ->  Index Scan using sbtest1_pkey on sbtest1  (cost=0.43..348.28 rows=90 width=4)
	        Index Cond: ((id >= 6523908) AND (id <= 6524007))

table 2 : explain SELECT SUM(k) FROM sbtest2 WHERE id BETWEEN 6566143 AND 6566242
	Aggregate  (cost=392.37..392.38 rows=1 width=8)
	  ->  Index Scan using sbtest2_pkey on sbtest2  (cost=0.43..392.12 rows=101 width=4)
	        Index Cond: ((id >= 6566143) AND (id <= 6566242))

table 3 : explain SELECT SUM(k) FROM sbtest3 WHERE id BETWEEN 8490625 AND 8490724
	Aggregate  (cost=366.84..366.85 rows=1 width=8)
	  ->  Index Scan using sbtest3_pkey on sbtest3  (cost=0.43..366.60 rows=95 width=4)
	        Index Cond: ((id >= 8490625) AND (id <= 8490724))

table 4 : explain SELECT SUM(k) FROM sbtest4 WHERE id BETWEEN 8536761 AND 8536860
	Aggregate  (cost=401.74..401.75 rows=1 width=8)
	  ->  Index Scan using sbtest4_pkey on sbtest4  (cost=0.43..401.48 rows=104 width=4)
	        Index Cond: ((id >= 8536761) AND (id <= 8536860))

table 5 : explain SELECT SUM(k) FROM sbtest5 WHERE id BETWEEN 4115510 AND 4115609
	Aggregate  (cost=377.14..377.15 rows=1 width=8)
	  ->  Index Scan using sbtest5_pkey on sbtest5  (cost=0.43..376.90 rows=98 width=4)
	        Index Cond: ((id >= 4115510) AND (id <= 4115609))

table 6 : explain SELECT SUM(k) FROM sbtest6 WHERE id BETWEEN 1783811 AND 1783910
	Aggregate  (cost=345.20..345.21 rows=1 width=8)
	  ->  Index Scan using sbtest6_pkey on sbtest6  (cost=0.43..344.98 rows=89 width=4)
	        Index Cond: ((id >= 1783811) AND (id <= 1783910))

table 7 : explain SELECT SUM(k) FROM sbtest7 WHERE id BETWEEN 5643993 AND 5644092
	Aggregate  (cost=405.42..405.43 rows=1 width=8)
	  ->  Index Scan using sbtest7_pkey on sbtest7  (cost=0.43..405.16 rows=105 width=4)
	        Index Cond: ((id >= 5643993) AND (id <= 5644092))

table 8 : explain SELECT SUM(k) FROM sbtest8 WHERE id BETWEEN 3826642 AND 3826741
	Aggregate  (cost=387.29..387.30 rows=1 width=8)
	  ->  Index Scan using sbtest8_pkey on sbtest8  (cost=0.43..387.04 rows=100 width=4)
	        Index Cond: ((id >= 3826642) AND (id <= 3826741))

for: simple_ranges
table 1 : explain SELECT c FROM sbtest1 WHERE id BETWEEN 5736055 AND 5736154
	Index Scan using sbtest1_pkey on sbtest1  (cost=0.43..390.32 rows=101 width=121)
	  Index Cond: ((id >= 5736055) AND (id <= 5736154))

table 2 : explain SELECT c FROM sbtest2 WHERE id BETWEEN 5448768 AND 5448867
	Index Scan using sbtest2_pkey on sbtest2  (cost=0.43..399.79 rows=103 width=121)
	  Index Cond: ((id >= 5448768) AND (id <= 5448867))

table 3 : explain SELECT c FROM sbtest3 WHERE id BETWEEN 3036216 AND 3036315
	Index Scan using sbtest3_pkey on sbtest3  (cost=0.43..366.60 rows=95 width=121)
	  Index Cond: ((id >= 3036216) AND (id <= 3036315))

table 4 : explain SELECT c FROM sbtest4 WHERE id BETWEEN 2711884 AND 2711983
	Index Scan using sbtest4_pkey on sbtest4  (cost=0.43..374.78 rows=97 width=121)
	  Index Cond: ((id >= 2711884) AND (id <= 2711983))

table 5 : explain SELECT c FROM sbtest5 WHERE id BETWEEN 8638889 AND 8638988
	Index Scan using sbtest5_pkey on sbtest5  (cost=0.43..407.27 rows=106 width=121)
	  Index Cond: ((id >= 8638889) AND (id <= 8638988))

table 6 : explain SELECT c FROM sbtest6 WHERE id BETWEEN 8586825 AND 8586924
	Index Scan using sbtest6_pkey on sbtest6  (cost=0.43..383.26 rows=99 width=121)
	  Index Cond: ((id >= 8586825) AND (id <= 8586924))

table 7 : explain SELECT c FROM sbtest7 WHERE id BETWEEN 4014713 AND 4014812
	Index Scan using sbtest7_pkey on sbtest7  (cost=0.43..367.03 rows=95 width=121)
	  Index Cond: ((id >= 4014713) AND (id <= 4014812))

table 8 : explain SELECT c FROM sbtest8 WHERE id BETWEEN 668039 AND 668138
	Index Scan using sbtest8_pkey on sbtest8  (cost=0.43..383.22 rows=99 width=121)
	  Index Cond: ((id >= 668039) AND (id <= 668138))

for: order_ranges
table 1 : explain SELECT c FROM sbtest1 WHERE id BETWEEN 4720514 AND 4720613 ORDER BY c
	Sort  (cost=412.97..413.24 rows=106 width=121)
	  Sort Key: c
	  ->  Index Scan using sbtest1_pkey on sbtest1  (cost=0.43..409.41 rows=106 width=121)
	        Index Cond: ((id >= 4720514) AND (id <= 4720613))

table 2 : explain SELECT c FROM sbtest2 WHERE id BETWEEN 8814477 AND 8814576 ORDER BY c
	Sort  (cost=461.38..461.67 rows=118 width=121)
	  Sort Key: c
	  ->  Index Scan using sbtest2_pkey on sbtest2  (cost=0.43..457.32 rows=118 width=121)
	        Index Cond: ((id >= 8814477) AND (id <= 8814576))

table 3 : explain SELECT c FROM sbtest3 WHERE id BETWEEN 7805679 AND 7805778 ORDER BY c
	Sort  (cost=381.27..381.52 rows=98 width=121)
	  Sort Key: c
	  ->  Index Scan using sbtest3_pkey on sbtest3  (cost=0.43..378.03 rows=98 width=121)
	        Index Cond: ((id >= 7805679) AND (id <= 7805778))

table 4 : explain SELECT c FROM sbtest4 WHERE id BETWEEN 6077543 AND 6077642 ORDER BY c
	Sort  (cost=412.68..412.94 rows=106 width=121)
	  Sort Key: c
	  ->  Index Scan using sbtest4_pkey on sbtest4  (cost=0.43..409.11 rows=106 width=121)
	        Index Cond: ((id >= 6077543) AND (id <= 6077642))

table 5 : explain SELECT c FROM sbtest5 WHERE id BETWEEN 3041223 AND 3041322 ORDER BY c
	Sort  (cost=383.98..384.22 rows=99 width=121)
	  Sort Key: c
	  ->  Index Scan using sbtest5_pkey on sbtest5  (cost=0.43..380.70 rows=99 width=121)
	        Index Cond: ((id >= 3041223) AND (id <= 3041322))

table 6 : explain SELECT c FROM sbtest6 WHERE id BETWEEN 3824843 AND 3824942 ORDER BY c
	Sort  (cost=429.04..429.32 rows=110 width=121)
	  Sort Key: c
	  ->  Index Scan using sbtest6_pkey on sbtest6  (cost=0.43..425.31 rows=110 width=121)
	        Index Cond: ((id >= 3824843) AND (id <= 3824942))

table 7 : explain SELECT c FROM sbtest7 WHERE id BETWEEN 67938 AND 68037 ORDER BY c
	Sort  (cost=397.12..397.38 rows=102 width=121)
	  Sort Key: c
	  ->  Index Scan using sbtest7_pkey on sbtest7  (cost=0.43..393.72 rows=102 width=121)
	        Index Cond: ((id >= 67938) AND (id <= 68037))

table 8 : explain SELECT c FROM sbtest8 WHERE id BETWEEN 5087941 AND 5088040 ORDER BY c
	Sort  (cost=394.22..394.48 rows=101 width=121)
	  Sort Key: c
	  ->  Index Scan using sbtest8_pkey on sbtest8  (cost=0.43..390.86 rows=101 width=121)
	        Index Cond: ((id >= 5087941) AND (id <= 5088040))

explain: for index_updates :: explain UPDATE sbtest%u SET k=k+1 WHERE id=%u
for index_updates
table 1 : explain UPDATE sbtest1 SET k=k+1 WHERE id=2028923
	Update on sbtest1  (cost=0.43..8.46 rows=0 width=0)
	  ->  Index Scan using sbtest1_pkey on sbtest1  (cost=0.43..8.46 rows=1 width=10)
	        Index Cond: (id = 2028923)

table 2 : explain UPDATE sbtest2 SET k=k+1 WHERE id=6432199
	Update on sbtest2  (cost=0.43..8.46 rows=0 width=0)
	  ->  Index Scan using sbtest2_pkey on sbtest2  (cost=0.43..8.46 rows=1 width=10)
	        Index Cond: (id = 6432199)

table 3 : explain UPDATE sbtest3 SET k=k+1 WHERE id=7802824
	Update on sbtest3  (cost=0.43..8.46 rows=0 width=0)
	  ->  Index Scan using sbtest3_pkey on sbtest3  (cost=0.43..8.46 rows=1 width=10)
	        Index Cond: (id = 7802824)

table 4 : explain UPDATE sbtest4 SET k=k+1 WHERE id=25176
	Update on sbtest4  (cost=0.43..8.46 rows=0 width=0)
	  ->  Index Scan using sbtest4_pkey on sbtest4  (cost=0.43..8.46 rows=1 width=10)
	        Index Cond: (id = 25176)

table 5 : explain UPDATE sbtest5 SET k=k+1 WHERE id=3472891
	Update on sbtest5  (cost=0.43..8.46 rows=0 width=0)
	  ->  Index Scan using sbtest5_pkey on sbtest5  (cost=0.43..8.46 rows=1 width=10)
	        Index Cond: (id = 3472891)

table 6 : explain UPDATE sbtest6 SET k=k+1 WHERE id=9648183
	Update on sbtest6  (cost=0.43..8.46 rows=0 width=0)
	  ->  Index Scan using sbtest6_pkey on sbtest6  (cost=0.43..8.46 rows=1 width=10)
	        Index Cond: (id = 9648183)

table 7 : explain UPDATE sbtest7 SET k=k+1 WHERE id=3784033
	Update on sbtest7  (cost=0.43..8.46 rows=0 width=0)
	  ->  Index Scan using sbtest7_pkey on sbtest7  (cost=0.43..8.46 rows=1 width=10)
	        Index Cond: (id = 3784033)

table 8 : explain UPDATE sbtest8 SET k=k+1 WHERE id=9888175
	Update on sbtest8  (cost=0.43..8.46 rows=0 width=0)
	  ->  Index Scan using sbtest8_pkey on sbtest8  (cost=0.43..8.46 rows=1 width=10)
	        Index Cond: (id = 9888175)

for inserts
table 1 : explain INSERT INTO sbtest1 (id, k, c, pad) VALUES (8575754, 13, 'foobar', 'foobar')
	Insert on sbtest1  (cost=0.00..0.01 rows=0 width=0)
	  ->  Result  (cost=0.00..0.01 rows=1 width=736)

table 2 : explain INSERT INTO sbtest2 (id, k, c, pad) VALUES (1376910, 13, 'foobar', 'foobar')
	Insert on sbtest2  (cost=0.00..0.01 rows=0 width=0)
	  ->  Result  (cost=0.00..0.01 rows=1 width=736)

table 3 : explain INSERT INTO sbtest3 (id, k, c, pad) VALUES (5908388, 13, 'foobar', 'foobar')
	Insert on sbtest3  (cost=0.00..0.01 rows=0 width=0)
	  ->  Result  (cost=0.00..0.01 rows=1 width=736)

table 4 : explain INSERT INTO sbtest4 (id, k, c, pad) VALUES (2673918, 13, 'foobar', 'foobar')
	Insert on sbtest4  (cost=0.00..0.01 rows=0 width=0)
	  ->  Result  (cost=0.00..0.01 rows=1 width=736)

table 5 : explain INSERT INTO sbtest5 (id, k, c, pad) VALUES (7060255, 13, 'foobar', 'foobar')
	Insert on sbtest5  (cost=0.00..0.01 rows=0 width=0)
	  ->  Result  (cost=0.00..0.01 rows=1 width=736)

table 6 : explain INSERT INTO sbtest6 (id, k, c, pad) VALUES (2182488, 13, 'foobar', 'foobar')
	Insert on sbtest6  (cost=0.00..0.01 rows=0 width=0)
	  ->  Result  (cost=0.00..0.01 rows=1 width=736)

table 7 : explain INSERT INTO sbtest7 (id, k, c, pad) VALUES (7812053, 13, 'foobar', 'foobar')
	Insert on sbtest7  (cost=0.00..0.01 rows=0 width=0)
	  ->  Result  (cost=0.00..0.01 rows=1 width=736)

table 8 : explain INSERT INTO sbtest8 (id, k, c, pad) VALUES (7440412, 13, 'foobar', 'foobar')
	Insert on sbtest8  (cost=0.00..0.01 rows=0 width=0)
	  ->  Result  (cost=0.00..0.01 rows=1 width=736)

explain: for index_updates :: explain UPDATE sbtest%u SET k=k+1 WHERE id=%u
explain: for non_index_updates :: explain UPDATE sbtest%u SET c='foobar' WHERE id=%u
explain: for point_selects :: explain SELECT c FROM sbtest%u WHERE id=%u
explain: for non_index_updates :: explain UPDATE sbtest%u SET c='foobar' WHERE id=%u
for: distinct_ranges
table 1 : explain SELECT DISTINCT c FROM sbtest1 WHERE id BETWEEN 2152726 AND 2152825 ORDER BY c
	Unique  (cost=385.97..386.46 rows=99 width=121)
	  ->  Sort  (cost=385.97..386.22 rows=99 width=121)
	        Sort Key: c
	        ->  Index Scan using sbtest1_pkey on sbtest1  (cost=0.43..382.69 rows=99 width=121)
	              Index Cond: ((id >= 2152726) AND (id <= 2152825))

table 2 : explain SELECT DISTINCT c FROM sbtest2 WHERE id BETWEEN 2125713 AND 2125812 ORDER BY c
	Unique  (cost=407.11..407.63 rows=104 width=121)
	  ->  Sort  (cost=407.11..407.37 rows=104 width=121)
	        Sort Key: c
	        ->  Index Scan using sbtest2_pkey on sbtest2  (cost=0.43..403.63 rows=104 width=121)
	              Index Cond: ((id >= 2125713) AND (id <= 2125812))

table 3 : explain SELECT DISTINCT c FROM sbtest3 WHERE id BETWEEN 6893999 AND 6894098 ORDER BY c
	Unique  (cost=392.82..393.32 rows=101 width=121)
	  ->  Sort  (cost=392.82..393.07 rows=101 width=121)
	        Sort Key: c
	        ->  Index Scan using sbtest3_pkey on sbtest3  (cost=0.43..389.45 rows=101 width=121)
	              Index Cond: ((id >= 6893999) AND (id <= 6894098))

table 4 : explain SELECT DISTINCT c FROM sbtest4 WHERE id BETWEEN 8776363 AND 8776462 ORDER BY c
	Unique  (cost=370.28..370.75 rows=95 width=121)
	  ->  Sort  (cost=370.28..370.51 rows=95 width=121)
	        Sort Key: c
	        ->  Index Scan using sbtest4_pkey on sbtest4  (cost=0.43..367.16 rows=95 width=121)
	              Index Cond: ((id >= 8776363) AND (id <= 8776462))

table 5 : explain SELECT DISTINCT c FROM sbtest5 WHERE id BETWEEN 648273 AND 648372 ORDER BY c
	Unique  (cost=399.33..399.84 rows=103 width=121)
	  ->  Sort  (cost=399.33..399.58 rows=103 width=121)
	        Sort Key: c
	        ->  Index Scan using sbtest5_pkey on sbtest5  (cost=0.43..395.88 rows=103 width=121)
	              Index Cond: ((id >= 648273) AND (id <= 648372))

table 6 : explain SELECT DISTINCT c FROM sbtest6 WHERE id BETWEEN 8569187 AND 8569286 ORDER BY c
	Unique  (cost=386.54..387.04 rows=99 width=121)
	  ->  Sort  (cost=386.54..386.79 rows=99 width=121)
	        Sort Key: c
	        ->  Index Scan using sbtest6_pkey on sbtest6  (cost=0.43..383.26 rows=99 width=121)
	              Index Cond: ((id >= 8569187) AND (id <= 8569286))

table 7 : explain SELECT DISTINCT c FROM sbtest7 WHERE id BETWEEN 612960 AND 613059 ORDER BY c
	Unique  (cost=374.00..374.48 rows=96 width=121)
	  ->  Sort  (cost=374.00..374.24 rows=96 width=121)
	        Sort Key: c
	        ->  Index Scan using sbtest7_pkey on sbtest7  (cost=0.43..370.84 rows=96 width=121)
	              Index Cond: ((id >= 612960) AND (id <= 613059))

table 8 : explain SELECT DISTINCT c FROM sbtest8 WHERE id BETWEEN 5682018 AND 5682117 ORDER BY c
	Unique  (cost=386.50..386.99 rows=99 width=121)
	  ->  Sort  (cost=386.50..386.74 rows=99 width=121)
	        Sort Key: c
	        ->  Index Scan using sbtest8_pkey on sbtest8  (cost=0.43..383.22 rows=99 width=121)
	              Index Cond: ((id >= 5682018) AND (id <= 5682117))

for index_updates
table 1 : explain UPDATE sbtest1 SET k=k+1 WHERE id=7409470
	Update on sbtest1  (cost=0.43..8.46 rows=0 width=0)
	  ->  Index Scan using sbtest1_pkey on sbtest1  (cost=0.43..8.46 rows=1 width=10)
	        Index Cond: (id = 7409470)

table 2 : explain UPDATE sbtest2 SET k=k+1 WHERE id=4978688
	Update on sbtest2  (cost=0.43..8.46 rows=0 width=0)
	  ->  Index Scan using sbtest2_pkey on sbtest2  (cost=0.43..8.46 rows=1 width=10)
	        Index Cond: (id = 4978688)

table 3 : explain UPDATE sbtest3 SET k=k+1 WHERE id=6494855
	Update on sbtest3  (cost=0.43..8.46 rows=0 width=0)
	  ->  Index Scan using sbtest3_pkey on sbtest3  (cost=0.43..8.46 rows=1 width=10)
	        Index Cond: (id = 6494855)

table 4 : explain UPDATE sbtest4 SET k=k+1 WHERE id=7719266
	Update on sbtest4  (cost=0.43..8.46 rows=0 width=0)
	  ->  Index Scan using sbtest4_pkey on sbtest4  (cost=0.43..8.46 rows=1 width=10)
	        Index Cond: (id = 7719266)

table 5 : explain UPDATE sbtest5 SET k=k+1 WHERE id=5040155
	Update on sbtest5  (cost=0.43..8.46 rows=0 width=0)
	  ->  Index Scan using sbtest5_pkey on sbtest5  (cost=0.43..8.46 rows=1 width=10)
	        Index Cond: (id = 5040155)

table 6 : explain UPDATE sbtest6 SET k=k+1 WHERE id=780494
	Update on sbtest6  (cost=0.43..8.46 rows=0 width=0)
	  ->  Index Scan using sbtest6_pkey on sbtest6  (cost=0.43..8.46 rows=1 width=10)
	        Index Cond: (id = 780494)

table 7 : explain UPDATE sbtest7 SET k=k+1 WHERE id=4254579
	Update on sbtest7  (cost=0.43..8.46 rows=0 width=0)
	  ->  Index Scan using sbtest7_pkey on sbtest7  (cost=0.43..8.46 rows=1 width=10)
	        Index Cond: (id = 4254579)

table 8 : explain UPDATE sbtest8 SET k=k+1 WHERE id=1732699
	Update on sbtest8  (cost=0.43..8.46 rows=0 width=0)
	  ->  Index Scan using sbtest8_pkey on sbtest8  (cost=0.43..8.46 rows=1 width=10)
	        Index Cond: (id = 1732699)

for non_index_updates
table 1 : explain UPDATE sbtest1 SET c='foobar' WHERE id=9931847
	Update on sbtest1  (cost=0.43..8.45 rows=0 width=0)
	  ->  Index Scan using sbtest1_pkey on sbtest1  (cost=0.43..8.45 rows=1 width=490)
	        Index Cond: (id = 9931847)

table 2 : explain UPDATE sbtest2 SET c='foobar' WHERE id=6893822
	Update on sbtest2  (cost=0.43..8.45 rows=0 width=0)
	  ->  Index Scan using sbtest2_pkey on sbtest2  (cost=0.43..8.45 rows=1 width=490)
	        Index Cond: (id = 6893822)

table 3 : explain UPDATE sbtest3 SET c='foobar' WHERE id=7703213
	Update on sbtest3  (cost=0.43..8.45 rows=0 width=0)
	  ->  Index Scan using sbtest3_pkey on sbtest3  (cost=0.43..8.45 rows=1 width=490)
	        Index Cond: (id = 7703213)

table 4 : explain UPDATE sbtest4 SET c='foobar' WHERE id=4402568
	Update on sbtest4  (cost=0.43..8.45 rows=0 width=0)
	  ->  Index Scan using sbtest4_pkey on sbtest4  (cost=0.43..8.45 rows=1 width=490)
	        Index Cond: (id = 4402568)

table 5 : explain UPDATE sbtest5 SET c='foobar' WHERE id=3338556
	Update on sbtest5  (cost=0.43..8.45 rows=0 width=0)
	  ->  Index Scan using sbtest5_pkey on sbtest5  (cost=0.43..8.45 rows=1 width=490)
	        Index Cond: (id = 3338556)

table 6 : explain UPDATE sbtest6 SET c='foobar' WHERE id=573883
	Update on sbtest6  (cost=0.43..8.45 rows=0 width=0)
	  ->  Index Scan using sbtest6_pkey on sbtest6  (cost=0.43..8.45 rows=1 width=490)
	        Index Cond: (id = 573883)

table 7 : explain UPDATE sbtest7 SET c='foobar' WHERE id=3263715
	Update on sbtest7  (cost=0.43..8.45 rows=0 width=0)
	  ->  Index Scan using sbtest7_pkey on sbtest7  (cost=0.43..8.45 rows=1 width=490)
	        Index Cond: (id = 3263715)

table 8 : explain UPDATE sbtest8 SET c='foobar' WHERE id=3689782
	Update on sbtest8  (cost=0.43..8.45 rows=0 width=0)
	  ->  Index Scan using sbtest8_pkey on sbtest8  (cost=0.43..8.45 rows=1 width=490)
	        Index Cond: (id = 3689782)

for index_updates
table 1 : explain UPDATE sbtest1 SET k=k+1 WHERE id=4491489
	Update on sbtest1  (cost=0.43..8.46 rows=0 width=0)
	  ->  Index Scan using sbtest1_pkey on sbtest1  (cost=0.43..8.46 rows=1 width=10)
	        Index Cond: (id = 4491489)

table 2 : explain UPDATE sbtest2 SET k=k+1 WHERE id=3742300
	Update on sbtest2  (cost=0.43..8.46 rows=0 width=0)
	  ->  Index Scan using sbtest2_pkey on sbtest2  (cost=0.43..8.46 rows=1 width=10)
	        Index Cond: (id = 3742300)

table 3 : explain UPDATE sbtest3 SET k=k+1 WHERE id=5858837
	Update on sbtest3  (cost=0.43..8.46 rows=0 width=0)
	  ->  Index Scan using sbtest3_pkey on sbtest3  (cost=0.43..8.46 rows=1 width=10)
	        Index Cond: (id = 5858837)

table 4 : explain UPDATE sbtest4 SET k=k+1 WHERE id=6390432
	Update on sbtest4  (cost=0.43..8.46 rows=0 width=0)
	  ->  Index Scan using sbtest4_pkey on sbtest4  (cost=0.43..8.46 rows=1 width=10)
	        Index Cond: (id = 6390432)

table 5 : explain UPDATE sbtest5 SET k=k+1 WHERE id=7333331
	Update on sbtest5  (cost=0.43..8.46 rows=0 width=0)
	  ->  Index Scan using sbtest5_pkey on sbtest5  (cost=0.43..8.46 rows=1 width=10)
	        Index Cond: (id = 7333331)

table 6 : explain UPDATE sbtest6 SET k=k+1 WHERE id=6756236
	Update on sbtest6  (cost=0.43..8.46 rows=0 width=0)
	  ->  Index Scan using sbtest6_pkey on sbtest6  (cost=0.43..8.46 rows=1 width=10)
	        Index Cond: (id = 6756236)

table 7 : explain UPDATE sbtest7 SET k=k+1 WHERE id=8688349
	Update on sbtest7  (cost=0.43..8.46 rows=0 width=0)
	  ->  Index Scan using sbtest7_pkey on sbtest7  (cost=0.43..8.46 rows=1 width=10)
	        Index Cond: (id = 8688349)

table 8 : explain UPDATE sbtest8 SET k=k+1 WHERE id=324379
	Update on sbtest8  (cost=0.43..8.46 rows=0 width=0)
	  ->  Index Scan using sbtest8_pkey on sbtest8  (cost=0.43..8.46 rows=1 width=10)
	        Index Cond: (id = 324379)

for: distinct_ranges
table 1 : explain SELECT DISTINCT c FROM sbtest1 WHERE id BETWEEN 2779223 AND 2779322 ORDER BY c
	Unique  (cost=420.69..421.23 rows=108 width=121)
	  ->  Sort  (cost=420.69..420.96 rows=108 width=121)
	        Sort Key: c
	        ->  Index Scan using sbtest1_pkey on sbtest1  (cost=0.43..417.04 rows=108 width=121)
	              Index Cond: ((id >= 2779223) AND (id <= 2779322))

table 2 : explain SELECT DISTINCT c FROM sbtest2 WHERE id BETWEEN 3744466 AND 3744565 ORDER BY c
	Unique  (cost=383.85..384.34 rows=98 width=121)
	  ->  Sort  (cost=383.85..384.10 rows=98 width=121)
	        Sort Key: c
	        ->  Index Scan using sbtest2_pkey on sbtest2  (cost=0.43..380.61 rows=98 width=121)
	              Index Cond: ((id >= 3744466) AND (id <= 3744565))

table 3 : explain SELECT DISTINCT c FROM sbtest3 WHERE id BETWEEN 6889334 AND 6889433 ORDER BY c
	Unique  (cost=392.82..393.32 rows=101 width=121)
	  ->  Sort  (cost=392.82..393.07 rows=101 width=121)
	        Sort Key: c
	        ->  Index Scan using sbtest3_pkey on sbtest3  (cost=0.43..389.45 rows=101 width=121)
	              Index Cond: ((id >= 6889334) AND (id <= 6889433))

table 4 : explain SELECT DISTINCT c FROM sbtest4 WHERE id BETWEEN 7111336 AND 7111435 ORDER BY c
	Unique  (cost=404.97..405.49 rows=104 width=121)
	  ->  Sort  (cost=404.97..405.23 rows=104 width=121)
	        Sort Key: c
	        ->  Index Scan using sbtest4_pkey on sbtest4  (cost=0.43..401.48 rows=104 width=121)
	              Index Cond: ((id >= 7111336) AND (id <= 7111435))

table 5 : explain SELECT DISTINCT c FROM sbtest5 WHERE id BETWEEN 3600059 AND 3600158 ORDER BY c
	Unique  (cost=380.14..380.63 rows=98 width=121)
	  ->  Sort  (cost=380.14..380.38 rows=98 width=121)
	        Sort Key: c
	        ->  Index Scan using sbtest5_pkey on sbtest5  (cost=0.43..376.90 rows=98 width=121)
	              Index Cond: ((id >= 3600059) AND (id <= 3600158))

table 6 : explain SELECT DISTINCT c FROM sbtest6 WHERE id BETWEEN 794008 AND 794107 ORDER BY c
	Unique  (cost=363.31..363.78 rows=93 width=121)
	  ->  Sort  (cost=363.31..363.55 rows=93 width=121)
	        Sort Key: c
	        ->  Index Scan using sbtest6_pkey on sbtest6  (cost=0.43..360.27 rows=93 width=121)
	              Index Cond: ((id >= 794008) AND (id <= 794107))

table 7 : explain SELECT DISTINCT c FROM sbtest7 WHERE id BETWEEN 4384231 AND 4384330 ORDER BY c
	Unique  (cost=362.39..362.86 rows=93 width=121)
	  ->  Sort  (cost=362.39..362.62 rows=93 width=121)
	        Sort Key: c
	        ->  Index Scan using sbtest7_pkey on sbtest7  (cost=0.43..359.35 rows=93 width=121)
	              Index Cond: ((id >= 4384231) AND (id <= 4384330))

table 8 : explain SELECT DISTINCT c FROM sbtest8 WHERE id BETWEEN 4835997 AND 4836096 ORDER BY c
	Unique  (cost=386.50..386.99 rows=99 width=121)
	  ->  Sort  (cost=386.50..386.74 rows=99 width=121)
	        Sort Key: c
	        ->  Index Scan using sbtest8_pkey on sbtest8  (cost=0.43..383.22 rows=99 width=121)
	              Index Cond: ((id >= 4835997) AND (id <= 4836096))

explain: for index_updates :: explain UPDATE sbtest%u SET k=k+1 WHERE id=%u
explain: for deletes :: explain DELETE FROM sbtest%u WHERE id=%u
for: order_ranges
table 1 : explain SELECT c FROM sbtest1 WHERE id BETWEEN 5167112 AND 5167211 ORDER BY c
	Sort  (cost=385.97..386.22 rows=99 width=121)
	  Sort Key: c
	  ->  Index Scan using sbtest1_pkey on sbtest1  (cost=0.43..382.69 rows=99 width=121)
	        Index Cond: ((id >= 5167112) AND (id <= 5167211))

table 2 : explain SELECT c FROM sbtest2 WHERE id BETWEEN 8236513 AND 8236612 ORDER BY c
	Sort  (cost=383.85..384.10 rows=98 width=121)
	  Sort Key: c
	  ->  Index Scan using sbtest2_pkey on sbtest2  (cost=0.43..380.61 rows=98 width=121)
	        Index Cond: ((id >= 8236513) AND (id <= 8236612))

table 3 : explain SELECT c FROM sbtest3 WHERE id BETWEEN 9722190 AND 9722289 ORDER BY c
	Sort  (cost=431.31..431.59 rows=111 width=121)
	  Sort Key: c
	  ->  Index Scan using sbtest3_pkey on sbtest3  (cost=0.43..427.54 rows=111 width=121)
	        Index Cond: ((id >= 9722190) AND (id <= 9722289))

table 4 : explain SELECT c FROM sbtest4 WHERE id BETWEEN 9368733 AND 9368832 ORDER BY c
	Sort  (cost=366.42..366.66 rows=94 width=121)
	  Sort Key: c
	  ->  Index Scan using sbtest4_pkey on sbtest4  (cost=0.43..363.34 rows=94 width=121)
	        Index Cond: ((id >= 9368733) AND (id <= 9368832))

table 5 : explain SELECT c FROM sbtest5 WHERE id BETWEEN 6379161 AND 6379260 ORDER BY c
	Sort  (cost=410.84..411.10 rows=106 width=121)
	  Sort Key: c
	  ->  Index Scan using sbtest5_pkey on sbtest5  (cost=0.43..407.27 rows=106 width=121)
	        Index Cond: ((id >= 6379161) AND (id <= 6379260))

table 6 : explain SELECT c FROM sbtest6 WHERE id BETWEEN 7176896 AND 7176995 ORDER BY c
	Sort  (cost=394.27..394.52 rows=101 width=121)
	  Sort Key: c
	  ->  Index Scan using sbtest6_pkey on sbtest6  (cost=0.43..390.91 rows=101 width=121)
	        Index Cond: ((id >= 7176896) AND (id <= 7176995))

table 7 : explain SELECT c FROM sbtest7 WHERE id BETWEEN 4045957 AND 4046056 ORDER BY c
	Sort  (cost=370.15..370.39 rows=95 width=121)
	  Sort Key: c
	  ->  Index Scan using sbtest7_pkey on sbtest7  (cost=0.43..367.03 rows=95 width=121)
	        Index Cond: ((id >= 4045957) AND (id <= 4046056))

table 8 : explain SELECT c FROM sbtest8 WHERE id BETWEEN 7362799 AND 7362898 ORDER BY c
	Sort  (cost=378.77..379.01 rows=97 width=121)
	  Sort Key: c
	  ->  Index Scan using sbtest8_pkey on sbtest8  (cost=0.43..375.57 rows=97 width=121)
	        Index Cond: ((id >= 7362799) AND (id <= 7362898))

for non_index_updates
table 1 : explain UPDATE sbtest1 SET c='foobar' WHERE id=1173979
	Update on sbtest1  (cost=0.43..8.45 rows=0 width=0)
	  ->  Index Scan using sbtest1_pkey on sbtest1  (cost=0.43..8.45 rows=1 width=490)
	        Index Cond: (id = 1173979)

table 2 : explain UPDATE sbtest2 SET c='foobar' WHERE id=1228192
	Update on sbtest2  (cost=0.43..8.45 rows=0 width=0)
	  ->  Index Scan using sbtest2_pkey on sbtest2  (cost=0.43..8.45 rows=1 width=490)
	        Index Cond: (id = 1228192)

table 3 : explain UPDATE sbtest3 SET c='foobar' WHERE id=8995245
	Update on sbtest3  (cost=0.43..8.45 rows=0 width=0)
	  ->  Index Scan using sbtest3_pkey on sbtest3  (cost=0.43..8.45 rows=1 width=490)
	        Index Cond: (id = 8995245)

table 4 : explain UPDATE sbtest4 SET c='foobar' WHERE id=678774
	Update on sbtest4  (cost=0.43..8.45 rows=0 width=0)
	  ->  Index Scan using sbtest4_pkey on sbtest4  (cost=0.43..8.45 rows=1 width=490)
	        Index Cond: (id = 678774)

table 5 : explain UPDATE sbtest5 SET c='foobar' WHERE id=3982275
	Update on sbtest5  (cost=0.43..8.45 rows=0 width=0)
	  ->  Index Scan using sbtest5_pkey on sbtest5  (cost=0.43..8.45 rows=1 width=490)
	        Index Cond: (id = 3982275)

table 6 : explain UPDATE sbtest6 SET c='foobar' WHERE id=7336830
	Update on sbtest6  (cost=0.43..8.45 rows=0 width=0)
	  ->  Index Scan using sbtest6_pkey on sbtest6  (cost=0.43..8.45 rows=1 width=490)
	        Index Cond: (id = 7336830)

table 7 : explain UPDATE sbtest7 SET c='foobar' WHERE id=9915612
	Update on sbtest7  (cost=0.43..8.45 rows=0 width=0)
	  ->  Index Scan using sbtest7_pkey on sbtest7  (cost=0.43..8.45 rows=1 width=490)
	        Index Cond: (id = 9915612)

table 8 : explain UPDATE sbtest8 SET c='foobar' WHERE id=8032181
	Update on sbtest8  (cost=0.43..8.45 rows=0 width=0)
	  ->  Index Scan using sbtest8_pkey on sbtest8  (cost=0.43..8.45 rows=1 width=490)
	        Index Cond: (id = 8032181)

explain: for non_index_updates :: explain UPDATE sbtest%u SET c='foobar' WHERE id=%u
for: sum_ranges
table 1 : explain SELECT SUM(k) FROM sbtest1 WHERE id BETWEEN 594710 AND 594809
	Aggregate  (cost=390.57..390.58 rows=1 width=8)
	  ->  Index Scan using sbtest1_pkey on sbtest1  (cost=0.43..390.32 rows=101 width=4)
	        Index Cond: ((id >= 594710) AND (id <= 594809))

table 2 : explain SELECT SUM(k) FROM sbtest2 WHERE id BETWEEN 4270310 AND 4270409
	Aggregate  (cost=400.05..400.06 rows=1 width=8)
	  ->  Index Scan using sbtest2_pkey on sbtest2  (cost=0.43..399.79 rows=103 width=4)
	        Index Cond: ((id >= 4270310) AND (id <= 4270409))

table 3 : explain SELECT SUM(k) FROM sbtest3 WHERE id BETWEEN 2715436 AND 2715535
	Aggregate  (cost=412.57..412.58 rows=1 width=8)
	  ->  Index Scan using sbtest3_pkey on sbtest3  (cost=0.43..412.30 rows=107 width=4)
	        Index Cond: ((id >= 2715436) AND (id <= 2715535))

table 4 : explain SELECT SUM(k) FROM sbtest4 WHERE id BETWEEN 9958969 AND 9959068
	Aggregate  (cost=397.93..397.94 rows=1 width=8)
	  ->  Index Scan using sbtest4_pkey on sbtest4  (cost=0.43..397.67 rows=103 width=4)
	        Index Cond: ((id >= 9958969) AND (id <= 9959068))

table 5 : explain SELECT SUM(k) FROM sbtest5 WHERE id BETWEEN 6675406 AND 6675505
	Aggregate  (cost=399.94..399.95 rows=1 width=8)
	  ->  Index Scan using sbtest5_pkey on sbtest5  (cost=0.43..399.68 rows=104 width=4)
	        Index Cond: ((id >= 6675406) AND (id <= 6675505))

table 6 : explain SELECT SUM(k) FROM sbtest6 WHERE id BETWEEN 6663924 AND 6664023
	Aggregate  (cost=433.24..433.25 rows=1 width=8)
	  ->  Index Scan using sbtest6_pkey on sbtest6  (cost=0.43..432.96 rows=112 width=4)
	        Index Cond: ((id >= 6663924) AND (id <= 6664023))

table 7 : explain SELECT SUM(k) FROM sbtest7 WHERE id BETWEEN 5137607 AND 5137706
	Aggregate  (cost=332.87..332.88 rows=1 width=8)
	  ->  Index Scan using sbtest7_pkey on sbtest7  (cost=0.43..332.66 rows=86 width=4)
	        Index Cond: ((id >= 5137607) AND (id <= 5137706))

table 8 : explain SELECT SUM(k) FROM sbtest8 WHERE id BETWEEN 7804986 AND 7805085
	Aggregate  (cost=379.64..379.65 rows=1 width=8)
	  ->  Index Scan using sbtest8_pkey on sbtest8  (cost=0.43..379.39 rows=98 width=4)
	        Index Cond: ((id >= 7804986) AND (id <= 7805085))

explain: for non_index_updates :: explain UPDATE sbtest%u SET c='foobar' WHERE id=%u
explain: for index_updates :: explain UPDATE sbtest%u SET k=k+1 WHERE id=%u
for: distinct_ranges
table 1 : explain SELECT DISTINCT c FROM sbtest1 WHERE id BETWEEN 4880635 AND 4880734 ORDER BY c
	Unique  (cost=401.40..401.91 rows=103 width=121)
	  ->  Sort  (cost=401.40..401.66 rows=103 width=121)
	        Sort Key: c
	        ->  Index Scan using sbtest1_pkey on sbtest1  (cost=0.43..397.96 rows=103 width=121)
	              Index Cond: ((id >= 4880635) AND (id <= 4880734))

table 2 : explain SELECT DISTINCT c FROM sbtest2 WHERE id BETWEEN 1453551 AND 1453650 ORDER BY c
	Unique  (cost=426.49..427.04 rows=109 width=121)
	  ->  Sort  (cost=426.49..426.76 rows=109 width=121)
	        Sort Key: c
	        ->  Index Scan using sbtest2_pkey on sbtest2  (cost=0.43..422.80 rows=109 width=121)
	              Index Cond: ((id >= 1453551) AND (id <= 1453650))

table 3 : explain SELECT DISTINCT c FROM sbtest3 WHERE id BETWEEN 9081391 AND 9081490 ORDER BY c
	Unique  (cost=361.97..362.44 rows=93 width=121)
	  ->  Sort  (cost=361.97..362.21 rows=93 width=121)
	        Sort Key: c
	        ->  Index Scan using sbtest3_pkey on sbtest3  (cost=0.43..358.93 rows=93 width=121)
	              Index Cond: ((id >= 9081391) AND (id <= 9081490))

table 4 : explain SELECT DISTINCT c FROM sbtest4 WHERE id BETWEEN 3793690 AND 3793789 ORDER BY c
	Unique  (cost=385.69..386.19 rows=99 width=121)
	  ->  Sort  (cost=385.69..385.94 rows=99 width=121)
	        Sort Key: c
	        ->  Index Scan using sbtest4_pkey on sbtest4  (cost=0.43..382.41 rows=99 width=121)
	              Index Cond: ((id >= 3793690) AND (id <= 3793789))

table 5 : explain SELECT DISTINCT c FROM sbtest5 WHERE id BETWEEN 8507518 AND 8507617 ORDER BY c
	Unique  (cost=395.49..396.00 rows=102 width=121)
	  ->  Sort  (cost=395.49..395.74 rows=102 width=121)
	        Sort Key: c
	        ->  Index Scan using sbtest5_pkey on sbtest5  (cost=0.43..392.09 rows=102 width=121)
	              Index Cond: ((id >= 8507518) AND (id <= 8507617))

table 6 : explain SELECT DISTINCT c FROM sbtest6 WHERE id BETWEEN 2347659 AND 2347758 ORDER BY c
	Unique  (cost=417.45..417.99 rows=107 width=121)
	  ->  Sort  (cost=417.45..417.72 rows=107 width=121)
	        Sort Key: c
	        ->  Index Scan using sbtest6_pkey on sbtest6  (cost=0.43..413.85 rows=107 width=121)
	              Index Cond: ((id >= 2347659) AND (id <= 2347758))

table 7 : explain SELECT DISTINCT c FROM sbtest7 WHERE id BETWEEN 7057500 AND 7057599 ORDER BY c
	Unique  (cost=381.71..382.20 rows=98 width=121)
	  ->  Sort  (cost=381.71..381.95 rows=98 width=121)
	        Sort Key: c
	        ->  Index Scan using sbtest7_pkey on sbtest7  (cost=0.43..378.47 rows=98 width=121)
	              Index Cond: ((id >= 7057500) AND (id <= 7057599))

table 8 : explain SELECT DISTINCT c FROM sbtest8 WHERE id BETWEEN 6048949 AND 6049048 ORDER BY c
	Unique  (cost=413.54..414.07 rows=106 width=121)
	  ->  Sort  (cost=413.54..413.80 rows=106 width=121)
	        Sort Key: c
	        ->  Index Scan using sbtest8_pkey on sbtest8  (cost=0.43..409.97 rows=106 width=121)
	              Index Cond: ((id >= 6048949) AND (id <= 6049048))

for point_selects
table 1 : explain SELECT c FROM sbtest1 WHERE id=6370002
	Index Scan using sbtest1_pkey on sbtest1  (cost=0.43..8.45 rows=1 width=121)
	  Index Cond: (id = 6370002)

table 2 : explain SELECT c FROM sbtest2 WHERE id=1644890
	Index Scan using sbtest2_pkey on sbtest2  (cost=0.43..8.45 rows=1 width=121)
	  Index Cond: (id = 1644890)

table 3 : explain SELECT c FROM sbtest3 WHERE id=1049497
	Index Scan using sbtest3_pkey on sbtest3  (cost=0.43..8.45 rows=1 width=121)
	  Index Cond: (id = 1049497)

table 4 : explain SELECT c FROM sbtest4 WHERE id=1713278
	Index Scan using sbtest4_pkey on sbtest4  (cost=0.43..8.45 rows=1 width=121)
	  Index Cond: (id = 1713278)

table 5 : explain SELECT c FROM sbtest5 WHERE id=8656199
	Index Scan using sbtest5_pkey on sbtest5  (cost=0.43..8.45 rows=1 width=121)
	  Index Cond: (id = 8656199)

table 6 : explain SELECT c FROM sbtest6 WHERE id=6762347
	Index Scan using sbtest6_pkey on sbtest6  (cost=0.43..8.45 rows=1 width=121)
	  Index Cond: (id = 6762347)

table 7 : explain SELECT c FROM sbtest7 WHERE id=9435382
	Index Scan using sbtest7_pkey on sbtest7  (cost=0.43..8.45 rows=1 width=121)
	  Index Cond: (id = 9435382)

table 8 : explain SELECT c FROM sbtest8 WHERE id=1226156
	Index Scan using sbtest8_pkey on sbtest8  (cost=0.43..8.45 rows=1 width=121)
	  Index Cond: (id = 1226156)

explain: for deletes :: explain DELETE FROM sbtest%u WHERE id=%u
for deletes
table 1 : explain DELETE FROM sbtest1 WHERE id=328860
	Delete on sbtest1  (cost=0.43..8.45 rows=0 width=0)
	  ->  Index Scan using sbtest1_pkey on sbtest1  (cost=0.43..8.45 rows=1 width=6)
	        Index Cond: (id = 328860)

table 2 : explain DELETE FROM sbtest2 WHERE id=9051679
	Delete on sbtest2  (cost=0.43..8.45 rows=0 width=0)
	  ->  Index Scan using sbtest2_pkey on sbtest2  (cost=0.43..8.45 rows=1 width=6)
	        Index Cond: (id = 9051679)

table 3 : explain DELETE FROM sbtest3 WHERE id=6006548
	Delete on sbtest3  (cost=0.43..8.45 rows=0 width=0)
	  ->  Index Scan using sbtest3_pkey on sbtest3  (cost=0.43..8.45 rows=1 width=6)
	        Index Cond: (id = 6006548)

table 4 : explain DELETE FROM sbtest4 WHERE id=9717289
	Delete on sbtest4  (cost=0.43..8.45 rows=0 width=0)
	  ->  Index Scan using sbtest4_pkey on sbtest4  (cost=0.43..8.45 rows=1 width=6)
	        Index Cond: (id = 9717289)

table 5 : explain DELETE FROM sbtest5 WHERE id=641299
	Delete on sbtest5  (cost=0.43..8.45 rows=0 width=0)
	  ->  Index Scan using sbtest5_pkey on sbtest5  (cost=0.43..8.45 rows=1 width=6)
	        Index Cond: (id = 641299)

table 6 : explain DELETE FROM sbtest6 WHERE id=2979260
	Delete on sbtest6  (cost=0.43..8.45 rows=0 width=0)
	  ->  Index Scan using sbtest6_pkey on sbtest6  (cost=0.43..8.45 rows=1 width=6)
	        Index Cond: (id = 2979260)

table 7 : explain DELETE FROM sbtest7 WHERE id=7247923
	Delete on sbtest7  (cost=0.43..8.45 rows=0 width=0)
	  ->  Index Scan using sbtest7_pkey on sbtest7  (cost=0.43..8.45 rows=1 width=6)
	        Index Cond: (id = 7247923)

table 8 : explain DELETE FROM sbtest8 WHERE id=952872
	Delete on sbtest8  (cost=0.43..8.45 rows=0 width=0)
	  ->  Index Scan using sbtest8_pkey on sbtest8  (cost=0.43..8.45 rows=1 width=6)
	        Index Cond: (id = 952872)

for index_updates
table 1 : explain UPDATE sbtest1 SET k=k+1 WHERE id=3311577
	Update on sbtest1  (cost=0.43..8.46 rows=0 width=0)
	  ->  Index Scan using sbtest1_pkey on sbtest1  (cost=0.43..8.46 rows=1 width=10)
	        Index Cond: (id = 3311577)

table 2 : explain UPDATE sbtest2 SET k=k+1 WHERE id=2989123
	Update on sbtest2  (cost=0.43..8.46 rows=0 width=0)
	  ->  Index Scan using sbtest2_pkey on sbtest2  (cost=0.43..8.46 rows=1 width=10)
	        Index Cond: (id = 2989123)

table 3 : explain UPDATE sbtest3 SET k=k+1 WHERE id=5852940
	Update on sbtest3  (cost=0.43..8.46 rows=0 width=0)
	  ->  Index Scan using sbtest3_pkey on sbtest3  (cost=0.43..8.46 rows=1 width=10)
	        Index Cond: (id = 5852940)

table 4 : explain UPDATE sbtest4 SET k=k+1 WHERE id=9719487
	Update on sbtest4  (cost=0.43..8.46 rows=0 width=0)
	  ->  Index Scan using sbtest4_pkey on sbtest4  (cost=0.43..8.46 rows=1 width=10)
	        Index Cond: (id = 9719487)

table 5 : explain UPDATE sbtest5 SET k=k+1 WHERE id=756816
	Update on sbtest5  (cost=0.43..8.46 rows=0 width=0)
	  ->  Index Scan using sbtest5_pkey on sbtest5  (cost=0.43..8.46 rows=1 width=10)
	        Index Cond: (id = 756816)

table 6 : explain UPDATE sbtest6 SET k=k+1 WHERE id=8596135
	Update on sbtest6  (cost=0.43..8.46 rows=0 width=0)
	  ->  Index Scan using sbtest6_pkey on sbtest6  (cost=0.43..8.46 rows=1 width=10)
	        Index Cond: (id = 8596135)

table 7 : explain UPDATE sbtest7 SET k=k+1 WHERE id=6496352
	Update on sbtest7  (cost=0.43..8.46 rows=0 width=0)
	  ->  Index Scan using sbtest7_pkey on sbtest7  (cost=0.43..8.46 rows=1 width=10)
	        Index Cond: (id = 6496352)

table 8 : explain UPDATE sbtest8 SET k=k+1 WHERE id=1315156
	Update on sbtest8  (cost=0.43..8.46 rows=0 width=0)
	  ->  Index Scan using sbtest8_pkey on sbtest8  (cost=0.43..8.46 rows=1 width=10)
	        Index Cond: (id = 1315156)

explain: for index_updates :: explain UPDATE sbtest%u SET k=k+1 WHERE id=%u
for non_index_updates
table 1 : explain UPDATE sbtest1 SET c='foobar' WHERE id=532230
	Update on sbtest1  (cost=0.43..8.45 rows=0 width=0)
	  ->  Index Scan using sbtest1_pkey on sbtest1  (cost=0.43..8.45 rows=1 width=490)
	        Index Cond: (id = 532230)

table 2 : explain UPDATE sbtest2 SET c='foobar' WHERE id=8533771
	Update on sbtest2  (cost=0.43..8.45 rows=0 width=0)
	  ->  Index Scan using sbtest2_pkey on sbtest2  (cost=0.43..8.45 rows=1 width=490)
	        Index Cond: (id = 8533771)

table 3 : explain UPDATE sbtest3 SET c='foobar' WHERE id=5169207
	Update on sbtest3  (cost=0.43..8.45 rows=0 width=0)
	  ->  Index Scan using sbtest3_pkey on sbtest3  (cost=0.43..8.45 rows=1 width=490)
	        Index Cond: (id = 5169207)

table 4 : explain UPDATE sbtest4 SET c='foobar' WHERE id=2213106
	Update on sbtest4  (cost=0.43..8.45 rows=0 width=0)
	  ->  Index Scan using sbtest4_pkey on sbtest4  (cost=0.43..8.45 rows=1 width=490)
	        Index Cond: (id = 2213106)

table 5 : explain UPDATE sbtest5 SET c='foobar' WHERE id=6845564
	Update on sbtest5  (cost=0.43..8.45 rows=0 width=0)
	  ->  Index Scan using sbtest5_pkey on sbtest5  (cost=0.43..8.45 rows=1 width=490)
	        Index Cond: (id = 6845564)

table 6 : explain UPDATE sbtest6 SET c='foobar' WHERE id=9092036
	Update on sbtest6  (cost=0.43..8.45 rows=0 width=0)
	  ->  Index Scan using sbtest6_pkey on sbtest6  (cost=0.43..8.45 rows=1 width=490)
	        Index Cond: (id = 9092036)

table 7 : explain UPDATE sbtest7 SET c='foobar' WHERE id=2303140
	Update on sbtest7  (cost=0.43..8.45 rows=0 width=0)
	  ->  Index Scan using sbtest7_pkey on sbtest7  (cost=0.43..8.45 rows=1 width=490)
	        Index Cond: (id = 2303140)

table 8 : explain UPDATE sbtest8 SET c='foobar' WHERE id=5730686
	Update on sbtest8  (cost=0.43..8.45 rows=0 width=0)
	  ->  Index Scan using sbtest8_pkey on sbtest8  (cost=0.43..8.45 rows=1 width=490)
	        Index Cond: (id = 5730686)

for non_index_updates
table 1 : explain UPDATE sbtest1 SET c='foobar' WHERE id=8647734
	Update on sbtest1  (cost=0.43..8.45 rows=0 width=0)
	  ->  Index Scan using sbtest1_pkey on sbtest1  (cost=0.43..8.45 rows=1 width=490)
	        Index Cond: (id = 8647734)

table 2 : explain UPDATE sbtest2 SET c='foobar' WHERE id=1209740
	Update on sbtest2  (cost=0.43..8.45 rows=0 width=0)
	  ->  Index Scan using sbtest2_pkey on sbtest2  (cost=0.43..8.45 rows=1 width=490)
	        Index Cond: (id = 1209740)

table 3 : explain UPDATE sbtest3 SET c='foobar' WHERE id=4828128
	Update on sbtest3  (cost=0.43..8.45 rows=0 width=0)
	  ->  Index Scan using sbtest3_pkey on sbtest3  (cost=0.43..8.45 rows=1 width=490)
	        Index Cond: (id = 4828128)

table 4 : explain UPDATE sbtest4 SET c='foobar' WHERE id=7832551
	Update on sbtest4  (cost=0.43..8.45 rows=0 width=0)
	  ->  Index Scan using sbtest4_pkey on sbtest4  (cost=0.43..8.45 rows=1 width=490)
	        Index Cond: (id = 7832551)

table 5 : explain UPDATE sbtest5 SET c='foobar' WHERE id=2048227
	Update on sbtest5  (cost=0.43..8.45 rows=0 width=0)
	  ->  Index Scan using sbtest5_pkey on sbtest5  (cost=0.43..8.45 rows=1 width=490)
	        Index Cond: (id = 2048227)

table 6 : explain UPDATE sbtest6 SET c='foobar' WHERE id=2178332
	Update on sbtest6  (cost=0.43..8.45 rows=0 width=0)
	  ->  Index Scan using sbtest6_pkey on sbtest6  (cost=0.43..8.45 rows=1 width=490)
	        Index Cond: (id = 2178332)

table 7 : explain UPDATE sbtest7 SET c='foobar' WHERE id=4897918
	Update on sbtest7  (cost=0.43..8.45 rows=0 width=0)
	  ->  Index Scan using sbtest7_pkey on sbtest7  (cost=0.43..8.45 rows=1 width=490)
	        Index Cond: (id = 4897918)

table 8 : explain UPDATE sbtest8 SET c='foobar' WHERE id=8877481
	Update on sbtest8  (cost=0.43..8.45 rows=0 width=0)
	  ->  Index Scan using sbtest8_pkey on sbtest8  (cost=0.43..8.45 rows=1 width=490)
	        Index Cond: (id = 8877481)

explain: for deletes :: explain DELETE FROM sbtest%u WHERE id=%u
for index_updates
table 1 : explain UPDATE sbtest1 SET k=k+1 WHERE id=7515511
	Update on sbtest1  (cost=0.43..8.46 rows=0 width=0)
	  ->  Index Scan using sbtest1_pkey on sbtest1  (cost=0.43..8.46 rows=1 width=10)
	        Index Cond: (id = 7515511)

table 2 : explain UPDATE sbtest2 SET k=k+1 WHERE id=992825
	Update on sbtest2  (cost=0.43..8.46 rows=0 width=0)
	  ->  Index Scan using sbtest2_pkey on sbtest2  (cost=0.43..8.46 rows=1 width=10)
	        Index Cond: (id = 992825)

table 3 : explain UPDATE sbtest3 SET k=k+1 WHERE id=585110
	Update on sbtest3  (cost=0.43..8.46 rows=0 width=0)
	  ->  Index Scan using sbtest3_pkey on sbtest3  (cost=0.43..8.46 rows=1 width=10)
	        Index Cond: (id = 585110)

table 4 : explain UPDATE sbtest4 SET k=k+1 WHERE id=9312353
	Update on sbtest4  (cost=0.43..8.46 rows=0 width=0)
	  ->  Index Scan using sbtest4_pkey on sbtest4  (cost=0.43..8.46 rows=1 width=10)
	        Index Cond: (id = 9312353)

table 5 : explain UPDATE sbtest5 SET k=k+1 WHERE id=8829839
	Update on sbtest5  (cost=0.43..8.46 rows=0 width=0)
	  ->  Index Scan using sbtest5_pkey on sbtest5  (cost=0.43..8.46 rows=1 width=10)
	        Index Cond: (id = 8829839)

table 6 : explain UPDATE sbtest6 SET k=k+1 WHERE id=5646880
	Update on sbtest6  (cost=0.43..8.46 rows=0 width=0)
	  ->  Index Scan using sbtest6_pkey on sbtest6  (cost=0.43..8.46 rows=1 width=10)
	        Index Cond: (id = 5646880)

table 7 : explain UPDATE sbtest7 SET k=k+1 WHERE id=5272922
	Update on sbtest7  (cost=0.43..8.46 rows=0 width=0)
	  ->  Index Scan using sbtest7_pkey on sbtest7  (cost=0.43..8.46 rows=1 width=10)
	        Index Cond: (id = 5272922)

table 8 : explain UPDATE sbtest8 SET k=k+1 WHERE id=6146615
	Update on sbtest8  (cost=0.43..8.46 rows=0 width=0)
	  ->  Index Scan using sbtest8_pkey on sbtest8  (cost=0.43..8.46 rows=1 width=10)
	        Index Cond: (id = 6146615)

explain: for point_selects :: explain SELECT c FROM sbtest%u WHERE id=%u
for deletes
table 1 : explain DELETE FROM sbtest1 WHERE id=6194326
	Delete on sbtest1  (cost=0.43..8.45 rows=0 width=0)
	  ->  Index Scan using sbtest1_pkey on sbtest1  (cost=0.43..8.45 rows=1 width=6)
	        Index Cond: (id = 6194326)

table 2 : explain DELETE FROM sbtest2 WHERE id=6298964
	Delete on sbtest2  (cost=0.43..8.45 rows=0 width=0)
	  ->  Index Scan using sbtest2_pkey on sbtest2  (cost=0.43..8.45 rows=1 width=6)
	        Index Cond: (id = 6298964)

table 3 : explain DELETE FROM sbtest3 WHERE id=410014
	Delete on sbtest3  (cost=0.43..8.45 rows=0 width=0)
	  ->  Index Scan using sbtest3_pkey on sbtest3  (cost=0.43..8.45 rows=1 width=6)
	        Index Cond: (id = 410014)

table 4 : explain DELETE FROM sbtest4 WHERE id=7034405
	Delete on sbtest4  (cost=0.43..8.45 rows=0 width=0)
	  ->  Index Scan using sbtest4_pkey on sbtest4  (cost=0.43..8.45 rows=1 width=6)
	        Index Cond: (id = 7034405)

table 5 : explain DELETE FROM sbtest5 WHERE id=6434990
	Delete on sbtest5  (cost=0.43..8.45 rows=0 width=0)
	  ->  Index Scan using sbtest5_pkey on sbtest5  (cost=0.43..8.45 rows=1 width=6)
	        Index Cond: (id = 6434990)

table 6 : explain DELETE FROM sbtest6 WHERE id=1629270
	Delete on sbtest6  (cost=0.43..8.45 rows=0 width=0)
	  ->  Index Scan using sbtest6_pkey on sbtest6  (cost=0.43..8.45 rows=1 width=6)
	        Index Cond: (id = 1629270)

table 7 : explain DELETE FROM sbtest7 WHERE id=4657303
	Delete on sbtest7  (cost=0.43..8.45 rows=0 width=0)
	  ->  Index Scan using sbtest7_pkey on sbtest7  (cost=0.43..8.45 rows=1 width=6)
	        Index Cond: (id = 4657303)

table 8 : explain DELETE FROM sbtest8 WHERE id=7317038
	Delete on sbtest8  (cost=0.43..8.45 rows=0 width=0)
	  ->  Index Scan using sbtest8_pkey on sbtest8  (cost=0.43..8.45 rows=1 width=6)
	        Index Cond: (id = 7317038)

explain: for inserts :: explain INSERT INTO sbtest%u (id, k, c, pad) VALUES (%u, 13, 'foobar', 'foobar')
explain: for non_index_updates :: explain UPDATE sbtest%u SET c='foobar' WHERE id=%u
explain: for deletes :: explain DELETE FROM sbtest%u WHERE id=%u
for: simple_ranges
table 1 : explain SELECT c FROM sbtest1 WHERE id BETWEEN 5889615 AND 5889714
	Index Scan using sbtest1_pkey on sbtest1  (cost=0.43..405.59 rows=105 width=121)
	  Index Cond: ((id >= 5889615) AND (id <= 5889714))

table 2 : explain SELECT c FROM sbtest2 WHERE id BETWEEN 6190289 AND 6190388
	Index Scan using sbtest2_pkey on sbtest2  (cost=0.43..384.45 rows=99 width=121)
	  Index Cond: ((id >= 6190289) AND (id <= 6190388))

table 3 : explain SELECT c FROM sbtest3 WHERE id BETWEEN 1598880 AND 1598979
	Index Scan using sbtest3_pkey on sbtest3  (cost=0.43..400.88 rows=104 width=121)
	  Index Cond: ((id >= 1598880) AND (id <= 1598979))

table 4 : explain SELECT c FROM sbtest4 WHERE id BETWEEN 8169482 AND 8169581
	Index Scan using sbtest4_pkey on sbtest4  (cost=0.43..374.78 rows=97 width=121)
	  Index Cond: ((id >= 8169482) AND (id <= 8169581))

table 5 : explain SELECT c FROM sbtest5 WHERE id BETWEEN 8755409 AND 8755508
	Index Scan using sbtest5_pkey on sbtest5  (cost=0.43..399.68 rows=104 width=121)
	  Index Cond: ((id >= 8755409) AND (id <= 8755508))

table 6 : explain SELECT c FROM sbtest6 WHERE id BETWEEN 3744383 AND 3744482
	Index Scan using sbtest6_pkey on sbtest6  (cost=0.43..371.79 rows=96 width=121)
	  Index Cond: ((id >= 3744383) AND (id <= 3744482))

table 7 : explain SELECT c FROM sbtest7 WHERE id BETWEEN 4362896 AND 4362995
	Index Scan using sbtest7_pkey on sbtest7  (cost=0.43..359.35 rows=93 width=121)
	  Index Cond: ((id >= 4362896) AND (id <= 4362995))

table 8 : explain SELECT c FROM sbtest8 WHERE id BETWEEN 5424628 AND 5424727
	Index Scan using sbtest8_pkey on sbtest8  (cost=0.43..425.26 rows=110 width=121)
	  Index Cond: ((id >= 5424628) AND (id <= 5424727))

for index_updates
table 1 : explain UPDATE sbtest1 SET k=k+1 WHERE id=7296868
	Update on sbtest1  (cost=0.43..8.46 rows=0 width=0)
	  ->  Index Scan using sbtest1_pkey on sbtest1  (cost=0.43..8.46 rows=1 width=10)
	        Index Cond: (id = 7296868)

table 2 : explain UPDATE sbtest2 SET k=k+1 WHERE id=5276940
	Update on sbtest2  (cost=0.43..8.46 rows=0 width=0)
	  ->  Index Scan using sbtest2_pkey on sbtest2  (cost=0.43..8.46 rows=1 width=10)
	        Index Cond: (id = 5276940)

table 3 : explain UPDATE sbtest3 SET k=k+1 WHERE id=6674912
	Update on sbtest3  (cost=0.43..8.46 rows=0 width=0)
	  ->  Index Scan using sbtest3_pkey on sbtest3  (cost=0.43..8.46 rows=1 width=10)
	        Index Cond: (id = 6674912)

table 4 : explain UPDATE sbtest4 SET k=k+1 WHERE id=8095910
	Update on sbtest4  (cost=0.43..8.46 rows=0 width=0)
	  ->  Index Scan using sbtest4_pkey on sbtest4  (cost=0.43..8.46 rows=1 width=10)
	        Index Cond: (id = 8095910)

table 5 : explain UPDATE sbtest5 SET k=k+1 WHERE id=5982831
	Update on sbtest5  (cost=0.43..8.46 rows=0 width=0)
	  ->  Index Scan using sbtest5_pkey on sbtest5  (cost=0.43..8.46 rows=1 width=10)
	        Index Cond: (id = 5982831)

table 6 : explain UPDATE sbtest6 SET k=k+1 WHERE id=8375931
	Update on sbtest6  (cost=0.43..8.46 rows=0 width=0)
	  ->  Index Scan using sbtest6_pkey on sbtest6  (cost=0.43..8.46 rows=1 width=10)
	        Index Cond: (id = 8375931)

table 7 : explain UPDATE sbtest7 SET k=k+1 WHERE id=9440748
	Update on sbtest7  (cost=0.43..8.46 rows=0 width=0)
	  ->  Index Scan using sbtest7_pkey on sbtest7  (cost=0.43..8.46 rows=1 width=10)
	        Index Cond: (id = 9440748)

table 8 : explain UPDATE sbtest8 SET k=k+1 WHERE id=4528693
	Update on sbtest8  (cost=0.43..8.46 rows=0 width=0)
	  ->  Index Scan using sbtest8_pkey on sbtest8  (cost=0.43..8.46 rows=1 width=10)
	        Index Cond: (id = 4528693)

for inserts
table 1 : explain INSERT INTO sbtest1 (id, k, c, pad) VALUES (1809053, 13, 'foobar', 'foobar')
	Insert on sbtest1  (cost=0.00..0.01 rows=0 width=0)
	  ->  Result  (cost=0.00..0.01 rows=1 width=736)

table 2 : explain INSERT INTO sbtest2 (id, k, c, pad) VALUES (9321910, 13, 'foobar', 'foobar')
	Insert on sbtest2  (cost=0.00..0.01 rows=0 width=0)
	  ->  Result  (cost=0.00..0.01 rows=1 width=736)

table 3 : explain INSERT INTO sbtest3 (id, k, c, pad) VALUES (4394696, 13, 'foobar', 'foobar')
	Insert on sbtest3  (cost=0.00..0.01 rows=0 width=0)
	  ->  Result  (cost=0.00..0.01 rows=1 width=736)

table 4 : explain INSERT INTO sbtest4 (id, k, c, pad) VALUES (958644, 13, 'foobar', 'foobar')
	Insert on sbtest4  (cost=0.00..0.01 rows=0 width=0)
	  ->  Result  (cost=0.00..0.01 rows=1 width=736)

table 5 : explain INSERT INTO sbtest5 (id, k, c, pad) VALUES (5576122, 13, 'foobar', 'foobar')
	Insert on sbtest5  (cost=0.00..0.01 rows=0 width=0)
	  ->  Result  (cost=0.00..0.01 rows=1 width=736)

table 6 : explain INSERT INTO sbtest6 (id, k, c, pad) VALUES (4129647, 13, 'foobar', 'foobar')
	Insert on sbtest6  (cost=0.00..0.01 rows=0 width=0)
	  ->  Result  (cost=0.00..0.01 rows=1 width=736)

table 7 : explain INSERT INTO sbtest7 (id, k, c, pad) VALUES (3969665, 13, 'foobar', 'foobar')
	Insert on sbtest7  (cost=0.00..0.01 rows=0 width=0)
	  ->  Result  (cost=0.00..0.01 rows=1 width=736)

table 8 : explain INSERT INTO sbtest8 (id, k, c, pad) VALUES (8637023, 13, 'foobar', 'foobar')
	Insert on sbtest8  (cost=0.00..0.01 rows=0 width=0)
	  ->  Result  (cost=0.00..0.01 rows=1 width=736)

for deletes
table 1 : explain DELETE FROM sbtest1 WHERE id=4644027
	Delete on sbtest1  (cost=0.43..8.45 rows=0 width=0)
	  ->  Index Scan using sbtest1_pkey on sbtest1  (cost=0.43..8.45 rows=1 width=6)
	        Index Cond: (id = 4644027)

table 2 : explain DELETE FROM sbtest2 WHERE id=5589579
	Delete on sbtest2  (cost=0.43..8.45 rows=0 width=0)
	  ->  Index Scan using sbtest2_pkey on sbtest2  (cost=0.43..8.45 rows=1 width=6)
	        Index Cond: (id = 5589579)

table 3 : explain DELETE FROM sbtest3 WHERE id=6479843
	Delete on sbtest3  (cost=0.43..8.45 rows=0 width=0)
	  ->  Index Scan using sbtest3_pkey on sbtest3  (cost=0.43..8.45 rows=1 width=6)
	        Index Cond: (id = 6479843)

table 4 : explain DELETE FROM sbtest4 WHERE id=2608818
	Delete on sbtest4  (cost=0.43..8.45 rows=0 width=0)
	  ->  Index Scan using sbtest4_pkey on sbtest4  (cost=0.43..8.45 rows=1 width=6)
	        Index Cond: (id = 2608818)

table 5 : explain DELETE FROM sbtest5 WHERE id=3964066
	Delete on sbtest5  (cost=0.43..8.45 rows=0 width=0)
	  ->  Index Scan using sbtest5_pkey on sbtest5  (cost=0.43..8.45 rows=1 width=6)
	        Index Cond: (id = 3964066)

table 6 : explain DELETE FROM sbtest6 WHERE id=1315574
	Delete on sbtest6  (cost=0.43..8.45 rows=0 width=0)
	  ->  Index Scan using sbtest6_pkey on sbtest6  (cost=0.43..8.45 rows=1 width=6)
	        Index Cond: (id = 1315574)

table 7 : explain DELETE FROM sbtest7 WHERE id=4863509
	Delete on sbtest7  (cost=0.43..8.45 rows=0 width=0)
	  ->  Index Scan using sbtest7_pkey on sbtest7  (cost=0.43..8.45 rows=1 width=6)
	        Index Cond: (id = 4863509)

table 8 : explain DELETE FROM sbtest8 WHERE id=8656720
	Delete on sbtest8  (cost=0.43..8.45 rows=0 width=0)
	  ->  Index Scan using sbtest8_pkey on sbtest8  (cost=0.43..8.45 rows=1 width=6)
	        Index Cond: (id = 8656720)

for point_selects
table 1 : explain SELECT c FROM sbtest1 WHERE id=7234224
	Index Scan using sbtest1_pkey on sbtest1  (cost=0.43..8.45 rows=1 width=121)
	  Index Cond: (id = 7234224)

table 2 : explain SELECT c FROM sbtest2 WHERE id=9400814
	Index Scan using sbtest2_pkey on sbtest2  (cost=0.43..8.45 rows=1 width=121)
	  Index Cond: (id = 9400814)

table 3 : explain SELECT c FROM sbtest3 WHERE id=8521347
	Index Scan using sbtest3_pkey on sbtest3  (cost=0.43..8.45 rows=1 width=121)
	  Index Cond: (id = 8521347)

table 4 : explain SELECT c FROM sbtest4 WHERE id=3050335
	Index Scan using sbtest4_pkey on sbtest4  (cost=0.43..8.45 rows=1 width=121)
	  Index Cond: (id = 3050335)

table 5 : explain SELECT c FROM sbtest5 WHERE id=7216453
	Index Scan using sbtest5_pkey on sbtest5  (cost=0.43..8.45 rows=1 width=121)
	  Index Cond: (id = 7216453)

table 6 : explain SELECT c FROM sbtest6 WHERE id=4225431
	Index Scan using sbtest6_pkey on sbtest6  (cost=0.43..8.45 rows=1 width=121)
	  Index Cond: (id = 4225431)

table 7 : explain SELECT c FROM sbtest7 WHERE id=1483477
	Index Scan using sbtest7_pkey on sbtest7  (cost=0.43..8.45 rows=1 width=121)
	  Index Cond: (id = 1483477)

table 8 : explain SELECT c FROM sbtest8 WHERE id=9866679
	Index Scan using sbtest8_pkey on sbtest8  (cost=0.43..8.45 rows=1 width=121)
	  Index Cond: (id = 9866679)

explain: for non_index_updates :: explain UPDATE sbtest%u SET c='foobar' WHERE id=%u
for: simple_ranges
table 1 : explain SELECT c FROM sbtest1 WHERE id BETWEEN 4419714 AND 4419813
	Index Scan using sbtest1_pkey on sbtest1  (cost=0.43..348.28 rows=90 width=121)
	  Index Cond: ((id >= 4419714) AND (id <= 4419813))

table 2 : explain SELECT c FROM sbtest2 WHERE id BETWEEN 5032653 AND 5032752
	Index Scan using sbtest2_pkey on sbtest2  (cost=0.43..384.45 rows=99 width=121)
	  Index Cond: ((id >= 5032653) AND (id <= 5032752))

table 3 : explain SELECT c FROM sbtest3 WHERE id BETWEEN 5102809 AND 5102908
	Index Scan using sbtest3_pkey on sbtest3  (cost=0.43..393.26 rows=102 width=121)
	  Index Cond: ((id >= 5102809) AND (id <= 5102908))

table 4 : explain SELECT c FROM sbtest4 WHERE id BETWEEN 5519784 AND 5519883
	Index Scan using sbtest4_pkey on sbtest4  (cost=0.43..351.85 rows=91 width=121)
	  Index Cond: ((id >= 5519784) AND (id <= 5519883))

table 5 : explain SELECT c FROM sbtest5 WHERE id BETWEEN 5391275 AND 5391374
	Index Scan using sbtest5_pkey on sbtest5  (cost=0.43..373.10 rows=97 width=121)
	  Index Cond: ((id >= 5391275) AND (id <= 5391374))

table 6 : explain SELECT c FROM sbtest6 WHERE id BETWEEN 4622101 AND 4622200
	Index Scan using sbtest6_pkey on sbtest6  (cost=0.43..387.08 rows=100 width=121)
	  Index Cond: ((id >= 4622101) AND (id <= 4622200))

table 7 : explain SELECT c FROM sbtest7 WHERE id BETWEEN 1572667 AND 1572766
	Index Scan using sbtest7_pkey on sbtest7  (cost=0.43..382.28 rows=99 width=121)
	  Index Cond: ((id >= 1572667) AND (id <= 1572766))

table 8 : explain SELECT c FROM sbtest8 WHERE id BETWEEN 3563575 AND 3563674
	Index Scan using sbtest8_pkey on sbtest8  (cost=0.43..390.86 rows=101 width=121)
	  Index Cond: ((id >= 3563575) AND (id <= 3563674))

explain: for inserts :: explain INSERT INTO sbtest%u (id, k, c, pad) VALUES (%u, 13, 'foobar', 'foobar')
for deletes
table 1 : explain DELETE FROM sbtest1 WHERE id=996604
	Delete on sbtest1  (cost=0.43..8.45 rows=0 width=0)
	  ->  Index Scan using sbtest1_pkey on sbtest1  (cost=0.43..8.45 rows=1 width=6)
	        Index Cond: (id = 996604)

table 2 : explain DELETE FROM sbtest2 WHERE id=7869802
	Delete on sbtest2  (cost=0.43..8.45 rows=0 width=0)
	  ->  Index Scan using sbtest2_pkey on sbtest2  (cost=0.43..8.45 rows=1 width=6)
	        Index Cond: (id = 7869802)

table 3 : explain DELETE FROM sbtest3 WHERE id=6770748
	Delete on sbtest3  (cost=0.43..8.45 rows=0 width=0)
	  ->  Index Scan using sbtest3_pkey on sbtest3  (cost=0.43..8.45 rows=1 width=6)
	        Index Cond: (id = 6770748)

table 4 : explain DELETE FROM sbtest4 WHERE id=8929910
	Delete on sbtest4  (cost=0.43..8.45 rows=0 width=0)
	  ->  Index Scan using sbtest4_pkey on sbtest4  (cost=0.43..8.45 rows=1 width=6)
	        Index Cond: (id = 8929910)

table 5 : explain DELETE FROM sbtest5 WHERE id=8738928
	Delete on sbtest5  (cost=0.43..8.45 rows=0 width=0)
	  ->  Index Scan using sbtest5_pkey on sbtest5  (cost=0.43..8.45 rows=1 width=6)
	        Index Cond: (id = 8738928)

table 6 : explain DELETE FROM sbtest6 WHERE id=1663091
	Delete on sbtest6  (cost=0.43..8.45 rows=0 width=0)
	  ->  Index Scan using sbtest6_pkey on sbtest6  (cost=0.43..8.45 rows=1 width=6)
	        Index Cond: (id = 1663091)

table 7 : explain DELETE FROM sbtest7 WHERE id=5820677
	Delete on sbtest7  (cost=0.43..8.45 rows=0 width=0)
	  ->  Index Scan using sbtest7_pkey on sbtest7  (cost=0.43..8.45 rows=1 width=6)
	        Index Cond: (id = 5820677)

table 8 : explain DELETE FROM sbtest8 WHERE id=7955841
	Delete on sbtest8  (cost=0.43..8.45 rows=0 width=0)
	  ->  Index Scan using sbtest8_pkey on sbtest8  (cost=0.43..8.45 rows=1 width=6)
	        Index Cond: (id = 7955841)

for non_index_updates
table 1 : explain UPDATE sbtest1 SET c='foobar' WHERE id=5328414
	Update on sbtest1  (cost=0.43..8.45 rows=0 width=0)
	  ->  Index Scan using sbtest1_pkey on sbtest1  (cost=0.43..8.45 rows=1 width=490)
	        Index Cond: (id = 5328414)

table 2 : explain UPDATE sbtest2 SET c='foobar' WHERE id=1860897
	Update on sbtest2  (cost=0.43..8.45 rows=0 width=0)
	  ->  Index Scan using sbtest2_pkey on sbtest2  (cost=0.43..8.45 rows=1 width=490)
	        Index Cond: (id = 1860897)

table 3 : explain UPDATE sbtest3 SET c='foobar' WHERE id=8807980
	Update on sbtest3  (cost=0.43..8.45 rows=0 width=0)
	  ->  Index Scan using sbtest3_pkey on sbtest3  (cost=0.43..8.45 rows=1 width=490)
	        Index Cond: (id = 8807980)

table 4 : explain UPDATE sbtest4 SET c='foobar' WHERE id=1440716
	Update on sbtest4  (cost=0.43..8.45 rows=0 width=0)
	  ->  Index Scan using sbtest4_pkey on sbtest4  (cost=0.43..8.45 rows=1 width=490)
	        Index Cond: (id = 1440716)

table 5 : explain UPDATE sbtest5 SET c='foobar' WHERE id=2826814
	Update on sbtest5  (cost=0.43..8.45 rows=0 width=0)
	  ->  Index Scan using sbtest5_pkey on sbtest5  (cost=0.43..8.45 rows=1 width=490)
	        Index Cond: (id = 2826814)

table 6 : explain UPDATE sbtest6 SET c='foobar' WHERE id=2149295
	Update on sbtest6  (cost=0.43..8.45 rows=0 width=0)
	  ->  Index Scan using sbtest6_pkey on sbtest6  (cost=0.43..8.45 rows=1 width=490)
	        Index Cond: (id = 2149295)

table 7 : explain UPDATE sbtest7 SET c='foobar' WHERE id=9856096
	Update on sbtest7  (cost=0.43..8.45 rows=0 width=0)
	  ->  Index Scan using sbtest7_pkey on sbtest7  (cost=0.43..8.45 rows=1 width=490)
	        Index Cond: (id = 9856096)

table 8 : explain UPDATE sbtest8 SET c='foobar' WHERE id=2480859
	Update on sbtest8  (cost=0.43..8.45 rows=0 width=0)
	  ->  Index Scan using sbtest8_pkey on sbtest8  (cost=0.43..8.45 rows=1 width=490)
	        Index Cond: (id = 2480859)

explain: for non_index_updates :: explain UPDATE sbtest%u SET c='foobar' WHERE id=%u
explain: for deletes :: explain DELETE FROM sbtest%u WHERE id=%u
explain: for deletes :: explain DELETE FROM sbtest%u WHERE id=%u
for inserts
table 1 : explain INSERT INTO sbtest1 (id, k, c, pad) VALUES (6450018, 13, 'foobar', 'foobar')
	Insert on sbtest1  (cost=0.00..0.01 rows=0 width=0)
	  ->  Result  (cost=0.00..0.01 rows=1 width=736)

table 2 : explain INSERT INTO sbtest2 (id, k, c, pad) VALUES (8807085, 13, 'foobar', 'foobar')
	Insert on sbtest2  (cost=0.00..0.01 rows=0 width=0)
	  ->  Result  (cost=0.00..0.01 rows=1 width=736)

table 3 : explain INSERT INTO sbtest3 (id, k, c, pad) VALUES (209880, 13, 'foobar', 'foobar')
	Insert on sbtest3  (cost=0.00..0.01 rows=0 width=0)
	  ->  Result  (cost=0.00..0.01 rows=1 width=736)

table 4 : explain INSERT INTO sbtest4 (id, k, c, pad) VALUES (9970936, 13, 'foobar', 'foobar')
	Insert on sbtest4  (cost=0.00..0.01 rows=0 width=0)
	  ->  Result  (cost=0.00..0.01 rows=1 width=736)

table 5 : explain INSERT INTO sbtest5 (id, k, c, pad) VALUES (8765823, 13, 'foobar', 'foobar')
	Insert on sbtest5  (cost=0.00..0.01 rows=0 width=0)
	  ->  Result  (cost=0.00..0.01 rows=1 width=736)

table 6 : explain INSERT INTO sbtest6 (id, k, c, pad) VALUES (757584, 13, 'foobar', 'foobar')
	Insert on sbtest6  (cost=0.00..0.01 rows=0 width=0)
	  ->  Result  (cost=0.00..0.01 rows=1 width=736)

table 7 : explain INSERT INTO sbtest7 (id, k, c, pad) VALUES (9186993, 13, 'foobar', 'foobar')
	Insert on sbtest7  (cost=0.00..0.01 rows=0 width=0)
	  ->  Result  (cost=0.00..0.01 rows=1 width=736)

table 8 : explain INSERT INTO sbtest8 (id, k, c, pad) VALUES (4547464, 13, 'foobar', 'foobar')
	Insert on sbtest8  (cost=0.00..0.01 rows=0 width=0)
	  ->  Result  (cost=0.00..0.01 rows=1 width=736)

for non_index_updates
table 1 : explain UPDATE sbtest1 SET c='foobar' WHERE id=5683302
	Update on sbtest1  (cost=0.43..8.45 rows=0 width=0)
	  ->  Index Scan using sbtest1_pkey on sbtest1  (cost=0.43..8.45 rows=1 width=490)
	        Index Cond: (id = 5683302)

table 2 : explain UPDATE sbtest2 SET c='foobar' WHERE id=3580412
	Update on sbtest2  (cost=0.43..8.45 rows=0 width=0)
	  ->  Index Scan using sbtest2_pkey on sbtest2  (cost=0.43..8.45 rows=1 width=490)
	        Index Cond: (id = 3580412)

table 3 : explain UPDATE sbtest3 SET c='foobar' WHERE id=7158035
	Update on sbtest3  (cost=0.43..8.45 rows=0 width=0)
	  ->  Index Scan using sbtest3_pkey on sbtest3  (cost=0.43..8.45 rows=1 width=490)
	        Index Cond: (id = 7158035)

table 4 : explain UPDATE sbtest4 SET c='foobar' WHERE id=2257769
	Update on sbtest4  (cost=0.43..8.45 rows=0 width=0)
	  ->  Index Scan using sbtest4_pkey on sbtest4  (cost=0.43..8.45 rows=1 width=490)
	        Index Cond: (id = 2257769)

table 5 : explain UPDATE sbtest5 SET c='foobar' WHERE id=3174791
	Update on sbtest5  (cost=0.43..8.45 rows=0 width=0)
	  ->  Index Scan using sbtest5_pkey on sbtest5  (cost=0.43..8.45 rows=1 width=490)
	        Index Cond: (id = 3174791)

table 6 : explain UPDATE sbtest6 SET c='foobar' WHERE id=8922754
	Update on sbtest6  (cost=0.43..8.45 rows=0 width=0)
	  ->  Index Scan using sbtest6_pkey on sbtest6  (cost=0.43..8.45 rows=1 width=490)
	        Index Cond: (id = 8922754)

table 7 : explain UPDATE sbtest7 SET c='foobar' WHERE id=6710835
	Update on sbtest7  (cost=0.43..8.45 rows=0 width=0)
	  ->  Index Scan using sbtest7_pkey on sbtest7  (cost=0.43..8.45 rows=1 width=490)
	        Index Cond: (id = 6710835)

table 8 : explain UPDATE sbtest8 SET c='foobar' WHERE id=4794334
	Update on sbtest8  (cost=0.43..8.45 rows=0 width=0)
	  ->  Index Scan using sbtest8_pkey on sbtest8  (cost=0.43..8.45 rows=1 width=490)
	        Index Cond: (id = 4794334)

explain: for inserts :: explain INSERT INTO sbtest%u (id, k, c, pad) VALUES (%u, 13, 'foobar', 'foobar')
for deletes
table 1 : explain DELETE FROM sbtest1 WHERE id=584916
	Delete on sbtest1  (cost=0.43..8.45 rows=0 width=0)
	  ->  Index Scan using sbtest1_pkey on sbtest1  (cost=0.43..8.45 rows=1 width=6)
	        Index Cond: (id = 584916)

table 2 : explain DELETE FROM sbtest2 WHERE id=8247907
	Delete on sbtest2  (cost=0.43..8.45 rows=0 width=0)
	  ->  Index Scan using sbtest2_pkey on sbtest2  (cost=0.43..8.45 rows=1 width=6)
	        Index Cond: (id = 8247907)

table 3 : explain DELETE FROM sbtest3 WHERE id=7174480
	Delete on sbtest3  (cost=0.43..8.45 rows=0 width=0)
	  ->  Index Scan using sbtest3_pkey on sbtest3  (cost=0.43..8.45 rows=1 width=6)
	        Index Cond: (id = 7174480)

table 4 : explain DELETE FROM sbtest4 WHERE id=6071665
	Delete on sbtest4  (cost=0.43..8.45 rows=0 width=0)
	  ->  Index Scan using sbtest4_pkey on sbtest4  (cost=0.43..8.45 rows=1 width=6)
	        Index Cond: (id = 6071665)

table 5 : explain DELETE FROM sbtest5 WHERE id=6386475
	Delete on sbtest5  (cost=0.43..8.45 rows=0 width=0)
	  ->  Index Scan using sbtest5_pkey on sbtest5  (cost=0.43..8.45 rows=1 width=6)
	        Index Cond: (id = 6386475)

table 6 : explain DELETE FROM sbtest6 WHERE id=6204281
	Delete on sbtest6  (cost=0.43..8.45 rows=0 width=0)
	  ->  Index Scan using sbtest6_pkey on sbtest6  (cost=0.43..8.45 rows=1 width=6)
	        Index Cond: (id = 6204281)

table 7 : explain DELETE FROM sbtest7 WHERE id=5570004
	Delete on sbtest7  (cost=0.43..8.45 rows=0 width=0)
	  ->  Index Scan using sbtest7_pkey on sbtest7  (cost=0.43..8.45 rows=1 width=6)
	        Index Cond: (id = 5570004)

table 8 : explain DELETE FROM sbtest8 WHERE id=2043847
	Delete on sbtest8  (cost=0.43..8.45 rows=0 width=0)
	  ->  Index Scan using sbtest8_pkey on sbtest8  (cost=0.43..8.45 rows=1 width=6)
	        Index Cond: (id = 2043847)

explain: for deletes :: explain DELETE FROM sbtest%u WHERE id=%u
for non_index_updates
table 1 : explain UPDATE sbtest1 SET c='foobar' WHERE id=2129371
	Update on sbtest1  (cost=0.43..8.45 rows=0 width=0)
	  ->  Index Scan using sbtest1_pkey on sbtest1  (cost=0.43..8.45 rows=1 width=490)
	        Index Cond: (id = 2129371)

table 2 : explain UPDATE sbtest2 SET c='foobar' WHERE id=7718731
	Update on sbtest2  (cost=0.43..8.45 rows=0 width=0)
	  ->  Index Scan using sbtest2_pkey on sbtest2  (cost=0.43..8.45 rows=1 width=490)
	        Index Cond: (id = 7718731)

table 3 : explain UPDATE sbtest3 SET c='foobar' WHERE id=1276035
	Update on sbtest3  (cost=0.43..8.45 rows=0 width=0)
	  ->  Index Scan using sbtest3_pkey on sbtest3  (cost=0.43..8.45 rows=1 width=490)
	        Index Cond: (id = 1276035)

table 4 : explain UPDATE sbtest4 SET c='foobar' WHERE id=786632
	Update on sbtest4  (cost=0.43..8.45 rows=0 width=0)
	  ->  Index Scan using sbtest4_pkey on sbtest4  (cost=0.43..8.45 rows=1 width=490)
	        Index Cond: (id = 786632)

table 5 : explain UPDATE sbtest5 SET c='foobar' WHERE id=7164331
	Update on sbtest5  (cost=0.43..8.45 rows=0 width=0)
	  ->  Index Scan using sbtest5_pkey on sbtest5  (cost=0.43..8.45 rows=1 width=490)
	        Index Cond: (id = 7164331)

table 6 : explain UPDATE sbtest6 SET c='foobar' WHERE id=2041261
	Update on sbtest6  (cost=0.43..8.45 rows=0 width=0)
	  ->  Index Scan using sbtest6_pkey on sbtest6  (cost=0.43..8.45 rows=1 width=490)
	        Index Cond: (id = 2041261)

table 7 : explain UPDATE sbtest7 SET c='foobar' WHERE id=7995734
	Update on sbtest7  (cost=0.43..8.45 rows=0 width=0)
	  ->  Index Scan using sbtest7_pkey on sbtest7  (cost=0.43..8.45 rows=1 width=490)
	        Index Cond: (id = 7995734)

table 8 : explain UPDATE sbtest8 SET c='foobar' WHERE id=3529649
	Update on sbtest8  (cost=0.43..8.45 rows=0 width=0)
	  ->  Index Scan using sbtest8_pkey on sbtest8  (cost=0.43..8.45 rows=1 width=490)
	        Index Cond: (id = 3529649)

for deletes
table 1 : explain DELETE FROM sbtest1 WHERE id=1413879
	Delete on sbtest1  (cost=0.43..8.45 rows=0 width=0)
	  ->  Index Scan using sbtest1_pkey on sbtest1  (cost=0.43..8.45 rows=1 width=6)
	        Index Cond: (id = 1413879)

table 2 : explain DELETE FROM sbtest2 WHERE id=2544018
	Delete on sbtest2  (cost=0.43..8.45 rows=0 width=0)
	  ->  Index Scan using sbtest2_pkey on sbtest2  (cost=0.43..8.45 rows=1 width=6)
	        Index Cond: (id = 2544018)

table 3 : explain DELETE FROM sbtest3 WHERE id=1660599
	Delete on sbtest3  (cost=0.43..8.45 rows=0 width=0)
	  ->  Index Scan using sbtest3_pkey on sbtest3  (cost=0.43..8.45 rows=1 width=6)
	        Index Cond: (id = 1660599)

table 4 : explain DELETE FROM sbtest4 WHERE id=7321549
	Delete on sbtest4  (cost=0.43..8.45 rows=0 width=0)
	  ->  Index Scan using sbtest4_pkey on sbtest4  (cost=0.43..8.45 rows=1 width=6)
	        Index Cond: (id = 7321549)

table 5 : explain DELETE FROM sbtest5 WHERE id=4507364
	Delete on sbtest5  (cost=0.43..8.45 rows=0 width=0)
	  ->  Index Scan using sbtest5_pkey on sbtest5  (cost=0.43..8.45 rows=1 width=6)
	        Index Cond: (id = 4507364)

table 6 : explain DELETE FROM sbtest6 WHERE id=2366493
	Delete on sbtest6  (cost=0.43..8.45 rows=0 width=0)
	  ->  Index Scan using sbtest6_pkey on sbtest6  (cost=0.43..8.45 rows=1 width=6)
	        Index Cond: (id = 2366493)

table 7 : explain DELETE FROM sbtest7 WHERE id=5232300
	Delete on sbtest7  (cost=0.43..8.45 rows=0 width=0)
	  ->  Index Scan using sbtest7_pkey on sbtest7  (cost=0.43..8.45 rows=1 width=6)
	        Index Cond: (id = 5232300)

table 8 : explain DELETE FROM sbtest8 WHERE id=2979815
	Delete on sbtest8  (cost=0.43..8.45 rows=0 width=0)
	  ->  Index Scan using sbtest8_pkey on sbtest8  (cost=0.43..8.45 rows=1 width=6)
	        Index Cond: (id = 2979815)

for: simple_ranges
table 1 : explain SELECT c FROM sbtest1 WHERE id BETWEEN 7769860 AND 7769959
	Index Scan using sbtest1_pkey on sbtest1  (cost=0.43..413.22 rows=107 width=121)
	  Index Cond: ((id >= 7769860) AND (id <= 7769959))

table 2 : explain SELECT c FROM sbtest2 WHERE id BETWEEN 2970143 AND 2970242
	Index Scan using sbtest2_pkey on sbtest2  (cost=0.43..361.39 rows=93 width=121)
	  Index Cond: ((id >= 2970143) AND (id <= 2970242))

table 3 : explain SELECT c FROM sbtest3 WHERE id BETWEEN 3324196 AND 3324295
	Index Scan using sbtest3_pkey on sbtest3  (cost=0.43..366.60 rows=95 width=121)
	  Index Cond: ((id >= 3324196) AND (id <= 3324295))

table 4 : explain SELECT c FROM sbtest4 WHERE id BETWEEN 594750 AND 594849
	Index Scan using sbtest4_pkey on sbtest4  (cost=0.43..370.97 rows=96 width=121)
	  Index Cond: ((id >= 594750) AND (id <= 594849))

table 5 : explain SELECT c FROM sbtest5 WHERE id BETWEEN 9329252 AND 9329351
	Index Scan using sbtest5_pkey on sbtest5  (cost=0.43..373.10 rows=97 width=121)
	  Index Cond: ((id >= 9329252) AND (id <= 9329351))

table 6 : explain SELECT c FROM sbtest6 WHERE id BETWEEN 4013416 AND 4013515
	Index Scan using sbtest6_pkey on sbtest6  (cost=0.43..394.73 rows=102 width=121)
	  Index Cond: ((id >= 4013416) AND (id <= 4013515))

table 7 : explain SELECT c FROM sbtest7 WHERE id BETWEEN 8711868 AND 8711967
	Index Scan using sbtest7_pkey on sbtest7  (cost=0.43..367.03 rows=95 width=121)
	  Index Cond: ((id >= 8711868) AND (id <= 8711967))

table 8 : explain SELECT c FROM sbtest8 WHERE id BETWEEN 8608162 AND 8608261
	Index Scan using sbtest8_pkey on sbtest8  (cost=0.43..371.75 rows=96 width=121)
	  Index Cond: ((id >= 8608162) AND (id <= 8608261))

explain: for deletes :: explain DELETE FROM sbtest%u WHERE id=%u
explain: for inserts :: explain INSERT INTO sbtest%u (id, k, c, pad) VALUES (%u, 13, 'foobar', 'foobar')
for deletes
table 1 : explain DELETE FROM sbtest1 WHERE id=7835229
	Delete on sbtest1  (cost=0.43..8.45 rows=0 width=0)
	  ->  Index Scan using sbtest1_pkey on sbtest1  (cost=0.43..8.45 rows=1 width=6)
	        Index Cond: (id = 7835229)

table 2 : explain DELETE FROM sbtest2 WHERE id=6551229
	Delete on sbtest2  (cost=0.43..8.45 rows=0 width=0)
	  ->  Index Scan using sbtest2_pkey on sbtest2  (cost=0.43..8.45 rows=1 width=6)
	        Index Cond: (id = 6551229)

table 3 : explain DELETE FROM sbtest3 WHERE id=3811208
	Delete on sbtest3  (cost=0.43..8.45 rows=0 width=0)
	  ->  Index Scan using sbtest3_pkey on sbtest3  (cost=0.43..8.45 rows=1 width=6)
	        Index Cond: (id = 3811208)

table 4 : explain DELETE FROM sbtest4 WHERE id=1146368
	Delete on sbtest4  (cost=0.43..8.45 rows=0 width=0)
	  ->  Index Scan using sbtest4_pkey on sbtest4  (cost=0.43..8.45 rows=1 width=6)
	        Index Cond: (id = 1146368)

table 5 : explain DELETE FROM sbtest5 WHERE id=9791282
	Delete on sbtest5  (cost=0.43..8.45 rows=0 width=0)
	  ->  Index Scan using sbtest5_pkey on sbtest5  (cost=0.43..8.45 rows=1 width=6)
	        Index Cond: (id = 9791282)

table 6 : explain DELETE FROM sbtest6 WHERE id=2986485
	Delete on sbtest6  (cost=0.43..8.45 rows=0 width=0)
	  ->  Index Scan using sbtest6_pkey on sbtest6  (cost=0.43..8.45 rows=1 width=6)
	        Index Cond: (id = 2986485)

table 7 : explain DELETE FROM sbtest7 WHERE id=8376908
	Delete on sbtest7  (cost=0.43..8.45 rows=0 width=0)
	  ->  Index Scan using sbtest7_pkey on sbtest7  (cost=0.43..8.45 rows=1 width=6)
	        Index Cond: (id = 8376908)

table 8 : explain DELETE FROM sbtest8 WHERE id=5568763
	Delete on sbtest8  (cost=0.43..8.45 rows=0 width=0)
	  ->  Index Scan using sbtest8_pkey on sbtest8  (cost=0.43..8.45 rows=1 width=6)
	        Index Cond: (id = 5568763)

explain: for inserts :: explain INSERT INTO sbtest%u (id, k, c, pad) VALUES (%u, 13, 'foobar', 'foobar')
for point_selects
table 1 : explain SELECT c FROM sbtest1 WHERE id=6776142
	Index Scan using sbtest1_pkey on sbtest1  (cost=0.43..8.45 rows=1 width=121)
	  Index Cond: (id = 6776142)

table 2 : explain SELECT c FROM sbtest2 WHERE id=5935914
	Index Scan using sbtest2_pkey on sbtest2  (cost=0.43..8.45 rows=1 width=121)
	  Index Cond: (id = 5935914)

table 3 : explain SELECT c FROM sbtest3 WHERE id=9157631
	Index Scan using sbtest3_pkey on sbtest3  (cost=0.43..8.45 rows=1 width=121)
	  Index Cond: (id = 9157631)

table 4 : explain SELECT c FROM sbtest4 WHERE id=815329
	Index Scan using sbtest4_pkey on sbtest4  (cost=0.43..8.45 rows=1 width=121)
	  Index Cond: (id = 815329)

table 5 : explain SELECT c FROM sbtest5 WHERE id=5265470
	Index Scan using sbtest5_pkey on sbtest5  (cost=0.43..8.45 rows=1 width=121)
	  Index Cond: (id = 5265470)

table 6 : explain SELECT c FROM sbtest6 WHERE id=3685512
	Index Scan using sbtest6_pkey on sbtest6  (cost=0.43..8.45 rows=1 width=121)
	  Index Cond: (id = 3685512)

table 7 : explain SELECT c FROM sbtest7 WHERE id=3364399
	Index Scan using sbtest7_pkey on sbtest7  (cost=0.43..8.45 rows=1 width=121)
	  Index Cond: (id = 3364399)

table 8 : explain SELECT c FROM sbtest8 WHERE id=5947071
	Index Scan using sbtest8_pkey on sbtest8  (cost=0.43..8.45 rows=1 width=121)
	  Index Cond: (id = 5947071)

explain: for inserts :: explain INSERT INTO sbtest%u (id, k, c, pad) VALUES (%u, 13, 'foobar', 'foobar')
for point_selects
table 1 : explain SELECT c FROM sbtest1 WHERE id=5011931
	Index Scan using sbtest1_pkey on sbtest1  (cost=0.43..8.45 rows=1 width=121)
	  Index Cond: (id = 5011931)

table 2 : explain SELECT c FROM sbtest2 WHERE id=1630047
	Index Scan using sbtest2_pkey on sbtest2  (cost=0.43..8.45 rows=1 width=121)
	  Index Cond: (id = 1630047)

table 3 : explain SELECT c FROM sbtest3 WHERE id=9459312
	Index Scan using sbtest3_pkey on sbtest3  (cost=0.43..8.45 rows=1 width=121)
	  Index Cond: (id = 9459312)

table 4 : explain SELECT c FROM sbtest4 WHERE id=1129145
	Index Scan using sbtest4_pkey on sbtest4  (cost=0.43..8.45 rows=1 width=121)
	  Index Cond: (id = 1129145)

table 5 : explain SELECT c FROM sbtest5 WHERE id=2965412
	Index Scan using sbtest5_pkey on sbtest5  (cost=0.43..8.45 rows=1 width=121)
	  Index Cond: (id = 2965412)

table 6 : explain SELECT c FROM sbtest6 WHERE id=3544151
	Index Scan using sbtest6_pkey on sbtest6  (cost=0.43..8.45 rows=1 width=121)
	  Index Cond: (id = 3544151)

table 7 : explain SELECT c FROM sbtest7 WHERE id=6976211
	Index Scan using sbtest7_pkey on sbtest7  (cost=0.43..8.45 rows=1 width=121)
	  Index Cond: (id = 6976211)

table 8 : explain SELECT c FROM sbtest8 WHERE id=2605883
	Index Scan using sbtest8_pkey on sbtest8  (cost=0.43..8.45 rows=1 width=121)
	  Index Cond: (id = 2605883)

for: order_ranges
table 1 : explain SELECT c FROM sbtest1 WHERE id BETWEEN 2671152 AND 2671251 ORDER BY c
	Sort  (cost=428.41..428.68 rows=110 width=121)
	  Sort Key: c
	  ->  Index Scan using sbtest1_pkey on sbtest1  (cost=0.43..424.68 rows=110 width=121)
	        Index Cond: ((id >= 2671152) AND (id <= 2671251))

table 2 : explain SELECT c FROM sbtest2 WHERE id BETWEEN 3465760 AND 3465859 ORDER BY c
	Sort  (cost=368.35..368.59 rows=94 width=121)
	  Sort Key: c
	  ->  Index Scan using sbtest2_pkey on sbtest2  (cost=0.43..365.27 rows=94 width=121)
	        Index Cond: ((id >= 3465760) AND (id <= 3465859))

table 3 : explain SELECT c FROM sbtest3 WHERE id BETWEEN 6618830 AND 6618929 ORDER BY c
	Sort  (cost=392.82..393.07 rows=101 width=121)
	  Sort Key: c
	  ->  Index Scan using sbtest3_pkey on sbtest3  (cost=0.43..389.45 rows=101 width=121)
	        Index Cond: ((id >= 6618830) AND (id <= 6618929))

table 4 : explain SELECT c FROM sbtest4 WHERE id BETWEEN 3837979 AND 3838078 ORDER BY c
	Sort  (cost=408.82..409.09 rows=105 width=121)
	  Sort Key: c
	  ->  Index Scan using sbtest4_pkey on sbtest4  (cost=0.43..405.30 rows=105 width=121)
	        Index Cond: ((id >= 3837979) AND (id <= 3838078))

table 5 : explain SELECT c FROM sbtest5 WHERE id BETWEEN 7347068 AND 7347167 ORDER BY c
	Sort  (cost=403.16..403.42 rows=104 width=121)
	  Sort Key: c
	  ->  Index Scan using sbtest5_pkey on sbtest5  (cost=0.43..399.68 rows=104 width=121)
	        Index Cond: ((id >= 7347068) AND (id <= 7347167))

table 6 : explain SELECT c FROM sbtest6 WHERE id BETWEEN 3008861 AND 3008960 ORDER BY c
	Sort  (cost=390.41..390.66 rows=100 width=121)
	  Sort Key: c
	  ->  Index Scan using sbtest6_pkey on sbtest6  (cost=0.43..387.08 rows=100 width=121)
	        Index Cond: ((id >= 3008861) AND (id <= 3008960))

table 7 : explain SELECT c FROM sbtest7 WHERE id BETWEEN 5987807 AND 5987906 ORDER BY c
	Sort  (cost=408.68..408.95 rows=105 width=121)
	  Sort Key: c
	  ->  Index Scan using sbtest7_pkey on sbtest7  (cost=0.43..405.16 rows=105 width=121)
	        Index Cond: ((id >= 5987807) AND (id <= 5987906))

table 8 : explain SELECT c FROM sbtest8 WHERE id BETWEEN 2966217 AND 2966316 ORDER BY c
	Sort  (cost=432.86..433.14 rows=111 width=121)
	  Sort Key: c
	  ->  Index Scan using sbtest8_pkey on sbtest8  (cost=0.43..429.09 rows=111 width=121)
	        Index Cond: ((id >= 2966217) AND (id <= 2966316))

for deletes
table 1 : explain DELETE FROM sbtest1 WHERE id=1676700
	Delete on sbtest1  (cost=0.43..8.45 rows=0 width=0)
	  ->  Index Scan using sbtest1_pkey on sbtest1  (cost=0.43..8.45 rows=1 width=6)
	        Index Cond: (id = 1676700)

table 2 : explain DELETE FROM sbtest2 WHERE id=9696282
	Delete on sbtest2  (cost=0.43..8.45 rows=0 width=0)
	  ->  Index Scan using sbtest2_pkey on sbtest2  (cost=0.43..8.45 rows=1 width=6)
	        Index Cond: (id = 9696282)

table 3 : explain DELETE FROM sbtest3 WHERE id=1391204
	Delete on sbtest3  (cost=0.43..8.45 rows=0 width=0)
	  ->  Index Scan using sbtest3_pkey on sbtest3  (cost=0.43..8.45 rows=1 width=6)
	        Index Cond: (id = 1391204)

table 4 : explain DELETE FROM sbtest4 WHERE id=4614467
	Delete on sbtest4  (cost=0.43..8.45 rows=0 width=0)
	  ->  Index Scan using sbtest4_pkey on sbtest4  (cost=0.43..8.45 rows=1 width=6)
	        Index Cond: (id = 4614467)

table 5 : explain DELETE FROM sbtest5 WHERE id=1767202
	Delete on sbtest5  (cost=0.43..8.45 rows=0 width=0)
	  ->  Index Scan using sbtest5_pkey on sbtest5  (cost=0.43..8.45 rows=1 width=6)
	        Index Cond: (id = 1767202)

table 6 : explain DELETE FROM sbtest6 WHERE id=8586470
	Delete on sbtest6  (cost=0.43..8.45 rows=0 width=0)
	  ->  Index Scan using sbtest6_pkey on sbtest6  (cost=0.43..8.45 rows=1 width=6)
	        Index Cond: (id = 8586470)

table 7 : explain DELETE FROM sbtest7 WHERE id=4522278
	Delete on sbtest7  (cost=0.43..8.45 rows=0 width=0)
	  ->  Index Scan using sbtest7_pkey on sbtest7  (cost=0.43..8.45 rows=1 width=6)
	        Index Cond: (id = 4522278)

table 8 : explain DELETE FROM sbtest8 WHERE id=7912348
	Delete on sbtest8  (cost=0.43..8.45 rows=0 width=0)
	  ->  Index Scan using sbtest8_pkey on sbtest8  (cost=0.43..8.45 rows=1 width=6)
	        Index Cond: (id = 7912348)

for inserts
table 1 : explain INSERT INTO sbtest1 (id, k, c, pad) VALUES (3466277, 13, 'foobar', 'foobar')
	Insert on sbtest1  (cost=0.00..0.01 rows=0 width=0)
	  ->  Result  (cost=0.00..0.01 rows=1 width=736)

table 2 : explain INSERT INTO sbtest2 (id, k, c, pad) VALUES (4273125, 13, 'foobar', 'foobar')
	Insert on sbtest2  (cost=0.00..0.01 rows=0 width=0)
	  ->  Result  (cost=0.00..0.01 rows=1 width=736)

table 3 : explain INSERT INTO sbtest3 (id, k, c, pad) VALUES (510110, 13, 'foobar', 'foobar')
	Insert on sbtest3  (cost=0.00..0.01 rows=0 width=0)
	  ->  Result  (cost=0.00..0.01 rows=1 width=736)

table 4 : explain INSERT INTO sbtest4 (id, k, c, pad) VALUES (8945573, 13, 'foobar', 'foobar')
	Insert on sbtest4  (cost=0.00..0.01 rows=0 width=0)
	  ->  Result  (cost=0.00..0.01 rows=1 width=736)

table 5 : explain INSERT INTO sbtest5 (id, k, c, pad) VALUES (1714105, 13, 'foobar', 'foobar')
	Insert on sbtest5  (cost=0.00..0.01 rows=0 width=0)
	  ->  Result  (cost=0.00..0.01 rows=1 width=736)

table 6 : explain INSERT INTO sbtest6 (id, k, c, pad) VALUES (4558346, 13, 'foobar', 'foobar')
	Insert on sbtest6  (cost=0.00..0.01 rows=0 width=0)
	  ->  Result  (cost=0.00..0.01 rows=1 width=736)

table 7 : explain INSERT INTO sbtest7 (id, k, c, pad) VALUES (9863083, 13, 'foobar', 'foobar')
	Insert on sbtest7  (cost=0.00..0.01 rows=0 width=0)
	  ->  Result  (cost=0.00..0.01 rows=1 width=736)

table 8 : explain INSERT INTO sbtest8 (id, k, c, pad) VALUES (8465444, 13, 'foobar', 'foobar')
	Insert on sbtest8  (cost=0.00..0.01 rows=0 width=0)
	  ->  Result  (cost=0.00..0.01 rows=1 width=736)

for inserts
table 1 : explain INSERT INTO sbtest1 (id, k, c, pad) VALUES (7416729, 13, 'foobar', 'foobar')
	Insert on sbtest1  (cost=0.00..0.01 rows=0 width=0)
	  ->  Result  (cost=0.00..0.01 rows=1 width=736)

table 2 : explain INSERT INTO sbtest2 (id, k, c, pad) VALUES (9560678, 13, 'foobar', 'foobar')
	Insert on sbtest2  (cost=0.00..0.01 rows=0 width=0)
	  ->  Result  (cost=0.00..0.01 rows=1 width=736)

table 3 : explain INSERT INTO sbtest3 (id, k, c, pad) VALUES (2304791, 13, 'foobar', 'foobar')
	Insert on sbtest3  (cost=0.00..0.01 rows=0 width=0)
	  ->  Result  (cost=0.00..0.01 rows=1 width=736)

table 4 : explain INSERT INTO sbtest4 (id, k, c, pad) VALUES (6188195, 13, 'foobar', 'foobar')
	Insert on sbtest4  (cost=0.00..0.01 rows=0 width=0)
	  ->  Result  (cost=0.00..0.01 rows=1 width=736)

table 5 : explain INSERT INTO sbtest5 (id, k, c, pad) VALUES (4120149, 13, 'foobar', 'foobar')
	Insert on sbtest5  (cost=0.00..0.01 rows=0 width=0)
	  ->  Result  (cost=0.00..0.01 rows=1 width=736)

table 6 : explain INSERT INTO sbtest6 (id, k, c, pad) VALUES (4577397, 13, 'foobar', 'foobar')
	Insert on sbtest6  (cost=0.00..0.01 rows=0 width=0)
	  ->  Result  (cost=0.00..0.01 rows=1 width=736)

table 7 : explain INSERT INTO sbtest7 (id, k, c, pad) VALUES (4434603, 13, 'foobar', 'foobar')
	Insert on sbtest7  (cost=0.00..0.01 rows=0 width=0)
	  ->  Result  (cost=0.00..0.01 rows=1 width=736)

table 8 : explain INSERT INTO sbtest8 (id, k, c, pad) VALUES (8403500, 13, 'foobar', 'foobar')
	Insert on sbtest8  (cost=0.00..0.01 rows=0 width=0)
	  ->  Result  (cost=0.00..0.01 rows=1 width=736)

for inserts
table 1 : explain INSERT INTO sbtest1 (id, k, c, pad) VALUES (5189341, 13, 'foobar', 'foobar')
	Insert on sbtest1  (cost=0.00..0.01 rows=0 width=0)
	  ->  Result  (cost=0.00..0.01 rows=1 width=736)

table 2 : explain INSERT INTO sbtest2 (id, k, c, pad) VALUES (5136888, 13, 'foobar', 'foobar')
	Insert on sbtest2  (cost=0.00..0.01 rows=0 width=0)
	  ->  Result  (cost=0.00..0.01 rows=1 width=736)

table 3 : explain INSERT INTO sbtest3 (id, k, c, pad) VALUES (9124770, 13, 'foobar', 'foobar')
	Insert on sbtest3  (cost=0.00..0.01 rows=0 width=0)
	  ->  Result  (cost=0.00..0.01 rows=1 width=736)

table 4 : explain INSERT INTO sbtest4 (id, k, c, pad) VALUES (109626, 13, 'foobar', 'foobar')
	Insert on sbtest4  (cost=0.00..0.01 rows=0 width=0)
	  ->  Result  (cost=0.00..0.01 rows=1 width=736)

table 5 : explain INSERT INTO sbtest5 (id, k, c, pad) VALUES (2013835, 13, 'foobar', 'foobar')
	Insert on sbtest5  (cost=0.00..0.01 rows=0 width=0)
	  ->  Result  (cost=0.00..0.01 rows=1 width=736)

table 6 : explain INSERT INTO sbtest6 (id, k, c, pad) VALUES (7675976, 13, 'foobar', 'foobar')
	Insert on sbtest6  (cost=0.00..0.01 rows=0 width=0)
	  ->  Result  (cost=0.00..0.01 rows=1 width=736)

table 7 : explain INSERT INTO sbtest7 (id, k, c, pad) VALUES (5655279, 13, 'foobar', 'foobar')
	Insert on sbtest7  (cost=0.00..0.01 rows=0 width=0)
	  ->  Result  (cost=0.00..0.01 rows=1 width=736)

table 8 : explain INSERT INTO sbtest8 (id, k, c, pad) VALUES (6258396, 13, 'foobar', 'foobar')
	Insert on sbtest8  (cost=0.00..0.01 rows=0 width=0)
	  ->  Result  (cost=0.00..0.01 rows=1 width=736)

for: distinct_ranges
table 1 : explain SELECT DISTINCT c FROM sbtest1 WHERE id BETWEEN 9053373 AND 9053472 ORDER BY c
	Unique  (cost=416.83..417.37 rows=107 width=121)
	  ->  Sort  (cost=416.83..417.10 rows=107 width=121)
	        Sort Key: c
	        ->  Index Scan using sbtest1_pkey on sbtest1  (cost=0.43..413.22 rows=107 width=121)
	              Index Cond: ((id >= 9053373) AND (id <= 9053472))

table 2 : explain SELECT DISTINCT c FROM sbtest2 WHERE id BETWEEN 9316916 AND 9317015 ORDER BY c
	Unique  (cost=391.61..392.11 rows=100 width=121)
	  ->  Sort  (cost=391.61..391.86 rows=100 width=121)
	        Sort Key: c
	        ->  Index Scan using sbtest2_pkey on sbtest2  (cost=0.43..388.28 rows=100 width=121)
	              Index Cond: ((id >= 9316916) AND (id <= 9317015))

table 3 : explain SELECT DISTINCT c FROM sbtest3 WHERE id BETWEEN 2227450 AND 2227549 ORDER BY c
	Unique  (cost=385.12..385.61 rows=99 width=121)
	  ->  Sort  (cost=385.12..385.37 rows=99 width=121)
	        Sort Key: c
	        ->  Index Scan using sbtest3_pkey on sbtest3  (cost=0.43..381.84 rows=99 width=121)
	              Index Cond: ((id >= 2227450) AND (id <= 2227549))

table 4 : explain SELECT DISTINCT c FROM sbtest4 WHERE id BETWEEN 1224959 AND 1225058 ORDER BY c
	Unique  (cost=385.69..386.19 rows=99 width=121)
	  ->  Sort  (cost=385.69..385.94 rows=99 width=121)
	        Sort Key: c
	        ->  Index Scan using sbtest4_pkey on sbtest4  (cost=0.43..382.41 rows=99 width=121)
	              Index Cond: ((id >= 1224959) AND (id <= 1225058))

table 5 : explain SELECT DISTINCT c FROM sbtest5 WHERE id BETWEEN 4143813 AND 4143912 ORDER BY c
	Unique  (cost=380.14..380.63 rows=98 width=121)
	  ->  Sort  (cost=380.14..380.38 rows=98 width=121)
	        Sort Key: c
	        ->  Index Scan using sbtest5_pkey on sbtest5  (cost=0.43..376.90 rows=98 width=121)
	              Index Cond: ((id >= 4143813) AND (id <= 4143912))

table 6 : explain SELECT DISTINCT c FROM sbtest6 WHERE id BETWEEN 7398597 AND 7398696 ORDER BY c
	Unique  (cost=409.72..410.25 rows=105 width=121)
	  ->  Sort  (cost=409.72..409.99 rows=105 width=121)
	        Sort Key: c
	        ->  Index Scan using sbtest6_pkey on sbtest6  (cost=0.43..406.20 rows=105 width=121)
	              Index Cond: ((id >= 7398597) AND (id <= 7398696))

table 7 : explain SELECT DISTINCT c FROM sbtest7 WHERE id BETWEEN 9028372 AND 9028471 ORDER BY c
	Unique  (cost=400.98..401.49 rows=103 width=121)
	  ->  Sort  (cost=400.98..401.23 rows=103 width=121)
	        Sort Key: c
	        ->  Index Scan using sbtest7_pkey on sbtest7  (cost=0.43..397.53 rows=103 width=121)
	              Index Cond: ((id >= 9028372) AND (id <= 9028471))

table 8 : explain SELECT DISTINCT c FROM sbtest8 WHERE id BETWEEN 2903897 AND 2903996 ORDER BY c
	Unique  (cost=432.86..433.41 rows=111 width=121)
	  ->  Sort  (cost=432.86..433.14 rows=111 width=121)
	        Sort Key: c
	        ->  Index Scan using sbtest8_pkey on sbtest8  (cost=0.43..429.09 rows=111 width=121)
	              Index Cond: ((id >= 2903897) AND (id <= 2903996))

explain: for inserts :: explain INSERT INTO sbtest%u (id, k, c, pad) VALUES (%u, 13, 'foobar', 'foobar')
for inserts
table 1 : explain INSERT INTO sbtest1 (id, k, c, pad) VALUES (3329062, 13, 'foobar', 'foobar')
	Insert on sbtest1  (cost=0.00..0.01 rows=0 width=0)
	  ->  Result  (cost=0.00..0.01 rows=1 width=736)

table 2 : explain INSERT INTO sbtest2 (id, k, c, pad) VALUES (4373574, 13, 'foobar', 'foobar')
	Insert on sbtest2  (cost=0.00..0.01 rows=0 width=0)
	  ->  Result  (cost=0.00..0.01 rows=1 width=736)

table 3 : explain INSERT INTO sbtest3 (id, k, c, pad) VALUES (7085687, 13, 'foobar', 'foobar')
	Insert on sbtest3  (cost=0.00..0.01 rows=0 width=0)
	  ->  Result  (cost=0.00..0.01 rows=1 width=736)

table 4 : explain INSERT INTO sbtest4 (id, k, c, pad) VALUES (4493816, 13, 'foobar', 'foobar')
	Insert on sbtest4  (cost=0.00..0.01 rows=0 width=0)
	  ->  Result  (cost=0.00..0.01 rows=1 width=736)

table 5 : explain INSERT INTO sbtest5 (id, k, c, pad) VALUES (1762855, 13, 'foobar', 'foobar')
	Insert on sbtest5  (cost=0.00..0.01 rows=0 width=0)
	  ->  Result  (cost=0.00..0.01 rows=1 width=736)

table 6 : explain INSERT INTO sbtest6 (id, k, c, pad) VALUES (6056098, 13, 'foobar', 'foobar')
	Insert on sbtest6  (cost=0.00..0.01 rows=0 width=0)
	  ->  Result  (cost=0.00..0.01 rows=1 width=736)

table 7 : explain INSERT INTO sbtest7 (id, k, c, pad) VALUES (269371, 13, 'foobar', 'foobar')
	Insert on sbtest7  (cost=0.00..0.01 rows=0 width=0)
	  ->  Result  (cost=0.00..0.01 rows=1 width=736)

table 8 : explain INSERT INTO sbtest8 (id, k, c, pad) VALUES (1682593, 13, 'foobar', 'foobar')
	Insert on sbtest8  (cost=0.00..0.01 rows=0 width=0)
	  ->  Result  (cost=0.00..0.01 rows=1 width=736)

explain: for index_updates :: explain UPDATE sbtest%u SET k=k+1 WHERE id=%u
explain: for inserts :: explain INSERT INTO sbtest%u (id, k, c, pad) VALUES (%u, 13, 'foobar', 'foobar')
for inserts
table 1 : explain INSERT INTO sbtest1 (id, k, c, pad) VALUES (9967531, 13, 'foobar', 'foobar')
	Insert on sbtest1  (cost=0.00..0.01 rows=0 width=0)
	  ->  Result  (cost=0.00..0.01 rows=1 width=736)

table 2 : explain INSERT INTO sbtest2 (id, k, c, pad) VALUES (855832, 13, 'foobar', 'foobar')
	Insert on sbtest2  (cost=0.00..0.01 rows=0 width=0)
	  ->  Result  (cost=0.00..0.01 rows=1 width=736)

table 3 : explain INSERT INTO sbtest3 (id, k, c, pad) VALUES (2466429, 13, 'foobar', 'foobar')
	Insert on sbtest3  (cost=0.00..0.01 rows=0 width=0)
	  ->  Result  (cost=0.00..0.01 rows=1 width=736)

table 4 : explain INSERT INTO sbtest4 (id, k, c, pad) VALUES (5439269, 13, 'foobar', 'foobar')
	Insert on sbtest4  (cost=0.00..0.01 rows=0 width=0)
	  ->  Result  (cost=0.00..0.01 rows=1 width=736)

table 5 : explain INSERT INTO sbtest5 (id, k, c, pad) VALUES (4104895, 13, 'foobar', 'foobar')
	Insert on sbtest5  (cost=0.00..0.01 rows=0 width=0)
	  ->  Result  (cost=0.00..0.01 rows=1 width=736)

table 6 : explain INSERT INTO sbtest6 (id, k, c, pad) VALUES (8809271, 13, 'foobar', 'foobar')
	Insert on sbtest6  (cost=0.00..0.01 rows=0 width=0)
	  ->  Result  (cost=0.00..0.01 rows=1 width=736)

table 7 : explain INSERT INTO sbtest7 (id, k, c, pad) VALUES (2690591, 13, 'foobar', 'foobar')
	Insert on sbtest7  (cost=0.00..0.01 rows=0 width=0)
	  ->  Result  (cost=0.00..0.01 rows=1 width=736)

table 8 : explain INSERT INTO sbtest8 (id, k, c, pad) VALUES (8431423, 13, 'foobar', 'foobar')
	Insert on sbtest8  (cost=0.00..0.01 rows=0 width=0)
	  ->  Result  (cost=0.00..0.01 rows=1 width=736)

for: simple_ranges
table 1 : explain SELECT c FROM sbtest1 WHERE id BETWEEN 9331706 AND 9331805
	Index Scan using sbtest1_pkey on sbtest1  (cost=0.43..394.14 rows=102 width=121)
	  Index Cond: ((id >= 9331706) AND (id <= 9331805))

table 2 : explain SELECT c FROM sbtest2 WHERE id BETWEEN 2717199 AND 2717298
	Index Scan using sbtest2_pkey on sbtest2  (cost=0.43..418.97 rows=108 width=121)
	  Index Cond: ((id >= 2717199) AND (id <= 2717298))

table 3 : explain SELECT c FROM sbtest3 WHERE id BETWEEN 7805825 AND 7805924
	Index Scan using sbtest3_pkey on sbtest3  (cost=0.43..378.03 rows=98 width=121)
	  Index Cond: ((id >= 7805825) AND (id <= 7805924))

table 4 : explain SELECT c FROM sbtest4 WHERE id BETWEEN 9614466 AND 9614565
	Index Scan using sbtest4_pkey on sbtest4  (cost=0.43..336.59 rows=87 width=121)
	  Index Cond: ((id >= 9614466) AND (id <= 9614565))

table 5 : explain SELECT c FROM sbtest5 WHERE id BETWEEN 8712987 AND 8713086
	Index Scan using sbtest5_pkey on sbtest5  (cost=0.43..399.68 rows=104 width=121)
	  Index Cond: ((id >= 8712987) AND (id <= 8713086))

table 6 : explain SELECT c FROM sbtest6 WHERE id BETWEEN 983050 AND 983149
	Index Scan using sbtest6_pkey on sbtest6  (cost=0.43..417.67 rows=108 width=121)
	  Index Cond: ((id >= 983050) AND (id <= 983149))

table 7 : explain SELECT c FROM sbtest7 WHERE id BETWEEN 2964112 AND 2964211
	Index Scan using sbtest7_pkey on sbtest7  (cost=0.43..355.54 rows=92 width=121)
	  Index Cond: ((id >= 2964112) AND (id <= 2964211))

table 8 : explain SELECT c FROM sbtest8 WHERE id BETWEEN 4110606 AND 4110705
	Index Scan using sbtest8_pkey on sbtest8  (cost=0.43..406.15 rows=105 width=121)
	  Index Cond: ((id >= 4110606) AND (id <= 4110705))

for: sum_ranges
table 1 : explain SELECT SUM(k) FROM sbtest1 WHERE id BETWEEN 7497897 AND 7497996
	Aggregate  (cost=382.94..382.95 rows=1 width=8)
	  ->  Index Scan using sbtest1_pkey on sbtest1  (cost=0.43..382.69 rows=99 width=4)
	        Index Cond: ((id >= 7497897) AND (id <= 7497996))

table 2 : explain SELECT SUM(k) FROM sbtest2 WHERE id BETWEEN 6204728 AND 6204827
	Aggregate  (cost=384.70..384.71 rows=1 width=8)
	  ->  Index Scan using sbtest2_pkey on sbtest2  (cost=0.43..384.45 rows=99 width=4)
	        Index Cond: ((id >= 6204728) AND (id <= 6204827))

table 3 : explain SELECT SUM(k) FROM sbtest3 WHERE id BETWEEN 2929893 AND 2929992
	Aggregate  (cost=424.01..424.02 rows=1 width=8)
	  ->  Index Scan using sbtest3_pkey on sbtest3  (cost=0.43..423.73 rows=110 width=4)
	        Index Cond: ((id >= 2929893) AND (id <= 2929992))

table 4 : explain SELECT SUM(k) FROM sbtest4 WHERE id BETWEEN 9658497 AND 9658596
	Aggregate  (cost=336.81..336.82 rows=1 width=8)
	  ->  Index Scan using sbtest4_pkey on sbtest4  (cost=0.43..336.59 rows=87 width=4)
	        Index Cond: ((id >= 9658497) AND (id <= 9658596))

table 5 : explain SELECT SUM(k) FROM sbtest5 WHERE id BETWEEN 9999863 AND 9999962
	Aggregate  (cost=418.93..418.94 rows=1 width=8)
	  ->  Index Scan using sbtest5_pkey on sbtest5  (cost=0.43..418.66 rows=109 width=4)
	        Index Cond: ((id >= 9999863) AND (id <= 9999962))

table 6 : explain SELECT SUM(k) FROM sbtest6 WHERE id BETWEEN 1560747 AND 1560846
	Aggregate  (cost=391.16..391.17 rows=1 width=8)
	  ->  Index Scan using sbtest6_pkey on sbtest6  (cost=0.43..390.91 rows=101 width=4)
	        Index Cond: ((id >= 1560747) AND (id <= 1560846))

table 7 : explain SELECT SUM(k) FROM sbtest7 WHERE id BETWEEN 1594266 AND 1594365
	Aggregate  (cost=443.57..443.58 rows=1 width=8)
	  ->  Index Scan using sbtest7_pkey on sbtest7  (cost=0.43..443.29 rows=115 width=4)
	        Index Cond: ((id >= 1594266) AND (id <= 1594365))

table 8 : explain SELECT SUM(k) FROM sbtest8 WHERE id BETWEEN 8600341 AND 8600440
	Aggregate  (cost=371.99..372.00 rows=1 width=8)
	  ->  Index Scan using sbtest8_pkey on sbtest8  (cost=0.43..371.75 rows=96 width=4)
	        Index Cond: ((id >= 8600341) AND (id <= 8600440))

for: simple_ranges
table 1 : explain SELECT c FROM sbtest1 WHERE id BETWEEN 8420149 AND 8420248
	Index Scan using sbtest1_pkey on sbtest1  (cost=0.43..390.32 rows=101 width=121)
	  Index Cond: ((id >= 8420149) AND (id <= 8420248))

table 2 : explain SELECT c FROM sbtest2 WHERE id BETWEEN 9578483 AND 9578582
	Index Scan using sbtest2_pkey on sbtest2  (cost=0.43..392.12 rows=101 width=121)
	  Index Cond: ((id >= 9578483) AND (id <= 9578582))

table 3 : explain SELECT c FROM sbtest3 WHERE id BETWEEN 4402177 AND 4402276
	Index Scan using sbtest3_pkey on sbtest3  (cost=0.43..389.45 rows=101 width=121)
	  Index Cond: ((id >= 4402177) AND (id <= 4402276))

table 4 : explain SELECT c FROM sbtest4 WHERE id BETWEEN 289661 AND 289760
	Index Scan using sbtest4_pkey on sbtest4  (cost=0.43..378.60 rows=98 width=121)
	  Index Cond: ((id >= 289661) AND (id <= 289760))

table 5 : explain SELECT c FROM sbtest5 WHERE id BETWEEN 7651073 AND 7651172
	Index Scan using sbtest5_pkey on sbtest5  (cost=0.43..376.90 rows=98 width=121)
	  Index Cond: ((id >= 7651073) AND (id <= 7651172))

table 6 : explain SELECT c FROM sbtest6 WHERE id BETWEEN 4418749 AND 4418848
	Index Scan using sbtest6_pkey on sbtest6  (cost=0.43..371.79 rows=96 width=121)
	  Index Cond: ((id >= 4418749) AND (id <= 4418848))

table 7 : explain SELECT c FROM sbtest7 WHERE id BETWEEN 7858959 AND 7859058
	Index Scan using sbtest7_pkey on sbtest7  (cost=0.43..386.09 rows=100 width=121)
	  Index Cond: ((id >= 7858959) AND (id <= 7859058))

table 8 : explain SELECT c FROM sbtest8 WHERE id BETWEEN 2070958 AND 2071057
	Index Scan using sbtest8_pkey on sbtest8  (cost=0.43..413.80 rows=107 width=121)
	  Index Cond: ((id >= 2070958) AND (id <= 2071057))

for: order_ranges
table 1 : explain SELECT c FROM sbtest1 WHERE id BETWEEN 963399 AND 963498 ORDER BY c
	Sort  (cost=382.11..382.36 rows=98 width=121)
	  Sort Key: c
	  ->  Index Scan using sbtest1_pkey on sbtest1  (cost=0.43..378.87 rows=98 width=121)
	        Index Cond: ((id >= 963399) AND (id <= 963498))

table 2 : explain SELECT c FROM sbtest2 WHERE id BETWEEN 1377970 AND 1378069 ORDER BY c
	Sort  (cost=395.48..395.73 rows=101 width=121)
	  Sort Key: c
	  ->  Index Scan using sbtest2_pkey on sbtest2  (cost=0.43..392.12 rows=101 width=121)
	        Index Cond: ((id >= 1377970) AND (id <= 1378069))

table 3 : explain SELECT c FROM sbtest3 WHERE id BETWEEN 3990901 AND 3991000 ORDER BY c
	Sort  (cost=381.27..381.52 rows=98 width=121)
	  Sort Key: c
	  ->  Index Scan using sbtest3_pkey on sbtest3  (cost=0.43..378.03 rows=98 width=121)
	        Index Cond: ((id >= 3990901) AND (id <= 3991000))

table 4 : explain SELECT c FROM sbtest4 WHERE id BETWEEN 1552895 AND 1552994 ORDER BY c
	Sort  (cost=362.57..362.80 rows=93 width=121)
	  Sort Key: c
	  ->  Index Scan using sbtest4_pkey on sbtest4  (cost=0.43..359.53 rows=93 width=121)
	        Index Cond: ((id >= 1552895) AND (id <= 1552994))

table 5 : explain SELECT c FROM sbtest5 WHERE id BETWEEN 7232652 AND 7232751 ORDER BY c
	Sort  (cost=337.88..338.10 rows=87 width=121)
	  Sort Key: c
	  ->  Index Scan using sbtest5_pkey on sbtest5  (cost=0.43..335.08 rows=87 width=121)
	        Index Cond: ((id >= 7232652) AND (id <= 7232751))

table 6 : explain SELECT c FROM sbtest6 WHERE id BETWEEN 9676867 AND 9676966 ORDER BY c
	Sort  (cost=394.27..394.52 rows=101 width=121)
	  Sort Key: c
	  ->  Index Scan using sbtest6_pkey on sbtest6  (cost=0.43..390.91 rows=101 width=121)
	        Index Cond: ((id >= 9676867) AND (id <= 9676966))

table 7 : explain SELECT c FROM sbtest7 WHERE id BETWEEN 6437382 AND 6437481 ORDER BY c
	Sort  (cost=393.27..393.52 rows=101 width=121)
	  Sort Key: c
	  ->  Index Scan using sbtest7_pkey on sbtest7  (cost=0.43..389.91 rows=101 width=121)
	        Index Cond: ((id >= 6437382) AND (id <= 6437481))

table 8 : explain SELECT c FROM sbtest8 WHERE id BETWEEN 6070914 AND 6071013 ORDER BY c
	Sort  (cost=413.54..413.80 rows=106 width=121)
	  Sort Key: c
	  ->  Index Scan using sbtest8_pkey on sbtest8  (cost=0.43..409.97 rows=106 width=121)
	        Index Cond: ((id >= 6070914) AND (id <= 6071013))

for inserts
table 1 : explain INSERT INTO sbtest1 (id, k, c, pad) VALUES (5611269, 13, 'foobar', 'foobar')
	Insert on sbtest1  (cost=0.00..0.01 rows=0 width=0)
	  ->  Result  (cost=0.00..0.01 rows=1 width=736)

table 2 : explain INSERT INTO sbtest2 (id, k, c, pad) VALUES (610459, 13, 'foobar', 'foobar')
	Insert on sbtest2  (cost=0.00..0.01 rows=0 width=0)
	  ->  Result  (cost=0.00..0.01 rows=1 width=736)

table 3 : explain INSERT INTO sbtest3 (id, k, c, pad) VALUES (126811, 13, 'foobar', 'foobar')
	Insert on sbtest3  (cost=0.00..0.01 rows=0 width=0)
	  ->  Result  (cost=0.00..0.01 rows=1 width=736)

table 4 : explain INSERT INTO sbtest4 (id, k, c, pad) VALUES (7283598, 13, 'foobar', 'foobar')
	Insert on sbtest4  (cost=0.00..0.01 rows=0 width=0)
	  ->  Result  (cost=0.00..0.01 rows=1 width=736)

table 5 : explain INSERT INTO sbtest5 (id, k, c, pad) VALUES (5504041, 13, 'foobar', 'foobar')
	Insert on sbtest5  (cost=0.00..0.01 rows=0 width=0)
	  ->  Result  (cost=0.00..0.01 rows=1 width=736)

table 6 : explain INSERT INTO sbtest6 (id, k, c, pad) VALUES (8388366, 13, 'foobar', 'foobar')
	Insert on sbtest6  (cost=0.00..0.01 rows=0 width=0)
	  ->  Result  (cost=0.00..0.01 rows=1 width=736)

table 7 : explain INSERT INTO sbtest7 (id, k, c, pad) VALUES (9402353, 13, 'foobar', 'foobar')
	Insert on sbtest7  (cost=0.00..0.01 rows=0 width=0)
	  ->  Result  (cost=0.00..0.01 rows=1 width=736)

table 8 : explain INSERT INTO sbtest8 (id, k, c, pad) VALUES (9372014, 13, 'foobar', 'foobar')
	Insert on sbtest8  (cost=0.00..0.01 rows=0 width=0)
	  ->  Result  (cost=0.00..0.01 rows=1 width=736)

for: distinct_ranges
table 1 : explain SELECT DISTINCT c FROM sbtest1 WHERE id BETWEEN 6431187 AND 6431286 ORDER BY c
	Unique  (cost=335.78..336.21 rows=86 width=121)
	  ->  Sort  (cost=335.78..335.99 rows=86 width=121)
	        Sort Key: c
	        ->  Index Scan using sbtest1_pkey on sbtest1  (cost=0.43..333.01 rows=86 width=121)
	              Index Cond: ((id >= 6431187) AND (id <= 6431286))

table 2 : explain SELECT DISTINCT c FROM sbtest2 WHERE id BETWEEN 1312850 AND 1312949 ORDER BY c
	Unique  (cost=395.48..395.99 rows=101 width=121)
	  ->  Sort  (cost=395.48..395.73 rows=101 width=121)
	        Sort Key: c
	        ->  Index Scan using sbtest2_pkey on sbtest2  (cost=0.43..392.12 rows=101 width=121)
	              Index Cond: ((id >= 1312850) AND (id <= 1312949))

table 3 : explain SELECT DISTINCT c FROM sbtest3 WHERE id BETWEEN 2119371 AND 2119470 ORDER BY c
	Unique  (cost=454.41..454.99 rows=117 width=121)
	  ->  Sort  (cost=454.41..454.70 rows=117 width=121)
	        Sort Key: c
	        ->  Index Scan using sbtest3_pkey on sbtest3  (cost=0.43..450.39 rows=117 width=121)
	              Index Cond: ((id >= 2119371) AND (id <= 2119470))

table 4 : explain SELECT DISTINCT c FROM sbtest4 WHERE id BETWEEN 7633535 AND 7633634 ORDER BY c
	Unique  (cost=389.55..390.05 rows=100 width=121)
	  ->  Sort  (cost=389.55..389.80 rows=100 width=121)
	        Sort Key: c
	        ->  Index Scan using sbtest4_pkey on sbtest4  (cost=0.43..386.23 rows=100 width=121)
	              Index Cond: ((id >= 7633535) AND (id <= 7633634))

table 5 : explain SELECT DISTINCT c FROM sbtest5 WHERE id BETWEEN 6013193 AND 6013292 ORDER BY c
	Unique  (cost=368.63..369.10 rows=95 width=121)
	  ->  Sort  (cost=368.63..368.87 rows=95 width=121)
	        Sort Key: c
	        ->  Index Scan using sbtest5_pkey on sbtest5  (cost=0.43..365.51 rows=95 width=121)
	              Index Cond: ((id >= 6013193) AND (id <= 6013292))

table 6 : explain SELECT DISTINCT c FROM sbtest6 WHERE id BETWEEN 6971111 AND 6971210 ORDER BY c
	Unique  (cost=367.23..367.70 rows=94 width=121)
	  ->  Sort  (cost=367.23..367.46 rows=94 width=121)
	        Sort Key: c
	        ->  Index Scan using sbtest6_pkey on sbtest6  (cost=0.43..364.15 rows=94 width=121)
	              Index Cond: ((id >= 6971111) AND (id <= 6971210))

table 7 : explain SELECT DISTINCT c FROM sbtest7 WHERE id BETWEEN 5913246 AND 5913345 ORDER BY c
	Unique  (cost=408.68..409.21 rows=105 width=121)
	  ->  Sort  (cost=408.68..408.95 rows=105 width=121)
	        Sort Key: c
	        ->  Index Scan using sbtest7_pkey on sbtest7  (cost=0.43..405.16 rows=105 width=121)
	              Index Cond: ((id >= 5913246) AND (id <= 5913345))

table 8 : explain SELECT DISTINCT c FROM sbtest8 WHERE id BETWEEN 4358644 AND 4358743 ORDER BY c
	Unique  (cost=394.22..394.73 rows=101 width=121)
	  ->  Sort  (cost=394.22..394.48 rows=101 width=121)
	        Sort Key: c
	        ->  Index Scan using sbtest8_pkey on sbtest8  (cost=0.43..390.86 rows=101 width=121)
	              Index Cond: ((id >= 4358644) AND (id <= 4358743))

for index_updates
table 1 : explain UPDATE sbtest1 SET k=k+1 WHERE id=5530523
	Update on sbtest1  (cost=0.43..8.46 rows=0 width=0)
	  ->  Index Scan using sbtest1_pkey on sbtest1  (cost=0.43..8.46 rows=1 width=10)
	        Index Cond: (id = 5530523)

table 2 : explain UPDATE sbtest2 SET k=k+1 WHERE id=9831202
	Update on sbtest2  (cost=0.43..8.46 rows=0 width=0)
	  ->  Index Scan using sbtest2_pkey on sbtest2  (cost=0.43..8.46 rows=1 width=10)
	        Index Cond: (id = 9831202)

table 3 : explain UPDATE sbtest3 SET k=k+1 WHERE id=7753406
	Update on sbtest3  (cost=0.43..8.46 rows=0 width=0)
	  ->  Index Scan using sbtest3_pkey on sbtest3  (cost=0.43..8.46 rows=1 width=10)
	        Index Cond: (id = 7753406)

table 4 : explain UPDATE sbtest4 SET k=k+1 WHERE id=2259673
	Update on sbtest4  (cost=0.43..8.46 rows=0 width=0)
	  ->  Index Scan using sbtest4_pkey on sbtest4  (cost=0.43..8.46 rows=1 width=10)
	        Index Cond: (id = 2259673)

table 5 : explain UPDATE sbtest5 SET k=k+1 WHERE id=6717614
	Update on sbtest5  (cost=0.43..8.46 rows=0 width=0)
	  ->  Index Scan using sbtest5_pkey on sbtest5  (cost=0.43..8.46 rows=1 width=10)
	        Index Cond: (id = 6717614)

table 6 : explain UPDATE sbtest6 SET k=k+1 WHERE id=4728793
	Update on sbtest6  (cost=0.43..8.46 rows=0 width=0)
	  ->  Index Scan using sbtest6_pkey on sbtest6  (cost=0.43..8.46 rows=1 width=10)
	        Index Cond: (id = 4728793)

table 7 : explain UPDATE sbtest7 SET k=k+1 WHERE id=7275255
	Update on sbtest7  (cost=0.43..8.46 rows=0 width=0)
	  ->  Index Scan using sbtest7_pkey on sbtest7  (cost=0.43..8.46 rows=1 width=10)
	        Index Cond: (id = 7275255)

table 8 : explain UPDATE sbtest8 SET k=k+1 WHERE id=4794709
	Update on sbtest8  (cost=0.43..8.46 rows=0 width=0)
	  ->  Index Scan using sbtest8_pkey on sbtest8  (cost=0.43..8.46 rows=1 width=10)
	        Index Cond: (id = 4794709)

explain: for index_updates :: explain UPDATE sbtest%u SET k=k+1 WHERE id=%u
for: simple_ranges
table 1 : explain SELECT c FROM sbtest1 WHERE id BETWEEN 984486 AND 984585
	Index Scan using sbtest1_pkey on sbtest1  (cost=0.43..378.87 rows=98 width=121)
	  Index Cond: ((id >= 984486) AND (id <= 984585))

table 2 : explain SELECT c FROM sbtest2 WHERE id BETWEEN 9837602 AND 9837701
	Index Scan using sbtest2_pkey on sbtest2  (cost=0.43..407.46 rows=105 width=121)
	  Index Cond: ((id >= 9837602) AND (id <= 9837701))

table 3 : explain SELECT c FROM sbtest3 WHERE id BETWEEN 5816119 AND 5816218
	Index Scan using sbtest3_pkey on sbtest3  (cost=0.43..397.07 rows=103 width=121)
	  Index Cond: ((id >= 5816119) AND (id <= 5816218))

table 4 : explain SELECT c FROM sbtest4 WHERE id BETWEEN 4782733 AND 4782832
	Index Scan using sbtest4_pkey on sbtest4  (cost=0.43..416.74 rows=108 width=121)
	  Index Cond: ((id >= 4782733) AND (id <= 4782832))

table 5 : explain SELECT c FROM sbtest5 WHERE id BETWEEN 409743 AND 409842
	Index Scan using sbtest5_pkey on sbtest5  (cost=0.43..342.67 rows=89 width=121)
	  Index Cond: ((id >= 409743) AND (id <= 409842))

table 6 : explain SELECT c FROM sbtest6 WHERE id BETWEEN 2997101 AND 2997200
	Index Scan using sbtest6_pkey on sbtest6  (cost=0.43..387.08 rows=100 width=121)
	  Index Cond: ((id >= 2997101) AND (id <= 2997200))

table 7 : explain SELECT c FROM sbtest7 WHERE id BETWEEN 810658 AND 810757
	Index Scan using sbtest7_pkey on sbtest7  (cost=0.43..428.04 rows=111 width=121)
	  Index Cond: ((id >= 810658) AND (id <= 810757))

table 8 : explain SELECT c FROM sbtest8 WHERE id BETWEEN 9887605 AND 9887704
	Index Scan using sbtest8_pkey on sbtest8  (cost=0.43..364.10 rows=94 width=121)
	  Index Cond: ((id >= 9887605) AND (id <= 9887704))

explain: for non_index_updates :: explain UPDATE sbtest%u SET c='foobar' WHERE id=%u
explain: for point_selects :: explain SELECT c FROM sbtest%u WHERE id=%u
for: distinct_ranges
table 1 : explain SELECT DISTINCT c FROM sbtest1 WHERE id BETWEEN 2583120 AND 2583219 ORDER BY c
	Unique  (cost=409.12..409.64 rows=105 width=121)
	  ->  Sort  (cost=409.12..409.38 rows=105 width=121)
	        Sort Key: c
	        ->  Index Scan using sbtest1_pkey on sbtest1  (cost=0.43..405.59 rows=105 width=121)
	              Index Cond: ((id >= 2583120) AND (id <= 2583219))

table 2 : explain SELECT DISTINCT c FROM sbtest2 WHERE id BETWEEN 2319337 AND 2319436 ORDER BY c
	Unique  (cost=368.35..368.82 rows=94 width=121)
	  ->  Sort  (cost=368.35..368.59 rows=94 width=121)
	        Sort Key: c
	        ->  Index Scan using sbtest2_pkey on sbtest2  (cost=0.43..365.27 rows=94 width=121)
	              Index Cond: ((id >= 2319337) AND (id <= 2319436))

table 3 : explain SELECT DISTINCT c FROM sbtest3 WHERE id BETWEEN 7456367 AND 7456466 ORDER BY c
	Unique  (cost=377.42..377.91 rows=97 width=121)
	  ->  Sort  (cost=377.42..377.66 rows=97 width=121)
	        Sort Key: c
	        ->  Index Scan using sbtest3_pkey on sbtest3  (cost=0.43..374.22 rows=97 width=121)
	              Index Cond: ((id >= 7456367) AND (id <= 7456466))

table 4 : explain SELECT DISTINCT c FROM sbtest4 WHERE id BETWEEN 6945732 AND 6945831 ORDER BY c
	Unique  (cost=412.68..413.21 rows=106 width=121)
	  ->  Sort  (cost=412.68..412.94 rows=106 width=121)
	        Sort Key: c
	        ->  Index Scan using sbtest4_pkey on sbtest4  (cost=0.43..409.11 rows=106 width=121)
	              Index Cond: ((id >= 6945732) AND (id <= 6945831))

table 5 : explain SELECT DISTINCT c FROM sbtest5 WHERE id BETWEEN 2791159 AND 2791258 ORDER BY c
	Unique  (cost=399.33..399.84 rows=103 width=121)
	  ->  Sort  (cost=399.33..399.58 rows=103 width=121)
	        Sort Key: c
	        ->  Index Scan using sbtest5_pkey on sbtest5  (cost=0.43..395.88 rows=103 width=121)
	              Index Cond: ((id >= 2791159) AND (id <= 2791258))

table 6 : explain SELECT DISTINCT c FROM sbtest6 WHERE id BETWEEN 608816 AND 608915 ORDER BY c
	Unique  (cost=386.54..387.04 rows=99 width=121)
	  ->  Sort  (cost=386.54..386.79 rows=99 width=121)
	        Sort Key: c
	        ->  Index Scan using sbtest6_pkey on sbtest6  (cost=0.43..383.26 rows=99 width=121)
	              Index Cond: ((id >= 608816) AND (id <= 608915))

table 7 : explain SELECT DISTINCT c FROM sbtest7 WHERE id BETWEEN 8816597 AND 8816696 ORDER BY c
	Unique  (cost=408.68..409.21 rows=105 width=121)
	  ->  Sort  (cost=408.68..408.95 rows=105 width=121)
	        Sort Key: c
	        ->  Index Scan using sbtest7_pkey on sbtest7  (cost=0.43..405.16 rows=105 width=121)
	              Index Cond: ((id >= 8816597) AND (id <= 8816696))

table 8 : explain SELECT DISTINCT c FROM sbtest8 WHERE id BETWEEN 4351506 AND 4351605 ORDER BY c
	Unique  (cost=394.22..394.73 rows=101 width=121)
	  ->  Sort  (cost=394.22..394.48 rows=101 width=121)
	        Sort Key: c
	        ->  Index Scan using sbtest8_pkey on sbtest8  (cost=0.43..390.86 rows=101 width=121)
	              Index Cond: ((id >= 4351506) AND (id <= 4351605))

for: sum_ranges
table 1 : explain SELECT SUM(k) FROM sbtest1 WHERE id BETWEEN 5014540 AND 5014639
	Aggregate  (cost=367.66..367.67 rows=1 width=8)
	  ->  Index Scan using sbtest1_pkey on sbtest1  (cost=0.43..367.42 rows=95 width=4)
	        Index Cond: ((id >= 5014540) AND (id <= 5014639))

table 2 : explain SELECT SUM(k) FROM sbtest2 WHERE id BETWEEN 1174941 AND 1175040
	Aggregate  (cost=361.62..361.63 rows=1 width=8)
	  ->  Index Scan using sbtest2_pkey on sbtest2  (cost=0.43..361.39 rows=93 width=4)
	        Index Cond: ((id >= 1174941) AND (id <= 1175040))

table 3 : explain SELECT SUM(k) FROM sbtest3 WHERE id BETWEEN 7878440 AND 7878539
	Aggregate  (cost=378.27..378.28 rows=1 width=8)
	  ->  Index Scan using sbtest3_pkey on sbtest3  (cost=0.43..378.03 rows=98 width=4)
	        Index Cond: ((id >= 7878440) AND (id <= 7878539))

table 4 : explain SELECT SUM(k) FROM sbtest4 WHERE id BETWEEN 9061671 AND 9061770
	Aggregate  (cost=355.89..355.90 rows=1 width=8)
	  ->  Index Scan using sbtest4_pkey on sbtest4  (cost=0.43..355.66 rows=92 width=4)
	        Index Cond: ((id >= 9061671) AND (id <= 9061770))

table 5 : explain SELECT SUM(k) FROM sbtest5 WHERE id BETWEEN 5407223 AND 5407322
	Aggregate  (cost=373.34..373.35 rows=1 width=8)
	  ->  Index Scan using sbtest5_pkey on sbtest5  (cost=0.43..373.10 rows=97 width=4)
	        Index Cond: ((id >= 5407223) AND (id <= 5407322))

table 6 : explain SELECT SUM(k) FROM sbtest6 WHERE id BETWEEN 2952832 AND 2952931
	Aggregate  (cost=387.33..387.34 rows=1 width=8)
	  ->  Index Scan using sbtest6_pkey on sbtest6  (cost=0.43..387.08 rows=100 width=4)
	        Index Cond: ((id >= 2952832) AND (id <= 2952931))

table 7 : explain SELECT SUM(k) FROM sbtest7 WHERE id BETWEEN 1552526 AND 1552625
	Aggregate  (cost=382.53..382.54 rows=1 width=8)
	  ->  Index Scan using sbtest7_pkey on sbtest7  (cost=0.43..382.28 rows=99 width=4)
	        Index Cond: ((id >= 1552526) AND (id <= 1552625))

table 8 : explain SELECT SUM(k) FROM sbtest8 WHERE id BETWEEN 4635253 AND 4635352
	Aggregate  (cost=398.76..398.77 rows=1 width=8)
	  ->  Index Scan using sbtest8_pkey on sbtest8  (cost=0.43..398.51 rows=103 width=4)
	        Index Cond: ((id >= 4635253) AND (id <= 4635352))

for index_updates
table 1 : explain UPDATE sbtest1 SET k=k+1 WHERE id=3176203
	Update on sbtest1  (cost=0.43..8.46 rows=0 width=0)
	  ->  Index Scan using sbtest1_pkey on sbtest1  (cost=0.43..8.46 rows=1 width=10)
	        Index Cond: (id = 3176203)

table 2 : explain UPDATE sbtest2 SET k=k+1 WHERE id=1593946
	Update on sbtest2  (cost=0.43..8.46 rows=0 width=0)
	  ->  Index Scan using sbtest2_pkey on sbtest2  (cost=0.43..8.46 rows=1 width=10)
	        Index Cond: (id = 1593946)

table 3 : explain UPDATE sbtest3 SET k=k+1 WHERE id=9239784
	Update on sbtest3  (cost=0.43..8.46 rows=0 width=0)
	  ->  Index Scan using sbtest3_pkey on sbtest3  (cost=0.43..8.46 rows=1 width=10)
	        Index Cond: (id = 9239784)

table 4 : explain UPDATE sbtest4 SET k=k+1 WHERE id=8601941
	Update on sbtest4  (cost=0.43..8.46 rows=0 width=0)
	  ->  Index Scan using sbtest4_pkey on sbtest4  (cost=0.43..8.46 rows=1 width=10)
	        Index Cond: (id = 8601941)

table 5 : explain UPDATE sbtest5 SET k=k+1 WHERE id=8336101
	Update on sbtest5  (cost=0.43..8.46 rows=0 width=0)
	  ->  Index Scan using sbtest5_pkey on sbtest5  (cost=0.43..8.46 rows=1 width=10)
	        Index Cond: (id = 8336101)

table 6 : explain UPDATE sbtest6 SET k=k+1 WHERE id=7811649
	Update on sbtest6  (cost=0.43..8.46 rows=0 width=0)
	  ->  Index Scan using sbtest6_pkey on sbtest6  (cost=0.43..8.46 rows=1 width=10)
	        Index Cond: (id = 7811649)

table 7 : explain UPDATE sbtest7 SET k=k+1 WHERE id=9277114
	Update on sbtest7  (cost=0.43..8.46 rows=0 width=0)
	  ->  Index Scan using sbtest7_pkey on sbtest7  (cost=0.43..8.46 rows=1 width=10)
	        Index Cond: (id = 9277114)

table 8 : explain UPDATE sbtest8 SET k=k+1 WHERE id=9893263
	Update on sbtest8  (cost=0.43..8.46 rows=0 width=0)
	  ->  Index Scan using sbtest8_pkey on sbtest8  (cost=0.43..8.46 rows=1 width=10)
	        Index Cond: (id = 9893263)

for non_index_updates
table 1 : explain UPDATE sbtest1 SET c='foobar' WHERE id=9070988
	Update on sbtest1  (cost=0.43..8.45 rows=0 width=0)
	  ->  Index Scan using sbtest1_pkey on sbtest1  (cost=0.43..8.45 rows=1 width=490)
	        Index Cond: (id = 9070988)

table 2 : explain UPDATE sbtest2 SET c='foobar' WHERE id=1848647
	Update on sbtest2  (cost=0.43..8.45 rows=0 width=0)
	  ->  Index Scan using sbtest2_pkey on sbtest2  (cost=0.43..8.45 rows=1 width=490)
	        Index Cond: (id = 1848647)

table 3 : explain UPDATE sbtest3 SET c='foobar' WHERE id=6348709
	Update on sbtest3  (cost=0.43..8.45 rows=0 width=0)
	  ->  Index Scan using sbtest3_pkey on sbtest3  (cost=0.43..8.45 rows=1 width=490)
	        Index Cond: (id = 6348709)

table 4 : explain UPDATE sbtest4 SET c='foobar' WHERE id=2979463
	Update on sbtest4  (cost=0.43..8.45 rows=0 width=0)
	  ->  Index Scan using sbtest4_pkey on sbtest4  (cost=0.43..8.45 rows=1 width=490)
	        Index Cond: (id = 2979463)

table 5 : explain UPDATE sbtest5 SET c='foobar' WHERE id=8397752
	Update on sbtest5  (cost=0.43..8.45 rows=0 width=0)
	  ->  Index Scan using sbtest5_pkey on sbtest5  (cost=0.43..8.45 rows=1 width=490)
	        Index Cond: (id = 8397752)

table 6 : explain UPDATE sbtest6 SET c='foobar' WHERE id=7059738
	Update on sbtest6  (cost=0.43..8.45 rows=0 width=0)
	  ->  Index Scan using sbtest6_pkey on sbtest6  (cost=0.43..8.45 rows=1 width=490)
	        Index Cond: (id = 7059738)

table 7 : explain UPDATE sbtest7 SET c='foobar' WHERE id=2442804
	Update on sbtest7  (cost=0.43..8.45 rows=0 width=0)
	  ->  Index Scan using sbtest7_pkey on sbtest7  (cost=0.43..8.45 rows=1 width=490)
	        Index Cond: (id = 2442804)

table 8 : explain UPDATE sbtest8 SET c='foobar' WHERE id=8619538
	Update on sbtest8  (cost=0.43..8.45 rows=0 width=0)
	  ->  Index Scan using sbtest8_pkey on sbtest8  (cost=0.43..8.45 rows=1 width=490)
	        Index Cond: (id = 8619538)

for: sum_ranges
table 1 : explain SELECT SUM(k) FROM sbtest1 WHERE id BETWEEN 7622428 AND 7622527
	Aggregate  (cost=417.31..417.32 rows=1 width=8)
	  ->  Index Scan using sbtest1_pkey on sbtest1  (cost=0.43..417.04 rows=108 width=4)
	        Index Cond: ((id >= 7622428) AND (id <= 7622527))

table 2 : explain SELECT SUM(k) FROM sbtest2 WHERE id BETWEEN 7094397 AND 7094496
	Aggregate  (cost=465.29..465.30 rows=1 width=8)
	  ->  Index Scan using sbtest2_pkey on sbtest2  (cost=0.43..464.99 rows=120 width=4)
	        Index Cond: ((id >= 7094397) AND (id <= 7094496))

table 3 : explain SELECT SUM(k) FROM sbtest3 WHERE id BETWEEN 6039912 AND 6040011
	Aggregate  (cost=359.17..359.18 rows=1 width=8)
	  ->  Index Scan using sbtest3_pkey on sbtest3  (cost=0.43..358.93 rows=93 width=4)
	        Index Cond: ((id >= 6039912) AND (id <= 6040011))

table 4 : explain SELECT SUM(k) FROM sbtest4 WHERE id BETWEEN 2505637 AND 2505736
	Aggregate  (cost=367.39..367.40 rows=1 width=8)
	  ->  Index Scan using sbtest4_pkey on sbtest4  (cost=0.43..367.16 rows=95 width=4)
	        Index Cond: ((id >= 2505637) AND (id <= 2505736))

table 5 : explain SELECT SUM(k) FROM sbtest5 WHERE id BETWEEN 7470803 AND 7470902
	Aggregate  (cost=373.34..373.35 rows=1 width=8)
	  ->  Index Scan using sbtest5_pkey on sbtest5  (cost=0.43..373.10 rows=97 width=4)
	        Index Cond: ((id >= 7470803) AND (id <= 7470902))

table 6 : explain SELECT SUM(k) FROM sbtest6 WHERE id BETWEEN 7055292 AND 7055391
	Aggregate  (cost=372.03..372.04 rows=1 width=8)
	  ->  Index Scan using sbtest6_pkey on sbtest6  (cost=0.43..371.79 rows=96 width=4)
	        Index Cond: ((id >= 7055292) AND (id <= 7055391))

table 7 : explain SELECT SUM(k) FROM sbtest7 WHERE id BETWEEN 6148730 AND 6148829
	Aggregate  (cost=390.16..390.17 rows=1 width=8)
	  ->  Index Scan using sbtest7_pkey on sbtest7  (cost=0.43..389.91 rows=101 width=4)
	        Index Cond: ((id >= 6148730) AND (id <= 6148829))

table 8 : explain SELECT SUM(k) FROM sbtest8 WHERE id BETWEEN 3020530 AND 3020629
	Aggregate  (cost=368.16..368.17 rows=1 width=8)
	  ->  Index Scan using sbtest8_pkey on sbtest8  (cost=0.43..367.93 rows=95 width=4)
	        Index Cond: ((id >= 3020530) AND (id <= 3020629))

explain: for deletes :: explain DELETE FROM sbtest%u WHERE id=%u
explain: for index_updates :: explain UPDATE sbtest%u SET k=k+1 WHERE id=%u
explain: for non_index_updates :: explain UPDATE sbtest%u SET c='foobar' WHERE id=%u
explain: for point_selects :: explain SELECT c FROM sbtest%u WHERE id=%u
for: sum_ranges
table 1 : explain SELECT SUM(k) FROM sbtest1 WHERE id BETWEEN 4781385 AND 4781484
	Aggregate  (cost=390.57..390.58 rows=1 width=8)
	  ->  Index Scan using sbtest1_pkey on sbtest1  (cost=0.43..390.32 rows=101 width=4)
	        Index Cond: ((id >= 4781385) AND (id <= 4781484))

table 2 : explain SELECT SUM(k) FROM sbtest2 WHERE id BETWEEN 856487 AND 856586
	Aggregate  (cost=400.05..400.06 rows=1 width=8)
	  ->  Index Scan using sbtest2_pkey on sbtest2  (cost=0.43..399.79 rows=103 width=4)
	        Index Cond: ((id >= 856487) AND (id <= 856586))

table 3 : explain SELECT SUM(k) FROM sbtest3 WHERE id BETWEEN 8497985 AND 8498084
	Aggregate  (cost=366.84..366.85 rows=1 width=8)
	  ->  Index Scan using sbtest3_pkey on sbtest3  (cost=0.43..366.60 rows=95 width=4)
	        Index Cond: ((id >= 8497985) AND (id <= 8498084))

table 4 : explain SELECT SUM(k) FROM sbtest4 WHERE id BETWEEN 1675155 AND 1675254
	Aggregate  (cost=386.48..386.49 rows=1 width=8)
	  ->  Index Scan using sbtest4_pkey on sbtest4  (cost=0.43..386.23 rows=100 width=4)
	        Index Cond: ((id >= 1675155) AND (id <= 1675254))

table 5 : explain SELECT SUM(k) FROM sbtest5 WHERE id BETWEEN 626893 AND 626992
	Aggregate  (cost=396.14..396.15 rows=1 width=8)
	  ->  Index Scan using sbtest5_pkey on sbtest5  (cost=0.43..395.88 rows=103 width=4)
	        Index Cond: ((id >= 626893) AND (id <= 626992))

table 6 : explain SELECT SUM(k) FROM sbtest6 WHERE id BETWEEN 4551599 AND 4551698
	Aggregate  (cost=425.59..425.60 rows=1 width=8)
	  ->  Index Scan using sbtest6_pkey on sbtest6  (cost=0.43..425.31 rows=110 width=4)
	        Index Cond: ((id >= 4551599) AND (id <= 4551698))

table 7 : explain SELECT SUM(k) FROM sbtest7 WHERE id BETWEEN 2594321 AND 2594420
	Aggregate  (cost=374.90..374.91 rows=1 width=8)
	  ->  Index Scan using sbtest7_pkey on sbtest7  (cost=0.43..374.65 rows=97 width=4)
	        Index Cond: ((id >= 2594321) AND (id <= 2594420))

table 8 : explain SELECT SUM(k) FROM sbtest8 WHERE id BETWEEN 9321710 AND 9321809
	Aggregate  (cost=368.16..368.17 rows=1 width=8)
	  ->  Index Scan using sbtest8_pkey on sbtest8  (cost=0.43..367.93 rows=95 width=4)
	        Index Cond: ((id >= 9321710) AND (id <= 9321809))

for: order_ranges
table 1 : explain SELECT c FROM sbtest1 WHERE id BETWEEN 7372419 AND 7372518 ORDER BY c
	Sort  (cost=428.41..428.68 rows=110 width=121)
	  Sort Key: c
	  ->  Index Scan using sbtest1_pkey on sbtest1  (cost=0.43..424.68 rows=110 width=121)
	        Index Cond: ((id >= 7372419) AND (id <= 7372518))

table 2 : explain SELECT c FROM sbtest2 WHERE id BETWEEN 6911152 AND 6911251 ORDER BY c
	Sort  (cost=387.73..387.98 rows=99 width=121)
	  Sort Key: c
	  ->  Index Scan using sbtest2_pkey on sbtest2  (cost=0.43..384.45 rows=99 width=121)
	        Index Cond: ((id >= 6911152) AND (id <= 6911251))

table 3 : explain SELECT c FROM sbtest3 WHERE id BETWEEN 6000989 AND 6001088 ORDER BY c
	Sort  (cost=361.97..362.21 rows=93 width=121)
	  Sort Key: c
	  ->  Index Scan using sbtest3_pkey on sbtest3  (cost=0.43..358.93 rows=93 width=121)
	        Index Cond: ((id >= 6000989) AND (id <= 6001088))

table 4 : explain SELECT c FROM sbtest4 WHERE id BETWEEN 5313345 AND 5313444 ORDER BY c
	Sort  (cost=374.13..374.37 rows=96 width=121)
	  Sort Key: c
	  ->  Index Scan using sbtest4_pkey on sbtest4  (cost=0.43..370.97 rows=96 width=121)
	        Index Cond: ((id >= 5313345) AND (id <= 5313444))

table 5 : explain SELECT c FROM sbtest5 WHERE id BETWEEN 7197253 AND 7197352 ORDER BY c
	Sort  (cost=387.81..388.06 rows=100 width=121)
	  Sort Key: c
	  ->  Index Scan using sbtest5_pkey on sbtest5  (cost=0.43..384.49 rows=100 width=121)
	        Index Cond: ((id >= 7197253) AND (id <= 7197352))

table 6 : explain SELECT c FROM sbtest6 WHERE id BETWEEN 4392804 AND 4392903 ORDER BY c
	Sort  (cost=374.95..375.19 rows=96 width=121)
	  Sort Key: c
	  ->  Index Scan using sbtest6_pkey on sbtest6  (cost=0.43..371.79 rows=96 width=121)
	        Index Cond: ((id >= 4392804) AND (id <= 4392903))

table 7 : explain SELECT c FROM sbtest7 WHERE id BETWEEN 2053688 AND 2053787 ORDER BY c
	Sort  (cost=381.71..381.95 rows=98 width=121)
	  Sort Key: c
	  ->  Index Scan using sbtest7_pkey on sbtest7  (cost=0.43..378.47 rows=98 width=121)
	        Index Cond: ((id >= 2053688) AND (id <= 2053787))

table 8 : explain SELECT c FROM sbtest8 WHERE id BETWEEN 9901598 AND 9901697 ORDER BY c
	Sort  (cost=390.36..390.61 rows=100 width=121)
	  Sort Key: c
	  ->  Index Scan using sbtest8_pkey on sbtest8  (cost=0.43..387.04 rows=100 width=121)
	        Index Cond: ((id >= 9901598) AND (id <= 9901697))

explain: for point_selects :: explain SELECT c FROM sbtest%u WHERE id=%u
for deletes
table 1 : explain DELETE FROM sbtest1 WHERE id=6362095
	Delete on sbtest1  (cost=0.43..8.45 rows=0 width=0)
	  ->  Index Scan using sbtest1_pkey on sbtest1  (cost=0.43..8.45 rows=1 width=6)
	        Index Cond: (id = 6362095)

table 2 : explain DELETE FROM sbtest2 WHERE id=392568
	Delete on sbtest2  (cost=0.43..8.45 rows=0 width=0)
	  ->  Index Scan using sbtest2_pkey on sbtest2  (cost=0.43..8.45 rows=1 width=6)
	        Index Cond: (id = 392568)

table 3 : explain DELETE FROM sbtest3 WHERE id=4104133
	Delete on sbtest3  (cost=0.43..8.45 rows=0 width=0)
	  ->  Index Scan using sbtest3_pkey on sbtest3  (cost=0.43..8.45 rows=1 width=6)
	        Index Cond: (id = 4104133)

table 4 : explain DELETE FROM sbtest4 WHERE id=7057797
	Delete on sbtest4  (cost=0.43..8.45 rows=0 width=0)
	  ->  Index Scan using sbtest4_pkey on sbtest4  (cost=0.43..8.45 rows=1 width=6)
	        Index Cond: (id = 7057797)

table 5 : explain DELETE FROM sbtest5 WHERE id=9267980
	Delete on sbtest5  (cost=0.43..8.45 rows=0 width=0)
	  ->  Index Scan using sbtest5_pkey on sbtest5  (cost=0.43..8.45 rows=1 width=6)
	        Index Cond: (id = 9267980)

table 6 : explain DELETE FROM sbtest6 WHERE id=546547
	Delete on sbtest6  (cost=0.43..8.45 rows=0 width=0)
	  ->  Index Scan using sbtest6_pkey on sbtest6  (cost=0.43..8.45 rows=1 width=6)
	        Index Cond: (id = 546547)

table 7 : explain DELETE FROM sbtest7 WHERE id=9857398
	Delete on sbtest7  (cost=0.43..8.45 rows=0 width=0)
	  ->  Index Scan using sbtest7_pkey on sbtest7  (cost=0.43..8.45 rows=1 width=6)
	        Index Cond: (id = 9857398)

table 8 : explain DELETE FROM sbtest8 WHERE id=4333112
	Delete on sbtest8  (cost=0.43..8.45 rows=0 width=0)
	  ->  Index Scan using sbtest8_pkey on sbtest8  (cost=0.43..8.45 rows=1 width=6)
	        Index Cond: (id = 4333112)

for non_index_updates
table 1 : explain UPDATE sbtest1 SET c='foobar' WHERE id=6235217
	Update on sbtest1  (cost=0.43..8.45 rows=0 width=0)
	  ->  Index Scan using sbtest1_pkey on sbtest1  (cost=0.43..8.45 rows=1 width=490)
	        Index Cond: (id = 6235217)

table 2 : explain UPDATE sbtest2 SET c='foobar' WHERE id=2343081
	Update on sbtest2  (cost=0.43..8.45 rows=0 width=0)
	  ->  Index Scan using sbtest2_pkey on sbtest2  (cost=0.43..8.45 rows=1 width=490)
	        Index Cond: (id = 2343081)

table 3 : explain UPDATE sbtest3 SET c='foobar' WHERE id=1054451
	Update on sbtest3  (cost=0.43..8.45 rows=0 width=0)
	  ->  Index Scan using sbtest3_pkey on sbtest3  (cost=0.43..8.45 rows=1 width=490)
	        Index Cond: (id = 1054451)

table 4 : explain UPDATE sbtest4 SET c='foobar' WHERE id=688387
	Update on sbtest4  (cost=0.43..8.45 rows=0 width=0)
	  ->  Index Scan using sbtest4_pkey on sbtest4  (cost=0.43..8.45 rows=1 width=490)
	        Index Cond: (id = 688387)

table 5 : explain UPDATE sbtest5 SET c='foobar' WHERE id=9008052
	Update on sbtest5  (cost=0.43..8.45 rows=0 width=0)
	  ->  Index Scan using sbtest5_pkey on sbtest5  (cost=0.43..8.45 rows=1 width=490)
	        Index Cond: (id = 9008052)

table 6 : explain UPDATE sbtest6 SET c='foobar' WHERE id=7418373
	Update on sbtest6  (cost=0.43..8.45 rows=0 width=0)
	  ->  Index Scan using sbtest6_pkey on sbtest6  (cost=0.43..8.45 rows=1 width=490)
	        Index Cond: (id = 7418373)

table 7 : explain UPDATE sbtest7 SET c='foobar' WHERE id=4291268
	Update on sbtest7  (cost=0.43..8.45 rows=0 width=0)
	  ->  Index Scan using sbtest7_pkey on sbtest7  (cost=0.43..8.45 rows=1 width=490)
	        Index Cond: (id = 4291268)

table 8 : explain UPDATE sbtest8 SET c='foobar' WHERE id=6601714
	Update on sbtest8  (cost=0.43..8.45 rows=0 width=0)
	  ->  Index Scan using sbtest8_pkey on sbtest8  (cost=0.43..8.45 rows=1 width=490)
	        Index Cond: (id = 6601714)

for index_updates
table 1 : explain UPDATE sbtest1 SET k=k+1 WHERE id=8466410
	Update on sbtest1  (cost=0.43..8.46 rows=0 width=0)
	  ->  Index Scan using sbtest1_pkey on sbtest1  (cost=0.43..8.46 rows=1 width=10)
	        Index Cond: (id = 8466410)

table 2 : explain UPDATE sbtest2 SET k=k+1 WHERE id=2625397
	Update on sbtest2  (cost=0.43..8.46 rows=0 width=0)
	  ->  Index Scan using sbtest2_pkey on sbtest2  (cost=0.43..8.46 rows=1 width=10)
	        Index Cond: (id = 2625397)

table 3 : explain UPDATE sbtest3 SET k=k+1 WHERE id=1861891
	Update on sbtest3  (cost=0.43..8.46 rows=0 width=0)
	  ->  Index Scan using sbtest3_pkey on sbtest3  (cost=0.43..8.46 rows=1 width=10)
	        Index Cond: (id = 1861891)

table 4 : explain UPDATE sbtest4 SET k=k+1 WHERE id=8323805
	Update on sbtest4  (cost=0.43..8.46 rows=0 width=0)
	  ->  Index Scan using sbtest4_pkey on sbtest4  (cost=0.43..8.46 rows=1 width=10)
	        Index Cond: (id = 8323805)

table 5 : explain UPDATE sbtest5 SET k=k+1 WHERE id=4002821
	Update on sbtest5  (cost=0.43..8.46 rows=0 width=0)
	  ->  Index Scan using sbtest5_pkey on sbtest5  (cost=0.43..8.46 rows=1 width=10)
	        Index Cond: (id = 4002821)

table 6 : explain UPDATE sbtest6 SET k=k+1 WHERE id=3031916
	Update on sbtest6  (cost=0.43..8.46 rows=0 width=0)
	  ->  Index Scan using sbtest6_pkey on sbtest6  (cost=0.43..8.46 rows=1 width=10)
	        Index Cond: (id = 3031916)

table 7 : explain UPDATE sbtest7 SET k=k+1 WHERE id=1090476
	Update on sbtest7  (cost=0.43..8.46 rows=0 width=0)
	  ->  Index Scan using sbtest7_pkey on sbtest7  (cost=0.43..8.46 rows=1 width=10)
	        Index Cond: (id = 1090476)

table 8 : explain UPDATE sbtest8 SET k=k+1 WHERE id=6056016
	Update on sbtest8  (cost=0.43..8.46 rows=0 width=0)
	  ->  Index Scan using sbtest8_pkey on sbtest8  (cost=0.43..8.46 rows=1 width=10)
	        Index Cond: (id = 6056016)

for: order_ranges
table 1 : explain SELECT c FROM sbtest1 WHERE id BETWEEN 874597 AND 874696 ORDER BY c
	Sort  (cost=389.83..390.08 rows=100 width=121)
	  Sort Key: c
	  ->  Index Scan using sbtest1_pkey on sbtest1  (cost=0.43..386.50 rows=100 width=121)
	        Index Cond: ((id >= 874597) AND (id <= 874696))

table 2 : explain SELECT c FROM sbtest2 WHERE id BETWEEN 4985390 AND 4985489 ORDER BY c
	Sort  (cost=387.73..387.98 rows=99 width=121)
	  Sort Key: c
	  ->  Index Scan using sbtest2_pkey on sbtest2  (cost=0.43..384.45 rows=99 width=121)
	        Index Cond: ((id >= 4985390) AND (id <= 4985489))

table 3 : explain SELECT c FROM sbtest3 WHERE id BETWEEN 5422912 AND 5423011 ORDER BY c
	Sort  (cost=400.51..400.77 rows=103 width=121)
	  Sort Key: c
	  ->  Index Scan using sbtest3_pkey on sbtest3  (cost=0.43..397.07 rows=103 width=121)
	        Index Cond: ((id >= 5422912) AND (id <= 5423011))

table 4 : explain SELECT c FROM sbtest4 WHERE id BETWEEN 797532 AND 797631 ORDER BY c
	Sort  (cost=370.28..370.51 rows=95 width=121)
	  Sort Key: c
	  ->  Index Scan using sbtest4_pkey on sbtest4  (cost=0.43..367.16 rows=95 width=121)
	        Index Cond: ((id >= 797532) AND (id <= 797631))

table 5 : explain SELECT c FROM sbtest5 WHERE id BETWEEN 2172125 AND 2172224 ORDER BY c
	Sort  (cost=403.16..403.42 rows=104 width=121)
	  Sort Key: c
	  ->  Index Scan using sbtest5_pkey on sbtest5  (cost=0.43..399.68 rows=104 width=121)
	        Index Cond: ((id >= 2172125) AND (id <= 2172224))

table 6 : explain SELECT c FROM sbtest6 WHERE id BETWEEN 5794420 AND 5794519 ORDER BY c
	Sort  (cost=390.41..390.66 rows=100 width=121)
	  Sort Key: c
	  ->  Index Scan using sbtest6_pkey on sbtest6  (cost=0.43..387.08 rows=100 width=121)
	        Index Cond: ((id >= 5794420) AND (id <= 5794519))

table 7 : explain SELECT c FROM sbtest7 WHERE id BETWEEN 3855507 AND 3855606 ORDER BY c
	Sort  (cost=404.83..405.09 rows=104 width=121)
	  Sort Key: c
	  ->  Index Scan using sbtest7_pkey on sbtest7  (cost=0.43..401.34 rows=104 width=121)
	        Index Cond: ((id >= 3855507) AND (id <= 3855606))

table 8 : explain SELECT c FROM sbtest8 WHERE id BETWEEN 6758207 AND 6758306 ORDER BY c
	Sort  (cost=371.05..371.28 rows=95 width=121)
	  Sort Key: c
	  ->  Index Scan using sbtest8_pkey on sbtest8  (cost=0.43..367.93 rows=95 width=121)
	        Index Cond: ((id >= 6758207) AND (id <= 6758306))

explain: for deletes :: explain DELETE FROM sbtest%u WHERE id=%u
explain: for point_selects :: explain SELECT c FROM sbtest%u WHERE id=%u
for: sum_ranges
table 1 : explain SELECT SUM(k) FROM sbtest1 WHERE id BETWEEN 7212372 AND 7212471
	Aggregate  (cost=352.33..352.34 rows=1 width=8)
	  ->  Index Scan using sbtest1_pkey on sbtest1  (cost=0.43..352.10 rows=91 width=4)
	        Index Cond: ((id >= 7212372) AND (id <= 7212471))

table 2 : explain SELECT SUM(k) FROM sbtest2 WHERE id BETWEEN 7715045 AND 7715144
	Aggregate  (cost=392.37..392.38 rows=1 width=8)
	  ->  Index Scan using sbtest2_pkey on sbtest2  (cost=0.43..392.12 rows=101 width=4)
	        Index Cond: ((id >= 7715045) AND (id <= 7715144))

table 3 : explain SELECT SUM(k) FROM sbtest3 WHERE id BETWEEN 4972464 AND 4972563
	Aggregate  (cost=374.46..374.47 rows=1 width=8)
	  ->  Index Scan using sbtest3_pkey on sbtest3  (cost=0.43..374.22 rows=97 width=4)
	        Index Cond: ((id >= 4972464) AND (id <= 4972563))

table 4 : explain SELECT SUM(k) FROM sbtest4 WHERE id BETWEEN 2684836 AND 2684935
	Aggregate  (cost=390.29..390.30 rows=1 width=8)
	  ->  Index Scan using sbtest4_pkey on sbtest4  (cost=0.43..390.04 rows=101 width=4)
	        Index Cond: ((id >= 2684836) AND (id <= 2684935))

table 5 : explain SELECT SUM(k) FROM sbtest5 WHERE id BETWEEN 4497954 AND 4498053
	Aggregate  (cost=380.94..380.95 rows=1 width=8)
	  ->  Index Scan using sbtest5_pkey on sbtest5  (cost=0.43..380.70 rows=99 width=4)
	        Index Cond: ((id >= 4497954) AND (id <= 4498053))

table 6 : explain SELECT SUM(k) FROM sbtest6 WHERE id BETWEEN 3854592 AND 3854691
	Aggregate  (cost=425.59..425.60 rows=1 width=8)
	  ->  Index Scan using sbtest6_pkey on sbtest6  (cost=0.43..425.31 rows=110 width=4)
	        Index Cond: ((id >= 3854592) AND (id <= 3854691))

table 7 : explain SELECT SUM(k) FROM sbtest7 WHERE id BETWEEN 7872521 AND 7872620
	Aggregate  (cost=386.34..386.35 rows=1 width=8)
	  ->  Index Scan using sbtest7_pkey on sbtest7  (cost=0.43..386.09 rows=100 width=4)
	        Index Cond: ((id >= 7872521) AND (id <= 7872620))

table 8 : explain SELECT SUM(k) FROM sbtest8 WHERE id BETWEEN 6508631 AND 6508730
	Aggregate  (cost=398.76..398.77 rows=1 width=8)
	  ->  Index Scan using sbtest8_pkey on sbtest8  (cost=0.43..398.51 rows=103 width=4)
	        Index Cond: ((id >= 6508631) AND (id <= 6508730))

explain: for point_selects :: explain SELECT c FROM sbtest%u WHERE id=%u
explain: for inserts :: explain INSERT INTO sbtest%u (id, k, c, pad) VALUES (%u, 13, 'foobar', 'foobar')
explain: for non_index_updates :: explain UPDATE sbtest%u SET c='foobar' WHERE id=%u
for deletes
table 1 : explain DELETE FROM sbtest1 WHERE id=4510585
	Delete on sbtest1  (cost=0.43..8.45 rows=0 width=0)
	  ->  Index Scan using sbtest1_pkey on sbtest1  (cost=0.43..8.45 rows=1 width=6)
	        Index Cond: (id = 4510585)

table 2 : explain DELETE FROM sbtest2 WHERE id=1463392
	Delete on sbtest2  (cost=0.43..8.45 rows=0 width=0)
	  ->  Index Scan using sbtest2_pkey on sbtest2  (cost=0.43..8.45 rows=1 width=6)
	        Index Cond: (id = 1463392)

table 3 : explain DELETE FROM sbtest3 WHERE id=8654467
	Delete on sbtest3  (cost=0.43..8.45 rows=0 width=0)
	  ->  Index Scan using sbtest3_pkey on sbtest3  (cost=0.43..8.45 rows=1 width=6)
	        Index Cond: (id = 8654467)

table 4 : explain DELETE FROM sbtest4 WHERE id=7523210
	Delete on sbtest4  (cost=0.43..8.45 rows=0 width=0)
	  ->  Index Scan using sbtest4_pkey on sbtest4  (cost=0.43..8.45 rows=1 width=6)
	        Index Cond: (id = 7523210)

table 5 : explain DELETE FROM sbtest5 WHERE id=1797701
	Delete on sbtest5  (cost=0.43..8.45 rows=0 width=0)
	  ->  Index Scan using sbtest5_pkey on sbtest5  (cost=0.43..8.45 rows=1 width=6)
	        Index Cond: (id = 1797701)

table 6 : explain DELETE FROM sbtest6 WHERE id=6966989
	Delete on sbtest6  (cost=0.43..8.45 rows=0 width=0)
	  ->  Index Scan using sbtest6_pkey on sbtest6  (cost=0.43..8.45 rows=1 width=6)
	        Index Cond: (id = 6966989)

table 7 : explain DELETE FROM sbtest7 WHERE id=5295575
	Delete on sbtest7  (cost=0.43..8.45 rows=0 width=0)
	  ->  Index Scan using sbtest7_pkey on sbtest7  (cost=0.43..8.45 rows=1 width=6)
	        Index Cond: (id = 5295575)

table 8 : explain DELETE FROM sbtest8 WHERE id=7211587
	Delete on sbtest8  (cost=0.43..8.45 rows=0 width=0)
	  ->  Index Scan using sbtest8_pkey on sbtest8  (cost=0.43..8.45 rows=1 width=6)
	        Index Cond: (id = 7211587)

for: order_ranges
table 1 : explain SELECT c FROM sbtest1 WHERE id BETWEEN 7963888 AND 7963987 ORDER BY c
	Sort  (cost=393.68..393.94 rows=101 width=121)
	  Sort Key: c
	  ->  Index Scan using sbtest1_pkey on sbtest1  (cost=0.43..390.32 rows=101 width=121)
	        Index Cond: ((id >= 7963888) AND (id <= 7963987))

table 2 : explain SELECT c FROM sbtest2 WHERE id BETWEEN 6012133 AND 6012232 ORDER BY c
	Sort  (cost=445.87..446.16 rows=114 width=121)
	  Sort Key: c
	  ->  Index Scan using sbtest2_pkey on sbtest2  (cost=0.43..441.98 rows=114 width=121)
	        Index Cond: ((id >= 6012133) AND (id <= 6012232))

table 3 : explain SELECT c FROM sbtest3 WHERE id BETWEEN 2629159 AND 2629258 ORDER BY c
	Sort  (cost=377.42..377.66 rows=97 width=121)
	  Sort Key: c
	  ->  Index Scan using sbtest3_pkey on sbtest3  (cost=0.43..374.22 rows=97 width=121)
	        Index Cond: ((id >= 2629159) AND (id <= 2629258))

table 4 : explain SELECT c FROM sbtest4 WHERE id BETWEEN 2365950 AND 2366049 ORDER BY c
	Sort  (cost=374.13..374.37 rows=96 width=121)
	  Sort Key: c
	  ->  Index Scan using sbtest4_pkey on sbtest4  (cost=0.43..370.97 rows=96 width=121)
	        Index Cond: ((id >= 2365950) AND (id <= 2366049))

table 5 : explain SELECT c FROM sbtest5 WHERE id BETWEEN 7998871 AND 7998970 ORDER BY c
	Sort  (cost=364.79..365.03 rows=94 width=121)
	  Sort Key: c
	  ->  Index Scan using sbtest5_pkey on sbtest5  (cost=0.43..361.71 rows=94 width=121)
	        Index Cond: ((id >= 7998871) AND (id <= 7998970))

table 6 : explain SELECT c FROM sbtest6 WHERE id BETWEEN 1246376 AND 1246475 ORDER BY c
	Sort  (cost=382.68..382.92 rows=98 width=121)
	  Sort Key: c
	  ->  Index Scan using sbtest6_pkey on sbtest6  (cost=0.43..379.44 rows=98 width=121)
	        Index Cond: ((id >= 1246376) AND (id <= 1246475))

table 7 : explain SELECT c FROM sbtest7 WHERE id BETWEEN 3213615 AND 3213714 ORDER BY c
	Sort  (cost=358.54..358.77 rows=92 width=121)
	  Sort Key: c
	  ->  Index Scan using sbtest7_pkey on sbtest7  (cost=0.43..355.54 rows=92 width=121)
	        Index Cond: ((id >= 3213615) AND (id <= 3213714))

table 8 : explain SELECT c FROM sbtest8 WHERE id BETWEEN 6509834 AND 6509933 ORDER BY c
	Sort  (cost=401.95..402.21 rows=103 width=121)
	  Sort Key: c
	  ->  Index Scan using sbtest8_pkey on sbtest8  (cost=0.43..398.51 rows=103 width=121)
	        Index Cond: ((id >= 6509834) AND (id <= 6509933))

for point_selects
table 1 : explain SELECT c FROM sbtest1 WHERE id=8289067
	Index Scan using sbtest1_pkey on sbtest1  (cost=0.43..8.45 rows=1 width=121)
	  Index Cond: (id = 8289067)

table 2 : explain SELECT c FROM sbtest2 WHERE id=6052856
	Index Scan using sbtest2_pkey on sbtest2  (cost=0.43..8.45 rows=1 width=121)
	  Index Cond: (id = 6052856)

table 3 : explain SELECT c FROM sbtest3 WHERE id=6461106
	Index Scan using sbtest3_pkey on sbtest3  (cost=0.43..8.45 rows=1 width=121)
	  Index Cond: (id = 6461106)

table 4 : explain SELECT c FROM sbtest4 WHERE id=1235974
	Index Scan using sbtest4_pkey on sbtest4  (cost=0.43..8.45 rows=1 width=121)
	  Index Cond: (id = 1235974)

table 5 : explain SELECT c FROM sbtest5 WHERE id=8021384
	Index Scan using sbtest5_pkey on sbtest5  (cost=0.43..8.45 rows=1 width=121)
	  Index Cond: (id = 8021384)

table 6 : explain SELECT c FROM sbtest6 WHERE id=2740119
	Index Scan using sbtest6_pkey on sbtest6  (cost=0.43..8.45 rows=1 width=121)
	  Index Cond: (id = 2740119)

table 7 : explain SELECT c FROM sbtest7 WHERE id=6983020
	Index Scan using sbtest7_pkey on sbtest7  (cost=0.43..8.45 rows=1 width=121)
	  Index Cond: (id = 6983020)

table 8 : explain SELECT c FROM sbtest8 WHERE id=2721566
	Index Scan using sbtest8_pkey on sbtest8  (cost=0.43..8.45 rows=1 width=121)
	  Index Cond: (id = 2721566)

for inserts
table 1 : explain INSERT INTO sbtest1 (id, k, c, pad) VALUES (9984682, 13, 'foobar', 'foobar')
	Insert on sbtest1  (cost=0.00..0.01 rows=0 width=0)
	  ->  Result  (cost=0.00..0.01 rows=1 width=736)

table 2 : explain INSERT INTO sbtest2 (id, k, c, pad) VALUES (6660550, 13, 'foobar', 'foobar')
	Insert on sbtest2  (cost=0.00..0.01 rows=0 width=0)
	  ->  Result  (cost=0.00..0.01 rows=1 width=736)

table 3 : explain INSERT INTO sbtest3 (id, k, c, pad) VALUES (9340808, 13, 'foobar', 'foobar')
	Insert on sbtest3  (cost=0.00..0.01 rows=0 width=0)
	  ->  Result  (cost=0.00..0.01 rows=1 width=736)

table 4 : explain INSERT INTO sbtest4 (id, k, c, pad) VALUES (9275334, 13, 'foobar', 'foobar')
	Insert on sbtest4  (cost=0.00..0.01 rows=0 width=0)
	  ->  Result  (cost=0.00..0.01 rows=1 width=736)

table 5 : explain INSERT INTO sbtest5 (id, k, c, pad) VALUES (6993913, 13, 'foobar', 'foobar')
	Insert on sbtest5  (cost=0.00..0.01 rows=0 width=0)
	  ->  Result  (cost=0.00..0.01 rows=1 width=736)

table 6 : explain INSERT INTO sbtest6 (id, k, c, pad) VALUES (2469137, 13, 'foobar', 'foobar')
	Insert on sbtest6  (cost=0.00..0.01 rows=0 width=0)
	  ->  Result  (cost=0.00..0.01 rows=1 width=736)

table 7 : explain INSERT INTO sbtest7 (id, k, c, pad) VALUES (9541690, 13, 'foobar', 'foobar')
	Insert on sbtest7  (cost=0.00..0.01 rows=0 width=0)
	  ->  Result  (cost=0.00..0.01 rows=1 width=736)

table 8 : explain INSERT INTO sbtest8 (id, k, c, pad) VALUES (977206, 13, 'foobar', 'foobar')
	Insert on sbtest8  (cost=0.00..0.01 rows=0 width=0)
	  ->  Result  (cost=0.00..0.01 rows=1 width=736)

for non_index_updates
table 1 : explain UPDATE sbtest1 SET c='foobar' WHERE id=364453
	Update on sbtest1  (cost=0.43..8.45 rows=0 width=0)
	  ->  Index Scan using sbtest1_pkey on sbtest1  (cost=0.43..8.45 rows=1 width=490)
	        Index Cond: (id = 364453)

table 2 : explain UPDATE sbtest2 SET c='foobar' WHERE id=8598768
	Update on sbtest2  (cost=0.43..8.45 rows=0 width=0)
	  ->  Index Scan using sbtest2_pkey on sbtest2  (cost=0.43..8.45 rows=1 width=490)
	        Index Cond: (id = 8598768)

table 3 : explain UPDATE sbtest3 SET c='foobar' WHERE id=7800131
	Update on sbtest3  (cost=0.43..8.45 rows=0 width=0)
	  ->  Index Scan using sbtest3_pkey on sbtest3  (cost=0.43..8.45 rows=1 width=490)
	        Index Cond: (id = 7800131)

table 4 : explain UPDATE sbtest4 SET c='foobar' WHERE id=512011
	Update on sbtest4  (cost=0.43..8.45 rows=0 width=0)
	  ->  Index Scan using sbtest4_pkey on sbtest4  (cost=0.43..8.45 rows=1 width=490)
	        Index Cond: (id = 512011)

table 5 : explain UPDATE sbtest5 SET c='foobar' WHERE id=8582652
	Update on sbtest5  (cost=0.43..8.45 rows=0 width=0)
	  ->  Index Scan using sbtest5_pkey on sbtest5  (cost=0.43..8.45 rows=1 width=490)
	        Index Cond: (id = 8582652)

table 6 : explain UPDATE sbtest6 SET c='foobar' WHERE id=4054968
	Update on sbtest6  (cost=0.43..8.45 rows=0 width=0)
	  ->  Index Scan using sbtest6_pkey on sbtest6  (cost=0.43..8.45 rows=1 width=490)
	        Index Cond: (id = 4054968)

table 7 : explain UPDATE sbtest7 SET c='foobar' WHERE id=2265417
	Update on sbtest7  (cost=0.43..8.45 rows=0 width=0)
	  ->  Index Scan using sbtest7_pkey on sbtest7  (cost=0.43..8.45 rows=1 width=490)
	        Index Cond: (id = 2265417)

table 8 : explain UPDATE sbtest8 SET c='foobar' WHERE id=659067
	Update on sbtest8  (cost=0.43..8.45 rows=0 width=0)
	  ->  Index Scan using sbtest8_pkey on sbtest8  (cost=0.43..8.45 rows=1 width=490)
	        Index Cond: (id = 659067)

explain: for deletes :: explain DELETE FROM sbtest%u WHERE id=%u
explain: for inserts :: explain INSERT INTO sbtest%u (id, k, c, pad) VALUES (%u, 13, 'foobar', 'foobar')
for: order_ranges
table 1 : explain SELECT c FROM sbtest1 WHERE id BETWEEN 9748468 AND 9748567 ORDER BY c
	Sort  (cost=355.06..355.29 rows=91 width=121)
	  Sort Key: c
	  ->  Index Scan using sbtest1_pkey on sbtest1  (cost=0.43..352.10 rows=91 width=121)
	        Index Cond: ((id >= 9748468) AND (id <= 9748567))

table 2 : explain SELECT c FROM sbtest2 WHERE id BETWEEN 5037235 AND 5037334 ORDER BY c
	Sort  (cost=387.73..387.98 rows=99 width=121)
	  Sort Key: c
	  ->  Index Scan using sbtest2_pkey on sbtest2  (cost=0.43..384.45 rows=99 width=121)
	        Index Cond: ((id >= 5037235) AND (id <= 5037334))

table 3 : explain SELECT c FROM sbtest3 WHERE id BETWEEN 4408768 AND 4408867 ORDER BY c
	Sort  (cost=392.82..393.07 rows=101 width=121)
	  Sort Key: c
	  ->  Index Scan using sbtest3_pkey on sbtest3  (cost=0.43..389.45 rows=101 width=121)
	        Index Cond: ((id >= 4408768) AND (id <= 4408867))

table 4 : explain SELECT c FROM sbtest4 WHERE id BETWEEN 7888263 AND 7888362 ORDER BY c
	Sort  (cost=404.97..405.23 rows=104 width=121)
	  Sort Key: c
	  ->  Index Scan using sbtest4_pkey on sbtest4  (cost=0.43..401.48 rows=104 width=121)
	        Index Cond: ((id >= 7888263) AND (id <= 7888362))

table 5 : explain SELECT c FROM sbtest5 WHERE id BETWEEN 2924529 AND 2924628 ORDER BY c
	Sort  (cost=368.63..368.87 rows=95 width=121)
	  Sort Key: c
	  ->  Index Scan using sbtest5_pkey on sbtest5  (cost=0.43..365.51 rows=95 width=121)
	        Index Cond: ((id >= 2924529) AND (id <= 2924628))

table 6 : explain SELECT c FROM sbtest6 WHERE id BETWEEN 4342818 AND 4342917 ORDER BY c
	Sort  (cost=417.45..417.72 rows=107 width=121)
	  Sort Key: c
	  ->  Index Scan using sbtest6_pkey on sbtest6  (cost=0.43..413.85 rows=107 width=121)
	        Index Cond: ((id >= 4342818) AND (id <= 4342917))

table 7 : explain SELECT c FROM sbtest7 WHERE id BETWEEN 3769584 AND 3769683 ORDER BY c
	Sort  (cost=408.68..408.95 rows=105 width=121)
	  Sort Key: c
	  ->  Index Scan using sbtest7_pkey on sbtest7  (cost=0.43..405.16 rows=105 width=121)
	        Index Cond: ((id >= 3769584) AND (id <= 3769683))

table 8 : explain SELECT c FROM sbtest8 WHERE id BETWEEN 2888734 AND 2888833 ORDER BY c
	Sort  (cost=432.86..433.14 rows=111 width=121)
	  Sort Key: c
	  ->  Index Scan using sbtest8_pkey on sbtest8  (cost=0.43..429.09 rows=111 width=121)
	        Index Cond: ((id >= 2888734) AND (id <= 2888833))

for deletes
table 1 : explain DELETE FROM sbtest1 WHERE id=4314694
	Delete on sbtest1  (cost=0.43..8.45 rows=0 width=0)
	  ->  Index Scan using sbtest1_pkey on sbtest1  (cost=0.43..8.45 rows=1 width=6)
	        Index Cond: (id = 4314694)

table 2 : explain DELETE FROM sbtest2 WHERE id=1024858
	Delete on sbtest2  (cost=0.43..8.45 rows=0 width=0)
	  ->  Index Scan using sbtest2_pkey on sbtest2  (cost=0.43..8.45 rows=1 width=6)
	        Index Cond: (id = 1024858)

table 3 : explain DELETE FROM sbtest3 WHERE id=9083940
	Delete on sbtest3  (cost=0.43..8.45 rows=0 width=0)
	  ->  Index Scan using sbtest3_pkey on sbtest3  (cost=0.43..8.45 rows=1 width=6)
	        Index Cond: (id = 9083940)

table 4 : explain DELETE FROM sbtest4 WHERE id=6001834
	Delete on sbtest4  (cost=0.43..8.45 rows=0 width=0)
	  ->  Index Scan using sbtest4_pkey on sbtest4  (cost=0.43..8.45 rows=1 width=6)
	        Index Cond: (id = 6001834)

table 5 : explain DELETE FROM sbtest5 WHERE id=4095571
	Delete on sbtest5  (cost=0.43..8.45 rows=0 width=0)
	  ->  Index Scan using sbtest5_pkey on sbtest5  (cost=0.43..8.45 rows=1 width=6)
	        Index Cond: (id = 4095571)

table 6 : explain DELETE FROM sbtest6 WHERE id=4972492
	Delete on sbtest6  (cost=0.43..8.45 rows=0 width=0)
	  ->  Index Scan using sbtest6_pkey on sbtest6  (cost=0.43..8.45 rows=1 width=6)
	        Index Cond: (id = 4972492)

table 7 : explain DELETE FROM sbtest7 WHERE id=5235865
	Delete on sbtest7  (cost=0.43..8.45 rows=0 width=0)
	  ->  Index Scan using sbtest7_pkey on sbtest7  (cost=0.43..8.45 rows=1 width=6)
	        Index Cond: (id = 5235865)

table 8 : explain DELETE FROM sbtest8 WHERE id=2944967
	Delete on sbtest8  (cost=0.43..8.45 rows=0 width=0)
	  ->  Index Scan using sbtest8_pkey on sbtest8  (cost=0.43..8.45 rows=1 width=6)
	        Index Cond: (id = 2944967)

for inserts
table 1 : explain INSERT INTO sbtest1 (id, k, c, pad) VALUES (8636476, 13, 'foobar', 'foobar')
	Insert on sbtest1  (cost=0.00..0.01 rows=0 width=0)
	  ->  Result  (cost=0.00..0.01 rows=1 width=736)

table 2 : explain INSERT INTO sbtest2 (id, k, c, pad) VALUES (7501910, 13, 'foobar', 'foobar')
	Insert on sbtest2  (cost=0.00..0.01 rows=0 width=0)
	  ->  Result  (cost=0.00..0.01 rows=1 width=736)

table 3 : explain INSERT INTO sbtest3 (id, k, c, pad) VALUES (291013, 13, 'foobar', 'foobar')
	Insert on sbtest3  (cost=0.00..0.01 rows=0 width=0)
	  ->  Result  (cost=0.00..0.01 rows=1 width=736)

table 4 : explain INSERT INTO sbtest4 (id, k, c, pad) VALUES (2963716, 13, 'foobar', 'foobar')
	Insert on sbtest4  (cost=0.00..0.01 rows=0 width=0)
	  ->  Result  (cost=0.00..0.01 rows=1 width=736)

table 5 : explain INSERT INTO sbtest5 (id, k, c, pad) VALUES (5173555, 13, 'foobar', 'foobar')
	Insert on sbtest5  (cost=0.00..0.01 rows=0 width=0)
	  ->  Result  (cost=0.00..0.01 rows=1 width=736)

table 6 : explain INSERT INTO sbtest6 (id, k, c, pad) VALUES (2063080, 13, 'foobar', 'foobar')
	Insert on sbtest6  (cost=0.00..0.01 rows=0 width=0)
	  ->  Result  (cost=0.00..0.01 rows=1 width=736)

table 7 : explain INSERT INTO sbtest7 (id, k, c, pad) VALUES (9433719, 13, 'foobar', 'foobar')
	Insert on sbtest7  (cost=0.00..0.01 rows=0 width=0)
	  ->  Result  (cost=0.00..0.01 rows=1 width=736)

table 8 : explain INSERT INTO sbtest8 (id, k, c, pad) VALUES (1381857, 13, 'foobar', 'foobar')
	Insert on sbtest8  (cost=0.00..0.01 rows=0 width=0)
	  ->  Result  (cost=0.00..0.01 rows=1 width=736)

for: simple_ranges
table 1 : explain SELECT c FROM sbtest1 WHERE id BETWEEN 6628676 AND 6628775
	Index Scan using sbtest1_pkey on sbtest1  (cost=0.43..371.24 rows=96 width=121)
	  Index Cond: ((id >= 6628676) AND (id <= 6628775))

table 2 : explain SELECT c FROM sbtest2 WHERE id BETWEEN 9175618 AND 9175717
	Index Scan using sbtest2_pkey on sbtest2  (cost=0.43..365.27 rows=94 width=121)
	  Index Cond: ((id >= 9175618) AND (id <= 9175717))

table 3 : explain SELECT c FROM sbtest3 WHERE id BETWEEN 7872663 AND 7872762
	Index Scan using sbtest3_pkey on sbtest3  (cost=0.43..378.03 rows=98 width=121)
	  Index Cond: ((id >= 7872663) AND (id <= 7872762))

table 4 : explain SELECT c FROM sbtest4 WHERE id BETWEEN 4856095 AND 4856194
	Index Scan using sbtest4_pkey on sbtest4  (cost=0.43..386.23 rows=100 width=121)
	  Index Cond: ((id >= 4856095) AND (id <= 4856194))

table 5 : explain SELECT c FROM sbtest5 WHERE id BETWEEN 7732806 AND 7732905
	Index Scan using sbtest5_pkey on sbtest5  (cost=0.43..376.90 rows=98 width=121)
	  Index Cond: ((id >= 7732806) AND (id <= 7732905))

table 6 : explain SELECT c FROM sbtest6 WHERE id BETWEEN 2633741 AND 2633840
	Index Scan using sbtest6_pkey on sbtest6  (cost=0.43..421.49 rows=109 width=121)
	  Index Cond: ((id >= 2633741) AND (id <= 2633840))

table 7 : explain SELECT c FROM sbtest7 WHERE id BETWEEN 2249280 AND 2249379
	Index Scan using sbtest7_pkey on sbtest7  (cost=0.43..408.97 rows=106 width=121)
	  Index Cond: ((id >= 2249280) AND (id <= 2249379))

table 8 : explain SELECT c FROM sbtest8 WHERE id BETWEEN 1734403 AND 1734502
	Index Scan using sbtest8_pkey on sbtest8  (cost=0.43..406.15 rows=105 width=121)
	  Index Cond: ((id >= 1734403) AND (id <= 1734502))

for: order_ranges
table 1 : explain SELECT c FROM sbtest1 WHERE id BETWEEN 276373 AND 276472 ORDER BY c
	Sort  (cost=370.54..370.78 rows=95 width=121)
	  Sort Key: c
	  ->  Index Scan using sbtest1_pkey on sbtest1  (cost=0.43..367.42 rows=95 width=121)
	        Index Cond: ((id >= 276373) AND (id <= 276472))

table 2 : explain SELECT c FROM sbtest2 WHERE id BETWEEN 7213673 AND 7213772 ORDER BY c
	Sort  (cost=395.48..395.73 rows=101 width=121)
	  Sort Key: c
	  ->  Index Scan using sbtest2_pkey on sbtest2  (cost=0.43..392.12 rows=101 width=121)
	        Index Cond: ((id >= 7213673) AND (id <= 7213772))

table 3 : explain SELECT c FROM sbtest3 WHERE id BETWEEN 4936533 AND 4936632 ORDER BY c
	Sort  (cost=377.42..377.66 rows=97 width=121)
	  Sort Key: c
	  ->  Index Scan using sbtest3_pkey on sbtest3  (cost=0.43..374.22 rows=97 width=121)
	        Index Cond: ((id >= 4936533) AND (id <= 4936632))

table 4 : explain SELECT c FROM sbtest4 WHERE id BETWEEN 439943 AND 440042 ORDER BY c
	Sort  (cost=366.42..366.66 rows=94 width=121)
	  Sort Key: c
	  ->  Index Scan using sbtest4_pkey on sbtest4  (cost=0.43..363.34 rows=94 width=121)
	        Index Cond: ((id >= 439943) AND (id <= 440042))

table 5 : explain SELECT c FROM sbtest5 WHERE id BETWEEN 2147143 AND 2147242 ORDER BY c
	Sort  (cost=403.16..403.42 rows=104 width=121)
	  Sort Key: c
	  ->  Index Scan using sbtest5_pkey on sbtest5  (cost=0.43..399.68 rows=104 width=121)
	        Index Cond: ((id >= 2147143) AND (id <= 2147242))

table 6 : explain SELECT c FROM sbtest6 WHERE id BETWEEN 1763935 AND 1764034 ORDER BY c
	Sort  (cost=347.86..348.09 rows=89 width=121)
	  Sort Key: c
	  ->  Index Scan using sbtest6_pkey on sbtest6  (cost=0.43..344.98 rows=89 width=121)
	        Index Cond: ((id >= 1763935) AND (id <= 1764034))

table 7 : explain SELECT c FROM sbtest7 WHERE id BETWEEN 527770 AND 527869 ORDER BY c
	Sort  (cost=374.00..374.24 rows=96 width=121)
	  Sort Key: c
	  ->  Index Scan using sbtest7_pkey on sbtest7  (cost=0.43..370.84 rows=96 width=121)
	        Index Cond: ((id >= 527770) AND (id <= 527869))

table 8 : explain SELECT c FROM sbtest8 WHERE id BETWEEN 5550794 AND 5550893 ORDER BY c
	Sort  (cost=367.18..367.42 rows=94 width=121)
	  Sort Key: c
	  ->  Index Scan using sbtest8_pkey on sbtest8  (cost=0.43..364.10 rows=94 width=121)
	        Index Cond: ((id >= 5550794) AND (id <= 5550893))

for: distinct_ranges
table 1 : explain SELECT DISTINCT c FROM sbtest1 WHERE id BETWEEN 2235312 AND 2235411 ORDER BY c
	Unique  (cost=401.40..401.91 rows=103 width=121)
	  ->  Sort  (cost=401.40..401.66 rows=103 width=121)
	        Sort Key: c
	        ->  Index Scan using sbtest1_pkey on sbtest1  (cost=0.43..397.96 rows=103 width=121)
	              Index Cond: ((id >= 2235312) AND (id <= 2235411))

table 2 : explain SELECT DISTINCT c FROM sbtest2 WHERE id BETWEEN 9298144 AND 9298243 ORDER BY c
	Unique  (cost=391.61..392.11 rows=100 width=121)
	  ->  Sort  (cost=391.61..391.86 rows=100 width=121)
	        Sort Key: c
	        ->  Index Scan using sbtest2_pkey on sbtest2  (cost=0.43..388.28 rows=100 width=121)
	              Index Cond: ((id >= 9298144) AND (id <= 9298243))

table 3 : explain SELECT DISTINCT c FROM sbtest3 WHERE id BETWEEN 4465663 AND 4465762 ORDER BY c
	Unique  (cost=381.27..381.76 rows=98 width=121)
	  ->  Sort  (cost=381.27..381.52 rows=98 width=121)
	        Sort Key: c
	        ->  Index Scan using sbtest3_pkey on sbtest3  (cost=0.43..378.03 rows=98 width=121)
	              Index Cond: ((id >= 4465663) AND (id <= 4465762))

table 4 : explain SELECT DISTINCT c FROM sbtest4 WHERE id BETWEEN 2923015 AND 2923114 ORDER BY c
	Unique  (cost=366.42..366.89 rows=94 width=121)
	  ->  Sort  (cost=366.42..366.66 rows=94 width=121)
	        Sort Key: c
	        ->  Index Scan using sbtest4_pkey on sbtest4  (cost=0.43..363.34 rows=94 width=121)
	              Index Cond: ((id >= 2923015) AND (id <= 2923114))

table 5 : explain SELECT DISTINCT c FROM sbtest5 WHERE id BETWEEN 6282561 AND 6282660 ORDER BY c
	Unique  (cost=403.16..403.68 rows=104 width=121)
	  ->  Sort  (cost=403.16..403.42 rows=104 width=121)
	        Sort Key: c
	        ->  Index Scan using sbtest5_pkey on sbtest5  (cost=0.43..399.68 rows=104 width=121)
	              Index Cond: ((id >= 6282561) AND (id <= 6282660))

table 6 : explain SELECT DISTINCT c FROM sbtest6 WHERE id BETWEEN 8332840 AND 8332939 ORDER BY c
	Unique  (cost=390.41..390.91 rows=100 width=121)
	  ->  Sort  (cost=390.41..390.66 rows=100 width=121)
	        Sort Key: c
	        ->  Index Scan using sbtest6_pkey on sbtest6  (cost=0.43..387.08 rows=100 width=121)
	              Index Cond: ((id >= 8332840) AND (id <= 8332939))

table 7 : explain SELECT DISTINCT c FROM sbtest7 WHERE id BETWEEN 1725114 AND 1725213 ORDER BY c
	Unique  (cost=400.98..401.49 rows=103 width=121)
	  ->  Sort  (cost=400.98..401.23 rows=103 width=121)
	        Sort Key: c
	        ->  Index Scan using sbtest7_pkey on sbtest7  (cost=0.43..397.53 rows=103 width=121)
	              Index Cond: ((id >= 1725114) AND (id <= 1725213))

table 8 : explain SELECT DISTINCT c FROM sbtest8 WHERE id BETWEEN 1190858 AND 1190957 ORDER BY c
	Unique  (cost=374.91..375.39 rows=96 width=121)
	  ->  Sort  (cost=374.91..375.15 rows=96 width=121)
	        Sort Key: c
	        ->  Index Scan using sbtest8_pkey on sbtest8  (cost=0.43..371.75 rows=96 width=121)
	              Index Cond: ((id >= 1190858) AND (id <= 1190957))

explain: for inserts :: explain INSERT INTO sbtest%u (id, k, c, pad) VALUES (%u, 13, 'foobar', 'foobar')
for point_selects
table 1 : explain SELECT c FROM sbtest1 WHERE id=7759001
	Index Scan using sbtest1_pkey on sbtest1  (cost=0.43..8.45 rows=1 width=121)
	  Index Cond: (id = 7759001)

table 2 : explain SELECT c FROM sbtest2 WHERE id=8420200
	Index Scan using sbtest2_pkey on sbtest2  (cost=0.43..8.45 rows=1 width=121)
	  Index Cond: (id = 8420200)

table 3 : explain SELECT c FROM sbtest3 WHERE id=8467263
	Index Scan using sbtest3_pkey on sbtest3  (cost=0.43..8.45 rows=1 width=121)
	  Index Cond: (id = 8467263)

table 4 : explain SELECT c FROM sbtest4 WHERE id=379641
	Index Scan using sbtest4_pkey on sbtest4  (cost=0.43..8.45 rows=1 width=121)
	  Index Cond: (id = 379641)

table 5 : explain SELECT c FROM sbtest5 WHERE id=4062650
	Index Scan using sbtest5_pkey on sbtest5  (cost=0.43..8.45 rows=1 width=121)
	  Index Cond: (id = 4062650)

table 6 : explain SELECT c FROM sbtest6 WHERE id=3702721
	Index Scan using sbtest6_pkey on sbtest6  (cost=0.43..8.45 rows=1 width=121)
	  Index Cond: (id = 3702721)

table 7 : explain SELECT c FROM sbtest7 WHERE id=6703739
	Index Scan using sbtest7_pkey on sbtest7  (cost=0.43..8.45 rows=1 width=121)
	  Index Cond: (id = 6703739)

table 8 : explain SELECT c FROM sbtest8 WHERE id=1324743
	Index Scan using sbtest8_pkey on sbtest8  (cost=0.43..8.45 rows=1 width=121)
	  Index Cond: (id = 1324743)

for: distinct_ranges
table 1 : explain SELECT DISTINCT c FROM sbtest1 WHERE id BETWEEN 5551301 AND 5551400 ORDER BY c
	Unique  (cost=420.69..421.23 rows=108 width=121)
	  ->  Sort  (cost=420.69..420.96 rows=108 width=121)
	        Sort Key: c
	        ->  Index Scan using sbtest1_pkey on sbtest1  (cost=0.43..417.04 rows=108 width=121)
	              Index Cond: ((id >= 5551301) AND (id <= 5551400))

table 2 : explain SELECT DISTINCT c FROM sbtest2 WHERE id BETWEEN 4794682 AND 4794781 ORDER BY c
	Unique  (cost=383.85..384.34 rows=98 width=121)
	  ->  Sort  (cost=383.85..384.10 rows=98 width=121)
	        Sort Key: c
	        ->  Index Scan using sbtest2_pkey on sbtest2  (cost=0.43..380.61 rows=98 width=121)
	              Index Cond: ((id >= 4794682) AND (id <= 4794781))

table 3 : explain SELECT DISTINCT c FROM sbtest3 WHERE id BETWEEN 6221127 AND 6221226 ORDER BY c
	Unique  (cost=346.58..347.03 rows=89 width=121)
	  ->  Sort  (cost=346.58..346.80 rows=89 width=121)
	        Sort Key: c
	        ->  Index Scan using sbtest3_pkey on sbtest3  (cost=0.43..343.70 rows=89 width=121)
	              Index Cond: ((id >= 6221127) AND (id <= 6221226))

table 4 : explain SELECT DISTINCT c FROM sbtest4 WHERE id BETWEEN 9805821 AND 9805920 ORDER BY c
	Unique  (cost=401.11..401.63 rows=103 width=121)
	  ->  Sort  (cost=401.11..401.37 rows=103 width=121)
	        Sort Key: c
	        ->  Index Scan using sbtest4_pkey on sbtest4  (cost=0.43..397.67 rows=103 width=121)
	              Index Cond: ((id >= 9805821) AND (id <= 9805920))

table 5 : explain SELECT DISTINCT c FROM sbtest5 WHERE id BETWEEN 2125706 AND 2125805 ORDER BY c
	Unique  (cost=403.16..403.68 rows=104 width=121)
	  ->  Sort  (cost=403.16..403.42 rows=104 width=121)
	        Sort Key: c
	        ->  Index Scan using sbtest5_pkey on sbtest5  (cost=0.43..399.68 rows=104 width=121)
	              Index Cond: ((id >= 2125706) AND (id <= 2125805))

table 6 : explain SELECT DISTINCT c FROM sbtest6 WHERE id BETWEEN 3781595 AND 3781694 ORDER BY c
	Unique  (cost=374.95..375.43 rows=96 width=121)
	  ->  Sort  (cost=374.95..375.19 rows=96 width=121)
	        Sort Key: c
	        ->  Index Scan using sbtest6_pkey on sbtest6  (cost=0.43..371.79 rows=96 width=121)
	              Index Cond: ((id >= 3781595) AND (id <= 3781694))

table 7 : explain SELECT DISTINCT c FROM sbtest7 WHERE id BETWEEN 3823600 AND 3823699 ORDER BY c
	Unique  (cost=404.83..405.35 rows=104 width=121)
	  ->  Sort  (cost=404.83..405.09 rows=104 width=121)
	        Sort Key: c
	        ->  Index Scan using sbtest7_pkey on sbtest7  (cost=0.43..401.34 rows=104 width=121)
	              Index Cond: ((id >= 3823600) AND (id <= 3823699))

table 8 : explain SELECT DISTINCT c FROM sbtest8 WHERE id BETWEEN 5364137 AND 5364236 ORDER BY c
	Unique  (cost=374.91..375.39 rows=96 width=121)
	  ->  Sort  (cost=374.91..375.15 rows=96 width=121)
	        Sort Key: c
	        ->  Index Scan using sbtest8_pkey on sbtest8  (cost=0.43..371.75 rows=96 width=121)
	              Index Cond: ((id >= 5364137) AND (id <= 5364236))

for: sum_ranges
table 1 : explain SELECT SUM(k) FROM sbtest1 WHERE id BETWEEN 6792654 AND 6792753
	Aggregate  (cost=424.95..424.96 rows=1 width=8)
	  ->  Index Scan using sbtest1_pkey on sbtest1  (cost=0.43..424.68 rows=110 width=4)
	        Index Cond: ((id >= 6792654) AND (id <= 6792753))

table 2 : explain SELECT SUM(k) FROM sbtest2 WHERE id BETWEEN 5244092 AND 5244191
	Aggregate  (cost=369.35..369.36 rows=1 width=8)
	  ->  Index Scan using sbtest2_pkey on sbtest2  (cost=0.43..369.11 rows=95 width=4)
	        Index Cond: ((id >= 5244092) AND (id <= 5244191))

table 3 : explain SELECT SUM(k) FROM sbtest3 WHERE id BETWEEN 1209776 AND 1209875
	Aggregate  (cost=397.33..397.34 rows=1 width=8)
	  ->  Index Scan using sbtest3_pkey on sbtest3  (cost=0.43..397.07 rows=103 width=4)
	        Index Cond: ((id >= 1209776) AND (id <= 1209875))

table 4 : explain SELECT SUM(k) FROM sbtest4 WHERE id BETWEEN 574461 AND 574560
	Aggregate  (cost=378.84..378.85 rows=1 width=8)
	  ->  Index Scan using sbtest4_pkey on sbtest4  (cost=0.43..378.60 rows=98 width=4)
	        Index Cond: ((id >= 574461) AND (id <= 574560))

table 5 : explain SELECT SUM(k) FROM sbtest5 WHERE id BETWEEN 1995328 AND 1995427
	Aggregate  (cost=373.34..373.35 rows=1 width=8)
	  ->  Index Scan using sbtest5_pkey on sbtest5  (cost=0.43..373.10 rows=97 width=4)
	        Index Cond: ((id >= 1995328) AND (id <= 1995427))

table 6 : explain SELECT SUM(k) FROM sbtest6 WHERE id BETWEEN 4309773 AND 4309872
	Aggregate  (cost=414.11..414.12 rows=1 width=8)
	  ->  Index Scan using sbtest6_pkey on sbtest6  (cost=0.43..413.85 rows=107 width=4)
	        Index Cond: ((id >= 4309773) AND (id <= 4309872))

table 7 : explain SELECT SUM(k) FROM sbtest7 WHERE id BETWEEN 8298745 AND 8298844
	Aggregate  (cost=374.90..374.91 rows=1 width=8)
	  ->  Index Scan using sbtest7_pkey on sbtest7  (cost=0.43..374.65 rows=97 width=4)
	        Index Cond: ((id >= 8298745) AND (id <= 8298844))

table 8 : explain SELECT SUM(k) FROM sbtest8 WHERE id BETWEEN 9147325 AND 9147424
	Aggregate  (cost=375.81..375.82 rows=1 width=8)
	  ->  Index Scan using sbtest8_pkey on sbtest8  (cost=0.43..375.57 rows=97 width=4)
	        Index Cond: ((id >= 9147325) AND (id <= 9147424))

for: distinct_ranges
table 1 : explain SELECT DISTINCT c FROM sbtest1 WHERE id BETWEEN 7168719 AND 7168818 ORDER BY c
	Unique  (cost=358.92..359.38 rows=92 width=121)
	  ->  Sort  (cost=358.92..359.15 rows=92 width=121)
	        Sort Key: c
	        ->  Index Scan using sbtest1_pkey on sbtest1  (cost=0.43..355.92 rows=92 width=121)
	              Index Cond: ((id >= 7168719) AND (id <= 7168818))

table 2 : explain SELECT DISTINCT c FROM sbtest2 WHERE id BETWEEN 1151729 AND 1151828 ORDER BY c
	Unique  (cost=364.43..364.90 rows=93 width=121)
	  ->  Sort  (cost=364.43..364.66 rows=93 width=121)
	        Sort Key: c
	        ->  Index Scan using sbtest2_pkey on sbtest2  (cost=0.43..361.39 rows=93 width=121)
	              Index Cond: ((id >= 1151729) AND (id <= 1151828))

table 3 : explain SELECT DISTINCT c FROM sbtest3 WHERE id BETWEEN 5636955 AND 5637054 ORDER BY c
	Unique  (cost=365.88..366.35 rows=94 width=121)
	  ->  Sort  (cost=365.88..366.11 rows=94 width=121)
	        Sort Key: c
	        ->  Index Scan using sbtest3_pkey on sbtest3  (cost=0.43..362.80 rows=94 width=121)
	              Index Cond: ((id >= 5636955) AND (id <= 5637054))

table 4 : explain SELECT DISTINCT c FROM sbtest4 WHERE id BETWEEN 5348294 AND 5348393 ORDER BY c
	Unique  (cost=374.13..374.61 rows=96 width=121)
	  ->  Sort  (cost=374.13..374.37 rows=96 width=121)
	        Sort Key: c
	        ->  Index Scan using sbtest4_pkey on sbtest4  (cost=0.43..370.97 rows=96 width=121)
	              Index Cond: ((id >= 5348294) AND (id <= 5348393))

table 5 : explain SELECT DISTINCT c FROM sbtest5 WHERE id BETWEEN 7285993 AND 7286092 ORDER BY c
	Unique  (cost=337.88..338.32 rows=87 width=121)
	  ->  Sort  (cost=337.88..338.10 rows=87 width=121)
	        Sort Key: c
	        ->  Index Scan using sbtest5_pkey on sbtest5  (cost=0.43..335.08 rows=87 width=121)
	              Index Cond: ((id >= 7285993) AND (id <= 7286092))

table 6 : explain SELECT DISTINCT c FROM sbtest6 WHERE id BETWEEN 4245369 AND 4245468 ORDER BY c
	Unique  (cost=413.59..414.12 rows=106 width=121)
	  ->  Sort  (cost=413.59..413.85 rows=106 width=121)
	        Sort Key: c
	        ->  Index Scan using sbtest6_pkey on sbtest6  (cost=0.43..410.02 rows=106 width=121)
	              Index Cond: ((id >= 4245369) AND (id <= 4245468))

table 7 : explain SELECT DISTINCT c FROM sbtest7 WHERE id BETWEEN 7147955 AND 7148054 ORDER BY c
	Unique  (cost=381.71..382.20 rows=98 width=121)
	  ->  Sort  (cost=381.71..381.95 rows=98 width=121)
	        Sort Key: c
	        ->  Index Scan using sbtest7_pkey on sbtest7  (cost=0.43..378.47 rows=98 width=121)
	              Index Cond: ((id >= 7147955) AND (id <= 7148054))

table 8 : explain SELECT DISTINCT c FROM sbtest8 WHERE id BETWEEN 459033 AND 459132 ORDER BY c
	Unique  (cost=390.36..390.86 rows=100 width=121)
	  ->  Sort  (cost=390.36..390.61 rows=100 width=121)
	        Sort Key: c
	        ->  Index Scan using sbtest8_pkey on sbtest8  (cost=0.43..387.04 rows=100 width=121)
	              Index Cond: ((id >= 459033) AND (id <= 459132))

explain: for index_updates :: explain UPDATE sbtest%u SET k=k+1 WHERE id=%u
for point_selects
table 1 : explain SELECT c FROM sbtest1 WHERE id=5056305
	Index Scan using sbtest1_pkey on sbtest1  (cost=0.43..8.45 rows=1 width=121)
	  Index Cond: (id = 5056305)

table 2 : explain SELECT c FROM sbtest2 WHERE id=2861439
	Index Scan using sbtest2_pkey on sbtest2  (cost=0.43..8.45 rows=1 width=121)
	  Index Cond: (id = 2861439)

table 3 : explain SELECT c FROM sbtest3 WHERE id=8715560
	Index Scan using sbtest3_pkey on sbtest3  (cost=0.43..8.45 rows=1 width=121)
	  Index Cond: (id = 8715560)

table 4 : explain SELECT c FROM sbtest4 WHERE id=8421816
	Index Scan using sbtest4_pkey on sbtest4  (cost=0.43..8.45 rows=1 width=121)
	  Index Cond: (id = 8421816)

table 5 : explain SELECT c FROM sbtest5 WHERE id=5130717
	Index Scan using sbtest5_pkey on sbtest5  (cost=0.43..8.45 rows=1 width=121)
	  Index Cond: (id = 5130717)

table 6 : explain SELECT c FROM sbtest6 WHERE id=1600097
	Index Scan using sbtest6_pkey on sbtest6  (cost=0.43..8.45 rows=1 width=121)
	  Index Cond: (id = 1600097)

table 7 : explain SELECT c FROM sbtest7 WHERE id=955806
	Index Scan using sbtest7_pkey on sbtest7  (cost=0.43..8.45 rows=1 width=121)
	  Index Cond: (id = 955806)

table 8 : explain SELECT c FROM sbtest8 WHERE id=6358223
	Index Scan using sbtest8_pkey on sbtest8  (cost=0.43..8.45 rows=1 width=121)
	  Index Cond: (id = 6358223)

for inserts
table 1 : explain INSERT INTO sbtest1 (id, k, c, pad) VALUES (3297623, 13, 'foobar', 'foobar')
	Insert on sbtest1  (cost=0.00..0.01 rows=0 width=0)
	  ->  Result  (cost=0.00..0.01 rows=1 width=736)

table 2 : explain INSERT INTO sbtest2 (id, k, c, pad) VALUES (5366006, 13, 'foobar', 'foobar')
	Insert on sbtest2  (cost=0.00..0.01 rows=0 width=0)
	  ->  Result  (cost=0.00..0.01 rows=1 width=736)

table 3 : explain INSERT INTO sbtest3 (id, k, c, pad) VALUES (1885161, 13, 'foobar', 'foobar')
	Insert on sbtest3  (cost=0.00..0.01 rows=0 width=0)
	  ->  Result  (cost=0.00..0.01 rows=1 width=736)

table 4 : explain INSERT INTO sbtest4 (id, k, c, pad) VALUES (8174515, 13, 'foobar', 'foobar')
	Insert on sbtest4  (cost=0.00..0.01 rows=0 width=0)
	  ->  Result  (cost=0.00..0.01 rows=1 width=736)

table 5 : explain INSERT INTO sbtest5 (id, k, c, pad) VALUES (2997194, 13, 'foobar', 'foobar')
	Insert on sbtest5  (cost=0.00..0.01 rows=0 width=0)
	  ->  Result  (cost=0.00..0.01 rows=1 width=736)

table 6 : explain INSERT INTO sbtest6 (id, k, c, pad) VALUES (9144449, 13, 'foobar', 'foobar')
	Insert on sbtest6  (cost=0.00..0.01 rows=0 width=0)
	  ->  Result  (cost=0.00..0.01 rows=1 width=736)

table 7 : explain INSERT INTO sbtest7 (id, k, c, pad) VALUES (9132547, 13, 'foobar', 'foobar')
	Insert on sbtest7  (cost=0.00..0.01 rows=0 width=0)
	  ->  Result  (cost=0.00..0.01 rows=1 width=736)

table 8 : explain INSERT INTO sbtest8 (id, k, c, pad) VALUES (7411828, 13, 'foobar', 'foobar')
	Insert on sbtest8  (cost=0.00..0.01 rows=0 width=0)
	  ->  Result  (cost=0.00..0.01 rows=1 width=736)

for: order_ranges
table 1 : explain SELECT c FROM sbtest1 WHERE id BETWEEN 4678653 AND 4678752 ORDER BY c
	Sort  (cost=416.83..417.10 rows=107 width=121)
	  Sort Key: c
	  ->  Index Scan using sbtest1_pkey on sbtest1  (cost=0.43..413.22 rows=107 width=121)
	        Index Cond: ((id >= 4678653) AND (id <= 4678752))

table 2 : explain SELECT c FROM sbtest2 WHERE id BETWEEN 89122 AND 89221 ORDER BY c
	Sort  (cost=403.23..403.49 rows=103 width=121)
	  Sort Key: c
	  ->  Index Scan using sbtest2_pkey on sbtest2  (cost=0.43..399.79 rows=103 width=121)
	        Index Cond: ((id >= 89122) AND (id <= 89221))

table 3 : explain SELECT c FROM sbtest3 WHERE id BETWEEN 176373 AND 176472 ORDER BY c
	Sort  (cost=419.76..420.03 rows=108 width=121)
	  Sort Key: c
	  ->  Index Scan using sbtest3_pkey on sbtest3  (cost=0.43..416.11 rows=108 width=121)
	        Index Cond: ((id >= 176373) AND (id <= 176472))

table 4 : explain SELECT c FROM sbtest4 WHERE id BETWEEN 8208242 AND 8208341 ORDER BY c
	Sort  (cost=397.26..397.51 rows=102 width=121)
	  Sort Key: c
	  ->  Index Scan using sbtest4_pkey on sbtest4  (cost=0.43..393.86 rows=102 width=121)
	        Index Cond: ((id >= 8208242) AND (id <= 8208341))

table 5 : explain SELECT c FROM sbtest5 WHERE id BETWEEN 3682926 AND 3683025 ORDER BY c
	Sort  (cost=422.35..422.62 rows=109 width=121)
	  Sort Key: c
	  ->  Index Scan using sbtest5_pkey on sbtest5  (cost=0.43..418.66 rows=109 width=121)
	        Index Cond: ((id >= 3682926) AND (id <= 3683025))

table 6 : explain SELECT c FROM sbtest6 WHERE id BETWEEN 6013340 AND 6013439 ORDER BY c
	Sort  (cost=363.31..363.55 rows=93 width=121)
	  Sort Key: c
	  ->  Index Scan using sbtest6_pkey on sbtest6  (cost=0.43..360.27 rows=93 width=121)
	        Index Cond: ((id >= 6013340) AND (id <= 6013439))

table 7 : explain SELECT c FROM sbtest7 WHERE id BETWEEN 9144542 AND 9144641 ORDER BY c
	Sort  (cost=466.50..466.80 rows=120 width=121)
	  Sort Key: c
	  ->  Index Scan using sbtest7_pkey on sbtest7  (cost=0.43..462.35 rows=120 width=121)
	        Index Cond: ((id >= 9144542) AND (id <= 9144641))

table 8 : explain SELECT c FROM sbtest8 WHERE id BETWEEN 8616249 AND 8616348 ORDER BY c
	Sort  (cost=374.91..375.15 rows=96 width=121)
	  Sort Key: c
	  ->  Index Scan using sbtest8_pkey on sbtest8  (cost=0.43..371.75 rows=96 width=121)
	        Index Cond: ((id >= 8616249) AND (id <= 8616348))

for: distinct_ranges
table 1 : explain SELECT DISTINCT c FROM sbtest1 WHERE id BETWEEN 1175552 AND 1175651 ORDER BY c
	Unique  (cost=409.12..409.64 rows=105 width=121)
	  ->  Sort  (cost=409.12..409.38 rows=105 width=121)
	        Sort Key: c
	        ->  Index Scan using sbtest1_pkey on sbtest1  (cost=0.43..405.59 rows=105 width=121)
	              Index Cond: ((id >= 1175552) AND (id <= 1175651))

table 2 : explain SELECT DISTINCT c FROM sbtest2 WHERE id BETWEEN 2852112 AND 2852211 ORDER BY c
	Unique  (cost=395.48..395.99 rows=101 width=121)
	  ->  Sort  (cost=395.48..395.73 rows=101 width=121)
	        Sort Key: c
	        ->  Index Scan using sbtest2_pkey on sbtest2  (cost=0.43..392.12 rows=101 width=121)
	              Index Cond: ((id >= 2852112) AND (id <= 2852211))

table 3 : explain SELECT DISTINCT c FROM sbtest3 WHERE id BETWEEN 4624937 AND 4625036 ORDER BY c
	Unique  (cost=404.36..404.88 rows=104 width=121)
	  ->  Sort  (cost=404.36..404.62 rows=104 width=121)
	        Sort Key: c
	        ->  Index Scan using sbtest3_pkey on sbtest3  (cost=0.43..400.88 rows=104 width=121)
	              Index Cond: ((id >= 4624937) AND (id <= 4625036))

table 4 : explain SELECT DISTINCT c FROM sbtest4 WHERE id BETWEEN 5055666 AND 5055765 ORDER BY c
	Unique  (cost=416.53..417.07 rows=107 width=121)
	  ->  Sort  (cost=416.53..416.80 rows=107 width=121)
	        Sort Key: c
	        ->  Index Scan using sbtest4_pkey on sbtest4  (cost=0.43..412.93 rows=107 width=121)
	              Index Cond: ((id >= 5055666) AND (id <= 5055765))

table 5 : explain SELECT DISTINCT c FROM sbtest5 WHERE id BETWEEN 7181247 AND 7181346 ORDER BY c
	Unique  (cost=387.81..388.31 rows=100 width=121)
	  ->  Sort  (cost=387.81..388.06 rows=100 width=121)
	        Sort Key: c
	        ->  Index Scan using sbtest5_pkey on sbtest5  (cost=0.43..384.49 rows=100 width=121)
	              Index Cond: ((id >= 7181247) AND (id <= 7181346))

table 6 : explain SELECT DISTINCT c FROM sbtest6 WHERE id BETWEEN 4857987 AND 4858086 ORDER BY c
	Unique  (cost=371.09..371.56 rows=95 width=121)
	  ->  Sort  (cost=371.09..371.33 rows=95 width=121)
	        Sort Key: c
	        ->  Index Scan using sbtest6_pkey on sbtest6  (cost=0.43..367.97 rows=95 width=121)
	              Index Cond: ((id >= 4857987) AND (id <= 4858086))

table 7 : explain SELECT DISTINCT c FROM sbtest7 WHERE id BETWEEN 8957727 AND 8957826 ORDER BY c
	Unique  (cost=385.56..386.06 rows=99 width=121)
	  ->  Sort  (cost=385.56..385.81 rows=99 width=121)
	        Sort Key: c
	        ->  Index Scan using sbtest7_pkey on sbtest7  (cost=0.43..382.28 rows=99 width=121)
	              Index Cond: ((id >= 8957727) AND (id <= 8957826))

table 8 : explain SELECT DISTINCT c FROM sbtest8 WHERE id BETWEEN 9069745 AND 9069844 ORDER BY c
	Unique  (cost=374.91..375.39 rows=96 width=121)
	  ->  Sort  (cost=374.91..375.15 rows=96 width=121)
	        Sort Key: c
	        ->  Index Scan using sbtest8_pkey on sbtest8  (cost=0.43..371.75 rows=96 width=121)
	              Index Cond: ((id >= 9069745) AND (id <= 9069844))

for: sum_ranges
table 1 : explain SELECT SUM(k) FROM sbtest1 WHERE id BETWEEN 1878014 AND 1878113
	Aggregate  (cost=356.15..356.16 rows=1 width=8)
	  ->  Index Scan using sbtest1_pkey on sbtest1  (cost=0.43..355.92 rows=92 width=4)
	        Index Cond: ((id >= 1878014) AND (id <= 1878113))

table 2 : explain SELECT SUM(k) FROM sbtest2 WHERE id BETWEEN 3731941 AND 3732040
	Aggregate  (cost=380.86..380.87 rows=1 width=8)
	  ->  Index Scan using sbtest2_pkey on sbtest2  (cost=0.43..380.61 rows=98 width=4)
	        Index Cond: ((id >= 3731941) AND (id <= 3732040))

table 3 : explain SELECT SUM(k) FROM sbtest3 WHERE id BETWEEN 3946590 AND 3946689
	Aggregate  (cost=336.30..336.31 rows=1 width=8)
	  ->  Index Scan using sbtest3_pkey on sbtest3  (cost=0.43..336.08 rows=87 width=4)
	        Index Cond: ((id >= 3946590) AND (id <= 3946689))

table 4 : explain SELECT SUM(k) FROM sbtest4 WHERE id BETWEEN 4765467 AND 4765566
	Aggregate  (cost=417.01..417.02 rows=1 width=8)
	  ->  Index Scan using sbtest4_pkey on sbtest4  (cost=0.43..416.74 rows=108 width=4)
	        Index Cond: ((id >= 4765467) AND (id <= 4765566))

table 5 : explain SELECT SUM(k) FROM sbtest5 WHERE id BETWEEN 5523527 AND 5523626
	Aggregate  (cost=392.34..392.35 rows=1 width=8)
	  ->  Index Scan using sbtest5_pkey on sbtest5  (cost=0.43..392.09 rows=102 width=4)
	        Index Cond: ((id >= 5523527) AND (id <= 5523626))

table 6 : explain SELECT SUM(k) FROM sbtest6 WHERE id BETWEEN 9183491 AND 9183590
	Aggregate  (cost=360.51..360.52 rows=1 width=8)
	  ->  Index Scan using sbtest6_pkey on sbtest6  (cost=0.43..360.27 rows=93 width=4)
	        Index Cond: ((id >= 9183491) AND (id <= 9183590))

table 7 : explain SELECT SUM(k) FROM sbtest7 WHERE id BETWEEN 6779142 AND 6779241
	Aggregate  (cost=409.24..409.25 rows=1 width=8)
	  ->  Index Scan using sbtest7_pkey on sbtest7  (cost=0.43..408.97 rows=106 width=4)
	        Index Cond: ((id >= 6779142) AND (id <= 6779241))

table 8 : explain SELECT SUM(k) FROM sbtest8 WHERE id BETWEEN 9172557 AND 9172656
	Aggregate  (cost=375.81..375.82 rows=1 width=8)
	  ->  Index Scan using sbtest8_pkey on sbtest8  (cost=0.43..375.57 rows=97 width=4)
	        Index Cond: ((id >= 9172557) AND (id <= 9172656))

explain: for index_updates :: explain UPDATE sbtest%u SET k=k+1 WHERE id=%u
for index_updates
table 1 : explain UPDATE sbtest1 SET k=k+1 WHERE id=2784630
	Update on sbtest1  (cost=0.43..8.46 rows=0 width=0)
	  ->  Index Scan using sbtest1_pkey on sbtest1  (cost=0.43..8.46 rows=1 width=10)
	        Index Cond: (id = 2784630)

table 2 : explain UPDATE sbtest2 SET k=k+1 WHERE id=3568856
	Update on sbtest2  (cost=0.43..8.46 rows=0 width=0)
	  ->  Index Scan using sbtest2_pkey on sbtest2  (cost=0.43..8.46 rows=1 width=10)
	        Index Cond: (id = 3568856)

table 3 : explain UPDATE sbtest3 SET k=k+1 WHERE id=4485535
	Update on sbtest3  (cost=0.43..8.46 rows=0 width=0)
	  ->  Index Scan using sbtest3_pkey on sbtest3  (cost=0.43..8.46 rows=1 width=10)
	        Index Cond: (id = 4485535)

table 4 : explain UPDATE sbtest4 SET k=k+1 WHERE id=6271071
	Update on sbtest4  (cost=0.43..8.46 rows=0 width=0)
	  ->  Index Scan using sbtest4_pkey on sbtest4  (cost=0.43..8.46 rows=1 width=10)
	        Index Cond: (id = 6271071)

table 5 : explain UPDATE sbtest5 SET k=k+1 WHERE id=9255286
	Update on sbtest5  (cost=0.43..8.46 rows=0 width=0)
	  ->  Index Scan using sbtest5_pkey on sbtest5  (cost=0.43..8.46 rows=1 width=10)
	        Index Cond: (id = 9255286)

table 6 : explain UPDATE sbtest6 SET k=k+1 WHERE id=6576025
	Update on sbtest6  (cost=0.43..8.46 rows=0 width=0)
	  ->  Index Scan using sbtest6_pkey on sbtest6  (cost=0.43..8.46 rows=1 width=10)
	        Index Cond: (id = 6576025)

table 7 : explain UPDATE sbtest7 SET k=k+1 WHERE id=9899898
	Update on sbtest7  (cost=0.43..8.46 rows=0 width=0)
	  ->  Index Scan using sbtest7_pkey on sbtest7  (cost=0.43..8.46 rows=1 width=10)
	        Index Cond: (id = 9899898)

table 8 : explain UPDATE sbtest8 SET k=k+1 WHERE id=6508168
	Update on sbtest8  (cost=0.43..8.46 rows=0 width=0)
	  ->  Index Scan using sbtest8_pkey on sbtest8  (cost=0.43..8.46 rows=1 width=10)
	        Index Cond: (id = 6508168)

explain: for index_updates :: explain UPDATE sbtest%u SET k=k+1 WHERE id=%u
for: simple_ranges
table 1 : explain SELECT c FROM sbtest1 WHERE id BETWEEN 4205187 AND 4205286
	Index Scan using sbtest1_pkey on sbtest1  (cost=0.43..375.05 rows=97 width=121)
	  Index Cond: ((id >= 4205187) AND (id <= 4205286))

table 2 : explain SELECT c FROM sbtest2 WHERE id BETWEEN 4499307 AND 4499406
	Index Scan using sbtest2_pkey on sbtest2  (cost=0.43..392.12 rows=101 width=121)
	  Index Cond: ((id >= 4499307) AND (id <= 4499406))

table 3 : explain SELECT c FROM sbtest3 WHERE id BETWEEN 4424928 AND 4425027
	Index Scan using sbtest3_pkey on sbtest3  (cost=0.43..389.45 rows=101 width=121)
	  Index Cond: ((id >= 4424928) AND (id <= 4425027))

table 4 : explain SELECT c FROM sbtest4 WHERE id BETWEEN 7175858 AND 7175957
	Index Scan using sbtest4_pkey on sbtest4  (cost=0.43..382.41 rows=99 width=121)
	  Index Cond: ((id >= 7175858) AND (id <= 7175957))

table 5 : explain SELECT c FROM sbtest5 WHERE id BETWEEN 681597 AND 681696
	Index Scan using sbtest5_pkey on sbtest5  (cost=0.43..395.88 rows=103 width=121)
	  Index Cond: ((id >= 681597) AND (id <= 681696))

table 6 : explain SELECT c FROM sbtest6 WHERE id BETWEEN 3567295 AND 3567394
	Index Scan using sbtest6_pkey on sbtest6  (cost=0.43..398.55 rows=103 width=121)
	  Index Cond: ((id >= 3567295) AND (id <= 3567394))

table 7 : explain SELECT c FROM sbtest7 WHERE id BETWEEN 9712395 AND 9712494
	Index Scan using sbtest7_pkey on sbtest7  (cost=0.43..374.65 rows=97 width=121)
	  Index Cond: ((id >= 9712395) AND (id <= 9712494))

table 8 : explain SELECT c FROM sbtest8 WHERE id BETWEEN 9751386 AND 9751485
	Index Scan using sbtest8_pkey on sbtest8  (cost=0.43..402.33 rows=104 width=121)
	  Index Cond: ((id >= 9751386) AND (id <= 9751485))

for: order_ranges
table 1 : explain SELECT c FROM sbtest1 WHERE id BETWEEN 8278128 AND 8278227 ORDER BY c
	Sort  (cost=389.83..390.08 rows=100 width=121)
	  Sort Key: c
	  ->  Index Scan using sbtest1_pkey on sbtest1  (cost=0.43..386.50 rows=100 width=121)
	        Index Cond: ((id >= 8278128) AND (id <= 8278227))

table 2 : explain SELECT c FROM sbtest2 WHERE id BETWEEN 1009562 AND 1009661 ORDER BY c
	Sort  (cost=360.56..360.79 rows=92 width=121)
	  Sort Key: c
	  ->  Index Scan using sbtest2_pkey on sbtest2  (cost=0.43..357.56 rows=92 width=121)
	        Index Cond: ((id >= 1009562) AND (id <= 1009661))

table 3 : explain SELECT c FROM sbtest3 WHERE id BETWEEN 177770 AND 177869 ORDER BY c
	Sort  (cost=419.76..420.03 rows=108 width=121)
	  Sort Key: c
	  ->  Index Scan using sbtest3_pkey on sbtest3  (cost=0.43..416.11 rows=108 width=121)
	        Index Cond: ((id >= 177770) AND (id <= 177869))

table 4 : explain SELECT c FROM sbtest4 WHERE id BETWEEN 2948158 AND 2948257 ORDER BY c
	Sort  (cost=366.42..366.66 rows=94 width=121)
	  Sort Key: c
	  ->  Index Scan using sbtest4_pkey on sbtest4  (cost=0.43..363.34 rows=94 width=121)
	        Index Cond: ((id >= 2948158) AND (id <= 2948257))

table 5 : explain SELECT c FROM sbtest5 WHERE id BETWEEN 4208487 AND 4208586 ORDER BY c
	Sort  (cost=380.14..380.38 rows=98 width=121)
	  Sort Key: c
	  ->  Index Scan using sbtest5_pkey on sbtest5  (cost=0.43..376.90 rows=98 width=121)
	        Index Cond: ((id >= 4208487) AND (id <= 4208586))

table 6 : explain SELECT c FROM sbtest6 WHERE id BETWEEN 4468208 AND 4468307 ORDER BY c
	Sort  (cost=374.95..375.19 rows=96 width=121)
	  Sort Key: c
	  ->  Index Scan using sbtest6_pkey on sbtest6  (cost=0.43..371.79 rows=96 width=121)
	        Index Cond: ((id >= 4468208) AND (id <= 4468307))

table 7 : explain SELECT c FROM sbtest7 WHERE id BETWEEN 4767149 AND 4767248 ORDER BY c
	Sort  (cost=400.98..401.23 rows=103 width=121)
	  Sort Key: c
	  ->  Index Scan using sbtest7_pkey on sbtest7  (cost=0.43..397.53 rows=103 width=121)
	        Index Cond: ((id >= 4767149) AND (id <= 4767248))

table 8 : explain SELECT c FROM sbtest8 WHERE id BETWEEN 2310539 AND 2310638 ORDER BY c
	Sort  (cost=378.77..379.01 rows=97 width=121)
	  Sort Key: c
	  ->  Index Scan using sbtest8_pkey on sbtest8  (cost=0.43..375.57 rows=97 width=121)
	        Index Cond: ((id >= 2310539) AND (id <= 2310638))

explain: for non_index_updates :: explain UPDATE sbtest%u SET c='foobar' WHERE id=%u
for: simple_ranges
table 1 : explain SELECT c FROM sbtest1 WHERE id BETWEEN 2683795 AND 2683894
	Index Scan using sbtest1_pkey on sbtest1  (cost=0.43..424.68 rows=110 width=121)
	  Index Cond: ((id >= 2683795) AND (id <= 2683894))

table 2 : explain SELECT c FROM sbtest2 WHERE id BETWEEN 9350981 AND 9351080
	Index Scan using sbtest2_pkey on sbtest2  (cost=0.43..388.28 rows=100 width=121)
	  Index Cond: ((id >= 9350981) AND (id <= 9351080))

table 3 : explain SELECT c FROM sbtest3 WHERE id BETWEEN 3246016 AND 3246115
	Index Scan using sbtest3_pkey on sbtest3  (cost=0.43..393.26 rows=102 width=121)
	  Index Cond: ((id >= 3246016) AND (id <= 3246115))

table 4 : explain SELECT c FROM sbtest4 WHERE id BETWEEN 590634 AND 590733
	Index Scan using sbtest4_pkey on sbtest4  (cost=0.43..370.97 rows=96 width=121)
	  Index Cond: ((id >= 590634) AND (id <= 590733))

table 5 : explain SELECT c FROM sbtest5 WHERE id BETWEEN 6982464 AND 6982563
	Index Scan using sbtest5_pkey on sbtest5  (cost=0.43..350.27 rows=91 width=121)
	  Index Cond: ((id >= 6982464) AND (id <= 6982563))

table 6 : explain SELECT c FROM sbtest6 WHERE id BETWEEN 2595775 AND 2595874
	Index Scan using sbtest6_pkey on sbtest6  (cost=0.43..390.91 rows=101 width=121)
	  Index Cond: ((id >= 2595775) AND (id <= 2595874))

table 7 : explain SELECT c FROM sbtest7 WHERE id BETWEEN 9958659 AND 9958758
	Index Scan using sbtest7_pkey on sbtest7  (cost=0.43..386.09 rows=100 width=121)
	  Index Cond: ((id >= 9958659) AND (id <= 9958758))

table 8 : explain SELECT c FROM sbtest8 WHERE id BETWEEN 7527720 AND 7527819
	Index Scan using sbtest8_pkey on sbtest8  (cost=0.43..402.33 rows=104 width=121)
	  Index Cond: ((id >= 7527720) AND (id <= 7527819))

explain: for index_updates :: explain UPDATE sbtest%u SET k=k+1 WHERE id=%u
for: distinct_ranges
table 1 : explain SELECT DISTINCT c FROM sbtest1 WHERE id BETWEEN 9199869 AND 9199968 ORDER BY c
	Unique  (cost=401.40..401.91 rows=103 width=121)
	  ->  Sort  (cost=401.40..401.66 rows=103 width=121)
	        Sort Key: c
	        ->  Index Scan using sbtest1_pkey on sbtest1  (cost=0.43..397.96 rows=103 width=121)
	              Index Cond: ((id >= 9199869) AND (id <= 9199968))

table 2 : explain SELECT DISTINCT c FROM sbtest2 WHERE id BETWEEN 5058726 AND 5058825 ORDER BY c
	Unique  (cost=391.61..392.11 rows=100 width=121)
	  ->  Sort  (cost=391.61..391.86 rows=100 width=121)
	        Sort Key: c
	        ->  Index Scan using sbtest2_pkey on sbtest2  (cost=0.43..388.28 rows=100 width=121)
	              Index Cond: ((id >= 5058726) AND (id <= 5058825))

table 3 : explain SELECT DISTINCT c FROM sbtest3 WHERE id BETWEEN 9689100 AND 9689199 ORDER BY c
	Unique  (cost=392.82..393.32 rows=101 width=121)
	  ->  Sort  (cost=392.82..393.07 rows=101 width=121)
	        Sort Key: c
	        ->  Index Scan using sbtest3_pkey on sbtest3  (cost=0.43..389.45 rows=101 width=121)
	              Index Cond: ((id >= 9689100) AND (id <= 9689199))

table 4 : explain SELECT DISTINCT c FROM sbtest4 WHERE id BETWEEN 4220891 AND 4220990 ORDER BY c
	Unique  (cost=381.84..382.33 rows=98 width=121)
	  ->  Sort  (cost=381.84..382.08 rows=98 width=121)
	        Sort Key: c
	        ->  Index Scan using sbtest4_pkey on sbtest4  (cost=0.43..378.60 rows=98 width=121)
	              Index Cond: ((id >= 4220891) AND (id <= 4220990))

table 5 : explain SELECT DISTINCT c FROM sbtest5 WHERE id BETWEEN 9915161 AND 9915260 ORDER BY c
	Unique  (cost=422.35..422.90 rows=109 width=121)
	  ->  Sort  (cost=422.35..422.62 rows=109 width=121)
	        Sort Key: c
	        ->  Index Scan using sbtest5_pkey on sbtest5  (cost=0.43..418.66 rows=109 width=121)
	              Index Cond: ((id >= 9915161) AND (id <= 9915260))

table 6 : explain SELECT DISTINCT c FROM sbtest6 WHERE id BETWEEN 6534957 AND 6535056 ORDER BY c
	Unique  (cost=394.27..394.77 rows=101 width=121)
	  ->  Sort  (cost=394.27..394.52 rows=101 width=121)
	        Sort Key: c
	        ->  Index Scan using sbtest6_pkey on sbtest6  (cost=0.43..390.91 rows=101 width=121)
	              Index Cond: ((id >= 6534957) AND (id <= 6535056))

table 7 : explain SELECT DISTINCT c FROM sbtest7 WHERE id BETWEEN 2476328 AND 2476427 ORDER BY c
	Unique  (cost=366.30..366.77 rows=94 width=121)
	  ->  Sort  (cost=366.30..366.53 rows=94 width=121)
	        Sort Key: c
	        ->  Index Scan using sbtest7_pkey on sbtest7  (cost=0.43..363.22 rows=94 width=121)
	              Index Cond: ((id >= 2476328) AND (id <= 2476427))

table 8 : explain SELECT DISTINCT c FROM sbtest8 WHERE id BETWEEN 3730520 AND 3730619 ORDER BY c
	Unique  (cost=363.32..363.79 rows=93 width=121)
	  ->  Sort  (cost=363.32..363.55 rows=93 width=121)
	        Sort Key: c
	        ->  Index Scan using sbtest8_pkey on sbtest8  (cost=0.43..360.28 rows=93 width=121)
	              Index Cond: ((id >= 3730520) AND (id <= 3730619))

for: order_ranges
table 1 : explain SELECT c FROM sbtest1 WHERE id BETWEEN 9715845 AND 9715944 ORDER BY c
	Sort  (cost=355.06..355.29 rows=91 width=121)
	  Sort Key: c
	  ->  Index Scan using sbtest1_pkey on sbtest1  (cost=0.43..352.10 rows=91 width=121)
	        Index Cond: ((id >= 9715845) AND (id <= 9715944))

table 2 : explain SELECT c FROM sbtest2 WHERE id BETWEEN 6309097 AND 6309196 ORDER BY c
	Sort  (cost=379.98..380.22 rows=97 width=121)
	  Sort Key: c
	  ->  Index Scan using sbtest2_pkey on sbtest2  (cost=0.43..376.78 rows=97 width=121)
	        Index Cond: ((id >= 6309097) AND (id <= 6309196))

table 3 : explain SELECT c FROM sbtest3 WHERE id BETWEEN 2237736 AND 2237835 ORDER BY c
	Sort  (cost=385.12..385.37 rows=99 width=121)
	  Sort Key: c
	  ->  Index Scan using sbtest3_pkey on sbtest3  (cost=0.43..381.84 rows=99 width=121)
	        Index Cond: ((id >= 2237736) AND (id <= 2237835))

table 4 : explain SELECT c FROM sbtest4 WHERE id BETWEEN 3110014 AND 3110113 ORDER BY c
	Sort  (cost=377.98..378.23 rows=97 width=121)
	  Sort Key: c
	  ->  Index Scan using sbtest4_pkey on sbtest4  (cost=0.43..374.78 rows=97 width=121)
	        Index Cond: ((id >= 3110014) AND (id <= 3110113))

table 5 : explain SELECT c FROM sbtest5 WHERE id BETWEEN 8358856 AND 8358955 ORDER BY c
	Sort  (cost=387.81..388.06 rows=100 width=121)
	  Sort Key: c
	  ->  Index Scan using sbtest5_pkey on sbtest5  (cost=0.43..384.49 rows=100 width=121)
	        Index Cond: ((id >= 8358856) AND (id <= 8358955))

table 6 : explain SELECT c FROM sbtest6 WHERE id BETWEEN 5078700 AND 5078799 ORDER BY c
	Sort  (cost=405.86..406.12 rows=104 width=121)
	  Sort Key: c
	  ->  Index Scan using sbtest6_pkey on sbtest6  (cost=0.43..402.38 rows=104 width=121)
	        Index Cond: ((id >= 5078700) AND (id <= 5078799))

table 7 : explain SELECT c FROM sbtest7 WHERE id BETWEEN 9933502 AND 9933601 ORDER BY c
	Sort  (cost=389.41..389.66 rows=100 width=121)
	  Sort Key: c
	  ->  Index Scan using sbtest7_pkey on sbtest7  (cost=0.43..386.09 rows=100 width=121)
	        Index Cond: ((id >= 9933502) AND (id <= 9933601))

table 8 : explain SELECT c FROM sbtest8 WHERE id BETWEEN 8078073 AND 8078172 ORDER BY c
	Sort  (cost=413.54..413.80 rows=106 width=121)
	  Sort Key: c
	  ->  Index Scan using sbtest8_pkey on sbtest8  (cost=0.43..409.97 rows=106 width=121)
	        Index Cond: ((id >= 8078073) AND (id <= 8078172))

for index_updates
table 1 : explain UPDATE sbtest1 SET k=k+1 WHERE id=5652608
	Update on sbtest1  (cost=0.43..8.46 rows=0 width=0)
	  ->  Index Scan using sbtest1_pkey on sbtest1  (cost=0.43..8.46 rows=1 width=10)
	        Index Cond: (id = 5652608)

table 2 : explain UPDATE sbtest2 SET k=k+1 WHERE id=2270905
	Update on sbtest2  (cost=0.43..8.46 rows=0 width=0)
	  ->  Index Scan using sbtest2_pkey on sbtest2  (cost=0.43..8.46 rows=1 width=10)
	        Index Cond: (id = 2270905)

table 3 : explain UPDATE sbtest3 SET k=k+1 WHERE id=2201635
	Update on sbtest3  (cost=0.43..8.46 rows=0 width=0)
	  ->  Index Scan using sbtest3_pkey on sbtest3  (cost=0.43..8.46 rows=1 width=10)
	        Index Cond: (id = 2201635)

table 4 : explain UPDATE sbtest4 SET k=k+1 WHERE id=4507775
	Update on sbtest4  (cost=0.43..8.46 rows=0 width=0)
	  ->  Index Scan using sbtest4_pkey on sbtest4  (cost=0.43..8.46 rows=1 width=10)
	        Index Cond: (id = 4507775)

table 5 : explain UPDATE sbtest5 SET k=k+1 WHERE id=435819
	Update on sbtest5  (cost=0.43..8.46 rows=0 width=0)
	  ->  Index Scan using sbtest5_pkey on sbtest5  (cost=0.43..8.46 rows=1 width=10)
	        Index Cond: (id = 435819)

table 6 : explain UPDATE sbtest6 SET k=k+1 WHERE id=779777
	Update on sbtest6  (cost=0.43..8.46 rows=0 width=0)
	  ->  Index Scan using sbtest6_pkey on sbtest6  (cost=0.43..8.46 rows=1 width=10)
	        Index Cond: (id = 779777)

table 7 : explain UPDATE sbtest7 SET k=k+1 WHERE id=8732959
	Update on sbtest7  (cost=0.43..8.46 rows=0 width=0)
	  ->  Index Scan using sbtest7_pkey on sbtest7  (cost=0.43..8.46 rows=1 width=10)
	        Index Cond: (id = 8732959)

table 8 : explain UPDATE sbtest8 SET k=k+1 WHERE id=6122199
	Update on sbtest8  (cost=0.43..8.46 rows=0 width=0)
	  ->  Index Scan using sbtest8_pkey on sbtest8  (cost=0.43..8.46 rows=1 width=10)
	        Index Cond: (id = 6122199)

for index_updates
table 1 : explain UPDATE sbtest1 SET k=k+1 WHERE id=6702971
	Update on sbtest1  (cost=0.43..8.46 rows=0 width=0)
	  ->  Index Scan using sbtest1_pkey on sbtest1  (cost=0.43..8.46 rows=1 width=10)
	        Index Cond: (id = 6702971)

table 2 : explain UPDATE sbtest2 SET k=k+1 WHERE id=55301
	Update on sbtest2  (cost=0.43..8.46 rows=0 width=0)
	  ->  Index Scan using sbtest2_pkey on sbtest2  (cost=0.43..8.46 rows=1 width=10)
	        Index Cond: (id = 55301)

table 3 : explain UPDATE sbtest3 SET k=k+1 WHERE id=7388815
	Update on sbtest3  (cost=0.43..8.46 rows=0 width=0)
	  ->  Index Scan using sbtest3_pkey on sbtest3  (cost=0.43..8.46 rows=1 width=10)
	        Index Cond: (id = 7388815)

table 4 : explain UPDATE sbtest4 SET k=k+1 WHERE id=3751138
	Update on sbtest4  (cost=0.43..8.46 rows=0 width=0)
	  ->  Index Scan using sbtest4_pkey on sbtest4  (cost=0.43..8.46 rows=1 width=10)
	        Index Cond: (id = 3751138)

table 5 : explain UPDATE sbtest5 SET k=k+1 WHERE id=8282435
	Update on sbtest5  (cost=0.43..8.46 rows=0 width=0)
	  ->  Index Scan using sbtest5_pkey on sbtest5  (cost=0.43..8.46 rows=1 width=10)
	        Index Cond: (id = 8282435)

table 6 : explain UPDATE sbtest6 SET k=k+1 WHERE id=3002294
	Update on sbtest6  (cost=0.43..8.46 rows=0 width=0)
	  ->  Index Scan using sbtest6_pkey on sbtest6  (cost=0.43..8.46 rows=1 width=10)
	        Index Cond: (id = 3002294)

table 7 : explain UPDATE sbtest7 SET k=k+1 WHERE id=5463148
	Update on sbtest7  (cost=0.43..8.46 rows=0 width=0)
	  ->  Index Scan using sbtest7_pkey on sbtest7  (cost=0.43..8.46 rows=1 width=10)
	        Index Cond: (id = 5463148)

table 8 : explain UPDATE sbtest8 SET k=k+1 WHERE id=6967935
	Update on sbtest8  (cost=0.43..8.46 rows=0 width=0)
	  ->  Index Scan using sbtest8_pkey on sbtest8  (cost=0.43..8.46 rows=1 width=10)
	        Index Cond: (id = 6967935)

for: sum_ranges
table 1 : explain SELECT SUM(k) FROM sbtest1 WHERE id BETWEEN 6735892 AND 6735991
	Aggregate  (cost=424.95..424.96 rows=1 width=8)
	  ->  Index Scan using sbtest1_pkey on sbtest1  (cost=0.43..424.68 rows=110 width=4)
	        Index Cond: ((id >= 6735892) AND (id <= 6735991))

table 2 : explain SELECT SUM(k) FROM sbtest2 WHERE id BETWEEN 3692916 AND 3693015
	Aggregate  (cost=380.86..380.87 rows=1 width=8)
	  ->  Index Scan using sbtest2_pkey on sbtest2  (cost=0.43..380.61 rows=98 width=4)
	        Index Cond: ((id >= 3692916) AND (id <= 3693015))

table 3 : explain SELECT SUM(k) FROM sbtest3 WHERE id BETWEEN 5510757 AND 5510856
	Aggregate  (cost=374.46..374.47 rows=1 width=8)
	  ->  Index Scan using sbtest3_pkey on sbtest3  (cost=0.43..374.22 rows=97 width=4)
	        Index Cond: ((id >= 5510757) AND (id <= 5510856))

table 4 : explain SELECT SUM(k) FROM sbtest4 WHERE id BETWEEN 8169662 AND 8169761
	Aggregate  (cost=375.03..375.04 rows=1 width=8)
	  ->  Index Scan using sbtest4_pkey on sbtest4  (cost=0.43..374.78 rows=97 width=4)
	        Index Cond: ((id >= 8169662) AND (id <= 8169761))

table 5 : explain SELECT SUM(k) FROM sbtest5 WHERE id BETWEEN 8723275 AND 8723374
	Aggregate  (cost=399.94..399.95 rows=1 width=8)
	  ->  Index Scan using sbtest5_pkey on sbtest5  (cost=0.43..399.68 rows=104 width=4)
	        Index Cond: ((id >= 8723275) AND (id <= 8723374))

table 6 : explain SELECT SUM(k) FROM sbtest6 WHERE id BETWEEN 5014154 AND 5014253
	Aggregate  (cost=402.64..402.65 rows=1 width=8)
	  ->  Index Scan using sbtest6_pkey on sbtest6  (cost=0.43..402.38 rows=104 width=4)
	        Index Cond: ((id >= 5014154) AND (id <= 5014253))

table 7 : explain SELECT SUM(k) FROM sbtest7 WHERE id BETWEEN 9903677 AND 9903776
	Aggregate  (cost=386.34..386.35 rows=1 width=8)
	  ->  Index Scan using sbtest7_pkey on sbtest7  (cost=0.43..386.09 rows=100 width=4)
	        Index Cond: ((id >= 9903677) AND (id <= 9903776))

table 8 : explain SELECT SUM(k) FROM sbtest8 WHERE id BETWEEN 2873896 AND 2873995
	Aggregate  (cost=429.36..429.37 rows=1 width=8)
	  ->  Index Scan using sbtest8_pkey on sbtest8  (cost=0.43..429.09 rows=111 width=4)
	        Index Cond: ((id >= 2873896) AND (id <= 2873995))

for: distinct_ranges
table 1 : explain SELECT DISTINCT c FROM sbtest1 WHERE id BETWEEN 5323623 AND 5323722 ORDER BY c
	Unique  (cost=385.97..386.46 rows=99 width=121)
	  ->  Sort  (cost=385.97..386.22 rows=99 width=121)
	        Sort Key: c
	        ->  Index Scan using sbtest1_pkey on sbtest1  (cost=0.43..382.69 rows=99 width=121)
	              Index Cond: ((id >= 5323623) AND (id <= 5323722))

table 2 : explain SELECT DISTINCT c FROM sbtest2 WHERE id BETWEEN 2382664 AND 2382763 ORDER BY c
	Unique  (cost=368.35..368.82 rows=94 width=121)
	  ->  Sort  (cost=368.35..368.59 rows=94 width=121)
	        Sort Key: c
	        ->  Index Scan using sbtest2_pkey on sbtest2  (cost=0.43..365.27 rows=94 width=121)
	              Index Cond: ((id >= 2382664) AND (id <= 2382763))

table 3 : explain SELECT DISTINCT c FROM sbtest3 WHERE id BETWEEN 8173201 AND 8173300 ORDER BY c
	Unique  (cost=396.67..397.18 rows=102 width=121)
	  ->  Sort  (cost=396.67..396.92 rows=102 width=121)
	        Sort Key: c
	        ->  Index Scan using sbtest3_pkey on sbtest3  (cost=0.43..393.26 rows=102 width=121)
	              Index Cond: ((id >= 8173201) AND (id <= 8173300))

table 4 : explain SELECT DISTINCT c FROM sbtest4 WHERE id BETWEEN 2586503 AND 2586602 ORDER BY c
	Unique  (cost=370.28..370.75 rows=95 width=121)
	  ->  Sort  (cost=370.28..370.51 rows=95 width=121)
	        Sort Key: c
	        ->  Index Scan using sbtest4_pkey on sbtest4  (cost=0.43..367.16 rows=95 width=121)
	              Index Cond: ((id >= 2586503) AND (id <= 2586602))

table 5 : explain SELECT DISTINCT c FROM sbtest5 WHERE id BETWEEN 6654067 AND 6654166 ORDER BY c
	Unique  (cost=403.16..403.68 rows=104 width=121)
	  ->  Sort  (cost=403.16..403.42 rows=104 width=121)
	        Sort Key: c
	        ->  Index Scan using sbtest5_pkey on sbtest5  (cost=0.43..399.68 rows=104 width=121)
	              Index Cond: ((id >= 6654067) AND (id <= 6654166))

table 6 : explain SELECT DISTINCT c FROM sbtest6 WHERE id BETWEEN 1699494 AND 1699593 ORDER BY c
	Unique  (cost=425.18..425.73 rows=109 width=121)
	  ->  Sort  (cost=425.18..425.45 rows=109 width=121)
	        Sort Key: c
	        ->  Index Scan using sbtest6_pkey on sbtest6  (cost=0.43..421.49 rows=109 width=121)
	              Index Cond: ((id >= 1699494) AND (id <= 1699593))

table 7 : explain SELECT DISTINCT c FROM sbtest7 WHERE id BETWEEN 7723873 AND 7723972 ORDER BY c
	Unique  (cost=385.56..386.06 rows=99 width=121)
	  ->  Sort  (cost=385.56..385.81 rows=99 width=121)
	        Sort Key: c
	        ->  Index Scan using sbtest7_pkey on sbtest7  (cost=0.43..382.28 rows=99 width=121)
	              Index Cond: ((id >= 7723873) AND (id <= 7723972))

table 8 : explain SELECT DISTINCT c FROM sbtest8 WHERE id BETWEEN 4144483 AND 4144582 ORDER BY c
	Unique  (cost=409.68..410.20 rows=105 width=121)
	  ->  Sort  (cost=409.68..409.94 rows=105 width=121)
	        Sort Key: c
	        ->  Index Scan using sbtest8_pkey on sbtest8  (cost=0.43..406.15 rows=105 width=121)
	              Index Cond: ((id >= 4144483) AND (id <= 4144582))

explain: for index_updates :: explain UPDATE sbtest%u SET k=k+1 WHERE id=%u
for index_updates
table 1 : explain UPDATE sbtest1 SET k=k+1 WHERE id=3785632
	Update on sbtest1  (cost=0.43..8.46 rows=0 width=0)
	  ->  Index Scan using sbtest1_pkey on sbtest1  (cost=0.43..8.46 rows=1 width=10)
	        Index Cond: (id = 3785632)

table 2 : explain UPDATE sbtest2 SET k=k+1 WHERE id=5902432
	Update on sbtest2  (cost=0.43..8.46 rows=0 width=0)
	  ->  Index Scan using sbtest2_pkey on sbtest2  (cost=0.43..8.46 rows=1 width=10)
	        Index Cond: (id = 5902432)

table 3 : explain UPDATE sbtest3 SET k=k+1 WHERE id=7688411
	Update on sbtest3  (cost=0.43..8.46 rows=0 width=0)
	  ->  Index Scan using sbtest3_pkey on sbtest3  (cost=0.43..8.46 rows=1 width=10)
	        Index Cond: (id = 7688411)

table 4 : explain UPDATE sbtest4 SET k=k+1 WHERE id=8234589
	Update on sbtest4  (cost=0.43..8.46 rows=0 width=0)
	  ->  Index Scan using sbtest4_pkey on sbtest4  (cost=0.43..8.46 rows=1 width=10)
	        Index Cond: (id = 8234589)

table 5 : explain UPDATE sbtest5 SET k=k+1 WHERE id=8029304
	Update on sbtest5  (cost=0.43..8.46 rows=0 width=0)
	  ->  Index Scan using sbtest5_pkey on sbtest5  (cost=0.43..8.46 rows=1 width=10)
	        Index Cond: (id = 8029304)

table 6 : explain UPDATE sbtest6 SET k=k+1 WHERE id=9244875
	Update on sbtest6  (cost=0.43..8.46 rows=0 width=0)
	  ->  Index Scan using sbtest6_pkey on sbtest6  (cost=0.43..8.46 rows=1 width=10)
	        Index Cond: (id = 9244875)

table 7 : explain UPDATE sbtest7 SET k=k+1 WHERE id=6365769
	Update on sbtest7  (cost=0.43..8.46 rows=0 width=0)
	  ->  Index Scan using sbtest7_pkey on sbtest7  (cost=0.43..8.46 rows=1 width=10)
	        Index Cond: (id = 6365769)

table 8 : explain UPDATE sbtest8 SET k=k+1 WHERE id=1611326
	Update on sbtest8  (cost=0.43..8.46 rows=0 width=0)
	  ->  Index Scan using sbtest8_pkey on sbtest8  (cost=0.43..8.46 rows=1 width=10)
	        Index Cond: (id = 1611326)

for non_index_updates
table 1 : explain UPDATE sbtest1 SET c='foobar' WHERE id=2291667
	Update on sbtest1  (cost=0.43..8.45 rows=0 width=0)
	  ->  Index Scan using sbtest1_pkey on sbtest1  (cost=0.43..8.45 rows=1 width=490)
	        Index Cond: (id = 2291667)

table 2 : explain UPDATE sbtest2 SET c='foobar' WHERE id=322722
	Update on sbtest2  (cost=0.43..8.45 rows=0 width=0)
	  ->  Index Scan using sbtest2_pkey on sbtest2  (cost=0.43..8.45 rows=1 width=490)
	        Index Cond: (id = 322722)

table 3 : explain UPDATE sbtest3 SET c='foobar' WHERE id=6566389
	Update on sbtest3  (cost=0.43..8.45 rows=0 width=0)
	  ->  Index Scan using sbtest3_pkey on sbtest3  (cost=0.43..8.45 rows=1 width=490)
	        Index Cond: (id = 6566389)

table 4 : explain UPDATE sbtest4 SET c='foobar' WHERE id=8432713
	Update on sbtest4  (cost=0.43..8.45 rows=0 width=0)
	  ->  Index Scan using sbtest4_pkey on sbtest4  (cost=0.43..8.45 rows=1 width=490)
	        Index Cond: (id = 8432713)

table 5 : explain UPDATE sbtest5 SET c='foobar' WHERE id=6559010
	Update on sbtest5  (cost=0.43..8.45 rows=0 width=0)
	  ->  Index Scan using sbtest5_pkey on sbtest5  (cost=0.43..8.45 rows=1 width=490)
	        Index Cond: (id = 6559010)

table 6 : explain UPDATE sbtest6 SET c='foobar' WHERE id=2373927
	Update on sbtest6  (cost=0.43..8.45 rows=0 width=0)
	  ->  Index Scan using sbtest6_pkey on sbtest6  (cost=0.43..8.45 rows=1 width=490)
	        Index Cond: (id = 2373927)

table 7 : explain UPDATE sbtest7 SET c='foobar' WHERE id=1627634
	Update on sbtest7  (cost=0.43..8.45 rows=0 width=0)
	  ->  Index Scan using sbtest7_pkey on sbtest7  (cost=0.43..8.45 rows=1 width=490)
	        Index Cond: (id = 1627634)

table 8 : explain UPDATE sbtest8 SET c='foobar' WHERE id=9272368
	Update on sbtest8  (cost=0.43..8.45 rows=0 width=0)
	  ->  Index Scan using sbtest8_pkey on sbtest8  (cost=0.43..8.45 rows=1 width=490)
	        Index Cond: (id = 9272368)

explain: for index_updates :: explain UPDATE sbtest%u SET k=k+1 WHERE id=%u
for point_selects
table 1 : explain SELECT c FROM sbtest1 WHERE id=9167881
	Index Scan using sbtest1_pkey on sbtest1  (cost=0.43..8.45 rows=1 width=121)
	  Index Cond: (id = 9167881)

table 2 : explain SELECT c FROM sbtest2 WHERE id=1042127
	Index Scan using sbtest2_pkey on sbtest2  (cost=0.43..8.45 rows=1 width=121)
	  Index Cond: (id = 1042127)

table 3 : explain SELECT c FROM sbtest3 WHERE id=663899
	Index Scan using sbtest3_pkey on sbtest3  (cost=0.43..8.45 rows=1 width=121)
	  Index Cond: (id = 663899)

table 4 : explain SELECT c FROM sbtest4 WHERE id=7905815
	Index Scan using sbtest4_pkey on sbtest4  (cost=0.43..8.45 rows=1 width=121)
	  Index Cond: (id = 7905815)

table 5 : explain SELECT c FROM sbtest5 WHERE id=7903008
	Index Scan using sbtest5_pkey on sbtest5  (cost=0.43..8.45 rows=1 width=121)
	  Index Cond: (id = 7903008)

table 6 : explain SELECT c FROM sbtest6 WHERE id=538640
	Index Scan using sbtest6_pkey on sbtest6  (cost=0.43..8.45 rows=1 width=121)
	  Index Cond: (id = 538640)

table 7 : explain SELECT c FROM sbtest7 WHERE id=5689668
	Index Scan using sbtest7_pkey on sbtest7  (cost=0.43..8.45 rows=1 width=121)
	  Index Cond: (id = 5689668)

table 8 : explain SELECT c FROM sbtest8 WHERE id=3303750
	Index Scan using sbtest8_pkey on sbtest8  (cost=0.43..8.45 rows=1 width=121)
	  Index Cond: (id = 3303750)

explain: for non_index_updates :: explain UPDATE sbtest%u SET c='foobar' WHERE id=%u
explain: for non_index_updates :: explain UPDATE sbtest%u SET c='foobar' WHERE id=%u
explain: for deletes :: explain DELETE FROM sbtest%u WHERE id=%u
for point_selects
table 1 : explain SELECT c FROM sbtest1 WHERE id=7034214
	Index Scan using sbtest1_pkey on sbtest1  (cost=0.43..8.45 rows=1 width=121)
	  Index Cond: (id = 7034214)

table 2 : explain SELECT c FROM sbtest2 WHERE id=2980631
	Index Scan using sbtest2_pkey on sbtest2  (cost=0.43..8.45 rows=1 width=121)
	  Index Cond: (id = 2980631)

table 3 : explain SELECT c FROM sbtest3 WHERE id=2072635
	Index Scan using sbtest3_pkey on sbtest3  (cost=0.43..8.45 rows=1 width=121)
	  Index Cond: (id = 2072635)

table 4 : explain SELECT c FROM sbtest4 WHERE id=3051269
	Index Scan using sbtest4_pkey on sbtest4  (cost=0.43..8.45 rows=1 width=121)
	  Index Cond: (id = 3051269)

table 5 : explain SELECT c FROM sbtest5 WHERE id=699520
	Index Scan using sbtest5_pkey on sbtest5  (cost=0.43..8.45 rows=1 width=121)
	  Index Cond: (id = 699520)

table 6 : explain SELECT c FROM sbtest6 WHERE id=3747936
	Index Scan using sbtest6_pkey on sbtest6  (cost=0.43..8.45 rows=1 width=121)
	  Index Cond: (id = 3747936)

table 7 : explain SELECT c FROM sbtest7 WHERE id=8109743
	Index Scan using sbtest7_pkey on sbtest7  (cost=0.43..8.45 rows=1 width=121)
	  Index Cond: (id = 8109743)

table 8 : explain SELECT c FROM sbtest8 WHERE id=7638687
	Index Scan using sbtest8_pkey on sbtest8  (cost=0.43..8.45 rows=1 width=121)
	  Index Cond: (id = 7638687)

for: distinct_ranges
table 1 : explain SELECT DISTINCT c FROM sbtest1 WHERE id BETWEEN 1029156 AND 1029255 ORDER BY c
	Unique  (cost=424.55..425.09 rows=109 width=121)
	  ->  Sort  (cost=424.55..424.82 rows=109 width=121)
	        Sort Key: c
	        ->  Index Scan using sbtest1_pkey on sbtest1  (cost=0.43..420.86 rows=109 width=121)
	              Index Cond: ((id >= 1029156) AND (id <= 1029255))

table 2 : explain SELECT DISTINCT c FROM sbtest2 WHERE id BETWEEN 7152927 AND 7153026 ORDER BY c
	Unique  (cost=469.13..469.73 rows=120 width=121)
	  ->  Sort  (cost=469.13..469.43 rows=120 width=121)
	        Sort Key: c
	        ->  Index Scan using sbtest2_pkey on sbtest2  (cost=0.43..464.99 rows=120 width=121)
	              Index Cond: ((id >= 7152927) AND (id <= 7153026))

table 3 : explain SELECT DISTINCT c FROM sbtest3 WHERE id BETWEEN 1914835 AND 1914934 ORDER BY c
	Unique  (cost=385.12..385.61 rows=99 width=121)
	  ->  Sort  (cost=385.12..385.37 rows=99 width=121)
	        Sort Key: c
	        ->  Index Scan using sbtest3_pkey on sbtest3  (cost=0.43..381.84 rows=99 width=121)
	              Index Cond: ((id >= 1914835) AND (id <= 1914934))

table 4 : explain SELECT DISTINCT c FROM sbtest4 WHERE id BETWEEN 833352 AND 833451 ORDER BY c
	Unique  (cost=366.42..366.89 rows=94 width=121)
	  ->  Sort  (cost=366.42..366.66 rows=94 width=121)
	        Sort Key: c
	        ->  Index Scan using sbtest4_pkey on sbtest4  (cost=0.43..363.34 rows=94 width=121)
	              Index Cond: ((id >= 833352) AND (id <= 833451))

table 5 : explain SELECT DISTINCT c FROM sbtest5 WHERE id BETWEEN 8604395 AND 8604494 ORDER BY c
	Unique  (cost=395.49..396.00 rows=102 width=121)
	  ->  Sort  (cost=395.49..395.74 rows=102 width=121)
	        Sort Key: c
	        ->  Index Scan using sbtest5_pkey on sbtest5  (cost=0.43..392.09 rows=102 width=121)
	              Index Cond: ((id >= 8604395) AND (id <= 8604494))

table 6 : explain SELECT DISTINCT c FROM sbtest6 WHERE id BETWEEN 9472197 AND 9472296 ORDER BY c
	Unique  (cost=405.86..406.38 rows=104 width=121)
	  ->  Sort  (cost=405.86..406.12 rows=104 width=121)
	        Sort Key: c
	        ->  Index Scan using sbtest6_pkey on sbtest6  (cost=0.43..402.38 rows=104 width=121)
	              Index Cond: ((id >= 9472197) AND (id <= 9472296))

table 7 : explain SELECT DISTINCT c FROM sbtest7 WHERE id BETWEEN 6649978 AND 6650077 ORDER BY c
	Unique  (cost=385.56..386.06 rows=99 width=121)
	  ->  Sort  (cost=385.56..385.81 rows=99 width=121)
	        Sort Key: c
	        ->  Index Scan using sbtest7_pkey on sbtest7  (cost=0.43..382.28 rows=99 width=121)
	              Index Cond: ((id >= 6649978) AND (id <= 6650077))

table 8 : explain SELECT DISTINCT c FROM sbtest8 WHERE id BETWEEN 3591966 AND 3592065 ORDER BY c
	Unique  (cost=394.22..394.73 rows=101 width=121)
	  ->  Sort  (cost=394.22..394.48 rows=101 width=121)
	        Sort Key: c
	        ->  Index Scan using sbtest8_pkey on sbtest8  (cost=0.43..390.86 rows=101 width=121)
	              Index Cond: ((id >= 3591966) AND (id <= 3592065))

for: distinct_ranges
table 1 : explain SELECT DISTINCT c FROM sbtest1 WHERE id BETWEEN 6572277 AND 6572376 ORDER BY c
	Unique  (cost=351.20..351.65 rows=90 width=121)
	  ->  Sort  (cost=351.20..351.43 rows=90 width=121)
	        Sort Key: c
	        ->  Index Scan using sbtest1_pkey on sbtest1  (cost=0.43..348.28 rows=90 width=121)
	              Index Cond: ((id >= 6572277) AND (id <= 6572376))

table 2 : explain SELECT DISTINCT c FROM sbtest2 WHERE id BETWEEN 186545 AND 186644 ORDER BY c
	Unique  (cost=410.99..411.51 rows=105 width=121)
	  ->  Sort  (cost=410.99..411.25 rows=105 width=121)
	        Sort Key: c
	        ->  Index Scan using sbtest2_pkey on sbtest2  (cost=0.43..407.46 rows=105 width=121)
	              Index Cond: ((id >= 186545) AND (id <= 186644))

table 3 : explain SELECT DISTINCT c FROM sbtest3 WHERE id BETWEEN 8876679 AND 8876778 ORDER BY c
	Unique  (cost=346.58..347.03 rows=89 width=121)
	  ->  Sort  (cost=346.58..346.80 rows=89 width=121)
	        Sort Key: c
	        ->  Index Scan using sbtest3_pkey on sbtest3  (cost=0.43..343.70 rows=89 width=121)
	              Index Cond: ((id >= 8876679) AND (id <= 8876778))

table 4 : explain SELECT DISTINCT c FROM sbtest4 WHERE id BETWEEN 3502523 AND 3502622 ORDER BY c
	Unique  (cost=366.42..366.89 rows=94 width=121)
	  ->  Sort  (cost=366.42..366.66 rows=94 width=121)
	        Sort Key: c
	        ->  Index Scan using sbtest4_pkey on sbtest4  (cost=0.43..363.34 rows=94 width=121)
	              Index Cond: ((id >= 3502523) AND (id <= 3502622))

table 5 : explain SELECT DISTINCT c FROM sbtest5 WHERE id BETWEEN 7496059 AND 7496158 ORDER BY c
	Unique  (cost=376.30..376.79 rows=97 width=121)
	  ->  Sort  (cost=376.30..376.55 rows=97 width=121)
	        Sort Key: c
	        ->  Index Scan using sbtest5_pkey on sbtest5  (cost=0.43..373.10 rows=97 width=121)
	              Index Cond: ((id >= 7496059) AND (id <= 7496158))

table 6 : explain SELECT DISTINCT c FROM sbtest6 WHERE id BETWEEN 1306108 AND 1306207 ORDER BY c
	Unique  (cost=382.68..383.17 rows=98 width=121)
	  ->  Sort  (cost=382.68..382.92 rows=98 width=121)
	        Sort Key: c
	        ->  Index Scan using sbtest6_pkey on sbtest6  (cost=0.43..379.44 rows=98 width=121)
	              Index Cond: ((id >= 1306108) AND (id <= 1306207))

table 7 : explain SELECT DISTINCT c FROM sbtest7 WHERE id BETWEEN 5690269 AND 5690368 ORDER BY c
	Unique  (cost=408.68..409.21 rows=105 width=121)
	  ->  Sort  (cost=408.68..408.95 rows=105 width=121)
	        Sort Key: c
	        ->  Index Scan using sbtest7_pkey on sbtest7  (cost=0.43..405.16 rows=105 width=121)
	              Index Cond: ((id >= 5690269) AND (id <= 5690368))

table 8 : explain SELECT DISTINCT c FROM sbtest8 WHERE id BETWEEN 1415962 AND 1416061 ORDER BY c
	Unique  (cost=386.50..386.99 rows=99 width=121)
	  ->  Sort  (cost=386.50..386.74 rows=99 width=121)
	        Sort Key: c
	        ->  Index Scan using sbtest8_pkey on sbtest8  (cost=0.43..383.22 rows=99 width=121)
	              Index Cond: ((id >= 1415962) AND (id <= 1416061))

for index_updates
table 1 : explain UPDATE sbtest1 SET k=k+1 WHERE id=7912406
	Update on sbtest1  (cost=0.43..8.46 rows=0 width=0)
	  ->  Index Scan using sbtest1_pkey on sbtest1  (cost=0.43..8.46 rows=1 width=10)
	        Index Cond: (id = 7912406)

table 2 : explain UPDATE sbtest2 SET k=k+1 WHERE id=5213767
	Update on sbtest2  (cost=0.43..8.46 rows=0 width=0)
	  ->  Index Scan using sbtest2_pkey on sbtest2  (cost=0.43..8.46 rows=1 width=10)
	        Index Cond: (id = 5213767)

table 3 : explain UPDATE sbtest3 SET k=k+1 WHERE id=3566627
	Update on sbtest3  (cost=0.43..8.46 rows=0 width=0)
	  ->  Index Scan using sbtest3_pkey on sbtest3  (cost=0.43..8.46 rows=1 width=10)
	        Index Cond: (id = 3566627)

table 4 : explain UPDATE sbtest4 SET k=k+1 WHERE id=4250616
	Update on sbtest4  (cost=0.43..8.46 rows=0 width=0)
	  ->  Index Scan using sbtest4_pkey on sbtest4  (cost=0.43..8.46 rows=1 width=10)
	        Index Cond: (id = 4250616)

table 5 : explain UPDATE sbtest5 SET k=k+1 WHERE id=3710219
	Update on sbtest5  (cost=0.43..8.46 rows=0 width=0)
	  ->  Index Scan using sbtest5_pkey on sbtest5  (cost=0.43..8.46 rows=1 width=10)
	        Index Cond: (id = 3710219)

table 6 : explain UPDATE sbtest6 SET k=k+1 WHERE id=5847893
	Update on sbtest6  (cost=0.43..8.46 rows=0 width=0)
	  ->  Index Scan using sbtest6_pkey on sbtest6  (cost=0.43..8.46 rows=1 width=10)
	        Index Cond: (id = 5847893)

table 7 : explain UPDATE sbtest7 SET k=k+1 WHERE id=9885776
	Update on sbtest7  (cost=0.43..8.46 rows=0 width=0)
	  ->  Index Scan using sbtest7_pkey on sbtest7  (cost=0.43..8.46 rows=1 width=10)
	        Index Cond: (id = 9885776)

table 8 : explain UPDATE sbtest8 SET k=k+1 WHERE id=7919310
	Update on sbtest8  (cost=0.43..8.46 rows=0 width=0)
	  ->  Index Scan using sbtest8_pkey on sbtest8  (cost=0.43..8.46 rows=1 width=10)
	        Index Cond: (id = 7919310)

explain: for non_index_updates :: explain UPDATE sbtest%u SET c='foobar' WHERE id=%u
for: order_ranges
table 1 : explain SELECT c FROM sbtest1 WHERE id BETWEEN 6890113 AND 6890212 ORDER BY c
	Sort  (cost=397.54..397.80 rows=102 width=121)
	  Sort Key: c
	  ->  Index Scan using sbtest1_pkey on sbtest1  (cost=0.43..394.14 rows=102 width=121)
	        Index Cond: ((id >= 6890113) AND (id <= 6890212))

table 2 : explain SELECT c FROM sbtest2 WHERE id BETWEEN 9526534 AND 9526633 ORDER BY c
	Sort  (cost=395.48..395.73 rows=101 width=121)
	  Sort Key: c
	  ->  Index Scan using sbtest2_pkey on sbtest2  (cost=0.43..392.12 rows=101 width=121)
	        Index Cond: ((id >= 9526534) AND (id <= 9526633))

table 3 : explain SELECT c FROM sbtest3 WHERE id BETWEEN 6393326 AND 6393425 ORDER BY c
	Sort  (cost=408.21..408.48 rows=105 width=121)
	  Sort Key: c
	  ->  Index Scan using sbtest3_pkey on sbtest3  (cost=0.43..404.69 rows=105 width=121)
	        Index Cond: ((id >= 6393326) AND (id <= 6393425))

table 4 : explain SELECT c FROM sbtest4 WHERE id BETWEEN 822958 AND 823057 ORDER BY c
	Sort  (cost=366.42..366.66 rows=94 width=121)
	  Sort Key: c
	  ->  Index Scan using sbtest4_pkey on sbtest4  (cost=0.43..363.34 rows=94 width=121)
	        Index Cond: ((id >= 822958) AND (id <= 823057))

table 5 : explain SELECT c FROM sbtest5 WHERE id BETWEEN 5684564 AND 5684663 ORDER BY c
	Sort  (cost=395.49..395.74 rows=102 width=121)
	  Sort Key: c
	  ->  Index Scan using sbtest5_pkey on sbtest5  (cost=0.43..392.09 rows=102 width=121)
	        Index Cond: ((id >= 5684564) AND (id <= 5684663))

table 6 : explain SELECT c FROM sbtest6 WHERE id BETWEEN 8108833 AND 8108932 ORDER BY c
	Sort  (cost=405.86..406.12 rows=104 width=121)
	  Sort Key: c
	  ->  Index Scan using sbtest6_pkey on sbtest6  (cost=0.43..402.38 rows=104 width=121)
	        Index Cond: ((id >= 8108833) AND (id <= 8108932))

table 7 : explain SELECT c FROM sbtest7 WHERE id BETWEEN 2464340 AND 2464439 ORDER BY c
	Sort  (cost=358.54..358.77 rows=92 width=121)
	  Sort Key: c
	  ->  Index Scan using sbtest7_pkey on sbtest7  (cost=0.43..355.54 rows=92 width=121)
	        Index Cond: ((id >= 2464340) AND (id <= 2464439))

table 8 : explain SELECT c FROM sbtest8 WHERE id BETWEEN 2391852 AND 2391951 ORDER BY c
	Sort  (cost=371.05..371.28 rows=95 width=121)
	  Sort Key: c
	  ->  Index Scan using sbtest8_pkey on sbtest8  (cost=0.43..367.93 rows=95 width=121)
	        Index Cond: ((id >= 2391852) AND (id <= 2391951))

explain: for point_selects :: explain SELECT c FROM sbtest%u WHERE id=%u
explain: for index_updates :: explain UPDATE sbtest%u SET k=k+1 WHERE id=%u
explain: for non_index_updates :: explain UPDATE sbtest%u SET c='foobar' WHERE id=%u
explain: for point_selects :: explain SELECT c FROM sbtest%u WHERE id=%u
explain: for index_updates :: explain UPDATE sbtest%u SET k=k+1 WHERE id=%u
explain: for point_selects :: explain SELECT c FROM sbtest%u WHERE id=%u
explain: for point_selects :: explain SELECT c FROM sbtest%u WHERE id=%u
for index_updates
table 1 : explain UPDATE sbtest1 SET k=k+1 WHERE id=2853420
	Update on sbtest1  (cost=0.43..8.46 rows=0 width=0)
	  ->  Index Scan using sbtest1_pkey on sbtest1  (cost=0.43..8.46 rows=1 width=10)
	        Index Cond: (id = 2853420)

table 2 : explain UPDATE sbtest2 SET k=k+1 WHERE id=757012
	Update on sbtest2  (cost=0.43..8.46 rows=0 width=0)
	  ->  Index Scan using sbtest2_pkey on sbtest2  (cost=0.43..8.46 rows=1 width=10)
	        Index Cond: (id = 757012)

table 3 : explain UPDATE sbtest3 SET k=k+1 WHERE id=4383671
	Update on sbtest3  (cost=0.43..8.46 rows=0 width=0)
	  ->  Index Scan using sbtest3_pkey on sbtest3  (cost=0.43..8.46 rows=1 width=10)
	        Index Cond: (id = 4383671)

table 4 : explain UPDATE sbtest4 SET k=k+1 WHERE id=3758243
	Update on sbtest4  (cost=0.43..8.46 rows=0 width=0)
	  ->  Index Scan using sbtest4_pkey on sbtest4  (cost=0.43..8.46 rows=1 width=10)
	        Index Cond: (id = 3758243)

table 5 : explain UPDATE sbtest5 SET k=k+1 WHERE id=9706420
	Update on sbtest5  (cost=0.43..8.46 rows=0 width=0)
	  ->  Index Scan using sbtest5_pkey on sbtest5  (cost=0.43..8.46 rows=1 width=10)
	        Index Cond: (id = 9706420)

table 6 : explain UPDATE sbtest6 SET k=k+1 WHERE id=5543285
	Update on sbtest6  (cost=0.43..8.46 rows=0 width=0)
	  ->  Index Scan using sbtest6_pkey on sbtest6  (cost=0.43..8.46 rows=1 width=10)
	        Index Cond: (id = 5543285)

table 7 : explain UPDATE sbtest7 SET k=k+1 WHERE id=229047
	Update on sbtest7  (cost=0.43..8.46 rows=0 width=0)
	  ->  Index Scan using sbtest7_pkey on sbtest7  (cost=0.43..8.46 rows=1 width=10)
	        Index Cond: (id = 229047)

table 8 : explain UPDATE sbtest8 SET k=k+1 WHERE id=4831925
	Update on sbtest8  (cost=0.43..8.46 rows=0 width=0)
	  ->  Index Scan using sbtest8_pkey on sbtest8  (cost=0.43..8.46 rows=1 width=10)
	        Index Cond: (id = 4831925)

for deletes
table 1 : explain DELETE FROM sbtest1 WHERE id=4753595
	Delete on sbtest1  (cost=0.43..8.45 rows=0 width=0)
	  ->  Index Scan using sbtest1_pkey on sbtest1  (cost=0.43..8.45 rows=1 width=6)
	        Index Cond: (id = 4753595)

table 2 : explain DELETE FROM sbtest2 WHERE id=3894627
	Delete on sbtest2  (cost=0.43..8.45 rows=0 width=0)
	  ->  Index Scan using sbtest2_pkey on sbtest2  (cost=0.43..8.45 rows=1 width=6)
	        Index Cond: (id = 3894627)

table 3 : explain DELETE FROM sbtest3 WHERE id=3489608
	Delete on sbtest3  (cost=0.43..8.45 rows=0 width=0)
	  ->  Index Scan using sbtest3_pkey on sbtest3  (cost=0.43..8.45 rows=1 width=6)
	        Index Cond: (id = 3489608)

table 4 : explain DELETE FROM sbtest4 WHERE id=7416611
	Delete on sbtest4  (cost=0.43..8.45 rows=0 width=0)
	  ->  Index Scan using sbtest4_pkey on sbtest4  (cost=0.43..8.45 rows=1 width=6)
	        Index Cond: (id = 7416611)

table 5 : explain DELETE FROM sbtest5 WHERE id=2703025
	Delete on sbtest5  (cost=0.43..8.45 rows=0 width=0)
	  ->  Index Scan using sbtest5_pkey on sbtest5  (cost=0.43..8.45 rows=1 width=6)
	        Index Cond: (id = 2703025)

table 6 : explain DELETE FROM sbtest6 WHERE id=8711670
	Delete on sbtest6  (cost=0.43..8.45 rows=0 width=0)
	  ->  Index Scan using sbtest6_pkey on sbtest6  (cost=0.43..8.45 rows=1 width=6)
	        Index Cond: (id = 8711670)

table 7 : explain DELETE FROM sbtest7 WHERE id=4086165
	Delete on sbtest7  (cost=0.43..8.45 rows=0 width=0)
	  ->  Index Scan using sbtest7_pkey on sbtest7  (cost=0.43..8.45 rows=1 width=6)
	        Index Cond: (id = 4086165)

table 8 : explain DELETE FROM sbtest8 WHERE id=7121039
	Delete on sbtest8  (cost=0.43..8.45 rows=0 width=0)
	  ->  Index Scan using sbtest8_pkey on sbtest8  (cost=0.43..8.45 rows=1 width=6)
	        Index Cond: (id = 7121039)

for non_index_updates
table 1 : explain UPDATE sbtest1 SET c='foobar' WHERE id=4376545
	Update on sbtest1  (cost=0.43..8.45 rows=0 width=0)
	  ->  Index Scan using sbtest1_pkey on sbtest1  (cost=0.43..8.45 rows=1 width=490)
	        Index Cond: (id = 4376545)

table 2 : explain UPDATE sbtest2 SET c='foobar' WHERE id=9785286
	Update on sbtest2  (cost=0.43..8.45 rows=0 width=0)
	  ->  Index Scan using sbtest2_pkey on sbtest2  (cost=0.43..8.45 rows=1 width=490)
	        Index Cond: (id = 9785286)

table 3 : explain UPDATE sbtest3 SET c='foobar' WHERE id=8924210
	Update on sbtest3  (cost=0.43..8.45 rows=0 width=0)
	  ->  Index Scan using sbtest3_pkey on sbtest3  (cost=0.43..8.45 rows=1 width=490)
	        Index Cond: (id = 8924210)

table 4 : explain UPDATE sbtest4 SET c='foobar' WHERE id=8440668
	Update on sbtest4  (cost=0.43..8.45 rows=0 width=0)
	  ->  Index Scan using sbtest4_pkey on sbtest4  (cost=0.43..8.45 rows=1 width=490)
	        Index Cond: (id = 8440668)

table 5 : explain UPDATE sbtest5 SET c='foobar' WHERE id=8015311
	Update on sbtest5  (cost=0.43..8.45 rows=0 width=0)
	  ->  Index Scan using sbtest5_pkey on sbtest5  (cost=0.43..8.45 rows=1 width=490)
	        Index Cond: (id = 8015311)

table 6 : explain UPDATE sbtest6 SET c='foobar' WHERE id=8675484
	Update on sbtest6  (cost=0.43..8.45 rows=0 width=0)
	  ->  Index Scan using sbtest6_pkey on sbtest6  (cost=0.43..8.45 rows=1 width=490)
	        Index Cond: (id = 8675484)

table 7 : explain UPDATE sbtest7 SET c='foobar' WHERE id=1557208
	Update on sbtest7  (cost=0.43..8.45 rows=0 width=0)
	  ->  Index Scan using sbtest7_pkey on sbtest7  (cost=0.43..8.45 rows=1 width=490)
	        Index Cond: (id = 1557208)

table 8 : explain UPDATE sbtest8 SET c='foobar' WHERE id=5879491
	Update on sbtest8  (cost=0.43..8.45 rows=0 width=0)
	  ->  Index Scan using sbtest8_pkey on sbtest8  (cost=0.43..8.45 rows=1 width=490)
	        Index Cond: (id = 5879491)

for index_updates
table 1 : explain UPDATE sbtest1 SET k=k+1 WHERE id=6093384
	Update on sbtest1  (cost=0.43..8.46 rows=0 width=0)
	  ->  Index Scan using sbtest1_pkey on sbtest1  (cost=0.43..8.46 rows=1 width=10)
	        Index Cond: (id = 6093384)

table 2 : explain UPDATE sbtest2 SET k=k+1 WHERE id=7803844
	Update on sbtest2  (cost=0.43..8.46 rows=0 width=0)
	  ->  Index Scan using sbtest2_pkey on sbtest2  (cost=0.43..8.46 rows=1 width=10)
	        Index Cond: (id = 7803844)

table 3 : explain UPDATE sbtest3 SET k=k+1 WHERE id=4134129
	Update on sbtest3  (cost=0.43..8.46 rows=0 width=0)
	  ->  Index Scan using sbtest3_pkey on sbtest3  (cost=0.43..8.46 rows=1 width=10)
	        Index Cond: (id = 4134129)

table 4 : explain UPDATE sbtest4 SET k=k+1 WHERE id=454519
	Update on sbtest4  (cost=0.43..8.46 rows=0 width=0)
	  ->  Index Scan using sbtest4_pkey on sbtest4  (cost=0.43..8.46 rows=1 width=10)
	        Index Cond: (id = 454519)

table 5 : explain UPDATE sbtest5 SET k=k+1 WHERE id=8124017
	Update on sbtest5  (cost=0.43..8.46 rows=0 width=0)
	  ->  Index Scan using sbtest5_pkey on sbtest5  (cost=0.43..8.46 rows=1 width=10)
	        Index Cond: (id = 8124017)

table 6 : explain UPDATE sbtest6 SET k=k+1 WHERE id=1385884
	Update on sbtest6  (cost=0.43..8.46 rows=0 width=0)
	  ->  Index Scan using sbtest6_pkey on sbtest6  (cost=0.43..8.46 rows=1 width=10)
	        Index Cond: (id = 1385884)

table 7 : explain UPDATE sbtest7 SET k=k+1 WHERE id=6609660
	Update on sbtest7  (cost=0.43..8.46 rows=0 width=0)
	  ->  Index Scan using sbtest7_pkey on sbtest7  (cost=0.43..8.46 rows=1 width=10)
	        Index Cond: (id = 6609660)

table 8 : explain UPDATE sbtest8 SET k=k+1 WHERE id=5400869
	Update on sbtest8  (cost=0.43..8.46 rows=0 width=0)
	  ->  Index Scan using sbtest8_pkey on sbtest8  (cost=0.43..8.46 rows=1 width=10)
	        Index Cond: (id = 5400869)

for: sum_ranges
table 1 : explain SELECT SUM(k) FROM sbtest1 WHERE id BETWEEN 6390105 AND 6390204
	Aggregate  (cost=333.23..333.24 rows=1 width=8)
	  ->  Index Scan using sbtest1_pkey on sbtest1  (cost=0.43..333.01 rows=86 width=4)
	        Index Cond: ((id >= 6390105) AND (id <= 6390204))

table 2 : explain SELECT SUM(k) FROM sbtest2 WHERE id BETWEEN 2854080 AND 2854179
	Aggregate  (cost=392.37..392.38 rows=1 width=8)
	  ->  Index Scan using sbtest2_pkey on sbtest2  (cost=0.43..392.12 rows=101 width=4)
	        Index Cond: ((id >= 2854080) AND (id <= 2854179))

table 3 : explain SELECT SUM(k) FROM sbtest3 WHERE id BETWEEN 4640910 AND 4641009
	Aggregate  (cost=366.84..366.85 rows=1 width=8)
	  ->  Index Scan using sbtest3_pkey on sbtest3  (cost=0.43..366.60 rows=95 width=4)
	        Index Cond: ((id >= 4640910) AND (id <= 4641009))

table 4 : explain SELECT SUM(k) FROM sbtest4 WHERE id BETWEEN 6430703 AND 6430802
	Aggregate  (cost=386.48..386.49 rows=1 width=8)
	  ->  Index Scan using sbtest4_pkey on sbtest4  (cost=0.43..386.23 rows=100 width=4)
	        Index Cond: ((id >= 6430703) AND (id <= 6430802))

table 5 : explain SELECT SUM(k) FROM sbtest5 WHERE id BETWEEN 3714252 AND 3714351
	Aggregate  (cost=365.75..365.76 rows=1 width=8)
	  ->  Index Scan using sbtest5_pkey on sbtest5  (cost=0.43..365.51 rows=95 width=4)
	        Index Cond: ((id >= 3714252) AND (id <= 3714351))

table 6 : explain SELECT SUM(k) FROM sbtest6 WHERE id BETWEEN 8756992 AND 8757091
	Aggregate  (cost=391.16..391.17 rows=1 width=8)
	  ->  Index Scan using sbtest6_pkey on sbtest6  (cost=0.43..390.91 rows=101 width=4)
	        Index Cond: ((id >= 8756992) AND (id <= 8757091))

table 7 : explain SELECT SUM(k) FROM sbtest7 WHERE id BETWEEN 2337283 AND 2337382
	Aggregate  (cost=378.71..378.72 rows=1 width=8)
	  ->  Index Scan using sbtest7_pkey on sbtest7  (cost=0.43..378.47 rows=98 width=4)
	        Index Cond: ((id >= 2337283) AND (id <= 2337382))

table 8 : explain SELECT SUM(k) FROM sbtest8 WHERE id BETWEEN 2928911 AND 2929010
	Aggregate  (cost=429.36..429.37 rows=1 width=8)
	  ->  Index Scan using sbtest8_pkey on sbtest8  (cost=0.43..429.09 rows=111 width=4)
	        Index Cond: ((id >= 2928911) AND (id <= 2929010))

for non_index_updates
table 1 : explain UPDATE sbtest1 SET c='foobar' WHERE id=599873
	Update on sbtest1  (cost=0.43..8.45 rows=0 width=0)
	  ->  Index Scan using sbtest1_pkey on sbtest1  (cost=0.43..8.45 rows=1 width=490)
	        Index Cond: (id = 599873)

table 2 : explain UPDATE sbtest2 SET c='foobar' WHERE id=5116906
	Update on sbtest2  (cost=0.43..8.45 rows=0 width=0)
	  ->  Index Scan using sbtest2_pkey on sbtest2  (cost=0.43..8.45 rows=1 width=490)
	        Index Cond: (id = 5116906)

table 3 : explain UPDATE sbtest3 SET c='foobar' WHERE id=622235
	Update on sbtest3  (cost=0.43..8.45 rows=0 width=0)
	  ->  Index Scan using sbtest3_pkey on sbtest3  (cost=0.43..8.45 rows=1 width=490)
	        Index Cond: (id = 622235)

table 4 : explain UPDATE sbtest4 SET c='foobar' WHERE id=3697198
	Update on sbtest4  (cost=0.43..8.45 rows=0 width=0)
	  ->  Index Scan using sbtest4_pkey on sbtest4  (cost=0.43..8.45 rows=1 width=490)
	        Index Cond: (id = 3697198)

table 5 : explain UPDATE sbtest5 SET c='foobar' WHERE id=3529513
	Update on sbtest5  (cost=0.43..8.45 rows=0 width=0)
	  ->  Index Scan using sbtest5_pkey on sbtest5  (cost=0.43..8.45 rows=1 width=490)
	        Index Cond: (id = 3529513)

table 6 : explain UPDATE sbtest6 SET c='foobar' WHERE id=1966319
	Update on sbtest6  (cost=0.43..8.45 rows=0 width=0)
	  ->  Index Scan using sbtest6_pkey on sbtest6  (cost=0.43..8.45 rows=1 width=490)
	        Index Cond: (id = 1966319)

table 7 : explain UPDATE sbtest7 SET c='foobar' WHERE id=2217794
	Update on sbtest7  (cost=0.43..8.45 rows=0 width=0)
	  ->  Index Scan using sbtest7_pkey on sbtest7  (cost=0.43..8.45 rows=1 width=490)
	        Index Cond: (id = 2217794)

table 8 : explain UPDATE sbtest8 SET c='foobar' WHERE id=2621117
	Update on sbtest8  (cost=0.43..8.45 rows=0 width=0)
	  ->  Index Scan using sbtest8_pkey on sbtest8  (cost=0.43..8.45 rows=1 width=490)
	        Index Cond: (id = 2621117)

for non_index_updates
table 1 : explain UPDATE sbtest1 SET c='foobar' WHERE id=6194193
	Update on sbtest1  (cost=0.43..8.45 rows=0 width=0)
	  ->  Index Scan using sbtest1_pkey on sbtest1  (cost=0.43..8.45 rows=1 width=490)
	        Index Cond: (id = 6194193)

table 2 : explain UPDATE sbtest2 SET c='foobar' WHERE id=484021
	Update on sbtest2  (cost=0.43..8.45 rows=0 width=0)
	  ->  Index Scan using sbtest2_pkey on sbtest2  (cost=0.43..8.45 rows=1 width=490)
	        Index Cond: (id = 484021)

table 3 : explain UPDATE sbtest3 SET c='foobar' WHERE id=6429801
	Update on sbtest3  (cost=0.43..8.45 rows=0 width=0)
	  ->  Index Scan using sbtest3_pkey on sbtest3  (cost=0.43..8.45 rows=1 width=490)
	        Index Cond: (id = 6429801)

table 4 : explain UPDATE sbtest4 SET c='foobar' WHERE id=5560689
	Update on sbtest4  (cost=0.43..8.45 rows=0 width=0)
	  ->  Index Scan using sbtest4_pkey on sbtest4  (cost=0.43..8.45 rows=1 width=490)
	        Index Cond: (id = 5560689)

table 5 : explain UPDATE sbtest5 SET c='foobar' WHERE id=7218595
	Update on sbtest5  (cost=0.43..8.45 rows=0 width=0)
	  ->  Index Scan using sbtest5_pkey on sbtest5  (cost=0.43..8.45 rows=1 width=490)
	        Index Cond: (id = 7218595)

table 6 : explain UPDATE sbtest6 SET c='foobar' WHERE id=3353943
	Update on sbtest6  (cost=0.43..8.45 rows=0 width=0)
	  ->  Index Scan using sbtest6_pkey on sbtest6  (cost=0.43..8.45 rows=1 width=490)
	        Index Cond: (id = 3353943)

table 7 : explain UPDATE sbtest7 SET c='foobar' WHERE id=4091574
	Update on sbtest7  (cost=0.43..8.45 rows=0 width=0)
	  ->  Index Scan using sbtest7_pkey on sbtest7  (cost=0.43..8.45 rows=1 width=490)
	        Index Cond: (id = 4091574)

table 8 : explain UPDATE sbtest8 SET c='foobar' WHERE id=2964015
	Update on sbtest8  (cost=0.43..8.45 rows=0 width=0)
	  ->  Index Scan using sbtest8_pkey on sbtest8  (cost=0.43..8.45 rows=1 width=490)
	        Index Cond: (id = 2964015)

explain: for non_index_updates :: explain UPDATE sbtest%u SET c='foobar' WHERE id=%u
for: distinct_ranges
table 1 : explain SELECT DISTINCT c FROM sbtest1 WHERE id BETWEEN 8704517 AND 8704616 ORDER BY c
	Unique  (cost=420.69..421.23 rows=108 width=121)
	  ->  Sort  (cost=420.69..420.96 rows=108 width=121)
	        Sort Key: c
	        ->  Index Scan using sbtest1_pkey on sbtest1  (cost=0.43..417.04 rows=108 width=121)
	              Index Cond: ((id >= 8704517) AND (id <= 8704616))

table 2 : explain SELECT DISTINCT c FROM sbtest2 WHERE id BETWEEN 9602762 AND 9602861 ORDER BY c
	Unique  (cost=379.98..380.46 rows=97 width=121)
	  ->  Sort  (cost=379.98..380.22 rows=97 width=121)
	        Sort Key: c
	        ->  Index Scan using sbtest2_pkey on sbtest2  (cost=0.43..376.78 rows=97 width=121)
	              Index Cond: ((id >= 9602762) AND (id <= 9602861))

table 3 : explain SELECT DISTINCT c FROM sbtest3 WHERE id BETWEEN 3636713 AND 3636812 ORDER BY c
	Unique  (cost=415.91..416.45 rows=107 width=121)
	  ->  Sort  (cost=415.91..416.18 rows=107 width=121)
	        Sort Key: c
	        ->  Index Scan using sbtest3_pkey on sbtest3  (cost=0.43..412.30 rows=107 width=121)
	              Index Cond: ((id >= 3636713) AND (id <= 3636812))

table 4 : explain SELECT DISTINCT c FROM sbtest4 WHERE id BETWEEN 4135268 AND 4135367 ORDER BY c
	Unique  (cost=350.95..351.40 rows=90 width=121)
	  ->  Sort  (cost=350.95..351.18 rows=90 width=121)
	        Sort Key: c
	        ->  Index Scan using sbtest4_pkey on sbtest4  (cost=0.43..348.03 rows=90 width=121)
	              Index Cond: ((id >= 4135268) AND (id <= 4135367))

table 5 : explain SELECT DISTINCT c FROM sbtest5 WHERE id BETWEEN 3584415 AND 3584514 ORDER BY c
	Unique  (cost=380.14..380.63 rows=98 width=121)
	  ->  Sort  (cost=380.14..380.38 rows=98 width=121)
	        Sort Key: c
	        ->  Index Scan using sbtest5_pkey on sbtest5  (cost=0.43..376.90 rows=98 width=121)
	              Index Cond: ((id >= 3584415) AND (id <= 3584514))

table 6 : explain SELECT DISTINCT c FROM sbtest6 WHERE id BETWEEN 7024696 AND 7024795 ORDER BY c
	Unique  (cost=374.95..375.43 rows=96 width=121)
	  ->  Sort  (cost=374.95..375.19 rows=96 width=121)
	        Sort Key: c
	        ->  Index Scan using sbtest6_pkey on sbtest6  (cost=0.43..371.79 rows=96 width=121)
	              Index Cond: ((id >= 7024696) AND (id <= 7024795))

table 7 : explain SELECT DISTINCT c FROM sbtest7 WHERE id BETWEEN 3316773 AND 3316872 ORDER BY c
	Unique  (cost=397.12..397.63 rows=102 width=121)
	  ->  Sort  (cost=397.12..397.38 rows=102 width=121)
	        Sort Key: c
	        ->  Index Scan using sbtest7_pkey on sbtest7  (cost=0.43..393.72 rows=102 width=121)
	              Index Cond: ((id >= 3316773) AND (id <= 3316872))

table 8 : explain SELECT DISTINCT c FROM sbtest8 WHERE id BETWEEN 6076345 AND 6076444 ORDER BY c
	Unique  (cost=413.54..414.07 rows=106 width=121)
	  ->  Sort  (cost=413.54..413.80 rows=106 width=121)
	        Sort Key: c
	        ->  Index Scan using sbtest8_pkey on sbtest8  (cost=0.43..409.97 rows=106 width=121)
	              Index Cond: ((id >= 6076345) AND (id <= 6076444))

explain: for deletes :: explain DELETE FROM sbtest%u WHERE id=%u
explain: for point_selects :: explain SELECT c FROM sbtest%u WHERE id=%u
explain: for deletes :: explain DELETE FROM sbtest%u WHERE id=%u
for non_index_updates
table 1 : explain UPDATE sbtest1 SET c='foobar' WHERE id=9893434
	Update on sbtest1  (cost=0.43..8.45 rows=0 width=0)
	  ->  Index Scan using sbtest1_pkey on sbtest1  (cost=0.43..8.45 rows=1 width=490)
	        Index Cond: (id = 9893434)

table 2 : explain UPDATE sbtest2 SET c='foobar' WHERE id=4617401
	Update on sbtest2  (cost=0.43..8.45 rows=0 width=0)
	  ->  Index Scan using sbtest2_pkey on sbtest2  (cost=0.43..8.45 rows=1 width=490)
	        Index Cond: (id = 4617401)

table 3 : explain UPDATE sbtest3 SET c='foobar' WHERE id=6490041
	Update on sbtest3  (cost=0.43..8.45 rows=0 width=0)
	  ->  Index Scan using sbtest3_pkey on sbtest3  (cost=0.43..8.45 rows=1 width=490)
	        Index Cond: (id = 6490041)

table 4 : explain UPDATE sbtest4 SET c='foobar' WHERE id=7978979
	Update on sbtest4  (cost=0.43..8.45 rows=0 width=0)
	  ->  Index Scan using sbtest4_pkey on sbtest4  (cost=0.43..8.45 rows=1 width=490)
	        Index Cond: (id = 7978979)

table 5 : explain UPDATE sbtest5 SET c='foobar' WHERE id=612024
	Update on sbtest5  (cost=0.43..8.45 rows=0 width=0)
	  ->  Index Scan using sbtest5_pkey on sbtest5  (cost=0.43..8.45 rows=1 width=490)
	        Index Cond: (id = 612024)

table 6 : explain UPDATE sbtest6 SET c='foobar' WHERE id=6380016
	Update on sbtest6  (cost=0.43..8.45 rows=0 width=0)
	  ->  Index Scan using sbtest6_pkey on sbtest6  (cost=0.43..8.45 rows=1 width=490)
	        Index Cond: (id = 6380016)

table 7 : explain UPDATE sbtest7 SET c='foobar' WHERE id=2136576
	Update on sbtest7  (cost=0.43..8.45 rows=0 width=0)
	  ->  Index Scan using sbtest7_pkey on sbtest7  (cost=0.43..8.45 rows=1 width=490)
	        Index Cond: (id = 2136576)

table 8 : explain UPDATE sbtest8 SET c='foobar' WHERE id=4354205
	Update on sbtest8  (cost=0.43..8.45 rows=0 width=0)
	  ->  Index Scan using sbtest8_pkey on sbtest8  (cost=0.43..8.45 rows=1 width=490)
	        Index Cond: (id = 4354205)

explain: for non_index_updates :: explain UPDATE sbtest%u SET c='foobar' WHERE id=%u
explain: for deletes :: explain DELETE FROM sbtest%u WHERE id=%u
explain: for inserts :: explain INSERT INTO sbtest%u (id, k, c, pad) VALUES (%u, 13, 'foobar', 'foobar')
explain: for index_updates :: explain UPDATE sbtest%u SET k=k+1 WHERE id=%u
for: simple_ranges
table 1 : explain SELECT c FROM sbtest1 WHERE id BETWEEN 2363174 AND 2363273
	Index Scan using sbtest1_pkey on sbtest1  (cost=0.43..432.31 rows=112 width=121)
	  Index Cond: ((id >= 2363174) AND (id <= 2363273))

table 2 : explain SELECT c FROM sbtest2 WHERE id BETWEEN 7419659 AND 7419758
	Index Scan using sbtest2_pkey on sbtest2  (cost=0.43..392.12 rows=101 width=121)
	  Index Cond: ((id >= 7419659) AND (id <= 7419758))

table 3 : explain SELECT c FROM sbtest3 WHERE id BETWEEN 4664262 AND 4664361
	Index Scan using sbtest3_pkey on sbtest3  (cost=0.43..366.60 rows=95 width=121)
	  Index Cond: ((id >= 4664262) AND (id <= 4664361))

table 4 : explain SELECT c FROM sbtest4 WHERE id BETWEEN 1610955 AND 1611054
	Index Scan using sbtest4_pkey on sbtest4  (cost=0.43..359.53 rows=93 width=121)
	  Index Cond: ((id >= 1610955) AND (id <= 1611054))

table 5 : explain SELECT c FROM sbtest5 WHERE id BETWEEN 1037816 AND 1037915
	Index Scan using sbtest5_pkey on sbtest5  (cost=0.43..380.70 rows=99 width=121)
	  Index Cond: ((id >= 1037816) AND (id <= 1037915))

table 6 : explain SELECT c FROM sbtest6 WHERE id BETWEEN 1613242 AND 1613341
	Index Scan using sbtest6_pkey on sbtest6  (cost=0.43..421.49 rows=109 width=121)
	  Index Cond: ((id >= 1613242) AND (id <= 1613341))

table 7 : explain SELECT c FROM sbtest7 WHERE id BETWEEN 8537892 AND 8537991
	Index Scan using sbtest7_pkey on sbtest7  (cost=0.43..363.22 rows=94 width=121)
	  Index Cond: ((id >= 8537892) AND (id <= 8537991))

table 8 : explain SELECT c FROM sbtest8 WHERE id BETWEEN 4541658 AND 4541757
	Index Scan using sbtest8_pkey on sbtest8  (cost=0.43..413.80 rows=107 width=121)
	  Index Cond: ((id >= 4541658) AND (id <= 4541757))

for deletes
table 1 : explain DELETE FROM sbtest1 WHERE id=3846402
	Delete on sbtest1  (cost=0.43..8.45 rows=0 width=0)
	  ->  Index Scan using sbtest1_pkey on sbtest1  (cost=0.43..8.45 rows=1 width=6)
	        Index Cond: (id = 3846402)

table 2 : explain DELETE FROM sbtest2 WHERE id=4779439
	Delete on sbtest2  (cost=0.43..8.45 rows=0 width=0)
	  ->  Index Scan using sbtest2_pkey on sbtest2  (cost=0.43..8.45 rows=1 width=6)
	        Index Cond: (id = 4779439)

table 3 : explain DELETE FROM sbtest3 WHERE id=4348146
	Delete on sbtest3  (cost=0.43..8.45 rows=0 width=0)
	  ->  Index Scan using sbtest3_pkey on sbtest3  (cost=0.43..8.45 rows=1 width=6)
	        Index Cond: (id = 4348146)

table 4 : explain DELETE FROM sbtest4 WHERE id=3875761
	Delete on sbtest4  (cost=0.43..8.45 rows=0 width=0)
	  ->  Index Scan using sbtest4_pkey on sbtest4  (cost=0.43..8.45 rows=1 width=6)
	        Index Cond: (id = 3875761)

table 5 : explain DELETE FROM sbtest5 WHERE id=5180826
	Delete on sbtest5  (cost=0.43..8.45 rows=0 width=0)
	  ->  Index Scan using sbtest5_pkey on sbtest5  (cost=0.43..8.45 rows=1 width=6)
	        Index Cond: (id = 5180826)

table 6 : explain DELETE FROM sbtest6 WHERE id=8504003
	Delete on sbtest6  (cost=0.43..8.45 rows=0 width=0)
	  ->  Index Scan using sbtest6_pkey on sbtest6  (cost=0.43..8.45 rows=1 width=6)
	        Index Cond: (id = 8504003)

table 7 : explain DELETE FROM sbtest7 WHERE id=9981132
	Delete on sbtest7  (cost=0.43..8.45 rows=0 width=0)
	  ->  Index Scan using sbtest7_pkey on sbtest7  (cost=0.43..8.45 rows=1 width=6)
	        Index Cond: (id = 9981132)

table 8 : explain DELETE FROM sbtest8 WHERE id=316652
	Delete on sbtest8  (cost=0.43..8.45 rows=0 width=0)
	  ->  Index Scan using sbtest8_pkey on sbtest8  (cost=0.43..8.45 rows=1 width=6)
	        Index Cond: (id = 316652)

for non_index_updates
table 1 : explain UPDATE sbtest1 SET c='foobar' WHERE id=7598505
	Update on sbtest1  (cost=0.43..8.45 rows=0 width=0)
	  ->  Index Scan using sbtest1_pkey on sbtest1  (cost=0.43..8.45 rows=1 width=490)
	        Index Cond: (id = 7598505)

table 2 : explain UPDATE sbtest2 SET c='foobar' WHERE id=5793305
	Update on sbtest2  (cost=0.43..8.45 rows=0 width=0)
	  ->  Index Scan using sbtest2_pkey on sbtest2  (cost=0.43..8.45 rows=1 width=490)
	        Index Cond: (id = 5793305)

table 3 : explain UPDATE sbtest3 SET c='foobar' WHERE id=7556281
	Update on sbtest3  (cost=0.43..8.45 rows=0 width=0)
	  ->  Index Scan using sbtest3_pkey on sbtest3  (cost=0.43..8.45 rows=1 width=490)
	        Index Cond: (id = 7556281)

table 4 : explain UPDATE sbtest4 SET c='foobar' WHERE id=2148
	Update on sbtest4  (cost=0.43..8.45 rows=0 width=0)
	  ->  Index Scan using sbtest4_pkey on sbtest4  (cost=0.43..8.45 rows=1 width=490)
	        Index Cond: (id = 2148)

table 5 : explain UPDATE sbtest5 SET c='foobar' WHERE id=275454
	Update on sbtest5  (cost=0.43..8.45 rows=0 width=0)
	  ->  Index Scan using sbtest5_pkey on sbtest5  (cost=0.43..8.45 rows=1 width=490)
	        Index Cond: (id = 275454)

table 6 : explain UPDATE sbtest6 SET c='foobar' WHERE id=8002929
	Update on sbtest6  (cost=0.43..8.45 rows=0 width=0)
	  ->  Index Scan using sbtest6_pkey on sbtest6  (cost=0.43..8.45 rows=1 width=490)
	        Index Cond: (id = 8002929)

table 7 : explain UPDATE sbtest7 SET c='foobar' WHERE id=6092211
	Update on sbtest7  (cost=0.43..8.45 rows=0 width=0)
	  ->  Index Scan using sbtest7_pkey on sbtest7  (cost=0.43..8.45 rows=1 width=490)
	        Index Cond: (id = 6092211)

table 8 : explain UPDATE sbtest8 SET c='foobar' WHERE id=9604177
	Update on sbtest8  (cost=0.43..8.45 rows=0 width=0)
	  ->  Index Scan using sbtest8_pkey on sbtest8  (cost=0.43..8.45 rows=1 width=490)
	        Index Cond: (id = 9604177)

explain: for deletes :: explain DELETE FROM sbtest%u WHERE id=%u
for: simple_ranges
table 1 : explain SELECT c FROM sbtest1 WHERE id BETWEEN 8211223 AND 8211322
	Index Scan using sbtest1_pkey on sbtest1  (cost=0.43..382.69 rows=99 width=121)
	  Index Cond: ((id >= 8211223) AND (id <= 8211322))

table 2 : explain SELECT c FROM sbtest2 WHERE id BETWEEN 1975167 AND 1975266
	Index Scan using sbtest2_pkey on sbtest2  (cost=0.43..395.95 rows=102 width=121)
	  Index Cond: ((id >= 1975167) AND (id <= 1975266))

table 3 : explain SELECT c FROM sbtest3 WHERE id BETWEEN 9933573 AND 9933672
	Index Scan using sbtest3_pkey on sbtest3  (cost=0.43..355.13 rows=92 width=121)
	  Index Cond: ((id >= 9933573) AND (id <= 9933672))

table 4 : explain SELECT c FROM sbtest4 WHERE id BETWEEN 3770521 AND 3770620
	Index Scan using sbtest4_pkey on sbtest4  (cost=0.43..382.41 rows=99 width=121)
	  Index Cond: ((id >= 3770521) AND (id <= 3770620))

table 5 : explain SELECT c FROM sbtest5 WHERE id BETWEEN 1516997 AND 1517096
	Index Scan using sbtest5_pkey on sbtest5  (cost=0.43..373.10 rows=97 width=121)
	  Index Cond: ((id >= 1516997) AND (id <= 1517096))

table 6 : explain SELECT c FROM sbtest6 WHERE id BETWEEN 1087949 AND 1088048
	Index Scan using sbtest6_pkey on sbtest6  (cost=0.43..410.02 rows=106 width=121)
	  Index Cond: ((id >= 1087949) AND (id <= 1088048))

table 7 : explain SELECT c FROM sbtest7 WHERE id BETWEEN 5025627 AND 5025726
	Index Scan using sbtest7_pkey on sbtest7  (cost=0.43..393.72 rows=102 width=121)
	  Index Cond: ((id >= 5025627) AND (id <= 5025726))

table 8 : explain SELECT c FROM sbtest8 WHERE id BETWEEN 571481 AND 571580
	Index Scan using sbtest8_pkey on sbtest8  (cost=0.43..375.57 rows=97 width=121)
	  Index Cond: ((id >= 571481) AND (id <= 571580))

for index_updates
table 1 : explain UPDATE sbtest1 SET k=k+1 WHERE id=114260
	Update on sbtest1  (cost=0.43..8.46 rows=0 width=0)
	  ->  Index Scan using sbtest1_pkey on sbtest1  (cost=0.43..8.46 rows=1 width=10)
	        Index Cond: (id = 114260)

table 2 : explain UPDATE sbtest2 SET k=k+1 WHERE id=4947229
	Update on sbtest2  (cost=0.43..8.46 rows=0 width=0)
	  ->  Index Scan using sbtest2_pkey on sbtest2  (cost=0.43..8.46 rows=1 width=10)
	        Index Cond: (id = 4947229)

table 3 : explain UPDATE sbtest3 SET k=k+1 WHERE id=9964308
	Update on sbtest3  (cost=0.43..8.46 rows=0 width=0)
	  ->  Index Scan using sbtest3_pkey on sbtest3  (cost=0.43..8.46 rows=1 width=10)
	        Index Cond: (id = 9964308)

table 4 : explain UPDATE sbtest4 SET k=k+1 WHERE id=1249445
	Update on sbtest4  (cost=0.43..8.46 rows=0 width=0)
	  ->  Index Scan using sbtest4_pkey on sbtest4  (cost=0.43..8.46 rows=1 width=10)
	        Index Cond: (id = 1249445)

table 5 : explain UPDATE sbtest5 SET k=k+1 WHERE id=2657745
	Update on sbtest5  (cost=0.43..8.46 rows=0 width=0)
	  ->  Index Scan using sbtest5_pkey on sbtest5  (cost=0.43..8.46 rows=1 width=10)
	        Index Cond: (id = 2657745)

table 6 : explain UPDATE sbtest6 SET k=k+1 WHERE id=8424941
	Update on sbtest6  (cost=0.43..8.46 rows=0 width=0)
	  ->  Index Scan using sbtest6_pkey on sbtest6  (cost=0.43..8.46 rows=1 width=10)
	        Index Cond: (id = 8424941)

table 7 : explain UPDATE sbtest7 SET k=k+1 WHERE id=6047991
	Update on sbtest7  (cost=0.43..8.46 rows=0 width=0)
	  ->  Index Scan using sbtest7_pkey on sbtest7  (cost=0.43..8.46 rows=1 width=10)
	        Index Cond: (id = 6047991)

table 8 : explain UPDATE sbtest8 SET k=k+1 WHERE id=6980186
	Update on sbtest8  (cost=0.43..8.46 rows=0 width=0)
	  ->  Index Scan using sbtest8_pkey on sbtest8  (cost=0.43..8.46 rows=1 width=10)
	        Index Cond: (id = 6980186)

for deletes
table 1 : explain DELETE FROM sbtest1 WHERE id=4827578
	Delete on sbtest1  (cost=0.43..8.45 rows=0 width=0)
	  ->  Index Scan using sbtest1_pkey on sbtest1  (cost=0.43..8.45 rows=1 width=6)
	        Index Cond: (id = 4827578)

table 2 : explain DELETE FROM sbtest2 WHERE id=4060377
	Delete on sbtest2  (cost=0.43..8.45 rows=0 width=0)
	  ->  Index Scan using sbtest2_pkey on sbtest2  (cost=0.43..8.45 rows=1 width=6)
	        Index Cond: (id = 4060377)

table 3 : explain DELETE FROM sbtest3 WHERE id=4432910
	Delete on sbtest3  (cost=0.43..8.45 rows=0 width=0)
	  ->  Index Scan using sbtest3_pkey on sbtest3  (cost=0.43..8.45 rows=1 width=6)
	        Index Cond: (id = 4432910)

table 4 : explain DELETE FROM sbtest4 WHERE id=4020422
	Delete on sbtest4  (cost=0.43..8.45 rows=0 width=0)
	  ->  Index Scan using sbtest4_pkey on sbtest4  (cost=0.43..8.45 rows=1 width=6)
	        Index Cond: (id = 4020422)

table 5 : explain DELETE FROM sbtest5 WHERE id=8182153
	Delete on sbtest5  (cost=0.43..8.45 rows=0 width=0)
	  ->  Index Scan using sbtest5_pkey on sbtest5  (cost=0.43..8.45 rows=1 width=6)
	        Index Cond: (id = 8182153)

table 6 : explain DELETE FROM sbtest6 WHERE id=9864146
	Delete on sbtest6  (cost=0.43..8.45 rows=0 width=0)
	  ->  Index Scan using sbtest6_pkey on sbtest6  (cost=0.43..8.45 rows=1 width=6)
	        Index Cond: (id = 9864146)

table 7 : explain DELETE FROM sbtest7 WHERE id=5967500
	Delete on sbtest7  (cost=0.43..8.45 rows=0 width=0)
	  ->  Index Scan using sbtest7_pkey on sbtest7  (cost=0.43..8.45 rows=1 width=6)
	        Index Cond: (id = 5967500)

table 8 : explain DELETE FROM sbtest8 WHERE id=244521
	Delete on sbtest8  (cost=0.43..8.45 rows=0 width=0)
	  ->  Index Scan using sbtest8_pkey on sbtest8  (cost=0.43..8.45 rows=1 width=6)
	        Index Cond: (id = 244521)

explain: for deletes :: explain DELETE FROM sbtest%u WHERE id=%u
for index_updates
table 1 : explain UPDATE sbtest1 SET k=k+1 WHERE id=4241439
	Update on sbtest1  (cost=0.43..8.46 rows=0 width=0)
	  ->  Index Scan using sbtest1_pkey on sbtest1  (cost=0.43..8.46 rows=1 width=10)
	        Index Cond: (id = 4241439)

table 2 : explain UPDATE sbtest2 SET k=k+1 WHERE id=1037101
	Update on sbtest2  (cost=0.43..8.46 rows=0 width=0)
	  ->  Index Scan using sbtest2_pkey on sbtest2  (cost=0.43..8.46 rows=1 width=10)
	        Index Cond: (id = 1037101)

table 3 : explain UPDATE sbtest3 SET k=k+1 WHERE id=8381848
	Update on sbtest3  (cost=0.43..8.46 rows=0 width=0)
	  ->  Index Scan using sbtest3_pkey on sbtest3  (cost=0.43..8.46 rows=1 width=10)
	        Index Cond: (id = 8381848)

table 4 : explain UPDATE sbtest4 SET k=k+1 WHERE id=6570969
	Update on sbtest4  (cost=0.43..8.46 rows=0 width=0)
	  ->  Index Scan using sbtest4_pkey on sbtest4  (cost=0.43..8.46 rows=1 width=10)
	        Index Cond: (id = 6570969)

table 5 : explain UPDATE sbtest5 SET k=k+1 WHERE id=3127985
	Update on sbtest5  (cost=0.43..8.46 rows=0 width=0)
	  ->  Index Scan using sbtest5_pkey on sbtest5  (cost=0.43..8.46 rows=1 width=10)
	        Index Cond: (id = 3127985)

table 6 : explain UPDATE sbtest6 SET k=k+1 WHERE id=3020464
	Update on sbtest6  (cost=0.43..8.46 rows=0 width=0)
	  ->  Index Scan using sbtest6_pkey on sbtest6  (cost=0.43..8.46 rows=1 width=10)
	        Index Cond: (id = 3020464)

table 7 : explain UPDATE sbtest7 SET k=k+1 WHERE id=222075
	Update on sbtest7  (cost=0.43..8.46 rows=0 width=0)
	  ->  Index Scan using sbtest7_pkey on sbtest7  (cost=0.43..8.46 rows=1 width=10)
	        Index Cond: (id = 222075)

table 8 : explain UPDATE sbtest8 SET k=k+1 WHERE id=5150699
	Update on sbtest8  (cost=0.43..8.46 rows=0 width=0)
	  ->  Index Scan using sbtest8_pkey on sbtest8  (cost=0.43..8.46 rows=1 width=10)
	        Index Cond: (id = 5150699)

explain: for inserts :: explain INSERT INTO sbtest%u (id, k, c, pad) VALUES (%u, 13, 'foobar', 'foobar')
for deletes
table 1 : explain DELETE FROM sbtest1 WHERE id=9462884
	Delete on sbtest1  (cost=0.43..8.45 rows=0 width=0)
	  ->  Index Scan using sbtest1_pkey on sbtest1  (cost=0.43..8.45 rows=1 width=6)
	        Index Cond: (id = 9462884)

table 2 : explain DELETE FROM sbtest2 WHERE id=2325269
	Delete on sbtest2  (cost=0.43..8.45 rows=0 width=0)
	  ->  Index Scan using sbtest2_pkey on sbtest2  (cost=0.43..8.45 rows=1 width=6)
	        Index Cond: (id = 2325269)

table 3 : explain DELETE FROM sbtest3 WHERE id=494274
	Delete on sbtest3  (cost=0.43..8.45 rows=0 width=0)
	  ->  Index Scan using sbtest3_pkey on sbtest3  (cost=0.43..8.45 rows=1 width=6)
	        Index Cond: (id = 494274)

table 4 : explain DELETE FROM sbtest4 WHERE id=9277070
	Delete on sbtest4  (cost=0.43..8.45 rows=0 width=0)
	  ->  Index Scan using sbtest4_pkey on sbtest4  (cost=0.43..8.45 rows=1 width=6)
	        Index Cond: (id = 9277070)

table 5 : explain DELETE FROM sbtest5 WHERE id=1163526
	Delete on sbtest5  (cost=0.43..8.45 rows=0 width=0)
	  ->  Index Scan using sbtest5_pkey on sbtest5  (cost=0.43..8.45 rows=1 width=6)
	        Index Cond: (id = 1163526)

table 6 : explain DELETE FROM sbtest6 WHERE id=6909162
	Delete on sbtest6  (cost=0.43..8.45 rows=0 width=0)
	  ->  Index Scan using sbtest6_pkey on sbtest6  (cost=0.43..8.45 rows=1 width=6)
	        Index Cond: (id = 6909162)

table 7 : explain DELETE FROM sbtest7 WHERE id=5464203
	Delete on sbtest7  (cost=0.43..8.45 rows=0 width=0)
	  ->  Index Scan using sbtest7_pkey on sbtest7  (cost=0.43..8.45 rows=1 width=6)
	        Index Cond: (id = 5464203)

table 8 : explain DELETE FROM sbtest8 WHERE id=9765003
	Delete on sbtest8  (cost=0.43..8.45 rows=0 width=0)
	  ->  Index Scan using sbtest8_pkey on sbtest8  (cost=0.43..8.45 rows=1 width=6)
	        Index Cond: (id = 9765003)

for inserts
table 1 : explain INSERT INTO sbtest1 (id, k, c, pad) VALUES (6143587, 13, 'foobar', 'foobar')
	Insert on sbtest1  (cost=0.00..0.01 rows=0 width=0)
	  ->  Result  (cost=0.00..0.01 rows=1 width=736)

table 2 : explain INSERT INTO sbtest2 (id, k, c, pad) VALUES (9171891, 13, 'foobar', 'foobar')
	Insert on sbtest2  (cost=0.00..0.01 rows=0 width=0)
	  ->  Result  (cost=0.00..0.01 rows=1 width=736)

table 3 : explain INSERT INTO sbtest3 (id, k, c, pad) VALUES (4038602, 13, 'foobar', 'foobar')
	Insert on sbtest3  (cost=0.00..0.01 rows=0 width=0)
	  ->  Result  (cost=0.00..0.01 rows=1 width=736)

table 4 : explain INSERT INTO sbtest4 (id, k, c, pad) VALUES (1014944, 13, 'foobar', 'foobar')
	Insert on sbtest4  (cost=0.00..0.01 rows=0 width=0)
	  ->  Result  (cost=0.00..0.01 rows=1 width=736)

table 5 : explain INSERT INTO sbtest5 (id, k, c, pad) VALUES (2966771, 13, 'foobar', 'foobar')
	Insert on sbtest5  (cost=0.00..0.01 rows=0 width=0)
	  ->  Result  (cost=0.00..0.01 rows=1 width=736)

table 6 : explain INSERT INTO sbtest6 (id, k, c, pad) VALUES (2928148, 13, 'foobar', 'foobar')
	Insert on sbtest6  (cost=0.00..0.01 rows=0 width=0)
	  ->  Result  (cost=0.00..0.01 rows=1 width=736)

table 7 : explain INSERT INTO sbtest7 (id, k, c, pad) VALUES (1277992, 13, 'foobar', 'foobar')
	Insert on sbtest7  (cost=0.00..0.01 rows=0 width=0)
	  ->  Result  (cost=0.00..0.01 rows=1 width=736)

table 8 : explain INSERT INTO sbtest8 (id, k, c, pad) VALUES (5575000, 13, 'foobar', 'foobar')
	Insert on sbtest8  (cost=0.00..0.01 rows=0 width=0)
	  ->  Result  (cost=0.00..0.01 rows=1 width=736)

for non_index_updates
table 1 : explain UPDATE sbtest1 SET c='foobar' WHERE id=6516492
	Update on sbtest1  (cost=0.43..8.45 rows=0 width=0)
	  ->  Index Scan using sbtest1_pkey on sbtest1  (cost=0.43..8.45 rows=1 width=490)
	        Index Cond: (id = 6516492)

table 2 : explain UPDATE sbtest2 SET c='foobar' WHERE id=1967395
	Update on sbtest2  (cost=0.43..8.45 rows=0 width=0)
	  ->  Index Scan using sbtest2_pkey on sbtest2  (cost=0.43..8.45 rows=1 width=490)
	        Index Cond: (id = 1967395)

table 3 : explain UPDATE sbtest3 SET c='foobar' WHERE id=1812422
	Update on sbtest3  (cost=0.43..8.45 rows=0 width=0)
	  ->  Index Scan using sbtest3_pkey on sbtest3  (cost=0.43..8.45 rows=1 width=490)
	        Index Cond: (id = 1812422)

table 4 : explain UPDATE sbtest4 SET c='foobar' WHERE id=3604963
	Update on sbtest4  (cost=0.43..8.45 rows=0 width=0)
	  ->  Index Scan using sbtest4_pkey on sbtest4  (cost=0.43..8.45 rows=1 width=490)
	        Index Cond: (id = 3604963)

table 5 : explain UPDATE sbtest5 SET c='foobar' WHERE id=4293901
	Update on sbtest5  (cost=0.43..8.45 rows=0 width=0)
	  ->  Index Scan using sbtest5_pkey on sbtest5  (cost=0.43..8.45 rows=1 width=490)
	        Index Cond: (id = 4293901)

table 6 : explain UPDATE sbtest6 SET c='foobar' WHERE id=1408214
	Update on sbtest6  (cost=0.43..8.45 rows=0 width=0)
	  ->  Index Scan using sbtest6_pkey on sbtest6  (cost=0.43..8.45 rows=1 width=490)
	        Index Cond: (id = 1408214)

table 7 : explain UPDATE sbtest7 SET c='foobar' WHERE id=2304084
	Update on sbtest7  (cost=0.43..8.45 rows=0 width=0)
	  ->  Index Scan using sbtest7_pkey on sbtest7  (cost=0.43..8.45 rows=1 width=490)
	        Index Cond: (id = 2304084)

table 8 : explain UPDATE sbtest8 SET c='foobar' WHERE id=5090956
	Update on sbtest8  (cost=0.43..8.45 rows=0 width=0)
	  ->  Index Scan using sbtest8_pkey on sbtest8  (cost=0.43..8.45 rows=1 width=490)
	        Index Cond: (id = 5090956)

for point_selects
table 1 : explain SELECT c FROM sbtest1 WHERE id=3828989
	Index Scan using sbtest1_pkey on sbtest1  (cost=0.43..8.45 rows=1 width=121)
	  Index Cond: (id = 3828989)

table 2 : explain SELECT c FROM sbtest2 WHERE id=3678052
	Index Scan using sbtest2_pkey on sbtest2  (cost=0.43..8.45 rows=1 width=121)
	  Index Cond: (id = 3678052)

table 3 : explain SELECT c FROM sbtest3 WHERE id=8357749
	Index Scan using sbtest3_pkey on sbtest3  (cost=0.43..8.45 rows=1 width=121)
	  Index Cond: (id = 8357749)

table 4 : explain SELECT c FROM sbtest4 WHERE id=7446715
	Index Scan using sbtest4_pkey on sbtest4  (cost=0.43..8.45 rows=1 width=121)
	  Index Cond: (id = 7446715)

table 5 : explain SELECT c FROM sbtest5 WHERE id=1290859
	Index Scan using sbtest5_pkey on sbtest5  (cost=0.43..8.45 rows=1 width=121)
	  Index Cond: (id = 1290859)

table 6 : explain SELECT c FROM sbtest6 WHERE id=7636822
	Index Scan using sbtest6_pkey on sbtest6  (cost=0.43..8.45 rows=1 width=121)
	  Index Cond: (id = 7636822)

table 7 : explain SELECT c FROM sbtest7 WHERE id=1725443
	Index Scan using sbtest7_pkey on sbtest7  (cost=0.43..8.45 rows=1 width=121)
	  Index Cond: (id = 1725443)

table 8 : explain SELECT c FROM sbtest8 WHERE id=3990011
	Index Scan using sbtest8_pkey on sbtest8  (cost=0.43..8.45 rows=1 width=121)
	  Index Cond: (id = 3990011)

explain: for non_index_updates :: explain UPDATE sbtest%u SET c='foobar' WHERE id=%u
for inserts
table 1 : explain INSERT INTO sbtest1 (id, k, c, pad) VALUES (9272482, 13, 'foobar', 'foobar')
	Insert on sbtest1  (cost=0.00..0.01 rows=0 width=0)
	  ->  Result  (cost=0.00..0.01 rows=1 width=736)

table 2 : explain INSERT INTO sbtest2 (id, k, c, pad) VALUES (6096783, 13, 'foobar', 'foobar')
	Insert on sbtest2  (cost=0.00..0.01 rows=0 width=0)
	  ->  Result  (cost=0.00..0.01 rows=1 width=736)

table 3 : explain INSERT INTO sbtest3 (id, k, c, pad) VALUES (9070561, 13, 'foobar', 'foobar')
	Insert on sbtest3  (cost=0.00..0.01 rows=0 width=0)
	  ->  Result  (cost=0.00..0.01 rows=1 width=736)

table 4 : explain INSERT INTO sbtest4 (id, k, c, pad) VALUES (1265486, 13, 'foobar', 'foobar')
	Insert on sbtest4  (cost=0.00..0.01 rows=0 width=0)
	  ->  Result  (cost=0.00..0.01 rows=1 width=736)

table 5 : explain INSERT INTO sbtest5 (id, k, c, pad) VALUES (1102481, 13, 'foobar', 'foobar')
	Insert on sbtest5  (cost=0.00..0.01 rows=0 width=0)
	  ->  Result  (cost=0.00..0.01 rows=1 width=736)

table 6 : explain INSERT INTO sbtest6 (id, k, c, pad) VALUES (1079091, 13, 'foobar', 'foobar')
	Insert on sbtest6  (cost=0.00..0.01 rows=0 width=0)
	  ->  Result  (cost=0.00..0.01 rows=1 width=736)

table 7 : explain INSERT INTO sbtest7 (id, k, c, pad) VALUES (9963127, 13, 'foobar', 'foobar')
	Insert on sbtest7  (cost=0.00..0.01 rows=0 width=0)
	  ->  Result  (cost=0.00..0.01 rows=1 width=736)

table 8 : explain INSERT INTO sbtest8 (id, k, c, pad) VALUES (8040336, 13, 'foobar', 'foobar')
	Insert on sbtest8  (cost=0.00..0.01 rows=0 width=0)
	  ->  Result  (cost=0.00..0.01 rows=1 width=736)

for point_selects
table 1 : explain SELECT c FROM sbtest1 WHERE id=7739269
	Index Scan using sbtest1_pkey on sbtest1  (cost=0.43..8.45 rows=1 width=121)
	  Index Cond: (id = 7739269)

table 2 : explain SELECT c FROM sbtest2 WHERE id=9665038
	Index Scan using sbtest2_pkey on sbtest2  (cost=0.43..8.45 rows=1 width=121)
	  Index Cond: (id = 9665038)

table 3 : explain SELECT c FROM sbtest3 WHERE id=8347917
	Index Scan using sbtest3_pkey on sbtest3  (cost=0.43..8.45 rows=1 width=121)
	  Index Cond: (id = 8347917)

table 4 : explain SELECT c FROM sbtest4 WHERE id=8937068
	Index Scan using sbtest4_pkey on sbtest4  (cost=0.43..8.45 rows=1 width=121)
	  Index Cond: (id = 8937068)

table 5 : explain SELECT c FROM sbtest5 WHERE id=8247063
	Index Scan using sbtest5_pkey on sbtest5  (cost=0.43..8.45 rows=1 width=121)
	  Index Cond: (id = 8247063)

table 6 : explain SELECT c FROM sbtest6 WHERE id=5536538
	Index Scan using sbtest6_pkey on sbtest6  (cost=0.43..8.45 rows=1 width=121)
	  Index Cond: (id = 5536538)

table 7 : explain SELECT c FROM sbtest7 WHERE id=1797714
	Index Scan using sbtest7_pkey on sbtest7  (cost=0.43..8.45 rows=1 width=121)
	  Index Cond: (id = 1797714)

table 8 : explain SELECT c FROM sbtest8 WHERE id=7708954
	Index Scan using sbtest8_pkey on sbtest8  (cost=0.43..8.45 rows=1 width=121)
	  Index Cond: (id = 7708954)

for point_selects
table 1 : explain SELECT c FROM sbtest1 WHERE id=6495539
	Index Scan using sbtest1_pkey on sbtest1  (cost=0.43..8.45 rows=1 width=121)
	  Index Cond: (id = 6495539)

table 2 : explain SELECT c FROM sbtest2 WHERE id=1199694
	Index Scan using sbtest2_pkey on sbtest2  (cost=0.43..8.45 rows=1 width=121)
	  Index Cond: (id = 1199694)

table 3 : explain SELECT c FROM sbtest3 WHERE id=1600271
	Index Scan using sbtest3_pkey on sbtest3  (cost=0.43..8.45 rows=1 width=121)
	  Index Cond: (id = 1600271)

table 4 : explain SELECT c FROM sbtest4 WHERE id=8342509
	Index Scan using sbtest4_pkey on sbtest4  (cost=0.43..8.45 rows=1 width=121)
	  Index Cond: (id = 8342509)

table 5 : explain SELECT c FROM sbtest5 WHERE id=385977
	Index Scan using sbtest5_pkey on sbtest5  (cost=0.43..8.45 rows=1 width=121)
	  Index Cond: (id = 385977)

table 6 : explain SELECT c FROM sbtest6 WHERE id=475290
	Index Scan using sbtest6_pkey on sbtest6  (cost=0.43..8.45 rows=1 width=121)
	  Index Cond: (id = 475290)

table 7 : explain SELECT c FROM sbtest7 WHERE id=4890539
	Index Scan using sbtest7_pkey on sbtest7  (cost=0.43..8.45 rows=1 width=121)
	  Index Cond: (id = 4890539)

table 8 : explain SELECT c FROM sbtest8 WHERE id=8289894
	Index Scan using sbtest8_pkey on sbtest8  (cost=0.43..8.45 rows=1 width=121)
	  Index Cond: (id = 8289894)

explain: for inserts :: explain INSERT INTO sbtest%u (id, k, c, pad) VALUES (%u, 13, 'foobar', 'foobar')
explain: for non_index_updates :: explain UPDATE sbtest%u SET c='foobar' WHERE id=%u
explain: for deletes :: explain DELETE FROM sbtest%u WHERE id=%u
for: order_ranges
table 1 : explain SELECT c FROM sbtest1 WHERE id BETWEEN 8212582 AND 8212681 ORDER BY c
	Sort  (cost=385.97..386.22 rows=99 width=121)
	  Sort Key: c
	  ->  Index Scan using sbtest1_pkey on sbtest1  (cost=0.43..382.69 rows=99 width=121)
	        Index Cond: ((id >= 8212582) AND (id <= 8212681))

table 2 : explain SELECT c FROM sbtest2 WHERE id BETWEEN 4270702 AND 4270801 ORDER BY c
	Sort  (cost=403.23..403.49 rows=103 width=121)
	  Sort Key: c
	  ->  Index Scan using sbtest2_pkey on sbtest2  (cost=0.43..399.79 rows=103 width=121)
	        Index Cond: ((id >= 4270702) AND (id <= 4270801))

table 3 : explain SELECT c FROM sbtest3 WHERE id BETWEEN 5045389 AND 5045488 ORDER BY c
	Sort  (cost=396.67..396.92 rows=102 width=121)
	  Sort Key: c
	  ->  Index Scan using sbtest3_pkey on sbtest3  (cost=0.43..393.26 rows=102 width=121)
	        Index Cond: ((id >= 5045389) AND (id <= 5045488))

table 4 : explain SELECT c FROM sbtest4 WHERE id BETWEEN 4623139 AND 4623238 ORDER BY c
	Sort  (cost=416.53..416.80 rows=107 width=121)
	  Sort Key: c
	  ->  Index Scan using sbtest4_pkey on sbtest4  (cost=0.43..412.93 rows=107 width=121)
	        Index Cond: ((id >= 4623139) AND (id <= 4623238))

table 5 : explain SELECT c FROM sbtest5 WHERE id BETWEEN 889037 AND 889136 ORDER BY c
	Sort  (cost=399.33..399.58 rows=103 width=121)
	  Sort Key: c
	  ->  Index Scan using sbtest5_pkey on sbtest5  (cost=0.43..395.88 rows=103 width=121)
	        Index Cond: ((id >= 889037) AND (id <= 889136))

table 6 : explain SELECT c FROM sbtest6 WHERE id BETWEEN 5111548 AND 5111647 ORDER BY c
	Sort  (cost=409.72..409.99 rows=105 width=121)
	  Sort Key: c
	  ->  Index Scan using sbtest6_pkey on sbtest6  (cost=0.43..406.20 rows=105 width=121)
	        Index Cond: ((id >= 5111548) AND (id <= 5111647))

table 7 : explain SELECT c FROM sbtest7 WHERE id BETWEEN 1796943 AND 1797042 ORDER BY c
	Sort  (cost=377.85..378.10 rows=97 width=121)
	  Sort Key: c
	  ->  Index Scan using sbtest7_pkey on sbtest7  (cost=0.43..374.65 rows=97 width=121)
	        Index Cond: ((id >= 1796943) AND (id <= 1797042))

table 8 : explain SELECT c FROM sbtest8 WHERE id BETWEEN 8705118 AND 8705217 ORDER BY c
	Sort  (cost=371.05..371.28 rows=95 width=121)
	  Sort Key: c
	  ->  Index Scan using sbtest8_pkey on sbtest8  (cost=0.43..367.93 rows=95 width=121)
	        Index Cond: ((id >= 8705118) AND (id <= 8705217))

explain: for inserts :: explain INSERT INTO sbtest%u (id, k, c, pad) VALUES (%u, 13, 'foobar', 'foobar')
for point_selects
table 1 : explain SELECT c FROM sbtest1 WHERE id=6804135
	Index Scan using sbtest1_pkey on sbtest1  (cost=0.43..8.45 rows=1 width=121)
	  Index Cond: (id = 6804135)

table 2 : explain SELECT c FROM sbtest2 WHERE id=3839012
	Index Scan using sbtest2_pkey on sbtest2  (cost=0.43..8.45 rows=1 width=121)
	  Index Cond: (id = 3839012)

table 3 : explain SELECT c FROM sbtest3 WHERE id=9271159
	Index Scan using sbtest3_pkey on sbtest3  (cost=0.43..8.45 rows=1 width=121)
	  Index Cond: (id = 9271159)

table 4 : explain SELECT c FROM sbtest4 WHERE id=6231808
	Index Scan using sbtest4_pkey on sbtest4  (cost=0.43..8.45 rows=1 width=121)
	  Index Cond: (id = 6231808)

table 5 : explain SELECT c FROM sbtest5 WHERE id=9180765
	Index Scan using sbtest5_pkey on sbtest5  (cost=0.43..8.45 rows=1 width=121)
	  Index Cond: (id = 9180765)

table 6 : explain SELECT c FROM sbtest6 WHERE id=5236537
	Index Scan using sbtest6_pkey on sbtest6  (cost=0.43..8.45 rows=1 width=121)
	  Index Cond: (id = 5236537)

table 7 : explain SELECT c FROM sbtest7 WHERE id=5556673
	Index Scan using sbtest7_pkey on sbtest7  (cost=0.43..8.45 rows=1 width=121)
	  Index Cond: (id = 5556673)

table 8 : explain SELECT c FROM sbtest8 WHERE id=8834468
	Index Scan using sbtest8_pkey on sbtest8  (cost=0.43..8.45 rows=1 width=121)
	  Index Cond: (id = 8834468)

explain: for point_selects :: explain SELECT c FROM sbtest%u WHERE id=%u
for non_index_updates
table 1 : explain UPDATE sbtest1 SET c='foobar' WHERE id=8092181
	Update on sbtest1  (cost=0.43..8.45 rows=0 width=0)
	  ->  Index Scan using sbtest1_pkey on sbtest1  (cost=0.43..8.45 rows=1 width=490)
	        Index Cond: (id = 8092181)

table 2 : explain UPDATE sbtest2 SET c='foobar' WHERE id=6907230
	Update on sbtest2  (cost=0.43..8.45 rows=0 width=0)
	  ->  Index Scan using sbtest2_pkey on sbtest2  (cost=0.43..8.45 rows=1 width=490)
	        Index Cond: (id = 6907230)

table 3 : explain UPDATE sbtest3 SET c='foobar' WHERE id=4058247
	Update on sbtest3  (cost=0.43..8.45 rows=0 width=0)
	  ->  Index Scan using sbtest3_pkey on sbtest3  (cost=0.43..8.45 rows=1 width=490)
	        Index Cond: (id = 4058247)

table 4 : explain UPDATE sbtest4 SET c='foobar' WHERE id=3047924
	Update on sbtest4  (cost=0.43..8.45 rows=0 width=0)
	  ->  Index Scan using sbtest4_pkey on sbtest4  (cost=0.43..8.45 rows=1 width=490)
	        Index Cond: (id = 3047924)

table 5 : explain UPDATE sbtest5 SET c='foobar' WHERE id=4960992
	Update on sbtest5  (cost=0.43..8.45 rows=0 width=0)
	  ->  Index Scan using sbtest5_pkey on sbtest5  (cost=0.43..8.45 rows=1 width=490)
	        Index Cond: (id = 4960992)

table 6 : explain UPDATE sbtest6 SET c='foobar' WHERE id=6548951
	Update on sbtest6  (cost=0.43..8.45 rows=0 width=0)
	  ->  Index Scan using sbtest6_pkey on sbtest6  (cost=0.43..8.45 rows=1 width=490)
	        Index Cond: (id = 6548951)

table 7 : explain UPDATE sbtest7 SET c='foobar' WHERE id=5763097
	Update on sbtest7  (cost=0.43..8.45 rows=0 width=0)
	  ->  Index Scan using sbtest7_pkey on sbtest7  (cost=0.43..8.45 rows=1 width=490)
	        Index Cond: (id = 5763097)

table 8 : explain UPDATE sbtest8 SET c='foobar' WHERE id=2288263
	Update on sbtest8  (cost=0.43..8.45 rows=0 width=0)
	  ->  Index Scan using sbtest8_pkey on sbtest8  (cost=0.43..8.45 rows=1 width=490)
	        Index Cond: (id = 2288263)

for deletes
table 1 : explain DELETE FROM sbtest1 WHERE id=7681598
	Delete on sbtest1  (cost=0.43..8.45 rows=0 width=0)
	  ->  Index Scan using sbtest1_pkey on sbtest1  (cost=0.43..8.45 rows=1 width=6)
	        Index Cond: (id = 7681598)

table 2 : explain DELETE FROM sbtest2 WHERE id=9834929
	Delete on sbtest2  (cost=0.43..8.45 rows=0 width=0)
	  ->  Index Scan using sbtest2_pkey on sbtest2  (cost=0.43..8.45 rows=1 width=6)
	        Index Cond: (id = 9834929)

table 3 : explain DELETE FROM sbtest3 WHERE id=379551
	Delete on sbtest3  (cost=0.43..8.45 rows=0 width=0)
	  ->  Index Scan using sbtest3_pkey on sbtest3  (cost=0.43..8.45 rows=1 width=6)
	        Index Cond: (id = 379551)

table 4 : explain DELETE FROM sbtest4 WHERE id=8822894
	Delete on sbtest4  (cost=0.43..8.45 rows=0 width=0)
	  ->  Index Scan using sbtest4_pkey on sbtest4  (cost=0.43..8.45 rows=1 width=6)
	        Index Cond: (id = 8822894)

table 5 : explain DELETE FROM sbtest5 WHERE id=4066150
	Delete on sbtest5  (cost=0.43..8.45 rows=0 width=0)
	  ->  Index Scan using sbtest5_pkey on sbtest5  (cost=0.43..8.45 rows=1 width=6)
	        Index Cond: (id = 4066150)

table 6 : explain DELETE FROM sbtest6 WHERE id=2938670
	Delete on sbtest6  (cost=0.43..8.45 rows=0 width=0)
	  ->  Index Scan using sbtest6_pkey on sbtest6  (cost=0.43..8.45 rows=1 width=6)
	        Index Cond: (id = 2938670)

table 7 : explain DELETE FROM sbtest7 WHERE id=5455438
	Delete on sbtest7  (cost=0.43..8.45 rows=0 width=0)
	  ->  Index Scan using sbtest7_pkey on sbtest7  (cost=0.43..8.45 rows=1 width=6)
	        Index Cond: (id = 5455438)

table 8 : explain DELETE FROM sbtest8 WHERE id=9839320
	Delete on sbtest8  (cost=0.43..8.45 rows=0 width=0)
	  ->  Index Scan using sbtest8_pkey on sbtest8  (cost=0.43..8.45 rows=1 width=6)
	        Index Cond: (id = 9839320)

for: simple_ranges
table 1 : explain SELECT c FROM sbtest1 WHERE id BETWEEN 6038654 AND 6038753
	Index Scan using sbtest1_pkey on sbtest1  (cost=0.43..375.05 rows=97 width=121)
	  Index Cond: ((id >= 6038654) AND (id <= 6038753))

table 2 : explain SELECT c FROM sbtest2 WHERE id BETWEEN 2771940 AND 2772039
	Index Scan using sbtest2_pkey on sbtest2  (cost=0.43..418.97 rows=108 width=121)
	  Index Cond: ((id >= 2771940) AND (id <= 2772039))

table 3 : explain SELECT c FROM sbtest3 WHERE id BETWEEN 320090 AND 320189
	Index Scan using sbtest3_pkey on sbtest3  (cost=0.43..389.45 rows=101 width=121)
	  Index Cond: ((id >= 320090) AND (id <= 320189))

table 4 : explain SELECT c FROM sbtest4 WHERE id BETWEEN 3913031 AND 3913130
	Index Scan using sbtest4_pkey on sbtest4  (cost=0.43..405.30 rows=105 width=121)
	  Index Cond: ((id >= 3913031) AND (id <= 3913130))

table 5 : explain SELECT c FROM sbtest5 WHERE id BETWEEN 3163201 AND 3163300
	Index Scan using sbtest5_pkey on sbtest5  (cost=0.43..376.90 rows=98 width=121)
	  Index Cond: ((id >= 3163201) AND (id <= 3163300))

table 6 : explain SELECT c FROM sbtest6 WHERE id BETWEEN 5349981 AND 5350080
	Index Scan using sbtest6_pkey on sbtest6  (cost=0.43..390.91 rows=101 width=121)
	  Index Cond: ((id >= 5349981) AND (id <= 5350080))

table 7 : explain SELECT c FROM sbtest7 WHERE id BETWEEN 518395 AND 518494
	Index Scan using sbtest7_pkey on sbtest7  (cost=0.43..370.84 rows=96 width=121)
	  Index Cond: ((id >= 518395) AND (id <= 518494))

table 8 : explain SELECT c FROM sbtest8 WHERE id BETWEEN 9741949 AND 9742048
	Index Scan using sbtest8_pkey on sbtest8  (cost=0.43..402.33 rows=104 width=121)
	  Index Cond: ((id >= 9741949) AND (id <= 9742048))

for inserts
table 1 : explain INSERT INTO sbtest1 (id, k, c, pad) VALUES (6382279, 13, 'foobar', 'foobar')
	Insert on sbtest1  (cost=0.00..0.01 rows=0 width=0)
	  ->  Result  (cost=0.00..0.01 rows=1 width=736)

table 2 : explain INSERT INTO sbtest2 (id, k, c, pad) VALUES (624691, 13, 'foobar', 'foobar')
	Insert on sbtest2  (cost=0.00..0.01 rows=0 width=0)
	  ->  Result  (cost=0.00..0.01 rows=1 width=736)

table 3 : explain INSERT INTO sbtest3 (id, k, c, pad) VALUES (4673297, 13, 'foobar', 'foobar')
	Insert on sbtest3  (cost=0.00..0.01 rows=0 width=0)
	  ->  Result  (cost=0.00..0.01 rows=1 width=736)

table 4 : explain INSERT INTO sbtest4 (id, k, c, pad) VALUES (839502, 13, 'foobar', 'foobar')
	Insert on sbtest4  (cost=0.00..0.01 rows=0 width=0)
	  ->  Result  (cost=0.00..0.01 rows=1 width=736)

table 5 : explain INSERT INTO sbtest5 (id, k, c, pad) VALUES (75647, 13, 'foobar', 'foobar')
	Insert on sbtest5  (cost=0.00..0.01 rows=0 width=0)
	  ->  Result  (cost=0.00..0.01 rows=1 width=736)

table 6 : explain INSERT INTO sbtest6 (id, k, c, pad) VALUES (5307778, 13, 'foobar', 'foobar')
	Insert on sbtest6  (cost=0.00..0.01 rows=0 width=0)
	  ->  Result  (cost=0.00..0.01 rows=1 width=736)

table 7 : explain INSERT INTO sbtest7 (id, k, c, pad) VALUES (5479220, 13, 'foobar', 'foobar')
	Insert on sbtest7  (cost=0.00..0.01 rows=0 width=0)
	  ->  Result  (cost=0.00..0.01 rows=1 width=736)

table 8 : explain INSERT INTO sbtest8 (id, k, c, pad) VALUES (7164693, 13, 'foobar', 'foobar')
	Insert on sbtest8  (cost=0.00..0.01 rows=0 width=0)
	  ->  Result  (cost=0.00..0.01 rows=1 width=736)

for: simple_ranges
table 1 : explain SELECT c FROM sbtest1 WHERE id BETWEEN 3447865 AND 3447964
	Index Scan using sbtest1_pkey on sbtest1  (cost=0.43..401.77 rows=104 width=121)
	  Index Cond: ((id >= 3447865) AND (id <= 3447964))

table 2 : explain SELECT c FROM sbtest2 WHERE id BETWEEN 8763787 AND 8763886
	Index Scan using sbtest2_pkey on sbtest2  (cost=0.43..468.82 rows=121 width=121)
	  Index Cond: ((id >= 8763787) AND (id <= 8763886))

table 3 : explain SELECT c FROM sbtest3 WHERE id BETWEEN 440379 AND 440478
	Index Scan using sbtest3_pkey on sbtest3  (cost=0.43..408.50 rows=106 width=121)
	  Index Cond: ((id >= 440379) AND (id <= 440478))

table 4 : explain SELECT c FROM sbtest4 WHERE id BETWEEN 3312925 AND 3313024
	Index Scan using sbtest4_pkey on sbtest4  (cost=0.43..397.67 rows=103 width=121)
	  Index Cond: ((id >= 3312925) AND (id <= 3313024))

table 5 : explain SELECT c FROM sbtest5 WHERE id BETWEEN 3064816 AND 3064915
	Index Scan using sbtest5_pkey on sbtest5  (cost=0.43..380.70 rows=99 width=121)
	  Index Cond: ((id >= 3064816) AND (id <= 3064915))

table 6 : explain SELECT c FROM sbtest6 WHERE id BETWEEN 1008547 AND 1008646
	Index Scan using sbtest6_pkey on sbtest6  (cost=0.43..410.02 rows=106 width=121)
	  Index Cond: ((id >= 1008547) AND (id <= 1008646))

table 7 : explain SELECT c FROM sbtest7 WHERE id BETWEEN 6642802 AND 6642901
	Index Scan using sbtest7_pkey on sbtest7  (cost=0.43..382.28 rows=99 width=121)
	  Index Cond: ((id >= 6642802) AND (id <= 6642901))

table 8 : explain SELECT c FROM sbtest8 WHERE id BETWEEN 6657704 AND 6657803
	Index Scan using sbtest8_pkey on sbtest8  (cost=0.43..367.93 rows=95 width=121)
	  Index Cond: ((id >= 6657704) AND (id <= 6657803))

for: simple_ranges
table 1 : explain SELECT c FROM sbtest1 WHERE id BETWEEN 7614531 AND 7614630
	Index Scan using sbtest1_pkey on sbtest1  (cost=0.43..417.04 rows=108 width=121)
	  Index Cond: ((id >= 7614531) AND (id <= 7614630))

table 2 : explain SELECT c FROM sbtest2 WHERE id BETWEEN 5931724 AND 5931823
	Index Scan using sbtest2_pkey on sbtest2  (cost=0.43..411.30 rows=106 width=121)
	  Index Cond: ((id >= 5931724) AND (id <= 5931823))

table 3 : explain SELECT c FROM sbtest3 WHERE id BETWEEN 8393984 AND 8394083
	Index Scan using sbtest3_pkey on sbtest3  (cost=0.43..378.03 rows=98 width=121)
	  Index Cond: ((id >= 8393984) AND (id <= 8394083))

table 4 : explain SELECT c FROM sbtest4 WHERE id BETWEEN 2839762 AND 2839861
	Index Scan using sbtest4_pkey on sbtest4  (cost=0.43..435.81 rows=113 width=121)
	  Index Cond: ((id >= 2839762) AND (id <= 2839861))

table 5 : explain SELECT c FROM sbtest5 WHERE id BETWEEN 8383889 AND 8383988
	Index Scan using sbtest5_pkey on sbtest5  (cost=0.43..384.49 rows=100 width=121)
	  Index Cond: ((id >= 8383889) AND (id <= 8383988))

table 6 : explain SELECT c FROM sbtest6 WHERE id BETWEEN 1341894 AND 1341993
	Index Scan using sbtest6_pkey on sbtest6  (cost=0.43..387.08 rows=100 width=121)
	  Index Cond: ((id >= 1341894) AND (id <= 1341993))

table 7 : explain SELECT c FROM sbtest7 WHERE id BETWEEN 3743245 AND 3743344
	Index Scan using sbtest7_pkey on sbtest7  (cost=0.43..405.16 rows=105 width=121)
	  Index Cond: ((id >= 3743245) AND (id <= 3743344))

table 8 : explain SELECT c FROM sbtest8 WHERE id BETWEEN 8078298 AND 8078397
	Index Scan using sbtest8_pkey on sbtest8  (cost=0.43..409.97 rows=106 width=121)
	  Index Cond: ((id >= 8078298) AND (id <= 8078397))

for deletes
table 1 : explain DELETE FROM sbtest1 WHERE id=6285104
	Delete on sbtest1  (cost=0.43..8.45 rows=0 width=0)
	  ->  Index Scan using sbtest1_pkey on sbtest1  (cost=0.43..8.45 rows=1 width=6)
	        Index Cond: (id = 6285104)

table 2 : explain DELETE FROM sbtest2 WHERE id=290269
	Delete on sbtest2  (cost=0.43..8.45 rows=0 width=0)
	  ->  Index Scan using sbtest2_pkey on sbtest2  (cost=0.43..8.45 rows=1 width=6)
	        Index Cond: (id = 290269)

table 3 : explain DELETE FROM sbtest3 WHERE id=6092538
	Delete on sbtest3  (cost=0.43..8.45 rows=0 width=0)
	  ->  Index Scan using sbtest3_pkey on sbtest3  (cost=0.43..8.45 rows=1 width=6)
	        Index Cond: (id = 6092538)

table 4 : explain DELETE FROM sbtest4 WHERE id=9027093
	Delete on sbtest4  (cost=0.43..8.45 rows=0 width=0)
	  ->  Index Scan using sbtest4_pkey on sbtest4  (cost=0.43..8.45 rows=1 width=6)
	        Index Cond: (id = 9027093)

table 5 : explain DELETE FROM sbtest5 WHERE id=3662047
	Delete on sbtest5  (cost=0.43..8.45 rows=0 width=0)
	  ->  Index Scan using sbtest5_pkey on sbtest5  (cost=0.43..8.45 rows=1 width=6)
	        Index Cond: (id = 3662047)

table 6 : explain DELETE FROM sbtest6 WHERE id=5581155
	Delete on sbtest6  (cost=0.43..8.45 rows=0 width=0)
	  ->  Index Scan using sbtest6_pkey on sbtest6  (cost=0.43..8.45 rows=1 width=6)
	        Index Cond: (id = 5581155)

table 7 : explain DELETE FROM sbtest7 WHERE id=6603941
	Delete on sbtest7  (cost=0.43..8.45 rows=0 width=0)
	  ->  Index Scan using sbtest7_pkey on sbtest7  (cost=0.43..8.45 rows=1 width=6)
	        Index Cond: (id = 6603941)

table 8 : explain DELETE FROM sbtest8 WHERE id=6280951
	Delete on sbtest8  (cost=0.43..8.45 rows=0 width=0)
	  ->  Index Scan using sbtest8_pkey on sbtest8  (cost=0.43..8.45 rows=1 width=6)
	        Index Cond: (id = 6280951)

for inserts
table 1 : explain INSERT INTO sbtest1 (id, k, c, pad) VALUES (2209510, 13, 'foobar', 'foobar')
	Insert on sbtest1  (cost=0.00..0.01 rows=0 width=0)
	  ->  Result  (cost=0.00..0.01 rows=1 width=736)

table 2 : explain INSERT INTO sbtest2 (id, k, c, pad) VALUES (6316329, 13, 'foobar', 'foobar')
	Insert on sbtest2  (cost=0.00..0.01 rows=0 width=0)
	  ->  Result  (cost=0.00..0.01 rows=1 width=736)

table 3 : explain INSERT INTO sbtest3 (id, k, c, pad) VALUES (8221550, 13, 'foobar', 'foobar')
	Insert on sbtest3  (cost=0.00..0.01 rows=0 width=0)
	  ->  Result  (cost=0.00..0.01 rows=1 width=736)

table 4 : explain INSERT INTO sbtest4 (id, k, c, pad) VALUES (4617279, 13, 'foobar', 'foobar')
	Insert on sbtest4  (cost=0.00..0.01 rows=0 width=0)
	  ->  Result  (cost=0.00..0.01 rows=1 width=736)

table 5 : explain INSERT INTO sbtest5 (id, k, c, pad) VALUES (5624343, 13, 'foobar', 'foobar')
	Insert on sbtest5  (cost=0.00..0.01 rows=0 width=0)
	  ->  Result  (cost=0.00..0.01 rows=1 width=736)

table 6 : explain INSERT INTO sbtest6 (id, k, c, pad) VALUES (9948365, 13, 'foobar', 'foobar')
	Insert on sbtest6  (cost=0.00..0.01 rows=0 width=0)
	  ->  Result  (cost=0.00..0.01 rows=1 width=736)

table 7 : explain INSERT INTO sbtest7 (id, k, c, pad) VALUES (274017, 13, 'foobar', 'foobar')
	Insert on sbtest7  (cost=0.00..0.01 rows=0 width=0)
	  ->  Result  (cost=0.00..0.01 rows=1 width=736)

table 8 : explain INSERT INTO sbtest8 (id, k, c, pad) VALUES (7013477, 13, 'foobar', 'foobar')
	Insert on sbtest8  (cost=0.00..0.01 rows=0 width=0)
	  ->  Result  (cost=0.00..0.01 rows=1 width=736)

explain: for deletes :: explain DELETE FROM sbtest%u WHERE id=%u
for: simple_ranges
table 1 : explain SELECT c FROM sbtest1 WHERE id BETWEEN 4992934 AND 4993033
	Index Scan using sbtest1_pkey on sbtest1  (cost=0.43..367.42 rows=95 width=121)
	  Index Cond: ((id >= 4992934) AND (id <= 4993033))

table 2 : explain SELECT c FROM sbtest2 WHERE id BETWEEN 6718543 AND 6718642
	Index Scan using sbtest2_pkey on sbtest2  (cost=0.43..403.63 rows=104 width=121)
	  Index Cond: ((id >= 6718543) AND (id <= 6718642))

table 3 : explain SELECT c FROM sbtest3 WHERE id BETWEEN 1875374 AND 1875473
	Index Scan using sbtest3_pkey on sbtest3  (cost=0.43..381.84 rows=99 width=121)
	  Index Cond: ((id >= 1875374) AND (id <= 1875473))

table 4 : explain SELECT c FROM sbtest4 WHERE id BETWEEN 3349565 AND 3349664
	Index Scan using sbtest4_pkey on sbtest4  (cost=0.43..397.67 rows=103 width=121)
	  Index Cond: ((id >= 3349565) AND (id <= 3349664))

table 5 : explain SELECT c FROM sbtest5 WHERE id BETWEEN 2276072 AND 2276171
	Index Scan using sbtest5_pkey on sbtest5  (cost=0.43..342.67 rows=89 width=121)
	  Index Cond: ((id >= 2276072) AND (id <= 2276171))

table 6 : explain SELECT c FROM sbtest6 WHERE id BETWEEN 6081238 AND 6081337
	Index Scan using sbtest6_pkey on sbtest6  (cost=0.43..360.27 rows=93 width=121)
	  Index Cond: ((id >= 6081238) AND (id <= 6081337))

table 7 : explain SELECT c FROM sbtest7 WHERE id BETWEEN 4218535 AND 4218634
	Index Scan using sbtest7_pkey on sbtest7  (cost=0.43..393.72 rows=102 width=121)
	  Index Cond: ((id >= 4218535) AND (id <= 4218634))

table 8 : explain SELECT c FROM sbtest8 WHERE id BETWEEN 9603628 AND 9603727
	Index Scan using sbtest8_pkey on sbtest8  (cost=0.43..398.51 rows=103 width=121)
	  Index Cond: ((id >= 9603628) AND (id <= 9603727))

for deletes
table 1 : explain DELETE FROM sbtest1 WHERE id=7177079
	Delete on sbtest1  (cost=0.43..8.45 rows=0 width=0)
	  ->  Index Scan using sbtest1_pkey on sbtest1  (cost=0.43..8.45 rows=1 width=6)
	        Index Cond: (id = 7177079)

table 2 : explain DELETE FROM sbtest2 WHERE id=5864769
	Delete on sbtest2  (cost=0.43..8.45 rows=0 width=0)
	  ->  Index Scan using sbtest2_pkey on sbtest2  (cost=0.43..8.45 rows=1 width=6)
	        Index Cond: (id = 5864769)

table 3 : explain DELETE FROM sbtest3 WHERE id=1014618
	Delete on sbtest3  (cost=0.43..8.45 rows=0 width=0)
	  ->  Index Scan using sbtest3_pkey on sbtest3  (cost=0.43..8.45 rows=1 width=6)
	        Index Cond: (id = 1014618)

table 4 : explain DELETE FROM sbtest4 WHERE id=3207163
	Delete on sbtest4  (cost=0.43..8.45 rows=0 width=0)
	  ->  Index Scan using sbtest4_pkey on sbtest4  (cost=0.43..8.45 rows=1 width=6)
	        Index Cond: (id = 3207163)

table 5 : explain DELETE FROM sbtest5 WHERE id=7780451
	Delete on sbtest5  (cost=0.43..8.45 rows=0 width=0)
	  ->  Index Scan using sbtest5_pkey on sbtest5  (cost=0.43..8.45 rows=1 width=6)
	        Index Cond: (id = 7780451)

table 6 : explain DELETE FROM sbtest6 WHERE id=7271896
	Delete on sbtest6  (cost=0.43..8.45 rows=0 width=0)
	  ->  Index Scan using sbtest6_pkey on sbtest6  (cost=0.43..8.45 rows=1 width=6)
	        Index Cond: (id = 7271896)

table 7 : explain DELETE FROM sbtest7 WHERE id=6317640
	Delete on sbtest7  (cost=0.43..8.45 rows=0 width=0)
	  ->  Index Scan using sbtest7_pkey on sbtest7  (cost=0.43..8.45 rows=1 width=6)
	        Index Cond: (id = 6317640)

table 8 : explain DELETE FROM sbtest8 WHERE id=2346950
	Delete on sbtest8  (cost=0.43..8.45 rows=0 width=0)
	  ->  Index Scan using sbtest8_pkey on sbtest8  (cost=0.43..8.45 rows=1 width=6)
	        Index Cond: (id = 2346950)

for: distinct_ranges
table 1 : explain SELECT DISTINCT c FROM sbtest1 WHERE id BETWEEN 690949 AND 691048 ORDER BY c
	Unique  (cost=362.83..363.29 rows=93 width=121)
	  ->  Sort  (cost=362.83..363.06 rows=93 width=121)
	        Sort Key: c
	        ->  Index Scan using sbtest1_pkey on sbtest1  (cost=0.43..359.78 rows=93 width=121)
	              Index Cond: ((id >= 690949) AND (id <= 691048))

table 2 : explain SELECT DISTINCT c FROM sbtest2 WHERE id BETWEEN 1982190 AND 1982289 ORDER BY c
	Unique  (cost=399.36..399.87 rows=102 width=121)
	  ->  Sort  (cost=399.36..399.61 rows=102 width=121)
	        Sort Key: c
	        ->  Index Scan using sbtest2_pkey on sbtest2  (cost=0.43..395.95 rows=102 width=121)
	              Index Cond: ((id >= 1982190) AND (id <= 1982289))

table 3 : explain SELECT DISTINCT c FROM sbtest3 WHERE id BETWEEN 7487083 AND 7487182 ORDER BY c
	Unique  (cost=365.88..366.35 rows=94 width=121)
	  ->  Sort  (cost=365.88..366.11 rows=94 width=121)
	        Sort Key: c
	        ->  Index Scan using sbtest3_pkey on sbtest3  (cost=0.43..362.80 rows=94 width=121)
	              Index Cond: ((id >= 7487083) AND (id <= 7487182))

table 4 : explain SELECT DISTINCT c FROM sbtest4 WHERE id BETWEEN 9946501 AND 9946600 ORDER BY c
	Unique  (cost=401.11..401.63 rows=103 width=121)
	  ->  Sort  (cost=401.11..401.37 rows=103 width=121)
	        Sort Key: c
	        ->  Index Scan using sbtest4_pkey on sbtest4  (cost=0.43..397.67 rows=103 width=121)
	              Index Cond: ((id >= 9946501) AND (id <= 9946600))

table 5 : explain SELECT DISTINCT c FROM sbtest5 WHERE id BETWEEN 4973128 AND 4973227 ORDER BY c
	Unique  (cost=364.79..365.26 rows=94 width=121)
	  ->  Sort  (cost=364.79..365.03 rows=94 width=121)
	        Sort Key: c
	        ->  Index Scan using sbtest5_pkey on sbtest5  (cost=0.43..361.71 rows=94 width=121)
	              Index Cond: ((id >= 4973128) AND (id <= 4973227))

table 6 : explain SELECT DISTINCT c FROM sbtest6 WHERE id BETWEEN 4784455 AND 4784554 ORDER BY c
	Unique  (cost=371.09..371.56 rows=95 width=121)
	  ->  Sort  (cost=371.09..371.33 rows=95 width=121)
	        Sort Key: c
	        ->  Index Scan using sbtest6_pkey on sbtest6  (cost=0.43..367.97 rows=95 width=121)
	              Index Cond: ((id >= 4784455) AND (id <= 4784554))

table 7 : explain SELECT DISTINCT c FROM sbtest7 WHERE id BETWEEN 8021814 AND 8021913 ORDER BY c
	Unique  (cost=374.00..374.48 rows=96 width=121)
	  ->  Sort  (cost=374.00..374.24 rows=96 width=121)
	        Sort Key: c
	        ->  Index Scan using sbtest7_pkey on sbtest7  (cost=0.43..370.84 rows=96 width=121)
	              Index Cond: ((id >= 8021814) AND (id <= 8021913))

table 8 : explain SELECT DISTINCT c FROM sbtest8 WHERE id BETWEEN 3331318 AND 3331417 ORDER BY c
	Unique  (cost=367.18..367.65 rows=94 width=121)
	  ->  Sort  (cost=367.18..367.42 rows=94 width=121)
	        Sort Key: c
	        ->  Index Scan using sbtest8_pkey on sbtest8  (cost=0.43..364.10 rows=94 width=121)
	              Index Cond: ((id >= 3331318) AND (id <= 3331417))

for point_selects
table 1 : explain SELECT c FROM sbtest1 WHERE id=8917644
	Index Scan using sbtest1_pkey on sbtest1  (cost=0.43..8.45 rows=1 width=121)
	  Index Cond: (id = 8917644)

table 2 : explain SELECT c FROM sbtest2 WHERE id=2319443
	Index Scan using sbtest2_pkey on sbtest2  (cost=0.43..8.45 rows=1 width=121)
	  Index Cond: (id = 2319443)

table 3 : explain SELECT c FROM sbtest3 WHERE id=6937063
	Index Scan using sbtest3_pkey on sbtest3  (cost=0.43..8.45 rows=1 width=121)
	  Index Cond: (id = 6937063)

table 4 : explain SELECT c FROM sbtest4 WHERE id=2982445
	Index Scan using sbtest4_pkey on sbtest4  (cost=0.43..8.45 rows=1 width=121)
	  Index Cond: (id = 2982445)

table 5 : explain SELECT c FROM sbtest5 WHERE id=5214184
	Index Scan using sbtest5_pkey on sbtest5  (cost=0.43..8.45 rows=1 width=121)
	  Index Cond: (id = 5214184)

table 6 : explain SELECT c FROM sbtest6 WHERE id=4179603
	Index Scan using sbtest6_pkey on sbtest6  (cost=0.43..8.45 rows=1 width=121)
	  Index Cond: (id = 4179603)

table 7 : explain SELECT c FROM sbtest7 WHERE id=8104242
	Index Scan using sbtest7_pkey on sbtest7  (cost=0.43..8.45 rows=1 width=121)
	  Index Cond: (id = 8104242)

table 8 : explain SELECT c FROM sbtest8 WHERE id=1179171
	Index Scan using sbtest8_pkey on sbtest8  (cost=0.43..8.45 rows=1 width=121)
	  Index Cond: (id = 1179171)

for deletes
table 1 : explain DELETE FROM sbtest1 WHERE id=6127818
	Delete on sbtest1  (cost=0.43..8.45 rows=0 width=0)
	  ->  Index Scan using sbtest1_pkey on sbtest1  (cost=0.43..8.45 rows=1 width=6)
	        Index Cond: (id = 6127818)

table 2 : explain DELETE FROM sbtest2 WHERE id=6005439
	Delete on sbtest2  (cost=0.43..8.45 rows=0 width=0)
	  ->  Index Scan using sbtest2_pkey on sbtest2  (cost=0.43..8.45 rows=1 width=6)
	        Index Cond: (id = 6005439)

table 3 : explain DELETE FROM sbtest3 WHERE id=4982147
	Delete on sbtest3  (cost=0.43..8.45 rows=0 width=0)
	  ->  Index Scan using sbtest3_pkey on sbtest3  (cost=0.43..8.45 rows=1 width=6)
	        Index Cond: (id = 4982147)

table 4 : explain DELETE FROM sbtest4 WHERE id=2562251
	Delete on sbtest4  (cost=0.43..8.45 rows=0 width=0)
	  ->  Index Scan using sbtest4_pkey on sbtest4  (cost=0.43..8.45 rows=1 width=6)
	        Index Cond: (id = 2562251)

table 5 : explain DELETE FROM sbtest5 WHERE id=907527
	Delete on sbtest5  (cost=0.43..8.45 rows=0 width=0)
	  ->  Index Scan using sbtest5_pkey on sbtest5  (cost=0.43..8.45 rows=1 width=6)
	        Index Cond: (id = 907527)

table 6 : explain DELETE FROM sbtest6 WHERE id=4455126
	Delete on sbtest6  (cost=0.43..8.45 rows=0 width=0)
	  ->  Index Scan using sbtest6_pkey on sbtest6  (cost=0.43..8.45 rows=1 width=6)
	        Index Cond: (id = 4455126)

table 7 : explain DELETE FROM sbtest7 WHERE id=1308576
	Delete on sbtest7  (cost=0.43..8.45 rows=0 width=0)
	  ->  Index Scan using sbtest7_pkey on sbtest7  (cost=0.43..8.45 rows=1 width=6)
	        Index Cond: (id = 1308576)

table 8 : explain DELETE FROM sbtest8 WHERE id=754545
	Delete on sbtest8  (cost=0.43..8.45 rows=0 width=0)
	  ->  Index Scan using sbtest8_pkey on sbtest8  (cost=0.43..8.45 rows=1 width=6)
	        Index Cond: (id = 754545)

explain: for inserts :: explain INSERT INTO sbtest%u (id, k, c, pad) VALUES (%u, 13, 'foobar', 'foobar')
for: sum_ranges
table 1 : explain SELECT SUM(k) FROM sbtest1 WHERE id BETWEEN 4385130 AND 4385229
	Aggregate  (cost=348.51..348.52 rows=1 width=8)
	  ->  Index Scan using sbtest1_pkey on sbtest1  (cost=0.43..348.28 rows=90 width=4)
	        Index Cond: ((id >= 4385130) AND (id <= 4385229))

table 2 : explain SELECT SUM(k) FROM sbtest2 WHERE id BETWEEN 554575 AND 554674
	Aggregate  (cost=415.40..415.41 rows=1 width=8)
	  ->  Index Scan using sbtest2_pkey on sbtest2  (cost=0.43..415.13 rows=107 width=4)
	        Index Cond: ((id >= 554575) AND (id <= 554674))

table 3 : explain SELECT SUM(k) FROM sbtest3 WHERE id BETWEEN 5701946 AND 5702045
	Aggregate  (cost=401.14..401.15 rows=1 width=8)
	  ->  Index Scan using sbtest3_pkey on sbtest3  (cost=0.43..400.88 rows=104 width=4)
	        Index Cond: ((id >= 5701946) AND (id <= 5702045))

table 4 : explain SELECT SUM(k) FROM sbtest4 WHERE id BETWEEN 414947 AND 415046
	Aggregate  (cost=363.58..363.59 rows=1 width=8)
	  ->  Index Scan using sbtest4_pkey on sbtest4  (cost=0.43..363.34 rows=94 width=4)
	        Index Cond: ((id >= 414947) AND (id <= 415046))

table 5 : explain SELECT SUM(k) FROM sbtest5 WHERE id BETWEEN 7510914 AND 7511013
	Aggregate  (cost=373.34..373.35 rows=1 width=8)
	  ->  Index Scan using sbtest5_pkey on sbtest5  (cost=0.43..373.10 rows=97 width=4)
	        Index Cond: ((id >= 7510914) AND (id <= 7511013))

table 6 : explain SELECT SUM(k) FROM sbtest6 WHERE id BETWEEN 8579334 AND 8579433
	Aggregate  (cost=383.51..383.52 rows=1 width=8)
	  ->  Index Scan using sbtest6_pkey on sbtest6  (cost=0.43..383.26 rows=99 width=4)
	        Index Cond: ((id >= 8579334) AND (id <= 8579433))

table 7 : explain SELECT SUM(k) FROM sbtest7 WHERE id BETWEEN 6451045 AND 6451144
	Aggregate  (cost=390.16..390.17 rows=1 width=8)
	  ->  Index Scan using sbtest7_pkey on sbtest7  (cost=0.43..389.91 rows=101 width=4)
	        Index Cond: ((id >= 6451045) AND (id <= 6451144))

table 8 : explain SELECT SUM(k) FROM sbtest8 WHERE id BETWEEN 5218353 AND 5218452
	Aggregate  (cost=387.29..387.30 rows=1 width=8)
	  ->  Index Scan using sbtest8_pkey on sbtest8  (cost=0.43..387.04 rows=100 width=4)
	        Index Cond: ((id >= 5218353) AND (id <= 5218452))

explain: for inserts :: explain INSERT INTO sbtest%u (id, k, c, pad) VALUES (%u, 13, 'foobar', 'foobar')
explain: for index_updates :: explain UPDATE sbtest%u SET k=k+1 WHERE id=%u
for: sum_ranges
table 1 : explain SELECT SUM(k) FROM sbtest1 WHERE id BETWEEN 6972865 AND 6972964
	Aggregate  (cost=432.59..432.60 rows=1 width=8)
	  ->  Index Scan using sbtest1_pkey on sbtest1  (cost=0.43..432.31 rows=112 width=4)
	        Index Cond: ((id >= 6972865) AND (id <= 6972964))

table 2 : explain SELECT SUM(k) FROM sbtest2 WHERE id BETWEEN 3824331 AND 3824430
	Aggregate  (cost=400.05..400.06 rows=1 width=8)
	  ->  Index Scan using sbtest2_pkey on sbtest2  (cost=0.43..399.79 rows=103 width=4)
	        Index Cond: ((id >= 3824331) AND (id <= 3824430))

table 3 : explain SELECT SUM(k) FROM sbtest3 WHERE id BETWEEN 4822604 AND 4822703
	Aggregate  (cost=378.27..378.28 rows=1 width=8)
	  ->  Index Scan using sbtest3_pkey on sbtest3  (cost=0.43..378.03 rows=98 width=4)
	        Index Cond: ((id >= 4822604) AND (id <= 4822703))

table 4 : explain SELECT SUM(k) FROM sbtest4 WHERE id BETWEEN 6086086 AND 6086185
	Aggregate  (cost=409.38..409.39 rows=1 width=8)
	  ->  Index Scan using sbtest4_pkey on sbtest4  (cost=0.43..409.11 rows=106 width=4)
	        Index Cond: ((id >= 6086086) AND (id <= 6086185))

table 5 : explain SELECT SUM(k) FROM sbtest5 WHERE id BETWEEN 7399536 AND 7399635
	Aggregate  (cost=399.94..399.95 rows=1 width=8)
	  ->  Index Scan using sbtest5_pkey on sbtest5  (cost=0.43..399.68 rows=104 width=4)
	        Index Cond: ((id >= 7399536) AND (id <= 7399635))

table 6 : explain SELECT SUM(k) FROM sbtest6 WHERE id BETWEEN 1747517 AND 1747616
	Aggregate  (cost=345.20..345.21 rows=1 width=8)
	  ->  Index Scan using sbtest6_pkey on sbtest6  (cost=0.43..344.98 rows=89 width=4)
	        Index Cond: ((id >= 1747517) AND (id <= 1747616))

table 7 : explain SELECT SUM(k) FROM sbtest7 WHERE id BETWEEN 1849983 AND 1850082
	Aggregate  (cost=374.90..374.91 rows=1 width=8)
	  ->  Index Scan using sbtest7_pkey on sbtest7  (cost=0.43..374.65 rows=97 width=4)
	        Index Cond: ((id >= 1849983) AND (id <= 1850082))

table 8 : explain SELECT SUM(k) FROM sbtest8 WHERE id BETWEEN 4658910 AND 4659009
	Aggregate  (cost=398.76..398.77 rows=1 width=8)
	  ->  Index Scan using sbtest8_pkey on sbtest8  (cost=0.43..398.51 rows=103 width=4)
	        Index Cond: ((id >= 4658910) AND (id <= 4659009))

for: sum_ranges
table 1 : explain SELECT SUM(k) FROM sbtest1 WHERE id BETWEEN 5051915 AND 5052014
	Aggregate  (cost=367.66..367.67 rows=1 width=8)
	  ->  Index Scan using sbtest1_pkey on sbtest1  (cost=0.43..367.42 rows=95 width=4)
	        Index Cond: ((id >= 5051915) AND (id <= 5052014))

table 2 : explain SELECT SUM(k) FROM sbtest2 WHERE id BETWEEN 6110326 AND 6110425
	Aggregate  (cost=396.21..396.22 rows=1 width=8)
	  ->  Index Scan using sbtest2_pkey on sbtest2  (cost=0.43..395.95 rows=102 width=4)
	        Index Cond: ((id >= 6110326) AND (id <= 6110425))

table 3 : explain SELECT SUM(k) FROM sbtest3 WHERE id BETWEEN 6750898 AND 6750997
	Aggregate  (cost=397.33..397.34 rows=1 width=8)
	  ->  Index Scan using sbtest3_pkey on sbtest3  (cost=0.43..397.07 rows=103 width=4)
	        Index Cond: ((id >= 6750898) AND (id <= 6750997))

table 4 : explain SELECT SUM(k) FROM sbtest4 WHERE id BETWEEN 1938203 AND 1938302
	Aggregate  (cost=439.91..439.92 rows=1 width=8)
	  ->  Index Scan using sbtest4_pkey on sbtest4  (cost=0.43..439.63 rows=114 width=4)
	        Index Cond: ((id >= 1938203) AND (id <= 1938302))

table 5 : explain SELECT SUM(k) FROM sbtest5 WHERE id BETWEEN 2631397 AND 2631496
	Aggregate  (cost=384.74..384.75 rows=1 width=8)
	  ->  Index Scan using sbtest5_pkey on sbtest5  (cost=0.43..384.49 rows=100 width=4)
	        Index Cond: ((id >= 2631397) AND (id <= 2631496))

table 6 : explain SELECT SUM(k) FROM sbtest6 WHERE id BETWEEN 1544815 AND 1544914
	Aggregate  (cost=391.16..391.17 rows=1 width=8)
	  ->  Index Scan using sbtest6_pkey on sbtest6  (cost=0.43..390.91 rows=101 width=4)
	        Index Cond: ((id >= 1544815) AND (id <= 1544914))

table 7 : explain SELECT SUM(k) FROM sbtest7 WHERE id BETWEEN 4450334 AND 4450433
	Aggregate  (cost=386.34..386.35 rows=1 width=8)
	  ->  Index Scan using sbtest7_pkey on sbtest7  (cost=0.43..386.09 rows=100 width=4)
	        Index Cond: ((id >= 4450334) AND (id <= 4450433))

table 8 : explain SELECT SUM(k) FROM sbtest8 WHERE id BETWEEN 8887373 AND 8887472
	Aggregate  (cost=387.29..387.30 rows=1 width=8)
	  ->  Index Scan using sbtest8_pkey on sbtest8  (cost=0.43..387.04 rows=100 width=4)
	        Index Cond: ((id >= 8887373) AND (id <= 8887472))

for: sum_ranges
table 1 : explain SELECT SUM(k) FROM sbtest1 WHERE id BETWEEN 4634838 AND 4634937
	Aggregate  (cost=413.49..413.50 rows=1 width=8)
	  ->  Index Scan using sbtest1_pkey on sbtest1  (cost=0.43..413.22 rows=107 width=4)
	        Index Cond: ((id >= 4634838) AND (id <= 4634937))

table 2 : explain SELECT SUM(k) FROM sbtest2 WHERE id BETWEEN 8713954 AND 8714053
	Aggregate  (cost=469.13..469.14 rows=1 width=8)
	  ->  Index Scan using sbtest2_pkey on sbtest2  (cost=0.43..468.82 rows=121 width=4)
	        Index Cond: ((id >= 8713954) AND (id <= 8714053))

table 3 : explain SELECT SUM(k) FROM sbtest3 WHERE id BETWEEN 9013915 AND 9014014
	Aggregate  (cost=359.17..359.18 rows=1 width=8)
	  ->  Index Scan using sbtest3_pkey on sbtest3  (cost=0.43..358.93 rows=93 width=4)
	        Index Cond: ((id >= 9013915) AND (id <= 9014014))

table 4 : explain SELECT SUM(k) FROM sbtest4 WHERE id BETWEEN 9414343 AND 9414442
	Aggregate  (cost=359.76..359.77 rows=1 width=8)
	  ->  Index Scan using sbtest4_pkey on sbtest4  (cost=0.43..359.53 rows=93 width=4)
	        Index Cond: ((id >= 9414343) AND (id <= 9414442))

table 5 : explain SELECT SUM(k) FROM sbtest5 WHERE id BETWEEN 5785133 AND 5785232
	Aggregate  (cost=399.94..399.95 rows=1 width=8)
	  ->  Index Scan using sbtest5_pkey on sbtest5  (cost=0.43..399.68 rows=104 width=4)
	        Index Cond: ((id >= 5785133) AND (id <= 5785232))

table 6 : explain SELECT SUM(k) FROM sbtest6 WHERE id BETWEEN 1473308 AND 1473407
	Aggregate  (cost=364.38..364.39 rows=1 width=8)
	  ->  Index Scan using sbtest6_pkey on sbtest6  (cost=0.43..364.15 rows=94 width=4)
	        Index Cond: ((id >= 1473308) AND (id <= 1473407))

table 7 : explain SELECT SUM(k) FROM sbtest7 WHERE id BETWEEN 3732028 AND 3732127
	Aggregate  (cost=405.42..405.43 rows=1 width=8)
	  ->  Index Scan using sbtest7_pkey on sbtest7  (cost=0.43..405.16 rows=105 width=4)
	        Index Cond: ((id >= 3732028) AND (id <= 3732127))

table 8 : explain SELECT SUM(k) FROM sbtest8 WHERE id BETWEEN 748158 AND 748257
	Aggregate  (cost=402.59..402.60 rows=1 width=8)
	  ->  Index Scan using sbtest8_pkey on sbtest8  (cost=0.43..402.33 rows=104 width=4)
	        Index Cond: ((id >= 748158) AND (id <= 748257))

for inserts
table 1 : explain INSERT INTO sbtest1 (id, k, c, pad) VALUES (2825913, 13, 'foobar', 'foobar')
	Insert on sbtest1  (cost=0.00..0.01 rows=0 width=0)
	  ->  Result  (cost=0.00..0.01 rows=1 width=736)

table 2 : explain INSERT INTO sbtest2 (id, k, c, pad) VALUES (4732967, 13, 'foobar', 'foobar')
	Insert on sbtest2  (cost=0.00..0.01 rows=0 width=0)
	  ->  Result  (cost=0.00..0.01 rows=1 width=736)

table 3 : explain INSERT INTO sbtest3 (id, k, c, pad) VALUES (9057828, 13, 'foobar', 'foobar')
	Insert on sbtest3  (cost=0.00..0.01 rows=0 width=0)
	  ->  Result  (cost=0.00..0.01 rows=1 width=736)

table 4 : explain INSERT INTO sbtest4 (id, k, c, pad) VALUES (50459, 13, 'foobar', 'foobar')
	Insert on sbtest4  (cost=0.00..0.01 rows=0 width=0)
	  ->  Result  (cost=0.00..0.01 rows=1 width=736)

table 5 : explain INSERT INTO sbtest5 (id, k, c, pad) VALUES (1901500, 13, 'foobar', 'foobar')
	Insert on sbtest5  (cost=0.00..0.01 rows=0 width=0)
	  ->  Result  (cost=0.00..0.01 rows=1 width=736)

table 6 : explain INSERT INTO sbtest6 (id, k, c, pad) VALUES (8056976, 13, 'foobar', 'foobar')
	Insert on sbtest6  (cost=0.00..0.01 rows=0 width=0)
	  ->  Result  (cost=0.00..0.01 rows=1 width=736)

table 7 : explain INSERT INTO sbtest7 (id, k, c, pad) VALUES (5303860, 13, 'foobar', 'foobar')
	Insert on sbtest7  (cost=0.00..0.01 rows=0 width=0)
	  ->  Result  (cost=0.00..0.01 rows=1 width=736)

table 8 : explain INSERT INTO sbtest8 (id, k, c, pad) VALUES (5394361, 13, 'foobar', 'foobar')
	Insert on sbtest8  (cost=0.00..0.01 rows=0 width=0)
	  ->  Result  (cost=0.00..0.01 rows=1 width=736)

for non_index_updates
table 1 : explain UPDATE sbtest1 SET c='foobar' WHERE id=1468683
	Update on sbtest1  (cost=0.43..8.45 rows=0 width=0)
	  ->  Index Scan using sbtest1_pkey on sbtest1  (cost=0.43..8.45 rows=1 width=490)
	        Index Cond: (id = 1468683)

table 2 : explain UPDATE sbtest2 SET c='foobar' WHERE id=6559958
	Update on sbtest2  (cost=0.43..8.45 rows=0 width=0)
	  ->  Index Scan using sbtest2_pkey on sbtest2  (cost=0.43..8.45 rows=1 width=490)
	        Index Cond: (id = 6559958)

table 3 : explain UPDATE sbtest3 SET c='foobar' WHERE id=1138883
	Update on sbtest3  (cost=0.43..8.45 rows=0 width=0)
	  ->  Index Scan using sbtest3_pkey on sbtest3  (cost=0.43..8.45 rows=1 width=490)
	        Index Cond: (id = 1138883)

table 4 : explain UPDATE sbtest4 SET c='foobar' WHERE id=1210411
	Update on sbtest4  (cost=0.43..8.45 rows=0 width=0)
	  ->  Index Scan using sbtest4_pkey on sbtest4  (cost=0.43..8.45 rows=1 width=490)
	        Index Cond: (id = 1210411)

table 5 : explain UPDATE sbtest5 SET c='foobar' WHERE id=852017
	Update on sbtest5  (cost=0.43..8.45 rows=0 width=0)
	  ->  Index Scan using sbtest5_pkey on sbtest5  (cost=0.43..8.45 rows=1 width=490)
	        Index Cond: (id = 852017)

table 6 : explain UPDATE sbtest6 SET c='foobar' WHERE id=5601826
	Update on sbtest6  (cost=0.43..8.45 rows=0 width=0)
	  ->  Index Scan using sbtest6_pkey on sbtest6  (cost=0.43..8.45 rows=1 width=490)
	        Index Cond: (id = 5601826)

table 7 : explain UPDATE sbtest7 SET c='foobar' WHERE id=652092
	Update on sbtest7  (cost=0.43..8.45 rows=0 width=0)
	  ->  Index Scan using sbtest7_pkey on sbtest7  (cost=0.43..8.45 rows=1 width=490)
	        Index Cond: (id = 652092)

table 8 : explain UPDATE sbtest8 SET c='foobar' WHERE id=4037014
	Update on sbtest8  (cost=0.43..8.45 rows=0 width=0)
	  ->  Index Scan using sbtest8_pkey on sbtest8  (cost=0.43..8.45 rows=1 width=490)
	        Index Cond: (id = 4037014)

for: sum_ranges
table 1 : explain SELECT SUM(k) FROM sbtest1 WHERE id BETWEEN 8935605 AND 8935704
	Aggregate  (cost=405.85..405.86 rows=1 width=8)
	  ->  Index Scan using sbtest1_pkey on sbtest1  (cost=0.43..405.59 rows=105 width=4)
	        Index Cond: ((id >= 8935605) AND (id <= 8935704))

table 2 : explain SELECT SUM(k) FROM sbtest2 WHERE id BETWEEN 2618410 AND 2618509
	Aggregate  (cost=338.60..338.61 rows=1 width=8)
	  ->  Index Scan using sbtest2_pkey on sbtest2  (cost=0.43..338.38 rows=87 width=4)
	        Index Cond: ((id >= 2618410) AND (id <= 2618509))

table 3 : explain SELECT SUM(k) FROM sbtest3 WHERE id BETWEEN 5881391 AND 5881490
	Aggregate  (cost=374.46..374.47 rows=1 width=8)
	  ->  Index Scan using sbtest3_pkey on sbtest3  (cost=0.43..374.22 rows=97 width=4)
	        Index Cond: ((id >= 5881391) AND (id <= 5881490))

table 4 : explain SELECT SUM(k) FROM sbtest4 WHERE id BETWEEN 9761124 AND 9761223
	Aggregate  (cost=397.93..397.94 rows=1 width=8)
	  ->  Index Scan using sbtest4_pkey on sbtest4  (cost=0.43..397.67 rows=103 width=4)
	        Index Cond: ((id >= 9761124) AND (id <= 9761223))

table 5 : explain SELECT SUM(k) FROM sbtest5 WHERE id BETWEEN 3584978 AND 3585077
	Aggregate  (cost=377.14..377.15 rows=1 width=8)
	  ->  Index Scan using sbtest5_pkey on sbtest5  (cost=0.43..376.90 rows=98 width=4)
	        Index Cond: ((id >= 3584978) AND (id <= 3585077))

table 6 : explain SELECT SUM(k) FROM sbtest6 WHERE id BETWEEN 3833512 AND 3833611
	Aggregate  (cost=425.59..425.60 rows=1 width=8)
	  ->  Index Scan using sbtest6_pkey on sbtest6  (cost=0.43..425.31 rows=110 width=4)
	        Index Cond: ((id >= 3833512) AND (id <= 3833611))

table 7 : explain SELECT SUM(k) FROM sbtest7 WHERE id BETWEEN 4344636 AND 4344735
	Aggregate  (cost=359.58..359.59 rows=1 width=8)
	  ->  Index Scan using sbtest7_pkey on sbtest7  (cost=0.43..359.35 rows=93 width=4)
	        Index Cond: ((id >= 4344636) AND (id <= 4344735))

table 8 : explain SELECT SUM(k) FROM sbtest8 WHERE id BETWEEN 5368833 AND 5368932
	Aggregate  (cost=371.99..372.00 rows=1 width=8)
	  ->  Index Scan using sbtest8_pkey on sbtest8  (cost=0.43..371.75 rows=96 width=4)
	        Index Cond: ((id >= 5368833) AND (id <= 5368932))

explain: for inserts :: explain INSERT INTO sbtest%u (id, k, c, pad) VALUES (%u, 13, 'foobar', 'foobar')
for: sum_ranges
table 1 : explain SELECT SUM(k) FROM sbtest1 WHERE id BETWEEN 7593765 AND 7593864
	Aggregate  (cost=363.84..363.85 rows=1 width=8)
	  ->  Index Scan using sbtest1_pkey on sbtest1  (cost=0.43..363.60 rows=94 width=4)
	        Index Cond: ((id >= 7593765) AND (id <= 7593864))

table 2 : explain SELECT SUM(k) FROM sbtest2 WHERE id BETWEEN 4563304 AND 4563403
	Aggregate  (cost=346.27..346.28 rows=1 width=8)
	  ->  Index Scan using sbtest2_pkey on sbtest2  (cost=0.43..346.05 rows=89 width=4)
	        Index Cond: ((id >= 4563304) AND (id <= 4563403))

table 3 : explain SELECT SUM(k) FROM sbtest3 WHERE id BETWEEN 1740810 AND 1740909
	Aggregate  (cost=347.73..347.74 rows=1 width=8)
	  ->  Index Scan using sbtest3_pkey on sbtest3  (cost=0.43..347.51 rows=90 width=4)
	        Index Cond: ((id >= 1740810) AND (id <= 1740909))

table 4 : explain SELECT SUM(k) FROM sbtest4 WHERE id BETWEEN 3815709 AND 3815808
	Aggregate  (cost=405.56..405.57 rows=1 width=8)
	  ->  Index Scan using sbtest4_pkey on sbtest4  (cost=0.43..405.30 rows=105 width=4)
	        Index Cond: ((id >= 3815709) AND (id <= 3815808))

table 5 : explain SELECT SUM(k) FROM sbtest5 WHERE id BETWEEN 4192037 AND 4192136
	Aggregate  (cost=377.14..377.15 rows=1 width=8)
	  ->  Index Scan using sbtest5_pkey on sbtest5  (cost=0.43..376.90 rows=98 width=4)
	        Index Cond: ((id >= 4192037) AND (id <= 4192136))

table 6 : explain SELECT SUM(k) FROM sbtest6 WHERE id BETWEEN 469140 AND 469239
	Aggregate  (cost=387.33..387.34 rows=1 width=8)
	  ->  Index Scan using sbtest6_pkey on sbtest6  (cost=0.43..387.08 rows=100 width=4)
	        Index Cond: ((id >= 469140) AND (id <= 469239))

table 7 : explain SELECT SUM(k) FROM sbtest7 WHERE id BETWEEN 3588262 AND 3588361
	Aggregate  (cost=348.14..348.15 rows=1 width=8)
	  ->  Index Scan using sbtest7_pkey on sbtest7  (cost=0.43..347.91 rows=90 width=4)
	        Index Cond: ((id >= 3588262) AND (id <= 3588361))

table 8 : explain SELECT SUM(k) FROM sbtest8 WHERE id BETWEEN 6155296 AND 6155395
	Aggregate  (cost=429.36..429.37 rows=1 width=8)
	  ->  Index Scan using sbtest8_pkey on sbtest8  (cost=0.43..429.09 rows=111 width=4)
	        Index Cond: ((id >= 6155296) AND (id <= 6155395))

for index_updates
table 1 : explain UPDATE sbtest1 SET k=k+1 WHERE id=9175902
	Update on sbtest1  (cost=0.43..8.46 rows=0 width=0)
	  ->  Index Scan using sbtest1_pkey on sbtest1  (cost=0.43..8.46 rows=1 width=10)
	        Index Cond: (id = 9175902)

table 2 : explain UPDATE sbtest2 SET k=k+1 WHERE id=6891880
	Update on sbtest2  (cost=0.43..8.46 rows=0 width=0)
	  ->  Index Scan using sbtest2_pkey on sbtest2  (cost=0.43..8.46 rows=1 width=10)
	        Index Cond: (id = 6891880)

table 3 : explain UPDATE sbtest3 SET k=k+1 WHERE id=525380
	Update on sbtest3  (cost=0.43..8.46 rows=0 width=0)
	  ->  Index Scan using sbtest3_pkey on sbtest3  (cost=0.43..8.46 rows=1 width=10)
	        Index Cond: (id = 525380)

table 4 : explain UPDATE sbtest4 SET k=k+1 WHERE id=9839787
	Update on sbtest4  (cost=0.43..8.46 rows=0 width=0)
	  ->  Index Scan using sbtest4_pkey on sbtest4  (cost=0.43..8.46 rows=1 width=10)
	        Index Cond: (id = 9839787)

table 5 : explain UPDATE sbtest5 SET k=k+1 WHERE id=823471
	Update on sbtest5  (cost=0.43..8.46 rows=0 width=0)
	  ->  Index Scan using sbtest5_pkey on sbtest5  (cost=0.43..8.46 rows=1 width=10)
	        Index Cond: (id = 823471)

table 6 : explain UPDATE sbtest6 SET k=k+1 WHERE id=9621773
	Update on sbtest6  (cost=0.43..8.46 rows=0 width=0)
	  ->  Index Scan using sbtest6_pkey on sbtest6  (cost=0.43..8.46 rows=1 width=10)
	        Index Cond: (id = 9621773)

table 7 : explain UPDATE sbtest7 SET k=k+1 WHERE id=1335300
	Update on sbtest7  (cost=0.43..8.46 rows=0 width=0)
	  ->  Index Scan using sbtest7_pkey on sbtest7  (cost=0.43..8.46 rows=1 width=10)
	        Index Cond: (id = 1335300)

table 8 : explain UPDATE sbtest8 SET k=k+1 WHERE id=6053419
	Update on sbtest8  (cost=0.43..8.46 rows=0 width=0)
	  ->  Index Scan using sbtest8_pkey on sbtest8  (cost=0.43..8.46 rows=1 width=10)
	        Index Cond: (id = 6053419)

explain: for inserts :: explain INSERT INTO sbtest%u (id, k, c, pad) VALUES (%u, 13, 'foobar', 'foobar')
for: simple_ranges
table 1 : explain SELECT c FROM sbtest1 WHERE id BETWEEN 9993904 AND 9994003
	Index Scan using sbtest1_pkey on sbtest1  (cost=0.43..382.69 rows=99 width=121)
	  Index Cond: ((id >= 9993904) AND (id <= 9994003))

table 2 : explain SELECT c FROM sbtest2 WHERE id BETWEEN 6426198 AND 6426297
	Index Scan using sbtest2_pkey on sbtest2  (cost=0.43..426.64 rows=110 width=121)
	  Index Cond: ((id >= 6426198) AND (id <= 6426297))

table 3 : explain SELECT c FROM sbtest3 WHERE id BETWEEN 7707794 AND 7707893
	Index Scan using sbtest3_pkey on sbtest3  (cost=0.43..374.22 rows=97 width=121)
	  Index Cond: ((id >= 7707794) AND (id <= 7707893))

table 4 : explain SELECT c FROM sbtest4 WHERE id BETWEEN 4724671 AND 4724770
	Index Scan using sbtest4_pkey on sbtest4  (cost=0.43..416.74 rows=108 width=121)
	  Index Cond: ((id >= 4724671) AND (id <= 4724770))

table 5 : explain SELECT c FROM sbtest5 WHERE id BETWEEN 6050209 AND 6050308
	Index Scan using sbtest5_pkey on sbtest5  (cost=0.43..422.46 rows=110 width=121)
	  Index Cond: ((id >= 6050209) AND (id <= 6050308))

table 6 : explain SELECT c FROM sbtest6 WHERE id BETWEEN 9002306 AND 9002405
	Index Scan using sbtest6_pkey on sbtest6  (cost=0.43..410.02 rows=106 width=121)
	  Index Cond: ((id >= 9002306) AND (id <= 9002405))

table 7 : explain SELECT c FROM sbtest7 WHERE id BETWEEN 2220883 AND 2220982
	Index Scan using sbtest7_pkey on sbtest7  (cost=0.43..408.97 rows=106 width=121)
	  Index Cond: ((id >= 2220883) AND (id <= 2220982))

table 8 : explain SELECT c FROM sbtest8 WHERE id BETWEEN 20526 AND 20625
	Index Scan using sbtest8_pkey on sbtest8  (cost=0.43..394.68 rows=102 width=121)
	  Index Cond: ((id >= 20526) AND (id <= 20625))

explain: for point_selects :: explain SELECT c FROM sbtest%u WHERE id=%u
explain: for non_index_updates :: explain UPDATE sbtest%u SET c='foobar' WHERE id=%u
explain: for point_selects :: explain SELECT c FROM sbtest%u WHERE id=%u
for: order_ranges
table 1 : explain SELECT c FROM sbtest1 WHERE id BETWEEN 5824274 AND 5824373 ORDER BY c
	Sort  (cost=370.54..370.78 rows=95 width=121)
	  Sort Key: c
	  ->  Index Scan using sbtest1_pkey on sbtest1  (cost=0.43..367.42 rows=95 width=121)
	        Index Cond: ((id >= 5824274) AND (id <= 5824373))

table 2 : explain SELECT c FROM sbtest2 WHERE id BETWEEN 9349294 AND 9349393 ORDER BY c
	Sort  (cost=391.61..391.86 rows=100 width=121)
	  Sort Key: c
	  ->  Index Scan using sbtest2_pkey on sbtest2  (cost=0.43..388.28 rows=100 width=121)
	        Index Cond: ((id >= 9349294) AND (id <= 9349393))

table 3 : explain SELECT c FROM sbtest3 WHERE id BETWEEN 8850153 AND 8850252 ORDER BY c
	Sort  (cost=346.58..346.80 rows=89 width=121)
	  Sort Key: c
	  ->  Index Scan using sbtest3_pkey on sbtest3  (cost=0.43..343.70 rows=89 width=121)
	        Index Cond: ((id >= 8850153) AND (id <= 8850252))

table 4 : explain SELECT c FROM sbtest4 WHERE id BETWEEN 1720859 AND 1720958 ORDER BY c
	Sort  (cost=412.68..412.94 rows=106 width=121)
	  Sort Key: c
	  ->  Index Scan using sbtest4_pkey on sbtest4  (cost=0.43..409.11 rows=106 width=121)
	        Index Cond: ((id >= 1720859) AND (id <= 1720958))

table 5 : explain SELECT c FROM sbtest5 WHERE id BETWEEN 77806 AND 77905 ORDER BY c
	Sort  (cost=418.51..418.78 rows=108 width=121)
	  Sort Key: c
	  ->  Index Scan using sbtest5_pkey on sbtest5  (cost=0.43..414.87 rows=108 width=121)
	        Index Cond: ((id >= 77806) AND (id <= 77905))

table 6 : explain SELECT c FROM sbtest6 WHERE id BETWEEN 8290633 AND 8290732 ORDER BY c
	Sort  (cost=390.41..390.66 rows=100 width=121)
	  Sort Key: c
	  ->  Index Scan using sbtest6_pkey on sbtest6  (cost=0.43..387.08 rows=100 width=121)
	        Index Cond: ((id >= 8290633) AND (id <= 8290732))

table 7 : explain SELECT c FROM sbtest7 WHERE id BETWEEN 4059415 AND 4059514 ORDER BY c
	Sort  (cost=370.15..370.39 rows=95 width=121)
	  Sort Key: c
	  ->  Index Scan using sbtest7_pkey on sbtest7  (cost=0.43..367.03 rows=95 width=121)
	        Index Cond: ((id >= 4059415) AND (id <= 4059514))

table 8 : explain SELECT c FROM sbtest8 WHERE id BETWEEN 9474115 AND 9474214 ORDER BY c
	Sort  (cost=382.63..382.88 rows=98 width=121)
	  Sort Key: c
	  ->  Index Scan using sbtest8_pkey on sbtest8  (cost=0.43..379.39 rows=98 width=121)
	        Index Cond: ((id >= 9474115) AND (id <= 9474214))

explain: for point_selects :: explain SELECT c FROM sbtest%u WHERE id=%u
for: order_ranges
table 1 : explain SELECT c FROM sbtest1 WHERE id BETWEEN 6192603 AND 6192702 ORDER BY c
	Sort  (cost=370.54..370.78 rows=95 width=121)
	  Sort Key: c
	  ->  Index Scan using sbtest1_pkey on sbtest1  (cost=0.43..367.42 rows=95 width=121)
	        Index Cond: ((id >= 6192603) AND (id <= 6192702))

table 2 : explain SELECT c FROM sbtest2 WHERE id BETWEEN 7520949 AND 7521048 ORDER BY c
	Sort  (cost=364.43..364.66 rows=93 width=121)
	  Sort Key: c
	  ->  Index Scan using sbtest2_pkey on sbtest2  (cost=0.43..361.39 rows=93 width=121)
	        Index Cond: ((id >= 7520949) AND (id <= 7521048))

table 3 : explain SELECT c FROM sbtest3 WHERE id BETWEEN 764697 AND 764796 ORDER BY c
	Sort  (cost=408.21..408.48 rows=105 width=121)
	  Sort Key: c
	  ->  Index Scan using sbtest3_pkey on sbtest3  (cost=0.43..404.69 rows=105 width=121)
	        Index Cond: ((id >= 764697) AND (id <= 764796))

table 4 : explain SELECT c FROM sbtest4 WHERE id BETWEEN 2380174 AND 2380273 ORDER BY c
	Sort  (cost=374.13..374.37 rows=96 width=121)
	  Sort Key: c
	  ->  Index Scan using sbtest4_pkey on sbtest4  (cost=0.43..370.97 rows=96 width=121)
	        Index Cond: ((id >= 2380174) AND (id <= 2380273))

table 5 : explain SELECT c FROM sbtest5 WHERE id BETWEEN 2720326 AND 2720425 ORDER BY c
	Sort  (cost=399.33..399.58 rows=103 width=121)
	  Sort Key: c
	  ->  Index Scan using sbtest5_pkey on sbtest5  (cost=0.43..395.88 rows=103 width=121)
	        Index Cond: ((id >= 2720326) AND (id <= 2720425))

table 6 : explain SELECT c FROM sbtest6 WHERE id BETWEEN 2873388 AND 2873487 ORDER BY c
	Sort  (cost=382.68..382.92 rows=98 width=121)
	  Sort Key: c
	  ->  Index Scan using sbtest6_pkey on sbtest6  (cost=0.43..379.44 rows=98 width=121)
	        Index Cond: ((id >= 2873388) AND (id <= 2873487))

table 7 : explain SELECT c FROM sbtest7 WHERE id BETWEEN 8507051 AND 8507150 ORDER BY c
	Sort  (cost=358.54..358.77 rows=92 width=121)
	  Sort Key: c
	  ->  Index Scan using sbtest7_pkey on sbtest7  (cost=0.43..355.54 rows=92 width=121)
	        Index Cond: ((id >= 8507051) AND (id <= 8507150))

table 8 : explain SELECT c FROM sbtest8 WHERE id BETWEEN 3105969 AND 3106068 ORDER BY c
	Sort  (cost=382.63..382.88 rows=98 width=121)
	  Sort Key: c
	  ->  Index Scan using sbtest8_pkey on sbtest8  (cost=0.43..379.39 rows=98 width=121)
	        Index Cond: ((id >= 3105969) AND (id <= 3106068))

explain: for deletes :: explain DELETE FROM sbtest%u WHERE id=%u
for inserts
table 1 : explain INSERT INTO sbtest1 (id, k, c, pad) VALUES (3371111, 13, 'foobar', 'foobar')
	Insert on sbtest1  (cost=0.00..0.01 rows=0 width=0)
	  ->  Result  (cost=0.00..0.01 rows=1 width=736)

table 2 : explain INSERT INTO sbtest2 (id, k, c, pad) VALUES (1757110, 13, 'foobar', 'foobar')
	Insert on sbtest2  (cost=0.00..0.01 rows=0 width=0)
	  ->  Result  (cost=0.00..0.01 rows=1 width=736)

table 3 : explain INSERT INTO sbtest3 (id, k, c, pad) VALUES (7889518, 13, 'foobar', 'foobar')
	Insert on sbtest3  (cost=0.00..0.01 rows=0 width=0)
	  ->  Result  (cost=0.00..0.01 rows=1 width=736)

table 4 : explain INSERT INTO sbtest4 (id, k, c, pad) VALUES (3876511, 13, 'foobar', 'foobar')
	Insert on sbtest4  (cost=0.00..0.01 rows=0 width=0)
	  ->  Result  (cost=0.00..0.01 rows=1 width=736)

table 5 : explain INSERT INTO sbtest5 (id, k, c, pad) VALUES (9398433, 13, 'foobar', 'foobar')
	Insert on sbtest5  (cost=0.00..0.01 rows=0 width=0)
	  ->  Result  (cost=0.00..0.01 rows=1 width=736)

table 6 : explain INSERT INTO sbtest6 (id, k, c, pad) VALUES (9080295, 13, 'foobar', 'foobar')
	Insert on sbtest6  (cost=0.00..0.01 rows=0 width=0)
	  ->  Result  (cost=0.00..0.01 rows=1 width=736)

table 7 : explain INSERT INTO sbtest7 (id, k, c, pad) VALUES (4315142, 13, 'foobar', 'foobar')
	Insert on sbtest7  (cost=0.00..0.01 rows=0 width=0)
	  ->  Result  (cost=0.00..0.01 rows=1 width=736)

table 8 : explain INSERT INTO sbtest8 (id, k, c, pad) VALUES (8838795, 13, 'foobar', 'foobar')
	Insert on sbtest8  (cost=0.00..0.01 rows=0 width=0)
	  ->  Result  (cost=0.00..0.01 rows=1 width=736)

explain: for point_selects :: explain SELECT c FROM sbtest%u WHERE id=%u
for inserts
table 1 : explain INSERT INTO sbtest1 (id, k, c, pad) VALUES (8895086, 13, 'foobar', 'foobar')
	Insert on sbtest1  (cost=0.00..0.01 rows=0 width=0)
	  ->  Result  (cost=0.00..0.01 rows=1 width=736)

table 2 : explain INSERT INTO sbtest2 (id, k, c, pad) VALUES (3326188, 13, 'foobar', 'foobar')
	Insert on sbtest2  (cost=0.00..0.01 rows=0 width=0)
	  ->  Result  (cost=0.00..0.01 rows=1 width=736)

table 3 : explain INSERT INTO sbtest3 (id, k, c, pad) VALUES (6654533, 13, 'foobar', 'foobar')
	Insert on sbtest3  (cost=0.00..0.01 rows=0 width=0)
	  ->  Result  (cost=0.00..0.01 rows=1 width=736)

table 4 : explain INSERT INTO sbtest4 (id, k, c, pad) VALUES (7785455, 13, 'foobar', 'foobar')
	Insert on sbtest4  (cost=0.00..0.01 rows=0 width=0)
	  ->  Result  (cost=0.00..0.01 rows=1 width=736)

table 5 : explain INSERT INTO sbtest5 (id, k, c, pad) VALUES (4410227, 13, 'foobar', 'foobar')
	Insert on sbtest5  (cost=0.00..0.01 rows=0 width=0)
	  ->  Result  (cost=0.00..0.01 rows=1 width=736)

table 6 : explain INSERT INTO sbtest6 (id, k, c, pad) VALUES (7873319, 13, 'foobar', 'foobar')
	Insert on sbtest6  (cost=0.00..0.01 rows=0 width=0)
	  ->  Result  (cost=0.00..0.01 rows=1 width=736)

table 7 : explain INSERT INTO sbtest7 (id, k, c, pad) VALUES (9333390, 13, 'foobar', 'foobar')
	Insert on sbtest7  (cost=0.00..0.01 rows=0 width=0)
	  ->  Result  (cost=0.00..0.01 rows=1 width=736)

table 8 : explain INSERT INTO sbtest8 (id, k, c, pad) VALUES (6574641, 13, 'foobar', 'foobar')
	Insert on sbtest8  (cost=0.00..0.01 rows=0 width=0)
	  ->  Result  (cost=0.00..0.01 rows=1 width=736)

for non_index_updates
table 1 : explain UPDATE sbtest1 SET c='foobar' WHERE id=8446052
	Update on sbtest1  (cost=0.43..8.45 rows=0 width=0)
	  ->  Index Scan using sbtest1_pkey on sbtest1  (cost=0.43..8.45 rows=1 width=490)
	        Index Cond: (id = 8446052)

table 2 : explain UPDATE sbtest2 SET c='foobar' WHERE id=3661403
	Update on sbtest2  (cost=0.43..8.45 rows=0 width=0)
	  ->  Index Scan using sbtest2_pkey on sbtest2  (cost=0.43..8.45 rows=1 width=490)
	        Index Cond: (id = 3661403)

table 3 : explain UPDATE sbtest3 SET c='foobar' WHERE id=6145847
	Update on sbtest3  (cost=0.43..8.45 rows=0 width=0)
	  ->  Index Scan using sbtest3_pkey on sbtest3  (cost=0.43..8.45 rows=1 width=490)
	        Index Cond: (id = 6145847)

table 4 : explain UPDATE sbtest4 SET c='foobar' WHERE id=8075868
	Update on sbtest4  (cost=0.43..8.45 rows=0 width=0)
	  ->  Index Scan using sbtest4_pkey on sbtest4  (cost=0.43..8.45 rows=1 width=490)
	        Index Cond: (id = 8075868)

table 5 : explain UPDATE sbtest5 SET c='foobar' WHERE id=74756
	Update on sbtest5  (cost=0.43..8.45 rows=0 width=0)
	  ->  Index Scan using sbtest5_pkey on sbtest5  (cost=0.43..8.45 rows=1 width=490)
	        Index Cond: (id = 74756)

table 6 : explain UPDATE sbtest6 SET c='foobar' WHERE id=4970728
	Update on sbtest6  (cost=0.43..8.45 rows=0 width=0)
	  ->  Index Scan using sbtest6_pkey on sbtest6  (cost=0.43..8.45 rows=1 width=490)
	        Index Cond: (id = 4970728)

table 7 : explain UPDATE sbtest7 SET c='foobar' WHERE id=4136047
	Update on sbtest7  (cost=0.43..8.45 rows=0 width=0)
	  ->  Index Scan using sbtest7_pkey on sbtest7  (cost=0.43..8.45 rows=1 width=490)
	        Index Cond: (id = 4136047)

table 8 : explain UPDATE sbtest8 SET c='foobar' WHERE id=4160142
	Update on sbtest8  (cost=0.43..8.45 rows=0 width=0)
	  ->  Index Scan using sbtest8_pkey on sbtest8  (cost=0.43..8.45 rows=1 width=490)
	        Index Cond: (id = 4160142)

for: order_ranges
table 1 : explain SELECT c FROM sbtest1 WHERE id BETWEEN 9985926 AND 9986025 ORDER BY c
	Sort  (cost=385.97..386.22 rows=99 width=121)
	  Sort Key: c
	  ->  Index Scan using sbtest1_pkey on sbtest1  (cost=0.43..382.69 rows=99 width=121)
	        Index Cond: ((id >= 9985926) AND (id <= 9986025))

table 2 : explain SELECT c FROM sbtest2 WHERE id BETWEEN 2092922 AND 2093021 ORDER BY c
	Sort  (cost=383.85..384.10 rows=98 width=121)
	  Sort Key: c
	  ->  Index Scan using sbtest2_pkey on sbtest2  (cost=0.43..380.61 rows=98 width=121)
	        Index Cond: ((id >= 2092922) AND (id <= 2093021))

table 3 : explain SELECT c FROM sbtest3 WHERE id BETWEEN 1444987 AND 1445086 ORDER BY c
	Sort  (cost=404.36..404.62 rows=104 width=121)
	  Sort Key: c
	  ->  Index Scan using sbtest3_pkey on sbtest3  (cost=0.43..400.88 rows=104 width=121)
	        Index Cond: ((id >= 1444987) AND (id <= 1445086))

table 4 : explain SELECT c FROM sbtest4 WHERE id BETWEEN 2005091 AND 2005190 ORDER BY c
	Sort  (cost=370.28..370.51 rows=95 width=121)
	  Sort Key: c
	  ->  Index Scan using sbtest4_pkey on sbtest4  (cost=0.43..367.16 rows=95 width=121)
	        Index Cond: ((id >= 2005091) AND (id <= 2005190))

table 5 : explain SELECT c FROM sbtest5 WHERE id BETWEEN 5642386 AND 5642485 ORDER BY c
	Sort  (cost=395.49..395.74 rows=102 width=121)
	  Sort Key: c
	  ->  Index Scan using sbtest5_pkey on sbtest5  (cost=0.43..392.09 rows=102 width=121)
	        Index Cond: ((id >= 5642386) AND (id <= 5642485))

table 6 : explain SELECT c FROM sbtest6 WHERE id BETWEEN 7274173 AND 7274272 ORDER BY c
	Sort  (cost=378.82..379.06 rows=97 width=121)
	  Sort Key: c
	  ->  Index Scan using sbtest6_pkey on sbtest6  (cost=0.43..375.62 rows=97 width=121)
	        Index Cond: ((id >= 7274173) AND (id <= 7274272))

table 7 : explain SELECT c FROM sbtest7 WHERE id BETWEEN 6626211 AND 6626310 ORDER BY c
	Sort  (cost=385.56..385.81 rows=99 width=121)
	  Sort Key: c
	  ->  Index Scan using sbtest7_pkey on sbtest7  (cost=0.43..382.28 rows=99 width=121)
	        Index Cond: ((id >= 6626211) AND (id <= 6626310))

table 8 : explain SELECT c FROM sbtest8 WHERE id BETWEEN 752540 AND 752639 ORDER BY c
	Sort  (cost=405.81..406.07 rows=104 width=121)
	  Sort Key: c
	  ->  Index Scan using sbtest8_pkey on sbtest8  (cost=0.43..402.33 rows=104 width=121)
	        Index Cond: ((id >= 752540) AND (id <= 752639))

for inserts
table 1 : explain INSERT INTO sbtest1 (id, k, c, pad) VALUES (7678156, 13, 'foobar', 'foobar')
	Insert on sbtest1  (cost=0.00..0.01 rows=0 width=0)
	  ->  Result  (cost=0.00..0.01 rows=1 width=736)

table 2 : explain INSERT INTO sbtest2 (id, k, c, pad) VALUES (4073070, 13, 'foobar', 'foobar')
	Insert on sbtest2  (cost=0.00..0.01 rows=0 width=0)
	  ->  Result  (cost=0.00..0.01 rows=1 width=736)

table 3 : explain INSERT INTO sbtest3 (id, k, c, pad) VALUES (8830665, 13, 'foobar', 'foobar')
	Insert on sbtest3  (cost=0.00..0.01 rows=0 width=0)
	  ->  Result  (cost=0.00..0.01 rows=1 width=736)

table 4 : explain INSERT INTO sbtest4 (id, k, c, pad) VALUES (8028083, 13, 'foobar', 'foobar')
	Insert on sbtest4  (cost=0.00..0.01 rows=0 width=0)
	  ->  Result  (cost=0.00..0.01 rows=1 width=736)

table 5 : explain INSERT INTO sbtest5 (id, k, c, pad) VALUES (9022212, 13, 'foobar', 'foobar')
	Insert on sbtest5  (cost=0.00..0.01 rows=0 width=0)
	  ->  Result  (cost=0.00..0.01 rows=1 width=736)

table 6 : explain INSERT INTO sbtest6 (id, k, c, pad) VALUES (4008281, 13, 'foobar', 'foobar')
	Insert on sbtest6  (cost=0.00..0.01 rows=0 width=0)
	  ->  Result  (cost=0.00..0.01 rows=1 width=736)

table 7 : explain INSERT INTO sbtest7 (id, k, c, pad) VALUES (9489131, 13, 'foobar', 'foobar')
	Insert on sbtest7  (cost=0.00..0.01 rows=0 width=0)
	  ->  Result  (cost=0.00..0.01 rows=1 width=736)

table 8 : explain INSERT INTO sbtest8 (id, k, c, pad) VALUES (2100376, 13, 'foobar', 'foobar')
	Insert on sbtest8  (cost=0.00..0.01 rows=0 width=0)
	  ->  Result  (cost=0.00..0.01 rows=1 width=736)

for: order_ranges
table 1 : explain SELECT c FROM sbtest1 WHERE id BETWEEN 7783342 AND 7783441 ORDER BY c
	Sort  (cost=416.83..417.10 rows=107 width=121)
	  Sort Key: c
	  ->  Index Scan using sbtest1_pkey on sbtest1  (cost=0.43..413.22 rows=107 width=121)
	        Index Cond: ((id >= 7783342) AND (id <= 7783441))

table 2 : explain SELECT c FROM sbtest2 WHERE id BETWEEN 2636996 AND 2637095 ORDER BY c
	Sort  (cost=341.18..341.40 rows=87 width=121)
	  Sort Key: c
	  ->  Index Scan using sbtest2_pkey on sbtest2  (cost=0.43..338.38 rows=87 width=121)
	        Index Cond: ((id >= 2636996) AND (id <= 2637095))

table 3 : explain SELECT c FROM sbtest3 WHERE id BETWEEN 2955004 AND 2955103 ORDER BY c
	Sort  (cost=369.72..369.96 rows=95 width=121)
	  Sort Key: c
	  ->  Index Scan using sbtest3_pkey on sbtest3  (cost=0.43..366.60 rows=95 width=121)
	        Index Cond: ((id >= 2955004) AND (id <= 2955103))

table 4 : explain SELECT c FROM sbtest4 WHERE id BETWEEN 3151748 AND 3151847 ORDER BY c
	Sort  (cost=377.98..378.23 rows=97 width=121)
	  Sort Key: c
	  ->  Index Scan using sbtest4_pkey on sbtest4  (cost=0.43..374.78 rows=97 width=121)
	        Index Cond: ((id >= 3151748) AND (id <= 3151847))

table 5 : explain SELECT c FROM sbtest5 WHERE id BETWEEN 160486 AND 160585 ORDER BY c
	Sort  (cost=372.47..372.71 rows=96 width=121)
	  Sort Key: c
	  ->  Index Scan using sbtest5_pkey on sbtest5  (cost=0.43..369.31 rows=96 width=121)
	        Index Cond: ((id >= 160486) AND (id <= 160585))

table 6 : explain SELECT c FROM sbtest6 WHERE id BETWEEN 185716 AND 185815 ORDER BY c
	Sort  (cost=436.77..437.05 rows=112 width=121)
	  Sort Key: c
	  ->  Index Scan using sbtest6_pkey on sbtest6  (cost=0.43..432.96 rows=112 width=121)
	        Index Cond: ((id >= 185716) AND (id <= 185815))

table 7 : explain SELECT c FROM sbtest7 WHERE id BETWEEN 3392276 AND 3392375 ORDER BY c
	Sort  (cost=389.41..389.66 rows=100 width=121)
	  Sort Key: c
	  ->  Index Scan using sbtest7_pkey on sbtest7  (cost=0.43..386.09 rows=100 width=121)
	        Index Cond: ((id >= 3392276) AND (id <= 3392375))

table 8 : explain SELECT c FROM sbtest8 WHERE id BETWEEN 5094474 AND 5094573 ORDER BY c
	Sort  (cost=394.22..394.48 rows=101 width=121)
	  Sort Key: c
	  ->  Index Scan using sbtest8_pkey on sbtest8  (cost=0.43..390.86 rows=101 width=121)
	        Index Cond: ((id >= 5094474) AND (id <= 5094573))

explain: for deletes :: explain DELETE FROM sbtest%u WHERE id=%u
explain: for point_selects :: explain SELECT c FROM sbtest%u WHERE id=%u
for deletes
table 1 : explain DELETE FROM sbtest1 WHERE id=2798053
	Delete on sbtest1  (cost=0.43..8.45 rows=0 width=0)
	  ->  Index Scan using sbtest1_pkey on sbtest1  (cost=0.43..8.45 rows=1 width=6)
	        Index Cond: (id = 2798053)

table 2 : explain DELETE FROM sbtest2 WHERE id=4370754
	Delete on sbtest2  (cost=0.43..8.45 rows=0 width=0)
	  ->  Index Scan using sbtest2_pkey on sbtest2  (cost=0.43..8.45 rows=1 width=6)
	        Index Cond: (id = 4370754)

table 3 : explain DELETE FROM sbtest3 WHERE id=2512508
	Delete on sbtest3  (cost=0.43..8.45 rows=0 width=0)
	  ->  Index Scan using sbtest3_pkey on sbtest3  (cost=0.43..8.45 rows=1 width=6)
	        Index Cond: (id = 2512508)

table 4 : explain DELETE FROM sbtest4 WHERE id=3055453
	Delete on sbtest4  (cost=0.43..8.45 rows=0 width=0)
	  ->  Index Scan using sbtest4_pkey on sbtest4  (cost=0.43..8.45 rows=1 width=6)
	        Index Cond: (id = 3055453)

table 5 : explain DELETE FROM sbtest5 WHERE id=8101660
	Delete on sbtest5  (cost=0.43..8.45 rows=0 width=0)
	  ->  Index Scan using sbtest5_pkey on sbtest5  (cost=0.43..8.45 rows=1 width=6)
	        Index Cond: (id = 8101660)

table 6 : explain DELETE FROM sbtest6 WHERE id=4172592
	Delete on sbtest6  (cost=0.43..8.45 rows=0 width=0)
	  ->  Index Scan using sbtest6_pkey on sbtest6  (cost=0.43..8.45 rows=1 width=6)
	        Index Cond: (id = 4172592)

table 7 : explain DELETE FROM sbtest7 WHERE id=5346610
	Delete on sbtest7  (cost=0.43..8.45 rows=0 width=0)
	  ->  Index Scan using sbtest7_pkey on sbtest7  (cost=0.43..8.45 rows=1 width=6)
	        Index Cond: (id = 5346610)

table 8 : explain DELETE FROM sbtest8 WHERE id=2930539
	Delete on sbtest8  (cost=0.43..8.45 rows=0 width=0)
	  ->  Index Scan using sbtest8_pkey on sbtest8  (cost=0.43..8.45 rows=1 width=6)
	        Index Cond: (id = 2930539)

for: sum_ranges
table 1 : explain SELECT SUM(k) FROM sbtest1 WHERE id BETWEEN 6969430 AND 6969529
	Aggregate  (cost=432.59..432.60 rows=1 width=8)
	  ->  Index Scan using sbtest1_pkey on sbtest1  (cost=0.43..432.31 rows=112 width=4)
	        Index Cond: ((id >= 6969430) AND (id <= 6969529))

table 2 : explain SELECT SUM(k) FROM sbtest2 WHERE id BETWEEN 806187 AND 806286
	Aggregate  (cost=400.05..400.06 rows=1 width=8)
	  ->  Index Scan using sbtest2_pkey on sbtest2  (cost=0.43..399.79 rows=103 width=4)
	        Index Cond: ((id >= 806187) AND (id <= 806286))

table 3 : explain SELECT SUM(k) FROM sbtest3 WHERE id BETWEEN 675342 AND 675441
	Aggregate  (cost=401.14..401.15 rows=1 width=8)
	  ->  Index Scan using sbtest3_pkey on sbtest3  (cost=0.43..400.88 rows=104 width=4)
	        Index Cond: ((id >= 675342) AND (id <= 675441))

table 4 : explain SELECT SUM(k) FROM sbtest4 WHERE id BETWEEN 3044827 AND 3044926
	Aggregate  (cost=401.74..401.75 rows=1 width=8)
	  ->  Index Scan using sbtest4_pkey on sbtest4  (cost=0.43..401.48 rows=104 width=4)
	        Index Cond: ((id >= 3044827) AND (id <= 3044926))

table 5 : explain SELECT SUM(k) FROM sbtest5 WHERE id BETWEEN 370662 AND 370761
	Aggregate  (cost=396.14..396.15 rows=1 width=8)
	  ->  Index Scan using sbtest5_pkey on sbtest5  (cost=0.43..395.88 rows=103 width=4)
	        Index Cond: ((id >= 370662) AND (id <= 370761))

table 6 : explain SELECT SUM(k) FROM sbtest6 WHERE id BETWEEN 6081928 AND 6082027
	Aggregate  (cost=360.51..360.52 rows=1 width=8)
	  ->  Index Scan using sbtest6_pkey on sbtest6  (cost=0.43..360.27 rows=93 width=4)
	        Index Cond: ((id >= 6081928) AND (id <= 6082027))

table 7 : explain SELECT SUM(k) FROM sbtest7 WHERE id BETWEEN 9439124 AND 9439223
	Aggregate  (cost=397.79..397.80 rows=1 width=8)
	  ->  Index Scan using sbtest7_pkey on sbtest7  (cost=0.43..397.53 rows=103 width=4)
	        Index Cond: ((id >= 9439124) AND (id <= 9439223))

table 8 : explain SELECT SUM(k) FROM sbtest8 WHERE id BETWEEN 2994302 AND 2994401
	Aggregate  (cost=368.16..368.17 rows=1 width=8)
	  ->  Index Scan using sbtest8_pkey on sbtest8  (cost=0.43..367.93 rows=95 width=4)
	        Index Cond: ((id >= 2994302) AND (id <= 2994401))

for deletes
table 1 : explain DELETE FROM sbtest1 WHERE id=6544830
	Delete on sbtest1  (cost=0.43..8.45 rows=0 width=0)
	  ->  Index Scan using sbtest1_pkey on sbtest1  (cost=0.43..8.45 rows=1 width=6)
	        Index Cond: (id = 6544830)

table 2 : explain DELETE FROM sbtest2 WHERE id=5819385
	Delete on sbtest2  (cost=0.43..8.45 rows=0 width=0)
	  ->  Index Scan using sbtest2_pkey on sbtest2  (cost=0.43..8.45 rows=1 width=6)
	        Index Cond: (id = 5819385)

table 3 : explain DELETE FROM sbtest3 WHERE id=6673183
	Delete on sbtest3  (cost=0.43..8.45 rows=0 width=0)
	  ->  Index Scan using sbtest3_pkey on sbtest3  (cost=0.43..8.45 rows=1 width=6)
	        Index Cond: (id = 6673183)

table 4 : explain DELETE FROM sbtest4 WHERE id=9396282
	Delete on sbtest4  (cost=0.43..8.45 rows=0 width=0)
	  ->  Index Scan using sbtest4_pkey on sbtest4  (cost=0.43..8.45 rows=1 width=6)
	        Index Cond: (id = 9396282)

table 5 : explain DELETE FROM sbtest5 WHERE id=3989139
	Delete on sbtest5  (cost=0.43..8.45 rows=0 width=0)
	  ->  Index Scan using sbtest5_pkey on sbtest5  (cost=0.43..8.45 rows=1 width=6)
	        Index Cond: (id = 3989139)

table 6 : explain DELETE FROM sbtest6 WHERE id=7015219
	Delete on sbtest6  (cost=0.43..8.45 rows=0 width=0)
	  ->  Index Scan using sbtest6_pkey on sbtest6  (cost=0.43..8.45 rows=1 width=6)
	        Index Cond: (id = 7015219)

table 7 : explain DELETE FROM sbtest7 WHERE id=9566974
	Delete on sbtest7  (cost=0.43..8.45 rows=0 width=0)
	  ->  Index Scan using sbtest7_pkey on sbtest7  (cost=0.43..8.45 rows=1 width=6)
	        Index Cond: (id = 9566974)

table 8 : explain DELETE FROM sbtest8 WHERE id=4994383
	Delete on sbtest8  (cost=0.43..8.45 rows=0 width=0)
	  ->  Index Scan using sbtest8_pkey on sbtest8  (cost=0.43..8.45 rows=1 width=6)
	        Index Cond: (id = 4994383)

for: distinct_ranges
table 1 : explain SELECT DISTINCT c FROM sbtest1 WHERE id BETWEEN 7544566 AND 7544665 ORDER BY c
	Unique  (cost=366.68..367.15 rows=94 width=121)
	  ->  Sort  (cost=366.68..366.92 rows=94 width=121)
	        Sort Key: c
	        ->  Index Scan using sbtest1_pkey on sbtest1  (cost=0.43..363.60 rows=94 width=121)
	              Index Cond: ((id >= 7544566) AND (id <= 7544665))

table 2 : explain SELECT DISTINCT c FROM sbtest2 WHERE id BETWEEN 2484713 AND 2484812 ORDER BY c
	Unique  (cost=430.37..430.92 rows=110 width=121)
	  ->  Sort  (cost=430.37..430.64 rows=110 width=121)
	        Sort Key: c
	        ->  Index Scan using sbtest2_pkey on sbtest2  (cost=0.43..426.64 rows=110 width=121)
	              Index Cond: ((id >= 2484713) AND (id <= 2484812))

table 3 : explain SELECT DISTINCT c FROM sbtest3 WHERE id BETWEEN 7405402 AND 7405501 ORDER BY c
	Unique  (cost=377.42..377.91 rows=97 width=121)
	  ->  Sort  (cost=377.42..377.66 rows=97 width=121)
	        Sort Key: c
	        ->  Index Scan using sbtest3_pkey on sbtest3  (cost=0.43..374.22 rows=97 width=121)
	              Index Cond: ((id >= 7405402) AND (id <= 7405501))

table 4 : explain SELECT DISTINCT c FROM sbtest4 WHERE id BETWEEN 9339808 AND 9339907 ORDER BY c
	Unique  (cost=366.42..366.89 rows=94 width=121)
	  ->  Sort  (cost=366.42..366.66 rows=94 width=121)
	        Sort Key: c
	        ->  Index Scan using sbtest4_pkey on sbtest4  (cost=0.43..363.34 rows=94 width=121)
	              Index Cond: ((id >= 9339808) AND (id <= 9339907))

table 5 : explain SELECT DISTINCT c FROM sbtest5 WHERE id BETWEEN 8478009 AND 8478108 ORDER BY c
	Unique  (cost=403.16..403.68 rows=104 width=121)
	  ->  Sort  (cost=403.16..403.42 rows=104 width=121)
	        Sort Key: c
	        ->  Index Scan using sbtest5_pkey on sbtest5  (cost=0.43..399.68 rows=104 width=121)
	              Index Cond: ((id >= 8478009) AND (id <= 8478108))

table 6 : explain SELECT DISTINCT c FROM sbtest6 WHERE id BETWEEN 6666906 AND 6667005 ORDER BY c
	Unique  (cost=436.77..437.33 rows=112 width=121)
	  ->  Sort  (cost=436.77..437.05 rows=112 width=121)
	        Sort Key: c
	        ->  Index Scan using sbtest6_pkey on sbtest6  (cost=0.43..432.96 rows=112 width=121)
	              Index Cond: ((id >= 6666906) AND (id <= 6667005))

table 7 : explain SELECT DISTINCT c FROM sbtest7 WHERE id BETWEEN 5268585 AND 5268684 ORDER BY c
	Unique  (cost=385.56..386.06 rows=99 width=121)
	  ->  Sort  (cost=385.56..385.81 rows=99 width=121)
	        Sort Key: c
	        ->  Index Scan using sbtest7_pkey on sbtest7  (cost=0.43..382.28 rows=99 width=121)
	              Index Cond: ((id >= 5268585) AND (id <= 5268684))

table 8 : explain SELECT DISTINCT c FROM sbtest8 WHERE id BETWEEN 96280 AND 96379 ORDER BY c
	Unique  (cost=398.09..398.60 rows=102 width=121)
	  ->  Sort  (cost=398.09..398.34 rows=102 width=121)
	        Sort Key: c
	        ->  Index Scan using sbtest8_pkey on sbtest8  (cost=0.43..394.68 rows=102 width=121)
	              Index Cond: ((id >= 96280) AND (id <= 96379))

for point_selects
table 1 : explain SELECT c FROM sbtest1 WHERE id=1356310
	Index Scan using sbtest1_pkey on sbtest1  (cost=0.43..8.45 rows=1 width=121)
	  Index Cond: (id = 1356310)

table 2 : explain SELECT c FROM sbtest2 WHERE id=8934825
	Index Scan using sbtest2_pkey on sbtest2  (cost=0.43..8.45 rows=1 width=121)
	  Index Cond: (id = 8934825)

table 3 : explain SELECT c FROM sbtest3 WHERE id=1260394
	Index Scan using sbtest3_pkey on sbtest3  (cost=0.43..8.45 rows=1 width=121)
	  Index Cond: (id = 1260394)

table 4 : explain SELECT c FROM sbtest4 WHERE id=3252499
	Index Scan using sbtest4_pkey on sbtest4  (cost=0.43..8.45 rows=1 width=121)
	  Index Cond: (id = 3252499)

table 5 : explain SELECT c FROM sbtest5 WHERE id=4877739
	Index Scan using sbtest5_pkey on sbtest5  (cost=0.43..8.45 rows=1 width=121)
	  Index Cond: (id = 4877739)

table 6 : explain SELECT c FROM sbtest6 WHERE id=4337037
	Index Scan using sbtest6_pkey on sbtest6  (cost=0.43..8.45 rows=1 width=121)
	  Index Cond: (id = 4337037)

table 7 : explain SELECT c FROM sbtest7 WHERE id=2449735
	Index Scan using sbtest7_pkey on sbtest7  (cost=0.43..8.45 rows=1 width=121)
	  Index Cond: (id = 2449735)

table 8 : explain SELECT c FROM sbtest8 WHERE id=1775455
	Index Scan using sbtest8_pkey on sbtest8  (cost=0.43..8.45 rows=1 width=121)
	  Index Cond: (id = 1775455)

explain: for inserts :: explain INSERT INTO sbtest%u (id, k, c, pad) VALUES (%u, 13, 'foobar', 'foobar')
for: distinct_ranges
table 1 : explain SELECT DISTINCT c FROM sbtest1 WHERE id BETWEEN 6868707 AND 6868806 ORDER BY c
	Unique  (cost=397.54..398.05 rows=102 width=121)
	  ->  Sort  (cost=397.54..397.80 rows=102 width=121)
	        Sort Key: c
	        ->  Index Scan using sbtest1_pkey on sbtest1  (cost=0.43..394.14 rows=102 width=121)
	              Index Cond: ((id >= 6868707) AND (id <= 6868806))

table 2 : explain SELECT DISTINCT c FROM sbtest2 WHERE id BETWEEN 296735 AND 296834 ORDER BY c
	Unique  (cost=364.43..364.90 rows=93 width=121)
	  ->  Sort  (cost=364.43..364.66 rows=93 width=121)
	        Sort Key: c
	        ->  Index Scan using sbtest2_pkey on sbtest2  (cost=0.43..361.39 rows=93 width=121)
	              Index Cond: ((id >= 296735) AND (id <= 296834))

table 3 : explain SELECT DISTINCT c FROM sbtest3 WHERE id BETWEEN 9316361 AND 9316460 ORDER BY c
	Unique  (cost=385.12..385.61 rows=99 width=121)
	  ->  Sort  (cost=385.12..385.37 rows=99 width=121)
	        Sort Key: c
	        ->  Index Scan using sbtest3_pkey on sbtest3  (cost=0.43..381.84 rows=99 width=121)
	              Index Cond: ((id >= 9316361) AND (id <= 9316460))

table 4 : explain SELECT DISTINCT c FROM sbtest4 WHERE id BETWEEN 2541309 AND 2541408 ORDER BY c
	Unique  (cost=370.28..370.75 rows=95 width=121)
	  ->  Sort  (cost=370.28..370.51 rows=95 width=121)
	        Sort Key: c
	        ->  Index Scan using sbtest4_pkey on sbtest4  (cost=0.43..367.16 rows=95 width=121)
	              Index Cond: ((id >= 2541309) AND (id <= 2541408))

table 5 : explain SELECT DISTINCT c FROM sbtest5 WHERE id BETWEEN 6616552 AND 6616651 ORDER BY c
	Unique  (cost=403.16..403.68 rows=104 width=121)
	  ->  Sort  (cost=403.16..403.42 rows=104 width=121)
	        Sort Key: c
	        ->  Index Scan using sbtest5_pkey on sbtest5  (cost=0.43..399.68 rows=104 width=121)
	              Index Cond: ((id >= 6616552) AND (id <= 6616651))

table 6 : explain SELECT DISTINCT c FROM sbtest6 WHERE id BETWEEN 2615651 AND 2615750 ORDER BY c
	Unique  (cost=394.27..394.77 rows=101 width=121)
	  ->  Sort  (cost=394.27..394.52 rows=101 width=121)
	        Sort Key: c
	        ->  Index Scan using sbtest6_pkey on sbtest6  (cost=0.43..390.91 rows=101 width=121)
	              Index Cond: ((id >= 2615651) AND (id <= 2615750))

table 7 : explain SELECT DISTINCT c FROM sbtest7 WHERE id BETWEEN 2313133 AND 2313232 ORDER BY c
	Unique  (cost=381.71..382.20 rows=98 width=121)
	  ->  Sort  (cost=381.71..381.95 rows=98 width=121)
	        Sort Key: c
	        ->  Index Scan using sbtest7_pkey on sbtest7  (cost=0.43..378.47 rows=98 width=121)
	              Index Cond: ((id >= 2313133) AND (id <= 2313232))

table 8 : explain SELECT DISTINCT c FROM sbtest8 WHERE id BETWEEN 8921760 AND 8921859 ORDER BY c
	Unique  (cost=386.50..386.99 rows=99 width=121)
	  ->  Sort  (cost=386.50..386.74 rows=99 width=121)
	        Sort Key: c
	        ->  Index Scan using sbtest8_pkey on sbtest8  (cost=0.43..383.22 rows=99 width=121)
	              Index Cond: ((id >= 8921760) AND (id <= 8921859))

explain: for index_updates :: explain UPDATE sbtest%u SET k=k+1 WHERE id=%u
explain: for inserts :: explain INSERT INTO sbtest%u (id, k, c, pad) VALUES (%u, 13, 'foobar', 'foobar')
for: distinct_ranges
table 1 : explain SELECT DISTINCT c FROM sbtest1 WHERE id BETWEEN 7385699 AND 7385798 ORDER BY c
	Unique  (cost=428.41..428.96 rows=110 width=121)
	  ->  Sort  (cost=428.41..428.68 rows=110 width=121)
	        Sort Key: c
	        ->  Index Scan using sbtest1_pkey on sbtest1  (cost=0.43..424.68 rows=110 width=121)
	              Index Cond: ((id >= 7385699) AND (id <= 7385798))

table 2 : explain SELECT DISTINCT c FROM sbtest2 WHERE id BETWEEN 8927962 AND 8928061 ORDER BY c
	Unique  (cost=418.74..419.27 rows=107 width=121)
	  ->  Sort  (cost=418.74..419.01 rows=107 width=121)
	        Sort Key: c
	        ->  Index Scan using sbtest2_pkey on sbtest2  (cost=0.43..415.13 rows=107 width=121)
	              Index Cond: ((id >= 8927962) AND (id <= 8928061))

table 3 : explain SELECT DISTINCT c FROM sbtest3 WHERE id BETWEEN 691539 AND 691638 ORDER BY c
	Unique  (cost=408.21..408.74 rows=105 width=121)
	  ->  Sort  (cost=408.21..408.48 rows=105 width=121)
	        Sort Key: c
	        ->  Index Scan using sbtest3_pkey on sbtest3  (cost=0.43..404.69 rows=105 width=121)
	              Index Cond: ((id >= 691539) AND (id <= 691638))

table 4 : explain SELECT DISTINCT c FROM sbtest4 WHERE id BETWEEN 3006850 AND 3006949 ORDER BY c
	Unique  (cost=404.97..405.49 rows=104 width=121)
	  ->  Sort  (cost=404.97..405.23 rows=104 width=121)
	        Sort Key: c
	        ->  Index Scan using sbtest4_pkey on sbtest4  (cost=0.43..401.48 rows=104 width=121)
	              Index Cond: ((id >= 3006850) AND (id <= 3006949))

table 5 : explain SELECT DISTINCT c FROM sbtest5 WHERE id BETWEEN 5434713 AND 5434812 ORDER BY c
	Unique  (cost=376.30..376.79 rows=97 width=121)
	  ->  Sort  (cost=376.30..376.55 rows=97 width=121)
	        Sort Key: c
	        ->  Index Scan using sbtest5_pkey on sbtest5  (cost=0.43..373.10 rows=97 width=121)
	              Index Cond: ((id >= 5434713) AND (id <= 5434812))

table 6 : explain SELECT DISTINCT c FROM sbtest6 WHERE id BETWEEN 8685882 AND 8685981 ORDER BY c
	Unique  (cost=382.68..383.17 rows=98 width=121)
	  ->  Sort  (cost=382.68..382.92 rows=98 width=121)
	        Sort Key: c
	        ->  Index Scan using sbtest6_pkey on sbtest6  (cost=0.43..379.44 rows=98 width=121)
	              Index Cond: ((id >= 8685882) AND (id <= 8685981))

table 7 : explain SELECT DISTINCT c FROM sbtest7 WHERE id BETWEEN 315417 AND 315516 ORDER BY c
	Unique  (cost=404.83..405.35 rows=104 width=121)
	  ->  Sort  (cost=404.83..405.09 rows=104 width=121)
	        Sort Key: c
	        ->  Index Scan using sbtest7_pkey on sbtest7  (cost=0.43..401.34 rows=104 width=121)
	              Index Cond: ((id >= 315417) AND (id <= 315516))

table 8 : explain SELECT DISTINCT c FROM sbtest8 WHERE id BETWEEN 2342963 AND 2343062 ORDER BY c
	Unique  (cost=378.77..379.26 rows=97 width=121)
	  ->  Sort  (cost=378.77..379.01 rows=97 width=121)
	        Sort Key: c
	        ->  Index Scan using sbtest8_pkey on sbtest8  (cost=0.43..375.57 rows=97 width=121)
	              Index Cond: ((id >= 2342963) AND (id <= 2343062))

for: distinct_ranges
table 1 : explain SELECT DISTINCT c FROM sbtest1 WHERE id BETWEEN 9793487 AND 9793586 ORDER BY c
	Unique  (cost=358.92..359.38 rows=92 width=121)
	  ->  Sort  (cost=358.92..359.15 rows=92 width=121)
	        Sort Key: c
	        ->  Index Scan using sbtest1_pkey on sbtest1  (cost=0.43..355.92 rows=92 width=121)
	              Index Cond: ((id >= 9793487) AND (id <= 9793586))

table 2 : explain SELECT DISTINCT c FROM sbtest2 WHERE id BETWEEN 8039171 AND 8039270 ORDER BY c
	Unique  (cost=399.36..399.87 rows=102 width=121)
	  ->  Sort  (cost=399.36..399.61 rows=102 width=121)
	        Sort Key: c
	        ->  Index Scan using sbtest2_pkey on sbtest2  (cost=0.43..395.95 rows=102 width=121)
	              Index Cond: ((id >= 8039171) AND (id <= 8039270))

table 3 : explain SELECT DISTINCT c FROM sbtest3 WHERE id BETWEEN 9932573 AND 9932672 ORDER BY c
	Unique  (cost=358.13..358.59 rows=92 width=121)
	  ->  Sort  (cost=358.13..358.36 rows=92 width=121)
	        Sort Key: c
	        ->  Index Scan using sbtest3_pkey on sbtest3  (cost=0.43..355.13 rows=92 width=121)
	              Index Cond: ((id >= 9932573) AND (id <= 9932672))

table 4 : explain SELECT DISTINCT c FROM sbtest4 WHERE id BETWEEN 7973585 AND 7973684 ORDER BY c
	Unique  (cost=404.97..405.49 rows=104 width=121)
	  ->  Sort  (cost=404.97..405.23 rows=104 width=121)
	        Sort Key: c
	        ->  Index Scan using sbtest4_pkey on sbtest4  (cost=0.43..401.48 rows=104 width=121)
	              Index Cond: ((id >= 7973585) AND (id <= 7973684))

table 5 : explain SELECT DISTINCT c FROM sbtest5 WHERE id BETWEEN 1384070 AND 1384169 ORDER BY c
	Unique  (cost=387.81..388.31 rows=100 width=121)
	  ->  Sort  (cost=387.81..388.06 rows=100 width=121)
	        Sort Key: c
	        ->  Index Scan using sbtest5_pkey on sbtest5  (cost=0.43..384.49 rows=100 width=121)
	              Index Cond: ((id >= 1384070) AND (id <= 1384169))

table 6 : explain SELECT DISTINCT c FROM sbtest6 WHERE id BETWEEN 4017471 AND 4017570 ORDER BY c
	Unique  (cost=398.13..398.64 rows=102 width=121)
	  ->  Sort  (cost=398.13..398.39 rows=102 width=121)
	        Sort Key: c
	        ->  Index Scan using sbtest6_pkey on sbtest6  (cost=0.43..394.73 rows=102 width=121)
	              Index Cond: ((id >= 4017471) AND (id <= 4017570))

table 7 : explain SELECT DISTINCT c FROM sbtest7 WHERE id BETWEEN 521256 AND 521355 ORDER BY c
	Unique  (cost=374.00..374.48 rows=96 width=121)
	  ->  Sort  (cost=374.00..374.24 rows=96 width=121)
	        Sort Key: c
	        ->  Index Scan using sbtest7_pkey on sbtest7  (cost=0.43..370.84 rows=96 width=121)
	              Index Cond: ((id >= 521256) AND (id <= 521355))

table 8 : explain SELECT DISTINCT c FROM sbtest8 WHERE id BETWEEN 2476972 AND 2477071 ORDER BY c
	Unique  (cost=371.05..371.52 rows=95 width=121)
	  ->  Sort  (cost=371.05..371.28 rows=95 width=121)
	        Sort Key: c
	        ->  Index Scan using sbtest8_pkey on sbtest8  (cost=0.43..367.93 rows=95 width=121)
	              Index Cond: ((id >= 2476972) AND (id <= 2477071))

for point_selects
table 1 : explain SELECT c FROM sbtest1 WHERE id=399724
	Index Scan using sbtest1_pkey on sbtest1  (cost=0.43..8.45 rows=1 width=121)
	  Index Cond: (id = 399724)

table 2 : explain SELECT c FROM sbtest2 WHERE id=5109912
	Index Scan using sbtest2_pkey on sbtest2  (cost=0.43..8.45 rows=1 width=121)
	  Index Cond: (id = 5109912)

table 3 : explain SELECT c FROM sbtest3 WHERE id=8045022
	Index Scan using sbtest3_pkey on sbtest3  (cost=0.43..8.45 rows=1 width=121)
	  Index Cond: (id = 8045022)

table 4 : explain SELECT c FROM sbtest4 WHERE id=4578974
	Index Scan using sbtest4_pkey on sbtest4  (cost=0.43..8.45 rows=1 width=121)
	  Index Cond: (id = 4578974)

table 5 : explain SELECT c FROM sbtest5 WHERE id=6536327
	Index Scan using sbtest5_pkey on sbtest5  (cost=0.43..8.45 rows=1 width=121)
	  Index Cond: (id = 6536327)

table 6 : explain SELECT c FROM sbtest6 WHERE id=3065031
	Index Scan using sbtest6_pkey on sbtest6  (cost=0.43..8.45 rows=1 width=121)
	  Index Cond: (id = 3065031)

table 7 : explain SELECT c FROM sbtest7 WHERE id=3426437
	Index Scan using sbtest7_pkey on sbtest7  (cost=0.43..8.45 rows=1 width=121)
	  Index Cond: (id = 3426437)

table 8 : explain SELECT c FROM sbtest8 WHERE id=5778496
	Index Scan using sbtest8_pkey on sbtest8  (cost=0.43..8.45 rows=1 width=121)
	  Index Cond: (id = 5778496)

explain: for index_updates :: explain UPDATE sbtest%u SET k=k+1 WHERE id=%u
for inserts
table 1 : explain INSERT INTO sbtest1 (id, k, c, pad) VALUES (900909, 13, 'foobar', 'foobar')
	Insert on sbtest1  (cost=0.00..0.01 rows=0 width=0)
	  ->  Result  (cost=0.00..0.01 rows=1 width=736)

table 2 : explain INSERT INTO sbtest2 (id, k, c, pad) VALUES (5838032, 13, 'foobar', 'foobar')
	Insert on sbtest2  (cost=0.00..0.01 rows=0 width=0)
	  ->  Result  (cost=0.00..0.01 rows=1 width=736)

table 3 : explain INSERT INTO sbtest3 (id, k, c, pad) VALUES (3653389, 13, 'foobar', 'foobar')
	Insert on sbtest3  (cost=0.00..0.01 rows=0 width=0)
	  ->  Result  (cost=0.00..0.01 rows=1 width=736)

table 4 : explain INSERT INTO sbtest4 (id, k, c, pad) VALUES (2215973, 13, 'foobar', 'foobar')
	Insert on sbtest4  (cost=0.00..0.01 rows=0 width=0)
	  ->  Result  (cost=0.00..0.01 rows=1 width=736)

table 5 : explain INSERT INTO sbtest5 (id, k, c, pad) VALUES (5656020, 13, 'foobar', 'foobar')
	Insert on sbtest5  (cost=0.00..0.01 rows=0 width=0)
	  ->  Result  (cost=0.00..0.01 rows=1 width=736)

table 6 : explain INSERT INTO sbtest6 (id, k, c, pad) VALUES (8853072, 13, 'foobar', 'foobar')
	Insert on sbtest6  (cost=0.00..0.01 rows=0 width=0)
	  ->  Result  (cost=0.00..0.01 rows=1 width=736)

table 7 : explain INSERT INTO sbtest7 (id, k, c, pad) VALUES (298002, 13, 'foobar', 'foobar')
	Insert on sbtest7  (cost=0.00..0.01 rows=0 width=0)
	  ->  Result  (cost=0.00..0.01 rows=1 width=736)

table 8 : explain INSERT INTO sbtest8 (id, k, c, pad) VALUES (995374, 13, 'foobar', 'foobar')
	Insert on sbtest8  (cost=0.00..0.01 rows=0 width=0)
	  ->  Result  (cost=0.00..0.01 rows=1 width=736)

for point_selects
table 1 : explain SELECT c FROM sbtest1 WHERE id=4321448
	Index Scan using sbtest1_pkey on sbtest1  (cost=0.43..8.45 rows=1 width=121)
	  Index Cond: (id = 4321448)

table 2 : explain SELECT c FROM sbtest2 WHERE id=4072703
	Index Scan using sbtest2_pkey on sbtest2  (cost=0.43..8.45 rows=1 width=121)
	  Index Cond: (id = 4072703)

table 3 : explain SELECT c FROM sbtest3 WHERE id=3345080
	Index Scan using sbtest3_pkey on sbtest3  (cost=0.43..8.45 rows=1 width=121)
	  Index Cond: (id = 3345080)

table 4 : explain SELECT c FROM sbtest4 WHERE id=9246913
	Index Scan using sbtest4_pkey on sbtest4  (cost=0.43..8.45 rows=1 width=121)
	  Index Cond: (id = 9246913)

table 5 : explain SELECT c FROM sbtest5 WHERE id=6240605
	Index Scan using sbtest5_pkey on sbtest5  (cost=0.43..8.45 rows=1 width=121)
	  Index Cond: (id = 6240605)

table 6 : explain SELECT c FROM sbtest6 WHERE id=1411283
	Index Scan using sbtest6_pkey on sbtest6  (cost=0.43..8.45 rows=1 width=121)
	  Index Cond: (id = 1411283)

table 7 : explain SELECT c FROM sbtest7 WHERE id=995707
	Index Scan using sbtest7_pkey on sbtest7  (cost=0.43..8.45 rows=1 width=121)
	  Index Cond: (id = 995707)

table 8 : explain SELECT c FROM sbtest8 WHERE id=7457292
	Index Scan using sbtest8_pkey on sbtest8  (cost=0.43..8.45 rows=1 width=121)
	  Index Cond: (id = 7457292)

for: order_ranges
table 1 : explain SELECT c FROM sbtest1 WHERE id BETWEEN 2156155 AND 2156254 ORDER BY c
	Sort  (cost=385.97..386.22 rows=99 width=121)
	  Sort Key: c
	  ->  Index Scan using sbtest1_pkey on sbtest1  (cost=0.43..382.69 rows=99 width=121)
	        Index Cond: ((id >= 2156155) AND (id <= 2156254))

table 2 : explain SELECT c FROM sbtest2 WHERE id BETWEEN 9019560 AND 9019659 ORDER BY c
	Sort  (cost=383.85..384.10 rows=98 width=121)
	  Sort Key: c
	  ->  Index Scan using sbtest2_pkey on sbtest2  (cost=0.43..380.61 rows=98 width=121)
	        Index Cond: ((id >= 9019560) AND (id <= 9019659))

table 3 : explain SELECT c FROM sbtest3 WHERE id BETWEEN 7798785 AND 7798884 ORDER BY c
	Sort  (cost=381.27..381.52 rows=98 width=121)
	  Sort Key: c
	  ->  Index Scan using sbtest3_pkey on sbtest3  (cost=0.43..378.03 rows=98 width=121)
	        Index Cond: ((id >= 7798785) AND (id <= 7798884))

table 4 : explain SELECT c FROM sbtest4 WHERE id BETWEEN 7398379 AND 7398478 ORDER BY c
	Sort  (cost=385.69..385.94 rows=99 width=121)
	  Sort Key: c
	  ->  Index Scan using sbtest4_pkey on sbtest4  (cost=0.43..382.41 rows=99 width=121)
	        Index Cond: ((id >= 7398379) AND (id <= 7398478))

table 5 : explain SELECT c FROM sbtest5 WHERE id BETWEEN 5720416 AND 5720515 ORDER BY c
	Sort  (cost=395.49..395.74 rows=102 width=121)
	  Sort Key: c
	  ->  Index Scan using sbtest5_pkey on sbtest5  (cost=0.43..392.09 rows=102 width=121)
	        Index Cond: ((id >= 5720416) AND (id <= 5720515))

table 6 : explain SELECT c FROM sbtest6 WHERE id BETWEEN 1247242 AND 1247341 ORDER BY c
	Sort  (cost=382.68..382.92 rows=98 width=121)
	  Sort Key: c
	  ->  Index Scan using sbtest6_pkey on sbtest6  (cost=0.43..379.44 rows=98 width=121)
	        Index Cond: ((id >= 1247242) AND (id <= 1247341))

table 7 : explain SELECT c FROM sbtest7 WHERE id BETWEEN 5891781 AND 5891880 ORDER BY c
	Sort  (cost=389.41..389.66 rows=100 width=121)
	  Sort Key: c
	  ->  Index Scan using sbtest7_pkey on sbtest7  (cost=0.43..386.09 rows=100 width=121)
	        Index Cond: ((id >= 5891781) AND (id <= 5891880))

table 8 : explain SELECT c FROM sbtest8 WHERE id BETWEEN 8543445 AND 8543544 ORDER BY c
	Sort  (cost=371.05..371.28 rows=95 width=121)
	  Sort Key: c
	  ->  Index Scan using sbtest8_pkey on sbtest8  (cost=0.43..367.93 rows=95 width=121)
	        Index Cond: ((id >= 8543445) AND (id <= 8543544))

explain: for index_updates :: explain UPDATE sbtest%u SET k=k+1 WHERE id=%u
for inserts
table 1 : explain INSERT INTO sbtest1 (id, k, c, pad) VALUES (6714655, 13, 'foobar', 'foobar')
	Insert on sbtest1  (cost=0.00..0.01 rows=0 width=0)
	  ->  Result  (cost=0.00..0.01 rows=1 width=736)

table 2 : explain INSERT INTO sbtest2 (id, k, c, pad) VALUES (1037991, 13, 'foobar', 'foobar')
	Insert on sbtest2  (cost=0.00..0.01 rows=0 width=0)
	  ->  Result  (cost=0.00..0.01 rows=1 width=736)

table 3 : explain INSERT INTO sbtest3 (id, k, c, pad) VALUES (9550900, 13, 'foobar', 'foobar')
	Insert on sbtest3  (cost=0.00..0.01 rows=0 width=0)
	  ->  Result  (cost=0.00..0.01 rows=1 width=736)

table 4 : explain INSERT INTO sbtest4 (id, k, c, pad) VALUES (4740975, 13, 'foobar', 'foobar')
	Insert on sbtest4  (cost=0.00..0.01 rows=0 width=0)
	  ->  Result  (cost=0.00..0.01 rows=1 width=736)

table 5 : explain INSERT INTO sbtest5 (id, k, c, pad) VALUES (1770162, 13, 'foobar', 'foobar')
	Insert on sbtest5  (cost=0.00..0.01 rows=0 width=0)
	  ->  Result  (cost=0.00..0.01 rows=1 width=736)

table 6 : explain INSERT INTO sbtest6 (id, k, c, pad) VALUES (6978995, 13, 'foobar', 'foobar')
	Insert on sbtest6  (cost=0.00..0.01 rows=0 width=0)
	  ->  Result  (cost=0.00..0.01 rows=1 width=736)

table 7 : explain INSERT INTO sbtest7 (id, k, c, pad) VALUES (8781363, 13, 'foobar', 'foobar')
	Insert on sbtest7  (cost=0.00..0.01 rows=0 width=0)
	  ->  Result  (cost=0.00..0.01 rows=1 width=736)

table 8 : explain INSERT INTO sbtest8 (id, k, c, pad) VALUES (7856570, 13, 'foobar', 'foobar')
	Insert on sbtest8  (cost=0.00..0.01 rows=0 width=0)
	  ->  Result  (cost=0.00..0.01 rows=1 width=736)

explain: for index_updates :: explain UPDATE sbtest%u SET k=k+1 WHERE id=%u
for: order_ranges
table 1 : explain SELECT c FROM sbtest1 WHERE id BETWEEN 9178530 AND 9178629 ORDER BY c
	Sort  (cost=401.40..401.66 rows=103 width=121)
	  Sort Key: c
	  ->  Index Scan using sbtest1_pkey on sbtest1  (cost=0.43..397.96 rows=103 width=121)
	        Index Cond: ((id >= 9178530) AND (id <= 9178629))

table 2 : explain SELECT c FROM sbtest2 WHERE id BETWEEN 4929925 AND 4930024 ORDER BY c
	Sort  (cost=372.23..372.47 rows=95 width=121)
	  Sort Key: c
	  ->  Index Scan using sbtest2_pkey on sbtest2  (cost=0.43..369.11 rows=95 width=121)
	        Index Cond: ((id >= 4929925) AND (id <= 4930024))

table 3 : explain SELECT c FROM sbtest3 WHERE id BETWEEN 4002192 AND 4002291 ORDER BY c
	Sort  (cost=381.27..381.52 rows=98 width=121)
	  Sort Key: c
	  ->  Index Scan using sbtest3_pkey on sbtest3  (cost=0.43..378.03 rows=98 width=121)
	        Index Cond: ((id >= 4002192) AND (id <= 4002291))

table 4 : explain SELECT c FROM sbtest4 WHERE id BETWEEN 2611342 AND 2611441 ORDER BY c
	Sort  (cost=393.40..393.66 rows=101 width=121)
	  Sort Key: c
	  ->  Index Scan using sbtest4_pkey on sbtest4  (cost=0.43..390.04 rows=101 width=121)
	        Index Cond: ((id >= 2611342) AND (id <= 2611441))

table 5 : explain SELECT c FROM sbtest5 WHERE id BETWEEN 4235831 AND 4235930 ORDER BY c
	Sort  (cost=414.68..414.94 rows=107 width=121)
	  Sort Key: c
	  ->  Index Scan using sbtest5_pkey on sbtest5  (cost=0.43..411.07 rows=107 width=121)
	        Index Cond: ((id >= 4235831) AND (id <= 4235930))

table 6 : explain SELECT c FROM sbtest6 WHERE id BETWEEN 7291975 AND 7292074 ORDER BY c
	Sort  (cost=378.82..379.06 rows=97 width=121)
	  Sort Key: c
	  ->  Index Scan using sbtest6_pkey on sbtest6  (cost=0.43..375.62 rows=97 width=121)
	        Index Cond: ((id >= 7291975) AND (id <= 7292074))

table 7 : explain SELECT c FROM sbtest7 WHERE id BETWEEN 5054537 AND 5054636 ORDER BY c
	Sort  (cost=397.12..397.38 rows=102 width=121)
	  Sort Key: c
	  ->  Index Scan using sbtest7_pkey on sbtest7  (cost=0.43..393.72 rows=102 width=121)
	        Index Cond: ((id >= 5054537) AND (id <= 5054636))

table 8 : explain SELECT c FROM sbtest8 WHERE id BETWEEN 266801 AND 266900 ORDER BY c
	Sort  (cost=398.09..398.34 rows=102 width=121)
	  Sort Key: c
	  ->  Index Scan using sbtest8_pkey on sbtest8  (cost=0.43..394.68 rows=102 width=121)
	        Index Cond: ((id >= 266801) AND (id <= 266900))

for index_updates
table 1 : explain UPDATE sbtest1 SET k=k+1 WHERE id=390908
	Update on sbtest1  (cost=0.43..8.46 rows=0 width=0)
	  ->  Index Scan using sbtest1_pkey on sbtest1  (cost=0.43..8.46 rows=1 width=10)
	        Index Cond: (id = 390908)

table 2 : explain UPDATE sbtest2 SET k=k+1 WHERE id=9650915
	Update on sbtest2  (cost=0.43..8.46 rows=0 width=0)
	  ->  Index Scan using sbtest2_pkey on sbtest2  (cost=0.43..8.46 rows=1 width=10)
	        Index Cond: (id = 9650915)

table 3 : explain UPDATE sbtest3 SET k=k+1 WHERE id=9566372
	Update on sbtest3  (cost=0.43..8.46 rows=0 width=0)
	  ->  Index Scan using sbtest3_pkey on sbtest3  (cost=0.43..8.46 rows=1 width=10)
	        Index Cond: (id = 9566372)

table 4 : explain UPDATE sbtest4 SET k=k+1 WHERE id=3983518
	Update on sbtest4  (cost=0.43..8.46 rows=0 width=0)
	  ->  Index Scan using sbtest4_pkey on sbtest4  (cost=0.43..8.46 rows=1 width=10)
	        Index Cond: (id = 3983518)

table 5 : explain UPDATE sbtest5 SET k=k+1 WHERE id=8588491
	Update on sbtest5  (cost=0.43..8.46 rows=0 width=0)
	  ->  Index Scan using sbtest5_pkey on sbtest5  (cost=0.43..8.46 rows=1 width=10)
	        Index Cond: (id = 8588491)

table 6 : explain UPDATE sbtest6 SET k=k+1 WHERE id=4437795
	Update on sbtest6  (cost=0.43..8.46 rows=0 width=0)
	  ->  Index Scan using sbtest6_pkey on sbtest6  (cost=0.43..8.46 rows=1 width=10)
	        Index Cond: (id = 4437795)

table 7 : explain UPDATE sbtest7 SET k=k+1 WHERE id=4623163
	Update on sbtest7  (cost=0.43..8.46 rows=0 width=0)
	  ->  Index Scan using sbtest7_pkey on sbtest7  (cost=0.43..8.46 rows=1 width=10)
	        Index Cond: (id = 4623163)

table 8 : explain UPDATE sbtest8 SET k=k+1 WHERE id=6018325
	Update on sbtest8  (cost=0.43..8.46 rows=0 width=0)
	  ->  Index Scan using sbtest8_pkey on sbtest8  (cost=0.43..8.46 rows=1 width=10)
	        Index Cond: (id = 6018325)

for point_selects
table 1 : explain SELECT c FROM sbtest1 WHERE id=851402
	Index Scan using sbtest1_pkey on sbtest1  (cost=0.43..8.45 rows=1 width=121)
	  Index Cond: (id = 851402)

table 2 : explain SELECT c FROM sbtest2 WHERE id=4593446
	Index Scan using sbtest2_pkey on sbtest2  (cost=0.43..8.45 rows=1 width=121)
	  Index Cond: (id = 4593446)

table 3 : explain SELECT c FROM sbtest3 WHERE id=2925433
	Index Scan using sbtest3_pkey on sbtest3  (cost=0.43..8.45 rows=1 width=121)
	  Index Cond: (id = 2925433)

table 4 : explain SELECT c FROM sbtest4 WHERE id=2338292
	Index Scan using sbtest4_pkey on sbtest4  (cost=0.43..8.45 rows=1 width=121)
	  Index Cond: (id = 2338292)

table 5 : explain SELECT c FROM sbtest5 WHERE id=9537325
	Index Scan using sbtest5_pkey on sbtest5  (cost=0.43..8.45 rows=1 width=121)
	  Index Cond: (id = 9537325)

table 6 : explain SELECT c FROM sbtest6 WHERE id=1020272
	Index Scan using sbtest6_pkey on sbtest6  (cost=0.43..8.45 rows=1 width=121)
	  Index Cond: (id = 1020272)

table 7 : explain SELECT c FROM sbtest7 WHERE id=3900966
	Index Scan using sbtest7_pkey on sbtest7  (cost=0.43..8.45 rows=1 width=121)
	  Index Cond: (id = 3900966)

table 8 : explain SELECT c FROM sbtest8 WHERE id=2271624
	Index Scan using sbtest8_pkey on sbtest8  (cost=0.43..8.45 rows=1 width=121)
	  Index Cond: (id = 2271624)

for: simple_ranges
table 1 : explain SELECT c FROM sbtest1 WHERE id BETWEEN 2639047 AND 2639146
	Index Scan using sbtest1_pkey on sbtest1  (cost=0.43..424.68 rows=110 width=121)
	  Index Cond: ((id >= 2639047) AND (id <= 2639146))

table 2 : explain SELECT c FROM sbtest2 WHERE id BETWEEN 4930425 AND 4930524
	Index Scan using sbtest2_pkey on sbtest2  (cost=0.43..369.11 rows=95 width=121)
	  Index Cond: ((id >= 4930425) AND (id <= 4930524))

table 3 : explain SELECT c FROM sbtest3 WHERE id BETWEEN 244183 AND 244282
	Index Scan using sbtest3_pkey on sbtest3  (cost=0.43..378.03 rows=98 width=121)
	  Index Cond: ((id >= 244183) AND (id <= 244282))

table 4 : explain SELECT c FROM sbtest4 WHERE id BETWEEN 2361984 AND 2362083
	Index Scan using sbtest4_pkey on sbtest4  (cost=0.43..370.97 rows=96 width=121)
	  Index Cond: ((id >= 2361984) AND (id <= 2362083))

table 5 : explain SELECT c FROM sbtest5 WHERE id BETWEEN 2654415 AND 2654514
	Index Scan using sbtest5_pkey on sbtest5  (cost=0.43..384.49 rows=100 width=121)
	  Index Cond: ((id >= 2654415) AND (id <= 2654514))

table 6 : explain SELECT c FROM sbtest6 WHERE id BETWEEN 2617955 AND 2618054
	Index Scan using sbtest6_pkey on sbtest6  (cost=0.43..421.49 rows=109 width=121)
	  Index Cond: ((id >= 2617955) AND (id <= 2618054))

table 7 : explain SELECT c FROM sbtest7 WHERE id BETWEEN 8126463 AND 8126562
	Index Scan using sbtest7_pkey on sbtest7  (cost=0.43..363.22 rows=94 width=121)
	  Index Cond: ((id >= 8126463) AND (id <= 8126562))

table 8 : explain SELECT c FROM sbtest8 WHERE id BETWEEN 1073783 AND 1073882
	Index Scan using sbtest8_pkey on sbtest8  (cost=0.43..421.44 rows=109 width=121)
	  Index Cond: ((id >= 1073783) AND (id <= 1073882))

for index_updates
table 1 : explain UPDATE sbtest1 SET k=k+1 WHERE id=1964818
	Update on sbtest1  (cost=0.43..8.46 rows=0 width=0)
	  ->  Index Scan using sbtest1_pkey on sbtest1  (cost=0.43..8.46 rows=1 width=10)
	        Index Cond: (id = 1964818)

table 2 : explain UPDATE sbtest2 SET k=k+1 WHERE id=3447849
	Update on sbtest2  (cost=0.43..8.46 rows=0 width=0)
	  ->  Index Scan using sbtest2_pkey on sbtest2  (cost=0.43..8.46 rows=1 width=10)
	        Index Cond: (id = 3447849)

table 3 : explain UPDATE sbtest3 SET k=k+1 WHERE id=7366971
	Update on sbtest3  (cost=0.43..8.46 rows=0 width=0)
	  ->  Index Scan using sbtest3_pkey on sbtest3  (cost=0.43..8.46 rows=1 width=10)
	        Index Cond: (id = 7366971)

table 4 : explain UPDATE sbtest4 SET k=k+1 WHERE id=9871127
	Update on sbtest4  (cost=0.43..8.46 rows=0 width=0)
	  ->  Index Scan using sbtest4_pkey on sbtest4  (cost=0.43..8.46 rows=1 width=10)
	        Index Cond: (id = 9871127)

table 5 : explain UPDATE sbtest5 SET k=k+1 WHERE id=2426702
	Update on sbtest5  (cost=0.43..8.46 rows=0 width=0)
	  ->  Index Scan using sbtest5_pkey on sbtest5  (cost=0.43..8.46 rows=1 width=10)
	        Index Cond: (id = 2426702)

table 6 : explain UPDATE sbtest6 SET k=k+1 WHERE id=5952795
	Update on sbtest6  (cost=0.43..8.46 rows=0 width=0)
	  ->  Index Scan using sbtest6_pkey on sbtest6  (cost=0.43..8.46 rows=1 width=10)
	        Index Cond: (id = 5952795)

table 7 : explain UPDATE sbtest7 SET k=k+1 WHERE id=4025325
	Update on sbtest7  (cost=0.43..8.46 rows=0 width=0)
	  ->  Index Scan using sbtest7_pkey on sbtest7  (cost=0.43..8.46 rows=1 width=10)
	        Index Cond: (id = 4025325)

table 8 : explain UPDATE sbtest8 SET k=k+1 WHERE id=4641387
	Update on sbtest8  (cost=0.43..8.46 rows=0 width=0)
	  ->  Index Scan using sbtest8_pkey on sbtest8  (cost=0.43..8.46 rows=1 width=10)
	        Index Cond: (id = 4641387)

for: order_ranges
table 1 : explain SELECT c FROM sbtest1 WHERE id BETWEEN 7219329 AND 7219428 ORDER BY c
	Sort  (cost=355.06..355.29 rows=91 width=121)
	  Sort Key: c
	  ->  Index Scan using sbtest1_pkey on sbtest1  (cost=0.43..352.10 rows=91 width=121)
	        Index Cond: ((id >= 7219329) AND (id <= 7219428))

table 2 : explain SELECT c FROM sbtest2 WHERE id BETWEEN 6038083 AND 6038182 ORDER BY c
	Sort  (cost=399.36..399.61 rows=102 width=121)
	  Sort Key: c
	  ->  Index Scan using sbtest2_pkey on sbtest2  (cost=0.43..395.95 rows=102 width=121)
	        Index Cond: ((id >= 6038083) AND (id <= 6038182))

table 3 : explain SELECT c FROM sbtest3 WHERE id BETWEEN 2162038 AND 2162137 ORDER BY c
	Sort  (cost=385.12..385.37 rows=99 width=121)
	  Sort Key: c
	  ->  Index Scan using sbtest3_pkey on sbtest3  (cost=0.43..381.84 rows=99 width=121)
	        Index Cond: ((id >= 2162038) AND (id <= 2162137))

table 4 : explain SELECT c FROM sbtest4 WHERE id BETWEEN 6838009 AND 6838108 ORDER BY c
	Sort  (cost=393.40..393.66 rows=101 width=121)
	  Sort Key: c
	  ->  Index Scan using sbtest4_pkey on sbtest4  (cost=0.43..390.04 rows=101 width=121)
	        Index Cond: ((id >= 6838009) AND (id <= 6838108))

table 5 : explain SELECT c FROM sbtest5 WHERE id BETWEEN 2512037 AND 2512136 ORDER BY c
	Sort  (cost=376.30..376.55 rows=97 width=121)
	  Sort Key: c
	  ->  Index Scan using sbtest5_pkey on sbtest5  (cost=0.43..373.10 rows=97 width=121)
	        Index Cond: ((id >= 2512037) AND (id <= 2512136))

table 6 : explain SELECT c FROM sbtest6 WHERE id BETWEEN 7949593 AND 7949692 ORDER BY c
	Sort  (cost=421.32..421.59 rows=108 width=121)
	  Sort Key: c
	  ->  Index Scan using sbtest6_pkey on sbtest6  (cost=0.43..417.67 rows=108 width=121)
	        Index Cond: ((id >= 7949593) AND (id <= 7949692))

table 7 : explain SELECT c FROM sbtest7 WHERE id BETWEEN 6417595 AND 6417694 ORDER BY c
	Sort  (cost=393.27..393.52 rows=101 width=121)
	  Sort Key: c
	  ->  Index Scan using sbtest7_pkey on sbtest7  (cost=0.43..389.91 rows=101 width=121)
	        Index Cond: ((id >= 6417595) AND (id <= 6417694))

table 8 : explain SELECT c FROM sbtest8 WHERE id BETWEEN 1771750 AND 1771849 ORDER BY c
	Sort  (cost=409.68..409.94 rows=105 width=121)
	  Sort Key: c
	  ->  Index Scan using sbtest8_pkey on sbtest8  (cost=0.43..406.15 rows=105 width=121)
	        Index Cond: ((id >= 1771750) AND (id <= 1771849))

explain: for non_index_updates :: explain UPDATE sbtest%u SET c='foobar' WHERE id=%u
for index_updates
table 1 : explain UPDATE sbtest1 SET k=k+1 WHERE id=7878911
	Update on sbtest1  (cost=0.43..8.46 rows=0 width=0)
	  ->  Index Scan using sbtest1_pkey on sbtest1  (cost=0.43..8.46 rows=1 width=10)
	        Index Cond: (id = 7878911)

table 2 : explain UPDATE sbtest2 SET k=k+1 WHERE id=8633476
	Update on sbtest2  (cost=0.43..8.46 rows=0 width=0)
	  ->  Index Scan using sbtest2_pkey on sbtest2  (cost=0.43..8.46 rows=1 width=10)
	        Index Cond: (id = 8633476)

table 3 : explain UPDATE sbtest3 SET k=k+1 WHERE id=9356748
	Update on sbtest3  (cost=0.43..8.46 rows=0 width=0)
	  ->  Index Scan using sbtest3_pkey on sbtest3  (cost=0.43..8.46 rows=1 width=10)
	        Index Cond: (id = 9356748)

table 4 : explain UPDATE sbtest4 SET k=k+1 WHERE id=6984755
	Update on sbtest4  (cost=0.43..8.46 rows=0 width=0)
	  ->  Index Scan using sbtest4_pkey on sbtest4  (cost=0.43..8.46 rows=1 width=10)
	        Index Cond: (id = 6984755)

table 5 : explain UPDATE sbtest5 SET k=k+1 WHERE id=8066452
	Update on sbtest5  (cost=0.43..8.46 rows=0 width=0)
	  ->  Index Scan using sbtest5_pkey on sbtest5  (cost=0.43..8.46 rows=1 width=10)
	        Index Cond: (id = 8066452)

table 6 : explain UPDATE sbtest6 SET k=k+1 WHERE id=2635943
	Update on sbtest6  (cost=0.43..8.46 rows=0 width=0)
	  ->  Index Scan using sbtest6_pkey on sbtest6  (cost=0.43..8.46 rows=1 width=10)
	        Index Cond: (id = 2635943)

table 7 : explain UPDATE sbtest7 SET k=k+1 WHERE id=77108
	Update on sbtest7  (cost=0.43..8.46 rows=0 width=0)
	  ->  Index Scan using sbtest7_pkey on sbtest7  (cost=0.43..8.46 rows=1 width=10)
	        Index Cond: (id = 77108)

table 8 : explain UPDATE sbtest8 SET k=k+1 WHERE id=2070745
	Update on sbtest8  (cost=0.43..8.46 rows=0 width=0)
	  ->  Index Scan using sbtest8_pkey on sbtest8  (cost=0.43..8.46 rows=1 width=10)
	        Index Cond: (id = 2070745)

for index_updates
table 1 : explain UPDATE sbtest1 SET k=k+1 WHERE id=391789
	Update on sbtest1  (cost=0.43..8.46 rows=0 width=0)
	  ->  Index Scan using sbtest1_pkey on sbtest1  (cost=0.43..8.46 rows=1 width=10)
	        Index Cond: (id = 391789)

table 2 : explain UPDATE sbtest2 SET k=k+1 WHERE id=5717656
	Update on sbtest2  (cost=0.43..8.46 rows=0 width=0)
	  ->  Index Scan using sbtest2_pkey on sbtest2  (cost=0.43..8.46 rows=1 width=10)
	        Index Cond: (id = 5717656)

table 3 : explain UPDATE sbtest3 SET k=k+1 WHERE id=7492965
	Update on sbtest3  (cost=0.43..8.46 rows=0 width=0)
	  ->  Index Scan using sbtest3_pkey on sbtest3  (cost=0.43..8.46 rows=1 width=10)
	        Index Cond: (id = 7492965)

table 4 : explain UPDATE sbtest4 SET k=k+1 WHERE id=6808468
	Update on sbtest4  (cost=0.43..8.46 rows=0 width=0)
	  ->  Index Scan using sbtest4_pkey on sbtest4  (cost=0.43..8.46 rows=1 width=10)
	        Index Cond: (id = 6808468)

table 5 : explain UPDATE sbtest5 SET k=k+1 WHERE id=3152796
	Update on sbtest5  (cost=0.43..8.46 rows=0 width=0)
	  ->  Index Scan using sbtest5_pkey on sbtest5  (cost=0.43..8.46 rows=1 width=10)
	        Index Cond: (id = 3152796)

table 6 : explain UPDATE sbtest6 SET k=k+1 WHERE id=9432715
	Update on sbtest6  (cost=0.43..8.46 rows=0 width=0)
	  ->  Index Scan using sbtest6_pkey on sbtest6  (cost=0.43..8.46 rows=1 width=10)
	        Index Cond: (id = 9432715)

table 7 : explain UPDATE sbtest7 SET k=k+1 WHERE id=6296656
	Update on sbtest7  (cost=0.43..8.46 rows=0 width=0)
	  ->  Index Scan using sbtest7_pkey on sbtest7  (cost=0.43..8.46 rows=1 width=10)
	        Index Cond: (id = 6296656)

table 8 : explain UPDATE sbtest8 SET k=k+1 WHERE id=6990588
	Update on sbtest8  (cost=0.43..8.46 rows=0 width=0)
	  ->  Index Scan using sbtest8_pkey on sbtest8  (cost=0.43..8.46 rows=1 width=10)
	        Index Cond: (id = 6990588)

for point_selects
table 1 : explain SELECT c FROM sbtest1 WHERE id=3838934
	Index Scan using sbtest1_pkey on sbtest1  (cost=0.43..8.45 rows=1 width=121)
	  Index Cond: (id = 3838934)

table 2 : explain SELECT c FROM sbtest2 WHERE id=1242200
	Index Scan using sbtest2_pkey on sbtest2  (cost=0.43..8.45 rows=1 width=121)
	  Index Cond: (id = 1242200)

table 3 : explain SELECT c FROM sbtest3 WHERE id=2758
	Index Scan using sbtest3_pkey on sbtest3  (cost=0.43..8.45 rows=1 width=121)
	  Index Cond: (id = 2758)

table 4 : explain SELECT c FROM sbtest4 WHERE id=7311935
	Index Scan using sbtest4_pkey on sbtest4  (cost=0.43..8.45 rows=1 width=121)
	  Index Cond: (id = 7311935)

table 5 : explain SELECT c FROM sbtest5 WHERE id=1893258
	Index Scan using sbtest5_pkey on sbtest5  (cost=0.43..8.45 rows=1 width=121)
	  Index Cond: (id = 1893258)

table 6 : explain SELECT c FROM sbtest6 WHERE id=5730285
	Index Scan using sbtest6_pkey on sbtest6  (cost=0.43..8.45 rows=1 width=121)
	  Index Cond: (id = 5730285)

table 7 : explain SELECT c FROM sbtest7 WHERE id=7004771
	Index Scan using sbtest7_pkey on sbtest7  (cost=0.43..8.45 rows=1 width=121)
	  Index Cond: (id = 7004771)

table 8 : explain SELECT c FROM sbtest8 WHERE id=4280628
	Index Scan using sbtest8_pkey on sbtest8  (cost=0.43..8.45 rows=1 width=121)
	  Index Cond: (id = 4280628)

for: simple_ranges
table 1 : explain SELECT c FROM sbtest1 WHERE id BETWEEN 2279550 AND 2279649
	Index Scan using sbtest1_pkey on sbtest1  (cost=0.43..397.96 rows=103 width=121)
	  Index Cond: ((id >= 2279550) AND (id <= 2279649))

table 2 : explain SELECT c FROM sbtest2 WHERE id BETWEEN 3621832 AND 3621931
	Index Scan using sbtest2_pkey on sbtest2  (cost=0.43..349.89 rows=90 width=121)
	  Index Cond: ((id >= 3621832) AND (id <= 3621931))

table 3 : explain SELECT c FROM sbtest3 WHERE id BETWEEN 7424365 AND 7424464
	Index Scan using sbtest3_pkey on sbtest3  (cost=0.43..374.22 rows=97 width=121)
	  Index Cond: ((id >= 7424365) AND (id <= 7424464))

table 4 : explain SELECT c FROM sbtest4 WHERE id BETWEEN 1387674 AND 1387773
	Index Scan using sbtest4_pkey on sbtest4  (cost=0.43..393.86 rows=102 width=121)
	  Index Cond: ((id >= 1387674) AND (id <= 1387773))

table 5 : explain SELECT c FROM sbtest5 WHERE id BETWEEN 5291196 AND 5291295
	Index Scan using sbtest5_pkey on sbtest5  (cost=0.43..350.27 rows=91 width=121)
	  Index Cond: ((id >= 5291196) AND (id <= 5291295))

table 6 : explain SELECT c FROM sbtest6 WHERE id BETWEEN 883662 AND 883761
	Index Scan using sbtest6_pkey on sbtest6  (cost=0.43..367.97 rows=95 width=121)
	  Index Cond: ((id >= 883662) AND (id <= 883761))

table 7 : explain SELECT c FROM sbtest7 WHERE id BETWEEN 4749704 AND 4749803
	Index Scan using sbtest7_pkey on sbtest7  (cost=0.43..397.53 rows=103 width=121)
	  Index Cond: ((id >= 4749704) AND (id <= 4749803))

table 8 : explain SELECT c FROM sbtest8 WHERE id BETWEEN 8351346 AND 8351445
	Index Scan using sbtest8_pkey on sbtest8  (cost=0.43..387.04 rows=100 width=121)
	  Index Cond: ((id >= 8351346) AND (id <= 8351445))

for: simple_ranges
table 1 : explain SELECT c FROM sbtest1 WHERE id BETWEEN 4732079 AND 4732178
	Index Scan using sbtest1_pkey on sbtest1  (cost=0.43..409.41 rows=106 width=121)
	  Index Cond: ((id >= 4732079) AND (id <= 4732178))

table 2 : explain SELECT c FROM sbtest2 WHERE id BETWEEN 6337451 AND 6337550
	Index Scan using sbtest2_pkey on sbtest2  (cost=0.43..403.63 rows=104 width=121)
	  Index Cond: ((id >= 6337451) AND (id <= 6337550))

table 3 : explain SELECT c FROM sbtest3 WHERE id BETWEEN 8487286 AND 8487385
	Index Scan using sbtest3_pkey on sbtest3  (cost=0.43..366.60 rows=95 width=121)
	  Index Cond: ((id >= 8487286) AND (id <= 8487385))

table 4 : explain SELECT c FROM sbtest4 WHERE id BETWEEN 1368418 AND 1368517
	Index Scan using sbtest4_pkey on sbtest4  (cost=0.43..393.86 rows=102 width=121)
	  Index Cond: ((id >= 1368418) AND (id <= 1368517))

table 5 : explain SELECT c FROM sbtest5 WHERE id BETWEEN 5456979 AND 5457078
	Index Scan using sbtest5_pkey on sbtest5  (cost=0.43..392.09 rows=102 width=121)
	  Index Cond: ((id >= 5456979) AND (id <= 5457078))

table 6 : explain SELECT c FROM sbtest6 WHERE id BETWEEN 3493233 AND 3493332
	Index Scan using sbtest6_pkey on sbtest6  (cost=0.43..371.79 rows=96 width=121)
	  Index Cond: ((id >= 3493233) AND (id <= 3493332))

table 7 : explain SELECT c FROM sbtest7 WHERE id BETWEEN 7547071 AND 7547170
	Index Scan using sbtest7_pkey on sbtest7  (cost=0.43..401.34 rows=104 width=121)
	  Index Cond: ((id >= 7547071) AND (id <= 7547170))

table 8 : explain SELECT c FROM sbtest8 WHERE id BETWEEN 1922129 AND 1922228
	Index Scan using sbtest8_pkey on sbtest8  (cost=0.43..344.94 rows=89 width=121)
	  Index Cond: ((id >= 1922129) AND (id <= 1922228))

explain: for non_index_updates :: explain UPDATE sbtest%u SET c='foobar' WHERE id=%u
explain: for non_index_updates :: explain UPDATE sbtest%u SET c='foobar' WHERE id=%u
explain: for non_index_updates :: explain UPDATE sbtest%u SET c='foobar' WHERE id=%u
for: distinct_ranges
table 1 : explain SELECT DISTINCT c FROM sbtest1 WHERE id BETWEEN 6467370 AND 6467469 ORDER BY c
	Unique  (cost=335.78..336.21 rows=86 width=121)
	  ->  Sort  (cost=335.78..335.99 rows=86 width=121)
	        Sort Key: c
	        ->  Index Scan using sbtest1_pkey on sbtest1  (cost=0.43..333.01 rows=86 width=121)
	              Index Cond: ((id >= 6467370) AND (id <= 6467469))

table 2 : explain SELECT DISTINCT c FROM sbtest2 WHERE id BETWEEN 4567593 AND 4567692 ORDER BY c
	Unique  (cost=348.93..349.38 rows=89 width=121)
	  ->  Sort  (cost=348.93..349.15 rows=89 width=121)
	        Sort Key: c
	        ->  Index Scan using sbtest2_pkey on sbtest2  (cost=0.43..346.05 rows=89 width=121)
	              Index Cond: ((id >= 4567593) AND (id <= 4567692))

table 3 : explain SELECT DISTINCT c FROM sbtest3 WHERE id BETWEEN 8382266 AND 8382365 ORDER BY c
	Unique  (cost=381.27..381.76 rows=98 width=121)
	  ->  Sort  (cost=381.27..381.52 rows=98 width=121)
	        Sort Key: c
	        ->  Index Scan using sbtest3_pkey on sbtest3  (cost=0.43..378.03 rows=98 width=121)
	              Index Cond: ((id >= 8382266) AND (id <= 8382365))

table 4 : explain SELECT DISTINCT c FROM sbtest4 WHERE id BETWEEN 529498 AND 529597 ORDER BY c
	Unique  (cost=381.84..382.33 rows=98 width=121)
	  ->  Sort  (cost=381.84..382.08 rows=98 width=121)
	        Sort Key: c
	        ->  Index Scan using sbtest4_pkey on sbtest4  (cost=0.43..378.60 rows=98 width=121)
	              Index Cond: ((id >= 529498) AND (id <= 529597))

table 5 : explain SELECT DISTINCT c FROM sbtest5 WHERE id BETWEEN 8546982 AND 8547081 ORDER BY c
	Unique  (cost=395.49..396.00 rows=102 width=121)
	  ->  Sort  (cost=395.49..395.74 rows=102 width=121)
	        Sort Key: c
	        ->  Index Scan using sbtest5_pkey on sbtest5  (cost=0.43..392.09 rows=102 width=121)
	              Index Cond: ((id >= 8546982) AND (id <= 8547081))

table 6 : explain SELECT DISTINCT c FROM sbtest6 WHERE id BETWEEN 8538588 AND 8538687 ORDER BY c
	Unique  (cost=386.54..387.04 rows=99 width=121)
	  ->  Sort  (cost=386.54..386.79 rows=99 width=121)
	        Sort Key: c
	        ->  Index Scan using sbtest6_pkey on sbtest6  (cost=0.43..383.26 rows=99 width=121)
	              Index Cond: ((id >= 8538588) AND (id <= 8538687))

table 7 : explain SELECT DISTINCT c FROM sbtest7 WHERE id BETWEEN 5125749 AND 5125848 ORDER BY c
	Unique  (cost=335.42..335.85 rows=86 width=121)
	  ->  Sort  (cost=335.42..335.64 rows=86 width=121)
	        Sort Key: c
	        ->  Index Scan using sbtest7_pkey on sbtest7  (cost=0.43..332.66 rows=86 width=121)
	              Index Cond: ((id >= 5125749) AND (id <= 5125848))

table 8 : explain SELECT DISTINCT c FROM sbtest8 WHERE id BETWEEN 8375452 AND 8375551 ORDER BY c
	Unique  (cost=382.63..383.12 rows=98 width=121)
	  ->  Sort  (cost=382.63..382.88 rows=98 width=121)
	        Sort Key: c
	        ->  Index Scan using sbtest8_pkey on sbtest8  (cost=0.43..379.39 rows=98 width=121)
	              Index Cond: ((id >= 8375452) AND (id <= 8375551))

for non_index_updates
table 1 : explain UPDATE sbtest1 SET c='foobar' WHERE id=1276319
	Update on sbtest1  (cost=0.43..8.45 rows=0 width=0)
	  ->  Index Scan using sbtest1_pkey on sbtest1  (cost=0.43..8.45 rows=1 width=490)
	        Index Cond: (id = 1276319)

table 2 : explain UPDATE sbtest2 SET c='foobar' WHERE id=1865424
	Update on sbtest2  (cost=0.43..8.45 rows=0 width=0)
	  ->  Index Scan using sbtest2_pkey on sbtest2  (cost=0.43..8.45 rows=1 width=490)
	        Index Cond: (id = 1865424)

table 3 : explain UPDATE sbtest3 SET c='foobar' WHERE id=5318077
	Update on sbtest3  (cost=0.43..8.45 rows=0 width=0)
	  ->  Index Scan using sbtest3_pkey on sbtest3  (cost=0.43..8.45 rows=1 width=490)
	        Index Cond: (id = 5318077)

table 4 : explain UPDATE sbtest4 SET c='foobar' WHERE id=2813461
	Update on sbtest4  (cost=0.43..8.45 rows=0 width=0)
	  ->  Index Scan using sbtest4_pkey on sbtest4  (cost=0.43..8.45 rows=1 width=490)
	        Index Cond: (id = 2813461)

table 5 : explain UPDATE sbtest5 SET c='foobar' WHERE id=4779151
	Update on sbtest5  (cost=0.43..8.45 rows=0 width=0)
	  ->  Index Scan using sbtest5_pkey on sbtest5  (cost=0.43..8.45 rows=1 width=490)
	        Index Cond: (id = 4779151)

table 6 : explain UPDATE sbtest6 SET c='foobar' WHERE id=3002032
	Update on sbtest6  (cost=0.43..8.45 rows=0 width=0)
	  ->  Index Scan using sbtest6_pkey on sbtest6  (cost=0.43..8.45 rows=1 width=490)
	        Index Cond: (id = 3002032)

table 7 : explain UPDATE sbtest7 SET c='foobar' WHERE id=9300387
	Update on sbtest7  (cost=0.43..8.45 rows=0 width=0)
	  ->  Index Scan using sbtest7_pkey on sbtest7  (cost=0.43..8.45 rows=1 width=490)
	        Index Cond: (id = 9300387)

table 8 : explain UPDATE sbtest8 SET c='foobar' WHERE id=6913586
	Update on sbtest8  (cost=0.43..8.45 rows=0 width=0)
	  ->  Index Scan using sbtest8_pkey on sbtest8  (cost=0.43..8.45 rows=1 width=490)
	        Index Cond: (id = 6913586)

for: simple_ranges
table 1 : explain SELECT c FROM sbtest1 WHERE id BETWEEN 9638303 AND 9638402
	Index Scan using sbtest1_pkey on sbtest1  (cost=0.43..382.69 rows=99 width=121)
	  Index Cond: ((id >= 9638303) AND (id <= 9638402))

table 2 : explain SELECT c FROM sbtest2 WHERE id BETWEEN 7052180 AND 7052279
	Index Scan using sbtest2_pkey on sbtest2  (cost=0.43..418.97 rows=108 width=121)
	  Index Cond: ((id >= 7052180) AND (id <= 7052279))

table 3 : explain SELECT c FROM sbtest3 WHERE id BETWEEN 9211175 AND 9211274
	Index Scan using sbtest3_pkey on sbtest3  (cost=0.43..378.03 rows=98 width=121)
	  Index Cond: ((id >= 9211175) AND (id <= 9211274))

table 4 : explain SELECT c FROM sbtest4 WHERE id BETWEEN 160871 AND 160970
	Index Scan using sbtest4_pkey on sbtest4  (cost=0.43..428.18 rows=111 width=121)
	  Index Cond: ((id >= 160871) AND (id <= 160970))

table 5 : explain SELECT c FROM sbtest5 WHERE id BETWEEN 8988978 AND 8989077
	Index Scan using sbtest5_pkey on sbtest5  (cost=0.43..384.49 rows=100 width=121)
	  Index Cond: ((id >= 8988978) AND (id <= 8989077))

table 6 : explain SELECT c FROM sbtest6 WHERE id BETWEEN 4986651 AND 4986750
	Index Scan using sbtest6_pkey on sbtest6  (cost=0.43..356.45 rows=92 width=121)
	  Index Cond: ((id >= 4986651) AND (id <= 4986750))

table 7 : explain SELECT c FROM sbtest7 WHERE id BETWEEN 771100 AND 771199
	Index Scan using sbtest7_pkey on sbtest7  (cost=0.43..420.41 rows=109 width=121)
	  Index Cond: ((id >= 771100) AND (id <= 771199))

table 8 : explain SELECT c FROM sbtest8 WHERE id BETWEEN 629004 AND 629103
	Index Scan using sbtest8_pkey on sbtest8  (cost=0.43..383.22 rows=99 width=121)
	  Index Cond: ((id >= 629004) AND (id <= 629103))

for non_index_updates
table 1 : explain UPDATE sbtest1 SET c='foobar' WHERE id=5533366
	Update on sbtest1  (cost=0.43..8.45 rows=0 width=0)
	  ->  Index Scan using sbtest1_pkey on sbtest1  (cost=0.43..8.45 rows=1 width=490)
	        Index Cond: (id = 5533366)

table 2 : explain UPDATE sbtest2 SET c='foobar' WHERE id=1125438
	Update on sbtest2  (cost=0.43..8.45 rows=0 width=0)
	  ->  Index Scan using sbtest2_pkey on sbtest2  (cost=0.43..8.45 rows=1 width=490)
	        Index Cond: (id = 1125438)

table 3 : explain UPDATE sbtest3 SET c='foobar' WHERE id=5219845
	Update on sbtest3  (cost=0.43..8.45 rows=0 width=0)
	  ->  Index Scan using sbtest3_pkey on sbtest3  (cost=0.43..8.45 rows=1 width=490)
	        Index Cond: (id = 5219845)

table 4 : explain UPDATE sbtest4 SET c='foobar' WHERE id=2784784
	Update on sbtest4  (cost=0.43..8.45 rows=0 width=0)
	  ->  Index Scan using sbtest4_pkey on sbtest4  (cost=0.43..8.45 rows=1 width=490)
	        Index Cond: (id = 2784784)

table 5 : explain UPDATE sbtest5 SET c='foobar' WHERE id=7745262
	Update on sbtest5  (cost=0.43..8.45 rows=0 width=0)
	  ->  Index Scan using sbtest5_pkey on sbtest5  (cost=0.43..8.45 rows=1 width=490)
	        Index Cond: (id = 7745262)

table 6 : explain UPDATE sbtest6 SET c='foobar' WHERE id=4721713
	Update on sbtest6  (cost=0.43..8.45 rows=0 width=0)
	  ->  Index Scan using sbtest6_pkey on sbtest6  (cost=0.43..8.45 rows=1 width=490)
	        Index Cond: (id = 4721713)

table 7 : explain UPDATE sbtest7 SET c='foobar' WHERE id=3529249
	Update on sbtest7  (cost=0.43..8.45 rows=0 width=0)
	  ->  Index Scan using sbtest7_pkey on sbtest7  (cost=0.43..8.45 rows=1 width=490)
	        Index Cond: (id = 3529249)

table 8 : explain UPDATE sbtest8 SET c='foobar' WHERE id=3422852
	Update on sbtest8  (cost=0.43..8.45 rows=0 width=0)
	  ->  Index Scan using sbtest8_pkey on sbtest8  (cost=0.43..8.45 rows=1 width=490)
	        Index Cond: (id = 3422852)

explain: for index_updates :: explain UPDATE sbtest%u SET k=k+1 WHERE id=%u
explain: for deletes :: explain DELETE FROM sbtest%u WHERE id=%u
for non_index_updates
table 1 : explain UPDATE sbtest1 SET c='foobar' WHERE id=5714156
	Update on sbtest1  (cost=0.43..8.45 rows=0 width=0)
	  ->  Index Scan using sbtest1_pkey on sbtest1  (cost=0.43..8.45 rows=1 width=490)
	        Index Cond: (id = 5714156)

table 2 : explain UPDATE sbtest2 SET c='foobar' WHERE id=2762852
	Update on sbtest2  (cost=0.43..8.45 rows=0 width=0)
	  ->  Index Scan using sbtest2_pkey on sbtest2  (cost=0.43..8.45 rows=1 width=490)
	        Index Cond: (id = 2762852)

table 3 : explain UPDATE sbtest3 SET c='foobar' WHERE id=716157
	Update on sbtest3  (cost=0.43..8.45 rows=0 width=0)
	  ->  Index Scan using sbtest3_pkey on sbtest3  (cost=0.43..8.45 rows=1 width=490)
	        Index Cond: (id = 716157)

table 4 : explain UPDATE sbtest4 SET c='foobar' WHERE id=8407262
	Update on sbtest4  (cost=0.43..8.45 rows=0 width=0)
	  ->  Index Scan using sbtest4_pkey on sbtest4  (cost=0.43..8.45 rows=1 width=490)
	        Index Cond: (id = 8407262)

table 5 : explain UPDATE sbtest5 SET c='foobar' WHERE id=3902507
	Update on sbtest5  (cost=0.43..8.45 rows=0 width=0)
	  ->  Index Scan using sbtest5_pkey on sbtest5  (cost=0.43..8.45 rows=1 width=490)
	        Index Cond: (id = 3902507)

table 6 : explain UPDATE sbtest6 SET c='foobar' WHERE id=4963321
	Update on sbtest6  (cost=0.43..8.45 rows=0 width=0)
	  ->  Index Scan using sbtest6_pkey on sbtest6  (cost=0.43..8.45 rows=1 width=490)
	        Index Cond: (id = 4963321)

table 7 : explain UPDATE sbtest7 SET c='foobar' WHERE id=5250846
	Update on sbtest7  (cost=0.43..8.45 rows=0 width=0)
	  ->  Index Scan using sbtest7_pkey on sbtest7  (cost=0.43..8.45 rows=1 width=490)
	        Index Cond: (id = 5250846)

table 8 : explain UPDATE sbtest8 SET c='foobar' WHERE id=3002265
	Update on sbtest8  (cost=0.43..8.45 rows=0 width=0)
	  ->  Index Scan using sbtest8_pkey on sbtest8  (cost=0.43..8.45 rows=1 width=490)
	        Index Cond: (id = 3002265)

for: sum_ranges
table 1 : explain SELECT SUM(k) FROM sbtest1 WHERE id BETWEEN 8431809 AND 8431908
	Aggregate  (cost=390.57..390.58 rows=1 width=8)
	  ->  Index Scan using sbtest1_pkey on sbtest1  (cost=0.43..390.32 rows=101 width=4)
	        Index Cond: ((id >= 8431809) AND (id <= 8431908))

table 2 : explain SELECT SUM(k) FROM sbtest2 WHERE id BETWEEN 8080030 AND 8080129
	Aggregate  (cost=396.21..396.22 rows=1 width=8)
	  ->  Index Scan using sbtest2_pkey on sbtest2  (cost=0.43..395.95 rows=102 width=4)
	        Index Cond: ((id >= 8080030) AND (id <= 8080129))

table 3 : explain SELECT SUM(k) FROM sbtest3 WHERE id BETWEEN 1231735 AND 1231834
	Aggregate  (cost=397.33..397.34 rows=1 width=8)
	  ->  Index Scan using sbtest3_pkey on sbtest3  (cost=0.43..397.07 rows=103 width=4)
	        Index Cond: ((id >= 1231735) AND (id <= 1231834))

table 4 : explain SELECT SUM(k) FROM sbtest4 WHERE id BETWEEN 4333819 AND 4333918
	Aggregate  (cost=436.10..436.11 rows=1 width=8)
	  ->  Index Scan using sbtest4_pkey on sbtest4  (cost=0.43..435.81 rows=113 width=4)
	        Index Cond: ((id >= 4333819) AND (id <= 4333918))

table 5 : explain SELECT SUM(k) FROM sbtest5 WHERE id BETWEEN 2103924 AND 2104023
	Aggregate  (cost=399.94..399.95 rows=1 width=8)
	  ->  Index Scan using sbtest5_pkey on sbtest5  (cost=0.43..399.68 rows=104 width=4)
	        Index Cond: ((id >= 2103924) AND (id <= 2104023))

table 6 : explain SELECT SUM(k) FROM sbtest6 WHERE id BETWEEN 68314 AND 68413
	Aggregate  (cost=356.68..356.69 rows=1 width=8)
	  ->  Index Scan using sbtest6_pkey on sbtest6  (cost=0.43..356.45 rows=92 width=4)
	        Index Cond: ((id >= 68314) AND (id <= 68413))

table 7 : explain SELECT SUM(k) FROM sbtest7 WHERE id BETWEEN 4366037 AND 4366136
	Aggregate  (cost=359.58..359.59 rows=1 width=8)
	  ->  Index Scan using sbtest7_pkey on sbtest7  (cost=0.43..359.35 rows=93 width=4)
	        Index Cond: ((id >= 4366037) AND (id <= 4366136))

table 8 : explain SELECT SUM(k) FROM sbtest8 WHERE id BETWEEN 4522526 AND 4522625
	Aggregate  (cost=414.06..414.07 rows=1 width=8)
	  ->  Index Scan using sbtest8_pkey on sbtest8  (cost=0.43..413.80 rows=107 width=4)
	        Index Cond: ((id >= 4522526) AND (id <= 4522625))
for: simple_ranges
table 1 : explain SELECT c FROM sbtest1 WHERE id BETWEEN 591682 AND 591781
	Index Scan using sbtest1_pkey on sbtest1  (cost=0.43..390.32 rows=101 width=121)
	  Index Cond: ((id >= 591682) AND (id <= 591781))

table 2 : explain SELECT c FROM sbtest2 WHERE id BETWEEN 2949641 AND 2949740
	Index Scan using sbtest2_pkey on sbtest2  (cost=0.43..361.39 rows=93 width=121)
	  Index Cond: ((id >= 2949641) AND (id <= 2949740))

table 3 : explain SELECT c FROM sbtest3 WHERE id BETWEEN 3982646 AND 3982745
	Index Scan using sbtest3_pkey on sbtest3  (cost=0.43..378.03 rows=98 width=121)
	  Index Cond: ((id >= 3982646) AND (id <= 3982745))

table 4 : explain SELECT c FROM sbtest4 WHERE id BETWEEN 6599527 AND 6599626
	Index Scan using sbtest4_pkey on sbtest4  (cost=0.43..370.97 rows=96 width=121)
	  Index Cond: ((id >= 6599527) AND (id <= 6599626))

table 5 : explain SELECT c FROM sbtest5 WHERE id BETWEEN 6377190 AND 6377289
	Index Scan using sbtest5_pkey on sbtest5  (cost=0.43..407.27 rows=106 width=121)
	  Index Cond: ((id >= 6377190) AND (id <= 6377289))

table 6 : explain SELECT c FROM sbtest6 WHERE id BETWEEN 4130331 AND 4130430
	Index Scan using sbtest6_pkey on sbtest6  (cost=0.43..402.38 rows=104 width=121)
	  Index Cond: ((id >= 4130331) AND (id <= 4130430))

table 7 : explain SELECT c FROM sbtest7 WHERE id BETWEEN 7609845 AND 7609944
	Index Scan using sbtest7_pkey on sbtest7  (cost=0.43..424.22 rows=110 width=121)
	  Index Cond: ((id >= 7609845) AND (id <= 7609944))

table 8 : explain SELECT c FROM sbtest8 WHERE id BETWEEN 595510 AND 595609
	Index Scan using sbtest8_pkey on sbtest8  (cost=0.43..375.57 rows=97 width=121)
	  Index Cond: ((id >= 595510) AND (id <= 595609))


for non_index_updates
table 1 : explain UPDATE sbtest1 SET c='foobar' WHERE id=8606028
	Update on sbtest1  (cost=0.43..8.45 rows=0 width=0)
	  ->  Index Scan using sbtest1_pkey on sbtest1  (cost=0.43..8.45 rows=1 width=490)
	        Index Cond: (id = 8606028)

table 2 : explain UPDATE sbtest2 SET c='foobar' WHERE id=7567287
	Update on sbtest2  (cost=0.43..8.45 rows=0 width=0)
	  ->  Index Scan using sbtest2_pkey on sbtest2  (cost=0.43..8.45 rows=1 width=490)
	        Index Cond: (id = 7567287)

table 3 : explain UPDATE sbtest3 SET c='foobar' WHERE id=6692663
	Update on sbtest3  (cost=0.43..8.45 rows=0 width=0)
	  ->  Index Scan using sbtest3_pkey on sbtest3  (cost=0.43..8.45 rows=1 width=490)
	        Index Cond: (id = 6692663)

table 4 : explain UPDATE sbtest4 SET c='foobar' WHERE id=6343895
	Update on sbtest4  (cost=0.43..8.45 rows=0 width=0)
	  ->  Index Scan using sbtest4_pkey on sbtest4  (cost=0.43..8.45 rows=1 width=490)
	        Index Cond: (id = 6343895)

table 5 : explain UPDATE sbtest5 SET c='foobar' WHERE id=8444831
	Update on sbtest5  (cost=0.43..8.45 rows=0 width=0)
	  ->  Index Scan using sbtest5_pkey on sbtest5  (cost=0.43..8.45 rows=1 width=490)
	        Index Cond: (id = 8444831)

table 6 : explain UPDATE sbtest6 SET c='foobar' WHERE id=7289698
	Update on sbtest6  (cost=0.43..8.45 rows=0 width=0)
	  ->  Index Scan using sbtest6_pkey on sbtest6  (cost=0.43..8.45 rows=1 width=490)
	        Index Cond: (id = 7289698)

table 7 : explain UPDATE sbtest7 SET c='foobar' WHERE id=5883924
	Update on sbtest7  (cost=0.43..8.45 rows=0 width=0)
	  ->  Index Scan using sbtest7_pkey on sbtest7  (cost=0.43..8.45 rows=1 width=490)
	        Index Cond: (id = 5883924)

table 8 : explain UPDATE sbtest8 SET c='foobar' WHERE id=2942585
	Update on sbtest8  (cost=0.43..8.45 rows=0 width=0)
	  ->  Index Scan using sbtest8_pkey on sbtest8  (cost=0.43..8.45 rows=1 width=490)
	        Index Cond: (id = 2942585)

explain: for deletes :: explain DELETE FROM sbtest%u WHERE id=%u
explain: for deletes :: explain DELETE FROM sbtest%u WHERE id=%u
explain: for deletes :: explain DELETE FROM sbtest%u WHERE id=%u
for deletes
table 1 : explain DELETE FROM sbtest1 WHERE id=3834092
	Delete on sbtest1  (cost=0.43..8.45 rows=0 width=0)
	  ->  Index Scan using sbtest1_pkey on sbtest1  (cost=0.43..8.45 rows=1 width=6)
	        Index Cond: (id = 3834092)

table 2 : explain DELETE FROM sbtest2 WHERE id=2536426
	Delete on sbtest2  (cost=0.43..8.45 rows=0 width=0)
	  ->  Index Scan using sbtest2_pkey on sbtest2  (cost=0.43..8.45 rows=1 width=6)
	        Index Cond: (id = 2536426)

table 3 : explain DELETE FROM sbtest3 WHERE id=9380782
	Delete on sbtest3  (cost=0.43..8.45 rows=0 width=0)
	  ->  Index Scan using sbtest3_pkey on sbtest3  (cost=0.43..8.45 rows=1 width=6)
	        Index Cond: (id = 9380782)

table 4 : explain DELETE FROM sbtest4 WHERE id=7304773
	Delete on sbtest4  (cost=0.43..8.45 rows=0 width=0)
	  ->  Index Scan using sbtest4_pkey on sbtest4  (cost=0.43..8.45 rows=1 width=6)
	        Index Cond: (id = 7304773)

table 5 : explain DELETE FROM sbtest5 WHERE id=7264481
	Delete on sbtest5  (cost=0.43..8.45 rows=0 width=0)
	  ->  Index Scan using sbtest5_pkey on sbtest5  (cost=0.43..8.45 rows=1 width=6)
	        Index Cond: (id = 7264481)

table 6 : explain DELETE FROM sbtest6 WHERE id=8194306
	Delete on sbtest6  (cost=0.43..8.45 rows=0 width=0)
	  ->  Index Scan using sbtest6_pkey on sbtest6  (cost=0.43..8.45 rows=1 width=6)
	        Index Cond: (id = 8194306)

table 7 : explain DELETE FROM sbtest7 WHERE id=7662989
	Delete on sbtest7  (cost=0.43..8.45 rows=0 width=0)
	  ->  Index Scan using sbtest7_pkey on sbtest7  (cost=0.43..8.45 rows=1 width=6)
	        Index Cond: (id = 7662989)

table 8 : explain DELETE FROM sbtest8 WHERE id=482622
	Delete on sbtest8  (cost=0.43..8.45 rows=0 width=0)
	  ->  Index Scan using sbtest8_pkey on sbtest8  (cost=0.43..8.45 rows=1 width=6)
	        Index Cond: (id = 482622)

for: sum_ranges
table 1 : explain SELECT SUM(k) FROM sbtest1 WHERE id BETWEEN 9503593 AND 9503692
	Aggregate  (cost=394.39..394.40 rows=1 width=8)
	  ->  Index Scan using sbtest1_pkey on sbtest1  (cost=0.43..394.14 rows=102 width=4)
	        Index Cond: ((id >= 9503593) AND (id <= 9503692))

table 2 : explain SELECT SUM(k) FROM sbtest2 WHERE id BETWEEN 7879755 AND 7879854
	Aggregate  (cost=330.92..330.93 rows=1 width=8)
	  ->  Index Scan using sbtest2_pkey on sbtest2  (cost=0.43..330.71 rows=85 width=4)
	        Index Cond: ((id >= 7879755) AND (id <= 7879854))

table 3 : explain SELECT SUM(k) FROM sbtest3 WHERE id BETWEEN 5631558 AND 5631657
	Aggregate  (cost=363.03..363.04 rows=1 width=8)
	  ->  Index Scan using sbtest3_pkey on sbtest3  (cost=0.43..362.80 rows=94 width=4)
	        Index Cond: ((id >= 5631558) AND (id <= 5631657))

table 4 : explain SELECT SUM(k) FROM sbtest4 WHERE id BETWEEN 2513822 AND 2513921
	Aggregate  (cost=367.39..367.40 rows=1 width=8)
	  ->  Index Scan using sbtest4_pkey on sbtest4  (cost=0.43..367.16 rows=95 width=4)
	        Index Cond: ((id >= 2513822) AND (id <= 2513921))

table 5 : explain SELECT SUM(k) FROM sbtest5 WHERE id BETWEEN 673388 AND 673487
	Aggregate  (cost=396.14..396.15 rows=1 width=8)
	  ->  Index Scan using sbtest5_pkey on sbtest5  (cost=0.43..395.88 rows=103 width=4)
	        Index Cond: ((id >= 673388) AND (id <= 673487))

table 6 : explain SELECT SUM(k) FROM sbtest6 WHERE id BETWEEN 5734766 AND 5734865
	Aggregate  (cost=372.03..372.04 rows=1 width=8)
	  ->  Index Scan using sbtest6_pkey on sbtest6  (cost=0.43..371.79 rows=96 width=4)
	        Index Cond: ((id >= 5734766) AND (id <= 5734865))

table 7 : explain SELECT SUM(k) FROM sbtest7 WHERE id BETWEEN 511954 AND 512053
	Aggregate  (cost=371.08..371.09 rows=1 width=8)
	  ->  Index Scan using sbtest7_pkey on sbtest7  (cost=0.43..370.84 rows=96 width=4)
	        Index Cond: ((id >= 511954) AND (id <= 512053))

table 8 : explain SELECT SUM(k) FROM sbtest8 WHERE id BETWEEN 9256869 AND 9256968
	Aggregate  (cost=398.76..398.77 rows=1 width=8)
	  ->  Index Scan using sbtest8_pkey on sbtest8  (cost=0.43..398.51 rows=103 width=4)
	        Index Cond: ((id >= 9256869) AND (id <= 9256968))

for index_updates
table 1 : explain UPDATE sbtest1 SET k=k+1 WHERE id=3848326
	Update on sbtest1  (cost=0.43..8.46 rows=0 width=0)
	  ->  Index Scan using sbtest1_pkey on sbtest1  (cost=0.43..8.46 rows=1 width=10)
	        Index Cond: (id = 3848326)

table 2 : explain UPDATE sbtest2 SET k=k+1 WHERE id=3101596
	Update on sbtest2  (cost=0.43..8.46 rows=0 width=0)
	  ->  Index Scan using sbtest2_pkey on sbtest2  (cost=0.43..8.46 rows=1 width=10)
	        Index Cond: (id = 3101596)

table 3 : explain UPDATE sbtest3 SET k=k+1 WHERE id=3729683
	Update on sbtest3  (cost=0.43..8.46 rows=0 width=0)
	  ->  Index Scan using sbtest3_pkey on sbtest3  (cost=0.43..8.46 rows=1 width=10)
	        Index Cond: (id = 3729683)

table 4 : explain UPDATE sbtest4 SET k=k+1 WHERE id=4660340
	Update on sbtest4  (cost=0.43..8.46 rows=0 width=0)
	  ->  Index Scan using sbtest4_pkey on sbtest4  (cost=0.43..8.46 rows=1 width=10)
	        Index Cond: (id = 4660340)

table 5 : explain UPDATE sbtest5 SET k=k+1 WHERE id=6625261
	Update on sbtest5  (cost=0.43..8.46 rows=0 width=0)
	  ->  Index Scan using sbtest5_pkey on sbtest5  (cost=0.43..8.46 rows=1 width=10)
	        Index Cond: (id = 6625261)

table 6 : explain UPDATE sbtest6 SET k=k+1 WHERE id=4001242
	Update on sbtest6  (cost=0.43..8.46 rows=0 width=0)
	  ->  Index Scan using sbtest6_pkey on sbtest6  (cost=0.43..8.46 rows=1 width=10)
	        Index Cond: (id = 4001242)

table 7 : explain UPDATE sbtest7 SET k=k+1 WHERE id=1117650
	Update on sbtest7  (cost=0.43..8.46 rows=0 width=0)
	  ->  Index Scan using sbtest7_pkey on sbtest7  (cost=0.43..8.46 rows=1 width=10)
	        Index Cond: (id = 1117650)

table 8 : explain UPDATE sbtest8 SET k=k+1 WHERE id=6556583
	Update on sbtest8  (cost=0.43..8.46 rows=0 width=0)
	  ->  Index Scan using sbtest8_pkey on sbtest8  (cost=0.43..8.46 rows=1 width=10)
	        Index Cond: (id = 6556583)

for: sum_ranges
table 1 : explain SELECT SUM(k) FROM sbtest1 WHERE id BETWEEN 9461233 AND 9461332
	Aggregate  (cost=413.49..413.50 rows=1 width=8)
	  ->  Index Scan using sbtest1_pkey on sbtest1  (cost=0.43..413.22 rows=107 width=4)
	        Index Cond: ((id >= 9461233) AND (id <= 9461332))

table 2 : explain SELECT SUM(k) FROM sbtest2 WHERE id BETWEEN 6473626 AND 6473725
	Aggregate  (cost=426.91..426.92 rows=1 width=8)
	  ->  Index Scan using sbtest2_pkey on sbtest2  (cost=0.43..426.64 rows=110 width=4)
	        Index Cond: ((id >= 6473626) AND (id <= 6473725))

table 3 : explain SELECT SUM(k) FROM sbtest3 WHERE id BETWEEN 8045047 AND 8045146
	Aggregate  (cost=389.71..389.72 rows=1 width=8)
	  ->  Index Scan using sbtest3_pkey on sbtest3  (cost=0.43..389.45 rows=101 width=4)
	        Index Cond: ((id >= 8045047) AND (id <= 8045146))

table 4 : explain SELECT SUM(k) FROM sbtest4 WHERE id BETWEEN 408381 AND 408480
	Aggregate  (cost=363.58..363.59 rows=1 width=8)
	  ->  Index Scan using sbtest4_pkey on sbtest4  (cost=0.43..363.34 rows=94 width=4)
	        Index Cond: ((id >= 408381) AND (id <= 408480))

table 5 : explain SELECT SUM(k) FROM sbtest5 WHERE id BETWEEN 2758072 AND 2758171
	Aggregate  (cost=396.14..396.15 rows=1 width=8)
	  ->  Index Scan using sbtest5_pkey on sbtest5  (cost=0.43..395.88 rows=103 width=4)
	        Index Cond: ((id >= 2758072) AND (id <= 2758171))

table 6 : explain SELECT SUM(k) FROM sbtest6 WHERE id BETWEEN 9147015 AND 9147114
	Aggregate  (cost=360.51..360.52 rows=1 width=8)
	  ->  Index Scan using sbtest6_pkey on sbtest6  (cost=0.43..360.27 rows=93 width=4)
	        Index Cond: ((id >= 9147015) AND (id <= 9147114))

table 7 : explain SELECT SUM(k) FROM sbtest7 WHERE id BETWEEN 4629196 AND 4629295
	Aggregate  (cost=405.42..405.43 rows=1 width=8)
	  ->  Index Scan using sbtest7_pkey on sbtest7  (cost=0.43..405.16 rows=105 width=4)
	        Index Cond: ((id >= 4629196) AND (id <= 4629295))

table 8 : explain SELECT SUM(k) FROM sbtest8 WHERE id BETWEEN 2743911 AND 2744010
	Aggregate  (cost=379.64..379.65 rows=1 width=8)
	  ->  Index Scan using sbtest8_pkey on sbtest8  (cost=0.43..379.39 rows=98 width=4)
	        Index Cond: ((id >= 2743911) AND (id <= 2744010))

for deletes
table 1 : explain DELETE FROM sbtest1 WHERE id=6917474
	Delete on sbtest1  (cost=0.43..8.45 rows=0 width=0)
	  ->  Index Scan using sbtest1_pkey on sbtest1  (cost=0.43..8.45 rows=1 width=6)
	        Index Cond: (id = 6917474)

table 2 : explain DELETE FROM sbtest2 WHERE id=2281852
	Delete on sbtest2  (cost=0.43..8.45 rows=0 width=0)
	  ->  Index Scan using sbtest2_pkey on sbtest2  (cost=0.43..8.45 rows=1 width=6)
	        Index Cond: (id = 2281852)

table 3 : explain DELETE FROM sbtest3 WHERE id=992842
	Delete on sbtest3  (cost=0.43..8.45 rows=0 width=0)
	  ->  Index Scan using sbtest3_pkey on sbtest3  (cost=0.43..8.45 rows=1 width=6)
	        Index Cond: (id = 992842)

table 4 : explain DELETE FROM sbtest4 WHERE id=8335623
	Delete on sbtest4  (cost=0.43..8.45 rows=0 width=0)
	  ->  Index Scan using sbtest4_pkey on sbtest4  (cost=0.43..8.45 rows=1 width=6)
	        Index Cond: (id = 8335623)

table 5 : explain DELETE FROM sbtest5 WHERE id=3925822
	Delete on sbtest5  (cost=0.43..8.45 rows=0 width=0)
	  ->  Index Scan using sbtest5_pkey on sbtest5  (cost=0.43..8.45 rows=1 width=6)
	        Index Cond: (id = 3925822)

table 6 : explain DELETE FROM sbtest6 WHERE id=3988770
	Delete on sbtest6  (cost=0.43..8.45 rows=0 width=0)
	  ->  Index Scan using sbtest6_pkey on sbtest6  (cost=0.43..8.45 rows=1 width=6)
	        Index Cond: (id = 3988770)

table 7 : explain DELETE FROM sbtest7 WHERE id=8242069
	Delete on sbtest7  (cost=0.43..8.45 rows=0 width=0)
	  ->  Index Scan using sbtest7_pkey on sbtest7  (cost=0.43..8.45 rows=1 width=6)
	        Index Cond: (id = 8242069)

table 8 : explain DELETE FROM sbtest8 WHERE id=1289746
	Delete on sbtest8  (cost=0.43..8.45 rows=0 width=0)
	  ->  Index Scan using sbtest8_pkey on sbtest8  (cost=0.43..8.45 rows=1 width=6)
	        Index Cond: (id = 1289746)

for deletes
table 1 : explain DELETE FROM sbtest1 WHERE id=4121586
	Delete on sbtest1  (cost=0.43..8.45 rows=0 width=0)
	  ->  Index Scan using sbtest1_pkey on sbtest1  (cost=0.43..8.45 rows=1 width=6)
	        Index Cond: (id = 4121586)

table 2 : explain DELETE FROM sbtest2 WHERE id=6249309
	Delete on sbtest2  (cost=0.43..8.45 rows=0 width=0)
	  ->  Index Scan using sbtest2_pkey on sbtest2  (cost=0.43..8.45 rows=1 width=6)
	        Index Cond: (id = 6249309)

table 3 : explain DELETE FROM sbtest3 WHERE id=7709940
	Delete on sbtest3  (cost=0.43..8.45 rows=0 width=0)
	  ->  Index Scan using sbtest3_pkey on sbtest3  (cost=0.43..8.45 rows=1 width=6)
	        Index Cond: (id = 7709940)

table 4 : explain DELETE FROM sbtest4 WHERE id=3773910
	Delete on sbtest4  (cost=0.43..8.45 rows=0 width=0)
	  ->  Index Scan using sbtest4_pkey on sbtest4  (cost=0.43..8.45 rows=1 width=6)
	        Index Cond: (id = 3773910)

table 5 : explain DELETE FROM sbtest5 WHERE id=6918540
	Delete on sbtest5  (cost=0.43..8.45 rows=0 width=0)
	  ->  Index Scan using sbtest5_pkey on sbtest5  (cost=0.43..8.45 rows=1 width=6)
	        Index Cond: (id = 6918540)

table 6 : explain DELETE FROM sbtest6 WHERE id=3608452
	Delete on sbtest6  (cost=0.43..8.45 rows=0 width=0)
	  ->  Index Scan using sbtest6_pkey on sbtest6  (cost=0.43..8.45 rows=1 width=6)
	        Index Cond: (id = 3608452)

table 7 : explain DELETE FROM sbtest7 WHERE id=4407638
	Delete on sbtest7  (cost=0.43..8.45 rows=0 width=0)
	  ->  Index Scan using sbtest7_pkey on sbtest7  (cost=0.43..8.45 rows=1 width=6)
	        Index Cond: (id = 4407638)

table 8 : explain DELETE FROM sbtest8 WHERE id=2590564
	Delete on sbtest8  (cost=0.43..8.45 rows=0 width=0)
	  ->  Index Scan using sbtest8_pkey on sbtest8  (cost=0.43..8.45 rows=1 width=6)
	        Index Cond: (id = 2590564)

for deletes
table 1 : explain DELETE FROM sbtest1 WHERE id=5357538
	Delete on sbtest1  (cost=0.43..8.45 rows=0 width=0)
	  ->  Index Scan using sbtest1_pkey on sbtest1  (cost=0.43..8.45 rows=1 width=6)
	        Index Cond: (id = 5357538)

table 2 : explain DELETE FROM sbtest2 WHERE id=7570126
	Delete on sbtest2  (cost=0.43..8.45 rows=0 width=0)
	  ->  Index Scan using sbtest2_pkey on sbtest2  (cost=0.43..8.45 rows=1 width=6)
	        Index Cond: (id = 7570126)

table 3 : explain DELETE FROM sbtest3 WHERE id=6883951
	Delete on sbtest3  (cost=0.43..8.45 rows=0 width=0)
	  ->  Index Scan using sbtest3_pkey on sbtest3  (cost=0.43..8.45 rows=1 width=6)
	        Index Cond: (id = 6883951)

table 4 : explain DELETE FROM sbtest4 WHERE id=402190
	Delete on sbtest4  (cost=0.43..8.45 rows=0 width=0)
	  ->  Index Scan using sbtest4_pkey on sbtest4  (cost=0.43..8.45 rows=1 width=6)
	        Index Cond: (id = 402190)

table 5 : explain DELETE FROM sbtest5 WHERE id=596323
	Delete on sbtest5  (cost=0.43..8.45 rows=0 width=0)
	  ->  Index Scan using sbtest5_pkey on sbtest5  (cost=0.43..8.45 rows=1 width=6)
	        Index Cond: (id = 596323)

table 6 : explain DELETE FROM sbtest6 WHERE id=1171746
	Delete on sbtest6  (cost=0.43..8.45 rows=0 width=0)
	  ->  Index Scan using sbtest6_pkey on sbtest6  (cost=0.43..8.45 rows=1 width=6)
	        Index Cond: (id = 1171746)

table 7 : explain DELETE FROM sbtest7 WHERE id=1006624
	Delete on sbtest7  (cost=0.43..8.45 rows=0 width=0)
	  ->  Index Scan using sbtest7_pkey on sbtest7  (cost=0.43..8.45 rows=1 width=6)
	        Index Cond: (id = 1006624)

table 8 : explain DELETE FROM sbtest8 WHERE id=4957345
	Delete on sbtest8  (cost=0.43..8.45 rows=0 width=0)
	  ->  Index Scan using sbtest8_pkey on sbtest8  (cost=0.43..8.45 rows=1 width=6)
	        Index Cond: (id = 4957345)

explain: for non_index_updates :: explain UPDATE sbtest%u SET c='foobar' WHERE id=%u
explain: for inserts :: explain INSERT INTO sbtest%u (id, k, c, pad) VALUES (%u, 13, 'foobar', 'foobar')
for: sum_ranges
table 1 : explain SELECT SUM(k) FROM sbtest1 WHERE id BETWEEN 4454843 AND 4454942
	Aggregate  (cost=348.51..348.52 rows=1 width=8)
	  ->  Index Scan using sbtest1_pkey on sbtest1  (cost=0.43..348.28 rows=90 width=4)
	        Index Cond: ((id >= 4454843) AND (id <= 4454942))

table 2 : explain SELECT SUM(k) FROM sbtest2 WHERE id BETWEEN 6828531 AND 6828630
	Aggregate  (cost=411.56..411.57 rows=1 width=8)
	  ->  Index Scan using sbtest2_pkey on sbtest2  (cost=0.43..411.30 rows=106 width=4)
	        Index Cond: ((id >= 6828531) AND (id <= 6828630))

table 3 : explain SELECT SUM(k) FROM sbtest3 WHERE id BETWEEN 8638679 AND 8638778
	Aggregate  (cost=404.95..404.96 rows=1 width=8)
	  ->  Index Scan using sbtest3_pkey on sbtest3  (cost=0.43..404.69 rows=105 width=4)
	        Index Cond: ((id >= 8638679) AND (id <= 8638778))

table 4 : explain SELECT SUM(k) FROM sbtest4 WHERE id BETWEEN 8046944 AND 8047043
	Aggregate  (cost=420.83..420.84 rows=1 width=8)
	  ->  Index Scan using sbtest4_pkey on sbtest4  (cost=0.43..420.56 rows=109 width=4)
	        Index Cond: ((id >= 8046944) AND (id <= 8047043))

table 5 : explain SELECT SUM(k) FROM sbtest5 WHERE id BETWEEN 1159072 AND 1159171
	Aggregate  (cost=392.34..392.35 rows=1 width=8)
	  ->  Index Scan using sbtest5_pkey on sbtest5  (cost=0.43..392.09 rows=102 width=4)
	        Index Cond: ((id >= 1159072) AND (id <= 1159171))

table 6 : explain SELECT SUM(k) FROM sbtest6 WHERE id BETWEEN 68931 AND 69030
	Aggregate  (cost=356.68..356.69 rows=1 width=8)
	  ->  Index Scan using sbtest6_pkey on sbtest6  (cost=0.43..356.45 rows=92 width=4)
	        Index Cond: ((id >= 68931) AND (id <= 69030))

table 7 : explain SELECT SUM(k) FROM sbtest7 WHERE id BETWEEN 1201803 AND 1201902
	Aggregate  (cost=363.45..363.46 rows=1 width=8)
	  ->  Index Scan using sbtest7_pkey on sbtest7  (cost=0.43..363.22 rows=94 width=4)
	        Index Cond: ((id >= 1201803) AND (id <= 1201902))

table 8 : explain SELECT SUM(k) FROM sbtest8 WHERE id BETWEEN 7247607 AND 7247706
	Aggregate  (cost=364.34..364.35 rows=1 width=8)
	  ->  Index Scan using sbtest8_pkey on sbtest8  (cost=0.43..364.10 rows=94 width=4)
	        Index Cond: ((id >= 7247607) AND (id <= 7247706))

for inserts
table 1 : explain INSERT INTO sbtest1 (id, k, c, pad) VALUES (8392042, 13, 'foobar', 'foobar')
	Insert on sbtest1  (cost=0.00..0.01 rows=0 width=0)
	  ->  Result  (cost=0.00..0.01 rows=1 width=736)

table 2 : explain INSERT INTO sbtest2 (id, k, c, pad) VALUES (6160337, 13, 'foobar', 'foobar')
	Insert on sbtest2  (cost=0.00..0.01 rows=0 width=0)
	  ->  Result  (cost=0.00..0.01 rows=1 width=736)

table 3 : explain INSERT INTO sbtest3 (id, k, c, pad) VALUES (4763070, 13, 'foobar', 'foobar')
	Insert on sbtest3  (cost=0.00..0.01 rows=0 width=0)
	  ->  Result  (cost=0.00..0.01 rows=1 width=736)

table 4 : explain INSERT INTO sbtest4 (id, k, c, pad) VALUES (2873675, 13, 'foobar', 'foobar')
	Insert on sbtest4  (cost=0.00..0.01 rows=0 width=0)
	  ->  Result  (cost=0.00..0.01 rows=1 width=736)

table 5 : explain INSERT INTO sbtest5 (id, k, c, pad) VALUES (2803839, 13, 'foobar', 'foobar')
	Insert on sbtest5  (cost=0.00..0.01 rows=0 width=0)
	  ->  Result  (cost=0.00..0.01 rows=1 width=736)

table 6 : explain INSERT INTO sbtest6 (id, k, c, pad) VALUES (5375866, 13, 'foobar', 'foobar')
	Insert on sbtest6  (cost=0.00..0.01 rows=0 width=0)
	  ->  Result  (cost=0.00..0.01 rows=1 width=736)

table 7 : explain INSERT INTO sbtest7 (id, k, c, pad) VALUES (9086654, 13, 'foobar', 'foobar')
	Insert on sbtest7  (cost=0.00..0.01 rows=0 width=0)
	  ->  Result  (cost=0.00..0.01 rows=1 width=736)

table 8 : explain INSERT INTO sbtest8 (id, k, c, pad) VALUES (1842945, 13, 'foobar', 'foobar')
	Insert on sbtest8  (cost=0.00..0.01 rows=0 width=0)
	  ->  Result  (cost=0.00..0.01 rows=1 width=736)

for: sum_ranges
table 1 : explain SELECT SUM(k) FROM sbtest1 WHERE id BETWEEN 2610495 AND 2610594
	Aggregate  (cost=424.95..424.96 rows=1 width=8)
	  ->  Index Scan using sbtest1_pkey on sbtest1  (cost=0.43..424.68 rows=110 width=4)
	        Index Cond: ((id >= 2610495) AND (id <= 2610594))

table 2 : explain SELECT SUM(k) FROM sbtest2 WHERE id BETWEEN 5111950 AND 5112049
	Aggregate  (cost=388.53..388.54 rows=1 width=8)
	  ->  Index Scan using sbtest2_pkey on sbtest2  (cost=0.43..388.28 rows=100 width=4)
	        Index Cond: ((id >= 5111950) AND (id <= 5112049))

table 3 : explain SELECT SUM(k) FROM sbtest3 WHERE id BETWEEN 8416183 AND 8416282
	Aggregate  (cost=378.27..378.28 rows=1 width=8)
	  ->  Index Scan using sbtest3_pkey on sbtest3  (cost=0.43..378.03 rows=98 width=4)
	        Index Cond: ((id >= 8416183) AND (id <= 8416282))

table 4 : explain SELECT SUM(k) FROM sbtest4 WHERE id BETWEEN 9705000 AND 9705099
	Aggregate  (cost=336.81..336.82 rows=1 width=8)
	  ->  Index Scan using sbtest4_pkey on sbtest4  (cost=0.43..336.59 rows=87 width=4)
	        Index Cond: ((id >= 9705000) AND (id <= 9705099))

table 5 : explain SELECT SUM(k) FROM sbtest5 WHERE id BETWEEN 5375236 AND 5375335
	Aggregate  (cost=373.34..373.35 rows=1 width=8)
	  ->  Index Scan using sbtest5_pkey on sbtest5  (cost=0.43..373.10 rows=97 width=4)
	        Index Cond: ((id >= 5375236) AND (id <= 5375335))

table 6 : explain SELECT SUM(k) FROM sbtest6 WHERE id BETWEEN 6723036 AND 6723135
	Aggregate  (cost=379.68..379.69 rows=1 width=8)
	  ->  Index Scan using sbtest6_pkey on sbtest6  (cost=0.43..379.44 rows=98 width=4)
	        Index Cond: ((id >= 6723036) AND (id <= 6723135))

table 7 : explain SELECT SUM(k) FROM sbtest7 WHERE id BETWEEN 2931368 AND 2931467
	Aggregate  (cost=355.77..355.78 rows=1 width=8)
	  ->  Index Scan using sbtest7_pkey on sbtest7  (cost=0.43..355.54 rows=92 width=4)
	        Index Cond: ((id >= 2931368) AND (id <= 2931467))

table 8 : explain SELECT SUM(k) FROM sbtest8 WHERE id BETWEEN 9552813 AND 9552912
	Aggregate  (cost=394.94..394.95 rows=1 width=8)
	  ->  Index Scan using sbtest8_pkey on sbtest8  (cost=0.43..394.68 rows=102 width=4)
	        Index Cond: ((id >= 9552813) AND (id <= 9552912))

explain: for inserts :: explain INSERT INTO sbtest%u (id, k, c, pad) VALUES (%u, 13, 'foobar', 'foobar')
for non_index_updates
table 1 : explain UPDATE sbtest1 SET c='foobar' WHERE id=2893905
	Update on sbtest1  (cost=0.43..8.45 rows=0 width=0)
	  ->  Index Scan using sbtest1_pkey on sbtest1  (cost=0.43..8.45 rows=1 width=490)
	        Index Cond: (id = 2893905)

table 2 : explain UPDATE sbtest2 SET c='foobar' WHERE id=4676197
	Update on sbtest2  (cost=0.43..8.45 rows=0 width=0)
	  ->  Index Scan using sbtest2_pkey on sbtest2  (cost=0.43..8.45 rows=1 width=490)
	        Index Cond: (id = 4676197)

table 3 : explain UPDATE sbtest3 SET c='foobar' WHERE id=6199047
	Update on sbtest3  (cost=0.43..8.45 rows=0 width=0)
	  ->  Index Scan using sbtest3_pkey on sbtest3  (cost=0.43..8.45 rows=1 width=490)
	        Index Cond: (id = 6199047)

table 4 : explain UPDATE sbtest4 SET c='foobar' WHERE id=3725366
	Update on sbtest4  (cost=0.43..8.45 rows=0 width=0)
	  ->  Index Scan using sbtest4_pkey on sbtest4  (cost=0.43..8.45 rows=1 width=490)
	        Index Cond: (id = 3725366)

table 5 : explain UPDATE sbtest5 SET c='foobar' WHERE id=3414661
	Update on sbtest5  (cost=0.43..8.45 rows=0 width=0)
	  ->  Index Scan using sbtest5_pkey on sbtest5  (cost=0.43..8.45 rows=1 width=490)
	        Index Cond: (id = 3414661)

table 6 : explain UPDATE sbtest6 SET c='foobar' WHERE id=4305149
	Update on sbtest6  (cost=0.43..8.45 rows=0 width=0)
	  ->  Index Scan using sbtest6_pkey on sbtest6  (cost=0.43..8.45 rows=1 width=490)
	        Index Cond: (id = 4305149)

table 7 : explain UPDATE sbtest7 SET c='foobar' WHERE id=7178541
	Update on sbtest7  (cost=0.43..8.45 rows=0 width=0)
	  ->  Index Scan using sbtest7_pkey on sbtest7  (cost=0.43..8.45 rows=1 width=490)
	        Index Cond: (id = 7178541)

table 8 : explain UPDATE sbtest8 SET c='foobar' WHERE id=6058191
	Update on sbtest8  (cost=0.43..8.45 rows=0 width=0)
	  ->  Index Scan using sbtest8_pkey on sbtest8  (cost=0.43..8.45 rows=1 width=490)
	        Index Cond: (id = 6058191)

for: order_ranges
table 1 : explain SELECT c FROM sbtest1 WHERE id BETWEEN 3174264 AND 3174363 ORDER BY c
	Sort  (cost=409.12..409.38 rows=105 width=121)
	  Sort Key: c
	  ->  Index Scan using sbtest1_pkey on sbtest1  (cost=0.43..405.59 rows=105 width=121)
	        Index Cond: ((id >= 3174264) AND (id <= 3174363))

table 2 : explain SELECT c FROM sbtest2 WHERE id BETWEEN 455432 AND 455531 ORDER BY c
	Sort  (cost=403.23..403.49 rows=103 width=121)
	  Sort Key: c
	  ->  Index Scan using sbtest2_pkey on sbtest2  (cost=0.43..399.79 rows=103 width=121)
	        Index Cond: ((id >= 455432) AND (id <= 455531))

table 3 : explain SELECT c FROM sbtest3 WHERE id BETWEEN 5569083 AND 5569182 ORDER BY c
	Sort  (cost=365.88..366.11 rows=94 width=121)
	  Sort Key: c
	  ->  Index Scan using sbtest3_pkey on sbtest3  (cost=0.43..362.80 rows=94 width=121)
	        Index Cond: ((id >= 5569083) AND (id <= 5569182))

table 4 : explain SELECT c FROM sbtest4 WHERE id BETWEEN 1821857 AND 1821956 ORDER BY c
	Sort  (cost=416.53..416.80 rows=107 width=121)
	  Sort Key: c
	  ->  Index Scan using sbtest4_pkey on sbtest4  (cost=0.43..412.93 rows=107 width=121)
	        Index Cond: ((id >= 1821857) AND (id <= 1821956))

table 5 : explain SELECT c FROM sbtest5 WHERE id BETWEEN 3894079 AND 3894178 ORDER BY c
	Sort  (cost=395.49..395.74 rows=102 width=121)
	  Sort Key: c
	  ->  Index Scan using sbtest5_pkey on sbtest5  (cost=0.43..392.09 rows=102 width=121)
	        Index Cond: ((id >= 3894079) AND (id <= 3894178))

table 6 : explain SELECT c FROM sbtest6 WHERE id BETWEEN 4568683 AND 4568782 ORDER BY c
	Sort  (cost=429.04..429.32 rows=110 width=121)
	  Sort Key: c
	  ->  Index Scan using sbtest6_pkey on sbtest6  (cost=0.43..425.31 rows=110 width=121)
	        Index Cond: ((id >= 4568683) AND (id <= 4568782))

table 7 : explain SELECT c FROM sbtest7 WHERE id BETWEEN 1352895 AND 1352994 ORDER BY c
	Sort  (cost=412.54..412.80 rows=106 width=121)
	  Sort Key: c
	  ->  Index Scan using sbtest7_pkey on sbtest7  (cost=0.43..408.97 rows=106 width=121)
	        Index Cond: ((id >= 1352895) AND (id <= 1352994))

table 8 : explain SELECT c FROM sbtest8 WHERE id BETWEEN 4181069 AND 4181168 ORDER BY c
	Sort  (cost=409.68..409.94 rows=105 width=121)
	  Sort Key: c
	  ->  Index Scan using sbtest8_pkey on sbtest8  (cost=0.43..406.15 rows=105 width=121)
	        Index Cond: ((id >= 4181069) AND (id <= 4181168))

explain: for deletes :: explain DELETE FROM sbtest%u WHERE id=%u
explain: for point_selects :: explain SELECT c FROM sbtest%u WHERE id=%u
explain: for inserts :: explain INSERT INTO sbtest%u (id, k, c, pad) VALUES (%u, 13, 'foobar', 'foobar')
for: order_ranges
table 1 : explain SELECT c FROM sbtest1 WHERE id BETWEEN 7702256 AND 7702355 ORDER BY c
	Sort  (cost=416.83..417.10 rows=107 width=121)
	  Sort Key: c
	  ->  Index Scan using sbtest1_pkey on sbtest1  (cost=0.43..413.22 rows=107 width=121)
	        Index Cond: ((id >= 7702256) AND (id <= 7702355))

table 2 : explain SELECT c FROM sbtest2 WHERE id BETWEEN 7269391 AND 7269490 ORDER BY c
	Sort  (cost=395.48..395.73 rows=101 width=121)
	  Sort Key: c
	  ->  Index Scan using sbtest2_pkey on sbtest2  (cost=0.43..392.12 rows=101 width=121)
	        Index Cond: ((id >= 7269391) AND (id <= 7269490))

table 3 : explain SELECT c FROM sbtest3 WHERE id BETWEEN 2054628 AND 2054727 ORDER BY c
	Sort  (cost=454.41..454.70 rows=117 width=121)
	  Sort Key: c
	  ->  Index Scan using sbtest3_pkey on sbtest3  (cost=0.43..450.39 rows=117 width=121)
	        Index Cond: ((id >= 2054628) AND (id <= 2054727))

table 4 : explain SELECT c FROM sbtest4 WHERE id BETWEEN 7983473 AND 7983572 ORDER BY c
	Sort  (cost=424.24..424.52 rows=109 width=121)
	  Sort Key: c
	  ->  Index Scan using sbtest4_pkey on sbtest4  (cost=0.43..420.56 rows=109 width=121)
	        Index Cond: ((id >= 7983473) AND (id <= 7983572))

table 5 : explain SELECT c FROM sbtest5 WHERE id BETWEEN 1939219 AND 1939318 ORDER BY c
	Sort  (cost=376.30..376.55 rows=97 width=121)
	  Sort Key: c
	  ->  Index Scan using sbtest5_pkey on sbtest5  (cost=0.43..373.10 rows=97 width=121)
	        Index Cond: ((id >= 1939219) AND (id <= 1939318))

table 6 : explain SELECT c FROM sbtest6 WHERE id BETWEEN 2060958 AND 2061057 ORDER BY c
	Sort  (cost=382.68..382.92 rows=98 width=121)
	  Sort Key: c
	  ->  Index Scan using sbtest6_pkey on sbtest6  (cost=0.43..379.44 rows=98 width=121)
	        Index Cond: ((id >= 2060958) AND (id <= 2061057))

table 7 : explain SELECT c FROM sbtest7 WHERE id BETWEEN 5551156 AND 5551255 ORDER BY c
	Sort  (cost=389.41..389.66 rows=100 width=121)
	  Sort Key: c
	  ->  Index Scan using sbtest7_pkey on sbtest7  (cost=0.43..386.09 rows=100 width=121)
	        Index Cond: ((id >= 5551156) AND (id <= 5551255))

table 8 : explain SELECT c FROM sbtest8 WHERE id BETWEEN 9997263 AND 9997362 ORDER BY c
	Sort  (cost=390.36..390.61 rows=100 width=121)
	  Sort Key: c
	  ->  Index Scan using sbtest8_pkey on sbtest8  (cost=0.43..387.04 rows=100 width=121)
	        Index Cond: ((id >= 9997263) AND (id <= 9997362))

for: distinct_ranges
table 1 : explain SELECT DISTINCT c FROM sbtest1 WHERE id BETWEEN 3019022 AND 3019121 ORDER BY c
	Unique  (cost=358.92..359.38 rows=92 width=121)
	  ->  Sort  (cost=358.92..359.15 rows=92 width=121)
	        Sort Key: c
	        ->  Index Scan using sbtest1_pkey on sbtest1  (cost=0.43..355.92 rows=92 width=121)
	              Index Cond: ((id >= 3019022) AND (id <= 3019121))

table 2 : explain SELECT DISTINCT c FROM sbtest2 WHERE id BETWEEN 7378378 AND 7378477 ORDER BY c
	Unique  (cost=348.93..349.38 rows=89 width=121)
	  ->  Sort  (cost=348.93..349.15 rows=89 width=121)
	        Sort Key: c
	        ->  Index Scan using sbtest2_pkey on sbtest2  (cost=0.43..346.05 rows=89 width=121)
	              Index Cond: ((id >= 7378378) AND (id <= 7378477))

table 3 : explain SELECT DISTINCT c FROM sbtest3 WHERE id BETWEEN 5371057 AND 5371156 ORDER BY c
	Unique  (cost=400.51..401.03 rows=103 width=121)
	  ->  Sort  (cost=400.51..400.77 rows=103 width=121)
	        Sort Key: c
	        ->  Index Scan using sbtest3_pkey on sbtest3  (cost=0.43..397.07 rows=103 width=121)
	              Index Cond: ((id >= 5371057) AND (id <= 5371156))

table 4 : explain SELECT DISTINCT c FROM sbtest4 WHERE id BETWEEN 3142200 AND 3142299 ORDER BY c
	Unique  (cost=377.98..378.47 rows=97 width=121)
	  ->  Sort  (cost=377.98..378.23 rows=97 width=121)
	        Sort Key: c
	        ->  Index Scan using sbtest4_pkey on sbtest4  (cost=0.43..374.78 rows=97 width=121)
	              Index Cond: ((id >= 3142200) AND (id <= 3142299))

table 5 : explain SELECT DISTINCT c FROM sbtest5 WHERE id BETWEEN 4431327 AND 4431426 ORDER BY c
	Unique  (cost=383.98..384.47 rows=99 width=121)
	  ->  Sort  (cost=383.98..384.22 rows=99 width=121)
	        Sort Key: c
	        ->  Index Scan using sbtest5_pkey on sbtest5  (cost=0.43..380.70 rows=99 width=121)
	              Index Cond: ((id >= 4431327) AND (id <= 4431426))

table 6 : explain SELECT DISTINCT c FROM sbtest6 WHERE id BETWEEN 7677625 AND 7677724 ORDER BY c
	Unique  (cost=417.45..417.99 rows=107 width=121)
	  ->  Sort  (cost=417.45..417.72 rows=107 width=121)
	        Sort Key: c
	        ->  Index Scan using sbtest6_pkey on sbtest6  (cost=0.43..413.85 rows=107 width=121)
	              Index Cond: ((id >= 7677625) AND (id <= 7677724))

table 7 : explain SELECT DISTINCT c FROM sbtest7 WHERE id BETWEEN 917878 AND 917977 ORDER BY c
	Unique  (cost=381.71..382.20 rows=98 width=121)
	  ->  Sort  (cost=381.71..381.95 rows=98 width=121)
	        Sort Key: c
	        ->  Index Scan using sbtest7_pkey on sbtest7  (cost=0.43..378.47 rows=98 width=121)
	              Index Cond: ((id >= 917878) AND (id <= 917977))

table 8 : explain SELECT DISTINCT c FROM sbtest8 WHERE id BETWEEN 8168408 AND 8168507 ORDER BY c
	Unique  (cost=413.54..414.07 rows=106 width=121)
	  ->  Sort  (cost=413.54..413.80 rows=106 width=121)
	        Sort Key: c
	        ->  Index Scan using sbtest8_pkey on sbtest8  (cost=0.43..409.97 rows=106 width=121)
	              Index Cond: ((id >= 8168408) AND (id <= 8168507))

for: distinct_ranges
table 1 : explain SELECT DISTINCT c FROM sbtest1 WHERE id BETWEEN 3835015 AND 3835114 ORDER BY c
	Unique  (cost=385.97..386.46 rows=99 width=121)
	  ->  Sort  (cost=385.97..386.22 rows=99 width=121)
	        Sort Key: c
	        ->  Index Scan using sbtest1_pkey on sbtest1  (cost=0.43..382.69 rows=99 width=121)
	              Index Cond: ((id >= 3835015) AND (id <= 3835114))

table 2 : explain SELECT DISTINCT c FROM sbtest2 WHERE id BETWEEN 407183 AND 407282 ORDER BY c
	Unique  (cost=403.23..403.75 rows=103 width=121)
	  ->  Sort  (cost=403.23..403.49 rows=103 width=121)
	        Sort Key: c
	        ->  Index Scan using sbtest2_pkey on sbtest2  (cost=0.43..399.79 rows=103 width=121)
	              Index Cond: ((id >= 407183) AND (id <= 407282))

table 3 : explain SELECT DISTINCT c FROM sbtest3 WHERE id BETWEEN 8443930 AND 8444029 ORDER BY c
	Unique  (cost=381.27..381.76 rows=98 width=121)
	  ->  Sort  (cost=381.27..381.52 rows=98 width=121)
	        Sort Key: c
	        ->  Index Scan using sbtest3_pkey on sbtest3  (cost=0.43..378.03 rows=98 width=121)
	              Index Cond: ((id >= 8443930) AND (id <= 8444029))

table 4 : explain SELECT DISTINCT c FROM sbtest4 WHERE id BETWEEN 9949286 AND 9949385 ORDER BY c
	Unique  (cost=401.11..401.63 rows=103 width=121)
	  ->  Sort  (cost=401.11..401.37 rows=103 width=121)
	        Sort Key: c
	        ->  Index Scan using sbtest4_pkey on sbtest4  (cost=0.43..397.67 rows=103 width=121)
	              Index Cond: ((id >= 9949286) AND (id <= 9949385))

table 5 : explain SELECT DISTINCT c FROM sbtest5 WHERE id BETWEEN 2978366 AND 2978465 ORDER BY c
	Unique  (cost=368.63..369.10 rows=95 width=121)
	  ->  Sort  (cost=368.63..368.87 rows=95 width=121)
	        Sort Key: c
	        ->  Index Scan using sbtest5_pkey on sbtest5  (cost=0.43..365.51 rows=95 width=121)
	              Index Cond: ((id >= 2978366) AND (id <= 2978465))

table 6 : explain SELECT DISTINCT c FROM sbtest6 WHERE id BETWEEN 4332463 AND 4332562 ORDER BY c
	Unique  (cost=417.45..417.99 rows=107 width=121)
	  ->  Sort  (cost=417.45..417.72 rows=107 width=121)
	        Sort Key: c
	        ->  Index Scan using sbtest6_pkey on sbtest6  (cost=0.43..413.85 rows=107 width=121)
	              Index Cond: ((id >= 4332463) AND (id <= 4332562))

table 7 : explain SELECT DISTINCT c FROM sbtest7 WHERE id BETWEEN 7094675 AND 7094774 ORDER BY c
	Unique  (cost=381.71..382.20 rows=98 width=121)
	  ->  Sort  (cost=381.71..381.95 rows=98 width=121)
	        Sort Key: c
	        ->  Index Scan using sbtest7_pkey on sbtest7  (cost=0.43..378.47 rows=98 width=121)
	              Index Cond: ((id >= 7094675) AND (id <= 7094774))

table 8 : explain SELECT DISTINCT c FROM sbtest8 WHERE id BETWEEN 2602118 AND 2602217 ORDER BY c
	Unique  (cost=386.50..386.99 rows=99 width=121)
	  ->  Sort  (cost=386.50..386.74 rows=99 width=121)
	        Sort Key: c
	        ->  Index Scan using sbtest8_pkey on sbtest8  (cost=0.43..383.22 rows=99 width=121)
	              Index Cond: ((id >= 2602118) AND (id <= 2602217))

for deletes
table 1 : explain DELETE FROM sbtest1 WHERE id=7787776
	Delete on sbtest1  (cost=0.43..8.45 rows=0 width=0)
	  ->  Index Scan using sbtest1_pkey on sbtest1  (cost=0.43..8.45 rows=1 width=6)
	        Index Cond: (id = 7787776)

table 2 : explain DELETE FROM sbtest2 WHERE id=9290407
	Delete on sbtest2  (cost=0.43..8.45 rows=0 width=0)
	  ->  Index Scan using sbtest2_pkey on sbtest2  (cost=0.43..8.45 rows=1 width=6)
	        Index Cond: (id = 9290407)

table 3 : explain DELETE FROM sbtest3 WHERE id=7180870
	Delete on sbtest3  (cost=0.43..8.45 rows=0 width=0)
	  ->  Index Scan using sbtest3_pkey on sbtest3  (cost=0.43..8.45 rows=1 width=6)
	        Index Cond: (id = 7180870)

table 4 : explain DELETE FROM sbtest4 WHERE id=6120111
	Delete on sbtest4  (cost=0.43..8.45 rows=0 width=0)
	  ->  Index Scan using sbtest4_pkey on sbtest4  (cost=0.43..8.45 rows=1 width=6)
	        Index Cond: (id = 6120111)

table 5 : explain DELETE FROM sbtest5 WHERE id=5791232
	Delete on sbtest5  (cost=0.43..8.45 rows=0 width=0)
	  ->  Index Scan using sbtest5_pkey on sbtest5  (cost=0.43..8.45 rows=1 width=6)
	        Index Cond: (id = 5791232)

table 6 : explain DELETE FROM sbtest6 WHERE id=5417967
	Delete on sbtest6  (cost=0.43..8.45 rows=0 width=0)
	  ->  Index Scan using sbtest6_pkey on sbtest6  (cost=0.43..8.45 rows=1 width=6)
	        Index Cond: (id = 5417967)

table 7 : explain DELETE FROM sbtest7 WHERE id=2316089
	Delete on sbtest7  (cost=0.43..8.45 rows=0 width=0)
	  ->  Index Scan using sbtest7_pkey on sbtest7  (cost=0.43..8.45 rows=1 width=6)
	        Index Cond: (id = 2316089)

table 8 : explain DELETE FROM sbtest8 WHERE id=2486994
	Delete on sbtest8  (cost=0.43..8.45 rows=0 width=0)
	  ->  Index Scan using sbtest8_pkey on sbtest8  (cost=0.43..8.45 rows=1 width=6)
	        Index Cond: (id = 2486994)

for: order_ranges
table 1 : explain SELECT c FROM sbtest1 WHERE id BETWEEN 6963625 AND 6963724 ORDER BY c
	Sort  (cost=436.12..436.40 rows=112 width=121)
	  Sort Key: c
	  ->  Index Scan using sbtest1_pkey on sbtest1  (cost=0.43..432.31 rows=112 width=121)
	        Index Cond: ((id >= 6963625) AND (id <= 6963724))

table 2 : explain SELECT c FROM sbtest2 WHERE id BETWEEN 2878065 AND 2878164 ORDER BY c
	Sort  (cost=395.48..395.73 rows=101 width=121)
	  Sort Key: c
	  ->  Index Scan using sbtest2_pkey on sbtest2  (cost=0.43..392.12 rows=101 width=121)
	        Index Cond: ((id >= 2878065) AND (id <= 2878164))

table 3 : explain SELECT c FROM sbtest3 WHERE id BETWEEN 7407586 AND 7407685 ORDER BY c
	Sort  (cost=377.42..377.66 rows=97 width=121)
	  Sort Key: c
	  ->  Index Scan using sbtest3_pkey on sbtest3  (cost=0.43..374.22 rows=97 width=121)
	        Index Cond: ((id >= 7407586) AND (id <= 7407685))

table 4 : explain SELECT c FROM sbtest4 WHERE id BETWEEN 1593929 AND 1594028 ORDER BY c
	Sort  (cost=362.57..362.80 rows=93 width=121)
	  Sort Key: c
	  ->  Index Scan using sbtest4_pkey on sbtest4  (cost=0.43..359.53 rows=93 width=121)
	        Index Cond: ((id >= 1593929) AND (id <= 1594028))

table 5 : explain SELECT c FROM sbtest5 WHERE id BETWEEN 1494117 AND 1494216 ORDER BY c
	Sort  (cost=368.63..368.87 rows=95 width=121)
	  Sort Key: c
	  ->  Index Scan using sbtest5_pkey on sbtest5  (cost=0.43..365.51 rows=95 width=121)
	        Index Cond: ((id >= 1494117) AND (id <= 1494216))

table 6 : explain SELECT c FROM sbtest6 WHERE id BETWEEN 4756607 AND 4756706 ORDER BY c
	Sort  (cost=394.27..394.52 rows=101 width=121)
	  Sort Key: c
	  ->  Index Scan using sbtest6_pkey on sbtest6  (cost=0.43..390.91 rows=101 width=121)
	        Index Cond: ((id >= 4756607) AND (id <= 4756706))

table 7 : explain SELECT c FROM sbtest7 WHERE id BETWEEN 2377469 AND 2377568 ORDER BY c
	Sort  (cost=358.54..358.77 rows=92 width=121)
	  Sort Key: c
	  ->  Index Scan using sbtest7_pkey on sbtest7  (cost=0.43..355.54 rows=92 width=121)
	        Index Cond: ((id >= 2377469) AND (id <= 2377568))

table 8 : explain SELECT c FROM sbtest8 WHERE id BETWEEN 5244819 AND 5244918 ORDER BY c
	Sort  (cost=390.36..390.61 rows=100 width=121)
	  Sort Key: c
	  ->  Index Scan using sbtest8_pkey on sbtest8  (cost=0.43..387.04 rows=100 width=121)
	        Index Cond: ((id >= 5244819) AND (id <= 5244918))

for point_selects
table 1 : explain SELECT c FROM sbtest1 WHERE id=7544123
	Index Scan using sbtest1_pkey on sbtest1  (cost=0.43..8.45 rows=1 width=121)
	  Index Cond: (id = 7544123)

table 2 : explain SELECT c FROM sbtest2 WHERE id=4105333
	Index Scan using sbtest2_pkey on sbtest2  (cost=0.43..8.45 rows=1 width=121)
	  Index Cond: (id = 4105333)

table 3 : explain SELECT c FROM sbtest3 WHERE id=206882
	Index Scan using sbtest3_pkey on sbtest3  (cost=0.43..8.45 rows=1 width=121)
	  Index Cond: (id = 206882)

table 4 : explain SELECT c FROM sbtest4 WHERE id=3684570
	Index Scan using sbtest4_pkey on sbtest4  (cost=0.43..8.45 rows=1 width=121)
	  Index Cond: (id = 3684570)

table 5 : explain SELECT c FROM sbtest5 WHERE id=7466732
	Index Scan using sbtest5_pkey on sbtest5  (cost=0.43..8.45 rows=1 width=121)
	  Index Cond: (id = 7466732)

table 6 : explain SELECT c FROM sbtest6 WHERE id=7400593
	Index Scan using sbtest6_pkey on sbtest6  (cost=0.43..8.45 rows=1 width=121)
	  Index Cond: (id = 7400593)

table 7 : explain SELECT c FROM sbtest7 WHERE id=6573154
	Index Scan using sbtest7_pkey on sbtest7  (cost=0.43..8.45 rows=1 width=121)
	  Index Cond: (id = 6573154)

table 8 : explain SELECT c FROM sbtest8 WHERE id=5271679
	Index Scan using sbtest8_pkey on sbtest8  (cost=0.43..8.45 rows=1 width=121)
	  Index Cond: (id = 5271679)

for: order_ranges
table 1 : explain SELECT c FROM sbtest1 WHERE id BETWEEN 1167760 AND 1167859 ORDER BY c
	Sort  (cost=409.12..409.38 rows=105 width=121)
	  Sort Key: c
	  ->  Index Scan using sbtest1_pkey on sbtest1  (cost=0.43..405.59 rows=105 width=121)
	        Index Cond: ((id >= 1167760) AND (id <= 1167859))

table 2 : explain SELECT c FROM sbtest2 WHERE id BETWEEN 6019721 AND 6019820 ORDER BY c
	Sort  (cost=445.87..446.16 rows=114 width=121)
	  Sort Key: c
	  ->  Index Scan using sbtest2_pkey on sbtest2  (cost=0.43..441.98 rows=114 width=121)
	        Index Cond: ((id >= 6019721) AND (id <= 6019820))

table 3 : explain SELECT c FROM sbtest3 WHERE id BETWEEN 8682662 AND 8682761 ORDER BY c
	Sort  (cost=423.61..423.88 rows=109 width=121)
	  Sort Key: c
	  ->  Index Scan using sbtest3_pkey on sbtest3  (cost=0.43..419.92 rows=109 width=121)
	        Index Cond: ((id >= 8682662) AND (id <= 8682761))

table 4 : explain SELECT c FROM sbtest4 WHERE id BETWEEN 3735818 AND 3735917 ORDER BY c
	Sort  (cost=385.69..385.94 rows=99 width=121)
	  Sort Key: c
	  ->  Index Scan using sbtest4_pkey on sbtest4  (cost=0.43..382.41 rows=99 width=121)
	        Index Cond: ((id >= 3735818) AND (id <= 3735917))

table 5 : explain SELECT c FROM sbtest5 WHERE id BETWEEN 6692365 AND 6692464 ORDER BY c
	Sort  (cost=403.16..403.42 rows=104 width=121)
	  Sort Key: c
	  ->  Index Scan using sbtest5_pkey on sbtest5  (cost=0.43..399.68 rows=104 width=121)
	        Index Cond: ((id >= 6692365) AND (id <= 6692464))

table 6 : explain SELECT c FROM sbtest6 WHERE id BETWEEN 9764907 AND 9765006 ORDER BY c
	Sort  (cost=351.73..351.95 rows=90 width=121)
	  Sort Key: c
	  ->  Index Scan using sbtest6_pkey on sbtest6  (cost=0.43..348.80 rows=90 width=121)
	        Index Cond: ((id >= 9764907) AND (id <= 9765006))

table 7 : explain SELECT c FROM sbtest7 WHERE id BETWEEN 4576680 AND 4576779 ORDER BY c
	Sort  (cost=374.00..374.24 rows=96 width=121)
	  Sort Key: c
	  ->  Index Scan using sbtest7_pkey on sbtest7  (cost=0.43..370.84 rows=96 width=121)
	        Index Cond: ((id >= 4576680) AND (id <= 4576779))

table 8 : explain SELECT c FROM sbtest8 WHERE id BETWEEN 7040009 AND 7040108 ORDER BY c
	Sort  (cost=367.18..367.42 rows=94 width=121)
	  Sort Key: c
	  ->  Index Scan using sbtest8_pkey on sbtest8  (cost=0.43..364.10 rows=94 width=121)
	        Index Cond: ((id >= 7040009) AND (id <= 7040108))

for inserts
table 1 : explain INSERT INTO sbtest1 (id, k, c, pad) VALUES (5679068, 13, 'foobar', 'foobar')
	Insert on sbtest1  (cost=0.00..0.01 rows=0 width=0)
	  ->  Result  (cost=0.00..0.01 rows=1 width=736)

table 2 : explain INSERT INTO sbtest2 (id, k, c, pad) VALUES (2696777, 13, 'foobar', 'foobar')
	Insert on sbtest2  (cost=0.00..0.01 rows=0 width=0)
	  ->  Result  (cost=0.00..0.01 rows=1 width=736)

table 3 : explain INSERT INTO sbtest3 (id, k, c, pad) VALUES (1549437, 13, 'foobar', 'foobar')
	Insert on sbtest3  (cost=0.00..0.01 rows=0 width=0)
	  ->  Result  (cost=0.00..0.01 rows=1 width=736)

table 4 : explain INSERT INTO sbtest4 (id, k, c, pad) VALUES (1139293, 13, 'foobar', 'foobar')
	Insert on sbtest4  (cost=0.00..0.01 rows=0 width=0)
	  ->  Result  (cost=0.00..0.01 rows=1 width=736)

table 5 : explain INSERT INTO sbtest5 (id, k, c, pad) VALUES (8247802, 13, 'foobar', 'foobar')
	Insert on sbtest5  (cost=0.00..0.01 rows=0 width=0)
	  ->  Result  (cost=0.00..0.01 rows=1 width=736)

table 6 : explain INSERT INTO sbtest6 (id, k, c, pad) VALUES (7356687, 13, 'foobar', 'foobar')
	Insert on sbtest6  (cost=0.00..0.01 rows=0 width=0)
	  ->  Result  (cost=0.00..0.01 rows=1 width=736)

table 7 : explain INSERT INTO sbtest7 (id, k, c, pad) VALUES (2765678, 13, 'foobar', 'foobar')
	Insert on sbtest7  (cost=0.00..0.01 rows=0 width=0)
	  ->  Result  (cost=0.00..0.01 rows=1 width=736)

table 8 : explain INSERT INTO sbtest8 (id, k, c, pad) VALUES (8378926, 13, 'foobar', 'foobar')
	Insert on sbtest8  (cost=0.00..0.01 rows=0 width=0)
	  ->  Result  (cost=0.00..0.01 rows=1 width=736)

explain: for inserts :: explain INSERT INTO sbtest%u (id, k, c, pad) VALUES (%u, 13, 'foobar', 'foobar')
for: distinct_ranges
table 1 : explain SELECT DISTINCT c FROM sbtest1 WHERE id BETWEEN 5827251 AND 5827350 ORDER BY c
	Unique  (cost=370.54..371.01 rows=95 width=121)
	  ->  Sort  (cost=370.54..370.78 rows=95 width=121)
	        Sort Key: c
	        ->  Index Scan using sbtest1_pkey on sbtest1  (cost=0.43..367.42 rows=95 width=121)
	              Index Cond: ((id >= 5827251) AND (id <= 5827350))

table 2 : explain SELECT DISTINCT c FROM sbtest2 WHERE id BETWEEN 8376662 AND 8376761 ORDER BY c
	Unique  (cost=395.48..395.99 rows=101 width=121)
	  ->  Sort  (cost=395.48..395.73 rows=101 width=121)
	        Sort Key: c
	        ->  Index Scan using sbtest2_pkey on sbtest2  (cost=0.43..392.12 rows=101 width=121)
	              Index Cond: ((id >= 8376662) AND (id <= 8376761))

table 3 : explain SELECT DISTINCT c FROM sbtest3 WHERE id BETWEEN 4099576 AND 4099675 ORDER BY c
	Unique  (cost=408.21..408.74 rows=105 width=121)
	  ->  Sort  (cost=408.21..408.48 rows=105 width=121)
	        Sort Key: c
	        ->  Index Scan using sbtest3_pkey on sbtest3  (cost=0.43..404.69 rows=105 width=121)
	              Index Cond: ((id >= 4099576) AND (id <= 4099675))

table 4 : explain SELECT DISTINCT c FROM sbtest4 WHERE id BETWEEN 2302311 AND 2302410 ORDER BY c
	Unique  (cost=374.13..374.61 rows=96 width=121)
	  ->  Sort  (cost=374.13..374.37 rows=96 width=121)
	        Sort Key: c
	        ->  Index Scan using sbtest4_pkey on sbtest4  (cost=0.43..370.97 rows=96 width=121)
	              Index Cond: ((id >= 2302311) AND (id <= 2302410))

table 5 : explain SELECT DISTINCT c FROM sbtest5 WHERE id BETWEEN 3582767 AND 3582866 ORDER BY c
	Unique  (cost=380.14..380.63 rows=98 width=121)
	  ->  Sort  (cost=380.14..380.38 rows=98 width=121)
	        Sort Key: c
	        ->  Index Scan using sbtest5_pkey on sbtest5  (cost=0.43..376.90 rows=98 width=121)
	              Index Cond: ((id >= 3582767) AND (id <= 3582866))

table 6 : explain SELECT DISTINCT c FROM sbtest6 WHERE id BETWEEN 6686036 AND 6686135 ORDER BY c
	Unique  (cost=382.68..383.17 rows=98 width=121)
	  ->  Sort  (cost=382.68..382.92 rows=98 width=121)
	        Sort Key: c
	        ->  Index Scan using sbtest6_pkey on sbtest6  (cost=0.43..379.44 rows=98 width=121)
	              Index Cond: ((id >= 6686036) AND (id <= 6686135))

table 7 : explain SELECT DISTINCT c FROM sbtest7 WHERE id BETWEEN 110855 AND 110954 ORDER BY c
	Unique  (cost=366.30..366.77 rows=94 width=121)
	  ->  Sort  (cost=366.30..366.53 rows=94 width=121)
	        Sort Key: c
	        ->  Index Scan using sbtest7_pkey on sbtest7  (cost=0.43..363.22 rows=94 width=121)
	              Index Cond: ((id >= 110855) AND (id <= 110954))

table 8 : explain SELECT DISTINCT c FROM sbtest8 WHERE id BETWEEN 234555 AND 234654 ORDER BY c
	Unique  (cost=398.09..398.60 rows=102 width=121)
	  ->  Sort  (cost=398.09..398.34 rows=102 width=121)
	        Sort Key: c
	        ->  Index Scan using sbtest8_pkey on sbtest8  (cost=0.43..394.68 rows=102 width=121)
	              Index Cond: ((id >= 234555) AND (id <= 234654))

explain: for index_updates :: explain UPDATE sbtest%u SET k=k+1 WHERE id=%u
explain: for index_updates :: explain UPDATE sbtest%u SET k=k+1 WHERE id=%u
for: distinct_ranges
table 1 : explain SELECT DISTINCT c FROM sbtest1 WHERE id BETWEEN 1503361 AND 1503460 ORDER BY c
	Unique  (cost=374.40..374.88 rows=96 width=121)
	  ->  Sort  (cost=374.40..374.64 rows=96 width=121)
	        Sort Key: c
	        ->  Index Scan using sbtest1_pkey on sbtest1  (cost=0.43..371.24 rows=96 width=121)
	              Index Cond: ((id >= 1503361) AND (id <= 1503460))

table 2 : explain SELECT DISTINCT c FROM sbtest2 WHERE id BETWEEN 653032 AND 653131 ORDER BY c
	Unique  (cost=356.68..357.14 rows=91 width=121)
	  ->  Sort  (cost=356.68..356.91 rows=91 width=121)
	        Sort Key: c
	        ->  Index Scan using sbtest2_pkey on sbtest2  (cost=0.43..353.72 rows=91 width=121)
	              Index Cond: ((id >= 653032) AND (id <= 653131))

table 3 : explain SELECT DISTINCT c FROM sbtest3 WHERE id BETWEEN 3803876 AND 3803975 ORDER BY c
	Unique  (cost=400.51..401.03 rows=103 width=121)
	  ->  Sort  (cost=400.51..400.77 rows=103 width=121)
	        Sort Key: c
	        ->  Index Scan using sbtest3_pkey on sbtest3  (cost=0.43..397.07 rows=103 width=121)
	              Index Cond: ((id >= 3803876) AND (id <= 3803975))

table 4 : explain SELECT DISTINCT c FROM sbtest4 WHERE id BETWEEN 4069626 AND 4069725 ORDER BY c
	Unique  (cost=381.84..382.33 rows=98 width=121)
	  ->  Sort  (cost=381.84..382.08 rows=98 width=121)
	        Sort Key: c
	        ->  Index Scan using sbtest4_pkey on sbtest4  (cost=0.43..378.60 rows=98 width=121)
	              Index Cond: ((id >= 4069626) AND (id <= 4069725))

table 5 : explain SELECT DISTINCT c FROM sbtest5 WHERE id BETWEEN 1160043 AND 1160142 ORDER BY c
	Unique  (cost=395.49..396.00 rows=102 width=121)
	  ->  Sort  (cost=395.49..395.74 rows=102 width=121)
	        Sort Key: c
	        ->  Index Scan using sbtest5_pkey on sbtest5  (cost=0.43..392.09 rows=102 width=121)
	              Index Cond: ((id >= 1160043) AND (id <= 1160142))

table 6 : explain SELECT DISTINCT c FROM sbtest6 WHERE id BETWEEN 1170723 AND 1170822 ORDER BY c
	Unique  (cost=363.31..363.78 rows=93 width=121)
	  ->  Sort  (cost=363.31..363.55 rows=93 width=121)
	        Sort Key: c
	        ->  Index Scan using sbtest6_pkey on sbtest6  (cost=0.43..360.27 rows=93 width=121)
	              Index Cond: ((id >= 1170723) AND (id <= 1170822))

table 7 : explain SELECT DISTINCT c FROM sbtest7 WHERE id BETWEEN 4373902 AND 4374001 ORDER BY c
	Unique  (cost=362.39..362.86 rows=93 width=121)
	  ->  Sort  (cost=362.39..362.62 rows=93 width=121)
	        Sort Key: c
	        ->  Index Scan using sbtest7_pkey on sbtest7  (cost=0.43..359.35 rows=93 width=121)
	              Index Cond: ((id >= 4373902) AND (id <= 4374001))

table 8 : explain SELECT DISTINCT c FROM sbtest8 WHERE id BETWEEN 1701592 AND 1701691 ORDER BY c
	Unique  (cost=409.68..410.20 rows=105 width=121)
	  ->  Sort  (cost=409.68..409.94 rows=105 width=121)
	        Sort Key: c
	        ->  Index Scan using sbtest8_pkey on sbtest8  (cost=0.43..406.15 rows=105 width=121)
	              Index Cond: ((id >= 1701592) AND (id <= 1701691))

for inserts
table 1 : explain INSERT INTO sbtest1 (id, k, c, pad) VALUES (8510556, 13, 'foobar', 'foobar')
	Insert on sbtest1  (cost=0.00..0.01 rows=0 width=0)
	  ->  Result  (cost=0.00..0.01 rows=1 width=736)

table 2 : explain INSERT INTO sbtest2 (id, k, c, pad) VALUES (3540463, 13, 'foobar', 'foobar')
	Insert on sbtest2  (cost=0.00..0.01 rows=0 width=0)
	  ->  Result  (cost=0.00..0.01 rows=1 width=736)

table 3 : explain INSERT INTO sbtest3 (id, k, c, pad) VALUES (2530306, 13, 'foobar', 'foobar')
	Insert on sbtest3  (cost=0.00..0.01 rows=0 width=0)
	  ->  Result  (cost=0.00..0.01 rows=1 width=736)

table 4 : explain INSERT INTO sbtest4 (id, k, c, pad) VALUES (1227037, 13, 'foobar', 'foobar')
	Insert on sbtest4  (cost=0.00..0.01 rows=0 width=0)
	  ->  Result  (cost=0.00..0.01 rows=1 width=736)

table 5 : explain INSERT INTO sbtest5 (id, k, c, pad) VALUES (7749751, 13, 'foobar', 'foobar')
	Insert on sbtest5  (cost=0.00..0.01 rows=0 width=0)
	  ->  Result  (cost=0.00..0.01 rows=1 width=736)

table 6 : explain INSERT INTO sbtest6 (id, k, c, pad) VALUES (3186373, 13, 'foobar', 'foobar')
	Insert on sbtest6  (cost=0.00..0.01 rows=0 width=0)
	  ->  Result  (cost=0.00..0.01 rows=1 width=736)

table 7 : explain INSERT INTO sbtest7 (id, k, c, pad) VALUES (1912716, 13, 'foobar', 'foobar')
	Insert on sbtest7  (cost=0.00..0.01 rows=0 width=0)
	  ->  Result  (cost=0.00..0.01 rows=1 width=736)

table 8 : explain INSERT INTO sbtest8 (id, k, c, pad) VALUES (7901887, 13, 'foobar', 'foobar')
	Insert on sbtest8  (cost=0.00..0.01 rows=0 width=0)
	  ->  Result  (cost=0.00..0.01 rows=1 width=736)

explain: for index_updates :: explain UPDATE sbtest%u SET k=k+1 WHERE id=%u
explain: for index_updates :: explain UPDATE sbtest%u SET k=k+1 WHERE id=%u
for: distinct_ranges
table 1 : explain SELECT DISTINCT c FROM sbtest1 WHERE id BETWEEN 5924437 AND 5924536 ORDER BY c
	Unique  (cost=409.12..409.64 rows=105 width=121)
	  ->  Sort  (cost=409.12..409.38 rows=105 width=121)
	        Sort Key: c
	        ->  Index Scan using sbtest1_pkey on sbtest1  (cost=0.43..405.59 rows=105 width=121)
	              Index Cond: ((id >= 5924437) AND (id <= 5924536))

table 2 : explain SELECT DISTINCT c FROM sbtest2 WHERE id BETWEEN 5649703 AND 5649802 ORDER BY c
	Unique  (cost=387.73..388.23 rows=99 width=121)
	  ->  Sort  (cost=387.73..387.98 rows=99 width=121)
	        Sort Key: c
	        ->  Index Scan using sbtest2_pkey on sbtest2  (cost=0.43..384.45 rows=99 width=121)
	              Index Cond: ((id >= 5649703) AND (id <= 5649802))

table 3 : explain SELECT DISTINCT c FROM sbtest3 WHERE id BETWEEN 1071450 AND 1071549 ORDER BY c
	Unique  (cost=385.12..385.61 rows=99 width=121)
	  ->  Sort  (cost=385.12..385.37 rows=99 width=121)
	        Sort Key: c
	        ->  Index Scan using sbtest3_pkey on sbtest3  (cost=0.43..381.84 rows=99 width=121)
	              Index Cond: ((id >= 1071450) AND (id <= 1071549))

table 4 : explain SELECT DISTINCT c FROM sbtest4 WHERE id BETWEEN 1855258 AND 1855357 ORDER BY c
	Unique  (cost=416.53..417.07 rows=107 width=121)
	  ->  Sort  (cost=416.53..416.80 rows=107 width=121)
	        Sort Key: c
	        ->  Index Scan using sbtest4_pkey on sbtest4  (cost=0.43..412.93 rows=107 width=121)
	              Index Cond: ((id >= 1855258) AND (id <= 1855357))

table 5 : explain SELECT DISTINCT c FROM sbtest5 WHERE id BETWEEN 3188190 AND 3188289 ORDER BY c
	Unique  (cost=380.14..380.63 rows=98 width=121)
	  ->  Sort  (cost=380.14..380.38 rows=98 width=121)
	        Sort Key: c
	        ->  Index Scan using sbtest5_pkey on sbtest5  (cost=0.43..376.90 rows=98 width=121)
	              Index Cond: ((id >= 3188190) AND (id <= 3188289))

table 6 : explain SELECT DISTINCT c FROM sbtest6 WHERE id BETWEEN 9416985 AND 9417084 ORDER BY c
	Unique  (cost=405.86..406.38 rows=104 width=121)
	  ->  Sort  (cost=405.86..406.12 rows=104 width=121)
	        Sort Key: c
	        ->  Index Scan using sbtest6_pkey on sbtest6  (cost=0.43..402.38 rows=104 width=121)
	              Index Cond: ((id >= 9416985) AND (id <= 9417084))

table 7 : explain SELECT DISTINCT c FROM sbtest7 WHERE id BETWEEN 4752034 AND 4752133 ORDER BY c
	Unique  (cost=400.98..401.49 rows=103 width=121)
	  ->  Sort  (cost=400.98..401.23 rows=103 width=121)
	        Sort Key: c
	        ->  Index Scan using sbtest7_pkey on sbtest7  (cost=0.43..397.53 rows=103 width=121)
	              Index Cond: ((id >= 4752034) AND (id <= 4752133))

table 8 : explain SELECT DISTINCT c FROM sbtest8 WHERE id BETWEEN 4767347 AND 4767446 ORDER BY c
	Unique  (cost=382.63..383.12 rows=98 width=121)
	  ->  Sort  (cost=382.63..382.88 rows=98 width=121)
	        Sort Key: c
	        ->  Index Scan using sbtest8_pkey on sbtest8  (cost=0.43..379.39 rows=98 width=121)
	              Index Cond: ((id >= 4767347) AND (id <= 4767446))

for: simple_ranges
table 1 : explain SELECT c FROM sbtest1 WHERE id BETWEEN 1354539 AND 1354638
	Index Scan using sbtest1_pkey on sbtest1  (cost=0.43..417.04 rows=108 width=121)
	  Index Cond: ((id >= 1354539) AND (id <= 1354638))

table 2 : explain SELECT c FROM sbtest2 WHERE id BETWEEN 9635252 AND 9635351
	Index Scan using sbtest2_pkey on sbtest2  (cost=0.43..376.78 rows=97 width=121)
	  Index Cond: ((id >= 9635252) AND (id <= 9635351))

table 3 : explain SELECT c FROM sbtest3 WHERE id BETWEEN 632846 AND 632945
	Index Scan using sbtest3_pkey on sbtest3  (cost=0.43..400.88 rows=104 width=121)
	  Index Cond: ((id >= 632846) AND (id <= 632945))

table 4 : explain SELECT c FROM sbtest4 WHERE id BETWEEN 1239979 AND 1240078
	Index Scan using sbtest4_pkey on sbtest4  (cost=0.43..382.41 rows=99 width=121)
	  Index Cond: ((id >= 1239979) AND (id <= 1240078))

table 5 : explain SELECT c FROM sbtest5 WHERE id BETWEEN 4162333 AND 4162432
	Index Scan using sbtest5_pkey on sbtest5  (cost=0.43..376.90 rows=98 width=121)
	  Index Cond: ((id >= 4162333) AND (id <= 4162432))

table 6 : explain SELECT c FROM sbtest6 WHERE id BETWEEN 4209109 AND 4209208
	Index Scan using sbtest6_pkey on sbtest6  (cost=0.43..410.02 rows=106 width=121)
	  Index Cond: ((id >= 4209109) AND (id <= 4209208))

table 7 : explain SELECT c FROM sbtest7 WHERE id BETWEEN 3849252 AND 3849351
	Index Scan using sbtest7_pkey on sbtest7  (cost=0.43..401.34 rows=104 width=121)
	  Index Cond: ((id >= 3849252) AND (id <= 3849351))

table 8 : explain SELECT c FROM sbtest8 WHERE id BETWEEN 3369407 AND 3369506
	Index Scan using sbtest8_pkey on sbtest8  (cost=0.43..364.10 rows=94 width=121)
	  Index Cond: ((id >= 3369407) AND (id <= 3369506))

for point_selects
table 1 : explain SELECT c FROM sbtest1 WHERE id=8942159
	Index Scan using sbtest1_pkey on sbtest1  (cost=0.43..8.45 rows=1 width=121)
	  Index Cond: (id = 8942159)

table 2 : explain SELECT c FROM sbtest2 WHERE id=1093424
	Index Scan using sbtest2_pkey on sbtest2  (cost=0.43..8.45 rows=1 width=121)
	  Index Cond: (id = 1093424)

table 3 : explain SELECT c FROM sbtest3 WHERE id=9193439
	Index Scan using sbtest3_pkey on sbtest3  (cost=0.43..8.45 rows=1 width=121)
	  Index Cond: (id = 9193439)

table 4 : explain SELECT c FROM sbtest4 WHERE id=7838427
	Index Scan using sbtest4_pkey on sbtest4  (cost=0.43..8.45 rows=1 width=121)
	  Index Cond: (id = 7838427)

table 5 : explain SELECT c FROM sbtest5 WHERE id=2418406
	Index Scan using sbtest5_pkey on sbtest5  (cost=0.43..8.45 rows=1 width=121)
	  Index Cond: (id = 2418406)

table 6 : explain SELECT c FROM sbtest6 WHERE id=3191507
	Index Scan using sbtest6_pkey on sbtest6  (cost=0.43..8.45 rows=1 width=121)
	  Index Cond: (id = 3191507)

table 7 : explain SELECT c FROM sbtest7 WHERE id=6850407
	Index Scan using sbtest7_pkey on sbtest7  (cost=0.43..8.45 rows=1 width=121)
	  Index Cond: (id = 6850407)

table 8 : explain SELECT c FROM sbtest8 WHERE id=2451178
	Index Scan using sbtest8_pkey on sbtest8  (cost=0.43..8.45 rows=1 width=121)
	  Index Cond: (id = 2451178)

for: distinct_ranges
table 1 : explain SELECT DISTINCT c FROM sbtest1 WHERE id BETWEEN 8959342 AND 8959441 ORDER BY c
	Unique  (cost=409.12..409.64 rows=105 width=121)
	  ->  Sort  (cost=409.12..409.38 rows=105 width=121)
	        Sort Key: c
	        ->  Index Scan using sbtest1_pkey on sbtest1  (cost=0.43..405.59 rows=105 width=121)
	              Index Cond: ((id >= 8959342) AND (id <= 8959441))

table 2 : explain SELECT DISTINCT c FROM sbtest2 WHERE id BETWEEN 6919878 AND 6919977 ORDER BY c
	Unique  (cost=387.73..388.23 rows=99 width=121)
	  ->  Sort  (cost=387.73..387.98 rows=99 width=121)
	        Sort Key: c
	        ->  Index Scan using sbtest2_pkey on sbtest2  (cost=0.43..384.45 rows=99 width=121)
	              Index Cond: ((id >= 6919878) AND (id <= 6919977))

table 3 : explain SELECT DISTINCT c FROM sbtest3 WHERE id BETWEEN 1942070 AND 1942169 ORDER BY c
	Unique  (cost=385.12..385.61 rows=99 width=121)
	  ->  Sort  (cost=385.12..385.37 rows=99 width=121)
	        Sort Key: c
	        ->  Index Scan using sbtest3_pkey on sbtest3  (cost=0.43..381.84 rows=99 width=121)
	              Index Cond: ((id >= 1942070) AND (id <= 1942169))

table 4 : explain SELECT DISTINCT c FROM sbtest4 WHERE id BETWEEN 934143 AND 934242 ORDER BY c
	Unique  (cost=362.57..363.03 rows=93 width=121)
	  ->  Sort  (cost=362.57..362.80 rows=93 width=121)
	        Sort Key: c
	        ->  Index Scan using sbtest4_pkey on sbtest4  (cost=0.43..359.53 rows=93 width=121)
	              Index Cond: ((id >= 934143) AND (id <= 934242))

table 5 : explain SELECT DISTINCT c FROM sbtest5 WHERE id BETWEEN 1293716 AND 1293815 ORDER BY c
	Unique  (cost=387.81..388.31 rows=100 width=121)
	  ->  Sort  (cost=387.81..388.06 rows=100 width=121)
	        Sort Key: c
	        ->  Index Scan using sbtest5_pkey on sbtest5  (cost=0.43..384.49 rows=100 width=121)
	              Index Cond: ((id >= 1293716) AND (id <= 1293815))

table 6 : explain SELECT DISTINCT c FROM sbtest6 WHERE id BETWEEN 373342 AND 373441 ORDER BY c
	Unique  (cost=386.54..387.04 rows=99 width=121)
	  ->  Sort  (cost=386.54..386.79 rows=99 width=121)
	        Sort Key: c
	        ->  Index Scan using sbtest6_pkey on sbtest6  (cost=0.43..383.26 rows=99 width=121)
	              Index Cond: ((id >= 373342) AND (id <= 373441))

table 7 : explain SELECT DISTINCT c FROM sbtest7 WHERE id BETWEEN 1332298 AND 1332397 ORDER BY c
	Unique  (cost=412.54..413.07 rows=106 width=121)
	  ->  Sort  (cost=412.54..412.80 rows=106 width=121)
	        Sort Key: c
	        ->  Index Scan using sbtest7_pkey on sbtest7  (cost=0.43..408.97 rows=106 width=121)
	              Index Cond: ((id >= 1332298) AND (id <= 1332397))

table 8 : explain SELECT DISTINCT c FROM sbtest8 WHERE id BETWEEN 388649 AND 388748 ORDER BY c
	Unique  (cost=409.68..410.20 rows=105 width=121)
	  ->  Sort  (cost=409.68..409.94 rows=105 width=121)
	        Sort Key: c
	        ->  Index Scan using sbtest8_pkey on sbtest8  (cost=0.43..406.15 rows=105 width=121)
	              Index Cond: ((id >= 388649) AND (id <= 388748))

for index_updates
table 1 : explain UPDATE sbtest1 SET k=k+1 WHERE id=9061046
	Update on sbtest1  (cost=0.43..8.46 rows=0 width=0)
	  ->  Index Scan using sbtest1_pkey on sbtest1  (cost=0.43..8.46 rows=1 width=10)
	        Index Cond: (id = 9061046)

table 2 : explain UPDATE sbtest2 SET k=k+1 WHERE id=9067322
	Update on sbtest2  (cost=0.43..8.46 rows=0 width=0)
	  ->  Index Scan using sbtest2_pkey on sbtest2  (cost=0.43..8.46 rows=1 width=10)
	        Index Cond: (id = 9067322)

table 3 : explain UPDATE sbtest3 SET k=k+1 WHERE id=9826954
	Update on sbtest3  (cost=0.43..8.46 rows=0 width=0)
	  ->  Index Scan using sbtest3_pkey on sbtest3  (cost=0.43..8.46 rows=1 width=10)
	        Index Cond: (id = 9826954)

table 4 : explain UPDATE sbtest4 SET k=k+1 WHERE id=2039900
	Update on sbtest4  (cost=0.43..8.46 rows=0 width=0)
	  ->  Index Scan using sbtest4_pkey on sbtest4  (cost=0.43..8.46 rows=1 width=10)
	        Index Cond: (id = 2039900)

table 5 : explain UPDATE sbtest5 SET k=k+1 WHERE id=9450031
	Update on sbtest5  (cost=0.43..8.46 rows=0 width=0)
	  ->  Index Scan using sbtest5_pkey on sbtest5  (cost=0.43..8.46 rows=1 width=10)
	        Index Cond: (id = 9450031)

table 6 : explain UPDATE sbtest6 SET k=k+1 WHERE id=5259448
	Update on sbtest6  (cost=0.43..8.46 rows=0 width=0)
	  ->  Index Scan using sbtest6_pkey on sbtest6  (cost=0.43..8.46 rows=1 width=10)
	        Index Cond: (id = 5259448)

table 7 : explain UPDATE sbtest7 SET k=k+1 WHERE id=8849348
	Update on sbtest7  (cost=0.43..8.46 rows=0 width=0)
	  ->  Index Scan using sbtest7_pkey on sbtest7  (cost=0.43..8.46 rows=1 width=10)
	        Index Cond: (id = 8849348)

table 8 : explain UPDATE sbtest8 SET k=k+1 WHERE id=7962849
	Update on sbtest8  (cost=0.43..8.46 rows=0 width=0)
	  ->  Index Scan using sbtest8_pkey on sbtest8  (cost=0.43..8.46 rows=1 width=10)
	        Index Cond: (id = 7962849)

explain: for index_updates :: explain UPDATE sbtest%u SET k=k+1 WHERE id=%u
for index_updates
table 1 : explain UPDATE sbtest1 SET k=k+1 WHERE id=9421971
	Update on sbtest1  (cost=0.43..8.46 rows=0 width=0)
	  ->  Index Scan using sbtest1_pkey on sbtest1  (cost=0.43..8.46 rows=1 width=10)
	        Index Cond: (id = 9421971)

table 2 : explain UPDATE sbtest2 SET k=k+1 WHERE id=436698
	Update on sbtest2  (cost=0.43..8.46 rows=0 width=0)
	  ->  Index Scan using sbtest2_pkey on sbtest2  (cost=0.43..8.46 rows=1 width=10)
	        Index Cond: (id = 436698)

table 3 : explain UPDATE sbtest3 SET k=k+1 WHERE id=8674366
	Update on sbtest3  (cost=0.43..8.46 rows=0 width=0)
	  ->  Index Scan using sbtest3_pkey on sbtest3  (cost=0.43..8.46 rows=1 width=10)
	        Index Cond: (id = 8674366)

table 4 : explain UPDATE sbtest4 SET k=k+1 WHERE id=6620118
	Update on sbtest4  (cost=0.43..8.46 rows=0 width=0)
	  ->  Index Scan using sbtest4_pkey on sbtest4  (cost=0.43..8.46 rows=1 width=10)
	        Index Cond: (id = 6620118)

table 5 : explain UPDATE sbtest5 SET k=k+1 WHERE id=7840517
	Update on sbtest5  (cost=0.43..8.46 rows=0 width=0)
	  ->  Index Scan using sbtest5_pkey on sbtest5  (cost=0.43..8.46 rows=1 width=10)
	        Index Cond: (id = 7840517)

table 6 : explain UPDATE sbtest6 SET k=k+1 WHERE id=6037949
	Update on sbtest6  (cost=0.43..8.46 rows=0 width=0)
	  ->  Index Scan using sbtest6_pkey on sbtest6  (cost=0.43..8.46 rows=1 width=10)
	        Index Cond: (id = 6037949)

table 7 : explain UPDATE sbtest7 SET k=k+1 WHERE id=5394399
	Update on sbtest7  (cost=0.43..8.46 rows=0 width=0)
	  ->  Index Scan using sbtest7_pkey on sbtest7  (cost=0.43..8.46 rows=1 width=10)
	        Index Cond: (id = 5394399)

table 8 : explain UPDATE sbtest8 SET k=k+1 WHERE id=9538112
	Update on sbtest8  (cost=0.43..8.46 rows=0 width=0)
	  ->  Index Scan using sbtest8_pkey on sbtest8  (cost=0.43..8.46 rows=1 width=10)
	        Index Cond: (id = 9538112)

for index_updates
table 1 : explain UPDATE sbtest1 SET k=k+1 WHERE id=726480
	Update on sbtest1  (cost=0.43..8.46 rows=0 width=0)
	  ->  Index Scan using sbtest1_pkey on sbtest1  (cost=0.43..8.46 rows=1 width=10)
	        Index Cond: (id = 726480)

table 2 : explain UPDATE sbtest2 SET k=k+1 WHERE id=1409095
	Update on sbtest2  (cost=0.43..8.46 rows=0 width=0)
	  ->  Index Scan using sbtest2_pkey on sbtest2  (cost=0.43..8.46 rows=1 width=10)
	        Index Cond: (id = 1409095)

table 3 : explain UPDATE sbtest3 SET k=k+1 WHERE id=5500849
	Update on sbtest3  (cost=0.43..8.46 rows=0 width=0)
	  ->  Index Scan using sbtest3_pkey on sbtest3  (cost=0.43..8.46 rows=1 width=10)
	        Index Cond: (id = 5500849)

table 4 : explain UPDATE sbtest4 SET k=k+1 WHERE id=5523770
	Update on sbtest4  (cost=0.43..8.46 rows=0 width=0)
	  ->  Index Scan using sbtest4_pkey on sbtest4  (cost=0.43..8.46 rows=1 width=10)
	        Index Cond: (id = 5523770)

table 5 : explain UPDATE sbtest5 SET k=k+1 WHERE id=3427727
	Update on sbtest5  (cost=0.43..8.46 rows=0 width=0)
	  ->  Index Scan using sbtest5_pkey on sbtest5  (cost=0.43..8.46 rows=1 width=10)
	        Index Cond: (id = 3427727)

table 6 : explain UPDATE sbtest6 SET k=k+1 WHERE id=4142675
	Update on sbtest6  (cost=0.43..8.46 rows=0 width=0)
	  ->  Index Scan using sbtest6_pkey on sbtest6  (cost=0.43..8.46 rows=1 width=10)
	        Index Cond: (id = 4142675)

table 7 : explain UPDATE sbtest7 SET k=k+1 WHERE id=4111626
	Update on sbtest7  (cost=0.43..8.46 rows=0 width=0)
	  ->  Index Scan using sbtest7_pkey on sbtest7  (cost=0.43..8.46 rows=1 width=10)
	        Index Cond: (id = 4111626)

table 8 : explain UPDATE sbtest8 SET k=k+1 WHERE id=8811458
	Update on sbtest8  (cost=0.43..8.46 rows=0 width=0)
	  ->  Index Scan using sbtest8_pkey on sbtest8  (cost=0.43..8.46 rows=1 width=10)
	        Index Cond: (id = 8811458)

explain: for index_updates :: explain UPDATE sbtest%u SET k=k+1 WHERE id=%u
for index_updates
table 1 : explain UPDATE sbtest1 SET k=k+1 WHERE id=1339968
	Update on sbtest1  (cost=0.43..8.46 rows=0 width=0)
	  ->  Index Scan using sbtest1_pkey on sbtest1  (cost=0.43..8.46 rows=1 width=10)
	        Index Cond: (id = 1339968)

table 2 : explain UPDATE sbtest2 SET k=k+1 WHERE id=2769603
	Update on sbtest2  (cost=0.43..8.46 rows=0 width=0)
	  ->  Index Scan using sbtest2_pkey on sbtest2  (cost=0.43..8.46 rows=1 width=10)
	        Index Cond: (id = 2769603)

table 3 : explain UPDATE sbtest3 SET k=k+1 WHERE id=865256
	Update on sbtest3  (cost=0.43..8.46 rows=0 width=0)
	  ->  Index Scan using sbtest3_pkey on sbtest3  (cost=0.43..8.46 rows=1 width=10)
	        Index Cond: (id = 865256)

table 4 : explain UPDATE sbtest4 SET k=k+1 WHERE id=3587278
	Update on sbtest4  (cost=0.43..8.46 rows=0 width=0)
	  ->  Index Scan using sbtest4_pkey on sbtest4  (cost=0.43..8.46 rows=1 width=10)
	        Index Cond: (id = 3587278)

table 5 : explain UPDATE sbtest5 SET k=k+1 WHERE id=3406038
	Update on sbtest5  (cost=0.43..8.46 rows=0 width=0)
	  ->  Index Scan using sbtest5_pkey on sbtest5  (cost=0.43..8.46 rows=1 width=10)
	        Index Cond: (id = 3406038)

table 6 : explain UPDATE sbtest6 SET k=k+1 WHERE id=7364266
	Update on sbtest6  (cost=0.43..8.46 rows=0 width=0)
	  ->  Index Scan using sbtest6_pkey on sbtest6  (cost=0.43..8.46 rows=1 width=10)
	        Index Cond: (id = 7364266)

table 7 : explain UPDATE sbtest7 SET k=k+1 WHERE id=7306774
	Update on sbtest7  (cost=0.43..8.46 rows=0 width=0)
	  ->  Index Scan using sbtest7_pkey on sbtest7  (cost=0.43..8.46 rows=1 width=10)
	        Index Cond: (id = 7306774)

table 8 : explain UPDATE sbtest8 SET k=k+1 WHERE id=3921273
	Update on sbtest8  (cost=0.43..8.46 rows=0 width=0)
	  ->  Index Scan using sbtest8_pkey on sbtest8  (cost=0.43..8.46 rows=1 width=10)
	        Index Cond: (id = 3921273)

explain: for non_index_updates :: explain UPDATE sbtest%u SET c='foobar' WHERE id=%u
explain: for non_index_updates :: explain UPDATE sbtest%u SET c='foobar' WHERE id=%u
for index_updates
table 1 : explain UPDATE sbtest1 SET k=k+1 WHERE id=9770644
	Update on sbtest1  (cost=0.43..8.46 rows=0 width=0)
	  ->  Index Scan using sbtest1_pkey on sbtest1  (cost=0.43..8.46 rows=1 width=10)
	        Index Cond: (id = 9770644)

table 2 : explain UPDATE sbtest2 SET k=k+1 WHERE id=5869887
	Update on sbtest2  (cost=0.43..8.46 rows=0 width=0)
	  ->  Index Scan using sbtest2_pkey on sbtest2  (cost=0.43..8.46 rows=1 width=10)
	        Index Cond: (id = 5869887)

table 3 : explain UPDATE sbtest3 SET k=k+1 WHERE id=9115877
	Update on sbtest3  (cost=0.43..8.46 rows=0 width=0)
	  ->  Index Scan using sbtest3_pkey on sbtest3  (cost=0.43..8.46 rows=1 width=10)
	        Index Cond: (id = 9115877)

table 4 : explain UPDATE sbtest4 SET k=k+1 WHERE id=7318116
	Update on sbtest4  (cost=0.43..8.46 rows=0 width=0)
	  ->  Index Scan using sbtest4_pkey on sbtest4  (cost=0.43..8.46 rows=1 width=10)
	        Index Cond: (id = 7318116)

table 5 : explain UPDATE sbtest5 SET k=k+1 WHERE id=1468789
	Update on sbtest5  (cost=0.43..8.46 rows=0 width=0)
	  ->  Index Scan using sbtest5_pkey on sbtest5  (cost=0.43..8.46 rows=1 width=10)
	        Index Cond: (id = 1468789)

table 6 : explain UPDATE sbtest6 SET k=k+1 WHERE id=9274421
	Update on sbtest6  (cost=0.43..8.46 rows=0 width=0)
	  ->  Index Scan using sbtest6_pkey on sbtest6  (cost=0.43..8.46 rows=1 width=10)
	        Index Cond: (id = 9274421)

table 7 : explain UPDATE sbtest7 SET k=k+1 WHERE id=4745899
	Update on sbtest7  (cost=0.43..8.46 rows=0 width=0)
	  ->  Index Scan using sbtest7_pkey on sbtest7  (cost=0.43..8.46 rows=1 width=10)
	        Index Cond: (id = 4745899)

table 8 : explain UPDATE sbtest8 SET k=k+1 WHERE id=4224146
	Update on sbtest8  (cost=0.43..8.46 rows=0 width=0)
	  ->  Index Scan using sbtest8_pkey on sbtest8  (cost=0.43..8.46 rows=1 width=10)
	        Index Cond: (id = 4224146)

for index_updates
table 1 : explain UPDATE sbtest1 SET k=k+1 WHERE id=701009
	Update on sbtest1  (cost=0.43..8.46 rows=0 width=0)
	  ->  Index Scan using sbtest1_pkey on sbtest1  (cost=0.43..8.46 rows=1 width=10)
	        Index Cond: (id = 701009)

table 2 : explain UPDATE sbtest2 SET k=k+1 WHERE id=9349333
	Update on sbtest2  (cost=0.43..8.46 rows=0 width=0)
	  ->  Index Scan using sbtest2_pkey on sbtest2  (cost=0.43..8.46 rows=1 width=10)
	        Index Cond: (id = 9349333)

table 3 : explain UPDATE sbtest3 SET k=k+1 WHERE id=7731192
	Update on sbtest3  (cost=0.43..8.46 rows=0 width=0)
	  ->  Index Scan using sbtest3_pkey on sbtest3  (cost=0.43..8.46 rows=1 width=10)
	        Index Cond: (id = 7731192)

table 4 : explain UPDATE sbtest4 SET k=k+1 WHERE id=349718
	Update on sbtest4  (cost=0.43..8.46 rows=0 width=0)
	  ->  Index Scan using sbtest4_pkey on sbtest4  (cost=0.43..8.46 rows=1 width=10)
	        Index Cond: (id = 349718)

table 5 : explain UPDATE sbtest5 SET k=k+1 WHERE id=354708
	Update on sbtest5  (cost=0.43..8.46 rows=0 width=0)
	  ->  Index Scan using sbtest5_pkey on sbtest5  (cost=0.43..8.46 rows=1 width=10)
	        Index Cond: (id = 354708)

table 6 : explain UPDATE sbtest6 SET k=k+1 WHERE id=7757329
	Update on sbtest6  (cost=0.43..8.46 rows=0 width=0)
	  ->  Index Scan using sbtest6_pkey on sbtest6  (cost=0.43..8.46 rows=1 width=10)
	        Index Cond: (id = 7757329)

table 7 : explain UPDATE sbtest7 SET k=k+1 WHERE id=2763613
	Update on sbtest7  (cost=0.43..8.46 rows=0 width=0)
	  ->  Index Scan using sbtest7_pkey on sbtest7  (cost=0.43..8.46 rows=1 width=10)
	        Index Cond: (id = 2763613)

table 8 : explain UPDATE sbtest8 SET k=k+1 WHERE id=8639820
	Update on sbtest8  (cost=0.43..8.46 rows=0 width=0)
	  ->  Index Scan using sbtest8_pkey on sbtest8  (cost=0.43..8.46 rows=1 width=10)
	        Index Cond: (id = 8639820)

for: simple_ranges
table 1 : explain SELECT c FROM sbtest1 WHERE id BETWEEN 7409548 AND 7409647
	Index Scan using sbtest1_pkey on sbtest1  (cost=0.43..382.69 rows=99 width=121)
	  Index Cond: ((id >= 7409548) AND (id <= 7409647))

table 2 : explain SELECT c FROM sbtest2 WHERE id BETWEEN 2021887 AND 2021986
	Index Scan using sbtest2_pkey on sbtest2  (cost=0.43..380.61 rows=98 width=121)
	  Index Cond: ((id >= 2021887) AND (id <= 2021986))

table 3 : explain SELECT c FROM sbtest3 WHERE id BETWEEN 8331372 AND 8331471
	Index Scan using sbtest3_pkey on sbtest3  (cost=0.43..381.84 rows=99 width=121)
	  Index Cond: ((id >= 8331372) AND (id <= 8331471))

table 4 : explain SELECT c FROM sbtest4 WHERE id BETWEEN 3633644 AND 3633743
	Index Scan using sbtest4_pkey on sbtest4  (cost=0.43..386.23 rows=100 width=121)
	  Index Cond: ((id >= 3633644) AND (id <= 3633743))

table 5 : explain SELECT c FROM sbtest5 WHERE id BETWEEN 9602864 AND 9602963
	Index Scan using sbtest5_pkey on sbtest5  (cost=0.43..369.31 rows=96 width=121)
	  Index Cond: ((id >= 9602864) AND (id <= 9602963))

table 6 : explain SELECT c FROM sbtest6 WHERE id BETWEEN 7730333 AND 7730432
	Index Scan using sbtest6_pkey on sbtest6  (cost=0.43..348.80 rows=90 width=121)
	  Index Cond: ((id >= 7730333) AND (id <= 7730432))

table 7 : explain SELECT c FROM sbtest7 WHERE id BETWEEN 5373462 AND 5373561
	Index Scan using sbtest7_pkey on sbtest7  (cost=0.43..374.65 rows=97 width=121)
	  Index Cond: ((id >= 5373462) AND (id <= 5373561))

table 8 : explain SELECT c FROM sbtest8 WHERE id BETWEEN 3587179 AND 3587278
	Index Scan using sbtest8_pkey on sbtest8  (cost=0.43..390.86 rows=101 width=121)
	  Index Cond: ((id >= 3587179) AND (id <= 3587278))

explain: for non_index_updates :: explain UPDATE sbtest%u SET c='foobar' WHERE id=%uexplain: for non_index_updates :: explain UPDATE sbtest%u SET c='foobar' WHERE id=%u

for non_index_updates
table 1 : explain UPDATE sbtest1 SET c='foobar' WHERE id=2049049
	Update on sbtest1  (cost=0.43..8.45 rows=0 width=0)
	  ->  Index Scan using sbtest1_pkey on sbtest1  (cost=0.43..8.45 rows=1 width=490)
	        Index Cond: (id = 2049049)

table 2 : explain UPDATE sbtest2 SET c='foobar' WHERE id=8189979
	Update on sbtest2  (cost=0.43..8.45 rows=0 width=0)
	  ->  Index Scan using sbtest2_pkey on sbtest2  (cost=0.43..8.45 rows=1 width=490)
	        Index Cond: (id = 8189979)

table 3 : explain UPDATE sbtest3 SET c='foobar' WHERE id=6192391
	Update on sbtest3  (cost=0.43..8.45 rows=0 width=0)
	  ->  Index Scan using sbtest3_pkey on sbtest3  (cost=0.43..8.45 rows=1 width=490)
	        Index Cond: (id = 6192391)

table 4 : explain UPDATE sbtest4 SET c='foobar' WHERE id=7663770
	Update on sbtest4  (cost=0.43..8.45 rows=0 width=0)
	  ->  Index Scan using sbtest4_pkey on sbtest4  (cost=0.43..8.45 rows=1 width=490)
	        Index Cond: (id = 7663770)

table 5 : explain UPDATE sbtest5 SET c='foobar' WHERE id=6510815
	Update on sbtest5  (cost=0.43..8.45 rows=0 width=0)
	  ->  Index Scan using sbtest5_pkey on sbtest5  (cost=0.43..8.45 rows=1 width=490)
	        Index Cond: (id = 6510815)

table 6 : explain UPDATE sbtest6 SET c='foobar' WHERE id=3753043
	Update on sbtest6  (cost=0.43..8.45 rows=0 width=0)
	  ->  Index Scan using sbtest6_pkey on sbtest6  (cost=0.43..8.45 rows=1 width=490)
	        Index Cond: (id = 3753043)

table 7 : explain UPDATE sbtest7 SET c='foobar' WHERE id=9220024
	Update on sbtest7  (cost=0.43..8.45 rows=0 width=0)
	  ->  Index Scan using sbtest7_pkey on sbtest7  (cost=0.43..8.45 rows=1 width=490)
	        Index Cond: (id = 9220024)

table 8 : explain UPDATE sbtest8 SET c='foobar' WHERE id=693855
	Update on sbtest8  (cost=0.43..8.45 rows=0 width=0)
	  ->  Index Scan using sbtest8_pkey on sbtest8  (cost=0.43..8.45 rows=1 width=490)
	        Index Cond: (id = 693855)

for: sum_ranges
table 1 : explain SELECT SUM(k) FROM sbtest1 WHERE id BETWEEN 8760586 AND 8760685
	Aggregate  (cost=386.75..386.76 rows=1 width=8)
	  ->  Index Scan using sbtest1_pkey on sbtest1  (cost=0.43..386.50 rows=100 width=4)
	        Index Cond: ((id >= 8760586) AND (id <= 8760685))

table 2 : explain SELECT SUM(k) FROM sbtest2 WHERE id BETWEEN 3076787 AND 3076886
	Aggregate  (cost=353.95..353.96 rows=1 width=8)
	  ->  Index Scan using sbtest2_pkey on sbtest2  (cost=0.43..353.72 rows=91 width=4)
	        Index Cond: ((id >= 3076787) AND (id <= 3076886))

table 3 : explain SELECT SUM(k) FROM sbtest3 WHERE id BETWEEN 2862953 AND 2863052
	Aggregate  (cost=424.01..424.02 rows=1 width=8)
	  ->  Index Scan using sbtest3_pkey on sbtest3  (cost=0.43..423.73 rows=110 width=4)
	        Index Cond: ((id >= 2862953) AND (id <= 2863052))

table 4 : explain SELECT SUM(k) FROM sbtest4 WHERE id BETWEEN 4219638 AND 4219737
	Aggregate  (cost=378.84..378.85 rows=1 width=8)
	  ->  Index Scan using sbtest4_pkey on sbtest4  (cost=0.43..378.60 rows=98 width=4)
	        Index Cond: ((id >= 4219638) AND (id <= 4219737))

table 5 : explain SELECT SUM(k) FROM sbtest5 WHERE id BETWEEN 3021407 AND 3021506
	Aggregate  (cost=380.94..380.95 rows=1 width=8)
	  ->  Index Scan using sbtest5_pkey on sbtest5  (cost=0.43..380.70 rows=99 width=4)
	        Index Cond: ((id >= 3021407) AND (id <= 3021506))

table 6 : explain SELECT SUM(k) FROM sbtest6 WHERE id BETWEEN 4493471 AND 4493570
	Aggregate  (cost=372.03..372.04 rows=1 width=8)
	  ->  Index Scan using sbtest6_pkey on sbtest6  (cost=0.43..371.79 rows=96 width=4)
	        Index Cond: ((id >= 4493471) AND (id <= 4493570))

table 7 : explain SELECT SUM(k) FROM sbtest7 WHERE id BETWEEN 2165349 AND 2165448
	Aggregate  (cost=359.63..359.64 rows=1 width=8)
	  ->  Index Scan using sbtest7_pkey on sbtest7  (cost=0.43..359.40 rows=93 width=4)
	        Index Cond: ((id >= 2165349) AND (id <= 2165448))

table 8 : explain SELECT SUM(k) FROM sbtest8 WHERE id BETWEEN 2873977 AND 2874076
	Aggregate  (cost=429.36..429.37 rows=1 width=8)
	  ->  Index Scan using sbtest8_pkey on sbtest8  (cost=0.43..429.09 rows=111 width=4)
	        Index Cond: ((id >= 2873977) AND (id <= 2874076))

explain: for non_index_updates :: explain UPDATE sbtest%u SET c='foobar' WHERE id=%u
for non_index_updates
table 1 : explain UPDATE sbtest1 SET c='foobar' WHERE id=5061177
	Update on sbtest1  (cost=0.43..8.45 rows=0 width=0)
	  ->  Index Scan using sbtest1_pkey on sbtest1  (cost=0.43..8.45 rows=1 width=490)
	        Index Cond: (id = 5061177)

table 2 : explain UPDATE sbtest2 SET c='foobar' WHERE id=7460734
	Update on sbtest2  (cost=0.43..8.45 rows=0 width=0)
	  ->  Index Scan using sbtest2_pkey on sbtest2  (cost=0.43..8.45 rows=1 width=490)
	        Index Cond: (id = 7460734)

table 3 : explain UPDATE sbtest3 SET c='foobar' WHERE id=216620
	Update on sbtest3  (cost=0.43..8.45 rows=0 width=0)
	  ->  Index Scan using sbtest3_pkey on sbtest3  (cost=0.43..8.45 rows=1 width=490)
	        Index Cond: (id = 216620)

table 4 : explain UPDATE sbtest4 SET c='foobar' WHERE id=5769474
	Update on sbtest4  (cost=0.43..8.45 rows=0 width=0)
	  ->  Index Scan using sbtest4_pkey on sbtest4  (cost=0.43..8.45 rows=1 width=490)
	        Index Cond: (id = 5769474)

table 5 : explain UPDATE sbtest5 SET c='foobar' WHERE id=5851903
	Update on sbtest5  (cost=0.43..8.45 rows=0 width=0)
	  ->  Index Scan using sbtest5_pkey on sbtest5  (cost=0.43..8.45 rows=1 width=490)
	        Index Cond: (id = 5851903)

table 6 : explain UPDATE sbtest6 SET c='foobar' WHERE id=1532336
	Update on sbtest6  (cost=0.43..8.45 rows=0 width=0)
	  ->  Index Scan using sbtest6_pkey on sbtest6  (cost=0.43..8.45 rows=1 width=490)
	        Index Cond: (id = 1532336)

table 7 : explain UPDATE sbtest7 SET c='foobar' WHERE id=4436133
	Update on sbtest7  (cost=0.43..8.45 rows=0 width=0)
	  ->  Index Scan using sbtest7_pkey on sbtest7  (cost=0.43..8.45 rows=1 width=490)
	        Index Cond: (id = 4436133)

table 8 : explain UPDATE sbtest8 SET c='foobar' WHERE id=1347209
	Update on sbtest8  (cost=0.43..8.45 rows=0 width=0)
	  ->  Index Scan using sbtest8_pkey on sbtest8  (cost=0.43..8.45 rows=1 width=490)
	        Index Cond: (id = 1347209)

explain: for deletes :: explain DELETE FROM sbtest%u WHERE id=%u
explain: for non_index_updates :: explain UPDATE sbtest%u SET c='foobar' WHERE id=%u
for inserts
table 1 : explain INSERT INTO sbtest1 (id, k, c, pad) VALUES (8789054, 13, 'foobar', 'foobar')
	Insert on sbtest1  (cost=0.00..0.01 rows=0 width=0)
	  ->  Result  (cost=0.00..0.01 rows=1 width=736)

table 2 : explain INSERT INTO sbtest2 (id, k, c, pad) VALUES (1630362, 13, 'foobar', 'foobar')
	Insert on sbtest2  (cost=0.00..0.01 rows=0 width=0)
	  ->  Result  (cost=0.00..0.01 rows=1 width=736)

table 3 : explain INSERT INTO sbtest3 (id, k, c, pad) VALUES (3162184, 13, 'foobar', 'foobar')
	Insert on sbtest3  (cost=0.00..0.01 rows=0 width=0)
	  ->  Result  (cost=0.00..0.01 rows=1 width=736)

table 4 : explain INSERT INTO sbtest4 (id, k, c, pad) VALUES (5098121, 13, 'foobar', 'foobar')
	Insert on sbtest4  (cost=0.00..0.01 rows=0 width=0)
	  ->  Result  (cost=0.00..0.01 rows=1 width=736)

table 5 : explain INSERT INTO sbtest5 (id, k, c, pad) VALUES (5490540, 13, 'foobar', 'foobar')
	Insert on sbtest5  (cost=0.00..0.01 rows=0 width=0)
	  ->  Result  (cost=0.00..0.01 rows=1 width=736)

table 6 : explain INSERT INTO sbtest6 (id, k, c, pad) VALUES (5203191, 13, 'foobar', 'foobar')
	Insert on sbtest6  (cost=0.00..0.01 rows=0 width=0)
	  ->  Result  (cost=0.00..0.01 rows=1 width=736)

table 7 : explain INSERT INTO sbtest7 (id, k, c, pad) VALUES (3367559, 13, 'foobar', 'foobar')
	Insert on sbtest7  (cost=0.00..0.01 rows=0 width=0)
	  ->  Result  (cost=0.00..0.01 rows=1 width=736)

table 8 : explain INSERT INTO sbtest8 (id, k, c, pad) VALUES (1560495, 13, 'foobar', 'foobar')
	Insert on sbtest8  (cost=0.00..0.01 rows=0 width=0)
	  ->  Result  (cost=0.00..0.01 rows=1 width=736)

explain: for deletes :: explain DELETE FROM sbtest%u WHERE id=%u
explain: for inserts :: explain INSERT INTO sbtest%u (id, k, c, pad) VALUES (%u, 13, 'foobar', 'foobar')
for: order_ranges
table 1 : explain SELECT c FROM sbtest1 WHERE id BETWEEN 3668880 AND 3668979 ORDER BY c
	Sort  (cost=382.11..382.36 rows=98 width=121)
	  Sort Key: c
	  ->  Index Scan using sbtest1_pkey on sbtest1  (cost=0.43..378.87 rows=98 width=121)
	        Index Cond: ((id >= 3668880) AND (id <= 3668979))

table 2 : explain SELECT c FROM sbtest2 WHERE id BETWEEN 269997 AND 270096 ORDER BY c
	Sort  (cost=395.48..395.73 rows=101 width=121)
	  Sort Key: c
	  ->  Index Scan using sbtest2_pkey on sbtest2  (cost=0.43..392.12 rows=101 width=121)
	        Index Cond: ((id >= 269997) AND (id <= 270096))

table 3 : explain SELECT c FROM sbtest3 WHERE id BETWEEN 9008682 AND 9008781 ORDER BY c
	Sort  (cost=361.97..362.21 rows=93 width=121)
	  Sort Key: c
	  ->  Index Scan using sbtest3_pkey on sbtest3  (cost=0.43..358.93 rows=93 width=121)
	        Index Cond: ((id >= 9008682) AND (id <= 9008781))

table 4 : explain SELECT c FROM sbtest4 WHERE id BETWEEN 6072543 AND 6072642 ORDER BY c
	Sort  (cost=443.52..443.81 rows=114 width=121)
	  Sort Key: c
	  ->  Index Scan using sbtest4_pkey on sbtest4  (cost=0.43..439.63 rows=114 width=121)
	        Index Cond: ((id >= 6072543) AND (id <= 6072642))

table 5 : explain SELECT c FROM sbtest5 WHERE id BETWEEN 4147274 AND 4147373 ORDER BY c
	Sort  (cost=380.14..380.38 rows=98 width=121)
	  Sort Key: c
	  ->  Index Scan using sbtest5_pkey on sbtest5  (cost=0.43..376.90 rows=98 width=121)
	        Index Cond: ((id >= 4147274) AND (id <= 4147373))

table 6 : explain SELECT c FROM sbtest6 WHERE id BETWEEN 8375355 AND 8375454 ORDER BY c
	Sort  (cost=378.82..379.06 rows=97 width=121)
	  Sort Key: c
	  ->  Index Scan using sbtest6_pkey on sbtest6  (cost=0.43..375.62 rows=97 width=121)
	        Index Cond: ((id >= 8375355) AND (id <= 8375454))

table 7 : explain SELECT c FROM sbtest7 WHERE id BETWEEN 5827438 AND 5827537 ORDER BY c
	Sort  (cost=389.41..389.66 rows=100 width=121)
	  Sort Key: c
	  ->  Index Scan using sbtest7_pkey on sbtest7  (cost=0.43..386.09 rows=100 width=121)
	        Index Cond: ((id >= 5827438) AND (id <= 5827537))

table 8 : explain SELECT c FROM sbtest8 WHERE id BETWEEN 5431055 AND 5431154 ORDER BY c
	Sort  (cost=428.99..429.27 rows=110 width=121)
	  Sort Key: c
	  ->  Index Scan using sbtest8_pkey on sbtest8  (cost=0.43..425.26 rows=110 width=121)
	        Index Cond: ((id >= 5431055) AND (id <= 5431154))

for non_index_updates
table 1 : explain UPDATE sbtest1 SET c='foobar' WHERE id=2467918
	Update on sbtest1  (cost=0.43..8.45 rows=0 width=0)
	  ->  Index Scan using sbtest1_pkey on sbtest1  (cost=0.43..8.45 rows=1 width=490)
	        Index Cond: (id = 2467918)

table 2 : explain UPDATE sbtest2 SET c='foobar' WHERE id=95608
	Update on sbtest2  (cost=0.43..8.45 rows=0 width=0)
	  ->  Index Scan using sbtest2_pkey on sbtest2  (cost=0.43..8.45 rows=1 width=490)
	        Index Cond: (id = 95608)

table 3 : explain UPDATE sbtest3 SET c='foobar' WHERE id=8308846
	Update on sbtest3  (cost=0.43..8.45 rows=0 width=0)
	  ->  Index Scan using sbtest3_pkey on sbtest3  (cost=0.43..8.45 rows=1 width=490)
	        Index Cond: (id = 8308846)

table 4 : explain UPDATE sbtest4 SET c='foobar' WHERE id=8420318
	Update on sbtest4  (cost=0.43..8.45 rows=0 width=0)
	  ->  Index Scan using sbtest4_pkey on sbtest4  (cost=0.43..8.45 rows=1 width=490)
	        Index Cond: (id = 8420318)

table 5 : explain UPDATE sbtest5 SET c='foobar' WHERE id=9218781
	Update on sbtest5  (cost=0.43..8.45 rows=0 width=0)
	  ->  Index Scan using sbtest5_pkey on sbtest5  (cost=0.43..8.45 rows=1 width=490)
	        Index Cond: (id = 9218781)

table 6 : explain UPDATE sbtest6 SET c='foobar' WHERE id=3697137
	Update on sbtest6  (cost=0.43..8.45 rows=0 width=0)
	  ->  Index Scan using sbtest6_pkey on sbtest6  (cost=0.43..8.45 rows=1 width=490)
	        Index Cond: (id = 3697137)

table 7 : explain UPDATE sbtest7 SET c='foobar' WHERE id=7646035
	Update on sbtest7  (cost=0.43..8.45 rows=0 width=0)
	  ->  Index Scan using sbtest7_pkey on sbtest7  (cost=0.43..8.45 rows=1 width=490)
	        Index Cond: (id = 7646035)

table 8 : explain UPDATE sbtest8 SET c='foobar' WHERE id=6223702
	Update on sbtest8  (cost=0.43..8.45 rows=0 width=0)
	  ->  Index Scan using sbtest8_pkey on sbtest8  (cost=0.43..8.45 rows=1 width=490)
	        Index Cond: (id = 6223702)

for deletes
table 1 : explain DELETE FROM sbtest1 WHERE id=8665559
	Delete on sbtest1  (cost=0.43..8.45 rows=0 width=0)
	  ->  Index Scan using sbtest1_pkey on sbtest1  (cost=0.43..8.45 rows=1 width=6)
	        Index Cond: (id = 8665559)

table 2 : explain DELETE FROM sbtest2 WHERE id=6320982
	Delete on sbtest2  (cost=0.43..8.45 rows=0 width=0)
	  ->  Index Scan using sbtest2_pkey on sbtest2  (cost=0.43..8.45 rows=1 width=6)
	        Index Cond: (id = 6320982)

table 3 : explain DELETE FROM sbtest3 WHERE id=1554092
	Delete on sbtest3  (cost=0.43..8.45 rows=0 width=0)
	  ->  Index Scan using sbtest3_pkey on sbtest3  (cost=0.43..8.45 rows=1 width=6)
	        Index Cond: (id = 1554092)

table 4 : explain DELETE FROM sbtest4 WHERE id=3163212
	Delete on sbtest4  (cost=0.43..8.45 rows=0 width=0)
	  ->  Index Scan using sbtest4_pkey on sbtest4  (cost=0.43..8.45 rows=1 width=6)
	        Index Cond: (id = 3163212)

table 5 : explain DELETE FROM sbtest5 WHERE id=9016140
	Delete on sbtest5  (cost=0.43..8.45 rows=0 width=0)
	  ->  Index Scan using sbtest5_pkey on sbtest5  (cost=0.43..8.45 rows=1 width=6)
	        Index Cond: (id = 9016140)

table 6 : explain DELETE FROM sbtest6 WHERE id=8456673
	Delete on sbtest6  (cost=0.43..8.45 rows=0 width=0)
	  ->  Index Scan using sbtest6_pkey on sbtest6  (cost=0.43..8.45 rows=1 width=6)
	        Index Cond: (id = 8456673)

table 7 : explain DELETE FROM sbtest7 WHERE id=2625036
	Delete on sbtest7  (cost=0.43..8.45 rows=0 width=0)
	  ->  Index Scan using sbtest7_pkey on sbtest7  (cost=0.43..8.45 rows=1 width=6)
	        Index Cond: (id = 2625036)

table 8 : explain DELETE FROM sbtest8 WHERE id=9241404
	Delete on sbtest8  (cost=0.43..8.45 rows=0 width=0)
	  ->  Index Scan using sbtest8_pkey on sbtest8  (cost=0.43..8.45 rows=1 width=6)
	        Index Cond: (id = 9241404)

for inserts
table 1 : explain INSERT INTO sbtest1 (id, k, c, pad) VALUES (42159, 13, 'foobar', 'foobar')
	Insert on sbtest1  (cost=0.00..0.01 rows=0 width=0)
	  ->  Result  (cost=0.00..0.01 rows=1 width=736)

table 2 : explain INSERT INTO sbtest2 (id, k, c, pad) VALUES (3039700, 13, 'foobar', 'foobar')
	Insert on sbtest2  (cost=0.00..0.01 rows=0 width=0)
	  ->  Result  (cost=0.00..0.01 rows=1 width=736)

table 3 : explain INSERT INTO sbtest3 (id, k, c, pad) VALUES (6917636, 13, 'foobar', 'foobar')
	Insert on sbtest3  (cost=0.00..0.01 rows=0 width=0)
	  ->  Result  (cost=0.00..0.01 rows=1 width=736)

table 4 : explain INSERT INTO sbtest4 (id, k, c, pad) VALUES (5691203, 13, 'foobar', 'foobar')
	Insert on sbtest4  (cost=0.00..0.01 rows=0 width=0)
	  ->  Result  (cost=0.00..0.01 rows=1 width=736)

table 5 : explain INSERT INTO sbtest5 (id, k, c, pad) VALUES (2640091, 13, 'foobar', 'foobar')
	Insert on sbtest5  (cost=0.00..0.01 rows=0 width=0)
	  ->  Result  (cost=0.00..0.01 rows=1 width=736)

table 6 : explain INSERT INTO sbtest6 (id, k, c, pad) VALUES (6002960, 13, 'foobar', 'foobar')
	Insert on sbtest6  (cost=0.00..0.01 rows=0 width=0)
	  ->  Result  (cost=0.00..0.01 rows=1 width=736)

table 7 : explain INSERT INTO sbtest7 (id, k, c, pad) VALUES (9470850, 13, 'foobar', 'foobar')
	Insert on sbtest7  (cost=0.00..0.01 rows=0 width=0)
	  ->  Result  (cost=0.00..0.01 rows=1 width=736)

table 8 : explain INSERT INTO sbtest8 (id, k, c, pad) VALUES (5181287, 13, 'foobar', 'foobar')
	Insert on sbtest8  (cost=0.00..0.01 rows=0 width=0)
	  ->  Result  (cost=0.00..0.01 rows=1 width=736)

for deletes
table 1 : explain DELETE FROM sbtest1 WHERE id=7499278
	Delete on sbtest1  (cost=0.43..8.45 rows=0 width=0)
	  ->  Index Scan using sbtest1_pkey on sbtest1  (cost=0.43..8.45 rows=1 width=6)
	        Index Cond: (id = 7499278)

table 2 : explain DELETE FROM sbtest2 WHERE id=3915510
	Delete on sbtest2  (cost=0.43..8.45 rows=0 width=0)
	  ->  Index Scan using sbtest2_pkey on sbtest2  (cost=0.43..8.45 rows=1 width=6)
	        Index Cond: (id = 3915510)

table 3 : explain DELETE FROM sbtest3 WHERE id=5079307
	Delete on sbtest3  (cost=0.43..8.45 rows=0 width=0)
	  ->  Index Scan using sbtest3_pkey on sbtest3  (cost=0.43..8.45 rows=1 width=6)
	        Index Cond: (id = 5079307)

table 4 : explain DELETE FROM sbtest4 WHERE id=2432496
	Delete on sbtest4  (cost=0.43..8.45 rows=0 width=0)
	  ->  Index Scan using sbtest4_pkey on sbtest4  (cost=0.43..8.45 rows=1 width=6)
	        Index Cond: (id = 2432496)

table 5 : explain DELETE FROM sbtest5 WHERE id=1578476
	Delete on sbtest5  (cost=0.43..8.45 rows=0 width=0)
	  ->  Index Scan using sbtest5_pkey on sbtest5  (cost=0.43..8.45 rows=1 width=6)
	        Index Cond: (id = 1578476)

table 6 : explain DELETE FROM sbtest6 WHERE id=8190198
	Delete on sbtest6  (cost=0.43..8.45 rows=0 width=0)
	  ->  Index Scan using sbtest6_pkey on sbtest6  (cost=0.43..8.45 rows=1 width=6)
	        Index Cond: (id = 8190198)

table 7 : explain DELETE FROM sbtest7 WHERE id=9519387
	Delete on sbtest7  (cost=0.43..8.45 rows=0 width=0)
	  ->  Index Scan using sbtest7_pkey on sbtest7  (cost=0.43..8.45 rows=1 width=6)
	        Index Cond: (id = 9519387)

table 8 : explain DELETE FROM sbtest8 WHERE id=9000210
	Delete on sbtest8  (cost=0.43..8.45 rows=0 width=0)
	  ->  Index Scan using sbtest8_pkey on sbtest8  (cost=0.43..8.45 rows=1 width=6)
	        Index Cond: (id = 9000210)

for non_index_updates
table 1 : explain UPDATE sbtest1 SET c='foobar' WHERE id=1441494
	Update on sbtest1  (cost=0.43..8.45 rows=0 width=0)
	  ->  Index Scan using sbtest1_pkey on sbtest1  (cost=0.43..8.45 rows=1 width=490)
	        Index Cond: (id = 1441494)

table 2 : explain UPDATE sbtest2 SET c='foobar' WHERE id=5982417
	Update on sbtest2  (cost=0.43..8.45 rows=0 width=0)
	  ->  Index Scan using sbtest2_pkey on sbtest2  (cost=0.43..8.45 rows=1 width=490)
	        Index Cond: (id = 5982417)

table 3 : explain UPDATE sbtest3 SET c='foobar' WHERE id=5128087
	Update on sbtest3  (cost=0.43..8.45 rows=0 width=0)
	  ->  Index Scan using sbtest3_pkey on sbtest3  (cost=0.43..8.45 rows=1 width=490)
	        Index Cond: (id = 5128087)

table 4 : explain UPDATE sbtest4 SET c='foobar' WHERE id=6476219
	Update on sbtest4  (cost=0.43..8.45 rows=0 width=0)
	  ->  Index Scan using sbtest4_pkey on sbtest4  (cost=0.43..8.45 rows=1 width=490)
	        Index Cond: (id = 6476219)

table 5 : explain UPDATE sbtest5 SET c='foobar' WHERE id=4296149
	Update on sbtest5  (cost=0.43..8.45 rows=0 width=0)
	  ->  Index Scan using sbtest5_pkey on sbtest5  (cost=0.43..8.45 rows=1 width=490)
	        Index Cond: (id = 4296149)

table 6 : explain UPDATE sbtest6 SET c='foobar' WHERE id=3314653
	Update on sbtest6  (cost=0.43..8.45 rows=0 width=0)
	  ->  Index Scan using sbtest6_pkey on sbtest6  (cost=0.43..8.45 rows=1 width=490)
	        Index Cond: (id = 3314653)

table 7 : explain UPDATE sbtest7 SET c='foobar' WHERE id=8909737
	Update on sbtest7  (cost=0.43..8.45 rows=0 width=0)
	  ->  Index Scan using sbtest7_pkey on sbtest7  (cost=0.43..8.45 rows=1 width=490)
	        Index Cond: (id = 8909737)

table 8 : explain UPDATE sbtest8 SET c='foobar' WHERE id=5464985
	Update on sbtest8  (cost=0.43..8.45 rows=0 width=0)
	  ->  Index Scan using sbtest8_pkey on sbtest8  (cost=0.43..8.45 rows=1 width=490)
	        Index Cond: (id = 5464985)

explain: for deletes :: explain DELETE FROM sbtest%u WHERE id=%u
for non_index_updates
table 1 : explain UPDATE sbtest1 SET c='foobar' WHERE id=2017004
	Update on sbtest1  (cost=0.43..8.45 rows=0 width=0)
	  ->  Index Scan using sbtest1_pkey on sbtest1  (cost=0.43..8.45 rows=1 width=490)
	        Index Cond: (id = 2017004)

table 2 : explain UPDATE sbtest2 SET c='foobar' WHERE id=4672835
	Update on sbtest2  (cost=0.43..8.45 rows=0 width=0)
	  ->  Index Scan using sbtest2_pkey on sbtest2  (cost=0.43..8.45 rows=1 width=490)
	        Index Cond: (id = 4672835)

table 3 : explain UPDATE sbtest3 SET c='foobar' WHERE id=2582212
	Update on sbtest3  (cost=0.43..8.45 rows=0 width=0)
	  ->  Index Scan using sbtest3_pkey on sbtest3  (cost=0.43..8.45 rows=1 width=490)
	        Index Cond: (id = 2582212)

table 4 : explain UPDATE sbtest4 SET c='foobar' WHERE id=7973138
	Update on sbtest4  (cost=0.43..8.45 rows=0 width=0)
	  ->  Index Scan using sbtest4_pkey on sbtest4  (cost=0.43..8.45 rows=1 width=490)
	        Index Cond: (id = 7973138)

table 5 : explain UPDATE sbtest5 SET c='foobar' WHERE id=6803913
	Update on sbtest5  (cost=0.43..8.45 rows=0 width=0)
	  ->  Index Scan using sbtest5_pkey on sbtest5  (cost=0.43..8.45 rows=1 width=490)
	        Index Cond: (id = 6803913)

table 6 : explain UPDATE sbtest6 SET c='foobar' WHERE id=105662
	Update on sbtest6  (cost=0.43..8.45 rows=0 width=0)
	  ->  Index Scan using sbtest6_pkey on sbtest6  (cost=0.43..8.45 rows=1 width=490)
	        Index Cond: (id = 105662)

table 7 : explain UPDATE sbtest7 SET c='foobar' WHERE id=3680563
	Update on sbtest7  (cost=0.43..8.45 rows=0 width=0)
	  ->  Index Scan using sbtest7_pkey on sbtest7  (cost=0.43..8.45 rows=1 width=490)
	        Index Cond: (id = 3680563)

table 8 : explain UPDATE sbtest8 SET c='foobar' WHERE id=823917
	Update on sbtest8  (cost=0.43..8.45 rows=0 width=0)
	  ->  Index Scan using sbtest8_pkey on sbtest8  (cost=0.43..8.45 rows=1 width=490)
	        Index Cond: (id = 823917)

explain: for deletes :: explain DELETE FROM sbtest%u WHERE id=%u
for non_index_updates
table 1 : explain UPDATE sbtest1 SET c='foobar' WHERE id=255110
	Update on sbtest1  (cost=0.43..8.45 rows=0 width=0)
	  ->  Index Scan using sbtest1_pkey on sbtest1  (cost=0.43..8.45 rows=1 width=490)
	        Index Cond: (id = 255110)

table 2 : explain UPDATE sbtest2 SET c='foobar' WHERE id=9137975
	Update on sbtest2  (cost=0.43..8.45 rows=0 width=0)
	  ->  Index Scan using sbtest2_pkey on sbtest2  (cost=0.43..8.45 rows=1 width=490)
	        Index Cond: (id = 9137975)

table 3 : explain UPDATE sbtest3 SET c='foobar' WHERE id=9576308
	Update on sbtest3  (cost=0.43..8.45 rows=0 width=0)
	  ->  Index Scan using sbtest3_pkey on sbtest3  (cost=0.43..8.45 rows=1 width=490)
	        Index Cond: (id = 9576308)

table 4 : explain UPDATE sbtest4 SET c='foobar' WHERE id=5725465
	Update on sbtest4  (cost=0.43..8.45 rows=0 width=0)
	  ->  Index Scan using sbtest4_pkey on sbtest4  (cost=0.43..8.45 rows=1 width=490)
	        Index Cond: (id = 5725465)

table 5 : explain UPDATE sbtest5 SET c='foobar' WHERE id=2954278
	Update on sbtest5  (cost=0.43..8.45 rows=0 width=0)
	  ->  Index Scan using sbtest5_pkey on sbtest5  (cost=0.43..8.45 rows=1 width=490)
	        Index Cond: (id = 2954278)

table 6 : explain UPDATE sbtest6 SET c='foobar' WHERE id=513201
	Update on sbtest6  (cost=0.43..8.45 rows=0 width=0)
	  ->  Index Scan using sbtest6_pkey on sbtest6  (cost=0.43..8.45 rows=1 width=490)
	        Index Cond: (id = 513201)

table 7 : explain UPDATE sbtest7 SET c='foobar' WHERE id=4428832
	Update on sbtest7  (cost=0.43..8.45 rows=0 width=0)
	  ->  Index Scan using sbtest7_pkey on sbtest7  (cost=0.43..8.45 rows=1 width=490)
	        Index Cond: (id = 4428832)

table 8 : explain UPDATE sbtest8 SET c='foobar' WHERE id=6956806
	Update on sbtest8  (cost=0.43..8.45 rows=0 width=0)
	  ->  Index Scan using sbtest8_pkey on sbtest8  (cost=0.43..8.45 rows=1 width=490)
	        Index Cond: (id = 6956806)

for deletes
table 1 : explain DELETE FROM sbtest1 WHERE id=987260
	Delete on sbtest1  (cost=0.43..8.45 rows=0 width=0)
	  ->  Index Scan using sbtest1_pkey on sbtest1  (cost=0.43..8.45 rows=1 width=6)
	        Index Cond: (id = 987260)

table 2 : explain DELETE FROM sbtest2 WHERE id=30420
	Delete on sbtest2  (cost=0.43..8.45 rows=0 width=0)
	  ->  Index Scan using sbtest2_pkey on sbtest2  (cost=0.43..8.45 rows=1 width=6)
	        Index Cond: (id = 30420)

table 3 : explain DELETE FROM sbtest3 WHERE id=9188234
	Delete on sbtest3  (cost=0.43..8.45 rows=0 width=0)
	  ->  Index Scan using sbtest3_pkey on sbtest3  (cost=0.43..8.45 rows=1 width=6)
	        Index Cond: (id = 9188234)

table 4 : explain DELETE FROM sbtest4 WHERE id=163387
	Delete on sbtest4  (cost=0.43..8.45 rows=0 width=0)
	  ->  Index Scan using sbtest4_pkey on sbtest4  (cost=0.43..8.45 rows=1 width=6)
	        Index Cond: (id = 163387)

table 5 : explain DELETE FROM sbtest5 WHERE id=92694
	Delete on sbtest5  (cost=0.43..8.45 rows=0 width=0)
	  ->  Index Scan using sbtest5_pkey on sbtest5  (cost=0.43..8.45 rows=1 width=6)
	        Index Cond: (id = 92694)

table 6 : explain DELETE FROM sbtest6 WHERE id=1380006
	Delete on sbtest6  (cost=0.43..8.45 rows=0 width=0)
	  ->  Index Scan using sbtest6_pkey on sbtest6  (cost=0.43..8.45 rows=1 width=6)
	        Index Cond: (id = 1380006)

table 7 : explain DELETE FROM sbtest7 WHERE id=5582814
	Delete on sbtest7  (cost=0.43..8.45 rows=0 width=0)
	  ->  Index Scan using sbtest7_pkey on sbtest7  (cost=0.43..8.45 rows=1 width=6)
	        Index Cond: (id = 5582814)

table 8 : explain DELETE FROM sbtest8 WHERE id=9615594
	Delete on sbtest8  (cost=0.43..8.45 rows=0 width=0)
	  ->  Index Scan using sbtest8_pkey on sbtest8  (cost=0.43..8.45 rows=1 width=6)
	        Index Cond: (id = 9615594)

for: sum_ranges
table 1 : explain SELECT SUM(k) FROM sbtest1 WHERE id BETWEEN 78614 AND 78713
	Aggregate  (cost=382.94..382.95 rows=1 width=8)
	  ->  Index Scan using sbtest1_pkey on sbtest1  (cost=0.43..382.69 rows=99 width=4)
	        Index Cond: ((id >= 78614) AND (id <= 78713))

table 2 : explain SELECT SUM(k) FROM sbtest2 WHERE id BETWEEN 4602958 AND 4603057
	Aggregate  (cost=346.27..346.28 rows=1 width=8)
	  ->  Index Scan using sbtest2_pkey on sbtest2  (cost=0.43..346.05 rows=89 width=4)
	        Index Cond: ((id >= 4602958) AND (id <= 4603057))

table 3 : explain SELECT SUM(k) FROM sbtest3 WHERE id BETWEEN 9531802 AND 9531901
	Aggregate  (cost=355.36..355.37 rows=1 width=8)
	  ->  Index Scan using sbtest3_pkey on sbtest3  (cost=0.43..355.13 rows=92 width=4)
	        Index Cond: ((id >= 9531802) AND (id <= 9531901))

table 4 : explain SELECT SUM(k) FROM sbtest4 WHERE id BETWEEN 30394 AND 30493
	Aggregate  (cost=447.55..447.56 rows=1 width=8)
	  ->  Index Scan using sbtest4_pkey on sbtest4  (cost=0.43..447.26 rows=116 width=4)
	        Index Cond: ((id >= 30394) AND (id <= 30493))

table 5 : explain SELECT SUM(k) FROM sbtest5 WHERE id BETWEEN 7849024 AND 7849123
	Aggregate  (cost=403.74..403.75 rows=1 width=8)
	  ->  Index Scan using sbtest5_pkey on sbtest5  (cost=0.43..403.48 rows=105 width=4)
	        Index Cond: ((id >= 7849024) AND (id <= 7849123))

table 6 : explain SELECT SUM(k) FROM sbtest6 WHERE id BETWEEN 4243330 AND 4243429
	Aggregate  (cost=410.29..410.30 rows=1 width=8)
	  ->  Index Scan using sbtest6_pkey on sbtest6  (cost=0.43..410.02 rows=106 width=4)
	        Index Cond: ((id >= 4243330) AND (id <= 4243429))

table 7 : explain SELECT SUM(k) FROM sbtest7 WHERE id BETWEEN 6776763 AND 6776862
	Aggregate  (cost=409.24..409.25 rows=1 width=8)
	  ->  Index Scan using sbtest7_pkey on sbtest7  (cost=0.43..408.97 rows=106 width=4)
	        Index Cond: ((id >= 6776763) AND (id <= 6776862))

table 8 : explain SELECT SUM(k) FROM sbtest8 WHERE id BETWEEN 6450496 AND 6450595
	Aggregate  (cost=421.71..421.72 rows=1 width=8)
	  ->  Index Scan using sbtest8_pkey on sbtest8  (cost=0.43..421.44 rows=109 width=4)
	        Index Cond: ((id >= 6450496) AND (id <= 6450595))

explain: for deletes :: explain DELETE FROM sbtest%u WHERE id=%u
explain: for deletes :: explain DELETE FROM sbtest%u WHERE id=%u
explain: for inserts :: explain INSERT INTO sbtest%u (id, k, c, pad) VALUES (%u, 13, 'foobar', 'foobar')
explain: for inserts :: explain INSERT INTO sbtest%u (id, k, c, pad) VALUES (%u, 13, 'foobar', 'foobar')
for inserts
table 1 : explain INSERT INTO sbtest1 (id, k, c, pad) VALUES (8843742, 13, 'foobar', 'foobar')
	Insert on sbtest1  (cost=0.00..0.01 rows=0 width=0)
	  ->  Result  (cost=0.00..0.01 rows=1 width=736)

table 2 : explain INSERT INTO sbtest2 (id, k, c, pad) VALUES (8233722, 13, 'foobar', 'foobar')
	Insert on sbtest2  (cost=0.00..0.01 rows=0 width=0)
	  ->  Result  (cost=0.00..0.01 rows=1 width=736)

table 3 : explain INSERT INTO sbtest3 (id, k, c, pad) VALUES (3798574, 13, 'foobar', 'foobar')
	Insert on sbtest3  (cost=0.00..0.01 rows=0 width=0)
	  ->  Result  (cost=0.00..0.01 rows=1 width=736)

table 4 : explain INSERT INTO sbtest4 (id, k, c, pad) VALUES (678149, 13, 'foobar', 'foobar')
	Insert on sbtest4  (cost=0.00..0.01 rows=0 width=0)
	  ->  Result  (cost=0.00..0.01 rows=1 width=736)

table 5 : explain INSERT INTO sbtest5 (id, k, c, pad) VALUES (2056701, 13, 'foobar', 'foobar')
	Insert on sbtest5  (cost=0.00..0.01 rows=0 width=0)
	  ->  Result  (cost=0.00..0.01 rows=1 width=736)

table 6 : explain INSERT INTO sbtest6 (id, k, c, pad) VALUES (2023327, 13, 'foobar', 'foobar')
	Insert on sbtest6  (cost=0.00..0.01 rows=0 width=0)
	  ->  Result  (cost=0.00..0.01 rows=1 width=736)

table 7 : explain INSERT INTO sbtest7 (id, k, c, pad) VALUES (9719583, 13, 'foobar', 'foobar')
	Insert on sbtest7  (cost=0.00..0.01 rows=0 width=0)
	  ->  Result  (cost=0.00..0.01 rows=1 width=736)

table 8 : explain INSERT INTO sbtest8 (id, k, c, pad) VALUES (4500690, 13, 'foobar', 'foobar')
	Insert on sbtest8  (cost=0.00..0.01 rows=0 width=0)
	  ->  Result  (cost=0.00..0.01 rows=1 width=736)

for deletes
table 1 : explain DELETE FROM sbtest1 WHERE id=7492151
	Delete on sbtest1  (cost=0.43..8.45 rows=0 width=0)
	  ->  Index Scan using sbtest1_pkey on sbtest1  (cost=0.43..8.45 rows=1 width=6)
	        Index Cond: (id = 7492151)

table 2 : explain DELETE FROM sbtest2 WHERE id=7943645
	Delete on sbtest2  (cost=0.43..8.45 rows=0 width=0)
	  ->  Index Scan using sbtest2_pkey on sbtest2  (cost=0.43..8.45 rows=1 width=6)
	        Index Cond: (id = 7943645)

table 3 : explain DELETE FROM sbtest3 WHERE id=6797402
	Delete on sbtest3  (cost=0.43..8.45 rows=0 width=0)
	  ->  Index Scan using sbtest3_pkey on sbtest3  (cost=0.43..8.45 rows=1 width=6)
	        Index Cond: (id = 6797402)

table 4 : explain DELETE FROM sbtest4 WHERE id=3904309
	Delete on sbtest4  (cost=0.43..8.45 rows=0 width=0)
	  ->  Index Scan using sbtest4_pkey on sbtest4  (cost=0.43..8.45 rows=1 width=6)
	        Index Cond: (id = 3904309)

table 5 : explain DELETE FROM sbtest5 WHERE id=2568862
	Delete on sbtest5  (cost=0.43..8.45 rows=0 width=0)
	  ->  Index Scan using sbtest5_pkey on sbtest5  (cost=0.43..8.45 rows=1 width=6)
	        Index Cond: (id = 2568862)

table 6 : explain DELETE FROM sbtest6 WHERE id=4172034
	Delete on sbtest6  (cost=0.43..8.45 rows=0 width=0)
	  ->  Index Scan using sbtest6_pkey on sbtest6  (cost=0.43..8.45 rows=1 width=6)
	        Index Cond: (id = 4172034)

table 7 : explain DELETE FROM sbtest7 WHERE id=54430
	Delete on sbtest7  (cost=0.43..8.45 rows=0 width=0)
	  ->  Index Scan using sbtest7_pkey on sbtest7  (cost=0.43..8.45 rows=1 width=6)
	        Index Cond: (id = 54430)

table 8 : explain DELETE FROM sbtest8 WHERE id=7768424
	Delete on sbtest8  (cost=0.43..8.45 rows=0 width=0)
	  ->  Index Scan using sbtest8_pkey on sbtest8  (cost=0.43..8.45 rows=1 width=6)
	        Index Cond: (id = 7768424)

for: order_ranges
table 1 : explain SELECT c FROM sbtest1 WHERE id BETWEEN 2372623 AND 2372722 ORDER BY c
	Sort  (cost=436.12..436.40 rows=112 width=121)
	  Sort Key: c
	  ->  Index Scan using sbtest1_pkey on sbtest1  (cost=0.43..432.31 rows=112 width=121)
	        Index Cond: ((id >= 2372623) AND (id <= 2372722))

table 2 : explain SELECT c FROM sbtest2 WHERE id BETWEEN 6104113 AND 6104212 ORDER BY c
	Sort  (cost=399.36..399.61 rows=102 width=121)
	  Sort Key: c
	  ->  Index Scan using sbtest2_pkey on sbtest2  (cost=0.43..395.95 rows=102 width=121)
	        Index Cond: ((id >= 6104113) AND (id <= 6104212))

table 3 : explain SELECT c FROM sbtest3 WHERE id BETWEEN 6560221 AND 6560320 ORDER BY c
	Sort  (cost=377.42..377.66 rows=97 width=121)
	  Sort Key: c
	  ->  Index Scan using sbtest3_pkey on sbtest3  (cost=0.43..374.22 rows=97 width=121)
	        Index Cond: ((id >= 6560221) AND (id <= 6560320))

table 4 : explain SELECT c FROM sbtest4 WHERE id BETWEEN 733537 AND 733636 ORDER BY c
	Sort  (cost=370.28..370.51 rows=95 width=121)
	  Sort Key: c
	  ->  Index Scan using sbtest4_pkey on sbtest4  (cost=0.43..367.16 rows=95 width=121)
	        Index Cond: ((id >= 733537) AND (id <= 733636))

table 5 : explain SELECT c FROM sbtest5 WHERE id BETWEEN 8601704 AND 8601803 ORDER BY c
	Sort  (cost=395.49..395.74 rows=102 width=121)
	  Sort Key: c
	  ->  Index Scan using sbtest5_pkey on sbtest5  (cost=0.43..392.09 rows=102 width=121)
	        Index Cond: ((id >= 8601704) AND (id <= 8601803))

table 6 : explain SELECT c FROM sbtest6 WHERE id BETWEEN 1272251 AND 1272350 ORDER BY c
	Sort  (cost=382.68..382.92 rows=98 width=121)
	  Sort Key: c
	  ->  Index Scan using sbtest6_pkey on sbtest6  (cost=0.43..379.44 rows=98 width=121)
	        Index Cond: ((id >= 1272251) AND (id <= 1272350))

table 7 : explain SELECT c FROM sbtest7 WHERE id BETWEEN 1918016 AND 1918115 ORDER BY c
	Sort  (cost=400.98..401.23 rows=103 width=121)
	  Sort Key: c
	  ->  Index Scan using sbtest7_pkey on sbtest7  (cost=0.43..397.53 rows=103 width=121)
	        Index Cond: ((id >= 1918016) AND (id <= 1918115))

table 8 : explain SELECT c FROM sbtest8 WHERE id BETWEEN 2535761 AND 2535860 ORDER BY c
	Sort  (cost=378.77..379.01 rows=97 width=121)
	  Sort Key: c
	  ->  Index Scan using sbtest8_pkey on sbtest8  (cost=0.43..375.57 rows=97 width=121)
	        Index Cond: ((id >= 2535761) AND (id <= 2535860))

for deletes
table 1 : explain DELETE FROM sbtest1 WHERE id=3276841
	Delete on sbtest1  (cost=0.43..8.45 rows=0 width=0)
	  ->  Index Scan using sbtest1_pkey on sbtest1  (cost=0.43..8.45 rows=1 width=6)
	        Index Cond: (id = 3276841)

table 2 : explain DELETE FROM sbtest2 WHERE id=5607029
	Delete on sbtest2  (cost=0.43..8.45 rows=0 width=0)
	  ->  Index Scan using sbtest2_pkey on sbtest2  (cost=0.43..8.45 rows=1 width=6)
	        Index Cond: (id = 5607029)

table 3 : explain DELETE FROM sbtest3 WHERE id=2075106
	Delete on sbtest3  (cost=0.43..8.45 rows=0 width=0)
	  ->  Index Scan using sbtest3_pkey on sbtest3  (cost=0.43..8.45 rows=1 width=6)
	        Index Cond: (id = 2075106)

table 4 : explain DELETE FROM sbtest4 WHERE id=1766265
	Delete on sbtest4  (cost=0.43..8.45 rows=0 width=0)
	  ->  Index Scan using sbtest4_pkey on sbtest4  (cost=0.43..8.45 rows=1 width=6)
	        Index Cond: (id = 1766265)

table 5 : explain DELETE FROM sbtest5 WHERE id=3040211
	Delete on sbtest5  (cost=0.43..8.45 rows=0 width=0)
	  ->  Index Scan using sbtest5_pkey on sbtest5  (cost=0.43..8.45 rows=1 width=6)
	        Index Cond: (id = 3040211)

table 6 : explain DELETE FROM sbtest6 WHERE id=8295228
	Delete on sbtest6  (cost=0.43..8.45 rows=0 width=0)
	  ->  Index Scan using sbtest6_pkey on sbtest6  (cost=0.43..8.45 rows=1 width=6)
	        Index Cond: (id = 8295228)

table 7 : explain DELETE FROM sbtest7 WHERE id=6135319
	Delete on sbtest7  (cost=0.43..8.45 rows=0 width=0)
	  ->  Index Scan using sbtest7_pkey on sbtest7  (cost=0.43..8.45 rows=1 width=6)
	        Index Cond: (id = 6135319)

table 8 : explain DELETE FROM sbtest8 WHERE id=2771469
	Delete on sbtest8  (cost=0.43..8.45 rows=0 width=0)
	  ->  Index Scan using sbtest8_pkey on sbtest8  (cost=0.43..8.45 rows=1 width=6)
	        Index Cond: (id = 2771469)

for inserts
table 1 : explain INSERT INTO sbtest1 (id, k, c, pad) VALUES (618743, 13, 'foobar', 'foobar')
	Insert on sbtest1  (cost=0.00..0.01 rows=0 width=0)
	  ->  Result  (cost=0.00..0.01 rows=1 width=736)

table 2 : explain INSERT INTO sbtest2 (id, k, c, pad) VALUES (2579431, 13, 'foobar', 'foobar')
	Insert on sbtest2  (cost=0.00..0.01 rows=0 width=0)
	  ->  Result  (cost=0.00..0.01 rows=1 width=736)

table 3 : explain INSERT INTO sbtest3 (id, k, c, pad) VALUES (1388549, 13, 'foobar', 'foobar')
	Insert on sbtest3  (cost=0.00..0.01 rows=0 width=0)
	  ->  Result  (cost=0.00..0.01 rows=1 width=736)

table 4 : explain INSERT INTO sbtest4 (id, k, c, pad) VALUES (7708574, 13, 'foobar', 'foobar')
	Insert on sbtest4  (cost=0.00..0.01 rows=0 width=0)
	  ->  Result  (cost=0.00..0.01 rows=1 width=736)

table 5 : explain INSERT INTO sbtest5 (id, k, c, pad) VALUES (2966192, 13, 'foobar', 'foobar')
	Insert on sbtest5  (cost=0.00..0.01 rows=0 width=0)
	  ->  Result  (cost=0.00..0.01 rows=1 width=736)

table 6 : explain INSERT INTO sbtest6 (id, k, c, pad) VALUES (9698596, 13, 'foobar', 'foobar')
	Insert on sbtest6  (cost=0.00..0.01 rows=0 width=0)
	  ->  Result  (cost=0.00..0.01 rows=1 width=736)

table 7 : explain INSERT INTO sbtest7 (id, k, c, pad) VALUES (9869557, 13, 'foobar', 'foobar')
	Insert on sbtest7  (cost=0.00..0.01 rows=0 width=0)
	  ->  Result  (cost=0.00..0.01 rows=1 width=736)

table 8 : explain INSERT INTO sbtest8 (id, k, c, pad) VALUES (2734594, 13, 'foobar', 'foobar')
	Insert on sbtest8  (cost=0.00..0.01 rows=0 width=0)
	  ->  Result  (cost=0.00..0.01 rows=1 width=736)

for: distinct_ranges
table 1 : explain SELECT DISTINCT c FROM sbtest1 WHERE id BETWEEN 5466772 AND 5466871 ORDER BY c
	Unique  (cost=374.40..374.88 rows=96 width=121)
	  ->  Sort  (cost=374.40..374.64 rows=96 width=121)
	        Sort Key: c
	        ->  Index Scan using sbtest1_pkey on sbtest1  (cost=0.43..371.24 rows=96 width=121)
	              Index Cond: ((id >= 5466772) AND (id <= 5466871))

table 2 : explain SELECT DISTINCT c FROM sbtest2 WHERE id BETWEEN 5415133 AND 5415232 ORDER BY c
	Unique  (cost=407.11..407.63 rows=104 width=121)
	  ->  Sort  (cost=407.11..407.37 rows=104 width=121)
	        Sort Key: c
	        ->  Index Scan using sbtest2_pkey on sbtest2  (cost=0.43..403.63 rows=104 width=121)
	              Index Cond: ((id >= 5415133) AND (id <= 5415232))

table 3 : explain SELECT DISTINCT c FROM sbtest3 WHERE id BETWEEN 4114428 AND 4114527 ORDER BY c
	Unique  (cost=408.21..408.74 rows=105 width=121)
	  ->  Sort  (cost=408.21..408.48 rows=105 width=121)
	        Sort Key: c
	        ->  Index Scan using sbtest3_pkey on sbtest3  (cost=0.43..404.69 rows=105 width=121)
	              Index Cond: ((id >= 4114428) AND (id <= 4114527))

table 4 : explain SELECT DISTINCT c FROM sbtest4 WHERE id BETWEEN 5800887 AND 5800986 ORDER BY c
	Unique  (cost=389.55..390.05 rows=100 width=121)
	  ->  Sort  (cost=389.55..389.80 rows=100 width=121)
	        Sort Key: c
	        ->  Index Scan using sbtest4_pkey on sbtest4  (cost=0.43..386.23 rows=100 width=121)
	              Index Cond: ((id >= 5800887) AND (id <= 5800986))

table 5 : explain SELECT DISTINCT c FROM sbtest5 WHERE id BETWEEN 6360423 AND 6360522 ORDER BY c
	Unique  (cost=410.84..411.37 rows=106 width=121)
	  ->  Sort  (cost=410.84..411.10 rows=106 width=121)
	        Sort Key: c
	        ->  Index Scan using sbtest5_pkey on sbtest5  (cost=0.43..407.27 rows=106 width=121)
	              Index Cond: ((id >= 6360423) AND (id <= 6360522))

table 6 : explain SELECT DISTINCT c FROM sbtest6 WHERE id BETWEEN 9661273 AND 9661372 ORDER BY c
	Unique  (cost=394.27..394.77 rows=101 width=121)
	  ->  Sort  (cost=394.27..394.52 rows=101 width=121)
	        Sort Key: c
	        ->  Index Scan using sbtest6_pkey on sbtest6  (cost=0.43..390.91 rows=101 width=121)
	              Index Cond: ((id >= 9661273) AND (id <= 9661372))

table 7 : explain SELECT DISTINCT c FROM sbtest7 WHERE id BETWEEN 7387281 AND 7387380 ORDER BY c
	Unique  (cost=381.71..382.20 rows=98 width=121)
	  ->  Sort  (cost=381.71..381.95 rows=98 width=121)
	        Sort Key: c
	        ->  Index Scan using sbtest7_pkey on sbtest7  (cost=0.43..378.47 rows=98 width=121)
	              Index Cond: ((id >= 7387281) AND (id <= 7387380))

table 8 : explain SELECT DISTINCT c FROM sbtest8 WHERE id BETWEEN 5423446 AND 5423545 ORDER BY c
	Unique  (cost=428.99..429.54 rows=110 width=121)
	  ->  Sort  (cost=428.99..429.27 rows=110 width=121)
	        Sort Key: c
	        ->  Index Scan using sbtest8_pkey on sbtest8  (cost=0.43..425.26 rows=110 width=121)
	              Index Cond: ((id >= 5423446) AND (id <= 5423545))

explain: for index_updates :: explain UPDATE sbtest%u SET k=k+1 WHERE id=%u
explain: for inserts :: explain INSERT INTO sbtest%u (id, k, c, pad) VALUES (%u, 13, 'foobar', 'foobar')
for: distinct_ranges
table 1 : explain SELECT DISTINCT c FROM sbtest1 WHERE id BETWEEN 5518438 AND 5518537 ORDER BY c
	Unique  (cost=420.69..421.23 rows=108 width=121)
	  ->  Sort  (cost=420.69..420.96 rows=108 width=121)
	        Sort Key: c
	        ->  Index Scan using sbtest1_pkey on sbtest1  (cost=0.43..417.04 rows=108 width=121)
	              Index Cond: ((id >= 5518438) AND (id <= 5518537))

table 2 : explain SELECT DISTINCT c FROM sbtest2 WHERE id BETWEEN 5786254 AND 5786353 ORDER BY c
	Unique  (cost=387.73..388.23 rows=99 width=121)
	  ->  Sort  (cost=387.73..387.98 rows=99 width=121)
	        Sort Key: c
	        ->  Index Scan using sbtest2_pkey on sbtest2  (cost=0.43..384.45 rows=99 width=121)
	              Index Cond: ((id >= 5786254) AND (id <= 5786353))

table 3 : explain SELECT DISTINCT c FROM sbtest3 WHERE id BETWEEN 9079440 AND 9079539 ORDER BY c
	Unique  (cost=361.97..362.44 rows=93 width=121)
	  ->  Sort  (cost=361.97..362.21 rows=93 width=121)
	        Sort Key: c
	        ->  Index Scan using sbtest3_pkey on sbtest3  (cost=0.43..358.93 rows=93 width=121)
	              Index Cond: ((id >= 9079440) AND (id <= 9079539))

table 4 : explain SELECT DISTINCT c FROM sbtest4 WHERE id BETWEEN 7476319 AND 7476418 ORDER BY c
	Unique  (cost=354.81..355.26 rows=91 width=121)
	  ->  Sort  (cost=354.81..355.04 rows=91 width=121)
	        Sort Key: c
	        ->  Index Scan using sbtest4_pkey on sbtest4  (cost=0.43..351.85 rows=91 width=121)
	              Index Cond: ((id >= 7476319) AND (id <= 7476418))

table 5 : explain SELECT DISTINCT c FROM sbtest5 WHERE id BETWEEN 8277476 AND 8277575 ORDER BY c
	Unique  (cost=395.49..396.00 rows=102 width=121)
	  ->  Sort  (cost=395.49..395.74 rows=102 width=121)
	        Sort Key: c
	        ->  Index Scan using sbtest5_pkey on sbtest5  (cost=0.43..392.09 rows=102 width=121)
	              Index Cond: ((id >= 8277476) AND (id <= 8277575))

table 6 : explain SELECT DISTINCT c FROM sbtest6 WHERE id BETWEEN 5291789 AND 5291888 ORDER BY c
	Unique  (cost=394.27..394.77 rows=101 width=121)
	  ->  Sort  (cost=394.27..394.52 rows=101 width=121)
	        Sort Key: c
	        ->  Index Scan using sbtest6_pkey on sbtest6  (cost=0.43..390.91 rows=101 width=121)
	              Index Cond: ((id >= 5291789) AND (id <= 5291888))

table 7 : explain SELECT DISTINCT c FROM sbtest7 WHERE id BETWEEN 7738610 AND 7738709 ORDER BY c
	Unique  (cost=385.56..386.06 rows=99 width=121)
	  ->  Sort  (cost=385.56..385.81 rows=99 width=121)
	        Sort Key: c
	        ->  Index Scan using sbtest7_pkey on sbtest7  (cost=0.43..382.28 rows=99 width=121)
	              Index Cond: ((id >= 7738610) AND (id <= 7738709))

table 8 : explain SELECT DISTINCT c FROM sbtest8 WHERE id BETWEEN 685884 AND 685983 ORDER BY c
	Unique  (cost=386.50..386.99 rows=99 width=121)
	  ->  Sort  (cost=386.50..386.74 rows=99 width=121)
	        Sort Key: c
	        ->  Index Scan using sbtest8_pkey on sbtest8  (cost=0.43..383.22 rows=99 width=121)
	              Index Cond: ((id >= 685884) AND (id <= 685983))

explain: for inserts :: explain INSERT INTO sbtest%u (id, k, c, pad) VALUES (%u, 13, 'foobar', 'foobar')
for index_updates
table 1 : explain UPDATE sbtest1 SET k=k+1 WHERE id=8400357
	Update on sbtest1  (cost=0.43..8.46 rows=0 width=0)
	  ->  Index Scan using sbtest1_pkey on sbtest1  (cost=0.43..8.46 rows=1 width=10)
	        Index Cond: (id = 8400357)

table 2 : explain UPDATE sbtest2 SET k=k+1 WHERE id=1395804
	Update on sbtest2  (cost=0.43..8.46 rows=0 width=0)
	  ->  Index Scan using sbtest2_pkey on sbtest2  (cost=0.43..8.46 rows=1 width=10)
	        Index Cond: (id = 1395804)

table 3 : explain UPDATE sbtest3 SET k=k+1 WHERE id=6230857
	Update on sbtest3  (cost=0.43..8.46 rows=0 width=0)
	  ->  Index Scan using sbtest3_pkey on sbtest3  (cost=0.43..8.46 rows=1 width=10)
	        Index Cond: (id = 6230857)

table 4 : explain UPDATE sbtest4 SET k=k+1 WHERE id=2167023
	Update on sbtest4  (cost=0.43..8.46 rows=0 width=0)
	  ->  Index Scan using sbtest4_pkey on sbtest4  (cost=0.43..8.46 rows=1 width=10)
	        Index Cond: (id = 2167023)

table 5 : explain UPDATE sbtest5 SET k=k+1 WHERE id=6462203
	Update on sbtest5  (cost=0.43..8.46 rows=0 width=0)
	  ->  Index Scan using sbtest5_pkey on sbtest5  (cost=0.43..8.46 rows=1 width=10)
	        Index Cond: (id = 6462203)

table 6 : explain UPDATE sbtest6 SET k=k+1 WHERE id=3064815
	Update on sbtest6  (cost=0.43..8.46 rows=0 width=0)
	  ->  Index Scan using sbtest6_pkey on sbtest6  (cost=0.43..8.46 rows=1 width=10)
	        Index Cond: (id = 3064815)

table 7 : explain UPDATE sbtest7 SET k=k+1 WHERE id=7061901
	Update on sbtest7  (cost=0.43..8.46 rows=0 width=0)
	  ->  Index Scan using sbtest7_pkey on sbtest7  (cost=0.43..8.46 rows=1 width=10)
	        Index Cond: (id = 7061901)

table 8 : explain UPDATE sbtest8 SET k=k+1 WHERE id=314371
	Update on sbtest8  (cost=0.43..8.46 rows=0 width=0)
	  ->  Index Scan using sbtest8_pkey on sbtest8  (cost=0.43..8.46 rows=1 width=10)
	        Index Cond: (id = 314371)

explain: for index_updates :: explain UPDATE sbtest%u SET k=k+1 WHERE id=%u
explain: for non_index_updates :: explain UPDATE sbtest%u SET c='foobar' WHERE id=%u
for inserts
table 1 : explain INSERT INTO sbtest1 (id, k, c, pad) VALUES (7090514, 13, 'foobar', 'foobar')
	Insert on sbtest1  (cost=0.00..0.01 rows=0 width=0)
	  ->  Result  (cost=0.00..0.01 rows=1 width=736)

table 2 : explain INSERT INTO sbtest2 (id, k, c, pad) VALUES (7344852, 13, 'foobar', 'foobar')
	Insert on sbtest2  (cost=0.00..0.01 rows=0 width=0)
	  ->  Result  (cost=0.00..0.01 rows=1 width=736)

table 3 : explain INSERT INTO sbtest3 (id, k, c, pad) VALUES (6057176, 13, 'foobar', 'foobar')
	Insert on sbtest3  (cost=0.00..0.01 rows=0 width=0)
	  ->  Result  (cost=0.00..0.01 rows=1 width=736)

table 4 : explain INSERT INTO sbtest4 (id, k, c, pad) VALUES (3452184, 13, 'foobar', 'foobar')
	Insert on sbtest4  (cost=0.00..0.01 rows=0 width=0)
	  ->  Result  (cost=0.00..0.01 rows=1 width=736)

table 5 : explain INSERT INTO sbtest5 (id, k, c, pad) VALUES (7124596, 13, 'foobar', 'foobar')
	Insert on sbtest5  (cost=0.00..0.01 rows=0 width=0)
	  ->  Result  (cost=0.00..0.01 rows=1 width=736)

table 6 : explain INSERT INTO sbtest6 (id, k, c, pad) VALUES (5139080, 13, 'foobar', 'foobar')
	Insert on sbtest6  (cost=0.00..0.01 rows=0 width=0)
	  ->  Result  (cost=0.00..0.01 rows=1 width=736)

table 7 : explain INSERT INTO sbtest7 (id, k, c, pad) VALUES (3240285, 13, 'foobar', 'foobar')
	Insert on sbtest7  (cost=0.00..0.01 rows=0 width=0)
	  ->  Result  (cost=0.00..0.01 rows=1 width=736)

table 8 : explain INSERT INTO sbtest8 (id, k, c, pad) VALUES (653984, 13, 'foobar', 'foobar')
	Insert on sbtest8  (cost=0.00..0.01 rows=0 width=0)
	  ->  Result  (cost=0.00..0.01 rows=1 width=736)

for inserts
table 1 : explain INSERT INTO sbtest1 (id, k, c, pad) VALUES (5916816, 13, 'foobar', 'foobar')
	Insert on sbtest1  (cost=0.00..0.01 rows=0 width=0)
	  ->  Result  (cost=0.00..0.01 rows=1 width=736)

table 2 : explain INSERT INTO sbtest2 (id, k, c, pad) VALUES (3394593, 13, 'foobar', 'foobar')
	Insert on sbtest2  (cost=0.00..0.01 rows=0 width=0)
	  ->  Result  (cost=0.00..0.01 rows=1 width=736)

table 3 : explain INSERT INTO sbtest3 (id, k, c, pad) VALUES (4826776, 13, 'foobar', 'foobar')
	Insert on sbtest3  (cost=0.00..0.01 rows=0 width=0)
	  ->  Result  (cost=0.00..0.01 rows=1 width=736)

table 4 : explain INSERT INTO sbtest4 (id, k, c, pad) VALUES (6187446, 13, 'foobar', 'foobar')
	Insert on sbtest4  (cost=0.00..0.01 rows=0 width=0)
	  ->  Result  (cost=0.00..0.01 rows=1 width=736)

table 5 : explain INSERT INTO sbtest5 (id, k, c, pad) VALUES (6123626, 13, 'foobar', 'foobar')
	Insert on sbtest5  (cost=0.00..0.01 rows=0 width=0)
	  ->  Result  (cost=0.00..0.01 rows=1 width=736)

table 6 : explain INSERT INTO sbtest6 (id, k, c, pad) VALUES (8005419, 13, 'foobar', 'foobar')
	Insert on sbtest6  (cost=0.00..0.01 rows=0 width=0)
	  ->  Result  (cost=0.00..0.01 rows=1 width=736)

table 7 : explain INSERT INTO sbtest7 (id, k, c, pad) VALUES (7810604, 13, 'foobar', 'foobar')
	Insert on sbtest7  (cost=0.00..0.01 rows=0 width=0)
	  ->  Result  (cost=0.00..0.01 rows=1 width=736)

table 8 : explain INSERT INTO sbtest8 (id, k, c, pad) VALUES (4032375, 13, 'foobar', 'foobar')
	Insert on sbtest8  (cost=0.00..0.01 rows=0 width=0)
	  ->  Result  (cost=0.00..0.01 rows=1 width=736)

for index_updates
table 1 : explain UPDATE sbtest1 SET k=k+1 WHERE id=8500556
	Update on sbtest1  (cost=0.43..8.46 rows=0 width=0)
	  ->  Index Scan using sbtest1_pkey on sbtest1  (cost=0.43..8.46 rows=1 width=10)
	        Index Cond: (id = 8500556)

table 2 : explain UPDATE sbtest2 SET k=k+1 WHERE id=8787385
	Update on sbtest2  (cost=0.43..8.46 rows=0 width=0)
	  ->  Index Scan using sbtest2_pkey on sbtest2  (cost=0.43..8.46 rows=1 width=10)
	        Index Cond: (id = 8787385)

table 3 : explain UPDATE sbtest3 SET k=k+1 WHERE id=5175950
	Update on sbtest3  (cost=0.43..8.46 rows=0 width=0)
	  ->  Index Scan using sbtest3_pkey on sbtest3  (cost=0.43..8.46 rows=1 width=10)
	        Index Cond: (id = 5175950)

table 4 : explain UPDATE sbtest4 SET k=k+1 WHERE id=1680463
	Update on sbtest4  (cost=0.43..8.46 rows=0 width=0)
	  ->  Index Scan using sbtest4_pkey on sbtest4  (cost=0.43..8.46 rows=1 width=10)
	        Index Cond: (id = 1680463)

table 5 : explain UPDATE sbtest5 SET k=k+1 WHERE id=7038003
	Update on sbtest5  (cost=0.43..8.46 rows=0 width=0)
	  ->  Index Scan using sbtest5_pkey on sbtest5  (cost=0.43..8.46 rows=1 width=10)
	        Index Cond: (id = 7038003)

table 6 : explain UPDATE sbtest6 SET k=k+1 WHERE id=1880710
	Update on sbtest6  (cost=0.43..8.46 rows=0 width=0)
	  ->  Index Scan using sbtest6_pkey on sbtest6  (cost=0.43..8.46 rows=1 width=10)
	        Index Cond: (id = 1880710)

table 7 : explain UPDATE sbtest7 SET k=k+1 WHERE id=7385599
	Update on sbtest7  (cost=0.43..8.46 rows=0 width=0)
	  ->  Index Scan using sbtest7_pkey on sbtest7  (cost=0.43..8.46 rows=1 width=10)
	        Index Cond: (id = 7385599)

table 8 : explain UPDATE sbtest8 SET k=k+1 WHERE id=7011861
	Update on sbtest8  (cost=0.43..8.46 rows=0 width=0)
	  ->  Index Scan using sbtest8_pkey on sbtest8  (cost=0.43..8.46 rows=1 width=10)
	        Index Cond: (id = 7011861)

for non_index_updates
table 1 : explain UPDATE sbtest1 SET c='foobar' WHERE id=3258478
	Update on sbtest1  (cost=0.43..8.45 rows=0 width=0)
	  ->  Index Scan using sbtest1_pkey on sbtest1  (cost=0.43..8.45 rows=1 width=490)
	        Index Cond: (id = 3258478)

table 2 : explain UPDATE sbtest2 SET c='foobar' WHERE id=6735503
	Update on sbtest2  (cost=0.43..8.45 rows=0 width=0)
	  ->  Index Scan using sbtest2_pkey on sbtest2  (cost=0.43..8.45 rows=1 width=490)
	        Index Cond: (id = 6735503)

table 3 : explain UPDATE sbtest3 SET c='foobar' WHERE id=375450
	Update on sbtest3  (cost=0.43..8.45 rows=0 width=0)
	  ->  Index Scan using sbtest3_pkey on sbtest3  (cost=0.43..8.45 rows=1 width=490)
	        Index Cond: (id = 375450)

table 4 : explain UPDATE sbtest4 SET c='foobar' WHERE id=1442651
	Update on sbtest4  (cost=0.43..8.45 rows=0 width=0)
	  ->  Index Scan using sbtest4_pkey on sbtest4  (cost=0.43..8.45 rows=1 width=490)
	        Index Cond: (id = 1442651)

table 5 : explain UPDATE sbtest5 SET c='foobar' WHERE id=4323288
	Update on sbtest5  (cost=0.43..8.45 rows=0 width=0)
	  ->  Index Scan using sbtest5_pkey on sbtest5  (cost=0.43..8.45 rows=1 width=490)
	        Index Cond: (id = 4323288)

table 6 : explain UPDATE sbtest6 SET c='foobar' WHERE id=3659938
	Update on sbtest6  (cost=0.43..8.45 rows=0 width=0)
	  ->  Index Scan using sbtest6_pkey on sbtest6  (cost=0.43..8.45 rows=1 width=490)
	        Index Cond: (id = 3659938)

table 7 : explain UPDATE sbtest7 SET c='foobar' WHERE id=4158451
	Update on sbtest7  (cost=0.43..8.45 rows=0 width=0)
	  ->  Index Scan using sbtest7_pkey on sbtest7  (cost=0.43..8.45 rows=1 width=490)
	        Index Cond: (id = 4158451)

table 8 : explain UPDATE sbtest8 SET c='foobar' WHERE id=7682675
	Update on sbtest8  (cost=0.43..8.45 rows=0 width=0)
	  ->  Index Scan using sbtest8_pkey on sbtest8  (cost=0.43..8.45 rows=1 width=490)
	        Index Cond: (id = 7682675)

explain: for non_index_updates :: explain UPDATE sbtest%u SET c='foobar' WHERE id=%u
explain: for deletes :: explain DELETE FROM sbtest%u WHERE id=%u
for non_index_updates
table 1 : explain UPDATE sbtest1 SET c='foobar' WHERE id=600872
	Update on sbtest1  (cost=0.43..8.45 rows=0 width=0)
	  ->  Index Scan using sbtest1_pkey on sbtest1  (cost=0.43..8.45 rows=1 width=490)
	        Index Cond: (id = 600872)

table 2 : explain UPDATE sbtest2 SET c='foobar' WHERE id=2449571
	Update on sbtest2  (cost=0.43..8.45 rows=0 width=0)
	  ->  Index Scan using sbtest2_pkey on sbtest2  (cost=0.43..8.45 rows=1 width=490)
	        Index Cond: (id = 2449571)

table 3 : explain UPDATE sbtest3 SET c='foobar' WHERE id=4754022
	Update on sbtest3  (cost=0.43..8.45 rows=0 width=0)
	  ->  Index Scan using sbtest3_pkey on sbtest3  (cost=0.43..8.45 rows=1 width=490)
	        Index Cond: (id = 4754022)

table 4 : explain UPDATE sbtest4 SET c='foobar' WHERE id=9708300
	Update on sbtest4  (cost=0.43..8.45 rows=0 width=0)
	  ->  Index Scan using sbtest4_pkey on sbtest4  (cost=0.43..8.45 rows=1 width=490)
	        Index Cond: (id = 9708300)

table 5 : explain UPDATE sbtest5 SET c='foobar' WHERE id=7707005
	Update on sbtest5  (cost=0.43..8.45 rows=0 width=0)
	  ->  Index Scan using sbtest5_pkey on sbtest5  (cost=0.43..8.45 rows=1 width=490)
	        Index Cond: (id = 7707005)

table 6 : explain UPDATE sbtest6 SET c='foobar' WHERE id=961534
	Update on sbtest6  (cost=0.43..8.45 rows=0 width=0)
	  ->  Index Scan using sbtest6_pkey on sbtest6  (cost=0.43..8.45 rows=1 width=490)
	        Index Cond: (id = 961534)

table 7 : explain UPDATE sbtest7 SET c='foobar' WHERE id=2257194
	Update on sbtest7  (cost=0.43..8.45 rows=0 width=0)
	  ->  Index Scan using sbtest7_pkey on sbtest7  (cost=0.43..8.45 rows=1 width=490)
	        Index Cond: (id = 2257194)

table 8 : explain UPDATE sbtest8 SET c='foobar' WHERE id=4365538
	Update on sbtest8  (cost=0.43..8.45 rows=0 width=0)
	  ->  Index Scan using sbtest8_pkey on sbtest8  (cost=0.43..8.45 rows=1 width=490)
	        Index Cond: (id = 4365538)

for deletes
table 1 : explain DELETE FROM sbtest1 WHERE id=6887835
	Delete on sbtest1  (cost=0.43..8.45 rows=0 width=0)
	  ->  Index Scan using sbtest1_pkey on sbtest1  (cost=0.43..8.45 rows=1 width=6)
	        Index Cond: (id = 6887835)

table 2 : explain DELETE FROM sbtest2 WHERE id=6820754
	Delete on sbtest2  (cost=0.43..8.45 rows=0 width=0)
	  ->  Index Scan using sbtest2_pkey on sbtest2  (cost=0.43..8.45 rows=1 width=6)
	        Index Cond: (id = 6820754)

table 3 : explain DELETE FROM sbtest3 WHERE id=858015
	Delete on sbtest3  (cost=0.43..8.45 rows=0 width=0)
	  ->  Index Scan using sbtest3_pkey on sbtest3  (cost=0.43..8.45 rows=1 width=6)
	        Index Cond: (id = 858015)

table 4 : explain DELETE FROM sbtest4 WHERE id=6826405
	Delete on sbtest4  (cost=0.43..8.45 rows=0 width=0)
	  ->  Index Scan using sbtest4_pkey on sbtest4  (cost=0.43..8.45 rows=1 width=6)
	        Index Cond: (id = 6826405)

table 5 : explain DELETE FROM sbtest5 WHERE id=8285970
	Delete on sbtest5  (cost=0.43..8.45 rows=0 width=0)
	  ->  Index Scan using sbtest5_pkey on sbtest5  (cost=0.43..8.45 rows=1 width=6)
	        Index Cond: (id = 8285970)

table 6 : explain DELETE FROM sbtest6 WHERE id=3634463
	Delete on sbtest6  (cost=0.43..8.45 rows=0 width=0)
	  ->  Index Scan using sbtest6_pkey on sbtest6  (cost=0.43..8.45 rows=1 width=6)
	        Index Cond: (id = 3634463)

table 7 : explain DELETE FROM sbtest7 WHERE id=1660121
	Delete on sbtest7  (cost=0.43..8.45 rows=0 width=0)
	  ->  Index Scan using sbtest7_pkey on sbtest7  (cost=0.43..8.45 rows=1 width=6)
	        Index Cond: (id = 1660121)

table 8 : explain DELETE FROM sbtest8 WHERE id=4335322
	Delete on sbtest8  (cost=0.43..8.45 rows=0 width=0)
	  ->  Index Scan using sbtest8_pkey on sbtest8  (cost=0.43..8.45 rows=1 width=6)
	        Index Cond: (id = 4335322)

explain: for deletes :: explain DELETE FROM sbtest%u WHERE id=%u
explain: for inserts :: explain INSERT INTO sbtest%u (id, k, c, pad) VALUES (%u, 13, 'foobar', 'foobar')
explain: for inserts :: explain INSERT INTO sbtest%u (id, k, c, pad) VALUES (%u, 13, 'foobar', 'foobar')
for deletes
table 1 : explain DELETE FROM sbtest1 WHERE id=4982841
	Delete on sbtest1  (cost=0.43..8.45 rows=0 width=0)
	  ->  Index Scan using sbtest1_pkey on sbtest1  (cost=0.43..8.45 rows=1 width=6)
	        Index Cond: (id = 4982841)

table 2 : explain DELETE FROM sbtest2 WHERE id=1623945
	Delete on sbtest2  (cost=0.43..8.45 rows=0 width=0)
	  ->  Index Scan using sbtest2_pkey on sbtest2  (cost=0.43..8.45 rows=1 width=6)
	        Index Cond: (id = 1623945)

table 3 : explain DELETE FROM sbtest3 WHERE id=5212873
	Delete on sbtest3  (cost=0.43..8.45 rows=0 width=0)
	  ->  Index Scan using sbtest3_pkey on sbtest3  (cost=0.43..8.45 rows=1 width=6)
	        Index Cond: (id = 5212873)

table 4 : explain DELETE FROM sbtest4 WHERE id=5601354
	Delete on sbtest4  (cost=0.43..8.45 rows=0 width=0)
	  ->  Index Scan using sbtest4_pkey on sbtest4  (cost=0.43..8.45 rows=1 width=6)
	        Index Cond: (id = 5601354)

table 5 : explain DELETE FROM sbtest5 WHERE id=7749416
	Delete on sbtest5  (cost=0.43..8.45 rows=0 width=0)
	  ->  Index Scan using sbtest5_pkey on sbtest5  (cost=0.43..8.45 rows=1 width=6)
	        Index Cond: (id = 7749416)

table 6 : explain DELETE FROM sbtest6 WHERE id=3471967
	Delete on sbtest6  (cost=0.43..8.45 rows=0 width=0)
	  ->  Index Scan using sbtest6_pkey on sbtest6  (cost=0.43..8.45 rows=1 width=6)
	        Index Cond: (id = 3471967)

table 7 : explain DELETE FROM sbtest7 WHERE id=6152995
	Delete on sbtest7  (cost=0.43..8.45 rows=0 width=0)
	  ->  Index Scan using sbtest7_pkey on sbtest7  (cost=0.43..8.45 rows=1 width=6)
	        Index Cond: (id = 6152995)

table 8 : explain DELETE FROM sbtest8 WHERE id=575537
	Delete on sbtest8  (cost=0.43..8.45 rows=0 width=0)
	  ->  Index Scan using sbtest8_pkey on sbtest8  (cost=0.43..8.45 rows=1 width=6)
	        Index Cond: (id = 575537)

for inserts
table 1 : explain INSERT INTO sbtest1 (id, k, c, pad) VALUES (6766731, 13, 'foobar', 'foobar')
	Insert on sbtest1  (cost=0.00..0.01 rows=0 width=0)
	  ->  Result  (cost=0.00..0.01 rows=1 width=736)

table 2 : explain INSERT INTO sbtest2 (id, k, c, pad) VALUES (7297755, 13, 'foobar', 'foobar')
	Insert on sbtest2  (cost=0.00..0.01 rows=0 width=0)
	  ->  Result  (cost=0.00..0.01 rows=1 width=736)

table 3 : explain INSERT INTO sbtest3 (id, k, c, pad) VALUES (9296879, 13, 'foobar', 'foobar')
	Insert on sbtest3  (cost=0.00..0.01 rows=0 width=0)
	  ->  Result  (cost=0.00..0.01 rows=1 width=736)

table 4 : explain INSERT INTO sbtest4 (id, k, c, pad) VALUES (3658092, 13, 'foobar', 'foobar')
	Insert on sbtest4  (cost=0.00..0.01 rows=0 width=0)
	  ->  Result  (cost=0.00..0.01 rows=1 width=736)

table 5 : explain INSERT INTO sbtest5 (id, k, c, pad) VALUES (4440744, 13, 'foobar', 'foobar')
	Insert on sbtest5  (cost=0.00..0.01 rows=0 width=0)
	  ->  Result  (cost=0.00..0.01 rows=1 width=736)

table 6 : explain INSERT INTO sbtest6 (id, k, c, pad) VALUES (3109471, 13, 'foobar', 'foobar')
	Insert on sbtest6  (cost=0.00..0.01 rows=0 width=0)
	  ->  Result  (cost=0.00..0.01 rows=1 width=736)

table 7 : explain INSERT INTO sbtest7 (id, k, c, pad) VALUES (8193496, 13, 'foobar', 'foobar')
	Insert on sbtest7  (cost=0.00..0.01 rows=0 width=0)
	  ->  Result  (cost=0.00..0.01 rows=1 width=736)

table 8 : explain INSERT INTO sbtest8 (id, k, c, pad) VALUES (1316038, 13, 'foobar', 'foobar')
	Insert on sbtest8  (cost=0.00..0.01 rows=0 width=0)
	  ->  Result  (cost=0.00..0.01 rows=1 width=736)

for inserts
table 1 : explain INSERT INTO sbtest1 (id, k, c, pad) VALUES (9040579, 13, 'foobar', 'foobar')
	Insert on sbtest1  (cost=0.00..0.01 rows=0 width=0)
	  ->  Result  (cost=0.00..0.01 rows=1 width=736)

table 2 : explain INSERT INTO sbtest2 (id, k, c, pad) VALUES (2633944, 13, 'foobar', 'foobar')
	Insert on sbtest2  (cost=0.00..0.01 rows=0 width=0)
	  ->  Result  (cost=0.00..0.01 rows=1 width=736)

table 3 : explain INSERT INTO sbtest3 (id, k, c, pad) VALUES (6749761, 13, 'foobar', 'foobar')
	Insert on sbtest3  (cost=0.00..0.01 rows=0 width=0)
	  ->  Result  (cost=0.00..0.01 rows=1 width=736)

table 4 : explain INSERT INTO sbtest4 (id, k, c, pad) VALUES (4664867, 13, 'foobar', 'foobar')
	Insert on sbtest4  (cost=0.00..0.01 rows=0 width=0)
	  ->  Result  (cost=0.00..0.01 rows=1 width=736)

table 5 : explain INSERT INTO sbtest5 (id, k, c, pad) VALUES (9253498, 13, 'foobar', 'foobar')
	Insert on sbtest5  (cost=0.00..0.01 rows=0 width=0)
	  ->  Result  (cost=0.00..0.01 rows=1 width=736)

table 6 : explain INSERT INTO sbtest6 (id, k, c, pad) VALUES (824090, 13, 'foobar', 'foobar')
	Insert on sbtest6  (cost=0.00..0.01 rows=0 width=0)
	  ->  Result  (cost=0.00..0.01 rows=1 width=736)

table 7 : explain INSERT INTO sbtest7 (id, k, c, pad) VALUES (2451515, 13, 'foobar', 'foobar')
	Insert on sbtest7  (cost=0.00..0.01 rows=0 width=0)
	  ->  Result  (cost=0.00..0.01 rows=1 width=736)

table 8 : explain INSERT INTO sbtest8 (id, k, c, pad) VALUES (8604026, 13, 'foobar', 'foobar')
	Insert on sbtest8  (cost=0.00..0.01 rows=0 width=0)
	  ->  Result  (cost=0.00..0.01 rows=1 width=736)

explain: for inserts :: explain INSERT INTO sbtest%u (id, k, c, pad) VALUES (%u, 13, 'foobar', 'foobar')
for inserts
table 1 : explain INSERT INTO sbtest1 (id, k, c, pad) VALUES (5076656, 13, 'foobar', 'foobar')
	Insert on sbtest1  (cost=0.00..0.01 rows=0 width=0)
	  ->  Result  (cost=0.00..0.01 rows=1 width=736)

table 2 : explain INSERT INTO sbtest2 (id, k, c, pad) VALUES (1117341, 13, 'foobar', 'foobar')
	Insert on sbtest2  (cost=0.00..0.01 rows=0 width=0)
	  ->  Result  (cost=0.00..0.01 rows=1 width=736)

table 3 : explain INSERT INTO sbtest3 (id, k, c, pad) VALUES (7049421, 13, 'foobar', 'foobar')
	Insert on sbtest3  (cost=0.00..0.01 rows=0 width=0)
	  ->  Result  (cost=0.00..0.01 rows=1 width=736)

table 4 : explain INSERT INTO sbtest4 (id, k, c, pad) VALUES (8078793, 13, 'foobar', 'foobar')
	Insert on sbtest4  (cost=0.00..0.01 rows=0 width=0)
	  ->  Result  (cost=0.00..0.01 rows=1 width=736)

table 5 : explain INSERT INTO sbtest5 (id, k, c, pad) VALUES (6390350, 13, 'foobar', 'foobar')
	Insert on sbtest5  (cost=0.00..0.01 rows=0 width=0)
	  ->  Result  (cost=0.00..0.01 rows=1 width=736)

table 6 : explain INSERT INTO sbtest6 (id, k, c, pad) VALUES (1597457, 13, 'foobar', 'foobar')
	Insert on sbtest6  (cost=0.00..0.01 rows=0 width=0)
	  ->  Result  (cost=0.00..0.01 rows=1 width=736)

table 7 : explain INSERT INTO sbtest7 (id, k, c, pad) VALUES (5106708, 13, 'foobar', 'foobar')
	Insert on sbtest7  (cost=0.00..0.01 rows=0 width=0)
	  ->  Result  (cost=0.00..0.01 rows=1 width=736)

table 8 : explain INSERT INTO sbtest8 (id, k, c, pad) VALUES (5245608, 13, 'foobar', 'foobar')
	Insert on sbtest8  (cost=0.00..0.01 rows=0 width=0)
	  ->  Result  (cost=0.00..0.01 rows=1 width=736)

for: order_ranges
table 1 : explain SELECT c FROM sbtest1 WHERE id BETWEEN 5027892 AND 5027991 ORDER BY c
	Sort  (cost=370.54..370.78 rows=95 width=121)
	  Sort Key: c
	  ->  Index Scan using sbtest1_pkey on sbtest1  (cost=0.43..367.42 rows=95 width=121)
	        Index Cond: ((id >= 5027892) AND (id <= 5027991))

table 2 : explain SELECT c FROM sbtest2 WHERE id BETWEEN 461956 AND 462055 ORDER BY c
	Sort  (cost=403.23..403.49 rows=103 width=121)
	  Sort Key: c
	  ->  Index Scan using sbtest2_pkey on sbtest2  (cost=0.43..399.79 rows=103 width=121)
	        Index Cond: ((id >= 461956) AND (id <= 462055))

table 3 : explain SELECT c FROM sbtest3 WHERE id BETWEEN 1063647 AND 1063746 ORDER BY c
	Sort  (cost=385.12..385.37 rows=99 width=121)
	  Sort Key: c
	  ->  Index Scan using sbtest3_pkey on sbtest3  (cost=0.43..381.84 rows=99 width=121)
	        Index Cond: ((id >= 1063647) AND (id <= 1063746))

table 4 : explain SELECT c FROM sbtest4 WHERE id BETWEEN 1741810 AND 1741909 ORDER BY c
	Sort  (cost=412.68..412.94 rows=106 width=121)
	  Sort Key: c
	  ->  Index Scan using sbtest4_pkey on sbtest4  (cost=0.43..409.11 rows=106 width=121)
	        Index Cond: ((id >= 1741810) AND (id <= 1741909))

table 5 : explain SELECT c FROM sbtest5 WHERE id BETWEEN 6555060 AND 6555159 ORDER BY c
	Sort  (cost=387.81..388.06 rows=100 width=121)
	  Sort Key: c
	  ->  Index Scan using sbtest5_pkey on sbtest5  (cost=0.43..384.49 rows=100 width=121)
	        Index Cond: ((id >= 6555060) AND (id <= 6555159))

table 6 : explain SELECT c FROM sbtest6 WHERE id BETWEEN 628115 AND 628214 ORDER BY c
	Sort  (cost=386.54..386.79 rows=99 width=121)
	  Sort Key: c
	  ->  Index Scan using sbtest6_pkey on sbtest6  (cost=0.43..383.26 rows=99 width=121)
	        Index Cond: ((id >= 628115) AND (id <= 628214))

table 7 : explain SELECT c FROM sbtest7 WHERE id BETWEEN 4032826 AND 4032925 ORDER BY c
	Sort  (cost=370.15..370.39 rows=95 width=121)
	  Sort Key: c
	  ->  Index Scan using sbtest7_pkey on sbtest7  (cost=0.43..367.03 rows=95 width=121)
	        Index Cond: ((id >= 4032826) AND (id <= 4032925))

table 8 : explain SELECT c FROM sbtest8 WHERE id BETWEEN 8685515 AND 8685614 ORDER BY c
	Sort  (cost=371.05..371.28 rows=95 width=121)
	  Sort Key: c
	  ->  Index Scan using sbtest8_pkey on sbtest8  (cost=0.43..367.93 rows=95 width=121)
	        Index Cond: ((id >= 8685515) AND (id <= 8685614))

for deletes
table 1 : explain DELETE FROM sbtest1 WHERE id=9697332
	Delete on sbtest1  (cost=0.43..8.45 rows=0 width=0)
	  ->  Index Scan using sbtest1_pkey on sbtest1  (cost=0.43..8.45 rows=1 width=6)
	        Index Cond: (id = 9697332)

table 2 : explain DELETE FROM sbtest2 WHERE id=8003619
	Delete on sbtest2  (cost=0.43..8.45 rows=0 width=0)
	  ->  Index Scan using sbtest2_pkey on sbtest2  (cost=0.43..8.45 rows=1 width=6)
	        Index Cond: (id = 8003619)

table 3 : explain DELETE FROM sbtest3 WHERE id=3453497
	Delete on sbtest3  (cost=0.43..8.45 rows=0 width=0)
	  ->  Index Scan using sbtest3_pkey on sbtest3  (cost=0.43..8.45 rows=1 width=6)
	        Index Cond: (id = 3453497)

table 4 : explain DELETE FROM sbtest4 WHERE id=436510
	Delete on sbtest4  (cost=0.43..8.45 rows=0 width=0)
	  ->  Index Scan using sbtest4_pkey on sbtest4  (cost=0.43..8.45 rows=1 width=6)
	        Index Cond: (id = 436510)

table 5 : explain DELETE FROM sbtest5 WHERE id=133629
	Delete on sbtest5  (cost=0.43..8.45 rows=0 width=0)
	  ->  Index Scan using sbtest5_pkey on sbtest5  (cost=0.43..8.45 rows=1 width=6)
	        Index Cond: (id = 133629)

table 6 : explain DELETE FROM sbtest6 WHERE id=251386
	Delete on sbtest6  (cost=0.43..8.45 rows=0 width=0)
	  ->  Index Scan using sbtest6_pkey on sbtest6  (cost=0.43..8.45 rows=1 width=6)
	        Index Cond: (id = 251386)

table 7 : explain DELETE FROM sbtest7 WHERE id=3017867
	Delete on sbtest7  (cost=0.43..8.45 rows=0 width=0)
	  ->  Index Scan using sbtest7_pkey on sbtest7  (cost=0.43..8.45 rows=1 width=6)
	        Index Cond: (id = 3017867)

table 8 : explain DELETE FROM sbtest8 WHERE id=9193690
	Delete on sbtest8  (cost=0.43..8.45 rows=0 width=0)
	  ->  Index Scan using sbtest8_pkey on sbtest8  (cost=0.43..8.45 rows=1 width=6)
	        Index Cond: (id = 9193690)

explain: for inserts :: explain INSERT INTO sbtest%u (id, k, c, pad) VALUES (%u, 13, 'foobar', 'foobar')
for inserts
table 1 : explain INSERT INTO sbtest1 (id, k, c, pad) VALUES (3209090, 13, 'foobar', 'foobar')
	Insert on sbtest1  (cost=0.00..0.01 rows=0 width=0)
	  ->  Result  (cost=0.00..0.01 rows=1 width=736)

table 2 : explain INSERT INTO sbtest2 (id, k, c, pad) VALUES (6787305, 13, 'foobar', 'foobar')
	Insert on sbtest2  (cost=0.00..0.01 rows=0 width=0)
	  ->  Result  (cost=0.00..0.01 rows=1 width=736)

table 3 : explain INSERT INTO sbtest3 (id, k, c, pad) VALUES (566800, 13, 'foobar', 'foobar')
	Insert on sbtest3  (cost=0.00..0.01 rows=0 width=0)
	  ->  Result  (cost=0.00..0.01 rows=1 width=736)

table 4 : explain INSERT INTO sbtest4 (id, k, c, pad) VALUES (2133708, 13, 'foobar', 'foobar')
	Insert on sbtest4  (cost=0.00..0.01 rows=0 width=0)
	  ->  Result  (cost=0.00..0.01 rows=1 width=736)

table 5 : explain INSERT INTO sbtest5 (id, k, c, pad) VALUES (6851277, 13, 'foobar', 'foobar')
	Insert on sbtest5  (cost=0.00..0.01 rows=0 width=0)
	  ->  Result  (cost=0.00..0.01 rows=1 width=736)

table 6 : explain INSERT INTO sbtest6 (id, k, c, pad) VALUES (2045617, 13, 'foobar', 'foobar')
	Insert on sbtest6  (cost=0.00..0.01 rows=0 width=0)
	  ->  Result  (cost=0.00..0.01 rows=1 width=736)

table 7 : explain INSERT INTO sbtest7 (id, k, c, pad) VALUES (757536, 13, 'foobar', 'foobar')
	Insert on sbtest7  (cost=0.00..0.01 rows=0 width=0)
	  ->  Result  (cost=0.00..0.01 rows=1 width=736)

table 8 : explain INSERT INTO sbtest8 (id, k, c, pad) VALUES (8512832, 13, 'foobar', 'foobar')
	Insert on sbtest8  (cost=0.00..0.01 rows=0 width=0)
	  ->  Result  (cost=0.00..0.01 rows=1 width=736)

for: distinct_ranges
table 1 : explain SELECT DISTINCT c FROM sbtest1 WHERE id BETWEEN 9028951 AND 9029050 ORDER BY c
	Unique  (cost=416.83..417.37 rows=107 width=121)
	  ->  Sort  (cost=416.83..417.10 rows=107 width=121)
	        Sort Key: c
	        ->  Index Scan using sbtest1_pkey on sbtest1  (cost=0.43..413.22 rows=107 width=121)
	              Index Cond: ((id >= 9028951) AND (id <= 9029050))

table 2 : explain SELECT DISTINCT c FROM sbtest2 WHERE id BETWEEN 2736116 AND 2736215 ORDER BY c
	Unique  (cost=422.61..423.15 rows=108 width=121)
	  ->  Sort  (cost=422.61..422.88 rows=108 width=121)
	        Sort Key: c
	        ->  Index Scan using sbtest2_pkey on sbtest2  (cost=0.43..418.97 rows=108 width=121)
	              Index Cond: ((id >= 2736116) AND (id <= 2736215))

table 3 : explain SELECT DISTINCT c FROM sbtest3 WHERE id BETWEEN 2478745 AND 2478844 ORDER BY c
	Unique  (cost=381.27..381.76 rows=98 width=121)
	  ->  Sort  (cost=381.27..381.52 rows=98 width=121)
	        Sort Key: c
	        ->  Index Scan using sbtest3_pkey on sbtest3  (cost=0.43..378.03 rows=98 width=121)
	              Index Cond: ((id >= 2478745) AND (id <= 2478844))

table 4 : explain SELECT DISTINCT c FROM sbtest4 WHERE id BETWEEN 9015641 AND 9015740 ORDER BY c
	Unique  (cost=412.68..413.21 rows=106 width=121)
	  ->  Sort  (cost=412.68..412.94 rows=106 width=121)
	        Sort Key: c
	        ->  Index Scan using sbtest4_pkey on sbtest4  (cost=0.43..409.11 rows=106 width=121)
	              Index Cond: ((id >= 9015641) AND (id <= 9015740))

table 5 : explain SELECT DISTINCT c FROM sbtest5 WHERE id BETWEEN 531078 AND 531177 ORDER BY c
	Unique  (cost=368.63..369.10 rows=95 width=121)
	  ->  Sort  (cost=368.63..368.87 rows=95 width=121)
	        Sort Key: c
	        ->  Index Scan using sbtest5_pkey on sbtest5  (cost=0.43..365.51 rows=95 width=121)
	              Index Cond: ((id >= 531078) AND (id <= 531177))

table 6 : explain SELECT DISTINCT c FROM sbtest6 WHERE id BETWEEN 2914521 AND 2914620 ORDER BY c
	Unique  (cost=390.41..390.91 rows=100 width=121)
	  ->  Sort  (cost=390.41..390.66 rows=100 width=121)
	        Sort Key: c
	        ->  Index Scan using sbtest6_pkey on sbtest6  (cost=0.43..387.08 rows=100 width=121)
	              Index Cond: ((id >= 2914521) AND (id <= 2914620))

table 7 : explain SELECT DISTINCT c FROM sbtest7 WHERE id BETWEEN 1231247 AND 1231346 ORDER BY c
	Unique  (cost=366.30..366.77 rows=94 width=121)
	  ->  Sort  (cost=366.30..366.53 rows=94 width=121)
	        Sort Key: c
	        ->  Index Scan using sbtest7_pkey on sbtest7  (cost=0.43..363.22 rows=94 width=121)
	              Index Cond: ((id >= 1231247) AND (id <= 1231346))

table 8 : explain SELECT DISTINCT c FROM sbtest8 WHERE id BETWEEN 2470033 AND 2470132 ORDER BY c
	Unique  (cost=371.05..371.52 rows=95 width=121)
	  ->  Sort  (cost=371.05..371.28 rows=95 width=121)
	        Sort Key: c
	        ->  Index Scan using sbtest8_pkey on sbtest8  (cost=0.43..367.93 rows=95 width=121)
	              Index Cond: ((id >= 2470033) AND (id <= 2470132))

explain: for index_updates :: explain UPDATE sbtest%u SET k=k+1 WHERE id=%u
for index_updates
table 1 : explain UPDATE sbtest1 SET k=k+1 WHERE id=7736450
	Update on sbtest1  (cost=0.43..8.46 rows=0 width=0)
	  ->  Index Scan using sbtest1_pkey on sbtest1  (cost=0.43..8.46 rows=1 width=10)
	        Index Cond: (id = 7736450)

table 2 : explain UPDATE sbtest2 SET k=k+1 WHERE id=8651826
	Update on sbtest2  (cost=0.43..8.46 rows=0 width=0)
	  ->  Index Scan using sbtest2_pkey on sbtest2  (cost=0.43..8.46 rows=1 width=10)
	        Index Cond: (id = 8651826)

table 3 : explain UPDATE sbtest3 SET k=k+1 WHERE id=297842
	Update on sbtest3  (cost=0.43..8.46 rows=0 width=0)
	  ->  Index Scan using sbtest3_pkey on sbtest3  (cost=0.43..8.46 rows=1 width=10)
	        Index Cond: (id = 297842)

table 4 : explain UPDATE sbtest4 SET k=k+1 WHERE id=6405649
	Update on sbtest4  (cost=0.43..8.46 rows=0 width=0)
	  ->  Index Scan using sbtest4_pkey on sbtest4  (cost=0.43..8.46 rows=1 width=10)
	        Index Cond: (id = 6405649)

table 5 : explain UPDATE sbtest5 SET k=k+1 WHERE id=5522186
	Update on sbtest5  (cost=0.43..8.46 rows=0 width=0)
	  ->  Index Scan using sbtest5_pkey on sbtest5  (cost=0.43..8.46 rows=1 width=10)
	        Index Cond: (id = 5522186)

table 6 : explain UPDATE sbtest6 SET k=k+1 WHERE id=6407834
	Update on sbtest6  (cost=0.43..8.46 rows=0 width=0)
	  ->  Index Scan using sbtest6_pkey on sbtest6  (cost=0.43..8.46 rows=1 width=10)
	        Index Cond: (id = 6407834)

table 7 : explain UPDATE sbtest7 SET k=k+1 WHERE id=6142629
	Update on sbtest7  (cost=0.43..8.46 rows=0 width=0)
	  ->  Index Scan using sbtest7_pkey on sbtest7  (cost=0.43..8.46 rows=1 width=10)
	        Index Cond: (id = 6142629)

table 8 : explain UPDATE sbtest8 SET k=k+1 WHERE id=1766590
	Update on sbtest8  (cost=0.43..8.46 rows=0 width=0)
	  ->  Index Scan using sbtest8_pkey on sbtest8  (cost=0.43..8.46 rows=1 width=10)
	        Index Cond: (id = 1766590)

explain: for non_index_updates :: explain UPDATE sbtest%u SET c='foobar' WHERE id=%u
for non_index_updates
table 1 : explain UPDATE sbtest1 SET c='foobar' WHERE id=7419552
	Update on sbtest1  (cost=0.43..8.45 rows=0 width=0)
	  ->  Index Scan using sbtest1_pkey on sbtest1  (cost=0.43..8.45 rows=1 width=490)
	        Index Cond: (id = 7419552)

table 2 : explain UPDATE sbtest2 SET c='foobar' WHERE id=1838878
	Update on sbtest2  (cost=0.43..8.45 rows=0 width=0)
	  ->  Index Scan using sbtest2_pkey on sbtest2  (cost=0.43..8.45 rows=1 width=490)
	        Index Cond: (id = 1838878)

table 3 : explain UPDATE sbtest3 SET c='foobar' WHERE id=2795793
	Update on sbtest3  (cost=0.43..8.45 rows=0 width=0)
	  ->  Index Scan using sbtest3_pkey on sbtest3  (cost=0.43..8.45 rows=1 width=490)
	        Index Cond: (id = 2795793)

table 4 : explain UPDATE sbtest4 SET c='foobar' WHERE id=1010539
	Update on sbtest4  (cost=0.43..8.45 rows=0 width=0)
	  ->  Index Scan using sbtest4_pkey on sbtest4  (cost=0.43..8.45 rows=1 width=490)
	        Index Cond: (id = 1010539)

table 5 : explain UPDATE sbtest5 SET c='foobar' WHERE id=450831
	Update on sbtest5  (cost=0.43..8.45 rows=0 width=0)
	  ->  Index Scan using sbtest5_pkey on sbtest5  (cost=0.43..8.45 rows=1 width=490)
	        Index Cond: (id = 450831)

table 6 : explain UPDATE sbtest6 SET c='foobar' WHERE id=3964304
	Update on sbtest6  (cost=0.43..8.45 rows=0 width=0)
	  ->  Index Scan using sbtest6_pkey on sbtest6  (cost=0.43..8.45 rows=1 width=490)
	        Index Cond: (id = 3964304)

table 7 : explain UPDATE sbtest7 SET c='foobar' WHERE id=9980999
	Update on sbtest7  (cost=0.43..8.45 rows=0 width=0)
	  ->  Index Scan using sbtest7_pkey on sbtest7  (cost=0.43..8.45 rows=1 width=490)
	        Index Cond: (id = 9980999)

table 8 : explain UPDATE sbtest8 SET c='foobar' WHERE id=6336501
	Update on sbtest8  (cost=0.43..8.45 rows=0 width=0)
	  ->  Index Scan using sbtest8_pkey on sbtest8  (cost=0.43..8.45 rows=1 width=490)
	        Index Cond: (id = 6336501)

explain: for deletes :: explain DELETE FROM sbtest%u WHERE id=%u
for deletes
table 1 : explain DELETE FROM sbtest1 WHERE id=9563041
	Delete on sbtest1  (cost=0.43..8.45 rows=0 width=0)
	  ->  Index Scan using sbtest1_pkey on sbtest1  (cost=0.43..8.45 rows=1 width=6)
	        Index Cond: (id = 9563041)

table 2 : explain DELETE FROM sbtest2 WHERE id=4507838
	Delete on sbtest2  (cost=0.43..8.45 rows=0 width=0)
	  ->  Index Scan using sbtest2_pkey on sbtest2  (cost=0.43..8.45 rows=1 width=6)
	        Index Cond: (id = 4507838)

table 3 : explain DELETE FROM sbtest3 WHERE id=7843045
	Delete on sbtest3  (cost=0.43..8.45 rows=0 width=0)
	  ->  Index Scan using sbtest3_pkey on sbtest3  (cost=0.43..8.45 rows=1 width=6)
	        Index Cond: (id = 7843045)

table 4 : explain DELETE FROM sbtest4 WHERE id=117070
	Delete on sbtest4  (cost=0.43..8.45 rows=0 width=0)
	  ->  Index Scan using sbtest4_pkey on sbtest4  (cost=0.43..8.45 rows=1 width=6)
	        Index Cond: (id = 117070)

table 5 : explain DELETE FROM sbtest5 WHERE id=6626326
	Delete on sbtest5  (cost=0.43..8.45 rows=0 width=0)
	  ->  Index Scan using sbtest5_pkey on sbtest5  (cost=0.43..8.45 rows=1 width=6)
	        Index Cond: (id = 6626326)

table 6 : explain DELETE FROM sbtest6 WHERE id=9259087
	Delete on sbtest6  (cost=0.43..8.45 rows=0 width=0)
	  ->  Index Scan using sbtest6_pkey on sbtest6  (cost=0.43..8.45 rows=1 width=6)
	        Index Cond: (id = 9259087)

table 7 : explain DELETE FROM sbtest7 WHERE id=2228403
	Delete on sbtest7  (cost=0.43..8.45 rows=0 width=0)
	  ->  Index Scan using sbtest7_pkey on sbtest7  (cost=0.43..8.45 rows=1 width=6)
	        Index Cond: (id = 2228403)

table 8 : explain DELETE FROM sbtest8 WHERE id=1424462
	Delete on sbtest8  (cost=0.43..8.45 rows=0 width=0)
	  ->  Index Scan using sbtest8_pkey on sbtest8  (cost=0.43..8.45 rows=1 width=6)
	        Index Cond: (id = 1424462)

explain: for inserts :: explain INSERT INTO sbtest%u (id, k, c, pad) VALUES (%u, 13, 'foobar', 'foobar')
for inserts
table 1 : explain INSERT INTO sbtest1 (id, k, c, pad) VALUES (1465460, 13, 'foobar', 'foobar')
	Insert on sbtest1  (cost=0.00..0.01 rows=0 width=0)
	  ->  Result  (cost=0.00..0.01 rows=1 width=736)

table 2 : explain INSERT INTO sbtest2 (id, k, c, pad) VALUES (2466536, 13, 'foobar', 'foobar')
	Insert on sbtest2  (cost=0.00..0.01 rows=0 width=0)
	  ->  Result  (cost=0.00..0.01 rows=1 width=736)

table 3 : explain INSERT INTO sbtest3 (id, k, c, pad) VALUES (6876535, 13, 'foobar', 'foobar')
	Insert on sbtest3  (cost=0.00..0.01 rows=0 width=0)
	  ->  Result  (cost=0.00..0.01 rows=1 width=736)

table 4 : explain INSERT INTO sbtest4 (id, k, c, pad) VALUES (893827, 13, 'foobar', 'foobar')
	Insert on sbtest4  (cost=0.00..0.01 rows=0 width=0)
	  ->  Result  (cost=0.00..0.01 rows=1 width=736)

table 5 : explain INSERT INTO sbtest5 (id, k, c, pad) VALUES (9259595, 13, 'foobar', 'foobar')
	Insert on sbtest5  (cost=0.00..0.01 rows=0 width=0)
	  ->  Result  (cost=0.00..0.01 rows=1 width=736)

table 6 : explain INSERT INTO sbtest6 (id, k, c, pad) VALUES (618678, 13, 'foobar', 'foobar')
	Insert on sbtest6  (cost=0.00..0.01 rows=0 width=0)
	  ->  Result  (cost=0.00..0.01 rows=1 width=736)

table 7 : explain INSERT INTO sbtest7 (id, k, c, pad) VALUES (3034743, 13, 'foobar', 'foobar')
	Insert on sbtest7  (cost=0.00..0.01 rows=0 width=0)
	  ->  Result  (cost=0.00..0.01 rows=1 width=736)

table 8 : explain INSERT INTO sbtest8 (id, k, c, pad) VALUES (440701, 13, 'foobar', 'foobar')
	Insert on sbtest8  (cost=0.00..0.01 rows=0 width=0)
	  ->  Result  (cost=0.00..0.01 rows=1 width=736)

Threads started!

Warming up for 5 seconds...

SQL statistics:
    queries performed:
        read:                            314807005
        write:                           89944960
        other:                           44972450
        total:                           449724415
    transactions:                        22486242 (24178.54 per sec.)
    queries:                             449724415 (483570.33 per sec.)
    ignored errors:                      2      (0.00 per sec.)
    reconnects:                          0      (0.00 per sec.)

Throughput:
    events/s (eps):                      24178.5395
    time elapsed:                        930.0084s
    total number of events:              22486242

Latency (ms):
         min:                                    1.36
         avg:                                    1.65
         max:                                   88.99
         95th percentile:                        1.82
         sum:                             37176326.32

Threads fairness:
    events (avg/stddev):           562155.6750/3737.30
    execution time (avg/stddev):   929.4082/0.01

