LUA_PATH=/home/mdcallag/git/mytools/bench/sysbench.lua/lua/?.lua /home/mdcallag/git/mytools/bench/sysbench.lua/lua/sysbench --db-driver=pgsql --range-size=100 --table-size=10000000 --tables=8 --threads=40 --events=0 --warmup-time=5 --time=630 --pgsql_conn_id=true /home/mdcallag/git/mytools/bench/sysbench.lua/lua/oltp_read_only.lua run --pgsql-user=root --pgsql-password=pw --pgsql-host=127.0.0.1 --pgsql-db=ib --rand-type=uniform
48 CPUs
sysbench 1.1.0-9072687 (using bundled LuaJIT 2.1.0-beta3)

Running the test with following options:
Number of threads: 40
Warmup time: 5s
Initializing random number generator from current time


Initializing worker threads...

explain: for point_selects :: explain SELECT c FROM sbtest%u WHERE id=%u
explain: for point_selects :: explain SELECT c FROM sbtest%u WHERE id=%u
for point_selects
table 1 : explain SELECT c FROM sbtest1 WHERE id=516371
	Index Scan using sbtest1_pkey on sbtest1  (cost=0.43..8.45 rows=1 width=121)
	  Index Cond: (id = 516371)

table 2 : explain SELECT c FROM sbtest2 WHERE id=7428224
	Index Scan using sbtest2_pkey on sbtest2  (cost=0.43..8.45 rows=1 width=121)
	  Index Cond: (id = 7428224)

table 3 : explain SELECT c FROM sbtest3 WHERE id=7701030
	Index Scan using sbtest3_pkey on sbtest3  (cost=0.43..8.45 rows=1 width=121)
	  Index Cond: (id = 7701030)

table 4 : explain SELECT c FROM sbtest4 WHERE id=3678834
	Index Scan using sbtest4_pkey on sbtest4  (cost=0.43..8.45 rows=1 width=121)
	  Index Cond: (id = 3678834)

table 5 : explain SELECT c FROM sbtest5 WHERE id=8285929
	Index Scan using sbtest5_pkey on sbtest5  (cost=0.43..8.45 rows=1 width=121)
	  Index Cond: (id = 8285929)

table 6 : explain SELECT c FROM sbtest6 WHERE id=6343642
	Index Scan using sbtest6_pkey on sbtest6  (cost=0.43..8.45 rows=1 width=121)
	  Index Cond: (id = 6343642)

table 7 : explain SELECT c FROM sbtest7 WHERE id=7974841
	Index Scan using sbtest7_pkey on sbtest7  (cost=0.43..8.45 rows=1 width=121)
	  Index Cond: (id = 7974841)

table 8 : explain SELECT c FROM sbtest8 WHERE id=3844494
	Index Scan using sbtest8_pkey on sbtest8  (cost=0.43..8.45 rows=1 width=121)
	  Index Cond: (id = 3844494)

explain: for point_selects :: explain SELECT c FROM sbtest%u WHERE id=%u
for: simple_ranges
table 1 : explain SELECT c FROM sbtest1 WHERE id BETWEEN 6495123 AND 6495222
	Index Scan using sbtest1_pkey on sbtest1  (cost=0.43..416.98 rows=105 width=121)
	  Index Cond: ((id >= 6495123) AND (id <= 6495222))

table 2 : explain SELECT c FROM sbtest2 WHERE id BETWEEN 9910635 AND 9910734
	Index Scan using sbtest2_pkey on sbtest2  (cost=0.43..378.50 rows=95 width=121)
	  Index Cond: ((id >= 9910635) AND (id <= 9910734))

table 3 : explain SELECT c FROM sbtest3 WHERE id BETWEEN 8162097 AND 8162196
	Index Scan using sbtest3_pkey on sbtest3  (cost=0.43..421.01 rows=106 width=121)
	  Index Cond: ((id >= 8162097) AND (id <= 8162196))

table 4 : explain SELECT c FROM sbtest4 WHERE id BETWEEN 2462916 AND 2463015
	Index Scan using sbtest4_pkey on sbtest4  (cost=0.43..438.78 rows=110 width=121)
	  Index Cond: ((id >= 2462916) AND (id <= 2463015))

table 5 : explain SELECT c FROM sbtest5 WHERE id BETWEEN 7142326 AND 7142425
	Index Scan using sbtest5_pkey on sbtest5  (cost=0.43..405.70 rows=102 width=121)
	  Index Cond: ((id >= 7142326) AND (id <= 7142425))

table 6 : explain SELECT c FROM sbtest6 WHERE id BETWEEN 9619757 AND 9619856
	Index Scan using sbtest6_pkey on sbtest6  (cost=0.43..385.59 rows=97 width=121)
	  Index Cond: ((id >= 9619757) AND (id <= 9619856))

table 7 : explain SELECT c FROM sbtest7 WHERE id BETWEEN 5974084 AND 5974183
	Index Scan using sbtest7_pkey on sbtest7  (cost=0.43..381.53 rows=96 width=121)
	  Index Cond: ((id >= 5974084) AND (id <= 5974183))

table 8 : explain SELECT c FROM sbtest8 WHERE id BETWEEN 6720282 AND 6720381
	Index Scan using sbtest8_pkey on sbtest8  (cost=0.43..408.96 rows=103 width=121)
	  Index Cond: ((id >= 6720282) AND (id <= 6720381))

explain: for point_selects :: explain SELECT c FROM sbtest%u WHERE id=%u
for: sum_ranges
table 1 : explain SELECT SUM(k) FROM sbtest1 WHERE id BETWEEN 1357318 AND 1357417
	Aggregate  (cost=385.81..385.82 rows=1 width=8)
	  ->  Index Scan using sbtest1_pkey on sbtest1  (cost=0.43..385.56 rows=97 width=4)
	        Index Cond: ((id >= 1357318) AND (id <= 1357417))

table 2 : explain SELECT SUM(k) FROM sbtest2 WHERE id BETWEEN 8899649 AND 8899748
	Aggregate  (cost=378.73..378.74 rows=1 width=8)
	  ->  Index Scan using sbtest2_pkey on sbtest2  (cost=0.43..378.50 rows=95 width=4)
	        Index Cond: ((id >= 8899649) AND (id <= 8899748))

table 3 : explain SELECT SUM(k) FROM sbtest3 WHERE id BETWEEN 3544295 AND 3544394
	Aggregate  (cost=413.41..413.42 rows=1 width=8)
	  ->  Index Scan using sbtest3_pkey on sbtest3  (cost=0.43..413.15 rows=104 width=4)
	        Index Cond: ((id >= 3544295) AND (id <= 3544394))

table 4 : explain SELECT SUM(k) FROM sbtest4 WHERE id BETWEEN 2554372 AND 2554471
	Aggregate  (cost=375.86..375.87 rows=1 width=8)
	  ->  Index Scan using sbtest4_pkey on sbtest4  (cost=0.43..375.62 rows=94 width=4)
	        Index Cond: ((id >= 2554372) AND (id <= 2554471))

table 5 : explain SELECT SUM(k) FROM sbtest5 WHERE id BETWEEN 2902322 AND 2902421
	Aggregate  (cost=390.21..390.22 rows=1 width=8)
	  ->  Index Scan using sbtest5_pkey on sbtest5  (cost=0.43..389.97 rows=98 width=4)
	        Index Cond: ((id >= 2902322) AND (id <= 2902421))

table 6 : explain SELECT SUM(k) FROM sbtest6 WHERE id BETWEEN 9726794 AND 9726893
	Aggregate  (cost=432.99..433.00 rows=1 width=8)
	  ->  Index Scan using sbtest6_pkey on sbtest6  (cost=0.43..432.72 rows=109 width=4)
	        Index Cond: ((id >= 9726794) AND (id <= 9726893))

table 7 : explain SELECT SUM(k) FROM sbtest7 WHERE id BETWEEN 1016657 AND 1016756
	Aggregate  (cost=366.03..366.04 rows=1 width=8)
	  ->  Index Scan using sbtest7_pkey on sbtest7  (cost=0.43..365.80 rows=92 width=4)
	        Index Cond: ((id >= 1016657) AND (id <= 1016756))

table 8 : explain SELECT SUM(k) FROM sbtest8 WHERE id BETWEEN 2723083 AND 2723182
	Aggregate  (cost=362.06..362.07 rows=1 width=8)
	  ->  Index Scan using sbtest8_pkey on sbtest8  (cost=0.43..361.83 rows=91 width=4)
	        Index Cond: ((id >= 2723083) AND (id <= 2723182))

for point_selects
table 1 : explain SELECT c FROM sbtest1 WHERE id=3130546
	Index Scan using sbtest1_pkey on sbtest1  (cost=0.43..8.45 rows=1 width=121)
	  Index Cond: (id = 3130546)

table 2 : explain SELECT c FROM sbtest2 WHERE id=1144763
	Index Scan using sbtest2_pkey on sbtest2  (cost=0.43..8.45 rows=1 width=121)
	  Index Cond: (id = 1144763)

table 3 : explain SELECT c FROM sbtest3 WHERE id=4804591
	Index Scan using sbtest3_pkey on sbtest3  (cost=0.43..8.45 rows=1 width=121)
	  Index Cond: (id = 4804591)

table 4 : explain SELECT c FROM sbtest4 WHERE id=1735383
	Index Scan using sbtest4_pkey on sbtest4  (cost=0.43..8.45 rows=1 width=121)
	  Index Cond: (id = 1735383)

table 5 : explain SELECT c FROM sbtest5 WHERE id=102348
	Index Scan using sbtest5_pkey on sbtest5  (cost=0.43..8.45 rows=1 width=121)
	  Index Cond: (id = 102348)

table 6 : explain SELECT c FROM sbtest6 WHERE id=2155801
	Index Scan using sbtest6_pkey on sbtest6  (cost=0.43..8.45 rows=1 width=121)
	  Index Cond: (id = 2155801)

table 7 : explain SELECT c FROM sbtest7 WHERE id=7313589
	Index Scan using sbtest7_pkey on sbtest7  (cost=0.43..8.45 rows=1 width=121)
	  Index Cond: (id = 7313589)

table 8 : explain SELECT c FROM sbtest8 WHERE id=4390061
	Index Scan using sbtest8_pkey on sbtest8  (cost=0.43..8.45 rows=1 width=121)
	  Index Cond: (id = 4390061)

for point_selects
table 1 : explain SELECT c FROM sbtest1 WHERE id=5920258
	Index Scan using sbtest1_pkey on sbtest1  (cost=0.43..8.45 rows=1 width=121)
	  Index Cond: (id = 5920258)

table 2 : explain SELECT c FROM sbtest2 WHERE id=3693932
	Index Scan using sbtest2_pkey on sbtest2  (cost=0.43..8.45 rows=1 width=121)
	  Index Cond: (id = 3693932)

table 3 : explain SELECT c FROM sbtest3 WHERE id=212667
	Index Scan using sbtest3_pkey on sbtest3  (cost=0.43..8.45 rows=1 width=121)
	  Index Cond: (id = 212667)

table 4 : explain SELECT c FROM sbtest4 WHERE id=4810115
	Index Scan using sbtest4_pkey on sbtest4  (cost=0.43..8.45 rows=1 width=121)
	  Index Cond: (id = 4810115)

table 5 : explain SELECT c FROM sbtest5 WHERE id=768153
	Index Scan using sbtest5_pkey on sbtest5  (cost=0.43..8.45 rows=1 width=121)
	  Index Cond: (id = 768153)

table 6 : explain SELECT c FROM sbtest6 WHERE id=6513398
	Index Scan using sbtest6_pkey on sbtest6  (cost=0.43..8.45 rows=1 width=121)
	  Index Cond: (id = 6513398)

table 7 : explain SELECT c FROM sbtest7 WHERE id=9392584
	Index Scan using sbtest7_pkey on sbtest7  (cost=0.43..8.45 rows=1 width=121)
	  Index Cond: (id = 9392584)

table 8 : explain SELECT c FROM sbtest8 WHERE id=2396131
	Index Scan using sbtest8_pkey on sbtest8  (cost=0.43..8.45 rows=1 width=121)
	  Index Cond: (id = 2396131)

explain: for point_selects :: explain SELECT c FROM sbtest%u WHERE id=%u
for: simple_ranges
table 1 : explain SELECT c FROM sbtest1 WHERE id BETWEEN 6520556 AND 6520655
	Index Scan using sbtest1_pkey on sbtest1  (cost=0.43..397.35 rows=100 width=121)
	  Index Cond: ((id >= 6520556) AND (id <= 6520655))

table 2 : explain SELECT c FROM sbtest2 WHERE id BETWEEN 3678536 AND 3678635
	Index Scan using sbtest2_pkey on sbtest2  (cost=0.43..429.66 rows=108 width=121)
	  Index Cond: ((id >= 3678536) AND (id <= 3678635))

table 3 : explain SELECT c FROM sbtest3 WHERE id BETWEEN 248613 AND 248712
	Index Scan using sbtest3_pkey on sbtest3  (cost=0.43..389.58 rows=98 width=121)
	  Index Cond: ((id >= 248613) AND (id <= 248712))

table 4 : explain SELECT c FROM sbtest4 WHERE id BETWEEN 7120652 AND 7120751
	Index Scan using sbtest4_pkey on sbtest4  (cost=0.43..411.15 rows=103 width=121)
	  Index Cond: ((id >= 7120652) AND (id <= 7120751))

table 5 : explain SELECT c FROM sbtest5 WHERE id BETWEEN 7721875 AND 7721974
	Index Scan using sbtest5_pkey on sbtest5  (cost=0.43..421.43 rows=106 width=121)
	  Index Cond: ((id >= 7721875) AND (id <= 7721974))

table 6 : explain SELECT c FROM sbtest6 WHERE id BETWEEN 8884335 AND 8884434
	Index Scan using sbtest6_pkey on sbtest6  (cost=0.43..397.37 rows=100 width=121)
	  Index Cond: ((id >= 8884335) AND (id <= 8884434))

table 7 : explain SELECT c FROM sbtest7 WHERE id BETWEEN 1835951 AND 1836050
	Index Scan using sbtest7_pkey on sbtest7  (cost=0.43..365.80 rows=92 width=121)
	  Index Cond: ((id >= 1835951) AND (id <= 1836050))

table 8 : explain SELECT c FROM sbtest8 WHERE id BETWEEN 1992764 AND 1992863
	Index Scan using sbtest8_pkey on sbtest8  (cost=0.43..381.48 rows=96 width=121)
	  Index Cond: ((id >= 1992764) AND (id <= 1992863))

for: simple_ranges
table 1 : explain SELECT c FROM sbtest1 WHERE id BETWEEN 2226637 AND 2226736
	Index Scan using sbtest1_pkey on sbtest1  (cost=0.43..393.42 rows=99 width=121)
	  Index Cond: ((id >= 2226637) AND (id <= 2226736))

table 2 : explain SELECT c FROM sbtest2 WHERE id BETWEEN 1472550 AND 1472649
	Index Scan using sbtest2_pkey on sbtest2  (cost=0.43..417.86 rows=105 width=121)
	  Index Cond: ((id >= 1472550) AND (id <= 1472649))

table 3 : explain SELECT c FROM sbtest3 WHERE id BETWEEN 1563640 AND 1563739
	Index Scan using sbtest3_pkey on sbtest3  (cost=0.43..393.51 rows=99 width=121)
	  Index Cond: ((id >= 1563640) AND (id <= 1563739))

table 4 : explain SELECT c FROM sbtest4 WHERE id BETWEEN 692670 AND 692769
	Index Scan using sbtest4_pkey on sbtest4  (cost=0.43..371.66 rows=93 width=121)
	  Index Cond: ((id >= 692670) AND (id <= 692769))

table 5 : explain SELECT c FROM sbtest5 WHERE id BETWEEN 8423763 AND 8423862
	Index Scan using sbtest5_pkey on sbtest5  (cost=0.43..393.90 rows=99 width=121)
	  Index Cond: ((id >= 8423763) AND (id <= 8423862))

table 6 : explain SELECT c FROM sbtest6 WHERE id BETWEEN 7256152 AND 7256251
	Index Scan using sbtest6_pkey on sbtest6  (cost=0.43..393.44 rows=99 width=121)
	  Index Cond: ((id >= 7256152) AND (id <= 7256251))

table 7 : explain SELECT c FROM sbtest7 WHERE id BETWEEN 3813943 AND 3814042
	Index Scan using sbtest7_pkey on sbtest7  (cost=0.43..420.80 rows=106 width=121)
	  Index Cond: ((id >= 3813943) AND (id <= 3814042))

table 8 : explain SELECT c FROM sbtest8 WHERE id BETWEEN 2914628 AND 2914727
	Index Scan using sbtest8_pkey on sbtest8  (cost=0.43..381.48 rows=96 width=121)
	  Index Cond: ((id >= 2914628) AND (id <= 2914727))

for: sum_ranges
table 1 : explain SELECT SUM(k) FROM sbtest1 WHERE id BETWEEN 1206765 AND 1206864
	Aggregate  (cost=432.97..432.98 rows=1 width=8)
	  ->  Index Scan using sbtest1_pkey on sbtest1  (cost=0.43..432.69 rows=109 width=4)
	        Index Cond: ((id >= 1206765) AND (id <= 1206864))

table 2 : explain SELECT SUM(k) FROM sbtest2 WHERE id BETWEEN 3088760 AND 3088859
	Aggregate  (cost=406.30..406.31 rows=1 width=8)
	  ->  Index Scan using sbtest2_pkey on sbtest2  (cost=0.43..406.05 rows=102 width=4)
	        Index Cond: ((id >= 3088760) AND (id <= 3088859))

table 3 : explain SELECT SUM(k) FROM sbtest3 WHERE id BETWEEN 8367673 AND 8367772
	Aggregate  (cost=381.96..381.97 rows=1 width=8)
	  ->  Index Scan using sbtest3_pkey on sbtest3  (cost=0.43..381.72 rows=96 width=4)
	        Index Cond: ((id >= 8367673) AND (id <= 8367772))

table 4 : explain SELECT SUM(k) FROM sbtest4 WHERE id BETWEEN 6661372 AND 6661471
	Aggregate  (cost=383.76..383.77 rows=1 width=8)
	  ->  Index Scan using sbtest4_pkey on sbtest4  (cost=0.43..383.52 rows=96 width=4)
	        Index Cond: ((id >= 6661372) AND (id <= 6661471))

table 5 : explain SELECT SUM(k) FROM sbtest5 WHERE id BETWEEN 7762165 AND 7762264
	Aggregate  (cost=421.69..421.70 rows=1 width=8)
	  ->  Index Scan using sbtest5_pkey on sbtest5  (cost=0.43..421.43 rows=106 width=4)
	        Index Cond: ((id >= 7762165) AND (id <= 7762264))

table 6 : explain SELECT SUM(k) FROM sbtest6 WHERE id BETWEEN 7900566 AND 7900665
	Aggregate  (cost=366.16..366.17 rows=1 width=8)
	  ->  Index Scan using sbtest6_pkey on sbtest6  (cost=0.43..365.93 rows=92 width=4)
	        Index Cond: ((id >= 7900566) AND (id <= 7900665))

table 7 : explain SELECT SUM(k) FROM sbtest7 WHERE id BETWEEN 2077660 AND 2077759
	Aggregate  (cost=393.56..393.57 rows=1 width=8)
	  ->  Index Scan using sbtest7_pkey on sbtest7  (cost=0.43..393.31 rows=99 width=4)
	        Index Cond: ((id >= 2077660) AND (id <= 2077759))

table 8 : explain SELECT SUM(k) FROM sbtest8 WHERE id BETWEEN 5161933 AND 5162032
	Aggregate  (cost=369.91..369.92 rows=1 width=8)
	  ->  Index Scan using sbtest8_pkey on sbtest8  (cost=0.43..369.68 rows=93 width=4)
	        Index Cond: ((id >= 5161933) AND (id <= 5162032))

for point_selects
table 1 : explain SELECT c FROM sbtest1 WHERE id=8194196
	Index Scan using sbtest1_pkey on sbtest1  (cost=0.43..8.45 rows=1 width=121)
	  Index Cond: (id = 8194196)

table 2 : explain SELECT c FROM sbtest2 WHERE id=3601246
	Index Scan using sbtest2_pkey on sbtest2  (cost=0.43..8.45 rows=1 width=121)
	  Index Cond: (id = 3601246)

table 3 : explain SELECT c FROM sbtest3 WHERE id=2236144
	Index Scan using sbtest3_pkey on sbtest3  (cost=0.43..8.45 rows=1 width=121)
	  Index Cond: (id = 2236144)

table 4 : explain SELECT c FROM sbtest4 WHERE id=724621
	Index Scan using sbtest4_pkey on sbtest4  (cost=0.43..8.45 rows=1 width=121)
	  Index Cond: (id = 724621)

table 5 : explain SELECT c FROM sbtest5 WHERE id=3848431
	Index Scan using sbtest5_pkey on sbtest5  (cost=0.43..8.45 rows=1 width=121)
	  Index Cond: (id = 3848431)

table 6 : explain SELECT c FROM sbtest6 WHERE id=195538
	Index Scan using sbtest6_pkey on sbtest6  (cost=0.43..8.45 rows=1 width=121)
	  Index Cond: (id = 195538)

table 7 : explain SELECT c FROM sbtest7 WHERE id=4166874
	Index Scan using sbtest7_pkey on sbtest7  (cost=0.43..8.45 rows=1 width=121)
	  Index Cond: (id = 4166874)

table 8 : explain SELECT c FROM sbtest8 WHERE id=5473763
	Index Scan using sbtest8_pkey on sbtest8  (cost=0.43..8.45 rows=1 width=121)
	  Index Cond: (id = 5473763)

explain: for point_selects :: explain SELECT c FROM sbtest%u WHERE id=%u
explain: for point_selects :: explain SELECT c FROM sbtest%u WHERE id=%u
for: order_ranges
table 1 : explain SELECT c FROM sbtest1 WHERE id BETWEEN 8092996 AND 8093095 ORDER BY c
	Sort  (cost=396.70..396.95 rows=99 width=121)
	  Sort Key: c
	  ->  Index Scan using sbtest1_pkey on sbtest1  (cost=0.43..393.42 rows=99 width=121)
	        Index Cond: ((id >= 8092996) AND (id <= 8093095))

table 2 : explain SELECT c FROM sbtest2 WHERE id BETWEEN 3791918 AND 3792017 ORDER BY c
	Sort  (cost=433.31..433.58 rows=108 width=121)
	  Sort Key: c
	  ->  Index Scan using sbtest2_pkey on sbtest2  (cost=0.43..429.66 rows=108 width=121)
	        Index Cond: ((id >= 3791918) AND (id <= 3792017))

table 3 : explain SELECT c FROM sbtest3 WHERE id BETWEEN 1593894 AND 1593993 ORDER BY c
	Sort  (cost=396.79..397.04 rows=99 width=121)
	  Sort Key: c
	  ->  Index Scan using sbtest3_pkey on sbtest3  (cost=0.43..393.51 rows=99 width=121)
	        Index Cond: ((id >= 1593894) AND (id <= 1593993))

table 4 : explain SELECT c FROM sbtest4 WHERE id BETWEEN 6684089 AND 6684188 ORDER BY c
	Sort  (cost=386.68..386.92 rows=96 width=121)
	  Sort Key: c
	  ->  Index Scan using sbtest4_pkey on sbtest4  (cost=0.43..383.52 rows=96 width=121)
	        Index Cond: ((id >= 6684089) AND (id <= 6684188))

table 5 : explain SELECT c FROM sbtest5 WHERE id BETWEEN 9142076 AND 9142175 ORDER BY c
	Sort  (cost=389.24..389.48 rows=97 width=121)
	  Sort Key: c
	  ->  Index Scan using sbtest5_pkey on sbtest5  (cost=0.43..386.03 rows=97 width=121)
	        Index Cond: ((id >= 9142076) AND (id <= 9142175))

table 6 : explain SELECT c FROM sbtest6 WHERE id BETWEEN 3857920 AND 3858019 ORDER BY c
	Sort  (cost=408.63..408.88 rows=102 width=121)
	  Sort Key: c
	  ->  Index Scan using sbtest6_pkey on sbtest6  (cost=0.43..405.23 rows=102 width=121)
	        Index Cond: ((id >= 3857920) AND (id <= 3858019))

table 7 : explain SELECT c FROM sbtest7 WHERE id BETWEEN 3915306 AND 3915405 ORDER BY c
	Sort  (cost=380.73..380.96 rows=95 width=121)
	  Sort Key: c
	  ->  Index Scan using sbtest7_pkey on sbtest7  (cost=0.43..377.61 rows=95 width=121)
	        Index Cond: ((id >= 3915306) AND (id <= 3915405))

table 8 : explain SELECT c FROM sbtest8 WHERE id BETWEEN 1674175 AND 1674274 ORDER BY c
	Sort  (cost=408.44..408.70 rows=102 width=121)
	  Sort Key: c
	  ->  Index Scan using sbtest8_pkey on sbtest8  (cost=0.43..405.04 rows=102 width=121)
	        Index Cond: ((id >= 1674175) AND (id <= 1674274))

for point_selects
table 1 : explain SELECT c FROM sbtest1 WHERE id=4403259
	Index Scan using sbtest1_pkey on sbtest1  (cost=0.43..8.45 rows=1 width=121)
	  Index Cond: (id = 4403259)

table 2 : explain SELECT c FROM sbtest2 WHERE id=5290313
	Index Scan using sbtest2_pkey on sbtest2  (cost=0.43..8.45 rows=1 width=121)
	  Index Cond: (id = 5290313)

table 3 : explain SELECT c FROM sbtest3 WHERE id=3756303
	Index Scan using sbtest3_pkey on sbtest3  (cost=0.43..8.45 rows=1 width=121)
	  Index Cond: (id = 3756303)

table 4 : explain SELECT c FROM sbtest4 WHERE id=4038417
	Index Scan using sbtest4_pkey on sbtest4  (cost=0.43..8.45 rows=1 width=121)
	  Index Cond: (id = 4038417)

table 5 : explain SELECT c FROM sbtest5 WHERE id=7308318
	Index Scan using sbtest5_pkey on sbtest5  (cost=0.43..8.45 rows=1 width=121)
	  Index Cond: (id = 7308318)

table 6 : explain SELECT c FROM sbtest6 WHERE id=1162424
	Index Scan using sbtest6_pkey on sbtest6  (cost=0.43..8.45 rows=1 width=121)
	  Index Cond: (id = 1162424)

table 7 : explain SELECT c FROM sbtest7 WHERE id=4810123
	Index Scan using sbtest7_pkey on sbtest7  (cost=0.43..8.45 rows=1 width=121)
	  Index Cond: (id = 4810123)

table 8 : explain SELECT c FROM sbtest8 WHERE id=1709952
	Index Scan using sbtest8_pkey on sbtest8  (cost=0.43..8.45 rows=1 width=121)
	  Index Cond: (id = 1709952)

for: sum_ranges
table 1 : explain SELECT SUM(k) FROM sbtest1 WHERE id BETWEEN 6314666 AND 6314765
	Aggregate  (cost=425.11..425.12 rows=1 width=8)
	  ->  Index Scan using sbtest1_pkey on sbtest1  (cost=0.43..424.84 rows=107 width=4)
	        Index Cond: ((id >= 6314666) AND (id <= 6314765))

table 2 : explain SELECT SUM(k) FROM sbtest2 WHERE id BETWEEN 3800784 AND 3800883
	Aggregate  (cost=429.93..429.94 rows=1 width=8)
	  ->  Index Scan using sbtest2_pkey on sbtest2  (cost=0.43..429.66 rows=108 width=4)
	        Index Cond: ((id >= 3800784) AND (id <= 3800883))

table 3 : explain SELECT SUM(k) FROM sbtest3 WHERE id BETWEEN 9283425 AND 9283524
	Aggregate  (cost=385.89..385.90 rows=1 width=8)
	  ->  Index Scan using sbtest3_pkey on sbtest3  (cost=0.43..385.65 rows=97 width=4)
	        Index Cond: ((id >= 9283425) AND (id <= 9283524))

table 4 : explain SELECT SUM(k) FROM sbtest4 WHERE id BETWEEN 5477389 AND 5477488
	Aggregate  (cost=458.81..458.82 rows=1 width=8)
	  ->  Index Scan using sbtest4_pkey on sbtest4  (cost=0.43..458.52 rows=115 width=4)
	        Index Cond: ((id >= 5477389) AND (id <= 5477488))

table 5 : explain SELECT SUM(k) FROM sbtest5 WHERE id BETWEEN 3698475 AND 3698574
	Aggregate  (cost=394.15..394.16 rows=1 width=8)
	  ->  Index Scan using sbtest5_pkey on sbtest5  (cost=0.43..393.90 rows=99 width=4)
	        Index Cond: ((id >= 3698475) AND (id <= 3698574))

table 6 : explain SELECT SUM(k) FROM sbtest6 WHERE id BETWEEN 7234363 AND 7234462
	Aggregate  (cost=393.69..393.70 rows=1 width=8)
	  ->  Index Scan using sbtest6_pkey on sbtest6  (cost=0.43..393.44 rows=99 width=4)
	        Index Cond: ((id >= 7234363) AND (id <= 7234462))

table 7 : explain SELECT SUM(k) FROM sbtest7 WHERE id BETWEEN 8497094 AND 8497193
	Aggregate  (cost=373.91..373.92 rows=1 width=8)
	  ->  Index Scan using sbtest7_pkey on sbtest7  (cost=0.43..373.68 rows=94 width=4)
	        Index Cond: ((id >= 8497094) AND (id <= 8497193))

table 8 : explain SELECT SUM(k) FROM sbtest8 WHERE id BETWEEN 1471633 AND 1471732
	Aggregate  (cost=369.94..369.95 rows=1 width=8)
	  ->  Index Scan using sbtest8_pkey on sbtest8  (cost=0.43..369.71 rows=93 width=4)
	        Index Cond: ((id >= 1471633) AND (id <= 1471732))

for: simple_ranges
table 1 : explain SELECT c FROM sbtest1 WHERE id BETWEEN 9967708 AND 9967807
	Index Scan using sbtest1_pkey on sbtest1  (cost=0.43..409.13 rows=103 width=121)
	  Index Cond: ((id >= 9967708) AND (id <= 9967807))

table 2 : explain SELECT c FROM sbtest2 WHERE id BETWEEN 5151598 AND 5151697
	Index Scan using sbtest2_pkey on sbtest2  (cost=0.43..378.50 rows=95 width=121)
	  Index Cond: ((id >= 5151598) AND (id <= 5151697))

table 3 : explain SELECT c FROM sbtest3 WHERE id BETWEEN 7964489 AND 7964588
	Index Scan using sbtest3_pkey on sbtest3  (cost=0.43..401.37 rows=101 width=121)
	  Index Cond: ((id >= 7964489) AND (id <= 7964588))

table 4 : explain SELECT c FROM sbtest4 WHERE id BETWEEN 3341191 AND 3341290
	Index Scan using sbtest4_pkey on sbtest4  (cost=0.43..371.68 rows=93 width=121)
	  Index Cond: ((id >= 3341191) AND (id <= 3341290))

table 5 : explain SELECT c FROM sbtest5 WHERE id BETWEEN 3751653 AND 3751752
	Index Scan using sbtest5_pkey on sbtest5  (cost=0.43..350.62 rows=88 width=121)
	  Index Cond: ((id >= 3751653) AND (id <= 3751752))

table 6 : explain SELECT c FROM sbtest6 WHERE id BETWEEN 3085506 AND 3085605
	Index Scan using sbtest6_pkey on sbtest6  (cost=0.43..409.15 rows=103 width=121)
	  Index Cond: ((id >= 3085506) AND (id <= 3085605))

table 7 : explain SELECT c FROM sbtest7 WHERE id BETWEEN 9102254 AND 9102353
	Index Scan using sbtest7_pkey on sbtest7  (cost=0.43..389.39 rows=98 width=121)
	  Index Cond: ((id >= 9102254) AND (id <= 9102353))

table 8 : explain SELECT c FROM sbtest8 WHERE id BETWEEN 6195427 AND 6195526
	Index Scan using sbtest8_pkey on sbtest8  (cost=0.43..408.96 rows=103 width=121)
	  Index Cond: ((id >= 6195427) AND (id <= 6195526))

explain: for point_selects :: explain SELECT c FROM sbtest%u WHERE id=%u
for: simple_ranges
table 1 : explain SELECT c FROM sbtest1 WHERE id BETWEEN 4825207 AND 4825306
	Index Scan using sbtest1_pkey on sbtest1  (cost=0.43..350.19 rows=88 width=121)
	  Index Cond: ((id >= 4825207) AND (id <= 4825306))

table 2 : explain SELECT c FROM sbtest2 WHERE id BETWEEN 9750223 AND 9750322
	Index Scan using sbtest2_pkey on sbtest2  (cost=0.43..398.18 rows=100 width=121)
	  Index Cond: ((id >= 9750223) AND (id <= 9750322))

table 3 : explain SELECT c FROM sbtest3 WHERE id BETWEEN 960353 AND 960452
	Index Scan using sbtest3_pkey on sbtest3  (cost=0.43..373.87 rows=94 width=121)
	  Index Cond: ((id >= 960353) AND (id <= 960452))

table 4 : explain SELECT c FROM sbtest4 WHERE id BETWEEN 8288917 AND 8289016
	Index Scan using sbtest4_pkey on sbtest4  (cost=0.43..399.31 rows=100 width=121)
	  Index Cond: ((id >= 8288917) AND (id <= 8289016))

table 5 : explain SELECT c FROM sbtest5 WHERE id BETWEEN 6082126 AND 6082225
	Index Scan using sbtest5_pkey on sbtest5  (cost=0.43..445.02 rows=112 width=121)
	  Index Cond: ((id >= 6082126) AND (id <= 6082225))

table 6 : explain SELECT c FROM sbtest6 WHERE id BETWEEN 1583432 AND 1583531
	Index Scan using sbtest6_pkey on sbtest6  (cost=0.43..393.44 rows=99 width=121)
	  Index Cond: ((id >= 1583432) AND (id <= 1583531))

table 7 : explain SELECT c FROM sbtest7 WHERE id BETWEEN 9302589 AND 9302688
	Index Scan using sbtest7_pkey on sbtest7  (cost=0.43..409.02 rows=103 width=121)
	  Index Cond: ((id >= 9302589) AND (id <= 9302688))

table 8 : explain SELECT c FROM sbtest8 WHERE id BETWEEN 7954428 AND 7954527
	Index Scan using sbtest8_pkey on sbtest8  (cost=0.43..401.11 rows=101 width=121)
	  Index Cond: ((id >= 7954428) AND (id <= 7954527))

explain: for point_selects :: explain SELECT c FROM sbtest%u WHERE id=%u
for point_selects
table 1 : explain SELECT c FROM sbtest1 WHERE id=3217227
	Index Scan using sbtest1_pkey on sbtest1  (cost=0.43..8.45 rows=1 width=121)
	  Index Cond: (id = 3217227)

table 2 : explain SELECT c FROM sbtest2 WHERE id=8663245
	Index Scan using sbtest2_pkey on sbtest2  (cost=0.43..8.45 rows=1 width=121)
	  Index Cond: (id = 8663245)

table 3 : explain SELECT c FROM sbtest3 WHERE id=274710
	Index Scan using sbtest3_pkey on sbtest3  (cost=0.43..8.45 rows=1 width=121)
	  Index Cond: (id = 274710)

table 4 : explain SELECT c FROM sbtest4 WHERE id=5059417
	Index Scan using sbtest4_pkey on sbtest4  (cost=0.43..8.45 rows=1 width=121)
	  Index Cond: (id = 5059417)

table 5 : explain SELECT c FROM sbtest5 WHERE id=2834363
	Index Scan using sbtest5_pkey on sbtest5  (cost=0.43..8.45 rows=1 width=121)
	  Index Cond: (id = 2834363)

table 6 : explain SELECT c FROM sbtest6 WHERE id=2117570
	Index Scan using sbtest6_pkey on sbtest6  (cost=0.43..8.45 rows=1 width=121)
	  Index Cond: (id = 2117570)

table 7 : explain SELECT c FROM sbtest7 WHERE id=2845388
	Index Scan using sbtest7_pkey on sbtest7  (cost=0.43..8.45 rows=1 width=121)
	  Index Cond: (id = 2845388)

table 8 : explain SELECT c FROM sbtest8 WHERE id=4720753
	Index Scan using sbtest8_pkey on sbtest8  (cost=0.43..8.45 rows=1 width=121)
	  Index Cond: (id = 4720753)

for: order_ranges
table 1 : explain SELECT c FROM sbtest1 WHERE id BETWEEN 9650765 AND 9650864 ORDER BY c
	Sort  (cost=420.51..420.77 rows=105 width=121)
	  Sort Key: c
	  ->  Index Scan using sbtest1_pkey on sbtest1  (cost=0.43..416.98 rows=105 width=121)
	        Index Cond: ((id >= 9650765) AND (id <= 9650864))

table 2 : explain SELECT c FROM sbtest2 WHERE id BETWEEN 5776583 AND 5776682 ORDER BY c
	Sort  (cost=397.52..397.77 rows=99 width=121)
	  Sort Key: c
	  ->  Index Scan using sbtest2_pkey on sbtest2  (cost=0.43..394.24 rows=99 width=121)
	        Index Cond: ((id >= 5776583) AND (id <= 5776682))

table 3 : explain SELECT c FROM sbtest3 WHERE id BETWEEN 6986378 AND 6986477 ORDER BY c
	Sort  (cost=424.57..424.84 rows=106 width=121)
	  Sort Key: c
	  ->  Index Scan using sbtest3_pkey on sbtest3  (cost=0.43..421.01 rows=106 width=121)
	        Index Cond: ((id >= 6986378) AND (id <= 6986477))

table 4 : explain SELECT c FROM sbtest4 WHERE id BETWEEN 7131861 AND 7131960 ORDER BY c
	Sort  (cost=414.59..414.85 rows=103 width=121)
	  Sort Key: c
	  ->  Index Scan using sbtest4_pkey on sbtest4  (cost=0.43..411.15 rows=103 width=121)
	        Index Cond: ((id >= 7131861) AND (id <= 7131960))

table 5 : explain SELECT c FROM sbtest5 WHERE id BETWEEN 4489507 AND 4489606 ORDER BY c
	Sort  (cost=432.94..433.21 rows=108 width=121)
	  Sort Key: c
	  ->  Index Scan using sbtest5_pkey on sbtest5  (cost=0.43..429.29 rows=108 width=121)
	        Index Cond: ((id >= 4489507) AND (id <= 4489606))

table 6 : explain SELECT c FROM sbtest6 WHERE id BETWEEN 70689 AND 70788 ORDER BY c
	Sort  (cost=376.88..377.12 rows=94 width=121)
	  Sort Key: c
	  ->  Index Scan using sbtest6_pkey on sbtest6  (cost=0.43..373.80 rows=94 width=121)
	        Index Cond: ((id >= 70689) AND (id <= 70788))

table 7 : explain SELECT c FROM sbtest7 WHERE id BETWEEN 7368120 AND 7368219 ORDER BY c
	Sort  (cost=380.73..380.96 rows=95 width=121)
	  Sort Key: c
	  ->  Index Scan using sbtest7_pkey on sbtest7  (cost=0.43..377.61 rows=95 width=121)
	        Index Cond: ((id >= 7368120) AND (id <= 7368219))

table 8 : explain SELECT c FROM sbtest8 WHERE id BETWEEN 7922394 AND 7922493 ORDER BY c
	Sort  (cost=404.47..404.73 rows=101 width=121)
	  Sort Key: c
	  ->  Index Scan using sbtest8_pkey on sbtest8  (cost=0.43..401.11 rows=101 width=121)
	        Index Cond: ((id >= 7922394) AND (id <= 7922493))

for: distinct_ranges
table 1 : explain SELECT DISTINCT c FROM sbtest1 WHERE id BETWEEN 8525755 AND 8525854 ORDER BY c
	Unique  (cost=388.76..389.25 rows=97 width=121)
	  ->  Sort  (cost=388.76..389.01 rows=97 width=121)
	        Sort Key: c
	        ->  Index Scan using sbtest1_pkey on sbtest1  (cost=0.43..385.56 rows=97 width=121)
	              Index Cond: ((id >= 8525755) AND (id <= 8525854))

table 2 : explain SELECT DISTINCT c FROM sbtest2 WHERE id BETWEEN 6451629 AND 6451728 ORDER BY c
	Unique  (cost=365.69..366.15 rows=91 width=121)
	  ->  Sort  (cost=365.69..365.92 rows=91 width=121)
	        Sort Key: c
	        ->  Index Scan using sbtest2_pkey on sbtest2  (cost=0.43..362.73 rows=91 width=121)
	              Index Cond: ((id >= 6451629) AND (id <= 6451728))

table 3 : explain SELECT DISTINCT c FROM sbtest3 WHERE id BETWEEN 4447758 AND 4447857 ORDER BY c
	Unique  (cost=400.76..401.26 rows=100 width=121)
	  ->  Sort  (cost=400.76..401.01 rows=100 width=121)
	        Sort Key: c
	        ->  Index Scan using sbtest3_pkey on sbtest3  (cost=0.43..397.44 rows=100 width=121)
	              Index Cond: ((id >= 4447758) AND (id <= 4447857))

table 4 : explain SELECT DISTINCT c FROM sbtest4 WHERE id BETWEEN 5647990 AND 5648089 ORDER BY c
	Unique  (cost=390.67..391.15 rows=97 width=121)
	  ->  Sort  (cost=390.67..390.91 rows=97 width=121)
	        Sort Key: c
	        ->  Index Scan using sbtest4_pkey on sbtest4  (cost=0.43..387.47 rows=97 width=121)
	              Index Cond: ((id >= 5647990) AND (id <= 5648089))

table 5 : explain SELECT DISTINCT c FROM sbtest5 WHERE id BETWEEN 1440430 AND 1440529 ORDER BY c
	Unique  (cost=369.35..369.81 rows=92 width=121)
	  ->  Sort  (cost=369.35..369.58 rows=92 width=121)
	        Sort Key: c
	        ->  Index Scan using sbtest5_pkey on sbtest5  (cost=0.43..366.35 rows=92 width=121)
	              Index Cond: ((id >= 1440430) AND (id <= 1440529))

table 6 : explain SELECT DISTINCT c FROM sbtest6 WHERE id BETWEEN 7916166 AND 7916265 ORDER BY c
	Unique  (cost=376.88..377.35 rows=94 width=121)
	  ->  Sort  (cost=376.88..377.12 rows=94 width=121)
	        Sort Key: c
	        ->  Index Scan using sbtest6_pkey on sbtest6  (cost=0.43..373.80 rows=94 width=121)
	              Index Cond: ((id >= 7916166) AND (id <= 7916265))

table 7 : explain SELECT DISTINCT c FROM sbtest7 WHERE id BETWEEN 8478280 AND 8478379 ORDER BY c
	Unique  (cost=376.76..377.23 rows=94 width=121)
	  ->  Sort  (cost=376.76..377.00 rows=94 width=121)
	        Sort Key: c
	        ->  Index Scan using sbtest7_pkey on sbtest7  (cost=0.43..373.68 rows=94 width=121)
	              Index Cond: ((id >= 8478280) AND (id <= 8478379))

table 8 : explain SELECT DISTINCT c FROM sbtest8 WHERE id BETWEEN 4313070 AND 4313169 ORDER BY c
	Unique  (cost=416.37..416.89 rows=104 width=121)
	  ->  Sort  (cost=416.37..416.63 rows=104 width=121)
	        Sort Key: c
	        ->  Index Scan using sbtest8_pkey on sbtest8  (cost=0.43..412.89 rows=104 width=121)
	              Index Cond: ((id >= 4313070) AND (id <= 4313169))

for point_selects
table 1 : explain SELECT c FROM sbtest1 WHERE id=4763739
	Index Scan using sbtest1_pkey on sbtest1  (cost=0.43..8.45 rows=1 width=121)
	  Index Cond: (id = 4763739)

table 2 : explain SELECT c FROM sbtest2 WHERE id=7790540
	Index Scan using sbtest2_pkey on sbtest2  (cost=0.43..8.45 rows=1 width=121)
	  Index Cond: (id = 7790540)

table 3 : explain SELECT c FROM sbtest3 WHERE id=9605580
	Index Scan using sbtest3_pkey on sbtest3  (cost=0.43..8.45 rows=1 width=121)
	  Index Cond: (id = 9605580)

table 4 : explain SELECT c FROM sbtest4 WHERE id=6541267
	Index Scan using sbtest4_pkey on sbtest4  (cost=0.43..8.45 rows=1 width=121)
	  Index Cond: (id = 6541267)

table 5 : explain SELECT c FROM sbtest5 WHERE id=8009737
	Index Scan using sbtest5_pkey on sbtest5  (cost=0.43..8.45 rows=1 width=121)
	  Index Cond: (id = 8009737)

table 6 : explain SELECT c FROM sbtest6 WHERE id=3967058
	Index Scan using sbtest6_pkey on sbtest6  (cost=0.43..8.45 rows=1 width=121)
	  Index Cond: (id = 3967058)

table 7 : explain SELECT c FROM sbtest7 WHERE id=2377421
	Index Scan using sbtest7_pkey on sbtest7  (cost=0.43..8.45 rows=1 width=121)
	  Index Cond: (id = 2377421)

table 8 : explain SELECT c FROM sbtest8 WHERE id=7132251
	Index Scan using sbtest8_pkey on sbtest8  (cost=0.43..8.45 rows=1 width=121)
	  Index Cond: (id = 7132251)

for: simple_ranges
table 1 : explain SELECT c FROM sbtest1 WHERE id BETWEEN 2553687 AND 2553786
	Index Scan using sbtest1_pkey on sbtest1  (cost=0.43..373.78 rows=94 width=121)
	  Index Cond: ((id >= 2553687) AND (id <= 2553786))

table 2 : explain SELECT c FROM sbtest2 WHERE id BETWEEN 6074358 AND 6074457
	Index Scan using sbtest2_pkey on sbtest2  (cost=0.43..394.24 rows=99 width=121)
	  Index Cond: ((id >= 6074358) AND (id <= 6074457))

table 3 : explain SELECT c FROM sbtest3 WHERE id BETWEEN 3810991 AND 3811090
	Index Scan using sbtest3_pkey on sbtest3  (cost=0.43..397.44 rows=100 width=121)
	  Index Cond: ((id >= 3810991) AND (id <= 3811090))

table 4 : explain SELECT c FROM sbtest4 WHERE id BETWEEN 9901518 AND 9901617
	Index Scan using sbtest4_pkey on sbtest4  (cost=0.43..391.41 rows=98 width=121)
	  Index Cond: ((id >= 9901518) AND (id <= 9901617))

table 5 : explain SELECT c FROM sbtest5 WHERE id BETWEEN 5516561 AND 5516660
	Index Scan using sbtest5_pkey on sbtest5  (cost=0.43..386.03 rows=97 width=121)
	  Index Cond: ((id >= 5516561) AND (id <= 5516660))

table 6 : explain SELECT c FROM sbtest6 WHERE id BETWEEN 7612939 AND 7613038
	Index Scan using sbtest6_pkey on sbtest6  (cost=0.43..377.73 rows=95 width=121)
	  Index Cond: ((id >= 7612939) AND (id <= 7613038))

table 7 : explain SELECT c FROM sbtest7 WHERE id BETWEEN 868326 AND 868425
	Index Scan using sbtest7_pkey on sbtest7  (cost=0.43..416.87 rows=105 width=121)
	  Index Cond: ((id >= 868326) AND (id <= 868425))

table 8 : explain SELECT c FROM sbtest8 WHERE id BETWEEN 7853095 AND 7853194
	Index Scan using sbtest8_pkey on sbtest8  (cost=0.43..432.52 rows=109 width=121)
	  Index Cond: ((id >= 7853095) AND (id <= 7853194))

for: sum_ranges
table 1 : explain SELECT SUM(k) FROM sbtest1 WHERE id BETWEEN 6223844 AND 6223943
	Aggregate  (cost=393.67..393.68 rows=1 width=8)
	  ->  Index Scan using sbtest1_pkey on sbtest1  (cost=0.43..393.42 rows=99 width=4)
	        Index Cond: ((id >= 6223844) AND (id <= 6223943))

table 2 : explain SELECT SUM(k) FROM sbtest2 WHERE id BETWEEN 3547312 AND 3547411
	Aggregate  (cost=402.37..402.38 rows=1 width=8)
	  ->  Index Scan using sbtest2_pkey on sbtest2  (cost=0.43..402.11 rows=101 width=4)
	        Index Cond: ((id >= 3547312) AND (id <= 3547411))

table 3 : explain SELECT SUM(k) FROM sbtest3 WHERE id BETWEEN 9997154 AND 9997253
	Aggregate  (cost=429.13..429.14 rows=1 width=8)
	  ->  Index Scan using sbtest3_pkey on sbtest3  (cost=0.43..428.86 rows=108 width=4)
	        Index Cond: ((id >= 9997154) AND (id <= 9997253))

table 4 : explain SELECT SUM(k) FROM sbtest4 WHERE id BETWEEN 6272015 AND 6272114
	Aggregate  (cost=419.31..419.32 rows=1 width=8)
	  ->  Index Scan using sbtest4_pkey on sbtest4  (cost=0.43..419.04 rows=105 width=4)
	        Index Cond: ((id >= 6272015) AND (id <= 6272114))

table 5 : explain SELECT SUM(k) FROM sbtest5 WHERE id BETWEEN 9506226 AND 9506325
	Aggregate  (cost=382.34..382.35 rows=1 width=8)
	  ->  Index Scan using sbtest5_pkey on sbtest5  (cost=0.43..382.10 rows=96 width=4)
	        Index Cond: ((id >= 9506226) AND (id <= 9506325))

table 6 : explain SELECT SUM(k) FROM sbtest6 WHERE id BETWEEN 7106084 AND 7106183
	Aggregate  (cost=362.23..362.24 rows=1 width=8)
	  ->  Index Scan using sbtest6_pkey on sbtest6  (cost=0.43..362.00 rows=91 width=4)
	        Index Cond: ((id >= 7106084) AND (id <= 7106183))

table 7 : explain SELECT SUM(k) FROM sbtest7 WHERE id BETWEEN 6513309 AND 6513408
	Aggregate  (cost=377.84..377.85 rows=1 width=8)
	  ->  Index Scan using sbtest7_pkey on sbtest7  (cost=0.43..377.61 rows=95 width=4)
	        Index Cond: ((id >= 6513309) AND (id <= 6513408))

table 8 : explain SELECT SUM(k) FROM sbtest8 WHERE id BETWEEN 4876467 AND 4876566
	Aggregate  (cost=369.94..369.95 rows=1 width=8)
	  ->  Index Scan using sbtest8_pkey on sbtest8  (cost=0.43..369.71 rows=93 width=4)
	        Index Cond: ((id >= 4876467) AND (id <= 4876566))

for: simple_ranges
table 1 : explain SELECT c FROM sbtest1 WHERE id BETWEEN 8355546 AND 8355645
	Index Scan using sbtest1_pkey on sbtest1  (cost=0.43..389.49 rows=98 width=121)
	  Index Cond: ((id >= 8355546) AND (id <= 8355645))

table 2 : explain SELECT c FROM sbtest2 WHERE id BETWEEN 9299980 AND 9300079
	Index Scan using sbtest2_pkey on sbtest2  (cost=0.43..433.60 rows=109 width=121)
	  Index Cond: ((id >= 9299980) AND (id <= 9300079))

table 3 : explain SELECT c FROM sbtest3 WHERE id BETWEEN 3997307 AND 3997406
	Index Scan using sbtest3_pkey on sbtest3  (cost=0.43..377.79 rows=95 width=121)
	  Index Cond: ((id >= 3997307) AND (id <= 3997406))

table 4 : explain SELECT c FROM sbtest4 WHERE id BETWEEN 6216579 AND 6216678
	Index Scan using sbtest4_pkey on sbtest4  (cost=0.43..419.04 rows=105 width=121)
	  Index Cond: ((id >= 6216579) AND (id <= 6216678))

table 5 : explain SELECT c FROM sbtest5 WHERE id BETWEEN 4864596 AND 4864695
	Index Scan using sbtest5_pkey on sbtest5  (cost=0.43..389.97 rows=98 width=121)
	  Index Cond: ((id >= 4864596) AND (id <= 4864695))

table 6 : explain SELECT c FROM sbtest6 WHERE id BETWEEN 4001975 AND 4002074
	Index Scan using sbtest6_pkey on sbtest6  (cost=0.43..389.51 rows=98 width=121)
	  Index Cond: ((id >= 4001975) AND (id <= 4002074))

table 7 : explain SELECT c FROM sbtest7 WHERE id BETWEEN 7903991 AND 7904090
	Index Scan using sbtest7_pkey on sbtest7  (cost=0.43..381.53 rows=96 width=121)
	  Index Cond: ((id >= 7903991) AND (id <= 7904090))

table 8 : explain SELECT c FROM sbtest8 WHERE id BETWEEN 7977388 AND 7977487
	Index Scan using sbtest8_pkey on sbtest8  (cost=0.43..401.11 rows=101 width=121)
	  Index Cond: ((id >= 7977388) AND (id <= 7977487))

explain: for point_selects :: explain SELECT c FROM sbtest%u WHERE id=%u
for point_selects
table 1 : explain SELECT c FROM sbtest1 WHERE id=9239761
	Index Scan using sbtest1_pkey on sbtest1  (cost=0.43..8.45 rows=1 width=121)
	  Index Cond: (id = 9239761)

table 2 : explain SELECT c FROM sbtest2 WHERE id=9103244
	Index Scan using sbtest2_pkey on sbtest2  (cost=0.43..8.45 rows=1 width=121)
	  Index Cond: (id = 9103244)

table 3 : explain SELECT c FROM sbtest3 WHERE id=7466876
	Index Scan using sbtest3_pkey on sbtest3  (cost=0.43..8.45 rows=1 width=121)
	  Index Cond: (id = 7466876)

table 4 : explain SELECT c FROM sbtest4 WHERE id=908088
	Index Scan using sbtest4_pkey on sbtest4  (cost=0.43..8.45 rows=1 width=121)
	  Index Cond: (id = 908088)

table 5 : explain SELECT c FROM sbtest5 WHERE id=7944785
	Index Scan using sbtest5_pkey on sbtest5  (cost=0.43..8.45 rows=1 width=121)
	  Index Cond: (id = 7944785)

table 6 : explain SELECT c FROM sbtest6 WHERE id=5046730
	Index Scan using sbtest6_pkey on sbtest6  (cost=0.43..8.45 rows=1 width=121)
	  Index Cond: (id = 5046730)

table 7 : explain SELECT c FROM sbtest7 WHERE id=243740
	Index Scan using sbtest7_pkey on sbtest7  (cost=0.43..8.45 rows=1 width=121)
	  Index Cond: (id = 243740)

table 8 : explain SELECT c FROM sbtest8 WHERE id=9011039
	Index Scan using sbtest8_pkey on sbtest8  (cost=0.43..8.45 rows=1 width=121)
	  Index Cond: (id = 9011039)

explain: for point_selects :: explain SELECT c FROM sbtest%u WHERE id=%u
for: distinct_ranges
table 1 : explain SELECT DISTINCT c FROM sbtest1 WHERE id BETWEEN 5226530 AND 5226629 ORDER BY c
	Unique  (cost=388.76..389.25 rows=97 width=121)
	  ->  Sort  (cost=388.76..389.01 rows=97 width=121)
	        Sort Key: c
	        ->  Index Scan using sbtest1_pkey on sbtest1  (cost=0.43..385.56 rows=97 width=121)
	              Index Cond: ((id >= 5226530) AND (id <= 5226629))

table 2 : explain SELECT DISTINCT c FROM sbtest2 WHERE id BETWEEN 1648581 AND 1648680 ORDER BY c
	Unique  (cost=377.64..378.11 rows=94 width=121)
	  ->  Sort  (cost=377.64..377.88 rows=94 width=121)
	        Sort Key: c
	        ->  Index Scan using sbtest2_pkey on sbtest2  (cost=0.43..374.56 rows=94 width=121)
	              Index Cond: ((id >= 1648581) AND (id <= 1648680))

table 3 : explain SELECT DISTINCT c FROM sbtest3 WHERE id BETWEEN 9433932 AND 9434031 ORDER BY c
	Unique  (cost=368.99..369.45 rows=92 width=121)
	  ->  Sort  (cost=368.99..369.22 rows=92 width=121)
	        Sort Key: c
	        ->  Index Scan using sbtest3_pkey on sbtest3  (cost=0.43..365.99 rows=92 width=121)
	              Index Cond: ((id >= 9433932) AND (id <= 9434031))

table 4 : explain SELECT DISTINCT c FROM sbtest4 WHERE id BETWEEN 967199 AND 967298 ORDER BY c
	Unique  (cost=390.67..391.15 rows=97 width=121)
	  ->  Sort  (cost=390.67..390.91 rows=97 width=121)
	        Sort Key: c
	        ->  Index Scan using sbtest4_pkey on sbtest4  (cost=0.43..387.47 rows=97 width=121)
	              Index Cond: ((id >= 967199) AND (id <= 967298))

table 5 : explain SELECT DISTINCT c FROM sbtest5 WHERE id BETWEEN 2428337 AND 2428436 ORDER BY c
	Unique  (cost=381.29..381.77 rows=95 width=121)
	  ->  Sort  (cost=381.29..381.53 rows=95 width=121)
	        Sort Key: c
	        ->  Index Scan using sbtest5_pkey on sbtest5  (cost=0.43..378.17 rows=95 width=121)
	              Index Cond: ((id >= 2428337) AND (id <= 2428436))

table 6 : explain SELECT DISTINCT c FROM sbtest6 WHERE id BETWEEN 66032 AND 66131 ORDER BY c
	Unique  (cost=376.88..377.35 rows=94 width=121)
	  ->  Sort  (cost=376.88..377.12 rows=94 width=121)
	        Sort Key: c
	        ->  Index Scan using sbtest6_pkey on sbtest6  (cost=0.43..373.80 rows=94 width=121)
	              Index Cond: ((id >= 66032) AND (id <= 66131))

table 7 : explain SELECT DISTINCT c FROM sbtest7 WHERE id BETWEEN 4881950 AND 4882049 ORDER BY c
	Unique  (cost=400.56..401.06 rows=100 width=121)
	  ->  Sort  (cost=400.56..400.81 rows=100 width=121)
	        Sort Key: c
	        ->  Index Scan using sbtest7_pkey on sbtest7  (cost=0.43..397.24 rows=100 width=121)
	              Index Cond: ((id >= 4881950) AND (id <= 4882049))

table 8 : explain SELECT DISTINCT c FROM sbtest8 WHERE id BETWEEN 7727687 AND 7727786 ORDER BY c
	Unique  (cost=440.17..440.72 rows=110 width=121)
	  ->  Sort  (cost=440.17..440.45 rows=110 width=121)
	        Sort Key: c
	        ->  Index Scan using sbtest8_pkey on sbtest8  (cost=0.43..436.45 rows=110 width=121)
	              Index Cond: ((id >= 7727687) AND (id <= 7727786))

for: order_ranges
table 1 : explain SELECT c FROM sbtest1 WHERE id BETWEEN 1653685 AND 1653784 ORDER BY c
	Sort  (cost=436.38..436.65 rows=109 width=121)
	  Sort Key: c
	  ->  Index Scan using sbtest1_pkey on sbtest1  (cost=0.43..432.69 rows=109 width=121)
	        Index Cond: ((id >= 1653685) AND (id <= 1653784))

table 2 : explain SELECT c FROM sbtest2 WHERE id BETWEEN 156222 AND 156321 ORDER BY c
	Sort  (cost=401.50..401.75 rows=100 width=121)
	  Sort Key: c
	  ->  Index Scan using sbtest2_pkey on sbtest2  (cost=0.43..398.18 rows=100 width=121)
	        Index Cond: ((id >= 156222) AND (id <= 156321))

table 3 : explain SELECT c FROM sbtest3 WHERE id BETWEEN 7351712 AND 7351811 ORDER BY c
	Sort  (cost=420.60..420.87 rows=105 width=121)
	  Sort Key: c
	  ->  Index Scan using sbtest3_pkey on sbtest3  (cost=0.43..417.08 rows=105 width=121)
	        Index Cond: ((id >= 7351712) AND (id <= 7351811))

table 4 : explain SELECT c FROM sbtest4 WHERE id BETWEEN 8158130 AND 8158229 ORDER BY c
	Sort  (cost=398.64..398.89 rows=99 width=121)
	  Sort Key: c
	  ->  Index Scan using sbtest4_pkey on sbtest4  (cost=0.43..395.36 rows=99 width=121)
	        Index Cond: ((id >= 8158130) AND (id <= 8158229))

table 5 : explain SELECT c FROM sbtest5 WHERE id BETWEEN 3997023 AND 3997122 ORDER BY c
	Sort  (cost=401.15..401.40 rows=100 width=121)
	  Sort Key: c
	  ->  Index Scan using sbtest5_pkey on sbtest5  (cost=0.43..397.83 rows=100 width=121)
	        Index Cond: ((id >= 3997023) AND (id <= 3997122))

table 6 : explain SELECT c FROM sbtest6 WHERE id BETWEEN 4369501 AND 4369600 ORDER BY c
	Sort  (cost=404.66..404.91 rows=101 width=121)
	  Sort Key: c
	  ->  Index Scan using sbtest6_pkey on sbtest6  (cost=0.43..401.30 rows=101 width=121)
	        Index Cond: ((id >= 4369501) AND (id <= 4369600))

table 7 : explain SELECT c FROM sbtest7 WHERE id BETWEEN 5290287 AND 5290386 ORDER BY c
	Sort  (cost=368.80..369.03 rows=92 width=121)
	  Sort Key: c
	  ->  Index Scan using sbtest7_pkey on sbtest7  (cost=0.43..365.80 rows=92 width=121)
	        Index Cond: ((id >= 5290287) AND (id <= 5290386))

table 8 : explain SELECT c FROM sbtest8 WHERE id BETWEEN 2954340 AND 2954439 ORDER BY c
	Sort  (cost=384.64..384.88 rows=96 width=121)
	  Sort Key: c
	  ->  Index Scan using sbtest8_pkey on sbtest8  (cost=0.43..381.48 rows=96 width=121)
	        Index Cond: ((id >= 2954340) AND (id <= 2954439))

explain: for point_selects :: explain SELECT c FROM sbtest%u WHERE id=%u
for: sum_ranges
table 1 : explain SELECT SUM(k) FROM sbtest1 WHERE id BETWEEN 5296749 AND 5296848
	Aggregate  (cost=385.81..385.82 rows=1 width=8)
	  ->  Index Scan using sbtest1_pkey on sbtest1  (cost=0.43..385.56 rows=97 width=4)
	        Index Cond: ((id >= 5296749) AND (id <= 5296848))

table 2 : explain SELECT SUM(k) FROM sbtest2 WHERE id BETWEEN 4346093 AND 4346192
	Aggregate  (cost=394.49..394.50 rows=1 width=8)
	  ->  Index Scan using sbtest2_pkey on sbtest2  (cost=0.43..394.24 rows=99 width=4)
	        Index Cond: ((id >= 4346093) AND (id <= 4346192))

table 3 : explain SELECT SUM(k) FROM sbtest3 WHERE id BETWEEN 1332502 AND 1332601
	Aggregate  (cost=358.35..358.36 rows=1 width=8)
	  ->  Index Scan using sbtest3_pkey on sbtest3  (cost=0.43..358.13 rows=90 width=4)
	        Index Cond: ((id >= 1332502) AND (id <= 1332601))

table 4 : explain SELECT SUM(k) FROM sbtest4 WHERE id BETWEEN 6692395 AND 6692494
	Aggregate  (cost=383.76..383.77 rows=1 width=8)
	  ->  Index Scan using sbtest4_pkey on sbtest4  (cost=0.43..383.52 rows=96 width=4)
	        Index Cond: ((id >= 6692395) AND (id <= 6692494))

table 5 : explain SELECT SUM(k) FROM sbtest5 WHERE id BETWEEN 8714201 AND 8714300
	Aggregate  (cost=374.47..374.48 rows=1 width=8)
	  ->  Index Scan using sbtest5_pkey on sbtest5  (cost=0.43..374.24 rows=94 width=4)
	        Index Cond: ((id >= 8714201) AND (id <= 8714300))

table 6 : explain SELECT SUM(k) FROM sbtest6 WHERE id BETWEEN 7002667 AND 7002766
	Aggregate  (cost=377.97..377.98 rows=1 width=8)
	  ->  Index Scan using sbtest6_pkey on sbtest6  (cost=0.43..377.73 rows=95 width=4)
	        Index Cond: ((id >= 7002667) AND (id <= 7002766))

table 7 : explain SELECT SUM(k) FROM sbtest7 WHERE id BETWEEN 256978 AND 257077
	Aggregate  (cost=393.56..393.57 rows=1 width=8)
	  ->  Index Scan using sbtest7_pkey on sbtest7  (cost=0.43..393.31 rows=99 width=4)
	        Index Cond: ((id >= 256978) AND (id <= 257077))

table 8 : explain SELECT SUM(k) FROM sbtest8 WHERE id BETWEEN 4374720 AND 4374819
	Aggregate  (cost=405.29..405.30 rows=1 width=8)
	  ->  Index Scan using sbtest8_pkey on sbtest8  (cost=0.43..405.04 rows=102 width=4)
	        Index Cond: ((id >= 4374720) AND (id <= 4374819))

explain: for point_selects :: explain SELECT c FROM sbtest%u WHERE id=%u
for: simple_ranges
table 1 : explain SELECT c FROM sbtest1 WHERE id BETWEEN 7120202 AND 7120301
	Index Scan using sbtest1_pkey on sbtest1  (cost=0.43..397.35 rows=100 width=121)
	  Index Cond: ((id >= 7120202) AND (id <= 7120301))

table 2 : explain SELECT c FROM sbtest2 WHERE id BETWEEN 7766304 AND 7766403
	Index Scan using sbtest2_pkey on sbtest2  (cost=0.43..413.92 rows=104 width=121)
	  Index Cond: ((id >= 7766304) AND (id <= 7766403))

table 3 : explain SELECT c FROM sbtest3 WHERE id BETWEEN 3869877 AND 3869976
	Index Scan using sbtest3_pkey on sbtest3  (cost=0.43..409.22 rows=103 width=121)
	  Index Cond: ((id >= 3869877) AND (id <= 3869976))

table 4 : explain SELECT c FROM sbtest4 WHERE id BETWEEN 9056403 AND 9056502
	Index Scan using sbtest4_pkey on sbtest4  (cost=0.43..403.25 rows=101 width=121)
	  Index Cond: ((id >= 9056403) AND (id <= 9056502))

table 5 : explain SELECT c FROM sbtest5 WHERE id BETWEEN 8935247 AND 8935346
	Index Scan using sbtest5_pkey on sbtest5  (cost=0.43..382.10 rows=96 width=121)
	  Index Cond: ((id >= 8935247) AND (id <= 8935346))

table 6 : explain SELECT c FROM sbtest6 WHERE id BETWEEN 9025638 AND 9025737
	Index Scan using sbtest6_pkey on sbtest6  (cost=0.43..420.94 rows=106 width=121)
	  Index Cond: ((id >= 9025638) AND (id <= 9025737))

table 7 : explain SELECT c FROM sbtest7 WHERE id BETWEEN 6797103 AND 6797202
	Index Scan using sbtest7_pkey on sbtest7  (cost=0.43..409.02 rows=103 width=121)
	  Index Cond: ((id >= 6797103) AND (id <= 6797202))

table 8 : explain SELECT c FROM sbtest8 WHERE id BETWEEN 1051745 AND 1051844
	Index Scan using sbtest8_pkey on sbtest8  (cost=0.43..405.04 rows=102 width=121)
	  Index Cond: ((id >= 1051745) AND (id <= 1051844))

for point_selects
table 1 : explain SELECT c FROM sbtest1 WHERE id=5040690
	Index Scan using sbtest1_pkey on sbtest1  (cost=0.43..8.45 rows=1 width=121)
	  Index Cond: (id = 5040690)

table 2 : explain SELECT c FROM sbtest2 WHERE id=9119840
	Index Scan using sbtest2_pkey on sbtest2  (cost=0.43..8.45 rows=1 width=121)
	  Index Cond: (id = 9119840)

table 3 : explain SELECT c FROM sbtest3 WHERE id=2098032
	Index Scan using sbtest3_pkey on sbtest3  (cost=0.43..8.45 rows=1 width=121)
	  Index Cond: (id = 2098032)

table 4 : explain SELECT c FROM sbtest4 WHERE id=8754100
	Index Scan using sbtest4_pkey on sbtest4  (cost=0.43..8.45 rows=1 width=121)
	  Index Cond: (id = 8754100)

table 5 : explain SELECT c FROM sbtest5 WHERE id=3047485
	Index Scan using sbtest5_pkey on sbtest5  (cost=0.43..8.45 rows=1 width=121)
	  Index Cond: (id = 3047485)

table 6 : explain SELECT c FROM sbtest6 WHERE id=9745835
	Index Scan using sbtest6_pkey on sbtest6  (cost=0.43..8.45 rows=1 width=121)
	  Index Cond: (id = 9745835)

table 7 : explain SELECT c FROM sbtest7 WHERE id=7646384
	Index Scan using sbtest7_pkey on sbtest7  (cost=0.43..8.45 rows=1 width=121)
	  Index Cond: (id = 7646384)

table 8 : explain SELECT c FROM sbtest8 WHERE id=9125474
	Index Scan using sbtest8_pkey on sbtest8  (cost=0.43..8.45 rows=1 width=121)
	  Index Cond: (id = 9125474)

for: sum_ranges
table 1 : explain SELECT SUM(k) FROM sbtest1 WHERE id BETWEEN 5749541 AND 5749640
	Aggregate  (cost=342.55..342.56 rows=1 width=8)
	  ->  Index Scan using sbtest1_pkey on sbtest1  (cost=0.43..342.34 rows=86 width=4)
	        Index Cond: ((id >= 5749541) AND (id <= 5749640))

table 2 : explain SELECT SUM(k) FROM sbtest2 WHERE id BETWEEN 5963488 AND 5963587
	Aggregate  (cost=378.73..378.74 rows=1 width=8)
	  ->  Index Scan using sbtest2_pkey on sbtest2  (cost=0.43..378.50 rows=95 width=4)
	        Index Cond: ((id >= 5963488) AND (id <= 5963587))

table 3 : explain SELECT SUM(k) FROM sbtest3 WHERE id BETWEEN 6078014 AND 6078113
	Aggregate  (cost=381.96..381.97 rows=1 width=8)
	  ->  Index Scan using sbtest3_pkey on sbtest3  (cost=0.43..381.72 rows=96 width=4)
	        Index Cond: ((id >= 6078014) AND (id <= 6078113))

table 4 : explain SELECT SUM(k) FROM sbtest4 WHERE id BETWEEN 9168018 AND 9168117
	Aggregate  (cost=356.09..356.10 rows=1 width=8)
	  ->  Index Scan using sbtest4_pkey on sbtest4  (cost=0.43..355.87 rows=89 width=4)
	        Index Cond: ((id >= 9168018) AND (id <= 9168117))

table 5 : explain SELECT SUM(k) FROM sbtest5 WHERE id BETWEEN 2099466 AND 2099565
	Aggregate  (cost=413.82..413.83 rows=1 width=8)
	  ->  Index Scan using sbtest5_pkey on sbtest5  (cost=0.43..413.56 rows=104 width=4)
	        Index Cond: ((id >= 2099466) AND (id <= 2099565))

table 6 : explain SELECT SUM(k) FROM sbtest6 WHERE id BETWEEN 8048825 AND 8048924
	Aggregate  (cost=417.27..417.28 rows=1 width=8)
	  ->  Index Scan using sbtest6_pkey on sbtest6  (cost=0.43..417.01 rows=105 width=4)
	        Index Cond: ((id >= 8048825) AND (id <= 8048924))

table 7 : explain SELECT SUM(k) FROM sbtest7 WHERE id BETWEEN 6944536 AND 6944635
	Aggregate  (cost=405.35..405.36 rows=1 width=8)
	  ->  Index Scan using sbtest7_pkey on sbtest7  (cost=0.43..405.09 rows=102 width=4)
	        Index Cond: ((id >= 6944536) AND (id <= 6944635))

table 8 : explain SELECT SUM(k) FROM sbtest8 WHERE id BETWEEN 3812150 AND 3812249
	Aggregate  (cost=377.79..377.80 rows=1 width=8)
	  ->  Index Scan using sbtest8_pkey on sbtest8  (cost=0.43..377.56 rows=95 width=4)
	        Index Cond: ((id >= 3812150) AND (id <= 3812249))

for: order_ranges
table 1 : explain SELECT c FROM sbtest1 WHERE id BETWEEN 538034 AND 538133 ORDER BY c
	Sort  (cost=360.97..361.19 rows=90 width=121)
	  Sort Key: c
	  ->  Index Scan using sbtest1_pkey on sbtest1  (cost=0.43..358.05 rows=90 width=121)
	        Index Cond: ((id >= 538034) AND (id <= 538133))

table 2 : explain SELECT c FROM sbtest2 WHERE id BETWEEN 3174452 AND 3174551 ORDER BY c
	Sort  (cost=441.27..441.54 rows=110 width=121)
	  Sort Key: c
	  ->  Index Scan using sbtest2_pkey on sbtest2  (cost=0.43..437.54 rows=110 width=121)
	        Index Cond: ((id >= 3174452) AND (id <= 3174551))

table 3 : explain SELECT c FROM sbtest3 WHERE id BETWEEN 1908697 AND 1908796 ORDER BY c
	Sort  (cost=388.85..389.09 rows=97 width=121)
	  Sort Key: c
	  ->  Index Scan using sbtest3_pkey on sbtest3  (cost=0.43..385.65 rows=97 width=121)
	        Index Cond: ((id >= 1908697) AND (id <= 1908796))

table 4 : explain SELECT c FROM sbtest4 WHERE id BETWEEN 2118789 AND 2118888 ORDER BY c
	Sort  (cost=402.63..402.88 rows=100 width=121)
	  Sort Key: c
	  ->  Index Scan using sbtest4_pkey on sbtest4  (cost=0.43..399.31 rows=100 width=121)
	        Index Cond: ((id >= 2118789) AND (id <= 2118888))

table 5 : explain SELECT c FROM sbtest5 WHERE id BETWEEN 8575394 AND 8575493 ORDER BY c
	Sort  (cost=464.73..465.02 rows=116 width=121)
	  Sort Key: c
	  ->  Index Scan using sbtest5_pkey on sbtest5  (cost=0.43..460.75 rows=116 width=121)
	        Index Cond: ((id >= 8575394) AND (id <= 8575493))

table 6 : explain SELECT c FROM sbtest6 WHERE id BETWEEN 4207198 AND 4207297 ORDER BY c
	Sort  (cost=400.69..400.94 rows=100 width=121)
	  Sort Key: c
	  ->  Index Scan using sbtest6_pkey on sbtest6  (cost=0.43..397.37 rows=100 width=121)
	        Index Cond: ((id >= 4207198) AND (id <= 4207297))

table 7 : explain SELECT c FROM sbtest7 WHERE id BETWEEN 1527349 AND 1527448 ORDER BY c
	Sort  (cost=384.69..384.93 rows=96 width=121)
	  Sort Key: c
	  ->  Index Scan using sbtest7_pkey on sbtest7  (cost=0.43..381.53 rows=96 width=121)
	        Index Cond: ((id >= 1527349) AND (id <= 1527448))

table 8 : explain SELECT c FROM sbtest8 WHERE id BETWEEN 9919674 AND 9919773 ORDER BY c
	Sort  (cost=364.79..365.02 rows=91 width=121)
	  Sort Key: c
	  ->  Index Scan using sbtest8_pkey on sbtest8  (cost=0.43..361.83 rows=91 width=121)
	        Index Cond: ((id >= 9919674) AND (id <= 9919773))

explain: for point_selects :: explain SELECT c FROM sbtest%u WHERE id=%u
for: simple_ranges
table 1 : explain SELECT c FROM sbtest1 WHERE id BETWEEN 8218117 AND 8218216
	Index Scan using sbtest1_pkey on sbtest1  (cost=0.43..432.69 rows=109 width=121)
	  Index Cond: ((id >= 8218117) AND (id <= 8218216))

table 2 : explain SELECT c FROM sbtest2 WHERE id BETWEEN 2678102 AND 2678201
	Index Scan using sbtest2_pkey on sbtest2  (cost=0.43..406.05 rows=102 width=121)
	  Index Cond: ((id >= 2678102) AND (id <= 2678201))

table 3 : explain SELECT c FROM sbtest3 WHERE id BETWEEN 2894777 AND 2894876
	Index Scan using sbtest3_pkey on sbtest3  (cost=0.43..365.99 rows=92 width=121)
	  Index Cond: ((id >= 2894777) AND (id <= 2894876))

table 4 : explain SELECT c FROM sbtest4 WHERE id BETWEEN 4684448 AND 4684547
	Index Scan using sbtest4_pkey on sbtest4  (cost=0.43..379.57 rows=95 width=121)
	  Index Cond: ((id >= 4684448) AND (id <= 4684547))

table 5 : explain SELECT c FROM sbtest5 WHERE id BETWEEN 178885 AND 178984
	Index Scan using sbtest5_pkey on sbtest5  (cost=0.43..441.09 rows=111 width=121)
	  Index Cond: ((id >= 178885) AND (id <= 178984))

table 6 : explain SELECT c FROM sbtest6 WHERE id BETWEEN 2432570 AND 2432669
	Index Scan using sbtest6_pkey on sbtest6  (cost=0.43..413.08 rows=104 width=121)
	  Index Cond: ((id >= 2432570) AND (id <= 2432669))

table 7 : explain SELECT c FROM sbtest7 WHERE id BETWEEN 3737408 AND 3737507
	Index Scan using sbtest7_pkey on sbtest7  (cost=0.43..412.94 rows=104 width=121)
	  Index Cond: ((id >= 3737408) AND (id <= 3737507))

table 8 : explain SELECT c FROM sbtest8 WHERE id BETWEEN 5238912 AND 5239011
	Index Scan using sbtest8_pkey on sbtest8  (cost=0.43..408.96 rows=103 width=121)
	  Index Cond: ((id >= 5238912) AND (id <= 5239011))

for: distinct_ranges
table 1 : explain SELECT DISTINCT c FROM sbtest1 WHERE id BETWEEN 4866377 AND 4866476 ORDER BY c
	Unique  (cost=353.04..353.48 rows=88 width=121)
	  ->  Sort  (cost=353.04..353.26 rows=88 width=121)
	        Sort Key: c
	        ->  Index Scan using sbtest1_pkey on sbtest1  (cost=0.43..350.19 rows=88 width=121)
	              Index Cond: ((id >= 4866377) AND (id <= 4866476))

table 2 : explain SELECT DISTINCT c FROM sbtest2 WHERE id BETWEEN 4979285 AND 4979384 ORDER BY c
	Unique  (cost=433.31..433.85 rows=108 width=121)
	  ->  Sort  (cost=433.31..433.58 rows=108 width=121)
	        Sort Key: c
	        ->  Index Scan using sbtest2_pkey on sbtest2  (cost=0.43..429.66 rows=108 width=121)
	              Index Cond: ((id >= 4979285) AND (id <= 4979384))

table 3 : explain SELECT DISTINCT c FROM sbtest3 WHERE id BETWEEN 7441195 AND 7441294 ORDER BY c
	Unique  (cost=428.54..429.08 rows=107 width=121)
	  ->  Sort  (cost=428.54..428.81 rows=107 width=121)
	        Sort Key: c
	        ->  Index Scan using sbtest3_pkey on sbtest3  (cost=0.43..424.94 rows=107 width=121)
	              Index Cond: ((id >= 7441195) AND (id <= 7441294))

table 4 : explain SELECT DISTINCT c FROM sbtest4 WHERE id BETWEEN 8146302 AND 8146401 ORDER BY c
	Unique  (cost=398.64..399.14 rows=99 width=121)
	  ->  Sort  (cost=398.64..398.89 rows=99 width=121)
	        Sort Key: c
	        ->  Index Scan using sbtest4_pkey on sbtest4  (cost=0.43..395.36 rows=99 width=121)
	              Index Cond: ((id >= 8146302) AND (id <= 8146401))

table 5 : explain SELECT DISTINCT c FROM sbtest5 WHERE id BETWEEN 2884407 AND 2884506 ORDER BY c
	Unique  (cost=385.26..385.74 rows=96 width=121)
	  ->  Sort  (cost=385.26..385.50 rows=96 width=121)
	        Sort Key: c
	        ->  Index Scan using sbtest5_pkey on sbtest5  (cost=0.43..382.10 rows=96 width=121)
	              Index Cond: ((id >= 2884407) AND (id <= 2884506))

table 6 : explain SELECT DISTINCT c FROM sbtest6 WHERE id BETWEEN 9269368 AND 9269467 ORDER BY c
	Unique  (cost=424.50..425.03 rows=106 width=121)
	  ->  Sort  (cost=424.50..424.77 rows=106 width=121)
	        Sort Key: c
	        ->  Index Scan using sbtest6_pkey on sbtest6  (cost=0.43..420.94 rows=106 width=121)
	              Index Cond: ((id >= 9269368) AND (id <= 9269467))

table 7 : explain SELECT DISTINCT c FROM sbtest7 WHERE id BETWEEN 8553565 AND 8553664 ORDER BY c
	Unique  (cost=376.76..377.23 rows=94 width=121)
	  ->  Sort  (cost=376.76..377.00 rows=94 width=121)
	        Sort Key: c
	        ->  Index Scan using sbtest7_pkey on sbtest7  (cost=0.43..373.68 rows=94 width=121)
	              Index Cond: ((id >= 8553565) AND (id <= 8553664))

table 8 : explain SELECT DISTINCT c FROM sbtest8 WHERE id BETWEEN 1077071 AND 1077170 ORDER BY c
	Unique  (cost=380.68..381.15 rows=95 width=121)
	  ->  Sort  (cost=380.68..380.92 rows=95 width=121)
	        Sort Key: c
	        ->  Index Scan using sbtest8_pkey on sbtest8  (cost=0.43..377.56 rows=95 width=121)
	              Index Cond: ((id >= 1077071) AND (id <= 1077170))

for: sum_ranges
table 1 : explain SELECT SUM(k) FROM sbtest1 WHERE id BETWEEN 9587158 AND 9587257
	Aggregate  (cost=385.81..385.82 rows=1 width=8)
	  ->  Index Scan using sbtest1_pkey on sbtest1  (cost=0.43..385.56 rows=97 width=4)
	        Index Cond: ((id >= 9587158) AND (id <= 9587257))

table 2 : explain SELECT SUM(k) FROM sbtest2 WHERE id BETWEEN 5015481 AND 5015580
	Aggregate  (cost=429.93..429.94 rows=1 width=8)
	  ->  Index Scan using sbtest2_pkey on sbtest2  (cost=0.43..429.66 rows=108 width=4)
	        Index Cond: ((id >= 5015481) AND (id <= 5015580))

table 3 : explain SELECT SUM(k) FROM sbtest3 WHERE id BETWEEN 1615026 AND 1615125
	Aggregate  (cost=393.76..393.77 rows=1 width=8)
	  ->  Index Scan using sbtest3_pkey on sbtest3  (cost=0.43..393.51 rows=99 width=4)
	        Index Cond: ((id >= 1615026) AND (id <= 1615125))

table 4 : explain SELECT SUM(k) FROM sbtest4 WHERE id BETWEEN 2487672 AND 2487771
	Aggregate  (cost=439.06..439.07 rows=1 width=8)
	  ->  Index Scan using sbtest4_pkey on sbtest4  (cost=0.43..438.78 rows=110 width=4)
	        Index Cond: ((id >= 2487672) AND (id <= 2487771))

table 5 : explain SELECT SUM(k) FROM sbtest5 WHERE id BETWEEN 4955602 AND 4955701
	Aggregate  (cost=449.24..449.25 rows=1 width=8)
	  ->  Index Scan using sbtest5_pkey on sbtest5  (cost=0.43..448.95 rows=113 width=4)
	        Index Cond: ((id >= 4955602) AND (id <= 4955701))

table 6 : explain SELECT SUM(k) FROM sbtest6 WHERE id BETWEEN 174239 AND 174338
	Aggregate  (cost=417.27..417.28 rows=1 width=8)
	  ->  Index Scan using sbtest6_pkey on sbtest6  (cost=0.43..417.01 rows=105 width=4)
	        Index Cond: ((id >= 174239) AND (id <= 174338))

table 7 : explain SELECT SUM(k) FROM sbtest7 WHERE id BETWEEN 9684846 AND 9684945
	Aggregate  (cost=405.35..405.36 rows=1 width=8)
	  ->  Index Scan using sbtest7_pkey on sbtest7  (cost=0.43..405.09 rows=102 width=4)
	        Index Cond: ((id >= 9684846) AND (id <= 9684945))

table 8 : explain SELECT SUM(k) FROM sbtest8 WHERE id BETWEEN 9559032 AND 9559131
	Aggregate  (cost=421.01..421.02 rows=1 width=8)
	  ->  Index Scan using sbtest8_pkey on sbtest8  (cost=0.43..420.74 rows=106 width=4)
	        Index Cond: ((id >= 9559032) AND (id <= 9559131))

for: distinct_ranges
table 1 : explain SELECT DISTINCT c FROM sbtest1 WHERE id BETWEEN 6330350 AND 6330449 ORDER BY c
	Unique  (cost=428.45..428.98 rows=107 width=121)
	  ->  Sort  (cost=428.45..428.71 rows=107 width=121)
	        Sort Key: c
	        ->  Index Scan using sbtest1_pkey on sbtest1  (cost=0.43..424.84 rows=107 width=121)
	              Index Cond: ((id >= 6330350) AND (id <= 6330449))

table 2 : explain SELECT DISTINCT c FROM sbtest2 WHERE id BETWEEN 2987144 AND 2987243 ORDER BY c
	Unique  (cost=405.48..405.98 rows=101 width=121)
	  ->  Sort  (cost=405.48..405.73 rows=101 width=121)
	        Sort Key: c
	        ->  Index Scan using sbtest2_pkey on sbtest2  (cost=0.43..402.11 rows=101 width=121)
	              Index Cond: ((id >= 2987144) AND (id <= 2987243))

table 3 : explain SELECT DISTINCT c FROM sbtest3 WHERE id BETWEEN 7617477 AND 7617576 ORDER BY c
	Unique  (cost=428.54..429.08 rows=107 width=121)
	  ->  Sort  (cost=428.54..428.81 rows=107 width=121)
	        Sort Key: c
	        ->  Index Scan using sbtest3_pkey on sbtest3  (cost=0.43..424.94 rows=107 width=121)
	              Index Cond: ((id >= 7617477) AND (id <= 7617576))

table 4 : explain SELECT DISTINCT c FROM sbtest4 WHERE id BETWEEN 5179064 AND 5179163 ORDER BY c
	Unique  (cost=378.70..379.17 rows=94 width=121)
	  ->  Sort  (cost=378.70..378.94 rows=94 width=121)
	        Sort Key: c
	        ->  Index Scan using sbtest4_pkey on sbtest4  (cost=0.43..375.62 rows=94 width=121)
	              Index Cond: ((id >= 5179064) AND (id <= 5179163))

table 5 : explain SELECT DISTINCT c FROM sbtest5 WHERE id BETWEEN 880554 AND 880653 ORDER BY c
	Unique  (cost=393.21..393.70 rows=98 width=121)
	  ->  Sort  (cost=393.21..393.45 rows=98 width=121)
	        Sort Key: c
	        ->  Index Scan using sbtest5_pkey on sbtest5  (cost=0.43..389.97 rows=98 width=121)
	              Index Cond: ((id >= 880554) AND (id <= 880653))

table 6 : explain SELECT DISTINCT c FROM sbtest6 WHERE id BETWEEN 6519518 AND 6519617 ORDER BY c
	Unique  (cost=404.66..405.17 rows=101 width=121)
	  ->  Sort  (cost=404.66..404.91 rows=101 width=121)
	        Sort Key: c
	        ->  Index Scan using sbtest6_pkey on sbtest6  (cost=0.43..401.30 rows=101 width=121)
	              Index Cond: ((id >= 6519518) AND (id <= 6519617))

table 7 : explain SELECT DISTINCT c FROM sbtest7 WHERE id BETWEEN 410958 AND 411057 ORDER BY c
	Unique  (cost=404.53..405.03 rows=101 width=121)
	  ->  Sort  (cost=404.53..404.78 rows=101 width=121)
	        Sort Key: c
	        ->  Index Scan using sbtest7_pkey on sbtest7  (cost=0.43..401.16 rows=101 width=121)
	              Index Cond: ((id >= 410958) AND (id <= 411057))

table 8 : explain SELECT DISTINCT c FROM sbtest8 WHERE id BETWEEN 8922200 AND 8922299 ORDER BY c
	Unique  (cost=424.31..424.84 rows=106 width=121)
	  ->  Sort  (cost=424.31..424.57 rows=106 width=121)
	        Sort Key: c
	        ->  Index Scan using sbtest8_pkey on sbtest8  (cost=0.43..420.74 rows=106 width=121)
	              Index Cond: ((id >= 8922200) AND (id <= 8922299))

for: order_ranges
table 1 : explain SELECT c FROM sbtest1 WHERE id BETWEEN 6741188 AND 6741287 ORDER BY c
	Sort  (cost=416.54..416.80 rows=104 width=121)
	  Sort Key: c
	  ->  Index Scan using sbtest1_pkey on sbtest1  (cost=0.43..413.06 rows=104 width=121)
	        Index Cond: ((id >= 6741188) AND (id <= 6741287))

table 2 : explain SELECT c FROM sbtest2 WHERE id BETWEEN 4205874 AND 4205973 ORDER BY c
	Sort  (cost=397.52..397.77 rows=99 width=121)
	  Sort Key: c
	  ->  Index Scan using sbtest2_pkey on sbtest2  (cost=0.43..394.24 rows=99 width=121)
	        Index Cond: ((id >= 4205874) AND (id <= 4205973))

table 3 : explain SELECT c FROM sbtest3 WHERE id BETWEEN 9084504 AND 9084603 ORDER BY c
	Sort  (cost=388.85..389.09 rows=97 width=121)
	  Sort Key: c
	  ->  Index Scan using sbtest3_pkey on sbtest3  (cost=0.43..385.65 rows=97 width=121)
	        Index Cond: ((id >= 9084504) AND (id <= 9084603))

table 4 : explain SELECT c FROM sbtest4 WHERE id BETWEEN 7289941 AND 7290040 ORDER BY c
	Sort  (cost=398.64..398.89 rows=99 width=121)
	  Sort Key: c
	  ->  Index Scan using sbtest4_pkey on sbtest4  (cost=0.43..395.36 rows=99 width=121)
	        Index Cond: ((id >= 7289941) AND (id <= 7290040))

table 5 : explain SELECT c FROM sbtest5 WHERE id BETWEEN 1693302 AND 1693401 ORDER BY c
	Sort  (cost=421.02..421.28 rows=105 width=121)
	  Sort Key: c
	  ->  Index Scan using sbtest5_pkey on sbtest5  (cost=0.43..417.49 rows=105 width=121)
	        Index Cond: ((id >= 1693302) AND (id <= 1693401))

table 6 : explain SELECT c FROM sbtest6 WHERE id BETWEEN 8332321 AND 8332420 ORDER BY c
	Sort  (cost=392.76..393.00 rows=98 width=121)
	  Sort Key: c
	  ->  Index Scan using sbtest6_pkey on sbtest6  (cost=0.43..389.51 rows=98 width=121)
	        Index Cond: ((id >= 8332321) AND (id <= 8332420))

table 7 : explain SELECT c FROM sbtest7 WHERE id BETWEEN 9609438 AND 9609537 ORDER BY c
	Sort  (cost=408.49..408.75 rows=102 width=121)
	  Sort Key: c
	  ->  Index Scan using sbtest7_pkey on sbtest7  (cost=0.43..405.09 rows=102 width=121)
	        Index Cond: ((id >= 9609438) AND (id <= 9609537))

table 8 : explain SELECT c FROM sbtest8 WHERE id BETWEEN 8878447 AND 8878546 ORDER BY c
	Sort  (cost=408.44..408.70 rows=102 width=121)
	  Sort Key: c
	  ->  Index Scan using sbtest8_pkey on sbtest8  (cost=0.43..405.04 rows=102 width=121)
	        Index Cond: ((id >= 8878447) AND (id <= 8878546))

for: order_ranges
table 1 : explain SELECT c FROM sbtest1 WHERE id BETWEEN 1565602 AND 1565701 ORDER BY c
	Sort  (cost=440.35..440.63 rows=110 width=121)
	  Sort Key: c
	  ->  Index Scan using sbtest1_pkey on sbtest1  (cost=0.43..436.62 rows=110 width=121)
	        Index Cond: ((id >= 1565602) AND (id <= 1565701))

table 2 : explain SELECT c FROM sbtest2 WHERE id BETWEEN 7524500 AND 7524599 ORDER BY c
	Sort  (cost=405.48..405.73 rows=101 width=121)
	  Sort Key: c
	  ->  Index Scan using sbtest2_pkey on sbtest2  (cost=0.43..402.11 rows=101 width=121)
	        Index Cond: ((id >= 7524500) AND (id <= 7524599))

table 3 : explain SELECT c FROM sbtest3 WHERE id BETWEEN 3057092 AND 3057191 ORDER BY c
	Sort  (cost=396.79..397.04 rows=99 width=121)
	  Sort Key: c
	  ->  Index Scan using sbtest3_pkey on sbtest3  (cost=0.43..393.51 rows=99 width=121)
	        Index Cond: ((id >= 3057092) AND (id <= 3057191))

table 4 : explain SELECT c FROM sbtest4 WHERE id BETWEEN 6053803 AND 6053902 ORDER BY c
	Sort  (cost=406.62..406.87 rows=101 width=121)
	  Sort Key: c
	  ->  Index Scan using sbtest4_pkey on sbtest4  (cost=0.43..403.25 rows=101 width=121)
	        Index Cond: ((id >= 6053803) AND (id <= 6053902))

table 5 : explain SELECT c FROM sbtest5 WHERE id BETWEEN 8320466 AND 8320565 ORDER BY c
	Sort  (cost=424.99..425.26 rows=106 width=121)
	  Sort Key: c
	  ->  Index Scan using sbtest5_pkey on sbtest5  (cost=0.43..421.43 rows=106 width=121)
	        Index Cond: ((id >= 8320466) AND (id <= 8320565))

table 6 : explain SELECT c FROM sbtest6 WHERE id BETWEEN 5839429 AND 5839528 ORDER BY c
	Sort  (cost=353.06..353.28 rows=88 width=121)
	  Sort Key: c
	  ->  Index Scan using sbtest6_pkey on sbtest6  (cost=0.43..350.21 rows=88 width=121)
	        Index Cond: ((id >= 5839429) AND (id <= 5839528))

table 7 : explain SELECT c FROM sbtest7 WHERE id BETWEEN 7435728 AND 7435827 ORDER BY c
	Sort  (cost=380.73..380.96 rows=95 width=121)
	  Sort Key: c
	  ->  Index Scan using sbtest7_pkey on sbtest7  (cost=0.43..377.61 rows=95 width=121)
	        Index Cond: ((id >= 7435728) AND (id <= 7435827))

table 8 : explain SELECT c FROM sbtest8 WHERE id BETWEEN 2712944 AND 2713043 ORDER BY c
	Sort  (cost=364.79..365.02 rows=91 width=121)
	  Sort Key: c
	  ->  Index Scan using sbtest8_pkey on sbtest8  (cost=0.43..361.83 rows=91 width=121)
	        Index Cond: ((id >= 2712944) AND (id <= 2713043))

for point_selects
table 1 : explain SELECT c FROM sbtest1 WHERE id=8200107
	Index Scan using sbtest1_pkey on sbtest1  (cost=0.43..8.45 rows=1 width=121)
	  Index Cond: (id = 8200107)

table 2 : explain SELECT c FROM sbtest2 WHERE id=5702594
	Index Scan using sbtest2_pkey on sbtest2  (cost=0.43..8.45 rows=1 width=121)
	  Index Cond: (id = 5702594)

table 3 : explain SELECT c FROM sbtest3 WHERE id=2679577
	Index Scan using sbtest3_pkey on sbtest3  (cost=0.43..8.45 rows=1 width=121)
	  Index Cond: (id = 2679577)

table 4 : explain SELECT c FROM sbtest4 WHERE id=7116538
	Index Scan using sbtest4_pkey on sbtest4  (cost=0.43..8.45 rows=1 width=121)
	  Index Cond: (id = 7116538)

table 5 : explain SELECT c FROM sbtest5 WHERE id=7404435
	Index Scan using sbtest5_pkey on sbtest5  (cost=0.43..8.45 rows=1 width=121)
	  Index Cond: (id = 7404435)

table 6 : explain SELECT c FROM sbtest6 WHERE id=1065286
	Index Scan using sbtest6_pkey on sbtest6  (cost=0.43..8.45 rows=1 width=121)
	  Index Cond: (id = 1065286)

table 7 : explain SELECT c FROM sbtest7 WHERE id=2963857
	Index Scan using sbtest7_pkey on sbtest7  (cost=0.43..8.45 rows=1 width=121)
	  Index Cond: (id = 2963857)

table 8 : explain SELECT c FROM sbtest8 WHERE id=3785826
	Index Scan using sbtest8_pkey on sbtest8  (cost=0.43..8.45 rows=1 width=121)
	  Index Cond: (id = 3785826)

explain: for point_selects :: explain SELECT c FROM sbtest%u WHERE id=%u
for: sum_ranges
table 1 : explain SELECT SUM(k) FROM sbtest1 WHERE id BETWEEN 3208940 AND 3209039
	Aggregate  (cost=409.39..409.40 rows=1 width=8)
	  ->  Index Scan using sbtest1_pkey on sbtest1  (cost=0.43..409.13 rows=103 width=4)
	        Index Cond: ((id >= 3208940) AND (id <= 3209039))

table 2 : explain SELECT SUM(k) FROM sbtest2 WHERE id BETWEEN 6695728 AND 6695827
	Aggregate  (cost=362.96..362.97 rows=1 width=8)
	  ->  Index Scan using sbtest2_pkey on sbtest2  (cost=0.43..362.73 rows=91 width=4)
	        Index Cond: ((id >= 6695728) AND (id <= 6695827))

table 3 : explain SELECT SUM(k) FROM sbtest3 WHERE id BETWEEN 8310427 AND 8310526
	Aggregate  (cost=358.35..358.36 rows=1 width=8)
	  ->  Index Scan using sbtest3_pkey on sbtest3  (cost=0.43..358.13 rows=90 width=4)
	        Index Cond: ((id >= 8310427) AND (id <= 8310526))

table 4 : explain SELECT SUM(k) FROM sbtest4 WHERE id BETWEEN 1179172 AND 1179271
	Aggregate  (cost=435.11..435.12 rows=1 width=8)
	  ->  Index Scan using sbtest4_pkey on sbtest4  (cost=0.43..434.83 rows=109 width=4)
	        Index Cond: ((id >= 1179172) AND (id <= 1179271))

table 5 : explain SELECT SUM(k) FROM sbtest5 WHERE id BETWEEN 1054937 AND 1055036
	Aggregate  (cost=390.21..390.22 rows=1 width=8)
	  ->  Index Scan using sbtest5_pkey on sbtest5  (cost=0.43..389.97 rows=98 width=4)
	        Index Cond: ((id >= 1054937) AND (id <= 1055036))

table 6 : explain SELECT SUM(k) FROM sbtest6 WHERE id BETWEEN 4268573 AND 4268672
	Aggregate  (cost=397.62..397.63 rows=1 width=8)
	  ->  Index Scan using sbtest6_pkey on sbtest6  (cost=0.43..397.37 rows=100 width=4)
	        Index Cond: ((id >= 4268573) AND (id <= 4268672))

table 7 : explain SELECT SUM(k) FROM sbtest7 WHERE id BETWEEN 7770976 AND 7771075
	Aggregate  (cost=373.91..373.92 rows=1 width=8)
	  ->  Index Scan using sbtest7_pkey on sbtest7  (cost=0.43..373.68 rows=94 width=4)
	        Index Cond: ((id >= 7770976) AND (id <= 7771075))

table 8 : explain SELECT SUM(k) FROM sbtest8 WHERE id BETWEEN 4693666 AND 4693765
	Aggregate  (cost=409.22..409.23 rows=1 width=8)
	  ->  Index Scan using sbtest8_pkey on sbtest8  (cost=0.43..408.96 rows=103 width=4)
	        Index Cond: ((id >= 4693666) AND (id <= 4693765))

for: order_ranges
table 1 : explain SELECT c FROM sbtest1 WHERE id BETWEEN 1082991 AND 1083090 ORDER BY c
	Sort  (cost=432.41..432.68 rows=108 width=121)
	  Sort Key: c
	  ->  Index Scan using sbtest1_pkey on sbtest1  (cost=0.43..428.77 rows=108 width=121)
	        Index Cond: ((id >= 1082991) AND (id <= 1083090))

table 2 : explain SELECT c FROM sbtest2 WHERE id BETWEEN 2423588 AND 2423687 ORDER BY c
	Sort  (cost=393.55..393.79 rows=98 width=121)
	  Sort Key: c
	  ->  Index Scan using sbtest2_pkey on sbtest2  (cost=0.43..390.31 rows=98 width=121)
	        Index Cond: ((id >= 2423588) AND (id <= 2423687))

table 3 : explain SELECT c FROM sbtest3 WHERE id BETWEEN 526179 AND 526278 ORDER BY c
	Sort  (cost=380.92..381.15 rows=95 width=121)
	  Sort Key: c
	  ->  Index Scan using sbtest3_pkey on sbtest3  (cost=0.43..377.79 rows=95 width=121)
	        Index Cond: ((id >= 526179) AND (id <= 526278))

table 4 : explain SELECT c FROM sbtest4 WHERE id BETWEEN 8599203 AND 8599302 ORDER BY c
	Sort  (cost=422.57..422.83 rows=105 width=121)
	  Sort Key: c
	  ->  Index Scan using sbtest4_pkey on sbtest4  (cost=0.43..419.04 rows=105 width=121)
	        Index Cond: ((id >= 8599203) AND (id <= 8599302))

table 5 : explain SELECT c FROM sbtest5 WHERE id BETWEEN 3231014 AND 3231113 ORDER BY c
	Sort  (cost=413.07..413.33 rows=103 width=121)
	  Sort Key: c
	  ->  Index Scan using sbtest5_pkey on sbtest5  (cost=0.43..409.63 rows=103 width=121)
	        Index Cond: ((id >= 3231014) AND (id <= 3231113))

table 6 : explain SELECT c FROM sbtest6 WHERE id BETWEEN 4575284 AND 4575383 ORDER BY c
	Sort  (cost=404.66..404.91 rows=101 width=121)
	  Sort Key: c
	  ->  Index Scan using sbtest6_pkey on sbtest6  (cost=0.43..401.30 rows=101 width=121)
	        Index Cond: ((id >= 4575284) AND (id <= 4575383))

table 7 : explain SELECT c FROM sbtest7 WHERE id BETWEEN 6654162 AND 6654261 ORDER BY c
	Sort  (cost=400.56..400.81 rows=100 width=121)
	  Sort Key: c
	  ->  Index Scan using sbtest7_pkey on sbtest7  (cost=0.43..397.24 rows=100 width=121)
	        Index Cond: ((id >= 6654162) AND (id <= 6654261))

table 8 : explain SELECT c FROM sbtest8 WHERE id BETWEEN 5764528 AND 5764627 ORDER BY c
	Sort  (cost=424.31..424.57 rows=106 width=121)
	  Sort Key: c
	  ->  Index Scan using sbtest8_pkey on sbtest8  (cost=0.43..420.74 rows=106 width=121)
	        Index Cond: ((id >= 5764528) AND (id <= 5764627))

explain: for point_selects :: explain SELECT c FROM sbtest%u WHERE id=%u
explain: for point_selects :: explain SELECT c FROM sbtest%u WHERE id=%u
for: sum_ranges
table 1 : explain SELECT SUM(k) FROM sbtest1 WHERE id BETWEEN 7913991 AND 7914090
	Aggregate  (cost=397.60..397.61 rows=1 width=8)
	  ->  Index Scan using sbtest1_pkey on sbtest1  (cost=0.43..397.35 rows=100 width=4)
	        Index Cond: ((id >= 7913991) AND (id <= 7914090))

table 2 : explain SELECT SUM(k) FROM sbtest2 WHERE id BETWEEN 4167625 AND 4167724
	Aggregate  (cost=394.49..394.50 rows=1 width=8)
	  ->  Index Scan using sbtest2_pkey on sbtest2  (cost=0.43..394.24 rows=99 width=4)
	        Index Cond: ((id >= 4167625) AND (id <= 4167724))

table 3 : explain SELECT SUM(k) FROM sbtest3 WHERE id BETWEEN 156140 AND 156239
	Aggregate  (cost=378.03..378.04 rows=1 width=8)
	  ->  Index Scan using sbtest3_pkey on sbtest3  (cost=0.43..377.79 rows=95 width=4)
	        Index Cond: ((id >= 156140) AND (id <= 156239))

table 4 : explain SELECT SUM(k) FROM sbtest4 WHERE id BETWEEN 1308859 AND 1308958
	Aggregate  (cost=371.89..371.90 rows=1 width=8)
	  ->  Index Scan using sbtest4_pkey on sbtest4  (cost=0.43..371.66 rows=93 width=4)
	        Index Cond: ((id >= 1308859) AND (id <= 1308958))

table 5 : explain SELECT SUM(k) FROM sbtest5 WHERE id BETWEEN 3556658 AND 3556757
	Aggregate  (cost=362.65..362.66 rows=1 width=8)
	  ->  Index Scan using sbtest5_pkey on sbtest5  (cost=0.43..362.42 rows=91 width=4)
	        Index Cond: ((id >= 3556658) AND (id <= 3556757))

table 6 : explain SELECT SUM(k) FROM sbtest6 WHERE id BETWEEN 468519 AND 468618
	Aggregate  (cost=409.41..409.42 rows=1 width=8)
	  ->  Index Scan using sbtest6_pkey on sbtest6  (cost=0.43..409.15 rows=103 width=4)
	        Index Cond: ((id >= 468519) AND (id <= 468618))

table 7 : explain SELECT SUM(k) FROM sbtest7 WHERE id BETWEEN 4184986 AND 4185085
	Aggregate  (cost=417.13..417.14 rows=1 width=8)
	  ->  Index Scan using sbtest7_pkey on sbtest7  (cost=0.43..416.87 rows=105 width=4)
	        Index Cond: ((id >= 4184986) AND (id <= 4185085))

table 8 : explain SELECT SUM(k) FROM sbtest8 WHERE id BETWEEN 9377200 AND 9377299
	Aggregate  (cost=389.58..389.59 rows=1 width=8)
	  ->  Index Scan using sbtest8_pkey on sbtest8  (cost=0.43..389.33 rows=98 width=4)
	        Index Cond: ((id >= 9377200) AND (id <= 9377299))

for: distinct_ranges
table 1 : explain SELECT DISTINCT c FROM sbtest1 WHERE id BETWEEN 9532407 AND 9532506 ORDER BY c
	Unique  (cost=388.76..389.25 rows=97 width=121)
	  ->  Sort  (cost=388.76..389.01 rows=97 width=121)
	        Sort Key: c
	        ->  Index Scan using sbtest1_pkey on sbtest1  (cost=0.43..385.56 rows=97 width=121)
	              Index Cond: ((id >= 9532407) AND (id <= 9532506))

table 2 : explain SELECT DISTINCT c FROM sbtest2 WHERE id BETWEEN 8110466 AND 8110565 ORDER BY c
	Unique  (cost=409.45..409.96 rows=102 width=121)
	  ->  Sort  (cost=409.45..409.71 rows=102 width=121)
	        Sort Key: c
	        ->  Index Scan using sbtest2_pkey on sbtest2  (cost=0.43..406.05 rows=102 width=121)
	              Index Cond: ((id >= 8110466) AND (id <= 8110565))

table 3 : explain SELECT DISTINCT c FROM sbtest3 WHERE id BETWEEN 6412631 AND 6412730 ORDER BY c
	Unique  (cost=384.88..385.36 rows=96 width=121)
	  ->  Sort  (cost=384.88..385.12 rows=96 width=121)
	        Sort Key: c
	        ->  Index Scan using sbtest3_pkey on sbtest3  (cost=0.43..381.72 rows=96 width=121)
	              Index Cond: ((id >= 6412631) AND (id <= 6412730))

table 4 : explain SELECT DISTINCT c FROM sbtest4 WHERE id BETWEEN 6589933 AND 6590032 ORDER BY c
	Unique  (cost=386.68..387.16 rows=96 width=121)
	  ->  Sort  (cost=386.68..386.92 rows=96 width=121)
	        Sort Key: c
	        ->  Index Scan using sbtest4_pkey on sbtest4  (cost=0.43..383.52 rows=96 width=121)
	              Index Cond: ((id >= 6589933) AND (id <= 6590032))

table 5 : explain SELECT DISTINCT c FROM sbtest5 WHERE id BETWEEN 5330221 AND 5330320 ORDER BY c
	Unique  (cost=417.05..417.57 rows=104 width=121)
	  ->  Sort  (cost=417.05..417.31 rows=104 width=121)
	        Sort Key: c
	        ->  Index Scan using sbtest5_pkey on sbtest5  (cost=0.43..413.56 rows=104 width=121)
	              Index Cond: ((id >= 5330221) AND (id <= 5330320))

table 6 : explain SELECT DISTINCT c FROM sbtest6 WHERE id BETWEEN 1098207 AND 1098306 ORDER BY c
	Unique  (cost=384.82..385.30 rows=96 width=121)
	  ->  Sort  (cost=384.82..385.06 rows=96 width=121)
	        Sort Key: c
	        ->  Index Scan using sbtest6_pkey on sbtest6  (cost=0.43..381.66 rows=96 width=121)
	              Index Cond: ((id >= 1098207) AND (id <= 1098306))

table 7 : explain SELECT DISTINCT c FROM sbtest7 WHERE id BETWEEN 3960428 AND 3960527 ORDER BY c
	Unique  (cost=404.53..405.03 rows=101 width=121)
	  ->  Sort  (cost=404.53..404.78 rows=101 width=121)
	        Sort Key: c
	        ->  Index Scan using sbtest7_pkey on sbtest7  (cost=0.43..401.16 rows=101 width=121)
	              Index Cond: ((id >= 3960428) AND (id <= 3960527))

table 8 : explain SELECT DISTINCT c FROM sbtest8 WHERE id BETWEEN 3177311 AND 3177410 ORDER BY c
	Unique  (cost=392.58..393.07 rows=98 width=121)
	  ->  Sort  (cost=392.58..392.82 rows=98 width=121)
	        Sort Key: c
	        ->  Index Scan using sbtest8_pkey on sbtest8  (cost=0.43..389.33 rows=98 width=121)
	              Index Cond: ((id >= 3177311) AND (id <= 3177410))

for: distinct_ranges
table 1 : explain SELECT DISTINCT c FROM sbtest1 WHERE id BETWEEN 7710268 AND 7710367 ORDER BY c
	Unique  (cost=376.86..377.33 rows=94 width=121)
	  ->  Sort  (cost=376.86..377.10 rows=94 width=121)
	        Sort Key: c
	        ->  Index Scan using sbtest1_pkey on sbtest1  (cost=0.43..373.78 rows=94 width=121)
	              Index Cond: ((id >= 7710268) AND (id <= 7710367))

table 2 : explain SELECT DISTINCT c FROM sbtest2 WHERE id BETWEEN 7183068 AND 7183167 ORDER BY c
	Unique  (cost=401.50..402.00 rows=100 width=121)
	  ->  Sort  (cost=401.50..401.75 rows=100 width=121)
	        Sort Key: c
	        ->  Index Scan using sbtest2_pkey on sbtest2  (cost=0.43..398.18 rows=100 width=121)
	              Index Cond: ((id >= 7183068) AND (id <= 7183167))

table 3 : explain SELECT DISTINCT c FROM sbtest3 WHERE id BETWEEN 6700763 AND 6700862 ORDER BY c
	Unique  (cost=416.63..417.15 rows=104 width=121)
	  ->  Sort  (cost=416.63..416.89 rows=104 width=121)
	        Sort Key: c
	        ->  Index Scan using sbtest3_pkey on sbtest3  (cost=0.43..413.15 rows=104 width=121)
	              Index Cond: ((id >= 6700763) AND (id <= 6700862))

table 4 : explain SELECT DISTINCT c FROM sbtest4 WHERE id BETWEEN 5929219 AND 5929318 ORDER BY c
	Unique  (cost=410.61..411.12 rows=102 width=121)
	  ->  Sort  (cost=410.61..410.86 rows=102 width=121)
	        Sort Key: c
	        ->  Index Scan using sbtest4_pkey on sbtest4  (cost=0.43..407.20 rows=102 width=121)
	              Index Cond: ((id >= 5929219) AND (id <= 5929318))

table 5 : explain SELECT DISTINCT c FROM sbtest5 WHERE id BETWEEN 4836597 AND 4836696 ORDER BY c
	Unique  (cost=393.21..393.70 rows=98 width=121)
	  ->  Sort  (cost=393.21..393.45 rows=98 width=121)
	        Sort Key: c
	        ->  Index Scan using sbtest5_pkey on sbtest5  (cost=0.43..389.97 rows=98 width=121)
	              Index Cond: ((id >= 4836597) AND (id <= 4836696))

table 6 : explain SELECT DISTINCT c FROM sbtest6 WHERE id BETWEEN 2286018 AND 2286117 ORDER BY c
	Unique  (cost=416.57..417.09 rows=104 width=121)
	  ->  Sort  (cost=416.57..416.83 rows=104 width=121)
	        Sort Key: c
	        ->  Index Scan using sbtest6_pkey on sbtest6  (cost=0.43..413.08 rows=104 width=121)
	              Index Cond: ((id >= 2286018) AND (id <= 2286117))

table 7 : explain SELECT DISTINCT c FROM sbtest7 WHERE id BETWEEN 1175151 AND 1175250 ORDER BY c
	Unique  (cost=388.66..389.14 rows=97 width=121)
	  ->  Sort  (cost=388.66..388.90 rows=97 width=121)
	        Sort Key: c
	        ->  Index Scan using sbtest7_pkey on sbtest7  (cost=0.43..385.46 rows=97 width=121)
	              Index Cond: ((id >= 1175151) AND (id <= 1175250))

table 8 : explain SELECT DISTINCT c FROM sbtest8 WHERE id BETWEEN 1375878 AND 1375977 ORDER BY c
	Unique  (cost=376.71..377.18 rows=94 width=121)
	  ->  Sort  (cost=376.71..376.95 rows=94 width=121)
	        Sort Key: c
	        ->  Index Scan using sbtest8_pkey on sbtest8  (cost=0.43..373.63 rows=94 width=121)
	              Index Cond: ((id >= 1375878) AND (id <= 1375977))

for point_selects
table 1 : explain SELECT c FROM sbtest1 WHERE id=961915
	Index Scan using sbtest1_pkey on sbtest1  (cost=0.43..8.45 rows=1 width=121)
	  Index Cond: (id = 961915)

table 2 : explain SELECT c FROM sbtest2 WHERE id=2033865
	Index Scan using sbtest2_pkey on sbtest2  (cost=0.43..8.45 rows=1 width=121)
	  Index Cond: (id = 2033865)

table 3 : explain SELECT c FROM sbtest3 WHERE id=5860939
	Index Scan using sbtest3_pkey on sbtest3  (cost=0.43..8.45 rows=1 width=121)
	  Index Cond: (id = 5860939)

table 4 : explain SELECT c FROM sbtest4 WHERE id=4374407
	Index Scan using sbtest4_pkey on sbtest4  (cost=0.43..8.45 rows=1 width=121)
	  Index Cond: (id = 4374407)

table 5 : explain SELECT c FROM sbtest5 WHERE id=9202870
	Index Scan using sbtest5_pkey on sbtest5  (cost=0.43..8.45 rows=1 width=121)
	  Index Cond: (id = 9202870)

table 6 : explain SELECT c FROM sbtest6 WHERE id=6184723
	Index Scan using sbtest6_pkey on sbtest6  (cost=0.43..8.45 rows=1 width=121)
	  Index Cond: (id = 6184723)

table 7 : explain SELECT c FROM sbtest7 WHERE id=3318947
	Index Scan using sbtest7_pkey on sbtest7  (cost=0.43..8.45 rows=1 width=121)
	  Index Cond: (id = 3318947)

table 8 : explain SELECT c FROM sbtest8 WHERE id=2043778
	Index Scan using sbtest8_pkey on sbtest8  (cost=0.43..8.45 rows=1 width=121)
	  Index Cond: (id = 2043778)

for: order_ranges
table 1 : explain SELECT c FROM sbtest1 WHERE id BETWEEN 9021886 AND 9021985 ORDER BY c
	Sort  (cost=384.80..385.04 rows=96 width=121)
	  Sort Key: c
	  ->  Index Scan using sbtest1_pkey on sbtest1  (cost=0.43..381.64 rows=96 width=121)
	        Index Cond: ((id >= 9021886) AND (id <= 9021985))

table 2 : explain SELECT c FROM sbtest2 WHERE id BETWEEN 1778916 AND 1779015 ORDER BY c
	Sort  (cost=397.52..397.77 rows=99 width=121)
	  Sort Key: c
	  ->  Index Scan using sbtest2_pkey on sbtest2  (cost=0.43..394.24 rows=99 width=121)
	        Index Cond: ((id >= 1778916) AND (id <= 1779015))

table 3 : explain SELECT c FROM sbtest3 WHERE id BETWEEN 7117360 AND 7117459 ORDER BY c
	Sort  (cost=380.92..381.15 rows=95 width=121)
	  Sort Key: c
	  ->  Index Scan using sbtest3_pkey on sbtest3  (cost=0.43..377.79 rows=95 width=121)
	        Index Cond: ((id >= 7117360) AND (id <= 7117459))

table 4 : explain SELECT c FROM sbtest4 WHERE id BETWEEN 6065348 AND 6065447 ORDER BY c
	Sort  (cost=406.62..406.87 rows=101 width=121)
	  Sort Key: c
	  ->  Index Scan using sbtest4_pkey on sbtest4  (cost=0.43..403.25 rows=101 width=121)
	        Index Cond: ((id >= 6065348) AND (id <= 6065447))

table 5 : explain SELECT c FROM sbtest5 WHERE id BETWEEN 8422920 AND 8423019 ORDER BY c
	Sort  (cost=397.18..397.43 rows=99 width=121)
	  Sort Key: c
	  ->  Index Scan using sbtest5_pkey on sbtest5  (cost=0.43..393.90 rows=99 width=121)
	        Index Cond: ((id >= 8422920) AND (id <= 8423019))

table 6 : explain SELECT c FROM sbtest6 WHERE id BETWEEN 9275592 AND 9275691 ORDER BY c
	Sort  (cost=424.50..424.77 rows=106 width=121)
	  Sort Key: c
	  ->  Index Scan using sbtest6_pkey on sbtest6  (cost=0.43..420.94 rows=106 width=121)
	        Index Cond: ((id >= 9275592) AND (id <= 9275691))

table 7 : explain SELECT c FROM sbtest7 WHERE id BETWEEN 5893010 AND 5893109 ORDER BY c
	Sort  (cost=384.69..384.93 rows=96 width=121)
	  Sort Key: c
	  ->  Index Scan using sbtest7_pkey on sbtest7  (cost=0.43..381.53 rows=96 width=121)
	        Index Cond: ((id >= 5893010) AND (id <= 5893109))

table 8 : explain SELECT c FROM sbtest8 WHERE id BETWEEN 8417966 AND 8418065 ORDER BY c
	Sort  (cost=412.41..412.67 rows=103 width=121)
	  Sort Key: c
	  ->  Index Scan using sbtest8_pkey on sbtest8  (cost=0.43..408.96 rows=103 width=121)
	        Index Cond: ((id >= 8417966) AND (id <= 8418065))

for point_selects
table 1 : explain SELECT c FROM sbtest1 WHERE id=2378545
	Index Scan using sbtest1_pkey on sbtest1  (cost=0.43..8.45 rows=1 width=121)
	  Index Cond: (id = 2378545)

table 2 : explain SELECT c FROM sbtest2 WHERE id=5849572
	Index Scan using sbtest2_pkey on sbtest2  (cost=0.43..8.45 rows=1 width=121)
	  Index Cond: (id = 5849572)

table 3 : explain SELECT c FROM sbtest3 WHERE id=11624
	Index Scan using sbtest3_pkey on sbtest3  (cost=0.43..8.45 rows=1 width=121)
	  Index Cond: (id = 11624)

table 4 : explain SELECT c FROM sbtest4 WHERE id=2349145
	Index Scan using sbtest4_pkey on sbtest4  (cost=0.43..8.45 rows=1 width=121)
	  Index Cond: (id = 2349145)

table 5 : explain SELECT c FROM sbtest5 WHERE id=8413229
	Index Scan using sbtest5_pkey on sbtest5  (cost=0.43..8.45 rows=1 width=121)
	  Index Cond: (id = 8413229)

table 6 : explain SELECT c FROM sbtest6 WHERE id=635788
	Index Scan using sbtest6_pkey on sbtest6  (cost=0.43..8.45 rows=1 width=121)
	  Index Cond: (id = 635788)

table 7 : explain SELECT c FROM sbtest7 WHERE id=5053740
	Index Scan using sbtest7_pkey on sbtest7  (cost=0.43..8.45 rows=1 width=121)
	  Index Cond: (id = 5053740)

table 8 : explain SELECT c FROM sbtest8 WHERE id=323866
	Index Scan using sbtest8_pkey on sbtest8  (cost=0.43..8.45 rows=1 width=121)
	  Index Cond: (id = 323866)

for: distinct_ranges
table 1 : explain SELECT DISTINCT c FROM sbtest1 WHERE id BETWEEN 8466726 AND 8466825 ORDER BY c
	Unique  (cost=408.60..409.11 rows=102 width=121)
	  ->  Sort  (cost=408.60..408.86 rows=102 width=121)
	        Sort Key: c
	        ->  Index Scan using sbtest1_pkey on sbtest1  (cost=0.43..405.20 rows=102 width=121)
	              Index Cond: ((id >= 8466726) AND (id <= 8466825))

table 2 : explain SELECT DISTINCT c FROM sbtest2 WHERE id BETWEEN 1995140 AND 1995239 ORDER BY c
	Unique  (cost=401.50..402.00 rows=100 width=121)
	  ->  Sort  (cost=401.50..401.75 rows=100 width=121)
	        Sort Key: c
	        ->  Index Scan using sbtest2_pkey on sbtest2  (cost=0.43..398.18 rows=100 width=121)
	              Index Cond: ((id >= 1995140) AND (id <= 1995239))

table 3 : explain SELECT DISTINCT c FROM sbtest3 WHERE id BETWEEN 8167511 AND 8167610 ORDER BY c
	Unique  (cost=424.57..425.10 rows=106 width=121)
	  ->  Sort  (cost=424.57..424.84 rows=106 width=121)
	        Sort Key: c
	        ->  Index Scan using sbtest3_pkey on sbtest3  (cost=0.43..421.01 rows=106 width=121)
	              Index Cond: ((id >= 8167511) AND (id <= 8167610))

table 4 : explain SELECT DISTINCT c FROM sbtest4 WHERE id BETWEEN 8208054 AND 8208153 ORDER BY c
	Unique  (cost=410.61..411.12 rows=102 width=121)
	  ->  Sort  (cost=410.61..410.86 rows=102 width=121)
	        Sort Key: c
	        ->  Index Scan using sbtest4_pkey on sbtest4  (cost=0.43..407.20 rows=102 width=121)
	              Index Cond: ((id >= 8208054) AND (id <= 8208153))

table 5 : explain SELECT DISTINCT c FROM sbtest5 WHERE id BETWEEN 5570843 AND 5570942 ORDER BY c
	Unique  (cost=353.46..353.90 rows=88 width=121)
	  ->  Sort  (cost=353.46..353.68 rows=88 width=121)
	        Sort Key: c
	        ->  Index Scan using sbtest5_pkey on sbtest5  (cost=0.43..350.62 rows=88 width=121)
	              Index Cond: ((id >= 5570843) AND (id <= 5570942))

table 6 : explain SELECT DISTINCT c FROM sbtest6 WHERE id BETWEEN 1971900 AND 1971999 ORDER BY c
	Unique  (cost=404.66..405.17 rows=101 width=121)
	  ->  Sort  (cost=404.66..404.91 rows=101 width=121)
	        Sort Key: c
	        ->  Index Scan using sbtest6_pkey on sbtest6  (cost=0.43..401.30 rows=101 width=121)
	              Index Cond: ((id >= 1971900) AND (id <= 1971999))

table 7 : explain SELECT DISTINCT c FROM sbtest7 WHERE id BETWEEN 4273281 AND 4273380 ORDER BY c
	Unique  (cost=388.66..389.14 rows=97 width=121)
	  ->  Sort  (cost=388.66..388.90 rows=97 width=121)
	        Sort Key: c
	        ->  Index Scan using sbtest7_pkey on sbtest7  (cost=0.43..385.46 rows=97 width=121)
	              Index Cond: ((id >= 4273281) AND (id <= 4273380))

table 8 : explain SELECT DISTINCT c FROM sbtest8 WHERE id BETWEEN 9791404 AND 9791503 ORDER BY c
	Unique  (cost=392.58..393.07 rows=98 width=121)
	  ->  Sort  (cost=392.58..392.82 rows=98 width=121)
	        Sort Key: c
	        ->  Index Scan using sbtest8_pkey on sbtest8  (cost=0.43..389.33 rows=98 width=121)
	              Index Cond: ((id >= 9791404) AND (id <= 9791503))

for point_selects
table 1 : explain SELECT c FROM sbtest1 WHERE id=8277058
	Index Scan using sbtest1_pkey on sbtest1  (cost=0.43..8.45 rows=1 width=121)
	  Index Cond: (id = 8277058)

table 2 : explain SELECT c FROM sbtest2 WHERE id=3905242
	Index Scan using sbtest2_pkey on sbtest2  (cost=0.43..8.45 rows=1 width=121)
	  Index Cond: (id = 3905242)

table 3 : explain SELECT c FROM sbtest3 WHERE id=3574333
	Index Scan using sbtest3_pkey on sbtest3  (cost=0.43..8.45 rows=1 width=121)
	  Index Cond: (id = 3574333)

table 4 : explain SELECT c FROM sbtest4 WHERE id=965818
	Index Scan using sbtest4_pkey on sbtest4  (cost=0.43..8.45 rows=1 width=121)
	  Index Cond: (id = 965818)

table 5 : explain SELECT c FROM sbtest5 WHERE id=4749869
	Index Scan using sbtest5_pkey on sbtest5  (cost=0.43..8.45 rows=1 width=121)
	  Index Cond: (id = 4749869)

table 6 : explain SELECT c FROM sbtest6 WHERE id=5830510
	Index Scan using sbtest6_pkey on sbtest6  (cost=0.43..8.45 rows=1 width=121)
	  Index Cond: (id = 5830510)

table 7 : explain SELECT c FROM sbtest7 WHERE id=9022567
	Index Scan using sbtest7_pkey on sbtest7  (cost=0.43..8.45 rows=1 width=121)
	  Index Cond: (id = 9022567)

table 8 : explain SELECT c FROM sbtest8 WHERE id=7189733
	Index Scan using sbtest8_pkey on sbtest8  (cost=0.43..8.45 rows=1 width=121)
	  Index Cond: (id = 7189733)

for: simple_ranges
table 1 : explain SELECT c FROM sbtest1 WHERE id BETWEEN 9356634 AND 9356733
	Index Scan using sbtest1_pkey on sbtest1  (cost=0.43..416.98 rows=105 width=121)
	  Index Cond: ((id >= 9356634) AND (id <= 9356733))

table 2 : explain SELECT c FROM sbtest2 WHERE id BETWEEN 6155512 AND 6155611
	Index Scan using sbtest2_pkey on sbtest2  (cost=0.43..417.86 rows=105 width=121)
	  Index Cond: ((id >= 6155512) AND (id <= 6155611))

table 3 : explain SELECT c FROM sbtest3 WHERE id BETWEEN 5480453 AND 5480552
	Index Scan using sbtest3_pkey on sbtest3  (cost=0.43..440.65 rows=111 width=121)
	  Index Cond: ((id >= 5480453) AND (id <= 5480552))

table 4 : explain SELECT c FROM sbtest4 WHERE id BETWEEN 202923 AND 203022
	Index Scan using sbtest4_pkey on sbtest4  (cost=0.43..434.83 rows=109 width=121)
	  Index Cond: ((id >= 202923) AND (id <= 203022))

table 5 : explain SELECT c FROM sbtest5 WHERE id BETWEEN 7055656 AND 7055755
	Index Scan using sbtest5_pkey on sbtest5  (cost=0.43..417.49 rows=105 width=121)
	  Index Cond: ((id >= 7055656) AND (id <= 7055755))

table 6 : explain SELECT c FROM sbtest6 WHERE id BETWEEN 1455018 AND 1455117
	Index Scan using sbtest6_pkey on sbtest6  (cost=0.43..420.94 rows=106 width=121)
	  Index Cond: ((id >= 1455018) AND (id <= 1455117))

table 7 : explain SELECT c FROM sbtest7 WHERE id BETWEEN 7419571 AND 7419670
	Index Scan using sbtest7_pkey on sbtest7  (cost=0.43..377.61 rows=95 width=121)
	  Index Cond: ((id >= 7419571) AND (id <= 7419670))

table 8 : explain SELECT c FROM sbtest8 WHERE id BETWEEN 8569455 AND 8569554
	Index Scan using sbtest8_pkey on sbtest8  (cost=0.43..424.67 rows=107 width=121)
	  Index Cond: ((id >= 8569455) AND (id <= 8569554))

explain: for point_selects :: explain SELECT c FROM sbtest%u WHERE id=%u
for point_selects
table 1 : explain SELECT c FROM sbtest1 WHERE id=7394089
	Index Scan using sbtest1_pkey on sbtest1  (cost=0.43..8.45 rows=1 width=121)
	  Index Cond: (id = 7394089)

table 2 : explain SELECT c FROM sbtest2 WHERE id=9961295
	Index Scan using sbtest2_pkey on sbtest2  (cost=0.43..8.45 rows=1 width=121)
	  Index Cond: (id = 9961295)

table 3 : explain SELECT c FROM sbtest3 WHERE id=3239429
	Index Scan using sbtest3_pkey on sbtest3  (cost=0.43..8.45 rows=1 width=121)
	  Index Cond: (id = 3239429)

table 4 : explain SELECT c FROM sbtest4 WHERE id=9643173
	Index Scan using sbtest4_pkey on sbtest4  (cost=0.43..8.45 rows=1 width=121)
	  Index Cond: (id = 9643173)

table 5 : explain SELECT c FROM sbtest5 WHERE id=9569877
	Index Scan using sbtest5_pkey on sbtest5  (cost=0.43..8.45 rows=1 width=121)
	  Index Cond: (id = 9569877)

table 6 : explain SELECT c FROM sbtest6 WHERE id=8985715
	Index Scan using sbtest6_pkey on sbtest6  (cost=0.43..8.45 rows=1 width=121)
	  Index Cond: (id = 8985715)

table 7 : explain SELECT c FROM sbtest7 WHERE id=1933448
	Index Scan using sbtest7_pkey on sbtest7  (cost=0.43..8.45 rows=1 width=121)
	  Index Cond: (id = 1933448)

table 8 : explain SELECT c FROM sbtest8 WHERE id=4641470
	Index Scan using sbtest8_pkey on sbtest8  (cost=0.43..8.45 rows=1 width=121)
	  Index Cond: (id = 4641470)

for point_selects
table 1 : explain SELECT c FROM sbtest1 WHERE id=4025887
	Index Scan using sbtest1_pkey on sbtest1  (cost=0.43..8.45 rows=1 width=121)
	  Index Cond: (id = 4025887)

table 2 : explain SELECT c FROM sbtest2 WHERE id=9257546
	Index Scan using sbtest2_pkey on sbtest2  (cost=0.43..8.45 rows=1 width=121)
	  Index Cond: (id = 9257546)

table 3 : explain SELECT c FROM sbtest3 WHERE id=2656343
	Index Scan using sbtest3_pkey on sbtest3  (cost=0.43..8.45 rows=1 width=121)
	  Index Cond: (id = 2656343)

table 4 : explain SELECT c FROM sbtest4 WHERE id=4650631
	Index Scan using sbtest4_pkey on sbtest4  (cost=0.43..8.45 rows=1 width=121)
	  Index Cond: (id = 4650631)

table 5 : explain SELECT c FROM sbtest5 WHERE id=8000904
	Index Scan using sbtest5_pkey on sbtest5  (cost=0.43..8.45 rows=1 width=121)
	  Index Cond: (id = 8000904)

table 6 : explain SELECT c FROM sbtest6 WHERE id=1068483
	Index Scan using sbtest6_pkey on sbtest6  (cost=0.43..8.45 rows=1 width=121)
	  Index Cond: (id = 1068483)

table 7 : explain SELECT c FROM sbtest7 WHERE id=2562006
	Index Scan using sbtest7_pkey on sbtest7  (cost=0.43..8.45 rows=1 width=121)
	  Index Cond: (id = 2562006)

table 8 : explain SELECT c FROM sbtest8 WHERE id=5116376
	Index Scan using sbtest8_pkey on sbtest8  (cost=0.43..8.45 rows=1 width=121)
	  Index Cond: (id = 5116376)

for: simple_ranges
table 1 : explain SELECT c FROM sbtest1 WHERE id BETWEEN 921414 AND 921513
	Index Scan using sbtest1_pkey on sbtest1  (cost=0.43..369.83 rows=93 width=121)
	  Index Cond: ((id >= 921414) AND (id <= 921513))

table 2 : explain SELECT c FROM sbtest2 WHERE id BETWEEN 3407014 AND 3407113
	Index Scan using sbtest2_pkey on sbtest2  (cost=0.43..406.05 rows=102 width=121)
	  Index Cond: ((id >= 3407014) AND (id <= 3407113))

table 3 : explain SELECT c FROM sbtest3 WHERE id BETWEEN 1794773 AND 1794872
	Index Scan using sbtest3_pkey on sbtest3  (cost=0.43..393.51 rows=99 width=121)
	  Index Cond: ((id >= 1794773) AND (id <= 1794872))

table 4 : explain SELECT c FROM sbtest4 WHERE id BETWEEN 7616823 AND 7616922
	Index Scan using sbtest4_pkey on sbtest4  (cost=0.43..411.15 rows=103 width=121)
	  Index Cond: ((id >= 7616823) AND (id <= 7616922))

table 5 : explain SELECT c FROM sbtest5 WHERE id BETWEEN 2937195 AND 2937294
	Index Scan using sbtest5_pkey on sbtest5  (cost=0.43..389.97 rows=98 width=121)
	  Index Cond: ((id >= 2937195) AND (id <= 2937294))

table 6 : explain SELECT c FROM sbtest6 WHERE id BETWEEN 7038356 AND 7038455
	Index Scan using sbtest6_pkey on sbtest6  (cost=0.43..362.00 rows=91 width=121)
	  Index Cond: ((id >= 7038356) AND (id <= 7038455))

table 7 : explain SELECT c FROM sbtest7 WHERE id BETWEEN 4870327 AND 4870426
	Index Scan using sbtest7_pkey on sbtest7  (cost=0.43..397.24 rows=100 width=121)
	  Index Cond: ((id >= 4870327) AND (id <= 4870426))

table 8 : explain SELECT c FROM sbtest8 WHERE id BETWEEN 3826958 AND 3827057
	Index Scan using sbtest8_pkey on sbtest8  (cost=0.43..377.56 rows=95 width=121)
	  Index Cond: ((id >= 3826958) AND (id <= 3827057))

for: distinct_ranges
table 1 : explain SELECT DISTINCT c FROM sbtest1 WHERE id BETWEEN 2420896 AND 2420995 ORDER BY c
	Unique  (cost=440.35..440.90 rows=110 width=121)
	  ->  Sort  (cost=440.35..440.63 rows=110 width=121)
	        Sort Key: c
	        ->  Index Scan using sbtest1_pkey on sbtest1  (cost=0.43..436.62 rows=110 width=121)
	              Index Cond: ((id >= 2420896) AND (id <= 2420995))

table 2 : explain SELECT DISTINCT c FROM sbtest2 WHERE id BETWEEN 9851309 AND 9851408 ORDER BY c
	Unique  (cost=385.59..386.07 rows=96 width=121)
	  ->  Sort  (cost=385.59..385.83 rows=96 width=121)
	        Sort Key: c
	        ->  Index Scan using sbtest2_pkey on sbtest2  (cost=0.43..382.43 rows=96 width=121)
	              Index Cond: ((id >= 9851309) AND (id <= 9851408))

table 3 : explain SELECT DISTINCT c FROM sbtest3 WHERE id BETWEEN 3137942 AND 3138041 ORDER BY c
	Unique  (cost=440.45..441.00 rows=110 width=121)
	  ->  Sort  (cost=440.45..440.73 rows=110 width=121)
	        Sort Key: c
	        ->  Index Scan using sbtest3_pkey on sbtest3  (cost=0.43..436.72 rows=110 width=121)
	              Index Cond: ((id >= 3137942) AND (id <= 3138041))

table 4 : explain SELECT DISTINCT c FROM sbtest4 WHERE id BETWEEN 6948518 AND 6948617 ORDER BY c
	Unique  (cost=410.61..411.12 rows=102 width=121)
	  ->  Sort  (cost=410.61..410.86 rows=102 width=121)
	        Sort Key: c
	        ->  Index Scan using sbtest4_pkey on sbtest4  (cost=0.43..407.20 rows=102 width=121)
	              Index Cond: ((id >= 6948518) AND (id <= 6948617))

table 5 : explain SELECT DISTINCT c FROM sbtest5 WHERE id BETWEEN 1227208 AND 1227307 ORDER BY c
	Unique  (cost=409.10..409.61 rows=102 width=121)
	  ->  Sort  (cost=409.10..409.35 rows=102 width=121)
	        Sort Key: c
	        ->  Index Scan using sbtest5_pkey on sbtest5  (cost=0.43..405.70 rows=102 width=121)
	              Index Cond: ((id >= 1227208) AND (id <= 1227307))

table 6 : explain SELECT DISTINCT c FROM sbtest6 WHERE id BETWEEN 6736820 AND 6736919 ORDER BY c
	Unique  (cost=360.99..361.44 rows=90 width=121)
	  ->  Sort  (cost=360.99..361.22 rows=90 width=121)
	        Sort Key: c
	        ->  Index Scan using sbtest6_pkey on sbtest6  (cost=0.43..358.07 rows=90 width=121)
	              Index Cond: ((id >= 6736820) AND (id <= 6736919))

table 7 : explain SELECT DISTINCT c FROM sbtest7 WHERE id BETWEEN 3998952 AND 3999051 ORDER BY c
	Unique  (cost=404.53..405.03 rows=101 width=121)
	  ->  Sort  (cost=404.53..404.78 rows=101 width=121)
	        Sort Key: c
	        ->  Index Scan using sbtest7_pkey on sbtest7  (cost=0.43..401.16 rows=101 width=121)
	              Index Cond: ((id >= 3998952) AND (id <= 3999051))

table 8 : explain SELECT DISTINCT c FROM sbtest8 WHERE id BETWEEN 3425475 AND 3425574 ORDER BY c
	Unique  (cost=384.64..385.12 rows=96 width=121)
	  ->  Sort  (cost=384.64..384.88 rows=96 width=121)
	        Sort Key: c
	        ->  Index Scan using sbtest8_pkey on sbtest8  (cost=0.43..381.48 rows=96 width=121)
	              Index Cond: ((id >= 3425475) AND (id <= 3425574))

for: simple_ranges
table 1 : explain SELECT c FROM sbtest1 WHERE id BETWEEN 2704006 AND 2704105
	Index Scan using sbtest1_pkey on sbtest1  (cost=0.43..385.56 rows=97 width=121)
	  Index Cond: ((id >= 2704006) AND (id <= 2704105))

table 2 : explain SELECT c FROM sbtest2 WHERE id BETWEEN 9743584 AND 9743683
	Index Scan using sbtest2_pkey on sbtest2  (cost=0.43..398.18 rows=100 width=121)
	  Index Cond: ((id >= 9743584) AND (id <= 9743683))

table 3 : explain SELECT c FROM sbtest3 WHERE id BETWEEN 7197502 AND 7197601
	Index Scan using sbtest3_pkey on sbtest3  (cost=0.43..377.79 rows=95 width=121)
	  Index Cond: ((id >= 7197502) AND (id <= 7197601))

table 4 : explain SELECT c FROM sbtest4 WHERE id BETWEEN 7771960 AND 7772059
	Index Scan using sbtest4_pkey on sbtest4  (cost=0.43..450.62 rows=113 width=121)
	  Index Cond: ((id >= 7771960) AND (id <= 7772059))

table 5 : explain SELECT c FROM sbtest5 WHERE id BETWEEN 7025367 AND 7025466
	Index Scan using sbtest5_pkey on sbtest5  (cost=0.43..417.49 rows=105 width=121)
	  Index Cond: ((id >= 7025367) AND (id <= 7025466))

table 6 : explain SELECT c FROM sbtest6 WHERE id BETWEEN 6824604 AND 6824703
	Index Scan using sbtest6_pkey on sbtest6  (cost=0.43..401.30 rows=101 width=121)
	  Index Cond: ((id >= 6824604) AND (id <= 6824703))

table 7 : explain SELECT c FROM sbtest7 WHERE id BETWEEN 9189276 AND 9189375
	Index Scan using sbtest7_pkey on sbtest7  (cost=0.43..346.17 rows=87 width=121)
	  Index Cond: ((id >= 9189276) AND (id <= 9189375))

table 8 : explain SELECT c FROM sbtest8 WHERE id BETWEEN 4919693 AND 4919792
	Index Scan using sbtest8_pkey on sbtest8  (cost=0.43..369.71 rows=93 width=121)
	  Index Cond: ((id >= 4919693) AND (id <= 4919792))

explain: for point_selects :: explain SELECT c FROM sbtest%u WHERE id=%u
for: sum_ranges
table 1 : explain SELECT SUM(k) FROM sbtest1 WHERE id BETWEEN 3438268 AND 3438367
	Aggregate  (cost=425.11..425.12 rows=1 width=8)
	  ->  Index Scan using sbtest1_pkey on sbtest1  (cost=0.43..424.84 rows=107 width=4)
	        Index Cond: ((id >= 3438268) AND (id <= 3438367))

table 2 : explain SELECT SUM(k) FROM sbtest2 WHERE id BETWEEN 5566726 AND 5566825
	Aggregate  (cost=343.27..343.28 rows=1 width=8)
	  ->  Index Scan using sbtest2_pkey on sbtest2  (cost=0.43..343.05 rows=86 width=4)
	        Index Cond: ((id >= 5566726) AND (id <= 5566825))

table 3 : explain SELECT SUM(k) FROM sbtest3 WHERE id BETWEEN 5415569 AND 5415668
	Aggregate  (cost=389.82..389.83 rows=1 width=8)
	  ->  Index Scan using sbtest3_pkey on sbtest3  (cost=0.43..389.58 rows=98 width=4)
	        Index Cond: ((id >= 5415569) AND (id <= 5415668))

table 4 : explain SELECT SUM(k) FROM sbtest4 WHERE id BETWEEN 722581 AND 722680
	Aggregate  (cost=371.89..371.90 rows=1 width=8)
	  ->  Index Scan using sbtest4_pkey on sbtest4  (cost=0.43..371.66 rows=93 width=4)
	        Index Cond: ((id >= 722581) AND (id <= 722680))

table 5 : explain SELECT SUM(k) FROM sbtest5 WHERE id BETWEEN 2452181 AND 2452280
	Aggregate  (cost=378.41..378.42 rows=1 width=8)
	  ->  Index Scan using sbtest5_pkey on sbtest5  (cost=0.43..378.17 rows=95 width=4)
	        Index Cond: ((id >= 2452181) AND (id <= 2452280))

table 6 : explain SELECT SUM(k) FROM sbtest6 WHERE id BETWEEN 5794453 AND 5794552
	Aggregate  (cost=350.43..350.44 rows=1 width=8)
	  ->  Index Scan using sbtest6_pkey on sbtest6  (cost=0.43..350.21 rows=88 width=4)
	        Index Cond: ((id >= 5794453) AND (id <= 5794552))

table 7 : explain SELECT SUM(k) FROM sbtest7 WHERE id BETWEEN 1398872 AND 1398971
	Aggregate  (cost=362.10..362.11 rows=1 width=8)
	  ->  Index Scan using sbtest7_pkey on sbtest7  (cost=0.43..361.88 rows=91 width=4)
	        Index Cond: ((id >= 1398872) AND (id <= 1398971))

table 8 : explain SELECT SUM(k) FROM sbtest8 WHERE id BETWEEN 6042787 AND 6042886
	Aggregate  (cost=385.65..385.66 rows=1 width=8)
	  ->  Index Scan using sbtest8_pkey on sbtest8  (cost=0.43..385.41 rows=97 width=4)
	        Index Cond: ((id >= 6042787) AND (id <= 6042886))

for point_selects
table 1 : explain SELECT c FROM sbtest1 WHERE id=1748457
	Index Scan using sbtest1_pkey on sbtest1  (cost=0.43..8.45 rows=1 width=121)
	  Index Cond: (id = 1748457)

table 2 : explain SELECT c FROM sbtest2 WHERE id=1130161
	Index Scan using sbtest2_pkey on sbtest2  (cost=0.43..8.45 rows=1 width=121)
	  Index Cond: (id = 1130161)

table 3 : explain SELECT c FROM sbtest3 WHERE id=1462967
	Index Scan using sbtest3_pkey on sbtest3  (cost=0.43..8.45 rows=1 width=121)
	  Index Cond: (id = 1462967)

table 4 : explain SELECT c FROM sbtest4 WHERE id=2587381
	Index Scan using sbtest4_pkey on sbtest4  (cost=0.43..8.45 rows=1 width=121)
	  Index Cond: (id = 2587381)

table 5 : explain SELECT c FROM sbtest5 WHERE id=4904259
	Index Scan using sbtest5_pkey on sbtest5  (cost=0.43..8.45 rows=1 width=121)
	  Index Cond: (id = 4904259)

table 6 : explain SELECT c FROM sbtest6 WHERE id=8542492
	Index Scan using sbtest6_pkey on sbtest6  (cost=0.43..8.45 rows=1 width=121)
	  Index Cond: (id = 8542492)

table 7 : explain SELECT c FROM sbtest7 WHERE id=5254470
	Index Scan using sbtest7_pkey on sbtest7  (cost=0.43..8.45 rows=1 width=121)
	  Index Cond: (id = 5254470)

table 8 : explain SELECT c FROM sbtest8 WHERE id=9717323
	Index Scan using sbtest8_pkey on sbtest8  (cost=0.43..8.45 rows=1 width=121)
	  Index Cond: (id = 9717323)

for: simple_ranges
table 1 : explain SELECT c FROM sbtest1 WHERE id BETWEEN 7244972 AND 7245071
	Index Scan using sbtest1_pkey on sbtest1  (cost=0.43..409.13 rows=103 width=121)
	  Index Cond: ((id >= 7244972) AND (id <= 7245071))

table 2 : explain SELECT c FROM sbtest2 WHERE id BETWEEN 939422 AND 939521
	Index Scan using sbtest2_pkey on sbtest2  (cost=0.43..378.50 rows=95 width=121)
	  Index Cond: ((id >= 939422) AND (id <= 939521))

table 3 : explain SELECT c FROM sbtest3 WHERE id BETWEEN 5348714 AND 5348813
	Index Scan using sbtest3_pkey on sbtest3  (cost=0.43..389.58 rows=98 width=121)
	  Index Cond: ((id >= 5348714) AND (id <= 5348813))

table 4 : explain SELECT c FROM sbtest4 WHERE id BETWEEN 4209141 AND 4209240
	Index Scan using sbtest4_pkey on sbtest4  (cost=0.43..434.83 rows=109 width=121)
	  Index Cond: ((id >= 4209141) AND (id <= 4209240))

table 5 : explain SELECT c FROM sbtest5 WHERE id BETWEEN 4340241 AND 4340340
	Index Scan using sbtest5_pkey on sbtest5  (cost=0.43..378.17 rows=95 width=121)
	  Index Cond: ((id >= 4340241) AND (id <= 4340340))

table 6 : explain SELECT c FROM sbtest6 WHERE id BETWEEN 4165644 AND 4165743
	Index Scan using sbtest6_pkey on sbtest6  (cost=0.43..373.80 rows=94 width=121)
	  Index Cond: ((id >= 4165644) AND (id <= 4165743))

table 7 : explain SELECT c FROM sbtest7 WHERE id BETWEEN 7586214 AND 7586313
	Index Scan using sbtest7_pkey on sbtest7  (cost=0.43..397.24 rows=100 width=121)
	  Index Cond: ((id >= 7586214) AND (id <= 7586313))

table 8 : explain SELECT c FROM sbtest8 WHERE id BETWEEN 6670598 AND 6670697
	Index Scan using sbtest8_pkey on sbtest8  (cost=0.43..408.96 rows=103 width=121)
	  Index Cond: ((id >= 6670598) AND (id <= 6670697))

for: simple_ranges
table 1 : explain SELECT c FROM sbtest1 WHERE id BETWEEN 2280708 AND 2280807
	Index Scan using sbtest1_pkey on sbtest1  (cost=0.43..393.42 rows=99 width=121)
	  Index Cond: ((id >= 2280708) AND (id <= 2280807))

table 2 : explain SELECT c FROM sbtest2 WHERE id BETWEEN 2184082 AND 2184181
	Index Scan using sbtest2_pkey on sbtest2  (cost=0.43..398.18 rows=100 width=121)
	  Index Cond: ((id >= 2184082) AND (id <= 2184181))

table 3 : explain SELECT c FROM sbtest3 WHERE id BETWEEN 3242487 AND 3242586
	Index Scan using sbtest3_pkey on sbtest3  (cost=0.43..405.29 rows=102 width=121)
	  Index Cond: ((id >= 3242487) AND (id <= 3242586))

table 4 : explain SELECT c FROM sbtest4 WHERE id BETWEEN 1421261 AND 1421360
	Index Scan using sbtest4_pkey on sbtest4  (cost=0.43..426.94 rows=107 width=121)
	  Index Cond: ((id >= 1421261) AND (id <= 1421360))

table 5 : explain SELECT c FROM sbtest5 WHERE id BETWEEN 3259037 AND 3259136
	Index Scan using sbtest5_pkey on sbtest5  (cost=0.43..409.63 rows=103 width=121)
	  Index Cond: ((id >= 3259037) AND (id <= 3259136))

table 6 : explain SELECT c FROM sbtest6 WHERE id BETWEEN 6606651 AND 6606750
	Index Scan using sbtest6_pkey on sbtest6  (cost=0.43..428.79 rows=108 width=121)
	  Index Cond: ((id >= 6606651) AND (id <= 6606750))

table 7 : explain SELECT c FROM sbtest7 WHERE id BETWEEN 6015617 AND 6015716
	Index Scan using sbtest7_pkey on sbtest7  (cost=0.43..381.53 rows=96 width=121)
	  Index Cond: ((id >= 6015617) AND (id <= 6015716))

table 8 : explain SELECT c FROM sbtest8 WHERE id BETWEEN 3810935 AND 3811034
	Index Scan using sbtest8_pkey on sbtest8  (cost=0.43..377.56 rows=95 width=121)
	  Index Cond: ((id >= 3810935) AND (id <= 3811034))

for: order_ranges
table 1 : explain SELECT c FROM sbtest1 WHERE id BETWEEN 4259315 AND 4259414 ORDER BY c
	Sort  (cost=412.57..412.83 rows=103 width=121)
	  Sort Key: c
	  ->  Index Scan using sbtest1_pkey on sbtest1  (cost=0.43..409.13 rows=103 width=121)
	        Index Cond: ((id >= 4259315) AND (id <= 4259414))

table 2 : explain SELECT c FROM sbtest2 WHERE id BETWEEN 2638298 AND 2638397 ORDER BY c
	Sort  (cost=409.45..409.71 rows=102 width=121)
	  Sort Key: c
	  ->  Index Scan using sbtest2_pkey on sbtest2  (cost=0.43..406.05 rows=102 width=121)
	        Index Cond: ((id >= 2638298) AND (id <= 2638397))

table 3 : explain SELECT c FROM sbtest3 WHERE id BETWEEN 8311983 AND 8312082 ORDER BY c
	Sort  (cost=361.05..361.28 rows=90 width=121)
	  Sort Key: c
	  ->  Index Scan using sbtest3_pkey on sbtest3  (cost=0.43..358.13 rows=90 width=121)
	        Index Cond: ((id >= 8311983) AND (id <= 8312082))

table 4 : explain SELECT c FROM sbtest4 WHERE id BETWEEN 3928707 AND 3928806 ORDER BY c
	Sort  (cost=426.56..426.82 rows=106 width=121)
	  Sort Key: c
	  ->  Index Scan using sbtest4_pkey on sbtest4  (cost=0.43..422.99 rows=106 width=121)
	        Index Cond: ((id >= 3928707) AND (id <= 3928806))

table 5 : explain SELECT c FROM sbtest5 WHERE id BETWEEN 7450859 AND 7450958 ORDER BY c
	Sort  (cost=397.18..397.43 rows=99 width=121)
	  Sort Key: c
	  ->  Index Scan using sbtest5_pkey on sbtest5  (cost=0.43..393.90 rows=99 width=121)
	        Index Cond: ((id >= 7450859) AND (id <= 7450958))

table 6 : explain SELECT c FROM sbtest6 WHERE id BETWEEN 6611109 AND 6611208 ORDER BY c
	Sort  (cost=432.44..432.71 rows=108 width=121)
	  Sort Key: c
	  ->  Index Scan using sbtest6_pkey on sbtest6  (cost=0.43..428.79 rows=108 width=121)
	        Index Cond: ((id >= 6611109) AND (id <= 6611208))

table 7 : explain SELECT c FROM sbtest7 WHERE id BETWEEN 581113 AND 581212 ORDER BY c
	Sort  (cost=412.46..412.72 rows=103 width=121)
	  Sort Key: c
	  ->  Index Scan using sbtest7_pkey on sbtest7  (cost=0.43..409.02 rows=103 width=121)
	        Index Cond: ((id >= 581113) AND (id <= 581212))

table 8 : explain SELECT c FROM sbtest8 WHERE id BETWEEN 3547743 AND 3547842 ORDER BY c
	Sort  (cost=372.75..372.98 rows=93 width=121)
	  Sort Key: c
	  ->  Index Scan using sbtest8_pkey on sbtest8  (cost=0.43..369.71 rows=93 width=121)
	        Index Cond: ((id >= 3547743) AND (id <= 3547842))

for: simple_ranges
table 1 : explain SELECT c FROM sbtest1 WHERE id BETWEEN 1480453 AND 1480552
	Index Scan using sbtest1_pkey on sbtest1  (cost=0.43..405.20 rows=102 width=121)
	  Index Cond: ((id >= 1480453) AND (id <= 1480552))

table 2 : explain SELECT c FROM sbtest2 WHERE id BETWEEN 4288461 AND 4288560
	Index Scan using sbtest2_pkey on sbtest2  (cost=0.43..394.24 rows=99 width=121)
	  Index Cond: ((id >= 4288461) AND (id <= 4288560))

table 3 : explain SELECT c FROM sbtest3 WHERE id BETWEEN 4060002 AND 4060101
	Index Scan using sbtest3_pkey on sbtest3  (cost=0.43..401.37 rows=101 width=121)
	  Index Cond: ((id >= 4060002) AND (id <= 4060101))

table 4 : explain SELECT c FROM sbtest4 WHERE id BETWEEN 2110518 AND 2110617
	Index Scan using sbtest4_pkey on sbtest4  (cost=0.43..399.31 rows=100 width=121)
	  Index Cond: ((id >= 2110518) AND (id <= 2110617))

table 5 : explain SELECT c FROM sbtest5 WHERE id BETWEEN 1388103 AND 1388202
	Index Scan using sbtest5_pkey on sbtest5  (cost=0.43..366.35 rows=92 width=121)
	  Index Cond: ((id >= 1388103) AND (id <= 1388202))

table 6 : explain SELECT c FROM sbtest6 WHERE id BETWEEN 9246593 AND 9246692
	Index Scan using sbtest6_pkey on sbtest6  (cost=0.43..420.94 rows=106 width=121)
	  Index Cond: ((id >= 9246593) AND (id <= 9246692))

table 7 : explain SELECT c FROM sbtest7 WHERE id BETWEEN 922088 AND 922187
	Index Scan using sbtest7_pkey on sbtest7  (cost=0.43..448.28 rows=113 width=121)
	  Index Cond: ((id >= 922088) AND (id <= 922187))

table 8 : explain SELECT c FROM sbtest8 WHERE id BETWEEN 3897881 AND 3897980
	Index Scan using sbtest8_pkey on sbtest8  (cost=0.43..420.74 rows=106 width=121)
	  Index Cond: ((id >= 3897881) AND (id <= 3897980))

for: sum_ranges
table 1 : explain SELECT SUM(k) FROM sbtest1 WHERE id BETWEEN 9301442 AND 9301541
	Aggregate  (cost=401.53..401.54 rows=1 width=8)
	  ->  Index Scan using sbtest1_pkey on sbtest1  (cost=0.43..401.27 rows=101 width=4)
	        Index Cond: ((id >= 9301442) AND (id <= 9301541))

table 2 : explain SELECT SUM(k) FROM sbtest2 WHERE id BETWEEN 4196665 AND 4196764
	Aggregate  (cost=394.49..394.50 rows=1 width=8)
	  ->  Index Scan using sbtest2_pkey on sbtest2  (cost=0.43..394.24 rows=99 width=4)
	        Index Cond: ((id >= 4196665) AND (id <= 4196764))

table 3 : explain SELECT SUM(k) FROM sbtest3 WHERE id BETWEEN 3092178 AND 3092277
	Aggregate  (cost=393.76..393.77 rows=1 width=8)
	  ->  Index Scan using sbtest3_pkey on sbtest3  (cost=0.43..393.51 rows=99 width=4)
	        Index Cond: ((id >= 3092178) AND (id <= 3092277))

table 4 : explain SELECT SUM(k) FROM sbtest4 WHERE id BETWEEN 8045606 AND 8045705
	Aggregate  (cost=383.76..383.77 rows=1 width=8)
	  ->  Index Scan using sbtest4_pkey on sbtest4  (cost=0.43..383.52 rows=96 width=4)
	        Index Cond: ((id >= 8045606) AND (id <= 8045705))

table 5 : explain SELECT SUM(k) FROM sbtest5 WHERE id BETWEEN 456332 AND 456431
	Aggregate  (cost=378.41..378.42 rows=1 width=8)
	  ->  Index Scan using sbtest5_pkey on sbtest5  (cost=0.43..378.17 rows=95 width=4)
	        Index Cond: ((id >= 456332) AND (id <= 456431))

table 6 : explain SELECT SUM(k) FROM sbtest6 WHERE id BETWEEN 4935622 AND 4935721
	Aggregate  (cost=389.76..389.77 rows=1 width=8)
	  ->  Index Scan using sbtest6_pkey on sbtest6  (cost=0.43..389.51 rows=98 width=4)
	        Index Cond: ((id >= 4935622) AND (id <= 4935721))

table 7 : explain SELECT SUM(k) FROM sbtest7 WHERE id BETWEEN 8853584 AND 8853683
	Aggregate  (cost=385.70..385.71 rows=1 width=8)
	  ->  Index Scan using sbtest7_pkey on sbtest7  (cost=0.43..385.46 rows=97 width=4)
	        Index Cond: ((id >= 8853584) AND (id <= 8853683))

table 8 : explain SELECT SUM(k) FROM sbtest8 WHERE id BETWEEN 2556205 AND 2556304
	Aggregate  (cost=440.65..440.66 rows=1 width=8)
	  ->  Index Scan using sbtest8_pkey on sbtest8  (cost=0.43..440.37 rows=111 width=4)
	        Index Cond: ((id >= 2556205) AND (id <= 2556304))

for: simple_ranges
table 1 : explain SELECT c FROM sbtest1 WHERE id BETWEEN 5113602 AND 5113701
	Index Scan using sbtest1_pkey on sbtest1  (cost=0.43..361.98 rows=91 width=121)
	  Index Cond: ((id >= 5113602) AND (id <= 5113701))

table 2 : explain SELECT c FROM sbtest2 WHERE id BETWEEN 8263239 AND 8263338
	Index Scan using sbtest2_pkey on sbtest2  (cost=0.43..386.37 rows=97 width=121)
	  Index Cond: ((id >= 8263239) AND (id <= 8263338))

table 3 : explain SELECT c FROM sbtest3 WHERE id BETWEEN 4168871 AND 4168970
	Index Scan using sbtest3_pkey on sbtest3  (cost=0.43..381.72 rows=96 width=121)
	  Index Cond: ((id >= 4168871) AND (id <= 4168970))

table 4 : explain SELECT c FROM sbtest4 WHERE id BETWEEN 3541287 AND 3541386
	Index Scan using sbtest4_pkey on sbtest4  (cost=0.43..399.31 rows=100 width=121)
	  Index Cond: ((id >= 3541287) AND (id <= 3541386))

table 5 : explain SELECT c FROM sbtest5 WHERE id BETWEEN 6072337 AND 6072436
	Index Scan using sbtest5_pkey on sbtest5  (cost=0.43..445.02 rows=112 width=121)
	  Index Cond: ((id >= 6072337) AND (id <= 6072436))

table 6 : explain SELECT c FROM sbtest6 WHERE id BETWEEN 8097872 AND 8097971
	Index Scan using sbtest6_pkey on sbtest6  (cost=0.43..417.01 rows=105 width=121)
	  Index Cond: ((id >= 8097872) AND (id <= 8097971))

table 7 : explain SELECT c FROM sbtest7 WHERE id BETWEEN 5157294 AND 5157393
	Index Scan using sbtest7_pkey on sbtest7  (cost=0.43..432.58 rows=109 width=121)
	  Index Cond: ((id >= 5157294) AND (id <= 5157393))

table 8 : explain SELECT c FROM sbtest8 WHERE id BETWEEN 1383781 AND 1383880
	Index Scan using sbtest8_pkey on sbtest8  (cost=0.43..369.71 rows=93 width=121)
	  Index Cond: ((id >= 1383781) AND (id <= 1383880))

for: order_ranges
table 1 : explain SELECT c FROM sbtest1 WHERE id BETWEEN 9166374 AND 9166473 ORDER BY c
	Sort  (cost=408.60..408.86 rows=102 width=121)
	  Sort Key: c
	  ->  Index Scan using sbtest1_pkey on sbtest1  (cost=0.43..405.20 rows=102 width=121)
	        Index Cond: ((id >= 9166374) AND (id <= 9166473))

table 2 : explain SELECT c FROM sbtest2 WHERE id BETWEEN 7764837 AND 7764936 ORDER BY c
	Sort  (cost=417.40..417.66 rows=104 width=121)
	  Sort Key: c
	  ->  Index Scan using sbtest2_pkey on sbtest2  (cost=0.43..413.92 rows=104 width=121)
	        Index Cond: ((id >= 7764837) AND (id <= 7764936))

table 3 : explain SELECT c FROM sbtest3 WHERE id BETWEEN 5188912 AND 5189011 ORDER BY c
	Sort  (cost=436.48..436.75 rows=109 width=121)
	  Sort Key: c
	  ->  Index Scan using sbtest3_pkey on sbtest3  (cost=0.43..432.79 rows=109 width=121)
	        Index Cond: ((id >= 5188912) AND (id <= 5189011))

table 4 : explain SELECT c FROM sbtest4 WHERE id BETWEEN 8031100 AND 8031199 ORDER BY c
	Sort  (cost=386.68..386.92 rows=96 width=121)
	  Sort Key: c
	  ->  Index Scan using sbtest4_pkey on sbtest4  (cost=0.43..383.52 rows=96 width=121)
	        Index Cond: ((id >= 8031100) AND (id <= 8031199))

table 5 : explain SELECT c FROM sbtest5 WHERE id BETWEEN 9742542 AND 9742641 ORDER BY c
	Sort  (cost=405.13..405.38 rows=101 width=121)
	  Sort Key: c
	  ->  Index Scan using sbtest5_pkey on sbtest5  (cost=0.43..401.76 rows=101 width=121)
	        Index Cond: ((id >= 9742542) AND (id <= 9742641))

table 6 : explain SELECT c FROM sbtest6 WHERE id BETWEEN 702742 AND 702841 ORDER BY c
	Sort  (cost=404.66..404.91 rows=101 width=121)
	  Sort Key: c
	  ->  Index Scan using sbtest6_pkey on sbtest6  (cost=0.43..401.30 rows=101 width=121)
	        Index Cond: ((id >= 702742) AND (id <= 702841))

table 7 : explain SELECT c FROM sbtest7 WHERE id BETWEEN 6552485 AND 6552584 ORDER BY c
	Sort  (cost=436.26..436.54 rows=109 width=121)
	  Sort Key: c
	  ->  Index Scan using sbtest7_pkey on sbtest7  (cost=0.43..432.58 rows=109 width=121)
	        Index Cond: ((id >= 6552485) AND (id <= 6552584))

table 8 : explain SELECT c FROM sbtest8 WHERE id BETWEEN 41643 AND 41742 ORDER BY c
	Sort  (cost=400.51..400.76 rows=100 width=121)
	  Sort Key: c
	  ->  Index Scan using sbtest8_pkey on sbtest8  (cost=0.43..397.19 rows=100 width=121)
	        Index Cond: ((id >= 41643) AND (id <= 41742))

for point_selects
table 1 : explain SELECT c FROM sbtest1 WHERE id=4074533
	Index Scan using sbtest1_pkey on sbtest1  (cost=0.43..8.45 rows=1 width=121)
	  Index Cond: (id = 4074533)

table 2 : explain SELECT c FROM sbtest2 WHERE id=7948848
	Index Scan using sbtest2_pkey on sbtest2  (cost=0.43..8.45 rows=1 width=121)
	  Index Cond: (id = 7948848)

table 3 : explain SELECT c FROM sbtest3 WHERE id=7237281
	Index Scan using sbtest3_pkey on sbtest3  (cost=0.43..8.45 rows=1 width=121)
	  Index Cond: (id = 7237281)

table 4 : explain SELECT c FROM sbtest4 WHERE id=5890191
	Index Scan using sbtest4_pkey on sbtest4  (cost=0.43..8.45 rows=1 width=121)
	  Index Cond: (id = 5890191)

table 5 : explain SELECT c FROM sbtest5 WHERE id=6525495
	Index Scan using sbtest5_pkey on sbtest5  (cost=0.43..8.45 rows=1 width=121)
	  Index Cond: (id = 6525495)

table 6 : explain SELECT c FROM sbtest6 WHERE id=6944854
	Index Scan using sbtest6_pkey on sbtest6  (cost=0.43..8.45 rows=1 width=121)
	  Index Cond: (id = 6944854)

table 7 : explain SELECT c FROM sbtest7 WHERE id=8293295
	Index Scan using sbtest7_pkey on sbtest7  (cost=0.43..8.45 rows=1 width=121)
	  Index Cond: (id = 8293295)

table 8 : explain SELECT c FROM sbtest8 WHERE id=2379010
	Index Scan using sbtest8_pkey on sbtest8  (cost=0.43..8.45 rows=1 width=121)
	  Index Cond: (id = 2379010)

for: sum_ranges
table 1 : explain SELECT SUM(k) FROM sbtest1 WHERE id BETWEEN 7184738 AND 7184837
	Aggregate  (cost=397.60..397.61 rows=1 width=8)
	  ->  Index Scan using sbtest1_pkey on sbtest1  (cost=0.43..397.35 rows=100 width=4)
	        Index Cond: ((id >= 7184738) AND (id <= 7184837))

table 2 : explain SELECT SUM(k) FROM sbtest2 WHERE id BETWEEN 7249901 AND 7250000
	Aggregate  (cost=378.73..378.74 rows=1 width=8)
	  ->  Index Scan using sbtest2_pkey on sbtest2  (cost=0.43..378.50 rows=95 width=4)
	        Index Cond: ((id >= 7249901) AND (id <= 7250000))

table 3 : explain SELECT SUM(k) FROM sbtest3 WHERE id BETWEEN 4788546 AND 4788645
	Aggregate  (cost=401.62..401.63 rows=1 width=8)
	  ->  Index Scan using sbtest3_pkey on sbtest3  (cost=0.43..401.37 rows=101 width=4)
	        Index Cond: ((id >= 4788546) AND (id <= 4788645))

table 4 : explain SELECT SUM(k) FROM sbtest4 WHERE id BETWEEN 1805123 AND 1805222
	Aggregate  (cost=391.66..391.67 rows=1 width=8)
	  ->  Index Scan using sbtest4_pkey on sbtest4  (cost=0.43..391.41 rows=98 width=4)
	        Index Cond: ((id >= 1805123) AND (id <= 1805222))

table 5 : explain SELECT SUM(k) FROM sbtest5 WHERE id BETWEEN 4661776 AND 4661875
	Aggregate  (cost=386.28..386.29 rows=1 width=8)
	  ->  Index Scan using sbtest5_pkey on sbtest5  (cost=0.43..386.03 rows=97 width=4)
	        Index Cond: ((id >= 4661776) AND (id <= 4661875))

table 6 : explain SELECT SUM(k) FROM sbtest6 WHERE id BETWEEN 1631046 AND 1631145
	Aggregate  (cost=393.69..393.70 rows=1 width=8)
	  ->  Index Scan using sbtest6_pkey on sbtest6  (cost=0.43..393.44 rows=99 width=4)
	        Index Cond: ((id >= 1631046) AND (id <= 1631145))

table 7 : explain SELECT SUM(k) FROM sbtest7 WHERE id BETWEEN 7990339 AND 7990438
	Aggregate  (cost=381.77..381.78 rows=1 width=8)
	  ->  Index Scan using sbtest7_pkey on sbtest7  (cost=0.43..381.53 rows=96 width=4)
	        Index Cond: ((id >= 7990339) AND (id <= 7990438))

table 8 : explain SELECT SUM(k) FROM sbtest8 WHERE id BETWEEN 9772060 AND 9772159
	Aggregate  (cost=362.06..362.07 rows=1 width=8)
	  ->  Index Scan using sbtest8_pkey on sbtest8  (cost=0.43..361.83 rows=91 width=4)
	        Index Cond: ((id >= 9772060) AND (id <= 9772159))

explain: for point_selects :: explain SELECT c FROM sbtest%u WHERE id=%u
explain: for point_selects :: explain SELECT c FROM sbtest%u WHERE id=%u
for: sum_ranges
table 1 : explain SELECT SUM(k) FROM sbtest1 WHERE id BETWEEN 8453924 AND 8454023
	Aggregate  (cost=405.46..405.47 rows=1 width=8)
	  ->  Index Scan using sbtest1_pkey on sbtest1  (cost=0.43..405.20 rows=102 width=4)
	        Index Cond: ((id >= 8453924) AND (id <= 8454023))

table 2 : explain SELECT SUM(k) FROM sbtest2 WHERE id BETWEEN 990532 AND 990631
	Aggregate  (cost=374.80..374.81 rows=1 width=8)
	  ->  Index Scan using sbtest2_pkey on sbtest2  (cost=0.43..374.56 rows=94 width=4)
	        Index Cond: ((id >= 990532) AND (id <= 990631))

table 3 : explain SELECT SUM(k) FROM sbtest3 WHERE id BETWEEN 4650239 AND 4650338
	Aggregate  (cost=425.20..425.21 rows=1 width=8)
	  ->  Index Scan using sbtest3_pkey on sbtest3  (cost=0.43..424.94 rows=107 width=4)
	        Index Cond: ((id >= 4650239) AND (id <= 4650338))

table 4 : explain SELECT SUM(k) FROM sbtest4 WHERE id BETWEEN 7522092 AND 7522191
	Aggregate  (cost=411.41..411.42 rows=1 width=8)
	  ->  Index Scan using sbtest4_pkey on sbtest4  (cost=0.43..411.15 rows=103 width=4)
	        Index Cond: ((id >= 7522092) AND (id <= 7522191))

table 5 : explain SELECT SUM(k) FROM sbtest5 WHERE id BETWEEN 4921314 AND 4921413
	Aggregate  (cost=390.21..390.22 rows=1 width=8)
	  ->  Index Scan using sbtest5_pkey on sbtest5  (cost=0.43..389.97 rows=98 width=4)
	        Index Cond: ((id >= 4921314) AND (id <= 4921413))

table 6 : explain SELECT SUM(k) FROM sbtest6 WHERE id BETWEEN 8393983 AND 8394082
	Aggregate  (cost=389.76..389.77 rows=1 width=8)
	  ->  Index Scan using sbtest6_pkey on sbtest6  (cost=0.43..389.51 rows=98 width=4)
	        Index Cond: ((id >= 8393983) AND (id <= 8394082))

table 7 : explain SELECT SUM(k) FROM sbtest7 WHERE id BETWEEN 6206520 AND 6206619
	Aggregate  (cost=409.27..409.28 rows=1 width=8)
	  ->  Index Scan using sbtest7_pkey on sbtest7  (cost=0.43..409.02 rows=103 width=4)
	        Index Cond: ((id >= 6206520) AND (id <= 6206619))

table 8 : explain SELECT SUM(k) FROM sbtest8 WHERE id BETWEEN 19817 AND 19916
	Aggregate  (cost=397.44..397.45 rows=1 width=8)
	  ->  Index Scan using sbtest8_pkey on sbtest8  (cost=0.43..397.19 rows=100 width=4)
	        Index Cond: ((id >= 19817) AND (id <= 19916))

explain: for point_selects :: explain SELECT c FROM sbtest%u WHERE id=%u
for point_selects
table 1 : explain SELECT c FROM sbtest1 WHERE id=7135794
	Index Scan using sbtest1_pkey on sbtest1  (cost=0.43..8.45 rows=1 width=121)
	  Index Cond: (id = 7135794)

table 2 : explain SELECT c FROM sbtest2 WHERE id=7694773
	Index Scan using sbtest2_pkey on sbtest2  (cost=0.43..8.45 rows=1 width=121)
	  Index Cond: (id = 7694773)

table 3 : explain SELECT c FROM sbtest3 WHERE id=6035807
	Index Scan using sbtest3_pkey on sbtest3  (cost=0.43..8.45 rows=1 width=121)
	  Index Cond: (id = 6035807)

table 4 : explain SELECT c FROM sbtest4 WHERE id=2208025
	Index Scan using sbtest4_pkey on sbtest4  (cost=0.43..8.45 rows=1 width=121)
	  Index Cond: (id = 2208025)

table 5 : explain SELECT c FROM sbtest5 WHERE id=1996306
	Index Scan using sbtest5_pkey on sbtest5  (cost=0.43..8.45 rows=1 width=121)
	  Index Cond: (id = 1996306)

table 6 : explain SELECT c FROM sbtest6 WHERE id=1775724
	Index Scan using sbtest6_pkey on sbtest6  (cost=0.43..8.45 rows=1 width=121)
	  Index Cond: (id = 1775724)

table 7 : explain SELECT c FROM sbtest7 WHERE id=3755232
	Index Scan using sbtest7_pkey on sbtest7  (cost=0.43..8.45 rows=1 width=121)
	  Index Cond: (id = 3755232)

table 8 : explain SELECT c FROM sbtest8 WHERE id=7582861
	Index Scan using sbtest8_pkey on sbtest8  (cost=0.43..8.45 rows=1 width=121)
	  Index Cond: (id = 7582861)

explain: for point_selects :: explain SELECT c FROM sbtest%u WHERE id=%u
for: sum_ranges
table 1 : explain SELECT SUM(k) FROM sbtest1 WHERE id BETWEEN 530647 AND 530746
	Aggregate  (cost=358.27..358.28 rows=1 width=8)
	  ->  Index Scan using sbtest1_pkey on sbtest1  (cost=0.43..358.05 rows=90 width=4)
	        Index Cond: ((id >= 530647) AND (id <= 530746))

table 2 : explain SELECT SUM(k) FROM sbtest2 WHERE id BETWEEN 4993473 AND 4993572
	Aggregate  (cost=429.93..429.94 rows=1 width=8)
	  ->  Index Scan using sbtest2_pkey on sbtest2  (cost=0.43..429.66 rows=108 width=4)
	        Index Cond: ((id >= 4993473) AND (id <= 4993572))

table 3 : explain SELECT SUM(k) FROM sbtest3 WHERE id BETWEEN 2782599 AND 2782698
	Aggregate  (cost=401.62..401.63 rows=1 width=8)
	  ->  Index Scan using sbtest3_pkey on sbtest3  (cost=0.43..401.37 rows=101 width=4)
	        Index Cond: ((id >= 2782599) AND (id <= 2782698))

table 4 : explain SELECT SUM(k) FROM sbtest4 WHERE id BETWEEN 7197793 AND 7197892
	Aggregate  (cost=375.86..375.87 rows=1 width=8)
	  ->  Index Scan using sbtest4_pkey on sbtest4  (cost=0.43..375.62 rows=94 width=4)
	        Index Cond: ((id >= 7197793) AND (id <= 7197892))

table 5 : explain SELECT SUM(k) FROM sbtest5 WHERE id BETWEEN 6192720 AND 6192819
	Aggregate  (cost=484.65..484.66 rows=1 width=8)
	  ->  Index Scan using sbtest5_pkey on sbtest5  (cost=0.43..484.35 rows=122 width=4)
	        Index Cond: ((id >= 6192720) AND (id <= 6192819))

table 6 : explain SELECT SUM(k) FROM sbtest6 WHERE id BETWEEN 3320022 AND 3320121
	Aggregate  (cost=362.23..362.24 rows=1 width=8)
	  ->  Index Scan using sbtest6_pkey on sbtest6  (cost=0.43..362.00 rows=91 width=4)
	        Index Cond: ((id >= 3320022) AND (id <= 3320121))

table 7 : explain SELECT SUM(k) FROM sbtest7 WHERE id BETWEEN 2913868 AND 2913967
	Aggregate  (cost=448.56..448.57 rows=1 width=8)
	  ->  Index Scan using sbtest7_pkey on sbtest7  (cost=0.43..448.28 rows=113 width=4)
	        Index Cond: ((id >= 2913868) AND (id <= 2913967))

table 8 : explain SELECT SUM(k) FROM sbtest8 WHERE id BETWEEN 7346366 AND 7346465
	Aggregate  (cost=401.36..401.37 rows=1 width=8)
	  ->  Index Scan using sbtest8_pkey on sbtest8  (cost=0.43..401.11 rows=101 width=4)
	        Index Cond: ((id >= 7346366) AND (id <= 7346465))

for: sum_ranges
table 1 : explain SELECT SUM(k) FROM sbtest1 WHERE id BETWEEN 8781739 AND 8781838
	Aggregate  (cost=374.02..374.03 rows=1 width=8)
	  ->  Index Scan using sbtest1_pkey on sbtest1  (cost=0.43..373.78 rows=94 width=4)
	        Index Cond: ((id >= 8781739) AND (id <= 8781838))

table 2 : explain SELECT SUM(k) FROM sbtest2 WHERE id BETWEEN 3329834 AND 3329933
	Aggregate  (cost=414.18..414.19 rows=1 width=8)
	  ->  Index Scan using sbtest2_pkey on sbtest2  (cost=0.43..413.92 rows=104 width=4)
	        Index Cond: ((id >= 3329834) AND (id <= 3329933))

table 3 : explain SELECT SUM(k) FROM sbtest3 WHERE id BETWEEN 6306682 AND 6306781
	Aggregate  (cost=433.06..433.07 rows=1 width=8)
	  ->  Index Scan using sbtest3_pkey on sbtest3  (cost=0.43..432.79 rows=109 width=4)
	        Index Cond: ((id >= 6306682) AND (id <= 6306781))

table 4 : explain SELECT SUM(k) FROM sbtest4 WHERE id BETWEEN 8032231 AND 8032330
	Aggregate  (cost=383.76..383.77 rows=1 width=8)
	  ->  Index Scan using sbtest4_pkey on sbtest4  (cost=0.43..383.52 rows=96 width=4)
	        Index Cond: ((id >= 8032231) AND (id <= 8032330))

table 5 : explain SELECT SUM(k) FROM sbtest5 WHERE id BETWEEN 8923382 AND 8923481
	Aggregate  (cost=382.34..382.35 rows=1 width=8)
	  ->  Index Scan using sbtest5_pkey on sbtest5  (cost=0.43..382.10 rows=96 width=4)
	        Index Cond: ((id >= 8923382) AND (id <= 8923481))

table 6 : explain SELECT SUM(k) FROM sbtest6 WHERE id BETWEEN 7150103 AND 7150202
	Aggregate  (cost=436.92..436.93 rows=1 width=8)
	  ->  Index Scan using sbtest6_pkey on sbtest6  (cost=0.43..436.65 rows=110 width=4)
	        Index Cond: ((id >= 7150103) AND (id <= 7150202))

table 7 : explain SELECT SUM(k) FROM sbtest7 WHERE id BETWEEN 6131083 AND 6131182
	Aggregate  (cost=369.99..370.00 rows=1 width=8)
	  ->  Index Scan using sbtest7_pkey on sbtest7  (cost=0.43..369.75 rows=93 width=4)
	        Index Cond: ((id >= 6131083) AND (id <= 6131182))

table 8 : explain SELECT SUM(k) FROM sbtest8 WHERE id BETWEEN 4771852 AND 4771951
	Aggregate  (cost=389.58..389.59 rows=1 width=8)
	  ->  Index Scan using sbtest8_pkey on sbtest8  (cost=0.43..389.33 rows=98 width=4)
	        Index Cond: ((id >= 4771852) AND (id <= 4771951))

for: distinct_ranges
table 1 : explain SELECT DISTINCT c FROM sbtest1 WHERE id BETWEEN 6145745 AND 6145844 ORDER BY c
	Unique  (cost=432.41..432.95 rows=108 width=121)
	  ->  Sort  (cost=432.41..432.68 rows=108 width=121)
	        Sort Key: c
	        ->  Index Scan using sbtest1_pkey on sbtest1  (cost=0.43..428.77 rows=108 width=121)
	              Index Cond: ((id >= 6145745) AND (id <= 6145844))

table 2 : explain SELECT DISTINCT c FROM sbtest2 WHERE id BETWEEN 1539490 AND 1539589 ORDER BY c
	Unique  (cost=389.57..390.06 rows=97 width=121)
	  ->  Sort  (cost=389.57..389.81 rows=97 width=121)
	        Sort Key: c
	        ->  Index Scan using sbtest2_pkey on sbtest2  (cost=0.43..386.37 rows=97 width=121)
	              Index Cond: ((id >= 1539490) AND (id <= 1539589))

table 3 : explain SELECT DISTINCT c FROM sbtest3 WHERE id BETWEEN 8584273 AND 8584372 ORDER BY c
	Unique  (cost=392.82..393.31 rows=98 width=121)
	  ->  Sort  (cost=392.82..393.07 rows=98 width=121)
	        Sort Key: c
	        ->  Index Scan using sbtest3_pkey on sbtest3  (cost=0.43..389.58 rows=98 width=121)
	              Index Cond: ((id >= 8584273) AND (id <= 8584372))

table 4 : explain SELECT DISTINCT c FROM sbtest4 WHERE id BETWEEN 9396687 AND 9396786 ORDER BY c
	Unique  (cost=410.61..411.12 rows=102 width=121)
	  ->  Sort  (cost=410.61..410.86 rows=102 width=121)
	        Sort Key: c
	        ->  Index Scan using sbtest4_pkey on sbtest4  (cost=0.43..407.20 rows=102 width=121)
	              Index Cond: ((id >= 9396687) AND (id <= 9396786))

table 5 : explain SELECT DISTINCT c FROM sbtest5 WHERE id BETWEEN 9728109 AND 9728208 ORDER BY c
	Unique  (cost=405.13..405.63 rows=101 width=121)
	  ->  Sort  (cost=405.13..405.38 rows=101 width=121)
	        Sort Key: c
	        ->  Index Scan using sbtest5_pkey on sbtest5  (cost=0.43..401.76 rows=101 width=121)
	              Index Cond: ((id >= 9728109) AND (id <= 9728208))

table 6 : explain SELECT DISTINCT c FROM sbtest6 WHERE id BETWEEN 6564328 AND 6564427 ORDER BY c
	Unique  (cost=404.66..405.17 rows=101 width=121)
	  ->  Sort  (cost=404.66..404.91 rows=101 width=121)
	        Sort Key: c
	        ->  Index Scan using sbtest6_pkey on sbtest6  (cost=0.43..401.30 rows=101 width=121)
	              Index Cond: ((id >= 6564328) AND (id <= 6564427))

table 7 : explain SELECT DISTINCT c FROM sbtest7 WHERE id BETWEEN 9786259 AND 9786358 ORDER BY c
	Unique  (cost=396.59..397.09 rows=99 width=121)
	  ->  Sort  (cost=396.59..396.84 rows=99 width=121)
	        Sort Key: c
	        ->  Index Scan using sbtest7_pkey on sbtest7  (cost=0.43..393.31 rows=99 width=121)
	              Index Cond: ((id >= 9786259) AND (id <= 9786358))

table 8 : explain SELECT DISTINCT c FROM sbtest8 WHERE id BETWEEN 4957650 AND 4957749 ORDER BY c
	Unique  (cost=372.75..373.21 rows=93 width=121)
	  ->  Sort  (cost=372.75..372.98 rows=93 width=121)
	        Sort Key: c
	        ->  Index Scan using sbtest8_pkey on sbtest8  (cost=0.43..369.71 rows=93 width=121)
	              Index Cond: ((id >= 4957650) AND (id <= 4957749))

for: order_ranges
table 1 : explain SELECT c FROM sbtest1 WHERE id BETWEEN 2439294 AND 2439393 ORDER BY c
	Sort  (cost=440.35..440.63 rows=110 width=121)
	  Sort Key: c
	  ->  Index Scan using sbtest1_pkey on sbtest1  (cost=0.43..436.62 rows=110 width=121)
	        Index Cond: ((id >= 2439294) AND (id <= 2439393))

table 2 : explain SELECT c FROM sbtest2 WHERE id BETWEEN 5964183 AND 5964282 ORDER BY c
	Sort  (cost=381.62..381.86 rows=95 width=121)
	  Sort Key: c
	  ->  Index Scan using sbtest2_pkey on sbtest2  (cost=0.43..378.50 rows=95 width=121)
	        Index Cond: ((id >= 5964183) AND (id <= 5964282))

table 3 : explain SELECT c FROM sbtest3 WHERE id BETWEEN 652079 AND 652178 ORDER BY c
	Sort  (cost=380.92..381.15 rows=95 width=121)
	  Sort Key: c
	  ->  Index Scan using sbtest3_pkey on sbtest3  (cost=0.43..377.79 rows=95 width=121)
	        Index Cond: ((id >= 652079) AND (id <= 652178))

table 4 : explain SELECT c FROM sbtest4 WHERE id BETWEEN 54146 AND 54245 ORDER BY c
	Sort  (cost=406.62..406.87 rows=101 width=121)
	  Sort Key: c
	  ->  Index Scan using sbtest4_pkey on sbtest4  (cost=0.43..403.25 rows=101 width=121)
	        Index Cond: ((id >= 54146) AND (id <= 54245))

table 5 : explain SELECT c FROM sbtest5 WHERE id BETWEEN 9369750 AND 9369849 ORDER BY c
	Sort  (cost=405.13..405.38 rows=101 width=121)
	  Sort Key: c
	  ->  Index Scan using sbtest5_pkey on sbtest5  (cost=0.43..401.76 rows=101 width=121)
	        Index Cond: ((id >= 9369750) AND (id <= 9369849))

table 6 : explain SELECT c FROM sbtest6 WHERE id BETWEEN 5137804 AND 5137903 ORDER BY c
	Sort  (cost=436.41..436.68 rows=109 width=121)
	  Sort Key: c
	  ->  Index Scan using sbtest6_pkey on sbtest6  (cost=0.43..432.72 rows=109 width=121)
	        Index Cond: ((id >= 5137804) AND (id <= 5137903))

table 7 : explain SELECT c FROM sbtest7 WHERE id BETWEEN 9076940 AND 9077039 ORDER BY c
	Sort  (cost=392.63..392.87 rows=98 width=121)
	  Sort Key: c
	  ->  Index Scan using sbtest7_pkey on sbtest7  (cost=0.43..389.39 rows=98 width=121)
	        Index Cond: ((id >= 9076940) AND (id <= 9077039))

table 8 : explain SELECT c FROM sbtest8 WHERE id BETWEEN 3798026 AND 3798125 ORDER BY c
	Sort  (cost=380.68..380.92 rows=95 width=121)
	  Sort Key: c
	  ->  Index Scan using sbtest8_pkey on sbtest8  (cost=0.43..377.56 rows=95 width=121)
	        Index Cond: ((id >= 3798026) AND (id <= 3798125))

for: order_ranges
table 1 : explain SELECT c FROM sbtest1 WHERE id BETWEEN 1048092 AND 1048191 ORDER BY c
	Sort  (cost=432.41..432.68 rows=108 width=121)
	  Sort Key: c
	  ->  Index Scan using sbtest1_pkey on sbtest1  (cost=0.43..428.77 rows=108 width=121)
	        Index Cond: ((id >= 1048092) AND (id <= 1048191))

table 2 : explain SELECT c FROM sbtest2 WHERE id BETWEEN 739411 AND 739510 ORDER BY c
	Sort  (cost=417.40..417.66 rows=104 width=121)
	  Sort Key: c
	  ->  Index Scan using sbtest2_pkey on sbtest2  (cost=0.43..413.92 rows=104 width=121)
	        Index Cond: ((id >= 739411) AND (id <= 739510))

table 3 : explain SELECT c FROM sbtest3 WHERE id BETWEEN 6480233 AND 6480332 ORDER BY c
	Sort  (cost=404.73..404.98 rows=101 width=121)
	  Sort Key: c
	  ->  Index Scan using sbtest3_pkey on sbtest3  (cost=0.43..401.37 rows=101 width=121)
	        Index Cond: ((id >= 6480233) AND (id <= 6480332))

table 4 : explain SELECT c FROM sbtest4 WHERE id BETWEEN 4349775 AND 4349874 ORDER BY c
	Sort  (cost=422.57..422.83 rows=105 width=121)
	  Sort Key: c
	  ->  Index Scan using sbtest4_pkey on sbtest4  (cost=0.43..419.04 rows=105 width=121)
	        Index Cond: ((id >= 4349775) AND (id <= 4349874))

table 5 : explain SELECT c FROM sbtest5 WHERE id BETWEEN 394195 AND 394294 ORDER BY c
	Sort  (cost=381.29..381.53 rows=95 width=121)
	  Sort Key: c
	  ->  Index Scan using sbtest5_pkey on sbtest5  (cost=0.43..378.17 rows=95 width=121)
	        Index Cond: ((id >= 394195) AND (id <= 394294))

table 6 : explain SELECT c FROM sbtest6 WHERE id BETWEEN 8654848 AND 8654947 ORDER BY c
	Sort  (cost=440.38..440.65 rows=110 width=121)
	  Sort Key: c
	  ->  Index Scan using sbtest6_pkey on sbtest6  (cost=0.43..436.65 rows=110 width=121)
	        Index Cond: ((id >= 8654848) AND (id <= 8654947))

table 7 : explain SELECT c FROM sbtest7 WHERE id BETWEEN 8768565 AND 8768664 ORDER BY c
	Sort  (cost=388.66..388.90 rows=97 width=121)
	  Sort Key: c
	  ->  Index Scan using sbtest7_pkey on sbtest7  (cost=0.43..385.46 rows=97 width=121)
	        Index Cond: ((id >= 8768565) AND (id <= 8768664))

table 8 : explain SELECT c FROM sbtest8 WHERE id BETWEEN 2633272 AND 2633371 ORDER BY c
	Sort  (cost=400.51..400.76 rows=100 width=121)
	  Sort Key: c
	  ->  Index Scan using sbtest8_pkey on sbtest8  (cost=0.43..397.19 rows=100 width=121)
	        Index Cond: ((id >= 2633272) AND (id <= 2633371))

for: order_ranges
table 1 : explain SELECT c FROM sbtest1 WHERE id BETWEEN 5116068 AND 5116167 ORDER BY c
	Sort  (cost=364.94..365.16 rows=91 width=121)
	  Sort Key: c
	  ->  Index Scan using sbtest1_pkey on sbtest1  (cost=0.43..361.98 rows=91 width=121)
	        Index Cond: ((id >= 5116068) AND (id <= 5116167))

table 2 : explain SELECT c FROM sbtest2 WHERE id BETWEEN 7500346 AND 7500445 ORDER BY c
	Sort  (cost=417.40..417.66 rows=104 width=121)
	  Sort Key: c
	  ->  Index Scan using sbtest2_pkey on sbtest2  (cost=0.43..413.92 rows=104 width=121)
	        Index Cond: ((id >= 7500346) AND (id <= 7500445))

table 3 : explain SELECT c FROM sbtest3 WHERE id BETWEEN 6970996 AND 6971095 ORDER BY c
	Sort  (cost=424.57..424.84 rows=106 width=121)
	  Sort Key: c
	  ->  Index Scan using sbtest3_pkey on sbtest3  (cost=0.43..421.01 rows=106 width=121)
	        Index Cond: ((id >= 6970996) AND (id <= 6971095))

table 4 : explain SELECT c FROM sbtest4 WHERE id BETWEEN 7412085 AND 7412184 ORDER BY c
	Sort  (cost=414.59..414.85 rows=103 width=121)
	  Sort Key: c
	  ->  Index Scan using sbtest4_pkey on sbtest4  (cost=0.43..411.15 rows=103 width=121)
	        Index Cond: ((id >= 7412085) AND (id <= 7412184))

table 5 : explain SELECT c FROM sbtest5 WHERE id BETWEEN 1051538 AND 1051637 ORDER BY c
	Sort  (cost=393.21..393.45 rows=98 width=121)
	  Sort Key: c
	  ->  Index Scan using sbtest5_pkey on sbtest5  (cost=0.43..389.97 rows=98 width=121)
	        Index Cond: ((id >= 1051538) AND (id <= 1051637))

table 6 : explain SELECT c FROM sbtest6 WHERE id BETWEEN 1607052 AND 1607151 ORDER BY c
	Sort  (cost=396.72..396.97 rows=99 width=121)
	  Sort Key: c
	  ->  Index Scan using sbtest6_pkey on sbtest6  (cost=0.43..393.44 rows=99 width=121)
	        Index Cond: ((id >= 1607052) AND (id <= 1607151))

table 7 : explain SELECT c FROM sbtest7 WHERE id BETWEEN 9528511 AND 9528610 ORDER BY c
	Sort  (cost=400.56..400.81 rows=100 width=121)
	  Sort Key: c
	  ->  Index Scan using sbtest7_pkey on sbtest7  (cost=0.43..397.24 rows=100 width=121)
	        Index Cond: ((id >= 9528511) AND (id <= 9528610))

table 8 : explain SELECT c FROM sbtest8 WHERE id BETWEEN 3173885 AND 3173984 ORDER BY c
	Sort  (cost=392.58..392.82 rows=98 width=121)
	  Sort Key: c
	  ->  Index Scan using sbtest8_pkey on sbtest8  (cost=0.43..389.33 rows=98 width=121)
	        Index Cond: ((id >= 3173885) AND (id <= 3173984))

for: simple_ranges
table 1 : explain SELECT c FROM sbtest1 WHERE id BETWEEN 9435908 AND 9436007
	Index Scan using sbtest1_pkey on sbtest1  (cost=0.43..420.91 rows=106 width=121)
	  Index Cond: ((id >= 9435908) AND (id <= 9436007))

table 2 : explain SELECT c FROM sbtest2 WHERE id BETWEEN 7068142 AND 7068241
	Index Scan using sbtest2_pkey on sbtest2  (cost=0.43..413.92 rows=104 width=121)
	  Index Cond: ((id >= 7068142) AND (id <= 7068241))

table 3 : explain SELECT c FROM sbtest3 WHERE id BETWEEN 3016160 AND 3016259
	Index Scan using sbtest3_pkey on sbtest3  (cost=0.43..393.51 rows=99 width=121)
	  Index Cond: ((id >= 3016160) AND (id <= 3016259))

table 4 : explain SELECT c FROM sbtest4 WHERE id BETWEEN 2432733 AND 2432832
	Index Scan using sbtest4_pkey on sbtest4  (cost=0.43..438.78 rows=110 width=121)
	  Index Cond: ((id >= 2432733) AND (id <= 2432832))

table 5 : explain SELECT c FROM sbtest5 WHERE id BETWEEN 5190178 AND 5190277
	Index Scan using sbtest5_pkey on sbtest5  (cost=0.43..382.10 rows=96 width=121)
	  Index Cond: ((id >= 5190178) AND (id <= 5190277))

table 6 : explain SELECT c FROM sbtest6 WHERE id BETWEEN 7118563 AND 7118662
	Index Scan using sbtest6_pkey on sbtest6  (cost=0.43..362.00 rows=91 width=121)
	  Index Cond: ((id >= 7118563) AND (id <= 7118662))

table 7 : explain SELECT c FROM sbtest7 WHERE id BETWEEN 1211098 AND 1211197
	Index Scan using sbtest7_pkey on sbtest7  (cost=0.43..389.39 rows=98 width=121)
	  Index Cond: ((id >= 1211098) AND (id <= 1211197))

table 8 : explain SELECT c FROM sbtest8 WHERE id BETWEEN 4592542 AND 4592641
	Index Scan using sbtest8_pkey on sbtest8  (cost=0.43..385.41 rows=97 width=121)
	  Index Cond: ((id >= 4592542) AND (id <= 4592641))

for: distinct_ranges
table 1 : explain SELECT DISTINCT c FROM sbtest1 WHERE id BETWEEN 4036130 AND 4036229 ORDER BY c
	Unique  (cost=424.48..425.01 rows=106 width=121)
	  ->  Sort  (cost=424.48..424.74 rows=106 width=121)
	        Sort Key: c
	        ->  Index Scan using sbtest1_pkey on sbtest1  (cost=0.43..420.91 rows=106 width=121)
	              Index Cond: ((id >= 4036130) AND (id <= 4036229))

table 2 : explain SELECT DISTINCT c FROM sbtest2 WHERE id BETWEEN 6854912 AND 6855011 ORDER BY c
	Unique  (cost=397.52..398.02 rows=99 width=121)
	  ->  Sort  (cost=397.52..397.77 rows=99 width=121)
	        Sort Key: c
	        ->  Index Scan using sbtest2_pkey on sbtest2  (cost=0.43..394.24 rows=99 width=121)
	              Index Cond: ((id >= 6854912) AND (id <= 6855011))

table 3 : explain SELECT DISTINCT c FROM sbtest3 WHERE id BETWEEN 741635 AND 741734 ORDER BY c
	Unique  (cost=376.95..377.42 rows=94 width=121)
	  ->  Sort  (cost=376.95..377.18 rows=94 width=121)
	        Sort Key: c
	        ->  Index Scan using sbtest3_pkey on sbtest3  (cost=0.43..373.87 rows=94 width=121)
	              Index Cond: ((id >= 741635) AND (id <= 741734))

table 4 : explain SELECT DISTINCT c FROM sbtest4 WHERE id BETWEEN 5786474 AND 5786573 ORDER BY c
	Unique  (cost=374.70..375.16 rows=93 width=121)
	  ->  Sort  (cost=374.70..374.93 rows=93 width=121)
	        Sort Key: c
	        ->  Index Scan using sbtest4_pkey on sbtest4  (cost=0.43..371.66 rows=93 width=121)
	              Index Cond: ((id >= 5786474) AND (id <= 5786573))

table 5 : explain SELECT DISTINCT c FROM sbtest5 WHERE id BETWEEN 5929892 AND 5929991 ORDER BY c
	Unique  (cost=421.02..421.54 rows=105 width=121)
	  ->  Sort  (cost=421.02..421.28 rows=105 width=121)
	        Sort Key: c
	        ->  Index Scan using sbtest5_pkey on sbtest5  (cost=0.43..417.49 rows=105 width=121)
	              Index Cond: ((id >= 5929892) AND (id <= 5929991))

table 6 : explain SELECT DISTINCT c FROM sbtest6 WHERE id BETWEEN 8539066 AND 8539165 ORDER BY c
	Unique  (cost=396.72..397.22 rows=99 width=121)
	  ->  Sort  (cost=396.72..396.97 rows=99 width=121)
	        Sort Key: c
	        ->  Index Scan using sbtest6_pkey on sbtest6  (cost=0.43..393.44 rows=99 width=121)
	              Index Cond: ((id >= 8539066) AND (id <= 8539165))

table 7 : explain SELECT DISTINCT c FROM sbtest7 WHERE id BETWEEN 6062209 AND 6062308 ORDER BY c
	Unique  (cost=372.79..373.26 rows=93 width=121)
	  ->  Sort  (cost=372.79..373.03 rows=93 width=121)
	        Sort Key: c
	        ->  Index Scan using sbtest7_pkey on sbtest7  (cost=0.43..369.75 rows=93 width=121)
	              Index Cond: ((id >= 6062209) AND (id <= 6062308))

table 8 : explain SELECT DISTINCT c FROM sbtest8 WHERE id BETWEEN 2546659 AND 2546758 ORDER BY c
	Unique  (cost=444.14..444.70 rows=111 width=121)
	  ->  Sort  (cost=444.14..444.42 rows=111 width=121)
	        Sort Key: c
	        ->  Index Scan using sbtest8_pkey on sbtest8  (cost=0.43..440.37 rows=111 width=121)
	              Index Cond: ((id >= 2546659) AND (id <= 2546758))

explain: for point_selects :: explain SELECT c FROM sbtest%u WHERE id=%u
for: sum_ranges
table 1 : explain SELECT SUM(k) FROM sbtest1 WHERE id BETWEEN 9947758 AND 9947857
	Aggregate  (cost=409.39..409.40 rows=1 width=8)
	  ->  Index Scan using sbtest1_pkey on sbtest1  (cost=0.43..409.13 rows=103 width=4)
	        Index Cond: ((id >= 9947758) AND (id <= 9947857))

table 2 : explain SELECT SUM(k) FROM sbtest2 WHERE id BETWEEN 4912004 AND 4912103
	Aggregate  (cost=366.90..366.91 rows=1 width=8)
	  ->  Index Scan using sbtest2_pkey on sbtest2  (cost=0.43..366.67 rows=92 width=4)
	        Index Cond: ((id >= 4912004) AND (id <= 4912103))

table 3 : explain SELECT SUM(k) FROM sbtest3 WHERE id BETWEEN 1480251 AND 1480350
	Aggregate  (cost=417.34..417.35 rows=1 width=8)
	  ->  Index Scan using sbtest3_pkey on sbtest3  (cost=0.43..417.08 rows=105 width=4)
	        Index Cond: ((id >= 1480251) AND (id <= 1480350))

table 4 : explain SELECT SUM(k) FROM sbtest4 WHERE id BETWEEN 2715490 AND 2715589
	Aggregate  (cost=435.11..435.12 rows=1 width=8)
	  ->  Index Scan using sbtest4_pkey on sbtest4  (cost=0.43..434.83 rows=109 width=4)
	        Index Cond: ((id >= 2715490) AND (id <= 2715589))

table 5 : explain SELECT SUM(k) FROM sbtest5 WHERE id BETWEEN 6627994 AND 6628093
	Aggregate  (cost=417.76..417.77 rows=1 width=8)
	  ->  Index Scan using sbtest5_pkey on sbtest5  (cost=0.43..417.49 rows=105 width=4)
	        Index Cond: ((id >= 6627994) AND (id <= 6628093))

table 6 : explain SELECT SUM(k) FROM sbtest6 WHERE id BETWEEN 759843 AND 759942
	Aggregate  (cost=401.55..401.56 rows=1 width=8)
	  ->  Index Scan using sbtest6_pkey on sbtest6  (cost=0.43..401.30 rows=101 width=4)
	        Index Cond: ((id >= 759843) AND (id <= 759942))

table 7 : explain SELECT SUM(k) FROM sbtest7 WHERE id BETWEEN 6240157 AND 6240256
	Aggregate  (cost=373.91..373.92 rows=1 width=8)
	  ->  Index Scan using sbtest7_pkey on sbtest7  (cost=0.43..373.68 rows=94 width=4)
	        Index Cond: ((id >= 6240157) AND (id <= 6240256))

table 8 : explain SELECT SUM(k) FROM sbtest8 WHERE id BETWEEN 7220289 AND 7220388
	Aggregate  (cost=440.65..440.66 rows=1 width=8)
	  ->  Index Scan using sbtest8_pkey on sbtest8  (cost=0.43..440.37 rows=111 width=4)
	        Index Cond: ((id >= 7220289) AND (id <= 7220388))

for: order_ranges
table 1 : explain SELECT c FROM sbtest1 WHERE id BETWEEN 6860846 AND 6860945 ORDER BY c
	Sort  (cost=388.76..389.01 rows=97 width=121)
	  Sort Key: c
	  ->  Index Scan using sbtest1_pkey on sbtest1  (cost=0.43..385.56 rows=97 width=121)
	        Index Cond: ((id >= 6860846) AND (id <= 6860945))

table 2 : explain SELECT c FROM sbtest2 WHERE id BETWEEN 2279268 AND 2279367 ORDER BY c
	Sort  (cost=397.52..397.77 rows=99 width=121)
	  Sort Key: c
	  ->  Index Scan using sbtest2_pkey on sbtest2  (cost=0.43..394.24 rows=99 width=121)
	        Index Cond: ((id >= 2279268) AND (id <= 2279367))

table 3 : explain SELECT c FROM sbtest3 WHERE id BETWEEN 1269753 AND 1269852 ORDER BY c
	Sort  (cost=400.76..401.01 rows=100 width=121)
	  Sort Key: c
	  ->  Index Scan using sbtest3_pkey on sbtest3  (cost=0.43..397.44 rows=100 width=121)
	        Index Cond: ((id >= 1269753) AND (id <= 1269852))

table 4 : explain SELECT c FROM sbtest4 WHERE id BETWEEN 8605655 AND 8605754 ORDER BY c
	Sort  (cost=422.57..422.83 rows=105 width=121)
	  Sort Key: c
	  ->  Index Scan using sbtest4_pkey on sbtest4  (cost=0.43..419.04 rows=105 width=121)
	        Index Cond: ((id >= 8605655) AND (id <= 8605754))

table 5 : explain SELECT c FROM sbtest5 WHERE id BETWEEN 8471724 AND 8471823 ORDER BY c
	Sort  (cost=397.18..397.43 rows=99 width=121)
	  Sort Key: c
	  ->  Index Scan using sbtest5_pkey on sbtest5  (cost=0.43..393.90 rows=99 width=121)
	        Index Cond: ((id >= 8471724) AND (id <= 8471823))

table 6 : explain SELECT c FROM sbtest6 WHERE id BETWEEN 7732896 AND 7732995 ORDER BY c
	Sort  (cost=424.50..424.77 rows=106 width=121)
	  Sort Key: c
	  ->  Index Scan using sbtest6_pkey on sbtest6  (cost=0.43..420.94 rows=106 width=121)
	        Index Cond: ((id >= 7732896) AND (id <= 7732995))

table 7 : explain SELECT c FROM sbtest7 WHERE id BETWEEN 9197570 AND 9197669 ORDER BY c
	Sort  (cost=348.97..349.19 rows=87 width=121)
	  Sort Key: c
	  ->  Index Scan using sbtest7_pkey on sbtest7  (cost=0.43..346.17 rows=87 width=121)
	        Index Cond: ((id >= 9197570) AND (id <= 9197669))

table 8 : explain SELECT c FROM sbtest8 WHERE id BETWEEN 9971391 AND 9971490 ORDER BY c
	Sort  (cost=364.79..365.02 rows=91 width=121)
	  Sort Key: c
	  ->  Index Scan using sbtest8_pkey on sbtest8  (cost=0.43..361.83 rows=91 width=121)
	        Index Cond: ((id >= 9971391) AND (id <= 9971490))

for: order_ranges
table 1 : explain SELECT c FROM sbtest1 WHERE id BETWEEN 6418822 AND 6418921 ORDER BY c
	Sort  (cost=420.51..420.77 rows=105 width=121)
	  Sort Key: c
	  ->  Index Scan using sbtest1_pkey on sbtest1  (cost=0.43..416.98 rows=105 width=121)
	        Index Cond: ((id >= 6418822) AND (id <= 6418921))

table 2 : explain SELECT c FROM sbtest2 WHERE id BETWEEN 9586739 AND 9586838 ORDER BY c
	Sort  (cost=385.59..385.83 rows=96 width=121)
	  Sort Key: c
	  ->  Index Scan using sbtest2_pkey on sbtest2  (cost=0.43..382.43 rows=96 width=121)
	        Index Cond: ((id >= 9586739) AND (id <= 9586838))

table 3 : explain SELECT c FROM sbtest3 WHERE id BETWEEN 686421 AND 686520 ORDER BY c
	Sort  (cost=380.92..381.15 rows=95 width=121)
	  Sort Key: c
	  ->  Index Scan using sbtest3_pkey on sbtest3  (cost=0.43..377.79 rows=95 width=121)
	        Index Cond: ((id >= 686421) AND (id <= 686520))

table 4 : explain SELECT c FROM sbtest4 WHERE id BETWEEN 7237717 AND 7237816 ORDER BY c
	Sort  (cost=378.70..378.94 rows=94 width=121)
	  Sort Key: c
	  ->  Index Scan using sbtest4_pkey on sbtest4  (cost=0.43..375.62 rows=94 width=121)
	        Index Cond: ((id >= 7237717) AND (id <= 7237816))

table 5 : explain SELECT c FROM sbtest5 WHERE id BETWEEN 6504426 AND 6504525 ORDER BY c
	Sort  (cost=432.94..433.21 rows=108 width=121)
	  Sort Key: c
	  ->  Index Scan using sbtest5_pkey on sbtest5  (cost=0.43..429.29 rows=108 width=121)
	        Index Cond: ((id >= 6504426) AND (id <= 6504525))

table 6 : explain SELECT c FROM sbtest6 WHERE id BETWEEN 2012437 AND 2012536 ORDER BY c
	Sort  (cost=408.63..408.88 rows=102 width=121)
	  Sort Key: c
	  ->  Index Scan using sbtest6_pkey on sbtest6  (cost=0.43..405.23 rows=102 width=121)
	        Index Cond: ((id >= 2012437) AND (id <= 2012536))

table 7 : explain SELECT c FROM sbtest7 WHERE id BETWEEN 5462088 AND 5462187 ORDER BY c
	Sort  (cost=388.66..388.90 rows=97 width=121)
	  Sort Key: c
	  ->  Index Scan using sbtest7_pkey on sbtest7  (cost=0.43..385.46 rows=97 width=121)
	        Index Cond: ((id >= 5462088) AND (id <= 5462187))

table 8 : explain SELECT c FROM sbtest8 WHERE id BETWEEN 410419 AND 410518 ORDER BY c
	Sort  (cost=408.44..408.70 rows=102 width=121)
	  Sort Key: c
	  ->  Index Scan using sbtest8_pkey on sbtest8  (cost=0.43..405.04 rows=102 width=121)
	        Index Cond: ((id >= 410419) AND (id <= 410518))

for point_selects
table 1 : explain SELECT c FROM sbtest1 WHERE id=4347981
	Index Scan using sbtest1_pkey on sbtest1  (cost=0.43..8.45 rows=1 width=121)
	  Index Cond: (id = 4347981)

table 2 : explain SELECT c FROM sbtest2 WHERE id=9646642
	Index Scan using sbtest2_pkey on sbtest2  (cost=0.43..8.45 rows=1 width=121)
	  Index Cond: (id = 9646642)

table 3 : explain SELECT c FROM sbtest3 WHERE id=9908850
	Index Scan using sbtest3_pkey on sbtest3  (cost=0.43..8.45 rows=1 width=121)
	  Index Cond: (id = 9908850)

table 4 : explain SELECT c FROM sbtest4 WHERE id=2258871
	Index Scan using sbtest4_pkey on sbtest4  (cost=0.43..8.45 rows=1 width=121)
	  Index Cond: (id = 2258871)

table 5 : explain SELECT c FROM sbtest5 WHERE id=7582202
	Index Scan using sbtest5_pkey on sbtest5  (cost=0.43..8.45 rows=1 width=121)
	  Index Cond: (id = 7582202)

table 6 : explain SELECT c FROM sbtest6 WHERE id=725395
	Index Scan using sbtest6_pkey on sbtest6  (cost=0.43..8.45 rows=1 width=121)
	  Index Cond: (id = 725395)

table 7 : explain SELECT c FROM sbtest7 WHERE id=8645580
	Index Scan using sbtest7_pkey on sbtest7  (cost=0.43..8.45 rows=1 width=121)
	  Index Cond: (id = 8645580)

table 8 : explain SELECT c FROM sbtest8 WHERE id=4562243
	Index Scan using sbtest8_pkey on sbtest8  (cost=0.43..8.45 rows=1 width=121)
	  Index Cond: (id = 4562243)

for: simple_ranges
table 1 : explain SELECT c FROM sbtest1 WHERE id BETWEEN 6727750 AND 6727849
	Index Scan using sbtest1_pkey on sbtest1  (cost=0.43..413.06 rows=104 width=121)
	  Index Cond: ((id >= 6727750) AND (id <= 6727849))

table 2 : explain SELECT c FROM sbtest2 WHERE id BETWEEN 6861614 AND 6861713
	Index Scan using sbtest2_pkey on sbtest2  (cost=0.43..394.24 rows=99 width=121)
	  Index Cond: ((id >= 6861614) AND (id <= 6861713))

table 3 : explain SELECT c FROM sbtest3 WHERE id BETWEEN 9374832 AND 9374931
	Index Scan using sbtest3_pkey on sbtest3  (cost=0.43..365.99 rows=92 width=121)
	  Index Cond: ((id >= 9374832) AND (id <= 9374931))

table 4 : explain SELECT c FROM sbtest4 WHERE id BETWEEN 4674716 AND 4674815
	Index Scan using sbtest4_pkey on sbtest4  (cost=0.43..371.68 rows=93 width=121)
	  Index Cond: ((id >= 4674716) AND (id <= 4674815))

table 5 : explain SELECT c FROM sbtest5 WHERE id BETWEEN 2344353 AND 2344452
	Index Scan using sbtest5_pkey on sbtest5  (cost=0.43..405.70 rows=102 width=121)
	  Index Cond: ((id >= 2344353) AND (id <= 2344452))

table 6 : explain SELECT c FROM sbtest6 WHERE id BETWEEN 2634552 AND 2634651
	Index Scan using sbtest6_pkey on sbtest6  (cost=0.43..369.85 rows=93 width=121)
	  Index Cond: ((id >= 2634552) AND (id <= 2634651))

table 7 : explain SELECT c FROM sbtest7 WHERE id BETWEEN 6142925 AND 6143024
	Index Scan using sbtest7_pkey on sbtest7  (cost=0.43..409.02 rows=103 width=121)
	  Index Cond: ((id >= 6142925) AND (id <= 6143024))

table 8 : explain SELECT c FROM sbtest8 WHERE id BETWEEN 2304610 AND 2304709
	Index Scan using sbtest8_pkey on sbtest8  (cost=0.43..401.11 rows=101 width=121)
	  Index Cond: ((id >= 2304610) AND (id <= 2304709))

for point_selects
table 1 : explain SELECT c FROM sbtest1 WHERE id=4118583
	Index Scan using sbtest1_pkey on sbtest1  (cost=0.43..8.45 rows=1 width=121)
	  Index Cond: (id = 4118583)

table 2 : explain SELECT c FROM sbtest2 WHERE id=5596569
	Index Scan using sbtest2_pkey on sbtest2  (cost=0.43..8.45 rows=1 width=121)
	  Index Cond: (id = 5596569)

table 3 : explain SELECT c FROM sbtest3 WHERE id=4412868
	Index Scan using sbtest3_pkey on sbtest3  (cost=0.43..8.45 rows=1 width=121)
	  Index Cond: (id = 4412868)

table 4 : explain SELECT c FROM sbtest4 WHERE id=7567745
	Index Scan using sbtest4_pkey on sbtest4  (cost=0.43..8.45 rows=1 width=121)
	  Index Cond: (id = 7567745)

table 5 : explain SELECT c FROM sbtest5 WHERE id=6803572
	Index Scan using sbtest5_pkey on sbtest5  (cost=0.43..8.45 rows=1 width=121)
	  Index Cond: (id = 6803572)

table 6 : explain SELECT c FROM sbtest6 WHERE id=9015968
	Index Scan using sbtest6_pkey on sbtest6  (cost=0.43..8.45 rows=1 width=121)
	  Index Cond: (id = 9015968)

table 7 : explain SELECT c FROM sbtest7 WHERE id=6458169
	Index Scan using sbtest7_pkey on sbtest7  (cost=0.43..8.45 rows=1 width=121)
	  Index Cond: (id = 6458169)

table 8 : explain SELECT c FROM sbtest8 WHERE id=7271840
	Index Scan using sbtest8_pkey on sbtest8  (cost=0.43..8.45 rows=1 width=121)
	  Index Cond: (id = 7271840)

for: distinct_ranges
table 1 : explain SELECT DISTINCT c FROM sbtest1 WHERE id BETWEEN 5364918 AND 5365017 ORDER BY c
	Unique  (cost=400.67..401.17 rows=100 width=121)
	  ->  Sort  (cost=400.67..400.92 rows=100 width=121)
	        Sort Key: c
	        ->  Index Scan using sbtest1_pkey on sbtest1  (cost=0.43..397.35 rows=100 width=121)
	              Index Cond: ((id >= 5364918) AND (id <= 5365017))

table 2 : explain SELECT DISTINCT c FROM sbtest2 WHERE id BETWEEN 8916357 AND 8916456 ORDER BY c
	Unique  (cost=381.62..382.09 rows=95 width=121)
	  ->  Sort  (cost=381.62..381.86 rows=95 width=121)
	        Sort Key: c
	        ->  Index Scan using sbtest2_pkey on sbtest2  (cost=0.43..378.50 rows=95 width=121)
	              Index Cond: ((id >= 8916357) AND (id <= 8916456))

table 3 : explain SELECT DISTINCT c FROM sbtest3 WHERE id BETWEEN 7957927 AND 7958026 ORDER BY c
	Unique  (cost=404.73..405.23 rows=101 width=121)
	  ->  Sort  (cost=404.73..404.98 rows=101 width=121)
	        Sort Key: c
	        ->  Index Scan using sbtest3_pkey on sbtest3  (cost=0.43..401.37 rows=101 width=121)
	              Index Cond: ((id >= 7957927) AND (id <= 7958026))

table 4 : explain SELECT DISTINCT c FROM sbtest4 WHERE id BETWEEN 1144363 AND 1144462 ORDER BY c
	Unique  (cost=438.52..439.07 rows=109 width=121)
	  ->  Sort  (cost=438.52..438.80 rows=109 width=121)
	        Sort Key: c
	        ->  Index Scan using sbtest4_pkey on sbtest4  (cost=0.43..434.83 rows=109 width=121)
	              Index Cond: ((id >= 1144363) AND (id <= 1144462))

table 5 : explain SELECT DISTINCT c FROM sbtest5 WHERE id BETWEEN 9378112 AND 9378211 ORDER BY c
	Unique  (cost=405.13..405.63 rows=101 width=121)
	  ->  Sort  (cost=405.13..405.38 rows=101 width=121)
	        Sort Key: c
	        ->  Index Scan using sbtest5_pkey on sbtest5  (cost=0.43..401.76 rows=101 width=121)
	              Index Cond: ((id >= 9378112) AND (id <= 9378211))

table 6 : explain SELECT DISTINCT c FROM sbtest6 WHERE id BETWEEN 3328086 AND 3328185 ORDER BY c
	Unique  (cost=364.96..365.41 rows=91 width=121)
	  ->  Sort  (cost=364.96..365.19 rows=91 width=121)
	        Sort Key: c
	        ->  Index Scan using sbtest6_pkey on sbtest6  (cost=0.43..362.00 rows=91 width=121)
	              Index Cond: ((id >= 3328086) AND (id <= 3328185))

table 7 : explain SELECT DISTINCT c FROM sbtest7 WHERE id BETWEEN 1418412 AND 1418511 ORDER BY c
	Unique  (cost=364.84..365.29 rows=91 width=121)
	  ->  Sort  (cost=364.84..365.07 rows=91 width=121)
	        Sort Key: c
	        ->  Index Scan using sbtest7_pkey on sbtest7  (cost=0.43..361.88 rows=91 width=121)
	              Index Cond: ((id >= 1418412) AND (id <= 1418511))

table 8 : explain SELECT DISTINCT c FROM sbtest8 WHERE id BETWEEN 776835 AND 776934 ORDER BY c
	Unique  (cost=412.41..412.92 rows=103 width=121)
	  ->  Sort  (cost=412.41..412.67 rows=103 width=121)
	        Sort Key: c
	        ->  Index Scan using sbtest8_pkey on sbtest8  (cost=0.43..408.96 rows=103 width=121)
	              Index Cond: ((id >= 776835) AND (id <= 776934))

for point_selects
table 1 : explain SELECT c FROM sbtest1 WHERE id=9631822
	Index Scan using sbtest1_pkey on sbtest1  (cost=0.43..8.45 rows=1 width=121)
	  Index Cond: (id = 9631822)

table 2 : explain SELECT c FROM sbtest2 WHERE id=4715230
	Index Scan using sbtest2_pkey on sbtest2  (cost=0.43..8.45 rows=1 width=121)
	  Index Cond: (id = 4715230)

table 3 : explain SELECT c FROM sbtest3 WHERE id=4885526
	Index Scan using sbtest3_pkey on sbtest3  (cost=0.43..8.45 rows=1 width=121)
	  Index Cond: (id = 4885526)

table 4 : explain SELECT c FROM sbtest4 WHERE id=1349167
	Index Scan using sbtest4_pkey on sbtest4  (cost=0.43..8.45 rows=1 width=121)
	  Index Cond: (id = 1349167)

table 5 : explain SELECT c FROM sbtest5 WHERE id=3995213
	Index Scan using sbtest5_pkey on sbtest5  (cost=0.43..8.45 rows=1 width=121)
	  Index Cond: (id = 3995213)

table 6 : explain SELECT c FROM sbtest6 WHERE id=3560426
	Index Scan using sbtest6_pkey on sbtest6  (cost=0.43..8.45 rows=1 width=121)
	  Index Cond: (id = 3560426)

table 7 : explain SELECT c FROM sbtest7 WHERE id=2614688
	Index Scan using sbtest7_pkey on sbtest7  (cost=0.43..8.45 rows=1 width=121)
	  Index Cond: (id = 2614688)

table 8 : explain SELECT c FROM sbtest8 WHERE id=4424933
	Index Scan using sbtest8_pkey on sbtest8  (cost=0.43..8.45 rows=1 width=121)
	  Index Cond: (id = 4424933)

for: distinct_ranges
table 1 : explain SELECT DISTINCT c FROM sbtest1 WHERE id BETWEEN 5007015 AND 5007114 ORDER BY c
	Unique  (cost=432.41..432.95 rows=108 width=121)
	  ->  Sort  (cost=432.41..432.68 rows=108 width=121)
	        Sort Key: c
	        ->  Index Scan using sbtest1_pkey on sbtest1  (cost=0.43..428.77 rows=108 width=121)
	              Index Cond: ((id >= 5007015) AND (id <= 5007114))

table 2 : explain SELECT DISTINCT c FROM sbtest2 WHERE id BETWEEN 2766461 AND 2766560 ORDER BY c
	Unique  (cost=421.38..421.91 rows=105 width=121)
	  ->  Sort  (cost=421.38..421.64 rows=105 width=121)
	        Sort Key: c
	        ->  Index Scan using sbtest2_pkey on sbtest2  (cost=0.43..417.86 rows=105 width=121)
	              Index Cond: ((id >= 2766461) AND (id <= 2766560))

table 3 : explain SELECT DISTINCT c FROM sbtest3 WHERE id BETWEEN 2944427 AND 2944526 ORDER BY c
	Unique  (cost=436.48..437.03 rows=109 width=121)
	  ->  Sort  (cost=436.48..436.75 rows=109 width=121)
	        Sort Key: c
	        ->  Index Scan using sbtest3_pkey on sbtest3  (cost=0.43..432.79 rows=109 width=121)
	              Index Cond: ((id >= 2944427) AND (id <= 2944526))

table 4 : explain SELECT DISTINCT c FROM sbtest4 WHERE id BETWEEN 7565811 AND 7565910 ORDER BY c
	Unique  (cost=414.59..415.11 rows=103 width=121)
	  ->  Sort  (cost=414.59..414.85 rows=103 width=121)
	        Sort Key: c
	        ->  Index Scan using sbtest4_pkey on sbtest4  (cost=0.43..411.15 rows=103 width=121)
	              Index Cond: ((id >= 7565811) AND (id <= 7565910))

table 5 : explain SELECT DISTINCT c FROM sbtest5 WHERE id BETWEEN 992540 AND 992639 ORDER BY c
	Unique  (cost=393.21..393.70 rows=98 width=121)
	  ->  Sort  (cost=393.21..393.45 rows=98 width=121)
	        Sort Key: c
	        ->  Index Scan using sbtest5_pkey on sbtest5  (cost=0.43..389.97 rows=98 width=121)
	              Index Cond: ((id >= 992540) AND (id <= 992639))

table 6 : explain SELECT DISTINCT c FROM sbtest6 WHERE id BETWEEN 1722210 AND 1722309 ORDER BY c
	Unique  (cost=349.09..349.52 rows=87 width=121)
	  ->  Sort  (cost=349.09..349.31 rows=87 width=121)
	        Sort Key: c
	        ->  Index Scan using sbtest6_pkey on sbtest6  (cost=0.43..346.29 rows=87 width=121)
	              Index Cond: ((id >= 1722210) AND (id <= 1722309))

table 7 : explain SELECT DISTINCT c FROM sbtest7 WHERE id BETWEEN 4726404 AND 4726503 ORDER BY c
	Unique  (cost=400.56..401.06 rows=100 width=121)
	  ->  Sort  (cost=400.56..400.81 rows=100 width=121)
	        Sort Key: c
	        ->  Index Scan using sbtest7_pkey on sbtest7  (cost=0.43..397.24 rows=100 width=121)
	              Index Cond: ((id >= 4726404) AND (id <= 4726503))

table 8 : explain SELECT DISTINCT c FROM sbtest8 WHERE id BETWEEN 5215706 AND 5215805 ORDER BY c
	Unique  (cost=412.41..412.92 rows=103 width=121)
	  ->  Sort  (cost=412.41..412.67 rows=103 width=121)
	        Sort Key: c
	        ->  Index Scan using sbtest8_pkey on sbtest8  (cost=0.43..408.96 rows=103 width=121)
	              Index Cond: ((id >= 5215706) AND (id <= 5215805))

for point_selects
table 1 : explain SELECT c FROM sbtest1 WHERE id=5032517
	Index Scan using sbtest1_pkey on sbtest1  (cost=0.43..8.45 rows=1 width=121)
	  Index Cond: (id = 5032517)

table 2 : explain SELECT c FROM sbtest2 WHERE id=5746016
	Index Scan using sbtest2_pkey on sbtest2  (cost=0.43..8.45 rows=1 width=121)
	  Index Cond: (id = 5746016)

table 3 : explain SELECT c FROM sbtest3 WHERE id=435992
	Index Scan using sbtest3_pkey on sbtest3  (cost=0.43..8.45 rows=1 width=121)
	  Index Cond: (id = 435992)

table 4 : explain SELECT c FROM sbtest4 WHERE id=1436121
	Index Scan using sbtest4_pkey on sbtest4  (cost=0.43..8.45 rows=1 width=121)
	  Index Cond: (id = 1436121)

table 5 : explain SELECT c FROM sbtest5 WHERE id=4016279
	Index Scan using sbtest5_pkey on sbtest5  (cost=0.43..8.45 rows=1 width=121)
	  Index Cond: (id = 4016279)

table 6 : explain SELECT c FROM sbtest6 WHERE id=6954548
	Index Scan using sbtest6_pkey on sbtest6  (cost=0.43..8.45 rows=1 width=121)
	  Index Cond: (id = 6954548)

table 7 : explain SELECT c FROM sbtest7 WHERE id=7730154
	Index Scan using sbtest7_pkey on sbtest7  (cost=0.43..8.45 rows=1 width=121)
	  Index Cond: (id = 7730154)

table 8 : explain SELECT c FROM sbtest8 WHERE id=7156758
	Index Scan using sbtest8_pkey on sbtest8  (cost=0.43..8.45 rows=1 width=121)
	  Index Cond: (id = 7156758)

for: sum_ranges
table 1 : explain SELECT SUM(k) FROM sbtest1 WHERE id BETWEEN 9455994 AND 9456093
	Aggregate  (cost=421.18..421.19 rows=1 width=8)
	  ->  Index Scan using sbtest1_pkey on sbtest1  (cost=0.43..420.91 rows=106 width=4)
	        Index Cond: ((id >= 9455994) AND (id <= 9456093))

table 2 : explain SELECT SUM(k) FROM sbtest2 WHERE id BETWEEN 6556801 AND 6556900
	Aggregate  (cost=394.49..394.50 rows=1 width=8)
	  ->  Index Scan using sbtest2_pkey on sbtest2  (cost=0.43..394.24 rows=99 width=4)
	        Index Cond: ((id >= 6556801) AND (id <= 6556900))

table 3 : explain SELECT SUM(k) FROM sbtest3 WHERE id BETWEEN 734353 AND 734452
	Aggregate  (cost=374.10..374.11 rows=1 width=8)
	  ->  Index Scan using sbtest3_pkey on sbtest3  (cost=0.43..373.87 rows=94 width=4)
	        Index Cond: ((id >= 734353) AND (id <= 734452))

table 4 : explain SELECT SUM(k) FROM sbtest4 WHERE id BETWEEN 9082117 AND 9082216
	Aggregate  (cost=356.09..356.10 rows=1 width=8)
	  ->  Index Scan using sbtest4_pkey on sbtest4  (cost=0.43..355.87 rows=89 width=4)
	        Index Cond: ((id >= 9082117) AND (id <= 9082216))

table 5 : explain SELECT SUM(k) FROM sbtest5 WHERE id BETWEEN 9691231 AND 9691330
	Aggregate  (cost=421.69..421.70 rows=1 width=8)
	  ->  Index Scan using sbtest5_pkey on sbtest5  (cost=0.43..421.43 rows=106 width=4)
	        Index Cond: ((id >= 9691231) AND (id <= 9691330))

table 6 : explain SELECT SUM(k) FROM sbtest6 WHERE id BETWEEN 1488182 AND 1488281
	Aggregate  (cost=381.90..381.91 rows=1 width=8)
	  ->  Index Scan using sbtest6_pkey on sbtest6  (cost=0.43..381.66 rows=96 width=4)
	        Index Cond: ((id >= 1488182) AND (id <= 1488281))

table 7 : explain SELECT SUM(k) FROM sbtest7 WHERE id BETWEEN 8879380 AND 8879479
	Aggregate  (cost=373.91..373.92 rows=1 width=8)
	  ->  Index Scan using sbtest7_pkey on sbtest7  (cost=0.43..373.68 rows=94 width=4)
	        Index Cond: ((id >= 8879380) AND (id <= 8879479))

table 8 : explain SELECT SUM(k) FROM sbtest8 WHERE id BETWEEN 7528065 AND 7528164
	Aggregate  (cost=397.44..397.45 rows=1 width=8)
	  ->  Index Scan using sbtest8_pkey on sbtest8  (cost=0.43..397.19 rows=100 width=4)
	        Index Cond: ((id >= 7528065) AND (id <= 7528164))

explain: for point_selects :: explain SELECT c FROM sbtest%u WHERE id=%u
for point_selects
table 1 : explain SELECT c FROM sbtest1 WHERE id=2667071
	Index Scan using sbtest1_pkey on sbtest1  (cost=0.43..8.45 rows=1 width=121)
	  Index Cond: (id = 2667071)

table 2 : explain SELECT c FROM sbtest2 WHERE id=8924123
	Index Scan using sbtest2_pkey on sbtest2  (cost=0.43..8.45 rows=1 width=121)
	  Index Cond: (id = 8924123)

table 3 : explain SELECT c FROM sbtest3 WHERE id=5073138
	Index Scan using sbtest3_pkey on sbtest3  (cost=0.43..8.45 rows=1 width=121)
	  Index Cond: (id = 5073138)

table 4 : explain SELECT c FROM sbtest4 WHERE id=5191306
	Index Scan using sbtest4_pkey on sbtest4  (cost=0.43..8.45 rows=1 width=121)
	  Index Cond: (id = 5191306)

table 5 : explain SELECT c FROM sbtest5 WHERE id=1275034
	Index Scan using sbtest5_pkey on sbtest5  (cost=0.43..8.45 rows=1 width=121)
	  Index Cond: (id = 1275034)

table 6 : explain SELECT c FROM sbtest6 WHERE id=1455144
	Index Scan using sbtest6_pkey on sbtest6  (cost=0.43..8.45 rows=1 width=121)
	  Index Cond: (id = 1455144)

table 7 : explain SELECT c FROM sbtest7 WHERE id=4860952
	Index Scan using sbtest7_pkey on sbtest7  (cost=0.43..8.45 rows=1 width=121)
	  Index Cond: (id = 4860952)

table 8 : explain SELECT c FROM sbtest8 WHERE id=1383722
	Index Scan using sbtest8_pkey on sbtest8  (cost=0.43..8.45 rows=1 width=121)
	  Index Cond: (id = 1383722)

for: simple_ranges
table 1 : explain SELECT c FROM sbtest1 WHERE id BETWEEN 9557068 AND 9557167
	Index Scan using sbtest1_pkey on sbtest1  (cost=0.43..385.56 rows=97 width=121)
	  Index Cond: ((id >= 9557068) AND (id <= 9557167))

table 2 : explain SELECT c FROM sbtest2 WHERE id BETWEEN 6385688 AND 6385787
	Index Scan using sbtest2_pkey on sbtest2  (cost=0.43..421.79 rows=106 width=121)
	  Index Cond: ((id >= 6385688) AND (id <= 6385787))

table 3 : explain SELECT c FROM sbtest3 WHERE id BETWEEN 7201020 AND 7201119
	Index Scan using sbtest3_pkey on sbtest3  (cost=0.43..377.79 rows=95 width=121)
	  Index Cond: ((id >= 7201020) AND (id <= 7201119))

table 4 : explain SELECT c FROM sbtest4 WHERE id BETWEEN 8146111 AND 8146210
	Index Scan using sbtest4_pkey on sbtest4  (cost=0.43..395.36 rows=99 width=121)
	  Index Cond: ((id >= 8146111) AND (id <= 8146210))

table 5 : explain SELECT c FROM sbtest5 WHERE id BETWEEN 7989032 AND 7989131
	Index Scan using sbtest5_pkey on sbtest5  (cost=0.43..405.70 rows=102 width=121)
	  Index Cond: ((id >= 7989032) AND (id <= 7989131))

table 6 : explain SELECT c FROM sbtest6 WHERE id BETWEEN 6995716 AND 6995815
	Index Scan using sbtest6_pkey on sbtest6  (cost=0.43..377.73 rows=95 width=121)
	  Index Cond: ((id >= 6995716) AND (id <= 6995815))

table 7 : explain SELECT c FROM sbtest7 WHERE id BETWEEN 4704705 AND 4704804
	Index Scan using sbtest7_pkey on sbtest7  (cost=0.43..397.24 rows=100 width=121)
	  Index Cond: ((id >= 4704705) AND (id <= 4704804))

table 8 : explain SELECT c FROM sbtest8 WHERE id BETWEEN 6352918 AND 6353017
	Index Scan using sbtest8_pkey on sbtest8  (cost=0.43..436.45 rows=110 width=121)
	  Index Cond: ((id >= 6352918) AND (id <= 6353017))

for: distinct_ranges
table 1 : explain SELECT DISTINCT c FROM sbtest1 WHERE id BETWEEN 4711218 AND 4711317 ORDER BY c
	Unique  (cost=368.90..369.36 rows=92 width=121)
	  ->  Sort  (cost=368.90..369.13 rows=92 width=121)
	        Sort Key: c
	        ->  Index Scan using sbtest1_pkey on sbtest1  (cost=0.43..365.90 rows=92 width=121)
	              Index Cond: ((id >= 4711218) AND (id <= 4711317))

table 2 : explain SELECT DISTINCT c FROM sbtest2 WHERE id BETWEEN 330088 AND 330187 ORDER BY c
	Unique  (cost=397.52..398.02 rows=99 width=121)
	  ->  Sort  (cost=397.52..397.77 rows=99 width=121)
	        Sort Key: c
	        ->  Index Scan using sbtest2_pkey on sbtest2  (cost=0.43..394.24 rows=99 width=121)
	              Index Cond: ((id >= 330088) AND (id <= 330187))

table 3 : explain SELECT DISTINCT c FROM sbtest3 WHERE id BETWEEN 9195230 AND 9195329 ORDER BY c
	Unique  (cost=420.60..421.13 rows=105 width=121)
	  ->  Sort  (cost=420.60..420.87 rows=105 width=121)
	        Sort Key: c
	        ->  Index Scan using sbtest3_pkey on sbtest3  (cost=0.43..417.08 rows=105 width=121)
	              Index Cond: ((id >= 9195230) AND (id <= 9195329))

table 4 : explain SELECT DISTINCT c FROM sbtest4 WHERE id BETWEEN 6345064 AND 6345163 ORDER BY c
	Unique  (cost=446.50..447.06 rows=111 width=121)
	  ->  Sort  (cost=446.50..446.78 rows=111 width=121)
	        Sort Key: c
	        ->  Index Scan using sbtest4_pkey on sbtest4  (cost=0.43..442.73 rows=111 width=121)
	              Index Cond: ((id >= 6345064) AND (id <= 6345163))

table 5 : explain SELECT DISTINCT c FROM sbtest5 WHERE id BETWEEN 3533417 AND 3533516 ORDER BY c
	Unique  (cost=365.38..365.83 rows=91 width=121)
	  ->  Sort  (cost=365.38..365.61 rows=91 width=121)
	        Sort Key: c
	        ->  Index Scan using sbtest5_pkey on sbtest5  (cost=0.43..362.42 rows=91 width=121)
	              Index Cond: ((id >= 3533417) AND (id <= 3533516))

table 6 : explain SELECT DISTINCT c FROM sbtest6 WHERE id BETWEEN 2454654 AND 2454753 ORDER BY c
	Unique  (cost=416.57..417.09 rows=104 width=121)
	  ->  Sort  (cost=416.57..416.83 rows=104 width=121)
	        Sort Key: c
	        ->  Index Scan using sbtest6_pkey on sbtest6  (cost=0.43..413.08 rows=104 width=121)
	              Index Cond: ((id >= 2454654) AND (id <= 2454753))

table 7 : explain SELECT DISTINCT c FROM sbtest7 WHERE id BETWEEN 9605941 AND 9606040 ORDER BY c
	Unique  (cost=408.49..409.00 rows=102 width=121)
	  ->  Sort  (cost=408.49..408.75 rows=102 width=121)
	        Sort Key: c
	        ->  Index Scan using sbtest7_pkey on sbtest7  (cost=0.43..405.09 rows=102 width=121)
	              Index Cond: ((id >= 9605941) AND (id <= 9606040))

table 8 : explain SELECT DISTINCT c FROM sbtest8 WHERE id BETWEEN 460724 AND 460823 ORDER BY c
	Unique  (cost=408.44..408.95 rows=102 width=121)
	  ->  Sort  (cost=408.44..408.70 rows=102 width=121)
	        Sort Key: c
	        ->  Index Scan using sbtest8_pkey on sbtest8  (cost=0.43..405.04 rows=102 width=121)
	              Index Cond: ((id >= 460724) AND (id <= 460823))

for: distinct_ranges
table 1 : explain SELECT DISTINCT c FROM sbtest1 WHERE id BETWEEN 3064663 AND 3064762 ORDER BY c
	Unique  (cost=412.57..413.09 rows=103 width=121)
	  ->  Sort  (cost=412.57..412.83 rows=103 width=121)
	        Sort Key: c
	        ->  Index Scan using sbtest1_pkey on sbtest1  (cost=0.43..409.13 rows=103 width=121)
	              Index Cond: ((id >= 3064663) AND (id <= 3064762))

table 2 : explain SELECT DISTINCT c FROM sbtest2 WHERE id BETWEEN 1585084 AND 1585183 ORDER BY c
	Unique  (cost=389.57..390.06 rows=97 width=121)
	  ->  Sort  (cost=389.57..389.81 rows=97 width=121)
	        Sort Key: c
	        ->  Index Scan using sbtest2_pkey on sbtest2  (cost=0.43..386.37 rows=97 width=121)
	              Index Cond: ((id >= 1585084) AND (id <= 1585183))

table 3 : explain SELECT DISTINCT c FROM sbtest3 WHERE id BETWEEN 6130360 AND 6130459 ORDER BY c
	Unique  (cost=412.67..413.18 rows=103 width=121)
	  ->  Sort  (cost=412.67..412.92 rows=103 width=121)
	        Sort Key: c
	        ->  Index Scan using sbtest3_pkey on sbtest3  (cost=0.43..409.22 rows=103 width=121)
	              Index Cond: ((id >= 6130360) AND (id <= 6130459))

table 4 : explain SELECT DISTINCT c FROM sbtest4 WHERE id BETWEEN 8247742 AND 8247841 ORDER BY c
	Unique  (cost=410.61..411.12 rows=102 width=121)
	  ->  Sort  (cost=410.61..410.86 rows=102 width=121)
	        Sort Key: c
	        ->  Index Scan using sbtest4_pkey on sbtest4  (cost=0.43..407.20 rows=102 width=121)
	              Index Cond: ((id >= 8247742) AND (id <= 8247841))

table 5 : explain SELECT DISTINCT c FROM sbtest5 WHERE id BETWEEN 7313990 AND 7314089 ORDER BY c
	Unique  (cost=397.18..397.68 rows=99 width=121)
	  ->  Sort  (cost=397.18..397.43 rows=99 width=121)
	        Sort Key: c
	        ->  Index Scan using sbtest5_pkey on sbtest5  (cost=0.43..393.90 rows=99 width=121)
	              Index Cond: ((id >= 7313990) AND (id <= 7314089))

table 6 : explain SELECT DISTINCT c FROM sbtest6 WHERE id BETWEEN 1774015 AND 1774114 ORDER BY c
	Unique  (cost=349.09..349.52 rows=87 width=121)
	  ->  Sort  (cost=349.09..349.31 rows=87 width=121)
	        Sort Key: c
	        ->  Index Scan using sbtest6_pkey on sbtest6  (cost=0.43..346.29 rows=87 width=121)
	              Index Cond: ((id >= 1774015) AND (id <= 1774114))

table 7 : explain SELECT DISTINCT c FROM sbtest7 WHERE id BETWEEN 2380169 AND 2380268 ORDER BY c
	Unique  (cost=372.77..373.24 rows=93 width=121)
	  ->  Sort  (cost=372.77..373.00 rows=93 width=121)
	        Sort Key: c
	        ->  Index Scan using sbtest7_pkey on sbtest7  (cost=0.43..369.73 rows=93 width=121)
	              Index Cond: ((id >= 2380169) AND (id <= 2380268))

table 8 : explain SELECT DISTINCT c FROM sbtest8 WHERE id BETWEEN 979251 AND 979350 ORDER BY c
	Unique  (cost=408.44..408.95 rows=102 width=121)
	  ->  Sort  (cost=408.44..408.70 rows=102 width=121)
	        Sort Key: c
	        ->  Index Scan using sbtest8_pkey on sbtest8  (cost=0.43..405.04 rows=102 width=121)
	              Index Cond: ((id >= 979251) AND (id <= 979350))

explain: for point_selects :: explain SELECT c FROM sbtest%u WHERE id=%u
for: simple_ranges
table 1 : explain SELECT c FROM sbtest1 WHERE id BETWEEN 8700657 AND 8700756
	Index Scan using sbtest1_pkey on sbtest1  (cost=0.43..373.78 rows=94 width=121)
	  Index Cond: ((id >= 8700657) AND (id <= 8700756))

table 2 : explain SELECT c FROM sbtest2 WHERE id BETWEEN 1667863 AND 1667962
	Index Scan using sbtest2_pkey on sbtest2  (cost=0.43..374.56 rows=94 width=121)
	  Index Cond: ((id >= 1667863) AND (id <= 1667962))

table 3 : explain SELECT c FROM sbtest3 WHERE id BETWEEN 9199743 AND 9199842
	Index Scan using sbtest3_pkey on sbtest3  (cost=0.43..417.08 rows=105 width=121)
	  Index Cond: ((id >= 9199743) AND (id <= 9199842))

table 4 : explain SELECT c FROM sbtest4 WHERE id BETWEEN 2414708 AND 2414807
	Index Scan using sbtest4_pkey on sbtest4  (cost=0.43..438.78 rows=110 width=121)
	  Index Cond: ((id >= 2414708) AND (id <= 2414807))

table 5 : explain SELECT c FROM sbtest5 WHERE id BETWEEN 22901 AND 23000
	Index Scan using sbtest5_pkey on sbtest5  (cost=0.43..397.83 rows=100 width=121)
	  Index Cond: ((id >= 22901) AND (id <= 23000))

table 6 : explain SELECT c FROM sbtest6 WHERE id BETWEEN 7379055 AND 7379154
	Index Scan using sbtest6_pkey on sbtest6  (cost=0.43..389.51 rows=98 width=121)
	  Index Cond: ((id >= 7379055) AND (id <= 7379154))

table 7 : explain SELECT c FROM sbtest7 WHERE id BETWEEN 519810 AND 519909
	Index Scan using sbtest7_pkey on sbtest7  (cost=0.43..409.02 rows=103 width=121)
	  Index Cond: ((id >= 519810) AND (id <= 519909))

table 8 : explain SELECT c FROM sbtest8 WHERE id BETWEEN 1392212 AND 1392311
	Index Scan using sbtest8_pkey on sbtest8  (cost=0.43..369.71 rows=93 width=121)
	  Index Cond: ((id >= 1392212) AND (id <= 1392311))

for: simple_ranges
table 1 : explain SELECT c FROM sbtest1 WHERE id BETWEEN 7161685 AND 7161784
	Index Scan using sbtest1_pkey on sbtest1  (cost=0.43..397.35 rows=100 width=121)
	  Index Cond: ((id >= 7161685) AND (id <= 7161784))

table 2 : explain SELECT c FROM sbtest2 WHERE id BETWEEN 9051220 AND 9051319
	Index Scan using sbtest2_pkey on sbtest2  (cost=0.43..394.24 rows=99 width=121)
	  Index Cond: ((id >= 9051220) AND (id <= 9051319))

table 3 : explain SELECT c FROM sbtest3 WHERE id BETWEEN 169209 AND 169308
	Index Scan using sbtest3_pkey on sbtest3  (cost=0.43..377.79 rows=95 width=121)
	  Index Cond: ((id >= 169209) AND (id <= 169308))

table 4 : explain SELECT c FROM sbtest4 WHERE id BETWEEN 2482328 AND 2482427
	Index Scan using sbtest4_pkey on sbtest4  (cost=0.43..438.78 rows=110 width=121)
	  Index Cond: ((id >= 2482328) AND (id <= 2482427))

table 5 : explain SELECT c FROM sbtest5 WHERE id BETWEEN 1804104 AND 1804203
	Index Scan using sbtest5_pkey on sbtest5  (cost=0.43..382.10 rows=96 width=121)
	  Index Cond: ((id >= 1804104) AND (id <= 1804203))

table 6 : explain SELECT c FROM sbtest6 WHERE id BETWEEN 9141320 AND 9141419
	Index Scan using sbtest6_pkey on sbtest6  (cost=0.43..428.79 rows=108 width=121)
	  Index Cond: ((id >= 9141320) AND (id <= 9141419))

table 7 : explain SELECT c FROM sbtest7 WHERE id BETWEEN 9452045 AND 9452144
	Index Scan using sbtest7_pkey on sbtest7  (cost=0.43..361.88 rows=91 width=121)
	  Index Cond: ((id >= 9452045) AND (id <= 9452144))

table 8 : explain SELECT c FROM sbtest8 WHERE id BETWEEN 450855 AND 450954
	Index Scan using sbtest8_pkey on sbtest8  (cost=0.43..405.04 rows=102 width=121)
	  Index Cond: ((id >= 450855) AND (id <= 450954))

for: simple_ranges
table 1 : explain SELECT c FROM sbtest1 WHERE id BETWEEN 9409999 AND 9410098
	Index Scan using sbtest1_pkey on sbtest1  (cost=0.43..420.91 rows=106 width=121)
	  Index Cond: ((id >= 9409999) AND (id <= 9410098))

table 2 : explain SELECT c FROM sbtest2 WHERE id BETWEEN 2933507 AND 2933606
	Index Scan using sbtest2_pkey on sbtest2  (cost=0.43..406.05 rows=102 width=121)
	  Index Cond: ((id >= 2933507) AND (id <= 2933606))

table 3 : explain SELECT c FROM sbtest3 WHERE id BETWEEN 7153905 AND 7154004
	Index Scan using sbtest3_pkey on sbtest3  (cost=0.43..377.79 rows=95 width=121)
	  Index Cond: ((id >= 7153905) AND (id <= 7154004))

table 4 : explain SELECT c FROM sbtest4 WHERE id BETWEEN 3768654 AND 3768753
	Index Scan using sbtest4_pkey on sbtest4  (cost=0.43..442.73 rows=111 width=121)
	  Index Cond: ((id >= 3768654) AND (id <= 3768753))

table 5 : explain SELECT c FROM sbtest5 WHERE id BETWEEN 5358748 AND 5358847
	Index Scan using sbtest5_pkey on sbtest5  (cost=0.43..413.56 rows=104 width=121)
	  Index Cond: ((id >= 5358748) AND (id <= 5358847))

table 6 : explain SELECT c FROM sbtest6 WHERE id BETWEEN 3231962 AND 3232061
	Index Scan using sbtest6_pkey on sbtest6  (cost=0.43..424.86 rows=107 width=121)
	  Index Cond: ((id >= 3231962) AND (id <= 3232061))

table 7 : explain SELECT c FROM sbtest7 WHERE id BETWEEN 8680699 AND 8680798
	Index Scan using sbtest7_pkey on sbtest7  (cost=0.43..373.68 rows=94 width=121)
	  Index Cond: ((id >= 8680699) AND (id <= 8680798))

table 8 : explain SELECT c FROM sbtest8 WHERE id BETWEEN 7668452 AND 7668551
	Index Scan using sbtest8_pkey on sbtest8  (cost=0.43..393.26 rows=99 width=121)
	  Index Cond: ((id >= 7668452) AND (id <= 7668551))

for: distinct_ranges
table 1 : explain SELECT DISTINCT c FROM sbtest1 WHERE id BETWEEN 54380 AND 54479 ORDER BY c
	Unique  (cost=392.73..393.22 rows=98 width=121)
	  ->  Sort  (cost=392.73..392.98 rows=98 width=121)
	        Sort Key: c
	        ->  Index Scan using sbtest1_pkey on sbtest1  (cost=0.43..389.49 rows=98 width=121)
	              Index Cond: ((id >= 54380) AND (id <= 54479))

table 2 : explain SELECT DISTINCT c FROM sbtest2 WHERE id BETWEEN 6903191 AND 6903290 ORDER BY c
	Unique  (cost=397.52..398.02 rows=99 width=121)
	  ->  Sort  (cost=397.52..397.77 rows=99 width=121)
	        Sort Key: c
	        ->  Index Scan using sbtest2_pkey on sbtest2  (cost=0.43..394.24 rows=99 width=121)
	              Index Cond: ((id >= 6903191) AND (id <= 6903290))

table 3 : explain SELECT DISTINCT c FROM sbtest3 WHERE id BETWEEN 3135331 AND 3135430 ORDER BY c
	Unique  (cost=440.45..441.00 rows=110 width=121)
	  ->  Sort  (cost=440.45..440.73 rows=110 width=121)
	        Sort Key: c
	        ->  Index Scan using sbtest3_pkey on sbtest3  (cost=0.43..436.72 rows=110 width=121)
	              Index Cond: ((id >= 3135331) AND (id <= 3135430))

table 4 : explain SELECT DISTINCT c FROM sbtest4 WHERE id BETWEEN 1156013 AND 1156112 ORDER BY c
	Unique  (cost=438.52..439.07 rows=109 width=121)
	  ->  Sort  (cost=438.52..438.80 rows=109 width=121)
	        Sort Key: c
	        ->  Index Scan using sbtest4_pkey on sbtest4  (cost=0.43..434.83 rows=109 width=121)
	              Index Cond: ((id >= 1156013) AND (id <= 1156112))

table 5 : explain SELECT DISTINCT c FROM sbtest5 WHERE id BETWEEN 2608596 AND 2608695 ORDER BY c
	Unique  (cost=405.13..405.63 rows=101 width=121)
	  ->  Sort  (cost=405.13..405.38 rows=101 width=121)
	        Sort Key: c
	        ->  Index Scan using sbtest5_pkey on sbtest5  (cost=0.43..401.76 rows=101 width=121)
	              Index Cond: ((id >= 2608596) AND (id <= 2608695))

table 6 : explain SELECT DISTINCT c FROM sbtest6 WHERE id BETWEEN 7303465 AND 7303564 ORDER BY c
	Unique  (cost=396.72..397.22 rows=99 width=121)
	  ->  Sort  (cost=396.72..396.97 rows=99 width=121)
	        Sort Key: c
	        ->  Index Scan using sbtest6_pkey on sbtest6  (cost=0.43..393.44 rows=99 width=121)
	              Index Cond: ((id >= 7303465) AND (id <= 7303564))

table 7 : explain SELECT DISTINCT c FROM sbtest7 WHERE id BETWEEN 7262960 AND 7263059 ORDER BY c
	Unique  (cost=408.49..409.00 rows=102 width=121)
	  ->  Sort  (cost=408.49..408.75 rows=102 width=121)
	        Sort Key: c
	        ->  Index Scan using sbtest7_pkey on sbtest7  (cost=0.43..405.09 rows=102 width=121)
	              Index Cond: ((id >= 7262960) AND (id <= 7263059))

table 8 : explain SELECT DISTINCT c FROM sbtest8 WHERE id BETWEEN 1058253 AND 1058352 ORDER BY c
	Unique  (cost=408.44..408.95 rows=102 width=121)
	  ->  Sort  (cost=408.44..408.70 rows=102 width=121)
	        Sort Key: c
	        ->  Index Scan using sbtest8_pkey on sbtest8  (cost=0.43..405.04 rows=102 width=121)
	              Index Cond: ((id >= 1058253) AND (id <= 1058352))

for: order_ranges
table 1 : explain SELECT c FROM sbtest1 WHERE id BETWEEN 8269446 AND 8269545 ORDER BY c
	Sort  (cost=436.38..436.65 rows=109 width=121)
	  Sort Key: c
	  ->  Index Scan using sbtest1_pkey on sbtest1  (cost=0.43..432.69 rows=109 width=121)
	        Index Cond: ((id >= 8269446) AND (id <= 8269545))

table 2 : explain SELECT c FROM sbtest2 WHERE id BETWEEN 9772017 AND 9772116 ORDER BY c
	Sort  (cost=401.50..401.75 rows=100 width=121)
	  Sort Key: c
	  ->  Index Scan using sbtest2_pkey on sbtest2  (cost=0.43..398.18 rows=100 width=121)
	        Index Cond: ((id >= 9772017) AND (id <= 9772116))

table 3 : explain SELECT c FROM sbtest3 WHERE id BETWEEN 9266764 AND 9266863 ORDER BY c
	Sort  (cost=388.85..389.09 rows=97 width=121)
	  Sort Key: c
	  ->  Index Scan using sbtest3_pkey on sbtest3  (cost=0.43..385.65 rows=97 width=121)
	        Index Cond: ((id >= 9266764) AND (id <= 9266863))

table 4 : explain SELECT c FROM sbtest4 WHERE id BETWEEN 3621711 AND 3621810 ORDER BY c
	Sort  (cost=414.59..414.85 rows=103 width=121)
	  Sort Key: c
	  ->  Index Scan using sbtest4_pkey on sbtest4  (cost=0.43..411.15 rows=103 width=121)
	        Index Cond: ((id >= 3621711) AND (id <= 3621810))

table 5 : explain SELECT c FROM sbtest5 WHERE id BETWEEN 6194125 AND 6194224 ORDER BY c
	Sort  (cost=488.57..488.88 rows=122 width=121)
	  Sort Key: c
	  ->  Index Scan using sbtest5_pkey on sbtest5  (cost=0.43..484.35 rows=122 width=121)
	        Index Cond: ((id >= 6194125) AND (id <= 6194224))

table 6 : explain SELECT c FROM sbtest6 WHERE id BETWEEN 7219028 AND 7219127 ORDER BY c
	Sort  (cost=396.72..396.97 rows=99 width=121)
	  Sort Key: c
	  ->  Index Scan using sbtest6_pkey on sbtest6  (cost=0.43..393.44 rows=99 width=121)
	        Index Cond: ((id >= 7219028) AND (id <= 7219127))

table 7 : explain SELECT c FROM sbtest7 WHERE id BETWEEN 218171 AND 218270 ORDER BY c
	Sort  (cost=396.59..396.84 rows=99 width=121)
	  Sort Key: c
	  ->  Index Scan using sbtest7_pkey on sbtest7  (cost=0.43..393.31 rows=99 width=121)
	        Index Cond: ((id >= 218171) AND (id <= 218270))

table 8 : explain SELECT c FROM sbtest8 WHERE id BETWEEN 5950884 AND 5950983 ORDER BY c
	Sort  (cost=416.37..416.63 rows=104 width=121)
	  Sort Key: c
	  ->  Index Scan using sbtest8_pkey on sbtest8  (cost=0.43..412.89 rows=104 width=121)
	        Index Cond: ((id >= 5950884) AND (id <= 5950983))

for: sum_ranges
table 1 : explain SELECT SUM(k) FROM sbtest1 WHERE id BETWEEN 4264095 AND 4264194
	Aggregate  (cost=397.60..397.61 rows=1 width=8)
	  ->  Index Scan using sbtest1_pkey on sbtest1  (cost=0.43..397.35 rows=100 width=4)
	        Index Cond: ((id >= 4264095) AND (id <= 4264194))

table 2 : explain SELECT SUM(k) FROM sbtest2 WHERE id BETWEEN 8942938 AND 8943037
	Aggregate  (cost=378.73..378.74 rows=1 width=8)
	  ->  Index Scan using sbtest2_pkey on sbtest2  (cost=0.43..378.50 rows=95 width=4)
	        Index Cond: ((id >= 8942938) AND (id <= 8943037))

table 3 : explain SELECT SUM(k) FROM sbtest3 WHERE id BETWEEN 7984660 AND 7984759
	Aggregate  (cost=401.62..401.63 rows=1 width=8)
	  ->  Index Scan using sbtest3_pkey on sbtest3  (cost=0.43..401.37 rows=101 width=4)
	        Index Cond: ((id >= 7984660) AND (id <= 7984759))

table 4 : explain SELECT SUM(k) FROM sbtest4 WHERE id BETWEEN 4581951 AND 4582050
	Aggregate  (cost=371.91..371.92 rows=1 width=8)
	  ->  Index Scan using sbtest4_pkey on sbtest4  (cost=0.43..371.68 rows=93 width=4)
	        Index Cond: ((id >= 4581951) AND (id <= 4582050))

table 5 : explain SELECT SUM(k) FROM sbtest5 WHERE id BETWEEN 4693768 AND 4693867
	Aggregate  (cost=386.28..386.29 rows=1 width=8)
	  ->  Index Scan using sbtest5_pkey on sbtest5  (cost=0.43..386.03 rows=97 width=4)
	        Index Cond: ((id >= 4693768) AND (id <= 4693867))

table 6 : explain SELECT SUM(k) FROM sbtest6 WHERE id BETWEEN 1996258 AND 1996357
	Aggregate  (cost=405.48..405.49 rows=1 width=8)
	  ->  Index Scan using sbtest6_pkey on sbtest6  (cost=0.43..405.23 rows=102 width=4)
	        Index Cond: ((id >= 1996258) AND (id <= 1996357))

table 7 : explain SELECT SUM(k) FROM sbtest7 WHERE id BETWEEN 2082108 AND 2082207
	Aggregate  (cost=393.56..393.57 rows=1 width=8)
	  ->  Index Scan using sbtest7_pkey on sbtest7  (cost=0.43..393.31 rows=99 width=4)
	        Index Cond: ((id >= 2082108) AND (id <= 2082207))

table 8 : explain SELECT SUM(k) FROM sbtest8 WHERE id BETWEEN 3690733 AND 3690832
	Aggregate  (cost=409.22..409.23 rows=1 width=8)
	  ->  Index Scan using sbtest8_pkey on sbtest8  (cost=0.43..408.96 rows=103 width=4)
	        Index Cond: ((id >= 3690733) AND (id <= 3690832))

for: sum_ranges
table 1 : explain SELECT SUM(k) FROM sbtest1 WHERE id BETWEEN 2474761 AND 2474860
	Aggregate  (cost=436.90..436.91 rows=1 width=8)
	  ->  Index Scan using sbtest1_pkey on sbtest1  (cost=0.43..436.62 rows=110 width=4)
	        Index Cond: ((id >= 2474761) AND (id <= 2474860))

table 2 : explain SELECT SUM(k) FROM sbtest2 WHERE id BETWEEN 640552 AND 640651
	Aggregate  (cost=429.93..429.94 rows=1 width=8)
	  ->  Index Scan using sbtest2_pkey on sbtest2  (cost=0.43..429.66 rows=108 width=4)
	        Index Cond: ((id >= 640552) AND (id <= 640651))

table 3 : explain SELECT SUM(k) FROM sbtest3 WHERE id BETWEEN 3537452 AND 3537551
	Aggregate  (cost=413.41..413.42 rows=1 width=8)
	  ->  Index Scan using sbtest3_pkey on sbtest3  (cost=0.43..413.15 rows=104 width=4)
	        Index Cond: ((id >= 3537452) AND (id <= 3537551))

table 4 : explain SELECT SUM(k) FROM sbtest4 WHERE id BETWEEN 1520974 AND 1521073
	Aggregate  (cost=387.71..387.72 rows=1 width=8)
	  ->  Index Scan using sbtest4_pkey on sbtest4  (cost=0.43..387.47 rows=97 width=4)
	        Index Cond: ((id >= 1520974) AND (id <= 1521073))

table 5 : explain SELECT SUM(k) FROM sbtest5 WHERE id BETWEEN 9120710 AND 9120809
	Aggregate  (cost=386.28..386.29 rows=1 width=8)
	  ->  Index Scan using sbtest5_pkey on sbtest5  (cost=0.43..386.03 rows=97 width=4)
	        Index Cond: ((id >= 9120710) AND (id <= 9120809))

table 6 : explain SELECT SUM(k) FROM sbtest6 WHERE id BETWEEN 3400185 AND 3400284
	Aggregate  (cost=346.50..346.51 rows=1 width=8)
	  ->  Index Scan using sbtest6_pkey on sbtest6  (cost=0.43..346.29 rows=87 width=4)
	        Index Cond: ((id >= 3400185) AND (id <= 3400284))

table 7 : explain SELECT SUM(k) FROM sbtest7 WHERE id BETWEEN 1186831 AND 1186930
	Aggregate  (cost=389.63..389.64 rows=1 width=8)
	  ->  Index Scan using sbtest7_pkey on sbtest7  (cost=0.43..389.39 rows=98 width=4)
	        Index Cond: ((id >= 1186831) AND (id <= 1186930))

table 8 : explain SELECT SUM(k) FROM sbtest8 WHERE id BETWEEN 5133699 AND 5133798
	Aggregate  (cost=369.91..369.92 rows=1 width=8)
	  ->  Index Scan using sbtest8_pkey on sbtest8  (cost=0.43..369.68 rows=93 width=4)
	        Index Cond: ((id >= 5133699) AND (id <= 5133798))

for: simple_ranges
table 1 : explain SELECT c FROM sbtest1 WHERE id BETWEEN 3626775 AND 3626874
	Index Scan using sbtest1_pkey on sbtest1  (cost=0.43..365.90 rows=92 width=121)
	  Index Cond: ((id >= 3626775) AND (id <= 3626874))

table 2 : explain SELECT c FROM sbtest2 WHERE id BETWEEN 5238559 AND 5238658
	Index Scan using sbtest2_pkey on sbtest2  (cost=0.43..390.31 rows=98 width=121)
	  Index Cond: ((id >= 5238559) AND (id <= 5238658))

table 3 : explain SELECT c FROM sbtest3 WHERE id BETWEEN 3656921 AND 3657020
	Index Scan using sbtest3_pkey on sbtest3  (cost=0.43..354.20 rows=89 width=121)
	  Index Cond: ((id >= 3656921) AND (id <= 3657020))

table 4 : explain SELECT c FROM sbtest4 WHERE id BETWEEN 8139605 AND 8139704
	Index Scan using sbtest4_pkey on sbtest4  (cost=0.43..395.36 rows=99 width=121)
	  Index Cond: ((id >= 8139605) AND (id <= 8139704))

table 5 : explain SELECT c FROM sbtest5 WHERE id BETWEEN 2292390 AND 2292489
	Index Scan using sbtest5_pkey on sbtest5  (cost=0.43..405.70 rows=102 width=121)
	  Index Cond: ((id >= 2292390) AND (id <= 2292489))

table 6 : explain SELECT c FROM sbtest6 WHERE id BETWEEN 6651335 AND 6651434
	Index Scan using sbtest6_pkey on sbtest6  (cost=0.43..428.79 rows=108 width=121)
	  Index Cond: ((id >= 6651335) AND (id <= 6651434))

table 7 : explain SELECT c FROM sbtest7 WHERE id BETWEEN 8561751 AND 8561850
	Index Scan using sbtest7_pkey on sbtest7  (cost=0.43..373.68 rows=94 width=121)
	  Index Cond: ((id >= 8561751) AND (id <= 8561850))

table 8 : explain SELECT c FROM sbtest8 WHERE id BETWEEN 3394544 AND 3394643
	Index Scan using sbtest8_pkey on sbtest8  (cost=0.43..381.48 rows=96 width=121)
	  Index Cond: ((id >= 3394544) AND (id <= 3394643))

for: sum_ranges
table 1 : explain SELECT SUM(k) FROM sbtest1 WHERE id BETWEEN 9530297 AND 9530396
	Aggregate  (cost=385.81..385.82 rows=1 width=8)
	  ->  Index Scan using sbtest1_pkey on sbtest1  (cost=0.43..385.56 rows=97 width=4)
	        Index Cond: ((id >= 9530297) AND (id <= 9530396))

table 2 : explain SELECT SUM(k) FROM sbtest2 WHERE id BETWEEN 8614938 AND 8615037
	Aggregate  (cost=370.86..370.87 rows=1 width=8)
	  ->  Index Scan using sbtest2_pkey on sbtest2  (cost=0.43..370.63 rows=93 width=4)
	        Index Cond: ((id >= 8614938) AND (id <= 8615037))

table 3 : explain SELECT SUM(k) FROM sbtest3 WHERE id BETWEEN 7008103 AND 7008202
	Aggregate  (cost=393.76..393.77 rows=1 width=8)
	  ->  Index Scan using sbtest3_pkey on sbtest3  (cost=0.43..393.51 rows=99 width=4)
	        Index Cond: ((id >= 7008103) AND (id <= 7008202))

table 4 : explain SELECT SUM(k) FROM sbtest4 WHERE id BETWEEN 3375264 AND 3375363
	Aggregate  (cost=371.91..371.92 rows=1 width=8)
	  ->  Index Scan using sbtest4_pkey on sbtest4  (cost=0.43..371.68 rows=93 width=4)
	        Index Cond: ((id >= 3375264) AND (id <= 3375363))

table 5 : explain SELECT SUM(k) FROM sbtest5 WHERE id BETWEEN 1755021 AND 1755120
	Aggregate  (cost=417.76..417.77 rows=1 width=8)
	  ->  Index Scan using sbtest5_pkey on sbtest5  (cost=0.43..417.49 rows=105 width=4)
	        Index Cond: ((id >= 1755021) AND (id <= 1755120))

table 6 : explain SELECT SUM(k) FROM sbtest6 WHERE id BETWEEN 2000380 AND 2000479
	Aggregate  (cost=405.48..405.49 rows=1 width=8)
	  ->  Index Scan using sbtest6_pkey on sbtest6  (cost=0.43..405.23 rows=102 width=4)
	        Index Cond: ((id >= 2000380) AND (id <= 2000479))

table 7 : explain SELECT SUM(k) FROM sbtest7 WHERE id BETWEEN 8269977 AND 8270076
	Aggregate  (cost=389.63..389.64 rows=1 width=8)
	  ->  Index Scan using sbtest7_pkey on sbtest7  (cost=0.43..389.39 rows=98 width=4)
	        Index Cond: ((id >= 8269977) AND (id <= 8270076))

table 8 : explain SELECT SUM(k) FROM sbtest8 WHERE id BETWEEN 9747852 AND 9747951
	Aggregate  (cost=362.06..362.07 rows=1 width=8)
	  ->  Index Scan using sbtest8_pkey on sbtest8  (cost=0.43..361.83 rows=91 width=4)
	        Index Cond: ((id >= 9747852) AND (id <= 9747951))

for: sum_ranges
table 1 : explain SELECT SUM(k) FROM sbtest1 WHERE id BETWEEN 2921528 AND 2921627
	Aggregate  (cost=401.53..401.54 rows=1 width=8)
	  ->  Index Scan using sbtest1_pkey on sbtest1  (cost=0.43..401.27 rows=101 width=4)
	        Index Cond: ((id >= 2921528) AND (id <= 2921627))

table 2 : explain SELECT SUM(k) FROM sbtest2 WHERE id BETWEEN 6311381 AND 6311480
	Aggregate  (cost=422.06..422.07 rows=1 width=8)
	  ->  Index Scan using sbtest2_pkey on sbtest2  (cost=0.43..421.79 rows=106 width=4)
	        Index Cond: ((id >= 6311381) AND (id <= 6311480))

table 3 : explain SELECT SUM(k) FROM sbtest3 WHERE id BETWEEN 2564601 AND 2564700
	Aggregate  (cost=409.48..409.49 rows=1 width=8)
	  ->  Index Scan using sbtest3_pkey on sbtest3  (cost=0.43..409.22 rows=103 width=4)
	        Index Cond: ((id >= 2564601) AND (id <= 2564700))

table 4 : explain SELECT SUM(k) FROM sbtest4 WHERE id BETWEEN 7405858 AND 7405957
	Aggregate  (cost=411.41..411.42 rows=1 width=8)
	  ->  Index Scan using sbtest4_pkey on sbtest4  (cost=0.43..411.15 rows=103 width=4)
	        Index Cond: ((id >= 7405858) AND (id <= 7405957))

table 5 : explain SELECT SUM(k) FROM sbtest5 WHERE id BETWEEN 2551589 AND 2551688
	Aggregate  (cost=394.15..394.16 rows=1 width=8)
	  ->  Index Scan using sbtest5_pkey on sbtest5  (cost=0.43..393.90 rows=99 width=4)
	        Index Cond: ((id >= 2551589) AND (id <= 2551688))

table 6 : explain SELECT SUM(k) FROM sbtest6 WHERE id BETWEEN 231608 AND 231707
	Aggregate  (cost=425.13..425.14 rows=1 width=8)
	  ->  Index Scan using sbtest6_pkey on sbtest6  (cost=0.43..424.86 rows=107 width=4)
	        Index Cond: ((id >= 231608) AND (id <= 231707))

table 7 : explain SELECT SUM(k) FROM sbtest7 WHERE id BETWEEN 148356 AND 148455
	Aggregate  (cost=409.27..409.28 rows=1 width=8)
	  ->  Index Scan using sbtest7_pkey on sbtest7  (cost=0.43..409.02 rows=103 width=4)
	        Index Cond: ((id >= 148356) AND (id <= 148455))

table 8 : explain SELECT SUM(k) FROM sbtest8 WHERE id BETWEEN 8251637 AND 8251736
	Aggregate  (cost=393.51..393.52 rows=1 width=8)
	  ->  Index Scan using sbtest8_pkey on sbtest8  (cost=0.43..393.26 rows=99 width=4)
	        Index Cond: ((id >= 8251637) AND (id <= 8251736))

for: sum_ranges
table 1 : explain SELECT SUM(k) FROM sbtest1 WHERE id BETWEEN 7355178 AND 7355277
	Aggregate  (cost=381.88..381.89 rows=1 width=8)
	  ->  Index Scan using sbtest1_pkey on sbtest1  (cost=0.43..381.64 rows=96 width=4)
	        Index Cond: ((id >= 7355178) AND (id <= 7355277))

table 2 : explain SELECT SUM(k) FROM sbtest2 WHERE id BETWEEN 8625268 AND 8625367
	Aggregate  (cost=370.86..370.87 rows=1 width=8)
	  ->  Index Scan using sbtest2_pkey on sbtest2  (cost=0.43..370.63 rows=93 width=4)
	        Index Cond: ((id >= 8625268) AND (id <= 8625367))

table 3 : explain SELECT SUM(k) FROM sbtest3 WHERE id BETWEEN 8827765 AND 8827864
	Aggregate  (cost=374.10..374.11 rows=1 width=8)
	  ->  Index Scan using sbtest3_pkey on sbtest3  (cost=0.43..373.87 rows=94 width=4)
	        Index Cond: ((id >= 8827765) AND (id <= 8827864))

table 4 : explain SELECT SUM(k) FROM sbtest4 WHERE id BETWEEN 7909338 AND 7909437
	Aggregate  (cost=431.16..431.17 rows=1 width=8)
	  ->  Index Scan using sbtest4_pkey on sbtest4  (cost=0.43..430.89 rows=108 width=4)
	        Index Cond: ((id >= 7909338) AND (id <= 7909437))

table 5 : explain SELECT SUM(k) FROM sbtest5 WHERE id BETWEEN 7433331 AND 7433430
	Aggregate  (cost=394.15..394.16 rows=1 width=8)
	  ->  Index Scan using sbtest5_pkey on sbtest5  (cost=0.43..393.90 rows=99 width=4)
	        Index Cond: ((id >= 7433331) AND (id <= 7433430))

table 6 : explain SELECT SUM(k) FROM sbtest6 WHERE id BETWEEN 2054943 AND 2055042
	Aggregate  (cost=405.48..405.49 rows=1 width=8)
	  ->  Index Scan using sbtest6_pkey on sbtest6  (cost=0.43..405.23 rows=102 width=4)
	        Index Cond: ((id >= 2054943) AND (id <= 2055042))

table 7 : explain SELECT SUM(k) FROM sbtest7 WHERE id BETWEEN 7166962 AND 7167061
	Aggregate  (cost=385.70..385.71 rows=1 width=8)
	  ->  Index Scan using sbtest7_pkey on sbtest7  (cost=0.43..385.46 rows=97 width=4)
	        Index Cond: ((id >= 7166962) AND (id <= 7167061))

table 8 : explain SELECT SUM(k) FROM sbtest8 WHERE id BETWEEN 7762534 AND 7762633
	Aggregate  (cost=436.72..436.73 rows=1 width=8)
	  ->  Index Scan using sbtest8_pkey on sbtest8  (cost=0.43..436.45 rows=110 width=4)
	        Index Cond: ((id >= 7762534) AND (id <= 7762633))

for point_selects
table 1 : explain SELECT c FROM sbtest1 WHERE id=6978632
	Index Scan using sbtest1_pkey on sbtest1  (cost=0.43..8.45 rows=1 width=121)
	  Index Cond: (id = 6978632)

table 2 : explain SELECT c FROM sbtest2 WHERE id=5772545
	Index Scan using sbtest2_pkey on sbtest2  (cost=0.43..8.45 rows=1 width=121)
	  Index Cond: (id = 5772545)

table 3 : explain SELECT c FROM sbtest3 WHERE id=3508507
	Index Scan using sbtest3_pkey on sbtest3  (cost=0.43..8.45 rows=1 width=121)
	  Index Cond: (id = 3508507)

table 4 : explain SELECT c FROM sbtest4 WHERE id=1990113
	Index Scan using sbtest4_pkey on sbtest4  (cost=0.43..8.45 rows=1 width=121)
	  Index Cond: (id = 1990113)

table 5 : explain SELECT c FROM sbtest5 WHERE id=1555034
	Index Scan using sbtest5_pkey on sbtest5  (cost=0.43..8.45 rows=1 width=121)
	  Index Cond: (id = 1555034)

table 6 : explain SELECT c FROM sbtest6 WHERE id=8646874
	Index Scan using sbtest6_pkey on sbtest6  (cost=0.43..8.45 rows=1 width=121)
	  Index Cond: (id = 8646874)

table 7 : explain SELECT c FROM sbtest7 WHERE id=444997
	Index Scan using sbtest7_pkey on sbtest7  (cost=0.43..8.45 rows=1 width=121)
	  Index Cond: (id = 444997)

table 8 : explain SELECT c FROM sbtest8 WHERE id=5317178
	Index Scan using sbtest8_pkey on sbtest8  (cost=0.43..8.45 rows=1 width=121)
	  Index Cond: (id = 5317178)

explain: for point_selects :: explain SELECT c FROM sbtest%u WHERE id=%u
for: distinct_ranges
table 1 : explain SELECT DISTINCT c FROM sbtest1 WHERE id BETWEEN 3505760 AND 3505859 ORDER BY c
	Unique  (cost=420.51..421.03 rows=105 width=121)
	  ->  Sort  (cost=420.51..420.77 rows=105 width=121)
	        Sort Key: c
	        ->  Index Scan using sbtest1_pkey on sbtest1  (cost=0.43..416.98 rows=105 width=121)
	              Index Cond: ((id >= 3505760) AND (id <= 3505859))

table 2 : explain SELECT DISTINCT c FROM sbtest2 WHERE id BETWEEN 98165 AND 98264 ORDER BY c
	Unique  (cost=369.67..370.13 rows=92 width=121)
	  ->  Sort  (cost=369.67..369.90 rows=92 width=121)
	        Sort Key: c
	        ->  Index Scan using sbtest2_pkey on sbtest2  (cost=0.43..366.67 rows=92 width=121)
	              Index Cond: ((id >= 98165) AND (id <= 98264))

table 3 : explain SELECT DISTINCT c FROM sbtest3 WHERE id BETWEEN 5079093 AND 5079192 ORDER BY c
	Unique  (cost=440.45..441.00 rows=110 width=121)
	  ->  Sort  (cost=440.45..440.73 rows=110 width=121)
	        Sort Key: c
	        ->  Index Scan using sbtest3_pkey on sbtest3  (cost=0.43..436.72 rows=110 width=121)
	              Index Cond: ((id >= 5079093) AND (id <= 5079192))

table 4 : explain SELECT DISTINCT c FROM sbtest4 WHERE id BETWEEN 2396985 AND 2397084 ORDER BY c
	Unique  (cost=414.59..415.11 rows=103 width=121)
	  ->  Sort  (cost=414.59..414.85 rows=103 width=121)
	        Sort Key: c
	        ->  Index Scan using sbtest4_pkey on sbtest4  (cost=0.43..411.15 rows=103 width=121)
	              Index Cond: ((id >= 2396985) AND (id <= 2397084))

table 5 : explain SELECT DISTINCT c FROM sbtest5 WHERE id BETWEEN 9107679 AND 9107778 ORDER BY c
	Unique  (cost=389.24..389.72 rows=97 width=121)
	  ->  Sort  (cost=389.24..389.48 rows=97 width=121)
	        Sort Key: c
	        ->  Index Scan using sbtest5_pkey on sbtest5  (cost=0.43..386.03 rows=97 width=121)
	              Index Cond: ((id >= 9107679) AND (id <= 9107778))

table 6 : explain SELECT DISTINCT c FROM sbtest6 WHERE id BETWEEN 2554348 AND 2554447 ORDER BY c
	Unique  (cost=392.76..393.25 rows=98 width=121)
	  ->  Sort  (cost=392.76..393.00 rows=98 width=121)
	        Sort Key: c
	        ->  Index Scan using sbtest6_pkey on sbtest6  (cost=0.43..389.51 rows=98 width=121)
	              Index Cond: ((id >= 2554348) AND (id <= 2554447))

table 7 : explain SELECT DISTINCT c FROM sbtest7 WHERE id BETWEEN 6198791 AND 6198890 ORDER BY c
	Unique  (cost=412.46..412.98 rows=103 width=121)
	  ->  Sort  (cost=412.46..412.72 rows=103 width=121)
	        Sort Key: c
	        ->  Index Scan using sbtest7_pkey on sbtest7  (cost=0.43..409.02 rows=103 width=121)
	              Index Cond: ((id >= 6198791) AND (id <= 6198890))

table 8 : explain SELECT DISTINCT c FROM sbtest8 WHERE id BETWEEN 4077190 AND 4077289 ORDER BY c
	Unique  (cost=400.51..401.01 rows=100 width=121)
	  ->  Sort  (cost=400.51..400.76 rows=100 width=121)
	        Sort Key: c
	        ->  Index Scan using sbtest8_pkey on sbtest8  (cost=0.43..397.19 rows=100 width=121)
	              Index Cond: ((id >= 4077190) AND (id <= 4077289))

explain: for point_selects :: explain SELECT c FROM sbtest%u WHERE id=%u
for: order_ranges
table 1 : explain SELECT c FROM sbtest1 WHERE id BETWEEN 1318764 AND 1318863 ORDER BY c
	Sort  (cost=388.76..389.01 rows=97 width=121)
	  Sort Key: c
	  ->  Index Scan using sbtest1_pkey on sbtest1  (cost=0.43..385.56 rows=97 width=121)
	        Index Cond: ((id >= 1318764) AND (id <= 1318863))

table 2 : explain SELECT c FROM sbtest2 WHERE id BETWEEN 9627817 AND 9627916 ORDER BY c
	Sort  (cost=405.48..405.73 rows=101 width=121)
	  Sort Key: c
	  ->  Index Scan using sbtest2_pkey on sbtest2  (cost=0.43..402.11 rows=101 width=121)
	        Index Cond: ((id >= 9627817) AND (id <= 9627916))

table 3 : explain SELECT c FROM sbtest3 WHERE id BETWEEN 5133424 AND 5133523 ORDER BY c
	Sort  (cost=436.48..436.75 rows=109 width=121)
	  Sort Key: c
	  ->  Index Scan using sbtest3_pkey on sbtest3  (cost=0.43..432.79 rows=109 width=121)
	        Index Cond: ((id >= 5133424) AND (id <= 5133523))

table 4 : explain SELECT c FROM sbtest4 WHERE id BETWEEN 9244732 AND 9244831 ORDER BY c
	Sort  (cost=394.65..394.90 rows=98 width=121)
	  Sort Key: c
	  ->  Index Scan using sbtest4_pkey on sbtest4  (cost=0.43..391.41 rows=98 width=121)
	        Index Cond: ((id >= 9244732) AND (id <= 9244831))

table 5 : explain SELECT c FROM sbtest5 WHERE id BETWEEN 7451087 AND 7451186 ORDER BY c
	Sort  (cost=397.18..397.43 rows=99 width=121)
	  Sort Key: c
	  ->  Index Scan using sbtest5_pkey on sbtest5  (cost=0.43..393.90 rows=99 width=121)
	        Index Cond: ((id >= 7451087) AND (id <= 7451186))

table 6 : explain SELECT c FROM sbtest6 WHERE id BETWEEN 4707217 AND 4707316 ORDER BY c
	Sort  (cost=392.76..393.00 rows=98 width=121)
	  Sort Key: c
	  ->  Index Scan using sbtest6_pkey on sbtest6  (cost=0.43..389.51 rows=98 width=121)
	        Index Cond: ((id >= 4707217) AND (id <= 4707316))

table 7 : explain SELECT c FROM sbtest7 WHERE id BETWEEN 7609727 AND 7609826 ORDER BY c
	Sort  (cost=400.56..400.81 rows=100 width=121)
	  Sort Key: c
	  ->  Index Scan using sbtest7_pkey on sbtest7  (cost=0.43..397.24 rows=100 width=121)
	        Index Cond: ((id >= 7609727) AND (id <= 7609826))

table 8 : explain SELECT c FROM sbtest8 WHERE id BETWEEN 4424303 AND 4424402 ORDER BY c
	Sort  (cost=408.44..408.70 rows=102 width=121)
	  Sort Key: c
	  ->  Index Scan using sbtest8_pkey on sbtest8  (cost=0.43..405.04 rows=102 width=121)
	        Index Cond: ((id >= 4424303) AND (id <= 4424402))

for point_selects
table 1 : explain SELECT c FROM sbtest1 WHERE id=8746941
	Index Scan using sbtest1_pkey on sbtest1  (cost=0.43..8.45 rows=1 width=121)
	  Index Cond: (id = 8746941)

table 2 : explain SELECT c FROM sbtest2 WHERE id=2905011
	Index Scan using sbtest2_pkey on sbtest2  (cost=0.43..8.45 rows=1 width=121)
	  Index Cond: (id = 2905011)

table 3 : explain SELECT c FROM sbtest3 WHERE id=2379014
	Index Scan using sbtest3_pkey on sbtest3  (cost=0.43..8.45 rows=1 width=121)
	  Index Cond: (id = 2379014)

table 4 : explain SELECT c FROM sbtest4 WHERE id=6914832
	Index Scan using sbtest4_pkey on sbtest4  (cost=0.43..8.45 rows=1 width=121)
	  Index Cond: (id = 6914832)

table 5 : explain SELECT c FROM sbtest5 WHERE id=1704352
	Index Scan using sbtest5_pkey on sbtest5  (cost=0.43..8.45 rows=1 width=121)
	  Index Cond: (id = 1704352)

table 6 : explain SELECT c FROM sbtest6 WHERE id=3187924
	Index Scan using sbtest6_pkey on sbtest6  (cost=0.43..8.45 rows=1 width=121)
	  Index Cond: (id = 3187924)

table 7 : explain SELECT c FROM sbtest7 WHERE id=3451162
	Index Scan using sbtest7_pkey on sbtest7  (cost=0.43..8.45 rows=1 width=121)
	  Index Cond: (id = 3451162)

table 8 : explain SELECT c FROM sbtest8 WHERE id=7437267
	Index Scan using sbtest8_pkey on sbtest8  (cost=0.43..8.45 rows=1 width=121)
	  Index Cond: (id = 7437267)

for: order_ranges
table 1 : explain SELECT c FROM sbtest1 WHERE id BETWEEN 1549316 AND 1549415 ORDER BY c
	Sort  (cost=440.35..440.63 rows=110 width=121)
	  Sort Key: c
	  ->  Index Scan using sbtest1_pkey on sbtest1  (cost=0.43..436.62 rows=110 width=121)
	        Index Cond: ((id >= 1549316) AND (id <= 1549415))

table 2 : explain SELECT c FROM sbtest2 WHERE id BETWEEN 9643855 AND 9643954 ORDER BY c
	Sort  (cost=405.48..405.73 rows=101 width=121)
	  Sort Key: c
	  ->  Index Scan using sbtest2_pkey on sbtest2  (cost=0.43..402.11 rows=101 width=121)
	        Index Cond: ((id >= 9643855) AND (id <= 9643954))

table 3 : explain SELECT c FROM sbtest3 WHERE id BETWEEN 87423 AND 87522 ORDER BY c
	Sort  (cost=436.48..436.75 rows=109 width=121)
	  Sort Key: c
	  ->  Index Scan using sbtest3_pkey on sbtest3  (cost=0.43..432.79 rows=109 width=121)
	        Index Cond: ((id >= 87423) AND (id <= 87522))

table 4 : explain SELECT c FROM sbtest4 WHERE id BETWEEN 9932042 AND 9932141 ORDER BY c
	Sort  (cost=394.65..394.90 rows=98 width=121)
	  Sort Key: c
	  ->  Index Scan using sbtest4_pkey on sbtest4  (cost=0.43..391.41 rows=98 width=121)
	        Index Cond: ((id >= 9932042) AND (id <= 9932141))

table 5 : explain SELECT c FROM sbtest5 WHERE id BETWEEN 1983647 AND 1983746 ORDER BY c
	Sort  (cost=377.32..377.55 rows=94 width=121)
	  Sort Key: c
	  ->  Index Scan using sbtest5_pkey on sbtest5  (cost=0.43..374.24 rows=94 width=121)
	        Index Cond: ((id >= 1983647) AND (id <= 1983746))

table 6 : explain SELECT c FROM sbtest6 WHERE id BETWEEN 6758519 AND 6758618 ORDER BY c
	Sort  (cost=360.99..361.22 rows=90 width=121)
	  Sort Key: c
	  ->  Index Scan using sbtest6_pkey on sbtest6  (cost=0.43..358.07 rows=90 width=121)
	        Index Cond: ((id >= 6758519) AND (id <= 6758618))

table 7 : explain SELECT c FROM sbtest7 WHERE id BETWEEN 3522784 AND 3522883 ORDER BY c
	Sort  (cost=404.53..404.78 rows=101 width=121)
	  Sort Key: c
	  ->  Index Scan using sbtest7_pkey on sbtest7  (cost=0.43..401.16 rows=101 width=121)
	        Index Cond: ((id >= 3522784) AND (id <= 3522883))

table 8 : explain SELECT c FROM sbtest8 WHERE id BETWEEN 433370 AND 433469 ORDER BY c
	Sort  (cost=408.44..408.70 rows=102 width=121)
	  Sort Key: c
	  ->  Index Scan using sbtest8_pkey on sbtest8  (cost=0.43..405.04 rows=102 width=121)
	        Index Cond: ((id >= 433370) AND (id <= 433469))

for: order_ranges
table 1 : explain SELECT c FROM sbtest1 WHERE id BETWEEN 1701375 AND 1701474 ORDER BY c
	Sort  (cost=400.67..400.92 rows=100 width=121)
	  Sort Key: c
	  ->  Index Scan using sbtest1_pkey on sbtest1  (cost=0.43..397.35 rows=100 width=121)
	        Index Cond: ((id >= 1701375) AND (id <= 1701474))

table 2 : explain SELECT c FROM sbtest2 WHERE id BETWEEN 3119270 AND 3119369 ORDER BY c
	Sort  (cost=409.45..409.71 rows=102 width=121)
	  Sort Key: c
	  ->  Index Scan using sbtest2_pkey on sbtest2  (cost=0.43..406.05 rows=102 width=121)
	        Index Cond: ((id >= 3119270) AND (id <= 3119369))

table 3 : explain SELECT c FROM sbtest3 WHERE id BETWEEN 4470140 AND 4470239 ORDER BY c
	Sort  (cost=400.76..401.01 rows=100 width=121)
	  Sort Key: c
	  ->  Index Scan using sbtest3_pkey on sbtest3  (cost=0.43..397.44 rows=100 width=121)
	        Index Cond: ((id >= 4470140) AND (id <= 4470239))

table 4 : explain SELECT c FROM sbtest4 WHERE id BETWEEN 7579320 AND 7579419 ORDER BY c
	Sort  (cost=414.59..414.85 rows=103 width=121)
	  Sort Key: c
	  ->  Index Scan using sbtest4_pkey on sbtest4  (cost=0.43..411.15 rows=103 width=121)
	        Index Cond: ((id >= 7579320) AND (id <= 7579419))

table 5 : explain SELECT c FROM sbtest5 WHERE id BETWEEN 3632939 AND 3633038 ORDER BY c
	Sort  (cost=397.18..397.43 rows=99 width=121)
	  Sort Key: c
	  ->  Index Scan using sbtest5_pkey on sbtest5  (cost=0.43..393.90 rows=99 width=121)
	        Index Cond: ((id >= 3632939) AND (id <= 3633038))

table 6 : explain SELECT c FROM sbtest6 WHERE id BETWEEN 5920899 AND 5920998 ORDER BY c
	Sort  (cost=357.02..357.25 rows=89 width=121)
	  Sort Key: c
	  ->  Index Scan using sbtest6_pkey on sbtest6  (cost=0.43..354.14 rows=89 width=121)
	        Index Cond: ((id >= 5920899) AND (id <= 5920998))

table 7 : explain SELECT c FROM sbtest7 WHERE id BETWEEN 7628627 AND 7628726 ORDER BY c
	Sort  (cost=400.56..400.81 rows=100 width=121)
	  Sort Key: c
	  ->  Index Scan using sbtest7_pkey on sbtest7  (cost=0.43..397.24 rows=100 width=121)
	        Index Cond: ((id >= 7628627) AND (id <= 7628726))

table 8 : explain SELECT c FROM sbtest8 WHERE id BETWEEN 2140867 AND 2140966 ORDER BY c
	Sort  (cost=428.27..428.54 rows=107 width=121)
	  Sort Key: c
	  ->  Index Scan using sbtest8_pkey on sbtest8  (cost=0.43..424.67 rows=107 width=121)
	        Index Cond: ((id >= 2140867) AND (id <= 2140966))

for: simple_ranges
table 1 : explain SELECT c FROM sbtest1 WHERE id BETWEEN 6319629 AND 6319728
	Index Scan using sbtest1_pkey on sbtest1  (cost=0.43..424.84 rows=107 width=121)
	  Index Cond: ((id >= 6319629) AND (id <= 6319728))

table 2 : explain SELECT c FROM sbtest2 WHERE id BETWEEN 5846524 AND 5846623
	Index Scan using sbtest2_pkey on sbtest2  (cost=0.43..382.43 rows=96 width=121)
	  Index Cond: ((id >= 5846524) AND (id <= 5846623))

table 3 : explain SELECT c FROM sbtest3 WHERE id BETWEEN 2764902 AND 2765001
	Index Scan using sbtest3_pkey on sbtest3  (cost=0.43..401.37 rows=101 width=121)
	  Index Cond: ((id >= 2764902) AND (id <= 2765001))

table 4 : explain SELECT c FROM sbtest4 WHERE id BETWEEN 7554924 AND 7555023
	Index Scan using sbtest4_pkey on sbtest4  (cost=0.43..411.15 rows=103 width=121)
	  Index Cond: ((id >= 7554924) AND (id <= 7555023))

table 5 : explain SELECT c FROM sbtest5 WHERE id BETWEEN 9891691 AND 9891790
	Index Scan using sbtest5_pkey on sbtest5  (cost=0.43..386.03 rows=97 width=121)
	  Index Cond: ((id >= 9891691) AND (id <= 9891790))

table 6 : explain SELECT c FROM sbtest6 WHERE id BETWEEN 8552965 AND 8553064
	Index Scan using sbtest6_pkey on sbtest6  (cost=0.43..393.44 rows=99 width=121)
	  Index Cond: ((id >= 8552965) AND (id <= 8553064))

table 7 : explain SELECT c FROM sbtest7 WHERE id BETWEEN 807574 AND 807673
	Index Scan using sbtest7_pkey on sbtest7  (cost=0.43..416.87 rows=105 width=121)
	  Index Cond: ((id >= 807574) AND (id <= 807673))

table 8 : explain SELECT c FROM sbtest8 WHERE id BETWEEN 5391953 AND 5392052
	Index Scan using sbtest8_pkey on sbtest8  (cost=0.43..361.83 rows=91 width=121)
	  Index Cond: ((id >= 5391953) AND (id <= 5392052))

for: order_ranges
table 1 : explain SELECT c FROM sbtest1 WHERE id BETWEEN 8782514 AND 8782613 ORDER BY c
	Sort  (cost=376.86..377.10 rows=94 width=121)
	  Sort Key: c
	  ->  Index Scan using sbtest1_pkey on sbtest1  (cost=0.43..373.78 rows=94 width=121)
	        Index Cond: ((id >= 8782514) AND (id <= 8782613))

table 2 : explain SELECT c FROM sbtest2 WHERE id BETWEEN 9135559 AND 9135658 ORDER BY c
	Sort  (cost=417.40..417.66 rows=104 width=121)
	  Sort Key: c
	  ->  Index Scan using sbtest2_pkey on sbtest2  (cost=0.43..413.92 rows=104 width=121)
	        Index Cond: ((id >= 9135559) AND (id <= 9135658))

table 3 : explain SELECT c FROM sbtest3 WHERE id BETWEEN 9707941 AND 9708040 ORDER BY c
	Sort  (cost=388.85..389.09 rows=97 width=121)
	  Sort Key: c
	  ->  Index Scan using sbtest3_pkey on sbtest3  (cost=0.43..385.65 rows=97 width=121)
	        Index Cond: ((id >= 9707941) AND (id <= 9708040))

table 4 : explain SELECT c FROM sbtest4 WHERE id BETWEEN 5852903 AND 5853002 ORDER BY c
	Sort  (cost=398.64..398.89 rows=99 width=121)
	  Sort Key: c
	  ->  Index Scan using sbtest4_pkey on sbtest4  (cost=0.43..395.36 rows=99 width=121)
	        Index Cond: ((id >= 5852903) AND (id <= 5853002))

table 5 : explain SELECT c FROM sbtest5 WHERE id BETWEEN 9809200 AND 9809299 ORDER BY c
	Sort  (cost=389.24..389.48 rows=97 width=121)
	  Sort Key: c
	  ->  Index Scan using sbtest5_pkey on sbtest5  (cost=0.43..386.03 rows=97 width=121)
	        Index Cond: ((id >= 9809200) AND (id <= 9809299))

table 6 : explain SELECT c FROM sbtest6 WHERE id BETWEEN 2674629 AND 2674728 ORDER BY c
	Sort  (cost=416.57..416.83 rows=104 width=121)
	  Sort Key: c
	  ->  Index Scan using sbtest6_pkey on sbtest6  (cost=0.43..413.08 rows=104 width=121)
	        Index Cond: ((id >= 2674629) AND (id <= 2674728))

table 7 : explain SELECT c FROM sbtest7 WHERE id BETWEEN 7051712 AND 7051811 ORDER BY c
	Sort  (cost=372.79..373.03 rows=93 width=121)
	  Sort Key: c
	  ->  Index Scan using sbtest7_pkey on sbtest7  (cost=0.43..369.75 rows=93 width=121)
	        Index Cond: ((id >= 7051712) AND (id <= 7051811))

table 8 : explain SELECT c FROM sbtest8 WHERE id BETWEEN 437319 AND 437418 ORDER BY c
	Sort  (cost=408.44..408.70 rows=102 width=121)
	  Sort Key: c
	  ->  Index Scan using sbtest8_pkey on sbtest8  (cost=0.43..405.04 rows=102 width=121)
	        Index Cond: ((id >= 437319) AND (id <= 437418))

explain: for point_selects :: explain SELECT c FROM sbtest%u WHERE id=%u
for: order_ranges
table 1 : explain SELECT c FROM sbtest1 WHERE id BETWEEN 465649 AND 465748 ORDER BY c
	Sort  (cost=412.57..412.83 rows=103 width=121)
	  Sort Key: c
	  ->  Index Scan using sbtest1_pkey on sbtest1  (cost=0.43..409.13 rows=103 width=121)
	        Index Cond: ((id >= 465649) AND (id <= 465748))

table 2 : explain SELECT c FROM sbtest2 WHERE id BETWEEN 4210132 AND 4210231 ORDER BY c
	Sort  (cost=397.52..397.77 rows=99 width=121)
	  Sort Key: c
	  ->  Index Scan using sbtest2_pkey on sbtest2  (cost=0.43..394.24 rows=99 width=121)
	        Index Cond: ((id >= 4210132) AND (id <= 4210231))

table 3 : explain SELECT c FROM sbtest3 WHERE id BETWEEN 7532866 AND 7532965 ORDER BY c
	Sort  (cost=357.08..357.31 rows=89 width=121)
	  Sort Key: c
	  ->  Index Scan using sbtest3_pkey on sbtest3  (cost=0.43..354.20 rows=89 width=121)
	        Index Cond: ((id >= 7532866) AND (id <= 7532965))

table 4 : explain SELECT c FROM sbtest4 WHERE id BETWEEN 2855479 AND 2855578 ORDER BY c
	Sort  (cost=394.65..394.90 rows=98 width=121)
	  Sort Key: c
	  ->  Index Scan using sbtest4_pkey on sbtest4  (cost=0.43..391.41 rows=98 width=121)
	        Index Cond: ((id >= 2855479) AND (id <= 2855578))

table 5 : explain SELECT c FROM sbtest5 WHERE id BETWEEN 174028 AND 174127 ORDER BY c
	Sort  (cost=444.86..445.14 rows=111 width=121)
	  Sort Key: c
	  ->  Index Scan using sbtest5_pkey on sbtest5  (cost=0.43..441.09 rows=111 width=121)
	        Index Cond: ((id >= 174028) AND (id <= 174127))

table 6 : explain SELECT c FROM sbtest6 WHERE id BETWEEN 9823019 AND 9823118 ORDER BY c
	Sort  (cost=416.57..416.83 rows=104 width=121)
	  Sort Key: c
	  ->  Index Scan using sbtest6_pkey on sbtest6  (cost=0.43..413.08 rows=104 width=121)
	        Index Cond: ((id >= 9823019) AND (id <= 9823118))

table 7 : explain SELECT c FROM sbtest7 WHERE id BETWEEN 5061788 AND 5061887 ORDER BY c
	Sort  (cost=404.53..404.78 rows=101 width=121)
	  Sort Key: c
	  ->  Index Scan using sbtest7_pkey on sbtest7  (cost=0.43..401.16 rows=101 width=121)
	        Index Cond: ((id >= 5061788) AND (id <= 5061887))

table 8 : explain SELECT c FROM sbtest8 WHERE id BETWEEN 5428412 AND 5428511 ORDER BY c
	Sort  (cost=364.79..365.02 rows=91 width=121)
	  Sort Key: c
	  ->  Index Scan using sbtest8_pkey on sbtest8  (cost=0.43..361.83 rows=91 width=121)
	        Index Cond: ((id >= 5428412) AND (id <= 5428511))

explain: for point_selects :: explain SELECT c FROM sbtest%u WHERE id=%u
for: distinct_ranges
table 1 : explain SELECT DISTINCT c FROM sbtest1 WHERE id BETWEEN 5065451 AND 5065550 ORDER BY c
	Unique  (cost=432.41..432.95 rows=108 width=121)
	  ->  Sort  (cost=432.41..432.68 rows=108 width=121)
	        Sort Key: c
	        ->  Index Scan using sbtest1_pkey on sbtest1  (cost=0.43..428.77 rows=108 width=121)
	              Index Cond: ((id >= 5065451) AND (id <= 5065550))

table 2 : explain SELECT DISTINCT c FROM sbtest2 WHERE id BETWEEN 7637735 AND 7637834 ORDER BY c
	Unique  (cost=409.45..409.96 rows=102 width=121)
	  ->  Sort  (cost=409.45..409.71 rows=102 width=121)
	        Sort Key: c
	        ->  Index Scan using sbtest2_pkey on sbtest2  (cost=0.43..406.05 rows=102 width=121)
	              Index Cond: ((id >= 7637735) AND (id <= 7637834))

table 3 : explain SELECT DISTINCT c FROM sbtest3 WHERE id BETWEEN 9729398 AND 9729497 ORDER BY c
	Unique  (cost=452.36..452.92 rows=113 width=121)
	  ->  Sort  (cost=452.36..452.64 rows=113 width=121)
	        Sort Key: c
	        ->  Index Scan using sbtest3_pkey on sbtest3  (cost=0.43..448.51 rows=113 width=121)
	              Index Cond: ((id >= 9729398) AND (id <= 9729497))

table 4 : explain SELECT DISTINCT c FROM sbtest4 WHERE id BETWEEN 3503274 AND 3503373 ORDER BY c
	Unique  (cost=422.57..423.09 rows=105 width=121)
	  ->  Sort  (cost=422.57..422.83 rows=105 width=121)
	        Sort Key: c
	        ->  Index Scan using sbtest4_pkey on sbtest4  (cost=0.43..419.04 rows=105 width=121)
	              Index Cond: ((id >= 3503274) AND (id <= 3503373))

table 5 : explain SELECT DISTINCT c FROM sbtest5 WHERE id BETWEEN 8205177 AND 8205276 ORDER BY c
	Unique  (cost=377.32..377.79 rows=94 width=121)
	  ->  Sort  (cost=377.32..377.55 rows=94 width=121)
	        Sort Key: c
	        ->  Index Scan using sbtest5_pkey on sbtest5  (cost=0.43..374.24 rows=94 width=121)
	              Index Cond: ((id >= 8205177) AND (id <= 8205276))

table 6 : explain SELECT DISTINCT c FROM sbtest6 WHERE id BETWEEN 8490076 AND 8490175 ORDER BY c
	Unique  (cost=404.66..405.17 rows=101 width=121)
	  ->  Sort  (cost=404.66..404.91 rows=101 width=121)
	        Sort Key: c
	        ->  Index Scan using sbtest6_pkey on sbtest6  (cost=0.43..401.30 rows=101 width=121)
	              Index Cond: ((id >= 8490076) AND (id <= 8490175))

table 7 : explain SELECT DISTINCT c FROM sbtest7 WHERE id BETWEEN 9222235 AND 9222334 ORDER BY c
	Unique  (cost=348.97..349.41 rows=87 width=121)
	  ->  Sort  (cost=348.97..349.19 rows=87 width=121)
	        Sort Key: c
	        ->  Index Scan using sbtest7_pkey on sbtest7  (cost=0.43..346.17 rows=87 width=121)
	              Index Cond: ((id >= 9222235) AND (id <= 9222334))

table 8 : explain SELECT DISTINCT c FROM sbtest8 WHERE id BETWEEN 5022123 AND 5022222 ORDER BY c
	Unique  (cost=416.37..416.89 rows=104 width=121)
	  ->  Sort  (cost=416.37..416.63 rows=104 width=121)
	        Sort Key: c
	        ->  Index Scan using sbtest8_pkey on sbtest8  (cost=0.43..412.89 rows=104 width=121)
	              Index Cond: ((id >= 5022123) AND (id <= 5022222))

for point_selects
table 1 : explain SELECT c FROM sbtest1 WHERE id=1566433
	Index Scan using sbtest1_pkey on sbtest1  (cost=0.43..8.45 rows=1 width=121)
	  Index Cond: (id = 1566433)

table 2 : explain SELECT c FROM sbtest2 WHERE id=6823559
	Index Scan using sbtest2_pkey on sbtest2  (cost=0.43..8.45 rows=1 width=121)
	  Index Cond: (id = 6823559)

table 3 : explain SELECT c FROM sbtest3 WHERE id=9002513
	Index Scan using sbtest3_pkey on sbtest3  (cost=0.43..8.45 rows=1 width=121)
	  Index Cond: (id = 9002513)

table 4 : explain SELECT c FROM sbtest4 WHERE id=9076514
	Index Scan using sbtest4_pkey on sbtest4  (cost=0.43..8.45 rows=1 width=121)
	  Index Cond: (id = 9076514)

table 5 : explain SELECT c FROM sbtest5 WHERE id=2462442
	Index Scan using sbtest5_pkey on sbtest5  (cost=0.43..8.45 rows=1 width=121)
	  Index Cond: (id = 2462442)

table 6 : explain SELECT c FROM sbtest6 WHERE id=5645307
	Index Scan using sbtest6_pkey on sbtest6  (cost=0.43..8.45 rows=1 width=121)
	  Index Cond: (id = 5645307)

table 7 : explain SELECT c FROM sbtest7 WHERE id=1168957
	Index Scan using sbtest7_pkey on sbtest7  (cost=0.43..8.45 rows=1 width=121)
	  Index Cond: (id = 1168957)

table 8 : explain SELECT c FROM sbtest8 WHERE id=296738
	Index Scan using sbtest8_pkey on sbtest8  (cost=0.43..8.45 rows=1 width=121)
	  Index Cond: (id = 296738)

for: distinct_ranges
table 1 : explain SELECT DISTINCT c FROM sbtest1 WHERE id BETWEEN 3118055 AND 3118154 ORDER BY c
	Unique  (cost=432.41..432.95 rows=108 width=121)
	  ->  Sort  (cost=432.41..432.68 rows=108 width=121)
	        Sort Key: c
	        ->  Index Scan using sbtest1_pkey on sbtest1  (cost=0.43..428.77 rows=108 width=121)
	              Index Cond: ((id >= 3118055) AND (id <= 3118154))

table 2 : explain SELECT DISTINCT c FROM sbtest2 WHERE id BETWEEN 2598518 AND 2598617 ORDER BY c
	Unique  (cost=409.45..409.96 rows=102 width=121)
	  ->  Sort  (cost=409.45..409.71 rows=102 width=121)
	        Sort Key: c
	        ->  Index Scan using sbtest2_pkey on sbtest2  (cost=0.43..406.05 rows=102 width=121)
	              Index Cond: ((id >= 2598518) AND (id <= 2598617))

table 3 : explain SELECT DISTINCT c FROM sbtest3 WHERE id BETWEEN 1726001 AND 1726100 ORDER BY c
	Unique  (cost=400.76..401.26 rows=100 width=121)
	  ->  Sort  (cost=400.76..401.01 rows=100 width=121)
	        Sort Key: c
	        ->  Index Scan using sbtest3_pkey on sbtest3  (cost=0.43..397.44 rows=100 width=121)
	              Index Cond: ((id >= 1726001) AND (id <= 1726100))

table 4 : explain SELECT DISTINCT c FROM sbtest4 WHERE id BETWEEN 9624215 AND 9624314 ORDER BY c
	Unique  (cost=358.75..359.19 rows=89 width=121)
	  ->  Sort  (cost=358.75..358.97 rows=89 width=121)
	        Sort Key: c
	        ->  Index Scan using sbtest4_pkey on sbtest4  (cost=0.43..355.87 rows=89 width=121)
	              Index Cond: ((id >= 9624215) AND (id <= 9624314))

table 5 : explain SELECT DISTINCT c FROM sbtest5 WHERE id BETWEEN 8787298 AND 8787397 ORDER BY c
	Unique  (cost=373.32..373.79 rows=93 width=121)
	  ->  Sort  (cost=373.32..373.56 rows=93 width=121)
	        Sort Key: c
	        ->  Index Scan using sbtest5_pkey on sbtest5  (cost=0.43..370.28 rows=93 width=121)
	              Index Cond: ((id >= 8787298) AND (id <= 8787397))

table 6 : explain SELECT DISTINCT c FROM sbtest6 WHERE id BETWEEN 8124808 AND 8124907 ORDER BY c
	Unique  (cost=420.53..421.06 rows=105 width=121)
	  ->  Sort  (cost=420.53..420.80 rows=105 width=121)
	        Sort Key: c
	        ->  Index Scan using sbtest6_pkey on sbtest6  (cost=0.43..417.01 rows=105 width=121)
	              Index Cond: ((id >= 8124808) AND (id <= 8124907))

table 7 : explain SELECT DISTINCT c FROM sbtest7 WHERE id BETWEEN 7685857 AND 7685956 ORDER BY c
	Unique  (cost=412.46..412.98 rows=103 width=121)
	  ->  Sort  (cost=412.46..412.72 rows=103 width=121)
	        Sort Key: c
	        ->  Index Scan using sbtest7_pkey on sbtest7  (cost=0.43..409.02 rows=103 width=121)
	              Index Cond: ((id >= 7685857) AND (id <= 7685956))

table 8 : explain SELECT DISTINCT c FROM sbtest8 WHERE id BETWEEN 7957004 AND 7957103 ORDER BY c
	Unique  (cost=404.47..404.98 rows=101 width=121)
	  ->  Sort  (cost=404.47..404.73 rows=101 width=121)
	        Sort Key: c
	        ->  Index Scan using sbtest8_pkey on sbtest8  (cost=0.43..401.11 rows=101 width=121)
	              Index Cond: ((id >= 7957004) AND (id <= 7957103))

for point_selects
table 1 : explain SELECT c FROM sbtest1 WHERE id=4861082
	Index Scan using sbtest1_pkey on sbtest1  (cost=0.43..8.45 rows=1 width=121)
	  Index Cond: (id = 4861082)

table 2 : explain SELECT c FROM sbtest2 WHERE id=6991051
	Index Scan using sbtest2_pkey on sbtest2  (cost=0.43..8.45 rows=1 width=121)
	  Index Cond: (id = 6991051)

table 3 : explain SELECT c FROM sbtest3 WHERE id=734879
	Index Scan using sbtest3_pkey on sbtest3  (cost=0.43..8.45 rows=1 width=121)
	  Index Cond: (id = 734879)

table 4 : explain SELECT c FROM sbtest4 WHERE id=9857858
	Index Scan using sbtest4_pkey on sbtest4  (cost=0.43..8.45 rows=1 width=121)
	  Index Cond: (id = 9857858)

table 5 : explain SELECT c FROM sbtest5 WHERE id=1828654
	Index Scan using sbtest5_pkey on sbtest5  (cost=0.43..8.45 rows=1 width=121)
	  Index Cond: (id = 1828654)

table 6 : explain SELECT c FROM sbtest6 WHERE id=6933099
	Index Scan using sbtest6_pkey on sbtest6  (cost=0.43..8.45 rows=1 width=121)
	  Index Cond: (id = 6933099)

table 7 : explain SELECT c FROM sbtest7 WHERE id=3336099
	Index Scan using sbtest7_pkey on sbtest7  (cost=0.43..8.45 rows=1 width=121)
	  Index Cond: (id = 3336099)

table 8 : explain SELECT c FROM sbtest8 WHERE id=9062620
	Index Scan using sbtest8_pkey on sbtest8  (cost=0.43..8.45 rows=1 width=121)
	  Index Cond: (id = 9062620)

for: distinct_ranges
table 1 : explain SELECT DISTINCT c FROM sbtest1 WHERE id BETWEEN 5599776 AND 5599875 ORDER BY c
	Unique  (cost=412.57..413.09 rows=103 width=121)
	  ->  Sort  (cost=412.57..412.83 rows=103 width=121)
	        Sort Key: c
	        ->  Index Scan using sbtest1_pkey on sbtest1  (cost=0.43..409.13 rows=103 width=121)
	              Index Cond: ((id >= 5599776) AND (id <= 5599875))

table 2 : explain SELECT DISTINCT c FROM sbtest2 WHERE id BETWEEN 355939 AND 356038 ORDER BY c
	Unique  (cost=397.52..398.02 rows=99 width=121)
	  ->  Sort  (cost=397.52..397.77 rows=99 width=121)
	        Sort Key: c
	        ->  Index Scan using sbtest2_pkey on sbtest2  (cost=0.43..394.24 rows=99 width=121)
	              Index Cond: ((id >= 355939) AND (id <= 356038))

table 3 : explain SELECT DISTINCT c FROM sbtest3 WHERE id BETWEEN 8754333 AND 8754432 ORDER BY c
	Unique  (cost=380.92..381.39 rows=95 width=121)
	  ->  Sort  (cost=380.92..381.15 rows=95 width=121)
	        Sort Key: c
	        ->  Index Scan using sbtest3_pkey on sbtest3  (cost=0.43..377.79 rows=95 width=121)
	              Index Cond: ((id >= 8754333) AND (id <= 8754432))

table 4 : explain SELECT DISTINCT c FROM sbtest4 WHERE id BETWEEN 3247697 AND 3247796 ORDER BY c
	Unique  (cost=402.63..403.13 rows=100 width=121)
	  ->  Sort  (cost=402.63..402.88 rows=100 width=121)
	        Sort Key: c
	        ->  Index Scan using sbtest4_pkey on sbtest4  (cost=0.43..399.31 rows=100 width=121)
	              Index Cond: ((id >= 3247697) AND (id <= 3247796))

table 5 : explain SELECT DISTINCT c FROM sbtest5 WHERE id BETWEEN 3498360 AND 3498459 ORDER BY c
	Unique  (cost=365.38..365.83 rows=91 width=121)
	  ->  Sort  (cost=365.38..365.61 rows=91 width=121)
	        Sort Key: c
	        ->  Index Scan using sbtest5_pkey on sbtest5  (cost=0.43..362.42 rows=91 width=121)
	              Index Cond: ((id >= 3498360) AND (id <= 3498459))

table 6 : explain SELECT DISTINCT c FROM sbtest6 WHERE id BETWEEN 680285 AND 680384 ORDER BY c
	Unique  (cost=372.92..373.38 rows=93 width=121)
	  ->  Sort  (cost=372.92..373.15 rows=93 width=121)
	        Sort Key: c
	        ->  Index Scan using sbtest6_pkey on sbtest6  (cost=0.43..369.88 rows=93 width=121)
	              Index Cond: ((id >= 680285) AND (id <= 680384))

table 7 : explain SELECT DISTINCT c FROM sbtest7 WHERE id BETWEEN 7400473 AND 7400572 ORDER BY c
	Unique  (cost=380.73..381.20 rows=95 width=121)
	  ->  Sort  (cost=380.73..380.96 rows=95 width=121)
	        Sort Key: c
	        ->  Index Scan using sbtest7_pkey on sbtest7  (cost=0.43..377.61 rows=95 width=121)
	              Index Cond: ((id >= 7400473) AND (id <= 7400572))

table 8 : explain SELECT DISTINCT c FROM sbtest8 WHERE id BETWEEN 3204178 AND 3204277 ORDER BY c
	Unique  (cost=392.58..393.07 rows=98 width=121)
	  ->  Sort  (cost=392.58..392.82 rows=98 width=121)
	        Sort Key: c
	        ->  Index Scan using sbtest8_pkey on sbtest8  (cost=0.43..389.33 rows=98 width=121)
	              Index Cond: ((id >= 3204178) AND (id <= 3204277))

for: distinct_ranges
table 1 : explain SELECT DISTINCT c FROM sbtest1 WHERE id BETWEEN 8790789 AND 8790888 ORDER BY c
	Unique  (cost=376.86..377.33 rows=94 width=121)
	  ->  Sort  (cost=376.86..377.10 rows=94 width=121)
	        Sort Key: c
	        ->  Index Scan using sbtest1_pkey on sbtest1  (cost=0.43..373.78 rows=94 width=121)
	              Index Cond: ((id >= 8790789) AND (id <= 8790888))

table 2 : explain SELECT DISTINCT c FROM sbtest2 WHERE id BETWEEN 34675 AND 34774 ORDER BY c
	Unique  (cost=369.67..370.13 rows=92 width=121)
	  ->  Sort  (cost=369.67..369.90 rows=92 width=121)
	        Sort Key: c
	        ->  Index Scan using sbtest2_pkey on sbtest2  (cost=0.43..366.67 rows=92 width=121)
	              Index Cond: ((id >= 34675) AND (id <= 34774))

table 3 : explain SELECT DISTINCT c FROM sbtest3 WHERE id BETWEEN 8074320 AND 8074419 ORDER BY c
	Unique  (cost=368.99..369.45 rows=92 width=121)
	  ->  Sort  (cost=368.99..369.22 rows=92 width=121)
	        Sort Key: c
	        ->  Index Scan using sbtest3_pkey on sbtest3  (cost=0.43..365.99 rows=92 width=121)
	              Index Cond: ((id >= 8074320) AND (id <= 8074419))

table 4 : explain SELECT DISTINCT c FROM sbtest4 WHERE id BETWEEN 4864162 AND 4864261 ORDER BY c
	Unique  (cost=382.69..383.17 rows=95 width=121)
	  ->  Sort  (cost=382.69..382.93 rows=95 width=121)
	        Sort Key: c
	        ->  Index Scan using sbtest4_pkey on sbtest4  (cost=0.43..379.57 rows=95 width=121)
	              Index Cond: ((id >= 4864162) AND (id <= 4864261))

table 5 : explain SELECT DISTINCT c FROM sbtest5 WHERE id BETWEEN 4982869 AND 4982968 ORDER BY c
	Unique  (cost=452.81..453.37 rows=113 width=121)
	  ->  Sort  (cost=452.81..453.09 rows=113 width=121)
	        Sort Key: c
	        ->  Index Scan using sbtest5_pkey on sbtest5  (cost=0.43..448.95 rows=113 width=121)
	              Index Cond: ((id >= 4982869) AND (id <= 4982968))

table 6 : explain SELECT DISTINCT c FROM sbtest6 WHERE id BETWEEN 8246236 AND 8246335 ORDER BY c
	Unique  (cost=376.88..377.35 rows=94 width=121)
	  ->  Sort  (cost=376.88..377.12 rows=94 width=121)
	        Sort Key: c
	        ->  Index Scan using sbtest6_pkey on sbtest6  (cost=0.43..373.80 rows=94 width=121)
	              Index Cond: ((id >= 8246236) AND (id <= 8246335))

table 7 : explain SELECT DISTINCT c FROM sbtest7 WHERE id BETWEEN 3594945 AND 3595044 ORDER BY c
	Unique  (cost=392.63..393.12 rows=98 width=121)
	  ->  Sort  (cost=392.63..392.87 rows=98 width=121)
	        Sort Key: c
	        ->  Index Scan using sbtest7_pkey on sbtest7  (cost=0.43..389.39 rows=98 width=121)
	              Index Cond: ((id >= 3594945) AND (id <= 3595044))

table 8 : explain SELECT DISTINCT c FROM sbtest8 WHERE id BETWEEN 2366970 AND 2367069 ORDER BY c
	Unique  (cost=404.47..404.98 rows=101 width=121)
	  ->  Sort  (cost=404.47..404.73 rows=101 width=121)
	        Sort Key: c
	        ->  Index Scan using sbtest8_pkey on sbtest8  (cost=0.43..401.11 rows=101 width=121)
	              Index Cond: ((id >= 2366970) AND (id <= 2367069))

for: sum_ranges
table 1 : explain SELECT SUM(k) FROM sbtest1 WHERE id BETWEEN 4090095 AND 4090194
	Aggregate  (cost=389.74..389.75 rows=1 width=8)
	  ->  Index Scan using sbtest1_pkey on sbtest1  (cost=0.43..389.49 rows=98 width=4)
	        Index Cond: ((id >= 4090095) AND (id <= 4090194))

table 2 : explain SELECT SUM(k) FROM sbtest2 WHERE id BETWEEN 4356429 AND 4356528
	Aggregate  (cost=402.37..402.38 rows=1 width=8)
	  ->  Index Scan using sbtest2_pkey on sbtest2  (cost=0.43..402.11 rows=101 width=4)
	        Index Cond: ((id >= 4356429) AND (id <= 4356528))

table 3 : explain SELECT SUM(k) FROM sbtest3 WHERE id BETWEEN 8786709 AND 8786808
	Aggregate  (cost=378.03..378.04 rows=1 width=8)
	  ->  Index Scan using sbtest3_pkey on sbtest3  (cost=0.43..377.79 rows=95 width=4)
	        Index Cond: ((id >= 8786709) AND (id <= 8786808))

table 4 : explain SELECT SUM(k) FROM sbtest4 WHERE id BETWEEN 82507 AND 82606
	Aggregate  (cost=403.51..403.52 rows=1 width=8)
	  ->  Index Scan using sbtest4_pkey on sbtest4  (cost=0.43..403.25 rows=101 width=4)
	        Index Cond: ((id >= 82507) AND (id <= 82606))

table 5 : explain SELECT SUM(k) FROM sbtest5 WHERE id BETWEEN 8434880 AND 8434979
	Aggregate  (cost=394.15..394.16 rows=1 width=8)
	  ->  Index Scan using sbtest5_pkey on sbtest5  (cost=0.43..393.90 rows=99 width=4)
	        Index Cond: ((id >= 8434880) AND (id <= 8434979))

table 6 : explain SELECT SUM(k) FROM sbtest6 WHERE id BETWEEN 8797789 AND 8797888
	Aggregate  (cost=377.97..377.98 rows=1 width=8)
	  ->  Index Scan using sbtest6_pkey on sbtest6  (cost=0.43..377.73 rows=95 width=4)
	        Index Cond: ((id >= 8797789) AND (id <= 8797888))

table 7 : explain SELECT SUM(k) FROM sbtest7 WHERE id BETWEEN 3853395 AND 3853494
	Aggregate  (cost=377.84..377.85 rows=1 width=8)
	  ->  Index Scan using sbtest7_pkey on sbtest7  (cost=0.43..377.61 rows=95 width=4)
	        Index Cond: ((id >= 3853395) AND (id <= 3853494))

table 8 : explain SELECT SUM(k) FROM sbtest8 WHERE id BETWEEN 718811 AND 718910
	Aggregate  (cost=393.51..393.52 rows=1 width=8)
	  ->  Index Scan using sbtest8_pkey on sbtest8  (cost=0.43..393.26 rows=99 width=4)
	        Index Cond: ((id >= 718811) AND (id <= 718910))

for: sum_ranges
table 1 : explain SELECT SUM(k) FROM sbtest1 WHERE id BETWEEN 1345373 AND 1345472
	Aggregate  (cost=385.81..385.82 rows=1 width=8)
	  ->  Index Scan using sbtest1_pkey on sbtest1  (cost=0.43..385.56 rows=97 width=4)
	        Index Cond: ((id >= 1345373) AND (id <= 1345472))

table 2 : explain SELECT SUM(k) FROM sbtest2 WHERE id BETWEEN 3479630 AND 3479729
	Aggregate  (cost=402.37..402.38 rows=1 width=8)
	  ->  Index Scan using sbtest2_pkey on sbtest2  (cost=0.43..402.11 rows=101 width=4)
	        Index Cond: ((id >= 3479630) AND (id <= 3479729))

table 3 : explain SELECT SUM(k) FROM sbtest3 WHERE id BETWEEN 8814409 AND 8814508
	Aggregate  (cost=374.10..374.11 rows=1 width=8)
	  ->  Index Scan using sbtest3_pkey on sbtest3  (cost=0.43..373.87 rows=94 width=4)
	        Index Cond: ((id >= 8814409) AND (id <= 8814508))

table 4 : explain SELECT SUM(k) FROM sbtest4 WHERE id BETWEEN 3056012 AND 3056111
	Aggregate  (cost=411.41..411.42 rows=1 width=8)
	  ->  Index Scan using sbtest4_pkey on sbtest4  (cost=0.43..411.15 rows=103 width=4)
	        Index Cond: ((id >= 3056012) AND (id <= 3056111))

table 5 : explain SELECT SUM(k) FROM sbtest5 WHERE id BETWEEN 6636719 AND 6636818
	Aggregate  (cost=417.76..417.77 rows=1 width=8)
	  ->  Index Scan using sbtest5_pkey on sbtest5  (cost=0.43..417.49 rows=105 width=4)
	        Index Cond: ((id >= 6636719) AND (id <= 6636818))

table 6 : explain SELECT SUM(k) FROM sbtest6 WHERE id BETWEEN 5892416 AND 5892515
	Aggregate  (cost=354.36..354.37 rows=1 width=8)
	  ->  Index Scan using sbtest6_pkey on sbtest6  (cost=0.43..354.14 rows=89 width=4)
	        Index Cond: ((id >= 5892416) AND (id <= 5892515))

table 7 : explain SELECT SUM(k) FROM sbtest7 WHERE id BETWEEN 6506815 AND 6506914
	Aggregate  (cost=377.84..377.85 rows=1 width=8)
	  ->  Index Scan using sbtest7_pkey on sbtest7  (cost=0.43..377.61 rows=95 width=4)
	        Index Cond: ((id >= 6506815) AND (id <= 6506914))

table 8 : explain SELECT SUM(k) FROM sbtest8 WHERE id BETWEEN 6154404 AND 6154503
	Aggregate  (cost=409.22..409.23 rows=1 width=8)
	  ->  Index Scan using sbtest8_pkey on sbtest8  (cost=0.43..408.96 rows=103 width=4)
	        Index Cond: ((id >= 6154404) AND (id <= 6154503))

explain: for point_selects :: explain SELECT c FROM sbtest%u WHERE id=%u
explain: for point_selects :: explain SELECT c FROM sbtest%u WHERE id=%u
for: order_ranges
table 1 : explain SELECT c FROM sbtest1 WHERE id BETWEEN 3078704 AND 3078803 ORDER BY c
	Sort  (cost=412.57..412.83 rows=103 width=121)
	  Sort Key: c
	  ->  Index Scan using sbtest1_pkey on sbtest1  (cost=0.43..409.13 rows=103 width=121)
	        Index Cond: ((id >= 3078704) AND (id <= 3078803))

table 2 : explain SELECT c FROM sbtest2 WHERE id BETWEEN 2795234 AND 2795333 ORDER BY c
	Sort  (cost=441.27..441.54 rows=110 width=121)
	  Sort Key: c
	  ->  Index Scan using sbtest2_pkey on sbtest2  (cost=0.43..437.54 rows=110 width=121)
	        Index Cond: ((id >= 2795234) AND (id <= 2795333))

table 3 : explain SELECT c FROM sbtest3 WHERE id BETWEEN 5302513 AND 5302612 ORDER BY c
	Sort  (cost=345.18..345.39 rows=86 width=121)
	  Sort Key: c
	  ->  Index Scan using sbtest3_pkey on sbtest3  (cost=0.43..342.42 rows=86 width=121)
	        Index Cond: ((id >= 5302513) AND (id <= 5302612))

table 4 : explain SELECT c FROM sbtest4 WHERE id BETWEEN 2694228 AND 2694327 ORDER BY c
	Sort  (cost=386.68..386.92 rows=96 width=121)
	  Sort Key: c
	  ->  Index Scan using sbtest4_pkey on sbtest4  (cost=0.43..383.52 rows=96 width=121)
	        Index Cond: ((id >= 2694228) AND (id <= 2694327))

table 5 : explain SELECT c FROM sbtest5 WHERE id BETWEEN 6247106 AND 6247205 ORDER BY c
	Sort  (cost=405.13..405.38 rows=101 width=121)
	  Sort Key: c
	  ->  Index Scan using sbtest5_pkey on sbtest5  (cost=0.43..401.76 rows=101 width=121)
	        Index Cond: ((id >= 6247106) AND (id <= 6247205))

table 6 : explain SELECT c FROM sbtest6 WHERE id BETWEEN 226382 AND 226481 ORDER BY c
	Sort  (cost=428.47..428.74 rows=107 width=121)
	  Sort Key: c
	  ->  Index Scan using sbtest6_pkey on sbtest6  (cost=0.43..424.86 rows=107 width=121)
	        Index Cond: ((id >= 226382) AND (id <= 226481))

table 7 : explain SELECT c FROM sbtest7 WHERE id BETWEEN 5766768 AND 5766867 ORDER BY c
	Sort  (cost=440.23..440.51 rows=110 width=121)
	  Sort Key: c
	  ->  Index Scan using sbtest7_pkey on sbtest7  (cost=0.43..436.50 rows=110 width=121)
	        Index Cond: ((id >= 5766768) AND (id <= 5766867))

table 8 : explain SELECT c FROM sbtest8 WHERE id BETWEEN 9499812 AND 9499911 ORDER BY c
	Sort  (cost=424.31..424.57 rows=106 width=121)
	  Sort Key: c
	  ->  Index Scan using sbtest8_pkey on sbtest8  (cost=0.43..420.74 rows=106 width=121)
	        Index Cond: ((id >= 9499812) AND (id <= 9499911))

for: simple_ranges
table 1 : explain SELECT c FROM sbtest1 WHERE id BETWEEN 2104650 AND 2104749
	Index Scan using sbtest1_pkey on sbtest1  (cost=0.43..397.35 rows=100 width=121)
	  Index Cond: ((id >= 2104650) AND (id <= 2104749))

table 2 : explain SELECT c FROM sbtest2 WHERE id BETWEEN 1233412 AND 1233511
	Index Scan using sbtest2_pkey on sbtest2  (cost=0.43..433.60 rows=109 width=121)
	  Index Cond: ((id >= 1233412) AND (id <= 1233511))

table 3 : explain SELECT c FROM sbtest3 WHERE id BETWEEN 972682 AND 972781
	Index Scan using sbtest3_pkey on sbtest3  (cost=0.43..373.87 rows=94 width=121)
	  Index Cond: ((id >= 972682) AND (id <= 972781))

table 4 : explain SELECT c FROM sbtest4 WHERE id BETWEEN 7729665 AND 7729764
	Index Scan using sbtest4_pkey on sbtest4  (cost=0.43..407.20 rows=102 width=121)
	  Index Cond: ((id >= 7729665) AND (id <= 7729764))

table 5 : explain SELECT c FROM sbtest5 WHERE id BETWEEN 8863335 AND 8863434
	Index Scan using sbtest5_pkey on sbtest5  (cost=0.43..370.28 rows=93 width=121)
	  Index Cond: ((id >= 8863335) AND (id <= 8863434))

table 6 : explain SELECT c FROM sbtest6 WHERE id BETWEEN 1155368 AND 1155467
	Index Scan using sbtest6_pkey on sbtest6  (cost=0.43..381.66 rows=96 width=121)
	  Index Cond: ((id >= 1155368) AND (id <= 1155467))

table 7 : explain SELECT c FROM sbtest7 WHERE id BETWEEN 3318445 AND 3318544
	Index Scan using sbtest7_pkey on sbtest7  (cost=0.43..405.09 rows=102 width=121)
	  Index Cond: ((id >= 3318445) AND (id <= 3318544))

table 8 : explain SELECT c FROM sbtest8 WHERE id BETWEEN 2855475 AND 2855574
	Index Scan using sbtest8_pkey on sbtest8  (cost=0.43..397.19 rows=100 width=121)
	  Index Cond: ((id >= 2855475) AND (id <= 2855574))

for: simple_ranges
table 1 : explain SELECT c FROM sbtest1 WHERE id BETWEEN 9837218 AND 9837317
	Index Scan using sbtest1_pkey on sbtest1  (cost=0.43..401.27 rows=101 width=121)
	  Index Cond: ((id >= 9837218) AND (id <= 9837317))

table 2 : explain SELECT c FROM sbtest2 WHERE id BETWEEN 5646670 AND 5646769
	Index Scan using sbtest2_pkey on sbtest2  (cost=0.43..378.50 rows=95 width=121)
	  Index Cond: ((id >= 5646670) AND (id <= 5646769))

table 3 : explain SELECT c FROM sbtest3 WHERE id BETWEEN 4941189 AND 4941288
	Index Scan using sbtest3_pkey on sbtest3  (cost=0.43..421.01 rows=106 width=121)
	  Index Cond: ((id >= 4941189) AND (id <= 4941288))

table 4 : explain SELECT c FROM sbtest4 WHERE id BETWEEN 7710458 AND 7710557
	Index Scan using sbtest4_pkey on sbtest4  (cost=0.43..407.20 rows=102 width=121)
	  Index Cond: ((id >= 7710458) AND (id <= 7710557))

table 5 : explain SELECT c FROM sbtest5 WHERE id BETWEEN 9553468 AND 9553567
	Index Scan using sbtest5_pkey on sbtest5  (cost=0.43..382.10 rows=96 width=121)
	  Index Cond: ((id >= 9553468) AND (id <= 9553567))

table 6 : explain SELECT c FROM sbtest6 WHERE id BETWEEN 8772439 AND 8772538
	Index Scan using sbtest6_pkey on sbtest6  (cost=0.43..377.73 rows=95 width=121)
	  Index Cond: ((id >= 8772439) AND (id <= 8772538))

table 7 : explain SELECT c FROM sbtest7 WHERE id BETWEEN 2043867 AND 2043966
	Index Scan using sbtest7_pkey on sbtest7  (cost=0.43..432.58 rows=109 width=121)
	  Index Cond: ((id >= 2043867) AND (id <= 2043966))

table 8 : explain SELECT c FROM sbtest8 WHERE id BETWEEN 233613 AND 233712
	Index Scan using sbtest8_pkey on sbtest8  (cost=0.43..436.45 rows=110 width=121)
	  Index Cond: ((id >= 233613) AND (id <= 233712))

for: simple_ranges
table 1 : explain SELECT c FROM sbtest1 WHERE id BETWEEN 5249016 AND 5249115
	Index Scan using sbtest1_pkey on sbtest1  (cost=0.43..385.56 rows=97 width=121)
	  Index Cond: ((id >= 5249016) AND (id <= 5249115))

table 2 : explain SELECT c FROM sbtest2 WHERE id BETWEEN 9954580 AND 9954679
	Index Scan using sbtest2_pkey on sbtest2  (cost=0.43..378.50 rows=95 width=121)
	  Index Cond: ((id >= 9954580) AND (id <= 9954679))

table 3 : explain SELECT c FROM sbtest3 WHERE id BETWEEN 9440407 AND 9440506
	Index Scan using sbtest3_pkey on sbtest3  (cost=0.43..476.00 rows=120 width=121)
	  Index Cond: ((id >= 9440407) AND (id <= 9440506))

table 4 : explain SELECT c FROM sbtest4 WHERE id BETWEEN 5276920 AND 5277019
	Index Scan using sbtest4_pkey on sbtest4  (cost=0.43..383.52 rows=96 width=121)
	  Index Cond: ((id >= 5276920) AND (id <= 5277019))

table 5 : explain SELECT c FROM sbtest5 WHERE id BETWEEN 6456147 AND 6456246
	Index Scan using sbtest5_pkey on sbtest5  (cost=0.43..429.29 rows=108 width=121)
	  Index Cond: ((id >= 6456147) AND (id <= 6456246))

table 6 : explain SELECT c FROM sbtest6 WHERE id BETWEEN 5138507 AND 5138606
	Index Scan using sbtest6_pkey on sbtest6  (cost=0.43..432.72 rows=109 width=121)
	  Index Cond: ((id >= 5138507) AND (id <= 5138606))

table 7 : explain SELECT c FROM sbtest7 WHERE id BETWEEN 9268891 AND 9268990
	Index Scan using sbtest7_pkey on sbtest7  (cost=0.43..346.17 rows=87 width=121)
	  Index Cond: ((id >= 9268891) AND (id <= 9268990))

table 8 : explain SELECT c FROM sbtest8 WHERE id BETWEEN 704078 AND 704177
	Index Scan using sbtest8_pkey on sbtest8  (cost=0.43..393.26 rows=99 width=121)
	  Index Cond: ((id >= 704078) AND (id <= 704177))

explain: for point_selects :: explain SELECT c FROM sbtest%u WHERE id=%u
for: distinct_ranges
table 1 : explain SELECT DISTINCT c FROM sbtest1 WHERE id BETWEEN 1609257 AND 1609356 ORDER BY c
	Unique  (cost=436.38..436.93 rows=109 width=121)
	  ->  Sort  (cost=436.38..436.65 rows=109 width=121)
	        Sort Key: c
	        ->  Index Scan using sbtest1_pkey on sbtest1  (cost=0.43..432.69 rows=109 width=121)
	              Index Cond: ((id >= 1609257) AND (id <= 1609356))

table 2 : explain SELECT DISTINCT c FROM sbtest2 WHERE id BETWEEN 5783308 AND 5783407 ORDER BY c
	Unique  (cost=397.52..398.02 rows=99 width=121)
	  ->  Sort  (cost=397.52..397.77 rows=99 width=121)
	        Sort Key: c
	        ->  Index Scan using sbtest2_pkey on sbtest2  (cost=0.43..394.24 rows=99 width=121)
	              Index Cond: ((id >= 5783308) AND (id <= 5783407))

table 3 : explain SELECT DISTINCT c FROM sbtest3 WHERE id BETWEEN 5878107 AND 5878206 ORDER BY c
	Unique  (cost=404.73..405.23 rows=101 width=121)
	  ->  Sort  (cost=404.73..404.98 rows=101 width=121)
	        Sort Key: c
	        ->  Index Scan using sbtest3_pkey on sbtest3  (cost=0.43..401.37 rows=101 width=121)
	              Index Cond: ((id >= 5878107) AND (id <= 5878206))

table 4 : explain SELECT DISTINCT c FROM sbtest4 WHERE id BETWEEN 8362172 AND 8362271 ORDER BY c
	Unique  (cost=398.64..399.14 rows=99 width=121)
	  ->  Sort  (cost=398.64..398.89 rows=99 width=121)
	        Sort Key: c
	        ->  Index Scan using sbtest4_pkey on sbtest4  (cost=0.43..395.36 rows=99 width=121)
	              Index Cond: ((id >= 8362172) AND (id <= 8362271))

table 5 : explain SELECT DISTINCT c FROM sbtest5 WHERE id BETWEEN 1202550 AND 1202649 ORDER BY c
	Unique  (cost=409.10..409.61 rows=102 width=121)
	  ->  Sort  (cost=409.10..409.35 rows=102 width=121)
	        Sort Key: c
	        ->  Index Scan using sbtest5_pkey on sbtest5  (cost=0.43..405.70 rows=102 width=121)
	              Index Cond: ((id >= 1202550) AND (id <= 1202649))

table 6 : explain SELECT DISTINCT c FROM sbtest6 WHERE id BETWEEN 4670392 AND 4670491 ORDER BY c
	Unique  (cost=392.76..393.25 rows=98 width=121)
	  ->  Sort  (cost=392.76..393.00 rows=98 width=121)
	        Sort Key: c
	        ->  Index Scan using sbtest6_pkey on sbtest6  (cost=0.43..389.51 rows=98 width=121)
	              Index Cond: ((id >= 4670392) AND (id <= 4670491))

table 7 : explain SELECT DISTINCT c FROM sbtest7 WHERE id BETWEEN 3202813 AND 3202912 ORDER BY c
	Unique  (cost=456.10..456.67 rows=114 width=121)
	  ->  Sort  (cost=456.10..456.39 rows=114 width=121)
	        Sort Key: c
	        ->  Index Scan using sbtest7_pkey on sbtest7  (cost=0.43..452.21 rows=114 width=121)
	              Index Cond: ((id >= 3202813) AND (id <= 3202912))

table 8 : explain SELECT DISTINCT c FROM sbtest8 WHERE id BETWEEN 8491787 AND 8491886 ORDER BY c
	Unique  (cost=412.41..412.92 rows=103 width=121)
	  ->  Sort  (cost=412.41..412.67 rows=103 width=121)
	        Sort Key: c
	        ->  Index Scan using sbtest8_pkey on sbtest8  (cost=0.43..408.96 rows=103 width=121)
	              Index Cond: ((id >= 8491787) AND (id <= 8491886))

for point_selects
table 1 : explain SELECT c FROM sbtest1 WHERE id=233035
	Index Scan using sbtest1_pkey on sbtest1  (cost=0.43..8.45 rows=1 width=121)
	  Index Cond: (id = 233035)

table 2 : explain SELECT c FROM sbtest2 WHERE id=4384259
	Index Scan using sbtest2_pkey on sbtest2  (cost=0.43..8.45 rows=1 width=121)
	  Index Cond: (id = 4384259)

table 3 : explain SELECT c FROM sbtest3 WHERE id=7202240
	Index Scan using sbtest3_pkey on sbtest3  (cost=0.43..8.45 rows=1 width=121)
	  Index Cond: (id = 7202240)

table 4 : explain SELECT c FROM sbtest4 WHERE id=6127129
	Index Scan using sbtest4_pkey on sbtest4  (cost=0.43..8.45 rows=1 width=121)
	  Index Cond: (id = 6127129)

table 5 : explain SELECT c FROM sbtest5 WHERE id=4925978
	Index Scan using sbtest5_pkey on sbtest5  (cost=0.43..8.45 rows=1 width=121)
	  Index Cond: (id = 4925978)

table 6 : explain SELECT c FROM sbtest6 WHERE id=410694
	Index Scan using sbtest6_pkey on sbtest6  (cost=0.43..8.45 rows=1 width=121)
	  Index Cond: (id = 410694)

table 7 : explain SELECT c FROM sbtest7 WHERE id=9143103
	Index Scan using sbtest7_pkey on sbtest7  (cost=0.43..8.45 rows=1 width=121)
	  Index Cond: (id = 9143103)

table 8 : explain SELECT c FROM sbtest8 WHERE id=3836660
	Index Scan using sbtest8_pkey on sbtest8  (cost=0.43..8.45 rows=1 width=121)
	  Index Cond: (id = 3836660)

explain: for point_selects :: explain SELECT c FROM sbtest%u WHERE id=%u
for: order_ranges
table 1 : explain SELECT c FROM sbtest1 WHERE id BETWEEN 9981035 AND 9981134 ORDER BY c
	Sort  (cost=412.57..412.83 rows=103 width=121)
	  Sort Key: c
	  ->  Index Scan using sbtest1_pkey on sbtest1  (cost=0.43..409.13 rows=103 width=121)
	        Index Cond: ((id >= 9981035) AND (id <= 9981134))

table 2 : explain SELECT c FROM sbtest2 WHERE id BETWEEN 6510805 AND 6510904 ORDER BY c
	Sort  (cost=397.52..397.77 rows=99 width=121)
	  Sort Key: c
	  ->  Index Scan using sbtest2_pkey on sbtest2  (cost=0.43..394.24 rows=99 width=121)
	        Index Cond: ((id >= 6510805) AND (id <= 6510904))

table 3 : explain SELECT c FROM sbtest3 WHERE id BETWEEN 6466304 AND 6466403 ORDER BY c
	Sort  (cost=404.73..404.98 rows=101 width=121)
	  Sort Key: c
	  ->  Index Scan using sbtest3_pkey on sbtest3  (cost=0.43..401.37 rows=101 width=121)
	        Index Cond: ((id >= 6466304) AND (id <= 6466403))

table 4 : explain SELECT c FROM sbtest4 WHERE id BETWEEN 7368131 AND 7368230 ORDER BY c
	Sort  (cost=398.64..398.89 rows=99 width=121)
	  Sort Key: c
	  ->  Index Scan using sbtest4_pkey on sbtest4  (cost=0.43..395.36 rows=99 width=121)
	        Index Cond: ((id >= 7368131) AND (id <= 7368230))

table 5 : explain SELECT c FROM sbtest5 WHERE id BETWEEN 2244241 AND 2244340 ORDER BY c
	Sort  (cost=405.13..405.38 rows=101 width=121)
	  Sort Key: c
	  ->  Index Scan using sbtest5_pkey on sbtest5  (cost=0.43..401.76 rows=101 width=121)
	        Index Cond: ((id >= 2244241) AND (id <= 2244340))

table 6 : explain SELECT c FROM sbtest6 WHERE id BETWEEN 4480613 AND 4480712 ORDER BY c
	Sort  (cost=424.50..424.77 rows=106 width=121)
	  Sort Key: c
	  ->  Index Scan using sbtest6_pkey on sbtest6  (cost=0.43..420.94 rows=106 width=121)
	        Index Cond: ((id >= 4480613) AND (id <= 4480712))

table 7 : explain SELECT c FROM sbtest7 WHERE id BETWEEN 8940469 AND 8940568 ORDER BY c
	Sort  (cost=376.76..377.00 rows=94 width=121)
	  Sort Key: c
	  ->  Index Scan using sbtest7_pkey on sbtest7  (cost=0.43..373.68 rows=94 width=121)
	        Index Cond: ((id >= 8940469) AND (id <= 8940568))

table 8 : explain SELECT c FROM sbtest8 WHERE id BETWEEN 9746708 AND 9746807 ORDER BY c
	Sort  (cost=364.79..365.02 rows=91 width=121)
	  Sort Key: c
	  ->  Index Scan using sbtest8_pkey on sbtest8  (cost=0.43..361.83 rows=91 width=121)
	        Index Cond: ((id >= 9746708) AND (id <= 9746807))

for point_selects
table 1 : explain SELECT c FROM sbtest1 WHERE id=8607473
	Index Scan using sbtest1_pkey on sbtest1  (cost=0.43..8.45 rows=1 width=121)
	  Index Cond: (id = 8607473)

table 2 : explain SELECT c FROM sbtest2 WHERE id=1994040
	Index Scan using sbtest2_pkey on sbtest2  (cost=0.43..8.45 rows=1 width=121)
	  Index Cond: (id = 1994040)

table 3 : explain SELECT c FROM sbtest3 WHERE id=2383255
	Index Scan using sbtest3_pkey on sbtest3  (cost=0.43..8.45 rows=1 width=121)
	  Index Cond: (id = 2383255)

table 4 : explain SELECT c FROM sbtest4 WHERE id=8010884
	Index Scan using sbtest4_pkey on sbtest4  (cost=0.43..8.45 rows=1 width=121)
	  Index Cond: (id = 8010884)

table 5 : explain SELECT c FROM sbtest5 WHERE id=5852803
	Index Scan using sbtest5_pkey on sbtest5  (cost=0.43..8.45 rows=1 width=121)
	  Index Cond: (id = 5852803)

table 6 : explain SELECT c FROM sbtest6 WHERE id=7878695
	Index Scan using sbtest6_pkey on sbtest6  (cost=0.43..8.45 rows=1 width=121)
	  Index Cond: (id = 7878695)

table 7 : explain SELECT c FROM sbtest7 WHERE id=1858246
	Index Scan using sbtest7_pkey on sbtest7  (cost=0.43..8.45 rows=1 width=121)
	  Index Cond: (id = 1858246)

table 8 : explain SELECT c FROM sbtest8 WHERE id=7846509
	Index Scan using sbtest8_pkey on sbtest8  (cost=0.43..8.45 rows=1 width=121)
	  Index Cond: (id = 7846509)

for: order_ranges
table 1 : explain SELECT c FROM sbtest1 WHERE id BETWEEN 6873189 AND 6873288 ORDER BY c
	Sort  (cost=388.76..389.01 rows=97 width=121)
	  Sort Key: c
	  ->  Index Scan using sbtest1_pkey on sbtest1  (cost=0.43..385.56 rows=97 width=121)
	        Index Cond: ((id >= 6873189) AND (id <= 6873288))

table 2 : explain SELECT c FROM sbtest2 WHERE id BETWEEN 7284619 AND 7284718 ORDER BY c
	Sort  (cost=381.62..381.86 rows=95 width=121)
	  Sort Key: c
	  ->  Index Scan using sbtest2_pkey on sbtest2  (cost=0.43..378.50 rows=95 width=121)
	        Index Cond: ((id >= 7284619) AND (id <= 7284718))

table 3 : explain SELECT c FROM sbtest3 WHERE id BETWEEN 7793757 AND 7793856 ORDER BY c
	Sort  (cost=365.02..365.25 rows=91 width=121)
	  Sort Key: c
	  ->  Index Scan using sbtest3_pkey on sbtest3  (cost=0.43..362.06 rows=91 width=121)
	        Index Cond: ((id >= 7793757) AND (id <= 7793856))

table 4 : explain SELECT c FROM sbtest4 WHERE id BETWEEN 2390473 AND 2390572 ORDER BY c
	Sort  (cost=414.59..414.85 rows=103 width=121)
	  Sort Key: c
	  ->  Index Scan using sbtest4_pkey on sbtest4  (cost=0.43..411.15 rows=103 width=121)
	        Index Cond: ((id >= 2390473) AND (id <= 2390572))

table 5 : explain SELECT c FROM sbtest5 WHERE id BETWEEN 7683250 AND 7683349 ORDER BY c
	Sort  (cost=385.26..385.50 rows=96 width=121)
	  Sort Key: c
	  ->  Index Scan using sbtest5_pkey on sbtest5  (cost=0.43..382.10 rows=96 width=121)
	        Index Cond: ((id >= 7683250) AND (id <= 7683349))

table 6 : explain SELECT c FROM sbtest6 WHERE id BETWEEN 4167740 AND 4167839 ORDER BY c
	Sort  (cost=376.88..377.12 rows=94 width=121)
	  Sort Key: c
	  ->  Index Scan using sbtest6_pkey on sbtest6  (cost=0.43..373.80 rows=94 width=121)
	        Index Cond: ((id >= 4167740) AND (id <= 4167839))

table 7 : explain SELECT c FROM sbtest7 WHERE id BETWEEN 4085533 AND 4085632 ORDER BY c
	Sort  (cost=424.36..424.63 rows=106 width=121)
	  Sort Key: c
	  ->  Index Scan using sbtest7_pkey on sbtest7  (cost=0.43..420.80 rows=106 width=121)
	        Index Cond: ((id >= 4085533) AND (id <= 4085632))

table 8 : explain SELECT c FROM sbtest8 WHERE id BETWEEN 8883165 AND 8883264 ORDER BY c
	Sort  (cost=408.44..408.70 rows=102 width=121)
	  Sort Key: c
	  ->  Index Scan using sbtest8_pkey on sbtest8  (cost=0.43..405.04 rows=102 width=121)
	        Index Cond: ((id >= 8883165) AND (id <= 8883264))

explain: for point_selects :: explain SELECT c FROM sbtest%u WHERE id=%u
for: sum_ranges
table 1 : explain SELECT SUM(k) FROM sbtest1 WHERE id BETWEEN 8311730 AND 8311829
	Aggregate  (cost=389.74..389.75 rows=1 width=8)
	  ->  Index Scan using sbtest1_pkey on sbtest1  (cost=0.43..389.49 rows=98 width=4)
	        Index Cond: ((id >= 8311730) AND (id <= 8311829))

table 2 : explain SELECT SUM(k) FROM sbtest2 WHERE id BETWEEN 4615807 AND 4615906
	Aggregate  (cost=362.96..362.97 rows=1 width=8)
	  ->  Index Scan using sbtest2_pkey on sbtest2  (cost=0.43..362.73 rows=91 width=4)
	        Index Cond: ((id >= 4615807) AND (id <= 4615906))

table 3 : explain SELECT SUM(k) FROM sbtest3 WHERE id BETWEEN 4578599 AND 4578698
	Aggregate  (cost=385.89..385.90 rows=1 width=8)
	  ->  Index Scan using sbtest3_pkey on sbtest3  (cost=0.43..385.65 rows=97 width=4)
	        Index Cond: ((id >= 4578599) AND (id <= 4578698))

table 4 : explain SELECT SUM(k) FROM sbtest4 WHERE id BETWEEN 9987511 AND 9987610
	Aggregate  (cost=391.66..391.67 rows=1 width=8)
	  ->  Index Scan using sbtest4_pkey on sbtest4  (cost=0.43..391.41 rows=98 width=4)
	        Index Cond: ((id >= 9987511) AND (id <= 9987610))

table 5 : explain SELECT SUM(k) FROM sbtest5 WHERE id BETWEEN 7283562 AND 7283661
	Aggregate  (cost=390.21..390.22 rows=1 width=8)
	  ->  Index Scan using sbtest5_pkey on sbtest5  (cost=0.43..389.97 rows=98 width=4)
	        Index Cond: ((id >= 7283562) AND (id <= 7283661))

table 6 : explain SELECT SUM(k) FROM sbtest6 WHERE id BETWEEN 6064197 AND 6064296
	Aggregate  (cost=366.16..366.17 rows=1 width=8)
	  ->  Index Scan using sbtest6_pkey on sbtest6  (cost=0.43..365.93 rows=92 width=4)
	        Index Cond: ((id >= 6064197) AND (id <= 6064296))

table 7 : explain SELECT SUM(k) FROM sbtest7 WHERE id BETWEEN 7298588 AND 7298687
	Aggregate  (cost=405.35..405.36 rows=1 width=8)
	  ->  Index Scan using sbtest7_pkey on sbtest7  (cost=0.43..405.09 rows=102 width=4)
	        Index Cond: ((id >= 7298588) AND (id <= 7298687))

table 8 : explain SELECT SUM(k) FROM sbtest8 WHERE id BETWEEN 5331160 AND 5331259
	Aggregate  (cost=405.29..405.30 rows=1 width=8)
	  ->  Index Scan using sbtest8_pkey on sbtest8  (cost=0.43..405.04 rows=102 width=4)
	        Index Cond: ((id >= 5331160) AND (id <= 5331259))

for: simple_ranges
table 1 : explain SELECT c FROM sbtest1 WHERE id BETWEEN 4734802 AND 4734901
	Index Scan using sbtest1_pkey on sbtest1  (cost=0.43..365.90 rows=92 width=121)
	  Index Cond: ((id >= 4734802) AND (id <= 4734901))

table 2 : explain SELECT c FROM sbtest2 WHERE id BETWEEN 8241687 AND 8241786
	Index Scan using sbtest2_pkey on sbtest2  (cost=0.43..386.37 rows=97 width=121)
	  Index Cond: ((id >= 8241687) AND (id <= 8241786))

table 3 : explain SELECT c FROM sbtest3 WHERE id BETWEEN 2423185 AND 2423284
	Index Scan using sbtest3_pkey on sbtest3  (cost=0.43..397.44 rows=100 width=121)
	  Index Cond: ((id >= 2423185) AND (id <= 2423284))

table 4 : explain SELECT c FROM sbtest4 WHERE id BETWEEN 2760959 AND 2761058
	Index Scan using sbtest4_pkey on sbtest4  (cost=0.43..434.83 rows=109 width=121)
	  Index Cond: ((id >= 2760959) AND (id <= 2761058))

table 5 : explain SELECT c FROM sbtest5 WHERE id BETWEEN 1750414 AND 1750513
	Index Scan using sbtest5_pkey on sbtest5  (cost=0.43..417.49 rows=105 width=121)
	  Index Cond: ((id >= 1750414) AND (id <= 1750513))

table 6 : explain SELECT c FROM sbtest6 WHERE id BETWEEN 8777497 AND 8777596
	Index Scan using sbtest6_pkey on sbtest6  (cost=0.43..377.73 rows=95 width=121)
	  Index Cond: ((id >= 8777497) AND (id <= 8777596))

table 7 : explain SELECT c FROM sbtest7 WHERE id BETWEEN 1171819 AND 1171918
	Index Scan using sbtest7_pkey on sbtest7  (cost=0.43..385.46 rows=97 width=121)
	  Index Cond: ((id >= 1171819) AND (id <= 1171918))

table 8 : explain SELECT c FROM sbtest8 WHERE id BETWEEN 5978830 AND 5978929
	Index Scan using sbtest8_pkey on sbtest8  (cost=0.43..412.89 rows=104 width=121)
	  Index Cond: ((id >= 5978830) AND (id <= 5978929))

for point_selects
table 1 : explain SELECT c FROM sbtest1 WHERE id=6752837
	Index Scan using sbtest1_pkey on sbtest1  (cost=0.43..8.45 rows=1 width=121)
	  Index Cond: (id = 6752837)

table 2 : explain SELECT c FROM sbtest2 WHERE id=396935
	Index Scan using sbtest2_pkey on sbtest2  (cost=0.43..8.45 rows=1 width=121)
	  Index Cond: (id = 396935)

table 3 : explain SELECT c FROM sbtest3 WHERE id=4126717
	Index Scan using sbtest3_pkey on sbtest3  (cost=0.43..8.45 rows=1 width=121)
	  Index Cond: (id = 4126717)

table 4 : explain SELECT c FROM sbtest4 WHERE id=9442176
	Index Scan using sbtest4_pkey on sbtest4  (cost=0.43..8.45 rows=1 width=121)
	  Index Cond: (id = 9442176)

table 5 : explain SELECT c FROM sbtest5 WHERE id=6004812
	Index Scan using sbtest5_pkey on sbtest5  (cost=0.43..8.45 rows=1 width=121)
	  Index Cond: (id = 6004812)

table 6 : explain SELECT c FROM sbtest6 WHERE id=7506273
	Index Scan using sbtest6_pkey on sbtest6  (cost=0.43..8.45 rows=1 width=121)
	  Index Cond: (id = 7506273)

table 7 : explain SELECT c FROM sbtest7 WHERE id=9674444
	Index Scan using sbtest7_pkey on sbtest7  (cost=0.43..8.45 rows=1 width=121)
	  Index Cond: (id = 9674444)

table 8 : explain SELECT c FROM sbtest8 WHERE id=91244
	Index Scan using sbtest8_pkey on sbtest8  (cost=0.43..8.45 rows=1 width=121)
	  Index Cond: (id = 91244)

for: sum_ranges
table 1 : explain SELECT SUM(k) FROM sbtest1 WHERE id BETWEEN 4912137 AND 4912236
	Aggregate  (cost=389.74..389.75 rows=1 width=8)
	  ->  Index Scan using sbtest1_pkey on sbtest1  (cost=0.43..389.49 rows=98 width=4)
	        Index Cond: ((id >= 4912137) AND (id <= 4912236))

table 2 : explain SELECT SUM(k) FROM sbtest2 WHERE id BETWEEN 7528603 AND 7528702
	Aggregate  (cost=402.37..402.38 rows=1 width=8)
	  ->  Index Scan using sbtest2_pkey on sbtest2  (cost=0.43..402.11 rows=101 width=4)
	        Index Cond: ((id >= 7528603) AND (id <= 7528702))

table 3 : explain SELECT SUM(k) FROM sbtest3 WHERE id BETWEEN 2443023 AND 2443122
	Aggregate  (cost=397.69..397.70 rows=1 width=8)
	  ->  Index Scan using sbtest3_pkey on sbtest3  (cost=0.43..397.44 rows=100 width=4)
	        Index Cond: ((id >= 2443023) AND (id <= 2443122))

table 4 : explain SELECT SUM(k) FROM sbtest4 WHERE id BETWEEN 172541 AND 172640
	Aggregate  (cost=415.36..415.37 rows=1 width=8)
	  ->  Index Scan using sbtest4_pkey on sbtest4  (cost=0.43..415.10 rows=104 width=4)
	        Index Cond: ((id >= 172541) AND (id <= 172640))

table 5 : explain SELECT SUM(k) FROM sbtest5 WHERE id BETWEEN 5941416 AND 5941515
	Aggregate  (cost=366.58..366.59 rows=1 width=8)
	  ->  Index Scan using sbtest5_pkey on sbtest5  (cost=0.43..366.35 rows=92 width=4)
	        Index Cond: ((id >= 5941416) AND (id <= 5941515))

table 6 : explain SELECT SUM(k) FROM sbtest6 WHERE id BETWEEN 4651267 AND 4651366
	Aggregate  (cost=401.55..401.56 rows=1 width=8)
	  ->  Index Scan using sbtest6_pkey on sbtest6  (cost=0.43..401.30 rows=101 width=4)
	        Index Cond: ((id >= 4651267) AND (id <= 4651366))

table 7 : explain SELECT SUM(k) FROM sbtest7 WHERE id BETWEEN 6430406 AND 6430505
	Aggregate  (cost=409.27..409.28 rows=1 width=8)
	  ->  Index Scan using sbtest7_pkey on sbtest7  (cost=0.43..409.02 rows=103 width=4)
	        Index Cond: ((id >= 6430406) AND (id <= 6430505))

table 8 : explain SELECT SUM(k) FROM sbtest8 WHERE id BETWEEN 7791454 AND 7791553
	Aggregate  (cost=436.72..436.73 rows=1 width=8)
	  ->  Index Scan using sbtest8_pkey on sbtest8  (cost=0.43..436.45 rows=110 width=4)
	        Index Cond: ((id >= 7791454) AND (id <= 7791553))

explain: for point_selects :: explain SELECT c FROM sbtest%u WHERE id=%u
explain: for point_selects :: explain SELECT c FROM sbtest%u WHERE id=%u
for point_selects
table 1 : explain SELECT c FROM sbtest1 WHERE id=121092
	Index Scan using sbtest1_pkey on sbtest1  (cost=0.43..8.45 rows=1 width=121)
	  Index Cond: (id = 121092)

table 2 : explain SELECT c FROM sbtest2 WHERE id=9410214
	Index Scan using sbtest2_pkey on sbtest2  (cost=0.43..8.45 rows=1 width=121)
	  Index Cond: (id = 9410214)

table 3 : explain SELECT c FROM sbtest3 WHERE id=1041356
	Index Scan using sbtest3_pkey on sbtest3  (cost=0.43..8.45 rows=1 width=121)
	  Index Cond: (id = 1041356)

table 4 : explain SELECT c FROM sbtest4 WHERE id=7416622
	Index Scan using sbtest4_pkey on sbtest4  (cost=0.43..8.45 rows=1 width=121)
	  Index Cond: (id = 7416622)

table 5 : explain SELECT c FROM sbtest5 WHERE id=4942620
	Index Scan using sbtest5_pkey on sbtest5  (cost=0.43..8.45 rows=1 width=121)
	  Index Cond: (id = 4942620)

table 6 : explain SELECT c FROM sbtest6 WHERE id=7747162
	Index Scan using sbtest6_pkey on sbtest6  (cost=0.43..8.45 rows=1 width=121)
	  Index Cond: (id = 7747162)

table 7 : explain SELECT c FROM sbtest7 WHERE id=5192813
	Index Scan using sbtest7_pkey on sbtest7  (cost=0.43..8.45 rows=1 width=121)
	  Index Cond: (id = 5192813)

table 8 : explain SELECT c FROM sbtest8 WHERE id=1420939
	Index Scan using sbtest8_pkey on sbtest8  (cost=0.43..8.45 rows=1 width=121)
	  Index Cond: (id = 1420939)

for point_selects
table 1 : explain SELECT c FROM sbtest1 WHERE id=4759486
	Index Scan using sbtest1_pkey on sbtest1  (cost=0.43..8.45 rows=1 width=121)
	  Index Cond: (id = 4759486)

table 2 : explain SELECT c FROM sbtest2 WHERE id=8694267
	Index Scan using sbtest2_pkey on sbtest2  (cost=0.43..8.45 rows=1 width=121)
	  Index Cond: (id = 8694267)

table 3 : explain SELECT c FROM sbtest3 WHERE id=7635848
	Index Scan using sbtest3_pkey on sbtest3  (cost=0.43..8.45 rows=1 width=121)
	  Index Cond: (id = 7635848)

table 4 : explain SELECT c FROM sbtest4 WHERE id=5080471
	Index Scan using sbtest4_pkey on sbtest4  (cost=0.43..8.45 rows=1 width=121)
	  Index Cond: (id = 5080471)

table 5 : explain SELECT c FROM sbtest5 WHERE id=9234644
	Index Scan using sbtest5_pkey on sbtest5  (cost=0.43..8.45 rows=1 width=121)
	  Index Cond: (id = 9234644)

table 6 : explain SELECT c FROM sbtest6 WHERE id=3610714
	Index Scan using sbtest6_pkey on sbtest6  (cost=0.43..8.45 rows=1 width=121)
	  Index Cond: (id = 3610714)

table 7 : explain SELECT c FROM sbtest7 WHERE id=6203888
	Index Scan using sbtest7_pkey on sbtest7  (cost=0.43..8.45 rows=1 width=121)
	  Index Cond: (id = 6203888)

table 8 : explain SELECT c FROM sbtest8 WHERE id=1766518
	Index Scan using sbtest8_pkey on sbtest8  (cost=0.43..8.45 rows=1 width=121)
	  Index Cond: (id = 1766518)

for: simple_ranges
table 1 : explain SELECT c FROM sbtest1 WHERE id BETWEEN 9023250 AND 9023349
	Index Scan using sbtest1_pkey on sbtest1  (cost=0.43..381.64 rows=96 width=121)
	  Index Cond: ((id >= 9023250) AND (id <= 9023349))

table 2 : explain SELECT c FROM sbtest2 WHERE id BETWEEN 4344822 AND 4344921
	Index Scan using sbtest2_pkey on sbtest2  (cost=0.43..394.24 rows=99 width=121)
	  Index Cond: ((id >= 4344822) AND (id <= 4344921))

table 3 : explain SELECT c FROM sbtest3 WHERE id BETWEEN 5574882 AND 5574981
	Index Scan using sbtest3_pkey on sbtest3  (cost=0.43..381.72 rows=96 width=121)
	  Index Cond: ((id >= 5574882) AND (id <= 5574981))

table 4 : explain SELECT c FROM sbtest4 WHERE id BETWEEN 5228333 AND 5228432
	Index Scan using sbtest4_pkey on sbtest4  (cost=0.43..383.52 rows=96 width=121)
	  Index Cond: ((id >= 5228333) AND (id <= 5228432))

table 5 : explain SELECT c FROM sbtest5 WHERE id BETWEEN 6999857 AND 6999956
	Index Scan using sbtest5_pkey on sbtest5  (cost=0.43..417.49 rows=105 width=121)
	  Index Cond: ((id >= 6999857) AND (id <= 6999956))

table 6 : explain SELECT c FROM sbtest6 WHERE id BETWEEN 1681326 AND 1681425
	Index Scan using sbtest6_pkey on sbtest6  (cost=0.43..346.29 rows=87 width=121)
	  Index Cond: ((id >= 1681326) AND (id <= 1681425))

table 7 : explain SELECT c FROM sbtest7 WHERE id BETWEEN 5556179 AND 5556278
	Index Scan using sbtest7_pkey on sbtest7  (cost=0.43..432.58 rows=109 width=121)
	  Index Cond: ((id >= 5556179) AND (id <= 5556278))

table 8 : explain SELECT c FROM sbtest8 WHERE id BETWEEN 1129929 AND 1130028
	Index Scan using sbtest8_pkey on sbtest8  (cost=0.43..377.56 rows=95 width=121)
	  Index Cond: ((id >= 1129929) AND (id <= 1130028))

for: order_ranges
table 1 : explain SELECT c FROM sbtest1 WHERE id BETWEEN 4397477 AND 4397576 ORDER BY c
	Sort  (cost=388.76..389.01 rows=97 width=121)
	  Sort Key: c
	  ->  Index Scan using sbtest1_pkey on sbtest1  (cost=0.43..385.56 rows=97 width=121)
	        Index Cond: ((id >= 4397477) AND (id <= 4397576))

table 2 : explain SELECT c FROM sbtest2 WHERE id BETWEEN 8551174 AND 8551273 ORDER BY c
	Sort  (cost=377.64..377.88 rows=94 width=121)
	  Sort Key: c
	  ->  Index Scan using sbtest2_pkey on sbtest2  (cost=0.43..374.56 rows=94 width=121)
	        Index Cond: ((id >= 8551174) AND (id <= 8551273))

table 3 : explain SELECT c FROM sbtest3 WHERE id BETWEEN 4504417 AND 4504516 ORDER BY c
	Sort  (cost=400.76..401.01 rows=100 width=121)
	  Sort Key: c
	  ->  Index Scan using sbtest3_pkey on sbtest3  (cost=0.43..397.44 rows=100 width=121)
	        Index Cond: ((id >= 4504417) AND (id <= 4504516))

table 4 : explain SELECT c FROM sbtest4 WHERE id BETWEEN 3112079 AND 3112178 ORDER BY c
	Sort  (cost=426.56..426.82 rows=106 width=121)
	  Sort Key: c
	  ->  Index Scan using sbtest4_pkey on sbtest4  (cost=0.43..422.99 rows=106 width=121)
	        Index Cond: ((id >= 3112079) AND (id <= 3112178))

table 5 : explain SELECT c FROM sbtest5 WHERE id BETWEEN 8873493 AND 8873592 ORDER BY c
	Sort  (cost=373.32..373.56 rows=93 width=121)
	  Sort Key: c
	  ->  Index Scan using sbtest5_pkey on sbtest5  (cost=0.43..370.28 rows=93 width=121)
	        Index Cond: ((id >= 8873493) AND (id <= 8873592))

table 6 : explain SELECT c FROM sbtest6 WHERE id BETWEEN 7940146 AND 7940245 ORDER BY c
	Sort  (cost=376.88..377.12 rows=94 width=121)
	  Sort Key: c
	  ->  Index Scan using sbtest6_pkey on sbtest6  (cost=0.43..373.80 rows=94 width=121)
	        Index Cond: ((id >= 7940146) AND (id <= 7940245))

table 7 : explain SELECT c FROM sbtest7 WHERE id BETWEEN 8472089 AND 8472188 ORDER BY c
	Sort  (cost=376.76..377.00 rows=94 width=121)
	  Sort Key: c
	  ->  Index Scan using sbtest7_pkey on sbtest7  (cost=0.43..373.68 rows=94 width=121)
	        Index Cond: ((id >= 8472089) AND (id <= 8472188))

table 8 : explain SELECT c FROM sbtest8 WHERE id BETWEEN 493012 AND 493111 ORDER BY c
	Sort  (cost=424.31..424.57 rows=106 width=121)
	  Sort Key: c
	  ->  Index Scan using sbtest8_pkey on sbtest8  (cost=0.43..420.74 rows=106 width=121)
	        Index Cond: ((id >= 493012) AND (id <= 493111))

explain: for point_selects :: explain SELECT c FROM sbtest%u WHERE id=%u
for: sum_ranges
table 1 : explain SELECT SUM(k) FROM sbtest1 WHERE id BETWEEN 8953152 AND 8953251
	Aggregate  (cost=389.74..389.75 rows=1 width=8)
	  ->  Index Scan using sbtest1_pkey on sbtest1  (cost=0.43..389.49 rows=98 width=4)
	        Index Cond: ((id >= 8953152) AND (id <= 8953251))

table 2 : explain SELECT SUM(k) FROM sbtest2 WHERE id BETWEEN 9348748 AND 9348847
	Aggregate  (cost=433.87..433.88 rows=1 width=8)
	  ->  Index Scan using sbtest2_pkey on sbtest2  (cost=0.43..433.60 rows=109 width=4)
	        Index Cond: ((id >= 9348748) AND (id <= 9348847))

table 3 : explain SELECT SUM(k) FROM sbtest3 WHERE id BETWEEN 7944470 AND 7944569
	Aggregate  (cost=401.62..401.63 rows=1 width=8)
	  ->  Index Scan using sbtest3_pkey on sbtest3  (cost=0.43..401.37 rows=101 width=4)
	        Index Cond: ((id >= 7944470) AND (id <= 7944569))

table 4 : explain SELECT SUM(k) FROM sbtest4 WHERE id BETWEEN 5286858 AND 5286957
	Aggregate  (cost=383.76..383.77 rows=1 width=8)
	  ->  Index Scan using sbtest4_pkey on sbtest4  (cost=0.43..383.52 rows=96 width=4)
	        Index Cond: ((id >= 5286858) AND (id <= 5286957))

table 5 : explain SELECT SUM(k) FROM sbtest5 WHERE id BETWEEN 7614343 AND 7614442
	Aggregate  (cost=382.34..382.35 rows=1 width=8)
	  ->  Index Scan using sbtest5_pkey on sbtest5  (cost=0.43..382.10 rows=96 width=4)
	        Index Cond: ((id >= 7614343) AND (id <= 7614442))

table 6 : explain SELECT SUM(k) FROM sbtest6 WHERE id BETWEEN 8279140 AND 8279239
	Aggregate  (cost=374.04..374.05 rows=1 width=8)
	  ->  Index Scan using sbtest6_pkey on sbtest6  (cost=0.43..373.80 rows=94 width=4)
	        Index Cond: ((id >= 8279140) AND (id <= 8279239))

table 7 : explain SELECT SUM(k) FROM sbtest7 WHERE id BETWEEN 2868551 AND 2868650
	Aggregate  (cost=448.56..448.57 rows=1 width=8)
	  ->  Index Scan using sbtest7_pkey on sbtest7  (cost=0.43..448.28 rows=113 width=4)
	        Index Cond: ((id >= 2868551) AND (id <= 2868650))

table 8 : explain SELECT SUM(k) FROM sbtest8 WHERE id BETWEEN 7358992 AND 7359091
	Aggregate  (cost=401.36..401.37 rows=1 width=8)
	  ->  Index Scan using sbtest8_pkey on sbtest8  (cost=0.43..401.11 rows=101 width=4)
	        Index Cond: ((id >= 7358992) AND (id <= 7359091))

for: distinct_ranges
table 1 : explain SELECT DISTINCT c FROM sbtest1 WHERE id BETWEEN 4491362 AND 4491461 ORDER BY c
	Unique  (cost=384.80..385.28 rows=96 width=121)
	  ->  Sort  (cost=384.80..385.04 rows=96 width=121)
	        Sort Key: c
	        ->  Index Scan using sbtest1_pkey on sbtest1  (cost=0.43..381.64 rows=96 width=121)
	              Index Cond: ((id >= 4491362) AND (id <= 4491461))

table 2 : explain SELECT DISTINCT c FROM sbtest2 WHERE id BETWEEN 2655212 AND 2655311 ORDER BY c
	Unique  (cost=409.45..409.96 rows=102 width=121)
	  ->  Sort  (cost=409.45..409.71 rows=102 width=121)
	        Sort Key: c
	        ->  Index Scan using sbtest2_pkey on sbtest2  (cost=0.43..406.05 rows=102 width=121)
	              Index Cond: ((id >= 2655212) AND (id <= 2655311))

table 3 : explain SELECT DISTINCT c FROM sbtest3 WHERE id BETWEEN 5354168 AND 5354267 ORDER BY c
	Unique  (cost=392.82..393.31 rows=98 width=121)
	  ->  Sort  (cost=392.82..393.07 rows=98 width=121)
	        Sort Key: c
	        ->  Index Scan using sbtest3_pkey on sbtest3  (cost=0.43..389.58 rows=98 width=121)
	              Index Cond: ((id >= 5354168) AND (id <= 5354267))

table 4 : explain SELECT DISTINCT c FROM sbtest4 WHERE id BETWEEN 6482696 AND 6482795 ORDER BY c
	Unique  (cost=382.69..383.17 rows=95 width=121)
	  ->  Sort  (cost=382.69..382.93 rows=95 width=121)
	        Sort Key: c
	        ->  Index Scan using sbtest4_pkey on sbtest4  (cost=0.43..379.57 rows=95 width=121)
	              Index Cond: ((id >= 6482696) AND (id <= 6482795))

table 5 : explain SELECT DISTINCT c FROM sbtest5 WHERE id BETWEEN 4731995 AND 4732094 ORDER BY c
	Unique  (cost=377.32..377.79 rows=94 width=121)
	  ->  Sort  (cost=377.32..377.55 rows=94 width=121)
	        Sort Key: c
	        ->  Index Scan using sbtest5_pkey on sbtest5  (cost=0.43..374.24 rows=94 width=121)
	              Index Cond: ((id >= 4731995) AND (id <= 4732094))

table 6 : explain SELECT DISTINCT c FROM sbtest6 WHERE id BETWEEN 5917492 AND 5917591 ORDER BY c
	Unique  (cost=357.02..357.47 rows=89 width=121)
	  ->  Sort  (cost=357.02..357.25 rows=89 width=121)
	        Sort Key: c
	        ->  Index Scan using sbtest6_pkey on sbtest6  (cost=0.43..354.14 rows=89 width=121)
	              Index Cond: ((id >= 5917492) AND (id <= 5917591))

table 7 : explain SELECT DISTINCT c FROM sbtest7 WHERE id BETWEEN 4958351 AND 4958450 ORDER BY c
	Unique  (cost=436.26..436.81 rows=109 width=121)
	  ->  Sort  (cost=436.26..436.54 rows=109 width=121)
	        Sort Key: c
	        ->  Index Scan using sbtest7_pkey on sbtest7  (cost=0.43..432.58 rows=109 width=121)
	              Index Cond: ((id >= 4958351) AND (id <= 4958450))

table 8 : explain SELECT DISTINCT c FROM sbtest8 WHERE id BETWEEN 1742872 AND 1742971 ORDER BY c
	Unique  (cost=392.58..393.07 rows=98 width=121)
	  ->  Sort  (cost=392.58..392.82 rows=98 width=121)
	        Sort Key: c
	        ->  Index Scan using sbtest8_pkey on sbtest8  (cost=0.43..389.33 rows=98 width=121)
	              Index Cond: ((id >= 1742872) AND (id <= 1742971))

for: distinct_ranges
table 1 : explain SELECT DISTINCT c FROM sbtest1 WHERE id BETWEEN 4382436 AND 4382535 ORDER BY c
	Unique  (cost=388.76..389.25 rows=97 width=121)
	  ->  Sort  (cost=388.76..389.01 rows=97 width=121)
	        Sort Key: c
	        ->  Index Scan using sbtest1_pkey on sbtest1  (cost=0.43..385.56 rows=97 width=121)
	              Index Cond: ((id >= 4382436) AND (id <= 4382535))

table 2 : explain SELECT DISTINCT c FROM sbtest2 WHERE id BETWEEN 1468459 AND 1468558 ORDER BY c
	Unique  (cost=421.38..421.91 rows=105 width=121)
	  ->  Sort  (cost=421.38..421.64 rows=105 width=121)
	        Sort Key: c
	        ->  Index Scan using sbtest2_pkey on sbtest2  (cost=0.43..417.86 rows=105 width=121)
	              Index Cond: ((id >= 1468459) AND (id <= 1468558))

table 3 : explain SELECT DISTINCT c FROM sbtest3 WHERE id BETWEEN 5734543 AND 5734642 ORDER BY c
	Unique  (cost=388.85..389.34 rows=97 width=121)
	  ->  Sort  (cost=388.85..389.09 rows=97 width=121)
	        Sort Key: c
	        ->  Index Scan using sbtest3_pkey on sbtest3  (cost=0.43..385.65 rows=97 width=121)
	              Index Cond: ((id >= 5734543) AND (id <= 5734642))

table 4 : explain SELECT DISTINCT c FROM sbtest4 WHERE id BETWEEN 7739740 AND 7739839 ORDER BY c
	Unique  (cost=410.61..411.12 rows=102 width=121)
	  ->  Sort  (cost=410.61..410.86 rows=102 width=121)
	        Sort Key: c
	        ->  Index Scan using sbtest4_pkey on sbtest4  (cost=0.43..407.20 rows=102 width=121)
	              Index Cond: ((id >= 7739740) AND (id <= 7739839))

table 5 : explain SELECT DISTINCT c FROM sbtest5 WHERE id BETWEEN 7842084 AND 7842183 ORDER BY c
	Unique  (cost=405.13..405.63 rows=101 width=121)
	  ->  Sort  (cost=405.13..405.38 rows=101 width=121)
	        Sort Key: c
	        ->  Index Scan using sbtest5_pkey on sbtest5  (cost=0.43..401.76 rows=101 width=121)
	              Index Cond: ((id >= 7842084) AND (id <= 7842183))

table 6 : explain SELECT DISTINCT c FROM sbtest6 WHERE id BETWEEN 2771215 AND 2771314 ORDER BY c
	Unique  (cost=408.63..409.14 rows=102 width=121)
	  ->  Sort  (cost=408.63..408.88 rows=102 width=121)
	        Sort Key: c
	        ->  Index Scan using sbtest6_pkey on sbtest6  (cost=0.43..405.23 rows=102 width=121)
	              Index Cond: ((id >= 2771215) AND (id <= 2771314))

table 7 : explain SELECT DISTINCT c FROM sbtest7 WHERE id BETWEEN 1012826 AND 1012925 ORDER BY c
	Unique  (cost=368.80..369.26 rows=92 width=121)
	  ->  Sort  (cost=368.80..369.03 rows=92 width=121)
	        Sort Key: c
	        ->  Index Scan using sbtest7_pkey on sbtest7  (cost=0.43..365.80 rows=92 width=121)
	              Index Cond: ((id >= 1012826) AND (id <= 1012925))

table 8 : explain SELECT DISTINCT c FROM sbtest8 WHERE id BETWEEN 4728450 AND 4728549 ORDER BY c
	Unique  (cost=412.41..412.92 rows=103 width=121)
	  ->  Sort  (cost=412.41..412.67 rows=103 width=121)
	        Sort Key: c
	        ->  Index Scan using sbtest8_pkey on sbtest8  (cost=0.43..408.96 rows=103 width=121)
	              Index Cond: ((id >= 4728450) AND (id <= 4728549))

for: simple_ranges
table 1 : explain SELECT c FROM sbtest1 WHERE id BETWEEN 407607 AND 407706
	Index Scan using sbtest1_pkey on sbtest1  (cost=0.43..409.13 rows=103 width=121)
	  Index Cond: ((id >= 407607) AND (id <= 407706))

table 2 : explain SELECT c FROM sbtest2 WHERE id BETWEEN 2148329 AND 2148428
	Index Scan using sbtest2_pkey on sbtest2  (cost=0.43..398.18 rows=100 width=121)
	  Index Cond: ((id >= 2148329) AND (id <= 2148428))

table 3 : explain SELECT c FROM sbtest3 WHERE id BETWEEN 7163175 AND 7163274
	Index Scan using sbtest3_pkey on sbtest3  (cost=0.43..377.79 rows=95 width=121)
	  Index Cond: ((id >= 7163175) AND (id <= 7163274))

table 4 : explain SELECT c FROM sbtest4 WHERE id BETWEEN 7638401 AND 7638500
	Index Scan using sbtest4_pkey on sbtest4  (cost=0.43..411.15 rows=103 width=121)
	  Index Cond: ((id >= 7638401) AND (id <= 7638500))

table 5 : explain SELECT c FROM sbtest5 WHERE id BETWEEN 2323356 AND 2323455
	Index Scan using sbtest5_pkey on sbtest5  (cost=0.43..405.70 rows=102 width=121)
	  Index Cond: ((id >= 2323356) AND (id <= 2323455))

table 6 : explain SELECT c FROM sbtest6 WHERE id BETWEEN 992090 AND 992189
	Index Scan using sbtest6_pkey on sbtest6  (cost=0.43..420.94 rows=106 width=121)
	  Index Cond: ((id >= 992090) AND (id <= 992189))

table 7 : explain SELECT c FROM sbtest7 WHERE id BETWEEN 9499987 AND 9500086
	Index Scan using sbtest7_pkey on sbtest7  (cost=0.43..397.24 rows=100 width=121)
	  Index Cond: ((id >= 9499987) AND (id <= 9500086))

table 8 : explain SELECT c FROM sbtest8 WHERE id BETWEEN 870344 AND 870443
	Index Scan using sbtest8_pkey on sbtest8  (cost=0.43..408.96 rows=103 width=121)
	  Index Cond: ((id >= 870344) AND (id <= 870443))

for point_selects
table 1 : explain SELECT c FROM sbtest1 WHERE id=1291167
	Index Scan using sbtest1_pkey on sbtest1  (cost=0.43..8.45 rows=1 width=121)
	  Index Cond: (id = 1291167)

table 2 : explain SELECT c FROM sbtest2 WHERE id=5304947
	Index Scan using sbtest2_pkey on sbtest2  (cost=0.43..8.45 rows=1 width=121)
	  Index Cond: (id = 5304947)

table 3 : explain SELECT c FROM sbtest3 WHERE id=9277333
	Index Scan using sbtest3_pkey on sbtest3  (cost=0.43..8.45 rows=1 width=121)
	  Index Cond: (id = 9277333)

table 4 : explain SELECT c FROM sbtest4 WHERE id=5387246
	Index Scan using sbtest4_pkey on sbtest4  (cost=0.43..8.45 rows=1 width=121)
	  Index Cond: (id = 5387246)

table 5 : explain SELECT c FROM sbtest5 WHERE id=2768523
	Index Scan using sbtest5_pkey on sbtest5  (cost=0.43..8.45 rows=1 width=121)
	  Index Cond: (id = 2768523)

table 6 : explain SELECT c FROM sbtest6 WHERE id=5082232
	Index Scan using sbtest6_pkey on sbtest6  (cost=0.43..8.45 rows=1 width=121)
	  Index Cond: (id = 5082232)

table 7 : explain SELECT c FROM sbtest7 WHERE id=7807041
	Index Scan using sbtest7_pkey on sbtest7  (cost=0.43..8.45 rows=1 width=121)
	  Index Cond: (id = 7807041)

table 8 : explain SELECT c FROM sbtest8 WHERE id=8397876
	Index Scan using sbtest8_pkey on sbtest8  (cost=0.43..8.45 rows=1 width=121)
	  Index Cond: (id = 8397876)

for point_selects
table 1 : explain SELECT c FROM sbtest1 WHERE id=9168913
	Index Scan using sbtest1_pkey on sbtest1  (cost=0.43..8.45 rows=1 width=121)
	  Index Cond: (id = 9168913)

table 2 : explain SELECT c FROM sbtest2 WHERE id=797771
	Index Scan using sbtest2_pkey on sbtest2  (cost=0.43..8.45 rows=1 width=121)
	  Index Cond: (id = 797771)

table 3 : explain SELECT c FROM sbtest3 WHERE id=437887
	Index Scan using sbtest3_pkey on sbtest3  (cost=0.43..8.45 rows=1 width=121)
	  Index Cond: (id = 437887)

table 4 : explain SELECT c FROM sbtest4 WHERE id=2628084
	Index Scan using sbtest4_pkey on sbtest4  (cost=0.43..8.45 rows=1 width=121)
	  Index Cond: (id = 2628084)

table 5 : explain SELECT c FROM sbtest5 WHERE id=4123671
	Index Scan using sbtest5_pkey on sbtest5  (cost=0.43..8.45 rows=1 width=121)
	  Index Cond: (id = 4123671)

table 6 : explain SELECT c FROM sbtest6 WHERE id=4380492
	Index Scan using sbtest6_pkey on sbtest6  (cost=0.43..8.45 rows=1 width=121)
	  Index Cond: (id = 4380492)

table 7 : explain SELECT c FROM sbtest7 WHERE id=9123141
	Index Scan using sbtest7_pkey on sbtest7  (cost=0.43..8.45 rows=1 width=121)
	  Index Cond: (id = 9123141)

table 8 : explain SELECT c FROM sbtest8 WHERE id=4627206
	Index Scan using sbtest8_pkey on sbtest8  (cost=0.43..8.45 rows=1 width=121)
	  Index Cond: (id = 4627206)

explain: for point_selects :: explain SELECT c FROM sbtest%u WHERE id=%u
for: simple_ranges
table 1 : explain SELECT c FROM sbtest1 WHERE id BETWEEN 4360947 AND 4361046
	Index Scan using sbtest1_pkey on sbtest1  (cost=0.43..397.35 rows=100 width=121)
	  Index Cond: ((id >= 4360947) AND (id <= 4361046))

table 2 : explain SELECT c FROM sbtest2 WHERE id BETWEEN 2938216 AND 2938315
	Index Scan using sbtest2_pkey on sbtest2  (cost=0.43..406.05 rows=102 width=121)
	  Index Cond: ((id >= 2938216) AND (id <= 2938315))

table 3 : explain SELECT c FROM sbtest3 WHERE id BETWEEN 4254544 AND 4254643
	Index Scan using sbtest3_pkey on sbtest3  (cost=0.43..381.72 rows=96 width=121)
	  Index Cond: ((id >= 4254544) AND (id <= 4254643))

table 4 : explain SELECT c FROM sbtest4 WHERE id BETWEEN 7691381 AND 7691480
	Index Scan using sbtest4_pkey on sbtest4  (cost=0.43..407.20 rows=102 width=121)
	  Index Cond: ((id >= 7691381) AND (id <= 7691480))

table 5 : explain SELECT c FROM sbtest5 WHERE id BETWEEN 6580837 AND 6580936
	Index Scan using sbtest5_pkey on sbtest5  (cost=0.43..405.70 rows=102 width=121)
	  Index Cond: ((id >= 6580837) AND (id <= 6580936))

table 6 : explain SELECT c FROM sbtest6 WHERE id BETWEEN 9180066 AND 9180165
	Index Scan using sbtest6_pkey on sbtest6  (cost=0.43..428.79 rows=108 width=121)
	  Index Cond: ((id >= 9180066) AND (id <= 9180165))

table 7 : explain SELECT c FROM sbtest7 WHERE id BETWEEN 5442739 AND 5442838
	Index Scan using sbtest7_pkey on sbtest7  (cost=0.43..385.46 rows=97 width=121)
	  Index Cond: ((id >= 5442739) AND (id <= 5442838))

table 8 : explain SELECT c FROM sbtest8 WHERE id BETWEEN 3808725 AND 3808824
	Index Scan using sbtest8_pkey on sbtest8  (cost=0.43..377.56 rows=95 width=121)
	  Index Cond: ((id >= 3808725) AND (id <= 3808824))

for point_selects
table 1 : explain SELECT c FROM sbtest1 WHERE id=3427376
	Index Scan using sbtest1_pkey on sbtest1  (cost=0.43..8.45 rows=1 width=121)
	  Index Cond: (id = 3427376)

table 2 : explain SELECT c FROM sbtest2 WHERE id=5939117
	Index Scan using sbtest2_pkey on sbtest2  (cost=0.43..8.45 rows=1 width=121)
	  Index Cond: (id = 5939117)

table 3 : explain SELECT c FROM sbtest3 WHERE id=4941240
	Index Scan using sbtest3_pkey on sbtest3  (cost=0.43..8.45 rows=1 width=121)
	  Index Cond: (id = 4941240)

table 4 : explain SELECT c FROM sbtest4 WHERE id=268743
	Index Scan using sbtest4_pkey on sbtest4  (cost=0.43..8.45 rows=1 width=121)
	  Index Cond: (id = 268743)

table 5 : explain SELECT c FROM sbtest5 WHERE id=5124978
	Index Scan using sbtest5_pkey on sbtest5  (cost=0.43..8.45 rows=1 width=121)
	  Index Cond: (id = 5124978)

table 6 : explain SELECT c FROM sbtest6 WHERE id=2497121
	Index Scan using sbtest6_pkey on sbtest6  (cost=0.43..8.45 rows=1 width=121)
	  Index Cond: (id = 2497121)

table 7 : explain SELECT c FROM sbtest7 WHERE id=48634
	Index Scan using sbtest7_pkey on sbtest7  (cost=0.43..8.45 rows=1 width=121)
	  Index Cond: (id = 48634)

table 8 : explain SELECT c FROM sbtest8 WHERE id=6361941
	Index Scan using sbtest8_pkey on sbtest8  (cost=0.43..8.45 rows=1 width=121)
	  Index Cond: (id = 6361941)

for: distinct_ranges
table 1 : explain SELECT DISTINCT c FROM sbtest1 WHERE id BETWEEN 6300736 AND 6300835 ORDER BY c
	Unique  (cost=396.70..397.20 rows=99 width=121)
	  ->  Sort  (cost=396.70..396.95 rows=99 width=121)
	        Sort Key: c
	        ->  Index Scan using sbtest1_pkey on sbtest1  (cost=0.43..393.42 rows=99 width=121)
	              Index Cond: ((id >= 6300736) AND (id <= 6300835))

table 2 : explain SELECT DISTINCT c FROM sbtest2 WHERE id BETWEEN 5903277 AND 5903376 ORDER BY c
	Unique  (cost=381.62..382.09 rows=95 width=121)
	  ->  Sort  (cost=381.62..381.86 rows=95 width=121)
	        Sort Key: c
	        ->  Index Scan using sbtest2_pkey on sbtest2  (cost=0.43..378.50 rows=95 width=121)
	              Index Cond: ((id >= 5903277) AND (id <= 5903376))

table 3 : explain SELECT DISTINCT c FROM sbtest3 WHERE id BETWEEN 3285814 AND 3285913 ORDER BY c
	Unique  (cost=408.70..409.21 rows=102 width=121)
	  ->  Sort  (cost=408.70..408.95 rows=102 width=121)
	        Sort Key: c
	        ->  Index Scan using sbtest3_pkey on sbtest3  (cost=0.43..405.29 rows=102 width=121)
	              Index Cond: ((id >= 3285814) AND (id <= 3285913))

table 4 : explain SELECT DISTINCT c FROM sbtest4 WHERE id BETWEEN 717199 AND 717298 ORDER BY c
	Unique  (cost=374.70..375.16 rows=93 width=121)
	  ->  Sort  (cost=374.70..374.93 rows=93 width=121)
	        Sort Key: c
	        ->  Index Scan using sbtest4_pkey on sbtest4  (cost=0.43..371.66 rows=93 width=121)
	              Index Cond: ((id >= 717199) AND (id <= 717298))

table 5 : explain SELECT DISTINCT c FROM sbtest5 WHERE id BETWEEN 4441601 AND 4441700 ORDER BY c
	Unique  (cost=432.94..433.48 rows=108 width=121)
	  ->  Sort  (cost=432.94..433.21 rows=108 width=121)
	        Sort Key: c
	        ->  Index Scan using sbtest5_pkey on sbtest5  (cost=0.43..429.29 rows=108 width=121)
	              Index Cond: ((id >= 4441601) AND (id <= 4441700))

table 6 : explain SELECT DISTINCT c FROM sbtest6 WHERE id BETWEEN 8235058 AND 8235157 ORDER BY c
	Unique  (cost=376.88..377.35 rows=94 width=121)
	  ->  Sort  (cost=376.88..377.12 rows=94 width=121)
	        Sort Key: c
	        ->  Index Scan using sbtest6_pkey on sbtest6  (cost=0.43..373.80 rows=94 width=121)
	              Index Cond: ((id >= 8235058) AND (id <= 8235157))

table 7 : explain SELECT DISTINCT c FROM sbtest7 WHERE id BETWEEN 8865310 AND 8865409 ORDER BY c
	Unique  (cost=388.66..389.14 rows=97 width=121)
	  ->  Sort  (cost=388.66..388.90 rows=97 width=121)
	        Sort Key: c
	        ->  Index Scan using sbtest7_pkey on sbtest7  (cost=0.43..385.46 rows=97 width=121)
	              Index Cond: ((id >= 8865310) AND (id <= 8865409))

table 8 : explain SELECT DISTINCT c FROM sbtest8 WHERE id BETWEEN 6497756 AND 6497855 ORDER BY c
	Unique  (cost=416.37..416.89 rows=104 width=121)
	  ->  Sort  (cost=416.37..416.63 rows=104 width=121)
	        Sort Key: c
	        ->  Index Scan using sbtest8_pkey on sbtest8  (cost=0.43..412.89 rows=104 width=121)
	              Index Cond: ((id >= 6497756) AND (id <= 6497855))

for point_selects
table 1 : explain SELECT c FROM sbtest1 WHERE id=1661319
	Index Scan using sbtest1_pkey on sbtest1  (cost=0.43..8.45 rows=1 width=121)
	  Index Cond: (id = 1661319)

table 2 : explain SELECT c FROM sbtest2 WHERE id=2913569
	Index Scan using sbtest2_pkey on sbtest2  (cost=0.43..8.45 rows=1 width=121)
	  Index Cond: (id = 2913569)

table 3 : explain SELECT c FROM sbtest3 WHERE id=227416
	Index Scan using sbtest3_pkey on sbtest3  (cost=0.43..8.45 rows=1 width=121)
	  Index Cond: (id = 227416)

table 4 : explain SELECT c FROM sbtest4 WHERE id=7388938
	Index Scan using sbtest4_pkey on sbtest4  (cost=0.43..8.45 rows=1 width=121)
	  Index Cond: (id = 7388938)

table 5 : explain SELECT c FROM sbtest5 WHERE id=7534680
	Index Scan using sbtest5_pkey on sbtest5  (cost=0.43..8.45 rows=1 width=121)
	  Index Cond: (id = 7534680)

table 6 : explain SELECT c FROM sbtest6 WHERE id=1845778
	Index Scan using sbtest6_pkey on sbtest6  (cost=0.43..8.45 rows=1 width=121)
	  Index Cond: (id = 1845778)

table 7 : explain SELECT c FROM sbtest7 WHERE id=8723304
	Index Scan using sbtest7_pkey on sbtest7  (cost=0.43..8.45 rows=1 width=121)
	  Index Cond: (id = 8723304)

table 8 : explain SELECT c FROM sbtest8 WHERE id=2998140
	Index Scan using sbtest8_pkey on sbtest8  (cost=0.43..8.45 rows=1 width=121)
	  Index Cond: (id = 2998140)

for: order_ranges
table 1 : explain SELECT c FROM sbtest1 WHERE id BETWEEN 4500792 AND 4500891 ORDER BY c
	Sort  (cost=384.80..385.04 rows=96 width=121)
	  Sort Key: c
	  ->  Index Scan using sbtest1_pkey on sbtest1  (cost=0.43..381.64 rows=96 width=121)
	        Index Cond: ((id >= 4500792) AND (id <= 4500891))

table 2 : explain SELECT c FROM sbtest2 WHERE id BETWEEN 424408 AND 424507 ORDER BY c
	Sort  (cost=449.22..449.50 rows=112 width=121)
	  Sort Key: c
	  ->  Index Scan using sbtest2_pkey on sbtest2  (cost=0.43..445.41 rows=112 width=121)
	        Index Cond: ((id >= 424408) AND (id <= 424507))

table 3 : explain SELECT c FROM sbtest3 WHERE id BETWEEN 46015 AND 46114 ORDER BY c
	Sort  (cost=436.48..436.75 rows=109 width=121)
	  Sort Key: c
	  ->  Index Scan using sbtest3_pkey on sbtest3  (cost=0.43..432.79 rows=109 width=121)
	        Index Cond: ((id >= 46015) AND (id <= 46114))

table 4 : explain SELECT c FROM sbtest4 WHERE id BETWEEN 4177897 AND 4177996 ORDER BY c
	Sort  (cost=386.68..386.92 rows=96 width=121)
	  Sort Key: c
	  ->  Index Scan using sbtest4_pkey on sbtest4  (cost=0.43..383.52 rows=96 width=121)
	        Index Cond: ((id >= 4177897) AND (id <= 4177996))

table 5 : explain SELECT c FROM sbtest5 WHERE id BETWEEN 8747977 AND 8748076 ORDER BY c
	Sort  (cost=377.32..377.55 rows=94 width=121)
	  Sort Key: c
	  ->  Index Scan using sbtest5_pkey on sbtest5  (cost=0.43..374.24 rows=94 width=121)
	        Index Cond: ((id >= 8747977) AND (id <= 8748076))

table 6 : explain SELECT c FROM sbtest6 WHERE id BETWEEN 149277 AND 149376 ORDER BY c
	Sort  (cost=420.53..420.80 rows=105 width=121)
	  Sort Key: c
	  ->  Index Scan using sbtest6_pkey on sbtest6  (cost=0.43..417.01 rows=105 width=121)
	        Index Cond: ((id >= 149277) AND (id <= 149376))

table 7 : explain SELECT c FROM sbtest7 WHERE id BETWEEN 6353552 AND 6353651 ORDER BY c
	Sort  (cost=412.46..412.72 rows=103 width=121)
	  Sort Key: c
	  ->  Index Scan using sbtest7_pkey on sbtest7  (cost=0.43..409.02 rows=103 width=121)
	        Index Cond: ((id >= 6353552) AND (id <= 6353651))

table 8 : explain SELECT c FROM sbtest8 WHERE id BETWEEN 4644181 AND 4644280 ORDER BY c
	Sort  (cost=388.61..388.85 rows=97 width=121)
	  Sort Key: c
	  ->  Index Scan using sbtest8_pkey on sbtest8  (cost=0.43..385.41 rows=97 width=121)
	        Index Cond: ((id >= 4644181) AND (id <= 4644280))

for: order_ranges
table 1 : explain SELECT c FROM sbtest1 WHERE id BETWEEN 4320670 AND 4320769 ORDER BY c
	Sort  (cost=400.67..400.92 rows=100 width=121)
	  Sort Key: c
	  ->  Index Scan using sbtest1_pkey on sbtest1  (cost=0.43..397.35 rows=100 width=121)
	        Index Cond: ((id >= 4320670) AND (id <= 4320769))

table 2 : explain SELECT c FROM sbtest2 WHERE id BETWEEN 2105127 AND 2105226 ORDER BY c
	Sort  (cost=373.67..373.90 rows=93 width=121)
	  Sort Key: c
	  ->  Index Scan using sbtest2_pkey on sbtest2  (cost=0.43..370.63 rows=93 width=121)
	        Index Cond: ((id >= 2105127) AND (id <= 2105226))

table 3 : explain SELECT c FROM sbtest3 WHERE id BETWEEN 5456177 AND 5456276 ORDER BY c
	Sort  (cost=444.42..444.70 rows=111 width=121)
	  Sort Key: c
	  ->  Index Scan using sbtest3_pkey on sbtest3  (cost=0.43..440.65 rows=111 width=121)
	        Index Cond: ((id >= 5456177) AND (id <= 5456276))

table 4 : explain SELECT c FROM sbtest4 WHERE id BETWEEN 4128261 AND 4128360 ORDER BY c
	Sort  (cost=386.68..386.92 rows=96 width=121)
	  Sort Key: c
	  ->  Index Scan using sbtest4_pkey on sbtest4  (cost=0.43..383.52 rows=96 width=121)
	        Index Cond: ((id >= 4128261) AND (id <= 4128360))

table 5 : explain SELECT c FROM sbtest5 WHERE id BETWEEN 1139602 AND 1139701 ORDER BY c
	Sort  (cost=413.07..413.33 rows=103 width=121)
	  Sort Key: c
	  ->  Index Scan using sbtest5_pkey on sbtest5  (cost=0.43..409.63 rows=103 width=121)
	        Index Cond: ((id >= 1139602) AND (id <= 1139701))

table 6 : explain SELECT c FROM sbtest6 WHERE id BETWEEN 6562453 AND 6562552 ORDER BY c
	Sort  (cost=404.66..404.91 rows=101 width=121)
	  Sort Key: c
	  ->  Index Scan using sbtest6_pkey on sbtest6  (cost=0.43..401.30 rows=101 width=121)
	        Index Cond: ((id >= 6562453) AND (id <= 6562552))

table 7 : explain SELECT c FROM sbtest7 WHERE id BETWEEN 2903759 AND 2903858 ORDER BY c
	Sort  (cost=452.13..452.42 rows=113 width=121)
	  Sort Key: c
	  ->  Index Scan using sbtest7_pkey on sbtest7  (cost=0.43..448.28 rows=113 width=121)
	        Index Cond: ((id >= 2903759) AND (id <= 2903858))

table 8 : explain SELECT c FROM sbtest8 WHERE id BETWEEN 907376 AND 907475 ORDER BY c
	Sort  (cost=408.44..408.70 rows=102 width=121)
	  Sort Key: c
	  ->  Index Scan using sbtest8_pkey on sbtest8  (cost=0.43..405.04 rows=102 width=121)
	        Index Cond: ((id >= 907376) AND (id <= 907475))

for: simple_ranges
table 1 : explain SELECT c FROM sbtest1 WHERE id BETWEEN 5207581 AND 5207680
	Index Scan using sbtest1_pkey on sbtest1  (cost=0.43..385.56 rows=97 width=121)
	  Index Cond: ((id >= 5207581) AND (id <= 5207680))

table 2 : explain SELECT c FROM sbtest2 WHERE id BETWEEN 4813905 AND 4814004
	Index Scan using sbtest2_pkey on sbtest2  (cost=0.43..398.18 rows=100 width=121)
	  Index Cond: ((id >= 4813905) AND (id <= 4814004))

table 3 : explain SELECT c FROM sbtest3 WHERE id BETWEEN 1324756 AND 1324855
	Index Scan using sbtest3_pkey on sbtest3  (cost=0.43..358.13 rows=90 width=121)
	  Index Cond: ((id >= 1324756) AND (id <= 1324855))

table 4 : explain SELECT c FROM sbtest4 WHERE id BETWEEN 6605245 AND 6605344
	Index Scan using sbtest4_pkey on sbtest4  (cost=0.43..383.52 rows=96 width=121)
	  Index Cond: ((id >= 6605245) AND (id <= 6605344))

table 5 : explain SELECT c FROM sbtest5 WHERE id BETWEEN 8334404 AND 8334503
	Index Scan using sbtest5_pkey on sbtest5  (cost=0.43..421.43 rows=106 width=121)
	  Index Cond: ((id >= 8334404) AND (id <= 8334503))

table 6 : explain SELECT c FROM sbtest6 WHERE id BETWEEN 6680845 AND 6680944
	Index Scan using sbtest6_pkey on sbtest6  (cost=0.43..428.79 rows=108 width=121)
	  Index Cond: ((id >= 6680845) AND (id <= 6680944))

table 7 : explain SELECT c FROM sbtest7 WHERE id BETWEEN 86373 AND 86472
	Index Scan using sbtest7_pkey on sbtest7  (cost=0.43..373.68 rows=94 width=121)
	  Index Cond: ((id >= 86373) AND (id <= 86472))

table 8 : explain SELECT c FROM sbtest8 WHERE id BETWEEN 469801 AND 469900
	Index Scan using sbtest8_pkey on sbtest8  (cost=0.43..405.04 rows=102 width=121)
	  Index Cond: ((id >= 469801) AND (id <= 469900))

explain: for point_selects :: explain SELECT c FROM sbtest%u WHERE id=%u
for: sum_ranges
table 1 : explain SELECT SUM(k) FROM sbtest1 WHERE id BETWEEN 8781991 AND 8782090
	Aggregate  (cost=374.02..374.03 rows=1 width=8)
	  ->  Index Scan using sbtest1_pkey on sbtest1  (cost=0.43..373.78 rows=94 width=4)
	        Index Cond: ((id >= 8781991) AND (id <= 8782090))

table 2 : explain SELECT SUM(k) FROM sbtest2 WHERE id BETWEEN 329588 AND 329687
	Aggregate  (cost=394.49..394.50 rows=1 width=8)
	  ->  Index Scan using sbtest2_pkey on sbtest2  (cost=0.43..394.24 rows=99 width=4)
	        Index Cond: ((id >= 329588) AND (id <= 329687))

table 3 : explain SELECT SUM(k) FROM sbtest3 WHERE id BETWEEN 9045043 AND 9045142
	Aggregate  (cost=385.89..385.90 rows=1 width=8)
	  ->  Index Scan using sbtest3_pkey on sbtest3  (cost=0.43..385.65 rows=97 width=4)
	        Index Cond: ((id >= 9045043) AND (id <= 9045142))

table 4 : explain SELECT SUM(k) FROM sbtest4 WHERE id BETWEEN 3236742 AND 3236841
	Aggregate  (cost=399.56..399.57 rows=1 width=8)
	  ->  Index Scan using sbtest4_pkey on sbtest4  (cost=0.43..399.31 rows=100 width=4)
	        Index Cond: ((id >= 3236742) AND (id <= 3236841))

table 5 : explain SELECT SUM(k) FROM sbtest5 WHERE id BETWEEN 9402935 AND 9403034
	Aggregate  (cost=386.28..386.29 rows=1 width=8)
	  ->  Index Scan using sbtest5_pkey on sbtest5  (cost=0.43..386.03 rows=97 width=4)
	        Index Cond: ((id >= 9402935) AND (id <= 9403034))

table 6 : explain SELECT SUM(k) FROM sbtest6 WHERE id BETWEEN 7439738 AND 7439837
	Aggregate  (cost=397.62..397.63 rows=1 width=8)
	  ->  Index Scan using sbtest6_pkey on sbtest6  (cost=0.43..397.37 rows=100 width=4)
	        Index Cond: ((id >= 7439738) AND (id <= 7439837))

table 7 : explain SELECT SUM(k) FROM sbtest7 WHERE id BETWEEN 8368173 AND 8368272
	Aggregate  (cost=393.56..393.57 rows=1 width=8)
	  ->  Index Scan using sbtest7_pkey on sbtest7  (cost=0.43..393.31 rows=99 width=4)
	        Index Cond: ((id >= 8368173) AND (id <= 8368272))

table 8 : explain SELECT SUM(k) FROM sbtest8 WHERE id BETWEEN 5499690 AND 5499789
	Aggregate  (cost=452.43..452.44 rows=1 width=8)
	  ->  Index Scan using sbtest8_pkey on sbtest8  (cost=0.43..452.15 rows=114 width=4)
	        Index Cond: ((id >= 5499690) AND (id <= 5499789))

for: sum_ranges
table 1 : explain SELECT SUM(k) FROM sbtest1 WHERE id BETWEEN 8171400 AND 8171499
	Aggregate  (cost=393.67..393.68 rows=1 width=8)
	  ->  Index Scan using sbtest1_pkey on sbtest1  (cost=0.43..393.42 rows=99 width=4)
	        Index Cond: ((id >= 8171400) AND (id <= 8171499))

table 2 : explain SELECT SUM(k) FROM sbtest2 WHERE id BETWEEN 430323 AND 430422
	Aggregate  (cost=445.69..445.70 rows=1 width=8)
	  ->  Index Scan using sbtest2_pkey on sbtest2  (cost=0.43..445.41 rows=112 width=4)
	        Index Cond: ((id >= 430323) AND (id <= 430422))

table 3 : explain SELECT SUM(k) FROM sbtest3 WHERE id BETWEEN 1751965 AND 1752064
	Aggregate  (cost=393.76..393.77 rows=1 width=8)
	  ->  Index Scan using sbtest3_pkey on sbtest3  (cost=0.43..393.51 rows=99 width=4)
	        Index Cond: ((id >= 1751965) AND (id <= 1752064))

table 4 : explain SELECT SUM(k) FROM sbtest4 WHERE id BETWEEN 5306756 AND 5306855
	Aggregate  (cost=383.76..383.77 rows=1 width=8)
	  ->  Index Scan using sbtest4_pkey on sbtest4  (cost=0.43..383.52 rows=96 width=4)
	        Index Cond: ((id >= 5306756) AND (id <= 5306855))

table 5 : explain SELECT SUM(k) FROM sbtest5 WHERE id BETWEEN 6979250 AND 6979349
	Aggregate  (cost=441.37..441.38 rows=1 width=8)
	  ->  Index Scan using sbtest5_pkey on sbtest5  (cost=0.43..441.09 rows=111 width=4)
	        Index Cond: ((id >= 6979250) AND (id <= 6979349))

table 6 : explain SELECT SUM(k) FROM sbtest6 WHERE id BETWEEN 9241842 AND 9241941
	Aggregate  (cost=421.20..421.21 rows=1 width=8)
	  ->  Index Scan using sbtest6_pkey on sbtest6  (cost=0.43..420.94 rows=106 width=4)
	        Index Cond: ((id >= 9241842) AND (id <= 9241941))

table 7 : explain SELECT SUM(k) FROM sbtest7 WHERE id BETWEEN 7297082 AND 7297181
	Aggregate  (cost=405.35..405.36 rows=1 width=8)
	  ->  Index Scan using sbtest7_pkey on sbtest7  (cost=0.43..405.09 rows=102 width=4)
	        Index Cond: ((id >= 7297082) AND (id <= 7297181))

table 8 : explain SELECT SUM(k) FROM sbtest8 WHERE id BETWEEN 2198217 AND 2198316
	Aggregate  (cost=362.06..362.07 rows=1 width=8)
	  ->  Index Scan using sbtest8_pkey on sbtest8  (cost=0.43..361.83 rows=91 width=4)
	        Index Cond: ((id >= 2198217) AND (id <= 2198316))

for point_selects
table 1 : explain SELECT c FROM sbtest1 WHERE id=6831235
	Index Scan using sbtest1_pkey on sbtest1  (cost=0.43..8.45 rows=1 width=121)
	  Index Cond: (id = 6831235)

table 2 : explain SELECT c FROM sbtest2 WHERE id=9073269
	Index Scan using sbtest2_pkey on sbtest2  (cost=0.43..8.45 rows=1 width=121)
	  Index Cond: (id = 9073269)

table 3 : explain SELECT c FROM sbtest3 WHERE id=4796347
	Index Scan using sbtest3_pkey on sbtest3  (cost=0.43..8.45 rows=1 width=121)
	  Index Cond: (id = 4796347)

table 4 : explain SELECT c FROM sbtest4 WHERE id=8147565
	Index Scan using sbtest4_pkey on sbtest4  (cost=0.43..8.45 rows=1 width=121)
	  Index Cond: (id = 8147565)

table 5 : explain SELECT c FROM sbtest5 WHERE id=9463746
	Index Scan using sbtest5_pkey on sbtest5  (cost=0.43..8.45 rows=1 width=121)
	  Index Cond: (id = 9463746)

table 6 : explain SELECT c FROM sbtest6 WHERE id=3800739
	Index Scan using sbtest6_pkey on sbtest6  (cost=0.43..8.45 rows=1 width=121)
	  Index Cond: (id = 3800739)

table 7 : explain SELECT c FROM sbtest7 WHERE id=3321372
	Index Scan using sbtest7_pkey on sbtest7  (cost=0.43..8.45 rows=1 width=121)
	  Index Cond: (id = 3321372)

table 8 : explain SELECT c FROM sbtest8 WHERE id=5096161
	Index Scan using sbtest8_pkey on sbtest8  (cost=0.43..8.45 rows=1 width=121)
	  Index Cond: (id = 5096161)

for: simple_ranges
table 1 : explain SELECT c FROM sbtest1 WHERE id BETWEEN 725807 AND 725906
	Index Scan using sbtest1_pkey on sbtest1  (cost=0.43..354.12 rows=89 width=121)
	  Index Cond: ((id >= 725807) AND (id <= 725906))

table 2 : explain SELECT c FROM sbtest2 WHERE id BETWEEN 2499540 AND 2499639
	Index Scan using sbtest2_pkey on sbtest2  (cost=0.43..390.31 rows=98 width=121)
	  Index Cond: ((id >= 2499540) AND (id <= 2499639))

table 3 : explain SELECT c FROM sbtest3 WHERE id BETWEEN 9506225 AND 9506324
	Index Scan using sbtest3_pkey on sbtest3  (cost=0.43..476.00 rows=120 width=121)
	  Index Cond: ((id >= 9506225) AND (id <= 9506324))

table 4 : explain SELECT c FROM sbtest4 WHERE id BETWEEN 7720436 AND 7720535
	Index Scan using sbtest4_pkey on sbtest4  (cost=0.43..407.20 rows=102 width=121)
	  Index Cond: ((id >= 7720436) AND (id <= 7720535))

table 5 : explain SELECT c FROM sbtest5 WHERE id BETWEEN 6921354 AND 6921453
	Index Scan using sbtest5_pkey on sbtest5  (cost=0.43..441.09 rows=111 width=121)
	  Index Cond: ((id >= 6921354) AND (id <= 6921453))

table 6 : explain SELECT c FROM sbtest6 WHERE id BETWEEN 3448828 AND 3448927
	Index Scan using sbtest6_pkey on sbtest6  (cost=0.43..346.29 rows=87 width=121)
	  Index Cond: ((id >= 3448828) AND (id <= 3448927))

table 7 : explain SELECT c FROM sbtest7 WHERE id BETWEEN 4398627 AND 4398726
	Index Scan using sbtest7_pkey on sbtest7  (cost=0.43..428.65 rows=108 width=121)
	  Index Cond: ((id >= 4398627) AND (id <= 4398726))

table 8 : explain SELECT c FROM sbtest8 WHERE id BETWEEN 2091626 AND 2091725
	Index Scan using sbtest8_pkey on sbtest8  (cost=0.43..424.67 rows=107 width=121)
	  Index Cond: ((id >= 2091626) AND (id <= 2091725))

for: sum_ranges
table 1 : explain SELECT SUM(k) FROM sbtest1 WHERE id BETWEEN 2860231 AND 2860330
	Aggregate  (cost=405.46..405.47 rows=1 width=8)
	  ->  Index Scan using sbtest1_pkey on sbtest1  (cost=0.43..405.20 rows=102 width=4)
	        Index Cond: ((id >= 2860231) AND (id <= 2860330))

table 2 : explain SELECT SUM(k) FROM sbtest2 WHERE id BETWEEN 9910910 AND 9911009
	Aggregate  (cost=378.73..378.74 rows=1 width=8)
	  ->  Index Scan using sbtest2_pkey on sbtest2  (cost=0.43..378.50 rows=95 width=4)
	        Index Cond: ((id >= 9910910) AND (id <= 9911009))

table 3 : explain SELECT SUM(k) FROM sbtest3 WHERE id BETWEEN 7128979 AND 7129078
	Aggregate  (cost=378.03..378.04 rows=1 width=8)
	  ->  Index Scan using sbtest3_pkey on sbtest3  (cost=0.43..377.79 rows=95 width=4)
	        Index Cond: ((id >= 7128979) AND (id <= 7129078))

table 4 : explain SELECT SUM(k) FROM sbtest4 WHERE id BETWEEN 6773614 AND 6773713
	Aggregate  (cost=383.76..383.77 rows=1 width=8)
	  ->  Index Scan using sbtest4_pkey on sbtest4  (cost=0.43..383.52 rows=96 width=4)
	        Index Cond: ((id >= 6773614) AND (id <= 6773713))

table 5 : explain SELECT SUM(k) FROM sbtest5 WHERE id BETWEEN 6802410 AND 6802509
	Aggregate  (cost=374.47..374.48 rows=1 width=8)
	  ->  Index Scan using sbtest5_pkey on sbtest5  (cost=0.43..374.24 rows=94 width=4)
	        Index Cond: ((id >= 6802410) AND (id <= 6802509))

table 6 : explain SELECT SUM(k) FROM sbtest6 WHERE id BETWEEN 3297327 AND 3297426
	Aggregate  (cost=362.23..362.24 rows=1 width=8)
	  ->  Index Scan using sbtest6_pkey on sbtest6  (cost=0.43..362.00 rows=91 width=4)
	        Index Cond: ((id >= 3297327) AND (id <= 3297426))

table 7 : explain SELECT SUM(k) FROM sbtest7 WHERE id BETWEEN 15366 AND 15465
	Aggregate  (cost=373.91..373.92 rows=1 width=8)
	  ->  Index Scan using sbtest7_pkey on sbtest7  (cost=0.43..373.68 rows=94 width=4)
	        Index Cond: ((id >= 15366) AND (id <= 15465))

table 8 : explain SELECT SUM(k) FROM sbtest8 WHERE id BETWEEN 5985891 AND 5985990
	Aggregate  (cost=413.15..413.16 rows=1 width=8)
	  ->  Index Scan using sbtest8_pkey on sbtest8  (cost=0.43..412.89 rows=104 width=4)
	        Index Cond: ((id >= 5985891) AND (id <= 5985990))

for point_selects
table 1 : explain SELECT c FROM sbtest1 WHERE id=8003210
	Index Scan using sbtest1_pkey on sbtest1  (cost=0.43..8.45 rows=1 width=121)
	  Index Cond: (id = 8003210)

table 2 : explain SELECT c FROM sbtest2 WHERE id=5880325
	Index Scan using sbtest2_pkey on sbtest2  (cost=0.43..8.45 rows=1 width=121)
	  Index Cond: (id = 5880325)

table 3 : explain SELECT c FROM sbtest3 WHERE id=4462480
	Index Scan using sbtest3_pkey on sbtest3  (cost=0.43..8.45 rows=1 width=121)
	  Index Cond: (id = 4462480)

table 4 : explain SELECT c FROM sbtest4 WHERE id=2014151
	Index Scan using sbtest4_pkey on sbtest4  (cost=0.43..8.45 rows=1 width=121)
	  Index Cond: (id = 2014151)

table 5 : explain SELECT c FROM sbtest5 WHERE id=9188080
	Index Scan using sbtest5_pkey on sbtest5  (cost=0.43..8.45 rows=1 width=121)
	  Index Cond: (id = 9188080)

table 6 : explain SELECT c FROM sbtest6 WHERE id=2436214
	Index Scan using sbtest6_pkey on sbtest6  (cost=0.43..8.45 rows=1 width=121)
	  Index Cond: (id = 2436214)

table 7 : explain SELECT c FROM sbtest7 WHERE id=7611359
	Index Scan using sbtest7_pkey on sbtest7  (cost=0.43..8.45 rows=1 width=121)
	  Index Cond: (id = 7611359)

table 8 : explain SELECT c FROM sbtest8 WHERE id=9975670
	Index Scan using sbtest8_pkey on sbtest8  (cost=0.43..8.45 rows=1 width=121)
	  Index Cond: (id = 9975670)

for: distinct_ranges
table 1 : explain SELECT DISTINCT c FROM sbtest1 WHERE id BETWEEN 3518767 AND 3518866 ORDER BY c
	Unique  (cost=420.51..421.03 rows=105 width=121)
	  ->  Sort  (cost=420.51..420.77 rows=105 width=121)
	        Sort Key: c
	        ->  Index Scan using sbtest1_pkey on sbtest1  (cost=0.43..416.98 rows=105 width=121)
	              Index Cond: ((id >= 3518767) AND (id <= 3518866))

table 2 : explain SELECT DISTINCT c FROM sbtest2 WHERE id BETWEEN 610876 AND 610975 ORDER BY c
	Unique  (cost=433.31..433.85 rows=108 width=121)
	  ->  Sort  (cost=433.31..433.58 rows=108 width=121)
	        Sort Key: c
	        ->  Index Scan using sbtest2_pkey on sbtest2  (cost=0.43..429.66 rows=108 width=121)
	              Index Cond: ((id >= 610876) AND (id <= 610975))

table 3 : explain SELECT DISTINCT c FROM sbtest3 WHERE id BETWEEN 239483 AND 239582 ORDER BY c
	Unique  (cost=392.82..393.31 rows=98 width=121)
	  ->  Sort  (cost=392.82..393.07 rows=98 width=121)
	        Sort Key: c
	        ->  Index Scan using sbtest3_pkey on sbtest3  (cost=0.43..389.58 rows=98 width=121)
	              Index Cond: ((id >= 239483) AND (id <= 239582))

table 4 : explain SELECT DISTINCT c FROM sbtest4 WHERE id BETWEEN 6356754 AND 6356853 ORDER BY c
	Unique  (cost=446.50..447.06 rows=111 width=121)
	  ->  Sort  (cost=446.50..446.78 rows=111 width=121)
	        Sort Key: c
	        ->  Index Scan using sbtest4_pkey on sbtest4  (cost=0.43..442.73 rows=111 width=121)
	              Index Cond: ((id >= 6356754) AND (id <= 6356853))

table 5 : explain SELECT DISTINCT c FROM sbtest5 WHERE id BETWEEN 7243459 AND 7243558 ORDER BY c
	Unique  (cost=393.21..393.70 rows=98 width=121)
	  ->  Sort  (cost=393.21..393.45 rows=98 width=121)
	        Sort Key: c
	        ->  Index Scan using sbtest5_pkey on sbtest5  (cost=0.43..389.97 rows=98 width=121)
	              Index Cond: ((id >= 7243459) AND (id <= 7243558))

table 6 : explain SELECT DISTINCT c FROM sbtest6 WHERE id BETWEEN 9723436 AND 9723535 ORDER BY c
	Unique  (cost=436.41..436.95 rows=109 width=121)
	  ->  Sort  (cost=436.41..436.68 rows=109 width=121)
	        Sort Key: c
	        ->  Index Scan using sbtest6_pkey on sbtest6  (cost=0.43..432.72 rows=109 width=121)
	              Index Cond: ((id >= 9723436) AND (id <= 9723535))

table 7 : explain SELECT DISTINCT c FROM sbtest7 WHERE id BETWEEN 8379486 AND 8379585 ORDER BY c
	Unique  (cost=396.59..397.09 rows=99 width=121)
	  ->  Sort  (cost=396.59..396.84 rows=99 width=121)
	        Sort Key: c
	        ->  Index Scan using sbtest7_pkey on sbtest7  (cost=0.43..393.31 rows=99 width=121)
	              Index Cond: ((id >= 8379486) AND (id <= 8379585))

table 8 : explain SELECT DISTINCT c FROM sbtest8 WHERE id BETWEEN 8841984 AND 8842083 ORDER BY c
	Unique  (cost=408.44..408.95 rows=102 width=121)
	  ->  Sort  (cost=408.44..408.70 rows=102 width=121)
	        Sort Key: c
	        ->  Index Scan using sbtest8_pkey on sbtest8  (cost=0.43..405.04 rows=102 width=121)
	              Index Cond: ((id >= 8841984) AND (id <= 8842083))

for: simple_ranges
table 1 : explain SELECT c FROM sbtest1 WHERE id BETWEEN 8012677 AND 8012776
	Index Scan using sbtest1_pkey on sbtest1  (cost=0.43..385.56 rows=97 width=121)
	  Index Cond: ((id >= 8012677) AND (id <= 8012776))

table 2 : explain SELECT c FROM sbtest2 WHERE id BETWEEN 1017777 AND 1017876
	Index Scan using sbtest2_pkey on sbtest2  (cost=0.43..374.56 rows=94 width=121)
	  Index Cond: ((id >= 1017777) AND (id <= 1017876))

table 3 : explain SELECT c FROM sbtest3 WHERE id BETWEEN 6070259 AND 6070358
	Index Scan using sbtest3_pkey on sbtest3  (cost=0.43..381.72 rows=96 width=121)
	  Index Cond: ((id >= 6070259) AND (id <= 6070358))

table 4 : explain SELECT c FROM sbtest4 WHERE id BETWEEN 9446372 AND 9446471
	Index Scan using sbtest4_pkey on sbtest4  (cost=0.43..407.20 rows=102 width=121)
	  Index Cond: ((id >= 9446372) AND (id <= 9446471))

table 5 : explain SELECT c FROM sbtest5 WHERE id BETWEEN 8656998 AND 8657097
	Index Scan using sbtest5_pkey on sbtest5  (cost=0.43..405.70 rows=102 width=121)
	  Index Cond: ((id >= 8656998) AND (id <= 8657097))

table 6 : explain SELECT c FROM sbtest6 WHERE id BETWEEN 2747199 AND 2747298
	Index Scan using sbtest6_pkey on sbtest6  (cost=0.43..413.08 rows=104 width=121)
	  Index Cond: ((id >= 2747199) AND (id <= 2747298))

table 7 : explain SELECT c FROM sbtest7 WHERE id BETWEEN 180334 AND 180433
	Index Scan using sbtest7_pkey on sbtest7  (cost=0.43..409.02 rows=103 width=121)
	  Index Cond: ((id >= 180334) AND (id <= 180433))

table 8 : explain SELECT c FROM sbtest8 WHERE id BETWEEN 4947007 AND 4947106
	Index Scan using sbtest8_pkey on sbtest8  (cost=0.43..369.71 rows=93 width=121)
	  Index Cond: ((id >= 4947007) AND (id <= 4947106))

for: sum_ranges
table 1 : explain SELECT SUM(k) FROM sbtest1 WHERE id BETWEEN 8083516 AND 8083615
	Aggregate  (cost=385.81..385.82 rows=1 width=8)
	  ->  Index Scan using sbtest1_pkey on sbtest1  (cost=0.43..385.56 rows=97 width=4)
	        Index Cond: ((id >= 8083516) AND (id <= 8083615))

table 2 : explain SELECT SUM(k) FROM sbtest2 WHERE id BETWEEN 9252100 AND 9252199
	Aggregate  (cost=426.00..426.01 rows=1 width=8)
	  ->  Index Scan using sbtest2_pkey on sbtest2  (cost=0.43..425.73 rows=107 width=4)
	        Index Cond: ((id >= 9252100) AND (id <= 9252199))

table 3 : explain SELECT SUM(k) FROM sbtest3 WHERE id BETWEEN 7374306 AND 7374405
	Aggregate  (cost=417.34..417.35 rows=1 width=8)
	  ->  Index Scan using sbtest3_pkey on sbtest3  (cost=0.43..417.08 rows=105 width=4)
	        Index Cond: ((id >= 7374306) AND (id <= 7374405))

table 4 : explain SELECT SUM(k) FROM sbtest4 WHERE id BETWEEN 6509189 AND 6509288
	Aggregate  (cost=379.81..379.82 rows=1 width=8)
	  ->  Index Scan using sbtest4_pkey on sbtest4  (cost=0.43..379.57 rows=95 width=4)
	        Index Cond: ((id >= 6509189) AND (id <= 6509288))

table 5 : explain SELECT SUM(k) FROM sbtest5 WHERE id BETWEEN 9105673 AND 9105772
	Aggregate  (cost=386.28..386.29 rows=1 width=8)
	  ->  Index Scan using sbtest5_pkey on sbtest5  (cost=0.43..386.03 rows=97 width=4)
	        Index Cond: ((id >= 9105673) AND (id <= 9105772))

table 6 : explain SELECT SUM(k) FROM sbtest6 WHERE id BETWEEN 2838217 AND 2838316
	Aggregate  (cost=405.48..405.49 rows=1 width=8)
	  ->  Index Scan using sbtest6_pkey on sbtest6  (cost=0.43..405.23 rows=102 width=4)
	        Index Cond: ((id >= 2838217) AND (id <= 2838316))

table 7 : explain SELECT SUM(k) FROM sbtest7 WHERE id BETWEEN 500026 AND 500125
	Aggregate  (cost=409.27..409.28 rows=1 width=8)
	  ->  Index Scan using sbtest7_pkey on sbtest7  (cost=0.43..409.02 rows=103 width=4)
	        Index Cond: ((id >= 500026) AND (id <= 500125))

table 8 : explain SELECT SUM(k) FROM sbtest8 WHERE id BETWEEN 7124753 AND 7124852
	Aggregate  (cost=409.22..409.23 rows=1 width=8)
	  ->  Index Scan using sbtest8_pkey on sbtest8  (cost=0.43..408.96 rows=103 width=4)
	        Index Cond: ((id >= 7124753) AND (id <= 7124852))

for: order_ranges
table 1 : explain SELECT c FROM sbtest1 WHERE id BETWEEN 1946119 AND 1946218 ORDER BY c
	Sort  (cost=428.45..428.71 rows=107 width=121)
	  Sort Key: c
	  ->  Index Scan using sbtest1_pkey on sbtest1  (cost=0.43..424.84 rows=107 width=121)
	        Index Cond: ((id >= 1946119) AND (id <= 1946218))

table 2 : explain SELECT c FROM sbtest2 WHERE id BETWEEN 9634977 AND 9635076 ORDER BY c
	Sort  (cost=405.48..405.73 rows=101 width=121)
	  Sort Key: c
	  ->  Index Scan using sbtest2_pkey on sbtest2  (cost=0.43..402.11 rows=101 width=121)
	        Index Cond: ((id >= 9634977) AND (id <= 9635076))

table 3 : explain SELECT c FROM sbtest3 WHERE id BETWEEN 6389432 AND 6389531 ORDER BY c
	Sort  (cost=384.88..385.12 rows=96 width=121)
	  Sort Key: c
	  ->  Index Scan using sbtest3_pkey on sbtest3  (cost=0.43..381.72 rows=96 width=121)
	        Index Cond: ((id >= 6389432) AND (id <= 6389531))

table 4 : explain SELECT c FROM sbtest4 WHERE id BETWEEN 3840928 AND 3841027 ORDER BY c
	Sort  (cost=402.63..402.88 rows=100 width=121)
	  Sort Key: c
	  ->  Index Scan using sbtest4_pkey on sbtest4  (cost=0.43..399.31 rows=100 width=121)
	        Index Cond: ((id >= 3840928) AND (id <= 3841027))

table 5 : explain SELECT c FROM sbtest5 WHERE id BETWEEN 7859676 AND 7859775 ORDER BY c
	Sort  (cost=405.13..405.38 rows=101 width=121)
	  Sort Key: c
	  ->  Index Scan using sbtest5_pkey on sbtest5  (cost=0.43..401.76 rows=101 width=121)
	        Index Cond: ((id >= 7859676) AND (id <= 7859775))

table 6 : explain SELECT c FROM sbtest6 WHERE id BETWEEN 662415 AND 662514 ORDER BY c
	Sort  (cost=372.92..373.15 rows=93 width=121)
	  Sort Key: c
	  ->  Index Scan using sbtest6_pkey on sbtest6  (cost=0.43..369.88 rows=93 width=121)
	        Index Cond: ((id >= 662415) AND (id <= 662514))

table 7 : explain SELECT c FROM sbtest7 WHERE id BETWEEN 2911297 AND 2911396 ORDER BY c
	Sort  (cost=452.13..452.42 rows=113 width=121)
	  Sort Key: c
	  ->  Index Scan using sbtest7_pkey on sbtest7  (cost=0.43..448.28 rows=113 width=121)
	        Index Cond: ((id >= 2911297) AND (id <= 2911396))

table 8 : explain SELECT c FROM sbtest8 WHERE id BETWEEN 7716100 AND 7716199 ORDER BY c
	Sort  (cost=440.17..440.45 rows=110 width=121)
	  Sort Key: c
	  ->  Index Scan using sbtest8_pkey on sbtest8  (cost=0.43..436.45 rows=110 width=121)
	        Index Cond: ((id >= 7716100) AND (id <= 7716199))

for: simple_ranges
table 1 : explain SELECT c FROM sbtest1 WHERE id BETWEEN 7054725 AND 7054824
	Index Scan using sbtest1_pkey on sbtest1  (cost=0.43..409.13 rows=103 width=121)
	  Index Cond: ((id >= 7054725) AND (id <= 7054824))

table 2 : explain SELECT c FROM sbtest2 WHERE id BETWEEN 6499602 AND 6499701
	Index Scan using sbtest2_pkey on sbtest2  (cost=0.43..394.24 rows=99 width=121)
	  Index Cond: ((id >= 6499602) AND (id <= 6499701))

table 3 : explain SELECT c FROM sbtest3 WHERE id BETWEEN 6121835 AND 6121934
	Index Scan using sbtest3_pkey on sbtest3  (cost=0.43..381.72 rows=96 width=121)
	  Index Cond: ((id >= 6121835) AND (id <= 6121934))

table 4 : explain SELECT c FROM sbtest4 WHERE id BETWEEN 3083645 AND 3083744
	Index Scan using sbtest4_pkey on sbtest4  (cost=0.43..411.15 rows=103 width=121)
	  Index Cond: ((id >= 3083645) AND (id <= 3083744))

table 5 : explain SELECT c FROM sbtest5 WHERE id BETWEEN 13365 AND 13464
	Index Scan using sbtest5_pkey on sbtest5  (cost=0.43..397.83 rows=100 width=121)
	  Index Cond: ((id >= 13365) AND (id <= 13464))

table 6 : explain SELECT c FROM sbtest6 WHERE id BETWEEN 8228690 AND 8228789
	Index Scan using sbtest6_pkey on sbtest6  (cost=0.43..373.80 rows=94 width=121)
	  Index Cond: ((id >= 8228690) AND (id <= 8228789))

table 7 : explain SELECT c FROM sbtest7 WHERE id BETWEEN 7605853 AND 7605952
	Index Scan using sbtest7_pkey on sbtest7  (cost=0.43..397.24 rows=100 width=121)
	  Index Cond: ((id >= 7605853) AND (id <= 7605952))

table 8 : explain SELECT c FROM sbtest8 WHERE id BETWEEN 2354263 AND 2354362
	Index Scan using sbtest8_pkey on sbtest8  (cost=0.43..401.11 rows=101 width=121)
	  Index Cond: ((id >= 2354263) AND (id <= 2354362))

for: order_ranges
table 1 : explain SELECT c FROM sbtest1 WHERE id BETWEEN 1065187 AND 1065286 ORDER BY c
	Sort  (cost=432.41..432.68 rows=108 width=121)
	  Sort Key: c
	  ->  Index Scan using sbtest1_pkey on sbtest1  (cost=0.43..428.77 rows=108 width=121)
	        Index Cond: ((id >= 1065187) AND (id <= 1065286))

table 2 : explain SELECT c FROM sbtest2 WHERE id BETWEEN 1704748 AND 1704847 ORDER BY c
	Sort  (cost=397.52..397.77 rows=99 width=121)
	  Sort Key: c
	  ->  Index Scan using sbtest2_pkey on sbtest2  (cost=0.43..394.24 rows=99 width=121)
	        Index Cond: ((id >= 1704748) AND (id <= 1704847))

table 3 : explain SELECT c FROM sbtest3 WHERE id BETWEEN 5181304 AND 5181403 ORDER BY c
	Sort  (cost=436.48..436.75 rows=109 width=121)
	  Sort Key: c
	  ->  Index Scan using sbtest3_pkey on sbtest3  (cost=0.43..432.79 rows=109 width=121)
	        Index Cond: ((id >= 5181304) AND (id <= 5181403))

table 4 : explain SELECT c FROM sbtest4 WHERE id BETWEEN 437450 AND 437549 ORDER BY c
	Sort  (cost=398.64..398.89 rows=99 width=121)
	  Sort Key: c
	  ->  Index Scan using sbtest4_pkey on sbtest4  (cost=0.43..395.36 rows=99 width=121)
	        Index Cond: ((id >= 437450) AND (id <= 437549))

table 5 : explain SELECT c FROM sbtest5 WHERE id BETWEEN 4623086 AND 4623185 ORDER BY c
	Sort  (cost=389.24..389.48 rows=97 width=121)
	  Sort Key: c
	  ->  Index Scan using sbtest5_pkey on sbtest5  (cost=0.43..386.03 rows=97 width=121)
	        Index Cond: ((id >= 4623086) AND (id <= 4623185))

table 6 : explain SELECT c FROM sbtest6 WHERE id BETWEEN 1082383 AND 1082482 ORDER BY c
	Sort  (cost=384.82..385.06 rows=96 width=121)
	  Sort Key: c
	  ->  Index Scan using sbtest6_pkey on sbtest6  (cost=0.43..381.66 rows=96 width=121)
	        Index Cond: ((id >= 1082383) AND (id <= 1082482))

table 7 : explain SELECT c FROM sbtest7 WHERE id BETWEEN 3342506 AND 3342605 ORDER BY c
	Sort  (cost=408.49..408.75 rows=102 width=121)
	  Sort Key: c
	  ->  Index Scan using sbtest7_pkey on sbtest7  (cost=0.43..405.09 rows=102 width=121)
	        Index Cond: ((id >= 3342506) AND (id <= 3342605))

table 8 : explain SELECT c FROM sbtest8 WHERE id BETWEEN 1461934 AND 1462033 ORDER BY c
	Sort  (cost=372.75..372.98 rows=93 width=121)
	  Sort Key: c
	  ->  Index Scan using sbtest8_pkey on sbtest8  (cost=0.43..369.71 rows=93 width=121)
	        Index Cond: ((id >= 1461934) AND (id <= 1462033))

for: simple_ranges
table 1 : explain SELECT c FROM sbtest1 WHERE id BETWEEN 5940718 AND 5940817
	Index Scan using sbtest1_pkey on sbtest1  (cost=0.43..409.13 rows=103 width=121)
	  Index Cond: ((id >= 5940718) AND (id <= 5940817))

table 2 : explain SELECT c FROM sbtest2 WHERE id BETWEEN 2956148 AND 2956247
	Index Scan using sbtest2_pkey on sbtest2  (cost=0.43..406.05 rows=102 width=121)
	  Index Cond: ((id >= 2956148) AND (id <= 2956247))

table 3 : explain SELECT c FROM sbtest3 WHERE id BETWEEN 2787199 AND 2787298
	Index Scan using sbtest3_pkey on sbtest3  (cost=0.43..401.37 rows=101 width=121)
	  Index Cond: ((id >= 2787199) AND (id <= 2787298))

table 4 : explain SELECT c FROM sbtest4 WHERE id BETWEEN 5656877 AND 5656976
	Index Scan using sbtest4_pkey on sbtest4  (cost=0.43..387.47 rows=97 width=121)
	  Index Cond: ((id >= 5656877) AND (id <= 5656976))

table 5 : explain SELECT c FROM sbtest5 WHERE id BETWEEN 9970761 AND 9970860
	Index Scan using sbtest5_pkey on sbtest5  (cost=0.43..386.03 rows=97 width=121)
	  Index Cond: ((id >= 9970761) AND (id <= 9970860))

table 6 : explain SELECT c FROM sbtest6 WHERE id BETWEEN 9784742 AND 9784841
	Index Scan using sbtest6_pkey on sbtest6  (cost=0.43..432.72 rows=109 width=121)
	  Index Cond: ((id >= 9784742) AND (id <= 9784841))

table 7 : explain SELECT c FROM sbtest7 WHERE id BETWEEN 5064148 AND 5064247
	Index Scan using sbtest7_pkey on sbtest7  (cost=0.43..401.16 rows=101 width=121)
	  Index Cond: ((id >= 5064148) AND (id <= 5064247))

table 8 : explain SELECT c FROM sbtest8 WHERE id BETWEEN 6172938 AND 6173037
	Index Scan using sbtest8_pkey on sbtest8  (cost=0.43..408.96 rows=103 width=121)
	  Index Cond: ((id >= 6172938) AND (id <= 6173037))

for: simple_ranges
table 1 : explain SELECT c FROM sbtest1 WHERE id BETWEEN 1043788 AND 1043887
	Index Scan using sbtest1_pkey on sbtest1  (cost=0.43..428.77 rows=108 width=121)
	  Index Cond: ((id >= 1043788) AND (id <= 1043887))

table 2 : explain SELECT c FROM sbtest2 WHERE id BETWEEN 5941707 AND 5941806
	Index Scan using sbtest2_pkey on sbtest2  (cost=0.43..378.50 rows=95 width=121)
	  Index Cond: ((id >= 5941707) AND (id <= 5941806))

table 3 : explain SELECT c FROM sbtest3 WHERE id BETWEEN 9491743 AND 9491842
	Index Scan using sbtest3_pkey on sbtest3  (cost=0.43..476.00 rows=120 width=121)
	  Index Cond: ((id >= 9491743) AND (id <= 9491842))

table 4 : explain SELECT c FROM sbtest4 WHERE id BETWEEN 513894 AND 513993
	Index Scan using sbtest4_pkey on sbtest4  (cost=0.43..411.15 rows=103 width=121)
	  Index Cond: ((id >= 513894) AND (id <= 513993))

table 5 : explain SELECT c FROM sbtest5 WHERE id BETWEEN 6530933 AND 6531032
	Index Scan using sbtest5_pkey on sbtest5  (cost=0.43..405.70 rows=102 width=121)
	  Index Cond: ((id >= 6530933) AND (id <= 6531032))

table 6 : explain SELECT c FROM sbtest6 WHERE id BETWEEN 5894531 AND 5894630
	Index Scan using sbtest6_pkey on sbtest6  (cost=0.43..354.14 rows=89 width=121)
	  Index Cond: ((id >= 5894531) AND (id <= 5894630))

table 7 : explain SELECT c FROM sbtest7 WHERE id BETWEEN 2265152 AND 2265251
	Index Scan using sbtest7_pkey on sbtest7  (cost=0.43..397.24 rows=100 width=121)
	  Index Cond: ((id >= 2265152) AND (id <= 2265251))

table 8 : explain SELECT c FROM sbtest8 WHERE id BETWEEN 2574553 AND 2574652
	Index Scan using sbtest8_pkey on sbtest8  (cost=0.43..440.37 rows=111 width=121)
	  Index Cond: ((id >= 2574553) AND (id <= 2574652))

for point_selects
table 1 : explain SELECT c FROM sbtest1 WHERE id=2076331
	Index Scan using sbtest1_pkey on sbtest1  (cost=0.43..8.45 rows=1 width=121)
	  Index Cond: (id = 2076331)

table 2 : explain SELECT c FROM sbtest2 WHERE id=8961730
	Index Scan using sbtest2_pkey on sbtest2  (cost=0.43..8.45 rows=1 width=121)
	  Index Cond: (id = 8961730)

table 3 : explain SELECT c FROM sbtest3 WHERE id=8072944
	Index Scan using sbtest3_pkey on sbtest3  (cost=0.43..8.45 rows=1 width=121)
	  Index Cond: (id = 8072944)

table 4 : explain SELECT c FROM sbtest4 WHERE id=6054111
	Index Scan using sbtest4_pkey on sbtest4  (cost=0.43..8.45 rows=1 width=121)
	  Index Cond: (id = 6054111)

table 5 : explain SELECT c FROM sbtest5 WHERE id=696737
	Index Scan using sbtest5_pkey on sbtest5  (cost=0.43..8.45 rows=1 width=121)
	  Index Cond: (id = 696737)

table 6 : explain SELECT c FROM sbtest6 WHERE id=6187542
	Index Scan using sbtest6_pkey on sbtest6  (cost=0.43..8.45 rows=1 width=121)
	  Index Cond: (id = 6187542)

table 7 : explain SELECT c FROM sbtest7 WHERE id=4010788
	Index Scan using sbtest7_pkey on sbtest7  (cost=0.43..8.45 rows=1 width=121)
	  Index Cond: (id = 4010788)

table 8 : explain SELECT c FROM sbtest8 WHERE id=1025694
	Index Scan using sbtest8_pkey on sbtest8  (cost=0.43..8.45 rows=1 width=121)
	  Index Cond: (id = 1025694)

for: order_ranges
table 1 : explain SELECT c FROM sbtest1 WHERE id BETWEEN 8536427 AND 8536526 ORDER BY c
	Sort  (cost=388.76..389.01 rows=97 width=121)
	  Sort Key: c
	  ->  Index Scan using sbtest1_pkey on sbtest1  (cost=0.43..385.56 rows=97 width=121)
	        Index Cond: ((id >= 8536427) AND (id <= 8536526))

table 2 : explain SELECT c FROM sbtest2 WHERE id BETWEEN 1728208 AND 1728307 ORDER BY c
	Sort  (cost=397.52..397.77 rows=99 width=121)
	  Sort Key: c
	  ->  Index Scan using sbtest2_pkey on sbtest2  (cost=0.43..394.24 rows=99 width=121)
	        Index Cond: ((id >= 1728208) AND (id <= 1728307))

table 3 : explain SELECT c FROM sbtest3 WHERE id BETWEEN 7460688 AND 7460787 ORDER BY c
	Sort  (cost=428.54..428.81 rows=107 width=121)
	  Sort Key: c
	  ->  Index Scan using sbtest3_pkey on sbtest3  (cost=0.43..424.94 rows=107 width=121)
	        Index Cond: ((id >= 7460688) AND (id <= 7460787))

table 4 : explain SELECT c FROM sbtest4 WHERE id BETWEEN 8443796 AND 8443895 ORDER BY c
	Sort  (cost=398.64..398.89 rows=99 width=121)
	  Sort Key: c
	  ->  Index Scan using sbtest4_pkey on sbtest4  (cost=0.43..395.36 rows=99 width=121)
	        Index Cond: ((id >= 8443796) AND (id <= 8443895))

table 5 : explain SELECT c FROM sbtest5 WHERE id BETWEEN 808860 AND 808959 ORDER BY c
	Sort  (cost=393.21..393.45 rows=98 width=121)
	  Sort Key: c
	  ->  Index Scan using sbtest5_pkey on sbtest5  (cost=0.43..389.97 rows=98 width=121)
	        Index Cond: ((id >= 808860) AND (id <= 808959))

table 6 : explain SELECT c FROM sbtest6 WHERE id BETWEEN 584888 AND 584987 ORDER BY c
	Sort  (cost=372.92..373.15 rows=93 width=121)
	  Sort Key: c
	  ->  Index Scan using sbtest6_pkey on sbtest6  (cost=0.43..369.88 rows=93 width=121)
	        Index Cond: ((id >= 584888) AND (id <= 584987))

table 7 : explain SELECT c FROM sbtest7 WHERE id BETWEEN 7980585 AND 7980684 ORDER BY c
	Sort  (cost=384.69..384.93 rows=96 width=121)
	  Sort Key: c
	  ->  Index Scan using sbtest7_pkey on sbtest7  (cost=0.43..381.53 rows=96 width=121)
	        Index Cond: ((id >= 7980585) AND (id <= 7980684))

table 8 : explain SELECT c FROM sbtest8 WHERE id BETWEEN 3265851 AND 3265950 ORDER BY c
	Sort  (cost=368.76..368.99 rows=92 width=121)
	  Sort Key: c
	  ->  Index Scan using sbtest8_pkey on sbtest8  (cost=0.43..365.76 rows=92 width=121)
	        Index Cond: ((id >= 3265851) AND (id <= 3265950))

for: simple_ranges
table 1 : explain SELECT c FROM sbtest1 WHERE id BETWEEN 3334160 AND 3334259
	Index Scan using sbtest1_pkey on sbtest1  (cost=0.43..424.84 rows=107 width=121)
	  Index Cond: ((id >= 3334160) AND (id <= 3334259))

table 2 : explain SELECT c FROM sbtest2 WHERE id BETWEEN 4674317 AND 4674416
	Index Scan using sbtest2_pkey on sbtest2  (cost=0.43..402.11 rows=101 width=121)
	  Index Cond: ((id >= 4674317) AND (id <= 4674416))

table 3 : explain SELECT c FROM sbtest3 WHERE id BETWEEN 5909751 AND 5909850
	Index Scan using sbtest3_pkey on sbtest3  (cost=0.43..401.37 rows=101 width=121)
	  Index Cond: ((id >= 5909751) AND (id <= 5909850))

table 4 : explain SELECT c FROM sbtest4 WHERE id BETWEEN 9070215 AND 9070314
	Index Scan using sbtest4_pkey on sbtest4  (cost=0.43..355.87 rows=89 width=121)
	  Index Cond: ((id >= 9070215) AND (id <= 9070314))

table 5 : explain SELECT c FROM sbtest5 WHERE id BETWEEN 889966 AND 890065
	Index Scan using sbtest5_pkey on sbtest5  (cost=0.43..421.43 rows=106 width=121)
	  Index Cond: ((id >= 889966) AND (id <= 890065))

table 6 : explain SELECT c FROM sbtest6 WHERE id BETWEEN 1449928 AND 1450027
	Index Scan using sbtest6_pkey on sbtest6  (cost=0.43..420.94 rows=106 width=121)
	  Index Cond: ((id >= 1449928) AND (id <= 1450027))

table 7 : explain SELECT c FROM sbtest7 WHERE id BETWEEN 7365849 AND 7365948
	Index Scan using sbtest7_pkey on sbtest7  (cost=0.43..377.61 rows=95 width=121)
	  Index Cond: ((id >= 7365849) AND (id <= 7365948))

table 8 : explain SELECT c FROM sbtest8 WHERE id BETWEEN 4962114 AND 4962213
	Index Scan using sbtest8_pkey on sbtest8  (cost=0.43..412.89 rows=104 width=121)
	  Index Cond: ((id >= 4962114) AND (id <= 4962213))

for: distinct_ranges
table 1 : explain SELECT DISTINCT c FROM sbtest1 WHERE id BETWEEN 3901317 AND 3901416 ORDER BY c
	Unique  (cost=400.67..401.17 rows=100 width=121)
	  ->  Sort  (cost=400.67..400.92 rows=100 width=121)
	        Sort Key: c
	        ->  Index Scan using sbtest1_pkey on sbtest1  (cost=0.43..397.35 rows=100 width=121)
	              Index Cond: ((id >= 3901317) AND (id <= 3901416))

table 2 : explain SELECT DISTINCT c FROM sbtest2 WHERE id BETWEEN 9366890 AND 9366989 ORDER BY c
	Unique  (cost=437.29..437.83 rows=109 width=121)
	  ->  Sort  (cost=437.29..437.56 rows=109 width=121)
	        Sort Key: c
	        ->  Index Scan using sbtest2_pkey on sbtest2  (cost=0.43..433.60 rows=109 width=121)
	              Index Cond: ((id >= 9366890) AND (id <= 9366989))

table 3 : explain SELECT DISTINCT c FROM sbtest3 WHERE id BETWEEN 9564215 AND 9564314 ORDER BY c
	Unique  (cost=396.79..397.28 rows=99 width=121)
	  ->  Sort  (cost=396.79..397.04 rows=99 width=121)
	        Sort Key: c
	        ->  Index Scan using sbtest3_pkey on sbtest3  (cost=0.43..393.51 rows=99 width=121)
	              Index Cond: ((id >= 9564215) AND (id <= 9564314))

table 4 : explain SELECT DISTINCT c FROM sbtest4 WHERE id BETWEEN 3175051 AND 3175150 ORDER BY c
	Unique  (cost=426.56..427.09 rows=106 width=121)
	  ->  Sort  (cost=426.56..426.82 rows=106 width=121)
	        Sort Key: c
	        ->  Index Scan using sbtest4_pkey on sbtest4  (cost=0.43..422.99 rows=106 width=121)
	              Index Cond: ((id >= 3175051) AND (id <= 3175150))

table 5 : explain SELECT DISTINCT c FROM sbtest5 WHERE id BETWEEN 140581 AND 140680 ORDER BY c
	Unique  (cost=444.86..445.41 rows=111 width=121)
	  ->  Sort  (cost=444.86..445.14 rows=111 width=121)
	        Sort Key: c
	        ->  Index Scan using sbtest5_pkey on sbtest5  (cost=0.43..441.09 rows=111 width=121)
	              Index Cond: ((id >= 140581) AND (id <= 140680))

table 6 : explain SELECT DISTINCT c FROM sbtest6 WHERE id BETWEEN 4020165 AND 4020264 ORDER BY c
	Unique  (cost=392.76..393.25 rows=98 width=121)
	  ->  Sort  (cost=392.76..393.00 rows=98 width=121)
	        Sort Key: c
	        ->  Index Scan using sbtest6_pkey on sbtest6  (cost=0.43..389.51 rows=98 width=121)
	              Index Cond: ((id >= 4020165) AND (id <= 4020264))

table 7 : explain SELECT DISTINCT c FROM sbtest7 WHERE id BETWEEN 7767759 AND 7767858 ORDER BY c
	Unique  (cost=376.76..377.23 rows=94 width=121)
	  ->  Sort  (cost=376.76..377.00 rows=94 width=121)
	        Sort Key: c
	        ->  Index Scan using sbtest7_pkey on sbtest7  (cost=0.43..373.68 rows=94 width=121)
	              Index Cond: ((id >= 7767759) AND (id <= 7767858))

table 8 : explain SELECT DISTINCT c FROM sbtest8 WHERE id BETWEEN 3945444 AND 3945543 ORDER BY c
	Unique  (cost=360.83..361.28 rows=90 width=121)
	  ->  Sort  (cost=360.83..361.05 rows=90 width=121)
	        Sort Key: c
	        ->  Index Scan using sbtest8_pkey on sbtest8  (cost=0.43..357.90 rows=90 width=121)
	              Index Cond: ((id >= 3945444) AND (id <= 3945543))

for: order_ranges
table 1 : explain SELECT c FROM sbtest1 WHERE id BETWEEN 5742090 AND 5742189 ORDER BY c
	Sort  (cost=345.10..345.32 rows=86 width=121)
	  Sort Key: c
	  ->  Index Scan using sbtest1_pkey on sbtest1  (cost=0.43..342.34 rows=86 width=121)
	        Index Cond: ((id >= 5742090) AND (id <= 5742189))

table 2 : explain SELECT c FROM sbtest2 WHERE id BETWEEN 1997438 AND 1997537 ORDER BY c
	Sort  (cost=373.64..373.88 rows=93 width=121)
	  Sort Key: c
	  ->  Index Scan using sbtest2_pkey on sbtest2  (cost=0.43..370.60 rows=93 width=121)
	        Index Cond: ((id >= 1997438) AND (id <= 1997537))

table 3 : explain SELECT c FROM sbtest3 WHERE id BETWEEN 1226620 AND 1226719 ORDER BY c
	Sort  (cost=400.76..401.01 rows=100 width=121)
	  Sort Key: c
	  ->  Index Scan using sbtest3_pkey on sbtest3  (cost=0.43..397.44 rows=100 width=121)
	        Index Cond: ((id >= 1226620) AND (id <= 1226719))

table 4 : explain SELECT c FROM sbtest4 WHERE id BETWEEN 2196278 AND 2196377 ORDER BY c
	Sort  (cost=402.63..402.88 rows=100 width=121)
	  Sort Key: c
	  ->  Index Scan using sbtest4_pkey on sbtest4  (cost=0.43..399.31 rows=100 width=121)
	        Index Cond: ((id >= 2196278) AND (id <= 2196377))

table 5 : explain SELECT c FROM sbtest5 WHERE id BETWEEN 9172891 AND 9172990 ORDER BY c
	Sort  (cost=389.24..389.48 rows=97 width=121)
	  Sort Key: c
	  ->  Index Scan using sbtest5_pkey on sbtest5  (cost=0.43..386.03 rows=97 width=121)
	        Index Cond: ((id >= 9172891) AND (id <= 9172990))

table 6 : explain SELECT c FROM sbtest6 WHERE id BETWEEN 6283431 AND 6283530 ORDER BY c
	Sort  (cost=404.66..404.91 rows=101 width=121)
	  Sort Key: c
	  ->  Index Scan using sbtest6_pkey on sbtest6  (cost=0.43..401.30 rows=101 width=121)
	        Index Cond: ((id >= 6283431) AND (id <= 6283530))

table 7 : explain SELECT c FROM sbtest7 WHERE id BETWEEN 3925929 AND 3926028 ORDER BY c
	Sort  (cost=380.73..380.96 rows=95 width=121)
	  Sort Key: c
	  ->  Index Scan using sbtest7_pkey on sbtest7  (cost=0.43..377.61 rows=95 width=121)
	        Index Cond: ((id >= 3925929) AND (id <= 3926028))

table 8 : explain SELECT c FROM sbtest8 WHERE id BETWEEN 1431842 AND 1431941 ORDER BY c
	Sort  (cost=372.75..372.98 rows=93 width=121)
	  Sort Key: c
	  ->  Index Scan using sbtest8_pkey on sbtest8  (cost=0.43..369.71 rows=93 width=121)
	        Index Cond: ((id >= 1431842) AND (id <= 1431941))

for: sum_ranges
table 1 : explain SELECT SUM(k) FROM sbtest1 WHERE id BETWEEN 9174289 AND 9174388
	Aggregate  (cost=405.46..405.47 rows=1 width=8)
	  ->  Index Scan using sbtest1_pkey on sbtest1  (cost=0.43..405.20 rows=102 width=4)
	        Index Cond: ((id >= 9174289) AND (id <= 9174388))

table 2 : explain SELECT SUM(k) FROM sbtest2 WHERE id BETWEEN 1471829 AND 1471928
	Aggregate  (cost=418.12..418.13 rows=1 width=8)
	  ->  Index Scan using sbtest2_pkey on sbtest2  (cost=0.43..417.86 rows=105 width=4)
	        Index Cond: ((id >= 1471829) AND (id <= 1471928))

table 3 : explain SELECT SUM(k) FROM sbtest3 WHERE id BETWEEN 5616036 AND 5616135
	Aggregate  (cost=405.55..405.56 rows=1 width=8)
	  ->  Index Scan using sbtest3_pkey on sbtest3  (cost=0.43..405.29 rows=102 width=4)
	        Index Cond: ((id >= 5616036) AND (id <= 5616135))

table 4 : explain SELECT SUM(k) FROM sbtest4 WHERE id BETWEEN 9411037 AND 9411136
	Aggregate  (cost=407.46..407.47 rows=1 width=8)
	  ->  Index Scan using sbtest4_pkey on sbtest4  (cost=0.43..407.20 rows=102 width=4)
	        Index Cond: ((id >= 9411037) AND (id <= 9411136))

table 5 : explain SELECT SUM(k) FROM sbtest5 WHERE id BETWEEN 3703423 AND 3703522
	Aggregate  (cost=394.15..394.16 rows=1 width=8)
	  ->  Index Scan using sbtest5_pkey on sbtest5  (cost=0.43..393.90 rows=99 width=4)
	        Index Cond: ((id >= 3703423) AND (id <= 3703522))

table 6 : explain SELECT SUM(k) FROM sbtest6 WHERE id BETWEEN 1247410 AND 1247509
	Aggregate  (cost=401.55..401.56 rows=1 width=8)
	  ->  Index Scan using sbtest6_pkey on sbtest6  (cost=0.43..401.30 rows=101 width=4)
	        Index Cond: ((id >= 1247410) AND (id <= 1247509))

table 7 : explain SELECT SUM(k) FROM sbtest7 WHERE id BETWEEN 5567311 AND 5567410
	Aggregate  (cost=432.85..432.86 rows=1 width=8)
	  ->  Index Scan using sbtest7_pkey on sbtest7  (cost=0.43..432.58 rows=109 width=4)
	        Index Cond: ((id >= 5567311) AND (id <= 5567410))

table 8 : explain SELECT SUM(k) FROM sbtest8 WHERE id BETWEEN 541867 AND 541966
	Aggregate  (cost=421.01..421.02 rows=1 width=8)
	  ->  Index Scan using sbtest8_pkey on sbtest8  (cost=0.43..420.74 rows=106 width=4)
	        Index Cond: ((id >= 541867) AND (id <= 541966))

for: distinct_ranges
table 1 : explain SELECT DISTINCT c FROM sbtest1 WHERE id BETWEEN 1661019 AND 1661118 ORDER BY c
	Unique  (cost=436.38..436.93 rows=109 width=121)
	  ->  Sort  (cost=436.38..436.65 rows=109 width=121)
	        Sort Key: c
	        ->  Index Scan using sbtest1_pkey on sbtest1  (cost=0.43..432.69 rows=109 width=121)
	              Index Cond: ((id >= 1661019) AND (id <= 1661118))

table 2 : explain SELECT DISTINCT c FROM sbtest2 WHERE id BETWEEN 8810952 AND 8811051 ORDER BY c
	Unique  (cost=397.52..398.02 rows=99 width=121)
	  ->  Sort  (cost=397.52..397.77 rows=99 width=121)
	        Sort Key: c
	        ->  Index Scan using sbtest2_pkey on sbtest2  (cost=0.43..394.24 rows=99 width=121)
	              Index Cond: ((id >= 8810952) AND (id <= 8811051))

table 3 : explain SELECT DISTINCT c FROM sbtest3 WHERE id BETWEEN 4701351 AND 4701450 ORDER BY c
	Unique  (cost=428.54..429.08 rows=107 width=121)
	  ->  Sort  (cost=428.54..428.81 rows=107 width=121)
	        Sort Key: c
	        ->  Index Scan using sbtest3_pkey on sbtest3  (cost=0.43..424.94 rows=107 width=121)
	              Index Cond: ((id >= 4701351) AND (id <= 4701450))

table 4 : explain SELECT DISTINCT c FROM sbtest4 WHERE id BETWEEN 3276512 AND 3276611 ORDER BY c
	Unique  (cost=402.63..403.13 rows=100 width=121)
	  ->  Sort  (cost=402.63..402.88 rows=100 width=121)
	        Sort Key: c
	        ->  Index Scan using sbtest4_pkey on sbtest4  (cost=0.43..399.31 rows=100 width=121)
	              Index Cond: ((id >= 3276512) AND (id <= 3276611))

table 5 : explain SELECT DISTINCT c FROM sbtest5 WHERE id BETWEEN 1659075 AND 1659174 ORDER BY c
	Unique  (cost=397.18..397.68 rows=99 width=121)
	  ->  Sort  (cost=397.18..397.43 rows=99 width=121)
	        Sort Key: c
	        ->  Index Scan using sbtest5_pkey on sbtest5  (cost=0.43..393.90 rows=99 width=121)
	              Index Cond: ((id >= 1659075) AND (id <= 1659174))

table 6 : explain SELECT DISTINCT c FROM sbtest6 WHERE id BETWEEN 4371786 AND 4371885 ORDER BY c
	Unique  (cost=404.66..405.17 rows=101 width=121)
	  ->  Sort  (cost=404.66..404.91 rows=101 width=121)
	        Sort Key: c
	        ->  Index Scan using sbtest6_pkey on sbtest6  (cost=0.43..401.30 rows=101 width=121)
	              Index Cond: ((id >= 4371786) AND (id <= 4371885))

table 7 : explain SELECT DISTINCT c FROM sbtest7 WHERE id BETWEEN 6311712 AND 6311811 ORDER BY c
	Unique  (cost=376.76..377.23 rows=94 width=121)
	  ->  Sort  (cost=376.76..377.00 rows=94 width=121)
	        Sort Key: c
	        ->  Index Scan using sbtest7_pkey on sbtest7  (cost=0.43..373.68 rows=94 width=121)
	              Index Cond: ((id >= 6311712) AND (id <= 6311811))

table 8 : explain SELECT DISTINCT c FROM sbtest8 WHERE id BETWEEN 5769562 AND 5769661 ORDER BY c
	Unique  (cost=424.31..424.84 rows=106 width=121)
	  ->  Sort  (cost=424.31..424.57 rows=106 width=121)
	        Sort Key: c
	        ->  Index Scan using sbtest8_pkey on sbtest8  (cost=0.43..420.74 rows=106 width=121)
	              Index Cond: ((id >= 5769562) AND (id <= 5769661))

for: distinct_ranges
table 1 : explain SELECT DISTINCT c FROM sbtest1 WHERE id BETWEEN 1703455 AND 1703554 ORDER BY c
	Unique  (cost=400.67..401.17 rows=100 width=121)
	  ->  Sort  (cost=400.67..400.92 rows=100 width=121)
	        Sort Key: c
	        ->  Index Scan using sbtest1_pkey on sbtest1  (cost=0.43..397.35 rows=100 width=121)
	              Index Cond: ((id >= 1703455) AND (id <= 1703554))

table 2 : explain SELECT DISTINCT c FROM sbtest2 WHERE id BETWEEN 9366219 AND 9366318 ORDER BY c
	Unique  (cost=437.29..437.83 rows=109 width=121)
	  ->  Sort  (cost=437.29..437.56 rows=109 width=121)
	        Sort Key: c
	        ->  Index Scan using sbtest2_pkey on sbtest2  (cost=0.43..433.60 rows=109 width=121)
	              Index Cond: ((id >= 9366219) AND (id <= 9366318))

table 3 : explain SELECT DISTINCT c FROM sbtest3 WHERE id BETWEEN 1396436 AND 1396535 ORDER BY c
	Unique  (cost=361.05..361.50 rows=90 width=121)
	  ->  Sort  (cost=361.05..361.28 rows=90 width=121)
	        Sort Key: c
	        ->  Index Scan using sbtest3_pkey on sbtest3  (cost=0.43..358.13 rows=90 width=121)
	              Index Cond: ((id >= 1396436) AND (id <= 1396535))

table 4 : explain SELECT DISTINCT c FROM sbtest4 WHERE id BETWEEN 4130610 AND 4130709 ORDER BY c
	Unique  (cost=386.68..387.16 rows=96 width=121)
	  ->  Sort  (cost=386.68..386.92 rows=96 width=121)
	        Sort Key: c
	        ->  Index Scan using sbtest4_pkey on sbtest4  (cost=0.43..383.52 rows=96 width=121)
	              Index Cond: ((id >= 4130610) AND (id <= 4130709))

table 5 : explain SELECT DISTINCT c FROM sbtest5 WHERE id BETWEEN 7642308 AND 7642407 ORDER BY c
	Unique  (cost=385.26..385.74 rows=96 width=121)
	  ->  Sort  (cost=385.26..385.50 rows=96 width=121)
	        Sort Key: c
	        ->  Index Scan using sbtest5_pkey on sbtest5  (cost=0.43..382.10 rows=96 width=121)
	              Index Cond: ((id >= 7642308) AND (id <= 7642407))

table 6 : explain SELECT DISTINCT c FROM sbtest6 WHERE id BETWEEN 9708452 AND 9708551 ORDER BY c
	Unique  (cost=388.79..389.27 rows=97 width=121)
	  ->  Sort  (cost=388.79..389.03 rows=97 width=121)
	        Sort Key: c
	        ->  Index Scan using sbtest6_pkey on sbtest6  (cost=0.43..385.59 rows=97 width=121)
	              Index Cond: ((id >= 9708452) AND (id <= 9708551))

table 7 : explain SELECT DISTINCT c FROM sbtest7 WHERE id BETWEEN 962075 AND 962174 ORDER BY c
	Unique  (cost=452.13..452.70 rows=113 width=121)
	  ->  Sort  (cost=452.13..452.42 rows=113 width=121)
	        Sort Key: c
	        ->  Index Scan using sbtest7_pkey on sbtest7  (cost=0.43..448.28 rows=113 width=121)
	              Index Cond: ((id >= 962075) AND (id <= 962174))

table 8 : explain SELECT DISTINCT c FROM sbtest8 WHERE id BETWEEN 4052242 AND 4052341 ORDER BY c
	Unique  (cost=400.51..401.01 rows=100 width=121)
	  ->  Sort  (cost=400.51..400.76 rows=100 width=121)
	        Sort Key: c
	        ->  Index Scan using sbtest8_pkey on sbtest8  (cost=0.43..397.19 rows=100 width=121)
	              Index Cond: ((id >= 4052242) AND (id <= 4052341))

for: sum_ranges
table 1 : explain SELECT SUM(k) FROM sbtest1 WHERE id BETWEEN 4124760 AND 4124859
	Aggregate  (cost=389.74..389.75 rows=1 width=8)
	  ->  Index Scan using sbtest1_pkey on sbtest1  (cost=0.43..389.49 rows=98 width=4)
	        Index Cond: ((id >= 4124760) AND (id <= 4124859))

table 2 : explain SELECT SUM(k) FROM sbtest2 WHERE id BETWEEN 5296242 AND 5296341
	Aggregate  (cost=386.61..386.62 rows=1 width=8)
	  ->  Index Scan using sbtest2_pkey on sbtest2  (cost=0.43..386.37 rows=97 width=4)
	        Index Cond: ((id >= 5296242) AND (id <= 5296341))

table 3 : explain SELECT SUM(k) FROM sbtest3 WHERE id BETWEEN 2019863 AND 2019962
	Aggregate  (cost=393.76..393.77 rows=1 width=8)
	  ->  Index Scan using sbtest3_pkey on sbtest3  (cost=0.43..393.51 rows=99 width=4)
	        Index Cond: ((id >= 2019863) AND (id <= 2019962))

table 4 : explain SELECT SUM(k) FROM sbtest4 WHERE id BETWEEN 9807967 AND 9808066
	Aggregate  (cost=399.56..399.57 rows=1 width=8)
	  ->  Index Scan using sbtest4_pkey on sbtest4  (cost=0.43..399.31 rows=100 width=4)
	        Index Cond: ((id >= 9807967) AND (id <= 9808066))

table 5 : explain SELECT SUM(k) FROM sbtest5 WHERE id BETWEEN 117497 AND 117596
	Aggregate  (cost=441.37..441.38 rows=1 width=8)
	  ->  Index Scan using sbtest5_pkey on sbtest5  (cost=0.43..441.09 rows=111 width=4)
	        Index Cond: ((id >= 117497) AND (id <= 117596))

table 6 : explain SELECT SUM(k) FROM sbtest6 WHERE id BETWEEN 7206246 AND 7206345
	Aggregate  (cost=436.92..436.93 rows=1 width=8)
	  ->  Index Scan using sbtest6_pkey on sbtest6  (cost=0.43..436.65 rows=110 width=4)
	        Index Cond: ((id >= 7206246) AND (id <= 7206345))

table 7 : explain SELECT SUM(k) FROM sbtest7 WHERE id BETWEEN 9675262 AND 9675361
	Aggregate  (cost=405.35..405.36 rows=1 width=8)
	  ->  Index Scan using sbtest7_pkey on sbtest7  (cost=0.43..405.09 rows=102 width=4)
	        Index Cond: ((id >= 9675262) AND (id <= 9675361))

table 8 : explain SELECT SUM(k) FROM sbtest8 WHERE id BETWEEN 7891246 AND 7891345
	Aggregate  (cost=401.36..401.37 rows=1 width=8)
	  ->  Index Scan using sbtest8_pkey on sbtest8  (cost=0.43..401.11 rows=101 width=4)
	        Index Cond: ((id >= 7891246) AND (id <= 7891345))

for: simple_ranges
table 1 : explain SELECT c FROM sbtest1 WHERE id BETWEEN 2936770 AND 2936869
	Index Scan using sbtest1_pkey on sbtest1  (cost=0.43..401.27 rows=101 width=121)
	  Index Cond: ((id >= 2936770) AND (id <= 2936869))

table 2 : explain SELECT c FROM sbtest2 WHERE id BETWEEN 5366486 AND 5366585
	Index Scan using sbtest2_pkey on sbtest2  (cost=0.43..398.18 rows=100 width=121)
	  Index Cond: ((id >= 5366486) AND (id <= 5366585))

table 3 : explain SELECT c FROM sbtest3 WHERE id BETWEEN 2433314 AND 2433413
	Index Scan using sbtest3_pkey on sbtest3  (cost=0.43..397.44 rows=100 width=121)
	  Index Cond: ((id >= 2433314) AND (id <= 2433413))

table 4 : explain SELECT c FROM sbtest4 WHERE id BETWEEN 3627864 AND 3627963
	Index Scan using sbtest4_pkey on sbtest4  (cost=0.43..411.15 rows=103 width=121)
	  Index Cond: ((id >= 3627864) AND (id <= 3627963))

table 5 : explain SELECT c FROM sbtest5 WHERE id BETWEEN 145625 AND 145724
	Index Scan using sbtest5_pkey on sbtest5  (cost=0.43..441.09 rows=111 width=121)
	  Index Cond: ((id >= 145625) AND (id <= 145724))

table 6 : explain SELECT c FROM sbtest6 WHERE id BETWEEN 9141794 AND 9141893
	Index Scan using sbtest6_pkey on sbtest6  (cost=0.43..428.79 rows=108 width=121)
	  Index Cond: ((id >= 9141794) AND (id <= 9141893))

table 7 : explain SELECT c FROM sbtest7 WHERE id BETWEEN 7924631 AND 7924730
	Index Scan using sbtest7_pkey on sbtest7  (cost=0.43..381.53 rows=96 width=121)
	  Index Cond: ((id >= 7924631) AND (id <= 7924730))

table 8 : explain SELECT c FROM sbtest8 WHERE id BETWEEN 7764288 AND 7764387
	Index Scan using sbtest8_pkey on sbtest8  (cost=0.43..436.45 rows=110 width=121)
	  Index Cond: ((id >= 7764288) AND (id <= 7764387))

for: distinct_ranges
table 1 : explain SELECT DISTINCT c FROM sbtest1 WHERE id BETWEEN 8441798 AND 8441897 ORDER BY c
	Unique  (cost=408.60..409.11 rows=102 width=121)
	  ->  Sort  (cost=408.60..408.86 rows=102 width=121)
	        Sort Key: c
	        ->  Index Scan using sbtest1_pkey on sbtest1  (cost=0.43..405.20 rows=102 width=121)
	              Index Cond: ((id >= 8441798) AND (id <= 8441897))

table 2 : explain SELECT DISTINCT c FROM sbtest2 WHERE id BETWEEN 5148580 AND 5148679 ORDER BY c
	Unique  (cost=381.62..382.09 rows=95 width=121)
	  ->  Sort  (cost=381.62..381.86 rows=95 width=121)
	        Sort Key: c
	        ->  Index Scan using sbtest2_pkey on sbtest2  (cost=0.43..378.50 rows=95 width=121)
	              Index Cond: ((id >= 5148580) AND (id <= 5148679))

table 3 : explain SELECT DISTINCT c FROM sbtest3 WHERE id BETWEEN 1637124 AND 1637223 ORDER BY c
	Unique  (cost=400.76..401.26 rows=100 width=121)
	  ->  Sort  (cost=400.76..401.01 rows=100 width=121)
	        Sort Key: c
	        ->  Index Scan using sbtest3_pkey on sbtest3  (cost=0.43..397.44 rows=100 width=121)
	              Index Cond: ((id >= 1637124) AND (id <= 1637223))

table 4 : explain SELECT DISTINCT c FROM sbtest4 WHERE id BETWEEN 9222379 AND 9222478 ORDER BY c
	Unique  (cost=394.65..395.14 rows=98 width=121)
	  ->  Sort  (cost=394.65..394.90 rows=98 width=121)
	        Sort Key: c
	        ->  Index Scan using sbtest4_pkey on sbtest4  (cost=0.43..391.41 rows=98 width=121)
	              Index Cond: ((id >= 9222379) AND (id <= 9222478))

table 5 : explain SELECT DISTINCT c FROM sbtest5 WHERE id BETWEEN 2166939 AND 2167038 ORDER BY c
	Unique  (cost=417.05..417.57 rows=104 width=121)
	  ->  Sort  (cost=417.05..417.31 rows=104 width=121)
	        Sort Key: c
	        ->  Index Scan using sbtest5_pkey on sbtest5  (cost=0.43..413.56 rows=104 width=121)
	              Index Cond: ((id >= 2166939) AND (id <= 2167038))

table 6 : explain SELECT DISTINCT c FROM sbtest6 WHERE id BETWEEN 5544526 AND 5544625 ORDER BY c
	Unique  (cost=388.79..389.27 rows=97 width=121)
	  ->  Sort  (cost=388.79..389.03 rows=97 width=121)
	        Sort Key: c
	        ->  Index Scan using sbtest6_pkey on sbtest6  (cost=0.43..385.59 rows=97 width=121)
	              Index Cond: ((id >= 5544526) AND (id <= 5544625))

table 7 : explain SELECT DISTINCT c FROM sbtest7 WHERE id BETWEEN 6001220 AND 6001319 ORDER BY c
	Unique  (cost=384.69..385.17 rows=96 width=121)
	  ->  Sort  (cost=384.69..384.93 rows=96 width=121)
	        Sort Key: c
	        ->  Index Scan using sbtest7_pkey on sbtest7  (cost=0.43..381.53 rows=96 width=121)
	              Index Cond: ((id >= 6001220) AND (id <= 6001319))

table 8 : explain SELECT DISTINCT c FROM sbtest8 WHERE id BETWEEN 226876 AND 226975 ORDER BY c
	Unique  (cost=440.17..440.72 rows=110 width=121)
	  ->  Sort  (cost=440.17..440.45 rows=110 width=121)
	        Sort Key: c
	        ->  Index Scan using sbtest8_pkey on sbtest8  (cost=0.43..436.45 rows=110 width=121)
	              Index Cond: ((id >= 226876) AND (id <= 226975))

for: sum_ranges
table 1 : explain SELECT SUM(k) FROM sbtest1 WHERE id BETWEEN 9173045 AND 9173144
	Aggregate  (cost=405.46..405.47 rows=1 width=8)
	  ->  Index Scan using sbtest1_pkey on sbtest1  (cost=0.43..405.20 rows=102 width=4)
	        Index Cond: ((id >= 9173045) AND (id <= 9173144))

table 2 : explain SELECT SUM(k) FROM sbtest2 WHERE id BETWEEN 6378223 AND 6378322
	Aggregate  (cost=422.06..422.07 rows=1 width=8)
	  ->  Index Scan using sbtest2_pkey on sbtest2  (cost=0.43..421.79 rows=106 width=4)
	        Index Cond: ((id >= 6378223) AND (id <= 6378322))

table 3 : explain SELECT SUM(k) FROM sbtest3 WHERE id BETWEEN 3876790 AND 3876889
	Aggregate  (cost=409.48..409.49 rows=1 width=8)
	  ->  Index Scan using sbtest3_pkey on sbtest3  (cost=0.43..409.22 rows=103 width=4)
	        Index Cond: ((id >= 3876790) AND (id <= 3876889))

table 4 : explain SELECT SUM(k) FROM sbtest4 WHERE id BETWEEN 4980473 AND 4980572
	Aggregate  (cost=379.81..379.82 rows=1 width=8)
	  ->  Index Scan using sbtest4_pkey on sbtest4  (cost=0.43..379.57 rows=95 width=4)
	        Index Cond: ((id >= 4980473) AND (id <= 4980572))

table 5 : explain SELECT SUM(k) FROM sbtest5 WHERE id BETWEEN 5242786 AND 5242885
	Aggregate  (cost=433.50..433.51 rows=1 width=8)
	  ->  Index Scan using sbtest5_pkey on sbtest5  (cost=0.43..433.22 rows=109 width=4)
	        Index Cond: ((id >= 5242786) AND (id <= 5242885))

table 6 : explain SELECT SUM(k) FROM sbtest6 WHERE id BETWEEN 1550339 AND 1550438
	Aggregate  (cost=381.90..381.91 rows=1 width=8)
	  ->  Index Scan using sbtest6_pkey on sbtest6  (cost=0.43..381.66 rows=96 width=4)
	        Index Cond: ((id >= 1550339) AND (id <= 1550438))

table 7 : explain SELECT SUM(k) FROM sbtest7 WHERE id BETWEEN 7383940 AND 7384039
	Aggregate  (cost=377.84..377.85 rows=1 width=8)
	  ->  Index Scan using sbtest7_pkey on sbtest7  (cost=0.43..377.61 rows=95 width=4)
	        Index Cond: ((id >= 7383940) AND (id <= 7384039))

table 8 : explain SELECT SUM(k) FROM sbtest8 WHERE id BETWEEN 1305050 AND 1305149
	Aggregate  (cost=373.87..373.88 rows=1 width=8)
	  ->  Index Scan using sbtest8_pkey on sbtest8  (cost=0.43..373.63 rows=94 width=4)
	        Index Cond: ((id >= 1305050) AND (id <= 1305149))

for: sum_ranges
table 1 : explain SELECT SUM(k) FROM sbtest1 WHERE id BETWEEN 9305827 AND 9305926
	Aggregate  (cost=401.53..401.54 rows=1 width=8)
	  ->  Index Scan using sbtest1_pkey on sbtest1  (cost=0.43..401.27 rows=101 width=4)
	        Index Cond: ((id >= 9305827) AND (id <= 9305926))

table 2 : explain SELECT SUM(k) FROM sbtest2 WHERE id BETWEEN 903156 AND 903255
	Aggregate  (cost=378.73..378.74 rows=1 width=8)
	  ->  Index Scan using sbtest2_pkey on sbtest2  (cost=0.43..378.50 rows=95 width=4)
	        Index Cond: ((id >= 903156) AND (id <= 903255))

table 3 : explain SELECT SUM(k) FROM sbtest3 WHERE id BETWEEN 7080861 AND 7080960
	Aggregate  (cost=393.76..393.77 rows=1 width=8)
	  ->  Index Scan using sbtest3_pkey on sbtest3  (cost=0.43..393.51 rows=99 width=4)
	        Index Cond: ((id >= 7080861) AND (id <= 7080960))

table 4 : explain SELECT SUM(k) FROM sbtest4 WHERE id BETWEEN 5337912 AND 5338011
	Aggregate  (cost=450.91..450.92 rows=1 width=8)
	  ->  Index Scan using sbtest4_pkey on sbtest4  (cost=0.43..450.62 rows=113 width=4)
	        Index Cond: ((id >= 5337912) AND (id <= 5338011))

table 5 : explain SELECT SUM(k) FROM sbtest5 WHERE id BETWEEN 1633162 AND 1633261
	Aggregate  (cost=394.15..394.16 rows=1 width=8)
	  ->  Index Scan using sbtest5_pkey on sbtest5  (cost=0.43..393.90 rows=99 width=4)
	        Index Cond: ((id >= 1633162) AND (id <= 1633261))

table 6 : explain SELECT SUM(k) FROM sbtest6 WHERE id BETWEEN 2948043 AND 2948142
	Aggregate  (cost=425.13..425.14 rows=1 width=8)
	  ->  Index Scan using sbtest6_pkey on sbtest6  (cost=0.43..424.86 rows=107 width=4)
	        Index Cond: ((id >= 2948043) AND (id <= 2948142))

table 7 : explain SELECT SUM(k) FROM sbtest7 WHERE id BETWEEN 7408588 AND 7408687
	Aggregate  (cost=377.84..377.85 rows=1 width=8)
	  ->  Index Scan using sbtest7_pkey on sbtest7  (cost=0.43..377.61 rows=95 width=4)
	        Index Cond: ((id >= 7408588) AND (id <= 7408687))

table 8 : explain SELECT SUM(k) FROM sbtest8 WHERE id BETWEEN 7121197 AND 7121296
	Aggregate  (cost=409.22..409.23 rows=1 width=8)
	  ->  Index Scan using sbtest8_pkey on sbtest8  (cost=0.43..408.96 rows=103 width=4)
	        Index Cond: ((id >= 7121197) AND (id <= 7121296))

for: distinct_ranges
table 1 : explain SELECT DISTINCT c FROM sbtest1 WHERE id BETWEEN 2591910 AND 2592009 ORDER BY c
	Unique  (cost=396.70..397.20 rows=99 width=121)
	  ->  Sort  (cost=396.70..396.95 rows=99 width=121)
	        Sort Key: c
	        ->  Index Scan using sbtest1_pkey on sbtest1  (cost=0.43..393.42 rows=99 width=121)
	              Index Cond: ((id >= 2591910) AND (id <= 2592009))

table 2 : explain SELECT DISTINCT c FROM sbtest2 WHERE id BETWEEN 7840883 AND 7840982 ORDER BY c
	Unique  (cost=393.55..394.04 rows=98 width=121)
	  ->  Sort  (cost=393.55..393.79 rows=98 width=121)
	        Sort Key: c
	        ->  Index Scan using sbtest2_pkey on sbtest2  (cost=0.43..390.31 rows=98 width=121)
	              Index Cond: ((id >= 7840883) AND (id <= 7840982))

table 3 : explain SELECT DISTINCT c FROM sbtest3 WHERE id BETWEEN 2097784 AND 2097883 ORDER BY c
	Unique  (cost=404.73..405.23 rows=101 width=121)
	  ->  Sort  (cost=404.73..404.98 rows=101 width=121)
	        Sort Key: c
	        ->  Index Scan using sbtest3_pkey on sbtest3  (cost=0.43..401.37 rows=101 width=121)
	              Index Cond: ((id >= 2097784) AND (id <= 2097883))

table 4 : explain SELECT DISTINCT c FROM sbtest4 WHERE id BETWEEN 5737285 AND 5737384 ORDER BY c
	Unique  (cost=374.70..375.16 rows=93 width=121)
	  ->  Sort  (cost=374.70..374.93 rows=93 width=121)
	        Sort Key: c
	        ->  Index Scan using sbtest4_pkey on sbtest4  (cost=0.43..371.66 rows=93 width=121)
	              Index Cond: ((id >= 5737285) AND (id <= 5737384))

table 5 : explain SELECT DISTINCT c FROM sbtest5 WHERE id BETWEEN 4693720 AND 4693819 ORDER BY c
	Unique  (cost=389.24..389.72 rows=97 width=121)
	  ->  Sort  (cost=389.24..389.48 rows=97 width=121)
	        Sort Key: c
	        ->  Index Scan using sbtest5_pkey on sbtest5  (cost=0.43..386.03 rows=97 width=121)
	              Index Cond: ((id >= 4693720) AND (id <= 4693819))

table 6 : explain SELECT DISTINCT c FROM sbtest6 WHERE id BETWEEN 7382530 AND 7382629 ORDER BY c
	Unique  (cost=392.76..393.25 rows=98 width=121)
	  ->  Sort  (cost=392.76..393.00 rows=98 width=121)
	        Sort Key: c
	        ->  Index Scan using sbtest6_pkey on sbtest6  (cost=0.43..389.51 rows=98 width=121)
	              Index Cond: ((id >= 7382530) AND (id <= 7382629))

table 7 : explain SELECT DISTINCT c FROM sbtest7 WHERE id BETWEEN 6391132 AND 6391231 ORDER BY c
	Unique  (cost=412.46..412.98 rows=103 width=121)
	  ->  Sort  (cost=412.46..412.72 rows=103 width=121)
	        Sort Key: c
	        ->  Index Scan using sbtest7_pkey on sbtest7  (cost=0.43..409.02 rows=103 width=121)
	              Index Cond: ((id >= 6391132) AND (id <= 6391231))

table 8 : explain SELECT DISTINCT c FROM sbtest8 WHERE id BETWEEN 1748943 AND 1749042 ORDER BY c
	Unique  (cost=392.58..393.07 rows=98 width=121)
	  ->  Sort  (cost=392.58..392.82 rows=98 width=121)
	        Sort Key: c
	        ->  Index Scan using sbtest8_pkey on sbtest8  (cost=0.43..389.33 rows=98 width=121)
	              Index Cond: ((id >= 1748943) AND (id <= 1749042))

for: sum_ranges
table 1 : explain SELECT SUM(k) FROM sbtest1 WHERE id BETWEEN 9487273 AND 9487372
	Aggregate  (cost=421.18..421.19 rows=1 width=8)
	  ->  Index Scan using sbtest1_pkey on sbtest1  (cost=0.43..420.91 rows=106 width=4)
	        Index Cond: ((id >= 9487273) AND (id <= 9487372))

table 2 : explain SELECT SUM(k) FROM sbtest2 WHERE id BETWEEN 5926425 AND 5926524
	Aggregate  (cost=378.73..378.74 rows=1 width=8)
	  ->  Index Scan using sbtest2_pkey on sbtest2  (cost=0.43..378.50 rows=95 width=4)
	        Index Cond: ((id >= 5926425) AND (id <= 5926524))

table 3 : explain SELECT SUM(k) FROM sbtest3 WHERE id BETWEEN 2014392 AND 2014491
	Aggregate  (cost=393.76..393.77 rows=1 width=8)
	  ->  Index Scan using sbtest3_pkey on sbtest3  (cost=0.43..393.51 rows=99 width=4)
	        Index Cond: ((id >= 2014392) AND (id <= 2014491))

table 4 : explain SELECT SUM(k) FROM sbtest4 WHERE id BETWEEN 7803575 AND 7803674
	Aggregate  (cost=450.91..450.92 rows=1 width=8)
	  ->  Index Scan using sbtest4_pkey on sbtest4  (cost=0.43..450.62 rows=113 width=4)
	        Index Cond: ((id >= 7803575) AND (id <= 7803674))

table 5 : explain SELECT SUM(k) FROM sbtest5 WHERE id BETWEEN 8191245 AND 8191344
	Aggregate  (cost=374.47..374.48 rows=1 width=8)
	  ->  Index Scan using sbtest5_pkey on sbtest5  (cost=0.43..374.24 rows=94 width=4)
	        Index Cond: ((id >= 8191245) AND (id <= 8191344))

table 6 : explain SELECT SUM(k) FROM sbtest6 WHERE id BETWEEN 3167418 AND 3167517
	Aggregate  (cost=425.13..425.14 rows=1 width=8)
	  ->  Index Scan using sbtest6_pkey on sbtest6  (cost=0.43..424.86 rows=107 width=4)
	        Index Cond: ((id >= 3167418) AND (id <= 3167517))

table 7 : explain SELECT SUM(k) FROM sbtest7 WHERE id BETWEEN 8588887 AND 8588986
	Aggregate  (cost=373.91..373.92 rows=1 width=8)
	  ->  Index Scan using sbtest7_pkey on sbtest7  (cost=0.43..373.68 rows=94 width=4)
	        Index Cond: ((id >= 8588887) AND (id <= 8588986))

table 8 : explain SELECT SUM(k) FROM sbtest8 WHERE id BETWEEN 8777637 AND 8777736
	Aggregate  (cost=413.15..413.16 rows=1 width=8)
	  ->  Index Scan using sbtest8_pkey on sbtest8  (cost=0.43..412.89 rows=104 width=4)
	        Index Cond: ((id >= 8777637) AND (id <= 8777736))

for: order_ranges
table 1 : explain SELECT c FROM sbtest1 WHERE id BETWEEN 2454136 AND 2454235 ORDER BY c
	Sort  (cost=440.35..440.63 rows=110 width=121)
	  Sort Key: c
	  ->  Index Scan using sbtest1_pkey on sbtest1  (cost=0.43..436.62 rows=110 width=121)
	        Index Cond: ((id >= 2454136) AND (id <= 2454235))

table 2 : explain SELECT c FROM sbtest2 WHERE id BETWEEN 4695645 AND 4695744 ORDER BY c
	Sort  (cost=405.48..405.73 rows=101 width=121)
	  Sort Key: c
	  ->  Index Scan using sbtest2_pkey on sbtest2  (cost=0.43..402.11 rows=101 width=121)
	        Index Cond: ((id >= 4695645) AND (id <= 4695744))

table 3 : explain SELECT c FROM sbtest3 WHERE id BETWEEN 7340599 AND 7340698 ORDER BY c
	Sort  (cost=420.60..420.87 rows=105 width=121)
	  Sort Key: c
	  ->  Index Scan using sbtest3_pkey on sbtest3  (cost=0.43..417.08 rows=105 width=121)
	        Index Cond: ((id >= 7340599) AND (id <= 7340698))

table 4 : explain SELECT c FROM sbtest4 WHERE id BETWEEN 8982780 AND 8982879 ORDER BY c
	Sort  (cost=406.62..406.87 rows=101 width=121)
	  Sort Key: c
	  ->  Index Scan using sbtest4_pkey on sbtest4  (cost=0.43..403.25 rows=101 width=121)
	        Index Cond: ((id >= 8982780) AND (id <= 8982879))

table 5 : explain SELECT c FROM sbtest5 WHERE id BETWEEN 1135392 AND 1135491 ORDER BY c
	Sort  (cost=413.07..413.33 rows=103 width=121)
	  Sort Key: c
	  ->  Index Scan using sbtest5_pkey on sbtest5  (cost=0.43..409.63 rows=103 width=121)
	        Index Cond: ((id >= 1135392) AND (id <= 1135491))

table 6 : explain SELECT c FROM sbtest6 WHERE id BETWEEN 8106940 AND 8107039 ORDER BY c
	Sort  (cost=420.53..420.80 rows=105 width=121)
	  Sort Key: c
	  ->  Index Scan using sbtest6_pkey on sbtest6  (cost=0.43..417.01 rows=105 width=121)
	        Index Cond: ((id >= 8106940) AND (id <= 8107039))

table 7 : explain SELECT c FROM sbtest7 WHERE id BETWEEN 8202073 AND 8202172 ORDER BY c
	Sort  (cost=420.39..420.66 rows=105 width=121)
	  Sort Key: c
	  ->  Index Scan using sbtest7_pkey on sbtest7  (cost=0.43..416.87 rows=105 width=121)
	        Index Cond: ((id >= 8202073) AND (id <= 8202172))

table 8 : explain SELECT c FROM sbtest8 WHERE id BETWEEN 1820797 AND 1820896 ORDER BY c
	Sort  (cost=384.64..384.88 rows=96 width=121)
	  Sort Key: c
	  ->  Index Scan using sbtest8_pkey on sbtest8  (cost=0.43..381.48 rows=96 width=121)
	        Index Cond: ((id >= 1820797) AND (id <= 1820896))

for: sum_ranges
table 1 : explain SELECT SUM(k) FROM sbtest1 WHERE id BETWEEN 4877144 AND 4877243
	Aggregate  (cost=350.41..350.42 rows=1 width=8)
	  ->  Index Scan using sbtest1_pkey on sbtest1  (cost=0.43..350.19 rows=88 width=4)
	        Index Cond: ((id >= 4877144) AND (id <= 4877243))

table 2 : explain SELECT SUM(k) FROM sbtest2 WHERE id BETWEEN 9867408 AND 9867507
	Aggregate  (cost=382.67..382.68 rows=1 width=8)
	  ->  Index Scan using sbtest2_pkey on sbtest2  (cost=0.43..382.43 rows=96 width=4)
	        Index Cond: ((id >= 9867408) AND (id <= 9867507))

table 3 : explain SELECT SUM(k) FROM sbtest3 WHERE id BETWEEN 6990265 AND 6990364
	Aggregate  (cost=421.27..421.28 rows=1 width=8)
	  ->  Index Scan using sbtest3_pkey on sbtest3  (cost=0.43..421.01 rows=106 width=4)
	        Index Cond: ((id >= 6990265) AND (id <= 6990364))

table 4 : explain SELECT SUM(k) FROM sbtest4 WHERE id BETWEEN 7824398 AND 7824497
	Aggregate  (cost=450.91..450.92 rows=1 width=8)
	  ->  Index Scan using sbtest4_pkey on sbtest4  (cost=0.43..450.62 rows=113 width=4)
	        Index Cond: ((id >= 7824398) AND (id <= 7824497))

table 5 : explain SELECT SUM(k) FROM sbtest5 WHERE id BETWEEN 6519358 AND 6519457
	Aggregate  (cost=405.95..405.96 rows=1 width=8)
	  ->  Index Scan using sbtest5_pkey on sbtest5  (cost=0.43..405.70 rows=102 width=4)
	        Index Cond: ((id >= 6519358) AND (id <= 6519457))

table 6 : explain SELECT SUM(k) FROM sbtest6 WHERE id BETWEEN 5171503 AND 5171602
	Aggregate  (cost=413.34..413.35 rows=1 width=8)
	  ->  Index Scan using sbtest6_pkey on sbtest6  (cost=0.43..413.08 rows=104 width=4)
	        Index Cond: ((id >= 5171503) AND (id <= 5171602))

table 7 : explain SELECT SUM(k) FROM sbtest7 WHERE id BETWEEN 2110272 AND 2110371
	Aggregate  (cost=393.56..393.57 rows=1 width=8)
	  ->  Index Scan using sbtest7_pkey on sbtest7  (cost=0.43..393.31 rows=99 width=4)
	        Index Cond: ((id >= 2110272) AND (id <= 2110371))

table 8 : explain SELECT SUM(k) FROM sbtest8 WHERE id BETWEEN 2313892 AND 2313991
	Aggregate  (cost=401.36..401.37 rows=1 width=8)
	  ->  Index Scan using sbtest8_pkey on sbtest8  (cost=0.43..401.11 rows=101 width=4)
	        Index Cond: ((id >= 2313892) AND (id <= 2313991))

for: order_ranges
table 1 : explain SELECT c FROM sbtest1 WHERE id BETWEEN 946532 AND 946631 ORDER BY c
	Sort  (cost=372.87..373.10 rows=93 width=121)
	  Sort Key: c
	  ->  Index Scan using sbtest1_pkey on sbtest1  (cost=0.43..369.83 rows=93 width=121)
	        Index Cond: ((id >= 946532) AND (id <= 946631))

table 2 : explain SELECT c FROM sbtest2 WHERE id BETWEEN 6409623 AND 6409722 ORDER BY c
	Sort  (cost=365.69..365.92 rows=91 width=121)
	  Sort Key: c
	  ->  Index Scan using sbtest2_pkey on sbtest2  (cost=0.43..362.73 rows=91 width=121)
	        Index Cond: ((id >= 6409623) AND (id <= 6409722))

table 3 : explain SELECT c FROM sbtest3 WHERE id BETWEEN 1738178 AND 1738277 ORDER BY c
	Sort  (cost=396.79..397.04 rows=99 width=121)
	  Sort Key: c
	  ->  Index Scan using sbtest3_pkey on sbtest3  (cost=0.43..393.51 rows=99 width=121)
	        Index Cond: ((id >= 1738178) AND (id <= 1738277))

table 4 : explain SELECT c FROM sbtest4 WHERE id BETWEEN 603530 AND 603629 ORDER BY c
	Sort  (cost=422.57..422.83 rows=105 width=121)
	  Sort Key: c
	  ->  Index Scan using sbtest4_pkey on sbtest4  (cost=0.43..419.04 rows=105 width=121)
	        Index Cond: ((id >= 603530) AND (id <= 603629))

table 5 : explain SELECT c FROM sbtest5 WHERE id BETWEEN 7877685 AND 7877784 ORDER BY c
	Sort  (cost=405.13..405.38 rows=101 width=121)
	  Sort Key: c
	  ->  Index Scan using sbtest5_pkey on sbtest5  (cost=0.43..401.76 rows=101 width=121)
	        Index Cond: ((id >= 7877685) AND (id <= 7877784))

table 6 : explain SELECT c FROM sbtest6 WHERE id BETWEEN 3070397 AND 3070496 ORDER BY c
	Sort  (cost=412.60..412.85 rows=103 width=121)
	  Sort Key: c
	  ->  Index Scan using sbtest6_pkey on sbtest6  (cost=0.43..409.15 rows=103 width=121)
	        Index Cond: ((id >= 3070397) AND (id <= 3070496))

table 7 : explain SELECT c FROM sbtest7 WHERE id BETWEEN 9876991 AND 9877090 ORDER BY c
	Sort  (cost=360.87..361.10 rows=90 width=121)
	  Sort Key: c
	  ->  Index Scan using sbtest7_pkey on sbtest7  (cost=0.43..357.95 rows=90 width=121)
	        Index Cond: ((id >= 9876991) AND (id <= 9877090))

table 8 : explain SELECT c FROM sbtest8 WHERE id BETWEEN 4401995 AND 4402094 ORDER BY c
	Sort  (cost=408.44..408.70 rows=102 width=121)
	  Sort Key: c
	  ->  Index Scan using sbtest8_pkey on sbtest8  (cost=0.43..405.04 rows=102 width=121)
	        Index Cond: ((id >= 4401995) AND (id <= 4402094))

for: sum_ranges
table 1 : explain SELECT SUM(k) FROM sbtest1 WHERE id BETWEEN 1994482 AND 1994581
	Aggregate  (cost=354.34..354.35 rows=1 width=8)
	  ->  Index Scan using sbtest1_pkey on sbtest1  (cost=0.43..354.12 rows=89 width=4)
	        Index Cond: ((id >= 1994482) AND (id <= 1994581))

table 2 : explain SELECT SUM(k) FROM sbtest2 WHERE id BETWEEN 4685935 AND 4686034
	Aggregate  (cost=402.37..402.38 rows=1 width=8)
	  ->  Index Scan using sbtest2_pkey on sbtest2  (cost=0.43..402.11 rows=101 width=4)
	        Index Cond: ((id >= 4685935) AND (id <= 4686034))

table 3 : explain SELECT SUM(k) FROM sbtest3 WHERE id BETWEEN 4058179 AND 4058278
	Aggregate  (cost=401.62..401.63 rows=1 width=8)
	  ->  Index Scan using sbtest3_pkey on sbtest3  (cost=0.43..401.37 rows=101 width=4)
	        Index Cond: ((id >= 4058179) AND (id <= 4058278))

table 4 : explain SELECT SUM(k) FROM sbtest4 WHERE id BETWEEN 4775472 AND 4775571
	Aggregate  (cost=379.81..379.82 rows=1 width=8)
	  ->  Index Scan using sbtest4_pkey on sbtest4  (cost=0.43..379.57 rows=95 width=4)
	        Index Cond: ((id >= 4775472) AND (id <= 4775571))

table 5 : explain SELECT SUM(k) FROM sbtest5 WHERE id BETWEEN 4663952 AND 4664051
	Aggregate  (cost=386.28..386.29 rows=1 width=8)
	  ->  Index Scan using sbtest5_pkey on sbtest5  (cost=0.43..386.03 rows=97 width=4)
	        Index Cond: ((id >= 4663952) AND (id <= 4664051))

table 6 : explain SELECT SUM(k) FROM sbtest6 WHERE id BETWEEN 7152416 AND 7152515
	Aggregate  (cost=436.92..436.93 rows=1 width=8)
	  ->  Index Scan using sbtest6_pkey on sbtest6  (cost=0.43..436.65 rows=110 width=4)
	        Index Cond: ((id >= 7152416) AND (id <= 7152515))

table 7 : explain SELECT SUM(k) FROM sbtest7 WHERE id BETWEEN 3409097 AND 3409196
	Aggregate  (cost=417.13..417.14 rows=1 width=8)
	  ->  Index Scan using sbtest7_pkey on sbtest7  (cost=0.43..416.87 rows=105 width=4)
	        Index Cond: ((id >= 3409097) AND (id <= 3409196))

table 8 : explain SELECT SUM(k) FROM sbtest8 WHERE id BETWEEN 1496838 AND 1496937
	Aggregate  (cost=417.08..417.09 rows=1 width=8)
	  ->  Index Scan using sbtest8_pkey on sbtest8  (cost=0.43..416.82 rows=105 width=4)
	        Index Cond: ((id >= 1496838) AND (id <= 1496937))

for: order_ranges
table 1 : explain SELECT c FROM sbtest1 WHERE id BETWEEN 9247396 AND 9247495 ORDER BY c
	Sort  (cost=404.64..404.89 rows=101 width=121)
	  Sort Key: c
	  ->  Index Scan using sbtest1_pkey on sbtest1  (cost=0.43..401.27 rows=101 width=121)
	        Index Cond: ((id >= 9247396) AND (id <= 9247495))

table 2 : explain SELECT c FROM sbtest2 WHERE id BETWEEN 5925766 AND 5925865 ORDER BY c
	Sort  (cost=381.62..381.86 rows=95 width=121)
	  Sort Key: c
	  ->  Index Scan using sbtest2_pkey on sbtest2  (cost=0.43..378.50 rows=95 width=121)
	        Index Cond: ((id >= 5925766) AND (id <= 5925865))

table 3 : explain SELECT c FROM sbtest3 WHERE id BETWEEN 4565660 AND 4565759 ORDER BY c
	Sort  (cost=388.85..389.09 rows=97 width=121)
	  Sort Key: c
	  ->  Index Scan using sbtest3_pkey on sbtest3  (cost=0.43..385.65 rows=97 width=121)
	        Index Cond: ((id >= 4565660) AND (id <= 4565759))

table 4 : explain SELECT c FROM sbtest4 WHERE id BETWEEN 4244139 AND 4244238 ORDER BY c
	Sort  (cost=438.52..438.80 rows=109 width=121)
	  Sort Key: c
	  ->  Index Scan using sbtest4_pkey on sbtest4  (cost=0.43..434.83 rows=109 width=121)
	        Index Cond: ((id >= 4244139) AND (id <= 4244238))

table 5 : explain SELECT c FROM sbtest5 WHERE id BETWEEN 6284687 AND 6284786 ORDER BY c
	Sort  (cost=405.13..405.38 rows=101 width=121)
	  Sort Key: c
	  ->  Index Scan using sbtest5_pkey on sbtest5  (cost=0.43..401.76 rows=101 width=121)
	        Index Cond: ((id >= 6284687) AND (id <= 6284786))

table 6 : explain SELECT c FROM sbtest6 WHERE id BETWEEN 3896675 AND 3896774 ORDER BY c
	Sort  (cost=404.66..404.91 rows=101 width=121)
	  Sort Key: c
	  ->  Index Scan using sbtest6_pkey on sbtest6  (cost=0.43..401.30 rows=101 width=121)
	        Index Cond: ((id >= 3896675) AND (id <= 3896774))

table 7 : explain SELECT c FROM sbtest7 WHERE id BETWEEN 6215650 AND 6215749 ORDER BY c
	Sort  (cost=412.46..412.72 rows=103 width=121)
	  Sort Key: c
	  ->  Index Scan using sbtest7_pkey on sbtest7  (cost=0.43..409.02 rows=103 width=121)
	        Index Cond: ((id >= 6215650) AND (id <= 6215749))

table 8 : explain SELECT c FROM sbtest8 WHERE id BETWEEN 906077 AND 906176 ORDER BY c
	Sort  (cost=408.44..408.70 rows=102 width=121)
	  Sort Key: c
	  ->  Index Scan using sbtest8_pkey on sbtest8  (cost=0.43..405.04 rows=102 width=121)
	        Index Cond: ((id >= 906077) AND (id <= 906176))

for: order_ranges
table 1 : explain SELECT c FROM sbtest1 WHERE id BETWEEN 1315419 AND 1315518 ORDER BY c
	Sort  (cost=388.76..389.01 rows=97 width=121)
	  Sort Key: c
	  ->  Index Scan using sbtest1_pkey on sbtest1  (cost=0.43..385.56 rows=97 width=121)
	        Index Cond: ((id >= 1315419) AND (id <= 1315518))

table 2 : explain SELECT c FROM sbtest2 WHERE id BETWEEN 8885783 AND 8885882 ORDER BY c
	Sort  (cost=397.52..397.77 rows=99 width=121)
	  Sort Key: c
	  ->  Index Scan using sbtest2_pkey on sbtest2  (cost=0.43..394.24 rows=99 width=121)
	        Index Cond: ((id >= 8885783) AND (id <= 8885882))

table 3 : explain SELECT c FROM sbtest3 WHERE id BETWEEN 3134582 AND 3134681 ORDER BY c
	Sort  (cost=440.45..440.73 rows=110 width=121)
	  Sort Key: c
	  ->  Index Scan using sbtest3_pkey on sbtest3  (cost=0.43..436.72 rows=110 width=121)
	        Index Cond: ((id >= 3134582) AND (id <= 3134681))

table 4 : explain SELECT c FROM sbtest4 WHERE id BETWEEN 35887 AND 35986 ORDER BY c
	Sort  (cost=406.62..406.87 rows=101 width=121)
	  Sort Key: c
	  ->  Index Scan using sbtest4_pkey on sbtest4  (cost=0.43..403.25 rows=101 width=121)
	        Index Cond: ((id >= 35887) AND (id <= 35986))

table 5 : explain SELECT c FROM sbtest5 WHERE id BETWEEN 2971200 AND 2971299 ORDER BY c
	Sort  (cost=393.21..393.45 rows=98 width=121)
	  Sort Key: c
	  ->  Index Scan using sbtest5_pkey on sbtest5  (cost=0.43..389.97 rows=98 width=121)
	        Index Cond: ((id >= 2971200) AND (id <= 2971299))

table 6 : explain SELECT c FROM sbtest6 WHERE id BETWEEN 2692772 AND 2692871 ORDER BY c
	Sort  (cost=416.57..416.83 rows=104 width=121)
	  Sort Key: c
	  ->  Index Scan using sbtest6_pkey on sbtest6  (cost=0.43..413.08 rows=104 width=121)
	        Index Cond: ((id >= 2692772) AND (id <= 2692871))

table 7 : explain SELECT c FROM sbtest7 WHERE id BETWEEN 3811906 AND 3812005 ORDER BY c
	Sort  (cost=424.36..424.63 rows=106 width=121)
	  Sort Key: c
	  ->  Index Scan using sbtest7_pkey on sbtest7  (cost=0.43..420.80 rows=106 width=121)
	        Index Cond: ((id >= 3811906) AND (id <= 3812005))

table 8 : explain SELECT c FROM sbtest8 WHERE id BETWEEN 1032214 AND 1032313 ORDER BY c
	Sort  (cost=408.44..408.70 rows=102 width=121)
	  Sort Key: c
	  ->  Index Scan using sbtest8_pkey on sbtest8  (cost=0.43..405.04 rows=102 width=121)
	        Index Cond: ((id >= 1032214) AND (id <= 1032313))

for: distinct_ranges
table 1 : explain SELECT DISTINCT c FROM sbtest1 WHERE id BETWEEN 1895651 AND 1895750 ORDER BY c
	Unique  (cost=428.45..428.98 rows=107 width=121)
	  ->  Sort  (cost=428.45..428.71 rows=107 width=121)
	        Sort Key: c
	        ->  Index Scan using sbtest1_pkey on sbtest1  (cost=0.43..424.84 rows=107 width=121)
	              Index Cond: ((id >= 1895651) AND (id <= 1895750))

table 2 : explain SELECT DISTINCT c FROM sbtest2 WHERE id BETWEEN 3553979 AND 3554078 ORDER BY c
	Unique  (cost=405.48..405.98 rows=101 width=121)
	  ->  Sort  (cost=405.48..405.73 rows=101 width=121)
	        Sort Key: c
	        ->  Index Scan using sbtest2_pkey on sbtest2  (cost=0.43..402.11 rows=101 width=121)
	              Index Cond: ((id >= 3553979) AND (id <= 3554078))

table 3 : explain SELECT DISTINCT c FROM sbtest3 WHERE id BETWEEN 1126119 AND 1126218 ORDER BY c
	Unique  (cost=376.95..377.42 rows=94 width=121)
	  ->  Sort  (cost=376.95..377.18 rows=94 width=121)
	        Sort Key: c
	        ->  Index Scan using sbtest3_pkey on sbtest3  (cost=0.43..373.87 rows=94 width=121)
	              Index Cond: ((id >= 1126119) AND (id <= 1126218))

table 4 : explain SELECT DISTINCT c FROM sbtest4 WHERE id BETWEEN 2107293 AND 2107392 ORDER BY c
	Unique  (cost=402.63..403.13 rows=100 width=121)
	  ->  Sort  (cost=402.63..402.88 rows=100 width=121)
	        Sort Key: c
	        ->  Index Scan using sbtest4_pkey on sbtest4  (cost=0.43..399.31 rows=100 width=121)
	              Index Cond: ((id >= 2107293) AND (id <= 2107392))

table 5 : explain SELECT DISTINCT c FROM sbtest5 WHERE id BETWEEN 5833219 AND 5833318 ORDER BY c
	Unique  (cost=409.10..409.61 rows=102 width=121)
	  ->  Sort  (cost=409.10..409.35 rows=102 width=121)
	        Sort Key: c
	        ->  Index Scan using sbtest5_pkey on sbtest5  (cost=0.43..405.70 rows=102 width=121)
	              Index Cond: ((id >= 5833219) AND (id <= 5833318))

table 6 : explain SELECT DISTINCT c FROM sbtest6 WHERE id BETWEEN 2292944 AND 2293043 ORDER BY c
	Unique  (cost=416.57..417.09 rows=104 width=121)
	  ->  Sort  (cost=416.57..416.83 rows=104 width=121)
	        Sort Key: c
	        ->  Index Scan using sbtest6_pkey on sbtest6  (cost=0.43..413.08 rows=104 width=121)
	              Index Cond: ((id >= 2292944) AND (id <= 2293043))

table 7 : explain SELECT DISTINCT c FROM sbtest7 WHERE id BETWEEN 5211753 AND 5211852 ORDER BY c
	Unique  (cost=436.26..436.81 rows=109 width=121)
	  ->  Sort  (cost=436.26..436.54 rows=109 width=121)
	        Sort Key: c
	        ->  Index Scan using sbtest7_pkey on sbtest7  (cost=0.43..432.58 rows=109 width=121)
	              Index Cond: ((id >= 5211753) AND (id <= 5211852))

table 8 : explain SELECT DISTINCT c FROM sbtest8 WHERE id BETWEEN 244864 AND 244963 ORDER BY c
	Unique  (cost=440.17..440.72 rows=110 width=121)
	  ->  Sort  (cost=440.17..440.45 rows=110 width=121)
	        Sort Key: c
	        ->  Index Scan using sbtest8_pkey on sbtest8  (cost=0.43..436.45 rows=110 width=121)
	              Index Cond: ((id >= 244864) AND (id <= 244963))

for point_selects
table 1 : explain SELECT c FROM sbtest1 WHERE id=9312700
	Index Scan using sbtest1_pkey on sbtest1  (cost=0.43..8.45 rows=1 width=121)
	  Index Cond: (id = 9312700)

table 2 : explain SELECT c FROM sbtest2 WHERE id=2776846
	Index Scan using sbtest2_pkey on sbtest2  (cost=0.43..8.45 rows=1 width=121)
	  Index Cond: (id = 2776846)

table 3 : explain SELECT c FROM sbtest3 WHERE id=5526162
	Index Scan using sbtest3_pkey on sbtest3  (cost=0.43..8.45 rows=1 width=121)
	  Index Cond: (id = 5526162)

table 4 : explain SELECT c FROM sbtest4 WHERE id=8215716
	Index Scan using sbtest4_pkey on sbtest4  (cost=0.43..8.45 rows=1 width=121)
	  Index Cond: (id = 8215716)

table 5 : explain SELECT c FROM sbtest5 WHERE id=8413302
	Index Scan using sbtest5_pkey on sbtest5  (cost=0.43..8.45 rows=1 width=121)
	  Index Cond: (id = 8413302)

table 6 : explain SELECT c FROM sbtest6 WHERE id=2513353
	Index Scan using sbtest6_pkey on sbtest6  (cost=0.43..8.45 rows=1 width=121)
	  Index Cond: (id = 2513353)

table 7 : explain SELECT c FROM sbtest7 WHERE id=5148600
	Index Scan using sbtest7_pkey on sbtest7  (cost=0.43..8.45 rows=1 width=121)
	  Index Cond: (id = 5148600)

table 8 : explain SELECT c FROM sbtest8 WHERE id=6693243
	Index Scan using sbtest8_pkey on sbtest8  (cost=0.43..8.45 rows=1 width=121)
	  Index Cond: (id = 6693243)

for: distinct_ranges
table 1 : explain SELECT DISTINCT c FROM sbtest1 WHERE id BETWEEN 9145914 AND 9146013 ORDER BY c
	Unique  (cost=408.60..409.11 rows=102 width=121)
	  ->  Sort  (cost=408.60..408.86 rows=102 width=121)
	        Sort Key: c
	        ->  Index Scan using sbtest1_pkey on sbtest1  (cost=0.43..405.20 rows=102 width=121)
	              Index Cond: ((id >= 9145914) AND (id <= 9146013))

table 2 : explain SELECT DISTINCT c FROM sbtest2 WHERE id BETWEEN 9785396 AND 9785495 ORDER BY c
	Unique  (cost=401.50..402.00 rows=100 width=121)
	  ->  Sort  (cost=401.50..401.75 rows=100 width=121)
	        Sort Key: c
	        ->  Index Scan using sbtest2_pkey on sbtest2  (cost=0.43..398.18 rows=100 width=121)
	              Index Cond: ((id >= 9785396) AND (id <= 9785495))

table 3 : explain SELECT DISTINCT c FROM sbtest3 WHERE id BETWEEN 6517256 AND 6517355 ORDER BY c
	Unique  (cost=380.92..381.39 rows=95 width=121)
	  ->  Sort  (cost=380.92..381.15 rows=95 width=121)
	        Sort Key: c
	        ->  Index Scan using sbtest3_pkey on sbtest3  (cost=0.43..377.79 rows=95 width=121)
	              Index Cond: ((id >= 6517256) AND (id <= 6517355))

table 4 : explain SELECT DISTINCT c FROM sbtest4 WHERE id BETWEEN 7080546 AND 7080645 ORDER BY c
	Unique  (cost=414.59..415.11 rows=103 width=121)
	  ->  Sort  (cost=414.59..414.85 rows=103 width=121)
	        Sort Key: c
	        ->  Index Scan using sbtest4_pkey on sbtest4  (cost=0.43..411.15 rows=103 width=121)
	              Index Cond: ((id >= 7080546) AND (id <= 7080645))

table 5 : explain SELECT DISTINCT c FROM sbtest5 WHERE id BETWEEN 2870167 AND 2870266 ORDER BY c
	Unique  (cost=385.26..385.74 rows=96 width=121)
	  ->  Sort  (cost=385.26..385.50 rows=96 width=121)
	        Sort Key: c
	        ->  Index Scan using sbtest5_pkey on sbtest5  (cost=0.43..382.10 rows=96 width=121)
	              Index Cond: ((id >= 2870167) AND (id <= 2870266))

table 6 : explain SELECT DISTINCT c FROM sbtest6 WHERE id BETWEEN 2965573 AND 2965672 ORDER BY c
	Unique  (cost=396.72..397.22 rows=99 width=121)
	  ->  Sort  (cost=396.72..396.97 rows=99 width=121)
	        Sort Key: c
	        ->  Index Scan using sbtest6_pkey on sbtest6  (cost=0.43..393.44 rows=99 width=121)
	              Index Cond: ((id >= 2965573) AND (id <= 2965672))

table 7 : explain SELECT DISTINCT c FROM sbtest7 WHERE id BETWEEN 768175 AND 768274 ORDER BY c
	Unique  (cost=412.46..412.98 rows=103 width=121)
	  ->  Sort  (cost=412.46..412.72 rows=103 width=121)
	        Sort Key: c
	        ->  Index Scan using sbtest7_pkey on sbtest7  (cost=0.43..409.02 rows=103 width=121)
	              Index Cond: ((id >= 768175) AND (id <= 768274))

table 8 : explain SELECT DISTINCT c FROM sbtest8 WHERE id BETWEEN 1491764 AND 1491863 ORDER BY c
	Unique  (cost=420.34..420.87 rows=105 width=121)
	  ->  Sort  (cost=420.34..420.60 rows=105 width=121)
	        Sort Key: c
	        ->  Index Scan using sbtest8_pkey on sbtest8  (cost=0.43..416.82 rows=105 width=121)
	              Index Cond: ((id >= 1491764) AND (id <= 1491863))

for: order_ranges
table 1 : explain SELECT c FROM sbtest1 WHERE id BETWEEN 2427961 AND 2428060 ORDER BY c
	Sort  (cost=440.35..440.63 rows=110 width=121)
	  Sort Key: c
	  ->  Index Scan using sbtest1_pkey on sbtest1  (cost=0.43..436.62 rows=110 width=121)
	        Index Cond: ((id >= 2427961) AND (id <= 2428060))

table 2 : explain SELECT c FROM sbtest2 WHERE id BETWEEN 2507871 AND 2507970 ORDER BY c
	Sort  (cost=437.29..437.56 rows=109 width=121)
	  Sort Key: c
	  ->  Index Scan using sbtest2_pkey on sbtest2  (cost=0.43..433.60 rows=109 width=121)
	        Index Cond: ((id >= 2507871) AND (id <= 2507970))

table 3 : explain SELECT c FROM sbtest3 WHERE id BETWEEN 8795543 AND 8795642 ORDER BY c
	Sort  (cost=380.92..381.15 rows=95 width=121)
	  Sort Key: c
	  ->  Index Scan using sbtest3_pkey on sbtest3  (cost=0.43..377.79 rows=95 width=121)
	        Index Cond: ((id >= 8795543) AND (id <= 8795642))

table 4 : explain SELECT c FROM sbtest4 WHERE id BETWEEN 12315 AND 12414 ORDER BY c
	Sort  (cost=406.62..406.87 rows=101 width=121)
	  Sort Key: c
	  ->  Index Scan using sbtest4_pkey on sbtest4  (cost=0.43..403.25 rows=101 width=121)
	        Index Cond: ((id >= 12315) AND (id <= 12414))

table 5 : explain SELECT c FROM sbtest5 WHERE id BETWEEN 3815884 AND 3815983 ORDER BY c
	Sort  (cost=353.46..353.68 rows=88 width=121)
	  Sort Key: c
	  ->  Index Scan using sbtest5_pkey on sbtest5  (cost=0.43..350.62 rows=88 width=121)
	        Index Cond: ((id >= 3815884) AND (id <= 3815983))

table 6 : explain SELECT c FROM sbtest6 WHERE id BETWEEN 8503312 AND 8503411 ORDER BY c
	Sort  (cost=404.66..404.91 rows=101 width=121)
	  Sort Key: c
	  ->  Index Scan using sbtest6_pkey on sbtest6  (cost=0.43..401.30 rows=101 width=121)
	        Index Cond: ((id >= 8503312) AND (id <= 8503411))

table 7 : explain SELECT c FROM sbtest7 WHERE id BETWEEN 5943067 AND 5943166 ORDER BY c
	Sort  (cost=384.69..384.93 rows=96 width=121)
	  Sort Key: c
	  ->  Index Scan using sbtest7_pkey on sbtest7  (cost=0.43..381.53 rows=96 width=121)
	        Index Cond: ((id >= 5943067) AND (id <= 5943166))

table 8 : explain SELECT c FROM sbtest8 WHERE id BETWEEN 1732124 AND 1732223 ORDER BY c
	Sort  (cost=392.58..392.82 rows=98 width=121)
	  Sort Key: c
	  ->  Index Scan using sbtest8_pkey on sbtest8  (cost=0.43..389.33 rows=98 width=121)
	        Index Cond: ((id >= 1732124) AND (id <= 1732223))

for: distinct_ranges
table 1 : explain SELECT DISTINCT c FROM sbtest1 WHERE id BETWEEN 2830702 AND 2830801 ORDER BY c
	Unique  (cost=408.60..409.11 rows=102 width=121)
	  ->  Sort  (cost=408.60..408.86 rows=102 width=121)
	        Sort Key: c
	        ->  Index Scan using sbtest1_pkey on sbtest1  (cost=0.43..405.20 rows=102 width=121)
	              Index Cond: ((id >= 2830702) AND (id <= 2830801))

table 2 : explain SELECT DISTINCT c FROM sbtest2 WHERE id BETWEEN 1640343 AND 1640442 ORDER BY c
	Unique  (cost=377.64..378.11 rows=94 width=121)
	  ->  Sort  (cost=377.64..377.88 rows=94 width=121)
	        Sort Key: c
	        ->  Index Scan using sbtest2_pkey on sbtest2  (cost=0.43..374.56 rows=94 width=121)
	              Index Cond: ((id >= 1640343) AND (id <= 1640442))

table 3 : explain SELECT DISTINCT c FROM sbtest3 WHERE id BETWEEN 3266786 AND 3266885 ORDER BY c
	Unique  (cost=408.70..409.21 rows=102 width=121)
	  ->  Sort  (cost=408.70..408.95 rows=102 width=121)
	        Sort Key: c
	        ->  Index Scan using sbtest3_pkey on sbtest3  (cost=0.43..405.29 rows=102 width=121)
	              Index Cond: ((id >= 3266786) AND (id <= 3266885))

table 4 : explain SELECT DISTINCT c FROM sbtest4 WHERE id BETWEEN 3085405 AND 3085504 ORDER BY c
	Unique  (cost=414.59..415.11 rows=103 width=121)
	  ->  Sort  (cost=414.59..414.85 rows=103 width=121)
	        Sort Key: c
	        ->  Index Scan using sbtest4_pkey on sbtest4  (cost=0.43..411.15 rows=103 width=121)
	              Index Cond: ((id >= 3085405) AND (id <= 3085504))

table 5 : explain SELECT DISTINCT c FROM sbtest5 WHERE id BETWEEN 2013977 AND 2014076 ORDER BY c
	Unique  (cost=377.32..377.79 rows=94 width=121)
	  ->  Sort  (cost=377.32..377.55 rows=94 width=121)
	        Sort Key: c
	        ->  Index Scan using sbtest5_pkey on sbtest5  (cost=0.43..374.24 rows=94 width=121)
	              Index Cond: ((id >= 2013977) AND (id <= 2014076))

table 6 : explain SELECT DISTINCT c FROM sbtest6 WHERE id BETWEEN 2455323 AND 2455422 ORDER BY c
	Unique  (cost=416.57..417.09 rows=104 width=121)
	  ->  Sort  (cost=416.57..416.83 rows=104 width=121)
	        Sort Key: c
	        ->  Index Scan using sbtest6_pkey on sbtest6  (cost=0.43..413.08 rows=104 width=121)
	              Index Cond: ((id >= 2455323) AND (id <= 2455422))

table 7 : explain SELECT DISTINCT c FROM sbtest7 WHERE id BETWEEN 9808773 AND 9808872 ORDER BY c
	Unique  (cost=360.87..361.32 rows=90 width=121)
	  ->  Sort  (cost=360.87..361.10 rows=90 width=121)
	        Sort Key: c
	        ->  Index Scan using sbtest7_pkey on sbtest7  (cost=0.43..357.95 rows=90 width=121)
	              Index Cond: ((id >= 9808773) AND (id <= 9808872))

table 8 : explain SELECT DISTINCT c FROM sbtest8 WHERE id BETWEEN 3129364 AND 3129463 ORDER BY c
	Unique  (cost=392.58..393.07 rows=98 width=121)
	  ->  Sort  (cost=392.58..392.82 rows=98 width=121)
	        Sort Key: c
	        ->  Index Scan using sbtest8_pkey on sbtest8  (cost=0.43..389.33 rows=98 width=121)
	              Index Cond: ((id >= 3129364) AND (id <= 3129463))

for: distinct_ranges
table 1 : explain SELECT DISTINCT c FROM sbtest1 WHERE id BETWEEN 7286716 AND 7286815 ORDER BY c
	Unique  (cost=412.57..413.09 rows=103 width=121)
	  ->  Sort  (cost=412.57..412.83 rows=103 width=121)
	        Sort Key: c
	        ->  Index Scan using sbtest1_pkey on sbtest1  (cost=0.43..409.13 rows=103 width=121)
	              Index Cond: ((id >= 7286716) AND (id <= 7286815))

table 2 : explain SELECT DISTINCT c FROM sbtest2 WHERE id BETWEEN 579702 AND 579801 ORDER BY c
	Unique  (cost=397.52..398.02 rows=99 width=121)
	  ->  Sort  (cost=397.52..397.77 rows=99 width=121)
	        Sort Key: c
	        ->  Index Scan using sbtest2_pkey on sbtest2  (cost=0.43..394.24 rows=99 width=121)
	              Index Cond: ((id >= 579702) AND (id <= 579801))

table 3 : explain SELECT DISTINCT c FROM sbtest3 WHERE id BETWEEN 7059140 AND 7059239 ORDER BY c
	Unique  (cost=396.79..397.28 rows=99 width=121)
	  ->  Sort  (cost=396.79..397.04 rows=99 width=121)
	        Sort Key: c
	        ->  Index Scan using sbtest3_pkey on sbtest3  (cost=0.43..393.51 rows=99 width=121)
	              Index Cond: ((id >= 7059140) AND (id <= 7059239))

table 4 : explain SELECT DISTINCT c FROM sbtest4 WHERE id BETWEEN 1377820 AND 1377919 ORDER BY c
	Unique  (cost=374.70..375.16 rows=93 width=121)
	  ->  Sort  (cost=374.70..374.93 rows=93 width=121)
	        Sort Key: c
	        ->  Index Scan using sbtest4_pkey on sbtest4  (cost=0.43..371.66 rows=93 width=121)
	              Index Cond: ((id >= 1377820) AND (id <= 1377919))

table 5 : explain SELECT DISTINCT c FROM sbtest5 WHERE id BETWEEN 6726458 AND 6726557 ORDER BY c
	Unique  (cost=409.10..409.61 rows=102 width=121)
	  ->  Sort  (cost=409.10..409.35 rows=102 width=121)
	        Sort Key: c
	        ->  Index Scan using sbtest5_pkey on sbtest5  (cost=0.43..405.70 rows=102 width=121)
	              Index Cond: ((id >= 6726458) AND (id <= 6726557))

table 6 : explain SELECT DISTINCT c FROM sbtest6 WHERE id BETWEEN 3017627 AND 3017726 ORDER BY c
	Unique  (cost=396.72..397.22 rows=99 width=121)
	  ->  Sort  (cost=396.72..396.97 rows=99 width=121)
	        Sort Key: c
	        ->  Index Scan using sbtest6_pkey on sbtest6  (cost=0.43..393.44 rows=99 width=121)
	              Index Cond: ((id >= 3017627) AND (id <= 3017726))

table 7 : explain SELECT DISTINCT c FROM sbtest7 WHERE id BETWEEN 2570599 AND 2570698 ORDER BY c
	Unique  (cost=416.43..416.95 rows=104 width=121)
	  ->  Sort  (cost=416.43..416.69 rows=104 width=121)
	        Sort Key: c
	        ->  Index Scan using sbtest7_pkey on sbtest7  (cost=0.43..412.94 rows=104 width=121)
	              Index Cond: ((id >= 2570599) AND (id <= 2570698))

table 8 : explain SELECT DISTINCT c FROM sbtest8 WHERE id BETWEEN 7654501 AND 7654600 ORDER BY c
	Unique  (cost=396.54..397.04 rows=99 width=121)
	  ->  Sort  (cost=396.54..396.79 rows=99 width=121)
	        Sort Key: c
	        ->  Index Scan using sbtest8_pkey on sbtest8  (cost=0.43..393.26 rows=99 width=121)
	              Index Cond: ((id >= 7654501) AND (id <= 7654600))

for: simple_ranges
table 1 : explain SELECT c FROM sbtest1 WHERE id BETWEEN 9254615 AND 9254714
	Index Scan using sbtest1_pkey on sbtest1  (cost=0.43..401.27 rows=101 width=121)
	  Index Cond: ((id >= 9254615) AND (id <= 9254714))

table 2 : explain SELECT c FROM sbtest2 WHERE id BETWEEN 4132487 AND 4132586
	Index Scan using sbtest2_pkey on sbtest2  (cost=0.43..370.63 rows=93 width=121)
	  Index Cond: ((id >= 4132487) AND (id <= 4132586))

table 3 : explain SELECT c FROM sbtest3 WHERE id BETWEEN 8981904 AND 8982003
	Index Scan using sbtest3_pkey on sbtest3  (cost=0.43..381.72 rows=96 width=121)
	  Index Cond: ((id >= 8981904) AND (id <= 8982003))

table 4 : explain SELECT c FROM sbtest4 WHERE id BETWEEN 4402093 AND 4402192
	Index Scan using sbtest4_pkey on sbtest4  (cost=0.43..387.47 rows=97 width=121)
	  Index Cond: ((id >= 4402093) AND (id <= 4402192))

table 5 : explain SELECT c FROM sbtest5 WHERE id BETWEEN 9504763 AND 9504862
	Index Scan using sbtest5_pkey on sbtest5  (cost=0.43..382.10 rows=96 width=121)
	  Index Cond: ((id >= 9504763) AND (id <= 9504862))

table 6 : explain SELECT c FROM sbtest6 WHERE id BETWEEN 9072200 AND 9072299
	Index Scan using sbtest6_pkey on sbtest6  (cost=0.43..420.94 rows=106 width=121)
	  Index Cond: ((id >= 9072200) AND (id <= 9072299))

table 7 : explain SELECT c FROM sbtest7 WHERE id BETWEEN 4320278 AND 4320377
	Index Scan using sbtest7_pkey on sbtest7  (cost=0.43..385.46 rows=97 width=121)
	  Index Cond: ((id >= 4320278) AND (id <= 4320377))

table 8 : explain SELECT c FROM sbtest8 WHERE id BETWEEN 4266878 AND 4266977
	Index Scan using sbtest8_pkey on sbtest8  (cost=0.43..412.89 rows=104 width=121)
	  Index Cond: ((id >= 4266878) AND (id <= 4266977))

for: order_ranges
table 1 : explain SELECT c FROM sbtest1 WHERE id BETWEEN 7360945 AND 7361044 ORDER BY c
	Sort  (cost=384.80..385.04 rows=96 width=121)
	  Sort Key: c
	  ->  Index Scan using sbtest1_pkey on sbtest1  (cost=0.43..381.64 rows=96 width=121)
	        Index Cond: ((id >= 7360945) AND (id <= 7361044))

table 2 : explain SELECT c FROM sbtest2 WHERE id BETWEEN 2537945 AND 2538044 ORDER BY c
	Sort  (cost=437.29..437.56 rows=109 width=121)
	  Sort Key: c
	  ->  Index Scan using sbtest2_pkey on sbtest2  (cost=0.43..433.60 rows=109 width=121)
	        Index Cond: ((id >= 2537945) AND (id <= 2538044))

table 3 : explain SELECT c FROM sbtest3 WHERE id BETWEEN 5783851 AND 5783950 ORDER BY c
	Sort  (cost=388.85..389.09 rows=97 width=121)
	  Sort Key: c
	  ->  Index Scan using sbtest3_pkey on sbtest3  (cost=0.43..385.65 rows=97 width=121)
	        Index Cond: ((id >= 5783851) AND (id <= 5783950))

table 4 : explain SELECT c FROM sbtest4 WHERE id BETWEEN 737384 AND 737483 ORDER BY c
	Sort  (cost=374.70..374.93 rows=93 width=121)
	  Sort Key: c
	  ->  Index Scan using sbtest4_pkey on sbtest4  (cost=0.43..371.66 rows=93 width=121)
	        Index Cond: ((id >= 737384) AND (id <= 737483))

table 5 : explain SELECT c FROM sbtest5 WHERE id BETWEEN 4402091 AND 4402190 ORDER BY c
	Sort  (cost=381.29..381.53 rows=95 width=121)
	  Sort Key: c
	  ->  Index Scan using sbtest5_pkey on sbtest5  (cost=0.43..378.17 rows=95 width=121)
	        Index Cond: ((id >= 4402091) AND (id <= 4402190))

table 6 : explain SELECT c FROM sbtest6 WHERE id BETWEEN 4229125 AND 4229224 ORDER BY c
	Sort  (cost=400.69..400.94 rows=100 width=121)
	  Sort Key: c
	  ->  Index Scan using sbtest6_pkey on sbtest6  (cost=0.43..397.37 rows=100 width=121)
	        Index Cond: ((id >= 4229125) AND (id <= 4229224))

table 7 : explain SELECT c FROM sbtest7 WHERE id BETWEEN 9465677 AND 9465776 ORDER BY c
	Sort  (cost=364.84..365.07 rows=91 width=121)
	  Sort Key: c
	  ->  Index Scan using sbtest7_pkey on sbtest7  (cost=0.43..361.88 rows=91 width=121)
	        Index Cond: ((id >= 9465677) AND (id <= 9465776))

table 8 : explain SELECT c FROM sbtest8 WHERE id BETWEEN 2889308 AND 2889407 ORDER BY c
	Sort  (cost=400.51..400.76 rows=100 width=121)
	  Sort Key: c
	  ->  Index Scan using sbtest8_pkey on sbtest8  (cost=0.43..397.19 rows=100 width=121)
	        Index Cond: ((id >= 2889308) AND (id <= 2889407))

for: order_ranges
table 1 : explain SELECT c FROM sbtest1 WHERE id BETWEEN 6447670 AND 6447769 ORDER BY c
	Sort  (cost=420.51..420.77 rows=105 width=121)
	  Sort Key: c
	  ->  Index Scan using sbtest1_pkey on sbtest1  (cost=0.43..416.98 rows=105 width=121)
	        Index Cond: ((id >= 6447670) AND (id <= 6447769))

table 2 : explain SELECT c FROM sbtest2 WHERE id BETWEEN 257484 AND 257583 ORDER BY c
	Sort  (cost=425.36..425.62 rows=106 width=121)
	  Sort Key: c
	  ->  Index Scan using sbtest2_pkey on sbtest2  (cost=0.43..421.79 rows=106 width=121)
	        Index Cond: ((id >= 257484) AND (id <= 257583))

table 3 : explain SELECT c FROM sbtest3 WHERE id BETWEEN 8483438 AND 8483537 ORDER BY c
	Sort  (cost=416.63..416.89 rows=104 width=121)
	  Sort Key: c
	  ->  Index Scan using sbtest3_pkey on sbtest3  (cost=0.43..413.15 rows=104 width=121)
	        Index Cond: ((id >= 8483438) AND (id <= 8483537))

table 4 : explain SELECT c FROM sbtest4 WHERE id BETWEEN 5683254 AND 5683353 ORDER BY c
	Sort  (cost=390.67..390.91 rows=97 width=121)
	  Sort Key: c
	  ->  Index Scan using sbtest4_pkey on sbtest4  (cost=0.43..387.47 rows=97 width=121)
	        Index Cond: ((id >= 5683254) AND (id <= 5683353))

table 5 : explain SELECT c FROM sbtest5 WHERE id BETWEEN 2134435 AND 2134534 ORDER BY c
	Sort  (cost=417.05..417.31 rows=104 width=121)
	  Sort Key: c
	  ->  Index Scan using sbtest5_pkey on sbtest5  (cost=0.43..413.56 rows=104 width=121)
	        Index Cond: ((id >= 2134435) AND (id <= 2134534))

table 6 : explain SELECT c FROM sbtest6 WHERE id BETWEEN 4994081 AND 4994180 ORDER BY c
	Sort  (cost=380.85..381.09 rows=95 width=121)
	  Sort Key: c
	  ->  Index Scan using sbtest6_pkey on sbtest6  (cost=0.43..377.73 rows=95 width=121)
	        Index Cond: ((id >= 4994081) AND (id <= 4994180))

table 7 : explain SELECT c FROM sbtest7 WHERE id BETWEEN 7122064 AND 7122163 ORDER BY c
	Sort  (cost=372.79..373.03 rows=93 width=121)
	  Sort Key: c
	  ->  Index Scan using sbtest7_pkey on sbtest7  (cost=0.43..369.75 rows=93 width=121)
	        Index Cond: ((id >= 7122064) AND (id <= 7122163))

table 8 : explain SELECT c FROM sbtest8 WHERE id BETWEEN 428897 AND 428996 ORDER BY c
	Sort  (cost=408.44..408.70 rows=102 width=121)
	  Sort Key: c
	  ->  Index Scan using sbtest8_pkey on sbtest8  (cost=0.43..405.04 rows=102 width=121)
	        Index Cond: ((id >= 428897) AND (id <= 428996))

for: distinct_ranges
table 1 : explain SELECT DISTINCT c FROM sbtest1 WHERE id BETWEEN 4778722 AND 4778821 ORDER BY c
	Unique  (cost=368.90..369.36 rows=92 width=121)
	  ->  Sort  (cost=368.90..369.13 rows=92 width=121)
	        Sort Key: c
	        ->  Index Scan using sbtest1_pkey on sbtest1  (cost=0.43..365.90 rows=92 width=121)
	              Index Cond: ((id >= 4778722) AND (id <= 4778821))

table 2 : explain SELECT DISTINCT c FROM sbtest2 WHERE id BETWEEN 3427628 AND 3427727 ORDER BY c
	Unique  (cost=409.45..409.96 rows=102 width=121)
	  ->  Sort  (cost=409.45..409.71 rows=102 width=121)
	        Sort Key: c
	        ->  Index Scan using sbtest2_pkey on sbtest2  (cost=0.43..406.05 rows=102 width=121)
	              Index Cond: ((id >= 3427628) AND (id <= 3427727))

table 3 : explain SELECT DISTINCT c FROM sbtest3 WHERE id BETWEEN 3154056 AND 3154155 ORDER BY c
	Unique  (cost=440.45..441.00 rows=110 width=121)
	  ->  Sort  (cost=440.45..440.73 rows=110 width=121)
	        Sort Key: c
	        ->  Index Scan using sbtest3_pkey on sbtest3  (cost=0.43..436.72 rows=110 width=121)
	              Index Cond: ((id >= 3154056) AND (id <= 3154155))

table 4 : explain SELECT DISTINCT c FROM sbtest4 WHERE id BETWEEN 1877285 AND 1877384 ORDER BY c
	Unique  (cost=394.65..395.14 rows=98 width=121)
	  ->  Sort  (cost=394.65..394.90 rows=98 width=121)
	        Sort Key: c
	        ->  Index Scan using sbtest4_pkey on sbtest4  (cost=0.43..391.41 rows=98 width=121)
	              Index Cond: ((id >= 1877285) AND (id <= 1877384))

table 5 : explain SELECT DISTINCT c FROM sbtest5 WHERE id BETWEEN 5359471 AND 5359570 ORDER BY c
	Unique  (cost=417.05..417.57 rows=104 width=121)
	  ->  Sort  (cost=417.05..417.31 rows=104 width=121)
	        Sort Key: c
	        ->  Index Scan using sbtest5_pkey on sbtest5  (cost=0.43..413.56 rows=104 width=121)
	              Index Cond: ((id >= 5359471) AND (id <= 5359570))

table 6 : explain SELECT DISTINCT c FROM sbtest6 WHERE id BETWEEN 1996743 AND 1996842 ORDER BY c
	Unique  (cost=408.63..409.14 rows=102 width=121)
	  ->  Sort  (cost=408.63..408.88 rows=102 width=121)
	        Sort Key: c
	        ->  Index Scan using sbtest6_pkey on sbtest6  (cost=0.43..405.23 rows=102 width=121)
	              Index Cond: ((id >= 1996743) AND (id <= 1996842))

table 7 : explain SELECT DISTINCT c FROM sbtest7 WHERE id BETWEEN 3554372 AND 3554471 ORDER BY c
	Unique  (cost=404.53..405.03 rows=101 width=121)
	  ->  Sort  (cost=404.53..404.78 rows=101 width=121)
	        Sort Key: c
	        ->  Index Scan using sbtest7_pkey on sbtest7  (cost=0.43..401.16 rows=101 width=121)
	              Index Cond: ((id >= 3554372) AND (id <= 3554471))

table 8 : explain SELECT DISTINCT c FROM sbtest8 WHERE id BETWEEN 240522 AND 240621 ORDER BY c
	Unique  (cost=440.17..440.72 rows=110 width=121)
	  ->  Sort  (cost=440.17..440.45 rows=110 width=121)
	        Sort Key: c
	        ->  Index Scan using sbtest8_pkey on sbtest8  (cost=0.43..436.45 rows=110 width=121)
	              Index Cond: ((id >= 240522) AND (id <= 240621))

for: sum_ranges
table 1 : explain SELECT SUM(k) FROM sbtest1 WHERE id BETWEEN 4597609 AND 4597708
	Aggregate  (cost=393.67..393.68 rows=1 width=8)
	  ->  Index Scan using sbtest1_pkey on sbtest1  (cost=0.43..393.42 rows=99 width=4)
	        Index Cond: ((id >= 4597609) AND (id <= 4597708))

table 2 : explain SELECT SUM(k) FROM sbtest2 WHERE id BETWEEN 6541624 AND 6541723
	Aggregate  (cost=394.49..394.50 rows=1 width=8)
	  ->  Index Scan using sbtest2_pkey on sbtest2  (cost=0.43..394.24 rows=99 width=4)
	        Index Cond: ((id >= 6541624) AND (id <= 6541723))

table 3 : explain SELECT SUM(k) FROM sbtest3 WHERE id BETWEEN 4372542 AND 4372641
	Aggregate  (cost=401.62..401.63 rows=1 width=8)
	  ->  Index Scan using sbtest3_pkey on sbtest3  (cost=0.43..401.37 rows=101 width=4)
	        Index Cond: ((id >= 4372542) AND (id <= 4372641))

table 4 : explain SELECT SUM(k) FROM sbtest4 WHERE id BETWEEN 4177558 AND 4177657
	Aggregate  (cost=383.76..383.77 rows=1 width=8)
	  ->  Index Scan using sbtest4_pkey on sbtest4  (cost=0.43..383.52 rows=96 width=4)
	        Index Cond: ((id >= 4177558) AND (id <= 4177657))

table 5 : explain SELECT SUM(k) FROM sbtest5 WHERE id BETWEEN 9402221 AND 9402320
	Aggregate  (cost=386.28..386.29 rows=1 width=8)
	  ->  Index Scan using sbtest5_pkey on sbtest5  (cost=0.43..386.03 rows=97 width=4)
	        Index Cond: ((id >= 9402221) AND (id <= 9402320))

table 6 : explain SELECT SUM(k) FROM sbtest6 WHERE id BETWEEN 9049441 AND 9049540
	Aggregate  (cost=421.20..421.21 rows=1 width=8)
	  ->  Index Scan using sbtest6_pkey on sbtest6  (cost=0.43..420.94 rows=106 width=4)
	        Index Cond: ((id >= 9049441) AND (id <= 9049540))

table 7 : explain SELECT SUM(k) FROM sbtest7 WHERE id BETWEEN 1939209 AND 1939308
	Aggregate  (cost=417.13..417.14 rows=1 width=8)
	  ->  Index Scan using sbtest7_pkey on sbtest7  (cost=0.43..416.87 rows=105 width=4)
	        Index Cond: ((id >= 1939209) AND (id <= 1939308))

table 8 : explain SELECT SUM(k) FROM sbtest8 WHERE id BETWEEN 7350606 AND 7350705
	Aggregate  (cost=401.36..401.37 rows=1 width=8)
	  ->  Index Scan using sbtest8_pkey on sbtest8  (cost=0.43..401.11 rows=101 width=4)
	        Index Cond: ((id >= 7350606) AND (id <= 7350705))

for: sum_ranges
table 1 : explain SELECT SUM(k) FROM sbtest1 WHERE id BETWEEN 9950687 AND 9950786
	Aggregate  (cost=409.39..409.40 rows=1 width=8)
	  ->  Index Scan using sbtest1_pkey on sbtest1  (cost=0.43..409.13 rows=103 width=4)
	        Index Cond: ((id >= 9950687) AND (id <= 9950786))

table 2 : explain SELECT SUM(k) FROM sbtest2 WHERE id BETWEEN 7659248 AND 7659347
	Aggregate  (cost=406.30..406.31 rows=1 width=8)
	  ->  Index Scan using sbtest2_pkey on sbtest2  (cost=0.43..406.05 rows=102 width=4)
	        Index Cond: ((id >= 7659248) AND (id <= 7659347))

table 3 : explain SELECT SUM(k) FROM sbtest3 WHERE id BETWEEN 4333490 AND 4333589
	Aggregate  (cost=401.62..401.63 rows=1 width=8)
	  ->  Index Scan using sbtest3_pkey on sbtest3  (cost=0.43..401.37 rows=101 width=4)
	        Index Cond: ((id >= 4333490) AND (id <= 4333589))

table 4 : explain SELECT SUM(k) FROM sbtest4 WHERE id BETWEEN 6112863 AND 6112962
	Aggregate  (cost=439.06..439.07 rows=1 width=8)
	  ->  Index Scan using sbtest4_pkey on sbtest4  (cost=0.43..438.78 rows=110 width=4)
	        Index Cond: ((id >= 6112863) AND (id <= 6112962))

table 5 : explain SELECT SUM(k) FROM sbtest5 WHERE id BETWEEN 9610202 AND 9610301
	Aggregate  (cost=421.69..421.70 rows=1 width=8)
	  ->  Index Scan using sbtest5_pkey on sbtest5  (cost=0.43..421.43 rows=106 width=4)
	        Index Cond: ((id >= 9610202) AND (id <= 9610301))

table 6 : explain SELECT SUM(k) FROM sbtest6 WHERE id BETWEEN 3845659 AND 3845758
	Aggregate  (cost=405.48..405.49 rows=1 width=8)
	  ->  Index Scan using sbtest6_pkey on sbtest6  (cost=0.43..405.23 rows=102 width=4)
	        Index Cond: ((id >= 3845659) AND (id <= 3845758))

table 7 : explain SELECT SUM(k) FROM sbtest7 WHERE id BETWEEN 8939325 AND 8939424
	Aggregate  (cost=373.91..373.92 rows=1 width=8)
	  ->  Index Scan using sbtest7_pkey on sbtest7  (cost=0.43..373.68 rows=94 width=4)
	        Index Cond: ((id >= 8939325) AND (id <= 8939424))

table 8 : explain SELECT SUM(k) FROM sbtest8 WHERE id BETWEEN 5038227 AND 5038326
	Aggregate  (cost=413.15..413.16 rows=1 width=8)
	  ->  Index Scan using sbtest8_pkey on sbtest8  (cost=0.43..412.89 rows=104 width=4)
	        Index Cond: ((id >= 5038227) AND (id <= 5038326))

for: distinct_ranges
table 1 : explain SELECT DISTINCT c FROM sbtest1 WHERE id BETWEEN 3780328 AND 3780427 ORDER BY c
	Unique  (cost=404.64..405.14 rows=101 width=121)
	  ->  Sort  (cost=404.64..404.89 rows=101 width=121)
	        Sort Key: c
	        ->  Index Scan using sbtest1_pkey on sbtest1  (cost=0.43..401.27 rows=101 width=121)
	              Index Cond: ((id >= 3780328) AND (id <= 3780427))

table 2 : explain SELECT DISTINCT c FROM sbtest2 WHERE id BETWEEN 6998440 AND 6998539 ORDER BY c
	Unique  (cost=373.67..374.13 rows=93 width=121)
	  ->  Sort  (cost=373.67..373.90 rows=93 width=121)
	        Sort Key: c
	        ->  Index Scan using sbtest2_pkey on sbtest2  (cost=0.43..370.63 rows=93 width=121)
	              Index Cond: ((id >= 6998440) AND (id <= 6998539))

table 3 : explain SELECT DISTINCT c FROM sbtest3 WHERE id BETWEEN 377890 AND 377989 ORDER BY c
	Unique  (cost=404.73..405.23 rows=101 width=121)
	  ->  Sort  (cost=404.73..404.98 rows=101 width=121)
	        Sort Key: c
	        ->  Index Scan using sbtest3_pkey on sbtest3  (cost=0.43..401.37 rows=101 width=121)
	              Index Cond: ((id >= 377890) AND (id <= 377989))

table 4 : explain SELECT DISTINCT c FROM sbtest4 WHERE id BETWEEN 4379786 AND 4379885 ORDER BY c
	Unique  (cost=422.57..423.09 rows=105 width=121)
	  ->  Sort  (cost=422.57..422.83 rows=105 width=121)
	        Sort Key: c
	        ->  Index Scan using sbtest4_pkey on sbtest4  (cost=0.43..419.04 rows=105 width=121)
	              Index Cond: ((id >= 4379786) AND (id <= 4379885))

table 5 : explain SELECT DISTINCT c FROM sbtest5 WHERE id BETWEEN 6079383 AND 6079482 ORDER BY c
	Unique  (cost=448.83..449.39 rows=112 width=121)
	  ->  Sort  (cost=448.83..449.11 rows=112 width=121)
	        Sort Key: c
	        ->  Index Scan using sbtest5_pkey on sbtest5  (cost=0.43..445.02 rows=112 width=121)
	              Index Cond: ((id >= 6079383) AND (id <= 6079482))

table 6 : explain SELECT DISTINCT c FROM sbtest6 WHERE id BETWEEN 2955347 AND 2955446 ORDER BY c
	Unique  (cost=428.47..429.01 rows=107 width=121)
	  ->  Sort  (cost=428.47..428.74 rows=107 width=121)
	        Sort Key: c
	        ->  Index Scan using sbtest6_pkey on sbtest6  (cost=0.43..424.86 rows=107 width=121)
	              Index Cond: ((id >= 2955347) AND (id <= 2955446))

table 7 : explain SELECT DISTINCT c FROM sbtest7 WHERE id BETWEEN 6050608 AND 6050707 ORDER BY c
	Unique  (cost=372.79..373.26 rows=93 width=121)
	  ->  Sort  (cost=372.79..373.03 rows=93 width=121)
	        Sort Key: c
	        ->  Index Scan using sbtest7_pkey on sbtest7  (cost=0.43..369.75 rows=93 width=121)
	              Index Cond: ((id >= 6050608) AND (id <= 6050707))

table 8 : explain SELECT DISTINCT c FROM sbtest8 WHERE id BETWEEN 1814333 AND 1814432 ORDER BY c
	Unique  (cost=384.64..385.12 rows=96 width=121)
	  ->  Sort  (cost=384.64..384.88 rows=96 width=121)
	        Sort Key: c
	        ->  Index Scan using sbtest8_pkey on sbtest8  (cost=0.43..381.48 rows=96 width=121)
	              Index Cond: ((id >= 1814333) AND (id <= 1814432))

for: order_ranges
table 1 : explain SELECT c FROM sbtest1 WHERE id BETWEEN 1135802 AND 1135901 ORDER BY c
	Sort  (cost=412.57..412.83 rows=103 width=121)
	  Sort Key: c
	  ->  Index Scan using sbtest1_pkey on sbtest1  (cost=0.43..409.13 rows=103 width=121)
	        Index Cond: ((id >= 1135802) AND (id <= 1135901))

table 2 : explain SELECT c FROM sbtest2 WHERE id BETWEEN 2966250 AND 2966349 ORDER BY c
	Sort  (cost=409.45..409.71 rows=102 width=121)
	  Sort Key: c
	  ->  Index Scan using sbtest2_pkey on sbtest2  (cost=0.43..406.05 rows=102 width=121)
	        Index Cond: ((id >= 2966250) AND (id <= 2966349))

table 3 : explain SELECT c FROM sbtest3 WHERE id BETWEEN 6685258 AND 6685357 ORDER BY c
	Sort  (cost=416.63..416.89 rows=104 width=121)
	  Sort Key: c
	  ->  Index Scan using sbtest3_pkey on sbtest3  (cost=0.43..413.15 rows=104 width=121)
	        Index Cond: ((id >= 6685258) AND (id <= 6685357))

table 4 : explain SELECT c FROM sbtest4 WHERE id BETWEEN 9999121 AND 9999220 ORDER BY c
	Sort  (cost=394.65..394.90 rows=98 width=121)
	  Sort Key: c
	  ->  Index Scan using sbtest4_pkey on sbtest4  (cost=0.43..391.41 rows=98 width=121)
	        Index Cond: ((id >= 9999121) AND (id <= 9999220))

table 5 : explain SELECT c FROM sbtest5 WHERE id BETWEEN 8943114 AND 8943213 ORDER BY c
	Sort  (cost=385.26..385.50 rows=96 width=121)
	  Sort Key: c
	  ->  Index Scan using sbtest5_pkey on sbtest5  (cost=0.43..382.10 rows=96 width=121)
	        Index Cond: ((id >= 8943114) AND (id <= 8943213))

table 6 : explain SELECT c FROM sbtest6 WHERE id BETWEEN 9078263 AND 9078362 ORDER BY c
	Sort  (cost=424.50..424.77 rows=106 width=121)
	  Sort Key: c
	  ->  Index Scan using sbtest6_pkey on sbtest6  (cost=0.43..420.94 rows=106 width=121)
	        Index Cond: ((id >= 9078263) AND (id <= 9078362))

table 7 : explain SELECT c FROM sbtest7 WHERE id BETWEEN 1226479 AND 1226578 ORDER BY c
	Sort  (cost=392.63..392.87 rows=98 width=121)
	  Sort Key: c
	  ->  Index Scan using sbtest7_pkey on sbtest7  (cost=0.43..389.39 rows=98 width=121)
	        Index Cond: ((id >= 1226479) AND (id <= 1226578))

table 8 : explain SELECT c FROM sbtest8 WHERE id BETWEEN 252229 AND 252328 ORDER BY c
	Sort  (cost=440.17..440.45 rows=110 width=121)
	  Sort Key: c
	  ->  Index Scan using sbtest8_pkey on sbtest8  (cost=0.43..436.45 rows=110 width=121)
	        Index Cond: ((id >= 252229) AND (id <= 252328))

for: order_ranges
table 1 : explain SELECT c FROM sbtest1 WHERE id BETWEEN 3153030 AND 3153129 ORDER BY c
	Sort  (cost=432.41..432.68 rows=108 width=121)
	  Sort Key: c
	  ->  Index Scan using sbtest1_pkey on sbtest1  (cost=0.43..428.77 rows=108 width=121)
	        Index Cond: ((id >= 3153030) AND (id <= 3153129))

table 2 : explain SELECT c FROM sbtest2 WHERE id BETWEEN 2840735 AND 2840834 ORDER BY c
	Sort  (cost=441.27..441.54 rows=110 width=121)
	  Sort Key: c
	  ->  Index Scan using sbtest2_pkey on sbtest2  (cost=0.43..437.54 rows=110 width=121)
	        Index Cond: ((id >= 2840735) AND (id <= 2840834))

table 3 : explain SELECT c FROM sbtest3 WHERE id BETWEEN 5972778 AND 5972877 ORDER BY c
	Sort  (cost=376.95..377.18 rows=94 width=121)
	  Sort Key: c
	  ->  Index Scan using sbtest3_pkey on sbtest3  (cost=0.43..373.87 rows=94 width=121)
	        Index Cond: ((id >= 5972778) AND (id <= 5972877))

table 4 : explain SELECT c FROM sbtest4 WHERE id BETWEEN 1260451 AND 1260550 ORDER BY c
	Sort  (cost=410.61..410.86 rows=102 width=121)
	  Sort Key: c
	  ->  Index Scan using sbtest4_pkey on sbtest4  (cost=0.43..407.20 rows=102 width=121)
	        Index Cond: ((id >= 1260451) AND (id <= 1260550))

table 5 : explain SELECT c FROM sbtest5 WHERE id BETWEEN 5158134 AND 5158233 ORDER BY c
	Sort  (cost=385.26..385.50 rows=96 width=121)
	  Sort Key: c
	  ->  Index Scan using sbtest5_pkey on sbtest5  (cost=0.43..382.10 rows=96 width=121)
	        Index Cond: ((id >= 5158134) AND (id <= 5158233))

table 6 : explain SELECT c FROM sbtest6 WHERE id BETWEEN 6046686 AND 6046785 ORDER BY c
	Sort  (cost=368.93..369.16 rows=92 width=121)
	  Sort Key: c
	  ->  Index Scan using sbtest6_pkey on sbtest6  (cost=0.43..365.93 rows=92 width=121)
	        Index Cond: ((id >= 6046686) AND (id <= 6046785))

table 7 : explain SELECT c FROM sbtest7 WHERE id BETWEEN 3026199 AND 3026298 ORDER BY c
	Sort  (cost=368.80..369.03 rows=92 width=121)
	  Sort Key: c
	  ->  Index Scan using sbtest7_pkey on sbtest7  (cost=0.43..365.80 rows=92 width=121)
	        Index Cond: ((id >= 3026199) AND (id <= 3026298))

table 8 : explain SELECT c FROM sbtest8 WHERE id BETWEEN 602694 AND 602793 ORDER BY c
	Sort  (cost=424.31..424.57 rows=106 width=121)
	  Sort Key: c
	  ->  Index Scan using sbtest8_pkey on sbtest8  (cost=0.43..420.74 rows=106 width=121)
	        Index Cond: ((id >= 602694) AND (id <= 602793))

for: distinct_ranges
table 1 : explain SELECT DISTINCT c FROM sbtest1 WHERE id BETWEEN 4906455 AND 4906554 ORDER BY c
	Unique  (cost=392.73..393.22 rows=98 width=121)
	  ->  Sort  (cost=392.73..392.98 rows=98 width=121)
	        Sort Key: c
	        ->  Index Scan using sbtest1_pkey on sbtest1  (cost=0.43..389.49 rows=98 width=121)
	              Index Cond: ((id >= 4906455) AND (id <= 4906554))

table 2 : explain SELECT DISTINCT c FROM sbtest2 WHERE id BETWEEN 5719077 AND 5719176 ORDER BY c
	Unique  (cost=397.52..398.02 rows=99 width=121)
	  ->  Sort  (cost=397.52..397.77 rows=99 width=121)
	        Sort Key: c
	        ->  Index Scan using sbtest2_pkey on sbtest2  (cost=0.43..394.24 rows=99 width=121)
	              Index Cond: ((id >= 5719077) AND (id <= 5719176))

table 3 : explain SELECT DISTINCT c FROM sbtest3 WHERE id BETWEEN 4474269 AND 4474368 ORDER BY c
	Unique  (cost=400.76..401.26 rows=100 width=121)
	  ->  Sort  (cost=400.76..401.01 rows=100 width=121)
	        Sort Key: c
	        ->  Index Scan using sbtest3_pkey on sbtest3  (cost=0.43..397.44 rows=100 width=121)
	              Index Cond: ((id >= 4474269) AND (id <= 4474368))

table 4 : explain SELECT DISTINCT c FROM sbtest4 WHERE id BETWEEN 884832 AND 884931 ORDER BY c
	Unique  (cost=374.72..375.18 rows=93 width=121)
	  ->  Sort  (cost=374.72..374.95 rows=93 width=121)
	        Sort Key: c
	        ->  Index Scan using sbtest4_pkey on sbtest4  (cost=0.43..371.68 rows=93 width=121)
	              Index Cond: ((id >= 884832) AND (id <= 884931))

table 5 : explain SELECT DISTINCT c FROM sbtest5 WHERE id BETWEEN 9005010 AND 9005109 ORDER BY c
	Unique  (cost=421.02..421.54 rows=105 width=121)
	  ->  Sort  (cost=421.02..421.28 rows=105 width=121)
	        Sort Key: c
	        ->  Index Scan using sbtest5_pkey on sbtest5  (cost=0.43..417.49 rows=105 width=121)
	              Index Cond: ((id >= 9005010) AND (id <= 9005109))

table 6 : explain SELECT DISTINCT c FROM sbtest6 WHERE id BETWEEN 471711 AND 471810 ORDER BY c
	Unique  (cost=412.60..413.11 rows=103 width=121)
	  ->  Sort  (cost=412.60..412.85 rows=103 width=121)
	        Sort Key: c
	        ->  Index Scan using sbtest6_pkey on sbtest6  (cost=0.43..409.15 rows=103 width=121)
	              Index Cond: ((id >= 471711) AND (id <= 471810))

table 7 : explain SELECT DISTINCT c FROM sbtest7 WHERE id BETWEEN 9059664 AND 9059763 ORDER BY c
	Unique  (cost=416.43..416.95 rows=104 width=121)
	  ->  Sort  (cost=416.43..416.69 rows=104 width=121)
	        Sort Key: c
	        ->  Index Scan using sbtest7_pkey on sbtest7  (cost=0.43..412.94 rows=104 width=121)
	              Index Cond: ((id >= 9059664) AND (id <= 9059763))

table 8 : explain SELECT DISTINCT c FROM sbtest8 WHERE id BETWEEN 562136 AND 562235 ORDER BY c
	Unique  (cost=424.31..424.84 rows=106 width=121)
	  ->  Sort  (cost=424.31..424.57 rows=106 width=121)
	        Sort Key: c
	        ->  Index Scan using sbtest8_pkey on sbtest8  (cost=0.43..420.74 rows=106 width=121)
	              Index Cond: ((id >= 562136) AND (id <= 562235))

for: distinct_ranges
table 1 : explain SELECT DISTINCT c FROM sbtest1 WHERE id BETWEEN 3164228 AND 3164327 ORDER BY c
	Unique  (cost=432.41..432.95 rows=108 width=121)
	  ->  Sort  (cost=432.41..432.68 rows=108 width=121)
	        Sort Key: c
	        ->  Index Scan using sbtest1_pkey on sbtest1  (cost=0.43..428.77 rows=108 width=121)
	              Index Cond: ((id >= 3164228) AND (id <= 3164327))

table 2 : explain SELECT DISTINCT c FROM sbtest2 WHERE id BETWEEN 5922563 AND 5922662 ORDER BY c
	Unique  (cost=381.62..382.09 rows=95 width=121)
	  ->  Sort  (cost=381.62..381.86 rows=95 width=121)
	        Sort Key: c
	        ->  Index Scan using sbtest2_pkey on sbtest2  (cost=0.43..378.50 rows=95 width=121)
	              Index Cond: ((id >= 5922563) AND (id <= 5922662))

table 3 : explain SELECT DISTINCT c FROM sbtest3 WHERE id BETWEEN 3483261 AND 3483360 ORDER BY c
	Unique  (cost=400.76..401.26 rows=100 width=121)
	  ->  Sort  (cost=400.76..401.01 rows=100 width=121)
	        Sort Key: c
	        ->  Index Scan using sbtest3_pkey on sbtest3  (cost=0.43..397.44 rows=100 width=121)
	              Index Cond: ((id >= 3483261) AND (id <= 3483360))

table 4 : explain SELECT DISTINCT c FROM sbtest4 WHERE id BETWEEN 7577938 AND 7578037 ORDER BY c
	Unique  (cost=414.59..415.11 rows=103 width=121)
	  ->  Sort  (cost=414.59..414.85 rows=103 width=121)
	        Sort Key: c
	        ->  Index Scan using sbtest4_pkey on sbtest4  (cost=0.43..411.15 rows=103 width=121)
	              Index Cond: ((id >= 7577938) AND (id <= 7578037))

table 5 : explain SELECT DISTINCT c FROM sbtest5 WHERE id BETWEEN 9763769 AND 9763868 ORDER BY c
	Unique  (cost=405.13..405.63 rows=101 width=121)
	  ->  Sort  (cost=405.13..405.38 rows=101 width=121)
	        Sort Key: c
	        ->  Index Scan using sbtest5_pkey on sbtest5  (cost=0.43..401.76 rows=101 width=121)
	              Index Cond: ((id >= 9763769) AND (id <= 9763868))

table 6 : explain SELECT DISTINCT c FROM sbtest6 WHERE id BETWEEN 9974039 AND 9974138 ORDER BY c
	Unique  (cost=388.79..389.27 rows=97 width=121)
	  ->  Sort  (cost=388.79..389.03 rows=97 width=121)
	        Sort Key: c
	        ->  Index Scan using sbtest6_pkey on sbtest6  (cost=0.43..385.59 rows=97 width=121)
	              Index Cond: ((id >= 9974039) AND (id <= 9974138))

table 7 : explain SELECT DISTINCT c FROM sbtest7 WHERE id BETWEEN 9692576 AND 9692675 ORDER BY c
	Unique  (cost=408.49..409.00 rows=102 width=121)
	  ->  Sort  (cost=408.49..408.75 rows=102 width=121)
	        Sort Key: c
	        ->  Index Scan using sbtest7_pkey on sbtest7  (cost=0.43..405.09 rows=102 width=121)
	              Index Cond: ((id >= 9692576) AND (id <= 9692675))

table 8 : explain SELECT DISTINCT c FROM sbtest8 WHERE id BETWEEN 626527 AND 626626 ORDER BY c
	Unique  (cost=424.31..424.84 rows=106 width=121)
	  ->  Sort  (cost=424.31..424.57 rows=106 width=121)
	        Sort Key: c
	        ->  Index Scan using sbtest8_pkey on sbtest8  (cost=0.43..420.74 rows=106 width=121)
	              Index Cond: ((id >= 626527) AND (id <= 626626))

for: distinct_ranges
table 1 : explain SELECT DISTINCT c FROM sbtest1 WHERE id BETWEEN 2423166 AND 2423265 ORDER BY c
	Unique  (cost=440.35..440.90 rows=110 width=121)
	  ->  Sort  (cost=440.35..440.63 rows=110 width=121)
	        Sort Key: c
	        ->  Index Scan using sbtest1_pkey on sbtest1  (cost=0.43..436.62 rows=110 width=121)
	              Index Cond: ((id >= 2423166) AND (id <= 2423265))

table 2 : explain SELECT DISTINCT c FROM sbtest2 WHERE id BETWEEN 2305516 AND 2305615 ORDER BY c
	Unique  (cost=397.52..398.02 rows=99 width=121)
	  ->  Sort  (cost=397.52..397.77 rows=99 width=121)
	        Sort Key: c
	        ->  Index Scan using sbtest2_pkey on sbtest2  (cost=0.43..394.24 rows=99 width=121)
	              Index Cond: ((id >= 2305516) AND (id <= 2305615))

table 3 : explain SELECT DISTINCT c FROM sbtest3 WHERE id BETWEEN 2347688 AND 2347787 ORDER BY c
	Unique  (cost=432.51..433.05 rows=108 width=121)
	  ->  Sort  (cost=432.51..432.78 rows=108 width=121)
	        Sort Key: c
	        ->  Index Scan using sbtest3_pkey on sbtest3  (cost=0.43..428.86 rows=108 width=121)
	              Index Cond: ((id >= 2347688) AND (id <= 2347787))

table 4 : explain SELECT DISTINCT c FROM sbtest4 WHERE id BETWEEN 6432151 AND 6432250 ORDER BY c
	Unique  (cost=414.59..415.11 rows=103 width=121)
	  ->  Sort  (cost=414.59..414.85 rows=103 width=121)
	        Sort Key: c
	        ->  Index Scan using sbtest4_pkey on sbtest4  (cost=0.43..411.15 rows=103 width=121)
	              Index Cond: ((id >= 6432151) AND (id <= 6432250))

table 5 : explain SELECT DISTINCT c FROM sbtest5 WHERE id BETWEEN 4595918 AND 4596017 ORDER BY c
	Unique  (cost=428.97..429.50 rows=107 width=121)
	  ->  Sort  (cost=428.97..429.23 rows=107 width=121)
	        Sort Key: c
	        ->  Index Scan using sbtest5_pkey on sbtest5  (cost=0.43..425.36 rows=107 width=121)
	              Index Cond: ((id >= 4595918) AND (id <= 4596017))

table 6 : explain SELECT DISTINCT c FROM sbtest6 WHERE id BETWEEN 658561 AND 658660 ORDER BY c
	Unique  (cost=372.92..373.38 rows=93 width=121)
	  ->  Sort  (cost=372.92..373.15 rows=93 width=121)
	        Sort Key: c
	        ->  Index Scan using sbtest6_pkey on sbtest6  (cost=0.43..369.88 rows=93 width=121)
	              Index Cond: ((id >= 658561) AND (id <= 658660))

table 7 : explain SELECT DISTINCT c FROM sbtest7 WHERE id BETWEEN 3921381 AND 3921480 ORDER BY c
	Unique  (cost=380.73..381.20 rows=95 width=121)
	  ->  Sort  (cost=380.73..380.96 rows=95 width=121)
	        Sort Key: c
	        ->  Index Scan using sbtest7_pkey on sbtest7  (cost=0.43..377.61 rows=95 width=121)
	              Index Cond: ((id >= 3921381) AND (id <= 3921480))

table 8 : explain SELECT DISTINCT c FROM sbtest8 WHERE id BETWEEN 4309299 AND 4309398 ORDER BY c
	Unique  (cost=416.37..416.89 rows=104 width=121)
	  ->  Sort  (cost=416.37..416.63 rows=104 width=121)
	        Sort Key: c
	        ->  Index Scan using sbtest8_pkey on sbtest8  (cost=0.43..412.89 rows=104 width=121)
	              Index Cond: ((id >= 4309299) AND (id <= 4309398))

for: distinct_ranges
table 1 : explain SELECT DISTINCT c FROM sbtest1 WHERE id BETWEEN 4871621 AND 4871720 ORDER BY c
	Unique  (cost=353.04..353.48 rows=88 width=121)
	  ->  Sort  (cost=353.04..353.26 rows=88 width=121)
	        Sort Key: c
	        ->  Index Scan using sbtest1_pkey on sbtest1  (cost=0.43..350.19 rows=88 width=121)
	              Index Cond: ((id >= 4871621) AND (id <= 4871720))

table 2 : explain SELECT DISTINCT c FROM sbtest2 WHERE id BETWEEN 4527804 AND 4527903 ORDER BY c
	Unique  (cost=417.40..417.92 rows=104 width=121)
	  ->  Sort  (cost=417.40..417.66 rows=104 width=121)
	        Sort Key: c
	        ->  Index Scan using sbtest2_pkey on sbtest2  (cost=0.43..413.92 rows=104 width=121)
	              Index Cond: ((id >= 4527804) AND (id <= 4527903))

table 3 : explain SELECT DISTINCT c FROM sbtest3 WHERE id BETWEEN 5334897 AND 5334996 ORDER BY c
	Unique  (cost=392.82..393.31 rows=98 width=121)
	  ->  Sort  (cost=392.82..393.07 rows=98 width=121)
	        Sort Key: c
	        ->  Index Scan using sbtest3_pkey on sbtest3  (cost=0.43..389.58 rows=98 width=121)
	              Index Cond: ((id >= 5334897) AND (id <= 5334996))

table 4 : explain SELECT DISTINCT c FROM sbtest4 WHERE id BETWEEN 6153704 AND 6153803 ORDER BY c
	Unique  (cost=442.51..443.06 rows=110 width=121)
	  ->  Sort  (cost=442.51..442.79 rows=110 width=121)
	        Sort Key: c
	        ->  Index Scan using sbtest4_pkey on sbtest4  (cost=0.43..438.78 rows=110 width=121)
	              Index Cond: ((id >= 6153704) AND (id <= 6153803))

table 5 : explain SELECT DISTINCT c FROM sbtest5 WHERE id BETWEEN 5513064 AND 5513163 ORDER BY c
	Unique  (cost=389.24..389.72 rows=97 width=121)
	  ->  Sort  (cost=389.24..389.48 rows=97 width=121)
	        Sort Key: c
	        ->  Index Scan using sbtest5_pkey on sbtest5  (cost=0.43..386.03 rows=97 width=121)
	              Index Cond: ((id >= 5513064) AND (id <= 5513163))

table 6 : explain SELECT DISTINCT c FROM sbtest6 WHERE id BETWEEN 9285825 AND 9285924 ORDER BY c
	Unique  (cost=424.50..425.03 rows=106 width=121)
	  ->  Sort  (cost=424.50..424.77 rows=106 width=121)
	        Sort Key: c
	        ->  Index Scan using sbtest6_pkey on sbtest6  (cost=0.43..420.94 rows=106 width=121)
	              Index Cond: ((id >= 9285825) AND (id <= 9285924))

table 7 : explain SELECT DISTINCT c FROM sbtest7 WHERE id BETWEEN 5676885 AND 5676984 ORDER BY c
	Unique  (cost=396.59..397.09 rows=99 width=121)
	  ->  Sort  (cost=396.59..396.84 rows=99 width=121)
	        Sort Key: c
	        ->  Index Scan using sbtest7_pkey on sbtest7  (cost=0.43..393.31 rows=99 width=121)
	              Index Cond: ((id >= 5676885) AND (id <= 5676984))

table 8 : explain SELECT DISTINCT c FROM sbtest8 WHERE id BETWEEN 8527412 AND 8527511 ORDER BY c
	Unique  (cost=428.27..428.81 rows=107 width=121)
	  ->  Sort  (cost=428.27..428.54 rows=107 width=121)
	        Sort Key: c
	        ->  Index Scan using sbtest8_pkey on sbtest8  (cost=0.43..424.67 rows=107 width=121)
	              Index Cond: ((id >= 8527412) AND (id <= 8527511))

Threads started!

Warming up for 5 seconds...

SQL statistics:
    queries performed:
        read:                            259402787
        write:                           0
        other:                           37057555
        total:                           296460342
    transactions:                        18528797 (29410.43 per sec.)
    queries:                             296460342 (470566.24 per sec.)
    ignored errors:                      0      (0.00 per sec.)
    reconnects:                          0      (0.00 per sec.)

Throughput:
    events/s (eps):                      29410.4307
    time elapsed:                        630.0078s
    total number of events:              18528797

Latency (ms):
         min:                                    1.09
         avg:                                    1.36
         max:                                   17.43
         95th percentile:                        1.42
         sum:                             25182351.28

Threads fairness:
    events (avg/stddev):           463219.4750/2146.41
    execution time (avg/stddev):   629.5588/0.01

