LUA_PATH=/home/mdcallag/git/mytools/bench/sysbench.lua/lua/?.lua /home/mdcallag/git/mytools/bench/sysbench.lua/lua/sysbench --db-driver=pgsql --range-size=10 --table-size=10000000 --tables=8 --threads=40 --events=0 --warmup-time=5 --time=930 --pgsql_conn_id=true /home/mdcallag/git/mytools/bench/sysbench.lua/lua/oltp_read_write.lua run --pgsql-user=root --pgsql-password=pw --pgsql-host=127.0.0.1 --pgsql-db=ib --rand-type=uniform
48 CPUs
sysbench 1.1.0-9072687 (using bundled LuaJIT 2.1.0-beta3)

Running the test with following options:
Number of threads: 40
Warmup time: 5s
Initializing random number generator from current time


Initializing worker threads...

explain: for point_selects :: explain SELECT c FROM sbtest%u WHERE id=%u
explain: for point_selects :: explain SELECT c FROM sbtest%u WHERE id=%u
explain: for point_selects :: explain SELECT c FROM sbtest%u WHERE id=%u
for point_selects
table 1 : explain SELECT c FROM sbtest1 WHERE id=9311912
	Index Scan using sbtest1_pkey on sbtest1  (cost=0.43..8.45 rows=1 width=121)
	  Index Cond: (id = 9311912)

table 2 : explain SELECT c FROM sbtest2 WHERE id=5615707
	Index Scan using sbtest2_pkey on sbtest2  (cost=0.43..8.45 rows=1 width=121)
	  Index Cond: (id = 5615707)

table 3 : explain SELECT c FROM sbtest3 WHERE id=3119591
	Index Scan using sbtest3_pkey on sbtest3  (cost=0.43..8.45 rows=1 width=121)
	  Index Cond: (id = 3119591)

table 4 : explain SELECT c FROM sbtest4 WHERE id=1807003
	Index Scan using sbtest4_pkey on sbtest4  (cost=0.43..8.45 rows=1 width=121)
	  Index Cond: (id = 1807003)

table 5 : explain SELECT c FROM sbtest5 WHERE id=9516961
	Index Scan using sbtest5_pkey on sbtest5  (cost=0.43..8.45 rows=1 width=121)
	  Index Cond: (id = 9516961)

table 6 : explain SELECT c FROM sbtest6 WHERE id=3974787
	Index Scan using sbtest6_pkey on sbtest6  (cost=0.43..8.45 rows=1 width=121)
	  Index Cond: (id = 3974787)

table 7 : explain SELECT c FROM sbtest7 WHERE id=828666
	Index Scan using sbtest7_pkey on sbtest7  (cost=0.43..8.45 rows=1 width=121)
	  Index Cond: (id = 828666)

table 8 : explain SELECT c FROM sbtest8 WHERE id=808837
	Index Scan using sbtest8_pkey on sbtest8  (cost=0.43..8.45 rows=1 width=121)
	  Index Cond: (id = 808837)

for point_selects
table 1 : explain SELECT c FROM sbtest1 WHERE id=822812
	Index Scan using sbtest1_pkey on sbtest1  (cost=0.43..8.45 rows=1 width=121)
	  Index Cond: (id = 822812)

table 2 : explain SELECT c FROM sbtest2 WHERE id=90738
	Index Scan using sbtest2_pkey on sbtest2  (cost=0.43..8.45 rows=1 width=121)
	  Index Cond: (id = 90738)

table 3 : explain SELECT c FROM sbtest3 WHERE id=5660274
	Index Scan using sbtest3_pkey on sbtest3  (cost=0.43..8.45 rows=1 width=121)
	  Index Cond: (id = 5660274)

table 4 : explain SELECT c FROM sbtest4 WHERE id=7004615
	Index Scan using sbtest4_pkey on sbtest4  (cost=0.43..8.45 rows=1 width=121)
	  Index Cond: (id = 7004615)

table 5 : explain SELECT c FROM sbtest5 WHERE id=3406442
	Index Scan using sbtest5_pkey on sbtest5  (cost=0.43..8.45 rows=1 width=121)
	  Index Cond: (id = 3406442)

table 6 : explain SELECT c FROM sbtest6 WHERE id=8644989
	Index Scan using sbtest6_pkey on sbtest6  (cost=0.43..8.45 rows=1 width=121)
	  Index Cond: (id = 8644989)

table 7 : explain SELECT c FROM sbtest7 WHERE id=2311630
	Index Scan using sbtest7_pkey on sbtest7  (cost=0.43..8.45 rows=1 width=121)
	  Index Cond: (id = 2311630)

table 8 : explain SELECT c FROM sbtest8 WHERE id=3163418
	Index Scan using sbtest8_pkey on sbtest8  (cost=0.43..8.45 rows=1 width=121)
	  Index Cond: (id = 3163418)

for point_selects
table 1 : explain SELECT c FROM sbtest1 WHERE id=932335
	Index Scan using sbtest1_pkey on sbtest1  (cost=0.43..8.45 rows=1 width=121)
	  Index Cond: (id = 932335)

table 2 : explain SELECT c FROM sbtest2 WHERE id=9837658
	Index Scan using sbtest2_pkey on sbtest2  (cost=0.43..8.45 rows=1 width=121)
	  Index Cond: (id = 9837658)

table 3 : explain SELECT c FROM sbtest3 WHERE id=2833297
	Index Scan using sbtest3_pkey on sbtest3  (cost=0.43..8.45 rows=1 width=121)
	  Index Cond: (id = 2833297)

table 4 : explain SELECT c FROM sbtest4 WHERE id=6865257
	Index Scan using sbtest4_pkey on sbtest4  (cost=0.43..8.45 rows=1 width=121)
	  Index Cond: (id = 6865257)

table 5 : explain SELECT c FROM sbtest5 WHERE id=54254
	Index Scan using sbtest5_pkey on sbtest5  (cost=0.43..8.45 rows=1 width=121)
	  Index Cond: (id = 54254)

table 6 : explain SELECT c FROM sbtest6 WHERE id=9094674
	Index Scan using sbtest6_pkey on sbtest6  (cost=0.43..8.45 rows=1 width=121)
	  Index Cond: (id = 9094674)

table 7 : explain SELECT c FROM sbtest7 WHERE id=327598
	Index Scan using sbtest7_pkey on sbtest7  (cost=0.43..8.45 rows=1 width=121)
	  Index Cond: (id = 327598)

table 8 : explain SELECT c FROM sbtest8 WHERE id=6575473
	Index Scan using sbtest8_pkey on sbtest8  (cost=0.43..8.45 rows=1 width=121)
	  Index Cond: (id = 6575473)

for: simple_ranges
table 1 : explain SELECT c FROM sbtest1 WHERE id BETWEEN 2946906 AND 2946915
	Index Scan using sbtest1_pkey on sbtest1  (cost=0.43..36.13 rows=9 width=121)
	  Index Cond: ((id >= 2946906) AND (id <= 2946915))

table 2 : explain SELECT c FROM sbtest2 WHERE id BETWEEN 6373544 AND 6373553
	Index Scan using sbtest2_pkey on sbtest2  (cost=0.43..39.48 rows=10 width=121)
	  Index Cond: ((id >= 6373544) AND (id <= 6373553))

table 3 : explain SELECT c FROM sbtest3 WHERE id BETWEEN 5750173 AND 5750182
	Index Scan using sbtest3_pkey on sbtest3  (cost=0.43..39.21 rows=10 width=121)
	  Index Cond: ((id >= 5750173) AND (id <= 5750182))

table 4 : explain SELECT c FROM sbtest4 WHERE id BETWEEN 1901246 AND 1901255
	Index Scan using sbtest4_pkey on sbtest4  (cost=0.43..39.35 rows=10 width=121)
	  Index Cond: ((id >= 1901246) AND (id <= 1901255))

table 5 : explain SELECT c FROM sbtest5 WHERE id BETWEEN 1511818 AND 1511827
	Index Scan using sbtest5_pkey on sbtest5  (cost=0.43..39.51 rows=10 width=121)
	  Index Cond: ((id >= 1511818) AND (id <= 1511827))

table 6 : explain SELECT c FROM sbtest6 WHERE id BETWEEN 8063217 AND 8063226
	Index Scan using sbtest6_pkey on sbtest6  (cost=0.43..39.37 rows=10 width=121)
	  Index Cond: ((id >= 8063217) AND (id <= 8063226))

table 7 : explain SELECT c FROM sbtest7 WHERE id BETWEEN 1261850 AND 1261859
	Index Scan using sbtest7_pkey on sbtest7  (cost=0.43..39.33 rows=10 width=121)
	  Index Cond: ((id >= 1261850) AND (id <= 1261859))

table 8 : explain SELECT c FROM sbtest8 WHERE id BETWEEN 3683715 AND 3683724
	Index Scan using sbtest8_pkey on sbtest8  (cost=0.43..39.11 rows=10 width=121)
	  Index Cond: ((id >= 3683715) AND (id <= 3683724))

for: simple_ranges
table 1 : explain SELECT c FROM sbtest1 WHERE id BETWEEN 2701953 AND 2701962
	Index Scan using sbtest1_pkey on sbtest1  (cost=0.43..36.13 rows=9 width=121)
	  Index Cond: ((id >= 2701953) AND (id <= 2701962))

table 2 : explain SELECT c FROM sbtest2 WHERE id BETWEEN 1542183 AND 1542192
	Index Scan using sbtest2_pkey on sbtest2  (cost=0.43..42.92 rows=11 width=121)
	  Index Cond: ((id >= 1542183) AND (id <= 1542192))

table 3 : explain SELECT c FROM sbtest3 WHERE id BETWEEN 4978677 AND 4978686
	Index Scan using sbtest3_pkey on sbtest3  (cost=0.43..42.62 rows=11 width=121)
	  Index Cond: ((id >= 4978677) AND (id <= 4978686))

table 4 : explain SELECT c FROM sbtest4 WHERE id BETWEEN 2465598 AND 2465607
	Index Scan using sbtest4_pkey on sbtest4  (cost=0.43..35.92 rows=9 width=121)
	  Index Cond: ((id >= 2465598) AND (id <= 2465607))

table 5 : explain SELECT c FROM sbtest5 WHERE id BETWEEN 9145327 AND 9145336
	Index Scan using sbtest5_pkey on sbtest5  (cost=0.43..36.06 rows=9 width=121)
	  Index Cond: ((id >= 9145327) AND (id <= 9145336))

table 6 : explain SELECT c FROM sbtest6 WHERE id BETWEEN 4731732 AND 4731741
	Index Scan using sbtest6_pkey on sbtest6  (cost=0.43..39.37 rows=10 width=121)
	  Index Cond: ((id >= 4731732) AND (id <= 4731741))

table 7 : explain SELECT c FROM sbtest7 WHERE id BETWEEN 2123795 AND 2123804
	Index Scan using sbtest7_pkey on sbtest7  (cost=0.43..39.33 rows=10 width=121)
	  Index Cond: ((id >= 2123795) AND (id <= 2123804))

table 8 : explain SELECT c FROM sbtest8 WHERE id BETWEEN 3474266 AND 3474275
	Index Scan using sbtest8_pkey on sbtest8  (cost=0.43..39.11 rows=10 width=121)
	  Index Cond: ((id >= 3474266) AND (id <= 3474275))

for: simple_ranges
table 1 : explain SELECT c FROM sbtest1 WHERE id BETWEEN 3365810 AND 3365819
	Index Scan using sbtest1_pkey on sbtest1  (cost=0.43..39.59 rows=10 width=121)
	  Index Cond: ((id >= 3365810) AND (id <= 3365819))

table 2 : explain SELECT c FROM sbtest2 WHERE id BETWEEN 1837693 AND 1837702
	Index Scan using sbtest2_pkey on sbtest2  (cost=0.43..39.48 rows=10 width=121)
	  Index Cond: ((id >= 1837693) AND (id <= 1837702))

table 3 : explain SELECT c FROM sbtest3 WHERE id BETWEEN 5907085 AND 5907094
	Index Scan using sbtest3_pkey on sbtest3  (cost=0.43..42.62 rows=11 width=121)
	  Index Cond: ((id >= 5907085) AND (id <= 5907094))

table 4 : explain SELECT c FROM sbtest4 WHERE id BETWEEN 6914576 AND 6914585
	Index Scan using sbtest4_pkey on sbtest4  (cost=0.43..39.35 rows=10 width=121)
	  Index Cond: ((id >= 6914576) AND (id <= 6914585))

table 5 : explain SELECT c FROM sbtest5 WHERE id BETWEEN 3860226 AND 3860235
	Index Scan using sbtest5_pkey on sbtest5  (cost=0.43..36.06 rows=9 width=121)
	  Index Cond: ((id >= 3860226) AND (id <= 3860235))

table 6 : explain SELECT c FROM sbtest6 WHERE id BETWEEN 6108200 AND 6108209
	Index Scan using sbtest6_pkey on sbtest6  (cost=0.43..39.37 rows=10 width=121)
	  Index Cond: ((id >= 6108200) AND (id <= 6108209))

table 7 : explain SELECT c FROM sbtest7 WHERE id BETWEEN 4097372 AND 4097381
	Index Scan using sbtest7_pkey on sbtest7  (cost=0.43..35.90 rows=9 width=121)
	  Index Cond: ((id >= 4097372) AND (id <= 4097381))

table 8 : explain SELECT c FROM sbtest8 WHERE id BETWEEN 7378461 AND 7378470
	Index Scan using sbtest8_pkey on sbtest8  (cost=0.43..39.11 rows=10 width=121)
	  Index Cond: ((id >= 7378461) AND (id <= 7378470))

for: sum_ranges
table 1 : explain SELECT SUM(k) FROM sbtest1 WHERE id BETWEEN 7181552 AND 7181561
	Aggregate  (cost=43.08..43.09 rows=1 width=8)
	  ->  Index Scan using sbtest1_pkey on sbtest1  (cost=0.43..43.05 rows=11 width=4)
	        Index Cond: ((id >= 7181552) AND (id <= 7181561))

table 2 : explain SELECT SUM(k) FROM sbtest2 WHERE id BETWEEN 1544896 AND 1544905
	Aggregate  (cost=42.95..42.96 rows=1 width=8)
	  ->  Index Scan using sbtest2_pkey on sbtest2  (cost=0.43..42.92 rows=11 width=4)
	        Index Cond: ((id >= 1544896) AND (id <= 1544905))

table 3 : explain SELECT SUM(k) FROM sbtest3 WHERE id BETWEEN 8380215 AND 8380224
	Aggregate  (cost=39.23..39.24 rows=1 width=8)
	  ->  Index Scan using sbtest3_pkey on sbtest3  (cost=0.43..39.21 rows=10 width=4)
	        Index Cond: ((id >= 8380215) AND (id <= 8380224))

table 4 : explain SELECT SUM(k) FROM sbtest4 WHERE id BETWEEN 415396 AND 415405
	Aggregate  (cost=39.38..39.39 rows=1 width=8)
	  ->  Index Scan using sbtest4_pkey on sbtest4  (cost=0.43..39.35 rows=10 width=4)
	        Index Cond: ((id >= 415396) AND (id <= 415405))

table 5 : explain SELECT SUM(k) FROM sbtest5 WHERE id BETWEEN 6955936 AND 6955945
	Aggregate  (cost=39.53..39.54 rows=1 width=8)
	  ->  Index Scan using sbtest5_pkey on sbtest5  (cost=0.43..39.51 rows=10 width=4)
	        Index Cond: ((id >= 6955936) AND (id <= 6955945))

table 6 : explain SELECT SUM(k) FROM sbtest6 WHERE id BETWEEN 8531540 AND 8531549
	Aggregate  (cost=42.84..42.85 rows=1 width=8)
	  ->  Index Scan using sbtest6_pkey on sbtest6  (cost=0.43..42.81 rows=11 width=4)
	        Index Cond: ((id >= 8531540) AND (id <= 8531549))

table 7 : explain SELECT SUM(k) FROM sbtest7 WHERE id BETWEEN 1068083 AND 1068092
	Aggregate  (cost=42.78..42.79 rows=1 width=8)
	  ->  Index Scan using sbtest7_pkey on sbtest7  (cost=0.43..42.76 rows=11 width=4)
	        Index Cond: ((id >= 1068083) AND (id <= 1068092))

table 8 : explain SELECT SUM(k) FROM sbtest8 WHERE id BETWEEN 2909534 AND 2909543
	Aggregate  (cost=42.54..42.55 rows=1 width=8)
	  ->  Index Scan using sbtest8_pkey on sbtest8  (cost=0.43..42.51 rows=11 width=4)
	        Index Cond: ((id >= 2909534) AND (id <= 2909543))

for: sum_ranges
table 1 : explain SELECT SUM(k) FROM sbtest1 WHERE id BETWEEN 5628850 AND 5628859
	Aggregate  (cost=43.08..43.09 rows=1 width=8)
	  ->  Index Scan using sbtest1_pkey on sbtest1  (cost=0.43..43.05 rows=11 width=4)
	        Index Cond: ((id >= 5628850) AND (id <= 5628859))

table 2 : explain SELECT SUM(k) FROM sbtest2 WHERE id BETWEEN 5917032 AND 5917041
	Aggregate  (cost=39.50..39.51 rows=1 width=8)
	  ->  Index Scan using sbtest2_pkey on sbtest2  (cost=0.43..39.48 rows=10 width=4)
	        Index Cond: ((id >= 5917032) AND (id <= 5917041))

table 3 : explain SELECT SUM(k) FROM sbtest3 WHERE id BETWEEN 1644301 AND 1644310
	Aggregate  (cost=39.23..39.24 rows=1 width=8)
	  ->  Index Scan using sbtest3_pkey on sbtest3  (cost=0.43..39.21 rows=10 width=4)
	        Index Cond: ((id >= 1644301) AND (id <= 1644310))

table 4 : explain SELECT SUM(k) FROM sbtest4 WHERE id BETWEEN 7804538 AND 7804547
	Aggregate  (cost=39.38..39.39 rows=1 width=8)
	  ->  Index Scan using sbtest4_pkey on sbtest4  (cost=0.43..39.35 rows=10 width=4)
	        Index Cond: ((id >= 7804538) AND (id <= 7804547))

table 5 : explain SELECT SUM(k) FROM sbtest5 WHERE id BETWEEN 4289483 AND 4289492
	Aggregate  (cost=39.53..39.54 rows=1 width=8)
	  ->  Index Scan using sbtest5_pkey on sbtest5  (cost=0.43..39.51 rows=10 width=4)
	        Index Cond: ((id >= 4289483) AND (id <= 4289492))

table 6 : explain SELECT SUM(k) FROM sbtest6 WHERE id BETWEEN 2011183 AND 2011192
	Aggregate  (cost=39.40..39.41 rows=1 width=8)
	  ->  Index Scan using sbtest6_pkey on sbtest6  (cost=0.43..39.37 rows=10 width=4)
	        Index Cond: ((id >= 2011183) AND (id <= 2011192))

table 7 : explain SELECT SUM(k) FROM sbtest7 WHERE id BETWEEN 8584257 AND 8584266
	Aggregate  (cost=39.35..39.36 rows=1 width=8)
	  ->  Index Scan using sbtest7_pkey on sbtest7  (cost=0.43..39.33 rows=10 width=4)
	        Index Cond: ((id >= 8584257) AND (id <= 8584266))

table 8 : explain SELECT SUM(k) FROM sbtest8 WHERE id BETWEEN 8127828 AND 8127837
	Aggregate  (cost=39.13..39.14 rows=1 width=8)
	  ->  Index Scan using sbtest8_pkey on sbtest8  (cost=0.43..39.11 rows=10 width=4)
	        Index Cond: ((id >= 8127828) AND (id <= 8127837))

for: order_ranges
table 1 : explain SELECT c FROM sbtest1 WHERE id BETWEEN 5792983 AND 5792992 ORDER BY c
	Sort  (cost=43.24..43.27 rows=11 width=121)
	  Sort Key: c
	  ->  Index Scan using sbtest1_pkey on sbtest1  (cost=0.43..43.05 rows=11 width=121)
	        Index Cond: ((id >= 5792983) AND (id <= 5792992))

table 2 : explain SELECT c FROM sbtest2 WHERE id BETWEEN 4403048 AND 4403057 ORDER BY c
	Sort  (cost=43.11..43.14 rows=11 width=121)
	  Sort Key: c
	  ->  Index Scan using sbtest2_pkey on sbtest2  (cost=0.43..42.92 rows=11 width=121)
	        Index Cond: ((id >= 4403048) AND (id <= 4403057))

table 3 : explain SELECT c FROM sbtest3 WHERE id BETWEEN 4995438 AND 4995447 ORDER BY c
	Sort  (cost=42.81..42.84 rows=11 width=121)
	  Sort Key: c
	  ->  Index Scan using sbtest3_pkey on sbtest3  (cost=0.43..42.62 rows=11 width=121)
	        Index Cond: ((id >= 4995438) AND (id <= 4995447))

table 4 : explain SELECT c FROM sbtest4 WHERE id BETWEEN 20119 AND 20128 ORDER BY c
	Sort  (cost=39.52..39.54 rows=10 width=121)
	  Sort Key: c
	  ->  Index Scan using sbtest4_pkey on sbtest4  (cost=0.43..39.35 rows=10 width=121)
	        Index Cond: ((id >= 20119) AND (id <= 20128))

table 5 : explain SELECT c FROM sbtest5 WHERE id BETWEEN 4826367 AND 4826376 ORDER BY c
	Sort  (cost=39.68..39.70 rows=10 width=121)
	  Sort Key: c
	  ->  Index Scan using sbtest5_pkey on sbtest5  (cost=0.43..39.51 rows=10 width=121)
	        Index Cond: ((id >= 4826367) AND (id <= 4826376))

table 6 : explain SELECT c FROM sbtest6 WHERE id BETWEEN 7928768 AND 7928777 ORDER BY c
	Sort  (cost=36.08..36.10 rows=9 width=121)
	  Sort Key: c
	  ->  Index Scan using sbtest6_pkey on sbtest6  (cost=0.43..35.94 rows=9 width=121)
	        Index Cond: ((id >= 7928768) AND (id <= 7928777))

table 7 : explain SELECT c FROM sbtest7 WHERE id BETWEEN 8857189 AND 8857198 ORDER BY c
	Sort  (cost=39.49..39.52 rows=10 width=121)
	  Sort Key: c
	  ->  Index Scan using sbtest7_pkey on sbtest7  (cost=0.43..39.33 rows=10 width=121)
	        Index Cond: ((id >= 8857189) AND (id <= 8857198))

table 8 : explain SELECT c FROM sbtest8 WHERE id BETWEEN 8766685 AND 8766694 ORDER BY c
	Sort  (cost=35.84..35.87 rows=9 width=121)
	  Sort Key: c
	  ->  Index Scan using sbtest8_pkey on sbtest8  (cost=0.43..35.70 rows=9 width=121)
	        Index Cond: ((id >= 8766685) AND (id <= 8766694))

explain: for point_selects :: explain SELECT c FROM sbtest%u WHERE id=%u
for point_selects
table 1 : explain SELECT c FROM sbtest1 WHERE id=569892
	Index Scan using sbtest1_pkey on sbtest1  (cost=0.43..8.45 rows=1 width=121)
	  Index Cond: (id = 569892)

table 2 : explain SELECT c FROM sbtest2 WHERE id=1882186
	Index Scan using sbtest2_pkey on sbtest2  (cost=0.43..8.45 rows=1 width=121)
	  Index Cond: (id = 1882186)

table 3 : explain SELECT c FROM sbtest3 WHERE id=514686
	Index Scan using sbtest3_pkey on sbtest3  (cost=0.43..8.45 rows=1 width=121)
	  Index Cond: (id = 514686)

table 4 : explain SELECT c FROM sbtest4 WHERE id=508733
	Index Scan using sbtest4_pkey on sbtest4  (cost=0.43..8.45 rows=1 width=121)
	  Index Cond: (id = 508733)

table 5 : explain SELECT c FROM sbtest5 WHERE id=5713204
	Index Scan using sbtest5_pkey on sbtest5  (cost=0.43..8.45 rows=1 width=121)
	  Index Cond: (id = 5713204)

table 6 : explain SELECT c FROM sbtest6 WHERE id=5173213
	Index Scan using sbtest6_pkey on sbtest6  (cost=0.43..8.45 rows=1 width=121)
	  Index Cond: (id = 5173213)

table 7 : explain SELECT c FROM sbtest7 WHERE id=831193
	Index Scan using sbtest7_pkey on sbtest7  (cost=0.43..8.45 rows=1 width=121)
	  Index Cond: (id = 831193)

table 8 : explain SELECT c FROM sbtest8 WHERE id=7862984
	Index Scan using sbtest8_pkey on sbtest8  (cost=0.43..8.45 rows=1 width=121)
	  Index Cond: (id = 7862984)

explain: for point_selects :: explain SELECT c FROM sbtest%u WHERE id=%u
for: sum_ranges
table 1 : explain SELECT SUM(k) FROM sbtest1 WHERE id BETWEEN 1346046 AND 1346055
	Aggregate  (cost=36.16..36.17 rows=1 width=8)
	  ->  Index Scan using sbtest1_pkey on sbtest1  (cost=0.43..36.13 rows=9 width=4)
	        Index Cond: ((id >= 1346046) AND (id <= 1346055))

table 2 : explain SELECT SUM(k) FROM sbtest2 WHERE id BETWEEN 2525564 AND 2525573
	Aggregate  (cost=39.50..39.51 rows=1 width=8)
	  ->  Index Scan using sbtest2_pkey on sbtest2  (cost=0.43..39.48 rows=10 width=4)
	        Index Cond: ((id >= 2525564) AND (id <= 2525573))

table 3 : explain SELECT SUM(k) FROM sbtest3 WHERE id BETWEEN 5896197 AND 5896206
	Aggregate  (cost=42.65..42.66 rows=1 width=8)
	  ->  Index Scan using sbtest3_pkey on sbtest3  (cost=0.43..42.62 rows=11 width=4)
	        Index Cond: ((id >= 5896197) AND (id <= 5896206))

table 4 : explain SELECT SUM(k) FROM sbtest4 WHERE id BETWEEN 994072 AND 994081
	Aggregate  (cost=39.38..39.39 rows=1 width=8)
	  ->  Index Scan using sbtest4_pkey on sbtest4  (cost=0.43..39.35 rows=10 width=4)
	        Index Cond: ((id >= 994072) AND (id <= 994081))

table 5 : explain SELECT SUM(k) FROM sbtest5 WHERE id BETWEEN 2932362 AND 2932371
	Aggregate  (cost=39.53..39.54 rows=1 width=8)
	  ->  Index Scan using sbtest5_pkey on sbtest5  (cost=0.43..39.51 rows=10 width=4)
	        Index Cond: ((id >= 2932362) AND (id <= 2932371))

table 6 : explain SELECT SUM(k) FROM sbtest6 WHERE id BETWEEN 1555730 AND 1555739
	Aggregate  (cost=42.84..42.85 rows=1 width=8)
	  ->  Index Scan using sbtest6_pkey on sbtest6  (cost=0.43..42.81 rows=11 width=4)
	        Index Cond: ((id >= 1555730) AND (id <= 1555739))

table 7 : explain SELECT SUM(k) FROM sbtest7 WHERE id BETWEEN 9376 AND 9385
	Aggregate  (cost=35.92..35.93 rows=1 width=8)
	  ->  Index Scan using sbtest7_pkey on sbtest7  (cost=0.43..35.90 rows=9 width=4)
	        Index Cond: ((id >= 9376) AND (id <= 9385))

table 8 : explain SELECT SUM(k) FROM sbtest8 WHERE id BETWEEN 4516326 AND 4516335
	Aggregate  (cost=35.72..35.73 rows=1 width=8)
	  ->  Index Scan using sbtest8_pkey on sbtest8  (cost=0.43..35.70 rows=9 width=4)
	        Index Cond: ((id >= 4516326) AND (id <= 4516335))

for: order_ranges
table 1 : explain SELECT c FROM sbtest1 WHERE id BETWEEN 789120 AND 789129 ORDER BY c
	Sort  (cost=39.76..39.78 rows=10 width=121)
	  Sort Key: c
	  ->  Index Scan using sbtest1_pkey on sbtest1  (cost=0.43..39.59 rows=10 width=121)
	        Index Cond: ((id >= 789120) AND (id <= 789129))

table 2 : explain SELECT c FROM sbtest2 WHERE id BETWEEN 2183129 AND 2183138 ORDER BY c
	Sort  (cost=39.64..39.67 rows=10 width=121)
	  Sort Key: c
	  ->  Index Scan using sbtest2_pkey on sbtest2  (cost=0.43..39.48 rows=10 width=121)
	        Index Cond: ((id >= 2183129) AND (id <= 2183138))

table 3 : explain SELECT c FROM sbtest3 WHERE id BETWEEN 839240 AND 839249 ORDER BY c
	Sort  (cost=39.37..39.40 rows=10 width=121)
	  Sort Key: c
	  ->  Index Scan using sbtest3_pkey on sbtest3  (cost=0.43..39.21 rows=10 width=121)
	        Index Cond: ((id >= 839240) AND (id <= 839249))

table 4 : explain SELECT c FROM sbtest4 WHERE id BETWEEN 3995232 AND 3995241 ORDER BY c
	Sort  (cost=42.98..43.00 rows=11 width=121)
	  Sort Key: c
	  ->  Index Scan using sbtest4_pkey on sbtest4  (cost=0.43..42.79 rows=11 width=121)
	        Index Cond: ((id >= 3995232) AND (id <= 3995241))

table 5 : explain SELECT c FROM sbtest5 WHERE id BETWEEN 5919551 AND 5919560 ORDER BY c
	Sort  (cost=39.68..39.70 rows=10 width=121)
	  Sort Key: c
	  ->  Index Scan using sbtest5_pkey on sbtest5  (cost=0.43..39.51 rows=10 width=121)
	        Index Cond: ((id >= 5919551) AND (id <= 5919560))

table 6 : explain SELECT c FROM sbtest6 WHERE id BETWEEN 8382235 AND 8382244 ORDER BY c
	Sort  (cost=39.54..39.57 rows=10 width=121)
	  Sort Key: c
	  ->  Index Scan using sbtest6_pkey on sbtest6  (cost=0.43..39.37 rows=10 width=121)
	        Index Cond: ((id >= 8382235) AND (id <= 8382244))

table 7 : explain SELECT c FROM sbtest7 WHERE id BETWEEN 5204816 AND 5204825 ORDER BY c
	Sort  (cost=42.95..42.97 rows=11 width=121)
	  Sort Key: c
	  ->  Index Scan using sbtest7_pkey on sbtest7  (cost=0.43..42.76 rows=11 width=121)
	        Index Cond: ((id >= 5204816) AND (id <= 5204825))

table 8 : explain SELECT c FROM sbtest8 WHERE id BETWEEN 1198854 AND 1198863 ORDER BY c
	Sort  (cost=39.27..39.30 rows=10 width=121)
	  Sort Key: c
	  ->  Index Scan using sbtest8_pkey on sbtest8  (cost=0.43..39.11 rows=10 width=121)
	        Index Cond: ((id >= 1198854) AND (id <= 1198863))

for: distinct_ranges
table 1 : explain SELECT DISTINCT c FROM sbtest1 WHERE id BETWEEN 5470982 AND 5470991 ORDER BY c
	Unique  (cost=36.28..36.32 rows=9 width=121)
	  ->  Sort  (cost=36.28..36.30 rows=9 width=121)
	        Sort Key: c
	        ->  Index Scan using sbtest1_pkey on sbtest1  (cost=0.43..36.13 rows=9 width=121)
	              Index Cond: ((id >= 5470982) AND (id <= 5470991))

table 2 : explain SELECT DISTINCT c FROM sbtest2 WHERE id BETWEEN 8983945 AND 8983954 ORDER BY c
	Unique  (cost=39.64..39.69 rows=10 width=121)
	  ->  Sort  (cost=39.64..39.67 rows=10 width=121)
	        Sort Key: c
	        ->  Index Scan using sbtest2_pkey on sbtest2  (cost=0.43..39.48 rows=10 width=121)
	              Index Cond: ((id >= 8983945) AND (id <= 8983954))

table 3 : explain SELECT DISTINCT c FROM sbtest3 WHERE id BETWEEN 8957017 AND 8957026 ORDER BY c
	Unique  (cost=39.37..39.42 rows=10 width=121)
	  ->  Sort  (cost=39.37..39.40 rows=10 width=121)
	        Sort Key: c
	        ->  Index Scan using sbtest3_pkey on sbtest3  (cost=0.43..39.21 rows=10 width=121)
	              Index Cond: ((id >= 8957017) AND (id <= 8957026))

table 4 : explain SELECT DISTINCT c FROM sbtest4 WHERE id BETWEEN 620429 AND 620438 ORDER BY c
	Unique  (cost=39.52..39.57 rows=10 width=121)
	  ->  Sort  (cost=39.52..39.54 rows=10 width=121)
	        Sort Key: c
	        ->  Index Scan using sbtest4_pkey on sbtest4  (cost=0.43..39.35 rows=10 width=121)
	              Index Cond: ((id >= 620429) AND (id <= 620438))

table 5 : explain SELECT DISTINCT c FROM sbtest5 WHERE id BETWEEN 120288 AND 120297 ORDER BY c
	Unique  (cost=39.68..39.73 rows=10 width=121)
	  ->  Sort  (cost=39.68..39.70 rows=10 width=121)
	        Sort Key: c
	        ->  Index Scan using sbtest5_pkey on sbtest5  (cost=0.43..39.51 rows=10 width=121)
	              Index Cond: ((id >= 120288) AND (id <= 120297))

table 6 : explain SELECT DISTINCT c FROM sbtest6 WHERE id BETWEEN 5705733 AND 5705742 ORDER BY c
	Unique  (cost=39.54..39.59 rows=10 width=121)
	  ->  Sort  (cost=39.54..39.57 rows=10 width=121)
	        Sort Key: c
	        ->  Index Scan using sbtest6_pkey on sbtest6  (cost=0.43..39.37 rows=10 width=121)
	              Index Cond: ((id >= 5705733) AND (id <= 5705742))

table 7 : explain SELECT DISTINCT c FROM sbtest7 WHERE id BETWEEN 7468793 AND 7468802 ORDER BY c
	Unique  (cost=39.49..39.54 rows=10 width=121)
	  ->  Sort  (cost=39.49..39.52 rows=10 width=121)
	        Sort Key: c
	        ->  Index Scan using sbtest7_pkey on sbtest7  (cost=0.43..39.33 rows=10 width=121)
	              Index Cond: ((id >= 7468793) AND (id <= 7468802))

table 8 : explain SELECT DISTINCT c FROM sbtest8 WHERE id BETWEEN 6736707 AND 6736716 ORDER BY c
	Unique  (cost=39.27..39.32 rows=10 width=121)
	  ->  Sort  (cost=39.27..39.30 rows=10 width=121)
	        Sort Key: c
	        ->  Index Scan using sbtest8_pkey on sbtest8  (cost=0.43..39.11 rows=10 width=121)
	              Index Cond: ((id >= 6736707) AND (id <= 6736716))

explain: for point_selects :: explain SELECT c FROM sbtest%u WHERE id=%u
for: simple_ranges
table 1 : explain SELECT c FROM sbtest1 WHERE id BETWEEN 1077058 AND 1077067
	Index Scan using sbtest1_pkey on sbtest1  (cost=0.43..39.59 rows=10 width=121)
	  Index Cond: ((id >= 1077058) AND (id <= 1077067))

table 2 : explain SELECT c FROM sbtest2 WHERE id BETWEEN 4025213 AND 4025222
	Index Scan using sbtest2_pkey on sbtest2  (cost=0.43..39.48 rows=10 width=121)
	  Index Cond: ((id >= 4025213) AND (id <= 4025222))

table 3 : explain SELECT c FROM sbtest3 WHERE id BETWEEN 420514 AND 420523
	Index Scan using sbtest3_pkey on sbtest3  (cost=0.43..35.79 rows=9 width=121)
	  Index Cond: ((id >= 420514) AND (id <= 420523))

table 4 : explain SELECT c FROM sbtest4 WHERE id BETWEEN 8438751 AND 8438760
	Index Scan using sbtest4_pkey on sbtest4  (cost=0.43..39.35 rows=10 width=121)
	  Index Cond: ((id >= 8438751) AND (id <= 8438760))

table 5 : explain SELECT c FROM sbtest5 WHERE id BETWEEN 769165 AND 769174
	Index Scan using sbtest5_pkey on sbtest5  (cost=0.43..39.51 rows=10 width=121)
	  Index Cond: ((id >= 769165) AND (id <= 769174))

table 6 : explain SELECT c FROM sbtest6 WHERE id BETWEEN 8244757 AND 8244766
	Index Scan using sbtest6_pkey on sbtest6  (cost=0.43..42.81 rows=11 width=121)
	  Index Cond: ((id >= 8244757) AND (id <= 8244766))

table 7 : explain SELECT c FROM sbtest7 WHERE id BETWEEN 4829692 AND 4829701
	Index Scan using sbtest7_pkey on sbtest7  (cost=0.43..39.33 rows=10 width=121)
	  Index Cond: ((id >= 4829692) AND (id <= 4829701))

table 8 : explain SELECT c FROM sbtest8 WHERE id BETWEEN 7633320 AND 7633329
	Index Scan using sbtest8_pkey on sbtest8  (cost=0.43..39.11 rows=10 width=121)
	  Index Cond: ((id >= 7633320) AND (id <= 7633329))

explain: for index_updates :: explain UPDATE sbtest%u SET k=k+1 WHERE id=%u
explain: for point_selects :: explain SELECT c FROM sbtest%u WHERE id=%u
for index_updates
table 1 : explain UPDATE sbtest1 SET k=k+1 WHERE id=1222762
	Update on sbtest1  (cost=0.43..8.46 rows=0 width=0)
	  ->  Index Scan using sbtest1_pkey on sbtest1  (cost=0.43..8.46 rows=1 width=10)
	        Index Cond: (id = 1222762)

table 2 : explain UPDATE sbtest2 SET k=k+1 WHERE id=182197
	Update on sbtest2  (cost=0.43..8.46 rows=0 width=0)
	  ->  Index Scan using sbtest2_pkey on sbtest2  (cost=0.43..8.46 rows=1 width=10)
	        Index Cond: (id = 182197)

table 3 : explain UPDATE sbtest3 SET k=k+1 WHERE id=6731364
	Update on sbtest3  (cost=0.43..8.46 rows=0 width=0)
	  ->  Index Scan using sbtest3_pkey on sbtest3  (cost=0.43..8.46 rows=1 width=10)
	        Index Cond: (id = 6731364)

table 4 : explain UPDATE sbtest4 SET k=k+1 WHERE id=7370755
	Update on sbtest4  (cost=0.43..8.46 rows=0 width=0)
	  ->  Index Scan using sbtest4_pkey on sbtest4  (cost=0.43..8.46 rows=1 width=10)
	        Index Cond: (id = 7370755)

table 5 : explain UPDATE sbtest5 SET k=k+1 WHERE id=3040603
	Update on sbtest5  (cost=0.43..8.46 rows=0 width=0)
	  ->  Index Scan using sbtest5_pkey on sbtest5  (cost=0.43..8.46 rows=1 width=10)
	        Index Cond: (id = 3040603)

table 6 : explain UPDATE sbtest6 SET k=k+1 WHERE id=6750182
	Update on sbtest6  (cost=0.43..8.46 rows=0 width=0)
	  ->  Index Scan using sbtest6_pkey on sbtest6  (cost=0.43..8.46 rows=1 width=10)
	        Index Cond: (id = 6750182)

table 7 : explain UPDATE sbtest7 SET k=k+1 WHERE id=8640299
	Update on sbtest7  (cost=0.43..8.46 rows=0 width=0)
	  ->  Index Scan using sbtest7_pkey on sbtest7  (cost=0.43..8.46 rows=1 width=10)
	        Index Cond: (id = 8640299)

table 8 : explain UPDATE sbtest8 SET k=k+1 WHERE id=1066608
	Update on sbtest8  (cost=0.43..8.46 rows=0 width=0)
	  ->  Index Scan using sbtest8_pkey on sbtest8  (cost=0.43..8.46 rows=1 width=10)
	        Index Cond: (id = 1066608)

for: sum_ranges
table 1 : explain SELECT SUM(k) FROM sbtest1 WHERE id BETWEEN 9554203 AND 9554212
	Aggregate  (cost=39.62..39.63 rows=1 width=8)
	  ->  Index Scan using sbtest1_pkey on sbtest1  (cost=0.43..39.59 rows=10 width=4)
	        Index Cond: ((id >= 9554203) AND (id <= 9554212))

table 2 : explain SELECT SUM(k) FROM sbtest2 WHERE id BETWEEN 8566686 AND 8566695
	Aggregate  (cost=42.95..42.96 rows=1 width=8)
	  ->  Index Scan using sbtest2_pkey on sbtest2  (cost=0.43..42.92 rows=11 width=4)
	        Index Cond: ((id >= 8566686) AND (id <= 8566695))

table 3 : explain SELECT SUM(k) FROM sbtest3 WHERE id BETWEEN 3354256 AND 3354265
	Aggregate  (cost=39.23..39.24 rows=1 width=8)
	  ->  Index Scan using sbtest3_pkey on sbtest3  (cost=0.43..39.21 rows=10 width=4)
	        Index Cond: ((id >= 3354256) AND (id <= 3354265))

table 4 : explain SELECT SUM(k) FROM sbtest4 WHERE id BETWEEN 1953411 AND 1953420
	Aggregate  (cost=39.38..39.39 rows=1 width=8)
	  ->  Index Scan using sbtest4_pkey on sbtest4  (cost=0.43..39.35 rows=10 width=4)
	        Index Cond: ((id >= 1953411) AND (id <= 1953420))

table 5 : explain SELECT SUM(k) FROM sbtest5 WHERE id BETWEEN 934048 AND 934057
	Aggregate  (cost=42.99..43.00 rows=1 width=8)
	  ->  Index Scan using sbtest5_pkey on sbtest5  (cost=0.43..42.96 rows=11 width=4)
	        Index Cond: ((id >= 934048) AND (id <= 934057))

table 6 : explain SELECT SUM(k) FROM sbtest6 WHERE id BETWEEN 1603308 AND 1603317
	Aggregate  (cost=39.40..39.41 rows=1 width=8)
	  ->  Index Scan using sbtest6_pkey on sbtest6  (cost=0.43..39.37 rows=10 width=4)
	        Index Cond: ((id >= 1603308) AND (id <= 1603317))

table 7 : explain SELECT SUM(k) FROM sbtest7 WHERE id BETWEEN 5654786 AND 5654795
	Aggregate  (cost=35.92..35.93 rows=1 width=8)
	  ->  Index Scan using sbtest7_pkey on sbtest7  (cost=0.43..35.90 rows=9 width=4)
	        Index Cond: ((id >= 5654786) AND (id <= 5654795))

table 8 : explain SELECT SUM(k) FROM sbtest8 WHERE id BETWEEN 1232505 AND 1232514
	Aggregate  (cost=35.72..35.73 rows=1 width=8)
	  ->  Index Scan using sbtest8_pkey on sbtest8  (cost=0.43..35.70 rows=9 width=4)
	        Index Cond: ((id >= 1232505) AND (id <= 1232514))

explain: for non_index_updates :: explain UPDATE sbtest%u SET c='foobar' WHERE id=%u
for point_selects
table 1 : explain SELECT c FROM sbtest1 WHERE id=1483776
	Index Scan using sbtest1_pkey on sbtest1  (cost=0.43..8.45 rows=1 width=121)
	  Index Cond: (id = 1483776)

table 2 : explain SELECT c FROM sbtest2 WHERE id=569120
	Index Scan using sbtest2_pkey on sbtest2  (cost=0.43..8.45 rows=1 width=121)
	  Index Cond: (id = 569120)

table 3 : explain SELECT c FROM sbtest3 WHERE id=6370288
	Index Scan using sbtest3_pkey on sbtest3  (cost=0.43..8.45 rows=1 width=121)
	  Index Cond: (id = 6370288)

table 4 : explain SELECT c FROM sbtest4 WHERE id=8861620
	Index Scan using sbtest4_pkey on sbtest4  (cost=0.43..8.45 rows=1 width=121)
	  Index Cond: (id = 8861620)

table 5 : explain SELECT c FROM sbtest5 WHERE id=7698797
	Index Scan using sbtest5_pkey on sbtest5  (cost=0.43..8.45 rows=1 width=121)
	  Index Cond: (id = 7698797)

table 6 : explain SELECT c FROM sbtest6 WHERE id=6045637
	Index Scan using sbtest6_pkey on sbtest6  (cost=0.43..8.45 rows=1 width=121)
	  Index Cond: (id = 6045637)

table 7 : explain SELECT c FROM sbtest7 WHERE id=1743711
	Index Scan using sbtest7_pkey on sbtest7  (cost=0.43..8.45 rows=1 width=121)
	  Index Cond: (id = 1743711)

table 8 : explain SELECT c FROM sbtest8 WHERE id=5447450
	Index Scan using sbtest8_pkey on sbtest8  (cost=0.43..8.45 rows=1 width=121)
	  Index Cond: (id = 5447450)

for non_index_updates
table 1 : explain UPDATE sbtest1 SET c='foobar' WHERE id=1150746
	Update on sbtest1  (cost=0.43..8.45 rows=0 width=0)
	  ->  Index Scan using sbtest1_pkey on sbtest1  (cost=0.43..8.45 rows=1 width=490)
	        Index Cond: (id = 1150746)

table 2 : explain UPDATE sbtest2 SET c='foobar' WHERE id=3524417
	Update on sbtest2  (cost=0.43..8.45 rows=0 width=0)
	  ->  Index Scan using sbtest2_pkey on sbtest2  (cost=0.43..8.45 rows=1 width=490)
	        Index Cond: (id = 3524417)

table 3 : explain UPDATE sbtest3 SET c='foobar' WHERE id=8493391
	Update on sbtest3  (cost=0.43..8.45 rows=0 width=0)
	  ->  Index Scan using sbtest3_pkey on sbtest3  (cost=0.43..8.45 rows=1 width=490)
	        Index Cond: (id = 8493391)

table 4 : explain UPDATE sbtest4 SET c='foobar' WHERE id=4898844
	Update on sbtest4  (cost=0.43..8.45 rows=0 width=0)
	  ->  Index Scan using sbtest4_pkey on sbtest4  (cost=0.43..8.45 rows=1 width=490)
	        Index Cond: (id = 4898844)

table 5 : explain UPDATE sbtest5 SET c='foobar' WHERE id=4357393
	Update on sbtest5  (cost=0.43..8.45 rows=0 width=0)
	  ->  Index Scan using sbtest5_pkey on sbtest5  (cost=0.43..8.45 rows=1 width=490)
	        Index Cond: (id = 4357393)

table 6 : explain UPDATE sbtest6 SET c='foobar' WHERE id=1145218
	Update on sbtest6  (cost=0.43..8.45 rows=0 width=0)
	  ->  Index Scan using sbtest6_pkey on sbtest6  (cost=0.43..8.45 rows=1 width=490)
	        Index Cond: (id = 1145218)

table 7 : explain UPDATE sbtest7 SET c='foobar' WHERE id=5665536
	Update on sbtest7  (cost=0.43..8.45 rows=0 width=0)
	  ->  Index Scan using sbtest7_pkey on sbtest7  (cost=0.43..8.45 rows=1 width=490)
	        Index Cond: (id = 5665536)

table 8 : explain UPDATE sbtest8 SET c='foobar' WHERE id=8638609
	Update on sbtest8  (cost=0.43..8.45 rows=0 width=0)
	  ->  Index Scan using sbtest8_pkey on sbtest8  (cost=0.43..8.45 rows=1 width=490)
	        Index Cond: (id = 8638609)

explain: for point_selects :: explain SELECT c FROM sbtest%u WHERE id=%u
for: order_ranges
table 1 : explain SELECT c FROM sbtest1 WHERE id BETWEEN 4091805 AND 4091814 ORDER BY c
	Sort  (cost=43.24..43.27 rows=11 width=121)
	  Sort Key: c
	  ->  Index Scan using sbtest1_pkey on sbtest1  (cost=0.43..43.05 rows=11 width=121)
	        Index Cond: ((id >= 4091805) AND (id <= 4091814))

table 2 : explain SELECT c FROM sbtest2 WHERE id BETWEEN 1159265 AND 1159274 ORDER BY c
	Sort  (cost=39.64..39.67 rows=10 width=121)
	  Sort Key: c
	  ->  Index Scan using sbtest2_pkey on sbtest2  (cost=0.43..39.48 rows=10 width=121)
	        Index Cond: ((id >= 1159265) AND (id <= 1159274))

table 3 : explain SELECT c FROM sbtest3 WHERE id BETWEEN 4425976 AND 4425985 ORDER BY c
	Sort  (cost=42.81..42.84 rows=11 width=121)
	  Sort Key: c
	  ->  Index Scan using sbtest3_pkey on sbtest3  (cost=0.43..42.62 rows=11 width=121)
	        Index Cond: ((id >= 4425976) AND (id <= 4425985))

table 4 : explain SELECT c FROM sbtest4 WHERE id BETWEEN 5774978 AND 5774987 ORDER BY c
	Sort  (cost=39.52..39.54 rows=10 width=121)
	  Sort Key: c
	  ->  Index Scan using sbtest4_pkey on sbtest4  (cost=0.43..39.35 rows=10 width=121)
	        Index Cond: ((id >= 5774978) AND (id <= 5774987))

table 5 : explain SELECT c FROM sbtest5 WHERE id BETWEEN 4827613 AND 4827622 ORDER BY c
	Sort  (cost=39.68..39.70 rows=10 width=121)
	  Sort Key: c
	  ->  Index Scan using sbtest5_pkey on sbtest5  (cost=0.43..39.51 rows=10 width=121)
	        Index Cond: ((id >= 4827613) AND (id <= 4827622))

table 6 : explain SELECT c FROM sbtest6 WHERE id BETWEEN 6282568 AND 6282577 ORDER BY c
	Sort  (cost=43.00..43.03 rows=11 width=121)
	  Sort Key: c
	  ->  Index Scan using sbtest6_pkey on sbtest6  (cost=0.43..42.81 rows=11 width=121)
	        Index Cond: ((id >= 6282568) AND (id <= 6282577))

table 7 : explain SELECT c FROM sbtest7 WHERE id BETWEEN 92281 AND 92290 ORDER BY c
	Sort  (cost=36.04..36.06 rows=9 width=121)
	  Sort Key: c
	  ->  Index Scan using sbtest7_pkey on sbtest7  (cost=0.43..35.90 rows=9 width=121)
	        Index Cond: ((id >= 92281) AND (id <= 92290))

table 8 : explain SELECT c FROM sbtest8 WHERE id BETWEEN 2625589 AND 2625598 ORDER BY c
	Sort  (cost=35.84..35.87 rows=9 width=121)
	  Sort Key: c
	  ->  Index Scan using sbtest8_pkey on sbtest8  (cost=0.43..35.70 rows=9 width=121)
	        Index Cond: ((id >= 2625589) AND (id <= 2625598))

explain: for deletes :: explain DELETE FROM sbtest%u WHERE id=%u
for point_selects
table 1 : explain SELECT c FROM sbtest1 WHERE id=4690438
	Index Scan using sbtest1_pkey on sbtest1  (cost=0.43..8.45 rows=1 width=121)
	  Index Cond: (id = 4690438)

table 2 : explain SELECT c FROM sbtest2 WHERE id=422206
	Index Scan using sbtest2_pkey on sbtest2  (cost=0.43..8.45 rows=1 width=121)
	  Index Cond: (id = 422206)

table 3 : explain SELECT c FROM sbtest3 WHERE id=4026170
	Index Scan using sbtest3_pkey on sbtest3  (cost=0.43..8.45 rows=1 width=121)
	  Index Cond: (id = 4026170)

table 4 : explain SELECT c FROM sbtest4 WHERE id=9928660
	Index Scan using sbtest4_pkey on sbtest4  (cost=0.43..8.45 rows=1 width=121)
	  Index Cond: (id = 9928660)

table 5 : explain SELECT c FROM sbtest5 WHERE id=7460030
	Index Scan using sbtest5_pkey on sbtest5  (cost=0.43..8.45 rows=1 width=121)
	  Index Cond: (id = 7460030)

table 6 : explain SELECT c FROM sbtest6 WHERE id=831434
	Index Scan using sbtest6_pkey on sbtest6  (cost=0.43..8.45 rows=1 width=121)
	  Index Cond: (id = 831434)

table 7 : explain SELECT c FROM sbtest7 WHERE id=1358785
	Index Scan using sbtest7_pkey on sbtest7  (cost=0.43..8.45 rows=1 width=121)
	  Index Cond: (id = 1358785)

table 8 : explain SELECT c FROM sbtest8 WHERE id=3433046
	Index Scan using sbtest8_pkey on sbtest8  (cost=0.43..8.45 rows=1 width=121)
	  Index Cond: (id = 3433046)

for: distinct_ranges
table 1 : explain SELECT DISTINCT c FROM sbtest1 WHERE id BETWEEN 7517345 AND 7517354 ORDER BY c
	Unique  (cost=39.76..39.81 rows=10 width=121)
	  ->  Sort  (cost=39.76..39.78 rows=10 width=121)
	        Sort Key: c
	        ->  Index Scan using sbtest1_pkey on sbtest1  (cost=0.43..39.59 rows=10 width=121)
	              Index Cond: ((id >= 7517345) AND (id <= 7517354))

table 2 : explain SELECT DISTINCT c FROM sbtest2 WHERE id BETWEEN 6177367 AND 6177376 ORDER BY c
	Unique  (cost=39.64..39.69 rows=10 width=121)
	  ->  Sort  (cost=39.64..39.67 rows=10 width=121)
	        Sort Key: c
	        ->  Index Scan using sbtest2_pkey on sbtest2  (cost=0.43..39.48 rows=10 width=121)
	              Index Cond: ((id >= 6177367) AND (id <= 6177376))

table 3 : explain SELECT DISTINCT c FROM sbtest3 WHERE id BETWEEN 8804539 AND 8804548 ORDER BY c
	Unique  (cost=39.37..39.42 rows=10 width=121)
	  ->  Sort  (cost=39.37..39.40 rows=10 width=121)
	        Sort Key: c
	        ->  Index Scan using sbtest3_pkey on sbtest3  (cost=0.43..39.21 rows=10 width=121)
	              Index Cond: ((id >= 8804539) AND (id <= 8804548))

table 4 : explain SELECT DISTINCT c FROM sbtest4 WHERE id BETWEEN 4755638 AND 4755647 ORDER BY c
	Unique  (cost=39.52..39.57 rows=10 width=121)
	  ->  Sort  (cost=39.52..39.54 rows=10 width=121)
	        Sort Key: c
	        ->  Index Scan using sbtest4_pkey on sbtest4  (cost=0.43..39.35 rows=10 width=121)
	              Index Cond: ((id >= 4755638) AND (id <= 4755647))

table 5 : explain SELECT DISTINCT c FROM sbtest5 WHERE id BETWEEN 1405886 AND 1405895 ORDER BY c
	Unique  (cost=36.20..36.25 rows=9 width=121)
	  ->  Sort  (cost=36.20..36.22 rows=9 width=121)
	        Sort Key: c
	        ->  Index Scan using sbtest5_pkey on sbtest5  (cost=0.43..36.06 rows=9 width=121)
	              Index Cond: ((id >= 1405886) AND (id <= 1405895))

table 6 : explain SELECT DISTINCT c FROM sbtest6 WHERE id BETWEEN 4177393 AND 4177402 ORDER BY c
	Unique  (cost=39.54..39.59 rows=10 width=121)
	  ->  Sort  (cost=39.54..39.57 rows=10 width=121)
	        Sort Key: c
	        ->  Index Scan using sbtest6_pkey on sbtest6  (cost=0.43..39.37 rows=10 width=121)
	              Index Cond: ((id >= 4177393) AND (id <= 4177402))

table 7 : explain SELECT DISTINCT c FROM sbtest7 WHERE id BETWEEN 2154873 AND 2154882 ORDER BY c
	Unique  (cost=39.49..39.54 rows=10 width=121)
	  ->  Sort  (cost=39.49..39.52 rows=10 width=121)
	        Sort Key: c
	        ->  Index Scan using sbtest7_pkey on sbtest7  (cost=0.43..39.33 rows=10 width=121)
	              Index Cond: ((id >= 2154873) AND (id <= 2154882))

table 8 : explain SELECT DISTINCT c FROM sbtest8 WHERE id BETWEEN 7855108 AND 7855117 ORDER BY c
	Unique  (cost=39.27..39.32 rows=10 width=121)
	  ->  Sort  (cost=39.27..39.30 rows=10 width=121)
	        Sort Key: c
	        ->  Index Scan using sbtest8_pkey on sbtest8  (cost=0.43..39.11 rows=10 width=121)
	              Index Cond: ((id >= 7855108) AND (id <= 7855117))

for: simple_ranges
table 1 : explain SELECT c FROM sbtest1 WHERE id BETWEEN 6099779 AND 6099788
	Index Scan using sbtest1_pkey on sbtest1  (cost=0.43..39.59 rows=10 width=121)
	  Index Cond: ((id >= 6099779) AND (id <= 6099788))

table 2 : explain SELECT c FROM sbtest2 WHERE id BETWEEN 8413030 AND 8413039
	Index Scan using sbtest2_pkey on sbtest2  (cost=0.43..46.37 rows=12 width=121)
	  Index Cond: ((id >= 8413030) AND (id <= 8413039))

table 3 : explain SELECT c FROM sbtest3 WHERE id BETWEEN 2843468 AND 2843477
	Index Scan using sbtest3_pkey on sbtest3  (cost=0.43..39.21 rows=10 width=121)
	  Index Cond: ((id >= 2843468) AND (id <= 2843477))

table 4 : explain SELECT c FROM sbtest4 WHERE id BETWEEN 6808512 AND 6808521
	Index Scan using sbtest4_pkey on sbtest4  (cost=0.43..35.92 rows=9 width=121)
	  Index Cond: ((id >= 6808512) AND (id <= 6808521))

table 5 : explain SELECT c FROM sbtest5 WHERE id BETWEEN 8448063 AND 8448072
	Index Scan using sbtest5_pkey on sbtest5  (cost=0.43..36.06 rows=9 width=121)
	  Index Cond: ((id >= 8448063) AND (id <= 8448072))

table 6 : explain SELECT c FROM sbtest6 WHERE id BETWEEN 6926940 AND 6926949
	Index Scan using sbtest6_pkey on sbtest6  (cost=0.43..39.37 rows=10 width=121)
	  Index Cond: ((id >= 6926940) AND (id <= 6926949))

table 7 : explain SELECT c FROM sbtest7 WHERE id BETWEEN 4202090 AND 4202099
	Index Scan using sbtest7_pkey on sbtest7  (cost=0.43..39.33 rows=10 width=121)
	  Index Cond: ((id >= 4202090) AND (id <= 4202099))

table 8 : explain SELECT c FROM sbtest8 WHERE id BETWEEN 5367166 AND 5367175
	Index Scan using sbtest8_pkey on sbtest8  (cost=0.43..39.11 rows=10 width=121)
	  Index Cond: ((id >= 5367166) AND (id <= 5367175))

for deletes
table 1 : explain DELETE FROM sbtest1 WHERE id=284262
	Delete on sbtest1  (cost=0.43..8.45 rows=0 width=0)
	  ->  Index Scan using sbtest1_pkey on sbtest1  (cost=0.43..8.45 rows=1 width=6)
	        Index Cond: (id = 284262)

table 2 : explain DELETE FROM sbtest2 WHERE id=3610644
	Delete on sbtest2  (cost=0.43..8.45 rows=0 width=0)
	  ->  Index Scan using sbtest2_pkey on sbtest2  (cost=0.43..8.45 rows=1 width=6)
	        Index Cond: (id = 3610644)

table 3 : explain DELETE FROM sbtest3 WHERE id=9597047
	Delete on sbtest3  (cost=0.43..8.45 rows=0 width=0)
	  ->  Index Scan using sbtest3_pkey on sbtest3  (cost=0.43..8.45 rows=1 width=6)
	        Index Cond: (id = 9597047)

table 4 : explain DELETE FROM sbtest4 WHERE id=199925
	Delete on sbtest4  (cost=0.43..8.45 rows=0 width=0)
	  ->  Index Scan using sbtest4_pkey on sbtest4  (cost=0.43..8.45 rows=1 width=6)
	        Index Cond: (id = 199925)

table 5 : explain DELETE FROM sbtest5 WHERE id=5523771
	Delete on sbtest5  (cost=0.43..8.45 rows=0 width=0)
	  ->  Index Scan using sbtest5_pkey on sbtest5  (cost=0.43..8.45 rows=1 width=6)
	        Index Cond: (id = 5523771)

table 6 : explain DELETE FROM sbtest6 WHERE id=886791
	Delete on sbtest6  (cost=0.43..8.45 rows=0 width=0)
	  ->  Index Scan using sbtest6_pkey on sbtest6  (cost=0.43..8.45 rows=1 width=6)
	        Index Cond: (id = 886791)

table 7 : explain DELETE FROM sbtest7 WHERE id=5325106
	Delete on sbtest7  (cost=0.43..8.45 rows=0 width=0)
	  ->  Index Scan using sbtest7_pkey on sbtest7  (cost=0.43..8.45 rows=1 width=6)
	        Index Cond: (id = 5325106)

table 8 : explain DELETE FROM sbtest8 WHERE id=3548121
	Delete on sbtest8  (cost=0.43..8.45 rows=0 width=0)
	  ->  Index Scan using sbtest8_pkey on sbtest8  (cost=0.43..8.45 rows=1 width=6)
	        Index Cond: (id = 3548121)

explain: for index_updates :: explain UPDATE sbtest%u SET k=k+1 WHERE id=%u
for point_selects
table 1 : explain SELECT c FROM sbtest1 WHERE id=1705159
	Index Scan using sbtest1_pkey on sbtest1  (cost=0.43..8.45 rows=1 width=121)
	  Index Cond: (id = 1705159)

table 2 : explain SELECT c FROM sbtest2 WHERE id=9599433
	Index Scan using sbtest2_pkey on sbtest2  (cost=0.43..8.45 rows=1 width=121)
	  Index Cond: (id = 9599433)

table 3 : explain SELECT c FROM sbtest3 WHERE id=2039658
	Index Scan using sbtest3_pkey on sbtest3  (cost=0.43..8.45 rows=1 width=121)
	  Index Cond: (id = 2039658)

table 4 : explain SELECT c FROM sbtest4 WHERE id=6843169
	Index Scan using sbtest4_pkey on sbtest4  (cost=0.43..8.45 rows=1 width=121)
	  Index Cond: (id = 6843169)

table 5 : explain SELECT c FROM sbtest5 WHERE id=2232013
	Index Scan using sbtest5_pkey on sbtest5  (cost=0.43..8.45 rows=1 width=121)
	  Index Cond: (id = 2232013)

table 6 : explain SELECT c FROM sbtest6 WHERE id=2558049
	Index Scan using sbtest6_pkey on sbtest6  (cost=0.43..8.45 rows=1 width=121)
	  Index Cond: (id = 2558049)

table 7 : explain SELECT c FROM sbtest7 WHERE id=8858895
	Index Scan using sbtest7_pkey on sbtest7  (cost=0.43..8.45 rows=1 width=121)
	  Index Cond: (id = 8858895)

table 8 : explain SELECT c FROM sbtest8 WHERE id=716343
	Index Scan using sbtest8_pkey on sbtest8  (cost=0.43..8.45 rows=1 width=121)
	  Index Cond: (id = 716343)

for index_updates
table 1 : explain UPDATE sbtest1 SET k=k+1 WHERE id=2568253
	Update on sbtest1  (cost=0.43..8.46 rows=0 width=0)
	  ->  Index Scan using sbtest1_pkey on sbtest1  (cost=0.43..8.46 rows=1 width=10)
	        Index Cond: (id = 2568253)

table 2 : explain UPDATE sbtest2 SET k=k+1 WHERE id=2984617
	Update on sbtest2  (cost=0.43..8.46 rows=0 width=0)
	  ->  Index Scan using sbtest2_pkey on sbtest2  (cost=0.43..8.46 rows=1 width=10)
	        Index Cond: (id = 2984617)

table 3 : explain UPDATE sbtest3 SET k=k+1 WHERE id=9045430
	Update on sbtest3  (cost=0.43..8.46 rows=0 width=0)
	  ->  Index Scan using sbtest3_pkey on sbtest3  (cost=0.43..8.46 rows=1 width=10)
	        Index Cond: (id = 9045430)

table 4 : explain UPDATE sbtest4 SET k=k+1 WHERE id=4993713
	Update on sbtest4  (cost=0.43..8.46 rows=0 width=0)
	  ->  Index Scan using sbtest4_pkey on sbtest4  (cost=0.43..8.46 rows=1 width=10)
	        Index Cond: (id = 4993713)

table 5 : explain UPDATE sbtest5 SET k=k+1 WHERE id=2892961
	Update on sbtest5  (cost=0.43..8.46 rows=0 width=0)
	  ->  Index Scan using sbtest5_pkey on sbtest5  (cost=0.43..8.46 rows=1 width=10)
	        Index Cond: (id = 2892961)

table 6 : explain UPDATE sbtest6 SET k=k+1 WHERE id=7320549
	Update on sbtest6  (cost=0.43..8.46 rows=0 width=0)
	  ->  Index Scan using sbtest6_pkey on sbtest6  (cost=0.43..8.46 rows=1 width=10)
	        Index Cond: (id = 7320549)

table 7 : explain UPDATE sbtest7 SET k=k+1 WHERE id=2874516
	Update on sbtest7  (cost=0.43..8.46 rows=0 width=0)
	  ->  Index Scan using sbtest7_pkey on sbtest7  (cost=0.43..8.46 rows=1 width=10)
	        Index Cond: (id = 2874516)

table 8 : explain UPDATE sbtest8 SET k=k+1 WHERE id=9109964
	Update on sbtest8  (cost=0.43..8.46 rows=0 width=0)
	  ->  Index Scan using sbtest8_pkey on sbtest8  (cost=0.43..8.46 rows=1 width=10)
	        Index Cond: (id = 9109964)

for: simple_ranges
table 1 : explain SELECT c FROM sbtest1 WHERE id BETWEEN 4498348 AND 4498357
	Index Scan using sbtest1_pkey on sbtest1  (cost=0.43..43.05 rows=11 width=121)
	  Index Cond: ((id >= 4498348) AND (id <= 4498357))

table 2 : explain SELECT c FROM sbtest2 WHERE id BETWEEN 9939482 AND 9939491
	Index Scan using sbtest2_pkey on sbtest2  (cost=0.43..36.03 rows=9 width=121)
	  Index Cond: ((id >= 9939482) AND (id <= 9939491))

table 3 : explain SELECT c FROM sbtest3 WHERE id BETWEEN 2941464 AND 2941473
	Index Scan using sbtest3_pkey on sbtest3  (cost=0.43..39.21 rows=10 width=121)
	  Index Cond: ((id >= 2941464) AND (id <= 2941473))

table 4 : explain SELECT c FROM sbtest4 WHERE id BETWEEN 7511660 AND 7511669
	Index Scan using sbtest4_pkey on sbtest4  (cost=0.43..39.35 rows=10 width=121)
	  Index Cond: ((id >= 7511660) AND (id <= 7511669))

table 5 : explain SELECT c FROM sbtest5 WHERE id BETWEEN 3693621 AND 3693630
	Index Scan using sbtest5_pkey on sbtest5  (cost=0.43..39.51 rows=10 width=121)
	  Index Cond: ((id >= 3693621) AND (id <= 3693630))

table 6 : explain SELECT c FROM sbtest6 WHERE id BETWEEN 3058859 AND 3058868
	Index Scan using sbtest6_pkey on sbtest6  (cost=0.43..35.94 rows=9 width=121)
	  Index Cond: ((id >= 3058859) AND (id <= 3058868))

table 7 : explain SELECT c FROM sbtest7 WHERE id BETWEEN 8669113 AND 8669122
	Index Scan using sbtest7_pkey on sbtest7  (cost=0.43..39.33 rows=10 width=121)
	  Index Cond: ((id >= 8669113) AND (id <= 8669122))

table 8 : explain SELECT c FROM sbtest8 WHERE id BETWEEN 7744881 AND 7744890
	Index Scan using sbtest8_pkey on sbtest8  (cost=0.43..42.51 rows=11 width=121)
	  Index Cond: ((id >= 7744881) AND (id <= 7744890))

for: sum_ranges
table 1 : explain SELECT SUM(k) FROM sbtest1 WHERE id BETWEEN 9323101 AND 9323110
	Aggregate  (cost=39.62..39.63 rows=1 width=8)
	  ->  Index Scan using sbtest1_pkey on sbtest1  (cost=0.43..39.59 rows=10 width=4)
	        Index Cond: ((id >= 9323101) AND (id <= 9323110))

table 2 : explain SELECT SUM(k) FROM sbtest2 WHERE id BETWEEN 5525590 AND 5525599
	Aggregate  (cost=39.50..39.51 rows=1 width=8)
	  ->  Index Scan using sbtest2_pkey on sbtest2  (cost=0.43..39.48 rows=10 width=4)
	        Index Cond: ((id >= 5525590) AND (id <= 5525599))

table 3 : explain SELECT SUM(k) FROM sbtest3 WHERE id BETWEEN 3578587 AND 3578596
	Aggregate  (cost=39.23..39.24 rows=1 width=8)
	  ->  Index Scan using sbtest3_pkey on sbtest3  (cost=0.43..39.21 rows=10 width=4)
	        Index Cond: ((id >= 3578587) AND (id <= 3578596))

table 4 : explain SELECT SUM(k) FROM sbtest4 WHERE id BETWEEN 3850316 AND 3850325
	Aggregate  (cost=42.81..42.82 rows=1 width=8)
	  ->  Index Scan using sbtest4_pkey on sbtest4  (cost=0.43..42.79 rows=11 width=4)
	        Index Cond: ((id >= 3850316) AND (id <= 3850325))

table 5 : explain SELECT SUM(k) FROM sbtest5 WHERE id BETWEEN 8536877 AND 8536886
	Aggregate  (cost=39.53..39.54 rows=1 width=8)
	  ->  Index Scan using sbtest5_pkey on sbtest5  (cost=0.43..39.51 rows=10 width=4)
	        Index Cond: ((id >= 8536877) AND (id <= 8536886))

table 6 : explain SELECT SUM(k) FROM sbtest6 WHERE id BETWEEN 4058595 AND 4058604
	Aggregate  (cost=39.40..39.41 rows=1 width=8)
	  ->  Index Scan using sbtest6_pkey on sbtest6  (cost=0.43..39.37 rows=10 width=4)
	        Index Cond: ((id >= 4058595) AND (id <= 4058604))

table 7 : explain SELECT SUM(k) FROM sbtest7 WHERE id BETWEEN 5761080 AND 5761089
	Aggregate  (cost=42.78..42.79 rows=1 width=8)
	  ->  Index Scan using sbtest7_pkey on sbtest7  (cost=0.43..42.76 rows=11 width=4)
	        Index Cond: ((id >= 5761080) AND (id <= 5761089))

table 8 : explain SELECT SUM(k) FROM sbtest8 WHERE id BETWEEN 3228920 AND 3228929
	Aggregate  (cost=39.13..39.14 rows=1 width=8)
	  ->  Index Scan using sbtest8_pkey on sbtest8  (cost=0.43..39.11 rows=10 width=4)
	        Index Cond: ((id >= 3228920) AND (id <= 3228929))

for: order_ranges
table 1 : explain SELECT c FROM sbtest1 WHERE id BETWEEN 3343544 AND 3343553 ORDER BY c
	Sort  (cost=39.76..39.78 rows=10 width=121)
	  Sort Key: c
	  ->  Index Scan using sbtest1_pkey on sbtest1  (cost=0.43..39.59 rows=10 width=121)
	        Index Cond: ((id >= 3343544) AND (id <= 3343553))

table 2 : explain SELECT c FROM sbtest2 WHERE id BETWEEN 7453981 AND 7453990 ORDER BY c
	Sort  (cost=39.64..39.67 rows=10 width=121)
	  Sort Key: c
	  ->  Index Scan using sbtest2_pkey on sbtest2  (cost=0.43..39.48 rows=10 width=121)
	        Index Cond: ((id >= 7453981) AND (id <= 7453990))

table 3 : explain SELECT c FROM sbtest3 WHERE id BETWEEN 1288320 AND 1288329 ORDER BY c
	Sort  (cost=39.37..39.40 rows=10 width=121)
	  Sort Key: c
	  ->  Index Scan using sbtest3_pkey on sbtest3  (cost=0.43..39.21 rows=10 width=121)
	        Index Cond: ((id >= 1288320) AND (id <= 1288329))

table 4 : explain SELECT c FROM sbtest4 WHERE id BETWEEN 6363499 AND 6363508 ORDER BY c
	Sort  (cost=39.52..39.54 rows=10 width=121)
	  Sort Key: c
	  ->  Index Scan using sbtest4_pkey on sbtest4  (cost=0.43..39.35 rows=10 width=121)
	        Index Cond: ((id >= 6363499) AND (id <= 6363508))

table 5 : explain SELECT c FROM sbtest5 WHERE id BETWEEN 2715459 AND 2715468 ORDER BY c
	Sort  (cost=43.15..43.18 rows=11 width=121)
	  Sort Key: c
	  ->  Index Scan using sbtest5_pkey on sbtest5  (cost=0.43..42.96 rows=11 width=121)
	        Index Cond: ((id >= 2715459) AND (id <= 2715468))

table 6 : explain SELECT c FROM sbtest6 WHERE id BETWEEN 5492593 AND 5492602 ORDER BY c
	Sort  (cost=39.54..39.57 rows=10 width=121)
	  Sort Key: c
	  ->  Index Scan using sbtest6_pkey on sbtest6  (cost=0.43..39.37 rows=10 width=121)
	        Index Cond: ((id >= 5492593) AND (id <= 5492602))

table 7 : explain SELECT c FROM sbtest7 WHERE id BETWEEN 2607570 AND 2607579 ORDER BY c
	Sort  (cost=42.95..42.97 rows=11 width=121)
	  Sort Key: c
	  ->  Index Scan using sbtest7_pkey on sbtest7  (cost=0.43..42.76 rows=11 width=121)
	        Index Cond: ((id >= 2607570) AND (id <= 2607579))

table 8 : explain SELECT c FROM sbtest8 WHERE id BETWEEN 4438135 AND 4438144 ORDER BY c
	Sort  (cost=39.27..39.30 rows=10 width=121)
	  Sort Key: c
	  ->  Index Scan using sbtest8_pkey on sbtest8  (cost=0.43..39.11 rows=10 width=121)
	        Index Cond: ((id >= 4438135) AND (id <= 4438144))

explain: for non_index_updates :: explain UPDATE sbtest%u SET c='foobar' WHERE id=%u
for: simple_ranges
table 1 : explain SELECT c FROM sbtest1 WHERE id BETWEEN 2098578 AND 2098587
	Index Scan using sbtest1_pkey on sbtest1  (cost=0.43..39.59 rows=10 width=121)
	  Index Cond: ((id >= 2098578) AND (id <= 2098587))

table 2 : explain SELECT c FROM sbtest2 WHERE id BETWEEN 853278 AND 853287
	Index Scan using sbtest2_pkey on sbtest2  (cost=0.43..36.03 rows=9 width=121)
	  Index Cond: ((id >= 853278) AND (id <= 853287))

table 3 : explain SELECT c FROM sbtest3 WHERE id BETWEEN 5891683 AND 5891692
	Index Scan using sbtest3_pkey on sbtest3  (cost=0.43..42.62 rows=11 width=121)
	  Index Cond: ((id >= 5891683) AND (id <= 5891692))

table 4 : explain SELECT c FROM sbtest4 WHERE id BETWEEN 7974149 AND 7974158
	Index Scan using sbtest4_pkey on sbtest4  (cost=0.43..39.35 rows=10 width=121)
	  Index Cond: ((id >= 7974149) AND (id <= 7974158))

table 5 : explain SELECT c FROM sbtest5 WHERE id BETWEEN 5275701 AND 5275710
	Index Scan using sbtest5_pkey on sbtest5  (cost=0.43..36.06 rows=9 width=121)
	  Index Cond: ((id >= 5275701) AND (id <= 5275710))

table 6 : explain SELECT c FROM sbtest6 WHERE id BETWEEN 1856428 AND 1856437
	Index Scan using sbtest6_pkey on sbtest6  (cost=0.43..39.37 rows=10 width=121)
	  Index Cond: ((id >= 1856428) AND (id <= 1856437))

table 7 : explain SELECT c FROM sbtest7 WHERE id BETWEEN 8593123 AND 8593132
	Index Scan using sbtest7_pkey on sbtest7  (cost=0.43..39.33 rows=10 width=121)
	  Index Cond: ((id >= 8593123) AND (id <= 8593132))

table 8 : explain SELECT c FROM sbtest8 WHERE id BETWEEN 974251 AND 974260
	Index Scan using sbtest8_pkey on sbtest8  (cost=0.43..35.70 rows=9 width=121)
	  Index Cond: ((id >= 974251) AND (id <= 974260))
explain: for inserts :: explain INSERT INTO sbtest%u (id, k, c, pad) VALUES (%u, 13, 'foobar', 'foobar')

for: sum_ranges
table 1 : explain SELECT SUM(k) FROM sbtest1 WHERE id BETWEEN 3138967 AND 3138976
	Aggregate  (cost=39.62..39.63 rows=1 width=8)
	  ->  Index Scan using sbtest1_pkey on sbtest1  (cost=0.43..39.59 rows=10 width=4)
	        Index Cond: ((id >= 3138967) AND (id <= 3138976))

table 2 : explain SELECT SUM(k) FROM sbtest2 WHERE id BETWEEN 409174 AND 409183
	Aggregate  (cost=39.50..39.51 rows=1 width=8)
	  ->  Index Scan using sbtest2_pkey on sbtest2  (cost=0.43..39.48 rows=10 width=4)
	        Index Cond: ((id >= 409174) AND (id <= 409183))

table 3 : explain SELECT SUM(k) FROM sbtest3 WHERE id BETWEEN 9389391 AND 9389400
	Aggregate  (cost=39.23..39.24 rows=1 width=8)
	  ->  Index Scan using sbtest3_pkey on sbtest3  (cost=0.43..39.21 rows=10 width=4)
	        Index Cond: ((id >= 9389391) AND (id <= 9389400))

table 4 : explain SELECT SUM(k) FROM sbtest4 WHERE id BETWEEN 8859468 AND 8859477
	Aggregate  (cost=35.94..35.95 rows=1 width=8)
	  ->  Index Scan using sbtest4_pkey on sbtest4  (cost=0.43..35.92 rows=9 width=4)
	        Index Cond: ((id >= 8859468) AND (id <= 8859477))

table 5 : explain SELECT SUM(k) FROM sbtest5 WHERE id BETWEEN 3514379 AND 3514388
	Aggregate  (cost=39.53..39.54 rows=1 width=8)
	  ->  Index Scan using sbtest5_pkey on sbtest5  (cost=0.43..39.51 rows=10 width=4)
	        Index Cond: ((id >= 3514379) AND (id <= 3514388))

table 6 : explain SELECT SUM(k) FROM sbtest6 WHERE id BETWEEN 5858783 AND 5858792
	Aggregate  (cost=42.84..42.85 rows=1 width=8)
	  ->  Index Scan using sbtest6_pkey on sbtest6  (cost=0.43..42.81 rows=11 width=4)
	        Index Cond: ((id >= 5858783) AND (id <= 5858792))

table 7 : explain SELECT SUM(k) FROM sbtest7 WHERE id BETWEEN 5209935 AND 5209944
	Aggregate  (cost=42.78..42.79 rows=1 width=8)
	  ->  Index Scan using sbtest7_pkey on sbtest7  (cost=0.43..42.76 rows=11 width=4)
	        Index Cond: ((id >= 5209935) AND (id <= 5209944))

table 8 : explain SELECT SUM(k) FROM sbtest8 WHERE id BETWEEN 8667446 AND 8667455
	Aggregate  (cost=49.36..49.37 rows=1 width=8)
	  ->  Index Scan using sbtest8_pkey on sbtest8  (cost=0.43..49.33 rows=13 width=4)
	        Index Cond: ((id >= 8667446) AND (id <= 8667455))

for: distinct_ranges
table 1 : explain SELECT DISTINCT c FROM sbtest1 WHERE id BETWEEN 1447283 AND 1447292 ORDER BY c
	Unique  (cost=39.76..39.81 rows=10 width=121)
	  ->  Sort  (cost=39.76..39.78 rows=10 width=121)
	        Sort Key: c
	        ->  Index Scan using sbtest1_pkey on sbtest1  (cost=0.43..39.59 rows=10 width=121)
	              Index Cond: ((id >= 1447283) AND (id <= 1447292))

table 2 : explain SELECT DISTINCT c FROM sbtest2 WHERE id BETWEEN 6721995 AND 6722004 ORDER BY c
	Unique  (cost=39.64..39.69 rows=10 width=121)
	  ->  Sort  (cost=39.64..39.67 rows=10 width=121)
	        Sort Key: c
	        ->  Index Scan using sbtest2_pkey on sbtest2  (cost=0.43..39.48 rows=10 width=121)
	              Index Cond: ((id >= 6721995) AND (id <= 6722004))

table 3 : explain SELECT DISTINCT c FROM sbtest3 WHERE id BETWEEN 837482 AND 837491 ORDER BY c
	Unique  (cost=39.37..39.42 rows=10 width=121)
	  ->  Sort  (cost=39.37..39.40 rows=10 width=121)
	        Sort Key: c
	        ->  Index Scan using sbtest3_pkey on sbtest3  (cost=0.43..39.21 rows=10 width=121)
	              Index Cond: ((id >= 837482) AND (id <= 837491))

table 4 : explain SELECT DISTINCT c FROM sbtest4 WHERE id BETWEEN 3571823 AND 3571832 ORDER BY c
	Unique  (cost=39.52..39.57 rows=10 width=121)
	  ->  Sort  (cost=39.52..39.54 rows=10 width=121)
	        Sort Key: c
	        ->  Index Scan using sbtest4_pkey on sbtest4  (cost=0.43..39.35 rows=10 width=121)
	              Index Cond: ((id >= 3571823) AND (id <= 3571832))

table 5 : explain SELECT DISTINCT c FROM sbtest5 WHERE id BETWEEN 5514949 AND 5514958 ORDER BY c
	Unique  (cost=39.68..39.73 rows=10 width=121)
	  ->  Sort  (cost=39.68..39.70 rows=10 width=121)
	        Sort Key: c
	        ->  Index Scan using sbtest5_pkey on sbtest5  (cost=0.43..39.51 rows=10 width=121)
	              Index Cond: ((id >= 5514949) AND (id <= 5514958))

table 6 : explain SELECT DISTINCT c FROM sbtest6 WHERE id BETWEEN 5499554 AND 5499563 ORDER BY c
	Unique  (cost=39.54..39.59 rows=10 width=121)
	  ->  Sort  (cost=39.54..39.57 rows=10 width=121)
	        Sort Key: c
	        ->  Index Scan using sbtest6_pkey on sbtest6  (cost=0.43..39.37 rows=10 width=121)
	              Index Cond: ((id >= 5499554) AND (id <= 5499563))

table 7 : explain SELECT DISTINCT c FROM sbtest7 WHERE id BETWEEN 4743209 AND 4743218 ORDER BY c
	Unique  (cost=39.49..39.54 rows=10 width=121)
	  ->  Sort  (cost=39.49..39.52 rows=10 width=121)
	        Sort Key: c
	        ->  Index Scan using sbtest7_pkey on sbtest7  (cost=0.43..39.33 rows=10 width=121)
	              Index Cond: ((id >= 4743209) AND (id <= 4743218))

table 8 : explain SELECT DISTINCT c FROM sbtest8 WHERE id BETWEEN 5979840 AND 5979849 ORDER BY c
	Unique  (cost=39.27..39.32 rows=10 width=121)
	  ->  Sort  (cost=39.27..39.30 rows=10 width=121)
	        Sort Key: c
	        ->  Index Scan using sbtest8_pkey on sbtest8  (cost=0.43..39.11 rows=10 width=121)
	              Index Cond: ((id >= 5979840) AND (id <= 5979849))

for inserts
table 1 : explain INSERT INTO sbtest1 (id, k, c, pad) VALUES (9246093, 13, 'foobar', 'foobar')
	Insert on sbtest1  (cost=0.00..0.01 rows=0 width=0)
	  ->  Result  (cost=0.00..0.01 rows=1 width=736)

table 2 : explain INSERT INTO sbtest2 (id, k, c, pad) VALUES (5451917, 13, 'foobar', 'foobar')
	Insert on sbtest2  (cost=0.00..0.01 rows=0 width=0)
	  ->  Result  (cost=0.00..0.01 rows=1 width=736)

table 3 : explain INSERT INTO sbtest3 (id, k, c, pad) VALUES (3628606, 13, 'foobar', 'foobar')
	Insert on sbtest3  (cost=0.00..0.01 rows=0 width=0)
	  ->  Result  (cost=0.00..0.01 rows=1 width=736)

table 4 : explain INSERT INTO sbtest4 (id, k, c, pad) VALUES (2628866, 13, 'foobar', 'foobar')
	Insert on sbtest4  (cost=0.00..0.01 rows=0 width=0)
	  ->  Result  (cost=0.00..0.01 rows=1 width=736)

table 5 : explain INSERT INTO sbtest5 (id, k, c, pad) VALUES (8591986, 13, 'foobar', 'foobar')
	Insert on sbtest5  (cost=0.00..0.01 rows=0 width=0)
	  ->  Result  (cost=0.00..0.01 rows=1 width=736)

table 6 : explain INSERT INTO sbtest6 (id, k, c, pad) VALUES (1471633, 13, 'foobar', 'foobar')
	Insert on sbtest6  (cost=0.00..0.01 rows=0 width=0)
	  ->  Result  (cost=0.00..0.01 rows=1 width=736)

table 7 : explain INSERT INTO sbtest7 (id, k, c, pad) VALUES (4243642, 13, 'foobar', 'foobar')
	Insert on sbtest7  (cost=0.00..0.01 rows=0 width=0)
	  ->  Result  (cost=0.00..0.01 rows=1 width=736)

table 8 : explain INSERT INTO sbtest8 (id, k, c, pad) VALUES (1558105, 13, 'foobar', 'foobar')
	Insert on sbtest8  (cost=0.00..0.01 rows=0 width=0)
	  ->  Result  (cost=0.00..0.01 rows=1 width=736)

for point_selects
table 1 : explain SELECT c FROM sbtest1 WHERE id=5943351
	Index Scan using sbtest1_pkey on sbtest1  (cost=0.43..8.45 rows=1 width=121)
	  Index Cond: (id = 5943351)

table 2 : explain SELECT c FROM sbtest2 WHERE id=9909060
	Index Scan using sbtest2_pkey on sbtest2  (cost=0.43..8.45 rows=1 width=121)
	  Index Cond: (id = 9909060)

table 3 : explain SELECT c FROM sbtest3 WHERE id=9906440
	Index Scan using sbtest3_pkey on sbtest3  (cost=0.43..8.45 rows=1 width=121)
	  Index Cond: (id = 9906440)

table 4 : explain SELECT c FROM sbtest4 WHERE id=2069754
	Index Scan using sbtest4_pkey on sbtest4  (cost=0.43..8.45 rows=1 width=121)
	  Index Cond: (id = 2069754)

table 5 : explain SELECT c FROM sbtest5 WHERE id=3258849
	Index Scan using sbtest5_pkey on sbtest5  (cost=0.43..8.45 rows=1 width=121)
	  Index Cond: (id = 3258849)

table 6 : explain SELECT c FROM sbtest6 WHERE id=5842703
	Index Scan using sbtest6_pkey on sbtest6  (cost=0.43..8.45 rows=1 width=121)
	  Index Cond: (id = 5842703)

table 7 : explain SELECT c FROM sbtest7 WHERE id=5746744
	Index Scan using sbtest7_pkey on sbtest7  (cost=0.43..8.45 rows=1 width=121)
	  Index Cond: (id = 5746744)

table 8 : explain SELECT c FROM sbtest8 WHERE id=4595573
	Index Scan using sbtest8_pkey on sbtest8  (cost=0.43..8.45 rows=1 width=121)
	  Index Cond: (id = 4595573)

for: order_ranges
table 1 : explain SELECT c FROM sbtest1 WHERE id BETWEEN 4468255 AND 4468264 ORDER BY c
	Sort  (cost=43.24..43.27 rows=11 width=121)
	  Sort Key: c
	  ->  Index Scan using sbtest1_pkey on sbtest1  (cost=0.43..43.05 rows=11 width=121)
	        Index Cond: ((id >= 4468255) AND (id <= 4468264))

table 2 : explain SELECT c FROM sbtest2 WHERE id BETWEEN 6477917 AND 6477926 ORDER BY c
	Sort  (cost=39.64..39.67 rows=10 width=121)
	  Sort Key: c
	  ->  Index Scan using sbtest2_pkey on sbtest2  (cost=0.43..39.48 rows=10 width=121)
	        Index Cond: ((id >= 6477917) AND (id <= 6477926))

table 3 : explain SELECT c FROM sbtest3 WHERE id BETWEEN 598544 AND 598553 ORDER BY c
	Sort  (cost=39.37..39.40 rows=10 width=121)
	  Sort Key: c
	  ->  Index Scan using sbtest3_pkey on sbtest3  (cost=0.43..39.21 rows=10 width=121)
	        Index Cond: ((id >= 598544) AND (id <= 598553))

table 4 : explain SELECT c FROM sbtest4 WHERE id BETWEEN 2883683 AND 2883692 ORDER BY c
	Sort  (cost=36.06..36.09 rows=9 width=121)
	  Sort Key: c
	  ->  Index Scan using sbtest4_pkey on sbtest4  (cost=0.43..35.92 rows=9 width=121)
	        Index Cond: ((id >= 2883683) AND (id <= 2883692))

table 5 : explain SELECT c FROM sbtest5 WHERE id BETWEEN 6925731 AND 6925740 ORDER BY c
	Sort  (cost=39.68..39.70 rows=10 width=121)
	  Sort Key: c
	  ->  Index Scan using sbtest5_pkey on sbtest5  (cost=0.43..39.51 rows=10 width=121)
	        Index Cond: ((id >= 6925731) AND (id <= 6925740))

table 6 : explain SELECT c FROM sbtest6 WHERE id BETWEEN 3613383 AND 3613392 ORDER BY c
	Sort  (cost=36.08..36.10 rows=9 width=121)
	  Sort Key: c
	  ->  Index Scan using sbtest6_pkey on sbtest6  (cost=0.43..35.94 rows=9 width=121)
	        Index Cond: ((id >= 3613383) AND (id <= 3613392))

table 7 : explain SELECT c FROM sbtest7 WHERE id BETWEEN 4039835 AND 4039844 ORDER BY c
	Sort  (cost=39.49..39.52 rows=10 width=121)
	  Sort Key: c
	  ->  Index Scan using sbtest7_pkey on sbtest7  (cost=0.43..39.33 rows=10 width=121)
	        Index Cond: ((id >= 4039835) AND (id <= 4039844))

table 8 : explain SELECT c FROM sbtest8 WHERE id BETWEEN 1339134 AND 1339143 ORDER BY c
	Sort  (cost=39.27..39.30 rows=10 width=121)
	  Sort Key: c
	  ->  Index Scan using sbtest8_pkey on sbtest8  (cost=0.43..39.11 rows=10 width=121)
	        Index Cond: ((id >= 1339134) AND (id <= 1339143))

for non_index_updates
table 1 : explain UPDATE sbtest1 SET c='foobar' WHERE id=9758105
	Update on sbtest1  (cost=0.43..8.45 rows=0 width=0)
	  ->  Index Scan using sbtest1_pkey on sbtest1  (cost=0.43..8.45 rows=1 width=490)
	        Index Cond: (id = 9758105)

table 2 : explain UPDATE sbtest2 SET c='foobar' WHERE id=1589643
	Update on sbtest2  (cost=0.43..8.45 rows=0 width=0)
	  ->  Index Scan using sbtest2_pkey on sbtest2  (cost=0.43..8.45 rows=1 width=490)
	        Index Cond: (id = 1589643)

table 3 : explain UPDATE sbtest3 SET c='foobar' WHERE id=3578566
	Update on sbtest3  (cost=0.43..8.45 rows=0 width=0)
	  ->  Index Scan using sbtest3_pkey on sbtest3  (cost=0.43..8.45 rows=1 width=490)
	        Index Cond: (id = 3578566)

table 4 : explain UPDATE sbtest4 SET c='foobar' WHERE id=6708249
	Update on sbtest4  (cost=0.43..8.45 rows=0 width=0)
	  ->  Index Scan using sbtest4_pkey on sbtest4  (cost=0.43..8.45 rows=1 width=490)
	        Index Cond: (id = 6708249)

table 5 : explain UPDATE sbtest5 SET c='foobar' WHERE id=323155
	Update on sbtest5  (cost=0.43..8.45 rows=0 width=0)
	  ->  Index Scan using sbtest5_pkey on sbtest5  (cost=0.43..8.45 rows=1 width=490)
	        Index Cond: (id = 323155)

table 6 : explain UPDATE sbtest6 SET c='foobar' WHERE id=9066997
	Update on sbtest6  (cost=0.43..8.45 rows=0 width=0)
	  ->  Index Scan using sbtest6_pkey on sbtest6  (cost=0.43..8.45 rows=1 width=490)
	        Index Cond: (id = 9066997)

table 7 : explain UPDATE sbtest7 SET c='foobar' WHERE id=9782736
	Update on sbtest7  (cost=0.43..8.45 rows=0 width=0)
	  ->  Index Scan using sbtest7_pkey on sbtest7  (cost=0.43..8.45 rows=1 width=490)
	        Index Cond: (id = 9782736)

table 8 : explain UPDATE sbtest8 SET c='foobar' WHERE id=3774602
	Update on sbtest8  (cost=0.43..8.45 rows=0 width=0)
	  ->  Index Scan using sbtest8_pkey on sbtest8  (cost=0.43..8.45 rows=1 width=490)
	        Index Cond: (id = 3774602)

explain: for index_updates :: explain UPDATE sbtest%u SET k=k+1 WHERE id=%u
explain: for deletes :: explain DELETE FROM sbtest%u WHERE id=%u
for: distinct_ranges
table 1 : explain SELECT DISTINCT c FROM sbtest1 WHERE id BETWEEN 3628014 AND 3628023 ORDER BY c
	Unique  (cost=39.76..39.81 rows=10 width=121)
	  ->  Sort  (cost=39.76..39.78 rows=10 width=121)
	        Sort Key: c
	        ->  Index Scan using sbtest1_pkey on sbtest1  (cost=0.43..39.59 rows=10 width=121)
	              Index Cond: ((id >= 3628014) AND (id <= 3628023))

table 2 : explain SELECT DISTINCT c FROM sbtest2 WHERE id BETWEEN 3605441 AND 3605450 ORDER BY c
	Unique  (cost=39.64..39.69 rows=10 width=121)
	  ->  Sort  (cost=39.64..39.67 rows=10 width=121)
	        Sort Key: c
	        ->  Index Scan using sbtest2_pkey on sbtest2  (cost=0.43..39.48 rows=10 width=121)
	              Index Cond: ((id >= 3605441) AND (id <= 3605450))

table 3 : explain SELECT DISTINCT c FROM sbtest3 WHERE id BETWEEN 726637 AND 726646 ORDER BY c
	Unique  (cost=42.81..42.87 rows=11 width=121)
	  ->  Sort  (cost=42.81..42.84 rows=11 width=121)
	        Sort Key: c
	        ->  Index Scan using sbtest3_pkey on sbtest3  (cost=0.43..42.62 rows=11 width=121)
	              Index Cond: ((id >= 726637) AND (id <= 726646))

table 4 : explain SELECT DISTINCT c FROM sbtest4 WHERE id BETWEEN 1303321 AND 1303330 ORDER BY c
	Unique  (cost=42.98..43.03 rows=11 width=121)
	  ->  Sort  (cost=42.98..43.00 rows=11 width=121)
	        Sort Key: c
	        ->  Index Scan using sbtest4_pkey on sbtest4  (cost=0.43..42.79 rows=11 width=121)
	              Index Cond: ((id >= 1303321) AND (id <= 1303330))

table 5 : explain SELECT DISTINCT c FROM sbtest5 WHERE id BETWEEN 8875843 AND 8875852 ORDER BY c
	Unique  (cost=43.15..43.21 rows=11 width=121)
	  ->  Sort  (cost=43.15..43.18 rows=11 width=121)
	        Sort Key: c
	        ->  Index Scan using sbtest5_pkey on sbtest5  (cost=0.43..42.96 rows=11 width=121)
	              Index Cond: ((id >= 8875843) AND (id <= 8875852))

table 6 : explain SELECT DISTINCT c FROM sbtest6 WHERE id BETWEEN 8591066 AND 8591075 ORDER BY c
	Unique  (cost=43.00..43.05 rows=11 width=121)
	  ->  Sort  (cost=43.00..43.03 rows=11 width=121)
	        Sort Key: c
	        ->  Index Scan using sbtest6_pkey on sbtest6  (cost=0.43..42.81 rows=11 width=121)
	              Index Cond: ((id >= 8591066) AND (id <= 8591075))

table 7 : explain SELECT DISTINCT c FROM sbtest7 WHERE id BETWEEN 4065503 AND 4065512 ORDER BY c
	Unique  (cost=36.04..36.08 rows=9 width=121)
	  ->  Sort  (cost=36.04..36.06 rows=9 width=121)
	        Sort Key: c
	        ->  Index Scan using sbtest7_pkey on sbtest7  (cost=0.43..35.90 rows=9 width=121)
	              Index Cond: ((id >= 4065503) AND (id <= 4065512))

table 8 : explain SELECT DISTINCT c FROM sbtest8 WHERE id BETWEEN 3473536 AND 3473545 ORDER BY c
	Unique  (cost=39.27..39.32 rows=10 width=121)
	  ->  Sort  (cost=39.27..39.30 rows=10 width=121)
	        Sort Key: c
	        ->  Index Scan using sbtest8_pkey on sbtest8  (cost=0.43..39.11 rows=10 width=121)
	              Index Cond: ((id >= 3473536) AND (id <= 3473545))

for: sum_ranges
table 1 : explain SELECT SUM(k) FROM sbtest1 WHERE id BETWEEN 6258887 AND 6258896
	Aggregate  (cost=39.62..39.63 rows=1 width=8)
	  ->  Index Scan using sbtest1_pkey on sbtest1  (cost=0.43..39.59 rows=10 width=4)
	        Index Cond: ((id >= 6258887) AND (id <= 6258896))

table 2 : explain SELECT SUM(k) FROM sbtest2 WHERE id BETWEEN 7205909 AND 7205918
	Aggregate  (cost=39.50..39.51 rows=1 width=8)
	  ->  Index Scan using sbtest2_pkey on sbtest2  (cost=0.43..39.48 rows=10 width=4)
	        Index Cond: ((id >= 7205909) AND (id <= 7205918))

table 3 : explain SELECT SUM(k) FROM sbtest3 WHERE id BETWEEN 9801842 AND 9801851
	Aggregate  (cost=39.23..39.24 rows=1 width=8)
	  ->  Index Scan using sbtest3_pkey on sbtest3  (cost=0.43..39.21 rows=10 width=4)
	        Index Cond: ((id >= 9801842) AND (id <= 9801851))

table 4 : explain SELECT SUM(k) FROM sbtest4 WHERE id BETWEEN 277911 AND 277920
	Aggregate  (cost=39.38..39.39 rows=1 width=8)
	  ->  Index Scan using sbtest4_pkey on sbtest4  (cost=0.43..39.35 rows=10 width=4)
	        Index Cond: ((id >= 277911) AND (id <= 277920))

table 5 : explain SELECT SUM(k) FROM sbtest5 WHERE id BETWEEN 9715611 AND 9715620
	Aggregate  (cost=39.53..39.54 rows=1 width=8)
	  ->  Index Scan using sbtest5_pkey on sbtest5  (cost=0.43..39.51 rows=10 width=4)
	        Index Cond: ((id >= 9715611) AND (id <= 9715620))

table 6 : explain SELECT SUM(k) FROM sbtest6 WHERE id BETWEEN 993854 AND 993863
	Aggregate  (cost=39.40..39.41 rows=1 width=8)
	  ->  Index Scan using sbtest6_pkey on sbtest6  (cost=0.43..39.37 rows=10 width=4)
	        Index Cond: ((id >= 993854) AND (id <= 993863))

table 7 : explain SELECT SUM(k) FROM sbtest7 WHERE id BETWEEN 2174025 AND 2174034
	Aggregate  (cost=39.35..39.36 rows=1 width=8)
	  ->  Index Scan using sbtest7_pkey on sbtest7  (cost=0.43..39.33 rows=10 width=4)
	        Index Cond: ((id >= 2174025) AND (id <= 2174034))

table 8 : explain SELECT SUM(k) FROM sbtest8 WHERE id BETWEEN 715163 AND 715172
	Aggregate  (cost=39.13..39.14 rows=1 width=8)
	  ->  Index Scan using sbtest8_pkey on sbtest8  (cost=0.43..39.11 rows=10 width=4)
	        Index Cond: ((id >= 715163) AND (id <= 715172))

explain: for index_updates :: explain UPDATE sbtest%u SET k=k+1 WHERE id=%u
for deletes
table 1 : explain DELETE FROM sbtest1 WHERE id=6759635
	Delete on sbtest1  (cost=0.43..8.45 rows=0 width=0)
	  ->  Index Scan using sbtest1_pkey on sbtest1  (cost=0.43..8.45 rows=1 width=6)
	        Index Cond: (id = 6759635)

table 2 : explain DELETE FROM sbtest2 WHERE id=607115
	Delete on sbtest2  (cost=0.43..8.45 rows=0 width=0)
	  ->  Index Scan using sbtest2_pkey on sbtest2  (cost=0.43..8.45 rows=1 width=6)
	        Index Cond: (id = 607115)

table 3 : explain DELETE FROM sbtest3 WHERE id=8556838
	Delete on sbtest3  (cost=0.43..8.45 rows=0 width=0)
	  ->  Index Scan using sbtest3_pkey on sbtest3  (cost=0.43..8.45 rows=1 width=6)
	        Index Cond: (id = 8556838)

table 4 : explain DELETE FROM sbtest4 WHERE id=5944590
	Delete on sbtest4  (cost=0.43..8.45 rows=0 width=0)
	  ->  Index Scan using sbtest4_pkey on sbtest4  (cost=0.43..8.45 rows=1 width=6)
	        Index Cond: (id = 5944590)

table 5 : explain DELETE FROM sbtest5 WHERE id=9625500
	Delete on sbtest5  (cost=0.43..8.45 rows=0 width=0)
	  ->  Index Scan using sbtest5_pkey on sbtest5  (cost=0.43..8.45 rows=1 width=6)
	        Index Cond: (id = 9625500)

table 6 : explain DELETE FROM sbtest6 WHERE id=2777531
	Delete on sbtest6  (cost=0.43..8.45 rows=0 width=0)
	  ->  Index Scan using sbtest6_pkey on sbtest6  (cost=0.43..8.45 rows=1 width=6)
	        Index Cond: (id = 2777531)

table 7 : explain DELETE FROM sbtest7 WHERE id=938236
	Delete on sbtest7  (cost=0.43..8.45 rows=0 width=0)
	  ->  Index Scan using sbtest7_pkey on sbtest7  (cost=0.43..8.45 rows=1 width=6)
	        Index Cond: (id = 938236)

table 8 : explain DELETE FROM sbtest8 WHERE id=5319493
	Delete on sbtest8  (cost=0.43..8.45 rows=0 width=0)
	  ->  Index Scan using sbtest8_pkey on sbtest8  (cost=0.43..8.45 rows=1 width=6)
	        Index Cond: (id = 5319493)

for index_updates
table 1 : explain UPDATE sbtest1 SET k=k+1 WHERE id=8125652
	Update on sbtest1  (cost=0.43..8.46 rows=0 width=0)
	  ->  Index Scan using sbtest1_pkey on sbtest1  (cost=0.43..8.46 rows=1 width=10)
	        Index Cond: (id = 8125652)

table 2 : explain UPDATE sbtest2 SET k=k+1 WHERE id=6464132
	Update on sbtest2  (cost=0.43..8.46 rows=0 width=0)
	  ->  Index Scan using sbtest2_pkey on sbtest2  (cost=0.43..8.46 rows=1 width=10)
	        Index Cond: (id = 6464132)

table 3 : explain UPDATE sbtest3 SET k=k+1 WHERE id=2088996
	Update on sbtest3  (cost=0.43..8.46 rows=0 width=0)
	  ->  Index Scan using sbtest3_pkey on sbtest3  (cost=0.43..8.46 rows=1 width=10)
	        Index Cond: (id = 2088996)

table 4 : explain UPDATE sbtest4 SET k=k+1 WHERE id=2712726
	Update on sbtest4  (cost=0.43..8.46 rows=0 width=0)
	  ->  Index Scan using sbtest4_pkey on sbtest4  (cost=0.43..8.46 rows=1 width=10)
	        Index Cond: (id = 2712726)

table 5 : explain UPDATE sbtest5 SET k=k+1 WHERE id=4637450
	Update on sbtest5  (cost=0.43..8.46 rows=0 width=0)
	  ->  Index Scan using sbtest5_pkey on sbtest5  (cost=0.43..8.46 rows=1 width=10)
	        Index Cond: (id = 4637450)

table 6 : explain UPDATE sbtest6 SET k=k+1 WHERE id=7181338
	Update on sbtest6  (cost=0.43..8.46 rows=0 width=0)
	  ->  Index Scan using sbtest6_pkey on sbtest6  (cost=0.43..8.46 rows=1 width=10)
	        Index Cond: (id = 7181338)

table 7 : explain UPDATE sbtest7 SET k=k+1 WHERE id=8950071
	Update on sbtest7  (cost=0.43..8.46 rows=0 width=0)
	  ->  Index Scan using sbtest7_pkey on sbtest7  (cost=0.43..8.46 rows=1 width=10)
	        Index Cond: (id = 8950071)

table 8 : explain UPDATE sbtest8 SET k=k+1 WHERE id=5978989
	Update on sbtest8  (cost=0.43..8.46 rows=0 width=0)
	  ->  Index Scan using sbtest8_pkey on sbtest8  (cost=0.43..8.46 rows=1 width=10)
	        Index Cond: (id = 5978989)

for: simple_ranges
table 1 : explain SELECT c FROM sbtest1 WHERE id BETWEEN 2509205 AND 2509214
	Index Scan using sbtest1_pkey on sbtest1  (cost=0.43..39.59 rows=10 width=121)
	  Index Cond: ((id >= 2509205) AND (id <= 2509214))

table 2 : explain SELECT c FROM sbtest2 WHERE id BETWEEN 4267989 AND 4267998
	Index Scan using sbtest2_pkey on sbtest2  (cost=0.43..39.48 rows=10 width=121)
	  Index Cond: ((id >= 4267989) AND (id <= 4267998))

table 3 : explain SELECT c FROM sbtest3 WHERE id BETWEEN 3454970 AND 3454979
	Index Scan using sbtest3_pkey on sbtest3  (cost=0.43..39.21 rows=10 width=121)
	  Index Cond: ((id >= 3454970) AND (id <= 3454979))

table 4 : explain SELECT c FROM sbtest4 WHERE id BETWEEN 2573892 AND 2573901
	Index Scan using sbtest4_pkey on sbtest4  (cost=0.43..42.79 rows=11 width=121)
	  Index Cond: ((id >= 2573892) AND (id <= 2573901))

table 5 : explain SELECT c FROM sbtest5 WHERE id BETWEEN 4944540 AND 4944549
	Index Scan using sbtest5_pkey on sbtest5  (cost=0.43..36.06 rows=9 width=121)
	  Index Cond: ((id >= 4944540) AND (id <= 4944549))

table 6 : explain SELECT c FROM sbtest6 WHERE id BETWEEN 4614237 AND 4614246
	Index Scan using sbtest6_pkey on sbtest6  (cost=0.43..39.37 rows=10 width=121)
	  Index Cond: ((id >= 4614237) AND (id <= 4614246))

table 7 : explain SELECT c FROM sbtest7 WHERE id BETWEEN 7345261 AND 7345270
	Index Scan using sbtest7_pkey on sbtest7  (cost=0.43..35.90 rows=9 width=121)
	  Index Cond: ((id >= 7345261) AND (id <= 7345270))

table 8 : explain SELECT c FROM sbtest8 WHERE id BETWEEN 3446388 AND 3446397
	Index Scan using sbtest8_pkey on sbtest8  (cost=0.43..39.11 rows=10 width=121)
	  Index Cond: ((id >= 3446388) AND (id <= 3446397))

for: order_ranges
table 1 : explain SELECT c FROM sbtest1 WHERE id BETWEEN 6025674 AND 6025683 ORDER BY c
	Sort  (cost=36.28..36.30 rows=9 width=121)
	  Sort Key: c
	  ->  Index Scan using sbtest1_pkey on sbtest1  (cost=0.43..36.13 rows=9 width=121)
	        Index Cond: ((id >= 6025674) AND (id <= 6025683))

table 2 : explain SELECT c FROM sbtest2 WHERE id BETWEEN 9596511 AND 9596520 ORDER BY c
	Sort  (cost=43.11..43.14 rows=11 width=121)
	  Sort Key: c
	  ->  Index Scan using sbtest2_pkey on sbtest2  (cost=0.43..42.92 rows=11 width=121)
	        Index Cond: ((id >= 9596511) AND (id <= 9596520))

table 3 : explain SELECT c FROM sbtest3 WHERE id BETWEEN 1562207 AND 1562216 ORDER BY c
	Sort  (cost=39.37..39.40 rows=10 width=121)
	  Sort Key: c
	  ->  Index Scan using sbtest3_pkey on sbtest3  (cost=0.43..39.21 rows=10 width=121)
	        Index Cond: ((id >= 1562207) AND (id <= 1562216))

table 4 : explain SELECT c FROM sbtest4 WHERE id BETWEEN 4529121 AND 4529130 ORDER BY c
	Sort  (cost=39.52..39.54 rows=10 width=121)
	  Sort Key: c
	  ->  Index Scan using sbtest4_pkey on sbtest4  (cost=0.43..39.35 rows=10 width=121)
	        Index Cond: ((id >= 4529121) AND (id <= 4529130))

table 5 : explain SELECT c FROM sbtest5 WHERE id BETWEEN 63891 AND 63900 ORDER BY c
	Sort  (cost=39.68..39.70 rows=10 width=121)
	  Sort Key: c
	  ->  Index Scan using sbtest5_pkey on sbtest5  (cost=0.43..39.51 rows=10 width=121)
	        Index Cond: ((id >= 63891) AND (id <= 63900))

table 6 : explain SELECT c FROM sbtest6 WHERE id BETWEEN 5814163 AND 5814172 ORDER BY c
	Sort  (cost=43.00..43.03 rows=11 width=121)
	  Sort Key: c
	  ->  Index Scan using sbtest6_pkey on sbtest6  (cost=0.43..42.81 rows=11 width=121)
	        Index Cond: ((id >= 5814163) AND (id <= 5814172))

table 7 : explain SELECT c FROM sbtest7 WHERE id BETWEEN 5867618 AND 5867627 ORDER BY c
	Sort  (cost=39.49..39.52 rows=10 width=121)
	  Sort Key: c
	  ->  Index Scan using sbtest7_pkey on sbtest7  (cost=0.43..39.33 rows=10 width=121)
	        Index Cond: ((id >= 5867618) AND (id <= 5867627))

table 8 : explain SELECT c FROM sbtest8 WHERE id BETWEEN 2964174 AND 2964183 ORDER BY c
	Sort  (cost=39.27..39.30 rows=10 width=121)
	  Sort Key: c
	  ->  Index Scan using sbtest8_pkey on sbtest8  (cost=0.43..39.11 rows=10 width=121)
	        Index Cond: ((id >= 2964174) AND (id <= 2964183))

for: distinct_ranges
table 1 : explain SELECT DISTINCT c FROM sbtest1 WHERE id BETWEEN 9044334 AND 9044343 ORDER BY c
	Unique  (cost=43.24..43.30 rows=11 width=121)
	  ->  Sort  (cost=43.24..43.27 rows=11 width=121)
	        Sort Key: c
	        ->  Index Scan using sbtest1_pkey on sbtest1  (cost=0.43..43.05 rows=11 width=121)
	              Index Cond: ((id >= 9044334) AND (id <= 9044343))

table 2 : explain SELECT DISTINCT c FROM sbtest2 WHERE id BETWEEN 8786899 AND 8786908 ORDER BY c
	Unique  (cost=36.17..36.22 rows=9 width=121)
	  ->  Sort  (cost=36.17..36.19 rows=9 width=121)
	        Sort Key: c
	        ->  Index Scan using sbtest2_pkey on sbtest2  (cost=0.43..36.03 rows=9 width=121)
	              Index Cond: ((id >= 8786899) AND (id <= 8786908))

table 3 : explain SELECT DISTINCT c FROM sbtest3 WHERE id BETWEEN 2968895 AND 2968904 ORDER BY c
	Unique  (cost=39.37..39.42 rows=10 width=121)
	  ->  Sort  (cost=39.37..39.40 rows=10 width=121)
	        Sort Key: c
	        ->  Index Scan using sbtest3_pkey on sbtest3  (cost=0.43..39.21 rows=10 width=121)
	              Index Cond: ((id >= 2968895) AND (id <= 2968904))

table 4 : explain SELECT DISTINCT c FROM sbtest4 WHERE id BETWEEN 1637107 AND 1637116 ORDER BY c
	Unique  (cost=39.52..39.57 rows=10 width=121)
	  ->  Sort  (cost=39.52..39.54 rows=10 width=121)
	        Sort Key: c
	        ->  Index Scan using sbtest4_pkey on sbtest4  (cost=0.43..39.35 rows=10 width=121)
	              Index Cond: ((id >= 1637107) AND (id <= 1637116))

table 5 : explain SELECT DISTINCT c FROM sbtest5 WHERE id BETWEEN 9304487 AND 9304496 ORDER BY c
	Unique  (cost=39.68..39.73 rows=10 width=121)
	  ->  Sort  (cost=39.68..39.70 rows=10 width=121)
	        Sort Key: c
	        ->  Index Scan using sbtest5_pkey on sbtest5  (cost=0.43..39.51 rows=10 width=121)
	              Index Cond: ((id >= 9304487) AND (id <= 9304496))

table 6 : explain SELECT DISTINCT c FROM sbtest6 WHERE id BETWEEN 1263303 AND 1263312 ORDER BY c
	Unique  (cost=43.00..43.05 rows=11 width=121)
	  ->  Sort  (cost=43.00..43.03 rows=11 width=121)
	        Sort Key: c
	        ->  Index Scan using sbtest6_pkey on sbtest6  (cost=0.43..42.81 rows=11 width=121)
	              Index Cond: ((id >= 1263303) AND (id <= 1263312))

table 7 : explain SELECT DISTINCT c FROM sbtest7 WHERE id BETWEEN 9746429 AND 9746438 ORDER BY c
	Unique  (cost=39.49..39.54 rows=10 width=121)
	  ->  Sort  (cost=39.49..39.52 rows=10 width=121)
	        Sort Key: c
	        ->  Index Scan using sbtest7_pkey on sbtest7  (cost=0.43..39.33 rows=10 width=121)
	              Index Cond: ((id >= 9746429) AND (id <= 9746438))

table 8 : explain SELECT DISTINCT c FROM sbtest8 WHERE id BETWEEN 9266290 AND 9266299 ORDER BY c
	Unique  (cost=35.84..35.89 rows=9 width=121)
	  ->  Sort  (cost=35.84..35.87 rows=9 width=121)
	        Sort Key: c
	        ->  Index Scan using sbtest8_pkey on sbtest8  (cost=0.43..35.70 rows=9 width=121)
	              Index Cond: ((id >= 9266290) AND (id <= 9266299))

explain: for non_index_updates :: explain UPDATE sbtest%u SET c='foobar' WHERE id=%u
explain: for point_selects :: explain SELECT c FROM sbtest%u WHERE id=%u
explain: for inserts :: explain INSERT INTO sbtest%u (id, k, c, pad) VALUES (%u, 13, 'foobar', 'foobar')
for index_updates
table 1 : explain UPDATE sbtest1 SET k=k+1 WHERE id=9775230
	Update on sbtest1  (cost=0.43..8.46 rows=0 width=0)
	  ->  Index Scan using sbtest1_pkey on sbtest1  (cost=0.43..8.46 rows=1 width=10)
	        Index Cond: (id = 9775230)

table 2 : explain UPDATE sbtest2 SET k=k+1 WHERE id=5879488
	Update on sbtest2  (cost=0.43..8.46 rows=0 width=0)
	  ->  Index Scan using sbtest2_pkey on sbtest2  (cost=0.43..8.46 rows=1 width=10)
	        Index Cond: (id = 5879488)

table 3 : explain UPDATE sbtest3 SET k=k+1 WHERE id=8562293
	Update on sbtest3  (cost=0.43..8.46 rows=0 width=0)
	  ->  Index Scan using sbtest3_pkey on sbtest3  (cost=0.43..8.46 rows=1 width=10)
	        Index Cond: (id = 8562293)

table 4 : explain UPDATE sbtest4 SET k=k+1 WHERE id=3659356
	Update on sbtest4  (cost=0.43..8.46 rows=0 width=0)
	  ->  Index Scan using sbtest4_pkey on sbtest4  (cost=0.43..8.46 rows=1 width=10)
	        Index Cond: (id = 3659356)

table 5 : explain UPDATE sbtest5 SET k=k+1 WHERE id=9838682
	Update on sbtest5  (cost=0.43..8.46 rows=0 width=0)
	  ->  Index Scan using sbtest5_pkey on sbtest5  (cost=0.43..8.46 rows=1 width=10)
	        Index Cond: (id = 9838682)

table 6 : explain UPDATE sbtest6 SET k=k+1 WHERE id=3958388
	Update on sbtest6  (cost=0.43..8.46 rows=0 width=0)
	  ->  Index Scan using sbtest6_pkey on sbtest6  (cost=0.43..8.46 rows=1 width=10)
	        Index Cond: (id = 3958388)

table 7 : explain UPDATE sbtest7 SET k=k+1 WHERE id=9904957
	Update on sbtest7  (cost=0.43..8.46 rows=0 width=0)
	  ->  Index Scan using sbtest7_pkey on sbtest7  (cost=0.43..8.46 rows=1 width=10)
	        Index Cond: (id = 9904957)

table 8 : explain UPDATE sbtest8 SET k=k+1 WHERE id=8200759
	Update on sbtest8  (cost=0.43..8.46 rows=0 width=0)
	  ->  Index Scan using sbtest8_pkey on sbtest8  (cost=0.43..8.46 rows=1 width=10)
	        Index Cond: (id = 8200759)

explain: for index_updates :: explain UPDATE sbtest%u SET k=k+1 WHERE id=%u
for inserts
table 1 : explain INSERT INTO sbtest1 (id, k, c, pad) VALUES (7515254, 13, 'foobar', 'foobar')
	Insert on sbtest1  (cost=0.00..0.01 rows=0 width=0)
	  ->  Result  (cost=0.00..0.01 rows=1 width=736)

table 2 : explain INSERT INTO sbtest2 (id, k, c, pad) VALUES (3350200, 13, 'foobar', 'foobar')
	Insert on sbtest2  (cost=0.00..0.01 rows=0 width=0)
	  ->  Result  (cost=0.00..0.01 rows=1 width=736)

table 3 : explain INSERT INTO sbtest3 (id, k, c, pad) VALUES (8366683, 13, 'foobar', 'foobar')
	Insert on sbtest3  (cost=0.00..0.01 rows=0 width=0)
	  ->  Result  (cost=0.00..0.01 rows=1 width=736)

table 4 : explain INSERT INTO sbtest4 (id, k, c, pad) VALUES (5448572, 13, 'foobar', 'foobar')
	Insert on sbtest4  (cost=0.00..0.01 rows=0 width=0)
	  ->  Result  (cost=0.00..0.01 rows=1 width=736)

table 5 : explain INSERT INTO sbtest5 (id, k, c, pad) VALUES (5269243, 13, 'foobar', 'foobar')
	Insert on sbtest5  (cost=0.00..0.01 rows=0 width=0)
	  ->  Result  (cost=0.00..0.01 rows=1 width=736)

table 6 : explain INSERT INTO sbtest6 (id, k, c, pad) VALUES (6795362, 13, 'foobar', 'foobar')
	Insert on sbtest6  (cost=0.00..0.01 rows=0 width=0)
	  ->  Result  (cost=0.00..0.01 rows=1 width=736)

table 7 : explain INSERT INTO sbtest7 (id, k, c, pad) VALUES (3696311, 13, 'foobar', 'foobar')
	Insert on sbtest7  (cost=0.00..0.01 rows=0 width=0)
	  ->  Result  (cost=0.00..0.01 rows=1 width=736)

table 8 : explain INSERT INTO sbtest8 (id, k, c, pad) VALUES (3658028, 13, 'foobar', 'foobar')
	Insert on sbtest8  (cost=0.00..0.01 rows=0 width=0)
	  ->  Result  (cost=0.00..0.01 rows=1 width=736)

for: order_ranges
table 1 : explain SELECT c FROM sbtest1 WHERE id BETWEEN 4869902 AND 4869911 ORDER BY c
	Sort  (cost=39.76..39.78 rows=10 width=121)
	  Sort Key: c
	  ->  Index Scan using sbtest1_pkey on sbtest1  (cost=0.43..39.59 rows=10 width=121)
	        Index Cond: ((id >= 4869902) AND (id <= 4869911))

table 2 : explain SELECT c FROM sbtest2 WHERE id BETWEEN 8631490 AND 8631499 ORDER BY c
	Sort  (cost=36.17..36.19 rows=9 width=121)
	  Sort Key: c
	  ->  Index Scan using sbtest2_pkey on sbtest2  (cost=0.43..36.03 rows=9 width=121)
	        Index Cond: ((id >= 8631490) AND (id <= 8631499))

table 3 : explain SELECT c FROM sbtest3 WHERE id BETWEEN 6914742 AND 6914751 ORDER BY c
	Sort  (cost=39.37..39.40 rows=10 width=121)
	  Sort Key: c
	  ->  Index Scan using sbtest3_pkey on sbtest3  (cost=0.43..39.21 rows=10 width=121)
	        Index Cond: ((id >= 6914742) AND (id <= 6914751))

table 4 : explain SELECT c FROM sbtest4 WHERE id BETWEEN 3436419 AND 3436428 ORDER BY c
	Sort  (cost=36.06..36.09 rows=9 width=121)
	  Sort Key: c
	  ->  Index Scan using sbtest4_pkey on sbtest4  (cost=0.43..35.92 rows=9 width=121)
	        Index Cond: ((id >= 3436419) AND (id <= 3436428))

table 5 : explain SELECT c FROM sbtest5 WHERE id BETWEEN 8161862 AND 8161871 ORDER BY c
	Sort  (cost=43.15..43.18 rows=11 width=121)
	  Sort Key: c
	  ->  Index Scan using sbtest5_pkey on sbtest5  (cost=0.43..42.96 rows=11 width=121)
	        Index Cond: ((id >= 8161862) AND (id <= 8161871))

table 6 : explain SELECT c FROM sbtest6 WHERE id BETWEEN 3304120 AND 3304129 ORDER BY c
	Sort  (cost=39.54..39.57 rows=10 width=121)
	  Sort Key: c
	  ->  Index Scan using sbtest6_pkey on sbtest6  (cost=0.43..39.37 rows=10 width=121)
	        Index Cond: ((id >= 3304120) AND (id <= 3304129))

table 7 : explain SELECT c FROM sbtest7 WHERE id BETWEEN 1251883 AND 1251892 ORDER BY c
	Sort  (cost=39.49..39.52 rows=10 width=121)
	  Sort Key: c
	  ->  Index Scan using sbtest7_pkey on sbtest7  (cost=0.43..39.33 rows=10 width=121)
	        Index Cond: ((id >= 1251883) AND (id <= 1251892))

table 8 : explain SELECT c FROM sbtest8 WHERE id BETWEEN 4624801 AND 4624810 ORDER BY c
	Sort  (cost=42.70..42.73 rows=11 width=121)
	  Sort Key: c
	  ->  Index Scan using sbtest8_pkey on sbtest8  (cost=0.43..42.51 rows=11 width=121)
	        Index Cond: ((id >= 4624801) AND (id <= 4624810))

for non_index_updates
table 1 : explain UPDATE sbtest1 SET c='foobar' WHERE id=3112606
	Update on sbtest1  (cost=0.43..8.45 rows=0 width=0)
	  ->  Index Scan using sbtest1_pkey on sbtest1  (cost=0.43..8.45 rows=1 width=490)
	        Index Cond: (id = 3112606)

table 2 : explain UPDATE sbtest2 SET c='foobar' WHERE id=2204660
	Update on sbtest2  (cost=0.43..8.45 rows=0 width=0)
	  ->  Index Scan using sbtest2_pkey on sbtest2  (cost=0.43..8.45 rows=1 width=490)
	        Index Cond: (id = 2204660)

table 3 : explain UPDATE sbtest3 SET c='foobar' WHERE id=1850495
	Update on sbtest3  (cost=0.43..8.45 rows=0 width=0)
	  ->  Index Scan using sbtest3_pkey on sbtest3  (cost=0.43..8.45 rows=1 width=490)
	        Index Cond: (id = 1850495)

table 4 : explain UPDATE sbtest4 SET c='foobar' WHERE id=6195884
	Update on sbtest4  (cost=0.43..8.45 rows=0 width=0)
	  ->  Index Scan using sbtest4_pkey on sbtest4  (cost=0.43..8.45 rows=1 width=490)
	        Index Cond: (id = 6195884)

table 5 : explain UPDATE sbtest5 SET c='foobar' WHERE id=2259042
	Update on sbtest5  (cost=0.43..8.45 rows=0 width=0)
	  ->  Index Scan using sbtest5_pkey on sbtest5  (cost=0.43..8.45 rows=1 width=490)
	        Index Cond: (id = 2259042)

table 6 : explain UPDATE sbtest6 SET c='foobar' WHERE id=6075424
	Update on sbtest6  (cost=0.43..8.45 rows=0 width=0)
	  ->  Index Scan using sbtest6_pkey on sbtest6  (cost=0.43..8.45 rows=1 width=490)
	        Index Cond: (id = 6075424)

table 7 : explain UPDATE sbtest7 SET c='foobar' WHERE id=7385495
	Update on sbtest7  (cost=0.43..8.45 rows=0 width=0)
	  ->  Index Scan using sbtest7_pkey on sbtest7  (cost=0.43..8.45 rows=1 width=490)
	        Index Cond: (id = 7385495)

table 8 : explain UPDATE sbtest8 SET c='foobar' WHERE id=2558814
	Update on sbtest8  (cost=0.43..8.45 rows=0 width=0)
	  ->  Index Scan using sbtest8_pkey on sbtest8  (cost=0.43..8.45 rows=1 width=490)
	        Index Cond: (id = 2558814)

explain: for non_index_updates :: explain UPDATE sbtest%u SET c='foobar' WHERE id=%u
for: sum_ranges
table 1 : explain SELECT SUM(k) FROM sbtest1 WHERE id BETWEEN 8260022 AND 8260031
	Aggregate  (cost=39.62..39.63 rows=1 width=8)
	  ->  Index Scan using sbtest1_pkey on sbtest1  (cost=0.43..39.59 rows=10 width=4)
	        Index Cond: ((id >= 8260022) AND (id <= 8260031))

table 2 : explain SELECT SUM(k) FROM sbtest2 WHERE id BETWEEN 1565077 AND 1565086
	Aggregate  (cost=42.95..42.96 rows=1 width=8)
	  ->  Index Scan using sbtest2_pkey on sbtest2  (cost=0.43..42.92 rows=11 width=4)
	        Index Cond: ((id >= 1565077) AND (id <= 1565086))

table 3 : explain SELECT SUM(k) FROM sbtest3 WHERE id BETWEEN 9586226 AND 9586235
	Aggregate  (cost=39.23..39.24 rows=1 width=8)
	  ->  Index Scan using sbtest3_pkey on sbtest3  (cost=0.43..39.21 rows=10 width=4)
	        Index Cond: ((id >= 9586226) AND (id <= 9586235))

table 4 : explain SELECT SUM(k) FROM sbtest4 WHERE id BETWEEN 3081062 AND 3081071
	Aggregate  (cost=39.38..39.39 rows=1 width=8)
	  ->  Index Scan using sbtest4_pkey on sbtest4  (cost=0.43..39.35 rows=10 width=4)
	        Index Cond: ((id >= 3081062) AND (id <= 3081071))

table 5 : explain SELECT SUM(k) FROM sbtest5 WHERE id BETWEEN 6571629 AND 6571638
	Aggregate  (cost=39.53..39.54 rows=1 width=8)
	  ->  Index Scan using sbtest5_pkey on sbtest5  (cost=0.43..39.51 rows=10 width=4)
	        Index Cond: ((id >= 6571629) AND (id <= 6571638))

table 6 : explain SELECT SUM(k) FROM sbtest6 WHERE id BETWEEN 1800140 AND 1800149
	Aggregate  (cost=39.40..39.41 rows=1 width=8)
	  ->  Index Scan using sbtest6_pkey on sbtest6  (cost=0.43..39.37 rows=10 width=4)
	        Index Cond: ((id >= 1800140) AND (id <= 1800149))

table 7 : explain SELECT SUM(k) FROM sbtest7 WHERE id BETWEEN 4514974 AND 4514983
	Aggregate  (cost=39.35..39.36 rows=1 width=8)
	  ->  Index Scan using sbtest7_pkey on sbtest7  (cost=0.43..39.33 rows=10 width=4)
	        Index Cond: ((id >= 4514974) AND (id <= 4514983))

table 8 : explain SELECT SUM(k) FROM sbtest8 WHERE id BETWEEN 2259669 AND 2259678
	Aggregate  (cost=39.13..39.14 rows=1 width=8)
	  ->  Index Scan using sbtest8_pkey on sbtest8  (cost=0.43..39.11 rows=10 width=4)
	        Index Cond: ((id >= 2259669) AND (id <= 2259678))

explain: for deletes :: explain DELETE FROM sbtest%u WHERE id=%u
explain: for point_selects :: explain SELECT c FROM sbtest%u WHERE id=%u
for index_updates
table 1 : explain UPDATE sbtest1 SET k=k+1 WHERE id=5942132
	Update on sbtest1  (cost=0.43..8.46 rows=0 width=0)
	  ->  Index Scan using sbtest1_pkey on sbtest1  (cost=0.43..8.46 rows=1 width=10)
	        Index Cond: (id = 5942132)

table 2 : explain UPDATE sbtest2 SET k=k+1 WHERE id=3557767
	Update on sbtest2  (cost=0.43..8.46 rows=0 width=0)
	  ->  Index Scan using sbtest2_pkey on sbtest2  (cost=0.43..8.46 rows=1 width=10)
	        Index Cond: (id = 3557767)

table 3 : explain UPDATE sbtest3 SET k=k+1 WHERE id=878667
	Update on sbtest3  (cost=0.43..8.46 rows=0 width=0)
	  ->  Index Scan using sbtest3_pkey on sbtest3  (cost=0.43..8.46 rows=1 width=10)
	        Index Cond: (id = 878667)

table 4 : explain UPDATE sbtest4 SET k=k+1 WHERE id=1350952
	Update on sbtest4  (cost=0.43..8.46 rows=0 width=0)
	  ->  Index Scan using sbtest4_pkey on sbtest4  (cost=0.43..8.46 rows=1 width=10)
	        Index Cond: (id = 1350952)

table 5 : explain UPDATE sbtest5 SET k=k+1 WHERE id=3015433
	Update on sbtest5  (cost=0.43..8.46 rows=0 width=0)
	  ->  Index Scan using sbtest5_pkey on sbtest5  (cost=0.43..8.46 rows=1 width=10)
	        Index Cond: (id = 3015433)

table 6 : explain UPDATE sbtest6 SET k=k+1 WHERE id=7703483
	Update on sbtest6  (cost=0.43..8.46 rows=0 width=0)
	  ->  Index Scan using sbtest6_pkey on sbtest6  (cost=0.43..8.46 rows=1 width=10)
	        Index Cond: (id = 7703483)

table 7 : explain UPDATE sbtest7 SET k=k+1 WHERE id=6690182
	Update on sbtest7  (cost=0.43..8.46 rows=0 width=0)
	  ->  Index Scan using sbtest7_pkey on sbtest7  (cost=0.43..8.46 rows=1 width=10)
	        Index Cond: (id = 6690182)

table 8 : explain UPDATE sbtest8 SET k=k+1 WHERE id=4578590
	Update on sbtest8  (cost=0.43..8.46 rows=0 width=0)
	  ->  Index Scan using sbtest8_pkey on sbtest8  (cost=0.43..8.46 rows=1 width=10)
	        Index Cond: (id = 4578590)

for: distinct_ranges
table 1 : explain SELECT DISTINCT c FROM sbtest1 WHERE id BETWEEN 3282250 AND 3282259 ORDER BY c
	Unique  (cost=43.24..43.30 rows=11 width=121)
	  ->  Sort  (cost=43.24..43.27 rows=11 width=121)
	        Sort Key: c
	        ->  Index Scan using sbtest1_pkey on sbtest1  (cost=0.43..43.05 rows=11 width=121)
	              Index Cond: ((id >= 3282250) AND (id <= 3282259))

table 2 : explain SELECT DISTINCT c FROM sbtest2 WHERE id BETWEEN 3169628 AND 3169637 ORDER BY c
	Unique  (cost=39.64..39.69 rows=10 width=121)
	  ->  Sort  (cost=39.64..39.67 rows=10 width=121)
	        Sort Key: c
	        ->  Index Scan using sbtest2_pkey on sbtest2  (cost=0.43..39.48 rows=10 width=121)
	              Index Cond: ((id >= 3169628) AND (id <= 3169637))

table 3 : explain SELECT DISTINCT c FROM sbtest3 WHERE id BETWEEN 7378484 AND 7378493 ORDER BY c
	Unique  (cost=39.37..39.42 rows=10 width=121)
	  ->  Sort  (cost=39.37..39.40 rows=10 width=121)
	        Sort Key: c
	        ->  Index Scan using sbtest3_pkey on sbtest3  (cost=0.43..39.21 rows=10 width=121)
	              Index Cond: ((id >= 7378484) AND (id <= 7378493))

table 4 : explain SELECT DISTINCT c FROM sbtest4 WHERE id BETWEEN 7040368 AND 7040377 ORDER BY c
	Unique  (cost=39.52..39.57 rows=10 width=121)
	  ->  Sort  (cost=39.52..39.54 rows=10 width=121)
	        Sort Key: c
	        ->  Index Scan using sbtest4_pkey on sbtest4  (cost=0.43..39.35 rows=10 width=121)
	              Index Cond: ((id >= 7040368) AND (id <= 7040377))

table 5 : explain SELECT DISTINCT c FROM sbtest5 WHERE id BETWEEN 3284635 AND 3284644 ORDER BY c
	Unique  (cost=43.15..43.21 rows=11 width=121)
	  ->  Sort  (cost=43.15..43.18 rows=11 width=121)
	        Sort Key: c
	        ->  Index Scan using sbtest5_pkey on sbtest5  (cost=0.43..42.96 rows=11 width=121)
	              Index Cond: ((id >= 3284635) AND (id <= 3284644))

table 6 : explain SELECT DISTINCT c FROM sbtest6 WHERE id BETWEEN 5811743 AND 5811752 ORDER BY c
	Unique  (cost=43.00..43.05 rows=11 width=121)
	  ->  Sort  (cost=43.00..43.03 rows=11 width=121)
	        Sort Key: c
	        ->  Index Scan using sbtest6_pkey on sbtest6  (cost=0.43..42.81 rows=11 width=121)
	              Index Cond: ((id >= 5811743) AND (id <= 5811752))

table 7 : explain SELECT DISTINCT c FROM sbtest7 WHERE id BETWEEN 8754290 AND 8754299 ORDER BY c
	Unique  (cost=39.49..39.54 rows=10 width=121)
	  ->  Sort  (cost=39.49..39.52 rows=10 width=121)
	        Sort Key: c
	        ->  Index Scan using sbtest7_pkey on sbtest7  (cost=0.43..39.33 rows=10 width=121)
	              Index Cond: ((id >= 8754290) AND (id <= 8754299))

table 8 : explain SELECT DISTINCT c FROM sbtest8 WHERE id BETWEEN 7807812 AND 7807821 ORDER BY c
	Unique  (cost=39.27..39.32 rows=10 width=121)
	  ->  Sort  (cost=39.27..39.30 rows=10 width=121)
	        Sort Key: c
	        ->  Index Scan using sbtest8_pkey on sbtest8  (cost=0.43..39.11 rows=10 width=121)
	              Index Cond: ((id >= 7807812) AND (id <= 7807821))

for non_index_updates
table 1 : explain UPDATE sbtest1 SET c='foobar' WHERE id=1313270
	Update on sbtest1  (cost=0.43..8.45 rows=0 width=0)
	  ->  Index Scan using sbtest1_pkey on sbtest1  (cost=0.43..8.45 rows=1 width=490)
	        Index Cond: (id = 1313270)

table 2 : explain UPDATE sbtest2 SET c='foobar' WHERE id=4607912
	Update on sbtest2  (cost=0.43..8.45 rows=0 width=0)
	  ->  Index Scan using sbtest2_pkey on sbtest2  (cost=0.43..8.45 rows=1 width=490)
	        Index Cond: (id = 4607912)

table 3 : explain UPDATE sbtest3 SET c='foobar' WHERE id=8449476
	Update on sbtest3  (cost=0.43..8.45 rows=0 width=0)
	  ->  Index Scan using sbtest3_pkey on sbtest3  (cost=0.43..8.45 rows=1 width=490)
	        Index Cond: (id = 8449476)

table 4 : explain UPDATE sbtest4 SET c='foobar' WHERE id=5667509
	Update on sbtest4  (cost=0.43..8.45 rows=0 width=0)
	  ->  Index Scan using sbtest4_pkey on sbtest4  (cost=0.43..8.45 rows=1 width=490)
	        Index Cond: (id = 5667509)

table 5 : explain UPDATE sbtest5 SET c='foobar' WHERE id=1303897
	Update on sbtest5  (cost=0.43..8.45 rows=0 width=0)
	  ->  Index Scan using sbtest5_pkey on sbtest5  (cost=0.43..8.45 rows=1 width=490)
	        Index Cond: (id = 1303897)

table 6 : explain UPDATE sbtest6 SET c='foobar' WHERE id=3787230
	Update on sbtest6  (cost=0.43..8.45 rows=0 width=0)
	  ->  Index Scan using sbtest6_pkey on sbtest6  (cost=0.43..8.45 rows=1 width=490)
	        Index Cond: (id = 3787230)

table 7 : explain UPDATE sbtest7 SET c='foobar' WHERE id=1775608
	Update on sbtest7  (cost=0.43..8.45 rows=0 width=0)
	  ->  Index Scan using sbtest7_pkey on sbtest7  (cost=0.43..8.45 rows=1 width=490)
	        Index Cond: (id = 1775608)

table 8 : explain UPDATE sbtest8 SET c='foobar' WHERE id=7051216
	Update on sbtest8  (cost=0.43..8.45 rows=0 width=0)
	  ->  Index Scan using sbtest8_pkey on sbtest8  (cost=0.43..8.45 rows=1 width=490)
	        Index Cond: (id = 7051216)

for deletes
table 1 : explain DELETE FROM sbtest1 WHERE id=3734064
	Delete on sbtest1  (cost=0.43..8.45 rows=0 width=0)
	  ->  Index Scan using sbtest1_pkey on sbtest1  (cost=0.43..8.45 rows=1 width=6)
	        Index Cond: (id = 3734064)

table 2 : explain DELETE FROM sbtest2 WHERE id=393493
	Delete on sbtest2  (cost=0.43..8.45 rows=0 width=0)
	  ->  Index Scan using sbtest2_pkey on sbtest2  (cost=0.43..8.45 rows=1 width=6)
	        Index Cond: (id = 393493)

table 3 : explain DELETE FROM sbtest3 WHERE id=7508519
	Delete on sbtest3  (cost=0.43..8.45 rows=0 width=0)
	  ->  Index Scan using sbtest3_pkey on sbtest3  (cost=0.43..8.45 rows=1 width=6)
	        Index Cond: (id = 7508519)

table 4 : explain DELETE FROM sbtest4 WHERE id=8056436
	Delete on sbtest4  (cost=0.43..8.45 rows=0 width=0)
	  ->  Index Scan using sbtest4_pkey on sbtest4  (cost=0.43..8.45 rows=1 width=6)
	        Index Cond: (id = 8056436)

table 5 : explain DELETE FROM sbtest5 WHERE id=957385
	Delete on sbtest5  (cost=0.43..8.45 rows=0 width=0)
	  ->  Index Scan using sbtest5_pkey on sbtest5  (cost=0.43..8.45 rows=1 width=6)
	        Index Cond: (id = 957385)

table 6 : explain DELETE FROM sbtest6 WHERE id=7443422
	Delete on sbtest6  (cost=0.43..8.45 rows=0 width=0)
	  ->  Index Scan using sbtest6_pkey on sbtest6  (cost=0.43..8.45 rows=1 width=6)
	        Index Cond: (id = 7443422)

table 7 : explain DELETE FROM sbtest7 WHERE id=3055115
	Delete on sbtest7  (cost=0.43..8.45 rows=0 width=0)
	  ->  Index Scan using sbtest7_pkey on sbtest7  (cost=0.43..8.45 rows=1 width=6)
	        Index Cond: (id = 3055115)

table 8 : explain DELETE FROM sbtest8 WHERE id=8306940
	Delete on sbtest8  (cost=0.43..8.45 rows=0 width=0)
	  ->  Index Scan using sbtest8_pkey on sbtest8  (cost=0.43..8.45 rows=1 width=6)
	        Index Cond: (id = 8306940)

explain: for non_index_updates :: explain UPDATE sbtest%u SET c='foobar' WHERE id=%u
explain: for index_updates :: explain UPDATE sbtest%u SET k=k+1 WHERE id=%u
explain: for deletes :: explain DELETE FROM sbtest%u WHERE id=%u
for: distinct_ranges
table 1 : explain SELECT DISTINCT c FROM sbtest1 WHERE id BETWEEN 7214487 AND 7214496 ORDER BY c
	Unique  (cost=43.24..43.30 rows=11 width=121)
	  ->  Sort  (cost=43.24..43.27 rows=11 width=121)
	        Sort Key: c
	        ->  Index Scan using sbtest1_pkey on sbtest1  (cost=0.43..43.05 rows=11 width=121)
	              Index Cond: ((id >= 7214487) AND (id <= 7214496))

table 2 : explain SELECT DISTINCT c FROM sbtest2 WHERE id BETWEEN 1378691 AND 1378700 ORDER BY c
	Unique  (cost=43.11..43.17 rows=11 width=121)
	  ->  Sort  (cost=43.11..43.14 rows=11 width=121)
	        Sort Key: c
	        ->  Index Scan using sbtest2_pkey on sbtest2  (cost=0.43..42.92 rows=11 width=121)
	              Index Cond: ((id >= 1378691) AND (id <= 1378700))

table 3 : explain SELECT DISTINCT c FROM sbtest3 WHERE id BETWEEN 5575696 AND 5575705 ORDER BY c
	Unique  (cost=39.37..39.42 rows=10 width=121)
	  ->  Sort  (cost=39.37..39.40 rows=10 width=121)
	        Sort Key: c
	        ->  Index Scan using sbtest3_pkey on sbtest3  (cost=0.43..39.21 rows=10 width=121)
	              Index Cond: ((id >= 5575696) AND (id <= 5575705))

table 4 : explain SELECT DISTINCT c FROM sbtest4 WHERE id BETWEEN 6652391 AND 6652400 ORDER BY c
	Unique  (cost=39.52..39.57 rows=10 width=121)
	  ->  Sort  (cost=39.52..39.54 rows=10 width=121)
	        Sort Key: c
	        ->  Index Scan using sbtest4_pkey on sbtest4  (cost=0.43..39.35 rows=10 width=121)
	              Index Cond: ((id >= 6652391) AND (id <= 6652400))

table 5 : explain SELECT DISTINCT c FROM sbtest5 WHERE id BETWEEN 7175193 AND 7175202 ORDER BY c
	Unique  (cost=36.20..36.25 rows=9 width=121)
	  ->  Sort  (cost=36.20..36.22 rows=9 width=121)
	        Sort Key: c
	        ->  Index Scan using sbtest5_pkey on sbtest5  (cost=0.43..36.06 rows=9 width=121)
	              Index Cond: ((id >= 7175193) AND (id <= 7175202))

table 6 : explain SELECT DISTINCT c FROM sbtest6 WHERE id BETWEEN 5393289 AND 5393298 ORDER BY c
	Unique  (cost=39.54..39.59 rows=10 width=121)
	  ->  Sort  (cost=39.54..39.57 rows=10 width=121)
	        Sort Key: c
	        ->  Index Scan using sbtest6_pkey on sbtest6  (cost=0.43..39.37 rows=10 width=121)
	              Index Cond: ((id >= 5393289) AND (id <= 5393298))

table 7 : explain SELECT DISTINCT c FROM sbtest7 WHERE id BETWEEN 916143 AND 916152 ORDER BY c
	Unique  (cost=39.49..39.54 rows=10 width=121)
	  ->  Sort  (cost=39.49..39.52 rows=10 width=121)
	        Sort Key: c
	        ->  Index Scan using sbtest7_pkey on sbtest7  (cost=0.43..39.33 rows=10 width=121)
	              Index Cond: ((id >= 916143) AND (id <= 916152))

table 8 : explain SELECT DISTINCT c FROM sbtest8 WHERE id BETWEEN 8752055 AND 8752064 ORDER BY c
	Unique  (cost=35.84..35.89 rows=9 width=121)
	  ->  Sort  (cost=35.84..35.87 rows=9 width=121)
	        Sort Key: c
	        ->  Index Scan using sbtest8_pkey on sbtest8  (cost=0.43..35.70 rows=9 width=121)
	              Index Cond: ((id >= 8752055) AND (id <= 8752064))

explain: for inserts :: explain INSERT INTO sbtest%u (id, k, c, pad) VALUES (%u, 13, 'foobar', 'foobar')
for: order_ranges
table 1 : explain SELECT c FROM sbtest1 WHERE id BETWEEN 742174 AND 742183 ORDER BY c
	Sort  (cost=39.76..39.78 rows=10 width=121)
	  Sort Key: c
	  ->  Index Scan using sbtest1_pkey on sbtest1  (cost=0.43..39.59 rows=10 width=121)
	        Index Cond: ((id >= 742174) AND (id <= 742183))

table 2 : explain SELECT c FROM sbtest2 WHERE id BETWEEN 7461740 AND 7461749 ORDER BY c
	Sort  (cost=39.64..39.67 rows=10 width=121)
	  Sort Key: c
	  ->  Index Scan using sbtest2_pkey on sbtest2  (cost=0.43..39.48 rows=10 width=121)
	        Index Cond: ((id >= 7461740) AND (id <= 7461749))

table 3 : explain SELECT c FROM sbtest3 WHERE id BETWEEN 550566 AND 550575 ORDER BY c
	Sort  (cost=39.37..39.40 rows=10 width=121)
	  Sort Key: c
	  ->  Index Scan using sbtest3_pkey on sbtest3  (cost=0.43..39.21 rows=10 width=121)
	        Index Cond: ((id >= 550566) AND (id <= 550575))

table 4 : explain SELECT c FROM sbtest4 WHERE id BETWEEN 7011717 AND 7011726 ORDER BY c
	Sort  (cost=39.52..39.54 rows=10 width=121)
	  Sort Key: c
	  ->  Index Scan using sbtest4_pkey on sbtest4  (cost=0.43..39.35 rows=10 width=121)
	        Index Cond: ((id >= 7011717) AND (id <= 7011726))

table 5 : explain SELECT c FROM sbtest5 WHERE id BETWEEN 4480391 AND 4480400 ORDER BY c
	Sort  (cost=39.68..39.70 rows=10 width=121)
	  Sort Key: c
	  ->  Index Scan using sbtest5_pkey on sbtest5  (cost=0.43..39.51 rows=10 width=121)
	        Index Cond: ((id >= 4480391) AND (id <= 4480400))

table 6 : explain SELECT c FROM sbtest6 WHERE id BETWEEN 6249668 AND 6249677 ORDER BY c
	Sort  (cost=43.00..43.03 rows=11 width=121)
	  Sort Key: c
	  ->  Index Scan using sbtest6_pkey on sbtest6  (cost=0.43..42.81 rows=11 width=121)
	        Index Cond: ((id >= 6249668) AND (id <= 6249677))

table 7 : explain SELECT c FROM sbtest7 WHERE id BETWEEN 4228226 AND 4228235 ORDER BY c
	Sort  (cost=39.49..39.52 rows=10 width=121)
	  Sort Key: c
	  ->  Index Scan using sbtest7_pkey on sbtest7  (cost=0.43..39.33 rows=10 width=121)
	        Index Cond: ((id >= 4228226) AND (id <= 4228235))

table 8 : explain SELECT c FROM sbtest8 WHERE id BETWEEN 3371759 AND 3371768 ORDER BY c
	Sort  (cost=39.27..39.30 rows=10 width=121)
	  Sort Key: c
	  ->  Index Scan using sbtest8_pkey on sbtest8  (cost=0.43..39.11 rows=10 width=121)
	        Index Cond: ((id >= 3371759) AND (id <= 3371768))

for deletes
table 1 : explain DELETE FROM sbtest1 WHERE id=6201413
	Delete on sbtest1  (cost=0.43..8.45 rows=0 width=0)
	  ->  Index Scan using sbtest1_pkey on sbtest1  (cost=0.43..8.45 rows=1 width=6)
	        Index Cond: (id = 6201413)

table 2 : explain DELETE FROM sbtest2 WHERE id=3880986
	Delete on sbtest2  (cost=0.43..8.45 rows=0 width=0)
	  ->  Index Scan using sbtest2_pkey on sbtest2  (cost=0.43..8.45 rows=1 width=6)
	        Index Cond: (id = 3880986)

table 3 : explain DELETE FROM sbtest3 WHERE id=1427502
	Delete on sbtest3  (cost=0.43..8.45 rows=0 width=0)
	  ->  Index Scan using sbtest3_pkey on sbtest3  (cost=0.43..8.45 rows=1 width=6)
	        Index Cond: (id = 1427502)

table 4 : explain DELETE FROM sbtest4 WHERE id=5241127
	Delete on sbtest4  (cost=0.43..8.45 rows=0 width=0)
	  ->  Index Scan using sbtest4_pkey on sbtest4  (cost=0.43..8.45 rows=1 width=6)
	        Index Cond: (id = 5241127)

table 5 : explain DELETE FROM sbtest5 WHERE id=4266138
	Delete on sbtest5  (cost=0.43..8.45 rows=0 width=0)
	  ->  Index Scan using sbtest5_pkey on sbtest5  (cost=0.43..8.45 rows=1 width=6)
	        Index Cond: (id = 4266138)

table 6 : explain DELETE FROM sbtest6 WHERE id=8335757
	Delete on sbtest6  (cost=0.43..8.45 rows=0 width=0)
	  ->  Index Scan using sbtest6_pkey on sbtest6  (cost=0.43..8.45 rows=1 width=6)
	        Index Cond: (id = 8335757)

table 7 : explain DELETE FROM sbtest7 WHERE id=1309840
	Delete on sbtest7  (cost=0.43..8.45 rows=0 width=0)
	  ->  Index Scan using sbtest7_pkey on sbtest7  (cost=0.43..8.45 rows=1 width=6)
	        Index Cond: (id = 1309840)

table 8 : explain DELETE FROM sbtest8 WHERE id=4838607
	Delete on sbtest8  (cost=0.43..8.45 rows=0 width=0)
	  ->  Index Scan using sbtest8_pkey on sbtest8  (cost=0.43..8.45 rows=1 width=6)
	        Index Cond: (id = 4838607)

for non_index_updates
table 1 : explain UPDATE sbtest1 SET c='foobar' WHERE id=8469279
	Update on sbtest1  (cost=0.43..8.45 rows=0 width=0)
	  ->  Index Scan using sbtest1_pkey on sbtest1  (cost=0.43..8.45 rows=1 width=490)
	        Index Cond: (id = 8469279)

table 2 : explain UPDATE sbtest2 SET c='foobar' WHERE id=7223626
	Update on sbtest2  (cost=0.43..8.45 rows=0 width=0)
	  ->  Index Scan using sbtest2_pkey on sbtest2  (cost=0.43..8.45 rows=1 width=490)
	        Index Cond: (id = 7223626)

table 3 : explain UPDATE sbtest3 SET c='foobar' WHERE id=9158235
	Update on sbtest3  (cost=0.43..8.45 rows=0 width=0)
	  ->  Index Scan using sbtest3_pkey on sbtest3  (cost=0.43..8.45 rows=1 width=490)
	        Index Cond: (id = 9158235)

table 4 : explain UPDATE sbtest4 SET c='foobar' WHERE id=2738423
	Update on sbtest4  (cost=0.43..8.45 rows=0 width=0)
	  ->  Index Scan using sbtest4_pkey on sbtest4  (cost=0.43..8.45 rows=1 width=490)
	        Index Cond: (id = 2738423)

table 5 : explain UPDATE sbtest5 SET c='foobar' WHERE id=764256
	Update on sbtest5  (cost=0.43..8.45 rows=0 width=0)
	  ->  Index Scan using sbtest5_pkey on sbtest5  (cost=0.43..8.45 rows=1 width=490)
	        Index Cond: (id = 764256)

table 6 : explain UPDATE sbtest6 SET c='foobar' WHERE id=5244765
	Update on sbtest6  (cost=0.43..8.45 rows=0 width=0)
	  ->  Index Scan using sbtest6_pkey on sbtest6  (cost=0.43..8.45 rows=1 width=490)
	        Index Cond: (id = 5244765)

table 7 : explain UPDATE sbtest7 SET c='foobar' WHERE id=63342
	Update on sbtest7  (cost=0.43..8.45 rows=0 width=0)
	  ->  Index Scan using sbtest7_pkey on sbtest7  (cost=0.43..8.45 rows=1 width=490)
	        Index Cond: (id = 63342)

table 8 : explain UPDATE sbtest8 SET c='foobar' WHERE id=9412462
	Update on sbtest8  (cost=0.43..8.45 rows=0 width=0)
	  ->  Index Scan using sbtest8_pkey on sbtest8  (cost=0.43..8.45 rows=1 width=490)
	        Index Cond: (id = 9412462)

explain: for index_updates :: explain UPDATE sbtest%u SET k=k+1 WHERE id=%u
for point_selects
table 1 : explain SELECT c FROM sbtest1 WHERE id=4979850
	Index Scan using sbtest1_pkey on sbtest1  (cost=0.43..8.45 rows=1 width=121)
	  Index Cond: (id = 4979850)

table 2 : explain SELECT c FROM sbtest2 WHERE id=2954604
	Index Scan using sbtest2_pkey on sbtest2  (cost=0.43..8.45 rows=1 width=121)
	  Index Cond: (id = 2954604)

table 3 : explain SELECT c FROM sbtest3 WHERE id=1554077
	Index Scan using sbtest3_pkey on sbtest3  (cost=0.43..8.45 rows=1 width=121)
	  Index Cond: (id = 1554077)

table 4 : explain SELECT c FROM sbtest4 WHERE id=7818382
	Index Scan using sbtest4_pkey on sbtest4  (cost=0.43..8.45 rows=1 width=121)
	  Index Cond: (id = 7818382)

table 5 : explain SELECT c FROM sbtest5 WHERE id=5091232
	Index Scan using sbtest5_pkey on sbtest5  (cost=0.43..8.45 rows=1 width=121)
	  Index Cond: (id = 5091232)

table 6 : explain SELECT c FROM sbtest6 WHERE id=4079711
	Index Scan using sbtest6_pkey on sbtest6  (cost=0.43..8.45 rows=1 width=121)
	  Index Cond: (id = 4079711)

table 7 : explain SELECT c FROM sbtest7 WHERE id=3643130
	Index Scan using sbtest7_pkey on sbtest7  (cost=0.43..8.45 rows=1 width=121)
	  Index Cond: (id = 3643130)

table 8 : explain SELECT c FROM sbtest8 WHERE id=3650994
	Index Scan using sbtest8_pkey on sbtest8  (cost=0.43..8.45 rows=1 width=121)
	  Index Cond: (id = 3650994)

for index_updates
table 1 : explain UPDATE sbtest1 SET k=k+1 WHERE id=5324990
	Update on sbtest1  (cost=0.43..8.46 rows=0 width=0)
	  ->  Index Scan using sbtest1_pkey on sbtest1  (cost=0.43..8.46 rows=1 width=10)
	        Index Cond: (id = 5324990)

table 2 : explain UPDATE sbtest2 SET k=k+1 WHERE id=7523143
	Update on sbtest2  (cost=0.43..8.46 rows=0 width=0)
	  ->  Index Scan using sbtest2_pkey on sbtest2  (cost=0.43..8.46 rows=1 width=10)
	        Index Cond: (id = 7523143)

table 3 : explain UPDATE sbtest3 SET k=k+1 WHERE id=3933072
	Update on sbtest3  (cost=0.43..8.46 rows=0 width=0)
	  ->  Index Scan using sbtest3_pkey on sbtest3  (cost=0.43..8.46 rows=1 width=10)
	        Index Cond: (id = 3933072)

table 4 : explain UPDATE sbtest4 SET k=k+1 WHERE id=9026211
	Update on sbtest4  (cost=0.43..8.46 rows=0 width=0)
	  ->  Index Scan using sbtest4_pkey on sbtest4  (cost=0.43..8.46 rows=1 width=10)
	        Index Cond: (id = 9026211)

table 5 : explain UPDATE sbtest5 SET k=k+1 WHERE id=694982
	Update on sbtest5  (cost=0.43..8.46 rows=0 width=0)
	  ->  Index Scan using sbtest5_pkey on sbtest5  (cost=0.43..8.46 rows=1 width=10)
	        Index Cond: (id = 694982)

table 6 : explain UPDATE sbtest6 SET k=k+1 WHERE id=4008457
	Update on sbtest6  (cost=0.43..8.46 rows=0 width=0)
	  ->  Index Scan using sbtest6_pkey on sbtest6  (cost=0.43..8.46 rows=1 width=10)
	        Index Cond: (id = 4008457)

table 7 : explain UPDATE sbtest7 SET k=k+1 WHERE id=5847037
	Update on sbtest7  (cost=0.43..8.46 rows=0 width=0)
	  ->  Index Scan using sbtest7_pkey on sbtest7  (cost=0.43..8.46 rows=1 width=10)
	        Index Cond: (id = 5847037)

table 8 : explain UPDATE sbtest8 SET k=k+1 WHERE id=5125735
	Update on sbtest8  (cost=0.43..8.46 rows=0 width=0)
	  ->  Index Scan using sbtest8_pkey on sbtest8  (cost=0.43..8.46 rows=1 width=10)
	        Index Cond: (id = 5125735)

explain: for deletes :: explain DELETE FROM sbtest%u WHERE id=%u
for inserts
table 1 : explain INSERT INTO sbtest1 (id, k, c, pad) VALUES (4170499, 13, 'foobar', 'foobar')
	Insert on sbtest1  (cost=0.00..0.01 rows=0 width=0)
	  ->  Result  (cost=0.00..0.01 rows=1 width=736)

table 2 : explain INSERT INTO sbtest2 (id, k, c, pad) VALUES (2991444, 13, 'foobar', 'foobar')
	Insert on sbtest2  (cost=0.00..0.01 rows=0 width=0)
	  ->  Result  (cost=0.00..0.01 rows=1 width=736)

table 3 : explain INSERT INTO sbtest3 (id, k, c, pad) VALUES (4092539, 13, 'foobar', 'foobar')
	Insert on sbtest3  (cost=0.00..0.01 rows=0 width=0)
	  ->  Result  (cost=0.00..0.01 rows=1 width=736)

table 4 : explain INSERT INTO sbtest4 (id, k, c, pad) VALUES (7385241, 13, 'foobar', 'foobar')
	Insert on sbtest4  (cost=0.00..0.01 rows=0 width=0)
	  ->  Result  (cost=0.00..0.01 rows=1 width=736)

table 5 : explain INSERT INTO sbtest5 (id, k, c, pad) VALUES (1658814, 13, 'foobar', 'foobar')
	Insert on sbtest5  (cost=0.00..0.01 rows=0 width=0)
	  ->  Result  (cost=0.00..0.01 rows=1 width=736)

table 6 : explain INSERT INTO sbtest6 (id, k, c, pad) VALUES (9284334, 13, 'foobar', 'foobar')
	Insert on sbtest6  (cost=0.00..0.01 rows=0 width=0)
	  ->  Result  (cost=0.00..0.01 rows=1 width=736)

table 7 : explain INSERT INTO sbtest7 (id, k, c, pad) VALUES (5350757, 13, 'foobar', 'foobar')
	Insert on sbtest7  (cost=0.00..0.01 rows=0 width=0)
	  ->  Result  (cost=0.00..0.01 rows=1 width=736)

table 8 : explain INSERT INTO sbtest8 (id, k, c, pad) VALUES (7473121, 13, 'foobar', 'foobar')
	Insert on sbtest8  (cost=0.00..0.01 rows=0 width=0)
	  ->  Result  (cost=0.00..0.01 rows=1 width=736)

explain: for inserts :: explain INSERT INTO sbtest%u (id, k, c, pad) VALUES (%u, 13, 'foobar', 'foobar')
explain: for point_selects :: explain SELECT c FROM sbtest%u WHERE id=%u
explain: for non_index_updates :: explain UPDATE sbtest%u SET c='foobar' WHERE id=%u
for deletes
table 1 : explain DELETE FROM sbtest1 WHERE id=697916
	Delete on sbtest1  (cost=0.43..8.45 rows=0 width=0)
	  ->  Index Scan using sbtest1_pkey on sbtest1  (cost=0.43..8.45 rows=1 width=6)
	        Index Cond: (id = 697916)

table 2 : explain DELETE FROM sbtest2 WHERE id=3506670
	Delete on sbtest2  (cost=0.43..8.45 rows=0 width=0)
	  ->  Index Scan using sbtest2_pkey on sbtest2  (cost=0.43..8.45 rows=1 width=6)
	        Index Cond: (id = 3506670)

table 3 : explain DELETE FROM sbtest3 WHERE id=4782189
	Delete on sbtest3  (cost=0.43..8.45 rows=0 width=0)
	  ->  Index Scan using sbtest3_pkey on sbtest3  (cost=0.43..8.45 rows=1 width=6)
	        Index Cond: (id = 4782189)

table 4 : explain DELETE FROM sbtest4 WHERE id=3764646
	Delete on sbtest4  (cost=0.43..8.45 rows=0 width=0)
	  ->  Index Scan using sbtest4_pkey on sbtest4  (cost=0.43..8.45 rows=1 width=6)
	        Index Cond: (id = 3764646)

table 5 : explain DELETE FROM sbtest5 WHERE id=3520704
	Delete on sbtest5  (cost=0.43..8.45 rows=0 width=0)
	  ->  Index Scan using sbtest5_pkey on sbtest5  (cost=0.43..8.45 rows=1 width=6)
	        Index Cond: (id = 3520704)

table 6 : explain DELETE FROM sbtest6 WHERE id=6389548
	Delete on sbtest6  (cost=0.43..8.45 rows=0 width=0)
	  ->  Index Scan using sbtest6_pkey on sbtest6  (cost=0.43..8.45 rows=1 width=6)
	        Index Cond: (id = 6389548)

table 7 : explain DELETE FROM sbtest7 WHERE id=9789350
	Delete on sbtest7  (cost=0.43..8.45 rows=0 width=0)
	  ->  Index Scan using sbtest7_pkey on sbtest7  (cost=0.43..8.45 rows=1 width=6)
	        Index Cond: (id = 9789350)

table 8 : explain DELETE FROM sbtest8 WHERE id=8579561
	Delete on sbtest8  (cost=0.43..8.45 rows=0 width=0)
	  ->  Index Scan using sbtest8_pkey on sbtest8  (cost=0.43..8.45 rows=1 width=6)
	        Index Cond: (id = 8579561)

for point_selects
table 1 : explain SELECT c FROM sbtest1 WHERE id=6711841
	Index Scan using sbtest1_pkey on sbtest1  (cost=0.43..8.45 rows=1 width=121)
	  Index Cond: (id = 6711841)

table 2 : explain SELECT c FROM sbtest2 WHERE id=4712098
	Index Scan using sbtest2_pkey on sbtest2  (cost=0.43..8.45 rows=1 width=121)
	  Index Cond: (id = 4712098)

table 3 : explain SELECT c FROM sbtest3 WHERE id=7235464
	Index Scan using sbtest3_pkey on sbtest3  (cost=0.43..8.45 rows=1 width=121)
	  Index Cond: (id = 7235464)

table 4 : explain SELECT c FROM sbtest4 WHERE id=4487863
	Index Scan using sbtest4_pkey on sbtest4  (cost=0.43..8.45 rows=1 width=121)
	  Index Cond: (id = 4487863)

table 5 : explain SELECT c FROM sbtest5 WHERE id=4981555
	Index Scan using sbtest5_pkey on sbtest5  (cost=0.43..8.45 rows=1 width=121)
	  Index Cond: (id = 4981555)

table 6 : explain SELECT c FROM sbtest6 WHERE id=7675505
	Index Scan using sbtest6_pkey on sbtest6  (cost=0.43..8.45 rows=1 width=121)
	  Index Cond: (id = 7675505)

table 7 : explain SELECT c FROM sbtest7 WHERE id=5431909
	Index Scan using sbtest7_pkey on sbtest7  (cost=0.43..8.45 rows=1 width=121)
	  Index Cond: (id = 5431909)

table 8 : explain SELECT c FROM sbtest8 WHERE id=8017772
	Index Scan using sbtest8_pkey on sbtest8  (cost=0.43..8.45 rows=1 width=121)
	  Index Cond: (id = 8017772)

for inserts
table 1 : explain INSERT INTO sbtest1 (id, k, c, pad) VALUES (9260125, 13, 'foobar', 'foobar')
	Insert on sbtest1  (cost=0.00..0.01 rows=0 width=0)
	  ->  Result  (cost=0.00..0.01 rows=1 width=736)

table 2 : explain INSERT INTO sbtest2 (id, k, c, pad) VALUES (6881190, 13, 'foobar', 'foobar')
	Insert on sbtest2  (cost=0.00..0.01 rows=0 width=0)
	  ->  Result  (cost=0.00..0.01 rows=1 width=736)

table 3 : explain INSERT INTO sbtest3 (id, k, c, pad) VALUES (4137530, 13, 'foobar', 'foobar')
	Insert on sbtest3  (cost=0.00..0.01 rows=0 width=0)
	  ->  Result  (cost=0.00..0.01 rows=1 width=736)

table 4 : explain INSERT INTO sbtest4 (id, k, c, pad) VALUES (9350084, 13, 'foobar', 'foobar')
	Insert on sbtest4  (cost=0.00..0.01 rows=0 width=0)
	  ->  Result  (cost=0.00..0.01 rows=1 width=736)

table 5 : explain INSERT INTO sbtest5 (id, k, c, pad) VALUES (8875335, 13, 'foobar', 'foobar')
	Insert on sbtest5  (cost=0.00..0.01 rows=0 width=0)
	  ->  Result  (cost=0.00..0.01 rows=1 width=736)

table 6 : explain INSERT INTO sbtest6 (id, k, c, pad) VALUES (2036637, 13, 'foobar', 'foobar')
	Insert on sbtest6  (cost=0.00..0.01 rows=0 width=0)
	  ->  Result  (cost=0.00..0.01 rows=1 width=736)

table 7 : explain INSERT INTO sbtest7 (id, k, c, pad) VALUES (6645177, 13, 'foobar', 'foobar')
	Insert on sbtest7  (cost=0.00..0.01 rows=0 width=0)
	  ->  Result  (cost=0.00..0.01 rows=1 width=736)

table 8 : explain INSERT INTO sbtest8 (id, k, c, pad) VALUES (9620314, 13, 'foobar', 'foobar')
	Insert on sbtest8  (cost=0.00..0.01 rows=0 width=0)
	  ->  Result  (cost=0.00..0.01 rows=1 width=736)

explain: for point_selects :: explain SELECT c FROM sbtest%u WHERE id=%u
for non_index_updates
table 1 : explain UPDATE sbtest1 SET c='foobar' WHERE id=2832980
	Update on sbtest1  (cost=0.43..8.45 rows=0 width=0)
	  ->  Index Scan using sbtest1_pkey on sbtest1  (cost=0.43..8.45 rows=1 width=490)
	        Index Cond: (id = 2832980)

table 2 : explain UPDATE sbtest2 SET c='foobar' WHERE id=1918707
	Update on sbtest2  (cost=0.43..8.45 rows=0 width=0)
	  ->  Index Scan using sbtest2_pkey on sbtest2  (cost=0.43..8.45 rows=1 width=490)
	        Index Cond: (id = 1918707)

table 3 : explain UPDATE sbtest3 SET c='foobar' WHERE id=1353362
	Update on sbtest3  (cost=0.43..8.45 rows=0 width=0)
	  ->  Index Scan using sbtest3_pkey on sbtest3  (cost=0.43..8.45 rows=1 width=490)
	        Index Cond: (id = 1353362)

table 4 : explain UPDATE sbtest4 SET c='foobar' WHERE id=2075029
	Update on sbtest4  (cost=0.43..8.45 rows=0 width=0)
	  ->  Index Scan using sbtest4_pkey on sbtest4  (cost=0.43..8.45 rows=1 width=490)
	        Index Cond: (id = 2075029)

table 5 : explain UPDATE sbtest5 SET c='foobar' WHERE id=2768893
	Update on sbtest5  (cost=0.43..8.45 rows=0 width=0)
	  ->  Index Scan using sbtest5_pkey on sbtest5  (cost=0.43..8.45 rows=1 width=490)
	        Index Cond: (id = 2768893)

table 6 : explain UPDATE sbtest6 SET c='foobar' WHERE id=7829320
	Update on sbtest6  (cost=0.43..8.45 rows=0 width=0)
	  ->  Index Scan using sbtest6_pkey on sbtest6  (cost=0.43..8.45 rows=1 width=490)
	        Index Cond: (id = 7829320)

table 7 : explain UPDATE sbtest7 SET c='foobar' WHERE id=4533983
	Update on sbtest7  (cost=0.43..8.45 rows=0 width=0)
	  ->  Index Scan using sbtest7_pkey on sbtest7  (cost=0.43..8.45 rows=1 width=490)
	        Index Cond: (id = 4533983)

table 8 : explain UPDATE sbtest8 SET c='foobar' WHERE id=9734703
	Update on sbtest8  (cost=0.43..8.45 rows=0 width=0)
	  ->  Index Scan using sbtest8_pkey on sbtest8  (cost=0.43..8.45 rows=1 width=490)
	        Index Cond: (id = 9734703)

explain: for inserts :: explain INSERT INTO sbtest%u (id, k, c, pad) VALUES (%u, 13, 'foobar', 'foobar')
explain: for deletes :: explain DELETE FROM sbtest%u WHERE id=%u
for inserts
table 1 : explain INSERT INTO sbtest1 (id, k, c, pad) VALUES (1801341, 13, 'foobar', 'foobar')
	Insert on sbtest1  (cost=0.00..0.01 rows=0 width=0)
	  ->  Result  (cost=0.00..0.01 rows=1 width=736)

table 2 : explain INSERT INTO sbtest2 (id, k, c, pad) VALUES (8773154, 13, 'foobar', 'foobar')
	Insert on sbtest2  (cost=0.00..0.01 rows=0 width=0)
	  ->  Result  (cost=0.00..0.01 rows=1 width=736)

table 3 : explain INSERT INTO sbtest3 (id, k, c, pad) VALUES (3956432, 13, 'foobar', 'foobar')
	Insert on sbtest3  (cost=0.00..0.01 rows=0 width=0)
	  ->  Result  (cost=0.00..0.01 rows=1 width=736)

table 4 : explain INSERT INTO sbtest4 (id, k, c, pad) VALUES (7799910, 13, 'foobar', 'foobar')
	Insert on sbtest4  (cost=0.00..0.01 rows=0 width=0)
	  ->  Result  (cost=0.00..0.01 rows=1 width=736)

table 5 : explain INSERT INTO sbtest5 (id, k, c, pad) VALUES (9752258, 13, 'foobar', 'foobar')
	Insert on sbtest5  (cost=0.00..0.01 rows=0 width=0)
	  ->  Result  (cost=0.00..0.01 rows=1 width=736)

table 6 : explain INSERT INTO sbtest6 (id, k, c, pad) VALUES (6643088, 13, 'foobar', 'foobar')
	Insert on sbtest6  (cost=0.00..0.01 rows=0 width=0)
	  ->  Result  (cost=0.00..0.01 rows=1 width=736)

table 7 : explain INSERT INTO sbtest7 (id, k, c, pad) VALUES (9121893, 13, 'foobar', 'foobar')
	Insert on sbtest7  (cost=0.00..0.01 rows=0 width=0)
	  ->  Result  (cost=0.00..0.01 rows=1 width=736)

table 8 : explain INSERT INTO sbtest8 (id, k, c, pad) VALUES (3786680, 13, 'foobar', 'foobar')
	Insert on sbtest8  (cost=0.00..0.01 rows=0 width=0)
	  ->  Result  (cost=0.00..0.01 rows=1 width=736)

for deletes
table 1 : explain DELETE FROM sbtest1 WHERE id=3284992
	Delete on sbtest1  (cost=0.43..8.45 rows=0 width=0)
	  ->  Index Scan using sbtest1_pkey on sbtest1  (cost=0.43..8.45 rows=1 width=6)
	        Index Cond: (id = 3284992)

table 2 : explain DELETE FROM sbtest2 WHERE id=5512935
	Delete on sbtest2  (cost=0.43..8.45 rows=0 width=0)
	  ->  Index Scan using sbtest2_pkey on sbtest2  (cost=0.43..8.45 rows=1 width=6)
	        Index Cond: (id = 5512935)

table 3 : explain DELETE FROM sbtest3 WHERE id=795373
	Delete on sbtest3  (cost=0.43..8.45 rows=0 width=0)
	  ->  Index Scan using sbtest3_pkey on sbtest3  (cost=0.43..8.45 rows=1 width=6)
	        Index Cond: (id = 795373)

table 4 : explain DELETE FROM sbtest4 WHERE id=2535428
	Delete on sbtest4  (cost=0.43..8.45 rows=0 width=0)
	  ->  Index Scan using sbtest4_pkey on sbtest4  (cost=0.43..8.45 rows=1 width=6)
	        Index Cond: (id = 2535428)

table 5 : explain DELETE FROM sbtest5 WHERE id=5522879
	Delete on sbtest5  (cost=0.43..8.45 rows=0 width=0)
	  ->  Index Scan using sbtest5_pkey on sbtest5  (cost=0.43..8.45 rows=1 width=6)
	        Index Cond: (id = 5522879)

table 6 : explain DELETE FROM sbtest6 WHERE id=362897
	Delete on sbtest6  (cost=0.43..8.45 rows=0 width=0)
	  ->  Index Scan using sbtest6_pkey on sbtest6  (cost=0.43..8.45 rows=1 width=6)
	        Index Cond: (id = 362897)

table 7 : explain DELETE FROM sbtest7 WHERE id=3095519
	Delete on sbtest7  (cost=0.43..8.45 rows=0 width=0)
	  ->  Index Scan using sbtest7_pkey on sbtest7  (cost=0.43..8.45 rows=1 width=6)
	        Index Cond: (id = 3095519)

table 8 : explain DELETE FROM sbtest8 WHERE id=9489857
	Delete on sbtest8  (cost=0.43..8.45 rows=0 width=0)
	  ->  Index Scan using sbtest8_pkey on sbtest8  (cost=0.43..8.45 rows=1 width=6)
	        Index Cond: (id = 9489857)

explain: for inserts :: explain INSERT INTO sbtest%u (id, k, c, pad) VALUES (%u, 13, 'foobar', 'foobar')
for inserts
table 1 : explain INSERT INTO sbtest1 (id, k, c, pad) VALUES (4417892, 13, 'foobar', 'foobar')
	Insert on sbtest1  (cost=0.00..0.01 rows=0 width=0)
	  ->  Result  (cost=0.00..0.01 rows=1 width=736)

table 2 : explain INSERT INTO sbtest2 (id, k, c, pad) VALUES (2376258, 13, 'foobar', 'foobar')
	Insert on sbtest2  (cost=0.00..0.01 rows=0 width=0)
	  ->  Result  (cost=0.00..0.01 rows=1 width=736)

table 3 : explain INSERT INTO sbtest3 (id, k, c, pad) VALUES (6888572, 13, 'foobar', 'foobar')
	Insert on sbtest3  (cost=0.00..0.01 rows=0 width=0)
	  ->  Result  (cost=0.00..0.01 rows=1 width=736)

table 4 : explain INSERT INTO sbtest4 (id, k, c, pad) VALUES (8356544, 13, 'foobar', 'foobar')
	Insert on sbtest4  (cost=0.00..0.01 rows=0 width=0)
	  ->  Result  (cost=0.00..0.01 rows=1 width=736)

table 5 : explain INSERT INTO sbtest5 (id, k, c, pad) VALUES (7243854, 13, 'foobar', 'foobar')
	Insert on sbtest5  (cost=0.00..0.01 rows=0 width=0)
	  ->  Result  (cost=0.00..0.01 rows=1 width=736)

table 6 : explain INSERT INTO sbtest6 (id, k, c, pad) VALUES (3606273, 13, 'foobar', 'foobar')
	Insert on sbtest6  (cost=0.00..0.01 rows=0 width=0)
	  ->  Result  (cost=0.00..0.01 rows=1 width=736)

table 7 : explain INSERT INTO sbtest7 (id, k, c, pad) VALUES (1120046, 13, 'foobar', 'foobar')
	Insert on sbtest7  (cost=0.00..0.01 rows=0 width=0)
	  ->  Result  (cost=0.00..0.01 rows=1 width=736)

table 8 : explain INSERT INTO sbtest8 (id, k, c, pad) VALUES (4970210, 13, 'foobar', 'foobar')
	Insert on sbtest8  (cost=0.00..0.01 rows=0 width=0)
	  ->  Result  (cost=0.00..0.01 rows=1 width=736)

for point_selects
table 1 : explain SELECT c FROM sbtest1 WHERE id=9288748
	Index Scan using sbtest1_pkey on sbtest1  (cost=0.43..8.45 rows=1 width=121)
	  Index Cond: (id = 9288748)

table 2 : explain SELECT c FROM sbtest2 WHERE id=8663000
	Index Scan using sbtest2_pkey on sbtest2  (cost=0.43..8.45 rows=1 width=121)
	  Index Cond: (id = 8663000)

table 3 : explain SELECT c FROM sbtest3 WHERE id=2415903
	Index Scan using sbtest3_pkey on sbtest3  (cost=0.43..8.45 rows=1 width=121)
	  Index Cond: (id = 2415903)

table 4 : explain SELECT c FROM sbtest4 WHERE id=6253000
	Index Scan using sbtest4_pkey on sbtest4  (cost=0.43..8.45 rows=1 width=121)
	  Index Cond: (id = 6253000)

table 5 : explain SELECT c FROM sbtest5 WHERE id=1227605
	Index Scan using sbtest5_pkey on sbtest5  (cost=0.43..8.45 rows=1 width=121)
	  Index Cond: (id = 1227605)

table 6 : explain SELECT c FROM sbtest6 WHERE id=1557810
	Index Scan using sbtest6_pkey on sbtest6  (cost=0.43..8.45 rows=1 width=121)
	  Index Cond: (id = 1557810)

table 7 : explain SELECT c FROM sbtest7 WHERE id=9554515
	Index Scan using sbtest7_pkey on sbtest7  (cost=0.43..8.45 rows=1 width=121)
	  Index Cond: (id = 9554515)

table 8 : explain SELECT c FROM sbtest8 WHERE id=767644
	Index Scan using sbtest8_pkey on sbtest8  (cost=0.43..8.45 rows=1 width=121)
	  Index Cond: (id = 767644)

explain: for point_selects :: explain SELECT c FROM sbtest%u WHERE id=%u
for point_selects
table 1 : explain SELECT c FROM sbtest1 WHERE id=3754715
	Index Scan using sbtest1_pkey on sbtest1  (cost=0.43..8.45 rows=1 width=121)
	  Index Cond: (id = 3754715)

table 2 : explain SELECT c FROM sbtest2 WHERE id=2847296
	Index Scan using sbtest2_pkey on sbtest2  (cost=0.43..8.45 rows=1 width=121)
	  Index Cond: (id = 2847296)

table 3 : explain SELECT c FROM sbtest3 WHERE id=1527781
	Index Scan using sbtest3_pkey on sbtest3  (cost=0.43..8.45 rows=1 width=121)
	  Index Cond: (id = 1527781)

table 4 : explain SELECT c FROM sbtest4 WHERE id=1617872
	Index Scan using sbtest4_pkey on sbtest4  (cost=0.43..8.45 rows=1 width=121)
	  Index Cond: (id = 1617872)

table 5 : explain SELECT c FROM sbtest5 WHERE id=8972920
	Index Scan using sbtest5_pkey on sbtest5  (cost=0.43..8.45 rows=1 width=121)
	  Index Cond: (id = 8972920)

table 6 : explain SELECT c FROM sbtest6 WHERE id=5231980
	Index Scan using sbtest6_pkey on sbtest6  (cost=0.43..8.45 rows=1 width=121)
	  Index Cond: (id = 5231980)

table 7 : explain SELECT c FROM sbtest7 WHERE id=1412249
	Index Scan using sbtest7_pkey on sbtest7  (cost=0.43..8.45 rows=1 width=121)
	  Index Cond: (id = 1412249)

table 8 : explain SELECT c FROM sbtest8 WHERE id=6113955
	Index Scan using sbtest8_pkey on sbtest8  (cost=0.43..8.45 rows=1 width=121)
	  Index Cond: (id = 6113955)

explain: for point_selects :: explain SELECT c FROM sbtest%u WHERE id=%u
for: simple_ranges
table 1 : explain SELECT c FROM sbtest1 WHERE id BETWEEN 8757892 AND 8757901
	Index Scan using sbtest1_pkey on sbtest1  (cost=0.43..43.05 rows=11 width=121)
	  Index Cond: ((id >= 8757892) AND (id <= 8757901))

table 2 : explain SELECT c FROM sbtest2 WHERE id BETWEEN 6400794 AND 6400803
	Index Scan using sbtest2_pkey on sbtest2  (cost=0.43..39.48 rows=10 width=121)
	  Index Cond: ((id >= 6400794) AND (id <= 6400803))

table 3 : explain SELECT c FROM sbtest3 WHERE id BETWEEN 7190678 AND 7190687
	Index Scan using sbtest3_pkey on sbtest3  (cost=0.43..39.21 rows=10 width=121)
	  Index Cond: ((id >= 7190678) AND (id <= 7190687))

table 4 : explain SELECT c FROM sbtest4 WHERE id BETWEEN 3164622 AND 3164631
	Index Scan using sbtest4_pkey on sbtest4  (cost=0.43..39.35 rows=10 width=121)
	  Index Cond: ((id >= 3164622) AND (id <= 3164631))

table 5 : explain SELECT c FROM sbtest5 WHERE id BETWEEN 2824894 AND 2824903
	Index Scan using sbtest5_pkey on sbtest5  (cost=0.43..42.96 rows=11 width=121)
	  Index Cond: ((id >= 2824894) AND (id <= 2824903))

table 6 : explain SELECT c FROM sbtest6 WHERE id BETWEEN 6299632 AND 6299641
	Index Scan using sbtest6_pkey on sbtest6  (cost=0.43..35.94 rows=9 width=121)
	  Index Cond: ((id >= 6299632) AND (id <= 6299641))

table 7 : explain SELECT c FROM sbtest7 WHERE id BETWEEN 4446430 AND 4446439
	Index Scan using sbtest7_pkey on sbtest7  (cost=0.43..39.33 rows=10 width=121)
	  Index Cond: ((id >= 4446430) AND (id <= 4446439))

table 8 : explain SELECT c FROM sbtest8 WHERE id BETWEEN 2738824 AND 2738833
	Index Scan using sbtest8_pkey on sbtest8  (cost=0.43..39.11 rows=10 width=121)
	  Index Cond: ((id >= 2738824) AND (id <= 2738833))

explain: for point_selects :: explain SELECT c FROM sbtest%u WHERE id=%u
explain: for point_selects :: explain SELECT c FROM sbtest%u WHERE id=%u
explain: for point_selects :: explain SELECT c FROM sbtest%u WHERE id=%u
for: simple_ranges
table 1 : explain SELECT c FROM sbtest1 WHERE id BETWEEN 3638098 AND 3638107
	Index Scan using sbtest1_pkey on sbtest1  (cost=0.43..39.59 rows=10 width=121)
	  Index Cond: ((id >= 3638098) AND (id <= 3638107))

table 2 : explain SELECT c FROM sbtest2 WHERE id BETWEEN 3605524 AND 3605533
	Index Scan using sbtest2_pkey on sbtest2  (cost=0.43..39.48 rows=10 width=121)
	  Index Cond: ((id >= 3605524) AND (id <= 3605533))

table 3 : explain SELECT c FROM sbtest3 WHERE id BETWEEN 5197371 AND 5197380
	Index Scan using sbtest3_pkey on sbtest3  (cost=0.43..39.21 rows=10 width=121)
	  Index Cond: ((id >= 5197371) AND (id <= 5197380))

table 4 : explain SELECT c FROM sbtest4 WHERE id BETWEEN 2317343 AND 2317352
	Index Scan using sbtest4_pkey on sbtest4  (cost=0.43..42.79 rows=11 width=121)
	  Index Cond: ((id >= 2317343) AND (id <= 2317352))

table 5 : explain SELECT c FROM sbtest5 WHERE id BETWEEN 2681736 AND 2681745
	Index Scan using sbtest5_pkey on sbtest5  (cost=0.43..39.51 rows=10 width=121)
	  Index Cond: ((id >= 2681736) AND (id <= 2681745))

table 6 : explain SELECT c FROM sbtest6 WHERE id BETWEEN 8948504 AND 8948513
	Index Scan using sbtest6_pkey on sbtest6  (cost=0.43..39.37 rows=10 width=121)
	  Index Cond: ((id >= 8948504) AND (id <= 8948513))

table 7 : explain SELECT c FROM sbtest7 WHERE id BETWEEN 4073865 AND 4073874
	Index Scan using sbtest7_pkey on sbtest7  (cost=0.43..35.90 rows=9 width=121)
	  Index Cond: ((id >= 4073865) AND (id <= 4073874))

table 8 : explain SELECT c FROM sbtest8 WHERE id BETWEEN 8910838 AND 8910847
	Index Scan using sbtest8_pkey on sbtest8  (cost=0.43..42.51 rows=11 width=121)
	  Index Cond: ((id >= 8910838) AND (id <= 8910847))

for point_selects
table 1 : explain SELECT c FROM sbtest1 WHERE id=8805159
	Index Scan using sbtest1_pkey on sbtest1  (cost=0.43..8.45 rows=1 width=121)
	  Index Cond: (id = 8805159)

table 2 : explain SELECT c FROM sbtest2 WHERE id=7838821
	Index Scan using sbtest2_pkey on sbtest2  (cost=0.43..8.45 rows=1 width=121)
	  Index Cond: (id = 7838821)

table 3 : explain SELECT c FROM sbtest3 WHERE id=541347
	Index Scan using sbtest3_pkey on sbtest3  (cost=0.43..8.45 rows=1 width=121)
	  Index Cond: (id = 541347)

table 4 : explain SELECT c FROM sbtest4 WHERE id=9262084
	Index Scan using sbtest4_pkey on sbtest4  (cost=0.43..8.45 rows=1 width=121)
	  Index Cond: (id = 9262084)

table 5 : explain SELECT c FROM sbtest5 WHERE id=568819
	Index Scan using sbtest5_pkey on sbtest5  (cost=0.43..8.45 rows=1 width=121)
	  Index Cond: (id = 568819)

table 6 : explain SELECT c FROM sbtest6 WHERE id=5713247
	Index Scan using sbtest6_pkey on sbtest6  (cost=0.43..8.45 rows=1 width=121)
	  Index Cond: (id = 5713247)

table 7 : explain SELECT c FROM sbtest7 WHERE id=7523198
	Index Scan using sbtest7_pkey on sbtest7  (cost=0.43..8.45 rows=1 width=121)
	  Index Cond: (id = 7523198)

table 8 : explain SELECT c FROM sbtest8 WHERE id=5467984
	Index Scan using sbtest8_pkey on sbtest8  (cost=0.43..8.45 rows=1 width=121)
	  Index Cond: (id = 5467984)

for: sum_ranges
table 1 : explain SELECT SUM(k) FROM sbtest1 WHERE id BETWEEN 1670000 AND 1670009
	Aggregate  (cost=39.62..39.63 rows=1 width=8)
	  ->  Index Scan using sbtest1_pkey on sbtest1  (cost=0.43..39.59 rows=10 width=4)
	        Index Cond: ((id >= 1670000) AND (id <= 1670009))

table 2 : explain SELECT SUM(k) FROM sbtest2 WHERE id BETWEEN 3077944 AND 3077953
	Aggregate  (cost=42.95..42.96 rows=1 width=8)
	  ->  Index Scan using sbtest2_pkey on sbtest2  (cost=0.43..42.92 rows=11 width=4)
	        Index Cond: ((id >= 3077944) AND (id <= 3077953))

table 3 : explain SELECT SUM(k) FROM sbtest3 WHERE id BETWEEN 6547662 AND 6547671
	Aggregate  (cost=46.07..46.08 rows=1 width=8)
	  ->  Index Scan using sbtest3_pkey on sbtest3  (cost=0.43..46.04 rows=12 width=4)
	        Index Cond: ((id >= 6547662) AND (id <= 6547671))

table 4 : explain SELECT SUM(k) FROM sbtest4 WHERE id BETWEEN 18656 AND 18665
	Aggregate  (cost=39.38..39.39 rows=1 width=8)
	  ->  Index Scan using sbtest4_pkey on sbtest4  (cost=0.43..39.35 rows=10 width=4)
	        Index Cond: ((id >= 18656) AND (id <= 18665))

table 5 : explain SELECT SUM(k) FROM sbtest5 WHERE id BETWEEN 3000090 AND 3000099
	Aggregate  (cost=39.53..39.54 rows=1 width=8)
	  ->  Index Scan using sbtest5_pkey on sbtest5  (cost=0.43..39.51 rows=10 width=4)
	        Index Cond: ((id >= 3000090) AND (id <= 3000099))

table 6 : explain SELECT SUM(k) FROM sbtest6 WHERE id BETWEEN 6651179 AND 6651188
	Aggregate  (cost=39.40..39.41 rows=1 width=8)
	  ->  Index Scan using sbtest6_pkey on sbtest6  (cost=0.43..39.37 rows=10 width=4)
	        Index Cond: ((id >= 6651179) AND (id <= 6651188))

table 7 : explain SELECT SUM(k) FROM sbtest7 WHERE id BETWEEN 2657893 AND 2657902
	Aggregate  (cost=42.78..42.79 rows=1 width=8)
	  ->  Index Scan using sbtest7_pkey on sbtest7  (cost=0.43..42.76 rows=11 width=4)
	        Index Cond: ((id >= 2657893) AND (id <= 2657902))

table 8 : explain SELECT SUM(k) FROM sbtest8 WHERE id BETWEEN 8485383 AND 8485392
	Aggregate  (cost=35.72..35.73 rows=1 width=8)
	  ->  Index Scan using sbtest8_pkey on sbtest8  (cost=0.43..35.70 rows=9 width=4)
	        Index Cond: ((id >= 8485383) AND (id <= 8485392))

explain: for point_selects :: explain SELECT c FROM sbtest%u WHERE id=%u
for point_selects
table 1 : explain SELECT c FROM sbtest1 WHERE id=3987408
	Index Scan using sbtest1_pkey on sbtest1  (cost=0.43..8.45 rows=1 width=121)
	  Index Cond: (id = 3987408)

table 2 : explain SELECT c FROM sbtest2 WHERE id=6818220
	Index Scan using sbtest2_pkey on sbtest2  (cost=0.43..8.45 rows=1 width=121)
	  Index Cond: (id = 6818220)

table 3 : explain SELECT c FROM sbtest3 WHERE id=5867844
	Index Scan using sbtest3_pkey on sbtest3  (cost=0.43..8.45 rows=1 width=121)
	  Index Cond: (id = 5867844)

table 4 : explain SELECT c FROM sbtest4 WHERE id=4700094
	Index Scan using sbtest4_pkey on sbtest4  (cost=0.43..8.45 rows=1 width=121)
	  Index Cond: (id = 4700094)

table 5 : explain SELECT c FROM sbtest5 WHERE id=3197264
	Index Scan using sbtest5_pkey on sbtest5  (cost=0.43..8.45 rows=1 width=121)
	  Index Cond: (id = 3197264)

table 6 : explain SELECT c FROM sbtest6 WHERE id=653889
	Index Scan using sbtest6_pkey on sbtest6  (cost=0.43..8.45 rows=1 width=121)
	  Index Cond: (id = 653889)

table 7 : explain SELECT c FROM sbtest7 WHERE id=5393762
	Index Scan using sbtest7_pkey on sbtest7  (cost=0.43..8.45 rows=1 width=121)
	  Index Cond: (id = 5393762)

table 8 : explain SELECT c FROM sbtest8 WHERE id=3293362
	Index Scan using sbtest8_pkey on sbtest8  (cost=0.43..8.45 rows=1 width=121)
	  Index Cond: (id = 3293362)

for: sum_ranges
table 1 : explain SELECT SUM(k) FROM sbtest1 WHERE id BETWEEN 5924964 AND 5924973
	Aggregate  (cost=36.16..36.17 rows=1 width=8)
	  ->  Index Scan using sbtest1_pkey on sbtest1  (cost=0.43..36.13 rows=9 width=4)
	        Index Cond: ((id >= 5924964) AND (id <= 5924973))

table 2 : explain SELECT SUM(k) FROM sbtest2 WHERE id BETWEEN 2358001 AND 2358010
	Aggregate  (cost=42.95..42.96 rows=1 width=8)
	  ->  Index Scan using sbtest2_pkey on sbtest2  (cost=0.43..42.92 rows=11 width=4)
	        Index Cond: ((id >= 2358001) AND (id <= 2358010))

table 3 : explain SELECT SUM(k) FROM sbtest3 WHERE id BETWEEN 7815821 AND 7815830
	Aggregate  (cost=39.23..39.24 rows=1 width=8)
	  ->  Index Scan using sbtest3_pkey on sbtest3  (cost=0.43..39.21 rows=10 width=4)
	        Index Cond: ((id >= 7815821) AND (id <= 7815830))

table 4 : explain SELECT SUM(k) FROM sbtest4 WHERE id BETWEEN 4969523 AND 4969532
	Aggregate  (cost=39.38..39.39 rows=1 width=8)
	  ->  Index Scan using sbtest4_pkey on sbtest4  (cost=0.43..39.35 rows=10 width=4)
	        Index Cond: ((id >= 4969523) AND (id <= 4969532))

table 5 : explain SELECT SUM(k) FROM sbtest5 WHERE id BETWEEN 3896476 AND 3896485
	Aggregate  (cost=42.99..43.00 rows=1 width=8)
	  ->  Index Scan using sbtest5_pkey on sbtest5  (cost=0.43..42.96 rows=11 width=4)
	        Index Cond: ((id >= 3896476) AND (id <= 3896485))

table 6 : explain SELECT SUM(k) FROM sbtest6 WHERE id BETWEEN 9249524 AND 9249533
	Aggregate  (cost=39.40..39.41 rows=1 width=8)
	  ->  Index Scan using sbtest6_pkey on sbtest6  (cost=0.43..39.37 rows=10 width=4)
	        Index Cond: ((id >= 9249524) AND (id <= 9249533))

table 7 : explain SELECT SUM(k) FROM sbtest7 WHERE id BETWEEN 4890300 AND 4890309
	Aggregate  (cost=39.35..39.36 rows=1 width=8)
	  ->  Index Scan using sbtest7_pkey on sbtest7  (cost=0.43..39.33 rows=10 width=4)
	        Index Cond: ((id >= 4890300) AND (id <= 4890309))

table 8 : explain SELECT SUM(k) FROM sbtest8 WHERE id BETWEEN 5745073 AND 5745082
	Aggregate  (cost=39.13..39.14 rows=1 width=8)
	  ->  Index Scan using sbtest8_pkey on sbtest8  (cost=0.43..39.11 rows=10 width=4)
	        Index Cond: ((id >= 5745073) AND (id <= 5745082))

for: simple_ranges
table 1 : explain SELECT c FROM sbtest1 WHERE id BETWEEN 1412480 AND 1412489
	Index Scan using sbtest1_pkey on sbtest1  (cost=0.43..39.59 rows=10 width=121)
	  Index Cond: ((id >= 1412480) AND (id <= 1412489))

table 2 : explain SELECT c FROM sbtest2 WHERE id BETWEEN 2022957 AND 2022966
	Index Scan using sbtest2_pkey on sbtest2  (cost=0.43..39.48 rows=10 width=121)
	  Index Cond: ((id >= 2022957) AND (id <= 2022966))

table 3 : explain SELECT c FROM sbtest3 WHERE id BETWEEN 2329889 AND 2329898
	Index Scan using sbtest3_pkey on sbtest3  (cost=0.43..39.21 rows=10 width=121)
	  Index Cond: ((id >= 2329889) AND (id <= 2329898))

table 4 : explain SELECT c FROM sbtest4 WHERE id BETWEEN 8990420 AND 8990429
	Index Scan using sbtest4_pkey on sbtest4  (cost=0.43..39.35 rows=10 width=121)
	  Index Cond: ((id >= 8990420) AND (id <= 8990429))

table 5 : explain SELECT c FROM sbtest5 WHERE id BETWEEN 4443850 AND 4443859
	Index Scan using sbtest5_pkey on sbtest5  (cost=0.43..46.41 rows=12 width=121)
	  Index Cond: ((id >= 4443850) AND (id <= 4443859))

table 6 : explain SELECT c FROM sbtest6 WHERE id BETWEEN 7675626 AND 7675635
	Index Scan using sbtest6_pkey on sbtest6  (cost=0.43..39.37 rows=10 width=121)
	  Index Cond: ((id >= 7675626) AND (id <= 7675635))

table 7 : explain SELECT c FROM sbtest7 WHERE id BETWEEN 2902899 AND 2902908
	Index Scan using sbtest7_pkey on sbtest7  (cost=0.43..39.33 rows=10 width=121)
	  Index Cond: ((id >= 2902899) AND (id <= 2902908))

table 8 : explain SELECT c FROM sbtest8 WHERE id BETWEEN 5599790 AND 5599799
	Index Scan using sbtest8_pkey on sbtest8  (cost=0.43..39.11 rows=10 width=121)
	  Index Cond: ((id >= 5599790) AND (id <= 5599799))

explain: for point_selects :: explain SELECT c FROM sbtest%u WHERE id=%u
for point_selects
table 1 : explain SELECT c FROM sbtest1 WHERE id=9771919
	Index Scan using sbtest1_pkey on sbtest1  (cost=0.43..8.45 rows=1 width=121)
	  Index Cond: (id = 9771919)

table 2 : explain SELECT c FROM sbtest2 WHERE id=1412739
	Index Scan using sbtest2_pkey on sbtest2  (cost=0.43..8.45 rows=1 width=121)
	  Index Cond: (id = 1412739)

table 3 : explain SELECT c FROM sbtest3 WHERE id=4554570
	Index Scan using sbtest3_pkey on sbtest3  (cost=0.43..8.45 rows=1 width=121)
	  Index Cond: (id = 4554570)

table 4 : explain SELECT c FROM sbtest4 WHERE id=8917823
	Index Scan using sbtest4_pkey on sbtest4  (cost=0.43..8.45 rows=1 width=121)
	  Index Cond: (id = 8917823)

table 5 : explain SELECT c FROM sbtest5 WHERE id=8044050
	Index Scan using sbtest5_pkey on sbtest5  (cost=0.43..8.45 rows=1 width=121)
	  Index Cond: (id = 8044050)

table 6 : explain SELECT c FROM sbtest6 WHERE id=6253130
	Index Scan using sbtest6_pkey on sbtest6  (cost=0.43..8.45 rows=1 width=121)
	  Index Cond: (id = 6253130)

table 7 : explain SELECT c FROM sbtest7 WHERE id=6414683
	Index Scan using sbtest7_pkey on sbtest7  (cost=0.43..8.45 rows=1 width=121)
	  Index Cond: (id = 6414683)

table 8 : explain SELECT c FROM sbtest8 WHERE id=2124590
	Index Scan using sbtest8_pkey on sbtest8  (cost=0.43..8.45 rows=1 width=121)
	  Index Cond: (id = 2124590)

for: order_ranges
table 1 : explain SELECT c FROM sbtest1 WHERE id BETWEEN 3152598 AND 3152607 ORDER BY c
	Sort  (cost=39.76..39.78 rows=10 width=121)
	  Sort Key: c
	  ->  Index Scan using sbtest1_pkey on sbtest1  (cost=0.43..39.59 rows=10 width=121)
	        Index Cond: ((id >= 3152598) AND (id <= 3152607))

table 2 : explain SELECT c FROM sbtest2 WHERE id BETWEEN 3787115 AND 3787124 ORDER BY c
	Sort  (cost=39.64..39.67 rows=10 width=121)
	  Sort Key: c
	  ->  Index Scan using sbtest2_pkey on sbtest2  (cost=0.43..39.48 rows=10 width=121)
	        Index Cond: ((id >= 3787115) AND (id <= 3787124))

table 3 : explain SELECT c FROM sbtest3 WHERE id BETWEEN 1743974 AND 1743983 ORDER BY c
	Sort  (cost=35.93..35.95 rows=9 width=121)
	  Sort Key: c
	  ->  Index Scan using sbtest3_pkey on sbtest3  (cost=0.43..35.79 rows=9 width=121)
	        Index Cond: ((id >= 1743974) AND (id <= 1743983))

table 4 : explain SELECT c FROM sbtest4 WHERE id BETWEEN 2931883 AND 2931892 ORDER BY c
	Sort  (cost=36.06..36.09 rows=9 width=121)
	  Sort Key: c
	  ->  Index Scan using sbtest4_pkey on sbtest4  (cost=0.43..35.92 rows=9 width=121)
	        Index Cond: ((id >= 2931883) AND (id <= 2931892))

table 5 : explain SELECT c FROM sbtest5 WHERE id BETWEEN 6777281 AND 6777290 ORDER BY c
	Sort  (cost=39.68..39.70 rows=10 width=121)
	  Sort Key: c
	  ->  Index Scan using sbtest5_pkey on sbtest5  (cost=0.43..39.51 rows=10 width=121)
	        Index Cond: ((id >= 6777281) AND (id <= 6777290))

table 6 : explain SELECT c FROM sbtest6 WHERE id BETWEEN 8042654 AND 8042663 ORDER BY c
	Sort  (cost=39.54..39.57 rows=10 width=121)
	  Sort Key: c
	  ->  Index Scan using sbtest6_pkey on sbtest6  (cost=0.43..39.37 rows=10 width=121)
	        Index Cond: ((id >= 8042654) AND (id <= 8042663))

table 7 : explain SELECT c FROM sbtest7 WHERE id BETWEEN 1102147 AND 1102156 ORDER BY c
	Sort  (cost=42.95..42.97 rows=11 width=121)
	  Sort Key: c
	  ->  Index Scan using sbtest7_pkey on sbtest7  (cost=0.43..42.76 rows=11 width=121)
	        Index Cond: ((id >= 1102147) AND (id <= 1102156))

table 8 : explain SELECT c FROM sbtest8 WHERE id BETWEEN 5792437 AND 5792446 ORDER BY c
	Sort  (cost=39.27..39.30 rows=10 width=121)
	  Sort Key: c
	  ->  Index Scan using sbtest8_pkey on sbtest8  (cost=0.43..39.11 rows=10 width=121)
	        Index Cond: ((id >= 5792437) AND (id <= 5792446))

for point_selects
table 1 : explain SELECT c FROM sbtest1 WHERE id=6774950
	Index Scan using sbtest1_pkey on sbtest1  (cost=0.43..8.45 rows=1 width=121)
	  Index Cond: (id = 6774950)

table 2 : explain SELECT c FROM sbtest2 WHERE id=6980955
	Index Scan using sbtest2_pkey on sbtest2  (cost=0.43..8.45 rows=1 width=121)
	  Index Cond: (id = 6980955)

table 3 : explain SELECT c FROM sbtest3 WHERE id=1916091
	Index Scan using sbtest3_pkey on sbtest3  (cost=0.43..8.45 rows=1 width=121)
	  Index Cond: (id = 1916091)

table 4 : explain SELECT c FROM sbtest4 WHERE id=6705337
	Index Scan using sbtest4_pkey on sbtest4  (cost=0.43..8.45 rows=1 width=121)
	  Index Cond: (id = 6705337)

table 5 : explain SELECT c FROM sbtest5 WHERE id=7666079
	Index Scan using sbtest5_pkey on sbtest5  (cost=0.43..8.45 rows=1 width=121)
	  Index Cond: (id = 7666079)

table 6 : explain SELECT c FROM sbtest6 WHERE id=8312005
	Index Scan using sbtest6_pkey on sbtest6  (cost=0.43..8.45 rows=1 width=121)
	  Index Cond: (id = 8312005)

table 7 : explain SELECT c FROM sbtest7 WHERE id=4008
	Index Scan using sbtest7_pkey on sbtest7  (cost=0.43..8.45 rows=1 width=121)
	  Index Cond: (id = 4008)

table 8 : explain SELECT c FROM sbtest8 WHERE id=1357117
	Index Scan using sbtest8_pkey on sbtest8  (cost=0.43..8.45 rows=1 width=121)
	  Index Cond: (id = 1357117)

for: order_ranges
table 1 : explain SELECT c FROM sbtest1 WHERE id BETWEEN 9208026 AND 9208035 ORDER BY c
	Sort  (cost=43.24..43.27 rows=11 width=121)
	  Sort Key: c
	  ->  Index Scan using sbtest1_pkey on sbtest1  (cost=0.43..43.05 rows=11 width=121)
	        Index Cond: ((id >= 9208026) AND (id <= 9208035))

table 2 : explain SELECT c FROM sbtest2 WHERE id BETWEEN 6107668 AND 6107677 ORDER BY c
	Sort  (cost=39.64..39.67 rows=10 width=121)
	  Sort Key: c
	  ->  Index Scan using sbtest2_pkey on sbtest2  (cost=0.43..39.48 rows=10 width=121)
	        Index Cond: ((id >= 6107668) AND (id <= 6107677))

table 3 : explain SELECT c FROM sbtest3 WHERE id BETWEEN 2250369 AND 2250378 ORDER BY c
	Sort  (cost=39.37..39.40 rows=10 width=121)
	  Sort Key: c
	  ->  Index Scan using sbtest3_pkey on sbtest3  (cost=0.43..39.21 rows=10 width=121)
	        Index Cond: ((id >= 2250369) AND (id <= 2250378))

table 4 : explain SELECT c FROM sbtest4 WHERE id BETWEEN 9919684 AND 9919693 ORDER BY c
	Sort  (cost=36.06..36.09 rows=9 width=121)
	  Sort Key: c
	  ->  Index Scan using sbtest4_pkey on sbtest4  (cost=0.43..35.92 rows=9 width=121)
	        Index Cond: ((id >= 9919684) AND (id <= 9919693))

table 5 : explain SELECT c FROM sbtest5 WHERE id BETWEEN 7702860 AND 7702869 ORDER BY c
	Sort  (cost=39.68..39.70 rows=10 width=121)
	  Sort Key: c
	  ->  Index Scan using sbtest5_pkey on sbtest5  (cost=0.43..39.51 rows=10 width=121)
	        Index Cond: ((id >= 7702860) AND (id <= 7702869))

table 6 : explain SELECT c FROM sbtest6 WHERE id BETWEEN 4482261 AND 4482270 ORDER BY c
	Sort  (cost=36.08..36.10 rows=9 width=121)
	  Sort Key: c
	  ->  Index Scan using sbtest6_pkey on sbtest6  (cost=0.43..35.94 rows=9 width=121)
	        Index Cond: ((id >= 4482261) AND (id <= 4482270))

table 7 : explain SELECT c FROM sbtest7 WHERE id BETWEEN 9001104 AND 9001113 ORDER BY c
	Sort  (cost=39.49..39.52 rows=10 width=121)
	  Sort Key: c
	  ->  Index Scan using sbtest7_pkey on sbtest7  (cost=0.43..39.33 rows=10 width=121)
	        Index Cond: ((id >= 9001104) AND (id <= 9001113))

table 8 : explain SELECT c FROM sbtest8 WHERE id BETWEEN 878548 AND 878557 ORDER BY c
	Sort  (cost=39.27..39.30 rows=10 width=121)
	  Sort Key: c
	  ->  Index Scan using sbtest8_pkey on sbtest8  (cost=0.43..39.11 rows=10 width=121)
	        Index Cond: ((id >= 878548) AND (id <= 878557))

for: simple_ranges
table 1 : explain SELECT c FROM sbtest1 WHERE id BETWEEN 1145629 AND 1145638
	Index Scan using sbtest1_pkey on sbtest1  (cost=0.43..43.05 rows=11 width=121)
	  Index Cond: ((id >= 1145629) AND (id <= 1145638))

table 2 : explain SELECT c FROM sbtest2 WHERE id BETWEEN 7145514 AND 7145523
	Index Scan using sbtest2_pkey on sbtest2  (cost=0.43..39.48 rows=10 width=121)
	  Index Cond: ((id >= 7145514) AND (id <= 7145523))

table 3 : explain SELECT c FROM sbtest3 WHERE id BETWEEN 5330511 AND 5330520
	Index Scan using sbtest3_pkey on sbtest3  (cost=0.43..35.79 rows=9 width=121)
	  Index Cond: ((id >= 5330511) AND (id <= 5330520))

table 4 : explain SELECT c FROM sbtest4 WHERE id BETWEEN 8044570 AND 8044579
	Index Scan using sbtest4_pkey on sbtest4  (cost=0.43..39.35 rows=10 width=121)
	  Index Cond: ((id >= 8044570) AND (id <= 8044579))

table 5 : explain SELECT c FROM sbtest5 WHERE id BETWEEN 4750941 AND 4750950
	Index Scan using sbtest5_pkey on sbtest5  (cost=0.43..39.51 rows=10 width=121)
	  Index Cond: ((id >= 4750941) AND (id <= 4750950))

table 6 : explain SELECT c FROM sbtest6 WHERE id BETWEEN 925203 AND 925212
	Index Scan using sbtest6_pkey on sbtest6  (cost=0.43..39.37 rows=10 width=121)
	  Index Cond: ((id >= 925203) AND (id <= 925212))

table 7 : explain SELECT c FROM sbtest7 WHERE id BETWEEN 5875725 AND 5875734
	Index Scan using sbtest7_pkey on sbtest7  (cost=0.43..39.33 rows=10 width=121)
	  Index Cond: ((id >= 5875725) AND (id <= 5875734))

table 8 : explain SELECT c FROM sbtest8 WHERE id BETWEEN 9332505 AND 9332514
	Index Scan using sbtest8_pkey on sbtest8  (cost=0.43..39.11 rows=10 width=121)
	  Index Cond: ((id >= 9332505) AND (id <= 9332514))

explain: for point_selects :: explain SELECT c FROM sbtest%u WHERE id=%u
explain: for point_selects :: explain SELECT c FROM sbtest%u WHERE id=%u
for point_selects
table 1 : explain SELECT c FROM sbtest1 WHERE id=660284
	Index Scan using sbtest1_pkey on sbtest1  (cost=0.43..8.45 rows=1 width=121)
	  Index Cond: (id = 660284)

table 2 : explain SELECT c FROM sbtest2 WHERE id=1106543
	Index Scan using sbtest2_pkey on sbtest2  (cost=0.43..8.45 rows=1 width=121)
	  Index Cond: (id = 1106543)

table 3 : explain SELECT c FROM sbtest3 WHERE id=4335079
	Index Scan using sbtest3_pkey on sbtest3  (cost=0.43..8.45 rows=1 width=121)
	  Index Cond: (id = 4335079)

table 4 : explain SELECT c FROM sbtest4 WHERE id=6004681
	Index Scan using sbtest4_pkey on sbtest4  (cost=0.43..8.45 rows=1 width=121)
	  Index Cond: (id = 6004681)

table 5 : explain SELECT c FROM sbtest5 WHERE id=1560037
	Index Scan using sbtest5_pkey on sbtest5  (cost=0.43..8.45 rows=1 width=121)
	  Index Cond: (id = 1560037)

table 6 : explain SELECT c FROM sbtest6 WHERE id=8626394
	Index Scan using sbtest6_pkey on sbtest6  (cost=0.43..8.45 rows=1 width=121)
	  Index Cond: (id = 8626394)

table 7 : explain SELECT c FROM sbtest7 WHERE id=5071501
	Index Scan using sbtest7_pkey on sbtest7  (cost=0.43..8.45 rows=1 width=121)
	  Index Cond: (id = 5071501)

table 8 : explain SELECT c FROM sbtest8 WHERE id=1103867
	Index Scan using sbtest8_pkey on sbtest8  (cost=0.43..8.45 rows=1 width=121)
	  Index Cond: (id = 1103867)

for: sum_ranges
table 1 : explain SELECT SUM(k) FROM sbtest1 WHERE id BETWEEN 160033 AND 160042
	Aggregate  (cost=43.08..43.09 rows=1 width=8)
	  ->  Index Scan using sbtest1_pkey on sbtest1  (cost=0.43..43.05 rows=11 width=4)
	        Index Cond: ((id >= 160033) AND (id <= 160042))

table 2 : explain SELECT SUM(k) FROM sbtest2 WHERE id BETWEEN 9447138 AND 9447147
	Aggregate  (cost=36.05..36.06 rows=1 width=8)
	  ->  Index Scan using sbtest2_pkey on sbtest2  (cost=0.43..36.03 rows=9 width=4)
	        Index Cond: ((id >= 9447138) AND (id <= 9447147))

table 3 : explain SELECT SUM(k) FROM sbtest3 WHERE id BETWEEN 6598899 AND 6598908
	Aggregate  (cost=46.07..46.08 rows=1 width=8)
	  ->  Index Scan using sbtest3_pkey on sbtest3  (cost=0.43..46.04 rows=12 width=4)
	        Index Cond: ((id >= 6598899) AND (id <= 6598908))

table 4 : explain SELECT SUM(k) FROM sbtest4 WHERE id BETWEEN 4743176 AND 4743185
	Aggregate  (cost=39.38..39.39 rows=1 width=8)
	  ->  Index Scan using sbtest4_pkey on sbtest4  (cost=0.43..39.35 rows=10 width=4)
	        Index Cond: ((id >= 4743176) AND (id <= 4743185))

table 5 : explain SELECT SUM(k) FROM sbtest5 WHERE id BETWEEN 7360281 AND 7360290
	Aggregate  (cost=42.99..43.00 rows=1 width=8)
	  ->  Index Scan using sbtest5_pkey on sbtest5  (cost=0.43..42.96 rows=11 width=4)
	        Index Cond: ((id >= 7360281) AND (id <= 7360290))

table 6 : explain SELECT SUM(k) FROM sbtest6 WHERE id BETWEEN 9546483 AND 9546492
	Aggregate  (cost=39.40..39.41 rows=1 width=8)
	  ->  Index Scan using sbtest6_pkey on sbtest6  (cost=0.43..39.37 rows=10 width=4)
	        Index Cond: ((id >= 9546483) AND (id <= 9546492))

table 7 : explain SELECT SUM(k) FROM sbtest7 WHERE id BETWEEN 6795639 AND 6795648
	Aggregate  (cost=39.35..39.36 rows=1 width=8)
	  ->  Index Scan using sbtest7_pkey on sbtest7  (cost=0.43..39.33 rows=10 width=4)
	        Index Cond: ((id >= 6795639) AND (id <= 6795648))

table 8 : explain SELECT SUM(k) FROM sbtest8 WHERE id BETWEEN 4976025 AND 4976034
	Aggregate  (cost=39.13..39.14 rows=1 width=8)
	  ->  Index Scan using sbtest8_pkey on sbtest8  (cost=0.43..39.11 rows=10 width=4)
	        Index Cond: ((id >= 4976025) AND (id <= 4976034))

for: simple_ranges
table 1 : explain SELECT c FROM sbtest1 WHERE id BETWEEN 3449253 AND 3449262
	Index Scan using sbtest1_pkey on sbtest1  (cost=0.43..39.59 rows=10 width=121)
	  Index Cond: ((id >= 3449253) AND (id <= 3449262))

table 2 : explain SELECT c FROM sbtest2 WHERE id BETWEEN 6368004 AND 6368013
	Index Scan using sbtest2_pkey on sbtest2  (cost=0.43..39.48 rows=10 width=121)
	  Index Cond: ((id >= 6368004) AND (id <= 6368013))

table 3 : explain SELECT c FROM sbtest3 WHERE id BETWEEN 8796192 AND 8796201
	Index Scan using sbtest3_pkey on sbtest3  (cost=0.43..39.21 rows=10 width=121)
	  Index Cond: ((id >= 8796192) AND (id <= 8796201))

table 4 : explain SELECT c FROM sbtest4 WHERE id BETWEEN 1004944 AND 1004953
	Index Scan using sbtest4_pkey on sbtest4  (cost=0.43..39.35 rows=10 width=121)
	  Index Cond: ((id >= 1004944) AND (id <= 1004953))

table 5 : explain SELECT c FROM sbtest5 WHERE id BETWEEN 8196290 AND 8196299
	Index Scan using sbtest5_pkey on sbtest5  (cost=0.43..39.51 rows=10 width=121)
	  Index Cond: ((id >= 8196290) AND (id <= 8196299))

table 6 : explain SELECT c FROM sbtest6 WHERE id BETWEEN 8081256 AND 8081265
	Index Scan using sbtest6_pkey on sbtest6  (cost=0.43..39.37 rows=10 width=121)
	  Index Cond: ((id >= 8081256) AND (id <= 8081265))

table 7 : explain SELECT c FROM sbtest7 WHERE id BETWEEN 7561922 AND 7561931
	Index Scan using sbtest7_pkey on sbtest7  (cost=0.43..35.90 rows=9 width=121)
	  Index Cond: ((id >= 7561922) AND (id <= 7561931))

table 8 : explain SELECT c FROM sbtest8 WHERE id BETWEEN 6323364 AND 6323373
	Index Scan using sbtest8_pkey on sbtest8  (cost=0.43..39.11 rows=10 width=121)
	  Index Cond: ((id >= 6323364) AND (id <= 6323373))

for: distinct_ranges
table 1 : explain SELECT DISTINCT c FROM sbtest1 WHERE id BETWEEN 6561068 AND 6561077 ORDER BY c
	Unique  (cost=39.76..39.81 rows=10 width=121)
	  ->  Sort  (cost=39.76..39.78 rows=10 width=121)
	        Sort Key: c
	        ->  Index Scan using sbtest1_pkey on sbtest1  (cost=0.43..39.59 rows=10 width=121)
	              Index Cond: ((id >= 6561068) AND (id <= 6561077))

table 2 : explain SELECT DISTINCT c FROM sbtest2 WHERE id BETWEEN 3803102 AND 3803111 ORDER BY c
	Unique  (cost=39.64..39.69 rows=10 width=121)
	  ->  Sort  (cost=39.64..39.67 rows=10 width=121)
	        Sort Key: c
	        ->  Index Scan using sbtest2_pkey on sbtest2  (cost=0.43..39.48 rows=10 width=121)
	              Index Cond: ((id >= 3803102) AND (id <= 3803111))

table 3 : explain SELECT DISTINCT c FROM sbtest3 WHERE id BETWEEN 6000891 AND 6000900 ORDER BY c
	Unique  (cost=39.37..39.42 rows=10 width=121)
	  ->  Sort  (cost=39.37..39.40 rows=10 width=121)
	        Sort Key: c
	        ->  Index Scan using sbtest3_pkey on sbtest3  (cost=0.43..39.21 rows=10 width=121)
	              Index Cond: ((id >= 6000891) AND (id <= 6000900))

table 4 : explain SELECT DISTINCT c FROM sbtest4 WHERE id BETWEEN 3622324 AND 3622333 ORDER BY c
	Unique  (cost=42.98..43.03 rows=11 width=121)
	  ->  Sort  (cost=42.98..43.00 rows=11 width=121)
	        Sort Key: c
	        ->  Index Scan using sbtest4_pkey on sbtest4  (cost=0.43..42.79 rows=11 width=121)
	              Index Cond: ((id >= 3622324) AND (id <= 3622333))

table 5 : explain SELECT DISTINCT c FROM sbtest5 WHERE id BETWEEN 6362680 AND 6362689 ORDER BY c
	Unique  (cost=36.20..36.25 rows=9 width=121)
	  ->  Sort  (cost=36.20..36.22 rows=9 width=121)
	        Sort Key: c
	        ->  Index Scan using sbtest5_pkey on sbtest5  (cost=0.43..36.06 rows=9 width=121)
	              Index Cond: ((id >= 6362680) AND (id <= 6362689))

table 6 : explain SELECT DISTINCT c FROM sbtest6 WHERE id BETWEEN 5468958 AND 5468967 ORDER BY c
	Unique  (cost=39.54..39.59 rows=10 width=121)
	  ->  Sort  (cost=39.54..39.57 rows=10 width=121)
	        Sort Key: c
	        ->  Index Scan using sbtest6_pkey on sbtest6  (cost=0.43..39.37 rows=10 width=121)
	              Index Cond: ((id >= 5468958) AND (id <= 5468967))

table 7 : explain SELECT DISTINCT c FROM sbtest7 WHERE id BETWEEN 2835419 AND 2835428 ORDER BY c
	Unique  (cost=42.95..43.00 rows=11 width=121)
	  ->  Sort  (cost=42.95..42.97 rows=11 width=121)
	        Sort Key: c
	        ->  Index Scan using sbtest7_pkey on sbtest7  (cost=0.43..42.76 rows=11 width=121)
	              Index Cond: ((id >= 2835419) AND (id <= 2835428))

table 8 : explain SELECT DISTINCT c FROM sbtest8 WHERE id BETWEEN 607166 AND 607175 ORDER BY c
	Unique  (cost=35.84..35.89 rows=9 width=121)
	  ->  Sort  (cost=35.84..35.87 rows=9 width=121)
	        Sort Key: c
	        ->  Index Scan using sbtest8_pkey on sbtest8  (cost=0.43..35.70 rows=9 width=121)
	              Index Cond: ((id >= 607166) AND (id <= 607175))

for: simple_ranges
table 1 : explain SELECT c FROM sbtest1 WHERE id BETWEEN 3836003 AND 3836012
	Index Scan using sbtest1_pkey on sbtest1  (cost=0.43..39.59 rows=10 width=121)
	  Index Cond: ((id >= 3836003) AND (id <= 3836012))

table 2 : explain SELECT c FROM sbtest2 WHERE id BETWEEN 2251136 AND 2251145
	Index Scan using sbtest2_pkey on sbtest2  (cost=0.43..39.48 rows=10 width=121)
	  Index Cond: ((id >= 2251136) AND (id <= 2251145))

table 3 : explain SELECT c FROM sbtest3 WHERE id BETWEEN 3822455 AND 3822464
	Index Scan using sbtest3_pkey on sbtest3  (cost=0.43..39.21 rows=10 width=121)
	  Index Cond: ((id >= 3822455) AND (id <= 3822464))

table 4 : explain SELECT c FROM sbtest4 WHERE id BETWEEN 8301141 AND 8301150
	Index Scan using sbtest4_pkey on sbtest4  (cost=0.43..39.35 rows=10 width=121)
	  Index Cond: ((id >= 8301141) AND (id <= 8301150))

table 5 : explain SELECT c FROM sbtest5 WHERE id BETWEEN 1009808 AND 1009817
	Index Scan using sbtest5_pkey on sbtest5  (cost=0.43..39.51 rows=10 width=121)
	  Index Cond: ((id >= 1009808) AND (id <= 1009817))

table 6 : explain SELECT c FROM sbtest6 WHERE id BETWEEN 87376 AND 87385
	Index Scan using sbtest6_pkey on sbtest6  (cost=0.43..39.37 rows=10 width=121)
	  Index Cond: ((id >= 87376) AND (id <= 87385))

table 7 : explain SELECT c FROM sbtest7 WHERE id BETWEEN 8243130 AND 8243139
	Index Scan using sbtest7_pkey on sbtest7  (cost=0.43..42.76 rows=11 width=121)
	  Index Cond: ((id >= 8243130) AND (id <= 8243139))

table 8 : explain SELECT c FROM sbtest8 WHERE id BETWEEN 1050515 AND 1050524
	Index Scan using sbtest8_pkey on sbtest8  (cost=0.43..39.11 rows=10 width=121)
	  Index Cond: ((id >= 1050515) AND (id <= 1050524))

explain: for index_updates :: explain UPDATE sbtest%u SET k=k+1 WHERE id=%u
for: simple_ranges
table 1 : explain SELECT c FROM sbtest1 WHERE id BETWEEN 7403607 AND 7403616
	Index Scan using sbtest1_pkey on sbtest1  (cost=0.43..36.13 rows=9 width=121)
	  Index Cond: ((id >= 7403607) AND (id <= 7403616))

table 2 : explain SELECT c FROM sbtest2 WHERE id BETWEEN 5466481 AND 5466490
	Index Scan using sbtest2_pkey on sbtest2  (cost=0.43..39.48 rows=10 width=121)
	  Index Cond: ((id >= 5466481) AND (id <= 5466490))

table 3 : explain SELECT c FROM sbtest3 WHERE id BETWEEN 1377086 AND 1377095
	Index Scan using sbtest3_pkey on sbtest3  (cost=0.43..39.21 rows=10 width=121)
	  Index Cond: ((id >= 1377086) AND (id <= 1377095))

table 4 : explain SELECT c FROM sbtest4 WHERE id BETWEEN 712004 AND 712013
	Index Scan using sbtest4_pkey on sbtest4  (cost=0.43..39.35 rows=10 width=121)
	  Index Cond: ((id >= 712004) AND (id <= 712013))

table 5 : explain SELECT c FROM sbtest5 WHERE id BETWEEN 6659662 AND 6659671
	Index Scan using sbtest5_pkey on sbtest5  (cost=0.43..39.51 rows=10 width=121)
	  Index Cond: ((id >= 6659662) AND (id <= 6659671))

table 6 : explain SELECT c FROM sbtest6 WHERE id BETWEEN 138101 AND 138110
	Index Scan using sbtest6_pkey on sbtest6  (cost=0.43..35.94 rows=9 width=121)
	  Index Cond: ((id >= 138101) AND (id <= 138110))

table 7 : explain SELECT c FROM sbtest7 WHERE id BETWEEN 2656632 AND 2656641
	Index Scan using sbtest7_pkey on sbtest7  (cost=0.43..42.76 rows=11 width=121)
	  Index Cond: ((id >= 2656632) AND (id <= 2656641))

table 8 : explain SELECT c FROM sbtest8 WHERE id BETWEEN 8765322 AND 8765331
	Index Scan using sbtest8_pkey on sbtest8  (cost=0.43..35.70 rows=9 width=121)
	  Index Cond: ((id >= 8765322) AND (id <= 8765331))

for: sum_ranges
table 1 : explain SELECT SUM(k) FROM sbtest1 WHERE id BETWEEN 3951230 AND 3951239
	Aggregate  (cost=39.62..39.63 rows=1 width=8)
	  ->  Index Scan using sbtest1_pkey on sbtest1  (cost=0.43..39.59 rows=10 width=4)
	        Index Cond: ((id >= 3951230) AND (id <= 3951239))

table 2 : explain SELECT SUM(k) FROM sbtest2 WHERE id BETWEEN 2829774 AND 2829783
	Aggregate  (cost=39.50..39.51 rows=1 width=8)
	  ->  Index Scan using sbtest2_pkey on sbtest2  (cost=0.43..39.48 rows=10 width=4)
	        Index Cond: ((id >= 2829774) AND (id <= 2829783))

table 3 : explain SELECT SUM(k) FROM sbtest3 WHERE id BETWEEN 6611291 AND 6611300
	Aggregate  (cost=46.07..46.08 rows=1 width=8)
	  ->  Index Scan using sbtest3_pkey on sbtest3  (cost=0.43..46.04 rows=12 width=4)
	        Index Cond: ((id >= 6611291) AND (id <= 6611300))

table 4 : explain SELECT SUM(k) FROM sbtest4 WHERE id BETWEEN 5401315 AND 5401324
	Aggregate  (cost=39.38..39.39 rows=1 width=8)
	  ->  Index Scan using sbtest4_pkey on sbtest4  (cost=0.43..39.35 rows=10 width=4)
	        Index Cond: ((id >= 5401315) AND (id <= 5401324))

table 5 : explain SELECT SUM(k) FROM sbtest5 WHERE id BETWEEN 1651975 AND 1651984
	Aggregate  (cost=39.53..39.54 rows=1 width=8)
	  ->  Index Scan using sbtest5_pkey on sbtest5  (cost=0.43..39.51 rows=10 width=4)
	        Index Cond: ((id >= 1651975) AND (id <= 1651984))

table 6 : explain SELECT SUM(k) FROM sbtest6 WHERE id BETWEEN 142303 AND 142312
	Aggregate  (cost=35.96..35.97 rows=1 width=8)
	  ->  Index Scan using sbtest6_pkey on sbtest6  (cost=0.43..35.94 rows=9 width=4)
	        Index Cond: ((id >= 142303) AND (id <= 142312))

table 7 : explain SELECT SUM(k) FROM sbtest7 WHERE id BETWEEN 8642150 AND 8642159
	Aggregate  (cost=39.35..39.36 rows=1 width=8)
	  ->  Index Scan using sbtest7_pkey on sbtest7  (cost=0.43..39.33 rows=10 width=4)
	        Index Cond: ((id >= 8642150) AND (id <= 8642159))

table 8 : explain SELECT SUM(k) FROM sbtest8 WHERE id BETWEEN 4407214 AND 4407223
	Aggregate  (cost=39.13..39.14 rows=1 width=8)
	  ->  Index Scan using sbtest8_pkey on sbtest8  (cost=0.43..39.11 rows=10 width=4)
	        Index Cond: ((id >= 4407214) AND (id <= 4407223))

for: order_ranges
table 1 : explain SELECT c FROM sbtest1 WHERE id BETWEEN 8255376 AND 8255385 ORDER BY c
	Sort  (cost=39.76..39.78 rows=10 width=121)
	  Sort Key: c
	  ->  Index Scan using sbtest1_pkey on sbtest1  (cost=0.43..39.59 rows=10 width=121)
	        Index Cond: ((id >= 8255376) AND (id <= 8255385))

table 2 : explain SELECT c FROM sbtest2 WHERE id BETWEEN 2494038 AND 2494047 ORDER BY c
	Sort  (cost=39.64..39.67 rows=10 width=121)
	  Sort Key: c
	  ->  Index Scan using sbtest2_pkey on sbtest2  (cost=0.43..39.48 rows=10 width=121)
	        Index Cond: ((id >= 2494038) AND (id <= 2494047))

table 3 : explain SELECT c FROM sbtest3 WHERE id BETWEEN 817711 AND 817720 ORDER BY c
	Sort  (cost=39.37..39.40 rows=10 width=121)
	  Sort Key: c
	  ->  Index Scan using sbtest3_pkey on sbtest3  (cost=0.43..39.21 rows=10 width=121)
	        Index Cond: ((id >= 817711) AND (id <= 817720))

table 4 : explain SELECT c FROM sbtest4 WHERE id BETWEEN 2918240 AND 2918249 ORDER BY c
	Sort  (cost=36.06..36.09 rows=9 width=121)
	  Sort Key: c
	  ->  Index Scan using sbtest4_pkey on sbtest4  (cost=0.43..35.92 rows=9 width=121)
	        Index Cond: ((id >= 2918240) AND (id <= 2918249))

table 5 : explain SELECT c FROM sbtest5 WHERE id BETWEEN 8088509 AND 8088518 ORDER BY c
	Sort  (cost=43.15..43.18 rows=11 width=121)
	  Sort Key: c
	  ->  Index Scan using sbtest5_pkey on sbtest5  (cost=0.43..42.96 rows=11 width=121)
	        Index Cond: ((id >= 8088509) AND (id <= 8088518))

table 6 : explain SELECT c FROM sbtest6 WHERE id BETWEEN 2022529 AND 2022538 ORDER BY c
	Sort  (cost=39.54..39.57 rows=10 width=121)
	  Sort Key: c
	  ->  Index Scan using sbtest6_pkey on sbtest6  (cost=0.43..39.37 rows=10 width=121)
	        Index Cond: ((id >= 2022529) AND (id <= 2022538))

table 7 : explain SELECT c FROM sbtest7 WHERE id BETWEEN 8005349 AND 8005358 ORDER BY c
	Sort  (cost=36.04..36.06 rows=9 width=121)
	  Sort Key: c
	  ->  Index Scan using sbtest7_pkey on sbtest7  (cost=0.43..35.90 rows=9 width=121)
	        Index Cond: ((id >= 8005349) AND (id <= 8005358))

table 8 : explain SELECT c FROM sbtest8 WHERE id BETWEEN 9308417 AND 9308426 ORDER BY c
	Sort  (cost=39.27..39.30 rows=10 width=121)
	  Sort Key: c
	  ->  Index Scan using sbtest8_pkey on sbtest8  (cost=0.43..39.11 rows=10 width=121)
	        Index Cond: ((id >= 9308417) AND (id <= 9308426))

for: distinct_ranges
table 1 : explain SELECT DISTINCT c FROM sbtest1 WHERE id BETWEEN 78727 AND 78736 ORDER BY c
	Unique  (cost=39.76..39.81 rows=10 width=121)
	  ->  Sort  (cost=39.76..39.78 rows=10 width=121)
	        Sort Key: c
	        ->  Index Scan using sbtest1_pkey on sbtest1  (cost=0.43..39.59 rows=10 width=121)
	              Index Cond: ((id >= 78727) AND (id <= 78736))

table 2 : explain SELECT DISTINCT c FROM sbtest2 WHERE id BETWEEN 8819877 AND 8819886 ORDER BY c
	Unique  (cost=36.17..36.22 rows=9 width=121)
	  ->  Sort  (cost=36.17..36.19 rows=9 width=121)
	        Sort Key: c
	        ->  Index Scan using sbtest2_pkey on sbtest2  (cost=0.43..36.03 rows=9 width=121)
	              Index Cond: ((id >= 8819877) AND (id <= 8819886))

table 3 : explain SELECT DISTINCT c FROM sbtest3 WHERE id BETWEEN 9912014 AND 9912023 ORDER BY c
	Unique  (cost=39.37..39.42 rows=10 width=121)
	  ->  Sort  (cost=39.37..39.40 rows=10 width=121)
	        Sort Key: c
	        ->  Index Scan using sbtest3_pkey on sbtest3  (cost=0.43..39.21 rows=10 width=121)
	              Index Cond: ((id >= 9912014) AND (id <= 9912023))

table 4 : explain SELECT DISTINCT c FROM sbtest4 WHERE id BETWEEN 2968271 AND 2968280 ORDER BY c
	Unique  (cost=36.06..36.11 rows=9 width=121)
	  ->  Sort  (cost=36.06..36.09 rows=9 width=121)
	        Sort Key: c
	        ->  Index Scan using sbtest4_pkey on sbtest4  (cost=0.43..35.92 rows=9 width=121)
	              Index Cond: ((id >= 2968271) AND (id <= 2968280))

table 5 : explain SELECT DISTINCT c FROM sbtest5 WHERE id BETWEEN 1335492 AND 1335501 ORDER BY c
	Unique  (cost=36.20..36.25 rows=9 width=121)
	  ->  Sort  (cost=36.20..36.22 rows=9 width=121)
	        Sort Key: c
	        ->  Index Scan using sbtest5_pkey on sbtest5  (cost=0.43..36.06 rows=9 width=121)
	              Index Cond: ((id >= 1335492) AND (id <= 1335501))

table 6 : explain SELECT DISTINCT c FROM sbtest6 WHERE id BETWEEN 2905931 AND 2905940 ORDER BY c
	Unique  (cost=39.54..39.59 rows=10 width=121)
	  ->  Sort  (cost=39.54..39.57 rows=10 width=121)
	        Sort Key: c
	        ->  Index Scan using sbtest6_pkey on sbtest6  (cost=0.43..39.37 rows=10 width=121)
	              Index Cond: ((id >= 2905931) AND (id <= 2905940))

table 7 : explain SELECT DISTINCT c FROM sbtest7 WHERE id BETWEEN 2474574 AND 2474583 ORDER BY c
	Unique  (cost=39.49..39.54 rows=10 width=121)
	  ->  Sort  (cost=39.49..39.52 rows=10 width=121)
	        Sort Key: c
	        ->  Index Scan using sbtest7_pkey on sbtest7  (cost=0.43..39.33 rows=10 width=121)
	              Index Cond: ((id >= 2474574) AND (id <= 2474583))

table 8 : explain SELECT DISTINCT c FROM sbtest8 WHERE id BETWEEN 1290386 AND 1290395 ORDER BY c
	Unique  (cost=35.84..35.89 rows=9 width=121)
	  ->  Sort  (cost=35.84..35.87 rows=9 width=121)
	        Sort Key: c
	        ->  Index Scan using sbtest8_pkey on sbtest8  (cost=0.43..35.70 rows=9 width=121)
	              Index Cond: ((id >= 1290386) AND (id <= 1290395))

for index_updates
table 1 : explain UPDATE sbtest1 SET k=k+1 WHERE id=3895405
	Update on sbtest1  (cost=0.43..8.46 rows=0 width=0)
	  ->  Index Scan using sbtest1_pkey on sbtest1  (cost=0.43..8.46 rows=1 width=10)
	        Index Cond: (id = 3895405)

table 2 : explain UPDATE sbtest2 SET k=k+1 WHERE id=4643386
	Update on sbtest2  (cost=0.43..8.46 rows=0 width=0)
	  ->  Index Scan using sbtest2_pkey on sbtest2  (cost=0.43..8.46 rows=1 width=10)
	        Index Cond: (id = 4643386)

table 3 : explain UPDATE sbtest3 SET k=k+1 WHERE id=3891709
	Update on sbtest3  (cost=0.43..8.46 rows=0 width=0)
	  ->  Index Scan using sbtest3_pkey on sbtest3  (cost=0.43..8.46 rows=1 width=10)
	        Index Cond: (id = 3891709)

table 4 : explain UPDATE sbtest4 SET k=k+1 WHERE id=4699529
	Update on sbtest4  (cost=0.43..8.46 rows=0 width=0)
	  ->  Index Scan using sbtest4_pkey on sbtest4  (cost=0.43..8.46 rows=1 width=10)
	        Index Cond: (id = 4699529)

table 5 : explain UPDATE sbtest5 SET k=k+1 WHERE id=7849118
	Update on sbtest5  (cost=0.43..8.46 rows=0 width=0)
	  ->  Index Scan using sbtest5_pkey on sbtest5  (cost=0.43..8.46 rows=1 width=10)
	        Index Cond: (id = 7849118)

table 6 : explain UPDATE sbtest6 SET k=k+1 WHERE id=3057443
	Update on sbtest6  (cost=0.43..8.46 rows=0 width=0)
	  ->  Index Scan using sbtest6_pkey on sbtest6  (cost=0.43..8.46 rows=1 width=10)
	        Index Cond: (id = 3057443)

table 7 : explain UPDATE sbtest7 SET k=k+1 WHERE id=8446611
	Update on sbtest7  (cost=0.43..8.46 rows=0 width=0)
	  ->  Index Scan using sbtest7_pkey on sbtest7  (cost=0.43..8.46 rows=1 width=10)
	        Index Cond: (id = 8446611)

table 8 : explain UPDATE sbtest8 SET k=k+1 WHERE id=5950834
	Update on sbtest8  (cost=0.43..8.46 rows=0 width=0)
	  ->  Index Scan using sbtest8_pkey on sbtest8  (cost=0.43..8.46 rows=1 width=10)
	        Index Cond: (id = 5950834)

explain: for index_updates :: explain UPDATE sbtest%u SET k=k+1 WHERE id=%u
for: sum_ranges
table 1 : explain SELECT SUM(k) FROM sbtest1 WHERE id BETWEEN 5087384 AND 5087393
	Aggregate  (cost=39.62..39.63 rows=1 width=8)
	  ->  Index Scan using sbtest1_pkey on sbtest1  (cost=0.43..39.59 rows=10 width=4)
	        Index Cond: ((id >= 5087384) AND (id <= 5087393))

table 2 : explain SELECT SUM(k) FROM sbtest2 WHERE id BETWEEN 677128 AND 677137
	Aggregate  (cost=42.95..42.96 rows=1 width=8)
	  ->  Index Scan using sbtest2_pkey on sbtest2  (cost=0.43..42.92 rows=11 width=4)
	        Index Cond: ((id >= 677128) AND (id <= 677137))

table 3 : explain SELECT SUM(k) FROM sbtest3 WHERE id BETWEEN 2148017 AND 2148026
	Aggregate  (cost=35.81..35.82 rows=1 width=8)
	  ->  Index Scan using sbtest3_pkey on sbtest3  (cost=0.43..35.79 rows=9 width=4)
	        Index Cond: ((id >= 2148017) AND (id <= 2148026))

table 4 : explain SELECT SUM(k) FROM sbtest4 WHERE id BETWEEN 8172571 AND 8172580
	Aggregate  (cost=39.38..39.39 rows=1 width=8)
	  ->  Index Scan using sbtest4_pkey on sbtest4  (cost=0.43..39.35 rows=10 width=4)
	        Index Cond: ((id >= 8172571) AND (id <= 8172580))

table 5 : explain SELECT SUM(k) FROM sbtest5 WHERE id BETWEEN 8749310 AND 8749319
	Aggregate  (cost=42.99..43.00 rows=1 width=8)
	  ->  Index Scan using sbtest5_pkey on sbtest5  (cost=0.43..42.96 rows=11 width=4)
	        Index Cond: ((id >= 8749310) AND (id <= 8749319))

table 6 : explain SELECT SUM(k) FROM sbtest6 WHERE id BETWEEN 7160908 AND 7160917
	Aggregate  (cost=42.84..42.85 rows=1 width=8)
	  ->  Index Scan using sbtest6_pkey on sbtest6  (cost=0.43..42.81 rows=11 width=4)
	        Index Cond: ((id >= 7160908) AND (id <= 7160917))

table 7 : explain SELECT SUM(k) FROM sbtest7 WHERE id BETWEEN 3470511 AND 3470520
	Aggregate  (cost=39.35..39.36 rows=1 width=8)
	  ->  Index Scan using sbtest7_pkey on sbtest7  (cost=0.43..39.33 rows=10 width=4)
	        Index Cond: ((id >= 3470511) AND (id <= 3470520))

table 8 : explain SELECT SUM(k) FROM sbtest8 WHERE id BETWEEN 6134430 AND 6134439
	Aggregate  (cost=39.13..39.14 rows=1 width=8)
	  ->  Index Scan using sbtest8_pkey on sbtest8  (cost=0.43..39.11 rows=10 width=4)
	        Index Cond: ((id >= 6134430) AND (id <= 6134439))

explain: for non_index_updates :: explain UPDATE sbtest%u SET c='foobar' WHERE id=%u
for point_selects
table 1 : explain SELECT c FROM sbtest1 WHERE id=399764
	Index Scan using sbtest1_pkey on sbtest1  (cost=0.43..8.45 rows=1 width=121)
	  Index Cond: (id = 399764)

table 2 : explain SELECT c FROM sbtest2 WHERE id=2919309
	Index Scan using sbtest2_pkey on sbtest2  (cost=0.43..8.45 rows=1 width=121)
	  Index Cond: (id = 2919309)

table 3 : explain SELECT c FROM sbtest3 WHERE id=1925726
	Index Scan using sbtest3_pkey on sbtest3  (cost=0.43..8.45 rows=1 width=121)
	  Index Cond: (id = 1925726)

table 4 : explain SELECT c FROM sbtest4 WHERE id=9600468
	Index Scan using sbtest4_pkey on sbtest4  (cost=0.43..8.45 rows=1 width=121)
	  Index Cond: (id = 9600468)

table 5 : explain SELECT c FROM sbtest5 WHERE id=8655949
	Index Scan using sbtest5_pkey on sbtest5  (cost=0.43..8.45 rows=1 width=121)
	  Index Cond: (id = 8655949)

table 6 : explain SELECT c FROM sbtest6 WHERE id=6050319
	Index Scan using sbtest6_pkey on sbtest6  (cost=0.43..8.45 rows=1 width=121)
	  Index Cond: (id = 6050319)

table 7 : explain SELECT c FROM sbtest7 WHERE id=1344112
	Index Scan using sbtest7_pkey on sbtest7  (cost=0.43..8.45 rows=1 width=121)
	  Index Cond: (id = 1344112)

table 8 : explain SELECT c FROM sbtest8 WHERE id=3156027
	Index Scan using sbtest8_pkey on sbtest8  (cost=0.43..8.45 rows=1 width=121)
	  Index Cond: (id = 3156027)

for point_selects
table 1 : explain SELECT c FROM sbtest1 WHERE id=4770932
	Index Scan using sbtest1_pkey on sbtest1  (cost=0.43..8.45 rows=1 width=121)
	  Index Cond: (id = 4770932)

table 2 : explain SELECT c FROM sbtest2 WHERE id=1971961
	Index Scan using sbtest2_pkey on sbtest2  (cost=0.43..8.45 rows=1 width=121)
	  Index Cond: (id = 1971961)

table 3 : explain SELECT c FROM sbtest3 WHERE id=2158130
	Index Scan using sbtest3_pkey on sbtest3  (cost=0.43..8.45 rows=1 width=121)
	  Index Cond: (id = 2158130)

table 4 : explain SELECT c FROM sbtest4 WHERE id=9812387
	Index Scan using sbtest4_pkey on sbtest4  (cost=0.43..8.45 rows=1 width=121)
	  Index Cond: (id = 9812387)

table 5 : explain SELECT c FROM sbtest5 WHERE id=6431796
	Index Scan using sbtest5_pkey on sbtest5  (cost=0.43..8.45 rows=1 width=121)
	  Index Cond: (id = 6431796)

table 6 : explain SELECT c FROM sbtest6 WHERE id=1477633
	Index Scan using sbtest6_pkey on sbtest6  (cost=0.43..8.45 rows=1 width=121)
	  Index Cond: (id = 1477633)

table 7 : explain SELECT c FROM sbtest7 WHERE id=6017899
	Index Scan using sbtest7_pkey on sbtest7  (cost=0.43..8.45 rows=1 width=121)
	  Index Cond: (id = 6017899)

table 8 : explain SELECT c FROM sbtest8 WHERE id=6941487
	Index Scan using sbtest8_pkey on sbtest8  (cost=0.43..8.45 rows=1 width=121)
	  Index Cond: (id = 6941487)

for index_updates
table 1 : explain UPDATE sbtest1 SET k=k+1 WHERE id=3489892
	Update on sbtest1  (cost=0.43..8.46 rows=0 width=0)
	  ->  Index Scan using sbtest1_pkey on sbtest1  (cost=0.43..8.46 rows=1 width=10)
	        Index Cond: (id = 3489892)

table 2 : explain UPDATE sbtest2 SET k=k+1 WHERE id=9849956
	Update on sbtest2  (cost=0.43..8.46 rows=0 width=0)
	  ->  Index Scan using sbtest2_pkey on sbtest2  (cost=0.43..8.46 rows=1 width=10)
	        Index Cond: (id = 9849956)

table 3 : explain UPDATE sbtest3 SET k=k+1 WHERE id=3772486
	Update on sbtest3  (cost=0.43..8.46 rows=0 width=0)
	  ->  Index Scan using sbtest3_pkey on sbtest3  (cost=0.43..8.46 rows=1 width=10)
	        Index Cond: (id = 3772486)

table 4 : explain UPDATE sbtest4 SET k=k+1 WHERE id=4763868
	Update on sbtest4  (cost=0.43..8.46 rows=0 width=0)
	  ->  Index Scan using sbtest4_pkey on sbtest4  (cost=0.43..8.46 rows=1 width=10)
	        Index Cond: (id = 4763868)

table 5 : explain UPDATE sbtest5 SET k=k+1 WHERE id=448709
	Update on sbtest5  (cost=0.43..8.46 rows=0 width=0)
	  ->  Index Scan using sbtest5_pkey on sbtest5  (cost=0.43..8.46 rows=1 width=10)
	        Index Cond: (id = 448709)

table 6 : explain UPDATE sbtest6 SET k=k+1 WHERE id=4848738
	Update on sbtest6  (cost=0.43..8.46 rows=0 width=0)
	  ->  Index Scan using sbtest6_pkey on sbtest6  (cost=0.43..8.46 rows=1 width=10)
	        Index Cond: (id = 4848738)

table 7 : explain UPDATE sbtest7 SET k=k+1 WHERE id=7747381
	Update on sbtest7  (cost=0.43..8.46 rows=0 width=0)
	  ->  Index Scan using sbtest7_pkey on sbtest7  (cost=0.43..8.46 rows=1 width=10)
	        Index Cond: (id = 7747381)

table 8 : explain UPDATE sbtest8 SET k=k+1 WHERE id=3111890
	Update on sbtest8  (cost=0.43..8.46 rows=0 width=0)
	  ->  Index Scan using sbtest8_pkey on sbtest8  (cost=0.43..8.46 rows=1 width=10)
	        Index Cond: (id = 3111890)

for: sum_ranges
table 1 : explain SELECT SUM(k) FROM sbtest1 WHERE id BETWEEN 2431656 AND 2431665
	Aggregate  (cost=39.62..39.63 rows=1 width=8)
	  ->  Index Scan using sbtest1_pkey on sbtest1  (cost=0.43..39.59 rows=10 width=4)
	        Index Cond: ((id >= 2431656) AND (id <= 2431665))

table 2 : explain SELECT SUM(k) FROM sbtest2 WHERE id BETWEEN 8920357 AND 8920366
	Aggregate  (cost=39.50..39.51 rows=1 width=8)
	  ->  Index Scan using sbtest2_pkey on sbtest2  (cost=0.43..39.48 rows=10 width=4)
	        Index Cond: ((id >= 8920357) AND (id <= 8920366))

table 3 : explain SELECT SUM(k) FROM sbtest3 WHERE id BETWEEN 4501102 AND 4501111
	Aggregate  (cost=39.23..39.24 rows=1 width=8)
	  ->  Index Scan using sbtest3_pkey on sbtest3  (cost=0.43..39.21 rows=10 width=4)
	        Index Cond: ((id >= 4501102) AND (id <= 4501111))

table 4 : explain SELECT SUM(k) FROM sbtest4 WHERE id BETWEEN 7902102 AND 7902111
	Aggregate  (cost=39.38..39.39 rows=1 width=8)
	  ->  Index Scan using sbtest4_pkey on sbtest4  (cost=0.43..39.35 rows=10 width=4)
	        Index Cond: ((id >= 7902102) AND (id <= 7902111))

table 5 : explain SELECT SUM(k) FROM sbtest5 WHERE id BETWEEN 1592595 AND 1592604
	Aggregate  (cost=39.53..39.54 rows=1 width=8)
	  ->  Index Scan using sbtest5_pkey on sbtest5  (cost=0.43..39.51 rows=10 width=4)
	        Index Cond: ((id >= 1592595) AND (id <= 1592604))

table 6 : explain SELECT SUM(k) FROM sbtest6 WHERE id BETWEEN 1329867 AND 1329876
	Aggregate  (cost=42.84..42.85 rows=1 width=8)
	  ->  Index Scan using sbtest6_pkey on sbtest6  (cost=0.43..42.81 rows=11 width=4)
	        Index Cond: ((id >= 1329867) AND (id <= 1329876))

table 7 : explain SELECT SUM(k) FROM sbtest7 WHERE id BETWEEN 9086510 AND 9086519
	Aggregate  (cost=35.92..35.93 rows=1 width=8)
	  ->  Index Scan using sbtest7_pkey on sbtest7  (cost=0.43..35.90 rows=9 width=4)
	        Index Cond: ((id >= 9086510) AND (id <= 9086519))

table 8 : explain SELECT SUM(k) FROM sbtest8 WHERE id BETWEEN 2277487 AND 2277496
	Aggregate  (cost=39.13..39.14 rows=1 width=8)
	  ->  Index Scan using sbtest8_pkey on sbtest8  (cost=0.43..39.11 rows=10 width=4)
	        Index Cond: ((id >= 2277487) AND (id <= 2277496))

for: distinct_ranges
table 1 : explain SELECT DISTINCT c FROM sbtest1 WHERE id BETWEEN 6399451 AND 6399460 ORDER BY c
	Unique  (cost=43.24..43.30 rows=11 width=121)
	  ->  Sort  (cost=43.24..43.27 rows=11 width=121)
	        Sort Key: c
	        ->  Index Scan using sbtest1_pkey on sbtest1  (cost=0.43..43.05 rows=11 width=121)
	              Index Cond: ((id >= 6399451) AND (id <= 6399460))

table 2 : explain SELECT DISTINCT c FROM sbtest2 WHERE id BETWEEN 9271936 AND 9271945 ORDER BY c
	Unique  (cost=39.64..39.69 rows=10 width=121)
	  ->  Sort  (cost=39.64..39.67 rows=10 width=121)
	        Sort Key: c
	        ->  Index Scan using sbtest2_pkey on sbtest2  (cost=0.43..39.48 rows=10 width=121)
	              Index Cond: ((id >= 9271936) AND (id <= 9271945))

table 3 : explain SELECT DISTINCT c FROM sbtest3 WHERE id BETWEEN 8703039 AND 8703048 ORDER BY c
	Unique  (cost=35.93..35.98 rows=9 width=121)
	  ->  Sort  (cost=35.93..35.95 rows=9 width=121)
	        Sort Key: c
	        ->  Index Scan using sbtest3_pkey on sbtest3  (cost=0.43..35.79 rows=9 width=121)
	              Index Cond: ((id >= 8703039) AND (id <= 8703048))

table 4 : explain SELECT DISTINCT c FROM sbtest4 WHERE id BETWEEN 1198473 AND 1198482 ORDER BY c
	Unique  (cost=36.06..36.11 rows=9 width=121)
	  ->  Sort  (cost=36.06..36.09 rows=9 width=121)
	        Sort Key: c
	        ->  Index Scan using sbtest4_pkey on sbtest4  (cost=0.43..35.92 rows=9 width=121)
	              Index Cond: ((id >= 1198473) AND (id <= 1198482))

table 5 : explain SELECT DISTINCT c FROM sbtest5 WHERE id BETWEEN 2261296 AND 2261305 ORDER BY c
	Unique  (cost=39.68..39.73 rows=10 width=121)
	  ->  Sort  (cost=39.68..39.70 rows=10 width=121)
	        Sort Key: c
	        ->  Index Scan using sbtest5_pkey on sbtest5  (cost=0.43..39.51 rows=10 width=121)
	              Index Cond: ((id >= 2261296) AND (id <= 2261305))

table 6 : explain SELECT DISTINCT c FROM sbtest6 WHERE id BETWEEN 7993342 AND 7993351 ORDER BY c
	Unique  (cost=36.08..36.13 rows=9 width=121)
	  ->  Sort  (cost=36.08..36.10 rows=9 width=121)
	        Sort Key: c
	        ->  Index Scan using sbtest6_pkey on sbtest6  (cost=0.43..35.94 rows=9 width=121)
	              Index Cond: ((id >= 7993342) AND (id <= 7993351))

table 7 : explain SELECT DISTINCT c FROM sbtest7 WHERE id BETWEEN 3601966 AND 3601975 ORDER BY c
	Unique  (cost=46.40..46.46 rows=12 width=121)
	  ->  Sort  (cost=46.40..46.43 rows=12 width=121)
	        Sort Key: c
	        ->  Index Scan using sbtest7_pkey on sbtest7  (cost=0.43..46.19 rows=12 width=121)
	              Index Cond: ((id >= 3601966) AND (id <= 3601975))

table 8 : explain SELECT DISTINCT c FROM sbtest8 WHERE id BETWEEN 6658327 AND 6658336 ORDER BY c
	Unique  (cost=35.84..35.89 rows=9 width=121)
	  ->  Sort  (cost=35.84..35.87 rows=9 width=121)
	        Sort Key: c
	        ->  Index Scan using sbtest8_pkey on sbtest8  (cost=0.43..35.70 rows=9 width=121)
	              Index Cond: ((id >= 6658327) AND (id <= 6658336))

for non_index_updates
table 1 : explain UPDATE sbtest1 SET c='foobar' WHERE id=5276041
	Update on sbtest1  (cost=0.43..8.45 rows=0 width=0)
	  ->  Index Scan using sbtest1_pkey on sbtest1  (cost=0.43..8.45 rows=1 width=490)
	        Index Cond: (id = 5276041)

table 2 : explain UPDATE sbtest2 SET c='foobar' WHERE id=5378137
	Update on sbtest2  (cost=0.43..8.45 rows=0 width=0)
	  ->  Index Scan using sbtest2_pkey on sbtest2  (cost=0.43..8.45 rows=1 width=490)
	        Index Cond: (id = 5378137)

table 3 : explain UPDATE sbtest3 SET c='foobar' WHERE id=4978928
	Update on sbtest3  (cost=0.43..8.45 rows=0 width=0)
	  ->  Index Scan using sbtest3_pkey on sbtest3  (cost=0.43..8.45 rows=1 width=490)
	        Index Cond: (id = 4978928)

table 4 : explain UPDATE sbtest4 SET c='foobar' WHERE id=664530
	Update on sbtest4  (cost=0.43..8.45 rows=0 width=0)
	  ->  Index Scan using sbtest4_pkey on sbtest4  (cost=0.43..8.45 rows=1 width=490)
	        Index Cond: (id = 664530)

table 5 : explain UPDATE sbtest5 SET c='foobar' WHERE id=1563727
	Update on sbtest5  (cost=0.43..8.45 rows=0 width=0)
	  ->  Index Scan using sbtest5_pkey on sbtest5  (cost=0.43..8.45 rows=1 width=490)
	        Index Cond: (id = 1563727)

table 6 : explain UPDATE sbtest6 SET c='foobar' WHERE id=900300
	Update on sbtest6  (cost=0.43..8.45 rows=0 width=0)
	  ->  Index Scan using sbtest6_pkey on sbtest6  (cost=0.43..8.45 rows=1 width=490)
	        Index Cond: (id = 900300)

table 7 : explain UPDATE sbtest7 SET c='foobar' WHERE id=7968841
	Update on sbtest7  (cost=0.43..8.45 rows=0 width=0)
	  ->  Index Scan using sbtest7_pkey on sbtest7  (cost=0.43..8.45 rows=1 width=490)
	        Index Cond: (id = 7968841)

table 8 : explain UPDATE sbtest8 SET c='foobar' WHERE id=9946885
	Update on sbtest8  (cost=0.43..8.45 rows=0 width=0)
	  ->  Index Scan using sbtest8_pkey on sbtest8  (cost=0.43..8.45 rows=1 width=490)
	        Index Cond: (id = 9946885)

for: order_ranges
table 1 : explain SELECT c FROM sbtest1 WHERE id BETWEEN 1607774 AND 1607783 ORDER BY c
	Sort  (cost=39.76..39.78 rows=10 width=121)
	  Sort Key: c
	  ->  Index Scan using sbtest1_pkey on sbtest1  (cost=0.43..39.59 rows=10 width=121)
	        Index Cond: ((id >= 1607774) AND (id <= 1607783))

table 2 : explain SELECT c FROM sbtest2 WHERE id BETWEEN 9790774 AND 9790783 ORDER BY c
	Sort  (cost=39.64..39.67 rows=10 width=121)
	  Sort Key: c
	  ->  Index Scan using sbtest2_pkey on sbtest2  (cost=0.43..39.48 rows=10 width=121)
	        Index Cond: ((id >= 9790774) AND (id <= 9790783))

table 3 : explain SELECT c FROM sbtest3 WHERE id BETWEEN 9862519 AND 9862528 ORDER BY c
	Sort  (cost=39.37..39.40 rows=10 width=121)
	  Sort Key: c
	  ->  Index Scan using sbtest3_pkey on sbtest3  (cost=0.43..39.21 rows=10 width=121)
	        Index Cond: ((id >= 9862519) AND (id <= 9862528))

table 4 : explain SELECT c FROM sbtest4 WHERE id BETWEEN 8311059 AND 8311068 ORDER BY c
	Sort  (cost=39.52..39.54 rows=10 width=121)
	  Sort Key: c
	  ->  Index Scan using sbtest4_pkey on sbtest4  (cost=0.43..39.35 rows=10 width=121)
	        Index Cond: ((id >= 8311059) AND (id <= 8311068))

table 5 : explain SELECT c FROM sbtest5 WHERE id BETWEEN 2603902 AND 2603911 ORDER BY c
	Sort  (cost=39.68..39.70 rows=10 width=121)
	  Sort Key: c
	  ->  Index Scan using sbtest5_pkey on sbtest5  (cost=0.43..39.51 rows=10 width=121)
	        Index Cond: ((id >= 2603902) AND (id <= 2603911))

table 6 : explain SELECT c FROM sbtest6 WHERE id BETWEEN 604945 AND 604954 ORDER BY c
	Sort  (cost=39.54..39.57 rows=10 width=121)
	  Sort Key: c
	  ->  Index Scan using sbtest6_pkey on sbtest6  (cost=0.43..39.37 rows=10 width=121)
	        Index Cond: ((id >= 604945) AND (id <= 604954))

table 7 : explain SELECT c FROM sbtest7 WHERE id BETWEEN 4343479 AND 4343488 ORDER BY c
	Sort  (cost=39.49..39.52 rows=10 width=121)
	  Sort Key: c
	  ->  Index Scan using sbtest7_pkey on sbtest7  (cost=0.43..39.33 rows=10 width=121)
	        Index Cond: ((id >= 4343479) AND (id <= 4343488))

table 8 : explain SELECT c FROM sbtest8 WHERE id BETWEEN 5382935 AND 5382944 ORDER BY c
	Sort  (cost=39.27..39.30 rows=10 width=121)
	  Sort Key: c
	  ->  Index Scan using sbtest8_pkey on sbtest8  (cost=0.43..39.11 rows=10 width=121)
	        Index Cond: ((id >= 5382935) AND (id <= 5382944))

explain: for deletes :: explain DELETE FROM sbtest%u WHERE id=%u
explain: for index_updates :: explain UPDATE sbtest%u SET k=k+1 WHERE id=%u
explain: for non_index_updates :: explain UPDATE sbtest%u SET c='foobar' WHERE id=%u
for: sum_ranges
table 1 : explain SELECT SUM(k) FROM sbtest1 WHERE id BETWEEN 6329623 AND 6329632
	Aggregate  (cost=39.62..39.63 rows=1 width=8)
	  ->  Index Scan using sbtest1_pkey on sbtest1  (cost=0.43..39.59 rows=10 width=4)
	        Index Cond: ((id >= 6329623) AND (id <= 6329632))

table 2 : explain SELECT SUM(k) FROM sbtest2 WHERE id BETWEEN 9527620 AND 9527629
	Aggregate  (cost=39.50..39.51 rows=1 width=8)
	  ->  Index Scan using sbtest2_pkey on sbtest2  (cost=0.43..39.48 rows=10 width=4)
	        Index Cond: ((id >= 9527620) AND (id <= 9527629))

table 3 : explain SELECT SUM(k) FROM sbtest3 WHERE id BETWEEN 9258877 AND 9258886
	Aggregate  (cost=42.65..42.66 rows=1 width=8)
	  ->  Index Scan using sbtest3_pkey on sbtest3  (cost=0.43..42.62 rows=11 width=4)
	        Index Cond: ((id >= 9258877) AND (id <= 9258886))

table 4 : explain SELECT SUM(k) FROM sbtest4 WHERE id BETWEEN 8802144 AND 8802153
	Aggregate  (cost=35.94..35.95 rows=1 width=8)
	  ->  Index Scan using sbtest4_pkey on sbtest4  (cost=0.43..35.92 rows=9 width=4)
	        Index Cond: ((id >= 8802144) AND (id <= 8802153))

table 5 : explain SELECT SUM(k) FROM sbtest5 WHERE id BETWEEN 5758246 AND 5758255
	Aggregate  (cost=39.53..39.54 rows=1 width=8)
	  ->  Index Scan using sbtest5_pkey on sbtest5  (cost=0.43..39.51 rows=10 width=4)
	        Index Cond: ((id >= 5758246) AND (id <= 5758255))

table 6 : explain SELECT SUM(k) FROM sbtest6 WHERE id BETWEEN 7171428 AND 7171437
	Aggregate  (cost=42.84..42.85 rows=1 width=8)
	  ->  Index Scan using sbtest6_pkey on sbtest6  (cost=0.43..42.81 rows=11 width=4)
	        Index Cond: ((id >= 7171428) AND (id <= 7171437))

table 7 : explain SELECT SUM(k) FROM sbtest7 WHERE id BETWEEN 2230067 AND 2230076
	Aggregate  (cost=39.35..39.36 rows=1 width=8)
	  ->  Index Scan using sbtest7_pkey on sbtest7  (cost=0.43..39.33 rows=10 width=4)
	        Index Cond: ((id >= 2230067) AND (id <= 2230076))

table 8 : explain SELECT SUM(k) FROM sbtest8 WHERE id BETWEEN 3351978 AND 3351987
	Aggregate  (cost=39.13..39.14 rows=1 width=8)
	  ->  Index Scan using sbtest8_pkey on sbtest8  (cost=0.43..39.11 rows=10 width=4)
	        Index Cond: ((id >= 3351978) AND (id <= 3351987))

for: order_ranges
table 1 : explain SELECT c FROM sbtest1 WHERE id BETWEEN 6190678 AND 6190687 ORDER BY c
	Sort  (cost=39.76..39.78 rows=10 width=121)
	  Sort Key: c
	  ->  Index Scan using sbtest1_pkey on sbtest1  (cost=0.43..39.59 rows=10 width=121)
	        Index Cond: ((id >= 6190678) AND (id <= 6190687))

table 2 : explain SELECT c FROM sbtest2 WHERE id BETWEEN 232750 AND 232759 ORDER BY c
	Sort  (cost=46.58..46.61 rows=12 width=121)
	  Sort Key: c
	  ->  Index Scan using sbtest2_pkey on sbtest2  (cost=0.43..46.37 rows=12 width=121)
	        Index Cond: ((id >= 232750) AND (id <= 232759))

table 3 : explain SELECT c FROM sbtest3 WHERE id BETWEEN 9091079 AND 9091088 ORDER BY c
	Sort  (cost=39.37..39.40 rows=10 width=121)
	  Sort Key: c
	  ->  Index Scan using sbtest3_pkey on sbtest3  (cost=0.43..39.21 rows=10 width=121)
	        Index Cond: ((id >= 9091079) AND (id <= 9091088))

table 4 : explain SELECT c FROM sbtest4 WHERE id BETWEEN 2580834 AND 2580843 ORDER BY c
	Sort  (cost=42.98..43.00 rows=11 width=121)
	  Sort Key: c
	  ->  Index Scan using sbtest4_pkey on sbtest4  (cost=0.43..42.79 rows=11 width=121)
	        Index Cond: ((id >= 2580834) AND (id <= 2580843))

table 5 : explain SELECT c FROM sbtest5 WHERE id BETWEEN 5157851 AND 5157860 ORDER BY c
	Sort  (cost=39.68..39.70 rows=10 width=121)
	  Sort Key: c
	  ->  Index Scan using sbtest5_pkey on sbtest5  (cost=0.43..39.51 rows=10 width=121)
	        Index Cond: ((id >= 5157851) AND (id <= 5157860))

table 6 : explain SELECT c FROM sbtest6 WHERE id BETWEEN 581531 AND 581540 ORDER BY c
	Sort  (cost=39.54..39.57 rows=10 width=121)
	  Sort Key: c
	  ->  Index Scan using sbtest6_pkey on sbtest6  (cost=0.43..39.37 rows=10 width=121)
	        Index Cond: ((id >= 581531) AND (id <= 581540))

table 7 : explain SELECT c FROM sbtest7 WHERE id BETWEEN 6206089 AND 6206098 ORDER BY c
	Sort  (cost=39.49..39.52 rows=10 width=121)
	  Sort Key: c
	  ->  Index Scan using sbtest7_pkey on sbtest7  (cost=0.43..39.33 rows=10 width=121)
	        Index Cond: ((id >= 6206089) AND (id <= 6206098))

table 8 : explain SELECT c FROM sbtest8 WHERE id BETWEEN 3581667 AND 3581676 ORDER BY c
	Sort  (cost=42.70..42.73 rows=11 width=121)
	  Sort Key: c
	  ->  Index Scan using sbtest8_pkey on sbtest8  (cost=0.43..42.51 rows=11 width=121)
	        Index Cond: ((id >= 3581667) AND (id <= 3581676))

for point_selects
table 1 : explain SELECT c FROM sbtest1 WHERE id=8877332
	Index Scan using sbtest1_pkey on sbtest1  (cost=0.43..8.45 rows=1 width=121)
	  Index Cond: (id = 8877332)

table 2 : explain SELECT c FROM sbtest2 WHERE id=6298696
	Index Scan using sbtest2_pkey on sbtest2  (cost=0.43..8.45 rows=1 width=121)
	  Index Cond: (id = 6298696)

table 3 : explain SELECT c FROM sbtest3 WHERE id=1335546
	Index Scan using sbtest3_pkey on sbtest3  (cost=0.43..8.45 rows=1 width=121)
	  Index Cond: (id = 1335546)

table 4 : explain SELECT c FROM sbtest4 WHERE id=4557324
	Index Scan using sbtest4_pkey on sbtest4  (cost=0.43..8.45 rows=1 width=121)
	  Index Cond: (id = 4557324)

table 5 : explain SELECT c FROM sbtest5 WHERE id=9332692
	Index Scan using sbtest5_pkey on sbtest5  (cost=0.43..8.45 rows=1 width=121)
	  Index Cond: (id = 9332692)

table 6 : explain SELECT c FROM sbtest6 WHERE id=9463302
	Index Scan using sbtest6_pkey on sbtest6  (cost=0.43..8.45 rows=1 width=121)
	  Index Cond: (id = 9463302)

table 7 : explain SELECT c FROM sbtest7 WHERE id=5689334
	Index Scan using sbtest7_pkey on sbtest7  (cost=0.43..8.45 rows=1 width=121)
	  Index Cond: (id = 5689334)

table 8 : explain SELECT c FROM sbtest8 WHERE id=3129930
	Index Scan using sbtest8_pkey on sbtest8  (cost=0.43..8.45 rows=1 width=121)
	  Index Cond: (id = 3129930)

for deletes
table 1 : explain DELETE FROM sbtest1 WHERE id=4964026
	Delete on sbtest1  (cost=0.43..8.45 rows=0 width=0)
	  ->  Index Scan using sbtest1_pkey on sbtest1  (cost=0.43..8.45 rows=1 width=6)
	        Index Cond: (id = 4964026)

table 2 : explain DELETE FROM sbtest2 WHERE id=7735143
	Delete on sbtest2  (cost=0.43..8.45 rows=0 width=0)
	  ->  Index Scan using sbtest2_pkey on sbtest2  (cost=0.43..8.45 rows=1 width=6)
	        Index Cond: (id = 7735143)

table 3 : explain DELETE FROM sbtest3 WHERE id=9668424
	Delete on sbtest3  (cost=0.43..8.45 rows=0 width=0)
	  ->  Index Scan using sbtest3_pkey on sbtest3  (cost=0.43..8.45 rows=1 width=6)
	        Index Cond: (id = 9668424)

table 4 : explain DELETE FROM sbtest4 WHERE id=7658856
	Delete on sbtest4  (cost=0.43..8.45 rows=0 width=0)
	  ->  Index Scan using sbtest4_pkey on sbtest4  (cost=0.43..8.45 rows=1 width=6)
	        Index Cond: (id = 7658856)

table 5 : explain DELETE FROM sbtest5 WHERE id=6647326
	Delete on sbtest5  (cost=0.43..8.45 rows=0 width=0)
	  ->  Index Scan using sbtest5_pkey on sbtest5  (cost=0.43..8.45 rows=1 width=6)
	        Index Cond: (id = 6647326)

table 6 : explain DELETE FROM sbtest6 WHERE id=7147665
	Delete on sbtest6  (cost=0.43..8.45 rows=0 width=0)
	  ->  Index Scan using sbtest6_pkey on sbtest6  (cost=0.43..8.45 rows=1 width=6)
	        Index Cond: (id = 7147665)

table 7 : explain DELETE FROM sbtest7 WHERE id=4472756
	Delete on sbtest7  (cost=0.43..8.45 rows=0 width=0)
	  ->  Index Scan using sbtest7_pkey on sbtest7  (cost=0.43..8.45 rows=1 width=6)
	        Index Cond: (id = 4472756)

table 8 : explain DELETE FROM sbtest8 WHERE id=9161023
	Delete on sbtest8  (cost=0.43..8.45 rows=0 width=0)
	  ->  Index Scan using sbtest8_pkey on sbtest8  (cost=0.43..8.45 rows=1 width=6)
	        Index Cond: (id = 9161023)

for: simple_ranges
table 1 : explain SELECT c FROM sbtest1 WHERE id BETWEEN 4363063 AND 4363072
	Index Scan using sbtest1_pkey on sbtest1  (cost=0.43..43.05 rows=11 width=121)
	  Index Cond: ((id >= 4363063) AND (id <= 4363072))

table 2 : explain SELECT c FROM sbtest2 WHERE id BETWEEN 8847939 AND 8847948
	Index Scan using sbtest2_pkey on sbtest2  (cost=0.43..36.03 rows=9 width=121)
	  Index Cond: ((id >= 8847939) AND (id <= 8847948))

table 3 : explain SELECT c FROM sbtest3 WHERE id BETWEEN 9988022 AND 9988031
	Index Scan using sbtest3_pkey on sbtest3  (cost=0.43..39.21 rows=10 width=121)
	  Index Cond: ((id >= 9988022) AND (id <= 9988031))

table 4 : explain SELECT c FROM sbtest4 WHERE id BETWEEN 8445305 AND 8445314
	Index Scan using sbtest4_pkey on sbtest4  (cost=0.43..39.35 rows=10 width=121)
	  Index Cond: ((id >= 8445305) AND (id <= 8445314))

table 5 : explain SELECT c FROM sbtest5 WHERE id BETWEEN 2808681 AND 2808690
	Index Scan using sbtest5_pkey on sbtest5  (cost=0.43..42.96 rows=11 width=121)
	  Index Cond: ((id >= 2808681) AND (id <= 2808690))

table 6 : explain SELECT c FROM sbtest6 WHERE id BETWEEN 6541252 AND 6541261
	Index Scan using sbtest6_pkey on sbtest6  (cost=0.43..39.37 rows=10 width=121)
	  Index Cond: ((id >= 6541252) AND (id <= 6541261))

table 7 : explain SELECT c FROM sbtest7 WHERE id BETWEEN 1572813 AND 1572822
	Index Scan using sbtest7_pkey on sbtest7  (cost=0.43..42.76 rows=11 width=121)
	  Index Cond: ((id >= 1572813) AND (id <= 1572822))

table 8 : explain SELECT c FROM sbtest8 WHERE id BETWEEN 6753703 AND 6753712
	Index Scan using sbtest8_pkey on sbtest8  (cost=0.43..39.11 rows=10 width=121)
	  Index Cond: ((id >= 6753703) AND (id <= 6753712))

for: simple_ranges
table 1 : explain SELECT c FROM sbtest1 WHERE id BETWEEN 1207440 AND 1207449
	Index Scan using sbtest1_pkey on sbtest1  (cost=0.43..39.59 rows=10 width=121)
	  Index Cond: ((id >= 1207440) AND (id <= 1207449))

table 2 : explain SELECT c FROM sbtest2 WHERE id BETWEEN 6856453 AND 6856462
	Index Scan using sbtest2_pkey on sbtest2  (cost=0.43..39.48 rows=10 width=121)
	  Index Cond: ((id >= 6856453) AND (id <= 6856462))

table 3 : explain SELECT c FROM sbtest3 WHERE id BETWEEN 6470295 AND 6470304
	Index Scan using sbtest3_pkey on sbtest3  (cost=0.43..35.79 rows=9 width=121)
	  Index Cond: ((id >= 6470295) AND (id <= 6470304))

table 4 : explain SELECT c FROM sbtest4 WHERE id BETWEEN 2137471 AND 2137480
	Index Scan using sbtest4_pkey on sbtest4  (cost=0.43..42.79 rows=11 width=121)
	  Index Cond: ((id >= 2137471) AND (id <= 2137480))

table 5 : explain SELECT c FROM sbtest5 WHERE id BETWEEN 4468306 AND 4468315
	Index Scan using sbtest5_pkey on sbtest5  (cost=0.43..39.51 rows=10 width=121)
	  Index Cond: ((id >= 4468306) AND (id <= 4468315))

table 6 : explain SELECT c FROM sbtest6 WHERE id BETWEEN 3915959 AND 3915968
	Index Scan using sbtest6_pkey on sbtest6  (cost=0.43..39.37 rows=10 width=121)
	  Index Cond: ((id >= 3915959) AND (id <= 3915968))

table 7 : explain SELECT c FROM sbtest7 WHERE id BETWEEN 4700375 AND 4700384
	Index Scan using sbtest7_pkey on sbtest7  (cost=0.43..39.33 rows=10 width=121)
	  Index Cond: ((id >= 4700375) AND (id <= 4700384))

table 8 : explain SELECT c FROM sbtest8 WHERE id BETWEEN 8441656 AND 8441665
	Index Scan using sbtest8_pkey on sbtest8  (cost=0.43..35.70 rows=9 width=121)
	  Index Cond: ((id >= 8441656) AND (id <= 8441665))

for non_index_updates
table 1 : explain UPDATE sbtest1 SET c='foobar' WHERE id=7482947
	Update on sbtest1  (cost=0.43..8.45 rows=0 width=0)
	  ->  Index Scan using sbtest1_pkey on sbtest1  (cost=0.43..8.45 rows=1 width=490)
	        Index Cond: (id = 7482947)

table 2 : explain UPDATE sbtest2 SET c='foobar' WHERE id=5228159
	Update on sbtest2  (cost=0.43..8.45 rows=0 width=0)
	  ->  Index Scan using sbtest2_pkey on sbtest2  (cost=0.43..8.45 rows=1 width=490)
	        Index Cond: (id = 5228159)

table 3 : explain UPDATE sbtest3 SET c='foobar' WHERE id=2039519
	Update on sbtest3  (cost=0.43..8.45 rows=0 width=0)
	  ->  Index Scan using sbtest3_pkey on sbtest3  (cost=0.43..8.45 rows=1 width=490)
	        Index Cond: (id = 2039519)

table 4 : explain UPDATE sbtest4 SET c='foobar' WHERE id=2786953
	Update on sbtest4  (cost=0.43..8.45 rows=0 width=0)
	  ->  Index Scan using sbtest4_pkey on sbtest4  (cost=0.43..8.45 rows=1 width=490)
	        Index Cond: (id = 2786953)

table 5 : explain UPDATE sbtest5 SET c='foobar' WHERE id=8070509
	Update on sbtest5  (cost=0.43..8.45 rows=0 width=0)
	  ->  Index Scan using sbtest5_pkey on sbtest5  (cost=0.43..8.45 rows=1 width=490)
	        Index Cond: (id = 8070509)

table 6 : explain UPDATE sbtest6 SET c='foobar' WHERE id=7604252
	Update on sbtest6  (cost=0.43..8.45 rows=0 width=0)
	  ->  Index Scan using sbtest6_pkey on sbtest6  (cost=0.43..8.45 rows=1 width=490)
	        Index Cond: (id = 7604252)

table 7 : explain UPDATE sbtest7 SET c='foobar' WHERE id=2944986
	Update on sbtest7  (cost=0.43..8.45 rows=0 width=0)
	  ->  Index Scan using sbtest7_pkey on sbtest7  (cost=0.43..8.45 rows=1 width=490)
	        Index Cond: (id = 2944986)

table 8 : explain UPDATE sbtest8 SET c='foobar' WHERE id=7305322
	Update on sbtest8  (cost=0.43..8.45 rows=0 width=0)
	  ->  Index Scan using sbtest8_pkey on sbtest8  (cost=0.43..8.45 rows=1 width=490)
	        Index Cond: (id = 7305322)

for: distinct_ranges
table 1 : explain SELECT DISTINCT c FROM sbtest1 WHERE id BETWEEN 3242238 AND 3242247 ORDER BY c
	Unique  (cost=43.24..43.30 rows=11 width=121)
	  ->  Sort  (cost=43.24..43.27 rows=11 width=121)
	        Sort Key: c
	        ->  Index Scan using sbtest1_pkey on sbtest1  (cost=0.43..43.05 rows=11 width=121)
	              Index Cond: ((id >= 3242238) AND (id <= 3242247))

table 2 : explain SELECT DISTINCT c FROM sbtest2 WHERE id BETWEEN 3211407 AND 3211416 ORDER BY c
	Unique  (cost=39.64..39.69 rows=10 width=121)
	  ->  Sort  (cost=39.64..39.67 rows=10 width=121)
	        Sort Key: c
	        ->  Index Scan using sbtest2_pkey on sbtest2  (cost=0.43..39.48 rows=10 width=121)
	              Index Cond: ((id >= 3211407) AND (id <= 3211416))

table 3 : explain SELECT DISTINCT c FROM sbtest3 WHERE id BETWEEN 4819451 AND 4819460 ORDER BY c
	Unique  (cost=39.37..39.42 rows=10 width=121)
	  ->  Sort  (cost=39.37..39.40 rows=10 width=121)
	        Sort Key: c
	        ->  Index Scan using sbtest3_pkey on sbtest3  (cost=0.43..39.21 rows=10 width=121)
	              Index Cond: ((id >= 4819451) AND (id <= 4819460))

table 4 : explain SELECT DISTINCT c FROM sbtest4 WHERE id BETWEEN 7653454 AND 7653463 ORDER BY c
	Unique  (cost=39.52..39.57 rows=10 width=121)
	  ->  Sort  (cost=39.52..39.54 rows=10 width=121)
	        Sort Key: c
	        ->  Index Scan using sbtest4_pkey on sbtest4  (cost=0.43..39.35 rows=10 width=121)
	              Index Cond: ((id >= 7653454) AND (id <= 7653463))

table 5 : explain SELECT DISTINCT c FROM sbtest5 WHERE id BETWEEN 982276 AND 982285 ORDER BY c
	Unique  (cost=43.15..43.21 rows=11 width=121)
	  ->  Sort  (cost=43.15..43.18 rows=11 width=121)
	        Sort Key: c
	        ->  Index Scan using sbtest5_pkey on sbtest5  (cost=0.43..42.96 rows=11 width=121)
	              Index Cond: ((id >= 982276) AND (id <= 982285))

table 6 : explain SELECT DISTINCT c FROM sbtest6 WHERE id BETWEEN 8218743 AND 8218752 ORDER BY c
	Unique  (cost=43.00..43.05 rows=11 width=121)
	  ->  Sort  (cost=43.00..43.03 rows=11 width=121)
	        Sort Key: c
	        ->  Index Scan using sbtest6_pkey on sbtest6  (cost=0.43..42.81 rows=11 width=121)
	              Index Cond: ((id >= 8218743) AND (id <= 8218752))

table 7 : explain SELECT DISTINCT c FROM sbtest7 WHERE id BETWEEN 4206714 AND 4206723 ORDER BY c
	Unique  (cost=39.49..39.54 rows=10 width=121)
	  ->  Sort  (cost=39.49..39.52 rows=10 width=121)
	        Sort Key: c
	        ->  Index Scan using sbtest7_pkey on sbtest7  (cost=0.43..39.33 rows=10 width=121)
	              Index Cond: ((id >= 4206714) AND (id <= 4206723))

table 8 : explain SELECT DISTINCT c FROM sbtest8 WHERE id BETWEEN 6731865 AND 6731874 ORDER BY c
	Unique  (cost=39.27..39.32 rows=10 width=121)
	  ->  Sort  (cost=39.27..39.30 rows=10 width=121)
	        Sort Key: c
	        ->  Index Scan using sbtest8_pkey on sbtest8  (cost=0.43..39.11 rows=10 width=121)
	              Index Cond: ((id >= 6731865) AND (id <= 6731874))

for index_updates
table 1 : explain UPDATE sbtest1 SET k=k+1 WHERE id=8733089
	Update on sbtest1  (cost=0.43..8.46 rows=0 width=0)
	  ->  Index Scan using sbtest1_pkey on sbtest1  (cost=0.43..8.46 rows=1 width=10)
	        Index Cond: (id = 8733089)

table 2 : explain UPDATE sbtest2 SET k=k+1 WHERE id=5058223
	Update on sbtest2  (cost=0.43..8.46 rows=0 width=0)
	  ->  Index Scan using sbtest2_pkey on sbtest2  (cost=0.43..8.46 rows=1 width=10)
	        Index Cond: (id = 5058223)

table 3 : explain UPDATE sbtest3 SET k=k+1 WHERE id=568469
	Update on sbtest3  (cost=0.43..8.46 rows=0 width=0)
	  ->  Index Scan using sbtest3_pkey on sbtest3  (cost=0.43..8.46 rows=1 width=10)
	        Index Cond: (id = 568469)

table 4 : explain UPDATE sbtest4 SET k=k+1 WHERE id=8161565
	Update on sbtest4  (cost=0.43..8.46 rows=0 width=0)
	  ->  Index Scan using sbtest4_pkey on sbtest4  (cost=0.43..8.46 rows=1 width=10)
	        Index Cond: (id = 8161565)

table 5 : explain UPDATE sbtest5 SET k=k+1 WHERE id=1703856
	Update on sbtest5  (cost=0.43..8.46 rows=0 width=0)
	  ->  Index Scan using sbtest5_pkey on sbtest5  (cost=0.43..8.46 rows=1 width=10)
	        Index Cond: (id = 1703856)

table 6 : explain UPDATE sbtest6 SET k=k+1 WHERE id=744339
	Update on sbtest6  (cost=0.43..8.46 rows=0 width=0)
	  ->  Index Scan using sbtest6_pkey on sbtest6  (cost=0.43..8.46 rows=1 width=10)
	        Index Cond: (id = 744339)

table 7 : explain UPDATE sbtest7 SET k=k+1 WHERE id=9254015
	Update on sbtest7  (cost=0.43..8.46 rows=0 width=0)
	  ->  Index Scan using sbtest7_pkey on sbtest7  (cost=0.43..8.46 rows=1 width=10)
	        Index Cond: (id = 9254015)

table 8 : explain UPDATE sbtest8 SET k=k+1 WHERE id=6029748
	Update on sbtest8  (cost=0.43..8.46 rows=0 width=0)
	  ->  Index Scan using sbtest8_pkey on sbtest8  (cost=0.43..8.46 rows=1 width=10)
	        Index Cond: (id = 6029748)

explain: for deletes :: explain DELETE FROM sbtest%u WHERE id=%u
for: simple_ranges
table 1 : explain SELECT c FROM sbtest1 WHERE id BETWEEN 1793355 AND 1793364
	Index Scan using sbtest1_pkey on sbtest1  (cost=0.43..39.59 rows=10 width=121)
	  Index Cond: ((id >= 1793355) AND (id <= 1793364))

table 2 : explain SELECT c FROM sbtest2 WHERE id BETWEEN 8440330 AND 8440339
	Index Scan using sbtest2_pkey on sbtest2  (cost=0.43..46.37 rows=12 width=121)
	  Index Cond: ((id >= 8440330) AND (id <= 8440339))

table 3 : explain SELECT c FROM sbtest3 WHERE id BETWEEN 2731424 AND 2731433
	Index Scan using sbtest3_pkey on sbtest3  (cost=0.43..39.21 rows=10 width=121)
	  Index Cond: ((id >= 2731424) AND (id <= 2731433))

table 4 : explain SELECT c FROM sbtest4 WHERE id BETWEEN 6834973 AND 6834982
	Index Scan using sbtest4_pkey on sbtest4  (cost=0.43..39.35 rows=10 width=121)
	  Index Cond: ((id >= 6834973) AND (id <= 6834982))

table 5 : explain SELECT c FROM sbtest5 WHERE id BETWEEN 3311808 AND 3311817
	Index Scan using sbtest5_pkey on sbtest5  (cost=0.43..42.96 rows=11 width=121)
	  Index Cond: ((id >= 3311808) AND (id <= 3311817))

table 6 : explain SELECT c FROM sbtest6 WHERE id BETWEEN 2855320 AND 2855329
	Index Scan using sbtest6_pkey on sbtest6  (cost=0.43..39.37 rows=10 width=121)
	  Index Cond: ((id >= 2855320) AND (id <= 2855329))

table 7 : explain SELECT c FROM sbtest7 WHERE id BETWEEN 9200812 AND 9200821
	Index Scan using sbtest7_pkey on sbtest7  (cost=0.43..35.90 rows=9 width=121)
	  Index Cond: ((id >= 9200812) AND (id <= 9200821))

table 8 : explain SELECT c FROM sbtest8 WHERE id BETWEEN 3793377 AND 3793386
	Index Scan using sbtest8_pkey on sbtest8  (cost=0.43..39.11 rows=10 width=121)
	  Index Cond: ((id >= 3793377) AND (id <= 3793386))

explain: for index_updates :: explain UPDATE sbtest%u SET k=k+1 WHERE id=%u
explain: for inserts :: explain INSERT INTO sbtest%u (id, k, c, pad) VALUES (%u, 13, 'foobar', 'foobar')
for: distinct_ranges
table 1 : explain SELECT DISTINCT c FROM sbtest1 WHERE id BETWEEN 9335550 AND 9335559 ORDER BY c
	Unique  (cost=39.76..39.81 rows=10 width=121)
	  ->  Sort  (cost=39.76..39.78 rows=10 width=121)
	        Sort Key: c
	        ->  Index Scan using sbtest1_pkey on sbtest1  (cost=0.43..39.59 rows=10 width=121)
	              Index Cond: ((id >= 9335550) AND (id <= 9335559))

table 2 : explain SELECT DISTINCT c FROM sbtest2 WHERE id BETWEEN 4830286 AND 4830295 ORDER BY c
	Unique  (cost=36.17..36.22 rows=9 width=121)
	  ->  Sort  (cost=36.17..36.19 rows=9 width=121)
	        Sort Key: c
	        ->  Index Scan using sbtest2_pkey on sbtest2  (cost=0.43..36.03 rows=9 width=121)
	              Index Cond: ((id >= 4830286) AND (id <= 4830295))

table 3 : explain SELECT DISTINCT c FROM sbtest3 WHERE id BETWEEN 7877595 AND 7877604 ORDER BY c
	Unique  (cost=39.37..39.42 rows=10 width=121)
	  ->  Sort  (cost=39.37..39.40 rows=10 width=121)
	        Sort Key: c
	        ->  Index Scan using sbtest3_pkey on sbtest3  (cost=0.43..39.21 rows=10 width=121)
	              Index Cond: ((id >= 7877595) AND (id <= 7877604))

table 4 : explain SELECT DISTINCT c FROM sbtest4 WHERE id BETWEEN 3211637 AND 3211646 ORDER BY c
	Unique  (cost=36.06..36.11 rows=9 width=121)
	  ->  Sort  (cost=36.06..36.09 rows=9 width=121)
	        Sort Key: c
	        ->  Index Scan using sbtest4_pkey on sbtest4  (cost=0.43..35.92 rows=9 width=121)
	              Index Cond: ((id >= 3211637) AND (id <= 3211646))

table 5 : explain SELECT DISTINCT c FROM sbtest5 WHERE id BETWEEN 5776356 AND 5776365 ORDER BY c
	Unique  (cost=39.68..39.73 rows=10 width=121)
	  ->  Sort  (cost=39.68..39.70 rows=10 width=121)
	        Sort Key: c
	        ->  Index Scan using sbtest5_pkey on sbtest5  (cost=0.43..39.51 rows=10 width=121)
	              Index Cond: ((id >= 5776356) AND (id <= 5776365))

table 6 : explain SELECT DISTINCT c FROM sbtest6 WHERE id BETWEEN 516077 AND 516086 ORDER BY c
	Unique  (cost=39.54..39.59 rows=10 width=121)
	  ->  Sort  (cost=39.54..39.57 rows=10 width=121)
	        Sort Key: c
	        ->  Index Scan using sbtest6_pkey on sbtest6  (cost=0.43..39.37 rows=10 width=121)
	              Index Cond: ((id >= 516077) AND (id <= 516086))

table 7 : explain SELECT DISTINCT c FROM sbtest7 WHERE id BETWEEN 7475555 AND 7475564 ORDER BY c
	Unique  (cost=39.49..39.54 rows=10 width=121)
	  ->  Sort  (cost=39.49..39.52 rows=10 width=121)
	        Sort Key: c
	        ->  Index Scan using sbtest7_pkey on sbtest7  (cost=0.43..39.33 rows=10 width=121)
	              Index Cond: ((id >= 7475555) AND (id <= 7475564))

table 8 : explain SELECT DISTINCT c FROM sbtest8 WHERE id BETWEEN 467842 AND 467851 ORDER BY c
	Unique  (cost=39.27..39.32 rows=10 width=121)
	  ->  Sort  (cost=39.27..39.30 rows=10 width=121)
	        Sort Key: c
	        ->  Index Scan using sbtest8_pkey on sbtest8  (cost=0.43..39.11 rows=10 width=121)
	              Index Cond: ((id >= 467842) AND (id <= 467851))

explain: for non_index_updates :: explain UPDATE sbtest%u SET c='foobar' WHERE id=%u
for: simple_ranges
table 1 : explain SELECT c FROM sbtest1 WHERE id BETWEEN 2225081 AND 2225090
	Index Scan using sbtest1_pkey on sbtest1  (cost=0.43..43.05 rows=11 width=121)
	  Index Cond: ((id >= 2225081) AND (id <= 2225090))

table 2 : explain SELECT c FROM sbtest2 WHERE id BETWEEN 4513065 AND 4513074
	Index Scan using sbtest2_pkey on sbtest2  (cost=0.43..39.48 rows=10 width=121)
	  Index Cond: ((id >= 4513065) AND (id <= 4513074))

table 3 : explain SELECT c FROM sbtest3 WHERE id BETWEEN 422879 AND 422888
	Index Scan using sbtest3_pkey on sbtest3  (cost=0.43..35.79 rows=9 width=121)
	  Index Cond: ((id >= 422879) AND (id <= 422888))

table 4 : explain SELECT c FROM sbtest4 WHERE id BETWEEN 6890613 AND 6890622
	Index Scan using sbtest4_pkey on sbtest4  (cost=0.43..39.35 rows=10 width=121)
	  Index Cond: ((id >= 6890613) AND (id <= 6890622))

table 5 : explain SELECT c FROM sbtest5 WHERE id BETWEEN 880276 AND 880285
	Index Scan using sbtest5_pkey on sbtest5  (cost=0.43..39.51 rows=10 width=121)
	  Index Cond: ((id >= 880276) AND (id <= 880285))

table 6 : explain SELECT c FROM sbtest6 WHERE id BETWEEN 6890134 AND 6890143
	Index Scan using sbtest6_pkey on sbtest6  (cost=0.43..42.81 rows=11 width=121)
	  Index Cond: ((id >= 6890134) AND (id <= 6890143))

table 7 : explain SELECT c FROM sbtest7 WHERE id BETWEEN 5169018 AND 5169027
	Index Scan using sbtest7_pkey on sbtest7  (cost=0.43..42.76 rows=11 width=121)
	  Index Cond: ((id >= 5169018) AND (id <= 5169027))

table 8 : explain SELECT c FROM sbtest8 WHERE id BETWEEN 1940485 AND 1940494
	Index Scan using sbtest8_pkey on sbtest8  (cost=0.43..42.51 rows=11 width=121)
	  Index Cond: ((id >= 1940485) AND (id <= 1940494))

for index_updates
table 1 : explain UPDATE sbtest1 SET k=k+1 WHERE id=2354269
	Update on sbtest1  (cost=0.43..8.46 rows=0 width=0)
	  ->  Index Scan using sbtest1_pkey on sbtest1  (cost=0.43..8.46 rows=1 width=10)
	        Index Cond: (id = 2354269)

table 2 : explain UPDATE sbtest2 SET k=k+1 WHERE id=8514027
	Update on sbtest2  (cost=0.43..8.46 rows=0 width=0)
	  ->  Index Scan using sbtest2_pkey on sbtest2  (cost=0.43..8.46 rows=1 width=10)
	        Index Cond: (id = 8514027)

table 3 : explain UPDATE sbtest3 SET k=k+1 WHERE id=1420601
	Update on sbtest3  (cost=0.43..8.46 rows=0 width=0)
	  ->  Index Scan using sbtest3_pkey on sbtest3  (cost=0.43..8.46 rows=1 width=10)
	        Index Cond: (id = 1420601)

table 4 : explain UPDATE sbtest4 SET k=k+1 WHERE id=8515777
	Update on sbtest4  (cost=0.43..8.46 rows=0 width=0)
	  ->  Index Scan using sbtest4_pkey on sbtest4  (cost=0.43..8.46 rows=1 width=10)
	        Index Cond: (id = 8515777)

table 5 : explain UPDATE sbtest5 SET k=k+1 WHERE id=7424793
	Update on sbtest5  (cost=0.43..8.46 rows=0 width=0)
	  ->  Index Scan using sbtest5_pkey on sbtest5  (cost=0.43..8.46 rows=1 width=10)
	        Index Cond: (id = 7424793)

table 6 : explain UPDATE sbtest6 SET k=k+1 WHERE id=5517637
	Update on sbtest6  (cost=0.43..8.46 rows=0 width=0)
	  ->  Index Scan using sbtest6_pkey on sbtest6  (cost=0.43..8.46 rows=1 width=10)
	        Index Cond: (id = 5517637)

table 7 : explain UPDATE sbtest7 SET k=k+1 WHERE id=9248815
	Update on sbtest7  (cost=0.43..8.46 rows=0 width=0)
	  ->  Index Scan using sbtest7_pkey on sbtest7  (cost=0.43..8.46 rows=1 width=10)
	        Index Cond: (id = 9248815)

table 8 : explain UPDATE sbtest8 SET k=k+1 WHERE id=1283702
	Update on sbtest8  (cost=0.43..8.46 rows=0 width=0)
	  ->  Index Scan using sbtest8_pkey on sbtest8  (cost=0.43..8.46 rows=1 width=10)
	        Index Cond: (id = 1283702)

for deletes
table 1 : explain DELETE FROM sbtest1 WHERE id=4655923
	Delete on sbtest1  (cost=0.43..8.45 rows=0 width=0)
	  ->  Index Scan using sbtest1_pkey on sbtest1  (cost=0.43..8.45 rows=1 width=6)
	        Index Cond: (id = 4655923)

table 2 : explain DELETE FROM sbtest2 WHERE id=9797615
	Delete on sbtest2  (cost=0.43..8.45 rows=0 width=0)
	  ->  Index Scan using sbtest2_pkey on sbtest2  (cost=0.43..8.45 rows=1 width=6)
	        Index Cond: (id = 9797615)

table 3 : explain DELETE FROM sbtest3 WHERE id=7962085
	Delete on sbtest3  (cost=0.43..8.45 rows=0 width=0)
	  ->  Index Scan using sbtest3_pkey on sbtest3  (cost=0.43..8.45 rows=1 width=6)
	        Index Cond: (id = 7962085)

table 4 : explain DELETE FROM sbtest4 WHERE id=8912552
	Delete on sbtest4  (cost=0.43..8.45 rows=0 width=0)
	  ->  Index Scan using sbtest4_pkey on sbtest4  (cost=0.43..8.45 rows=1 width=6)
	        Index Cond: (id = 8912552)

table 5 : explain DELETE FROM sbtest5 WHERE id=4492125
	Delete on sbtest5  (cost=0.43..8.45 rows=0 width=0)
	  ->  Index Scan using sbtest5_pkey on sbtest5  (cost=0.43..8.45 rows=1 width=6)
	        Index Cond: (id = 4492125)

table 6 : explain DELETE FROM sbtest6 WHERE id=1122319
	Delete on sbtest6  (cost=0.43..8.45 rows=0 width=0)
	  ->  Index Scan using sbtest6_pkey on sbtest6  (cost=0.43..8.45 rows=1 width=6)
	        Index Cond: (id = 1122319)

table 7 : explain DELETE FROM sbtest7 WHERE id=8887858
	Delete on sbtest7  (cost=0.43..8.45 rows=0 width=0)
	  ->  Index Scan using sbtest7_pkey on sbtest7  (cost=0.43..8.45 rows=1 width=6)
	        Index Cond: (id = 8887858)

table 8 : explain DELETE FROM sbtest8 WHERE id=8163766
	Delete on sbtest8  (cost=0.43..8.45 rows=0 width=0)
	  ->  Index Scan using sbtest8_pkey on sbtest8  (cost=0.43..8.45 rows=1 width=6)
	        Index Cond: (id = 8163766)

for: distinct_ranges
table 1 : explain SELECT DISTINCT c FROM sbtest1 WHERE id BETWEEN 1885450 AND 1885459 ORDER BY c
	Unique  (cost=43.24..43.30 rows=11 width=121)
	  ->  Sort  (cost=43.24..43.27 rows=11 width=121)
	        Sort Key: c
	        ->  Index Scan using sbtest1_pkey on sbtest1  (cost=0.43..43.05 rows=11 width=121)
	              Index Cond: ((id >= 1885450) AND (id <= 1885459))

table 2 : explain SELECT DISTINCT c FROM sbtest2 WHERE id BETWEEN 6597504 AND 6597513 ORDER BY c
	Unique  (cost=39.64..39.69 rows=10 width=121)
	  ->  Sort  (cost=39.64..39.67 rows=10 width=121)
	        Sort Key: c
	        ->  Index Scan using sbtest2_pkey on sbtest2  (cost=0.43..39.48 rows=10 width=121)
	              Index Cond: ((id >= 6597504) AND (id <= 6597513))

table 3 : explain SELECT DISTINCT c FROM sbtest3 WHERE id BETWEEN 9184824 AND 9184833 ORDER BY c
	Unique  (cost=39.37..39.42 rows=10 width=121)
	  ->  Sort  (cost=39.37..39.40 rows=10 width=121)
	        Sort Key: c
	        ->  Index Scan using sbtest3_pkey on sbtest3  (cost=0.43..39.21 rows=10 width=121)
	              Index Cond: ((id >= 9184824) AND (id <= 9184833))

table 4 : explain SELECT DISTINCT c FROM sbtest4 WHERE id BETWEEN 5269507 AND 5269516 ORDER BY c
	Unique  (cost=39.52..39.57 rows=10 width=121)
	  ->  Sort  (cost=39.52..39.54 rows=10 width=121)
	        Sort Key: c
	        ->  Index Scan using sbtest4_pkey on sbtest4  (cost=0.43..39.35 rows=10 width=121)
	              Index Cond: ((id >= 5269507) AND (id <= 5269516))

table 5 : explain SELECT DISTINCT c FROM sbtest5 WHERE id BETWEEN 7842800 AND 7842809 ORDER BY c
	Unique  (cost=39.68..39.73 rows=10 width=121)
	  ->  Sort  (cost=39.68..39.70 rows=10 width=121)
	        Sort Key: c
	        ->  Index Scan using sbtest5_pkey on sbtest5  (cost=0.43..39.51 rows=10 width=121)
	              Index Cond: ((id >= 7842800) AND (id <= 7842809))

table 6 : explain SELECT DISTINCT c FROM sbtest6 WHERE id BETWEEN 6254587 AND 6254596 ORDER BY c
	Unique  (cost=43.00..43.05 rows=11 width=121)
	  ->  Sort  (cost=43.00..43.03 rows=11 width=121)
	        Sort Key: c
	        ->  Index Scan using sbtest6_pkey on sbtest6  (cost=0.43..42.81 rows=11 width=121)
	              Index Cond: ((id >= 6254587) AND (id <= 6254596))

table 7 : explain SELECT DISTINCT c FROM sbtest7 WHERE id BETWEEN 2822576 AND 2822585 ORDER BY c
	Unique  (cost=42.95..43.00 rows=11 width=121)
	  ->  Sort  (cost=42.95..42.97 rows=11 width=121)
	        Sort Key: c
	        ->  Index Scan using sbtest7_pkey on sbtest7  (cost=0.43..42.76 rows=11 width=121)
	              Index Cond: ((id >= 2822576) AND (id <= 2822585))

table 8 : explain SELECT DISTINCT c FROM sbtest8 WHERE id BETWEEN 1207171 AND 1207180 ORDER BY c
	Unique  (cost=39.27..39.32 rows=10 width=121)
	  ->  Sort  (cost=39.27..39.30 rows=10 width=121)
	        Sort Key: c
	        ->  Index Scan using sbtest8_pkey on sbtest8  (cost=0.43..39.11 rows=10 width=121)
	              Index Cond: ((id >= 1207171) AND (id <= 1207180))

explain: for index_updates :: explain UPDATE sbtest%u SET k=k+1 WHERE id=%u
for inserts
table 1 : explain INSERT INTO sbtest1 (id, k, c, pad) VALUES (9313458, 13, 'foobar', 'foobar')
	Insert on sbtest1  (cost=0.00..0.01 rows=0 width=0)
	  ->  Result  (cost=0.00..0.01 rows=1 width=736)

table 2 : explain INSERT INTO sbtest2 (id, k, c, pad) VALUES (3779734, 13, 'foobar', 'foobar')
	Insert on sbtest2  (cost=0.00..0.01 rows=0 width=0)
	  ->  Result  (cost=0.00..0.01 rows=1 width=736)

table 3 : explain INSERT INTO sbtest3 (id, k, c, pad) VALUES (7587419, 13, 'foobar', 'foobar')
	Insert on sbtest3  (cost=0.00..0.01 rows=0 width=0)
	  ->  Result  (cost=0.00..0.01 rows=1 width=736)

table 4 : explain INSERT INTO sbtest4 (id, k, c, pad) VALUES (8779950, 13, 'foobar', 'foobar')
	Insert on sbtest4  (cost=0.00..0.01 rows=0 width=0)
	  ->  Result  (cost=0.00..0.01 rows=1 width=736)

table 5 : explain INSERT INTO sbtest5 (id, k, c, pad) VALUES (5213411, 13, 'foobar', 'foobar')
	Insert on sbtest5  (cost=0.00..0.01 rows=0 width=0)
	  ->  Result  (cost=0.00..0.01 rows=1 width=736)

table 6 : explain INSERT INTO sbtest6 (id, k, c, pad) VALUES (9889876, 13, 'foobar', 'foobar')
	Insert on sbtest6  (cost=0.00..0.01 rows=0 width=0)
	  ->  Result  (cost=0.00..0.01 rows=1 width=736)

table 7 : explain INSERT INTO sbtest7 (id, k, c, pad) VALUES (3798777, 13, 'foobar', 'foobar')
	Insert on sbtest7  (cost=0.00..0.01 rows=0 width=0)
	  ->  Result  (cost=0.00..0.01 rows=1 width=736)

table 8 : explain INSERT INTO sbtest8 (id, k, c, pad) VALUES (2223161, 13, 'foobar', 'foobar')
	Insert on sbtest8  (cost=0.00..0.01 rows=0 width=0)
	  ->  Result  (cost=0.00..0.01 rows=1 width=736)

for: simple_ranges
table 1 : explain SELECT c FROM sbtest1 WHERE id BETWEEN 7848388 AND 7848397
	Index Scan using sbtest1_pkey on sbtest1  (cost=0.43..39.59 rows=10 width=121)
	  Index Cond: ((id >= 7848388) AND (id <= 7848397))

table 2 : explain SELECT c FROM sbtest2 WHERE id BETWEEN 6313243 AND 6313252
	Index Scan using sbtest2_pkey on sbtest2  (cost=0.43..39.48 rows=10 width=121)
	  Index Cond: ((id >= 6313243) AND (id <= 6313252))

table 3 : explain SELECT c FROM sbtest3 WHERE id BETWEEN 6086586 AND 6086595
	Index Scan using sbtest3_pkey on sbtest3  (cost=0.43..42.62 rows=11 width=121)
	  Index Cond: ((id >= 6086586) AND (id <= 6086595))

table 4 : explain SELECT c FROM sbtest4 WHERE id BETWEEN 1194396 AND 1194405
	Index Scan using sbtest4_pkey on sbtest4  (cost=0.43..35.92 rows=9 width=121)
	  Index Cond: ((id >= 1194396) AND (id <= 1194405))

table 5 : explain SELECT c FROM sbtest5 WHERE id BETWEEN 1337629 AND 1337638
	Index Scan using sbtest5_pkey on sbtest5  (cost=0.43..36.06 rows=9 width=121)
	  Index Cond: ((id >= 1337629) AND (id <= 1337638))

table 6 : explain SELECT c FROM sbtest6 WHERE id BETWEEN 4119305 AND 4119314
	Index Scan using sbtest6_pkey on sbtest6  (cost=0.43..39.37 rows=10 width=121)
	  Index Cond: ((id >= 4119305) AND (id <= 4119314))

table 7 : explain SELECT c FROM sbtest7 WHERE id BETWEEN 5041019 AND 5041028
	Index Scan using sbtest7_pkey on sbtest7  (cost=0.43..39.33 rows=10 width=121)
	  Index Cond: ((id >= 5041019) AND (id <= 5041028))

table 8 : explain SELECT c FROM sbtest8 WHERE id BETWEEN 9937596 AND 9937605
	Index Scan using sbtest8_pkey on sbtest8  (cost=0.43..42.51 rows=11 width=121)
	  Index Cond: ((id >= 9937596) AND (id <= 9937605))

for: order_ranges
table 1 : explain SELECT c FROM sbtest1 WHERE id BETWEEN 1267840 AND 1267849 ORDER BY c
	Sort  (cost=39.76..39.78 rows=10 width=121)
	  Sort Key: c
	  ->  Index Scan using sbtest1_pkey on sbtest1  (cost=0.43..39.59 rows=10 width=121)
	        Index Cond: ((id >= 1267840) AND (id <= 1267849))

table 2 : explain SELECT c FROM sbtest2 WHERE id BETWEEN 314983 AND 314992 ORDER BY c
	Sort  (cost=39.64..39.67 rows=10 width=121)
	  Sort Key: c
	  ->  Index Scan using sbtest2_pkey on sbtest2  (cost=0.43..39.48 rows=10 width=121)
	        Index Cond: ((id >= 314983) AND (id <= 314992))

table 3 : explain SELECT c FROM sbtest3 WHERE id BETWEEN 8626819 AND 8626828 ORDER BY c
	Sort  (cost=35.93..35.95 rows=9 width=121)
	  Sort Key: c
	  ->  Index Scan using sbtest3_pkey on sbtest3  (cost=0.43..35.79 rows=9 width=121)
	        Index Cond: ((id >= 8626819) AND (id <= 8626828))

table 4 : explain SELECT c FROM sbtest4 WHERE id BETWEEN 1158619 AND 1158628 ORDER BY c
	Sort  (cost=36.06..36.09 rows=9 width=121)
	  Sort Key: c
	  ->  Index Scan using sbtest4_pkey on sbtest4  (cost=0.43..35.92 rows=9 width=121)
	        Index Cond: ((id >= 1158619) AND (id <= 1158628))

table 5 : explain SELECT c FROM sbtest5 WHERE id BETWEEN 6164085 AND 6164094 ORDER BY c
	Sort  (cost=39.68..39.70 rows=10 width=121)
	  Sort Key: c
	  ->  Index Scan using sbtest5_pkey on sbtest5  (cost=0.43..39.51 rows=10 width=121)
	        Index Cond: ((id >= 6164085) AND (id <= 6164094))

table 6 : explain SELECT c FROM sbtest6 WHERE id BETWEEN 4139278 AND 4139287 ORDER BY c
	Sort  (cost=39.54..39.57 rows=10 width=121)
	  Sort Key: c
	  ->  Index Scan using sbtest6_pkey on sbtest6  (cost=0.43..39.37 rows=10 width=121)
	        Index Cond: ((id >= 4139278) AND (id <= 4139287))

table 7 : explain SELECT c FROM sbtest7 WHERE id BETWEEN 834274 AND 834283 ORDER BY c
	Sort  (cost=39.49..39.52 rows=10 width=121)
	  Sort Key: c
	  ->  Index Scan using sbtest7_pkey on sbtest7  (cost=0.43..39.33 rows=10 width=121)
	        Index Cond: ((id >= 834274) AND (id <= 834283))

table 8 : explain SELECT c FROM sbtest8 WHERE id BETWEEN 1033345 AND 1033354 ORDER BY c
	Sort  (cost=39.27..39.30 rows=10 width=121)
	  Sort Key: c
	  ->  Index Scan using sbtest8_pkey on sbtest8  (cost=0.43..39.11 rows=10 width=121)
	        Index Cond: ((id >= 1033345) AND (id <= 1033354))

for point_selects
table 1 : explain SELECT c FROM sbtest1 WHERE id=6079303
	Index Scan using sbtest1_pkey on sbtest1  (cost=0.43..8.45 rows=1 width=121)
	  Index Cond: (id = 6079303)

table 2 : explain SELECT c FROM sbtest2 WHERE id=9419789
	Index Scan using sbtest2_pkey on sbtest2  (cost=0.43..8.45 rows=1 width=121)
	  Index Cond: (id = 9419789)

table 3 : explain SELECT c FROM sbtest3 WHERE id=2840475
	Index Scan using sbtest3_pkey on sbtest3  (cost=0.43..8.45 rows=1 width=121)
	  Index Cond: (id = 2840475)

table 4 : explain SELECT c FROM sbtest4 WHERE id=7569991
	Index Scan using sbtest4_pkey on sbtest4  (cost=0.43..8.45 rows=1 width=121)
	  Index Cond: (id = 7569991)

table 5 : explain SELECT c FROM sbtest5 WHERE id=9064410
	Index Scan using sbtest5_pkey on sbtest5  (cost=0.43..8.45 rows=1 width=121)
	  Index Cond: (id = 9064410)

table 6 : explain SELECT c FROM sbtest6 WHERE id=5129836
	Index Scan using sbtest6_pkey on sbtest6  (cost=0.43..8.45 rows=1 width=121)
	  Index Cond: (id = 5129836)

table 7 : explain SELECT c FROM sbtest7 WHERE id=2834302
	Index Scan using sbtest7_pkey on sbtest7  (cost=0.43..8.45 rows=1 width=121)
	  Index Cond: (id = 2834302)

table 8 : explain SELECT c FROM sbtest8 WHERE id=7078695
	Index Scan using sbtest8_pkey on sbtest8  (cost=0.43..8.45 rows=1 width=121)
	  Index Cond: (id = 7078695)

for index_updates
table 1 : explain UPDATE sbtest1 SET k=k+1 WHERE id=1621837
	Update on sbtest1  (cost=0.43..8.46 rows=0 width=0)
	  ->  Index Scan using sbtest1_pkey on sbtest1  (cost=0.43..8.46 rows=1 width=10)
	        Index Cond: (id = 1621837)

table 2 : explain UPDATE sbtest2 SET k=k+1 WHERE id=4139602
	Update on sbtest2  (cost=0.43..8.46 rows=0 width=0)
	  ->  Index Scan using sbtest2_pkey on sbtest2  (cost=0.43..8.46 rows=1 width=10)
	        Index Cond: (id = 4139602)

table 3 : explain UPDATE sbtest3 SET k=k+1 WHERE id=1792716
	Update on sbtest3  (cost=0.43..8.46 rows=0 width=0)
	  ->  Index Scan using sbtest3_pkey on sbtest3  (cost=0.43..8.46 rows=1 width=10)
	        Index Cond: (id = 1792716)

table 4 : explain UPDATE sbtest4 SET k=k+1 WHERE id=1834054
	Update on sbtest4  (cost=0.43..8.46 rows=0 width=0)
	  ->  Index Scan using sbtest4_pkey on sbtest4  (cost=0.43..8.46 rows=1 width=10)
	        Index Cond: (id = 1834054)

table 5 : explain UPDATE sbtest5 SET k=k+1 WHERE id=3604257
	Update on sbtest5  (cost=0.43..8.46 rows=0 width=0)
	  ->  Index Scan using sbtest5_pkey on sbtest5  (cost=0.43..8.46 rows=1 width=10)
	        Index Cond: (id = 3604257)

table 6 : explain UPDATE sbtest6 SET k=k+1 WHERE id=9826583
	Update on sbtest6  (cost=0.43..8.46 rows=0 width=0)
	  ->  Index Scan using sbtest6_pkey on sbtest6  (cost=0.43..8.46 rows=1 width=10)
	        Index Cond: (id = 9826583)

table 7 : explain UPDATE sbtest7 SET k=k+1 WHERE id=7066627
	Update on sbtest7  (cost=0.43..8.46 rows=0 width=0)
	  ->  Index Scan using sbtest7_pkey on sbtest7  (cost=0.43..8.46 rows=1 width=10)
	        Index Cond: (id = 7066627)

table 8 : explain UPDATE sbtest8 SET k=k+1 WHERE id=9645409
	Update on sbtest8  (cost=0.43..8.46 rows=0 width=0)
	  ->  Index Scan using sbtest8_pkey on sbtest8  (cost=0.43..8.46 rows=1 width=10)
	        Index Cond: (id = 9645409)

explain: for non_index_updates :: explain UPDATE sbtest%u SET c='foobar' WHERE id=%u
explain: for index_updates :: explain UPDATE sbtest%u SET k=k+1 WHERE id=%u
for non_index_updates
table 1 : explain UPDATE sbtest1 SET c='foobar' WHERE id=8078157
	Update on sbtest1  (cost=0.43..8.45 rows=0 width=0)
	  ->  Index Scan using sbtest1_pkey on sbtest1  (cost=0.43..8.45 rows=1 width=490)
	        Index Cond: (id = 8078157)

table 2 : explain UPDATE sbtest2 SET c='foobar' WHERE id=9408141
	Update on sbtest2  (cost=0.43..8.45 rows=0 width=0)
	  ->  Index Scan using sbtest2_pkey on sbtest2  (cost=0.43..8.45 rows=1 width=490)
	        Index Cond: (id = 9408141)

table 3 : explain UPDATE sbtest3 SET c='foobar' WHERE id=2213650
	Update on sbtest3  (cost=0.43..8.45 rows=0 width=0)
	  ->  Index Scan using sbtest3_pkey on sbtest3  (cost=0.43..8.45 rows=1 width=490)
	        Index Cond: (id = 2213650)

table 4 : explain UPDATE sbtest4 SET c='foobar' WHERE id=9844317
	Update on sbtest4  (cost=0.43..8.45 rows=0 width=0)
	  ->  Index Scan using sbtest4_pkey on sbtest4  (cost=0.43..8.45 rows=1 width=490)
	        Index Cond: (id = 9844317)

table 5 : explain UPDATE sbtest5 SET c='foobar' WHERE id=7955463
	Update on sbtest5  (cost=0.43..8.45 rows=0 width=0)
	  ->  Index Scan using sbtest5_pkey on sbtest5  (cost=0.43..8.45 rows=1 width=490)
	        Index Cond: (id = 7955463)

table 6 : explain UPDATE sbtest6 SET c='foobar' WHERE id=7039317
	Update on sbtest6  (cost=0.43..8.45 rows=0 width=0)
	  ->  Index Scan using sbtest6_pkey on sbtest6  (cost=0.43..8.45 rows=1 width=490)
	        Index Cond: (id = 7039317)

table 7 : explain UPDATE sbtest7 SET c='foobar' WHERE id=8281003
	Update on sbtest7  (cost=0.43..8.45 rows=0 width=0)
	  ->  Index Scan using sbtest7_pkey on sbtest7  (cost=0.43..8.45 rows=1 width=490)
	        Index Cond: (id = 8281003)

table 8 : explain UPDATE sbtest8 SET c='foobar' WHERE id=2511100
	Update on sbtest8  (cost=0.43..8.45 rows=0 width=0)
	  ->  Index Scan using sbtest8_pkey on sbtest8  (cost=0.43..8.45 rows=1 width=490)
	        Index Cond: (id = 2511100)

explain: for inserts :: explain INSERT INTO sbtest%u (id, k, c, pad) VALUES (%u, 13, 'foobar', 'foobar')
for: sum_ranges
table 1 : explain SELECT SUM(k) FROM sbtest1 WHERE id BETWEEN 8634866 AND 8634875
	Aggregate  (cost=39.62..39.63 rows=1 width=8)
	  ->  Index Scan using sbtest1_pkey on sbtest1  (cost=0.43..39.59 rows=10 width=4)
	        Index Cond: ((id >= 8634866) AND (id <= 8634875))

table 2 : explain SELECT SUM(k) FROM sbtest2 WHERE id BETWEEN 3681030 AND 3681039
	Aggregate  (cost=39.50..39.51 rows=1 width=8)
	  ->  Index Scan using sbtest2_pkey on sbtest2  (cost=0.43..39.48 rows=10 width=4)
	        Index Cond: ((id >= 3681030) AND (id <= 3681039))

table 3 : explain SELECT SUM(k) FROM sbtest3 WHERE id BETWEEN 6614636 AND 6614645
	Aggregate  (cost=39.23..39.24 rows=1 width=8)
	  ->  Index Scan using sbtest3_pkey on sbtest3  (cost=0.43..39.21 rows=10 width=4)
	        Index Cond: ((id >= 6614636) AND (id <= 6614645))

table 4 : explain SELECT SUM(k) FROM sbtest4 WHERE id BETWEEN 3703947 AND 3703956
	Aggregate  (cost=39.38..39.39 rows=1 width=8)
	  ->  Index Scan using sbtest4_pkey on sbtest4  (cost=0.43..39.35 rows=10 width=4)
	        Index Cond: ((id >= 3703947) AND (id <= 3703956))

table 5 : explain SELECT SUM(k) FROM sbtest5 WHERE id BETWEEN 2189711 AND 2189720
	Aggregate  (cost=42.99..43.00 rows=1 width=8)
	  ->  Index Scan using sbtest5_pkey on sbtest5  (cost=0.43..42.96 rows=11 width=4)
	        Index Cond: ((id >= 2189711) AND (id <= 2189720))

table 6 : explain SELECT SUM(k) FROM sbtest6 WHERE id BETWEEN 9431672 AND 9431681
	Aggregate  (cost=42.84..42.85 rows=1 width=8)
	  ->  Index Scan using sbtest6_pkey on sbtest6  (cost=0.43..42.81 rows=11 width=4)
	        Index Cond: ((id >= 9431672) AND (id <= 9431681))

table 7 : explain SELECT SUM(k) FROM sbtest7 WHERE id BETWEEN 3324040 AND 3324049
	Aggregate  (cost=35.92..35.93 rows=1 width=8)
	  ->  Index Scan using sbtest7_pkey on sbtest7  (cost=0.43..35.90 rows=9 width=4)
	        Index Cond: ((id >= 3324040) AND (id <= 3324049))

table 8 : explain SELECT SUM(k) FROM sbtest8 WHERE id BETWEEN 1941568 AND 1941577
	Aggregate  (cost=42.54..42.55 rows=1 width=8)
	  ->  Index Scan using sbtest8_pkey on sbtest8  (cost=0.43..42.51 rows=11 width=4)
	        Index Cond: ((id >= 1941568) AND (id <= 1941577))

explain: for deletes :: explain DELETE FROM sbtest%u WHERE id=%u
for index_updates
table 1 : explain UPDATE sbtest1 SET k=k+1 WHERE id=7147134
	Update on sbtest1  (cost=0.43..8.46 rows=0 width=0)
	  ->  Index Scan using sbtest1_pkey on sbtest1  (cost=0.43..8.46 rows=1 width=10)
	        Index Cond: (id = 7147134)

table 2 : explain UPDATE sbtest2 SET k=k+1 WHERE id=8937953
	Update on sbtest2  (cost=0.43..8.46 rows=0 width=0)
	  ->  Index Scan using sbtest2_pkey on sbtest2  (cost=0.43..8.46 rows=1 width=10)
	        Index Cond: (id = 8937953)

table 3 : explain UPDATE sbtest3 SET k=k+1 WHERE id=2372608
	Update on sbtest3  (cost=0.43..8.46 rows=0 width=0)
	  ->  Index Scan using sbtest3_pkey on sbtest3  (cost=0.43..8.46 rows=1 width=10)
	        Index Cond: (id = 2372608)

table 4 : explain UPDATE sbtest4 SET k=k+1 WHERE id=1380803
	Update on sbtest4  (cost=0.43..8.46 rows=0 width=0)
	  ->  Index Scan using sbtest4_pkey on sbtest4  (cost=0.43..8.46 rows=1 width=10)
	        Index Cond: (id = 1380803)

table 5 : explain UPDATE sbtest5 SET k=k+1 WHERE id=3205767
	Update on sbtest5  (cost=0.43..8.46 rows=0 width=0)
	  ->  Index Scan using sbtest5_pkey on sbtest5  (cost=0.43..8.46 rows=1 width=10)
	        Index Cond: (id = 3205767)

table 6 : explain UPDATE sbtest6 SET k=k+1 WHERE id=6893286
	Update on sbtest6  (cost=0.43..8.46 rows=0 width=0)
	  ->  Index Scan using sbtest6_pkey on sbtest6  (cost=0.43..8.46 rows=1 width=10)
	        Index Cond: (id = 6893286)

table 7 : explain UPDATE sbtest7 SET k=k+1 WHERE id=9667498
	Update on sbtest7  (cost=0.43..8.46 rows=0 width=0)
	  ->  Index Scan using sbtest7_pkey on sbtest7  (cost=0.43..8.46 rows=1 width=10)
	        Index Cond: (id = 9667498)

table 8 : explain UPDATE sbtest8 SET k=k+1 WHERE id=9464603
	Update on sbtest8  (cost=0.43..8.46 rows=0 width=0)
	  ->  Index Scan using sbtest8_pkey on sbtest8  (cost=0.43..8.46 rows=1 width=10)
	        Index Cond: (id = 9464603)

explain: for non_index_updates :: explain UPDATE sbtest%u SET c='foobar' WHERE id=%u
for: sum_ranges
table 1 : explain SELECT SUM(k) FROM sbtest1 WHERE id BETWEEN 7695475 AND 7695484
	Aggregate  (cost=36.16..36.17 rows=1 width=8)
	  ->  Index Scan using sbtest1_pkey on sbtest1  (cost=0.43..36.13 rows=9 width=4)
	        Index Cond: ((id >= 7695475) AND (id <= 7695484))

table 2 : explain SELECT SUM(k) FROM sbtest2 WHERE id BETWEEN 1434028 AND 1434037
	Aggregate  (cost=39.50..39.51 rows=1 width=8)
	  ->  Index Scan using sbtest2_pkey on sbtest2  (cost=0.43..39.48 rows=10 width=4)
	        Index Cond: ((id >= 1434028) AND (id <= 1434037))

table 3 : explain SELECT SUM(k) FROM sbtest3 WHERE id BETWEEN 1113670 AND 1113679
	Aggregate  (cost=39.23..39.24 rows=1 width=8)
	  ->  Index Scan using sbtest3_pkey on sbtest3  (cost=0.43..39.21 rows=10 width=4)
	        Index Cond: ((id >= 1113670) AND (id <= 1113679))

table 4 : explain SELECT SUM(k) FROM sbtest4 WHERE id BETWEEN 2810593 AND 2810602
	Aggregate  (cost=39.38..39.39 rows=1 width=8)
	  ->  Index Scan using sbtest4_pkey on sbtest4  (cost=0.43..39.35 rows=10 width=4)
	        Index Cond: ((id >= 2810593) AND (id <= 2810602))

table 5 : explain SELECT SUM(k) FROM sbtest5 WHERE id BETWEEN 6162559 AND 6162568
	Aggregate  (cost=36.08..36.09 rows=1 width=8)
	  ->  Index Scan using sbtest5_pkey on sbtest5  (cost=0.43..36.06 rows=9 width=4)
	        Index Cond: ((id >= 6162559) AND (id <= 6162568))

table 6 : explain SELECT SUM(k) FROM sbtest6 WHERE id BETWEEN 3312382 AND 3312391
	Aggregate  (cost=42.84..42.85 rows=1 width=8)
	  ->  Index Scan using sbtest6_pkey on sbtest6  (cost=0.43..42.81 rows=11 width=4)
	        Index Cond: ((id >= 3312382) AND (id <= 3312391))

table 7 : explain SELECT SUM(k) FROM sbtest7 WHERE id BETWEEN 4683919 AND 4683928
	Aggregate  (cost=39.35..39.36 rows=1 width=8)
	  ->  Index Scan using sbtest7_pkey on sbtest7  (cost=0.43..39.33 rows=10 width=4)
	        Index Cond: ((id >= 4683919) AND (id <= 4683928))

table 8 : explain SELECT SUM(k) FROM sbtest8 WHERE id BETWEEN 7128425 AND 7128434
	Aggregate  (cost=42.54..42.55 rows=1 width=8)
	  ->  Index Scan using sbtest8_pkey on sbtest8  (cost=0.43..42.51 rows=11 width=4)
	        Index Cond: ((id >= 7128425) AND (id <= 7128434))

for inserts
table 1 : explain INSERT INTO sbtest1 (id, k, c, pad) VALUES (1110764, 13, 'foobar', 'foobar')
	Insert on sbtest1  (cost=0.00..0.01 rows=0 width=0)
	  ->  Result  (cost=0.00..0.01 rows=1 width=736)

table 2 : explain INSERT INTO sbtest2 (id, k, c, pad) VALUES (5779736, 13, 'foobar', 'foobar')
	Insert on sbtest2  (cost=0.00..0.01 rows=0 width=0)
	  ->  Result  (cost=0.00..0.01 rows=1 width=736)

table 3 : explain INSERT INTO sbtest3 (id, k, c, pad) VALUES (4222084, 13, 'foobar', 'foobar')
	Insert on sbtest3  (cost=0.00..0.01 rows=0 width=0)
	  ->  Result  (cost=0.00..0.01 rows=1 width=736)

table 4 : explain INSERT INTO sbtest4 (id, k, c, pad) VALUES (9897545, 13, 'foobar', 'foobar')
	Insert on sbtest4  (cost=0.00..0.01 rows=0 width=0)
	  ->  Result  (cost=0.00..0.01 rows=1 width=736)

table 5 : explain INSERT INTO sbtest5 (id, k, c, pad) VALUES (5803233, 13, 'foobar', 'foobar')
	Insert on sbtest5  (cost=0.00..0.01 rows=0 width=0)
	  ->  Result  (cost=0.00..0.01 rows=1 width=736)

table 6 : explain INSERT INTO sbtest6 (id, k, c, pad) VALUES (3386760, 13, 'foobar', 'foobar')
	Insert on sbtest6  (cost=0.00..0.01 rows=0 width=0)
	  ->  Result  (cost=0.00..0.01 rows=1 width=736)

table 7 : explain INSERT INTO sbtest7 (id, k, c, pad) VALUES (4893590, 13, 'foobar', 'foobar')
	Insert on sbtest7  (cost=0.00..0.01 rows=0 width=0)
	  ->  Result  (cost=0.00..0.01 rows=1 width=736)

table 8 : explain INSERT INTO sbtest8 (id, k, c, pad) VALUES (506647, 13, 'foobar', 'foobar')
	Insert on sbtest8  (cost=0.00..0.01 rows=0 width=0)
	  ->  Result  (cost=0.00..0.01 rows=1 width=736)

for non_index_updates
table 1 : explain UPDATE sbtest1 SET c='foobar' WHERE id=8316782
	Update on sbtest1  (cost=0.43..8.45 rows=0 width=0)
	  ->  Index Scan using sbtest1_pkey on sbtest1  (cost=0.43..8.45 rows=1 width=490)
	        Index Cond: (id = 8316782)

table 2 : explain UPDATE sbtest2 SET c='foobar' WHERE id=2449542
	Update on sbtest2  (cost=0.43..8.45 rows=0 width=0)
	  ->  Index Scan using sbtest2_pkey on sbtest2  (cost=0.43..8.45 rows=1 width=490)
	        Index Cond: (id = 2449542)

table 3 : explain UPDATE sbtest3 SET c='foobar' WHERE id=4062975
	Update on sbtest3  (cost=0.43..8.45 rows=0 width=0)
	  ->  Index Scan using sbtest3_pkey on sbtest3  (cost=0.43..8.45 rows=1 width=490)
	        Index Cond: (id = 4062975)

table 4 : explain UPDATE sbtest4 SET c='foobar' WHERE id=2300714
	Update on sbtest4  (cost=0.43..8.45 rows=0 width=0)
	  ->  Index Scan using sbtest4_pkey on sbtest4  (cost=0.43..8.45 rows=1 width=490)
	        Index Cond: (id = 2300714)

table 5 : explain UPDATE sbtest5 SET c='foobar' WHERE id=7946668
	Update on sbtest5  (cost=0.43..8.45 rows=0 width=0)
	  ->  Index Scan using sbtest5_pkey on sbtest5  (cost=0.43..8.45 rows=1 width=490)
	        Index Cond: (id = 7946668)

table 6 : explain UPDATE sbtest6 SET c='foobar' WHERE id=1608485
	Update on sbtest6  (cost=0.43..8.45 rows=0 width=0)
	  ->  Index Scan using sbtest6_pkey on sbtest6  (cost=0.43..8.45 rows=1 width=490)
	        Index Cond: (id = 1608485)

table 7 : explain UPDATE sbtest7 SET c='foobar' WHERE id=3586434
	Update on sbtest7  (cost=0.43..8.45 rows=0 width=0)
	  ->  Index Scan using sbtest7_pkey on sbtest7  (cost=0.43..8.45 rows=1 width=490)
	        Index Cond: (id = 3586434)

table 8 : explain UPDATE sbtest8 SET c='foobar' WHERE id=7864895
	Update on sbtest8  (cost=0.43..8.45 rows=0 width=0)
	  ->  Index Scan using sbtest8_pkey on sbtest8  (cost=0.43..8.45 rows=1 width=490)
	        Index Cond: (id = 7864895)

for index_updates
table 1 : explain UPDATE sbtest1 SET k=k+1 WHERE id=3170546
	Update on sbtest1  (cost=0.43..8.46 rows=0 width=0)
	  ->  Index Scan using sbtest1_pkey on sbtest1  (cost=0.43..8.46 rows=1 width=10)
	        Index Cond: (id = 3170546)

table 2 : explain UPDATE sbtest2 SET k=k+1 WHERE id=6738042
	Update on sbtest2  (cost=0.43..8.46 rows=0 width=0)
	  ->  Index Scan using sbtest2_pkey on sbtest2  (cost=0.43..8.46 rows=1 width=10)
	        Index Cond: (id = 6738042)

table 3 : explain UPDATE sbtest3 SET k=k+1 WHERE id=796022
	Update on sbtest3  (cost=0.43..8.46 rows=0 width=0)
	  ->  Index Scan using sbtest3_pkey on sbtest3  (cost=0.43..8.46 rows=1 width=10)
	        Index Cond: (id = 796022)

table 4 : explain UPDATE sbtest4 SET k=k+1 WHERE id=9227048
	Update on sbtest4  (cost=0.43..8.46 rows=0 width=0)
	  ->  Index Scan using sbtest4_pkey on sbtest4  (cost=0.43..8.46 rows=1 width=10)
	        Index Cond: (id = 9227048)

table 5 : explain UPDATE sbtest5 SET k=k+1 WHERE id=8641290
	Update on sbtest5  (cost=0.43..8.46 rows=0 width=0)
	  ->  Index Scan using sbtest5_pkey on sbtest5  (cost=0.43..8.46 rows=1 width=10)
	        Index Cond: (id = 8641290)

table 6 : explain UPDATE sbtest6 SET k=k+1 WHERE id=3218364
	Update on sbtest6  (cost=0.43..8.46 rows=0 width=0)
	  ->  Index Scan using sbtest6_pkey on sbtest6  (cost=0.43..8.46 rows=1 width=10)
	        Index Cond: (id = 3218364)

table 7 : explain UPDATE sbtest7 SET k=k+1 WHERE id=2613484
	Update on sbtest7  (cost=0.43..8.46 rows=0 width=0)
	  ->  Index Scan using sbtest7_pkey on sbtest7  (cost=0.43..8.46 rows=1 width=10)
	        Index Cond: (id = 2613484)

table 8 : explain UPDATE sbtest8 SET k=k+1 WHERE id=1943918
	Update on sbtest8  (cost=0.43..8.46 rows=0 width=0)
	  ->  Index Scan using sbtest8_pkey on sbtest8  (cost=0.43..8.46 rows=1 width=10)
	        Index Cond: (id = 1943918)

for: sum_ranges
table 1 : explain SELECT SUM(k) FROM sbtest1 WHERE id BETWEEN 6879235 AND 6879244
	Aggregate  (cost=39.62..39.63 rows=1 width=8)
	  ->  Index Scan using sbtest1_pkey on sbtest1  (cost=0.43..39.59 rows=10 width=4)
	        Index Cond: ((id >= 6879235) AND (id <= 6879244))

table 2 : explain SELECT SUM(k) FROM sbtest2 WHERE id BETWEEN 7903237 AND 7903246
	Aggregate  (cost=39.50..39.51 rows=1 width=8)
	  ->  Index Scan using sbtest2_pkey on sbtest2  (cost=0.43..39.48 rows=10 width=4)
	        Index Cond: ((id >= 7903237) AND (id <= 7903246))

table 3 : explain SELECT SUM(k) FROM sbtest3 WHERE id BETWEEN 5373432 AND 5373441
	Aggregate  (cost=39.23..39.24 rows=1 width=8)
	  ->  Index Scan using sbtest3_pkey on sbtest3  (cost=0.43..39.21 rows=10 width=4)
	        Index Cond: ((id >= 5373432) AND (id <= 5373441))

table 4 : explain SELECT SUM(k) FROM sbtest4 WHERE id BETWEEN 8118761 AND 8118770
	Aggregate  (cost=39.38..39.39 rows=1 width=8)
	  ->  Index Scan using sbtest4_pkey on sbtest4  (cost=0.43..39.35 rows=10 width=4)
	        Index Cond: ((id >= 8118761) AND (id <= 8118770))

table 5 : explain SELECT SUM(k) FROM sbtest5 WHERE id BETWEEN 1739424 AND 1739433
	Aggregate  (cost=39.53..39.54 rows=1 width=8)
	  ->  Index Scan using sbtest5_pkey on sbtest5  (cost=0.43..39.51 rows=10 width=4)
	        Index Cond: ((id >= 1739424) AND (id <= 1739433))

table 6 : explain SELECT SUM(k) FROM sbtest6 WHERE id BETWEEN 7280586 AND 7280595
	Aggregate  (cost=39.40..39.41 rows=1 width=8)
	  ->  Index Scan using sbtest6_pkey on sbtest6  (cost=0.43..39.37 rows=10 width=4)
	        Index Cond: ((id >= 7280586) AND (id <= 7280595))

table 7 : explain SELECT SUM(k) FROM sbtest7 WHERE id BETWEEN 1814249 AND 1814258
	Aggregate  (cost=42.78..42.79 rows=1 width=8)
	  ->  Index Scan using sbtest7_pkey on sbtest7  (cost=0.43..42.76 rows=11 width=4)
	        Index Cond: ((id >= 1814249) AND (id <= 1814258))

table 8 : explain SELECT SUM(k) FROM sbtest8 WHERE id BETWEEN 1225279 AND 1225288
	Aggregate  (cost=35.72..35.73 rows=1 width=8)
	  ->  Index Scan using sbtest8_pkey on sbtest8  (cost=0.43..35.70 rows=9 width=4)
	        Index Cond: ((id >= 1225279) AND (id <= 1225288))

explain: for non_index_updates :: explain UPDATE sbtest%u SET c='foobar' WHERE id=%u
for deletes
table 1 : explain DELETE FROM sbtest1 WHERE id=661183
	Delete on sbtest1  (cost=0.43..8.45 rows=0 width=0)
	  ->  Index Scan using sbtest1_pkey on sbtest1  (cost=0.43..8.45 rows=1 width=6)
	        Index Cond: (id = 661183)

table 2 : explain DELETE FROM sbtest2 WHERE id=8269852
	Delete on sbtest2  (cost=0.43..8.45 rows=0 width=0)
	  ->  Index Scan using sbtest2_pkey on sbtest2  (cost=0.43..8.45 rows=1 width=6)
	        Index Cond: (id = 8269852)

table 3 : explain DELETE FROM sbtest3 WHERE id=8145595
	Delete on sbtest3  (cost=0.43..8.45 rows=0 width=0)
	  ->  Index Scan using sbtest3_pkey on sbtest3  (cost=0.43..8.45 rows=1 width=6)
	        Index Cond: (id = 8145595)

table 4 : explain DELETE FROM sbtest4 WHERE id=922393
	Delete on sbtest4  (cost=0.43..8.45 rows=0 width=0)
	  ->  Index Scan using sbtest4_pkey on sbtest4  (cost=0.43..8.45 rows=1 width=6)
	        Index Cond: (id = 922393)

table 5 : explain DELETE FROM sbtest5 WHERE id=448231
	Delete on sbtest5  (cost=0.43..8.45 rows=0 width=0)
	  ->  Index Scan using sbtest5_pkey on sbtest5  (cost=0.43..8.45 rows=1 width=6)
	        Index Cond: (id = 448231)

table 6 : explain DELETE FROM sbtest6 WHERE id=7101249
	Delete on sbtest6  (cost=0.43..8.45 rows=0 width=0)
	  ->  Index Scan using sbtest6_pkey on sbtest6  (cost=0.43..8.45 rows=1 width=6)
	        Index Cond: (id = 7101249)

table 7 : explain DELETE FROM sbtest7 WHERE id=147779
	Delete on sbtest7  (cost=0.43..8.45 rows=0 width=0)
	  ->  Index Scan using sbtest7_pkey on sbtest7  (cost=0.43..8.45 rows=1 width=6)
	        Index Cond: (id = 147779)

table 8 : explain DELETE FROM sbtest8 WHERE id=1603895
	Delete on sbtest8  (cost=0.43..8.45 rows=0 width=0)
	  ->  Index Scan using sbtest8_pkey on sbtest8  (cost=0.43..8.45 rows=1 width=6)
	        Index Cond: (id = 1603895)

explain: for deletes :: explain DELETE FROM sbtest%u WHERE id=%u
for non_index_updates
table 1 : explain UPDATE sbtest1 SET c='foobar' WHERE id=9756200
	Update on sbtest1  (cost=0.43..8.45 rows=0 width=0)
	  ->  Index Scan using sbtest1_pkey on sbtest1  (cost=0.43..8.45 rows=1 width=490)
	        Index Cond: (id = 9756200)

table 2 : explain UPDATE sbtest2 SET c='foobar' WHERE id=1754014
	Update on sbtest2  (cost=0.43..8.45 rows=0 width=0)
	  ->  Index Scan using sbtest2_pkey on sbtest2  (cost=0.43..8.45 rows=1 width=490)
	        Index Cond: (id = 1754014)

table 3 : explain UPDATE sbtest3 SET c='foobar' WHERE id=6204939
	Update on sbtest3  (cost=0.43..8.45 rows=0 width=0)
	  ->  Index Scan using sbtest3_pkey on sbtest3  (cost=0.43..8.45 rows=1 width=490)
	        Index Cond: (id = 6204939)

table 4 : explain UPDATE sbtest4 SET c='foobar' WHERE id=1231604
	Update on sbtest4  (cost=0.43..8.45 rows=0 width=0)
	  ->  Index Scan using sbtest4_pkey on sbtest4  (cost=0.43..8.45 rows=1 width=490)
	        Index Cond: (id = 1231604)

table 5 : explain UPDATE sbtest5 SET c='foobar' WHERE id=3674548
	Update on sbtest5  (cost=0.43..8.45 rows=0 width=0)
	  ->  Index Scan using sbtest5_pkey on sbtest5  (cost=0.43..8.45 rows=1 width=490)
	        Index Cond: (id = 3674548)

table 6 : explain UPDATE sbtest6 SET c='foobar' WHERE id=8031504
	Update on sbtest6  (cost=0.43..8.45 rows=0 width=0)
	  ->  Index Scan using sbtest6_pkey on sbtest6  (cost=0.43..8.45 rows=1 width=490)
	        Index Cond: (id = 8031504)

table 7 : explain UPDATE sbtest7 SET c='foobar' WHERE id=7849126
	Update on sbtest7  (cost=0.43..8.45 rows=0 width=0)
	  ->  Index Scan using sbtest7_pkey on sbtest7  (cost=0.43..8.45 rows=1 width=490)
	        Index Cond: (id = 7849126)

table 8 : explain UPDATE sbtest8 SET c='foobar' WHERE id=4409897
	Update on sbtest8  (cost=0.43..8.45 rows=0 width=0)
	  ->  Index Scan using sbtest8_pkey on sbtest8  (cost=0.43..8.45 rows=1 width=490)
	        Index Cond: (id = 4409897)

for: distinct_ranges
table 1 : explain SELECT DISTINCT c FROM sbtest1 WHERE id BETWEEN 6158385 AND 6158394 ORDER BY c
	Unique  (cost=39.76..39.81 rows=10 width=121)
	  ->  Sort  (cost=39.76..39.78 rows=10 width=121)
	        Sort Key: c
	        ->  Index Scan using sbtest1_pkey on sbtest1  (cost=0.43..39.59 rows=10 width=121)
	              Index Cond: ((id >= 6158385) AND (id <= 6158394))

table 2 : explain SELECT DISTINCT c FROM sbtest2 WHERE id BETWEEN 4820686 AND 4820695 ORDER BY c
	Unique  (cost=36.17..36.22 rows=9 width=121)
	  ->  Sort  (cost=36.17..36.19 rows=9 width=121)
	        Sort Key: c
	        ->  Index Scan using sbtest2_pkey on sbtest2  (cost=0.43..36.03 rows=9 width=121)
	              Index Cond: ((id >= 4820686) AND (id <= 4820695))

table 3 : explain SELECT DISTINCT c FROM sbtest3 WHERE id BETWEEN 7277188 AND 7277197 ORDER BY c
	Unique  (cost=42.81..42.87 rows=11 width=121)
	  ->  Sort  (cost=42.81..42.84 rows=11 width=121)
	        Sort Key: c
	        ->  Index Scan using sbtest3_pkey on sbtest3  (cost=0.43..42.62 rows=11 width=121)
	              Index Cond: ((id >= 7277188) AND (id <= 7277197))

table 4 : explain SELECT DISTINCT c FROM sbtest4 WHERE id BETWEEN 6102566 AND 6102575 ORDER BY c
	Unique  (cost=42.98..43.03 rows=11 width=121)
	  ->  Sort  (cost=42.98..43.00 rows=11 width=121)
	        Sort Key: c
	        ->  Index Scan using sbtest4_pkey on sbtest4  (cost=0.43..42.79 rows=11 width=121)
	              Index Cond: ((id >= 6102566) AND (id <= 6102575))

table 5 : explain SELECT DISTINCT c FROM sbtest5 WHERE id BETWEEN 4536175 AND 4536184 ORDER BY c
	Unique  (cost=39.68..39.73 rows=10 width=121)
	  ->  Sort  (cost=39.68..39.70 rows=10 width=121)
	        Sort Key: c
	        ->  Index Scan using sbtest5_pkey on sbtest5  (cost=0.43..39.51 rows=10 width=121)
	              Index Cond: ((id >= 4536175) AND (id <= 4536184))

table 6 : explain SELECT DISTINCT c FROM sbtest6 WHERE id BETWEEN 6106905 AND 6106914 ORDER BY c
	Unique  (cost=39.54..39.59 rows=10 width=121)
	  ->  Sort  (cost=39.54..39.57 rows=10 width=121)
	        Sort Key: c
	        ->  Index Scan using sbtest6_pkey on sbtest6  (cost=0.43..39.37 rows=10 width=121)
	              Index Cond: ((id >= 6106905) AND (id <= 6106914))

table 7 : explain SELECT DISTINCT c FROM sbtest7 WHERE id BETWEEN 1698827 AND 1698836 ORDER BY c
	Unique  (cost=39.49..39.54 rows=10 width=121)
	  ->  Sort  (cost=39.49..39.52 rows=10 width=121)
	        Sort Key: c
	        ->  Index Scan using sbtest7_pkey on sbtest7  (cost=0.43..39.33 rows=10 width=121)
	              Index Cond: ((id >= 1698827) AND (id <= 1698836))

table 8 : explain SELECT DISTINCT c FROM sbtest8 WHERE id BETWEEN 3658196 AND 3658205 ORDER BY c
	Unique  (cost=39.27..39.32 rows=10 width=121)
	  ->  Sort  (cost=39.27..39.30 rows=10 width=121)
	        Sort Key: c
	        ->  Index Scan using sbtest8_pkey on sbtest8  (cost=0.43..39.11 rows=10 width=121)
	              Index Cond: ((id >= 3658196) AND (id <= 3658205))

explain: for point_selects :: explain SELECT c FROM sbtest%u WHERE id=%u
for: sum_ranges
table 1 : explain SELECT SUM(k) FROM sbtest1 WHERE id BETWEEN 5033206 AND 5033215
	Aggregate  (cost=39.62..39.63 rows=1 width=8)
	  ->  Index Scan using sbtest1_pkey on sbtest1  (cost=0.43..39.59 rows=10 width=4)
	        Index Cond: ((id >= 5033206) AND (id <= 5033215))

table 2 : explain SELECT SUM(k) FROM sbtest2 WHERE id BETWEEN 855531 AND 855540
	Aggregate  (cost=36.05..36.06 rows=1 width=8)
	  ->  Index Scan using sbtest2_pkey on sbtest2  (cost=0.43..36.03 rows=9 width=4)
	        Index Cond: ((id >= 855531) AND (id <= 855540))

table 3 : explain SELECT SUM(k) FROM sbtest3 WHERE id BETWEEN 1218026 AND 1218035
	Aggregate  (cost=39.23..39.24 rows=1 width=8)
	  ->  Index Scan using sbtest3_pkey on sbtest3  (cost=0.43..39.21 rows=10 width=4)
	        Index Cond: ((id >= 1218026) AND (id <= 1218035))

table 4 : explain SELECT SUM(k) FROM sbtest4 WHERE id BETWEEN 1200740 AND 1200749
	Aggregate  (cost=35.94..35.95 rows=1 width=8)
	  ->  Index Scan using sbtest4_pkey on sbtest4  (cost=0.43..35.92 rows=9 width=4)
	        Index Cond: ((id >= 1200740) AND (id <= 1200749))

table 5 : explain SELECT SUM(k) FROM sbtest5 WHERE id BETWEEN 3384466 AND 3384475
	Aggregate  (cost=39.53..39.54 rows=1 width=8)
	  ->  Index Scan using sbtest5_pkey on sbtest5  (cost=0.43..39.51 rows=10 width=4)
	        Index Cond: ((id >= 3384466) AND (id <= 3384475))

table 6 : explain SELECT SUM(k) FROM sbtest6 WHERE id BETWEEN 8279680 AND 8279689
	Aggregate  (cost=42.84..42.85 rows=1 width=8)
	  ->  Index Scan using sbtest6_pkey on sbtest6  (cost=0.43..42.81 rows=11 width=4)
	        Index Cond: ((id >= 8279680) AND (id <= 8279689))

table 7 : explain SELECT SUM(k) FROM sbtest7 WHERE id BETWEEN 4311143 AND 4311152
	Aggregate  (cost=39.35..39.36 rows=1 width=8)
	  ->  Index Scan using sbtest7_pkey on sbtest7  (cost=0.43..39.33 rows=10 width=4)
	        Index Cond: ((id >= 4311143) AND (id <= 4311152))

table 8 : explain SELECT SUM(k) FROM sbtest8 WHERE id BETWEEN 345041 AND 345050
	Aggregate  (cost=42.54..42.55 rows=1 width=8)
	  ->  Index Scan using sbtest8_pkey on sbtest8  (cost=0.43..42.51 rows=11 width=4)
	        Index Cond: ((id >= 345041) AND (id <= 345050))

explain: for non_index_updates :: explain UPDATE sbtest%u SET c='foobar' WHERE id=%u
explain: for point_selects :: explain SELECT c FROM sbtest%u WHERE id=%u
explain: for point_selects :: explain SELECT c FROM sbtest%u WHERE id=%u
explain: for deletes :: explain DELETE FROM sbtest%u WHERE id=%u
explain: for point_selects :: explain SELECT c FROM sbtest%u WHERE id=%u
explain: for point_selects :: explain SELECT c FROM sbtest%u WHERE id=%u
for deletes
table 1 : explain DELETE FROM sbtest1 WHERE id=3707663
	Delete on sbtest1  (cost=0.43..8.45 rows=0 width=0)
	  ->  Index Scan using sbtest1_pkey on sbtest1  (cost=0.43..8.45 rows=1 width=6)
	        Index Cond: (id = 3707663)

table 2 : explain DELETE FROM sbtest2 WHERE id=1606070
	Delete on sbtest2  (cost=0.43..8.45 rows=0 width=0)
	  ->  Index Scan using sbtest2_pkey on sbtest2  (cost=0.43..8.45 rows=1 width=6)
	        Index Cond: (id = 1606070)

table 3 : explain DELETE FROM sbtest3 WHERE id=1576202
	Delete on sbtest3  (cost=0.43..8.45 rows=0 width=0)
	  ->  Index Scan using sbtest3_pkey on sbtest3  (cost=0.43..8.45 rows=1 width=6)
	        Index Cond: (id = 1576202)

table 4 : explain DELETE FROM sbtest4 WHERE id=2925647
	Delete on sbtest4  (cost=0.43..8.45 rows=0 width=0)
	  ->  Index Scan using sbtest4_pkey on sbtest4  (cost=0.43..8.45 rows=1 width=6)
	        Index Cond: (id = 2925647)

table 5 : explain DELETE FROM sbtest5 WHERE id=4858311
	Delete on sbtest5  (cost=0.43..8.45 rows=0 width=0)
	  ->  Index Scan using sbtest5_pkey on sbtest5  (cost=0.43..8.45 rows=1 width=6)
	        Index Cond: (id = 4858311)

table 6 : explain DELETE FROM sbtest6 WHERE id=5205042
	Delete on sbtest6  (cost=0.43..8.45 rows=0 width=0)
	  ->  Index Scan using sbtest6_pkey on sbtest6  (cost=0.43..8.45 rows=1 width=6)
	        Index Cond: (id = 5205042)

table 7 : explain DELETE FROM sbtest7 WHERE id=2279128
	Delete on sbtest7  (cost=0.43..8.45 rows=0 width=0)
	  ->  Index Scan using sbtest7_pkey on sbtest7  (cost=0.43..8.45 rows=1 width=6)
	        Index Cond: (id = 2279128)

table 8 : explain DELETE FROM sbtest8 WHERE id=625582
	Delete on sbtest8  (cost=0.43..8.45 rows=0 width=0)
	  ->  Index Scan using sbtest8_pkey on sbtest8  (cost=0.43..8.45 rows=1 width=6)
	        Index Cond: (id = 625582)

for: order_ranges
table 1 : explain SELECT c FROM sbtest1 WHERE id BETWEEN 6602535 AND 6602544 ORDER BY c
	Sort  (cost=39.76..39.78 rows=10 width=121)
	  Sort Key: c
	  ->  Index Scan using sbtest1_pkey on sbtest1  (cost=0.43..39.59 rows=10 width=121)
	        Index Cond: ((id >= 6602535) AND (id <= 6602544))

table 2 : explain SELECT c FROM sbtest2 WHERE id BETWEEN 7848726 AND 7848735 ORDER BY c
	Sort  (cost=39.64..39.67 rows=10 width=121)
	  Sort Key: c
	  ->  Index Scan using sbtest2_pkey on sbtest2  (cost=0.43..39.48 rows=10 width=121)
	        Index Cond: ((id >= 7848726) AND (id <= 7848735))

table 3 : explain SELECT c FROM sbtest3 WHERE id BETWEEN 7975110 AND 7975119 ORDER BY c
	Sort  (cost=39.37..39.40 rows=10 width=121)
	  Sort Key: c
	  ->  Index Scan using sbtest3_pkey on sbtest3  (cost=0.43..39.21 rows=10 width=121)
	        Index Cond: ((id >= 7975110) AND (id <= 7975119))

table 4 : explain SELECT c FROM sbtest4 WHERE id BETWEEN 546567 AND 546576 ORDER BY c
	Sort  (cost=39.52..39.54 rows=10 width=121)
	  Sort Key: c
	  ->  Index Scan using sbtest4_pkey on sbtest4  (cost=0.43..39.35 rows=10 width=121)
	        Index Cond: ((id >= 546567) AND (id <= 546576))

table 5 : explain SELECT c FROM sbtest5 WHERE id BETWEEN 4835310 AND 4835319 ORDER BY c
	Sort  (cost=39.68..39.70 rows=10 width=121)
	  Sort Key: c
	  ->  Index Scan using sbtest5_pkey on sbtest5  (cost=0.43..39.51 rows=10 width=121)
	        Index Cond: ((id >= 4835310) AND (id <= 4835319))

table 6 : explain SELECT c FROM sbtest6 WHERE id BETWEEN 4226900 AND 4226909 ORDER BY c
	Sort  (cost=43.00..43.03 rows=11 width=121)
	  Sort Key: c
	  ->  Index Scan using sbtest6_pkey on sbtest6  (cost=0.43..42.81 rows=11 width=121)
	        Index Cond: ((id >= 4226900) AND (id <= 4226909))

table 7 : explain SELECT c FROM sbtest7 WHERE id BETWEEN 4995012 AND 4995021 ORDER BY c
	Sort  (cost=39.49..39.52 rows=10 width=121)
	  Sort Key: c
	  ->  Index Scan using sbtest7_pkey on sbtest7  (cost=0.43..39.33 rows=10 width=121)
	        Index Cond: ((id >= 4995012) AND (id <= 4995021))

table 8 : explain SELECT c FROM sbtest8 WHERE id BETWEEN 8001072 AND 8001081 ORDER BY c
	Sort  (cost=35.84..35.87 rows=9 width=121)
	  Sort Key: c
	  ->  Index Scan using sbtest8_pkey on sbtest8  (cost=0.43..35.70 rows=9 width=121)
	        Index Cond: ((id >= 8001072) AND (id <= 8001081))
for non_index_updates
table 1 : explain UPDATE sbtest1 SET c='foobar' WHERE id=7016848
	Update on sbtest1  (cost=0.43..8.45 rows=0 width=0)
	  ->  Index Scan using sbtest1_pkey on sbtest1  (cost=0.43..8.45 rows=1 width=490)
	        Index Cond: (id = 7016848)

table 2 : explain UPDATE sbtest2 SET c='foobar' WHERE id=3675816
	Update on sbtest2  (cost=0.43..8.45 rows=0 width=0)
	  ->  Index Scan using sbtest2_pkey on sbtest2  (cost=0.43..8.45 rows=1 width=490)
	        Index Cond: (id = 3675816)

table 3 : explain UPDATE sbtest3 SET c='foobar' WHERE id=907712
	Update on sbtest3  (cost=0.43..8.45 rows=0 width=0)
	  ->  Index Scan using sbtest3_pkey on sbtest3  (cost=0.43..8.45 rows=1 width=490)
	        Index Cond: (id = 907712)

table 4 : explain UPDATE sbtest4 SET c='foobar' WHERE id=511276
	Update on sbtest4  (cost=0.43..8.45 rows=0 width=0)
	  ->  Index Scan using sbtest4_pkey on sbtest4  (cost=0.43..8.45 rows=1 width=490)
	        Index Cond: (id = 511276)

table 5 : explain UPDATE sbtest5 SET c='foobar' WHERE id=2457616
	Update on sbtest5  (cost=0.43..8.45 rows=0 width=0)
	  ->  Index Scan using sbtest5_pkey on sbtest5  (cost=0.43..8.45 rows=1 width=490)
	        Index Cond: (id = 2457616)

table 6 : explain UPDATE sbtest6 SET c='foobar' WHERE id=5995429
	Update on sbtest6  (cost=0.43..8.45 rows=0 width=0)
	  ->  Index Scan using sbtest6_pkey on sbtest6  (cost=0.43..8.45 rows=1 width=490)
	        Index Cond: (id = 5995429)

table 7 : explain UPDATE sbtest7 SET c='foobar' WHERE id=9844718
	Update on sbtest7  (cost=0.43..8.45 rows=0 width=0)
	  ->  Index Scan using sbtest7_pkey on sbtest7  (cost=0.43..8.45 rows=1 width=490)
	        Index Cond: (id = 9844718)

table 8 : explain UPDATE sbtest8 SET c='foobar' WHERE id=2892221
	Update on sbtest8  (cost=0.43..8.45 rows=0 width=0)
	  ->  Index Scan using sbtest8_pkey on sbtest8  (cost=0.43..8.45 rows=1 width=490)
	        Index Cond: (id = 2892221)


explain: for inserts :: explain INSERT INTO sbtest%u (id, k, c, pad) VALUES (%u, 13, 'foobar', 'foobar')
explain: for index_updates :: explain UPDATE sbtest%u SET k=k+1 WHERE id=%u
explain: for deletes :: explain DELETE FROM sbtest%u WHERE id=%u
for: order_ranges
table 1 : explain SELECT c FROM sbtest1 WHERE id BETWEEN 9489669 AND 9489678 ORDER BY c
	Sort  (cost=39.76..39.78 rows=10 width=121)
	  Sort Key: c
	  ->  Index Scan using sbtest1_pkey on sbtest1  (cost=0.43..39.59 rows=10 width=121)
	        Index Cond: ((id >= 9489669) AND (id <= 9489678))

table 2 : explain SELECT c FROM sbtest2 WHERE id BETWEEN 1497709 AND 1497718 ORDER BY c
	Sort  (cost=39.64..39.67 rows=10 width=121)
	  Sort Key: c
	  ->  Index Scan using sbtest2_pkey on sbtest2  (cost=0.43..39.48 rows=10 width=121)
	        Index Cond: ((id >= 1497709) AND (id <= 1497718))

table 3 : explain SELECT c FROM sbtest3 WHERE id BETWEEN 2694767 AND 2694776 ORDER BY c
	Sort  (cost=39.37..39.40 rows=10 width=121)
	  Sort Key: c
	  ->  Index Scan using sbtest3_pkey on sbtest3  (cost=0.43..39.21 rows=10 width=121)
	        Index Cond: ((id >= 2694767) AND (id <= 2694776))

table 4 : explain SELECT c FROM sbtest4 WHERE id BETWEEN 1684382 AND 1684391 ORDER BY c
	Sort  (cost=39.52..39.54 rows=10 width=121)
	  Sort Key: c
	  ->  Index Scan using sbtest4_pkey on sbtest4  (cost=0.43..39.35 rows=10 width=121)
	        Index Cond: ((id >= 1684382) AND (id <= 1684391))

table 5 : explain SELECT c FROM sbtest5 WHERE id BETWEEN 7433369 AND 7433378 ORDER BY c
	Sort  (cost=39.68..39.70 rows=10 width=121)
	  Sort Key: c
	  ->  Index Scan using sbtest5_pkey on sbtest5  (cost=0.43..39.51 rows=10 width=121)
	        Index Cond: ((id >= 7433369) AND (id <= 7433378))

table 6 : explain SELECT c FROM sbtest6 WHERE id BETWEEN 7165755 AND 7165764 ORDER BY c
	Sort  (cost=43.00..43.03 rows=11 width=121)
	  Sort Key: c
	  ->  Index Scan using sbtest6_pkey on sbtest6  (cost=0.43..42.81 rows=11 width=121)
	        Index Cond: ((id >= 7165755) AND (id <= 7165764))

table 7 : explain SELECT c FROM sbtest7 WHERE id BETWEEN 5279400 AND 5279409 ORDER BY c
	Sort  (cost=42.95..42.97 rows=11 width=121)
	  Sort Key: c
	  ->  Index Scan using sbtest7_pkey on sbtest7  (cost=0.43..42.76 rows=11 width=121)
	        Index Cond: ((id >= 5279400) AND (id <= 5279409))

table 8 : explain SELECT c FROM sbtest8 WHERE id BETWEEN 8061204 AND 8061213 ORDER BY c
	Sort  (cost=39.27..39.30 rows=10 width=121)
	  Sort Key: c
	  ->  Index Scan using sbtest8_pkey on sbtest8  (cost=0.43..39.11 rows=10 width=121)
	        Index Cond: ((id >= 8061204) AND (id <= 8061213))

for non_index_updates
table 1 : explain UPDATE sbtest1 SET c='foobar' WHERE id=5185657
	Update on sbtest1  (cost=0.43..8.45 rows=0 width=0)
	  ->  Index Scan using sbtest1_pkey on sbtest1  (cost=0.43..8.45 rows=1 width=490)
	        Index Cond: (id = 5185657)

table 2 : explain UPDATE sbtest2 SET c='foobar' WHERE id=7859182
	Update on sbtest2  (cost=0.43..8.45 rows=0 width=0)
	  ->  Index Scan using sbtest2_pkey on sbtest2  (cost=0.43..8.45 rows=1 width=490)
	        Index Cond: (id = 7859182)

table 3 : explain UPDATE sbtest3 SET c='foobar' WHERE id=3927748
	Update on sbtest3  (cost=0.43..8.45 rows=0 width=0)
	  ->  Index Scan using sbtest3_pkey on sbtest3  (cost=0.43..8.45 rows=1 width=490)
	        Index Cond: (id = 3927748)

table 4 : explain UPDATE sbtest4 SET c='foobar' WHERE id=5125391
	Update on sbtest4  (cost=0.43..8.45 rows=0 width=0)
	  ->  Index Scan using sbtest4_pkey on sbtest4  (cost=0.43..8.45 rows=1 width=490)
	        Index Cond: (id = 5125391)

table 5 : explain UPDATE sbtest5 SET c='foobar' WHERE id=5136159
	Update on sbtest5  (cost=0.43..8.45 rows=0 width=0)
	  ->  Index Scan using sbtest5_pkey on sbtest5  (cost=0.43..8.45 rows=1 width=490)
	        Index Cond: (id = 5136159)

table 6 : explain UPDATE sbtest6 SET c='foobar' WHERE id=7132046
	Update on sbtest6  (cost=0.43..8.45 rows=0 width=0)
	  ->  Index Scan using sbtest6_pkey on sbtest6  (cost=0.43..8.45 rows=1 width=490)
	        Index Cond: (id = 7132046)

table 7 : explain UPDATE sbtest7 SET c='foobar' WHERE id=3321629
	Update on sbtest7  (cost=0.43..8.45 rows=0 width=0)
	  ->  Index Scan using sbtest7_pkey on sbtest7  (cost=0.43..8.45 rows=1 width=490)
	        Index Cond: (id = 3321629)

table 8 : explain UPDATE sbtest8 SET c='foobar' WHERE id=1049129
	Update on sbtest8  (cost=0.43..8.45 rows=0 width=0)
	  ->  Index Scan using sbtest8_pkey on sbtest8  (cost=0.43..8.45 rows=1 width=490)
	        Index Cond: (id = 1049129)

for deletes
table 1 : explain DELETE FROM sbtest1 WHERE id=8024125
	Delete on sbtest1  (cost=0.43..8.45 rows=0 width=0)
	  ->  Index Scan using sbtest1_pkey on sbtest1  (cost=0.43..8.45 rows=1 width=6)
	        Index Cond: (id = 8024125)

table 2 : explain DELETE FROM sbtest2 WHERE id=906060
	Delete on sbtest2  (cost=0.43..8.45 rows=0 width=0)
	  ->  Index Scan using sbtest2_pkey on sbtest2  (cost=0.43..8.45 rows=1 width=6)
	        Index Cond: (id = 906060)

table 3 : explain DELETE FROM sbtest3 WHERE id=5628477
	Delete on sbtest3  (cost=0.43..8.45 rows=0 width=0)
	  ->  Index Scan using sbtest3_pkey on sbtest3  (cost=0.43..8.45 rows=1 width=6)
	        Index Cond: (id = 5628477)

table 4 : explain DELETE FROM sbtest4 WHERE id=1212693
	Delete on sbtest4  (cost=0.43..8.45 rows=0 width=0)
	  ->  Index Scan using sbtest4_pkey on sbtest4  (cost=0.43..8.45 rows=1 width=6)
	        Index Cond: (id = 1212693)

table 5 : explain DELETE FROM sbtest5 WHERE id=6975155
	Delete on sbtest5  (cost=0.43..8.45 rows=0 width=0)
	  ->  Index Scan using sbtest5_pkey on sbtest5  (cost=0.43..8.45 rows=1 width=6)
	        Index Cond: (id = 6975155)

table 6 : explain DELETE FROM sbtest6 WHERE id=1739699
	Delete on sbtest6  (cost=0.43..8.45 rows=0 width=0)
	  ->  Index Scan using sbtest6_pkey on sbtest6  (cost=0.43..8.45 rows=1 width=6)
	        Index Cond: (id = 1739699)

table 7 : explain DELETE FROM sbtest7 WHERE id=6746289
	Delete on sbtest7  (cost=0.43..8.45 rows=0 width=0)
	  ->  Index Scan using sbtest7_pkey on sbtest7  (cost=0.43..8.45 rows=1 width=6)
	        Index Cond: (id = 6746289)

table 8 : explain DELETE FROM sbtest8 WHERE id=833796
	Delete on sbtest8  (cost=0.43..8.45 rows=0 width=0)
	  ->  Index Scan using sbtest8_pkey on sbtest8  (cost=0.43..8.45 rows=1 width=6)
	        Index Cond: (id = 833796)

for: sum_ranges
table 1 : explain SELECT SUM(k) FROM sbtest1 WHERE id BETWEEN 2935676 AND 2935685
	Aggregate  (cost=36.16..36.17 rows=1 width=8)
	  ->  Index Scan using sbtest1_pkey on sbtest1  (cost=0.43..36.13 rows=9 width=4)
	        Index Cond: ((id >= 2935676) AND (id <= 2935685))

table 2 : explain SELECT SUM(k) FROM sbtest2 WHERE id BETWEEN 207045 AND 207054
	Aggregate  (cost=46.40..46.41 rows=1 width=8)
	  ->  Index Scan using sbtest2_pkey on sbtest2  (cost=0.43..46.37 rows=12 width=4)
	        Index Cond: ((id >= 207045) AND (id <= 207054))

table 3 : explain SELECT SUM(k) FROM sbtest3 WHERE id BETWEEN 434728 AND 434737
	Aggregate  (cost=39.23..39.24 rows=1 width=8)
	  ->  Index Scan using sbtest3_pkey on sbtest3  (cost=0.43..39.21 rows=10 width=4)
	        Index Cond: ((id >= 434728) AND (id <= 434737))

table 4 : explain SELECT SUM(k) FROM sbtest4 WHERE id BETWEEN 1559701 AND 1559710
	Aggregate  (cost=39.38..39.39 rows=1 width=8)
	  ->  Index Scan using sbtest4_pkey on sbtest4  (cost=0.43..39.35 rows=10 width=4)
	        Index Cond: ((id >= 1559701) AND (id <= 1559710))

table 5 : explain SELECT SUM(k) FROM sbtest5 WHERE id BETWEEN 3545771 AND 3545780
	Aggregate  (cost=39.53..39.54 rows=1 width=8)
	  ->  Index Scan using sbtest5_pkey on sbtest5  (cost=0.43..39.51 rows=10 width=4)
	        Index Cond: ((id >= 3545771) AND (id <= 3545780))

table 6 : explain SELECT SUM(k) FROM sbtest6 WHERE id BETWEEN 36397 AND 36406
	Aggregate  (cost=39.40..39.41 rows=1 width=8)
	  ->  Index Scan using sbtest6_pkey on sbtest6  (cost=0.43..39.37 rows=10 width=4)
	        Index Cond: ((id >= 36397) AND (id <= 36406))

table 7 : explain SELECT SUM(k) FROM sbtest7 WHERE id BETWEEN 5886195 AND 5886204
	Aggregate  (cost=39.35..39.36 rows=1 width=8)
	  ->  Index Scan using sbtest7_pkey on sbtest7  (cost=0.43..39.33 rows=10 width=4)
	        Index Cond: ((id >= 5886195) AND (id <= 5886204))

table 8 : explain SELECT SUM(k) FROM sbtest8 WHERE id BETWEEN 4446944 AND 4446953
	Aggregate  (cost=39.13..39.14 rows=1 width=8)
	  ->  Index Scan using sbtest8_pkey on sbtest8  (cost=0.43..39.11 rows=10 width=4)
	        Index Cond: ((id >= 4446944) AND (id <= 4446953))

for inserts
table 1 : explain INSERT INTO sbtest1 (id, k, c, pad) VALUES (3091082, 13, 'foobar', 'foobar')
	Insert on sbtest1  (cost=0.00..0.01 rows=0 width=0)
	  ->  Result  (cost=0.00..0.01 rows=1 width=736)

table 2 : explain INSERT INTO sbtest2 (id, k, c, pad) VALUES (6287056, 13, 'foobar', 'foobar')
	Insert on sbtest2  (cost=0.00..0.01 rows=0 width=0)
	  ->  Result  (cost=0.00..0.01 rows=1 width=736)

table 3 : explain INSERT INTO sbtest3 (id, k, c, pad) VALUES (676197, 13, 'foobar', 'foobar')
	Insert on sbtest3  (cost=0.00..0.01 rows=0 width=0)
	  ->  Result  (cost=0.00..0.01 rows=1 width=736)

table 4 : explain INSERT INTO sbtest4 (id, k, c, pad) VALUES (5558520, 13, 'foobar', 'foobar')
	Insert on sbtest4  (cost=0.00..0.01 rows=0 width=0)
	  ->  Result  (cost=0.00..0.01 rows=1 width=736)

table 5 : explain INSERT INTO sbtest5 (id, k, c, pad) VALUES (9511272, 13, 'foobar', 'foobar')
	Insert on sbtest5  (cost=0.00..0.01 rows=0 width=0)
	  ->  Result  (cost=0.00..0.01 rows=1 width=736)

table 6 : explain INSERT INTO sbtest6 (id, k, c, pad) VALUES (3190468, 13, 'foobar', 'foobar')
	Insert on sbtest6  (cost=0.00..0.01 rows=0 width=0)
	  ->  Result  (cost=0.00..0.01 rows=1 width=736)

table 7 : explain INSERT INTO sbtest7 (id, k, c, pad) VALUES (2274335, 13, 'foobar', 'foobar')
	Insert on sbtest7  (cost=0.00..0.01 rows=0 width=0)
	  ->  Result  (cost=0.00..0.01 rows=1 width=736)

table 8 : explain INSERT INTO sbtest8 (id, k, c, pad) VALUES (2761202, 13, 'foobar', 'foobar')
	Insert on sbtest8  (cost=0.00..0.01 rows=0 width=0)
	  ->  Result  (cost=0.00..0.01 rows=1 width=736)

explain: for inserts :: explain INSERT INTO sbtest%u (id, k, c, pad) VALUES (%u, 13, 'foobar', 'foobar')
explain: for point_selects :: explain SELECT c FROM sbtest%u WHERE id=%u
explain: for deletes :: explain DELETE FROM sbtest%u WHERE id=%u
for: order_ranges
table 1 : explain SELECT c FROM sbtest1 WHERE id BETWEEN 5102279 AND 5102288 ORDER BY c
	Sort  (cost=39.76..39.78 rows=10 width=121)
	  Sort Key: c
	  ->  Index Scan using sbtest1_pkey on sbtest1  (cost=0.43..39.59 rows=10 width=121)
	        Index Cond: ((id >= 5102279) AND (id <= 5102288))

table 2 : explain SELECT c FROM sbtest2 WHERE id BETWEEN 2986607 AND 2986616 ORDER BY c
	Sort  (cost=43.11..43.14 rows=11 width=121)
	  Sort Key: c
	  ->  Index Scan using sbtest2_pkey on sbtest2  (cost=0.43..42.92 rows=11 width=121)
	        Index Cond: ((id >= 2986607) AND (id <= 2986616))

table 3 : explain SELECT c FROM sbtest3 WHERE id BETWEEN 3214265 AND 3214274 ORDER BY c
	Sort  (cost=35.93..35.95 rows=9 width=121)
	  Sort Key: c
	  ->  Index Scan using sbtest3_pkey on sbtest3  (cost=0.43..35.79 rows=9 width=121)
	        Index Cond: ((id >= 3214265) AND (id <= 3214274))

table 4 : explain SELECT c FROM sbtest4 WHERE id BETWEEN 2636695 AND 2636704 ORDER BY c
	Sort  (cost=42.98..43.00 rows=11 width=121)
	  Sort Key: c
	  ->  Index Scan using sbtest4_pkey on sbtest4  (cost=0.43..42.79 rows=11 width=121)
	        Index Cond: ((id >= 2636695) AND (id <= 2636704))

table 5 : explain SELECT c FROM sbtest5 WHERE id BETWEEN 4690139 AND 4690148 ORDER BY c
	Sort  (cost=39.68..39.70 rows=10 width=121)
	  Sort Key: c
	  ->  Index Scan using sbtest5_pkey on sbtest5  (cost=0.43..39.51 rows=10 width=121)
	        Index Cond: ((id >= 4690139) AND (id <= 4690148))

table 6 : explain SELECT c FROM sbtest6 WHERE id BETWEEN 1280176 AND 1280185 ORDER BY c
	Sort  (cost=43.00..43.03 rows=11 width=121)
	  Sort Key: c
	  ->  Index Scan using sbtest6_pkey on sbtest6  (cost=0.43..42.81 rows=11 width=121)
	        Index Cond: ((id >= 1280176) AND (id <= 1280185))

table 7 : explain SELECT c FROM sbtest7 WHERE id BETWEEN 3367510 AND 3367519 ORDER BY c
	Sort  (cost=36.04..36.06 rows=9 width=121)
	  Sort Key: c
	  ->  Index Scan using sbtest7_pkey on sbtest7  (cost=0.43..35.90 rows=9 width=121)
	        Index Cond: ((id >= 3367510) AND (id <= 3367519))

table 8 : explain SELECT c FROM sbtest8 WHERE id BETWEEN 1196008 AND 1196017 ORDER BY c
	Sort  (cost=39.27..39.30 rows=10 width=121)
	  Sort Key: c
	  ->  Index Scan using sbtest8_pkey on sbtest8  (cost=0.43..39.11 rows=10 width=121)
	        Index Cond: ((id >= 1196008) AND (id <= 1196017))

for deletes
table 1 : explain DELETE FROM sbtest1 WHERE id=7859133
	Delete on sbtest1  (cost=0.43..8.45 rows=0 width=0)
	  ->  Index Scan using sbtest1_pkey on sbtest1  (cost=0.43..8.45 rows=1 width=6)
	        Index Cond: (id = 7859133)

table 2 : explain DELETE FROM sbtest2 WHERE id=5339987
	Delete on sbtest2  (cost=0.43..8.45 rows=0 width=0)
	  ->  Index Scan using sbtest2_pkey on sbtest2  (cost=0.43..8.45 rows=1 width=6)
	        Index Cond: (id = 5339987)

table 3 : explain DELETE FROM sbtest3 WHERE id=1970225
	Delete on sbtest3  (cost=0.43..8.45 rows=0 width=0)
	  ->  Index Scan using sbtest3_pkey on sbtest3  (cost=0.43..8.45 rows=1 width=6)
	        Index Cond: (id = 1970225)

table 4 : explain DELETE FROM sbtest4 WHERE id=9134848
	Delete on sbtest4  (cost=0.43..8.45 rows=0 width=0)
	  ->  Index Scan using sbtest4_pkey on sbtest4  (cost=0.43..8.45 rows=1 width=6)
	        Index Cond: (id = 9134848)

table 5 : explain DELETE FROM sbtest5 WHERE id=7299055
	Delete on sbtest5  (cost=0.43..8.45 rows=0 width=0)
	  ->  Index Scan using sbtest5_pkey on sbtest5  (cost=0.43..8.45 rows=1 width=6)
	        Index Cond: (id = 7299055)

table 6 : explain DELETE FROM sbtest6 WHERE id=867914
	Delete on sbtest6  (cost=0.43..8.45 rows=0 width=0)
	  ->  Index Scan using sbtest6_pkey on sbtest6  (cost=0.43..8.45 rows=1 width=6)
	        Index Cond: (id = 867914)

table 7 : explain DELETE FROM sbtest7 WHERE id=4842111
	Delete on sbtest7  (cost=0.43..8.45 rows=0 width=0)
	  ->  Index Scan using sbtest7_pkey on sbtest7  (cost=0.43..8.45 rows=1 width=6)
	        Index Cond: (id = 4842111)

table 8 : explain DELETE FROM sbtest8 WHERE id=6646867
	Delete on sbtest8  (cost=0.43..8.45 rows=0 width=0)
	  ->  Index Scan using sbtest8_pkey on sbtest8  (cost=0.43..8.45 rows=1 width=6)
	        Index Cond: (id = 6646867)

for index_updates
table 1 : explain UPDATE sbtest1 SET k=k+1 WHERE id=2844001
	Update on sbtest1  (cost=0.43..8.46 rows=0 width=0)
	  ->  Index Scan using sbtest1_pkey on sbtest1  (cost=0.43..8.46 rows=1 width=10)
	        Index Cond: (id = 2844001)

table 2 : explain UPDATE sbtest2 SET k=k+1 WHERE id=3151771
	Update on sbtest2  (cost=0.43..8.46 rows=0 width=0)
	  ->  Index Scan using sbtest2_pkey on sbtest2  (cost=0.43..8.46 rows=1 width=10)
	        Index Cond: (id = 3151771)

table 3 : explain UPDATE sbtest3 SET k=k+1 WHERE id=2087457
	Update on sbtest3  (cost=0.43..8.46 rows=0 width=0)
	  ->  Index Scan using sbtest3_pkey on sbtest3  (cost=0.43..8.46 rows=1 width=10)
	        Index Cond: (id = 2087457)

table 4 : explain UPDATE sbtest4 SET k=k+1 WHERE id=3080094
	Update on sbtest4  (cost=0.43..8.46 rows=0 width=0)
	  ->  Index Scan using sbtest4_pkey on sbtest4  (cost=0.43..8.46 rows=1 width=10)
	        Index Cond: (id = 3080094)

table 5 : explain UPDATE sbtest5 SET k=k+1 WHERE id=6373800
	Update on sbtest5  (cost=0.43..8.46 rows=0 width=0)
	  ->  Index Scan using sbtest5_pkey on sbtest5  (cost=0.43..8.46 rows=1 width=10)
	        Index Cond: (id = 6373800)

table 6 : explain UPDATE sbtest6 SET k=k+1 WHERE id=5298482
	Update on sbtest6  (cost=0.43..8.46 rows=0 width=0)
	  ->  Index Scan using sbtest6_pkey on sbtest6  (cost=0.43..8.46 rows=1 width=10)
	        Index Cond: (id = 5298482)

table 7 : explain UPDATE sbtest7 SET k=k+1 WHERE id=3089886
	Update on sbtest7  (cost=0.43..8.46 rows=0 width=0)
	  ->  Index Scan using sbtest7_pkey on sbtest7  (cost=0.43..8.46 rows=1 width=10)
	        Index Cond: (id = 3089886)

table 8 : explain UPDATE sbtest8 SET k=k+1 WHERE id=1310504
	Update on sbtest8  (cost=0.43..8.46 rows=0 width=0)
	  ->  Index Scan using sbtest8_pkey on sbtest8  (cost=0.43..8.46 rows=1 width=10)
	        Index Cond: (id = 1310504)

explain: for inserts :: explain INSERT INTO sbtest%u (id, k, c, pad) VALUES (%u, 13, 'foobar', 'foobar')
for inserts
table 1 : explain INSERT INTO sbtest1 (id, k, c, pad) VALUES (2332138, 13, 'foobar', 'foobar')
	Insert on sbtest1  (cost=0.00..0.01 rows=0 width=0)
	  ->  Result  (cost=0.00..0.01 rows=1 width=736)

table 2 : explain INSERT INTO sbtest2 (id, k, c, pad) VALUES (6642007, 13, 'foobar', 'foobar')
	Insert on sbtest2  (cost=0.00..0.01 rows=0 width=0)
	  ->  Result  (cost=0.00..0.01 rows=1 width=736)

table 3 : explain INSERT INTO sbtest3 (id, k, c, pad) VALUES (9055, 13, 'foobar', 'foobar')
	Insert on sbtest3  (cost=0.00..0.01 rows=0 width=0)
	  ->  Result  (cost=0.00..0.01 rows=1 width=736)

table 4 : explain INSERT INTO sbtest4 (id, k, c, pad) VALUES (7043381, 13, 'foobar', 'foobar')
	Insert on sbtest4  (cost=0.00..0.01 rows=0 width=0)
	  ->  Result  (cost=0.00..0.01 rows=1 width=736)

table 5 : explain INSERT INTO sbtest5 (id, k, c, pad) VALUES (1337653, 13, 'foobar', 'foobar')
	Insert on sbtest5  (cost=0.00..0.01 rows=0 width=0)
	  ->  Result  (cost=0.00..0.01 rows=1 width=736)

table 6 : explain INSERT INTO sbtest6 (id, k, c, pad) VALUES (3408443, 13, 'foobar', 'foobar')
	Insert on sbtest6  (cost=0.00..0.01 rows=0 width=0)
	  ->  Result  (cost=0.00..0.01 rows=1 width=736)

table 7 : explain INSERT INTO sbtest7 (id, k, c, pad) VALUES (4556075, 13, 'foobar', 'foobar')
	Insert on sbtest7  (cost=0.00..0.01 rows=0 width=0)
	  ->  Result  (cost=0.00..0.01 rows=1 width=736)

table 8 : explain INSERT INTO sbtest8 (id, k, c, pad) VALUES (1995633, 13, 'foobar', 'foobar')
	Insert on sbtest8  (cost=0.00..0.01 rows=0 width=0)
	  ->  Result  (cost=0.00..0.01 rows=1 width=736)

for: order_ranges
table 1 : explain SELECT c FROM sbtest1 WHERE id BETWEEN 201433 AND 201442 ORDER BY c
	Sort  (cost=39.76..39.78 rows=10 width=121)
	  Sort Key: c
	  ->  Index Scan using sbtest1_pkey on sbtest1  (cost=0.43..39.59 rows=10 width=121)
	        Index Cond: ((id >= 201433) AND (id <= 201442))

table 2 : explain SELECT c FROM sbtest2 WHERE id BETWEEN 1372511 AND 1372520 ORDER BY c
	Sort  (cost=43.11..43.14 rows=11 width=121)
	  Sort Key: c
	  ->  Index Scan using sbtest2_pkey on sbtest2  (cost=0.43..42.92 rows=11 width=121)
	        Index Cond: ((id >= 1372511) AND (id <= 1372520))

table 3 : explain SELECT c FROM sbtest3 WHERE id BETWEEN 6468900 AND 6468909 ORDER BY c
	Sort  (cost=35.93..35.95 rows=9 width=121)
	  Sort Key: c
	  ->  Index Scan using sbtest3_pkey on sbtest3  (cost=0.43..35.79 rows=9 width=121)
	        Index Cond: ((id >= 6468900) AND (id <= 6468909))

table 4 : explain SELECT c FROM sbtest4 WHERE id BETWEEN 6129912 AND 6129921 ORDER BY c
	Sort  (cost=39.52..39.54 rows=10 width=121)
	  Sort Key: c
	  ->  Index Scan using sbtest4_pkey on sbtest4  (cost=0.43..39.35 rows=10 width=121)
	        Index Cond: ((id >= 6129912) AND (id <= 6129921))

table 5 : explain SELECT c FROM sbtest5 WHERE id BETWEEN 5349818 AND 5349827 ORDER BY c
	Sort  (cost=36.20..36.22 rows=9 width=121)
	  Sort Key: c
	  ->  Index Scan using sbtest5_pkey on sbtest5  (cost=0.43..36.06 rows=9 width=121)
	        Index Cond: ((id >= 5349818) AND (id <= 5349827))

table 6 : explain SELECT c FROM sbtest6 WHERE id BETWEEN 3286202 AND 3286211 ORDER BY c
	Sort  (cost=39.54..39.57 rows=10 width=121)
	  Sort Key: c
	  ->  Index Scan using sbtest6_pkey on sbtest6  (cost=0.43..39.37 rows=10 width=121)
	        Index Cond: ((id >= 3286202) AND (id <= 3286211))

table 7 : explain SELECT c FROM sbtest7 WHERE id BETWEEN 2534903 AND 2534912 ORDER BY c
	Sort  (cost=36.04..36.06 rows=9 width=121)
	  Sort Key: c
	  ->  Index Scan using sbtest7_pkey on sbtest7  (cost=0.43..35.90 rows=9 width=121)
	        Index Cond: ((id >= 2534903) AND (id <= 2534912))

table 8 : explain SELECT c FROM sbtest8 WHERE id BETWEEN 4901252 AND 4901261 ORDER BY c
	Sort  (cost=39.27..39.30 rows=10 width=121)
	  Sort Key: c
	  ->  Index Scan using sbtest8_pkey on sbtest8  (cost=0.43..39.11 rows=10 width=121)
	        Index Cond: ((id >= 4901252) AND (id <= 4901261))

for deletes
table 1 : explain DELETE FROM sbtest1 WHERE id=7200198
	Delete on sbtest1  (cost=0.43..8.45 rows=0 width=0)
	  ->  Index Scan using sbtest1_pkey on sbtest1  (cost=0.43..8.45 rows=1 width=6)
	        Index Cond: (id = 7200198)

table 2 : explain DELETE FROM sbtest2 WHERE id=5468788
	Delete on sbtest2  (cost=0.43..8.45 rows=0 width=0)
	  ->  Index Scan using sbtest2_pkey on sbtest2  (cost=0.43..8.45 rows=1 width=6)
	        Index Cond: (id = 5468788)

table 3 : explain DELETE FROM sbtest3 WHERE id=8343374
	Delete on sbtest3  (cost=0.43..8.45 rows=0 width=0)
	  ->  Index Scan using sbtest3_pkey on sbtest3  (cost=0.43..8.45 rows=1 width=6)
	        Index Cond: (id = 8343374)

table 4 : explain DELETE FROM sbtest4 WHERE id=7706499
	Delete on sbtest4  (cost=0.43..8.45 rows=0 width=0)
	  ->  Index Scan using sbtest4_pkey on sbtest4  (cost=0.43..8.45 rows=1 width=6)
	        Index Cond: (id = 7706499)

table 5 : explain DELETE FROM sbtest5 WHERE id=110259
	Delete on sbtest5  (cost=0.43..8.45 rows=0 width=0)
	  ->  Index Scan using sbtest5_pkey on sbtest5  (cost=0.43..8.45 rows=1 width=6)
	        Index Cond: (id = 110259)

table 6 : explain DELETE FROM sbtest6 WHERE id=2207821
	Delete on sbtest6  (cost=0.43..8.45 rows=0 width=0)
	  ->  Index Scan using sbtest6_pkey on sbtest6  (cost=0.43..8.45 rows=1 width=6)
	        Index Cond: (id = 2207821)

table 7 : explain DELETE FROM sbtest7 WHERE id=1570600
	Delete on sbtest7  (cost=0.43..8.45 rows=0 width=0)
	  ->  Index Scan using sbtest7_pkey on sbtest7  (cost=0.43..8.45 rows=1 width=6)
	        Index Cond: (id = 1570600)

table 8 : explain DELETE FROM sbtest8 WHERE id=8421962
	Delete on sbtest8  (cost=0.43..8.45 rows=0 width=0)
	  ->  Index Scan using sbtest8_pkey on sbtest8  (cost=0.43..8.45 rows=1 width=6)
	        Index Cond: (id = 8421962)

for: distinct_ranges
table 1 : explain SELECT DISTINCT c FROM sbtest1 WHERE id BETWEEN 6412653 AND 6412662 ORDER BY c
	Unique  (cost=43.24..43.30 rows=11 width=121)
	  ->  Sort  (cost=43.24..43.27 rows=11 width=121)
	        Sort Key: c
	        ->  Index Scan using sbtest1_pkey on sbtest1  (cost=0.43..43.05 rows=11 width=121)
	              Index Cond: ((id >= 6412653) AND (id <= 6412662))

table 2 : explain SELECT DISTINCT c FROM sbtest2 WHERE id BETWEEN 1368069 AND 1368078 ORDER BY c
	Unique  (cost=43.11..43.17 rows=11 width=121)
	  ->  Sort  (cost=43.11..43.14 rows=11 width=121)
	        Sort Key: c
	        ->  Index Scan using sbtest2_pkey on sbtest2  (cost=0.43..42.92 rows=11 width=121)
	              Index Cond: ((id >= 1368069) AND (id <= 1368078))

table 3 : explain SELECT DISTINCT c FROM sbtest3 WHERE id BETWEEN 7590613 AND 7590622 ORDER BY c
	Unique  (cost=39.37..39.42 rows=10 width=121)
	  ->  Sort  (cost=39.37..39.40 rows=10 width=121)
	        Sort Key: c
	        ->  Index Scan using sbtest3_pkey on sbtest3  (cost=0.43..39.21 rows=10 width=121)
	              Index Cond: ((id >= 7590613) AND (id <= 7590622))

table 4 : explain SELECT DISTINCT c FROM sbtest4 WHERE id BETWEEN 1371186 AND 1371195 ORDER BY c
	Unique  (cost=42.98..43.03 rows=11 width=121)
	  ->  Sort  (cost=42.98..43.00 rows=11 width=121)
	        Sort Key: c
	        ->  Index Scan using sbtest4_pkey on sbtest4  (cost=0.43..42.79 rows=11 width=121)
	              Index Cond: ((id >= 1371186) AND (id <= 1371195))

table 5 : explain SELECT DISTINCT c FROM sbtest5 WHERE id BETWEEN 9488162 AND 9488171 ORDER BY c
	Unique  (cost=39.68..39.73 rows=10 width=121)
	  ->  Sort  (cost=39.68..39.70 rows=10 width=121)
	        Sort Key: c
	        ->  Index Scan using sbtest5_pkey on sbtest5  (cost=0.43..39.51 rows=10 width=121)
	              Index Cond: ((id >= 9488162) AND (id <= 9488171))

table 6 : explain SELECT DISTINCT c FROM sbtest6 WHERE id BETWEEN 7194325 AND 7194334 ORDER BY c
	Unique  (cost=39.54..39.59 rows=10 width=121)
	  ->  Sort  (cost=39.54..39.57 rows=10 width=121)
	        Sort Key: c
	        ->  Index Scan using sbtest6_pkey on sbtest6  (cost=0.43..39.37 rows=10 width=121)
	              Index Cond: ((id >= 7194325) AND (id <= 7194334))

table 7 : explain SELECT DISTINCT c FROM sbtest7 WHERE id BETWEEN 8090587 AND 8090596 ORDER BY c
	Unique  (cost=42.95..43.00 rows=11 width=121)
	  ->  Sort  (cost=42.95..42.97 rows=11 width=121)
	        Sort Key: c
	        ->  Index Scan using sbtest7_pkey on sbtest7  (cost=0.43..42.76 rows=11 width=121)
	              Index Cond: ((id >= 8090587) AND (id <= 8090596))

table 8 : explain SELECT DISTINCT c FROM sbtest8 WHERE id BETWEEN 8816897 AND 8816906 ORDER BY c
	Unique  (cost=39.27..39.32 rows=10 width=121)
	  ->  Sort  (cost=39.27..39.30 rows=10 width=121)
	        Sort Key: c
	        ->  Index Scan using sbtest8_pkey on sbtest8  (cost=0.43..39.11 rows=10 width=121)
	              Index Cond: ((id >= 8816897) AND (id <= 8816906))

explain: for non_index_updates :: explain UPDATE sbtest%u SET c='foobar' WHERE id=%u
explain: for point_selects :: explain SELECT c FROM sbtest%u WHERE id=%u
explain: for inserts :: explain INSERT INTO sbtest%u (id, k, c, pad) VALUES (%u, 13, 'foobar', 'foobar')
for inserts
table 1 : explain INSERT INTO sbtest1 (id, k, c, pad) VALUES (333597, 13, 'foobar', 'foobar')
	Insert on sbtest1  (cost=0.00..0.01 rows=0 width=0)
	  ->  Result  (cost=0.00..0.01 rows=1 width=736)

table 2 : explain INSERT INTO sbtest2 (id, k, c, pad) VALUES (5786855, 13, 'foobar', 'foobar')
	Insert on sbtest2  (cost=0.00..0.01 rows=0 width=0)
	  ->  Result  (cost=0.00..0.01 rows=1 width=736)

table 3 : explain INSERT INTO sbtest3 (id, k, c, pad) VALUES (6329635, 13, 'foobar', 'foobar')
	Insert on sbtest3  (cost=0.00..0.01 rows=0 width=0)
	  ->  Result  (cost=0.00..0.01 rows=1 width=736)

table 4 : explain INSERT INTO sbtest4 (id, k, c, pad) VALUES (5987424, 13, 'foobar', 'foobar')
	Insert on sbtest4  (cost=0.00..0.01 rows=0 width=0)
	  ->  Result  (cost=0.00..0.01 rows=1 width=736)

table 5 : explain INSERT INTO sbtest5 (id, k, c, pad) VALUES (7467069, 13, 'foobar', 'foobar')
	Insert on sbtest5  (cost=0.00..0.01 rows=0 width=0)
	  ->  Result  (cost=0.00..0.01 rows=1 width=736)

table 6 : explain INSERT INTO sbtest6 (id, k, c, pad) VALUES (6968855, 13, 'foobar', 'foobar')
	Insert on sbtest6  (cost=0.00..0.01 rows=0 width=0)
	  ->  Result  (cost=0.00..0.01 rows=1 width=736)

table 7 : explain INSERT INTO sbtest7 (id, k, c, pad) VALUES (679232, 13, 'foobar', 'foobar')
	Insert on sbtest7  (cost=0.00..0.01 rows=0 width=0)
	  ->  Result  (cost=0.00..0.01 rows=1 width=736)

table 8 : explain INSERT INTO sbtest8 (id, k, c, pad) VALUES (9113368, 13, 'foobar', 'foobar')
	Insert on sbtest8  (cost=0.00..0.01 rows=0 width=0)
	  ->  Result  (cost=0.00..0.01 rows=1 width=736)

explain: for index_updates :: explain UPDATE sbtest%u SET k=k+1 WHERE id=%u
for: distinct_ranges
table 1 : explain SELECT DISTINCT c FROM sbtest1 WHERE id BETWEEN 8976319 AND 8976328 ORDER BY c
	Unique  (cost=43.24..43.30 rows=11 width=121)
	  ->  Sort  (cost=43.24..43.27 rows=11 width=121)
	        Sort Key: c
	        ->  Index Scan using sbtest1_pkey on sbtest1  (cost=0.43..43.05 rows=11 width=121)
	              Index Cond: ((id >= 8976319) AND (id <= 8976328))

table 2 : explain SELECT DISTINCT c FROM sbtest2 WHERE id BETWEEN 4515410 AND 4515419 ORDER BY c
	Unique  (cost=39.64..39.69 rows=10 width=121)
	  ->  Sort  (cost=39.64..39.67 rows=10 width=121)
	        Sort Key: c
	        ->  Index Scan using sbtest2_pkey on sbtest2  (cost=0.43..39.48 rows=10 width=121)
	              Index Cond: ((id >= 4515410) AND (id <= 4515419))

table 3 : explain SELECT DISTINCT c FROM sbtest3 WHERE id BETWEEN 3332748 AND 3332757 ORDER BY c
	Unique  (cost=42.81..42.87 rows=11 width=121)
	  ->  Sort  (cost=42.81..42.84 rows=11 width=121)
	        Sort Key: c
	        ->  Index Scan using sbtest3_pkey on sbtest3  (cost=0.43..42.62 rows=11 width=121)
	              Index Cond: ((id >= 3332748) AND (id <= 3332757))

table 4 : explain SELECT DISTINCT c FROM sbtest4 WHERE id BETWEEN 3429961 AND 3429970 ORDER BY c
	Unique  (cost=36.06..36.11 rows=9 width=121)
	  ->  Sort  (cost=36.06..36.09 rows=9 width=121)
	        Sort Key: c
	        ->  Index Scan using sbtest4_pkey on sbtest4  (cost=0.43..35.92 rows=9 width=121)
	              Index Cond: ((id >= 3429961) AND (id <= 3429970))

table 5 : explain SELECT DISTINCT c FROM sbtest5 WHERE id BETWEEN 840157 AND 840166 ORDER BY c
	Unique  (cost=39.68..39.73 rows=10 width=121)
	  ->  Sort  (cost=39.68..39.70 rows=10 width=121)
	        Sort Key: c
	        ->  Index Scan using sbtest5_pkey on sbtest5  (cost=0.43..39.51 rows=10 width=121)
	              Index Cond: ((id >= 840157) AND (id <= 840166))

table 6 : explain SELECT DISTINCT c FROM sbtest6 WHERE id BETWEEN 8523446 AND 8523455 ORDER BY c
	Unique  (cost=43.00..43.05 rows=11 width=121)
	  ->  Sort  (cost=43.00..43.03 rows=11 width=121)
	        Sort Key: c
	        ->  Index Scan using sbtest6_pkey on sbtest6  (cost=0.43..42.81 rows=11 width=121)
	              Index Cond: ((id >= 8523446) AND (id <= 8523455))

table 7 : explain SELECT DISTINCT c FROM sbtest7 WHERE id BETWEEN 6039385 AND 6039394 ORDER BY c
	Unique  (cost=39.49..39.54 rows=10 width=121)
	  ->  Sort  (cost=39.49..39.52 rows=10 width=121)
	        Sort Key: c
	        ->  Index Scan using sbtest7_pkey on sbtest7  (cost=0.43..39.33 rows=10 width=121)
	              Index Cond: ((id >= 6039385) AND (id <= 6039394))

table 8 : explain SELECT DISTINCT c FROM sbtest8 WHERE id BETWEEN 4533104 AND 4533113 ORDER BY c
	Unique  (cost=35.84..35.89 rows=9 width=121)
	  ->  Sort  (cost=35.84..35.87 rows=9 width=121)
	        Sort Key: c
	        ->  Index Scan using sbtest8_pkey on sbtest8  (cost=0.43..35.70 rows=9 width=121)
	              Index Cond: ((id >= 4533104) AND (id <= 4533113))

explain: for inserts :: explain INSERT INTO sbtest%u (id, k, c, pad) VALUES (%u, 13, 'foobar', 'foobar')
for inserts
table 1 : explain INSERT INTO sbtest1 (id, k, c, pad) VALUES (3771043, 13, 'foobar', 'foobar')
	Insert on sbtest1  (cost=0.00..0.01 rows=0 width=0)
	  ->  Result  (cost=0.00..0.01 rows=1 width=736)

table 2 : explain INSERT INTO sbtest2 (id, k, c, pad) VALUES (4583412, 13, 'foobar', 'foobar')
	Insert on sbtest2  (cost=0.00..0.01 rows=0 width=0)
	  ->  Result  (cost=0.00..0.01 rows=1 width=736)

table 3 : explain INSERT INTO sbtest3 (id, k, c, pad) VALUES (6580723, 13, 'foobar', 'foobar')
	Insert on sbtest3  (cost=0.00..0.01 rows=0 width=0)
	  ->  Result  (cost=0.00..0.01 rows=1 width=736)

table 4 : explain INSERT INTO sbtest4 (id, k, c, pad) VALUES (1346922, 13, 'foobar', 'foobar')
	Insert on sbtest4  (cost=0.00..0.01 rows=0 width=0)
	  ->  Result  (cost=0.00..0.01 rows=1 width=736)

table 5 : explain INSERT INTO sbtest5 (id, k, c, pad) VALUES (9347603, 13, 'foobar', 'foobar')
	Insert on sbtest5  (cost=0.00..0.01 rows=0 width=0)
	  ->  Result  (cost=0.00..0.01 rows=1 width=736)

table 6 : explain INSERT INTO sbtest6 (id, k, c, pad) VALUES (4311418, 13, 'foobar', 'foobar')
	Insert on sbtest6  (cost=0.00..0.01 rows=0 width=0)
	  ->  Result  (cost=0.00..0.01 rows=1 width=736)

table 7 : explain INSERT INTO sbtest7 (id, k, c, pad) VALUES (7178903, 13, 'foobar', 'foobar')
	Insert on sbtest7  (cost=0.00..0.01 rows=0 width=0)
	  ->  Result  (cost=0.00..0.01 rows=1 width=736)

table 8 : explain INSERT INTO sbtest8 (id, k, c, pad) VALUES (6679971, 13, 'foobar', 'foobar')
	Insert on sbtest8  (cost=0.00..0.01 rows=0 width=0)
	  ->  Result  (cost=0.00..0.01 rows=1 width=736)

for: order_ranges
table 1 : explain SELECT c FROM sbtest1 WHERE id BETWEEN 8794477 AND 8794486 ORDER BY c
	Sort  (cost=43.24..43.27 rows=11 width=121)
	  Sort Key: c
	  ->  Index Scan using sbtest1_pkey on sbtest1  (cost=0.43..43.05 rows=11 width=121)
	        Index Cond: ((id >= 8794477) AND (id <= 8794486))

table 2 : explain SELECT c FROM sbtest2 WHERE id BETWEEN 5619377 AND 5619386 ORDER BY c
	Sort  (cost=39.64..39.67 rows=10 width=121)
	  Sort Key: c
	  ->  Index Scan using sbtest2_pkey on sbtest2  (cost=0.43..39.48 rows=10 width=121)
	        Index Cond: ((id >= 5619377) AND (id <= 5619386))

table 3 : explain SELECT c FROM sbtest3 WHERE id BETWEEN 5617323 AND 5617332 ORDER BY c
	Sort  (cost=39.37..39.40 rows=10 width=121)
	  Sort Key: c
	  ->  Index Scan using sbtest3_pkey on sbtest3  (cost=0.43..39.21 rows=10 width=121)
	        Index Cond: ((id >= 5617323) AND (id <= 5617332))

table 4 : explain SELECT c FROM sbtest4 WHERE id BETWEEN 9225755 AND 9225764 ORDER BY c
	Sort  (cost=39.52..39.54 rows=10 width=121)
	  Sort Key: c
	  ->  Index Scan using sbtest4_pkey on sbtest4  (cost=0.43..39.35 rows=10 width=121)
	        Index Cond: ((id >= 9225755) AND (id <= 9225764))

table 5 : explain SELECT c FROM sbtest5 WHERE id BETWEEN 828321 AND 828330 ORDER BY c
	Sort  (cost=39.68..39.70 rows=10 width=121)
	  Sort Key: c
	  ->  Index Scan using sbtest5_pkey on sbtest5  (cost=0.43..39.51 rows=10 width=121)
	        Index Cond: ((id >= 828321) AND (id <= 828330))

table 6 : explain SELECT c FROM sbtest6 WHERE id BETWEEN 8264669 AND 8264678 ORDER BY c
	Sort  (cost=43.00..43.03 rows=11 width=121)
	  Sort Key: c
	  ->  Index Scan using sbtest6_pkey on sbtest6  (cost=0.43..42.81 rows=11 width=121)
	        Index Cond: ((id >= 8264669) AND (id <= 8264678))

table 7 : explain SELECT c FROM sbtest7 WHERE id BETWEEN 2074380 AND 2074389 ORDER BY c
	Sort  (cost=39.49..39.52 rows=10 width=121)
	  Sort Key: c
	  ->  Index Scan using sbtest7_pkey on sbtest7  (cost=0.43..39.33 rows=10 width=121)
	        Index Cond: ((id >= 2074380) AND (id <= 2074389))

table 8 : explain SELECT c FROM sbtest8 WHERE id BETWEEN 7141360 AND 7141369 ORDER BY c
	Sort  (cost=42.70..42.73 rows=11 width=121)
	  Sort Key: c
	  ->  Index Scan using sbtest8_pkey on sbtest8  (cost=0.43..42.51 rows=11 width=121)
	        Index Cond: ((id >= 7141360) AND (id <= 7141369))

for point_selects
table 1 : explain SELECT c FROM sbtest1 WHERE id=8582874
	Index Scan using sbtest1_pkey on sbtest1  (cost=0.43..8.45 rows=1 width=121)
	  Index Cond: (id = 8582874)

table 2 : explain SELECT c FROM sbtest2 WHERE id=3757718
	Index Scan using sbtest2_pkey on sbtest2  (cost=0.43..8.45 rows=1 width=121)
	  Index Cond: (id = 3757718)

table 3 : explain SELECT c FROM sbtest3 WHERE id=7543211
	Index Scan using sbtest3_pkey on sbtest3  (cost=0.43..8.45 rows=1 width=121)
	  Index Cond: (id = 7543211)

table 4 : explain SELECT c FROM sbtest4 WHERE id=141279
	Index Scan using sbtest4_pkey on sbtest4  (cost=0.43..8.45 rows=1 width=121)
	  Index Cond: (id = 141279)

table 5 : explain SELECT c FROM sbtest5 WHERE id=2816589
	Index Scan using sbtest5_pkey on sbtest5  (cost=0.43..8.45 rows=1 width=121)
	  Index Cond: (id = 2816589)

table 6 : explain SELECT c FROM sbtest6 WHERE id=4253147
	Index Scan using sbtest6_pkey on sbtest6  (cost=0.43..8.45 rows=1 width=121)
	  Index Cond: (id = 4253147)

table 7 : explain SELECT c FROM sbtest7 WHERE id=464128
	Index Scan using sbtest7_pkey on sbtest7  (cost=0.43..8.45 rows=1 width=121)
	  Index Cond: (id = 464128)

table 8 : explain SELECT c FROM sbtest8 WHERE id=913173
	Index Scan using sbtest8_pkey on sbtest8  (cost=0.43..8.45 rows=1 width=121)
	  Index Cond: (id = 913173)

for non_index_updates
table 1 : explain UPDATE sbtest1 SET c='foobar' WHERE id=3335761
	Update on sbtest1  (cost=0.43..8.45 rows=0 width=0)
	  ->  Index Scan using sbtest1_pkey on sbtest1  (cost=0.43..8.45 rows=1 width=490)
	        Index Cond: (id = 3335761)

table 2 : explain UPDATE sbtest2 SET c='foobar' WHERE id=6667165
	Update on sbtest2  (cost=0.43..8.45 rows=0 width=0)
	  ->  Index Scan using sbtest2_pkey on sbtest2  (cost=0.43..8.45 rows=1 width=490)
	        Index Cond: (id = 6667165)

table 3 : explain UPDATE sbtest3 SET c='foobar' WHERE id=5246166
	Update on sbtest3  (cost=0.43..8.45 rows=0 width=0)
	  ->  Index Scan using sbtest3_pkey on sbtest3  (cost=0.43..8.45 rows=1 width=490)
	        Index Cond: (id = 5246166)

table 4 : explain UPDATE sbtest4 SET c='foobar' WHERE id=9033526
	Update on sbtest4  (cost=0.43..8.45 rows=0 width=0)
	  ->  Index Scan using sbtest4_pkey on sbtest4  (cost=0.43..8.45 rows=1 width=490)
	        Index Cond: (id = 9033526)

table 5 : explain UPDATE sbtest5 SET c='foobar' WHERE id=8097094
	Update on sbtest5  (cost=0.43..8.45 rows=0 width=0)
	  ->  Index Scan using sbtest5_pkey on sbtest5  (cost=0.43..8.45 rows=1 width=490)
	        Index Cond: (id = 8097094)

table 6 : explain UPDATE sbtest6 SET c='foobar' WHERE id=7989213
	Update on sbtest6  (cost=0.43..8.45 rows=0 width=0)
	  ->  Index Scan using sbtest6_pkey on sbtest6  (cost=0.43..8.45 rows=1 width=490)
	        Index Cond: (id = 7989213)

table 7 : explain UPDATE sbtest7 SET c='foobar' WHERE id=2637054
	Update on sbtest7  (cost=0.43..8.45 rows=0 width=0)
	  ->  Index Scan using sbtest7_pkey on sbtest7  (cost=0.43..8.45 rows=1 width=490)
	        Index Cond: (id = 2637054)

table 8 : explain UPDATE sbtest8 SET c='foobar' WHERE id=3093475
	Update on sbtest8  (cost=0.43..8.45 rows=0 width=0)
	  ->  Index Scan using sbtest8_pkey on sbtest8  (cost=0.43..8.45 rows=1 width=490)
	        Index Cond: (id = 3093475)

for point_selects
table 1 : explain SELECT c FROM sbtest1 WHERE id=5116114
	Index Scan using sbtest1_pkey on sbtest1  (cost=0.43..8.45 rows=1 width=121)
	  Index Cond: (id = 5116114)

table 2 : explain SELECT c FROM sbtest2 WHERE id=2386671
	Index Scan using sbtest2_pkey on sbtest2  (cost=0.43..8.45 rows=1 width=121)
	  Index Cond: (id = 2386671)

table 3 : explain SELECT c FROM sbtest3 WHERE id=6079406
	Index Scan using sbtest3_pkey on sbtest3  (cost=0.43..8.45 rows=1 width=121)
	  Index Cond: (id = 6079406)

table 4 : explain SELECT c FROM sbtest4 WHERE id=3741511
	Index Scan using sbtest4_pkey on sbtest4  (cost=0.43..8.45 rows=1 width=121)
	  Index Cond: (id = 3741511)

table 5 : explain SELECT c FROM sbtest5 WHERE id=3010278
	Index Scan using sbtest5_pkey on sbtest5  (cost=0.43..8.45 rows=1 width=121)
	  Index Cond: (id = 3010278)

table 6 : explain SELECT c FROM sbtest6 WHERE id=2301216
	Index Scan using sbtest6_pkey on sbtest6  (cost=0.43..8.45 rows=1 width=121)
	  Index Cond: (id = 2301216)

table 7 : explain SELECT c FROM sbtest7 WHERE id=9067088
	Index Scan using sbtest7_pkey on sbtest7  (cost=0.43..8.45 rows=1 width=121)
	  Index Cond: (id = 9067088)

table 8 : explain SELECT c FROM sbtest8 WHERE id=7281771
	Index Scan using sbtest8_pkey on sbtest8  (cost=0.43..8.45 rows=1 width=121)
	  Index Cond: (id = 7281771)

explain: for index_updates :: explain UPDATE sbtest%u SET k=k+1 WHERE id=%ufor: distinct_ranges
table 1 : explain SELECT DISTINCT c FROM sbtest1 WHERE id BETWEEN 8835894 AND 8835903 ORDER BY c
	Unique  (cost=39.76..39.81 rows=10 width=121)
	  ->  Sort  (cost=39.76..39.78 rows=10 width=121)
	        Sort Key: c
	        ->  Index Scan using sbtest1_pkey on sbtest1  (cost=0.43..39.59 rows=10 width=121)
	              Index Cond: ((id >= 8835894) AND (id <= 8835903))

table 2 : explain SELECT DISTINCT c FROM sbtest2 WHERE id BETWEEN 5730933 AND 5730942 ORDER BY c
	Unique  (cost=39.64..39.69 rows=10 width=121)
	  ->  Sort  (cost=39.64..39.67 rows=10 width=121)
	        Sort Key: c
	        ->  Index Scan using sbtest2_pkey on sbtest2  (cost=0.43..39.48 rows=10 width=121)
	              Index Cond: ((id >= 5730933) AND (id <= 5730942))

table 3 : explain SELECT DISTINCT c FROM sbtest3 WHERE id BETWEEN 4560421 AND 4560430 ORDER BY c
	Unique  (cost=42.81..42.87 rows=11 width=121)
	  ->  Sort  (cost=42.81..42.84 rows=11 width=121)
	        Sort Key: c
	        ->  Index Scan using sbtest3_pkey on sbtest3  (cost=0.43..42.62 rows=11 width=121)
	              Index Cond: ((id >= 4560421) AND (id <= 4560430))

table 4 : explain SELECT DISTINCT c FROM sbtest4 WHERE id BETWEEN 7354702 AND 7354711 ORDER BY c
	Unique  (cost=39.52..39.57 rows=10 width=121)
	  ->  Sort  (cost=39.52..39.54 rows=10 width=121)
	        Sort Key: c
	        ->  Index Scan using sbtest4_pkey on sbtest4  (cost=0.43..39.35 rows=10 width=121)
	              Index Cond: ((id >= 7354702) AND (id <= 7354711))

table 5 : explain SELECT DISTINCT c FROM sbtest5 WHERE id BETWEEN 7489386 AND 7489395 ORDER BY c
	Unique  (cost=39.68..39.73 rows=10 width=121)
	  ->  Sort  (cost=39.68..39.70 rows=10 width=121)
	        Sort Key: c
	        ->  Index Scan using sbtest5_pkey on sbtest5  (cost=0.43..39.51 rows=10 width=121)
	              Index Cond: ((id >= 7489386) AND (id <= 7489395))

table 6 : explain SELECT DISTINCT c FROM sbtest6 WHERE id BETWEEN 8256227 AND 8256236 ORDER BY c
	Unique  (cost=43.00..43.05 rows=11 width=121)
	  ->  Sort  (cost=43.00..43.03 rows=11 width=121)
	        Sort Key: c
	        ->  Index Scan using sbtest6_pkey on sbtest6  (cost=0.43..42.81 rows=11 width=121)
	              Index Cond: ((id >= 8256227) AND (id <= 8256236))

table 7 : explain SELECT DISTINCT c FROM sbtest7 WHERE id BETWEEN 4503513 AND 4503522 ORDER BY c
	Unique  (cost=39.49..39.54 rows=10 width=121)
	  ->  Sort  (cost=39.49..39.52 rows=10 width=121)
	        Sort Key: c
	        ->  Index Scan using sbtest7_pkey on sbtest7  (cost=0.43..39.33 rows=10 width=121)
	              Index Cond: ((id >= 4503513) AND (id <= 4503522))

table 8 : explain SELECT DISTINCT c FROM sbtest8 WHERE id BETWEEN 9266018 AND 9266027 ORDER BY c
	Unique  (cost=35.84..35.89 rows=9 width=121)
	  ->  Sort  (cost=35.84..35.87 rows=9 width=121)
	        Sort Key: c
	        ->  Index Scan using sbtest8_pkey on sbtest8  (cost=0.43..35.70 rows=9 width=121)
	              Index Cond: ((id >= 9266018) AND (id <= 9266027))


explain: for point_selects :: explain SELECT c FROM sbtest%u WHERE id=%u
explain: for deletes :: explain DELETE FROM sbtest%u WHERE id=%u
for point_selects
table 1 : explain SELECT c FROM sbtest1 WHERE id=774643
	Index Scan using sbtest1_pkey on sbtest1  (cost=0.43..8.45 rows=1 width=121)
	  Index Cond: (id = 774643)

table 2 : explain SELECT c FROM sbtest2 WHERE id=3300158
	Index Scan using sbtest2_pkey on sbtest2  (cost=0.43..8.45 rows=1 width=121)
	  Index Cond: (id = 3300158)

table 3 : explain SELECT c FROM sbtest3 WHERE id=3537346
	Index Scan using sbtest3_pkey on sbtest3  (cost=0.43..8.45 rows=1 width=121)
	  Index Cond: (id = 3537346)

table 4 : explain SELECT c FROM sbtest4 WHERE id=4973774
	Index Scan using sbtest4_pkey on sbtest4  (cost=0.43..8.45 rows=1 width=121)
	  Index Cond: (id = 4973774)

table 5 : explain SELECT c FROM sbtest5 WHERE id=5632113
	Index Scan using sbtest5_pkey on sbtest5  (cost=0.43..8.45 rows=1 width=121)
	  Index Cond: (id = 5632113)

table 6 : explain SELECT c FROM sbtest6 WHERE id=641005
	Index Scan using sbtest6_pkey on sbtest6  (cost=0.43..8.45 rows=1 width=121)
	  Index Cond: (id = 641005)

table 7 : explain SELECT c FROM sbtest7 WHERE id=8046433
	Index Scan using sbtest7_pkey on sbtest7  (cost=0.43..8.45 rows=1 width=121)
	  Index Cond: (id = 8046433)

table 8 : explain SELECT c FROM sbtest8 WHERE id=509260
	Index Scan using sbtest8_pkey on sbtest8  (cost=0.43..8.45 rows=1 width=121)
	  Index Cond: (id = 509260)

for point_selects
table 1 : explain SELECT c FROM sbtest1 WHERE id=2453540
	Index Scan using sbtest1_pkey on sbtest1  (cost=0.43..8.45 rows=1 width=121)
	  Index Cond: (id = 2453540)

table 2 : explain SELECT c FROM sbtest2 WHERE id=45181
	Index Scan using sbtest2_pkey on sbtest2  (cost=0.43..8.45 rows=1 width=121)
	  Index Cond: (id = 45181)

table 3 : explain SELECT c FROM sbtest3 WHERE id=1777137
	Index Scan using sbtest3_pkey on sbtest3  (cost=0.43..8.45 rows=1 width=121)
	  Index Cond: (id = 1777137)

table 4 : explain SELECT c FROM sbtest4 WHERE id=8197361
	Index Scan using sbtest4_pkey on sbtest4  (cost=0.43..8.45 rows=1 width=121)
	  Index Cond: (id = 8197361)

table 5 : explain SELECT c FROM sbtest5 WHERE id=5458927
	Index Scan using sbtest5_pkey on sbtest5  (cost=0.43..8.45 rows=1 width=121)
	  Index Cond: (id = 5458927)

table 6 : explain SELECT c FROM sbtest6 WHERE id=7138113
	Index Scan using sbtest6_pkey on sbtest6  (cost=0.43..8.45 rows=1 width=121)
	  Index Cond: (id = 7138113)

table 7 : explain SELECT c FROM sbtest7 WHERE id=246807
	Index Scan using sbtest7_pkey on sbtest7  (cost=0.43..8.45 rows=1 width=121)
	  Index Cond: (id = 246807)

table 8 : explain SELECT c FROM sbtest8 WHERE id=3661103
	Index Scan using sbtest8_pkey on sbtest8  (cost=0.43..8.45 rows=1 width=121)
	  Index Cond: (id = 3661103)

for index_updates
table 1 : explain UPDATE sbtest1 SET k=k+1 WHERE id=7239780
	Update on sbtest1  (cost=0.43..8.46 rows=0 width=0)
	  ->  Index Scan using sbtest1_pkey on sbtest1  (cost=0.43..8.46 rows=1 width=10)
	        Index Cond: (id = 7239780)

table 2 : explain UPDATE sbtest2 SET k=k+1 WHERE id=7213443
	Update on sbtest2  (cost=0.43..8.46 rows=0 width=0)
	  ->  Index Scan using sbtest2_pkey on sbtest2  (cost=0.43..8.46 rows=1 width=10)
	        Index Cond: (id = 7213443)

table 3 : explain UPDATE sbtest3 SET k=k+1 WHERE id=1899952
	Update on sbtest3  (cost=0.43..8.46 rows=0 width=0)
	  ->  Index Scan using sbtest3_pkey on sbtest3  (cost=0.43..8.46 rows=1 width=10)
	        Index Cond: (id = 1899952)

table 4 : explain UPDATE sbtest4 SET k=k+1 WHERE id=8390445
	Update on sbtest4  (cost=0.43..8.46 rows=0 width=0)
	  ->  Index Scan using sbtest4_pkey on sbtest4  (cost=0.43..8.46 rows=1 width=10)
	        Index Cond: (id = 8390445)

table 5 : explain UPDATE sbtest5 SET k=k+1 WHERE id=3157357
	Update on sbtest5  (cost=0.43..8.46 rows=0 width=0)
	  ->  Index Scan using sbtest5_pkey on sbtest5  (cost=0.43..8.46 rows=1 width=10)
	        Index Cond: (id = 3157357)

table 6 : explain UPDATE sbtest6 SET k=k+1 WHERE id=4625361
	Update on sbtest6  (cost=0.43..8.46 rows=0 width=0)
	  ->  Index Scan using sbtest6_pkey on sbtest6  (cost=0.43..8.46 rows=1 width=10)
	        Index Cond: (id = 4625361)

table 7 : explain UPDATE sbtest7 SET k=k+1 WHERE id=3759865
	Update on sbtest7  (cost=0.43..8.46 rows=0 width=0)
	  ->  Index Scan using sbtest7_pkey on sbtest7  (cost=0.43..8.46 rows=1 width=10)
	        Index Cond: (id = 3759865)

table 8 : explain UPDATE sbtest8 SET k=k+1 WHERE id=4840778
	Update on sbtest8  (cost=0.43..8.46 rows=0 width=0)
	  ->  Index Scan using sbtest8_pkey on sbtest8  (cost=0.43..8.46 rows=1 width=10)
	        Index Cond: (id = 4840778)

for point_selects
table 1 : explain SELECT c FROM sbtest1 WHERE id=8862851
	Index Scan using sbtest1_pkey on sbtest1  (cost=0.43..8.45 rows=1 width=121)
	  Index Cond: (id = 8862851)

table 2 : explain SELECT c FROM sbtest2 WHERE id=3817770
	Index Scan using sbtest2_pkey on sbtest2  (cost=0.43..8.45 rows=1 width=121)
	  Index Cond: (id = 3817770)

table 3 : explain SELECT c FROM sbtest3 WHERE id=3056601
	Index Scan using sbtest3_pkey on sbtest3  (cost=0.43..8.45 rows=1 width=121)
	  Index Cond: (id = 3056601)

table 4 : explain SELECT c FROM sbtest4 WHERE id=5540644
	Index Scan using sbtest4_pkey on sbtest4  (cost=0.43..8.45 rows=1 width=121)
	  Index Cond: (id = 5540644)

table 5 : explain SELECT c FROM sbtest5 WHERE id=1576736
	Index Scan using sbtest5_pkey on sbtest5  (cost=0.43..8.45 rows=1 width=121)
	  Index Cond: (id = 1576736)

table 6 : explain SELECT c FROM sbtest6 WHERE id=1533425
	Index Scan using sbtest6_pkey on sbtest6  (cost=0.43..8.45 rows=1 width=121)
	  Index Cond: (id = 1533425)

table 7 : explain SELECT c FROM sbtest7 WHERE id=8468164
	Index Scan using sbtest7_pkey on sbtest7  (cost=0.43..8.45 rows=1 width=121)
	  Index Cond: (id = 8468164)

table 8 : explain SELECT c FROM sbtest8 WHERE id=2856552
	Index Scan using sbtest8_pkey on sbtest8  (cost=0.43..8.45 rows=1 width=121)
	  Index Cond: (id = 2856552)

explain: for index_updates :: explain UPDATE sbtest%u SET k=k+1 WHERE id=%u
for point_selects
table 1 : explain SELECT c FROM sbtest1 WHERE id=5454469
	Index Scan using sbtest1_pkey on sbtest1  (cost=0.43..8.45 rows=1 width=121)
	  Index Cond: (id = 5454469)

table 2 : explain SELECT c FROM sbtest2 WHERE id=639453
	Index Scan using sbtest2_pkey on sbtest2  (cost=0.43..8.45 rows=1 width=121)
	  Index Cond: (id = 639453)

table 3 : explain SELECT c FROM sbtest3 WHERE id=597062
	Index Scan using sbtest3_pkey on sbtest3  (cost=0.43..8.45 rows=1 width=121)
	  Index Cond: (id = 597062)

table 4 : explain SELECT c FROM sbtest4 WHERE id=6122745
	Index Scan using sbtest4_pkey on sbtest4  (cost=0.43..8.45 rows=1 width=121)
	  Index Cond: (id = 6122745)

table 5 : explain SELECT c FROM sbtest5 WHERE id=203233
	Index Scan using sbtest5_pkey on sbtest5  (cost=0.43..8.45 rows=1 width=121)
	  Index Cond: (id = 203233)

table 6 : explain SELECT c FROM sbtest6 WHERE id=2757014
	Index Scan using sbtest6_pkey on sbtest6  (cost=0.43..8.45 rows=1 width=121)
	  Index Cond: (id = 2757014)

table 7 : explain SELECT c FROM sbtest7 WHERE id=6643284
	Index Scan using sbtest7_pkey on sbtest7  (cost=0.43..8.45 rows=1 width=121)
	  Index Cond: (id = 6643284)

table 8 : explain SELECT c FROM sbtest8 WHERE id=4277188
	Index Scan using sbtest8_pkey on sbtest8  (cost=0.43..8.45 rows=1 width=121)
	  Index Cond: (id = 4277188)

for deletes
table 1 : explain DELETE FROM sbtest1 WHERE id=7544499
	Delete on sbtest1  (cost=0.43..8.45 rows=0 width=0)
	  ->  Index Scan using sbtest1_pkey on sbtest1  (cost=0.43..8.45 rows=1 width=6)
	        Index Cond: (id = 7544499)

table 2 : explain DELETE FROM sbtest2 WHERE id=8206929
	Delete on sbtest2  (cost=0.43..8.45 rows=0 width=0)
	  ->  Index Scan using sbtest2_pkey on sbtest2  (cost=0.43..8.45 rows=1 width=6)
	        Index Cond: (id = 8206929)

table 3 : explain DELETE FROM sbtest3 WHERE id=2935512
	Delete on sbtest3  (cost=0.43..8.45 rows=0 width=0)
	  ->  Index Scan using sbtest3_pkey on sbtest3  (cost=0.43..8.45 rows=1 width=6)
	        Index Cond: (id = 2935512)

table 4 : explain DELETE FROM sbtest4 WHERE id=7569962
	Delete on sbtest4  (cost=0.43..8.45 rows=0 width=0)
	  ->  Index Scan using sbtest4_pkey on sbtest4  (cost=0.43..8.45 rows=1 width=6)
	        Index Cond: (id = 7569962)

table 5 : explain DELETE FROM sbtest5 WHERE id=1131702
	Delete on sbtest5  (cost=0.43..8.45 rows=0 width=0)
	  ->  Index Scan using sbtest5_pkey on sbtest5  (cost=0.43..8.45 rows=1 width=6)
	        Index Cond: (id = 1131702)

table 6 : explain DELETE FROM sbtest6 WHERE id=1307563
	Delete on sbtest6  (cost=0.43..8.45 rows=0 width=0)
	  ->  Index Scan using sbtest6_pkey on sbtest6  (cost=0.43..8.45 rows=1 width=6)
	        Index Cond: (id = 1307563)

table 7 : explain DELETE FROM sbtest7 WHERE id=5279726
	Delete on sbtest7  (cost=0.43..8.45 rows=0 width=0)
	  ->  Index Scan using sbtest7_pkey on sbtest7  (cost=0.43..8.45 rows=1 width=6)
	        Index Cond: (id = 5279726)

table 8 : explain DELETE FROM sbtest8 WHERE id=2558520
	Delete on sbtest8  (cost=0.43..8.45 rows=0 width=0)
	  ->  Index Scan using sbtest8_pkey on sbtest8  (cost=0.43..8.45 rows=1 width=6)
	        Index Cond: (id = 2558520)

for index_updates
table 1 : explain UPDATE sbtest1 SET k=k+1 WHERE id=5890533
	Update on sbtest1  (cost=0.43..8.46 rows=0 width=0)
	  ->  Index Scan using sbtest1_pkey on sbtest1  (cost=0.43..8.46 rows=1 width=10)
	        Index Cond: (id = 5890533)

table 2 : explain UPDATE sbtest2 SET k=k+1 WHERE id=6862440
	Update on sbtest2  (cost=0.43..8.46 rows=0 width=0)
	  ->  Index Scan using sbtest2_pkey on sbtest2  (cost=0.43..8.46 rows=1 width=10)
	        Index Cond: (id = 6862440)

table 3 : explain UPDATE sbtest3 SET k=k+1 WHERE id=8192424
	Update on sbtest3  (cost=0.43..8.46 rows=0 width=0)
	  ->  Index Scan using sbtest3_pkey on sbtest3  (cost=0.43..8.46 rows=1 width=10)
	        Index Cond: (id = 8192424)

table 4 : explain UPDATE sbtest4 SET k=k+1 WHERE id=8138143
	Update on sbtest4  (cost=0.43..8.46 rows=0 width=0)
	  ->  Index Scan using sbtest4_pkey on sbtest4  (cost=0.43..8.46 rows=1 width=10)
	        Index Cond: (id = 8138143)

table 5 : explain UPDATE sbtest5 SET k=k+1 WHERE id=6714409
	Update on sbtest5  (cost=0.43..8.46 rows=0 width=0)
	  ->  Index Scan using sbtest5_pkey on sbtest5  (cost=0.43..8.46 rows=1 width=10)
	        Index Cond: (id = 6714409)

table 6 : explain UPDATE sbtest6 SET k=k+1 WHERE id=1233519
	Update on sbtest6  (cost=0.43..8.46 rows=0 width=0)
	  ->  Index Scan using sbtest6_pkey on sbtest6  (cost=0.43..8.46 rows=1 width=10)
	        Index Cond: (id = 1233519)

table 7 : explain UPDATE sbtest7 SET k=k+1 WHERE id=5793114
	Update on sbtest7  (cost=0.43..8.46 rows=0 width=0)
	  ->  Index Scan using sbtest7_pkey on sbtest7  (cost=0.43..8.46 rows=1 width=10)
	        Index Cond: (id = 5793114)

table 8 : explain UPDATE sbtest8 SET k=k+1 WHERE id=7716900
	Update on sbtest8  (cost=0.43..8.46 rows=0 width=0)
	  ->  Index Scan using sbtest8_pkey on sbtest8  (cost=0.43..8.46 rows=1 width=10)
	        Index Cond: (id = 7716900)

explain: for non_index_updates :: explain UPDATE sbtest%u SET c='foobar' WHERE id=%u
for: simple_ranges
table 1 : explain SELECT c FROM sbtest1 WHERE id BETWEEN 7198045 AND 7198054
	Index Scan using sbtest1_pkey on sbtest1  (cost=0.43..43.05 rows=11 width=121)
	  Index Cond: ((id >= 7198045) AND (id <= 7198054))

table 2 : explain SELECT c FROM sbtest2 WHERE id BETWEEN 9184865 AND 9184874
	Index Scan using sbtest2_pkey on sbtest2  (cost=0.43..39.48 rows=10 width=121)
	  Index Cond: ((id >= 9184865) AND (id <= 9184874))

table 3 : explain SELECT c FROM sbtest3 WHERE id BETWEEN 6389363 AND 6389372
	Index Scan using sbtest3_pkey on sbtest3  (cost=0.43..42.62 rows=11 width=121)
	  Index Cond: ((id >= 6389363) AND (id <= 6389372))

table 4 : explain SELECT c FROM sbtest4 WHERE id BETWEEN 5825077 AND 5825086
	Index Scan using sbtest4_pkey on sbtest4  (cost=0.43..35.92 rows=9 width=121)
	  Index Cond: ((id >= 5825077) AND (id <= 5825086))

table 5 : explain SELECT c FROM sbtest5 WHERE id BETWEEN 6940473 AND 6940482
	Index Scan using sbtest5_pkey on sbtest5  (cost=0.43..39.51 rows=10 width=121)
	  Index Cond: ((id >= 6940473) AND (id <= 6940482))

table 6 : explain SELECT c FROM sbtest6 WHERE id BETWEEN 2856730 AND 2856739
	Index Scan using sbtest6_pkey on sbtest6  (cost=0.43..39.37 rows=10 width=121)
	  Index Cond: ((id >= 2856730) AND (id <= 2856739))

table 7 : explain SELECT c FROM sbtest7 WHERE id BETWEEN 7267356 AND 7267365
	Index Scan using sbtest7_pkey on sbtest7  (cost=0.43..35.90 rows=9 width=121)
	  Index Cond: ((id >= 7267356) AND (id <= 7267365))

table 8 : explain SELECT c FROM sbtest8 WHERE id BETWEEN 5423016 AND 5423025
	Index Scan using sbtest8_pkey on sbtest8  (cost=0.43..42.51 rows=11 width=121)
	  Index Cond: ((id >= 5423016) AND (id <= 5423025))

explain: for point_selects :: explain SELECT c FROM sbtest%u WHERE id=%u
explain: for point_selects :: explain SELECT c FROM sbtest%u WHERE id=%u
explain: for point_selects :: explain SELECT c FROM sbtest%u WHERE id=%u
explain: for point_selects :: explain SELECT c FROM sbtest%u WHERE id=%u
explain: for non_index_updates :: explain UPDATE sbtest%u SET c='foobar' WHERE id=%u
for index_updates
table 1 : explain UPDATE sbtest1 SET k=k+1 WHERE id=2384789
	Update on sbtest1  (cost=0.43..8.46 rows=0 width=0)
	  ->  Index Scan using sbtest1_pkey on sbtest1  (cost=0.43..8.46 rows=1 width=10)
	        Index Cond: (id = 2384789)

table 2 : explain UPDATE sbtest2 SET k=k+1 WHERE id=6525408
	Update on sbtest2  (cost=0.43..8.46 rows=0 width=0)
	  ->  Index Scan using sbtest2_pkey on sbtest2  (cost=0.43..8.46 rows=1 width=10)
	        Index Cond: (id = 6525408)

table 3 : explain UPDATE sbtest3 SET k=k+1 WHERE id=2096495
	Update on sbtest3  (cost=0.43..8.46 rows=0 width=0)
	  ->  Index Scan using sbtest3_pkey on sbtest3  (cost=0.43..8.46 rows=1 width=10)
	        Index Cond: (id = 2096495)

table 4 : explain UPDATE sbtest4 SET k=k+1 WHERE id=1395567
	Update on sbtest4  (cost=0.43..8.46 rows=0 width=0)
	  ->  Index Scan using sbtest4_pkey on sbtest4  (cost=0.43..8.46 rows=1 width=10)
	        Index Cond: (id = 1395567)

table 5 : explain UPDATE sbtest5 SET k=k+1 WHERE id=1900785
	Update on sbtest5  (cost=0.43..8.46 rows=0 width=0)
	  ->  Index Scan using sbtest5_pkey on sbtest5  (cost=0.43..8.46 rows=1 width=10)
	        Index Cond: (id = 1900785)

table 6 : explain UPDATE sbtest6 SET k=k+1 WHERE id=1207339
	Update on sbtest6  (cost=0.43..8.46 rows=0 width=0)
	  ->  Index Scan using sbtest6_pkey on sbtest6  (cost=0.43..8.46 rows=1 width=10)
	        Index Cond: (id = 1207339)

table 7 : explain UPDATE sbtest7 SET k=k+1 WHERE id=8371791
	Update on sbtest7  (cost=0.43..8.46 rows=0 width=0)
	  ->  Index Scan using sbtest7_pkey on sbtest7  (cost=0.43..8.46 rows=1 width=10)
	        Index Cond: (id = 8371791)

table 8 : explain UPDATE sbtest8 SET k=k+1 WHERE id=4120342
	Update on sbtest8  (cost=0.43..8.46 rows=0 width=0)
	  ->  Index Scan using sbtest8_pkey on sbtest8  (cost=0.43..8.46 rows=1 width=10)
	        Index Cond: (id = 4120342)

for: simple_ranges
table 1 : explain SELECT c FROM sbtest1 WHERE id BETWEEN 1800330 AND 1800339
	Index Scan using sbtest1_pkey on sbtest1  (cost=0.43..39.59 rows=10 width=121)
	  Index Cond: ((id >= 1800330) AND (id <= 1800339))

table 2 : explain SELECT c FROM sbtest2 WHERE id BETWEEN 8222517 AND 8222526
	Index Scan using sbtest2_pkey on sbtest2  (cost=0.43..42.92 rows=11 width=121)
	  Index Cond: ((id >= 8222517) AND (id <= 8222526))

table 3 : explain SELECT c FROM sbtest3 WHERE id BETWEEN 1671677 AND 1671686
	Index Scan using sbtest3_pkey on sbtest3  (cost=0.43..39.21 rows=10 width=121)
	  Index Cond: ((id >= 1671677) AND (id <= 1671686))

table 4 : explain SELECT c FROM sbtest4 WHERE id BETWEEN 9996787 AND 9996796
	Index Scan using sbtest4_pkey on sbtest4  (cost=0.43..35.92 rows=9 width=121)
	  Index Cond: ((id >= 9996787) AND (id <= 9996796))

table 5 : explain SELECT c FROM sbtest5 WHERE id BETWEEN 2808480 AND 2808489
	Index Scan using sbtest5_pkey on sbtest5  (cost=0.43..42.96 rows=11 width=121)
	  Index Cond: ((id >= 2808480) AND (id <= 2808489))

table 6 : explain SELECT c FROM sbtest6 WHERE id BETWEEN 6729667 AND 6729676
	Index Scan using sbtest6_pkey on sbtest6  (cost=0.43..42.81 rows=11 width=121)
	  Index Cond: ((id >= 6729667) AND (id <= 6729676))

table 7 : explain SELECT c FROM sbtest7 WHERE id BETWEEN 859429 AND 859438
	Index Scan using sbtest7_pkey on sbtest7  (cost=0.43..39.33 rows=10 width=121)
	  Index Cond: ((id >= 859429) AND (id <= 859438))

table 8 : explain SELECT c FROM sbtest8 WHERE id BETWEEN 1543882 AND 1543891
	Index Scan using sbtest8_pkey on sbtest8  (cost=0.43..42.51 rows=11 width=121)
	  Index Cond: ((id >= 1543882) AND (id <= 1543891))

explain: for inserts :: explain INSERT INTO sbtest%u (id, k, c, pad) VALUES (%u, 13, 'foobar', 'foobar')
for: simple_ranges
table 1 : explain SELECT c FROM sbtest1 WHERE id BETWEEN 9110963 AND 9110972
	Index Scan using sbtest1_pkey on sbtest1  (cost=0.43..39.59 rows=10 width=121)
	  Index Cond: ((id >= 9110963) AND (id <= 9110972))

table 2 : explain SELECT c FROM sbtest2 WHERE id BETWEEN 4710463 AND 4710472
	Index Scan using sbtest2_pkey on sbtest2  (cost=0.43..39.48 rows=10 width=121)
	  Index Cond: ((id >= 4710463) AND (id <= 4710472))

table 3 : explain SELECT c FROM sbtest3 WHERE id BETWEEN 6850253 AND 6850262
	Index Scan using sbtest3_pkey on sbtest3  (cost=0.43..39.21 rows=10 width=121)
	  Index Cond: ((id >= 6850253) AND (id <= 6850262))

table 4 : explain SELECT c FROM sbtest4 WHERE id BETWEEN 4383664 AND 4383673
	Index Scan using sbtest4_pkey on sbtest4  (cost=0.43..35.92 rows=9 width=121)
	  Index Cond: ((id >= 4383664) AND (id <= 4383673))

table 5 : explain SELECT c FROM sbtest5 WHERE id BETWEEN 7571287 AND 7571296
	Index Scan using sbtest5_pkey on sbtest5  (cost=0.43..42.96 rows=11 width=121)
	  Index Cond: ((id >= 7571287) AND (id <= 7571296))

table 6 : explain SELECT c FROM sbtest6 WHERE id BETWEEN 6776950 AND 6776959
	Index Scan using sbtest6_pkey on sbtest6  (cost=0.43..42.81 rows=11 width=121)
	  Index Cond: ((id >= 6776950) AND (id <= 6776959))

table 7 : explain SELECT c FROM sbtest7 WHERE id BETWEEN 4158765 AND 4158774
	Index Scan using sbtest7_pkey on sbtest7  (cost=0.43..35.90 rows=9 width=121)
	  Index Cond: ((id >= 4158765) AND (id <= 4158774))

table 8 : explain SELECT c FROM sbtest8 WHERE id BETWEEN 1660385 AND 1660394
	Index Scan using sbtest8_pkey on sbtest8  (cost=0.43..35.70 rows=9 width=121)
	  Index Cond: ((id >= 1660385) AND (id <= 1660394))

for: simple_ranges
table 1 : explain SELECT c FROM sbtest1 WHERE id BETWEEN 324671 AND 324680
	Index Scan using sbtest1_pkey on sbtest1  (cost=0.43..39.59 rows=10 width=121)
	  Index Cond: ((id >= 324671) AND (id <= 324680))

table 2 : explain SELECT c FROM sbtest2 WHERE id BETWEEN 1394057 AND 1394066
	Index Scan using sbtest2_pkey on sbtest2  (cost=0.43..42.92 rows=11 width=121)
	  Index Cond: ((id >= 1394057) AND (id <= 1394066))

table 3 : explain SELECT c FROM sbtest3 WHERE id BETWEEN 4818520 AND 4818529
	Index Scan using sbtest3_pkey on sbtest3  (cost=0.43..39.21 rows=10 width=121)
	  Index Cond: ((id >= 4818520) AND (id <= 4818529))

table 4 : explain SELECT c FROM sbtest4 WHERE id BETWEEN 1843853 AND 1843862
	Index Scan using sbtest4_pkey on sbtest4  (cost=0.43..39.35 rows=10 width=121)
	  Index Cond: ((id >= 1843853) AND (id <= 1843862))

table 5 : explain SELECT c FROM sbtest5 WHERE id BETWEEN 1378680 AND 1378689
	Index Scan using sbtest5_pkey on sbtest5  (cost=0.43..36.06 rows=9 width=121)
	  Index Cond: ((id >= 1378680) AND (id <= 1378689))

table 6 : explain SELECT c FROM sbtest6 WHERE id BETWEEN 3487762 AND 3487771
	Index Scan using sbtest6_pkey on sbtest6  (cost=0.43..35.94 rows=9 width=121)
	  Index Cond: ((id >= 3487762) AND (id <= 3487771))

table 7 : explain SELECT c FROM sbtest7 WHERE id BETWEEN 6792583 AND 6792592
	Index Scan using sbtest7_pkey on sbtest7  (cost=0.43..39.33 rows=10 width=121)
	  Index Cond: ((id >= 6792583) AND (id <= 6792592))

table 8 : explain SELECT c FROM sbtest8 WHERE id BETWEEN 3707231 AND 3707240
	Index Scan using sbtest8_pkey on sbtest8  (cost=0.43..39.11 rows=10 width=121)
	  Index Cond: ((id >= 3707231) AND (id <= 3707240))

for non_index_updates
table 1 : explain UPDATE sbtest1 SET c='foobar' WHERE id=1346658
	Update on sbtest1  (cost=0.43..8.45 rows=0 width=0)
	  ->  Index Scan using sbtest1_pkey on sbtest1  (cost=0.43..8.45 rows=1 width=490)
	        Index Cond: (id = 1346658)

table 2 : explain UPDATE sbtest2 SET c='foobar' WHERE id=1434375
	Update on sbtest2  (cost=0.43..8.45 rows=0 width=0)
	  ->  Index Scan using sbtest2_pkey on sbtest2  (cost=0.43..8.45 rows=1 width=490)
	        Index Cond: (id = 1434375)

table 3 : explain UPDATE sbtest3 SET c='foobar' WHERE id=1800493
	Update on sbtest3  (cost=0.43..8.45 rows=0 width=0)
	  ->  Index Scan using sbtest3_pkey on sbtest3  (cost=0.43..8.45 rows=1 width=490)
	        Index Cond: (id = 1800493)

table 4 : explain UPDATE sbtest4 SET c='foobar' WHERE id=873862
	Update on sbtest4  (cost=0.43..8.45 rows=0 width=0)
	  ->  Index Scan using sbtest4_pkey on sbtest4  (cost=0.43..8.45 rows=1 width=490)
	        Index Cond: (id = 873862)

table 5 : explain UPDATE sbtest5 SET c='foobar' WHERE id=8731911
	Update on sbtest5  (cost=0.43..8.45 rows=0 width=0)
	  ->  Index Scan using sbtest5_pkey on sbtest5  (cost=0.43..8.45 rows=1 width=490)
	        Index Cond: (id = 8731911)

table 6 : explain UPDATE sbtest6 SET c='foobar' WHERE id=706824
	Update on sbtest6  (cost=0.43..8.45 rows=0 width=0)
	  ->  Index Scan using sbtest6_pkey on sbtest6  (cost=0.43..8.45 rows=1 width=490)
	        Index Cond: (id = 706824)

table 7 : explain UPDATE sbtest7 SET c='foobar' WHERE id=6247767
	Update on sbtest7  (cost=0.43..8.45 rows=0 width=0)
	  ->  Index Scan using sbtest7_pkey on sbtest7  (cost=0.43..8.45 rows=1 width=490)
	        Index Cond: (id = 6247767)

table 8 : explain UPDATE sbtest8 SET c='foobar' WHERE id=5109036
	Update on sbtest8  (cost=0.43..8.45 rows=0 width=0)
	  ->  Index Scan using sbtest8_pkey on sbtest8  (cost=0.43..8.45 rows=1 width=490)
	        Index Cond: (id = 5109036)

for: simple_ranges
table 1 : explain SELECT c FROM sbtest1 WHERE id BETWEEN 1712418 AND 1712427
	Index Scan using sbtest1_pkey on sbtest1  (cost=0.43..39.59 rows=10 width=121)
	  Index Cond: ((id >= 1712418) AND (id <= 1712427))

table 2 : explain SELECT c FROM sbtest2 WHERE id BETWEEN 384880 AND 384889
	Index Scan using sbtest2_pkey on sbtest2  (cost=0.43..39.48 rows=10 width=121)
	  Index Cond: ((id >= 384880) AND (id <= 384889))

table 3 : explain SELECT c FROM sbtest3 WHERE id BETWEEN 214246 AND 214255
	Index Scan using sbtest3_pkey on sbtest3  (cost=0.43..35.79 rows=9 width=121)
	  Index Cond: ((id >= 214246) AND (id <= 214255))

table 4 : explain SELECT c FROM sbtest4 WHERE id BETWEEN 5100015 AND 5100024
	Index Scan using sbtest4_pkey on sbtest4  (cost=0.43..39.35 rows=10 width=121)
	  Index Cond: ((id >= 5100015) AND (id <= 5100024))

table 5 : explain SELECT c FROM sbtest5 WHERE id BETWEEN 2882924 AND 2882933
	Index Scan using sbtest5_pkey on sbtest5  (cost=0.43..39.51 rows=10 width=121)
	  Index Cond: ((id >= 2882924) AND (id <= 2882933))

table 6 : explain SELECT c FROM sbtest6 WHERE id BETWEEN 6950977 AND 6950986
	Index Scan using sbtest6_pkey on sbtest6  (cost=0.43..39.37 rows=10 width=121)
	  Index Cond: ((id >= 6950977) AND (id <= 6950986))

table 7 : explain SELECT c FROM sbtest7 WHERE id BETWEEN 1549008 AND 1549017
	Index Scan using sbtest7_pkey on sbtest7  (cost=0.43..42.76 rows=11 width=121)
	  Index Cond: ((id >= 1549008) AND (id <= 1549017))

table 8 : explain SELECT c FROM sbtest8 WHERE id BETWEEN 166552 AND 166561
	Index Scan using sbtest8_pkey on sbtest8  (cost=0.43..42.51 rows=11 width=121)
	  Index Cond: ((id >= 166552) AND (id <= 166561))

explain: for non_index_updates :: explain UPDATE sbtest%u SET c='foobar' WHERE id=%u
for point_selects
table 1 : explain SELECT c FROM sbtest1 WHERE id=8896496
	Index Scan using sbtest1_pkey on sbtest1  (cost=0.43..8.45 rows=1 width=121)
	  Index Cond: (id = 8896496)

table 2 : explain SELECT c FROM sbtest2 WHERE id=3378155
	Index Scan using sbtest2_pkey on sbtest2  (cost=0.43..8.45 rows=1 width=121)
	  Index Cond: (id = 3378155)

table 3 : explain SELECT c FROM sbtest3 WHERE id=8337724
	Index Scan using sbtest3_pkey on sbtest3  (cost=0.43..8.45 rows=1 width=121)
	  Index Cond: (id = 8337724)

table 4 : explain SELECT c FROM sbtest4 WHERE id=2864455
	Index Scan using sbtest4_pkey on sbtest4  (cost=0.43..8.45 rows=1 width=121)
	  Index Cond: (id = 2864455)

table 5 : explain SELECT c FROM sbtest5 WHERE id=4098636
	Index Scan using sbtest5_pkey on sbtest5  (cost=0.43..8.45 rows=1 width=121)
	  Index Cond: (id = 4098636)

table 6 : explain SELECT c FROM sbtest6 WHERE id=1175583
	Index Scan using sbtest6_pkey on sbtest6  (cost=0.43..8.45 rows=1 width=121)
	  Index Cond: (id = 1175583)

table 7 : explain SELECT c FROM sbtest7 WHERE id=3577677
	Index Scan using sbtest7_pkey on sbtest7  (cost=0.43..8.45 rows=1 width=121)
	  Index Cond: (id = 3577677)

table 8 : explain SELECT c FROM sbtest8 WHERE id=121311
	Index Scan using sbtest8_pkey on sbtest8  (cost=0.43..8.45 rows=1 width=121)
	  Index Cond: (id = 121311)

explain: for point_selects :: explain SELECT c FROM sbtest%u WHERE id=%u
for inserts
table 1 : explain INSERT INTO sbtest1 (id, k, c, pad) VALUES (9550976, 13, 'foobar', 'foobar')
	Insert on sbtest1  (cost=0.00..0.01 rows=0 width=0)
	  ->  Result  (cost=0.00..0.01 rows=1 width=736)

table 2 : explain INSERT INTO sbtest2 (id, k, c, pad) VALUES (9989499, 13, 'foobar', 'foobar')
	Insert on sbtest2  (cost=0.00..0.01 rows=0 width=0)
	  ->  Result  (cost=0.00..0.01 rows=1 width=736)

table 3 : explain INSERT INTO sbtest3 (id, k, c, pad) VALUES (3046982, 13, 'foobar', 'foobar')
	Insert on sbtest3  (cost=0.00..0.01 rows=0 width=0)
	  ->  Result  (cost=0.00..0.01 rows=1 width=736)

table 4 : explain INSERT INTO sbtest4 (id, k, c, pad) VALUES (881333, 13, 'foobar', 'foobar')
	Insert on sbtest4  (cost=0.00..0.01 rows=0 width=0)
	  ->  Result  (cost=0.00..0.01 rows=1 width=736)

table 5 : explain INSERT INTO sbtest5 (id, k, c, pad) VALUES (9321995, 13, 'foobar', 'foobar')
	Insert on sbtest5  (cost=0.00..0.01 rows=0 width=0)
	  ->  Result  (cost=0.00..0.01 rows=1 width=736)

table 6 : explain INSERT INTO sbtest6 (id, k, c, pad) VALUES (5189491, 13, 'foobar', 'foobar')
	Insert on sbtest6  (cost=0.00..0.01 rows=0 width=0)
	  ->  Result  (cost=0.00..0.01 rows=1 width=736)

table 7 : explain INSERT INTO sbtest7 (id, k, c, pad) VALUES (5037940, 13, 'foobar', 'foobar')
	Insert on sbtest7  (cost=0.00..0.01 rows=0 width=0)
	  ->  Result  (cost=0.00..0.01 rows=1 width=736)

table 8 : explain INSERT INTO sbtest8 (id, k, c, pad) VALUES (4881663, 13, 'foobar', 'foobar')
	Insert on sbtest8  (cost=0.00..0.01 rows=0 width=0)
	  ->  Result  (cost=0.00..0.01 rows=1 width=736)

explain: for point_selects :: explain SELECT c FROM sbtest%u WHERE id=%u
for non_index_updates
table 1 : explain UPDATE sbtest1 SET c='foobar' WHERE id=6731323
	Update on sbtest1  (cost=0.43..8.45 rows=0 width=0)
	  ->  Index Scan using sbtest1_pkey on sbtest1  (cost=0.43..8.45 rows=1 width=490)
	        Index Cond: (id = 6731323)

table 2 : explain UPDATE sbtest2 SET c='foobar' WHERE id=3660423
	Update on sbtest2  (cost=0.43..8.45 rows=0 width=0)
	  ->  Index Scan using sbtest2_pkey on sbtest2  (cost=0.43..8.45 rows=1 width=490)
	        Index Cond: (id = 3660423)

table 3 : explain UPDATE sbtest3 SET c='foobar' WHERE id=4416985
	Update on sbtest3  (cost=0.43..8.45 rows=0 width=0)
	  ->  Index Scan using sbtest3_pkey on sbtest3  (cost=0.43..8.45 rows=1 width=490)
	        Index Cond: (id = 4416985)

table 4 : explain UPDATE sbtest4 SET c='foobar' WHERE id=2340170
	Update on sbtest4  (cost=0.43..8.45 rows=0 width=0)
	  ->  Index Scan using sbtest4_pkey on sbtest4  (cost=0.43..8.45 rows=1 width=490)
	        Index Cond: (id = 2340170)

table 5 : explain UPDATE sbtest5 SET c='foobar' WHERE id=6883369
	Update on sbtest5  (cost=0.43..8.45 rows=0 width=0)
	  ->  Index Scan using sbtest5_pkey on sbtest5  (cost=0.43..8.45 rows=1 width=490)
	        Index Cond: (id = 6883369)

table 6 : explain UPDATE sbtest6 SET c='foobar' WHERE id=5359213
	Update on sbtest6  (cost=0.43..8.45 rows=0 width=0)
	  ->  Index Scan using sbtest6_pkey on sbtest6  (cost=0.43..8.45 rows=1 width=490)
	        Index Cond: (id = 5359213)

table 7 : explain UPDATE sbtest7 SET c='foobar' WHERE id=565459
	Update on sbtest7  (cost=0.43..8.45 rows=0 width=0)
	  ->  Index Scan using sbtest7_pkey on sbtest7  (cost=0.43..8.45 rows=1 width=490)
	        Index Cond: (id = 565459)

table 8 : explain UPDATE sbtest8 SET c='foobar' WHERE id=2304637
	Update on sbtest8  (cost=0.43..8.45 rows=0 width=0)
	  ->  Index Scan using sbtest8_pkey on sbtest8  (cost=0.43..8.45 rows=1 width=490)
	        Index Cond: (id = 2304637)

for: simple_ranges
table 1 : explain SELECT c FROM sbtest1 WHERE id BETWEEN 1491238 AND 1491247
	Index Scan using sbtest1_pkey on sbtest1  (cost=0.43..39.59 rows=10 width=121)
	  Index Cond: ((id >= 1491238) AND (id <= 1491247))

table 2 : explain SELECT c FROM sbtest2 WHERE id BETWEEN 5805454 AND 5805463
	Index Scan using sbtest2_pkey on sbtest2  (cost=0.43..36.03 rows=9 width=121)
	  Index Cond: ((id >= 5805454) AND (id <= 5805463))

table 3 : explain SELECT c FROM sbtest3 WHERE id BETWEEN 4955591 AND 4955600
	Index Scan using sbtest3_pkey on sbtest3  (cost=0.43..42.62 rows=11 width=121)
	  Index Cond: ((id >= 4955591) AND (id <= 4955600))

table 4 : explain SELECT c FROM sbtest4 WHERE id BETWEEN 2908470 AND 2908479
	Index Scan using sbtest4_pkey on sbtest4  (cost=0.43..35.92 rows=9 width=121)
	  Index Cond: ((id >= 2908470) AND (id <= 2908479))

table 5 : explain SELECT c FROM sbtest5 WHERE id BETWEEN 901083 AND 901092
	Index Scan using sbtest5_pkey on sbtest5  (cost=0.43..39.51 rows=10 width=121)
	  Index Cond: ((id >= 901083) AND (id <= 901092))

table 6 : explain SELECT c FROM sbtest6 WHERE id BETWEEN 8584320 AND 8584329
	Index Scan using sbtest6_pkey on sbtest6  (cost=0.43..42.81 rows=11 width=121)
	  Index Cond: ((id >= 8584320) AND (id <= 8584329))

table 7 : explain SELECT c FROM sbtest7 WHERE id BETWEEN 1979180 AND 1979189
	Index Scan using sbtest7_pkey on sbtest7  (cost=0.43..39.33 rows=10 width=121)
	  Index Cond: ((id >= 1979180) AND (id <= 1979189))

table 8 : explain SELECT c FROM sbtest8 WHERE id BETWEEN 583215 AND 583224
	Index Scan using sbtest8_pkey on sbtest8  (cost=0.43..35.70 rows=9 width=121)
	  Index Cond: ((id >= 583215) AND (id <= 583224))

explain: for deletes :: explain DELETE FROM sbtest%u WHERE id=%u
for non_index_updates
table 1 : explain UPDATE sbtest1 SET c='foobar' WHERE id=6598711
	Update on sbtest1  (cost=0.43..8.45 rows=0 width=0)
	  ->  Index Scan using sbtest1_pkey on sbtest1  (cost=0.43..8.45 rows=1 width=490)
	        Index Cond: (id = 6598711)

table 2 : explain UPDATE sbtest2 SET c='foobar' WHERE id=737198
	Update on sbtest2  (cost=0.43..8.45 rows=0 width=0)
	  ->  Index Scan using sbtest2_pkey on sbtest2  (cost=0.43..8.45 rows=1 width=490)
	        Index Cond: (id = 737198)

table 3 : explain UPDATE sbtest3 SET c='foobar' WHERE id=1252298
	Update on sbtest3  (cost=0.43..8.45 rows=0 width=0)
	  ->  Index Scan using sbtest3_pkey on sbtest3  (cost=0.43..8.45 rows=1 width=490)
	        Index Cond: (id = 1252298)

table 4 : explain UPDATE sbtest4 SET c='foobar' WHERE id=814619
	Update on sbtest4  (cost=0.43..8.45 rows=0 width=0)
	  ->  Index Scan using sbtest4_pkey on sbtest4  (cost=0.43..8.45 rows=1 width=490)
	        Index Cond: (id = 814619)

table 5 : explain UPDATE sbtest5 SET c='foobar' WHERE id=951753
	Update on sbtest5  (cost=0.43..8.45 rows=0 width=0)
	  ->  Index Scan using sbtest5_pkey on sbtest5  (cost=0.43..8.45 rows=1 width=490)
	        Index Cond: (id = 951753)

table 6 : explain UPDATE sbtest6 SET c='foobar' WHERE id=6588640
	Update on sbtest6  (cost=0.43..8.45 rows=0 width=0)
	  ->  Index Scan using sbtest6_pkey on sbtest6  (cost=0.43..8.45 rows=1 width=490)
	        Index Cond: (id = 6588640)

table 7 : explain UPDATE sbtest7 SET c='foobar' WHERE id=5640607
	Update on sbtest7  (cost=0.43..8.45 rows=0 width=0)
	  ->  Index Scan using sbtest7_pkey on sbtest7  (cost=0.43..8.45 rows=1 width=490)
	        Index Cond: (id = 5640607)

table 8 : explain UPDATE sbtest8 SET c='foobar' WHERE id=1255920
	Update on sbtest8  (cost=0.43..8.45 rows=0 width=0)
	  ->  Index Scan using sbtest8_pkey on sbtest8  (cost=0.43..8.45 rows=1 width=490)
	        Index Cond: (id = 1255920)

for point_selects
table 1 : explain SELECT c FROM sbtest1 WHERE id=1142274
	Index Scan using sbtest1_pkey on sbtest1  (cost=0.43..8.45 rows=1 width=121)
	  Index Cond: (id = 1142274)

table 2 : explain SELECT c FROM sbtest2 WHERE id=983830
	Index Scan using sbtest2_pkey on sbtest2  (cost=0.43..8.45 rows=1 width=121)
	  Index Cond: (id = 983830)

table 3 : explain SELECT c FROM sbtest3 WHERE id=8066223
	Index Scan using sbtest3_pkey on sbtest3  (cost=0.43..8.45 rows=1 width=121)
	  Index Cond: (id = 8066223)

table 4 : explain SELECT c FROM sbtest4 WHERE id=3418347
	Index Scan using sbtest4_pkey on sbtest4  (cost=0.43..8.45 rows=1 width=121)
	  Index Cond: (id = 3418347)

table 5 : explain SELECT c FROM sbtest5 WHERE id=3565867
	Index Scan using sbtest5_pkey on sbtest5  (cost=0.43..8.45 rows=1 width=121)
	  Index Cond: (id = 3565867)

table 6 : explain SELECT c FROM sbtest6 WHERE id=2212014
	Index Scan using sbtest6_pkey on sbtest6  (cost=0.43..8.45 rows=1 width=121)
	  Index Cond: (id = 2212014)

table 7 : explain SELECT c FROM sbtest7 WHERE id=9189950
	Index Scan using sbtest7_pkey on sbtest7  (cost=0.43..8.45 rows=1 width=121)
	  Index Cond: (id = 9189950)

table 8 : explain SELECT c FROM sbtest8 WHERE id=4138894
	Index Scan using sbtest8_pkey on sbtest8  (cost=0.43..8.45 rows=1 width=121)
	  Index Cond: (id = 4138894)

for: sum_ranges
table 1 : explain SELECT SUM(k) FROM sbtest1 WHERE id BETWEEN 5822747 AND 5822756
	Aggregate  (cost=36.16..36.17 rows=1 width=8)
	  ->  Index Scan using sbtest1_pkey on sbtest1  (cost=0.43..36.13 rows=9 width=4)
	        Index Cond: ((id >= 5822747) AND (id <= 5822756))

table 2 : explain SELECT SUM(k) FROM sbtest2 WHERE id BETWEEN 4984732 AND 4984741
	Aggregate  (cost=39.50..39.51 rows=1 width=8)
	  ->  Index Scan using sbtest2_pkey on sbtest2  (cost=0.43..39.48 rows=10 width=4)
	        Index Cond: ((id >= 4984732) AND (id <= 4984741))

table 3 : explain SELECT SUM(k) FROM sbtest3 WHERE id BETWEEN 4093179 AND 4093188
	Aggregate  (cost=35.81..35.82 rows=1 width=8)
	  ->  Index Scan using sbtest3_pkey on sbtest3  (cost=0.43..35.79 rows=9 width=4)
	        Index Cond: ((id >= 4093179) AND (id <= 4093188))

table 4 : explain SELECT SUM(k) FROM sbtest4 WHERE id BETWEEN 9936892 AND 9936901
	Aggregate  (cost=35.94..35.95 rows=1 width=8)
	  ->  Index Scan using sbtest4_pkey on sbtest4  (cost=0.43..35.92 rows=9 width=4)
	        Index Cond: ((id >= 9936892) AND (id <= 9936901))

table 5 : explain SELECT SUM(k) FROM sbtest5 WHERE id BETWEEN 3407667 AND 3407676
	Aggregate  (cost=39.53..39.54 rows=1 width=8)
	  ->  Index Scan using sbtest5_pkey on sbtest5  (cost=0.43..39.51 rows=10 width=4)
	        Index Cond: ((id >= 3407667) AND (id <= 3407676))

table 6 : explain SELECT SUM(k) FROM sbtest6 WHERE id BETWEEN 6896529 AND 6896538
	Aggregate  (cost=42.84..42.85 rows=1 width=8)
	  ->  Index Scan using sbtest6_pkey on sbtest6  (cost=0.43..42.81 rows=11 width=4)
	        Index Cond: ((id >= 6896529) AND (id <= 6896538))

table 7 : explain SELECT SUM(k) FROM sbtest7 WHERE id BETWEEN 8659422 AND 8659431
	Aggregate  (cost=39.35..39.36 rows=1 width=8)
	  ->  Index Scan using sbtest7_pkey on sbtest7  (cost=0.43..39.33 rows=10 width=4)
	        Index Cond: ((id >= 8659422) AND (id <= 8659431))

table 8 : explain SELECT SUM(k) FROM sbtest8 WHERE id BETWEEN 3911099 AND 3911108
	Aggregate  (cost=35.72..35.73 rows=1 width=8)
	  ->  Index Scan using sbtest8_pkey on sbtest8  (cost=0.43..35.70 rows=9 width=4)
	        Index Cond: ((id >= 3911099) AND (id <= 3911108))

for: sum_ranges
table 1 : explain SELECT SUM(k) FROM sbtest1 WHERE id BETWEEN 1351286 AND 1351295
	Aggregate  (cost=36.16..36.17 rows=1 width=8)
	  ->  Index Scan using sbtest1_pkey on sbtest1  (cost=0.43..36.13 rows=9 width=4)
	        Index Cond: ((id >= 1351286) AND (id <= 1351295))

table 2 : explain SELECT SUM(k) FROM sbtest2 WHERE id BETWEEN 1401600 AND 1401609
	Aggregate  (cost=42.95..42.96 rows=1 width=8)
	  ->  Index Scan using sbtest2_pkey on sbtest2  (cost=0.43..42.92 rows=11 width=4)
	        Index Cond: ((id >= 1401600) AND (id <= 1401609))

table 3 : explain SELECT SUM(k) FROM sbtest3 WHERE id BETWEEN 4190123 AND 4190132
	Aggregate  (cost=39.23..39.24 rows=1 width=8)
	  ->  Index Scan using sbtest3_pkey on sbtest3  (cost=0.43..39.21 rows=10 width=4)
	        Index Cond: ((id >= 4190123) AND (id <= 4190132))

table 4 : explain SELECT SUM(k) FROM sbtest4 WHERE id BETWEEN 569569 AND 569578
	Aggregate  (cost=39.38..39.39 rows=1 width=8)
	  ->  Index Scan using sbtest4_pkey on sbtest4  (cost=0.43..39.35 rows=10 width=4)
	        Index Cond: ((id >= 569569) AND (id <= 569578))

table 5 : explain SELECT SUM(k) FROM sbtest5 WHERE id BETWEEN 7760321 AND 7760330
	Aggregate  (cost=39.53..39.54 rows=1 width=8)
	  ->  Index Scan using sbtest5_pkey on sbtest5  (cost=0.43..39.51 rows=10 width=4)
	        Index Cond: ((id >= 7760321) AND (id <= 7760330))

table 6 : explain SELECT SUM(k) FROM sbtest6 WHERE id BETWEEN 1678361 AND 1678370
	Aggregate  (cost=39.40..39.41 rows=1 width=8)
	  ->  Index Scan using sbtest6_pkey on sbtest6  (cost=0.43..39.37 rows=10 width=4)
	        Index Cond: ((id >= 1678361) AND (id <= 1678370))

table 7 : explain SELECT SUM(k) FROM sbtest7 WHERE id BETWEEN 9013293 AND 9013302
	Aggregate  (cost=39.35..39.36 rows=1 width=8)
	  ->  Index Scan using sbtest7_pkey on sbtest7  (cost=0.43..39.33 rows=10 width=4)
	        Index Cond: ((id >= 9013293) AND (id <= 9013302))

table 8 : explain SELECT SUM(k) FROM sbtest8 WHERE id BETWEEN 6554819 AND 6554828
	Aggregate  (cost=39.13..39.14 rows=1 width=8)
	  ->  Index Scan using sbtest8_pkey on sbtest8  (cost=0.43..39.11 rows=10 width=4)
	        Index Cond: ((id >= 6554819) AND (id <= 6554828))

explain: for deletes :: explain DELETE FROM sbtest%u WHERE id=%u
for deletes
table 1 : explain DELETE FROM sbtest1 WHERE id=9109140
	Delete on sbtest1  (cost=0.43..8.45 rows=0 width=0)
	  ->  Index Scan using sbtest1_pkey on sbtest1  (cost=0.43..8.45 rows=1 width=6)
	        Index Cond: (id = 9109140)

table 2 : explain DELETE FROM sbtest2 WHERE id=1124182
	Delete on sbtest2  (cost=0.43..8.45 rows=0 width=0)
	  ->  Index Scan using sbtest2_pkey on sbtest2  (cost=0.43..8.45 rows=1 width=6)
	        Index Cond: (id = 1124182)

table 3 : explain DELETE FROM sbtest3 WHERE id=7613805
	Delete on sbtest3  (cost=0.43..8.45 rows=0 width=0)
	  ->  Index Scan using sbtest3_pkey on sbtest3  (cost=0.43..8.45 rows=1 width=6)
	        Index Cond: (id = 7613805)

table 4 : explain DELETE FROM sbtest4 WHERE id=564289
	Delete on sbtest4  (cost=0.43..8.45 rows=0 width=0)
	  ->  Index Scan using sbtest4_pkey on sbtest4  (cost=0.43..8.45 rows=1 width=6)
	        Index Cond: (id = 564289)

table 5 : explain DELETE FROM sbtest5 WHERE id=3110033
	Delete on sbtest5  (cost=0.43..8.45 rows=0 width=0)
	  ->  Index Scan using sbtest5_pkey on sbtest5  (cost=0.43..8.45 rows=1 width=6)
	        Index Cond: (id = 3110033)

table 6 : explain DELETE FROM sbtest6 WHERE id=2352739
	Delete on sbtest6  (cost=0.43..8.45 rows=0 width=0)
	  ->  Index Scan using sbtest6_pkey on sbtest6  (cost=0.43..8.45 rows=1 width=6)
	        Index Cond: (id = 2352739)

table 7 : explain DELETE FROM sbtest7 WHERE id=3760486
	Delete on sbtest7  (cost=0.43..8.45 rows=0 width=0)
	  ->  Index Scan using sbtest7_pkey on sbtest7  (cost=0.43..8.45 rows=1 width=6)
	        Index Cond: (id = 3760486)

table 8 : explain DELETE FROM sbtest8 WHERE id=2453563
	Delete on sbtest8  (cost=0.43..8.45 rows=0 width=0)
	  ->  Index Scan using sbtest8_pkey on sbtest8  (cost=0.43..8.45 rows=1 width=6)
	        Index Cond: (id = 2453563)

for: sum_ranges
table 1 : explain SELECT SUM(k) FROM sbtest1 WHERE id BETWEEN 5403056 AND 5403065
	Aggregate  (cost=39.62..39.63 rows=1 width=8)
	  ->  Index Scan using sbtest1_pkey on sbtest1  (cost=0.43..39.59 rows=10 width=4)
	        Index Cond: ((id >= 5403056) AND (id <= 5403065))

table 2 : explain SELECT SUM(k) FROM sbtest2 WHERE id BETWEEN 1289823 AND 1289832
	Aggregate  (cost=39.50..39.51 rows=1 width=8)
	  ->  Index Scan using sbtest2_pkey on sbtest2  (cost=0.43..39.48 rows=10 width=4)
	        Index Cond: ((id >= 1289823) AND (id <= 1289832))

table 3 : explain SELECT SUM(k) FROM sbtest3 WHERE id BETWEEN 8223538 AND 8223547
	Aggregate  (cost=39.23..39.24 rows=1 width=8)
	  ->  Index Scan using sbtest3_pkey on sbtest3  (cost=0.43..39.21 rows=10 width=4)
	        Index Cond: ((id >= 8223538) AND (id <= 8223547))

table 4 : explain SELECT SUM(k) FROM sbtest4 WHERE id BETWEEN 5870877 AND 5870886
	Aggregate  (cost=35.94..35.95 rows=1 width=8)
	  ->  Index Scan using sbtest4_pkey on sbtest4  (cost=0.43..35.92 rows=9 width=4)
	        Index Cond: ((id >= 5870877) AND (id <= 5870886))

table 5 : explain SELECT SUM(k) FROM sbtest5 WHERE id BETWEEN 8914562 AND 8914571
	Aggregate  (cost=42.99..43.00 rows=1 width=8)
	  ->  Index Scan using sbtest5_pkey on sbtest5  (cost=0.43..42.96 rows=11 width=4)
	        Index Cond: ((id >= 8914562) AND (id <= 8914571))

table 6 : explain SELECT SUM(k) FROM sbtest6 WHERE id BETWEEN 6507324 AND 6507333
	Aggregate  (cost=35.96..35.97 rows=1 width=8)
	  ->  Index Scan using sbtest6_pkey on sbtest6  (cost=0.43..35.94 rows=9 width=4)
	        Index Cond: ((id >= 6507324) AND (id <= 6507333))

table 7 : explain SELECT SUM(k) FROM sbtest7 WHERE id BETWEEN 7593555 AND 7593564
	Aggregate  (cost=42.78..42.79 rows=1 width=8)
	  ->  Index Scan using sbtest7_pkey on sbtest7  (cost=0.43..42.76 rows=11 width=4)
	        Index Cond: ((id >= 7593555) AND (id <= 7593564))

table 8 : explain SELECT SUM(k) FROM sbtest8 WHERE id BETWEEN 1086845 AND 1086854
	Aggregate  (cost=39.13..39.14 rows=1 width=8)
	  ->  Index Scan using sbtest8_pkey on sbtest8  (cost=0.43..39.11 rows=10 width=4)
	        Index Cond: ((id >= 1086845) AND (id <= 1086854))

for: sum_ranges
table 1 : explain SELECT SUM(k) FROM sbtest1 WHERE id BETWEEN 1338356 AND 1338365
	Aggregate  (cost=36.16..36.17 rows=1 width=8)
	  ->  Index Scan using sbtest1_pkey on sbtest1  (cost=0.43..36.13 rows=9 width=4)
	        Index Cond: ((id >= 1338356) AND (id <= 1338365))

table 2 : explain SELECT SUM(k) FROM sbtest2 WHERE id BETWEEN 8032729 AND 8032738
	Aggregate  (cost=36.05..36.06 rows=1 width=8)
	  ->  Index Scan using sbtest2_pkey on sbtest2  (cost=0.43..36.03 rows=9 width=4)
	        Index Cond: ((id >= 8032729) AND (id <= 8032738))

table 3 : explain SELECT SUM(k) FROM sbtest3 WHERE id BETWEEN 7495900 AND 7495909
	Aggregate  (cost=35.81..35.82 rows=1 width=8)
	  ->  Index Scan using sbtest3_pkey on sbtest3  (cost=0.43..35.79 rows=9 width=4)
	        Index Cond: ((id >= 7495900) AND (id <= 7495909))

table 4 : explain SELECT SUM(k) FROM sbtest4 WHERE id BETWEEN 8487086 AND 8487095
	Aggregate  (cost=39.38..39.39 rows=1 width=8)
	  ->  Index Scan using sbtest4_pkey on sbtest4  (cost=0.43..39.35 rows=10 width=4)
	        Index Cond: ((id >= 8487086) AND (id <= 8487095))

table 5 : explain SELECT SUM(k) FROM sbtest5 WHERE id BETWEEN 3230940 AND 3230949
	Aggregate  (cost=39.53..39.54 rows=1 width=8)
	  ->  Index Scan using sbtest5_pkey on sbtest5  (cost=0.43..39.51 rows=10 width=4)
	        Index Cond: ((id >= 3230940) AND (id <= 3230949))

table 6 : explain SELECT SUM(k) FROM sbtest6 WHERE id BETWEEN 647707 AND 647716
	Aggregate  (cost=39.40..39.41 rows=1 width=8)
	  ->  Index Scan using sbtest6_pkey on sbtest6  (cost=0.43..39.37 rows=10 width=4)
	        Index Cond: ((id >= 647707) AND (id <= 647716))

table 7 : explain SELECT SUM(k) FROM sbtest7 WHERE id BETWEEN 909789 AND 909798
	Aggregate  (cost=39.35..39.36 rows=1 width=8)
	  ->  Index Scan using sbtest7_pkey on sbtest7  (cost=0.43..39.33 rows=10 width=4)
	        Index Cond: ((id >= 909789) AND (id <= 909798))

table 8 : explain SELECT SUM(k) FROM sbtest8 WHERE id BETWEEN 8639019 AND 8639028
	Aggregate  (cost=49.36..49.37 rows=1 width=8)
	  ->  Index Scan using sbtest8_pkey on sbtest8  (cost=0.43..49.33 rows=13 width=4)
	        Index Cond: ((id >= 8639019) AND (id <= 8639028))

for: simple_ranges
table 1 : explain SELECT c FROM sbtest1 WHERE id BETWEEN 8652408 AND 8652417
	Index Scan using sbtest1_pkey on sbtest1  (cost=0.43..39.59 rows=10 width=121)
	  Index Cond: ((id >= 8652408) AND (id <= 8652417))

table 2 : explain SELECT c FROM sbtest2 WHERE id BETWEEN 9053050 AND 9053059
	Index Scan using sbtest2_pkey on sbtest2  (cost=0.43..39.48 rows=10 width=121)
	  Index Cond: ((id >= 9053050) AND (id <= 9053059))

table 3 : explain SELECT c FROM sbtest3 WHERE id BETWEEN 183583 AND 183592
	Index Scan using sbtest3_pkey on sbtest3  (cost=0.43..35.79 rows=9 width=121)
	  Index Cond: ((id >= 183583) AND (id <= 183592))

table 4 : explain SELECT c FROM sbtest4 WHERE id BETWEEN 5769712 AND 5769721
	Index Scan using sbtest4_pkey on sbtest4  (cost=0.43..39.35 rows=10 width=121)
	  Index Cond: ((id >= 5769712) AND (id <= 5769721))

table 5 : explain SELECT c FROM sbtest5 WHERE id BETWEEN 7807251 AND 7807260
	Index Scan using sbtest5_pkey on sbtest5  (cost=0.43..39.51 rows=10 width=121)
	  Index Cond: ((id >= 7807251) AND (id <= 7807260))

table 6 : explain SELECT c FROM sbtest6 WHERE id BETWEEN 7401822 AND 7401831
	Index Scan using sbtest6_pkey on sbtest6  (cost=0.43..39.37 rows=10 width=121)
	  Index Cond: ((id >= 7401822) AND (id <= 7401831))

table 7 : explain SELECT c FROM sbtest7 WHERE id BETWEEN 1513652 AND 1513661
	Index Scan using sbtest7_pkey on sbtest7  (cost=0.43..42.76 rows=11 width=121)
	  Index Cond: ((id >= 1513652) AND (id <= 1513661))

table 8 : explain SELECT c FROM sbtest8 WHERE id BETWEEN 8752361 AND 8752370
	Index Scan using sbtest8_pkey on sbtest8  (cost=0.43..35.70 rows=9 width=121)
	  Index Cond: ((id >= 8752361) AND (id <= 8752370))

for: sum_ranges
table 1 : explain SELECT SUM(k) FROM sbtest1 WHERE id BETWEEN 6448074 AND 6448083
	Aggregate  (cost=39.62..39.63 rows=1 width=8)
	  ->  Index Scan using sbtest1_pkey on sbtest1  (cost=0.43..39.59 rows=10 width=4)
	        Index Cond: ((id >= 6448074) AND (id <= 6448083))

table 2 : explain SELECT SUM(k) FROM sbtest2 WHERE id BETWEEN 6859353 AND 6859362
	Aggregate  (cost=39.50..39.51 rows=1 width=8)
	  ->  Index Scan using sbtest2_pkey on sbtest2  (cost=0.43..39.48 rows=10 width=4)
	        Index Cond: ((id >= 6859353) AND (id <= 6859362))

table 3 : explain SELECT SUM(k) FROM sbtest3 WHERE id BETWEEN 921885 AND 921894
	Aggregate  (cost=35.81..35.82 rows=1 width=8)
	  ->  Index Scan using sbtest3_pkey on sbtest3  (cost=0.43..35.79 rows=9 width=4)
	        Index Cond: ((id >= 921885) AND (id <= 921894))

table 4 : explain SELECT SUM(k) FROM sbtest4 WHERE id BETWEEN 4053672 AND 4053681
	Aggregate  (cost=42.81..42.82 rows=1 width=8)
	  ->  Index Scan using sbtest4_pkey on sbtest4  (cost=0.43..42.79 rows=11 width=4)
	        Index Cond: ((id >= 4053672) AND (id <= 4053681))

table 5 : explain SELECT SUM(k) FROM sbtest5 WHERE id BETWEEN 5676396 AND 5676405
	Aggregate  (cost=39.53..39.54 rows=1 width=8)
	  ->  Index Scan using sbtest5_pkey on sbtest5  (cost=0.43..39.51 rows=10 width=4)
	        Index Cond: ((id >= 5676396) AND (id <= 5676405))

table 6 : explain SELECT SUM(k) FROM sbtest6 WHERE id BETWEEN 5731560 AND 5731569
	Aggregate  (cost=39.40..39.41 rows=1 width=8)
	  ->  Index Scan using sbtest6_pkey on sbtest6  (cost=0.43..39.37 rows=10 width=4)
	        Index Cond: ((id >= 5731560) AND (id <= 5731569))

table 7 : explain SELECT SUM(k) FROM sbtest7 WHERE id BETWEEN 1642234 AND 1642243
	Aggregate  (cost=42.78..42.79 rows=1 width=8)
	  ->  Index Scan using sbtest7_pkey on sbtest7  (cost=0.43..42.76 rows=11 width=4)
	        Index Cond: ((id >= 1642234) AND (id <= 1642243))

table 8 : explain SELECT SUM(k) FROM sbtest8 WHERE id BETWEEN 3149197 AND 3149206
	Aggregate  (cost=42.54..42.55 rows=1 width=8)
	  ->  Index Scan using sbtest8_pkey on sbtest8  (cost=0.43..42.51 rows=11 width=4)
	        Index Cond: ((id >= 3149197) AND (id <= 3149206))

explain: for point_selects :: explain SELECT c FROM sbtest%u WHERE id=%u
for deletes
table 1 : explain DELETE FROM sbtest1 WHERE id=7107154
	Delete on sbtest1  (cost=0.43..8.45 rows=0 width=0)
	  ->  Index Scan using sbtest1_pkey on sbtest1  (cost=0.43..8.45 rows=1 width=6)
	        Index Cond: (id = 7107154)

table 2 : explain DELETE FROM sbtest2 WHERE id=3634713
	Delete on sbtest2  (cost=0.43..8.45 rows=0 width=0)
	  ->  Index Scan using sbtest2_pkey on sbtest2  (cost=0.43..8.45 rows=1 width=6)
	        Index Cond: (id = 3634713)

table 3 : explain DELETE FROM sbtest3 WHERE id=1383719
	Delete on sbtest3  (cost=0.43..8.45 rows=0 width=0)
	  ->  Index Scan using sbtest3_pkey on sbtest3  (cost=0.43..8.45 rows=1 width=6)
	        Index Cond: (id = 1383719)

table 4 : explain DELETE FROM sbtest4 WHERE id=1765457
	Delete on sbtest4  (cost=0.43..8.45 rows=0 width=0)
	  ->  Index Scan using sbtest4_pkey on sbtest4  (cost=0.43..8.45 rows=1 width=6)
	        Index Cond: (id = 1765457)

table 5 : explain DELETE FROM sbtest5 WHERE id=288951
	Delete on sbtest5  (cost=0.43..8.45 rows=0 width=0)
	  ->  Index Scan using sbtest5_pkey on sbtest5  (cost=0.43..8.45 rows=1 width=6)
	        Index Cond: (id = 288951)

table 6 : explain DELETE FROM sbtest6 WHERE id=9175981
	Delete on sbtest6  (cost=0.43..8.45 rows=0 width=0)
	  ->  Index Scan using sbtest6_pkey on sbtest6  (cost=0.43..8.45 rows=1 width=6)
	        Index Cond: (id = 9175981)

table 7 : explain DELETE FROM sbtest7 WHERE id=530328
	Delete on sbtest7  (cost=0.43..8.45 rows=0 width=0)
	  ->  Index Scan using sbtest7_pkey on sbtest7  (cost=0.43..8.45 rows=1 width=6)
	        Index Cond: (id = 530328)

table 8 : explain DELETE FROM sbtest8 WHERE id=3494281
	Delete on sbtest8  (cost=0.43..8.45 rows=0 width=0)
	  ->  Index Scan using sbtest8_pkey on sbtest8  (cost=0.43..8.45 rows=1 width=6)
	        Index Cond: (id = 3494281)

explain: for inserts :: explain INSERT INTO sbtest%u (id, k, c, pad) VALUES (%u, 13, 'foobar', 'foobar')
for point_selects
table 1 : explain SELECT c FROM sbtest1 WHERE id=3446307
	Index Scan using sbtest1_pkey on sbtest1  (cost=0.43..8.45 rows=1 width=121)
	  Index Cond: (id = 3446307)

table 2 : explain SELECT c FROM sbtest2 WHERE id=4673318
	Index Scan using sbtest2_pkey on sbtest2  (cost=0.43..8.45 rows=1 width=121)
	  Index Cond: (id = 4673318)

table 3 : explain SELECT c FROM sbtest3 WHERE id=8136816
	Index Scan using sbtest3_pkey on sbtest3  (cost=0.43..8.45 rows=1 width=121)
	  Index Cond: (id = 8136816)

table 4 : explain SELECT c FROM sbtest4 WHERE id=3808933
	Index Scan using sbtest4_pkey on sbtest4  (cost=0.43..8.45 rows=1 width=121)
	  Index Cond: (id = 3808933)

table 5 : explain SELECT c FROM sbtest5 WHERE id=9647339
	Index Scan using sbtest5_pkey on sbtest5  (cost=0.43..8.45 rows=1 width=121)
	  Index Cond: (id = 9647339)

table 6 : explain SELECT c FROM sbtest6 WHERE id=6001712
	Index Scan using sbtest6_pkey on sbtest6  (cost=0.43..8.45 rows=1 width=121)
	  Index Cond: (id = 6001712)

table 7 : explain SELECT c FROM sbtest7 WHERE id=8755413
	Index Scan using sbtest7_pkey on sbtest7  (cost=0.43..8.45 rows=1 width=121)
	  Index Cond: (id = 8755413)

table 8 : explain SELECT c FROM sbtest8 WHERE id=9699485
	Index Scan using sbtest8_pkey on sbtest8  (cost=0.43..8.45 rows=1 width=121)
	  Index Cond: (id = 9699485)

for: sum_ranges
table 1 : explain SELECT SUM(k) FROM sbtest1 WHERE id BETWEEN 7050259 AND 7050268
	Aggregate  (cost=39.62..39.63 rows=1 width=8)
	  ->  Index Scan using sbtest1_pkey on sbtest1  (cost=0.43..39.59 rows=10 width=4)
	        Index Cond: ((id >= 7050259) AND (id <= 7050268))

table 2 : explain SELECT SUM(k) FROM sbtest2 WHERE id BETWEEN 9016603 AND 9016612
	Aggregate  (cost=39.50..39.51 rows=1 width=8)
	  ->  Index Scan using sbtest2_pkey on sbtest2  (cost=0.43..39.48 rows=10 width=4)
	        Index Cond: ((id >= 9016603) AND (id <= 9016612))

table 3 : explain SELECT SUM(k) FROM sbtest3 WHERE id BETWEEN 5163100 AND 5163109
	Aggregate  (cost=39.23..39.24 rows=1 width=8)
	  ->  Index Scan using sbtest3_pkey on sbtest3  (cost=0.43..39.21 rows=10 width=4)
	        Index Cond: ((id >= 5163100) AND (id <= 5163109))

table 4 : explain SELECT SUM(k) FROM sbtest4 WHERE id BETWEEN 4261787 AND 4261796
	Aggregate  (cost=42.81..42.82 rows=1 width=8)
	  ->  Index Scan using sbtest4_pkey on sbtest4  (cost=0.43..42.79 rows=11 width=4)
	        Index Cond: ((id >= 4261787) AND (id <= 4261796))

table 5 : explain SELECT SUM(k) FROM sbtest5 WHERE id BETWEEN 9852755 AND 9852764
	Aggregate  (cost=36.08..36.09 rows=1 width=8)
	  ->  Index Scan using sbtest5_pkey on sbtest5  (cost=0.43..36.06 rows=9 width=4)
	        Index Cond: ((id >= 9852755) AND (id <= 9852764))

table 6 : explain SELECT SUM(k) FROM sbtest6 WHERE id BETWEEN 1054530 AND 1054539
	Aggregate  (cost=39.40..39.41 rows=1 width=8)
	  ->  Index Scan using sbtest6_pkey on sbtest6  (cost=0.43..39.37 rows=10 width=4)
	        Index Cond: ((id >= 1054530) AND (id <= 1054539))

table 7 : explain SELECT SUM(k) FROM sbtest7 WHERE id BETWEEN 3861206 AND 3861215
	Aggregate  (cost=39.35..39.36 rows=1 width=8)
	  ->  Index Scan using sbtest7_pkey on sbtest7  (cost=0.43..39.33 rows=10 width=4)
	        Index Cond: ((id >= 3861206) AND (id <= 3861215))

table 8 : explain SELECT SUM(k) FROM sbtest8 WHERE id BETWEEN 5554075 AND 5554084
	Aggregate  (cost=39.13..39.14 rows=1 width=8)
	  ->  Index Scan using sbtest8_pkey on sbtest8  (cost=0.43..39.11 rows=10 width=4)
	        Index Cond: ((id >= 5554075) AND (id <= 5554084))

for point_selects
table 1 : explain SELECT c FROM sbtest1 WHERE id=5507832
	Index Scan using sbtest1_pkey on sbtest1  (cost=0.43..8.45 rows=1 width=121)
	  Index Cond: (id = 5507832)

table 2 : explain SELECT c FROM sbtest2 WHERE id=680504
	Index Scan using sbtest2_pkey on sbtest2  (cost=0.43..8.45 rows=1 width=121)
	  Index Cond: (id = 680504)

table 3 : explain SELECT c FROM sbtest3 WHERE id=7162693
	Index Scan using sbtest3_pkey on sbtest3  (cost=0.43..8.45 rows=1 width=121)
	  Index Cond: (id = 7162693)

table 4 : explain SELECT c FROM sbtest4 WHERE id=882976
	Index Scan using sbtest4_pkey on sbtest4  (cost=0.43..8.45 rows=1 width=121)
	  Index Cond: (id = 882976)

table 5 : explain SELECT c FROM sbtest5 WHERE id=2012073
	Index Scan using sbtest5_pkey on sbtest5  (cost=0.43..8.45 rows=1 width=121)
	  Index Cond: (id = 2012073)

table 6 : explain SELECT c FROM sbtest6 WHERE id=4930497
	Index Scan using sbtest6_pkey on sbtest6  (cost=0.43..8.45 rows=1 width=121)
	  Index Cond: (id = 4930497)

table 7 : explain SELECT c FROM sbtest7 WHERE id=8096520
	Index Scan using sbtest7_pkey on sbtest7  (cost=0.43..8.45 rows=1 width=121)
	  Index Cond: (id = 8096520)

table 8 : explain SELECT c FROM sbtest8 WHERE id=845145
	Index Scan using sbtest8_pkey on sbtest8  (cost=0.43..8.45 rows=1 width=121)
	  Index Cond: (id = 845145)
for point_selects
table 1 : explain SELECT c FROM sbtest1 WHERE id=4941898
	Index Scan using sbtest1_pkey on sbtest1  (cost=0.43..8.45 rows=1 width=121)
	  Index Cond: (id = 4941898)

table 2 : explain SELECT c FROM sbtest2 WHERE id=9124476
	Index Scan using sbtest2_pkey on sbtest2  (cost=0.43..8.45 rows=1 width=121)
	  Index Cond: (id = 9124476)

table 3 : explain SELECT c FROM sbtest3 WHERE id=9955158
	Index Scan using sbtest3_pkey on sbtest3  (cost=0.43..8.45 rows=1 width=121)
	  Index Cond: (id = 9955158)

table 4 : explain SELECT c FROM sbtest4 WHERE id=7948363
	Index Scan using sbtest4_pkey on sbtest4  (cost=0.43..8.45 rows=1 width=121)
	  Index Cond: (id = 7948363)

table 5 : explain SELECT c FROM sbtest5 WHERE id=4356903
	Index Scan using sbtest5_pkey on sbtest5  (cost=0.43..8.45 rows=1 width=121)
	  Index Cond: (id = 4356903)

table 6 : explain SELECT c FROM sbtest6 WHERE id=7278530
	Index Scan using sbtest6_pkey on sbtest6  (cost=0.43..8.45 rows=1 width=121)
	  Index Cond: (id = 7278530)

table 7 : explain SELECT c FROM sbtest7 WHERE id=8998201
	Index Scan using sbtest7_pkey on sbtest7  (cost=0.43..8.45 rows=1 width=121)
	  Index Cond: (id = 8998201)

table 8 : explain SELECT c FROM sbtest8 WHERE id=396610
	Index Scan using sbtest8_pkey on sbtest8  (cost=0.43..8.45 rows=1 width=121)
	  Index Cond: (id = 396610)


for point_selects
table 1 : explain SELECT c FROM sbtest1 WHERE id=1683953
	Index Scan using sbtest1_pkey on sbtest1  (cost=0.43..8.45 rows=1 width=121)
	  Index Cond: (id = 1683953)

table 2 : explain SELECT c FROM sbtest2 WHERE id=5188117
	Index Scan using sbtest2_pkey on sbtest2  (cost=0.43..8.45 rows=1 width=121)
	  Index Cond: (id = 5188117)

table 3 : explain SELECT c FROM sbtest3 WHERE id=538387
	Index Scan using sbtest3_pkey on sbtest3  (cost=0.43..8.45 rows=1 width=121)
	  Index Cond: (id = 538387)

table 4 : explain SELECT c FROM sbtest4 WHERE id=7490061
	Index Scan using sbtest4_pkey on sbtest4  (cost=0.43..8.45 rows=1 width=121)
	  Index Cond: (id = 7490061)

table 5 : explain SELECT c FROM sbtest5 WHERE id=7129934
	Index Scan using sbtest5_pkey on sbtest5  (cost=0.43..8.45 rows=1 width=121)
	  Index Cond: (id = 7129934)

table 6 : explain SELECT c FROM sbtest6 WHERE id=4263172
	Index Scan using sbtest6_pkey on sbtest6  (cost=0.43..8.45 rows=1 width=121)
	  Index Cond: (id = 4263172)

table 7 : explain SELECT c FROM sbtest7 WHERE id=8401532
	Index Scan using sbtest7_pkey on sbtest7  (cost=0.43..8.45 rows=1 width=121)
	  Index Cond: (id = 8401532)

table 8 : explain SELECT c FROM sbtest8 WHERE id=4601165
	Index Scan using sbtest8_pkey on sbtest8  (cost=0.43..8.45 rows=1 width=121)
	  Index Cond: (id = 4601165)

for: simple_ranges
table 1 : explain SELECT c FROM sbtest1 WHERE id BETWEEN 954510 AND 954519
	Index Scan using sbtest1_pkey on sbtest1  (cost=0.43..39.59 rows=10 width=121)
	  Index Cond: ((id >= 954510) AND (id <= 954519))

table 2 : explain SELECT c FROM sbtest2 WHERE id BETWEEN 7913963 AND 7913972
	Index Scan using sbtest2_pkey on sbtest2  (cost=0.43..39.48 rows=10 width=121)
	  Index Cond: ((id >= 7913963) AND (id <= 7913972))

table 3 : explain SELECT c FROM sbtest3 WHERE id BETWEEN 436456 AND 436465
	Index Scan using sbtest3_pkey on sbtest3  (cost=0.43..39.21 rows=10 width=121)
	  Index Cond: ((id >= 436456) AND (id <= 436465))

table 4 : explain SELECT c FROM sbtest4 WHERE id BETWEEN 3891260 AND 3891269
	Index Scan using sbtest4_pkey on sbtest4  (cost=0.43..35.92 rows=9 width=121)
	  Index Cond: ((id >= 3891260) AND (id <= 3891269))

table 5 : explain SELECT c FROM sbtest5 WHERE id BETWEEN 8105424 AND 8105433
	Index Scan using sbtest5_pkey on sbtest5  (cost=0.43..42.96 rows=11 width=121)
	  Index Cond: ((id >= 8105424) AND (id <= 8105433))

table 6 : explain SELECT c FROM sbtest6 WHERE id BETWEEN 8929732 AND 8929741
	Index Scan using sbtest6_pkey on sbtest6  (cost=0.43..39.37 rows=10 width=121)
	  Index Cond: ((id >= 8929732) AND (id <= 8929741))

table 7 : explain SELECT c FROM sbtest7 WHERE id BETWEEN 3260748 AND 3260757
	Index Scan using sbtest7_pkey on sbtest7  (cost=0.43..39.33 rows=10 width=121)
	  Index Cond: ((id >= 3260748) AND (id <= 3260757))

table 8 : explain SELECT c FROM sbtest8 WHERE id BETWEEN 7794886 AND 7794895
	Index Scan using sbtest8_pkey on sbtest8  (cost=0.43..39.11 rows=10 width=121)
	  Index Cond: ((id >= 7794886) AND (id <= 7794895))

for inserts
table 1 : explain INSERT INTO sbtest1 (id, k, c, pad) VALUES (5950122, 13, 'foobar', 'foobar')
	Insert on sbtest1  (cost=0.00..0.01 rows=0 width=0)
	  ->  Result  (cost=0.00..0.01 rows=1 width=736)

table 2 : explain INSERT INTO sbtest2 (id, k, c, pad) VALUES (3780979, 13, 'foobar', 'foobar')
	Insert on sbtest2  (cost=0.00..0.01 rows=0 width=0)
	  ->  Result  (cost=0.00..0.01 rows=1 width=736)

table 3 : explain INSERT INTO sbtest3 (id, k, c, pad) VALUES (6809276, 13, 'foobar', 'foobar')
	Insert on sbtest3  (cost=0.00..0.01 rows=0 width=0)
	  ->  Result  (cost=0.00..0.01 rows=1 width=736)

table 4 : explain INSERT INTO sbtest4 (id, k, c, pad) VALUES (9763309, 13, 'foobar', 'foobar')
	Insert on sbtest4  (cost=0.00..0.01 rows=0 width=0)
	  ->  Result  (cost=0.00..0.01 rows=1 width=736)

table 5 : explain INSERT INTO sbtest5 (id, k, c, pad) VALUES (360619, 13, 'foobar', 'foobar')
	Insert on sbtest5  (cost=0.00..0.01 rows=0 width=0)
	  ->  Result  (cost=0.00..0.01 rows=1 width=736)

table 6 : explain INSERT INTO sbtest6 (id, k, c, pad) VALUES (3325135, 13, 'foobar', 'foobar')
	Insert on sbtest6  (cost=0.00..0.01 rows=0 width=0)
	  ->  Result  (cost=0.00..0.01 rows=1 width=736)

table 7 : explain INSERT INTO sbtest7 (id, k, c, pad) VALUES (7970958, 13, 'foobar', 'foobar')
	Insert on sbtest7  (cost=0.00..0.01 rows=0 width=0)
	  ->  Result  (cost=0.00..0.01 rows=1 width=736)

table 8 : explain INSERT INTO sbtest8 (id, k, c, pad) VALUES (1024599, 13, 'foobar', 'foobar')
	Insert on sbtest8  (cost=0.00..0.01 rows=0 width=0)
	  ->  Result  (cost=0.00..0.01 rows=1 width=736)

for: order_ranges
table 1 : explain SELECT c FROM sbtest1 WHERE id BETWEEN 7489197 AND 7489206 ORDER BY c
	Sort  (cost=39.76..39.78 rows=10 width=121)
	  Sort Key: c
	  ->  Index Scan using sbtest1_pkey on sbtest1  (cost=0.43..39.59 rows=10 width=121)
	        Index Cond: ((id >= 7489197) AND (id <= 7489206))

table 2 : explain SELECT c FROM sbtest2 WHERE id BETWEEN 5471133 AND 5471142 ORDER BY c
	Sort  (cost=39.64..39.67 rows=10 width=121)
	  Sort Key: c
	  ->  Index Scan using sbtest2_pkey on sbtest2  (cost=0.43..39.48 rows=10 width=121)
	        Index Cond: ((id >= 5471133) AND (id <= 5471142))

table 3 : explain SELECT c FROM sbtest3 WHERE id BETWEEN 2513993 AND 2514002 ORDER BY c
	Sort  (cost=42.81..42.84 rows=11 width=121)
	  Sort Key: c
	  ->  Index Scan using sbtest3_pkey on sbtest3  (cost=0.43..42.62 rows=11 width=121)
	        Index Cond: ((id >= 2513993) AND (id <= 2514002))

table 4 : explain SELECT c FROM sbtest4 WHERE id BETWEEN 412034 AND 412043 ORDER BY c
	Sort  (cost=39.52..39.54 rows=10 width=121)
	  Sort Key: c
	  ->  Index Scan using sbtest4_pkey on sbtest4  (cost=0.43..39.35 rows=10 width=121)
	        Index Cond: ((id >= 412034) AND (id <= 412043))

table 5 : explain SELECT c FROM sbtest5 WHERE id BETWEEN 5143089 AND 5143098 ORDER BY c
	Sort  (cost=39.68..39.70 rows=10 width=121)
	  Sort Key: c
	  ->  Index Scan using sbtest5_pkey on sbtest5  (cost=0.43..39.51 rows=10 width=121)
	        Index Cond: ((id >= 5143089) AND (id <= 5143098))

table 6 : explain SELECT c FROM sbtest6 WHERE id BETWEEN 6547054 AND 6547063 ORDER BY c
	Sort  (cost=39.54..39.57 rows=10 width=121)
	  Sort Key: c
	  ->  Index Scan using sbtest6_pkey on sbtest6  (cost=0.43..39.37 rows=10 width=121)
	        Index Cond: ((id >= 6547054) AND (id <= 6547063))

table 7 : explain SELECT c FROM sbtest7 WHERE id BETWEEN 9338404 AND 9338413 ORDER BY c
	Sort  (cost=39.49..39.52 rows=10 width=121)
	  Sort Key: c
	  ->  Index Scan using sbtest7_pkey on sbtest7  (cost=0.43..39.33 rows=10 width=121)
	        Index Cond: ((id >= 9338404) AND (id <= 9338413))

table 8 : explain SELECT c FROM sbtest8 WHERE id BETWEEN 1737398 AND 1737407 ORDER BY c
	Sort  (cost=35.84..35.87 rows=9 width=121)
	  Sort Key: c
	  ->  Index Scan using sbtest8_pkey on sbtest8  (cost=0.43..35.70 rows=9 width=121)
	        Index Cond: ((id >= 1737398) AND (id <= 1737407))

for: order_ranges
table 1 : explain SELECT c FROM sbtest1 WHERE id BETWEEN 4917425 AND 4917434 ORDER BY c
	Sort  (cost=39.76..39.78 rows=10 width=121)
	  Sort Key: c
	  ->  Index Scan using sbtest1_pkey on sbtest1  (cost=0.43..39.59 rows=10 width=121)
	        Index Cond: ((id >= 4917425) AND (id <= 4917434))

table 2 : explain SELECT c FROM sbtest2 WHERE id BETWEEN 6009754 AND 6009763 ORDER BY c
	Sort  (cost=39.64..39.67 rows=10 width=121)
	  Sort Key: c
	  ->  Index Scan using sbtest2_pkey on sbtest2  (cost=0.43..39.48 rows=10 width=121)
	        Index Cond: ((id >= 6009754) AND (id <= 6009763))

table 3 : explain SELECT c FROM sbtest3 WHERE id BETWEEN 5136652 AND 5136661 ORDER BY c
	Sort  (cost=35.93..35.95 rows=9 width=121)
	  Sort Key: c
	  ->  Index Scan using sbtest3_pkey on sbtest3  (cost=0.43..35.79 rows=9 width=121)
	        Index Cond: ((id >= 5136652) AND (id <= 5136661))

table 4 : explain SELECT c FROM sbtest4 WHERE id BETWEEN 6050556 AND 6050565 ORDER BY c
	Sort  (cost=42.98..43.00 rows=11 width=121)
	  Sort Key: c
	  ->  Index Scan using sbtest4_pkey on sbtest4  (cost=0.43..42.79 rows=11 width=121)
	        Index Cond: ((id >= 6050556) AND (id <= 6050565))

table 5 : explain SELECT c FROM sbtest5 WHERE id BETWEEN 9236994 AND 9237003 ORDER BY c
	Sort  (cost=39.68..39.70 rows=10 width=121)
	  Sort Key: c
	  ->  Index Scan using sbtest5_pkey on sbtest5  (cost=0.43..39.51 rows=10 width=121)
	        Index Cond: ((id >= 9236994) AND (id <= 9237003))

table 6 : explain SELECT c FROM sbtest6 WHERE id BETWEEN 8754369 AND 8754378 ORDER BY c
	Sort  (cost=39.54..39.57 rows=10 width=121)
	  Sort Key: c
	  ->  Index Scan using sbtest6_pkey on sbtest6  (cost=0.43..39.37 rows=10 width=121)
	        Index Cond: ((id >= 8754369) AND (id <= 8754378))

table 7 : explain SELECT c FROM sbtest7 WHERE id BETWEEN 2165989 AND 2165998 ORDER BY c
	Sort  (cost=39.49..39.52 rows=10 width=121)
	  Sort Key: c
	  ->  Index Scan using sbtest7_pkey on sbtest7  (cost=0.43..39.33 rows=10 width=121)
	        Index Cond: ((id >= 2165989) AND (id <= 2165998))

table 8 : explain SELECT c FROM sbtest8 WHERE id BETWEEN 6285886 AND 6285895 ORDER BY c
	Sort  (cost=35.84..35.87 rows=9 width=121)
	  Sort Key: c
	  ->  Index Scan using sbtest8_pkey on sbtest8  (cost=0.43..35.70 rows=9 width=121)
	        Index Cond: ((id >= 6285886) AND (id <= 6285895))

explain: for inserts :: explain INSERT INTO sbtest%u (id, k, c, pad) VALUES (%u, 13, 'foobar', 'foobar')
explain: for point_selects :: explain SELECT c FROM sbtest%u WHERE id=%u
explain: for point_selects :: explain SELECT c FROM sbtest%u WHERE id=%u
for: order_ranges
table 1 : explain SELECT c FROM sbtest1 WHERE id BETWEEN 427797 AND 427806 ORDER BY c
	Sort  (cost=36.28..36.30 rows=9 width=121)
	  Sort Key: c
	  ->  Index Scan using sbtest1_pkey on sbtest1  (cost=0.43..36.13 rows=9 width=121)
	        Index Cond: ((id >= 427797) AND (id <= 427806))

table 2 : explain SELECT c FROM sbtest2 WHERE id BETWEEN 7879904 AND 7879913 ORDER BY c
	Sort  (cost=39.64..39.67 rows=10 width=121)
	  Sort Key: c
	  ->  Index Scan using sbtest2_pkey on sbtest2  (cost=0.43..39.48 rows=10 width=121)
	        Index Cond: ((id >= 7879904) AND (id <= 7879913))

table 3 : explain SELECT c FROM sbtest3 WHERE id BETWEEN 9048675 AND 9048684 ORDER BY c
	Sort  (cost=39.37..39.40 rows=10 width=121)
	  Sort Key: c
	  ->  Index Scan using sbtest3_pkey on sbtest3  (cost=0.43..39.21 rows=10 width=121)
	        Index Cond: ((id >= 9048675) AND (id <= 9048684))

table 4 : explain SELECT c FROM sbtest4 WHERE id BETWEEN 7414467 AND 7414476 ORDER BY c
	Sort  (cost=39.52..39.54 rows=10 width=121)
	  Sort Key: c
	  ->  Index Scan using sbtest4_pkey on sbtest4  (cost=0.43..39.35 rows=10 width=121)
	        Index Cond: ((id >= 7414467) AND (id <= 7414476))

table 5 : explain SELECT c FROM sbtest5 WHERE id BETWEEN 6445702 AND 6445711 ORDER BY c
	Sort  (cost=43.15..43.18 rows=11 width=121)
	  Sort Key: c
	  ->  Index Scan using sbtest5_pkey on sbtest5  (cost=0.43..42.96 rows=11 width=121)
	        Index Cond: ((id >= 6445702) AND (id <= 6445711))

table 6 : explain SELECT c FROM sbtest6 WHERE id BETWEEN 9356586 AND 9356595 ORDER BY c
	Sort  (cost=39.54..39.57 rows=10 width=121)
	  Sort Key: c
	  ->  Index Scan using sbtest6_pkey on sbtest6  (cost=0.43..39.37 rows=10 width=121)
	        Index Cond: ((id >= 9356586) AND (id <= 9356595))

table 7 : explain SELECT c FROM sbtest7 WHERE id BETWEEN 8054634 AND 8054643 ORDER BY c
	Sort  (cost=36.04..36.06 rows=9 width=121)
	  Sort Key: c
	  ->  Index Scan using sbtest7_pkey on sbtest7  (cost=0.43..35.90 rows=9 width=121)
	        Index Cond: ((id >= 8054634) AND (id <= 8054643))

table 8 : explain SELECT c FROM sbtest8 WHERE id BETWEEN 9037658 AND 9037667 ORDER BY c
	Sort  (cost=39.27..39.30 rows=10 width=121)
	  Sort Key: c
	  ->  Index Scan using sbtest8_pkey on sbtest8  (cost=0.43..39.11 rows=10 width=121)
	        Index Cond: ((id >= 9037658) AND (id <= 9037667))

for point_selects
table 1 : explain SELECT c FROM sbtest1 WHERE id=2077949
	Index Scan using sbtest1_pkey on sbtest1  (cost=0.43..8.45 rows=1 width=121)
	  Index Cond: (id = 2077949)

table 2 : explain SELECT c FROM sbtest2 WHERE id=8840437
	Index Scan using sbtest2_pkey on sbtest2  (cost=0.43..8.45 rows=1 width=121)
	  Index Cond: (id = 8840437)

table 3 : explain SELECT c FROM sbtest3 WHERE id=469995
	Index Scan using sbtest3_pkey on sbtest3  (cost=0.43..8.45 rows=1 width=121)
	  Index Cond: (id = 469995)

table 4 : explain SELECT c FROM sbtest4 WHERE id=4303570
	Index Scan using sbtest4_pkey on sbtest4  (cost=0.43..8.45 rows=1 width=121)
	  Index Cond: (id = 4303570)

table 5 : explain SELECT c FROM sbtest5 WHERE id=3710143
	Index Scan using sbtest5_pkey on sbtest5  (cost=0.43..8.45 rows=1 width=121)
	  Index Cond: (id = 3710143)

table 6 : explain SELECT c FROM sbtest6 WHERE id=1235976
	Index Scan using sbtest6_pkey on sbtest6  (cost=0.43..8.45 rows=1 width=121)
	  Index Cond: (id = 1235976)

table 7 : explain SELECT c FROM sbtest7 WHERE id=2657991
	Index Scan using sbtest7_pkey on sbtest7  (cost=0.43..8.45 rows=1 width=121)
	  Index Cond: (id = 2657991)

table 8 : explain SELECT c FROM sbtest8 WHERE id=8706254
	Index Scan using sbtest8_pkey on sbtest8  (cost=0.43..8.45 rows=1 width=121)
	  Index Cond: (id = 8706254)

for point_selects
table 1 : explain SELECT c FROM sbtest1 WHERE id=6844612
	Index Scan using sbtest1_pkey on sbtest1  (cost=0.43..8.45 rows=1 width=121)
	  Index Cond: (id = 6844612)

table 2 : explain SELECT c FROM sbtest2 WHERE id=6529480
	Index Scan using sbtest2_pkey on sbtest2  (cost=0.43..8.45 rows=1 width=121)
	  Index Cond: (id = 6529480)

table 3 : explain SELECT c FROM sbtest3 WHERE id=4479328
	Index Scan using sbtest3_pkey on sbtest3  (cost=0.43..8.45 rows=1 width=121)
	  Index Cond: (id = 4479328)

table 4 : explain SELECT c FROM sbtest4 WHERE id=1475948
	Index Scan using sbtest4_pkey on sbtest4  (cost=0.43..8.45 rows=1 width=121)
	  Index Cond: (id = 1475948)

table 5 : explain SELECT c FROM sbtest5 WHERE id=7912049
	Index Scan using sbtest5_pkey on sbtest5  (cost=0.43..8.45 rows=1 width=121)
	  Index Cond: (id = 7912049)

table 6 : explain SELECT c FROM sbtest6 WHERE id=5696046
	Index Scan using sbtest6_pkey on sbtest6  (cost=0.43..8.45 rows=1 width=121)
	  Index Cond: (id = 5696046)

table 7 : explain SELECT c FROM sbtest7 WHERE id=5833053
	Index Scan using sbtest7_pkey on sbtest7  (cost=0.43..8.45 rows=1 width=121)
	  Index Cond: (id = 5833053)

table 8 : explain SELECT c FROM sbtest8 WHERE id=7177267
	Index Scan using sbtest8_pkey on sbtest8  (cost=0.43..8.45 rows=1 width=121)
	  Index Cond: (id = 7177267)

for: order_ranges
table 1 : explain SELECT c FROM sbtest1 WHERE id BETWEEN 91440 AND 91449 ORDER BY c
	Sort  (cost=39.76..39.78 rows=10 width=121)
	  Sort Key: c
	  ->  Index Scan using sbtest1_pkey on sbtest1  (cost=0.43..39.59 rows=10 width=121)
	        Index Cond: ((id >= 91440) AND (id <= 91449))

table 2 : explain SELECT c FROM sbtest2 WHERE id BETWEEN 113701 AND 113710 ORDER BY c
	Sort  (cost=39.64..39.67 rows=10 width=121)
	  Sort Key: c
	  ->  Index Scan using sbtest2_pkey on sbtest2  (cost=0.43..39.48 rows=10 width=121)
	        Index Cond: ((id >= 113701) AND (id <= 113710))

table 3 : explain SELECT c FROM sbtest3 WHERE id BETWEEN 1149324 AND 1149333 ORDER BY c
	Sort  (cost=39.37..39.40 rows=10 width=121)
	  Sort Key: c
	  ->  Index Scan using sbtest3_pkey on sbtest3  (cost=0.43..39.21 rows=10 width=121)
	        Index Cond: ((id >= 1149324) AND (id <= 1149333))

table 4 : explain SELECT c FROM sbtest4 WHERE id BETWEEN 4989539 AND 4989548 ORDER BY c
	Sort  (cost=36.06..36.09 rows=9 width=121)
	  Sort Key: c
	  ->  Index Scan using sbtest4_pkey on sbtest4  (cost=0.43..35.92 rows=9 width=121)
	        Index Cond: ((id >= 4989539) AND (id <= 4989548))

table 5 : explain SELECT c FROM sbtest5 WHERE id BETWEEN 4442465 AND 4442474 ORDER BY c
	Sort  (cost=46.63..46.66 rows=12 width=121)
	  Sort Key: c
	  ->  Index Scan using sbtest5_pkey on sbtest5  (cost=0.43..46.41 rows=12 width=121)
	        Index Cond: ((id >= 4442465) AND (id <= 4442474))

table 6 : explain SELECT c FROM sbtest6 WHERE id BETWEEN 8281962 AND 8281971 ORDER BY c
	Sort  (cost=43.00..43.03 rows=11 width=121)
	  Sort Key: c
	  ->  Index Scan using sbtest6_pkey on sbtest6  (cost=0.43..42.81 rows=11 width=121)
	        Index Cond: ((id >= 8281962) AND (id <= 8281971))

table 7 : explain SELECT c FROM sbtest7 WHERE id BETWEEN 9164389 AND 9164398 ORDER BY c
	Sort  (cost=36.04..36.06 rows=9 width=121)
	  Sort Key: c
	  ->  Index Scan using sbtest7_pkey on sbtest7  (cost=0.43..35.90 rows=9 width=121)
	        Index Cond: ((id >= 9164389) AND (id <= 9164398))

table 8 : explain SELECT c FROM sbtest8 WHERE id BETWEEN 8069142 AND 8069151 ORDER BY c
	Sort  (cost=39.27..39.30 rows=10 width=121)
	  Sort Key: c
	  ->  Index Scan using sbtest8_pkey on sbtest8  (cost=0.43..39.11 rows=10 width=121)
	        Index Cond: ((id >= 8069142) AND (id <= 8069151))

for: sum_ranges
table 1 : explain SELECT SUM(k) FROM sbtest1 WHERE id BETWEEN 8248753 AND 8248762
	Aggregate  (cost=39.62..39.63 rows=1 width=8)
	  ->  Index Scan using sbtest1_pkey on sbtest1  (cost=0.43..39.59 rows=10 width=4)
	        Index Cond: ((id >= 8248753) AND (id <= 8248762))

table 2 : explain SELECT SUM(k) FROM sbtest2 WHERE id BETWEEN 1630331 AND 1630340
	Aggregate  (cost=42.95..42.96 rows=1 width=8)
	  ->  Index Scan using sbtest2_pkey on sbtest2  (cost=0.43..42.92 rows=11 width=4)
	        Index Cond: ((id >= 1630331) AND (id <= 1630340))

table 3 : explain SELECT SUM(k) FROM sbtest3 WHERE id BETWEEN 2906519 AND 2906528
	Aggregate  (cost=39.23..39.24 rows=1 width=8)
	  ->  Index Scan using sbtest3_pkey on sbtest3  (cost=0.43..39.21 rows=10 width=4)
	        Index Cond: ((id >= 2906519) AND (id <= 2906528))

table 4 : explain SELECT SUM(k) FROM sbtest4 WHERE id BETWEEN 9593861 AND 9593870
	Aggregate  (cost=39.38..39.39 rows=1 width=8)
	  ->  Index Scan using sbtest4_pkey on sbtest4  (cost=0.43..39.35 rows=10 width=4)
	        Index Cond: ((id >= 9593861) AND (id <= 9593870))

table 5 : explain SELECT SUM(k) FROM sbtest5 WHERE id BETWEEN 5065945 AND 5065954
	Aggregate  (cost=39.53..39.54 rows=1 width=8)
	  ->  Index Scan using sbtest5_pkey on sbtest5  (cost=0.43..39.51 rows=10 width=4)
	        Index Cond: ((id >= 5065945) AND (id <= 5065954))

table 6 : explain SELECT SUM(k) FROM sbtest6 WHERE id BETWEEN 4607862 AND 4607871
	Aggregate  (cost=39.40..39.41 rows=1 width=8)
	  ->  Index Scan using sbtest6_pkey on sbtest6  (cost=0.43..39.37 rows=10 width=4)
	        Index Cond: ((id >= 4607862) AND (id <= 4607871))

table 7 : explain SELECT SUM(k) FROM sbtest7 WHERE id BETWEEN 4633763 AND 4633772
	Aggregate  (cost=39.35..39.36 rows=1 width=8)
	  ->  Index Scan using sbtest7_pkey on sbtest7  (cost=0.43..39.33 rows=10 width=4)
	        Index Cond: ((id >= 4633763) AND (id <= 4633772))

table 8 : explain SELECT SUM(k) FROM sbtest8 WHERE id BETWEEN 2910803 AND 2910812
	Aggregate  (cost=42.54..42.55 rows=1 width=8)
	  ->  Index Scan using sbtest8_pkey on sbtest8  (cost=0.43..42.51 rows=11 width=4)
	        Index Cond: ((id >= 2910803) AND (id <= 2910812))

for: distinct_ranges
table 1 : explain SELECT DISTINCT c FROM sbtest1 WHERE id BETWEEN 3058660 AND 3058669 ORDER BY c
	Unique  (cost=43.24..43.30 rows=11 width=121)
	  ->  Sort  (cost=43.24..43.27 rows=11 width=121)
	        Sort Key: c
	        ->  Index Scan using sbtest1_pkey on sbtest1  (cost=0.43..43.05 rows=11 width=121)
	              Index Cond: ((id >= 3058660) AND (id <= 3058669))

table 2 : explain SELECT DISTINCT c FROM sbtest2 WHERE id BETWEEN 9993534 AND 9993543 ORDER BY c
	Unique  (cost=36.17..36.22 rows=9 width=121)
	  ->  Sort  (cost=36.17..36.19 rows=9 width=121)
	        Sort Key: c
	        ->  Index Scan using sbtest2_pkey on sbtest2  (cost=0.43..36.03 rows=9 width=121)
	              Index Cond: ((id >= 9993534) AND (id <= 9993543))

table 3 : explain SELECT DISTINCT c FROM sbtest3 WHERE id BETWEEN 9738949 AND 9738958 ORDER BY c
	Unique  (cost=39.37..39.42 rows=10 width=121)
	  ->  Sort  (cost=39.37..39.40 rows=10 width=121)
	        Sort Key: c
	        ->  Index Scan using sbtest3_pkey on sbtest3  (cost=0.43..39.21 rows=10 width=121)
	              Index Cond: ((id >= 9738949) AND (id <= 9738958))

table 4 : explain SELECT DISTINCT c FROM sbtest4 WHERE id BETWEEN 2912886 AND 2912895 ORDER BY c
	Unique  (cost=36.06..36.11 rows=9 width=121)
	  ->  Sort  (cost=36.06..36.09 rows=9 width=121)
	        Sort Key: c
	        ->  Index Scan using sbtest4_pkey on sbtest4  (cost=0.43..35.92 rows=9 width=121)
	              Index Cond: ((id >= 2912886) AND (id <= 2912895))

table 5 : explain SELECT DISTINCT c FROM sbtest5 WHERE id BETWEEN 7115955 AND 7115964 ORDER BY c
	Unique  (cost=39.68..39.73 rows=10 width=121)
	  ->  Sort  (cost=39.68..39.70 rows=10 width=121)
	        Sort Key: c
	        ->  Index Scan using sbtest5_pkey on sbtest5  (cost=0.43..39.51 rows=10 width=121)
	              Index Cond: ((id >= 7115955) AND (id <= 7115964))

table 6 : explain SELECT DISTINCT c FROM sbtest6 WHERE id BETWEEN 6738032 AND 6738041 ORDER BY c
	Unique  (cost=43.00..43.05 rows=11 width=121)
	  ->  Sort  (cost=43.00..43.03 rows=11 width=121)
	        Sort Key: c
	        ->  Index Scan using sbtest6_pkey on sbtest6  (cost=0.43..42.81 rows=11 width=121)
	              Index Cond: ((id >= 6738032) AND (id <= 6738041))

table 7 : explain SELECT DISTINCT c FROM sbtest7 WHERE id BETWEEN 5230858 AND 5230867 ORDER BY c
	Unique  (cost=42.95..43.00 rows=11 width=121)
	  ->  Sort  (cost=42.95..42.97 rows=11 width=121)
	        Sort Key: c
	        ->  Index Scan using sbtest7_pkey on sbtest7  (cost=0.43..42.76 rows=11 width=121)
	              Index Cond: ((id >= 5230858) AND (id <= 5230867))

table 8 : explain SELECT DISTINCT c FROM sbtest8 WHERE id BETWEEN 5084224 AND 5084233 ORDER BY c
	Unique  (cost=39.27..39.32 rows=10 width=121)
	  ->  Sort  (cost=39.27..39.30 rows=10 width=121)
	        Sort Key: c
	        ->  Index Scan using sbtest8_pkey on sbtest8  (cost=0.43..39.11 rows=10 width=121)
	              Index Cond: ((id >= 5084224) AND (id <= 5084233))

for: order_ranges
table 1 : explain SELECT c FROM sbtest1 WHERE id BETWEEN 9507025 AND 9507034 ORDER BY c
	Sort  (cost=39.76..39.78 rows=10 width=121)
	  Sort Key: c
	  ->  Index Scan using sbtest1_pkey on sbtest1  (cost=0.43..39.59 rows=10 width=121)
	        Index Cond: ((id >= 9507025) AND (id <= 9507034))

table 2 : explain SELECT c FROM sbtest2 WHERE id BETWEEN 8893038 AND 8893047 ORDER BY c
	Sort  (cost=39.64..39.67 rows=10 width=121)
	  Sort Key: c
	  ->  Index Scan using sbtest2_pkey on sbtest2  (cost=0.43..39.48 rows=10 width=121)
	        Index Cond: ((id >= 8893038) AND (id <= 8893047))

table 3 : explain SELECT c FROM sbtest3 WHERE id BETWEEN 3831365 AND 3831374 ORDER BY c
	Sort  (cost=39.37..39.40 rows=10 width=121)
	  Sort Key: c
	  ->  Index Scan using sbtest3_pkey on sbtest3  (cost=0.43..39.21 rows=10 width=121)
	        Index Cond: ((id >= 3831365) AND (id <= 3831374))

table 4 : explain SELECT c FROM sbtest4 WHERE id BETWEEN 3580853 AND 3580862 ORDER BY c
	Sort  (cost=39.52..39.54 rows=10 width=121)
	  Sort Key: c
	  ->  Index Scan using sbtest4_pkey on sbtest4  (cost=0.43..39.35 rows=10 width=121)
	        Index Cond: ((id >= 3580853) AND (id <= 3580862))

table 5 : explain SELECT c FROM sbtest5 WHERE id BETWEEN 8046933 AND 8046942 ORDER BY c
	Sort  (cost=36.20..36.22 rows=9 width=121)
	  Sort Key: c
	  ->  Index Scan using sbtest5_pkey on sbtest5  (cost=0.43..36.06 rows=9 width=121)
	        Index Cond: ((id >= 8046933) AND (id <= 8046942))

table 6 : explain SELECT c FROM sbtest6 WHERE id BETWEEN 713866 AND 713875 ORDER BY c
	Sort  (cost=39.54..39.57 rows=10 width=121)
	  Sort Key: c
	  ->  Index Scan using sbtest6_pkey on sbtest6  (cost=0.43..39.37 rows=10 width=121)
	        Index Cond: ((id >= 713866) AND (id <= 713875))

table 7 : explain SELECT c FROM sbtest7 WHERE id BETWEEN 6509805 AND 6509814 ORDER BY c
	Sort  (cost=39.49..39.52 rows=10 width=121)
	  Sort Key: c
	  ->  Index Scan using sbtest7_pkey on sbtest7  (cost=0.43..39.33 rows=10 width=121)
	        Index Cond: ((id >= 6509805) AND (id <= 6509814))

table 8 : explain SELECT c FROM sbtest8 WHERE id BETWEEN 4270596 AND 4270605 ORDER BY c
	Sort  (cost=39.27..39.30 rows=10 width=121)
	  Sort Key: c
	  ->  Index Scan using sbtest8_pkey on sbtest8  (cost=0.43..39.11 rows=10 width=121)
	        Index Cond: ((id >= 4270596) AND (id <= 4270605))

for inserts
table 1 : explain INSERT INTO sbtest1 (id, k, c, pad) VALUES (4829029, 13, 'foobar', 'foobar')
	Insert on sbtest1  (cost=0.00..0.01 rows=0 width=0)
	  ->  Result  (cost=0.00..0.01 rows=1 width=736)

table 2 : explain INSERT INTO sbtest2 (id, k, c, pad) VALUES (9189440, 13, 'foobar', 'foobar')
	Insert on sbtest2  (cost=0.00..0.01 rows=0 width=0)
	  ->  Result  (cost=0.00..0.01 rows=1 width=736)

table 3 : explain INSERT INTO sbtest3 (id, k, c, pad) VALUES (3440081, 13, 'foobar', 'foobar')
	Insert on sbtest3  (cost=0.00..0.01 rows=0 width=0)
	  ->  Result  (cost=0.00..0.01 rows=1 width=736)

table 4 : explain INSERT INTO sbtest4 (id, k, c, pad) VALUES (1110964, 13, 'foobar', 'foobar')
	Insert on sbtest4  (cost=0.00..0.01 rows=0 width=0)
	  ->  Result  (cost=0.00..0.01 rows=1 width=736)

table 5 : explain INSERT INTO sbtest5 (id, k, c, pad) VALUES (4270076, 13, 'foobar', 'foobar')
	Insert on sbtest5  (cost=0.00..0.01 rows=0 width=0)
	  ->  Result  (cost=0.00..0.01 rows=1 width=736)

table 6 : explain INSERT INTO sbtest6 (id, k, c, pad) VALUES (9504104, 13, 'foobar', 'foobar')
	Insert on sbtest6  (cost=0.00..0.01 rows=0 width=0)
	  ->  Result  (cost=0.00..0.01 rows=1 width=736)

table 7 : explain INSERT INTO sbtest7 (id, k, c, pad) VALUES (7541324, 13, 'foobar', 'foobar')
	Insert on sbtest7  (cost=0.00..0.01 rows=0 width=0)
	  ->  Result  (cost=0.00..0.01 rows=1 width=736)

table 8 : explain INSERT INTO sbtest8 (id, k, c, pad) VALUES (7514911, 13, 'foobar', 'foobar')
	Insert on sbtest8  (cost=0.00..0.01 rows=0 width=0)
	  ->  Result  (cost=0.00..0.01 rows=1 width=736)

for: simple_ranges
table 1 : explain SELECT c FROM sbtest1 WHERE id BETWEEN 7884945 AND 7884954
	Index Scan using sbtest1_pkey on sbtest1  (cost=0.43..39.59 rows=10 width=121)
	  Index Cond: ((id >= 7884945) AND (id <= 7884954))

table 2 : explain SELECT c FROM sbtest2 WHERE id BETWEEN 5572306 AND 5572315
	Index Scan using sbtest2_pkey on sbtest2  (cost=0.43..39.48 rows=10 width=121)
	  Index Cond: ((id >= 5572306) AND (id <= 5572315))

table 3 : explain SELECT c FROM sbtest3 WHERE id BETWEEN 6783829 AND 6783838
	Index Scan using sbtest3_pkey on sbtest3  (cost=0.43..39.21 rows=10 width=121)
	  Index Cond: ((id >= 6783829) AND (id <= 6783838))

table 4 : explain SELECT c FROM sbtest4 WHERE id BETWEEN 651637 AND 651646
	Index Scan using sbtest4_pkey on sbtest4  (cost=0.43..39.35 rows=10 width=121)
	  Index Cond: ((id >= 651637) AND (id <= 651646))

table 5 : explain SELECT c FROM sbtest5 WHERE id BETWEEN 6912054 AND 6912063
	Index Scan using sbtest5_pkey on sbtest5  (cost=0.43..39.51 rows=10 width=121)
	  Index Cond: ((id >= 6912054) AND (id <= 6912063))

table 6 : explain SELECT c FROM sbtest6 WHERE id BETWEEN 6646437 AND 6646446
	Index Scan using sbtest6_pkey on sbtest6  (cost=0.43..39.37 rows=10 width=121)
	  Index Cond: ((id >= 6646437) AND (id <= 6646446))

table 7 : explain SELECT c FROM sbtest7 WHERE id BETWEEN 8315087 AND 8315096
	Index Scan using sbtest7_pkey on sbtest7  (cost=0.43..39.33 rows=10 width=121)
	  Index Cond: ((id >= 8315087) AND (id <= 8315096))

table 8 : explain SELECT c FROM sbtest8 WHERE id BETWEEN 7297413 AND 7297422
	Index Scan using sbtest8_pkey on sbtest8  (cost=0.43..39.11 rows=10 width=121)
	  Index Cond: ((id >= 7297413) AND (id <= 7297422))

for: simple_ranges
table 1 : explain SELECT c FROM sbtest1 WHERE id BETWEEN 10275 AND 10284
	Index Scan using sbtest1_pkey on sbtest1  (cost=0.43..39.59 rows=10 width=121)
	  Index Cond: ((id >= 10275) AND (id <= 10284))

table 2 : explain SELECT c FROM sbtest2 WHERE id BETWEEN 4804985 AND 4804994
	Index Scan using sbtest2_pkey on sbtest2  (cost=0.43..36.03 rows=9 width=121)
	  Index Cond: ((id >= 4804985) AND (id <= 4804994))

table 3 : explain SELECT c FROM sbtest3 WHERE id BETWEEN 1633896 AND 1633905
	Index Scan using sbtest3_pkey on sbtest3  (cost=0.43..39.21 rows=10 width=121)
	  Index Cond: ((id >= 1633896) AND (id <= 1633905))

table 4 : explain SELECT c FROM sbtest4 WHERE id BETWEEN 7781558 AND 7781567
	Index Scan using sbtest4_pkey on sbtest4  (cost=0.43..46.22 rows=12 width=121)
	  Index Cond: ((id >= 7781558) AND (id <= 7781567))

table 5 : explain SELECT c FROM sbtest5 WHERE id BETWEEN 9066842 AND 9066851
	Index Scan using sbtest5_pkey on sbtest5  (cost=0.43..39.51 rows=10 width=121)
	  Index Cond: ((id >= 9066842) AND (id <= 9066851))

table 6 : explain SELECT c FROM sbtest6 WHERE id BETWEEN 4319270 AND 4319279
	Index Scan using sbtest6_pkey on sbtest6  (cost=0.43..42.81 rows=11 width=121)
	  Index Cond: ((id >= 4319270) AND (id <= 4319279))

table 7 : explain SELECT c FROM sbtest7 WHERE id BETWEEN 3295672 AND 3295681
	Index Scan using sbtest7_pkey on sbtest7  (cost=0.43..35.90 rows=9 width=121)
	  Index Cond: ((id >= 3295672) AND (id <= 3295681))

table 8 : explain SELECT c FROM sbtest8 WHERE id BETWEEN 4146809 AND 4146818
	Index Scan using sbtest8_pkey on sbtest8  (cost=0.43..39.11 rows=10 width=121)
	  Index Cond: ((id >= 4146809) AND (id <= 4146818))

for: simple_ranges
table 1 : explain SELECT c FROM sbtest1 WHERE id BETWEEN 5214832 AND 5214841
	Index Scan using sbtest1_pkey on sbtest1  (cost=0.43..39.59 rows=10 width=121)
	  Index Cond: ((id >= 5214832) AND (id <= 5214841))

table 2 : explain SELECT c FROM sbtest2 WHERE id BETWEEN 9492857 AND 9492866
	Index Scan using sbtest2_pkey on sbtest2  (cost=0.43..39.48 rows=10 width=121)
	  Index Cond: ((id >= 9492857) AND (id <= 9492866))

table 3 : explain SELECT c FROM sbtest3 WHERE id BETWEEN 1477440 AND 1477449
	Index Scan using sbtest3_pkey on sbtest3  (cost=0.43..39.21 rows=10 width=121)
	  Index Cond: ((id >= 1477440) AND (id <= 1477449))

table 4 : explain SELECT c FROM sbtest4 WHERE id BETWEEN 1953583 AND 1953592
	Index Scan using sbtest4_pkey on sbtest4  (cost=0.43..39.35 rows=10 width=121)
	  Index Cond: ((id >= 1953583) AND (id <= 1953592))

table 5 : explain SELECT c FROM sbtest5 WHERE id BETWEEN 8331305 AND 8331314
	Index Scan using sbtest5_pkey on sbtest5  (cost=0.43..39.51 rows=10 width=121)
	  Index Cond: ((id >= 8331305) AND (id <= 8331314))

table 6 : explain SELECT c FROM sbtest6 WHERE id BETWEEN 5271915 AND 5271924
	Index Scan using sbtest6_pkey on sbtest6  (cost=0.43..39.37 rows=10 width=121)
	  Index Cond: ((id >= 5271915) AND (id <= 5271924))

table 7 : explain SELECT c FROM sbtest7 WHERE id BETWEEN 7839663 AND 7839672
	Index Scan using sbtest7_pkey on sbtest7  (cost=0.43..39.33 rows=10 width=121)
	  Index Cond: ((id >= 7839663) AND (id <= 7839672))

table 8 : explain SELECT c FROM sbtest8 WHERE id BETWEEN 9603996 AND 9604005
	Index Scan using sbtest8_pkey on sbtest8  (cost=0.43..39.11 rows=10 width=121)
	  Index Cond: ((id >= 9603996) AND (id <= 9604005))

for: simple_ranges
table 1 : explain SELECT c FROM sbtest1 WHERE id BETWEEN 2392704 AND 2392713
	Index Scan using sbtest1_pkey on sbtest1  (cost=0.43..39.59 rows=10 width=121)
	  Index Cond: ((id >= 2392704) AND (id <= 2392713))

table 2 : explain SELECT c FROM sbtest2 WHERE id BETWEEN 4468529 AND 4468538
	Index Scan using sbtest2_pkey on sbtest2  (cost=0.43..39.48 rows=10 width=121)
	  Index Cond: ((id >= 4468529) AND (id <= 4468538))

table 3 : explain SELECT c FROM sbtest3 WHERE id BETWEEN 4837518 AND 4837527
	Index Scan using sbtest3_pkey on sbtest3  (cost=0.43..39.21 rows=10 width=121)
	  Index Cond: ((id >= 4837518) AND (id <= 4837527))

table 4 : explain SELECT c FROM sbtest4 WHERE id BETWEEN 2307348 AND 2307357
	Index Scan using sbtest4_pkey on sbtest4  (cost=0.43..42.79 rows=11 width=121)
	  Index Cond: ((id >= 2307348) AND (id <= 2307357))

table 5 : explain SELECT c FROM sbtest5 WHERE id BETWEEN 8143630 AND 8143639
	Index Scan using sbtest5_pkey on sbtest5  (cost=0.43..42.96 rows=11 width=121)
	  Index Cond: ((id >= 8143630) AND (id <= 8143639))

table 6 : explain SELECT c FROM sbtest6 WHERE id BETWEEN 8137491 AND 8137500
	Index Scan using sbtest6_pkey on sbtest6  (cost=0.43..39.37 rows=10 width=121)
	  Index Cond: ((id >= 8137491) AND (id <= 8137500))

table 7 : explain SELECT c FROM sbtest7 WHERE id BETWEEN 4925671 AND 4925680
	Index Scan using sbtest7_pkey on sbtest7  (cost=0.43..39.33 rows=10 width=121)
	  Index Cond: ((id >= 4925671) AND (id <= 4925680))

table 8 : explain SELECT c FROM sbtest8 WHERE id BETWEEN 4620989 AND 4620998
	Index Scan using sbtest8_pkey on sbtest8  (cost=0.43..42.51 rows=11 width=121)
	  Index Cond: ((id >= 4620989) AND (id <= 4620998))

for: simple_ranges
table 1 : explain SELECT c FROM sbtest1 WHERE id BETWEEN 8587954 AND 8587963
	Index Scan using sbtest1_pkey on sbtest1  (cost=0.43..39.59 rows=10 width=121)
	  Index Cond: ((id >= 8587954) AND (id <= 8587963))

table 2 : explain SELECT c FROM sbtest2 WHERE id BETWEEN 1598779 AND 1598788
	Index Scan using sbtest2_pkey on sbtest2  (cost=0.43..42.92 rows=11 width=121)
	  Index Cond: ((id >= 1598779) AND (id <= 1598788))

table 3 : explain SELECT c FROM sbtest3 WHERE id BETWEEN 3561510 AND 3561519
	Index Scan using sbtest3_pkey on sbtest3  (cost=0.43..39.21 rows=10 width=121)
	  Index Cond: ((id >= 3561510) AND (id <= 3561519))

table 4 : explain SELECT c FROM sbtest4 WHERE id BETWEEN 2410791 AND 2410800
	Index Scan using sbtest4_pkey on sbtest4  (cost=0.43..39.35 rows=10 width=121)
	  Index Cond: ((id >= 2410791) AND (id <= 2410800))

table 5 : explain SELECT c FROM sbtest5 WHERE id BETWEEN 7018814 AND 7018823
	Index Scan using sbtest5_pkey on sbtest5  (cost=0.43..39.51 rows=10 width=121)
	  Index Cond: ((id >= 7018814) AND (id <= 7018823))

table 6 : explain SELECT c FROM sbtest6 WHERE id BETWEEN 9312440 AND 9312449
	Index Scan using sbtest6_pkey on sbtest6  (cost=0.43..39.37 rows=10 width=121)
	  Index Cond: ((id >= 9312440) AND (id <= 9312449))

table 7 : explain SELECT c FROM sbtest7 WHERE id BETWEEN 1770345 AND 1770354
	Index Scan using sbtest7_pkey on sbtest7  (cost=0.43..39.33 rows=10 width=121)
	  Index Cond: ((id >= 1770345) AND (id <= 1770354))

table 8 : explain SELECT c FROM sbtest8 WHERE id BETWEEN 7254323 AND 7254332
	Index Scan using sbtest8_pkey on sbtest8  (cost=0.43..39.11 rows=10 width=121)
	  Index Cond: ((id >= 7254323) AND (id <= 7254332))

explain: for index_updates :: explain UPDATE sbtest%u SET k=k+1 WHERE id=%u
explain: for point_selects :: explain SELECT c FROM sbtest%u WHERE id=%u
for: order_ranges
table 1 : explain SELECT c FROM sbtest1 WHERE id BETWEEN 4476649 AND 4476658 ORDER BY c
	Sort  (cost=43.24..43.27 rows=11 width=121)
	  Sort Key: c
	  ->  Index Scan using sbtest1_pkey on sbtest1  (cost=0.43..43.05 rows=11 width=121)
	        Index Cond: ((id >= 4476649) AND (id <= 4476658))

table 2 : explain SELECT c FROM sbtest2 WHERE id BETWEEN 2287356 AND 2287365 ORDER BY c
	Sort  (cost=43.11..43.14 rows=11 width=121)
	  Sort Key: c
	  ->  Index Scan using sbtest2_pkey on sbtest2  (cost=0.43..42.92 rows=11 width=121)
	        Index Cond: ((id >= 2287356) AND (id <= 2287365))

table 3 : explain SELECT c FROM sbtest3 WHERE id BETWEEN 7215825 AND 7215834 ORDER BY c
	Sort  (cost=42.81..42.84 rows=11 width=121)
	  Sort Key: c
	  ->  Index Scan using sbtest3_pkey on sbtest3  (cost=0.43..42.62 rows=11 width=121)
	        Index Cond: ((id >= 7215825) AND (id <= 7215834))

table 4 : explain SELECT c FROM sbtest4 WHERE id BETWEEN 5527876 AND 5527885 ORDER BY c
	Sort  (cost=39.52..39.54 rows=10 width=121)
	  Sort Key: c
	  ->  Index Scan using sbtest4_pkey on sbtest4  (cost=0.43..39.35 rows=10 width=121)
	        Index Cond: ((id >= 5527876) AND (id <= 5527885))

table 5 : explain SELECT c FROM sbtest5 WHERE id BETWEEN 5591987 AND 5591996 ORDER BY c
	Sort  (cost=39.68..39.70 rows=10 width=121)
	  Sort Key: c
	  ->  Index Scan using sbtest5_pkey on sbtest5  (cost=0.43..39.51 rows=10 width=121)
	        Index Cond: ((id >= 5591987) AND (id <= 5591996))

table 6 : explain SELECT c FROM sbtest6 WHERE id BETWEEN 1368875 AND 1368884 ORDER BY c
	Sort  (cost=43.00..43.03 rows=11 width=121)
	  Sort Key: c
	  ->  Index Scan using sbtest6_pkey on sbtest6  (cost=0.43..42.81 rows=11 width=121)
	        Index Cond: ((id >= 1368875) AND (id <= 1368884))

table 7 : explain SELECT c FROM sbtest7 WHERE id BETWEEN 5277592 AND 5277601 ORDER BY c
	Sort  (cost=42.95..42.97 rows=11 width=121)
	  Sort Key: c
	  ->  Index Scan using sbtest7_pkey on sbtest7  (cost=0.43..42.76 rows=11 width=121)
	        Index Cond: ((id >= 5277592) AND (id <= 5277601))

table 8 : explain SELECT c FROM sbtest8 WHERE id BETWEEN 260095 AND 260104 ORDER BY c
	Sort  (cost=35.84..35.87 rows=9 width=121)
	  Sort Key: c
	  ->  Index Scan using sbtest8_pkey on sbtest8  (cost=0.43..35.70 rows=9 width=121)
	        Index Cond: ((id >= 260095) AND (id <= 260104))

for: sum_ranges
table 1 : explain SELECT SUM(k) FROM sbtest1 WHERE id BETWEEN 2361608 AND 2361617
	Aggregate  (cost=39.62..39.63 rows=1 width=8)
	  ->  Index Scan using sbtest1_pkey on sbtest1  (cost=0.43..39.59 rows=10 width=4)
	        Index Cond: ((id >= 2361608) AND (id <= 2361617))

table 2 : explain SELECT SUM(k) FROM sbtest2 WHERE id BETWEEN 3861755 AND 3861764
	Aggregate  (cost=39.50..39.51 rows=1 width=8)
	  ->  Index Scan using sbtest2_pkey on sbtest2  (cost=0.43..39.48 rows=10 width=4)
	        Index Cond: ((id >= 3861755) AND (id <= 3861764))

table 3 : explain SELECT SUM(k) FROM sbtest3 WHERE id BETWEEN 1870029 AND 1870038
	Aggregate  (cost=42.65..42.66 rows=1 width=8)
	  ->  Index Scan using sbtest3_pkey on sbtest3  (cost=0.43..42.62 rows=11 width=4)
	        Index Cond: ((id >= 1870029) AND (id <= 1870038))

table 4 : explain SELECT SUM(k) FROM sbtest4 WHERE id BETWEEN 2027989 AND 2027998
	Aggregate  (cost=42.81..42.82 rows=1 width=8)
	  ->  Index Scan using sbtest4_pkey on sbtest4  (cost=0.43..42.79 rows=11 width=4)
	        Index Cond: ((id >= 2027989) AND (id <= 2027998))

table 5 : explain SELECT SUM(k) FROM sbtest5 WHERE id BETWEEN 3942366 AND 3942375
	Aggregate  (cost=42.99..43.00 rows=1 width=8)
	  ->  Index Scan using sbtest5_pkey on sbtest5  (cost=0.43..42.96 rows=11 width=4)
	        Index Cond: ((id >= 3942366) AND (id <= 3942375))

table 6 : explain SELECT SUM(k) FROM sbtest6 WHERE id BETWEEN 993603 AND 993612
	Aggregate  (cost=39.40..39.41 rows=1 width=8)
	  ->  Index Scan using sbtest6_pkey on sbtest6  (cost=0.43..39.37 rows=10 width=4)
	        Index Cond: ((id >= 993603) AND (id <= 993612))

table 7 : explain SELECT SUM(k) FROM sbtest7 WHERE id BETWEEN 3722450 AND 3722459
	Aggregate  (cost=39.35..39.36 rows=1 width=8)
	  ->  Index Scan using sbtest7_pkey on sbtest7  (cost=0.43..39.33 rows=10 width=4)
	        Index Cond: ((id >= 3722450) AND (id <= 3722459))

table 8 : explain SELECT SUM(k) FROM sbtest8 WHERE id BETWEEN 5772687 AND 5772696
	Aggregate  (cost=39.13..39.14 rows=1 width=8)
	  ->  Index Scan using sbtest8_pkey on sbtest8  (cost=0.43..39.11 rows=10 width=4)
	        Index Cond: ((id >= 5772687) AND (id <= 5772696))

for: distinct_ranges
table 1 : explain SELECT DISTINCT c FROM sbtest1 WHERE id BETWEEN 3820826 AND 3820835 ORDER BY c
	Unique  (cost=36.28..36.32 rows=9 width=121)
	  ->  Sort  (cost=36.28..36.30 rows=9 width=121)
	        Sort Key: c
	        ->  Index Scan using sbtest1_pkey on sbtest1  (cost=0.43..36.13 rows=9 width=121)
	              Index Cond: ((id >= 3820826) AND (id <= 3820835))

table 2 : explain SELECT DISTINCT c FROM sbtest2 WHERE id BETWEEN 4559480 AND 4559489 ORDER BY c
	Unique  (cost=43.11..43.17 rows=11 width=121)
	  ->  Sort  (cost=43.11..43.14 rows=11 width=121)
	        Sort Key: c
	        ->  Index Scan using sbtest2_pkey on sbtest2  (cost=0.43..42.92 rows=11 width=121)
	              Index Cond: ((id >= 4559480) AND (id <= 4559489))

table 3 : explain SELECT DISTINCT c FROM sbtest3 WHERE id BETWEEN 4380127 AND 4380136 ORDER BY c
	Unique  (cost=42.81..42.87 rows=11 width=121)
	  ->  Sort  (cost=42.81..42.84 rows=11 width=121)
	        Sort Key: c
	        ->  Index Scan using sbtest3_pkey on sbtest3  (cost=0.43..42.62 rows=11 width=121)
	              Index Cond: ((id >= 4380127) AND (id <= 4380136))

table 4 : explain SELECT DISTINCT c FROM sbtest4 WHERE id BETWEEN 6058663 AND 6058672 ORDER BY c
	Unique  (cost=42.98..43.03 rows=11 width=121)
	  ->  Sort  (cost=42.98..43.00 rows=11 width=121)
	        Sort Key: c
	        ->  Index Scan using sbtest4_pkey on sbtest4  (cost=0.43..42.79 rows=11 width=121)
	              Index Cond: ((id >= 6058663) AND (id <= 6058672))

table 5 : explain SELECT DISTINCT c FROM sbtest5 WHERE id BETWEEN 2404852 AND 2404861 ORDER BY c
	Unique  (cost=43.15..43.21 rows=11 width=121)
	  ->  Sort  (cost=43.15..43.18 rows=11 width=121)
	        Sort Key: c
	        ->  Index Scan using sbtest5_pkey on sbtest5  (cost=0.43..42.96 rows=11 width=121)
	              Index Cond: ((id >= 2404852) AND (id <= 2404861))

table 6 : explain SELECT DISTINCT c FROM sbtest6 WHERE id BETWEEN 2479779 AND 2479788 ORDER BY c
	Unique  (cost=36.08..36.13 rows=9 width=121)
	  ->  Sort  (cost=36.08..36.10 rows=9 width=121)
	        Sort Key: c
	        ->  Index Scan using sbtest6_pkey on sbtest6  (cost=0.43..35.94 rows=9 width=121)
	              Index Cond: ((id >= 2479779) AND (id <= 2479788))

table 7 : explain SELECT DISTINCT c FROM sbtest7 WHERE id BETWEEN 8750631 AND 8750640 ORDER BY c
	Unique  (cost=39.49..39.54 rows=10 width=121)
	  ->  Sort  (cost=39.49..39.52 rows=10 width=121)
	        Sort Key: c
	        ->  Index Scan using sbtest7_pkey on sbtest7  (cost=0.43..39.33 rows=10 width=121)
	              Index Cond: ((id >= 8750631) AND (id <= 8750640))

table 8 : explain SELECT DISTINCT c FROM sbtest8 WHERE id BETWEEN 334280 AND 334289 ORDER BY c
	Unique  (cost=42.70..42.76 rows=11 width=121)
	  ->  Sort  (cost=42.70..42.73 rows=11 width=121)
	        Sort Key: c
	        ->  Index Scan using sbtest8_pkey on sbtest8  (cost=0.43..42.51 rows=11 width=121)
	              Index Cond: ((id >= 334280) AND (id <= 334289))

for: simple_ranges
table 1 : explain SELECT c FROM sbtest1 WHERE id BETWEEN 1499151 AND 1499160
	Index Scan using sbtest1_pkey on sbtest1  (cost=0.43..39.59 rows=10 width=121)
	  Index Cond: ((id >= 1499151) AND (id <= 1499160))

table 2 : explain SELECT c FROM sbtest2 WHERE id BETWEEN 9074621 AND 9074630
	Index Scan using sbtest2_pkey on sbtest2  (cost=0.43..39.48 rows=10 width=121)
	  Index Cond: ((id >= 9074621) AND (id <= 9074630))

table 3 : explain SELECT c FROM sbtest3 WHERE id BETWEEN 8793563 AND 8793572
	Index Scan using sbtest3_pkey on sbtest3  (cost=0.43..39.21 rows=10 width=121)
	  Index Cond: ((id >= 8793563) AND (id <= 8793572))

table 4 : explain SELECT c FROM sbtest4 WHERE id BETWEEN 9086094 AND 9086103
	Index Scan using sbtest4_pkey on sbtest4  (cost=0.43..39.35 rows=10 width=121)
	  Index Cond: ((id >= 9086094) AND (id <= 9086103))

table 5 : explain SELECT c FROM sbtest5 WHERE id BETWEEN 1713054 AND 1713063
	Index Scan using sbtest5_pkey on sbtest5  (cost=0.43..39.51 rows=10 width=121)
	  Index Cond: ((id >= 1713054) AND (id <= 1713063))

table 6 : explain SELECT c FROM sbtest6 WHERE id BETWEEN 7942189 AND 7942198
	Index Scan using sbtest6_pkey on sbtest6  (cost=0.43..35.94 rows=9 width=121)
	  Index Cond: ((id >= 7942189) AND (id <= 7942198))

table 7 : explain SELECT c FROM sbtest7 WHERE id BETWEEN 3179491 AND 3179500
	Index Scan using sbtest7_pkey on sbtest7  (cost=0.43..39.33 rows=10 width=121)
	  Index Cond: ((id >= 3179491) AND (id <= 3179500))

table 8 : explain SELECT c FROM sbtest8 WHERE id BETWEEN 9243000 AND 9243009
	Index Scan using sbtest8_pkey on sbtest8  (cost=0.43..35.70 rows=9 width=121)
	  Index Cond: ((id >= 9243000) AND (id <= 9243009))

for: simple_ranges
table 1 : explain SELECT c FROM sbtest1 WHERE id BETWEEN 9208050 AND 9208059
	Index Scan using sbtest1_pkey on sbtest1  (cost=0.43..43.05 rows=11 width=121)
	  Index Cond: ((id >= 9208050) AND (id <= 9208059))

table 2 : explain SELECT c FROM sbtest2 WHERE id BETWEEN 9629382 AND 9629391
	Index Scan using sbtest2_pkey on sbtest2  (cost=0.43..42.92 rows=11 width=121)
	  Index Cond: ((id >= 9629382) AND (id <= 9629391))

table 3 : explain SELECT c FROM sbtest3 WHERE id BETWEEN 7969073 AND 7969082
	Index Scan using sbtest3_pkey on sbtest3  (cost=0.43..39.21 rows=10 width=121)
	  Index Cond: ((id >= 7969073) AND (id <= 7969082))

table 4 : explain SELECT c FROM sbtest4 WHERE id BETWEEN 5788693 AND 5788702
	Index Scan using sbtest4_pkey on sbtest4  (cost=0.43..39.35 rows=10 width=121)
	  Index Cond: ((id >= 5788693) AND (id <= 5788702))

table 5 : explain SELECT c FROM sbtest5 WHERE id BETWEEN 4147078 AND 4147087
	Index Scan using sbtest5_pkey on sbtest5  (cost=0.43..39.51 rows=10 width=121)
	  Index Cond: ((id >= 4147078) AND (id <= 4147087))

table 6 : explain SELECT c FROM sbtest6 WHERE id BETWEEN 7878936 AND 7878945
	Index Scan using sbtest6_pkey on sbtest6  (cost=0.43..39.37 rows=10 width=121)
	  Index Cond: ((id >= 7878936) AND (id <= 7878945))

table 7 : explain SELECT c FROM sbtest7 WHERE id BETWEEN 4414607 AND 4414616
	Index Scan using sbtest7_pkey on sbtest7  (cost=0.43..39.33 rows=10 width=121)
	  Index Cond: ((id >= 4414607) AND (id <= 4414616))

table 8 : explain SELECT c FROM sbtest8 WHERE id BETWEEN 3583339 AND 3583348
	Index Scan using sbtest8_pkey on sbtest8  (cost=0.43..42.51 rows=11 width=121)
	  Index Cond: ((id >= 3583339) AND (id <= 3583348))

for index_updates
table 1 : explain UPDATE sbtest1 SET k=k+1 WHERE id=3503847
	Update on sbtest1  (cost=0.43..8.46 rows=0 width=0)
	  ->  Index Scan using sbtest1_pkey on sbtest1  (cost=0.43..8.46 rows=1 width=10)
	        Index Cond: (id = 3503847)

table 2 : explain UPDATE sbtest2 SET k=k+1 WHERE id=449273
	Update on sbtest2  (cost=0.43..8.46 rows=0 width=0)
	  ->  Index Scan using sbtest2_pkey on sbtest2  (cost=0.43..8.46 rows=1 width=10)
	        Index Cond: (id = 449273)

table 3 : explain UPDATE sbtest3 SET k=k+1 WHERE id=8294144
	Update on sbtest3  (cost=0.43..8.46 rows=0 width=0)
	  ->  Index Scan using sbtest3_pkey on sbtest3  (cost=0.43..8.46 rows=1 width=10)
	        Index Cond: (id = 8294144)

table 4 : explain UPDATE sbtest4 SET k=k+1 WHERE id=1010503
	Update on sbtest4  (cost=0.43..8.46 rows=0 width=0)
	  ->  Index Scan using sbtest4_pkey on sbtest4  (cost=0.43..8.46 rows=1 width=10)
	        Index Cond: (id = 1010503)

table 5 : explain UPDATE sbtest5 SET k=k+1 WHERE id=1264021
	Update on sbtest5  (cost=0.43..8.46 rows=0 width=0)
	  ->  Index Scan using sbtest5_pkey on sbtest5  (cost=0.43..8.46 rows=1 width=10)
	        Index Cond: (id = 1264021)

table 6 : explain UPDATE sbtest6 SET k=k+1 WHERE id=5440036
	Update on sbtest6  (cost=0.43..8.46 rows=0 width=0)
	  ->  Index Scan using sbtest6_pkey on sbtest6  (cost=0.43..8.46 rows=1 width=10)
	        Index Cond: (id = 5440036)

table 7 : explain UPDATE sbtest7 SET k=k+1 WHERE id=3709998
	Update on sbtest7  (cost=0.43..8.46 rows=0 width=0)
	  ->  Index Scan using sbtest7_pkey on sbtest7  (cost=0.43..8.46 rows=1 width=10)
	        Index Cond: (id = 3709998)

table 8 : explain UPDATE sbtest8 SET k=k+1 WHERE id=6586942
	Update on sbtest8  (cost=0.43..8.46 rows=0 width=0)
	  ->  Index Scan using sbtest8_pkey on sbtest8  (cost=0.43..8.46 rows=1 width=10)
	        Index Cond: (id = 6586942)

explain: for index_updates :: explain UPDATE sbtest%u SET k=k+1 WHERE id=%u
for: distinct_ranges
table 1 : explain SELECT DISTINCT c FROM sbtest1 WHERE id BETWEEN 4309375 AND 4309384 ORDER BY c
	Unique  (cost=39.76..39.81 rows=10 width=121)
	  ->  Sort  (cost=39.76..39.78 rows=10 width=121)
	        Sort Key: c
	        ->  Index Scan using sbtest1_pkey on sbtest1  (cost=0.43..39.59 rows=10 width=121)
	              Index Cond: ((id >= 4309375) AND (id <= 4309384))

table 2 : explain SELECT DISTINCT c FROM sbtest2 WHERE id BETWEEN 8204691 AND 8204700 ORDER BY c
	Unique  (cost=43.11..43.17 rows=11 width=121)
	  ->  Sort  (cost=43.11..43.14 rows=11 width=121)
	        Sort Key: c
	        ->  Index Scan using sbtest2_pkey on sbtest2  (cost=0.43..42.92 rows=11 width=121)
	              Index Cond: ((id >= 8204691) AND (id <= 8204700))

table 3 : explain SELECT DISTINCT c FROM sbtest3 WHERE id BETWEEN 9894897 AND 9894906 ORDER BY c
	Unique  (cost=39.37..39.42 rows=10 width=121)
	  ->  Sort  (cost=39.37..39.40 rows=10 width=121)
	        Sort Key: c
	        ->  Index Scan using sbtest3_pkey on sbtest3  (cost=0.43..39.21 rows=10 width=121)
	              Index Cond: ((id >= 9894897) AND (id <= 9894906))

table 4 : explain SELECT DISTINCT c FROM sbtest4 WHERE id BETWEEN 4400815 AND 4400824 ORDER BY c
	Unique  (cost=36.06..36.11 rows=9 width=121)
	  ->  Sort  (cost=36.06..36.09 rows=9 width=121)
	        Sort Key: c
	        ->  Index Scan using sbtest4_pkey on sbtest4  (cost=0.43..35.92 rows=9 width=121)
	              Index Cond: ((id >= 4400815) AND (id <= 4400824))

table 5 : explain SELECT DISTINCT c FROM sbtest5 WHERE id BETWEEN 4278721 AND 4278730 ORDER BY c
	Unique  (cost=39.68..39.73 rows=10 width=121)
	  ->  Sort  (cost=39.68..39.70 rows=10 width=121)
	        Sort Key: c
	        ->  Index Scan using sbtest5_pkey on sbtest5  (cost=0.43..39.51 rows=10 width=121)
	              Index Cond: ((id >= 4278721) AND (id <= 4278730))

table 6 : explain SELECT DISTINCT c FROM sbtest6 WHERE id BETWEEN 5600222 AND 5600231 ORDER BY c
	Unique  (cost=36.08..36.13 rows=9 width=121)
	  ->  Sort  (cost=36.08..36.10 rows=9 width=121)
	        Sort Key: c
	        ->  Index Scan using sbtest6_pkey on sbtest6  (cost=0.43..35.94 rows=9 width=121)
	              Index Cond: ((id >= 5600222) AND (id <= 5600231))

table 7 : explain SELECT DISTINCT c FROM sbtest7 WHERE id BETWEEN 2664035 AND 2664044 ORDER BY c
	Unique  (cost=42.95..43.00 rows=11 width=121)
	  ->  Sort  (cost=42.95..42.97 rows=11 width=121)
	        Sort Key: c
	        ->  Index Scan using sbtest7_pkey on sbtest7  (cost=0.43..42.76 rows=11 width=121)
	              Index Cond: ((id >= 2664035) AND (id <= 2664044))

table 8 : explain SELECT DISTINCT c FROM sbtest8 WHERE id BETWEEN 9411064 AND 9411073 ORDER BY c
	Unique  (cost=35.84..35.89 rows=9 width=121)
	  ->  Sort  (cost=35.84..35.87 rows=9 width=121)
	        Sort Key: c
	        ->  Index Scan using sbtest8_pkey on sbtest8  (cost=0.43..35.70 rows=9 width=121)
	              Index Cond: ((id >= 9411064) AND (id <= 9411073))

for: order_ranges
table 1 : explain SELECT c FROM sbtest1 WHERE id BETWEEN 763324 AND 763333 ORDER BY c
	Sort  (cost=39.76..39.78 rows=10 width=121)
	  Sort Key: c
	  ->  Index Scan using sbtest1_pkey on sbtest1  (cost=0.43..39.59 rows=10 width=121)
	        Index Cond: ((id >= 763324) AND (id <= 763333))

table 2 : explain SELECT c FROM sbtest2 WHERE id BETWEEN 7594139 AND 7594148 ORDER BY c
	Sort  (cost=39.64..39.67 rows=10 width=121)
	  Sort Key: c
	  ->  Index Scan using sbtest2_pkey on sbtest2  (cost=0.43..39.48 rows=10 width=121)
	        Index Cond: ((id >= 7594139) AND (id <= 7594148))

table 3 : explain SELECT c FROM sbtest3 WHERE id BETWEEN 9606661 AND 9606670 ORDER BY c
	Sort  (cost=39.37..39.40 rows=10 width=121)
	  Sort Key: c
	  ->  Index Scan using sbtest3_pkey on sbtest3  (cost=0.43..39.21 rows=10 width=121)
	        Index Cond: ((id >= 9606661) AND (id <= 9606670))

table 4 : explain SELECT c FROM sbtest4 WHERE id BETWEEN 8192083 AND 8192092 ORDER BY c
	Sort  (cost=39.52..39.54 rows=10 width=121)
	  Sort Key: c
	  ->  Index Scan using sbtest4_pkey on sbtest4  (cost=0.43..39.35 rows=10 width=121)
	        Index Cond: ((id >= 8192083) AND (id <= 8192092))

table 5 : explain SELECT c FROM sbtest5 WHERE id BETWEEN 9943557 AND 9943566 ORDER BY c
	Sort  (cost=39.68..39.70 rows=10 width=121)
	  Sort Key: c
	  ->  Index Scan using sbtest5_pkey on sbtest5  (cost=0.43..39.51 rows=10 width=121)
	        Index Cond: ((id >= 9943557) AND (id <= 9943566))

table 6 : explain SELECT c FROM sbtest6 WHERE id BETWEEN 2819441 AND 2819450 ORDER BY c
	Sort  (cost=39.54..39.57 rows=10 width=121)
	  Sort Key: c
	  ->  Index Scan using sbtest6_pkey on sbtest6  (cost=0.43..39.37 rows=10 width=121)
	        Index Cond: ((id >= 2819441) AND (id <= 2819450))

table 7 : explain SELECT c FROM sbtest7 WHERE id BETWEEN 8248198 AND 8248207 ORDER BY c
	Sort  (cost=42.95..42.97 rows=11 width=121)
	  Sort Key: c
	  ->  Index Scan using sbtest7_pkey on sbtest7  (cost=0.43..42.76 rows=11 width=121)
	        Index Cond: ((id >= 8248198) AND (id <= 8248207))

table 8 : explain SELECT c FROM sbtest8 WHERE id BETWEEN 8530314 AND 8530323 ORDER BY c
	Sort  (cost=39.27..39.30 rows=10 width=121)
	  Sort Key: c
	  ->  Index Scan using sbtest8_pkey on sbtest8  (cost=0.43..39.11 rows=10 width=121)
	        Index Cond: ((id >= 8530314) AND (id <= 8530323))

for: order_ranges
table 1 : explain SELECT c FROM sbtest1 WHERE id BETWEEN 7351877 AND 7351886 ORDER BY c
	Sort  (cost=36.28..36.30 rows=9 width=121)
	  Sort Key: c
	  ->  Index Scan using sbtest1_pkey on sbtest1  (cost=0.43..36.13 rows=9 width=121)
	        Index Cond: ((id >= 7351877) AND (id <= 7351886))

table 2 : explain SELECT c FROM sbtest2 WHERE id BETWEEN 4644743 AND 4644752 ORDER BY c
	Sort  (cost=39.64..39.67 rows=10 width=121)
	  Sort Key: c
	  ->  Index Scan using sbtest2_pkey on sbtest2  (cost=0.43..39.48 rows=10 width=121)
	        Index Cond: ((id >= 4644743) AND (id <= 4644752))

table 3 : explain SELECT c FROM sbtest3 WHERE id BETWEEN 5042241 AND 5042250 ORDER BY c
	Sort  (cost=35.93..35.95 rows=9 width=121)
	  Sort Key: c
	  ->  Index Scan using sbtest3_pkey on sbtest3  (cost=0.43..35.79 rows=9 width=121)
	        Index Cond: ((id >= 5042241) AND (id <= 5042250))

table 4 : explain SELECT c FROM sbtest4 WHERE id BETWEEN 1090246 AND 1090255 ORDER BY c
	Sort  (cost=39.52..39.54 rows=10 width=121)
	  Sort Key: c
	  ->  Index Scan using sbtest4_pkey on sbtest4  (cost=0.43..39.35 rows=10 width=121)
	        Index Cond: ((id >= 1090246) AND (id <= 1090255))

table 5 : explain SELECT c FROM sbtest5 WHERE id BETWEEN 4753856 AND 4753865 ORDER BY c
	Sort  (cost=39.68..39.70 rows=10 width=121)
	  Sort Key: c
	  ->  Index Scan using sbtest5_pkey on sbtest5  (cost=0.43..39.51 rows=10 width=121)
	        Index Cond: ((id >= 4753856) AND (id <= 4753865))

table 6 : explain SELECT c FROM sbtest6 WHERE id BETWEEN 6159950 AND 6159959 ORDER BY c
	Sort  (cost=39.54..39.57 rows=10 width=121)
	  Sort Key: c
	  ->  Index Scan using sbtest6_pkey on sbtest6  (cost=0.43..39.37 rows=10 width=121)
	        Index Cond: ((id >= 6159950) AND (id <= 6159959))

table 7 : explain SELECT c FROM sbtest7 WHERE id BETWEEN 2199032 AND 2199041 ORDER BY c
	Sort  (cost=39.49..39.52 rows=10 width=121)
	  Sort Key: c
	  ->  Index Scan using sbtest7_pkey on sbtest7  (cost=0.43..39.33 rows=10 width=121)
	        Index Cond: ((id >= 2199032) AND (id <= 2199041))

table 8 : explain SELECT c FROM sbtest8 WHERE id BETWEEN 3501185 AND 3501194 ORDER BY c
	Sort  (cost=42.70..42.73 rows=11 width=121)
	  Sort Key: c
	  ->  Index Scan using sbtest8_pkey on sbtest8  (cost=0.43..42.51 rows=11 width=121)
	        Index Cond: ((id >= 3501185) AND (id <= 3501194))

for point_selects
table 1 : explain SELECT c FROM sbtest1 WHERE id=8432842
	Index Scan using sbtest1_pkey on sbtest1  (cost=0.43..8.45 rows=1 width=121)
	  Index Cond: (id = 8432842)

table 2 : explain SELECT c FROM sbtest2 WHERE id=5756452
	Index Scan using sbtest2_pkey on sbtest2  (cost=0.43..8.45 rows=1 width=121)
	  Index Cond: (id = 5756452)

table 3 : explain SELECT c FROM sbtest3 WHERE id=8532240
	Index Scan using sbtest3_pkey on sbtest3  (cost=0.43..8.45 rows=1 width=121)
	  Index Cond: (id = 8532240)

table 4 : explain SELECT c FROM sbtest4 WHERE id=4493951
	Index Scan using sbtest4_pkey on sbtest4  (cost=0.43..8.45 rows=1 width=121)
	  Index Cond: (id = 4493951)

table 5 : explain SELECT c FROM sbtest5 WHERE id=4538326
	Index Scan using sbtest5_pkey on sbtest5  (cost=0.43..8.45 rows=1 width=121)
	  Index Cond: (id = 4538326)

table 6 : explain SELECT c FROM sbtest6 WHERE id=9726919
	Index Scan using sbtest6_pkey on sbtest6  (cost=0.43..8.45 rows=1 width=121)
	  Index Cond: (id = 9726919)

table 7 : explain SELECT c FROM sbtest7 WHERE id=6032189
	Index Scan using sbtest7_pkey on sbtest7  (cost=0.43..8.45 rows=1 width=121)
	  Index Cond: (id = 6032189)

table 8 : explain SELECT c FROM sbtest8 WHERE id=3311424
	Index Scan using sbtest8_pkey on sbtest8  (cost=0.43..8.45 rows=1 width=121)
	  Index Cond: (id = 3311424)

for: distinct_ranges
table 1 : explain SELECT DISTINCT c FROM sbtest1 WHERE id BETWEEN 3893811 AND 3893820 ORDER BY c
	Unique  (cost=39.76..39.81 rows=10 width=121)
	  ->  Sort  (cost=39.76..39.78 rows=10 width=121)
	        Sort Key: c
	        ->  Index Scan using sbtest1_pkey on sbtest1  (cost=0.43..39.59 rows=10 width=121)
	              Index Cond: ((id >= 3893811) AND (id <= 3893820))

table 2 : explain SELECT DISTINCT c FROM sbtest2 WHERE id BETWEEN 4759449 AND 4759458 ORDER BY c
	Unique  (cost=36.17..36.22 rows=9 width=121)
	  ->  Sort  (cost=36.17..36.19 rows=9 width=121)
	        Sort Key: c
	        ->  Index Scan using sbtest2_pkey on sbtest2  (cost=0.43..36.03 rows=9 width=121)
	              Index Cond: ((id >= 4759449) AND (id <= 4759458))

table 3 : explain SELECT DISTINCT c FROM sbtest3 WHERE id BETWEEN 4682967 AND 4682976 ORDER BY c
	Unique  (cost=35.93..35.98 rows=9 width=121)
	  ->  Sort  (cost=35.93..35.95 rows=9 width=121)
	        Sort Key: c
	        ->  Index Scan using sbtest3_pkey on sbtest3  (cost=0.43..35.79 rows=9 width=121)
	              Index Cond: ((id >= 4682967) AND (id <= 4682976))

table 4 : explain SELECT DISTINCT c FROM sbtest4 WHERE id BETWEEN 7538044 AND 7538053 ORDER BY c
	Unique  (cost=39.52..39.57 rows=10 width=121)
	  ->  Sort  (cost=39.52..39.54 rows=10 width=121)
	        Sort Key: c
	        ->  Index Scan using sbtest4_pkey on sbtest4  (cost=0.43..39.35 rows=10 width=121)
	              Index Cond: ((id >= 7538044) AND (id <= 7538053))

table 5 : explain SELECT DISTINCT c FROM sbtest5 WHERE id BETWEEN 7078292 AND 7078301 ORDER BY c
	Unique  (cost=39.68..39.73 rows=10 width=121)
	  ->  Sort  (cost=39.68..39.70 rows=10 width=121)
	        Sort Key: c
	        ->  Index Scan using sbtest5_pkey on sbtest5  (cost=0.43..39.51 rows=10 width=121)
	              Index Cond: ((id >= 7078292) AND (id <= 7078301))

table 6 : explain SELECT DISTINCT c FROM sbtest6 WHERE id BETWEEN 7175560 AND 7175569 ORDER BY c
	Unique  (cost=43.00..43.05 rows=11 width=121)
	  ->  Sort  (cost=43.00..43.03 rows=11 width=121)
	        Sort Key: c
	        ->  Index Scan using sbtest6_pkey on sbtest6  (cost=0.43..42.81 rows=11 width=121)
	              Index Cond: ((id >= 7175560) AND (id <= 7175569))

table 7 : explain SELECT DISTINCT c FROM sbtest7 WHERE id BETWEEN 8537278 AND 8537287 ORDER BY c
	Unique  (cost=39.49..39.54 rows=10 width=121)
	  ->  Sort  (cost=39.49..39.52 rows=10 width=121)
	        Sort Key: c
	        ->  Index Scan using sbtest7_pkey on sbtest7  (cost=0.43..39.33 rows=10 width=121)
	              Index Cond: ((id >= 8537278) AND (id <= 8537287))

table 8 : explain SELECT DISTINCT c FROM sbtest8 WHERE id BETWEEN 5334329 AND 5334338 ORDER BY c
	Unique  (cost=39.27..39.32 rows=10 width=121)
	  ->  Sort  (cost=39.27..39.30 rows=10 width=121)
	        Sort Key: c
	        ->  Index Scan using sbtest8_pkey on sbtest8  (cost=0.43..39.11 rows=10 width=121)
	              Index Cond: ((id >= 5334329) AND (id <= 5334338))

for: distinct_ranges
table 1 : explain SELECT DISTINCT c FROM sbtest1 WHERE id BETWEEN 7802365 AND 7802374 ORDER BY c
	Unique  (cost=39.76..39.81 rows=10 width=121)
	  ->  Sort  (cost=39.76..39.78 rows=10 width=121)
	        Sort Key: c
	        ->  Index Scan using sbtest1_pkey on sbtest1  (cost=0.43..39.59 rows=10 width=121)
	              Index Cond: ((id >= 7802365) AND (id <= 7802374))

table 2 : explain SELECT DISTINCT c FROM sbtest2 WHERE id BETWEEN 6963158 AND 6963167 ORDER BY c
	Unique  (cost=36.17..36.22 rows=9 width=121)
	  ->  Sort  (cost=36.17..36.19 rows=9 width=121)
	        Sort Key: c
	        ->  Index Scan using sbtest2_pkey on sbtest2  (cost=0.43..36.03 rows=9 width=121)
	              Index Cond: ((id >= 6963158) AND (id <= 6963167))

table 3 : explain SELECT DISTINCT c FROM sbtest3 WHERE id BETWEEN 2918923 AND 2918932 ORDER BY c
	Unique  (cost=39.37..39.42 rows=10 width=121)
	  ->  Sort  (cost=39.37..39.40 rows=10 width=121)
	        Sort Key: c
	        ->  Index Scan using sbtest3_pkey on sbtest3  (cost=0.43..39.21 rows=10 width=121)
	              Index Cond: ((id >= 2918923) AND (id <= 2918932))

table 4 : explain SELECT DISTINCT c FROM sbtest4 WHERE id BETWEEN 5767947 AND 5767956 ORDER BY c
	Unique  (cost=39.52..39.57 rows=10 width=121)
	  ->  Sort  (cost=39.52..39.54 rows=10 width=121)
	        Sort Key: c
	        ->  Index Scan using sbtest4_pkey on sbtest4  (cost=0.43..39.35 rows=10 width=121)
	              Index Cond: ((id >= 5767947) AND (id <= 5767956))

table 5 : explain SELECT DISTINCT c FROM sbtest5 WHERE id BETWEEN 4519932 AND 4519941 ORDER BY c
	Unique  (cost=39.68..39.73 rows=10 width=121)
	  ->  Sort  (cost=39.68..39.70 rows=10 width=121)
	        Sort Key: c
	        ->  Index Scan using sbtest5_pkey on sbtest5  (cost=0.43..39.51 rows=10 width=121)
	              Index Cond: ((id >= 4519932) AND (id <= 4519941))

table 6 : explain SELECT DISTINCT c FROM sbtest6 WHERE id BETWEEN 7266921 AND 7266930 ORDER BY c
	Unique  (cost=39.54..39.59 rows=10 width=121)
	  ->  Sort  (cost=39.54..39.57 rows=10 width=121)
	        Sort Key: c
	        ->  Index Scan using sbtest6_pkey on sbtest6  (cost=0.43..39.37 rows=10 width=121)
	              Index Cond: ((id >= 7266921) AND (id <= 7266930))

table 7 : explain SELECT DISTINCT c FROM sbtest7 WHERE id BETWEEN 2557255 AND 2557264 ORDER BY c
	Unique  (cost=36.04..36.08 rows=9 width=121)
	  ->  Sort  (cost=36.04..36.06 rows=9 width=121)
	        Sort Key: c
	        ->  Index Scan using sbtest7_pkey on sbtest7  (cost=0.43..35.90 rows=9 width=121)
	              Index Cond: ((id >= 2557255) AND (id <= 2557264))

table 8 : explain SELECT DISTINCT c FROM sbtest8 WHERE id BETWEEN 7155099 AND 7155108 ORDER BY c
	Unique  (cost=42.70..42.76 rows=11 width=121)
	  ->  Sort  (cost=42.70..42.73 rows=11 width=121)
	        Sort Key: c
	        ->  Index Scan using sbtest8_pkey on sbtest8  (cost=0.43..42.51 rows=11 width=121)
	              Index Cond: ((id >= 7155099) AND (id <= 7155108))

explain: for point_selects :: explain SELECT c FROM sbtest%u WHERE id=%u
for: distinct_ranges
table 1 : explain SELECT DISTINCT c FROM sbtest1 WHERE id BETWEEN 4030418 AND 4030427 ORDER BY c
	Unique  (cost=43.24..43.30 rows=11 width=121)
	  ->  Sort  (cost=43.24..43.27 rows=11 width=121)
	        Sort Key: c
	        ->  Index Scan using sbtest1_pkey on sbtest1  (cost=0.43..43.05 rows=11 width=121)
	              Index Cond: ((id >= 4030418) AND (id <= 4030427))

table 2 : explain SELECT DISTINCT c FROM sbtest2 WHERE id BETWEEN 9511272 AND 9511281 ORDER BY c
	Unique  (cost=39.64..39.69 rows=10 width=121)
	  ->  Sort  (cost=39.64..39.67 rows=10 width=121)
	        Sort Key: c
	        ->  Index Scan using sbtest2_pkey on sbtest2  (cost=0.43..39.48 rows=10 width=121)
	              Index Cond: ((id >= 9511272) AND (id <= 9511281))

table 3 : explain SELECT DISTINCT c FROM sbtest3 WHERE id BETWEEN 1396077 AND 1396086 ORDER BY c
	Unique  (cost=39.37..39.42 rows=10 width=121)
	  ->  Sort  (cost=39.37..39.40 rows=10 width=121)
	        Sort Key: c
	        ->  Index Scan using sbtest3_pkey on sbtest3  (cost=0.43..39.21 rows=10 width=121)
	              Index Cond: ((id >= 1396077) AND (id <= 1396086))

table 4 : explain SELECT DISTINCT c FROM sbtest4 WHERE id BETWEEN 1125578 AND 1125587 ORDER BY c
	Unique  (cost=36.06..36.11 rows=9 width=121)
	  ->  Sort  (cost=36.06..36.09 rows=9 width=121)
	        Sort Key: c
	        ->  Index Scan using sbtest4_pkey on sbtest4  (cost=0.43..35.92 rows=9 width=121)
	              Index Cond: ((id >= 1125578) AND (id <= 1125587))

table 5 : explain SELECT DISTINCT c FROM sbtest5 WHERE id BETWEEN 5648942 AND 5648951 ORDER BY c
	Unique  (cost=39.68..39.73 rows=10 width=121)
	  ->  Sort  (cost=39.68..39.70 rows=10 width=121)
	        Sort Key: c
	        ->  Index Scan using sbtest5_pkey on sbtest5  (cost=0.43..39.51 rows=10 width=121)
	              Index Cond: ((id >= 5648942) AND (id <= 5648951))

table 6 : explain SELECT DISTINCT c FROM sbtest6 WHERE id BETWEEN 3524223 AND 3524232 ORDER BY c
	Unique  (cost=36.08..36.13 rows=9 width=121)
	  ->  Sort  (cost=36.08..36.10 rows=9 width=121)
	        Sort Key: c
	        ->  Index Scan using sbtest6_pkey on sbtest6  (cost=0.43..35.94 rows=9 width=121)
	              Index Cond: ((id >= 3524223) AND (id <= 3524232))

table 7 : explain SELECT DISTINCT c FROM sbtest7 WHERE id BETWEEN 7057979 AND 7057988 ORDER BY c
	Unique  (cost=36.04..36.08 rows=9 width=121)
	  ->  Sort  (cost=36.04..36.06 rows=9 width=121)
	        Sort Key: c
	        ->  Index Scan using sbtest7_pkey on sbtest7  (cost=0.43..35.90 rows=9 width=121)
	              Index Cond: ((id >= 7057979) AND (id <= 7057988))

table 8 : explain SELECT DISTINCT c FROM sbtest8 WHERE id BETWEEN 479190 AND 479199 ORDER BY c
	Unique  (cost=39.27..39.32 rows=10 width=121)
	  ->  Sort  (cost=39.27..39.30 rows=10 width=121)
	        Sort Key: c
	        ->  Index Scan using sbtest8_pkey on sbtest8  (cost=0.43..39.11 rows=10 width=121)
	              Index Cond: ((id >= 479190) AND (id <= 479199))

explain: for non_index_updates :: explain UPDATE sbtest%u SET c='foobar' WHERE id=%u
explain: for index_updates :: explain UPDATE sbtest%u SET k=k+1 WHERE id=%u
for: sum_ranges
table 1 : explain SELECT SUM(k) FROM sbtest1 WHERE id BETWEEN 5124712 AND 5124721
	Aggregate  (cost=39.62..39.63 rows=1 width=8)
	  ->  Index Scan using sbtest1_pkey on sbtest1  (cost=0.43..39.59 rows=10 width=4)
	        Index Cond: ((id >= 5124712) AND (id <= 5124721))

table 2 : explain SELECT SUM(k) FROM sbtest2 WHERE id BETWEEN 6751046 AND 6751055
	Aggregate  (cost=39.50..39.51 rows=1 width=8)
	  ->  Index Scan using sbtest2_pkey on sbtest2  (cost=0.43..39.48 rows=10 width=4)
	        Index Cond: ((id >= 6751046) AND (id <= 6751055))

table 3 : explain SELECT SUM(k) FROM sbtest3 WHERE id BETWEEN 888035 AND 888044
	Aggregate  (cost=39.23..39.24 rows=1 width=8)
	  ->  Index Scan using sbtest3_pkey on sbtest3  (cost=0.43..39.21 rows=10 width=4)
	        Index Cond: ((id >= 888035) AND (id <= 888044))

table 4 : explain SELECT SUM(k) FROM sbtest4 WHERE id BETWEEN 3816174 AND 3816183
	Aggregate  (cost=42.81..42.82 rows=1 width=8)
	  ->  Index Scan using sbtest4_pkey on sbtest4  (cost=0.43..42.79 rows=11 width=4)
	        Index Cond: ((id >= 3816174) AND (id <= 3816183))

table 5 : explain SELECT SUM(k) FROM sbtest5 WHERE id BETWEEN 1832586 AND 1832595
	Aggregate  (cost=42.99..43.00 rows=1 width=8)
	  ->  Index Scan using sbtest5_pkey on sbtest5  (cost=0.43..42.96 rows=11 width=4)
	        Index Cond: ((id >= 1832586) AND (id <= 1832595))

table 6 : explain SELECT SUM(k) FROM sbtest6 WHERE id BETWEEN 2640569 AND 2640578
	Aggregate  (cost=42.84..42.85 rows=1 width=8)
	  ->  Index Scan using sbtest6_pkey on sbtest6  (cost=0.43..42.81 rows=11 width=4)
	        Index Cond: ((id >= 2640569) AND (id <= 2640578))

table 7 : explain SELECT SUM(k) FROM sbtest7 WHERE id BETWEEN 2301037 AND 2301046
	Aggregate  (cost=39.35..39.36 rows=1 width=8)
	  ->  Index Scan using sbtest7_pkey on sbtest7  (cost=0.43..39.33 rows=10 width=4)
	        Index Cond: ((id >= 2301037) AND (id <= 2301046))

table 8 : explain SELECT SUM(k) FROM sbtest8 WHERE id BETWEEN 8322582 AND 8322591
	Aggregate  (cost=39.13..39.14 rows=1 width=8)
	  ->  Index Scan using sbtest8_pkey on sbtest8  (cost=0.43..39.11 rows=10 width=4)
	        Index Cond: ((id >= 8322582) AND (id <= 8322591))

explain: for index_updates :: explain UPDATE sbtest%u SET k=k+1 WHERE id=%u
explain: for index_updates :: explain UPDATE sbtest%u SET k=k+1 WHERE id=%u
for: sum_ranges
table 1 : explain SELECT SUM(k) FROM sbtest1 WHERE id BETWEEN 5796843 AND 5796852
	Aggregate  (cost=43.08..43.09 rows=1 width=8)
	  ->  Index Scan using sbtest1_pkey on sbtest1  (cost=0.43..43.05 rows=11 width=4)
	        Index Cond: ((id >= 5796843) AND (id <= 5796852))

table 2 : explain SELECT SUM(k) FROM sbtest2 WHERE id BETWEEN 4517310 AND 4517319
	Aggregate  (cost=39.50..39.51 rows=1 width=8)
	  ->  Index Scan using sbtest2_pkey on sbtest2  (cost=0.43..39.48 rows=10 width=4)
	        Index Cond: ((id >= 4517310) AND (id <= 4517319))

table 3 : explain SELECT SUM(k) FROM sbtest3 WHERE id BETWEEN 5065715 AND 5065724
	Aggregate  (cost=35.81..35.82 rows=1 width=8)
	  ->  Index Scan using sbtest3_pkey on sbtest3  (cost=0.43..35.79 rows=9 width=4)
	        Index Cond: ((id >= 5065715) AND (id <= 5065724))

table 4 : explain SELECT SUM(k) FROM sbtest4 WHERE id BETWEEN 9799949 AND 9799958
	Aggregate  (cost=39.38..39.39 rows=1 width=8)
	  ->  Index Scan using sbtest4_pkey on sbtest4  (cost=0.43..39.35 rows=10 width=4)
	        Index Cond: ((id >= 9799949) AND (id <= 9799958))

table 5 : explain SELECT SUM(k) FROM sbtest5 WHERE id BETWEEN 5281914 AND 5281923
	Aggregate  (cost=36.08..36.09 rows=1 width=8)
	  ->  Index Scan using sbtest5_pkey on sbtest5  (cost=0.43..36.06 rows=9 width=4)
	        Index Cond: ((id >= 5281914) AND (id <= 5281923))

table 6 : explain SELECT SUM(k) FROM sbtest6 WHERE id BETWEEN 7747647 AND 7747656
	Aggregate  (cost=39.40..39.41 rows=1 width=8)
	  ->  Index Scan using sbtest6_pkey on sbtest6  (cost=0.43..39.37 rows=10 width=4)
	        Index Cond: ((id >= 7747647) AND (id <= 7747656))

table 7 : explain SELECT SUM(k) FROM sbtest7 WHERE id BETWEEN 1776848 AND 1776857
	Aggregate  (cost=39.35..39.36 rows=1 width=8)
	  ->  Index Scan using sbtest7_pkey on sbtest7  (cost=0.43..39.33 rows=10 width=4)
	        Index Cond: ((id >= 1776848) AND (id <= 1776857))

table 8 : explain SELECT SUM(k) FROM sbtest8 WHERE id BETWEEN 752790 AND 752799
	Aggregate  (cost=39.13..39.14 rows=1 width=8)
	  ->  Index Scan using sbtest8_pkey on sbtest8  (cost=0.43..39.11 rows=10 width=4)
	        Index Cond: ((id >= 752790) AND (id <= 752799))

for: sum_ranges
table 1 : explain SELECT SUM(k) FROM sbtest1 WHERE id BETWEEN 4367287 AND 4367296
	Aggregate  (cost=43.08..43.09 rows=1 width=8)
	  ->  Index Scan using sbtest1_pkey on sbtest1  (cost=0.43..43.05 rows=11 width=4)
	        Index Cond: ((id >= 4367287) AND (id <= 4367296))

table 2 : explain SELECT SUM(k) FROM sbtest2 WHERE id BETWEEN 7830563 AND 7830572
	Aggregate  (cost=39.50..39.51 rows=1 width=8)
	  ->  Index Scan using sbtest2_pkey on sbtest2  (cost=0.43..39.48 rows=10 width=4)
	        Index Cond: ((id >= 7830563) AND (id <= 7830572))

table 3 : explain SELECT SUM(k) FROM sbtest3 WHERE id BETWEEN 4298534 AND 4298543
	Aggregate  (cost=39.23..39.24 rows=1 width=8)
	  ->  Index Scan using sbtest3_pkey on sbtest3  (cost=0.43..39.21 rows=10 width=4)
	        Index Cond: ((id >= 4298534) AND (id <= 4298543))

table 4 : explain SELECT SUM(k) FROM sbtest4 WHERE id BETWEEN 7379670 AND 7379679
	Aggregate  (cost=39.38..39.39 rows=1 width=8)
	  ->  Index Scan using sbtest4_pkey on sbtest4  (cost=0.43..39.35 rows=10 width=4)
	        Index Cond: ((id >= 7379670) AND (id <= 7379679))

table 5 : explain SELECT SUM(k) FROM sbtest5 WHERE id BETWEEN 727507 AND 727516
	Aggregate  (cost=39.53..39.54 rows=1 width=8)
	  ->  Index Scan using sbtest5_pkey on sbtest5  (cost=0.43..39.51 rows=10 width=4)
	        Index Cond: ((id >= 727507) AND (id <= 727516))

table 6 : explain SELECT SUM(k) FROM sbtest6 WHERE id BETWEEN 2499577 AND 2499586
	Aggregate  (cost=35.96..35.97 rows=1 width=8)
	  ->  Index Scan using sbtest6_pkey on sbtest6  (cost=0.43..35.94 rows=9 width=4)
	        Index Cond: ((id >= 2499577) AND (id <= 2499586))

table 7 : explain SELECT SUM(k) FROM sbtest7 WHERE id BETWEEN 8942200 AND 8942209
	Aggregate  (cost=42.78..42.79 rows=1 width=8)
	  ->  Index Scan using sbtest7_pkey on sbtest7  (cost=0.43..42.76 rows=11 width=4)
	        Index Cond: ((id >= 8942200) AND (id <= 8942209))

table 8 : explain SELECT SUM(k) FROM sbtest8 WHERE id BETWEEN 258577 AND 258586
	Aggregate  (cost=35.72..35.73 rows=1 width=8)
	  ->  Index Scan using sbtest8_pkey on sbtest8  (cost=0.43..35.70 rows=9 width=4)
	        Index Cond: ((id >= 258577) AND (id <= 258586))

for: sum_ranges
table 1 : explain SELECT SUM(k) FROM sbtest1 WHERE id BETWEEN 1325358 AND 1325367
	Aggregate  (cost=36.16..36.17 rows=1 width=8)
	  ->  Index Scan using sbtest1_pkey on sbtest1  (cost=0.43..36.13 rows=9 width=4)
	        Index Cond: ((id >= 1325358) AND (id <= 1325367))

table 2 : explain SELECT SUM(k) FROM sbtest2 WHERE id BETWEEN 6772017 AND 6772026
	Aggregate  (cost=39.50..39.51 rows=1 width=8)
	  ->  Index Scan using sbtest2_pkey on sbtest2  (cost=0.43..39.48 rows=10 width=4)
	        Index Cond: ((id >= 6772017) AND (id <= 6772026))

table 3 : explain SELECT SUM(k) FROM sbtest3 WHERE id BETWEEN 293222 AND 293231
	Aggregate  (cost=35.81..35.82 rows=1 width=8)
	  ->  Index Scan using sbtest3_pkey on sbtest3  (cost=0.43..35.79 rows=9 width=4)
	        Index Cond: ((id >= 293222) AND (id <= 293231))

table 4 : explain SELECT SUM(k) FROM sbtest4 WHERE id BETWEEN 4832649 AND 4832658
	Aggregate  (cost=35.94..35.95 rows=1 width=8)
	  ->  Index Scan using sbtest4_pkey on sbtest4  (cost=0.43..35.92 rows=9 width=4)
	        Index Cond: ((id >= 4832649) AND (id <= 4832658))

table 5 : explain SELECT SUM(k) FROM sbtest5 WHERE id BETWEEN 4739482 AND 4739491
	Aggregate  (cost=39.53..39.54 rows=1 width=8)
	  ->  Index Scan using sbtest5_pkey on sbtest5  (cost=0.43..39.51 rows=10 width=4)
	        Index Cond: ((id >= 4739482) AND (id <= 4739491))

table 6 : explain SELECT SUM(k) FROM sbtest6 WHERE id BETWEEN 3763298 AND 3763307
	Aggregate  (cost=42.84..42.85 rows=1 width=8)
	  ->  Index Scan using sbtest6_pkey on sbtest6  (cost=0.43..42.81 rows=11 width=4)
	        Index Cond: ((id >= 3763298) AND (id <= 3763307))

table 7 : explain SELECT SUM(k) FROM sbtest7 WHERE id BETWEEN 4137886 AND 4137895
	Aggregate  (cost=35.92..35.93 rows=1 width=8)
	  ->  Index Scan using sbtest7_pkey on sbtest7  (cost=0.43..35.90 rows=9 width=4)
	        Index Cond: ((id >= 4137886) AND (id <= 4137895))

table 8 : explain SELECT SUM(k) FROM sbtest8 WHERE id BETWEEN 1807647 AND 1807656
	Aggregate  (cost=35.72..35.73 rows=1 width=8)
	  ->  Index Scan using sbtest8_pkey on sbtest8  (cost=0.43..35.70 rows=9 width=4)
	        Index Cond: ((id >= 1807647) AND (id <= 1807656))

explain: for index_updates :: explain UPDATE sbtest%u SET k=k+1 WHERE id=%u
for: distinct_ranges
table 1 : explain SELECT DISTINCT c FROM sbtest1 WHERE id BETWEEN 7957980 AND 7957989 ORDER BY c
	Unique  (cost=39.76..39.81 rows=10 width=121)
	  ->  Sort  (cost=39.76..39.78 rows=10 width=121)
	        Sort Key: c
	        ->  Index Scan using sbtest1_pkey on sbtest1  (cost=0.43..39.59 rows=10 width=121)
	              Index Cond: ((id >= 7957980) AND (id <= 7957989))

table 2 : explain SELECT DISTINCT c FROM sbtest2 WHERE id BETWEEN 9013115 AND 9013124 ORDER BY c
	Unique  (cost=39.64..39.69 rows=10 width=121)
	  ->  Sort  (cost=39.64..39.67 rows=10 width=121)
	        Sort Key: c
	        ->  Index Scan using sbtest2_pkey on sbtest2  (cost=0.43..39.48 rows=10 width=121)
	              Index Cond: ((id >= 9013115) AND (id <= 9013124))

table 3 : explain SELECT DISTINCT c FROM sbtest3 WHERE id BETWEEN 8393122 AND 8393131 ORDER BY c
	Unique  (cost=39.37..39.42 rows=10 width=121)
	  ->  Sort  (cost=39.37..39.40 rows=10 width=121)
	        Sort Key: c
	        ->  Index Scan using sbtest3_pkey on sbtest3  (cost=0.43..39.21 rows=10 width=121)
	              Index Cond: ((id >= 8393122) AND (id <= 8393131))

table 4 : explain SELECT DISTINCT c FROM sbtest4 WHERE id BETWEEN 3095688 AND 3095697 ORDER BY c
	Unique  (cost=39.52..39.57 rows=10 width=121)
	  ->  Sort  (cost=39.52..39.54 rows=10 width=121)
	        Sort Key: c
	        ->  Index Scan using sbtest4_pkey on sbtest4  (cost=0.43..39.35 rows=10 width=121)
	              Index Cond: ((id >= 3095688) AND (id <= 3095697))

table 5 : explain SELECT DISTINCT c FROM sbtest5 WHERE id BETWEEN 5696367 AND 5696376 ORDER BY c
	Unique  (cost=39.68..39.73 rows=10 width=121)
	  ->  Sort  (cost=39.68..39.70 rows=10 width=121)
	        Sort Key: c
	        ->  Index Scan using sbtest5_pkey on sbtest5  (cost=0.43..39.51 rows=10 width=121)
	              Index Cond: ((id >= 5696367) AND (id <= 5696376))

table 6 : explain SELECT DISTINCT c FROM sbtest6 WHERE id BETWEEN 2341503 AND 2341512 ORDER BY c
	Unique  (cost=39.54..39.59 rows=10 width=121)
	  ->  Sort  (cost=39.54..39.57 rows=10 width=121)
	        Sort Key: c
	        ->  Index Scan using sbtest6_pkey on sbtest6  (cost=0.43..39.37 rows=10 width=121)
	              Index Cond: ((id >= 2341503) AND (id <= 2341512))

table 7 : explain SELECT DISTINCT c FROM sbtest7 WHERE id BETWEEN 2165678 AND 2165687 ORDER BY c
	Unique  (cost=39.49..39.54 rows=10 width=121)
	  ->  Sort  (cost=39.49..39.52 rows=10 width=121)
	        Sort Key: c
	        ->  Index Scan using sbtest7_pkey on sbtest7  (cost=0.43..39.33 rows=10 width=121)
	              Index Cond: ((id >= 2165678) AND (id <= 2165687))

table 8 : explain SELECT DISTINCT c FROM sbtest8 WHERE id BETWEEN 5624940 AND 5624949 ORDER BY c
	Unique  (cost=39.27..39.32 rows=10 width=121)
	  ->  Sort  (cost=39.27..39.30 rows=10 width=121)
	        Sort Key: c
	        ->  Index Scan using sbtest8_pkey on sbtest8  (cost=0.43..39.11 rows=10 width=121)
	              Index Cond: ((id >= 5624940) AND (id <= 5624949))

for index_updates
table 1 : explain UPDATE sbtest1 SET k=k+1 WHERE id=4243384
	Update on sbtest1  (cost=0.43..8.46 rows=0 width=0)
	  ->  Index Scan using sbtest1_pkey on sbtest1  (cost=0.43..8.46 rows=1 width=10)
	        Index Cond: (id = 4243384)

table 2 : explain UPDATE sbtest2 SET k=k+1 WHERE id=1847924
	Update on sbtest2  (cost=0.43..8.46 rows=0 width=0)
	  ->  Index Scan using sbtest2_pkey on sbtest2  (cost=0.43..8.46 rows=1 width=10)
	        Index Cond: (id = 1847924)

table 3 : explain UPDATE sbtest3 SET k=k+1 WHERE id=570339
	Update on sbtest3  (cost=0.43..8.46 rows=0 width=0)
	  ->  Index Scan using sbtest3_pkey on sbtest3  (cost=0.43..8.46 rows=1 width=10)
	        Index Cond: (id = 570339)

table 4 : explain UPDATE sbtest4 SET k=k+1 WHERE id=4260689
	Update on sbtest4  (cost=0.43..8.46 rows=0 width=0)
	  ->  Index Scan using sbtest4_pkey on sbtest4  (cost=0.43..8.46 rows=1 width=10)
	        Index Cond: (id = 4260689)

table 5 : explain UPDATE sbtest5 SET k=k+1 WHERE id=5210616
	Update on sbtest5  (cost=0.43..8.46 rows=0 width=0)
	  ->  Index Scan using sbtest5_pkey on sbtest5  (cost=0.43..8.46 rows=1 width=10)
	        Index Cond: (id = 5210616)

table 6 : explain UPDATE sbtest6 SET k=k+1 WHERE id=297706
	Update on sbtest6  (cost=0.43..8.46 rows=0 width=0)
	  ->  Index Scan using sbtest6_pkey on sbtest6  (cost=0.43..8.46 rows=1 width=10)
	        Index Cond: (id = 297706)

table 7 : explain UPDATE sbtest7 SET k=k+1 WHERE id=7496145
	Update on sbtest7  (cost=0.43..8.46 rows=0 width=0)
	  ->  Index Scan using sbtest7_pkey on sbtest7  (cost=0.43..8.46 rows=1 width=10)
	        Index Cond: (id = 7496145)

table 8 : explain UPDATE sbtest8 SET k=k+1 WHERE id=8083413
	Update on sbtest8  (cost=0.43..8.46 rows=0 width=0)
	  ->  Index Scan using sbtest8_pkey on sbtest8  (cost=0.43..8.46 rows=1 width=10)
	        Index Cond: (id = 8083413)

for point_selects
table 1 : explain SELECT c FROM sbtest1 WHERE id=8325000
	Index Scan using sbtest1_pkey on sbtest1  (cost=0.43..8.45 rows=1 width=121)
	  Index Cond: (id = 8325000)

table 2 : explain SELECT c FROM sbtest2 WHERE id=4005765
	Index Scan using sbtest2_pkey on sbtest2  (cost=0.43..8.45 rows=1 width=121)
	  Index Cond: (id = 4005765)

table 3 : explain SELECT c FROM sbtest3 WHERE id=5050880
	Index Scan using sbtest3_pkey on sbtest3  (cost=0.43..8.45 rows=1 width=121)
	  Index Cond: (id = 5050880)

table 4 : explain SELECT c FROM sbtest4 WHERE id=2651775
	Index Scan using sbtest4_pkey on sbtest4  (cost=0.43..8.45 rows=1 width=121)
	  Index Cond: (id = 2651775)

table 5 : explain SELECT c FROM sbtest5 WHERE id=6442390
	Index Scan using sbtest5_pkey on sbtest5  (cost=0.43..8.45 rows=1 width=121)
	  Index Cond: (id = 6442390)

table 6 : explain SELECT c FROM sbtest6 WHERE id=1195096
	Index Scan using sbtest6_pkey on sbtest6  (cost=0.43..8.45 rows=1 width=121)
	  Index Cond: (id = 1195096)

table 7 : explain SELECT c FROM sbtest7 WHERE id=9023259
	Index Scan using sbtest7_pkey on sbtest7  (cost=0.43..8.45 rows=1 width=121)
	  Index Cond: (id = 9023259)

table 8 : explain SELECT c FROM sbtest8 WHERE id=4069978
	Index Scan using sbtest8_pkey on sbtest8  (cost=0.43..8.45 rows=1 width=121)
	  Index Cond: (id = 4069978)

for: order_ranges
table 1 : explain SELECT c FROM sbtest1 WHERE id BETWEEN 9517777 AND 9517786 ORDER BY c
	Sort  (cost=39.76..39.78 rows=10 width=121)
	  Sort Key: c
	  ->  Index Scan using sbtest1_pkey on sbtest1  (cost=0.43..39.59 rows=10 width=121)
	        Index Cond: ((id >= 9517777) AND (id <= 9517786))

table 2 : explain SELECT c FROM sbtest2 WHERE id BETWEEN 6989018 AND 6989027 ORDER BY c
	Sort  (cost=36.17..36.19 rows=9 width=121)
	  Sort Key: c
	  ->  Index Scan using sbtest2_pkey on sbtest2  (cost=0.43..36.03 rows=9 width=121)
	        Index Cond: ((id >= 6989018) AND (id <= 6989027))

table 3 : explain SELECT c FROM sbtest3 WHERE id BETWEEN 1091452 AND 1091461 ORDER BY c
	Sort  (cost=39.37..39.40 rows=10 width=121)
	  Sort Key: c
	  ->  Index Scan using sbtest3_pkey on sbtest3  (cost=0.43..39.21 rows=10 width=121)
	        Index Cond: ((id >= 1091452) AND (id <= 1091461))

table 4 : explain SELECT c FROM sbtest4 WHERE id BETWEEN 12596 AND 12605 ORDER BY c
	Sort  (cost=39.52..39.54 rows=10 width=121)
	  Sort Key: c
	  ->  Index Scan using sbtest4_pkey on sbtest4  (cost=0.43..39.35 rows=10 width=121)
	        Index Cond: ((id >= 12596) AND (id <= 12605))

table 5 : explain SELECT c FROM sbtest5 WHERE id BETWEEN 3486453 AND 3486462 ORDER BY c
	Sort  (cost=39.68..39.70 rows=10 width=121)
	  Sort Key: c
	  ->  Index Scan using sbtest5_pkey on sbtest5  (cost=0.43..39.51 rows=10 width=121)
	        Index Cond: ((id >= 3486453) AND (id <= 3486462))

table 6 : explain SELECT c FROM sbtest6 WHERE id BETWEEN 1769270 AND 1769279 ORDER BY c
	Sort  (cost=39.54..39.57 rows=10 width=121)
	  Sort Key: c
	  ->  Index Scan using sbtest6_pkey on sbtest6  (cost=0.43..39.37 rows=10 width=121)
	        Index Cond: ((id >= 1769270) AND (id <= 1769279))

table 7 : explain SELECT c FROM sbtest7 WHERE id BETWEEN 8504967 AND 8504976 ORDER BY c
	Sort  (cost=39.49..39.52 rows=10 width=121)
	  Sort Key: c
	  ->  Index Scan using sbtest7_pkey on sbtest7  (cost=0.43..39.33 rows=10 width=121)
	        Index Cond: ((id >= 8504967) AND (id <= 8504976))

table 8 : explain SELECT c FROM sbtest8 WHERE id BETWEEN 9332729 AND 9332738 ORDER BY c
	Sort  (cost=39.27..39.30 rows=10 width=121)
	  Sort Key: c
	  ->  Index Scan using sbtest8_pkey on sbtest8  (cost=0.43..39.11 rows=10 width=121)
	        Index Cond: ((id >= 9332729) AND (id <= 9332738))

for point_selects
table 1 : explain SELECT c FROM sbtest1 WHERE id=6216620
	Index Scan using sbtest1_pkey on sbtest1  (cost=0.43..8.45 rows=1 width=121)
	  Index Cond: (id = 6216620)

table 2 : explain SELECT c FROM sbtest2 WHERE id=2696013
	Index Scan using sbtest2_pkey on sbtest2  (cost=0.43..8.45 rows=1 width=121)
	  Index Cond: (id = 2696013)

table 3 : explain SELECT c FROM sbtest3 WHERE id=5821933
	Index Scan using sbtest3_pkey on sbtest3  (cost=0.43..8.45 rows=1 width=121)
	  Index Cond: (id = 5821933)

table 4 : explain SELECT c FROM sbtest4 WHERE id=5397430
	Index Scan using sbtest4_pkey on sbtest4  (cost=0.43..8.45 rows=1 width=121)
	  Index Cond: (id = 5397430)

table 5 : explain SELECT c FROM sbtest5 WHERE id=7891026
	Index Scan using sbtest5_pkey on sbtest5  (cost=0.43..8.45 rows=1 width=121)
	  Index Cond: (id = 7891026)

table 6 : explain SELECT c FROM sbtest6 WHERE id=7530318
	Index Scan using sbtest6_pkey on sbtest6  (cost=0.43..8.45 rows=1 width=121)
	  Index Cond: (id = 7530318)

table 7 : explain SELECT c FROM sbtest7 WHERE id=4009128
	Index Scan using sbtest7_pkey on sbtest7  (cost=0.43..8.45 rows=1 width=121)
	  Index Cond: (id = 4009128)

table 8 : explain SELECT c FROM sbtest8 WHERE id=5603931
	Index Scan using sbtest8_pkey on sbtest8  (cost=0.43..8.45 rows=1 width=121)
	  Index Cond: (id = 5603931)

for: sum_ranges
table 1 : explain SELECT SUM(k) FROM sbtest1 WHERE id BETWEEN 9427053 AND 9427062
	Aggregate  (cost=39.62..39.63 rows=1 width=8)
	  ->  Index Scan using sbtest1_pkey on sbtest1  (cost=0.43..39.59 rows=10 width=4)
	        Index Cond: ((id >= 9427053) AND (id <= 9427062))

table 2 : explain SELECT SUM(k) FROM sbtest2 WHERE id BETWEEN 8262281 AND 8262290
	Aggregate  (cost=42.95..42.96 rows=1 width=8)
	  ->  Index Scan using sbtest2_pkey on sbtest2  (cost=0.43..42.92 rows=11 width=4)
	        Index Cond: ((id >= 8262281) AND (id <= 8262290))

table 3 : explain SELECT SUM(k) FROM sbtest3 WHERE id BETWEEN 22172 AND 22181
	Aggregate  (cost=39.23..39.24 rows=1 width=8)
	  ->  Index Scan using sbtest3_pkey on sbtest3  (cost=0.43..39.21 rows=10 width=4)
	        Index Cond: ((id >= 22172) AND (id <= 22181))

table 4 : explain SELECT SUM(k) FROM sbtest4 WHERE id BETWEEN 7372172 AND 7372181
	Aggregate  (cost=39.38..39.39 rows=1 width=8)
	  ->  Index Scan using sbtest4_pkey on sbtest4  (cost=0.43..39.35 rows=10 width=4)
	        Index Cond: ((id >= 7372172) AND (id <= 7372181))

table 5 : explain SELECT SUM(k) FROM sbtest5 WHERE id BETWEEN 5762471 AND 5762480
	Aggregate  (cost=39.53..39.54 rows=1 width=8)
	  ->  Index Scan using sbtest5_pkey on sbtest5  (cost=0.43..39.51 rows=10 width=4)
	        Index Cond: ((id >= 5762471) AND (id <= 5762480))

table 6 : explain SELECT SUM(k) FROM sbtest6 WHERE id BETWEEN 4844492 AND 4844501
	Aggregate  (cost=39.40..39.41 rows=1 width=8)
	  ->  Index Scan using sbtest6_pkey on sbtest6  (cost=0.43..39.37 rows=10 width=4)
	        Index Cond: ((id >= 4844492) AND (id <= 4844501))

table 7 : explain SELECT SUM(k) FROM sbtest7 WHERE id BETWEEN 3726487 AND 3726496
	Aggregate  (cost=39.35..39.36 rows=1 width=8)
	  ->  Index Scan using sbtest7_pkey on sbtest7  (cost=0.43..39.33 rows=10 width=4)
	        Index Cond: ((id >= 3726487) AND (id <= 3726496))

table 8 : explain SELECT SUM(k) FROM sbtest8 WHERE id BETWEEN 7032620 AND 7032629
	Aggregate  (cost=42.54..42.55 rows=1 width=8)
	  ->  Index Scan using sbtest8_pkey on sbtest8  (cost=0.43..42.51 rows=11 width=4)
	        Index Cond: ((id >= 7032620) AND (id <= 7032629))
for non_index_updates
table 1 : explain UPDATE sbtest1 SET c='foobar' WHERE id=7097227
	Update on sbtest1  (cost=0.43..8.45 rows=0 width=0)
	  ->  Index Scan using sbtest1_pkey on sbtest1  (cost=0.43..8.45 rows=1 width=490)
	        Index Cond: (id = 7097227)

table 2 : explain UPDATE sbtest2 SET c='foobar' WHERE id=3557069
	Update on sbtest2  (cost=0.43..8.45 rows=0 width=0)
	  ->  Index Scan using sbtest2_pkey on sbtest2  (cost=0.43..8.45 rows=1 width=490)
	        Index Cond: (id = 3557069)

table 3 : explain UPDATE sbtest3 SET c='foobar' WHERE id=6936422
	Update on sbtest3  (cost=0.43..8.45 rows=0 width=0)
	  ->  Index Scan using sbtest3_pkey on sbtest3  (cost=0.43..8.45 rows=1 width=490)
	        Index Cond: (id = 6936422)

table 4 : explain UPDATE sbtest4 SET c='foobar' WHERE id=8459911
	Update on sbtest4  (cost=0.43..8.45 rows=0 width=0)
	  ->  Index Scan using sbtest4_pkey on sbtest4  (cost=0.43..8.45 rows=1 width=490)
	        Index Cond: (id = 8459911)

table 5 : explain UPDATE sbtest5 SET c='foobar' WHERE id=3285574
	Update on sbtest5  (cost=0.43..8.45 rows=0 width=0)
	  ->  Index Scan using sbtest5_pkey on sbtest5  (cost=0.43..8.45 rows=1 width=490)
	        Index Cond: (id = 3285574)

table 6 : explain UPDATE sbtest6 SET c='foobar' WHERE id=1291785
	Update on sbtest6  (cost=0.43..8.45 rows=0 width=0)
	  ->  Index Scan using sbtest6_pkey on sbtest6  (cost=0.43..8.45 rows=1 width=490)
	        Index Cond: (id = 1291785)

table 7 : explain UPDATE sbtest7 SET c='foobar' WHERE id=4138706
	Update on sbtest7  (cost=0.43..8.45 rows=0 width=0)
	  ->  Index Scan using sbtest7_pkey on sbtest7  (cost=0.43..8.45 rows=1 width=490)
	        Index Cond: (id = 4138706)

table 8 : explain UPDATE sbtest8 SET c='foobar' WHERE id=2765444
	Update on sbtest8  (cost=0.43..8.45 rows=0 width=0)
	  ->  Index Scan using sbtest8_pkey on sbtest8  (cost=0.43..8.45 rows=1 width=490)
	        Index Cond: (id = 2765444)


explain: for index_updates :: explain UPDATE sbtest%u SET k=k+1 WHERE id=%u
for index_updates
table 1 : explain UPDATE sbtest1 SET k=k+1 WHERE id=6338967
	Update on sbtest1  (cost=0.43..8.46 rows=0 width=0)
	  ->  Index Scan using sbtest1_pkey on sbtest1  (cost=0.43..8.46 rows=1 width=10)
	        Index Cond: (id = 6338967)

table 2 : explain UPDATE sbtest2 SET k=k+1 WHERE id=2099587
	Update on sbtest2  (cost=0.43..8.46 rows=0 width=0)
	  ->  Index Scan using sbtest2_pkey on sbtest2  (cost=0.43..8.46 rows=1 width=10)
	        Index Cond: (id = 2099587)

table 3 : explain UPDATE sbtest3 SET k=k+1 WHERE id=4478563
	Update on sbtest3  (cost=0.43..8.46 rows=0 width=0)
	  ->  Index Scan using sbtest3_pkey on sbtest3  (cost=0.43..8.46 rows=1 width=10)
	        Index Cond: (id = 4478563)

table 4 : explain UPDATE sbtest4 SET k=k+1 WHERE id=3659994
	Update on sbtest4  (cost=0.43..8.46 rows=0 width=0)
	  ->  Index Scan using sbtest4_pkey on sbtest4  (cost=0.43..8.46 rows=1 width=10)
	        Index Cond: (id = 3659994)

table 5 : explain UPDATE sbtest5 SET k=k+1 WHERE id=121796
	Update on sbtest5  (cost=0.43..8.46 rows=0 width=0)
	  ->  Index Scan using sbtest5_pkey on sbtest5  (cost=0.43..8.46 rows=1 width=10)
	        Index Cond: (id = 121796)

table 6 : explain UPDATE sbtest6 SET k=k+1 WHERE id=1650381
	Update on sbtest6  (cost=0.43..8.46 rows=0 width=0)
	  ->  Index Scan using sbtest6_pkey on sbtest6  (cost=0.43..8.46 rows=1 width=10)
	        Index Cond: (id = 1650381)

table 7 : explain UPDATE sbtest7 SET k=k+1 WHERE id=1318053
	Update on sbtest7  (cost=0.43..8.46 rows=0 width=0)
	  ->  Index Scan using sbtest7_pkey on sbtest7  (cost=0.43..8.46 rows=1 width=10)
	        Index Cond: (id = 1318053)

table 8 : explain UPDATE sbtest8 SET k=k+1 WHERE id=8208082
	Update on sbtest8  (cost=0.43..8.46 rows=0 width=0)
	  ->  Index Scan using sbtest8_pkey on sbtest8  (cost=0.43..8.46 rows=1 width=10)
	        Index Cond: (id = 8208082)

for: simple_ranges
table 1 : explain SELECT c FROM sbtest1 WHERE id BETWEEN 1169652 AND 1169661
	Index Scan using sbtest1_pkey on sbtest1  (cost=0.43..43.05 rows=11 width=121)
	  Index Cond: ((id >= 1169652) AND (id <= 1169661))

table 2 : explain SELECT c FROM sbtest2 WHERE id BETWEEN 2176378 AND 2176387
	Index Scan using sbtest2_pkey on sbtest2  (cost=0.43..39.48 rows=10 width=121)
	  Index Cond: ((id >= 2176378) AND (id <= 2176387))

table 3 : explain SELECT c FROM sbtest3 WHERE id BETWEEN 2431097 AND 2431106
	Index Scan using sbtest3_pkey on sbtest3  (cost=0.43..42.62 rows=11 width=121)
	  Index Cond: ((id >= 2431097) AND (id <= 2431106))

table 4 : explain SELECT c FROM sbtest4 WHERE id BETWEEN 5612040 AND 5612049
	Index Scan using sbtest4_pkey on sbtest4  (cost=0.43..35.92 rows=9 width=121)
	  Index Cond: ((id >= 5612040) AND (id <= 5612049))

table 5 : explain SELECT c FROM sbtest5 WHERE id BETWEEN 5342672 AND 5342681
	Index Scan using sbtest5_pkey on sbtest5  (cost=0.43..36.06 rows=9 width=121)
	  Index Cond: ((id >= 5342672) AND (id <= 5342681))

table 6 : explain SELECT c FROM sbtest6 WHERE id BETWEEN 1619368 AND 1619377
	Index Scan using sbtest6_pkey on sbtest6  (cost=0.43..39.37 rows=10 width=121)
	  Index Cond: ((id >= 1619368) AND (id <= 1619377))

table 7 : explain SELECT c FROM sbtest7 WHERE id BETWEEN 6144977 AND 6144986
	Index Scan using sbtest7_pkey on sbtest7  (cost=0.43..39.33 rows=10 width=121)
	  Index Cond: ((id >= 6144977) AND (id <= 6144986))

table 8 : explain SELECT c FROM sbtest8 WHERE id BETWEEN 1912778 AND 1912787
	Index Scan using sbtest8_pkey on sbtest8  (cost=0.43..39.11 rows=10 width=121)
	  Index Cond: ((id >= 1912778) AND (id <= 1912787))

for index_updates
table 1 : explain UPDATE sbtest1 SET k=k+1 WHERE id=3056924
	Update on sbtest1  (cost=0.43..8.46 rows=0 width=0)
	  ->  Index Scan using sbtest1_pkey on sbtest1  (cost=0.43..8.46 rows=1 width=10)
	        Index Cond: (id = 3056924)

table 2 : explain UPDATE sbtest2 SET k=k+1 WHERE id=9916420
	Update on sbtest2  (cost=0.43..8.46 rows=0 width=0)
	  ->  Index Scan using sbtest2_pkey on sbtest2  (cost=0.43..8.46 rows=1 width=10)
	        Index Cond: (id = 9916420)

table 3 : explain UPDATE sbtest3 SET k=k+1 WHERE id=6553587
	Update on sbtest3  (cost=0.43..8.46 rows=0 width=0)
	  ->  Index Scan using sbtest3_pkey on sbtest3  (cost=0.43..8.46 rows=1 width=10)
	        Index Cond: (id = 6553587)

table 4 : explain UPDATE sbtest4 SET k=k+1 WHERE id=4178265
	Update on sbtest4  (cost=0.43..8.46 rows=0 width=0)
	  ->  Index Scan using sbtest4_pkey on sbtest4  (cost=0.43..8.46 rows=1 width=10)
	        Index Cond: (id = 4178265)

table 5 : explain UPDATE sbtest5 SET k=k+1 WHERE id=815882
	Update on sbtest5  (cost=0.43..8.46 rows=0 width=0)
	  ->  Index Scan using sbtest5_pkey on sbtest5  (cost=0.43..8.46 rows=1 width=10)
	        Index Cond: (id = 815882)

table 6 : explain UPDATE sbtest6 SET k=k+1 WHERE id=6231348
	Update on sbtest6  (cost=0.43..8.46 rows=0 width=0)
	  ->  Index Scan using sbtest6_pkey on sbtest6  (cost=0.43..8.46 rows=1 width=10)
	        Index Cond: (id = 6231348)

table 7 : explain UPDATE sbtest7 SET k=k+1 WHERE id=6186738
	Update on sbtest7  (cost=0.43..8.46 rows=0 width=0)
	  ->  Index Scan using sbtest7_pkey on sbtest7  (cost=0.43..8.46 rows=1 width=10)
	        Index Cond: (id = 6186738)

table 8 : explain UPDATE sbtest8 SET k=k+1 WHERE id=6044681
	Update on sbtest8  (cost=0.43..8.46 rows=0 width=0)
	  ->  Index Scan using sbtest8_pkey on sbtest8  (cost=0.43..8.46 rows=1 width=10)
	        Index Cond: (id = 6044681)
for: sum_ranges
table 1 : explain SELECT SUM(k) FROM sbtest1 WHERE id BETWEEN 7141446 AND 7141455
	Aggregate  (cost=43.08..43.09 rows=1 width=8)
	  ->  Index Scan using sbtest1_pkey on sbtest1  (cost=0.43..43.05 rows=11 width=4)
	        Index Cond: ((id >= 7141446) AND (id <= 7141455))

table 2 : explain SELECT SUM(k) FROM sbtest2 WHERE id BETWEEN 8332519 AND 8332528
	Aggregate  (cost=39.50..39.51 rows=1 width=8)
	  ->  Index Scan using sbtest2_pkey on sbtest2  (cost=0.43..39.48 rows=10 width=4)
	        Index Cond: ((id >= 8332519) AND (id <= 8332528))

table 3 : explain SELECT SUM(k) FROM sbtest3 WHERE id BETWEEN 1443764 AND 1443773
	Aggregate  (cost=39.23..39.24 rows=1 width=8)
	  ->  Index Scan using sbtest3_pkey on sbtest3  (cost=0.43..39.21 rows=10 width=4)
	        Index Cond: ((id >= 1443764) AND (id <= 1443773))

table 4 : explain SELECT SUM(k) FROM sbtest4 WHERE id BETWEEN 1907529 AND 1907538
	Aggregate  (cost=39.38..39.39 rows=1 width=8)
	  ->  Index Scan using sbtest4_pkey on sbtest4  (cost=0.43..39.35 rows=10 width=4)
	        Index Cond: ((id >= 1907529) AND (id <= 1907538))

table 5 : explain SELECT SUM(k) FROM sbtest5 WHERE id BETWEEN 2336957 AND 2336966
	Aggregate  (cost=39.53..39.54 rows=1 width=8)
	  ->  Index Scan using sbtest5_pkey on sbtest5  (cost=0.43..39.51 rows=10 width=4)
	        Index Cond: ((id >= 2336957) AND (id <= 2336966))

table 6 : explain SELECT SUM(k) FROM sbtest6 WHERE id BETWEEN 2800430 AND 2800439
	Aggregate  (cost=39.40..39.41 rows=1 width=8)
	  ->  Index Scan using sbtest6_pkey on sbtest6  (cost=0.43..39.37 rows=10 width=4)
	        Index Cond: ((id >= 2800430) AND (id <= 2800439))

table 7 : explain SELECT SUM(k) FROM sbtest7 WHERE id BETWEEN 3695606 AND 3695615
	Aggregate  (cost=39.35..39.36 rows=1 width=8)
	  ->  Index Scan using sbtest7_pkey on sbtest7  (cost=0.43..39.33 rows=10 width=4)
	        Index Cond: ((id >= 3695606) AND (id <= 3695615))

table 8 : explain SELECT SUM(k) FROM sbtest8 WHERE id BETWEEN 7668811 AND 7668820
	Aggregate  (cost=39.13..39.14 rows=1 width=8)
	  ->  Index Scan using sbtest8_pkey on sbtest8  (cost=0.43..39.11 rows=10 width=4)
	        Index Cond: ((id >= 7668811) AND (id <= 7668820))


for index_updates
table 1 : explain UPDATE sbtest1 SET k=k+1 WHERE id=2835947
	Update on sbtest1  (cost=0.43..8.46 rows=0 width=0)
	  ->  Index Scan using sbtest1_pkey on sbtest1  (cost=0.43..8.46 rows=1 width=10)
	        Index Cond: (id = 2835947)

table 2 : explain UPDATE sbtest2 SET k=k+1 WHERE id=9457011
	Update on sbtest2  (cost=0.43..8.46 rows=0 width=0)
	  ->  Index Scan using sbtest2_pkey on sbtest2  (cost=0.43..8.46 rows=1 width=10)
	        Index Cond: (id = 9457011)

table 3 : explain UPDATE sbtest3 SET k=k+1 WHERE id=8545797
	Update on sbtest3  (cost=0.43..8.46 rows=0 width=0)
	  ->  Index Scan using sbtest3_pkey on sbtest3  (cost=0.43..8.46 rows=1 width=10)
	        Index Cond: (id = 8545797)

table 4 : explain UPDATE sbtest4 SET k=k+1 WHERE id=99501
	Update on sbtest4  (cost=0.43..8.46 rows=0 width=0)
	  ->  Index Scan using sbtest4_pkey on sbtest4  (cost=0.43..8.46 rows=1 width=10)
	        Index Cond: (id = 99501)

table 5 : explain UPDATE sbtest5 SET k=k+1 WHERE id=1196625
	Update on sbtest5  (cost=0.43..8.46 rows=0 width=0)
	  ->  Index Scan using sbtest5_pkey on sbtest5  (cost=0.43..8.46 rows=1 width=10)
	        Index Cond: (id = 1196625)

table 6 : explain UPDATE sbtest6 SET k=k+1 WHERE id=6465487
	Update on sbtest6  (cost=0.43..8.46 rows=0 width=0)
	  ->  Index Scan using sbtest6_pkey on sbtest6  (cost=0.43..8.46 rows=1 width=10)
	        Index Cond: (id = 6465487)

table 7 : explain UPDATE sbtest7 SET k=k+1 WHERE id=5651128
	Update on sbtest7  (cost=0.43..8.46 rows=0 width=0)
	  ->  Index Scan using sbtest7_pkey on sbtest7  (cost=0.43..8.46 rows=1 width=10)
	        Index Cond: (id = 5651128)

table 8 : explain UPDATE sbtest8 SET k=k+1 WHERE id=7614
	Update on sbtest8  (cost=0.43..8.46 rows=0 width=0)
	  ->  Index Scan using sbtest8_pkey on sbtest8  (cost=0.43..8.46 rows=1 width=10)
	        Index Cond: (id = 7614)

explain: for non_index_updates :: explain UPDATE sbtest%u SET c='foobar' WHERE id=%u
explain: for deletes :: explain DELETE FROM sbtest%u WHERE id=%u
for: sum_ranges
table 1 : explain SELECT SUM(k) FROM sbtest1 WHERE id BETWEEN 5110685 AND 5110694
	Aggregate  (cost=39.62..39.63 rows=1 width=8)
	  ->  Index Scan using sbtest1_pkey on sbtest1  (cost=0.43..39.59 rows=10 width=4)
	        Index Cond: ((id >= 5110685) AND (id <= 5110694))

table 2 : explain SELECT SUM(k) FROM sbtest2 WHERE id BETWEEN 2957581 AND 2957590
	Aggregate  (cost=42.95..42.96 rows=1 width=8)
	  ->  Index Scan using sbtest2_pkey on sbtest2  (cost=0.43..42.92 rows=11 width=4)
	        Index Cond: ((id >= 2957581) AND (id <= 2957590))

table 3 : explain SELECT SUM(k) FROM sbtest3 WHERE id BETWEEN 7160986 AND 7160995
	Aggregate  (cost=39.23..39.24 rows=1 width=8)
	  ->  Index Scan using sbtest3_pkey on sbtest3  (cost=0.43..39.21 rows=10 width=4)
	        Index Cond: ((id >= 7160986) AND (id <= 7160995))

table 4 : explain SELECT SUM(k) FROM sbtest4 WHERE id BETWEEN 5279504 AND 5279513
	Aggregate  (cost=39.38..39.39 rows=1 width=8)
	  ->  Index Scan using sbtest4_pkey on sbtest4  (cost=0.43..39.35 rows=10 width=4)
	        Index Cond: ((id >= 5279504) AND (id <= 5279513))

table 5 : explain SELECT SUM(k) FROM sbtest5 WHERE id BETWEEN 5525168 AND 5525177
	Aggregate  (cost=39.53..39.54 rows=1 width=8)
	  ->  Index Scan using sbtest5_pkey on sbtest5  (cost=0.43..39.51 rows=10 width=4)
	        Index Cond: ((id >= 5525168) AND (id <= 5525177))

table 6 : explain SELECT SUM(k) FROM sbtest6 WHERE id BETWEEN 583901 AND 583910
	Aggregate  (cost=39.40..39.41 rows=1 width=8)
	  ->  Index Scan using sbtest6_pkey on sbtest6  (cost=0.43..39.37 rows=10 width=4)
	        Index Cond: ((id >= 583901) AND (id <= 583910))

table 7 : explain SELECT SUM(k) FROM sbtest7 WHERE id BETWEEN 2795526 AND 2795535
	Aggregate  (cost=42.78..42.79 rows=1 width=8)
	  ->  Index Scan using sbtest7_pkey on sbtest7  (cost=0.43..42.76 rows=11 width=4)
	        Index Cond: ((id >= 2795526) AND (id <= 2795535))

table 8 : explain SELECT SUM(k) FROM sbtest8 WHERE id BETWEEN 9020127 AND 9020136
	Aggregate  (cost=39.13..39.14 rows=1 width=8)
	  ->  Index Scan using sbtest8_pkey on sbtest8  (cost=0.43..39.11 rows=10 width=4)
	        Index Cond: ((id >= 9020127) AND (id <= 9020136))

for index_updates
table 1 : explain UPDATE sbtest1 SET k=k+1 WHERE id=9202377
	Update on sbtest1  (cost=0.43..8.46 rows=0 width=0)
	  ->  Index Scan using sbtest1_pkey on sbtest1  (cost=0.43..8.46 rows=1 width=10)
	        Index Cond: (id = 9202377)

table 2 : explain UPDATE sbtest2 SET k=k+1 WHERE id=4145318
	Update on sbtest2  (cost=0.43..8.46 rows=0 width=0)
	  ->  Index Scan using sbtest2_pkey on sbtest2  (cost=0.43..8.46 rows=1 width=10)
	        Index Cond: (id = 4145318)

table 3 : explain UPDATE sbtest3 SET k=k+1 WHERE id=3238079
	Update on sbtest3  (cost=0.43..8.46 rows=0 width=0)
	  ->  Index Scan using sbtest3_pkey on sbtest3  (cost=0.43..8.46 rows=1 width=10)
	        Index Cond: (id = 3238079)

table 4 : explain UPDATE sbtest4 SET k=k+1 WHERE id=5128202
	Update on sbtest4  (cost=0.43..8.46 rows=0 width=0)
	  ->  Index Scan using sbtest4_pkey on sbtest4  (cost=0.43..8.46 rows=1 width=10)
	        Index Cond: (id = 5128202)

table 5 : explain UPDATE sbtest5 SET k=k+1 WHERE id=3385034
	Update on sbtest5  (cost=0.43..8.46 rows=0 width=0)
	  ->  Index Scan using sbtest5_pkey on sbtest5  (cost=0.43..8.46 rows=1 width=10)
	        Index Cond: (id = 3385034)

table 6 : explain UPDATE sbtest6 SET k=k+1 WHERE id=13113
	Update on sbtest6  (cost=0.43..8.46 rows=0 width=0)
	  ->  Index Scan using sbtest6_pkey on sbtest6  (cost=0.43..8.46 rows=1 width=10)
	        Index Cond: (id = 13113)

table 7 : explain UPDATE sbtest7 SET k=k+1 WHERE id=9717119
	Update on sbtest7  (cost=0.43..8.46 rows=0 width=0)
	  ->  Index Scan using sbtest7_pkey on sbtest7  (cost=0.43..8.46 rows=1 width=10)
	        Index Cond: (id = 9717119)

table 8 : explain UPDATE sbtest8 SET k=k+1 WHERE id=7950852
	Update on sbtest8  (cost=0.43..8.46 rows=0 width=0)
	  ->  Index Scan using sbtest8_pkey on sbtest8  (cost=0.43..8.46 rows=1 width=10)
	        Index Cond: (id = 7950852)

for: distinct_ranges
table 1 : explain SELECT DISTINCT c FROM sbtest1 WHERE id BETWEEN 2700773 AND 2700782 ORDER BY c
	Unique  (cost=36.28..36.32 rows=9 width=121)
	  ->  Sort  (cost=36.28..36.30 rows=9 width=121)
	        Sort Key: c
	        ->  Index Scan using sbtest1_pkey on sbtest1  (cost=0.43..36.13 rows=9 width=121)
	              Index Cond: ((id >= 2700773) AND (id <= 2700782))

table 2 : explain SELECT DISTINCT c FROM sbtest2 WHERE id BETWEEN 5221582 AND 5221591 ORDER BY c
	Unique  (cost=36.17..36.22 rows=9 width=121)
	  ->  Sort  (cost=36.17..36.19 rows=9 width=121)
	        Sort Key: c
	        ->  Index Scan using sbtest2_pkey on sbtest2  (cost=0.43..36.03 rows=9 width=121)
	              Index Cond: ((id >= 5221582) AND (id <= 5221591))

table 3 : explain SELECT DISTINCT c FROM sbtest3 WHERE id BETWEEN 4316001 AND 4316010 ORDER BY c
	Unique  (cost=39.37..39.42 rows=10 width=121)
	  ->  Sort  (cost=39.37..39.40 rows=10 width=121)
	        Sort Key: c
	        ->  Index Scan using sbtest3_pkey on sbtest3  (cost=0.43..39.21 rows=10 width=121)
	              Index Cond: ((id >= 4316001) AND (id <= 4316010))

table 4 : explain SELECT DISTINCT c FROM sbtest4 WHERE id BETWEEN 6226112 AND 6226121 ORDER BY c
	Unique  (cost=39.52..39.57 rows=10 width=121)
	  ->  Sort  (cost=39.52..39.54 rows=10 width=121)
	        Sort Key: c
	        ->  Index Scan using sbtest4_pkey on sbtest4  (cost=0.43..39.35 rows=10 width=121)
	              Index Cond: ((id >= 6226112) AND (id <= 6226121))

table 5 : explain SELECT DISTINCT c FROM sbtest5 WHERE id BETWEEN 6035262 AND 6035271 ORDER BY c
	Unique  (cost=39.68..39.73 rows=10 width=121)
	  ->  Sort  (cost=39.68..39.70 rows=10 width=121)
	        Sort Key: c
	        ->  Index Scan using sbtest5_pkey on sbtest5  (cost=0.43..39.51 rows=10 width=121)
	              Index Cond: ((id >= 6035262) AND (id <= 6035271))

table 6 : explain SELECT DISTINCT c FROM sbtest6 WHERE id BETWEEN 1795392 AND 1795401 ORDER BY c
	Unique  (cost=39.54..39.59 rows=10 width=121)
	  ->  Sort  (cost=39.54..39.57 rows=10 width=121)
	        Sort Key: c
	        ->  Index Scan using sbtest6_pkey on sbtest6  (cost=0.43..39.37 rows=10 width=121)
	              Index Cond: ((id >= 1795392) AND (id <= 1795401))

table 7 : explain SELECT DISTINCT c FROM sbtest7 WHERE id BETWEEN 3464728 AND 3464737 ORDER BY c
	Unique  (cost=39.49..39.54 rows=10 width=121)
	  ->  Sort  (cost=39.49..39.52 rows=10 width=121)
	        Sort Key: c
	        ->  Index Scan using sbtest7_pkey on sbtest7  (cost=0.43..39.33 rows=10 width=121)
	              Index Cond: ((id >= 3464728) AND (id <= 3464737))

table 8 : explain SELECT DISTINCT c FROM sbtest8 WHERE id BETWEEN 6808239 AND 6808248 ORDER BY c
	Unique  (cost=39.27..39.32 rows=10 width=121)
	  ->  Sort  (cost=39.27..39.30 rows=10 width=121)
	        Sort Key: c
	        ->  Index Scan using sbtest8_pkey on sbtest8  (cost=0.43..39.11 rows=10 width=121)
	              Index Cond: ((id >= 6808239) AND (id <= 6808248))

explain: for non_index_updates :: explain UPDATE sbtest%u SET c='foobar' WHERE id=%u
explain: for non_index_updates :: explain UPDATE sbtest%u SET c='foobar' WHERE id=%u
explain: for non_index_updates :: explain UPDATE sbtest%u SET c='foobar' WHERE id=%u
for: order_ranges
table 1 : explain SELECT c FROM sbtest1 WHERE id BETWEEN 677858 AND 677867 ORDER BY c
	Sort  (cost=39.76..39.78 rows=10 width=121)
	  Sort Key: c
	  ->  Index Scan using sbtest1_pkey on sbtest1  (cost=0.43..39.59 rows=10 width=121)
	        Index Cond: ((id >= 677858) AND (id <= 677867))

table 2 : explain SELECT c FROM sbtest2 WHERE id BETWEEN 8957399 AND 8957408 ORDER BY c
	Sort  (cost=39.64..39.67 rows=10 width=121)
	  Sort Key: c
	  ->  Index Scan using sbtest2_pkey on sbtest2  (cost=0.43..39.48 rows=10 width=121)
	        Index Cond: ((id >= 8957399) AND (id <= 8957408))

table 3 : explain SELECT c FROM sbtest3 WHERE id BETWEEN 3423764 AND 3423773 ORDER BY c
	Sort  (cost=39.37..39.40 rows=10 width=121)
	  Sort Key: c
	  ->  Index Scan using sbtest3_pkey on sbtest3  (cost=0.43..39.21 rows=10 width=121)
	        Index Cond: ((id >= 3423764) AND (id <= 3423773))

table 4 : explain SELECT c FROM sbtest4 WHERE id BETWEEN 5118165 AND 5118174 ORDER BY c
	Sort  (cost=39.52..39.54 rows=10 width=121)
	  Sort Key: c
	  ->  Index Scan using sbtest4_pkey on sbtest4  (cost=0.43..39.35 rows=10 width=121)
	        Index Cond: ((id >= 5118165) AND (id <= 5118174))

table 5 : explain SELECT c FROM sbtest5 WHERE id BETWEEN 1186326 AND 1186335 ORDER BY c
	Sort  (cost=39.68..39.70 rows=10 width=121)
	  Sort Key: c
	  ->  Index Scan using sbtest5_pkey on sbtest5  (cost=0.43..39.51 rows=10 width=121)
	        Index Cond: ((id >= 1186326) AND (id <= 1186335))

table 6 : explain SELECT c FROM sbtest6 WHERE id BETWEEN 5059536 AND 5059545 ORDER BY c
	Sort  (cost=39.54..39.57 rows=10 width=121)
	  Sort Key: c
	  ->  Index Scan using sbtest6_pkey on sbtest6  (cost=0.43..39.37 rows=10 width=121)
	        Index Cond: ((id >= 5059536) AND (id <= 5059545))

table 7 : explain SELECT c FROM sbtest7 WHERE id BETWEEN 7659637 AND 7659646 ORDER BY c
	Sort  (cost=42.95..42.97 rows=11 width=121)
	  Sort Key: c
	  ->  Index Scan using sbtest7_pkey on sbtest7  (cost=0.43..42.76 rows=11 width=121)
	        Index Cond: ((id >= 7659637) AND (id <= 7659646))

table 8 : explain SELECT c FROM sbtest8 WHERE id BETWEEN 9180544 AND 9180553 ORDER BY c
	Sort  (cost=39.27..39.30 rows=10 width=121)
	  Sort Key: c
	  ->  Index Scan using sbtest8_pkey on sbtest8  (cost=0.43..39.11 rows=10 width=121)
	        Index Cond: ((id >= 9180544) AND (id <= 9180553))

for index_updates
table 1 : explain UPDATE sbtest1 SET k=k+1 WHERE id=5594998
	Update on sbtest1  (cost=0.43..8.46 rows=0 width=0)
	  ->  Index Scan using sbtest1_pkey on sbtest1  (cost=0.43..8.46 rows=1 width=10)
	        Index Cond: (id = 5594998)

table 2 : explain UPDATE sbtest2 SET k=k+1 WHERE id=4567062
	Update on sbtest2  (cost=0.43..8.46 rows=0 width=0)
	  ->  Index Scan using sbtest2_pkey on sbtest2  (cost=0.43..8.46 rows=1 width=10)
	        Index Cond: (id = 4567062)

table 3 : explain UPDATE sbtest3 SET k=k+1 WHERE id=8187530
	Update on sbtest3  (cost=0.43..8.46 rows=0 width=0)
	  ->  Index Scan using sbtest3_pkey on sbtest3  (cost=0.43..8.46 rows=1 width=10)
	        Index Cond: (id = 8187530)

table 4 : explain UPDATE sbtest4 SET k=k+1 WHERE id=2836278
	Update on sbtest4  (cost=0.43..8.46 rows=0 width=0)
	  ->  Index Scan using sbtest4_pkey on sbtest4  (cost=0.43..8.46 rows=1 width=10)
	        Index Cond: (id = 2836278)

table 5 : explain UPDATE sbtest5 SET k=k+1 WHERE id=4404267
	Update on sbtest5  (cost=0.43..8.46 rows=0 width=0)
	  ->  Index Scan using sbtest5_pkey on sbtest5  (cost=0.43..8.46 rows=1 width=10)
	        Index Cond: (id = 4404267)

table 6 : explain UPDATE sbtest6 SET k=k+1 WHERE id=3393511
	Update on sbtest6  (cost=0.43..8.46 rows=0 width=0)
	  ->  Index Scan using sbtest6_pkey on sbtest6  (cost=0.43..8.46 rows=1 width=10)
	        Index Cond: (id = 3393511)

table 7 : explain UPDATE sbtest7 SET k=k+1 WHERE id=8360455
	Update on sbtest7  (cost=0.43..8.46 rows=0 width=0)
	  ->  Index Scan using sbtest7_pkey on sbtest7  (cost=0.43..8.46 rows=1 width=10)
	        Index Cond: (id = 8360455)

table 8 : explain UPDATE sbtest8 SET k=k+1 WHERE id=9478885
	Update on sbtest8  (cost=0.43..8.46 rows=0 width=0)
	  ->  Index Scan using sbtest8_pkey on sbtest8  (cost=0.43..8.46 rows=1 width=10)
	        Index Cond: (id = 9478885)

for deletes
table 1 : explain DELETE FROM sbtest1 WHERE id=5436627
	Delete on sbtest1  (cost=0.43..8.45 rows=0 width=0)
	  ->  Index Scan using sbtest1_pkey on sbtest1  (cost=0.43..8.45 rows=1 width=6)
	        Index Cond: (id = 5436627)

table 2 : explain DELETE FROM sbtest2 WHERE id=6154911
	Delete on sbtest2  (cost=0.43..8.45 rows=0 width=0)
	  ->  Index Scan using sbtest2_pkey on sbtest2  (cost=0.43..8.45 rows=1 width=6)
	        Index Cond: (id = 6154911)

table 3 : explain DELETE FROM sbtest3 WHERE id=1468239
	Delete on sbtest3  (cost=0.43..8.45 rows=0 width=0)
	  ->  Index Scan using sbtest3_pkey on sbtest3  (cost=0.43..8.45 rows=1 width=6)
	        Index Cond: (id = 1468239)

table 4 : explain DELETE FROM sbtest4 WHERE id=7938222
	Delete on sbtest4  (cost=0.43..8.45 rows=0 width=0)
	  ->  Index Scan using sbtest4_pkey on sbtest4  (cost=0.43..8.45 rows=1 width=6)
	        Index Cond: (id = 7938222)

table 5 : explain DELETE FROM sbtest5 WHERE id=3538875
	Delete on sbtest5  (cost=0.43..8.45 rows=0 width=0)
	  ->  Index Scan using sbtest5_pkey on sbtest5  (cost=0.43..8.45 rows=1 width=6)
	        Index Cond: (id = 3538875)

table 6 : explain DELETE FROM sbtest6 WHERE id=4195985
	Delete on sbtest6  (cost=0.43..8.45 rows=0 width=0)
	  ->  Index Scan using sbtest6_pkey on sbtest6  (cost=0.43..8.45 rows=1 width=6)
	        Index Cond: (id = 4195985)

table 7 : explain DELETE FROM sbtest7 WHERE id=9163250
	Delete on sbtest7  (cost=0.43..8.45 rows=0 width=0)
	  ->  Index Scan using sbtest7_pkey on sbtest7  (cost=0.43..8.45 rows=1 width=6)
	        Index Cond: (id = 9163250)

table 8 : explain DELETE FROM sbtest8 WHERE id=2819110
	Delete on sbtest8  (cost=0.43..8.45 rows=0 width=0)
	  ->  Index Scan using sbtest8_pkey on sbtest8  (cost=0.43..8.45 rows=1 width=6)
	        Index Cond: (id = 2819110)

explain: for index_updates :: explain UPDATE sbtest%u SET k=k+1 WHERE id=%u
for point_selects
table 1 : explain SELECT c FROM sbtest1 WHERE id=5604352
	Index Scan using sbtest1_pkey on sbtest1  (cost=0.43..8.45 rows=1 width=121)
	  Index Cond: (id = 5604352)

table 2 : explain SELECT c FROM sbtest2 WHERE id=1975691
	Index Scan using sbtest2_pkey on sbtest2  (cost=0.43..8.45 rows=1 width=121)
	  Index Cond: (id = 1975691)

table 3 : explain SELECT c FROM sbtest3 WHERE id=2018187
	Index Scan using sbtest3_pkey on sbtest3  (cost=0.43..8.45 rows=1 width=121)
	  Index Cond: (id = 2018187)

table 4 : explain SELECT c FROM sbtest4 WHERE id=6436492
	Index Scan using sbtest4_pkey on sbtest4  (cost=0.43..8.45 rows=1 width=121)
	  Index Cond: (id = 6436492)

table 5 : explain SELECT c FROM sbtest5 WHERE id=6578273
	Index Scan using sbtest5_pkey on sbtest5  (cost=0.43..8.45 rows=1 width=121)
	  Index Cond: (id = 6578273)

table 6 : explain SELECT c FROM sbtest6 WHERE id=4958569
	Index Scan using sbtest6_pkey on sbtest6  (cost=0.43..8.45 rows=1 width=121)
	  Index Cond: (id = 4958569)

table 7 : explain SELECT c FROM sbtest7 WHERE id=9841544
	Index Scan using sbtest7_pkey on sbtest7  (cost=0.43..8.45 rows=1 width=121)
	  Index Cond: (id = 9841544)

table 8 : explain SELECT c FROM sbtest8 WHERE id=527506
	Index Scan using sbtest8_pkey on sbtest8  (cost=0.43..8.45 rows=1 width=121)
	  Index Cond: (id = 527506)

for non_index_updates
table 1 : explain UPDATE sbtest1 SET c='foobar' WHERE id=4168522
	Update on sbtest1  (cost=0.43..8.45 rows=0 width=0)
	  ->  Index Scan using sbtest1_pkey on sbtest1  (cost=0.43..8.45 rows=1 width=490)
	        Index Cond: (id = 4168522)

table 2 : explain UPDATE sbtest2 SET c='foobar' WHERE id=9527029
	Update on sbtest2  (cost=0.43..8.45 rows=0 width=0)
	  ->  Index Scan using sbtest2_pkey on sbtest2  (cost=0.43..8.45 rows=1 width=490)
	        Index Cond: (id = 9527029)

table 3 : explain UPDATE sbtest3 SET c='foobar' WHERE id=8829811
	Update on sbtest3  (cost=0.43..8.45 rows=0 width=0)
	  ->  Index Scan using sbtest3_pkey on sbtest3  (cost=0.43..8.45 rows=1 width=490)
	        Index Cond: (id = 8829811)

table 4 : explain UPDATE sbtest4 SET c='foobar' WHERE id=2572363
	Update on sbtest4  (cost=0.43..8.45 rows=0 width=0)
	  ->  Index Scan using sbtest4_pkey on sbtest4  (cost=0.43..8.45 rows=1 width=490)
	        Index Cond: (id = 2572363)

table 5 : explain UPDATE sbtest5 SET c='foobar' WHERE id=9770874
	Update on sbtest5  (cost=0.43..8.45 rows=0 width=0)
	  ->  Index Scan using sbtest5_pkey on sbtest5  (cost=0.43..8.45 rows=1 width=490)
	        Index Cond: (id = 9770874)

table 6 : explain UPDATE sbtest6 SET c='foobar' WHERE id=7279048
	Update on sbtest6  (cost=0.43..8.45 rows=0 width=0)
	  ->  Index Scan using sbtest6_pkey on sbtest6  (cost=0.43..8.45 rows=1 width=490)
	        Index Cond: (id = 7279048)

table 7 : explain UPDATE sbtest7 SET c='foobar' WHERE id=517940
	Update on sbtest7  (cost=0.43..8.45 rows=0 width=0)
	  ->  Index Scan using sbtest7_pkey on sbtest7  (cost=0.43..8.45 rows=1 width=490)
	        Index Cond: (id = 517940)

table 8 : explain UPDATE sbtest8 SET c='foobar' WHERE id=6183737
	Update on sbtest8  (cost=0.43..8.45 rows=0 width=0)
	  ->  Index Scan using sbtest8_pkey on sbtest8  (cost=0.43..8.45 rows=1 width=490)
	        Index Cond: (id = 6183737)
for: order_ranges
table 1 : explain SELECT c FROM sbtest1 WHERE id BETWEEN 6398611 AND 6398620 ORDER BY c
	Sort  (cost=43.24..43.27 rows=11 width=121)
	  Sort Key: c
	  ->  Index Scan using sbtest1_pkey on sbtest1  (cost=0.43..43.05 rows=11 width=121)
	        Index Cond: ((id >= 6398611) AND (id <= 6398620))

table 2 : explain SELECT c FROM sbtest2 WHERE id BETWEEN 6328504 AND 6328513 ORDER BY c
	Sort  (cost=39.64..39.67 rows=10 width=121)
	  Sort Key: c
	  ->  Index Scan using sbtest2_pkey on sbtest2  (cost=0.43..39.48 rows=10 width=121)
	        Index Cond: ((id >= 6328504) AND (id <= 6328513))

table 3 : explain SELECT c FROM sbtest3 WHERE id BETWEEN 6283737 AND 6283746 ORDER BY c
	Sort  (cost=42.81..42.84 rows=11 width=121)
	  Sort Key: c
	  ->  Index Scan using sbtest3_pkey on sbtest3  (cost=0.43..42.62 rows=11 width=121)
	        Index Cond: ((id >= 6283737) AND (id <= 6283746))

table 4 : explain SELECT c FROM sbtest4 WHERE id BETWEEN 5802846 AND 5802855 ORDER BY c
	Sort  (cost=39.52..39.54 rows=10 width=121)
	  Sort Key: c
	  ->  Index Scan using sbtest4_pkey on sbtest4  (cost=0.43..39.35 rows=10 width=121)
	        Index Cond: ((id >= 5802846) AND (id <= 5802855))

table 5 : explain SELECT c FROM sbtest5 WHERE id BETWEEN 2854666 AND 2854675 ORDER BY c
	Sort  (cost=43.15..43.18 rows=11 width=121)
	  Sort Key: c
	  ->  Index Scan using sbtest5_pkey on sbtest5  (cost=0.43..42.96 rows=11 width=121)
	        Index Cond: ((id >= 2854666) AND (id <= 2854675))

table 6 : explain SELECT c FROM sbtest6 WHERE id BETWEEN 1901747 AND 1901756 ORDER BY c
	Sort  (cost=43.00..43.03 rows=11 width=121)
	  Sort Key: c
	  ->  Index Scan using sbtest6_pkey on sbtest6  (cost=0.43..42.81 rows=11 width=121)
	        Index Cond: ((id >= 1901747) AND (id <= 1901756))

table 7 : explain SELECT c FROM sbtest7 WHERE id BETWEEN 8886993 AND 8887002 ORDER BY c
	Sort  (cost=42.95..42.97 rows=11 width=121)
	  Sort Key: c
	  ->  Index Scan using sbtest7_pkey on sbtest7  (cost=0.43..42.76 rows=11 width=121)
	        Index Cond: ((id >= 8886993) AND (id <= 8887002))

table 8 : explain SELECT c FROM sbtest8 WHERE id BETWEEN 6371400 AND 6371409 ORDER BY c
	Sort  (cost=39.27..39.30 rows=10 width=121)
	  Sort Key: c
	  ->  Index Scan using sbtest8_pkey on sbtest8  (cost=0.43..39.11 rows=10 width=121)
	        Index Cond: ((id >= 6371400) AND (id <= 6371409))


explain: for non_index_updates :: explain UPDATE sbtest%u SET c='foobar' WHERE id=%ufor: order_ranges
table 1 : explain SELECT c FROM sbtest1 WHERE id BETWEEN 991418 AND 991427 ORDER BY c
	Sort  (cost=39.76..39.78 rows=10 width=121)
	  Sort Key: c
	  ->  Index Scan using sbtest1_pkey on sbtest1  (cost=0.43..39.59 rows=10 width=121)
	        Index Cond: ((id >= 991418) AND (id <= 991427))

table 2 : explain SELECT c FROM sbtest2 WHERE id BETWEEN 6652369 AND 6652378 ORDER BY c
	Sort  (cost=39.64..39.67 rows=10 width=121)
	  Sort Key: c
	  ->  Index Scan using sbtest2_pkey on sbtest2  (cost=0.43..39.48 rows=10 width=121)
	        Index Cond: ((id >= 6652369) AND (id <= 6652378))

table 3 : explain SELECT c FROM sbtest3 WHERE id BETWEEN 5784038 AND 5784047 ORDER BY c
	Sort  (cost=39.37..39.40 rows=10 width=121)
	  Sort Key: c
	  ->  Index Scan using sbtest3_pkey on sbtest3  (cost=0.43..39.21 rows=10 width=121)
	        Index Cond: ((id >= 5784038) AND (id <= 5784047))

table 4 : explain SELECT c FROM sbtest4 WHERE id BETWEEN 8413941 AND 8413950 ORDER BY c
	Sort  (cost=39.52..39.54 rows=10 width=121)
	  Sort Key: c
	  ->  Index Scan using sbtest4_pkey on sbtest4  (cost=0.43..39.35 rows=10 width=121)
	        Index Cond: ((id >= 8413941) AND (id <= 8413950))

table 5 : explain SELECT c FROM sbtest5 WHERE id BETWEEN 4038029 AND 4038038 ORDER BY c
	Sort  (cost=39.68..39.70 rows=10 width=121)
	  Sort Key: c
	  ->  Index Scan using sbtest5_pkey on sbtest5  (cost=0.43..39.51 rows=10 width=121)
	        Index Cond: ((id >= 4038029) AND (id <= 4038038))

table 6 : explain SELECT c FROM sbtest6 WHERE id BETWEEN 8150349 AND 8150358 ORDER BY c
	Sort  (cost=39.54..39.57 rows=10 width=121)
	  Sort Key: c
	  ->  Index Scan using sbtest6_pkey on sbtest6  (cost=0.43..39.37 rows=10 width=121)
	        Index Cond: ((id >= 8150349) AND (id <= 8150358))

table 7 : explain SELECT c FROM sbtest7 WHERE id BETWEEN 3325376 AND 3325385 ORDER BY c
	Sort  (cost=36.04..36.06 rows=9 width=121)
	  Sort Key: c
	  ->  Index Scan using sbtest7_pkey on sbtest7  (cost=0.43..35.90 rows=9 width=121)
	        Index Cond: ((id >= 3325376) AND (id <= 3325385))

table 8 : explain SELECT c FROM sbtest8 WHERE id BETWEEN 7372731 AND 7372740 ORDER BY c
	Sort  (cost=39.27..39.30 rows=10 width=121)
	  Sort Key: c
	  ->  Index Scan using sbtest8_pkey on sbtest8  (cost=0.43..39.11 rows=10 width=121)
	        Index Cond: ((id >= 7372731) AND (id <= 7372740))


for: order_ranges
table 1 : explain SELECT c FROM sbtest1 WHERE id BETWEEN 7864206 AND 7864215 ORDER BY c
	Sort  (cost=39.76..39.78 rows=10 width=121)
	  Sort Key: c
	  ->  Index Scan using sbtest1_pkey on sbtest1  (cost=0.43..39.59 rows=10 width=121)
	        Index Cond: ((id >= 7864206) AND (id <= 7864215))

table 2 : explain SELECT c FROM sbtest2 WHERE id BETWEEN 6618858 AND 6618867 ORDER BY c
	Sort  (cost=39.64..39.67 rows=10 width=121)
	  Sort Key: c
	  ->  Index Scan using sbtest2_pkey on sbtest2  (cost=0.43..39.48 rows=10 width=121)
	        Index Cond: ((id >= 6618858) AND (id <= 6618867))

table 3 : explain SELECT c FROM sbtest3 WHERE id BETWEEN 8362129 AND 8362138 ORDER BY c
	Sort  (cost=39.37..39.40 rows=10 width=121)
	  Sort Key: c
	  ->  Index Scan using sbtest3_pkey on sbtest3  (cost=0.43..39.21 rows=10 width=121)
	        Index Cond: ((id >= 8362129) AND (id <= 8362138))

table 4 : explain SELECT c FROM sbtest4 WHERE id BETWEEN 9537854 AND 9537863 ORDER BY c
	Sort  (cost=42.98..43.00 rows=11 width=121)
	  Sort Key: c
	  ->  Index Scan using sbtest4_pkey on sbtest4  (cost=0.43..42.79 rows=11 width=121)
	        Index Cond: ((id >= 9537854) AND (id <= 9537863))

table 5 : explain SELECT c FROM sbtest5 WHERE id BETWEEN 8425832 AND 8425841 ORDER BY c
	Sort  (cost=36.20..36.22 rows=9 width=121)
	  Sort Key: c
	  ->  Index Scan using sbtest5_pkey on sbtest5  (cost=0.43..36.06 rows=9 width=121)
	        Index Cond: ((id >= 8425832) AND (id <= 8425841))

table 6 : explain SELECT c FROM sbtest6 WHERE id BETWEEN 1826897 AND 1826906 ORDER BY c
	Sort  (cost=39.54..39.57 rows=10 width=121)
	  Sort Key: c
	  ->  Index Scan using sbtest6_pkey on sbtest6  (cost=0.43..39.37 rows=10 width=121)
	        Index Cond: ((id >= 1826897) AND (id <= 1826906))

table 7 : explain SELECT c FROM sbtest7 WHERE id BETWEEN 6415405 AND 6415414 ORDER BY c
	Sort  (cost=39.49..39.52 rows=10 width=121)
	  Sort Key: c
	  ->  Index Scan using sbtest7_pkey on sbtest7  (cost=0.43..39.33 rows=10 width=121)
	        Index Cond: ((id >= 6415405) AND (id <= 6415414))

table 8 : explain SELECT c FROM sbtest8 WHERE id BETWEEN 5658053 AND 5658062 ORDER BY c
	Sort  (cost=39.27..39.30 rows=10 width=121)
	  Sort Key: c
	  ->  Index Scan using sbtest8_pkey on sbtest8  (cost=0.43..39.11 rows=10 width=121)
	        Index Cond: ((id >= 5658053) AND (id <= 5658062))

for: simple_ranges
table 1 : explain SELECT c FROM sbtest1 WHERE id BETWEEN 1554634 AND 1554643
	Index Scan using sbtest1_pkey on sbtest1  (cost=0.43..39.59 rows=10 width=121)
	  Index Cond: ((id >= 1554634) AND (id <= 1554643))

table 2 : explain SELECT c FROM sbtest2 WHERE id BETWEEN 6273034 AND 6273043
	Index Scan using sbtest2_pkey on sbtest2  (cost=0.43..39.48 rows=10 width=121)
	  Index Cond: ((id >= 6273034) AND (id <= 6273043))

table 3 : explain SELECT c FROM sbtest3 WHERE id BETWEEN 7078823 AND 7078832
	Index Scan using sbtest3_pkey on sbtest3  (cost=0.43..39.21 rows=10 width=121)
	  Index Cond: ((id >= 7078823) AND (id <= 7078832))

table 4 : explain SELECT c FROM sbtest4 WHERE id BETWEEN 8381618 AND 8381627
	Index Scan using sbtest4_pkey on sbtest4  (cost=0.43..39.35 rows=10 width=121)
	  Index Cond: ((id >= 8381618) AND (id <= 8381627))

table 5 : explain SELECT c FROM sbtest5 WHERE id BETWEEN 1427690 AND 1427699
	Index Scan using sbtest5_pkey on sbtest5  (cost=0.43..36.06 rows=9 width=121)
	  Index Cond: ((id >= 1427690) AND (id <= 1427699))

table 6 : explain SELECT c FROM sbtest6 WHERE id BETWEEN 6093961 AND 6093970
	Index Scan using sbtest6_pkey on sbtest6  (cost=0.43..35.94 rows=9 width=121)
	  Index Cond: ((id >= 6093961) AND (id <= 6093970))

table 7 : explain SELECT c FROM sbtest7 WHERE id BETWEEN 7756355 AND 7756364
	Index Scan using sbtest7_pkey on sbtest7  (cost=0.43..42.76 rows=11 width=121)
	  Index Cond: ((id >= 7756355) AND (id <= 7756364))

table 8 : explain SELECT c FROM sbtest8 WHERE id BETWEEN 7528841 AND 7528850
	Index Scan using sbtest8_pkey on sbtest8  (cost=0.43..39.11 rows=10 width=121)
	  Index Cond: ((id >= 7528841) AND (id <= 7528850))

for: simple_ranges
table 1 : explain SELECT c FROM sbtest1 WHERE id BETWEEN 9369451 AND 9369460
	Index Scan using sbtest1_pkey on sbtest1  (cost=0.43..39.59 rows=10 width=121)
	  Index Cond: ((id >= 9369451) AND (id <= 9369460))

table 2 : explain SELECT c FROM sbtest2 WHERE id BETWEEN 4469686 AND 4469695
	Index Scan using sbtest2_pkey on sbtest2  (cost=0.43..39.48 rows=10 width=121)
	  Index Cond: ((id >= 4469686) AND (id <= 4469695))

table 3 : explain SELECT c FROM sbtest3 WHERE id BETWEEN 8020442 AND 8020451
	Index Scan using sbtest3_pkey on sbtest3  (cost=0.43..39.21 rows=10 width=121)
	  Index Cond: ((id >= 8020442) AND (id <= 8020451))

table 4 : explain SELECT c FROM sbtest4 WHERE id BETWEEN 8535945 AND 8535954
	Index Scan using sbtest4_pkey on sbtest4  (cost=0.43..42.79 rows=11 width=121)
	  Index Cond: ((id >= 8535945) AND (id <= 8535954))

table 5 : explain SELECT c FROM sbtest5 WHERE id BETWEEN 2326492 AND 2326501
	Index Scan using sbtest5_pkey on sbtest5  (cost=0.43..39.51 rows=10 width=121)
	  Index Cond: ((id >= 2326492) AND (id <= 2326501))

table 6 : explain SELECT c FROM sbtest6 WHERE id BETWEEN 4121319 AND 4121328
	Index Scan using sbtest6_pkey on sbtest6  (cost=0.43..39.37 rows=10 width=121)
	  Index Cond: ((id >= 4121319) AND (id <= 4121328))

table 7 : explain SELECT c FROM sbtest7 WHERE id BETWEEN 5602812 AND 5602821
	Index Scan using sbtest7_pkey on sbtest7  (cost=0.43..39.33 rows=10 width=121)
	  Index Cond: ((id >= 5602812) AND (id <= 5602821))

table 8 : explain SELECT c FROM sbtest8 WHERE id BETWEEN 2478133 AND 2478142
	Index Scan using sbtest8_pkey on sbtest8  (cost=0.43..39.11 rows=10 width=121)
	  Index Cond: ((id >= 2478133) AND (id <= 2478142))

for non_index_updates
table 1 : explain UPDATE sbtest1 SET c='foobar' WHERE id=9257926
	Update on sbtest1  (cost=0.43..8.45 rows=0 width=0)
	  ->  Index Scan using sbtest1_pkey on sbtest1  (cost=0.43..8.45 rows=1 width=490)
	        Index Cond: (id = 9257926)

table 2 : explain UPDATE sbtest2 SET c='foobar' WHERE id=8525127
	Update on sbtest2  (cost=0.43..8.45 rows=0 width=0)
	  ->  Index Scan using sbtest2_pkey on sbtest2  (cost=0.43..8.45 rows=1 width=490)
	        Index Cond: (id = 8525127)

table 3 : explain UPDATE sbtest3 SET c='foobar' WHERE id=5945075
	Update on sbtest3  (cost=0.43..8.45 rows=0 width=0)
	  ->  Index Scan using sbtest3_pkey on sbtest3  (cost=0.43..8.45 rows=1 width=490)
	        Index Cond: (id = 5945075)

table 4 : explain UPDATE sbtest4 SET c='foobar' WHERE id=3903099
	Update on sbtest4  (cost=0.43..8.45 rows=0 width=0)
	  ->  Index Scan using sbtest4_pkey on sbtest4  (cost=0.43..8.45 rows=1 width=490)
	        Index Cond: (id = 3903099)

table 5 : explain UPDATE sbtest5 SET c='foobar' WHERE id=9280232
	Update on sbtest5  (cost=0.43..8.45 rows=0 width=0)
	  ->  Index Scan using sbtest5_pkey on sbtest5  (cost=0.43..8.45 rows=1 width=490)
	        Index Cond: (id = 9280232)

table 6 : explain UPDATE sbtest6 SET c='foobar' WHERE id=4770171
	Update on sbtest6  (cost=0.43..8.45 rows=0 width=0)
	  ->  Index Scan using sbtest6_pkey on sbtest6  (cost=0.43..8.45 rows=1 width=490)
	        Index Cond: (id = 4770171)

table 7 : explain UPDATE sbtest7 SET c='foobar' WHERE id=3720908
	Update on sbtest7  (cost=0.43..8.45 rows=0 width=0)
	  ->  Index Scan using sbtest7_pkey on sbtest7  (cost=0.43..8.45 rows=1 width=490)
	        Index Cond: (id = 3720908)

table 8 : explain UPDATE sbtest8 SET c='foobar' WHERE id=5029029
	Update on sbtest8  (cost=0.43..8.45 rows=0 width=0)
	  ->  Index Scan using sbtest8_pkey on sbtest8  (cost=0.43..8.45 rows=1 width=490)
	        Index Cond: (id = 5029029)

explain: for deletes :: explain DELETE FROM sbtest%u WHERE id=%u
explain: for non_index_updates :: explain UPDATE sbtest%u SET c='foobar' WHERE id=%u
for: order_ranges
table 1 : explain SELECT c FROM sbtest1 WHERE id BETWEEN 4330555 AND 4330564 ORDER BY c
	Sort  (cost=43.24..43.27 rows=11 width=121)
	  Sort Key: c
	  ->  Index Scan using sbtest1_pkey on sbtest1  (cost=0.43..43.05 rows=11 width=121)
	        Index Cond: ((id >= 4330555) AND (id <= 4330564))

table 2 : explain SELECT c FROM sbtest2 WHERE id BETWEEN 1163085 AND 1163094 ORDER BY c
	Sort  (cost=39.64..39.67 rows=10 width=121)
	  Sort Key: c
	  ->  Index Scan using sbtest2_pkey on sbtest2  (cost=0.43..39.48 rows=10 width=121)
	        Index Cond: ((id >= 1163085) AND (id <= 1163094))

table 3 : explain SELECT c FROM sbtest3 WHERE id BETWEEN 4056011 AND 4056020 ORDER BY c
	Sort  (cost=35.93..35.95 rows=9 width=121)
	  Sort Key: c
	  ->  Index Scan using sbtest3_pkey on sbtest3  (cost=0.43..35.79 rows=9 width=121)
	        Index Cond: ((id >= 4056011) AND (id <= 4056020))

table 4 : explain SELECT c FROM sbtest4 WHERE id BETWEEN 4064233 AND 4064242 ORDER BY c
	Sort  (cost=42.98..43.00 rows=11 width=121)
	  Sort Key: c
	  ->  Index Scan using sbtest4_pkey on sbtest4  (cost=0.43..42.79 rows=11 width=121)
	        Index Cond: ((id >= 4064233) AND (id <= 4064242))

table 5 : explain SELECT c FROM sbtest5 WHERE id BETWEEN 5522511 AND 5522520 ORDER BY c
	Sort  (cost=39.68..39.70 rows=10 width=121)
	  Sort Key: c
	  ->  Index Scan using sbtest5_pkey on sbtest5  (cost=0.43..39.51 rows=10 width=121)
	        Index Cond: ((id >= 5522511) AND (id <= 5522520))

table 6 : explain SELECT c FROM sbtest6 WHERE id BETWEEN 9467008 AND 9467017 ORDER BY c
	Sort  (cost=43.00..43.03 rows=11 width=121)
	  Sort Key: c
	  ->  Index Scan using sbtest6_pkey on sbtest6  (cost=0.43..42.81 rows=11 width=121)
	        Index Cond: ((id >= 9467008) AND (id <= 9467017))

table 7 : explain SELECT c FROM sbtest7 WHERE id BETWEEN 2134541 AND 2134550 ORDER BY c
	Sort  (cost=39.49..39.52 rows=10 width=121)
	  Sort Key: c
	  ->  Index Scan using sbtest7_pkey on sbtest7  (cost=0.43..39.33 rows=10 width=121)
	        Index Cond: ((id >= 2134541) AND (id <= 2134550))

table 8 : explain SELECT c FROM sbtest8 WHERE id BETWEEN 699741 AND 699750 ORDER BY c
	Sort  (cost=39.27..39.30 rows=10 width=121)
	  Sort Key: c
	  ->  Index Scan using sbtest8_pkey on sbtest8  (cost=0.43..39.11 rows=10 width=121)
	        Index Cond: ((id >= 699741) AND (id <= 699750))

for non_index_updates
table 1 : explain UPDATE sbtest1 SET c='foobar' WHERE id=7808430
	Update on sbtest1  (cost=0.43..8.45 rows=0 width=0)
	  ->  Index Scan using sbtest1_pkey on sbtest1  (cost=0.43..8.45 rows=1 width=490)
	        Index Cond: (id = 7808430)

table 2 : explain UPDATE sbtest2 SET c='foobar' WHERE id=8692199
	Update on sbtest2  (cost=0.43..8.45 rows=0 width=0)
	  ->  Index Scan using sbtest2_pkey on sbtest2  (cost=0.43..8.45 rows=1 width=490)
	        Index Cond: (id = 8692199)

table 3 : explain UPDATE sbtest3 SET c='foobar' WHERE id=1795724
	Update on sbtest3  (cost=0.43..8.45 rows=0 width=0)
	  ->  Index Scan using sbtest3_pkey on sbtest3  (cost=0.43..8.45 rows=1 width=490)
	        Index Cond: (id = 1795724)

table 4 : explain UPDATE sbtest4 SET c='foobar' WHERE id=8604732
	Update on sbtest4  (cost=0.43..8.45 rows=0 width=0)
	  ->  Index Scan using sbtest4_pkey on sbtest4  (cost=0.43..8.45 rows=1 width=490)
	        Index Cond: (id = 8604732)

table 5 : explain UPDATE sbtest5 SET c='foobar' WHERE id=2511427
	Update on sbtest5  (cost=0.43..8.45 rows=0 width=0)
	  ->  Index Scan using sbtest5_pkey on sbtest5  (cost=0.43..8.45 rows=1 width=490)
	        Index Cond: (id = 2511427)

table 6 : explain UPDATE sbtest6 SET c='foobar' WHERE id=5897721
	Update on sbtest6  (cost=0.43..8.45 rows=0 width=0)
	  ->  Index Scan using sbtest6_pkey on sbtest6  (cost=0.43..8.45 rows=1 width=490)
	        Index Cond: (id = 5897721)

table 7 : explain UPDATE sbtest7 SET c='foobar' WHERE id=2874012
	Update on sbtest7  (cost=0.43..8.45 rows=0 width=0)
	  ->  Index Scan using sbtest7_pkey on sbtest7  (cost=0.43..8.45 rows=1 width=490)
	        Index Cond: (id = 2874012)

table 8 : explain UPDATE sbtest8 SET c='foobar' WHERE id=1399961
	Update on sbtest8  (cost=0.43..8.45 rows=0 width=0)
	  ->  Index Scan using sbtest8_pkey on sbtest8  (cost=0.43..8.45 rows=1 width=490)
	        Index Cond: (id = 1399961)

for non_index_updates
table 1 : explain UPDATE sbtest1 SET c='foobar' WHERE id=9801662
	Update on sbtest1  (cost=0.43..8.45 rows=0 width=0)
	  ->  Index Scan using sbtest1_pkey on sbtest1  (cost=0.43..8.45 rows=1 width=490)
	        Index Cond: (id = 9801662)

table 2 : explain UPDATE sbtest2 SET c='foobar' WHERE id=8566633
	Update on sbtest2  (cost=0.43..8.45 rows=0 width=0)
	  ->  Index Scan using sbtest2_pkey on sbtest2  (cost=0.43..8.45 rows=1 width=490)
	        Index Cond: (id = 8566633)

table 3 : explain UPDATE sbtest3 SET c='foobar' WHERE id=1692607
	Update on sbtest3  (cost=0.43..8.45 rows=0 width=0)
	  ->  Index Scan using sbtest3_pkey on sbtest3  (cost=0.43..8.45 rows=1 width=490)
	        Index Cond: (id = 1692607)

table 4 : explain UPDATE sbtest4 SET c='foobar' WHERE id=9880222
	Update on sbtest4  (cost=0.43..8.45 rows=0 width=0)
	  ->  Index Scan using sbtest4_pkey on sbtest4  (cost=0.43..8.45 rows=1 width=490)
	        Index Cond: (id = 9880222)

table 5 : explain UPDATE sbtest5 SET c='foobar' WHERE id=6532557
	Update on sbtest5  (cost=0.43..8.45 rows=0 width=0)
	  ->  Index Scan using sbtest5_pkey on sbtest5  (cost=0.43..8.45 rows=1 width=490)
	        Index Cond: (id = 6532557)

table 6 : explain UPDATE sbtest6 SET c='foobar' WHERE id=7643144
	Update on sbtest6  (cost=0.43..8.45 rows=0 width=0)
	  ->  Index Scan using sbtest6_pkey on sbtest6  (cost=0.43..8.45 rows=1 width=490)
	        Index Cond: (id = 7643144)

table 7 : explain UPDATE sbtest7 SET c='foobar' WHERE id=5437405
	Update on sbtest7  (cost=0.43..8.45 rows=0 width=0)
	  ->  Index Scan using sbtest7_pkey on sbtest7  (cost=0.43..8.45 rows=1 width=490)
	        Index Cond: (id = 5437405)

table 8 : explain UPDATE sbtest8 SET c='foobar' WHERE id=9885280
	Update on sbtest8  (cost=0.43..8.45 rows=0 width=0)
	  ->  Index Scan using sbtest8_pkey on sbtest8  (cost=0.43..8.45 rows=1 width=490)
	        Index Cond: (id = 9885280)

for: distinct_ranges
table 1 : explain SELECT DISTINCT c FROM sbtest1 WHERE id BETWEEN 4972216 AND 4972225 ORDER BY c
	Unique  (cost=39.76..39.81 rows=10 width=121)
	  ->  Sort  (cost=39.76..39.78 rows=10 width=121)
	        Sort Key: c
	        ->  Index Scan using sbtest1_pkey on sbtest1  (cost=0.43..39.59 rows=10 width=121)
	              Index Cond: ((id >= 4972216) AND (id <= 4972225))

table 2 : explain SELECT DISTINCT c FROM sbtest2 WHERE id BETWEEN 6688178 AND 6688187 ORDER BY c
	Unique  (cost=39.64..39.69 rows=10 width=121)
	  ->  Sort  (cost=39.64..39.67 rows=10 width=121)
	        Sort Key: c
	        ->  Index Scan using sbtest2_pkey on sbtest2  (cost=0.43..39.48 rows=10 width=121)
	              Index Cond: ((id >= 6688178) AND (id <= 6688187))

table 3 : explain SELECT DISTINCT c FROM sbtest3 WHERE id BETWEEN 565250 AND 565259 ORDER BY c
	Unique  (cost=39.37..39.42 rows=10 width=121)
	  ->  Sort  (cost=39.37..39.40 rows=10 width=121)
	        Sort Key: c
	        ->  Index Scan using sbtest3_pkey on sbtest3  (cost=0.43..39.21 rows=10 width=121)
	              Index Cond: ((id >= 565250) AND (id <= 565259))

table 4 : explain SELECT DISTINCT c FROM sbtest4 WHERE id BETWEEN 1942767 AND 1942776 ORDER BY c
	Unique  (cost=39.52..39.57 rows=10 width=121)
	  ->  Sort  (cost=39.52..39.54 rows=10 width=121)
	        Sort Key: c
	        ->  Index Scan using sbtest4_pkey on sbtest4  (cost=0.43..39.35 rows=10 width=121)
	              Index Cond: ((id >= 1942767) AND (id <= 1942776))

table 5 : explain SELECT DISTINCT c FROM sbtest5 WHERE id BETWEEN 933278 AND 933287 ORDER BY c
	Unique  (cost=43.15..43.21 rows=11 width=121)
	  ->  Sort  (cost=43.15..43.18 rows=11 width=121)
	        Sort Key: c
	        ->  Index Scan using sbtest5_pkey on sbtest5  (cost=0.43..42.96 rows=11 width=121)
	              Index Cond: ((id >= 933278) AND (id <= 933287))

table 6 : explain SELECT DISTINCT c FROM sbtest6 WHERE id BETWEEN 4300796 AND 4300805 ORDER BY c
	Unique  (cost=43.00..43.05 rows=11 width=121)
	  ->  Sort  (cost=43.00..43.03 rows=11 width=121)
	        Sort Key: c
	        ->  Index Scan using sbtest6_pkey on sbtest6  (cost=0.43..42.81 rows=11 width=121)
	              Index Cond: ((id >= 4300796) AND (id <= 4300805))

table 7 : explain SELECT DISTINCT c FROM sbtest7 WHERE id BETWEEN 8672573 AND 8672582 ORDER BY c
	Unique  (cost=39.49..39.54 rows=10 width=121)
	  ->  Sort  (cost=39.49..39.52 rows=10 width=121)
	        Sort Key: c
	        ->  Index Scan using sbtest7_pkey on sbtest7  (cost=0.43..39.33 rows=10 width=121)
	              Index Cond: ((id >= 8672573) AND (id <= 8672582))

table 8 : explain SELECT DISTINCT c FROM sbtest8 WHERE id BETWEEN 9894641 AND 9894650 ORDER BY c
	Unique  (cost=42.70..42.76 rows=11 width=121)
	  ->  Sort  (cost=42.70..42.73 rows=11 width=121)
	        Sort Key: c
	        ->  Index Scan using sbtest8_pkey on sbtest8  (cost=0.43..42.51 rows=11 width=121)
	              Index Cond: ((id >= 9894641) AND (id <= 9894650))

explain: for deletes :: explain DELETE FROM sbtest%u WHERE id=%u
for: order_ranges
table 1 : explain SELECT c FROM sbtest1 WHERE id BETWEEN 4698864 AND 4698873 ORDER BY c
	Sort  (cost=39.76..39.78 rows=10 width=121)
	  Sort Key: c
	  ->  Index Scan using sbtest1_pkey on sbtest1  (cost=0.43..39.59 rows=10 width=121)
	        Index Cond: ((id >= 4698864) AND (id <= 4698873))

table 2 : explain SELECT c FROM sbtest2 WHERE id BETWEEN 5713324 AND 5713333 ORDER BY c
	Sort  (cost=39.64..39.67 rows=10 width=121)
	  Sort Key: c
	  ->  Index Scan using sbtest2_pkey on sbtest2  (cost=0.43..39.48 rows=10 width=121)
	        Index Cond: ((id >= 5713324) AND (id <= 5713333))

table 3 : explain SELECT c FROM sbtest3 WHERE id BETWEEN 2692630 AND 2692639 ORDER BY c
	Sort  (cost=39.37..39.40 rows=10 width=121)
	  Sort Key: c
	  ->  Index Scan using sbtest3_pkey on sbtest3  (cost=0.43..39.21 rows=10 width=121)
	        Index Cond: ((id >= 2692630) AND (id <= 2692639))

table 4 : explain SELECT c FROM sbtest4 WHERE id BETWEEN 1304075 AND 1304084 ORDER BY c
	Sort  (cost=42.98..43.00 rows=11 width=121)
	  Sort Key: c
	  ->  Index Scan using sbtest4_pkey on sbtest4  (cost=0.43..42.79 rows=11 width=121)
	        Index Cond: ((id >= 1304075) AND (id <= 1304084))

table 5 : explain SELECT c FROM sbtest5 WHERE id BETWEEN 2955274 AND 2955283 ORDER BY c
	Sort  (cost=39.68..39.70 rows=10 width=121)
	  Sort Key: c
	  ->  Index Scan using sbtest5_pkey on sbtest5  (cost=0.43..39.51 rows=10 width=121)
	        Index Cond: ((id >= 2955274) AND (id <= 2955283))

table 6 : explain SELECT c FROM sbtest6 WHERE id BETWEEN 5587469 AND 5587478 ORDER BY c
	Sort  (cost=36.08..36.10 rows=9 width=121)
	  Sort Key: c
	  ->  Index Scan using sbtest6_pkey on sbtest6  (cost=0.43..35.94 rows=9 width=121)
	        Index Cond: ((id >= 5587469) AND (id <= 5587478))

table 7 : explain SELECT c FROM sbtest7 WHERE id BETWEEN 3902846 AND 3902855 ORDER BY c
	Sort  (cost=39.49..39.52 rows=10 width=121)
	  Sort Key: c
	  ->  Index Scan using sbtest7_pkey on sbtest7  (cost=0.43..39.33 rows=10 width=121)
	        Index Cond: ((id >= 3902846) AND (id <= 3902855))

table 8 : explain SELECT c FROM sbtest8 WHERE id BETWEEN 4594127 AND 4594136 ORDER BY c
	Sort  (cost=35.84..35.87 rows=9 width=121)
	  Sort Key: c
	  ->  Index Scan using sbtest8_pkey on sbtest8  (cost=0.43..35.70 rows=9 width=121)
	        Index Cond: ((id >= 4594127) AND (id <= 4594136))
explain: for deletes :: explain DELETE FROM sbtest%u WHERE id=%u

for index_updates
table 1 : explain UPDATE sbtest1 SET k=k+1 WHERE id=4432226
	Update on sbtest1  (cost=0.43..8.46 rows=0 width=0)
	  ->  Index Scan using sbtest1_pkey on sbtest1  (cost=0.43..8.46 rows=1 width=10)
	        Index Cond: (id = 4432226)

table 2 : explain UPDATE sbtest2 SET k=k+1 WHERE id=2316257
	Update on sbtest2  (cost=0.43..8.46 rows=0 width=0)
	  ->  Index Scan using sbtest2_pkey on sbtest2  (cost=0.43..8.46 rows=1 width=10)
	        Index Cond: (id = 2316257)

table 3 : explain UPDATE sbtest3 SET k=k+1 WHERE id=7040557
	Update on sbtest3  (cost=0.43..8.46 rows=0 width=0)
	  ->  Index Scan using sbtest3_pkey on sbtest3  (cost=0.43..8.46 rows=1 width=10)
	        Index Cond: (id = 7040557)

table 4 : explain UPDATE sbtest4 SET k=k+1 WHERE id=6739798
	Update on sbtest4  (cost=0.43..8.46 rows=0 width=0)
	  ->  Index Scan using sbtest4_pkey on sbtest4  (cost=0.43..8.46 rows=1 width=10)
	        Index Cond: (id = 6739798)

table 5 : explain UPDATE sbtest5 SET k=k+1 WHERE id=6273416
	Update on sbtest5  (cost=0.43..8.46 rows=0 width=0)
	  ->  Index Scan using sbtest5_pkey on sbtest5  (cost=0.43..8.46 rows=1 width=10)
	        Index Cond: (id = 6273416)

table 6 : explain UPDATE sbtest6 SET k=k+1 WHERE id=8897366
	Update on sbtest6  (cost=0.43..8.46 rows=0 width=0)
	  ->  Index Scan using sbtest6_pkey on sbtest6  (cost=0.43..8.46 rows=1 width=10)
	        Index Cond: (id = 8897366)

table 7 : explain UPDATE sbtest7 SET k=k+1 WHERE id=559690
	Update on sbtest7  (cost=0.43..8.46 rows=0 width=0)
	  ->  Index Scan using sbtest7_pkey on sbtest7  (cost=0.43..8.46 rows=1 width=10)
	        Index Cond: (id = 559690)

table 8 : explain UPDATE sbtest8 SET k=k+1 WHERE id=2413095
	Update on sbtest8  (cost=0.43..8.46 rows=0 width=0)
	  ->  Index Scan using sbtest8_pkey on sbtest8  (cost=0.43..8.46 rows=1 width=10)
	        Index Cond: (id = 2413095)

explain: for deletes :: explain DELETE FROM sbtest%u WHERE id=%u
for non_index_updates
table 1 : explain UPDATE sbtest1 SET c='foobar' WHERE id=7852381
	Update on sbtest1  (cost=0.43..8.45 rows=0 width=0)
	  ->  Index Scan using sbtest1_pkey on sbtest1  (cost=0.43..8.45 rows=1 width=490)
	        Index Cond: (id = 7852381)

table 2 : explain UPDATE sbtest2 SET c='foobar' WHERE id=4948840
	Update on sbtest2  (cost=0.43..8.45 rows=0 width=0)
	  ->  Index Scan using sbtest2_pkey on sbtest2  (cost=0.43..8.45 rows=1 width=490)
	        Index Cond: (id = 4948840)

table 3 : explain UPDATE sbtest3 SET c='foobar' WHERE id=8470159
	Update on sbtest3  (cost=0.43..8.45 rows=0 width=0)
	  ->  Index Scan using sbtest3_pkey on sbtest3  (cost=0.43..8.45 rows=1 width=490)
	        Index Cond: (id = 8470159)

table 4 : explain UPDATE sbtest4 SET c='foobar' WHERE id=1894243
	Update on sbtest4  (cost=0.43..8.45 rows=0 width=0)
	  ->  Index Scan using sbtest4_pkey on sbtest4  (cost=0.43..8.45 rows=1 width=490)
	        Index Cond: (id = 1894243)

table 5 : explain UPDATE sbtest5 SET c='foobar' WHERE id=9993086
	Update on sbtest5  (cost=0.43..8.45 rows=0 width=0)
	  ->  Index Scan using sbtest5_pkey on sbtest5  (cost=0.43..8.45 rows=1 width=490)
	        Index Cond: (id = 9993086)

table 6 : explain UPDATE sbtest6 SET c='foobar' WHERE id=9871540
	Update on sbtest6  (cost=0.43..8.45 rows=0 width=0)
	  ->  Index Scan using sbtest6_pkey on sbtest6  (cost=0.43..8.45 rows=1 width=490)
	        Index Cond: (id = 9871540)

table 7 : explain UPDATE sbtest7 SET c='foobar' WHERE id=4941285
	Update on sbtest7  (cost=0.43..8.45 rows=0 width=0)
	  ->  Index Scan using sbtest7_pkey on sbtest7  (cost=0.43..8.45 rows=1 width=490)
	        Index Cond: (id = 4941285)

table 8 : explain UPDATE sbtest8 SET c='foobar' WHERE id=5978735
	Update on sbtest8  (cost=0.43..8.45 rows=0 width=0)
	  ->  Index Scan using sbtest8_pkey on sbtest8  (cost=0.43..8.45 rows=1 width=490)
	        Index Cond: (id = 5978735)

for: order_ranges
table 1 : explain SELECT c FROM sbtest1 WHERE id BETWEEN 1763158 AND 1763167 ORDER BY c
	Sort  (cost=39.76..39.78 rows=10 width=121)
	  Sort Key: c
	  ->  Index Scan using sbtest1_pkey on sbtest1  (cost=0.43..39.59 rows=10 width=121)
	        Index Cond: ((id >= 1763158) AND (id <= 1763167))

table 2 : explain SELECT c FROM sbtest2 WHERE id BETWEEN 4925078 AND 4925087 ORDER BY c
	Sort  (cost=39.64..39.67 rows=10 width=121)
	  Sort Key: c
	  ->  Index Scan using sbtest2_pkey on sbtest2  (cost=0.43..39.48 rows=10 width=121)
	        Index Cond: ((id >= 4925078) AND (id <= 4925087))

table 3 : explain SELECT c FROM sbtest3 WHERE id BETWEEN 2768753 AND 2768762 ORDER BY c
	Sort  (cost=39.37..39.40 rows=10 width=121)
	  Sort Key: c
	  ->  Index Scan using sbtest3_pkey on sbtest3  (cost=0.43..39.21 rows=10 width=121)
	        Index Cond: ((id >= 2768753) AND (id <= 2768762))

table 4 : explain SELECT c FROM sbtest4 WHERE id BETWEEN 1670212 AND 1670221 ORDER BY c
	Sort  (cost=39.52..39.54 rows=10 width=121)
	  Sort Key: c
	  ->  Index Scan using sbtest4_pkey on sbtest4  (cost=0.43..39.35 rows=10 width=121)
	        Index Cond: ((id >= 1670212) AND (id <= 1670221))

table 5 : explain SELECT c FROM sbtest5 WHERE id BETWEEN 4519134 AND 4519143 ORDER BY c
	Sort  (cost=39.68..39.70 rows=10 width=121)
	  Sort Key: c
	  ->  Index Scan using sbtest5_pkey on sbtest5  (cost=0.43..39.51 rows=10 width=121)
	        Index Cond: ((id >= 4519134) AND (id <= 4519143))

table 6 : explain SELECT c FROM sbtest6 WHERE id BETWEEN 3308061 AND 3308070 ORDER BY c
	Sort  (cost=39.54..39.57 rows=10 width=121)
	  Sort Key: c
	  ->  Index Scan using sbtest6_pkey on sbtest6  (cost=0.43..39.37 rows=10 width=121)
	        Index Cond: ((id >= 3308061) AND (id <= 3308070))

table 7 : explain SELECT c FROM sbtest7 WHERE id BETWEEN 1000532 AND 1000541 ORDER BY c
	Sort  (cost=42.95..42.97 rows=11 width=121)
	  Sort Key: c
	  ->  Index Scan using sbtest7_pkey on sbtest7  (cost=0.43..42.76 rows=11 width=121)
	        Index Cond: ((id >= 1000532) AND (id <= 1000541))

table 8 : explain SELECT c FROM sbtest8 WHERE id BETWEEN 9785493 AND 9785502 ORDER BY c
	Sort  (cost=35.84..35.87 rows=9 width=121)
	  Sort Key: c
	  ->  Index Scan using sbtest8_pkey on sbtest8  (cost=0.43..35.70 rows=9 width=121)
	        Index Cond: ((id >= 9785493) AND (id <= 9785502))

for deletes
table 1 : explain DELETE FROM sbtest1 WHERE id=6274634
	Delete on sbtest1  (cost=0.43..8.45 rows=0 width=0)
	  ->  Index Scan using sbtest1_pkey on sbtest1  (cost=0.43..8.45 rows=1 width=6)
	        Index Cond: (id = 6274634)

table 2 : explain DELETE FROM sbtest2 WHERE id=1111193
	Delete on sbtest2  (cost=0.43..8.45 rows=0 width=0)
	  ->  Index Scan using sbtest2_pkey on sbtest2  (cost=0.43..8.45 rows=1 width=6)
	        Index Cond: (id = 1111193)

table 3 : explain DELETE FROM sbtest3 WHERE id=9305172
	Delete on sbtest3  (cost=0.43..8.45 rows=0 width=0)
	  ->  Index Scan using sbtest3_pkey on sbtest3  (cost=0.43..8.45 rows=1 width=6)
	        Index Cond: (id = 9305172)

table 4 : explain DELETE FROM sbtest4 WHERE id=6653402
	Delete on sbtest4  (cost=0.43..8.45 rows=0 width=0)
	  ->  Index Scan using sbtest4_pkey on sbtest4  (cost=0.43..8.45 rows=1 width=6)
	        Index Cond: (id = 6653402)

table 5 : explain DELETE FROM sbtest5 WHERE id=5362579
	Delete on sbtest5  (cost=0.43..8.45 rows=0 width=0)
	  ->  Index Scan using sbtest5_pkey on sbtest5  (cost=0.43..8.45 rows=1 width=6)
	        Index Cond: (id = 5362579)

table 6 : explain DELETE FROM sbtest6 WHERE id=3830659
	Delete on sbtest6  (cost=0.43..8.45 rows=0 width=0)
	  ->  Index Scan using sbtest6_pkey on sbtest6  (cost=0.43..8.45 rows=1 width=6)
	        Index Cond: (id = 3830659)

table 7 : explain DELETE FROM sbtest7 WHERE id=6095913
	Delete on sbtest7  (cost=0.43..8.45 rows=0 width=0)
	  ->  Index Scan using sbtest7_pkey on sbtest7  (cost=0.43..8.45 rows=1 width=6)
	        Index Cond: (id = 6095913)

table 8 : explain DELETE FROM sbtest8 WHERE id=7535366
	Delete on sbtest8  (cost=0.43..8.45 rows=0 width=0)
	  ->  Index Scan using sbtest8_pkey on sbtest8  (cost=0.43..8.45 rows=1 width=6)
	        Index Cond: (id = 7535366)

explain: for index_updates :: explain UPDATE sbtest%u SET k=k+1 WHERE id=%u
for: sum_ranges
table 1 : explain SELECT SUM(k) FROM sbtest1 WHERE id BETWEEN 630896 AND 630905
	Aggregate  (cost=39.62..39.63 rows=1 width=8)
	  ->  Index Scan using sbtest1_pkey on sbtest1  (cost=0.43..39.59 rows=10 width=4)
	        Index Cond: ((id >= 630896) AND (id <= 630905))

table 2 : explain SELECT SUM(k) FROM sbtest2 WHERE id BETWEEN 1650321 AND 1650330
	Aggregate  (cost=42.95..42.96 rows=1 width=8)
	  ->  Index Scan using sbtest2_pkey on sbtest2  (cost=0.43..42.92 rows=11 width=4)
	        Index Cond: ((id >= 1650321) AND (id <= 1650330))

table 3 : explain SELECT SUM(k) FROM sbtest3 WHERE id BETWEEN 9665463 AND 9665472
	Aggregate  (cost=39.23..39.24 rows=1 width=8)
	  ->  Index Scan using sbtest3_pkey on sbtest3  (cost=0.43..39.21 rows=10 width=4)
	        Index Cond: ((id >= 9665463) AND (id <= 9665472))

table 4 : explain SELECT SUM(k) FROM sbtest4 WHERE id BETWEEN 4258480 AND 4258489
	Aggregate  (cost=42.81..42.82 rows=1 width=8)
	  ->  Index Scan using sbtest4_pkey on sbtest4  (cost=0.43..42.79 rows=11 width=4)
	        Index Cond: ((id >= 4258480) AND (id <= 4258489))

table 5 : explain SELECT SUM(k) FROM sbtest5 WHERE id BETWEEN 2146942 AND 2146951
	Aggregate  (cost=42.99..43.00 rows=1 width=8)
	  ->  Index Scan using sbtest5_pkey on sbtest5  (cost=0.43..42.96 rows=11 width=4)
	        Index Cond: ((id >= 2146942) AND (id <= 2146951))

table 6 : explain SELECT SUM(k) FROM sbtest6 WHERE id BETWEEN 2787764 AND 2787773
	Aggregate  (cost=39.40..39.41 rows=1 width=8)
	  ->  Index Scan using sbtest6_pkey on sbtest6  (cost=0.43..39.37 rows=10 width=4)
	        Index Cond: ((id >= 2787764) AND (id <= 2787773))

table 7 : explain SELECT SUM(k) FROM sbtest7 WHERE id BETWEEN 3336824 AND 3336833
	Aggregate  (cost=35.92..35.93 rows=1 width=8)
	  ->  Index Scan using sbtest7_pkey on sbtest7  (cost=0.43..35.90 rows=9 width=4)
	        Index Cond: ((id >= 3336824) AND (id <= 3336833))

table 8 : explain SELECT SUM(k) FROM sbtest8 WHERE id BETWEEN 16433 AND 16442
	Aggregate  (cost=39.13..39.14 rows=1 width=8)
	  ->  Index Scan using sbtest8_pkey on sbtest8  (cost=0.43..39.11 rows=10 width=4)
	        Index Cond: ((id >= 16433) AND (id <= 16442))

explain: for deletes :: explain DELETE FROM sbtest%u WHERE id=%u
for deletes
table 1 : explain DELETE FROM sbtest1 WHERE id=829090
	Delete on sbtest1  (cost=0.43..8.45 rows=0 width=0)
	  ->  Index Scan using sbtest1_pkey on sbtest1  (cost=0.43..8.45 rows=1 width=6)
	        Index Cond: (id = 829090)

table 2 : explain DELETE FROM sbtest2 WHERE id=3760885
	Delete on sbtest2  (cost=0.43..8.45 rows=0 width=0)
	  ->  Index Scan using sbtest2_pkey on sbtest2  (cost=0.43..8.45 rows=1 width=6)
	        Index Cond: (id = 3760885)

table 3 : explain DELETE FROM sbtest3 WHERE id=3452303
	Delete on sbtest3  (cost=0.43..8.45 rows=0 width=0)
	  ->  Index Scan using sbtest3_pkey on sbtest3  (cost=0.43..8.45 rows=1 width=6)
	        Index Cond: (id = 3452303)

table 4 : explain DELETE FROM sbtest4 WHERE id=8685325
	Delete on sbtest4  (cost=0.43..8.45 rows=0 width=0)
	  ->  Index Scan using sbtest4_pkey on sbtest4  (cost=0.43..8.45 rows=1 width=6)
	        Index Cond: (id = 8685325)

table 5 : explain DELETE FROM sbtest5 WHERE id=4470604
	Delete on sbtest5  (cost=0.43..8.45 rows=0 width=0)
	  ->  Index Scan using sbtest5_pkey on sbtest5  (cost=0.43..8.45 rows=1 width=6)
	        Index Cond: (id = 4470604)

table 6 : explain DELETE FROM sbtest6 WHERE id=3092907
	Delete on sbtest6  (cost=0.43..8.45 rows=0 width=0)
	  ->  Index Scan using sbtest6_pkey on sbtest6  (cost=0.43..8.45 rows=1 width=6)
	        Index Cond: (id = 3092907)

table 7 : explain DELETE FROM sbtest7 WHERE id=2958044
	Delete on sbtest7  (cost=0.43..8.45 rows=0 width=0)
	  ->  Index Scan using sbtest7_pkey on sbtest7  (cost=0.43..8.45 rows=1 width=6)
	        Index Cond: (id = 2958044)

table 8 : explain DELETE FROM sbtest8 WHERE id=3377083
	Delete on sbtest8  (cost=0.43..8.45 rows=0 width=0)
	  ->  Index Scan using sbtest8_pkey on sbtest8  (cost=0.43..8.45 rows=1 width=6)
	        Index Cond: (id = 3377083)

explain: for inserts :: explain INSERT INTO sbtest%u (id, k, c, pad) VALUES (%u, 13, 'foobar', 'foobar')
for: simple_ranges
table 1 : explain SELECT c FROM sbtest1 WHERE id BETWEEN 1115611 AND 1115620
	Index Scan using sbtest1_pkey on sbtest1  (cost=0.43..39.59 rows=10 width=121)
	  Index Cond: ((id >= 1115611) AND (id <= 1115620))

table 2 : explain SELECT c FROM sbtest2 WHERE id BETWEEN 4981430 AND 4981439
	Index Scan using sbtest2_pkey on sbtest2  (cost=0.43..39.48 rows=10 width=121)
	  Index Cond: ((id >= 4981430) AND (id <= 4981439))

table 3 : explain SELECT c FROM sbtest3 WHERE id BETWEEN 5358323 AND 5358332
	Index Scan using sbtest3_pkey on sbtest3  (cost=0.43..39.21 rows=10 width=121)
	  Index Cond: ((id >= 5358323) AND (id <= 5358332))

table 4 : explain SELECT c FROM sbtest4 WHERE id BETWEEN 1753333 AND 1753342
	Index Scan using sbtest4_pkey on sbtest4  (cost=0.43..42.79 rows=11 width=121)
	  Index Cond: ((id >= 1753333) AND (id <= 1753342))

table 5 : explain SELECT c FROM sbtest5 WHERE id BETWEEN 6953853 AND 6953862
	Index Scan using sbtest5_pkey on sbtest5  (cost=0.43..39.51 rows=10 width=121)
	  Index Cond: ((id >= 6953853) AND (id <= 6953862))

table 6 : explain SELECT c FROM sbtest6 WHERE id BETWEEN 3174613 AND 3174622
	Index Scan using sbtest6_pkey on sbtest6  (cost=0.43..42.81 rows=11 width=121)
	  Index Cond: ((id >= 3174613) AND (id <= 3174622))

table 7 : explain SELECT c FROM sbtest7 WHERE id BETWEEN 457532 AND 457541
	Index Scan using sbtest7_pkey on sbtest7  (cost=0.43..42.76 rows=11 width=121)
	  Index Cond: ((id >= 457532) AND (id <= 457541))

table 8 : explain SELECT c FROM sbtest8 WHERE id BETWEEN 3211749 AND 3211758
	Index Scan using sbtest8_pkey on sbtest8  (cost=0.43..39.11 rows=10 width=121)
	  Index Cond: ((id >= 3211749) AND (id <= 3211758))

for deletes
table 1 : explain DELETE FROM sbtest1 WHERE id=7201625
	Delete on sbtest1  (cost=0.43..8.45 rows=0 width=0)
	  ->  Index Scan using sbtest1_pkey on sbtest1  (cost=0.43..8.45 rows=1 width=6)
	        Index Cond: (id = 7201625)

table 2 : explain DELETE FROM sbtest2 WHERE id=2626335
	Delete on sbtest2  (cost=0.43..8.45 rows=0 width=0)
	  ->  Index Scan using sbtest2_pkey on sbtest2  (cost=0.43..8.45 rows=1 width=6)
	        Index Cond: (id = 2626335)

table 3 : explain DELETE FROM sbtest3 WHERE id=8510150
	Delete on sbtest3  (cost=0.43..8.45 rows=0 width=0)
	  ->  Index Scan using sbtest3_pkey on sbtest3  (cost=0.43..8.45 rows=1 width=6)
	        Index Cond: (id = 8510150)

table 4 : explain DELETE FROM sbtest4 WHERE id=1097276
	Delete on sbtest4  (cost=0.43..8.45 rows=0 width=0)
	  ->  Index Scan using sbtest4_pkey on sbtest4  (cost=0.43..8.45 rows=1 width=6)
	        Index Cond: (id = 1097276)

table 5 : explain DELETE FROM sbtest5 WHERE id=4975926
	Delete on sbtest5  (cost=0.43..8.45 rows=0 width=0)
	  ->  Index Scan using sbtest5_pkey on sbtest5  (cost=0.43..8.45 rows=1 width=6)
	        Index Cond: (id = 4975926)

table 6 : explain DELETE FROM sbtest6 WHERE id=7803793
	Delete on sbtest6  (cost=0.43..8.45 rows=0 width=0)
	  ->  Index Scan using sbtest6_pkey on sbtest6  (cost=0.43..8.45 rows=1 width=6)
	        Index Cond: (id = 7803793)

table 7 : explain DELETE FROM sbtest7 WHERE id=6199432
	Delete on sbtest7  (cost=0.43..8.45 rows=0 width=0)
	  ->  Index Scan using sbtest7_pkey on sbtest7  (cost=0.43..8.45 rows=1 width=6)
	        Index Cond: (id = 6199432)

table 8 : explain DELETE FROM sbtest8 WHERE id=4576609
	Delete on sbtest8  (cost=0.43..8.45 rows=0 width=0)
	  ->  Index Scan using sbtest8_pkey on sbtest8  (cost=0.43..8.45 rows=1 width=6)
	        Index Cond: (id = 4576609)

explain: for non_index_updates :: explain UPDATE sbtest%u SET c='foobar' WHERE id=%u
for: distinct_ranges
table 1 : explain SELECT DISTINCT c FROM sbtest1 WHERE id BETWEEN 809711 AND 809720 ORDER BY c
	Unique  (cost=39.76..39.81 rows=10 width=121)
	  ->  Sort  (cost=39.76..39.78 rows=10 width=121)
	        Sort Key: c
	        ->  Index Scan using sbtest1_pkey on sbtest1  (cost=0.43..39.59 rows=10 width=121)
	              Index Cond: ((id >= 809711) AND (id <= 809720))

table 2 : explain SELECT DISTINCT c FROM sbtest2 WHERE id BETWEEN 1233299 AND 1233308 ORDER BY c
	Unique  (cost=39.64..39.69 rows=10 width=121)
	  ->  Sort  (cost=39.64..39.67 rows=10 width=121)
	        Sort Key: c
	        ->  Index Scan using sbtest2_pkey on sbtest2  (cost=0.43..39.48 rows=10 width=121)
	              Index Cond: ((id >= 1233299) AND (id <= 1233308))

table 3 : explain SELECT DISTINCT c FROM sbtest3 WHERE id BETWEEN 884587 AND 884596 ORDER BY c
	Unique  (cost=39.37..39.42 rows=10 width=121)
	  ->  Sort  (cost=39.37..39.40 rows=10 width=121)
	        Sort Key: c
	        ->  Index Scan using sbtest3_pkey on sbtest3  (cost=0.43..39.21 rows=10 width=121)
	              Index Cond: ((id >= 884587) AND (id <= 884596))

table 4 : explain SELECT DISTINCT c FROM sbtest4 WHERE id BETWEEN 3935364 AND 3935373 ORDER BY c
	Unique  (cost=36.06..36.11 rows=9 width=121)
	  ->  Sort  (cost=36.06..36.09 rows=9 width=121)
	        Sort Key: c
	        ->  Index Scan using sbtest4_pkey on sbtest4  (cost=0.43..35.92 rows=9 width=121)
	              Index Cond: ((id >= 3935364) AND (id <= 3935373))

table 5 : explain SELECT DISTINCT c FROM sbtest5 WHERE id BETWEEN 9971913 AND 9971922 ORDER BY c
	Unique  (cost=39.68..39.73 rows=10 width=121)
	  ->  Sort  (cost=39.68..39.70 rows=10 width=121)
	        Sort Key: c
	        ->  Index Scan using sbtest5_pkey on sbtest5  (cost=0.43..39.51 rows=10 width=121)
	              Index Cond: ((id >= 9971913) AND (id <= 9971922))

table 6 : explain SELECT DISTINCT c FROM sbtest6 WHERE id BETWEEN 9982480 AND 9982489 ORDER BY c
	Unique  (cost=39.54..39.59 rows=10 width=121)
	  ->  Sort  (cost=39.54..39.57 rows=10 width=121)
	        Sort Key: c
	        ->  Index Scan using sbtest6_pkey on sbtest6  (cost=0.43..39.37 rows=10 width=121)
	              Index Cond: ((id >= 9982480) AND (id <= 9982489))

table 7 : explain SELECT DISTINCT c FROM sbtest7 WHERE id BETWEEN 5869548 AND 5869557 ORDER BY c
	Unique  (cost=39.49..39.54 rows=10 width=121)
	  ->  Sort  (cost=39.49..39.52 rows=10 width=121)
	        Sort Key: c
	        ->  Index Scan using sbtest7_pkey on sbtest7  (cost=0.43..39.33 rows=10 width=121)
	              Index Cond: ((id >= 5869548) AND (id <= 5869557))

table 8 : explain SELECT DISTINCT c FROM sbtest8 WHERE id BETWEEN 5852288 AND 5852297 ORDER BY c
	Unique  (cost=39.27..39.32 rows=10 width=121)
	  ->  Sort  (cost=39.27..39.30 rows=10 width=121)
	        Sort Key: c
	        ->  Index Scan using sbtest8_pkey on sbtest8  (cost=0.43..39.11 rows=10 width=121)
	              Index Cond: ((id >= 5852288) AND (id <= 5852297))

for: distinct_ranges
table 1 : explain SELECT DISTINCT c FROM sbtest1 WHERE id BETWEEN 133173 AND 133182 ORDER BY c
	Unique  (cost=43.24..43.30 rows=11 width=121)
	  ->  Sort  (cost=43.24..43.27 rows=11 width=121)
	        Sort Key: c
	        ->  Index Scan using sbtest1_pkey on sbtest1  (cost=0.43..43.05 rows=11 width=121)
	              Index Cond: ((id >= 133173) AND (id <= 133182))

table 2 : explain SELECT DISTINCT c FROM sbtest2 WHERE id BETWEEN 4325109 AND 4325118 ORDER BY c
	Unique  (cost=39.64..39.69 rows=10 width=121)
	  ->  Sort  (cost=39.64..39.67 rows=10 width=121)
	        Sort Key: c
	        ->  Index Scan using sbtest2_pkey on sbtest2  (cost=0.43..39.48 rows=10 width=121)
	              Index Cond: ((id >= 4325109) AND (id <= 4325118))

table 3 : explain SELECT DISTINCT c FROM sbtest3 WHERE id BETWEEN 2365703 AND 2365712 ORDER BY c
	Unique  (cost=42.81..42.87 rows=11 width=121)
	  ->  Sort  (cost=42.81..42.84 rows=11 width=121)
	        Sort Key: c
	        ->  Index Scan using sbtest3_pkey on sbtest3  (cost=0.43..42.62 rows=11 width=121)
	              Index Cond: ((id >= 2365703) AND (id <= 2365712))

table 4 : explain SELECT DISTINCT c FROM sbtest4 WHERE id BETWEEN 4726553 AND 4726562 ORDER BY c
	Unique  (cost=39.52..39.57 rows=10 width=121)
	  ->  Sort  (cost=39.52..39.54 rows=10 width=121)
	        Sort Key: c
	        ->  Index Scan using sbtest4_pkey on sbtest4  (cost=0.43..39.35 rows=10 width=121)
	              Index Cond: ((id >= 4726553) AND (id <= 4726562))

table 5 : explain SELECT DISTINCT c FROM sbtest5 WHERE id BETWEEN 5741951 AND 5741960 ORDER BY c
	Unique  (cost=39.68..39.73 rows=10 width=121)
	  ->  Sort  (cost=39.68..39.70 rows=10 width=121)
	        Sort Key: c
	        ->  Index Scan using sbtest5_pkey on sbtest5  (cost=0.43..39.51 rows=10 width=121)
	              Index Cond: ((id >= 5741951) AND (id <= 5741960))

table 6 : explain SELECT DISTINCT c FROM sbtest6 WHERE id BETWEEN 9901728 AND 9901737 ORDER BY c
	Unique  (cost=39.54..39.59 rows=10 width=121)
	  ->  Sort  (cost=39.54..39.57 rows=10 width=121)
	        Sort Key: c
	        ->  Index Scan using sbtest6_pkey on sbtest6  (cost=0.43..39.37 rows=10 width=121)
	              Index Cond: ((id >= 9901728) AND (id <= 9901737))

table 7 : explain SELECT DISTINCT c FROM sbtest7 WHERE id BETWEEN 1063770 AND 1063779 ORDER BY c
	Unique  (cost=42.95..43.00 rows=11 width=121)
	  ->  Sort  (cost=42.95..42.97 rows=11 width=121)
	        Sort Key: c
	        ->  Index Scan using sbtest7_pkey on sbtest7  (cost=0.43..42.76 rows=11 width=121)
	              Index Cond: ((id >= 1063770) AND (id <= 1063779))

table 8 : explain SELECT DISTINCT c FROM sbtest8 WHERE id BETWEEN 6280818 AND 6280827 ORDER BY c
	Unique  (cost=35.84..35.89 rows=9 width=121)
	  ->  Sort  (cost=35.84..35.87 rows=9 width=121)
	        Sort Key: c
	        ->  Index Scan using sbtest8_pkey on sbtest8  (cost=0.43..35.70 rows=9 width=121)
	              Index Cond: ((id >= 6280818) AND (id <= 6280827))

explain: for inserts :: explain INSERT INTO sbtest%u (id, k, c, pad) VALUES (%u, 13, 'foobar', 'foobar')
for: sum_ranges
table 1 : explain SELECT SUM(k) FROM sbtest1 WHERE id BETWEEN 7804085 AND 7804094
	Aggregate  (cost=39.62..39.63 rows=1 width=8)
	  ->  Index Scan using sbtest1_pkey on sbtest1  (cost=0.43..39.59 rows=10 width=4)
	        Index Cond: ((id >= 7804085) AND (id <= 7804094))

table 2 : explain SELECT SUM(k) FROM sbtest2 WHERE id BETWEEN 2110678 AND 2110687
	Aggregate  (cost=39.50..39.51 rows=1 width=8)
	  ->  Index Scan using sbtest2_pkey on sbtest2  (cost=0.43..39.48 rows=10 width=4)
	        Index Cond: ((id >= 2110678) AND (id <= 2110687))

table 3 : explain SELECT SUM(k) FROM sbtest3 WHERE id BETWEEN 3670627 AND 3670636
	Aggregate  (cost=39.23..39.24 rows=1 width=8)
	  ->  Index Scan using sbtest3_pkey on sbtest3  (cost=0.43..39.21 rows=10 width=4)
	        Index Cond: ((id >= 3670627) AND (id <= 3670636))

table 4 : explain SELECT SUM(k) FROM sbtest4 WHERE id BETWEEN 4020905 AND 4020914
	Aggregate  (cost=42.81..42.82 rows=1 width=8)
	  ->  Index Scan using sbtest4_pkey on sbtest4  (cost=0.43..42.79 rows=11 width=4)
	        Index Cond: ((id >= 4020905) AND (id <= 4020914))

table 5 : explain SELECT SUM(k) FROM sbtest5 WHERE id BETWEEN 4194263 AND 4194272
	Aggregate  (cost=39.53..39.54 rows=1 width=8)
	  ->  Index Scan using sbtest5_pkey on sbtest5  (cost=0.43..39.51 rows=10 width=4)
	        Index Cond: ((id >= 4194263) AND (id <= 4194272))

table 6 : explain SELECT SUM(k) FROM sbtest6 WHERE id BETWEEN 3940682 AND 3940691
	Aggregate  (cost=39.40..39.41 rows=1 width=8)
	  ->  Index Scan using sbtest6_pkey on sbtest6  (cost=0.43..39.37 rows=10 width=4)
	        Index Cond: ((id >= 3940682) AND (id <= 3940691))

table 7 : explain SELECT SUM(k) FROM sbtest7 WHERE id BETWEEN 1260723 AND 1260732
	Aggregate  (cost=39.35..39.36 rows=1 width=8)
	  ->  Index Scan using sbtest7_pkey on sbtest7  (cost=0.43..39.33 rows=10 width=4)
	        Index Cond: ((id >= 1260723) AND (id <= 1260732))

table 8 : explain SELECT SUM(k) FROM sbtest8 WHERE id BETWEEN 6799970 AND 6799979
	Aggregate  (cost=39.13..39.14 rows=1 width=8)
	  ->  Index Scan using sbtest8_pkey on sbtest8  (cost=0.43..39.11 rows=10 width=4)
	        Index Cond: ((id >= 6799970) AND (id <= 6799979))

for: distinct_ranges
table 1 : explain SELECT DISTINCT c FROM sbtest1 WHERE id BETWEEN 9940735 AND 9940744 ORDER BY c
	Unique  (cost=39.76..39.81 rows=10 width=121)
	  ->  Sort  (cost=39.76..39.78 rows=10 width=121)
	        Sort Key: c
	        ->  Index Scan using sbtest1_pkey on sbtest1  (cost=0.43..39.59 rows=10 width=121)
	              Index Cond: ((id >= 9940735) AND (id <= 9940744))

table 2 : explain SELECT DISTINCT c FROM sbtest2 WHERE id BETWEEN 4787549 AND 4787558 ORDER BY c
	Unique  (cost=36.17..36.22 rows=9 width=121)
	  ->  Sort  (cost=36.17..36.19 rows=9 width=121)
	        Sort Key: c
	        ->  Index Scan using sbtest2_pkey on sbtest2  (cost=0.43..36.03 rows=9 width=121)
	              Index Cond: ((id >= 4787549) AND (id <= 4787558))

table 3 : explain SELECT DISTINCT c FROM sbtest3 WHERE id BETWEEN 6462645 AND 6462654 ORDER BY c
	Unique  (cost=35.93..35.98 rows=9 width=121)
	  ->  Sort  (cost=35.93..35.95 rows=9 width=121)
	        Sort Key: c
	        ->  Index Scan using sbtest3_pkey on sbtest3  (cost=0.43..35.79 rows=9 width=121)
	              Index Cond: ((id >= 6462645) AND (id <= 6462654))

table 4 : explain SELECT DISTINCT c FROM sbtest4 WHERE id BETWEEN 1052987 AND 1052996 ORDER BY c
	Unique  (cost=39.52..39.57 rows=10 width=121)
	  ->  Sort  (cost=39.52..39.54 rows=10 width=121)
	        Sort Key: c
	        ->  Index Scan using sbtest4_pkey on sbtest4  (cost=0.43..39.35 rows=10 width=121)
	              Index Cond: ((id >= 1052987) AND (id <= 1052996))

table 5 : explain SELECT DISTINCT c FROM sbtest5 WHERE id BETWEEN 6153503 AND 6153512 ORDER BY c
	Unique  (cost=36.20..36.25 rows=9 width=121)
	  ->  Sort  (cost=36.20..36.22 rows=9 width=121)
	        Sort Key: c
	        ->  Index Scan using sbtest5_pkey on sbtest5  (cost=0.43..36.06 rows=9 width=121)
	              Index Cond: ((id >= 6153503) AND (id <= 6153512))

table 6 : explain SELECT DISTINCT c FROM sbtest6 WHERE id BETWEEN 8184061 AND 8184070 ORDER BY c
	Unique  (cost=39.54..39.59 rows=10 width=121)
	  ->  Sort  (cost=39.54..39.57 rows=10 width=121)
	        Sort Key: c
	        ->  Index Scan using sbtest6_pkey on sbtest6  (cost=0.43..39.37 rows=10 width=121)
	              Index Cond: ((id >= 8184061) AND (id <= 8184070))

table 7 : explain SELECT DISTINCT c FROM sbtest7 WHERE id BETWEEN 2538560 AND 2538569 ORDER BY c
	Unique  (cost=36.04..36.08 rows=9 width=121)
	  ->  Sort  (cost=36.04..36.06 rows=9 width=121)
	        Sort Key: c
	        ->  Index Scan using sbtest7_pkey on sbtest7  (cost=0.43..35.90 rows=9 width=121)
	              Index Cond: ((id >= 2538560) AND (id <= 2538569))

table 8 : explain SELECT DISTINCT c FROM sbtest8 WHERE id BETWEEN 3785222 AND 3785231 ORDER BY c
	Unique  (cost=39.27..39.32 rows=10 width=121)
	  ->  Sort  (cost=39.27..39.30 rows=10 width=121)
	        Sort Key: c
	        ->  Index Scan using sbtest8_pkey on sbtest8  (cost=0.43..39.11 rows=10 width=121)
	              Index Cond: ((id >= 3785222) AND (id <= 3785231))

for: distinct_ranges
table 1 : explain SELECT DISTINCT c FROM sbtest1 WHERE id BETWEEN 8716450 AND 8716459 ORDER BY c
	Unique  (cost=39.76..39.81 rows=10 width=121)
	  ->  Sort  (cost=39.76..39.78 rows=10 width=121)
	        Sort Key: c
	        ->  Index Scan using sbtest1_pkey on sbtest1  (cost=0.43..39.59 rows=10 width=121)
	              Index Cond: ((id >= 8716450) AND (id <= 8716459))

table 2 : explain SELECT DISTINCT c FROM sbtest2 WHERE id BETWEEN 1747342 AND 1747351 ORDER BY c
	Unique  (cost=39.64..39.69 rows=10 width=121)
	  ->  Sort  (cost=39.64..39.67 rows=10 width=121)
	        Sort Key: c
	        ->  Index Scan using sbtest2_pkey on sbtest2  (cost=0.43..39.48 rows=10 width=121)
	              Index Cond: ((id >= 1747342) AND (id <= 1747351))

table 3 : explain SELECT DISTINCT c FROM sbtest3 WHERE id BETWEEN 3705476 AND 3705485 ORDER BY c
	Unique  (cost=39.37..39.42 rows=10 width=121)
	  ->  Sort  (cost=39.37..39.40 rows=10 width=121)
	        Sort Key: c
	        ->  Index Scan using sbtest3_pkey on sbtest3  (cost=0.43..39.21 rows=10 width=121)
	              Index Cond: ((id >= 3705476) AND (id <= 3705485))

table 4 : explain SELECT DISTINCT c FROM sbtest4 WHERE id BETWEEN 1901023 AND 1901032 ORDER BY c
	Unique  (cost=39.52..39.57 rows=10 width=121)
	  ->  Sort  (cost=39.52..39.54 rows=10 width=121)
	        Sort Key: c
	        ->  Index Scan using sbtest4_pkey on sbtest4  (cost=0.43..39.35 rows=10 width=121)
	              Index Cond: ((id >= 1901023) AND (id <= 1901032))

table 5 : explain SELECT DISTINCT c FROM sbtest5 WHERE id BETWEEN 6178539 AND 6178548 ORDER BY c
	Unique  (cost=39.68..39.73 rows=10 width=121)
	  ->  Sort  (cost=39.68..39.70 rows=10 width=121)
	        Sort Key: c
	        ->  Index Scan using sbtest5_pkey on sbtest5  (cost=0.43..39.51 rows=10 width=121)
	              Index Cond: ((id >= 6178539) AND (id <= 6178548))

table 6 : explain SELECT DISTINCT c FROM sbtest6 WHERE id BETWEEN 5683494 AND 5683503 ORDER BY c
	Unique  (cost=36.08..36.13 rows=9 width=121)
	  ->  Sort  (cost=36.08..36.10 rows=9 width=121)
	        Sort Key: c
	        ->  Index Scan using sbtest6_pkey on sbtest6  (cost=0.43..35.94 rows=9 width=121)
	              Index Cond: ((id >= 5683494) AND (id <= 5683503))

table 7 : explain SELECT DISTINCT c FROM sbtest7 WHERE id BETWEEN 9273418 AND 9273427 ORDER BY c
	Unique  (cost=36.04..36.08 rows=9 width=121)
	  ->  Sort  (cost=36.04..36.06 rows=9 width=121)
	        Sort Key: c
	        ->  Index Scan using sbtest7_pkey on sbtest7  (cost=0.43..35.90 rows=9 width=121)
	              Index Cond: ((id >= 9273418) AND (id <= 9273427))

table 8 : explain SELECT DISTINCT c FROM sbtest8 WHERE id BETWEEN 3633478 AND 3633487 ORDER BY c
	Unique  (cost=39.27..39.32 rows=10 width=121)
	  ->  Sort  (cost=39.27..39.30 rows=10 width=121)
	        Sort Key: c
	        ->  Index Scan using sbtest8_pkey on sbtest8  (cost=0.43..39.11 rows=10 width=121)
	              Index Cond: ((id >= 3633478) AND (id <= 3633487))

for deletes
table 1 : explain DELETE FROM sbtest1 WHERE id=4699587
	Delete on sbtest1  (cost=0.43..8.45 rows=0 width=0)
	  ->  Index Scan using sbtest1_pkey on sbtest1  (cost=0.43..8.45 rows=1 width=6)
	        Index Cond: (id = 4699587)

table 2 : explain DELETE FROM sbtest2 WHERE id=6523831
	Delete on sbtest2  (cost=0.43..8.45 rows=0 width=0)
	  ->  Index Scan using sbtest2_pkey on sbtest2  (cost=0.43..8.45 rows=1 width=6)
	        Index Cond: (id = 6523831)

table 3 : explain DELETE FROM sbtest3 WHERE id=155984
	Delete on sbtest3  (cost=0.43..8.45 rows=0 width=0)
	  ->  Index Scan using sbtest3_pkey on sbtest3  (cost=0.43..8.45 rows=1 width=6)
	        Index Cond: (id = 155984)

table 4 : explain DELETE FROM sbtest4 WHERE id=5634752
	Delete on sbtest4  (cost=0.43..8.45 rows=0 width=0)
	  ->  Index Scan using sbtest4_pkey on sbtest4  (cost=0.43..8.45 rows=1 width=6)
	        Index Cond: (id = 5634752)

table 5 : explain DELETE FROM sbtest5 WHERE id=3795106
	Delete on sbtest5  (cost=0.43..8.45 rows=0 width=0)
	  ->  Index Scan using sbtest5_pkey on sbtest5  (cost=0.43..8.45 rows=1 width=6)
	        Index Cond: (id = 3795106)

table 6 : explain DELETE FROM sbtest6 WHERE id=3206369
	Delete on sbtest6  (cost=0.43..8.45 rows=0 width=0)
	  ->  Index Scan using sbtest6_pkey on sbtest6  (cost=0.43..8.45 rows=1 width=6)
	        Index Cond: (id = 3206369)

table 7 : explain DELETE FROM sbtest7 WHERE id=7154422
	Delete on sbtest7  (cost=0.43..8.45 rows=0 width=0)
	  ->  Index Scan using sbtest7_pkey on sbtest7  (cost=0.43..8.45 rows=1 width=6)
	        Index Cond: (id = 7154422)

table 8 : explain DELETE FROM sbtest8 WHERE id=9449742
	Delete on sbtest8  (cost=0.43..8.45 rows=0 width=0)
	  ->  Index Scan using sbtest8_pkey on sbtest8  (cost=0.43..8.45 rows=1 width=6)
	        Index Cond: (id = 9449742)

for index_updates
table 1 : explain UPDATE sbtest1 SET k=k+1 WHERE id=1078184
	Update on sbtest1  (cost=0.43..8.46 rows=0 width=0)
	  ->  Index Scan using sbtest1_pkey on sbtest1  (cost=0.43..8.46 rows=1 width=10)
	        Index Cond: (id = 1078184)

table 2 : explain UPDATE sbtest2 SET k=k+1 WHERE id=1049015
	Update on sbtest2  (cost=0.43..8.46 rows=0 width=0)
	  ->  Index Scan using sbtest2_pkey on sbtest2  (cost=0.43..8.46 rows=1 width=10)
	        Index Cond: (id = 1049015)

table 3 : explain UPDATE sbtest3 SET k=k+1 WHERE id=3444009
	Update on sbtest3  (cost=0.43..8.46 rows=0 width=0)
	  ->  Index Scan using sbtest3_pkey on sbtest3  (cost=0.43..8.46 rows=1 width=10)
	        Index Cond: (id = 3444009)

table 4 : explain UPDATE sbtest4 SET k=k+1 WHERE id=7326561
	Update on sbtest4  (cost=0.43..8.46 rows=0 width=0)
	  ->  Index Scan using sbtest4_pkey on sbtest4  (cost=0.43..8.46 rows=1 width=10)
	        Index Cond: (id = 7326561)

table 5 : explain UPDATE sbtest5 SET k=k+1 WHERE id=2576906
	Update on sbtest5  (cost=0.43..8.46 rows=0 width=0)
	  ->  Index Scan using sbtest5_pkey on sbtest5  (cost=0.43..8.46 rows=1 width=10)
	        Index Cond: (id = 2576906)

table 6 : explain UPDATE sbtest6 SET k=k+1 WHERE id=7531518
	Update on sbtest6  (cost=0.43..8.46 rows=0 width=0)
	  ->  Index Scan using sbtest6_pkey on sbtest6  (cost=0.43..8.46 rows=1 width=10)
	        Index Cond: (id = 7531518)

table 7 : explain UPDATE sbtest7 SET k=k+1 WHERE id=6483362
	Update on sbtest7  (cost=0.43..8.46 rows=0 width=0)
	  ->  Index Scan using sbtest7_pkey on sbtest7  (cost=0.43..8.46 rows=1 width=10)
	        Index Cond: (id = 6483362)

table 8 : explain UPDATE sbtest8 SET k=k+1 WHERE id=1394605
	Update on sbtest8  (cost=0.43..8.46 rows=0 width=0)
	  ->  Index Scan using sbtest8_pkey on sbtest8  (cost=0.43..8.46 rows=1 width=10)
	        Index Cond: (id = 1394605)

for inserts
table 1 : explain INSERT INTO sbtest1 (id, k, c, pad) VALUES (3275298, 13, 'foobar', 'foobar')
	Insert on sbtest1  (cost=0.00..0.01 rows=0 width=0)
	  ->  Result  (cost=0.00..0.01 rows=1 width=736)

table 2 : explain INSERT INTO sbtest2 (id, k, c, pad) VALUES (6122271, 13, 'foobar', 'foobar')
	Insert on sbtest2  (cost=0.00..0.01 rows=0 width=0)
	  ->  Result  (cost=0.00..0.01 rows=1 width=736)

table 3 : explain INSERT INTO sbtest3 (id, k, c, pad) VALUES (5404282, 13, 'foobar', 'foobar')
	Insert on sbtest3  (cost=0.00..0.01 rows=0 width=0)
	  ->  Result  (cost=0.00..0.01 rows=1 width=736)

table 4 : explain INSERT INTO sbtest4 (id, k, c, pad) VALUES (2498958, 13, 'foobar', 'foobar')
	Insert on sbtest4  (cost=0.00..0.01 rows=0 width=0)
	  ->  Result  (cost=0.00..0.01 rows=1 width=736)

table 5 : explain INSERT INTO sbtest5 (id, k, c, pad) VALUES (7798124, 13, 'foobar', 'foobar')
	Insert on sbtest5  (cost=0.00..0.01 rows=0 width=0)
	  ->  Result  (cost=0.00..0.01 rows=1 width=736)

table 6 : explain INSERT INTO sbtest6 (id, k, c, pad) VALUES (7121761, 13, 'foobar', 'foobar')
	Insert on sbtest6  (cost=0.00..0.01 rows=0 width=0)
	  ->  Result  (cost=0.00..0.01 rows=1 width=736)

table 7 : explain INSERT INTO sbtest7 (id, k, c, pad) VALUES (53096, 13, 'foobar', 'foobar')
	Insert on sbtest7  (cost=0.00..0.01 rows=0 width=0)
	  ->  Result  (cost=0.00..0.01 rows=1 width=736)

table 8 : explain INSERT INTO sbtest8 (id, k, c, pad) VALUES (6462202, 13, 'foobar', 'foobar')
	Insert on sbtest8  (cost=0.00..0.01 rows=0 width=0)
	  ->  Result  (cost=0.00..0.01 rows=1 width=736)

for: distinct_ranges
table 1 : explain SELECT DISTINCT c FROM sbtest1 WHERE id BETWEEN 8834139 AND 8834148 ORDER BY c
	Unique  (cost=39.76..39.81 rows=10 width=121)
	  ->  Sort  (cost=39.76..39.78 rows=10 width=121)
	        Sort Key: c
	        ->  Index Scan using sbtest1_pkey on sbtest1  (cost=0.43..39.59 rows=10 width=121)
	              Index Cond: ((id >= 8834139) AND (id <= 8834148))

table 2 : explain SELECT DISTINCT c FROM sbtest2 WHERE id BETWEEN 8780963 AND 8780972 ORDER BY c
	Unique  (cost=36.17..36.22 rows=9 width=121)
	  ->  Sort  (cost=36.17..36.19 rows=9 width=121)
	        Sort Key: c
	        ->  Index Scan using sbtest2_pkey on sbtest2  (cost=0.43..36.03 rows=9 width=121)
	              Index Cond: ((id >= 8780963) AND (id <= 8780972))

table 3 : explain SELECT DISTINCT c FROM sbtest3 WHERE id BETWEEN 8582121 AND 8582130 ORDER BY c
	Unique  (cost=42.81..42.87 rows=11 width=121)
	  ->  Sort  (cost=42.81..42.84 rows=11 width=121)
	        Sort Key: c
	        ->  Index Scan using sbtest3_pkey on sbtest3  (cost=0.43..42.62 rows=11 width=121)
	              Index Cond: ((id >= 8582121) AND (id <= 8582130))

table 4 : explain SELECT DISTINCT c FROM sbtest4 WHERE id BETWEEN 5882898 AND 5882907 ORDER BY c
	Unique  (cost=36.06..36.11 rows=9 width=121)
	  ->  Sort  (cost=36.06..36.09 rows=9 width=121)
	        Sort Key: c
	        ->  Index Scan using sbtest4_pkey on sbtest4  (cost=0.43..35.92 rows=9 width=121)
	              Index Cond: ((id >= 5882898) AND (id <= 5882907))

table 5 : explain SELECT DISTINCT c FROM sbtest5 WHERE id BETWEEN 3231398 AND 3231407 ORDER BY c
	Unique  (cost=39.68..39.73 rows=10 width=121)
	  ->  Sort  (cost=39.68..39.70 rows=10 width=121)
	        Sort Key: c
	        ->  Index Scan using sbtest5_pkey on sbtest5  (cost=0.43..39.51 rows=10 width=121)
	              Index Cond: ((id >= 3231398) AND (id <= 3231407))

table 6 : explain SELECT DISTINCT c FROM sbtest6 WHERE id BETWEEN 7790541 AND 7790550 ORDER BY c
	Unique  (cost=39.54..39.59 rows=10 width=121)
	  ->  Sort  (cost=39.54..39.57 rows=10 width=121)
	        Sort Key: c
	        ->  Index Scan using sbtest6_pkey on sbtest6  (cost=0.43..39.37 rows=10 width=121)
	              Index Cond: ((id >= 7790541) AND (id <= 7790550))

table 7 : explain SELECT DISTINCT c FROM sbtest7 WHERE id BETWEEN 9859296 AND 9859305 ORDER BY c
	Unique  (cost=39.49..39.54 rows=10 width=121)
	  ->  Sort  (cost=39.49..39.52 rows=10 width=121)
	        Sort Key: c
	        ->  Index Scan using sbtest7_pkey on sbtest7  (cost=0.43..39.33 rows=10 width=121)
	              Index Cond: ((id >= 9859296) AND (id <= 9859305))

table 8 : explain SELECT DISTINCT c FROM sbtest8 WHERE id BETWEEN 8557746 AND 8557755 ORDER BY c
	Unique  (cost=39.27..39.32 rows=10 width=121)
	  ->  Sort  (cost=39.27..39.30 rows=10 width=121)
	        Sort Key: c
	        ->  Index Scan using sbtest8_pkey on sbtest8  (cost=0.43..39.11 rows=10 width=121)
	              Index Cond: ((id >= 8557746) AND (id <= 8557755))

for: sum_ranges
table 1 : explain SELECT SUM(k) FROM sbtest1 WHERE id BETWEEN 2620250 AND 2620259
	Aggregate  (cost=36.16..36.17 rows=1 width=8)
	  ->  Index Scan using sbtest1_pkey on sbtest1  (cost=0.43..36.13 rows=9 width=4)
	        Index Cond: ((id >= 2620250) AND (id <= 2620259))

table 2 : explain SELECT SUM(k) FROM sbtest2 WHERE id BETWEEN 6094127 AND 6094136
	Aggregate  (cost=39.50..39.51 rows=1 width=8)
	  ->  Index Scan using sbtest2_pkey on sbtest2  (cost=0.43..39.48 rows=10 width=4)
	        Index Cond: ((id >= 6094127) AND (id <= 6094136))

table 3 : explain SELECT SUM(k) FROM sbtest3 WHERE id BETWEEN 5157243 AND 5157252
	Aggregate  (cost=39.23..39.24 rows=1 width=8)
	  ->  Index Scan using sbtest3_pkey on sbtest3  (cost=0.43..39.21 rows=10 width=4)
	        Index Cond: ((id >= 5157243) AND (id <= 5157252))

table 4 : explain SELECT SUM(k) FROM sbtest4 WHERE id BETWEEN 419728 AND 419737
	Aggregate  (cost=39.38..39.39 rows=1 width=8)
	  ->  Index Scan using sbtest4_pkey on sbtest4  (cost=0.43..39.35 rows=10 width=4)
	        Index Cond: ((id >= 419728) AND (id <= 419737))

table 5 : explain SELECT SUM(k) FROM sbtest5 WHERE id BETWEEN 8881918 AND 8881927
	Aggregate  (cost=42.99..43.00 rows=1 width=8)
	  ->  Index Scan using sbtest5_pkey on sbtest5  (cost=0.43..42.96 rows=11 width=4)
	        Index Cond: ((id >= 8881918) AND (id <= 8881927))

table 6 : explain SELECT SUM(k) FROM sbtest6 WHERE id BETWEEN 2337058 AND 2337067
	Aggregate  (cost=39.40..39.41 rows=1 width=8)
	  ->  Index Scan using sbtest6_pkey on sbtest6  (cost=0.43..39.37 rows=10 width=4)
	        Index Cond: ((id >= 2337058) AND (id <= 2337067))

table 7 : explain SELECT SUM(k) FROM sbtest7 WHERE id BETWEEN 6603346 AND 6603355
	Aggregate  (cost=39.35..39.36 rows=1 width=8)
	  ->  Index Scan using sbtest7_pkey on sbtest7  (cost=0.43..39.33 rows=10 width=4)
	        Index Cond: ((id >= 6603346) AND (id <= 6603355))

table 8 : explain SELECT SUM(k) FROM sbtest8 WHERE id BETWEEN 5683272 AND 5683281
	Aggregate  (cost=39.13..39.14 rows=1 width=8)
	  ->  Index Scan using sbtest8_pkey on sbtest8  (cost=0.43..39.11 rows=10 width=4)
	        Index Cond: ((id >= 5683272) AND (id <= 5683281))

explain: for index_updates :: explain UPDATE sbtest%u SET k=k+1 WHERE id=%u
for: distinct_ranges
table 1 : explain SELECT DISTINCT c FROM sbtest1 WHERE id BETWEEN 4197508 AND 4197517 ORDER BY c
	Unique  (cost=36.28..36.32 rows=9 width=121)
	  ->  Sort  (cost=36.28..36.30 rows=9 width=121)
	        Sort Key: c
	        ->  Index Scan using sbtest1_pkey on sbtest1  (cost=0.43..36.13 rows=9 width=121)
	              Index Cond: ((id >= 4197508) AND (id <= 4197517))

table 2 : explain SELECT DISTINCT c FROM sbtest2 WHERE id BETWEEN 3834143 AND 3834152 ORDER BY c
	Unique  (cost=39.64..39.69 rows=10 width=121)
	  ->  Sort  (cost=39.64..39.67 rows=10 width=121)
	        Sort Key: c
	        ->  Index Scan using sbtest2_pkey on sbtest2  (cost=0.43..39.48 rows=10 width=121)
	              Index Cond: ((id >= 3834143) AND (id <= 3834152))

table 3 : explain SELECT DISTINCT c FROM sbtest3 WHERE id BETWEEN 5786391 AND 5786400 ORDER BY c
	Unique  (cost=39.37..39.42 rows=10 width=121)
	  ->  Sort  (cost=39.37..39.40 rows=10 width=121)
	        Sort Key: c
	        ->  Index Scan using sbtest3_pkey on sbtest3  (cost=0.43..39.21 rows=10 width=121)
	              Index Cond: ((id >= 5786391) AND (id <= 5786400))

table 4 : explain SELECT DISTINCT c FROM sbtest4 WHERE id BETWEEN 7644851 AND 7644860 ORDER BY c
	Unique  (cost=39.52..39.57 rows=10 width=121)
	  ->  Sort  (cost=39.52..39.54 rows=10 width=121)
	        Sort Key: c
	        ->  Index Scan using sbtest4_pkey on sbtest4  (cost=0.43..39.35 rows=10 width=121)
	              Index Cond: ((id >= 7644851) AND (id <= 7644860))

table 5 : explain SELECT DISTINCT c FROM sbtest5 WHERE id BETWEEN 2992929 AND 2992938 ORDER BY c
	Unique  (cost=39.68..39.73 rows=10 width=121)
	  ->  Sort  (cost=39.68..39.70 rows=10 width=121)
	        Sort Key: c
	        ->  Index Scan using sbtest5_pkey on sbtest5  (cost=0.43..39.51 rows=10 width=121)
	              Index Cond: ((id >= 2992929) AND (id <= 2992938))

table 6 : explain SELECT DISTINCT c FROM sbtest6 WHERE id BETWEEN 9653730 AND 9653739 ORDER BY c
	Unique  (cost=39.54..39.59 rows=10 width=121)
	  ->  Sort  (cost=39.54..39.57 rows=10 width=121)
	        Sort Key: c
	        ->  Index Scan using sbtest6_pkey on sbtest6  (cost=0.43..39.37 rows=10 width=121)
	              Index Cond: ((id >= 9653730) AND (id <= 9653739))

table 7 : explain SELECT DISTINCT c FROM sbtest7 WHERE id BETWEEN 7137338 AND 7137347 ORDER BY c
	Unique  (cost=36.04..36.08 rows=9 width=121)
	  ->  Sort  (cost=36.04..36.06 rows=9 width=121)
	        Sort Key: c
	        ->  Index Scan using sbtest7_pkey on sbtest7  (cost=0.43..35.90 rows=9 width=121)
	              Index Cond: ((id >= 7137338) AND (id <= 7137347))

table 8 : explain SELECT DISTINCT c FROM sbtest8 WHERE id BETWEEN 3347515 AND 3347524 ORDER BY c
	Unique  (cost=39.27..39.32 rows=10 width=121)
	  ->  Sort  (cost=39.27..39.30 rows=10 width=121)
	        Sort Key: c
	        ->  Index Scan using sbtest8_pkey on sbtest8  (cost=0.43..39.11 rows=10 width=121)
	              Index Cond: ((id >= 3347515) AND (id <= 3347524))

explain: for index_updates :: explain UPDATE sbtest%u SET k=k+1 WHERE id=%u
explain: for index_updates :: explain UPDATE sbtest%u SET k=k+1 WHERE id=%u
for non_index_updates
table 1 : explain UPDATE sbtest1 SET c='foobar' WHERE id=7490408
	Update on sbtest1  (cost=0.43..8.45 rows=0 width=0)
	  ->  Index Scan using sbtest1_pkey on sbtest1  (cost=0.43..8.45 rows=1 width=490)
	        Index Cond: (id = 7490408)

table 2 : explain UPDATE sbtest2 SET c='foobar' WHERE id=1393047
	Update on sbtest2  (cost=0.43..8.45 rows=0 width=0)
	  ->  Index Scan using sbtest2_pkey on sbtest2  (cost=0.43..8.45 rows=1 width=490)
	        Index Cond: (id = 1393047)

table 3 : explain UPDATE sbtest3 SET c='foobar' WHERE id=1590601
	Update on sbtest3  (cost=0.43..8.45 rows=0 width=0)
	  ->  Index Scan using sbtest3_pkey on sbtest3  (cost=0.43..8.45 rows=1 width=490)
	        Index Cond: (id = 1590601)

table 4 : explain UPDATE sbtest4 SET c='foobar' WHERE id=8571553
	Update on sbtest4  (cost=0.43..8.45 rows=0 width=0)
	  ->  Index Scan using sbtest4_pkey on sbtest4  (cost=0.43..8.45 rows=1 width=490)
	        Index Cond: (id = 8571553)

table 5 : explain UPDATE sbtest5 SET c='foobar' WHERE id=866593
	Update on sbtest5  (cost=0.43..8.45 rows=0 width=0)
	  ->  Index Scan using sbtest5_pkey on sbtest5  (cost=0.43..8.45 rows=1 width=490)
	        Index Cond: (id = 866593)

table 6 : explain UPDATE sbtest6 SET c='foobar' WHERE id=5409538
	Update on sbtest6  (cost=0.43..8.45 rows=0 width=0)
	  ->  Index Scan using sbtest6_pkey on sbtest6  (cost=0.43..8.45 rows=1 width=490)
	        Index Cond: (id = 5409538)

table 7 : explain UPDATE sbtest7 SET c='foobar' WHERE id=9809345
	Update on sbtest7  (cost=0.43..8.45 rows=0 width=0)
	  ->  Index Scan using sbtest7_pkey on sbtest7  (cost=0.43..8.45 rows=1 width=490)
	        Index Cond: (id = 9809345)

table 8 : explain UPDATE sbtest8 SET c='foobar' WHERE id=5560305
	Update on sbtest8  (cost=0.43..8.45 rows=0 width=0)
	  ->  Index Scan using sbtest8_pkey on sbtest8  (cost=0.43..8.45 rows=1 width=490)
	        Index Cond: (id = 5560305)

for inserts
table 1 : explain INSERT INTO sbtest1 (id, k, c, pad) VALUES (1055148, 13, 'foobar', 'foobar')
	Insert on sbtest1  (cost=0.00..0.01 rows=0 width=0)
	  ->  Result  (cost=0.00..0.01 rows=1 width=736)

table 2 : explain INSERT INTO sbtest2 (id, k, c, pad) VALUES (5043655, 13, 'foobar', 'foobar')
	Insert on sbtest2  (cost=0.00..0.01 rows=0 width=0)
	  ->  Result  (cost=0.00..0.01 rows=1 width=736)

table 3 : explain INSERT INTO sbtest3 (id, k, c, pad) VALUES (9730814, 13, 'foobar', 'foobar')
	Insert on sbtest3  (cost=0.00..0.01 rows=0 width=0)
	  ->  Result  (cost=0.00..0.01 rows=1 width=736)

table 4 : explain INSERT INTO sbtest4 (id, k, c, pad) VALUES (9252957, 13, 'foobar', 'foobar')
	Insert on sbtest4  (cost=0.00..0.01 rows=0 width=0)
	  ->  Result  (cost=0.00..0.01 rows=1 width=736)

table 5 : explain INSERT INTO sbtest5 (id, k, c, pad) VALUES (7876153, 13, 'foobar', 'foobar')
	Insert on sbtest5  (cost=0.00..0.01 rows=0 width=0)
	  ->  Result  (cost=0.00..0.01 rows=1 width=736)

table 6 : explain INSERT INTO sbtest6 (id, k, c, pad) VALUES (3946485, 13, 'foobar', 'foobar')
	Insert on sbtest6  (cost=0.00..0.01 rows=0 width=0)
	  ->  Result  (cost=0.00..0.01 rows=1 width=736)

table 7 : explain INSERT INTO sbtest7 (id, k, c, pad) VALUES (5433114, 13, 'foobar', 'foobar')
	Insert on sbtest7  (cost=0.00..0.01 rows=0 width=0)
	  ->  Result  (cost=0.00..0.01 rows=1 width=736)

table 8 : explain INSERT INTO sbtest8 (id, k, c, pad) VALUES (5024591, 13, 'foobar', 'foobar')
	Insert on sbtest8  (cost=0.00..0.01 rows=0 width=0)
	  ->  Result  (cost=0.00..0.01 rows=1 width=736)

explain: for index_updates :: explain UPDATE sbtest%u SET k=k+1 WHERE id=%u
explain: for non_index_updates :: explain UPDATE sbtest%u SET c='foobar' WHERE id=%u
explain: for index_updates :: explain UPDATE sbtest%u SET k=k+1 WHERE id=%u
for: distinct_ranges
table 1 : explain SELECT DISTINCT c FROM sbtest1 WHERE id BETWEEN 9193598 AND 9193607 ORDER BY c
	Unique  (cost=43.24..43.30 rows=11 width=121)
	  ->  Sort  (cost=43.24..43.27 rows=11 width=121)
	        Sort Key: c
	        ->  Index Scan using sbtest1_pkey on sbtest1  (cost=0.43..43.05 rows=11 width=121)
	              Index Cond: ((id >= 9193598) AND (id <= 9193607))

table 2 : explain SELECT DISTINCT c FROM sbtest2 WHERE id BETWEEN 1989411 AND 1989420 ORDER BY c
	Unique  (cost=39.64..39.69 rows=10 width=121)
	  ->  Sort  (cost=39.64..39.67 rows=10 width=121)
	        Sort Key: c
	        ->  Index Scan using sbtest2_pkey on sbtest2  (cost=0.43..39.48 rows=10 width=121)
	              Index Cond: ((id >= 1989411) AND (id <= 1989420))

table 3 : explain SELECT DISTINCT c FROM sbtest3 WHERE id BETWEEN 2385864 AND 2385873 ORDER BY c
	Unique  (cost=42.81..42.87 rows=11 width=121)
	  ->  Sort  (cost=42.81..42.84 rows=11 width=121)
	        Sort Key: c
	        ->  Index Scan using sbtest3_pkey on sbtest3  (cost=0.43..42.62 rows=11 width=121)
	              Index Cond: ((id >= 2385864) AND (id <= 2385873))

table 4 : explain SELECT DISTINCT c FROM sbtest4 WHERE id BETWEEN 5185293 AND 5185302 ORDER BY c
	Unique  (cost=39.52..39.57 rows=10 width=121)
	  ->  Sort  (cost=39.52..39.54 rows=10 width=121)
	        Sort Key: c
	        ->  Index Scan using sbtest4_pkey on sbtest4  (cost=0.43..39.35 rows=10 width=121)
	              Index Cond: ((id >= 5185293) AND (id <= 5185302))

table 5 : explain SELECT DISTINCT c FROM sbtest5 WHERE id BETWEEN 1774307 AND 1774316 ORDER BY c
	Unique  (cost=39.68..39.73 rows=10 width=121)
	  ->  Sort  (cost=39.68..39.70 rows=10 width=121)
	        Sort Key: c
	        ->  Index Scan using sbtest5_pkey on sbtest5  (cost=0.43..39.51 rows=10 width=121)
	              Index Cond: ((id >= 1774307) AND (id <= 1774316))

table 6 : explain SELECT DISTINCT c FROM sbtest6 WHERE id BETWEEN 9896690 AND 9896699 ORDER BY c
	Unique  (cost=39.54..39.59 rows=10 width=121)
	  ->  Sort  (cost=39.54..39.57 rows=10 width=121)
	        Sort Key: c
	        ->  Index Scan using sbtest6_pkey on sbtest6  (cost=0.43..39.37 rows=10 width=121)
	              Index Cond: ((id >= 9896690) AND (id <= 9896699))

table 7 : explain SELECT DISTINCT c FROM sbtest7 WHERE id BETWEEN 3921656 AND 3921665 ORDER BY c
	Unique  (cost=39.49..39.54 rows=10 width=121)
	  ->  Sort  (cost=39.49..39.52 rows=10 width=121)
	        Sort Key: c
	        ->  Index Scan using sbtest7_pkey on sbtest7  (cost=0.43..39.33 rows=10 width=121)
	              Index Cond: ((id >= 3921656) AND (id <= 3921665))

table 8 : explain SELECT DISTINCT c FROM sbtest8 WHERE id BETWEEN 4476253 AND 4476262 ORDER BY c
	Unique  (cost=39.27..39.32 rows=10 width=121)
	  ->  Sort  (cost=39.27..39.30 rows=10 width=121)
	        Sort Key: c
	        ->  Index Scan using sbtest8_pkey on sbtest8  (cost=0.43..39.11 rows=10 width=121)
	              Index Cond: ((id >= 4476253) AND (id <= 4476262))

explain: for deletes :: explain DELETE FROM sbtest%u WHERE id=%u
for: distinct_ranges
table 1 : explain SELECT DISTINCT c FROM sbtest1 WHERE id BETWEEN 299192 AND 299201 ORDER BY c
	Unique  (cost=39.76..39.81 rows=10 width=121)
	  ->  Sort  (cost=39.76..39.78 rows=10 width=121)
	        Sort Key: c
	        ->  Index Scan using sbtest1_pkey on sbtest1  (cost=0.43..39.59 rows=10 width=121)
	              Index Cond: ((id >= 299192) AND (id <= 299201))

table 2 : explain SELECT DISTINCT c FROM sbtest2 WHERE id BETWEEN 2507629 AND 2507638 ORDER BY c
	Unique  (cost=39.64..39.69 rows=10 width=121)
	  ->  Sort  (cost=39.64..39.67 rows=10 width=121)
	        Sort Key: c
	        ->  Index Scan using sbtest2_pkey on sbtest2  (cost=0.43..39.48 rows=10 width=121)
	              Index Cond: ((id >= 2507629) AND (id <= 2507638))

table 3 : explain SELECT DISTINCT c FROM sbtest3 WHERE id BETWEEN 1166334 AND 1166343 ORDER BY c
	Unique  (cost=39.37..39.42 rows=10 width=121)
	  ->  Sort  (cost=39.37..39.40 rows=10 width=121)
	        Sort Key: c
	        ->  Index Scan using sbtest3_pkey on sbtest3  (cost=0.43..39.21 rows=10 width=121)
	              Index Cond: ((id >= 1166334) AND (id <= 1166343))

table 4 : explain SELECT DISTINCT c FROM sbtest4 WHERE id BETWEEN 8871664 AND 8871673 ORDER BY c
	Unique  (cost=36.06..36.11 rows=9 width=121)
	  ->  Sort  (cost=36.06..36.09 rows=9 width=121)
	        Sort Key: c
	        ->  Index Scan using sbtest4_pkey on sbtest4  (cost=0.43..35.92 rows=9 width=121)
	              Index Cond: ((id >= 8871664) AND (id <= 8871673))

table 5 : explain SELECT DISTINCT c FROM sbtest5 WHERE id BETWEEN 6853042 AND 6853051 ORDER BY c
	Unique  (cost=39.68..39.73 rows=10 width=121)
	  ->  Sort  (cost=39.68..39.70 rows=10 width=121)
	        Sort Key: c
	        ->  Index Scan using sbtest5_pkey on sbtest5  (cost=0.43..39.51 rows=10 width=121)
	              Index Cond: ((id >= 6853042) AND (id <= 6853051))

table 6 : explain SELECT DISTINCT c FROM sbtest6 WHERE id BETWEEN 2241366 AND 2241375 ORDER BY c
	Unique  (cost=36.08..36.13 rows=9 width=121)
	  ->  Sort  (cost=36.08..36.10 rows=9 width=121)
	        Sort Key: c
	        ->  Index Scan using sbtest6_pkey on sbtest6  (cost=0.43..35.94 rows=9 width=121)
	              Index Cond: ((id >= 2241366) AND (id <= 2241375))

table 7 : explain SELECT DISTINCT c FROM sbtest7 WHERE id BETWEEN 1645534 AND 1645543 ORDER BY c
	Unique  (cost=42.95..43.00 rows=11 width=121)
	  ->  Sort  (cost=42.95..42.97 rows=11 width=121)
	        Sort Key: c
	        ->  Index Scan using sbtest7_pkey on sbtest7  (cost=0.43..42.76 rows=11 width=121)
	              Index Cond: ((id >= 1645534) AND (id <= 1645543))

table 8 : explain SELECT DISTINCT c FROM sbtest8 WHERE id BETWEEN 1661386 AND 1661395 ORDER BY c
	Unique  (cost=35.84..35.89 rows=9 width=121)
	  ->  Sort  (cost=35.84..35.87 rows=9 width=121)
	        Sort Key: c
	        ->  Index Scan using sbtest8_pkey on sbtest8  (cost=0.43..35.70 rows=9 width=121)
	              Index Cond: ((id >= 1661386) AND (id <= 1661395))

explain: for index_updates :: explain UPDATE sbtest%u SET k=k+1 WHERE id=%u
explain: for inserts :: explain INSERT INTO sbtest%u (id, k, c, pad) VALUES (%u, 13, 'foobar', 'foobar')
for: order_ranges
table 1 : explain SELECT c FROM sbtest1 WHERE id BETWEEN 3663133 AND 3663142 ORDER BY c
	Sort  (cost=39.76..39.78 rows=10 width=121)
	  Sort Key: c
	  ->  Index Scan using sbtest1_pkey on sbtest1  (cost=0.43..39.59 rows=10 width=121)
	        Index Cond: ((id >= 3663133) AND (id <= 3663142))

table 2 : explain SELECT c FROM sbtest2 WHERE id BETWEEN 985163 AND 985172 ORDER BY c
	Sort  (cost=43.11..43.14 rows=11 width=121)
	  Sort Key: c
	  ->  Index Scan using sbtest2_pkey on sbtest2  (cost=0.43..42.92 rows=11 width=121)
	        Index Cond: ((id >= 985163) AND (id <= 985172))

table 3 : explain SELECT c FROM sbtest3 WHERE id BETWEEN 1832179 AND 1832188 ORDER BY c
	Sort  (cost=35.93..35.95 rows=9 width=121)
	  Sort Key: c
	  ->  Index Scan using sbtest3_pkey on sbtest3  (cost=0.43..35.79 rows=9 width=121)
	        Index Cond: ((id >= 1832179) AND (id <= 1832188))

table 4 : explain SELECT c FROM sbtest4 WHERE id BETWEEN 7856076 AND 7856085 ORDER BY c
	Sort  (cost=39.52..39.54 rows=10 width=121)
	  Sort Key: c
	  ->  Index Scan using sbtest4_pkey on sbtest4  (cost=0.43..39.35 rows=10 width=121)
	        Index Cond: ((id >= 7856076) AND (id <= 7856085))

table 5 : explain SELECT c FROM sbtest5 WHERE id BETWEEN 1276823 AND 1276832 ORDER BY c
	Sort  (cost=36.20..36.22 rows=9 width=121)
	  Sort Key: c
	  ->  Index Scan using sbtest5_pkey on sbtest5  (cost=0.43..36.06 rows=9 width=121)
	        Index Cond: ((id >= 1276823) AND (id <= 1276832))

table 6 : explain SELECT c FROM sbtest6 WHERE id BETWEEN 7437876 AND 7437885 ORDER BY c
	Sort  (cost=39.54..39.57 rows=10 width=121)
	  Sort Key: c
	  ->  Index Scan using sbtest6_pkey on sbtest6  (cost=0.43..39.37 rows=10 width=121)
	        Index Cond: ((id >= 7437876) AND (id <= 7437885))

table 7 : explain SELECT c FROM sbtest7 WHERE id BETWEEN 3092108 AND 3092117 ORDER BY c
	Sort  (cost=42.95..42.97 rows=11 width=121)
	  Sort Key: c
	  ->  Index Scan using sbtest7_pkey on sbtest7  (cost=0.43..42.76 rows=11 width=121)
	        Index Cond: ((id >= 3092108) AND (id <= 3092117))

table 8 : explain SELECT c FROM sbtest8 WHERE id BETWEEN 4195310 AND 4195319 ORDER BY c
	Sort  (cost=39.27..39.30 rows=10 width=121)
	  Sort Key: c
	  ->  Index Scan using sbtest8_pkey on sbtest8  (cost=0.43..39.11 rows=10 width=121)
	        Index Cond: ((id >= 4195310) AND (id <= 4195319))

for index_updates
table 1 : explain UPDATE sbtest1 SET k=k+1 WHERE id=2934459
	Update on sbtest1  (cost=0.43..8.46 rows=0 width=0)
	  ->  Index Scan using sbtest1_pkey on sbtest1  (cost=0.43..8.46 rows=1 width=10)
	        Index Cond: (id = 2934459)

table 2 : explain UPDATE sbtest2 SET k=k+1 WHERE id=6025169
	Update on sbtest2  (cost=0.43..8.46 rows=0 width=0)
	  ->  Index Scan using sbtest2_pkey on sbtest2  (cost=0.43..8.46 rows=1 width=10)
	        Index Cond: (id = 6025169)

table 3 : explain UPDATE sbtest3 SET k=k+1 WHERE id=3187539
	Update on sbtest3  (cost=0.43..8.46 rows=0 width=0)
	  ->  Index Scan using sbtest3_pkey on sbtest3  (cost=0.43..8.46 rows=1 width=10)
	        Index Cond: (id = 3187539)

table 4 : explain UPDATE sbtest4 SET k=k+1 WHERE id=8136621
	Update on sbtest4  (cost=0.43..8.46 rows=0 width=0)
	  ->  Index Scan using sbtest4_pkey on sbtest4  (cost=0.43..8.46 rows=1 width=10)
	        Index Cond: (id = 8136621)

table 5 : explain UPDATE sbtest5 SET k=k+1 WHERE id=421239
	Update on sbtest5  (cost=0.43..8.46 rows=0 width=0)
	  ->  Index Scan using sbtest5_pkey on sbtest5  (cost=0.43..8.46 rows=1 width=10)
	        Index Cond: (id = 421239)

table 6 : explain UPDATE sbtest6 SET k=k+1 WHERE id=2954634
	Update on sbtest6  (cost=0.43..8.46 rows=0 width=0)
	  ->  Index Scan using sbtest6_pkey on sbtest6  (cost=0.43..8.46 rows=1 width=10)
	        Index Cond: (id = 2954634)

table 7 : explain UPDATE sbtest7 SET k=k+1 WHERE id=3865087
	Update on sbtest7  (cost=0.43..8.46 rows=0 width=0)
	  ->  Index Scan using sbtest7_pkey on sbtest7  (cost=0.43..8.46 rows=1 width=10)
	        Index Cond: (id = 3865087)

table 8 : explain UPDATE sbtest8 SET k=k+1 WHERE id=516274
	Update on sbtest8  (cost=0.43..8.46 rows=0 width=0)
	  ->  Index Scan using sbtest8_pkey on sbtest8  (cost=0.43..8.46 rows=1 width=10)
	        Index Cond: (id = 516274)

explain: for index_updates :: explain UPDATE sbtest%u SET k=k+1 WHERE id=%u
for index_updates
table 1 : explain UPDATE sbtest1 SET k=k+1 WHERE id=2867067
	Update on sbtest1  (cost=0.43..8.46 rows=0 width=0)
	  ->  Index Scan using sbtest1_pkey on sbtest1  (cost=0.43..8.46 rows=1 width=10)
	        Index Cond: (id = 2867067)

table 2 : explain UPDATE sbtest2 SET k=k+1 WHERE id=7234841
	Update on sbtest2  (cost=0.43..8.46 rows=0 width=0)
	  ->  Index Scan using sbtest2_pkey on sbtest2  (cost=0.43..8.46 rows=1 width=10)
	        Index Cond: (id = 7234841)

table 3 : explain UPDATE sbtest3 SET k=k+1 WHERE id=7534955
	Update on sbtest3  (cost=0.43..8.46 rows=0 width=0)
	  ->  Index Scan using sbtest3_pkey on sbtest3  (cost=0.43..8.46 rows=1 width=10)
	        Index Cond: (id = 7534955)

table 4 : explain UPDATE sbtest4 SET k=k+1 WHERE id=1111414
	Update on sbtest4  (cost=0.43..8.46 rows=0 width=0)
	  ->  Index Scan using sbtest4_pkey on sbtest4  (cost=0.43..8.46 rows=1 width=10)
	        Index Cond: (id = 1111414)

table 5 : explain UPDATE sbtest5 SET k=k+1 WHERE id=3582697
	Update on sbtest5  (cost=0.43..8.46 rows=0 width=0)
	  ->  Index Scan using sbtest5_pkey on sbtest5  (cost=0.43..8.46 rows=1 width=10)
	        Index Cond: (id = 3582697)

table 6 : explain UPDATE sbtest6 SET k=k+1 WHERE id=103903
	Update on sbtest6  (cost=0.43..8.46 rows=0 width=0)
	  ->  Index Scan using sbtest6_pkey on sbtest6  (cost=0.43..8.46 rows=1 width=10)
	        Index Cond: (id = 103903)

table 7 : explain UPDATE sbtest7 SET k=k+1 WHERE id=2053432
	Update on sbtest7  (cost=0.43..8.46 rows=0 width=0)
	  ->  Index Scan using sbtest7_pkey on sbtest7  (cost=0.43..8.46 rows=1 width=10)
	        Index Cond: (id = 2053432)

table 8 : explain UPDATE sbtest8 SET k=k+1 WHERE id=4996746
	Update on sbtest8  (cost=0.43..8.46 rows=0 width=0)
	  ->  Index Scan using sbtest8_pkey on sbtest8  (cost=0.43..8.46 rows=1 width=10)
	        Index Cond: (id = 4996746)

explain: for index_updates :: explain UPDATE sbtest%u SET k=k+1 WHERE id=%u
for non_index_updates
table 1 : explain UPDATE sbtest1 SET c='foobar' WHERE id=4971904
	Update on sbtest1  (cost=0.43..8.45 rows=0 width=0)
	  ->  Index Scan using sbtest1_pkey on sbtest1  (cost=0.43..8.45 rows=1 width=490)
	        Index Cond: (id = 4971904)

table 2 : explain UPDATE sbtest2 SET c='foobar' WHERE id=7305275
	Update on sbtest2  (cost=0.43..8.45 rows=0 width=0)
	  ->  Index Scan using sbtest2_pkey on sbtest2  (cost=0.43..8.45 rows=1 width=490)
	        Index Cond: (id = 7305275)

table 3 : explain UPDATE sbtest3 SET c='foobar' WHERE id=4058679
	Update on sbtest3  (cost=0.43..8.45 rows=0 width=0)
	  ->  Index Scan using sbtest3_pkey on sbtest3  (cost=0.43..8.45 rows=1 width=490)
	        Index Cond: (id = 4058679)

table 4 : explain UPDATE sbtest4 SET c='foobar' WHERE id=9700453
	Update on sbtest4  (cost=0.43..8.45 rows=0 width=0)
	  ->  Index Scan using sbtest4_pkey on sbtest4  (cost=0.43..8.45 rows=1 width=490)
	        Index Cond: (id = 9700453)

table 5 : explain UPDATE sbtest5 SET c='foobar' WHERE id=118395
	Update on sbtest5  (cost=0.43..8.45 rows=0 width=0)
	  ->  Index Scan using sbtest5_pkey on sbtest5  (cost=0.43..8.45 rows=1 width=490)
	        Index Cond: (id = 118395)

table 6 : explain UPDATE sbtest6 SET c='foobar' WHERE id=2381955
	Update on sbtest6  (cost=0.43..8.45 rows=0 width=0)
	  ->  Index Scan using sbtest6_pkey on sbtest6  (cost=0.43..8.45 rows=1 width=490)
	        Index Cond: (id = 2381955)

table 7 : explain UPDATE sbtest7 SET c='foobar' WHERE id=9056640
	Update on sbtest7  (cost=0.43..8.45 rows=0 width=0)
	  ->  Index Scan using sbtest7_pkey on sbtest7  (cost=0.43..8.45 rows=1 width=490)
	        Index Cond: (id = 9056640)

table 8 : explain UPDATE sbtest8 SET c='foobar' WHERE id=3732131
	Update on sbtest8  (cost=0.43..8.45 rows=0 width=0)
	  ->  Index Scan using sbtest8_pkey on sbtest8  (cost=0.43..8.45 rows=1 width=490)
	        Index Cond: (id = 3732131)

for index_updates
table 1 : explain UPDATE sbtest1 SET k=k+1 WHERE id=3874059
	Update on sbtest1  (cost=0.43..8.46 rows=0 width=0)
	  ->  Index Scan using sbtest1_pkey on sbtest1  (cost=0.43..8.46 rows=1 width=10)
	        Index Cond: (id = 3874059)

table 2 : explain UPDATE sbtest2 SET k=k+1 WHERE id=1710302
	Update on sbtest2  (cost=0.43..8.46 rows=0 width=0)
	  ->  Index Scan using sbtest2_pkey on sbtest2  (cost=0.43..8.46 rows=1 width=10)
	        Index Cond: (id = 1710302)

table 3 : explain UPDATE sbtest3 SET k=k+1 WHERE id=6856534
	Update on sbtest3  (cost=0.43..8.46 rows=0 width=0)
	  ->  Index Scan using sbtest3_pkey on sbtest3  (cost=0.43..8.46 rows=1 width=10)
	        Index Cond: (id = 6856534)

table 4 : explain UPDATE sbtest4 SET k=k+1 WHERE id=7321588
	Update on sbtest4  (cost=0.43..8.46 rows=0 width=0)
	  ->  Index Scan using sbtest4_pkey on sbtest4  (cost=0.43..8.46 rows=1 width=10)
	        Index Cond: (id = 7321588)

table 5 : explain UPDATE sbtest5 SET k=k+1 WHERE id=9286384
	Update on sbtest5  (cost=0.43..8.46 rows=0 width=0)
	  ->  Index Scan using sbtest5_pkey on sbtest5  (cost=0.43..8.46 rows=1 width=10)
	        Index Cond: (id = 9286384)

table 6 : explain UPDATE sbtest6 SET k=k+1 WHERE id=4911847
	Update on sbtest6  (cost=0.43..8.46 rows=0 width=0)
	  ->  Index Scan using sbtest6_pkey on sbtest6  (cost=0.43..8.46 rows=1 width=10)
	        Index Cond: (id = 4911847)

table 7 : explain UPDATE sbtest7 SET k=k+1 WHERE id=8801912
	Update on sbtest7  (cost=0.43..8.46 rows=0 width=0)
	  ->  Index Scan using sbtest7_pkey on sbtest7  (cost=0.43..8.46 rows=1 width=10)
	        Index Cond: (id = 8801912)

table 8 : explain UPDATE sbtest8 SET k=k+1 WHERE id=6427767
	Update on sbtest8  (cost=0.43..8.46 rows=0 width=0)
	  ->  Index Scan using sbtest8_pkey on sbtest8  (cost=0.43..8.46 rows=1 width=10)
	        Index Cond: (id = 6427767)

for index_updates
table 1 : explain UPDATE sbtest1 SET k=k+1 WHERE id=281238
	Update on sbtest1  (cost=0.43..8.46 rows=0 width=0)
	  ->  Index Scan using sbtest1_pkey on sbtest1  (cost=0.43..8.46 rows=1 width=10)
	        Index Cond: (id = 281238)

table 2 : explain UPDATE sbtest2 SET k=k+1 WHERE id=648473
	Update on sbtest2  (cost=0.43..8.46 rows=0 width=0)
	  ->  Index Scan using sbtest2_pkey on sbtest2  (cost=0.43..8.46 rows=1 width=10)
	        Index Cond: (id = 648473)

table 3 : explain UPDATE sbtest3 SET k=k+1 WHERE id=6689013
	Update on sbtest3  (cost=0.43..8.46 rows=0 width=0)
	  ->  Index Scan using sbtest3_pkey on sbtest3  (cost=0.43..8.46 rows=1 width=10)
	        Index Cond: (id = 6689013)

table 4 : explain UPDATE sbtest4 SET k=k+1 WHERE id=1748382
	Update on sbtest4  (cost=0.43..8.46 rows=0 width=0)
	  ->  Index Scan using sbtest4_pkey on sbtest4  (cost=0.43..8.46 rows=1 width=10)
	        Index Cond: (id = 1748382)

table 5 : explain UPDATE sbtest5 SET k=k+1 WHERE id=4664058
	Update on sbtest5  (cost=0.43..8.46 rows=0 width=0)
	  ->  Index Scan using sbtest5_pkey on sbtest5  (cost=0.43..8.46 rows=1 width=10)
	        Index Cond: (id = 4664058)

table 6 : explain UPDATE sbtest6 SET k=k+1 WHERE id=5163909
	Update on sbtest6  (cost=0.43..8.46 rows=0 width=0)
	  ->  Index Scan using sbtest6_pkey on sbtest6  (cost=0.43..8.46 rows=1 width=10)
	        Index Cond: (id = 5163909)

table 7 : explain UPDATE sbtest7 SET k=k+1 WHERE id=6343119
	Update on sbtest7  (cost=0.43..8.46 rows=0 width=0)
	  ->  Index Scan using sbtest7_pkey on sbtest7  (cost=0.43..8.46 rows=1 width=10)
	        Index Cond: (id = 6343119)

table 8 : explain UPDATE sbtest8 SET k=k+1 WHERE id=7755376
	Update on sbtest8  (cost=0.43..8.46 rows=0 width=0)
	  ->  Index Scan using sbtest8_pkey on sbtest8  (cost=0.43..8.46 rows=1 width=10)
	        Index Cond: (id = 7755376)

for: sum_ranges
table 1 : explain SELECT SUM(k) FROM sbtest1 WHERE id BETWEEN 4541431 AND 4541440
	Aggregate  (cost=39.62..39.63 rows=1 width=8)
	  ->  Index Scan using sbtest1_pkey on sbtest1  (cost=0.43..39.59 rows=10 width=4)
	        Index Cond: ((id >= 4541431) AND (id <= 4541440))

table 2 : explain SELECT SUM(k) FROM sbtest2 WHERE id BETWEEN 1037763 AND 1037772
	Aggregate  (cost=39.50..39.51 rows=1 width=8)
	  ->  Index Scan using sbtest2_pkey on sbtest2  (cost=0.43..39.48 rows=10 width=4)
	        Index Cond: ((id >= 1037763) AND (id <= 1037772))

table 3 : explain SELECT SUM(k) FROM sbtest3 WHERE id BETWEEN 9709387 AND 9709396
	Aggregate  (cost=39.23..39.24 rows=1 width=8)
	  ->  Index Scan using sbtest3_pkey on sbtest3  (cost=0.43..39.21 rows=10 width=4)
	        Index Cond: ((id >= 9709387) AND (id <= 9709396))

table 4 : explain SELECT SUM(k) FROM sbtest4 WHERE id BETWEEN 6455445 AND 6455454
	Aggregate  (cost=39.38..39.39 rows=1 width=8)
	  ->  Index Scan using sbtest4_pkey on sbtest4  (cost=0.43..39.35 rows=10 width=4)
	        Index Cond: ((id >= 6455445) AND (id <= 6455454))

table 5 : explain SELECT SUM(k) FROM sbtest5 WHERE id BETWEEN 7984376 AND 7984385
	Aggregate  (cost=36.08..36.09 rows=1 width=8)
	  ->  Index Scan using sbtest5_pkey on sbtest5  (cost=0.43..36.06 rows=9 width=4)
	        Index Cond: ((id >= 7984376) AND (id <= 7984385))

table 6 : explain SELECT SUM(k) FROM sbtest6 WHERE id BETWEEN 131044 AND 131053
	Aggregate  (cost=35.96..35.97 rows=1 width=8)
	  ->  Index Scan using sbtest6_pkey on sbtest6  (cost=0.43..35.94 rows=9 width=4)
	        Index Cond: ((id >= 131044) AND (id <= 131053))

table 7 : explain SELECT SUM(k) FROM sbtest7 WHERE id BETWEEN 7381002 AND 7381011
	Aggregate  (cost=35.92..35.93 rows=1 width=8)
	  ->  Index Scan using sbtest7_pkey on sbtest7  (cost=0.43..35.90 rows=9 width=4)
	        Index Cond: ((id >= 7381002) AND (id <= 7381011))

table 8 : explain SELECT SUM(k) FROM sbtest8 WHERE id BETWEEN 1342860 AND 1342869
	Aggregate  (cost=39.13..39.14 rows=1 width=8)
	  ->  Index Scan using sbtest8_pkey on sbtest8  (cost=0.43..39.11 rows=10 width=4)
	        Index Cond: ((id >= 1342860) AND (id <= 1342869))

for deletes
table 1 : explain DELETE FROM sbtest1 WHERE id=2996479
	Delete on sbtest1  (cost=0.43..8.45 rows=0 width=0)
	  ->  Index Scan using sbtest1_pkey on sbtest1  (cost=0.43..8.45 rows=1 width=6)
	        Index Cond: (id = 2996479)

table 2 : explain DELETE FROM sbtest2 WHERE id=1320866
	Delete on sbtest2  (cost=0.43..8.45 rows=0 width=0)
	  ->  Index Scan using sbtest2_pkey on sbtest2  (cost=0.43..8.45 rows=1 width=6)
	        Index Cond: (id = 1320866)

table 3 : explain DELETE FROM sbtest3 WHERE id=1084292
	Delete on sbtest3  (cost=0.43..8.45 rows=0 width=0)
	  ->  Index Scan using sbtest3_pkey on sbtest3  (cost=0.43..8.45 rows=1 width=6)
	        Index Cond: (id = 1084292)

table 4 : explain DELETE FROM sbtest4 WHERE id=7251670
	Delete on sbtest4  (cost=0.43..8.45 rows=0 width=0)
	  ->  Index Scan using sbtest4_pkey on sbtest4  (cost=0.43..8.45 rows=1 width=6)
	        Index Cond: (id = 7251670)

table 5 : explain DELETE FROM sbtest5 WHERE id=8450812
	Delete on sbtest5  (cost=0.43..8.45 rows=0 width=0)
	  ->  Index Scan using sbtest5_pkey on sbtest5  (cost=0.43..8.45 rows=1 width=6)
	        Index Cond: (id = 8450812)

table 6 : explain DELETE FROM sbtest6 WHERE id=9015749
	Delete on sbtest6  (cost=0.43..8.45 rows=0 width=0)
	  ->  Index Scan using sbtest6_pkey on sbtest6  (cost=0.43..8.45 rows=1 width=6)
	        Index Cond: (id = 9015749)

table 7 : explain DELETE FROM sbtest7 WHERE id=3293566
	Delete on sbtest7  (cost=0.43..8.45 rows=0 width=0)
	  ->  Index Scan using sbtest7_pkey on sbtest7  (cost=0.43..8.45 rows=1 width=6)
	        Index Cond: (id = 3293566)

table 8 : explain DELETE FROM sbtest8 WHERE id=3094399
	Delete on sbtest8  (cost=0.43..8.45 rows=0 width=0)
	  ->  Index Scan using sbtest8_pkey on sbtest8  (cost=0.43..8.45 rows=1 width=6)
	        Index Cond: (id = 3094399)

for inserts
table 1 : explain INSERT INTO sbtest1 (id, k, c, pad) VALUES (7024019, 13, 'foobar', 'foobar')
	Insert on sbtest1  (cost=0.00..0.01 rows=0 width=0)
	  ->  Result  (cost=0.00..0.01 rows=1 width=736)

table 2 : explain INSERT INTO sbtest2 (id, k, c, pad) VALUES (1627059, 13, 'foobar', 'foobar')
	Insert on sbtest2  (cost=0.00..0.01 rows=0 width=0)
	  ->  Result  (cost=0.00..0.01 rows=1 width=736)

table 3 : explain INSERT INTO sbtest3 (id, k, c, pad) VALUES (7796514, 13, 'foobar', 'foobar')
	Insert on sbtest3  (cost=0.00..0.01 rows=0 width=0)
	  ->  Result  (cost=0.00..0.01 rows=1 width=736)

table 4 : explain INSERT INTO sbtest4 (id, k, c, pad) VALUES (665353, 13, 'foobar', 'foobar')
	Insert on sbtest4  (cost=0.00..0.01 rows=0 width=0)
	  ->  Result  (cost=0.00..0.01 rows=1 width=736)

table 5 : explain INSERT INTO sbtest5 (id, k, c, pad) VALUES (2550491, 13, 'foobar', 'foobar')
	Insert on sbtest5  (cost=0.00..0.01 rows=0 width=0)
	  ->  Result  (cost=0.00..0.01 rows=1 width=736)

table 6 : explain INSERT INTO sbtest6 (id, k, c, pad) VALUES (5800234, 13, 'foobar', 'foobar')
	Insert on sbtest6  (cost=0.00..0.01 rows=0 width=0)
	  ->  Result  (cost=0.00..0.01 rows=1 width=736)

table 7 : explain INSERT INTO sbtest7 (id, k, c, pad) VALUES (8472060, 13, 'foobar', 'foobar')
	Insert on sbtest7  (cost=0.00..0.01 rows=0 width=0)
	  ->  Result  (cost=0.00..0.01 rows=1 width=736)

table 8 : explain INSERT INTO sbtest8 (id, k, c, pad) VALUES (482512, 13, 'foobar', 'foobar')
	Insert on sbtest8  (cost=0.00..0.01 rows=0 width=0)
	  ->  Result  (cost=0.00..0.01 rows=1 width=736)

for index_updates
table 1 : explain UPDATE sbtest1 SET k=k+1 WHERE id=8781405
	Update on sbtest1  (cost=0.43..8.46 rows=0 width=0)
	  ->  Index Scan using sbtest1_pkey on sbtest1  (cost=0.43..8.46 rows=1 width=10)
	        Index Cond: (id = 8781405)

table 2 : explain UPDATE sbtest2 SET k=k+1 WHERE id=4355691
	Update on sbtest2  (cost=0.43..8.46 rows=0 width=0)
	  ->  Index Scan using sbtest2_pkey on sbtest2  (cost=0.43..8.46 rows=1 width=10)
	        Index Cond: (id = 4355691)

table 3 : explain UPDATE sbtest3 SET k=k+1 WHERE id=3417373
	Update on sbtest3  (cost=0.43..8.46 rows=0 width=0)
	  ->  Index Scan using sbtest3_pkey on sbtest3  (cost=0.43..8.46 rows=1 width=10)
	        Index Cond: (id = 3417373)

table 4 : explain UPDATE sbtest4 SET k=k+1 WHERE id=8346710
	Update on sbtest4  (cost=0.43..8.46 rows=0 width=0)
	  ->  Index Scan using sbtest4_pkey on sbtest4  (cost=0.43..8.46 rows=1 width=10)
	        Index Cond: (id = 8346710)

table 5 : explain UPDATE sbtest5 SET k=k+1 WHERE id=9201599
	Update on sbtest5  (cost=0.43..8.46 rows=0 width=0)
	  ->  Index Scan using sbtest5_pkey on sbtest5  (cost=0.43..8.46 rows=1 width=10)
	        Index Cond: (id = 9201599)

table 6 : explain UPDATE sbtest6 SET k=k+1 WHERE id=6176017
	Update on sbtest6  (cost=0.43..8.46 rows=0 width=0)
	  ->  Index Scan using sbtest6_pkey on sbtest6  (cost=0.43..8.46 rows=1 width=10)
	        Index Cond: (id = 6176017)

table 7 : explain UPDATE sbtest7 SET k=k+1 WHERE id=7414415
	Update on sbtest7  (cost=0.43..8.46 rows=0 width=0)
	  ->  Index Scan using sbtest7_pkey on sbtest7  (cost=0.43..8.46 rows=1 width=10)
	        Index Cond: (id = 7414415)

table 8 : explain UPDATE sbtest8 SET k=k+1 WHERE id=1148921
	Update on sbtest8  (cost=0.43..8.46 rows=0 width=0)
	  ->  Index Scan using sbtest8_pkey on sbtest8  (cost=0.43..8.46 rows=1 width=10)
	        Index Cond: (id = 1148921)

explain: for non_index_updates :: explain UPDATE sbtest%u SET c='foobar' WHERE id=%u
for: order_ranges
table 1 : explain SELECT c FROM sbtest1 WHERE id BETWEEN 9071479 AND 9071488 ORDER BY c
	Sort  (cost=43.24..43.27 rows=11 width=121)
	  Sort Key: c
	  ->  Index Scan using sbtest1_pkey on sbtest1  (cost=0.43..43.05 rows=11 width=121)
	        Index Cond: ((id >= 9071479) AND (id <= 9071488))

table 2 : explain SELECT c FROM sbtest2 WHERE id BETWEEN 2920336 AND 2920345 ORDER BY c
	Sort  (cost=43.11..43.14 rows=11 width=121)
	  Sort Key: c
	  ->  Index Scan using sbtest2_pkey on sbtest2  (cost=0.43..42.92 rows=11 width=121)
	        Index Cond: ((id >= 2920336) AND (id <= 2920345))

table 3 : explain SELECT c FROM sbtest3 WHERE id BETWEEN 3699857 AND 3699866 ORDER BY c
	Sort  (cost=39.37..39.40 rows=10 width=121)
	  Sort Key: c
	  ->  Index Scan using sbtest3_pkey on sbtest3  (cost=0.43..39.21 rows=10 width=121)
	        Index Cond: ((id >= 3699857) AND (id <= 3699866))

table 4 : explain SELECT c FROM sbtest4 WHERE id BETWEEN 3627537 AND 3627546 ORDER BY c
	Sort  (cost=42.98..43.00 rows=11 width=121)
	  Sort Key: c
	  ->  Index Scan using sbtest4_pkey on sbtest4  (cost=0.43..42.79 rows=11 width=121)
	        Index Cond: ((id >= 3627537) AND (id <= 3627546))

table 5 : explain SELECT c FROM sbtest5 WHERE id BETWEEN 6560607 AND 6560616 ORDER BY c
	Sort  (cost=39.68..39.70 rows=10 width=121)
	  Sort Key: c
	  ->  Index Scan using sbtest5_pkey on sbtest5  (cost=0.43..39.51 rows=10 width=121)
	        Index Cond: ((id >= 6560607) AND (id <= 6560616))

table 6 : explain SELECT c FROM sbtest6 WHERE id BETWEEN 2764484 AND 2764493 ORDER BY c
	Sort  (cost=39.54..39.57 rows=10 width=121)
	  Sort Key: c
	  ->  Index Scan using sbtest6_pkey on sbtest6  (cost=0.43..39.37 rows=10 width=121)
	        Index Cond: ((id >= 2764484) AND (id <= 2764493))

table 7 : explain SELECT c FROM sbtest7 WHERE id BETWEEN 5147868 AND 5147877 ORDER BY c
	Sort  (cost=39.49..39.52 rows=10 width=121)
	  Sort Key: c
	  ->  Index Scan using sbtest7_pkey on sbtest7  (cost=0.43..39.33 rows=10 width=121)
	        Index Cond: ((id >= 5147868) AND (id <= 5147877))

table 8 : explain SELECT c FROM sbtest8 WHERE id BETWEEN 879421 AND 879430 ORDER BY c
	Sort  (cost=39.27..39.30 rows=10 width=121)
	  Sort Key: c
	  ->  Index Scan using sbtest8_pkey on sbtest8  (cost=0.43..39.11 rows=10 width=121)
	        Index Cond: ((id >= 879421) AND (id <= 879430))

for: order_ranges
table 1 : explain SELECT c FROM sbtest1 WHERE id BETWEEN 5167804 AND 5167813 ORDER BY c
	Sort  (cost=39.76..39.78 rows=10 width=121)
	  Sort Key: c
	  ->  Index Scan using sbtest1_pkey on sbtest1  (cost=0.43..39.59 rows=10 width=121)
	        Index Cond: ((id >= 5167804) AND (id <= 5167813))

table 2 : explain SELECT c FROM sbtest2 WHERE id BETWEEN 8139944 AND 8139953 ORDER BY c
	Sort  (cost=39.64..39.67 rows=10 width=121)
	  Sort Key: c
	  ->  Index Scan using sbtest2_pkey on sbtest2  (cost=0.43..39.48 rows=10 width=121)
	        Index Cond: ((id >= 8139944) AND (id <= 8139953))

table 3 : explain SELECT c FROM sbtest3 WHERE id BETWEEN 1373335 AND 1373344 ORDER BY c
	Sort  (cost=39.37..39.40 rows=10 width=121)
	  Sort Key: c
	  ->  Index Scan using sbtest3_pkey on sbtest3  (cost=0.43..39.21 rows=10 width=121)
	        Index Cond: ((id >= 1373335) AND (id <= 1373344))

table 4 : explain SELECT c FROM sbtest4 WHERE id BETWEEN 180686 AND 180695 ORDER BY c
	Sort  (cost=39.52..39.54 rows=10 width=121)
	  Sort Key: c
	  ->  Index Scan using sbtest4_pkey on sbtest4  (cost=0.43..39.35 rows=10 width=121)
	        Index Cond: ((id >= 180686) AND (id <= 180695))

table 5 : explain SELECT c FROM sbtest5 WHERE id BETWEEN 5896517 AND 5896526 ORDER BY c
	Sort  (cost=39.68..39.70 rows=10 width=121)
	  Sort Key: c
	  ->  Index Scan using sbtest5_pkey on sbtest5  (cost=0.43..39.51 rows=10 width=121)
	        Index Cond: ((id >= 5896517) AND (id <= 5896526))

table 6 : explain SELECT c FROM sbtest6 WHERE id BETWEEN 2823897 AND 2823906 ORDER BY c
	Sort  (cost=39.54..39.57 rows=10 width=121)
	  Sort Key: c
	  ->  Index Scan using sbtest6_pkey on sbtest6  (cost=0.43..39.37 rows=10 width=121)
	        Index Cond: ((id >= 2823897) AND (id <= 2823906))

table 7 : explain SELECT c FROM sbtest7 WHERE id BETWEEN 8575090 AND 8575099 ORDER BY c
	Sort  (cost=39.49..39.52 rows=10 width=121)
	  Sort Key: c
	  ->  Index Scan using sbtest7_pkey on sbtest7  (cost=0.43..39.33 rows=10 width=121)
	        Index Cond: ((id >= 8575090) AND (id <= 8575099))

table 8 : explain SELECT c FROM sbtest8 WHERE id BETWEEN 1049244 AND 1049253 ORDER BY c
	Sort  (cost=39.27..39.30 rows=10 width=121)
	  Sort Key: c
	  ->  Index Scan using sbtest8_pkey on sbtest8  (cost=0.43..39.11 rows=10 width=121)
	        Index Cond: ((id >= 1049244) AND (id <= 1049253))

explain: for deletes :: explain DELETE FROM sbtest%u WHERE id=%u
for index_updates
table 1 : explain UPDATE sbtest1 SET k=k+1 WHERE id=294450
	Update on sbtest1  (cost=0.43..8.46 rows=0 width=0)
	  ->  Index Scan using sbtest1_pkey on sbtest1  (cost=0.43..8.46 rows=1 width=10)
	        Index Cond: (id = 294450)

table 2 : explain UPDATE sbtest2 SET k=k+1 WHERE id=104894
	Update on sbtest2  (cost=0.43..8.46 rows=0 width=0)
	  ->  Index Scan using sbtest2_pkey on sbtest2  (cost=0.43..8.46 rows=1 width=10)
	        Index Cond: (id = 104894)

table 3 : explain UPDATE sbtest3 SET k=k+1 WHERE id=6190896
	Update on sbtest3  (cost=0.43..8.46 rows=0 width=0)
	  ->  Index Scan using sbtest3_pkey on sbtest3  (cost=0.43..8.46 rows=1 width=10)
	        Index Cond: (id = 6190896)

table 4 : explain UPDATE sbtest4 SET k=k+1 WHERE id=914335
	Update on sbtest4  (cost=0.43..8.46 rows=0 width=0)
	  ->  Index Scan using sbtest4_pkey on sbtest4  (cost=0.43..8.46 rows=1 width=10)
	        Index Cond: (id = 914335)

table 5 : explain UPDATE sbtest5 SET k=k+1 WHERE id=1424238
	Update on sbtest5  (cost=0.43..8.46 rows=0 width=0)
	  ->  Index Scan using sbtest5_pkey on sbtest5  (cost=0.43..8.46 rows=1 width=10)
	        Index Cond: (id = 1424238)

table 6 : explain UPDATE sbtest6 SET k=k+1 WHERE id=5286847
	Update on sbtest6  (cost=0.43..8.46 rows=0 width=0)
	  ->  Index Scan using sbtest6_pkey on sbtest6  (cost=0.43..8.46 rows=1 width=10)
	        Index Cond: (id = 5286847)

table 7 : explain UPDATE sbtest7 SET k=k+1 WHERE id=8096598
	Update on sbtest7  (cost=0.43..8.46 rows=0 width=0)
	  ->  Index Scan using sbtest7_pkey on sbtest7  (cost=0.43..8.46 rows=1 width=10)
	        Index Cond: (id = 8096598)

table 8 : explain UPDATE sbtest8 SET k=k+1 WHERE id=2880610
	Update on sbtest8  (cost=0.43..8.46 rows=0 width=0)
	  ->  Index Scan using sbtest8_pkey on sbtest8  (cost=0.43..8.46 rows=1 width=10)
	        Index Cond: (id = 2880610)

explain: for non_index_updates :: explain UPDATE sbtest%u SET c='foobar' WHERE id=%u
explain: for non_index_updates :: explain UPDATE sbtest%u SET c='foobar' WHERE id=%u
explain: for non_index_updates :: explain UPDATE sbtest%u SET c='foobar' WHERE id=%u
for index_updates
table 1 : explain UPDATE sbtest1 SET k=k+1 WHERE id=6281373
	Update on sbtest1  (cost=0.43..8.46 rows=0 width=0)
	  ->  Index Scan using sbtest1_pkey on sbtest1  (cost=0.43..8.46 rows=1 width=10)
	        Index Cond: (id = 6281373)

table 2 : explain UPDATE sbtest2 SET k=k+1 WHERE id=321895
	Update on sbtest2  (cost=0.43..8.46 rows=0 width=0)
	  ->  Index Scan using sbtest2_pkey on sbtest2  (cost=0.43..8.46 rows=1 width=10)
	        Index Cond: (id = 321895)

table 3 : explain UPDATE sbtest3 SET k=k+1 WHERE id=9479831
	Update on sbtest3  (cost=0.43..8.46 rows=0 width=0)
	  ->  Index Scan using sbtest3_pkey on sbtest3  (cost=0.43..8.46 rows=1 width=10)
	        Index Cond: (id = 9479831)

table 4 : explain UPDATE sbtest4 SET k=k+1 WHERE id=6958222
	Update on sbtest4  (cost=0.43..8.46 rows=0 width=0)
	  ->  Index Scan using sbtest4_pkey on sbtest4  (cost=0.43..8.46 rows=1 width=10)
	        Index Cond: (id = 6958222)

table 5 : explain UPDATE sbtest5 SET k=k+1 WHERE id=833696
	Update on sbtest5  (cost=0.43..8.46 rows=0 width=0)
	  ->  Index Scan using sbtest5_pkey on sbtest5  (cost=0.43..8.46 rows=1 width=10)
	        Index Cond: (id = 833696)

table 6 : explain UPDATE sbtest6 SET k=k+1 WHERE id=5664734
	Update on sbtest6  (cost=0.43..8.46 rows=0 width=0)
	  ->  Index Scan using sbtest6_pkey on sbtest6  (cost=0.43..8.46 rows=1 width=10)
	        Index Cond: (id = 5664734)

table 7 : explain UPDATE sbtest7 SET k=k+1 WHERE id=5716535
	Update on sbtest7  (cost=0.43..8.46 rows=0 width=0)
	  ->  Index Scan using sbtest7_pkey on sbtest7  (cost=0.43..8.46 rows=1 width=10)
	        Index Cond: (id = 5716535)

table 8 : explain UPDATE sbtest8 SET k=k+1 WHERE id=6626450
	Update on sbtest8  (cost=0.43..8.46 rows=0 width=0)
	  ->  Index Scan using sbtest8_pkey on sbtest8  (cost=0.43..8.46 rows=1 width=10)
	        Index Cond: (id = 6626450)
explain: for non_index_updates :: explain UPDATE sbtest%u SET c='foobar' WHERE id=%u

for index_updates
table 1 : explain UPDATE sbtest1 SET k=k+1 WHERE id=3455142
	Update on sbtest1  (cost=0.43..8.46 rows=0 width=0)
	  ->  Index Scan using sbtest1_pkey on sbtest1  (cost=0.43..8.46 rows=1 width=10)
	        Index Cond: (id = 3455142)

table 2 : explain UPDATE sbtest2 SET k=k+1 WHERE id=419559
	Update on sbtest2  (cost=0.43..8.46 rows=0 width=0)
	  ->  Index Scan using sbtest2_pkey on sbtest2  (cost=0.43..8.46 rows=1 width=10)
	        Index Cond: (id = 419559)

table 3 : explain UPDATE sbtest3 SET k=k+1 WHERE id=7584387
	Update on sbtest3  (cost=0.43..8.46 rows=0 width=0)
	  ->  Index Scan using sbtest3_pkey on sbtest3  (cost=0.43..8.46 rows=1 width=10)
	        Index Cond: (id = 7584387)

table 4 : explain UPDATE sbtest4 SET k=k+1 WHERE id=3434844
	Update on sbtest4  (cost=0.43..8.46 rows=0 width=0)
	  ->  Index Scan using sbtest4_pkey on sbtest4  (cost=0.43..8.46 rows=1 width=10)
	        Index Cond: (id = 3434844)

table 5 : explain UPDATE sbtest5 SET k=k+1 WHERE id=5125835
	Update on sbtest5  (cost=0.43..8.46 rows=0 width=0)
	  ->  Index Scan using sbtest5_pkey on sbtest5  (cost=0.43..8.46 rows=1 width=10)
	        Index Cond: (id = 5125835)

table 6 : explain UPDATE sbtest6 SET k=k+1 WHERE id=6705372
	Update on sbtest6  (cost=0.43..8.46 rows=0 width=0)
	  ->  Index Scan using sbtest6_pkey on sbtest6  (cost=0.43..8.46 rows=1 width=10)
	        Index Cond: (id = 6705372)

table 7 : explain UPDATE sbtest7 SET k=k+1 WHERE id=6382403
	Update on sbtest7  (cost=0.43..8.46 rows=0 width=0)
	  ->  Index Scan using sbtest7_pkey on sbtest7  (cost=0.43..8.46 rows=1 width=10)
	        Index Cond: (id = 6382403)

table 8 : explain UPDATE sbtest8 SET k=k+1 WHERE id=9226901
	Update on sbtest8  (cost=0.43..8.46 rows=0 width=0)
	  ->  Index Scan using sbtest8_pkey on sbtest8  (cost=0.43..8.46 rows=1 width=10)
	        Index Cond: (id = 9226901)
explain: for non_index_updates :: explain UPDATE sbtest%u SET c='foobar' WHERE id=%uexplain: for inserts :: explain INSERT INTO sbtest%u (id, k, c, pad) VALUES (%u, 13, 'foobar', 'foobar')

for non_index_updates
table 1 : explain UPDATE sbtest1 SET c='foobar' WHERE id=8625978
	Update on sbtest1  (cost=0.43..8.45 rows=0 width=0)
	  ->  Index Scan using sbtest1_pkey on sbtest1  (cost=0.43..8.45 rows=1 width=490)
	        Index Cond: (id = 8625978)

table 2 : explain UPDATE sbtest2 SET c='foobar' WHERE id=7628863
	Update on sbtest2  (cost=0.43..8.45 rows=0 width=0)
	  ->  Index Scan using sbtest2_pkey on sbtest2  (cost=0.43..8.45 rows=1 width=490)
	        Index Cond: (id = 7628863)

table 3 : explain UPDATE sbtest3 SET c='foobar' WHERE id=5210138
	Update on sbtest3  (cost=0.43..8.45 rows=0 width=0)
	  ->  Index Scan using sbtest3_pkey on sbtest3  (cost=0.43..8.45 rows=1 width=490)
	        Index Cond: (id = 5210138)

table 4 : explain UPDATE sbtest4 SET c='foobar' WHERE id=5830032
	Update on sbtest4  (cost=0.43..8.45 rows=0 width=0)
	  ->  Index Scan using sbtest4_pkey on sbtest4  (cost=0.43..8.45 rows=1 width=490)
	        Index Cond: (id = 5830032)

table 5 : explain UPDATE sbtest5 SET c='foobar' WHERE id=5297421
	Update on sbtest5  (cost=0.43..8.45 rows=0 width=0)
	  ->  Index Scan using sbtest5_pkey on sbtest5  (cost=0.43..8.45 rows=1 width=490)
	        Index Cond: (id = 5297421)

table 6 : explain UPDATE sbtest6 SET c='foobar' WHERE id=7254184
	Update on sbtest6  (cost=0.43..8.45 rows=0 width=0)
	  ->  Index Scan using sbtest6_pkey on sbtest6  (cost=0.43..8.45 rows=1 width=490)
	        Index Cond: (id = 7254184)

table 7 : explain UPDATE sbtest7 SET c='foobar' WHERE id=5620283
	Update on sbtest7  (cost=0.43..8.45 rows=0 width=0)
	  ->  Index Scan using sbtest7_pkey on sbtest7  (cost=0.43..8.45 rows=1 width=490)
	        Index Cond: (id = 5620283)

table 8 : explain UPDATE sbtest8 SET c='foobar' WHERE id=5616199
	Update on sbtest8  (cost=0.43..8.45 rows=0 width=0)
	  ->  Index Scan using sbtest8_pkey on sbtest8  (cost=0.43..8.45 rows=1 width=490)
	        Index Cond: (id = 5616199)

for deletes
table 1 : explain DELETE FROM sbtest1 WHERE id=986021
	Delete on sbtest1  (cost=0.43..8.45 rows=0 width=0)
	  ->  Index Scan using sbtest1_pkey on sbtest1  (cost=0.43..8.45 rows=1 width=6)
	        Index Cond: (id = 986021)

table 2 : explain DELETE FROM sbtest2 WHERE id=5915341
	Delete on sbtest2  (cost=0.43..8.45 rows=0 width=0)
	  ->  Index Scan using sbtest2_pkey on sbtest2  (cost=0.43..8.45 rows=1 width=6)
	        Index Cond: (id = 5915341)

table 3 : explain DELETE FROM sbtest3 WHERE id=752210
	Delete on sbtest3  (cost=0.43..8.45 rows=0 width=0)
	  ->  Index Scan using sbtest3_pkey on sbtest3  (cost=0.43..8.45 rows=1 width=6)
	        Index Cond: (id = 752210)

table 4 : explain DELETE FROM sbtest4 WHERE id=1157114
	Delete on sbtest4  (cost=0.43..8.45 rows=0 width=0)
	  ->  Index Scan using sbtest4_pkey on sbtest4  (cost=0.43..8.45 rows=1 width=6)
	        Index Cond: (id = 1157114)

table 5 : explain DELETE FROM sbtest5 WHERE id=699186
	Delete on sbtest5  (cost=0.43..8.45 rows=0 width=0)
	  ->  Index Scan using sbtest5_pkey on sbtest5  (cost=0.43..8.45 rows=1 width=6)
	        Index Cond: (id = 699186)

table 6 : explain DELETE FROM sbtest6 WHERE id=5104295
	Delete on sbtest6  (cost=0.43..8.45 rows=0 width=0)
	  ->  Index Scan using sbtest6_pkey on sbtest6  (cost=0.43..8.45 rows=1 width=6)
	        Index Cond: (id = 5104295)

table 7 : explain DELETE FROM sbtest7 WHERE id=7433077
	Delete on sbtest7  (cost=0.43..8.45 rows=0 width=0)
	  ->  Index Scan using sbtest7_pkey on sbtest7  (cost=0.43..8.45 rows=1 width=6)
	        Index Cond: (id = 7433077)

table 8 : explain DELETE FROM sbtest8 WHERE id=4493601
	Delete on sbtest8  (cost=0.43..8.45 rows=0 width=0)
	  ->  Index Scan using sbtest8_pkey on sbtest8  (cost=0.43..8.45 rows=1 width=6)
	        Index Cond: (id = 4493601)


for non_index_updates
table 1 : explain UPDATE sbtest1 SET c='foobar' WHERE id=4226643
	Update on sbtest1  (cost=0.43..8.45 rows=0 width=0)
	  ->  Index Scan using sbtest1_pkey on sbtest1  (cost=0.43..8.45 rows=1 width=490)
	        Index Cond: (id = 4226643)

table 2 : explain UPDATE sbtest2 SET c='foobar' WHERE id=7274365
	Update on sbtest2  (cost=0.43..8.45 rows=0 width=0)
	  ->  Index Scan using sbtest2_pkey on sbtest2  (cost=0.43..8.45 rows=1 width=490)
	        Index Cond: (id = 7274365)

table 3 : explain UPDATE sbtest3 SET c='foobar' WHERE id=4355911
	Update on sbtest3  (cost=0.43..8.45 rows=0 width=0)
	  ->  Index Scan using sbtest3_pkey on sbtest3  (cost=0.43..8.45 rows=1 width=490)
	        Index Cond: (id = 4355911)

table 4 : explain UPDATE sbtest4 SET c='foobar' WHERE id=5065149
	Update on sbtest4  (cost=0.43..8.45 rows=0 width=0)
	  ->  Index Scan using sbtest4_pkey on sbtest4  (cost=0.43..8.45 rows=1 width=490)
	        Index Cond: (id = 5065149)

table 5 : explain UPDATE sbtest5 SET c='foobar' WHERE id=9166745
	Update on sbtest5  (cost=0.43..8.45 rows=0 width=0)
	  ->  Index Scan using sbtest5_pkey on sbtest5  (cost=0.43..8.45 rows=1 width=490)
	        Index Cond: (id = 9166745)

table 6 : explain UPDATE sbtest6 SET c='foobar' WHERE id=2784026
	Update on sbtest6  (cost=0.43..8.45 rows=0 width=0)
	  ->  Index Scan using sbtest6_pkey on sbtest6  (cost=0.43..8.45 rows=1 width=490)
	        Index Cond: (id = 2784026)

table 7 : explain UPDATE sbtest7 SET c='foobar' WHERE id=2492097
	Update on sbtest7  (cost=0.43..8.45 rows=0 width=0)
	  ->  Index Scan using sbtest7_pkey on sbtest7  (cost=0.43..8.45 rows=1 width=490)
	        Index Cond: (id = 2492097)

table 8 : explain UPDATE sbtest8 SET c='foobar' WHERE id=8038223
	Update on sbtest8  (cost=0.43..8.45 rows=0 width=0)
	  ->  Index Scan using sbtest8_pkey on sbtest8  (cost=0.43..8.45 rows=1 width=490)
	        Index Cond: (id = 8038223)

explain: for non_index_updates :: explain UPDATE sbtest%u SET c='foobar' WHERE id=%u
for inserts
table 1 : explain INSERT INTO sbtest1 (id, k, c, pad) VALUES (7404303, 13, 'foobar', 'foobar')
	Insert on sbtest1  (cost=0.00..0.01 rows=0 width=0)
	  ->  Result  (cost=0.00..0.01 rows=1 width=736)

table 2 : explain INSERT INTO sbtest2 (id, k, c, pad) VALUES (207612, 13, 'foobar', 'foobar')
	Insert on sbtest2  (cost=0.00..0.01 rows=0 width=0)
	  ->  Result  (cost=0.00..0.01 rows=1 width=736)

table 3 : explain INSERT INTO sbtest3 (id, k, c, pad) VALUES (6601952, 13, 'foobar', 'foobar')
	Insert on sbtest3  (cost=0.00..0.01 rows=0 width=0)
	  ->  Result  (cost=0.00..0.01 rows=1 width=736)

table 4 : explain INSERT INTO sbtest4 (id, k, c, pad) VALUES (4270781, 13, 'foobar', 'foobar')
	Insert on sbtest4  (cost=0.00..0.01 rows=0 width=0)
	  ->  Result  (cost=0.00..0.01 rows=1 width=736)

table 5 : explain INSERT INTO sbtest5 (id, k, c, pad) VALUES (6835793, 13, 'foobar', 'foobar')
	Insert on sbtest5  (cost=0.00..0.01 rows=0 width=0)
	  ->  Result  (cost=0.00..0.01 rows=1 width=736)

table 6 : explain INSERT INTO sbtest6 (id, k, c, pad) VALUES (8472660, 13, 'foobar', 'foobar')
	Insert on sbtest6  (cost=0.00..0.01 rows=0 width=0)
	  ->  Result  (cost=0.00..0.01 rows=1 width=736)

table 7 : explain INSERT INTO sbtest7 (id, k, c, pad) VALUES (9129129, 13, 'foobar', 'foobar')
	Insert on sbtest7  (cost=0.00..0.01 rows=0 width=0)
	  ->  Result  (cost=0.00..0.01 rows=1 width=736)

table 8 : explain INSERT INTO sbtest8 (id, k, c, pad) VALUES (1142085, 13, 'foobar', 'foobar')
	Insert on sbtest8  (cost=0.00..0.01 rows=0 width=0)
	  ->  Result  (cost=0.00..0.01 rows=1 width=736)

for non_index_updates
table 1 : explain UPDATE sbtest1 SET c='foobar' WHERE id=4568944
	Update on sbtest1  (cost=0.43..8.45 rows=0 width=0)
	  ->  Index Scan using sbtest1_pkey on sbtest1  (cost=0.43..8.45 rows=1 width=490)
	        Index Cond: (id = 4568944)

table 2 : explain UPDATE sbtest2 SET c='foobar' WHERE id=2041474
	Update on sbtest2  (cost=0.43..8.45 rows=0 width=0)
	  ->  Index Scan using sbtest2_pkey on sbtest2  (cost=0.43..8.45 rows=1 width=490)
	        Index Cond: (id = 2041474)

table 3 : explain UPDATE sbtest3 SET c='foobar' WHERE id=4488880
	Update on sbtest3  (cost=0.43..8.45 rows=0 width=0)
	  ->  Index Scan using sbtest3_pkey on sbtest3  (cost=0.43..8.45 rows=1 width=490)
	        Index Cond: (id = 4488880)

table 4 : explain UPDATE sbtest4 SET c='foobar' WHERE id=3134745
	Update on sbtest4  (cost=0.43..8.45 rows=0 width=0)
	  ->  Index Scan using sbtest4_pkey on sbtest4  (cost=0.43..8.45 rows=1 width=490)
	        Index Cond: (id = 3134745)

table 5 : explain UPDATE sbtest5 SET c='foobar' WHERE id=2105124
	Update on sbtest5  (cost=0.43..8.45 rows=0 width=0)
	  ->  Index Scan using sbtest5_pkey on sbtest5  (cost=0.43..8.45 rows=1 width=490)
	        Index Cond: (id = 2105124)

table 6 : explain UPDATE sbtest6 SET c='foobar' WHERE id=4509198
	Update on sbtest6  (cost=0.43..8.45 rows=0 width=0)
	  ->  Index Scan using sbtest6_pkey on sbtest6  (cost=0.43..8.45 rows=1 width=490)
	        Index Cond: (id = 4509198)

table 7 : explain UPDATE sbtest7 SET c='foobar' WHERE id=4525919
	Update on sbtest7  (cost=0.43..8.45 rows=0 width=0)
	  ->  Index Scan using sbtest7_pkey on sbtest7  (cost=0.43..8.45 rows=1 width=490)
	        Index Cond: (id = 4525919)

table 8 : explain UPDATE sbtest8 SET c='foobar' WHERE id=6934007
	Update on sbtest8  (cost=0.43..8.45 rows=0 width=0)
	  ->  Index Scan using sbtest8_pkey on sbtest8  (cost=0.43..8.45 rows=1 width=490)
	        Index Cond: (id = 6934007)

for: distinct_ranges
table 1 : explain SELECT DISTINCT c FROM sbtest1 WHERE id BETWEEN 7524634 AND 7524643 ORDER BY c
	Unique  (cost=39.76..39.81 rows=10 width=121)
	  ->  Sort  (cost=39.76..39.78 rows=10 width=121)
	        Sort Key: c
	        ->  Index Scan using sbtest1_pkey on sbtest1  (cost=0.43..39.59 rows=10 width=121)
	              Index Cond: ((id >= 7524634) AND (id <= 7524643))

table 2 : explain SELECT DISTINCT c FROM sbtest2 WHERE id BETWEEN 8190276 AND 8190285 ORDER BY c
	Unique  (cost=39.64..39.69 rows=10 width=121)
	  ->  Sort  (cost=39.64..39.67 rows=10 width=121)
	        Sort Key: c
	        ->  Index Scan using sbtest2_pkey on sbtest2  (cost=0.43..39.48 rows=10 width=121)
	              Index Cond: ((id >= 8190276) AND (id <= 8190285))

table 3 : explain SELECT DISTINCT c FROM sbtest3 WHERE id BETWEEN 4464936 AND 4464945 ORDER BY c
	Unique  (cost=39.37..39.42 rows=10 width=121)
	  ->  Sort  (cost=39.37..39.40 rows=10 width=121)
	        Sort Key: c
	        ->  Index Scan using sbtest3_pkey on sbtest3  (cost=0.43..39.21 rows=10 width=121)
	              Index Cond: ((id >= 4464936) AND (id <= 4464945))

table 4 : explain SELECT DISTINCT c FROM sbtest4 WHERE id BETWEEN 2420112 AND 2420121 ORDER BY c
	Unique  (cost=39.52..39.57 rows=10 width=121)
	  ->  Sort  (cost=39.52..39.54 rows=10 width=121)
	        Sort Key: c
	        ->  Index Scan using sbtest4_pkey on sbtest4  (cost=0.43..39.35 rows=10 width=121)
	              Index Cond: ((id >= 2420112) AND (id <= 2420121))

table 5 : explain SELECT DISTINCT c FROM sbtest5 WHERE id BETWEEN 5930904 AND 5930913 ORDER BY c
	Unique  (cost=39.68..39.73 rows=10 width=121)
	  ->  Sort  (cost=39.68..39.70 rows=10 width=121)
	        Sort Key: c
	        ->  Index Scan using sbtest5_pkey on sbtest5  (cost=0.43..39.51 rows=10 width=121)
	              Index Cond: ((id >= 5930904) AND (id <= 5930913))

table 6 : explain SELECT DISTINCT c FROM sbtest6 WHERE id BETWEEN 253726 AND 253735 ORDER BY c
	Unique  (cost=36.08..36.13 rows=9 width=121)
	  ->  Sort  (cost=36.08..36.10 rows=9 width=121)
	        Sort Key: c
	        ->  Index Scan using sbtest6_pkey on sbtest6  (cost=0.43..35.94 rows=9 width=121)
	              Index Cond: ((id >= 253726) AND (id <= 253735))

table 7 : explain SELECT DISTINCT c FROM sbtest7 WHERE id BETWEEN 7381104 AND 7381113 ORDER BY c
	Unique  (cost=36.04..36.08 rows=9 width=121)
	  ->  Sort  (cost=36.04..36.06 rows=9 width=121)
	        Sort Key: c
	        ->  Index Scan using sbtest7_pkey on sbtest7  (cost=0.43..35.90 rows=9 width=121)
	              Index Cond: ((id >= 7381104) AND (id <= 7381113))

table 8 : explain SELECT DISTINCT c FROM sbtest8 WHERE id BETWEEN 622919 AND 622928 ORDER BY c
	Unique  (cost=39.27..39.32 rows=10 width=121)
	  ->  Sort  (cost=39.27..39.30 rows=10 width=121)
	        Sort Key: c
	        ->  Index Scan using sbtest8_pkey on sbtest8  (cost=0.43..39.11 rows=10 width=121)
	              Index Cond: ((id >= 622919) AND (id <= 622928))

for non_index_updates
table 1 : explain UPDATE sbtest1 SET c='foobar' WHERE id=9160064
	Update on sbtest1  (cost=0.43..8.45 rows=0 width=0)
	  ->  Index Scan using sbtest1_pkey on sbtest1  (cost=0.43..8.45 rows=1 width=490)
	        Index Cond: (id = 9160064)

table 2 : explain UPDATE sbtest2 SET c='foobar' WHERE id=5168429
	Update on sbtest2  (cost=0.43..8.45 rows=0 width=0)
	  ->  Index Scan using sbtest2_pkey on sbtest2  (cost=0.43..8.45 rows=1 width=490)
	        Index Cond: (id = 5168429)

table 3 : explain UPDATE sbtest3 SET c='foobar' WHERE id=4768286
	Update on sbtest3  (cost=0.43..8.45 rows=0 width=0)
	  ->  Index Scan using sbtest3_pkey on sbtest3  (cost=0.43..8.45 rows=1 width=490)
	        Index Cond: (id = 4768286)

table 4 : explain UPDATE sbtest4 SET c='foobar' WHERE id=397838
	Update on sbtest4  (cost=0.43..8.45 rows=0 width=0)
	  ->  Index Scan using sbtest4_pkey on sbtest4  (cost=0.43..8.45 rows=1 width=490)
	        Index Cond: (id = 397838)

table 5 : explain UPDATE sbtest5 SET c='foobar' WHERE id=5619406
	Update on sbtest5  (cost=0.43..8.45 rows=0 width=0)
	  ->  Index Scan using sbtest5_pkey on sbtest5  (cost=0.43..8.45 rows=1 width=490)
	        Index Cond: (id = 5619406)

table 6 : explain UPDATE sbtest6 SET c='foobar' WHERE id=2546900
	Update on sbtest6  (cost=0.43..8.45 rows=0 width=0)
	  ->  Index Scan using sbtest6_pkey on sbtest6  (cost=0.43..8.45 rows=1 width=490)
	        Index Cond: (id = 2546900)

table 7 : explain UPDATE sbtest7 SET c='foobar' WHERE id=8825554
	Update on sbtest7  (cost=0.43..8.45 rows=0 width=0)
	  ->  Index Scan using sbtest7_pkey on sbtest7  (cost=0.43..8.45 rows=1 width=490)
	        Index Cond: (id = 8825554)

table 8 : explain UPDATE sbtest8 SET c='foobar' WHERE id=2523057
	Update on sbtest8  (cost=0.43..8.45 rows=0 width=0)
	  ->  Index Scan using sbtest8_pkey on sbtest8  (cost=0.43..8.45 rows=1 width=490)
	        Index Cond: (id = 2523057)

explain: for deletes :: explain DELETE FROM sbtest%u WHERE id=%u
explain: for deletes :: explain DELETE FROM sbtest%u WHERE id=%u
for inserts
table 1 : explain INSERT INTO sbtest1 (id, k, c, pad) VALUES (1411880, 13, 'foobar', 'foobar')
	Insert on sbtest1  (cost=0.00..0.01 rows=0 width=0)
	  ->  Result  (cost=0.00..0.01 rows=1 width=736)

table 2 : explain INSERT INTO sbtest2 (id, k, c, pad) VALUES (1646424, 13, 'foobar', 'foobar')
	Insert on sbtest2  (cost=0.00..0.01 rows=0 width=0)
	  ->  Result  (cost=0.00..0.01 rows=1 width=736)

table 3 : explain INSERT INTO sbtest3 (id, k, c, pad) VALUES (5564247, 13, 'foobar', 'foobar')
	Insert on sbtest3  (cost=0.00..0.01 rows=0 width=0)
	  ->  Result  (cost=0.00..0.01 rows=1 width=736)

table 4 : explain INSERT INTO sbtest4 (id, k, c, pad) VALUES (8375627, 13, 'foobar', 'foobar')
	Insert on sbtest4  (cost=0.00..0.01 rows=0 width=0)
	  ->  Result  (cost=0.00..0.01 rows=1 width=736)

table 5 : explain INSERT INTO sbtest5 (id, k, c, pad) VALUES (2831565, 13, 'foobar', 'foobar')
	Insert on sbtest5  (cost=0.00..0.01 rows=0 width=0)
	  ->  Result  (cost=0.00..0.01 rows=1 width=736)

table 6 : explain INSERT INTO sbtest6 (id, k, c, pad) VALUES (748821, 13, 'foobar', 'foobar')
	Insert on sbtest6  (cost=0.00..0.01 rows=0 width=0)
	  ->  Result  (cost=0.00..0.01 rows=1 width=736)

table 7 : explain INSERT INTO sbtest7 (id, k, c, pad) VALUES (6791939, 13, 'foobar', 'foobar')
	Insert on sbtest7  (cost=0.00..0.01 rows=0 width=0)
	  ->  Result  (cost=0.00..0.01 rows=1 width=736)

table 8 : explain INSERT INTO sbtest8 (id, k, c, pad) VALUES (9428933, 13, 'foobar', 'foobar')
	Insert on sbtest8  (cost=0.00..0.01 rows=0 width=0)
	  ->  Result  (cost=0.00..0.01 rows=1 width=736)
for non_index_updates
table 1 : explain UPDATE sbtest1 SET c='foobar' WHERE id=9803763
	Update on sbtest1  (cost=0.43..8.45 rows=0 width=0)
	  ->  Index Scan using sbtest1_pkey on sbtest1  (cost=0.43..8.45 rows=1 width=490)
	        Index Cond: (id = 9803763)

table 2 : explain UPDATE sbtest2 SET c='foobar' WHERE id=247075
	Update on sbtest2  (cost=0.43..8.45 rows=0 width=0)
	  ->  Index Scan using sbtest2_pkey on sbtest2  (cost=0.43..8.45 rows=1 width=490)
	        Index Cond: (id = 247075)

table 3 : explain UPDATE sbtest3 SET c='foobar' WHERE id=3902024
	Update on sbtest3  (cost=0.43..8.45 rows=0 width=0)
	  ->  Index Scan using sbtest3_pkey on sbtest3  (cost=0.43..8.45 rows=1 width=490)
	        Index Cond: (id = 3902024)

table 4 : explain UPDATE sbtest4 SET c='foobar' WHERE id=4287343
	Update on sbtest4  (cost=0.43..8.45 rows=0 width=0)
	  ->  Index Scan using sbtest4_pkey on sbtest4  (cost=0.43..8.45 rows=1 width=490)
	        Index Cond: (id = 4287343)

table 5 : explain UPDATE sbtest5 SET c='foobar' WHERE id=1156733
	Update on sbtest5  (cost=0.43..8.45 rows=0 width=0)
	  ->  Index Scan using sbtest5_pkey on sbtest5  (cost=0.43..8.45 rows=1 width=490)
	        Index Cond: (id = 1156733)

table 6 : explain UPDATE sbtest6 SET c='foobar' WHERE id=8068180
	Update on sbtest6  (cost=0.43..8.45 rows=0 width=0)
	  ->  Index Scan using sbtest6_pkey on sbtest6  (cost=0.43..8.45 rows=1 width=490)
	        Index Cond: (id = 8068180)

table 7 : explain UPDATE sbtest7 SET c='foobar' WHERE id=4499531
	Update on sbtest7  (cost=0.43..8.45 rows=0 width=0)
	  ->  Index Scan using sbtest7_pkey on sbtest7  (cost=0.43..8.45 rows=1 width=490)
	        Index Cond: (id = 4499531)

table 8 : explain UPDATE sbtest8 SET c='foobar' WHERE id=5819681
	Update on sbtest8  (cost=0.43..8.45 rows=0 width=0)
	  ->  Index Scan using sbtest8_pkey on sbtest8  (cost=0.43..8.45 rows=1 width=490)
	        Index Cond: (id = 5819681)


for: distinct_ranges
table 1 : explain SELECT DISTINCT c FROM sbtest1 WHERE id BETWEEN 1006356 AND 1006365 ORDER BY c
	Unique  (cost=39.76..39.81 rows=10 width=121)
	  ->  Sort  (cost=39.76..39.78 rows=10 width=121)
	        Sort Key: c
	        ->  Index Scan using sbtest1_pkey on sbtest1  (cost=0.43..39.59 rows=10 width=121)
	              Index Cond: ((id >= 1006356) AND (id <= 1006365))

table 2 : explain SELECT DISTINCT c FROM sbtest2 WHERE id BETWEEN 8453214 AND 8453223 ORDER BY c
	Unique  (cost=46.58..46.64 rows=12 width=121)
	  ->  Sort  (cost=46.58..46.61 rows=12 width=121)
	        Sort Key: c
	        ->  Index Scan using sbtest2_pkey on sbtest2  (cost=0.43..46.37 rows=12 width=121)
	              Index Cond: ((id >= 8453214) AND (id <= 8453223))

table 3 : explain SELECT DISTINCT c FROM sbtest3 WHERE id BETWEEN 1839544 AND 1839553 ORDER BY c
	Unique  (cost=35.93..35.98 rows=9 width=121)
	  ->  Sort  (cost=35.93..35.95 rows=9 width=121)
	        Sort Key: c
	        ->  Index Scan using sbtest3_pkey on sbtest3  (cost=0.43..35.79 rows=9 width=121)
	              Index Cond: ((id >= 1839544) AND (id <= 1839553))

table 4 : explain SELECT DISTINCT c FROM sbtest4 WHERE id BETWEEN 4954462 AND 4954471 ORDER BY c
	Unique  (cost=39.52..39.57 rows=10 width=121)
	  ->  Sort  (cost=39.52..39.54 rows=10 width=121)
	        Sort Key: c
	        ->  Index Scan using sbtest4_pkey on sbtest4  (cost=0.43..39.35 rows=10 width=121)
	              Index Cond: ((id >= 4954462) AND (id <= 4954471))

table 5 : explain SELECT DISTINCT c FROM sbtest5 WHERE id BETWEEN 3401321 AND 3401330 ORDER BY c
	Unique  (cost=39.68..39.73 rows=10 width=121)
	  ->  Sort  (cost=39.68..39.70 rows=10 width=121)
	        Sort Key: c
	        ->  Index Scan using sbtest5_pkey on sbtest5  (cost=0.43..39.51 rows=10 width=121)
	              Index Cond: ((id >= 3401321) AND (id <= 3401330))

table 6 : explain SELECT DISTINCT c FROM sbtest6 WHERE id BETWEEN 1638714 AND 1638723 ORDER BY c
	Unique  (cost=39.54..39.59 rows=10 width=121)
	  ->  Sort  (cost=39.54..39.57 rows=10 width=121)
	        Sort Key: c
	        ->  Index Scan using sbtest6_pkey on sbtest6  (cost=0.43..39.37 rows=10 width=121)
	              Index Cond: ((id >= 1638714) AND (id <= 1638723))

table 7 : explain SELECT DISTINCT c FROM sbtest7 WHERE id BETWEEN 8921355 AND 8921364 ORDER BY c
	Unique  (cost=42.95..43.00 rows=11 width=121)
	  ->  Sort  (cost=42.95..42.97 rows=11 width=121)
	        Sort Key: c
	        ->  Index Scan using sbtest7_pkey on sbtest7  (cost=0.43..42.76 rows=11 width=121)
	              Index Cond: ((id >= 8921355) AND (id <= 8921364))

table 8 : explain SELECT DISTINCT c FROM sbtest8 WHERE id BETWEEN 1710400 AND 1710409 ORDER BY c
	Unique  (cost=35.84..35.89 rows=9 width=121)
	  ->  Sort  (cost=35.84..35.87 rows=9 width=121)
	        Sort Key: c
	        ->  Index Scan using sbtest8_pkey on sbtest8  (cost=0.43..35.70 rows=9 width=121)
	              Index Cond: ((id >= 1710400) AND (id <= 1710409))

explain: for deletes :: explain DELETE FROM sbtest%u WHERE id=%u
explain: for deletes :: explain DELETE FROM sbtest%u WHERE id=%u
explain: for inserts :: explain INSERT INTO sbtest%u (id, k, c, pad) VALUES (%u, 13, 'foobar', 'foobar')
for non_index_updates
table 1 : explain UPDATE sbtest1 SET c='foobar' WHERE id=7905027
	Update on sbtest1  (cost=0.43..8.45 rows=0 width=0)
	  ->  Index Scan using sbtest1_pkey on sbtest1  (cost=0.43..8.45 rows=1 width=490)
	        Index Cond: (id = 7905027)

table 2 : explain UPDATE sbtest2 SET c='foobar' WHERE id=553227
	Update on sbtest2  (cost=0.43..8.45 rows=0 width=0)
	  ->  Index Scan using sbtest2_pkey on sbtest2  (cost=0.43..8.45 rows=1 width=490)
	        Index Cond: (id = 553227)

table 3 : explain UPDATE sbtest3 SET c='foobar' WHERE id=6707734
	Update on sbtest3  (cost=0.43..8.45 rows=0 width=0)
	  ->  Index Scan using sbtest3_pkey on sbtest3  (cost=0.43..8.45 rows=1 width=490)
	        Index Cond: (id = 6707734)

table 4 : explain UPDATE sbtest4 SET c='foobar' WHERE id=7679677
	Update on sbtest4  (cost=0.43..8.45 rows=0 width=0)
	  ->  Index Scan using sbtest4_pkey on sbtest4  (cost=0.43..8.45 rows=1 width=490)
	        Index Cond: (id = 7679677)

table 5 : explain UPDATE sbtest5 SET c='foobar' WHERE id=5707720
	Update on sbtest5  (cost=0.43..8.45 rows=0 width=0)
	  ->  Index Scan using sbtest5_pkey on sbtest5  (cost=0.43..8.45 rows=1 width=490)
	        Index Cond: (id = 5707720)

table 6 : explain UPDATE sbtest6 SET c='foobar' WHERE id=2167532
	Update on sbtest6  (cost=0.43..8.45 rows=0 width=0)
	  ->  Index Scan using sbtest6_pkey on sbtest6  (cost=0.43..8.45 rows=1 width=490)
	        Index Cond: (id = 2167532)

table 7 : explain UPDATE sbtest7 SET c='foobar' WHERE id=9340040
	Update on sbtest7  (cost=0.43..8.45 rows=0 width=0)
	  ->  Index Scan using sbtest7_pkey on sbtest7  (cost=0.43..8.45 rows=1 width=490)
	        Index Cond: (id = 9340040)

table 8 : explain UPDATE sbtest8 SET c='foobar' WHERE id=3858214
	Update on sbtest8  (cost=0.43..8.45 rows=0 width=0)
	  ->  Index Scan using sbtest8_pkey on sbtest8  (cost=0.43..8.45 rows=1 width=490)
	        Index Cond: (id = 3858214)

explain: for index_updates :: explain UPDATE sbtest%u SET k=k+1 WHERE id=%u
for: distinct_ranges
table 1 : explain SELECT DISTINCT c FROM sbtest1 WHERE id BETWEEN 1654463 AND 1654472 ORDER BY c
	Unique  (cost=39.76..39.81 rows=10 width=121)
	  ->  Sort  (cost=39.76..39.78 rows=10 width=121)
	        Sort Key: c
	        ->  Index Scan using sbtest1_pkey on sbtest1  (cost=0.43..39.59 rows=10 width=121)
	              Index Cond: ((id >= 1654463) AND (id <= 1654472))

table 2 : explain SELECT DISTINCT c FROM sbtest2 WHERE id BETWEEN 1481743 AND 1481752 ORDER BY c
	Unique  (cost=39.64..39.69 rows=10 width=121)
	  ->  Sort  (cost=39.64..39.67 rows=10 width=121)
	        Sort Key: c
	        ->  Index Scan using sbtest2_pkey on sbtest2  (cost=0.43..39.48 rows=10 width=121)
	              Index Cond: ((id >= 1481743) AND (id <= 1481752))

table 3 : explain SELECT DISTINCT c FROM sbtest3 WHERE id BETWEEN 6224922 AND 6224931 ORDER BY c
	Unique  (cost=39.37..39.42 rows=10 width=121)
	  ->  Sort  (cost=39.37..39.40 rows=10 width=121)
	        Sort Key: c
	        ->  Index Scan using sbtest3_pkey on sbtest3  (cost=0.43..39.21 rows=10 width=121)
	              Index Cond: ((id >= 6224922) AND (id <= 6224931))

table 4 : explain SELECT DISTINCT c FROM sbtest4 WHERE id BETWEEN 7139550 AND 7139559 ORDER BY c
	Unique  (cost=42.98..43.03 rows=11 width=121)
	  ->  Sort  (cost=42.98..43.00 rows=11 width=121)
	        Sort Key: c
	        ->  Index Scan using sbtest4_pkey on sbtest4  (cost=0.43..42.79 rows=11 width=121)
	              Index Cond: ((id >= 7139550) AND (id <= 7139559))

table 5 : explain SELECT DISTINCT c FROM sbtest5 WHERE id BETWEEN 6328097 AND 6328106 ORDER BY c
	Unique  (cost=36.20..36.25 rows=9 width=121)
	  ->  Sort  (cost=36.20..36.22 rows=9 width=121)
	        Sort Key: c
	        ->  Index Scan using sbtest5_pkey on sbtest5  (cost=0.43..36.06 rows=9 width=121)
	              Index Cond: ((id >= 6328097) AND (id <= 6328106))

table 6 : explain SELECT DISTINCT c FROM sbtest6 WHERE id BETWEEN 826050 AND 826059 ORDER BY c
	Unique  (cost=39.54..39.59 rows=10 width=121)
	  ->  Sort  (cost=39.54..39.57 rows=10 width=121)
	        Sort Key: c
	        ->  Index Scan using sbtest6_pkey on sbtest6  (cost=0.43..39.37 rows=10 width=121)
	              Index Cond: ((id >= 826050) AND (id <= 826059))

table 7 : explain SELECT DISTINCT c FROM sbtest7 WHERE id BETWEEN 3599578 AND 3599587 ORDER BY c
	Unique  (cost=46.40..46.46 rows=12 width=121)
	  ->  Sort  (cost=46.40..46.43 rows=12 width=121)
	        Sort Key: c
	        ->  Index Scan using sbtest7_pkey on sbtest7  (cost=0.43..46.19 rows=12 width=121)
	              Index Cond: ((id >= 3599578) AND (id <= 3599587))

table 8 : explain SELECT DISTINCT c FROM sbtest8 WHERE id BETWEEN 1255839 AND 1255848 ORDER BY c
	Unique  (cost=35.84..35.89 rows=9 width=121)
	  ->  Sort  (cost=35.84..35.87 rows=9 width=121)
	        Sort Key: c
	        ->  Index Scan using sbtest8_pkey on sbtest8  (cost=0.43..35.70 rows=9 width=121)
	              Index Cond: ((id >= 1255839) AND (id <= 1255848))
for: distinct_ranges
table 1 : explain SELECT DISTINCT c FROM sbtest1 WHERE id BETWEEN 9141329 AND 9141338 ORDER BY c
	Unique  (cost=39.76..39.81 rows=10 width=121)
	  ->  Sort  (cost=39.76..39.78 rows=10 width=121)
	        Sort Key: c
	        ->  Index Scan using sbtest1_pkey on sbtest1  (cost=0.43..39.59 rows=10 width=121)
	              Index Cond: ((id >= 9141329) AND (id <= 9141338))

table 2 : explain SELECT DISTINCT c FROM sbtest2 WHERE id BETWEEN 6579443 AND 6579452 ORDER BY c
	Unique  (cost=39.64..39.69 rows=10 width=121)
	  ->  Sort  (cost=39.64..39.67 rows=10 width=121)
	        Sort Key: c
	        ->  Index Scan using sbtest2_pkey on sbtest2  (cost=0.43..39.48 rows=10 width=121)
	              Index Cond: ((id >= 6579443) AND (id <= 6579452))

table 3 : explain SELECT DISTINCT c FROM sbtest3 WHERE id BETWEEN 4438488 AND 4438497 ORDER BY c
	Unique  (cost=39.37..39.42 rows=10 width=121)
	  ->  Sort  (cost=39.37..39.40 rows=10 width=121)
	        Sort Key: c
	        ->  Index Scan using sbtest3_pkey on sbtest3  (cost=0.43..39.21 rows=10 width=121)
	              Index Cond: ((id >= 4438488) AND (id <= 4438497))

table 4 : explain SELECT DISTINCT c FROM sbtest4 WHERE id BETWEEN 8140460 AND 8140469 ORDER BY c
	Unique  (cost=39.52..39.57 rows=10 width=121)
	  ->  Sort  (cost=39.52..39.54 rows=10 width=121)
	        Sort Key: c
	        ->  Index Scan using sbtest4_pkey on sbtest4  (cost=0.43..39.35 rows=10 width=121)
	              Index Cond: ((id >= 8140460) AND (id <= 8140469))

table 5 : explain SELECT DISTINCT c FROM sbtest5 WHERE id BETWEEN 440817 AND 440826 ORDER BY c
	Unique  (cost=36.20..36.25 rows=9 width=121)
	  ->  Sort  (cost=36.20..36.22 rows=9 width=121)
	        Sort Key: c
	        ->  Index Scan using sbtest5_pkey on sbtest5  (cost=0.43..36.06 rows=9 width=121)
	              Index Cond: ((id >= 440817) AND (id <= 440826))

table 6 : explain SELECT DISTINCT c FROM sbtest6 WHERE id BETWEEN 3135309 AND 3135318 ORDER BY c
	Unique  (cost=43.00..43.05 rows=11 width=121)
	  ->  Sort  (cost=43.00..43.03 rows=11 width=121)
	        Sort Key: c
	        ->  Index Scan using sbtest6_pkey on sbtest6  (cost=0.43..42.81 rows=11 width=121)
	              Index Cond: ((id >= 3135309) AND (id <= 3135318))

table 7 : explain SELECT DISTINCT c FROM sbtest7 WHERE id BETWEEN 9643105 AND 9643114 ORDER BY c
	Unique  (cost=39.49..39.54 rows=10 width=121)
	  ->  Sort  (cost=39.49..39.52 rows=10 width=121)
	        Sort Key: c
	        ->  Index Scan using sbtest7_pkey on sbtest7  (cost=0.43..39.33 rows=10 width=121)
	              Index Cond: ((id >= 9643105) AND (id <= 9643114))

table 8 : explain SELECT DISTINCT c FROM sbtest8 WHERE id BETWEEN 8270223 AND 8270232 ORDER BY c
	Unique  (cost=39.27..39.32 rows=10 width=121)
	  ->  Sort  (cost=39.27..39.30 rows=10 width=121)
	        Sort Key: c
	        ->  Index Scan using sbtest8_pkey on sbtest8  (cost=0.43..39.11 rows=10 width=121)
	              Index Cond: ((id >= 8270223) AND (id <= 8270232))


for: order_ranges
table 1 : explain SELECT c FROM sbtest1 WHERE id BETWEEN 9957646 AND 9957655 ORDER BY c
	Sort  (cost=39.76..39.78 rows=10 width=121)
	  Sort Key: c
	  ->  Index Scan using sbtest1_pkey on sbtest1  (cost=0.43..39.59 rows=10 width=121)
	        Index Cond: ((id >= 9957646) AND (id <= 9957655))

table 2 : explain SELECT c FROM sbtest2 WHERE id BETWEEN 7108464 AND 7108473 ORDER BY c
	Sort  (cost=39.64..39.67 rows=10 width=121)
	  Sort Key: c
	  ->  Index Scan using sbtest2_pkey on sbtest2  (cost=0.43..39.48 rows=10 width=121)
	        Index Cond: ((id >= 7108464) AND (id <= 7108473))

table 3 : explain SELECT c FROM sbtest3 WHERE id BETWEEN 5633248 AND 5633257 ORDER BY c
	Sort  (cost=39.37..39.40 rows=10 width=121)
	  Sort Key: c
	  ->  Index Scan using sbtest3_pkey on sbtest3  (cost=0.43..39.21 rows=10 width=121)
	        Index Cond: ((id >= 5633248) AND (id <= 5633257))

table 4 : explain SELECT c FROM sbtest4 WHERE id BETWEEN 748135 AND 748144 ORDER BY c
	Sort  (cost=39.52..39.54 rows=10 width=121)
	  Sort Key: c
	  ->  Index Scan using sbtest4_pkey on sbtest4  (cost=0.43..39.35 rows=10 width=121)
	        Index Cond: ((id >= 748135) AND (id <= 748144))

table 5 : explain SELECT c FROM sbtest5 WHERE id BETWEEN 2665527 AND 2665536 ORDER BY c
	Sort  (cost=39.68..39.70 rows=10 width=121)
	  Sort Key: c
	  ->  Index Scan using sbtest5_pkey on sbtest5  (cost=0.43..39.51 rows=10 width=121)
	        Index Cond: ((id >= 2665527) AND (id <= 2665536))

table 6 : explain SELECT c FROM sbtest6 WHERE id BETWEEN 59297 AND 59306 ORDER BY c
	Sort  (cost=39.54..39.57 rows=10 width=121)
	  Sort Key: c
	  ->  Index Scan using sbtest6_pkey on sbtest6  (cost=0.43..39.37 rows=10 width=121)
	        Index Cond: ((id >= 59297) AND (id <= 59306))

table 7 : explain SELECT c FROM sbtest7 WHERE id BETWEEN 219425 AND 219434 ORDER BY c
	Sort  (cost=36.04..36.06 rows=9 width=121)
	  Sort Key: c
	  ->  Index Scan using sbtest7_pkey on sbtest7  (cost=0.43..35.90 rows=9 width=121)
	        Index Cond: ((id >= 219425) AND (id <= 219434))

table 8 : explain SELECT c FROM sbtest8 WHERE id BETWEEN 9604680 AND 9604689 ORDER BY c
	Sort  (cost=39.27..39.30 rows=10 width=121)
	  Sort Key: c
	  ->  Index Scan using sbtest8_pkey on sbtest8  (cost=0.43..39.11 rows=10 width=121)
	        Index Cond: ((id >= 9604680) AND (id <= 9604689))

explain: for deletes :: explain DELETE FROM sbtest%u WHERE id=%u
for non_index_updates
table 1 : explain UPDATE sbtest1 SET c='foobar' WHERE id=1344190
	Update on sbtest1  (cost=0.43..8.45 rows=0 width=0)
	  ->  Index Scan using sbtest1_pkey on sbtest1  (cost=0.43..8.45 rows=1 width=490)
	        Index Cond: (id = 1344190)

table 2 : explain UPDATE sbtest2 SET c='foobar' WHERE id=3278058
	Update on sbtest2  (cost=0.43..8.45 rows=0 width=0)
	  ->  Index Scan using sbtest2_pkey on sbtest2  (cost=0.43..8.45 rows=1 width=490)
	        Index Cond: (id = 3278058)

table 3 : explain UPDATE sbtest3 SET c='foobar' WHERE id=2310193
	Update on sbtest3  (cost=0.43..8.45 rows=0 width=0)
	  ->  Index Scan using sbtest3_pkey on sbtest3  (cost=0.43..8.45 rows=1 width=490)
	        Index Cond: (id = 2310193)

table 4 : explain UPDATE sbtest4 SET c='foobar' WHERE id=3190075
	Update on sbtest4  (cost=0.43..8.45 rows=0 width=0)
	  ->  Index Scan using sbtest4_pkey on sbtest4  (cost=0.43..8.45 rows=1 width=490)
	        Index Cond: (id = 3190075)

table 5 : explain UPDATE sbtest5 SET c='foobar' WHERE id=7889455
	Update on sbtest5  (cost=0.43..8.45 rows=0 width=0)
	  ->  Index Scan using sbtest5_pkey on sbtest5  (cost=0.43..8.45 rows=1 width=490)
	        Index Cond: (id = 7889455)

table 6 : explain UPDATE sbtest6 SET c='foobar' WHERE id=358295
	Update on sbtest6  (cost=0.43..8.45 rows=0 width=0)
	  ->  Index Scan using sbtest6_pkey on sbtest6  (cost=0.43..8.45 rows=1 width=490)
	        Index Cond: (id = 358295)

table 7 : explain UPDATE sbtest7 SET c='foobar' WHERE id=1413757
	Update on sbtest7  (cost=0.43..8.45 rows=0 width=0)
	  ->  Index Scan using sbtest7_pkey on sbtest7  (cost=0.43..8.45 rows=1 width=490)
	        Index Cond: (id = 1413757)

table 8 : explain UPDATE sbtest8 SET c='foobar' WHERE id=5026906
	Update on sbtest8  (cost=0.43..8.45 rows=0 width=0)
	  ->  Index Scan using sbtest8_pkey on sbtest8  (cost=0.43..8.45 rows=1 width=490)
	        Index Cond: (id = 5026906)

for deletes
table 1 : explain DELETE FROM sbtest1 WHERE id=1889417
	Delete on sbtest1  (cost=0.43..8.45 rows=0 width=0)
	  ->  Index Scan using sbtest1_pkey on sbtest1  (cost=0.43..8.45 rows=1 width=6)
	        Index Cond: (id = 1889417)

table 2 : explain DELETE FROM sbtest2 WHERE id=9840763
	Delete on sbtest2  (cost=0.43..8.45 rows=0 width=0)
	  ->  Index Scan using sbtest2_pkey on sbtest2  (cost=0.43..8.45 rows=1 width=6)
	        Index Cond: (id = 9840763)

table 3 : explain DELETE FROM sbtest3 WHERE id=969058
	Delete on sbtest3  (cost=0.43..8.45 rows=0 width=0)
	  ->  Index Scan using sbtest3_pkey on sbtest3  (cost=0.43..8.45 rows=1 width=6)
	        Index Cond: (id = 969058)

table 4 : explain DELETE FROM sbtest4 WHERE id=2177686
	Delete on sbtest4  (cost=0.43..8.45 rows=0 width=0)
	  ->  Index Scan using sbtest4_pkey on sbtest4  (cost=0.43..8.45 rows=1 width=6)
	        Index Cond: (id = 2177686)

table 5 : explain DELETE FROM sbtest5 WHERE id=5422071
	Delete on sbtest5  (cost=0.43..8.45 rows=0 width=0)
	  ->  Index Scan using sbtest5_pkey on sbtest5  (cost=0.43..8.45 rows=1 width=6)
	        Index Cond: (id = 5422071)

table 6 : explain DELETE FROM sbtest6 WHERE id=2120927
	Delete on sbtest6  (cost=0.43..8.45 rows=0 width=0)
	  ->  Index Scan using sbtest6_pkey on sbtest6  (cost=0.43..8.45 rows=1 width=6)
	        Index Cond: (id = 2120927)

table 7 : explain DELETE FROM sbtest7 WHERE id=7722385
	Delete on sbtest7  (cost=0.43..8.45 rows=0 width=0)
	  ->  Index Scan using sbtest7_pkey on sbtest7  (cost=0.43..8.45 rows=1 width=6)
	        Index Cond: (id = 7722385)

table 8 : explain DELETE FROM sbtest8 WHERE id=1039788
	Delete on sbtest8  (cost=0.43..8.45 rows=0 width=0)
	  ->  Index Scan using sbtest8_pkey on sbtest8  (cost=0.43..8.45 rows=1 width=6)
	        Index Cond: (id = 1039788)

explain: for index_updates :: explain UPDATE sbtest%u SET k=k+1 WHERE id=%u
explain: for deletes :: explain DELETE FROM sbtest%u WHERE id=%u
for deletes
table 1 : explain DELETE FROM sbtest1 WHERE id=8432399
	Delete on sbtest1  (cost=0.43..8.45 rows=0 width=0)
	  ->  Index Scan using sbtest1_pkey on sbtest1  (cost=0.43..8.45 rows=1 width=6)
	        Index Cond: (id = 8432399)

table 2 : explain DELETE FROM sbtest2 WHERE id=5722837
	Delete on sbtest2  (cost=0.43..8.45 rows=0 width=0)
	  ->  Index Scan using sbtest2_pkey on sbtest2  (cost=0.43..8.45 rows=1 width=6)
	        Index Cond: (id = 5722837)

table 3 : explain DELETE FROM sbtest3 WHERE id=3782753
	Delete on sbtest3  (cost=0.43..8.45 rows=0 width=0)
	  ->  Index Scan using sbtest3_pkey on sbtest3  (cost=0.43..8.45 rows=1 width=6)
	        Index Cond: (id = 3782753)

table 4 : explain DELETE FROM sbtest4 WHERE id=560838
	Delete on sbtest4  (cost=0.43..8.45 rows=0 width=0)
	  ->  Index Scan using sbtest4_pkey on sbtest4  (cost=0.43..8.45 rows=1 width=6)
	        Index Cond: (id = 560838)

table 5 : explain DELETE FROM sbtest5 WHERE id=2446945
	Delete on sbtest5  (cost=0.43..8.45 rows=0 width=0)
	  ->  Index Scan using sbtest5_pkey on sbtest5  (cost=0.43..8.45 rows=1 width=6)
	        Index Cond: (id = 2446945)

table 6 : explain DELETE FROM sbtest6 WHERE id=6934645
	Delete on sbtest6  (cost=0.43..8.45 rows=0 width=0)
	  ->  Index Scan using sbtest6_pkey on sbtest6  (cost=0.43..8.45 rows=1 width=6)
	        Index Cond: (id = 6934645)

table 7 : explain DELETE FROM sbtest7 WHERE id=7107384
	Delete on sbtest7  (cost=0.43..8.45 rows=0 width=0)
	  ->  Index Scan using sbtest7_pkey on sbtest7  (cost=0.43..8.45 rows=1 width=6)
	        Index Cond: (id = 7107384)

table 8 : explain DELETE FROM sbtest8 WHERE id=8829058
	Delete on sbtest8  (cost=0.43..8.45 rows=0 width=0)
	  ->  Index Scan using sbtest8_pkey on sbtest8  (cost=0.43..8.45 rows=1 width=6)
	        Index Cond: (id = 8829058)

explain: for index_updates :: explain UPDATE sbtest%u SET k=k+1 WHERE id=%u
explain: for deletes :: explain DELETE FROM sbtest%u WHERE id=%u
for deletes
table 1 : explain DELETE FROM sbtest1 WHERE id=7089800
	Delete on sbtest1  (cost=0.43..8.45 rows=0 width=0)
	  ->  Index Scan using sbtest1_pkey on sbtest1  (cost=0.43..8.45 rows=1 width=6)
	        Index Cond: (id = 7089800)

table 2 : explain DELETE FROM sbtest2 WHERE id=981914
	Delete on sbtest2  (cost=0.43..8.45 rows=0 width=0)
	  ->  Index Scan using sbtest2_pkey on sbtest2  (cost=0.43..8.45 rows=1 width=6)
	        Index Cond: (id = 981914)

table 3 : explain DELETE FROM sbtest3 WHERE id=17901
	Delete on sbtest3  (cost=0.43..8.45 rows=0 width=0)
	  ->  Index Scan using sbtest3_pkey on sbtest3  (cost=0.43..8.45 rows=1 width=6)
	        Index Cond: (id = 17901)

table 4 : explain DELETE FROM sbtest4 WHERE id=5684905
	Delete on sbtest4  (cost=0.43..8.45 rows=0 width=0)
	  ->  Index Scan using sbtest4_pkey on sbtest4  (cost=0.43..8.45 rows=1 width=6)
	        Index Cond: (id = 5684905)

table 5 : explain DELETE FROM sbtest5 WHERE id=4940939
	Delete on sbtest5  (cost=0.43..8.45 rows=0 width=0)
	  ->  Index Scan using sbtest5_pkey on sbtest5  (cost=0.43..8.45 rows=1 width=6)
	        Index Cond: (id = 4940939)

table 6 : explain DELETE FROM sbtest6 WHERE id=8616359
	Delete on sbtest6  (cost=0.43..8.45 rows=0 width=0)
	  ->  Index Scan using sbtest6_pkey on sbtest6  (cost=0.43..8.45 rows=1 width=6)
	        Index Cond: (id = 8616359)

table 7 : explain DELETE FROM sbtest7 WHERE id=1149459
	Delete on sbtest7  (cost=0.43..8.45 rows=0 width=0)
	  ->  Index Scan using sbtest7_pkey on sbtest7  (cost=0.43..8.45 rows=1 width=6)
	        Index Cond: (id = 1149459)

table 8 : explain DELETE FROM sbtest8 WHERE id=9192357
	Delete on sbtest8  (cost=0.43..8.45 rows=0 width=0)
	  ->  Index Scan using sbtest8_pkey on sbtest8  (cost=0.43..8.45 rows=1 width=6)
	        Index Cond: (id = 9192357)
explain: for index_updates :: explain UPDATE sbtest%u SET k=k+1 WHERE id=%ufor inserts
table 1 : explain INSERT INTO sbtest1 (id, k, c, pad) VALUES (5026730, 13, 'foobar', 'foobar')
	Insert on sbtest1  (cost=0.00..0.01 rows=0 width=0)
	  ->  Result  (cost=0.00..0.01 rows=1 width=736)

table 2 : explain INSERT INTO sbtest2 (id, k, c, pad) VALUES (3258837, 13, 'foobar', 'foobar')
	Insert on sbtest2  (cost=0.00..0.01 rows=0 width=0)
	  ->  Result  (cost=0.00..0.01 rows=1 width=736)

table 3 : explain INSERT INTO sbtest3 (id, k, c, pad) VALUES (8913237, 13, 'foobar', 'foobar')
	Insert on sbtest3  (cost=0.00..0.01 rows=0 width=0)
	  ->  Result  (cost=0.00..0.01 rows=1 width=736)

table 4 : explain INSERT INTO sbtest4 (id, k, c, pad) VALUES (2380523, 13, 'foobar', 'foobar')
	Insert on sbtest4  (cost=0.00..0.01 rows=0 width=0)
	  ->  Result  (cost=0.00..0.01 rows=1 width=736)

table 5 : explain INSERT INTO sbtest5 (id, k, c, pad) VALUES (2808365, 13, 'foobar', 'foobar')
	Insert on sbtest5  (cost=0.00..0.01 rows=0 width=0)
	  ->  Result  (cost=0.00..0.01 rows=1 width=736)

table 6 : explain INSERT INTO sbtest6 (id, k, c, pad) VALUES (9409281, 13, 'foobar', 'foobar')
	Insert on sbtest6  (cost=0.00..0.01 rows=0 width=0)
	  ->  Result  (cost=0.00..0.01 rows=1 width=736)

table 7 : explain INSERT INTO sbtest7 (id, k, c, pad) VALUES (4046542, 13, 'foobar', 'foobar')
	Insert on sbtest7  (cost=0.00..0.01 rows=0 width=0)
	  ->  Result  (cost=0.00..0.01 rows=1 width=736)

table 8 : explain INSERT INTO sbtest8 (id, k, c, pad) VALUES (1099753, 13, 'foobar', 'foobar')
	Insert on sbtest8  (cost=0.00..0.01 rows=0 width=0)
	  ->  Result  (cost=0.00..0.01 rows=1 width=736)



for deletes
table 1 : explain DELETE FROM sbtest1 WHERE id=885967
	Delete on sbtest1  (cost=0.43..8.45 rows=0 width=0)
	  ->  Index Scan using sbtest1_pkey on sbtest1  (cost=0.43..8.45 rows=1 width=6)
	        Index Cond: (id = 885967)

table 2 : explain DELETE FROM sbtest2 WHERE id=4406421
	Delete on sbtest2  (cost=0.43..8.45 rows=0 width=0)
	  ->  Index Scan using sbtest2_pkey on sbtest2  (cost=0.43..8.45 rows=1 width=6)
	        Index Cond: (id = 4406421)

table 3 : explain DELETE FROM sbtest3 WHERE id=8090779
	Delete on sbtest3  (cost=0.43..8.45 rows=0 width=0)
	  ->  Index Scan using sbtest3_pkey on sbtest3  (cost=0.43..8.45 rows=1 width=6)
	        Index Cond: (id = 8090779)

table 4 : explain DELETE FROM sbtest4 WHERE id=1295838
	Delete on sbtest4  (cost=0.43..8.45 rows=0 width=0)
	  ->  Index Scan using sbtest4_pkey on sbtest4  (cost=0.43..8.45 rows=1 width=6)
	        Index Cond: (id = 1295838)

table 5 : explain DELETE FROM sbtest5 WHERE id=9165739
	Delete on sbtest5  (cost=0.43..8.45 rows=0 width=0)
	  ->  Index Scan using sbtest5_pkey on sbtest5  (cost=0.43..8.45 rows=1 width=6)
	        Index Cond: (id = 9165739)

table 6 : explain DELETE FROM sbtest6 WHERE id=7497987
	Delete on sbtest6  (cost=0.43..8.45 rows=0 width=0)
	  ->  Index Scan using sbtest6_pkey on sbtest6  (cost=0.43..8.45 rows=1 width=6)
	        Index Cond: (id = 7497987)

table 7 : explain DELETE FROM sbtest7 WHERE id=4089576
	Delete on sbtest7  (cost=0.43..8.45 rows=0 width=0)
	  ->  Index Scan using sbtest7_pkey on sbtest7  (cost=0.43..8.45 rows=1 width=6)
	        Index Cond: (id = 4089576)

table 8 : explain DELETE FROM sbtest8 WHERE id=1721219
	Delete on sbtest8  (cost=0.43..8.45 rows=0 width=0)
	  ->  Index Scan using sbtest8_pkey on sbtest8  (cost=0.43..8.45 rows=1 width=6)
	        Index Cond: (id = 1721219)

for deletes
table 1 : explain DELETE FROM sbtest1 WHERE id=7395404
	Delete on sbtest1  (cost=0.43..8.45 rows=0 width=0)
	  ->  Index Scan using sbtest1_pkey on sbtest1  (cost=0.43..8.45 rows=1 width=6)
	        Index Cond: (id = 7395404)

table 2 : explain DELETE FROM sbtest2 WHERE id=7230635
	Delete on sbtest2  (cost=0.43..8.45 rows=0 width=0)
	  ->  Index Scan using sbtest2_pkey on sbtest2  (cost=0.43..8.45 rows=1 width=6)
	        Index Cond: (id = 7230635)

table 3 : explain DELETE FROM sbtest3 WHERE id=2784758
	Delete on sbtest3  (cost=0.43..8.45 rows=0 width=0)
	  ->  Index Scan using sbtest3_pkey on sbtest3  (cost=0.43..8.45 rows=1 width=6)
	        Index Cond: (id = 2784758)

table 4 : explain DELETE FROM sbtest4 WHERE id=6389543
	Delete on sbtest4  (cost=0.43..8.45 rows=0 width=0)
	  ->  Index Scan using sbtest4_pkey on sbtest4  (cost=0.43..8.45 rows=1 width=6)
	        Index Cond: (id = 6389543)

table 5 : explain DELETE FROM sbtest5 WHERE id=6858725
	Delete on sbtest5  (cost=0.43..8.45 rows=0 width=0)
	  ->  Index Scan using sbtest5_pkey on sbtest5  (cost=0.43..8.45 rows=1 width=6)
	        Index Cond: (id = 6858725)

table 6 : explain DELETE FROM sbtest6 WHERE id=9526745
	Delete on sbtest6  (cost=0.43..8.45 rows=0 width=0)
	  ->  Index Scan using sbtest6_pkey on sbtest6  (cost=0.43..8.45 rows=1 width=6)
	        Index Cond: (id = 9526745)

table 7 : explain DELETE FROM sbtest7 WHERE id=108904
	Delete on sbtest7  (cost=0.43..8.45 rows=0 width=0)
	  ->  Index Scan using sbtest7_pkey on sbtest7  (cost=0.43..8.45 rows=1 width=6)
	        Index Cond: (id = 108904)

table 8 : explain DELETE FROM sbtest8 WHERE id=1977099
	Delete on sbtest8  (cost=0.43..8.45 rows=0 width=0)
	  ->  Index Scan using sbtest8_pkey on sbtest8  (cost=0.43..8.45 rows=1 width=6)
	        Index Cond: (id = 1977099)

for index_updates
table 1 : explain UPDATE sbtest1 SET k=k+1 WHERE id=4271189
	Update on sbtest1  (cost=0.43..8.46 rows=0 width=0)
	  ->  Index Scan using sbtest1_pkey on sbtest1  (cost=0.43..8.46 rows=1 width=10)
	        Index Cond: (id = 4271189)

table 2 : explain UPDATE sbtest2 SET k=k+1 WHERE id=1375420
	Update on sbtest2  (cost=0.43..8.46 rows=0 width=0)
	  ->  Index Scan using sbtest2_pkey on sbtest2  (cost=0.43..8.46 rows=1 width=10)
	        Index Cond: (id = 1375420)

table 3 : explain UPDATE sbtest3 SET k=k+1 WHERE id=1344271
	Update on sbtest3  (cost=0.43..8.46 rows=0 width=0)
	  ->  Index Scan using sbtest3_pkey on sbtest3  (cost=0.43..8.46 rows=1 width=10)
	        Index Cond: (id = 1344271)

table 4 : explain UPDATE sbtest4 SET k=k+1 WHERE id=5189220
	Update on sbtest4  (cost=0.43..8.46 rows=0 width=0)
	  ->  Index Scan using sbtest4_pkey on sbtest4  (cost=0.43..8.46 rows=1 width=10)
	        Index Cond: (id = 5189220)

table 5 : explain UPDATE sbtest5 SET k=k+1 WHERE id=2778896
	Update on sbtest5  (cost=0.43..8.46 rows=0 width=0)
	  ->  Index Scan using sbtest5_pkey on sbtest5  (cost=0.43..8.46 rows=1 width=10)
	        Index Cond: (id = 2778896)

table 6 : explain UPDATE sbtest6 SET k=k+1 WHERE id=6635758
	Update on sbtest6  (cost=0.43..8.46 rows=0 width=0)
	  ->  Index Scan using sbtest6_pkey on sbtest6  (cost=0.43..8.46 rows=1 width=10)
	        Index Cond: (id = 6635758)

table 7 : explain UPDATE sbtest7 SET k=k+1 WHERE id=9585375
	Update on sbtest7  (cost=0.43..8.46 rows=0 width=0)
	  ->  Index Scan using sbtest7_pkey on sbtest7  (cost=0.43..8.46 rows=1 width=10)
	        Index Cond: (id = 9585375)

table 8 : explain UPDATE sbtest8 SET k=k+1 WHERE id=6075511
	Update on sbtest8  (cost=0.43..8.46 rows=0 width=0)
	  ->  Index Scan using sbtest8_pkey on sbtest8  (cost=0.43..8.46 rows=1 width=10)
	        Index Cond: (id = 6075511)

explain: for inserts :: explain INSERT INTO sbtest%u (id, k, c, pad) VALUES (%u, 13, 'foobar', 'foobar')
explain: for inserts :: explain INSERT INTO sbtest%u (id, k, c, pad) VALUES (%u, 13, 'foobar', 'foobar')
explain: for inserts :: explain INSERT INTO sbtest%u (id, k, c, pad) VALUES (%u, 13, 'foobar', 'foobar')
explain: for inserts :: explain INSERT INTO sbtest%u (id, k, c, pad) VALUES (%u, 13, 'foobar', 'foobar')
for index_updates
table 1 : explain UPDATE sbtest1 SET k=k+1 WHERE id=6337741
	Update on sbtest1  (cost=0.43..8.46 rows=0 width=0)
	  ->  Index Scan using sbtest1_pkey on sbtest1  (cost=0.43..8.46 rows=1 width=10)
	        Index Cond: (id = 6337741)

table 2 : explain UPDATE sbtest2 SET k=k+1 WHERE id=1343659
	Update on sbtest2  (cost=0.43..8.46 rows=0 width=0)
	  ->  Index Scan using sbtest2_pkey on sbtest2  (cost=0.43..8.46 rows=1 width=10)
	        Index Cond: (id = 1343659)

table 3 : explain UPDATE sbtest3 SET k=k+1 WHERE id=5657957
	Update on sbtest3  (cost=0.43..8.46 rows=0 width=0)
	  ->  Index Scan using sbtest3_pkey on sbtest3  (cost=0.43..8.46 rows=1 width=10)
	        Index Cond: (id = 5657957)

table 4 : explain UPDATE sbtest4 SET k=k+1 WHERE id=7059689
	Update on sbtest4  (cost=0.43..8.46 rows=0 width=0)
	  ->  Index Scan using sbtest4_pkey on sbtest4  (cost=0.43..8.46 rows=1 width=10)
	        Index Cond: (id = 7059689)

table 5 : explain UPDATE sbtest5 SET k=k+1 WHERE id=6000891
	Update on sbtest5  (cost=0.43..8.46 rows=0 width=0)
	  ->  Index Scan using sbtest5_pkey on sbtest5  (cost=0.43..8.46 rows=1 width=10)
	        Index Cond: (id = 6000891)

table 6 : explain UPDATE sbtest6 SET k=k+1 WHERE id=2818584
	Update on sbtest6  (cost=0.43..8.46 rows=0 width=0)
	  ->  Index Scan using sbtest6_pkey on sbtest6  (cost=0.43..8.46 rows=1 width=10)
	        Index Cond: (id = 2818584)

table 7 : explain UPDATE sbtest7 SET k=k+1 WHERE id=3824324
	Update on sbtest7  (cost=0.43..8.46 rows=0 width=0)
	  ->  Index Scan using sbtest7_pkey on sbtest7  (cost=0.43..8.46 rows=1 width=10)
	        Index Cond: (id = 3824324)

table 8 : explain UPDATE sbtest8 SET k=k+1 WHERE id=9893793
	Update on sbtest8  (cost=0.43..8.46 rows=0 width=0)
	  ->  Index Scan using sbtest8_pkey on sbtest8  (cost=0.43..8.46 rows=1 width=10)
	        Index Cond: (id = 9893793)

for index_updates
table 1 : explain UPDATE sbtest1 SET k=k+1 WHERE id=4610929
	Update on sbtest1  (cost=0.43..8.46 rows=0 width=0)
	  ->  Index Scan using sbtest1_pkey on sbtest1  (cost=0.43..8.46 rows=1 width=10)
	        Index Cond: (id = 4610929)

table 2 : explain UPDATE sbtest2 SET k=k+1 WHERE id=6105605
	Update on sbtest2  (cost=0.43..8.46 rows=0 width=0)
	  ->  Index Scan using sbtest2_pkey on sbtest2  (cost=0.43..8.46 rows=1 width=10)
	        Index Cond: (id = 6105605)

table 3 : explain UPDATE sbtest3 SET k=k+1 WHERE id=6030042
	Update on sbtest3  (cost=0.43..8.46 rows=0 width=0)
	  ->  Index Scan using sbtest3_pkey on sbtest3  (cost=0.43..8.46 rows=1 width=10)
	        Index Cond: (id = 6030042)

table 4 : explain UPDATE sbtest4 SET k=k+1 WHERE id=6254966
	Update on sbtest4  (cost=0.43..8.46 rows=0 width=0)
	  ->  Index Scan using sbtest4_pkey on sbtest4  (cost=0.43..8.46 rows=1 width=10)
	        Index Cond: (id = 6254966)

table 5 : explain UPDATE sbtest5 SET k=k+1 WHERE id=8878745
	Update on sbtest5  (cost=0.43..8.46 rows=0 width=0)
	  ->  Index Scan using sbtest5_pkey on sbtest5  (cost=0.43..8.46 rows=1 width=10)
	        Index Cond: (id = 8878745)

table 6 : explain UPDATE sbtest6 SET k=k+1 WHERE id=3748784
	Update on sbtest6  (cost=0.43..8.46 rows=0 width=0)
	  ->  Index Scan using sbtest6_pkey on sbtest6  (cost=0.43..8.46 rows=1 width=10)
	        Index Cond: (id = 3748784)

table 7 : explain UPDATE sbtest7 SET k=k+1 WHERE id=1411215
	Update on sbtest7  (cost=0.43..8.46 rows=0 width=0)
	  ->  Index Scan using sbtest7_pkey on sbtest7  (cost=0.43..8.46 rows=1 width=10)
	        Index Cond: (id = 1411215)

table 8 : explain UPDATE sbtest8 SET k=k+1 WHERE id=3668345
	Update on sbtest8  (cost=0.43..8.46 rows=0 width=0)
	  ->  Index Scan using sbtest8_pkey on sbtest8  (cost=0.43..8.46 rows=1 width=10)
	        Index Cond: (id = 3668345)

for index_updates
table 1 : explain UPDATE sbtest1 SET k=k+1 WHERE id=4574457
	Update on sbtest1  (cost=0.43..8.46 rows=0 width=0)
	  ->  Index Scan using sbtest1_pkey on sbtest1  (cost=0.43..8.46 rows=1 width=10)
	        Index Cond: (id = 4574457)

table 2 : explain UPDATE sbtest2 SET k=k+1 WHERE id=1152565
	Update on sbtest2  (cost=0.43..8.46 rows=0 width=0)
	  ->  Index Scan using sbtest2_pkey on sbtest2  (cost=0.43..8.46 rows=1 width=10)
	        Index Cond: (id = 1152565)

table 3 : explain UPDATE sbtest3 SET k=k+1 WHERE id=3617699
	Update on sbtest3  (cost=0.43..8.46 rows=0 width=0)
	  ->  Index Scan using sbtest3_pkey on sbtest3  (cost=0.43..8.46 rows=1 width=10)
	        Index Cond: (id = 3617699)

table 4 : explain UPDATE sbtest4 SET k=k+1 WHERE id=4946999
	Update on sbtest4  (cost=0.43..8.46 rows=0 width=0)
	  ->  Index Scan using sbtest4_pkey on sbtest4  (cost=0.43..8.46 rows=1 width=10)
	        Index Cond: (id = 4946999)

table 5 : explain UPDATE sbtest5 SET k=k+1 WHERE id=3918336
	Update on sbtest5  (cost=0.43..8.46 rows=0 width=0)
	  ->  Index Scan using sbtest5_pkey on sbtest5  (cost=0.43..8.46 rows=1 width=10)
	        Index Cond: (id = 3918336)

table 6 : explain UPDATE sbtest6 SET k=k+1 WHERE id=8480465
	Update on sbtest6  (cost=0.43..8.46 rows=0 width=0)
	  ->  Index Scan using sbtest6_pkey on sbtest6  (cost=0.43..8.46 rows=1 width=10)
	        Index Cond: (id = 8480465)

table 7 : explain UPDATE sbtest7 SET k=k+1 WHERE id=3805545
	Update on sbtest7  (cost=0.43..8.46 rows=0 width=0)
	  ->  Index Scan using sbtest7_pkey on sbtest7  (cost=0.43..8.46 rows=1 width=10)
	        Index Cond: (id = 3805545)

table 8 : explain UPDATE sbtest8 SET k=k+1 WHERE id=8623899
	Update on sbtest8  (cost=0.43..8.46 rows=0 width=0)
	  ->  Index Scan using sbtest8_pkey on sbtest8  (cost=0.43..8.46 rows=1 width=10)
	        Index Cond: (id = 8623899)

explain: for non_index_updates :: explain UPDATE sbtest%u SET c='foobar' WHERE id=%u
for inserts
table 1 : explain INSERT INTO sbtest1 (id, k, c, pad) VALUES (8942959, 13, 'foobar', 'foobar')
	Insert on sbtest1  (cost=0.00..0.01 rows=0 width=0)
	  ->  Result  (cost=0.00..0.01 rows=1 width=736)

table 2 : explain INSERT INTO sbtest2 (id, k, c, pad) VALUES (4543970, 13, 'foobar', 'foobar')
	Insert on sbtest2  (cost=0.00..0.01 rows=0 width=0)
	  ->  Result  (cost=0.00..0.01 rows=1 width=736)

table 3 : explain INSERT INTO sbtest3 (id, k, c, pad) VALUES (3792570, 13, 'foobar', 'foobar')
	Insert on sbtest3  (cost=0.00..0.01 rows=0 width=0)
	  ->  Result  (cost=0.00..0.01 rows=1 width=736)

table 4 : explain INSERT INTO sbtest4 (id, k, c, pad) VALUES (6550333, 13, 'foobar', 'foobar')
	Insert on sbtest4  (cost=0.00..0.01 rows=0 width=0)
	  ->  Result  (cost=0.00..0.01 rows=1 width=736)

table 5 : explain INSERT INTO sbtest5 (id, k, c, pad) VALUES (2453756, 13, 'foobar', 'foobar')
	Insert on sbtest5  (cost=0.00..0.01 rows=0 width=0)
	  ->  Result  (cost=0.00..0.01 rows=1 width=736)

table 6 : explain INSERT INTO sbtest6 (id, k, c, pad) VALUES (9007944, 13, 'foobar', 'foobar')
	Insert on sbtest6  (cost=0.00..0.01 rows=0 width=0)
	  ->  Result  (cost=0.00..0.01 rows=1 width=736)

table 7 : explain INSERT INTO sbtest7 (id, k, c, pad) VALUES (2717478, 13, 'foobar', 'foobar')
	Insert on sbtest7  (cost=0.00..0.01 rows=0 width=0)
	  ->  Result  (cost=0.00..0.01 rows=1 width=736)

table 8 : explain INSERT INTO sbtest8 (id, k, c, pad) VALUES (5017807, 13, 'foobar', 'foobar')
	Insert on sbtest8  (cost=0.00..0.01 rows=0 width=0)
	  ->  Result  (cost=0.00..0.01 rows=1 width=736)

for inserts
table 1 : explain INSERT INTO sbtest1 (id, k, c, pad) VALUES (4975178, 13, 'foobar', 'foobar')
	Insert on sbtest1  (cost=0.00..0.01 rows=0 width=0)
	  ->  Result  (cost=0.00..0.01 rows=1 width=736)

table 2 : explain INSERT INTO sbtest2 (id, k, c, pad) VALUES (6773993, 13, 'foobar', 'foobar')
	Insert on sbtest2  (cost=0.00..0.01 rows=0 width=0)
	  ->  Result  (cost=0.00..0.01 rows=1 width=736)

table 3 : explain INSERT INTO sbtest3 (id, k, c, pad) VALUES (977046, 13, 'foobar', 'foobar')
	Insert on sbtest3  (cost=0.00..0.01 rows=0 width=0)
	  ->  Result  (cost=0.00..0.01 rows=1 width=736)

table 4 : explain INSERT INTO sbtest4 (id, k, c, pad) VALUES (5986614, 13, 'foobar', 'foobar')
	Insert on sbtest4  (cost=0.00..0.01 rows=0 width=0)
	  ->  Result  (cost=0.00..0.01 rows=1 width=736)

table 5 : explain INSERT INTO sbtest5 (id, k, c, pad) VALUES (6613941, 13, 'foobar', 'foobar')
	Insert on sbtest5  (cost=0.00..0.01 rows=0 width=0)
	  ->  Result  (cost=0.00..0.01 rows=1 width=736)

table 6 : explain INSERT INTO sbtest6 (id, k, c, pad) VALUES (829605, 13, 'foobar', 'foobar')
	Insert on sbtest6  (cost=0.00..0.01 rows=0 width=0)
	  ->  Result  (cost=0.00..0.01 rows=1 width=736)

table 7 : explain INSERT INTO sbtest7 (id, k, c, pad) VALUES (5436991, 13, 'foobar', 'foobar')
	Insert on sbtest7  (cost=0.00..0.01 rows=0 width=0)
	  ->  Result  (cost=0.00..0.01 rows=1 width=736)

table 8 : explain INSERT INTO sbtest8 (id, k, c, pad) VALUES (4905852, 13, 'foobar', 'foobar')
	Insert on sbtest8  (cost=0.00..0.01 rows=0 width=0)
	  ->  Result  (cost=0.00..0.01 rows=1 width=736)

for inserts
table 1 : explain INSERT INTO sbtest1 (id, k, c, pad) VALUES (3211969, 13, 'foobar', 'foobar')
	Insert on sbtest1  (cost=0.00..0.01 rows=0 width=0)
	  ->  Result  (cost=0.00..0.01 rows=1 width=736)

table 2 : explain INSERT INTO sbtest2 (id, k, c, pad) VALUES (8405609, 13, 'foobar', 'foobar')
	Insert on sbtest2  (cost=0.00..0.01 rows=0 width=0)
	  ->  Result  (cost=0.00..0.01 rows=1 width=736)

table 3 : explain INSERT INTO sbtest3 (id, k, c, pad) VALUES (1503429, 13, 'foobar', 'foobar')
	Insert on sbtest3  (cost=0.00..0.01 rows=0 width=0)
	  ->  Result  (cost=0.00..0.01 rows=1 width=736)

table 4 : explain INSERT INTO sbtest4 (id, k, c, pad) VALUES (860680, 13, 'foobar', 'foobar')
	Insert on sbtest4  (cost=0.00..0.01 rows=0 width=0)
	  ->  Result  (cost=0.00..0.01 rows=1 width=736)

table 5 : explain INSERT INTO sbtest5 (id, k, c, pad) VALUES (5096156, 13, 'foobar', 'foobar')
	Insert on sbtest5  (cost=0.00..0.01 rows=0 width=0)
	  ->  Result  (cost=0.00..0.01 rows=1 width=736)

table 6 : explain INSERT INTO sbtest6 (id, k, c, pad) VALUES (284517, 13, 'foobar', 'foobar')
	Insert on sbtest6  (cost=0.00..0.01 rows=0 width=0)
	  ->  Result  (cost=0.00..0.01 rows=1 width=736)

table 7 : explain INSERT INTO sbtest7 (id, k, c, pad) VALUES (6760068, 13, 'foobar', 'foobar')
	Insert on sbtest7  (cost=0.00..0.01 rows=0 width=0)
	  ->  Result  (cost=0.00..0.01 rows=1 width=736)

table 8 : explain INSERT INTO sbtest8 (id, k, c, pad) VALUES (6711017, 13, 'foobar', 'foobar')
	Insert on sbtest8  (cost=0.00..0.01 rows=0 width=0)
	  ->  Result  (cost=0.00..0.01 rows=1 width=736)

explain: for non_index_updates :: explain UPDATE sbtest%u SET c='foobar' WHERE id=%u
explain: for non_index_updates :: explain UPDATE sbtest%u SET c='foobar' WHERE id=%u
explain: for non_index_updates :: explain UPDATE sbtest%u SET c='foobar' WHERE id=%u
for: distinct_ranges
table 1 : explain SELECT DISTINCT c FROM sbtest1 WHERE id BETWEEN 3348541 AND 3348550 ORDER BY c
	Unique  (cost=39.76..39.81 rows=10 width=121)
	  ->  Sort  (cost=39.76..39.78 rows=10 width=121)
	        Sort Key: c
	        ->  Index Scan using sbtest1_pkey on sbtest1  (cost=0.43..39.59 rows=10 width=121)
	              Index Cond: ((id >= 3348541) AND (id <= 3348550))

table 2 : explain SELECT DISTINCT c FROM sbtest2 WHERE id BETWEEN 3562042 AND 3562051 ORDER BY c
	Unique  (cost=39.64..39.69 rows=10 width=121)
	  ->  Sort  (cost=39.64..39.67 rows=10 width=121)
	        Sort Key: c
	        ->  Index Scan using sbtest2_pkey on sbtest2  (cost=0.43..39.48 rows=10 width=121)
	              Index Cond: ((id >= 3562042) AND (id <= 3562051))

table 3 : explain SELECT DISTINCT c FROM sbtest3 WHERE id BETWEEN 5472498 AND 5472507 ORDER BY c
	Unique  (cost=39.37..39.42 rows=10 width=121)
	  ->  Sort  (cost=39.37..39.40 rows=10 width=121)
	        Sort Key: c
	        ->  Index Scan using sbtest3_pkey on sbtest3  (cost=0.43..39.21 rows=10 width=121)
	              Index Cond: ((id >= 5472498) AND (id <= 5472507))

table 4 : explain SELECT DISTINCT c FROM sbtest4 WHERE id BETWEEN 8519931 AND 8519940 ORDER BY c
	Unique  (cost=42.98..43.03 rows=11 width=121)
	  ->  Sort  (cost=42.98..43.00 rows=11 width=121)
	        Sort Key: c
	        ->  Index Scan using sbtest4_pkey on sbtest4  (cost=0.43..42.79 rows=11 width=121)
	              Index Cond: ((id >= 8519931) AND (id <= 8519940))

table 5 : explain SELECT DISTINCT c FROM sbtest5 WHERE id BETWEEN 8305727 AND 8305736 ORDER BY c
	Unique  (cost=39.68..39.73 rows=10 width=121)
	  ->  Sort  (cost=39.68..39.70 rows=10 width=121)
	        Sort Key: c
	        ->  Index Scan using sbtest5_pkey on sbtest5  (cost=0.43..39.51 rows=10 width=121)
	              Index Cond: ((id >= 8305727) AND (id <= 8305736))

table 6 : explain SELECT DISTINCT c FROM sbtest6 WHERE id BETWEEN 5844561 AND 5844570 ORDER BY c
	Unique  (cost=43.00..43.05 rows=11 width=121)
	  ->  Sort  (cost=43.00..43.03 rows=11 width=121)
	        Sort Key: c
	        ->  Index Scan using sbtest6_pkey on sbtest6  (cost=0.43..42.81 rows=11 width=121)
	              Index Cond: ((id >= 5844561) AND (id <= 5844570))

table 7 : explain SELECT DISTINCT c FROM sbtest7 WHERE id BETWEEN 9830747 AND 9830756 ORDER BY c
	Unique  (cost=39.49..39.54 rows=10 width=121)
	  ->  Sort  (cost=39.49..39.52 rows=10 width=121)
	        Sort Key: c
	        ->  Index Scan using sbtest7_pkey on sbtest7  (cost=0.43..39.33 rows=10 width=121)
	              Index Cond: ((id >= 9830747) AND (id <= 9830756))

table 8 : explain SELECT DISTINCT c FROM sbtest8 WHERE id BETWEEN 9822408 AND 9822417 ORDER BY c
	Unique  (cost=42.70..42.76 rows=11 width=121)
	  ->  Sort  (cost=42.70..42.73 rows=11 width=121)
	        Sort Key: c
	        ->  Index Scan using sbtest8_pkey on sbtest8  (cost=0.43..42.51 rows=11 width=121)
	              Index Cond: ((id >= 9822408) AND (id <= 9822417))

for non_index_updates
table 1 : explain UPDATE sbtest1 SET c='foobar' WHERE id=4455751
	Update on sbtest1  (cost=0.43..8.45 rows=0 width=0)
	  ->  Index Scan using sbtest1_pkey on sbtest1  (cost=0.43..8.45 rows=1 width=490)
	        Index Cond: (id = 4455751)

table 2 : explain UPDATE sbtest2 SET c='foobar' WHERE id=4731583
	Update on sbtest2  (cost=0.43..8.45 rows=0 width=0)
	  ->  Index Scan using sbtest2_pkey on sbtest2  (cost=0.43..8.45 rows=1 width=490)
	        Index Cond: (id = 4731583)

table 3 : explain UPDATE sbtest3 SET c='foobar' WHERE id=4239666
	Update on sbtest3  (cost=0.43..8.45 rows=0 width=0)
	  ->  Index Scan using sbtest3_pkey on sbtest3  (cost=0.43..8.45 rows=1 width=490)
	        Index Cond: (id = 4239666)

table 4 : explain UPDATE sbtest4 SET c='foobar' WHERE id=972851
	Update on sbtest4  (cost=0.43..8.45 rows=0 width=0)
	  ->  Index Scan using sbtest4_pkey on sbtest4  (cost=0.43..8.45 rows=1 width=490)
	        Index Cond: (id = 972851)

table 5 : explain UPDATE sbtest5 SET c='foobar' WHERE id=2591343
	Update on sbtest5  (cost=0.43..8.45 rows=0 width=0)
	  ->  Index Scan using sbtest5_pkey on sbtest5  (cost=0.43..8.45 rows=1 width=490)
	        Index Cond: (id = 2591343)

table 6 : explain UPDATE sbtest6 SET c='foobar' WHERE id=702787
	Update on sbtest6  (cost=0.43..8.45 rows=0 width=0)
	  ->  Index Scan using sbtest6_pkey on sbtest6  (cost=0.43..8.45 rows=1 width=490)
	        Index Cond: (id = 702787)

table 7 : explain UPDATE sbtest7 SET c='foobar' WHERE id=8089061
	Update on sbtest7  (cost=0.43..8.45 rows=0 width=0)
	  ->  Index Scan using sbtest7_pkey on sbtest7  (cost=0.43..8.45 rows=1 width=490)
	        Index Cond: (id = 8089061)

table 8 : explain UPDATE sbtest8 SET c='foobar' WHERE id=181976
	Update on sbtest8  (cost=0.43..8.45 rows=0 width=0)
	  ->  Index Scan using sbtest8_pkey on sbtest8  (cost=0.43..8.45 rows=1 width=490)
	        Index Cond: (id = 181976)

explain: for index_updates :: explain UPDATE sbtest%u SET k=k+1 WHERE id=%u
explain: for deletes :: explain DELETE FROM sbtest%u WHERE id=%u
for non_index_updates
table 1 : explain UPDATE sbtest1 SET c='foobar' WHERE id=8493283
	Update on sbtest1  (cost=0.43..8.45 rows=0 width=0)
	  ->  Index Scan using sbtest1_pkey on sbtest1  (cost=0.43..8.45 rows=1 width=490)
	        Index Cond: (id = 8493283)

table 2 : explain UPDATE sbtest2 SET c='foobar' WHERE id=1626371
	Update on sbtest2  (cost=0.43..8.45 rows=0 width=0)
	  ->  Index Scan using sbtest2_pkey on sbtest2  (cost=0.43..8.45 rows=1 width=490)
	        Index Cond: (id = 1626371)

table 3 : explain UPDATE sbtest3 SET c='foobar' WHERE id=5820902
	Update on sbtest3  (cost=0.43..8.45 rows=0 width=0)
	  ->  Index Scan using sbtest3_pkey on sbtest3  (cost=0.43..8.45 rows=1 width=490)
	        Index Cond: (id = 5820902)

table 4 : explain UPDATE sbtest4 SET c='foobar' WHERE id=5460416
	Update on sbtest4  (cost=0.43..8.45 rows=0 width=0)
	  ->  Index Scan using sbtest4_pkey on sbtest4  (cost=0.43..8.45 rows=1 width=490)
	        Index Cond: (id = 5460416)

table 5 : explain UPDATE sbtest5 SET c='foobar' WHERE id=6036690
	Update on sbtest5  (cost=0.43..8.45 rows=0 width=0)
	  ->  Index Scan using sbtest5_pkey on sbtest5  (cost=0.43..8.45 rows=1 width=490)
	        Index Cond: (id = 6036690)

table 6 : explain UPDATE sbtest6 SET c='foobar' WHERE id=6293336
	Update on sbtest6  (cost=0.43..8.45 rows=0 width=0)
	  ->  Index Scan using sbtest6_pkey on sbtest6  (cost=0.43..8.45 rows=1 width=490)
	        Index Cond: (id = 6293336)

table 7 : explain UPDATE sbtest7 SET c='foobar' WHERE id=2406897
	Update on sbtest7  (cost=0.43..8.45 rows=0 width=0)
	  ->  Index Scan using sbtest7_pkey on sbtest7  (cost=0.43..8.45 rows=1 width=490)
	        Index Cond: (id = 2406897)

table 8 : explain UPDATE sbtest8 SET c='foobar' WHERE id=3881489
	Update on sbtest8  (cost=0.43..8.45 rows=0 width=0)
	  ->  Index Scan using sbtest8_pkey on sbtest8  (cost=0.43..8.45 rows=1 width=490)
	        Index Cond: (id = 3881489)

for non_index_updates
table 1 : explain UPDATE sbtest1 SET c='foobar' WHERE id=3391077
	Update on sbtest1  (cost=0.43..8.45 rows=0 width=0)
	  ->  Index Scan using sbtest1_pkey on sbtest1  (cost=0.43..8.45 rows=1 width=490)
	        Index Cond: (id = 3391077)

table 2 : explain UPDATE sbtest2 SET c='foobar' WHERE id=9069662
	Update on sbtest2  (cost=0.43..8.45 rows=0 width=0)
	  ->  Index Scan using sbtest2_pkey on sbtest2  (cost=0.43..8.45 rows=1 width=490)
	        Index Cond: (id = 9069662)

table 3 : explain UPDATE sbtest3 SET c='foobar' WHERE id=9332855
	Update on sbtest3  (cost=0.43..8.45 rows=0 width=0)
	  ->  Index Scan using sbtest3_pkey on sbtest3  (cost=0.43..8.45 rows=1 width=490)
	        Index Cond: (id = 9332855)

table 4 : explain UPDATE sbtest4 SET c='foobar' WHERE id=7350606
	Update on sbtest4  (cost=0.43..8.45 rows=0 width=0)
	  ->  Index Scan using sbtest4_pkey on sbtest4  (cost=0.43..8.45 rows=1 width=490)
	        Index Cond: (id = 7350606)

table 5 : explain UPDATE sbtest5 SET c='foobar' WHERE id=8058361
	Update on sbtest5  (cost=0.43..8.45 rows=0 width=0)
	  ->  Index Scan using sbtest5_pkey on sbtest5  (cost=0.43..8.45 rows=1 width=490)
	        Index Cond: (id = 8058361)

table 6 : explain UPDATE sbtest6 SET c='foobar' WHERE id=9128609
	Update on sbtest6  (cost=0.43..8.45 rows=0 width=0)
	  ->  Index Scan using sbtest6_pkey on sbtest6  (cost=0.43..8.45 rows=1 width=490)
	        Index Cond: (id = 9128609)

table 7 : explain UPDATE sbtest7 SET c='foobar' WHERE id=6466971
	Update on sbtest7  (cost=0.43..8.45 rows=0 width=0)
	  ->  Index Scan using sbtest7_pkey on sbtest7  (cost=0.43..8.45 rows=1 width=490)
	        Index Cond: (id = 6466971)

table 8 : explain UPDATE sbtest8 SET c='foobar' WHERE id=808893
	Update on sbtest8  (cost=0.43..8.45 rows=0 width=0)
	  ->  Index Scan using sbtest8_pkey on sbtest8  (cost=0.43..8.45 rows=1 width=490)
	        Index Cond: (id = 808893)

for non_index_updates
table 1 : explain UPDATE sbtest1 SET c='foobar' WHERE id=948658
	Update on sbtest1  (cost=0.43..8.45 rows=0 width=0)
	  ->  Index Scan using sbtest1_pkey on sbtest1  (cost=0.43..8.45 rows=1 width=490)
	        Index Cond: (id = 948658)

table 2 : explain UPDATE sbtest2 SET c='foobar' WHERE id=8901621
	Update on sbtest2  (cost=0.43..8.45 rows=0 width=0)
	  ->  Index Scan using sbtest2_pkey on sbtest2  (cost=0.43..8.45 rows=1 width=490)
	        Index Cond: (id = 8901621)

table 3 : explain UPDATE sbtest3 SET c='foobar' WHERE id=8254856
	Update on sbtest3  (cost=0.43..8.45 rows=0 width=0)
	  ->  Index Scan using sbtest3_pkey on sbtest3  (cost=0.43..8.45 rows=1 width=490)
	        Index Cond: (id = 8254856)

table 4 : explain UPDATE sbtest4 SET c='foobar' WHERE id=1789326
	Update on sbtest4  (cost=0.43..8.45 rows=0 width=0)
	  ->  Index Scan using sbtest4_pkey on sbtest4  (cost=0.43..8.45 rows=1 width=490)
	        Index Cond: (id = 1789326)

table 5 : explain UPDATE sbtest5 SET c='foobar' WHERE id=3934090
	Update on sbtest5  (cost=0.43..8.45 rows=0 width=0)
	  ->  Index Scan using sbtest5_pkey on sbtest5  (cost=0.43..8.45 rows=1 width=490)
	        Index Cond: (id = 3934090)

table 6 : explain UPDATE sbtest6 SET c='foobar' WHERE id=9356805
	Update on sbtest6  (cost=0.43..8.45 rows=0 width=0)
	  ->  Index Scan using sbtest6_pkey on sbtest6  (cost=0.43..8.45 rows=1 width=490)
	        Index Cond: (id = 9356805)

table 7 : explain UPDATE sbtest7 SET c='foobar' WHERE id=6970186
	Update on sbtest7  (cost=0.43..8.45 rows=0 width=0)
	  ->  Index Scan using sbtest7_pkey on sbtest7  (cost=0.43..8.45 rows=1 width=490)
	        Index Cond: (id = 6970186)

table 8 : explain UPDATE sbtest8 SET c='foobar' WHERE id=6630001
	Update on sbtest8  (cost=0.43..8.45 rows=0 width=0)
	  ->  Index Scan using sbtest8_pkey on sbtest8  (cost=0.43..8.45 rows=1 width=490)
	        Index Cond: (id = 6630001)

explain: for deletes :: explain DELETE FROM sbtest%u WHERE id=%u
explain: for deletes :: explain DELETE FROM sbtest%u WHERE id=%u
explain: for deletes :: explain DELETE FROM sbtest%u WHERE id=%u
explain: for inserts :: explain INSERT INTO sbtest%u (id, k, c, pad) VALUES (%u, 13, 'foobar', 'foobar')
explain: for deletes :: explain DELETE FROM sbtest%u WHERE id=%u
for deletes
table 1 : explain DELETE FROM sbtest1 WHERE id=9001721
	Delete on sbtest1  (cost=0.43..8.45 rows=0 width=0)
	  ->  Index Scan using sbtest1_pkey on sbtest1  (cost=0.43..8.45 rows=1 width=6)
	        Index Cond: (id = 9001721)

table 2 : explain DELETE FROM sbtest2 WHERE id=9065318
	Delete on sbtest2  (cost=0.43..8.45 rows=0 width=0)
	  ->  Index Scan using sbtest2_pkey on sbtest2  (cost=0.43..8.45 rows=1 width=6)
	        Index Cond: (id = 9065318)

table 3 : explain DELETE FROM sbtest3 WHERE id=1544025
	Delete on sbtest3  (cost=0.43..8.45 rows=0 width=0)
	  ->  Index Scan using sbtest3_pkey on sbtest3  (cost=0.43..8.45 rows=1 width=6)
	        Index Cond: (id = 1544025)

table 4 : explain DELETE FROM sbtest4 WHERE id=2798587
	Delete on sbtest4  (cost=0.43..8.45 rows=0 width=0)
	  ->  Index Scan using sbtest4_pkey on sbtest4  (cost=0.43..8.45 rows=1 width=6)
	        Index Cond: (id = 2798587)

table 5 : explain DELETE FROM sbtest5 WHERE id=8332843
	Delete on sbtest5  (cost=0.43..8.45 rows=0 width=0)
	  ->  Index Scan using sbtest5_pkey on sbtest5  (cost=0.43..8.45 rows=1 width=6)
	        Index Cond: (id = 8332843)

table 6 : explain DELETE FROM sbtest6 WHERE id=3116256
	Delete on sbtest6  (cost=0.43..8.45 rows=0 width=0)
	  ->  Index Scan using sbtest6_pkey on sbtest6  (cost=0.43..8.45 rows=1 width=6)
	        Index Cond: (id = 3116256)

table 7 : explain DELETE FROM sbtest7 WHERE id=4709327
	Delete on sbtest7  (cost=0.43..8.45 rows=0 width=0)
	  ->  Index Scan using sbtest7_pkey on sbtest7  (cost=0.43..8.45 rows=1 width=6)
	        Index Cond: (id = 4709327)

table 8 : explain DELETE FROM sbtest8 WHERE id=9558536
	Delete on sbtest8  (cost=0.43..8.45 rows=0 width=0)
	  ->  Index Scan using sbtest8_pkey on sbtest8  (cost=0.43..8.45 rows=1 width=6)
	        Index Cond: (id = 9558536)

explain: for inserts :: explain INSERT INTO sbtest%u (id, k, c, pad) VALUES (%u, 13, 'foobar', 'foobar')
for index_updates
table 1 : explain UPDATE sbtest1 SET k=k+1 WHERE id=5401382
	Update on sbtest1  (cost=0.43..8.46 rows=0 width=0)
	  ->  Index Scan using sbtest1_pkey on sbtest1  (cost=0.43..8.46 rows=1 width=10)
	        Index Cond: (id = 5401382)

table 2 : explain UPDATE sbtest2 SET k=k+1 WHERE id=6430848
	Update on sbtest2  (cost=0.43..8.46 rows=0 width=0)
	  ->  Index Scan using sbtest2_pkey on sbtest2  (cost=0.43..8.46 rows=1 width=10)
	        Index Cond: (id = 6430848)

table 3 : explain UPDATE sbtest3 SET k=k+1 WHERE id=5613059
	Update on sbtest3  (cost=0.43..8.46 rows=0 width=0)
	  ->  Index Scan using sbtest3_pkey on sbtest3  (cost=0.43..8.46 rows=1 width=10)
	        Index Cond: (id = 5613059)

table 4 : explain UPDATE sbtest4 SET k=k+1 WHERE id=1603851
	Update on sbtest4  (cost=0.43..8.46 rows=0 width=0)
	  ->  Index Scan using sbtest4_pkey on sbtest4  (cost=0.43..8.46 rows=1 width=10)
	        Index Cond: (id = 1603851)

table 5 : explain UPDATE sbtest5 SET k=k+1 WHERE id=4990110
	Update on sbtest5  (cost=0.43..8.46 rows=0 width=0)
	  ->  Index Scan using sbtest5_pkey on sbtest5  (cost=0.43..8.46 rows=1 width=10)
	        Index Cond: (id = 4990110)

table 6 : explain UPDATE sbtest6 SET k=k+1 WHERE id=7627596
	Update on sbtest6  (cost=0.43..8.46 rows=0 width=0)
	  ->  Index Scan using sbtest6_pkey on sbtest6  (cost=0.43..8.46 rows=1 width=10)
	        Index Cond: (id = 7627596)

table 7 : explain UPDATE sbtest7 SET k=k+1 WHERE id=1150571
	Update on sbtest7  (cost=0.43..8.46 rows=0 width=0)
	  ->  Index Scan using sbtest7_pkey on sbtest7  (cost=0.43..8.46 rows=1 width=10)
	        Index Cond: (id = 1150571)

table 8 : explain UPDATE sbtest8 SET k=k+1 WHERE id=5246547
	Update on sbtest8  (cost=0.43..8.46 rows=0 width=0)
	  ->  Index Scan using sbtest8_pkey on sbtest8  (cost=0.43..8.46 rows=1 width=10)
	        Index Cond: (id = 5246547)

for deletes
table 1 : explain DELETE FROM sbtest1 WHERE id=5813666
	Delete on sbtest1  (cost=0.43..8.45 rows=0 width=0)
	  ->  Index Scan using sbtest1_pkey on sbtest1  (cost=0.43..8.45 rows=1 width=6)
	        Index Cond: (id = 5813666)

table 2 : explain DELETE FROM sbtest2 WHERE id=8460114
	Delete on sbtest2  (cost=0.43..8.45 rows=0 width=0)
	  ->  Index Scan using sbtest2_pkey on sbtest2  (cost=0.43..8.45 rows=1 width=6)
	        Index Cond: (id = 8460114)

table 3 : explain DELETE FROM sbtest3 WHERE id=5880584
	Delete on sbtest3  (cost=0.43..8.45 rows=0 width=0)
	  ->  Index Scan using sbtest3_pkey on sbtest3  (cost=0.43..8.45 rows=1 width=6)
	        Index Cond: (id = 5880584)

table 4 : explain DELETE FROM sbtest4 WHERE id=714020
	Delete on sbtest4  (cost=0.43..8.45 rows=0 width=0)
	  ->  Index Scan using sbtest4_pkey on sbtest4  (cost=0.43..8.45 rows=1 width=6)
	        Index Cond: (id = 714020)

table 5 : explain DELETE FROM sbtest5 WHERE id=7425390
	Delete on sbtest5  (cost=0.43..8.45 rows=0 width=0)
	  ->  Index Scan using sbtest5_pkey on sbtest5  (cost=0.43..8.45 rows=1 width=6)
	        Index Cond: (id = 7425390)

table 6 : explain DELETE FROM sbtest6 WHERE id=8870700
	Delete on sbtest6  (cost=0.43..8.45 rows=0 width=0)
	  ->  Index Scan using sbtest6_pkey on sbtest6  (cost=0.43..8.45 rows=1 width=6)
	        Index Cond: (id = 8870700)

table 7 : explain DELETE FROM sbtest7 WHERE id=4241183
	Delete on sbtest7  (cost=0.43..8.45 rows=0 width=0)
	  ->  Index Scan using sbtest7_pkey on sbtest7  (cost=0.43..8.45 rows=1 width=6)
	        Index Cond: (id = 4241183)

table 8 : explain DELETE FROM sbtest8 WHERE id=1289070
	Delete on sbtest8  (cost=0.43..8.45 rows=0 width=0)
	  ->  Index Scan using sbtest8_pkey on sbtest8  (cost=0.43..8.45 rows=1 width=6)
	        Index Cond: (id = 1289070)

for inserts
table 1 : explain INSERT INTO sbtest1 (id, k, c, pad) VALUES (7838223, 13, 'foobar', 'foobar')
	Insert on sbtest1  (cost=0.00..0.01 rows=0 width=0)
	  ->  Result  (cost=0.00..0.01 rows=1 width=736)

table 2 : explain INSERT INTO sbtest2 (id, k, c, pad) VALUES (2488075, 13, 'foobar', 'foobar')
	Insert on sbtest2  (cost=0.00..0.01 rows=0 width=0)
	  ->  Result  (cost=0.00..0.01 rows=1 width=736)

table 3 : explain INSERT INTO sbtest3 (id, k, c, pad) VALUES (898160, 13, 'foobar', 'foobar')
	Insert on sbtest3  (cost=0.00..0.01 rows=0 width=0)
	  ->  Result  (cost=0.00..0.01 rows=1 width=736)

table 4 : explain INSERT INTO sbtest4 (id, k, c, pad) VALUES (7821940, 13, 'foobar', 'foobar')
	Insert on sbtest4  (cost=0.00..0.01 rows=0 width=0)
	  ->  Result  (cost=0.00..0.01 rows=1 width=736)

table 5 : explain INSERT INTO sbtest5 (id, k, c, pad) VALUES (4247211, 13, 'foobar', 'foobar')
	Insert on sbtest5  (cost=0.00..0.01 rows=0 width=0)
	  ->  Result  (cost=0.00..0.01 rows=1 width=736)

table 6 : explain INSERT INTO sbtest6 (id, k, c, pad) VALUES (742766, 13, 'foobar', 'foobar')
	Insert on sbtest6  (cost=0.00..0.01 rows=0 width=0)
	  ->  Result  (cost=0.00..0.01 rows=1 width=736)

table 7 : explain INSERT INTO sbtest7 (id, k, c, pad) VALUES (8358508, 13, 'foobar', 'foobar')
	Insert on sbtest7  (cost=0.00..0.01 rows=0 width=0)
	  ->  Result  (cost=0.00..0.01 rows=1 width=736)

table 8 : explain INSERT INTO sbtest8 (id, k, c, pad) VALUES (6352499, 13, 'foobar', 'foobar')
	Insert on sbtest8  (cost=0.00..0.01 rows=0 width=0)
	  ->  Result  (cost=0.00..0.01 rows=1 width=736)

for deletes
table 1 : explain DELETE FROM sbtest1 WHERE id=723919
	Delete on sbtest1  (cost=0.43..8.45 rows=0 width=0)
	  ->  Index Scan using sbtest1_pkey on sbtest1  (cost=0.43..8.45 rows=1 width=6)
	        Index Cond: (id = 723919)

table 2 : explain DELETE FROM sbtest2 WHERE id=3354221
	Delete on sbtest2  (cost=0.43..8.45 rows=0 width=0)
	  ->  Index Scan using sbtest2_pkey on sbtest2  (cost=0.43..8.45 rows=1 width=6)
	        Index Cond: (id = 3354221)

table 3 : explain DELETE FROM sbtest3 WHERE id=5835184
	Delete on sbtest3  (cost=0.43..8.45 rows=0 width=0)
	  ->  Index Scan using sbtest3_pkey on sbtest3  (cost=0.43..8.45 rows=1 width=6)
	        Index Cond: (id = 5835184)

table 4 : explain DELETE FROM sbtest4 WHERE id=7981218
	Delete on sbtest4  (cost=0.43..8.45 rows=0 width=0)
	  ->  Index Scan using sbtest4_pkey on sbtest4  (cost=0.43..8.45 rows=1 width=6)
	        Index Cond: (id = 7981218)

table 5 : explain DELETE FROM sbtest5 WHERE id=5152636
	Delete on sbtest5  (cost=0.43..8.45 rows=0 width=0)
	  ->  Index Scan using sbtest5_pkey on sbtest5  (cost=0.43..8.45 rows=1 width=6)
	        Index Cond: (id = 5152636)

table 6 : explain DELETE FROM sbtest6 WHERE id=4239019
	Delete on sbtest6  (cost=0.43..8.45 rows=0 width=0)
	  ->  Index Scan using sbtest6_pkey on sbtest6  (cost=0.43..8.45 rows=1 width=6)
	        Index Cond: (id = 4239019)

table 7 : explain DELETE FROM sbtest7 WHERE id=8128896
	Delete on sbtest7  (cost=0.43..8.45 rows=0 width=0)
	  ->  Index Scan using sbtest7_pkey on sbtest7  (cost=0.43..8.45 rows=1 width=6)
	        Index Cond: (id = 8128896)

table 8 : explain DELETE FROM sbtest8 WHERE id=7159289
	Delete on sbtest8  (cost=0.43..8.45 rows=0 width=0)
	  ->  Index Scan using sbtest8_pkey on sbtest8  (cost=0.43..8.45 rows=1 width=6)
	        Index Cond: (id = 7159289)

for deletes
table 1 : explain DELETE FROM sbtest1 WHERE id=8705553
	Delete on sbtest1  (cost=0.43..8.45 rows=0 width=0)
	  ->  Index Scan using sbtest1_pkey on sbtest1  (cost=0.43..8.45 rows=1 width=6)
	        Index Cond: (id = 8705553)

table 2 : explain DELETE FROM sbtest2 WHERE id=2537902
	Delete on sbtest2  (cost=0.43..8.45 rows=0 width=0)
	  ->  Index Scan using sbtest2_pkey on sbtest2  (cost=0.43..8.45 rows=1 width=6)
	        Index Cond: (id = 2537902)

table 3 : explain DELETE FROM sbtest3 WHERE id=7514648
	Delete on sbtest3  (cost=0.43..8.45 rows=0 width=0)
	  ->  Index Scan using sbtest3_pkey on sbtest3  (cost=0.43..8.45 rows=1 width=6)
	        Index Cond: (id = 7514648)

table 4 : explain DELETE FROM sbtest4 WHERE id=4107475
	Delete on sbtest4  (cost=0.43..8.45 rows=0 width=0)
	  ->  Index Scan using sbtest4_pkey on sbtest4  (cost=0.43..8.45 rows=1 width=6)
	        Index Cond: (id = 4107475)

table 5 : explain DELETE FROM sbtest5 WHERE id=1813376
	Delete on sbtest5  (cost=0.43..8.45 rows=0 width=0)
	  ->  Index Scan using sbtest5_pkey on sbtest5  (cost=0.43..8.45 rows=1 width=6)
	        Index Cond: (id = 1813376)

table 6 : explain DELETE FROM sbtest6 WHERE id=1913127
	Delete on sbtest6  (cost=0.43..8.45 rows=0 width=0)
	  ->  Index Scan using sbtest6_pkey on sbtest6  (cost=0.43..8.45 rows=1 width=6)
	        Index Cond: (id = 1913127)

table 7 : explain DELETE FROM sbtest7 WHERE id=6253903
	Delete on sbtest7  (cost=0.43..8.45 rows=0 width=0)
	  ->  Index Scan using sbtest7_pkey on sbtest7  (cost=0.43..8.45 rows=1 width=6)
	        Index Cond: (id = 6253903)

table 8 : explain DELETE FROM sbtest8 WHERE id=1306673
	Delete on sbtest8  (cost=0.43..8.45 rows=0 width=0)
	  ->  Index Scan using sbtest8_pkey on sbtest8  (cost=0.43..8.45 rows=1 width=6)
	        Index Cond: (id = 1306673)

for inserts
table 1 : explain INSERT INTO sbtest1 (id, k, c, pad) VALUES (9956182, 13, 'foobar', 'foobar')
	Insert on sbtest1  (cost=0.00..0.01 rows=0 width=0)
	  ->  Result  (cost=0.00..0.01 rows=1 width=736)

table 2 : explain INSERT INTO sbtest2 (id, k, c, pad) VALUES (290790, 13, 'foobar', 'foobar')
	Insert on sbtest2  (cost=0.00..0.01 rows=0 width=0)
	  ->  Result  (cost=0.00..0.01 rows=1 width=736)

table 3 : explain INSERT INTO sbtest3 (id, k, c, pad) VALUES (2307954, 13, 'foobar', 'foobar')
	Insert on sbtest3  (cost=0.00..0.01 rows=0 width=0)
	  ->  Result  (cost=0.00..0.01 rows=1 width=736)

table 4 : explain INSERT INTO sbtest4 (id, k, c, pad) VALUES (4256818, 13, 'foobar', 'foobar')
	Insert on sbtest4  (cost=0.00..0.01 rows=0 width=0)
	  ->  Result  (cost=0.00..0.01 rows=1 width=736)

table 5 : explain INSERT INTO sbtest5 (id, k, c, pad) VALUES (6098322, 13, 'foobar', 'foobar')
	Insert on sbtest5  (cost=0.00..0.01 rows=0 width=0)
	  ->  Result  (cost=0.00..0.01 rows=1 width=736)

table 6 : explain INSERT INTO sbtest6 (id, k, c, pad) VALUES (3831669, 13, 'foobar', 'foobar')
	Insert on sbtest6  (cost=0.00..0.01 rows=0 width=0)
	  ->  Result  (cost=0.00..0.01 rows=1 width=736)

table 7 : explain INSERT INTO sbtest7 (id, k, c, pad) VALUES (7398261, 13, 'foobar', 'foobar')
	Insert on sbtest7  (cost=0.00..0.01 rows=0 width=0)
	  ->  Result  (cost=0.00..0.01 rows=1 width=736)

table 8 : explain INSERT INTO sbtest8 (id, k, c, pad) VALUES (6677597, 13, 'foobar', 'foobar')
	Insert on sbtest8  (cost=0.00..0.01 rows=0 width=0)
	  ->  Result  (cost=0.00..0.01 rows=1 width=736)

explain: for non_index_updates :: explain UPDATE sbtest%u SET c='foobar' WHERE id=%u
explain: for inserts :: explain INSERT INTO sbtest%u (id, k, c, pad) VALUES (%u, 13, 'foobar', 'foobar')
explain: for inserts :: explain INSERT INTO sbtest%u (id, k, c, pad) VALUES (%u, 13, 'foobar', 'foobar')
explain: for inserts :: explain INSERT INTO sbtest%u (id, k, c, pad) VALUES (%u, 13, 'foobar', 'foobar')
for inserts
table 1 : explain INSERT INTO sbtest1 (id, k, c, pad) VALUES (168465, 13, 'foobar', 'foobar')
	Insert on sbtest1  (cost=0.00..0.01 rows=0 width=0)
	  ->  Result  (cost=0.00..0.01 rows=1 width=736)

table 2 : explain INSERT INTO sbtest2 (id, k, c, pad) VALUES (4200095, 13, 'foobar', 'foobar')
	Insert on sbtest2  (cost=0.00..0.01 rows=0 width=0)
	  ->  Result  (cost=0.00..0.01 rows=1 width=736)

table 3 : explain INSERT INTO sbtest3 (id, k, c, pad) VALUES (8989296, 13, 'foobar', 'foobar')
	Insert on sbtest3  (cost=0.00..0.01 rows=0 width=0)
	  ->  Result  (cost=0.00..0.01 rows=1 width=736)

table 4 : explain INSERT INTO sbtest4 (id, k, c, pad) VALUES (3586135, 13, 'foobar', 'foobar')
	Insert on sbtest4  (cost=0.00..0.01 rows=0 width=0)
	  ->  Result  (cost=0.00..0.01 rows=1 width=736)

table 5 : explain INSERT INTO sbtest5 (id, k, c, pad) VALUES (5956231, 13, 'foobar', 'foobar')
	Insert on sbtest5  (cost=0.00..0.01 rows=0 width=0)
	  ->  Result  (cost=0.00..0.01 rows=1 width=736)

table 6 : explain INSERT INTO sbtest6 (id, k, c, pad) VALUES (468813, 13, 'foobar', 'foobar')
	Insert on sbtest6  (cost=0.00..0.01 rows=0 width=0)
	  ->  Result  (cost=0.00..0.01 rows=1 width=736)

table 7 : explain INSERT INTO sbtest7 (id, k, c, pad) VALUES (7501793, 13, 'foobar', 'foobar')
	Insert on sbtest7  (cost=0.00..0.01 rows=0 width=0)
	  ->  Result  (cost=0.00..0.01 rows=1 width=736)

table 8 : explain INSERT INTO sbtest8 (id, k, c, pad) VALUES (8048163, 13, 'foobar', 'foobar')
	Insert on sbtest8  (cost=0.00..0.01 rows=0 width=0)
	  ->  Result  (cost=0.00..0.01 rows=1 width=736)

for non_index_updates
table 1 : explain UPDATE sbtest1 SET c='foobar' WHERE id=6804180
	Update on sbtest1  (cost=0.43..8.45 rows=0 width=0)
	  ->  Index Scan using sbtest1_pkey on sbtest1  (cost=0.43..8.45 rows=1 width=490)
	        Index Cond: (id = 6804180)

table 2 : explain UPDATE sbtest2 SET c='foobar' WHERE id=9997455
	Update on sbtest2  (cost=0.43..8.45 rows=0 width=0)
	  ->  Index Scan using sbtest2_pkey on sbtest2  (cost=0.43..8.45 rows=1 width=490)
	        Index Cond: (id = 9997455)

table 3 : explain UPDATE sbtest3 SET c='foobar' WHERE id=6473602
	Update on sbtest3  (cost=0.43..8.45 rows=0 width=0)
	  ->  Index Scan using sbtest3_pkey on sbtest3  (cost=0.43..8.45 rows=1 width=490)
	        Index Cond: (id = 6473602)

table 4 : explain UPDATE sbtest4 SET c='foobar' WHERE id=4680029
	Update on sbtest4  (cost=0.43..8.45 rows=0 width=0)
	  ->  Index Scan using sbtest4_pkey on sbtest4  (cost=0.43..8.45 rows=1 width=490)
	        Index Cond: (id = 4680029)

table 5 : explain UPDATE sbtest5 SET c='foobar' WHERE id=2133712
	Update on sbtest5  (cost=0.43..8.45 rows=0 width=0)
	  ->  Index Scan using sbtest5_pkey on sbtest5  (cost=0.43..8.45 rows=1 width=490)
	        Index Cond: (id = 2133712)

table 6 : explain UPDATE sbtest6 SET c='foobar' WHERE id=5799870
	Update on sbtest6  (cost=0.43..8.45 rows=0 width=0)
	  ->  Index Scan using sbtest6_pkey on sbtest6  (cost=0.43..8.45 rows=1 width=490)
	        Index Cond: (id = 5799870)

table 7 : explain UPDATE sbtest7 SET c='foobar' WHERE id=2851534
	Update on sbtest7  (cost=0.43..8.45 rows=0 width=0)
	  ->  Index Scan using sbtest7_pkey on sbtest7  (cost=0.43..8.45 rows=1 width=490)
	        Index Cond: (id = 2851534)

table 8 : explain UPDATE sbtest8 SET c='foobar' WHERE id=8622179
	Update on sbtest8  (cost=0.43..8.45 rows=0 width=0)
	  ->  Index Scan using sbtest8_pkey on sbtest8  (cost=0.43..8.45 rows=1 width=490)
	        Index Cond: (id = 8622179)

for inserts
table 1 : explain INSERT INTO sbtest1 (id, k, c, pad) VALUES (3375614, 13, 'foobar', 'foobar')
	Insert on sbtest1  (cost=0.00..0.01 rows=0 width=0)
	  ->  Result  (cost=0.00..0.01 rows=1 width=736)

table 2 : explain INSERT INTO sbtest2 (id, k, c, pad) VALUES (1406672, 13, 'foobar', 'foobar')
	Insert on sbtest2  (cost=0.00..0.01 rows=0 width=0)
	  ->  Result  (cost=0.00..0.01 rows=1 width=736)

table 3 : explain INSERT INTO sbtest3 (id, k, c, pad) VALUES (9703162, 13, 'foobar', 'foobar')
	Insert on sbtest3  (cost=0.00..0.01 rows=0 width=0)
	  ->  Result  (cost=0.00..0.01 rows=1 width=736)

table 4 : explain INSERT INTO sbtest4 (id, k, c, pad) VALUES (1206721, 13, 'foobar', 'foobar')
	Insert on sbtest4  (cost=0.00..0.01 rows=0 width=0)
	  ->  Result  (cost=0.00..0.01 rows=1 width=736)

table 5 : explain INSERT INTO sbtest5 (id, k, c, pad) VALUES (3599209, 13, 'foobar', 'foobar')
	Insert on sbtest5  (cost=0.00..0.01 rows=0 width=0)
	  ->  Result  (cost=0.00..0.01 rows=1 width=736)

table 6 : explain INSERT INTO sbtest6 (id, k, c, pad) VALUES (6633225, 13, 'foobar', 'foobar')
	Insert on sbtest6  (cost=0.00..0.01 rows=0 width=0)
	  ->  Result  (cost=0.00..0.01 rows=1 width=736)

table 7 : explain INSERT INTO sbtest7 (id, k, c, pad) VALUES (3779110, 13, 'foobar', 'foobar')
	Insert on sbtest7  (cost=0.00..0.01 rows=0 width=0)
	  ->  Result  (cost=0.00..0.01 rows=1 width=736)

table 8 : explain INSERT INTO sbtest8 (id, k, c, pad) VALUES (7062787, 13, 'foobar', 'foobar')
	Insert on sbtest8  (cost=0.00..0.01 rows=0 width=0)
	  ->  Result  (cost=0.00..0.01 rows=1 width=736)

explain: for deletes :: explain DELETE FROM sbtest%u WHERE id=%u
for inserts
table 1 : explain INSERT INTO sbtest1 (id, k, c, pad) VALUES (6521681, 13, 'foobar', 'foobar')
	Insert on sbtest1  (cost=0.00..0.01 rows=0 width=0)
	  ->  Result  (cost=0.00..0.01 rows=1 width=736)

table 2 : explain INSERT INTO sbtest2 (id, k, c, pad) VALUES (7934874, 13, 'foobar', 'foobar')
	Insert on sbtest2  (cost=0.00..0.01 rows=0 width=0)
	  ->  Result  (cost=0.00..0.01 rows=1 width=736)

table 3 : explain INSERT INTO sbtest3 (id, k, c, pad) VALUES (9064136, 13, 'foobar', 'foobar')
	Insert on sbtest3  (cost=0.00..0.01 rows=0 width=0)
	  ->  Result  (cost=0.00..0.01 rows=1 width=736)

table 4 : explain INSERT INTO sbtest4 (id, k, c, pad) VALUES (91318, 13, 'foobar', 'foobar')
	Insert on sbtest4  (cost=0.00..0.01 rows=0 width=0)
	  ->  Result  (cost=0.00..0.01 rows=1 width=736)

table 5 : explain INSERT INTO sbtest5 (id, k, c, pad) VALUES (7924166, 13, 'foobar', 'foobar')
	Insert on sbtest5  (cost=0.00..0.01 rows=0 width=0)
	  ->  Result  (cost=0.00..0.01 rows=1 width=736)

table 6 : explain INSERT INTO sbtest6 (id, k, c, pad) VALUES (4908601, 13, 'foobar', 'foobar')
	Insert on sbtest6  (cost=0.00..0.01 rows=0 width=0)
	  ->  Result  (cost=0.00..0.01 rows=1 width=736)

table 7 : explain INSERT INTO sbtest7 (id, k, c, pad) VALUES (640631, 13, 'foobar', 'foobar')
	Insert on sbtest7  (cost=0.00..0.01 rows=0 width=0)
	  ->  Result  (cost=0.00..0.01 rows=1 width=736)

table 8 : explain INSERT INTO sbtest8 (id, k, c, pad) VALUES (7672350, 13, 'foobar', 'foobar')
	Insert on sbtest8  (cost=0.00..0.01 rows=0 width=0)
	  ->  Result  (cost=0.00..0.01 rows=1 width=736)

for deletes
table 1 : explain DELETE FROM sbtest1 WHERE id=3880519
	Delete on sbtest1  (cost=0.43..8.45 rows=0 width=0)
	  ->  Index Scan using sbtest1_pkey on sbtest1  (cost=0.43..8.45 rows=1 width=6)
	        Index Cond: (id = 3880519)

table 2 : explain DELETE FROM sbtest2 WHERE id=6501451
	Delete on sbtest2  (cost=0.43..8.45 rows=0 width=0)
	  ->  Index Scan using sbtest2_pkey on sbtest2  (cost=0.43..8.45 rows=1 width=6)
	        Index Cond: (id = 6501451)

table 3 : explain DELETE FROM sbtest3 WHERE id=5938985
	Delete on sbtest3  (cost=0.43..8.45 rows=0 width=0)
	  ->  Index Scan using sbtest3_pkey on sbtest3  (cost=0.43..8.45 rows=1 width=6)
	        Index Cond: (id = 5938985)

table 4 : explain DELETE FROM sbtest4 WHERE id=6737804
	Delete on sbtest4  (cost=0.43..8.45 rows=0 width=0)
	  ->  Index Scan using sbtest4_pkey on sbtest4  (cost=0.43..8.45 rows=1 width=6)
	        Index Cond: (id = 6737804)

table 5 : explain DELETE FROM sbtest5 WHERE id=973886
	Delete on sbtest5  (cost=0.43..8.45 rows=0 width=0)
	  ->  Index Scan using sbtest5_pkey on sbtest5  (cost=0.43..8.45 rows=1 width=6)
	        Index Cond: (id = 973886)

table 6 : explain DELETE FROM sbtest6 WHERE id=1388164
	Delete on sbtest6  (cost=0.43..8.45 rows=0 width=0)
	  ->  Index Scan using sbtest6_pkey on sbtest6  (cost=0.43..8.45 rows=1 width=6)
	        Index Cond: (id = 1388164)

table 7 : explain DELETE FROM sbtest7 WHERE id=9120113
	Delete on sbtest7  (cost=0.43..8.45 rows=0 width=0)
	  ->  Index Scan using sbtest7_pkey on sbtest7  (cost=0.43..8.45 rows=1 width=6)
	        Index Cond: (id = 9120113)

table 8 : explain DELETE FROM sbtest8 WHERE id=1971166
	Delete on sbtest8  (cost=0.43..8.45 rows=0 width=0)
	  ->  Index Scan using sbtest8_pkey on sbtest8  (cost=0.43..8.45 rows=1 width=6)
	        Index Cond: (id = 1971166)

explain: for inserts :: explain INSERT INTO sbtest%u (id, k, c, pad) VALUES (%u, 13, 'foobar', 'foobar')
explain: for inserts :: explain INSERT INTO sbtest%u (id, k, c, pad) VALUES (%u, 13, 'foobar', 'foobar')
for inserts
table 1 : explain INSERT INTO sbtest1 (id, k, c, pad) VALUES (7995477, 13, 'foobar', 'foobar')
	Insert on sbtest1  (cost=0.00..0.01 rows=0 width=0)
	  ->  Result  (cost=0.00..0.01 rows=1 width=736)

table 2 : explain INSERT INTO sbtest2 (id, k, c, pad) VALUES (5468111, 13, 'foobar', 'foobar')
	Insert on sbtest2  (cost=0.00..0.01 rows=0 width=0)
	  ->  Result  (cost=0.00..0.01 rows=1 width=736)

table 3 : explain INSERT INTO sbtest3 (id, k, c, pad) VALUES (4441980, 13, 'foobar', 'foobar')
	Insert on sbtest3  (cost=0.00..0.01 rows=0 width=0)
	  ->  Result  (cost=0.00..0.01 rows=1 width=736)

table 4 : explain INSERT INTO sbtest4 (id, k, c, pad) VALUES (3059547, 13, 'foobar', 'foobar')
	Insert on sbtest4  (cost=0.00..0.01 rows=0 width=0)
	  ->  Result  (cost=0.00..0.01 rows=1 width=736)

table 5 : explain INSERT INTO sbtest5 (id, k, c, pad) VALUES (6072457, 13, 'foobar', 'foobar')
	Insert on sbtest5  (cost=0.00..0.01 rows=0 width=0)
	  ->  Result  (cost=0.00..0.01 rows=1 width=736)

table 6 : explain INSERT INTO sbtest6 (id, k, c, pad) VALUES (5635965, 13, 'foobar', 'foobar')
	Insert on sbtest6  (cost=0.00..0.01 rows=0 width=0)
	  ->  Result  (cost=0.00..0.01 rows=1 width=736)

table 7 : explain INSERT INTO sbtest7 (id, k, c, pad) VALUES (5628997, 13, 'foobar', 'foobar')
	Insert on sbtest7  (cost=0.00..0.01 rows=0 width=0)
	  ->  Result  (cost=0.00..0.01 rows=1 width=736)

table 8 : explain INSERT INTO sbtest8 (id, k, c, pad) VALUES (3627655, 13, 'foobar', 'foobar')
	Insert on sbtest8  (cost=0.00..0.01 rows=0 width=0)
	  ->  Result  (cost=0.00..0.01 rows=1 width=736)

for non_index_updates
table 1 : explain UPDATE sbtest1 SET c='foobar' WHERE id=8853440
	Update on sbtest1  (cost=0.43..8.45 rows=0 width=0)
	  ->  Index Scan using sbtest1_pkey on sbtest1  (cost=0.43..8.45 rows=1 width=490)
	        Index Cond: (id = 8853440)

table 2 : explain UPDATE sbtest2 SET c='foobar' WHERE id=1058404
	Update on sbtest2  (cost=0.43..8.45 rows=0 width=0)
	  ->  Index Scan using sbtest2_pkey on sbtest2  (cost=0.43..8.45 rows=1 width=490)
	        Index Cond: (id = 1058404)

table 3 : explain UPDATE sbtest3 SET c='foobar' WHERE id=4685342
	Update on sbtest3  (cost=0.43..8.45 rows=0 width=0)
	  ->  Index Scan using sbtest3_pkey on sbtest3  (cost=0.43..8.45 rows=1 width=490)
	        Index Cond: (id = 4685342)

table 4 : explain UPDATE sbtest4 SET c='foobar' WHERE id=5703345
	Update on sbtest4  (cost=0.43..8.45 rows=0 width=0)
	  ->  Index Scan using sbtest4_pkey on sbtest4  (cost=0.43..8.45 rows=1 width=490)
	        Index Cond: (id = 5703345)

table 5 : explain UPDATE sbtest5 SET c='foobar' WHERE id=2408852
	Update on sbtest5  (cost=0.43..8.45 rows=0 width=0)
	  ->  Index Scan using sbtest5_pkey on sbtest5  (cost=0.43..8.45 rows=1 width=490)
	        Index Cond: (id = 2408852)

table 6 : explain UPDATE sbtest6 SET c='foobar' WHERE id=3717692
	Update on sbtest6  (cost=0.43..8.45 rows=0 width=0)
	  ->  Index Scan using sbtest6_pkey on sbtest6  (cost=0.43..8.45 rows=1 width=490)
	        Index Cond: (id = 3717692)

table 7 : explain UPDATE sbtest7 SET c='foobar' WHERE id=694359
	Update on sbtest7  (cost=0.43..8.45 rows=0 width=0)
	  ->  Index Scan using sbtest7_pkey on sbtest7  (cost=0.43..8.45 rows=1 width=490)
	        Index Cond: (id = 694359)

table 8 : explain UPDATE sbtest8 SET c='foobar' WHERE id=1369096
	Update on sbtest8  (cost=0.43..8.45 rows=0 width=0)
	  ->  Index Scan using sbtest8_pkey on sbtest8  (cost=0.43..8.45 rows=1 width=490)
	        Index Cond: (id = 1369096)

for inserts
table 1 : explain INSERT INTO sbtest1 (id, k, c, pad) VALUES (949886, 13, 'foobar', 'foobar')
	Insert on sbtest1  (cost=0.00..0.01 rows=0 width=0)
	  ->  Result  (cost=0.00..0.01 rows=1 width=736)

table 2 : explain INSERT INTO sbtest2 (id, k, c, pad) VALUES (5939464, 13, 'foobar', 'foobar')
	Insert on sbtest2  (cost=0.00..0.01 rows=0 width=0)
	  ->  Result  (cost=0.00..0.01 rows=1 width=736)

table 3 : explain INSERT INTO sbtest3 (id, k, c, pad) VALUES (5748649, 13, 'foobar', 'foobar')
	Insert on sbtest3  (cost=0.00..0.01 rows=0 width=0)
	  ->  Result  (cost=0.00..0.01 rows=1 width=736)

table 4 : explain INSERT INTO sbtest4 (id, k, c, pad) VALUES (7254124, 13, 'foobar', 'foobar')
	Insert on sbtest4  (cost=0.00..0.01 rows=0 width=0)
	  ->  Result  (cost=0.00..0.01 rows=1 width=736)

table 5 : explain INSERT INTO sbtest5 (id, k, c, pad) VALUES (8665013, 13, 'foobar', 'foobar')
	Insert on sbtest5  (cost=0.00..0.01 rows=0 width=0)
	  ->  Result  (cost=0.00..0.01 rows=1 width=736)

table 6 : explain INSERT INTO sbtest6 (id, k, c, pad) VALUES (3280182, 13, 'foobar', 'foobar')
	Insert on sbtest6  (cost=0.00..0.01 rows=0 width=0)
	  ->  Result  (cost=0.00..0.01 rows=1 width=736)

table 7 : explain INSERT INTO sbtest7 (id, k, c, pad) VALUES (6140734, 13, 'foobar', 'foobar')
	Insert on sbtest7  (cost=0.00..0.01 rows=0 width=0)
	  ->  Result  (cost=0.00..0.01 rows=1 width=736)

table 8 : explain INSERT INTO sbtest8 (id, k, c, pad) VALUES (8764087, 13, 'foobar', 'foobar')
	Insert on sbtest8  (cost=0.00..0.01 rows=0 width=0)
	  ->  Result  (cost=0.00..0.01 rows=1 width=736)

explain: for inserts :: explain INSERT INTO sbtest%u (id, k, c, pad) VALUES (%u, 13, 'foobar', 'foobar')
explain: for deletes :: explain DELETE FROM sbtest%u WHERE id=%u
for deletes
table 1 : explain DELETE FROM sbtest1 WHERE id=1915835
	Delete on sbtest1  (cost=0.43..8.45 rows=0 width=0)
	  ->  Index Scan using sbtest1_pkey on sbtest1  (cost=0.43..8.45 rows=1 width=6)
	        Index Cond: (id = 1915835)

table 2 : explain DELETE FROM sbtest2 WHERE id=6256510
	Delete on sbtest2  (cost=0.43..8.45 rows=0 width=0)
	  ->  Index Scan using sbtest2_pkey on sbtest2  (cost=0.43..8.45 rows=1 width=6)
	        Index Cond: (id = 6256510)

table 3 : explain DELETE FROM sbtest3 WHERE id=1587653
	Delete on sbtest3  (cost=0.43..8.45 rows=0 width=0)
	  ->  Index Scan using sbtest3_pkey on sbtest3  (cost=0.43..8.45 rows=1 width=6)
	        Index Cond: (id = 1587653)

table 4 : explain DELETE FROM sbtest4 WHERE id=8043809
	Delete on sbtest4  (cost=0.43..8.45 rows=0 width=0)
	  ->  Index Scan using sbtest4_pkey on sbtest4  (cost=0.43..8.45 rows=1 width=6)
	        Index Cond: (id = 8043809)

table 5 : explain DELETE FROM sbtest5 WHERE id=2913700
	Delete on sbtest5  (cost=0.43..8.45 rows=0 width=0)
	  ->  Index Scan using sbtest5_pkey on sbtest5  (cost=0.43..8.45 rows=1 width=6)
	        Index Cond: (id = 2913700)

table 6 : explain DELETE FROM sbtest6 WHERE id=566698
	Delete on sbtest6  (cost=0.43..8.45 rows=0 width=0)
	  ->  Index Scan using sbtest6_pkey on sbtest6  (cost=0.43..8.45 rows=1 width=6)
	        Index Cond: (id = 566698)

table 7 : explain DELETE FROM sbtest7 WHERE id=5699128
	Delete on sbtest7  (cost=0.43..8.45 rows=0 width=0)
	  ->  Index Scan using sbtest7_pkey on sbtest7  (cost=0.43..8.45 rows=1 width=6)
	        Index Cond: (id = 5699128)

table 8 : explain DELETE FROM sbtest8 WHERE id=7600845
	Delete on sbtest8  (cost=0.43..8.45 rows=0 width=0)
	  ->  Index Scan using sbtest8_pkey on sbtest8  (cost=0.43..8.45 rows=1 width=6)
	        Index Cond: (id = 7600845)

for inserts
table 1 : explain INSERT INTO sbtest1 (id, k, c, pad) VALUES (3098081, 13, 'foobar', 'foobar')
	Insert on sbtest1  (cost=0.00..0.01 rows=0 width=0)
	  ->  Result  (cost=0.00..0.01 rows=1 width=736)

table 2 : explain INSERT INTO sbtest2 (id, k, c, pad) VALUES (9374841, 13, 'foobar', 'foobar')
	Insert on sbtest2  (cost=0.00..0.01 rows=0 width=0)
	  ->  Result  (cost=0.00..0.01 rows=1 width=736)

table 3 : explain INSERT INTO sbtest3 (id, k, c, pad) VALUES (2024196, 13, 'foobar', 'foobar')
	Insert on sbtest3  (cost=0.00..0.01 rows=0 width=0)
	  ->  Result  (cost=0.00..0.01 rows=1 width=736)

table 4 : explain INSERT INTO sbtest4 (id, k, c, pad) VALUES (823499, 13, 'foobar', 'foobar')
	Insert on sbtest4  (cost=0.00..0.01 rows=0 width=0)
	  ->  Result  (cost=0.00..0.01 rows=1 width=736)

table 5 : explain INSERT INTO sbtest5 (id, k, c, pad) VALUES (1201881, 13, 'foobar', 'foobar')
	Insert on sbtest5  (cost=0.00..0.01 rows=0 width=0)
	  ->  Result  (cost=0.00..0.01 rows=1 width=736)

table 6 : explain INSERT INTO sbtest6 (id, k, c, pad) VALUES (2581556, 13, 'foobar', 'foobar')
	Insert on sbtest6  (cost=0.00..0.01 rows=0 width=0)
	  ->  Result  (cost=0.00..0.01 rows=1 width=736)

table 7 : explain INSERT INTO sbtest7 (id, k, c, pad) VALUES (3342747, 13, 'foobar', 'foobar')
	Insert on sbtest7  (cost=0.00..0.01 rows=0 width=0)
	  ->  Result  (cost=0.00..0.01 rows=1 width=736)

table 8 : explain INSERT INTO sbtest8 (id, k, c, pad) VALUES (9783293, 13, 'foobar', 'foobar')
	Insert on sbtest8  (cost=0.00..0.01 rows=0 width=0)
	  ->  Result  (cost=0.00..0.01 rows=1 width=736)

for deletes
table 1 : explain DELETE FROM sbtest1 WHERE id=6847054
	Delete on sbtest1  (cost=0.43..8.45 rows=0 width=0)
	  ->  Index Scan using sbtest1_pkey on sbtest1  (cost=0.43..8.45 rows=1 width=6)
	        Index Cond: (id = 6847054)

table 2 : explain DELETE FROM sbtest2 WHERE id=6872827
	Delete on sbtest2  (cost=0.43..8.45 rows=0 width=0)
	  ->  Index Scan using sbtest2_pkey on sbtest2  (cost=0.43..8.45 rows=1 width=6)
	        Index Cond: (id = 6872827)

table 3 : explain DELETE FROM sbtest3 WHERE id=8914990
	Delete on sbtest3  (cost=0.43..8.45 rows=0 width=0)
	  ->  Index Scan using sbtest3_pkey on sbtest3  (cost=0.43..8.45 rows=1 width=6)
	        Index Cond: (id = 8914990)

table 4 : explain DELETE FROM sbtest4 WHERE id=6886884
	Delete on sbtest4  (cost=0.43..8.45 rows=0 width=0)
	  ->  Index Scan using sbtest4_pkey on sbtest4  (cost=0.43..8.45 rows=1 width=6)
	        Index Cond: (id = 6886884)

table 5 : explain DELETE FROM sbtest5 WHERE id=6773243
	Delete on sbtest5  (cost=0.43..8.45 rows=0 width=0)
	  ->  Index Scan using sbtest5_pkey on sbtest5  (cost=0.43..8.45 rows=1 width=6)
	        Index Cond: (id = 6773243)

table 6 : explain DELETE FROM sbtest6 WHERE id=7492016
	Delete on sbtest6  (cost=0.43..8.45 rows=0 width=0)
	  ->  Index Scan using sbtest6_pkey on sbtest6  (cost=0.43..8.45 rows=1 width=6)
	        Index Cond: (id = 7492016)

table 7 : explain DELETE FROM sbtest7 WHERE id=8436665
	Delete on sbtest7  (cost=0.43..8.45 rows=0 width=0)
	  ->  Index Scan using sbtest7_pkey on sbtest7  (cost=0.43..8.45 rows=1 width=6)
	        Index Cond: (id = 8436665)

table 8 : explain DELETE FROM sbtest8 WHERE id=7093908
	Delete on sbtest8  (cost=0.43..8.45 rows=0 width=0)
	  ->  Index Scan using sbtest8_pkey on sbtest8  (cost=0.43..8.45 rows=1 width=6)
	        Index Cond: (id = 7093908)

explain: for inserts :: explain INSERT INTO sbtest%u (id, k, c, pad) VALUES (%u, 13, 'foobar', 'foobar')
for inserts
table 1 : explain INSERT INTO sbtest1 (id, k, c, pad) VALUES (6386709, 13, 'foobar', 'foobar')
	Insert on sbtest1  (cost=0.00..0.01 rows=0 width=0)
	  ->  Result  (cost=0.00..0.01 rows=1 width=736)

table 2 : explain INSERT INTO sbtest2 (id, k, c, pad) VALUES (8309938, 13, 'foobar', 'foobar')
	Insert on sbtest2  (cost=0.00..0.01 rows=0 width=0)
	  ->  Result  (cost=0.00..0.01 rows=1 width=736)

table 3 : explain INSERT INTO sbtest3 (id, k, c, pad) VALUES (142786, 13, 'foobar', 'foobar')
	Insert on sbtest3  (cost=0.00..0.01 rows=0 width=0)
	  ->  Result  (cost=0.00..0.01 rows=1 width=736)

table 4 : explain INSERT INTO sbtest4 (id, k, c, pad) VALUES (9596587, 13, 'foobar', 'foobar')
	Insert on sbtest4  (cost=0.00..0.01 rows=0 width=0)
	  ->  Result  (cost=0.00..0.01 rows=1 width=736)

table 5 : explain INSERT INTO sbtest5 (id, k, c, pad) VALUES (1345887, 13, 'foobar', 'foobar')
	Insert on sbtest5  (cost=0.00..0.01 rows=0 width=0)
	  ->  Result  (cost=0.00..0.01 rows=1 width=736)

table 6 : explain INSERT INTO sbtest6 (id, k, c, pad) VALUES (9215712, 13, 'foobar', 'foobar')
	Insert on sbtest6  (cost=0.00..0.01 rows=0 width=0)
	  ->  Result  (cost=0.00..0.01 rows=1 width=736)

table 7 : explain INSERT INTO sbtest7 (id, k, c, pad) VALUES (3569924, 13, 'foobar', 'foobar')
	Insert on sbtest7  (cost=0.00..0.01 rows=0 width=0)
	  ->  Result  (cost=0.00..0.01 rows=1 width=736)

table 8 : explain INSERT INTO sbtest8 (id, k, c, pad) VALUES (5222201, 13, 'foobar', 'foobar')
	Insert on sbtest8  (cost=0.00..0.01 rows=0 width=0)
	  ->  Result  (cost=0.00..0.01 rows=1 width=736)

explain: for inserts :: explain INSERT INTO sbtest%u (id, k, c, pad) VALUES (%u, 13, 'foobar', 'foobar')
for inserts
table 1 : explain INSERT INTO sbtest1 (id, k, c, pad) VALUES (8235846, 13, 'foobar', 'foobar')
	Insert on sbtest1  (cost=0.00..0.01 rows=0 width=0)
	  ->  Result  (cost=0.00..0.01 rows=1 width=736)

table 2 : explain INSERT INTO sbtest2 (id, k, c, pad) VALUES (4083787, 13, 'foobar', 'foobar')
	Insert on sbtest2  (cost=0.00..0.01 rows=0 width=0)
	  ->  Result  (cost=0.00..0.01 rows=1 width=736)

table 3 : explain INSERT INTO sbtest3 (id, k, c, pad) VALUES (3459691, 13, 'foobar', 'foobar')
	Insert on sbtest3  (cost=0.00..0.01 rows=0 width=0)
	  ->  Result  (cost=0.00..0.01 rows=1 width=736)

table 4 : explain INSERT INTO sbtest4 (id, k, c, pad) VALUES (6418363, 13, 'foobar', 'foobar')
	Insert on sbtest4  (cost=0.00..0.01 rows=0 width=0)
	  ->  Result  (cost=0.00..0.01 rows=1 width=736)

table 5 : explain INSERT INTO sbtest5 (id, k, c, pad) VALUES (5387004, 13, 'foobar', 'foobar')
	Insert on sbtest5  (cost=0.00..0.01 rows=0 width=0)
	  ->  Result  (cost=0.00..0.01 rows=1 width=736)

table 6 : explain INSERT INTO sbtest6 (id, k, c, pad) VALUES (2367362, 13, 'foobar', 'foobar')
	Insert on sbtest6  (cost=0.00..0.01 rows=0 width=0)
	  ->  Result  (cost=0.00..0.01 rows=1 width=736)

table 7 : explain INSERT INTO sbtest7 (id, k, c, pad) VALUES (9567803, 13, 'foobar', 'foobar')
	Insert on sbtest7  (cost=0.00..0.01 rows=0 width=0)
	  ->  Result  (cost=0.00..0.01 rows=1 width=736)

table 8 : explain INSERT INTO sbtest8 (id, k, c, pad) VALUES (2163487, 13, 'foobar', 'foobar')
	Insert on sbtest8  (cost=0.00..0.01 rows=0 width=0)
	  ->  Result  (cost=0.00..0.01 rows=1 width=736)

for inserts
table 1 : explain INSERT INTO sbtest1 (id, k, c, pad) VALUES (9405124, 13, 'foobar', 'foobar')
	Insert on sbtest1  (cost=0.00..0.01 rows=0 width=0)
	  ->  Result  (cost=0.00..0.01 rows=1 width=736)

table 2 : explain INSERT INTO sbtest2 (id, k, c, pad) VALUES (2899738, 13, 'foobar', 'foobar')
	Insert on sbtest2  (cost=0.00..0.01 rows=0 width=0)
	  ->  Result  (cost=0.00..0.01 rows=1 width=736)

table 3 : explain INSERT INTO sbtest3 (id, k, c, pad) VALUES (8021542, 13, 'foobar', 'foobar')
	Insert on sbtest3  (cost=0.00..0.01 rows=0 width=0)
	  ->  Result  (cost=0.00..0.01 rows=1 width=736)

table 4 : explain INSERT INTO sbtest4 (id, k, c, pad) VALUES (9324570, 13, 'foobar', 'foobar')
	Insert on sbtest4  (cost=0.00..0.01 rows=0 width=0)
	  ->  Result  (cost=0.00..0.01 rows=1 width=736)

table 5 : explain INSERT INTO sbtest5 (id, k, c, pad) VALUES (2160616, 13, 'foobar', 'foobar')
	Insert on sbtest5  (cost=0.00..0.01 rows=0 width=0)
	  ->  Result  (cost=0.00..0.01 rows=1 width=736)

table 6 : explain INSERT INTO sbtest6 (id, k, c, pad) VALUES (8863744, 13, 'foobar', 'foobar')
	Insert on sbtest6  (cost=0.00..0.01 rows=0 width=0)
	  ->  Result  (cost=0.00..0.01 rows=1 width=736)

table 7 : explain INSERT INTO sbtest7 (id, k, c, pad) VALUES (8746748, 13, 'foobar', 'foobar')
	Insert on sbtest7  (cost=0.00..0.01 rows=0 width=0)
	  ->  Result  (cost=0.00..0.01 rows=1 width=736)

table 8 : explain INSERT INTO sbtest8 (id, k, c, pad) VALUES (3747350, 13, 'foobar', 'foobar')
	Insert on sbtest8  (cost=0.00..0.01 rows=0 width=0)
	  ->  Result  (cost=0.00..0.01 rows=1 width=736)

for deletes
table 1 : explain DELETE FROM sbtest1 WHERE id=2537664
	Delete on sbtest1  (cost=0.43..8.45 rows=0 width=0)
	  ->  Index Scan using sbtest1_pkey on sbtest1  (cost=0.43..8.45 rows=1 width=6)
	        Index Cond: (id = 2537664)

table 2 : explain DELETE FROM sbtest2 WHERE id=48783
	Delete on sbtest2  (cost=0.43..8.45 rows=0 width=0)
	  ->  Index Scan using sbtest2_pkey on sbtest2  (cost=0.43..8.45 rows=1 width=6)
	        Index Cond: (id = 48783)

table 3 : explain DELETE FROM sbtest3 WHERE id=2271037
	Delete on sbtest3  (cost=0.43..8.45 rows=0 width=0)
	  ->  Index Scan using sbtest3_pkey on sbtest3  (cost=0.43..8.45 rows=1 width=6)
	        Index Cond: (id = 2271037)

table 4 : explain DELETE FROM sbtest4 WHERE id=6650922
	Delete on sbtest4  (cost=0.43..8.45 rows=0 width=0)
	  ->  Index Scan using sbtest4_pkey on sbtest4  (cost=0.43..8.45 rows=1 width=6)
	        Index Cond: (id = 6650922)

table 5 : explain DELETE FROM sbtest5 WHERE id=5918604
	Delete on sbtest5  (cost=0.43..8.45 rows=0 width=0)
	  ->  Index Scan using sbtest5_pkey on sbtest5  (cost=0.43..8.45 rows=1 width=6)
	        Index Cond: (id = 5918604)

table 6 : explain DELETE FROM sbtest6 WHERE id=9554470
	Delete on sbtest6  (cost=0.43..8.45 rows=0 width=0)
	  ->  Index Scan using sbtest6_pkey on sbtest6  (cost=0.43..8.45 rows=1 width=6)
	        Index Cond: (id = 9554470)

table 7 : explain DELETE FROM sbtest7 WHERE id=2486882
	Delete on sbtest7  (cost=0.43..8.45 rows=0 width=0)
	  ->  Index Scan using sbtest7_pkey on sbtest7  (cost=0.43..8.45 rows=1 width=6)
	        Index Cond: (id = 2486882)

table 8 : explain DELETE FROM sbtest8 WHERE id=3395308
	Delete on sbtest8  (cost=0.43..8.45 rows=0 width=0)
	  ->  Index Scan using sbtest8_pkey on sbtest8  (cost=0.43..8.45 rows=1 width=6)
	        Index Cond: (id = 3395308)

for point_selects
table 1 : explain SELECT c FROM sbtest1 WHERE id=7415348
	Index Scan using sbtest1_pkey on sbtest1  (cost=0.43..8.45 rows=1 width=121)
	  Index Cond: (id = 7415348)

table 2 : explain SELECT c FROM sbtest2 WHERE id=5365027
	Index Scan using sbtest2_pkey on sbtest2  (cost=0.43..8.45 rows=1 width=121)
	  Index Cond: (id = 5365027)

table 3 : explain SELECT c FROM sbtest3 WHERE id=4909487
	Index Scan using sbtest3_pkey on sbtest3  (cost=0.43..8.45 rows=1 width=121)
	  Index Cond: (id = 4909487)

table 4 : explain SELECT c FROM sbtest4 WHERE id=9920085
	Index Scan using sbtest4_pkey on sbtest4  (cost=0.43..8.45 rows=1 width=121)
	  Index Cond: (id = 9920085)

table 5 : explain SELECT c FROM sbtest5 WHERE id=6253110
	Index Scan using sbtest5_pkey on sbtest5  (cost=0.43..8.45 rows=1 width=121)
	  Index Cond: (id = 6253110)

table 6 : explain SELECT c FROM sbtest6 WHERE id=8429803
	Index Scan using sbtest6_pkey on sbtest6  (cost=0.43..8.45 rows=1 width=121)
	  Index Cond: (id = 8429803)

table 7 : explain SELECT c FROM sbtest7 WHERE id=1799865
	Index Scan using sbtest7_pkey on sbtest7  (cost=0.43..8.45 rows=1 width=121)
	  Index Cond: (id = 1799865)

table 8 : explain SELECT c FROM sbtest8 WHERE id=3771306
	Index Scan using sbtest8_pkey on sbtest8  (cost=0.43..8.45 rows=1 width=121)
	  Index Cond: (id = 3771306)

explain: for non_index_updates :: explain UPDATE sbtest%u SET c='foobar' WHERE id=%u
explain: for inserts :: explain INSERT INTO sbtest%u (id, k, c, pad) VALUES (%u, 13, 'foobar', 'foobar')
for non_index_updates
table 1 : explain UPDATE sbtest1 SET c='foobar' WHERE id=3554441
	Update on sbtest1  (cost=0.43..8.45 rows=0 width=0)
	  ->  Index Scan using sbtest1_pkey on sbtest1  (cost=0.43..8.45 rows=1 width=490)
	        Index Cond: (id = 3554441)

table 2 : explain UPDATE sbtest2 SET c='foobar' WHERE id=1445503
	Update on sbtest2  (cost=0.43..8.45 rows=0 width=0)
	  ->  Index Scan using sbtest2_pkey on sbtest2  (cost=0.43..8.45 rows=1 width=490)
	        Index Cond: (id = 1445503)

table 3 : explain UPDATE sbtest3 SET c='foobar' WHERE id=5651997
	Update on sbtest3  (cost=0.43..8.45 rows=0 width=0)
	  ->  Index Scan using sbtest3_pkey on sbtest3  (cost=0.43..8.45 rows=1 width=490)
	        Index Cond: (id = 5651997)

table 4 : explain UPDATE sbtest4 SET c='foobar' WHERE id=2472416
	Update on sbtest4  (cost=0.43..8.45 rows=0 width=0)
	  ->  Index Scan using sbtest4_pkey on sbtest4  (cost=0.43..8.45 rows=1 width=490)
	        Index Cond: (id = 2472416)

table 5 : explain UPDATE sbtest5 SET c='foobar' WHERE id=8369592
	Update on sbtest5  (cost=0.43..8.45 rows=0 width=0)
	  ->  Index Scan using sbtest5_pkey on sbtest5  (cost=0.43..8.45 rows=1 width=490)
	        Index Cond: (id = 8369592)

table 6 : explain UPDATE sbtest6 SET c='foobar' WHERE id=865766
	Update on sbtest6  (cost=0.43..8.45 rows=0 width=0)
	  ->  Index Scan using sbtest6_pkey on sbtest6  (cost=0.43..8.45 rows=1 width=490)
	        Index Cond: (id = 865766)

table 7 : explain UPDATE sbtest7 SET c='foobar' WHERE id=1047525
	Update on sbtest7  (cost=0.43..8.45 rows=0 width=0)
	  ->  Index Scan using sbtest7_pkey on sbtest7  (cost=0.43..8.45 rows=1 width=490)
	        Index Cond: (id = 1047525)

table 8 : explain UPDATE sbtest8 SET c='foobar' WHERE id=2261008
	Update on sbtest8  (cost=0.43..8.45 rows=0 width=0)
	  ->  Index Scan using sbtest8_pkey on sbtest8  (cost=0.43..8.45 rows=1 width=490)
	        Index Cond: (id = 2261008)

for inserts
table 1 : explain INSERT INTO sbtest1 (id, k, c, pad) VALUES (4731286, 13, 'foobar', 'foobar')
	Insert on sbtest1  (cost=0.00..0.01 rows=0 width=0)
	  ->  Result  (cost=0.00..0.01 rows=1 width=736)

table 2 : explain INSERT INTO sbtest2 (id, k, c, pad) VALUES (6619937, 13, 'foobar', 'foobar')
	Insert on sbtest2  (cost=0.00..0.01 rows=0 width=0)
	  ->  Result  (cost=0.00..0.01 rows=1 width=736)

table 3 : explain INSERT INTO sbtest3 (id, k, c, pad) VALUES (2424563, 13, 'foobar', 'foobar')
	Insert on sbtest3  (cost=0.00..0.01 rows=0 width=0)
	  ->  Result  (cost=0.00..0.01 rows=1 width=736)

table 4 : explain INSERT INTO sbtest4 (id, k, c, pad) VALUES (4639282, 13, 'foobar', 'foobar')
	Insert on sbtest4  (cost=0.00..0.01 rows=0 width=0)
	  ->  Result  (cost=0.00..0.01 rows=1 width=736)

table 5 : explain INSERT INTO sbtest5 (id, k, c, pad) VALUES (6330715, 13, 'foobar', 'foobar')
	Insert on sbtest5  (cost=0.00..0.01 rows=0 width=0)
	  ->  Result  (cost=0.00..0.01 rows=1 width=736)

table 6 : explain INSERT INTO sbtest6 (id, k, c, pad) VALUES (963174, 13, 'foobar', 'foobar')
	Insert on sbtest6  (cost=0.00..0.01 rows=0 width=0)
	  ->  Result  (cost=0.00..0.01 rows=1 width=736)

table 7 : explain INSERT INTO sbtest7 (id, k, c, pad) VALUES (8415322, 13, 'foobar', 'foobar')
	Insert on sbtest7  (cost=0.00..0.01 rows=0 width=0)
	  ->  Result  (cost=0.00..0.01 rows=1 width=736)

table 8 : explain INSERT INTO sbtest8 (id, k, c, pad) VALUES (4765907, 13, 'foobar', 'foobar')
	Insert on sbtest8  (cost=0.00..0.01 rows=0 width=0)
	  ->  Result  (cost=0.00..0.01 rows=1 width=736)

for: simple_ranges
table 1 : explain SELECT c FROM sbtest1 WHERE id BETWEEN 2787874 AND 2787883
	Index Scan using sbtest1_pkey on sbtest1  (cost=0.43..39.59 rows=10 width=121)
	  Index Cond: ((id >= 2787874) AND (id <= 2787883))

table 2 : explain SELECT c FROM sbtest2 WHERE id BETWEEN 1324928 AND 1324937
	Index Scan using sbtest2_pkey on sbtest2  (cost=0.43..42.92 rows=11 width=121)
	  Index Cond: ((id >= 1324928) AND (id <= 1324937))

table 3 : explain SELECT c FROM sbtest3 WHERE id BETWEEN 8749873 AND 8749882
	Index Scan using sbtest3_pkey on sbtest3  (cost=0.43..39.21 rows=10 width=121)
	  Index Cond: ((id >= 8749873) AND (id <= 8749882))

table 4 : explain SELECT c FROM sbtest4 WHERE id BETWEEN 1859363 AND 1859372
	Index Scan using sbtest4_pkey on sbtest4  (cost=0.43..39.35 rows=10 width=121)
	  Index Cond: ((id >= 1859363) AND (id <= 1859372))

table 5 : explain SELECT c FROM sbtest5 WHERE id BETWEEN 8542552 AND 8542561
	Index Scan using sbtest5_pkey on sbtest5  (cost=0.43..39.51 rows=10 width=121)
	  Index Cond: ((id >= 8542552) AND (id <= 8542561))

table 6 : explain SELECT c FROM sbtest6 WHERE id BETWEEN 3207805 AND 3207814
	Index Scan using sbtest6_pkey on sbtest6  (cost=0.43..42.81 rows=11 width=121)
	  Index Cond: ((id >= 3207805) AND (id <= 3207814))

table 7 : explain SELECT c FROM sbtest7 WHERE id BETWEEN 2694645 AND 2694654
	Index Scan using sbtest7_pkey on sbtest7  (cost=0.43..39.33 rows=10 width=121)
	  Index Cond: ((id >= 2694645) AND (id <= 2694654))

table 8 : explain SELECT c FROM sbtest8 WHERE id BETWEEN 8431980 AND 8431989
	Index Scan using sbtest8_pkey on sbtest8  (cost=0.43..35.70 rows=9 width=121)
	  Index Cond: ((id >= 8431980) AND (id <= 8431989))

explain: for deletes :: explain DELETE FROM sbtest%u WHERE id=%u
for deletes
table 1 : explain DELETE FROM sbtest1 WHERE id=8107579
	Delete on sbtest1  (cost=0.43..8.45 rows=0 width=0)
	  ->  Index Scan using sbtest1_pkey on sbtest1  (cost=0.43..8.45 rows=1 width=6)
	        Index Cond: (id = 8107579)

table 2 : explain DELETE FROM sbtest2 WHERE id=6899539
	Delete on sbtest2  (cost=0.43..8.45 rows=0 width=0)
	  ->  Index Scan using sbtest2_pkey on sbtest2  (cost=0.43..8.45 rows=1 width=6)
	        Index Cond: (id = 6899539)

table 3 : explain DELETE FROM sbtest3 WHERE id=9382652
	Delete on sbtest3  (cost=0.43..8.45 rows=0 width=0)
	  ->  Index Scan using sbtest3_pkey on sbtest3  (cost=0.43..8.45 rows=1 width=6)
	        Index Cond: (id = 9382652)

table 4 : explain DELETE FROM sbtest4 WHERE id=6214882
	Delete on sbtest4  (cost=0.43..8.45 rows=0 width=0)
	  ->  Index Scan using sbtest4_pkey on sbtest4  (cost=0.43..8.45 rows=1 width=6)
	        Index Cond: (id = 6214882)

table 5 : explain DELETE FROM sbtest5 WHERE id=5407404
	Delete on sbtest5  (cost=0.43..8.45 rows=0 width=0)
	  ->  Index Scan using sbtest5_pkey on sbtest5  (cost=0.43..8.45 rows=1 width=6)
	        Index Cond: (id = 5407404)

table 6 : explain DELETE FROM sbtest6 WHERE id=4518822
	Delete on sbtest6  (cost=0.43..8.45 rows=0 width=0)
	  ->  Index Scan using sbtest6_pkey on sbtest6  (cost=0.43..8.45 rows=1 width=6)
	        Index Cond: (id = 4518822)

table 7 : explain DELETE FROM sbtest7 WHERE id=6099958
	Delete on sbtest7  (cost=0.43..8.45 rows=0 width=0)
	  ->  Index Scan using sbtest7_pkey on sbtest7  (cost=0.43..8.45 rows=1 width=6)
	        Index Cond: (id = 6099958)

table 8 : explain DELETE FROM sbtest8 WHERE id=7229699
	Delete on sbtest8  (cost=0.43..8.45 rows=0 width=0)
	  ->  Index Scan using sbtest8_pkey on sbtest8  (cost=0.43..8.45 rows=1 width=6)
	        Index Cond: (id = 7229699)

explain: for inserts :: explain INSERT INTO sbtest%u (id, k, c, pad) VALUES (%u, 13, 'foobar', 'foobar')
for: sum_ranges
table 1 : explain SELECT SUM(k) FROM sbtest1 WHERE id BETWEEN 9849600 AND 9849609
	Aggregate  (cost=39.62..39.63 rows=1 width=8)
	  ->  Index Scan using sbtest1_pkey on sbtest1  (cost=0.43..39.59 rows=10 width=4)
	        Index Cond: ((id >= 9849600) AND (id <= 9849609))

table 2 : explain SELECT SUM(k) FROM sbtest2 WHERE id BETWEEN 6969986 AND 6969995
	Aggregate  (cost=36.05..36.06 rows=1 width=8)
	  ->  Index Scan using sbtest2_pkey on sbtest2  (cost=0.43..36.03 rows=9 width=4)
	        Index Cond: ((id >= 6969986) AND (id <= 6969995))

table 3 : explain SELECT SUM(k) FROM sbtest3 WHERE id BETWEEN 8611684 AND 8611693
	Aggregate  (cost=35.81..35.82 rows=1 width=8)
	  ->  Index Scan using sbtest3_pkey on sbtest3  (cost=0.43..35.79 rows=9 width=4)
	        Index Cond: ((id >= 8611684) AND (id <= 8611693))

table 4 : explain SELECT SUM(k) FROM sbtest4 WHERE id BETWEEN 3759544 AND 3759553
	Aggregate  (cost=39.38..39.39 rows=1 width=8)
	  ->  Index Scan using sbtest4_pkey on sbtest4  (cost=0.43..39.35 rows=10 width=4)
	        Index Cond: ((id >= 3759544) AND (id <= 3759553))

table 5 : explain SELECT SUM(k) FROM sbtest5 WHERE id BETWEEN 1135454 AND 1135463
	Aggregate  (cost=39.53..39.54 rows=1 width=8)
	  ->  Index Scan using sbtest5_pkey on sbtest5  (cost=0.43..39.51 rows=10 width=4)
	        Index Cond: ((id >= 1135454) AND (id <= 1135463))

table 6 : explain SELECT SUM(k) FROM sbtest6 WHERE id BETWEEN 6421052 AND 6421061
	Aggregate  (cost=35.96..35.97 rows=1 width=8)
	  ->  Index Scan using sbtest6_pkey on sbtest6  (cost=0.43..35.94 rows=9 width=4)
	        Index Cond: ((id >= 6421052) AND (id <= 6421061))

table 7 : explain SELECT SUM(k) FROM sbtest7 WHERE id BETWEEN 4678746 AND 4678755
	Aggregate  (cost=39.35..39.36 rows=1 width=8)
	  ->  Index Scan using sbtest7_pkey on sbtest7  (cost=0.43..39.33 rows=10 width=4)
	        Index Cond: ((id >= 4678746) AND (id <= 4678755))

table 8 : explain SELECT SUM(k) FROM sbtest8 WHERE id BETWEEN 849016 AND 849025
	Aggregate  (cost=39.13..39.14 rows=1 width=8)
	  ->  Index Scan using sbtest8_pkey on sbtest8  (cost=0.43..39.11 rows=10 width=4)
	        Index Cond: ((id >= 849016) AND (id <= 849025))

for inserts
table 1 : explain INSERT INTO sbtest1 (id, k, c, pad) VALUES (9682187, 13, 'foobar', 'foobar')
	Insert on sbtest1  (cost=0.00..0.01 rows=0 width=0)
	  ->  Result  (cost=0.00..0.01 rows=1 width=736)

table 2 : explain INSERT INTO sbtest2 (id, k, c, pad) VALUES (1105407, 13, 'foobar', 'foobar')
	Insert on sbtest2  (cost=0.00..0.01 rows=0 width=0)
	  ->  Result  (cost=0.00..0.01 rows=1 width=736)

table 3 : explain INSERT INTO sbtest3 (id, k, c, pad) VALUES (1468493, 13, 'foobar', 'foobar')
	Insert on sbtest3  (cost=0.00..0.01 rows=0 width=0)
	  ->  Result  (cost=0.00..0.01 rows=1 width=736)

table 4 : explain INSERT INTO sbtest4 (id, k, c, pad) VALUES (9711213, 13, 'foobar', 'foobar')
	Insert on sbtest4  (cost=0.00..0.01 rows=0 width=0)
	  ->  Result  (cost=0.00..0.01 rows=1 width=736)

table 5 : explain INSERT INTO sbtest5 (id, k, c, pad) VALUES (675440, 13, 'foobar', 'foobar')
	Insert on sbtest5  (cost=0.00..0.01 rows=0 width=0)
	  ->  Result  (cost=0.00..0.01 rows=1 width=736)

table 6 : explain INSERT INTO sbtest6 (id, k, c, pad) VALUES (2490434, 13, 'foobar', 'foobar')
	Insert on sbtest6  (cost=0.00..0.01 rows=0 width=0)
	  ->  Result  (cost=0.00..0.01 rows=1 width=736)

table 7 : explain INSERT INTO sbtest7 (id, k, c, pad) VALUES (8337032, 13, 'foobar', 'foobar')
	Insert on sbtest7  (cost=0.00..0.01 rows=0 width=0)
	  ->  Result  (cost=0.00..0.01 rows=1 width=736)

table 8 : explain INSERT INTO sbtest8 (id, k, c, pad) VALUES (3597263, 13, 'foobar', 'foobar')
	Insert on sbtest8  (cost=0.00..0.01 rows=0 width=0)
	  ->  Result  (cost=0.00..0.01 rows=1 width=736)

for deletes
table 1 : explain DELETE FROM sbtest1 WHERE id=9489992
	Delete on sbtest1  (cost=0.43..8.45 rows=0 width=0)
	  ->  Index Scan using sbtest1_pkey on sbtest1  (cost=0.43..8.45 rows=1 width=6)
	        Index Cond: (id = 9489992)

table 2 : explain DELETE FROM sbtest2 WHERE id=1993009
	Delete on sbtest2  (cost=0.43..8.45 rows=0 width=0)
	  ->  Index Scan using sbtest2_pkey on sbtest2  (cost=0.43..8.45 rows=1 width=6)
	        Index Cond: (id = 1993009)

table 3 : explain DELETE FROM sbtest3 WHERE id=3488913
	Delete on sbtest3  (cost=0.43..8.45 rows=0 width=0)
	  ->  Index Scan using sbtest3_pkey on sbtest3  (cost=0.43..8.45 rows=1 width=6)
	        Index Cond: (id = 3488913)

table 4 : explain DELETE FROM sbtest4 WHERE id=8508305
	Delete on sbtest4  (cost=0.43..8.45 rows=0 width=0)
	  ->  Index Scan using sbtest4_pkey on sbtest4  (cost=0.43..8.45 rows=1 width=6)
	        Index Cond: (id = 8508305)

table 5 : explain DELETE FROM sbtest5 WHERE id=6559742
	Delete on sbtest5  (cost=0.43..8.45 rows=0 width=0)
	  ->  Index Scan using sbtest5_pkey on sbtest5  (cost=0.43..8.45 rows=1 width=6)
	        Index Cond: (id = 6559742)

table 6 : explain DELETE FROM sbtest6 WHERE id=8213162
	Delete on sbtest6  (cost=0.43..8.45 rows=0 width=0)
	  ->  Index Scan using sbtest6_pkey on sbtest6  (cost=0.43..8.45 rows=1 width=6)
	        Index Cond: (id = 8213162)

table 7 : explain DELETE FROM sbtest7 WHERE id=4147938
	Delete on sbtest7  (cost=0.43..8.45 rows=0 width=0)
	  ->  Index Scan using sbtest7_pkey on sbtest7  (cost=0.43..8.45 rows=1 width=6)
	        Index Cond: (id = 4147938)

table 8 : explain DELETE FROM sbtest8 WHERE id=9673585
	Delete on sbtest8  (cost=0.43..8.45 rows=0 width=0)
	  ->  Index Scan using sbtest8_pkey on sbtest8  (cost=0.43..8.45 rows=1 width=6)
	        Index Cond: (id = 9673585)

for deletes
table 1 : explain DELETE FROM sbtest1 WHERE id=9211737
	Delete on sbtest1  (cost=0.43..8.45 rows=0 width=0)
	  ->  Index Scan using sbtest1_pkey on sbtest1  (cost=0.43..8.45 rows=1 width=6)
	        Index Cond: (id = 9211737)

table 2 : explain DELETE FROM sbtest2 WHERE id=4245276
	Delete on sbtest2  (cost=0.43..8.45 rows=0 width=0)
	  ->  Index Scan using sbtest2_pkey on sbtest2  (cost=0.43..8.45 rows=1 width=6)
	        Index Cond: (id = 4245276)

table 3 : explain DELETE FROM sbtest3 WHERE id=4466361
	Delete on sbtest3  (cost=0.43..8.45 rows=0 width=0)
	  ->  Index Scan using sbtest3_pkey on sbtest3  (cost=0.43..8.45 rows=1 width=6)
	        Index Cond: (id = 4466361)

table 4 : explain DELETE FROM sbtest4 WHERE id=9397817
	Delete on sbtest4  (cost=0.43..8.45 rows=0 width=0)
	  ->  Index Scan using sbtest4_pkey on sbtest4  (cost=0.43..8.45 rows=1 width=6)
	        Index Cond: (id = 9397817)

table 5 : explain DELETE FROM sbtest5 WHERE id=7530452
	Delete on sbtest5  (cost=0.43..8.45 rows=0 width=0)
	  ->  Index Scan using sbtest5_pkey on sbtest5  (cost=0.43..8.45 rows=1 width=6)
	        Index Cond: (id = 7530452)

table 6 : explain DELETE FROM sbtest6 WHERE id=3767801
	Delete on sbtest6  (cost=0.43..8.45 rows=0 width=0)
	  ->  Index Scan using sbtest6_pkey on sbtest6  (cost=0.43..8.45 rows=1 width=6)
	        Index Cond: (id = 3767801)

table 7 : explain DELETE FROM sbtest7 WHERE id=1999000
	Delete on sbtest7  (cost=0.43..8.45 rows=0 width=0)
	  ->  Index Scan using sbtest7_pkey on sbtest7  (cost=0.43..8.45 rows=1 width=6)
	        Index Cond: (id = 1999000)

table 8 : explain DELETE FROM sbtest8 WHERE id=9671770
	Delete on sbtest8  (cost=0.43..8.45 rows=0 width=0)
	  ->  Index Scan using sbtest8_pkey on sbtest8  (cost=0.43..8.45 rows=1 width=6)
	        Index Cond: (id = 9671770)

explain: for inserts :: explain INSERT INTO sbtest%u (id, k, c, pad) VALUES (%u, 13, 'foobar', 'foobar')
for: order_ranges
table 1 : explain SELECT c FROM sbtest1 WHERE id BETWEEN 9465886 AND 9465895 ORDER BY c
	Sort  (cost=39.76..39.78 rows=10 width=121)
	  Sort Key: c
	  ->  Index Scan using sbtest1_pkey on sbtest1  (cost=0.43..39.59 rows=10 width=121)
	        Index Cond: ((id >= 9465886) AND (id <= 9465895))

table 2 : explain SELECT c FROM sbtest2 WHERE id BETWEEN 9017829 AND 9017838 ORDER BY c
	Sort  (cost=39.64..39.67 rows=10 width=121)
	  Sort Key: c
	  ->  Index Scan using sbtest2_pkey on sbtest2  (cost=0.43..39.48 rows=10 width=121)
	        Index Cond: ((id >= 9017829) AND (id <= 9017838))

table 3 : explain SELECT c FROM sbtest3 WHERE id BETWEEN 9791626 AND 9791635 ORDER BY c
	Sort  (cost=39.37..39.40 rows=10 width=121)
	  Sort Key: c
	  ->  Index Scan using sbtest3_pkey on sbtest3  (cost=0.43..39.21 rows=10 width=121)
	        Index Cond: ((id >= 9791626) AND (id <= 9791635))

table 4 : explain SELECT c FROM sbtest4 WHERE id BETWEEN 747333 AND 747342 ORDER BY c
	Sort  (cost=39.52..39.54 rows=10 width=121)
	  Sort Key: c
	  ->  Index Scan using sbtest4_pkey on sbtest4  (cost=0.43..39.35 rows=10 width=121)
	        Index Cond: ((id >= 747333) AND (id <= 747342))

table 5 : explain SELECT c FROM sbtest5 WHERE id BETWEEN 6209671 AND 6209680 ORDER BY c
	Sort  (cost=39.68..39.70 rows=10 width=121)
	  Sort Key: c
	  ->  Index Scan using sbtest5_pkey on sbtest5  (cost=0.43..39.51 rows=10 width=121)
	        Index Cond: ((id >= 6209671) AND (id <= 6209680))

table 6 : explain SELECT c FROM sbtest6 WHERE id BETWEEN 6861432 AND 6861441 ORDER BY c
	Sort  (cost=43.00..43.03 rows=11 width=121)
	  Sort Key: c
	  ->  Index Scan using sbtest6_pkey on sbtest6  (cost=0.43..42.81 rows=11 width=121)
	        Index Cond: ((id >= 6861432) AND (id <= 6861441))

table 7 : explain SELECT c FROM sbtest7 WHERE id BETWEEN 5466718 AND 5466727 ORDER BY c
	Sort  (cost=39.49..39.52 rows=10 width=121)
	  Sort Key: c
	  ->  Index Scan using sbtest7_pkey on sbtest7  (cost=0.43..39.33 rows=10 width=121)
	        Index Cond: ((id >= 5466718) AND (id <= 5466727))

table 8 : explain SELECT c FROM sbtest8 WHERE id BETWEEN 8039254 AND 8039263 ORDER BY c
	Sort  (cost=39.27..39.30 rows=10 width=121)
	  Sort Key: c
	  ->  Index Scan using sbtest8_pkey on sbtest8  (cost=0.43..39.11 rows=10 width=121)
	        Index Cond: ((id >= 8039254) AND (id <= 8039263))

explain: for inserts :: explain INSERT INTO sbtest%u (id, k, c, pad) VALUES (%u, 13, 'foobar', 'foobar')
for inserts
table 1 : explain INSERT INTO sbtest1 (id, k, c, pad) VALUES (9030043, 13, 'foobar', 'foobar')
	Insert on sbtest1  (cost=0.00..0.01 rows=0 width=0)
	  ->  Result  (cost=0.00..0.01 rows=1 width=736)

table 2 : explain INSERT INTO sbtest2 (id, k, c, pad) VALUES (7795044, 13, 'foobar', 'foobar')
	Insert on sbtest2  (cost=0.00..0.01 rows=0 width=0)
	  ->  Result  (cost=0.00..0.01 rows=1 width=736)

table 3 : explain INSERT INTO sbtest3 (id, k, c, pad) VALUES (6611953, 13, 'foobar', 'foobar')
	Insert on sbtest3  (cost=0.00..0.01 rows=0 width=0)
	  ->  Result  (cost=0.00..0.01 rows=1 width=736)

table 4 : explain INSERT INTO sbtest4 (id, k, c, pad) VALUES (2893969, 13, 'foobar', 'foobar')
	Insert on sbtest4  (cost=0.00..0.01 rows=0 width=0)
	  ->  Result  (cost=0.00..0.01 rows=1 width=736)

table 5 : explain INSERT INTO sbtest5 (id, k, c, pad) VALUES (5060468, 13, 'foobar', 'foobar')
	Insert on sbtest5  (cost=0.00..0.01 rows=0 width=0)
	  ->  Result  (cost=0.00..0.01 rows=1 width=736)

table 6 : explain INSERT INTO sbtest6 (id, k, c, pad) VALUES (5336695, 13, 'foobar', 'foobar')
	Insert on sbtest6  (cost=0.00..0.01 rows=0 width=0)
	  ->  Result  (cost=0.00..0.01 rows=1 width=736)

table 7 : explain INSERT INTO sbtest7 (id, k, c, pad) VALUES (9392014, 13, 'foobar', 'foobar')
	Insert on sbtest7  (cost=0.00..0.01 rows=0 width=0)
	  ->  Result  (cost=0.00..0.01 rows=1 width=736)

table 8 : explain INSERT INTO sbtest8 (id, k, c, pad) VALUES (4976622, 13, 'foobar', 'foobar')
	Insert on sbtest8  (cost=0.00..0.01 rows=0 width=0)
	  ->  Result  (cost=0.00..0.01 rows=1 width=736)

for inserts
table 1 : explain INSERT INTO sbtest1 (id, k, c, pad) VALUES (5563510, 13, 'foobar', 'foobar')
	Insert on sbtest1  (cost=0.00..0.01 rows=0 width=0)
	  ->  Result  (cost=0.00..0.01 rows=1 width=736)

table 2 : explain INSERT INTO sbtest2 (id, k, c, pad) VALUES (2848650, 13, 'foobar', 'foobar')
	Insert on sbtest2  (cost=0.00..0.01 rows=0 width=0)
	  ->  Result  (cost=0.00..0.01 rows=1 width=736)

table 3 : explain INSERT INTO sbtest3 (id, k, c, pad) VALUES (7555650, 13, 'foobar', 'foobar')
	Insert on sbtest3  (cost=0.00..0.01 rows=0 width=0)
	  ->  Result  (cost=0.00..0.01 rows=1 width=736)

table 4 : explain INSERT INTO sbtest4 (id, k, c, pad) VALUES (2428775, 13, 'foobar', 'foobar')
	Insert on sbtest4  (cost=0.00..0.01 rows=0 width=0)
	  ->  Result  (cost=0.00..0.01 rows=1 width=736)

table 5 : explain INSERT INTO sbtest5 (id, k, c, pad) VALUES (5475460, 13, 'foobar', 'foobar')
	Insert on sbtest5  (cost=0.00..0.01 rows=0 width=0)
	  ->  Result  (cost=0.00..0.01 rows=1 width=736)

table 6 : explain INSERT INTO sbtest6 (id, k, c, pad) VALUES (4552832, 13, 'foobar', 'foobar')
	Insert on sbtest6  (cost=0.00..0.01 rows=0 width=0)
	  ->  Result  (cost=0.00..0.01 rows=1 width=736)

table 7 : explain INSERT INTO sbtest7 (id, k, c, pad) VALUES (1534923, 13, 'foobar', 'foobar')
	Insert on sbtest7  (cost=0.00..0.01 rows=0 width=0)
	  ->  Result  (cost=0.00..0.01 rows=1 width=736)

table 8 : explain INSERT INTO sbtest8 (id, k, c, pad) VALUES (509439, 13, 'foobar', 'foobar')
	Insert on sbtest8  (cost=0.00..0.01 rows=0 width=0)
	  ->  Result  (cost=0.00..0.01 rows=1 width=736)

for: distinct_ranges
table 1 : explain SELECT DISTINCT c FROM sbtest1 WHERE id BETWEEN 5487823 AND 5487832 ORDER BY c
	Unique  (cost=36.28..36.32 rows=9 width=121)
	  ->  Sort  (cost=36.28..36.30 rows=9 width=121)
	        Sort Key: c
	        ->  Index Scan using sbtest1_pkey on sbtest1  (cost=0.43..36.13 rows=9 width=121)
	              Index Cond: ((id >= 5487823) AND (id <= 5487832))

table 2 : explain SELECT DISTINCT c FROM sbtest2 WHERE id BETWEEN 6393090 AND 6393099 ORDER BY c
	Unique  (cost=39.64..39.69 rows=10 width=121)
	  ->  Sort  (cost=39.64..39.67 rows=10 width=121)
	        Sort Key: c
	        ->  Index Scan using sbtest2_pkey on sbtest2  (cost=0.43..39.48 rows=10 width=121)
	              Index Cond: ((id >= 6393090) AND (id <= 6393099))

table 3 : explain SELECT DISTINCT c FROM sbtest3 WHERE id BETWEEN 9080565 AND 9080574 ORDER BY c
	Unique  (cost=39.37..39.42 rows=10 width=121)
	  ->  Sort  (cost=39.37..39.40 rows=10 width=121)
	        Sort Key: c
	        ->  Index Scan using sbtest3_pkey on sbtest3  (cost=0.43..39.21 rows=10 width=121)
	              Index Cond: ((id >= 9080565) AND (id <= 9080574))

table 4 : explain SELECT DISTINCT c FROM sbtest4 WHERE id BETWEEN 9931080 AND 9931089 ORDER BY c
	Unique  (cost=36.06..36.11 rows=9 width=121)
	  ->  Sort  (cost=36.06..36.09 rows=9 width=121)
	        Sort Key: c
	        ->  Index Scan using sbtest4_pkey on sbtest4  (cost=0.43..35.92 rows=9 width=121)
	              Index Cond: ((id >= 9931080) AND (id <= 9931089))

table 5 : explain SELECT DISTINCT c FROM sbtest5 WHERE id BETWEEN 5049279 AND 5049288 ORDER BY c
	Unique  (cost=39.68..39.73 rows=10 width=121)
	  ->  Sort  (cost=39.68..39.70 rows=10 width=121)
	        Sort Key: c
	        ->  Index Scan using sbtest5_pkey on sbtest5  (cost=0.43..39.51 rows=10 width=121)
	              Index Cond: ((id >= 5049279) AND (id <= 5049288))

table 6 : explain SELECT DISTINCT c FROM sbtest6 WHERE id BETWEEN 1692945 AND 1692954 ORDER BY c
	Unique  (cost=39.54..39.59 rows=10 width=121)
	  ->  Sort  (cost=39.54..39.57 rows=10 width=121)
	        Sort Key: c
	        ->  Index Scan using sbtest6_pkey on sbtest6  (cost=0.43..39.37 rows=10 width=121)
	              Index Cond: ((id >= 1692945) AND (id <= 1692954))

table 7 : explain SELECT DISTINCT c FROM sbtest7 WHERE id BETWEEN 3575821 AND 3575830 ORDER BY c
	Unique  (cost=39.49..39.54 rows=10 width=121)
	  ->  Sort  (cost=39.49..39.52 rows=10 width=121)
	        Sort Key: c
	        ->  Index Scan using sbtest7_pkey on sbtest7  (cost=0.43..39.33 rows=10 width=121)
	              Index Cond: ((id >= 3575821) AND (id <= 3575830))

table 8 : explain SELECT DISTINCT c FROM sbtest8 WHERE id BETWEEN 8489365 AND 8489374 ORDER BY c
	Unique  (cost=35.84..35.89 rows=9 width=121)
	  ->  Sort  (cost=35.84..35.87 rows=9 width=121)
	        Sort Key: c
	        ->  Index Scan using sbtest8_pkey on sbtest8  (cost=0.43..35.70 rows=9 width=121)
	              Index Cond: ((id >= 8489365) AND (id <= 8489374))

explain: for index_updates :: explain UPDATE sbtest%u SET k=k+1 WHERE id=%u
for index_updates
table 1 : explain UPDATE sbtest1 SET k=k+1 WHERE id=5471907
	Update on sbtest1  (cost=0.43..8.46 rows=0 width=0)
	  ->  Index Scan using sbtest1_pkey on sbtest1  (cost=0.43..8.46 rows=1 width=10)
	        Index Cond: (id = 5471907)

table 2 : explain UPDATE sbtest2 SET k=k+1 WHERE id=3231346
	Update on sbtest2  (cost=0.43..8.46 rows=0 width=0)
	  ->  Index Scan using sbtest2_pkey on sbtest2  (cost=0.43..8.46 rows=1 width=10)
	        Index Cond: (id = 3231346)

table 3 : explain UPDATE sbtest3 SET k=k+1 WHERE id=1480842
	Update on sbtest3  (cost=0.43..8.46 rows=0 width=0)
	  ->  Index Scan using sbtest3_pkey on sbtest3  (cost=0.43..8.46 rows=1 width=10)
	        Index Cond: (id = 1480842)

table 4 : explain UPDATE sbtest4 SET k=k+1 WHERE id=5564140
	Update on sbtest4  (cost=0.43..8.46 rows=0 width=0)
	  ->  Index Scan using sbtest4_pkey on sbtest4  (cost=0.43..8.46 rows=1 width=10)
	        Index Cond: (id = 5564140)

table 5 : explain UPDATE sbtest5 SET k=k+1 WHERE id=4274235
	Update on sbtest5  (cost=0.43..8.46 rows=0 width=0)
	  ->  Index Scan using sbtest5_pkey on sbtest5  (cost=0.43..8.46 rows=1 width=10)
	        Index Cond: (id = 4274235)

table 6 : explain UPDATE sbtest6 SET k=k+1 WHERE id=8252052
	Update on sbtest6  (cost=0.43..8.46 rows=0 width=0)
	  ->  Index Scan using sbtest6_pkey on sbtest6  (cost=0.43..8.46 rows=1 width=10)
	        Index Cond: (id = 8252052)

table 7 : explain UPDATE sbtest7 SET k=k+1 WHERE id=3217332
	Update on sbtest7  (cost=0.43..8.46 rows=0 width=0)
	  ->  Index Scan using sbtest7_pkey on sbtest7  (cost=0.43..8.46 rows=1 width=10)
	        Index Cond: (id = 3217332)

table 8 : explain UPDATE sbtest8 SET k=k+1 WHERE id=2686482
	Update on sbtest8  (cost=0.43..8.46 rows=0 width=0)
	  ->  Index Scan using sbtest8_pkey on sbtest8  (cost=0.43..8.46 rows=1 width=10)
	        Index Cond: (id = 2686482)

explain: for non_index_updates :: explain UPDATE sbtest%u SET c='foobar' WHERE id=%u
for non_index_updates
table 1 : explain UPDATE sbtest1 SET c='foobar' WHERE id=3371138
	Update on sbtest1  (cost=0.43..8.45 rows=0 width=0)
	  ->  Index Scan using sbtest1_pkey on sbtest1  (cost=0.43..8.45 rows=1 width=490)
	        Index Cond: (id = 3371138)

table 2 : explain UPDATE sbtest2 SET c='foobar' WHERE id=8662956
	Update on sbtest2  (cost=0.43..8.45 rows=0 width=0)
	  ->  Index Scan using sbtest2_pkey on sbtest2  (cost=0.43..8.45 rows=1 width=490)
	        Index Cond: (id = 8662956)

table 3 : explain UPDATE sbtest3 SET c='foobar' WHERE id=9005448
	Update on sbtest3  (cost=0.43..8.45 rows=0 width=0)
	  ->  Index Scan using sbtest3_pkey on sbtest3  (cost=0.43..8.45 rows=1 width=490)
	        Index Cond: (id = 9005448)

table 4 : explain UPDATE sbtest4 SET c='foobar' WHERE id=9350893
	Update on sbtest4  (cost=0.43..8.45 rows=0 width=0)
	  ->  Index Scan using sbtest4_pkey on sbtest4  (cost=0.43..8.45 rows=1 width=490)
	        Index Cond: (id = 9350893)

table 5 : explain UPDATE sbtest5 SET c='foobar' WHERE id=7958302
	Update on sbtest5  (cost=0.43..8.45 rows=0 width=0)
	  ->  Index Scan using sbtest5_pkey on sbtest5  (cost=0.43..8.45 rows=1 width=490)
	        Index Cond: (id = 7958302)

table 6 : explain UPDATE sbtest6 SET c='foobar' WHERE id=97598
	Update on sbtest6  (cost=0.43..8.45 rows=0 width=0)
	  ->  Index Scan using sbtest6_pkey on sbtest6  (cost=0.43..8.45 rows=1 width=490)
	        Index Cond: (id = 97598)

table 7 : explain UPDATE sbtest7 SET c='foobar' WHERE id=1723162
	Update on sbtest7  (cost=0.43..8.45 rows=0 width=0)
	  ->  Index Scan using sbtest7_pkey on sbtest7  (cost=0.43..8.45 rows=1 width=490)
	        Index Cond: (id = 1723162)

table 8 : explain UPDATE sbtest8 SET c='foobar' WHERE id=6589942
	Update on sbtest8  (cost=0.43..8.45 rows=0 width=0)
	  ->  Index Scan using sbtest8_pkey on sbtest8  (cost=0.43..8.45 rows=1 width=490)
	        Index Cond: (id = 6589942)

explain: for deletes :: explain DELETE FROM sbtest%u WHERE id=%u
for deletes
table 1 : explain DELETE FROM sbtest1 WHERE id=9179539
	Delete on sbtest1  (cost=0.43..8.45 rows=0 width=0)
	  ->  Index Scan using sbtest1_pkey on sbtest1  (cost=0.43..8.45 rows=1 width=6)
	        Index Cond: (id = 9179539)

table 2 : explain DELETE FROM sbtest2 WHERE id=4491720
	Delete on sbtest2  (cost=0.43..8.45 rows=0 width=0)
	  ->  Index Scan using sbtest2_pkey on sbtest2  (cost=0.43..8.45 rows=1 width=6)
	        Index Cond: (id = 4491720)

table 3 : explain DELETE FROM sbtest3 WHERE id=1047729
	Delete on sbtest3  (cost=0.43..8.45 rows=0 width=0)
	  ->  Index Scan using sbtest3_pkey on sbtest3  (cost=0.43..8.45 rows=1 width=6)
	        Index Cond: (id = 1047729)

table 4 : explain DELETE FROM sbtest4 WHERE id=2826260
	Delete on sbtest4  (cost=0.43..8.45 rows=0 width=0)
	  ->  Index Scan using sbtest4_pkey on sbtest4  (cost=0.43..8.45 rows=1 width=6)
	        Index Cond: (id = 2826260)

table 5 : explain DELETE FROM sbtest5 WHERE id=8130352
	Delete on sbtest5  (cost=0.43..8.45 rows=0 width=0)
	  ->  Index Scan using sbtest5_pkey on sbtest5  (cost=0.43..8.45 rows=1 width=6)
	        Index Cond: (id = 8130352)

table 6 : explain DELETE FROM sbtest6 WHERE id=9655568
	Delete on sbtest6  (cost=0.43..8.45 rows=0 width=0)
	  ->  Index Scan using sbtest6_pkey on sbtest6  (cost=0.43..8.45 rows=1 width=6)
	        Index Cond: (id = 9655568)

table 7 : explain DELETE FROM sbtest7 WHERE id=2132874
	Delete on sbtest7  (cost=0.43..8.45 rows=0 width=0)
	  ->  Index Scan using sbtest7_pkey on sbtest7  (cost=0.43..8.45 rows=1 width=6)
	        Index Cond: (id = 2132874)

table 8 : explain DELETE FROM sbtest8 WHERE id=2002164
	Delete on sbtest8  (cost=0.43..8.45 rows=0 width=0)
	  ->  Index Scan using sbtest8_pkey on sbtest8  (cost=0.43..8.45 rows=1 width=6)
	        Index Cond: (id = 2002164)

explain: for inserts :: explain INSERT INTO sbtest%u (id, k, c, pad) VALUES (%u, 13, 'foobar', 'foobar')
for inserts
table 1 : explain INSERT INTO sbtest1 (id, k, c, pad) VALUES (3194320, 13, 'foobar', 'foobar')
	Insert on sbtest1  (cost=0.00..0.01 rows=0 width=0)
	  ->  Result  (cost=0.00..0.01 rows=1 width=736)

table 2 : explain INSERT INTO sbtest2 (id, k, c, pad) VALUES (6268751, 13, 'foobar', 'foobar')
	Insert on sbtest2  (cost=0.00..0.01 rows=0 width=0)
	  ->  Result  (cost=0.00..0.01 rows=1 width=736)

table 3 : explain INSERT INTO sbtest3 (id, k, c, pad) VALUES (5206492, 13, 'foobar', 'foobar')
	Insert on sbtest3  (cost=0.00..0.01 rows=0 width=0)
	  ->  Result  (cost=0.00..0.01 rows=1 width=736)

table 4 : explain INSERT INTO sbtest4 (id, k, c, pad) VALUES (1311327, 13, 'foobar', 'foobar')
	Insert on sbtest4  (cost=0.00..0.01 rows=0 width=0)
	  ->  Result  (cost=0.00..0.01 rows=1 width=736)

table 5 : explain INSERT INTO sbtest5 (id, k, c, pad) VALUES (8819590, 13, 'foobar', 'foobar')
	Insert on sbtest5  (cost=0.00..0.01 rows=0 width=0)
	  ->  Result  (cost=0.00..0.01 rows=1 width=736)

table 6 : explain INSERT INTO sbtest6 (id, k, c, pad) VALUES (2227512, 13, 'foobar', 'foobar')
	Insert on sbtest6  (cost=0.00..0.01 rows=0 width=0)
	  ->  Result  (cost=0.00..0.01 rows=1 width=736)

table 7 : explain INSERT INTO sbtest7 (id, k, c, pad) VALUES (2455267, 13, 'foobar', 'foobar')
	Insert on sbtest7  (cost=0.00..0.01 rows=0 width=0)
	  ->  Result  (cost=0.00..0.01 rows=1 width=736)

table 8 : explain INSERT INTO sbtest8 (id, k, c, pad) VALUES (5464012, 13, 'foobar', 'foobar')
	Insert on sbtest8  (cost=0.00..0.01 rows=0 width=0)
	  ->  Result  (cost=0.00..0.01 rows=1 width=736)

Threads started!

Warming up for 5 seconds...

SQL statistics:
    queries performed:
        read:                            470526652
        write:                           134436271
        other:                           67218113
        total:                           672181036
    transactions:                        33609073 (36138.44 per sec.)
    queries:                             672181036 (722768.37 per sec.)
    ignored errors:                      1      (0.00 per sec.)
    reconnects:                          0      (0.00 per sec.)

Throughput:
    events/s (eps):                      36138.4411
    time elapsed:                        930.0090s
    total number of events:              33609073

Latency (ms):
         min:                                    0.87
         avg:                                    1.11
         max:                                   86.14
         95th percentile:                        1.44
         sum:                             37167449.40

Threads fairness:
    events (avg/stddev):           840226.4000/6510.47
    execution time (avg/stddev):   929.1862/0.01

