LUA_PATH=/home/mdcallag/git/mytools/bench/sysbench.lua/lua/?.lua /home/mdcallag/git/mytools/bench/sysbench.lua/lua/sysbench --db-driver=pgsql --range-size=100 --table-size=10000000 --tables=8 --threads=40 --events=0 --warmup-time=5 --time=630 --pgsql_conn_id=true /home/mdcallag/git/mytools/bench/sysbench.lua/lua/oltp_range_covered.lua run --pgsql-user=root --pgsql-password=pw --pgsql-host=127.0.0.1 --pgsql-db=ib --rand-type=uniform --random-points=100 --skip-trx --on-id=false --covered=false
48 CPUs
sysbench 1.1.0-9072687 (using bundled LuaJIT 2.1.0-beta3)

Running the test with following options:
Number of threads: 40
Warmup time: 5s
Initializing random number generator from current time


Initializing worker threads...

explain: for range-notcovered :: explain SELECT k, c FROM sbtest%d WHERE k BETWEEN 4692475 AND 4692575
explain: for range-notcovered :: explain SELECT k, c FROM sbtest%d WHERE k BETWEEN 3652200 AND 3652300
explain: for range-notcovered :: explain SELECT k, c FROM sbtest%d WHERE k BETWEEN 1519737 AND 1519837
explain: for range-notcovered :: explain SELECT k, c FROM sbtest%d WHERE k BETWEEN 7980482 AND 7980582
explain: for range-notcovered :: explain SELECT k, c FROM sbtest%d WHERE k BETWEEN 4233174 AND 4233274
explain: for range-notcovered :: explain SELECT k, c FROM sbtest%d WHERE k BETWEEN 3643322 AND 3643422
explain: for range-notcovered :: explain SELECT k, c FROM sbtest%d WHERE k BETWEEN 7515649 AND 7515749
explain: for range-notcovered :: explain SELECT k, c FROM sbtest%d WHERE k BETWEEN 3177838 AND 3177938
explain: for range-notcovered :: explain SELECT k, c FROM sbtest%d WHERE k BETWEEN 3624693 AND 3624793
explain: for range-notcovered :: explain SELECT k, c FROM sbtest%d WHERE k BETWEEN 4404507 AND 4404607
explain: for range-notcovered :: explain SELECT k, c FROM sbtest%d WHERE k BETWEEN 4395274 AND 4395374
explain: for range-notcovered :: explain SELECT k, c FROM sbtest%d WHERE k BETWEEN 7738119 AND 7738219
explain: for range-notcovered :: explain SELECT k, c FROM sbtest%d WHERE k BETWEEN 7165037 AND 7165137
explain: for range-notcovered :: explain SELECT k, c FROM sbtest%d WHERE k BETWEEN 931144 AND 931244
explain: for range-notcovered :: explain SELECT k, c FROM sbtest%d WHERE k BETWEEN 4816729 AND 4816829
explain: for range-notcovered :: explain SELECT k, c FROM sbtest%d WHERE k BETWEEN 9205847 AND 9205947
explain: for range-notcovered :: explain SELECT k, c FROM sbtest%d WHERE k BETWEEN 2689330 AND 2689430
explain: for range-notcovered :: explain SELECT k, c FROM sbtest%d WHERE k BETWEEN 4961523 AND 4961623
explain: for range-notcovered :: explain SELECT k, c FROM sbtest%d WHERE k BETWEEN 4399955 AND 4400055
explain: for range-notcovered :: explain SELECT k, c FROM sbtest%d WHERE k BETWEEN 2288614 AND 2288714
explain: for range-notcovered :: explain SELECT k, c FROM sbtest%d WHERE k BETWEEN 5049096 AND 5049196
explain: for range-notcovered :: explain SELECT k, c FROM sbtest%d WHERE k BETWEEN 6537529 AND 6537629
for range-notcovered
table 1 : explain SELECT k, c FROM sbtest1 WHERE k BETWEEN 4692475 AND 4692575
	Bitmap Heap Scan on sbtest1  (cost=5.45..397.73 rows=99 width=125)
	  Recheck Cond: ((k >= 4692475) AND (k <= 4692575))
	  ->  Bitmap Index Scan on k_1  (cost=0.00..5.42 rows=99 width=0)
	        Index Cond: ((k >= 4692475) AND (k <= 4692575))

table 2 : explain SELECT k, c FROM sbtest2 WHERE k BETWEEN 4692475 AND 4692575
	Bitmap Heap Scan on sbtest2  (cost=5.51..421.40 rows=105 width=125)
	  Recheck Cond: ((k >= 4692475) AND (k <= 4692575))
	  ->  Bitmap Index Scan on k_2  (cost=0.00..5.48 rows=105 width=0)
	        Index Cond: ((k >= 4692475) AND (k <= 4692575))

table 3 : explain SELECT k, c FROM sbtest3 WHERE k BETWEEN 4692475 AND 4692575
	Bitmap Heap Scan on sbtest3  (cost=5.41..381.94 rows=95 width=125)
	  Recheck Cond: ((k >= 4692475) AND (k <= 4692575))
	  ->  Bitmap Index Scan on k_3  (cost=0.00..5.38 rows=95 width=0)
	        Index Cond: ((k >= 4692475) AND (k <= 4692575))

table 4 : explain SELECT k, c FROM sbtest4 WHERE k BETWEEN 4692475 AND 4692575
	Bitmap Heap Scan on sbtest4  (cost=5.51..421.41 rows=105 width=125)
	  Recheck Cond: ((k >= 4692475) AND (k <= 4692575))
	  ->  Bitmap Index Scan on k_4  (cost=0.00..5.48 rows=105 width=0)
	        Index Cond: ((k >= 4692475) AND (k <= 4692575))

table 5 : explain SELECT k, c FROM sbtest5 WHERE k BETWEEN 4692475 AND 4692575
	Bitmap Heap Scan on sbtest5  (cost=5.44..393.79 rows=98 width=125)
	  Recheck Cond: ((k >= 4692475) AND (k <= 4692575))
	  ->  Bitmap Index Scan on k_5  (cost=0.00..5.42 rows=98 width=0)
	        Index Cond: ((k >= 4692475) AND (k <= 4692575))

table 6 : explain SELECT k, c FROM sbtest6 WHERE k BETWEEN 4692475 AND 4692575
	Bitmap Heap Scan on sbtest6  (cost=5.45..397.72 rows=99 width=125)
	  Recheck Cond: ((k >= 4692475) AND (k <= 4692575))
	  ->  Bitmap Index Scan on k_6  (cost=0.00..5.42 rows=99 width=0)
	        Index Cond: ((k >= 4692475) AND (k <= 4692575))

table 7 : explain SELECT k, c FROM sbtest7 WHERE k BETWEEN 4692475 AND 4692575
	Bitmap Heap Scan on sbtest7  (cost=5.53..429.29 rows=107 width=125)
	  Recheck Cond: ((k >= 4692475) AND (k <= 4692575))
	  ->  Bitmap Index Scan on k_7  (cost=0.00..5.50 rows=107 width=0)
	        Index Cond: ((k >= 4692475) AND (k <= 4692575))

table 8 : explain SELECT k, c FROM sbtest8 WHERE k BETWEEN 4692475 AND 4692575
	Bitmap Heap Scan on sbtest8  (cost=5.49..413.52 rows=103 width=125)
	  Recheck Cond: ((k >= 4692475) AND (k <= 4692575))
	  ->  Bitmap Index Scan on k_8  (cost=0.00..5.46 rows=103 width=0)
	        Index Cond: ((k >= 4692475) AND (k <= 4692575))

for range-notcovered
table 1 : explain SELECT k, c FROM sbtest1 WHERE k BETWEEN 3652200 AND 3652300
	Bitmap Heap Scan on sbtest1  (cost=5.45..397.73 rows=99 width=125)
	  Recheck Cond: ((k >= 3652200) AND (k <= 3652300))
	  ->  Bitmap Index Scan on k_1  (cost=0.00..5.42 rows=99 width=0)
	        Index Cond: ((k >= 3652200) AND (k <= 3652300))

table 2 : explain SELECT k, c FROM sbtest2 WHERE k BETWEEN 3652200 AND 3652300
	Bitmap Heap Scan on sbtest2  (cost=5.46..401.68 rows=100 width=125)
	  Recheck Cond: ((k >= 3652200) AND (k <= 3652300))
	  ->  Bitmap Index Scan on k_2  (cost=0.00..5.43 rows=100 width=0)
	        Index Cond: ((k >= 3652200) AND (k <= 3652300))

table 3 : explain SELECT k, c FROM sbtest3 WHERE k BETWEEN 3652200 AND 3652300
	Bitmap Heap Scan on sbtest3  (cost=5.48..409.56 rows=102 width=125)
	  Recheck Cond: ((k >= 3652200) AND (k <= 3652300))
	  ->  Bitmap Index Scan on k_3  (cost=0.00..5.45 rows=102 width=0)
	        Index Cond: ((k >= 3652200) AND (k <= 3652300))

table 4 : explain SELECT k, c FROM sbtest4 WHERE k BETWEEN 3652200 AND 3652300
	Bitmap Heap Scan on sbtest4  (cost=5.52..425.36 rows=106 width=125)
	  Recheck Cond: ((k >= 3652200) AND (k <= 3652300))
	  ->  Bitmap Index Scan on k_4  (cost=0.00..5.50 rows=106 width=0)
	        Index Cond: ((k >= 3652200) AND (k <= 3652300))

table 5 : explain SELECT k, c FROM sbtest5 WHERE k BETWEEN 3652200 AND 3652300
	Bitmap Heap Scan on sbtest5  (cost=5.55..437.18 rows=109 width=125)
	  Recheck Cond: ((k >= 3652200) AND (k <= 3652300))
	  ->  Bitmap Index Scan on k_5  (cost=0.00..5.52 rows=109 width=0)
	        Index Cond: ((k >= 3652200) AND (k <= 3652300))

table 6 : explain SELECT k, c FROM sbtest6 WHERE k BETWEEN 3652200 AND 3652300
	Bitmap Heap Scan on sbtest6  (cost=5.54..433.22 rows=108 width=125)
	  Recheck Cond: ((k >= 3652200) AND (k <= 3652300))
	  ->  Bitmap Index Scan on k_6  (cost=0.00..5.51 rows=108 width=0)
	        Index Cond: ((k >= 3652200) AND (k <= 3652300))

table 7 : explain SELECT k, c FROM sbtest7 WHERE k BETWEEN 3652200 AND 3652300
	Bitmap Heap Scan on sbtest7  (cost=5.36..362.20 rows=90 width=125)
	  Recheck Cond: ((k >= 3652200) AND (k <= 3652300))
	  ->  Bitmap Index Scan on k_7  (cost=0.00..5.33 rows=90 width=0)
	        Index Cond: ((k >= 3652200) AND (k <= 3652300))

table 8 : explain SELECT k, c FROM sbtest8 WHERE k BETWEEN 3652200 AND 3652300
	Bitmap Heap Scan on sbtest8  (cost=5.52..425.35 rows=106 width=125)
	  Recheck Cond: ((k >= 3652200) AND (k <= 3652300))
	  ->  Bitmap Index Scan on k_8  (cost=0.00..5.50 rows=106 width=0)
	        Index Cond: ((k >= 3652200) AND (k <= 3652300))

for range-notcovered
table 1 : explain SELECT k, c FROM sbtest1 WHERE k BETWEEN 1519737 AND 1519837
	Bitmap Heap Scan on sbtest1  (cost=5.45..397.73 rows=99 width=125)
	  Recheck Cond: ((k >= 1519737) AND (k <= 1519837))
	  ->  Bitmap Index Scan on k_1  (cost=0.00..5.42 rows=99 width=0)
	        Index Cond: ((k >= 1519737) AND (k <= 1519837))

table 2 : explain SELECT k, c FROM sbtest2 WHERE k BETWEEN 1519737 AND 1519837
	Bitmap Heap Scan on sbtest2  (cost=5.52..425.35 rows=106 width=125)
	  Recheck Cond: ((k >= 1519737) AND (k <= 1519837))
	  ->  Bitmap Index Scan on k_2  (cost=0.00..5.50 rows=106 width=0)
	        Index Cond: ((k >= 1519737) AND (k <= 1519837))

table 3 : explain SELECT k, c FROM sbtest3 WHERE k BETWEEN 1519737 AND 1519837
	Bitmap Heap Scan on sbtest3  (cost=5.50..417.45 rows=104 width=125)
	  Recheck Cond: ((k >= 1519737) AND (k <= 1519837))
	  ->  Bitmap Index Scan on k_3  (cost=0.00..5.47 rows=104 width=0)
	        Index Cond: ((k >= 1519737) AND (k <= 1519837))

table 4 : explain SELECT k, c FROM sbtest4 WHERE k BETWEEN 1519737 AND 1519837
	Bitmap Heap Scan on sbtest4  (cost=5.39..374.05 rows=93 width=125)
	  Recheck Cond: ((k >= 1519737) AND (k <= 1519837))
	  ->  Bitmap Index Scan on k_4  (cost=0.00..5.36 rows=93 width=0)
	        Index Cond: ((k >= 1519737) AND (k <= 1519837))

table 5 : explain SELECT k, c FROM sbtest5 WHERE k BETWEEN 1519737 AND 1519837
	Bitmap Heap Scan on sbtest5  (cost=5.52..425.35 rows=106 width=125)
	  Recheck Cond: ((k >= 1519737) AND (k <= 1519837))
	  ->  Bitmap Index Scan on k_5  (cost=0.00..5.50 rows=106 width=0)
	        Index Cond: ((k >= 1519737) AND (k <= 1519837))

table 6 : explain SELECT k, c FROM sbtest6 WHERE k BETWEEN 1519737 AND 1519837
	Bitmap Heap Scan on sbtest6  (cost=5.44..393.78 rows=98 width=125)
	  Recheck Cond: ((k >= 1519737) AND (k <= 1519837))
	  ->  Bitmap Index Scan on k_6  (cost=0.00..5.42 rows=98 width=0)
	        Index Cond: ((k >= 1519737) AND (k <= 1519837))

table 7 : explain SELECT k, c FROM sbtest7 WHERE k BETWEEN 1519737 AND 1519837
	Bitmap Heap Scan on sbtest7  (cost=5.70..492.34 rows=123 width=125)
	  Recheck Cond: ((k >= 1519737) AND (k <= 1519837))
	  ->  Bitmap Index Scan on k_7  (cost=0.00..5.67 rows=123 width=0)
	        Index Cond: ((k >= 1519737) AND (k <= 1519837))

table 8 : explain SELECT k, c FROM sbtest8 WHERE k BETWEEN 1519737 AND 1519837
	Bitmap Heap Scan on sbtest8  (cost=5.55..437.18 rows=109 width=125)
	  Recheck Cond: ((k >= 1519737) AND (k <= 1519837))
	  ->  Bitmap Index Scan on k_8  (cost=0.00..5.52 rows=109 width=0)
	        Index Cond: ((k >= 1519737) AND (k <= 1519837))

explain: for range-notcovered :: explain SELECT k, c FROM sbtest%d WHERE k BETWEEN 6373173 AND 6373273
explain: for range-notcovered :: explain SELECT k, c FROM sbtest%d WHERE k BETWEEN 3571436 AND 3571536
explain: for range-notcovered :: explain SELECT k, c FROM sbtest%d WHERE k BETWEEN 4692475 AND 4692575
explain: for range-notcovered :: explain SELECT k, c FROM sbtest%d WHERE k BETWEEN 3652200 AND 3652300
for range-notcovered
table 1 : explain SELECT k, c FROM sbtest1 WHERE k BETWEEN 7980482 AND 7980582
	Bitmap Heap Scan on sbtest1  (cost=5.47..405.62 rows=101 width=125)
	  Recheck Cond: ((k >= 7980482) AND (k <= 7980582))
	  ->  Bitmap Index Scan on k_1  (cost=0.00..5.44 rows=101 width=0)
	        Index Cond: ((k >= 7980482) AND (k <= 7980582))

table 2 : explain SELECT k, c FROM sbtest2 WHERE k BETWEEN 7980482 AND 7980582
	Bitmap Heap Scan on sbtest2  (cost=5.58..449.00 rows=112 width=125)
	  Recheck Cond: ((k >= 7980482) AND (k <= 7980582))
	  ->  Bitmap Index Scan on k_2  (cost=0.00..5.55 rows=112 width=0)
	        Index Cond: ((k >= 7980482) AND (k <= 7980582))

table 3 : explain SELECT k, c FROM sbtest3 WHERE k BETWEEN 7980482 AND 7980582
	Bitmap Heap Scan on sbtest3  (cost=5.63..468.69 rows=117 width=125)
	  Recheck Cond: ((k >= 7980482) AND (k <= 7980582))
	  ->  Bitmap Index Scan on k_3  (cost=0.00..5.60 rows=117 width=0)
	        Index Cond: ((k >= 7980482) AND (k <= 7980582))

table 4 : explain SELECT k, c FROM sbtest4 WHERE k BETWEEN 7980482 AND 7980582
	Bitmap Heap Scan on sbtest4  (cost=5.40..378.00 rows=94 width=125)
	  Recheck Cond: ((k >= 7980482) AND (k <= 7980582))
	  ->  Bitmap Index Scan on k_4  (cost=0.00..5.38 rows=94 width=0)
	        Index Cond: ((k >= 7980482) AND (k <= 7980582))

table 5 : explain SELECT k, c FROM sbtest5 WHERE k BETWEEN 7980482 AND 7980582
	Bitmap Heap Scan on sbtest5  (cost=5.70..492.34 rows=123 width=125)
	  Recheck Cond: ((k >= 7980482) AND (k <= 7980582))
	  ->  Bitmap Index Scan on k_5  (cost=0.00..5.67 rows=123 width=0)
	        Index Cond: ((k >= 7980482) AND (k <= 7980582))

table 6 : explain SELECT k, c FROM sbtest6 WHERE k BETWEEN 7980482 AND 7980582
	Bitmap Heap Scan on sbtest6  (cost=5.41..381.93 rows=95 width=125)
	  Recheck Cond: ((k >= 7980482) AND (k <= 7980582))
	  ->  Bitmap Index Scan on k_6  (cost=0.00..5.38 rows=95 width=0)
	        Index Cond: ((k >= 7980482) AND (k <= 7980582))

table 7 : explain SELECT k, c FROM sbtest7 WHERE k BETWEEN 7980482 AND 7980582
	Bitmap Heap Scan on sbtest7  (cost=5.47..405.63 rows=101 width=125)
	  Recheck Cond: ((k >= 7980482) AND (k <= 7980582))
	  ->  Bitmap Index Scan on k_7  (cost=0.00..5.44 rows=101 width=0)
	        Index Cond: ((k >= 7980482) AND (k <= 7980582))

table 8 : explain SELECT k, c FROM sbtest8 WHERE k BETWEEN 7980482 AND 7980582
	Bitmap Heap Scan on sbtest8  (cost=5.38..370.10 rows=92 width=125)
	  Recheck Cond: ((k >= 7980482) AND (k <= 7980582))
	  ->  Bitmap Index Scan on k_8  (cost=0.00..5.35 rows=92 width=0)
	        Index Cond: ((k >= 7980482) AND (k <= 7980582))

explain: for range-notcovered :: explain SELECT k, c FROM sbtest%d WHERE k BETWEEN 4845292 AND 4845392
explain: for range-notcovered :: explain SELECT k, c FROM sbtest%d WHERE k BETWEEN 1519737 AND 1519837
explain: for range-notcovered :: explain SELECT k, c FROM sbtest%d WHERE k BETWEEN 7584845 AND 7584945
explain: for range-notcovered :: explain SELECT k, c FROM sbtest%d WHERE k BETWEEN 7980482 AND 7980582
explain: for range-notcovered :: explain SELECT k, c FROM sbtest%d WHERE k BETWEEN 5583038 AND 5583138
for range-notcovered
table 1 : explain SELECT k, c FROM sbtest1 WHERE k BETWEEN 4233174 AND 4233274
	Bitmap Heap Scan on sbtest1  (cost=5.42..385.89 rows=96 width=125)
	  Recheck Cond: ((k >= 4233174) AND (k <= 4233274))
	  ->  Bitmap Index Scan on k_1  (cost=0.00..5.39 rows=96 width=0)
	        Index Cond: ((k >= 4233174) AND (k <= 4233274))

table 2 : explain SELECT k, c FROM sbtest2 WHERE k BETWEEN 4233174 AND 4233274
	Bitmap Heap Scan on sbtest2  (cost=5.47..405.62 rows=101 width=125)
	  Recheck Cond: ((k >= 4233174) AND (k <= 4233274))
	  ->  Bitmap Index Scan on k_2  (cost=0.00..5.44 rows=101 width=0)
	        Index Cond: ((k >= 4233174) AND (k <= 4233274))

table 3 : explain SELECT k, c FROM sbtest3 WHERE k BETWEEN 4233174 AND 4233274
	Bitmap Heap Scan on sbtest3  (cost=5.46..401.67 rows=100 width=125)
	  Recheck Cond: ((k >= 4233174) AND (k <= 4233274))
	  ->  Bitmap Index Scan on k_3  (cost=0.00..5.43 rows=100 width=0)
	        Index Cond: ((k >= 4233174) AND (k <= 4233274))

table 4 : explain SELECT k, c FROM sbtest4 WHERE k BETWEEN 4233174 AND 4233274
	Bitmap Heap Scan on sbtest4  (cost=5.53..429.30 rows=107 width=125)
	  Recheck Cond: ((k >= 4233174) AND (k <= 4233274))
	  ->  Bitmap Index Scan on k_4  (cost=0.00..5.50 rows=107 width=0)
	        Index Cond: ((k >= 4233174) AND (k <= 4233274))

table 5 : explain SELECT k, c FROM sbtest5 WHERE k BETWEEN 4233174 AND 4233274
	Bitmap Heap Scan on sbtest5  (cost=5.64..472.64 rows=118 width=125)
	  Recheck Cond: ((k >= 4233174) AND (k <= 4233274))
	  ->  Bitmap Index Scan on k_5  (cost=0.00..5.61 rows=118 width=0)
	        Index Cond: ((k >= 4233174) AND (k <= 4233274))

table 6 : explain SELECT k, c FROM sbtest6 WHERE k BETWEEN 4233174 AND 4233274
	Bitmap Heap Scan on sbtest6  (cost=5.49..413.50 rows=103 width=125)
	  Recheck Cond: ((k >= 4233174) AND (k <= 4233274))
	  ->  Bitmap Index Scan on k_6  (cost=0.00..5.46 rows=103 width=0)
	        Index Cond: ((k >= 4233174) AND (k <= 4233274))

table 7 : explain SELECT k, c FROM sbtest7 WHERE k BETWEEN 4233174 AND 4233274
	Bitmap Heap Scan on sbtest7  (cost=5.52..425.35 rows=106 width=125)
	  Recheck Cond: ((k >= 4233174) AND (k <= 4233274))
	  ->  Bitmap Index Scan on k_7  (cost=0.00..5.50 rows=106 width=0)
	        Index Cond: ((k >= 4233174) AND (k <= 4233274))

table 8 : explain SELECT k, c FROM sbtest8 WHERE k BETWEEN 4233174 AND 4233274
	Bitmap Heap Scan on sbtest8  (cost=5.41..381.94 rows=95 width=125)
	  Recheck Cond: ((k >= 4233174) AND (k <= 4233274))
	  ->  Bitmap Index Scan on k_8  (cost=0.00..5.38 rows=95 width=0)
	        Index Cond: ((k >= 4233174) AND (k <= 4233274))

for range-notcovered
table 1 : explain SELECT k, c FROM sbtest1 WHERE k BETWEEN 7515649 AND 7515749
	Bitmap Heap Scan on sbtest1  (cost=5.53..429.29 rows=107 width=125)
	  Recheck Cond: ((k >= 7515649) AND (k <= 7515749))
	  ->  Bitmap Index Scan on k_1  (cost=0.00..5.50 rows=107 width=0)
	        Index Cond: ((k >= 7515649) AND (k <= 7515749))

table 2 : explain SELECT k, c FROM sbtest2 WHERE k BETWEEN 7515649 AND 7515749
	Bitmap Heap Scan on sbtest2  (cost=5.53..429.29 rows=107 width=125)
	  Recheck Cond: ((k >= 7515649) AND (k <= 7515749))
	  ->  Bitmap Index Scan on k_2  (cost=0.00..5.50 rows=107 width=0)
	        Index Cond: ((k >= 7515649) AND (k <= 7515749))

table 3 : explain SELECT k, c FROM sbtest3 WHERE k BETWEEN 7515649 AND 7515749
	Bitmap Heap Scan on sbtest3  (cost=5.40..377.99 rows=94 width=125)
	  Recheck Cond: ((k >= 7515649) AND (k <= 7515749))
	  ->  Bitmap Index Scan on k_3  (cost=0.00..5.38 rows=94 width=0)
	        Index Cond: ((k >= 7515649) AND (k <= 7515749))

table 4 : explain SELECT k, c FROM sbtest4 WHERE k BETWEEN 7515649 AND 7515749
	Bitmap Heap Scan on sbtest4  (cost=5.42..385.90 rows=96 width=125)
	  Recheck Cond: ((k >= 7515649) AND (k <= 7515749))
	  ->  Bitmap Index Scan on k_4  (cost=0.00..5.39 rows=96 width=0)
	        Index Cond: ((k >= 7515649) AND (k <= 7515749))

table 5 : explain SELECT k, c FROM sbtest5 WHERE k BETWEEN 7515649 AND 7515749
	Bitmap Heap Scan on sbtest5  (cost=5.47..405.62 rows=101 width=125)
	  Recheck Cond: ((k >= 7515649) AND (k <= 7515749))
	  ->  Bitmap Index Scan on k_5  (cost=0.00..5.44 rows=101 width=0)
	        Index Cond: ((k >= 7515649) AND (k <= 7515749))

table 6 : explain SELECT k, c FROM sbtest6 WHERE k BETWEEN 7515649 AND 7515749
	Bitmap Heap Scan on sbtest6  (cost=5.51..421.39 rows=105 width=125)
	  Recheck Cond: ((k >= 7515649) AND (k <= 7515749))
	  ->  Bitmap Index Scan on k_6  (cost=0.00..5.48 rows=105 width=0)
	        Index Cond: ((k >= 7515649) AND (k <= 7515749))

table 7 : explain SELECT k, c FROM sbtest7 WHERE k BETWEEN 7515649 AND 7515749
	Bitmap Heap Scan on sbtest7  (cost=5.46..401.68 rows=100 width=125)
	  Recheck Cond: ((k >= 7515649) AND (k <= 7515749))
	  ->  Bitmap Index Scan on k_7  (cost=0.00..5.43 rows=100 width=0)
	        Index Cond: ((k >= 7515649) AND (k <= 7515749))

table 8 : explain SELECT k, c FROM sbtest8 WHERE k BETWEEN 7515649 AND 7515749
	Bitmap Heap Scan on sbtest8  (cost=5.56..441.12 rows=110 width=125)
	  Recheck Cond: ((k >= 7515649) AND (k <= 7515749))
	  ->  Bitmap Index Scan on k_8  (cost=0.00..5.53 rows=110 width=0)
	        Index Cond: ((k >= 7515649) AND (k <= 7515749))

for range-notcovered
table 1 : explain SELECT k, c FROM sbtest1 WHERE k BETWEEN 3643322 AND 3643422
	Bitmap Heap Scan on sbtest1  (cost=5.45..397.73 rows=99 width=125)
	  Recheck Cond: ((k >= 3643322) AND (k <= 3643422))
	  ->  Bitmap Index Scan on k_1  (cost=0.00..5.42 rows=99 width=0)
	        Index Cond: ((k >= 3643322) AND (k <= 3643422))

table 2 : explain SELECT k, c FROM sbtest2 WHERE k BETWEEN 3643322 AND 3643422
	Bitmap Heap Scan on sbtest2  (cost=5.46..401.68 rows=100 width=125)
	  Recheck Cond: ((k >= 3643322) AND (k <= 3643422))
	  ->  Bitmap Index Scan on k_2  (cost=0.00..5.43 rows=100 width=0)
	        Index Cond: ((k >= 3643322) AND (k <= 3643422))

table 3 : explain SELECT k, c FROM sbtest3 WHERE k BETWEEN 3643322 AND 3643422
	Bitmap Heap Scan on sbtest3  (cost=5.48..409.56 rows=102 width=125)
	  Recheck Cond: ((k >= 3643322) AND (k <= 3643422))
	  ->  Bitmap Index Scan on k_3  (cost=0.00..5.45 rows=102 width=0)
	        Index Cond: ((k >= 3643322) AND (k <= 3643422))

table 4 : explain SELECT k, c FROM sbtest4 WHERE k BETWEEN 3643322 AND 3643422
	Bitmap Heap Scan on sbtest4  (cost=5.52..425.36 rows=106 width=125)
	  Recheck Cond: ((k >= 3643322) AND (k <= 3643422))
	  ->  Bitmap Index Scan on k_4  (cost=0.00..5.50 rows=106 width=0)
	        Index Cond: ((k >= 3643322) AND (k <= 3643422))

table 5 : explain SELECT k, c FROM sbtest5 WHERE k BETWEEN 3643322 AND 3643422
	Bitmap Heap Scan on sbtest5  (cost=5.55..437.18 rows=109 width=125)
	  Recheck Cond: ((k >= 3643322) AND (k <= 3643422))
	  ->  Bitmap Index Scan on k_5  (cost=0.00..5.52 rows=109 width=0)
	        Index Cond: ((k >= 3643322) AND (k <= 3643422))

table 6 : explain SELECT k, c FROM sbtest6 WHERE k BETWEEN 3643322 AND 3643422
	Bitmap Heap Scan on sbtest6  (cost=5.54..433.22 rows=108 width=125)
	  Recheck Cond: ((k >= 3643322) AND (k <= 3643422))
	  ->  Bitmap Index Scan on k_6  (cost=0.00..5.51 rows=108 width=0)
	        Index Cond: ((k >= 3643322) AND (k <= 3643422))

table 7 : explain SELECT k, c FROM sbtest7 WHERE k BETWEEN 3643322 AND 3643422
	Bitmap Heap Scan on sbtest7  (cost=5.36..362.20 rows=90 width=125)
	  Recheck Cond: ((k >= 3643322) AND (k <= 3643422))
	  ->  Bitmap Index Scan on k_7  (cost=0.00..5.33 rows=90 width=0)
	        Index Cond: ((k >= 3643322) AND (k <= 3643422))

table 8 : explain SELECT k, c FROM sbtest8 WHERE k BETWEEN 3643322 AND 3643422
	Bitmap Heap Scan on sbtest8  (cost=5.52..425.35 rows=106 width=125)
	  Recheck Cond: ((k >= 3643322) AND (k <= 3643422))
	  ->  Bitmap Index Scan on k_8  (cost=0.00..5.50 rows=106 width=0)
	        Index Cond: ((k >= 3643322) AND (k <= 3643422))

explain: for range-notcovered :: explain SELECT k, c FROM sbtest%d WHERE k BETWEEN 4233174 AND 4233274
explain: for range-notcovered :: explain SELECT k, c FROM sbtest%d WHERE k BETWEEN 4775522 AND 4775622
explain: for range-notcovered :: explain SELECT k, c FROM sbtest%d WHERE k BETWEEN 7515649 AND 7515749
for range-notcovered
table 1 : explain SELECT k, c FROM sbtest1 WHERE k BETWEEN 3624693 AND 3624793
	Bitmap Heap Scan on sbtest1  (cost=5.45..397.73 rows=99 width=125)
	  Recheck Cond: ((k >= 3624693) AND (k <= 3624793))
	  ->  Bitmap Index Scan on k_1  (cost=0.00..5.42 rows=99 width=0)
	        Index Cond: ((k >= 3624693) AND (k <= 3624793))

table 2 : explain SELECT k, c FROM sbtest2 WHERE k BETWEEN 3624693 AND 3624793
	Bitmap Heap Scan on sbtest2  (cost=5.46..401.68 rows=100 width=125)
	  Recheck Cond: ((k >= 3624693) AND (k <= 3624793))
	  ->  Bitmap Index Scan on k_2  (cost=0.00..5.43 rows=100 width=0)
	        Index Cond: ((k >= 3624693) AND (k <= 3624793))

table 3 : explain SELECT k, c FROM sbtest3 WHERE k BETWEEN 3624693 AND 3624793
	Bitmap Heap Scan on sbtest3  (cost=5.48..409.56 rows=102 width=125)
	  Recheck Cond: ((k >= 3624693) AND (k <= 3624793))
	  ->  Bitmap Index Scan on k_3  (cost=0.00..5.45 rows=102 width=0)
	        Index Cond: ((k >= 3624693) AND (k <= 3624793))

table 4 : explain SELECT k, c FROM sbtest4 WHERE k BETWEEN 3624693 AND 3624793
	Bitmap Heap Scan on sbtest4  (cost=5.52..425.36 rows=106 width=125)
	  Recheck Cond: ((k >= 3624693) AND (k <= 3624793))
	  ->  Bitmap Index Scan on k_4  (cost=0.00..5.50 rows=106 width=0)
	        Index Cond: ((k >= 3624693) AND (k <= 3624793))

table 5 : explain SELECT k, c FROM sbtest5 WHERE k BETWEEN 3624693 AND 3624793
	Bitmap Heap Scan on sbtest5  (cost=5.55..437.18 rows=109 width=125)
	  Recheck Cond: ((k >= 3624693) AND (k <= 3624793))
	  ->  Bitmap Index Scan on k_5  (cost=0.00..5.52 rows=109 width=0)
	        Index Cond: ((k >= 3624693) AND (k <= 3624793))

table 6 : explain SELECT k, c FROM sbtest6 WHERE k BETWEEN 3624693 AND 3624793
	Bitmap Heap Scan on sbtest6  (cost=5.54..433.22 rows=108 width=125)
	  Recheck Cond: ((k >= 3624693) AND (k <= 3624793))
	  ->  Bitmap Index Scan on k_6  (cost=0.00..5.51 rows=108 width=0)
	        Index Cond: ((k >= 3624693) AND (k <= 3624793))

table 7 : explain SELECT k, c FROM sbtest7 WHERE k BETWEEN 3624693 AND 3624793
	Bitmap Heap Scan on sbtest7  (cost=5.36..362.20 rows=90 width=125)
	  Recheck Cond: ((k >= 3624693) AND (k <= 3624793))
	  ->  Bitmap Index Scan on k_7  (cost=0.00..5.33 rows=90 width=0)
	        Index Cond: ((k >= 3624693) AND (k <= 3624793))

table 8 : explain SELECT k, c FROM sbtest8 WHERE k BETWEEN 3624693 AND 3624793
	Bitmap Heap Scan on sbtest8  (cost=5.52..425.35 rows=106 width=125)
	  Recheck Cond: ((k >= 3624693) AND (k <= 3624793))
	  ->  Bitmap Index Scan on k_8  (cost=0.00..5.50 rows=106 width=0)
	        Index Cond: ((k >= 3624693) AND (k <= 3624793))

explain: for range-notcovered :: explain SELECT k, c FROM sbtest%d WHERE k BETWEEN 3643322 AND 3643422
explain: for range-notcovered :: explain SELECT k, c FROM sbtest%d WHERE k BETWEEN 3624693 AND 3624793
explain: for range-notcovered :: explain SELECT k, c FROM sbtest%d WHERE k BETWEEN 531597 AND 531697
for range-notcovered
table 1 : explain SELECT k, c FROM sbtest1 WHERE k BETWEEN 4404507 AND 4404607
	Bitmap Heap Scan on sbtest1  (cost=5.45..397.73 rows=99 width=125)
	  Recheck Cond: ((k >= 4404507) AND (k <= 4404607))
	  ->  Bitmap Index Scan on k_1  (cost=0.00..5.42 rows=99 width=0)
	        Index Cond: ((k >= 4404507) AND (k <= 4404607))

table 2 : explain SELECT k, c FROM sbtest2 WHERE k BETWEEN 4404507 AND 4404607
	Bitmap Heap Scan on sbtest2  (cost=5.50..417.46 rows=104 width=125)
	  Recheck Cond: ((k >= 4404507) AND (k <= 4404607))
	  ->  Bitmap Index Scan on k_2  (cost=0.00..5.47 rows=104 width=0)
	        Index Cond: ((k >= 4404507) AND (k <= 4404607))

table 3 : explain SELECT k, c FROM sbtest3 WHERE k BETWEEN 4404507 AND 4404607
	Bitmap Heap Scan on sbtest3  (cost=5.41..381.94 rows=95 width=125)
	  Recheck Cond: ((k >= 4404507) AND (k <= 4404607))
	  ->  Bitmap Index Scan on k_3  (cost=0.00..5.38 rows=95 width=0)
	        Index Cond: ((k >= 4404507) AND (k <= 4404607))

table 4 : explain SELECT k, c FROM sbtest4 WHERE k BETWEEN 4404507 AND 4404607
	Bitmap Heap Scan on sbtest4  (cost=5.48..409.58 rows=102 width=125)
	  Recheck Cond: ((k >= 4404507) AND (k <= 4404607))
	  ->  Bitmap Index Scan on k_4  (cost=0.00..5.45 rows=102 width=0)
	        Index Cond: ((k >= 4404507) AND (k <= 4404607))

table 5 : explain SELECT k, c FROM sbtest5 WHERE k BETWEEN 4404507 AND 4404607
	Bitmap Heap Scan on sbtest5  (cost=5.45..397.73 rows=99 width=125)
	  Recheck Cond: ((k >= 4404507) AND (k <= 4404607))
	  ->  Bitmap Index Scan on k_5  (cost=0.00..5.42 rows=99 width=0)
	        Index Cond: ((k >= 4404507) AND (k <= 4404607))

table 6 : explain SELECT k, c FROM sbtest6 WHERE k BETWEEN 4404507 AND 4404607
	Bitmap Heap Scan on sbtest6  (cost=5.50..417.45 rows=104 width=125)
	  Recheck Cond: ((k >= 4404507) AND (k <= 4404607))
	  ->  Bitmap Index Scan on k_6  (cost=0.00..5.47 rows=104 width=0)
	        Index Cond: ((k >= 4404507) AND (k <= 4404607))

table 7 : explain SELECT k, c FROM sbtest7 WHERE k BETWEEN 4404507 AND 4404607
	Bitmap Heap Scan on sbtest7  (cost=5.50..417.46 rows=104 width=125)
	  Recheck Cond: ((k >= 4404507) AND (k <= 4404607))
	  ->  Bitmap Index Scan on k_7  (cost=0.00..5.47 rows=104 width=0)
	        Index Cond: ((k >= 4404507) AND (k <= 4404607))

table 8 : explain SELECT k, c FROM sbtest8 WHERE k BETWEEN 4404507 AND 4404607
	Bitmap Heap Scan on sbtest8  (cost=5.49..413.52 rows=103 width=125)
	  Recheck Cond: ((k >= 4404507) AND (k <= 4404607))
	  ->  Bitmap Index Scan on k_8  (cost=0.00..5.46 rows=103 width=0)
	        Index Cond: ((k >= 4404507) AND (k <= 4404607))

explain: for range-notcovered :: explain SELECT k, c FROM sbtest%d WHERE k BETWEEN 4404507 AND 4404607
for range-notcovered
table 1 : explain SELECT k, c FROM sbtest1 WHERE k BETWEEN 3652200 AND 3652300
	Bitmap Heap Scan on sbtest1  (cost=5.45..397.73 rows=99 width=125)
	  Recheck Cond: ((k >= 3652200) AND (k <= 3652300))
	  ->  Bitmap Index Scan on k_1  (cost=0.00..5.42 rows=99 width=0)
	        Index Cond: ((k >= 3652200) AND (k <= 3652300))

table 2 : explain SELECT k, c FROM sbtest2 WHERE k BETWEEN 3652200 AND 3652300
	Bitmap Heap Scan on sbtest2  (cost=5.46..401.68 rows=100 width=125)
	  Recheck Cond: ((k >= 3652200) AND (k <= 3652300))
	  ->  Bitmap Index Scan on k_2  (cost=0.00..5.43 rows=100 width=0)
	        Index Cond: ((k >= 3652200) AND (k <= 3652300))

table 3 : explain SELECT k, c FROM sbtest3 WHERE k BETWEEN 3652200 AND 3652300
	Bitmap Heap Scan on sbtest3  (cost=5.48..409.56 rows=102 width=125)
	  Recheck Cond: ((k >= 3652200) AND (k <= 3652300))
	  ->  Bitmap Index Scan on k_3  (cost=0.00..5.45 rows=102 width=0)
	        Index Cond: ((k >= 3652200) AND (k <= 3652300))

table 4 : explain SELECT k, c FROM sbtest4 WHERE k BETWEEN 3652200 AND 3652300
	Bitmap Heap Scan on sbtest4  (cost=5.52..425.36 rows=106 width=125)
	  Recheck Cond: ((k >= 3652200) AND (k <= 3652300))
	  ->  Bitmap Index Scan on k_4  (cost=0.00..5.50 rows=106 width=0)
	        Index Cond: ((k >= 3652200) AND (k <= 3652300))

table 5 : explain SELECT k, c FROM sbtest5 WHERE k BETWEEN 3652200 AND 3652300
	Bitmap Heap Scan on sbtest5  (cost=5.55..437.18 rows=109 width=125)
	  Recheck Cond: ((k >= 3652200) AND (k <= 3652300))
	  ->  Bitmap Index Scan on k_5  (cost=0.00..5.52 rows=109 width=0)
	        Index Cond: ((k >= 3652200) AND (k <= 3652300))

table 6 : explain SELECT k, c FROM sbtest6 WHERE k BETWEEN 3652200 AND 3652300
	Bitmap Heap Scan on sbtest6  (cost=5.54..433.22 rows=108 width=125)
	  Recheck Cond: ((k >= 3652200) AND (k <= 3652300))
	  ->  Bitmap Index Scan on k_6  (cost=0.00..5.51 rows=108 width=0)
	        Index Cond: ((k >= 3652200) AND (k <= 3652300))

table 7 : explain SELECT k, c FROM sbtest7 WHERE k BETWEEN 3652200 AND 3652300
	Bitmap Heap Scan on sbtest7  (cost=5.36..362.20 rows=90 width=125)
	  Recheck Cond: ((k >= 3652200) AND (k <= 3652300))
	  ->  Bitmap Index Scan on k_7  (cost=0.00..5.33 rows=90 width=0)
	        Index Cond: ((k >= 3652200) AND (k <= 3652300))

table 8 : explain SELECT k, c FROM sbtest8 WHERE k BETWEEN 3652200 AND 3652300
	Bitmap Heap Scan on sbtest8  (cost=5.52..425.35 rows=106 width=125)
	  Recheck Cond: ((k >= 3652200) AND (k <= 3652300))
	  ->  Bitmap Index Scan on k_8  (cost=0.00..5.50 rows=106 width=0)
	        Index Cond: ((k >= 3652200) AND (k <= 3652300))

for range-notcovered
table 1 : explain SELECT k, c FROM sbtest1 WHERE k BETWEEN 7738119 AND 7738219
	Bitmap Heap Scan on sbtest1  (cost=5.41..381.94 rows=95 width=125)
	  Recheck Cond: ((k >= 7738119) AND (k <= 7738219))
	  ->  Bitmap Index Scan on k_1  (cost=0.00..5.38 rows=95 width=0)
	        Index Cond: ((k >= 7738119) AND (k <= 7738219))

table 2 : explain SELECT k, c FROM sbtest2 WHERE k BETWEEN 7738119 AND 7738219
	Bitmap Heap Scan on sbtest2  (cost=5.57..445.06 rows=111 width=125)
	  Recheck Cond: ((k >= 7738119) AND (k <= 7738219))
	  ->  Bitmap Index Scan on k_2  (cost=0.00..5.54 rows=111 width=0)
	        Index Cond: ((k >= 7738119) AND (k <= 7738219))

table 3 : explain SELECT k, c FROM sbtest3 WHERE k BETWEEN 7738119 AND 7738219
	Bitmap Heap Scan on sbtest3  (cost=5.54..433.22 rows=108 width=125)
	  Recheck Cond: ((k >= 7738119) AND (k <= 7738219))
	  ->  Bitmap Index Scan on k_3  (cost=0.00..5.51 rows=108 width=0)
	        Index Cond: ((k >= 7738119) AND (k <= 7738219))

table 4 : explain SELECT k, c FROM sbtest4 WHERE k BETWEEN 7738119 AND 7738219
	Bitmap Heap Scan on sbtest4  (cost=5.46..401.69 rows=100 width=125)
	  Recheck Cond: ((k >= 7738119) AND (k <= 7738219))
	  ->  Bitmap Index Scan on k_4  (cost=0.00..5.43 rows=100 width=0)
	        Index Cond: ((k >= 7738119) AND (k <= 7738219))

table 5 : explain SELECT k, c FROM sbtest5 WHERE k BETWEEN 7738119 AND 7738219
	Bitmap Heap Scan on sbtest5  (cost=5.42..385.89 rows=96 width=125)
	  Recheck Cond: ((k >= 7738119) AND (k <= 7738219))
	  ->  Bitmap Index Scan on k_5  (cost=0.00..5.39 rows=96 width=0)
	        Index Cond: ((k >= 7738119) AND (k <= 7738219))

table 6 : explain SELECT k, c FROM sbtest6 WHERE k BETWEEN 7738119 AND 7738219
	Bitmap Heap Scan on sbtest6  (cost=5.44..393.78 rows=98 width=125)
	  Recheck Cond: ((k >= 7738119) AND (k <= 7738219))
	  ->  Bitmap Index Scan on k_6  (cost=0.00..5.42 rows=98 width=0)
	        Index Cond: ((k >= 7738119) AND (k <= 7738219))

table 7 : explain SELECT k, c FROM sbtest7 WHERE k BETWEEN 7738119 AND 7738219
	Bitmap Heap Scan on sbtest7  (cost=5.50..417.46 rows=104 width=125)
	  Recheck Cond: ((k >= 7738119) AND (k <= 7738219))
	  ->  Bitmap Index Scan on k_7  (cost=0.00..5.47 rows=104 width=0)
	        Index Cond: ((k >= 7738119) AND (k <= 7738219))

table 8 : explain SELECT k, c FROM sbtest8 WHERE k BETWEEN 7738119 AND 7738219
	Bitmap Heap Scan on sbtest8  (cost=5.45..397.73 rows=99 width=125)
	  Recheck Cond: ((k >= 7738119) AND (k <= 7738219))
	  ->  Bitmap Index Scan on k_8  (cost=0.00..5.42 rows=99 width=0)
	        Index Cond: ((k >= 7738119) AND (k <= 7738219))

explain: for range-notcovered :: explain SELECT k, c FROM sbtest%d WHERE k BETWEEN 2181250 AND 2181350
for range-notcovered
table 1 : explain SELECT k, c FROM sbtest1 WHERE k BETWEEN 1519737 AND 1519837
	Bitmap Heap Scan on sbtest1  (cost=5.45..397.73 rows=99 width=125)
	  Recheck Cond: ((k >= 1519737) AND (k <= 1519837))
	  ->  Bitmap Index Scan on k_1  (cost=0.00..5.42 rows=99 width=0)
	        Index Cond: ((k >= 1519737) AND (k <= 1519837))

table 2 : explain SELECT k, c FROM sbtest2 WHERE k BETWEEN 1519737 AND 1519837
	Bitmap Heap Scan on sbtest2  (cost=5.52..425.35 rows=106 width=125)
	  Recheck Cond: ((k >= 1519737) AND (k <= 1519837))
	  ->  Bitmap Index Scan on k_2  (cost=0.00..5.50 rows=106 width=0)
	        Index Cond: ((k >= 1519737) AND (k <= 1519837))

table 3 : explain SELECT k, c FROM sbtest3 WHERE k BETWEEN 1519737 AND 1519837
	Bitmap Heap Scan on sbtest3  (cost=5.50..417.45 rows=104 width=125)
	  Recheck Cond: ((k >= 1519737) AND (k <= 1519837))
	  ->  Bitmap Index Scan on k_3  (cost=0.00..5.47 rows=104 width=0)
	        Index Cond: ((k >= 1519737) AND (k <= 1519837))

table 4 : explain SELECT k, c FROM sbtest4 WHERE k BETWEEN 1519737 AND 1519837
	Bitmap Heap Scan on sbtest4  (cost=5.39..374.05 rows=93 width=125)
	  Recheck Cond: ((k >= 1519737) AND (k <= 1519837))
	  ->  Bitmap Index Scan on k_4  (cost=0.00..5.36 rows=93 width=0)
	        Index Cond: ((k >= 1519737) AND (k <= 1519837))

table 5 : explain SELECT k, c FROM sbtest5 WHERE k BETWEEN 1519737 AND 1519837
	Bitmap Heap Scan on sbtest5  (cost=5.52..425.35 rows=106 width=125)
	  Recheck Cond: ((k >= 1519737) AND (k <= 1519837))
	  ->  Bitmap Index Scan on k_5  (cost=0.00..5.50 rows=106 width=0)
	        Index Cond: ((k >= 1519737) AND (k <= 1519837))

table 6 : explain SELECT k, c FROM sbtest6 WHERE k BETWEEN 1519737 AND 1519837
	Bitmap Heap Scan on sbtest6  (cost=5.44..393.78 rows=98 width=125)
	  Recheck Cond: ((k >= 1519737) AND (k <= 1519837))
	  ->  Bitmap Index Scan on k_6  (cost=0.00..5.42 rows=98 width=0)
	        Index Cond: ((k >= 1519737) AND (k <= 1519837))

table 7 : explain SELECT k, c FROM sbtest7 WHERE k BETWEEN 1519737 AND 1519837
	Bitmap Heap Scan on sbtest7  (cost=5.70..492.34 rows=123 width=125)
	  Recheck Cond: ((k >= 1519737) AND (k <= 1519837))
	  ->  Bitmap Index Scan on k_7  (cost=0.00..5.67 rows=123 width=0)
	        Index Cond: ((k >= 1519737) AND (k <= 1519837))

table 8 : explain SELECT k, c FROM sbtest8 WHERE k BETWEEN 1519737 AND 1519837
	Bitmap Heap Scan on sbtest8  (cost=5.55..437.18 rows=109 width=125)
	  Recheck Cond: ((k >= 1519737) AND (k <= 1519837))
	  ->  Bitmap Index Scan on k_8  (cost=0.00..5.52 rows=109 width=0)
	        Index Cond: ((k >= 1519737) AND (k <= 1519837))

for range-notcovered
table 1 : explain SELECT k, c FROM sbtest1 WHERE k BETWEEN 7980482 AND 7980582
	Bitmap Heap Scan on sbtest1  (cost=5.47..405.62 rows=101 width=125)
	  Recheck Cond: ((k >= 7980482) AND (k <= 7980582))
	  ->  Bitmap Index Scan on k_1  (cost=0.00..5.44 rows=101 width=0)
	        Index Cond: ((k >= 7980482) AND (k <= 7980582))

table 2 : explain SELECT k, c FROM sbtest2 WHERE k BETWEEN 7980482 AND 7980582
	Bitmap Heap Scan on sbtest2  (cost=5.58..449.00 rows=112 width=125)
	  Recheck Cond: ((k >= 7980482) AND (k <= 7980582))
	  ->  Bitmap Index Scan on k_2  (cost=0.00..5.55 rows=112 width=0)
	        Index Cond: ((k >= 7980482) AND (k <= 7980582))

table 3 : explain SELECT k, c FROM sbtest3 WHERE k BETWEEN 7980482 AND 7980582
	Bitmap Heap Scan on sbtest3  (cost=5.63..468.69 rows=117 width=125)
	  Recheck Cond: ((k >= 7980482) AND (k <= 7980582))
	  ->  Bitmap Index Scan on k_3  (cost=0.00..5.60 rows=117 width=0)
	        Index Cond: ((k >= 7980482) AND (k <= 7980582))

table 4 : explain SELECT k, c FROM sbtest4 WHERE k BETWEEN 7980482 AND 7980582
	Bitmap Heap Scan on sbtest4  (cost=5.40..378.00 rows=94 width=125)
	  Recheck Cond: ((k >= 7980482) AND (k <= 7980582))
	  ->  Bitmap Index Scan on k_4  (cost=0.00..5.38 rows=94 width=0)
	        Index Cond: ((k >= 7980482) AND (k <= 7980582))

table 5 : explain SELECT k, c FROM sbtest5 WHERE k BETWEEN 7980482 AND 7980582
	Bitmap Heap Scan on sbtest5  (cost=5.70..492.34 rows=123 width=125)
	  Recheck Cond: ((k >= 7980482) AND (k <= 7980582))
	  ->  Bitmap Index Scan on k_5  (cost=0.00..5.67 rows=123 width=0)
	        Index Cond: ((k >= 7980482) AND (k <= 7980582))

table 6 : explain SELECT k, c FROM sbtest6 WHERE k BETWEEN 7980482 AND 7980582
	Bitmap Heap Scan on sbtest6  (cost=5.41..381.93 rows=95 width=125)
	  Recheck Cond: ((k >= 7980482) AND (k <= 7980582))
	  ->  Bitmap Index Scan on k_6  (cost=0.00..5.38 rows=95 width=0)
	        Index Cond: ((k >= 7980482) AND (k <= 7980582))

table 7 : explain SELECT k, c FROM sbtest7 WHERE k BETWEEN 7980482 AND 7980582
	Bitmap Heap Scan on sbtest7  (cost=5.47..405.63 rows=101 width=125)
	  Recheck Cond: ((k >= 7980482) AND (k <= 7980582))
	  ->  Bitmap Index Scan on k_7  (cost=0.00..5.44 rows=101 width=0)
	        Index Cond: ((k >= 7980482) AND (k <= 7980582))

table 8 : explain SELECT k, c FROM sbtest8 WHERE k BETWEEN 7980482 AND 7980582
	Bitmap Heap Scan on sbtest8  (cost=5.38..370.10 rows=92 width=125)
	  Recheck Cond: ((k >= 7980482) AND (k <= 7980582))
	  ->  Bitmap Index Scan on k_8  (cost=0.00..5.35 rows=92 width=0)
	        Index Cond: ((k >= 7980482) AND (k <= 7980582))

for range-notcovered
table 1 : explain SELECT k, c FROM sbtest1 WHERE k BETWEEN 4692475 AND 4692575
	Bitmap Heap Scan on sbtest1  (cost=5.45..397.73 rows=99 width=125)
	  Recheck Cond: ((k >= 4692475) AND (k <= 4692575))
	  ->  Bitmap Index Scan on k_1  (cost=0.00..5.42 rows=99 width=0)
	        Index Cond: ((k >= 4692475) AND (k <= 4692575))

table 2 : explain SELECT k, c FROM sbtest2 WHERE k BETWEEN 4692475 AND 4692575
	Bitmap Heap Scan on sbtest2  (cost=5.51..421.40 rows=105 width=125)
	  Recheck Cond: ((k >= 4692475) AND (k <= 4692575))
	  ->  Bitmap Index Scan on k_2  (cost=0.00..5.48 rows=105 width=0)
	        Index Cond: ((k >= 4692475) AND (k <= 4692575))

table 3 : explain SELECT k, c FROM sbtest3 WHERE k BETWEEN 4692475 AND 4692575
	Bitmap Heap Scan on sbtest3  (cost=5.41..381.94 rows=95 width=125)
	  Recheck Cond: ((k >= 4692475) AND (k <= 4692575))
	  ->  Bitmap Index Scan on k_3  (cost=0.00..5.38 rows=95 width=0)
	        Index Cond: ((k >= 4692475) AND (k <= 4692575))

table 4 : explain SELECT k, c FROM sbtest4 WHERE k BETWEEN 4692475 AND 4692575
	Bitmap Heap Scan on sbtest4  (cost=5.51..421.41 rows=105 width=125)
	  Recheck Cond: ((k >= 4692475) AND (k <= 4692575))
	  ->  Bitmap Index Scan on k_4  (cost=0.00..5.48 rows=105 width=0)
	        Index Cond: ((k >= 4692475) AND (k <= 4692575))

table 5 : explain SELECT k, c FROM sbtest5 WHERE k BETWEEN 4692475 AND 4692575
	Bitmap Heap Scan on sbtest5  (cost=5.44..393.79 rows=98 width=125)
	  Recheck Cond: ((k >= 4692475) AND (k <= 4692575))
	  ->  Bitmap Index Scan on k_5  (cost=0.00..5.42 rows=98 width=0)
	        Index Cond: ((k >= 4692475) AND (k <= 4692575))

table 6 : explain SELECT k, c FROM sbtest6 WHERE k BETWEEN 4692475 AND 4692575
	Bitmap Heap Scan on sbtest6  (cost=5.45..397.72 rows=99 width=125)
	  Recheck Cond: ((k >= 4692475) AND (k <= 4692575))
	  ->  Bitmap Index Scan on k_6  (cost=0.00..5.42 rows=99 width=0)
	        Index Cond: ((k >= 4692475) AND (k <= 4692575))

table 7 : explain SELECT k, c FROM sbtest7 WHERE k BETWEEN 4692475 AND 4692575
	Bitmap Heap Scan on sbtest7  (cost=5.53..429.29 rows=107 width=125)
	  Recheck Cond: ((k >= 4692475) AND (k <= 4692575))
	  ->  Bitmap Index Scan on k_7  (cost=0.00..5.50 rows=107 width=0)
	        Index Cond: ((k >= 4692475) AND (k <= 4692575))

table 8 : explain SELECT k, c FROM sbtest8 WHERE k BETWEEN 4692475 AND 4692575
	Bitmap Heap Scan on sbtest8  (cost=5.49..413.52 rows=103 width=125)
	  Recheck Cond: ((k >= 4692475) AND (k <= 4692575))
	  ->  Bitmap Index Scan on k_8  (cost=0.00..5.46 rows=103 width=0)
	        Index Cond: ((k >= 4692475) AND (k <= 4692575))

explain: for range-notcovered :: explain SELECT k, c FROM sbtest%d WHERE k BETWEEN 3652200 AND 3652300
explain: for range-notcovered :: explain SELECT k, c FROM sbtest%d WHERE k BETWEEN 7738119 AND 7738219
explain: for range-notcovered :: explain SELECT k, c FROM sbtest%d WHERE k BETWEEN 1519737 AND 1519837
explain: for range-notcovered :: explain SELECT k, c FROM sbtest%d WHERE k BETWEEN 7980482 AND 7980582
explain: for range-notcovered :: explain SELECT k, c FROM sbtest%d WHERE k BETWEEN 4692475 AND 4692575
for range-notcovered
table 1 : explain SELECT k, c FROM sbtest1 WHERE k BETWEEN 4233174 AND 4233274
	Bitmap Heap Scan on sbtest1  (cost=5.42..385.89 rows=96 width=125)
	  Recheck Cond: ((k >= 4233174) AND (k <= 4233274))
	  ->  Bitmap Index Scan on k_1  (cost=0.00..5.39 rows=96 width=0)
	        Index Cond: ((k >= 4233174) AND (k <= 4233274))

table 2 : explain SELECT k, c FROM sbtest2 WHERE k BETWEEN 4233174 AND 4233274
	Bitmap Heap Scan on sbtest2  (cost=5.47..405.62 rows=101 width=125)
	  Recheck Cond: ((k >= 4233174) AND (k <= 4233274))
	  ->  Bitmap Index Scan on k_2  (cost=0.00..5.44 rows=101 width=0)
	        Index Cond: ((k >= 4233174) AND (k <= 4233274))

table 3 : explain SELECT k, c FROM sbtest3 WHERE k BETWEEN 4233174 AND 4233274
	Bitmap Heap Scan on sbtest3  (cost=5.46..401.67 rows=100 width=125)
	  Recheck Cond: ((k >= 4233174) AND (k <= 4233274))
	  ->  Bitmap Index Scan on k_3  (cost=0.00..5.43 rows=100 width=0)
	        Index Cond: ((k >= 4233174) AND (k <= 4233274))

table 4 : explain SELECT k, c FROM sbtest4 WHERE k BETWEEN 4233174 AND 4233274
	Bitmap Heap Scan on sbtest4  (cost=5.53..429.30 rows=107 width=125)
	  Recheck Cond: ((k >= 4233174) AND (k <= 4233274))
	  ->  Bitmap Index Scan on k_4  (cost=0.00..5.50 rows=107 width=0)
	        Index Cond: ((k >= 4233174) AND (k <= 4233274))

table 5 : explain SELECT k, c FROM sbtest5 WHERE k BETWEEN 4233174 AND 4233274
	Bitmap Heap Scan on sbtest5  (cost=5.64..472.64 rows=118 width=125)
	  Recheck Cond: ((k >= 4233174) AND (k <= 4233274))
	  ->  Bitmap Index Scan on k_5  (cost=0.00..5.61 rows=118 width=0)
	        Index Cond: ((k >= 4233174) AND (k <= 4233274))

table 6 : explain SELECT k, c FROM sbtest6 WHERE k BETWEEN 4233174 AND 4233274
	Bitmap Heap Scan on sbtest6  (cost=5.49..413.50 rows=103 width=125)
	  Recheck Cond: ((k >= 4233174) AND (k <= 4233274))
	  ->  Bitmap Index Scan on k_6  (cost=0.00..5.46 rows=103 width=0)
	        Index Cond: ((k >= 4233174) AND (k <= 4233274))

table 7 : explain SELECT k, c FROM sbtest7 WHERE k BETWEEN 4233174 AND 4233274
	Bitmap Heap Scan on sbtest7  (cost=5.52..425.35 rows=106 width=125)
	  Recheck Cond: ((k >= 4233174) AND (k <= 4233274))
	  ->  Bitmap Index Scan on k_7  (cost=0.00..5.50 rows=106 width=0)
	        Index Cond: ((k >= 4233174) AND (k <= 4233274))

table 8 : explain SELECT k, c FROM sbtest8 WHERE k BETWEEN 4233174 AND 4233274
	Bitmap Heap Scan on sbtest8  (cost=5.41..381.94 rows=95 width=125)
	  Recheck Cond: ((k >= 4233174) AND (k <= 4233274))
	  ->  Bitmap Index Scan on k_8  (cost=0.00..5.38 rows=95 width=0)
	        Index Cond: ((k >= 4233174) AND (k <= 4233274))

for range-notcovered
table 1 : explain SELECT k, c FROM sbtest1 WHERE k BETWEEN 4395274 AND 4395374
	Bitmap Heap Scan on sbtest1  (cost=5.45..397.73 rows=99 width=125)
	  Recheck Cond: ((k >= 4395274) AND (k <= 4395374))
	  ->  Bitmap Index Scan on k_1  (cost=0.00..5.42 rows=99 width=0)
	        Index Cond: ((k >= 4395274) AND (k <= 4395374))

table 2 : explain SELECT k, c FROM sbtest2 WHERE k BETWEEN 4395274 AND 4395374
	Bitmap Heap Scan on sbtest2  (cost=5.50..417.46 rows=104 width=125)
	  Recheck Cond: ((k >= 4395274) AND (k <= 4395374))
	  ->  Bitmap Index Scan on k_2  (cost=0.00..5.47 rows=104 width=0)
	        Index Cond: ((k >= 4395274) AND (k <= 4395374))

table 3 : explain SELECT k, c FROM sbtest3 WHERE k BETWEEN 4395274 AND 4395374
	Bitmap Heap Scan on sbtest3  (cost=5.41..381.94 rows=95 width=125)
	  Recheck Cond: ((k >= 4395274) AND (k <= 4395374))
	  ->  Bitmap Index Scan on k_3  (cost=0.00..5.38 rows=95 width=0)
	        Index Cond: ((k >= 4395274) AND (k <= 4395374))

table 4 : explain SELECT k, c FROM sbtest4 WHERE k BETWEEN 4395274 AND 4395374
	Bitmap Heap Scan on sbtest4  (cost=5.48..409.58 rows=102 width=125)
	  Recheck Cond: ((k >= 4395274) AND (k <= 4395374))
	  ->  Bitmap Index Scan on k_4  (cost=0.00..5.45 rows=102 width=0)
	        Index Cond: ((k >= 4395274) AND (k <= 4395374))

table 5 : explain SELECT k, c FROM sbtest5 WHERE k BETWEEN 4395274 AND 4395374
	Bitmap Heap Scan on sbtest5  (cost=5.45..397.73 rows=99 width=125)
	  Recheck Cond: ((k >= 4395274) AND (k <= 4395374))
	  ->  Bitmap Index Scan on k_5  (cost=0.00..5.42 rows=99 width=0)
	        Index Cond: ((k >= 4395274) AND (k <= 4395374))

table 6 : explain SELECT k, c FROM sbtest6 WHERE k BETWEEN 4395274 AND 4395374
	Bitmap Heap Scan on sbtest6  (cost=5.50..417.45 rows=104 width=125)
	  Recheck Cond: ((k >= 4395274) AND (k <= 4395374))
	  ->  Bitmap Index Scan on k_6  (cost=0.00..5.47 rows=104 width=0)
	        Index Cond: ((k >= 4395274) AND (k <= 4395374))

table 7 : explain SELECT k, c FROM sbtest7 WHERE k BETWEEN 4395274 AND 4395374
	Bitmap Heap Scan on sbtest7  (cost=5.50..417.46 rows=104 width=125)
	  Recheck Cond: ((k >= 4395274) AND (k <= 4395374))
	  ->  Bitmap Index Scan on k_7  (cost=0.00..5.47 rows=104 width=0)
	        Index Cond: ((k >= 4395274) AND (k <= 4395374))

table 8 : explain SELECT k, c FROM sbtest8 WHERE k BETWEEN 4395274 AND 4395374
	Bitmap Heap Scan on sbtest8  (cost=5.49..413.52 rows=103 width=125)
	  Recheck Cond: ((k >= 4395274) AND (k <= 4395374))
	  ->  Bitmap Index Scan on k_8  (cost=0.00..5.46 rows=103 width=0)
	        Index Cond: ((k >= 4395274) AND (k <= 4395374))

explain: for range-notcovered :: explain SELECT k, c FROM sbtest%d WHERE k BETWEEN 4233174 AND 4233274
for range-notcovered
table 1 : explain SELECT k, c FROM sbtest1 WHERE k BETWEEN 3643322 AND 3643422
	Bitmap Heap Scan on sbtest1  (cost=5.45..397.73 rows=99 width=125)
	  Recheck Cond: ((k >= 3643322) AND (k <= 3643422))
	  ->  Bitmap Index Scan on k_1  (cost=0.00..5.42 rows=99 width=0)
	        Index Cond: ((k >= 3643322) AND (k <= 3643422))

table 2 : explain SELECT k, c FROM sbtest2 WHERE k BETWEEN 3643322 AND 3643422
	Bitmap Heap Scan on sbtest2  (cost=5.46..401.68 rows=100 width=125)
	  Recheck Cond: ((k >= 3643322) AND (k <= 3643422))
	  ->  Bitmap Index Scan on k_2  (cost=0.00..5.43 rows=100 width=0)
	        Index Cond: ((k >= 3643322) AND (k <= 3643422))

table 3 : explain SELECT k, c FROM sbtest3 WHERE k BETWEEN 3643322 AND 3643422
	Bitmap Heap Scan on sbtest3  (cost=5.48..409.56 rows=102 width=125)
	  Recheck Cond: ((k >= 3643322) AND (k <= 3643422))
	  ->  Bitmap Index Scan on k_3  (cost=0.00..5.45 rows=102 width=0)
	        Index Cond: ((k >= 3643322) AND (k <= 3643422))

table 4 : explain SELECT k, c FROM sbtest4 WHERE k BETWEEN 3643322 AND 3643422
	Bitmap Heap Scan on sbtest4  (cost=5.52..425.36 rows=106 width=125)
	  Recheck Cond: ((k >= 3643322) AND (k <= 3643422))
	  ->  Bitmap Index Scan on k_4  (cost=0.00..5.50 rows=106 width=0)
	        Index Cond: ((k >= 3643322) AND (k <= 3643422))

table 5 : explain SELECT k, c FROM sbtest5 WHERE k BETWEEN 3643322 AND 3643422
	Bitmap Heap Scan on sbtest5  (cost=5.55..437.18 rows=109 width=125)
	  Recheck Cond: ((k >= 3643322) AND (k <= 3643422))
	  ->  Bitmap Index Scan on k_5  (cost=0.00..5.52 rows=109 width=0)
	        Index Cond: ((k >= 3643322) AND (k <= 3643422))

table 6 : explain SELECT k, c FROM sbtest6 WHERE k BETWEEN 3643322 AND 3643422
	Bitmap Heap Scan on sbtest6  (cost=5.54..433.22 rows=108 width=125)
	  Recheck Cond: ((k >= 3643322) AND (k <= 3643422))
	  ->  Bitmap Index Scan on k_6  (cost=0.00..5.51 rows=108 width=0)
	        Index Cond: ((k >= 3643322) AND (k <= 3643422))

table 7 : explain SELECT k, c FROM sbtest7 WHERE k BETWEEN 3643322 AND 3643422
	Bitmap Heap Scan on sbtest7  (cost=5.36..362.20 rows=90 width=125)
	  Recheck Cond: ((k >= 3643322) AND (k <= 3643422))
	  ->  Bitmap Index Scan on k_7  (cost=0.00..5.33 rows=90 width=0)
	        Index Cond: ((k >= 3643322) AND (k <= 3643422))

table 8 : explain SELECT k, c FROM sbtest8 WHERE k BETWEEN 3643322 AND 3643422
	Bitmap Heap Scan on sbtest8  (cost=5.52..425.35 rows=106 width=125)
	  Recheck Cond: ((k >= 3643322) AND (k <= 3643422))
	  ->  Bitmap Index Scan on k_8  (cost=0.00..5.50 rows=106 width=0)
	        Index Cond: ((k >= 3643322) AND (k <= 3643422))

for range-notcovered
table 1 : explain SELECT k, c FROM sbtest1 WHERE k BETWEEN 7515649 AND 7515749
	Bitmap Heap Scan on sbtest1  (cost=5.53..429.29 rows=107 width=125)
	  Recheck Cond: ((k >= 7515649) AND (k <= 7515749))
	  ->  Bitmap Index Scan on k_1  (cost=0.00..5.50 rows=107 width=0)
	        Index Cond: ((k >= 7515649) AND (k <= 7515749))

table 2 : explain SELECT k, c FROM sbtest2 WHERE k BETWEEN 7515649 AND 7515749
	Bitmap Heap Scan on sbtest2  (cost=5.53..429.29 rows=107 width=125)
	  Recheck Cond: ((k >= 7515649) AND (k <= 7515749))
	  ->  Bitmap Index Scan on k_2  (cost=0.00..5.50 rows=107 width=0)
	        Index Cond: ((k >= 7515649) AND (k <= 7515749))

table 3 : explain SELECT k, c FROM sbtest3 WHERE k BETWEEN 7515649 AND 7515749
	Bitmap Heap Scan on sbtest3  (cost=5.40..377.99 rows=94 width=125)
	  Recheck Cond: ((k >= 7515649) AND (k <= 7515749))
	  ->  Bitmap Index Scan on k_3  (cost=0.00..5.38 rows=94 width=0)
	        Index Cond: ((k >= 7515649) AND (k <= 7515749))

table 4 : explain SELECT k, c FROM sbtest4 WHERE k BETWEEN 7515649 AND 7515749
	Bitmap Heap Scan on sbtest4  (cost=5.42..385.90 rows=96 width=125)
	  Recheck Cond: ((k >= 7515649) AND (k <= 7515749))
	  ->  Bitmap Index Scan on k_4  (cost=0.00..5.39 rows=96 width=0)
	        Index Cond: ((k >= 7515649) AND (k <= 7515749))

table 5 : explain SELECT k, c FROM sbtest5 WHERE k BETWEEN 7515649 AND 7515749
	Bitmap Heap Scan on sbtest5  (cost=5.47..405.62 rows=101 width=125)
	  Recheck Cond: ((k >= 7515649) AND (k <= 7515749))
	  ->  Bitmap Index Scan on k_5  (cost=0.00..5.44 rows=101 width=0)
	        Index Cond: ((k >= 7515649) AND (k <= 7515749))

table 6 : explain SELECT k, c FROM sbtest6 WHERE k BETWEEN 7515649 AND 7515749
	Bitmap Heap Scan on sbtest6  (cost=5.51..421.39 rows=105 width=125)
	  Recheck Cond: ((k >= 7515649) AND (k <= 7515749))
	  ->  Bitmap Index Scan on k_6  (cost=0.00..5.48 rows=105 width=0)
	        Index Cond: ((k >= 7515649) AND (k <= 7515749))

table 7 : explain SELECT k, c FROM sbtest7 WHERE k BETWEEN 7515649 AND 7515749
	Bitmap Heap Scan on sbtest7  (cost=5.46..401.68 rows=100 width=125)
	  Recheck Cond: ((k >= 7515649) AND (k <= 7515749))
	  ->  Bitmap Index Scan on k_7  (cost=0.00..5.43 rows=100 width=0)
	        Index Cond: ((k >= 7515649) AND (k <= 7515749))

table 8 : explain SELECT k, c FROM sbtest8 WHERE k BETWEEN 7515649 AND 7515749
	Bitmap Heap Scan on sbtest8  (cost=5.56..441.12 rows=110 width=125)
	  Recheck Cond: ((k >= 7515649) AND (k <= 7515749))
	  ->  Bitmap Index Scan on k_8  (cost=0.00..5.53 rows=110 width=0)
	        Index Cond: ((k >= 7515649) AND (k <= 7515749))

explain: for range-notcovered :: explain SELECT k, c FROM sbtest%d WHERE k BETWEEN 9404245 AND 9404345
for range-notcovered
table 1 : explain SELECT k, c FROM sbtest1 WHERE k BETWEEN 3177838 AND 3177938
	Bitmap Heap Scan on sbtest1  (cost=5.55..437.17 rows=109 width=125)
	  Recheck Cond: ((k >= 3177838) AND (k <= 3177938))
	  ->  Bitmap Index Scan on k_1  (cost=0.00..5.52 rows=109 width=0)
	        Index Cond: ((k >= 3177838) AND (k <= 3177938))

table 2 : explain SELECT k, c FROM sbtest2 WHERE k BETWEEN 3177838 AND 3177938
	Bitmap Heap Scan on sbtest2  (cost=5.44..393.79 rows=98 width=125)
	  Recheck Cond: ((k >= 3177838) AND (k <= 3177938))
	  ->  Bitmap Index Scan on k_2  (cost=0.00..5.42 rows=98 width=0)
	        Index Cond: ((k >= 3177838) AND (k <= 3177938))

table 3 : explain SELECT k, c FROM sbtest3 WHERE k BETWEEN 3177838 AND 3177938
	Bitmap Heap Scan on sbtest3  (cost=5.49..413.51 rows=103 width=125)
	  Recheck Cond: ((k >= 3177838) AND (k <= 3177938))
	  ->  Bitmap Index Scan on k_3  (cost=0.00..5.46 rows=103 width=0)
	        Index Cond: ((k >= 3177838) AND (k <= 3177938))

table 4 : explain SELECT k, c FROM sbtest4 WHERE k BETWEEN 3177838 AND 3177938
	Bitmap Heap Scan on sbtest4  (cost=5.54..433.24 rows=108 width=125)
	  Recheck Cond: ((k >= 3177838) AND (k <= 3177938))
	  ->  Bitmap Index Scan on k_4  (cost=0.00..5.51 rows=108 width=0)
	        Index Cond: ((k >= 3177838) AND (k <= 3177938))

table 5 : explain SELECT k, c FROM sbtest5 WHERE k BETWEEN 3177838 AND 3177938
	Bitmap Heap Scan on sbtest5  (cost=5.46..401.68 rows=100 width=125)
	  Recheck Cond: ((k >= 3177838) AND (k <= 3177938))
	  ->  Bitmap Index Scan on k_5  (cost=0.00..5.43 rows=100 width=0)
	        Index Cond: ((k >= 3177838) AND (k <= 3177938))

table 6 : explain SELECT k, c FROM sbtest6 WHERE k BETWEEN 3177838 AND 3177938
	Bitmap Heap Scan on sbtest6  (cost=5.58..448.99 rows=112 width=125)
	  Recheck Cond: ((k >= 3177838) AND (k <= 3177938))
	  ->  Bitmap Index Scan on k_6  (cost=0.00..5.55 rows=112 width=0)
	        Index Cond: ((k >= 3177838) AND (k <= 3177938))

table 7 : explain SELECT k, c FROM sbtest7 WHERE k BETWEEN 3177838 AND 3177938
	Bitmap Heap Scan on sbtest7  (cost=5.45..397.73 rows=99 width=125)
	  Recheck Cond: ((k >= 3177838) AND (k <= 3177938))
	  ->  Bitmap Index Scan on k_7  (cost=0.00..5.42 rows=99 width=0)
	        Index Cond: ((k >= 3177838) AND (k <= 3177938))

table 8 : explain SELECT k, c FROM sbtest8 WHERE k BETWEEN 3177838 AND 3177938
	Bitmap Heap Scan on sbtest8  (cost=5.51..421.40 rows=105 width=125)
	  Recheck Cond: ((k >= 3177838) AND (k <= 3177938))
	  ->  Bitmap Index Scan on k_8  (cost=0.00..5.48 rows=105 width=0)
	        Index Cond: ((k >= 3177838) AND (k <= 3177938))
explain: for range-notcovered :: explain SELECT k, c FROM sbtest%d WHERE k BETWEEN 4395274 AND 4395374

explain: for range-notcovered :: explain SELECT k, c FROM sbtest%d WHERE k BETWEEN 3643322 AND 3643422
explain: for range-notcovered :: explain SELECT k, c FROM sbtest%d WHERE k BETWEEN 7515649 AND 7515749
for range-notcovered
table 1 : explain SELECT k, c FROM sbtest1 WHERE k BETWEEN 3624693 AND 3624793
	Bitmap Heap Scan on sbtest1  (cost=5.45..397.73 rows=99 width=125)
	  Recheck Cond: ((k >= 3624693) AND (k <= 3624793))
	  ->  Bitmap Index Scan on k_1  (cost=0.00..5.42 rows=99 width=0)
	        Index Cond: ((k >= 3624693) AND (k <= 3624793))

table 2 : explain SELECT k, c FROM sbtest2 WHERE k BETWEEN 3624693 AND 3624793
	Bitmap Heap Scan on sbtest2  (cost=5.46..401.68 rows=100 width=125)
	  Recheck Cond: ((k >= 3624693) AND (k <= 3624793))
	  ->  Bitmap Index Scan on k_2  (cost=0.00..5.43 rows=100 width=0)
	        Index Cond: ((k >= 3624693) AND (k <= 3624793))

table 3 : explain SELECT k, c FROM sbtest3 WHERE k BETWEEN 3624693 AND 3624793
	Bitmap Heap Scan on sbtest3  (cost=5.48..409.56 rows=102 width=125)
	  Recheck Cond: ((k >= 3624693) AND (k <= 3624793))
	  ->  Bitmap Index Scan on k_3  (cost=0.00..5.45 rows=102 width=0)
	        Index Cond: ((k >= 3624693) AND (k <= 3624793))

table 4 : explain SELECT k, c FROM sbtest4 WHERE k BETWEEN 3624693 AND 3624793
	Bitmap Heap Scan on sbtest4  (cost=5.52..425.36 rows=106 width=125)
	  Recheck Cond: ((k >= 3624693) AND (k <= 3624793))
	  ->  Bitmap Index Scan on k_4  (cost=0.00..5.50 rows=106 width=0)
	        Index Cond: ((k >= 3624693) AND (k <= 3624793))

table 5 : explain SELECT k, c FROM sbtest5 WHERE k BETWEEN 3624693 AND 3624793
	Bitmap Heap Scan on sbtest5  (cost=5.55..437.18 rows=109 width=125)
	  Recheck Cond: ((k >= 3624693) AND (k <= 3624793))
	  ->  Bitmap Index Scan on k_5  (cost=0.00..5.52 rows=109 width=0)
	        Index Cond: ((k >= 3624693) AND (k <= 3624793))

table 6 : explain SELECT k, c FROM sbtest6 WHERE k BETWEEN 3624693 AND 3624793
	Bitmap Heap Scan on sbtest6  (cost=5.54..433.22 rows=108 width=125)
	  Recheck Cond: ((k >= 3624693) AND (k <= 3624793))
	  ->  Bitmap Index Scan on k_6  (cost=0.00..5.51 rows=108 width=0)
	        Index Cond: ((k >= 3624693) AND (k <= 3624793))

table 7 : explain SELECT k, c FROM sbtest7 WHERE k BETWEEN 3624693 AND 3624793
	Bitmap Heap Scan on sbtest7  (cost=5.36..362.20 rows=90 width=125)
	  Recheck Cond: ((k >= 3624693) AND (k <= 3624793))
	  ->  Bitmap Index Scan on k_7  (cost=0.00..5.33 rows=90 width=0)
	        Index Cond: ((k >= 3624693) AND (k <= 3624793))

table 8 : explain SELECT k, c FROM sbtest8 WHERE k BETWEEN 3624693 AND 3624793
	Bitmap Heap Scan on sbtest8  (cost=5.52..425.35 rows=106 width=125)
	  Recheck Cond: ((k >= 3624693) AND (k <= 3624793))
	  ->  Bitmap Index Scan on k_8  (cost=0.00..5.50 rows=106 width=0)
	        Index Cond: ((k >= 3624693) AND (k <= 3624793))

explain: for range-notcovered :: explain SELECT k, c FROM sbtest%d WHERE k BETWEEN 3177838 AND 3177938
for range-notcovered
table 1 : explain SELECT k, c FROM sbtest1 WHERE k BETWEEN 931144 AND 931244
	Bitmap Heap Scan on sbtest1  (cost=5.50..417.46 rows=104 width=125)
	  Recheck Cond: ((k >= 931144) AND (k <= 931244))
	  ->  Bitmap Index Scan on k_1  (cost=0.00..5.47 rows=104 width=0)
	        Index Cond: ((k >= 931144) AND (k <= 931244))

table 2 : explain SELECT k, c FROM sbtest2 WHERE k BETWEEN 931144 AND 931244
	Bitmap Heap Scan on sbtest2  (cost=5.48..409.57 rows=102 width=125)
	  Recheck Cond: ((k >= 931144) AND (k <= 931244))
	  ->  Bitmap Index Scan on k_2  (cost=0.00..5.45 rows=102 width=0)
	        Index Cond: ((k >= 931144) AND (k <= 931244))

table 3 : explain SELECT k, c FROM sbtest3 WHERE k BETWEEN 931144 AND 931244
	Bitmap Heap Scan on sbtest3  (cost=5.47..405.62 rows=101 width=125)
	  Recheck Cond: ((k >= 931144) AND (k <= 931244))
	  ->  Bitmap Index Scan on k_3  (cost=0.00..5.44 rows=101 width=0)
	        Index Cond: ((k >= 931144) AND (k <= 931244))

table 4 : explain SELECT k, c FROM sbtest4 WHERE k BETWEEN 931144 AND 931244
	Bitmap Heap Scan on sbtest4  (cost=5.46..401.69 rows=100 width=125)
	  Recheck Cond: ((k >= 931144) AND (k <= 931244))
	  ->  Bitmap Index Scan on k_4  (cost=0.00..5.43 rows=100 width=0)
	        Index Cond: ((k >= 931144) AND (k <= 931244))

table 5 : explain SELECT k, c FROM sbtest5 WHERE k BETWEEN 931144 AND 931244
	Bitmap Heap Scan on sbtest5  (cost=5.55..437.18 rows=109 width=125)
	  Recheck Cond: ((k >= 931144) AND (k <= 931244))
	  ->  Bitmap Index Scan on k_5  (cost=0.00..5.52 rows=109 width=0)
	        Index Cond: ((k >= 931144) AND (k <= 931244))

table 6 : explain SELECT k, c FROM sbtest6 WHERE k BETWEEN 931144 AND 931244
	Bitmap Heap Scan on sbtest6  (cost=5.42..385.88 rows=96 width=125)
	  Recheck Cond: ((k >= 931144) AND (k <= 931244))
	  ->  Bitmap Index Scan on k_6  (cost=0.00..5.39 rows=96 width=0)
	        Index Cond: ((k >= 931144) AND (k <= 931244))

table 7 : explain SELECT k, c FROM sbtest7 WHERE k BETWEEN 931144 AND 931244
	Bitmap Heap Scan on sbtest7  (cost=5.54..433.24 rows=108 width=125)
	  Recheck Cond: ((k >= 931144) AND (k <= 931244))
	  ->  Bitmap Index Scan on k_7  (cost=0.00..5.51 rows=108 width=0)
	        Index Cond: ((k >= 931144) AND (k <= 931244))

table 8 : explain SELECT k, c FROM sbtest8 WHERE k BETWEEN 931144 AND 931244
	Bitmap Heap Scan on sbtest8  (cost=5.46..401.68 rows=100 width=125)
	  Recheck Cond: ((k >= 931144) AND (k <= 931244))
	  ->  Bitmap Index Scan on k_8  (cost=0.00..5.43 rows=100 width=0)
	        Index Cond: ((k >= 931144) AND (k <= 931244))

explain: for range-notcovered :: explain SELECT k, c FROM sbtest%d WHERE k BETWEEN 3624693 AND 3624793
explain: for range-notcovered :: explain SELECT k, c FROM sbtest%d WHERE k BETWEEN 7583462 AND 7583562
explain: for range-notcovered :: explain SELECT k, c FROM sbtest%d WHERE k BETWEEN 931144 AND 931244for range-notcovered
table 1 : explain SELECT k, c FROM sbtest1 WHERE k BETWEEN 7165037 AND 7165137
	Bitmap Heap Scan on sbtest1  (cost=5.41..381.94 rows=95 width=125)
	  Recheck Cond: ((k >= 7165037) AND (k <= 7165137))
	  ->  Bitmap Index Scan on k_1  (cost=0.00..5.38 rows=95 width=0)
	        Index Cond: ((k >= 7165037) AND (k <= 7165137))

table 2 : explain SELECT k, c FROM sbtest2 WHERE k BETWEEN 7165037 AND 7165137
	Bitmap Heap Scan on sbtest2  (cost=5.46..401.68 rows=100 width=125)
	  Recheck Cond: ((k >= 7165037) AND (k <= 7165137))
	  ->  Bitmap Index Scan on k_2  (cost=0.00..5.43 rows=100 width=0)
	        Index Cond: ((k >= 7165037) AND (k <= 7165137))

table 3 : explain SELECT k, c FROM sbtest3 WHERE k BETWEEN 7165037 AND 7165137
	Bitmap Heap Scan on sbtest3  (cost=5.48..409.56 rows=102 width=125)
	  Recheck Cond: ((k >= 7165037) AND (k <= 7165137))
	  ->  Bitmap Index Scan on k_3  (cost=0.00..5.45 rows=102 width=0)
	        Index Cond: ((k >= 7165037) AND (k <= 7165137))

table 4 : explain SELECT k, c FROM sbtest4 WHERE k BETWEEN 7165037 AND 7165137
	Bitmap Heap Scan on sbtest4  (cost=5.40..378.00 rows=94 width=125)
	  Recheck Cond: ((k >= 7165037) AND (k <= 7165137))
	  ->  Bitmap Index Scan on k_4  (cost=0.00..5.38 rows=94 width=0)
	        Index Cond: ((k >= 7165037) AND (k <= 7165137))

table 5 : explain SELECT k, c FROM sbtest5 WHERE k BETWEEN 7165037 AND 7165137
	Bitmap Heap Scan on sbtest5  (cost=5.41..381.94 rows=95 width=125)
	  Recheck Cond: ((k >= 7165037) AND (k <= 7165137))
	  ->  Bitmap Index Scan on k_5  (cost=0.00..5.38 rows=95 width=0)
	        Index Cond: ((k >= 7165037) AND (k <= 7165137))

table 6 : explain SELECT k, c FROM sbtest6 WHERE k BETWEEN 7165037 AND 7165137
	Bitmap Heap Scan on sbtest6  (cost=5.45..397.72 rows=99 width=125)
	  Recheck Cond: ((k >= 7165037) AND (k <= 7165137))
	  ->  Bitmap Index Scan on k_6  (cost=0.00..5.42 rows=99 width=0)
	        Index Cond: ((k >= 7165037) AND (k <= 7165137))

table 7 : explain SELECT k, c FROM sbtest7 WHERE k BETWEEN 7165037 AND 7165137
	Bitmap Heap Scan on sbtest7  (cost=5.46..401.68 rows=100 width=125)
	  Recheck Cond: ((k >= 7165037) AND (k <= 7165137))
	  ->  Bitmap Index Scan on k_7  (cost=0.00..5.43 rows=100 width=0)
	        Index Cond: ((k >= 7165037) AND (k <= 7165137))

table 8 : explain SELECT k, c FROM sbtest8 WHERE k BETWEEN 7165037 AND 7165137
	Bitmap Heap Scan on sbtest8  (cost=5.59..452.94 rows=113 width=125)
	  Recheck Cond: ((k >= 7165037) AND (k <= 7165137))
	  ->  Bitmap Index Scan on k_8  (cost=0.00..5.56 rows=113 width=0)
	        Index Cond: ((k >= 7165037) AND (k <= 7165137))


for range-notcovered
table 1 : explain SELECT k, c FROM sbtest1 WHERE k BETWEEN 9205847 AND 9205947
	Bitmap Heap Scan on sbtest1  (cost=5.47..405.62 rows=101 width=125)
	  Recheck Cond: ((k >= 9205847) AND (k <= 9205947))
	  ->  Bitmap Index Scan on k_1  (cost=0.00..5.44 rows=101 width=0)
	        Index Cond: ((k >= 9205847) AND (k <= 9205947))

table 2 : explain SELECT k, c FROM sbtest2 WHERE k BETWEEN 9205847 AND 9205947
	Bitmap Heap Scan on sbtest2  (cost=5.54..433.23 rows=108 width=125)
	  Recheck Cond: ((k >= 9205847) AND (k <= 9205947))
	  ->  Bitmap Index Scan on k_2  (cost=0.00..5.51 rows=108 width=0)
	        Index Cond: ((k >= 9205847) AND (k <= 9205947))

table 3 : explain SELECT k, c FROM sbtest3 WHERE k BETWEEN 9205847 AND 9205947
	Bitmap Heap Scan on sbtest3  (cost=5.47..405.62 rows=101 width=125)
	  Recheck Cond: ((k >= 9205847) AND (k <= 9205947))
	  ->  Bitmap Index Scan on k_3  (cost=0.00..5.44 rows=101 width=0)
	        Index Cond: ((k >= 9205847) AND (k <= 9205947))

table 4 : explain SELECT k, c FROM sbtest4 WHERE k BETWEEN 9205847 AND 9205947
	Bitmap Heap Scan on sbtest4  (cost=5.52..425.36 rows=106 width=125)
	  Recheck Cond: ((k >= 9205847) AND (k <= 9205947))
	  ->  Bitmap Index Scan on k_4  (cost=0.00..5.50 rows=106 width=0)
	        Index Cond: ((k >= 9205847) AND (k <= 9205947))

table 5 : explain SELECT k, c FROM sbtest5 WHERE k BETWEEN 9205847 AND 9205947
	Bitmap Heap Scan on sbtest5  (cost=5.46..401.68 rows=100 width=125)
	  Recheck Cond: ((k >= 9205847) AND (k <= 9205947))
	  ->  Bitmap Index Scan on k_5  (cost=0.00..5.43 rows=100 width=0)
	        Index Cond: ((k >= 9205847) AND (k <= 9205947))

table 6 : explain SELECT k, c FROM sbtest6 WHERE k BETWEEN 9205847 AND 9205947
	Bitmap Heap Scan on sbtest6  (cost=5.52..425.34 rows=106 width=125)
	  Recheck Cond: ((k >= 9205847) AND (k <= 9205947))
	  ->  Bitmap Index Scan on k_6  (cost=0.00..5.50 rows=106 width=0)
	        Index Cond: ((k >= 9205847) AND (k <= 9205947))

table 7 : explain SELECT k, c FROM sbtest7 WHERE k BETWEEN 9205847 AND 9205947
	Bitmap Heap Scan on sbtest7  (cost=5.45..397.73 rows=99 width=125)
	  Recheck Cond: ((k >= 9205847) AND (k <= 9205947))
	  ->  Bitmap Index Scan on k_7  (cost=0.00..5.42 rows=99 width=0)
	        Index Cond: ((k >= 9205847) AND (k <= 9205947))

table 8 : explain SELECT k, c FROM sbtest8 WHERE k BETWEEN 9205847 AND 9205947
	Bitmap Heap Scan on sbtest8  (cost=5.52..425.35 rows=106 width=125)
	  Recheck Cond: ((k >= 9205847) AND (k <= 9205947))
	  ->  Bitmap Index Scan on k_8  (cost=0.00..5.50 rows=106 width=0)
	        Index Cond: ((k >= 9205847) AND (k <= 9205947))

for range-notcovered
table 1 : explain SELECT k, c FROM sbtest1 WHERE k BETWEEN 4816729 AND 4816829
	Bitmap Heap Scan on sbtest1  (cost=5.62..464.76 rows=116 width=125)
	  Recheck Cond: ((k >= 4816729) AND (k <= 4816829))
	  ->  Bitmap Index Scan on k_1  (cost=0.00..5.59 rows=116 width=0)
	        Index Cond: ((k >= 4816729) AND (k <= 4816829))

table 2 : explain SELECT k, c FROM sbtest2 WHERE k BETWEEN 4816729 AND 4816829
	Bitmap Heap Scan on sbtest2  (cost=5.48..409.57 rows=102 width=125)
	  Recheck Cond: ((k >= 4816729) AND (k <= 4816829))
	  ->  Bitmap Index Scan on k_2  (cost=0.00..5.45 rows=102 width=0)
	        Index Cond: ((k >= 4816729) AND (k <= 4816829))

table 3 : explain SELECT k, c FROM sbtest3 WHERE k BETWEEN 4816729 AND 4816829
	Bitmap Heap Scan on sbtest3  (cost=5.48..409.56 rows=102 width=125)
	  Recheck Cond: ((k >= 4816729) AND (k <= 4816829))
	  ->  Bitmap Index Scan on k_3  (cost=0.00..5.45 rows=102 width=0)
	        Index Cond: ((k >= 4816729) AND (k <= 4816829))

table 4 : explain SELECT k, c FROM sbtest4 WHERE k BETWEEN 4816729 AND 4816829
	Bitmap Heap Scan on sbtest4  (cost=5.48..409.58 rows=102 width=125)
	  Recheck Cond: ((k >= 4816729) AND (k <= 4816829))
	  ->  Bitmap Index Scan on k_4  (cost=0.00..5.45 rows=102 width=0)
	        Index Cond: ((k >= 4816729) AND (k <= 4816829))

table 5 : explain SELECT k, c FROM sbtest5 WHERE k BETWEEN 4816729 AND 4816829
	Bitmap Heap Scan on sbtest5  (cost=5.43..389.84 rows=97 width=125)
	  Recheck Cond: ((k >= 4816729) AND (k <= 4816829))
	  ->  Bitmap Index Scan on k_5  (cost=0.00..5.40 rows=97 width=0)
	        Index Cond: ((k >= 4816729) AND (k <= 4816829))

table 6 : explain SELECT k, c FROM sbtest6 WHERE k BETWEEN 4816729 AND 4816829
	Bitmap Heap Scan on sbtest6  (cost=5.53..429.28 rows=107 width=125)
	  Recheck Cond: ((k >= 4816729) AND (k <= 4816829))
	  ->  Bitmap Index Scan on k_6  (cost=0.00..5.50 rows=107 width=0)
	        Index Cond: ((k >= 4816729) AND (k <= 4816829))

table 7 : explain SELECT k, c FROM sbtest7 WHERE k BETWEEN 4816729 AND 4816829
	Bitmap Heap Scan on sbtest7  (cost=5.53..429.29 rows=107 width=125)
	  Recheck Cond: ((k >= 4816729) AND (k <= 4816829))
	  ->  Bitmap Index Scan on k_7  (cost=0.00..5.50 rows=107 width=0)
	        Index Cond: ((k >= 4816729) AND (k <= 4816829))

table 8 : explain SELECT k, c FROM sbtest8 WHERE k BETWEEN 4816729 AND 4816829
	Bitmap Heap Scan on sbtest8  (cost=5.56..441.12 rows=110 width=125)
	  Recheck Cond: ((k >= 4816729) AND (k <= 4816829))
	  ->  Bitmap Index Scan on k_8  (cost=0.00..5.53 rows=110 width=0)
	        Index Cond: ((k >= 4816729) AND (k <= 4816829))
explain: for range-notcovered :: explain SELECT k, c FROM sbtest%d WHERE k BETWEEN 4678428 AND 4678528

explain: for range-notcovered :: explain SELECT k, c FROM sbtest%d WHERE k BETWEEN 7165037 AND 7165137
for range-notcovered
table 1 : explain SELECT k, c FROM sbtest1 WHERE k BETWEEN 4404507 AND 4404607
	Bitmap Heap Scan on sbtest1  (cost=5.45..397.73 rows=99 width=125)
	  Recheck Cond: ((k >= 4404507) AND (k <= 4404607))
	  ->  Bitmap Index Scan on k_1  (cost=0.00..5.42 rows=99 width=0)
	        Index Cond: ((k >= 4404507) AND (k <= 4404607))

table 2 : explain SELECT k, c FROM sbtest2 WHERE k BETWEEN 4404507 AND 4404607
	Bitmap Heap Scan on sbtest2  (cost=5.50..417.46 rows=104 width=125)
	  Recheck Cond: ((k >= 4404507) AND (k <= 4404607))
	  ->  Bitmap Index Scan on k_2  (cost=0.00..5.47 rows=104 width=0)
	        Index Cond: ((k >= 4404507) AND (k <= 4404607))

table 3 : explain SELECT k, c FROM sbtest3 WHERE k BETWEEN 4404507 AND 4404607
	Bitmap Heap Scan on sbtest3  (cost=5.41..381.94 rows=95 width=125)
	  Recheck Cond: ((k >= 4404507) AND (k <= 4404607))
	  ->  Bitmap Index Scan on k_3  (cost=0.00..5.38 rows=95 width=0)
	        Index Cond: ((k >= 4404507) AND (k <= 4404607))

table 4 : explain SELECT k, c FROM sbtest4 WHERE k BETWEEN 4404507 AND 4404607
	Bitmap Heap Scan on sbtest4  (cost=5.48..409.58 rows=102 width=125)
	  Recheck Cond: ((k >= 4404507) AND (k <= 4404607))
	  ->  Bitmap Index Scan on k_4  (cost=0.00..5.45 rows=102 width=0)
	        Index Cond: ((k >= 4404507) AND (k <= 4404607))

table 5 : explain SELECT k, c FROM sbtest5 WHERE k BETWEEN 4404507 AND 4404607
	Bitmap Heap Scan on sbtest5  (cost=5.45..397.73 rows=99 width=125)
	  Recheck Cond: ((k >= 4404507) AND (k <= 4404607))
	  ->  Bitmap Index Scan on k_5  (cost=0.00..5.42 rows=99 width=0)
	        Index Cond: ((k >= 4404507) AND (k <= 4404607))

table 6 : explain SELECT k, c FROM sbtest6 WHERE k BETWEEN 4404507 AND 4404607
	Bitmap Heap Scan on sbtest6  (cost=5.50..417.45 rows=104 width=125)
	  Recheck Cond: ((k >= 4404507) AND (k <= 4404607))
	  ->  Bitmap Index Scan on k_6  (cost=0.00..5.47 rows=104 width=0)
	        Index Cond: ((k >= 4404507) AND (k <= 4404607))

table 7 : explain SELECT k, c FROM sbtest7 WHERE k BETWEEN 4404507 AND 4404607
	Bitmap Heap Scan on sbtest7  (cost=5.50..417.46 rows=104 width=125)
	  Recheck Cond: ((k >= 4404507) AND (k <= 4404607))
	  ->  Bitmap Index Scan on k_7  (cost=0.00..5.47 rows=104 width=0)
	        Index Cond: ((k >= 4404507) AND (k <= 4404607))

table 8 : explain SELECT k, c FROM sbtest8 WHERE k BETWEEN 4404507 AND 4404607
	Bitmap Heap Scan on sbtest8  (cost=5.49..413.52 rows=103 width=125)
	  Recheck Cond: ((k >= 4404507) AND (k <= 4404607))
	  ->  Bitmap Index Scan on k_8  (cost=0.00..5.46 rows=103 width=0)
	        Index Cond: ((k >= 4404507) AND (k <= 4404607))

explain: for range-notcovered :: explain SELECT k, c FROM sbtest%d WHERE k BETWEEN 9205847 AND 9205947
explain: for range-notcovered :: explain SELECT k, c FROM sbtest%d WHERE k BETWEEN 4816729 AND 4816829
for range-notcovered
table 1 : explain SELECT k, c FROM sbtest1 WHERE k BETWEEN 2689330 AND 2689430
	Bitmap Heap Scan on sbtest1  (cost=5.43..389.84 rows=97 width=125)
	  Recheck Cond: ((k >= 2689330) AND (k <= 2689430))
	  ->  Bitmap Index Scan on k_1  (cost=0.00..5.40 rows=97 width=0)
	        Index Cond: ((k >= 2689330) AND (k <= 2689430))

table 2 : explain SELECT k, c FROM sbtest2 WHERE k BETWEEN 2689330 AND 2689430
	Bitmap Heap Scan on sbtest2  (cost=5.56..441.12 rows=110 width=125)
	  Recheck Cond: ((k >= 2689330) AND (k <= 2689430))
	  ->  Bitmap Index Scan on k_2  (cost=0.00..5.53 rows=110 width=0)
	        Index Cond: ((k >= 2689330) AND (k <= 2689430))

table 3 : explain SELECT k, c FROM sbtest3 WHERE k BETWEEN 2689330 AND 2689430
	Bitmap Heap Scan on sbtest3  (cost=5.55..437.17 rows=109 width=125)
	  Recheck Cond: ((k >= 2689330) AND (k <= 2689430))
	  ->  Bitmap Index Scan on k_3  (cost=0.00..5.52 rows=109 width=0)
	        Index Cond: ((k >= 2689330) AND (k <= 2689430))

table 4 : explain SELECT k, c FROM sbtest4 WHERE k BETWEEN 2689330 AND 2689430
	Bitmap Heap Scan on sbtest4  (cost=5.37..366.16 rows=91 width=125)
	  Recheck Cond: ((k >= 2689330) AND (k <= 2689430))
	  ->  Bitmap Index Scan on k_4  (cost=0.00..5.34 rows=91 width=0)
	        Index Cond: ((k >= 2689330) AND (k <= 2689430))

table 5 : explain SELECT k, c FROM sbtest5 WHERE k BETWEEN 2689330 AND 2689430
	Bitmap Heap Scan on sbtest5  (cost=5.59..452.94 rows=113 width=125)
	  Recheck Cond: ((k >= 2689330) AND (k <= 2689430))
	  ->  Bitmap Index Scan on k_5  (cost=0.00..5.56 rows=113 width=0)
	        Index Cond: ((k >= 2689330) AND (k <= 2689430))

table 6 : explain SELECT k, c FROM sbtest6 WHERE k BETWEEN 2689330 AND 2689430
	Bitmap Heap Scan on sbtest6  (cost=5.44..393.78 rows=98 width=125)
	  Recheck Cond: ((k >= 2689330) AND (k <= 2689430))
	  ->  Bitmap Index Scan on k_6  (cost=0.00..5.42 rows=98 width=0)
	        Index Cond: ((k >= 2689330) AND (k <= 2689430))

table 7 : explain SELECT k, c FROM sbtest7 WHERE k BETWEEN 2689330 AND 2689430
	Bitmap Heap Scan on sbtest7  (cost=5.41..381.94 rows=95 width=125)
	  Recheck Cond: ((k >= 2689330) AND (k <= 2689430))
	  ->  Bitmap Index Scan on k_7  (cost=0.00..5.38 rows=95 width=0)
	        Index Cond: ((k >= 2689330) AND (k <= 2689430))

table 8 : explain SELECT k, c FROM sbtest8 WHERE k BETWEEN 2689330 AND 2689430
	Bitmap Heap Scan on sbtest8  (cost=5.48..409.57 rows=102 width=125)
	  Recheck Cond: ((k >= 2689330) AND (k <= 2689430))
	  ->  Bitmap Index Scan on k_8  (cost=0.00..5.45 rows=102 width=0)
	        Index Cond: ((k >= 2689330) AND (k <= 2689430))

for range-notcovered
table 1 : explain SELECT k, c FROM sbtest1 WHERE k BETWEEN 4961523 AND 4961623
	Bitmap Heap Scan on sbtest1  (cost=5.63..468.70 rows=117 width=125)
	  Recheck Cond: ((k >= 4961523) AND (k <= 4961623))
	  ->  Bitmap Index Scan on k_1  (cost=0.00..5.60 rows=117 width=0)
	        Index Cond: ((k >= 4961523) AND (k <= 4961623))

table 2 : explain SELECT k, c FROM sbtest2 WHERE k BETWEEN 4961523 AND 4961623
	Bitmap Heap Scan on sbtest2  (cost=5.46..401.68 rows=100 width=125)
	  Recheck Cond: ((k >= 4961523) AND (k <= 4961623))
	  ->  Bitmap Index Scan on k_2  (cost=0.00..5.43 rows=100 width=0)
	        Index Cond: ((k >= 4961523) AND (k <= 4961623))

table 3 : explain SELECT k, c FROM sbtest3 WHERE k BETWEEN 4961523 AND 4961623
	Bitmap Heap Scan on sbtest3  (cost=5.42..385.88 rows=96 width=125)
	  Recheck Cond: ((k >= 4961523) AND (k <= 4961623))
	  ->  Bitmap Index Scan on k_3  (cost=0.00..5.39 rows=96 width=0)
	        Index Cond: ((k >= 4961523) AND (k <= 4961623))

table 4 : explain SELECT k, c FROM sbtest4 WHERE k BETWEEN 4961523 AND 4961623
	Bitmap Heap Scan on sbtest4  (cost=5.55..437.19 rows=109 width=125)
	  Recheck Cond: ((k >= 4961523) AND (k <= 4961623))
	  ->  Bitmap Index Scan on k_4  (cost=0.00..5.52 rows=109 width=0)
	        Index Cond: ((k >= 4961523) AND (k <= 4961623))

table 5 : explain SELECT k, c FROM sbtest5 WHERE k BETWEEN 4961523 AND 4961623
	Bitmap Heap Scan on sbtest5  (cost=5.50..417.46 rows=104 width=125)
	  Recheck Cond: ((k >= 4961523) AND (k <= 4961623))
	  ->  Bitmap Index Scan on k_5  (cost=0.00..5.47 rows=104 width=0)
	        Index Cond: ((k >= 4961523) AND (k <= 4961623))

table 6 : explain SELECT k, c FROM sbtest6 WHERE k BETWEEN 4961523 AND 4961623
	Bitmap Heap Scan on sbtest6  (cost=5.50..417.45 rows=104 width=125)
	  Recheck Cond: ((k >= 4961523) AND (k <= 4961623))
	  ->  Bitmap Index Scan on k_6  (cost=0.00..5.47 rows=104 width=0)
	        Index Cond: ((k >= 4961523) AND (k <= 4961623))

table 7 : explain SELECT k, c FROM sbtest7 WHERE k BETWEEN 4961523 AND 4961623
	Bitmap Heap Scan on sbtest7  (cost=5.49..413.52 rows=103 width=125)
	  Recheck Cond: ((k >= 4961523) AND (k <= 4961623))
	  ->  Bitmap Index Scan on k_7  (cost=0.00..5.46 rows=103 width=0)
	        Index Cond: ((k >= 4961523) AND (k <= 4961623))

table 8 : explain SELECT k, c FROM sbtest8 WHERE k BETWEEN 4961523 AND 4961623
	Bitmap Heap Scan on sbtest8  (cost=5.37..366.15 rows=91 width=125)
	  Recheck Cond: ((k >= 4961523) AND (k <= 4961623))
	  ->  Bitmap Index Scan on k_8  (cost=0.00..5.34 rows=91 width=0)
	        Index Cond: ((k >= 4961523) AND (k <= 4961623))

explain: for range-notcovered :: explain SELECT k, c FROM sbtest%d WHERE k BETWEEN 4426134 AND 4426234for range-notcovered
table 1 : explain SELECT k, c FROM sbtest1 WHERE k BETWEEN 7738119 AND 7738219
	Bitmap Heap Scan on sbtest1  (cost=5.41..381.94 rows=95 width=125)
	  Recheck Cond: ((k >= 7738119) AND (k <= 7738219))
	  ->  Bitmap Index Scan on k_1  (cost=0.00..5.38 rows=95 width=0)
	        Index Cond: ((k >= 7738119) AND (k <= 7738219))

table 2 : explain SELECT k, c FROM sbtest2 WHERE k BETWEEN 7738119 AND 7738219
	Bitmap Heap Scan on sbtest2  (cost=5.57..445.06 rows=111 width=125)
	  Recheck Cond: ((k >= 7738119) AND (k <= 7738219))
	  ->  Bitmap Index Scan on k_2  (cost=0.00..5.54 rows=111 width=0)
	        Index Cond: ((k >= 7738119) AND (k <= 7738219))

table 3 : explain SELECT k, c FROM sbtest3 WHERE k BETWEEN 7738119 AND 7738219
	Bitmap Heap Scan on sbtest3  (cost=5.54..433.22 rows=108 width=125)
	  Recheck Cond: ((k >= 7738119) AND (k <= 7738219))
	  ->  Bitmap Index Scan on k_3  (cost=0.00..5.51 rows=108 width=0)
	        Index Cond: ((k >= 7738119) AND (k <= 7738219))

table 4 : explain SELECT k, c FROM sbtest4 WHERE k BETWEEN 7738119 AND 7738219
	Bitmap Heap Scan on sbtest4  (cost=5.46..401.69 rows=100 width=125)
	  Recheck Cond: ((k >= 7738119) AND (k <= 7738219))
	  ->  Bitmap Index Scan on k_4  (cost=0.00..5.43 rows=100 width=0)
	        Index Cond: ((k >= 7738119) AND (k <= 7738219))

table 5 : explain SELECT k, c FROM sbtest5 WHERE k BETWEEN 7738119 AND 7738219
	Bitmap Heap Scan on sbtest5  (cost=5.42..385.89 rows=96 width=125)
	  Recheck Cond: ((k >= 7738119) AND (k <= 7738219))
	  ->  Bitmap Index Scan on k_5  (cost=0.00..5.39 rows=96 width=0)
	        Index Cond: ((k >= 7738119) AND (k <= 7738219))

table 6 : explain SELECT k, c FROM sbtest6 WHERE k BETWEEN 7738119 AND 7738219
	Bitmap Heap Scan on sbtest6  (cost=5.44..393.78 rows=98 width=125)
	  Recheck Cond: ((k >= 7738119) AND (k <= 7738219))
	  ->  Bitmap Index Scan on k_6  (cost=0.00..5.42 rows=98 width=0)
	        Index Cond: ((k >= 7738119) AND (k <= 7738219))

table 7 : explain SELECT k, c FROM sbtest7 WHERE k BETWEEN 7738119 AND 7738219
	Bitmap Heap Scan on sbtest7  (cost=5.50..417.46 rows=104 width=125)
	  Recheck Cond: ((k >= 7738119) AND (k <= 7738219))
	  ->  Bitmap Index Scan on k_7  (cost=0.00..5.47 rows=104 width=0)
	        Index Cond: ((k >= 7738119) AND (k <= 7738219))

table 8 : explain SELECT k, c FROM sbtest8 WHERE k BETWEEN 7738119 AND 7738219
	Bitmap Heap Scan on sbtest8  (cost=5.45..397.73 rows=99 width=125)
	  Recheck Cond: ((k >= 7738119) AND (k <= 7738219))
	  ->  Bitmap Index Scan on k_8  (cost=0.00..5.42 rows=99 width=0)
	        Index Cond: ((k >= 7738119) AND (k <= 7738219))


for range-notcovered
table 1 : explain SELECT k, c FROM sbtest1 WHERE k BETWEEN 3652200 AND 3652300
	Bitmap Heap Scan on sbtest1  (cost=5.45..397.73 rows=99 width=125)
	  Recheck Cond: ((k >= 3652200) AND (k <= 3652300))
	  ->  Bitmap Index Scan on k_1  (cost=0.00..5.42 rows=99 width=0)
	        Index Cond: ((k >= 3652200) AND (k <= 3652300))

table 2 : explain SELECT k, c FROM sbtest2 WHERE k BETWEEN 3652200 AND 3652300
	Bitmap Heap Scan on sbtest2  (cost=5.46..401.68 rows=100 width=125)
	  Recheck Cond: ((k >= 3652200) AND (k <= 3652300))
	  ->  Bitmap Index Scan on k_2  (cost=0.00..5.43 rows=100 width=0)
	        Index Cond: ((k >= 3652200) AND (k <= 3652300))

table 3 : explain SELECT k, c FROM sbtest3 WHERE k BETWEEN 3652200 AND 3652300
	Bitmap Heap Scan on sbtest3  (cost=5.48..409.56 rows=102 width=125)
	  Recheck Cond: ((k >= 3652200) AND (k <= 3652300))
	  ->  Bitmap Index Scan on k_3  (cost=0.00..5.45 rows=102 width=0)
	        Index Cond: ((k >= 3652200) AND (k <= 3652300))

table 4 : explain SELECT k, c FROM sbtest4 WHERE k BETWEEN 3652200 AND 3652300
	Bitmap Heap Scan on sbtest4  (cost=5.52..425.36 rows=106 width=125)
	  Recheck Cond: ((k >= 3652200) AND (k <= 3652300))
	  ->  Bitmap Index Scan on k_4  (cost=0.00..5.50 rows=106 width=0)
	        Index Cond: ((k >= 3652200) AND (k <= 3652300))

table 5 : explain SELECT k, c FROM sbtest5 WHERE k BETWEEN 3652200 AND 3652300
	Bitmap Heap Scan on sbtest5  (cost=5.55..437.18 rows=109 width=125)
	  Recheck Cond: ((k >= 3652200) AND (k <= 3652300))
	  ->  Bitmap Index Scan on k_5  (cost=0.00..5.52 rows=109 width=0)
	        Index Cond: ((k >= 3652200) AND (k <= 3652300))

table 6 : explain SELECT k, c FROM sbtest6 WHERE k BETWEEN 3652200 AND 3652300
	Bitmap Heap Scan on sbtest6  (cost=5.54..433.22 rows=108 width=125)
	  Recheck Cond: ((k >= 3652200) AND (k <= 3652300))
	  ->  Bitmap Index Scan on k_6  (cost=0.00..5.51 rows=108 width=0)
	        Index Cond: ((k >= 3652200) AND (k <= 3652300))

table 7 : explain SELECT k, c FROM sbtest7 WHERE k BETWEEN 3652200 AND 3652300
	Bitmap Heap Scan on sbtest7  (cost=5.36..362.20 rows=90 width=125)
	  Recheck Cond: ((k >= 3652200) AND (k <= 3652300))
	  ->  Bitmap Index Scan on k_7  (cost=0.00..5.33 rows=90 width=0)
	        Index Cond: ((k >= 3652200) AND (k <= 3652300))

table 8 : explain SELECT k, c FROM sbtest8 WHERE k BETWEEN 3652200 AND 3652300
	Bitmap Heap Scan on sbtest8  (cost=5.52..425.35 rows=106 width=125)
	  Recheck Cond: ((k >= 3652200) AND (k <= 3652300))
	  ->  Bitmap Index Scan on k_8  (cost=0.00..5.50 rows=106 width=0)
	        Index Cond: ((k >= 3652200) AND (k <= 3652300))
explain: for range-notcovered :: explain SELECT k, c FROM sbtest%d WHERE k BETWEEN 2689330 AND 2689430explain: for range-notcovered :: explain SELECT k, c FROM sbtest%d WHERE k BETWEEN 4404507 AND 4404607

explain: for range-notcovered :: explain SELECT k, c FROM sbtest%d WHERE k BETWEEN 4961523 AND 4961623

for range-notcovered
table 1 : explain SELECT k, c FROM sbtest1 WHERE k BETWEEN 1519737 AND 1519837
	Bitmap Heap Scan on sbtest1  (cost=5.45..397.73 rows=99 width=125)
	  Recheck Cond: ((k >= 1519737) AND (k <= 1519837))
	  ->  Bitmap Index Scan on k_1  (cost=0.00..5.42 rows=99 width=0)
	        Index Cond: ((k >= 1519737) AND (k <= 1519837))

table 2 : explain SELECT k, c FROM sbtest2 WHERE k BETWEEN 1519737 AND 1519837
	Bitmap Heap Scan on sbtest2  (cost=5.52..425.35 rows=106 width=125)
	  Recheck Cond: ((k >= 1519737) AND (k <= 1519837))
	  ->  Bitmap Index Scan on k_2  (cost=0.00..5.50 rows=106 width=0)
	        Index Cond: ((k >= 1519737) AND (k <= 1519837))

table 3 : explain SELECT k, c FROM sbtest3 WHERE k BETWEEN 1519737 AND 1519837
	Bitmap Heap Scan on sbtest3  (cost=5.50..417.45 rows=104 width=125)
	  Recheck Cond: ((k >= 1519737) AND (k <= 1519837))
	  ->  Bitmap Index Scan on k_3  (cost=0.00..5.47 rows=104 width=0)
	        Index Cond: ((k >= 1519737) AND (k <= 1519837))

table 4 : explain SELECT k, c FROM sbtest4 WHERE k BETWEEN 1519737 AND 1519837
	Bitmap Heap Scan on sbtest4  (cost=5.39..374.05 rows=93 width=125)
	  Recheck Cond: ((k >= 1519737) AND (k <= 1519837))
	  ->  Bitmap Index Scan on k_4  (cost=0.00..5.36 rows=93 width=0)
	        Index Cond: ((k >= 1519737) AND (k <= 1519837))

table 5 : explain SELECT k, c FROM sbtest5 WHERE k BETWEEN 1519737 AND 1519837
	Bitmap Heap Scan on sbtest5  (cost=5.52..425.35 rows=106 width=125)
	  Recheck Cond: ((k >= 1519737) AND (k <= 1519837))
	  ->  Bitmap Index Scan on k_5  (cost=0.00..5.50 rows=106 width=0)
	        Index Cond: ((k >= 1519737) AND (k <= 1519837))

table 6 : explain SELECT k, c FROM sbtest6 WHERE k BETWEEN 1519737 AND 1519837
	Bitmap Heap Scan on sbtest6  (cost=5.44..393.78 rows=98 width=125)
	  Recheck Cond: ((k >= 1519737) AND (k <= 1519837))
	  ->  Bitmap Index Scan on k_6  (cost=0.00..5.42 rows=98 width=0)
	        Index Cond: ((k >= 1519737) AND (k <= 1519837))

table 7 : explain SELECT k, c FROM sbtest7 WHERE k BETWEEN 1519737 AND 1519837
	Bitmap Heap Scan on sbtest7  (cost=5.70..492.34 rows=123 width=125)
	  Recheck Cond: ((k >= 1519737) AND (k <= 1519837))
	  ->  Bitmap Index Scan on k_7  (cost=0.00..5.67 rows=123 width=0)
	        Index Cond: ((k >= 1519737) AND (k <= 1519837))

table 8 : explain SELECT k, c FROM sbtest8 WHERE k BETWEEN 1519737 AND 1519837
	Bitmap Heap Scan on sbtest8  (cost=5.55..437.18 rows=109 width=125)
	  Recheck Cond: ((k >= 1519737) AND (k <= 1519837))
	  ->  Bitmap Index Scan on k_8  (cost=0.00..5.52 rows=109 width=0)
	        Index Cond: ((k >= 1519737) AND (k <= 1519837))

explain: for range-notcovered :: explain SELECT k, c FROM sbtest%d WHERE k BETWEEN 7738119 AND 7738219
explain: for range-notcovered :: explain SELECT k, c FROM sbtest%d WHERE k BETWEEN 5735179 AND 5735279
explain: for range-notcovered :: explain SELECT k, c FROM sbtest%d WHERE k BETWEEN 3652200 AND 3652300
for range-notcovered
table 1 : explain SELECT k, c FROM sbtest1 WHERE k BETWEEN 4692475 AND 4692575
	Bitmap Heap Scan on sbtest1  (cost=5.45..397.73 rows=99 width=125)
	  Recheck Cond: ((k >= 4692475) AND (k <= 4692575))
	  ->  Bitmap Index Scan on k_1  (cost=0.00..5.42 rows=99 width=0)
	        Index Cond: ((k >= 4692475) AND (k <= 4692575))

table 2 : explain SELECT k, c FROM sbtest2 WHERE k BETWEEN 4692475 AND 4692575
	Bitmap Heap Scan on sbtest2  (cost=5.51..421.40 rows=105 width=125)
	  Recheck Cond: ((k >= 4692475) AND (k <= 4692575))
	  ->  Bitmap Index Scan on k_2  (cost=0.00..5.48 rows=105 width=0)
	        Index Cond: ((k >= 4692475) AND (k <= 4692575))

table 3 : explain SELECT k, c FROM sbtest3 WHERE k BETWEEN 4692475 AND 4692575
	Bitmap Heap Scan on sbtest3  (cost=5.41..381.94 rows=95 width=125)
	  Recheck Cond: ((k >= 4692475) AND (k <= 4692575))
	  ->  Bitmap Index Scan on k_3  (cost=0.00..5.38 rows=95 width=0)
	        Index Cond: ((k >= 4692475) AND (k <= 4692575))

table 4 : explain SELECT k, c FROM sbtest4 WHERE k BETWEEN 4692475 AND 4692575
	Bitmap Heap Scan on sbtest4  (cost=5.51..421.41 rows=105 width=125)
	  Recheck Cond: ((k >= 4692475) AND (k <= 4692575))
	  ->  Bitmap Index Scan on k_4  (cost=0.00..5.48 rows=105 width=0)
	        Index Cond: ((k >= 4692475) AND (k <= 4692575))

table 5 : explain SELECT k, c FROM sbtest5 WHERE k BETWEEN 4692475 AND 4692575
	Bitmap Heap Scan on sbtest5  (cost=5.44..393.79 rows=98 width=125)
	  Recheck Cond: ((k >= 4692475) AND (k <= 4692575))
	  ->  Bitmap Index Scan on k_5  (cost=0.00..5.42 rows=98 width=0)
	        Index Cond: ((k >= 4692475) AND (k <= 4692575))

table 6 : explain SELECT k, c FROM sbtest6 WHERE k BETWEEN 4692475 AND 4692575
	Bitmap Heap Scan on sbtest6  (cost=5.45..397.72 rows=99 width=125)
	  Recheck Cond: ((k >= 4692475) AND (k <= 4692575))
	  ->  Bitmap Index Scan on k_6  (cost=0.00..5.42 rows=99 width=0)
	        Index Cond: ((k >= 4692475) AND (k <= 4692575))

table 7 : explain SELECT k, c FROM sbtest7 WHERE k BETWEEN 4692475 AND 4692575
	Bitmap Heap Scan on sbtest7  (cost=5.53..429.29 rows=107 width=125)
	  Recheck Cond: ((k >= 4692475) AND (k <= 4692575))
	  ->  Bitmap Index Scan on k_7  (cost=0.00..5.50 rows=107 width=0)
	        Index Cond: ((k >= 4692475) AND (k <= 4692575))

table 8 : explain SELECT k, c FROM sbtest8 WHERE k BETWEEN 4692475 AND 4692575
	Bitmap Heap Scan on sbtest8  (cost=5.49..413.52 rows=103 width=125)
	  Recheck Cond: ((k >= 4692475) AND (k <= 4692575))
	  ->  Bitmap Index Scan on k_8  (cost=0.00..5.46 rows=103 width=0)
	        Index Cond: ((k >= 4692475) AND (k <= 4692575))

for range-notcovered
table 1 : explain SELECT k, c FROM sbtest1 WHERE k BETWEEN 7980482 AND 7980582
	Bitmap Heap Scan on sbtest1  (cost=5.47..405.62 rows=101 width=125)
	  Recheck Cond: ((k >= 7980482) AND (k <= 7980582))
	  ->  Bitmap Index Scan on k_1  (cost=0.00..5.44 rows=101 width=0)
	        Index Cond: ((k >= 7980482) AND (k <= 7980582))

table 2 : explain SELECT k, c FROM sbtest2 WHERE k BETWEEN 7980482 AND 7980582
	Bitmap Heap Scan on sbtest2  (cost=5.58..449.00 rows=112 width=125)
	  Recheck Cond: ((k >= 7980482) AND (k <= 7980582))
	  ->  Bitmap Index Scan on k_2  (cost=0.00..5.55 rows=112 width=0)
	        Index Cond: ((k >= 7980482) AND (k <= 7980582))

table 3 : explain SELECT k, c FROM sbtest3 WHERE k BETWEEN 7980482 AND 7980582
	Bitmap Heap Scan on sbtest3  (cost=5.63..468.69 rows=117 width=125)
	  Recheck Cond: ((k >= 7980482) AND (k <= 7980582))
	  ->  Bitmap Index Scan on k_3  (cost=0.00..5.60 rows=117 width=0)
	        Index Cond: ((k >= 7980482) AND (k <= 7980582))

table 4 : explain SELECT k, c FROM sbtest4 WHERE k BETWEEN 7980482 AND 7980582
	Bitmap Heap Scan on sbtest4  (cost=5.40..378.00 rows=94 width=125)
	  Recheck Cond: ((k >= 7980482) AND (k <= 7980582))
	  ->  Bitmap Index Scan on k_4  (cost=0.00..5.38 rows=94 width=0)
	        Index Cond: ((k >= 7980482) AND (k <= 7980582))

table 5 : explain SELECT k, c FROM sbtest5 WHERE k BETWEEN 7980482 AND 7980582
	Bitmap Heap Scan on sbtest5  (cost=5.70..492.34 rows=123 width=125)
	  Recheck Cond: ((k >= 7980482) AND (k <= 7980582))
	  ->  Bitmap Index Scan on k_5  (cost=0.00..5.67 rows=123 width=0)
	        Index Cond: ((k >= 7980482) AND (k <= 7980582))

table 6 : explain SELECT k, c FROM sbtest6 WHERE k BETWEEN 7980482 AND 7980582
	Bitmap Heap Scan on sbtest6  (cost=5.41..381.93 rows=95 width=125)
	  Recheck Cond: ((k >= 7980482) AND (k <= 7980582))
	  ->  Bitmap Index Scan on k_6  (cost=0.00..5.38 rows=95 width=0)
	        Index Cond: ((k >= 7980482) AND (k <= 7980582))

table 7 : explain SELECT k, c FROM sbtest7 WHERE k BETWEEN 7980482 AND 7980582
	Bitmap Heap Scan on sbtest7  (cost=5.47..405.63 rows=101 width=125)
	  Recheck Cond: ((k >= 7980482) AND (k <= 7980582))
	  ->  Bitmap Index Scan on k_7  (cost=0.00..5.44 rows=101 width=0)
	        Index Cond: ((k >= 7980482) AND (k <= 7980582))

table 8 : explain SELECT k, c FROM sbtest8 WHERE k BETWEEN 7980482 AND 7980582
	Bitmap Heap Scan on sbtest8  (cost=5.38..370.10 rows=92 width=125)
	  Recheck Cond: ((k >= 7980482) AND (k <= 7980582))
	  ->  Bitmap Index Scan on k_8  (cost=0.00..5.35 rows=92 width=0)
	        Index Cond: ((k >= 7980482) AND (k <= 7980582))

explain: for range-notcovered :: explain SELECT k, c FROM sbtest%d WHERE k BETWEEN 1519737 AND 1519837
explain: for range-notcovered :: explain SELECT k, c FROM sbtest%d WHERE k BETWEEN 4692475 AND 4692575
for range-notcovered
table 1 : explain SELECT k, c FROM sbtest1 WHERE k BETWEEN 4399955 AND 4400055
	Bitmap Heap Scan on sbtest1  (cost=5.45..397.73 rows=99 width=125)
	  Recheck Cond: ((k >= 4399955) AND (k <= 4400055))
	  ->  Bitmap Index Scan on k_1  (cost=0.00..5.42 rows=99 width=0)
	        Index Cond: ((k >= 4399955) AND (k <= 4400055))

table 2 : explain SELECT k, c FROM sbtest2 WHERE k BETWEEN 4399955 AND 4400055
	Bitmap Heap Scan on sbtest2  (cost=5.50..417.46 rows=104 width=125)
	  Recheck Cond: ((k >= 4399955) AND (k <= 4400055))
	  ->  Bitmap Index Scan on k_2  (cost=0.00..5.47 rows=104 width=0)
	        Index Cond: ((k >= 4399955) AND (k <= 4400055))

table 3 : explain SELECT k, c FROM sbtest3 WHERE k BETWEEN 4399955 AND 4400055
	Bitmap Heap Scan on sbtest3  (cost=5.41..381.94 rows=95 width=125)
	  Recheck Cond: ((k >= 4399955) AND (k <= 4400055))
	  ->  Bitmap Index Scan on k_3  (cost=0.00..5.38 rows=95 width=0)
	        Index Cond: ((k >= 4399955) AND (k <= 4400055))

table 4 : explain SELECT k, c FROM sbtest4 WHERE k BETWEEN 4399955 AND 4400055
	Bitmap Heap Scan on sbtest4  (cost=5.48..409.58 rows=102 width=125)
	  Recheck Cond: ((k >= 4399955) AND (k <= 4400055))
	  ->  Bitmap Index Scan on k_4  (cost=0.00..5.45 rows=102 width=0)
	        Index Cond: ((k >= 4399955) AND (k <= 4400055))

table 5 : explain SELECT k, c FROM sbtest5 WHERE k BETWEEN 4399955 AND 4400055
	Bitmap Heap Scan on sbtest5  (cost=5.45..397.73 rows=99 width=125)
	  Recheck Cond: ((k >= 4399955) AND (k <= 4400055))
	  ->  Bitmap Index Scan on k_5  (cost=0.00..5.42 rows=99 width=0)
	        Index Cond: ((k >= 4399955) AND (k <= 4400055))

table 6 : explain SELECT k, c FROM sbtest6 WHERE k BETWEEN 4399955 AND 4400055
	Bitmap Heap Scan on sbtest6  (cost=5.50..417.45 rows=104 width=125)
	  Recheck Cond: ((k >= 4399955) AND (k <= 4400055))
	  ->  Bitmap Index Scan on k_6  (cost=0.00..5.47 rows=104 width=0)
	        Index Cond: ((k >= 4399955) AND (k <= 4400055))

table 7 : explain SELECT k, c FROM sbtest7 WHERE k BETWEEN 4399955 AND 4400055
	Bitmap Heap Scan on sbtest7  (cost=5.50..417.46 rows=104 width=125)
	  Recheck Cond: ((k >= 4399955) AND (k <= 4400055))
	  ->  Bitmap Index Scan on k_7  (cost=0.00..5.47 rows=104 width=0)
	        Index Cond: ((k >= 4399955) AND (k <= 4400055))

table 8 : explain SELECT k, c FROM sbtest8 WHERE k BETWEEN 4399955 AND 4400055
	Bitmap Heap Scan on sbtest8  (cost=5.49..413.52 rows=103 width=125)
	  Recheck Cond: ((k >= 4399955) AND (k <= 4400055))
	  ->  Bitmap Index Scan on k_8  (cost=0.00..5.46 rows=103 width=0)
	        Index Cond: ((k >= 4399955) AND (k <= 4400055))

explain: for range-notcovered :: explain SELECT k, c FROM sbtest%d WHERE k BETWEEN 7980482 AND 7980582
for range-notcovered
table 1 : explain SELECT k, c FROM sbtest1 WHERE k BETWEEN 4233174 AND 4233274
	Bitmap Heap Scan on sbtest1  (cost=5.42..385.89 rows=96 width=125)
	  Recheck Cond: ((k >= 4233174) AND (k <= 4233274))
	  ->  Bitmap Index Scan on k_1  (cost=0.00..5.39 rows=96 width=0)
	        Index Cond: ((k >= 4233174) AND (k <= 4233274))

table 2 : explain SELECT k, c FROM sbtest2 WHERE k BETWEEN 4233174 AND 4233274
	Bitmap Heap Scan on sbtest2  (cost=5.47..405.62 rows=101 width=125)
	  Recheck Cond: ((k >= 4233174) AND (k <= 4233274))
	  ->  Bitmap Index Scan on k_2  (cost=0.00..5.44 rows=101 width=0)
	        Index Cond: ((k >= 4233174) AND (k <= 4233274))

table 3 : explain SELECT k, c FROM sbtest3 WHERE k BETWEEN 4233174 AND 4233274
	Bitmap Heap Scan on sbtest3  (cost=5.46..401.67 rows=100 width=125)
	  Recheck Cond: ((k >= 4233174) AND (k <= 4233274))
	  ->  Bitmap Index Scan on k_3  (cost=0.00..5.43 rows=100 width=0)
	        Index Cond: ((k >= 4233174) AND (k <= 4233274))

table 4 : explain SELECT k, c FROM sbtest4 WHERE k BETWEEN 4233174 AND 4233274
	Bitmap Heap Scan on sbtest4  (cost=5.53..429.30 rows=107 width=125)
	  Recheck Cond: ((k >= 4233174) AND (k <= 4233274))
	  ->  Bitmap Index Scan on k_4  (cost=0.00..5.50 rows=107 width=0)
	        Index Cond: ((k >= 4233174) AND (k <= 4233274))

table 5 : explain SELECT k, c FROM sbtest5 WHERE k BETWEEN 4233174 AND 4233274
	Bitmap Heap Scan on sbtest5  (cost=5.64..472.64 rows=118 width=125)
	  Recheck Cond: ((k >= 4233174) AND (k <= 4233274))
	  ->  Bitmap Index Scan on k_5  (cost=0.00..5.61 rows=118 width=0)
	        Index Cond: ((k >= 4233174) AND (k <= 4233274))

table 6 : explain SELECT k, c FROM sbtest6 WHERE k BETWEEN 4233174 AND 4233274
	Bitmap Heap Scan on sbtest6  (cost=5.49..413.50 rows=103 width=125)
	  Recheck Cond: ((k >= 4233174) AND (k <= 4233274))
	  ->  Bitmap Index Scan on k_6  (cost=0.00..5.46 rows=103 width=0)
	        Index Cond: ((k >= 4233174) AND (k <= 4233274))

table 7 : explain SELECT k, c FROM sbtest7 WHERE k BETWEEN 4233174 AND 4233274
	Bitmap Heap Scan on sbtest7  (cost=5.52..425.35 rows=106 width=125)
	  Recheck Cond: ((k >= 4233174) AND (k <= 4233274))
	  ->  Bitmap Index Scan on k_7  (cost=0.00..5.50 rows=106 width=0)
	        Index Cond: ((k >= 4233174) AND (k <= 4233274))

table 8 : explain SELECT k, c FROM sbtest8 WHERE k BETWEEN 4233174 AND 4233274
	Bitmap Heap Scan on sbtest8  (cost=5.41..381.94 rows=95 width=125)
	  Recheck Cond: ((k >= 4233174) AND (k <= 4233274))
	  ->  Bitmap Index Scan on k_8  (cost=0.00..5.38 rows=95 width=0)
	        Index Cond: ((k >= 4233174) AND (k <= 4233274))

explain: for range-notcovered :: explain SELECT k, c FROM sbtest%d WHERE k BETWEEN 5793286 AND 5793386
for range-notcovered
table 1 : explain SELECT k, c FROM sbtest1 WHERE k BETWEEN 3643322 AND 3643422
	Bitmap Heap Scan on sbtest1  (cost=5.45..397.73 rows=99 width=125)
	  Recheck Cond: ((k >= 3643322) AND (k <= 3643422))
	  ->  Bitmap Index Scan on k_1  (cost=0.00..5.42 rows=99 width=0)
	        Index Cond: ((k >= 3643322) AND (k <= 3643422))

table 2 : explain SELECT k, c FROM sbtest2 WHERE k BETWEEN 3643322 AND 3643422
	Bitmap Heap Scan on sbtest2  (cost=5.46..401.68 rows=100 width=125)
	  Recheck Cond: ((k >= 3643322) AND (k <= 3643422))
	  ->  Bitmap Index Scan on k_2  (cost=0.00..5.43 rows=100 width=0)
	        Index Cond: ((k >= 3643322) AND (k <= 3643422))

table 3 : explain SELECT k, c FROM sbtest3 WHERE k BETWEEN 3643322 AND 3643422
	Bitmap Heap Scan on sbtest3  (cost=5.48..409.56 rows=102 width=125)
	  Recheck Cond: ((k >= 3643322) AND (k <= 3643422))
	  ->  Bitmap Index Scan on k_3  (cost=0.00..5.45 rows=102 width=0)
	        Index Cond: ((k >= 3643322) AND (k <= 3643422))

table 4 : explain SELECT k, c FROM sbtest4 WHERE k BETWEEN 3643322 AND 3643422
	Bitmap Heap Scan on sbtest4  (cost=5.52..425.36 rows=106 width=125)
	  Recheck Cond: ((k >= 3643322) AND (k <= 3643422))
	  ->  Bitmap Index Scan on k_4  (cost=0.00..5.50 rows=106 width=0)
	        Index Cond: ((k >= 3643322) AND (k <= 3643422))

table 5 : explain SELECT k, c FROM sbtest5 WHERE k BETWEEN 3643322 AND 3643422
	Bitmap Heap Scan on sbtest5  (cost=5.55..437.18 rows=109 width=125)
	  Recheck Cond: ((k >= 3643322) AND (k <= 3643422))
	  ->  Bitmap Index Scan on k_5  (cost=0.00..5.52 rows=109 width=0)
	        Index Cond: ((k >= 3643322) AND (k <= 3643422))

table 6 : explain SELECT k, c FROM sbtest6 WHERE k BETWEEN 3643322 AND 3643422
	Bitmap Heap Scan on sbtest6  (cost=5.54..433.22 rows=108 width=125)
	  Recheck Cond: ((k >= 3643322) AND (k <= 3643422))
	  ->  Bitmap Index Scan on k_6  (cost=0.00..5.51 rows=108 width=0)
	        Index Cond: ((k >= 3643322) AND (k <= 3643422))

table 7 : explain SELECT k, c FROM sbtest7 WHERE k BETWEEN 3643322 AND 3643422
	Bitmap Heap Scan on sbtest7  (cost=5.36..362.20 rows=90 width=125)
	  Recheck Cond: ((k >= 3643322) AND (k <= 3643422))
	  ->  Bitmap Index Scan on k_7  (cost=0.00..5.33 rows=90 width=0)
	        Index Cond: ((k >= 3643322) AND (k <= 3643422))

table 8 : explain SELECT k, c FROM sbtest8 WHERE k BETWEEN 3643322 AND 3643422
	Bitmap Heap Scan on sbtest8  (cost=5.52..425.35 rows=106 width=125)
	  Recheck Cond: ((k >= 3643322) AND (k <= 3643422))
	  ->  Bitmap Index Scan on k_8  (cost=0.00..5.50 rows=106 width=0)
	        Index Cond: ((k >= 3643322) AND (k <= 3643422))

explain: for range-notcovered :: explain SELECT k, c FROM sbtest%d WHERE k BETWEEN 4399955 AND 4400055
for range-notcovered
table 1 : explain SELECT k, c FROM sbtest1 WHERE k BETWEEN 4395274 AND 4395374
	Bitmap Heap Scan on sbtest1  (cost=5.45..397.73 rows=99 width=125)
	  Recheck Cond: ((k >= 4395274) AND (k <= 4395374))
	  ->  Bitmap Index Scan on k_1  (cost=0.00..5.42 rows=99 width=0)
	        Index Cond: ((k >= 4395274) AND (k <= 4395374))

table 2 : explain SELECT k, c FROM sbtest2 WHERE k BETWEEN 4395274 AND 4395374
	Bitmap Heap Scan on sbtest2  (cost=5.50..417.46 rows=104 width=125)
	  Recheck Cond: ((k >= 4395274) AND (k <= 4395374))
	  ->  Bitmap Index Scan on k_2  (cost=0.00..5.47 rows=104 width=0)
	        Index Cond: ((k >= 4395274) AND (k <= 4395374))

table 3 : explain SELECT k, c FROM sbtest3 WHERE k BETWEEN 4395274 AND 4395374
	Bitmap Heap Scan on sbtest3  (cost=5.41..381.94 rows=95 width=125)
	  Recheck Cond: ((k >= 4395274) AND (k <= 4395374))
	  ->  Bitmap Index Scan on k_3  (cost=0.00..5.38 rows=95 width=0)
	        Index Cond: ((k >= 4395274) AND (k <= 4395374))

table 4 : explain SELECT k, c FROM sbtest4 WHERE k BETWEEN 4395274 AND 4395374
	Bitmap Heap Scan on sbtest4  (cost=5.48..409.58 rows=102 width=125)
	  Recheck Cond: ((k >= 4395274) AND (k <= 4395374))
	  ->  Bitmap Index Scan on k_4  (cost=0.00..5.45 rows=102 width=0)
	        Index Cond: ((k >= 4395274) AND (k <= 4395374))

table 5 : explain SELECT k, c FROM sbtest5 WHERE k BETWEEN 4395274 AND 4395374
	Bitmap Heap Scan on sbtest5  (cost=5.45..397.73 rows=99 width=125)
	  Recheck Cond: ((k >= 4395274) AND (k <= 4395374))
	  ->  Bitmap Index Scan on k_5  (cost=0.00..5.42 rows=99 width=0)
	        Index Cond: ((k >= 4395274) AND (k <= 4395374))

table 6 : explain SELECT k, c FROM sbtest6 WHERE k BETWEEN 4395274 AND 4395374
	Bitmap Heap Scan on sbtest6  (cost=5.50..417.45 rows=104 width=125)
	  Recheck Cond: ((k >= 4395274) AND (k <= 4395374))
	  ->  Bitmap Index Scan on k_6  (cost=0.00..5.47 rows=104 width=0)
	        Index Cond: ((k >= 4395274) AND (k <= 4395374))

table 7 : explain SELECT k, c FROM sbtest7 WHERE k BETWEEN 4395274 AND 4395374
	Bitmap Heap Scan on sbtest7  (cost=5.50..417.46 rows=104 width=125)
	  Recheck Cond: ((k >= 4395274) AND (k <= 4395374))
	  ->  Bitmap Index Scan on k_7  (cost=0.00..5.47 rows=104 width=0)
	        Index Cond: ((k >= 4395274) AND (k <= 4395374))

table 8 : explain SELECT k, c FROM sbtest8 WHERE k BETWEEN 4395274 AND 4395374
	Bitmap Heap Scan on sbtest8  (cost=5.49..413.52 rows=103 width=125)
	  Recheck Cond: ((k >= 4395274) AND (k <= 4395374))
	  ->  Bitmap Index Scan on k_8  (cost=0.00..5.46 rows=103 width=0)
	        Index Cond: ((k >= 4395274) AND (k <= 4395374))

for range-notcovered
table 1 : explain SELECT k, c FROM sbtest1 WHERE k BETWEEN 7515649 AND 7515749
	Bitmap Heap Scan on sbtest1  (cost=5.53..429.29 rows=107 width=125)
	  Recheck Cond: ((k >= 7515649) AND (k <= 7515749))
	  ->  Bitmap Index Scan on k_1  (cost=0.00..5.50 rows=107 width=0)
	        Index Cond: ((k >= 7515649) AND (k <= 7515749))

table 2 : explain SELECT k, c FROM sbtest2 WHERE k BETWEEN 7515649 AND 7515749
	Bitmap Heap Scan on sbtest2  (cost=5.53..429.29 rows=107 width=125)
	  Recheck Cond: ((k >= 7515649) AND (k <= 7515749))
	  ->  Bitmap Index Scan on k_2  (cost=0.00..5.50 rows=107 width=0)
	        Index Cond: ((k >= 7515649) AND (k <= 7515749))

table 3 : explain SELECT k, c FROM sbtest3 WHERE k BETWEEN 7515649 AND 7515749
	Bitmap Heap Scan on sbtest3  (cost=5.40..377.99 rows=94 width=125)
	  Recheck Cond: ((k >= 7515649) AND (k <= 7515749))
	  ->  Bitmap Index Scan on k_3  (cost=0.00..5.38 rows=94 width=0)
	        Index Cond: ((k >= 7515649) AND (k <= 7515749))

table 4 : explain SELECT k, c FROM sbtest4 WHERE k BETWEEN 7515649 AND 7515749
	Bitmap Heap Scan on sbtest4  (cost=5.42..385.90 rows=96 width=125)
	  Recheck Cond: ((k >= 7515649) AND (k <= 7515749))
	  ->  Bitmap Index Scan on k_4  (cost=0.00..5.39 rows=96 width=0)
	        Index Cond: ((k >= 7515649) AND (k <= 7515749))

table 5 : explain SELECT k, c FROM sbtest5 WHERE k BETWEEN 7515649 AND 7515749
	Bitmap Heap Scan on sbtest5  (cost=5.47..405.62 rows=101 width=125)
	  Recheck Cond: ((k >= 7515649) AND (k <= 7515749))
	  ->  Bitmap Index Scan on k_5  (cost=0.00..5.44 rows=101 width=0)
	        Index Cond: ((k >= 7515649) AND (k <= 7515749))

table 6 : explain SELECT k, c FROM sbtest6 WHERE k BETWEEN 7515649 AND 7515749
	Bitmap Heap Scan on sbtest6  (cost=5.51..421.39 rows=105 width=125)
	  Recheck Cond: ((k >= 7515649) AND (k <= 7515749))
	  ->  Bitmap Index Scan on k_6  (cost=0.00..5.48 rows=105 width=0)
	        Index Cond: ((k >= 7515649) AND (k <= 7515749))

table 7 : explain SELECT k, c FROM sbtest7 WHERE k BETWEEN 7515649 AND 7515749
	Bitmap Heap Scan on sbtest7  (cost=5.46..401.68 rows=100 width=125)
	  Recheck Cond: ((k >= 7515649) AND (k <= 7515749))
	  ->  Bitmap Index Scan on k_7  (cost=0.00..5.43 rows=100 width=0)
	        Index Cond: ((k >= 7515649) AND (k <= 7515749))

table 8 : explain SELECT k, c FROM sbtest8 WHERE k BETWEEN 7515649 AND 7515749
	Bitmap Heap Scan on sbtest8  (cost=5.56..441.12 rows=110 width=125)
	  Recheck Cond: ((k >= 7515649) AND (k <= 7515749))
	  ->  Bitmap Index Scan on k_8  (cost=0.00..5.53 rows=110 width=0)
	        Index Cond: ((k >= 7515649) AND (k <= 7515749))
explain: for range-notcovered :: explain SELECT k, c FROM sbtest%d WHERE k BETWEEN 4233174 AND 4233274

for range-notcovered
table 1 : explain SELECT k, c FROM sbtest1 WHERE k BETWEEN 931144 AND 931244
	Bitmap Heap Scan on sbtest1  (cost=5.50..417.46 rows=104 width=125)
	  Recheck Cond: ((k >= 931144) AND (k <= 931244))
	  ->  Bitmap Index Scan on k_1  (cost=0.00..5.47 rows=104 width=0)
	        Index Cond: ((k >= 931144) AND (k <= 931244))

table 2 : explain SELECT k, c FROM sbtest2 WHERE k BETWEEN 931144 AND 931244
	Bitmap Heap Scan on sbtest2  (cost=5.48..409.57 rows=102 width=125)
	  Recheck Cond: ((k >= 931144) AND (k <= 931244))
	  ->  Bitmap Index Scan on k_2  (cost=0.00..5.45 rows=102 width=0)
	        Index Cond: ((k >= 931144) AND (k <= 931244))

table 3 : explain SELECT k, c FROM sbtest3 WHERE k BETWEEN 931144 AND 931244
	Bitmap Heap Scan on sbtest3  (cost=5.47..405.62 rows=101 width=125)
	  Recheck Cond: ((k >= 931144) AND (k <= 931244))
	  ->  Bitmap Index Scan on k_3  (cost=0.00..5.44 rows=101 width=0)
	        Index Cond: ((k >= 931144) AND (k <= 931244))

table 4 : explain SELECT k, c FROM sbtest4 WHERE k BETWEEN 931144 AND 931244
	Bitmap Heap Scan on sbtest4  (cost=5.46..401.69 rows=100 width=125)
	  Recheck Cond: ((k >= 931144) AND (k <= 931244))
	  ->  Bitmap Index Scan on k_4  (cost=0.00..5.43 rows=100 width=0)
	        Index Cond: ((k >= 931144) AND (k <= 931244))

table 5 : explain SELECT k, c FROM sbtest5 WHERE k BETWEEN 931144 AND 931244
	Bitmap Heap Scan on sbtest5  (cost=5.55..437.18 rows=109 width=125)
	  Recheck Cond: ((k >= 931144) AND (k <= 931244))
	  ->  Bitmap Index Scan on k_5  (cost=0.00..5.52 rows=109 width=0)
	        Index Cond: ((k >= 931144) AND (k <= 931244))

table 6 : explain SELECT k, c FROM sbtest6 WHERE k BETWEEN 931144 AND 931244
	Bitmap Heap Scan on sbtest6  (cost=5.42..385.88 rows=96 width=125)
	  Recheck Cond: ((k >= 931144) AND (k <= 931244))
	  ->  Bitmap Index Scan on k_6  (cost=0.00..5.39 rows=96 width=0)
	        Index Cond: ((k >= 931144) AND (k <= 931244))

table 7 : explain SELECT k, c FROM sbtest7 WHERE k BETWEEN 931144 AND 931244
	Bitmap Heap Scan on sbtest7  (cost=5.54..433.24 rows=108 width=125)
	  Recheck Cond: ((k >= 931144) AND (k <= 931244))
	  ->  Bitmap Index Scan on k_7  (cost=0.00..5.51 rows=108 width=0)
	        Index Cond: ((k >= 931144) AND (k <= 931244))

table 8 : explain SELECT k, c FROM sbtest8 WHERE k BETWEEN 931144 AND 931244
	Bitmap Heap Scan on sbtest8  (cost=5.46..401.68 rows=100 width=125)
	  Recheck Cond: ((k >= 931144) AND (k <= 931244))
	  ->  Bitmap Index Scan on k_8  (cost=0.00..5.43 rows=100 width=0)
	        Index Cond: ((k >= 931144) AND (k <= 931244))

explain: for range-notcovered :: explain SELECT k, c FROM sbtest%d WHERE k BETWEEN 3643322 AND 3643422
explain: for range-notcovered :: explain SELECT k, c FROM sbtest%d WHERE k BETWEEN 4395274 AND 4395374
for range-notcovered
table 1 : explain SELECT k, c FROM sbtest1 WHERE k BETWEEN 3624693 AND 3624793
	Bitmap Heap Scan on sbtest1  (cost=5.45..397.73 rows=99 width=125)
	  Recheck Cond: ((k >= 3624693) AND (k <= 3624793))
	  ->  Bitmap Index Scan on k_1  (cost=0.00..5.42 rows=99 width=0)
	        Index Cond: ((k >= 3624693) AND (k <= 3624793))

table 2 : explain SELECT k, c FROM sbtest2 WHERE k BETWEEN 3624693 AND 3624793
	Bitmap Heap Scan on sbtest2  (cost=5.46..401.68 rows=100 width=125)
	  Recheck Cond: ((k >= 3624693) AND (k <= 3624793))
	  ->  Bitmap Index Scan on k_2  (cost=0.00..5.43 rows=100 width=0)
	        Index Cond: ((k >= 3624693) AND (k <= 3624793))

table 3 : explain SELECT k, c FROM sbtest3 WHERE k BETWEEN 3624693 AND 3624793
	Bitmap Heap Scan on sbtest3  (cost=5.48..409.56 rows=102 width=125)
	  Recheck Cond: ((k >= 3624693) AND (k <= 3624793))
	  ->  Bitmap Index Scan on k_3  (cost=0.00..5.45 rows=102 width=0)
	        Index Cond: ((k >= 3624693) AND (k <= 3624793))

table 4 : explain SELECT k, c FROM sbtest4 WHERE k BETWEEN 3624693 AND 3624793
	Bitmap Heap Scan on sbtest4  (cost=5.52..425.36 rows=106 width=125)
	  Recheck Cond: ((k >= 3624693) AND (k <= 3624793))
	  ->  Bitmap Index Scan on k_4  (cost=0.00..5.50 rows=106 width=0)
	        Index Cond: ((k >= 3624693) AND (k <= 3624793))

table 5 : explain SELECT k, c FROM sbtest5 WHERE k BETWEEN 3624693 AND 3624793
	Bitmap Heap Scan on sbtest5  (cost=5.55..437.18 rows=109 width=125)
	  Recheck Cond: ((k >= 3624693) AND (k <= 3624793))
	  ->  Bitmap Index Scan on k_5  (cost=0.00..5.52 rows=109 width=0)
	        Index Cond: ((k >= 3624693) AND (k <= 3624793))

table 6 : explain SELECT k, c FROM sbtest6 WHERE k BETWEEN 3624693 AND 3624793
	Bitmap Heap Scan on sbtest6  (cost=5.54..433.22 rows=108 width=125)
	  Recheck Cond: ((k >= 3624693) AND (k <= 3624793))
	  ->  Bitmap Index Scan on k_6  (cost=0.00..5.51 rows=108 width=0)
	        Index Cond: ((k >= 3624693) AND (k <= 3624793))

table 7 : explain SELECT k, c FROM sbtest7 WHERE k BETWEEN 3624693 AND 3624793
	Bitmap Heap Scan on sbtest7  (cost=5.36..362.20 rows=90 width=125)
	  Recheck Cond: ((k >= 3624693) AND (k <= 3624793))
	  ->  Bitmap Index Scan on k_7  (cost=0.00..5.33 rows=90 width=0)
	        Index Cond: ((k >= 3624693) AND (k <= 3624793))

table 8 : explain SELECT k, c FROM sbtest8 WHERE k BETWEEN 3624693 AND 3624793
	Bitmap Heap Scan on sbtest8  (cost=5.52..425.35 rows=106 width=125)
	  Recheck Cond: ((k >= 3624693) AND (k <= 3624793))
	  ->  Bitmap Index Scan on k_8  (cost=0.00..5.50 rows=106 width=0)
	        Index Cond: ((k >= 3624693) AND (k <= 3624793))

explain: for range-notcovered :: explain SELECT k, c FROM sbtest%d WHERE k BETWEEN 931144 AND 931244
explain: for range-notcovered :: explain SELECT k, c FROM sbtest%d WHERE k BETWEEN 5389644 AND 5389744
for range-notcovered
table 1 : explain SELECT k, c FROM sbtest1 WHERE k BETWEEN 3177838 AND 3177938
	Bitmap Heap Scan on sbtest1  (cost=5.55..437.17 rows=109 width=125)
	  Recheck Cond: ((k >= 3177838) AND (k <= 3177938))
	  ->  Bitmap Index Scan on k_1  (cost=0.00..5.52 rows=109 width=0)
	        Index Cond: ((k >= 3177838) AND (k <= 3177938))

table 2 : explain SELECT k, c FROM sbtest2 WHERE k BETWEEN 3177838 AND 3177938
	Bitmap Heap Scan on sbtest2  (cost=5.44..393.79 rows=98 width=125)
	  Recheck Cond: ((k >= 3177838) AND (k <= 3177938))
	  ->  Bitmap Index Scan on k_2  (cost=0.00..5.42 rows=98 width=0)
	        Index Cond: ((k >= 3177838) AND (k <= 3177938))

table 3 : explain SELECT k, c FROM sbtest3 WHERE k BETWEEN 3177838 AND 3177938
	Bitmap Heap Scan on sbtest3  (cost=5.49..413.51 rows=103 width=125)
	  Recheck Cond: ((k >= 3177838) AND (k <= 3177938))
	  ->  Bitmap Index Scan on k_3  (cost=0.00..5.46 rows=103 width=0)
	        Index Cond: ((k >= 3177838) AND (k <= 3177938))

table 4 : explain SELECT k, c FROM sbtest4 WHERE k BETWEEN 3177838 AND 3177938
	Bitmap Heap Scan on sbtest4  (cost=5.54..433.24 rows=108 width=125)
	  Recheck Cond: ((k >= 3177838) AND (k <= 3177938))
	  ->  Bitmap Index Scan on k_4  (cost=0.00..5.51 rows=108 width=0)
	        Index Cond: ((k >= 3177838) AND (k <= 3177938))

table 5 : explain SELECT k, c FROM sbtest5 WHERE k BETWEEN 3177838 AND 3177938
	Bitmap Heap Scan on sbtest5  (cost=5.46..401.68 rows=100 width=125)
	  Recheck Cond: ((k >= 3177838) AND (k <= 3177938))
	  ->  Bitmap Index Scan on k_5  (cost=0.00..5.43 rows=100 width=0)
	        Index Cond: ((k >= 3177838) AND (k <= 3177938))

table 6 : explain SELECT k, c FROM sbtest6 WHERE k BETWEEN 3177838 AND 3177938
	Bitmap Heap Scan on sbtest6  (cost=5.58..448.99 rows=112 width=125)
	  Recheck Cond: ((k >= 3177838) AND (k <= 3177938))
	  ->  Bitmap Index Scan on k_6  (cost=0.00..5.55 rows=112 width=0)
	        Index Cond: ((k >= 3177838) AND (k <= 3177938))

table 7 : explain SELECT k, c FROM sbtest7 WHERE k BETWEEN 3177838 AND 3177938
	Bitmap Heap Scan on sbtest7  (cost=5.45..397.73 rows=99 width=125)
	  Recheck Cond: ((k >= 3177838) AND (k <= 3177938))
	  ->  Bitmap Index Scan on k_7  (cost=0.00..5.42 rows=99 width=0)
	        Index Cond: ((k >= 3177838) AND (k <= 3177938))

table 8 : explain SELECT k, c FROM sbtest8 WHERE k BETWEEN 3177838 AND 3177938
	Bitmap Heap Scan on sbtest8  (cost=5.51..421.40 rows=105 width=125)
	  Recheck Cond: ((k >= 3177838) AND (k <= 3177938))
	  ->  Bitmap Index Scan on k_8  (cost=0.00..5.48 rows=105 width=0)
	        Index Cond: ((k >= 3177838) AND (k <= 3177938))

explain: for range-notcovered :: explain SELECT k, c FROM sbtest%d WHERE k BETWEEN 7515649 AND 7515749
explain: for range-notcovered :: explain SELECT k, c FROM sbtest%d WHERE k BETWEEN 6552462 AND 6552562
explain: for range-notcovered :: explain SELECT k, c FROM sbtest%d WHERE k BETWEEN 3624693 AND 3624793for range-notcovered
table 1 : explain SELECT k, c FROM sbtest1 WHERE k BETWEEN 2288614 AND 2288714
	Bitmap Heap Scan on sbtest1  (cost=5.56..441.12 rows=110 width=125)
	  Recheck Cond: ((k >= 2288614) AND (k <= 2288714))
	  ->  Bitmap Index Scan on k_1  (cost=0.00..5.53 rows=110 width=0)
	        Index Cond: ((k >= 2288614) AND (k <= 2288714))

table 2 : explain SELECT k, c FROM sbtest2 WHERE k BETWEEN 2288614 AND 2288714
	Bitmap Heap Scan on sbtest2  (cost=5.41..381.94 rows=95 width=125)
	  Recheck Cond: ((k >= 2288614) AND (k <= 2288714))
	  ->  Bitmap Index Scan on k_2  (cost=0.00..5.38 rows=95 width=0)
	        Index Cond: ((k >= 2288614) AND (k <= 2288714))

table 3 : explain SELECT k, c FROM sbtest3 WHERE k BETWEEN 2288614 AND 2288714
	Bitmap Heap Scan on sbtest3  (cost=5.49..413.51 rows=103 width=125)
	  Recheck Cond: ((k >= 2288614) AND (k <= 2288714))
	  ->  Bitmap Index Scan on k_3  (cost=0.00..5.46 rows=103 width=0)
	        Index Cond: ((k >= 2288614) AND (k <= 2288714))

table 4 : explain SELECT k, c FROM sbtest4 WHERE k BETWEEN 2288614 AND 2288714
	Bitmap Heap Scan on sbtest4  (cost=5.35..358.25 rows=89 width=125)
	  Recheck Cond: ((k >= 2288614) AND (k <= 2288714))
	  ->  Bitmap Index Scan on k_4  (cost=0.00..5.32 rows=89 width=0)
	        Index Cond: ((k >= 2288614) AND (k <= 2288714))

table 5 : explain SELECT k, c FROM sbtest5 WHERE k BETWEEN 2288614 AND 2288714
	Bitmap Heap Scan on sbtest5  (cost=5.53..429.29 rows=107 width=125)
	  Recheck Cond: ((k >= 2288614) AND (k <= 2288714))
	  ->  Bitmap Index Scan on k_5  (cost=0.00..5.50 rows=107 width=0)
	        Index Cond: ((k >= 2288614) AND (k <= 2288714))

table 6 : explain SELECT k, c FROM sbtest6 WHERE k BETWEEN 2288614 AND 2288714
	Bitmap Heap Scan on sbtest6  (cost=5.48..409.56 rows=102 width=125)
	  Recheck Cond: ((k >= 2288614) AND (k <= 2288714))
	  ->  Bitmap Index Scan on k_6  (cost=0.00..5.45 rows=102 width=0)
	        Index Cond: ((k >= 2288614) AND (k <= 2288714))

table 7 : explain SELECT k, c FROM sbtest7 WHERE k BETWEEN 2288614 AND 2288714
	Bitmap Heap Scan on sbtest7  (cost=5.50..417.46 rows=104 width=125)
	  Recheck Cond: ((k >= 2288614) AND (k <= 2288714))
	  ->  Bitmap Index Scan on k_7  (cost=0.00..5.47 rows=104 width=0)
	        Index Cond: ((k >= 2288614) AND (k <= 2288714))

table 8 : explain SELECT k, c FROM sbtest8 WHERE k BETWEEN 2288614 AND 2288714
	Bitmap Heap Scan on sbtest8  (cost=5.46..401.68 rows=100 width=125)
	  Recheck Cond: ((k >= 2288614) AND (k <= 2288714))
	  ->  Bitmap Index Scan on k_8  (cost=0.00..5.43 rows=100 width=0)
	        Index Cond: ((k >= 2288614) AND (k <= 2288714))


explain: for range-notcovered :: explain SELECT k, c FROM sbtest%d WHERE k BETWEEN 3177838 AND 3177938
for range-notcovered
table 1 : explain SELECT k, c FROM sbtest1 WHERE k BETWEEN 9205847 AND 9205947
	Bitmap Heap Scan on sbtest1  (cost=5.47..405.62 rows=101 width=125)
	  Recheck Cond: ((k >= 9205847) AND (k <= 9205947))
	  ->  Bitmap Index Scan on k_1  (cost=0.00..5.44 rows=101 width=0)
	        Index Cond: ((k >= 9205847) AND (k <= 9205947))

table 2 : explain SELECT k, c FROM sbtest2 WHERE k BETWEEN 9205847 AND 9205947
	Bitmap Heap Scan on sbtest2  (cost=5.54..433.23 rows=108 width=125)
	  Recheck Cond: ((k >= 9205847) AND (k <= 9205947))
	  ->  Bitmap Index Scan on k_2  (cost=0.00..5.51 rows=108 width=0)
	        Index Cond: ((k >= 9205847) AND (k <= 9205947))

table 3 : explain SELECT k, c FROM sbtest3 WHERE k BETWEEN 9205847 AND 9205947
	Bitmap Heap Scan on sbtest3  (cost=5.47..405.62 rows=101 width=125)
	  Recheck Cond: ((k >= 9205847) AND (k <= 9205947))
	  ->  Bitmap Index Scan on k_3  (cost=0.00..5.44 rows=101 width=0)
	        Index Cond: ((k >= 9205847) AND (k <= 9205947))

table 4 : explain SELECT k, c FROM sbtest4 WHERE k BETWEEN 9205847 AND 9205947
	Bitmap Heap Scan on sbtest4  (cost=5.52..425.36 rows=106 width=125)
	  Recheck Cond: ((k >= 9205847) AND (k <= 9205947))
	  ->  Bitmap Index Scan on k_4  (cost=0.00..5.50 rows=106 width=0)
	        Index Cond: ((k >= 9205847) AND (k <= 9205947))

table 5 : explain SELECT k, c FROM sbtest5 WHERE k BETWEEN 9205847 AND 9205947
	Bitmap Heap Scan on sbtest5  (cost=5.46..401.68 rows=100 width=125)
	  Recheck Cond: ((k >= 9205847) AND (k <= 9205947))
	  ->  Bitmap Index Scan on k_5  (cost=0.00..5.43 rows=100 width=0)
	        Index Cond: ((k >= 9205847) AND (k <= 9205947))

table 6 : explain SELECT k, c FROM sbtest6 WHERE k BETWEEN 9205847 AND 9205947
	Bitmap Heap Scan on sbtest6  (cost=5.52..425.34 rows=106 width=125)
	  Recheck Cond: ((k >= 9205847) AND (k <= 9205947))
	  ->  Bitmap Index Scan on k_6  (cost=0.00..5.50 rows=106 width=0)
	        Index Cond: ((k >= 9205847) AND (k <= 9205947))

table 7 : explain SELECT k, c FROM sbtest7 WHERE k BETWEEN 9205847 AND 9205947
	Bitmap Heap Scan on sbtest7  (cost=5.45..397.73 rows=99 width=125)
	  Recheck Cond: ((k >= 9205847) AND (k <= 9205947))
	  ->  Bitmap Index Scan on k_7  (cost=0.00..5.42 rows=99 width=0)
	        Index Cond: ((k >= 9205847) AND (k <= 9205947))

table 8 : explain SELECT k, c FROM sbtest8 WHERE k BETWEEN 9205847 AND 9205947
	Bitmap Heap Scan on sbtest8  (cost=5.52..425.35 rows=106 width=125)
	  Recheck Cond: ((k >= 9205847) AND (k <= 9205947))
	  ->  Bitmap Index Scan on k_8  (cost=0.00..5.50 rows=106 width=0)
	        Index Cond: ((k >= 9205847) AND (k <= 9205947))

explain: for range-notcovered :: explain SELECT k, c FROM sbtest%d WHERE k BETWEEN 5181953 AND 5182053
for range-notcovered
table 1 : explain SELECT k, c FROM sbtest1 WHERE k BETWEEN 7165037 AND 7165137
	Bitmap Heap Scan on sbtest1  (cost=5.41..381.94 rows=95 width=125)
	  Recheck Cond: ((k >= 7165037) AND (k <= 7165137))
	  ->  Bitmap Index Scan on k_1  (cost=0.00..5.38 rows=95 width=0)
	        Index Cond: ((k >= 7165037) AND (k <= 7165137))

table 2 : explain SELECT k, c FROM sbtest2 WHERE k BETWEEN 7165037 AND 7165137
	Bitmap Heap Scan on sbtest2  (cost=5.46..401.68 rows=100 width=125)
	  Recheck Cond: ((k >= 7165037) AND (k <= 7165137))
	  ->  Bitmap Index Scan on k_2  (cost=0.00..5.43 rows=100 width=0)
	        Index Cond: ((k >= 7165037) AND (k <= 7165137))

table 3 : explain SELECT k, c FROM sbtest3 WHERE k BETWEEN 7165037 AND 7165137
	Bitmap Heap Scan on sbtest3  (cost=5.48..409.56 rows=102 width=125)
	  Recheck Cond: ((k >= 7165037) AND (k <= 7165137))
	  ->  Bitmap Index Scan on k_3  (cost=0.00..5.45 rows=102 width=0)
	        Index Cond: ((k >= 7165037) AND (k <= 7165137))

table 4 : explain SELECT k, c FROM sbtest4 WHERE k BETWEEN 7165037 AND 7165137
	Bitmap Heap Scan on sbtest4  (cost=5.40..378.00 rows=94 width=125)
	  Recheck Cond: ((k >= 7165037) AND (k <= 7165137))
	  ->  Bitmap Index Scan on k_4  (cost=0.00..5.38 rows=94 width=0)
	        Index Cond: ((k >= 7165037) AND (k <= 7165137))

table 5 : explain SELECT k, c FROM sbtest5 WHERE k BETWEEN 7165037 AND 7165137
	Bitmap Heap Scan on sbtest5  (cost=5.41..381.94 rows=95 width=125)
	  Recheck Cond: ((k >= 7165037) AND (k <= 7165137))
	  ->  Bitmap Index Scan on k_5  (cost=0.00..5.38 rows=95 width=0)
	        Index Cond: ((k >= 7165037) AND (k <= 7165137))

table 6 : explain SELECT k, c FROM sbtest6 WHERE k BETWEEN 7165037 AND 7165137
	Bitmap Heap Scan on sbtest6  (cost=5.45..397.72 rows=99 width=125)
	  Recheck Cond: ((k >= 7165037) AND (k <= 7165137))
	  ->  Bitmap Index Scan on k_6  (cost=0.00..5.42 rows=99 width=0)
	        Index Cond: ((k >= 7165037) AND (k <= 7165137))

table 7 : explain SELECT k, c FROM sbtest7 WHERE k BETWEEN 7165037 AND 7165137
	Bitmap Heap Scan on sbtest7  (cost=5.46..401.68 rows=100 width=125)
	  Recheck Cond: ((k >= 7165037) AND (k <= 7165137))
	  ->  Bitmap Index Scan on k_7  (cost=0.00..5.43 rows=100 width=0)
	        Index Cond: ((k >= 7165037) AND (k <= 7165137))

table 8 : explain SELECT k, c FROM sbtest8 WHERE k BETWEEN 7165037 AND 7165137
	Bitmap Heap Scan on sbtest8  (cost=5.59..452.94 rows=113 width=125)
	  Recheck Cond: ((k >= 7165037) AND (k <= 7165137))
	  ->  Bitmap Index Scan on k_8  (cost=0.00..5.56 rows=113 width=0)
	        Index Cond: ((k >= 7165037) AND (k <= 7165137))

explain: for range-notcovered :: explain SELECT k, c FROM sbtest%d WHERE k BETWEEN 2288614 AND 2288714
explain: for range-notcovered :: explain SELECT k, c FROM sbtest%d WHERE k BETWEEN 9205847 AND 9205947
for range-notcovered
table 1 : explain SELECT k, c FROM sbtest1 WHERE k BETWEEN 4816729 AND 4816829
	Bitmap Heap Scan on sbtest1  (cost=5.62..464.76 rows=116 width=125)
	  Recheck Cond: ((k >= 4816729) AND (k <= 4816829))
	  ->  Bitmap Index Scan on k_1  (cost=0.00..5.59 rows=116 width=0)
	        Index Cond: ((k >= 4816729) AND (k <= 4816829))

table 2 : explain SELECT k, c FROM sbtest2 WHERE k BETWEEN 4816729 AND 4816829
	Bitmap Heap Scan on sbtest2  (cost=5.48..409.57 rows=102 width=125)
	  Recheck Cond: ((k >= 4816729) AND (k <= 4816829))
	  ->  Bitmap Index Scan on k_2  (cost=0.00..5.45 rows=102 width=0)
	        Index Cond: ((k >= 4816729) AND (k <= 4816829))

table 3 : explain SELECT k, c FROM sbtest3 WHERE k BETWEEN 4816729 AND 4816829
	Bitmap Heap Scan on sbtest3  (cost=5.48..409.56 rows=102 width=125)
	  Recheck Cond: ((k >= 4816729) AND (k <= 4816829))
	  ->  Bitmap Index Scan on k_3  (cost=0.00..5.45 rows=102 width=0)
	        Index Cond: ((k >= 4816729) AND (k <= 4816829))

table 4 : explain SELECT k, c FROM sbtest4 WHERE k BETWEEN 4816729 AND 4816829
	Bitmap Heap Scan on sbtest4  (cost=5.48..409.58 rows=102 width=125)
	  Recheck Cond: ((k >= 4816729) AND (k <= 4816829))
	  ->  Bitmap Index Scan on k_4  (cost=0.00..5.45 rows=102 width=0)
	        Index Cond: ((k >= 4816729) AND (k <= 4816829))

table 5 : explain SELECT k, c FROM sbtest5 WHERE k BETWEEN 4816729 AND 4816829
	Bitmap Heap Scan on sbtest5  (cost=5.43..389.84 rows=97 width=125)
	  Recheck Cond: ((k >= 4816729) AND (k <= 4816829))
	  ->  Bitmap Index Scan on k_5  (cost=0.00..5.40 rows=97 width=0)
	        Index Cond: ((k >= 4816729) AND (k <= 4816829))

table 6 : explain SELECT k, c FROM sbtest6 WHERE k BETWEEN 4816729 AND 4816829
	Bitmap Heap Scan on sbtest6  (cost=5.53..429.28 rows=107 width=125)
	  Recheck Cond: ((k >= 4816729) AND (k <= 4816829))
	  ->  Bitmap Index Scan on k_6  (cost=0.00..5.50 rows=107 width=0)
	        Index Cond: ((k >= 4816729) AND (k <= 4816829))

table 7 : explain SELECT k, c FROM sbtest7 WHERE k BETWEEN 4816729 AND 4816829
	Bitmap Heap Scan on sbtest7  (cost=5.53..429.29 rows=107 width=125)
	  Recheck Cond: ((k >= 4816729) AND (k <= 4816829))
	  ->  Bitmap Index Scan on k_7  (cost=0.00..5.50 rows=107 width=0)
	        Index Cond: ((k >= 4816729) AND (k <= 4816829))

table 8 : explain SELECT k, c FROM sbtest8 WHERE k BETWEEN 4816729 AND 4816829
	Bitmap Heap Scan on sbtest8  (cost=5.56..441.12 rows=110 width=125)
	  Recheck Cond: ((k >= 4816729) AND (k <= 4816829))
	  ->  Bitmap Index Scan on k_8  (cost=0.00..5.53 rows=110 width=0)
	        Index Cond: ((k >= 4816729) AND (k <= 4816829))

explain: for range-notcovered :: explain SELECT k, c FROM sbtest%d WHERE k BETWEEN 7165037 AND 7165137
explain: for range-notcovered :: explain SELECT k, c FROM sbtest%d WHERE k BETWEEN 6594822 AND 6594922
for range-notcovered
table 1 : explain SELECT k, c FROM sbtest1 WHERE k BETWEEN 2689330 AND 2689430
	Bitmap Heap Scan on sbtest1  (cost=5.43..389.84 rows=97 width=125)
	  Recheck Cond: ((k >= 2689330) AND (k <= 2689430))
	  ->  Bitmap Index Scan on k_1  (cost=0.00..5.40 rows=97 width=0)
	        Index Cond: ((k >= 2689330) AND (k <= 2689430))

table 2 : explain SELECT k, c FROM sbtest2 WHERE k BETWEEN 2689330 AND 2689430
	Bitmap Heap Scan on sbtest2  (cost=5.56..441.12 rows=110 width=125)
	  Recheck Cond: ((k >= 2689330) AND (k <= 2689430))
	  ->  Bitmap Index Scan on k_2  (cost=0.00..5.53 rows=110 width=0)
	        Index Cond: ((k >= 2689330) AND (k <= 2689430))

table 3 : explain SELECT k, c FROM sbtest3 WHERE k BETWEEN 2689330 AND 2689430
	Bitmap Heap Scan on sbtest3  (cost=5.55..437.17 rows=109 width=125)
	  Recheck Cond: ((k >= 2689330) AND (k <= 2689430))
	  ->  Bitmap Index Scan on k_3  (cost=0.00..5.52 rows=109 width=0)
	        Index Cond: ((k >= 2689330) AND (k <= 2689430))

table 4 : explain SELECT k, c FROM sbtest4 WHERE k BETWEEN 2689330 AND 2689430
	Bitmap Heap Scan on sbtest4  (cost=5.37..366.16 rows=91 width=125)
	  Recheck Cond: ((k >= 2689330) AND (k <= 2689430))
	  ->  Bitmap Index Scan on k_4  (cost=0.00..5.34 rows=91 width=0)
	        Index Cond: ((k >= 2689330) AND (k <= 2689430))

table 5 : explain SELECT k, c FROM sbtest5 WHERE k BETWEEN 2689330 AND 2689430
	Bitmap Heap Scan on sbtest5  (cost=5.59..452.94 rows=113 width=125)
	  Recheck Cond: ((k >= 2689330) AND (k <= 2689430))
	  ->  Bitmap Index Scan on k_5  (cost=0.00..5.56 rows=113 width=0)
	        Index Cond: ((k >= 2689330) AND (k <= 2689430))

table 6 : explain SELECT k, c FROM sbtest6 WHERE k BETWEEN 2689330 AND 2689430
	Bitmap Heap Scan on sbtest6  (cost=5.44..393.78 rows=98 width=125)
	  Recheck Cond: ((k >= 2689330) AND (k <= 2689430))
	  ->  Bitmap Index Scan on k_6  (cost=0.00..5.42 rows=98 width=0)
	        Index Cond: ((k >= 2689330) AND (k <= 2689430))

table 7 : explain SELECT k, c FROM sbtest7 WHERE k BETWEEN 2689330 AND 2689430
	Bitmap Heap Scan on sbtest7  (cost=5.41..381.94 rows=95 width=125)
	  Recheck Cond: ((k >= 2689330) AND (k <= 2689430))
	  ->  Bitmap Index Scan on k_7  (cost=0.00..5.38 rows=95 width=0)
	        Index Cond: ((k >= 2689330) AND (k <= 2689430))

table 8 : explain SELECT k, c FROM sbtest8 WHERE k BETWEEN 2689330 AND 2689430
	Bitmap Heap Scan on sbtest8  (cost=5.48..409.57 rows=102 width=125)
	  Recheck Cond: ((k >= 2689330) AND (k <= 2689430))
	  ->  Bitmap Index Scan on k_8  (cost=0.00..5.45 rows=102 width=0)
	        Index Cond: ((k >= 2689330) AND (k <= 2689430))

explain: for range-notcovered :: explain SELECT k, c FROM sbtest%d WHERE k BETWEEN 4816729 AND 4816829
for range-notcovered
table 1 : explain SELECT k, c FROM sbtest1 WHERE k BETWEEN 4961523 AND 4961623
	Bitmap Heap Scan on sbtest1  (cost=5.63..468.70 rows=117 width=125)
	  Recheck Cond: ((k >= 4961523) AND (k <= 4961623))
	  ->  Bitmap Index Scan on k_1  (cost=0.00..5.60 rows=117 width=0)
	        Index Cond: ((k >= 4961523) AND (k <= 4961623))

table 2 : explain SELECT k, c FROM sbtest2 WHERE k BETWEEN 4961523 AND 4961623
	Bitmap Heap Scan on sbtest2  (cost=5.46..401.68 rows=100 width=125)
	  Recheck Cond: ((k >= 4961523) AND (k <= 4961623))
	  ->  Bitmap Index Scan on k_2  (cost=0.00..5.43 rows=100 width=0)
	        Index Cond: ((k >= 4961523) AND (k <= 4961623))

table 3 : explain SELECT k, c FROM sbtest3 WHERE k BETWEEN 4961523 AND 4961623
	Bitmap Heap Scan on sbtest3  (cost=5.42..385.88 rows=96 width=125)
	  Recheck Cond: ((k >= 4961523) AND (k <= 4961623))
	  ->  Bitmap Index Scan on k_3  (cost=0.00..5.39 rows=96 width=0)
	        Index Cond: ((k >= 4961523) AND (k <= 4961623))

table 4 : explain SELECT k, c FROM sbtest4 WHERE k BETWEEN 4961523 AND 4961623
	Bitmap Heap Scan on sbtest4  (cost=5.55..437.19 rows=109 width=125)
	  Recheck Cond: ((k >= 4961523) AND (k <= 4961623))
	  ->  Bitmap Index Scan on k_4  (cost=0.00..5.52 rows=109 width=0)
	        Index Cond: ((k >= 4961523) AND (k <= 4961623))

table 5 : explain SELECT k, c FROM sbtest5 WHERE k BETWEEN 4961523 AND 4961623
	Bitmap Heap Scan on sbtest5  (cost=5.50..417.46 rows=104 width=125)
	  Recheck Cond: ((k >= 4961523) AND (k <= 4961623))
	  ->  Bitmap Index Scan on k_5  (cost=0.00..5.47 rows=104 width=0)
	        Index Cond: ((k >= 4961523) AND (k <= 4961623))

table 6 : explain SELECT k, c FROM sbtest6 WHERE k BETWEEN 4961523 AND 4961623
	Bitmap Heap Scan on sbtest6  (cost=5.50..417.45 rows=104 width=125)
	  Recheck Cond: ((k >= 4961523) AND (k <= 4961623))
	  ->  Bitmap Index Scan on k_6  (cost=0.00..5.47 rows=104 width=0)
	        Index Cond: ((k >= 4961523) AND (k <= 4961623))

table 7 : explain SELECT k, c FROM sbtest7 WHERE k BETWEEN 4961523 AND 4961623
	Bitmap Heap Scan on sbtest7  (cost=5.49..413.52 rows=103 width=125)
	  Recheck Cond: ((k >= 4961523) AND (k <= 4961623))
	  ->  Bitmap Index Scan on k_7  (cost=0.00..5.46 rows=103 width=0)
	        Index Cond: ((k >= 4961523) AND (k <= 4961623))

table 8 : explain SELECT k, c FROM sbtest8 WHERE k BETWEEN 4961523 AND 4961623
	Bitmap Heap Scan on sbtest8  (cost=5.37..366.15 rows=91 width=125)
	  Recheck Cond: ((k >= 4961523) AND (k <= 4961623))
	  ->  Bitmap Index Scan on k_8  (cost=0.00..5.34 rows=91 width=0)
	        Index Cond: ((k >= 4961523) AND (k <= 4961623))

for range-notcovered
table 1 : explain SELECT k, c FROM sbtest1 WHERE k BETWEEN 7738119 AND 7738219
	Bitmap Heap Scan on sbtest1  (cost=5.41..381.94 rows=95 width=125)
	  Recheck Cond: ((k >= 7738119) AND (k <= 7738219))
	  ->  Bitmap Index Scan on k_1  (cost=0.00..5.38 rows=95 width=0)
	        Index Cond: ((k >= 7738119) AND (k <= 7738219))

table 2 : explain SELECT k, c FROM sbtest2 WHERE k BETWEEN 7738119 AND 7738219
	Bitmap Heap Scan on sbtest2  (cost=5.57..445.06 rows=111 width=125)
	  Recheck Cond: ((k >= 7738119) AND (k <= 7738219))
	  ->  Bitmap Index Scan on k_2  (cost=0.00..5.54 rows=111 width=0)
	        Index Cond: ((k >= 7738119) AND (k <= 7738219))

table 3 : explain SELECT k, c FROM sbtest3 WHERE k BETWEEN 7738119 AND 7738219
	Bitmap Heap Scan on sbtest3  (cost=5.54..433.22 rows=108 width=125)
	  Recheck Cond: ((k >= 7738119) AND (k <= 7738219))
	  ->  Bitmap Index Scan on k_3  (cost=0.00..5.51 rows=108 width=0)
	        Index Cond: ((k >= 7738119) AND (k <= 7738219))

table 4 : explain SELECT k, c FROM sbtest4 WHERE k BETWEEN 7738119 AND 7738219
	Bitmap Heap Scan on sbtest4  (cost=5.46..401.69 rows=100 width=125)
	  Recheck Cond: ((k >= 7738119) AND (k <= 7738219))
	  ->  Bitmap Index Scan on k_4  (cost=0.00..5.43 rows=100 width=0)
	        Index Cond: ((k >= 7738119) AND (k <= 7738219))

table 5 : explain SELECT k, c FROM sbtest5 WHERE k BETWEEN 7738119 AND 7738219
	Bitmap Heap Scan on sbtest5  (cost=5.42..385.89 rows=96 width=125)
	  Recheck Cond: ((k >= 7738119) AND (k <= 7738219))
	  ->  Bitmap Index Scan on k_5  (cost=0.00..5.39 rows=96 width=0)
	        Index Cond: ((k >= 7738119) AND (k <= 7738219))

table 6 : explain SELECT k, c FROM sbtest6 WHERE k BETWEEN 7738119 AND 7738219
	Bitmap Heap Scan on sbtest6  (cost=5.44..393.78 rows=98 width=125)
	  Recheck Cond: ((k >= 7738119) AND (k <= 7738219))
	  ->  Bitmap Index Scan on k_6  (cost=0.00..5.42 rows=98 width=0)
	        Index Cond: ((k >= 7738119) AND (k <= 7738219))

table 7 : explain SELECT k, c FROM sbtest7 WHERE k BETWEEN 7738119 AND 7738219
	Bitmap Heap Scan on sbtest7  (cost=5.50..417.46 rows=104 width=125)
	  Recheck Cond: ((k >= 7738119) AND (k <= 7738219))
	  ->  Bitmap Index Scan on k_7  (cost=0.00..5.47 rows=104 width=0)
	        Index Cond: ((k >= 7738119) AND (k <= 7738219))

table 8 : explain SELECT k, c FROM sbtest8 WHERE k BETWEEN 7738119 AND 7738219
	Bitmap Heap Scan on sbtest8  (cost=5.45..397.73 rows=99 width=125)
	  Recheck Cond: ((k >= 7738119) AND (k <= 7738219))
	  ->  Bitmap Index Scan on k_8  (cost=0.00..5.42 rows=99 width=0)
	        Index Cond: ((k >= 7738119) AND (k <= 7738219))

explain: for range-notcovered :: explain SELECT k, c FROM sbtest%d WHERE k BETWEEN 2689330 AND 2689430
for range-notcovered
table 1 : explain SELECT k, c FROM sbtest1 WHERE k BETWEEN 3652200 AND 3652300
	Bitmap Heap Scan on sbtest1  (cost=5.45..397.73 rows=99 width=125)
	  Recheck Cond: ((k >= 3652200) AND (k <= 3652300))
	  ->  Bitmap Index Scan on k_1  (cost=0.00..5.42 rows=99 width=0)
	        Index Cond: ((k >= 3652200) AND (k <= 3652300))

table 2 : explain SELECT k, c FROM sbtest2 WHERE k BETWEEN 3652200 AND 3652300
	Bitmap Heap Scan on sbtest2  (cost=5.46..401.68 rows=100 width=125)
	  Recheck Cond: ((k >= 3652200) AND (k <= 3652300))
	  ->  Bitmap Index Scan on k_2  (cost=0.00..5.43 rows=100 width=0)
	        Index Cond: ((k >= 3652200) AND (k <= 3652300))

table 3 : explain SELECT k, c FROM sbtest3 WHERE k BETWEEN 3652200 AND 3652300
	Bitmap Heap Scan on sbtest3  (cost=5.48..409.56 rows=102 width=125)
	  Recheck Cond: ((k >= 3652200) AND (k <= 3652300))
	  ->  Bitmap Index Scan on k_3  (cost=0.00..5.45 rows=102 width=0)
	        Index Cond: ((k >= 3652200) AND (k <= 3652300))

table 4 : explain SELECT k, c FROM sbtest4 WHERE k BETWEEN 3652200 AND 3652300
	Bitmap Heap Scan on sbtest4  (cost=5.52..425.36 rows=106 width=125)
	  Recheck Cond: ((k >= 3652200) AND (k <= 3652300))
	  ->  Bitmap Index Scan on k_4  (cost=0.00..5.50 rows=106 width=0)
	        Index Cond: ((k >= 3652200) AND (k <= 3652300))

table 5 : explain SELECT k, c FROM sbtest5 WHERE k BETWEEN 3652200 AND 3652300
	Bitmap Heap Scan on sbtest5  (cost=5.55..437.18 rows=109 width=125)
	  Recheck Cond: ((k >= 3652200) AND (k <= 3652300))
	  ->  Bitmap Index Scan on k_5  (cost=0.00..5.52 rows=109 width=0)
	        Index Cond: ((k >= 3652200) AND (k <= 3652300))

table 6 : explain SELECT k, c FROM sbtest6 WHERE k BETWEEN 3652200 AND 3652300
	Bitmap Heap Scan on sbtest6  (cost=5.54..433.22 rows=108 width=125)
	  Recheck Cond: ((k >= 3652200) AND (k <= 3652300))
	  ->  Bitmap Index Scan on k_6  (cost=0.00..5.51 rows=108 width=0)
	        Index Cond: ((k >= 3652200) AND (k <= 3652300))

table 7 : explain SELECT k, c FROM sbtest7 WHERE k BETWEEN 3652200 AND 3652300
	Bitmap Heap Scan on sbtest7  (cost=5.36..362.20 rows=90 width=125)
	  Recheck Cond: ((k >= 3652200) AND (k <= 3652300))
	  ->  Bitmap Index Scan on k_7  (cost=0.00..5.33 rows=90 width=0)
	        Index Cond: ((k >= 3652200) AND (k <= 3652300))

table 8 : explain SELECT k, c FROM sbtest8 WHERE k BETWEEN 3652200 AND 3652300
	Bitmap Heap Scan on sbtest8  (cost=5.52..425.35 rows=106 width=125)
	  Recheck Cond: ((k >= 3652200) AND (k <= 3652300))
	  ->  Bitmap Index Scan on k_8  (cost=0.00..5.50 rows=106 width=0)
	        Index Cond: ((k >= 3652200) AND (k <= 3652300))

explain: for range-notcovered :: explain SELECT k, c FROM sbtest%d WHERE k BETWEEN 7738119 AND 7738219
explain: for range-notcovered :: explain SELECT k, c FROM sbtest%d WHERE k BETWEEN 4961523 AND 4961623
for range-notcovered
table 1 : explain SELECT k, c FROM sbtest1 WHERE k BETWEEN 4692475 AND 4692575
	Bitmap Heap Scan on sbtest1  (cost=5.45..397.73 rows=99 width=125)
	  Recheck Cond: ((k >= 4692475) AND (k <= 4692575))
	  ->  Bitmap Index Scan on k_1  (cost=0.00..5.42 rows=99 width=0)
	        Index Cond: ((k >= 4692475) AND (k <= 4692575))

table 2 : explain SELECT k, c FROM sbtest2 WHERE k BETWEEN 4692475 AND 4692575
	Bitmap Heap Scan on sbtest2  (cost=5.51..421.40 rows=105 width=125)
	  Recheck Cond: ((k >= 4692475) AND (k <= 4692575))
	  ->  Bitmap Index Scan on k_2  (cost=0.00..5.48 rows=105 width=0)
	        Index Cond: ((k >= 4692475) AND (k <= 4692575))

table 3 : explain SELECT k, c FROM sbtest3 WHERE k BETWEEN 4692475 AND 4692575
	Bitmap Heap Scan on sbtest3  (cost=5.41..381.94 rows=95 width=125)
	  Recheck Cond: ((k >= 4692475) AND (k <= 4692575))
	  ->  Bitmap Index Scan on k_3  (cost=0.00..5.38 rows=95 width=0)
	        Index Cond: ((k >= 4692475) AND (k <= 4692575))

table 4 : explain SELECT k, c FROM sbtest4 WHERE k BETWEEN 4692475 AND 4692575
	Bitmap Heap Scan on sbtest4  (cost=5.51..421.41 rows=105 width=125)
	  Recheck Cond: ((k >= 4692475) AND (k <= 4692575))
	  ->  Bitmap Index Scan on k_4  (cost=0.00..5.48 rows=105 width=0)
	        Index Cond: ((k >= 4692475) AND (k <= 4692575))

table 5 : explain SELECT k, c FROM sbtest5 WHERE k BETWEEN 4692475 AND 4692575
	Bitmap Heap Scan on sbtest5  (cost=5.44..393.79 rows=98 width=125)
	  Recheck Cond: ((k >= 4692475) AND (k <= 4692575))
	  ->  Bitmap Index Scan on k_5  (cost=0.00..5.42 rows=98 width=0)
	        Index Cond: ((k >= 4692475) AND (k <= 4692575))

table 6 : explain SELECT k, c FROM sbtest6 WHERE k BETWEEN 4692475 AND 4692575
	Bitmap Heap Scan on sbtest6  (cost=5.45..397.72 rows=99 width=125)
	  Recheck Cond: ((k >= 4692475) AND (k <= 4692575))
	  ->  Bitmap Index Scan on k_6  (cost=0.00..5.42 rows=99 width=0)
	        Index Cond: ((k >= 4692475) AND (k <= 4692575))

table 7 : explain SELECT k, c FROM sbtest7 WHERE k BETWEEN 4692475 AND 4692575
	Bitmap Heap Scan on sbtest7  (cost=5.53..429.29 rows=107 width=125)
	  Recheck Cond: ((k >= 4692475) AND (k <= 4692575))
	  ->  Bitmap Index Scan on k_7  (cost=0.00..5.50 rows=107 width=0)
	        Index Cond: ((k >= 4692475) AND (k <= 4692575))

table 8 : explain SELECT k, c FROM sbtest8 WHERE k BETWEEN 4692475 AND 4692575
	Bitmap Heap Scan on sbtest8  (cost=5.49..413.52 rows=103 width=125)
	  Recheck Cond: ((k >= 4692475) AND (k <= 4692575))
	  ->  Bitmap Index Scan on k_8  (cost=0.00..5.46 rows=103 width=0)
	        Index Cond: ((k >= 4692475) AND (k <= 4692575))

explain: for range-notcovered :: explain SELECT k, c FROM sbtest%d WHERE k BETWEEN 3652200 AND 3652300
for range-notcovered
table 1 : explain SELECT k, c FROM sbtest1 WHERE k BETWEEN 4404507 AND 4404607
	Bitmap Heap Scan on sbtest1  (cost=5.45..397.73 rows=99 width=125)
	  Recheck Cond: ((k >= 4404507) AND (k <= 4404607))
	  ->  Bitmap Index Scan on k_1  (cost=0.00..5.42 rows=99 width=0)
	        Index Cond: ((k >= 4404507) AND (k <= 4404607))

table 2 : explain SELECT k, c FROM sbtest2 WHERE k BETWEEN 4404507 AND 4404607
	Bitmap Heap Scan on sbtest2  (cost=5.50..417.46 rows=104 width=125)
	  Recheck Cond: ((k >= 4404507) AND (k <= 4404607))
	  ->  Bitmap Index Scan on k_2  (cost=0.00..5.47 rows=104 width=0)
	        Index Cond: ((k >= 4404507) AND (k <= 4404607))

table 3 : explain SELECT k, c FROM sbtest3 WHERE k BETWEEN 4404507 AND 4404607
	Bitmap Heap Scan on sbtest3  (cost=5.41..381.94 rows=95 width=125)
	  Recheck Cond: ((k >= 4404507) AND (k <= 4404607))
	  ->  Bitmap Index Scan on k_3  (cost=0.00..5.38 rows=95 width=0)
	        Index Cond: ((k >= 4404507) AND (k <= 4404607))

table 4 : explain SELECT k, c FROM sbtest4 WHERE k BETWEEN 4404507 AND 4404607
	Bitmap Heap Scan on sbtest4  (cost=5.48..409.58 rows=102 width=125)
	  Recheck Cond: ((k >= 4404507) AND (k <= 4404607))
	  ->  Bitmap Index Scan on k_4  (cost=0.00..5.45 rows=102 width=0)
	        Index Cond: ((k >= 4404507) AND (k <= 4404607))

table 5 : explain SELECT k, c FROM sbtest5 WHERE k BETWEEN 4404507 AND 4404607
	Bitmap Heap Scan on sbtest5  (cost=5.45..397.73 rows=99 width=125)
	  Recheck Cond: ((k >= 4404507) AND (k <= 4404607))
	  ->  Bitmap Index Scan on k_5  (cost=0.00..5.42 rows=99 width=0)
	        Index Cond: ((k >= 4404507) AND (k <= 4404607))

table 6 : explain SELECT k, c FROM sbtest6 WHERE k BETWEEN 4404507 AND 4404607
	Bitmap Heap Scan on sbtest6  (cost=5.50..417.45 rows=104 width=125)
	  Recheck Cond: ((k >= 4404507) AND (k <= 4404607))
	  ->  Bitmap Index Scan on k_6  (cost=0.00..5.47 rows=104 width=0)
	        Index Cond: ((k >= 4404507) AND (k <= 4404607))

table 7 : explain SELECT k, c FROM sbtest7 WHERE k BETWEEN 4404507 AND 4404607
	Bitmap Heap Scan on sbtest7  (cost=5.50..417.46 rows=104 width=125)
	  Recheck Cond: ((k >= 4404507) AND (k <= 4404607))
	  ->  Bitmap Index Scan on k_7  (cost=0.00..5.47 rows=104 width=0)
	        Index Cond: ((k >= 4404507) AND (k <= 4404607))

table 8 : explain SELECT k, c FROM sbtest8 WHERE k BETWEEN 4404507 AND 4404607
	Bitmap Heap Scan on sbtest8  (cost=5.49..413.52 rows=103 width=125)
	  Recheck Cond: ((k >= 4404507) AND (k <= 4404607))
	  ->  Bitmap Index Scan on k_8  (cost=0.00..5.46 rows=103 width=0)
	        Index Cond: ((k >= 4404507) AND (k <= 4404607))

for range-notcovered
table 1 : explain SELECT k, c FROM sbtest1 WHERE k BETWEEN 5049096 AND 5049196
	Bitmap Heap Scan on sbtest1  (cost=5.46..401.68 rows=100 width=125)
	  Recheck Cond: ((k >= 5049096) AND (k <= 5049196))
	  ->  Bitmap Index Scan on k_1  (cost=0.00..5.43 rows=100 width=0)
	        Index Cond: ((k >= 5049096) AND (k <= 5049196))

table 2 : explain SELECT k, c FROM sbtest2 WHERE k BETWEEN 5049096 AND 5049196
	Bitmap Heap Scan on sbtest2  (cost=5.47..405.62 rows=101 width=125)
	  Recheck Cond: ((k >= 5049096) AND (k <= 5049196))
	  ->  Bitmap Index Scan on k_2  (cost=0.00..5.44 rows=101 width=0)
	        Index Cond: ((k >= 5049096) AND (k <= 5049196))

table 3 : explain SELECT k, c FROM sbtest3 WHERE k BETWEEN 5049096 AND 5049196
	Bitmap Heap Scan on sbtest3  (cost=5.48..409.56 rows=102 width=125)
	  Recheck Cond: ((k >= 5049096) AND (k <= 5049196))
	  ->  Bitmap Index Scan on k_3  (cost=0.00..5.45 rows=102 width=0)
	        Index Cond: ((k >= 5049096) AND (k <= 5049196))

table 4 : explain SELECT k, c FROM sbtest4 WHERE k BETWEEN 5049096 AND 5049196
	Bitmap Heap Scan on sbtest4  (cost=5.49..413.52 rows=103 width=125)
	  Recheck Cond: ((k >= 5049096) AND (k <= 5049196))
	  ->  Bitmap Index Scan on k_4  (cost=0.00..5.46 rows=103 width=0)
	        Index Cond: ((k >= 5049096) AND (k <= 5049196))

table 5 : explain SELECT k, c FROM sbtest5 WHERE k BETWEEN 5049096 AND 5049196
	Bitmap Heap Scan on sbtest5  (cost=5.63..468.71 rows=117 width=125)
	  Recheck Cond: ((k >= 5049096) AND (k <= 5049196))
	  ->  Bitmap Index Scan on k_5  (cost=0.00..5.60 rows=117 width=0)
	        Index Cond: ((k >= 5049096) AND (k <= 5049196))

table 6 : explain SELECT k, c FROM sbtest6 WHERE k BETWEEN 5049096 AND 5049196
	Bitmap Heap Scan on sbtest6  (cost=5.44..393.78 rows=98 width=125)
	  Recheck Cond: ((k >= 5049096) AND (k <= 5049196))
	  ->  Bitmap Index Scan on k_6  (cost=0.00..5.42 rows=98 width=0)
	        Index Cond: ((k >= 5049096) AND (k <= 5049196))

table 7 : explain SELECT k, c FROM sbtest7 WHERE k BETWEEN 5049096 AND 5049196
	Bitmap Heap Scan on sbtest7  (cost=5.41..381.94 rows=95 width=125)
	  Recheck Cond: ((k >= 5049096) AND (k <= 5049196))
	  ->  Bitmap Index Scan on k_7  (cost=0.00..5.38 rows=95 width=0)
	        Index Cond: ((k >= 5049096) AND (k <= 5049196))

table 8 : explain SELECT k, c FROM sbtest8 WHERE k BETWEEN 5049096 AND 5049196
	Bitmap Heap Scan on sbtest8  (cost=5.57..445.06 rows=111 width=125)
	  Recheck Cond: ((k >= 5049096) AND (k <= 5049196))
	  ->  Bitmap Index Scan on k_8  (cost=0.00..5.54 rows=111 width=0)
	        Index Cond: ((k >= 5049096) AND (k <= 5049196))

explain: for range-notcovered :: explain SELECT k, c FROM sbtest%d WHERE k BETWEEN 4692475 AND 4692575
for range-notcovered
table 1 : explain SELECT k, c FROM sbtest1 WHERE k BETWEEN 7980482 AND 7980582
	Bitmap Heap Scan on sbtest1  (cost=5.47..405.62 rows=101 width=125)
	  Recheck Cond: ((k >= 7980482) AND (k <= 7980582))
	  ->  Bitmap Index Scan on k_1  (cost=0.00..5.44 rows=101 width=0)
	        Index Cond: ((k >= 7980482) AND (k <= 7980582))

table 2 : explain SELECT k, c FROM sbtest2 WHERE k BETWEEN 7980482 AND 7980582
	Bitmap Heap Scan on sbtest2  (cost=5.58..449.00 rows=112 width=125)
	  Recheck Cond: ((k >= 7980482) AND (k <= 7980582))
	  ->  Bitmap Index Scan on k_2  (cost=0.00..5.55 rows=112 width=0)
	        Index Cond: ((k >= 7980482) AND (k <= 7980582))

table 3 : explain SELECT k, c FROM sbtest3 WHERE k BETWEEN 7980482 AND 7980582
	Bitmap Heap Scan on sbtest3  (cost=5.63..468.69 rows=117 width=125)
	  Recheck Cond: ((k >= 7980482) AND (k <= 7980582))
	  ->  Bitmap Index Scan on k_3  (cost=0.00..5.60 rows=117 width=0)
	        Index Cond: ((k >= 7980482) AND (k <= 7980582))

table 4 : explain SELECT k, c FROM sbtest4 WHERE k BETWEEN 7980482 AND 7980582
	Bitmap Heap Scan on sbtest4  (cost=5.40..378.00 rows=94 width=125)
	  Recheck Cond: ((k >= 7980482) AND (k <= 7980582))
	  ->  Bitmap Index Scan on k_4  (cost=0.00..5.38 rows=94 width=0)
	        Index Cond: ((k >= 7980482) AND (k <= 7980582))

table 5 : explain SELECT k, c FROM sbtest5 WHERE k BETWEEN 7980482 AND 7980582
	Bitmap Heap Scan on sbtest5  (cost=5.70..492.34 rows=123 width=125)
	  Recheck Cond: ((k >= 7980482) AND (k <= 7980582))
	  ->  Bitmap Index Scan on k_5  (cost=0.00..5.67 rows=123 width=0)
	        Index Cond: ((k >= 7980482) AND (k <= 7980582))

table 6 : explain SELECT k, c FROM sbtest6 WHERE k BETWEEN 7980482 AND 7980582
	Bitmap Heap Scan on sbtest6  (cost=5.41..381.93 rows=95 width=125)
	  Recheck Cond: ((k >= 7980482) AND (k <= 7980582))
	  ->  Bitmap Index Scan on k_6  (cost=0.00..5.38 rows=95 width=0)
	        Index Cond: ((k >= 7980482) AND (k <= 7980582))

table 7 : explain SELECT k, c FROM sbtest7 WHERE k BETWEEN 7980482 AND 7980582
	Bitmap Heap Scan on sbtest7  (cost=5.47..405.63 rows=101 width=125)
	  Recheck Cond: ((k >= 7980482) AND (k <= 7980582))
	  ->  Bitmap Index Scan on k_7  (cost=0.00..5.44 rows=101 width=0)
	        Index Cond: ((k >= 7980482) AND (k <= 7980582))

table 8 : explain SELECT k, c FROM sbtest8 WHERE k BETWEEN 7980482 AND 7980582
	Bitmap Heap Scan on sbtest8  (cost=5.38..370.10 rows=92 width=125)
	  Recheck Cond: ((k >= 7980482) AND (k <= 7980582))
	  ->  Bitmap Index Scan on k_8  (cost=0.00..5.35 rows=92 width=0)
	        Index Cond: ((k >= 7980482) AND (k <= 7980582))

for range-notcovered
table 1 : explain SELECT k, c FROM sbtest1 WHERE k BETWEEN 4399955 AND 4400055
	Bitmap Heap Scan on sbtest1  (cost=5.45..397.73 rows=99 width=125)
	  Recheck Cond: ((k >= 4399955) AND (k <= 4400055))
	  ->  Bitmap Index Scan on k_1  (cost=0.00..5.42 rows=99 width=0)
	        Index Cond: ((k >= 4399955) AND (k <= 4400055))

table 2 : explain SELECT k, c FROM sbtest2 WHERE k BETWEEN 4399955 AND 4400055
	Bitmap Heap Scan on sbtest2  (cost=5.50..417.46 rows=104 width=125)
	  Recheck Cond: ((k >= 4399955) AND (k <= 4400055))
	  ->  Bitmap Index Scan on k_2  (cost=0.00..5.47 rows=104 width=0)
	        Index Cond: ((k >= 4399955) AND (k <= 4400055))

table 3 : explain SELECT k, c FROM sbtest3 WHERE k BETWEEN 4399955 AND 4400055
	Bitmap Heap Scan on sbtest3  (cost=5.41..381.94 rows=95 width=125)
	  Recheck Cond: ((k >= 4399955) AND (k <= 4400055))
	  ->  Bitmap Index Scan on k_3  (cost=0.00..5.38 rows=95 width=0)
	        Index Cond: ((k >= 4399955) AND (k <= 4400055))

table 4 : explain SELECT k, c FROM sbtest4 WHERE k BETWEEN 4399955 AND 4400055
	Bitmap Heap Scan on sbtest4  (cost=5.48..409.58 rows=102 width=125)
	  Recheck Cond: ((k >= 4399955) AND (k <= 4400055))
	  ->  Bitmap Index Scan on k_4  (cost=0.00..5.45 rows=102 width=0)
	        Index Cond: ((k >= 4399955) AND (k <= 4400055))

table 5 : explain SELECT k, c FROM sbtest5 WHERE k BETWEEN 4399955 AND 4400055
	Bitmap Heap Scan on sbtest5  (cost=5.45..397.73 rows=99 width=125)
	  Recheck Cond: ((k >= 4399955) AND (k <= 4400055))
	  ->  Bitmap Index Scan on k_5  (cost=0.00..5.42 rows=99 width=0)
	        Index Cond: ((k >= 4399955) AND (k <= 4400055))

table 6 : explain SELECT k, c FROM sbtest6 WHERE k BETWEEN 4399955 AND 4400055
	Bitmap Heap Scan on sbtest6  (cost=5.50..417.45 rows=104 width=125)
	  Recheck Cond: ((k >= 4399955) AND (k <= 4400055))
	  ->  Bitmap Index Scan on k_6  (cost=0.00..5.47 rows=104 width=0)
	        Index Cond: ((k >= 4399955) AND (k <= 4400055))

table 7 : explain SELECT k, c FROM sbtest7 WHERE k BETWEEN 4399955 AND 4400055
	Bitmap Heap Scan on sbtest7  (cost=5.50..417.46 rows=104 width=125)
	  Recheck Cond: ((k >= 4399955) AND (k <= 4400055))
	  ->  Bitmap Index Scan on k_7  (cost=0.00..5.47 rows=104 width=0)
	        Index Cond: ((k >= 4399955) AND (k <= 4400055))

table 8 : explain SELECT k, c FROM sbtest8 WHERE k BETWEEN 4399955 AND 4400055
	Bitmap Heap Scan on sbtest8  (cost=5.49..413.52 rows=103 width=125)
	  Recheck Cond: ((k >= 4399955) AND (k <= 4400055))
	  ->  Bitmap Index Scan on k_8  (cost=0.00..5.46 rows=103 width=0)
	        Index Cond: ((k >= 4399955) AND (k <= 4400055))

explain: for range-notcovered :: explain SELECT k, c FROM sbtest%d WHERE k BETWEEN 4404507 AND 4404607
explain: for range-notcovered :: explain SELECT k, c FROM sbtest%d WHERE k BETWEEN 5049096 AND 5049196
explain: for range-notcovered :: explain SELECT k, c FROM sbtest%d WHERE k BETWEEN 7980482 AND 7980582
explain: for range-notcovered :: explain SELECT k, c FROM sbtest%d WHERE k BETWEEN 4399955 AND 4400055
for range-notcovered
table 1 : explain SELECT k, c FROM sbtest1 WHERE k BETWEEN 1519737 AND 1519837
	Bitmap Heap Scan on sbtest1  (cost=5.45..397.73 rows=99 width=125)
	  Recheck Cond: ((k >= 1519737) AND (k <= 1519837))
	  ->  Bitmap Index Scan on k_1  (cost=0.00..5.42 rows=99 width=0)
	        Index Cond: ((k >= 1519737) AND (k <= 1519837))

table 2 : explain SELECT k, c FROM sbtest2 WHERE k BETWEEN 1519737 AND 1519837
	Bitmap Heap Scan on sbtest2  (cost=5.52..425.35 rows=106 width=125)
	  Recheck Cond: ((k >= 1519737) AND (k <= 1519837))
	  ->  Bitmap Index Scan on k_2  (cost=0.00..5.50 rows=106 width=0)
	        Index Cond: ((k >= 1519737) AND (k <= 1519837))

table 3 : explain SELECT k, c FROM sbtest3 WHERE k BETWEEN 1519737 AND 1519837
	Bitmap Heap Scan on sbtest3  (cost=5.50..417.45 rows=104 width=125)
	  Recheck Cond: ((k >= 1519737) AND (k <= 1519837))
	  ->  Bitmap Index Scan on k_3  (cost=0.00..5.47 rows=104 width=0)
	        Index Cond: ((k >= 1519737) AND (k <= 1519837))

table 4 : explain SELECT k, c FROM sbtest4 WHERE k BETWEEN 1519737 AND 1519837
	Bitmap Heap Scan on sbtest4  (cost=5.39..374.05 rows=93 width=125)
	  Recheck Cond: ((k >= 1519737) AND (k <= 1519837))
	  ->  Bitmap Index Scan on k_4  (cost=0.00..5.36 rows=93 width=0)
	        Index Cond: ((k >= 1519737) AND (k <= 1519837))

table 5 : explain SELECT k, c FROM sbtest5 WHERE k BETWEEN 1519737 AND 1519837
	Bitmap Heap Scan on sbtest5  (cost=5.52..425.35 rows=106 width=125)
	  Recheck Cond: ((k >= 1519737) AND (k <= 1519837))
	  ->  Bitmap Index Scan on k_5  (cost=0.00..5.50 rows=106 width=0)
	        Index Cond: ((k >= 1519737) AND (k <= 1519837))

table 6 : explain SELECT k, c FROM sbtest6 WHERE k BETWEEN 1519737 AND 1519837
	Bitmap Heap Scan on sbtest6  (cost=5.44..393.78 rows=98 width=125)
	  Recheck Cond: ((k >= 1519737) AND (k <= 1519837))
	  ->  Bitmap Index Scan on k_6  (cost=0.00..5.42 rows=98 width=0)
	        Index Cond: ((k >= 1519737) AND (k <= 1519837))

table 7 : explain SELECT k, c FROM sbtest7 WHERE k BETWEEN 1519737 AND 1519837
	Bitmap Heap Scan on sbtest7  (cost=5.70..492.34 rows=123 width=125)
	  Recheck Cond: ((k >= 1519737) AND (k <= 1519837))
	  ->  Bitmap Index Scan on k_7  (cost=0.00..5.67 rows=123 width=0)
	        Index Cond: ((k >= 1519737) AND (k <= 1519837))

table 8 : explain SELECT k, c FROM sbtest8 WHERE k BETWEEN 1519737 AND 1519837
	Bitmap Heap Scan on sbtest8  (cost=5.55..437.18 rows=109 width=125)
	  Recheck Cond: ((k >= 1519737) AND (k <= 1519837))
	  ->  Bitmap Index Scan on k_8  (cost=0.00..5.52 rows=109 width=0)
	        Index Cond: ((k >= 1519737) AND (k <= 1519837))

for range-notcovered
table 1 : explain SELECT k, c FROM sbtest1 WHERE k BETWEEN 3643322 AND 3643422
	Bitmap Heap Scan on sbtest1  (cost=5.45..397.73 rows=99 width=125)
	  Recheck Cond: ((k >= 3643322) AND (k <= 3643422))
	  ->  Bitmap Index Scan on k_1  (cost=0.00..5.42 rows=99 width=0)
	        Index Cond: ((k >= 3643322) AND (k <= 3643422))

table 2 : explain SELECT k, c FROM sbtest2 WHERE k BETWEEN 3643322 AND 3643422
	Bitmap Heap Scan on sbtest2  (cost=5.46..401.68 rows=100 width=125)
	  Recheck Cond: ((k >= 3643322) AND (k <= 3643422))
	  ->  Bitmap Index Scan on k_2  (cost=0.00..5.43 rows=100 width=0)
	        Index Cond: ((k >= 3643322) AND (k <= 3643422))

table 3 : explain SELECT k, c FROM sbtest3 WHERE k BETWEEN 3643322 AND 3643422
	Bitmap Heap Scan on sbtest3  (cost=5.48..409.56 rows=102 width=125)
	  Recheck Cond: ((k >= 3643322) AND (k <= 3643422))
	  ->  Bitmap Index Scan on k_3  (cost=0.00..5.45 rows=102 width=0)
	        Index Cond: ((k >= 3643322) AND (k <= 3643422))

table 4 : explain SELECT k, c FROM sbtest4 WHERE k BETWEEN 3643322 AND 3643422
	Bitmap Heap Scan on sbtest4  (cost=5.52..425.36 rows=106 width=125)
	  Recheck Cond: ((k >= 3643322) AND (k <= 3643422))
	  ->  Bitmap Index Scan on k_4  (cost=0.00..5.50 rows=106 width=0)
	        Index Cond: ((k >= 3643322) AND (k <= 3643422))

table 5 : explain SELECT k, c FROM sbtest5 WHERE k BETWEEN 3643322 AND 3643422
	Bitmap Heap Scan on sbtest5  (cost=5.55..437.18 rows=109 width=125)
	  Recheck Cond: ((k >= 3643322) AND (k <= 3643422))
	  ->  Bitmap Index Scan on k_5  (cost=0.00..5.52 rows=109 width=0)
	        Index Cond: ((k >= 3643322) AND (k <= 3643422))

table 6 : explain SELECT k, c FROM sbtest6 WHERE k BETWEEN 3643322 AND 3643422
	Bitmap Heap Scan on sbtest6  (cost=5.54..433.22 rows=108 width=125)
	  Recheck Cond: ((k >= 3643322) AND (k <= 3643422))
	  ->  Bitmap Index Scan on k_6  (cost=0.00..5.51 rows=108 width=0)
	        Index Cond: ((k >= 3643322) AND (k <= 3643422))

table 7 : explain SELECT k, c FROM sbtest7 WHERE k BETWEEN 3643322 AND 3643422
	Bitmap Heap Scan on sbtest7  (cost=5.36..362.20 rows=90 width=125)
	  Recheck Cond: ((k >= 3643322) AND (k <= 3643422))
	  ->  Bitmap Index Scan on k_7  (cost=0.00..5.33 rows=90 width=0)
	        Index Cond: ((k >= 3643322) AND (k <= 3643422))

table 8 : explain SELECT k, c FROM sbtest8 WHERE k BETWEEN 3643322 AND 3643422
	Bitmap Heap Scan on sbtest8  (cost=5.52..425.35 rows=106 width=125)
	  Recheck Cond: ((k >= 3643322) AND (k <= 3643422))
	  ->  Bitmap Index Scan on k_8  (cost=0.00..5.50 rows=106 width=0)
	        Index Cond: ((k >= 3643322) AND (k <= 3643422))

for range-notcovered
table 1 : explain SELECT k, c FROM sbtest1 WHERE k BETWEEN 931144 AND 931244
	Bitmap Heap Scan on sbtest1  (cost=5.50..417.46 rows=104 width=125)
	  Recheck Cond: ((k >= 931144) AND (k <= 931244))
	  ->  Bitmap Index Scan on k_1  (cost=0.00..5.47 rows=104 width=0)
	        Index Cond: ((k >= 931144) AND (k <= 931244))

table 2 : explain SELECT k, c FROM sbtest2 WHERE k BETWEEN 931144 AND 931244
	Bitmap Heap Scan on sbtest2  (cost=5.48..409.57 rows=102 width=125)
	  Recheck Cond: ((k >= 931144) AND (k <= 931244))
	  ->  Bitmap Index Scan on k_2  (cost=0.00..5.45 rows=102 width=0)
	        Index Cond: ((k >= 931144) AND (k <= 931244))

table 3 : explain SELECT k, c FROM sbtest3 WHERE k BETWEEN 931144 AND 931244
	Bitmap Heap Scan on sbtest3  (cost=5.47..405.62 rows=101 width=125)
	  Recheck Cond: ((k >= 931144) AND (k <= 931244))
	  ->  Bitmap Index Scan on k_3  (cost=0.00..5.44 rows=101 width=0)
	        Index Cond: ((k >= 931144) AND (k <= 931244))

table 4 : explain SELECT k, c FROM sbtest4 WHERE k BETWEEN 931144 AND 931244
	Bitmap Heap Scan on sbtest4  (cost=5.46..401.69 rows=100 width=125)
	  Recheck Cond: ((k >= 931144) AND (k <= 931244))
	  ->  Bitmap Index Scan on k_4  (cost=0.00..5.43 rows=100 width=0)
	        Index Cond: ((k >= 931144) AND (k <= 931244))

table 5 : explain SELECT k, c FROM sbtest5 WHERE k BETWEEN 931144 AND 931244
	Bitmap Heap Scan on sbtest5  (cost=5.55..437.18 rows=109 width=125)
	  Recheck Cond: ((k >= 931144) AND (k <= 931244))
	  ->  Bitmap Index Scan on k_5  (cost=0.00..5.52 rows=109 width=0)
	        Index Cond: ((k >= 931144) AND (k <= 931244))

table 6 : explain SELECT k, c FROM sbtest6 WHERE k BETWEEN 931144 AND 931244
	Bitmap Heap Scan on sbtest6  (cost=5.42..385.88 rows=96 width=125)
	  Recheck Cond: ((k >= 931144) AND (k <= 931244))
	  ->  Bitmap Index Scan on k_6  (cost=0.00..5.39 rows=96 width=0)
	        Index Cond: ((k >= 931144) AND (k <= 931244))

table 7 : explain SELECT k, c FROM sbtest7 WHERE k BETWEEN 931144 AND 931244
	Bitmap Heap Scan on sbtest7  (cost=5.54..433.24 rows=108 width=125)
	  Recheck Cond: ((k >= 931144) AND (k <= 931244))
	  ->  Bitmap Index Scan on k_7  (cost=0.00..5.51 rows=108 width=0)
	        Index Cond: ((k >= 931144) AND (k <= 931244))

table 8 : explain SELECT k, c FROM sbtest8 WHERE k BETWEEN 931144 AND 931244
	Bitmap Heap Scan on sbtest8  (cost=5.46..401.68 rows=100 width=125)
	  Recheck Cond: ((k >= 931144) AND (k <= 931244))
	  ->  Bitmap Index Scan on k_8  (cost=0.00..5.43 rows=100 width=0)
	        Index Cond: ((k >= 931144) AND (k <= 931244))

explain: for range-notcovered :: explain SELECT k, c FROM sbtest%d WHERE k BETWEEN 1519737 AND 1519837
explain: for range-notcovered :: explain SELECT k, c FROM sbtest%d WHERE k BETWEEN 3643322 AND 3643422
for range-notcovered
table 1 : explain SELECT k, c FROM sbtest1 WHERE k BETWEEN 3177838 AND 3177938
	Bitmap Heap Scan on sbtest1  (cost=5.55..437.17 rows=109 width=125)
	  Recheck Cond: ((k >= 3177838) AND (k <= 3177938))
	  ->  Bitmap Index Scan on k_1  (cost=0.00..5.52 rows=109 width=0)
	        Index Cond: ((k >= 3177838) AND (k <= 3177938))

table 2 : explain SELECT k, c FROM sbtest2 WHERE k BETWEEN 3177838 AND 3177938
	Bitmap Heap Scan on sbtest2  (cost=5.44..393.79 rows=98 width=125)
	  Recheck Cond: ((k >= 3177838) AND (k <= 3177938))
	  ->  Bitmap Index Scan on k_2  (cost=0.00..5.42 rows=98 width=0)
	        Index Cond: ((k >= 3177838) AND (k <= 3177938))

table 3 : explain SELECT k, c FROM sbtest3 WHERE k BETWEEN 3177838 AND 3177938
	Bitmap Heap Scan on sbtest3  (cost=5.49..413.51 rows=103 width=125)
	  Recheck Cond: ((k >= 3177838) AND (k <= 3177938))
	  ->  Bitmap Index Scan on k_3  (cost=0.00..5.46 rows=103 width=0)
	        Index Cond: ((k >= 3177838) AND (k <= 3177938))

table 4 : explain SELECT k, c FROM sbtest4 WHERE k BETWEEN 3177838 AND 3177938
	Bitmap Heap Scan on sbtest4  (cost=5.54..433.24 rows=108 width=125)
	  Recheck Cond: ((k >= 3177838) AND (k <= 3177938))
	  ->  Bitmap Index Scan on k_4  (cost=0.00..5.51 rows=108 width=0)
	        Index Cond: ((k >= 3177838) AND (k <= 3177938))

table 5 : explain SELECT k, c FROM sbtest5 WHERE k BETWEEN 3177838 AND 3177938
	Bitmap Heap Scan on sbtest5  (cost=5.46..401.68 rows=100 width=125)
	  Recheck Cond: ((k >= 3177838) AND (k <= 3177938))
	  ->  Bitmap Index Scan on k_5  (cost=0.00..5.43 rows=100 width=0)
	        Index Cond: ((k >= 3177838) AND (k <= 3177938))

table 6 : explain SELECT k, c FROM sbtest6 WHERE k BETWEEN 3177838 AND 3177938
	Bitmap Heap Scan on sbtest6  (cost=5.58..448.99 rows=112 width=125)
	  Recheck Cond: ((k >= 3177838) AND (k <= 3177938))
	  ->  Bitmap Index Scan on k_6  (cost=0.00..5.55 rows=112 width=0)
	        Index Cond: ((k >= 3177838) AND (k <= 3177938))

table 7 : explain SELECT k, c FROM sbtest7 WHERE k BETWEEN 3177838 AND 3177938
	Bitmap Heap Scan on sbtest7  (cost=5.45..397.73 rows=99 width=125)
	  Recheck Cond: ((k >= 3177838) AND (k <= 3177938))
	  ->  Bitmap Index Scan on k_7  (cost=0.00..5.42 rows=99 width=0)
	        Index Cond: ((k >= 3177838) AND (k <= 3177938))

table 8 : explain SELECT k, c FROM sbtest8 WHERE k BETWEEN 3177838 AND 3177938
	Bitmap Heap Scan on sbtest8  (cost=5.51..421.40 rows=105 width=125)
	  Recheck Cond: ((k >= 3177838) AND (k <= 3177938))
	  ->  Bitmap Index Scan on k_8  (cost=0.00..5.48 rows=105 width=0)
	        Index Cond: ((k >= 3177838) AND (k <= 3177938))

explain: for range-notcovered :: explain SELECT k, c FROM sbtest%d WHERE k BETWEEN 931144 AND 931244
for range-notcovered
table 1 : explain SELECT k, c FROM sbtest1 WHERE k BETWEEN 4233174 AND 4233274
	Bitmap Heap Scan on sbtest1  (cost=5.42..385.89 rows=96 width=125)
	  Recheck Cond: ((k >= 4233174) AND (k <= 4233274))
	  ->  Bitmap Index Scan on k_1  (cost=0.00..5.39 rows=96 width=0)
	        Index Cond: ((k >= 4233174) AND (k <= 4233274))

table 2 : explain SELECT k, c FROM sbtest2 WHERE k BETWEEN 4233174 AND 4233274
	Bitmap Heap Scan on sbtest2  (cost=5.47..405.62 rows=101 width=125)
	  Recheck Cond: ((k >= 4233174) AND (k <= 4233274))
	  ->  Bitmap Index Scan on k_2  (cost=0.00..5.44 rows=101 width=0)
	        Index Cond: ((k >= 4233174) AND (k <= 4233274))

table 3 : explain SELECT k, c FROM sbtest3 WHERE k BETWEEN 4233174 AND 4233274
	Bitmap Heap Scan on sbtest3  (cost=5.46..401.67 rows=100 width=125)
	  Recheck Cond: ((k >= 4233174) AND (k <= 4233274))
	  ->  Bitmap Index Scan on k_3  (cost=0.00..5.43 rows=100 width=0)
	        Index Cond: ((k >= 4233174) AND (k <= 4233274))

table 4 : explain SELECT k, c FROM sbtest4 WHERE k BETWEEN 4233174 AND 4233274
	Bitmap Heap Scan on sbtest4  (cost=5.53..429.30 rows=107 width=125)
	  Recheck Cond: ((k >= 4233174) AND (k <= 4233274))
	  ->  Bitmap Index Scan on k_4  (cost=0.00..5.50 rows=107 width=0)
	        Index Cond: ((k >= 4233174) AND (k <= 4233274))

table 5 : explain SELECT k, c FROM sbtest5 WHERE k BETWEEN 4233174 AND 4233274
	Bitmap Heap Scan on sbtest5  (cost=5.64..472.64 rows=118 width=125)
	  Recheck Cond: ((k >= 4233174) AND (k <= 4233274))
	  ->  Bitmap Index Scan on k_5  (cost=0.00..5.61 rows=118 width=0)
	        Index Cond: ((k >= 4233174) AND (k <= 4233274))

table 6 : explain SELECT k, c FROM sbtest6 WHERE k BETWEEN 4233174 AND 4233274
	Bitmap Heap Scan on sbtest6  (cost=5.49..413.50 rows=103 width=125)
	  Recheck Cond: ((k >= 4233174) AND (k <= 4233274))
	  ->  Bitmap Index Scan on k_6  (cost=0.00..5.46 rows=103 width=0)
	        Index Cond: ((k >= 4233174) AND (k <= 4233274))

table 7 : explain SELECT k, c FROM sbtest7 WHERE k BETWEEN 4233174 AND 4233274
	Bitmap Heap Scan on sbtest7  (cost=5.52..425.35 rows=106 width=125)
	  Recheck Cond: ((k >= 4233174) AND (k <= 4233274))
	  ->  Bitmap Index Scan on k_7  (cost=0.00..5.50 rows=106 width=0)
	        Index Cond: ((k >= 4233174) AND (k <= 4233274))

table 8 : explain SELECT k, c FROM sbtest8 WHERE k BETWEEN 4233174 AND 4233274
	Bitmap Heap Scan on sbtest8  (cost=5.41..381.94 rows=95 width=125)
	  Recheck Cond: ((k >= 4233174) AND (k <= 4233274))
	  ->  Bitmap Index Scan on k_8  (cost=0.00..5.38 rows=95 width=0)
	        Index Cond: ((k >= 4233174) AND (k <= 4233274))

for range-notcovered
table 1 : explain SELECT k, c FROM sbtest1 WHERE k BETWEEN 2288614 AND 2288714
	Bitmap Heap Scan on sbtest1  (cost=5.56..441.12 rows=110 width=125)
	  Recheck Cond: ((k >= 2288614) AND (k <= 2288714))
	  ->  Bitmap Index Scan on k_1  (cost=0.00..5.53 rows=110 width=0)
	        Index Cond: ((k >= 2288614) AND (k <= 2288714))

table 2 : explain SELECT k, c FROM sbtest2 WHERE k BETWEEN 2288614 AND 2288714
	Bitmap Heap Scan on sbtest2  (cost=5.41..381.94 rows=95 width=125)
	  Recheck Cond: ((k >= 2288614) AND (k <= 2288714))
	  ->  Bitmap Index Scan on k_2  (cost=0.00..5.38 rows=95 width=0)
	        Index Cond: ((k >= 2288614) AND (k <= 2288714))

table 3 : explain SELECT k, c FROM sbtest3 WHERE k BETWEEN 2288614 AND 2288714
	Bitmap Heap Scan on sbtest3  (cost=5.49..413.51 rows=103 width=125)
	  Recheck Cond: ((k >= 2288614) AND (k <= 2288714))
	  ->  Bitmap Index Scan on k_3  (cost=0.00..5.46 rows=103 width=0)
	        Index Cond: ((k >= 2288614) AND (k <= 2288714))

table 4 : explain SELECT k, c FROM sbtest4 WHERE k BETWEEN 2288614 AND 2288714
	Bitmap Heap Scan on sbtest4  (cost=5.35..358.25 rows=89 width=125)
	  Recheck Cond: ((k >= 2288614) AND (k <= 2288714))
	  ->  Bitmap Index Scan on k_4  (cost=0.00..5.32 rows=89 width=0)
	        Index Cond: ((k >= 2288614) AND (k <= 2288714))

table 5 : explain SELECT k, c FROM sbtest5 WHERE k BETWEEN 2288614 AND 2288714
	Bitmap Heap Scan on sbtest5  (cost=5.53..429.29 rows=107 width=125)
	  Recheck Cond: ((k >= 2288614) AND (k <= 2288714))
	  ->  Bitmap Index Scan on k_5  (cost=0.00..5.50 rows=107 width=0)
	        Index Cond: ((k >= 2288614) AND (k <= 2288714))

table 6 : explain SELECT k, c FROM sbtest6 WHERE k BETWEEN 2288614 AND 2288714
	Bitmap Heap Scan on sbtest6  (cost=5.48..409.56 rows=102 width=125)
	  Recheck Cond: ((k >= 2288614) AND (k <= 2288714))
	  ->  Bitmap Index Scan on k_6  (cost=0.00..5.45 rows=102 width=0)
	        Index Cond: ((k >= 2288614) AND (k <= 2288714))

table 7 : explain SELECT k, c FROM sbtest7 WHERE k BETWEEN 2288614 AND 2288714
	Bitmap Heap Scan on sbtest7  (cost=5.50..417.46 rows=104 width=125)
	  Recheck Cond: ((k >= 2288614) AND (k <= 2288714))
	  ->  Bitmap Index Scan on k_7  (cost=0.00..5.47 rows=104 width=0)
	        Index Cond: ((k >= 2288614) AND (k <= 2288714))

table 8 : explain SELECT k, c FROM sbtest8 WHERE k BETWEEN 2288614 AND 2288714
	Bitmap Heap Scan on sbtest8  (cost=5.46..401.68 rows=100 width=125)
	  Recheck Cond: ((k >= 2288614) AND (k <= 2288714))
	  ->  Bitmap Index Scan on k_8  (cost=0.00..5.43 rows=100 width=0)
	        Index Cond: ((k >= 2288614) AND (k <= 2288714))

explain: for range-notcovered :: explain SELECT k, c FROM sbtest%d WHERE k BETWEEN 3177838 AND 3177938
for range-notcovered
table 1 : explain SELECT k, c FROM sbtest1 WHERE k BETWEEN 4395274 AND 4395374
	Bitmap Heap Scan on sbtest1  (cost=5.45..397.73 rows=99 width=125)
	  Recheck Cond: ((k >= 4395274) AND (k <= 4395374))
	  ->  Bitmap Index Scan on k_1  (cost=0.00..5.42 rows=99 width=0)
	        Index Cond: ((k >= 4395274) AND (k <= 4395374))

table 2 : explain SELECT k, c FROM sbtest2 WHERE k BETWEEN 4395274 AND 4395374
	Bitmap Heap Scan on sbtest2  (cost=5.50..417.46 rows=104 width=125)
	  Recheck Cond: ((k >= 4395274) AND (k <= 4395374))
	  ->  Bitmap Index Scan on k_2  (cost=0.00..5.47 rows=104 width=0)
	        Index Cond: ((k >= 4395274) AND (k <= 4395374))

table 3 : explain SELECT k, c FROM sbtest3 WHERE k BETWEEN 4395274 AND 4395374
	Bitmap Heap Scan on sbtest3  (cost=5.41..381.94 rows=95 width=125)
	  Recheck Cond: ((k >= 4395274) AND (k <= 4395374))
	  ->  Bitmap Index Scan on k_3  (cost=0.00..5.38 rows=95 width=0)
	        Index Cond: ((k >= 4395274) AND (k <= 4395374))

table 4 : explain SELECT k, c FROM sbtest4 WHERE k BETWEEN 4395274 AND 4395374
	Bitmap Heap Scan on sbtest4  (cost=5.48..409.58 rows=102 width=125)
	  Recheck Cond: ((k >= 4395274) AND (k <= 4395374))
	  ->  Bitmap Index Scan on k_4  (cost=0.00..5.45 rows=102 width=0)
	        Index Cond: ((k >= 4395274) AND (k <= 4395374))

table 5 : explain SELECT k, c FROM sbtest5 WHERE k BETWEEN 4395274 AND 4395374
	Bitmap Heap Scan on sbtest5  (cost=5.45..397.73 rows=99 width=125)
	  Recheck Cond: ((k >= 4395274) AND (k <= 4395374))
	  ->  Bitmap Index Scan on k_5  (cost=0.00..5.42 rows=99 width=0)
	        Index Cond: ((k >= 4395274) AND (k <= 4395374))

table 6 : explain SELECT k, c FROM sbtest6 WHERE k BETWEEN 4395274 AND 4395374
	Bitmap Heap Scan on sbtest6  (cost=5.50..417.45 rows=104 width=125)
	  Recheck Cond: ((k >= 4395274) AND (k <= 4395374))
	  ->  Bitmap Index Scan on k_6  (cost=0.00..5.47 rows=104 width=0)
	        Index Cond: ((k >= 4395274) AND (k <= 4395374))

table 7 : explain SELECT k, c FROM sbtest7 WHERE k BETWEEN 4395274 AND 4395374
	Bitmap Heap Scan on sbtest7  (cost=5.50..417.46 rows=104 width=125)
	  Recheck Cond: ((k >= 4395274) AND (k <= 4395374))
	  ->  Bitmap Index Scan on k_7  (cost=0.00..5.47 rows=104 width=0)
	        Index Cond: ((k >= 4395274) AND (k <= 4395374))

table 8 : explain SELECT k, c FROM sbtest8 WHERE k BETWEEN 4395274 AND 4395374
	Bitmap Heap Scan on sbtest8  (cost=5.49..413.52 rows=103 width=125)
	  Recheck Cond: ((k >= 4395274) AND (k <= 4395374))
	  ->  Bitmap Index Scan on k_8  (cost=0.00..5.46 rows=103 width=0)
	        Index Cond: ((k >= 4395274) AND (k <= 4395374))

explain: for range-notcovered :: explain SELECT k, c FROM sbtest%d WHERE k BETWEEN 2288614 AND 2288714
for range-notcovered
table 1 : explain SELECT k, c FROM sbtest1 WHERE k BETWEEN 6373173 AND 6373273
	Bitmap Heap Scan on sbtest1  (cost=5.63..468.70 rows=117 width=125)
	  Recheck Cond: ((k >= 6373173) AND (k <= 6373273))
	  ->  Bitmap Index Scan on k_1  (cost=0.00..5.60 rows=117 width=0)
	        Index Cond: ((k >= 6373173) AND (k <= 6373273))

table 2 : explain SELECT k, c FROM sbtest2 WHERE k BETWEEN 6373173 AND 6373273
	Bitmap Heap Scan on sbtest2  (cost=5.49..413.51 rows=103 width=125)
	  Recheck Cond: ((k >= 6373173) AND (k <= 6373273))
	  ->  Bitmap Index Scan on k_2  (cost=0.00..5.46 rows=103 width=0)
	        Index Cond: ((k >= 6373173) AND (k <= 6373273))

table 3 : explain SELECT k, c FROM sbtest3 WHERE k BETWEEN 6373173 AND 6373273
	Bitmap Heap Scan on sbtest3  (cost=5.51..421.39 rows=105 width=125)
	  Recheck Cond: ((k >= 6373173) AND (k <= 6373273))
	  ->  Bitmap Index Scan on k_3  (cost=0.00..5.48 rows=105 width=0)
	        Index Cond: ((k >= 6373173) AND (k <= 6373273))

table 4 : explain SELECT k, c FROM sbtest4 WHERE k BETWEEN 6373173 AND 6373273
	Bitmap Heap Scan on sbtest4  (cost=5.52..425.36 rows=106 width=125)
	  Recheck Cond: ((k >= 6373173) AND (k <= 6373273))
	  ->  Bitmap Index Scan on k_4  (cost=0.00..5.50 rows=106 width=0)
	        Index Cond: ((k >= 6373173) AND (k <= 6373273))

table 5 : explain SELECT k, c FROM sbtest5 WHERE k BETWEEN 6373173 AND 6373273
	Bitmap Heap Scan on sbtest5  (cost=5.49..413.51 rows=103 width=125)
	  Recheck Cond: ((k >= 6373173) AND (k <= 6373273))
	  ->  Bitmap Index Scan on k_5  (cost=0.00..5.46 rows=103 width=0)
	        Index Cond: ((k >= 6373173) AND (k <= 6373273))

table 6 : explain SELECT k, c FROM sbtest6 WHERE k BETWEEN 6373173 AND 6373273
	Bitmap Heap Scan on sbtest6  (cost=5.41..381.93 rows=95 width=125)
	  Recheck Cond: ((k >= 6373173) AND (k <= 6373273))
	  ->  Bitmap Index Scan on k_6  (cost=0.00..5.38 rows=95 width=0)
	        Index Cond: ((k >= 6373173) AND (k <= 6373273))

table 7 : explain SELECT k, c FROM sbtest7 WHERE k BETWEEN 6373173 AND 6373273
	Bitmap Heap Scan on sbtest7  (cost=5.45..397.73 rows=99 width=125)
	  Recheck Cond: ((k >= 6373173) AND (k <= 6373273))
	  ->  Bitmap Index Scan on k_7  (cost=0.00..5.42 rows=99 width=0)
	        Index Cond: ((k >= 6373173) AND (k <= 6373273))

table 8 : explain SELECT k, c FROM sbtest8 WHERE k BETWEEN 6373173 AND 6373273
	Bitmap Heap Scan on sbtest8  (cost=5.46..401.68 rows=100 width=125)
	  Recheck Cond: ((k >= 6373173) AND (k <= 6373273))
	  ->  Bitmap Index Scan on k_8  (cost=0.00..5.43 rows=100 width=0)
	        Index Cond: ((k >= 6373173) AND (k <= 6373273))

for range-notcovered
table 1 : explain SELECT k, c FROM sbtest1 WHERE k BETWEEN 7584845 AND 7584945
	Bitmap Heap Scan on sbtest1  (cost=5.53..429.29 rows=107 width=125)
	  Recheck Cond: ((k >= 7584845) AND (k <= 7584945))
	  ->  Bitmap Index Scan on k_1  (cost=0.00..5.50 rows=107 width=0)
	        Index Cond: ((k >= 7584845) AND (k <= 7584945))

table 2 : explain SELECT k, c FROM sbtest2 WHERE k BETWEEN 7584845 AND 7584945
	Bitmap Heap Scan on sbtest2  (cost=5.53..429.29 rows=107 width=125)
	  Recheck Cond: ((k >= 7584845) AND (k <= 7584945))
	  ->  Bitmap Index Scan on k_2  (cost=0.00..5.50 rows=107 width=0)
	        Index Cond: ((k >= 7584845) AND (k <= 7584945))

table 3 : explain SELECT k, c FROM sbtest3 WHERE k BETWEEN 7584845 AND 7584945
	Bitmap Heap Scan on sbtest3  (cost=5.40..377.99 rows=94 width=125)
	  Recheck Cond: ((k >= 7584845) AND (k <= 7584945))
	  ->  Bitmap Index Scan on k_3  (cost=0.00..5.38 rows=94 width=0)
	        Index Cond: ((k >= 7584845) AND (k <= 7584945))

table 4 : explain SELECT k, c FROM sbtest4 WHERE k BETWEEN 7584845 AND 7584945
	Bitmap Heap Scan on sbtest4  (cost=5.42..385.90 rows=96 width=125)
	  Recheck Cond: ((k >= 7584845) AND (k <= 7584945))
	  ->  Bitmap Index Scan on k_4  (cost=0.00..5.39 rows=96 width=0)
	        Index Cond: ((k >= 7584845) AND (k <= 7584945))

table 5 : explain SELECT k, c FROM sbtest5 WHERE k BETWEEN 7584845 AND 7584945
	Bitmap Heap Scan on sbtest5  (cost=5.47..405.62 rows=101 width=125)
	  Recheck Cond: ((k >= 7584845) AND (k <= 7584945))
	  ->  Bitmap Index Scan on k_5  (cost=0.00..5.44 rows=101 width=0)
	        Index Cond: ((k >= 7584845) AND (k <= 7584945))

table 6 : explain SELECT k, c FROM sbtest6 WHERE k BETWEEN 7584845 AND 7584945
	Bitmap Heap Scan on sbtest6  (cost=5.48..409.56 rows=102 width=125)
	  Recheck Cond: ((k >= 7584845) AND (k <= 7584945))
	  ->  Bitmap Index Scan on k_6  (cost=0.00..5.45 rows=102 width=0)
	        Index Cond: ((k >= 7584845) AND (k <= 7584945))

table 7 : explain SELECT k, c FROM sbtest7 WHERE k BETWEEN 7584845 AND 7584945
	Bitmap Heap Scan on sbtest7  (cost=5.48..409.57 rows=102 width=125)
	  Recheck Cond: ((k >= 7584845) AND (k <= 7584945))
	  ->  Bitmap Index Scan on k_7  (cost=0.00..5.45 rows=102 width=0)
	        Index Cond: ((k >= 7584845) AND (k <= 7584945))

table 8 : explain SELECT k, c FROM sbtest8 WHERE k BETWEEN 7584845 AND 7584945
	Bitmap Heap Scan on sbtest8  (cost=5.56..441.12 rows=110 width=125)
	  Recheck Cond: ((k >= 7584845) AND (k <= 7584945))
	  ->  Bitmap Index Scan on k_8  (cost=0.00..5.53 rows=110 width=0)
	        Index Cond: ((k >= 7584845) AND (k <= 7584945))
explain: for range-notcovered :: explain SELECT k, c FROM sbtest%d WHERE k BETWEEN 4395274 AND 4395374for range-notcovered
table 1 : explain SELECT k, c FROM sbtest1 WHERE k BETWEEN 4845292 AND 4845392
	Bitmap Heap Scan on sbtest1  (cost=5.54..433.23 rows=108 width=125)
	  Recheck Cond: ((k >= 4845292) AND (k <= 4845392))
	  ->  Bitmap Index Scan on k_1  (cost=0.00..5.51 rows=108 width=0)
	        Index Cond: ((k >= 4845292) AND (k <= 4845392))

table 2 : explain SELECT k, c FROM sbtest2 WHERE k BETWEEN 4845292 AND 4845392
	Bitmap Heap Scan on sbtest2  (cost=5.48..409.57 rows=102 width=125)
	  Recheck Cond: ((k >= 4845292) AND (k <= 4845392))
	  ->  Bitmap Index Scan on k_2  (cost=0.00..5.45 rows=102 width=0)
	        Index Cond: ((k >= 4845292) AND (k <= 4845392))

table 3 : explain SELECT k, c FROM sbtest3 WHERE k BETWEEN 4845292 AND 4845392
	Bitmap Heap Scan on sbtest3  (cost=5.48..409.56 rows=102 width=125)
	  Recheck Cond: ((k >= 4845292) AND (k <= 4845392))
	  ->  Bitmap Index Scan on k_3  (cost=0.00..5.45 rows=102 width=0)
	        Index Cond: ((k >= 4845292) AND (k <= 4845392))

table 4 : explain SELECT k, c FROM sbtest4 WHERE k BETWEEN 4845292 AND 4845392
	Bitmap Heap Scan on sbtest4  (cost=5.48..409.58 rows=102 width=125)
	  Recheck Cond: ((k >= 4845292) AND (k <= 4845392))
	  ->  Bitmap Index Scan on k_4  (cost=0.00..5.45 rows=102 width=0)
	        Index Cond: ((k >= 4845292) AND (k <= 4845392))

table 5 : explain SELECT k, c FROM sbtest5 WHERE k BETWEEN 4845292 AND 4845392
	Bitmap Heap Scan on sbtest5  (cost=5.43..389.84 rows=97 width=125)
	  Recheck Cond: ((k >= 4845292) AND (k <= 4845392))
	  ->  Bitmap Index Scan on k_5  (cost=0.00..5.40 rows=97 width=0)
	        Index Cond: ((k >= 4845292) AND (k <= 4845392))

table 6 : explain SELECT k, c FROM sbtest6 WHERE k BETWEEN 4845292 AND 4845392
	Bitmap Heap Scan on sbtest6  (cost=5.51..421.39 rows=105 width=125)
	  Recheck Cond: ((k >= 4845292) AND (k <= 4845392))
	  ->  Bitmap Index Scan on k_6  (cost=0.00..5.48 rows=105 width=0)
	        Index Cond: ((k >= 4845292) AND (k <= 4845392))

table 7 : explain SELECT k, c FROM sbtest7 WHERE k BETWEEN 4845292 AND 4845392
	Bitmap Heap Scan on sbtest7  (cost=5.53..429.29 rows=107 width=125)
	  Recheck Cond: ((k >= 4845292) AND (k <= 4845392))
	  ->  Bitmap Index Scan on k_7  (cost=0.00..5.50 rows=107 width=0)
	        Index Cond: ((k >= 4845292) AND (k <= 4845392))

table 8 : explain SELECT k, c FROM sbtest8 WHERE k BETWEEN 4845292 AND 4845392
	Bitmap Heap Scan on sbtest8  (cost=5.56..441.12 rows=110 width=125)
	  Recheck Cond: ((k >= 4845292) AND (k <= 4845392))
	  ->  Bitmap Index Scan on k_8  (cost=0.00..5.53 rows=110 width=0)
	        Index Cond: ((k >= 4845292) AND (k <= 4845392))
for range-notcovered
table 1 : explain SELECT k, c FROM sbtest1 WHERE k BETWEEN 3624693 AND 3624793
	Bitmap Heap Scan on sbtest1  (cost=5.45..397.73 rows=99 width=125)
	  Recheck Cond: ((k >= 3624693) AND (k <= 3624793))
	  ->  Bitmap Index Scan on k_1  (cost=0.00..5.42 rows=99 width=0)
	        Index Cond: ((k >= 3624693) AND (k <= 3624793))

table 2 : explain SELECT k, c FROM sbtest2 WHERE k BETWEEN 3624693 AND 3624793
	Bitmap Heap Scan on sbtest2  (cost=5.46..401.68 rows=100 width=125)
	  Recheck Cond: ((k >= 3624693) AND (k <= 3624793))
	  ->  Bitmap Index Scan on k_2  (cost=0.00..5.43 rows=100 width=0)
	        Index Cond: ((k >= 3624693) AND (k <= 3624793))

table 3 : explain SELECT k, c FROM sbtest3 WHERE k BETWEEN 3624693 AND 3624793
	Bitmap Heap Scan on sbtest3  (cost=5.48..409.56 rows=102 width=125)
	  Recheck Cond: ((k >= 3624693) AND (k <= 3624793))
	  ->  Bitmap Index Scan on k_3  (cost=0.00..5.45 rows=102 width=0)
	        Index Cond: ((k >= 3624693) AND (k <= 3624793))

table 4 : explain SELECT k, c FROM sbtest4 WHERE k BETWEEN 3624693 AND 3624793
	Bitmap Heap Scan on sbtest4  (cost=5.52..425.36 rows=106 width=125)
	  Recheck Cond: ((k >= 3624693) AND (k <= 3624793))
	  ->  Bitmap Index Scan on k_4  (cost=0.00..5.50 rows=106 width=0)
	        Index Cond: ((k >= 3624693) AND (k <= 3624793))

table 5 : explain SELECT k, c FROM sbtest5 WHERE k BETWEEN 3624693 AND 3624793
	Bitmap Heap Scan on sbtest5  (cost=5.55..437.18 rows=109 width=125)
	  Recheck Cond: ((k >= 3624693) AND (k <= 3624793))
	  ->  Bitmap Index Scan on k_5  (cost=0.00..5.52 rows=109 width=0)
	        Index Cond: ((k >= 3624693) AND (k <= 3624793))

table 6 : explain SELECT k, c FROM sbtest6 WHERE k BETWEEN 3624693 AND 3624793
	Bitmap Heap Scan on sbtest6  (cost=5.54..433.22 rows=108 width=125)
	  Recheck Cond: ((k >= 3624693) AND (k <= 3624793))
	  ->  Bitmap Index Scan on k_6  (cost=0.00..5.51 rows=108 width=0)
	        Index Cond: ((k >= 3624693) AND (k <= 3624793))

table 7 : explain SELECT k, c FROM sbtest7 WHERE k BETWEEN 3624693 AND 3624793
	Bitmap Heap Scan on sbtest7  (cost=5.36..362.20 rows=90 width=125)
	  Recheck Cond: ((k >= 3624693) AND (k <= 3624793))
	  ->  Bitmap Index Scan on k_7  (cost=0.00..5.33 rows=90 width=0)
	        Index Cond: ((k >= 3624693) AND (k <= 3624793))

table 8 : explain SELECT k, c FROM sbtest8 WHERE k BETWEEN 3624693 AND 3624793
	Bitmap Heap Scan on sbtest8  (cost=5.52..425.35 rows=106 width=125)
	  Recheck Cond: ((k >= 3624693) AND (k <= 3624793))
	  ->  Bitmap Index Scan on k_8  (cost=0.00..5.50 rows=106 width=0)
	        Index Cond: ((k >= 3624693) AND (k <= 3624793))


explain: for range-notcovered :: explain SELECT k, c FROM sbtest%d WHERE k BETWEEN 6373173 AND 6373273

for range-notcovered
table 1 : explain SELECT k, c FROM sbtest1 WHERE k BETWEEN 3571436 AND 3571536
	Bitmap Heap Scan on sbtest1  (cost=5.45..397.73 rows=99 width=125)
	  Recheck Cond: ((k >= 3571436) AND (k <= 3571536))
	  ->  Bitmap Index Scan on k_1  (cost=0.00..5.42 rows=99 width=0)
	        Index Cond: ((k >= 3571436) AND (k <= 3571536))

table 2 : explain SELECT k, c FROM sbtest2 WHERE k BETWEEN 3571436 AND 3571536
	Bitmap Heap Scan on sbtest2  (cost=5.54..433.23 rows=108 width=125)
	  Recheck Cond: ((k >= 3571436) AND (k <= 3571536))
	  ->  Bitmap Index Scan on k_2  (cost=0.00..5.51 rows=108 width=0)
	        Index Cond: ((k >= 3571436) AND (k <= 3571536))

table 3 : explain SELECT k, c FROM sbtest3 WHERE k BETWEEN 3571436 AND 3571536
	Bitmap Heap Scan on sbtest3  (cost=5.51..421.39 rows=105 width=125)
	  Recheck Cond: ((k >= 3571436) AND (k <= 3571536))
	  ->  Bitmap Index Scan on k_3  (cost=0.00..5.48 rows=105 width=0)
	        Index Cond: ((k >= 3571436) AND (k <= 3571536))

table 4 : explain SELECT k, c FROM sbtest4 WHERE k BETWEEN 3571436 AND 3571536
	Bitmap Heap Scan on sbtest4  (cost=5.43..389.85 rows=97 width=125)
	  Recheck Cond: ((k >= 3571436) AND (k <= 3571536))
	  ->  Bitmap Index Scan on k_4  (cost=0.00..5.40 rows=97 width=0)
	        Index Cond: ((k >= 3571436) AND (k <= 3571536))

table 5 : explain SELECT k, c FROM sbtest5 WHERE k BETWEEN 3571436 AND 3571536
	Bitmap Heap Scan on sbtest5  (cost=5.54..433.23 rows=108 width=125)
	  Recheck Cond: ((k >= 3571436) AND (k <= 3571536))
	  ->  Bitmap Index Scan on k_5  (cost=0.00..5.51 rows=108 width=0)
	        Index Cond: ((k >= 3571436) AND (k <= 3571536))

table 6 : explain SELECT k, c FROM sbtest6 WHERE k BETWEEN 3571436 AND 3571536
	Bitmap Heap Scan on sbtest6  (cost=5.54..433.22 rows=108 width=125)
	  Recheck Cond: ((k >= 3571436) AND (k <= 3571536))
	  ->  Bitmap Index Scan on k_6  (cost=0.00..5.51 rows=108 width=0)
	        Index Cond: ((k >= 3571436) AND (k <= 3571536))

table 7 : explain SELECT k, c FROM sbtest7 WHERE k BETWEEN 3571436 AND 3571536
	Bitmap Heap Scan on sbtest7  (cost=5.50..417.46 rows=104 width=125)
	  Recheck Cond: ((k >= 3571436) AND (k <= 3571536))
	  ->  Bitmap Index Scan on k_7  (cost=0.00..5.47 rows=104 width=0)
	        Index Cond: ((k >= 3571436) AND (k <= 3571536))

table 8 : explain SELECT k, c FROM sbtest8 WHERE k BETWEEN 3571436 AND 3571536
	Bitmap Heap Scan on sbtest8  (cost=5.52..425.35 rows=106 width=125)
	  Recheck Cond: ((k >= 3571436) AND (k <= 3571536))
	  ->  Bitmap Index Scan on k_8  (cost=0.00..5.50 rows=106 width=0)
	        Index Cond: ((k >= 3571436) AND (k <= 3571536))

for range-notcovered
table 1 : explain SELECT k, c FROM sbtest1 WHERE k BETWEEN 9205847 AND 9205947
	Bitmap Heap Scan on sbtest1  (cost=5.47..405.62 rows=101 width=125)
	  Recheck Cond: ((k >= 9205847) AND (k <= 9205947))
	  ->  Bitmap Index Scan on k_1  (cost=0.00..5.44 rows=101 width=0)
	        Index Cond: ((k >= 9205847) AND (k <= 9205947))

table 2 : explain SELECT k, c FROM sbtest2 WHERE k BETWEEN 9205847 AND 9205947
	Bitmap Heap Scan on sbtest2  (cost=5.54..433.23 rows=108 width=125)
	  Recheck Cond: ((k >= 9205847) AND (k <= 9205947))
	  ->  Bitmap Index Scan on k_2  (cost=0.00..5.51 rows=108 width=0)
	        Index Cond: ((k >= 9205847) AND (k <= 9205947))

table 3 : explain SELECT k, c FROM sbtest3 WHERE k BETWEEN 9205847 AND 9205947
	Bitmap Heap Scan on sbtest3  (cost=5.47..405.62 rows=101 width=125)
	  Recheck Cond: ((k >= 9205847) AND (k <= 9205947))
	  ->  Bitmap Index Scan on k_3  (cost=0.00..5.44 rows=101 width=0)
	        Index Cond: ((k >= 9205847) AND (k <= 9205947))

table 4 : explain SELECT k, c FROM sbtest4 WHERE k BETWEEN 9205847 AND 9205947
	Bitmap Heap Scan on sbtest4  (cost=5.52..425.36 rows=106 width=125)
	  Recheck Cond: ((k >= 9205847) AND (k <= 9205947))
	  ->  Bitmap Index Scan on k_4  (cost=0.00..5.50 rows=106 width=0)
	        Index Cond: ((k >= 9205847) AND (k <= 9205947))

table 5 : explain SELECT k, c FROM sbtest5 WHERE k BETWEEN 9205847 AND 9205947
	Bitmap Heap Scan on sbtest5  (cost=5.46..401.68 rows=100 width=125)
	  Recheck Cond: ((k >= 9205847) AND (k <= 9205947))
	  ->  Bitmap Index Scan on k_5  (cost=0.00..5.43 rows=100 width=0)
	        Index Cond: ((k >= 9205847) AND (k <= 9205947))

table 6 : explain SELECT k, c FROM sbtest6 WHERE k BETWEEN 9205847 AND 9205947
	Bitmap Heap Scan on sbtest6  (cost=5.52..425.34 rows=106 width=125)
	  Recheck Cond: ((k >= 9205847) AND (k <= 9205947))
	  ->  Bitmap Index Scan on k_6  (cost=0.00..5.50 rows=106 width=0)
	        Index Cond: ((k >= 9205847) AND (k <= 9205947))

table 7 : explain SELECT k, c FROM sbtest7 WHERE k BETWEEN 9205847 AND 9205947
	Bitmap Heap Scan on sbtest7  (cost=5.45..397.73 rows=99 width=125)
	  Recheck Cond: ((k >= 9205847) AND (k <= 9205947))
	  ->  Bitmap Index Scan on k_7  (cost=0.00..5.42 rows=99 width=0)
	        Index Cond: ((k >= 9205847) AND (k <= 9205947))

table 8 : explain SELECT k, c FROM sbtest8 WHERE k BETWEEN 9205847 AND 9205947
	Bitmap Heap Scan on sbtest8  (cost=5.52..425.35 rows=106 width=125)
	  Recheck Cond: ((k >= 9205847) AND (k <= 9205947))
	  ->  Bitmap Index Scan on k_8  (cost=0.00..5.50 rows=106 width=0)
	        Index Cond: ((k >= 9205847) AND (k <= 9205947))

for range-notcovered
table 1 : explain SELECT k, c FROM sbtest1 WHERE k BETWEEN 7515649 AND 7515749
	Bitmap Heap Scan on sbtest1  (cost=5.53..429.29 rows=107 width=125)
	  Recheck Cond: ((k >= 7515649) AND (k <= 7515749))
	  ->  Bitmap Index Scan on k_1  (cost=0.00..5.50 rows=107 width=0)
	        Index Cond: ((k >= 7515649) AND (k <= 7515749))

table 2 : explain SELECT k, c FROM sbtest2 WHERE k BETWEEN 7515649 AND 7515749
	Bitmap Heap Scan on sbtest2  (cost=5.53..429.29 rows=107 width=125)
	  Recheck Cond: ((k >= 7515649) AND (k <= 7515749))
	  ->  Bitmap Index Scan on k_2  (cost=0.00..5.50 rows=107 width=0)
	        Index Cond: ((k >= 7515649) AND (k <= 7515749))

table 3 : explain SELECT k, c FROM sbtest3 WHERE k BETWEEN 7515649 AND 7515749
	Bitmap Heap Scan on sbtest3  (cost=5.40..377.99 rows=94 width=125)
	  Recheck Cond: ((k >= 7515649) AND (k <= 7515749))
	  ->  Bitmap Index Scan on k_3  (cost=0.00..5.38 rows=94 width=0)
	        Index Cond: ((k >= 7515649) AND (k <= 7515749))

table 4 : explain SELECT k, c FROM sbtest4 WHERE k BETWEEN 7515649 AND 7515749
	Bitmap Heap Scan on sbtest4  (cost=5.42..385.90 rows=96 width=125)
	  Recheck Cond: ((k >= 7515649) AND (k <= 7515749))
	  ->  Bitmap Index Scan on k_4  (cost=0.00..5.39 rows=96 width=0)
	        Index Cond: ((k >= 7515649) AND (k <= 7515749))

table 5 : explain SELECT k, c FROM sbtest5 WHERE k BETWEEN 7515649 AND 7515749
	Bitmap Heap Scan on sbtest5  (cost=5.47..405.62 rows=101 width=125)
	  Recheck Cond: ((k >= 7515649) AND (k <= 7515749))
	  ->  Bitmap Index Scan on k_5  (cost=0.00..5.44 rows=101 width=0)
	        Index Cond: ((k >= 7515649) AND (k <= 7515749))

table 6 : explain SELECT k, c FROM sbtest6 WHERE k BETWEEN 7515649 AND 7515749
	Bitmap Heap Scan on sbtest6  (cost=5.51..421.39 rows=105 width=125)
	  Recheck Cond: ((k >= 7515649) AND (k <= 7515749))
	  ->  Bitmap Index Scan on k_6  (cost=0.00..5.48 rows=105 width=0)
	        Index Cond: ((k >= 7515649) AND (k <= 7515749))

table 7 : explain SELECT k, c FROM sbtest7 WHERE k BETWEEN 7515649 AND 7515749
	Bitmap Heap Scan on sbtest7  (cost=5.46..401.68 rows=100 width=125)
	  Recheck Cond: ((k >= 7515649) AND (k <= 7515749))
	  ->  Bitmap Index Scan on k_7  (cost=0.00..5.43 rows=100 width=0)
	        Index Cond: ((k >= 7515649) AND (k <= 7515749))

table 8 : explain SELECT k, c FROM sbtest8 WHERE k BETWEEN 7515649 AND 7515749
	Bitmap Heap Scan on sbtest8  (cost=5.56..441.12 rows=110 width=125)
	  Recheck Cond: ((k >= 7515649) AND (k <= 7515749))
	  ->  Bitmap Index Scan on k_8  (cost=0.00..5.53 rows=110 width=0)
	        Index Cond: ((k >= 7515649) AND (k <= 7515749))

for range-notcovered
table 1 : explain SELECT k, c FROM sbtest1 WHERE k BETWEEN 4816729 AND 4816829
	Bitmap Heap Scan on sbtest1  (cost=5.62..464.76 rows=116 width=125)
	  Recheck Cond: ((k >= 4816729) AND (k <= 4816829))
	  ->  Bitmap Index Scan on k_1  (cost=0.00..5.59 rows=116 width=0)
	        Index Cond: ((k >= 4816729) AND (k <= 4816829))

table 2 : explain SELECT k, c FROM sbtest2 WHERE k BETWEEN 4816729 AND 4816829
	Bitmap Heap Scan on sbtest2  (cost=5.48..409.57 rows=102 width=125)
	  Recheck Cond: ((k >= 4816729) AND (k <= 4816829))
	  ->  Bitmap Index Scan on k_2  (cost=0.00..5.45 rows=102 width=0)
	        Index Cond: ((k >= 4816729) AND (k <= 4816829))

table 3 : explain SELECT k, c FROM sbtest3 WHERE k BETWEEN 4816729 AND 4816829
	Bitmap Heap Scan on sbtest3  (cost=5.48..409.56 rows=102 width=125)
	  Recheck Cond: ((k >= 4816729) AND (k <= 4816829))
	  ->  Bitmap Index Scan on k_3  (cost=0.00..5.45 rows=102 width=0)
	        Index Cond: ((k >= 4816729) AND (k <= 4816829))

table 4 : explain SELECT k, c FROM sbtest4 WHERE k BETWEEN 4816729 AND 4816829
	Bitmap Heap Scan on sbtest4  (cost=5.48..409.58 rows=102 width=125)
	  Recheck Cond: ((k >= 4816729) AND (k <= 4816829))
	  ->  Bitmap Index Scan on k_4  (cost=0.00..5.45 rows=102 width=0)
	        Index Cond: ((k >= 4816729) AND (k <= 4816829))

table 5 : explain SELECT k, c FROM sbtest5 WHERE k BETWEEN 4816729 AND 4816829
	Bitmap Heap Scan on sbtest5  (cost=5.43..389.84 rows=97 width=125)
	  Recheck Cond: ((k >= 4816729) AND (k <= 4816829))
	  ->  Bitmap Index Scan on k_5  (cost=0.00..5.40 rows=97 width=0)
	        Index Cond: ((k >= 4816729) AND (k <= 4816829))

table 6 : explain SELECT k, c FROM sbtest6 WHERE k BETWEEN 4816729 AND 4816829
	Bitmap Heap Scan on sbtest6  (cost=5.53..429.28 rows=107 width=125)
	  Recheck Cond: ((k >= 4816729) AND (k <= 4816829))
	  ->  Bitmap Index Scan on k_6  (cost=0.00..5.50 rows=107 width=0)
	        Index Cond: ((k >= 4816729) AND (k <= 4816829))

table 7 : explain SELECT k, c FROM sbtest7 WHERE k BETWEEN 4816729 AND 4816829
	Bitmap Heap Scan on sbtest7  (cost=5.53..429.29 rows=107 width=125)
	  Recheck Cond: ((k >= 4816729) AND (k <= 4816829))
	  ->  Bitmap Index Scan on k_7  (cost=0.00..5.50 rows=107 width=0)
	        Index Cond: ((k >= 4816729) AND (k <= 4816829))

table 8 : explain SELECT k, c FROM sbtest8 WHERE k BETWEEN 4816729 AND 4816829
	Bitmap Heap Scan on sbtest8  (cost=5.56..441.12 rows=110 width=125)
	  Recheck Cond: ((k >= 4816729) AND (k <= 4816829))
	  ->  Bitmap Index Scan on k_8  (cost=0.00..5.53 rows=110 width=0)
	        Index Cond: ((k >= 4816729) AND (k <= 4816829))

for range-notcovered
table 1 : explain SELECT k, c FROM sbtest1 WHERE k BETWEEN 7165037 AND 7165137
	Bitmap Heap Scan on sbtest1  (cost=5.41..381.94 rows=95 width=125)
	  Recheck Cond: ((k >= 7165037) AND (k <= 7165137))
	  ->  Bitmap Index Scan on k_1  (cost=0.00..5.38 rows=95 width=0)
	        Index Cond: ((k >= 7165037) AND (k <= 7165137))

table 2 : explain SELECT k, c FROM sbtest2 WHERE k BETWEEN 7165037 AND 7165137
	Bitmap Heap Scan on sbtest2  (cost=5.46..401.68 rows=100 width=125)
	  Recheck Cond: ((k >= 7165037) AND (k <= 7165137))
	  ->  Bitmap Index Scan on k_2  (cost=0.00..5.43 rows=100 width=0)
	        Index Cond: ((k >= 7165037) AND (k <= 7165137))

table 3 : explain SELECT k, c FROM sbtest3 WHERE k BETWEEN 7165037 AND 7165137
	Bitmap Heap Scan on sbtest3  (cost=5.48..409.56 rows=102 width=125)
	  Recheck Cond: ((k >= 7165037) AND (k <= 7165137))
	  ->  Bitmap Index Scan on k_3  (cost=0.00..5.45 rows=102 width=0)
	        Index Cond: ((k >= 7165037) AND (k <= 7165137))

table 4 : explain SELECT k, c FROM sbtest4 WHERE k BETWEEN 7165037 AND 7165137
	Bitmap Heap Scan on sbtest4  (cost=5.40..378.00 rows=94 width=125)
	  Recheck Cond: ((k >= 7165037) AND (k <= 7165137))
	  ->  Bitmap Index Scan on k_4  (cost=0.00..5.38 rows=94 width=0)
	        Index Cond: ((k >= 7165037) AND (k <= 7165137))

table 5 : explain SELECT k, c FROM sbtest5 WHERE k BETWEEN 7165037 AND 7165137
	Bitmap Heap Scan on sbtest5  (cost=5.41..381.94 rows=95 width=125)
	  Recheck Cond: ((k >= 7165037) AND (k <= 7165137))
	  ->  Bitmap Index Scan on k_5  (cost=0.00..5.38 rows=95 width=0)
	        Index Cond: ((k >= 7165037) AND (k <= 7165137))

table 6 : explain SELECT k, c FROM sbtest6 WHERE k BETWEEN 7165037 AND 7165137
	Bitmap Heap Scan on sbtest6  (cost=5.45..397.72 rows=99 width=125)
	  Recheck Cond: ((k >= 7165037) AND (k <= 7165137))
	  ->  Bitmap Index Scan on k_6  (cost=0.00..5.42 rows=99 width=0)
	        Index Cond: ((k >= 7165037) AND (k <= 7165137))

table 7 : explain SELECT k, c FROM sbtest7 WHERE k BETWEEN 7165037 AND 7165137
	Bitmap Heap Scan on sbtest7  (cost=5.46..401.68 rows=100 width=125)
	  Recheck Cond: ((k >= 7165037) AND (k <= 7165137))
	  ->  Bitmap Index Scan on k_7  (cost=0.00..5.43 rows=100 width=0)
	        Index Cond: ((k >= 7165037) AND (k <= 7165137))

table 8 : explain SELECT k, c FROM sbtest8 WHERE k BETWEEN 7165037 AND 7165137
	Bitmap Heap Scan on sbtest8  (cost=5.59..452.94 rows=113 width=125)
	  Recheck Cond: ((k >= 7165037) AND (k <= 7165137))
	  ->  Bitmap Index Scan on k_8  (cost=0.00..5.56 rows=113 width=0)
	        Index Cond: ((k >= 7165037) AND (k <= 7165137))
for range-notcovered
table 1 : explain SELECT k, c FROM sbtest1 WHERE k BETWEEN 2689330 AND 2689430
	Bitmap Heap Scan on sbtest1  (cost=5.43..389.84 rows=97 width=125)
	  Recheck Cond: ((k >= 2689330) AND (k <= 2689430))
	  ->  Bitmap Index Scan on k_1  (cost=0.00..5.40 rows=97 width=0)
	        Index Cond: ((k >= 2689330) AND (k <= 2689430))

table 2 : explain SELECT k, c FROM sbtest2 WHERE k BETWEEN 2689330 AND 2689430
	Bitmap Heap Scan on sbtest2  (cost=5.56..441.12 rows=110 width=125)
	  Recheck Cond: ((k >= 2689330) AND (k <= 2689430))
	  ->  Bitmap Index Scan on k_2  (cost=0.00..5.53 rows=110 width=0)
	        Index Cond: ((k >= 2689330) AND (k <= 2689430))

table 3 : explain SELECT k, c FROM sbtest3 WHERE k BETWEEN 2689330 AND 2689430
	Bitmap Heap Scan on sbtest3  (cost=5.55..437.17 rows=109 width=125)
	  Recheck Cond: ((k >= 2689330) AND (k <= 2689430))
	  ->  Bitmap Index Scan on k_3  (cost=0.00..5.52 rows=109 width=0)
	        Index Cond: ((k >= 2689330) AND (k <= 2689430))

table 4 : explain SELECT k, c FROM sbtest4 WHERE k BETWEEN 2689330 AND 2689430
	Bitmap Heap Scan on sbtest4  (cost=5.37..366.16 rows=91 width=125)
	  Recheck Cond: ((k >= 2689330) AND (k <= 2689430))
	  ->  Bitmap Index Scan on k_4  (cost=0.00..5.34 rows=91 width=0)
	        Index Cond: ((k >= 2689330) AND (k <= 2689430))

table 5 : explain SELECT k, c FROM sbtest5 WHERE k BETWEEN 2689330 AND 2689430
	Bitmap Heap Scan on sbtest5  (cost=5.59..452.94 rows=113 width=125)
	  Recheck Cond: ((k >= 2689330) AND (k <= 2689430))
	  ->  Bitmap Index Scan on k_5  (cost=0.00..5.56 rows=113 width=0)
	        Index Cond: ((k >= 2689330) AND (k <= 2689430))

table 6 : explain SELECT k, c FROM sbtest6 WHERE k BETWEEN 2689330 AND 2689430
	Bitmap Heap Scan on sbtest6  (cost=5.44..393.78 rows=98 width=125)
	  Recheck Cond: ((k >= 2689330) AND (k <= 2689430))
	  ->  Bitmap Index Scan on k_6  (cost=0.00..5.42 rows=98 width=0)
	        Index Cond: ((k >= 2689330) AND (k <= 2689430))

table 7 : explain SELECT k, c FROM sbtest7 WHERE k BETWEEN 2689330 AND 2689430
	Bitmap Heap Scan on sbtest7  (cost=5.41..381.94 rows=95 width=125)
	  Recheck Cond: ((k >= 2689330) AND (k <= 2689430))
	  ->  Bitmap Index Scan on k_7  (cost=0.00..5.38 rows=95 width=0)
	        Index Cond: ((k >= 2689330) AND (k <= 2689430))

table 8 : explain SELECT k, c FROM sbtest8 WHERE k BETWEEN 2689330 AND 2689430
	Bitmap Heap Scan on sbtest8  (cost=5.48..409.57 rows=102 width=125)
	  Recheck Cond: ((k >= 2689330) AND (k <= 2689430))
	  ->  Bitmap Index Scan on k_8  (cost=0.00..5.45 rows=102 width=0)
	        Index Cond: ((k >= 2689330) AND (k <= 2689430))
explain: for range-notcovered :: explain SELECT k, c FROM sbtest%d WHERE k BETWEEN 9205847 AND 9205947
explain: for range-notcovered :: explain SELECT k, c FROM sbtest%d WHERE k BETWEEN 4233174 AND 4233274
for range-notcovered
table 1 : explain SELECT k, c FROM sbtest1 WHERE k BETWEEN 5583038 AND 5583138
	Bitmap Heap Scan on sbtest1  (cost=5.60..456.88 rows=114 width=125)
	  Recheck Cond: ((k >= 5583038) AND (k <= 5583138))
	  ->  Bitmap Index Scan on k_1  (cost=0.00..5.58 rows=114 width=0)
	        Index Cond: ((k >= 5583038) AND (k <= 5583138))

table 2 : explain SELECT k, c FROM sbtest2 WHERE k BETWEEN 5583038 AND 5583138
	Bitmap Heap Scan on sbtest2  (cost=5.47..405.62 rows=101 width=125)
	  Recheck Cond: ((k >= 5583038) AND (k <= 5583138))
	  ->  Bitmap Index Scan on k_2  (cost=0.00..5.44 rows=101 width=0)
	        Index Cond: ((k >= 5583038) AND (k <= 5583138))

table 3 : explain SELECT k, c FROM sbtest3 WHERE k BETWEEN 5583038 AND 5583138
	Bitmap Heap Scan on sbtest3  (cost=5.43..389.83 rows=97 width=125)
	  Recheck Cond: ((k >= 5583038) AND (k <= 5583138))
	  ->  Bitmap Index Scan on k_3  (cost=0.00..5.40 rows=97 width=0)
	        Index Cond: ((k >= 5583038) AND (k <= 5583138))

table 4 : explain SELECT k, c FROM sbtest4 WHERE k BETWEEN 5583038 AND 5583138
	Bitmap Heap Scan on sbtest4  (cost=5.51..421.41 rows=105 width=125)
	  Recheck Cond: ((k >= 5583038) AND (k <= 5583138))
	  ->  Bitmap Index Scan on k_4  (cost=0.00..5.48 rows=105 width=0)
	        Index Cond: ((k >= 5583038) AND (k <= 5583138))

table 5 : explain SELECT k, c FROM sbtest5 WHERE k BETWEEN 5583038 AND 5583138
	Bitmap Heap Scan on sbtest5  (cost=5.43..389.84 rows=97 width=125)
	  Recheck Cond: ((k >= 5583038) AND (k <= 5583138))
	  ->  Bitmap Index Scan on k_5  (cost=0.00..5.40 rows=97 width=0)
	        Index Cond: ((k >= 5583038) AND (k <= 5583138))

table 6 : explain SELECT k, c FROM sbtest6 WHERE k BETWEEN 5583038 AND 5583138
	Bitmap Heap Scan on sbtest6  (cost=5.52..425.34 rows=106 width=125)
	  Recheck Cond: ((k >= 5583038) AND (k <= 5583138))
	  ->  Bitmap Index Scan on k_6  (cost=0.00..5.50 rows=106 width=0)
	        Index Cond: ((k >= 5583038) AND (k <= 5583138))

table 7 : explain SELECT k, c FROM sbtest7 WHERE k BETWEEN 5583038 AND 5583138
	Bitmap Heap Scan on sbtest7  (cost=5.44..393.79 rows=98 width=125)
	  Recheck Cond: ((k >= 5583038) AND (k <= 5583138))
	  ->  Bitmap Index Scan on k_7  (cost=0.00..5.42 rows=98 width=0)
	        Index Cond: ((k >= 5583038) AND (k <= 5583138))

table 8 : explain SELECT k, c FROM sbtest8 WHERE k BETWEEN 5583038 AND 5583138
	Bitmap Heap Scan on sbtest8  (cost=5.56..441.12 rows=110 width=125)
	  Recheck Cond: ((k >= 5583038) AND (k <= 5583138))
	  ->  Bitmap Index Scan on k_8  (cost=0.00..5.53 rows=110 width=0)
	        Index Cond: ((k >= 5583038) AND (k <= 5583138))
explain: for range-notcovered :: explain SELECT k, c FROM sbtest%d WHERE k BETWEEN 4816729 AND 4816829explain: for range-notcovered :: explain SELECT k, c FROM sbtest%d WHERE k BETWEEN 7515649 AND 7515749
for range-notcovered
table 1 : explain SELECT k, c FROM sbtest1 WHERE k BETWEEN 3652200 AND 3652300
	Bitmap Heap Scan on sbtest1  (cost=5.45..397.73 rows=99 width=125)
	  Recheck Cond: ((k >= 3652200) AND (k <= 3652300))
	  ->  Bitmap Index Scan on k_1  (cost=0.00..5.42 rows=99 width=0)
	        Index Cond: ((k >= 3652200) AND (k <= 3652300))

table 2 : explain SELECT k, c FROM sbtest2 WHERE k BETWEEN 3652200 AND 3652300
	Bitmap Heap Scan on sbtest2  (cost=5.46..401.68 rows=100 width=125)
	  Recheck Cond: ((k >= 3652200) AND (k <= 3652300))
	  ->  Bitmap Index Scan on k_2  (cost=0.00..5.43 rows=100 width=0)
	        Index Cond: ((k >= 3652200) AND (k <= 3652300))

table 3 : explain SELECT k, c FROM sbtest3 WHERE k BETWEEN 3652200 AND 3652300
	Bitmap Heap Scan on sbtest3  (cost=5.48..409.56 rows=102 width=125)
	  Recheck Cond: ((k >= 3652200) AND (k <= 3652300))
	  ->  Bitmap Index Scan on k_3  (cost=0.00..5.45 rows=102 width=0)
	        Index Cond: ((k >= 3652200) AND (k <= 3652300))

table 4 : explain SELECT k, c FROM sbtest4 WHERE k BETWEEN 3652200 AND 3652300
	Bitmap Heap Scan on sbtest4  (cost=5.52..425.36 rows=106 width=125)
	  Recheck Cond: ((k >= 3652200) AND (k <= 3652300))
	  ->  Bitmap Index Scan on k_4  (cost=0.00..5.50 rows=106 width=0)
	        Index Cond: ((k >= 3652200) AND (k <= 3652300))

table 5 : explain SELECT k, c FROM sbtest5 WHERE k BETWEEN 3652200 AND 3652300
	Bitmap Heap Scan on sbtest5  (cost=5.55..437.18 rows=109 width=125)
	  Recheck Cond: ((k >= 3652200) AND (k <= 3652300))
	  ->  Bitmap Index Scan on k_5  (cost=0.00..5.52 rows=109 width=0)
	        Index Cond: ((k >= 3652200) AND (k <= 3652300))

table 6 : explain SELECT k, c FROM sbtest6 WHERE k BETWEEN 3652200 AND 3652300
	Bitmap Heap Scan on sbtest6  (cost=5.54..433.22 rows=108 width=125)
	  Recheck Cond: ((k >= 3652200) AND (k <= 3652300))
	  ->  Bitmap Index Scan on k_6  (cost=0.00..5.51 rows=108 width=0)
	        Index Cond: ((k >= 3652200) AND (k <= 3652300))

table 7 : explain SELECT k, c FROM sbtest7 WHERE k BETWEEN 3652200 AND 3652300
	Bitmap Heap Scan on sbtest7  (cost=5.36..362.20 rows=90 width=125)
	  Recheck Cond: ((k >= 3652200) AND (k <= 3652300))
	  ->  Bitmap Index Scan on k_7  (cost=0.00..5.33 rows=90 width=0)
	        Index Cond: ((k >= 3652200) AND (k <= 3652300))

table 8 : explain SELECT k, c FROM sbtest8 WHERE k BETWEEN 3652200 AND 3652300
	Bitmap Heap Scan on sbtest8  (cost=5.52..425.35 rows=106 width=125)
	  Recheck Cond: ((k >= 3652200) AND (k <= 3652300))
	  ->  Bitmap Index Scan on k_8  (cost=0.00..5.50 rows=106 width=0)
	        Index Cond: ((k >= 3652200) AND (k <= 3652300))
for range-notcovered
table 1 : explain SELECT k, c FROM sbtest1 WHERE k BETWEEN 7738119 AND 7738219
	Bitmap Heap Scan on sbtest1  (cost=5.41..381.94 rows=95 width=125)
	  Recheck Cond: ((k >= 7738119) AND (k <= 7738219))
	  ->  Bitmap Index Scan on k_1  (cost=0.00..5.38 rows=95 width=0)
	        Index Cond: ((k >= 7738119) AND (k <= 7738219))

table 2 : explain SELECT k, c FROM sbtest2 WHERE k BETWEEN 7738119 AND 7738219
	Bitmap Heap Scan on sbtest2  (cost=5.57..445.06 rows=111 width=125)
	  Recheck Cond: ((k >= 7738119) AND (k <= 7738219))
	  ->  Bitmap Index Scan on k_2  (cost=0.00..5.54 rows=111 width=0)
	        Index Cond: ((k >= 7738119) AND (k <= 7738219))

table 3 : explain SELECT k, c FROM sbtest3 WHERE k BETWEEN 7738119 AND 7738219
	Bitmap Heap Scan on sbtest3  (cost=5.54..433.22 rows=108 width=125)
	  Recheck Cond: ((k >= 7738119) AND (k <= 7738219))
	  ->  Bitmap Index Scan on k_3  (cost=0.00..5.51 rows=108 width=0)
	        Index Cond: ((k >= 7738119) AND (k <= 7738219))

table 4 : explain SELECT k, c FROM sbtest4 WHERE k BETWEEN 7738119 AND 7738219
	Bitmap Heap Scan on sbtest4  (cost=5.46..401.69 rows=100 width=125)
	  Recheck Cond: ((k >= 7738119) AND (k <= 7738219))
	  ->  Bitmap Index Scan on k_4  (cost=0.00..5.43 rows=100 width=0)
	        Index Cond: ((k >= 7738119) AND (k <= 7738219))

table 5 : explain SELECT k, c FROM sbtest5 WHERE k BETWEEN 7738119 AND 7738219
	Bitmap Heap Scan on sbtest5  (cost=5.42..385.89 rows=96 width=125)
	  Recheck Cond: ((k >= 7738119) AND (k <= 7738219))
	  ->  Bitmap Index Scan on k_5  (cost=0.00..5.39 rows=96 width=0)
	        Index Cond: ((k >= 7738119) AND (k <= 7738219))

table 6 : explain SELECT k, c FROM sbtest6 WHERE k BETWEEN 7738119 AND 7738219
	Bitmap Heap Scan on sbtest6  (cost=5.44..393.78 rows=98 width=125)
	  Recheck Cond: ((k >= 7738119) AND (k <= 7738219))
	  ->  Bitmap Index Scan on k_6  (cost=0.00..5.42 rows=98 width=0)
	        Index Cond: ((k >= 7738119) AND (k <= 7738219))

table 7 : explain SELECT k, c FROM sbtest7 WHERE k BETWEEN 7738119 AND 7738219
	Bitmap Heap Scan on sbtest7  (cost=5.50..417.46 rows=104 width=125)
	  Recheck Cond: ((k >= 7738119) AND (k <= 7738219))
	  ->  Bitmap Index Scan on k_7  (cost=0.00..5.47 rows=104 width=0)
	        Index Cond: ((k >= 7738119) AND (k <= 7738219))

table 8 : explain SELECT k, c FROM sbtest8 WHERE k BETWEEN 7738119 AND 7738219
	Bitmap Heap Scan on sbtest8  (cost=5.45..397.73 rows=99 width=125)
	  Recheck Cond: ((k >= 7738119) AND (k <= 7738219))
	  ->  Bitmap Index Scan on k_8  (cost=0.00..5.42 rows=99 width=0)
	        Index Cond: ((k >= 7738119) AND (k <= 7738219))

explain: for range-notcovered :: explain SELECT k, c FROM sbtest%d WHERE k BETWEEN 7584845 AND 7584945

explain: for range-notcovered :: explain SELECT k, c FROM sbtest%d WHERE k BETWEEN 3624693 AND 3624793



explain: for range-notcovered :: explain SELECT k, c FROM sbtest%d WHERE k BETWEEN 3571436 AND 3571536explain: for range-notcovered :: explain SELECT k, c FROM sbtest%d WHERE k BETWEEN 7738119 AND 7738219
explain: for range-notcovered :: explain SELECT k, c FROM sbtest%d WHERE k BETWEEN 7165037 AND 7165137
for range-notcovered
table 1 : explain SELECT k, c FROM sbtest1 WHERE k BETWEEN 4692475 AND 4692575
	Bitmap Heap Scan on sbtest1  (cost=5.45..397.73 rows=99 width=125)
	  Recheck Cond: ((k >= 4692475) AND (k <= 4692575))
	  ->  Bitmap Index Scan on k_1  (cost=0.00..5.42 rows=99 width=0)
	        Index Cond: ((k >= 4692475) AND (k <= 4692575))

table 2 : explain SELECT k, c FROM sbtest2 WHERE k BETWEEN 4692475 AND 4692575
	Bitmap Heap Scan on sbtest2  (cost=5.51..421.40 rows=105 width=125)
	  Recheck Cond: ((k >= 4692475) AND (k <= 4692575))
	  ->  Bitmap Index Scan on k_2  (cost=0.00..5.48 rows=105 width=0)
	        Index Cond: ((k >= 4692475) AND (k <= 4692575))

table 3 : explain SELECT k, c FROM sbtest3 WHERE k BETWEEN 4692475 AND 4692575
	Bitmap Heap Scan on sbtest3  (cost=5.41..381.94 rows=95 width=125)
	  Recheck Cond: ((k >= 4692475) AND (k <= 4692575))
	  ->  Bitmap Index Scan on k_3  (cost=0.00..5.38 rows=95 width=0)
	        Index Cond: ((k >= 4692475) AND (k <= 4692575))

table 4 : explain SELECT k, c FROM sbtest4 WHERE k BETWEEN 4692475 AND 4692575
	Bitmap Heap Scan on sbtest4  (cost=5.51..421.41 rows=105 width=125)
	  Recheck Cond: ((k >= 4692475) AND (k <= 4692575))
	  ->  Bitmap Index Scan on k_4  (cost=0.00..5.48 rows=105 width=0)
	        Index Cond: ((k >= 4692475) AND (k <= 4692575))

table 5 : explain SELECT k, c FROM sbtest5 WHERE k BETWEEN 4692475 AND 4692575
	Bitmap Heap Scan on sbtest5  (cost=5.44..393.79 rows=98 width=125)
	  Recheck Cond: ((k >= 4692475) AND (k <= 4692575))
	  ->  Bitmap Index Scan on k_5  (cost=0.00..5.42 rows=98 width=0)
	        Index Cond: ((k >= 4692475) AND (k <= 4692575))

table 6 : explain SELECT k, c FROM sbtest6 WHERE k BETWEEN 4692475 AND 4692575
	Bitmap Heap Scan on sbtest6  (cost=5.45..397.72 rows=99 width=125)
	  Recheck Cond: ((k >= 4692475) AND (k <= 4692575))
	  ->  Bitmap Index Scan on k_6  (cost=0.00..5.42 rows=99 width=0)
	        Index Cond: ((k >= 4692475) AND (k <= 4692575))

table 7 : explain SELECT k, c FROM sbtest7 WHERE k BETWEEN 4692475 AND 4692575
	Bitmap Heap Scan on sbtest7  (cost=5.53..429.29 rows=107 width=125)
	  Recheck Cond: ((k >= 4692475) AND (k <= 4692575))
	  ->  Bitmap Index Scan on k_7  (cost=0.00..5.50 rows=107 width=0)
	        Index Cond: ((k >= 4692475) AND (k <= 4692575))

table 8 : explain SELECT k, c FROM sbtest8 WHERE k BETWEEN 4692475 AND 4692575
	Bitmap Heap Scan on sbtest8  (cost=5.49..413.52 rows=103 width=125)
	  Recheck Cond: ((k >= 4692475) AND (k <= 4692575))
	  ->  Bitmap Index Scan on k_8  (cost=0.00..5.46 rows=103 width=0)
	        Index Cond: ((k >= 4692475) AND (k <= 4692575))
for range-notcovered
table 1 : explain SELECT k, c FROM sbtest1 WHERE k BETWEEN 7980482 AND 7980582
	Bitmap Heap Scan on sbtest1  (cost=5.47..405.62 rows=101 width=125)
	  Recheck Cond: ((k >= 7980482) AND (k <= 7980582))
	  ->  Bitmap Index Scan on k_1  (cost=0.00..5.44 rows=101 width=0)
	        Index Cond: ((k >= 7980482) AND (k <= 7980582))

table 2 : explain SELECT k, c FROM sbtest2 WHERE k BETWEEN 7980482 AND 7980582
	Bitmap Heap Scan on sbtest2  (cost=5.58..449.00 rows=112 width=125)
	  Recheck Cond: ((k >= 7980482) AND (k <= 7980582))
	  ->  Bitmap Index Scan on k_2  (cost=0.00..5.55 rows=112 width=0)
	        Index Cond: ((k >= 7980482) AND (k <= 7980582))

table 3 : explain SELECT k, c FROM sbtest3 WHERE k BETWEEN 7980482 AND 7980582
	Bitmap Heap Scan on sbtest3  (cost=5.63..468.69 rows=117 width=125)
	  Recheck Cond: ((k >= 7980482) AND (k <= 7980582))
	  ->  Bitmap Index Scan on k_3  (cost=0.00..5.60 rows=117 width=0)
	        Index Cond: ((k >= 7980482) AND (k <= 7980582))

table 4 : explain SELECT k, c FROM sbtest4 WHERE k BETWEEN 7980482 AND 7980582
	Bitmap Heap Scan on sbtest4  (cost=5.40..378.00 rows=94 width=125)
	  Recheck Cond: ((k >= 7980482) AND (k <= 7980582))
	  ->  Bitmap Index Scan on k_4  (cost=0.00..5.38 rows=94 width=0)
	        Index Cond: ((k >= 7980482) AND (k <= 7980582))

table 5 : explain SELECT k, c FROM sbtest5 WHERE k BETWEEN 7980482 AND 7980582
	Bitmap Heap Scan on sbtest5  (cost=5.70..492.34 rows=123 width=125)
	  Recheck Cond: ((k >= 7980482) AND (k <= 7980582))
	  ->  Bitmap Index Scan on k_5  (cost=0.00..5.67 rows=123 width=0)
	        Index Cond: ((k >= 7980482) AND (k <= 7980582))

table 6 : explain SELECT k, c FROM sbtest6 WHERE k BETWEEN 7980482 AND 7980582
	Bitmap Heap Scan on sbtest6  (cost=5.41..381.93 rows=95 width=125)
	  Recheck Cond: ((k >= 7980482) AND (k <= 7980582))
	  ->  Bitmap Index Scan on k_6  (cost=0.00..5.38 rows=95 width=0)
	        Index Cond: ((k >= 7980482) AND (k <= 7980582))

table 7 : explain SELECT k, c FROM sbtest7 WHERE k BETWEEN 7980482 AND 7980582
	Bitmap Heap Scan on sbtest7  (cost=5.47..405.63 rows=101 width=125)
	  Recheck Cond: ((k >= 7980482) AND (k <= 7980582))
	  ->  Bitmap Index Scan on k_7  (cost=0.00..5.44 rows=101 width=0)
	        Index Cond: ((k >= 7980482) AND (k <= 7980582))

table 8 : explain SELECT k, c FROM sbtest8 WHERE k BETWEEN 7980482 AND 7980582
	Bitmap Heap Scan on sbtest8  (cost=5.38..370.10 rows=92 width=125)
	  Recheck Cond: ((k >= 7980482) AND (k <= 7980582))
	  ->  Bitmap Index Scan on k_8  (cost=0.00..5.35 rows=92 width=0)
	        Index Cond: ((k >= 7980482) AND (k <= 7980582))

for range-notcovered
table 1 : explain SELECT k, c FROM sbtest1 WHERE k BETWEEN 4404507 AND 4404607
	Bitmap Heap Scan on sbtest1  (cost=5.45..397.73 rows=99 width=125)
	  Recheck Cond: ((k >= 4404507) AND (k <= 4404607))
	  ->  Bitmap Index Scan on k_1  (cost=0.00..5.42 rows=99 width=0)
	        Index Cond: ((k >= 4404507) AND (k <= 4404607))

table 2 : explain SELECT k, c FROM sbtest2 WHERE k BETWEEN 4404507 AND 4404607
	Bitmap Heap Scan on sbtest2  (cost=5.50..417.46 rows=104 width=125)
	  Recheck Cond: ((k >= 4404507) AND (k <= 4404607))
	  ->  Bitmap Index Scan on k_2  (cost=0.00..5.47 rows=104 width=0)
	        Index Cond: ((k >= 4404507) AND (k <= 4404607))

table 3 : explain SELECT k, c FROM sbtest3 WHERE k BETWEEN 4404507 AND 4404607
	Bitmap Heap Scan on sbtest3  (cost=5.41..381.94 rows=95 width=125)
	  Recheck Cond: ((k >= 4404507) AND (k <= 4404607))
	  ->  Bitmap Index Scan on k_3  (cost=0.00..5.38 rows=95 width=0)
	        Index Cond: ((k >= 4404507) AND (k <= 4404607))

table 4 : explain SELECT k, c FROM sbtest4 WHERE k BETWEEN 4404507 AND 4404607
	Bitmap Heap Scan on sbtest4  (cost=5.48..409.58 rows=102 width=125)
	  Recheck Cond: ((k >= 4404507) AND (k <= 4404607))
	  ->  Bitmap Index Scan on k_4  (cost=0.00..5.45 rows=102 width=0)
	        Index Cond: ((k >= 4404507) AND (k <= 4404607))

table 5 : explain SELECT k, c FROM sbtest5 WHERE k BETWEEN 4404507 AND 4404607
	Bitmap Heap Scan on sbtest5  (cost=5.45..397.73 rows=99 width=125)
	  Recheck Cond: ((k >= 4404507) AND (k <= 4404607))
	  ->  Bitmap Index Scan on k_5  (cost=0.00..5.42 rows=99 width=0)
	        Index Cond: ((k >= 4404507) AND (k <= 4404607))

table 6 : explain SELECT k, c FROM sbtest6 WHERE k BETWEEN 4404507 AND 4404607
	Bitmap Heap Scan on sbtest6  (cost=5.50..417.45 rows=104 width=125)
	  Recheck Cond: ((k >= 4404507) AND (k <= 4404607))
	  ->  Bitmap Index Scan on k_6  (cost=0.00..5.47 rows=104 width=0)
	        Index Cond: ((k >= 4404507) AND (k <= 4404607))

table 7 : explain SELECT k, c FROM sbtest7 WHERE k BETWEEN 4404507 AND 4404607
	Bitmap Heap Scan on sbtest7  (cost=5.50..417.46 rows=104 width=125)
	  Recheck Cond: ((k >= 4404507) AND (k <= 4404607))
	  ->  Bitmap Index Scan on k_7  (cost=0.00..5.47 rows=104 width=0)
	        Index Cond: ((k >= 4404507) AND (k <= 4404607))

table 8 : explain SELECT k, c FROM sbtest8 WHERE k BETWEEN 4404507 AND 4404607
	Bitmap Heap Scan on sbtest8  (cost=5.49..413.52 rows=103 width=125)
	  Recheck Cond: ((k >= 4404507) AND (k <= 4404607))
	  ->  Bitmap Index Scan on k_8  (cost=0.00..5.46 rows=103 width=0)
	        Index Cond: ((k >= 4404507) AND (k <= 4404607))
for range-notcovered
table 1 : explain SELECT k, c FROM sbtest1 WHERE k BETWEEN 4961523 AND 4961623
	Bitmap Heap Scan on sbtest1  (cost=5.63..468.70 rows=117 width=125)
	  Recheck Cond: ((k >= 4961523) AND (k <= 4961623))
	  ->  Bitmap Index Scan on k_1  (cost=0.00..5.60 rows=117 width=0)
	        Index Cond: ((k >= 4961523) AND (k <= 4961623))

table 2 : explain SELECT k, c FROM sbtest2 WHERE k BETWEEN 4961523 AND 4961623
	Bitmap Heap Scan on sbtest2  (cost=5.46..401.68 rows=100 width=125)
	  Recheck Cond: ((k >= 4961523) AND (k <= 4961623))
	  ->  Bitmap Index Scan on k_2  (cost=0.00..5.43 rows=100 width=0)
	        Index Cond: ((k >= 4961523) AND (k <= 4961623))

table 3 : explain SELECT k, c FROM sbtest3 WHERE k BETWEEN 4961523 AND 4961623
	Bitmap Heap Scan on sbtest3  (cost=5.42..385.88 rows=96 width=125)
	  Recheck Cond: ((k >= 4961523) AND (k <= 4961623))
	  ->  Bitmap Index Scan on k_3  (cost=0.00..5.39 rows=96 width=0)
	        Index Cond: ((k >= 4961523) AND (k <= 4961623))

table 4 : explain SELECT k, c FROM sbtest4 WHERE k BETWEEN 4961523 AND 4961623
	Bitmap Heap Scan on sbtest4  (cost=5.55..437.19 rows=109 width=125)
	  Recheck Cond: ((k >= 4961523) AND (k <= 4961623))
	  ->  Bitmap Index Scan on k_4  (cost=0.00..5.52 rows=109 width=0)
	        Index Cond: ((k >= 4961523) AND (k <= 4961623))

table 5 : explain SELECT k, c FROM sbtest5 WHERE k BETWEEN 4961523 AND 4961623
	Bitmap Heap Scan on sbtest5  (cost=5.50..417.46 rows=104 width=125)
	  Recheck Cond: ((k >= 4961523) AND (k <= 4961623))
	  ->  Bitmap Index Scan on k_5  (cost=0.00..5.47 rows=104 width=0)
	        Index Cond: ((k >= 4961523) AND (k <= 4961623))

table 6 : explain SELECT k, c FROM sbtest6 WHERE k BETWEEN 4961523 AND 4961623
	Bitmap Heap Scan on sbtest6  (cost=5.50..417.45 rows=104 width=125)
	  Recheck Cond: ((k >= 4961523) AND (k <= 4961623))
	  ->  Bitmap Index Scan on k_6  (cost=0.00..5.47 rows=104 width=0)
	        Index Cond: ((k >= 4961523) AND (k <= 4961623))

table 7 : explain SELECT k, c FROM sbtest7 WHERE k BETWEEN 4961523 AND 4961623
	Bitmap Heap Scan on sbtest7  (cost=5.49..413.52 rows=103 width=125)
	  Recheck Cond: ((k >= 4961523) AND (k <= 4961623))
	  ->  Bitmap Index Scan on k_7  (cost=0.00..5.46 rows=103 width=0)
	        Index Cond: ((k >= 4961523) AND (k <= 4961623))

table 8 : explain SELECT k, c FROM sbtest8 WHERE k BETWEEN 4961523 AND 4961623
	Bitmap Heap Scan on sbtest8  (cost=5.37..366.15 rows=91 width=125)
	  Recheck Cond: ((k >= 4961523) AND (k <= 4961623))
	  ->  Bitmap Index Scan on k_8  (cost=0.00..5.34 rows=91 width=0)
	        Index Cond: ((k >= 4961523) AND (k <= 4961623))

for range-notcovered
table 1 : explain SELECT k, c FROM sbtest1 WHERE k BETWEEN 531597 AND 531697
	Bitmap Heap Scan on sbtest1  (cost=5.48..409.57 rows=102 width=125)
	  Recheck Cond: ((k >= 531597) AND (k <= 531697))
	  ->  Bitmap Index Scan on k_1  (cost=0.00..5.45 rows=102 width=0)
	        Index Cond: ((k >= 531597) AND (k <= 531697))

table 2 : explain SELECT k, c FROM sbtest2 WHERE k BETWEEN 531597 AND 531697
	Bitmap Heap Scan on sbtest2  (cost=5.42..385.89 rows=96 width=125)
	  Recheck Cond: ((k >= 531597) AND (k <= 531697))
	  ->  Bitmap Index Scan on k_2  (cost=0.00..5.39 rows=96 width=0)
	        Index Cond: ((k >= 531597) AND (k <= 531697))

table 3 : explain SELECT k, c FROM sbtest3 WHERE k BETWEEN 531597 AND 531697
	Bitmap Heap Scan on sbtest3  (cost=5.47..405.62 rows=101 width=125)
	  Recheck Cond: ((k >= 531597) AND (k <= 531697))
	  ->  Bitmap Index Scan on k_3  (cost=0.00..5.44 rows=101 width=0)
	        Index Cond: ((k >= 531597) AND (k <= 531697))

table 4 : explain SELECT k, c FROM sbtest4 WHERE k BETWEEN 531597 AND 531697
	Bitmap Heap Scan on sbtest4  (cost=5.54..433.24 rows=108 width=125)
	  Recheck Cond: ((k >= 531597) AND (k <= 531697))
	  ->  Bitmap Index Scan on k_4  (cost=0.00..5.51 rows=108 width=0)
	        Index Cond: ((k >= 531597) AND (k <= 531697))

table 5 : explain SELECT k, c FROM sbtest5 WHERE k BETWEEN 531597 AND 531697
	Bitmap Heap Scan on sbtest5  (cost=5.60..456.88 rows=114 width=125)
	  Recheck Cond: ((k >= 531597) AND (k <= 531697))
	  ->  Bitmap Index Scan on k_5  (cost=0.00..5.58 rows=114 width=0)
	        Index Cond: ((k >= 531597) AND (k <= 531697))

table 6 : explain SELECT k, c FROM sbtest6 WHERE k BETWEEN 531597 AND 531697
	Bitmap Heap Scan on sbtest6  (cost=5.43..389.83 rows=97 width=125)
	  Recheck Cond: ((k >= 531597) AND (k <= 531697))
	  ->  Bitmap Index Scan on k_6  (cost=0.00..5.40 rows=97 width=0)
	        Index Cond: ((k >= 531597) AND (k <= 531697))

table 7 : explain SELECT k, c FROM sbtest7 WHERE k BETWEEN 531597 AND 531697
	Bitmap Heap Scan on sbtest7  (cost=5.60..456.89 rows=114 width=125)
	  Recheck Cond: ((k >= 531597) AND (k <= 531697))
	  ->  Bitmap Index Scan on k_7  (cost=0.00..5.58 rows=114 width=0)
	        Index Cond: ((k >= 531597) AND (k <= 531697))

table 8 : explain SELECT k, c FROM sbtest8 WHERE k BETWEEN 531597 AND 531697
	Bitmap Heap Scan on sbtest8  (cost=5.61..460.83 rows=115 width=125)
	  Recheck Cond: ((k >= 531597) AND (k <= 531697))
	  ->  Bitmap Index Scan on k_8  (cost=0.00..5.58 rows=115 width=0)
	        Index Cond: ((k >= 531597) AND (k <= 531697))

explain: for range-notcovered :: explain SELECT k, c FROM sbtest%d WHERE k BETWEEN 7980482 AND 7980582
for range-notcovered
table 1 : explain SELECT k, c FROM sbtest1 WHERE k BETWEEN 4775522 AND 4775622
	Bitmap Heap Scan on sbtest1  (cost=5.62..464.76 rows=116 width=125)
	  Recheck Cond: ((k >= 4775522) AND (k <= 4775622))
	  ->  Bitmap Index Scan on k_1  (cost=0.00..5.59 rows=116 width=0)
	        Index Cond: ((k >= 4775522) AND (k <= 4775622))

table 2 : explain SELECT k, c FROM sbtest2 WHERE k BETWEEN 4775522 AND 4775622
	Bitmap Heap Scan on sbtest2  (cost=5.51..421.40 rows=105 width=125)
	  Recheck Cond: ((k >= 4775522) AND (k <= 4775622))
	  ->  Bitmap Index Scan on k_2  (cost=0.00..5.48 rows=105 width=0)
	        Index Cond: ((k >= 4775522) AND (k <= 4775622))

table 3 : explain SELECT k, c FROM sbtest3 WHERE k BETWEEN 4775522 AND 4775622
	Bitmap Heap Scan on sbtest3  (cost=5.41..381.94 rows=95 width=125)
	  Recheck Cond: ((k >= 4775522) AND (k <= 4775622))
	  ->  Bitmap Index Scan on k_3  (cost=0.00..5.38 rows=95 width=0)
	        Index Cond: ((k >= 4775522) AND (k <= 4775622))

table 4 : explain SELECT k, c FROM sbtest4 WHERE k BETWEEN 4775522 AND 4775622
	Bitmap Heap Scan on sbtest4  (cost=5.48..409.58 rows=102 width=125)
	  Recheck Cond: ((k >= 4775522) AND (k <= 4775622))
	  ->  Bitmap Index Scan on k_4  (cost=0.00..5.45 rows=102 width=0)
	        Index Cond: ((k >= 4775522) AND (k <= 4775622))

table 5 : explain SELECT k, c FROM sbtest5 WHERE k BETWEEN 4775522 AND 4775622
	Bitmap Heap Scan on sbtest5  (cost=5.44..393.79 rows=98 width=125)
	  Recheck Cond: ((k >= 4775522) AND (k <= 4775622))
	  ->  Bitmap Index Scan on k_5  (cost=0.00..5.42 rows=98 width=0)
	        Index Cond: ((k >= 4775522) AND (k <= 4775622))

table 6 : explain SELECT k, c FROM sbtest6 WHERE k BETWEEN 4775522 AND 4775622
	Bitmap Heap Scan on sbtest6  (cost=5.53..429.28 rows=107 width=125)
	  Recheck Cond: ((k >= 4775522) AND (k <= 4775622))
	  ->  Bitmap Index Scan on k_6  (cost=0.00..5.50 rows=107 width=0)
	        Index Cond: ((k >= 4775522) AND (k <= 4775622))

table 7 : explain SELECT k, c FROM sbtest7 WHERE k BETWEEN 4775522 AND 4775622
	Bitmap Heap Scan on sbtest7  (cost=5.53..429.29 rows=107 width=125)
	  Recheck Cond: ((k >= 4775522) AND (k <= 4775622))
	  ->  Bitmap Index Scan on k_7  (cost=0.00..5.50 rows=107 width=0)
	        Index Cond: ((k >= 4775522) AND (k <= 4775622))

table 8 : explain SELECT k, c FROM sbtest8 WHERE k BETWEEN 4775522 AND 4775622
	Bitmap Heap Scan on sbtest8  (cost=5.56..441.12 rows=110 width=125)
	  Recheck Cond: ((k >= 4775522) AND (k <= 4775622))
	  ->  Bitmap Index Scan on k_8  (cost=0.00..5.53 rows=110 width=0)
	        Index Cond: ((k >= 4775522) AND (k <= 4775622))

for range-notcovered
table 1 : explain SELECT k, c FROM sbtest1 WHERE k BETWEEN 3643322 AND 3643422
	Bitmap Heap Scan on sbtest1  (cost=5.45..397.73 rows=99 width=125)
	  Recheck Cond: ((k >= 3643322) AND (k <= 3643422))
	  ->  Bitmap Index Scan on k_1  (cost=0.00..5.42 rows=99 width=0)
	        Index Cond: ((k >= 3643322) AND (k <= 3643422))

table 2 : explain SELECT k, c FROM sbtest2 WHERE k BETWEEN 3643322 AND 3643422
	Bitmap Heap Scan on sbtest2  (cost=5.46..401.68 rows=100 width=125)
	  Recheck Cond: ((k >= 3643322) AND (k <= 3643422))
	  ->  Bitmap Index Scan on k_2  (cost=0.00..5.43 rows=100 width=0)
	        Index Cond: ((k >= 3643322) AND (k <= 3643422))

table 3 : explain SELECT k, c FROM sbtest3 WHERE k BETWEEN 3643322 AND 3643422
	Bitmap Heap Scan on sbtest3  (cost=5.48..409.56 rows=102 width=125)
	  Recheck Cond: ((k >= 3643322) AND (k <= 3643422))
	  ->  Bitmap Index Scan on k_3  (cost=0.00..5.45 rows=102 width=0)
	        Index Cond: ((k >= 3643322) AND (k <= 3643422))

table 4 : explain SELECT k, c FROM sbtest4 WHERE k BETWEEN 3643322 AND 3643422
	Bitmap Heap Scan on sbtest4  (cost=5.52..425.36 rows=106 width=125)
	  Recheck Cond: ((k >= 3643322) AND (k <= 3643422))
	  ->  Bitmap Index Scan on k_4  (cost=0.00..5.50 rows=106 width=0)
	        Index Cond: ((k >= 3643322) AND (k <= 3643422))

table 5 : explain SELECT k, c FROM sbtest5 WHERE k BETWEEN 3643322 AND 3643422
	Bitmap Heap Scan on sbtest5  (cost=5.55..437.18 rows=109 width=125)
	  Recheck Cond: ((k >= 3643322) AND (k <= 3643422))
	  ->  Bitmap Index Scan on k_5  (cost=0.00..5.52 rows=109 width=0)
	        Index Cond: ((k >= 3643322) AND (k <= 3643422))

table 6 : explain SELECT k, c FROM sbtest6 WHERE k BETWEEN 3643322 AND 3643422
	Bitmap Heap Scan on sbtest6  (cost=5.54..433.22 rows=108 width=125)
	  Recheck Cond: ((k >= 3643322) AND (k <= 3643422))
	  ->  Bitmap Index Scan on k_6  (cost=0.00..5.51 rows=108 width=0)
	        Index Cond: ((k >= 3643322) AND (k <= 3643422))

table 7 : explain SELECT k, c FROM sbtest7 WHERE k BETWEEN 3643322 AND 3643422
	Bitmap Heap Scan on sbtest7  (cost=5.36..362.20 rows=90 width=125)
	  Recheck Cond: ((k >= 3643322) AND (k <= 3643422))
	  ->  Bitmap Index Scan on k_7  (cost=0.00..5.33 rows=90 width=0)
	        Index Cond: ((k >= 3643322) AND (k <= 3643422))

table 8 : explain SELECT k, c FROM sbtest8 WHERE k BETWEEN 3643322 AND 3643422
	Bitmap Heap Scan on sbtest8  (cost=5.52..425.35 rows=106 width=125)
	  Recheck Cond: ((k >= 3643322) AND (k <= 3643422))
	  ->  Bitmap Index Scan on k_8  (cost=0.00..5.50 rows=106 width=0)
	        Index Cond: ((k >= 3643322) AND (k <= 3643422))

explain: for range-notcovered :: explain SELECT k, c FROM sbtest%d WHERE k BETWEEN 4961523 AND 4961623

explain: for range-notcovered :: explain SELECT k, c FROM sbtest%d WHERE k BETWEEN 4845292 AND 4845392explain: for range-notcovered :: explain SELECT k, c FROM sbtest%d WHERE k BETWEEN 3652200 AND 3652300
for range-notcovered
table 1 : explain SELECT k, c FROM sbtest1 WHERE k BETWEEN 4399955 AND 4400055
	Bitmap Heap Scan on sbtest1  (cost=5.45..397.73 rows=99 width=125)
	  Recheck Cond: ((k >= 4399955) AND (k <= 4400055))
	  ->  Bitmap Index Scan on k_1  (cost=0.00..5.42 rows=99 width=0)
	        Index Cond: ((k >= 4399955) AND (k <= 4400055))

table 2 : explain SELECT k, c FROM sbtest2 WHERE k BETWEEN 4399955 AND 4400055
	Bitmap Heap Scan on sbtest2  (cost=5.50..417.46 rows=104 width=125)
	  Recheck Cond: ((k >= 4399955) AND (k <= 4400055))
	  ->  Bitmap Index Scan on k_2  (cost=0.00..5.47 rows=104 width=0)
	        Index Cond: ((k >= 4399955) AND (k <= 4400055))

table 3 : explain SELECT k, c FROM sbtest3 WHERE k BETWEEN 4399955 AND 4400055
	Bitmap Heap Scan on sbtest3  (cost=5.41..381.94 rows=95 width=125)
	  Recheck Cond: ((k >= 4399955) AND (k <= 4400055))
	  ->  Bitmap Index Scan on k_3  (cost=0.00..5.38 rows=95 width=0)
	        Index Cond: ((k >= 4399955) AND (k <= 4400055))

table 4 : explain SELECT k, c FROM sbtest4 WHERE k BETWEEN 4399955 AND 4400055
	Bitmap Heap Scan on sbtest4  (cost=5.48..409.58 rows=102 width=125)
	  Recheck Cond: ((k >= 4399955) AND (k <= 4400055))
	  ->  Bitmap Index Scan on k_4  (cost=0.00..5.45 rows=102 width=0)
	        Index Cond: ((k >= 4399955) AND (k <= 4400055))

table 5 : explain SELECT k, c FROM sbtest5 WHERE k BETWEEN 4399955 AND 4400055
	Bitmap Heap Scan on sbtest5  (cost=5.45..397.73 rows=99 width=125)
	  Recheck Cond: ((k >= 4399955) AND (k <= 4400055))
	  ->  Bitmap Index Scan on k_5  (cost=0.00..5.42 rows=99 width=0)
	        Index Cond: ((k >= 4399955) AND (k <= 4400055))

table 6 : explain SELECT k, c FROM sbtest6 WHERE k BETWEEN 4399955 AND 4400055
	Bitmap Heap Scan on sbtest6  (cost=5.50..417.45 rows=104 width=125)
	  Recheck Cond: ((k >= 4399955) AND (k <= 4400055))
	  ->  Bitmap Index Scan on k_6  (cost=0.00..5.47 rows=104 width=0)
	        Index Cond: ((k >= 4399955) AND (k <= 4400055))

table 7 : explain SELECT k, c FROM sbtest7 WHERE k BETWEEN 4399955 AND 4400055
	Bitmap Heap Scan on sbtest7  (cost=5.50..417.46 rows=104 width=125)
	  Recheck Cond: ((k >= 4399955) AND (k <= 4400055))
	  ->  Bitmap Index Scan on k_7  (cost=0.00..5.47 rows=104 width=0)
	        Index Cond: ((k >= 4399955) AND (k <= 4400055))

table 8 : explain SELECT k, c FROM sbtest8 WHERE k BETWEEN 4399955 AND 4400055
	Bitmap Heap Scan on sbtest8  (cost=5.49..413.52 rows=103 width=125)
	  Recheck Cond: ((k >= 4399955) AND (k <= 4400055))
	  ->  Bitmap Index Scan on k_8  (cost=0.00..5.46 rows=103 width=0)
	        Index Cond: ((k >= 4399955) AND (k <= 4400055))


explain: for range-notcovered :: explain SELECT k, c FROM sbtest%d WHERE k BETWEEN 5583038 AND 5583138

for range-notcovered
table 1 : explain SELECT k, c FROM sbtest1 WHERE k BETWEEN 6537529 AND 6537629
	Bitmap Heap Scan on sbtest1  (cost=5.47..405.62 rows=101 width=125)
	  Recheck Cond: ((k >= 6537529) AND (k <= 6537629))
	  ->  Bitmap Index Scan on k_1  (cost=0.00..5.44 rows=101 width=0)
	        Index Cond: ((k >= 6537529) AND (k <= 6537629))

table 2 : explain SELECT k, c FROM sbtest2 WHERE k BETWEEN 6537529 AND 6537629
	Bitmap Heap Scan on sbtest2  (cost=5.52..425.35 rows=106 width=125)
	  Recheck Cond: ((k >= 6537529) AND (k <= 6537629))
	  ->  Bitmap Index Scan on k_2  (cost=0.00..5.50 rows=106 width=0)
	        Index Cond: ((k >= 6537529) AND (k <= 6537629))

table 3 : explain SELECT k, c FROM sbtest3 WHERE k BETWEEN 6537529 AND 6537629
	Bitmap Heap Scan on sbtest3  (cost=5.37..366.14 rows=91 width=125)
	  Recheck Cond: ((k >= 6537529) AND (k <= 6537629))
	  ->  Bitmap Index Scan on k_3  (cost=0.00..5.34 rows=91 width=0)
	        Index Cond: ((k >= 6537529) AND (k <= 6537629))

table 4 : explain SELECT k, c FROM sbtest4 WHERE k BETWEEN 6537529 AND 6537629
	Bitmap Heap Scan on sbtest4  (cost=5.58..449.01 rows=112 width=125)
	  Recheck Cond: ((k >= 6537529) AND (k <= 6537629))
	  ->  Bitmap Index Scan on k_4  (cost=0.00..5.55 rows=112 width=0)
	        Index Cond: ((k >= 6537529) AND (k <= 6537629))

table 5 : explain SELECT k, c FROM sbtest5 WHERE k BETWEEN 6537529 AND 6537629
	Bitmap Heap Scan on sbtest5  (cost=5.48..409.57 rows=102 width=125)
	  Recheck Cond: ((k >= 6537529) AND (k <= 6537629))
	  ->  Bitmap Index Scan on k_5  (cost=0.00..5.45 rows=102 width=0)
	        Index Cond: ((k >= 6537529) AND (k <= 6537629))

table 6 : explain SELECT k, c FROM sbtest6 WHERE k BETWEEN 6537529 AND 6537629
	Bitmap Heap Scan on sbtest6  (cost=5.44..393.78 rows=98 width=125)
	  Recheck Cond: ((k >= 6537529) AND (k <= 6537629))
	  ->  Bitmap Index Scan on k_6  (cost=0.00..5.42 rows=98 width=0)
	        Index Cond: ((k >= 6537529) AND (k <= 6537629))

table 7 : explain SELECT k, c FROM sbtest7 WHERE k BETWEEN 6537529 AND 6537629
	Bitmap Heap Scan on sbtest7  (cost=5.45..397.73 rows=99 width=125)
	  Recheck Cond: ((k >= 6537529) AND (k <= 6537629))
	  ->  Bitmap Index Scan on k_7  (cost=0.00..5.42 rows=99 width=0)
	        Index Cond: ((k >= 6537529) AND (k <= 6537629))

table 8 : explain SELECT k, c FROM sbtest8 WHERE k BETWEEN 6537529 AND 6537629
	Bitmap Heap Scan on sbtest8  (cost=5.48..409.57 rows=102 width=125)
	  Recheck Cond: ((k >= 6537529) AND (k <= 6537629))
	  ->  Bitmap Index Scan on k_8  (cost=0.00..5.45 rows=102 width=0)
	        Index Cond: ((k >= 6537529) AND (k <= 6537629))

explain: for range-notcovered :: explain SELECT k, c FROM sbtest%d WHERE k BETWEEN 531597 AND 531697
for range-notcovered
table 1 : explain SELECT k, c FROM sbtest1 WHERE k BETWEEN 1519737 AND 1519837
	Bitmap Heap Scan on sbtest1  (cost=5.45..397.73 rows=99 width=125)
	  Recheck Cond: ((k >= 1519737) AND (k <= 1519837))
	  ->  Bitmap Index Scan on k_1  (cost=0.00..5.42 rows=99 width=0)
	        Index Cond: ((k >= 1519737) AND (k <= 1519837))

table 2 : explain SELECT k, c FROM sbtest2 WHERE k BETWEEN 1519737 AND 1519837
	Bitmap Heap Scan on sbtest2  (cost=5.52..425.35 rows=106 width=125)
	  Recheck Cond: ((k >= 1519737) AND (k <= 1519837))
	  ->  Bitmap Index Scan on k_2  (cost=0.00..5.50 rows=106 width=0)
	        Index Cond: ((k >= 1519737) AND (k <= 1519837))

table 3 : explain SELECT k, c FROM sbtest3 WHERE k BETWEEN 1519737 AND 1519837
	Bitmap Heap Scan on sbtest3  (cost=5.50..417.45 rows=104 width=125)
	  Recheck Cond: ((k >= 1519737) AND (k <= 1519837))
	  ->  Bitmap Index Scan on k_3  (cost=0.00..5.47 rows=104 width=0)
	        Index Cond: ((k >= 1519737) AND (k <= 1519837))

table 4 : explain SELECT k, c FROM sbtest4 WHERE k BETWEEN 1519737 AND 1519837
	Bitmap Heap Scan on sbtest4  (cost=5.39..374.05 rows=93 width=125)
	  Recheck Cond: ((k >= 1519737) AND (k <= 1519837))
	  ->  Bitmap Index Scan on k_4  (cost=0.00..5.36 rows=93 width=0)
	        Index Cond: ((k >= 1519737) AND (k <= 1519837))

table 5 : explain SELECT k, c FROM sbtest5 WHERE k BETWEEN 1519737 AND 1519837
	Bitmap Heap Scan on sbtest5  (cost=5.52..425.35 rows=106 width=125)
	  Recheck Cond: ((k >= 1519737) AND (k <= 1519837))
	  ->  Bitmap Index Scan on k_5  (cost=0.00..5.50 rows=106 width=0)
	        Index Cond: ((k >= 1519737) AND (k <= 1519837))

table 6 : explain SELECT k, c FROM sbtest6 WHERE k BETWEEN 1519737 AND 1519837
	Bitmap Heap Scan on sbtest6  (cost=5.44..393.78 rows=98 width=125)
	  Recheck Cond: ((k >= 1519737) AND (k <= 1519837))
	  ->  Bitmap Index Scan on k_6  (cost=0.00..5.42 rows=98 width=0)
	        Index Cond: ((k >= 1519737) AND (k <= 1519837))

table 7 : explain SELECT k, c FROM sbtest7 WHERE k BETWEEN 1519737 AND 1519837
	Bitmap Heap Scan on sbtest7  (cost=5.70..492.34 rows=123 width=125)
	  Recheck Cond: ((k >= 1519737) AND (k <= 1519837))
	  ->  Bitmap Index Scan on k_7  (cost=0.00..5.67 rows=123 width=0)
	        Index Cond: ((k >= 1519737) AND (k <= 1519837))

table 8 : explain SELECT k, c FROM sbtest8 WHERE k BETWEEN 1519737 AND 1519837
	Bitmap Heap Scan on sbtest8  (cost=5.55..437.18 rows=109 width=125)
	  Recheck Cond: ((k >= 1519737) AND (k <= 1519837))
	  ->  Bitmap Index Scan on k_8  (cost=0.00..5.52 rows=109 width=0)
	        Index Cond: ((k >= 1519737) AND (k <= 1519837))

for range-notcovered
table 1 : explain SELECT k, c FROM sbtest1 WHERE k BETWEEN 931144 AND 931244
	Bitmap Heap Scan on sbtest1  (cost=5.50..417.46 rows=104 width=125)
	  Recheck Cond: ((k >= 931144) AND (k <= 931244))
	  ->  Bitmap Index Scan on k_1  (cost=0.00..5.47 rows=104 width=0)
	        Index Cond: ((k >= 931144) AND (k <= 931244))

table 2 : explain SELECT k, c FROM sbtest2 WHERE k BETWEEN 931144 AND 931244
	Bitmap Heap Scan on sbtest2  (cost=5.48..409.57 rows=102 width=125)
	  Recheck Cond: ((k >= 931144) AND (k <= 931244))
	  ->  Bitmap Index Scan on k_2  (cost=0.00..5.45 rows=102 width=0)
	        Index Cond: ((k >= 931144) AND (k <= 931244))

table 3 : explain SELECT k, c FROM sbtest3 WHERE k BETWEEN 931144 AND 931244
	Bitmap Heap Scan on sbtest3  (cost=5.47..405.62 rows=101 width=125)
	  Recheck Cond: ((k >= 931144) AND (k <= 931244))
	  ->  Bitmap Index Scan on k_3  (cost=0.00..5.44 rows=101 width=0)
	        Index Cond: ((k >= 931144) AND (k <= 931244))

table 4 : explain SELECT k, c FROM sbtest4 WHERE k BETWEEN 931144 AND 931244
	Bitmap Heap Scan on sbtest4  (cost=5.46..401.69 rows=100 width=125)
	  Recheck Cond: ((k >= 931144) AND (k <= 931244))
	  ->  Bitmap Index Scan on k_4  (cost=0.00..5.43 rows=100 width=0)
	        Index Cond: ((k >= 931144) AND (k <= 931244))

table 5 : explain SELECT k, c FROM sbtest5 WHERE k BETWEEN 931144 AND 931244
	Bitmap Heap Scan on sbtest5  (cost=5.55..437.18 rows=109 width=125)
	  Recheck Cond: ((k >= 931144) AND (k <= 931244))
	  ->  Bitmap Index Scan on k_5  (cost=0.00..5.52 rows=109 width=0)
	        Index Cond: ((k >= 931144) AND (k <= 931244))

table 6 : explain SELECT k, c FROM sbtest6 WHERE k BETWEEN 931144 AND 931244
	Bitmap Heap Scan on sbtest6  (cost=5.42..385.88 rows=96 width=125)
	  Recheck Cond: ((k >= 931144) AND (k <= 931244))
	  ->  Bitmap Index Scan on k_6  (cost=0.00..5.39 rows=96 width=0)
	        Index Cond: ((k >= 931144) AND (k <= 931244))

table 7 : explain SELECT k, c FROM sbtest7 WHERE k BETWEEN 931144 AND 931244
	Bitmap Heap Scan on sbtest7  (cost=5.54..433.24 rows=108 width=125)
	  Recheck Cond: ((k >= 931144) AND (k <= 931244))
	  ->  Bitmap Index Scan on k_7  (cost=0.00..5.51 rows=108 width=0)
	        Index Cond: ((k >= 931144) AND (k <= 931244))

table 8 : explain SELECT k, c FROM sbtest8 WHERE k BETWEEN 931144 AND 931244
	Bitmap Heap Scan on sbtest8  (cost=5.46..401.68 rows=100 width=125)
	  Recheck Cond: ((k >= 931144) AND (k <= 931244))
	  ->  Bitmap Index Scan on k_8  (cost=0.00..5.43 rows=100 width=0)
	        Index Cond: ((k >= 931144) AND (k <= 931244))
explain: for range-notcovered :: explain SELECT k, c FROM sbtest%d WHERE k BETWEEN 4399955 AND 4400055


for range-notcovered
table 1 : explain SELECT k, c FROM sbtest1 WHERE k BETWEEN 3177838 AND 3177938
	Bitmap Heap Scan on sbtest1  (cost=5.55..437.17 rows=109 width=125)
	  Recheck Cond: ((k >= 3177838) AND (k <= 3177938))
	  ->  Bitmap Index Scan on k_1  (cost=0.00..5.52 rows=109 width=0)
	        Index Cond: ((k >= 3177838) AND (k <= 3177938))

table 2 : explain SELECT k, c FROM sbtest2 WHERE k BETWEEN 3177838 AND 3177938
	Bitmap Heap Scan on sbtest2  (cost=5.44..393.79 rows=98 width=125)
	  Recheck Cond: ((k >= 3177838) AND (k <= 3177938))
	  ->  Bitmap Index Scan on k_2  (cost=0.00..5.42 rows=98 width=0)
	        Index Cond: ((k >= 3177838) AND (k <= 3177938))

table 3 : explain SELECT k, c FROM sbtest3 WHERE k BETWEEN 3177838 AND 3177938
	Bitmap Heap Scan on sbtest3  (cost=5.49..413.51 rows=103 width=125)
	  Recheck Cond: ((k >= 3177838) AND (k <= 3177938))
	  ->  Bitmap Index Scan on k_3  (cost=0.00..5.46 rows=103 width=0)
	        Index Cond: ((k >= 3177838) AND (k <= 3177938))

table 4 : explain SELECT k, c FROM sbtest4 WHERE k BETWEEN 3177838 AND 3177938
	Bitmap Heap Scan on sbtest4  (cost=5.54..433.24 rows=108 width=125)
	  Recheck Cond: ((k >= 3177838) AND (k <= 3177938))
	  ->  Bitmap Index Scan on k_4  (cost=0.00..5.51 rows=108 width=0)
	        Index Cond: ((k >= 3177838) AND (k <= 3177938))

table 5 : explain SELECT k, c FROM sbtest5 WHERE k BETWEEN 3177838 AND 3177938
	Bitmap Heap Scan on sbtest5  (cost=5.46..401.68 rows=100 width=125)
	  Recheck Cond: ((k >= 3177838) AND (k <= 3177938))
	  ->  Bitmap Index Scan on k_5  (cost=0.00..5.43 rows=100 width=0)
	        Index Cond: ((k >= 3177838) AND (k <= 3177938))

table 6 : explain SELECT k, c FROM sbtest6 WHERE k BETWEEN 3177838 AND 3177938
	Bitmap Heap Scan on sbtest6  (cost=5.58..448.99 rows=112 width=125)
	  Recheck Cond: ((k >= 3177838) AND (k <= 3177938))
	  ->  Bitmap Index Scan on k_6  (cost=0.00..5.55 rows=112 width=0)
	        Index Cond: ((k >= 3177838) AND (k <= 3177938))

table 7 : explain SELECT k, c FROM sbtest7 WHERE k BETWEEN 3177838 AND 3177938
	Bitmap Heap Scan on sbtest7  (cost=5.45..397.73 rows=99 width=125)
	  Recheck Cond: ((k >= 3177838) AND (k <= 3177938))
	  ->  Bitmap Index Scan on k_7  (cost=0.00..5.42 rows=99 width=0)
	        Index Cond: ((k >= 3177838) AND (k <= 3177938))

table 8 : explain SELECT k, c FROM sbtest8 WHERE k BETWEEN 3177838 AND 3177938
	Bitmap Heap Scan on sbtest8  (cost=5.51..421.40 rows=105 width=125)
	  Recheck Cond: ((k >= 3177838) AND (k <= 3177938))
	  ->  Bitmap Index Scan on k_8  (cost=0.00..5.48 rows=105 width=0)
	        Index Cond: ((k >= 3177838) AND (k <= 3177938))
explain: for range-notcovered :: explain SELECT k, c FROM sbtest%d WHERE k BETWEEN 4692475 AND 4692575
explain: for range-notcovered :: explain SELECT k, c FROM sbtest%d WHERE k BETWEEN 3643322 AND 3643422explain: for range-notcovered :: explain SELECT k, c FROM sbtest%d WHERE k BETWEEN 4404507 AND 4404607for range-notcovered
table 1 : explain SELECT k, c FROM sbtest1 WHERE k BETWEEN 2288614 AND 2288714
	Bitmap Heap Scan on sbtest1  (cost=5.56..441.12 rows=110 width=125)
	  Recheck Cond: ((k >= 2288614) AND (k <= 2288714))
	  ->  Bitmap Index Scan on k_1  (cost=0.00..5.53 rows=110 width=0)
	        Index Cond: ((k >= 2288614) AND (k <= 2288714))

table 2 : explain SELECT k, c FROM sbtest2 WHERE k BETWEEN 2288614 AND 2288714
	Bitmap Heap Scan on sbtest2  (cost=5.41..381.94 rows=95 width=125)
	  Recheck Cond: ((k >= 2288614) AND (k <= 2288714))
	  ->  Bitmap Index Scan on k_2  (cost=0.00..5.38 rows=95 width=0)
	        Index Cond: ((k >= 2288614) AND (k <= 2288714))

table 3 : explain SELECT k, c FROM sbtest3 WHERE k BETWEEN 2288614 AND 2288714
	Bitmap Heap Scan on sbtest3  (cost=5.49..413.51 rows=103 width=125)
	  Recheck Cond: ((k >= 2288614) AND (k <= 2288714))
	  ->  Bitmap Index Scan on k_3  (cost=0.00..5.46 rows=103 width=0)
	        Index Cond: ((k >= 2288614) AND (k <= 2288714))

table 4 : explain SELECT k, c FROM sbtest4 WHERE k BETWEEN 2288614 AND 2288714
	Bitmap Heap Scan on sbtest4  (cost=5.35..358.25 rows=89 width=125)
	  Recheck Cond: ((k >= 2288614) AND (k <= 2288714))
	  ->  Bitmap Index Scan on k_4  (cost=0.00..5.32 rows=89 width=0)
	        Index Cond: ((k >= 2288614) AND (k <= 2288714))

table 5 : explain SELECT k, c FROM sbtest5 WHERE k BETWEEN 2288614 AND 2288714
	Bitmap Heap Scan on sbtest5  (cost=5.53..429.29 rows=107 width=125)
	  Recheck Cond: ((k >= 2288614) AND (k <= 2288714))
	  ->  Bitmap Index Scan on k_5  (cost=0.00..5.50 rows=107 width=0)
	        Index Cond: ((k >= 2288614) AND (k <= 2288714))

table 6 : explain SELECT k, c FROM sbtest6 WHERE k BETWEEN 2288614 AND 2288714
	Bitmap Heap Scan on sbtest6  (cost=5.48..409.56 rows=102 width=125)
	  Recheck Cond: ((k >= 2288614) AND (k <= 2288714))
	  ->  Bitmap Index Scan on k_6  (cost=0.00..5.45 rows=102 width=0)
	        Index Cond: ((k >= 2288614) AND (k <= 2288714))

table 7 : explain SELECT k, c FROM sbtest7 WHERE k BETWEEN 2288614 AND 2288714
	Bitmap Heap Scan on sbtest7  (cost=5.50..417.46 rows=104 width=125)
	  Recheck Cond: ((k >= 2288614) AND (k <= 2288714))
	  ->  Bitmap Index Scan on k_7  (cost=0.00..5.47 rows=104 width=0)
	        Index Cond: ((k >= 2288614) AND (k <= 2288714))

table 8 : explain SELECT k, c FROM sbtest8 WHERE k BETWEEN 2288614 AND 2288714
	Bitmap Heap Scan on sbtest8  (cost=5.46..401.68 rows=100 width=125)
	  Recheck Cond: ((k >= 2288614) AND (k <= 2288714))
	  ->  Bitmap Index Scan on k_8  (cost=0.00..5.43 rows=100 width=0)
	        Index Cond: ((k >= 2288614) AND (k <= 2288714))


explain: for range-notcovered :: explain SELECT k, c FROM sbtest%d WHERE k BETWEEN 2689330 AND 2689430

for range-notcovered
table 1 : explain SELECT k, c FROM sbtest1 WHERE k BETWEEN 5049096 AND 5049196
	Bitmap Heap Scan on sbtest1  (cost=5.46..401.68 rows=100 width=125)
	  Recheck Cond: ((k >= 5049096) AND (k <= 5049196))
	  ->  Bitmap Index Scan on k_1  (cost=0.00..5.43 rows=100 width=0)
	        Index Cond: ((k >= 5049096) AND (k <= 5049196))

table 2 : explain SELECT k, c FROM sbtest2 WHERE k BETWEEN 5049096 AND 5049196
	Bitmap Heap Scan on sbtest2  (cost=5.47..405.62 rows=101 width=125)
	  Recheck Cond: ((k >= 5049096) AND (k <= 5049196))
	  ->  Bitmap Index Scan on k_2  (cost=0.00..5.44 rows=101 width=0)
	        Index Cond: ((k >= 5049096) AND (k <= 5049196))

table 3 : explain SELECT k, c FROM sbtest3 WHERE k BETWEEN 5049096 AND 5049196
	Bitmap Heap Scan on sbtest3  (cost=5.48..409.56 rows=102 width=125)
	  Recheck Cond: ((k >= 5049096) AND (k <= 5049196))
	  ->  Bitmap Index Scan on k_3  (cost=0.00..5.45 rows=102 width=0)
	        Index Cond: ((k >= 5049096) AND (k <= 5049196))

table 4 : explain SELECT k, c FROM sbtest4 WHERE k BETWEEN 5049096 AND 5049196
	Bitmap Heap Scan on sbtest4  (cost=5.49..413.52 rows=103 width=125)
	  Recheck Cond: ((k >= 5049096) AND (k <= 5049196))
	  ->  Bitmap Index Scan on k_4  (cost=0.00..5.46 rows=103 width=0)
	        Index Cond: ((k >= 5049096) AND (k <= 5049196))

table 5 : explain SELECT k, c FROM sbtest5 WHERE k BETWEEN 5049096 AND 5049196
	Bitmap Heap Scan on sbtest5  (cost=5.63..468.71 rows=117 width=125)
	  Recheck Cond: ((k >= 5049096) AND (k <= 5049196))
	  ->  Bitmap Index Scan on k_5  (cost=0.00..5.60 rows=117 width=0)
	        Index Cond: ((k >= 5049096) AND (k <= 5049196))

table 6 : explain SELECT k, c FROM sbtest6 WHERE k BETWEEN 5049096 AND 5049196
	Bitmap Heap Scan on sbtest6  (cost=5.44..393.78 rows=98 width=125)
	  Recheck Cond: ((k >= 5049096) AND (k <= 5049196))
	  ->  Bitmap Index Scan on k_6  (cost=0.00..5.42 rows=98 width=0)
	        Index Cond: ((k >= 5049096) AND (k <= 5049196))

table 7 : explain SELECT k, c FROM sbtest7 WHERE k BETWEEN 5049096 AND 5049196
	Bitmap Heap Scan on sbtest7  (cost=5.41..381.94 rows=95 width=125)
	  Recheck Cond: ((k >= 5049096) AND (k <= 5049196))
	  ->  Bitmap Index Scan on k_7  (cost=0.00..5.38 rows=95 width=0)
	        Index Cond: ((k >= 5049096) AND (k <= 5049196))

table 8 : explain SELECT k, c FROM sbtest8 WHERE k BETWEEN 5049096 AND 5049196
	Bitmap Heap Scan on sbtest8  (cost=5.57..445.06 rows=111 width=125)
	  Recheck Cond: ((k >= 5049096) AND (k <= 5049196))
	  ->  Bitmap Index Scan on k_8  (cost=0.00..5.54 rows=111 width=0)
	        Index Cond: ((k >= 5049096) AND (k <= 5049196))

explain: for range-notcovered :: explain SELECT k, c FROM sbtest%d WHERE k BETWEEN 2288614 AND 2288714
explain: for range-notcovered :: explain SELECT k, c FROM sbtest%d WHERE k BETWEEN 1519737 AND 1519837

explain: for range-notcovered :: explain SELECT k, c FROM sbtest%d WHERE k BETWEEN 3177838 AND 3177938
explain: for range-notcovered :: explain SELECT k, c FROM sbtest%d WHERE k BETWEEN 6537529 AND 6537629
for range-notcovered
table 1 : explain SELECT k, c FROM sbtest1 WHERE k BETWEEN 6373173 AND 6373273
	Bitmap Heap Scan on sbtest1  (cost=5.63..468.70 rows=117 width=125)
	  Recheck Cond: ((k >= 6373173) AND (k <= 6373273))
	  ->  Bitmap Index Scan on k_1  (cost=0.00..5.60 rows=117 width=0)
	        Index Cond: ((k >= 6373173) AND (k <= 6373273))

table 2 : explain SELECT k, c FROM sbtest2 WHERE k BETWEEN 6373173 AND 6373273
	Bitmap Heap Scan on sbtest2  (cost=5.49..413.51 rows=103 width=125)
	  Recheck Cond: ((k >= 6373173) AND (k <= 6373273))
	  ->  Bitmap Index Scan on k_2  (cost=0.00..5.46 rows=103 width=0)
	        Index Cond: ((k >= 6373173) AND (k <= 6373273))

table 3 : explain SELECT k, c FROM sbtest3 WHERE k BETWEEN 6373173 AND 6373273
	Bitmap Heap Scan on sbtest3  (cost=5.51..421.39 rows=105 width=125)
	  Recheck Cond: ((k >= 6373173) AND (k <= 6373273))
	  ->  Bitmap Index Scan on k_3  (cost=0.00..5.48 rows=105 width=0)
	        Index Cond: ((k >= 6373173) AND (k <= 6373273))

table 4 : explain SELECT k, c FROM sbtest4 WHERE k BETWEEN 6373173 AND 6373273
	Bitmap Heap Scan on sbtest4  (cost=5.52..425.36 rows=106 width=125)
	  Recheck Cond: ((k >= 6373173) AND (k <= 6373273))
	  ->  Bitmap Index Scan on k_4  (cost=0.00..5.50 rows=106 width=0)
	        Index Cond: ((k >= 6373173) AND (k <= 6373273))

table 5 : explain SELECT k, c FROM sbtest5 WHERE k BETWEEN 6373173 AND 6373273
	Bitmap Heap Scan on sbtest5  (cost=5.49..413.51 rows=103 width=125)
	  Recheck Cond: ((k >= 6373173) AND (k <= 6373273))
	  ->  Bitmap Index Scan on k_5  (cost=0.00..5.46 rows=103 width=0)
	        Index Cond: ((k >= 6373173) AND (k <= 6373273))

table 6 : explain SELECT k, c FROM sbtest6 WHERE k BETWEEN 6373173 AND 6373273
	Bitmap Heap Scan on sbtest6  (cost=5.41..381.93 rows=95 width=125)
	  Recheck Cond: ((k >= 6373173) AND (k <= 6373273))
	  ->  Bitmap Index Scan on k_6  (cost=0.00..5.38 rows=95 width=0)
	        Index Cond: ((k >= 6373173) AND (k <= 6373273))

table 7 : explain SELECT k, c FROM sbtest7 WHERE k BETWEEN 6373173 AND 6373273
	Bitmap Heap Scan on sbtest7  (cost=5.45..397.73 rows=99 width=125)
	  Recheck Cond: ((k >= 6373173) AND (k <= 6373273))
	  ->  Bitmap Index Scan on k_7  (cost=0.00..5.42 rows=99 width=0)
	        Index Cond: ((k >= 6373173) AND (k <= 6373273))

table 8 : explain SELECT k, c FROM sbtest8 WHERE k BETWEEN 6373173 AND 6373273
	Bitmap Heap Scan on sbtest8  (cost=5.46..401.68 rows=100 width=125)
	  Recheck Cond: ((k >= 6373173) AND (k <= 6373273))
	  ->  Bitmap Index Scan on k_8  (cost=0.00..5.43 rows=100 width=0)
	        Index Cond: ((k >= 6373173) AND (k <= 6373273))


for range-notcovered
table 1 : explain SELECT k, c FROM sbtest1 WHERE k BETWEEN 4395274 AND 4395374
	Bitmap Heap Scan on sbtest1  (cost=5.45..397.73 rows=99 width=125)
	  Recheck Cond: ((k >= 4395274) AND (k <= 4395374))
	  ->  Bitmap Index Scan on k_1  (cost=0.00..5.42 rows=99 width=0)
	        Index Cond: ((k >= 4395274) AND (k <= 4395374))

table 2 : explain SELECT k, c FROM sbtest2 WHERE k BETWEEN 4395274 AND 4395374
	Bitmap Heap Scan on sbtest2  (cost=5.50..417.46 rows=104 width=125)
	  Recheck Cond: ((k >= 4395274) AND (k <= 4395374))
	  ->  Bitmap Index Scan on k_2  (cost=0.00..5.47 rows=104 width=0)
	        Index Cond: ((k >= 4395274) AND (k <= 4395374))

table 3 : explain SELECT k, c FROM sbtest3 WHERE k BETWEEN 4395274 AND 4395374
	Bitmap Heap Scan on sbtest3  (cost=5.41..381.94 rows=95 width=125)
	  Recheck Cond: ((k >= 4395274) AND (k <= 4395374))
	  ->  Bitmap Index Scan on k_3  (cost=0.00..5.38 rows=95 width=0)
	        Index Cond: ((k >= 4395274) AND (k <= 4395374))

table 4 : explain SELECT k, c FROM sbtest4 WHERE k BETWEEN 4395274 AND 4395374
	Bitmap Heap Scan on sbtest4  (cost=5.48..409.58 rows=102 width=125)
	  Recheck Cond: ((k >= 4395274) AND (k <= 4395374))
	  ->  Bitmap Index Scan on k_4  (cost=0.00..5.45 rows=102 width=0)
	        Index Cond: ((k >= 4395274) AND (k <= 4395374))

table 5 : explain SELECT k, c FROM sbtest5 WHERE k BETWEEN 4395274 AND 4395374
	Bitmap Heap Scan on sbtest5  (cost=5.45..397.73 rows=99 width=125)
	  Recheck Cond: ((k >= 4395274) AND (k <= 4395374))
	  ->  Bitmap Index Scan on k_5  (cost=0.00..5.42 rows=99 width=0)
	        Index Cond: ((k >= 4395274) AND (k <= 4395374))

table 6 : explain SELECT k, c FROM sbtest6 WHERE k BETWEEN 4395274 AND 4395374
	Bitmap Heap Scan on sbtest6  (cost=5.50..417.45 rows=104 width=125)
	  Recheck Cond: ((k >= 4395274) AND (k <= 4395374))
	  ->  Bitmap Index Scan on k_6  (cost=0.00..5.47 rows=104 width=0)
	        Index Cond: ((k >= 4395274) AND (k <= 4395374))

table 7 : explain SELECT k, c FROM sbtest7 WHERE k BETWEEN 4395274 AND 4395374
	Bitmap Heap Scan on sbtest7  (cost=5.50..417.46 rows=104 width=125)
	  Recheck Cond: ((k >= 4395274) AND (k <= 4395374))
	  ->  Bitmap Index Scan on k_7  (cost=0.00..5.47 rows=104 width=0)
	        Index Cond: ((k >= 4395274) AND (k <= 4395374))

table 8 : explain SELECT k, c FROM sbtest8 WHERE k BETWEEN 4395274 AND 4395374
	Bitmap Heap Scan on sbtest8  (cost=5.49..413.52 rows=103 width=125)
	  Recheck Cond: ((k >= 4395274) AND (k <= 4395374))
	  ->  Bitmap Index Scan on k_8  (cost=0.00..5.46 rows=103 width=0)
	        Index Cond: ((k >= 4395274) AND (k <= 4395374))

explain: for range-notcovered :: explain SELECT k, c FROM sbtest%d WHERE k BETWEEN 4775522 AND 4775622
explain: for range-notcovered :: explain SELECT k, c FROM sbtest%d WHERE k BETWEEN 5049096 AND 5049196

for range-notcovered
table 1 : explain SELECT k, c FROM sbtest1 WHERE k BETWEEN 4233174 AND 4233274
	Bitmap Heap Scan on sbtest1  (cost=5.42..385.89 rows=96 width=125)
	  Recheck Cond: ((k >= 4233174) AND (k <= 4233274))
	  ->  Bitmap Index Scan on k_1  (cost=0.00..5.39 rows=96 width=0)
	        Index Cond: ((k >= 4233174) AND (k <= 4233274))

table 2 : explain SELECT k, c FROM sbtest2 WHERE k BETWEEN 4233174 AND 4233274
	Bitmap Heap Scan on sbtest2  (cost=5.47..405.62 rows=101 width=125)
	  Recheck Cond: ((k >= 4233174) AND (k <= 4233274))
	  ->  Bitmap Index Scan on k_2  (cost=0.00..5.44 rows=101 width=0)
	        Index Cond: ((k >= 4233174) AND (k <= 4233274))

table 3 : explain SELECT k, c FROM sbtest3 WHERE k BETWEEN 4233174 AND 4233274
	Bitmap Heap Scan on sbtest3  (cost=5.46..401.67 rows=100 width=125)
	  Recheck Cond: ((k >= 4233174) AND (k <= 4233274))
	  ->  Bitmap Index Scan on k_3  (cost=0.00..5.43 rows=100 width=0)
	        Index Cond: ((k >= 4233174) AND (k <= 4233274))

table 4 : explain SELECT k, c FROM sbtest4 WHERE k BETWEEN 4233174 AND 4233274
	Bitmap Heap Scan on sbtest4  (cost=5.53..429.30 rows=107 width=125)
	  Recheck Cond: ((k >= 4233174) AND (k <= 4233274))
	  ->  Bitmap Index Scan on k_4  (cost=0.00..5.50 rows=107 width=0)
	        Index Cond: ((k >= 4233174) AND (k <= 4233274))

table 5 : explain SELECT k, c FROM sbtest5 WHERE k BETWEEN 4233174 AND 4233274
	Bitmap Heap Scan on sbtest5  (cost=5.64..472.64 rows=118 width=125)
	  Recheck Cond: ((k >= 4233174) AND (k <= 4233274))
	  ->  Bitmap Index Scan on k_5  (cost=0.00..5.61 rows=118 width=0)
	        Index Cond: ((k >= 4233174) AND (k <= 4233274))

table 6 : explain SELECT k, c FROM sbtest6 WHERE k BETWEEN 4233174 AND 4233274
	Bitmap Heap Scan on sbtest6  (cost=5.49..413.50 rows=103 width=125)
	  Recheck Cond: ((k >= 4233174) AND (k <= 4233274))
	  ->  Bitmap Index Scan on k_6  (cost=0.00..5.46 rows=103 width=0)
	        Index Cond: ((k >= 4233174) AND (k <= 4233274))

table 7 : explain SELECT k, c FROM sbtest7 WHERE k BETWEEN 4233174 AND 4233274
	Bitmap Heap Scan on sbtest7  (cost=5.52..425.35 rows=106 width=125)
	  Recheck Cond: ((k >= 4233174) AND (k <= 4233274))
	  ->  Bitmap Index Scan on k_7  (cost=0.00..5.50 rows=106 width=0)
	        Index Cond: ((k >= 4233174) AND (k <= 4233274))

table 8 : explain SELECT k, c FROM sbtest8 WHERE k BETWEEN 4233174 AND 4233274
	Bitmap Heap Scan on sbtest8  (cost=5.41..381.94 rows=95 width=125)
	  Recheck Cond: ((k >= 4233174) AND (k <= 4233274))
	  ->  Bitmap Index Scan on k_8  (cost=0.00..5.38 rows=95 width=0)
	        Index Cond: ((k >= 4233174) AND (k <= 4233274))

explain: for range-notcovered :: explain SELECT k, c FROM sbtest%d WHERE k BETWEEN 931144 AND 931244
explain: for range-notcovered :: explain SELECT k, c FROM sbtest%d WHERE k BETWEEN 6373173 AND 6373273
for range-notcovered
table 1 : explain SELECT k, c FROM sbtest1 WHERE k BETWEEN 9205847 AND 9205947
	Bitmap Heap Scan on sbtest1  (cost=5.47..405.62 rows=101 width=125)
	  Recheck Cond: ((k >= 9205847) AND (k <= 9205947))
	  ->  Bitmap Index Scan on k_1  (cost=0.00..5.44 rows=101 width=0)
	        Index Cond: ((k >= 9205847) AND (k <= 9205947))

table 2 : explain SELECT k, c FROM sbtest2 WHERE k BETWEEN 9205847 AND 9205947
	Bitmap Heap Scan on sbtest2  (cost=5.54..433.23 rows=108 width=125)
	  Recheck Cond: ((k >= 9205847) AND (k <= 9205947))
	  ->  Bitmap Index Scan on k_2  (cost=0.00..5.51 rows=108 width=0)
	        Index Cond: ((k >= 9205847) AND (k <= 9205947))

table 3 : explain SELECT k, c FROM sbtest3 WHERE k BETWEEN 9205847 AND 9205947
	Bitmap Heap Scan on sbtest3  (cost=5.47..405.62 rows=101 width=125)
	  Recheck Cond: ((k >= 9205847) AND (k <= 9205947))
	  ->  Bitmap Index Scan on k_3  (cost=0.00..5.44 rows=101 width=0)
	        Index Cond: ((k >= 9205847) AND (k <= 9205947))

table 4 : explain SELECT k, c FROM sbtest4 WHERE k BETWEEN 9205847 AND 9205947
	Bitmap Heap Scan on sbtest4  (cost=5.52..425.36 rows=106 width=125)
	  Recheck Cond: ((k >= 9205847) AND (k <= 9205947))
	  ->  Bitmap Index Scan on k_4  (cost=0.00..5.50 rows=106 width=0)
	        Index Cond: ((k >= 9205847) AND (k <= 9205947))

table 5 : explain SELECT k, c FROM sbtest5 WHERE k BETWEEN 9205847 AND 9205947
	Bitmap Heap Scan on sbtest5  (cost=5.46..401.68 rows=100 width=125)
	  Recheck Cond: ((k >= 9205847) AND (k <= 9205947))
	  ->  Bitmap Index Scan on k_5  (cost=0.00..5.43 rows=100 width=0)
	        Index Cond: ((k >= 9205847) AND (k <= 9205947))

table 6 : explain SELECT k, c FROM sbtest6 WHERE k BETWEEN 9205847 AND 9205947
	Bitmap Heap Scan on sbtest6  (cost=5.52..425.34 rows=106 width=125)
	  Recheck Cond: ((k >= 9205847) AND (k <= 9205947))
	  ->  Bitmap Index Scan on k_6  (cost=0.00..5.50 rows=106 width=0)
	        Index Cond: ((k >= 9205847) AND (k <= 9205947))

table 7 : explain SELECT k, c FROM sbtest7 WHERE k BETWEEN 9205847 AND 9205947
	Bitmap Heap Scan on sbtest7  (cost=5.45..397.73 rows=99 width=125)
	  Recheck Cond: ((k >= 9205847) AND (k <= 9205947))
	  ->  Bitmap Index Scan on k_7  (cost=0.00..5.42 rows=99 width=0)
	        Index Cond: ((k >= 9205847) AND (k <= 9205947))

table 8 : explain SELECT k, c FROM sbtest8 WHERE k BETWEEN 9205847 AND 9205947
	Bitmap Heap Scan on sbtest8  (cost=5.52..425.35 rows=106 width=125)
	  Recheck Cond: ((k >= 9205847) AND (k <= 9205947))
	  ->  Bitmap Index Scan on k_8  (cost=0.00..5.50 rows=106 width=0)
	        Index Cond: ((k >= 9205847) AND (k <= 9205947))

explain: for range-notcovered :: explain SELECT k, c FROM sbtest%d WHERE k BETWEEN 4395274 AND 4395374
for range-notcovered
table 1 : explain SELECT k, c FROM sbtest1 WHERE k BETWEEN 7515649 AND 7515749
	Bitmap Heap Scan on sbtest1  (cost=5.53..429.29 rows=107 width=125)
	  Recheck Cond: ((k >= 7515649) AND (k <= 7515749))
	  ->  Bitmap Index Scan on k_1  (cost=0.00..5.50 rows=107 width=0)
	        Index Cond: ((k >= 7515649) AND (k <= 7515749))

table 2 : explain SELECT k, c FROM sbtest2 WHERE k BETWEEN 7515649 AND 7515749
	Bitmap Heap Scan on sbtest2  (cost=5.53..429.29 rows=107 width=125)
	  Recheck Cond: ((k >= 7515649) AND (k <= 7515749))
	  ->  Bitmap Index Scan on k_2  (cost=0.00..5.50 rows=107 width=0)
	        Index Cond: ((k >= 7515649) AND (k <= 7515749))

table 3 : explain SELECT k, c FROM sbtest3 WHERE k BETWEEN 7515649 AND 7515749
	Bitmap Heap Scan on sbtest3  (cost=5.40..377.99 rows=94 width=125)
	  Recheck Cond: ((k >= 7515649) AND (k <= 7515749))
	  ->  Bitmap Index Scan on k_3  (cost=0.00..5.38 rows=94 width=0)
	        Index Cond: ((k >= 7515649) AND (k <= 7515749))

table 4 : explain SELECT k, c FROM sbtest4 WHERE k BETWEEN 7515649 AND 7515749
	Bitmap Heap Scan on sbtest4  (cost=5.42..385.90 rows=96 width=125)
	  Recheck Cond: ((k >= 7515649) AND (k <= 7515749))
	  ->  Bitmap Index Scan on k_4  (cost=0.00..5.39 rows=96 width=0)
	        Index Cond: ((k >= 7515649) AND (k <= 7515749))

table 5 : explain SELECT k, c FROM sbtest5 WHERE k BETWEEN 7515649 AND 7515749
	Bitmap Heap Scan on sbtest5  (cost=5.47..405.62 rows=101 width=125)
	  Recheck Cond: ((k >= 7515649) AND (k <= 7515749))
	  ->  Bitmap Index Scan on k_5  (cost=0.00..5.44 rows=101 width=0)
	        Index Cond: ((k >= 7515649) AND (k <= 7515749))

table 6 : explain SELECT k, c FROM sbtest6 WHERE k BETWEEN 7515649 AND 7515749
	Bitmap Heap Scan on sbtest6  (cost=5.51..421.39 rows=105 width=125)
	  Recheck Cond: ((k >= 7515649) AND (k <= 7515749))
	  ->  Bitmap Index Scan on k_6  (cost=0.00..5.48 rows=105 width=0)
	        Index Cond: ((k >= 7515649) AND (k <= 7515749))

table 7 : explain SELECT k, c FROM sbtest7 WHERE k BETWEEN 7515649 AND 7515749
	Bitmap Heap Scan on sbtest7  (cost=5.46..401.68 rows=100 width=125)
	  Recheck Cond: ((k >= 7515649) AND (k <= 7515749))
	  ->  Bitmap Index Scan on k_7  (cost=0.00..5.43 rows=100 width=0)
	        Index Cond: ((k >= 7515649) AND (k <= 7515749))

table 8 : explain SELECT k, c FROM sbtest8 WHERE k BETWEEN 7515649 AND 7515749
	Bitmap Heap Scan on sbtest8  (cost=5.56..441.12 rows=110 width=125)
	  Recheck Cond: ((k >= 7515649) AND (k <= 7515749))
	  ->  Bitmap Index Scan on k_8  (cost=0.00..5.53 rows=110 width=0)
	        Index Cond: ((k >= 7515649) AND (k <= 7515749))

explain: for range-notcovered :: explain SELECT k, c FROM sbtest%d WHERE k BETWEEN 4233174 AND 4233274for range-notcovered
table 1 : explain SELECT k, c FROM sbtest1 WHERE k BETWEEN 4816729 AND 4816829
	Bitmap Heap Scan on sbtest1  (cost=5.62..464.76 rows=116 width=125)
	  Recheck Cond: ((k >= 4816729) AND (k <= 4816829))
	  ->  Bitmap Index Scan on k_1  (cost=0.00..5.59 rows=116 width=0)
	        Index Cond: ((k >= 4816729) AND (k <= 4816829))

table 2 : explain SELECT k, c FROM sbtest2 WHERE k BETWEEN 4816729 AND 4816829
	Bitmap Heap Scan on sbtest2  (cost=5.48..409.57 rows=102 width=125)
	  Recheck Cond: ((k >= 4816729) AND (k <= 4816829))
	  ->  Bitmap Index Scan on k_2  (cost=0.00..5.45 rows=102 width=0)
	        Index Cond: ((k >= 4816729) AND (k <= 4816829))

table 3 : explain SELECT k, c FROM sbtest3 WHERE k BETWEEN 4816729 AND 4816829
	Bitmap Heap Scan on sbtest3  (cost=5.48..409.56 rows=102 width=125)
	  Recheck Cond: ((k >= 4816729) AND (k <= 4816829))
	  ->  Bitmap Index Scan on k_3  (cost=0.00..5.45 rows=102 width=0)
	        Index Cond: ((k >= 4816729) AND (k <= 4816829))

table 4 : explain SELECT k, c FROM sbtest4 WHERE k BETWEEN 4816729 AND 4816829
	Bitmap Heap Scan on sbtest4  (cost=5.48..409.58 rows=102 width=125)
	  Recheck Cond: ((k >= 4816729) AND (k <= 4816829))
	  ->  Bitmap Index Scan on k_4  (cost=0.00..5.45 rows=102 width=0)
	        Index Cond: ((k >= 4816729) AND (k <= 4816829))

table 5 : explain SELECT k, c FROM sbtest5 WHERE k BETWEEN 4816729 AND 4816829
	Bitmap Heap Scan on sbtest5  (cost=5.43..389.84 rows=97 width=125)
	  Recheck Cond: ((k >= 4816729) AND (k <= 4816829))
	  ->  Bitmap Index Scan on k_5  (cost=0.00..5.40 rows=97 width=0)
	        Index Cond: ((k >= 4816729) AND (k <= 4816829))

table 6 : explain SELECT k, c FROM sbtest6 WHERE k BETWEEN 4816729 AND 4816829
	Bitmap Heap Scan on sbtest6  (cost=5.53..429.28 rows=107 width=125)
	  Recheck Cond: ((k >= 4816729) AND (k <= 4816829))
	  ->  Bitmap Index Scan on k_6  (cost=0.00..5.50 rows=107 width=0)
	        Index Cond: ((k >= 4816729) AND (k <= 4816829))

table 7 : explain SELECT k, c FROM sbtest7 WHERE k BETWEEN 4816729 AND 4816829
	Bitmap Heap Scan on sbtest7  (cost=5.53..429.29 rows=107 width=125)
	  Recheck Cond: ((k >= 4816729) AND (k <= 4816829))
	  ->  Bitmap Index Scan on k_7  (cost=0.00..5.50 rows=107 width=0)
	        Index Cond: ((k >= 4816729) AND (k <= 4816829))

table 8 : explain SELECT k, c FROM sbtest8 WHERE k BETWEEN 4816729 AND 4816829
	Bitmap Heap Scan on sbtest8  (cost=5.56..441.12 rows=110 width=125)
	  Recheck Cond: ((k >= 4816729) AND (k <= 4816829))
	  ->  Bitmap Index Scan on k_8  (cost=0.00..5.53 rows=110 width=0)
	        Index Cond: ((k >= 4816729) AND (k <= 4816829))

for range-notcovered
table 1 : explain SELECT k, c FROM sbtest1 WHERE k BETWEEN 2181250 AND 2181350
	Bitmap Heap Scan on sbtest1  (cost=5.48..409.57 rows=102 width=125)
	  Recheck Cond: ((k >= 2181250) AND (k <= 2181350))
	  ->  Bitmap Index Scan on k_1  (cost=0.00..5.45 rows=102 width=0)
	        Index Cond: ((k >= 2181250) AND (k <= 2181350))

table 2 : explain SELECT k, c FROM sbtest2 WHERE k BETWEEN 2181250 AND 2181350
	Bitmap Heap Scan on sbtest2  (cost=5.45..397.73 rows=99 width=125)
	  Recheck Cond: ((k >= 2181250) AND (k <= 2181350))
	  ->  Bitmap Index Scan on k_2  (cost=0.00..5.42 rows=99 width=0)
	        Index Cond: ((k >= 2181250) AND (k <= 2181350))

table 3 : explain SELECT k, c FROM sbtest3 WHERE k BETWEEN 2181250 AND 2181350
	Bitmap Heap Scan on sbtest3  (cost=5.52..425.34 rows=106 width=125)
	  Recheck Cond: ((k >= 2181250) AND (k <= 2181350))
	  ->  Bitmap Index Scan on k_3  (cost=0.00..5.50 rows=106 width=0)
	        Index Cond: ((k >= 2181250) AND (k <= 2181350))

table 4 : explain SELECT k, c FROM sbtest4 WHERE k BETWEEN 2181250 AND 2181350
	Bitmap Heap Scan on sbtest4  (cost=5.43..389.85 rows=97 width=125)
	  Recheck Cond: ((k >= 2181250) AND (k <= 2181350))
	  ->  Bitmap Index Scan on k_4  (cost=0.00..5.40 rows=97 width=0)
	        Index Cond: ((k >= 2181250) AND (k <= 2181350))

table 5 : explain SELECT k, c FROM sbtest5 WHERE k BETWEEN 2181250 AND 2181350
	Bitmap Heap Scan on sbtest5  (cost=5.55..437.18 rows=109 width=125)
	  Recheck Cond: ((k >= 2181250) AND (k <= 2181350))
	  ->  Bitmap Index Scan on k_5  (cost=0.00..5.52 rows=109 width=0)
	        Index Cond: ((k >= 2181250) AND (k <= 2181350))

table 6 : explain SELECT k, c FROM sbtest6 WHERE k BETWEEN 2181250 AND 2181350
	Bitmap Heap Scan on sbtest6  (cost=5.56..441.11 rows=110 width=125)
	  Recheck Cond: ((k >= 2181250) AND (k <= 2181350))
	  ->  Bitmap Index Scan on k_6  (cost=0.00..5.53 rows=110 width=0)
	        Index Cond: ((k >= 2181250) AND (k <= 2181350))

table 7 : explain SELECT k, c FROM sbtest7 WHERE k BETWEEN 2181250 AND 2181350
	Bitmap Heap Scan on sbtest7  (cost=5.52..425.35 rows=106 width=125)
	  Recheck Cond: ((k >= 2181250) AND (k <= 2181350))
	  ->  Bitmap Index Scan on k_7  (cost=0.00..5.50 rows=106 width=0)
	        Index Cond: ((k >= 2181250) AND (k <= 2181350))

table 8 : explain SELECT k, c FROM sbtest8 WHERE k BETWEEN 2181250 AND 2181350
	Bitmap Heap Scan on sbtest8  (cost=5.43..389.84 rows=97 width=125)
	  Recheck Cond: ((k >= 2181250) AND (k <= 2181350))
	  ->  Bitmap Index Scan on k_8  (cost=0.00..5.40 rows=97 width=0)
	        Index Cond: ((k >= 2181250) AND (k <= 2181350))


for range-notcovered
table 1 : explain SELECT k, c FROM sbtest1 WHERE k BETWEEN 3624693 AND 3624793
	Bitmap Heap Scan on sbtest1  (cost=5.45..397.73 rows=99 width=125)
	  Recheck Cond: ((k >= 3624693) AND (k <= 3624793))
	  ->  Bitmap Index Scan on k_1  (cost=0.00..5.42 rows=99 width=0)
	        Index Cond: ((k >= 3624693) AND (k <= 3624793))

table 2 : explain SELECT k, c FROM sbtest2 WHERE k BETWEEN 3624693 AND 3624793
	Bitmap Heap Scan on sbtest2  (cost=5.46..401.68 rows=100 width=125)
	  Recheck Cond: ((k >= 3624693) AND (k <= 3624793))
	  ->  Bitmap Index Scan on k_2  (cost=0.00..5.43 rows=100 width=0)
	        Index Cond: ((k >= 3624693) AND (k <= 3624793))

table 3 : explain SELECT k, c FROM sbtest3 WHERE k BETWEEN 3624693 AND 3624793
	Bitmap Heap Scan on sbtest3  (cost=5.48..409.56 rows=102 width=125)
	  Recheck Cond: ((k >= 3624693) AND (k <= 3624793))
	  ->  Bitmap Index Scan on k_3  (cost=0.00..5.45 rows=102 width=0)
	        Index Cond: ((k >= 3624693) AND (k <= 3624793))

table 4 : explain SELECT k, c FROM sbtest4 WHERE k BETWEEN 3624693 AND 3624793
	Bitmap Heap Scan on sbtest4  (cost=5.52..425.36 rows=106 width=125)
	  Recheck Cond: ((k >= 3624693) AND (k <= 3624793))
	  ->  Bitmap Index Scan on k_4  (cost=0.00..5.50 rows=106 width=0)
	        Index Cond: ((k >= 3624693) AND (k <= 3624793))

table 5 : explain SELECT k, c FROM sbtest5 WHERE k BETWEEN 3624693 AND 3624793
	Bitmap Heap Scan on sbtest5  (cost=5.55..437.18 rows=109 width=125)
	  Recheck Cond: ((k >= 3624693) AND (k <= 3624793))
	  ->  Bitmap Index Scan on k_5  (cost=0.00..5.52 rows=109 width=0)
	        Index Cond: ((k >= 3624693) AND (k <= 3624793))

table 6 : explain SELECT k, c FROM sbtest6 WHERE k BETWEEN 3624693 AND 3624793
	Bitmap Heap Scan on sbtest6  (cost=5.54..433.22 rows=108 width=125)
	  Recheck Cond: ((k >= 3624693) AND (k <= 3624793))
	  ->  Bitmap Index Scan on k_6  (cost=0.00..5.51 rows=108 width=0)
	        Index Cond: ((k >= 3624693) AND (k <= 3624793))

table 7 : explain SELECT k, c FROM sbtest7 WHERE k BETWEEN 3624693 AND 3624793
	Bitmap Heap Scan on sbtest7  (cost=5.36..362.20 rows=90 width=125)
	  Recheck Cond: ((k >= 3624693) AND (k <= 3624793))
	  ->  Bitmap Index Scan on k_7  (cost=0.00..5.33 rows=90 width=0)
	        Index Cond: ((k >= 3624693) AND (k <= 3624793))

table 8 : explain SELECT k, c FROM sbtest8 WHERE k BETWEEN 3624693 AND 3624793
	Bitmap Heap Scan on sbtest8  (cost=5.52..425.35 rows=106 width=125)
	  Recheck Cond: ((k >= 3624693) AND (k <= 3624793))
	  ->  Bitmap Index Scan on k_8  (cost=0.00..5.50 rows=106 width=0)
	        Index Cond: ((k >= 3624693) AND (k <= 3624793))
explain: for range-notcovered :: explain SELECT k, c FROM sbtest%d WHERE k BETWEEN 7515649 AND 7515749

for range-notcovered
table 1 : explain SELECT k, c FROM sbtest1 WHERE k BETWEEN 7584845 AND 7584945
	Bitmap Heap Scan on sbtest1  (cost=5.53..429.29 rows=107 width=125)
	  Recheck Cond: ((k >= 7584845) AND (k <= 7584945))
	  ->  Bitmap Index Scan on k_1  (cost=0.00..5.50 rows=107 width=0)
	        Index Cond: ((k >= 7584845) AND (k <= 7584945))

table 2 : explain SELECT k, c FROM sbtest2 WHERE k BETWEEN 7584845 AND 7584945
	Bitmap Heap Scan on sbtest2  (cost=5.53..429.29 rows=107 width=125)
	  Recheck Cond: ((k >= 7584845) AND (k <= 7584945))
	  ->  Bitmap Index Scan on k_2  (cost=0.00..5.50 rows=107 width=0)
	        Index Cond: ((k >= 7584845) AND (k <= 7584945))

table 3 : explain SELECT k, c FROM sbtest3 WHERE k BETWEEN 7584845 AND 7584945
	Bitmap Heap Scan on sbtest3  (cost=5.40..377.99 rows=94 width=125)
	  Recheck Cond: ((k >= 7584845) AND (k <= 7584945))
	  ->  Bitmap Index Scan on k_3  (cost=0.00..5.38 rows=94 width=0)
	        Index Cond: ((k >= 7584845) AND (k <= 7584945))

table 4 : explain SELECT k, c FROM sbtest4 WHERE k BETWEEN 7584845 AND 7584945
	Bitmap Heap Scan on sbtest4  (cost=5.42..385.90 rows=96 width=125)
	  Recheck Cond: ((k >= 7584845) AND (k <= 7584945))
	  ->  Bitmap Index Scan on k_4  (cost=0.00..5.39 rows=96 width=0)
	        Index Cond: ((k >= 7584845) AND (k <= 7584945))

table 5 : explain SELECT k, c FROM sbtest5 WHERE k BETWEEN 7584845 AND 7584945
	Bitmap Heap Scan on sbtest5  (cost=5.47..405.62 rows=101 width=125)
	  Recheck Cond: ((k >= 7584845) AND (k <= 7584945))
	  ->  Bitmap Index Scan on k_5  (cost=0.00..5.44 rows=101 width=0)
	        Index Cond: ((k >= 7584845) AND (k <= 7584945))

table 6 : explain SELECT k, c FROM sbtest6 WHERE k BETWEEN 7584845 AND 7584945
	Bitmap Heap Scan on sbtest6  (cost=5.48..409.56 rows=102 width=125)
	  Recheck Cond: ((k >= 7584845) AND (k <= 7584945))
	  ->  Bitmap Index Scan on k_6  (cost=0.00..5.45 rows=102 width=0)
	        Index Cond: ((k >= 7584845) AND (k <= 7584945))

table 7 : explain SELECT k, c FROM sbtest7 WHERE k BETWEEN 7584845 AND 7584945
	Bitmap Heap Scan on sbtest7  (cost=5.48..409.57 rows=102 width=125)
	  Recheck Cond: ((k >= 7584845) AND (k <= 7584945))
	  ->  Bitmap Index Scan on k_7  (cost=0.00..5.45 rows=102 width=0)
	        Index Cond: ((k >= 7584845) AND (k <= 7584945))

table 8 : explain SELECT k, c FROM sbtest8 WHERE k BETWEEN 7584845 AND 7584945
	Bitmap Heap Scan on sbtest8  (cost=5.56..441.12 rows=110 width=125)
	  Recheck Cond: ((k >= 7584845) AND (k <= 7584945))
	  ->  Bitmap Index Scan on k_8  (cost=0.00..5.53 rows=110 width=0)
	        Index Cond: ((k >= 7584845) AND (k <= 7584945))

explain: for range-notcovered :: explain SELECT k, c FROM sbtest%d WHERE k BETWEEN 9205847 AND 9205947
explain: for range-notcovered :: explain SELECT k, c FROM sbtest%d WHERE k BETWEEN 4816729 AND 4816829
explain: for range-notcovered :: explain SELECT k, c FROM sbtest%d WHERE k BETWEEN 2181250 AND 2181350
for range-notcovered
table 1 : explain SELECT k, c FROM sbtest1 WHERE k BETWEEN 7980482 AND 7980582
	Bitmap Heap Scan on sbtest1  (cost=5.47..405.62 rows=101 width=125)
	  Recheck Cond: ((k >= 7980482) AND (k <= 7980582))
	  ->  Bitmap Index Scan on k_1  (cost=0.00..5.44 rows=101 width=0)
	        Index Cond: ((k >= 7980482) AND (k <= 7980582))

table 2 : explain SELECT k, c FROM sbtest2 WHERE k BETWEEN 7980482 AND 7980582
	Bitmap Heap Scan on sbtest2  (cost=5.58..449.00 rows=112 width=125)
	  Recheck Cond: ((k >= 7980482) AND (k <= 7980582))
	  ->  Bitmap Index Scan on k_2  (cost=0.00..5.55 rows=112 width=0)
	        Index Cond: ((k >= 7980482) AND (k <= 7980582))

table 3 : explain SELECT k, c FROM sbtest3 WHERE k BETWEEN 7980482 AND 7980582
	Bitmap Heap Scan on sbtest3  (cost=5.63..468.69 rows=117 width=125)
	  Recheck Cond: ((k >= 7980482) AND (k <= 7980582))
	  ->  Bitmap Index Scan on k_3  (cost=0.00..5.60 rows=117 width=0)
	        Index Cond: ((k >= 7980482) AND (k <= 7980582))

table 4 : explain SELECT k, c FROM sbtest4 WHERE k BETWEEN 7980482 AND 7980582
	Bitmap Heap Scan on sbtest4  (cost=5.40..378.00 rows=94 width=125)
	  Recheck Cond: ((k >= 7980482) AND (k <= 7980582))
	  ->  Bitmap Index Scan on k_4  (cost=0.00..5.38 rows=94 width=0)
	        Index Cond: ((k >= 7980482) AND (k <= 7980582))

table 5 : explain SELECT k, c FROM sbtest5 WHERE k BETWEEN 7980482 AND 7980582
	Bitmap Heap Scan on sbtest5  (cost=5.70..492.34 rows=123 width=125)
	  Recheck Cond: ((k >= 7980482) AND (k <= 7980582))
	  ->  Bitmap Index Scan on k_5  (cost=0.00..5.67 rows=123 width=0)
	        Index Cond: ((k >= 7980482) AND (k <= 7980582))

table 6 : explain SELECT k, c FROM sbtest6 WHERE k BETWEEN 7980482 AND 7980582
	Bitmap Heap Scan on sbtest6  (cost=5.41..381.93 rows=95 width=125)
	  Recheck Cond: ((k >= 7980482) AND (k <= 7980582))
	  ->  Bitmap Index Scan on k_6  (cost=0.00..5.38 rows=95 width=0)
	        Index Cond: ((k >= 7980482) AND (k <= 7980582))

table 7 : explain SELECT k, c FROM sbtest7 WHERE k BETWEEN 7980482 AND 7980582
	Bitmap Heap Scan on sbtest7  (cost=5.47..405.63 rows=101 width=125)
	  Recheck Cond: ((k >= 7980482) AND (k <= 7980582))
	  ->  Bitmap Index Scan on k_7  (cost=0.00..5.44 rows=101 width=0)
	        Index Cond: ((k >= 7980482) AND (k <= 7980582))

table 8 : explain SELECT k, c FROM sbtest8 WHERE k BETWEEN 7980482 AND 7980582
	Bitmap Heap Scan on sbtest8  (cost=5.38..370.10 rows=92 width=125)
	  Recheck Cond: ((k >= 7980482) AND (k <= 7980582))
	  ->  Bitmap Index Scan on k_8  (cost=0.00..5.35 rows=92 width=0)
	        Index Cond: ((k >= 7980482) AND (k <= 7980582))

for range-notcovered
table 1 : explain SELECT k, c FROM sbtest1 WHERE k BETWEEN 7165037 AND 7165137
	Bitmap Heap Scan on sbtest1  (cost=5.41..381.94 rows=95 width=125)
	  Recheck Cond: ((k >= 7165037) AND (k <= 7165137))
	  ->  Bitmap Index Scan on k_1  (cost=0.00..5.38 rows=95 width=0)
	        Index Cond: ((k >= 7165037) AND (k <= 7165137))

table 2 : explain SELECT k, c FROM sbtest2 WHERE k BETWEEN 7165037 AND 7165137
	Bitmap Heap Scan on sbtest2  (cost=5.46..401.68 rows=100 width=125)
	  Recheck Cond: ((k >= 7165037) AND (k <= 7165137))
	  ->  Bitmap Index Scan on k_2  (cost=0.00..5.43 rows=100 width=0)
	        Index Cond: ((k >= 7165037) AND (k <= 7165137))

table 3 : explain SELECT k, c FROM sbtest3 WHERE k BETWEEN 7165037 AND 7165137
	Bitmap Heap Scan on sbtest3  (cost=5.48..409.56 rows=102 width=125)
	  Recheck Cond: ((k >= 7165037) AND (k <= 7165137))
	  ->  Bitmap Index Scan on k_3  (cost=0.00..5.45 rows=102 width=0)
	        Index Cond: ((k >= 7165037) AND (k <= 7165137))

table 4 : explain SELECT k, c FROM sbtest4 WHERE k BETWEEN 7165037 AND 7165137
	Bitmap Heap Scan on sbtest4  (cost=5.40..378.00 rows=94 width=125)
	  Recheck Cond: ((k >= 7165037) AND (k <= 7165137))
	  ->  Bitmap Index Scan on k_4  (cost=0.00..5.38 rows=94 width=0)
	        Index Cond: ((k >= 7165037) AND (k <= 7165137))

table 5 : explain SELECT k, c FROM sbtest5 WHERE k BETWEEN 7165037 AND 7165137
	Bitmap Heap Scan on sbtest5  (cost=5.41..381.94 rows=95 width=125)
	  Recheck Cond: ((k >= 7165037) AND (k <= 7165137))
	  ->  Bitmap Index Scan on k_5  (cost=0.00..5.38 rows=95 width=0)
	        Index Cond: ((k >= 7165037) AND (k <= 7165137))

table 6 : explain SELECT k, c FROM sbtest6 WHERE k BETWEEN 7165037 AND 7165137
	Bitmap Heap Scan on sbtest6  (cost=5.45..397.72 rows=99 width=125)
	  Recheck Cond: ((k >= 7165037) AND (k <= 7165137))
	  ->  Bitmap Index Scan on k_6  (cost=0.00..5.42 rows=99 width=0)
	        Index Cond: ((k >= 7165037) AND (k <= 7165137))

table 7 : explain SELECT k, c FROM sbtest7 WHERE k BETWEEN 7165037 AND 7165137
	Bitmap Heap Scan on sbtest7  (cost=5.46..401.68 rows=100 width=125)
	  Recheck Cond: ((k >= 7165037) AND (k <= 7165137))
	  ->  Bitmap Index Scan on k_7  (cost=0.00..5.43 rows=100 width=0)
	        Index Cond: ((k >= 7165037) AND (k <= 7165137))

table 8 : explain SELECT k, c FROM sbtest8 WHERE k BETWEEN 7165037 AND 7165137
	Bitmap Heap Scan on sbtest8  (cost=5.59..452.94 rows=113 width=125)
	  Recheck Cond: ((k >= 7165037) AND (k <= 7165137))
	  ->  Bitmap Index Scan on k_8  (cost=0.00..5.56 rows=113 width=0)
	        Index Cond: ((k >= 7165037) AND (k <= 7165137))
explain: for range-notcovered :: explain SELECT k, c FROM sbtest%d WHERE k BETWEEN 7584845 AND 7584945
explain: for range-notcovered :: explain SELECT k, c FROM sbtest%d WHERE k BETWEEN 3624693 AND 3624793
for range-notcovered
table 1 : explain SELECT k, c FROM sbtest1 WHERE k BETWEEN 9404245 AND 9404345
	Bitmap Heap Scan on sbtest1  (cost=5.51..421.40 rows=105 width=125)
	  Recheck Cond: ((k >= 9404245) AND (k <= 9404345))
	  ->  Bitmap Index Scan on k_1  (cost=0.00..5.48 rows=105 width=0)
	        Index Cond: ((k >= 9404245) AND (k <= 9404345))

table 2 : explain SELECT k, c FROM sbtest2 WHERE k BETWEEN 9404245 AND 9404345
	Bitmap Heap Scan on sbtest2  (cost=5.47..405.62 rows=101 width=125)
	  Recheck Cond: ((k >= 9404245) AND (k <= 9404345))
	  ->  Bitmap Index Scan on k_2  (cost=0.00..5.44 rows=101 width=0)
	        Index Cond: ((k >= 9404245) AND (k <= 9404345))

table 3 : explain SELECT k, c FROM sbtest3 WHERE k BETWEEN 9404245 AND 9404345
	Bitmap Heap Scan on sbtest3  (cost=5.48..409.56 rows=102 width=125)
	  Recheck Cond: ((k >= 9404245) AND (k <= 9404345))
	  ->  Bitmap Index Scan on k_3  (cost=0.00..5.45 rows=102 width=0)
	        Index Cond: ((k >= 9404245) AND (k <= 9404345))

table 4 : explain SELECT k, c FROM sbtest4 WHERE k BETWEEN 9404245 AND 9404345
	Bitmap Heap Scan on sbtest4  (cost=5.45..397.74 rows=99 width=125)
	  Recheck Cond: ((k >= 9404245) AND (k <= 9404345))
	  ->  Bitmap Index Scan on k_4  (cost=0.00..5.42 rows=99 width=0)
	        Index Cond: ((k >= 9404245) AND (k <= 9404345))

table 5 : explain SELECT k, c FROM sbtest5 WHERE k BETWEEN 9404245 AND 9404345
	Bitmap Heap Scan on sbtest5  (cost=5.61..460.83 rows=115 width=125)
	  Recheck Cond: ((k >= 9404245) AND (k <= 9404345))
	  ->  Bitmap Index Scan on k_5  (cost=0.00..5.58 rows=115 width=0)
	        Index Cond: ((k >= 9404245) AND (k <= 9404345))

table 6 : explain SELECT k, c FROM sbtest6 WHERE k BETWEEN 9404245 AND 9404345
	Bitmap Heap Scan on sbtest6  (cost=5.42..385.88 rows=96 width=125)
	  Recheck Cond: ((k >= 9404245) AND (k <= 9404345))
	  ->  Bitmap Index Scan on k_6  (cost=0.00..5.39 rows=96 width=0)
	        Index Cond: ((k >= 9404245) AND (k <= 9404345))

table 7 : explain SELECT k, c FROM sbtest7 WHERE k BETWEEN 9404245 AND 9404345
	Bitmap Heap Scan on sbtest7  (cost=5.45..397.73 rows=99 width=125)
	  Recheck Cond: ((k >= 9404245) AND (k <= 9404345))
	  ->  Bitmap Index Scan on k_7  (cost=0.00..5.42 rows=99 width=0)
	        Index Cond: ((k >= 9404245) AND (k <= 9404345))

table 8 : explain SELECT k, c FROM sbtest8 WHERE k BETWEEN 9404245 AND 9404345
	Bitmap Heap Scan on sbtest8  (cost=5.45..397.73 rows=99 width=125)
	  Recheck Cond: ((k >= 9404245) AND (k <= 9404345))
	  ->  Bitmap Index Scan on k_8  (cost=0.00..5.42 rows=99 width=0)
	        Index Cond: ((k >= 9404245) AND (k <= 9404345))


explain: for range-notcovered :: explain SELECT k, c FROM sbtest%d WHERE k BETWEEN 7980482 AND 7980582for range-notcovered
table 1 : explain SELECT k, c FROM sbtest1 WHERE k BETWEEN 4961523 AND 4961623
	Bitmap Heap Scan on sbtest1  (cost=5.63..468.70 rows=117 width=125)
	  Recheck Cond: ((k >= 4961523) AND (k <= 4961623))
	  ->  Bitmap Index Scan on k_1  (cost=0.00..5.60 rows=117 width=0)
	        Index Cond: ((k >= 4961523) AND (k <= 4961623))

table 2 : explain SELECT k, c FROM sbtest2 WHERE k BETWEEN 4961523 AND 4961623
	Bitmap Heap Scan on sbtest2  (cost=5.46..401.68 rows=100 width=125)
	  Recheck Cond: ((k >= 4961523) AND (k <= 4961623))
	  ->  Bitmap Index Scan on k_2  (cost=0.00..5.43 rows=100 width=0)
	        Index Cond: ((k >= 4961523) AND (k <= 4961623))

table 3 : explain SELECT k, c FROM sbtest3 WHERE k BETWEEN 4961523 AND 4961623
	Bitmap Heap Scan on sbtest3  (cost=5.42..385.88 rows=96 width=125)
	  Recheck Cond: ((k >= 4961523) AND (k <= 4961623))
	  ->  Bitmap Index Scan on k_3  (cost=0.00..5.39 rows=96 width=0)
	        Index Cond: ((k >= 4961523) AND (k <= 4961623))

table 4 : explain SELECT k, c FROM sbtest4 WHERE k BETWEEN 4961523 AND 4961623
	Bitmap Heap Scan on sbtest4  (cost=5.55..437.19 rows=109 width=125)
	  Recheck Cond: ((k >= 4961523) AND (k <= 4961623))
	  ->  Bitmap Index Scan on k_4  (cost=0.00..5.52 rows=109 width=0)
	        Index Cond: ((k >= 4961523) AND (k <= 4961623))

table 5 : explain SELECT k, c FROM sbtest5 WHERE k BETWEEN 4961523 AND 4961623
	Bitmap Heap Scan on sbtest5  (cost=5.50..417.46 rows=104 width=125)
	  Recheck Cond: ((k >= 4961523) AND (k <= 4961623))
	  ->  Bitmap Index Scan on k_5  (cost=0.00..5.47 rows=104 width=0)
	        Index Cond: ((k >= 4961523) AND (k <= 4961623))

table 6 : explain SELECT k, c FROM sbtest6 WHERE k BETWEEN 4961523 AND 4961623
	Bitmap Heap Scan on sbtest6  (cost=5.50..417.45 rows=104 width=125)
	  Recheck Cond: ((k >= 4961523) AND (k <= 4961623))
	  ->  Bitmap Index Scan on k_6  (cost=0.00..5.47 rows=104 width=0)
	        Index Cond: ((k >= 4961523) AND (k <= 4961623))

table 7 : explain SELECT k, c FROM sbtest7 WHERE k BETWEEN 4961523 AND 4961623
	Bitmap Heap Scan on sbtest7  (cost=5.49..413.52 rows=103 width=125)
	  Recheck Cond: ((k >= 4961523) AND (k <= 4961623))
	  ->  Bitmap Index Scan on k_7  (cost=0.00..5.46 rows=103 width=0)
	        Index Cond: ((k >= 4961523) AND (k <= 4961623))

table 8 : explain SELECT k, c FROM sbtest8 WHERE k BETWEEN 4961523 AND 4961623
	Bitmap Heap Scan on sbtest8  (cost=5.37..366.15 rows=91 width=125)
	  Recheck Cond: ((k >= 4961523) AND (k <= 4961623))
	  ->  Bitmap Index Scan on k_8  (cost=0.00..5.34 rows=91 width=0)
	        Index Cond: ((k >= 4961523) AND (k <= 4961623))


explain: for range-notcovered :: explain SELECT k, c FROM sbtest%d WHERE k BETWEEN 7165037 AND 7165137
explain: for range-notcovered :: explain SELECT k, c FROM sbtest%d WHERE k BETWEEN 9404245 AND 9404345
explain: for range-notcovered :: explain SELECT k, c FROM sbtest%d WHERE k BETWEEN 4961523 AND 4961623
for range-notcovered
table 1 : explain SELECT k, c FROM sbtest1 WHERE k BETWEEN 7738119 AND 7738219
	Bitmap Heap Scan on sbtest1  (cost=5.41..381.94 rows=95 width=125)
	  Recheck Cond: ((k >= 7738119) AND (k <= 7738219))
	  ->  Bitmap Index Scan on k_1  (cost=0.00..5.38 rows=95 width=0)
	        Index Cond: ((k >= 7738119) AND (k <= 7738219))

table 2 : explain SELECT k, c FROM sbtest2 WHERE k BETWEEN 7738119 AND 7738219
	Bitmap Heap Scan on sbtest2  (cost=5.57..445.06 rows=111 width=125)
	  Recheck Cond: ((k >= 7738119) AND (k <= 7738219))
	  ->  Bitmap Index Scan on k_2  (cost=0.00..5.54 rows=111 width=0)
	        Index Cond: ((k >= 7738119) AND (k <= 7738219))

table 3 : explain SELECT k, c FROM sbtest3 WHERE k BETWEEN 7738119 AND 7738219
	Bitmap Heap Scan on sbtest3  (cost=5.54..433.22 rows=108 width=125)
	  Recheck Cond: ((k >= 7738119) AND (k <= 7738219))
	  ->  Bitmap Index Scan on k_3  (cost=0.00..5.51 rows=108 width=0)
	        Index Cond: ((k >= 7738119) AND (k <= 7738219))

table 4 : explain SELECT k, c FROM sbtest4 WHERE k BETWEEN 7738119 AND 7738219
	Bitmap Heap Scan on sbtest4  (cost=5.46..401.69 rows=100 width=125)
	  Recheck Cond: ((k >= 7738119) AND (k <= 7738219))
	  ->  Bitmap Index Scan on k_4  (cost=0.00..5.43 rows=100 width=0)
	        Index Cond: ((k >= 7738119) AND (k <= 7738219))

table 5 : explain SELECT k, c FROM sbtest5 WHERE k BETWEEN 7738119 AND 7738219
	Bitmap Heap Scan on sbtest5  (cost=5.42..385.89 rows=96 width=125)
	  Recheck Cond: ((k >= 7738119) AND (k <= 7738219))
	  ->  Bitmap Index Scan on k_5  (cost=0.00..5.39 rows=96 width=0)
	        Index Cond: ((k >= 7738119) AND (k <= 7738219))

table 6 : explain SELECT k, c FROM sbtest6 WHERE k BETWEEN 7738119 AND 7738219
	Bitmap Heap Scan on sbtest6  (cost=5.44..393.78 rows=98 width=125)
	  Recheck Cond: ((k >= 7738119) AND (k <= 7738219))
	  ->  Bitmap Index Scan on k_6  (cost=0.00..5.42 rows=98 width=0)
	        Index Cond: ((k >= 7738119) AND (k <= 7738219))

table 7 : explain SELECT k, c FROM sbtest7 WHERE k BETWEEN 7738119 AND 7738219
	Bitmap Heap Scan on sbtest7  (cost=5.50..417.46 rows=104 width=125)
	  Recheck Cond: ((k >= 7738119) AND (k <= 7738219))
	  ->  Bitmap Index Scan on k_7  (cost=0.00..5.47 rows=104 width=0)
	        Index Cond: ((k >= 7738119) AND (k <= 7738219))

table 8 : explain SELECT k, c FROM sbtest8 WHERE k BETWEEN 7738119 AND 7738219
	Bitmap Heap Scan on sbtest8  (cost=5.45..397.73 rows=99 width=125)
	  Recheck Cond: ((k >= 7738119) AND (k <= 7738219))
	  ->  Bitmap Index Scan on k_8  (cost=0.00..5.42 rows=99 width=0)
	        Index Cond: ((k >= 7738119) AND (k <= 7738219))

for range-notcovered
table 1 : explain SELECT k, c FROM sbtest1 WHERE k BETWEEN 4678428 AND 4678528
	Bitmap Heap Scan on sbtest1  (cost=5.45..397.73 rows=99 width=125)
	  Recheck Cond: ((k >= 4678428) AND (k <= 4678528))
	  ->  Bitmap Index Scan on k_1  (cost=0.00..5.42 rows=99 width=0)
	        Index Cond: ((k >= 4678428) AND (k <= 4678528))

table 2 : explain SELECT k, c FROM sbtest2 WHERE k BETWEEN 4678428 AND 4678528
	Bitmap Heap Scan on sbtest2  (cost=5.57..445.06 rows=111 width=125)
	  Recheck Cond: ((k >= 4678428) AND (k <= 4678528))
	  ->  Bitmap Index Scan on k_2  (cost=0.00..5.54 rows=111 width=0)
	        Index Cond: ((k >= 4678428) AND (k <= 4678528))

table 3 : explain SELECT k, c FROM sbtest3 WHERE k BETWEEN 4678428 AND 4678528
	Bitmap Heap Scan on sbtest3  (cost=5.50..417.45 rows=104 width=125)
	  Recheck Cond: ((k >= 4678428) AND (k <= 4678528))
	  ->  Bitmap Index Scan on k_3  (cost=0.00..5.47 rows=104 width=0)
	        Index Cond: ((k >= 4678428) AND (k <= 4678528))

table 4 : explain SELECT k, c FROM sbtest4 WHERE k BETWEEN 4678428 AND 4678528
	Bitmap Heap Scan on sbtest4  (cost=5.51..421.41 rows=105 width=125)
	  Recheck Cond: ((k >= 4678428) AND (k <= 4678528))
	  ->  Bitmap Index Scan on k_4  (cost=0.00..5.48 rows=105 width=0)
	        Index Cond: ((k >= 4678428) AND (k <= 4678528))

table 5 : explain SELECT k, c FROM sbtest5 WHERE k BETWEEN 4678428 AND 4678528
	Bitmap Heap Scan on sbtest5  (cost=5.44..393.79 rows=98 width=125)
	  Recheck Cond: ((k >= 4678428) AND (k <= 4678528))
	  ->  Bitmap Index Scan on k_5  (cost=0.00..5.42 rows=98 width=0)
	        Index Cond: ((k >= 4678428) AND (k <= 4678528))

table 6 : explain SELECT k, c FROM sbtest6 WHERE k BETWEEN 4678428 AND 4678528
	Bitmap Heap Scan on sbtest6  (cost=5.45..397.72 rows=99 width=125)
	  Recheck Cond: ((k >= 4678428) AND (k <= 4678528))
	  ->  Bitmap Index Scan on k_6  (cost=0.00..5.42 rows=99 width=0)
	        Index Cond: ((k >= 4678428) AND (k <= 4678528))

table 7 : explain SELECT k, c FROM sbtest7 WHERE k BETWEEN 4678428 AND 4678528
	Bitmap Heap Scan on sbtest7  (cost=5.54..433.24 rows=108 width=125)
	  Recheck Cond: ((k >= 4678428) AND (k <= 4678528))
	  ->  Bitmap Index Scan on k_7  (cost=0.00..5.51 rows=108 width=0)
	        Index Cond: ((k >= 4678428) AND (k <= 4678528))

table 8 : explain SELECT k, c FROM sbtest8 WHERE k BETWEEN 4678428 AND 4678528
	Bitmap Heap Scan on sbtest8  (cost=5.49..413.52 rows=103 width=125)
	  Recheck Cond: ((k >= 4678428) AND (k <= 4678528))
	  ->  Bitmap Index Scan on k_8  (cost=0.00..5.46 rows=103 width=0)
	        Index Cond: ((k >= 4678428) AND (k <= 4678528))
for range-notcovered
table 1 : explain SELECT k, c FROM sbtest1 WHERE k BETWEEN 531597 AND 531697
	Bitmap Heap Scan on sbtest1  (cost=5.48..409.57 rows=102 width=125)
	  Recheck Cond: ((k >= 531597) AND (k <= 531697))
	  ->  Bitmap Index Scan on k_1  (cost=0.00..5.45 rows=102 width=0)
	        Index Cond: ((k >= 531597) AND (k <= 531697))

table 2 : explain SELECT k, c FROM sbtest2 WHERE k BETWEEN 531597 AND 531697
	Bitmap Heap Scan on sbtest2  (cost=5.42..385.89 rows=96 width=125)
	  Recheck Cond: ((k >= 531597) AND (k <= 531697))
	  ->  Bitmap Index Scan on k_2  (cost=0.00..5.39 rows=96 width=0)
	        Index Cond: ((k >= 531597) AND (k <= 531697))

table 3 : explain SELECT k, c FROM sbtest3 WHERE k BETWEEN 531597 AND 531697
	Bitmap Heap Scan on sbtest3  (cost=5.47..405.62 rows=101 width=125)
	  Recheck Cond: ((k >= 531597) AND (k <= 531697))
	  ->  Bitmap Index Scan on k_3  (cost=0.00..5.44 rows=101 width=0)
	        Index Cond: ((k >= 531597) AND (k <= 531697))

table 4 : explain SELECT k, c FROM sbtest4 WHERE k BETWEEN 531597 AND 531697
	Bitmap Heap Scan on sbtest4  (cost=5.54..433.24 rows=108 width=125)
	  Recheck Cond: ((k >= 531597) AND (k <= 531697))
	  ->  Bitmap Index Scan on k_4  (cost=0.00..5.51 rows=108 width=0)
	        Index Cond: ((k >= 531597) AND (k <= 531697))

table 5 : explain SELECT k, c FROM sbtest5 WHERE k BETWEEN 531597 AND 531697
	Bitmap Heap Scan on sbtest5  (cost=5.60..456.88 rows=114 width=125)
	  Recheck Cond: ((k >= 531597) AND (k <= 531697))
	  ->  Bitmap Index Scan on k_5  (cost=0.00..5.58 rows=114 width=0)
	        Index Cond: ((k >= 531597) AND (k <= 531697))

table 6 : explain SELECT k, c FROM sbtest6 WHERE k BETWEEN 531597 AND 531697
	Bitmap Heap Scan on sbtest6  (cost=5.43..389.83 rows=97 width=125)
	  Recheck Cond: ((k >= 531597) AND (k <= 531697))
	  ->  Bitmap Index Scan on k_6  (cost=0.00..5.40 rows=97 width=0)
	        Index Cond: ((k >= 531597) AND (k <= 531697))

table 7 : explain SELECT k, c FROM sbtest7 WHERE k BETWEEN 531597 AND 531697
	Bitmap Heap Scan on sbtest7  (cost=5.60..456.89 rows=114 width=125)
	  Recheck Cond: ((k >= 531597) AND (k <= 531697))
	  ->  Bitmap Index Scan on k_7  (cost=0.00..5.58 rows=114 width=0)
	        Index Cond: ((k >= 531597) AND (k <= 531697))

table 8 : explain SELECT k, c FROM sbtest8 WHERE k BETWEEN 531597 AND 531697
	Bitmap Heap Scan on sbtest8  (cost=5.61..460.83 rows=115 width=125)
	  Recheck Cond: ((k >= 531597) AND (k <= 531697))
	  ->  Bitmap Index Scan on k_8  (cost=0.00..5.58 rows=115 width=0)
	        Index Cond: ((k >= 531597) AND (k <= 531697))


for range-notcovered
table 1 : explain SELECT k, c FROM sbtest1 WHERE k BETWEEN 5583038 AND 5583138
	Bitmap Heap Scan on sbtest1  (cost=5.60..456.88 rows=114 width=125)
	  Recheck Cond: ((k >= 5583038) AND (k <= 5583138))
	  ->  Bitmap Index Scan on k_1  (cost=0.00..5.58 rows=114 width=0)
	        Index Cond: ((k >= 5583038) AND (k <= 5583138))

table 2 : explain SELECT k, c FROM sbtest2 WHERE k BETWEEN 5583038 AND 5583138
	Bitmap Heap Scan on sbtest2  (cost=5.47..405.62 rows=101 width=125)
	  Recheck Cond: ((k >= 5583038) AND (k <= 5583138))
	  ->  Bitmap Index Scan on k_2  (cost=0.00..5.44 rows=101 width=0)
	        Index Cond: ((k >= 5583038) AND (k <= 5583138))

table 3 : explain SELECT k, c FROM sbtest3 WHERE k BETWEEN 5583038 AND 5583138
	Bitmap Heap Scan on sbtest3  (cost=5.43..389.83 rows=97 width=125)
	  Recheck Cond: ((k >= 5583038) AND (k <= 5583138))
	  ->  Bitmap Index Scan on k_3  (cost=0.00..5.40 rows=97 width=0)
	        Index Cond: ((k >= 5583038) AND (k <= 5583138))

table 4 : explain SELECT k, c FROM sbtest4 WHERE k BETWEEN 5583038 AND 5583138
	Bitmap Heap Scan on sbtest4  (cost=5.51..421.41 rows=105 width=125)
	  Recheck Cond: ((k >= 5583038) AND (k <= 5583138))
	  ->  Bitmap Index Scan on k_4  (cost=0.00..5.48 rows=105 width=0)
	        Index Cond: ((k >= 5583038) AND (k <= 5583138))

table 5 : explain SELECT k, c FROM sbtest5 WHERE k BETWEEN 5583038 AND 5583138
	Bitmap Heap Scan on sbtest5  (cost=5.43..389.84 rows=97 width=125)
	  Recheck Cond: ((k >= 5583038) AND (k <= 5583138))
	  ->  Bitmap Index Scan on k_5  (cost=0.00..5.40 rows=97 width=0)
	        Index Cond: ((k >= 5583038) AND (k <= 5583138))

table 6 : explain SELECT k, c FROM sbtest6 WHERE k BETWEEN 5583038 AND 5583138
	Bitmap Heap Scan on sbtest6  (cost=5.52..425.34 rows=106 width=125)
	  Recheck Cond: ((k >= 5583038) AND (k <= 5583138))
	  ->  Bitmap Index Scan on k_6  (cost=0.00..5.50 rows=106 width=0)
	        Index Cond: ((k >= 5583038) AND (k <= 5583138))

table 7 : explain SELECT k, c FROM sbtest7 WHERE k BETWEEN 5583038 AND 5583138
	Bitmap Heap Scan on sbtest7  (cost=5.44..393.79 rows=98 width=125)
	  Recheck Cond: ((k >= 5583038) AND (k <= 5583138))
	  ->  Bitmap Index Scan on k_7  (cost=0.00..5.42 rows=98 width=0)
	        Index Cond: ((k >= 5583038) AND (k <= 5583138))

table 8 : explain SELECT k, c FROM sbtest8 WHERE k BETWEEN 5583038 AND 5583138
	Bitmap Heap Scan on sbtest8  (cost=5.56..441.12 rows=110 width=125)
	  Recheck Cond: ((k >= 5583038) AND (k <= 5583138))
	  ->  Bitmap Index Scan on k_8  (cost=0.00..5.53 rows=110 width=0)
	        Index Cond: ((k >= 5583038) AND (k <= 5583138))

explain: for range-notcovered :: explain SELECT k, c FROM sbtest%d WHERE k BETWEEN 7738119 AND 7738219
explain: for range-notcovered :: explain SELECT k, c FROM sbtest%d WHERE k BETWEEN 531597 AND 531697
explain: for range-notcovered :: explain SELECT k, c FROM sbtest%d WHERE k BETWEEN 5583038 AND 5583138
explain: for range-notcovered :: explain SELECT k, c FROM sbtest%d WHERE k BETWEEN 4678428 AND 4678528
for range-notcovered
table 1 : explain SELECT k, c FROM sbtest1 WHERE k BETWEEN 4399955 AND 4400055
	Bitmap Heap Scan on sbtest1  (cost=5.45..397.73 rows=99 width=125)
	  Recheck Cond: ((k >= 4399955) AND (k <= 4400055))
	  ->  Bitmap Index Scan on k_1  (cost=0.00..5.42 rows=99 width=0)
	        Index Cond: ((k >= 4399955) AND (k <= 4400055))

table 2 : explain SELECT k, c FROM sbtest2 WHERE k BETWEEN 4399955 AND 4400055
	Bitmap Heap Scan on sbtest2  (cost=5.50..417.46 rows=104 width=125)
	  Recheck Cond: ((k >= 4399955) AND (k <= 4400055))
	  ->  Bitmap Index Scan on k_2  (cost=0.00..5.47 rows=104 width=0)
	        Index Cond: ((k >= 4399955) AND (k <= 4400055))

table 3 : explain SELECT k, c FROM sbtest3 WHERE k BETWEEN 4399955 AND 4400055
	Bitmap Heap Scan on sbtest3  (cost=5.41..381.94 rows=95 width=125)
	  Recheck Cond: ((k >= 4399955) AND (k <= 4400055))
	  ->  Bitmap Index Scan on k_3  (cost=0.00..5.38 rows=95 width=0)
	        Index Cond: ((k >= 4399955) AND (k <= 4400055))

table 4 : explain SELECT k, c FROM sbtest4 WHERE k BETWEEN 4399955 AND 4400055
	Bitmap Heap Scan on sbtest4  (cost=5.48..409.58 rows=102 width=125)
	  Recheck Cond: ((k >= 4399955) AND (k <= 4400055))
	  ->  Bitmap Index Scan on k_4  (cost=0.00..5.45 rows=102 width=0)
	        Index Cond: ((k >= 4399955) AND (k <= 4400055))

table 5 : explain SELECT k, c FROM sbtest5 WHERE k BETWEEN 4399955 AND 4400055
	Bitmap Heap Scan on sbtest5  (cost=5.45..397.73 rows=99 width=125)
	  Recheck Cond: ((k >= 4399955) AND (k <= 4400055))
	  ->  Bitmap Index Scan on k_5  (cost=0.00..5.42 rows=99 width=0)
	        Index Cond: ((k >= 4399955) AND (k <= 4400055))

table 6 : explain SELECT k, c FROM sbtest6 WHERE k BETWEEN 4399955 AND 4400055
	Bitmap Heap Scan on sbtest6  (cost=5.50..417.45 rows=104 width=125)
	  Recheck Cond: ((k >= 4399955) AND (k <= 4400055))
	  ->  Bitmap Index Scan on k_6  (cost=0.00..5.47 rows=104 width=0)
	        Index Cond: ((k >= 4399955) AND (k <= 4400055))

table 7 : explain SELECT k, c FROM sbtest7 WHERE k BETWEEN 4399955 AND 4400055
	Bitmap Heap Scan on sbtest7  (cost=5.50..417.46 rows=104 width=125)
	  Recheck Cond: ((k >= 4399955) AND (k <= 4400055))
	  ->  Bitmap Index Scan on k_7  (cost=0.00..5.47 rows=104 width=0)
	        Index Cond: ((k >= 4399955) AND (k <= 4400055))

table 8 : explain SELECT k, c FROM sbtest8 WHERE k BETWEEN 4399955 AND 4400055
	Bitmap Heap Scan on sbtest8  (cost=5.49..413.52 rows=103 width=125)
	  Recheck Cond: ((k >= 4399955) AND (k <= 4400055))
	  ->  Bitmap Index Scan on k_8  (cost=0.00..5.46 rows=103 width=0)
	        Index Cond: ((k >= 4399955) AND (k <= 4400055))

for range-notcovered
table 1 : explain SELECT k, c FROM sbtest1 WHERE k BETWEEN 3652200 AND 3652300
	Bitmap Heap Scan on sbtest1  (cost=5.45..397.73 rows=99 width=125)
	  Recheck Cond: ((k >= 3652200) AND (k <= 3652300))
	  ->  Bitmap Index Scan on k_1  (cost=0.00..5.42 rows=99 width=0)
	        Index Cond: ((k >= 3652200) AND (k <= 3652300))

table 2 : explain SELECT k, c FROM sbtest2 WHERE k BETWEEN 3652200 AND 3652300
	Bitmap Heap Scan on sbtest2  (cost=5.46..401.68 rows=100 width=125)
	  Recheck Cond: ((k >= 3652200) AND (k <= 3652300))
	  ->  Bitmap Index Scan on k_2  (cost=0.00..5.43 rows=100 width=0)
	        Index Cond: ((k >= 3652200) AND (k <= 3652300))

table 3 : explain SELECT k, c FROM sbtest3 WHERE k BETWEEN 3652200 AND 3652300
	Bitmap Heap Scan on sbtest3  (cost=5.48..409.56 rows=102 width=125)
	  Recheck Cond: ((k >= 3652200) AND (k <= 3652300))
	  ->  Bitmap Index Scan on k_3  (cost=0.00..5.45 rows=102 width=0)
	        Index Cond: ((k >= 3652200) AND (k <= 3652300))

table 4 : explain SELECT k, c FROM sbtest4 WHERE k BETWEEN 3652200 AND 3652300
	Bitmap Heap Scan on sbtest4  (cost=5.52..425.36 rows=106 width=125)
	  Recheck Cond: ((k >= 3652200) AND (k <= 3652300))
	  ->  Bitmap Index Scan on k_4  (cost=0.00..5.50 rows=106 width=0)
	        Index Cond: ((k >= 3652200) AND (k <= 3652300))

table 5 : explain SELECT k, c FROM sbtest5 WHERE k BETWEEN 3652200 AND 3652300
	Bitmap Heap Scan on sbtest5  (cost=5.55..437.18 rows=109 width=125)
	  Recheck Cond: ((k >= 3652200) AND (k <= 3652300))
	  ->  Bitmap Index Scan on k_5  (cost=0.00..5.52 rows=109 width=0)
	        Index Cond: ((k >= 3652200) AND (k <= 3652300))

table 6 : explain SELECT k, c FROM sbtest6 WHERE k BETWEEN 3652200 AND 3652300
	Bitmap Heap Scan on sbtest6  (cost=5.54..433.22 rows=108 width=125)
	  Recheck Cond: ((k >= 3652200) AND (k <= 3652300))
	  ->  Bitmap Index Scan on k_6  (cost=0.00..5.51 rows=108 width=0)
	        Index Cond: ((k >= 3652200) AND (k <= 3652300))

table 7 : explain SELECT k, c FROM sbtest7 WHERE k BETWEEN 3652200 AND 3652300
	Bitmap Heap Scan on sbtest7  (cost=5.36..362.20 rows=90 width=125)
	  Recheck Cond: ((k >= 3652200) AND (k <= 3652300))
	  ->  Bitmap Index Scan on k_7  (cost=0.00..5.33 rows=90 width=0)
	        Index Cond: ((k >= 3652200) AND (k <= 3652300))

table 8 : explain SELECT k, c FROM sbtest8 WHERE k BETWEEN 3652200 AND 3652300
	Bitmap Heap Scan on sbtest8  (cost=5.52..425.35 rows=106 width=125)
	  Recheck Cond: ((k >= 3652200) AND (k <= 3652300))
	  ->  Bitmap Index Scan on k_8  (cost=0.00..5.50 rows=106 width=0)
	        Index Cond: ((k >= 3652200) AND (k <= 3652300))
for range-notcovered
table 1 : explain SELECT k, c FROM sbtest1 WHERE k BETWEEN 2689330 AND 2689430
	Bitmap Heap Scan on sbtest1  (cost=5.43..389.84 rows=97 width=125)
	  Recheck Cond: ((k >= 2689330) AND (k <= 2689430))
	  ->  Bitmap Index Scan on k_1  (cost=0.00..5.40 rows=97 width=0)
	        Index Cond: ((k >= 2689330) AND (k <= 2689430))

table 2 : explain SELECT k, c FROM sbtest2 WHERE k BETWEEN 2689330 AND 2689430
	Bitmap Heap Scan on sbtest2  (cost=5.56..441.12 rows=110 width=125)
	  Recheck Cond: ((k >= 2689330) AND (k <= 2689430))
	  ->  Bitmap Index Scan on k_2  (cost=0.00..5.53 rows=110 width=0)
	        Index Cond: ((k >= 2689330) AND (k <= 2689430))

table 3 : explain SELECT k, c FROM sbtest3 WHERE k BETWEEN 2689330 AND 2689430
	Bitmap Heap Scan on sbtest3  (cost=5.55..437.17 rows=109 width=125)
	  Recheck Cond: ((k >= 2689330) AND (k <= 2689430))
	  ->  Bitmap Index Scan on k_3  (cost=0.00..5.52 rows=109 width=0)
	        Index Cond: ((k >= 2689330) AND (k <= 2689430))

table 4 : explain SELECT k, c FROM sbtest4 WHERE k BETWEEN 2689330 AND 2689430
	Bitmap Heap Scan on sbtest4  (cost=5.37..366.16 rows=91 width=125)
	  Recheck Cond: ((k >= 2689330) AND (k <= 2689430))
	  ->  Bitmap Index Scan on k_4  (cost=0.00..5.34 rows=91 width=0)
	        Index Cond: ((k >= 2689330) AND (k <= 2689430))

table 5 : explain SELECT k, c FROM sbtest5 WHERE k BETWEEN 2689330 AND 2689430
	Bitmap Heap Scan on sbtest5  (cost=5.59..452.94 rows=113 width=125)
	  Recheck Cond: ((k >= 2689330) AND (k <= 2689430))
	  ->  Bitmap Index Scan on k_5  (cost=0.00..5.56 rows=113 width=0)
	        Index Cond: ((k >= 2689330) AND (k <= 2689430))

table 6 : explain SELECT k, c FROM sbtest6 WHERE k BETWEEN 2689330 AND 2689430
	Bitmap Heap Scan on sbtest6  (cost=5.44..393.78 rows=98 width=125)
	  Recheck Cond: ((k >= 2689330) AND (k <= 2689430))
	  ->  Bitmap Index Scan on k_6  (cost=0.00..5.42 rows=98 width=0)
	        Index Cond: ((k >= 2689330) AND (k <= 2689430))

table 7 : explain SELECT k, c FROM sbtest7 WHERE k BETWEEN 2689330 AND 2689430
	Bitmap Heap Scan on sbtest7  (cost=5.41..381.94 rows=95 width=125)
	  Recheck Cond: ((k >= 2689330) AND (k <= 2689430))
	  ->  Bitmap Index Scan on k_7  (cost=0.00..5.38 rows=95 width=0)
	        Index Cond: ((k >= 2689330) AND (k <= 2689430))

table 8 : explain SELECT k, c FROM sbtest8 WHERE k BETWEEN 2689330 AND 2689430
	Bitmap Heap Scan on sbtest8  (cost=5.48..409.57 rows=102 width=125)
	  Recheck Cond: ((k >= 2689330) AND (k <= 2689430))
	  ->  Bitmap Index Scan on k_8  (cost=0.00..5.45 rows=102 width=0)
	        Index Cond: ((k >= 2689330) AND (k <= 2689430))
for range-notcovered
table 1 : explain SELECT k, c FROM sbtest1 WHERE k BETWEEN 4816729 AND 4816829
	Bitmap Heap Scan on sbtest1  (cost=5.62..464.76 rows=116 width=125)
	  Recheck Cond: ((k >= 4816729) AND (k <= 4816829))
	  ->  Bitmap Index Scan on k_1  (cost=0.00..5.59 rows=116 width=0)
	        Index Cond: ((k >= 4816729) AND (k <= 4816829))

table 2 : explain SELECT k, c FROM sbtest2 WHERE k BETWEEN 4816729 AND 4816829
	Bitmap Heap Scan on sbtest2  (cost=5.48..409.57 rows=102 width=125)
	  Recheck Cond: ((k >= 4816729) AND (k <= 4816829))
	  ->  Bitmap Index Scan on k_2  (cost=0.00..5.45 rows=102 width=0)
	        Index Cond: ((k >= 4816729) AND (k <= 4816829))

table 3 : explain SELECT k, c FROM sbtest3 WHERE k BETWEEN 4816729 AND 4816829
	Bitmap Heap Scan on sbtest3  (cost=5.48..409.56 rows=102 width=125)
	  Recheck Cond: ((k >= 4816729) AND (k <= 4816829))
	  ->  Bitmap Index Scan on k_3  (cost=0.00..5.45 rows=102 width=0)
	        Index Cond: ((k >= 4816729) AND (k <= 4816829))

table 4 : explain SELECT k, c FROM sbtest4 WHERE k BETWEEN 4816729 AND 4816829
	Bitmap Heap Scan on sbtest4  (cost=5.48..409.58 rows=102 width=125)
	  Recheck Cond: ((k >= 4816729) AND (k <= 4816829))
	  ->  Bitmap Index Scan on k_4  (cost=0.00..5.45 rows=102 width=0)
	        Index Cond: ((k >= 4816729) AND (k <= 4816829))

table 5 : explain SELECT k, c FROM sbtest5 WHERE k BETWEEN 4816729 AND 4816829
	Bitmap Heap Scan on sbtest5  (cost=5.43..389.84 rows=97 width=125)
	  Recheck Cond: ((k >= 4816729) AND (k <= 4816829))
	  ->  Bitmap Index Scan on k_5  (cost=0.00..5.40 rows=97 width=0)
	        Index Cond: ((k >= 4816729) AND (k <= 4816829))

table 6 : explain SELECT k, c FROM sbtest6 WHERE k BETWEEN 4816729 AND 4816829
	Bitmap Heap Scan on sbtest6  (cost=5.53..429.28 rows=107 width=125)
	  Recheck Cond: ((k >= 4816729) AND (k <= 4816829))
	  ->  Bitmap Index Scan on k_6  (cost=0.00..5.50 rows=107 width=0)
	        Index Cond: ((k >= 4816729) AND (k <= 4816829))

table 7 : explain SELECT k, c FROM sbtest7 WHERE k BETWEEN 4816729 AND 4816829
	Bitmap Heap Scan on sbtest7  (cost=5.53..429.29 rows=107 width=125)
	  Recheck Cond: ((k >= 4816729) AND (k <= 4816829))
	  ->  Bitmap Index Scan on k_7  (cost=0.00..5.50 rows=107 width=0)
	        Index Cond: ((k >= 4816729) AND (k <= 4816829))

table 8 : explain SELECT k, c FROM sbtest8 WHERE k BETWEEN 4816729 AND 4816829
	Bitmap Heap Scan on sbtest8  (cost=5.56..441.12 rows=110 width=125)
	  Recheck Cond: ((k >= 4816729) AND (k <= 4816829))
	  ->  Bitmap Index Scan on k_8  (cost=0.00..5.53 rows=110 width=0)
	        Index Cond: ((k >= 4816729) AND (k <= 4816829))

for range-notcovered
table 1 : explain SELECT k, c FROM sbtest1 WHERE k BETWEEN 4775522 AND 4775622
	Bitmap Heap Scan on sbtest1  (cost=5.62..464.76 rows=116 width=125)
	  Recheck Cond: ((k >= 4775522) AND (k <= 4775622))
	  ->  Bitmap Index Scan on k_1  (cost=0.00..5.59 rows=116 width=0)
	        Index Cond: ((k >= 4775522) AND (k <= 4775622))

table 2 : explain SELECT k, c FROM sbtest2 WHERE k BETWEEN 4775522 AND 4775622
	Bitmap Heap Scan on sbtest2  (cost=5.51..421.40 rows=105 width=125)
	  Recheck Cond: ((k >= 4775522) AND (k <= 4775622))
	  ->  Bitmap Index Scan on k_2  (cost=0.00..5.48 rows=105 width=0)
	        Index Cond: ((k >= 4775522) AND (k <= 4775622))

table 3 : explain SELECT k, c FROM sbtest3 WHERE k BETWEEN 4775522 AND 4775622
	Bitmap Heap Scan on sbtest3  (cost=5.41..381.94 rows=95 width=125)
	  Recheck Cond: ((k >= 4775522) AND (k <= 4775622))
	  ->  Bitmap Index Scan on k_3  (cost=0.00..5.38 rows=95 width=0)
	        Index Cond: ((k >= 4775522) AND (k <= 4775622))

table 4 : explain SELECT k, c FROM sbtest4 WHERE k BETWEEN 4775522 AND 4775622
	Bitmap Heap Scan on sbtest4  (cost=5.48..409.58 rows=102 width=125)
	  Recheck Cond: ((k >= 4775522) AND (k <= 4775622))
	  ->  Bitmap Index Scan on k_4  (cost=0.00..5.45 rows=102 width=0)
	        Index Cond: ((k >= 4775522) AND (k <= 4775622))

table 5 : explain SELECT k, c FROM sbtest5 WHERE k BETWEEN 4775522 AND 4775622
	Bitmap Heap Scan on sbtest5  (cost=5.44..393.79 rows=98 width=125)
	  Recheck Cond: ((k >= 4775522) AND (k <= 4775622))
	  ->  Bitmap Index Scan on k_5  (cost=0.00..5.42 rows=98 width=0)
	        Index Cond: ((k >= 4775522) AND (k <= 4775622))

table 6 : explain SELECT k, c FROM sbtest6 WHERE k BETWEEN 4775522 AND 4775622
	Bitmap Heap Scan on sbtest6  (cost=5.53..429.28 rows=107 width=125)
	  Recheck Cond: ((k >= 4775522) AND (k <= 4775622))
	  ->  Bitmap Index Scan on k_6  (cost=0.00..5.50 rows=107 width=0)
	        Index Cond: ((k >= 4775522) AND (k <= 4775622))

table 7 : explain SELECT k, c FROM sbtest7 WHERE k BETWEEN 4775522 AND 4775622
	Bitmap Heap Scan on sbtest7  (cost=5.53..429.29 rows=107 width=125)
	  Recheck Cond: ((k >= 4775522) AND (k <= 4775622))
	  ->  Bitmap Index Scan on k_7  (cost=0.00..5.50 rows=107 width=0)
	        Index Cond: ((k >= 4775522) AND (k <= 4775622))

table 8 : explain SELECT k, c FROM sbtest8 WHERE k BETWEEN 4775522 AND 4775622
	Bitmap Heap Scan on sbtest8  (cost=5.56..441.12 rows=110 width=125)
	  Recheck Cond: ((k >= 4775522) AND (k <= 4775622))
	  ->  Bitmap Index Scan on k_8  (cost=0.00..5.53 rows=110 width=0)
	        Index Cond: ((k >= 4775522) AND (k <= 4775622))

for range-notcovered
table 1 : explain SELECT k, c FROM sbtest1 WHERE k BETWEEN 4692475 AND 4692575
	Bitmap Heap Scan on sbtest1  (cost=5.45..397.73 rows=99 width=125)
	  Recheck Cond: ((k >= 4692475) AND (k <= 4692575))
	  ->  Bitmap Index Scan on k_1  (cost=0.00..5.42 rows=99 width=0)
	        Index Cond: ((k >= 4692475) AND (k <= 4692575))

table 2 : explain SELECT k, c FROM sbtest2 WHERE k BETWEEN 4692475 AND 4692575
	Bitmap Heap Scan on sbtest2  (cost=5.51..421.40 rows=105 width=125)
	  Recheck Cond: ((k >= 4692475) AND (k <= 4692575))
	  ->  Bitmap Index Scan on k_2  (cost=0.00..5.48 rows=105 width=0)
	        Index Cond: ((k >= 4692475) AND (k <= 4692575))

table 3 : explain SELECT k, c FROM sbtest3 WHERE k BETWEEN 4692475 AND 4692575
	Bitmap Heap Scan on sbtest3  (cost=5.41..381.94 rows=95 width=125)
	  Recheck Cond: ((k >= 4692475) AND (k <= 4692575))
	  ->  Bitmap Index Scan on k_3  (cost=0.00..5.38 rows=95 width=0)
	        Index Cond: ((k >= 4692475) AND (k <= 4692575))

table 4 : explain SELECT k, c FROM sbtest4 WHERE k BETWEEN 4692475 AND 4692575
	Bitmap Heap Scan on sbtest4  (cost=5.51..421.41 rows=105 width=125)
	  Recheck Cond: ((k >= 4692475) AND (k <= 4692575))
	  ->  Bitmap Index Scan on k_4  (cost=0.00..5.48 rows=105 width=0)
	        Index Cond: ((k >= 4692475) AND (k <= 4692575))

table 5 : explain SELECT k, c FROM sbtest5 WHERE k BETWEEN 4692475 AND 4692575
	Bitmap Heap Scan on sbtest5  (cost=5.44..393.79 rows=98 width=125)
	  Recheck Cond: ((k >= 4692475) AND (k <= 4692575))
	  ->  Bitmap Index Scan on k_5  (cost=0.00..5.42 rows=98 width=0)
	        Index Cond: ((k >= 4692475) AND (k <= 4692575))

table 6 : explain SELECT k, c FROM sbtest6 WHERE k BETWEEN 4692475 AND 4692575
	Bitmap Heap Scan on sbtest6  (cost=5.45..397.72 rows=99 width=125)
	  Recheck Cond: ((k >= 4692475) AND (k <= 4692575))
	  ->  Bitmap Index Scan on k_6  (cost=0.00..5.42 rows=99 width=0)
	        Index Cond: ((k >= 4692475) AND (k <= 4692575))

table 7 : explain SELECT k, c FROM sbtest7 WHERE k BETWEEN 4692475 AND 4692575
	Bitmap Heap Scan on sbtest7  (cost=5.53..429.29 rows=107 width=125)
	  Recheck Cond: ((k >= 4692475) AND (k <= 4692575))
	  ->  Bitmap Index Scan on k_7  (cost=0.00..5.50 rows=107 width=0)
	        Index Cond: ((k >= 4692475) AND (k <= 4692575))

table 8 : explain SELECT k, c FROM sbtest8 WHERE k BETWEEN 4692475 AND 4692575
	Bitmap Heap Scan on sbtest8  (cost=5.49..413.52 rows=103 width=125)
	  Recheck Cond: ((k >= 4692475) AND (k <= 4692575))
	  ->  Bitmap Index Scan on k_8  (cost=0.00..5.46 rows=103 width=0)
	        Index Cond: ((k >= 4692475) AND (k <= 4692575))
for range-notcovered
table 1 : explain SELECT k, c FROM sbtest1 WHERE k BETWEEN 7515649 AND 7515749
	Bitmap Heap Scan on sbtest1  (cost=5.53..429.29 rows=107 width=125)
	  Recheck Cond: ((k >= 7515649) AND (k <= 7515749))
	  ->  Bitmap Index Scan on k_1  (cost=0.00..5.50 rows=107 width=0)
	        Index Cond: ((k >= 7515649) AND (k <= 7515749))

table 2 : explain SELECT k, c FROM sbtest2 WHERE k BETWEEN 7515649 AND 7515749
	Bitmap Heap Scan on sbtest2  (cost=5.53..429.29 rows=107 width=125)
	  Recheck Cond: ((k >= 7515649) AND (k <= 7515749))
	  ->  Bitmap Index Scan on k_2  (cost=0.00..5.50 rows=107 width=0)
	        Index Cond: ((k >= 7515649) AND (k <= 7515749))

table 3 : explain SELECT k, c FROM sbtest3 WHERE k BETWEEN 7515649 AND 7515749
	Bitmap Heap Scan on sbtest3  (cost=5.40..377.99 rows=94 width=125)
	  Recheck Cond: ((k >= 7515649) AND (k <= 7515749))
	  ->  Bitmap Index Scan on k_3  (cost=0.00..5.38 rows=94 width=0)
	        Index Cond: ((k >= 7515649) AND (k <= 7515749))

table 4 : explain SELECT k, c FROM sbtest4 WHERE k BETWEEN 7515649 AND 7515749
	Bitmap Heap Scan on sbtest4  (cost=5.42..385.90 rows=96 width=125)
	  Recheck Cond: ((k >= 7515649) AND (k <= 7515749))
	  ->  Bitmap Index Scan on k_4  (cost=0.00..5.39 rows=96 width=0)
	        Index Cond: ((k >= 7515649) AND (k <= 7515749))

table 5 : explain SELECT k, c FROM sbtest5 WHERE k BETWEEN 7515649 AND 7515749
	Bitmap Heap Scan on sbtest5  (cost=5.47..405.62 rows=101 width=125)
	  Recheck Cond: ((k >= 7515649) AND (k <= 7515749))
	  ->  Bitmap Index Scan on k_5  (cost=0.00..5.44 rows=101 width=0)
	        Index Cond: ((k >= 7515649) AND (k <= 7515749))

table 6 : explain SELECT k, c FROM sbtest6 WHERE k BETWEEN 7515649 AND 7515749
	Bitmap Heap Scan on sbtest6  (cost=5.51..421.39 rows=105 width=125)
	  Recheck Cond: ((k >= 7515649) AND (k <= 7515749))
	  ->  Bitmap Index Scan on k_6  (cost=0.00..5.48 rows=105 width=0)
	        Index Cond: ((k >= 7515649) AND (k <= 7515749))

table 7 : explain SELECT k, c FROM sbtest7 WHERE k BETWEEN 7515649 AND 7515749
	Bitmap Heap Scan on sbtest7  (cost=5.46..401.68 rows=100 width=125)
	  Recheck Cond: ((k >= 7515649) AND (k <= 7515749))
	  ->  Bitmap Index Scan on k_7  (cost=0.00..5.43 rows=100 width=0)
	        Index Cond: ((k >= 7515649) AND (k <= 7515749))

table 8 : explain SELECT k, c FROM sbtest8 WHERE k BETWEEN 7515649 AND 7515749
	Bitmap Heap Scan on sbtest8  (cost=5.56..441.12 rows=110 width=125)
	  Recheck Cond: ((k >= 7515649) AND (k <= 7515749))
	  ->  Bitmap Index Scan on k_8  (cost=0.00..5.53 rows=110 width=0)
	        Index Cond: ((k >= 7515649) AND (k <= 7515749))

for range-notcovered
table 1 : explain SELECT k, c FROM sbtest1 WHERE k BETWEEN 3643322 AND 3643422
	Bitmap Heap Scan on sbtest1  (cost=5.45..397.73 rows=99 width=125)
	  Recheck Cond: ((k >= 3643322) AND (k <= 3643422))
	  ->  Bitmap Index Scan on k_1  (cost=0.00..5.42 rows=99 width=0)
	        Index Cond: ((k >= 3643322) AND (k <= 3643422))

table 2 : explain SELECT k, c FROM sbtest2 WHERE k BETWEEN 3643322 AND 3643422
	Bitmap Heap Scan on sbtest2  (cost=5.46..401.68 rows=100 width=125)
	  Recheck Cond: ((k >= 3643322) AND (k <= 3643422))
	  ->  Bitmap Index Scan on k_2  (cost=0.00..5.43 rows=100 width=0)
	        Index Cond: ((k >= 3643322) AND (k <= 3643422))

table 3 : explain SELECT k, c FROM sbtest3 WHERE k BETWEEN 3643322 AND 3643422
	Bitmap Heap Scan on sbtest3  (cost=5.48..409.56 rows=102 width=125)
	  Recheck Cond: ((k >= 3643322) AND (k <= 3643422))
	  ->  Bitmap Index Scan on k_3  (cost=0.00..5.45 rows=102 width=0)
	        Index Cond: ((k >= 3643322) AND (k <= 3643422))

table 4 : explain SELECT k, c FROM sbtest4 WHERE k BETWEEN 3643322 AND 3643422
	Bitmap Heap Scan on sbtest4  (cost=5.52..425.36 rows=106 width=125)
	  Recheck Cond: ((k >= 3643322) AND (k <= 3643422))
	  ->  Bitmap Index Scan on k_4  (cost=0.00..5.50 rows=106 width=0)
	        Index Cond: ((k >= 3643322) AND (k <= 3643422))

table 5 : explain SELECT k, c FROM sbtest5 WHERE k BETWEEN 3643322 AND 3643422
	Bitmap Heap Scan on sbtest5  (cost=5.55..437.18 rows=109 width=125)
	  Recheck Cond: ((k >= 3643322) AND (k <= 3643422))
	  ->  Bitmap Index Scan on k_5  (cost=0.00..5.52 rows=109 width=0)
	        Index Cond: ((k >= 3643322) AND (k <= 3643422))

table 6 : explain SELECT k, c FROM sbtest6 WHERE k BETWEEN 3643322 AND 3643422
	Bitmap Heap Scan on sbtest6  (cost=5.54..433.22 rows=108 width=125)
	  Recheck Cond: ((k >= 3643322) AND (k <= 3643422))
	  ->  Bitmap Index Scan on k_6  (cost=0.00..5.51 rows=108 width=0)
	        Index Cond: ((k >= 3643322) AND (k <= 3643422))

table 7 : explain SELECT k, c FROM sbtest7 WHERE k BETWEEN 3643322 AND 3643422
	Bitmap Heap Scan on sbtest7  (cost=5.36..362.20 rows=90 width=125)
	  Recheck Cond: ((k >= 3643322) AND (k <= 3643422))
	  ->  Bitmap Index Scan on k_7  (cost=0.00..5.33 rows=90 width=0)
	        Index Cond: ((k >= 3643322) AND (k <= 3643422))

table 8 : explain SELECT k, c FROM sbtest8 WHERE k BETWEEN 3643322 AND 3643422
	Bitmap Heap Scan on sbtest8  (cost=5.52..425.35 rows=106 width=125)
	  Recheck Cond: ((k >= 3643322) AND (k <= 3643422))
	  ->  Bitmap Index Scan on k_8  (cost=0.00..5.50 rows=106 width=0)
	        Index Cond: ((k >= 3643322) AND (k <= 3643422))
explain: for range-notcovered :: explain SELECT k, c FROM sbtest%d WHERE k BETWEEN 4816729 AND 4816829for range-notcovered
table 1 : explain SELECT k, c FROM sbtest1 WHERE k BETWEEN 1519737 AND 1519837
	Bitmap Heap Scan on sbtest1  (cost=5.45..397.73 rows=99 width=125)
	  Recheck Cond: ((k >= 1519737) AND (k <= 1519837))
	  ->  Bitmap Index Scan on k_1  (cost=0.00..5.42 rows=99 width=0)
	        Index Cond: ((k >= 1519737) AND (k <= 1519837))

table 2 : explain SELECT k, c FROM sbtest2 WHERE k BETWEEN 1519737 AND 1519837
	Bitmap Heap Scan on sbtest2  (cost=5.52..425.35 rows=106 width=125)
	  Recheck Cond: ((k >= 1519737) AND (k <= 1519837))
	  ->  Bitmap Index Scan on k_2  (cost=0.00..5.50 rows=106 width=0)
	        Index Cond: ((k >= 1519737) AND (k <= 1519837))

table 3 : explain SELECT k, c FROM sbtest3 WHERE k BETWEEN 1519737 AND 1519837
	Bitmap Heap Scan on sbtest3  (cost=5.50..417.45 rows=104 width=125)
	  Recheck Cond: ((k >= 1519737) AND (k <= 1519837))
	  ->  Bitmap Index Scan on k_3  (cost=0.00..5.47 rows=104 width=0)
	        Index Cond: ((k >= 1519737) AND (k <= 1519837))

table 4 : explain SELECT k, c FROM sbtest4 WHERE k BETWEEN 1519737 AND 1519837
	Bitmap Heap Scan on sbtest4  (cost=5.39..374.05 rows=93 width=125)
	  Recheck Cond: ((k >= 1519737) AND (k <= 1519837))
	  ->  Bitmap Index Scan on k_4  (cost=0.00..5.36 rows=93 width=0)
	        Index Cond: ((k >= 1519737) AND (k <= 1519837))

table 5 : explain SELECT k, c FROM sbtest5 WHERE k BETWEEN 1519737 AND 1519837
	Bitmap Heap Scan on sbtest5  (cost=5.52..425.35 rows=106 width=125)
	  Recheck Cond: ((k >= 1519737) AND (k <= 1519837))
	  ->  Bitmap Index Scan on k_5  (cost=0.00..5.50 rows=106 width=0)
	        Index Cond: ((k >= 1519737) AND (k <= 1519837))

table 6 : explain SELECT k, c FROM sbtest6 WHERE k BETWEEN 1519737 AND 1519837
	Bitmap Heap Scan on sbtest6  (cost=5.44..393.78 rows=98 width=125)
	  Recheck Cond: ((k >= 1519737) AND (k <= 1519837))
	  ->  Bitmap Index Scan on k_6  (cost=0.00..5.42 rows=98 width=0)
	        Index Cond: ((k >= 1519737) AND (k <= 1519837))

table 7 : explain SELECT k, c FROM sbtest7 WHERE k BETWEEN 1519737 AND 1519837
	Bitmap Heap Scan on sbtest7  (cost=5.70..492.34 rows=123 width=125)
	  Recheck Cond: ((k >= 1519737) AND (k <= 1519837))
	  ->  Bitmap Index Scan on k_7  (cost=0.00..5.67 rows=123 width=0)
	        Index Cond: ((k >= 1519737) AND (k <= 1519837))

table 8 : explain SELECT k, c FROM sbtest8 WHERE k BETWEEN 1519737 AND 1519837
	Bitmap Heap Scan on sbtest8  (cost=5.55..437.18 rows=109 width=125)
	  Recheck Cond: ((k >= 1519737) AND (k <= 1519837))
	  ->  Bitmap Index Scan on k_8  (cost=0.00..5.52 rows=109 width=0)
	        Index Cond: ((k >= 1519737) AND (k <= 1519837))

for range-notcovered
table 1 : explain SELECT k, c FROM sbtest1 WHERE k BETWEEN 3177838 AND 3177938
	Bitmap Heap Scan on sbtest1  (cost=5.55..437.17 rows=109 width=125)
	  Recheck Cond: ((k >= 3177838) AND (k <= 3177938))
	  ->  Bitmap Index Scan on k_1  (cost=0.00..5.52 rows=109 width=0)
	        Index Cond: ((k >= 3177838) AND (k <= 3177938))

table 2 : explain SELECT k, c FROM sbtest2 WHERE k BETWEEN 3177838 AND 3177938
	Bitmap Heap Scan on sbtest2  (cost=5.44..393.79 rows=98 width=125)
	  Recheck Cond: ((k >= 3177838) AND (k <= 3177938))
	  ->  Bitmap Index Scan on k_2  (cost=0.00..5.42 rows=98 width=0)
	        Index Cond: ((k >= 3177838) AND (k <= 3177938))

table 3 : explain SELECT k, c FROM sbtest3 WHERE k BETWEEN 3177838 AND 3177938
	Bitmap Heap Scan on sbtest3  (cost=5.49..413.51 rows=103 width=125)
	  Recheck Cond: ((k >= 3177838) AND (k <= 3177938))
	  ->  Bitmap Index Scan on k_3  (cost=0.00..5.46 rows=103 width=0)
	        Index Cond: ((k >= 3177838) AND (k <= 3177938))

table 4 : explain SELECT k, c FROM sbtest4 WHERE k BETWEEN 3177838 AND 3177938
	Bitmap Heap Scan on sbtest4  (cost=5.54..433.24 rows=108 width=125)
	  Recheck Cond: ((k >= 3177838) AND (k <= 3177938))
	  ->  Bitmap Index Scan on k_4  (cost=0.00..5.51 rows=108 width=0)
	        Index Cond: ((k >= 3177838) AND (k <= 3177938))

table 5 : explain SELECT k, c FROM sbtest5 WHERE k BETWEEN 3177838 AND 3177938
	Bitmap Heap Scan on sbtest5  (cost=5.46..401.68 rows=100 width=125)
	  Recheck Cond: ((k >= 3177838) AND (k <= 3177938))
	  ->  Bitmap Index Scan on k_5  (cost=0.00..5.43 rows=100 width=0)
	        Index Cond: ((k >= 3177838) AND (k <= 3177938))

table 6 : explain SELECT k, c FROM sbtest6 WHERE k BETWEEN 3177838 AND 3177938
	Bitmap Heap Scan on sbtest6  (cost=5.58..448.99 rows=112 width=125)
	  Recheck Cond: ((k >= 3177838) AND (k <= 3177938))
	  ->  Bitmap Index Scan on k_6  (cost=0.00..5.55 rows=112 width=0)
	        Index Cond: ((k >= 3177838) AND (k <= 3177938))

table 7 : explain SELECT k, c FROM sbtest7 WHERE k BETWEEN 3177838 AND 3177938
	Bitmap Heap Scan on sbtest7  (cost=5.45..397.73 rows=99 width=125)
	  Recheck Cond: ((k >= 3177838) AND (k <= 3177938))
	  ->  Bitmap Index Scan on k_7  (cost=0.00..5.42 rows=99 width=0)
	        Index Cond: ((k >= 3177838) AND (k <= 3177938))

table 8 : explain SELECT k, c FROM sbtest8 WHERE k BETWEEN 3177838 AND 3177938
	Bitmap Heap Scan on sbtest8  (cost=5.51..421.40 rows=105 width=125)
	  Recheck Cond: ((k >= 3177838) AND (k <= 3177938))
	  ->  Bitmap Index Scan on k_8  (cost=0.00..5.48 rows=105 width=0)
	        Index Cond: ((k >= 3177838) AND (k <= 3177938))

for range-notcovered
table 1 : explain SELECT k, c FROM sbtest1 WHERE k BETWEEN 4426134 AND 4426234
	Bitmap Heap Scan on sbtest1  (cost=5.45..397.73 rows=99 width=125)
	  Recheck Cond: ((k >= 4426134) AND (k <= 4426234))
	  ->  Bitmap Index Scan on k_1  (cost=0.00..5.42 rows=99 width=0)
	        Index Cond: ((k >= 4426134) AND (k <= 4426234))

table 2 : explain SELECT k, c FROM sbtest2 WHERE k BETWEEN 4426134 AND 4426234
	Bitmap Heap Scan on sbtest2  (cost=5.50..417.46 rows=104 width=125)
	  Recheck Cond: ((k >= 4426134) AND (k <= 4426234))
	  ->  Bitmap Index Scan on k_2  (cost=0.00..5.47 rows=104 width=0)
	        Index Cond: ((k >= 4426134) AND (k <= 4426234))

table 3 : explain SELECT k, c FROM sbtest3 WHERE k BETWEEN 4426134 AND 4426234
	Bitmap Heap Scan on sbtest3  (cost=5.41..381.94 rows=95 width=125)
	  Recheck Cond: ((k >= 4426134) AND (k <= 4426234))
	  ->  Bitmap Index Scan on k_3  (cost=0.00..5.38 rows=95 width=0)
	        Index Cond: ((k >= 4426134) AND (k <= 4426234))

table 4 : explain SELECT k, c FROM sbtest4 WHERE k BETWEEN 4426134 AND 4426234
	Bitmap Heap Scan on sbtest4  (cost=5.48..409.58 rows=102 width=125)
	  Recheck Cond: ((k >= 4426134) AND (k <= 4426234))
	  ->  Bitmap Index Scan on k_4  (cost=0.00..5.45 rows=102 width=0)
	        Index Cond: ((k >= 4426134) AND (k <= 4426234))

table 5 : explain SELECT k, c FROM sbtest5 WHERE k BETWEEN 4426134 AND 4426234
	Bitmap Heap Scan on sbtest5  (cost=5.45..397.73 rows=99 width=125)
	  Recheck Cond: ((k >= 4426134) AND (k <= 4426234))
	  ->  Bitmap Index Scan on k_5  (cost=0.00..5.42 rows=99 width=0)
	        Index Cond: ((k >= 4426134) AND (k <= 4426234))

table 6 : explain SELECT k, c FROM sbtest6 WHERE k BETWEEN 4426134 AND 4426234
	Bitmap Heap Scan on sbtest6  (cost=5.47..405.61 rows=101 width=125)
	  Recheck Cond: ((k >= 4426134) AND (k <= 4426234))
	  ->  Bitmap Index Scan on k_6  (cost=0.00..5.44 rows=101 width=0)
	        Index Cond: ((k >= 4426134) AND (k <= 4426234))

table 7 : explain SELECT k, c FROM sbtest7 WHERE k BETWEEN 4426134 AND 4426234
	Bitmap Heap Scan on sbtest7  (cost=5.50..417.46 rows=104 width=125)
	  Recheck Cond: ((k >= 4426134) AND (k <= 4426234))
	  ->  Bitmap Index Scan on k_7  (cost=0.00..5.47 rows=104 width=0)
	        Index Cond: ((k >= 4426134) AND (k <= 4426234))

table 8 : explain SELECT k, c FROM sbtest8 WHERE k BETWEEN 4426134 AND 4426234
	Bitmap Heap Scan on sbtest8  (cost=5.49..413.52 rows=103 width=125)
	  Recheck Cond: ((k >= 4426134) AND (k <= 4426234))
	  ->  Bitmap Index Scan on k_8  (cost=0.00..5.46 rows=103 width=0)
	        Index Cond: ((k >= 4426134) AND (k <= 4426234))

for range-notcovered
table 1 : explain SELECT k, c FROM sbtest1 WHERE k BETWEEN 2288614 AND 2288714
	Bitmap Heap Scan on sbtest1  (cost=5.56..441.12 rows=110 width=125)
	  Recheck Cond: ((k >= 2288614) AND (k <= 2288714))
	  ->  Bitmap Index Scan on k_1  (cost=0.00..5.53 rows=110 width=0)
	        Index Cond: ((k >= 2288614) AND (k <= 2288714))

table 2 : explain SELECT k, c FROM sbtest2 WHERE k BETWEEN 2288614 AND 2288714
	Bitmap Heap Scan on sbtest2  (cost=5.41..381.94 rows=95 width=125)
	  Recheck Cond: ((k >= 2288614) AND (k <= 2288714))
	  ->  Bitmap Index Scan on k_2  (cost=0.00..5.38 rows=95 width=0)
	        Index Cond: ((k >= 2288614) AND (k <= 2288714))

table 3 : explain SELECT k, c FROM sbtest3 WHERE k BETWEEN 2288614 AND 2288714
	Bitmap Heap Scan on sbtest3  (cost=5.49..413.51 rows=103 width=125)
	  Recheck Cond: ((k >= 2288614) AND (k <= 2288714))
	  ->  Bitmap Index Scan on k_3  (cost=0.00..5.46 rows=103 width=0)
	        Index Cond: ((k >= 2288614) AND (k <= 2288714))

table 4 : explain SELECT k, c FROM sbtest4 WHERE k BETWEEN 2288614 AND 2288714
	Bitmap Heap Scan on sbtest4  (cost=5.35..358.25 rows=89 width=125)
	  Recheck Cond: ((k >= 2288614) AND (k <= 2288714))
	  ->  Bitmap Index Scan on k_4  (cost=0.00..5.32 rows=89 width=0)
	        Index Cond: ((k >= 2288614) AND (k <= 2288714))

table 5 : explain SELECT k, c FROM sbtest5 WHERE k BETWEEN 2288614 AND 2288714
	Bitmap Heap Scan on sbtest5  (cost=5.53..429.29 rows=107 width=125)
	  Recheck Cond: ((k >= 2288614) AND (k <= 2288714))
	  ->  Bitmap Index Scan on k_5  (cost=0.00..5.50 rows=107 width=0)
	        Index Cond: ((k >= 2288614) AND (k <= 2288714))

table 6 : explain SELECT k, c FROM sbtest6 WHERE k BETWEEN 2288614 AND 2288714
	Bitmap Heap Scan on sbtest6  (cost=5.48..409.56 rows=102 width=125)
	  Recheck Cond: ((k >= 2288614) AND (k <= 2288714))
	  ->  Bitmap Index Scan on k_6  (cost=0.00..5.45 rows=102 width=0)
	        Index Cond: ((k >= 2288614) AND (k <= 2288714))

table 7 : explain SELECT k, c FROM sbtest7 WHERE k BETWEEN 2288614 AND 2288714
	Bitmap Heap Scan on sbtest7  (cost=5.50..417.46 rows=104 width=125)
	  Recheck Cond: ((k >= 2288614) AND (k <= 2288714))
	  ->  Bitmap Index Scan on k_7  (cost=0.00..5.47 rows=104 width=0)
	        Index Cond: ((k >= 2288614) AND (k <= 2288714))

table 8 : explain SELECT k, c FROM sbtest8 WHERE k BETWEEN 2288614 AND 2288714
	Bitmap Heap Scan on sbtest8  (cost=5.46..401.68 rows=100 width=125)
	  Recheck Cond: ((k >= 2288614) AND (k <= 2288714))
	  ->  Bitmap Index Scan on k_8  (cost=0.00..5.43 rows=100 width=0)
	        Index Cond: ((k >= 2288614) AND (k <= 2288714))

for range-notcovered
table 1 : explain SELECT k, c FROM sbtest1 WHERE k BETWEEN 4395274 AND 4395374
	Bitmap Heap Scan on sbtest1  (cost=5.45..397.73 rows=99 width=125)
	  Recheck Cond: ((k >= 4395274) AND (k <= 4395374))
	  ->  Bitmap Index Scan on k_1  (cost=0.00..5.42 rows=99 width=0)
	        Index Cond: ((k >= 4395274) AND (k <= 4395374))

table 2 : explain SELECT k, c FROM sbtest2 WHERE k BETWEEN 4395274 AND 4395374
	Bitmap Heap Scan on sbtest2  (cost=5.50..417.46 rows=104 width=125)
	  Recheck Cond: ((k >= 4395274) AND (k <= 4395374))
	  ->  Bitmap Index Scan on k_2  (cost=0.00..5.47 rows=104 width=0)
	        Index Cond: ((k >= 4395274) AND (k <= 4395374))

table 3 : explain SELECT k, c FROM sbtest3 WHERE k BETWEEN 4395274 AND 4395374
	Bitmap Heap Scan on sbtest3  (cost=5.41..381.94 rows=95 width=125)
	  Recheck Cond: ((k >= 4395274) AND (k <= 4395374))
	  ->  Bitmap Index Scan on k_3  (cost=0.00..5.38 rows=95 width=0)
	        Index Cond: ((k >= 4395274) AND (k <= 4395374))

table 4 : explain SELECT k, c FROM sbtest4 WHERE k BETWEEN 4395274 AND 4395374
	Bitmap Heap Scan on sbtest4  (cost=5.48..409.58 rows=102 width=125)
	  Recheck Cond: ((k >= 4395274) AND (k <= 4395374))
	  ->  Bitmap Index Scan on k_4  (cost=0.00..5.45 rows=102 width=0)
	        Index Cond: ((k >= 4395274) AND (k <= 4395374))

table 5 : explain SELECT k, c FROM sbtest5 WHERE k BETWEEN 4395274 AND 4395374
	Bitmap Heap Scan on sbtest5  (cost=5.45..397.73 rows=99 width=125)
	  Recheck Cond: ((k >= 4395274) AND (k <= 4395374))
	  ->  Bitmap Index Scan on k_5  (cost=0.00..5.42 rows=99 width=0)
	        Index Cond: ((k >= 4395274) AND (k <= 4395374))

table 6 : explain SELECT k, c FROM sbtest6 WHERE k BETWEEN 4395274 AND 4395374
	Bitmap Heap Scan on sbtest6  (cost=5.50..417.45 rows=104 width=125)
	  Recheck Cond: ((k >= 4395274) AND (k <= 4395374))
	  ->  Bitmap Index Scan on k_6  (cost=0.00..5.47 rows=104 width=0)
	        Index Cond: ((k >= 4395274) AND (k <= 4395374))

table 7 : explain SELECT k, c FROM sbtest7 WHERE k BETWEEN 4395274 AND 4395374
	Bitmap Heap Scan on sbtest7  (cost=5.50..417.46 rows=104 width=125)
	  Recheck Cond: ((k >= 4395274) AND (k <= 4395374))
	  ->  Bitmap Index Scan on k_7  (cost=0.00..5.47 rows=104 width=0)
	        Index Cond: ((k >= 4395274) AND (k <= 4395374))

table 8 : explain SELECT k, c FROM sbtest8 WHERE k BETWEEN 4395274 AND 4395374
	Bitmap Heap Scan on sbtest8  (cost=5.49..413.52 rows=103 width=125)
	  Recheck Cond: ((k >= 4395274) AND (k <= 4395374))
	  ->  Bitmap Index Scan on k_8  (cost=0.00..5.46 rows=103 width=0)
	        Index Cond: ((k >= 4395274) AND (k <= 4395374))
for range-notcovered
table 1 : explain SELECT k, c FROM sbtest1 WHERE k BETWEEN 9205847 AND 9205947
	Bitmap Heap Scan on sbtest1  (cost=5.47..405.62 rows=101 width=125)
	  Recheck Cond: ((k >= 9205847) AND (k <= 9205947))
	  ->  Bitmap Index Scan on k_1  (cost=0.00..5.44 rows=101 width=0)
	        Index Cond: ((k >= 9205847) AND (k <= 9205947))

table 2 : explain SELECT k, c FROM sbtest2 WHERE k BETWEEN 9205847 AND 9205947
	Bitmap Heap Scan on sbtest2  (cost=5.54..433.23 rows=108 width=125)
	  Recheck Cond: ((k >= 9205847) AND (k <= 9205947))
	  ->  Bitmap Index Scan on k_2  (cost=0.00..5.51 rows=108 width=0)
	        Index Cond: ((k >= 9205847) AND (k <= 9205947))

table 3 : explain SELECT k, c FROM sbtest3 WHERE k BETWEEN 9205847 AND 9205947
	Bitmap Heap Scan on sbtest3  (cost=5.47..405.62 rows=101 width=125)
	  Recheck Cond: ((k >= 9205847) AND (k <= 9205947))
	  ->  Bitmap Index Scan on k_3  (cost=0.00..5.44 rows=101 width=0)
	        Index Cond: ((k >= 9205847) AND (k <= 9205947))

table 4 : explain SELECT k, c FROM sbtest4 WHERE k BETWEEN 9205847 AND 9205947
	Bitmap Heap Scan on sbtest4  (cost=5.52..425.36 rows=106 width=125)
	  Recheck Cond: ((k >= 9205847) AND (k <= 9205947))
	  ->  Bitmap Index Scan on k_4  (cost=0.00..5.50 rows=106 width=0)
	        Index Cond: ((k >= 9205847) AND (k <= 9205947))

table 5 : explain SELECT k, c FROM sbtest5 WHERE k BETWEEN 9205847 AND 9205947
	Bitmap Heap Scan on sbtest5  (cost=5.46..401.68 rows=100 width=125)
	  Recheck Cond: ((k >= 9205847) AND (k <= 9205947))
	  ->  Bitmap Index Scan on k_5  (cost=0.00..5.43 rows=100 width=0)
	        Index Cond: ((k >= 9205847) AND (k <= 9205947))

table 6 : explain SELECT k, c FROM sbtest6 WHERE k BETWEEN 9205847 AND 9205947
	Bitmap Heap Scan on sbtest6  (cost=5.52..425.34 rows=106 width=125)
	  Recheck Cond: ((k >= 9205847) AND (k <= 9205947))
	  ->  Bitmap Index Scan on k_6  (cost=0.00..5.50 rows=106 width=0)
	        Index Cond: ((k >= 9205847) AND (k <= 9205947))

table 7 : explain SELECT k, c FROM sbtest7 WHERE k BETWEEN 9205847 AND 9205947
	Bitmap Heap Scan on sbtest7  (cost=5.45..397.73 rows=99 width=125)
	  Recheck Cond: ((k >= 9205847) AND (k <= 9205947))
	  ->  Bitmap Index Scan on k_7  (cost=0.00..5.42 rows=99 width=0)
	        Index Cond: ((k >= 9205847) AND (k <= 9205947))

table 8 : explain SELECT k, c FROM sbtest8 WHERE k BETWEEN 9205847 AND 9205947
	Bitmap Heap Scan on sbtest8  (cost=5.52..425.35 rows=106 width=125)
	  Recheck Cond: ((k >= 9205847) AND (k <= 9205947))
	  ->  Bitmap Index Scan on k_8  (cost=0.00..5.50 rows=106 width=0)
	        Index Cond: ((k >= 9205847) AND (k <= 9205947))
for range-notcovered
table 1 : explain SELECT k, c FROM sbtest1 WHERE k BETWEEN 7165037 AND 7165137
	Bitmap Heap Scan on sbtest1  (cost=5.41..381.94 rows=95 width=125)
	  Recheck Cond: ((k >= 7165037) AND (k <= 7165137))
	  ->  Bitmap Index Scan on k_1  (cost=0.00..5.38 rows=95 width=0)
	        Index Cond: ((k >= 7165037) AND (k <= 7165137))

table 2 : explain SELECT k, c FROM sbtest2 WHERE k BETWEEN 7165037 AND 7165137
	Bitmap Heap Scan on sbtest2  (cost=5.46..401.68 rows=100 width=125)
	  Recheck Cond: ((k >= 7165037) AND (k <= 7165137))
	  ->  Bitmap Index Scan on k_2  (cost=0.00..5.43 rows=100 width=0)
	        Index Cond: ((k >= 7165037) AND (k <= 7165137))

table 3 : explain SELECT k, c FROM sbtest3 WHERE k BETWEEN 7165037 AND 7165137
	Bitmap Heap Scan on sbtest3  (cost=5.48..409.56 rows=102 width=125)
	  Recheck Cond: ((k >= 7165037) AND (k <= 7165137))
	  ->  Bitmap Index Scan on k_3  (cost=0.00..5.45 rows=102 width=0)
	        Index Cond: ((k >= 7165037) AND (k <= 7165137))

table 4 : explain SELECT k, c FROM sbtest4 WHERE k BETWEEN 7165037 AND 7165137
	Bitmap Heap Scan on sbtest4  (cost=5.40..378.00 rows=94 width=125)
	  Recheck Cond: ((k >= 7165037) AND (k <= 7165137))
	  ->  Bitmap Index Scan on k_4  (cost=0.00..5.38 rows=94 width=0)
	        Index Cond: ((k >= 7165037) AND (k <= 7165137))

table 5 : explain SELECT k, c FROM sbtest5 WHERE k BETWEEN 7165037 AND 7165137
	Bitmap Heap Scan on sbtest5  (cost=5.41..381.94 rows=95 width=125)
	  Recheck Cond: ((k >= 7165037) AND (k <= 7165137))
	  ->  Bitmap Index Scan on k_5  (cost=0.00..5.38 rows=95 width=0)
	        Index Cond: ((k >= 7165037) AND (k <= 7165137))

table 6 : explain SELECT k, c FROM sbtest6 WHERE k BETWEEN 7165037 AND 7165137
	Bitmap Heap Scan on sbtest6  (cost=5.45..397.72 rows=99 width=125)
	  Recheck Cond: ((k >= 7165037) AND (k <= 7165137))
	  ->  Bitmap Index Scan on k_6  (cost=0.00..5.42 rows=99 width=0)
	        Index Cond: ((k >= 7165037) AND (k <= 7165137))

table 7 : explain SELECT k, c FROM sbtest7 WHERE k BETWEEN 7165037 AND 7165137
	Bitmap Heap Scan on sbtest7  (cost=5.46..401.68 rows=100 width=125)
	  Recheck Cond: ((k >= 7165037) AND (k <= 7165137))
	  ->  Bitmap Index Scan on k_7  (cost=0.00..5.43 rows=100 width=0)
	        Index Cond: ((k >= 7165037) AND (k <= 7165137))

table 8 : explain SELECT k, c FROM sbtest8 WHERE k BETWEEN 7165037 AND 7165137
	Bitmap Heap Scan on sbtest8  (cost=5.59..452.94 rows=113 width=125)
	  Recheck Cond: ((k >= 7165037) AND (k <= 7165137))
	  ->  Bitmap Index Scan on k_8  (cost=0.00..5.56 rows=113 width=0)
	        Index Cond: ((k >= 7165037) AND (k <= 7165137))

for range-notcovered
table 1 : explain SELECT k, c FROM sbtest1 WHERE k BETWEEN 931144 AND 931244
	Bitmap Heap Scan on sbtest1  (cost=5.50..417.46 rows=104 width=125)
	  Recheck Cond: ((k >= 931144) AND (k <= 931244))
	  ->  Bitmap Index Scan on k_1  (cost=0.00..5.47 rows=104 width=0)
	        Index Cond: ((k >= 931144) AND (k <= 931244))

table 2 : explain SELECT k, c FROM sbtest2 WHERE k BETWEEN 931144 AND 931244
	Bitmap Heap Scan on sbtest2  (cost=5.48..409.57 rows=102 width=125)
	  Recheck Cond: ((k >= 931144) AND (k <= 931244))
	  ->  Bitmap Index Scan on k_2  (cost=0.00..5.45 rows=102 width=0)
	        Index Cond: ((k >= 931144) AND (k <= 931244))

table 3 : explain SELECT k, c FROM sbtest3 WHERE k BETWEEN 931144 AND 931244
	Bitmap Heap Scan on sbtest3  (cost=5.47..405.62 rows=101 width=125)
	  Recheck Cond: ((k >= 931144) AND (k <= 931244))
	  ->  Bitmap Index Scan on k_3  (cost=0.00..5.44 rows=101 width=0)
	        Index Cond: ((k >= 931144) AND (k <= 931244))

table 4 : explain SELECT k, c FROM sbtest4 WHERE k BETWEEN 931144 AND 931244
	Bitmap Heap Scan on sbtest4  (cost=5.46..401.69 rows=100 width=125)
	  Recheck Cond: ((k >= 931144) AND (k <= 931244))
	  ->  Bitmap Index Scan on k_4  (cost=0.00..5.43 rows=100 width=0)
	        Index Cond: ((k >= 931144) AND (k <= 931244))

table 5 : explain SELECT k, c FROM sbtest5 WHERE k BETWEEN 931144 AND 931244
	Bitmap Heap Scan on sbtest5  (cost=5.55..437.18 rows=109 width=125)
	  Recheck Cond: ((k >= 931144) AND (k <= 931244))
	  ->  Bitmap Index Scan on k_5  (cost=0.00..5.52 rows=109 width=0)
	        Index Cond: ((k >= 931144) AND (k <= 931244))

table 6 : explain SELECT k, c FROM sbtest6 WHERE k BETWEEN 931144 AND 931244
	Bitmap Heap Scan on sbtest6  (cost=5.42..385.88 rows=96 width=125)
	  Recheck Cond: ((k >= 931144) AND (k <= 931244))
	  ->  Bitmap Index Scan on k_6  (cost=0.00..5.39 rows=96 width=0)
	        Index Cond: ((k >= 931144) AND (k <= 931244))

table 7 : explain SELECT k, c FROM sbtest7 WHERE k BETWEEN 931144 AND 931244
	Bitmap Heap Scan on sbtest7  (cost=5.54..433.24 rows=108 width=125)
	  Recheck Cond: ((k >= 931144) AND (k <= 931244))
	  ->  Bitmap Index Scan on k_7  (cost=0.00..5.51 rows=108 width=0)
	        Index Cond: ((k >= 931144) AND (k <= 931244))

table 8 : explain SELECT k, c FROM sbtest8 WHERE k BETWEEN 931144 AND 931244
	Bitmap Heap Scan on sbtest8  (cost=5.46..401.68 rows=100 width=125)
	  Recheck Cond: ((k >= 931144) AND (k <= 931244))
	  ->  Bitmap Index Scan on k_8  (cost=0.00..5.43 rows=100 width=0)
	        Index Cond: ((k >= 931144) AND (k <= 931244))
for range-notcovered
table 1 : explain SELECT k, c FROM sbtest1 WHERE k BETWEEN 4961523 AND 4961623
	Bitmap Heap Scan on sbtest1  (cost=5.63..468.70 rows=117 width=125)
	  Recheck Cond: ((k >= 4961523) AND (k <= 4961623))
	  ->  Bitmap Index Scan on k_1  (cost=0.00..5.60 rows=117 width=0)
	        Index Cond: ((k >= 4961523) AND (k <= 4961623))

table 2 : explain SELECT k, c FROM sbtest2 WHERE k BETWEEN 4961523 AND 4961623
	Bitmap Heap Scan on sbtest2  (cost=5.46..401.68 rows=100 width=125)
	  Recheck Cond: ((k >= 4961523) AND (k <= 4961623))
	  ->  Bitmap Index Scan on k_2  (cost=0.00..5.43 rows=100 width=0)
	        Index Cond: ((k >= 4961523) AND (k <= 4961623))

table 3 : explain SELECT k, c FROM sbtest3 WHERE k BETWEEN 4961523 AND 4961623
	Bitmap Heap Scan on sbtest3  (cost=5.42..385.88 rows=96 width=125)
	  Recheck Cond: ((k >= 4961523) AND (k <= 4961623))
	  ->  Bitmap Index Scan on k_3  (cost=0.00..5.39 rows=96 width=0)
	        Index Cond: ((k >= 4961523) AND (k <= 4961623))

table 4 : explain SELECT k, c FROM sbtest4 WHERE k BETWEEN 4961523 AND 4961623
	Bitmap Heap Scan on sbtest4  (cost=5.55..437.19 rows=109 width=125)
	  Recheck Cond: ((k >= 4961523) AND (k <= 4961623))
	  ->  Bitmap Index Scan on k_4  (cost=0.00..5.52 rows=109 width=0)
	        Index Cond: ((k >= 4961523) AND (k <= 4961623))

table 5 : explain SELECT k, c FROM sbtest5 WHERE k BETWEEN 4961523 AND 4961623
	Bitmap Heap Scan on sbtest5  (cost=5.50..417.46 rows=104 width=125)
	  Recheck Cond: ((k >= 4961523) AND (k <= 4961623))
	  ->  Bitmap Index Scan on k_5  (cost=0.00..5.47 rows=104 width=0)
	        Index Cond: ((k >= 4961523) AND (k <= 4961623))

table 6 : explain SELECT k, c FROM sbtest6 WHERE k BETWEEN 4961523 AND 4961623
	Bitmap Heap Scan on sbtest6  (cost=5.50..417.45 rows=104 width=125)
	  Recheck Cond: ((k >= 4961523) AND (k <= 4961623))
	  ->  Bitmap Index Scan on k_6  (cost=0.00..5.47 rows=104 width=0)
	        Index Cond: ((k >= 4961523) AND (k <= 4961623))

table 7 : explain SELECT k, c FROM sbtest7 WHERE k BETWEEN 4961523 AND 4961623
	Bitmap Heap Scan on sbtest7  (cost=5.49..413.52 rows=103 width=125)
	  Recheck Cond: ((k >= 4961523) AND (k <= 4961623))
	  ->  Bitmap Index Scan on k_7  (cost=0.00..5.46 rows=103 width=0)
	        Index Cond: ((k >= 4961523) AND (k <= 4961623))

table 8 : explain SELECT k, c FROM sbtest8 WHERE k BETWEEN 4961523 AND 4961623
	Bitmap Heap Scan on sbtest8  (cost=5.37..366.15 rows=91 width=125)
	  Recheck Cond: ((k >= 4961523) AND (k <= 4961623))
	  ->  Bitmap Index Scan on k_8  (cost=0.00..5.34 rows=91 width=0)
	        Index Cond: ((k >= 4961523) AND (k <= 4961623))



explain: for range-notcovered :: explain SELECT k, c FROM sbtest%d WHERE k BETWEEN 7165037 AND 7165137
for range-notcovered
table 1 : explain SELECT k, c FROM sbtest1 WHERE k BETWEEN 4233174 AND 4233274
	Bitmap Heap Scan on sbtest1  (cost=5.42..385.89 rows=96 width=125)
	  Recheck Cond: ((k >= 4233174) AND (k <= 4233274))
	  ->  Bitmap Index Scan on k_1  (cost=0.00..5.39 rows=96 width=0)
	        Index Cond: ((k >= 4233174) AND (k <= 4233274))

table 2 : explain SELECT k, c FROM sbtest2 WHERE k BETWEEN 4233174 AND 4233274
	Bitmap Heap Scan on sbtest2  (cost=5.47..405.62 rows=101 width=125)
	  Recheck Cond: ((k >= 4233174) AND (k <= 4233274))
	  ->  Bitmap Index Scan on k_2  (cost=0.00..5.44 rows=101 width=0)
	        Index Cond: ((k >= 4233174) AND (k <= 4233274))

table 3 : explain SELECT k, c FROM sbtest3 WHERE k BETWEEN 4233174 AND 4233274
	Bitmap Heap Scan on sbtest3  (cost=5.46..401.67 rows=100 width=125)
	  Recheck Cond: ((k >= 4233174) AND (k <= 4233274))
	  ->  Bitmap Index Scan on k_3  (cost=0.00..5.43 rows=100 width=0)
	        Index Cond: ((k >= 4233174) AND (k <= 4233274))

table 4 : explain SELECT k, c FROM sbtest4 WHERE k BETWEEN 4233174 AND 4233274
	Bitmap Heap Scan on sbtest4  (cost=5.53..429.30 rows=107 width=125)
	  Recheck Cond: ((k >= 4233174) AND (k <= 4233274))
	  ->  Bitmap Index Scan on k_4  (cost=0.00..5.50 rows=107 width=0)
	        Index Cond: ((k >= 4233174) AND (k <= 4233274))

table 5 : explain SELECT k, c FROM sbtest5 WHERE k BETWEEN 4233174 AND 4233274
	Bitmap Heap Scan on sbtest5  (cost=5.64..472.64 rows=118 width=125)
	  Recheck Cond: ((k >= 4233174) AND (k <= 4233274))
	  ->  Bitmap Index Scan on k_5  (cost=0.00..5.61 rows=118 width=0)
	        Index Cond: ((k >= 4233174) AND (k <= 4233274))

table 6 : explain SELECT k, c FROM sbtest6 WHERE k BETWEEN 4233174 AND 4233274
	Bitmap Heap Scan on sbtest6  (cost=5.49..413.50 rows=103 width=125)
	  Recheck Cond: ((k >= 4233174) AND (k <= 4233274))
	  ->  Bitmap Index Scan on k_6  (cost=0.00..5.46 rows=103 width=0)
	        Index Cond: ((k >= 4233174) AND (k <= 4233274))

table 7 : explain SELECT k, c FROM sbtest7 WHERE k BETWEEN 4233174 AND 4233274
	Bitmap Heap Scan on sbtest7  (cost=5.52..425.35 rows=106 width=125)
	  Recheck Cond: ((k >= 4233174) AND (k <= 4233274))
	  ->  Bitmap Index Scan on k_7  (cost=0.00..5.50 rows=106 width=0)
	        Index Cond: ((k >= 4233174) AND (k <= 4233274))

table 8 : explain SELECT k, c FROM sbtest8 WHERE k BETWEEN 4233174 AND 4233274
	Bitmap Heap Scan on sbtest8  (cost=5.41..381.94 rows=95 width=125)
	  Recheck Cond: ((k >= 4233174) AND (k <= 4233274))
	  ->  Bitmap Index Scan on k_8  (cost=0.00..5.38 rows=95 width=0)
	        Index Cond: ((k >= 4233174) AND (k <= 4233274))


for range-notcovered
table 1 : explain SELECT k, c FROM sbtest1 WHERE k BETWEEN 7583462 AND 7583562
	Bitmap Heap Scan on sbtest1  (cost=5.53..429.29 rows=107 width=125)
	  Recheck Cond: ((k >= 7583462) AND (k <= 7583562))
	  ->  Bitmap Index Scan on k_1  (cost=0.00..5.50 rows=107 width=0)
	        Index Cond: ((k >= 7583462) AND (k <= 7583562))

table 2 : explain SELECT k, c FROM sbtest2 WHERE k BETWEEN 7583462 AND 7583562
	Bitmap Heap Scan on sbtest2  (cost=5.53..429.29 rows=107 width=125)
	  Recheck Cond: ((k >= 7583462) AND (k <= 7583562))
	  ->  Bitmap Index Scan on k_2  (cost=0.00..5.50 rows=107 width=0)
	        Index Cond: ((k >= 7583462) AND (k <= 7583562))

table 3 : explain SELECT k, c FROM sbtest3 WHERE k BETWEEN 7583462 AND 7583562
	Bitmap Heap Scan on sbtest3  (cost=5.40..377.99 rows=94 width=125)
	  Recheck Cond: ((k >= 7583462) AND (k <= 7583562))
	  ->  Bitmap Index Scan on k_3  (cost=0.00..5.38 rows=94 width=0)
	        Index Cond: ((k >= 7583462) AND (k <= 7583562))

table 4 : explain SELECT k, c FROM sbtest4 WHERE k BETWEEN 7583462 AND 7583562
	Bitmap Heap Scan on sbtest4  (cost=5.42..385.90 rows=96 width=125)
	  Recheck Cond: ((k >= 7583462) AND (k <= 7583562))
	  ->  Bitmap Index Scan on k_4  (cost=0.00..5.39 rows=96 width=0)
	        Index Cond: ((k >= 7583462) AND (k <= 7583562))

table 5 : explain SELECT k, c FROM sbtest5 WHERE k BETWEEN 7583462 AND 7583562
	Bitmap Heap Scan on sbtest5  (cost=5.47..405.62 rows=101 width=125)
	  Recheck Cond: ((k >= 7583462) AND (k <= 7583562))
	  ->  Bitmap Index Scan on k_5  (cost=0.00..5.44 rows=101 width=0)
	        Index Cond: ((k >= 7583462) AND (k <= 7583562))

table 6 : explain SELECT k, c FROM sbtest6 WHERE k BETWEEN 7583462 AND 7583562
	Bitmap Heap Scan on sbtest6  (cost=5.48..409.56 rows=102 width=125)
	  Recheck Cond: ((k >= 7583462) AND (k <= 7583562))
	  ->  Bitmap Index Scan on k_6  (cost=0.00..5.45 rows=102 width=0)
	        Index Cond: ((k >= 7583462) AND (k <= 7583562))

table 7 : explain SELECT k, c FROM sbtest7 WHERE k BETWEEN 7583462 AND 7583562
	Bitmap Heap Scan on sbtest7  (cost=5.46..401.68 rows=100 width=125)
	  Recheck Cond: ((k >= 7583462) AND (k <= 7583562))
	  ->  Bitmap Index Scan on k_7  (cost=0.00..5.43 rows=100 width=0)
	        Index Cond: ((k >= 7583462) AND (k <= 7583562))

table 8 : explain SELECT k, c FROM sbtest8 WHERE k BETWEEN 7583462 AND 7583562
	Bitmap Heap Scan on sbtest8  (cost=5.56..441.12 rows=110 width=125)
	  Recheck Cond: ((k >= 7583462) AND (k <= 7583562))
	  ->  Bitmap Index Scan on k_8  (cost=0.00..5.53 rows=110 width=0)
	        Index Cond: ((k >= 7583462) AND (k <= 7583562))


explain: for range-notcovered :: explain SELECT k, c FROM sbtest%d WHERE k BETWEEN 4775522 AND 4775622

for range-notcovered
table 1 : explain SELECT k, c FROM sbtest1 WHERE k BETWEEN 4404507 AND 4404607
	Bitmap Heap Scan on sbtest1  (cost=5.45..397.73 rows=99 width=125)
	  Recheck Cond: ((k >= 4404507) AND (k <= 4404607))
	  ->  Bitmap Index Scan on k_1  (cost=0.00..5.42 rows=99 width=0)
	        Index Cond: ((k >= 4404507) AND (k <= 4404607))

table 2 : explain SELECT k, c FROM sbtest2 WHERE k BETWEEN 4404507 AND 4404607
	Bitmap Heap Scan on sbtest2  (cost=5.50..417.46 rows=104 width=125)
	  Recheck Cond: ((k >= 4404507) AND (k <= 4404607))
	  ->  Bitmap Index Scan on k_2  (cost=0.00..5.47 rows=104 width=0)
	        Index Cond: ((k >= 4404507) AND (k <= 4404607))

table 3 : explain SELECT k, c FROM sbtest3 WHERE k BETWEEN 4404507 AND 4404607
	Bitmap Heap Scan on sbtest3  (cost=5.41..381.94 rows=95 width=125)
	  Recheck Cond: ((k >= 4404507) AND (k <= 4404607))
	  ->  Bitmap Index Scan on k_3  (cost=0.00..5.38 rows=95 width=0)
	        Index Cond: ((k >= 4404507) AND (k <= 4404607))

table 4 : explain SELECT k, c FROM sbtest4 WHERE k BETWEEN 4404507 AND 4404607
	Bitmap Heap Scan on sbtest4  (cost=5.48..409.58 rows=102 width=125)
	  Recheck Cond: ((k >= 4404507) AND (k <= 4404607))
	  ->  Bitmap Index Scan on k_4  (cost=0.00..5.45 rows=102 width=0)
	        Index Cond: ((k >= 4404507) AND (k <= 4404607))

table 5 : explain SELECT k, c FROM sbtest5 WHERE k BETWEEN 4404507 AND 4404607
	Bitmap Heap Scan on sbtest5  (cost=5.45..397.73 rows=99 width=125)
	  Recheck Cond: ((k >= 4404507) AND (k <= 4404607))
	  ->  Bitmap Index Scan on k_5  (cost=0.00..5.42 rows=99 width=0)
	        Index Cond: ((k >= 4404507) AND (k <= 4404607))

table 6 : explain SELECT k, c FROM sbtest6 WHERE k BETWEEN 4404507 AND 4404607
	Bitmap Heap Scan on sbtest6  (cost=5.50..417.45 rows=104 width=125)
	  Recheck Cond: ((k >= 4404507) AND (k <= 4404607))
	  ->  Bitmap Index Scan on k_6  (cost=0.00..5.47 rows=104 width=0)
	        Index Cond: ((k >= 4404507) AND (k <= 4404607))

table 7 : explain SELECT k, c FROM sbtest7 WHERE k BETWEEN 4404507 AND 4404607
	Bitmap Heap Scan on sbtest7  (cost=5.50..417.46 rows=104 width=125)
	  Recheck Cond: ((k >= 4404507) AND (k <= 4404607))
	  ->  Bitmap Index Scan on k_7  (cost=0.00..5.47 rows=104 width=0)
	        Index Cond: ((k >= 4404507) AND (k <= 4404607))

table 8 : explain SELECT k, c FROM sbtest8 WHERE k BETWEEN 4404507 AND 4404607
	Bitmap Heap Scan on sbtest8  (cost=5.49..413.52 rows=103 width=125)
	  Recheck Cond: ((k >= 4404507) AND (k <= 4404607))
	  ->  Bitmap Index Scan on k_8  (cost=0.00..5.46 rows=103 width=0)
	        Index Cond: ((k >= 4404507) AND (k <= 4404607))

for range-notcovered
table 1 : explain SELECT k, c FROM sbtest1 WHERE k BETWEEN 4845292 AND 4845392
	Bitmap Heap Scan on sbtest1  (cost=5.54..433.23 rows=108 width=125)
	  Recheck Cond: ((k >= 4845292) AND (k <= 4845392))
	  ->  Bitmap Index Scan on k_1  (cost=0.00..5.51 rows=108 width=0)
	        Index Cond: ((k >= 4845292) AND (k <= 4845392))

table 2 : explain SELECT k, c FROM sbtest2 WHERE k BETWEEN 4845292 AND 4845392
	Bitmap Heap Scan on sbtest2  (cost=5.48..409.57 rows=102 width=125)
	  Recheck Cond: ((k >= 4845292) AND (k <= 4845392))
	  ->  Bitmap Index Scan on k_2  (cost=0.00..5.45 rows=102 width=0)
	        Index Cond: ((k >= 4845292) AND (k <= 4845392))

table 3 : explain SELECT k, c FROM sbtest3 WHERE k BETWEEN 4845292 AND 4845392
	Bitmap Heap Scan on sbtest3  (cost=5.48..409.56 rows=102 width=125)
	  Recheck Cond: ((k >= 4845292) AND (k <= 4845392))
	  ->  Bitmap Index Scan on k_3  (cost=0.00..5.45 rows=102 width=0)
	        Index Cond: ((k >= 4845292) AND (k <= 4845392))

table 4 : explain SELECT k, c FROM sbtest4 WHERE k BETWEEN 4845292 AND 4845392
	Bitmap Heap Scan on sbtest4  (cost=5.48..409.58 rows=102 width=125)
	  Recheck Cond: ((k >= 4845292) AND (k <= 4845392))
	  ->  Bitmap Index Scan on k_4  (cost=0.00..5.45 rows=102 width=0)
	        Index Cond: ((k >= 4845292) AND (k <= 4845392))

table 5 : explain SELECT k, c FROM sbtest5 WHERE k BETWEEN 4845292 AND 4845392
	Bitmap Heap Scan on sbtest5  (cost=5.43..389.84 rows=97 width=125)
	  Recheck Cond: ((k >= 4845292) AND (k <= 4845392))
	  ->  Bitmap Index Scan on k_5  (cost=0.00..5.40 rows=97 width=0)
	        Index Cond: ((k >= 4845292) AND (k <= 4845392))

table 6 : explain SELECT k, c FROM sbtest6 WHERE k BETWEEN 4845292 AND 4845392
	Bitmap Heap Scan on sbtest6  (cost=5.51..421.39 rows=105 width=125)
	  Recheck Cond: ((k >= 4845292) AND (k <= 4845392))
	  ->  Bitmap Index Scan on k_6  (cost=0.00..5.48 rows=105 width=0)
	        Index Cond: ((k >= 4845292) AND (k <= 4845392))

table 7 : explain SELECT k, c FROM sbtest7 WHERE k BETWEEN 4845292 AND 4845392
	Bitmap Heap Scan on sbtest7  (cost=5.53..429.29 rows=107 width=125)
	  Recheck Cond: ((k >= 4845292) AND (k <= 4845392))
	  ->  Bitmap Index Scan on k_7  (cost=0.00..5.50 rows=107 width=0)
	        Index Cond: ((k >= 4845292) AND (k <= 4845392))

table 8 : explain SELECT k, c FROM sbtest8 WHERE k BETWEEN 4845292 AND 4845392
	Bitmap Heap Scan on sbtest8  (cost=5.56..441.12 rows=110 width=125)
	  Recheck Cond: ((k >= 4845292) AND (k <= 4845392))
	  ->  Bitmap Index Scan on k_8  (cost=0.00..5.53 rows=110 width=0)
	        Index Cond: ((k >= 4845292) AND (k <= 4845392))

explain: for range-notcovered :: explain SELECT k, c FROM sbtest%d WHERE k BETWEEN 4399955 AND 4400055for range-notcovered
table 1 : explain SELECT k, c FROM sbtest1 WHERE k BETWEEN 5389644 AND 5389744
	Bitmap Heap Scan on sbtest1  (cost=5.51..421.40 rows=105 width=125)
	  Recheck Cond: ((k >= 5389644) AND (k <= 5389744))
	  ->  Bitmap Index Scan on k_1  (cost=0.00..5.48 rows=105 width=0)
	        Index Cond: ((k >= 5389644) AND (k <= 5389744))

table 2 : explain SELECT k, c FROM sbtest2 WHERE k BETWEEN 5389644 AND 5389744
	Bitmap Heap Scan on sbtest2  (cost=5.49..413.51 rows=103 width=125)
	  Recheck Cond: ((k >= 5389644) AND (k <= 5389744))
	  ->  Bitmap Index Scan on k_2  (cost=0.00..5.46 rows=103 width=0)
	        Index Cond: ((k >= 5389644) AND (k <= 5389744))

table 3 : explain SELECT k, c FROM sbtest3 WHERE k BETWEEN 5389644 AND 5389744
	Bitmap Heap Scan on sbtest3  (cost=5.45..397.72 rows=99 width=125)
	  Recheck Cond: ((k >= 5389644) AND (k <= 5389744))
	  ->  Bitmap Index Scan on k_3  (cost=0.00..5.42 rows=99 width=0)
	        Index Cond: ((k >= 5389644) AND (k <= 5389744))

table 4 : explain SELECT k, c FROM sbtest4 WHERE k BETWEEN 5389644 AND 5389744
	Bitmap Heap Scan on sbtest4  (cost=5.56..441.13 rows=110 width=125)
	  Recheck Cond: ((k >= 5389644) AND (k <= 5389744))
	  ->  Bitmap Index Scan on k_4  (cost=0.00..5.53 rows=110 width=0)
	        Index Cond: ((k >= 5389644) AND (k <= 5389744))

table 5 : explain SELECT k, c FROM sbtest5 WHERE k BETWEEN 5389644 AND 5389744
	Bitmap Heap Scan on sbtest5  (cost=5.58..449.00 rows=112 width=125)
	  Recheck Cond: ((k >= 5389644) AND (k <= 5389744))
	  ->  Bitmap Index Scan on k_5  (cost=0.00..5.55 rows=112 width=0)
	        Index Cond: ((k >= 5389644) AND (k <= 5389744))

table 6 : explain SELECT k, c FROM sbtest6 WHERE k BETWEEN 5389644 AND 5389744
	Bitmap Heap Scan on sbtest6  (cost=5.43..389.83 rows=97 width=125)
	  Recheck Cond: ((k >= 5389644) AND (k <= 5389744))
	  ->  Bitmap Index Scan on k_6  (cost=0.00..5.40 rows=97 width=0)
	        Index Cond: ((k >= 5389644) AND (k <= 5389744))

table 7 : explain SELECT k, c FROM sbtest7 WHERE k BETWEEN 5389644 AND 5389744
	Bitmap Heap Scan on sbtest7  (cost=5.54..433.24 rows=108 width=125)
	  Recheck Cond: ((k >= 5389644) AND (k <= 5389744))
	  ->  Bitmap Index Scan on k_7  (cost=0.00..5.51 rows=108 width=0)
	        Index Cond: ((k >= 5389644) AND (k <= 5389744))

table 8 : explain SELECT k, c FROM sbtest8 WHERE k BETWEEN 5389644 AND 5389744
	Bitmap Heap Scan on sbtest8  (cost=5.39..374.05 rows=93 width=125)
	  Recheck Cond: ((k >= 5389644) AND (k <= 5389744))
	  ->  Bitmap Index Scan on k_8  (cost=0.00..5.36 rows=93 width=0)
	        Index Cond: ((k >= 5389644) AND (k <= 5389744))

for range-notcovered
table 1 : explain SELECT k, c FROM sbtest1 WHERE k BETWEEN 6552462 AND 6552562
	Bitmap Heap Scan on sbtest1  (cost=5.47..405.62 rows=101 width=125)
	  Recheck Cond: ((k >= 6552462) AND (k <= 6552562))
	  ->  Bitmap Index Scan on k_1  (cost=0.00..5.44 rows=101 width=0)
	        Index Cond: ((k >= 6552462) AND (k <= 6552562))

table 2 : explain SELECT k, c FROM sbtest2 WHERE k BETWEEN 6552462 AND 6552562
	Bitmap Heap Scan on sbtest2  (cost=5.52..425.35 rows=106 width=125)
	  Recheck Cond: ((k >= 6552462) AND (k <= 6552562))
	  ->  Bitmap Index Scan on k_2  (cost=0.00..5.50 rows=106 width=0)
	        Index Cond: ((k >= 6552462) AND (k <= 6552562))

table 3 : explain SELECT k, c FROM sbtest3 WHERE k BETWEEN 6552462 AND 6552562
	Bitmap Heap Scan on sbtest3  (cost=5.37..366.14 rows=91 width=125)
	  Recheck Cond: ((k >= 6552462) AND (k <= 6552562))
	  ->  Bitmap Index Scan on k_3  (cost=0.00..5.34 rows=91 width=0)
	        Index Cond: ((k >= 6552462) AND (k <= 6552562))

table 4 : explain SELECT k, c FROM sbtest4 WHERE k BETWEEN 6552462 AND 6552562
	Bitmap Heap Scan on sbtest4  (cost=5.58..449.01 rows=112 width=125)
	  Recheck Cond: ((k >= 6552462) AND (k <= 6552562))
	  ->  Bitmap Index Scan on k_4  (cost=0.00..5.55 rows=112 width=0)
	        Index Cond: ((k >= 6552462) AND (k <= 6552562))

table 5 : explain SELECT k, c FROM sbtest5 WHERE k BETWEEN 6552462 AND 6552562
	Bitmap Heap Scan on sbtest5  (cost=5.48..409.57 rows=102 width=125)
	  Recheck Cond: ((k >= 6552462) AND (k <= 6552562))
	  ->  Bitmap Index Scan on k_5  (cost=0.00..5.45 rows=102 width=0)
	        Index Cond: ((k >= 6552462) AND (k <= 6552562))

table 6 : explain SELECT k, c FROM sbtest6 WHERE k BETWEEN 6552462 AND 6552562
	Bitmap Heap Scan on sbtest6  (cost=5.60..456.87 rows=114 width=125)
	  Recheck Cond: ((k >= 6552462) AND (k <= 6552562))
	  ->  Bitmap Index Scan on k_6  (cost=0.00..5.58 rows=114 width=0)
	        Index Cond: ((k >= 6552462) AND (k <= 6552562))

table 7 : explain SELECT k, c FROM sbtest7 WHERE k BETWEEN 6552462 AND 6552562
	Bitmap Heap Scan on sbtest7  (cost=5.45..397.73 rows=99 width=125)
	  Recheck Cond: ((k >= 6552462) AND (k <= 6552562))
	  ->  Bitmap Index Scan on k_7  (cost=0.00..5.42 rows=99 width=0)
	        Index Cond: ((k >= 6552462) AND (k <= 6552562))

table 8 : explain SELECT k, c FROM sbtest8 WHERE k BETWEEN 6552462 AND 6552562
	Bitmap Heap Scan on sbtest8  (cost=5.48..409.57 rows=102 width=125)
	  Recheck Cond: ((k >= 6552462) AND (k <= 6552562))
	  ->  Bitmap Index Scan on k_8  (cost=0.00..5.45 rows=102 width=0)
	        Index Cond: ((k >= 6552462) AND (k <= 6552562))
for range-notcovered
table 1 : explain SELECT k, c FROM sbtest1 WHERE k BETWEEN 7738119 AND 7738219
	Bitmap Heap Scan on sbtest1  (cost=5.41..381.94 rows=95 width=125)
	  Recheck Cond: ((k >= 7738119) AND (k <= 7738219))
	  ->  Bitmap Index Scan on k_1  (cost=0.00..5.38 rows=95 width=0)
	        Index Cond: ((k >= 7738119) AND (k <= 7738219))

table 2 : explain SELECT k, c FROM sbtest2 WHERE k BETWEEN 7738119 AND 7738219
	Bitmap Heap Scan on sbtest2  (cost=5.57..445.06 rows=111 width=125)
	  Recheck Cond: ((k >= 7738119) AND (k <= 7738219))
	  ->  Bitmap Index Scan on k_2  (cost=0.00..5.54 rows=111 width=0)
	        Index Cond: ((k >= 7738119) AND (k <= 7738219))

table 3 : explain SELECT k, c FROM sbtest3 WHERE k BETWEEN 7738119 AND 7738219
	Bitmap Heap Scan on sbtest3  (cost=5.54..433.22 rows=108 width=125)
	  Recheck Cond: ((k >= 7738119) AND (k <= 7738219))
	  ->  Bitmap Index Scan on k_3  (cost=0.00..5.51 rows=108 width=0)
	        Index Cond: ((k >= 7738119) AND (k <= 7738219))

table 4 : explain SELECT k, c FROM sbtest4 WHERE k BETWEEN 7738119 AND 7738219
	Bitmap Heap Scan on sbtest4  (cost=5.46..401.69 rows=100 width=125)
	  Recheck Cond: ((k >= 7738119) AND (k <= 7738219))
	  ->  Bitmap Index Scan on k_4  (cost=0.00..5.43 rows=100 width=0)
	        Index Cond: ((k >= 7738119) AND (k <= 7738219))

table 5 : explain SELECT k, c FROM sbtest5 WHERE k BETWEEN 7738119 AND 7738219
	Bitmap Heap Scan on sbtest5  (cost=5.42..385.89 rows=96 width=125)
	  Recheck Cond: ((k >= 7738119) AND (k <= 7738219))
	  ->  Bitmap Index Scan on k_5  (cost=0.00..5.39 rows=96 width=0)
	        Index Cond: ((k >= 7738119) AND (k <= 7738219))

table 6 : explain SELECT k, c FROM sbtest6 WHERE k BETWEEN 7738119 AND 7738219
	Bitmap Heap Scan on sbtest6  (cost=5.44..393.78 rows=98 width=125)
	  Recheck Cond: ((k >= 7738119) AND (k <= 7738219))
	  ->  Bitmap Index Scan on k_6  (cost=0.00..5.42 rows=98 width=0)
	        Index Cond: ((k >= 7738119) AND (k <= 7738219))

table 7 : explain SELECT k, c FROM sbtest7 WHERE k BETWEEN 7738119 AND 7738219
	Bitmap Heap Scan on sbtest7  (cost=5.50..417.46 rows=104 width=125)
	  Recheck Cond: ((k >= 7738119) AND (k <= 7738219))
	  ->  Bitmap Index Scan on k_7  (cost=0.00..5.47 rows=104 width=0)
	        Index Cond: ((k >= 7738119) AND (k <= 7738219))

table 8 : explain SELECT k, c FROM sbtest8 WHERE k BETWEEN 7738119 AND 7738219
	Bitmap Heap Scan on sbtest8  (cost=5.45..397.73 rows=99 width=125)
	  Recheck Cond: ((k >= 7738119) AND (k <= 7738219))
	  ->  Bitmap Index Scan on k_8  (cost=0.00..5.42 rows=99 width=0)
	        Index Cond: ((k >= 7738119) AND (k <= 7738219))

for range-notcovered
table 1 : explain SELECT k, c FROM sbtest1 WHERE k BETWEEN 7980482 AND 7980582
	Bitmap Heap Scan on sbtest1  (cost=5.47..405.62 rows=101 width=125)
	  Recheck Cond: ((k >= 7980482) AND (k <= 7980582))
	  ->  Bitmap Index Scan on k_1  (cost=0.00..5.44 rows=101 width=0)
	        Index Cond: ((k >= 7980482) AND (k <= 7980582))

table 2 : explain SELECT k, c FROM sbtest2 WHERE k BETWEEN 7980482 AND 7980582
	Bitmap Heap Scan on sbtest2  (cost=5.58..449.00 rows=112 width=125)
	  Recheck Cond: ((k >= 7980482) AND (k <= 7980582))
	  ->  Bitmap Index Scan on k_2  (cost=0.00..5.55 rows=112 width=0)
	        Index Cond: ((k >= 7980482) AND (k <= 7980582))

table 3 : explain SELECT k, c FROM sbtest3 WHERE k BETWEEN 7980482 AND 7980582
	Bitmap Heap Scan on sbtest3  (cost=5.63..468.69 rows=117 width=125)
	  Recheck Cond: ((k >= 7980482) AND (k <= 7980582))
	  ->  Bitmap Index Scan on k_3  (cost=0.00..5.60 rows=117 width=0)
	        Index Cond: ((k >= 7980482) AND (k <= 7980582))

table 4 : explain SELECT k, c FROM sbtest4 WHERE k BETWEEN 7980482 AND 7980582
	Bitmap Heap Scan on sbtest4  (cost=5.40..378.00 rows=94 width=125)
	  Recheck Cond: ((k >= 7980482) AND (k <= 7980582))
	  ->  Bitmap Index Scan on k_4  (cost=0.00..5.38 rows=94 width=0)
	        Index Cond: ((k >= 7980482) AND (k <= 7980582))

table 5 : explain SELECT k, c FROM sbtest5 WHERE k BETWEEN 7980482 AND 7980582
	Bitmap Heap Scan on sbtest5  (cost=5.70..492.34 rows=123 width=125)
	  Recheck Cond: ((k >= 7980482) AND (k <= 7980582))
	  ->  Bitmap Index Scan on k_5  (cost=0.00..5.67 rows=123 width=0)
	        Index Cond: ((k >= 7980482) AND (k <= 7980582))

table 6 : explain SELECT k, c FROM sbtest6 WHERE k BETWEEN 7980482 AND 7980582
	Bitmap Heap Scan on sbtest6  (cost=5.41..381.93 rows=95 width=125)
	  Recheck Cond: ((k >= 7980482) AND (k <= 7980582))
	  ->  Bitmap Index Scan on k_6  (cost=0.00..5.38 rows=95 width=0)
	        Index Cond: ((k >= 7980482) AND (k <= 7980582))

table 7 : explain SELECT k, c FROM sbtest7 WHERE k BETWEEN 7980482 AND 7980582
	Bitmap Heap Scan on sbtest7  (cost=5.47..405.63 rows=101 width=125)
	  Recheck Cond: ((k >= 7980482) AND (k <= 7980582))
	  ->  Bitmap Index Scan on k_7  (cost=0.00..5.44 rows=101 width=0)
	        Index Cond: ((k >= 7980482) AND (k <= 7980582))

table 8 : explain SELECT k, c FROM sbtest8 WHERE k BETWEEN 7980482 AND 7980582
	Bitmap Heap Scan on sbtest8  (cost=5.38..370.10 rows=92 width=125)
	  Recheck Cond: ((k >= 7980482) AND (k <= 7980582))
	  ->  Bitmap Index Scan on k_8  (cost=0.00..5.35 rows=92 width=0)
	        Index Cond: ((k >= 7980482) AND (k <= 7980582))

for range-notcovered
table 1 : explain SELECT k, c FROM sbtest1 WHERE k BETWEEN 5735179 AND 5735279
	Bitmap Heap Scan on sbtest1  (cost=5.38..370.09 rows=92 width=125)
	  Recheck Cond: ((k >= 5735179) AND (k <= 5735279))
	  ->  Bitmap Index Scan on k_1  (cost=0.00..5.35 rows=92 width=0)
	        Index Cond: ((k >= 5735179) AND (k <= 5735279))

table 2 : explain SELECT k, c FROM sbtest2 WHERE k BETWEEN 5735179 AND 5735279
	Bitmap Heap Scan on sbtest2  (cost=5.59..452.94 rows=113 width=125)
	  Recheck Cond: ((k >= 5735179) AND (k <= 5735279))
	  ->  Bitmap Index Scan on k_2  (cost=0.00..5.56 rows=113 width=0)
	        Index Cond: ((k >= 5735179) AND (k <= 5735279))

table 3 : explain SELECT k, c FROM sbtest3 WHERE k BETWEEN 5735179 AND 5735279
	Bitmap Heap Scan on sbtest3  (cost=5.60..456.87 rows=114 width=125)
	  Recheck Cond: ((k >= 5735179) AND (k <= 5735279))
	  ->  Bitmap Index Scan on k_3  (cost=0.00..5.58 rows=114 width=0)
	        Index Cond: ((k >= 5735179) AND (k <= 5735279))

table 4 : explain SELECT k, c FROM sbtest4 WHERE k BETWEEN 5735179 AND 5735279
	Bitmap Heap Scan on sbtest4  (cost=5.53..429.30 rows=107 width=125)
	  Recheck Cond: ((k >= 5735179) AND (k <= 5735279))
	  ->  Bitmap Index Scan on k_4  (cost=0.00..5.50 rows=107 width=0)
	        Index Cond: ((k >= 5735179) AND (k <= 5735279))

table 5 : explain SELECT k, c FROM sbtest5 WHERE k BETWEEN 5735179 AND 5735279
	Bitmap Heap Scan on sbtest5  (cost=5.41..381.94 rows=95 width=125)
	  Recheck Cond: ((k >= 5735179) AND (k <= 5735279))
	  ->  Bitmap Index Scan on k_5  (cost=0.00..5.38 rows=95 width=0)
	        Index Cond: ((k >= 5735179) AND (k <= 5735279))

table 6 : explain SELECT k, c FROM sbtest6 WHERE k BETWEEN 5735179 AND 5735279
	Bitmap Heap Scan on sbtest6  (cost=5.42..385.88 rows=96 width=125)
	  Recheck Cond: ((k >= 5735179) AND (k <= 5735279))
	  ->  Bitmap Index Scan on k_6  (cost=0.00..5.39 rows=96 width=0)
	        Index Cond: ((k >= 5735179) AND (k <= 5735279))

table 7 : explain SELECT k, c FROM sbtest7 WHERE k BETWEEN 5735179 AND 5735279
	Bitmap Heap Scan on sbtest7  (cost=5.44..393.79 rows=98 width=125)
	  Recheck Cond: ((k >= 5735179) AND (k <= 5735279))
	  ->  Bitmap Index Scan on k_7  (cost=0.00..5.42 rows=98 width=0)
	        Index Cond: ((k >= 5735179) AND (k <= 5735279))

table 8 : explain SELECT k, c FROM sbtest8 WHERE k BETWEEN 5735179 AND 5735279
	Bitmap Heap Scan on sbtest8  (cost=5.54..433.23 rows=108 width=125)
	  Recheck Cond: ((k >= 5735179) AND (k <= 5735279))
	  ->  Bitmap Index Scan on k_8  (cost=0.00..5.51 rows=108 width=0)
	        Index Cond: ((k >= 5735179) AND (k <= 5735279))

for range-notcovered
table 1 : explain SELECT k, c FROM sbtest1 WHERE k BETWEEN 7584845 AND 7584945
	Bitmap Heap Scan on sbtest1  (cost=5.53..429.29 rows=107 width=125)
	  Recheck Cond: ((k >= 7584845) AND (k <= 7584945))
	  ->  Bitmap Index Scan on k_1  (cost=0.00..5.50 rows=107 width=0)
	        Index Cond: ((k >= 7584845) AND (k <= 7584945))

table 2 : explain SELECT k, c FROM sbtest2 WHERE k BETWEEN 7584845 AND 7584945
	Bitmap Heap Scan on sbtest2  (cost=5.53..429.29 rows=107 width=125)
	  Recheck Cond: ((k >= 7584845) AND (k <= 7584945))
	  ->  Bitmap Index Scan on k_2  (cost=0.00..5.50 rows=107 width=0)
	        Index Cond: ((k >= 7584845) AND (k <= 7584945))

table 3 : explain SELECT k, c FROM sbtest3 WHERE k BETWEEN 7584845 AND 7584945
	Bitmap Heap Scan on sbtest3  (cost=5.40..377.99 rows=94 width=125)
	  Recheck Cond: ((k >= 7584845) AND (k <= 7584945))
	  ->  Bitmap Index Scan on k_3  (cost=0.00..5.38 rows=94 width=0)
	        Index Cond: ((k >= 7584845) AND (k <= 7584945))

table 4 : explain SELECT k, c FROM sbtest4 WHERE k BETWEEN 7584845 AND 7584945
	Bitmap Heap Scan on sbtest4  (cost=5.42..385.90 rows=96 width=125)
	  Recheck Cond: ((k >= 7584845) AND (k <= 7584945))
	  ->  Bitmap Index Scan on k_4  (cost=0.00..5.39 rows=96 width=0)
	        Index Cond: ((k >= 7584845) AND (k <= 7584945))

table 5 : explain SELECT k, c FROM sbtest5 WHERE k BETWEEN 7584845 AND 7584945
	Bitmap Heap Scan on sbtest5  (cost=5.47..405.62 rows=101 width=125)
	  Recheck Cond: ((k >= 7584845) AND (k <= 7584945))
	  ->  Bitmap Index Scan on k_5  (cost=0.00..5.44 rows=101 width=0)
	        Index Cond: ((k >= 7584845) AND (k <= 7584945))

table 6 : explain SELECT k, c FROM sbtest6 WHERE k BETWEEN 7584845 AND 7584945
	Bitmap Heap Scan on sbtest6  (cost=5.48..409.56 rows=102 width=125)
	  Recheck Cond: ((k >= 7584845) AND (k <= 7584945))
	  ->  Bitmap Index Scan on k_6  (cost=0.00..5.45 rows=102 width=0)
	        Index Cond: ((k >= 7584845) AND (k <= 7584945))

table 7 : explain SELECT k, c FROM sbtest7 WHERE k BETWEEN 7584845 AND 7584945
	Bitmap Heap Scan on sbtest7  (cost=5.48..409.57 rows=102 width=125)
	  Recheck Cond: ((k >= 7584845) AND (k <= 7584945))
	  ->  Bitmap Index Scan on k_7  (cost=0.00..5.45 rows=102 width=0)
	        Index Cond: ((k >= 7584845) AND (k <= 7584945))

table 8 : explain SELECT k, c FROM sbtest8 WHERE k BETWEEN 7584845 AND 7584945
	Bitmap Heap Scan on sbtest8  (cost=5.56..441.12 rows=110 width=125)
	  Recheck Cond: ((k >= 7584845) AND (k <= 7584945))
	  ->  Bitmap Index Scan on k_8  (cost=0.00..5.53 rows=110 width=0)
	        Index Cond: ((k >= 7584845) AND (k <= 7584945))


for range-notcovered
table 1 : explain SELECT k, c FROM sbtest1 WHERE k BETWEEN 3624693 AND 3624793
	Bitmap Heap Scan on sbtest1  (cost=5.45..397.73 rows=99 width=125)
	  Recheck Cond: ((k >= 3624693) AND (k <= 3624793))
	  ->  Bitmap Index Scan on k_1  (cost=0.00..5.42 rows=99 width=0)
	        Index Cond: ((k >= 3624693) AND (k <= 3624793))

table 2 : explain SELECT k, c FROM sbtest2 WHERE k BETWEEN 3624693 AND 3624793
	Bitmap Heap Scan on sbtest2  (cost=5.46..401.68 rows=100 width=125)
	  Recheck Cond: ((k >= 3624693) AND (k <= 3624793))
	  ->  Bitmap Index Scan on k_2  (cost=0.00..5.43 rows=100 width=0)
	        Index Cond: ((k >= 3624693) AND (k <= 3624793))

table 3 : explain SELECT k, c FROM sbtest3 WHERE k BETWEEN 3624693 AND 3624793
	Bitmap Heap Scan on sbtest3  (cost=5.48..409.56 rows=102 width=125)
	  Recheck Cond: ((k >= 3624693) AND (k <= 3624793))
	  ->  Bitmap Index Scan on k_3  (cost=0.00..5.45 rows=102 width=0)
	        Index Cond: ((k >= 3624693) AND (k <= 3624793))

table 4 : explain SELECT k, c FROM sbtest4 WHERE k BETWEEN 3624693 AND 3624793
	Bitmap Heap Scan on sbtest4  (cost=5.52..425.36 rows=106 width=125)
	  Recheck Cond: ((k >= 3624693) AND (k <= 3624793))
	  ->  Bitmap Index Scan on k_4  (cost=0.00..5.50 rows=106 width=0)
	        Index Cond: ((k >= 3624693) AND (k <= 3624793))

table 5 : explain SELECT k, c FROM sbtest5 WHERE k BETWEEN 3624693 AND 3624793
	Bitmap Heap Scan on sbtest5  (cost=5.55..437.18 rows=109 width=125)
	  Recheck Cond: ((k >= 3624693) AND (k <= 3624793))
	  ->  Bitmap Index Scan on k_5  (cost=0.00..5.52 rows=109 width=0)
	        Index Cond: ((k >= 3624693) AND (k <= 3624793))

table 6 : explain SELECT k, c FROM sbtest6 WHERE k BETWEEN 3624693 AND 3624793
	Bitmap Heap Scan on sbtest6  (cost=5.54..433.22 rows=108 width=125)
	  Recheck Cond: ((k >= 3624693) AND (k <= 3624793))
	  ->  Bitmap Index Scan on k_6  (cost=0.00..5.51 rows=108 width=0)
	        Index Cond: ((k >= 3624693) AND (k <= 3624793))

table 7 : explain SELECT k, c FROM sbtest7 WHERE k BETWEEN 3624693 AND 3624793
	Bitmap Heap Scan on sbtest7  (cost=5.36..362.20 rows=90 width=125)
	  Recheck Cond: ((k >= 3624693) AND (k <= 3624793))
	  ->  Bitmap Index Scan on k_7  (cost=0.00..5.33 rows=90 width=0)
	        Index Cond: ((k >= 3624693) AND (k <= 3624793))

table 8 : explain SELECT k, c FROM sbtest8 WHERE k BETWEEN 3624693 AND 3624793
	Bitmap Heap Scan on sbtest8  (cost=5.52..425.35 rows=106 width=125)
	  Recheck Cond: ((k >= 3624693) AND (k <= 3624793))
	  ->  Bitmap Index Scan on k_8  (cost=0.00..5.50 rows=106 width=0)
	        Index Cond: ((k >= 3624693) AND (k <= 3624793))
for range-notcovered
table 1 : explain SELECT k, c FROM sbtest1 WHERE k BETWEEN 5181953 AND 5182053
	Bitmap Heap Scan on sbtest1  (cost=5.44..393.78 rows=98 width=125)
	  Recheck Cond: ((k >= 5181953) AND (k <= 5182053))
	  ->  Bitmap Index Scan on k_1  (cost=0.00..5.42 rows=98 width=0)
	        Index Cond: ((k >= 5181953) AND (k <= 5182053))

table 2 : explain SELECT k, c FROM sbtest2 WHERE k BETWEEN 5181953 AND 5182053
	Bitmap Heap Scan on sbtest2  (cost=5.46..401.68 rows=100 width=125)
	  Recheck Cond: ((k >= 5181953) AND (k <= 5182053))
	  ->  Bitmap Index Scan on k_2  (cost=0.00..5.43 rows=100 width=0)
	        Index Cond: ((k >= 5181953) AND (k <= 5182053))

table 3 : explain SELECT k, c FROM sbtest3 WHERE k BETWEEN 5181953 AND 5182053
	Bitmap Heap Scan on sbtest3  (cost=5.54..433.22 rows=108 width=125)
	  Recheck Cond: ((k >= 5181953) AND (k <= 5182053))
	  ->  Bitmap Index Scan on k_3  (cost=0.00..5.51 rows=108 width=0)
	        Index Cond: ((k >= 5181953) AND (k <= 5182053))

table 4 : explain SELECT k, c FROM sbtest4 WHERE k BETWEEN 5181953 AND 5182053
	Bitmap Heap Scan on sbtest4  (cost=5.54..433.24 rows=108 width=125)
	  Recheck Cond: ((k >= 5181953) AND (k <= 5182053))
	  ->  Bitmap Index Scan on k_4  (cost=0.00..5.51 rows=108 width=0)
	        Index Cond: ((k >= 5181953) AND (k <= 5182053))

table 5 : explain SELECT k, c FROM sbtest5 WHERE k BETWEEN 5181953 AND 5182053
	Bitmap Heap Scan on sbtest5  (cost=5.47..405.62 rows=101 width=125)
	  Recheck Cond: ((k >= 5181953) AND (k <= 5182053))
	  ->  Bitmap Index Scan on k_5  (cost=0.00..5.44 rows=101 width=0)
	        Index Cond: ((k >= 5181953) AND (k <= 5182053))

table 6 : explain SELECT k, c FROM sbtest6 WHERE k BETWEEN 5181953 AND 5182053
	Bitmap Heap Scan on sbtest6  (cost=5.52..425.34 rows=106 width=125)
	  Recheck Cond: ((k >= 5181953) AND (k <= 5182053))
	  ->  Bitmap Index Scan on k_6  (cost=0.00..5.50 rows=106 width=0)
	        Index Cond: ((k >= 5181953) AND (k <= 5182053))

table 7 : explain SELECT k, c FROM sbtest7 WHERE k BETWEEN 5181953 AND 5182053
	Bitmap Heap Scan on sbtest7  (cost=5.49..413.52 rows=103 width=125)
	  Recheck Cond: ((k >= 5181953) AND (k <= 5182053))
	  ->  Bitmap Index Scan on k_7  (cost=0.00..5.46 rows=103 width=0)
	        Index Cond: ((k >= 5181953) AND (k <= 5182053))

table 8 : explain SELECT k, c FROM sbtest8 WHERE k BETWEEN 5181953 AND 5182053
	Bitmap Heap Scan on sbtest8  (cost=5.36..362.20 rows=90 width=125)
	  Recheck Cond: ((k >= 5181953) AND (k <= 5182053))
	  ->  Bitmap Index Scan on k_8  (cost=0.00..5.33 rows=90 width=0)
	        Index Cond: ((k >= 5181953) AND (k <= 5182053))

explain: for range-notcovered :: explain SELECT k, c FROM sbtest%d WHERE k BETWEEN 4426134 AND 4426234
explain: for range-notcovered :: explain SELECT k, c FROM sbtest%d WHERE k BETWEEN 5735179 AND 5735279explain: for range-notcovered :: explain SELECT k, c FROM sbtest%d WHERE k BETWEEN 2288614 AND 2288714explain: for range-notcovered :: explain SELECT k, c FROM sbtest%d WHERE k BETWEEN 9205847 AND 9205947for range-notcovered
table 1 : explain SELECT k, c FROM sbtest1 WHERE k BETWEEN 5049096 AND 5049196
	Bitmap Heap Scan on sbtest1  (cost=5.46..401.68 rows=100 width=125)
	  Recheck Cond: ((k >= 5049096) AND (k <= 5049196))
	  ->  Bitmap Index Scan on k_1  (cost=0.00..5.43 rows=100 width=0)
	        Index Cond: ((k >= 5049096) AND (k <= 5049196))

table 2 : explain SELECT k, c FROM sbtest2 WHERE k BETWEEN 5049096 AND 5049196
	Bitmap Heap Scan on sbtest2  (cost=5.47..405.62 rows=101 width=125)
	  Recheck Cond: ((k >= 5049096) AND (k <= 5049196))
	  ->  Bitmap Index Scan on k_2  (cost=0.00..5.44 rows=101 width=0)
	        Index Cond: ((k >= 5049096) AND (k <= 5049196))

table 3 : explain SELECT k, c FROM sbtest3 WHERE k BETWEEN 5049096 AND 5049196
	Bitmap Heap Scan on sbtest3  (cost=5.48..409.56 rows=102 width=125)
	  Recheck Cond: ((k >= 5049096) AND (k <= 5049196))
	  ->  Bitmap Index Scan on k_3  (cost=0.00..5.45 rows=102 width=0)
	        Index Cond: ((k >= 5049096) AND (k <= 5049196))

table 4 : explain SELECT k, c FROM sbtest4 WHERE k BETWEEN 5049096 AND 5049196
	Bitmap Heap Scan on sbtest4  (cost=5.49..413.52 rows=103 width=125)
	  Recheck Cond: ((k >= 5049096) AND (k <= 5049196))
	  ->  Bitmap Index Scan on k_4  (cost=0.00..5.46 rows=103 width=0)
	        Index Cond: ((k >= 5049096) AND (k <= 5049196))

table 5 : explain SELECT k, c FROM sbtest5 WHERE k BETWEEN 5049096 AND 5049196
	Bitmap Heap Scan on sbtest5  (cost=5.63..468.71 rows=117 width=125)
	  Recheck Cond: ((k >= 5049096) AND (k <= 5049196))
	  ->  Bitmap Index Scan on k_5  (cost=0.00..5.60 rows=117 width=0)
	        Index Cond: ((k >= 5049096) AND (k <= 5049196))

table 6 : explain SELECT k, c FROM sbtest6 WHERE k BETWEEN 5049096 AND 5049196
	Bitmap Heap Scan on sbtest6  (cost=5.44..393.78 rows=98 width=125)
	  Recheck Cond: ((k >= 5049096) AND (k <= 5049196))
	  ->  Bitmap Index Scan on k_6  (cost=0.00..5.42 rows=98 width=0)
	        Index Cond: ((k >= 5049096) AND (k <= 5049196))

table 7 : explain SELECT k, c FROM sbtest7 WHERE k BETWEEN 5049096 AND 5049196
	Bitmap Heap Scan on sbtest7  (cost=5.41..381.94 rows=95 width=125)
	  Recheck Cond: ((k >= 5049096) AND (k <= 5049196))
	  ->  Bitmap Index Scan on k_7  (cost=0.00..5.38 rows=95 width=0)
	        Index Cond: ((k >= 5049096) AND (k <= 5049196))

table 8 : explain SELECT k, c FROM sbtest8 WHERE k BETWEEN 5049096 AND 5049196
	Bitmap Heap Scan on sbtest8  (cost=5.57..445.06 rows=111 width=125)
	  Recheck Cond: ((k >= 5049096) AND (k <= 5049196))
	  ->  Bitmap Index Scan on k_8  (cost=0.00..5.54 rows=111 width=0)
	        Index Cond: ((k >= 5049096) AND (k <= 5049196))

explain: for range-notcovered :: explain SELECT k, c FROM sbtest%d WHERE k BETWEEN 3652200 AND 3652300
for range-notcovered
table 1 : explain SELECT k, c FROM sbtest1 WHERE k BETWEEN 9404245 AND 9404345
	Bitmap Heap Scan on sbtest1  (cost=5.51..421.40 rows=105 width=125)
	  Recheck Cond: ((k >= 9404245) AND (k <= 9404345))
	  ->  Bitmap Index Scan on k_1  (cost=0.00..5.48 rows=105 width=0)
	        Index Cond: ((k >= 9404245) AND (k <= 9404345))

table 2 : explain SELECT k, c FROM sbtest2 WHERE k BETWEEN 9404245 AND 9404345
	Bitmap Heap Scan on sbtest2  (cost=5.47..405.62 rows=101 width=125)
	  Recheck Cond: ((k >= 9404245) AND (k <= 9404345))
	  ->  Bitmap Index Scan on k_2  (cost=0.00..5.44 rows=101 width=0)
	        Index Cond: ((k >= 9404245) AND (k <= 9404345))

table 3 : explain SELECT k, c FROM sbtest3 WHERE k BETWEEN 9404245 AND 9404345
	Bitmap Heap Scan on sbtest3  (cost=5.48..409.56 rows=102 width=125)
	  Recheck Cond: ((k >= 9404245) AND (k <= 9404345))
	  ->  Bitmap Index Scan on k_3  (cost=0.00..5.45 rows=102 width=0)
	        Index Cond: ((k >= 9404245) AND (k <= 9404345))

table 4 : explain SELECT k, c FROM sbtest4 WHERE k BETWEEN 9404245 AND 9404345
	Bitmap Heap Scan on sbtest4  (cost=5.45..397.74 rows=99 width=125)
	  Recheck Cond: ((k >= 9404245) AND (k <= 9404345))
	  ->  Bitmap Index Scan on k_4  (cost=0.00..5.42 rows=99 width=0)
	        Index Cond: ((k >= 9404245) AND (k <= 9404345))

table 5 : explain SELECT k, c FROM sbtest5 WHERE k BETWEEN 9404245 AND 9404345
	Bitmap Heap Scan on sbtest5  (cost=5.61..460.83 rows=115 width=125)
	  Recheck Cond: ((k >= 9404245) AND (k <= 9404345))
	  ->  Bitmap Index Scan on k_5  (cost=0.00..5.58 rows=115 width=0)
	        Index Cond: ((k >= 9404245) AND (k <= 9404345))

table 6 : explain SELECT k, c FROM sbtest6 WHERE k BETWEEN 9404245 AND 9404345
	Bitmap Heap Scan on sbtest6  (cost=5.42..385.88 rows=96 width=125)
	  Recheck Cond: ((k >= 9404245) AND (k <= 9404345))
	  ->  Bitmap Index Scan on k_6  (cost=0.00..5.39 rows=96 width=0)
	        Index Cond: ((k >= 9404245) AND (k <= 9404345))

table 7 : explain SELECT k, c FROM sbtest7 WHERE k BETWEEN 9404245 AND 9404345
	Bitmap Heap Scan on sbtest7  (cost=5.45..397.73 rows=99 width=125)
	  Recheck Cond: ((k >= 9404245) AND (k <= 9404345))
	  ->  Bitmap Index Scan on k_7  (cost=0.00..5.42 rows=99 width=0)
	        Index Cond: ((k >= 9404245) AND (k <= 9404345))

table 8 : explain SELECT k, c FROM sbtest8 WHERE k BETWEEN 9404245 AND 9404345
	Bitmap Heap Scan on sbtest8  (cost=5.45..397.73 rows=99 width=125)
	  Recheck Cond: ((k >= 9404245) AND (k <= 9404345))
	  ->  Bitmap Index Scan on k_8  (cost=0.00..5.42 rows=99 width=0)
	        Index Cond: ((k >= 9404245) AND (k <= 9404345))
explain: for range-notcovered :: explain SELECT k, c FROM sbtest%d WHERE k BETWEEN 5181953 AND 5182053for range-notcovered
table 1 : explain SELECT k, c FROM sbtest1 WHERE k BETWEEN 5793286 AND 5793386
	Bitmap Heap Scan on sbtest1  (cost=5.38..370.09 rows=92 width=125)
	  Recheck Cond: ((k >= 5793286) AND (k <= 5793386))
	  ->  Bitmap Index Scan on k_1  (cost=0.00..5.35 rows=92 width=0)
	        Index Cond: ((k >= 5793286) AND (k <= 5793386))

table 2 : explain SELECT k, c FROM sbtest2 WHERE k BETWEEN 5793286 AND 5793386
	Bitmap Heap Scan on sbtest2  (cost=5.54..433.23 rows=108 width=125)
	  Recheck Cond: ((k >= 5793286) AND (k <= 5793386))
	  ->  Bitmap Index Scan on k_2  (cost=0.00..5.51 rows=108 width=0)
	        Index Cond: ((k >= 5793286) AND (k <= 5793386))

table 3 : explain SELECT k, c FROM sbtest3 WHERE k BETWEEN 5793286 AND 5793386
	Bitmap Heap Scan on sbtest3  (cost=5.44..393.78 rows=98 width=125)
	  Recheck Cond: ((k >= 5793286) AND (k <= 5793386))
	  ->  Bitmap Index Scan on k_3  (cost=0.00..5.42 rows=98 width=0)
	        Index Cond: ((k >= 5793286) AND (k <= 5793386))

table 4 : explain SELECT k, c FROM sbtest4 WHERE k BETWEEN 5793286 AND 5793386
	Bitmap Heap Scan on sbtest4  (cost=5.53..429.30 rows=107 width=125)
	  Recheck Cond: ((k >= 5793286) AND (k <= 5793386))
	  ->  Bitmap Index Scan on k_4  (cost=0.00..5.50 rows=107 width=0)
	        Index Cond: ((k >= 5793286) AND (k <= 5793386))

table 5 : explain SELECT k, c FROM sbtest5 WHERE k BETWEEN 5793286 AND 5793386
	Bitmap Heap Scan on sbtest5  (cost=5.37..366.15 rows=91 width=125)
	  Recheck Cond: ((k >= 5793286) AND (k <= 5793386))
	  ->  Bitmap Index Scan on k_5  (cost=0.00..5.34 rows=91 width=0)
	        Index Cond: ((k >= 5793286) AND (k <= 5793386))

table 6 : explain SELECT k, c FROM sbtest6 WHERE k BETWEEN 5793286 AND 5793386
	Bitmap Heap Scan on sbtest6  (cost=5.42..385.88 rows=96 width=125)
	  Recheck Cond: ((k >= 5793286) AND (k <= 5793386))
	  ->  Bitmap Index Scan on k_6  (cost=0.00..5.39 rows=96 width=0)
	        Index Cond: ((k >= 5793286) AND (k <= 5793386))

table 7 : explain SELECT k, c FROM sbtest7 WHERE k BETWEEN 5793286 AND 5793386
	Bitmap Heap Scan on sbtest7  (cost=5.51..421.40 rows=105 width=125)
	  Recheck Cond: ((k >= 5793286) AND (k <= 5793386))
	  ->  Bitmap Index Scan on k_7  (cost=0.00..5.48 rows=105 width=0)
	        Index Cond: ((k >= 5793286) AND (k <= 5793386))

table 8 : explain SELECT k, c FROM sbtest8 WHERE k BETWEEN 5793286 AND 5793386
	Bitmap Heap Scan on sbtest8  (cost=5.44..393.79 rows=98 width=125)
	  Recheck Cond: ((k >= 5793286) AND (k <= 5793386))
	  ->  Bitmap Index Scan on k_8  (cost=0.00..5.42 rows=98 width=0)
	        Index Cond: ((k >= 5793286) AND (k <= 5793386))

explain: for range-notcovered :: explain SELECT k, c FROM sbtest%d WHERE k BETWEEN 2689330 AND 2689430
explain: for range-notcovered :: explain SELECT k, c FROM sbtest%d WHERE k BETWEEN 4233174 AND 4233274
explain: for range-notcovered :: explain SELECT k, c FROM sbtest%d WHERE k BETWEEN 3643322 AND 3643422
explain: for range-notcovered :: explain SELECT k, c FROM sbtest%d WHERE k BETWEEN 4692475 AND 4692575
for range-notcovered
table 1 : explain SELECT k, c FROM sbtest1 WHERE k BETWEEN 3571436 AND 3571536
	Bitmap Heap Scan on sbtest1  (cost=5.45..397.73 rows=99 width=125)
	  Recheck Cond: ((k >= 3571436) AND (k <= 3571536))
	  ->  Bitmap Index Scan on k_1  (cost=0.00..5.42 rows=99 width=0)
	        Index Cond: ((k >= 3571436) AND (k <= 3571536))

table 2 : explain SELECT k, c FROM sbtest2 WHERE k BETWEEN 3571436 AND 3571536
	Bitmap Heap Scan on sbtest2  (cost=5.54..433.23 rows=108 width=125)
	  Recheck Cond: ((k >= 3571436) AND (k <= 3571536))
	  ->  Bitmap Index Scan on k_2  (cost=0.00..5.51 rows=108 width=0)
	        Index Cond: ((k >= 3571436) AND (k <= 3571536))

table 3 : explain SELECT k, c FROM sbtest3 WHERE k BETWEEN 3571436 AND 3571536
	Bitmap Heap Scan on sbtest3  (cost=5.51..421.39 rows=105 width=125)
	  Recheck Cond: ((k >= 3571436) AND (k <= 3571536))
	  ->  Bitmap Index Scan on k_3  (cost=0.00..5.48 rows=105 width=0)
	        Index Cond: ((k >= 3571436) AND (k <= 3571536))

table 4 : explain SELECT k, c FROM sbtest4 WHERE k BETWEEN 3571436 AND 3571536
	Bitmap Heap Scan on sbtest4  (cost=5.43..389.85 rows=97 width=125)
	  Recheck Cond: ((k >= 3571436) AND (k <= 3571536))
	  ->  Bitmap Index Scan on k_4  (cost=0.00..5.40 rows=97 width=0)
	        Index Cond: ((k >= 3571436) AND (k <= 3571536))

table 5 : explain SELECT k, c FROM sbtest5 WHERE k BETWEEN 3571436 AND 3571536
	Bitmap Heap Scan on sbtest5  (cost=5.54..433.23 rows=108 width=125)
	  Recheck Cond: ((k >= 3571436) AND (k <= 3571536))
	  ->  Bitmap Index Scan on k_5  (cost=0.00..5.51 rows=108 width=0)
	        Index Cond: ((k >= 3571436) AND (k <= 3571536))

table 6 : explain SELECT k, c FROM sbtest6 WHERE k BETWEEN 3571436 AND 3571536
	Bitmap Heap Scan on sbtest6  (cost=5.54..433.22 rows=108 width=125)
	  Recheck Cond: ((k >= 3571436) AND (k <= 3571536))
	  ->  Bitmap Index Scan on k_6  (cost=0.00..5.51 rows=108 width=0)
	        Index Cond: ((k >= 3571436) AND (k <= 3571536))

table 7 : explain SELECT k, c FROM sbtest7 WHERE k BETWEEN 3571436 AND 3571536
	Bitmap Heap Scan on sbtest7  (cost=5.50..417.46 rows=104 width=125)
	  Recheck Cond: ((k >= 3571436) AND (k <= 3571536))
	  ->  Bitmap Index Scan on k_7  (cost=0.00..5.47 rows=104 width=0)
	        Index Cond: ((k >= 3571436) AND (k <= 3571536))

table 8 : explain SELECT k, c FROM sbtest8 WHERE k BETWEEN 3571436 AND 3571536
	Bitmap Heap Scan on sbtest8  (cost=5.52..425.35 rows=106 width=125)
	  Recheck Cond: ((k >= 3571436) AND (k <= 3571536))
	  ->  Bitmap Index Scan on k_8  (cost=0.00..5.50 rows=106 width=0)
	        Index Cond: ((k >= 3571436) AND (k <= 3571536))


for range-notcovered
table 1 : explain SELECT k, c FROM sbtest1 WHERE k BETWEEN 2181250 AND 2181350
	Bitmap Heap Scan on sbtest1  (cost=5.48..409.57 rows=102 width=125)
	  Recheck Cond: ((k >= 2181250) AND (k <= 2181350))
	  ->  Bitmap Index Scan on k_1  (cost=0.00..5.45 rows=102 width=0)
	        Index Cond: ((k >= 2181250) AND (k <= 2181350))

table 2 : explain SELECT k, c FROM sbtest2 WHERE k BETWEEN 2181250 AND 2181350
	Bitmap Heap Scan on sbtest2  (cost=5.45..397.73 rows=99 width=125)
	  Recheck Cond: ((k >= 2181250) AND (k <= 2181350))
	  ->  Bitmap Index Scan on k_2  (cost=0.00..5.42 rows=99 width=0)
	        Index Cond: ((k >= 2181250) AND (k <= 2181350))

table 3 : explain SELECT k, c FROM sbtest3 WHERE k BETWEEN 2181250 AND 2181350
	Bitmap Heap Scan on sbtest3  (cost=5.52..425.34 rows=106 width=125)
	  Recheck Cond: ((k >= 2181250) AND (k <= 2181350))
	  ->  Bitmap Index Scan on k_3  (cost=0.00..5.50 rows=106 width=0)
	        Index Cond: ((k >= 2181250) AND (k <= 2181350))

table 4 : explain SELECT k, c FROM sbtest4 WHERE k BETWEEN 2181250 AND 2181350
	Bitmap Heap Scan on sbtest4  (cost=5.43..389.85 rows=97 width=125)
	  Recheck Cond: ((k >= 2181250) AND (k <= 2181350))
	  ->  Bitmap Index Scan on k_4  (cost=0.00..5.40 rows=97 width=0)
	        Index Cond: ((k >= 2181250) AND (k <= 2181350))

table 5 : explain SELECT k, c FROM sbtest5 WHERE k BETWEEN 2181250 AND 2181350
	Bitmap Heap Scan on sbtest5  (cost=5.55..437.18 rows=109 width=125)
	  Recheck Cond: ((k >= 2181250) AND (k <= 2181350))
	  ->  Bitmap Index Scan on k_5  (cost=0.00..5.52 rows=109 width=0)
	        Index Cond: ((k >= 2181250) AND (k <= 2181350))

table 6 : explain SELECT k, c FROM sbtest6 WHERE k BETWEEN 2181250 AND 2181350
	Bitmap Heap Scan on sbtest6  (cost=5.56..441.11 rows=110 width=125)
	  Recheck Cond: ((k >= 2181250) AND (k <= 2181350))
	  ->  Bitmap Index Scan on k_6  (cost=0.00..5.53 rows=110 width=0)
	        Index Cond: ((k >= 2181250) AND (k <= 2181350))

table 7 : explain SELECT k, c FROM sbtest7 WHERE k BETWEEN 2181250 AND 2181350
	Bitmap Heap Scan on sbtest7  (cost=5.52..425.35 rows=106 width=125)
	  Recheck Cond: ((k >= 2181250) AND (k <= 2181350))
	  ->  Bitmap Index Scan on k_7  (cost=0.00..5.50 rows=106 width=0)
	        Index Cond: ((k >= 2181250) AND (k <= 2181350))

table 8 : explain SELECT k, c FROM sbtest8 WHERE k BETWEEN 2181250 AND 2181350
	Bitmap Heap Scan on sbtest8  (cost=5.43..389.84 rows=97 width=125)
	  Recheck Cond: ((k >= 2181250) AND (k <= 2181350))
	  ->  Bitmap Index Scan on k_8  (cost=0.00..5.40 rows=97 width=0)
	        Index Cond: ((k >= 2181250) AND (k <= 2181350))

explain: for range-notcovered :: explain SELECT k, c FROM sbtest%d WHERE k BETWEEN 7515649 AND 7515749
for range-notcovered
table 1 : explain SELECT k, c FROM sbtest1 WHERE k BETWEEN 5583038 AND 5583138
	Bitmap Heap Scan on sbtest1  (cost=5.60..456.88 rows=114 width=125)
	  Recheck Cond: ((k >= 5583038) AND (k <= 5583138))
	  ->  Bitmap Index Scan on k_1  (cost=0.00..5.58 rows=114 width=0)
	        Index Cond: ((k >= 5583038) AND (k <= 5583138))

table 2 : explain SELECT k, c FROM sbtest2 WHERE k BETWEEN 5583038 AND 5583138
	Bitmap Heap Scan on sbtest2  (cost=5.47..405.62 rows=101 width=125)
	  Recheck Cond: ((k >= 5583038) AND (k <= 5583138))
	  ->  Bitmap Index Scan on k_2  (cost=0.00..5.44 rows=101 width=0)
	        Index Cond: ((k >= 5583038) AND (k <= 5583138))

table 3 : explain SELECT k, c FROM sbtest3 WHERE k BETWEEN 5583038 AND 5583138
	Bitmap Heap Scan on sbtest3  (cost=5.43..389.83 rows=97 width=125)
	  Recheck Cond: ((k >= 5583038) AND (k <= 5583138))
	  ->  Bitmap Index Scan on k_3  (cost=0.00..5.40 rows=97 width=0)
	        Index Cond: ((k >= 5583038) AND (k <= 5583138))

table 4 : explain SELECT k, c FROM sbtest4 WHERE k BETWEEN 5583038 AND 5583138
	Bitmap Heap Scan on sbtest4  (cost=5.51..421.41 rows=105 width=125)
	  Recheck Cond: ((k >= 5583038) AND (k <= 5583138))
	  ->  Bitmap Index Scan on k_4  (cost=0.00..5.48 rows=105 width=0)
	        Index Cond: ((k >= 5583038) AND (k <= 5583138))

table 5 : explain SELECT k, c FROM sbtest5 WHERE k BETWEEN 5583038 AND 5583138
	Bitmap Heap Scan on sbtest5  (cost=5.43..389.84 rows=97 width=125)
	  Recheck Cond: ((k >= 5583038) AND (k <= 5583138))
	  ->  Bitmap Index Scan on k_5  (cost=0.00..5.40 rows=97 width=0)
	        Index Cond: ((k >= 5583038) AND (k <= 5583138))

table 6 : explain SELECT k, c FROM sbtest6 WHERE k BETWEEN 5583038 AND 5583138
	Bitmap Heap Scan on sbtest6  (cost=5.52..425.34 rows=106 width=125)
	  Recheck Cond: ((k >= 5583038) AND (k <= 5583138))
	  ->  Bitmap Index Scan on k_6  (cost=0.00..5.50 rows=106 width=0)
	        Index Cond: ((k >= 5583038) AND (k <= 5583138))

table 7 : explain SELECT k, c FROM sbtest7 WHERE k BETWEEN 5583038 AND 5583138
	Bitmap Heap Scan on sbtest7  (cost=5.44..393.79 rows=98 width=125)
	  Recheck Cond: ((k >= 5583038) AND (k <= 5583138))
	  ->  Bitmap Index Scan on k_7  (cost=0.00..5.42 rows=98 width=0)
	        Index Cond: ((k >= 5583038) AND (k <= 5583138))

table 8 : explain SELECT k, c FROM sbtest8 WHERE k BETWEEN 5583038 AND 5583138
	Bitmap Heap Scan on sbtest8  (cost=5.56..441.12 rows=110 width=125)
	  Recheck Cond: ((k >= 5583038) AND (k <= 5583138))
	  ->  Bitmap Index Scan on k_8  (cost=0.00..5.53 rows=110 width=0)
	        Index Cond: ((k >= 5583038) AND (k <= 5583138))

explain: for range-notcovered :: explain SELECT k, c FROM sbtest%d WHERE k BETWEEN 4404507 AND 4404607
explain: for range-notcovered :: explain SELECT k, c FROM sbtest%d WHERE k BETWEEN 3571436 AND 3571536
for range-notcovered
table 1 : explain SELECT k, c FROM sbtest1 WHERE k BETWEEN 531597 AND 531697
	Bitmap Heap Scan on sbtest1  (cost=5.48..409.57 rows=102 width=125)
	  Recheck Cond: ((k >= 531597) AND (k <= 531697))
	  ->  Bitmap Index Scan on k_1  (cost=0.00..5.45 rows=102 width=0)
	        Index Cond: ((k >= 531597) AND (k <= 531697))

table 2 : explain SELECT k, c FROM sbtest2 WHERE k BETWEEN 531597 AND 531697
	Bitmap Heap Scan on sbtest2  (cost=5.42..385.89 rows=96 width=125)
	  Recheck Cond: ((k >= 531597) AND (k <= 531697))
	  ->  Bitmap Index Scan on k_2  (cost=0.00..5.39 rows=96 width=0)
	        Index Cond: ((k >= 531597) AND (k <= 531697))

table 3 : explain SELECT k, c FROM sbtest3 WHERE k BETWEEN 531597 AND 531697
	Bitmap Heap Scan on sbtest3  (cost=5.47..405.62 rows=101 width=125)
	  Recheck Cond: ((k >= 531597) AND (k <= 531697))
	  ->  Bitmap Index Scan on k_3  (cost=0.00..5.44 rows=101 width=0)
	        Index Cond: ((k >= 531597) AND (k <= 531697))

table 4 : explain SELECT k, c FROM sbtest4 WHERE k BETWEEN 531597 AND 531697
	Bitmap Heap Scan on sbtest4  (cost=5.54..433.24 rows=108 width=125)
	  Recheck Cond: ((k >= 531597) AND (k <= 531697))
	  ->  Bitmap Index Scan on k_4  (cost=0.00..5.51 rows=108 width=0)
	        Index Cond: ((k >= 531597) AND (k <= 531697))

table 5 : explain SELECT k, c FROM sbtest5 WHERE k BETWEEN 531597 AND 531697
	Bitmap Heap Scan on sbtest5  (cost=5.60..456.88 rows=114 width=125)
	  Recheck Cond: ((k >= 531597) AND (k <= 531697))
	  ->  Bitmap Index Scan on k_5  (cost=0.00..5.58 rows=114 width=0)
	        Index Cond: ((k >= 531597) AND (k <= 531697))

table 6 : explain SELECT k, c FROM sbtest6 WHERE k BETWEEN 531597 AND 531697
	Bitmap Heap Scan on sbtest6  (cost=5.43..389.83 rows=97 width=125)
	  Recheck Cond: ((k >= 531597) AND (k <= 531697))
	  ->  Bitmap Index Scan on k_6  (cost=0.00..5.40 rows=97 width=0)
	        Index Cond: ((k >= 531597) AND (k <= 531697))

table 7 : explain SELECT k, c FROM sbtest7 WHERE k BETWEEN 531597 AND 531697
	Bitmap Heap Scan on sbtest7  (cost=5.60..456.89 rows=114 width=125)
	  Recheck Cond: ((k >= 531597) AND (k <= 531697))
	  ->  Bitmap Index Scan on k_7  (cost=0.00..5.58 rows=114 width=0)
	        Index Cond: ((k >= 531597) AND (k <= 531697))

table 8 : explain SELECT k, c FROM sbtest8 WHERE k BETWEEN 531597 AND 531697
	Bitmap Heap Scan on sbtest8  (cost=5.61..460.83 rows=115 width=125)
	  Recheck Cond: ((k >= 531597) AND (k <= 531697))
	  ->  Bitmap Index Scan on k_8  (cost=0.00..5.58 rows=115 width=0)
	        Index Cond: ((k >= 531597) AND (k <= 531697))
explain: for range-notcovered :: explain SELECT k, c FROM sbtest%d WHERE k BETWEEN 2181250 AND 2181350explain: for range-notcovered :: explain SELECT k, c FROM sbtest%d WHERE k BETWEEN 5389644 AND 5389744for range-notcovered
table 1 : explain SELECT k, c FROM sbtest1 WHERE k BETWEEN 6537529 AND 6537629
	Bitmap Heap Scan on sbtest1  (cost=5.47..405.62 rows=101 width=125)
	  Recheck Cond: ((k >= 6537529) AND (k <= 6537629))
	  ->  Bitmap Index Scan on k_1  (cost=0.00..5.44 rows=101 width=0)
	        Index Cond: ((k >= 6537529) AND (k <= 6537629))

table 2 : explain SELECT k, c FROM sbtest2 WHERE k BETWEEN 6537529 AND 6537629
	Bitmap Heap Scan on sbtest2  (cost=5.52..425.35 rows=106 width=125)
	  Recheck Cond: ((k >= 6537529) AND (k <= 6537629))
	  ->  Bitmap Index Scan on k_2  (cost=0.00..5.50 rows=106 width=0)
	        Index Cond: ((k >= 6537529) AND (k <= 6537629))

table 3 : explain SELECT k, c FROM sbtest3 WHERE k BETWEEN 6537529 AND 6537629
	Bitmap Heap Scan on sbtest3  (cost=5.37..366.14 rows=91 width=125)
	  Recheck Cond: ((k >= 6537529) AND (k <= 6537629))
	  ->  Bitmap Index Scan on k_3  (cost=0.00..5.34 rows=91 width=0)
	        Index Cond: ((k >= 6537529) AND (k <= 6537629))

table 4 : explain SELECT k, c FROM sbtest4 WHERE k BETWEEN 6537529 AND 6537629
	Bitmap Heap Scan on sbtest4  (cost=5.58..449.01 rows=112 width=125)
	  Recheck Cond: ((k >= 6537529) AND (k <= 6537629))
	  ->  Bitmap Index Scan on k_4  (cost=0.00..5.55 rows=112 width=0)
	        Index Cond: ((k >= 6537529) AND (k <= 6537629))

table 5 : explain SELECT k, c FROM sbtest5 WHERE k BETWEEN 6537529 AND 6537629
	Bitmap Heap Scan on sbtest5  (cost=5.48..409.57 rows=102 width=125)
	  Recheck Cond: ((k >= 6537529) AND (k <= 6537629))
	  ->  Bitmap Index Scan on k_5  (cost=0.00..5.45 rows=102 width=0)
	        Index Cond: ((k >= 6537529) AND (k <= 6537629))

table 6 : explain SELECT k, c FROM sbtest6 WHERE k BETWEEN 6537529 AND 6537629
	Bitmap Heap Scan on sbtest6  (cost=5.44..393.78 rows=98 width=125)
	  Recheck Cond: ((k >= 6537529) AND (k <= 6537629))
	  ->  Bitmap Index Scan on k_6  (cost=0.00..5.42 rows=98 width=0)
	        Index Cond: ((k >= 6537529) AND (k <= 6537629))

table 7 : explain SELECT k, c FROM sbtest7 WHERE k BETWEEN 6537529 AND 6537629
	Bitmap Heap Scan on sbtest7  (cost=5.45..397.73 rows=99 width=125)
	  Recheck Cond: ((k >= 6537529) AND (k <= 6537629))
	  ->  Bitmap Index Scan on k_7  (cost=0.00..5.42 rows=99 width=0)
	        Index Cond: ((k >= 6537529) AND (k <= 6537629))

table 8 : explain SELECT k, c FROM sbtest8 WHERE k BETWEEN 6537529 AND 6537629
	Bitmap Heap Scan on sbtest8  (cost=5.48..409.57 rows=102 width=125)
	  Recheck Cond: ((k >= 6537529) AND (k <= 6537629))
	  ->  Bitmap Index Scan on k_8  (cost=0.00..5.45 rows=102 width=0)
	        Index Cond: ((k >= 6537529) AND (k <= 6537629))


explain: for range-notcovered :: explain SELECT k, c FROM sbtest%d WHERE k BETWEEN 3177838 AND 3177938
explain: for range-notcovered :: explain SELECT k, c FROM sbtest%d WHERE k BETWEEN 4395274 AND 4395374
explain: for range-notcovered :: explain SELECT k, c FROM sbtest%d WHERE k BETWEEN 7584845 AND 7584945

for range-notcovered
table 1 : explain SELECT k, c FROM sbtest1 WHERE k BETWEEN 6373173 AND 6373273
	Bitmap Heap Scan on sbtest1  (cost=5.63..468.70 rows=117 width=125)
	  Recheck Cond: ((k >= 6373173) AND (k <= 6373273))
	  ->  Bitmap Index Scan on k_1  (cost=0.00..5.60 rows=117 width=0)
	        Index Cond: ((k >= 6373173) AND (k <= 6373273))

table 2 : explain SELECT k, c FROM sbtest2 WHERE k BETWEEN 6373173 AND 6373273
	Bitmap Heap Scan on sbtest2  (cost=5.49..413.51 rows=103 width=125)
	  Recheck Cond: ((k >= 6373173) AND (k <= 6373273))
	  ->  Bitmap Index Scan on k_2  (cost=0.00..5.46 rows=103 width=0)
	        Index Cond: ((k >= 6373173) AND (k <= 6373273))

table 3 : explain SELECT k, c FROM sbtest3 WHERE k BETWEEN 6373173 AND 6373273
	Bitmap Heap Scan on sbtest3  (cost=5.51..421.39 rows=105 width=125)
	  Recheck Cond: ((k >= 6373173) AND (k <= 6373273))
	  ->  Bitmap Index Scan on k_3  (cost=0.00..5.48 rows=105 width=0)
	        Index Cond: ((k >= 6373173) AND (k <= 6373273))

table 4 : explain SELECT k, c FROM sbtest4 WHERE k BETWEEN 6373173 AND 6373273
	Bitmap Heap Scan on sbtest4  (cost=5.52..425.36 rows=106 width=125)
	  Recheck Cond: ((k >= 6373173) AND (k <= 6373273))
	  ->  Bitmap Index Scan on k_4  (cost=0.00..5.50 rows=106 width=0)
	        Index Cond: ((k >= 6373173) AND (k <= 6373273))

table 5 : explain SELECT k, c FROM sbtest5 WHERE k BETWEEN 6373173 AND 6373273
	Bitmap Heap Scan on sbtest5  (cost=5.49..413.51 rows=103 width=125)
	  Recheck Cond: ((k >= 6373173) AND (k <= 6373273))
	  ->  Bitmap Index Scan on k_5  (cost=0.00..5.46 rows=103 width=0)
	        Index Cond: ((k >= 6373173) AND (k <= 6373273))

table 6 : explain SELECT k, c FROM sbtest6 WHERE k BETWEEN 6373173 AND 6373273
	Bitmap Heap Scan on sbtest6  (cost=5.41..381.93 rows=95 width=125)
	  Recheck Cond: ((k >= 6373173) AND (k <= 6373273))
	  ->  Bitmap Index Scan on k_6  (cost=0.00..5.38 rows=95 width=0)
	        Index Cond: ((k >= 6373173) AND (k <= 6373273))

table 7 : explain SELECT k, c FROM sbtest7 WHERE k BETWEEN 6373173 AND 6373273
	Bitmap Heap Scan on sbtest7  (cost=5.45..397.73 rows=99 width=125)
	  Recheck Cond: ((k >= 6373173) AND (k <= 6373273))
	  ->  Bitmap Index Scan on k_7  (cost=0.00..5.42 rows=99 width=0)
	        Index Cond: ((k >= 6373173) AND (k <= 6373273))

table 8 : explain SELECT k, c FROM sbtest8 WHERE k BETWEEN 6373173 AND 6373273
	Bitmap Heap Scan on sbtest8  (cost=5.46..401.68 rows=100 width=125)
	  Recheck Cond: ((k >= 6373173) AND (k <= 6373273))
	  ->  Bitmap Index Scan on k_8  (cost=0.00..5.43 rows=100 width=0)
	        Index Cond: ((k >= 6373173) AND (k <= 6373273))

explain: for range-notcovered :: explain SELECT k, c FROM sbtest%d WHERE k BETWEEN 3624693 AND 3624793
for range-notcovered
table 1 : explain SELECT k, c FROM sbtest1 WHERE k BETWEEN 7165037 AND 7165137
	Bitmap Heap Scan on sbtest1  (cost=5.41..381.94 rows=95 width=125)
	  Recheck Cond: ((k >= 7165037) AND (k <= 7165137))
	  ->  Bitmap Index Scan on k_1  (cost=0.00..5.38 rows=95 width=0)
	        Index Cond: ((k >= 7165037) AND (k <= 7165137))

table 2 : explain SELECT k, c FROM sbtest2 WHERE k BETWEEN 7165037 AND 7165137
	Bitmap Heap Scan on sbtest2  (cost=5.46..401.68 rows=100 width=125)
	  Recheck Cond: ((k >= 7165037) AND (k <= 7165137))
	  ->  Bitmap Index Scan on k_2  (cost=0.00..5.43 rows=100 width=0)
	        Index Cond: ((k >= 7165037) AND (k <= 7165137))

table 3 : explain SELECT k, c FROM sbtest3 WHERE k BETWEEN 7165037 AND 7165137
	Bitmap Heap Scan on sbtest3  (cost=5.48..409.56 rows=102 width=125)
	  Recheck Cond: ((k >= 7165037) AND (k <= 7165137))
	  ->  Bitmap Index Scan on k_3  (cost=0.00..5.45 rows=102 width=0)
	        Index Cond: ((k >= 7165037) AND (k <= 7165137))

table 4 : explain SELECT k, c FROM sbtest4 WHERE k BETWEEN 7165037 AND 7165137
	Bitmap Heap Scan on sbtest4  (cost=5.40..378.00 rows=94 width=125)
	  Recheck Cond: ((k >= 7165037) AND (k <= 7165137))
	  ->  Bitmap Index Scan on k_4  (cost=0.00..5.38 rows=94 width=0)
	        Index Cond: ((k >= 7165037) AND (k <= 7165137))

table 5 : explain SELECT k, c FROM sbtest5 WHERE k BETWEEN 7165037 AND 7165137
	Bitmap Heap Scan on sbtest5  (cost=5.41..381.94 rows=95 width=125)
	  Recheck Cond: ((k >= 7165037) AND (k <= 7165137))
	  ->  Bitmap Index Scan on k_5  (cost=0.00..5.38 rows=95 width=0)
	        Index Cond: ((k >= 7165037) AND (k <= 7165137))

table 6 : explain SELECT k, c FROM sbtest6 WHERE k BETWEEN 7165037 AND 7165137
	Bitmap Heap Scan on sbtest6  (cost=5.45..397.72 rows=99 width=125)
	  Recheck Cond: ((k >= 7165037) AND (k <= 7165137))
	  ->  Bitmap Index Scan on k_6  (cost=0.00..5.42 rows=99 width=0)
	        Index Cond: ((k >= 7165037) AND (k <= 7165137))

table 7 : explain SELECT k, c FROM sbtest7 WHERE k BETWEEN 7165037 AND 7165137
	Bitmap Heap Scan on sbtest7  (cost=5.46..401.68 rows=100 width=125)
	  Recheck Cond: ((k >= 7165037) AND (k <= 7165137))
	  ->  Bitmap Index Scan on k_7  (cost=0.00..5.43 rows=100 width=0)
	        Index Cond: ((k >= 7165037) AND (k <= 7165137))

table 8 : explain SELECT k, c FROM sbtest8 WHERE k BETWEEN 7165037 AND 7165137
	Bitmap Heap Scan on sbtest8  (cost=5.59..452.94 rows=113 width=125)
	  Recheck Cond: ((k >= 7165037) AND (k <= 7165137))
	  ->  Bitmap Index Scan on k_8  (cost=0.00..5.56 rows=113 width=0)
	        Index Cond: ((k >= 7165037) AND (k <= 7165137))
explain: for range-notcovered :: explain SELECT k, c FROM sbtest%d WHERE k BETWEEN 1519737 AND 1519837

explain: for range-notcovered :: explain SELECT k, c FROM sbtest%d WHERE k BETWEEN 6373173 AND 6373273


explain: for range-notcovered :: explain SELECT k, c FROM sbtest%d WHERE k BETWEEN 7583462 AND 7583562
explain: for range-notcovered :: explain SELECT k, c FROM sbtest%d WHERE k BETWEEN 5049096 AND 5049196
explain: for range-notcovered :: explain SELECT k, c FROM sbtest%d WHERE k BETWEEN 5793286 AND 5793386

explain: for range-notcovered :: explain SELECT k, c FROM sbtest%d WHERE k BETWEEN 4845292 AND 4845392

explain: for range-notcovered :: explain SELECT k, c FROM sbtest%d WHERE k BETWEEN 9404245 AND 9404345

explain: for range-notcovered :: explain SELECT k, c FROM sbtest%d WHERE k BETWEEN 7980482 AND 7980582
explain: for range-notcovered :: explain SELECT k, c FROM sbtest%d WHERE k BETWEEN 5583038 AND 5583138
explain: for range-notcovered :: explain SELECT k, c FROM sbtest%d WHERE k BETWEEN 7738119 AND 7738219

for range-notcovered
table 1 : explain SELECT k, c FROM sbtest1 WHERE k BETWEEN 4678428 AND 4678528
	Bitmap Heap Scan on sbtest1  (cost=5.45..397.73 rows=99 width=125)
	  Recheck Cond: ((k >= 4678428) AND (k <= 4678528))
	  ->  Bitmap Index Scan on k_1  (cost=0.00..5.42 rows=99 width=0)
	        Index Cond: ((k >= 4678428) AND (k <= 4678528))

table 2 : explain SELECT k, c FROM sbtest2 WHERE k BETWEEN 4678428 AND 4678528
	Bitmap Heap Scan on sbtest2  (cost=5.57..445.06 rows=111 width=125)
	  Recheck Cond: ((k >= 4678428) AND (k <= 4678528))
	  ->  Bitmap Index Scan on k_2  (cost=0.00..5.54 rows=111 width=0)
	        Index Cond: ((k >= 4678428) AND (k <= 4678528))

table 3 : explain SELECT k, c FROM sbtest3 WHERE k BETWEEN 4678428 AND 4678528
	Bitmap Heap Scan on sbtest3  (cost=5.50..417.45 rows=104 width=125)
	  Recheck Cond: ((k >= 4678428) AND (k <= 4678528))
	  ->  Bitmap Index Scan on k_3  (cost=0.00..5.47 rows=104 width=0)
	        Index Cond: ((k >= 4678428) AND (k <= 4678528))

table 4 : explain SELECT k, c FROM sbtest4 WHERE k BETWEEN 4678428 AND 4678528
	Bitmap Heap Scan on sbtest4  (cost=5.51..421.41 rows=105 width=125)
	  Recheck Cond: ((k >= 4678428) AND (k <= 4678528))
	  ->  Bitmap Index Scan on k_4  (cost=0.00..5.48 rows=105 width=0)
	        Index Cond: ((k >= 4678428) AND (k <= 4678528))

table 5 : explain SELECT k, c FROM sbtest5 WHERE k BETWEEN 4678428 AND 4678528
	Bitmap Heap Scan on sbtest5  (cost=5.44..393.79 rows=98 width=125)
	  Recheck Cond: ((k >= 4678428) AND (k <= 4678528))
	  ->  Bitmap Index Scan on k_5  (cost=0.00..5.42 rows=98 width=0)
	        Index Cond: ((k >= 4678428) AND (k <= 4678528))

table 6 : explain SELECT k, c FROM sbtest6 WHERE k BETWEEN 4678428 AND 4678528
	Bitmap Heap Scan on sbtest6  (cost=5.45..397.72 rows=99 width=125)
	  Recheck Cond: ((k >= 4678428) AND (k <= 4678528))
	  ->  Bitmap Index Scan on k_6  (cost=0.00..5.42 rows=99 width=0)
	        Index Cond: ((k >= 4678428) AND (k <= 4678528))

table 7 : explain SELECT k, c FROM sbtest7 WHERE k BETWEEN 4678428 AND 4678528
	Bitmap Heap Scan on sbtest7  (cost=5.54..433.24 rows=108 width=125)
	  Recheck Cond: ((k >= 4678428) AND (k <= 4678528))
	  ->  Bitmap Index Scan on k_7  (cost=0.00..5.51 rows=108 width=0)
	        Index Cond: ((k >= 4678428) AND (k <= 4678528))

table 8 : explain SELECT k, c FROM sbtest8 WHERE k BETWEEN 4678428 AND 4678528
	Bitmap Heap Scan on sbtest8  (cost=5.49..413.52 rows=103 width=125)
	  Recheck Cond: ((k >= 4678428) AND (k <= 4678528))
	  ->  Bitmap Index Scan on k_8  (cost=0.00..5.46 rows=103 width=0)
	        Index Cond: ((k >= 4678428) AND (k <= 4678528))

explain: for range-notcovered :: explain SELECT k, c FROM sbtest%d WHERE k BETWEEN 6537529 AND 6537629
for range-notcovered
table 1 : explain SELECT k, c FROM sbtest1 WHERE k BETWEEN 4816729 AND 4816829
	Bitmap Heap Scan on sbtest1  (cost=5.62..464.76 rows=116 width=125)
	  Recheck Cond: ((k >= 4816729) AND (k <= 4816829))
	  ->  Bitmap Index Scan on k_1  (cost=0.00..5.59 rows=116 width=0)
	        Index Cond: ((k >= 4816729) AND (k <= 4816829))

table 2 : explain SELECT k, c FROM sbtest2 WHERE k BETWEEN 4816729 AND 4816829
	Bitmap Heap Scan on sbtest2  (cost=5.48..409.57 rows=102 width=125)
	  Recheck Cond: ((k >= 4816729) AND (k <= 4816829))
	  ->  Bitmap Index Scan on k_2  (cost=0.00..5.45 rows=102 width=0)
	        Index Cond: ((k >= 4816729) AND (k <= 4816829))

table 3 : explain SELECT k, c FROM sbtest3 WHERE k BETWEEN 4816729 AND 4816829
	Bitmap Heap Scan on sbtest3  (cost=5.48..409.56 rows=102 width=125)
	  Recheck Cond: ((k >= 4816729) AND (k <= 4816829))
	  ->  Bitmap Index Scan on k_3  (cost=0.00..5.45 rows=102 width=0)
	        Index Cond: ((k >= 4816729) AND (k <= 4816829))

table 4 : explain SELECT k, c FROM sbtest4 WHERE k BETWEEN 4816729 AND 4816829
	Bitmap Heap Scan on sbtest4  (cost=5.48..409.58 rows=102 width=125)
	  Recheck Cond: ((k >= 4816729) AND (k <= 4816829))
	  ->  Bitmap Index Scan on k_4  (cost=0.00..5.45 rows=102 width=0)
	        Index Cond: ((k >= 4816729) AND (k <= 4816829))

table 5 : explain SELECT k, c FROM sbtest5 WHERE k BETWEEN 4816729 AND 4816829
	Bitmap Heap Scan on sbtest5  (cost=5.43..389.84 rows=97 width=125)
	  Recheck Cond: ((k >= 4816729) AND (k <= 4816829))
	  ->  Bitmap Index Scan on k_5  (cost=0.00..5.40 rows=97 width=0)
	        Index Cond: ((k >= 4816729) AND (k <= 4816829))

table 6 : explain SELECT k, c FROM sbtest6 WHERE k BETWEEN 4816729 AND 4816829
	Bitmap Heap Scan on sbtest6  (cost=5.53..429.28 rows=107 width=125)
	  Recheck Cond: ((k >= 4816729) AND (k <= 4816829))
	  ->  Bitmap Index Scan on k_6  (cost=0.00..5.50 rows=107 width=0)
	        Index Cond: ((k >= 4816729) AND (k <= 4816829))

table 7 : explain SELECT k, c FROM sbtest7 WHERE k BETWEEN 4816729 AND 4816829
	Bitmap Heap Scan on sbtest7  (cost=5.53..429.29 rows=107 width=125)
	  Recheck Cond: ((k >= 4816729) AND (k <= 4816829))
	  ->  Bitmap Index Scan on k_7  (cost=0.00..5.50 rows=107 width=0)
	        Index Cond: ((k >= 4816729) AND (k <= 4816829))

table 8 : explain SELECT k, c FROM sbtest8 WHERE k BETWEEN 4816729 AND 4816829
	Bitmap Heap Scan on sbtest8  (cost=5.56..441.12 rows=110 width=125)
	  Recheck Cond: ((k >= 4816729) AND (k <= 4816829))
	  ->  Bitmap Index Scan on k_8  (cost=0.00..5.53 rows=110 width=0)
	        Index Cond: ((k >= 4816729) AND (k <= 4816829))

explain: for range-notcovered :: explain SELECT k, c FROM sbtest%d WHERE k BETWEEN 4961523 AND 4961623
for range-notcovered
table 1 : explain SELECT k, c FROM sbtest1 WHERE k BETWEEN 6594822 AND 6594922
	Bitmap Heap Scan on sbtest1  (cost=5.51..421.40 rows=105 width=125)
	  Recheck Cond: ((k >= 6594822) AND (k <= 6594922))
	  ->  Bitmap Index Scan on k_1  (cost=0.00..5.48 rows=105 width=0)
	        Index Cond: ((k >= 6594822) AND (k <= 6594922))

table 2 : explain SELECT k, c FROM sbtest2 WHERE k BETWEEN 6594822 AND 6594922
	Bitmap Heap Scan on sbtest2  (cost=5.53..429.29 rows=107 width=125)
	  Recheck Cond: ((k >= 6594822) AND (k <= 6594922))
	  ->  Bitmap Index Scan on k_2  (cost=0.00..5.50 rows=107 width=0)
	        Index Cond: ((k >= 6594822) AND (k <= 6594922))

table 3 : explain SELECT k, c FROM sbtest3 WHERE k BETWEEN 6594822 AND 6594922
	Bitmap Heap Scan on sbtest3  (cost=5.37..366.14 rows=91 width=125)
	  Recheck Cond: ((k >= 6594822) AND (k <= 6594922))
	  ->  Bitmap Index Scan on k_3  (cost=0.00..5.34 rows=91 width=0)
	        Index Cond: ((k >= 6594822) AND (k <= 6594922))

table 4 : explain SELECT k, c FROM sbtest4 WHERE k BETWEEN 6594822 AND 6594922
	Bitmap Heap Scan on sbtest4  (cost=5.58..449.01 rows=112 width=125)
	  Recheck Cond: ((k >= 6594822) AND (k <= 6594922))
	  ->  Bitmap Index Scan on k_4  (cost=0.00..5.55 rows=112 width=0)
	        Index Cond: ((k >= 6594822) AND (k <= 6594922))

table 5 : explain SELECT k, c FROM sbtest5 WHERE k BETWEEN 6594822 AND 6594922
	Bitmap Heap Scan on sbtest5  (cost=5.49..413.51 rows=103 width=125)
	  Recheck Cond: ((k >= 6594822) AND (k <= 6594922))
	  ->  Bitmap Index Scan on k_5  (cost=0.00..5.46 rows=103 width=0)
	        Index Cond: ((k >= 6594822) AND (k <= 6594922))

table 6 : explain SELECT k, c FROM sbtest6 WHERE k BETWEEN 6594822 AND 6594922
	Bitmap Heap Scan on sbtest6  (cost=5.60..456.87 rows=114 width=125)
	  Recheck Cond: ((k >= 6594822) AND (k <= 6594922))
	  ->  Bitmap Index Scan on k_6  (cost=0.00..5.58 rows=114 width=0)
	        Index Cond: ((k >= 6594822) AND (k <= 6594922))

table 7 : explain SELECT k, c FROM sbtest7 WHERE k BETWEEN 6594822 AND 6594922
	Bitmap Heap Scan on sbtest7  (cost=5.53..429.29 rows=107 width=125)
	  Recheck Cond: ((k >= 6594822) AND (k <= 6594922))
	  ->  Bitmap Index Scan on k_7  (cost=0.00..5.50 rows=107 width=0)
	        Index Cond: ((k >= 6594822) AND (k <= 6594922))

table 8 : explain SELECT k, c FROM sbtest8 WHERE k BETWEEN 6594822 AND 6594922
	Bitmap Heap Scan on sbtest8  (cost=5.48..409.57 rows=102 width=125)
	  Recheck Cond: ((k >= 6594822) AND (k <= 6594922))
	  ->  Bitmap Index Scan on k_8  (cost=0.00..5.45 rows=102 width=0)
	        Index Cond: ((k >= 6594822) AND (k <= 6594922))


for range-notcovered
table 1 : explain SELECT k, c FROM sbtest1 WHERE k BETWEEN 4775522 AND 4775622
	Bitmap Heap Scan on sbtest1  (cost=5.62..464.76 rows=116 width=125)
	  Recheck Cond: ((k >= 4775522) AND (k <= 4775622))
	  ->  Bitmap Index Scan on k_1  (cost=0.00..5.59 rows=116 width=0)
	        Index Cond: ((k >= 4775522) AND (k <= 4775622))

table 2 : explain SELECT k, c FROM sbtest2 WHERE k BETWEEN 4775522 AND 4775622
	Bitmap Heap Scan on sbtest2  (cost=5.51..421.40 rows=105 width=125)
	  Recheck Cond: ((k >= 4775522) AND (k <= 4775622))
	  ->  Bitmap Index Scan on k_2  (cost=0.00..5.48 rows=105 width=0)
	        Index Cond: ((k >= 4775522) AND (k <= 4775622))

table 3 : explain SELECT k, c FROM sbtest3 WHERE k BETWEEN 4775522 AND 4775622
	Bitmap Heap Scan on sbtest3  (cost=5.41..381.94 rows=95 width=125)
	  Recheck Cond: ((k >= 4775522) AND (k <= 4775622))
	  ->  Bitmap Index Scan on k_3  (cost=0.00..5.38 rows=95 width=0)
	        Index Cond: ((k >= 4775522) AND (k <= 4775622))

table 4 : explain SELECT k, c FROM sbtest4 WHERE k BETWEEN 4775522 AND 4775622
	Bitmap Heap Scan on sbtest4  (cost=5.48..409.58 rows=102 width=125)
	  Recheck Cond: ((k >= 4775522) AND (k <= 4775622))
	  ->  Bitmap Index Scan on k_4  (cost=0.00..5.45 rows=102 width=0)
	        Index Cond: ((k >= 4775522) AND (k <= 4775622))

table 5 : explain SELECT k, c FROM sbtest5 WHERE k BETWEEN 4775522 AND 4775622
	Bitmap Heap Scan on sbtest5  (cost=5.44..393.79 rows=98 width=125)
	  Recheck Cond: ((k >= 4775522) AND (k <= 4775622))
	  ->  Bitmap Index Scan on k_5  (cost=0.00..5.42 rows=98 width=0)
	        Index Cond: ((k >= 4775522) AND (k <= 4775622))

table 6 : explain SELECT k, c FROM sbtest6 WHERE k BETWEEN 4775522 AND 4775622
	Bitmap Heap Scan on sbtest6  (cost=5.53..429.28 rows=107 width=125)
	  Recheck Cond: ((k >= 4775522) AND (k <= 4775622))
	  ->  Bitmap Index Scan on k_6  (cost=0.00..5.50 rows=107 width=0)
	        Index Cond: ((k >= 4775522) AND (k <= 4775622))

table 7 : explain SELECT k, c FROM sbtest7 WHERE k BETWEEN 4775522 AND 4775622
	Bitmap Heap Scan on sbtest7  (cost=5.53..429.29 rows=107 width=125)
	  Recheck Cond: ((k >= 4775522) AND (k <= 4775622))
	  ->  Bitmap Index Scan on k_7  (cost=0.00..5.50 rows=107 width=0)
	        Index Cond: ((k >= 4775522) AND (k <= 4775622))

table 8 : explain SELECT k, c FROM sbtest8 WHERE k BETWEEN 4775522 AND 4775622
	Bitmap Heap Scan on sbtest8  (cost=5.56..441.12 rows=110 width=125)
	  Recheck Cond: ((k >= 4775522) AND (k <= 4775622))
	  ->  Bitmap Index Scan on k_8  (cost=0.00..5.53 rows=110 width=0)
	        Index Cond: ((k >= 4775522) AND (k <= 4775622))

explain: for range-notcovered :: explain SELECT k, c FROM sbtest%d WHERE k BETWEEN 531597 AND 531697


explain: for range-notcovered :: explain SELECT k, c FROM sbtest%d WHERE k BETWEEN 931144 AND 931244
explain: for range-notcovered :: explain SELECT k, c FROM sbtest%d WHERE k BETWEEN 4678428 AND 4678528
explain: for range-notcovered :: explain SELECT k, c FROM sbtest%d WHERE k BETWEEN 4775522 AND 4775622
for range-notcovered
table 1 : explain SELECT k, c FROM sbtest1 WHERE k BETWEEN 3652200 AND 3652300
	Bitmap Heap Scan on sbtest1  (cost=5.45..397.73 rows=99 width=125)
	  Recheck Cond: ((k >= 3652200) AND (k <= 3652300))
	  ->  Bitmap Index Scan on k_1  (cost=0.00..5.42 rows=99 width=0)
	        Index Cond: ((k >= 3652200) AND (k <= 3652300))

table 2 : explain SELECT k, c FROM sbtest2 WHERE k BETWEEN 3652200 AND 3652300
	Bitmap Heap Scan on sbtest2  (cost=5.46..401.68 rows=100 width=125)
	  Recheck Cond: ((k >= 3652200) AND (k <= 3652300))
	  ->  Bitmap Index Scan on k_2  (cost=0.00..5.43 rows=100 width=0)
	        Index Cond: ((k >= 3652200) AND (k <= 3652300))

table 3 : explain SELECT k, c FROM sbtest3 WHERE k BETWEEN 3652200 AND 3652300
	Bitmap Heap Scan on sbtest3  (cost=5.48..409.56 rows=102 width=125)
	  Recheck Cond: ((k >= 3652200) AND (k <= 3652300))
	  ->  Bitmap Index Scan on k_3  (cost=0.00..5.45 rows=102 width=0)
	        Index Cond: ((k >= 3652200) AND (k <= 3652300))

table 4 : explain SELECT k, c FROM sbtest4 WHERE k BETWEEN 3652200 AND 3652300
	Bitmap Heap Scan on sbtest4  (cost=5.52..425.36 rows=106 width=125)
	  Recheck Cond: ((k >= 3652200) AND (k <= 3652300))
	  ->  Bitmap Index Scan on k_4  (cost=0.00..5.50 rows=106 width=0)
	        Index Cond: ((k >= 3652200) AND (k <= 3652300))

table 5 : explain SELECT k, c FROM sbtest5 WHERE k BETWEEN 3652200 AND 3652300
	Bitmap Heap Scan on sbtest5  (cost=5.55..437.18 rows=109 width=125)
	  Recheck Cond: ((k >= 3652200) AND (k <= 3652300))
	  ->  Bitmap Index Scan on k_5  (cost=0.00..5.52 rows=109 width=0)
	        Index Cond: ((k >= 3652200) AND (k <= 3652300))

table 6 : explain SELECT k, c FROM sbtest6 WHERE k BETWEEN 3652200 AND 3652300
	Bitmap Heap Scan on sbtest6  (cost=5.54..433.22 rows=108 width=125)
	  Recheck Cond: ((k >= 3652200) AND (k <= 3652300))
	  ->  Bitmap Index Scan on k_6  (cost=0.00..5.51 rows=108 width=0)
	        Index Cond: ((k >= 3652200) AND (k <= 3652300))

table 7 : explain SELECT k, c FROM sbtest7 WHERE k BETWEEN 3652200 AND 3652300
	Bitmap Heap Scan on sbtest7  (cost=5.36..362.20 rows=90 width=125)
	  Recheck Cond: ((k >= 3652200) AND (k <= 3652300))
	  ->  Bitmap Index Scan on k_7  (cost=0.00..5.33 rows=90 width=0)
	        Index Cond: ((k >= 3652200) AND (k <= 3652300))

table 8 : explain SELECT k, c FROM sbtest8 WHERE k BETWEEN 3652200 AND 3652300
	Bitmap Heap Scan on sbtest8  (cost=5.52..425.35 rows=106 width=125)
	  Recheck Cond: ((k >= 3652200) AND (k <= 3652300))
	  ->  Bitmap Index Scan on k_8  (cost=0.00..5.50 rows=106 width=0)
	        Index Cond: ((k >= 3652200) AND (k <= 3652300))


explain: for range-notcovered :: explain SELECT k, c FROM sbtest%d WHERE k BETWEEN 7165037 AND 7165137
explain: for range-notcovered :: explain SELECT k, c FROM sbtest%d WHERE k BETWEEN 4816729 AND 4816829
explain: for range-notcovered :: explain SELECT k, c FROM sbtest%d WHERE k BETWEEN 6552462 AND 6552562
explain: for range-notcovered :: explain SELECT k, c FROM sbtest%d WHERE k BETWEEN 6594822 AND 6594922
explain: for range-notcovered :: explain SELECT k, c FROM sbtest%d WHERE k BETWEEN 3652200 AND 3652300
for range-notcovered
table 1 : explain SELECT k, c FROM sbtest1 WHERE k BETWEEN 2689330 AND 2689430
	Bitmap Heap Scan on sbtest1  (cost=5.43..389.84 rows=97 width=125)
	  Recheck Cond: ((k >= 2689330) AND (k <= 2689430))
	  ->  Bitmap Index Scan on k_1  (cost=0.00..5.40 rows=97 width=0)
	        Index Cond: ((k >= 2689330) AND (k <= 2689430))

table 2 : explain SELECT k, c FROM sbtest2 WHERE k BETWEEN 2689330 AND 2689430
	Bitmap Heap Scan on sbtest2  (cost=5.56..441.12 rows=110 width=125)
	  Recheck Cond: ((k >= 2689330) AND (k <= 2689430))
	  ->  Bitmap Index Scan on k_2  (cost=0.00..5.53 rows=110 width=0)
	        Index Cond: ((k >= 2689330) AND (k <= 2689430))

table 3 : explain SELECT k, c FROM sbtest3 WHERE k BETWEEN 2689330 AND 2689430
	Bitmap Heap Scan on sbtest3  (cost=5.55..437.17 rows=109 width=125)
	  Recheck Cond: ((k >= 2689330) AND (k <= 2689430))
	  ->  Bitmap Index Scan on k_3  (cost=0.00..5.52 rows=109 width=0)
	        Index Cond: ((k >= 2689330) AND (k <= 2689430))

table 4 : explain SELECT k, c FROM sbtest4 WHERE k BETWEEN 2689330 AND 2689430
	Bitmap Heap Scan on sbtest4  (cost=5.37..366.16 rows=91 width=125)
	  Recheck Cond: ((k >= 2689330) AND (k <= 2689430))
	  ->  Bitmap Index Scan on k_4  (cost=0.00..5.34 rows=91 width=0)
	        Index Cond: ((k >= 2689330) AND (k <= 2689430))

table 5 : explain SELECT k, c FROM sbtest5 WHERE k BETWEEN 2689330 AND 2689430
	Bitmap Heap Scan on sbtest5  (cost=5.59..452.94 rows=113 width=125)
	  Recheck Cond: ((k >= 2689330) AND (k <= 2689430))
	  ->  Bitmap Index Scan on k_5  (cost=0.00..5.56 rows=113 width=0)
	        Index Cond: ((k >= 2689330) AND (k <= 2689430))

table 6 : explain SELECT k, c FROM sbtest6 WHERE k BETWEEN 2689330 AND 2689430
	Bitmap Heap Scan on sbtest6  (cost=5.44..393.78 rows=98 width=125)
	  Recheck Cond: ((k >= 2689330) AND (k <= 2689430))
	  ->  Bitmap Index Scan on k_6  (cost=0.00..5.42 rows=98 width=0)
	        Index Cond: ((k >= 2689330) AND (k <= 2689430))

table 7 : explain SELECT k, c FROM sbtest7 WHERE k BETWEEN 2689330 AND 2689430
	Bitmap Heap Scan on sbtest7  (cost=5.41..381.94 rows=95 width=125)
	  Recheck Cond: ((k >= 2689330) AND (k <= 2689430))
	  ->  Bitmap Index Scan on k_7  (cost=0.00..5.38 rows=95 width=0)
	        Index Cond: ((k >= 2689330) AND (k <= 2689430))

table 8 : explain SELECT k, c FROM sbtest8 WHERE k BETWEEN 2689330 AND 2689430
	Bitmap Heap Scan on sbtest8  (cost=5.48..409.57 rows=102 width=125)
	  Recheck Cond: ((k >= 2689330) AND (k <= 2689430))
	  ->  Bitmap Index Scan on k_8  (cost=0.00..5.45 rows=102 width=0)
	        Index Cond: ((k >= 2689330) AND (k <= 2689430))

for range-notcovered
table 1 : explain SELECT k, c FROM sbtest1 WHERE k BETWEEN 4692475 AND 4692575
	Bitmap Heap Scan on sbtest1  (cost=5.45..397.73 rows=99 width=125)
	  Recheck Cond: ((k >= 4692475) AND (k <= 4692575))
	  ->  Bitmap Index Scan on k_1  (cost=0.00..5.42 rows=99 width=0)
	        Index Cond: ((k >= 4692475) AND (k <= 4692575))

table 2 : explain SELECT k, c FROM sbtest2 WHERE k BETWEEN 4692475 AND 4692575
	Bitmap Heap Scan on sbtest2  (cost=5.51..421.40 rows=105 width=125)
	  Recheck Cond: ((k >= 4692475) AND (k <= 4692575))
	  ->  Bitmap Index Scan on k_2  (cost=0.00..5.48 rows=105 width=0)
	        Index Cond: ((k >= 4692475) AND (k <= 4692575))

table 3 : explain SELECT k, c FROM sbtest3 WHERE k BETWEEN 4692475 AND 4692575
	Bitmap Heap Scan on sbtest3  (cost=5.41..381.94 rows=95 width=125)
	  Recheck Cond: ((k >= 4692475) AND (k <= 4692575))
	  ->  Bitmap Index Scan on k_3  (cost=0.00..5.38 rows=95 width=0)
	        Index Cond: ((k >= 4692475) AND (k <= 4692575))

table 4 : explain SELECT k, c FROM sbtest4 WHERE k BETWEEN 4692475 AND 4692575
	Bitmap Heap Scan on sbtest4  (cost=5.51..421.41 rows=105 width=125)
	  Recheck Cond: ((k >= 4692475) AND (k <= 4692575))
	  ->  Bitmap Index Scan on k_4  (cost=0.00..5.48 rows=105 width=0)
	        Index Cond: ((k >= 4692475) AND (k <= 4692575))

table 5 : explain SELECT k, c FROM sbtest5 WHERE k BETWEEN 4692475 AND 4692575
	Bitmap Heap Scan on sbtest5  (cost=5.44..393.79 rows=98 width=125)
	  Recheck Cond: ((k >= 4692475) AND (k <= 4692575))
	  ->  Bitmap Index Scan on k_5  (cost=0.00..5.42 rows=98 width=0)
	        Index Cond: ((k >= 4692475) AND (k <= 4692575))

table 6 : explain SELECT k, c FROM sbtest6 WHERE k BETWEEN 4692475 AND 4692575
	Bitmap Heap Scan on sbtest6  (cost=5.45..397.72 rows=99 width=125)
	  Recheck Cond: ((k >= 4692475) AND (k <= 4692575))
	  ->  Bitmap Index Scan on k_6  (cost=0.00..5.42 rows=99 width=0)
	        Index Cond: ((k >= 4692475) AND (k <= 4692575))

table 7 : explain SELECT k, c FROM sbtest7 WHERE k BETWEEN 4692475 AND 4692575
	Bitmap Heap Scan on sbtest7  (cost=5.53..429.29 rows=107 width=125)
	  Recheck Cond: ((k >= 4692475) AND (k <= 4692575))
	  ->  Bitmap Index Scan on k_7  (cost=0.00..5.50 rows=107 width=0)
	        Index Cond: ((k >= 4692475) AND (k <= 4692575))

table 8 : explain SELECT k, c FROM sbtest8 WHERE k BETWEEN 4692475 AND 4692575
	Bitmap Heap Scan on sbtest8  (cost=5.49..413.52 rows=103 width=125)
	  Recheck Cond: ((k >= 4692475) AND (k <= 4692575))
	  ->  Bitmap Index Scan on k_8  (cost=0.00..5.46 rows=103 width=0)
	        Index Cond: ((k >= 4692475) AND (k <= 4692575))

for range-notcovered
table 1 : explain SELECT k, c FROM sbtest1 WHERE k BETWEEN 4233174 AND 4233274
	Bitmap Heap Scan on sbtest1  (cost=5.42..385.89 rows=96 width=125)
	  Recheck Cond: ((k >= 4233174) AND (k <= 4233274))
	  ->  Bitmap Index Scan on k_1  (cost=0.00..5.39 rows=96 width=0)
	        Index Cond: ((k >= 4233174) AND (k <= 4233274))

table 2 : explain SELECT k, c FROM sbtest2 WHERE k BETWEEN 4233174 AND 4233274
	Bitmap Heap Scan on sbtest2  (cost=5.47..405.62 rows=101 width=125)
	  Recheck Cond: ((k >= 4233174) AND (k <= 4233274))
	  ->  Bitmap Index Scan on k_2  (cost=0.00..5.44 rows=101 width=0)
	        Index Cond: ((k >= 4233174) AND (k <= 4233274))

table 3 : explain SELECT k, c FROM sbtest3 WHERE k BETWEEN 4233174 AND 4233274
	Bitmap Heap Scan on sbtest3  (cost=5.46..401.67 rows=100 width=125)
	  Recheck Cond: ((k >= 4233174) AND (k <= 4233274))
	  ->  Bitmap Index Scan on k_3  (cost=0.00..5.43 rows=100 width=0)
	        Index Cond: ((k >= 4233174) AND (k <= 4233274))

table 4 : explain SELECT k, c FROM sbtest4 WHERE k BETWEEN 4233174 AND 4233274
	Bitmap Heap Scan on sbtest4  (cost=5.53..429.30 rows=107 width=125)
	  Recheck Cond: ((k >= 4233174) AND (k <= 4233274))
	  ->  Bitmap Index Scan on k_4  (cost=0.00..5.50 rows=107 width=0)
	        Index Cond: ((k >= 4233174) AND (k <= 4233274))

table 5 : explain SELECT k, c FROM sbtest5 WHERE k BETWEEN 4233174 AND 4233274
	Bitmap Heap Scan on sbtest5  (cost=5.64..472.64 rows=118 width=125)
	  Recheck Cond: ((k >= 4233174) AND (k <= 4233274))
	  ->  Bitmap Index Scan on k_5  (cost=0.00..5.61 rows=118 width=0)
	        Index Cond: ((k >= 4233174) AND (k <= 4233274))

table 6 : explain SELECT k, c FROM sbtest6 WHERE k BETWEEN 4233174 AND 4233274
	Bitmap Heap Scan on sbtest6  (cost=5.49..413.50 rows=103 width=125)
	  Recheck Cond: ((k >= 4233174) AND (k <= 4233274))
	  ->  Bitmap Index Scan on k_6  (cost=0.00..5.46 rows=103 width=0)
	        Index Cond: ((k >= 4233174) AND (k <= 4233274))

table 7 : explain SELECT k, c FROM sbtest7 WHERE k BETWEEN 4233174 AND 4233274
	Bitmap Heap Scan on sbtest7  (cost=5.52..425.35 rows=106 width=125)
	  Recheck Cond: ((k >= 4233174) AND (k <= 4233274))
	  ->  Bitmap Index Scan on k_7  (cost=0.00..5.50 rows=106 width=0)
	        Index Cond: ((k >= 4233174) AND (k <= 4233274))

table 8 : explain SELECT k, c FROM sbtest8 WHERE k BETWEEN 4233174 AND 4233274
	Bitmap Heap Scan on sbtest8  (cost=5.41..381.94 rows=95 width=125)
	  Recheck Cond: ((k >= 4233174) AND (k <= 4233274))
	  ->  Bitmap Index Scan on k_8  (cost=0.00..5.38 rows=95 width=0)
	        Index Cond: ((k >= 4233174) AND (k <= 4233274))

for range-notcovered
table 1 : explain SELECT k, c FROM sbtest1 WHERE k BETWEEN 4399955 AND 4400055
	Bitmap Heap Scan on sbtest1  (cost=5.45..397.73 rows=99 width=125)
	  Recheck Cond: ((k >= 4399955) AND (k <= 4400055))
	  ->  Bitmap Index Scan on k_1  (cost=0.00..5.42 rows=99 width=0)
	        Index Cond: ((k >= 4399955) AND (k <= 4400055))

table 2 : explain SELECT k, c FROM sbtest2 WHERE k BETWEEN 4399955 AND 4400055
	Bitmap Heap Scan on sbtest2  (cost=5.50..417.46 rows=104 width=125)
	  Recheck Cond: ((k >= 4399955) AND (k <= 4400055))
	  ->  Bitmap Index Scan on k_2  (cost=0.00..5.47 rows=104 width=0)
	        Index Cond: ((k >= 4399955) AND (k <= 4400055))

table 3 : explain SELECT k, c FROM sbtest3 WHERE k BETWEEN 4399955 AND 4400055
	Bitmap Heap Scan on sbtest3  (cost=5.41..381.94 rows=95 width=125)
	  Recheck Cond: ((k >= 4399955) AND (k <= 4400055))
	  ->  Bitmap Index Scan on k_3  (cost=0.00..5.38 rows=95 width=0)
	        Index Cond: ((k >= 4399955) AND (k <= 4400055))

table 4 : explain SELECT k, c FROM sbtest4 WHERE k BETWEEN 4399955 AND 4400055
	Bitmap Heap Scan on sbtest4  (cost=5.48..409.58 rows=102 width=125)
	  Recheck Cond: ((k >= 4399955) AND (k <= 4400055))
	  ->  Bitmap Index Scan on k_4  (cost=0.00..5.45 rows=102 width=0)
	        Index Cond: ((k >= 4399955) AND (k <= 4400055))

table 5 : explain SELECT k, c FROM sbtest5 WHERE k BETWEEN 4399955 AND 4400055
	Bitmap Heap Scan on sbtest5  (cost=5.45..397.73 rows=99 width=125)
	  Recheck Cond: ((k >= 4399955) AND (k <= 4400055))
	  ->  Bitmap Index Scan on k_5  (cost=0.00..5.42 rows=99 width=0)
	        Index Cond: ((k >= 4399955) AND (k <= 4400055))

table 6 : explain SELECT k, c FROM sbtest6 WHERE k BETWEEN 4399955 AND 4400055
	Bitmap Heap Scan on sbtest6  (cost=5.50..417.45 rows=104 width=125)
	  Recheck Cond: ((k >= 4399955) AND (k <= 4400055))
	  ->  Bitmap Index Scan on k_6  (cost=0.00..5.47 rows=104 width=0)
	        Index Cond: ((k >= 4399955) AND (k <= 4400055))

table 7 : explain SELECT k, c FROM sbtest7 WHERE k BETWEEN 4399955 AND 4400055
	Bitmap Heap Scan on sbtest7  (cost=5.50..417.46 rows=104 width=125)
	  Recheck Cond: ((k >= 4399955) AND (k <= 4400055))
	  ->  Bitmap Index Scan on k_7  (cost=0.00..5.47 rows=104 width=0)
	        Index Cond: ((k >= 4399955) AND (k <= 4400055))

table 8 : explain SELECT k, c FROM sbtest8 WHERE k BETWEEN 4399955 AND 4400055
	Bitmap Heap Scan on sbtest8  (cost=5.49..413.52 rows=103 width=125)
	  Recheck Cond: ((k >= 4399955) AND (k <= 4400055))
	  ->  Bitmap Index Scan on k_8  (cost=0.00..5.46 rows=103 width=0)
	        Index Cond: ((k >= 4399955) AND (k <= 4400055))

for range-notcovered
table 1 : explain SELECT k, c FROM sbtest1 WHERE k BETWEEN 4404507 AND 4404607
	Bitmap Heap Scan on sbtest1  (cost=5.45..397.73 rows=99 width=125)
	  Recheck Cond: ((k >= 4404507) AND (k <= 4404607))
	  ->  Bitmap Index Scan on k_1  (cost=0.00..5.42 rows=99 width=0)
	        Index Cond: ((k >= 4404507) AND (k <= 4404607))

table 2 : explain SELECT k, c FROM sbtest2 WHERE k BETWEEN 4404507 AND 4404607
	Bitmap Heap Scan on sbtest2  (cost=5.50..417.46 rows=104 width=125)
	  Recheck Cond: ((k >= 4404507) AND (k <= 4404607))
	  ->  Bitmap Index Scan on k_2  (cost=0.00..5.47 rows=104 width=0)
	        Index Cond: ((k >= 4404507) AND (k <= 4404607))

table 3 : explain SELECT k, c FROM sbtest3 WHERE k BETWEEN 4404507 AND 4404607
	Bitmap Heap Scan on sbtest3  (cost=5.41..381.94 rows=95 width=125)
	  Recheck Cond: ((k >= 4404507) AND (k <= 4404607))
	  ->  Bitmap Index Scan on k_3  (cost=0.00..5.38 rows=95 width=0)
	        Index Cond: ((k >= 4404507) AND (k <= 4404607))

table 4 : explain SELECT k, c FROM sbtest4 WHERE k BETWEEN 4404507 AND 4404607
	Bitmap Heap Scan on sbtest4  (cost=5.48..409.58 rows=102 width=125)
	  Recheck Cond: ((k >= 4404507) AND (k <= 4404607))
	  ->  Bitmap Index Scan on k_4  (cost=0.00..5.45 rows=102 width=0)
	        Index Cond: ((k >= 4404507) AND (k <= 4404607))

table 5 : explain SELECT k, c FROM sbtest5 WHERE k BETWEEN 4404507 AND 4404607
	Bitmap Heap Scan on sbtest5  (cost=5.45..397.73 rows=99 width=125)
	  Recheck Cond: ((k >= 4404507) AND (k <= 4404607))
	  ->  Bitmap Index Scan on k_5  (cost=0.00..5.42 rows=99 width=0)
	        Index Cond: ((k >= 4404507) AND (k <= 4404607))

table 6 : explain SELECT k, c FROM sbtest6 WHERE k BETWEEN 4404507 AND 4404607
	Bitmap Heap Scan on sbtest6  (cost=5.50..417.45 rows=104 width=125)
	  Recheck Cond: ((k >= 4404507) AND (k <= 4404607))
	  ->  Bitmap Index Scan on k_6  (cost=0.00..5.47 rows=104 width=0)
	        Index Cond: ((k >= 4404507) AND (k <= 4404607))

table 7 : explain SELECT k, c FROM sbtest7 WHERE k BETWEEN 4404507 AND 4404607
	Bitmap Heap Scan on sbtest7  (cost=5.50..417.46 rows=104 width=125)
	  Recheck Cond: ((k >= 4404507) AND (k <= 4404607))
	  ->  Bitmap Index Scan on k_7  (cost=0.00..5.47 rows=104 width=0)
	        Index Cond: ((k >= 4404507) AND (k <= 4404607))

table 8 : explain SELECT k, c FROM sbtest8 WHERE k BETWEEN 4404507 AND 4404607
	Bitmap Heap Scan on sbtest8  (cost=5.49..413.52 rows=103 width=125)
	  Recheck Cond: ((k >= 4404507) AND (k <= 4404607))
	  ->  Bitmap Index Scan on k_8  (cost=0.00..5.46 rows=103 width=0)
	        Index Cond: ((k >= 4404507) AND (k <= 4404607))
explain: for range-notcovered :: explain SELECT k, c FROM sbtest%d WHERE k BETWEEN 4692475 AND 4692575
for range-notcovered
table 1 : explain SELECT k, c FROM sbtest1 WHERE k BETWEEN 3643322 AND 3643422
	Bitmap Heap Scan on sbtest1  (cost=5.45..397.73 rows=99 width=125)
	  Recheck Cond: ((k >= 3643322) AND (k <= 3643422))
	  ->  Bitmap Index Scan on k_1  (cost=0.00..5.42 rows=99 width=0)
	        Index Cond: ((k >= 3643322) AND (k <= 3643422))

table 2 : explain SELECT k, c FROM sbtest2 WHERE k BETWEEN 3643322 AND 3643422
	Bitmap Heap Scan on sbtest2  (cost=5.46..401.68 rows=100 width=125)
	  Recheck Cond: ((k >= 3643322) AND (k <= 3643422))
	  ->  Bitmap Index Scan on k_2  (cost=0.00..5.43 rows=100 width=0)
	        Index Cond: ((k >= 3643322) AND (k <= 3643422))

table 3 : explain SELECT k, c FROM sbtest3 WHERE k BETWEEN 3643322 AND 3643422
	Bitmap Heap Scan on sbtest3  (cost=5.48..409.56 rows=102 width=125)
	  Recheck Cond: ((k >= 3643322) AND (k <= 3643422))
	  ->  Bitmap Index Scan on k_3  (cost=0.00..5.45 rows=102 width=0)
	        Index Cond: ((k >= 3643322) AND (k <= 3643422))

table 4 : explain SELECT k, c FROM sbtest4 WHERE k BETWEEN 3643322 AND 3643422
	Bitmap Heap Scan on sbtest4  (cost=5.52..425.36 rows=106 width=125)
	  Recheck Cond: ((k >= 3643322) AND (k <= 3643422))
	  ->  Bitmap Index Scan on k_4  (cost=0.00..5.50 rows=106 width=0)
	        Index Cond: ((k >= 3643322) AND (k <= 3643422))

table 5 : explain SELECT k, c FROM sbtest5 WHERE k BETWEEN 3643322 AND 3643422
	Bitmap Heap Scan on sbtest5  (cost=5.55..437.18 rows=109 width=125)
	  Recheck Cond: ((k >= 3643322) AND (k <= 3643422))
	  ->  Bitmap Index Scan on k_5  (cost=0.00..5.52 rows=109 width=0)
	        Index Cond: ((k >= 3643322) AND (k <= 3643422))

table 6 : explain SELECT k, c FROM sbtest6 WHERE k BETWEEN 3643322 AND 3643422
	Bitmap Heap Scan on sbtest6  (cost=5.54..433.22 rows=108 width=125)
	  Recheck Cond: ((k >= 3643322) AND (k <= 3643422))
	  ->  Bitmap Index Scan on k_6  (cost=0.00..5.51 rows=108 width=0)
	        Index Cond: ((k >= 3643322) AND (k <= 3643422))

table 7 : explain SELECT k, c FROM sbtest7 WHERE k BETWEEN 3643322 AND 3643422
	Bitmap Heap Scan on sbtest7  (cost=5.36..362.20 rows=90 width=125)
	  Recheck Cond: ((k >= 3643322) AND (k <= 3643422))
	  ->  Bitmap Index Scan on k_7  (cost=0.00..5.33 rows=90 width=0)
	        Index Cond: ((k >= 3643322) AND (k <= 3643422))

table 8 : explain SELECT k, c FROM sbtest8 WHERE k BETWEEN 3643322 AND 3643422
	Bitmap Heap Scan on sbtest8  (cost=5.52..425.35 rows=106 width=125)
	  Recheck Cond: ((k >= 3643322) AND (k <= 3643422))
	  ->  Bitmap Index Scan on k_8  (cost=0.00..5.50 rows=106 width=0)
	        Index Cond: ((k >= 3643322) AND (k <= 3643422))


explain: for range-notcovered :: explain SELECT k, c FROM sbtest%d WHERE k BETWEEN 2689330 AND 2689430
explain: for range-notcovered :: explain SELECT k, c FROM sbtest%d WHERE k BETWEEN 4233174 AND 4233274
explain: for range-notcovered :: explain SELECT k, c FROM sbtest%d WHERE k BETWEEN 4399955 AND 4400055
for range-notcovered
table 1 : explain SELECT k, c FROM sbtest1 WHERE k BETWEEN 9205847 AND 9205947
	Bitmap Heap Scan on sbtest1  (cost=5.47..405.62 rows=101 width=125)
	  Recheck Cond: ((k >= 9205847) AND (k <= 9205947))
	  ->  Bitmap Index Scan on k_1  (cost=0.00..5.44 rows=101 width=0)
	        Index Cond: ((k >= 9205847) AND (k <= 9205947))

table 2 : explain SELECT k, c FROM sbtest2 WHERE k BETWEEN 9205847 AND 9205947
	Bitmap Heap Scan on sbtest2  (cost=5.54..433.23 rows=108 width=125)
	  Recheck Cond: ((k >= 9205847) AND (k <= 9205947))
	  ->  Bitmap Index Scan on k_2  (cost=0.00..5.51 rows=108 width=0)
	        Index Cond: ((k >= 9205847) AND (k <= 9205947))

table 3 : explain SELECT k, c FROM sbtest3 WHERE k BETWEEN 9205847 AND 9205947
	Bitmap Heap Scan on sbtest3  (cost=5.47..405.62 rows=101 width=125)
	  Recheck Cond: ((k >= 9205847) AND (k <= 9205947))
	  ->  Bitmap Index Scan on k_3  (cost=0.00..5.44 rows=101 width=0)
	        Index Cond: ((k >= 9205847) AND (k <= 9205947))

table 4 : explain SELECT k, c FROM sbtest4 WHERE k BETWEEN 9205847 AND 9205947
	Bitmap Heap Scan on sbtest4  (cost=5.52..425.36 rows=106 width=125)
	  Recheck Cond: ((k >= 9205847) AND (k <= 9205947))
	  ->  Bitmap Index Scan on k_4  (cost=0.00..5.50 rows=106 width=0)
	        Index Cond: ((k >= 9205847) AND (k <= 9205947))

table 5 : explain SELECT k, c FROM sbtest5 WHERE k BETWEEN 9205847 AND 9205947
	Bitmap Heap Scan on sbtest5  (cost=5.46..401.68 rows=100 width=125)
	  Recheck Cond: ((k >= 9205847) AND (k <= 9205947))
	  ->  Bitmap Index Scan on k_5  (cost=0.00..5.43 rows=100 width=0)
	        Index Cond: ((k >= 9205847) AND (k <= 9205947))

table 6 : explain SELECT k, c FROM sbtest6 WHERE k BETWEEN 9205847 AND 9205947
	Bitmap Heap Scan on sbtest6  (cost=5.52..425.34 rows=106 width=125)
	  Recheck Cond: ((k >= 9205847) AND (k <= 9205947))
	  ->  Bitmap Index Scan on k_6  (cost=0.00..5.50 rows=106 width=0)
	        Index Cond: ((k >= 9205847) AND (k <= 9205947))

table 7 : explain SELECT k, c FROM sbtest7 WHERE k BETWEEN 9205847 AND 9205947
	Bitmap Heap Scan on sbtest7  (cost=5.45..397.73 rows=99 width=125)
	  Recheck Cond: ((k >= 9205847) AND (k <= 9205947))
	  ->  Bitmap Index Scan on k_7  (cost=0.00..5.42 rows=99 width=0)
	        Index Cond: ((k >= 9205847) AND (k <= 9205947))

table 8 : explain SELECT k, c FROM sbtest8 WHERE k BETWEEN 9205847 AND 9205947
	Bitmap Heap Scan on sbtest8  (cost=5.52..425.35 rows=106 width=125)
	  Recheck Cond: ((k >= 9205847) AND (k <= 9205947))
	  ->  Bitmap Index Scan on k_8  (cost=0.00..5.50 rows=106 width=0)
	        Index Cond: ((k >= 9205847) AND (k <= 9205947))

for range-notcovered
table 1 : explain SELECT k, c FROM sbtest1 WHERE k BETWEEN 3624693 AND 3624793
	Bitmap Heap Scan on sbtest1  (cost=5.45..397.73 rows=99 width=125)
	  Recheck Cond: ((k >= 3624693) AND (k <= 3624793))
	  ->  Bitmap Index Scan on k_1  (cost=0.00..5.42 rows=99 width=0)
	        Index Cond: ((k >= 3624693) AND (k <= 3624793))

table 2 : explain SELECT k, c FROM sbtest2 WHERE k BETWEEN 3624693 AND 3624793
	Bitmap Heap Scan on sbtest2  (cost=5.46..401.68 rows=100 width=125)
	  Recheck Cond: ((k >= 3624693) AND (k <= 3624793))
	  ->  Bitmap Index Scan on k_2  (cost=0.00..5.43 rows=100 width=0)
	        Index Cond: ((k >= 3624693) AND (k <= 3624793))

table 3 : explain SELECT k, c FROM sbtest3 WHERE k BETWEEN 3624693 AND 3624793
	Bitmap Heap Scan on sbtest3  (cost=5.48..409.56 rows=102 width=125)
	  Recheck Cond: ((k >= 3624693) AND (k <= 3624793))
	  ->  Bitmap Index Scan on k_3  (cost=0.00..5.45 rows=102 width=0)
	        Index Cond: ((k >= 3624693) AND (k <= 3624793))

table 4 : explain SELECT k, c FROM sbtest4 WHERE k BETWEEN 3624693 AND 3624793
	Bitmap Heap Scan on sbtest4  (cost=5.52..425.36 rows=106 width=125)
	  Recheck Cond: ((k >= 3624693) AND (k <= 3624793))
	  ->  Bitmap Index Scan on k_4  (cost=0.00..5.50 rows=106 width=0)
	        Index Cond: ((k >= 3624693) AND (k <= 3624793))

table 5 : explain SELECT k, c FROM sbtest5 WHERE k BETWEEN 3624693 AND 3624793
	Bitmap Heap Scan on sbtest5  (cost=5.55..437.18 rows=109 width=125)
	  Recheck Cond: ((k >= 3624693) AND (k <= 3624793))
	  ->  Bitmap Index Scan on k_5  (cost=0.00..5.52 rows=109 width=0)
	        Index Cond: ((k >= 3624693) AND (k <= 3624793))

table 6 : explain SELECT k, c FROM sbtest6 WHERE k BETWEEN 3624693 AND 3624793
	Bitmap Heap Scan on sbtest6  (cost=5.54..433.22 rows=108 width=125)
	  Recheck Cond: ((k >= 3624693) AND (k <= 3624793))
	  ->  Bitmap Index Scan on k_6  (cost=0.00..5.51 rows=108 width=0)
	        Index Cond: ((k >= 3624693) AND (k <= 3624793))

table 7 : explain SELECT k, c FROM sbtest7 WHERE k BETWEEN 3624693 AND 3624793
	Bitmap Heap Scan on sbtest7  (cost=5.36..362.20 rows=90 width=125)
	  Recheck Cond: ((k >= 3624693) AND (k <= 3624793))
	  ->  Bitmap Index Scan on k_7  (cost=0.00..5.33 rows=90 width=0)
	        Index Cond: ((k >= 3624693) AND (k <= 3624793))

table 8 : explain SELECT k, c FROM sbtest8 WHERE k BETWEEN 3624693 AND 3624793
	Bitmap Heap Scan on sbtest8  (cost=5.52..425.35 rows=106 width=125)
	  Recheck Cond: ((k >= 3624693) AND (k <= 3624793))
	  ->  Bitmap Index Scan on k_8  (cost=0.00..5.50 rows=106 width=0)
	        Index Cond: ((k >= 3624693) AND (k <= 3624793))

explain: for range-notcovered :: explain SELECT k, c FROM sbtest%d WHERE k BETWEEN 4404507 AND 4404607
for range-notcovered
table 1 : explain SELECT k, c FROM sbtest1 WHERE k BETWEEN 5735179 AND 5735279
	Bitmap Heap Scan on sbtest1  (cost=5.38..370.09 rows=92 width=125)
	  Recheck Cond: ((k >= 5735179) AND (k <= 5735279))
	  ->  Bitmap Index Scan on k_1  (cost=0.00..5.35 rows=92 width=0)
	        Index Cond: ((k >= 5735179) AND (k <= 5735279))

table 2 : explain SELECT k, c FROM sbtest2 WHERE k BETWEEN 5735179 AND 5735279
	Bitmap Heap Scan on sbtest2  (cost=5.59..452.94 rows=113 width=125)
	  Recheck Cond: ((k >= 5735179) AND (k <= 5735279))
	  ->  Bitmap Index Scan on k_2  (cost=0.00..5.56 rows=113 width=0)
	        Index Cond: ((k >= 5735179) AND (k <= 5735279))

table 3 : explain SELECT k, c FROM sbtest3 WHERE k BETWEEN 5735179 AND 5735279
	Bitmap Heap Scan on sbtest3  (cost=5.60..456.87 rows=114 width=125)
	  Recheck Cond: ((k >= 5735179) AND (k <= 5735279))
	  ->  Bitmap Index Scan on k_3  (cost=0.00..5.58 rows=114 width=0)
	        Index Cond: ((k >= 5735179) AND (k <= 5735279))

table 4 : explain SELECT k, c FROM sbtest4 WHERE k BETWEEN 5735179 AND 5735279
	Bitmap Heap Scan on sbtest4  (cost=5.53..429.30 rows=107 width=125)
	  Recheck Cond: ((k >= 5735179) AND (k <= 5735279))
	  ->  Bitmap Index Scan on k_4  (cost=0.00..5.50 rows=107 width=0)
	        Index Cond: ((k >= 5735179) AND (k <= 5735279))

table 5 : explain SELECT k, c FROM sbtest5 WHERE k BETWEEN 5735179 AND 5735279
	Bitmap Heap Scan on sbtest5  (cost=5.41..381.94 rows=95 width=125)
	  Recheck Cond: ((k >= 5735179) AND (k <= 5735279))
	  ->  Bitmap Index Scan on k_5  (cost=0.00..5.38 rows=95 width=0)
	        Index Cond: ((k >= 5735179) AND (k <= 5735279))

table 6 : explain SELECT k, c FROM sbtest6 WHERE k BETWEEN 5735179 AND 5735279
	Bitmap Heap Scan on sbtest6  (cost=5.42..385.88 rows=96 width=125)
	  Recheck Cond: ((k >= 5735179) AND (k <= 5735279))
	  ->  Bitmap Index Scan on k_6  (cost=0.00..5.39 rows=96 width=0)
	        Index Cond: ((k >= 5735179) AND (k <= 5735279))

table 7 : explain SELECT k, c FROM sbtest7 WHERE k BETWEEN 5735179 AND 5735279
	Bitmap Heap Scan on sbtest7  (cost=5.44..393.79 rows=98 width=125)
	  Recheck Cond: ((k >= 5735179) AND (k <= 5735279))
	  ->  Bitmap Index Scan on k_7  (cost=0.00..5.42 rows=98 width=0)
	        Index Cond: ((k >= 5735179) AND (k <= 5735279))

table 8 : explain SELECT k, c FROM sbtest8 WHERE k BETWEEN 5735179 AND 5735279
	Bitmap Heap Scan on sbtest8  (cost=5.54..433.23 rows=108 width=125)
	  Recheck Cond: ((k >= 5735179) AND (k <= 5735279))
	  ->  Bitmap Index Scan on k_8  (cost=0.00..5.51 rows=108 width=0)
	        Index Cond: ((k >= 5735179) AND (k <= 5735279))

explain: for range-notcovered :: explain SELECT k, c FROM sbtest%d WHERE k BETWEEN 3643322 AND 3643422
for range-notcovered
table 1 : explain SELECT k, c FROM sbtest1 WHERE k BETWEEN 7515649 AND 7515749
	Bitmap Heap Scan on sbtest1  (cost=5.53..429.29 rows=107 width=125)
	  Recheck Cond: ((k >= 7515649) AND (k <= 7515749))
	  ->  Bitmap Index Scan on k_1  (cost=0.00..5.50 rows=107 width=0)
	        Index Cond: ((k >= 7515649) AND (k <= 7515749))

table 2 : explain SELECT k, c FROM sbtest2 WHERE k BETWEEN 7515649 AND 7515749
	Bitmap Heap Scan on sbtest2  (cost=5.53..429.29 rows=107 width=125)
	  Recheck Cond: ((k >= 7515649) AND (k <= 7515749))
	  ->  Bitmap Index Scan on k_2  (cost=0.00..5.50 rows=107 width=0)
	        Index Cond: ((k >= 7515649) AND (k <= 7515749))

table 3 : explain SELECT k, c FROM sbtest3 WHERE k BETWEEN 7515649 AND 7515749
	Bitmap Heap Scan on sbtest3  (cost=5.40..377.99 rows=94 width=125)
	  Recheck Cond: ((k >= 7515649) AND (k <= 7515749))
	  ->  Bitmap Index Scan on k_3  (cost=0.00..5.38 rows=94 width=0)
	        Index Cond: ((k >= 7515649) AND (k <= 7515749))

table 4 : explain SELECT k, c FROM sbtest4 WHERE k BETWEEN 7515649 AND 7515749
	Bitmap Heap Scan on sbtest4  (cost=5.42..385.90 rows=96 width=125)
	  Recheck Cond: ((k >= 7515649) AND (k <= 7515749))
	  ->  Bitmap Index Scan on k_4  (cost=0.00..5.39 rows=96 width=0)
	        Index Cond: ((k >= 7515649) AND (k <= 7515749))

table 5 : explain SELECT k, c FROM sbtest5 WHERE k BETWEEN 7515649 AND 7515749
	Bitmap Heap Scan on sbtest5  (cost=5.47..405.62 rows=101 width=125)
	  Recheck Cond: ((k >= 7515649) AND (k <= 7515749))
	  ->  Bitmap Index Scan on k_5  (cost=0.00..5.44 rows=101 width=0)
	        Index Cond: ((k >= 7515649) AND (k <= 7515749))

table 6 : explain SELECT k, c FROM sbtest6 WHERE k BETWEEN 7515649 AND 7515749
	Bitmap Heap Scan on sbtest6  (cost=5.51..421.39 rows=105 width=125)
	  Recheck Cond: ((k >= 7515649) AND (k <= 7515749))
	  ->  Bitmap Index Scan on k_6  (cost=0.00..5.48 rows=105 width=0)
	        Index Cond: ((k >= 7515649) AND (k <= 7515749))

table 7 : explain SELECT k, c FROM sbtest7 WHERE k BETWEEN 7515649 AND 7515749
	Bitmap Heap Scan on sbtest7  (cost=5.46..401.68 rows=100 width=125)
	  Recheck Cond: ((k >= 7515649) AND (k <= 7515749))
	  ->  Bitmap Index Scan on k_7  (cost=0.00..5.43 rows=100 width=0)
	        Index Cond: ((k >= 7515649) AND (k <= 7515749))

table 8 : explain SELECT k, c FROM sbtest8 WHERE k BETWEEN 7515649 AND 7515749
	Bitmap Heap Scan on sbtest8  (cost=5.56..441.12 rows=110 width=125)
	  Recheck Cond: ((k >= 7515649) AND (k <= 7515749))
	  ->  Bitmap Index Scan on k_8  (cost=0.00..5.53 rows=110 width=0)
	        Index Cond: ((k >= 7515649) AND (k <= 7515749))

for range-notcovered
table 1 : explain SELECT k, c FROM sbtest1 WHERE k BETWEEN 4426134 AND 4426234
	Bitmap Heap Scan on sbtest1  (cost=5.45..397.73 rows=99 width=125)
	  Recheck Cond: ((k >= 4426134) AND (k <= 4426234))
	  ->  Bitmap Index Scan on k_1  (cost=0.00..5.42 rows=99 width=0)
	        Index Cond: ((k >= 4426134) AND (k <= 4426234))

table 2 : explain SELECT k, c FROM sbtest2 WHERE k BETWEEN 4426134 AND 4426234
	Bitmap Heap Scan on sbtest2  (cost=5.50..417.46 rows=104 width=125)
	  Recheck Cond: ((k >= 4426134) AND (k <= 4426234))
	  ->  Bitmap Index Scan on k_2  (cost=0.00..5.47 rows=104 width=0)
	        Index Cond: ((k >= 4426134) AND (k <= 4426234))

table 3 : explain SELECT k, c FROM sbtest3 WHERE k BETWEEN 4426134 AND 4426234
	Bitmap Heap Scan on sbtest3  (cost=5.41..381.94 rows=95 width=125)
	  Recheck Cond: ((k >= 4426134) AND (k <= 4426234))
	  ->  Bitmap Index Scan on k_3  (cost=0.00..5.38 rows=95 width=0)
	        Index Cond: ((k >= 4426134) AND (k <= 4426234))

table 4 : explain SELECT k, c FROM sbtest4 WHERE k BETWEEN 4426134 AND 4426234
	Bitmap Heap Scan on sbtest4  (cost=5.48..409.58 rows=102 width=125)
	  Recheck Cond: ((k >= 4426134) AND (k <= 4426234))
	  ->  Bitmap Index Scan on k_4  (cost=0.00..5.45 rows=102 width=0)
	        Index Cond: ((k >= 4426134) AND (k <= 4426234))

table 5 : explain SELECT k, c FROM sbtest5 WHERE k BETWEEN 4426134 AND 4426234
	Bitmap Heap Scan on sbtest5  (cost=5.45..397.73 rows=99 width=125)
	  Recheck Cond: ((k >= 4426134) AND (k <= 4426234))
	  ->  Bitmap Index Scan on k_5  (cost=0.00..5.42 rows=99 width=0)
	        Index Cond: ((k >= 4426134) AND (k <= 4426234))

table 6 : explain SELECT k, c FROM sbtest6 WHERE k BETWEEN 4426134 AND 4426234
	Bitmap Heap Scan on sbtest6  (cost=5.47..405.61 rows=101 width=125)
	  Recheck Cond: ((k >= 4426134) AND (k <= 4426234))
	  ->  Bitmap Index Scan on k_6  (cost=0.00..5.44 rows=101 width=0)
	        Index Cond: ((k >= 4426134) AND (k <= 4426234))

table 7 : explain SELECT k, c FROM sbtest7 WHERE k BETWEEN 4426134 AND 4426234
	Bitmap Heap Scan on sbtest7  (cost=5.50..417.46 rows=104 width=125)
	  Recheck Cond: ((k >= 4426134) AND (k <= 4426234))
	  ->  Bitmap Index Scan on k_7  (cost=0.00..5.47 rows=104 width=0)
	        Index Cond: ((k >= 4426134) AND (k <= 4426234))

table 8 : explain SELECT k, c FROM sbtest8 WHERE k BETWEEN 4426134 AND 4426234
	Bitmap Heap Scan on sbtest8  (cost=5.49..413.52 rows=103 width=125)
	  Recheck Cond: ((k >= 4426134) AND (k <= 4426234))
	  ->  Bitmap Index Scan on k_8  (cost=0.00..5.46 rows=103 width=0)
	        Index Cond: ((k >= 4426134) AND (k <= 4426234))
for range-notcovered
table 1 : explain SELECT k, c FROM sbtest1 WHERE k BETWEEN 7584845 AND 7584945
	Bitmap Heap Scan on sbtest1  (cost=5.53..429.29 rows=107 width=125)
	  Recheck Cond: ((k >= 7584845) AND (k <= 7584945))
	  ->  Bitmap Index Scan on k_1  (cost=0.00..5.50 rows=107 width=0)
	        Index Cond: ((k >= 7584845) AND (k <= 7584945))

table 2 : explain SELECT k, c FROM sbtest2 WHERE k BETWEEN 7584845 AND 7584945
	Bitmap Heap Scan on sbtest2  (cost=5.53..429.29 rows=107 width=125)
	  Recheck Cond: ((k >= 7584845) AND (k <= 7584945))
	  ->  Bitmap Index Scan on k_2  (cost=0.00..5.50 rows=107 width=0)
	        Index Cond: ((k >= 7584845) AND (k <= 7584945))

table 3 : explain SELECT k, c FROM sbtest3 WHERE k BETWEEN 7584845 AND 7584945
	Bitmap Heap Scan on sbtest3  (cost=5.40..377.99 rows=94 width=125)
	  Recheck Cond: ((k >= 7584845) AND (k <= 7584945))
	  ->  Bitmap Index Scan on k_3  (cost=0.00..5.38 rows=94 width=0)
	        Index Cond: ((k >= 7584845) AND (k <= 7584945))

table 4 : explain SELECT k, c FROM sbtest4 WHERE k BETWEEN 7584845 AND 7584945
	Bitmap Heap Scan on sbtest4  (cost=5.42..385.90 rows=96 width=125)
	  Recheck Cond: ((k >= 7584845) AND (k <= 7584945))
	  ->  Bitmap Index Scan on k_4  (cost=0.00..5.39 rows=96 width=0)
	        Index Cond: ((k >= 7584845) AND (k <= 7584945))

table 5 : explain SELECT k, c FROM sbtest5 WHERE k BETWEEN 7584845 AND 7584945
	Bitmap Heap Scan on sbtest5  (cost=5.47..405.62 rows=101 width=125)
	  Recheck Cond: ((k >= 7584845) AND (k <= 7584945))
	  ->  Bitmap Index Scan on k_5  (cost=0.00..5.44 rows=101 width=0)
	        Index Cond: ((k >= 7584845) AND (k <= 7584945))

table 6 : explain SELECT k, c FROM sbtest6 WHERE k BETWEEN 7584845 AND 7584945
	Bitmap Heap Scan on sbtest6  (cost=5.48..409.56 rows=102 width=125)
	  Recheck Cond: ((k >= 7584845) AND (k <= 7584945))
	  ->  Bitmap Index Scan on k_6  (cost=0.00..5.45 rows=102 width=0)
	        Index Cond: ((k >= 7584845) AND (k <= 7584945))

table 7 : explain SELECT k, c FROM sbtest7 WHERE k BETWEEN 7584845 AND 7584945
	Bitmap Heap Scan on sbtest7  (cost=5.48..409.57 rows=102 width=125)
	  Recheck Cond: ((k >= 7584845) AND (k <= 7584945))
	  ->  Bitmap Index Scan on k_7  (cost=0.00..5.45 rows=102 width=0)
	        Index Cond: ((k >= 7584845) AND (k <= 7584945))

table 8 : explain SELECT k, c FROM sbtest8 WHERE k BETWEEN 7584845 AND 7584945
	Bitmap Heap Scan on sbtest8  (cost=5.56..441.12 rows=110 width=125)
	  Recheck Cond: ((k >= 7584845) AND (k <= 7584945))
	  ->  Bitmap Index Scan on k_8  (cost=0.00..5.53 rows=110 width=0)
	        Index Cond: ((k >= 7584845) AND (k <= 7584945))


explain: for range-notcovered :: explain SELECT k, c FROM sbtest%d WHERE k BETWEEN 9205847 AND 9205947
for range-notcovered
table 1 : explain SELECT k, c FROM sbtest1 WHERE k BETWEEN 3177838 AND 3177938
	Bitmap Heap Scan on sbtest1  (cost=5.55..437.17 rows=109 width=125)
	  Recheck Cond: ((k >= 3177838) AND (k <= 3177938))
	  ->  Bitmap Index Scan on k_1  (cost=0.00..5.52 rows=109 width=0)
	        Index Cond: ((k >= 3177838) AND (k <= 3177938))

table 2 : explain SELECT k, c FROM sbtest2 WHERE k BETWEEN 3177838 AND 3177938
	Bitmap Heap Scan on sbtest2  (cost=5.44..393.79 rows=98 width=125)
	  Recheck Cond: ((k >= 3177838) AND (k <= 3177938))
	  ->  Bitmap Index Scan on k_2  (cost=0.00..5.42 rows=98 width=0)
	        Index Cond: ((k >= 3177838) AND (k <= 3177938))

table 3 : explain SELECT k, c FROM sbtest3 WHERE k BETWEEN 3177838 AND 3177938
	Bitmap Heap Scan on sbtest3  (cost=5.49..413.51 rows=103 width=125)
	  Recheck Cond: ((k >= 3177838) AND (k <= 3177938))
	  ->  Bitmap Index Scan on k_3  (cost=0.00..5.46 rows=103 width=0)
	        Index Cond: ((k >= 3177838) AND (k <= 3177938))

table 4 : explain SELECT k, c FROM sbtest4 WHERE k BETWEEN 3177838 AND 3177938
	Bitmap Heap Scan on sbtest4  (cost=5.54..433.24 rows=108 width=125)
	  Recheck Cond: ((k >= 3177838) AND (k <= 3177938))
	  ->  Bitmap Index Scan on k_4  (cost=0.00..5.51 rows=108 width=0)
	        Index Cond: ((k >= 3177838) AND (k <= 3177938))

table 5 : explain SELECT k, c FROM sbtest5 WHERE k BETWEEN 3177838 AND 3177938
	Bitmap Heap Scan on sbtest5  (cost=5.46..401.68 rows=100 width=125)
	  Recheck Cond: ((k >= 3177838) AND (k <= 3177938))
	  ->  Bitmap Index Scan on k_5  (cost=0.00..5.43 rows=100 width=0)
	        Index Cond: ((k >= 3177838) AND (k <= 3177938))

table 6 : explain SELECT k, c FROM sbtest6 WHERE k BETWEEN 3177838 AND 3177938
	Bitmap Heap Scan on sbtest6  (cost=5.58..448.99 rows=112 width=125)
	  Recheck Cond: ((k >= 3177838) AND (k <= 3177938))
	  ->  Bitmap Index Scan on k_6  (cost=0.00..5.55 rows=112 width=0)
	        Index Cond: ((k >= 3177838) AND (k <= 3177938))

table 7 : explain SELECT k, c FROM sbtest7 WHERE k BETWEEN 3177838 AND 3177938
	Bitmap Heap Scan on sbtest7  (cost=5.45..397.73 rows=99 width=125)
	  Recheck Cond: ((k >= 3177838) AND (k <= 3177938))
	  ->  Bitmap Index Scan on k_7  (cost=0.00..5.42 rows=99 width=0)
	        Index Cond: ((k >= 3177838) AND (k <= 3177938))

table 8 : explain SELECT k, c FROM sbtest8 WHERE k BETWEEN 3177838 AND 3177938
	Bitmap Heap Scan on sbtest8  (cost=5.51..421.40 rows=105 width=125)
	  Recheck Cond: ((k >= 3177838) AND (k <= 3177938))
	  ->  Bitmap Index Scan on k_8  (cost=0.00..5.48 rows=105 width=0)
	        Index Cond: ((k >= 3177838) AND (k <= 3177938))

explain: for range-notcovered :: explain SELECT k, c FROM sbtest%d WHERE k BETWEEN 7515649 AND 7515749
explain: for range-notcovered :: explain SELECT k, c FROM sbtest%d WHERE k BETWEEN 3624693 AND 3624793explain: for range-notcovered :: explain SELECT k, c FROM sbtest%d WHERE k BETWEEN 4426134 AND 4426234for range-notcovered
table 1 : explain SELECT k, c FROM sbtest1 WHERE k BETWEEN 5793286 AND 5793386
	Bitmap Heap Scan on sbtest1  (cost=5.38..370.09 rows=92 width=125)
	  Recheck Cond: ((k >= 5793286) AND (k <= 5793386))
	  ->  Bitmap Index Scan on k_1  (cost=0.00..5.35 rows=92 width=0)
	        Index Cond: ((k >= 5793286) AND (k <= 5793386))

table 2 : explain SELECT k, c FROM sbtest2 WHERE k BETWEEN 5793286 AND 5793386
	Bitmap Heap Scan on sbtest2  (cost=5.54..433.23 rows=108 width=125)
	  Recheck Cond: ((k >= 5793286) AND (k <= 5793386))
	  ->  Bitmap Index Scan on k_2  (cost=0.00..5.51 rows=108 width=0)
	        Index Cond: ((k >= 5793286) AND (k <= 5793386))

table 3 : explain SELECT k, c FROM sbtest3 WHERE k BETWEEN 5793286 AND 5793386
	Bitmap Heap Scan on sbtest3  (cost=5.44..393.78 rows=98 width=125)
	  Recheck Cond: ((k >= 5793286) AND (k <= 5793386))
	  ->  Bitmap Index Scan on k_3  (cost=0.00..5.42 rows=98 width=0)
	        Index Cond: ((k >= 5793286) AND (k <= 5793386))

table 4 : explain SELECT k, c FROM sbtest4 WHERE k BETWEEN 5793286 AND 5793386
	Bitmap Heap Scan on sbtest4  (cost=5.53..429.30 rows=107 width=125)
	  Recheck Cond: ((k >= 5793286) AND (k <= 5793386))
	  ->  Bitmap Index Scan on k_4  (cost=0.00..5.50 rows=107 width=0)
	        Index Cond: ((k >= 5793286) AND (k <= 5793386))

table 5 : explain SELECT k, c FROM sbtest5 WHERE k BETWEEN 5793286 AND 5793386
	Bitmap Heap Scan on sbtest5  (cost=5.37..366.15 rows=91 width=125)
	  Recheck Cond: ((k >= 5793286) AND (k <= 5793386))
	  ->  Bitmap Index Scan on k_5  (cost=0.00..5.34 rows=91 width=0)
	        Index Cond: ((k >= 5793286) AND (k <= 5793386))

table 6 : explain SELECT k, c FROM sbtest6 WHERE k BETWEEN 5793286 AND 5793386
	Bitmap Heap Scan on sbtest6  (cost=5.42..385.88 rows=96 width=125)
	  Recheck Cond: ((k >= 5793286) AND (k <= 5793386))
	  ->  Bitmap Index Scan on k_6  (cost=0.00..5.39 rows=96 width=0)
	        Index Cond: ((k >= 5793286) AND (k <= 5793386))

table 7 : explain SELECT k, c FROM sbtest7 WHERE k BETWEEN 5793286 AND 5793386
	Bitmap Heap Scan on sbtest7  (cost=5.51..421.40 rows=105 width=125)
	  Recheck Cond: ((k >= 5793286) AND (k <= 5793386))
	  ->  Bitmap Index Scan on k_7  (cost=0.00..5.48 rows=105 width=0)
	        Index Cond: ((k >= 5793286) AND (k <= 5793386))

table 8 : explain SELECT k, c FROM sbtest8 WHERE k BETWEEN 5793286 AND 5793386
	Bitmap Heap Scan on sbtest8  (cost=5.44..393.79 rows=98 width=125)
	  Recheck Cond: ((k >= 5793286) AND (k <= 5793386))
	  ->  Bitmap Index Scan on k_8  (cost=0.00..5.42 rows=98 width=0)
	        Index Cond: ((k >= 5793286) AND (k <= 5793386))

explain: for range-notcovered :: explain SELECT k, c FROM sbtest%d WHERE k BETWEEN 5735179 AND 5735279
for range-notcovered
table 1 : explain SELECT k, c FROM sbtest1 WHERE k BETWEEN 5181953 AND 5182053
	Bitmap Heap Scan on sbtest1  (cost=5.44..393.78 rows=98 width=125)
	  Recheck Cond: ((k >= 5181953) AND (k <= 5182053))
	  ->  Bitmap Index Scan on k_1  (cost=0.00..5.42 rows=98 width=0)
	        Index Cond: ((k >= 5181953) AND (k <= 5182053))

table 2 : explain SELECT k, c FROM sbtest2 WHERE k BETWEEN 5181953 AND 5182053
	Bitmap Heap Scan on sbtest2  (cost=5.46..401.68 rows=100 width=125)
	  Recheck Cond: ((k >= 5181953) AND (k <= 5182053))
	  ->  Bitmap Index Scan on k_2  (cost=0.00..5.43 rows=100 width=0)
	        Index Cond: ((k >= 5181953) AND (k <= 5182053))

table 3 : explain SELECT k, c FROM sbtest3 WHERE k BETWEEN 5181953 AND 5182053
	Bitmap Heap Scan on sbtest3  (cost=5.54..433.22 rows=108 width=125)
	  Recheck Cond: ((k >= 5181953) AND (k <= 5182053))
	  ->  Bitmap Index Scan on k_3  (cost=0.00..5.51 rows=108 width=0)
	        Index Cond: ((k >= 5181953) AND (k <= 5182053))

table 4 : explain SELECT k, c FROM sbtest4 WHERE k BETWEEN 5181953 AND 5182053
	Bitmap Heap Scan on sbtest4  (cost=5.54..433.24 rows=108 width=125)
	  Recheck Cond: ((k >= 5181953) AND (k <= 5182053))
	  ->  Bitmap Index Scan on k_4  (cost=0.00..5.51 rows=108 width=0)
	        Index Cond: ((k >= 5181953) AND (k <= 5182053))

table 5 : explain SELECT k, c FROM sbtest5 WHERE k BETWEEN 5181953 AND 5182053
	Bitmap Heap Scan on sbtest5  (cost=5.47..405.62 rows=101 width=125)
	  Recheck Cond: ((k >= 5181953) AND (k <= 5182053))
	  ->  Bitmap Index Scan on k_5  (cost=0.00..5.44 rows=101 width=0)
	        Index Cond: ((k >= 5181953) AND (k <= 5182053))

table 6 : explain SELECT k, c FROM sbtest6 WHERE k BETWEEN 5181953 AND 5182053
	Bitmap Heap Scan on sbtest6  (cost=5.52..425.34 rows=106 width=125)
	  Recheck Cond: ((k >= 5181953) AND (k <= 5182053))
	  ->  Bitmap Index Scan on k_6  (cost=0.00..5.50 rows=106 width=0)
	        Index Cond: ((k >= 5181953) AND (k <= 5182053))

table 7 : explain SELECT k, c FROM sbtest7 WHERE k BETWEEN 5181953 AND 5182053
	Bitmap Heap Scan on sbtest7  (cost=5.49..413.52 rows=103 width=125)
	  Recheck Cond: ((k >= 5181953) AND (k <= 5182053))
	  ->  Bitmap Index Scan on k_7  (cost=0.00..5.46 rows=103 width=0)
	        Index Cond: ((k >= 5181953) AND (k <= 5182053))

table 8 : explain SELECT k, c FROM sbtest8 WHERE k BETWEEN 5181953 AND 5182053
	Bitmap Heap Scan on sbtest8  (cost=5.36..362.20 rows=90 width=125)
	  Recheck Cond: ((k >= 5181953) AND (k <= 5182053))
	  ->  Bitmap Index Scan on k_8  (cost=0.00..5.33 rows=90 width=0)
	        Index Cond: ((k >= 5181953) AND (k <= 5182053))


for range-notcovered
table 1 : explain SELECT k, c FROM sbtest1 WHERE k BETWEEN 3571436 AND 3571536
	Bitmap Heap Scan on sbtest1  (cost=5.45..397.73 rows=99 width=125)
	  Recheck Cond: ((k >= 3571436) AND (k <= 3571536))
	  ->  Bitmap Index Scan on k_1  (cost=0.00..5.42 rows=99 width=0)
	        Index Cond: ((k >= 3571436) AND (k <= 3571536))

table 2 : explain SELECT k, c FROM sbtest2 WHERE k BETWEEN 3571436 AND 3571536
	Bitmap Heap Scan on sbtest2  (cost=5.54..433.23 rows=108 width=125)
	  Recheck Cond: ((k >= 3571436) AND (k <= 3571536))
	  ->  Bitmap Index Scan on k_2  (cost=0.00..5.51 rows=108 width=0)
	        Index Cond: ((k >= 3571436) AND (k <= 3571536))

table 3 : explain SELECT k, c FROM sbtest3 WHERE k BETWEEN 3571436 AND 3571536
	Bitmap Heap Scan on sbtest3  (cost=5.51..421.39 rows=105 width=125)
	  Recheck Cond: ((k >= 3571436) AND (k <= 3571536))
	  ->  Bitmap Index Scan on k_3  (cost=0.00..5.48 rows=105 width=0)
	        Index Cond: ((k >= 3571436) AND (k <= 3571536))

table 4 : explain SELECT k, c FROM sbtest4 WHERE k BETWEEN 3571436 AND 3571536
	Bitmap Heap Scan on sbtest4  (cost=5.43..389.85 rows=97 width=125)
	  Recheck Cond: ((k >= 3571436) AND (k <= 3571536))
	  ->  Bitmap Index Scan on k_4  (cost=0.00..5.40 rows=97 width=0)
	        Index Cond: ((k >= 3571436) AND (k <= 3571536))

table 5 : explain SELECT k, c FROM sbtest5 WHERE k BETWEEN 3571436 AND 3571536
	Bitmap Heap Scan on sbtest5  (cost=5.54..433.23 rows=108 width=125)
	  Recheck Cond: ((k >= 3571436) AND (k <= 3571536))
	  ->  Bitmap Index Scan on k_5  (cost=0.00..5.51 rows=108 width=0)
	        Index Cond: ((k >= 3571436) AND (k <= 3571536))

table 6 : explain SELECT k, c FROM sbtest6 WHERE k BETWEEN 3571436 AND 3571536
	Bitmap Heap Scan on sbtest6  (cost=5.54..433.22 rows=108 width=125)
	  Recheck Cond: ((k >= 3571436) AND (k <= 3571536))
	  ->  Bitmap Index Scan on k_6  (cost=0.00..5.51 rows=108 width=0)
	        Index Cond: ((k >= 3571436) AND (k <= 3571536))

table 7 : explain SELECT k, c FROM sbtest7 WHERE k BETWEEN 3571436 AND 3571536
	Bitmap Heap Scan on sbtest7  (cost=5.50..417.46 rows=104 width=125)
	  Recheck Cond: ((k >= 3571436) AND (k <= 3571536))
	  ->  Bitmap Index Scan on k_7  (cost=0.00..5.47 rows=104 width=0)
	        Index Cond: ((k >= 3571436) AND (k <= 3571536))

table 8 : explain SELECT k, c FROM sbtest8 WHERE k BETWEEN 3571436 AND 3571536
	Bitmap Heap Scan on sbtest8  (cost=5.52..425.35 rows=106 width=125)
	  Recheck Cond: ((k >= 3571436) AND (k <= 3571536))
	  ->  Bitmap Index Scan on k_8  (cost=0.00..5.50 rows=106 width=0)
	        Index Cond: ((k >= 3571436) AND (k <= 3571536))
for range-notcovered
table 1 : explain SELECT k, c FROM sbtest1 WHERE k BETWEEN 5389644 AND 5389744
	Bitmap Heap Scan on sbtest1  (cost=5.51..421.40 rows=105 width=125)
	  Recheck Cond: ((k >= 5389644) AND (k <= 5389744))
	  ->  Bitmap Index Scan on k_1  (cost=0.00..5.48 rows=105 width=0)
	        Index Cond: ((k >= 5389644) AND (k <= 5389744))

table 2 : explain SELECT k, c FROM sbtest2 WHERE k BETWEEN 5389644 AND 5389744
	Bitmap Heap Scan on sbtest2  (cost=5.49..413.51 rows=103 width=125)
	  Recheck Cond: ((k >= 5389644) AND (k <= 5389744))
	  ->  Bitmap Index Scan on k_2  (cost=0.00..5.46 rows=103 width=0)
	        Index Cond: ((k >= 5389644) AND (k <= 5389744))

table 3 : explain SELECT k, c FROM sbtest3 WHERE k BETWEEN 5389644 AND 5389744
	Bitmap Heap Scan on sbtest3  (cost=5.45..397.72 rows=99 width=125)
	  Recheck Cond: ((k >= 5389644) AND (k <= 5389744))
	  ->  Bitmap Index Scan on k_3  (cost=0.00..5.42 rows=99 width=0)
	        Index Cond: ((k >= 5389644) AND (k <= 5389744))

table 4 : explain SELECT k, c FROM sbtest4 WHERE k BETWEEN 5389644 AND 5389744
	Bitmap Heap Scan on sbtest4  (cost=5.56..441.13 rows=110 width=125)
	  Recheck Cond: ((k >= 5389644) AND (k <= 5389744))
	  ->  Bitmap Index Scan on k_4  (cost=0.00..5.53 rows=110 width=0)
	        Index Cond: ((k >= 5389644) AND (k <= 5389744))

table 5 : explain SELECT k, c FROM sbtest5 WHERE k BETWEEN 5389644 AND 5389744
	Bitmap Heap Scan on sbtest5  (cost=5.58..449.00 rows=112 width=125)
	  Recheck Cond: ((k >= 5389644) AND (k <= 5389744))
	  ->  Bitmap Index Scan on k_5  (cost=0.00..5.55 rows=112 width=0)
	        Index Cond: ((k >= 5389644) AND (k <= 5389744))

table 6 : explain SELECT k, c FROM sbtest6 WHERE k BETWEEN 5389644 AND 5389744
	Bitmap Heap Scan on sbtest6  (cost=5.43..389.83 rows=97 width=125)
	  Recheck Cond: ((k >= 5389644) AND (k <= 5389744))
	  ->  Bitmap Index Scan on k_6  (cost=0.00..5.40 rows=97 width=0)
	        Index Cond: ((k >= 5389644) AND (k <= 5389744))

table 7 : explain SELECT k, c FROM sbtest7 WHERE k BETWEEN 5389644 AND 5389744
	Bitmap Heap Scan on sbtest7  (cost=5.54..433.24 rows=108 width=125)
	  Recheck Cond: ((k >= 5389644) AND (k <= 5389744))
	  ->  Bitmap Index Scan on k_7  (cost=0.00..5.51 rows=108 width=0)
	        Index Cond: ((k >= 5389644) AND (k <= 5389744))

table 8 : explain SELECT k, c FROM sbtest8 WHERE k BETWEEN 5389644 AND 5389744
	Bitmap Heap Scan on sbtest8  (cost=5.39..374.05 rows=93 width=125)
	  Recheck Cond: ((k >= 5389644) AND (k <= 5389744))
	  ->  Bitmap Index Scan on k_8  (cost=0.00..5.36 rows=93 width=0)
	        Index Cond: ((k >= 5389644) AND (k <= 5389744))
explain: for range-notcovered :: explain SELECT k, c FROM sbtest%d WHERE k BETWEEN 5793286 AND 5793386for range-notcovered
table 1 : explain SELECT k, c FROM sbtest1 WHERE k BETWEEN 6373173 AND 6373273
	Bitmap Heap Scan on sbtest1  (cost=5.63..468.70 rows=117 width=125)
	  Recheck Cond: ((k >= 6373173) AND (k <= 6373273))
	  ->  Bitmap Index Scan on k_1  (cost=0.00..5.60 rows=117 width=0)
	        Index Cond: ((k >= 6373173) AND (k <= 6373273))

table 2 : explain SELECT k, c FROM sbtest2 WHERE k BETWEEN 6373173 AND 6373273
	Bitmap Heap Scan on sbtest2  (cost=5.49..413.51 rows=103 width=125)
	  Recheck Cond: ((k >= 6373173) AND (k <= 6373273))
	  ->  Bitmap Index Scan on k_2  (cost=0.00..5.46 rows=103 width=0)
	        Index Cond: ((k >= 6373173) AND (k <= 6373273))

table 3 : explain SELECT k, c FROM sbtest3 WHERE k BETWEEN 6373173 AND 6373273
	Bitmap Heap Scan on sbtest3  (cost=5.51..421.39 rows=105 width=125)
	  Recheck Cond: ((k >= 6373173) AND (k <= 6373273))
	  ->  Bitmap Index Scan on k_3  (cost=0.00..5.48 rows=105 width=0)
	        Index Cond: ((k >= 6373173) AND (k <= 6373273))

table 4 : explain SELECT k, c FROM sbtest4 WHERE k BETWEEN 6373173 AND 6373273
	Bitmap Heap Scan on sbtest4  (cost=5.52..425.36 rows=106 width=125)
	  Recheck Cond: ((k >= 6373173) AND (k <= 6373273))
	  ->  Bitmap Index Scan on k_4  (cost=0.00..5.50 rows=106 width=0)
	        Index Cond: ((k >= 6373173) AND (k <= 6373273))

table 5 : explain SELECT k, c FROM sbtest5 WHERE k BETWEEN 6373173 AND 6373273
	Bitmap Heap Scan on sbtest5  (cost=5.49..413.51 rows=103 width=125)
	  Recheck Cond: ((k >= 6373173) AND (k <= 6373273))
	  ->  Bitmap Index Scan on k_5  (cost=0.00..5.46 rows=103 width=0)
	        Index Cond: ((k >= 6373173) AND (k <= 6373273))

table 6 : explain SELECT k, c FROM sbtest6 WHERE k BETWEEN 6373173 AND 6373273
	Bitmap Heap Scan on sbtest6  (cost=5.41..381.93 rows=95 width=125)
	  Recheck Cond: ((k >= 6373173) AND (k <= 6373273))
	  ->  Bitmap Index Scan on k_6  (cost=0.00..5.38 rows=95 width=0)
	        Index Cond: ((k >= 6373173) AND (k <= 6373273))

table 7 : explain SELECT k, c FROM sbtest7 WHERE k BETWEEN 6373173 AND 6373273
	Bitmap Heap Scan on sbtest7  (cost=5.45..397.73 rows=99 width=125)
	  Recheck Cond: ((k >= 6373173) AND (k <= 6373273))
	  ->  Bitmap Index Scan on k_7  (cost=0.00..5.42 rows=99 width=0)
	        Index Cond: ((k >= 6373173) AND (k <= 6373273))

table 8 : explain SELECT k, c FROM sbtest8 WHERE k BETWEEN 6373173 AND 6373273
	Bitmap Heap Scan on sbtest8  (cost=5.46..401.68 rows=100 width=125)
	  Recheck Cond: ((k >= 6373173) AND (k <= 6373273))
	  ->  Bitmap Index Scan on k_8  (cost=0.00..5.43 rows=100 width=0)
	        Index Cond: ((k >= 6373173) AND (k <= 6373273))

for range-notcovered
table 1 : explain SELECT k, c FROM sbtest1 WHERE k BETWEEN 1519737 AND 1519837
	Bitmap Heap Scan on sbtest1  (cost=5.45..397.73 rows=99 width=125)
	  Recheck Cond: ((k >= 1519737) AND (k <= 1519837))
	  ->  Bitmap Index Scan on k_1  (cost=0.00..5.42 rows=99 width=0)
	        Index Cond: ((k >= 1519737) AND (k <= 1519837))

table 2 : explain SELECT k, c FROM sbtest2 WHERE k BETWEEN 1519737 AND 1519837
	Bitmap Heap Scan on sbtest2  (cost=5.52..425.35 rows=106 width=125)
	  Recheck Cond: ((k >= 1519737) AND (k <= 1519837))
	  ->  Bitmap Index Scan on k_2  (cost=0.00..5.50 rows=106 width=0)
	        Index Cond: ((k >= 1519737) AND (k <= 1519837))

table 3 : explain SELECT k, c FROM sbtest3 WHERE k BETWEEN 1519737 AND 1519837
	Bitmap Heap Scan on sbtest3  (cost=5.50..417.45 rows=104 width=125)
	  Recheck Cond: ((k >= 1519737) AND (k <= 1519837))
	  ->  Bitmap Index Scan on k_3  (cost=0.00..5.47 rows=104 width=0)
	        Index Cond: ((k >= 1519737) AND (k <= 1519837))

table 4 : explain SELECT k, c FROM sbtest4 WHERE k BETWEEN 1519737 AND 1519837
	Bitmap Heap Scan on sbtest4  (cost=5.39..374.05 rows=93 width=125)
	  Recheck Cond: ((k >= 1519737) AND (k <= 1519837))
	  ->  Bitmap Index Scan on k_4  (cost=0.00..5.36 rows=93 width=0)
	        Index Cond: ((k >= 1519737) AND (k <= 1519837))

table 5 : explain SELECT k, c FROM sbtest5 WHERE k BETWEEN 1519737 AND 1519837
	Bitmap Heap Scan on sbtest5  (cost=5.52..425.35 rows=106 width=125)
	  Recheck Cond: ((k >= 1519737) AND (k <= 1519837))
	  ->  Bitmap Index Scan on k_5  (cost=0.00..5.50 rows=106 width=0)
	        Index Cond: ((k >= 1519737) AND (k <= 1519837))

table 6 : explain SELECT k, c FROM sbtest6 WHERE k BETWEEN 1519737 AND 1519837
	Bitmap Heap Scan on sbtest6  (cost=5.44..393.78 rows=98 width=125)
	  Recheck Cond: ((k >= 1519737) AND (k <= 1519837))
	  ->  Bitmap Index Scan on k_6  (cost=0.00..5.42 rows=98 width=0)
	        Index Cond: ((k >= 1519737) AND (k <= 1519837))

table 7 : explain SELECT k, c FROM sbtest7 WHERE k BETWEEN 1519737 AND 1519837
	Bitmap Heap Scan on sbtest7  (cost=5.70..492.34 rows=123 width=125)
	  Recheck Cond: ((k >= 1519737) AND (k <= 1519837))
	  ->  Bitmap Index Scan on k_7  (cost=0.00..5.67 rows=123 width=0)
	        Index Cond: ((k >= 1519737) AND (k <= 1519837))

table 8 : explain SELECT k, c FROM sbtest8 WHERE k BETWEEN 1519737 AND 1519837
	Bitmap Heap Scan on sbtest8  (cost=5.55..437.18 rows=109 width=125)
	  Recheck Cond: ((k >= 1519737) AND (k <= 1519837))
	  ->  Bitmap Index Scan on k_8  (cost=0.00..5.52 rows=109 width=0)
	        Index Cond: ((k >= 1519737) AND (k <= 1519837))


for range-notcovered
table 1 : explain SELECT k, c FROM sbtest1 WHERE k BETWEEN 9404245 AND 9404345
	Bitmap Heap Scan on sbtest1  (cost=5.51..421.40 rows=105 width=125)
	  Recheck Cond: ((k >= 9404245) AND (k <= 9404345))
	  ->  Bitmap Index Scan on k_1  (cost=0.00..5.48 rows=105 width=0)
	        Index Cond: ((k >= 9404245) AND (k <= 9404345))

table 2 : explain SELECT k, c FROM sbtest2 WHERE k BETWEEN 9404245 AND 9404345
	Bitmap Heap Scan on sbtest2  (cost=5.47..405.62 rows=101 width=125)
	  Recheck Cond: ((k >= 9404245) AND (k <= 9404345))
	  ->  Bitmap Index Scan on k_2  (cost=0.00..5.44 rows=101 width=0)
	        Index Cond: ((k >= 9404245) AND (k <= 9404345))

table 3 : explain SELECT k, c FROM sbtest3 WHERE k BETWEEN 9404245 AND 9404345
	Bitmap Heap Scan on sbtest3  (cost=5.48..409.56 rows=102 width=125)
	  Recheck Cond: ((k >= 9404245) AND (k <= 9404345))
	  ->  Bitmap Index Scan on k_3  (cost=0.00..5.45 rows=102 width=0)
	        Index Cond: ((k >= 9404245) AND (k <= 9404345))

table 4 : explain SELECT k, c FROM sbtest4 WHERE k BETWEEN 9404245 AND 9404345
	Bitmap Heap Scan on sbtest4  (cost=5.45..397.74 rows=99 width=125)
	  Recheck Cond: ((k >= 9404245) AND (k <= 9404345))
	  ->  Bitmap Index Scan on k_4  (cost=0.00..5.42 rows=99 width=0)
	        Index Cond: ((k >= 9404245) AND (k <= 9404345))

table 5 : explain SELECT k, c FROM sbtest5 WHERE k BETWEEN 9404245 AND 9404345
	Bitmap Heap Scan on sbtest5  (cost=5.61..460.83 rows=115 width=125)
	  Recheck Cond: ((k >= 9404245) AND (k <= 9404345))
	  ->  Bitmap Index Scan on k_5  (cost=0.00..5.58 rows=115 width=0)
	        Index Cond: ((k >= 9404245) AND (k <= 9404345))

table 6 : explain SELECT k, c FROM sbtest6 WHERE k BETWEEN 9404245 AND 9404345
	Bitmap Heap Scan on sbtest6  (cost=5.42..385.88 rows=96 width=125)
	  Recheck Cond: ((k >= 9404245) AND (k <= 9404345))
	  ->  Bitmap Index Scan on k_6  (cost=0.00..5.39 rows=96 width=0)
	        Index Cond: ((k >= 9404245) AND (k <= 9404345))

table 7 : explain SELECT k, c FROM sbtest7 WHERE k BETWEEN 9404245 AND 9404345
	Bitmap Heap Scan on sbtest7  (cost=5.45..397.73 rows=99 width=125)
	  Recheck Cond: ((k >= 9404245) AND (k <= 9404345))
	  ->  Bitmap Index Scan on k_7  (cost=0.00..5.42 rows=99 width=0)
	        Index Cond: ((k >= 9404245) AND (k <= 9404345))

table 8 : explain SELECT k, c FROM sbtest8 WHERE k BETWEEN 9404245 AND 9404345
	Bitmap Heap Scan on sbtest8  (cost=5.45..397.73 rows=99 width=125)
	  Recheck Cond: ((k >= 9404245) AND (k <= 9404345))
	  ->  Bitmap Index Scan on k_8  (cost=0.00..5.42 rows=99 width=0)
	        Index Cond: ((k >= 9404245) AND (k <= 9404345))

for range-notcovered
table 1 : explain SELECT k, c FROM sbtest1 WHERE k BETWEEN 7980482 AND 7980582
	Bitmap Heap Scan on sbtest1  (cost=5.47..405.62 rows=101 width=125)
	  Recheck Cond: ((k >= 7980482) AND (k <= 7980582))
	  ->  Bitmap Index Scan on k_1  (cost=0.00..5.44 rows=101 width=0)
	        Index Cond: ((k >= 7980482) AND (k <= 7980582))

table 2 : explain SELECT k, c FROM sbtest2 WHERE k BETWEEN 7980482 AND 7980582
	Bitmap Heap Scan on sbtest2  (cost=5.58..449.00 rows=112 width=125)
	  Recheck Cond: ((k >= 7980482) AND (k <= 7980582))
	  ->  Bitmap Index Scan on k_2  (cost=0.00..5.55 rows=112 width=0)
	        Index Cond: ((k >= 7980482) AND (k <= 7980582))

table 3 : explain SELECT k, c FROM sbtest3 WHERE k BETWEEN 7980482 AND 7980582
	Bitmap Heap Scan on sbtest3  (cost=5.63..468.69 rows=117 width=125)
	  Recheck Cond: ((k >= 7980482) AND (k <= 7980582))
	  ->  Bitmap Index Scan on k_3  (cost=0.00..5.60 rows=117 width=0)
	        Index Cond: ((k >= 7980482) AND (k <= 7980582))

table 4 : explain SELECT k, c FROM sbtest4 WHERE k BETWEEN 7980482 AND 7980582
	Bitmap Heap Scan on sbtest4  (cost=5.40..378.00 rows=94 width=125)
	  Recheck Cond: ((k >= 7980482) AND (k <= 7980582))
	  ->  Bitmap Index Scan on k_4  (cost=0.00..5.38 rows=94 width=0)
	        Index Cond: ((k >= 7980482) AND (k <= 7980582))

table 5 : explain SELECT k, c FROM sbtest5 WHERE k BETWEEN 7980482 AND 7980582
	Bitmap Heap Scan on sbtest5  (cost=5.70..492.34 rows=123 width=125)
	  Recheck Cond: ((k >= 7980482) AND (k <= 7980582))
	  ->  Bitmap Index Scan on k_5  (cost=0.00..5.67 rows=123 width=0)
	        Index Cond: ((k >= 7980482) AND (k <= 7980582))

table 6 : explain SELECT k, c FROM sbtest6 WHERE k BETWEEN 7980482 AND 7980582
	Bitmap Heap Scan on sbtest6  (cost=5.41..381.93 rows=95 width=125)
	  Recheck Cond: ((k >= 7980482) AND (k <= 7980582))
	  ->  Bitmap Index Scan on k_6  (cost=0.00..5.38 rows=95 width=0)
	        Index Cond: ((k >= 7980482) AND (k <= 7980582))

table 7 : explain SELECT k, c FROM sbtest7 WHERE k BETWEEN 7980482 AND 7980582
	Bitmap Heap Scan on sbtest7  (cost=5.47..405.63 rows=101 width=125)
	  Recheck Cond: ((k >= 7980482) AND (k <= 7980582))
	  ->  Bitmap Index Scan on k_7  (cost=0.00..5.44 rows=101 width=0)
	        Index Cond: ((k >= 7980482) AND (k <= 7980582))

table 8 : explain SELECT k, c FROM sbtest8 WHERE k BETWEEN 7980482 AND 7980582
	Bitmap Heap Scan on sbtest8  (cost=5.38..370.10 rows=92 width=125)
	  Recheck Cond: ((k >= 7980482) AND (k <= 7980582))
	  ->  Bitmap Index Scan on k_8  (cost=0.00..5.35 rows=92 width=0)
	        Index Cond: ((k >= 7980482) AND (k <= 7980582))

for range-notcovered
table 1 : explain SELECT k, c FROM sbtest1 WHERE k BETWEEN 5049096 AND 5049196
	Bitmap Heap Scan on sbtest1  (cost=5.46..401.68 rows=100 width=125)
	  Recheck Cond: ((k >= 5049096) AND (k <= 5049196))
	  ->  Bitmap Index Scan on k_1  (cost=0.00..5.43 rows=100 width=0)
	        Index Cond: ((k >= 5049096) AND (k <= 5049196))

table 2 : explain SELECT k, c FROM sbtest2 WHERE k BETWEEN 5049096 AND 5049196
	Bitmap Heap Scan on sbtest2  (cost=5.47..405.62 rows=101 width=125)
	  Recheck Cond: ((k >= 5049096) AND (k <= 5049196))
	  ->  Bitmap Index Scan on k_2  (cost=0.00..5.44 rows=101 width=0)
	        Index Cond: ((k >= 5049096) AND (k <= 5049196))

table 3 : explain SELECT k, c FROM sbtest3 WHERE k BETWEEN 5049096 AND 5049196
	Bitmap Heap Scan on sbtest3  (cost=5.48..409.56 rows=102 width=125)
	  Recheck Cond: ((k >= 5049096) AND (k <= 5049196))
	  ->  Bitmap Index Scan on k_3  (cost=0.00..5.45 rows=102 width=0)
	        Index Cond: ((k >= 5049096) AND (k <= 5049196))

table 4 : explain SELECT k, c FROM sbtest4 WHERE k BETWEEN 5049096 AND 5049196
	Bitmap Heap Scan on sbtest4  (cost=5.49..413.52 rows=103 width=125)
	  Recheck Cond: ((k >= 5049096) AND (k <= 5049196))
	  ->  Bitmap Index Scan on k_4  (cost=0.00..5.46 rows=103 width=0)
	        Index Cond: ((k >= 5049096) AND (k <= 5049196))

table 5 : explain SELECT k, c FROM sbtest5 WHERE k BETWEEN 5049096 AND 5049196
	Bitmap Heap Scan on sbtest5  (cost=5.63..468.71 rows=117 width=125)
	  Recheck Cond: ((k >= 5049096) AND (k <= 5049196))
	  ->  Bitmap Index Scan on k_5  (cost=0.00..5.60 rows=117 width=0)
	        Index Cond: ((k >= 5049096) AND (k <= 5049196))

table 6 : explain SELECT k, c FROM sbtest6 WHERE k BETWEEN 5049096 AND 5049196
	Bitmap Heap Scan on sbtest6  (cost=5.44..393.78 rows=98 width=125)
	  Recheck Cond: ((k >= 5049096) AND (k <= 5049196))
	  ->  Bitmap Index Scan on k_6  (cost=0.00..5.42 rows=98 width=0)
	        Index Cond: ((k >= 5049096) AND (k <= 5049196))

table 7 : explain SELECT k, c FROM sbtest7 WHERE k BETWEEN 5049096 AND 5049196
	Bitmap Heap Scan on sbtest7  (cost=5.41..381.94 rows=95 width=125)
	  Recheck Cond: ((k >= 5049096) AND (k <= 5049196))
	  ->  Bitmap Index Scan on k_7  (cost=0.00..5.38 rows=95 width=0)
	        Index Cond: ((k >= 5049096) AND (k <= 5049196))

table 8 : explain SELECT k, c FROM sbtest8 WHERE k BETWEEN 5049096 AND 5049196
	Bitmap Heap Scan on sbtest8  (cost=5.57..445.06 rows=111 width=125)
	  Recheck Cond: ((k >= 5049096) AND (k <= 5049196))
	  ->  Bitmap Index Scan on k_8  (cost=0.00..5.54 rows=111 width=0)
	        Index Cond: ((k >= 5049096) AND (k <= 5049196))
for range-notcovered
table 1 : explain SELECT k, c FROM sbtest1 WHERE k BETWEEN 7583462 AND 7583562
	Bitmap Heap Scan on sbtest1  (cost=5.53..429.29 rows=107 width=125)
	  Recheck Cond: ((k >= 7583462) AND (k <= 7583562))
	  ->  Bitmap Index Scan on k_1  (cost=0.00..5.50 rows=107 width=0)
	        Index Cond: ((k >= 7583462) AND (k <= 7583562))

table 2 : explain SELECT k, c FROM sbtest2 WHERE k BETWEEN 7583462 AND 7583562
	Bitmap Heap Scan on sbtest2  (cost=5.53..429.29 rows=107 width=125)
	  Recheck Cond: ((k >= 7583462) AND (k <= 7583562))
	  ->  Bitmap Index Scan on k_2  (cost=0.00..5.50 rows=107 width=0)
	        Index Cond: ((k >= 7583462) AND (k <= 7583562))

table 3 : explain SELECT k, c FROM sbtest3 WHERE k BETWEEN 7583462 AND 7583562
	Bitmap Heap Scan on sbtest3  (cost=5.40..377.99 rows=94 width=125)
	  Recheck Cond: ((k >= 7583462) AND (k <= 7583562))
	  ->  Bitmap Index Scan on k_3  (cost=0.00..5.38 rows=94 width=0)
	        Index Cond: ((k >= 7583462) AND (k <= 7583562))

table 4 : explain SELECT k, c FROM sbtest4 WHERE k BETWEEN 7583462 AND 7583562
	Bitmap Heap Scan on sbtest4  (cost=5.42..385.90 rows=96 width=125)
	  Recheck Cond: ((k >= 7583462) AND (k <= 7583562))
	  ->  Bitmap Index Scan on k_4  (cost=0.00..5.39 rows=96 width=0)
	        Index Cond: ((k >= 7583462) AND (k <= 7583562))

table 5 : explain SELECT k, c FROM sbtest5 WHERE k BETWEEN 7583462 AND 7583562
	Bitmap Heap Scan on sbtest5  (cost=5.47..405.62 rows=101 width=125)
	  Recheck Cond: ((k >= 7583462) AND (k <= 7583562))
	  ->  Bitmap Index Scan on k_5  (cost=0.00..5.44 rows=101 width=0)
	        Index Cond: ((k >= 7583462) AND (k <= 7583562))

table 6 : explain SELECT k, c FROM sbtest6 WHERE k BETWEEN 7583462 AND 7583562
	Bitmap Heap Scan on sbtest6  (cost=5.48..409.56 rows=102 width=125)
	  Recheck Cond: ((k >= 7583462) AND (k <= 7583562))
	  ->  Bitmap Index Scan on k_6  (cost=0.00..5.45 rows=102 width=0)
	        Index Cond: ((k >= 7583462) AND (k <= 7583562))

table 7 : explain SELECT k, c FROM sbtest7 WHERE k BETWEEN 7583462 AND 7583562
	Bitmap Heap Scan on sbtest7  (cost=5.46..401.68 rows=100 width=125)
	  Recheck Cond: ((k >= 7583462) AND (k <= 7583562))
	  ->  Bitmap Index Scan on k_7  (cost=0.00..5.43 rows=100 width=0)
	        Index Cond: ((k >= 7583462) AND (k <= 7583562))

table 8 : explain SELECT k, c FROM sbtest8 WHERE k BETWEEN 7583462 AND 7583562
	Bitmap Heap Scan on sbtest8  (cost=5.56..441.12 rows=110 width=125)
	  Recheck Cond: ((k >= 7583462) AND (k <= 7583562))
	  ->  Bitmap Index Scan on k_8  (cost=0.00..5.53 rows=110 width=0)
	        Index Cond: ((k >= 7583462) AND (k <= 7583562))


for range-notcovered
table 1 : explain SELECT k, c FROM sbtest1 WHERE k BETWEEN 4845292 AND 4845392
	Bitmap Heap Scan on sbtest1  (cost=5.54..433.23 rows=108 width=125)
	  Recheck Cond: ((k >= 4845292) AND (k <= 4845392))
	  ->  Bitmap Index Scan on k_1  (cost=0.00..5.51 rows=108 width=0)
	        Index Cond: ((k >= 4845292) AND (k <= 4845392))

table 2 : explain SELECT k, c FROM sbtest2 WHERE k BETWEEN 4845292 AND 4845392
	Bitmap Heap Scan on sbtest2  (cost=5.48..409.57 rows=102 width=125)
	  Recheck Cond: ((k >= 4845292) AND (k <= 4845392))
	  ->  Bitmap Index Scan on k_2  (cost=0.00..5.45 rows=102 width=0)
	        Index Cond: ((k >= 4845292) AND (k <= 4845392))

table 3 : explain SELECT k, c FROM sbtest3 WHERE k BETWEEN 4845292 AND 4845392
	Bitmap Heap Scan on sbtest3  (cost=5.48..409.56 rows=102 width=125)
	  Recheck Cond: ((k >= 4845292) AND (k <= 4845392))
	  ->  Bitmap Index Scan on k_3  (cost=0.00..5.45 rows=102 width=0)
	        Index Cond: ((k >= 4845292) AND (k <= 4845392))

table 4 : explain SELECT k, c FROM sbtest4 WHERE k BETWEEN 4845292 AND 4845392
	Bitmap Heap Scan on sbtest4  (cost=5.48..409.58 rows=102 width=125)
	  Recheck Cond: ((k >= 4845292) AND (k <= 4845392))
	  ->  Bitmap Index Scan on k_4  (cost=0.00..5.45 rows=102 width=0)
	        Index Cond: ((k >= 4845292) AND (k <= 4845392))

table 5 : explain SELECT k, c FROM sbtest5 WHERE k BETWEEN 4845292 AND 4845392
	Bitmap Heap Scan on sbtest5  (cost=5.43..389.84 rows=97 width=125)
	  Recheck Cond: ((k >= 4845292) AND (k <= 4845392))
	  ->  Bitmap Index Scan on k_5  (cost=0.00..5.40 rows=97 width=0)
	        Index Cond: ((k >= 4845292) AND (k <= 4845392))

table 6 : explain SELECT k, c FROM sbtest6 WHERE k BETWEEN 4845292 AND 4845392
	Bitmap Heap Scan on sbtest6  (cost=5.51..421.39 rows=105 width=125)
	  Recheck Cond: ((k >= 4845292) AND (k <= 4845392))
	  ->  Bitmap Index Scan on k_6  (cost=0.00..5.48 rows=105 width=0)
	        Index Cond: ((k >= 4845292) AND (k <= 4845392))

table 7 : explain SELECT k, c FROM sbtest7 WHERE k BETWEEN 4845292 AND 4845392
	Bitmap Heap Scan on sbtest7  (cost=5.53..429.29 rows=107 width=125)
	  Recheck Cond: ((k >= 4845292) AND (k <= 4845392))
	  ->  Bitmap Index Scan on k_7  (cost=0.00..5.50 rows=107 width=0)
	        Index Cond: ((k >= 4845292) AND (k <= 4845392))

table 8 : explain SELECT k, c FROM sbtest8 WHERE k BETWEEN 4845292 AND 4845392
	Bitmap Heap Scan on sbtest8  (cost=5.56..441.12 rows=110 width=125)
	  Recheck Cond: ((k >= 4845292) AND (k <= 4845392))
	  ->  Bitmap Index Scan on k_8  (cost=0.00..5.53 rows=110 width=0)
	        Index Cond: ((k >= 4845292) AND (k <= 4845392))
explain: for range-notcovered :: explain SELECT k, c FROM sbtest%d WHERE k BETWEEN 9404245 AND 9404345
explain: for range-notcovered :: explain SELECT k, c FROM sbtest%d WHERE k BETWEEN 3177838 AND 3177938
for range-notcovered
table 1 : explain SELECT k, c FROM sbtest1 WHERE k BETWEEN 5583038 AND 5583138
	Bitmap Heap Scan on sbtest1  (cost=5.60..456.88 rows=114 width=125)
	  Recheck Cond: ((k >= 5583038) AND (k <= 5583138))
	  ->  Bitmap Index Scan on k_1  (cost=0.00..5.58 rows=114 width=0)
	        Index Cond: ((k >= 5583038) AND (k <= 5583138))

table 2 : explain SELECT k, c FROM sbtest2 WHERE k BETWEEN 5583038 AND 5583138
	Bitmap Heap Scan on sbtest2  (cost=5.47..405.62 rows=101 width=125)
	  Recheck Cond: ((k >= 5583038) AND (k <= 5583138))
	  ->  Bitmap Index Scan on k_2  (cost=0.00..5.44 rows=101 width=0)
	        Index Cond: ((k >= 5583038) AND (k <= 5583138))

table 3 : explain SELECT k, c FROM sbtest3 WHERE k BETWEEN 5583038 AND 5583138
	Bitmap Heap Scan on sbtest3  (cost=5.43..389.83 rows=97 width=125)
	  Recheck Cond: ((k >= 5583038) AND (k <= 5583138))
	  ->  Bitmap Index Scan on k_3  (cost=0.00..5.40 rows=97 width=0)
	        Index Cond: ((k >= 5583038) AND (k <= 5583138))

table 4 : explain SELECT k, c FROM sbtest4 WHERE k BETWEEN 5583038 AND 5583138
	Bitmap Heap Scan on sbtest4  (cost=5.51..421.41 rows=105 width=125)
	  Recheck Cond: ((k >= 5583038) AND (k <= 5583138))
	  ->  Bitmap Index Scan on k_4  (cost=0.00..5.48 rows=105 width=0)
	        Index Cond: ((k >= 5583038) AND (k <= 5583138))

table 5 : explain SELECT k, c FROM sbtest5 WHERE k BETWEEN 5583038 AND 5583138
	Bitmap Heap Scan on sbtest5  (cost=5.43..389.84 rows=97 width=125)
	  Recheck Cond: ((k >= 5583038) AND (k <= 5583138))
	  ->  Bitmap Index Scan on k_5  (cost=0.00..5.40 rows=97 width=0)
	        Index Cond: ((k >= 5583038) AND (k <= 5583138))

table 6 : explain SELECT k, c FROM sbtest6 WHERE k BETWEEN 5583038 AND 5583138
	Bitmap Heap Scan on sbtest6  (cost=5.52..425.34 rows=106 width=125)
	  Recheck Cond: ((k >= 5583038) AND (k <= 5583138))
	  ->  Bitmap Index Scan on k_6  (cost=0.00..5.50 rows=106 width=0)
	        Index Cond: ((k >= 5583038) AND (k <= 5583138))

table 7 : explain SELECT k, c FROM sbtest7 WHERE k BETWEEN 5583038 AND 5583138
	Bitmap Heap Scan on sbtest7  (cost=5.44..393.79 rows=98 width=125)
	  Recheck Cond: ((k >= 5583038) AND (k <= 5583138))
	  ->  Bitmap Index Scan on k_7  (cost=0.00..5.42 rows=98 width=0)
	        Index Cond: ((k >= 5583038) AND (k <= 5583138))

table 8 : explain SELECT k, c FROM sbtest8 WHERE k BETWEEN 5583038 AND 5583138
	Bitmap Heap Scan on sbtest8  (cost=5.56..441.12 rows=110 width=125)
	  Recheck Cond: ((k >= 5583038) AND (k <= 5583138))
	  ->  Bitmap Index Scan on k_8  (cost=0.00..5.53 rows=110 width=0)
	        Index Cond: ((k >= 5583038) AND (k <= 5583138))

for range-notcovered
table 1 : explain SELECT k, c FROM sbtest1 WHERE k BETWEEN 7738119 AND 7738219
	Bitmap Heap Scan on sbtest1  (cost=5.41..381.94 rows=95 width=125)
	  Recheck Cond: ((k >= 7738119) AND (k <= 7738219))
	  ->  Bitmap Index Scan on k_1  (cost=0.00..5.38 rows=95 width=0)
	        Index Cond: ((k >= 7738119) AND (k <= 7738219))

table 2 : explain SELECT k, c FROM sbtest2 WHERE k BETWEEN 7738119 AND 7738219
	Bitmap Heap Scan on sbtest2  (cost=5.57..445.06 rows=111 width=125)
	  Recheck Cond: ((k >= 7738119) AND (k <= 7738219))
	  ->  Bitmap Index Scan on k_2  (cost=0.00..5.54 rows=111 width=0)
	        Index Cond: ((k >= 7738119) AND (k <= 7738219))

table 3 : explain SELECT k, c FROM sbtest3 WHERE k BETWEEN 7738119 AND 7738219
	Bitmap Heap Scan on sbtest3  (cost=5.54..433.22 rows=108 width=125)
	  Recheck Cond: ((k >= 7738119) AND (k <= 7738219))
	  ->  Bitmap Index Scan on k_3  (cost=0.00..5.51 rows=108 width=0)
	        Index Cond: ((k >= 7738119) AND (k <= 7738219))

table 4 : explain SELECT k, c FROM sbtest4 WHERE k BETWEEN 7738119 AND 7738219
	Bitmap Heap Scan on sbtest4  (cost=5.46..401.69 rows=100 width=125)
	  Recheck Cond: ((k >= 7738119) AND (k <= 7738219))
	  ->  Bitmap Index Scan on k_4  (cost=0.00..5.43 rows=100 width=0)
	        Index Cond: ((k >= 7738119) AND (k <= 7738219))

table 5 : explain SELECT k, c FROM sbtest5 WHERE k BETWEEN 7738119 AND 7738219
	Bitmap Heap Scan on sbtest5  (cost=5.42..385.89 rows=96 width=125)
	  Recheck Cond: ((k >= 7738119) AND (k <= 7738219))
	  ->  Bitmap Index Scan on k_5  (cost=0.00..5.39 rows=96 width=0)
	        Index Cond: ((k >= 7738119) AND (k <= 7738219))

table 6 : explain SELECT k, c FROM sbtest6 WHERE k BETWEEN 7738119 AND 7738219
	Bitmap Heap Scan on sbtest6  (cost=5.44..393.78 rows=98 width=125)
	  Recheck Cond: ((k >= 7738119) AND (k <= 7738219))
	  ->  Bitmap Index Scan on k_6  (cost=0.00..5.42 rows=98 width=0)
	        Index Cond: ((k >= 7738119) AND (k <= 7738219))

table 7 : explain SELECT k, c FROM sbtest7 WHERE k BETWEEN 7738119 AND 7738219
	Bitmap Heap Scan on sbtest7  (cost=5.50..417.46 rows=104 width=125)
	  Recheck Cond: ((k >= 7738119) AND (k <= 7738219))
	  ->  Bitmap Index Scan on k_7  (cost=0.00..5.47 rows=104 width=0)
	        Index Cond: ((k >= 7738119) AND (k <= 7738219))

table 8 : explain SELECT k, c FROM sbtest8 WHERE k BETWEEN 7738119 AND 7738219
	Bitmap Heap Scan on sbtest8  (cost=5.45..397.73 rows=99 width=125)
	  Recheck Cond: ((k >= 7738119) AND (k <= 7738219))
	  ->  Bitmap Index Scan on k_8  (cost=0.00..5.42 rows=99 width=0)
	        Index Cond: ((k >= 7738119) AND (k <= 7738219))

for range-notcovered
table 1 : explain SELECT k, c FROM sbtest1 WHERE k BETWEEN 4395274 AND 4395374
	Bitmap Heap Scan on sbtest1  (cost=5.45..397.73 rows=99 width=125)
	  Recheck Cond: ((k >= 4395274) AND (k <= 4395374))
	  ->  Bitmap Index Scan on k_1  (cost=0.00..5.42 rows=99 width=0)
	        Index Cond: ((k >= 4395274) AND (k <= 4395374))

table 2 : explain SELECT k, c FROM sbtest2 WHERE k BETWEEN 4395274 AND 4395374
	Bitmap Heap Scan on sbtest2  (cost=5.50..417.46 rows=104 width=125)
	  Recheck Cond: ((k >= 4395274) AND (k <= 4395374))
	  ->  Bitmap Index Scan on k_2  (cost=0.00..5.47 rows=104 width=0)
	        Index Cond: ((k >= 4395274) AND (k <= 4395374))

table 3 : explain SELECT k, c FROM sbtest3 WHERE k BETWEEN 4395274 AND 4395374
	Bitmap Heap Scan on sbtest3  (cost=5.41..381.94 rows=95 width=125)
	  Recheck Cond: ((k >= 4395274) AND (k <= 4395374))
	  ->  Bitmap Index Scan on k_3  (cost=0.00..5.38 rows=95 width=0)
	        Index Cond: ((k >= 4395274) AND (k <= 4395374))

table 4 : explain SELECT k, c FROM sbtest4 WHERE k BETWEEN 4395274 AND 4395374
	Bitmap Heap Scan on sbtest4  (cost=5.48..409.58 rows=102 width=125)
	  Recheck Cond: ((k >= 4395274) AND (k <= 4395374))
	  ->  Bitmap Index Scan on k_4  (cost=0.00..5.45 rows=102 width=0)
	        Index Cond: ((k >= 4395274) AND (k <= 4395374))

table 5 : explain SELECT k, c FROM sbtest5 WHERE k BETWEEN 4395274 AND 4395374
	Bitmap Heap Scan on sbtest5  (cost=5.45..397.73 rows=99 width=125)
	  Recheck Cond: ((k >= 4395274) AND (k <= 4395374))
	  ->  Bitmap Index Scan on k_5  (cost=0.00..5.42 rows=99 width=0)
	        Index Cond: ((k >= 4395274) AND (k <= 4395374))

table 6 : explain SELECT k, c FROM sbtest6 WHERE k BETWEEN 4395274 AND 4395374
	Bitmap Heap Scan on sbtest6  (cost=5.50..417.45 rows=104 width=125)
	  Recheck Cond: ((k >= 4395274) AND (k <= 4395374))
	  ->  Bitmap Index Scan on k_6  (cost=0.00..5.47 rows=104 width=0)
	        Index Cond: ((k >= 4395274) AND (k <= 4395374))

table 7 : explain SELECT k, c FROM sbtest7 WHERE k BETWEEN 4395274 AND 4395374
	Bitmap Heap Scan on sbtest7  (cost=5.50..417.46 rows=104 width=125)
	  Recheck Cond: ((k >= 4395274) AND (k <= 4395374))
	  ->  Bitmap Index Scan on k_7  (cost=0.00..5.47 rows=104 width=0)
	        Index Cond: ((k >= 4395274) AND (k <= 4395374))

table 8 : explain SELECT k, c FROM sbtest8 WHERE k BETWEEN 4395274 AND 4395374
	Bitmap Heap Scan on sbtest8  (cost=5.49..413.52 rows=103 width=125)
	  Recheck Cond: ((k >= 4395274) AND (k <= 4395374))
	  ->  Bitmap Index Scan on k_8  (cost=0.00..5.46 rows=103 width=0)
	        Index Cond: ((k >= 4395274) AND (k <= 4395374))
for range-notcovered
table 1 : explain SELECT k, c FROM sbtest1 WHERE k BETWEEN 2288614 AND 2288714
	Bitmap Heap Scan on sbtest1  (cost=5.56..441.12 rows=110 width=125)
	  Recheck Cond: ((k >= 2288614) AND (k <= 2288714))
	  ->  Bitmap Index Scan on k_1  (cost=0.00..5.53 rows=110 width=0)
	        Index Cond: ((k >= 2288614) AND (k <= 2288714))

table 2 : explain SELECT k, c FROM sbtest2 WHERE k BETWEEN 2288614 AND 2288714
	Bitmap Heap Scan on sbtest2  (cost=5.41..381.94 rows=95 width=125)
	  Recheck Cond: ((k >= 2288614) AND (k <= 2288714))
	  ->  Bitmap Index Scan on k_2  (cost=0.00..5.38 rows=95 width=0)
	        Index Cond: ((k >= 2288614) AND (k <= 2288714))

table 3 : explain SELECT k, c FROM sbtest3 WHERE k BETWEEN 2288614 AND 2288714
	Bitmap Heap Scan on sbtest3  (cost=5.49..413.51 rows=103 width=125)
	  Recheck Cond: ((k >= 2288614) AND (k <= 2288714))
	  ->  Bitmap Index Scan on k_3  (cost=0.00..5.46 rows=103 width=0)
	        Index Cond: ((k >= 2288614) AND (k <= 2288714))

table 4 : explain SELECT k, c FROM sbtest4 WHERE k BETWEEN 2288614 AND 2288714
	Bitmap Heap Scan on sbtest4  (cost=5.35..358.25 rows=89 width=125)
	  Recheck Cond: ((k >= 2288614) AND (k <= 2288714))
	  ->  Bitmap Index Scan on k_4  (cost=0.00..5.32 rows=89 width=0)
	        Index Cond: ((k >= 2288614) AND (k <= 2288714))

table 5 : explain SELECT k, c FROM sbtest5 WHERE k BETWEEN 2288614 AND 2288714
	Bitmap Heap Scan on sbtest5  (cost=5.53..429.29 rows=107 width=125)
	  Recheck Cond: ((k >= 2288614) AND (k <= 2288714))
	  ->  Bitmap Index Scan on k_5  (cost=0.00..5.50 rows=107 width=0)
	        Index Cond: ((k >= 2288614) AND (k <= 2288714))

table 6 : explain SELECT k, c FROM sbtest6 WHERE k BETWEEN 2288614 AND 2288714
	Bitmap Heap Scan on sbtest6  (cost=5.48..409.56 rows=102 width=125)
	  Recheck Cond: ((k >= 2288614) AND (k <= 2288714))
	  ->  Bitmap Index Scan on k_6  (cost=0.00..5.45 rows=102 width=0)
	        Index Cond: ((k >= 2288614) AND (k <= 2288714))

table 7 : explain SELECT k, c FROM sbtest7 WHERE k BETWEEN 2288614 AND 2288714
	Bitmap Heap Scan on sbtest7  (cost=5.50..417.46 rows=104 width=125)
	  Recheck Cond: ((k >= 2288614) AND (k <= 2288714))
	  ->  Bitmap Index Scan on k_7  (cost=0.00..5.47 rows=104 width=0)
	        Index Cond: ((k >= 2288614) AND (k <= 2288714))

table 8 : explain SELECT k, c FROM sbtest8 WHERE k BETWEEN 2288614 AND 2288714
	Bitmap Heap Scan on sbtest8  (cost=5.46..401.68 rows=100 width=125)
	  Recheck Cond: ((k >= 2288614) AND (k <= 2288714))
	  ->  Bitmap Index Scan on k_8  (cost=0.00..5.43 rows=100 width=0)
	        Index Cond: ((k >= 2288614) AND (k <= 2288714))

for range-notcovered
table 1 : explain SELECT k, c FROM sbtest1 WHERE k BETWEEN 931144 AND 931244
	Bitmap Heap Scan on sbtest1  (cost=5.50..417.46 rows=104 width=125)
	  Recheck Cond: ((k >= 931144) AND (k <= 931244))
	  ->  Bitmap Index Scan on k_1  (cost=0.00..5.47 rows=104 width=0)
	        Index Cond: ((k >= 931144) AND (k <= 931244))

table 2 : explain SELECT k, c FROM sbtest2 WHERE k BETWEEN 931144 AND 931244
	Bitmap Heap Scan on sbtest2  (cost=5.48..409.57 rows=102 width=125)
	  Recheck Cond: ((k >= 931144) AND (k <= 931244))
	  ->  Bitmap Index Scan on k_2  (cost=0.00..5.45 rows=102 width=0)
	        Index Cond: ((k >= 931144) AND (k <= 931244))

table 3 : explain SELECT k, c FROM sbtest3 WHERE k BETWEEN 931144 AND 931244
	Bitmap Heap Scan on sbtest3  (cost=5.47..405.62 rows=101 width=125)
	  Recheck Cond: ((k >= 931144) AND (k <= 931244))
	  ->  Bitmap Index Scan on k_3  (cost=0.00..5.44 rows=101 width=0)
	        Index Cond: ((k >= 931144) AND (k <= 931244))

table 4 : explain SELECT k, c FROM sbtest4 WHERE k BETWEEN 931144 AND 931244
	Bitmap Heap Scan on sbtest4  (cost=5.46..401.69 rows=100 width=125)
	  Recheck Cond: ((k >= 931144) AND (k <= 931244))
	  ->  Bitmap Index Scan on k_4  (cost=0.00..5.43 rows=100 width=0)
	        Index Cond: ((k >= 931144) AND (k <= 931244))

table 5 : explain SELECT k, c FROM sbtest5 WHERE k BETWEEN 931144 AND 931244
	Bitmap Heap Scan on sbtest5  (cost=5.55..437.18 rows=109 width=125)
	  Recheck Cond: ((k >= 931144) AND (k <= 931244))
	  ->  Bitmap Index Scan on k_5  (cost=0.00..5.52 rows=109 width=0)
	        Index Cond: ((k >= 931144) AND (k <= 931244))

table 6 : explain SELECT k, c FROM sbtest6 WHERE k BETWEEN 931144 AND 931244
	Bitmap Heap Scan on sbtest6  (cost=5.42..385.88 rows=96 width=125)
	  Recheck Cond: ((k >= 931144) AND (k <= 931244))
	  ->  Bitmap Index Scan on k_6  (cost=0.00..5.39 rows=96 width=0)
	        Index Cond: ((k >= 931144) AND (k <= 931244))

table 7 : explain SELECT k, c FROM sbtest7 WHERE k BETWEEN 931144 AND 931244
	Bitmap Heap Scan on sbtest7  (cost=5.54..433.24 rows=108 width=125)
	  Recheck Cond: ((k >= 931144) AND (k <= 931244))
	  ->  Bitmap Index Scan on k_7  (cost=0.00..5.51 rows=108 width=0)
	        Index Cond: ((k >= 931144) AND (k <= 931244))

table 8 : explain SELECT k, c FROM sbtest8 WHERE k BETWEEN 931144 AND 931244
	Bitmap Heap Scan on sbtest8  (cost=5.46..401.68 rows=100 width=125)
	  Recheck Cond: ((k >= 931144) AND (k <= 931244))
	  ->  Bitmap Index Scan on k_8  (cost=0.00..5.43 rows=100 width=0)
	        Index Cond: ((k >= 931144) AND (k <= 931244))

explain: for range-notcovered :: explain SELECT k, c FROM sbtest%d WHERE k BETWEEN 1519737 AND 1519837
for range-notcovered
table 1 : explain SELECT k, c FROM sbtest1 WHERE k BETWEEN 531597 AND 531697
	Bitmap Heap Scan on sbtest1  (cost=5.48..409.57 rows=102 width=125)
	  Recheck Cond: ((k >= 531597) AND (k <= 531697))
	  ->  Bitmap Index Scan on k_1  (cost=0.00..5.45 rows=102 width=0)
	        Index Cond: ((k >= 531597) AND (k <= 531697))

table 2 : explain SELECT k, c FROM sbtest2 WHERE k BETWEEN 531597 AND 531697
	Bitmap Heap Scan on sbtest2  (cost=5.42..385.89 rows=96 width=125)
	  Recheck Cond: ((k >= 531597) AND (k <= 531697))
	  ->  Bitmap Index Scan on k_2  (cost=0.00..5.39 rows=96 width=0)
	        Index Cond: ((k >= 531597) AND (k <= 531697))

table 3 : explain SELECT k, c FROM sbtest3 WHERE k BETWEEN 531597 AND 531697
	Bitmap Heap Scan on sbtest3  (cost=5.47..405.62 rows=101 width=125)
	  Recheck Cond: ((k >= 531597) AND (k <= 531697))
	  ->  Bitmap Index Scan on k_3  (cost=0.00..5.44 rows=101 width=0)
	        Index Cond: ((k >= 531597) AND (k <= 531697))

table 4 : explain SELECT k, c FROM sbtest4 WHERE k BETWEEN 531597 AND 531697
	Bitmap Heap Scan on sbtest4  (cost=5.54..433.24 rows=108 width=125)
	  Recheck Cond: ((k >= 531597) AND (k <= 531697))
	  ->  Bitmap Index Scan on k_4  (cost=0.00..5.51 rows=108 width=0)
	        Index Cond: ((k >= 531597) AND (k <= 531697))

table 5 : explain SELECT k, c FROM sbtest5 WHERE k BETWEEN 531597 AND 531697
	Bitmap Heap Scan on sbtest5  (cost=5.60..456.88 rows=114 width=125)
	  Recheck Cond: ((k >= 531597) AND (k <= 531697))
	  ->  Bitmap Index Scan on k_5  (cost=0.00..5.58 rows=114 width=0)
	        Index Cond: ((k >= 531597) AND (k <= 531697))

table 6 : explain SELECT k, c FROM sbtest6 WHERE k BETWEEN 531597 AND 531697
	Bitmap Heap Scan on sbtest6  (cost=5.43..389.83 rows=97 width=125)
	  Recheck Cond: ((k >= 531597) AND (k <= 531697))
	  ->  Bitmap Index Scan on k_6  (cost=0.00..5.40 rows=97 width=0)
	        Index Cond: ((k >= 531597) AND (k <= 531697))

table 7 : explain SELECT k, c FROM sbtest7 WHERE k BETWEEN 531597 AND 531697
	Bitmap Heap Scan on sbtest7  (cost=5.60..456.89 rows=114 width=125)
	  Recheck Cond: ((k >= 531597) AND (k <= 531697))
	  ->  Bitmap Index Scan on k_7  (cost=0.00..5.58 rows=114 width=0)
	        Index Cond: ((k >= 531597) AND (k <= 531697))

table 8 : explain SELECT k, c FROM sbtest8 WHERE k BETWEEN 531597 AND 531697
	Bitmap Heap Scan on sbtest8  (cost=5.61..460.83 rows=115 width=125)
	  Recheck Cond: ((k >= 531597) AND (k <= 531697))
	  ->  Bitmap Index Scan on k_8  (cost=0.00..5.58 rows=115 width=0)
	        Index Cond: ((k >= 531597) AND (k <= 531697))


explain: for range-notcovered :: explain SELECT k, c FROM sbtest%d WHERE k BETWEEN 7738119 AND 7738219

explain: for range-notcovered :: explain SELECT k, c FROM sbtest%d WHERE k BETWEEN 931144 AND 931244
for range-notcovered
table 1 : explain SELECT k, c FROM sbtest1 WHERE k BETWEEN 6537529 AND 6537629
	Bitmap Heap Scan on sbtest1  (cost=5.47..405.62 rows=101 width=125)
	  Recheck Cond: ((k >= 6537529) AND (k <= 6537629))
	  ->  Bitmap Index Scan on k_1  (cost=0.00..5.44 rows=101 width=0)
	        Index Cond: ((k >= 6537529) AND (k <= 6537629))

table 2 : explain SELECT k, c FROM sbtest2 WHERE k BETWEEN 6537529 AND 6537629
	Bitmap Heap Scan on sbtest2  (cost=5.52..425.35 rows=106 width=125)
	  Recheck Cond: ((k >= 6537529) AND (k <= 6537629))
	  ->  Bitmap Index Scan on k_2  (cost=0.00..5.50 rows=106 width=0)
	        Index Cond: ((k >= 6537529) AND (k <= 6537629))

table 3 : explain SELECT k, c FROM sbtest3 WHERE k BETWEEN 6537529 AND 6537629
	Bitmap Heap Scan on sbtest3  (cost=5.37..366.14 rows=91 width=125)
	  Recheck Cond: ((k >= 6537529) AND (k <= 6537629))
	  ->  Bitmap Index Scan on k_3  (cost=0.00..5.34 rows=91 width=0)
	        Index Cond: ((k >= 6537529) AND (k <= 6537629))

table 4 : explain SELECT k, c FROM sbtest4 WHERE k BETWEEN 6537529 AND 6537629
	Bitmap Heap Scan on sbtest4  (cost=5.58..449.01 rows=112 width=125)
	  Recheck Cond: ((k >= 6537529) AND (k <= 6537629))
	  ->  Bitmap Index Scan on k_4  (cost=0.00..5.55 rows=112 width=0)
	        Index Cond: ((k >= 6537529) AND (k <= 6537629))

table 5 : explain SELECT k, c FROM sbtest5 WHERE k BETWEEN 6537529 AND 6537629
	Bitmap Heap Scan on sbtest5  (cost=5.48..409.57 rows=102 width=125)
	  Recheck Cond: ((k >= 6537529) AND (k <= 6537629))
	  ->  Bitmap Index Scan on k_5  (cost=0.00..5.45 rows=102 width=0)
	        Index Cond: ((k >= 6537529) AND (k <= 6537629))

table 6 : explain SELECT k, c FROM sbtest6 WHERE k BETWEEN 6537529 AND 6537629
	Bitmap Heap Scan on sbtest6  (cost=5.44..393.78 rows=98 width=125)
	  Recheck Cond: ((k >= 6537529) AND (k <= 6537629))
	  ->  Bitmap Index Scan on k_6  (cost=0.00..5.42 rows=98 width=0)
	        Index Cond: ((k >= 6537529) AND (k <= 6537629))

table 7 : explain SELECT k, c FROM sbtest7 WHERE k BETWEEN 6537529 AND 6537629
	Bitmap Heap Scan on sbtest7  (cost=5.45..397.73 rows=99 width=125)
	  Recheck Cond: ((k >= 6537529) AND (k <= 6537629))
	  ->  Bitmap Index Scan on k_7  (cost=0.00..5.42 rows=99 width=0)
	        Index Cond: ((k >= 6537529) AND (k <= 6537629))

table 8 : explain SELECT k, c FROM sbtest8 WHERE k BETWEEN 6537529 AND 6537629
	Bitmap Heap Scan on sbtest8  (cost=5.48..409.57 rows=102 width=125)
	  Recheck Cond: ((k >= 6537529) AND (k <= 6537629))
	  ->  Bitmap Index Scan on k_8  (cost=0.00..5.45 rows=102 width=0)
	        Index Cond: ((k >= 6537529) AND (k <= 6537629))

explain: for range-notcovered :: explain SELECT k, c FROM sbtest%d WHERE k BETWEEN 7584845 AND 7584945
for range-notcovered
table 1 : explain SELECT k, c FROM sbtest1 WHERE k BETWEEN 4678428 AND 4678528
	Bitmap Heap Scan on sbtest1  (cost=5.45..397.73 rows=99 width=125)
	  Recheck Cond: ((k >= 4678428) AND (k <= 4678528))
	  ->  Bitmap Index Scan on k_1  (cost=0.00..5.42 rows=99 width=0)
	        Index Cond: ((k >= 4678428) AND (k <= 4678528))

table 2 : explain SELECT k, c FROM sbtest2 WHERE k BETWEEN 4678428 AND 4678528
	Bitmap Heap Scan on sbtest2  (cost=5.57..445.06 rows=111 width=125)
	  Recheck Cond: ((k >= 4678428) AND (k <= 4678528))
	  ->  Bitmap Index Scan on k_2  (cost=0.00..5.54 rows=111 width=0)
	        Index Cond: ((k >= 4678428) AND (k <= 4678528))

table 3 : explain SELECT k, c FROM sbtest3 WHERE k BETWEEN 4678428 AND 4678528
	Bitmap Heap Scan on sbtest3  (cost=5.50..417.45 rows=104 width=125)
	  Recheck Cond: ((k >= 4678428) AND (k <= 4678528))
	  ->  Bitmap Index Scan on k_3  (cost=0.00..5.47 rows=104 width=0)
	        Index Cond: ((k >= 4678428) AND (k <= 4678528))

table 4 : explain SELECT k, c FROM sbtest4 WHERE k BETWEEN 4678428 AND 4678528
	Bitmap Heap Scan on sbtest4  (cost=5.51..421.41 rows=105 width=125)
	  Recheck Cond: ((k >= 4678428) AND (k <= 4678528))
	  ->  Bitmap Index Scan on k_4  (cost=0.00..5.48 rows=105 width=0)
	        Index Cond: ((k >= 4678428) AND (k <= 4678528))

table 5 : explain SELECT k, c FROM sbtest5 WHERE k BETWEEN 4678428 AND 4678528
	Bitmap Heap Scan on sbtest5  (cost=5.44..393.79 rows=98 width=125)
	  Recheck Cond: ((k >= 4678428) AND (k <= 4678528))
	  ->  Bitmap Index Scan on k_5  (cost=0.00..5.42 rows=98 width=0)
	        Index Cond: ((k >= 4678428) AND (k <= 4678528))

table 6 : explain SELECT k, c FROM sbtest6 WHERE k BETWEEN 4678428 AND 4678528
	Bitmap Heap Scan on sbtest6  (cost=5.45..397.72 rows=99 width=125)
	  Recheck Cond: ((k >= 4678428) AND (k <= 4678528))
	  ->  Bitmap Index Scan on k_6  (cost=0.00..5.42 rows=99 width=0)
	        Index Cond: ((k >= 4678428) AND (k <= 4678528))

table 7 : explain SELECT k, c FROM sbtest7 WHERE k BETWEEN 4678428 AND 4678528
	Bitmap Heap Scan on sbtest7  (cost=5.54..433.24 rows=108 width=125)
	  Recheck Cond: ((k >= 4678428) AND (k <= 4678528))
	  ->  Bitmap Index Scan on k_7  (cost=0.00..5.51 rows=108 width=0)
	        Index Cond: ((k >= 4678428) AND (k <= 4678528))

table 8 : explain SELECT k, c FROM sbtest8 WHERE k BETWEEN 4678428 AND 4678528
	Bitmap Heap Scan on sbtest8  (cost=5.49..413.52 rows=103 width=125)
	  Recheck Cond: ((k >= 4678428) AND (k <= 4678528))
	  ->  Bitmap Index Scan on k_8  (cost=0.00..5.46 rows=103 width=0)
	        Index Cond: ((k >= 4678428) AND (k <= 4678528))

for range-notcovered
table 1 : explain SELECT k, c FROM sbtest1 WHERE k BETWEEN 4775522 AND 4775622
	Bitmap Heap Scan on sbtest1  (cost=5.62..464.76 rows=116 width=125)
	  Recheck Cond: ((k >= 4775522) AND (k <= 4775622))
	  ->  Bitmap Index Scan on k_1  (cost=0.00..5.59 rows=116 width=0)
	        Index Cond: ((k >= 4775522) AND (k <= 4775622))

table 2 : explain SELECT k, c FROM sbtest2 WHERE k BETWEEN 4775522 AND 4775622
	Bitmap Heap Scan on sbtest2  (cost=5.51..421.40 rows=105 width=125)
	  Recheck Cond: ((k >= 4775522) AND (k <= 4775622))
	  ->  Bitmap Index Scan on k_2  (cost=0.00..5.48 rows=105 width=0)
	        Index Cond: ((k >= 4775522) AND (k <= 4775622))

table 3 : explain SELECT k, c FROM sbtest3 WHERE k BETWEEN 4775522 AND 4775622
	Bitmap Heap Scan on sbtest3  (cost=5.41..381.94 rows=95 width=125)
	  Recheck Cond: ((k >= 4775522) AND (k <= 4775622))
	  ->  Bitmap Index Scan on k_3  (cost=0.00..5.38 rows=95 width=0)
	        Index Cond: ((k >= 4775522) AND (k <= 4775622))

table 4 : explain SELECT k, c FROM sbtest4 WHERE k BETWEEN 4775522 AND 4775622
	Bitmap Heap Scan on sbtest4  (cost=5.48..409.58 rows=102 width=125)
	  Recheck Cond: ((k >= 4775522) AND (k <= 4775622))
	  ->  Bitmap Index Scan on k_4  (cost=0.00..5.45 rows=102 width=0)
	        Index Cond: ((k >= 4775522) AND (k <= 4775622))

table 5 : explain SELECT k, c FROM sbtest5 WHERE k BETWEEN 4775522 AND 4775622
	Bitmap Heap Scan on sbtest5  (cost=5.44..393.79 rows=98 width=125)
	  Recheck Cond: ((k >= 4775522) AND (k <= 4775622))
	  ->  Bitmap Index Scan on k_5  (cost=0.00..5.42 rows=98 width=0)
	        Index Cond: ((k >= 4775522) AND (k <= 4775622))

table 6 : explain SELECT k, c FROM sbtest6 WHERE k BETWEEN 4775522 AND 4775622
	Bitmap Heap Scan on sbtest6  (cost=5.53..429.28 rows=107 width=125)
	  Recheck Cond: ((k >= 4775522) AND (k <= 4775622))
	  ->  Bitmap Index Scan on k_6  (cost=0.00..5.50 rows=107 width=0)
	        Index Cond: ((k >= 4775522) AND (k <= 4775622))

table 7 : explain SELECT k, c FROM sbtest7 WHERE k BETWEEN 4775522 AND 4775622
	Bitmap Heap Scan on sbtest7  (cost=5.53..429.29 rows=107 width=125)
	  Recheck Cond: ((k >= 4775522) AND (k <= 4775622))
	  ->  Bitmap Index Scan on k_7  (cost=0.00..5.50 rows=107 width=0)
	        Index Cond: ((k >= 4775522) AND (k <= 4775622))

table 8 : explain SELECT k, c FROM sbtest8 WHERE k BETWEEN 4775522 AND 4775622
	Bitmap Heap Scan on sbtest8  (cost=5.56..441.12 rows=110 width=125)
	  Recheck Cond: ((k >= 4775522) AND (k <= 4775622))
	  ->  Bitmap Index Scan on k_8  (cost=0.00..5.53 rows=110 width=0)
	        Index Cond: ((k >= 4775522) AND (k <= 4775622))
for range-notcovered
table 1 : explain SELECT k, c FROM sbtest1 WHERE k BETWEEN 2689330 AND 2689430
	Bitmap Heap Scan on sbtest1  (cost=5.43..389.84 rows=97 width=125)
	  Recheck Cond: ((k >= 2689330) AND (k <= 2689430))
	  ->  Bitmap Index Scan on k_1  (cost=0.00..5.40 rows=97 width=0)
	        Index Cond: ((k >= 2689330) AND (k <= 2689430))

table 2 : explain SELECT k, c FROM sbtest2 WHERE k BETWEEN 2689330 AND 2689430
	Bitmap Heap Scan on sbtest2  (cost=5.56..441.12 rows=110 width=125)
	  Recheck Cond: ((k >= 2689330) AND (k <= 2689430))
	  ->  Bitmap Index Scan on k_2  (cost=0.00..5.53 rows=110 width=0)
	        Index Cond: ((k >= 2689330) AND (k <= 2689430))

table 3 : explain SELECT k, c FROM sbtest3 WHERE k BETWEEN 2689330 AND 2689430
	Bitmap Heap Scan on sbtest3  (cost=5.55..437.17 rows=109 width=125)
	  Recheck Cond: ((k >= 2689330) AND (k <= 2689430))
	  ->  Bitmap Index Scan on k_3  (cost=0.00..5.52 rows=109 width=0)
	        Index Cond: ((k >= 2689330) AND (k <= 2689430))

table 4 : explain SELECT k, c FROM sbtest4 WHERE k BETWEEN 2689330 AND 2689430
	Bitmap Heap Scan on sbtest4  (cost=5.37..366.16 rows=91 width=125)
	  Recheck Cond: ((k >= 2689330) AND (k <= 2689430))
	  ->  Bitmap Index Scan on k_4  (cost=0.00..5.34 rows=91 width=0)
	        Index Cond: ((k >= 2689330) AND (k <= 2689430))

table 5 : explain SELECT k, c FROM sbtest5 WHERE k BETWEEN 2689330 AND 2689430
	Bitmap Heap Scan on sbtest5  (cost=5.59..452.94 rows=113 width=125)
	  Recheck Cond: ((k >= 2689330) AND (k <= 2689430))
	  ->  Bitmap Index Scan on k_5  (cost=0.00..5.56 rows=113 width=0)
	        Index Cond: ((k >= 2689330) AND (k <= 2689430))

table 6 : explain SELECT k, c FROM sbtest6 WHERE k BETWEEN 2689330 AND 2689430
	Bitmap Heap Scan on sbtest6  (cost=5.44..393.78 rows=98 width=125)
	  Recheck Cond: ((k >= 2689330) AND (k <= 2689430))
	  ->  Bitmap Index Scan on k_6  (cost=0.00..5.42 rows=98 width=0)
	        Index Cond: ((k >= 2689330) AND (k <= 2689430))

table 7 : explain SELECT k, c FROM sbtest7 WHERE k BETWEEN 2689330 AND 2689430
	Bitmap Heap Scan on sbtest7  (cost=5.41..381.94 rows=95 width=125)
	  Recheck Cond: ((k >= 2689330) AND (k <= 2689430))
	  ->  Bitmap Index Scan on k_7  (cost=0.00..5.38 rows=95 width=0)
	        Index Cond: ((k >= 2689330) AND (k <= 2689430))

table 8 : explain SELECT k, c FROM sbtest8 WHERE k BETWEEN 2689330 AND 2689430
	Bitmap Heap Scan on sbtest8  (cost=5.48..409.57 rows=102 width=125)
	  Recheck Cond: ((k >= 2689330) AND (k <= 2689430))
	  ->  Bitmap Index Scan on k_8  (cost=0.00..5.45 rows=102 width=0)
	        Index Cond: ((k >= 2689330) AND (k <= 2689430))

for range-notcovered
table 1 : explain SELECT k, c FROM sbtest1 WHERE k BETWEEN 2181250 AND 2181350
	Bitmap Heap Scan on sbtest1  (cost=5.48..409.57 rows=102 width=125)
	  Recheck Cond: ((k >= 2181250) AND (k <= 2181350))
	  ->  Bitmap Index Scan on k_1  (cost=0.00..5.45 rows=102 width=0)
	        Index Cond: ((k >= 2181250) AND (k <= 2181350))

table 2 : explain SELECT k, c FROM sbtest2 WHERE k BETWEEN 2181250 AND 2181350
	Bitmap Heap Scan on sbtest2  (cost=5.45..397.73 rows=99 width=125)
	  Recheck Cond: ((k >= 2181250) AND (k <= 2181350))
	  ->  Bitmap Index Scan on k_2  (cost=0.00..5.42 rows=99 width=0)
	        Index Cond: ((k >= 2181250) AND (k <= 2181350))

table 3 : explain SELECT k, c FROM sbtest3 WHERE k BETWEEN 2181250 AND 2181350
	Bitmap Heap Scan on sbtest3  (cost=5.52..425.34 rows=106 width=125)
	  Recheck Cond: ((k >= 2181250) AND (k <= 2181350))
	  ->  Bitmap Index Scan on k_3  (cost=0.00..5.50 rows=106 width=0)
	        Index Cond: ((k >= 2181250) AND (k <= 2181350))

table 4 : explain SELECT k, c FROM sbtest4 WHERE k BETWEEN 2181250 AND 2181350
	Bitmap Heap Scan on sbtest4  (cost=5.43..389.85 rows=97 width=125)
	  Recheck Cond: ((k >= 2181250) AND (k <= 2181350))
	  ->  Bitmap Index Scan on k_4  (cost=0.00..5.40 rows=97 width=0)
	        Index Cond: ((k >= 2181250) AND (k <= 2181350))

table 5 : explain SELECT k, c FROM sbtest5 WHERE k BETWEEN 2181250 AND 2181350
	Bitmap Heap Scan on sbtest5  (cost=5.55..437.18 rows=109 width=125)
	  Recheck Cond: ((k >= 2181250) AND (k <= 2181350))
	  ->  Bitmap Index Scan on k_5  (cost=0.00..5.52 rows=109 width=0)
	        Index Cond: ((k >= 2181250) AND (k <= 2181350))

table 6 : explain SELECT k, c FROM sbtest6 WHERE k BETWEEN 2181250 AND 2181350
	Bitmap Heap Scan on sbtest6  (cost=5.56..441.11 rows=110 width=125)
	  Recheck Cond: ((k >= 2181250) AND (k <= 2181350))
	  ->  Bitmap Index Scan on k_6  (cost=0.00..5.53 rows=110 width=0)
	        Index Cond: ((k >= 2181250) AND (k <= 2181350))

table 7 : explain SELECT k, c FROM sbtest7 WHERE k BETWEEN 2181250 AND 2181350
	Bitmap Heap Scan on sbtest7  (cost=5.52..425.35 rows=106 width=125)
	  Recheck Cond: ((k >= 2181250) AND (k <= 2181350))
	  ->  Bitmap Index Scan on k_7  (cost=0.00..5.50 rows=106 width=0)
	        Index Cond: ((k >= 2181250) AND (k <= 2181350))

table 8 : explain SELECT k, c FROM sbtest8 WHERE k BETWEEN 2181250 AND 2181350
	Bitmap Heap Scan on sbtest8  (cost=5.43..389.84 rows=97 width=125)
	  Recheck Cond: ((k >= 2181250) AND (k <= 2181350))
	  ->  Bitmap Index Scan on k_8  (cost=0.00..5.40 rows=97 width=0)
	        Index Cond: ((k >= 2181250) AND (k <= 2181350))
for range-notcovered
table 1 : explain SELECT k, c FROM sbtest1 WHERE k BETWEEN 4233174 AND 4233274
	Bitmap Heap Scan on sbtest1  (cost=5.42..385.89 rows=96 width=125)
	  Recheck Cond: ((k >= 4233174) AND (k <= 4233274))
	  ->  Bitmap Index Scan on k_1  (cost=0.00..5.39 rows=96 width=0)
	        Index Cond: ((k >= 4233174) AND (k <= 4233274))

table 2 : explain SELECT k, c FROM sbtest2 WHERE k BETWEEN 4233174 AND 4233274
	Bitmap Heap Scan on sbtest2  (cost=5.47..405.62 rows=101 width=125)
	  Recheck Cond: ((k >= 4233174) AND (k <= 4233274))
	  ->  Bitmap Index Scan on k_2  (cost=0.00..5.44 rows=101 width=0)
	        Index Cond: ((k >= 4233174) AND (k <= 4233274))

table 3 : explain SELECT k, c FROM sbtest3 WHERE k BETWEEN 4233174 AND 4233274
	Bitmap Heap Scan on sbtest3  (cost=5.46..401.67 rows=100 width=125)
	  Recheck Cond: ((k >= 4233174) AND (k <= 4233274))
	  ->  Bitmap Index Scan on k_3  (cost=0.00..5.43 rows=100 width=0)
	        Index Cond: ((k >= 4233174) AND (k <= 4233274))

table 4 : explain SELECT k, c FROM sbtest4 WHERE k BETWEEN 4233174 AND 4233274
	Bitmap Heap Scan on sbtest4  (cost=5.53..429.30 rows=107 width=125)
	  Recheck Cond: ((k >= 4233174) AND (k <= 4233274))
	  ->  Bitmap Index Scan on k_4  (cost=0.00..5.50 rows=107 width=0)
	        Index Cond: ((k >= 4233174) AND (k <= 4233274))

table 5 : explain SELECT k, c FROM sbtest5 WHERE k BETWEEN 4233174 AND 4233274
	Bitmap Heap Scan on sbtest5  (cost=5.64..472.64 rows=118 width=125)
	  Recheck Cond: ((k >= 4233174) AND (k <= 4233274))
	  ->  Bitmap Index Scan on k_5  (cost=0.00..5.61 rows=118 width=0)
	        Index Cond: ((k >= 4233174) AND (k <= 4233274))

table 6 : explain SELECT k, c FROM sbtest6 WHERE k BETWEEN 4233174 AND 4233274
	Bitmap Heap Scan on sbtest6  (cost=5.49..413.50 rows=103 width=125)
	  Recheck Cond: ((k >= 4233174) AND (k <= 4233274))
	  ->  Bitmap Index Scan on k_6  (cost=0.00..5.46 rows=103 width=0)
	        Index Cond: ((k >= 4233174) AND (k <= 4233274))

table 7 : explain SELECT k, c FROM sbtest7 WHERE k BETWEEN 4233174 AND 4233274
	Bitmap Heap Scan on sbtest7  (cost=5.52..425.35 rows=106 width=125)
	  Recheck Cond: ((k >= 4233174) AND (k <= 4233274))
	  ->  Bitmap Index Scan on k_7  (cost=0.00..5.50 rows=106 width=0)
	        Index Cond: ((k >= 4233174) AND (k <= 4233274))

table 8 : explain SELECT k, c FROM sbtest8 WHERE k BETWEEN 4233174 AND 4233274
	Bitmap Heap Scan on sbtest8  (cost=5.41..381.94 rows=95 width=125)
	  Recheck Cond: ((k >= 4233174) AND (k <= 4233274))
	  ->  Bitmap Index Scan on k_8  (cost=0.00..5.38 rows=95 width=0)
	        Index Cond: ((k >= 4233174) AND (k <= 4233274))



explain: for range-notcovered :: explain SELECT k, c FROM sbtest%d WHERE k BETWEEN 6373173 AND 6373273
for range-notcovered
table 1 : explain SELECT k, c FROM sbtest1 WHERE k BETWEEN 6552462 AND 6552562
	Bitmap Heap Scan on sbtest1  (cost=5.47..405.62 rows=101 width=125)
	  Recheck Cond: ((k >= 6552462) AND (k <= 6552562))
	  ->  Bitmap Index Scan on k_1  (cost=0.00..5.44 rows=101 width=0)
	        Index Cond: ((k >= 6552462) AND (k <= 6552562))

table 2 : explain SELECT k, c FROM sbtest2 WHERE k BETWEEN 6552462 AND 6552562
	Bitmap Heap Scan on sbtest2  (cost=5.52..425.35 rows=106 width=125)
	  Recheck Cond: ((k >= 6552462) AND (k <= 6552562))
	  ->  Bitmap Index Scan on k_2  (cost=0.00..5.50 rows=106 width=0)
	        Index Cond: ((k >= 6552462) AND (k <= 6552562))

table 3 : explain SELECT k, c FROM sbtest3 WHERE k BETWEEN 6552462 AND 6552562
	Bitmap Heap Scan on sbtest3  (cost=5.37..366.14 rows=91 width=125)
	  Recheck Cond: ((k >= 6552462) AND (k <= 6552562))
	  ->  Bitmap Index Scan on k_3  (cost=0.00..5.34 rows=91 width=0)
	        Index Cond: ((k >= 6552462) AND (k <= 6552562))

table 4 : explain SELECT k, c FROM sbtest4 WHERE k BETWEEN 6552462 AND 6552562
	Bitmap Heap Scan on sbtest4  (cost=5.58..449.01 rows=112 width=125)
	  Recheck Cond: ((k >= 6552462) AND (k <= 6552562))
	  ->  Bitmap Index Scan on k_4  (cost=0.00..5.55 rows=112 width=0)
	        Index Cond: ((k >= 6552462) AND (k <= 6552562))

table 5 : explain SELECT k, c FROM sbtest5 WHERE k BETWEEN 6552462 AND 6552562
	Bitmap Heap Scan on sbtest5  (cost=5.48..409.57 rows=102 width=125)
	  Recheck Cond: ((k >= 6552462) AND (k <= 6552562))
	  ->  Bitmap Index Scan on k_5  (cost=0.00..5.45 rows=102 width=0)
	        Index Cond: ((k >= 6552462) AND (k <= 6552562))

table 6 : explain SELECT k, c FROM sbtest6 WHERE k BETWEEN 6552462 AND 6552562
	Bitmap Heap Scan on sbtest6  (cost=5.60..456.87 rows=114 width=125)
	  Recheck Cond: ((k >= 6552462) AND (k <= 6552562))
	  ->  Bitmap Index Scan on k_6  (cost=0.00..5.58 rows=114 width=0)
	        Index Cond: ((k >= 6552462) AND (k <= 6552562))

table 7 : explain SELECT k, c FROM sbtest7 WHERE k BETWEEN 6552462 AND 6552562
	Bitmap Heap Scan on sbtest7  (cost=5.45..397.73 rows=99 width=125)
	  Recheck Cond: ((k >= 6552462) AND (k <= 6552562))
	  ->  Bitmap Index Scan on k_7  (cost=0.00..5.42 rows=99 width=0)
	        Index Cond: ((k >= 6552462) AND (k <= 6552562))

table 8 : explain SELECT k, c FROM sbtest8 WHERE k BETWEEN 6552462 AND 6552562
	Bitmap Heap Scan on sbtest8  (cost=5.48..409.57 rows=102 width=125)
	  Recheck Cond: ((k >= 6552462) AND (k <= 6552562))
	  ->  Bitmap Index Scan on k_8  (cost=0.00..5.45 rows=102 width=0)
	        Index Cond: ((k >= 6552462) AND (k <= 6552562))

explain: for range-notcovered :: explain SELECT k, c FROM sbtest%d WHERE k BETWEEN 5583038 AND 5583138

explain: for range-notcovered :: explain SELECT k, c FROM sbtest%d WHERE k BETWEEN 3571436 AND 3571536
explain: for range-notcovered :: explain SELECT k, c FROM sbtest%d WHERE k BETWEEN 2288614 AND 2288714
explain: for range-notcovered :: explain SELECT k, c FROM sbtest%d WHERE k BETWEEN 531597 AND 531697for range-notcovered
table 1 : explain SELECT k, c FROM sbtest1 WHERE k BETWEEN 3643322 AND 3643422
	Bitmap Heap Scan on sbtest1  (cost=5.45..397.73 rows=99 width=125)
	  Recheck Cond: ((k >= 3643322) AND (k <= 3643422))
	  ->  Bitmap Index Scan on k_1  (cost=0.00..5.42 rows=99 width=0)
	        Index Cond: ((k >= 3643322) AND (k <= 3643422))

table 2 : explain SELECT k, c FROM sbtest2 WHERE k BETWEEN 3643322 AND 3643422
	Bitmap Heap Scan on sbtest2  (cost=5.46..401.68 rows=100 width=125)
	  Recheck Cond: ((k >= 3643322) AND (k <= 3643422))
	  ->  Bitmap Index Scan on k_2  (cost=0.00..5.43 rows=100 width=0)
	        Index Cond: ((k >= 3643322) AND (k <= 3643422))

table 3 : explain SELECT k, c FROM sbtest3 WHERE k BETWEEN 3643322 AND 3643422
	Bitmap Heap Scan on sbtest3  (cost=5.48..409.56 rows=102 width=125)
	  Recheck Cond: ((k >= 3643322) AND (k <= 3643422))
	  ->  Bitmap Index Scan on k_3  (cost=0.00..5.45 rows=102 width=0)
	        Index Cond: ((k >= 3643322) AND (k <= 3643422))

table 4 : explain SELECT k, c FROM sbtest4 WHERE k BETWEEN 3643322 AND 3643422
	Bitmap Heap Scan on sbtest4  (cost=5.52..425.36 rows=106 width=125)
	  Recheck Cond: ((k >= 3643322) AND (k <= 3643422))
	  ->  Bitmap Index Scan on k_4  (cost=0.00..5.50 rows=106 width=0)
	        Index Cond: ((k >= 3643322) AND (k <= 3643422))

table 5 : explain SELECT k, c FROM sbtest5 WHERE k BETWEEN 3643322 AND 3643422
	Bitmap Heap Scan on sbtest5  (cost=5.55..437.18 rows=109 width=125)
	  Recheck Cond: ((k >= 3643322) AND (k <= 3643422))
	  ->  Bitmap Index Scan on k_5  (cost=0.00..5.52 rows=109 width=0)
	        Index Cond: ((k >= 3643322) AND (k <= 3643422))

table 6 : explain SELECT k, c FROM sbtest6 WHERE k BETWEEN 3643322 AND 3643422
	Bitmap Heap Scan on sbtest6  (cost=5.54..433.22 rows=108 width=125)
	  Recheck Cond: ((k >= 3643322) AND (k <= 3643422))
	  ->  Bitmap Index Scan on k_6  (cost=0.00..5.51 rows=108 width=0)
	        Index Cond: ((k >= 3643322) AND (k <= 3643422))

table 7 : explain SELECT k, c FROM sbtest7 WHERE k BETWEEN 3643322 AND 3643422
	Bitmap Heap Scan on sbtest7  (cost=5.36..362.20 rows=90 width=125)
	  Recheck Cond: ((k >= 3643322) AND (k <= 3643422))
	  ->  Bitmap Index Scan on k_7  (cost=0.00..5.33 rows=90 width=0)
	        Index Cond: ((k >= 3643322) AND (k <= 3643422))

table 8 : explain SELECT k, c FROM sbtest8 WHERE k BETWEEN 3643322 AND 3643422
	Bitmap Heap Scan on sbtest8  (cost=5.52..425.35 rows=106 width=125)
	  Recheck Cond: ((k >= 3643322) AND (k <= 3643422))
	  ->  Bitmap Index Scan on k_8  (cost=0.00..5.50 rows=106 width=0)
	        Index Cond: ((k >= 3643322) AND (k <= 3643422))

explain: for range-notcovered :: explain SELECT k, c FROM sbtest%d WHERE k BETWEEN 4845292 AND 4845392
explain: for range-notcovered :: explain SELECT k, c FROM sbtest%d WHERE k BETWEEN 5181953 AND 5182053

for range-notcovered
table 1 : explain SELECT k, c FROM sbtest1 WHERE k BETWEEN 4399955 AND 4400055
	Bitmap Heap Scan on sbtest1  (cost=5.45..397.73 rows=99 width=125)
	  Recheck Cond: ((k >= 4399955) AND (k <= 4400055))
	  ->  Bitmap Index Scan on k_1  (cost=0.00..5.42 rows=99 width=0)
	        Index Cond: ((k >= 4399955) AND (k <= 4400055))

table 2 : explain SELECT k, c FROM sbtest2 WHERE k BETWEEN 4399955 AND 4400055
	Bitmap Heap Scan on sbtest2  (cost=5.50..417.46 rows=104 width=125)
	  Recheck Cond: ((k >= 4399955) AND (k <= 4400055))
	  ->  Bitmap Index Scan on k_2  (cost=0.00..5.47 rows=104 width=0)
	        Index Cond: ((k >= 4399955) AND (k <= 4400055))

table 3 : explain SELECT k, c FROM sbtest3 WHERE k BETWEEN 4399955 AND 4400055
	Bitmap Heap Scan on sbtest3  (cost=5.41..381.94 rows=95 width=125)
	  Recheck Cond: ((k >= 4399955) AND (k <= 4400055))
	  ->  Bitmap Index Scan on k_3  (cost=0.00..5.38 rows=95 width=0)
	        Index Cond: ((k >= 4399955) AND (k <= 4400055))

table 4 : explain SELECT k, c FROM sbtest4 WHERE k BETWEEN 4399955 AND 4400055
	Bitmap Heap Scan on sbtest4  (cost=5.48..409.58 rows=102 width=125)
	  Recheck Cond: ((k >= 4399955) AND (k <= 4400055))
	  ->  Bitmap Index Scan on k_4  (cost=0.00..5.45 rows=102 width=0)
	        Index Cond: ((k >= 4399955) AND (k <= 4400055))

table 5 : explain SELECT k, c FROM sbtest5 WHERE k BETWEEN 4399955 AND 4400055
	Bitmap Heap Scan on sbtest5  (cost=5.45..397.73 rows=99 width=125)
	  Recheck Cond: ((k >= 4399955) AND (k <= 4400055))
	  ->  Bitmap Index Scan on k_5  (cost=0.00..5.42 rows=99 width=0)
	        Index Cond: ((k >= 4399955) AND (k <= 4400055))

table 6 : explain SELECT k, c FROM sbtest6 WHERE k BETWEEN 4399955 AND 4400055
	Bitmap Heap Scan on sbtest6  (cost=5.50..417.45 rows=104 width=125)
	  Recheck Cond: ((k >= 4399955) AND (k <= 4400055))
	  ->  Bitmap Index Scan on k_6  (cost=0.00..5.47 rows=104 width=0)
	        Index Cond: ((k >= 4399955) AND (k <= 4400055))

table 7 : explain SELECT k, c FROM sbtest7 WHERE k BETWEEN 4399955 AND 4400055
	Bitmap Heap Scan on sbtest7  (cost=5.50..417.46 rows=104 width=125)
	  Recheck Cond: ((k >= 4399955) AND (k <= 4400055))
	  ->  Bitmap Index Scan on k_7  (cost=0.00..5.47 rows=104 width=0)
	        Index Cond: ((k >= 4399955) AND (k <= 4400055))

table 8 : explain SELECT k, c FROM sbtest8 WHERE k BETWEEN 4399955 AND 4400055
	Bitmap Heap Scan on sbtest8  (cost=5.49..413.52 rows=103 width=125)
	  Recheck Cond: ((k >= 4399955) AND (k <= 4400055))
	  ->  Bitmap Index Scan on k_8  (cost=0.00..5.46 rows=103 width=0)
	        Index Cond: ((k >= 4399955) AND (k <= 4400055))

for range-notcovered
table 1 : explain SELECT k, c FROM sbtest1 WHERE k BETWEEN 3652200 AND 3652300
	Bitmap Heap Scan on sbtest1  (cost=5.45..397.73 rows=99 width=125)
	  Recheck Cond: ((k >= 3652200) AND (k <= 3652300))
	  ->  Bitmap Index Scan on k_1  (cost=0.00..5.42 rows=99 width=0)
	        Index Cond: ((k >= 3652200) AND (k <= 3652300))

table 2 : explain SELECT k, c FROM sbtest2 WHERE k BETWEEN 3652200 AND 3652300
	Bitmap Heap Scan on sbtest2  (cost=5.46..401.68 rows=100 width=125)
	  Recheck Cond: ((k >= 3652200) AND (k <= 3652300))
	  ->  Bitmap Index Scan on k_2  (cost=0.00..5.43 rows=100 width=0)
	        Index Cond: ((k >= 3652200) AND (k <= 3652300))

table 3 : explain SELECT k, c FROM sbtest3 WHERE k BETWEEN 3652200 AND 3652300
	Bitmap Heap Scan on sbtest3  (cost=5.48..409.56 rows=102 width=125)
	  Recheck Cond: ((k >= 3652200) AND (k <= 3652300))
	  ->  Bitmap Index Scan on k_3  (cost=0.00..5.45 rows=102 width=0)
	        Index Cond: ((k >= 3652200) AND (k <= 3652300))

table 4 : explain SELECT k, c FROM sbtest4 WHERE k BETWEEN 3652200 AND 3652300
	Bitmap Heap Scan on sbtest4  (cost=5.52..425.36 rows=106 width=125)
	  Recheck Cond: ((k >= 3652200) AND (k <= 3652300))
	  ->  Bitmap Index Scan on k_4  (cost=0.00..5.50 rows=106 width=0)
	        Index Cond: ((k >= 3652200) AND (k <= 3652300))

table 5 : explain SELECT k, c FROM sbtest5 WHERE k BETWEEN 3652200 AND 3652300
	Bitmap Heap Scan on sbtest5  (cost=5.55..437.18 rows=109 width=125)
	  Recheck Cond: ((k >= 3652200) AND (k <= 3652300))
	  ->  Bitmap Index Scan on k_5  (cost=0.00..5.52 rows=109 width=0)
	        Index Cond: ((k >= 3652200) AND (k <= 3652300))

table 6 : explain SELECT k, c FROM sbtest6 WHERE k BETWEEN 3652200 AND 3652300
	Bitmap Heap Scan on sbtest6  (cost=5.54..433.22 rows=108 width=125)
	  Recheck Cond: ((k >= 3652200) AND (k <= 3652300))
	  ->  Bitmap Index Scan on k_6  (cost=0.00..5.51 rows=108 width=0)
	        Index Cond: ((k >= 3652200) AND (k <= 3652300))

table 7 : explain SELECT k, c FROM sbtest7 WHERE k BETWEEN 3652200 AND 3652300
	Bitmap Heap Scan on sbtest7  (cost=5.36..362.20 rows=90 width=125)
	  Recheck Cond: ((k >= 3652200) AND (k <= 3652300))
	  ->  Bitmap Index Scan on k_7  (cost=0.00..5.33 rows=90 width=0)
	        Index Cond: ((k >= 3652200) AND (k <= 3652300))

table 8 : explain SELECT k, c FROM sbtest8 WHERE k BETWEEN 3652200 AND 3652300
	Bitmap Heap Scan on sbtest8  (cost=5.52..425.35 rows=106 width=125)
	  Recheck Cond: ((k >= 3652200) AND (k <= 3652300))
	  ->  Bitmap Index Scan on k_8  (cost=0.00..5.50 rows=106 width=0)
	        Index Cond: ((k >= 3652200) AND (k <= 3652300))

explain: for range-notcovered :: explain SELECT k, c FROM sbtest%d WHERE k BETWEEN 5049096 AND 5049196
explain: for range-notcovered :: explain SELECT k, c FROM sbtest%d WHERE k BETWEEN 6537529 AND 6537629
explain: for range-notcovered :: explain SELECT k, c FROM sbtest%d WHERE k BETWEEN 4678428 AND 4678528for range-notcovered
table 1 : explain SELECT k, c FROM sbtest1 WHERE k BETWEEN 6594822 AND 6594922
	Bitmap Heap Scan on sbtest1  (cost=5.51..421.40 rows=105 width=125)
	  Recheck Cond: ((k >= 6594822) AND (k <= 6594922))
	  ->  Bitmap Index Scan on k_1  (cost=0.00..5.48 rows=105 width=0)
	        Index Cond: ((k >= 6594822) AND (k <= 6594922))

table 2 : explain SELECT k, c FROM sbtest2 WHERE k BETWEEN 6594822 AND 6594922
	Bitmap Heap Scan on sbtest2  (cost=5.53..429.29 rows=107 width=125)
	  Recheck Cond: ((k >= 6594822) AND (k <= 6594922))
	  ->  Bitmap Index Scan on k_2  (cost=0.00..5.50 rows=107 width=0)
	        Index Cond: ((k >= 6594822) AND (k <= 6594922))

table 3 : explain SELECT k, c FROM sbtest3 WHERE k BETWEEN 6594822 AND 6594922
	Bitmap Heap Scan on sbtest3  (cost=5.37..366.14 rows=91 width=125)
	  Recheck Cond: ((k >= 6594822) AND (k <= 6594922))
	  ->  Bitmap Index Scan on k_3  (cost=0.00..5.34 rows=91 width=0)
	        Index Cond: ((k >= 6594822) AND (k <= 6594922))

table 4 : explain SELECT k, c FROM sbtest4 WHERE k BETWEEN 6594822 AND 6594922
	Bitmap Heap Scan on sbtest4  (cost=5.58..449.01 rows=112 width=125)
	  Recheck Cond: ((k >= 6594822) AND (k <= 6594922))
	  ->  Bitmap Index Scan on k_4  (cost=0.00..5.55 rows=112 width=0)
	        Index Cond: ((k >= 6594822) AND (k <= 6594922))

table 5 : explain SELECT k, c FROM sbtest5 WHERE k BETWEEN 6594822 AND 6594922
	Bitmap Heap Scan on sbtest5  (cost=5.49..413.51 rows=103 width=125)
	  Recheck Cond: ((k >= 6594822) AND (k <= 6594922))
	  ->  Bitmap Index Scan on k_5  (cost=0.00..5.46 rows=103 width=0)
	        Index Cond: ((k >= 6594822) AND (k <= 6594922))

table 6 : explain SELECT k, c FROM sbtest6 WHERE k BETWEEN 6594822 AND 6594922
	Bitmap Heap Scan on sbtest6  (cost=5.60..456.87 rows=114 width=125)
	  Recheck Cond: ((k >= 6594822) AND (k <= 6594922))
	  ->  Bitmap Index Scan on k_6  (cost=0.00..5.58 rows=114 width=0)
	        Index Cond: ((k >= 6594822) AND (k <= 6594922))

table 7 : explain SELECT k, c FROM sbtest7 WHERE k BETWEEN 6594822 AND 6594922
	Bitmap Heap Scan on sbtest7  (cost=5.53..429.29 rows=107 width=125)
	  Recheck Cond: ((k >= 6594822) AND (k <= 6594922))
	  ->  Bitmap Index Scan on k_7  (cost=0.00..5.50 rows=107 width=0)
	        Index Cond: ((k >= 6594822) AND (k <= 6594922))

table 8 : explain SELECT k, c FROM sbtest8 WHERE k BETWEEN 6594822 AND 6594922
	Bitmap Heap Scan on sbtest8  (cost=5.48..409.57 rows=102 width=125)
	  Recheck Cond: ((k >= 6594822) AND (k <= 6594922))
	  ->  Bitmap Index Scan on k_8  (cost=0.00..5.45 rows=102 width=0)
	        Index Cond: ((k >= 6594822) AND (k <= 6594922))
explain: for range-notcovered :: explain SELECT k, c FROM sbtest%d WHERE k BETWEEN 2181250 AND 2181350for range-notcovered
table 1 : explain SELECT k, c FROM sbtest1 WHERE k BETWEEN 4961523 AND 4961623
	Bitmap Heap Scan on sbtest1  (cost=5.63..468.70 rows=117 width=125)
	  Recheck Cond: ((k >= 4961523) AND (k <= 4961623))
	  ->  Bitmap Index Scan on k_1  (cost=0.00..5.60 rows=117 width=0)
	        Index Cond: ((k >= 4961523) AND (k <= 4961623))

table 2 : explain SELECT k, c FROM sbtest2 WHERE k BETWEEN 4961523 AND 4961623
	Bitmap Heap Scan on sbtest2  (cost=5.46..401.68 rows=100 width=125)
	  Recheck Cond: ((k >= 4961523) AND (k <= 4961623))
	  ->  Bitmap Index Scan on k_2  (cost=0.00..5.43 rows=100 width=0)
	        Index Cond: ((k >= 4961523) AND (k <= 4961623))

table 3 : explain SELECT k, c FROM sbtest3 WHERE k BETWEEN 4961523 AND 4961623
	Bitmap Heap Scan on sbtest3  (cost=5.42..385.88 rows=96 width=125)
	  Recheck Cond: ((k >= 4961523) AND (k <= 4961623))
	  ->  Bitmap Index Scan on k_3  (cost=0.00..5.39 rows=96 width=0)
	        Index Cond: ((k >= 4961523) AND (k <= 4961623))

table 4 : explain SELECT k, c FROM sbtest4 WHERE k BETWEEN 4961523 AND 4961623
	Bitmap Heap Scan on sbtest4  (cost=5.55..437.19 rows=109 width=125)
	  Recheck Cond: ((k >= 4961523) AND (k <= 4961623))
	  ->  Bitmap Index Scan on k_4  (cost=0.00..5.52 rows=109 width=0)
	        Index Cond: ((k >= 4961523) AND (k <= 4961623))

table 5 : explain SELECT k, c FROM sbtest5 WHERE k BETWEEN 4961523 AND 4961623
	Bitmap Heap Scan on sbtest5  (cost=5.50..417.46 rows=104 width=125)
	  Recheck Cond: ((k >= 4961523) AND (k <= 4961623))
	  ->  Bitmap Index Scan on k_5  (cost=0.00..5.47 rows=104 width=0)
	        Index Cond: ((k >= 4961523) AND (k <= 4961623))

table 6 : explain SELECT k, c FROM sbtest6 WHERE k BETWEEN 4961523 AND 4961623
	Bitmap Heap Scan on sbtest6  (cost=5.50..417.45 rows=104 width=125)
	  Recheck Cond: ((k >= 4961523) AND (k <= 4961623))
	  ->  Bitmap Index Scan on k_6  (cost=0.00..5.47 rows=104 width=0)
	        Index Cond: ((k >= 4961523) AND (k <= 4961623))

table 7 : explain SELECT k, c FROM sbtest7 WHERE k BETWEEN 4961523 AND 4961623
	Bitmap Heap Scan on sbtest7  (cost=5.49..413.52 rows=103 width=125)
	  Recheck Cond: ((k >= 4961523) AND (k <= 4961623))
	  ->  Bitmap Index Scan on k_7  (cost=0.00..5.46 rows=103 width=0)
	        Index Cond: ((k >= 4961523) AND (k <= 4961623))

table 8 : explain SELECT k, c FROM sbtest8 WHERE k BETWEEN 4961523 AND 4961623
	Bitmap Heap Scan on sbtest8  (cost=5.37..366.15 rows=91 width=125)
	  Recheck Cond: ((k >= 4961523) AND (k <= 4961623))
	  ->  Bitmap Index Scan on k_8  (cost=0.00..5.34 rows=91 width=0)
	        Index Cond: ((k >= 4961523) AND (k <= 4961623))

explain: for range-notcovered :: explain SELECT k, c FROM sbtest%d WHERE k BETWEEN 4399955 AND 4400055
explain: for range-notcovered :: explain SELECT k, c FROM sbtest%d WHERE k BETWEEN 7583462 AND 7583562
explain: for range-notcovered :: explain SELECT k, c FROM sbtest%d WHERE k BETWEEN 4395274 AND 4395374
explain: for range-notcovered :: explain SELECT k, c FROM sbtest%d WHERE k BETWEEN 6552462 AND 6552562

explain: for range-notcovered :: explain SELECT k, c FROM sbtest%d WHERE k BETWEEN 5389644 AND 5389744
for range-notcovered
table 1 : explain SELECT k, c FROM sbtest1 WHERE k BETWEEN 7165037 AND 7165137
	Bitmap Heap Scan on sbtest1  (cost=5.41..381.94 rows=95 width=125)
	  Recheck Cond: ((k >= 7165037) AND (k <= 7165137))
	  ->  Bitmap Index Scan on k_1  (cost=0.00..5.38 rows=95 width=0)
	        Index Cond: ((k >= 7165037) AND (k <= 7165137))

table 2 : explain SELECT k, c FROM sbtest2 WHERE k BETWEEN 7165037 AND 7165137
	Bitmap Heap Scan on sbtest2  (cost=5.46..401.68 rows=100 width=125)
	  Recheck Cond: ((k >= 7165037) AND (k <= 7165137))
	  ->  Bitmap Index Scan on k_2  (cost=0.00..5.43 rows=100 width=0)
	        Index Cond: ((k >= 7165037) AND (k <= 7165137))

table 3 : explain SELECT k, c FROM sbtest3 WHERE k BETWEEN 7165037 AND 7165137
	Bitmap Heap Scan on sbtest3  (cost=5.48..409.56 rows=102 width=125)
	  Recheck Cond: ((k >= 7165037) AND (k <= 7165137))
	  ->  Bitmap Index Scan on k_3  (cost=0.00..5.45 rows=102 width=0)
	        Index Cond: ((k >= 7165037) AND (k <= 7165137))

table 4 : explain SELECT k, c FROM sbtest4 WHERE k BETWEEN 7165037 AND 7165137
	Bitmap Heap Scan on sbtest4  (cost=5.40..378.00 rows=94 width=125)
	  Recheck Cond: ((k >= 7165037) AND (k <= 7165137))
	  ->  Bitmap Index Scan on k_4  (cost=0.00..5.38 rows=94 width=0)
	        Index Cond: ((k >= 7165037) AND (k <= 7165137))

table 5 : explain SELECT k, c FROM sbtest5 WHERE k BETWEEN 7165037 AND 7165137
	Bitmap Heap Scan on sbtest5  (cost=5.41..381.94 rows=95 width=125)
	  Recheck Cond: ((k >= 7165037) AND (k <= 7165137))
	  ->  Bitmap Index Scan on k_5  (cost=0.00..5.38 rows=95 width=0)
	        Index Cond: ((k >= 7165037) AND (k <= 7165137))

table 6 : explain SELECT k, c FROM sbtest6 WHERE k BETWEEN 7165037 AND 7165137
	Bitmap Heap Scan on sbtest6  (cost=5.45..397.72 rows=99 width=125)
	  Recheck Cond: ((k >= 7165037) AND (k <= 7165137))
	  ->  Bitmap Index Scan on k_6  (cost=0.00..5.42 rows=99 width=0)
	        Index Cond: ((k >= 7165037) AND (k <= 7165137))

table 7 : explain SELECT k, c FROM sbtest7 WHERE k BETWEEN 7165037 AND 7165137
	Bitmap Heap Scan on sbtest7  (cost=5.46..401.68 rows=100 width=125)
	  Recheck Cond: ((k >= 7165037) AND (k <= 7165137))
	  ->  Bitmap Index Scan on k_7  (cost=0.00..5.43 rows=100 width=0)
	        Index Cond: ((k >= 7165037) AND (k <= 7165137))

table 8 : explain SELECT k, c FROM sbtest8 WHERE k BETWEEN 7165037 AND 7165137
	Bitmap Heap Scan on sbtest8  (cost=5.59..452.94 rows=113 width=125)
	  Recheck Cond: ((k >= 7165037) AND (k <= 7165137))
	  ->  Bitmap Index Scan on k_8  (cost=0.00..5.56 rows=113 width=0)
	        Index Cond: ((k >= 7165037) AND (k <= 7165137))

explain: for range-notcovered :: explain SELECT k, c FROM sbtest%d WHERE k BETWEEN 4775522 AND 4775622
for range-notcovered
table 1 : explain SELECT k, c FROM sbtest1 WHERE k BETWEEN 9404245 AND 9404345
	Bitmap Heap Scan on sbtest1  (cost=5.51..421.40 rows=105 width=125)
	  Recheck Cond: ((k >= 9404245) AND (k <= 9404345))
	  ->  Bitmap Index Scan on k_1  (cost=0.00..5.48 rows=105 width=0)
	        Index Cond: ((k >= 9404245) AND (k <= 9404345))

table 2 : explain SELECT k, c FROM sbtest2 WHERE k BETWEEN 9404245 AND 9404345
	Bitmap Heap Scan on sbtest2  (cost=5.47..405.62 rows=101 width=125)
	  Recheck Cond: ((k >= 9404245) AND (k <= 9404345))
	  ->  Bitmap Index Scan on k_2  (cost=0.00..5.44 rows=101 width=0)
	        Index Cond: ((k >= 9404245) AND (k <= 9404345))

table 3 : explain SELECT k, c FROM sbtest3 WHERE k BETWEEN 9404245 AND 9404345
	Bitmap Heap Scan on sbtest3  (cost=5.48..409.56 rows=102 width=125)
	  Recheck Cond: ((k >= 9404245) AND (k <= 9404345))
	  ->  Bitmap Index Scan on k_3  (cost=0.00..5.45 rows=102 width=0)
	        Index Cond: ((k >= 9404245) AND (k <= 9404345))

table 4 : explain SELECT k, c FROM sbtest4 WHERE k BETWEEN 9404245 AND 9404345
	Bitmap Heap Scan on sbtest4  (cost=5.45..397.74 rows=99 width=125)
	  Recheck Cond: ((k >= 9404245) AND (k <= 9404345))
	  ->  Bitmap Index Scan on k_4  (cost=0.00..5.42 rows=99 width=0)
	        Index Cond: ((k >= 9404245) AND (k <= 9404345))

table 5 : explain SELECT k, c FROM sbtest5 WHERE k BETWEEN 9404245 AND 9404345
	Bitmap Heap Scan on sbtest5  (cost=5.61..460.83 rows=115 width=125)
	  Recheck Cond: ((k >= 9404245) AND (k <= 9404345))
	  ->  Bitmap Index Scan on k_5  (cost=0.00..5.58 rows=115 width=0)
	        Index Cond: ((k >= 9404245) AND (k <= 9404345))

table 6 : explain SELECT k, c FROM sbtest6 WHERE k BETWEEN 9404245 AND 9404345
	Bitmap Heap Scan on sbtest6  (cost=5.42..385.88 rows=96 width=125)
	  Recheck Cond: ((k >= 9404245) AND (k <= 9404345))
	  ->  Bitmap Index Scan on k_6  (cost=0.00..5.39 rows=96 width=0)
	        Index Cond: ((k >= 9404245) AND (k <= 9404345))

table 7 : explain SELECT k, c FROM sbtest7 WHERE k BETWEEN 9404245 AND 9404345
	Bitmap Heap Scan on sbtest7  (cost=5.45..397.73 rows=99 width=125)
	  Recheck Cond: ((k >= 9404245) AND (k <= 9404345))
	  ->  Bitmap Index Scan on k_7  (cost=0.00..5.42 rows=99 width=0)
	        Index Cond: ((k >= 9404245) AND (k <= 9404345))

table 8 : explain SELECT k, c FROM sbtest8 WHERE k BETWEEN 9404245 AND 9404345
	Bitmap Heap Scan on sbtest8  (cost=5.45..397.73 rows=99 width=125)
	  Recheck Cond: ((k >= 9404245) AND (k <= 9404345))
	  ->  Bitmap Index Scan on k_8  (cost=0.00..5.42 rows=99 width=0)
	        Index Cond: ((k >= 9404245) AND (k <= 9404345))


explain: for range-notcovered :: explain SELECT k, c FROM sbtest%d WHERE k BETWEEN 2689330 AND 2689430


explain: for range-notcovered :: explain SELECT k, c FROM sbtest%d WHERE k BETWEEN 7165037 AND 7165137
explain: for range-notcovered :: explain SELECT k, c FROM sbtest%d WHERE k BETWEEN 9404245 AND 9404345
for range-notcovered
table 1 : explain SELECT k, c FROM sbtest1 WHERE k BETWEEN 1519737 AND 1519837
	Bitmap Heap Scan on sbtest1  (cost=5.45..397.73 rows=99 width=125)
	  Recheck Cond: ((k >= 1519737) AND (k <= 1519837))
	  ->  Bitmap Index Scan on k_1  (cost=0.00..5.42 rows=99 width=0)
	        Index Cond: ((k >= 1519737) AND (k <= 1519837))

table 2 : explain SELECT k, c FROM sbtest2 WHERE k BETWEEN 1519737 AND 1519837
	Bitmap Heap Scan on sbtest2  (cost=5.52..425.35 rows=106 width=125)
	  Recheck Cond: ((k >= 1519737) AND (k <= 1519837))
	  ->  Bitmap Index Scan on k_2  (cost=0.00..5.50 rows=106 width=0)
	        Index Cond: ((k >= 1519737) AND (k <= 1519837))

table 3 : explain SELECT k, c FROM sbtest3 WHERE k BETWEEN 1519737 AND 1519837
	Bitmap Heap Scan on sbtest3  (cost=5.50..417.45 rows=104 width=125)
	  Recheck Cond: ((k >= 1519737) AND (k <= 1519837))
	  ->  Bitmap Index Scan on k_3  (cost=0.00..5.47 rows=104 width=0)
	        Index Cond: ((k >= 1519737) AND (k <= 1519837))

table 4 : explain SELECT k, c FROM sbtest4 WHERE k BETWEEN 1519737 AND 1519837
	Bitmap Heap Scan on sbtest4  (cost=5.39..374.05 rows=93 width=125)
	  Recheck Cond: ((k >= 1519737) AND (k <= 1519837))
	  ->  Bitmap Index Scan on k_4  (cost=0.00..5.36 rows=93 width=0)
	        Index Cond: ((k >= 1519737) AND (k <= 1519837))

table 5 : explain SELECT k, c FROM sbtest5 WHERE k BETWEEN 1519737 AND 1519837
	Bitmap Heap Scan on sbtest5  (cost=5.52..425.35 rows=106 width=125)
	  Recheck Cond: ((k >= 1519737) AND (k <= 1519837))
	  ->  Bitmap Index Scan on k_5  (cost=0.00..5.50 rows=106 width=0)
	        Index Cond: ((k >= 1519737) AND (k <= 1519837))

table 6 : explain SELECT k, c FROM sbtest6 WHERE k BETWEEN 1519737 AND 1519837
	Bitmap Heap Scan on sbtest6  (cost=5.44..393.78 rows=98 width=125)
	  Recheck Cond: ((k >= 1519737) AND (k <= 1519837))
	  ->  Bitmap Index Scan on k_6  (cost=0.00..5.42 rows=98 width=0)
	        Index Cond: ((k >= 1519737) AND (k <= 1519837))

table 7 : explain SELECT k, c FROM sbtest7 WHERE k BETWEEN 1519737 AND 1519837
	Bitmap Heap Scan on sbtest7  (cost=5.70..492.34 rows=123 width=125)
	  Recheck Cond: ((k >= 1519737) AND (k <= 1519837))
	  ->  Bitmap Index Scan on k_7  (cost=0.00..5.67 rows=123 width=0)
	        Index Cond: ((k >= 1519737) AND (k <= 1519837))

table 8 : explain SELECT k, c FROM sbtest8 WHERE k BETWEEN 1519737 AND 1519837
	Bitmap Heap Scan on sbtest8  (cost=5.55..437.18 rows=109 width=125)
	  Recheck Cond: ((k >= 1519737) AND (k <= 1519837))
	  ->  Bitmap Index Scan on k_8  (cost=0.00..5.52 rows=109 width=0)
	        Index Cond: ((k >= 1519737) AND (k <= 1519837))

for range-notcovered
table 1 : explain SELECT k, c FROM sbtest1 WHERE k BETWEEN 4692475 AND 4692575
	Bitmap Heap Scan on sbtest1  (cost=5.45..397.73 rows=99 width=125)
	  Recheck Cond: ((k >= 4692475) AND (k <= 4692575))
	  ->  Bitmap Index Scan on k_1  (cost=0.00..5.42 rows=99 width=0)
	        Index Cond: ((k >= 4692475) AND (k <= 4692575))

table 2 : explain SELECT k, c FROM sbtest2 WHERE k BETWEEN 4692475 AND 4692575
	Bitmap Heap Scan on sbtest2  (cost=5.51..421.40 rows=105 width=125)
	  Recheck Cond: ((k >= 4692475) AND (k <= 4692575))
	  ->  Bitmap Index Scan on k_2  (cost=0.00..5.48 rows=105 width=0)
	        Index Cond: ((k >= 4692475) AND (k <= 4692575))

table 3 : explain SELECT k, c FROM sbtest3 WHERE k BETWEEN 4692475 AND 4692575
	Bitmap Heap Scan on sbtest3  (cost=5.41..381.94 rows=95 width=125)
	  Recheck Cond: ((k >= 4692475) AND (k <= 4692575))
	  ->  Bitmap Index Scan on k_3  (cost=0.00..5.38 rows=95 width=0)
	        Index Cond: ((k >= 4692475) AND (k <= 4692575))

table 4 : explain SELECT k, c FROM sbtest4 WHERE k BETWEEN 4692475 AND 4692575
	Bitmap Heap Scan on sbtest4  (cost=5.51..421.41 rows=105 width=125)
	  Recheck Cond: ((k >= 4692475) AND (k <= 4692575))
	  ->  Bitmap Index Scan on k_4  (cost=0.00..5.48 rows=105 width=0)
	        Index Cond: ((k >= 4692475) AND (k <= 4692575))

table 5 : explain SELECT k, c FROM sbtest5 WHERE k BETWEEN 4692475 AND 4692575
	Bitmap Heap Scan on sbtest5  (cost=5.44..393.79 rows=98 width=125)
	  Recheck Cond: ((k >= 4692475) AND (k <= 4692575))
	  ->  Bitmap Index Scan on k_5  (cost=0.00..5.42 rows=98 width=0)
	        Index Cond: ((k >= 4692475) AND (k <= 4692575))

table 6 : explain SELECT k, c FROM sbtest6 WHERE k BETWEEN 4692475 AND 4692575
	Bitmap Heap Scan on sbtest6  (cost=5.45..397.72 rows=99 width=125)
	  Recheck Cond: ((k >= 4692475) AND (k <= 4692575))
	  ->  Bitmap Index Scan on k_6  (cost=0.00..5.42 rows=99 width=0)
	        Index Cond: ((k >= 4692475) AND (k <= 4692575))

table 7 : explain SELECT k, c FROM sbtest7 WHERE k BETWEEN 4692475 AND 4692575
	Bitmap Heap Scan on sbtest7  (cost=5.53..429.29 rows=107 width=125)
	  Recheck Cond: ((k >= 4692475) AND (k <= 4692575))
	  ->  Bitmap Index Scan on k_7  (cost=0.00..5.50 rows=107 width=0)
	        Index Cond: ((k >= 4692475) AND (k <= 4692575))

table 8 : explain SELECT k, c FROM sbtest8 WHERE k BETWEEN 4692475 AND 4692575
	Bitmap Heap Scan on sbtest8  (cost=5.49..413.52 rows=103 width=125)
	  Recheck Cond: ((k >= 4692475) AND (k <= 4692575))
	  ->  Bitmap Index Scan on k_8  (cost=0.00..5.46 rows=103 width=0)
	        Index Cond: ((k >= 4692475) AND (k <= 4692575))

for range-notcovered
table 1 : explain SELECT k, c FROM sbtest1 WHERE k BETWEEN 3624693 AND 3624793
	Bitmap Heap Scan on sbtest1  (cost=5.45..397.73 rows=99 width=125)
	  Recheck Cond: ((k >= 3624693) AND (k <= 3624793))
	  ->  Bitmap Index Scan on k_1  (cost=0.00..5.42 rows=99 width=0)
	        Index Cond: ((k >= 3624693) AND (k <= 3624793))

table 2 : explain SELECT k, c FROM sbtest2 WHERE k BETWEEN 3624693 AND 3624793
	Bitmap Heap Scan on sbtest2  (cost=5.46..401.68 rows=100 width=125)
	  Recheck Cond: ((k >= 3624693) AND (k <= 3624793))
	  ->  Bitmap Index Scan on k_2  (cost=0.00..5.43 rows=100 width=0)
	        Index Cond: ((k >= 3624693) AND (k <= 3624793))

table 3 : explain SELECT k, c FROM sbtest3 WHERE k BETWEEN 3624693 AND 3624793
	Bitmap Heap Scan on sbtest3  (cost=5.48..409.56 rows=102 width=125)
	  Recheck Cond: ((k >= 3624693) AND (k <= 3624793))
	  ->  Bitmap Index Scan on k_3  (cost=0.00..5.45 rows=102 width=0)
	        Index Cond: ((k >= 3624693) AND (k <= 3624793))

table 4 : explain SELECT k, c FROM sbtest4 WHERE k BETWEEN 3624693 AND 3624793
	Bitmap Heap Scan on sbtest4  (cost=5.52..425.36 rows=106 width=125)
	  Recheck Cond: ((k >= 3624693) AND (k <= 3624793))
	  ->  Bitmap Index Scan on k_4  (cost=0.00..5.50 rows=106 width=0)
	        Index Cond: ((k >= 3624693) AND (k <= 3624793))

table 5 : explain SELECT k, c FROM sbtest5 WHERE k BETWEEN 3624693 AND 3624793
	Bitmap Heap Scan on sbtest5  (cost=5.55..437.18 rows=109 width=125)
	  Recheck Cond: ((k >= 3624693) AND (k <= 3624793))
	  ->  Bitmap Index Scan on k_5  (cost=0.00..5.52 rows=109 width=0)
	        Index Cond: ((k >= 3624693) AND (k <= 3624793))

table 6 : explain SELECT k, c FROM sbtest6 WHERE k BETWEEN 3624693 AND 3624793
	Bitmap Heap Scan on sbtest6  (cost=5.54..433.22 rows=108 width=125)
	  Recheck Cond: ((k >= 3624693) AND (k <= 3624793))
	  ->  Bitmap Index Scan on k_6  (cost=0.00..5.51 rows=108 width=0)
	        Index Cond: ((k >= 3624693) AND (k <= 3624793))

table 7 : explain SELECT k, c FROM sbtest7 WHERE k BETWEEN 3624693 AND 3624793
	Bitmap Heap Scan on sbtest7  (cost=5.36..362.20 rows=90 width=125)
	  Recheck Cond: ((k >= 3624693) AND (k <= 3624793))
	  ->  Bitmap Index Scan on k_7  (cost=0.00..5.33 rows=90 width=0)
	        Index Cond: ((k >= 3624693) AND (k <= 3624793))

table 8 : explain SELECT k, c FROM sbtest8 WHERE k BETWEEN 3624693 AND 3624793
	Bitmap Heap Scan on sbtest8  (cost=5.52..425.35 rows=106 width=125)
	  Recheck Cond: ((k >= 3624693) AND (k <= 3624793))
	  ->  Bitmap Index Scan on k_8  (cost=0.00..5.50 rows=106 width=0)
	        Index Cond: ((k >= 3624693) AND (k <= 3624793))

for range-notcovered
table 1 : explain SELECT k, c FROM sbtest1 WHERE k BETWEEN 4816729 AND 4816829
	Bitmap Heap Scan on sbtest1  (cost=5.62..464.76 rows=116 width=125)
	  Recheck Cond: ((k >= 4816729) AND (k <= 4816829))
	  ->  Bitmap Index Scan on k_1  (cost=0.00..5.59 rows=116 width=0)
	        Index Cond: ((k >= 4816729) AND (k <= 4816829))

table 2 : explain SELECT k, c FROM sbtest2 WHERE k BETWEEN 4816729 AND 4816829
	Bitmap Heap Scan on sbtest2  (cost=5.48..409.57 rows=102 width=125)
	  Recheck Cond: ((k >= 4816729) AND (k <= 4816829))
	  ->  Bitmap Index Scan on k_2  (cost=0.00..5.45 rows=102 width=0)
	        Index Cond: ((k >= 4816729) AND (k <= 4816829))

table 3 : explain SELECT k, c FROM sbtest3 WHERE k BETWEEN 4816729 AND 4816829
	Bitmap Heap Scan on sbtest3  (cost=5.48..409.56 rows=102 width=125)
	  Recheck Cond: ((k >= 4816729) AND (k <= 4816829))
	  ->  Bitmap Index Scan on k_3  (cost=0.00..5.45 rows=102 width=0)
	        Index Cond: ((k >= 4816729) AND (k <= 4816829))

table 4 : explain SELECT k, c FROM sbtest4 WHERE k BETWEEN 4816729 AND 4816829
	Bitmap Heap Scan on sbtest4  (cost=5.48..409.58 rows=102 width=125)
	  Recheck Cond: ((k >= 4816729) AND (k <= 4816829))
	  ->  Bitmap Index Scan on k_4  (cost=0.00..5.45 rows=102 width=0)
	        Index Cond: ((k >= 4816729) AND (k <= 4816829))

table 5 : explain SELECT k, c FROM sbtest5 WHERE k BETWEEN 4816729 AND 4816829
	Bitmap Heap Scan on sbtest5  (cost=5.43..389.84 rows=97 width=125)
	  Recheck Cond: ((k >= 4816729) AND (k <= 4816829))
	  ->  Bitmap Index Scan on k_5  (cost=0.00..5.40 rows=97 width=0)
	        Index Cond: ((k >= 4816729) AND (k <= 4816829))

table 6 : explain SELECT k, c FROM sbtest6 WHERE k BETWEEN 4816729 AND 4816829
	Bitmap Heap Scan on sbtest6  (cost=5.53..429.28 rows=107 width=125)
	  Recheck Cond: ((k >= 4816729) AND (k <= 4816829))
	  ->  Bitmap Index Scan on k_6  (cost=0.00..5.50 rows=107 width=0)
	        Index Cond: ((k >= 4816729) AND (k <= 4816829))

table 7 : explain SELECT k, c FROM sbtest7 WHERE k BETWEEN 4816729 AND 4816829
	Bitmap Heap Scan on sbtest7  (cost=5.53..429.29 rows=107 width=125)
	  Recheck Cond: ((k >= 4816729) AND (k <= 4816829))
	  ->  Bitmap Index Scan on k_7  (cost=0.00..5.50 rows=107 width=0)
	        Index Cond: ((k >= 4816729) AND (k <= 4816829))

table 8 : explain SELECT k, c FROM sbtest8 WHERE k BETWEEN 4816729 AND 4816829
	Bitmap Heap Scan on sbtest8  (cost=5.56..441.12 rows=110 width=125)
	  Recheck Cond: ((k >= 4816729) AND (k <= 4816829))
	  ->  Bitmap Index Scan on k_8  (cost=0.00..5.53 rows=110 width=0)
	        Index Cond: ((k >= 4816729) AND (k <= 4816829))

for range-notcovered
table 1 : explain SELECT k, c FROM sbtest1 WHERE k BETWEEN 4426134 AND 4426234
	Bitmap Heap Scan on sbtest1  (cost=5.45..397.73 rows=99 width=125)
	  Recheck Cond: ((k >= 4426134) AND (k <= 4426234))
	  ->  Bitmap Index Scan on k_1  (cost=0.00..5.42 rows=99 width=0)
	        Index Cond: ((k >= 4426134) AND (k <= 4426234))

table 2 : explain SELECT k, c FROM sbtest2 WHERE k BETWEEN 4426134 AND 4426234
	Bitmap Heap Scan on sbtest2  (cost=5.50..417.46 rows=104 width=125)
	  Recheck Cond: ((k >= 4426134) AND (k <= 4426234))
	  ->  Bitmap Index Scan on k_2  (cost=0.00..5.47 rows=104 width=0)
	        Index Cond: ((k >= 4426134) AND (k <= 4426234))

table 3 : explain SELECT k, c FROM sbtest3 WHERE k BETWEEN 4426134 AND 4426234
	Bitmap Heap Scan on sbtest3  (cost=5.41..381.94 rows=95 width=125)
	  Recheck Cond: ((k >= 4426134) AND (k <= 4426234))
	  ->  Bitmap Index Scan on k_3  (cost=0.00..5.38 rows=95 width=0)
	        Index Cond: ((k >= 4426134) AND (k <= 4426234))

table 4 : explain SELECT k, c FROM sbtest4 WHERE k BETWEEN 4426134 AND 4426234
	Bitmap Heap Scan on sbtest4  (cost=5.48..409.58 rows=102 width=125)
	  Recheck Cond: ((k >= 4426134) AND (k <= 4426234))
	  ->  Bitmap Index Scan on k_4  (cost=0.00..5.45 rows=102 width=0)
	        Index Cond: ((k >= 4426134) AND (k <= 4426234))

table 5 : explain SELECT k, c FROM sbtest5 WHERE k BETWEEN 4426134 AND 4426234
	Bitmap Heap Scan on sbtest5  (cost=5.45..397.73 rows=99 width=125)
	  Recheck Cond: ((k >= 4426134) AND (k <= 4426234))
	  ->  Bitmap Index Scan on k_5  (cost=0.00..5.42 rows=99 width=0)
	        Index Cond: ((k >= 4426134) AND (k <= 4426234))

table 6 : explain SELECT k, c FROM sbtest6 WHERE k BETWEEN 4426134 AND 4426234
	Bitmap Heap Scan on sbtest6  (cost=5.47..405.61 rows=101 width=125)
	  Recheck Cond: ((k >= 4426134) AND (k <= 4426234))
	  ->  Bitmap Index Scan on k_6  (cost=0.00..5.44 rows=101 width=0)
	        Index Cond: ((k >= 4426134) AND (k <= 4426234))

table 7 : explain SELECT k, c FROM sbtest7 WHERE k BETWEEN 4426134 AND 4426234
	Bitmap Heap Scan on sbtest7  (cost=5.50..417.46 rows=104 width=125)
	  Recheck Cond: ((k >= 4426134) AND (k <= 4426234))
	  ->  Bitmap Index Scan on k_7  (cost=0.00..5.47 rows=104 width=0)
	        Index Cond: ((k >= 4426134) AND (k <= 4426234))

table 8 : explain SELECT k, c FROM sbtest8 WHERE k BETWEEN 4426134 AND 4426234
	Bitmap Heap Scan on sbtest8  (cost=5.49..413.52 rows=103 width=125)
	  Recheck Cond: ((k >= 4426134) AND (k <= 4426234))
	  ->  Bitmap Index Scan on k_8  (cost=0.00..5.46 rows=103 width=0)
	        Index Cond: ((k >= 4426134) AND (k <= 4426234))
for range-notcovered
table 1 : explain SELECT k, c FROM sbtest1 WHERE k BETWEEN 7584845 AND 7584945
	Bitmap Heap Scan on sbtest1  (cost=5.53..429.29 rows=107 width=125)
	  Recheck Cond: ((k >= 7584845) AND (k <= 7584945))
	  ->  Bitmap Index Scan on k_1  (cost=0.00..5.50 rows=107 width=0)
	        Index Cond: ((k >= 7584845) AND (k <= 7584945))

table 2 : explain SELECT k, c FROM sbtest2 WHERE k BETWEEN 7584845 AND 7584945
	Bitmap Heap Scan on sbtest2  (cost=5.53..429.29 rows=107 width=125)
	  Recheck Cond: ((k >= 7584845) AND (k <= 7584945))
	  ->  Bitmap Index Scan on k_2  (cost=0.00..5.50 rows=107 width=0)
	        Index Cond: ((k >= 7584845) AND (k <= 7584945))

table 3 : explain SELECT k, c FROM sbtest3 WHERE k BETWEEN 7584845 AND 7584945
	Bitmap Heap Scan on sbtest3  (cost=5.40..377.99 rows=94 width=125)
	  Recheck Cond: ((k >= 7584845) AND (k <= 7584945))
	  ->  Bitmap Index Scan on k_3  (cost=0.00..5.38 rows=94 width=0)
	        Index Cond: ((k >= 7584845) AND (k <= 7584945))

table 4 : explain SELECT k, c FROM sbtest4 WHERE k BETWEEN 7584845 AND 7584945
	Bitmap Heap Scan on sbtest4  (cost=5.42..385.90 rows=96 width=125)
	  Recheck Cond: ((k >= 7584845) AND (k <= 7584945))
	  ->  Bitmap Index Scan on k_4  (cost=0.00..5.39 rows=96 width=0)
	        Index Cond: ((k >= 7584845) AND (k <= 7584945))

table 5 : explain SELECT k, c FROM sbtest5 WHERE k BETWEEN 7584845 AND 7584945
	Bitmap Heap Scan on sbtest5  (cost=5.47..405.62 rows=101 width=125)
	  Recheck Cond: ((k >= 7584845) AND (k <= 7584945))
	  ->  Bitmap Index Scan on k_5  (cost=0.00..5.44 rows=101 width=0)
	        Index Cond: ((k >= 7584845) AND (k <= 7584945))

table 6 : explain SELECT k, c FROM sbtest6 WHERE k BETWEEN 7584845 AND 7584945
	Bitmap Heap Scan on sbtest6  (cost=5.48..409.56 rows=102 width=125)
	  Recheck Cond: ((k >= 7584845) AND (k <= 7584945))
	  ->  Bitmap Index Scan on k_6  (cost=0.00..5.45 rows=102 width=0)
	        Index Cond: ((k >= 7584845) AND (k <= 7584945))

table 7 : explain SELECT k, c FROM sbtest7 WHERE k BETWEEN 7584845 AND 7584945
	Bitmap Heap Scan on sbtest7  (cost=5.48..409.57 rows=102 width=125)
	  Recheck Cond: ((k >= 7584845) AND (k <= 7584945))
	  ->  Bitmap Index Scan on k_7  (cost=0.00..5.45 rows=102 width=0)
	        Index Cond: ((k >= 7584845) AND (k <= 7584945))

table 8 : explain SELECT k, c FROM sbtest8 WHERE k BETWEEN 7584845 AND 7584945
	Bitmap Heap Scan on sbtest8  (cost=5.56..441.12 rows=110 width=125)
	  Recheck Cond: ((k >= 7584845) AND (k <= 7584945))
	  ->  Bitmap Index Scan on k_8  (cost=0.00..5.53 rows=110 width=0)
	        Index Cond: ((k >= 7584845) AND (k <= 7584945))
explain: for range-notcovered :: explain SELECT k, c FROM sbtest%d WHERE k BETWEEN 4961523 AND 4961623for range-notcovered
table 1 : explain SELECT k, c FROM sbtest1 WHERE k BETWEEN 7515649 AND 7515749
	Bitmap Heap Scan on sbtest1  (cost=5.53..429.29 rows=107 width=125)
	  Recheck Cond: ((k >= 7515649) AND (k <= 7515749))
	  ->  Bitmap Index Scan on k_1  (cost=0.00..5.50 rows=107 width=0)
	        Index Cond: ((k >= 7515649) AND (k <= 7515749))

table 2 : explain SELECT k, c FROM sbtest2 WHERE k BETWEEN 7515649 AND 7515749
	Bitmap Heap Scan on sbtest2  (cost=5.53..429.29 rows=107 width=125)
	  Recheck Cond: ((k >= 7515649) AND (k <= 7515749))
	  ->  Bitmap Index Scan on k_2  (cost=0.00..5.50 rows=107 width=0)
	        Index Cond: ((k >= 7515649) AND (k <= 7515749))

table 3 : explain SELECT k, c FROM sbtest3 WHERE k BETWEEN 7515649 AND 7515749
	Bitmap Heap Scan on sbtest3  (cost=5.40..377.99 rows=94 width=125)
	  Recheck Cond: ((k >= 7515649) AND (k <= 7515749))
	  ->  Bitmap Index Scan on k_3  (cost=0.00..5.38 rows=94 width=0)
	        Index Cond: ((k >= 7515649) AND (k <= 7515749))

table 4 : explain SELECT k, c FROM sbtest4 WHERE k BETWEEN 7515649 AND 7515749
	Bitmap Heap Scan on sbtest4  (cost=5.42..385.90 rows=96 width=125)
	  Recheck Cond: ((k >= 7515649) AND (k <= 7515749))
	  ->  Bitmap Index Scan on k_4  (cost=0.00..5.39 rows=96 width=0)
	        Index Cond: ((k >= 7515649) AND (k <= 7515749))

table 5 : explain SELECT k, c FROM sbtest5 WHERE k BETWEEN 7515649 AND 7515749
	Bitmap Heap Scan on sbtest5  (cost=5.47..405.62 rows=101 width=125)
	  Recheck Cond: ((k >= 7515649) AND (k <= 7515749))
	  ->  Bitmap Index Scan on k_5  (cost=0.00..5.44 rows=101 width=0)
	        Index Cond: ((k >= 7515649) AND (k <= 7515749))

table 6 : explain SELECT k, c FROM sbtest6 WHERE k BETWEEN 7515649 AND 7515749
	Bitmap Heap Scan on sbtest6  (cost=5.51..421.39 rows=105 width=125)
	  Recheck Cond: ((k >= 7515649) AND (k <= 7515749))
	  ->  Bitmap Index Scan on k_6  (cost=0.00..5.48 rows=105 width=0)
	        Index Cond: ((k >= 7515649) AND (k <= 7515749))

table 7 : explain SELECT k, c FROM sbtest7 WHERE k BETWEEN 7515649 AND 7515749
	Bitmap Heap Scan on sbtest7  (cost=5.46..401.68 rows=100 width=125)
	  Recheck Cond: ((k >= 7515649) AND (k <= 7515749))
	  ->  Bitmap Index Scan on k_7  (cost=0.00..5.43 rows=100 width=0)
	        Index Cond: ((k >= 7515649) AND (k <= 7515749))

table 8 : explain SELECT k, c FROM sbtest8 WHERE k BETWEEN 7515649 AND 7515749
	Bitmap Heap Scan on sbtest8  (cost=5.56..441.12 rows=110 width=125)
	  Recheck Cond: ((k >= 7515649) AND (k <= 7515749))
	  ->  Bitmap Index Scan on k_8  (cost=0.00..5.53 rows=110 width=0)
	        Index Cond: ((k >= 7515649) AND (k <= 7515749))

for range-notcovered
table 1 : explain SELECT k, c FROM sbtest1 WHERE k BETWEEN 9205847 AND 9205947
	Bitmap Heap Scan on sbtest1  (cost=5.47..405.62 rows=101 width=125)
	  Recheck Cond: ((k >= 9205847) AND (k <= 9205947))
	  ->  Bitmap Index Scan on k_1  (cost=0.00..5.44 rows=101 width=0)
	        Index Cond: ((k >= 9205847) AND (k <= 9205947))

table 2 : explain SELECT k, c FROM sbtest2 WHERE k BETWEEN 9205847 AND 9205947
	Bitmap Heap Scan on sbtest2  (cost=5.54..433.23 rows=108 width=125)
	  Recheck Cond: ((k >= 9205847) AND (k <= 9205947))
	  ->  Bitmap Index Scan on k_2  (cost=0.00..5.51 rows=108 width=0)
	        Index Cond: ((k >= 9205847) AND (k <= 9205947))

table 3 : explain SELECT k, c FROM sbtest3 WHERE k BETWEEN 9205847 AND 9205947
	Bitmap Heap Scan on sbtest3  (cost=5.47..405.62 rows=101 width=125)
	  Recheck Cond: ((k >= 9205847) AND (k <= 9205947))
	  ->  Bitmap Index Scan on k_3  (cost=0.00..5.44 rows=101 width=0)
	        Index Cond: ((k >= 9205847) AND (k <= 9205947))

table 4 : explain SELECT k, c FROM sbtest4 WHERE k BETWEEN 9205847 AND 9205947
	Bitmap Heap Scan on sbtest4  (cost=5.52..425.36 rows=106 width=125)
	  Recheck Cond: ((k >= 9205847) AND (k <= 9205947))
	  ->  Bitmap Index Scan on k_4  (cost=0.00..5.50 rows=106 width=0)
	        Index Cond: ((k >= 9205847) AND (k <= 9205947))

table 5 : explain SELECT k, c FROM sbtest5 WHERE k BETWEEN 9205847 AND 9205947
	Bitmap Heap Scan on sbtest5  (cost=5.46..401.68 rows=100 width=125)
	  Recheck Cond: ((k >= 9205847) AND (k <= 9205947))
	  ->  Bitmap Index Scan on k_5  (cost=0.00..5.43 rows=100 width=0)
	        Index Cond: ((k >= 9205847) AND (k <= 9205947))

table 6 : explain SELECT k, c FROM sbtest6 WHERE k BETWEEN 9205847 AND 9205947
	Bitmap Heap Scan on sbtest6  (cost=5.52..425.34 rows=106 width=125)
	  Recheck Cond: ((k >= 9205847) AND (k <= 9205947))
	  ->  Bitmap Index Scan on k_6  (cost=0.00..5.50 rows=106 width=0)
	        Index Cond: ((k >= 9205847) AND (k <= 9205947))

table 7 : explain SELECT k, c FROM sbtest7 WHERE k BETWEEN 9205847 AND 9205947
	Bitmap Heap Scan on sbtest7  (cost=5.45..397.73 rows=99 width=125)
	  Recheck Cond: ((k >= 9205847) AND (k <= 9205947))
	  ->  Bitmap Index Scan on k_7  (cost=0.00..5.42 rows=99 width=0)
	        Index Cond: ((k >= 9205847) AND (k <= 9205947))

table 8 : explain SELECT k, c FROM sbtest8 WHERE k BETWEEN 9205847 AND 9205947
	Bitmap Heap Scan on sbtest8  (cost=5.52..425.35 rows=106 width=125)
	  Recheck Cond: ((k >= 9205847) AND (k <= 9205947))
	  ->  Bitmap Index Scan on k_8  (cost=0.00..5.50 rows=106 width=0)
	        Index Cond: ((k >= 9205847) AND (k <= 9205947))
explain: for range-notcovered :: explain SELECT k, c FROM sbtest%d WHERE k BETWEEN 4816729 AND 4816829for range-notcovered
table 1 : explain SELECT k, c FROM sbtest1 WHERE k BETWEEN 3177838 AND 3177938
	Bitmap Heap Scan on sbtest1  (cost=5.55..437.17 rows=109 width=125)
	  Recheck Cond: ((k >= 3177838) AND (k <= 3177938))
	  ->  Bitmap Index Scan on k_1  (cost=0.00..5.52 rows=109 width=0)
	        Index Cond: ((k >= 3177838) AND (k <= 3177938))

table 2 : explain SELECT k, c FROM sbtest2 WHERE k BETWEEN 3177838 AND 3177938
	Bitmap Heap Scan on sbtest2  (cost=5.44..393.79 rows=98 width=125)
	  Recheck Cond: ((k >= 3177838) AND (k <= 3177938))
	  ->  Bitmap Index Scan on k_2  (cost=0.00..5.42 rows=98 width=0)
	        Index Cond: ((k >= 3177838) AND (k <= 3177938))

table 3 : explain SELECT k, c FROM sbtest3 WHERE k BETWEEN 3177838 AND 3177938
	Bitmap Heap Scan on sbtest3  (cost=5.49..413.51 rows=103 width=125)
	  Recheck Cond: ((k >= 3177838) AND (k <= 3177938))
	  ->  Bitmap Index Scan on k_3  (cost=0.00..5.46 rows=103 width=0)
	        Index Cond: ((k >= 3177838) AND (k <= 3177938))

table 4 : explain SELECT k, c FROM sbtest4 WHERE k BETWEEN 3177838 AND 3177938
	Bitmap Heap Scan on sbtest4  (cost=5.54..433.24 rows=108 width=125)
	  Recheck Cond: ((k >= 3177838) AND (k <= 3177938))
	  ->  Bitmap Index Scan on k_4  (cost=0.00..5.51 rows=108 width=0)
	        Index Cond: ((k >= 3177838) AND (k <= 3177938))

table 5 : explain SELECT k, c FROM sbtest5 WHERE k BETWEEN 3177838 AND 3177938
	Bitmap Heap Scan on sbtest5  (cost=5.46..401.68 rows=100 width=125)
	  Recheck Cond: ((k >= 3177838) AND (k <= 3177938))
	  ->  Bitmap Index Scan on k_5  (cost=0.00..5.43 rows=100 width=0)
	        Index Cond: ((k >= 3177838) AND (k <= 3177938))

table 6 : explain SELECT k, c FROM sbtest6 WHERE k BETWEEN 3177838 AND 3177938
	Bitmap Heap Scan on sbtest6  (cost=5.58..448.99 rows=112 width=125)
	  Recheck Cond: ((k >= 3177838) AND (k <= 3177938))
	  ->  Bitmap Index Scan on k_6  (cost=0.00..5.55 rows=112 width=0)
	        Index Cond: ((k >= 3177838) AND (k <= 3177938))

table 7 : explain SELECT k, c FROM sbtest7 WHERE k BETWEEN 3177838 AND 3177938
	Bitmap Heap Scan on sbtest7  (cost=5.45..397.73 rows=99 width=125)
	  Recheck Cond: ((k >= 3177838) AND (k <= 3177938))
	  ->  Bitmap Index Scan on k_7  (cost=0.00..5.42 rows=99 width=0)
	        Index Cond: ((k >= 3177838) AND (k <= 3177938))

table 8 : explain SELECT k, c FROM sbtest8 WHERE k BETWEEN 3177838 AND 3177938
	Bitmap Heap Scan on sbtest8  (cost=5.51..421.40 rows=105 width=125)
	  Recheck Cond: ((k >= 3177838) AND (k <= 3177938))
	  ->  Bitmap Index Scan on k_8  (cost=0.00..5.48 rows=105 width=0)
	        Index Cond: ((k >= 3177838) AND (k <= 3177938))


for range-notcovered
table 1 : explain SELECT k, c FROM sbtest1 WHERE k BETWEEN 4404507 AND 4404607
	Bitmap Heap Scan on sbtest1  (cost=5.45..397.73 rows=99 width=125)
	  Recheck Cond: ((k >= 4404507) AND (k <= 4404607))
	  ->  Bitmap Index Scan on k_1  (cost=0.00..5.42 rows=99 width=0)
	        Index Cond: ((k >= 4404507) AND (k <= 4404607))

table 2 : explain SELECT k, c FROM sbtest2 WHERE k BETWEEN 4404507 AND 4404607
	Bitmap Heap Scan on sbtest2  (cost=5.50..417.46 rows=104 width=125)
	  Recheck Cond: ((k >= 4404507) AND (k <= 4404607))
	  ->  Bitmap Index Scan on k_2  (cost=0.00..5.47 rows=104 width=0)
	        Index Cond: ((k >= 4404507) AND (k <= 4404607))

table 3 : explain SELECT k, c FROM sbtest3 WHERE k BETWEEN 4404507 AND 4404607
	Bitmap Heap Scan on sbtest3  (cost=5.41..381.94 rows=95 width=125)
	  Recheck Cond: ((k >= 4404507) AND (k <= 4404607))
	  ->  Bitmap Index Scan on k_3  (cost=0.00..5.38 rows=95 width=0)
	        Index Cond: ((k >= 4404507) AND (k <= 4404607))

table 4 : explain SELECT k, c FROM sbtest4 WHERE k BETWEEN 4404507 AND 4404607
	Bitmap Heap Scan on sbtest4  (cost=5.48..409.58 rows=102 width=125)
	  Recheck Cond: ((k >= 4404507) AND (k <= 4404607))
	  ->  Bitmap Index Scan on k_4  (cost=0.00..5.45 rows=102 width=0)
	        Index Cond: ((k >= 4404507) AND (k <= 4404607))

table 5 : explain SELECT k, c FROM sbtest5 WHERE k BETWEEN 4404507 AND 4404607
	Bitmap Heap Scan on sbtest5  (cost=5.45..397.73 rows=99 width=125)
	  Recheck Cond: ((k >= 4404507) AND (k <= 4404607))
	  ->  Bitmap Index Scan on k_5  (cost=0.00..5.42 rows=99 width=0)
	        Index Cond: ((k >= 4404507) AND (k <= 4404607))

table 6 : explain SELECT k, c FROM sbtest6 WHERE k BETWEEN 4404507 AND 4404607
	Bitmap Heap Scan on sbtest6  (cost=5.50..417.45 rows=104 width=125)
	  Recheck Cond: ((k >= 4404507) AND (k <= 4404607))
	  ->  Bitmap Index Scan on k_6  (cost=0.00..5.47 rows=104 width=0)
	        Index Cond: ((k >= 4404507) AND (k <= 4404607))

table 7 : explain SELECT k, c FROM sbtest7 WHERE k BETWEEN 4404507 AND 4404607
	Bitmap Heap Scan on sbtest7  (cost=5.50..417.46 rows=104 width=125)
	  Recheck Cond: ((k >= 4404507) AND (k <= 4404607))
	  ->  Bitmap Index Scan on k_7  (cost=0.00..5.47 rows=104 width=0)
	        Index Cond: ((k >= 4404507) AND (k <= 4404607))

table 8 : explain SELECT k, c FROM sbtest8 WHERE k BETWEEN 4404507 AND 4404607
	Bitmap Heap Scan on sbtest8  (cost=5.49..413.52 rows=103 width=125)
	  Recheck Cond: ((k >= 4404507) AND (k <= 4404607))
	  ->  Bitmap Index Scan on k_8  (cost=0.00..5.46 rows=103 width=0)
	        Index Cond: ((k >= 4404507) AND (k <= 4404607))

for range-notcovered
table 1 : explain SELECT k, c FROM sbtest1 WHERE k BETWEEN 931144 AND 931244
	Bitmap Heap Scan on sbtest1  (cost=5.50..417.46 rows=104 width=125)
	  Recheck Cond: ((k >= 931144) AND (k <= 931244))
	  ->  Bitmap Index Scan on k_1  (cost=0.00..5.47 rows=104 width=0)
	        Index Cond: ((k >= 931144) AND (k <= 931244))

table 2 : explain SELECT k, c FROM sbtest2 WHERE k BETWEEN 931144 AND 931244
	Bitmap Heap Scan on sbtest2  (cost=5.48..409.57 rows=102 width=125)
	  Recheck Cond: ((k >= 931144) AND (k <= 931244))
	  ->  Bitmap Index Scan on k_2  (cost=0.00..5.45 rows=102 width=0)
	        Index Cond: ((k >= 931144) AND (k <= 931244))

table 3 : explain SELECT k, c FROM sbtest3 WHERE k BETWEEN 931144 AND 931244
	Bitmap Heap Scan on sbtest3  (cost=5.47..405.62 rows=101 width=125)
	  Recheck Cond: ((k >= 931144) AND (k <= 931244))
	  ->  Bitmap Index Scan on k_3  (cost=0.00..5.44 rows=101 width=0)
	        Index Cond: ((k >= 931144) AND (k <= 931244))

table 4 : explain SELECT k, c FROM sbtest4 WHERE k BETWEEN 931144 AND 931244
	Bitmap Heap Scan on sbtest4  (cost=5.46..401.69 rows=100 width=125)
	  Recheck Cond: ((k >= 931144) AND (k <= 931244))
	  ->  Bitmap Index Scan on k_4  (cost=0.00..5.43 rows=100 width=0)
	        Index Cond: ((k >= 931144) AND (k <= 931244))

table 5 : explain SELECT k, c FROM sbtest5 WHERE k BETWEEN 931144 AND 931244
	Bitmap Heap Scan on sbtest5  (cost=5.55..437.18 rows=109 width=125)
	  Recheck Cond: ((k >= 931144) AND (k <= 931244))
	  ->  Bitmap Index Scan on k_5  (cost=0.00..5.52 rows=109 width=0)
	        Index Cond: ((k >= 931144) AND (k <= 931244))

table 6 : explain SELECT k, c FROM sbtest6 WHERE k BETWEEN 931144 AND 931244
	Bitmap Heap Scan on sbtest6  (cost=5.42..385.88 rows=96 width=125)
	  Recheck Cond: ((k >= 931144) AND (k <= 931244))
	  ->  Bitmap Index Scan on k_6  (cost=0.00..5.39 rows=96 width=0)
	        Index Cond: ((k >= 931144) AND (k <= 931244))

table 7 : explain SELECT k, c FROM sbtest7 WHERE k BETWEEN 931144 AND 931244
	Bitmap Heap Scan on sbtest7  (cost=5.54..433.24 rows=108 width=125)
	  Recheck Cond: ((k >= 931144) AND (k <= 931244))
	  ->  Bitmap Index Scan on k_7  (cost=0.00..5.51 rows=108 width=0)
	        Index Cond: ((k >= 931144) AND (k <= 931244))

table 8 : explain SELECT k, c FROM sbtest8 WHERE k BETWEEN 931144 AND 931244
	Bitmap Heap Scan on sbtest8  (cost=5.46..401.68 rows=100 width=125)
	  Recheck Cond: ((k >= 931144) AND (k <= 931244))
	  ->  Bitmap Index Scan on k_8  (cost=0.00..5.43 rows=100 width=0)
	        Index Cond: ((k >= 931144) AND (k <= 931244))

explain: for range-notcovered :: explain SELECT k, c FROM sbtest%d WHERE k BETWEEN 6594822 AND 6594922

explain: for range-notcovered :: explain SELECT k, c FROM sbtest%d WHERE k BETWEEN 3177838 AND 3177938

for range-notcovered
table 1 : explain SELECT k, c FROM sbtest1 WHERE k BETWEEN 5735179 AND 5735279
	Bitmap Heap Scan on sbtest1  (cost=5.38..370.09 rows=92 width=125)
	  Recheck Cond: ((k >= 5735179) AND (k <= 5735279))
	  ->  Bitmap Index Scan on k_1  (cost=0.00..5.35 rows=92 width=0)
	        Index Cond: ((k >= 5735179) AND (k <= 5735279))

table 2 : explain SELECT k, c FROM sbtest2 WHERE k BETWEEN 5735179 AND 5735279
	Bitmap Heap Scan on sbtest2  (cost=5.59..452.94 rows=113 width=125)
	  Recheck Cond: ((k >= 5735179) AND (k <= 5735279))
	  ->  Bitmap Index Scan on k_2  (cost=0.00..5.56 rows=113 width=0)
	        Index Cond: ((k >= 5735179) AND (k <= 5735279))

table 3 : explain SELECT k, c FROM sbtest3 WHERE k BETWEEN 5735179 AND 5735279
	Bitmap Heap Scan on sbtest3  (cost=5.60..456.87 rows=114 width=125)
	  Recheck Cond: ((k >= 5735179) AND (k <= 5735279))
	  ->  Bitmap Index Scan on k_3  (cost=0.00..5.58 rows=114 width=0)
	        Index Cond: ((k >= 5735179) AND (k <= 5735279))

table 4 : explain SELECT k, c FROM sbtest4 WHERE k BETWEEN 5735179 AND 5735279
	Bitmap Heap Scan on sbtest4  (cost=5.53..429.30 rows=107 width=125)
	  Recheck Cond: ((k >= 5735179) AND (k <= 5735279))
	  ->  Bitmap Index Scan on k_4  (cost=0.00..5.50 rows=107 width=0)
	        Index Cond: ((k >= 5735179) AND (k <= 5735279))

table 5 : explain SELECT k, c FROM sbtest5 WHERE k BETWEEN 5735179 AND 5735279
	Bitmap Heap Scan on sbtest5  (cost=5.41..381.94 rows=95 width=125)
	  Recheck Cond: ((k >= 5735179) AND (k <= 5735279))
	  ->  Bitmap Index Scan on k_5  (cost=0.00..5.38 rows=95 width=0)
	        Index Cond: ((k >= 5735179) AND (k <= 5735279))

table 6 : explain SELECT k, c FROM sbtest6 WHERE k BETWEEN 5735179 AND 5735279
	Bitmap Heap Scan on sbtest6  (cost=5.42..385.88 rows=96 width=125)
	  Recheck Cond: ((k >= 5735179) AND (k <= 5735279))
	  ->  Bitmap Index Scan on k_6  (cost=0.00..5.39 rows=96 width=0)
	        Index Cond: ((k >= 5735179) AND (k <= 5735279))

table 7 : explain SELECT k, c FROM sbtest7 WHERE k BETWEEN 5735179 AND 5735279
	Bitmap Heap Scan on sbtest7  (cost=5.44..393.79 rows=98 width=125)
	  Recheck Cond: ((k >= 5735179) AND (k <= 5735279))
	  ->  Bitmap Index Scan on k_7  (cost=0.00..5.42 rows=98 width=0)
	        Index Cond: ((k >= 5735179) AND (k <= 5735279))

table 8 : explain SELECT k, c FROM sbtest8 WHERE k BETWEEN 5735179 AND 5735279
	Bitmap Heap Scan on sbtest8  (cost=5.54..433.23 rows=108 width=125)
	  Recheck Cond: ((k >= 5735179) AND (k <= 5735279))
	  ->  Bitmap Index Scan on k_8  (cost=0.00..5.51 rows=108 width=0)
	        Index Cond: ((k >= 5735179) AND (k <= 5735279))

explain: for range-notcovered :: explain SELECT k, c FROM sbtest%d WHERE k BETWEEN 4404507 AND 4404607


for range-notcovered
table 1 : explain SELECT k, c FROM sbtest1 WHERE k BETWEEN 5793286 AND 5793386
	Bitmap Heap Scan on sbtest1  (cost=5.38..370.09 rows=92 width=125)
	  Recheck Cond: ((k >= 5793286) AND (k <= 5793386))
	  ->  Bitmap Index Scan on k_1  (cost=0.00..5.35 rows=92 width=0)
	        Index Cond: ((k >= 5793286) AND (k <= 5793386))

table 2 : explain SELECT k, c FROM sbtest2 WHERE k BETWEEN 5793286 AND 5793386
	Bitmap Heap Scan on sbtest2  (cost=5.54..433.23 rows=108 width=125)
	  Recheck Cond: ((k >= 5793286) AND (k <= 5793386))
	  ->  Bitmap Index Scan on k_2  (cost=0.00..5.51 rows=108 width=0)
	        Index Cond: ((k >= 5793286) AND (k <= 5793386))

table 3 : explain SELECT k, c FROM sbtest3 WHERE k BETWEEN 5793286 AND 5793386
	Bitmap Heap Scan on sbtest3  (cost=5.44..393.78 rows=98 width=125)
	  Recheck Cond: ((k >= 5793286) AND (k <= 5793386))
	  ->  Bitmap Index Scan on k_3  (cost=0.00..5.42 rows=98 width=0)
	        Index Cond: ((k >= 5793286) AND (k <= 5793386))

table 4 : explain SELECT k, c FROM sbtest4 WHERE k BETWEEN 5793286 AND 5793386
	Bitmap Heap Scan on sbtest4  (cost=5.53..429.30 rows=107 width=125)
	  Recheck Cond: ((k >= 5793286) AND (k <= 5793386))
	  ->  Bitmap Index Scan on k_4  (cost=0.00..5.50 rows=107 width=0)
	        Index Cond: ((k >= 5793286) AND (k <= 5793386))

table 5 : explain SELECT k, c FROM sbtest5 WHERE k BETWEEN 5793286 AND 5793386
	Bitmap Heap Scan on sbtest5  (cost=5.37..366.15 rows=91 width=125)
	  Recheck Cond: ((k >= 5793286) AND (k <= 5793386))
	  ->  Bitmap Index Scan on k_5  (cost=0.00..5.34 rows=91 width=0)
	        Index Cond: ((k >= 5793286) AND (k <= 5793386))

table 6 : explain SELECT k, c FROM sbtest6 WHERE k BETWEEN 5793286 AND 5793386
	Bitmap Heap Scan on sbtest6  (cost=5.42..385.88 rows=96 width=125)
	  Recheck Cond: ((k >= 5793286) AND (k <= 5793386))
	  ->  Bitmap Index Scan on k_6  (cost=0.00..5.39 rows=96 width=0)
	        Index Cond: ((k >= 5793286) AND (k <= 5793386))

table 7 : explain SELECT k, c FROM sbtest7 WHERE k BETWEEN 5793286 AND 5793386
	Bitmap Heap Scan on sbtest7  (cost=5.51..421.40 rows=105 width=125)
	  Recheck Cond: ((k >= 5793286) AND (k <= 5793386))
	  ->  Bitmap Index Scan on k_7  (cost=0.00..5.48 rows=105 width=0)
	        Index Cond: ((k >= 5793286) AND (k <= 5793386))

table 8 : explain SELECT k, c FROM sbtest8 WHERE k BETWEEN 5793286 AND 5793386
	Bitmap Heap Scan on sbtest8  (cost=5.44..393.79 rows=98 width=125)
	  Recheck Cond: ((k >= 5793286) AND (k <= 5793386))
	  ->  Bitmap Index Scan on k_8  (cost=0.00..5.42 rows=98 width=0)
	        Index Cond: ((k >= 5793286) AND (k <= 5793386))


for range-notcovered
table 1 : explain SELECT k, c FROM sbtest1 WHERE k BETWEEN 2288614 AND 2288714
	Bitmap Heap Scan on sbtest1  (cost=5.56..441.12 rows=110 width=125)
	  Recheck Cond: ((k >= 2288614) AND (k <= 2288714))
	  ->  Bitmap Index Scan on k_1  (cost=0.00..5.53 rows=110 width=0)
	        Index Cond: ((k >= 2288614) AND (k <= 2288714))

table 2 : explain SELECT k, c FROM sbtest2 WHERE k BETWEEN 2288614 AND 2288714
	Bitmap Heap Scan on sbtest2  (cost=5.41..381.94 rows=95 width=125)
	  Recheck Cond: ((k >= 2288614) AND (k <= 2288714))
	  ->  Bitmap Index Scan on k_2  (cost=0.00..5.38 rows=95 width=0)
	        Index Cond: ((k >= 2288614) AND (k <= 2288714))

table 3 : explain SELECT k, c FROM sbtest3 WHERE k BETWEEN 2288614 AND 2288714
	Bitmap Heap Scan on sbtest3  (cost=5.49..413.51 rows=103 width=125)
	  Recheck Cond: ((k >= 2288614) AND (k <= 2288714))
	  ->  Bitmap Index Scan on k_3  (cost=0.00..5.46 rows=103 width=0)
	        Index Cond: ((k >= 2288614) AND (k <= 2288714))

table 4 : explain SELECT k, c FROM sbtest4 WHERE k BETWEEN 2288614 AND 2288714
	Bitmap Heap Scan on sbtest4  (cost=5.35..358.25 rows=89 width=125)
	  Recheck Cond: ((k >= 2288614) AND (k <= 2288714))
	  ->  Bitmap Index Scan on k_4  (cost=0.00..5.32 rows=89 width=0)
	        Index Cond: ((k >= 2288614) AND (k <= 2288714))

table 5 : explain SELECT k, c FROM sbtest5 WHERE k BETWEEN 2288614 AND 2288714
	Bitmap Heap Scan on sbtest5  (cost=5.53..429.29 rows=107 width=125)
	  Recheck Cond: ((k >= 2288614) AND (k <= 2288714))
	  ->  Bitmap Index Scan on k_5  (cost=0.00..5.50 rows=107 width=0)
	        Index Cond: ((k >= 2288614) AND (k <= 2288714))

table 6 : explain SELECT k, c FROM sbtest6 WHERE k BETWEEN 2288614 AND 2288714
	Bitmap Heap Scan on sbtest6  (cost=5.48..409.56 rows=102 width=125)
	  Recheck Cond: ((k >= 2288614) AND (k <= 2288714))
	  ->  Bitmap Index Scan on k_6  (cost=0.00..5.45 rows=102 width=0)
	        Index Cond: ((k >= 2288614) AND (k <= 2288714))

table 7 : explain SELECT k, c FROM sbtest7 WHERE k BETWEEN 2288614 AND 2288714
	Bitmap Heap Scan on sbtest7  (cost=5.50..417.46 rows=104 width=125)
	  Recheck Cond: ((k >= 2288614) AND (k <= 2288714))
	  ->  Bitmap Index Scan on k_7  (cost=0.00..5.47 rows=104 width=0)
	        Index Cond: ((k >= 2288614) AND (k <= 2288714))

table 8 : explain SELECT k, c FROM sbtest8 WHERE k BETWEEN 2288614 AND 2288714
	Bitmap Heap Scan on sbtest8  (cost=5.46..401.68 rows=100 width=125)
	  Recheck Cond: ((k >= 2288614) AND (k <= 2288714))
	  ->  Bitmap Index Scan on k_8  (cost=0.00..5.43 rows=100 width=0)
	        Index Cond: ((k >= 2288614) AND (k <= 2288714))

for range-notcovered
table 1 : explain SELECT k, c FROM sbtest1 WHERE k BETWEEN 7738119 AND 7738219
	Bitmap Heap Scan on sbtest1  (cost=5.41..381.94 rows=95 width=125)
	  Recheck Cond: ((k >= 7738119) AND (k <= 7738219))
	  ->  Bitmap Index Scan on k_1  (cost=0.00..5.38 rows=95 width=0)
	        Index Cond: ((k >= 7738119) AND (k <= 7738219))

table 2 : explain SELECT k, c FROM sbtest2 WHERE k BETWEEN 7738119 AND 7738219
	Bitmap Heap Scan on sbtest2  (cost=5.57..445.06 rows=111 width=125)
	  Recheck Cond: ((k >= 7738119) AND (k <= 7738219))
	  ->  Bitmap Index Scan on k_2  (cost=0.00..5.54 rows=111 width=0)
	        Index Cond: ((k >= 7738119) AND (k <= 7738219))

table 3 : explain SELECT k, c FROM sbtest3 WHERE k BETWEEN 7738119 AND 7738219
	Bitmap Heap Scan on sbtest3  (cost=5.54..433.22 rows=108 width=125)
	  Recheck Cond: ((k >= 7738119) AND (k <= 7738219))
	  ->  Bitmap Index Scan on k_3  (cost=0.00..5.51 rows=108 width=0)
	        Index Cond: ((k >= 7738119) AND (k <= 7738219))

table 4 : explain SELECT k, c FROM sbtest4 WHERE k BETWEEN 7738119 AND 7738219
	Bitmap Heap Scan on sbtest4  (cost=5.46..401.69 rows=100 width=125)
	  Recheck Cond: ((k >= 7738119) AND (k <= 7738219))
	  ->  Bitmap Index Scan on k_4  (cost=0.00..5.43 rows=100 width=0)
	        Index Cond: ((k >= 7738119) AND (k <= 7738219))

table 5 : explain SELECT k, c FROM sbtest5 WHERE k BETWEEN 7738119 AND 7738219
	Bitmap Heap Scan on sbtest5  (cost=5.42..385.89 rows=96 width=125)
	  Recheck Cond: ((k >= 7738119) AND (k <= 7738219))
	  ->  Bitmap Index Scan on k_5  (cost=0.00..5.39 rows=96 width=0)
	        Index Cond: ((k >= 7738119) AND (k <= 7738219))

table 6 : explain SELECT k, c FROM sbtest6 WHERE k BETWEEN 7738119 AND 7738219
	Bitmap Heap Scan on sbtest6  (cost=5.44..393.78 rows=98 width=125)
	  Recheck Cond: ((k >= 7738119) AND (k <= 7738219))
	  ->  Bitmap Index Scan on k_6  (cost=0.00..5.42 rows=98 width=0)
	        Index Cond: ((k >= 7738119) AND (k <= 7738219))

table 7 : explain SELECT k, c FROM sbtest7 WHERE k BETWEEN 7738119 AND 7738219
	Bitmap Heap Scan on sbtest7  (cost=5.50..417.46 rows=104 width=125)
	  Recheck Cond: ((k >= 7738119) AND (k <= 7738219))
	  ->  Bitmap Index Scan on k_7  (cost=0.00..5.47 rows=104 width=0)
	        Index Cond: ((k >= 7738119) AND (k <= 7738219))

table 8 : explain SELECT k, c FROM sbtest8 WHERE k BETWEEN 7738119 AND 7738219
	Bitmap Heap Scan on sbtest8  (cost=5.45..397.73 rows=99 width=125)
	  Recheck Cond: ((k >= 7738119) AND (k <= 7738219))
	  ->  Bitmap Index Scan on k_8  (cost=0.00..5.42 rows=99 width=0)
	        Index Cond: ((k >= 7738119) AND (k <= 7738219))

explain: for range-notcovered :: explain SELECT k, c FROM sbtest%d WHERE k BETWEEN 931144 AND 931244
for range-notcovered
table 1 : explain SELECT k, c FROM sbtest1 WHERE k BETWEEN 5583038 AND 5583138
	Bitmap Heap Scan on sbtest1  (cost=5.60..456.88 rows=114 width=125)
	  Recheck Cond: ((k >= 5583038) AND (k <= 5583138))
	  ->  Bitmap Index Scan on k_1  (cost=0.00..5.58 rows=114 width=0)
	        Index Cond: ((k >= 5583038) AND (k <= 5583138))

table 2 : explain SELECT k, c FROM sbtest2 WHERE k BETWEEN 5583038 AND 5583138
	Bitmap Heap Scan on sbtest2  (cost=5.47..405.62 rows=101 width=125)
	  Recheck Cond: ((k >= 5583038) AND (k <= 5583138))
	  ->  Bitmap Index Scan on k_2  (cost=0.00..5.44 rows=101 width=0)
	        Index Cond: ((k >= 5583038) AND (k <= 5583138))

table 3 : explain SELECT k, c FROM sbtest3 WHERE k BETWEEN 5583038 AND 5583138
	Bitmap Heap Scan on sbtest3  (cost=5.43..389.83 rows=97 width=125)
	  Recheck Cond: ((k >= 5583038) AND (k <= 5583138))
	  ->  Bitmap Index Scan on k_3  (cost=0.00..5.40 rows=97 width=0)
	        Index Cond: ((k >= 5583038) AND (k <= 5583138))

table 4 : explain SELECT k, c FROM sbtest4 WHERE k BETWEEN 5583038 AND 5583138
	Bitmap Heap Scan on sbtest4  (cost=5.51..421.41 rows=105 width=125)
	  Recheck Cond: ((k >= 5583038) AND (k <= 5583138))
	  ->  Bitmap Index Scan on k_4  (cost=0.00..5.48 rows=105 width=0)
	        Index Cond: ((k >= 5583038) AND (k <= 5583138))

table 5 : explain SELECT k, c FROM sbtest5 WHERE k BETWEEN 5583038 AND 5583138
	Bitmap Heap Scan on sbtest5  (cost=5.43..389.84 rows=97 width=125)
	  Recheck Cond: ((k >= 5583038) AND (k <= 5583138))
	  ->  Bitmap Index Scan on k_5  (cost=0.00..5.40 rows=97 width=0)
	        Index Cond: ((k >= 5583038) AND (k <= 5583138))

table 6 : explain SELECT k, c FROM sbtest6 WHERE k BETWEEN 5583038 AND 5583138
	Bitmap Heap Scan on sbtest6  (cost=5.52..425.34 rows=106 width=125)
	  Recheck Cond: ((k >= 5583038) AND (k <= 5583138))
	  ->  Bitmap Index Scan on k_6  (cost=0.00..5.50 rows=106 width=0)
	        Index Cond: ((k >= 5583038) AND (k <= 5583138))

table 7 : explain SELECT k, c FROM sbtest7 WHERE k BETWEEN 5583038 AND 5583138
	Bitmap Heap Scan on sbtest7  (cost=5.44..393.79 rows=98 width=125)
	  Recheck Cond: ((k >= 5583038) AND (k <= 5583138))
	  ->  Bitmap Index Scan on k_7  (cost=0.00..5.42 rows=98 width=0)
	        Index Cond: ((k >= 5583038) AND (k <= 5583138))

table 8 : explain SELECT k, c FROM sbtest8 WHERE k BETWEEN 5583038 AND 5583138
	Bitmap Heap Scan on sbtest8  (cost=5.56..441.12 rows=110 width=125)
	  Recheck Cond: ((k >= 5583038) AND (k <= 5583138))
	  ->  Bitmap Index Scan on k_8  (cost=0.00..5.53 rows=110 width=0)
	        Index Cond: ((k >= 5583038) AND (k <= 5583138))

explain: for range-notcovered :: explain SELECT k, c FROM sbtest%d WHERE k BETWEEN 4426134 AND 4426234
explain: for range-notcovered :: explain SELECT k, c FROM sbtest%d WHERE k BETWEEN 5735179 AND 5735279
explain: for range-notcovered :: explain SELECT k, c FROM sbtest%d WHERE k BETWEEN 5793286 AND 5793386explain: for range-notcovered :: explain SELECT k, c FROM sbtest%d WHERE k BETWEEN 2288614 AND 2288714for range-notcovered
table 1 : explain SELECT k, c FROM sbtest1 WHERE k BETWEEN 6373173 AND 6373273
	Bitmap Heap Scan on sbtest1  (cost=5.63..468.70 rows=117 width=125)
	  Recheck Cond: ((k >= 6373173) AND (k <= 6373273))
	  ->  Bitmap Index Scan on k_1  (cost=0.00..5.60 rows=117 width=0)
	        Index Cond: ((k >= 6373173) AND (k <= 6373273))

table 2 : explain SELECT k, c FROM sbtest2 WHERE k BETWEEN 6373173 AND 6373273
	Bitmap Heap Scan on sbtest2  (cost=5.49..413.51 rows=103 width=125)
	  Recheck Cond: ((k >= 6373173) AND (k <= 6373273))
	  ->  Bitmap Index Scan on k_2  (cost=0.00..5.46 rows=103 width=0)
	        Index Cond: ((k >= 6373173) AND (k <= 6373273))

table 3 : explain SELECT k, c FROM sbtest3 WHERE k BETWEEN 6373173 AND 6373273
	Bitmap Heap Scan on sbtest3  (cost=5.51..421.39 rows=105 width=125)
	  Recheck Cond: ((k >= 6373173) AND (k <= 6373273))
	  ->  Bitmap Index Scan on k_3  (cost=0.00..5.48 rows=105 width=0)
	        Index Cond: ((k >= 6373173) AND (k <= 6373273))

table 4 : explain SELECT k, c FROM sbtest4 WHERE k BETWEEN 6373173 AND 6373273
	Bitmap Heap Scan on sbtest4  (cost=5.52..425.36 rows=106 width=125)
	  Recheck Cond: ((k >= 6373173) AND (k <= 6373273))
	  ->  Bitmap Index Scan on k_4  (cost=0.00..5.50 rows=106 width=0)
	        Index Cond: ((k >= 6373173) AND (k <= 6373273))

table 5 : explain SELECT k, c FROM sbtest5 WHERE k BETWEEN 6373173 AND 6373273
	Bitmap Heap Scan on sbtest5  (cost=5.49..413.51 rows=103 width=125)
	  Recheck Cond: ((k >= 6373173) AND (k <= 6373273))
	  ->  Bitmap Index Scan on k_5  (cost=0.00..5.46 rows=103 width=0)
	        Index Cond: ((k >= 6373173) AND (k <= 6373273))

table 6 : explain SELECT k, c FROM sbtest6 WHERE k BETWEEN 6373173 AND 6373273
	Bitmap Heap Scan on sbtest6  (cost=5.41..381.93 rows=95 width=125)
	  Recheck Cond: ((k >= 6373173) AND (k <= 6373273))
	  ->  Bitmap Index Scan on k_6  (cost=0.00..5.38 rows=95 width=0)
	        Index Cond: ((k >= 6373173) AND (k <= 6373273))

table 7 : explain SELECT k, c FROM sbtest7 WHERE k BETWEEN 6373173 AND 6373273
	Bitmap Heap Scan on sbtest7  (cost=5.45..397.73 rows=99 width=125)
	  Recheck Cond: ((k >= 6373173) AND (k <= 6373273))
	  ->  Bitmap Index Scan on k_7  (cost=0.00..5.42 rows=99 width=0)
	        Index Cond: ((k >= 6373173) AND (k <= 6373273))

table 8 : explain SELECT k, c FROM sbtest8 WHERE k BETWEEN 6373173 AND 6373273
	Bitmap Heap Scan on sbtest8  (cost=5.46..401.68 rows=100 width=125)
	  Recheck Cond: ((k >= 6373173) AND (k <= 6373273))
	  ->  Bitmap Index Scan on k_8  (cost=0.00..5.43 rows=100 width=0)
	        Index Cond: ((k >= 6373173) AND (k <= 6373273))

explain: for range-notcovered :: explain SELECT k, c FROM sbtest%d WHERE k BETWEEN 7584845 AND 7584945

for range-notcovered
table 1 : explain SELECT k, c FROM sbtest1 WHERE k BETWEEN 4399955 AND 4400055
	Bitmap Heap Scan on sbtest1  (cost=5.45..397.73 rows=99 width=125)
	  Recheck Cond: ((k >= 4399955) AND (k <= 4400055))
	  ->  Bitmap Index Scan on k_1  (cost=0.00..5.42 rows=99 width=0)
	        Index Cond: ((k >= 4399955) AND (k <= 4400055))

table 2 : explain SELECT k, c FROM sbtest2 WHERE k BETWEEN 4399955 AND 4400055
	Bitmap Heap Scan on sbtest2  (cost=5.50..417.46 rows=104 width=125)
	  Recheck Cond: ((k >= 4399955) AND (k <= 4400055))
	  ->  Bitmap Index Scan on k_2  (cost=0.00..5.47 rows=104 width=0)
	        Index Cond: ((k >= 4399955) AND (k <= 4400055))

table 3 : explain SELECT k, c FROM sbtest3 WHERE k BETWEEN 4399955 AND 4400055
	Bitmap Heap Scan on sbtest3  (cost=5.41..381.94 rows=95 width=125)
	  Recheck Cond: ((k >= 4399955) AND (k <= 4400055))
	  ->  Bitmap Index Scan on k_3  (cost=0.00..5.38 rows=95 width=0)
	        Index Cond: ((k >= 4399955) AND (k <= 4400055))

table 4 : explain SELECT k, c FROM sbtest4 WHERE k BETWEEN 4399955 AND 4400055
	Bitmap Heap Scan on sbtest4  (cost=5.48..409.58 rows=102 width=125)
	  Recheck Cond: ((k >= 4399955) AND (k <= 4400055))
	  ->  Bitmap Index Scan on k_4  (cost=0.00..5.45 rows=102 width=0)
	        Index Cond: ((k >= 4399955) AND (k <= 4400055))

table 5 : explain SELECT k, c FROM sbtest5 WHERE k BETWEEN 4399955 AND 4400055
	Bitmap Heap Scan on sbtest5  (cost=5.45..397.73 rows=99 width=125)
	  Recheck Cond: ((k >= 4399955) AND (k <= 4400055))
	  ->  Bitmap Index Scan on k_5  (cost=0.00..5.42 rows=99 width=0)
	        Index Cond: ((k >= 4399955) AND (k <= 4400055))

table 6 : explain SELECT k, c FROM sbtest6 WHERE k BETWEEN 4399955 AND 4400055
	Bitmap Heap Scan on sbtest6  (cost=5.50..417.45 rows=104 width=125)
	  Recheck Cond: ((k >= 4399955) AND (k <= 4400055))
	  ->  Bitmap Index Scan on k_6  (cost=0.00..5.47 rows=104 width=0)
	        Index Cond: ((k >= 4399955) AND (k <= 4400055))

table 7 : explain SELECT k, c FROM sbtest7 WHERE k BETWEEN 4399955 AND 4400055
	Bitmap Heap Scan on sbtest7  (cost=5.50..417.46 rows=104 width=125)
	  Recheck Cond: ((k >= 4399955) AND (k <= 4400055))
	  ->  Bitmap Index Scan on k_7  (cost=0.00..5.47 rows=104 width=0)
	        Index Cond: ((k >= 4399955) AND (k <= 4400055))

table 8 : explain SELECT k, c FROM sbtest8 WHERE k BETWEEN 4399955 AND 4400055
	Bitmap Heap Scan on sbtest8  (cost=5.49..413.52 rows=103 width=125)
	  Recheck Cond: ((k >= 4399955) AND (k <= 4400055))
	  ->  Bitmap Index Scan on k_8  (cost=0.00..5.46 rows=103 width=0)
	        Index Cond: ((k >= 4399955) AND (k <= 4400055))

explain: for range-notcovered :: explain SELECT k, c FROM sbtest%d WHERE k BETWEEN 9205847 AND 9205947
explain: for range-notcovered :: explain SELECT k, c FROM sbtest%d WHERE k BETWEEN 5583038 AND 5583138for range-notcovered
table 1 : explain SELECT k, c FROM sbtest1 WHERE k BETWEEN 4775522 AND 4775622
	Bitmap Heap Scan on sbtest1  (cost=5.62..464.76 rows=116 width=125)
	  Recheck Cond: ((k >= 4775522) AND (k <= 4775622))
	  ->  Bitmap Index Scan on k_1  (cost=0.00..5.59 rows=116 width=0)
	        Index Cond: ((k >= 4775522) AND (k <= 4775622))

table 2 : explain SELECT k, c FROM sbtest2 WHERE k BETWEEN 4775522 AND 4775622
	Bitmap Heap Scan on sbtest2  (cost=5.51..421.40 rows=105 width=125)
	  Recheck Cond: ((k >= 4775522) AND (k <= 4775622))
	  ->  Bitmap Index Scan on k_2  (cost=0.00..5.48 rows=105 width=0)
	        Index Cond: ((k >= 4775522) AND (k <= 4775622))

table 3 : explain SELECT k, c FROM sbtest3 WHERE k BETWEEN 4775522 AND 4775622
	Bitmap Heap Scan on sbtest3  (cost=5.41..381.94 rows=95 width=125)
	  Recheck Cond: ((k >= 4775522) AND (k <= 4775622))
	  ->  Bitmap Index Scan on k_3  (cost=0.00..5.38 rows=95 width=0)
	        Index Cond: ((k >= 4775522) AND (k <= 4775622))

table 4 : explain SELECT k, c FROM sbtest4 WHERE k BETWEEN 4775522 AND 4775622
	Bitmap Heap Scan on sbtest4  (cost=5.48..409.58 rows=102 width=125)
	  Recheck Cond: ((k >= 4775522) AND (k <= 4775622))
	  ->  Bitmap Index Scan on k_4  (cost=0.00..5.45 rows=102 width=0)
	        Index Cond: ((k >= 4775522) AND (k <= 4775622))

table 5 : explain SELECT k, c FROM sbtest5 WHERE k BETWEEN 4775522 AND 4775622
	Bitmap Heap Scan on sbtest5  (cost=5.44..393.79 rows=98 width=125)
	  Recheck Cond: ((k >= 4775522) AND (k <= 4775622))
	  ->  Bitmap Index Scan on k_5  (cost=0.00..5.42 rows=98 width=0)
	        Index Cond: ((k >= 4775522) AND (k <= 4775622))

table 6 : explain SELECT k, c FROM sbtest6 WHERE k BETWEEN 4775522 AND 4775622
	Bitmap Heap Scan on sbtest6  (cost=5.53..429.28 rows=107 width=125)
	  Recheck Cond: ((k >= 4775522) AND (k <= 4775622))
	  ->  Bitmap Index Scan on k_6  (cost=0.00..5.50 rows=107 width=0)
	        Index Cond: ((k >= 4775522) AND (k <= 4775622))

table 7 : explain SELECT k, c FROM sbtest7 WHERE k BETWEEN 4775522 AND 4775622
	Bitmap Heap Scan on sbtest7  (cost=5.53..429.29 rows=107 width=125)
	  Recheck Cond: ((k >= 4775522) AND (k <= 4775622))
	  ->  Bitmap Index Scan on k_7  (cost=0.00..5.50 rows=107 width=0)
	        Index Cond: ((k >= 4775522) AND (k <= 4775622))

table 8 : explain SELECT k, c FROM sbtest8 WHERE k BETWEEN 4775522 AND 4775622
	Bitmap Heap Scan on sbtest8  (cost=5.56..441.12 rows=110 width=125)
	  Recheck Cond: ((k >= 4775522) AND (k <= 4775622))
	  ->  Bitmap Index Scan on k_8  (cost=0.00..5.53 rows=110 width=0)
	        Index Cond: ((k >= 4775522) AND (k <= 4775622))


for range-notcovered
table 1 : explain SELECT k, c FROM sbtest1 WHERE k BETWEEN 6537529 AND 6537629
	Bitmap Heap Scan on sbtest1  (cost=5.47..405.62 rows=101 width=125)
	  Recheck Cond: ((k >= 6537529) AND (k <= 6537629))
	  ->  Bitmap Index Scan on k_1  (cost=0.00..5.44 rows=101 width=0)
	        Index Cond: ((k >= 6537529) AND (k <= 6537629))

table 2 : explain SELECT k, c FROM sbtest2 WHERE k BETWEEN 6537529 AND 6537629
	Bitmap Heap Scan on sbtest2  (cost=5.52..425.35 rows=106 width=125)
	  Recheck Cond: ((k >= 6537529) AND (k <= 6537629))
	  ->  Bitmap Index Scan on k_2  (cost=0.00..5.50 rows=106 width=0)
	        Index Cond: ((k >= 6537529) AND (k <= 6537629))

table 3 : explain SELECT k, c FROM sbtest3 WHERE k BETWEEN 6537529 AND 6537629
	Bitmap Heap Scan on sbtest3  (cost=5.37..366.14 rows=91 width=125)
	  Recheck Cond: ((k >= 6537529) AND (k <= 6537629))
	  ->  Bitmap Index Scan on k_3  (cost=0.00..5.34 rows=91 width=0)
	        Index Cond: ((k >= 6537529) AND (k <= 6537629))

table 4 : explain SELECT k, c FROM sbtest4 WHERE k BETWEEN 6537529 AND 6537629
	Bitmap Heap Scan on sbtest4  (cost=5.58..449.01 rows=112 width=125)
	  Recheck Cond: ((k >= 6537529) AND (k <= 6537629))
	  ->  Bitmap Index Scan on k_4  (cost=0.00..5.55 rows=112 width=0)
	        Index Cond: ((k >= 6537529) AND (k <= 6537629))

table 5 : explain SELECT k, c FROM sbtest5 WHERE k BETWEEN 6537529 AND 6537629
	Bitmap Heap Scan on sbtest5  (cost=5.48..409.57 rows=102 width=125)
	  Recheck Cond: ((k >= 6537529) AND (k <= 6537629))
	  ->  Bitmap Index Scan on k_5  (cost=0.00..5.45 rows=102 width=0)
	        Index Cond: ((k >= 6537529) AND (k <= 6537629))

table 6 : explain SELECT k, c FROM sbtest6 WHERE k BETWEEN 6537529 AND 6537629
	Bitmap Heap Scan on sbtest6  (cost=5.44..393.78 rows=98 width=125)
	  Recheck Cond: ((k >= 6537529) AND (k <= 6537629))
	  ->  Bitmap Index Scan on k_6  (cost=0.00..5.42 rows=98 width=0)
	        Index Cond: ((k >= 6537529) AND (k <= 6537629))

table 7 : explain SELECT k, c FROM sbtest7 WHERE k BETWEEN 6537529 AND 6537629
	Bitmap Heap Scan on sbtest7  (cost=5.45..397.73 rows=99 width=125)
	  Recheck Cond: ((k >= 6537529) AND (k <= 6537629))
	  ->  Bitmap Index Scan on k_7  (cost=0.00..5.42 rows=99 width=0)
	        Index Cond: ((k >= 6537529) AND (k <= 6537629))

table 8 : explain SELECT k, c FROM sbtest8 WHERE k BETWEEN 6537529 AND 6537629
	Bitmap Heap Scan on sbtest8  (cost=5.48..409.57 rows=102 width=125)
	  Recheck Cond: ((k >= 6537529) AND (k <= 6537629))
	  ->  Bitmap Index Scan on k_8  (cost=0.00..5.45 rows=102 width=0)
	        Index Cond: ((k >= 6537529) AND (k <= 6537629))

explain: for range-notcovered :: explain SELECT k, c FROM sbtest%d WHERE k BETWEEN 6373173 AND 6373273

explain: for range-notcovered :: explain SELECT k, c FROM sbtest%d WHERE k BETWEEN 4399955 AND 4400055
for range-notcovered
table 1 : explain SELECT k, c FROM sbtest1 WHERE k BETWEEN 3571436 AND 3571536
	Bitmap Heap Scan on sbtest1  (cost=5.45..397.73 rows=99 width=125)
	  Recheck Cond: ((k >= 3571436) AND (k <= 3571536))
	  ->  Bitmap Index Scan on k_1  (cost=0.00..5.42 rows=99 width=0)
	        Index Cond: ((k >= 3571436) AND (k <= 3571536))

table 2 : explain SELECT k, c FROM sbtest2 WHERE k BETWEEN 3571436 AND 3571536
	Bitmap Heap Scan on sbtest2  (cost=5.54..433.23 rows=108 width=125)
	  Recheck Cond: ((k >= 3571436) AND (k <= 3571536))
	  ->  Bitmap Index Scan on k_2  (cost=0.00..5.51 rows=108 width=0)
	        Index Cond: ((k >= 3571436) AND (k <= 3571536))

table 3 : explain SELECT k, c FROM sbtest3 WHERE k BETWEEN 3571436 AND 3571536
	Bitmap Heap Scan on sbtest3  (cost=5.51..421.39 rows=105 width=125)
	  Recheck Cond: ((k >= 3571436) AND (k <= 3571536))
	  ->  Bitmap Index Scan on k_3  (cost=0.00..5.48 rows=105 width=0)
	        Index Cond: ((k >= 3571436) AND (k <= 3571536))

table 4 : explain SELECT k, c FROM sbtest4 WHERE k BETWEEN 3571436 AND 3571536
	Bitmap Heap Scan on sbtest4  (cost=5.43..389.85 rows=97 width=125)
	  Recheck Cond: ((k >= 3571436) AND (k <= 3571536))
	  ->  Bitmap Index Scan on k_4  (cost=0.00..5.40 rows=97 width=0)
	        Index Cond: ((k >= 3571436) AND (k <= 3571536))

table 5 : explain SELECT k, c FROM sbtest5 WHERE k BETWEEN 3571436 AND 3571536
	Bitmap Heap Scan on sbtest5  (cost=5.54..433.23 rows=108 width=125)
	  Recheck Cond: ((k >= 3571436) AND (k <= 3571536))
	  ->  Bitmap Index Scan on k_5  (cost=0.00..5.51 rows=108 width=0)
	        Index Cond: ((k >= 3571436) AND (k <= 3571536))

table 6 : explain SELECT k, c FROM sbtest6 WHERE k BETWEEN 3571436 AND 3571536
	Bitmap Heap Scan on sbtest6  (cost=5.54..433.22 rows=108 width=125)
	  Recheck Cond: ((k >= 3571436) AND (k <= 3571536))
	  ->  Bitmap Index Scan on k_6  (cost=0.00..5.51 rows=108 width=0)
	        Index Cond: ((k >= 3571436) AND (k <= 3571536))

table 7 : explain SELECT k, c FROM sbtest7 WHERE k BETWEEN 3571436 AND 3571536
	Bitmap Heap Scan on sbtest7  (cost=5.50..417.46 rows=104 width=125)
	  Recheck Cond: ((k >= 3571436) AND (k <= 3571536))
	  ->  Bitmap Index Scan on k_7  (cost=0.00..5.47 rows=104 width=0)
	        Index Cond: ((k >= 3571436) AND (k <= 3571536))

table 8 : explain SELECT k, c FROM sbtest8 WHERE k BETWEEN 3571436 AND 3571536
	Bitmap Heap Scan on sbtest8  (cost=5.52..425.35 rows=106 width=125)
	  Recheck Cond: ((k >= 3571436) AND (k <= 3571536))
	  ->  Bitmap Index Scan on k_8  (cost=0.00..5.50 rows=106 width=0)
	        Index Cond: ((k >= 3571436) AND (k <= 3571536))

for range-notcovered
table 1 : explain SELECT k, c FROM sbtest1 WHERE k BETWEEN 9404245 AND 9404345
	Bitmap Heap Scan on sbtest1  (cost=5.51..421.40 rows=105 width=125)
	  Recheck Cond: ((k >= 9404245) AND (k <= 9404345))
	  ->  Bitmap Index Scan on k_1  (cost=0.00..5.48 rows=105 width=0)
	        Index Cond: ((k >= 9404245) AND (k <= 9404345))

table 2 : explain SELECT k, c FROM sbtest2 WHERE k BETWEEN 9404245 AND 9404345
	Bitmap Heap Scan on sbtest2  (cost=5.47..405.62 rows=101 width=125)
	  Recheck Cond: ((k >= 9404245) AND (k <= 9404345))
	  ->  Bitmap Index Scan on k_2  (cost=0.00..5.44 rows=101 width=0)
	        Index Cond: ((k >= 9404245) AND (k <= 9404345))

table 3 : explain SELECT k, c FROM sbtest3 WHERE k BETWEEN 9404245 AND 9404345
	Bitmap Heap Scan on sbtest3  (cost=5.48..409.56 rows=102 width=125)
	  Recheck Cond: ((k >= 9404245) AND (k <= 9404345))
	  ->  Bitmap Index Scan on k_3  (cost=0.00..5.45 rows=102 width=0)
	        Index Cond: ((k >= 9404245) AND (k <= 9404345))

table 4 : explain SELECT k, c FROM sbtest4 WHERE k BETWEEN 9404245 AND 9404345
	Bitmap Heap Scan on sbtest4  (cost=5.45..397.74 rows=99 width=125)
	  Recheck Cond: ((k >= 9404245) AND (k <= 9404345))
	  ->  Bitmap Index Scan on k_4  (cost=0.00..5.42 rows=99 width=0)
	        Index Cond: ((k >= 9404245) AND (k <= 9404345))

table 5 : explain SELECT k, c FROM sbtest5 WHERE k BETWEEN 9404245 AND 9404345
	Bitmap Heap Scan on sbtest5  (cost=5.61..460.83 rows=115 width=125)
	  Recheck Cond: ((k >= 9404245) AND (k <= 9404345))
	  ->  Bitmap Index Scan on k_5  (cost=0.00..5.58 rows=115 width=0)
	        Index Cond: ((k >= 9404245) AND (k <= 9404345))

table 6 : explain SELECT k, c FROM sbtest6 WHERE k BETWEEN 9404245 AND 9404345
	Bitmap Heap Scan on sbtest6  (cost=5.42..385.88 rows=96 width=125)
	  Recheck Cond: ((k >= 9404245) AND (k <= 9404345))
	  ->  Bitmap Index Scan on k_6  (cost=0.00..5.39 rows=96 width=0)
	        Index Cond: ((k >= 9404245) AND (k <= 9404345))

table 7 : explain SELECT k, c FROM sbtest7 WHERE k BETWEEN 9404245 AND 9404345
	Bitmap Heap Scan on sbtest7  (cost=5.45..397.73 rows=99 width=125)
	  Recheck Cond: ((k >= 9404245) AND (k <= 9404345))
	  ->  Bitmap Index Scan on k_7  (cost=0.00..5.42 rows=99 width=0)
	        Index Cond: ((k >= 9404245) AND (k <= 9404345))

table 8 : explain SELECT k, c FROM sbtest8 WHERE k BETWEEN 9404245 AND 9404345
	Bitmap Heap Scan on sbtest8  (cost=5.45..397.73 rows=99 width=125)
	  Recheck Cond: ((k >= 9404245) AND (k <= 9404345))
	  ->  Bitmap Index Scan on k_8  (cost=0.00..5.42 rows=99 width=0)
	        Index Cond: ((k >= 9404245) AND (k <= 9404345))

explain: for range-notcovered :: explain SELECT k, c FROM sbtest%d WHERE k BETWEEN 4775522 AND 4775622
for range-notcovered
table 1 : explain SELECT k, c FROM sbtest1 WHERE k BETWEEN 5049096 AND 5049196
	Bitmap Heap Scan on sbtest1  (cost=5.46..401.68 rows=100 width=125)
	  Recheck Cond: ((k >= 5049096) AND (k <= 5049196))
	  ->  Bitmap Index Scan on k_1  (cost=0.00..5.43 rows=100 width=0)
	        Index Cond: ((k >= 5049096) AND (k <= 5049196))

table 2 : explain SELECT k, c FROM sbtest2 WHERE k BETWEEN 5049096 AND 5049196
	Bitmap Heap Scan on sbtest2  (cost=5.47..405.62 rows=101 width=125)
	  Recheck Cond: ((k >= 5049096) AND (k <= 5049196))
	  ->  Bitmap Index Scan on k_2  (cost=0.00..5.44 rows=101 width=0)
	        Index Cond: ((k >= 5049096) AND (k <= 5049196))

table 3 : explain SELECT k, c FROM sbtest3 WHERE k BETWEEN 5049096 AND 5049196
	Bitmap Heap Scan on sbtest3  (cost=5.48..409.56 rows=102 width=125)
	  Recheck Cond: ((k >= 5049096) AND (k <= 5049196))
	  ->  Bitmap Index Scan on k_3  (cost=0.00..5.45 rows=102 width=0)
	        Index Cond: ((k >= 5049096) AND (k <= 5049196))

table 4 : explain SELECT k, c FROM sbtest4 WHERE k BETWEEN 5049096 AND 5049196
	Bitmap Heap Scan on sbtest4  (cost=5.49..413.52 rows=103 width=125)
	  Recheck Cond: ((k >= 5049096) AND (k <= 5049196))
	  ->  Bitmap Index Scan on k_4  (cost=0.00..5.46 rows=103 width=0)
	        Index Cond: ((k >= 5049096) AND (k <= 5049196))

table 5 : explain SELECT k, c FROM sbtest5 WHERE k BETWEEN 5049096 AND 5049196
	Bitmap Heap Scan on sbtest5  (cost=5.63..468.71 rows=117 width=125)
	  Recheck Cond: ((k >= 5049096) AND (k <= 5049196))
	  ->  Bitmap Index Scan on k_5  (cost=0.00..5.60 rows=117 width=0)
	        Index Cond: ((k >= 5049096) AND (k <= 5049196))

table 6 : explain SELECT k, c FROM sbtest6 WHERE k BETWEEN 5049096 AND 5049196
	Bitmap Heap Scan on sbtest6  (cost=5.44..393.78 rows=98 width=125)
	  Recheck Cond: ((k >= 5049096) AND (k <= 5049196))
	  ->  Bitmap Index Scan on k_6  (cost=0.00..5.42 rows=98 width=0)
	        Index Cond: ((k >= 5049096) AND (k <= 5049196))

table 7 : explain SELECT k, c FROM sbtest7 WHERE k BETWEEN 5049096 AND 5049196
	Bitmap Heap Scan on sbtest7  (cost=5.41..381.94 rows=95 width=125)
	  Recheck Cond: ((k >= 5049096) AND (k <= 5049196))
	  ->  Bitmap Index Scan on k_7  (cost=0.00..5.38 rows=95 width=0)
	        Index Cond: ((k >= 5049096) AND (k <= 5049196))

table 8 : explain SELECT k, c FROM sbtest8 WHERE k BETWEEN 5049096 AND 5049196
	Bitmap Heap Scan on sbtest8  (cost=5.57..445.06 rows=111 width=125)
	  Recheck Cond: ((k >= 5049096) AND (k <= 5049196))
	  ->  Bitmap Index Scan on k_8  (cost=0.00..5.54 rows=111 width=0)
	        Index Cond: ((k >= 5049096) AND (k <= 5049196))

for range-notcovered
table 1 : explain SELECT k, c FROM sbtest1 WHERE k BETWEEN 4678428 AND 4678528
	Bitmap Heap Scan on sbtest1  (cost=5.45..397.73 rows=99 width=125)
	  Recheck Cond: ((k >= 4678428) AND (k <= 4678528))
	  ->  Bitmap Index Scan on k_1  (cost=0.00..5.42 rows=99 width=0)
	        Index Cond: ((k >= 4678428) AND (k <= 4678528))

table 2 : explain SELECT k, c FROM sbtest2 WHERE k BETWEEN 4678428 AND 4678528
	Bitmap Heap Scan on sbtest2  (cost=5.57..445.06 rows=111 width=125)
	  Recheck Cond: ((k >= 4678428) AND (k <= 4678528))
	  ->  Bitmap Index Scan on k_2  (cost=0.00..5.54 rows=111 width=0)
	        Index Cond: ((k >= 4678428) AND (k <= 4678528))

table 3 : explain SELECT k, c FROM sbtest3 WHERE k BETWEEN 4678428 AND 4678528
	Bitmap Heap Scan on sbtest3  (cost=5.50..417.45 rows=104 width=125)
	  Recheck Cond: ((k >= 4678428) AND (k <= 4678528))
	  ->  Bitmap Index Scan on k_3  (cost=0.00..5.47 rows=104 width=0)
	        Index Cond: ((k >= 4678428) AND (k <= 4678528))

table 4 : explain SELECT k, c FROM sbtest4 WHERE k BETWEEN 4678428 AND 4678528
	Bitmap Heap Scan on sbtest4  (cost=5.51..421.41 rows=105 width=125)
	  Recheck Cond: ((k >= 4678428) AND (k <= 4678528))
	  ->  Bitmap Index Scan on k_4  (cost=0.00..5.48 rows=105 width=0)
	        Index Cond: ((k >= 4678428) AND (k <= 4678528))

table 5 : explain SELECT k, c FROM sbtest5 WHERE k BETWEEN 4678428 AND 4678528
	Bitmap Heap Scan on sbtest5  (cost=5.44..393.79 rows=98 width=125)
	  Recheck Cond: ((k >= 4678428) AND (k <= 4678528))
	  ->  Bitmap Index Scan on k_5  (cost=0.00..5.42 rows=98 width=0)
	        Index Cond: ((k >= 4678428) AND (k <= 4678528))

table 6 : explain SELECT k, c FROM sbtest6 WHERE k BETWEEN 4678428 AND 4678528
	Bitmap Heap Scan on sbtest6  (cost=5.45..397.72 rows=99 width=125)
	  Recheck Cond: ((k >= 4678428) AND (k <= 4678528))
	  ->  Bitmap Index Scan on k_6  (cost=0.00..5.42 rows=99 width=0)
	        Index Cond: ((k >= 4678428) AND (k <= 4678528))

table 7 : explain SELECT k, c FROM sbtest7 WHERE k BETWEEN 4678428 AND 4678528
	Bitmap Heap Scan on sbtest7  (cost=5.54..433.24 rows=108 width=125)
	  Recheck Cond: ((k >= 4678428) AND (k <= 4678528))
	  ->  Bitmap Index Scan on k_7  (cost=0.00..5.51 rows=108 width=0)
	        Index Cond: ((k >= 4678428) AND (k <= 4678528))

table 8 : explain SELECT k, c FROM sbtest8 WHERE k BETWEEN 4678428 AND 4678528
	Bitmap Heap Scan on sbtest8  (cost=5.49..413.52 rows=103 width=125)
	  Recheck Cond: ((k >= 4678428) AND (k <= 4678528))
	  ->  Bitmap Index Scan on k_8  (cost=0.00..5.46 rows=103 width=0)
	        Index Cond: ((k >= 4678428) AND (k <= 4678528))

for range-notcovered
table 1 : explain SELECT k, c FROM sbtest1 WHERE k BETWEEN 2689330 AND 2689430
	Bitmap Heap Scan on sbtest1  (cost=5.43..389.84 rows=97 width=125)
	  Recheck Cond: ((k >= 2689330) AND (k <= 2689430))
	  ->  Bitmap Index Scan on k_1  (cost=0.00..5.40 rows=97 width=0)
	        Index Cond: ((k >= 2689330) AND (k <= 2689430))

table 2 : explain SELECT k, c FROM sbtest2 WHERE k BETWEEN 2689330 AND 2689430
	Bitmap Heap Scan on sbtest2  (cost=5.56..441.12 rows=110 width=125)
	  Recheck Cond: ((k >= 2689330) AND (k <= 2689430))
	  ->  Bitmap Index Scan on k_2  (cost=0.00..5.53 rows=110 width=0)
	        Index Cond: ((k >= 2689330) AND (k <= 2689430))

table 3 : explain SELECT k, c FROM sbtest3 WHERE k BETWEEN 2689330 AND 2689430
	Bitmap Heap Scan on sbtest3  (cost=5.55..437.17 rows=109 width=125)
	  Recheck Cond: ((k >= 2689330) AND (k <= 2689430))
	  ->  Bitmap Index Scan on k_3  (cost=0.00..5.52 rows=109 width=0)
	        Index Cond: ((k >= 2689330) AND (k <= 2689430))

table 4 : explain SELECT k, c FROM sbtest4 WHERE k BETWEEN 2689330 AND 2689430
	Bitmap Heap Scan on sbtest4  (cost=5.37..366.16 rows=91 width=125)
	  Recheck Cond: ((k >= 2689330) AND (k <= 2689430))
	  ->  Bitmap Index Scan on k_4  (cost=0.00..5.34 rows=91 width=0)
	        Index Cond: ((k >= 2689330) AND (k <= 2689430))

table 5 : explain SELECT k, c FROM sbtest5 WHERE k BETWEEN 2689330 AND 2689430
	Bitmap Heap Scan on sbtest5  (cost=5.59..452.94 rows=113 width=125)
	  Recheck Cond: ((k >= 2689330) AND (k <= 2689430))
	  ->  Bitmap Index Scan on k_5  (cost=0.00..5.56 rows=113 width=0)
	        Index Cond: ((k >= 2689330) AND (k <= 2689430))

table 6 : explain SELECT k, c FROM sbtest6 WHERE k BETWEEN 2689330 AND 2689430
	Bitmap Heap Scan on sbtest6  (cost=5.44..393.78 rows=98 width=125)
	  Recheck Cond: ((k >= 2689330) AND (k <= 2689430))
	  ->  Bitmap Index Scan on k_6  (cost=0.00..5.42 rows=98 width=0)
	        Index Cond: ((k >= 2689330) AND (k <= 2689430))

table 7 : explain SELECT k, c FROM sbtest7 WHERE k BETWEEN 2689330 AND 2689430
	Bitmap Heap Scan on sbtest7  (cost=5.41..381.94 rows=95 width=125)
	  Recheck Cond: ((k >= 2689330) AND (k <= 2689430))
	  ->  Bitmap Index Scan on k_7  (cost=0.00..5.38 rows=95 width=0)
	        Index Cond: ((k >= 2689330) AND (k <= 2689430))

table 8 : explain SELECT k, c FROM sbtest8 WHERE k BETWEEN 2689330 AND 2689430
	Bitmap Heap Scan on sbtest8  (cost=5.48..409.57 rows=102 width=125)
	  Recheck Cond: ((k >= 2689330) AND (k <= 2689430))
	  ->  Bitmap Index Scan on k_8  (cost=0.00..5.45 rows=102 width=0)
	        Index Cond: ((k >= 2689330) AND (k <= 2689430))

explain: for range-notcovered :: explain SELECT k, c FROM sbtest%d WHERE k BETWEEN 6537529 AND 6537629
explain: for range-notcovered :: explain SELECT k, c FROM sbtest%d WHERE k BETWEEN 3571436 AND 3571536for range-notcovered
table 1 : explain SELECT k, c FROM sbtest1 WHERE k BETWEEN 4395274 AND 4395374
	Bitmap Heap Scan on sbtest1  (cost=5.45..397.73 rows=99 width=125)
	  Recheck Cond: ((k >= 4395274) AND (k <= 4395374))
	  ->  Bitmap Index Scan on k_1  (cost=0.00..5.42 rows=99 width=0)
	        Index Cond: ((k >= 4395274) AND (k <= 4395374))

table 2 : explain SELECT k, c FROM sbtest2 WHERE k BETWEEN 4395274 AND 4395374
	Bitmap Heap Scan on sbtest2  (cost=5.50..417.46 rows=104 width=125)
	  Recheck Cond: ((k >= 4395274) AND (k <= 4395374))
	  ->  Bitmap Index Scan on k_2  (cost=0.00..5.47 rows=104 width=0)
	        Index Cond: ((k >= 4395274) AND (k <= 4395374))

table 3 : explain SELECT k, c FROM sbtest3 WHERE k BETWEEN 4395274 AND 4395374
	Bitmap Heap Scan on sbtest3  (cost=5.41..381.94 rows=95 width=125)
	  Recheck Cond: ((k >= 4395274) AND (k <= 4395374))
	  ->  Bitmap Index Scan on k_3  (cost=0.00..5.38 rows=95 width=0)
	        Index Cond: ((k >= 4395274) AND (k <= 4395374))

table 4 : explain SELECT k, c FROM sbtest4 WHERE k BETWEEN 4395274 AND 4395374
	Bitmap Heap Scan on sbtest4  (cost=5.48..409.58 rows=102 width=125)
	  Recheck Cond: ((k >= 4395274) AND (k <= 4395374))
	  ->  Bitmap Index Scan on k_4  (cost=0.00..5.45 rows=102 width=0)
	        Index Cond: ((k >= 4395274) AND (k <= 4395374))

table 5 : explain SELECT k, c FROM sbtest5 WHERE k BETWEEN 4395274 AND 4395374
	Bitmap Heap Scan on sbtest5  (cost=5.45..397.73 rows=99 width=125)
	  Recheck Cond: ((k >= 4395274) AND (k <= 4395374))
	  ->  Bitmap Index Scan on k_5  (cost=0.00..5.42 rows=99 width=0)
	        Index Cond: ((k >= 4395274) AND (k <= 4395374))

table 6 : explain SELECT k, c FROM sbtest6 WHERE k BETWEEN 4395274 AND 4395374
	Bitmap Heap Scan on sbtest6  (cost=5.50..417.45 rows=104 width=125)
	  Recheck Cond: ((k >= 4395274) AND (k <= 4395374))
	  ->  Bitmap Index Scan on k_6  (cost=0.00..5.47 rows=104 width=0)
	        Index Cond: ((k >= 4395274) AND (k <= 4395374))

table 7 : explain SELECT k, c FROM sbtest7 WHERE k BETWEEN 4395274 AND 4395374
	Bitmap Heap Scan on sbtest7  (cost=5.50..417.46 rows=104 width=125)
	  Recheck Cond: ((k >= 4395274) AND (k <= 4395374))
	  ->  Bitmap Index Scan on k_7  (cost=0.00..5.47 rows=104 width=0)
	        Index Cond: ((k >= 4395274) AND (k <= 4395374))

table 8 : explain SELECT k, c FROM sbtest8 WHERE k BETWEEN 4395274 AND 4395374
	Bitmap Heap Scan on sbtest8  (cost=5.49..413.52 rows=103 width=125)
	  Recheck Cond: ((k >= 4395274) AND (k <= 4395374))
	  ->  Bitmap Index Scan on k_8  (cost=0.00..5.46 rows=103 width=0)
	        Index Cond: ((k >= 4395274) AND (k <= 4395374))


explain: for range-notcovered :: explain SELECT k, c FROM sbtest%d WHERE k BETWEEN 9404245 AND 9404345for range-notcovered
table 1 : explain SELECT k, c FROM sbtest1 WHERE k BETWEEN 5181953 AND 5182053
	Bitmap Heap Scan on sbtest1  (cost=5.44..393.78 rows=98 width=125)
	  Recheck Cond: ((k >= 5181953) AND (k <= 5182053))
	  ->  Bitmap Index Scan on k_1  (cost=0.00..5.42 rows=98 width=0)
	        Index Cond: ((k >= 5181953) AND (k <= 5182053))

table 2 : explain SELECT k, c FROM sbtest2 WHERE k BETWEEN 5181953 AND 5182053
	Bitmap Heap Scan on sbtest2  (cost=5.46..401.68 rows=100 width=125)
	  Recheck Cond: ((k >= 5181953) AND (k <= 5182053))
	  ->  Bitmap Index Scan on k_2  (cost=0.00..5.43 rows=100 width=0)
	        Index Cond: ((k >= 5181953) AND (k <= 5182053))

table 3 : explain SELECT k, c FROM sbtest3 WHERE k BETWEEN 5181953 AND 5182053
	Bitmap Heap Scan on sbtest3  (cost=5.54..433.22 rows=108 width=125)
	  Recheck Cond: ((k >= 5181953) AND (k <= 5182053))
	  ->  Bitmap Index Scan on k_3  (cost=0.00..5.51 rows=108 width=0)
	        Index Cond: ((k >= 5181953) AND (k <= 5182053))

table 4 : explain SELECT k, c FROM sbtest4 WHERE k BETWEEN 5181953 AND 5182053
	Bitmap Heap Scan on sbtest4  (cost=5.54..433.24 rows=108 width=125)
	  Recheck Cond: ((k >= 5181953) AND (k <= 5182053))
	  ->  Bitmap Index Scan on k_4  (cost=0.00..5.51 rows=108 width=0)
	        Index Cond: ((k >= 5181953) AND (k <= 5182053))

table 5 : explain SELECT k, c FROM sbtest5 WHERE k BETWEEN 5181953 AND 5182053
	Bitmap Heap Scan on sbtest5  (cost=5.47..405.62 rows=101 width=125)
	  Recheck Cond: ((k >= 5181953) AND (k <= 5182053))
	  ->  Bitmap Index Scan on k_5  (cost=0.00..5.44 rows=101 width=0)
	        Index Cond: ((k >= 5181953) AND (k <= 5182053))

table 6 : explain SELECT k, c FROM sbtest6 WHERE k BETWEEN 5181953 AND 5182053
	Bitmap Heap Scan on sbtest6  (cost=5.52..425.34 rows=106 width=125)
	  Recheck Cond: ((k >= 5181953) AND (k <= 5182053))
	  ->  Bitmap Index Scan on k_6  (cost=0.00..5.50 rows=106 width=0)
	        Index Cond: ((k >= 5181953) AND (k <= 5182053))

table 7 : explain SELECT k, c FROM sbtest7 WHERE k BETWEEN 5181953 AND 5182053
	Bitmap Heap Scan on sbtest7  (cost=5.49..413.52 rows=103 width=125)
	  Recheck Cond: ((k >= 5181953) AND (k <= 5182053))
	  ->  Bitmap Index Scan on k_7  (cost=0.00..5.46 rows=103 width=0)
	        Index Cond: ((k >= 5181953) AND (k <= 5182053))

table 8 : explain SELECT k, c FROM sbtest8 WHERE k BETWEEN 5181953 AND 5182053
	Bitmap Heap Scan on sbtest8  (cost=5.36..362.20 rows=90 width=125)
	  Recheck Cond: ((k >= 5181953) AND (k <= 5182053))
	  ->  Bitmap Index Scan on k_8  (cost=0.00..5.33 rows=90 width=0)
	        Index Cond: ((k >= 5181953) AND (k <= 5182053))

explain: for range-notcovered :: explain SELECT k, c FROM sbtest%d WHERE k BETWEEN 5049096 AND 5049196
explain: for range-notcovered :: explain SELECT k, c FROM sbtest%d WHERE k BETWEEN 2689330 AND 2689430
explain: for range-notcovered :: explain SELECT k, c FROM sbtest%d WHERE k BETWEEN 4678428 AND 4678528
for range-notcovered
table 1 : explain SELECT k, c FROM sbtest1 WHERE k BETWEEN 7165037 AND 7165137
	Bitmap Heap Scan on sbtest1  (cost=5.41..381.94 rows=95 width=125)
	  Recheck Cond: ((k >= 7165037) AND (k <= 7165137))
	  ->  Bitmap Index Scan on k_1  (cost=0.00..5.38 rows=95 width=0)
	        Index Cond: ((k >= 7165037) AND (k <= 7165137))

table 2 : explain SELECT k, c FROM sbtest2 WHERE k BETWEEN 7165037 AND 7165137
	Bitmap Heap Scan on sbtest2  (cost=5.46..401.68 rows=100 width=125)
	  Recheck Cond: ((k >= 7165037) AND (k <= 7165137))
	  ->  Bitmap Index Scan on k_2  (cost=0.00..5.43 rows=100 width=0)
	        Index Cond: ((k >= 7165037) AND (k <= 7165137))

table 3 : explain SELECT k, c FROM sbtest3 WHERE k BETWEEN 7165037 AND 7165137
	Bitmap Heap Scan on sbtest3  (cost=5.48..409.56 rows=102 width=125)
	  Recheck Cond: ((k >= 7165037) AND (k <= 7165137))
	  ->  Bitmap Index Scan on k_3  (cost=0.00..5.45 rows=102 width=0)
	        Index Cond: ((k >= 7165037) AND (k <= 7165137))

table 4 : explain SELECT k, c FROM sbtest4 WHERE k BETWEEN 7165037 AND 7165137
	Bitmap Heap Scan on sbtest4  (cost=5.40..378.00 rows=94 width=125)
	  Recheck Cond: ((k >= 7165037) AND (k <= 7165137))
	  ->  Bitmap Index Scan on k_4  (cost=0.00..5.38 rows=94 width=0)
	        Index Cond: ((k >= 7165037) AND (k <= 7165137))

table 5 : explain SELECT k, c FROM sbtest5 WHERE k BETWEEN 7165037 AND 7165137
	Bitmap Heap Scan on sbtest5  (cost=5.41..381.94 rows=95 width=125)
	  Recheck Cond: ((k >= 7165037) AND (k <= 7165137))
	  ->  Bitmap Index Scan on k_5  (cost=0.00..5.38 rows=95 width=0)
	        Index Cond: ((k >= 7165037) AND (k <= 7165137))

table 6 : explain SELECT k, c FROM sbtest6 WHERE k BETWEEN 7165037 AND 7165137
	Bitmap Heap Scan on sbtest6  (cost=5.45..397.72 rows=99 width=125)
	  Recheck Cond: ((k >= 7165037) AND (k <= 7165137))
	  ->  Bitmap Index Scan on k_6  (cost=0.00..5.42 rows=99 width=0)
	        Index Cond: ((k >= 7165037) AND (k <= 7165137))

table 7 : explain SELECT k, c FROM sbtest7 WHERE k BETWEEN 7165037 AND 7165137
	Bitmap Heap Scan on sbtest7  (cost=5.46..401.68 rows=100 width=125)
	  Recheck Cond: ((k >= 7165037) AND (k <= 7165137))
	  ->  Bitmap Index Scan on k_7  (cost=0.00..5.43 rows=100 width=0)
	        Index Cond: ((k >= 7165037) AND (k <= 7165137))

table 8 : explain SELECT k, c FROM sbtest8 WHERE k BETWEEN 7165037 AND 7165137
	Bitmap Heap Scan on sbtest8  (cost=5.59..452.94 rows=113 width=125)
	  Recheck Cond: ((k >= 7165037) AND (k <= 7165137))
	  ->  Bitmap Index Scan on k_8  (cost=0.00..5.56 rows=113 width=0)
	        Index Cond: ((k >= 7165037) AND (k <= 7165137))

for range-notcovered
table 1 : explain SELECT k, c FROM sbtest1 WHERE k BETWEEN 5389644 AND 5389744
	Bitmap Heap Scan on sbtest1  (cost=5.51..421.40 rows=105 width=125)
	  Recheck Cond: ((k >= 5389644) AND (k <= 5389744))
	  ->  Bitmap Index Scan on k_1  (cost=0.00..5.48 rows=105 width=0)
	        Index Cond: ((k >= 5389644) AND (k <= 5389744))

table 2 : explain SELECT k, c FROM sbtest2 WHERE k BETWEEN 5389644 AND 5389744
	Bitmap Heap Scan on sbtest2  (cost=5.49..413.51 rows=103 width=125)
	  Recheck Cond: ((k >= 5389644) AND (k <= 5389744))
	  ->  Bitmap Index Scan on k_2  (cost=0.00..5.46 rows=103 width=0)
	        Index Cond: ((k >= 5389644) AND (k <= 5389744))

table 3 : explain SELECT k, c FROM sbtest3 WHERE k BETWEEN 5389644 AND 5389744
	Bitmap Heap Scan on sbtest3  (cost=5.45..397.72 rows=99 width=125)
	  Recheck Cond: ((k >= 5389644) AND (k <= 5389744))
	  ->  Bitmap Index Scan on k_3  (cost=0.00..5.42 rows=99 width=0)
	        Index Cond: ((k >= 5389644) AND (k <= 5389744))

table 4 : explain SELECT k, c FROM sbtest4 WHERE k BETWEEN 5389644 AND 5389744
	Bitmap Heap Scan on sbtest4  (cost=5.56..441.13 rows=110 width=125)
	  Recheck Cond: ((k >= 5389644) AND (k <= 5389744))
	  ->  Bitmap Index Scan on k_4  (cost=0.00..5.53 rows=110 width=0)
	        Index Cond: ((k >= 5389644) AND (k <= 5389744))

table 5 : explain SELECT k, c FROM sbtest5 WHERE k BETWEEN 5389644 AND 5389744
	Bitmap Heap Scan on sbtest5  (cost=5.58..449.00 rows=112 width=125)
	  Recheck Cond: ((k >= 5389644) AND (k <= 5389744))
	  ->  Bitmap Index Scan on k_5  (cost=0.00..5.55 rows=112 width=0)
	        Index Cond: ((k >= 5389644) AND (k <= 5389744))

table 6 : explain SELECT k, c FROM sbtest6 WHERE k BETWEEN 5389644 AND 5389744
	Bitmap Heap Scan on sbtest6  (cost=5.43..389.83 rows=97 width=125)
	  Recheck Cond: ((k >= 5389644) AND (k <= 5389744))
	  ->  Bitmap Index Scan on k_6  (cost=0.00..5.40 rows=97 width=0)
	        Index Cond: ((k >= 5389644) AND (k <= 5389744))

table 7 : explain SELECT k, c FROM sbtest7 WHERE k BETWEEN 5389644 AND 5389744
	Bitmap Heap Scan on sbtest7  (cost=5.54..433.24 rows=108 width=125)
	  Recheck Cond: ((k >= 5389644) AND (k <= 5389744))
	  ->  Bitmap Index Scan on k_7  (cost=0.00..5.51 rows=108 width=0)
	        Index Cond: ((k >= 5389644) AND (k <= 5389744))

table 8 : explain SELECT k, c FROM sbtest8 WHERE k BETWEEN 5389644 AND 5389744
	Bitmap Heap Scan on sbtest8  (cost=5.39..374.05 rows=93 width=125)
	  Recheck Cond: ((k >= 5389644) AND (k <= 5389744))
	  ->  Bitmap Index Scan on k_8  (cost=0.00..5.36 rows=93 width=0)
	        Index Cond: ((k >= 5389644) AND (k <= 5389744))

for range-notcovered
table 1 : explain SELECT k, c FROM sbtest1 WHERE k BETWEEN 6552462 AND 6552562
	Bitmap Heap Scan on sbtest1  (cost=5.47..405.62 rows=101 width=125)
	  Recheck Cond: ((k >= 6552462) AND (k <= 6552562))
	  ->  Bitmap Index Scan on k_1  (cost=0.00..5.44 rows=101 width=0)
	        Index Cond: ((k >= 6552462) AND (k <= 6552562))

table 2 : explain SELECT k, c FROM sbtest2 WHERE k BETWEEN 6552462 AND 6552562
	Bitmap Heap Scan on sbtest2  (cost=5.52..425.35 rows=106 width=125)
	  Recheck Cond: ((k >= 6552462) AND (k <= 6552562))
	  ->  Bitmap Index Scan on k_2  (cost=0.00..5.50 rows=106 width=0)
	        Index Cond: ((k >= 6552462) AND (k <= 6552562))

table 3 : explain SELECT k, c FROM sbtest3 WHERE k BETWEEN 6552462 AND 6552562
	Bitmap Heap Scan on sbtest3  (cost=5.37..366.14 rows=91 width=125)
	  Recheck Cond: ((k >= 6552462) AND (k <= 6552562))
	  ->  Bitmap Index Scan on k_3  (cost=0.00..5.34 rows=91 width=0)
	        Index Cond: ((k >= 6552462) AND (k <= 6552562))

table 4 : explain SELECT k, c FROM sbtest4 WHERE k BETWEEN 6552462 AND 6552562
	Bitmap Heap Scan on sbtest4  (cost=5.58..449.01 rows=112 width=125)
	  Recheck Cond: ((k >= 6552462) AND (k <= 6552562))
	  ->  Bitmap Index Scan on k_4  (cost=0.00..5.55 rows=112 width=0)
	        Index Cond: ((k >= 6552462) AND (k <= 6552562))

table 5 : explain SELECT k, c FROM sbtest5 WHERE k BETWEEN 6552462 AND 6552562
	Bitmap Heap Scan on sbtest5  (cost=5.48..409.57 rows=102 width=125)
	  Recheck Cond: ((k >= 6552462) AND (k <= 6552562))
	  ->  Bitmap Index Scan on k_5  (cost=0.00..5.45 rows=102 width=0)
	        Index Cond: ((k >= 6552462) AND (k <= 6552562))

table 6 : explain SELECT k, c FROM sbtest6 WHERE k BETWEEN 6552462 AND 6552562
	Bitmap Heap Scan on sbtest6  (cost=5.60..456.87 rows=114 width=125)
	  Recheck Cond: ((k >= 6552462) AND (k <= 6552562))
	  ->  Bitmap Index Scan on k_6  (cost=0.00..5.58 rows=114 width=0)
	        Index Cond: ((k >= 6552462) AND (k <= 6552562))

table 7 : explain SELECT k, c FROM sbtest7 WHERE k BETWEEN 6552462 AND 6552562
	Bitmap Heap Scan on sbtest7  (cost=5.45..397.73 rows=99 width=125)
	  Recheck Cond: ((k >= 6552462) AND (k <= 6552562))
	  ->  Bitmap Index Scan on k_7  (cost=0.00..5.42 rows=99 width=0)
	        Index Cond: ((k >= 6552462) AND (k <= 6552562))

table 8 : explain SELECT k, c FROM sbtest8 WHERE k BETWEEN 6552462 AND 6552562
	Bitmap Heap Scan on sbtest8  (cost=5.48..409.57 rows=102 width=125)
	  Recheck Cond: ((k >= 6552462) AND (k <= 6552562))
	  ->  Bitmap Index Scan on k_8  (cost=0.00..5.45 rows=102 width=0)
	        Index Cond: ((k >= 6552462) AND (k <= 6552562))


for range-notcovered
table 1 : explain SELECT k, c FROM sbtest1 WHERE k BETWEEN 2181250 AND 2181350
	Bitmap Heap Scan on sbtest1  (cost=5.48..409.57 rows=102 width=125)
	  Recheck Cond: ((k >= 2181250) AND (k <= 2181350))
	  ->  Bitmap Index Scan on k_1  (cost=0.00..5.45 rows=102 width=0)
	        Index Cond: ((k >= 2181250) AND (k <= 2181350))

table 2 : explain SELECT k, c FROM sbtest2 WHERE k BETWEEN 2181250 AND 2181350
	Bitmap Heap Scan on sbtest2  (cost=5.45..397.73 rows=99 width=125)
	  Recheck Cond: ((k >= 2181250) AND (k <= 2181350))
	  ->  Bitmap Index Scan on k_2  (cost=0.00..5.42 rows=99 width=0)
	        Index Cond: ((k >= 2181250) AND (k <= 2181350))

table 3 : explain SELECT k, c FROM sbtest3 WHERE k BETWEEN 2181250 AND 2181350
	Bitmap Heap Scan on sbtest3  (cost=5.52..425.34 rows=106 width=125)
	  Recheck Cond: ((k >= 2181250) AND (k <= 2181350))
	  ->  Bitmap Index Scan on k_3  (cost=0.00..5.50 rows=106 width=0)
	        Index Cond: ((k >= 2181250) AND (k <= 2181350))

table 4 : explain SELECT k, c FROM sbtest4 WHERE k BETWEEN 2181250 AND 2181350
	Bitmap Heap Scan on sbtest4  (cost=5.43..389.85 rows=97 width=125)
	  Recheck Cond: ((k >= 2181250) AND (k <= 2181350))
	  ->  Bitmap Index Scan on k_4  (cost=0.00..5.40 rows=97 width=0)
	        Index Cond: ((k >= 2181250) AND (k <= 2181350))

table 5 : explain SELECT k, c FROM sbtest5 WHERE k BETWEEN 2181250 AND 2181350
	Bitmap Heap Scan on sbtest5  (cost=5.55..437.18 rows=109 width=125)
	  Recheck Cond: ((k >= 2181250) AND (k <= 2181350))
	  ->  Bitmap Index Scan on k_5  (cost=0.00..5.52 rows=109 width=0)
	        Index Cond: ((k >= 2181250) AND (k <= 2181350))

table 6 : explain SELECT k, c FROM sbtest6 WHERE k BETWEEN 2181250 AND 2181350
	Bitmap Heap Scan on sbtest6  (cost=5.56..441.11 rows=110 width=125)
	  Recheck Cond: ((k >= 2181250) AND (k <= 2181350))
	  ->  Bitmap Index Scan on k_6  (cost=0.00..5.53 rows=110 width=0)
	        Index Cond: ((k >= 2181250) AND (k <= 2181350))

table 7 : explain SELECT k, c FROM sbtest7 WHERE k BETWEEN 2181250 AND 2181350
	Bitmap Heap Scan on sbtest7  (cost=5.52..425.35 rows=106 width=125)
	  Recheck Cond: ((k >= 2181250) AND (k <= 2181350))
	  ->  Bitmap Index Scan on k_7  (cost=0.00..5.50 rows=106 width=0)
	        Index Cond: ((k >= 2181250) AND (k <= 2181350))

table 8 : explain SELECT k, c FROM sbtest8 WHERE k BETWEEN 2181250 AND 2181350
	Bitmap Heap Scan on sbtest8  (cost=5.43..389.84 rows=97 width=125)
	  Recheck Cond: ((k >= 2181250) AND (k <= 2181350))
	  ->  Bitmap Index Scan on k_8  (cost=0.00..5.40 rows=97 width=0)
	        Index Cond: ((k >= 2181250) AND (k <= 2181350))
for range-notcovered
table 1 : explain SELECT k, c FROM sbtest1 WHERE k BETWEEN 4845292 AND 4845392
	Bitmap Heap Scan on sbtest1  (cost=5.54..433.23 rows=108 width=125)
	  Recheck Cond: ((k >= 4845292) AND (k <= 4845392))
	  ->  Bitmap Index Scan on k_1  (cost=0.00..5.51 rows=108 width=0)
	        Index Cond: ((k >= 4845292) AND (k <= 4845392))

table 2 : explain SELECT k, c FROM sbtest2 WHERE k BETWEEN 4845292 AND 4845392
	Bitmap Heap Scan on sbtest2  (cost=5.48..409.57 rows=102 width=125)
	  Recheck Cond: ((k >= 4845292) AND (k <= 4845392))
	  ->  Bitmap Index Scan on k_2  (cost=0.00..5.45 rows=102 width=0)
	        Index Cond: ((k >= 4845292) AND (k <= 4845392))

table 3 : explain SELECT k, c FROM sbtest3 WHERE k BETWEEN 4845292 AND 4845392
	Bitmap Heap Scan on sbtest3  (cost=5.48..409.56 rows=102 width=125)
	  Recheck Cond: ((k >= 4845292) AND (k <= 4845392))
	  ->  Bitmap Index Scan on k_3  (cost=0.00..5.45 rows=102 width=0)
	        Index Cond: ((k >= 4845292) AND (k <= 4845392))

table 4 : explain SELECT k, c FROM sbtest4 WHERE k BETWEEN 4845292 AND 4845392
	Bitmap Heap Scan on sbtest4  (cost=5.48..409.58 rows=102 width=125)
	  Recheck Cond: ((k >= 4845292) AND (k <= 4845392))
	  ->  Bitmap Index Scan on k_4  (cost=0.00..5.45 rows=102 width=0)
	        Index Cond: ((k >= 4845292) AND (k <= 4845392))

table 5 : explain SELECT k, c FROM sbtest5 WHERE k BETWEEN 4845292 AND 4845392
	Bitmap Heap Scan on sbtest5  (cost=5.43..389.84 rows=97 width=125)
	  Recheck Cond: ((k >= 4845292) AND (k <= 4845392))
	  ->  Bitmap Index Scan on k_5  (cost=0.00..5.40 rows=97 width=0)
	        Index Cond: ((k >= 4845292) AND (k <= 4845392))

table 6 : explain SELECT k, c FROM sbtest6 WHERE k BETWEEN 4845292 AND 4845392
	Bitmap Heap Scan on sbtest6  (cost=5.51..421.39 rows=105 width=125)
	  Recheck Cond: ((k >= 4845292) AND (k <= 4845392))
	  ->  Bitmap Index Scan on k_6  (cost=0.00..5.48 rows=105 width=0)
	        Index Cond: ((k >= 4845292) AND (k <= 4845392))

table 7 : explain SELECT k, c FROM sbtest7 WHERE k BETWEEN 4845292 AND 4845392
	Bitmap Heap Scan on sbtest7  (cost=5.53..429.29 rows=107 width=125)
	  Recheck Cond: ((k >= 4845292) AND (k <= 4845392))
	  ->  Bitmap Index Scan on k_7  (cost=0.00..5.50 rows=107 width=0)
	        Index Cond: ((k >= 4845292) AND (k <= 4845392))

table 8 : explain SELECT k, c FROM sbtest8 WHERE k BETWEEN 4845292 AND 4845392
	Bitmap Heap Scan on sbtest8  (cost=5.56..441.12 rows=110 width=125)
	  Recheck Cond: ((k >= 4845292) AND (k <= 4845392))
	  ->  Bitmap Index Scan on k_8  (cost=0.00..5.53 rows=110 width=0)
	        Index Cond: ((k >= 4845292) AND (k <= 4845392))

explain: for range-notcovered :: explain SELECT k, c FROM sbtest%d WHERE k BETWEEN 4395274 AND 4395374explain: for range-notcovered :: explain SELECT k, c FROM sbtest%d WHERE k BETWEEN 5389644 AND 5389744
for range-notcovered
table 1 : explain SELECT k, c FROM sbtest1 WHERE k BETWEEN 531597 AND 531697
	Bitmap Heap Scan on sbtest1  (cost=5.48..409.57 rows=102 width=125)
	  Recheck Cond: ((k >= 531597) AND (k <= 531697))
	  ->  Bitmap Index Scan on k_1  (cost=0.00..5.45 rows=102 width=0)
	        Index Cond: ((k >= 531597) AND (k <= 531697))

table 2 : explain SELECT k, c FROM sbtest2 WHERE k BETWEEN 531597 AND 531697
	Bitmap Heap Scan on sbtest2  (cost=5.42..385.89 rows=96 width=125)
	  Recheck Cond: ((k >= 531597) AND (k <= 531697))
	  ->  Bitmap Index Scan on k_2  (cost=0.00..5.39 rows=96 width=0)
	        Index Cond: ((k >= 531597) AND (k <= 531697))

table 3 : explain SELECT k, c FROM sbtest3 WHERE k BETWEEN 531597 AND 531697
	Bitmap Heap Scan on sbtest3  (cost=5.47..405.62 rows=101 width=125)
	  Recheck Cond: ((k >= 531597) AND (k <= 531697))
	  ->  Bitmap Index Scan on k_3  (cost=0.00..5.44 rows=101 width=0)
	        Index Cond: ((k >= 531597) AND (k <= 531697))

table 4 : explain SELECT k, c FROM sbtest4 WHERE k BETWEEN 531597 AND 531697
	Bitmap Heap Scan on sbtest4  (cost=5.54..433.24 rows=108 width=125)
	  Recheck Cond: ((k >= 531597) AND (k <= 531697))
	  ->  Bitmap Index Scan on k_4  (cost=0.00..5.51 rows=108 width=0)
	        Index Cond: ((k >= 531597) AND (k <= 531697))

table 5 : explain SELECT k, c FROM sbtest5 WHERE k BETWEEN 531597 AND 531697
	Bitmap Heap Scan on sbtest5  (cost=5.60..456.88 rows=114 width=125)
	  Recheck Cond: ((k >= 531597) AND (k <= 531697))
	  ->  Bitmap Index Scan on k_5  (cost=0.00..5.58 rows=114 width=0)
	        Index Cond: ((k >= 531597) AND (k <= 531697))

table 6 : explain SELECT k, c FROM sbtest6 WHERE k BETWEEN 531597 AND 531697
	Bitmap Heap Scan on sbtest6  (cost=5.43..389.83 rows=97 width=125)
	  Recheck Cond: ((k >= 531597) AND (k <= 531697))
	  ->  Bitmap Index Scan on k_6  (cost=0.00..5.40 rows=97 width=0)
	        Index Cond: ((k >= 531597) AND (k <= 531697))

table 7 : explain SELECT k, c FROM sbtest7 WHERE k BETWEEN 531597 AND 531697
	Bitmap Heap Scan on sbtest7  (cost=5.60..456.89 rows=114 width=125)
	  Recheck Cond: ((k >= 531597) AND (k <= 531697))
	  ->  Bitmap Index Scan on k_7  (cost=0.00..5.58 rows=114 width=0)
	        Index Cond: ((k >= 531597) AND (k <= 531697))

table 8 : explain SELECT k, c FROM sbtest8 WHERE k BETWEEN 531597 AND 531697
	Bitmap Heap Scan on sbtest8  (cost=5.61..460.83 rows=115 width=125)
	  Recheck Cond: ((k >= 531597) AND (k <= 531697))
	  ->  Bitmap Index Scan on k_8  (cost=0.00..5.58 rows=115 width=0)
	        Index Cond: ((k >= 531597) AND (k <= 531697))


for range-notcovered
table 1 : explain SELECT k, c FROM sbtest1 WHERE k BETWEEN 7583462 AND 7583562
	Bitmap Heap Scan on sbtest1  (cost=5.53..429.29 rows=107 width=125)
	  Recheck Cond: ((k >= 7583462) AND (k <= 7583562))
	  ->  Bitmap Index Scan on k_1  (cost=0.00..5.50 rows=107 width=0)
	        Index Cond: ((k >= 7583462) AND (k <= 7583562))

table 2 : explain SELECT k, c FROM sbtest2 WHERE k BETWEEN 7583462 AND 7583562
	Bitmap Heap Scan on sbtest2  (cost=5.53..429.29 rows=107 width=125)
	  Recheck Cond: ((k >= 7583462) AND (k <= 7583562))
	  ->  Bitmap Index Scan on k_2  (cost=0.00..5.50 rows=107 width=0)
	        Index Cond: ((k >= 7583462) AND (k <= 7583562))

table 3 : explain SELECT k, c FROM sbtest3 WHERE k BETWEEN 7583462 AND 7583562
	Bitmap Heap Scan on sbtest3  (cost=5.40..377.99 rows=94 width=125)
	  Recheck Cond: ((k >= 7583462) AND (k <= 7583562))
	  ->  Bitmap Index Scan on k_3  (cost=0.00..5.38 rows=94 width=0)
	        Index Cond: ((k >= 7583462) AND (k <= 7583562))

table 4 : explain SELECT k, c FROM sbtest4 WHERE k BETWEEN 7583462 AND 7583562
	Bitmap Heap Scan on sbtest4  (cost=5.42..385.90 rows=96 width=125)
	  Recheck Cond: ((k >= 7583462) AND (k <= 7583562))
	  ->  Bitmap Index Scan on k_4  (cost=0.00..5.39 rows=96 width=0)
	        Index Cond: ((k >= 7583462) AND (k <= 7583562))

table 5 : explain SELECT k, c FROM sbtest5 WHERE k BETWEEN 7583462 AND 7583562
	Bitmap Heap Scan on sbtest5  (cost=5.47..405.62 rows=101 width=125)
	  Recheck Cond: ((k >= 7583462) AND (k <= 7583562))
	  ->  Bitmap Index Scan on k_5  (cost=0.00..5.44 rows=101 width=0)
	        Index Cond: ((k >= 7583462) AND (k <= 7583562))

table 6 : explain SELECT k, c FROM sbtest6 WHERE k BETWEEN 7583462 AND 7583562
	Bitmap Heap Scan on sbtest6  (cost=5.48..409.56 rows=102 width=125)
	  Recheck Cond: ((k >= 7583462) AND (k <= 7583562))
	  ->  Bitmap Index Scan on k_6  (cost=0.00..5.45 rows=102 width=0)
	        Index Cond: ((k >= 7583462) AND (k <= 7583562))

table 7 : explain SELECT k, c FROM sbtest7 WHERE k BETWEEN 7583462 AND 7583562
	Bitmap Heap Scan on sbtest7  (cost=5.46..401.68 rows=100 width=125)
	  Recheck Cond: ((k >= 7583462) AND (k <= 7583562))
	  ->  Bitmap Index Scan on k_7  (cost=0.00..5.43 rows=100 width=0)
	        Index Cond: ((k >= 7583462) AND (k <= 7583562))

table 8 : explain SELECT k, c FROM sbtest8 WHERE k BETWEEN 7583462 AND 7583562
	Bitmap Heap Scan on sbtest8  (cost=5.56..441.12 rows=110 width=125)
	  Recheck Cond: ((k >= 7583462) AND (k <= 7583562))
	  ->  Bitmap Index Scan on k_8  (cost=0.00..5.53 rows=110 width=0)
	        Index Cond: ((k >= 7583462) AND (k <= 7583562))


explain: for range-notcovered :: explain SELECT k, c FROM sbtest%d WHERE k BETWEEN 4845292 AND 4845392
explain: for range-notcovered :: explain SELECT k, c FROM sbtest%d WHERE k BETWEEN 6552462 AND 6552562
explain: for range-notcovered :: explain SELECT k, c FROM sbtest%d WHERE k BETWEEN 5181953 AND 5182053
explain: for range-notcovered :: explain SELECT k, c FROM sbtest%d WHERE k BETWEEN 531597 AND 531697
explain: for range-notcovered :: explain SELECT k, c FROM sbtest%d WHERE k BETWEEN 2181250 AND 2181350
explain: for range-notcovered :: explain SELECT k, c FROM sbtest%d WHERE k BETWEEN 7583462 AND 7583562
for range-notcovered
table 1 : explain SELECT k, c FROM sbtest1 WHERE k BETWEEN 3177838 AND 3177938
	Bitmap Heap Scan on sbtest1  (cost=5.55..437.17 rows=109 width=125)
	  Recheck Cond: ((k >= 3177838) AND (k <= 3177938))
	  ->  Bitmap Index Scan on k_1  (cost=0.00..5.52 rows=109 width=0)
	        Index Cond: ((k >= 3177838) AND (k <= 3177938))

table 2 : explain SELECT k, c FROM sbtest2 WHERE k BETWEEN 3177838 AND 3177938
	Bitmap Heap Scan on sbtest2  (cost=5.44..393.79 rows=98 width=125)
	  Recheck Cond: ((k >= 3177838) AND (k <= 3177938))
	  ->  Bitmap Index Scan on k_2  (cost=0.00..5.42 rows=98 width=0)
	        Index Cond: ((k >= 3177838) AND (k <= 3177938))

table 3 : explain SELECT k, c FROM sbtest3 WHERE k BETWEEN 3177838 AND 3177938
	Bitmap Heap Scan on sbtest3  (cost=5.49..413.51 rows=103 width=125)
	  Recheck Cond: ((k >= 3177838) AND (k <= 3177938))
	  ->  Bitmap Index Scan on k_3  (cost=0.00..5.46 rows=103 width=0)
	        Index Cond: ((k >= 3177838) AND (k <= 3177938))

table 4 : explain SELECT k, c FROM sbtest4 WHERE k BETWEEN 3177838 AND 3177938
	Bitmap Heap Scan on sbtest4  (cost=5.54..433.24 rows=108 width=125)
	  Recheck Cond: ((k >= 3177838) AND (k <= 3177938))
	  ->  Bitmap Index Scan on k_4  (cost=0.00..5.51 rows=108 width=0)
	        Index Cond: ((k >= 3177838) AND (k <= 3177938))

table 5 : explain SELECT k, c FROM sbtest5 WHERE k BETWEEN 3177838 AND 3177938
	Bitmap Heap Scan on sbtest5  (cost=5.46..401.68 rows=100 width=125)
	  Recheck Cond: ((k >= 3177838) AND (k <= 3177938))
	  ->  Bitmap Index Scan on k_5  (cost=0.00..5.43 rows=100 width=0)
	        Index Cond: ((k >= 3177838) AND (k <= 3177938))

table 6 : explain SELECT k, c FROM sbtest6 WHERE k BETWEEN 3177838 AND 3177938
	Bitmap Heap Scan on sbtest6  (cost=5.58..448.99 rows=112 width=125)
	  Recheck Cond: ((k >= 3177838) AND (k <= 3177938))
	  ->  Bitmap Index Scan on k_6  (cost=0.00..5.55 rows=112 width=0)
	        Index Cond: ((k >= 3177838) AND (k <= 3177938))

table 7 : explain SELECT k, c FROM sbtest7 WHERE k BETWEEN 3177838 AND 3177938
	Bitmap Heap Scan on sbtest7  (cost=5.45..397.73 rows=99 width=125)
	  Recheck Cond: ((k >= 3177838) AND (k <= 3177938))
	  ->  Bitmap Index Scan on k_7  (cost=0.00..5.42 rows=99 width=0)
	        Index Cond: ((k >= 3177838) AND (k <= 3177938))

table 8 : explain SELECT k, c FROM sbtest8 WHERE k BETWEEN 3177838 AND 3177938
	Bitmap Heap Scan on sbtest8  (cost=5.51..421.40 rows=105 width=125)
	  Recheck Cond: ((k >= 3177838) AND (k <= 3177938))
	  ->  Bitmap Index Scan on k_8  (cost=0.00..5.48 rows=105 width=0)
	        Index Cond: ((k >= 3177838) AND (k <= 3177938))

for range-notcovered
table 1 : explain SELECT k, c FROM sbtest1 WHERE k BETWEEN 931144 AND 931244
	Bitmap Heap Scan on sbtest1  (cost=5.50..417.46 rows=104 width=125)
	  Recheck Cond: ((k >= 931144) AND (k <= 931244))
	  ->  Bitmap Index Scan on k_1  (cost=0.00..5.47 rows=104 width=0)
	        Index Cond: ((k >= 931144) AND (k <= 931244))

table 2 : explain SELECT k, c FROM sbtest2 WHERE k BETWEEN 931144 AND 931244
	Bitmap Heap Scan on sbtest2  (cost=5.48..409.57 rows=102 width=125)
	  Recheck Cond: ((k >= 931144) AND (k <= 931244))
	  ->  Bitmap Index Scan on k_2  (cost=0.00..5.45 rows=102 width=0)
	        Index Cond: ((k >= 931144) AND (k <= 931244))

table 3 : explain SELECT k, c FROM sbtest3 WHERE k BETWEEN 931144 AND 931244
	Bitmap Heap Scan on sbtest3  (cost=5.47..405.62 rows=101 width=125)
	  Recheck Cond: ((k >= 931144) AND (k <= 931244))
	  ->  Bitmap Index Scan on k_3  (cost=0.00..5.44 rows=101 width=0)
	        Index Cond: ((k >= 931144) AND (k <= 931244))

table 4 : explain SELECT k, c FROM sbtest4 WHERE k BETWEEN 931144 AND 931244
	Bitmap Heap Scan on sbtest4  (cost=5.46..401.69 rows=100 width=125)
	  Recheck Cond: ((k >= 931144) AND (k <= 931244))
	  ->  Bitmap Index Scan on k_4  (cost=0.00..5.43 rows=100 width=0)
	        Index Cond: ((k >= 931144) AND (k <= 931244))

table 5 : explain SELECT k, c FROM sbtest5 WHERE k BETWEEN 931144 AND 931244
	Bitmap Heap Scan on sbtest5  (cost=5.55..437.18 rows=109 width=125)
	  Recheck Cond: ((k >= 931144) AND (k <= 931244))
	  ->  Bitmap Index Scan on k_5  (cost=0.00..5.52 rows=109 width=0)
	        Index Cond: ((k >= 931144) AND (k <= 931244))

table 6 : explain SELECT k, c FROM sbtest6 WHERE k BETWEEN 931144 AND 931244
	Bitmap Heap Scan on sbtest6  (cost=5.42..385.88 rows=96 width=125)
	  Recheck Cond: ((k >= 931144) AND (k <= 931244))
	  ->  Bitmap Index Scan on k_6  (cost=0.00..5.39 rows=96 width=0)
	        Index Cond: ((k >= 931144) AND (k <= 931244))

table 7 : explain SELECT k, c FROM sbtest7 WHERE k BETWEEN 931144 AND 931244
	Bitmap Heap Scan on sbtest7  (cost=5.54..433.24 rows=108 width=125)
	  Recheck Cond: ((k >= 931144) AND (k <= 931244))
	  ->  Bitmap Index Scan on k_7  (cost=0.00..5.51 rows=108 width=0)
	        Index Cond: ((k >= 931144) AND (k <= 931244))

table 8 : explain SELECT k, c FROM sbtest8 WHERE k BETWEEN 931144 AND 931244
	Bitmap Heap Scan on sbtest8  (cost=5.46..401.68 rows=100 width=125)
	  Recheck Cond: ((k >= 931144) AND (k <= 931244))
	  ->  Bitmap Index Scan on k_8  (cost=0.00..5.43 rows=100 width=0)
	        Index Cond: ((k >= 931144) AND (k <= 931244))

for range-notcovered
table 1 : explain SELECT k, c FROM sbtest1 WHERE k BETWEEN 6594822 AND 6594922
	Bitmap Heap Scan on sbtest1  (cost=5.51..421.40 rows=105 width=125)
	  Recheck Cond: ((k >= 6594822) AND (k <= 6594922))
	  ->  Bitmap Index Scan on k_1  (cost=0.00..5.48 rows=105 width=0)
	        Index Cond: ((k >= 6594822) AND (k <= 6594922))

table 2 : explain SELECT k, c FROM sbtest2 WHERE k BETWEEN 6594822 AND 6594922
	Bitmap Heap Scan on sbtest2  (cost=5.53..429.29 rows=107 width=125)
	  Recheck Cond: ((k >= 6594822) AND (k <= 6594922))
	  ->  Bitmap Index Scan on k_2  (cost=0.00..5.50 rows=107 width=0)
	        Index Cond: ((k >= 6594822) AND (k <= 6594922))

table 3 : explain SELECT k, c FROM sbtest3 WHERE k BETWEEN 6594822 AND 6594922
	Bitmap Heap Scan on sbtest3  (cost=5.37..366.14 rows=91 width=125)
	  Recheck Cond: ((k >= 6594822) AND (k <= 6594922))
	  ->  Bitmap Index Scan on k_3  (cost=0.00..5.34 rows=91 width=0)
	        Index Cond: ((k >= 6594822) AND (k <= 6594922))

table 4 : explain SELECT k, c FROM sbtest4 WHERE k BETWEEN 6594822 AND 6594922
	Bitmap Heap Scan on sbtest4  (cost=5.58..449.01 rows=112 width=125)
	  Recheck Cond: ((k >= 6594822) AND (k <= 6594922))
	  ->  Bitmap Index Scan on k_4  (cost=0.00..5.55 rows=112 width=0)
	        Index Cond: ((k >= 6594822) AND (k <= 6594922))

table 5 : explain SELECT k, c FROM sbtest5 WHERE k BETWEEN 6594822 AND 6594922
	Bitmap Heap Scan on sbtest5  (cost=5.49..413.51 rows=103 width=125)
	  Recheck Cond: ((k >= 6594822) AND (k <= 6594922))
	  ->  Bitmap Index Scan on k_5  (cost=0.00..5.46 rows=103 width=0)
	        Index Cond: ((k >= 6594822) AND (k <= 6594922))

table 6 : explain SELECT k, c FROM sbtest6 WHERE k BETWEEN 6594822 AND 6594922
	Bitmap Heap Scan on sbtest6  (cost=5.60..456.87 rows=114 width=125)
	  Recheck Cond: ((k >= 6594822) AND (k <= 6594922))
	  ->  Bitmap Index Scan on k_6  (cost=0.00..5.58 rows=114 width=0)
	        Index Cond: ((k >= 6594822) AND (k <= 6594922))

table 7 : explain SELECT k, c FROM sbtest7 WHERE k BETWEEN 6594822 AND 6594922
	Bitmap Heap Scan on sbtest7  (cost=5.53..429.29 rows=107 width=125)
	  Recheck Cond: ((k >= 6594822) AND (k <= 6594922))
	  ->  Bitmap Index Scan on k_7  (cost=0.00..5.50 rows=107 width=0)
	        Index Cond: ((k >= 6594822) AND (k <= 6594922))

table 8 : explain SELECT k, c FROM sbtest8 WHERE k BETWEEN 6594822 AND 6594922
	Bitmap Heap Scan on sbtest8  (cost=5.48..409.57 rows=102 width=125)
	  Recheck Cond: ((k >= 6594822) AND (k <= 6594922))
	  ->  Bitmap Index Scan on k_8  (cost=0.00..5.45 rows=102 width=0)
	        Index Cond: ((k >= 6594822) AND (k <= 6594922))
for range-notcovered
table 1 : explain SELECT k, c FROM sbtest1 WHERE k BETWEEN 4816729 AND 4816829
	Bitmap Heap Scan on sbtest1  (cost=5.62..464.76 rows=116 width=125)
	  Recheck Cond: ((k >= 4816729) AND (k <= 4816829))
	  ->  Bitmap Index Scan on k_1  (cost=0.00..5.59 rows=116 width=0)
	        Index Cond: ((k >= 4816729) AND (k <= 4816829))

table 2 : explain SELECT k, c FROM sbtest2 WHERE k BETWEEN 4816729 AND 4816829
	Bitmap Heap Scan on sbtest2  (cost=5.48..409.57 rows=102 width=125)
	  Recheck Cond: ((k >= 4816729) AND (k <= 4816829))
	  ->  Bitmap Index Scan on k_2  (cost=0.00..5.45 rows=102 width=0)
	        Index Cond: ((k >= 4816729) AND (k <= 4816829))

table 3 : explain SELECT k, c FROM sbtest3 WHERE k BETWEEN 4816729 AND 4816829
	Bitmap Heap Scan on sbtest3  (cost=5.48..409.56 rows=102 width=125)
	  Recheck Cond: ((k >= 4816729) AND (k <= 4816829))
	  ->  Bitmap Index Scan on k_3  (cost=0.00..5.45 rows=102 width=0)
	        Index Cond: ((k >= 4816729) AND (k <= 4816829))

table 4 : explain SELECT k, c FROM sbtest4 WHERE k BETWEEN 4816729 AND 4816829
	Bitmap Heap Scan on sbtest4  (cost=5.48..409.58 rows=102 width=125)
	  Recheck Cond: ((k >= 4816729) AND (k <= 4816829))
	  ->  Bitmap Index Scan on k_4  (cost=0.00..5.45 rows=102 width=0)
	        Index Cond: ((k >= 4816729) AND (k <= 4816829))

table 5 : explain SELECT k, c FROM sbtest5 WHERE k BETWEEN 4816729 AND 4816829
	Bitmap Heap Scan on sbtest5  (cost=5.43..389.84 rows=97 width=125)
	  Recheck Cond: ((k >= 4816729) AND (k <= 4816829))
	  ->  Bitmap Index Scan on k_5  (cost=0.00..5.40 rows=97 width=0)
	        Index Cond: ((k >= 4816729) AND (k <= 4816829))

table 6 : explain SELECT k, c FROM sbtest6 WHERE k BETWEEN 4816729 AND 4816829
	Bitmap Heap Scan on sbtest6  (cost=5.53..429.28 rows=107 width=125)
	  Recheck Cond: ((k >= 4816729) AND (k <= 4816829))
	  ->  Bitmap Index Scan on k_6  (cost=0.00..5.50 rows=107 width=0)
	        Index Cond: ((k >= 4816729) AND (k <= 4816829))

table 7 : explain SELECT k, c FROM sbtest7 WHERE k BETWEEN 4816729 AND 4816829
	Bitmap Heap Scan on sbtest7  (cost=5.53..429.29 rows=107 width=125)
	  Recheck Cond: ((k >= 4816729) AND (k <= 4816829))
	  ->  Bitmap Index Scan on k_7  (cost=0.00..5.50 rows=107 width=0)
	        Index Cond: ((k >= 4816729) AND (k <= 4816829))

table 8 : explain SELECT k, c FROM sbtest8 WHERE k BETWEEN 4816729 AND 4816829
	Bitmap Heap Scan on sbtest8  (cost=5.56..441.12 rows=110 width=125)
	  Recheck Cond: ((k >= 4816729) AND (k <= 4816829))
	  ->  Bitmap Index Scan on k_8  (cost=0.00..5.53 rows=110 width=0)
	        Index Cond: ((k >= 4816729) AND (k <= 4816829))

for range-notcovered
table 1 : explain SELECT k, c FROM sbtest1 WHERE k BETWEEN 4426134 AND 4426234
	Bitmap Heap Scan on sbtest1  (cost=5.45..397.73 rows=99 width=125)
	  Recheck Cond: ((k >= 4426134) AND (k <= 4426234))
	  ->  Bitmap Index Scan on k_1  (cost=0.00..5.42 rows=99 width=0)
	        Index Cond: ((k >= 4426134) AND (k <= 4426234))

table 2 : explain SELECT k, c FROM sbtest2 WHERE k BETWEEN 4426134 AND 4426234
	Bitmap Heap Scan on sbtest2  (cost=5.50..417.46 rows=104 width=125)
	  Recheck Cond: ((k >= 4426134) AND (k <= 4426234))
	  ->  Bitmap Index Scan on k_2  (cost=0.00..5.47 rows=104 width=0)
	        Index Cond: ((k >= 4426134) AND (k <= 4426234))

table 3 : explain SELECT k, c FROM sbtest3 WHERE k BETWEEN 4426134 AND 4426234
	Bitmap Heap Scan on sbtest3  (cost=5.41..381.94 rows=95 width=125)
	  Recheck Cond: ((k >= 4426134) AND (k <= 4426234))
	  ->  Bitmap Index Scan on k_3  (cost=0.00..5.38 rows=95 width=0)
	        Index Cond: ((k >= 4426134) AND (k <= 4426234))

table 4 : explain SELECT k, c FROM sbtest4 WHERE k BETWEEN 4426134 AND 4426234
	Bitmap Heap Scan on sbtest4  (cost=5.48..409.58 rows=102 width=125)
	  Recheck Cond: ((k >= 4426134) AND (k <= 4426234))
	  ->  Bitmap Index Scan on k_4  (cost=0.00..5.45 rows=102 width=0)
	        Index Cond: ((k >= 4426134) AND (k <= 4426234))

table 5 : explain SELECT k, c FROM sbtest5 WHERE k BETWEEN 4426134 AND 4426234
	Bitmap Heap Scan on sbtest5  (cost=5.45..397.73 rows=99 width=125)
	  Recheck Cond: ((k >= 4426134) AND (k <= 4426234))
	  ->  Bitmap Index Scan on k_5  (cost=0.00..5.42 rows=99 width=0)
	        Index Cond: ((k >= 4426134) AND (k <= 4426234))

table 6 : explain SELECT k, c FROM sbtest6 WHERE k BETWEEN 4426134 AND 4426234
	Bitmap Heap Scan on sbtest6  (cost=5.47..405.61 rows=101 width=125)
	  Recheck Cond: ((k >= 4426134) AND (k <= 4426234))
	  ->  Bitmap Index Scan on k_6  (cost=0.00..5.44 rows=101 width=0)
	        Index Cond: ((k >= 4426134) AND (k <= 4426234))

table 7 : explain SELECT k, c FROM sbtest7 WHERE k BETWEEN 4426134 AND 4426234
	Bitmap Heap Scan on sbtest7  (cost=5.50..417.46 rows=104 width=125)
	  Recheck Cond: ((k >= 4426134) AND (k <= 4426234))
	  ->  Bitmap Index Scan on k_7  (cost=0.00..5.47 rows=104 width=0)
	        Index Cond: ((k >= 4426134) AND (k <= 4426234))

table 8 : explain SELECT k, c FROM sbtest8 WHERE k BETWEEN 4426134 AND 4426234
	Bitmap Heap Scan on sbtest8  (cost=5.49..413.52 rows=103 width=125)
	  Recheck Cond: ((k >= 4426134) AND (k <= 4426234))
	  ->  Bitmap Index Scan on k_8  (cost=0.00..5.46 rows=103 width=0)
	        Index Cond: ((k >= 4426134) AND (k <= 4426234))
for range-notcovered
table 1 : explain SELECT k, c FROM sbtest1 WHERE k BETWEEN 4404507 AND 4404607
	Bitmap Heap Scan on sbtest1  (cost=5.45..397.73 rows=99 width=125)
	  Recheck Cond: ((k >= 4404507) AND (k <= 4404607))
	  ->  Bitmap Index Scan on k_1  (cost=0.00..5.42 rows=99 width=0)
	        Index Cond: ((k >= 4404507) AND (k <= 4404607))

table 2 : explain SELECT k, c FROM sbtest2 WHERE k BETWEEN 4404507 AND 4404607
	Bitmap Heap Scan on sbtest2  (cost=5.50..417.46 rows=104 width=125)
	  Recheck Cond: ((k >= 4404507) AND (k <= 4404607))
	  ->  Bitmap Index Scan on k_2  (cost=0.00..5.47 rows=104 width=0)
	        Index Cond: ((k >= 4404507) AND (k <= 4404607))

table 3 : explain SELECT k, c FROM sbtest3 WHERE k BETWEEN 4404507 AND 4404607
	Bitmap Heap Scan on sbtest3  (cost=5.41..381.94 rows=95 width=125)
	  Recheck Cond: ((k >= 4404507) AND (k <= 4404607))
	  ->  Bitmap Index Scan on k_3  (cost=0.00..5.38 rows=95 width=0)
	        Index Cond: ((k >= 4404507) AND (k <= 4404607))

table 4 : explain SELECT k, c FROM sbtest4 WHERE k BETWEEN 4404507 AND 4404607
	Bitmap Heap Scan on sbtest4  (cost=5.48..409.58 rows=102 width=125)
	  Recheck Cond: ((k >= 4404507) AND (k <= 4404607))
	  ->  Bitmap Index Scan on k_4  (cost=0.00..5.45 rows=102 width=0)
	        Index Cond: ((k >= 4404507) AND (k <= 4404607))

table 5 : explain SELECT k, c FROM sbtest5 WHERE k BETWEEN 4404507 AND 4404607
	Bitmap Heap Scan on sbtest5  (cost=5.45..397.73 rows=99 width=125)
	  Recheck Cond: ((k >= 4404507) AND (k <= 4404607))
	  ->  Bitmap Index Scan on k_5  (cost=0.00..5.42 rows=99 width=0)
	        Index Cond: ((k >= 4404507) AND (k <= 4404607))

table 6 : explain SELECT k, c FROM sbtest6 WHERE k BETWEEN 4404507 AND 4404607
	Bitmap Heap Scan on sbtest6  (cost=5.50..417.45 rows=104 width=125)
	  Recheck Cond: ((k >= 4404507) AND (k <= 4404607))
	  ->  Bitmap Index Scan on k_6  (cost=0.00..5.47 rows=104 width=0)
	        Index Cond: ((k >= 4404507) AND (k <= 4404607))

table 7 : explain SELECT k, c FROM sbtest7 WHERE k BETWEEN 4404507 AND 4404607
	Bitmap Heap Scan on sbtest7  (cost=5.50..417.46 rows=104 width=125)
	  Recheck Cond: ((k >= 4404507) AND (k <= 4404607))
	  ->  Bitmap Index Scan on k_7  (cost=0.00..5.47 rows=104 width=0)
	        Index Cond: ((k >= 4404507) AND (k <= 4404607))

table 8 : explain SELECT k, c FROM sbtest8 WHERE k BETWEEN 4404507 AND 4404607
	Bitmap Heap Scan on sbtest8  (cost=5.49..413.52 rows=103 width=125)
	  Recheck Cond: ((k >= 4404507) AND (k <= 4404607))
	  ->  Bitmap Index Scan on k_8  (cost=0.00..5.46 rows=103 width=0)
	        Index Cond: ((k >= 4404507) AND (k <= 4404607))

for range-notcovered
table 1 : explain SELECT k, c FROM sbtest1 WHERE k BETWEEN 4961523 AND 4961623
	Bitmap Heap Scan on sbtest1  (cost=5.63..468.70 rows=117 width=125)
	  Recheck Cond: ((k >= 4961523) AND (k <= 4961623))
	  ->  Bitmap Index Scan on k_1  (cost=0.00..5.60 rows=117 width=0)
	        Index Cond: ((k >= 4961523) AND (k <= 4961623))

table 2 : explain SELECT k, c FROM sbtest2 WHERE k BETWEEN 4961523 AND 4961623
	Bitmap Heap Scan on sbtest2  (cost=5.46..401.68 rows=100 width=125)
	  Recheck Cond: ((k >= 4961523) AND (k <= 4961623))
	  ->  Bitmap Index Scan on k_2  (cost=0.00..5.43 rows=100 width=0)
	        Index Cond: ((k >= 4961523) AND (k <= 4961623))

table 3 : explain SELECT k, c FROM sbtest3 WHERE k BETWEEN 4961523 AND 4961623
	Bitmap Heap Scan on sbtest3  (cost=5.42..385.88 rows=96 width=125)
	  Recheck Cond: ((k >= 4961523) AND (k <= 4961623))
	  ->  Bitmap Index Scan on k_3  (cost=0.00..5.39 rows=96 width=0)
	        Index Cond: ((k >= 4961523) AND (k <= 4961623))

table 4 : explain SELECT k, c FROM sbtest4 WHERE k BETWEEN 4961523 AND 4961623
	Bitmap Heap Scan on sbtest4  (cost=5.55..437.19 rows=109 width=125)
	  Recheck Cond: ((k >= 4961523) AND (k <= 4961623))
	  ->  Bitmap Index Scan on k_4  (cost=0.00..5.52 rows=109 width=0)
	        Index Cond: ((k >= 4961523) AND (k <= 4961623))

table 5 : explain SELECT k, c FROM sbtest5 WHERE k BETWEEN 4961523 AND 4961623
	Bitmap Heap Scan on sbtest5  (cost=5.50..417.46 rows=104 width=125)
	  Recheck Cond: ((k >= 4961523) AND (k <= 4961623))
	  ->  Bitmap Index Scan on k_5  (cost=0.00..5.47 rows=104 width=0)
	        Index Cond: ((k >= 4961523) AND (k <= 4961623))

table 6 : explain SELECT k, c FROM sbtest6 WHERE k BETWEEN 4961523 AND 4961623
	Bitmap Heap Scan on sbtest6  (cost=5.50..417.45 rows=104 width=125)
	  Recheck Cond: ((k >= 4961523) AND (k <= 4961623))
	  ->  Bitmap Index Scan on k_6  (cost=0.00..5.47 rows=104 width=0)
	        Index Cond: ((k >= 4961523) AND (k <= 4961623))

table 7 : explain SELECT k, c FROM sbtest7 WHERE k BETWEEN 4961523 AND 4961623
	Bitmap Heap Scan on sbtest7  (cost=5.49..413.52 rows=103 width=125)
	  Recheck Cond: ((k >= 4961523) AND (k <= 4961623))
	  ->  Bitmap Index Scan on k_7  (cost=0.00..5.46 rows=103 width=0)
	        Index Cond: ((k >= 4961523) AND (k <= 4961623))

table 8 : explain SELECT k, c FROM sbtest8 WHERE k BETWEEN 4961523 AND 4961623
	Bitmap Heap Scan on sbtest8  (cost=5.37..366.15 rows=91 width=125)
	  Recheck Cond: ((k >= 4961523) AND (k <= 4961623))
	  ->  Bitmap Index Scan on k_8  (cost=0.00..5.34 rows=91 width=0)
	        Index Cond: ((k >= 4961523) AND (k <= 4961623))



for range-notcovered
table 1 : explain SELECT k, c FROM sbtest1 WHERE k BETWEEN 5735179 AND 5735279
	Bitmap Heap Scan on sbtest1  (cost=5.38..370.09 rows=92 width=125)
	  Recheck Cond: ((k >= 5735179) AND (k <= 5735279))
	  ->  Bitmap Index Scan on k_1  (cost=0.00..5.35 rows=92 width=0)
	        Index Cond: ((k >= 5735179) AND (k <= 5735279))

table 2 : explain SELECT k, c FROM sbtest2 WHERE k BETWEEN 5735179 AND 5735279
	Bitmap Heap Scan on sbtest2  (cost=5.59..452.94 rows=113 width=125)
	  Recheck Cond: ((k >= 5735179) AND (k <= 5735279))
	  ->  Bitmap Index Scan on k_2  (cost=0.00..5.56 rows=113 width=0)
	        Index Cond: ((k >= 5735179) AND (k <= 5735279))

table 3 : explain SELECT k, c FROM sbtest3 WHERE k BETWEEN 5735179 AND 5735279
	Bitmap Heap Scan on sbtest3  (cost=5.60..456.87 rows=114 width=125)
	  Recheck Cond: ((k >= 5735179) AND (k <= 5735279))
	  ->  Bitmap Index Scan on k_3  (cost=0.00..5.58 rows=114 width=0)
	        Index Cond: ((k >= 5735179) AND (k <= 5735279))

table 4 : explain SELECT k, c FROM sbtest4 WHERE k BETWEEN 5735179 AND 5735279
	Bitmap Heap Scan on sbtest4  (cost=5.53..429.30 rows=107 width=125)
	  Recheck Cond: ((k >= 5735179) AND (k <= 5735279))
	  ->  Bitmap Index Scan on k_4  (cost=0.00..5.50 rows=107 width=0)
	        Index Cond: ((k >= 5735179) AND (k <= 5735279))

table 5 : explain SELECT k, c FROM sbtest5 WHERE k BETWEEN 5735179 AND 5735279
	Bitmap Heap Scan on sbtest5  (cost=5.41..381.94 rows=95 width=125)
	  Recheck Cond: ((k >= 5735179) AND (k <= 5735279))
	  ->  Bitmap Index Scan on k_5  (cost=0.00..5.38 rows=95 width=0)
	        Index Cond: ((k >= 5735179) AND (k <= 5735279))

table 6 : explain SELECT k, c FROM sbtest6 WHERE k BETWEEN 5735179 AND 5735279
	Bitmap Heap Scan on sbtest6  (cost=5.42..385.88 rows=96 width=125)
	  Recheck Cond: ((k >= 5735179) AND (k <= 5735279))
	  ->  Bitmap Index Scan on k_6  (cost=0.00..5.39 rows=96 width=0)
	        Index Cond: ((k >= 5735179) AND (k <= 5735279))

table 7 : explain SELECT k, c FROM sbtest7 WHERE k BETWEEN 5735179 AND 5735279
	Bitmap Heap Scan on sbtest7  (cost=5.44..393.79 rows=98 width=125)
	  Recheck Cond: ((k >= 5735179) AND (k <= 5735279))
	  ->  Bitmap Index Scan on k_7  (cost=0.00..5.42 rows=98 width=0)
	        Index Cond: ((k >= 5735179) AND (k <= 5735279))

table 8 : explain SELECT k, c FROM sbtest8 WHERE k BETWEEN 5735179 AND 5735279
	Bitmap Heap Scan on sbtest8  (cost=5.54..433.23 rows=108 width=125)
	  Recheck Cond: ((k >= 5735179) AND (k <= 5735279))
	  ->  Bitmap Index Scan on k_8  (cost=0.00..5.51 rows=108 width=0)
	        Index Cond: ((k >= 5735179) AND (k <= 5735279))

for range-notcovered
table 1 : explain SELECT k, c FROM sbtest1 WHERE k BETWEEN 7584845 AND 7584945
	Bitmap Heap Scan on sbtest1  (cost=5.53..429.29 rows=107 width=125)
	  Recheck Cond: ((k >= 7584845) AND (k <= 7584945))
	  ->  Bitmap Index Scan on k_1  (cost=0.00..5.50 rows=107 width=0)
	        Index Cond: ((k >= 7584845) AND (k <= 7584945))

table 2 : explain SELECT k, c FROM sbtest2 WHERE k BETWEEN 7584845 AND 7584945
	Bitmap Heap Scan on sbtest2  (cost=5.53..429.29 rows=107 width=125)
	  Recheck Cond: ((k >= 7584845) AND (k <= 7584945))
	  ->  Bitmap Index Scan on k_2  (cost=0.00..5.50 rows=107 width=0)
	        Index Cond: ((k >= 7584845) AND (k <= 7584945))

table 3 : explain SELECT k, c FROM sbtest3 WHERE k BETWEEN 7584845 AND 7584945
	Bitmap Heap Scan on sbtest3  (cost=5.40..377.99 rows=94 width=125)
	  Recheck Cond: ((k >= 7584845) AND (k <= 7584945))
	  ->  Bitmap Index Scan on k_3  (cost=0.00..5.38 rows=94 width=0)
	        Index Cond: ((k >= 7584845) AND (k <= 7584945))

table 4 : explain SELECT k, c FROM sbtest4 WHERE k BETWEEN 7584845 AND 7584945
	Bitmap Heap Scan on sbtest4  (cost=5.42..385.90 rows=96 width=125)
	  Recheck Cond: ((k >= 7584845) AND (k <= 7584945))
	  ->  Bitmap Index Scan on k_4  (cost=0.00..5.39 rows=96 width=0)
	        Index Cond: ((k >= 7584845) AND (k <= 7584945))

table 5 : explain SELECT k, c FROM sbtest5 WHERE k BETWEEN 7584845 AND 7584945
	Bitmap Heap Scan on sbtest5  (cost=5.47..405.62 rows=101 width=125)
	  Recheck Cond: ((k >= 7584845) AND (k <= 7584945))
	  ->  Bitmap Index Scan on k_5  (cost=0.00..5.44 rows=101 width=0)
	        Index Cond: ((k >= 7584845) AND (k <= 7584945))

table 6 : explain SELECT k, c FROM sbtest6 WHERE k BETWEEN 7584845 AND 7584945
	Bitmap Heap Scan on sbtest6  (cost=5.48..409.56 rows=102 width=125)
	  Recheck Cond: ((k >= 7584845) AND (k <= 7584945))
	  ->  Bitmap Index Scan on k_6  (cost=0.00..5.45 rows=102 width=0)
	        Index Cond: ((k >= 7584845) AND (k <= 7584945))

table 7 : explain SELECT k, c FROM sbtest7 WHERE k BETWEEN 7584845 AND 7584945
	Bitmap Heap Scan on sbtest7  (cost=5.48..409.57 rows=102 width=125)
	  Recheck Cond: ((k >= 7584845) AND (k <= 7584945))
	  ->  Bitmap Index Scan on k_7  (cost=0.00..5.45 rows=102 width=0)
	        Index Cond: ((k >= 7584845) AND (k <= 7584945))

table 8 : explain SELECT k, c FROM sbtest8 WHERE k BETWEEN 7584845 AND 7584945
	Bitmap Heap Scan on sbtest8  (cost=5.56..441.12 rows=110 width=125)
	  Recheck Cond: ((k >= 7584845) AND (k <= 7584945))
	  ->  Bitmap Index Scan on k_8  (cost=0.00..5.53 rows=110 width=0)
	        Index Cond: ((k >= 7584845) AND (k <= 7584945))

explain: for range-notcovered :: explain SELECT k, c FROM sbtest%d WHERE k BETWEEN 4426134 AND 4426234
explain: for range-notcovered :: explain SELECT k, c FROM sbtest%d WHERE k BETWEEN 6594822 AND 6594922explain: for range-notcovered :: explain SELECT k, c FROM sbtest%d WHERE k BETWEEN 5735179 AND 5735279
for range-notcovered
table 1 : explain SELECT k, c FROM sbtest1 WHERE k BETWEEN 4775522 AND 4775622
	Bitmap Heap Scan on sbtest1  (cost=5.62..464.76 rows=116 width=125)
	  Recheck Cond: ((k >= 4775522) AND (k <= 4775622))
	  ->  Bitmap Index Scan on k_1  (cost=0.00..5.59 rows=116 width=0)
	        Index Cond: ((k >= 4775522) AND (k <= 4775622))

table 2 : explain SELECT k, c FROM sbtest2 WHERE k BETWEEN 4775522 AND 4775622
	Bitmap Heap Scan on sbtest2  (cost=5.51..421.40 rows=105 width=125)
	  Recheck Cond: ((k >= 4775522) AND (k <= 4775622))
	  ->  Bitmap Index Scan on k_2  (cost=0.00..5.48 rows=105 width=0)
	        Index Cond: ((k >= 4775522) AND (k <= 4775622))

table 3 : explain SELECT k, c FROM sbtest3 WHERE k BETWEEN 4775522 AND 4775622
	Bitmap Heap Scan on sbtest3  (cost=5.41..381.94 rows=95 width=125)
	  Recheck Cond: ((k >= 4775522) AND (k <= 4775622))
	  ->  Bitmap Index Scan on k_3  (cost=0.00..5.38 rows=95 width=0)
	        Index Cond: ((k >= 4775522) AND (k <= 4775622))

table 4 : explain SELECT k, c FROM sbtest4 WHERE k BETWEEN 4775522 AND 4775622
	Bitmap Heap Scan on sbtest4  (cost=5.48..409.58 rows=102 width=125)
	  Recheck Cond: ((k >= 4775522) AND (k <= 4775622))
	  ->  Bitmap Index Scan on k_4  (cost=0.00..5.45 rows=102 width=0)
	        Index Cond: ((k >= 4775522) AND (k <= 4775622))

table 5 : explain SELECT k, c FROM sbtest5 WHERE k BETWEEN 4775522 AND 4775622
	Bitmap Heap Scan on sbtest5  (cost=5.44..393.79 rows=98 width=125)
	  Recheck Cond: ((k >= 4775522) AND (k <= 4775622))
	  ->  Bitmap Index Scan on k_5  (cost=0.00..5.42 rows=98 width=0)
	        Index Cond: ((k >= 4775522) AND (k <= 4775622))

table 6 : explain SELECT k, c FROM sbtest6 WHERE k BETWEEN 4775522 AND 4775622
	Bitmap Heap Scan on sbtest6  (cost=5.53..429.28 rows=107 width=125)
	  Recheck Cond: ((k >= 4775522) AND (k <= 4775622))
	  ->  Bitmap Index Scan on k_6  (cost=0.00..5.50 rows=107 width=0)
	        Index Cond: ((k >= 4775522) AND (k <= 4775622))

table 7 : explain SELECT k, c FROM sbtest7 WHERE k BETWEEN 4775522 AND 4775622
	Bitmap Heap Scan on sbtest7  (cost=5.53..429.29 rows=107 width=125)
	  Recheck Cond: ((k >= 4775522) AND (k <= 4775622))
	  ->  Bitmap Index Scan on k_7  (cost=0.00..5.50 rows=107 width=0)
	        Index Cond: ((k >= 4775522) AND (k <= 4775622))

table 8 : explain SELECT k, c FROM sbtest8 WHERE k BETWEEN 4775522 AND 4775622
	Bitmap Heap Scan on sbtest8  (cost=5.56..441.12 rows=110 width=125)
	  Recheck Cond: ((k >= 4775522) AND (k <= 4775622))
	  ->  Bitmap Index Scan on k_8  (cost=0.00..5.53 rows=110 width=0)
	        Index Cond: ((k >= 4775522) AND (k <= 4775622))


for range-notcovered
table 1 : explain SELECT k, c FROM sbtest1 WHERE k BETWEEN 6373173 AND 6373273
	Bitmap Heap Scan on sbtest1  (cost=5.63..468.70 rows=117 width=125)
	  Recheck Cond: ((k >= 6373173) AND (k <= 6373273))
	  ->  Bitmap Index Scan on k_1  (cost=0.00..5.60 rows=117 width=0)
	        Index Cond: ((k >= 6373173) AND (k <= 6373273))

table 2 : explain SELECT k, c FROM sbtest2 WHERE k BETWEEN 6373173 AND 6373273
	Bitmap Heap Scan on sbtest2  (cost=5.49..413.51 rows=103 width=125)
	  Recheck Cond: ((k >= 6373173) AND (k <= 6373273))
	  ->  Bitmap Index Scan on k_2  (cost=0.00..5.46 rows=103 width=0)
	        Index Cond: ((k >= 6373173) AND (k <= 6373273))

table 3 : explain SELECT k, c FROM sbtest3 WHERE k BETWEEN 6373173 AND 6373273
	Bitmap Heap Scan on sbtest3  (cost=5.51..421.39 rows=105 width=125)
	  Recheck Cond: ((k >= 6373173) AND (k <= 6373273))
	  ->  Bitmap Index Scan on k_3  (cost=0.00..5.48 rows=105 width=0)
	        Index Cond: ((k >= 6373173) AND (k <= 6373273))

table 4 : explain SELECT k, c FROM sbtest4 WHERE k BETWEEN 6373173 AND 6373273
	Bitmap Heap Scan on sbtest4  (cost=5.52..425.36 rows=106 width=125)
	  Recheck Cond: ((k >= 6373173) AND (k <= 6373273))
	  ->  Bitmap Index Scan on k_4  (cost=0.00..5.50 rows=106 width=0)
	        Index Cond: ((k >= 6373173) AND (k <= 6373273))

table 5 : explain SELECT k, c FROM sbtest5 WHERE k BETWEEN 6373173 AND 6373273
	Bitmap Heap Scan on sbtest5  (cost=5.49..413.51 rows=103 width=125)
	  Recheck Cond: ((k >= 6373173) AND (k <= 6373273))
	  ->  Bitmap Index Scan on k_5  (cost=0.00..5.46 rows=103 width=0)
	        Index Cond: ((k >= 6373173) AND (k <= 6373273))

table 6 : explain SELECT k, c FROM sbtest6 WHERE k BETWEEN 6373173 AND 6373273
	Bitmap Heap Scan on sbtest6  (cost=5.41..381.93 rows=95 width=125)
	  Recheck Cond: ((k >= 6373173) AND (k <= 6373273))
	  ->  Bitmap Index Scan on k_6  (cost=0.00..5.38 rows=95 width=0)
	        Index Cond: ((k >= 6373173) AND (k <= 6373273))

table 7 : explain SELECT k, c FROM sbtest7 WHERE k BETWEEN 6373173 AND 6373273
	Bitmap Heap Scan on sbtest7  (cost=5.45..397.73 rows=99 width=125)
	  Recheck Cond: ((k >= 6373173) AND (k <= 6373273))
	  ->  Bitmap Index Scan on k_7  (cost=0.00..5.42 rows=99 width=0)
	        Index Cond: ((k >= 6373173) AND (k <= 6373273))

table 8 : explain SELECT k, c FROM sbtest8 WHERE k BETWEEN 6373173 AND 6373273
	Bitmap Heap Scan on sbtest8  (cost=5.46..401.68 rows=100 width=125)
	  Recheck Cond: ((k >= 6373173) AND (k <= 6373273))
	  ->  Bitmap Index Scan on k_8  (cost=0.00..5.43 rows=100 width=0)
	        Index Cond: ((k >= 6373173) AND (k <= 6373273))

for range-notcovered
table 1 : explain SELECT k, c FROM sbtest1 WHERE k BETWEEN 4399955 AND 4400055
	Bitmap Heap Scan on sbtest1  (cost=5.45..397.73 rows=99 width=125)
	  Recheck Cond: ((k >= 4399955) AND (k <= 4400055))
	  ->  Bitmap Index Scan on k_1  (cost=0.00..5.42 rows=99 width=0)
	        Index Cond: ((k >= 4399955) AND (k <= 4400055))

table 2 : explain SELECT k, c FROM sbtest2 WHERE k BETWEEN 4399955 AND 4400055
	Bitmap Heap Scan on sbtest2  (cost=5.50..417.46 rows=104 width=125)
	  Recheck Cond: ((k >= 4399955) AND (k <= 4400055))
	  ->  Bitmap Index Scan on k_2  (cost=0.00..5.47 rows=104 width=0)
	        Index Cond: ((k >= 4399955) AND (k <= 4400055))

table 3 : explain SELECT k, c FROM sbtest3 WHERE k BETWEEN 4399955 AND 4400055
	Bitmap Heap Scan on sbtest3  (cost=5.41..381.94 rows=95 width=125)
	  Recheck Cond: ((k >= 4399955) AND (k <= 4400055))
	  ->  Bitmap Index Scan on k_3  (cost=0.00..5.38 rows=95 width=0)
	        Index Cond: ((k >= 4399955) AND (k <= 4400055))

table 4 : explain SELECT k, c FROM sbtest4 WHERE k BETWEEN 4399955 AND 4400055
	Bitmap Heap Scan on sbtest4  (cost=5.48..409.58 rows=102 width=125)
	  Recheck Cond: ((k >= 4399955) AND (k <= 4400055))
	  ->  Bitmap Index Scan on k_4  (cost=0.00..5.45 rows=102 width=0)
	        Index Cond: ((k >= 4399955) AND (k <= 4400055))

table 5 : explain SELECT k, c FROM sbtest5 WHERE k BETWEEN 4399955 AND 4400055
	Bitmap Heap Scan on sbtest5  (cost=5.45..397.73 rows=99 width=125)
	  Recheck Cond: ((k >= 4399955) AND (k <= 4400055))
	  ->  Bitmap Index Scan on k_5  (cost=0.00..5.42 rows=99 width=0)
	        Index Cond: ((k >= 4399955) AND (k <= 4400055))

table 6 : explain SELECT k, c FROM sbtest6 WHERE k BETWEEN 4399955 AND 4400055
	Bitmap Heap Scan on sbtest6  (cost=5.50..417.45 rows=104 width=125)
	  Recheck Cond: ((k >= 4399955) AND (k <= 4400055))
	  ->  Bitmap Index Scan on k_6  (cost=0.00..5.47 rows=104 width=0)
	        Index Cond: ((k >= 4399955) AND (k <= 4400055))

table 7 : explain SELECT k, c FROM sbtest7 WHERE k BETWEEN 4399955 AND 4400055
	Bitmap Heap Scan on sbtest7  (cost=5.50..417.46 rows=104 width=125)
	  Recheck Cond: ((k >= 4399955) AND (k <= 4400055))
	  ->  Bitmap Index Scan on k_7  (cost=0.00..5.47 rows=104 width=0)
	        Index Cond: ((k >= 4399955) AND (k <= 4400055))

table 8 : explain SELECT k, c FROM sbtest8 WHERE k BETWEEN 4399955 AND 4400055
	Bitmap Heap Scan on sbtest8  (cost=5.49..413.52 rows=103 width=125)
	  Recheck Cond: ((k >= 4399955) AND (k <= 4400055))
	  ->  Bitmap Index Scan on k_8  (cost=0.00..5.46 rows=103 width=0)
	        Index Cond: ((k >= 4399955) AND (k <= 4400055))

explain: for range-notcovered :: explain SELECT k, c FROM sbtest%d WHERE k BETWEEN 4961523 AND 4961623
for range-notcovered
table 1 : explain SELECT k, c FROM sbtest1 WHERE k BETWEEN 2288614 AND 2288714
	Bitmap Heap Scan on sbtest1  (cost=5.56..441.12 rows=110 width=125)
	  Recheck Cond: ((k >= 2288614) AND (k <= 2288714))
	  ->  Bitmap Index Scan on k_1  (cost=0.00..5.53 rows=110 width=0)
	        Index Cond: ((k >= 2288614) AND (k <= 2288714))

table 2 : explain SELECT k, c FROM sbtest2 WHERE k BETWEEN 2288614 AND 2288714
	Bitmap Heap Scan on sbtest2  (cost=5.41..381.94 rows=95 width=125)
	  Recheck Cond: ((k >= 2288614) AND (k <= 2288714))
	  ->  Bitmap Index Scan on k_2  (cost=0.00..5.38 rows=95 width=0)
	        Index Cond: ((k >= 2288614) AND (k <= 2288714))

table 3 : explain SELECT k, c FROM sbtest3 WHERE k BETWEEN 2288614 AND 2288714
	Bitmap Heap Scan on sbtest3  (cost=5.49..413.51 rows=103 width=125)
	  Recheck Cond: ((k >= 2288614) AND (k <= 2288714))
	  ->  Bitmap Index Scan on k_3  (cost=0.00..5.46 rows=103 width=0)
	        Index Cond: ((k >= 2288614) AND (k <= 2288714))

table 4 : explain SELECT k, c FROM sbtest4 WHERE k BETWEEN 2288614 AND 2288714
	Bitmap Heap Scan on sbtest4  (cost=5.35..358.25 rows=89 width=125)
	  Recheck Cond: ((k >= 2288614) AND (k <= 2288714))
	  ->  Bitmap Index Scan on k_4  (cost=0.00..5.32 rows=89 width=0)
	        Index Cond: ((k >= 2288614) AND (k <= 2288714))

table 5 : explain SELECT k, c FROM sbtest5 WHERE k BETWEEN 2288614 AND 2288714
	Bitmap Heap Scan on sbtest5  (cost=5.53..429.29 rows=107 width=125)
	  Recheck Cond: ((k >= 2288614) AND (k <= 2288714))
	  ->  Bitmap Index Scan on k_5  (cost=0.00..5.50 rows=107 width=0)
	        Index Cond: ((k >= 2288614) AND (k <= 2288714))

table 6 : explain SELECT k, c FROM sbtest6 WHERE k BETWEEN 2288614 AND 2288714
	Bitmap Heap Scan on sbtest6  (cost=5.48..409.56 rows=102 width=125)
	  Recheck Cond: ((k >= 2288614) AND (k <= 2288714))
	  ->  Bitmap Index Scan on k_6  (cost=0.00..5.45 rows=102 width=0)
	        Index Cond: ((k >= 2288614) AND (k <= 2288714))

table 7 : explain SELECT k, c FROM sbtest7 WHERE k BETWEEN 2288614 AND 2288714
	Bitmap Heap Scan on sbtest7  (cost=5.50..417.46 rows=104 width=125)
	  Recheck Cond: ((k >= 2288614) AND (k <= 2288714))
	  ->  Bitmap Index Scan on k_7  (cost=0.00..5.47 rows=104 width=0)
	        Index Cond: ((k >= 2288614) AND (k <= 2288714))

table 8 : explain SELECT k, c FROM sbtest8 WHERE k BETWEEN 2288614 AND 2288714
	Bitmap Heap Scan on sbtest8  (cost=5.46..401.68 rows=100 width=125)
	  Recheck Cond: ((k >= 2288614) AND (k <= 2288714))
	  ->  Bitmap Index Scan on k_8  (cost=0.00..5.43 rows=100 width=0)
	        Index Cond: ((k >= 2288614) AND (k <= 2288714))

explain: for range-notcovered :: explain SELECT k, c FROM sbtest%d WHERE k BETWEEN 4775522 AND 4775622
for range-notcovered
table 1 : explain SELECT k, c FROM sbtest1 WHERE k BETWEEN 5583038 AND 5583138
	Bitmap Heap Scan on sbtest1  (cost=5.60..456.88 rows=114 width=125)
	  Recheck Cond: ((k >= 5583038) AND (k <= 5583138))
	  ->  Bitmap Index Scan on k_1  (cost=0.00..5.58 rows=114 width=0)
	        Index Cond: ((k >= 5583038) AND (k <= 5583138))

table 2 : explain SELECT k, c FROM sbtest2 WHERE k BETWEEN 5583038 AND 5583138
	Bitmap Heap Scan on sbtest2  (cost=5.47..405.62 rows=101 width=125)
	  Recheck Cond: ((k >= 5583038) AND (k <= 5583138))
	  ->  Bitmap Index Scan on k_2  (cost=0.00..5.44 rows=101 width=0)
	        Index Cond: ((k >= 5583038) AND (k <= 5583138))

table 3 : explain SELECT k, c FROM sbtest3 WHERE k BETWEEN 5583038 AND 5583138
	Bitmap Heap Scan on sbtest3  (cost=5.43..389.83 rows=97 width=125)
	  Recheck Cond: ((k >= 5583038) AND (k <= 5583138))
	  ->  Bitmap Index Scan on k_3  (cost=0.00..5.40 rows=97 width=0)
	        Index Cond: ((k >= 5583038) AND (k <= 5583138))

table 4 : explain SELECT k, c FROM sbtest4 WHERE k BETWEEN 5583038 AND 5583138
	Bitmap Heap Scan on sbtest4  (cost=5.51..421.41 rows=105 width=125)
	  Recheck Cond: ((k >= 5583038) AND (k <= 5583138))
	  ->  Bitmap Index Scan on k_4  (cost=0.00..5.48 rows=105 width=0)
	        Index Cond: ((k >= 5583038) AND (k <= 5583138))

table 5 : explain SELECT k, c FROM sbtest5 WHERE k BETWEEN 5583038 AND 5583138
	Bitmap Heap Scan on sbtest5  (cost=5.43..389.84 rows=97 width=125)
	  Recheck Cond: ((k >= 5583038) AND (k <= 5583138))
	  ->  Bitmap Index Scan on k_5  (cost=0.00..5.40 rows=97 width=0)
	        Index Cond: ((k >= 5583038) AND (k <= 5583138))

table 6 : explain SELECT k, c FROM sbtest6 WHERE k BETWEEN 5583038 AND 5583138
	Bitmap Heap Scan on sbtest6  (cost=5.52..425.34 rows=106 width=125)
	  Recheck Cond: ((k >= 5583038) AND (k <= 5583138))
	  ->  Bitmap Index Scan on k_6  (cost=0.00..5.50 rows=106 width=0)
	        Index Cond: ((k >= 5583038) AND (k <= 5583138))

table 7 : explain SELECT k, c FROM sbtest7 WHERE k BETWEEN 5583038 AND 5583138
	Bitmap Heap Scan on sbtest7  (cost=5.44..393.79 rows=98 width=125)
	  Recheck Cond: ((k >= 5583038) AND (k <= 5583138))
	  ->  Bitmap Index Scan on k_7  (cost=0.00..5.42 rows=98 width=0)
	        Index Cond: ((k >= 5583038) AND (k <= 5583138))

table 8 : explain SELECT k, c FROM sbtest8 WHERE k BETWEEN 5583038 AND 5583138
	Bitmap Heap Scan on sbtest8  (cost=5.56..441.12 rows=110 width=125)
	  Recheck Cond: ((k >= 5583038) AND (k <= 5583138))
	  ->  Bitmap Index Scan on k_8  (cost=0.00..5.53 rows=110 width=0)
	        Index Cond: ((k >= 5583038) AND (k <= 5583138))

explain: for range-notcovered :: explain SELECT k, c FROM sbtest%d WHERE k BETWEEN 7584845 AND 7584945
for range-notcovered
table 1 : explain SELECT k, c FROM sbtest1 WHERE k BETWEEN 9205847 AND 9205947
	Bitmap Heap Scan on sbtest1  (cost=5.47..405.62 rows=101 width=125)
	  Recheck Cond: ((k >= 9205847) AND (k <= 9205947))
	  ->  Bitmap Index Scan on k_1  (cost=0.00..5.44 rows=101 width=0)
	        Index Cond: ((k >= 9205847) AND (k <= 9205947))

table 2 : explain SELECT k, c FROM sbtest2 WHERE k BETWEEN 9205847 AND 9205947
	Bitmap Heap Scan on sbtest2  (cost=5.54..433.23 rows=108 width=125)
	  Recheck Cond: ((k >= 9205847) AND (k <= 9205947))
	  ->  Bitmap Index Scan on k_2  (cost=0.00..5.51 rows=108 width=0)
	        Index Cond: ((k >= 9205847) AND (k <= 9205947))

table 3 : explain SELECT k, c FROM sbtest3 WHERE k BETWEEN 9205847 AND 9205947
	Bitmap Heap Scan on sbtest3  (cost=5.47..405.62 rows=101 width=125)
	  Recheck Cond: ((k >= 9205847) AND (k <= 9205947))
	  ->  Bitmap Index Scan on k_3  (cost=0.00..5.44 rows=101 width=0)
	        Index Cond: ((k >= 9205847) AND (k <= 9205947))

table 4 : explain SELECT k, c FROM sbtest4 WHERE k BETWEEN 9205847 AND 9205947
	Bitmap Heap Scan on sbtest4  (cost=5.52..425.36 rows=106 width=125)
	  Recheck Cond: ((k >= 9205847) AND (k <= 9205947))
	  ->  Bitmap Index Scan on k_4  (cost=0.00..5.50 rows=106 width=0)
	        Index Cond: ((k >= 9205847) AND (k <= 9205947))

table 5 : explain SELECT k, c FROM sbtest5 WHERE k BETWEEN 9205847 AND 9205947
	Bitmap Heap Scan on sbtest5  (cost=5.46..401.68 rows=100 width=125)
	  Recheck Cond: ((k >= 9205847) AND (k <= 9205947))
	  ->  Bitmap Index Scan on k_5  (cost=0.00..5.43 rows=100 width=0)
	        Index Cond: ((k >= 9205847) AND (k <= 9205947))

table 6 : explain SELECT k, c FROM sbtest6 WHERE k BETWEEN 9205847 AND 9205947
	Bitmap Heap Scan on sbtest6  (cost=5.52..425.34 rows=106 width=125)
	  Recheck Cond: ((k >= 9205847) AND (k <= 9205947))
	  ->  Bitmap Index Scan on k_6  (cost=0.00..5.50 rows=106 width=0)
	        Index Cond: ((k >= 9205847) AND (k <= 9205947))

table 7 : explain SELECT k, c FROM sbtest7 WHERE k BETWEEN 9205847 AND 9205947
	Bitmap Heap Scan on sbtest7  (cost=5.45..397.73 rows=99 width=125)
	  Recheck Cond: ((k >= 9205847) AND (k <= 9205947))
	  ->  Bitmap Index Scan on k_7  (cost=0.00..5.42 rows=99 width=0)
	        Index Cond: ((k >= 9205847) AND (k <= 9205947))

table 8 : explain SELECT k, c FROM sbtest8 WHERE k BETWEEN 9205847 AND 9205947
	Bitmap Heap Scan on sbtest8  (cost=5.52..425.35 rows=106 width=125)
	  Recheck Cond: ((k >= 9205847) AND (k <= 9205947))
	  ->  Bitmap Index Scan on k_8  (cost=0.00..5.50 rows=106 width=0)
	        Index Cond: ((k >= 9205847) AND (k <= 9205947))

for range-notcovered
table 1 : explain SELECT k, c FROM sbtest1 WHERE k BETWEEN 3571436 AND 3571536
	Bitmap Heap Scan on sbtest1  (cost=5.45..397.73 rows=99 width=125)
	  Recheck Cond: ((k >= 3571436) AND (k <= 3571536))
	  ->  Bitmap Index Scan on k_1  (cost=0.00..5.42 rows=99 width=0)
	        Index Cond: ((k >= 3571436) AND (k <= 3571536))

table 2 : explain SELECT k, c FROM sbtest2 WHERE k BETWEEN 3571436 AND 3571536
	Bitmap Heap Scan on sbtest2  (cost=5.54..433.23 rows=108 width=125)
	  Recheck Cond: ((k >= 3571436) AND (k <= 3571536))
	  ->  Bitmap Index Scan on k_2  (cost=0.00..5.51 rows=108 width=0)
	        Index Cond: ((k >= 3571436) AND (k <= 3571536))

table 3 : explain SELECT k, c FROM sbtest3 WHERE k BETWEEN 3571436 AND 3571536
	Bitmap Heap Scan on sbtest3  (cost=5.51..421.39 rows=105 width=125)
	  Recheck Cond: ((k >= 3571436) AND (k <= 3571536))
	  ->  Bitmap Index Scan on k_3  (cost=0.00..5.48 rows=105 width=0)
	        Index Cond: ((k >= 3571436) AND (k <= 3571536))

table 4 : explain SELECT k, c FROM sbtest4 WHERE k BETWEEN 3571436 AND 3571536
	Bitmap Heap Scan on sbtest4  (cost=5.43..389.85 rows=97 width=125)
	  Recheck Cond: ((k >= 3571436) AND (k <= 3571536))
	  ->  Bitmap Index Scan on k_4  (cost=0.00..5.40 rows=97 width=0)
	        Index Cond: ((k >= 3571436) AND (k <= 3571536))

table 5 : explain SELECT k, c FROM sbtest5 WHERE k BETWEEN 3571436 AND 3571536
	Bitmap Heap Scan on sbtest5  (cost=5.54..433.23 rows=108 width=125)
	  Recheck Cond: ((k >= 3571436) AND (k <= 3571536))
	  ->  Bitmap Index Scan on k_5  (cost=0.00..5.51 rows=108 width=0)
	        Index Cond: ((k >= 3571436) AND (k <= 3571536))

table 6 : explain SELECT k, c FROM sbtest6 WHERE k BETWEEN 3571436 AND 3571536
	Bitmap Heap Scan on sbtest6  (cost=5.54..433.22 rows=108 width=125)
	  Recheck Cond: ((k >= 3571436) AND (k <= 3571536))
	  ->  Bitmap Index Scan on k_6  (cost=0.00..5.51 rows=108 width=0)
	        Index Cond: ((k >= 3571436) AND (k <= 3571536))

table 7 : explain SELECT k, c FROM sbtest7 WHERE k BETWEEN 3571436 AND 3571536
	Bitmap Heap Scan on sbtest7  (cost=5.50..417.46 rows=104 width=125)
	  Recheck Cond: ((k >= 3571436) AND (k <= 3571536))
	  ->  Bitmap Index Scan on k_7  (cost=0.00..5.47 rows=104 width=0)
	        Index Cond: ((k >= 3571436) AND (k <= 3571536))

table 8 : explain SELECT k, c FROM sbtest8 WHERE k BETWEEN 3571436 AND 3571536
	Bitmap Heap Scan on sbtest8  (cost=5.52..425.35 rows=106 width=125)
	  Recheck Cond: ((k >= 3571436) AND (k <= 3571536))
	  ->  Bitmap Index Scan on k_8  (cost=0.00..5.50 rows=106 width=0)
	        Index Cond: ((k >= 3571436) AND (k <= 3571536))

explain: for range-notcovered :: explain SELECT k, c FROM sbtest%d WHERE k BETWEEN 2288614 AND 2288714
for range-notcovered
table 1 : explain SELECT k, c FROM sbtest1 WHERE k BETWEEN 5793286 AND 5793386
	Bitmap Heap Scan on sbtest1  (cost=5.38..370.09 rows=92 width=125)
	  Recheck Cond: ((k >= 5793286) AND (k <= 5793386))
	  ->  Bitmap Index Scan on k_1  (cost=0.00..5.35 rows=92 width=0)
	        Index Cond: ((k >= 5793286) AND (k <= 5793386))

table 2 : explain SELECT k, c FROM sbtest2 WHERE k BETWEEN 5793286 AND 5793386
	Bitmap Heap Scan on sbtest2  (cost=5.54..433.23 rows=108 width=125)
	  Recheck Cond: ((k >= 5793286) AND (k <= 5793386))
	  ->  Bitmap Index Scan on k_2  (cost=0.00..5.51 rows=108 width=0)
	        Index Cond: ((k >= 5793286) AND (k <= 5793386))

table 3 : explain SELECT k, c FROM sbtest3 WHERE k BETWEEN 5793286 AND 5793386
	Bitmap Heap Scan on sbtest3  (cost=5.44..393.78 rows=98 width=125)
	  Recheck Cond: ((k >= 5793286) AND (k <= 5793386))
	  ->  Bitmap Index Scan on k_3  (cost=0.00..5.42 rows=98 width=0)
	        Index Cond: ((k >= 5793286) AND (k <= 5793386))

table 4 : explain SELECT k, c FROM sbtest4 WHERE k BETWEEN 5793286 AND 5793386
	Bitmap Heap Scan on sbtest4  (cost=5.53..429.30 rows=107 width=125)
	  Recheck Cond: ((k >= 5793286) AND (k <= 5793386))
	  ->  Bitmap Index Scan on k_4  (cost=0.00..5.50 rows=107 width=0)
	        Index Cond: ((k >= 5793286) AND (k <= 5793386))

table 5 : explain SELECT k, c FROM sbtest5 WHERE k BETWEEN 5793286 AND 5793386
	Bitmap Heap Scan on sbtest5  (cost=5.37..366.15 rows=91 width=125)
	  Recheck Cond: ((k >= 5793286) AND (k <= 5793386))
	  ->  Bitmap Index Scan on k_5  (cost=0.00..5.34 rows=91 width=0)
	        Index Cond: ((k >= 5793286) AND (k <= 5793386))

table 6 : explain SELECT k, c FROM sbtest6 WHERE k BETWEEN 5793286 AND 5793386
	Bitmap Heap Scan on sbtest6  (cost=5.42..385.88 rows=96 width=125)
	  Recheck Cond: ((k >= 5793286) AND (k <= 5793386))
	  ->  Bitmap Index Scan on k_6  (cost=0.00..5.39 rows=96 width=0)
	        Index Cond: ((k >= 5793286) AND (k <= 5793386))

table 7 : explain SELECT k, c FROM sbtest7 WHERE k BETWEEN 5793286 AND 5793386
	Bitmap Heap Scan on sbtest7  (cost=5.51..421.40 rows=105 width=125)
	  Recheck Cond: ((k >= 5793286) AND (k <= 5793386))
	  ->  Bitmap Index Scan on k_7  (cost=0.00..5.48 rows=105 width=0)
	        Index Cond: ((k >= 5793286) AND (k <= 5793386))

table 8 : explain SELECT k, c FROM sbtest8 WHERE k BETWEEN 5793286 AND 5793386
	Bitmap Heap Scan on sbtest8  (cost=5.44..393.79 rows=98 width=125)
	  Recheck Cond: ((k >= 5793286) AND (k <= 5793386))
	  ->  Bitmap Index Scan on k_8  (cost=0.00..5.42 rows=98 width=0)
	        Index Cond: ((k >= 5793286) AND (k <= 5793386))

explain: for range-notcovered :: explain SELECT k, c FROM sbtest%d WHERE k BETWEEN 6373173 AND 6373273
for range-notcovered
table 1 : explain SELECT k, c FROM sbtest1 WHERE k BETWEEN 6537529 AND 6537629
	Bitmap Heap Scan on sbtest1  (cost=5.47..405.62 rows=101 width=125)
	  Recheck Cond: ((k >= 6537529) AND (k <= 6537629))
	  ->  Bitmap Index Scan on k_1  (cost=0.00..5.44 rows=101 width=0)
	        Index Cond: ((k >= 6537529) AND (k <= 6537629))

table 2 : explain SELECT k, c FROM sbtest2 WHERE k BETWEEN 6537529 AND 6537629
	Bitmap Heap Scan on sbtest2  (cost=5.52..425.35 rows=106 width=125)
	  Recheck Cond: ((k >= 6537529) AND (k <= 6537629))
	  ->  Bitmap Index Scan on k_2  (cost=0.00..5.50 rows=106 width=0)
	        Index Cond: ((k >= 6537529) AND (k <= 6537629))

table 3 : explain SELECT k, c FROM sbtest3 WHERE k BETWEEN 6537529 AND 6537629
	Bitmap Heap Scan on sbtest3  (cost=5.37..366.14 rows=91 width=125)
	  Recheck Cond: ((k >= 6537529) AND (k <= 6537629))
	  ->  Bitmap Index Scan on k_3  (cost=0.00..5.34 rows=91 width=0)
	        Index Cond: ((k >= 6537529) AND (k <= 6537629))

table 4 : explain SELECT k, c FROM sbtest4 WHERE k BETWEEN 6537529 AND 6537629
	Bitmap Heap Scan on sbtest4  (cost=5.58..449.01 rows=112 width=125)
	  Recheck Cond: ((k >= 6537529) AND (k <= 6537629))
	  ->  Bitmap Index Scan on k_4  (cost=0.00..5.55 rows=112 width=0)
	        Index Cond: ((k >= 6537529) AND (k <= 6537629))

table 5 : explain SELECT k, c FROM sbtest5 WHERE k BETWEEN 6537529 AND 6537629
	Bitmap Heap Scan on sbtest5  (cost=5.48..409.57 rows=102 width=125)
	  Recheck Cond: ((k >= 6537529) AND (k <= 6537629))
	  ->  Bitmap Index Scan on k_5  (cost=0.00..5.45 rows=102 width=0)
	        Index Cond: ((k >= 6537529) AND (k <= 6537629))

table 6 : explain SELECT k, c FROM sbtest6 WHERE k BETWEEN 6537529 AND 6537629
	Bitmap Heap Scan on sbtest6  (cost=5.44..393.78 rows=98 width=125)
	  Recheck Cond: ((k >= 6537529) AND (k <= 6537629))
	  ->  Bitmap Index Scan on k_6  (cost=0.00..5.42 rows=98 width=0)
	        Index Cond: ((k >= 6537529) AND (k <= 6537629))

table 7 : explain SELECT k, c FROM sbtest7 WHERE k BETWEEN 6537529 AND 6537629
	Bitmap Heap Scan on sbtest7  (cost=5.45..397.73 rows=99 width=125)
	  Recheck Cond: ((k >= 6537529) AND (k <= 6537629))
	  ->  Bitmap Index Scan on k_7  (cost=0.00..5.42 rows=99 width=0)
	        Index Cond: ((k >= 6537529) AND (k <= 6537629))

table 8 : explain SELECT k, c FROM sbtest8 WHERE k BETWEEN 6537529 AND 6537629
	Bitmap Heap Scan on sbtest8  (cost=5.48..409.57 rows=102 width=125)
	  Recheck Cond: ((k >= 6537529) AND (k <= 6537629))
	  ->  Bitmap Index Scan on k_8  (cost=0.00..5.45 rows=102 width=0)
	        Index Cond: ((k >= 6537529) AND (k <= 6537629))

for range-notcovered
table 1 : explain SELECT k, c FROM sbtest1 WHERE k BETWEEN 5049096 AND 5049196
	Bitmap Heap Scan on sbtest1  (cost=5.46..401.68 rows=100 width=125)
	  Recheck Cond: ((k >= 5049096) AND (k <= 5049196))
	  ->  Bitmap Index Scan on k_1  (cost=0.00..5.43 rows=100 width=0)
	        Index Cond: ((k >= 5049096) AND (k <= 5049196))

table 2 : explain SELECT k, c FROM sbtest2 WHERE k BETWEEN 5049096 AND 5049196
	Bitmap Heap Scan on sbtest2  (cost=5.47..405.62 rows=101 width=125)
	  Recheck Cond: ((k >= 5049096) AND (k <= 5049196))
	  ->  Bitmap Index Scan on k_2  (cost=0.00..5.44 rows=101 width=0)
	        Index Cond: ((k >= 5049096) AND (k <= 5049196))

table 3 : explain SELECT k, c FROM sbtest3 WHERE k BETWEEN 5049096 AND 5049196
	Bitmap Heap Scan on sbtest3  (cost=5.48..409.56 rows=102 width=125)
	  Recheck Cond: ((k >= 5049096) AND (k <= 5049196))
	  ->  Bitmap Index Scan on k_3  (cost=0.00..5.45 rows=102 width=0)
	        Index Cond: ((k >= 5049096) AND (k <= 5049196))

table 4 : explain SELECT k, c FROM sbtest4 WHERE k BETWEEN 5049096 AND 5049196
	Bitmap Heap Scan on sbtest4  (cost=5.49..413.52 rows=103 width=125)
	  Recheck Cond: ((k >= 5049096) AND (k <= 5049196))
	  ->  Bitmap Index Scan on k_4  (cost=0.00..5.46 rows=103 width=0)
	        Index Cond: ((k >= 5049096) AND (k <= 5049196))

table 5 : explain SELECT k, c FROM sbtest5 WHERE k BETWEEN 5049096 AND 5049196
	Bitmap Heap Scan on sbtest5  (cost=5.63..468.71 rows=117 width=125)
	  Recheck Cond: ((k >= 5049096) AND (k <= 5049196))
	  ->  Bitmap Index Scan on k_5  (cost=0.00..5.60 rows=117 width=0)
	        Index Cond: ((k >= 5049096) AND (k <= 5049196))

table 6 : explain SELECT k, c FROM sbtest6 WHERE k BETWEEN 5049096 AND 5049196
	Bitmap Heap Scan on sbtest6  (cost=5.44..393.78 rows=98 width=125)
	  Recheck Cond: ((k >= 5049096) AND (k <= 5049196))
	  ->  Bitmap Index Scan on k_6  (cost=0.00..5.42 rows=98 width=0)
	        Index Cond: ((k >= 5049096) AND (k <= 5049196))

table 7 : explain SELECT k, c FROM sbtest7 WHERE k BETWEEN 5049096 AND 5049196
	Bitmap Heap Scan on sbtest7  (cost=5.41..381.94 rows=95 width=125)
	  Recheck Cond: ((k >= 5049096) AND (k <= 5049196))
	  ->  Bitmap Index Scan on k_7  (cost=0.00..5.38 rows=95 width=0)
	        Index Cond: ((k >= 5049096) AND (k <= 5049196))

table 8 : explain SELECT k, c FROM sbtest8 WHERE k BETWEEN 5049096 AND 5049196
	Bitmap Heap Scan on sbtest8  (cost=5.57..445.06 rows=111 width=125)
	  Recheck Cond: ((k >= 5049096) AND (k <= 5049196))
	  ->  Bitmap Index Scan on k_8  (cost=0.00..5.54 rows=111 width=0)
	        Index Cond: ((k >= 5049096) AND (k <= 5049196))

for range-notcovered
table 1 : explain SELECT k, c FROM sbtest1 WHERE k BETWEEN 4678428 AND 4678528
	Bitmap Heap Scan on sbtest1  (cost=5.45..397.73 rows=99 width=125)
	  Recheck Cond: ((k >= 4678428) AND (k <= 4678528))
	  ->  Bitmap Index Scan on k_1  (cost=0.00..5.42 rows=99 width=0)
	        Index Cond: ((k >= 4678428) AND (k <= 4678528))

table 2 : explain SELECT k, c FROM sbtest2 WHERE k BETWEEN 4678428 AND 4678528
	Bitmap Heap Scan on sbtest2  (cost=5.57..445.06 rows=111 width=125)
	  Recheck Cond: ((k >= 4678428) AND (k <= 4678528))
	  ->  Bitmap Index Scan on k_2  (cost=0.00..5.54 rows=111 width=0)
	        Index Cond: ((k >= 4678428) AND (k <= 4678528))

table 3 : explain SELECT k, c FROM sbtest3 WHERE k BETWEEN 4678428 AND 4678528
	Bitmap Heap Scan on sbtest3  (cost=5.50..417.45 rows=104 width=125)
	  Recheck Cond: ((k >= 4678428) AND (k <= 4678528))
	  ->  Bitmap Index Scan on k_3  (cost=0.00..5.47 rows=104 width=0)
	        Index Cond: ((k >= 4678428) AND (k <= 4678528))

table 4 : explain SELECT k, c FROM sbtest4 WHERE k BETWEEN 4678428 AND 4678528
	Bitmap Heap Scan on sbtest4  (cost=5.51..421.41 rows=105 width=125)
	  Recheck Cond: ((k >= 4678428) AND (k <= 4678528))
	  ->  Bitmap Index Scan on k_4  (cost=0.00..5.48 rows=105 width=0)
	        Index Cond: ((k >= 4678428) AND (k <= 4678528))

table 5 : explain SELECT k, c FROM sbtest5 WHERE k BETWEEN 4678428 AND 4678528
	Bitmap Heap Scan on sbtest5  (cost=5.44..393.79 rows=98 width=125)
	  Recheck Cond: ((k >= 4678428) AND (k <= 4678528))
	  ->  Bitmap Index Scan on k_5  (cost=0.00..5.42 rows=98 width=0)
	        Index Cond: ((k >= 4678428) AND (k <= 4678528))

table 6 : explain SELECT k, c FROM sbtest6 WHERE k BETWEEN 4678428 AND 4678528
	Bitmap Heap Scan on sbtest6  (cost=5.45..397.72 rows=99 width=125)
	  Recheck Cond: ((k >= 4678428) AND (k <= 4678528))
	  ->  Bitmap Index Scan on k_6  (cost=0.00..5.42 rows=99 width=0)
	        Index Cond: ((k >= 4678428) AND (k <= 4678528))

table 7 : explain SELECT k, c FROM sbtest7 WHERE k BETWEEN 4678428 AND 4678528
	Bitmap Heap Scan on sbtest7  (cost=5.54..433.24 rows=108 width=125)
	  Recheck Cond: ((k >= 4678428) AND (k <= 4678528))
	  ->  Bitmap Index Scan on k_7  (cost=0.00..5.51 rows=108 width=0)
	        Index Cond: ((k >= 4678428) AND (k <= 4678528))

table 8 : explain SELECT k, c FROM sbtest8 WHERE k BETWEEN 4678428 AND 4678528
	Bitmap Heap Scan on sbtest8  (cost=5.49..413.52 rows=103 width=125)
	  Recheck Cond: ((k >= 4678428) AND (k <= 4678528))
	  ->  Bitmap Index Scan on k_8  (cost=0.00..5.46 rows=103 width=0)
	        Index Cond: ((k >= 4678428) AND (k <= 4678528))
explain: for range-notcovered :: explain SELECT k, c FROM sbtest%d WHERE k BETWEEN 5793286 AND 5793386
for range-notcovered
table 1 : explain SELECT k, c FROM sbtest1 WHERE k BETWEEN 2689330 AND 2689430
	Bitmap Heap Scan on sbtest1  (cost=5.43..389.84 rows=97 width=125)
	  Recheck Cond: ((k >= 2689330) AND (k <= 2689430))
	  ->  Bitmap Index Scan on k_1  (cost=0.00..5.40 rows=97 width=0)
	        Index Cond: ((k >= 2689330) AND (k <= 2689430))

table 2 : explain SELECT k, c FROM sbtest2 WHERE k BETWEEN 2689330 AND 2689430
	Bitmap Heap Scan on sbtest2  (cost=5.56..441.12 rows=110 width=125)
	  Recheck Cond: ((k >= 2689330) AND (k <= 2689430))
	  ->  Bitmap Index Scan on k_2  (cost=0.00..5.53 rows=110 width=0)
	        Index Cond: ((k >= 2689330) AND (k <= 2689430))

table 3 : explain SELECT k, c FROM sbtest3 WHERE k BETWEEN 2689330 AND 2689430
	Bitmap Heap Scan on sbtest3  (cost=5.55..437.17 rows=109 width=125)
	  Recheck Cond: ((k >= 2689330) AND (k <= 2689430))
	  ->  Bitmap Index Scan on k_3  (cost=0.00..5.52 rows=109 width=0)
	        Index Cond: ((k >= 2689330) AND (k <= 2689430))

table 4 : explain SELECT k, c FROM sbtest4 WHERE k BETWEEN 2689330 AND 2689430
	Bitmap Heap Scan on sbtest4  (cost=5.37..366.16 rows=91 width=125)
	  Recheck Cond: ((k >= 2689330) AND (k <= 2689430))
	  ->  Bitmap Index Scan on k_4  (cost=0.00..5.34 rows=91 width=0)
	        Index Cond: ((k >= 2689330) AND (k <= 2689430))

table 5 : explain SELECT k, c FROM sbtest5 WHERE k BETWEEN 2689330 AND 2689430
	Bitmap Heap Scan on sbtest5  (cost=5.59..452.94 rows=113 width=125)
	  Recheck Cond: ((k >= 2689330) AND (k <= 2689430))
	  ->  Bitmap Index Scan on k_5  (cost=0.00..5.56 rows=113 width=0)
	        Index Cond: ((k >= 2689330) AND (k <= 2689430))

table 6 : explain SELECT k, c FROM sbtest6 WHERE k BETWEEN 2689330 AND 2689430
	Bitmap Heap Scan on sbtest6  (cost=5.44..393.78 rows=98 width=125)
	  Recheck Cond: ((k >= 2689330) AND (k <= 2689430))
	  ->  Bitmap Index Scan on k_6  (cost=0.00..5.42 rows=98 width=0)
	        Index Cond: ((k >= 2689330) AND (k <= 2689430))

table 7 : explain SELECT k, c FROM sbtest7 WHERE k BETWEEN 2689330 AND 2689430
	Bitmap Heap Scan on sbtest7  (cost=5.41..381.94 rows=95 width=125)
	  Recheck Cond: ((k >= 2689330) AND (k <= 2689430))
	  ->  Bitmap Index Scan on k_7  (cost=0.00..5.38 rows=95 width=0)
	        Index Cond: ((k >= 2689330) AND (k <= 2689430))

table 8 : explain SELECT k, c FROM sbtest8 WHERE k BETWEEN 2689330 AND 2689430
	Bitmap Heap Scan on sbtest8  (cost=5.48..409.57 rows=102 width=125)
	  Recheck Cond: ((k >= 2689330) AND (k <= 2689430))
	  ->  Bitmap Index Scan on k_8  (cost=0.00..5.45 rows=102 width=0)
	        Index Cond: ((k >= 2689330) AND (k <= 2689430))

for range-notcovered
table 1 : explain SELECT k, c FROM sbtest1 WHERE k BETWEEN 2181250 AND 2181350
	Bitmap Heap Scan on sbtest1  (cost=5.48..409.57 rows=102 width=125)
	  Recheck Cond: ((k >= 2181250) AND (k <= 2181350))
	  ->  Bitmap Index Scan on k_1  (cost=0.00..5.45 rows=102 width=0)
	        Index Cond: ((k >= 2181250) AND (k <= 2181350))

table 2 : explain SELECT k, c FROM sbtest2 WHERE k BETWEEN 2181250 AND 2181350
	Bitmap Heap Scan on sbtest2  (cost=5.45..397.73 rows=99 width=125)
	  Recheck Cond: ((k >= 2181250) AND (k <= 2181350))
	  ->  Bitmap Index Scan on k_2  (cost=0.00..5.42 rows=99 width=0)
	        Index Cond: ((k >= 2181250) AND (k <= 2181350))

table 3 : explain SELECT k, c FROM sbtest3 WHERE k BETWEEN 2181250 AND 2181350
	Bitmap Heap Scan on sbtest3  (cost=5.52..425.34 rows=106 width=125)
	  Recheck Cond: ((k >= 2181250) AND (k <= 2181350))
	  ->  Bitmap Index Scan on k_3  (cost=0.00..5.50 rows=106 width=0)
	        Index Cond: ((k >= 2181250) AND (k <= 2181350))

table 4 : explain SELECT k, c FROM sbtest4 WHERE k BETWEEN 2181250 AND 2181350
	Bitmap Heap Scan on sbtest4  (cost=5.43..389.85 rows=97 width=125)
	  Recheck Cond: ((k >= 2181250) AND (k <= 2181350))
	  ->  Bitmap Index Scan on k_4  (cost=0.00..5.40 rows=97 width=0)
	        Index Cond: ((k >= 2181250) AND (k <= 2181350))

table 5 : explain SELECT k, c FROM sbtest5 WHERE k BETWEEN 2181250 AND 2181350
	Bitmap Heap Scan on sbtest5  (cost=5.55..437.18 rows=109 width=125)
	  Recheck Cond: ((k >= 2181250) AND (k <= 2181350))
	  ->  Bitmap Index Scan on k_5  (cost=0.00..5.52 rows=109 width=0)
	        Index Cond: ((k >= 2181250) AND (k <= 2181350))

table 6 : explain SELECT k, c FROM sbtest6 WHERE k BETWEEN 2181250 AND 2181350
	Bitmap Heap Scan on sbtest6  (cost=5.56..441.11 rows=110 width=125)
	  Recheck Cond: ((k >= 2181250) AND (k <= 2181350))
	  ->  Bitmap Index Scan on k_6  (cost=0.00..5.53 rows=110 width=0)
	        Index Cond: ((k >= 2181250) AND (k <= 2181350))

table 7 : explain SELECT k, c FROM sbtest7 WHERE k BETWEEN 2181250 AND 2181350
	Bitmap Heap Scan on sbtest7  (cost=5.52..425.35 rows=106 width=125)
	  Recheck Cond: ((k >= 2181250) AND (k <= 2181350))
	  ->  Bitmap Index Scan on k_7  (cost=0.00..5.50 rows=106 width=0)
	        Index Cond: ((k >= 2181250) AND (k <= 2181350))

table 8 : explain SELECT k, c FROM sbtest8 WHERE k BETWEEN 2181250 AND 2181350
	Bitmap Heap Scan on sbtest8  (cost=5.43..389.84 rows=97 width=125)
	  Recheck Cond: ((k >= 2181250) AND (k <= 2181350))
	  ->  Bitmap Index Scan on k_8  (cost=0.00..5.40 rows=97 width=0)
	        Index Cond: ((k >= 2181250) AND (k <= 2181350))

for range-notcovered
table 1 : explain SELECT k, c FROM sbtest1 WHERE k BETWEEN 9404245 AND 9404345
	Bitmap Heap Scan on sbtest1  (cost=5.51..421.40 rows=105 width=125)
	  Recheck Cond: ((k >= 9404245) AND (k <= 9404345))
	  ->  Bitmap Index Scan on k_1  (cost=0.00..5.48 rows=105 width=0)
	        Index Cond: ((k >= 9404245) AND (k <= 9404345))

table 2 : explain SELECT k, c FROM sbtest2 WHERE k BETWEEN 9404245 AND 9404345
	Bitmap Heap Scan on sbtest2  (cost=5.47..405.62 rows=101 width=125)
	  Recheck Cond: ((k >= 9404245) AND (k <= 9404345))
	  ->  Bitmap Index Scan on k_2  (cost=0.00..5.44 rows=101 width=0)
	        Index Cond: ((k >= 9404245) AND (k <= 9404345))

table 3 : explain SELECT k, c FROM sbtest3 WHERE k BETWEEN 9404245 AND 9404345
	Bitmap Heap Scan on sbtest3  (cost=5.48..409.56 rows=102 width=125)
	  Recheck Cond: ((k >= 9404245) AND (k <= 9404345))
	  ->  Bitmap Index Scan on k_3  (cost=0.00..5.45 rows=102 width=0)
	        Index Cond: ((k >= 9404245) AND (k <= 9404345))

table 4 : explain SELECT k, c FROM sbtest4 WHERE k BETWEEN 9404245 AND 9404345
	Bitmap Heap Scan on sbtest4  (cost=5.45..397.74 rows=99 width=125)
	  Recheck Cond: ((k >= 9404245) AND (k <= 9404345))
	  ->  Bitmap Index Scan on k_4  (cost=0.00..5.42 rows=99 width=0)
	        Index Cond: ((k >= 9404245) AND (k <= 9404345))

table 5 : explain SELECT k, c FROM sbtest5 WHERE k BETWEEN 9404245 AND 9404345
	Bitmap Heap Scan on sbtest5  (cost=5.61..460.83 rows=115 width=125)
	  Recheck Cond: ((k >= 9404245) AND (k <= 9404345))
	  ->  Bitmap Index Scan on k_5  (cost=0.00..5.58 rows=115 width=0)
	        Index Cond: ((k >= 9404245) AND (k <= 9404345))

table 6 : explain SELECT k, c FROM sbtest6 WHERE k BETWEEN 9404245 AND 9404345
	Bitmap Heap Scan on sbtest6  (cost=5.42..385.88 rows=96 width=125)
	  Recheck Cond: ((k >= 9404245) AND (k <= 9404345))
	  ->  Bitmap Index Scan on k_6  (cost=0.00..5.39 rows=96 width=0)
	        Index Cond: ((k >= 9404245) AND (k <= 9404345))

table 7 : explain SELECT k, c FROM sbtest7 WHERE k BETWEEN 9404245 AND 9404345
	Bitmap Heap Scan on sbtest7  (cost=5.45..397.73 rows=99 width=125)
	  Recheck Cond: ((k >= 9404245) AND (k <= 9404345))
	  ->  Bitmap Index Scan on k_7  (cost=0.00..5.42 rows=99 width=0)
	        Index Cond: ((k >= 9404245) AND (k <= 9404345))

table 8 : explain SELECT k, c FROM sbtest8 WHERE k BETWEEN 9404245 AND 9404345
	Bitmap Heap Scan on sbtest8  (cost=5.45..397.73 rows=99 width=125)
	  Recheck Cond: ((k >= 9404245) AND (k <= 9404345))
	  ->  Bitmap Index Scan on k_8  (cost=0.00..5.42 rows=99 width=0)
	        Index Cond: ((k >= 9404245) AND (k <= 9404345))


explain: for range-notcovered :: explain SELECT k, c FROM sbtest%d WHERE k BETWEEN 5583038 AND 5583138
explain: for range-notcovered :: explain SELECT k, c FROM sbtest%d WHERE k BETWEEN 6537529 AND 6537629
explain: for range-notcovered :: explain SELECT k, c FROM sbtest%d WHERE k BETWEEN 5049096 AND 5049196
explain: for range-notcovered :: explain SELECT k, c FROM sbtest%d WHERE k BETWEEN 2181250 AND 2181350
for range-notcovered
table 1 : explain SELECT k, c FROM sbtest1 WHERE k BETWEEN 5389644 AND 5389744
	Bitmap Heap Scan on sbtest1  (cost=5.51..421.40 rows=105 width=125)
	  Recheck Cond: ((k >= 5389644) AND (k <= 5389744))
	  ->  Bitmap Index Scan on k_1  (cost=0.00..5.48 rows=105 width=0)
	        Index Cond: ((k >= 5389644) AND (k <= 5389744))

table 2 : explain SELECT k, c FROM sbtest2 WHERE k BETWEEN 5389644 AND 5389744
	Bitmap Heap Scan on sbtest2  (cost=5.49..413.51 rows=103 width=125)
	  Recheck Cond: ((k >= 5389644) AND (k <= 5389744))
	  ->  Bitmap Index Scan on k_2  (cost=0.00..5.46 rows=103 width=0)
	        Index Cond: ((k >= 5389644) AND (k <= 5389744))

table 3 : explain SELECT k, c FROM sbtest3 WHERE k BETWEEN 5389644 AND 5389744
	Bitmap Heap Scan on sbtest3  (cost=5.45..397.72 rows=99 width=125)
	  Recheck Cond: ((k >= 5389644) AND (k <= 5389744))
	  ->  Bitmap Index Scan on k_3  (cost=0.00..5.42 rows=99 width=0)
	        Index Cond: ((k >= 5389644) AND (k <= 5389744))

table 4 : explain SELECT k, c FROM sbtest4 WHERE k BETWEEN 5389644 AND 5389744
	Bitmap Heap Scan on sbtest4  (cost=5.56..441.13 rows=110 width=125)
	  Recheck Cond: ((k >= 5389644) AND (k <= 5389744))
	  ->  Bitmap Index Scan on k_4  (cost=0.00..5.53 rows=110 width=0)
	        Index Cond: ((k >= 5389644) AND (k <= 5389744))

table 5 : explain SELECT k, c FROM sbtest5 WHERE k BETWEEN 5389644 AND 5389744
	Bitmap Heap Scan on sbtest5  (cost=5.58..449.00 rows=112 width=125)
	  Recheck Cond: ((k >= 5389644) AND (k <= 5389744))
	  ->  Bitmap Index Scan on k_5  (cost=0.00..5.55 rows=112 width=0)
	        Index Cond: ((k >= 5389644) AND (k <= 5389744))

table 6 : explain SELECT k, c FROM sbtest6 WHERE k BETWEEN 5389644 AND 5389744
	Bitmap Heap Scan on sbtest6  (cost=5.43..389.83 rows=97 width=125)
	  Recheck Cond: ((k >= 5389644) AND (k <= 5389744))
	  ->  Bitmap Index Scan on k_6  (cost=0.00..5.40 rows=97 width=0)
	        Index Cond: ((k >= 5389644) AND (k <= 5389744))

table 7 : explain SELECT k, c FROM sbtest7 WHERE k BETWEEN 5389644 AND 5389744
	Bitmap Heap Scan on sbtest7  (cost=5.54..433.24 rows=108 width=125)
	  Recheck Cond: ((k >= 5389644) AND (k <= 5389744))
	  ->  Bitmap Index Scan on k_7  (cost=0.00..5.51 rows=108 width=0)
	        Index Cond: ((k >= 5389644) AND (k <= 5389744))

table 8 : explain SELECT k, c FROM sbtest8 WHERE k BETWEEN 5389644 AND 5389744
	Bitmap Heap Scan on sbtest8  (cost=5.39..374.05 rows=93 width=125)
	  Recheck Cond: ((k >= 5389644) AND (k <= 5389744))
	  ->  Bitmap Index Scan on k_8  (cost=0.00..5.36 rows=93 width=0)
	        Index Cond: ((k >= 5389644) AND (k <= 5389744))
for range-notcovered
table 1 : explain SELECT k, c FROM sbtest1 WHERE k BETWEEN 4845292 AND 4845392
	Bitmap Heap Scan on sbtest1  (cost=5.54..433.23 rows=108 width=125)
	  Recheck Cond: ((k >= 4845292) AND (k <= 4845392))
	  ->  Bitmap Index Scan on k_1  (cost=0.00..5.51 rows=108 width=0)
	        Index Cond: ((k >= 4845292) AND (k <= 4845392))

table 2 : explain SELECT k, c FROM sbtest2 WHERE k BETWEEN 4845292 AND 4845392
	Bitmap Heap Scan on sbtest2  (cost=5.48..409.57 rows=102 width=125)
	  Recheck Cond: ((k >= 4845292) AND (k <= 4845392))
	  ->  Bitmap Index Scan on k_2  (cost=0.00..5.45 rows=102 width=0)
	        Index Cond: ((k >= 4845292) AND (k <= 4845392))

table 3 : explain SELECT k, c FROM sbtest3 WHERE k BETWEEN 4845292 AND 4845392
	Bitmap Heap Scan on sbtest3  (cost=5.48..409.56 rows=102 width=125)
	  Recheck Cond: ((k >= 4845292) AND (k <= 4845392))
	  ->  Bitmap Index Scan on k_3  (cost=0.00..5.45 rows=102 width=0)
	        Index Cond: ((k >= 4845292) AND (k <= 4845392))

table 4 : explain SELECT k, c FROM sbtest4 WHERE k BETWEEN 4845292 AND 4845392
	Bitmap Heap Scan on sbtest4  (cost=5.48..409.58 rows=102 width=125)
	  Recheck Cond: ((k >= 4845292) AND (k <= 4845392))
	  ->  Bitmap Index Scan on k_4  (cost=0.00..5.45 rows=102 width=0)
	        Index Cond: ((k >= 4845292) AND (k <= 4845392))

table 5 : explain SELECT k, c FROM sbtest5 WHERE k BETWEEN 4845292 AND 4845392
	Bitmap Heap Scan on sbtest5  (cost=5.43..389.84 rows=97 width=125)
	  Recheck Cond: ((k >= 4845292) AND (k <= 4845392))
	  ->  Bitmap Index Scan on k_5  (cost=0.00..5.40 rows=97 width=0)
	        Index Cond: ((k >= 4845292) AND (k <= 4845392))

table 6 : explain SELECT k, c FROM sbtest6 WHERE k BETWEEN 4845292 AND 4845392
	Bitmap Heap Scan on sbtest6  (cost=5.51..421.39 rows=105 width=125)
	  Recheck Cond: ((k >= 4845292) AND (k <= 4845392))
	  ->  Bitmap Index Scan on k_6  (cost=0.00..5.48 rows=105 width=0)
	        Index Cond: ((k >= 4845292) AND (k <= 4845392))

table 7 : explain SELECT k, c FROM sbtest7 WHERE k BETWEEN 4845292 AND 4845392
	Bitmap Heap Scan on sbtest7  (cost=5.53..429.29 rows=107 width=125)
	  Recheck Cond: ((k >= 4845292) AND (k <= 4845392))
	  ->  Bitmap Index Scan on k_7  (cost=0.00..5.50 rows=107 width=0)
	        Index Cond: ((k >= 4845292) AND (k <= 4845392))

table 8 : explain SELECT k, c FROM sbtest8 WHERE k BETWEEN 4845292 AND 4845392
	Bitmap Heap Scan on sbtest8  (cost=5.56..441.12 rows=110 width=125)
	  Recheck Cond: ((k >= 4845292) AND (k <= 4845392))
	  ->  Bitmap Index Scan on k_8  (cost=0.00..5.53 rows=110 width=0)
	        Index Cond: ((k >= 4845292) AND (k <= 4845392))

explain: for range-notcovered :: explain SELECT k, c FROM sbtest%d WHERE k BETWEEN 4678428 AND 4678528
explain: for range-notcovered :: explain SELECT k, c FROM sbtest%d WHERE k BETWEEN 3571436 AND 3571536

for range-notcovered
table 1 : explain SELECT k, c FROM sbtest1 WHERE k BETWEEN 4395274 AND 4395374
	Bitmap Heap Scan on sbtest1  (cost=5.45..397.73 rows=99 width=125)
	  Recheck Cond: ((k >= 4395274) AND (k <= 4395374))
	  ->  Bitmap Index Scan on k_1  (cost=0.00..5.42 rows=99 width=0)
	        Index Cond: ((k >= 4395274) AND (k <= 4395374))

table 2 : explain SELECT k, c FROM sbtest2 WHERE k BETWEEN 4395274 AND 4395374
	Bitmap Heap Scan on sbtest2  (cost=5.50..417.46 rows=104 width=125)
	  Recheck Cond: ((k >= 4395274) AND (k <= 4395374))
	  ->  Bitmap Index Scan on k_2  (cost=0.00..5.47 rows=104 width=0)
	        Index Cond: ((k >= 4395274) AND (k <= 4395374))

table 3 : explain SELECT k, c FROM sbtest3 WHERE k BETWEEN 4395274 AND 4395374
	Bitmap Heap Scan on sbtest3  (cost=5.41..381.94 rows=95 width=125)
	  Recheck Cond: ((k >= 4395274) AND (k <= 4395374))
	  ->  Bitmap Index Scan on k_3  (cost=0.00..5.38 rows=95 width=0)
	        Index Cond: ((k >= 4395274) AND (k <= 4395374))

table 4 : explain SELECT k, c FROM sbtest4 WHERE k BETWEEN 4395274 AND 4395374
	Bitmap Heap Scan on sbtest4  (cost=5.48..409.58 rows=102 width=125)
	  Recheck Cond: ((k >= 4395274) AND (k <= 4395374))
	  ->  Bitmap Index Scan on k_4  (cost=0.00..5.45 rows=102 width=0)
	        Index Cond: ((k >= 4395274) AND (k <= 4395374))

table 5 : explain SELECT k, c FROM sbtest5 WHERE k BETWEEN 4395274 AND 4395374
	Bitmap Heap Scan on sbtest5  (cost=5.45..397.73 rows=99 width=125)
	  Recheck Cond: ((k >= 4395274) AND (k <= 4395374))
	  ->  Bitmap Index Scan on k_5  (cost=0.00..5.42 rows=99 width=0)
	        Index Cond: ((k >= 4395274) AND (k <= 4395374))

table 6 : explain SELECT k, c FROM sbtest6 WHERE k BETWEEN 4395274 AND 4395374
	Bitmap Heap Scan on sbtest6  (cost=5.50..417.45 rows=104 width=125)
	  Recheck Cond: ((k >= 4395274) AND (k <= 4395374))
	  ->  Bitmap Index Scan on k_6  (cost=0.00..5.47 rows=104 width=0)
	        Index Cond: ((k >= 4395274) AND (k <= 4395374))

table 7 : explain SELECT k, c FROM sbtest7 WHERE k BETWEEN 4395274 AND 4395374
	Bitmap Heap Scan on sbtest7  (cost=5.50..417.46 rows=104 width=125)
	  Recheck Cond: ((k >= 4395274) AND (k <= 4395374))
	  ->  Bitmap Index Scan on k_7  (cost=0.00..5.47 rows=104 width=0)
	        Index Cond: ((k >= 4395274) AND (k <= 4395374))

table 8 : explain SELECT k, c FROM sbtest8 WHERE k BETWEEN 4395274 AND 4395374
	Bitmap Heap Scan on sbtest8  (cost=5.49..413.52 rows=103 width=125)
	  Recheck Cond: ((k >= 4395274) AND (k <= 4395374))
	  ->  Bitmap Index Scan on k_8  (cost=0.00..5.46 rows=103 width=0)
	        Index Cond: ((k >= 4395274) AND (k <= 4395374))

explain: for range-notcovered :: explain SELECT k, c FROM sbtest%d WHERE k BETWEEN 9404245 AND 9404345
explain: for range-notcovered :: explain SELECT k, c FROM sbtest%d WHERE k BETWEEN 4845292 AND 4845392
for range-notcovered
table 1 : explain SELECT k, c FROM sbtest1 WHERE k BETWEEN 531597 AND 531697
	Bitmap Heap Scan on sbtest1  (cost=5.48..409.57 rows=102 width=125)
	  Recheck Cond: ((k >= 531597) AND (k <= 531697))
	  ->  Bitmap Index Scan on k_1  (cost=0.00..5.45 rows=102 width=0)
	        Index Cond: ((k >= 531597) AND (k <= 531697))

table 2 : explain SELECT k, c FROM sbtest2 WHERE k BETWEEN 531597 AND 531697
	Bitmap Heap Scan on sbtest2  (cost=5.42..385.89 rows=96 width=125)
	  Recheck Cond: ((k >= 531597) AND (k <= 531697))
	  ->  Bitmap Index Scan on k_2  (cost=0.00..5.39 rows=96 width=0)
	        Index Cond: ((k >= 531597) AND (k <= 531697))

table 3 : explain SELECT k, c FROM sbtest3 WHERE k BETWEEN 531597 AND 531697
	Bitmap Heap Scan on sbtest3  (cost=5.47..405.62 rows=101 width=125)
	  Recheck Cond: ((k >= 531597) AND (k <= 531697))
	  ->  Bitmap Index Scan on k_3  (cost=0.00..5.44 rows=101 width=0)
	        Index Cond: ((k >= 531597) AND (k <= 531697))

table 4 : explain SELECT k, c FROM sbtest4 WHERE k BETWEEN 531597 AND 531697
	Bitmap Heap Scan on sbtest4  (cost=5.54..433.24 rows=108 width=125)
	  Recheck Cond: ((k >= 531597) AND (k <= 531697))
	  ->  Bitmap Index Scan on k_4  (cost=0.00..5.51 rows=108 width=0)
	        Index Cond: ((k >= 531597) AND (k <= 531697))

table 5 : explain SELECT k, c FROM sbtest5 WHERE k BETWEEN 531597 AND 531697
	Bitmap Heap Scan on sbtest5  (cost=5.60..456.88 rows=114 width=125)
	  Recheck Cond: ((k >= 531597) AND (k <= 531697))
	  ->  Bitmap Index Scan on k_5  (cost=0.00..5.58 rows=114 width=0)
	        Index Cond: ((k >= 531597) AND (k <= 531697))

table 6 : explain SELECT k, c FROM sbtest6 WHERE k BETWEEN 531597 AND 531697
	Bitmap Heap Scan on sbtest6  (cost=5.43..389.83 rows=97 width=125)
	  Recheck Cond: ((k >= 531597) AND (k <= 531697))
	  ->  Bitmap Index Scan on k_6  (cost=0.00..5.40 rows=97 width=0)
	        Index Cond: ((k >= 531597) AND (k <= 531697))

table 7 : explain SELECT k, c FROM sbtest7 WHERE k BETWEEN 531597 AND 531697
	Bitmap Heap Scan on sbtest7  (cost=5.60..456.89 rows=114 width=125)
	  Recheck Cond: ((k >= 531597) AND (k <= 531697))
	  ->  Bitmap Index Scan on k_7  (cost=0.00..5.58 rows=114 width=0)
	        Index Cond: ((k >= 531597) AND (k <= 531697))

table 8 : explain SELECT k, c FROM sbtest8 WHERE k BETWEEN 531597 AND 531697
	Bitmap Heap Scan on sbtest8  (cost=5.61..460.83 rows=115 width=125)
	  Recheck Cond: ((k >= 531597) AND (k <= 531697))
	  ->  Bitmap Index Scan on k_8  (cost=0.00..5.58 rows=115 width=0)
	        Index Cond: ((k >= 531597) AND (k <= 531697))

for range-notcovered
table 1 : explain SELECT k, c FROM sbtest1 WHERE k BETWEEN 5181953 AND 5182053
	Bitmap Heap Scan on sbtest1  (cost=5.44..393.78 rows=98 width=125)
	  Recheck Cond: ((k >= 5181953) AND (k <= 5182053))
	  ->  Bitmap Index Scan on k_1  (cost=0.00..5.42 rows=98 width=0)
	        Index Cond: ((k >= 5181953) AND (k <= 5182053))

table 2 : explain SELECT k, c FROM sbtest2 WHERE k BETWEEN 5181953 AND 5182053
	Bitmap Heap Scan on sbtest2  (cost=5.46..401.68 rows=100 width=125)
	  Recheck Cond: ((k >= 5181953) AND (k <= 5182053))
	  ->  Bitmap Index Scan on k_2  (cost=0.00..5.43 rows=100 width=0)
	        Index Cond: ((k >= 5181953) AND (k <= 5182053))

table 3 : explain SELECT k, c FROM sbtest3 WHERE k BETWEEN 5181953 AND 5182053
	Bitmap Heap Scan on sbtest3  (cost=5.54..433.22 rows=108 width=125)
	  Recheck Cond: ((k >= 5181953) AND (k <= 5182053))
	  ->  Bitmap Index Scan on k_3  (cost=0.00..5.51 rows=108 width=0)
	        Index Cond: ((k >= 5181953) AND (k <= 5182053))

table 4 : explain SELECT k, c FROM sbtest4 WHERE k BETWEEN 5181953 AND 5182053
	Bitmap Heap Scan on sbtest4  (cost=5.54..433.24 rows=108 width=125)
	  Recheck Cond: ((k >= 5181953) AND (k <= 5182053))
	  ->  Bitmap Index Scan on k_4  (cost=0.00..5.51 rows=108 width=0)
	        Index Cond: ((k >= 5181953) AND (k <= 5182053))

table 5 : explain SELECT k, c FROM sbtest5 WHERE k BETWEEN 5181953 AND 5182053
	Bitmap Heap Scan on sbtest5  (cost=5.47..405.62 rows=101 width=125)
	  Recheck Cond: ((k >= 5181953) AND (k <= 5182053))
	  ->  Bitmap Index Scan on k_5  (cost=0.00..5.44 rows=101 width=0)
	        Index Cond: ((k >= 5181953) AND (k <= 5182053))

table 6 : explain SELECT k, c FROM sbtest6 WHERE k BETWEEN 5181953 AND 5182053
	Bitmap Heap Scan on sbtest6  (cost=5.52..425.34 rows=106 width=125)
	  Recheck Cond: ((k >= 5181953) AND (k <= 5182053))
	  ->  Bitmap Index Scan on k_6  (cost=0.00..5.50 rows=106 width=0)
	        Index Cond: ((k >= 5181953) AND (k <= 5182053))

table 7 : explain SELECT k, c FROM sbtest7 WHERE k BETWEEN 5181953 AND 5182053
	Bitmap Heap Scan on sbtest7  (cost=5.49..413.52 rows=103 width=125)
	  Recheck Cond: ((k >= 5181953) AND (k <= 5182053))
	  ->  Bitmap Index Scan on k_7  (cost=0.00..5.46 rows=103 width=0)
	        Index Cond: ((k >= 5181953) AND (k <= 5182053))

table 8 : explain SELECT k, c FROM sbtest8 WHERE k BETWEEN 5181953 AND 5182053
	Bitmap Heap Scan on sbtest8  (cost=5.36..362.20 rows=90 width=125)
	  Recheck Cond: ((k >= 5181953) AND (k <= 5182053))
	  ->  Bitmap Index Scan on k_8  (cost=0.00..5.33 rows=90 width=0)
	        Index Cond: ((k >= 5181953) AND (k <= 5182053))
for range-notcovered
table 1 : explain SELECT k, c FROM sbtest1 WHERE k BETWEEN 6552462 AND 6552562
	Bitmap Heap Scan on sbtest1  (cost=5.47..405.62 rows=101 width=125)
	  Recheck Cond: ((k >= 6552462) AND (k <= 6552562))
	  ->  Bitmap Index Scan on k_1  (cost=0.00..5.44 rows=101 width=0)
	        Index Cond: ((k >= 6552462) AND (k <= 6552562))

table 2 : explain SELECT k, c FROM sbtest2 WHERE k BETWEEN 6552462 AND 6552562
	Bitmap Heap Scan on sbtest2  (cost=5.52..425.35 rows=106 width=125)
	  Recheck Cond: ((k >= 6552462) AND (k <= 6552562))
	  ->  Bitmap Index Scan on k_2  (cost=0.00..5.50 rows=106 width=0)
	        Index Cond: ((k >= 6552462) AND (k <= 6552562))

table 3 : explain SELECT k, c FROM sbtest3 WHERE k BETWEEN 6552462 AND 6552562
	Bitmap Heap Scan on sbtest3  (cost=5.37..366.14 rows=91 width=125)
	  Recheck Cond: ((k >= 6552462) AND (k <= 6552562))
	  ->  Bitmap Index Scan on k_3  (cost=0.00..5.34 rows=91 width=0)
	        Index Cond: ((k >= 6552462) AND (k <= 6552562))

table 4 : explain SELECT k, c FROM sbtest4 WHERE k BETWEEN 6552462 AND 6552562
	Bitmap Heap Scan on sbtest4  (cost=5.58..449.01 rows=112 width=125)
	  Recheck Cond: ((k >= 6552462) AND (k <= 6552562))
	  ->  Bitmap Index Scan on k_4  (cost=0.00..5.55 rows=112 width=0)
	        Index Cond: ((k >= 6552462) AND (k <= 6552562))

table 5 : explain SELECT k, c FROM sbtest5 WHERE k BETWEEN 6552462 AND 6552562
	Bitmap Heap Scan on sbtest5  (cost=5.48..409.57 rows=102 width=125)
	  Recheck Cond: ((k >= 6552462) AND (k <= 6552562))
	  ->  Bitmap Index Scan on k_5  (cost=0.00..5.45 rows=102 width=0)
	        Index Cond: ((k >= 6552462) AND (k <= 6552562))

table 6 : explain SELECT k, c FROM sbtest6 WHERE k BETWEEN 6552462 AND 6552562
	Bitmap Heap Scan on sbtest6  (cost=5.60..456.87 rows=114 width=125)
	  Recheck Cond: ((k >= 6552462) AND (k <= 6552562))
	  ->  Bitmap Index Scan on k_6  (cost=0.00..5.58 rows=114 width=0)
	        Index Cond: ((k >= 6552462) AND (k <= 6552562))

table 7 : explain SELECT k, c FROM sbtest7 WHERE k BETWEEN 6552462 AND 6552562
	Bitmap Heap Scan on sbtest7  (cost=5.45..397.73 rows=99 width=125)
	  Recheck Cond: ((k >= 6552462) AND (k <= 6552562))
	  ->  Bitmap Index Scan on k_7  (cost=0.00..5.42 rows=99 width=0)
	        Index Cond: ((k >= 6552462) AND (k <= 6552562))

table 8 : explain SELECT k, c FROM sbtest8 WHERE k BETWEEN 6552462 AND 6552562
	Bitmap Heap Scan on sbtest8  (cost=5.48..409.57 rows=102 width=125)
	  Recheck Cond: ((k >= 6552462) AND (k <= 6552562))
	  ->  Bitmap Index Scan on k_8  (cost=0.00..5.45 rows=102 width=0)
	        Index Cond: ((k >= 6552462) AND (k <= 6552562))

for range-notcovered
table 1 : explain SELECT k, c FROM sbtest1 WHERE k BETWEEN 7583462 AND 7583562
	Bitmap Heap Scan on sbtest1  (cost=5.53..429.29 rows=107 width=125)
	  Recheck Cond: ((k >= 7583462) AND (k <= 7583562))
	  ->  Bitmap Index Scan on k_1  (cost=0.00..5.50 rows=107 width=0)
	        Index Cond: ((k >= 7583462) AND (k <= 7583562))

table 2 : explain SELECT k, c FROM sbtest2 WHERE k BETWEEN 7583462 AND 7583562
	Bitmap Heap Scan on sbtest2  (cost=5.53..429.29 rows=107 width=125)
	  Recheck Cond: ((k >= 7583462) AND (k <= 7583562))
	  ->  Bitmap Index Scan on k_2  (cost=0.00..5.50 rows=107 width=0)
	        Index Cond: ((k >= 7583462) AND (k <= 7583562))

table 3 : explain SELECT k, c FROM sbtest3 WHERE k BETWEEN 7583462 AND 7583562
	Bitmap Heap Scan on sbtest3  (cost=5.40..377.99 rows=94 width=125)
	  Recheck Cond: ((k >= 7583462) AND (k <= 7583562))
	  ->  Bitmap Index Scan on k_3  (cost=0.00..5.38 rows=94 width=0)
	        Index Cond: ((k >= 7583462) AND (k <= 7583562))

table 4 : explain SELECT k, c FROM sbtest4 WHERE k BETWEEN 7583462 AND 7583562
	Bitmap Heap Scan on sbtest4  (cost=5.42..385.90 rows=96 width=125)
	  Recheck Cond: ((k >= 7583462) AND (k <= 7583562))
	  ->  Bitmap Index Scan on k_4  (cost=0.00..5.39 rows=96 width=0)
	        Index Cond: ((k >= 7583462) AND (k <= 7583562))

table 5 : explain SELECT k, c FROM sbtest5 WHERE k BETWEEN 7583462 AND 7583562
	Bitmap Heap Scan on sbtest5  (cost=5.47..405.62 rows=101 width=125)
	  Recheck Cond: ((k >= 7583462) AND (k <= 7583562))
	  ->  Bitmap Index Scan on k_5  (cost=0.00..5.44 rows=101 width=0)
	        Index Cond: ((k >= 7583462) AND (k <= 7583562))

table 6 : explain SELECT k, c FROM sbtest6 WHERE k BETWEEN 7583462 AND 7583562
	Bitmap Heap Scan on sbtest6  (cost=5.48..409.56 rows=102 width=125)
	  Recheck Cond: ((k >= 7583462) AND (k <= 7583562))
	  ->  Bitmap Index Scan on k_6  (cost=0.00..5.45 rows=102 width=0)
	        Index Cond: ((k >= 7583462) AND (k <= 7583562))

table 7 : explain SELECT k, c FROM sbtest7 WHERE k BETWEEN 7583462 AND 7583562
	Bitmap Heap Scan on sbtest7  (cost=5.46..401.68 rows=100 width=125)
	  Recheck Cond: ((k >= 7583462) AND (k <= 7583562))
	  ->  Bitmap Index Scan on k_7  (cost=0.00..5.43 rows=100 width=0)
	        Index Cond: ((k >= 7583462) AND (k <= 7583562))

table 8 : explain SELECT k, c FROM sbtest8 WHERE k BETWEEN 7583462 AND 7583562
	Bitmap Heap Scan on sbtest8  (cost=5.56..441.12 rows=110 width=125)
	  Recheck Cond: ((k >= 7583462) AND (k <= 7583562))
	  ->  Bitmap Index Scan on k_8  (cost=0.00..5.53 rows=110 width=0)
	        Index Cond: ((k >= 7583462) AND (k <= 7583562))


for range-notcovered
table 1 : explain SELECT k, c FROM sbtest1 WHERE k BETWEEN 4426134 AND 4426234
	Bitmap Heap Scan on sbtest1  (cost=5.45..397.73 rows=99 width=125)
	  Recheck Cond: ((k >= 4426134) AND (k <= 4426234))
	  ->  Bitmap Index Scan on k_1  (cost=0.00..5.42 rows=99 width=0)
	        Index Cond: ((k >= 4426134) AND (k <= 4426234))

table 2 : explain SELECT k, c FROM sbtest2 WHERE k BETWEEN 4426134 AND 4426234
	Bitmap Heap Scan on sbtest2  (cost=5.50..417.46 rows=104 width=125)
	  Recheck Cond: ((k >= 4426134) AND (k <= 4426234))
	  ->  Bitmap Index Scan on k_2  (cost=0.00..5.47 rows=104 width=0)
	        Index Cond: ((k >= 4426134) AND (k <= 4426234))

table 3 : explain SELECT k, c FROM sbtest3 WHERE k BETWEEN 4426134 AND 4426234
	Bitmap Heap Scan on sbtest3  (cost=5.41..381.94 rows=95 width=125)
	  Recheck Cond: ((k >= 4426134) AND (k <= 4426234))
	  ->  Bitmap Index Scan on k_3  (cost=0.00..5.38 rows=95 width=0)
	        Index Cond: ((k >= 4426134) AND (k <= 4426234))

table 4 : explain SELECT k, c FROM sbtest4 WHERE k BETWEEN 4426134 AND 4426234
	Bitmap Heap Scan on sbtest4  (cost=5.48..409.58 rows=102 width=125)
	  Recheck Cond: ((k >= 4426134) AND (k <= 4426234))
	  ->  Bitmap Index Scan on k_4  (cost=0.00..5.45 rows=102 width=0)
	        Index Cond: ((k >= 4426134) AND (k <= 4426234))

table 5 : explain SELECT k, c FROM sbtest5 WHERE k BETWEEN 4426134 AND 4426234
	Bitmap Heap Scan on sbtest5  (cost=5.45..397.73 rows=99 width=125)
	  Recheck Cond: ((k >= 4426134) AND (k <= 4426234))
	  ->  Bitmap Index Scan on k_5  (cost=0.00..5.42 rows=99 width=0)
	        Index Cond: ((k >= 4426134) AND (k <= 4426234))

table 6 : explain SELECT k, c FROM sbtest6 WHERE k BETWEEN 4426134 AND 4426234
	Bitmap Heap Scan on sbtest6  (cost=5.47..405.61 rows=101 width=125)
	  Recheck Cond: ((k >= 4426134) AND (k <= 4426234))
	  ->  Bitmap Index Scan on k_6  (cost=0.00..5.44 rows=101 width=0)
	        Index Cond: ((k >= 4426134) AND (k <= 4426234))

table 7 : explain SELECT k, c FROM sbtest7 WHERE k BETWEEN 4426134 AND 4426234
	Bitmap Heap Scan on sbtest7  (cost=5.50..417.46 rows=104 width=125)
	  Recheck Cond: ((k >= 4426134) AND (k <= 4426234))
	  ->  Bitmap Index Scan on k_7  (cost=0.00..5.47 rows=104 width=0)
	        Index Cond: ((k >= 4426134) AND (k <= 4426234))

table 8 : explain SELECT k, c FROM sbtest8 WHERE k BETWEEN 4426134 AND 4426234
	Bitmap Heap Scan on sbtest8  (cost=5.49..413.52 rows=103 width=125)
	  Recheck Cond: ((k >= 4426134) AND (k <= 4426234))
	  ->  Bitmap Index Scan on k_8  (cost=0.00..5.46 rows=103 width=0)
	        Index Cond: ((k >= 4426134) AND (k <= 4426234))

explain: for range-notcovered :: explain SELECT k, c FROM sbtest%d WHERE k BETWEEN 5389644 AND 5389744
explain: for range-notcovered :: explain SELECT k, c FROM sbtest%d WHERE k BETWEEN 531597 AND 531697
explain: for range-notcovered :: explain SELECT k, c FROM sbtest%d WHERE k BETWEEN 6552462 AND 6552562
explain: for range-notcovered :: explain SELECT k, c FROM sbtest%d WHERE k BETWEEN 5181953 AND 5182053
explain: for range-notcovered :: explain SELECT k, c FROM sbtest%d WHERE k BETWEEN 7583462 AND 7583562
explain: for range-notcovered :: explain SELECT k, c FROM sbtest%d WHERE k BETWEEN 4426134 AND 4426234
for range-notcovered
table 1 : explain SELECT k, c FROM sbtest1 WHERE k BETWEEN 4775522 AND 4775622
	Bitmap Heap Scan on sbtest1  (cost=5.62..464.76 rows=116 width=125)
	  Recheck Cond: ((k >= 4775522) AND (k <= 4775622))
	  ->  Bitmap Index Scan on k_1  (cost=0.00..5.59 rows=116 width=0)
	        Index Cond: ((k >= 4775522) AND (k <= 4775622))

table 2 : explain SELECT k, c FROM sbtest2 WHERE k BETWEEN 4775522 AND 4775622
	Bitmap Heap Scan on sbtest2  (cost=5.51..421.40 rows=105 width=125)
	  Recheck Cond: ((k >= 4775522) AND (k <= 4775622))
	  ->  Bitmap Index Scan on k_2  (cost=0.00..5.48 rows=105 width=0)
	        Index Cond: ((k >= 4775522) AND (k <= 4775622))

table 3 : explain SELECT k, c FROM sbtest3 WHERE k BETWEEN 4775522 AND 4775622
	Bitmap Heap Scan on sbtest3  (cost=5.41..381.94 rows=95 width=125)
	  Recheck Cond: ((k >= 4775522) AND (k <= 4775622))
	  ->  Bitmap Index Scan on k_3  (cost=0.00..5.38 rows=95 width=0)
	        Index Cond: ((k >= 4775522) AND (k <= 4775622))

table 4 : explain SELECT k, c FROM sbtest4 WHERE k BETWEEN 4775522 AND 4775622
	Bitmap Heap Scan on sbtest4  (cost=5.48..409.58 rows=102 width=125)
	  Recheck Cond: ((k >= 4775522) AND (k <= 4775622))
	  ->  Bitmap Index Scan on k_4  (cost=0.00..5.45 rows=102 width=0)
	        Index Cond: ((k >= 4775522) AND (k <= 4775622))

table 5 : explain SELECT k, c FROM sbtest5 WHERE k BETWEEN 4775522 AND 4775622
	Bitmap Heap Scan on sbtest5  (cost=5.44..393.79 rows=98 width=125)
	  Recheck Cond: ((k >= 4775522) AND (k <= 4775622))
	  ->  Bitmap Index Scan on k_5  (cost=0.00..5.42 rows=98 width=0)
	        Index Cond: ((k >= 4775522) AND (k <= 4775622))

table 6 : explain SELECT k, c FROM sbtest6 WHERE k BETWEEN 4775522 AND 4775622
	Bitmap Heap Scan on sbtest6  (cost=5.53..429.28 rows=107 width=125)
	  Recheck Cond: ((k >= 4775522) AND (k <= 4775622))
	  ->  Bitmap Index Scan on k_6  (cost=0.00..5.50 rows=107 width=0)
	        Index Cond: ((k >= 4775522) AND (k <= 4775622))

table 7 : explain SELECT k, c FROM sbtest7 WHERE k BETWEEN 4775522 AND 4775622
	Bitmap Heap Scan on sbtest7  (cost=5.53..429.29 rows=107 width=125)
	  Recheck Cond: ((k >= 4775522) AND (k <= 4775622))
	  ->  Bitmap Index Scan on k_7  (cost=0.00..5.50 rows=107 width=0)
	        Index Cond: ((k >= 4775522) AND (k <= 4775622))

table 8 : explain SELECT k, c FROM sbtest8 WHERE k BETWEEN 4775522 AND 4775622
	Bitmap Heap Scan on sbtest8  (cost=5.56..441.12 rows=110 width=125)
	  Recheck Cond: ((k >= 4775522) AND (k <= 4775622))
	  ->  Bitmap Index Scan on k_8  (cost=0.00..5.53 rows=110 width=0)
	        Index Cond: ((k >= 4775522) AND (k <= 4775622))

for range-notcovered
table 1 : explain SELECT k, c FROM sbtest1 WHERE k BETWEEN 5735179 AND 5735279
	Bitmap Heap Scan on sbtest1  (cost=5.38..370.09 rows=92 width=125)
	  Recheck Cond: ((k >= 5735179) AND (k <= 5735279))
	  ->  Bitmap Index Scan on k_1  (cost=0.00..5.35 rows=92 width=0)
	        Index Cond: ((k >= 5735179) AND (k <= 5735279))

table 2 : explain SELECT k, c FROM sbtest2 WHERE k BETWEEN 5735179 AND 5735279
	Bitmap Heap Scan on sbtest2  (cost=5.59..452.94 rows=113 width=125)
	  Recheck Cond: ((k >= 5735179) AND (k <= 5735279))
	  ->  Bitmap Index Scan on k_2  (cost=0.00..5.56 rows=113 width=0)
	        Index Cond: ((k >= 5735179) AND (k <= 5735279))

table 3 : explain SELECT k, c FROM sbtest3 WHERE k BETWEEN 5735179 AND 5735279
	Bitmap Heap Scan on sbtest3  (cost=5.60..456.87 rows=114 width=125)
	  Recheck Cond: ((k >= 5735179) AND (k <= 5735279))
	  ->  Bitmap Index Scan on k_3  (cost=0.00..5.58 rows=114 width=0)
	        Index Cond: ((k >= 5735179) AND (k <= 5735279))

table 4 : explain SELECT k, c FROM sbtest4 WHERE k BETWEEN 5735179 AND 5735279
	Bitmap Heap Scan on sbtest4  (cost=5.53..429.30 rows=107 width=125)
	  Recheck Cond: ((k >= 5735179) AND (k <= 5735279))
	  ->  Bitmap Index Scan on k_4  (cost=0.00..5.50 rows=107 width=0)
	        Index Cond: ((k >= 5735179) AND (k <= 5735279))

table 5 : explain SELECT k, c FROM sbtest5 WHERE k BETWEEN 5735179 AND 5735279
	Bitmap Heap Scan on sbtest5  (cost=5.41..381.94 rows=95 width=125)
	  Recheck Cond: ((k >= 5735179) AND (k <= 5735279))
	  ->  Bitmap Index Scan on k_5  (cost=0.00..5.38 rows=95 width=0)
	        Index Cond: ((k >= 5735179) AND (k <= 5735279))

table 6 : explain SELECT k, c FROM sbtest6 WHERE k BETWEEN 5735179 AND 5735279
	Bitmap Heap Scan on sbtest6  (cost=5.42..385.88 rows=96 width=125)
	  Recheck Cond: ((k >= 5735179) AND (k <= 5735279))
	  ->  Bitmap Index Scan on k_6  (cost=0.00..5.39 rows=96 width=0)
	        Index Cond: ((k >= 5735179) AND (k <= 5735279))

table 7 : explain SELECT k, c FROM sbtest7 WHERE k BETWEEN 5735179 AND 5735279
	Bitmap Heap Scan on sbtest7  (cost=5.44..393.79 rows=98 width=125)
	  Recheck Cond: ((k >= 5735179) AND (k <= 5735279))
	  ->  Bitmap Index Scan on k_7  (cost=0.00..5.42 rows=98 width=0)
	        Index Cond: ((k >= 5735179) AND (k <= 5735279))

table 8 : explain SELECT k, c FROM sbtest8 WHERE k BETWEEN 5735179 AND 5735279
	Bitmap Heap Scan on sbtest8  (cost=5.54..433.23 rows=108 width=125)
	  Recheck Cond: ((k >= 5735179) AND (k <= 5735279))
	  ->  Bitmap Index Scan on k_8  (cost=0.00..5.51 rows=108 width=0)
	        Index Cond: ((k >= 5735179) AND (k <= 5735279))

explain: for range-notcovered :: explain SELECT k, c FROM sbtest%d WHERE k BETWEEN 4775522 AND 4775622
for range-notcovered
table 1 : explain SELECT k, c FROM sbtest1 WHERE k BETWEEN 6594822 AND 6594922
	Bitmap Heap Scan on sbtest1  (cost=5.51..421.40 rows=105 width=125)
	  Recheck Cond: ((k >= 6594822) AND (k <= 6594922))
	  ->  Bitmap Index Scan on k_1  (cost=0.00..5.48 rows=105 width=0)
	        Index Cond: ((k >= 6594822) AND (k <= 6594922))

table 2 : explain SELECT k, c FROM sbtest2 WHERE k BETWEEN 6594822 AND 6594922
	Bitmap Heap Scan on sbtest2  (cost=5.53..429.29 rows=107 width=125)
	  Recheck Cond: ((k >= 6594822) AND (k <= 6594922))
	  ->  Bitmap Index Scan on k_2  (cost=0.00..5.50 rows=107 width=0)
	        Index Cond: ((k >= 6594822) AND (k <= 6594922))

table 3 : explain SELECT k, c FROM sbtest3 WHERE k BETWEEN 6594822 AND 6594922
	Bitmap Heap Scan on sbtest3  (cost=5.37..366.14 rows=91 width=125)
	  Recheck Cond: ((k >= 6594822) AND (k <= 6594922))
	  ->  Bitmap Index Scan on k_3  (cost=0.00..5.34 rows=91 width=0)
	        Index Cond: ((k >= 6594822) AND (k <= 6594922))

table 4 : explain SELECT k, c FROM sbtest4 WHERE k BETWEEN 6594822 AND 6594922
	Bitmap Heap Scan on sbtest4  (cost=5.58..449.01 rows=112 width=125)
	  Recheck Cond: ((k >= 6594822) AND (k <= 6594922))
	  ->  Bitmap Index Scan on k_4  (cost=0.00..5.55 rows=112 width=0)
	        Index Cond: ((k >= 6594822) AND (k <= 6594922))

table 5 : explain SELECT k, c FROM sbtest5 WHERE k BETWEEN 6594822 AND 6594922
	Bitmap Heap Scan on sbtest5  (cost=5.49..413.51 rows=103 width=125)
	  Recheck Cond: ((k >= 6594822) AND (k <= 6594922))
	  ->  Bitmap Index Scan on k_5  (cost=0.00..5.46 rows=103 width=0)
	        Index Cond: ((k >= 6594822) AND (k <= 6594922))

table 6 : explain SELECT k, c FROM sbtest6 WHERE k BETWEEN 6594822 AND 6594922
	Bitmap Heap Scan on sbtest6  (cost=5.60..456.87 rows=114 width=125)
	  Recheck Cond: ((k >= 6594822) AND (k <= 6594922))
	  ->  Bitmap Index Scan on k_6  (cost=0.00..5.58 rows=114 width=0)
	        Index Cond: ((k >= 6594822) AND (k <= 6594922))

table 7 : explain SELECT k, c FROM sbtest7 WHERE k BETWEEN 6594822 AND 6594922
	Bitmap Heap Scan on sbtest7  (cost=5.53..429.29 rows=107 width=125)
	  Recheck Cond: ((k >= 6594822) AND (k <= 6594922))
	  ->  Bitmap Index Scan on k_7  (cost=0.00..5.50 rows=107 width=0)
	        Index Cond: ((k >= 6594822) AND (k <= 6594922))

table 8 : explain SELECT k, c FROM sbtest8 WHERE k BETWEEN 6594822 AND 6594922
	Bitmap Heap Scan on sbtest8  (cost=5.48..409.57 rows=102 width=125)
	  Recheck Cond: ((k >= 6594822) AND (k <= 6594922))
	  ->  Bitmap Index Scan on k_8  (cost=0.00..5.45 rows=102 width=0)
	        Index Cond: ((k >= 6594822) AND (k <= 6594922))

for range-notcovered
table 1 : explain SELECT k, c FROM sbtest1 WHERE k BETWEEN 4961523 AND 4961623
	Bitmap Heap Scan on sbtest1  (cost=5.63..468.70 rows=117 width=125)
	  Recheck Cond: ((k >= 4961523) AND (k <= 4961623))
	  ->  Bitmap Index Scan on k_1  (cost=0.00..5.60 rows=117 width=0)
	        Index Cond: ((k >= 4961523) AND (k <= 4961623))

table 2 : explain SELECT k, c FROM sbtest2 WHERE k BETWEEN 4961523 AND 4961623
	Bitmap Heap Scan on sbtest2  (cost=5.46..401.68 rows=100 width=125)
	  Recheck Cond: ((k >= 4961523) AND (k <= 4961623))
	  ->  Bitmap Index Scan on k_2  (cost=0.00..5.43 rows=100 width=0)
	        Index Cond: ((k >= 4961523) AND (k <= 4961623))

table 3 : explain SELECT k, c FROM sbtest3 WHERE k BETWEEN 4961523 AND 4961623
	Bitmap Heap Scan on sbtest3  (cost=5.42..385.88 rows=96 width=125)
	  Recheck Cond: ((k >= 4961523) AND (k <= 4961623))
	  ->  Bitmap Index Scan on k_3  (cost=0.00..5.39 rows=96 width=0)
	        Index Cond: ((k >= 4961523) AND (k <= 4961623))

table 4 : explain SELECT k, c FROM sbtest4 WHERE k BETWEEN 4961523 AND 4961623
	Bitmap Heap Scan on sbtest4  (cost=5.55..437.19 rows=109 width=125)
	  Recheck Cond: ((k >= 4961523) AND (k <= 4961623))
	  ->  Bitmap Index Scan on k_4  (cost=0.00..5.52 rows=109 width=0)
	        Index Cond: ((k >= 4961523) AND (k <= 4961623))

table 5 : explain SELECT k, c FROM sbtest5 WHERE k BETWEEN 4961523 AND 4961623
	Bitmap Heap Scan on sbtest5  (cost=5.50..417.46 rows=104 width=125)
	  Recheck Cond: ((k >= 4961523) AND (k <= 4961623))
	  ->  Bitmap Index Scan on k_5  (cost=0.00..5.47 rows=104 width=0)
	        Index Cond: ((k >= 4961523) AND (k <= 4961623))

table 6 : explain SELECT k, c FROM sbtest6 WHERE k BETWEEN 4961523 AND 4961623
	Bitmap Heap Scan on sbtest6  (cost=5.50..417.45 rows=104 width=125)
	  Recheck Cond: ((k >= 4961523) AND (k <= 4961623))
	  ->  Bitmap Index Scan on k_6  (cost=0.00..5.47 rows=104 width=0)
	        Index Cond: ((k >= 4961523) AND (k <= 4961623))

table 7 : explain SELECT k, c FROM sbtest7 WHERE k BETWEEN 4961523 AND 4961623
	Bitmap Heap Scan on sbtest7  (cost=5.49..413.52 rows=103 width=125)
	  Recheck Cond: ((k >= 4961523) AND (k <= 4961623))
	  ->  Bitmap Index Scan on k_7  (cost=0.00..5.46 rows=103 width=0)
	        Index Cond: ((k >= 4961523) AND (k <= 4961623))

table 8 : explain SELECT k, c FROM sbtest8 WHERE k BETWEEN 4961523 AND 4961623
	Bitmap Heap Scan on sbtest8  (cost=5.37..366.15 rows=91 width=125)
	  Recheck Cond: ((k >= 4961523) AND (k <= 4961623))
	  ->  Bitmap Index Scan on k_8  (cost=0.00..5.34 rows=91 width=0)
	        Index Cond: ((k >= 4961523) AND (k <= 4961623))

for range-notcovered
table 1 : explain SELECT k, c FROM sbtest1 WHERE k BETWEEN 2288614 AND 2288714
	Bitmap Heap Scan on sbtest1  (cost=5.56..441.12 rows=110 width=125)
	  Recheck Cond: ((k >= 2288614) AND (k <= 2288714))
	  ->  Bitmap Index Scan on k_1  (cost=0.00..5.53 rows=110 width=0)
	        Index Cond: ((k >= 2288614) AND (k <= 2288714))

table 2 : explain SELECT k, c FROM sbtest2 WHERE k BETWEEN 2288614 AND 2288714
	Bitmap Heap Scan on sbtest2  (cost=5.41..381.94 rows=95 width=125)
	  Recheck Cond: ((k >= 2288614) AND (k <= 2288714))
	  ->  Bitmap Index Scan on k_2  (cost=0.00..5.38 rows=95 width=0)
	        Index Cond: ((k >= 2288614) AND (k <= 2288714))

table 3 : explain SELECT k, c FROM sbtest3 WHERE k BETWEEN 2288614 AND 2288714
	Bitmap Heap Scan on sbtest3  (cost=5.49..413.51 rows=103 width=125)
	  Recheck Cond: ((k >= 2288614) AND (k <= 2288714))
	  ->  Bitmap Index Scan on k_3  (cost=0.00..5.46 rows=103 width=0)
	        Index Cond: ((k >= 2288614) AND (k <= 2288714))

table 4 : explain SELECT k, c FROM sbtest4 WHERE k BETWEEN 2288614 AND 2288714
	Bitmap Heap Scan on sbtest4  (cost=5.35..358.25 rows=89 width=125)
	  Recheck Cond: ((k >= 2288614) AND (k <= 2288714))
	  ->  Bitmap Index Scan on k_4  (cost=0.00..5.32 rows=89 width=0)
	        Index Cond: ((k >= 2288614) AND (k <= 2288714))

table 5 : explain SELECT k, c FROM sbtest5 WHERE k BETWEEN 2288614 AND 2288714
	Bitmap Heap Scan on sbtest5  (cost=5.53..429.29 rows=107 width=125)
	  Recheck Cond: ((k >= 2288614) AND (k <= 2288714))
	  ->  Bitmap Index Scan on k_5  (cost=0.00..5.50 rows=107 width=0)
	        Index Cond: ((k >= 2288614) AND (k <= 2288714))

table 6 : explain SELECT k, c FROM sbtest6 WHERE k BETWEEN 2288614 AND 2288714
	Bitmap Heap Scan on sbtest6  (cost=5.48..409.56 rows=102 width=125)
	  Recheck Cond: ((k >= 2288614) AND (k <= 2288714))
	  ->  Bitmap Index Scan on k_6  (cost=0.00..5.45 rows=102 width=0)
	        Index Cond: ((k >= 2288614) AND (k <= 2288714))

table 7 : explain SELECT k, c FROM sbtest7 WHERE k BETWEEN 2288614 AND 2288714
	Bitmap Heap Scan on sbtest7  (cost=5.50..417.46 rows=104 width=125)
	  Recheck Cond: ((k >= 2288614) AND (k <= 2288714))
	  ->  Bitmap Index Scan on k_7  (cost=0.00..5.47 rows=104 width=0)
	        Index Cond: ((k >= 2288614) AND (k <= 2288714))

table 8 : explain SELECT k, c FROM sbtest8 WHERE k BETWEEN 2288614 AND 2288714
	Bitmap Heap Scan on sbtest8  (cost=5.46..401.68 rows=100 width=125)
	  Recheck Cond: ((k >= 2288614) AND (k <= 2288714))
	  ->  Bitmap Index Scan on k_8  (cost=0.00..5.43 rows=100 width=0)
	        Index Cond: ((k >= 2288614) AND (k <= 2288714))

explain: for range-notcovered :: explain SELECT k, c FROM sbtest%d WHERE k BETWEEN 6594822 AND 6594922
explain: for range-notcovered :: explain SELECT k, c FROM sbtest%d WHERE k BETWEEN 5735179 AND 5735279
for range-notcovered
table 1 : explain SELECT k, c FROM sbtest1 WHERE k BETWEEN 5793286 AND 5793386
	Bitmap Heap Scan on sbtest1  (cost=5.38..370.09 rows=92 width=125)
	  Recheck Cond: ((k >= 5793286) AND (k <= 5793386))
	  ->  Bitmap Index Scan on k_1  (cost=0.00..5.35 rows=92 width=0)
	        Index Cond: ((k >= 5793286) AND (k <= 5793386))

table 2 : explain SELECT k, c FROM sbtest2 WHERE k BETWEEN 5793286 AND 5793386
	Bitmap Heap Scan on sbtest2  (cost=5.54..433.23 rows=108 width=125)
	  Recheck Cond: ((k >= 5793286) AND (k <= 5793386))
	  ->  Bitmap Index Scan on k_2  (cost=0.00..5.51 rows=108 width=0)
	        Index Cond: ((k >= 5793286) AND (k <= 5793386))

table 3 : explain SELECT k, c FROM sbtest3 WHERE k BETWEEN 5793286 AND 5793386
	Bitmap Heap Scan on sbtest3  (cost=5.44..393.78 rows=98 width=125)
	  Recheck Cond: ((k >= 5793286) AND (k <= 5793386))
	  ->  Bitmap Index Scan on k_3  (cost=0.00..5.42 rows=98 width=0)
	        Index Cond: ((k >= 5793286) AND (k <= 5793386))

table 4 : explain SELECT k, c FROM sbtest4 WHERE k BETWEEN 5793286 AND 5793386
	Bitmap Heap Scan on sbtest4  (cost=5.53..429.30 rows=107 width=125)
	  Recheck Cond: ((k >= 5793286) AND (k <= 5793386))
	  ->  Bitmap Index Scan on k_4  (cost=0.00..5.50 rows=107 width=0)
	        Index Cond: ((k >= 5793286) AND (k <= 5793386))

table 5 : explain SELECT k, c FROM sbtest5 WHERE k BETWEEN 5793286 AND 5793386
	Bitmap Heap Scan on sbtest5  (cost=5.37..366.15 rows=91 width=125)
	  Recheck Cond: ((k >= 5793286) AND (k <= 5793386))
	  ->  Bitmap Index Scan on k_5  (cost=0.00..5.34 rows=91 width=0)
	        Index Cond: ((k >= 5793286) AND (k <= 5793386))

table 6 : explain SELECT k, c FROM sbtest6 WHERE k BETWEEN 5793286 AND 5793386
	Bitmap Heap Scan on sbtest6  (cost=5.42..385.88 rows=96 width=125)
	  Recheck Cond: ((k >= 5793286) AND (k <= 5793386))
	  ->  Bitmap Index Scan on k_6  (cost=0.00..5.39 rows=96 width=0)
	        Index Cond: ((k >= 5793286) AND (k <= 5793386))

table 7 : explain SELECT k, c FROM sbtest7 WHERE k BETWEEN 5793286 AND 5793386
	Bitmap Heap Scan on sbtest7  (cost=5.51..421.40 rows=105 width=125)
	  Recheck Cond: ((k >= 5793286) AND (k <= 5793386))
	  ->  Bitmap Index Scan on k_7  (cost=0.00..5.48 rows=105 width=0)
	        Index Cond: ((k >= 5793286) AND (k <= 5793386))

table 8 : explain SELECT k, c FROM sbtest8 WHERE k BETWEEN 5793286 AND 5793386
	Bitmap Heap Scan on sbtest8  (cost=5.44..393.79 rows=98 width=125)
	  Recheck Cond: ((k >= 5793286) AND (k <= 5793386))
	  ->  Bitmap Index Scan on k_8  (cost=0.00..5.42 rows=98 width=0)
	        Index Cond: ((k >= 5793286) AND (k <= 5793386))

for range-notcovered
table 1 : explain SELECT k, c FROM sbtest1 WHERE k BETWEEN 6373173 AND 6373273
	Bitmap Heap Scan on sbtest1  (cost=5.63..468.70 rows=117 width=125)
	  Recheck Cond: ((k >= 6373173) AND (k <= 6373273))
	  ->  Bitmap Index Scan on k_1  (cost=0.00..5.60 rows=117 width=0)
	        Index Cond: ((k >= 6373173) AND (k <= 6373273))

table 2 : explain SELECT k, c FROM sbtest2 WHERE k BETWEEN 6373173 AND 6373273
	Bitmap Heap Scan on sbtest2  (cost=5.49..413.51 rows=103 width=125)
	  Recheck Cond: ((k >= 6373173) AND (k <= 6373273))
	  ->  Bitmap Index Scan on k_2  (cost=0.00..5.46 rows=103 width=0)
	        Index Cond: ((k >= 6373173) AND (k <= 6373273))

table 3 : explain SELECT k, c FROM sbtest3 WHERE k BETWEEN 6373173 AND 6373273
	Bitmap Heap Scan on sbtest3  (cost=5.51..421.39 rows=105 width=125)
	  Recheck Cond: ((k >= 6373173) AND (k <= 6373273))
	  ->  Bitmap Index Scan on k_3  (cost=0.00..5.48 rows=105 width=0)
	        Index Cond: ((k >= 6373173) AND (k <= 6373273))

table 4 : explain SELECT k, c FROM sbtest4 WHERE k BETWEEN 6373173 AND 6373273
	Bitmap Heap Scan on sbtest4  (cost=5.52..425.36 rows=106 width=125)
	  Recheck Cond: ((k >= 6373173) AND (k <= 6373273))
	  ->  Bitmap Index Scan on k_4  (cost=0.00..5.50 rows=106 width=0)
	        Index Cond: ((k >= 6373173) AND (k <= 6373273))

table 5 : explain SELECT k, c FROM sbtest5 WHERE k BETWEEN 6373173 AND 6373273
	Bitmap Heap Scan on sbtest5  (cost=5.49..413.51 rows=103 width=125)
	  Recheck Cond: ((k >= 6373173) AND (k <= 6373273))
	  ->  Bitmap Index Scan on k_5  (cost=0.00..5.46 rows=103 width=0)
	        Index Cond: ((k >= 6373173) AND (k <= 6373273))

table 6 : explain SELECT k, c FROM sbtest6 WHERE k BETWEEN 6373173 AND 6373273
	Bitmap Heap Scan on sbtest6  (cost=5.41..381.93 rows=95 width=125)
	  Recheck Cond: ((k >= 6373173) AND (k <= 6373273))
	  ->  Bitmap Index Scan on k_6  (cost=0.00..5.38 rows=95 width=0)
	        Index Cond: ((k >= 6373173) AND (k <= 6373273))

table 7 : explain SELECT k, c FROM sbtest7 WHERE k BETWEEN 6373173 AND 6373273
	Bitmap Heap Scan on sbtest7  (cost=5.45..397.73 rows=99 width=125)
	  Recheck Cond: ((k >= 6373173) AND (k <= 6373273))
	  ->  Bitmap Index Scan on k_7  (cost=0.00..5.42 rows=99 width=0)
	        Index Cond: ((k >= 6373173) AND (k <= 6373273))

table 8 : explain SELECT k, c FROM sbtest8 WHERE k BETWEEN 6373173 AND 6373273
	Bitmap Heap Scan on sbtest8  (cost=5.46..401.68 rows=100 width=125)
	  Recheck Cond: ((k >= 6373173) AND (k <= 6373273))
	  ->  Bitmap Index Scan on k_8  (cost=0.00..5.43 rows=100 width=0)
	        Index Cond: ((k >= 6373173) AND (k <= 6373273))

for range-notcovered
table 1 : explain SELECT k, c FROM sbtest1 WHERE k BETWEEN 7584845 AND 7584945
	Bitmap Heap Scan on sbtest1  (cost=5.53..429.29 rows=107 width=125)
	  Recheck Cond: ((k >= 7584845) AND (k <= 7584945))
	  ->  Bitmap Index Scan on k_1  (cost=0.00..5.50 rows=107 width=0)
	        Index Cond: ((k >= 7584845) AND (k <= 7584945))

table 2 : explain SELECT k, c FROM sbtest2 WHERE k BETWEEN 7584845 AND 7584945
	Bitmap Heap Scan on sbtest2  (cost=5.53..429.29 rows=107 width=125)
	  Recheck Cond: ((k >= 7584845) AND (k <= 7584945))
	  ->  Bitmap Index Scan on k_2  (cost=0.00..5.50 rows=107 width=0)
	        Index Cond: ((k >= 7584845) AND (k <= 7584945))

table 3 : explain SELECT k, c FROM sbtest3 WHERE k BETWEEN 7584845 AND 7584945
	Bitmap Heap Scan on sbtest3  (cost=5.40..377.99 rows=94 width=125)
	  Recheck Cond: ((k >= 7584845) AND (k <= 7584945))
	  ->  Bitmap Index Scan on k_3  (cost=0.00..5.38 rows=94 width=0)
	        Index Cond: ((k >= 7584845) AND (k <= 7584945))

table 4 : explain SELECT k, c FROM sbtest4 WHERE k BETWEEN 7584845 AND 7584945
	Bitmap Heap Scan on sbtest4  (cost=5.42..385.90 rows=96 width=125)
	  Recheck Cond: ((k >= 7584845) AND (k <= 7584945))
	  ->  Bitmap Index Scan on k_4  (cost=0.00..5.39 rows=96 width=0)
	        Index Cond: ((k >= 7584845) AND (k <= 7584945))

table 5 : explain SELECT k, c FROM sbtest5 WHERE k BETWEEN 7584845 AND 7584945
	Bitmap Heap Scan on sbtest5  (cost=5.47..405.62 rows=101 width=125)
	  Recheck Cond: ((k >= 7584845) AND (k <= 7584945))
	  ->  Bitmap Index Scan on k_5  (cost=0.00..5.44 rows=101 width=0)
	        Index Cond: ((k >= 7584845) AND (k <= 7584945))

table 6 : explain SELECT k, c FROM sbtest6 WHERE k BETWEEN 7584845 AND 7584945
	Bitmap Heap Scan on sbtest6  (cost=5.48..409.56 rows=102 width=125)
	  Recheck Cond: ((k >= 7584845) AND (k <= 7584945))
	  ->  Bitmap Index Scan on k_6  (cost=0.00..5.45 rows=102 width=0)
	        Index Cond: ((k >= 7584845) AND (k <= 7584945))

table 7 : explain SELECT k, c FROM sbtest7 WHERE k BETWEEN 7584845 AND 7584945
	Bitmap Heap Scan on sbtest7  (cost=5.48..409.57 rows=102 width=125)
	  Recheck Cond: ((k >= 7584845) AND (k <= 7584945))
	  ->  Bitmap Index Scan on k_7  (cost=0.00..5.45 rows=102 width=0)
	        Index Cond: ((k >= 7584845) AND (k <= 7584945))

table 8 : explain SELECT k, c FROM sbtest8 WHERE k BETWEEN 7584845 AND 7584945
	Bitmap Heap Scan on sbtest8  (cost=5.56..441.12 rows=110 width=125)
	  Recheck Cond: ((k >= 7584845) AND (k <= 7584945))
	  ->  Bitmap Index Scan on k_8  (cost=0.00..5.53 rows=110 width=0)
	        Index Cond: ((k >= 7584845) AND (k <= 7584945))

for range-notcovered
table 1 : explain SELECT k, c FROM sbtest1 WHERE k BETWEEN 5583038 AND 5583138
	Bitmap Heap Scan on sbtest1  (cost=5.60..456.88 rows=114 width=125)
	  Recheck Cond: ((k >= 5583038) AND (k <= 5583138))
	  ->  Bitmap Index Scan on k_1  (cost=0.00..5.58 rows=114 width=0)
	        Index Cond: ((k >= 5583038) AND (k <= 5583138))

table 2 : explain SELECT k, c FROM sbtest2 WHERE k BETWEEN 5583038 AND 5583138
	Bitmap Heap Scan on sbtest2  (cost=5.47..405.62 rows=101 width=125)
	  Recheck Cond: ((k >= 5583038) AND (k <= 5583138))
	  ->  Bitmap Index Scan on k_2  (cost=0.00..5.44 rows=101 width=0)
	        Index Cond: ((k >= 5583038) AND (k <= 5583138))

table 3 : explain SELECT k, c FROM sbtest3 WHERE k BETWEEN 5583038 AND 5583138
	Bitmap Heap Scan on sbtest3  (cost=5.43..389.83 rows=97 width=125)
	  Recheck Cond: ((k >= 5583038) AND (k <= 5583138))
	  ->  Bitmap Index Scan on k_3  (cost=0.00..5.40 rows=97 width=0)
	        Index Cond: ((k >= 5583038) AND (k <= 5583138))

table 4 : explain SELECT k, c FROM sbtest4 WHERE k BETWEEN 5583038 AND 5583138
	Bitmap Heap Scan on sbtest4  (cost=5.51..421.41 rows=105 width=125)
	  Recheck Cond: ((k >= 5583038) AND (k <= 5583138))
	  ->  Bitmap Index Scan on k_4  (cost=0.00..5.48 rows=105 width=0)
	        Index Cond: ((k >= 5583038) AND (k <= 5583138))

table 5 : explain SELECT k, c FROM sbtest5 WHERE k BETWEEN 5583038 AND 5583138
	Bitmap Heap Scan on sbtest5  (cost=5.43..389.84 rows=97 width=125)
	  Recheck Cond: ((k >= 5583038) AND (k <= 5583138))
	  ->  Bitmap Index Scan on k_5  (cost=0.00..5.40 rows=97 width=0)
	        Index Cond: ((k >= 5583038) AND (k <= 5583138))

table 6 : explain SELECT k, c FROM sbtest6 WHERE k BETWEEN 5583038 AND 5583138
	Bitmap Heap Scan on sbtest6  (cost=5.52..425.34 rows=106 width=125)
	  Recheck Cond: ((k >= 5583038) AND (k <= 5583138))
	  ->  Bitmap Index Scan on k_6  (cost=0.00..5.50 rows=106 width=0)
	        Index Cond: ((k >= 5583038) AND (k <= 5583138))

table 7 : explain SELECT k, c FROM sbtest7 WHERE k BETWEEN 5583038 AND 5583138
	Bitmap Heap Scan on sbtest7  (cost=5.44..393.79 rows=98 width=125)
	  Recheck Cond: ((k >= 5583038) AND (k <= 5583138))
	  ->  Bitmap Index Scan on k_7  (cost=0.00..5.42 rows=98 width=0)
	        Index Cond: ((k >= 5583038) AND (k <= 5583138))

table 8 : explain SELECT k, c FROM sbtest8 WHERE k BETWEEN 5583038 AND 5583138
	Bitmap Heap Scan on sbtest8  (cost=5.56..441.12 rows=110 width=125)
	  Recheck Cond: ((k >= 5583038) AND (k <= 5583138))
	  ->  Bitmap Index Scan on k_8  (cost=0.00..5.53 rows=110 width=0)
	        Index Cond: ((k >= 5583038) AND (k <= 5583138))

for range-notcovered
table 1 : explain SELECT k, c FROM sbtest1 WHERE k BETWEEN 2181250 AND 2181350
	Bitmap Heap Scan on sbtest1  (cost=5.48..409.57 rows=102 width=125)
	  Recheck Cond: ((k >= 2181250) AND (k <= 2181350))
	  ->  Bitmap Index Scan on k_1  (cost=0.00..5.45 rows=102 width=0)
	        Index Cond: ((k >= 2181250) AND (k <= 2181350))

table 2 : explain SELECT k, c FROM sbtest2 WHERE k BETWEEN 2181250 AND 2181350
	Bitmap Heap Scan on sbtest2  (cost=5.45..397.73 rows=99 width=125)
	  Recheck Cond: ((k >= 2181250) AND (k <= 2181350))
	  ->  Bitmap Index Scan on k_2  (cost=0.00..5.42 rows=99 width=0)
	        Index Cond: ((k >= 2181250) AND (k <= 2181350))

table 3 : explain SELECT k, c FROM sbtest3 WHERE k BETWEEN 2181250 AND 2181350
	Bitmap Heap Scan on sbtest3  (cost=5.52..425.34 rows=106 width=125)
	  Recheck Cond: ((k >= 2181250) AND (k <= 2181350))
	  ->  Bitmap Index Scan on k_3  (cost=0.00..5.50 rows=106 width=0)
	        Index Cond: ((k >= 2181250) AND (k <= 2181350))

table 4 : explain SELECT k, c FROM sbtest4 WHERE k BETWEEN 2181250 AND 2181350
	Bitmap Heap Scan on sbtest4  (cost=5.43..389.85 rows=97 width=125)
	  Recheck Cond: ((k >= 2181250) AND (k <= 2181350))
	  ->  Bitmap Index Scan on k_4  (cost=0.00..5.40 rows=97 width=0)
	        Index Cond: ((k >= 2181250) AND (k <= 2181350))

table 5 : explain SELECT k, c FROM sbtest5 WHERE k BETWEEN 2181250 AND 2181350
	Bitmap Heap Scan on sbtest5  (cost=5.55..437.18 rows=109 width=125)
	  Recheck Cond: ((k >= 2181250) AND (k <= 2181350))
	  ->  Bitmap Index Scan on k_5  (cost=0.00..5.52 rows=109 width=0)
	        Index Cond: ((k >= 2181250) AND (k <= 2181350))

table 6 : explain SELECT k, c FROM sbtest6 WHERE k BETWEEN 2181250 AND 2181350
	Bitmap Heap Scan on sbtest6  (cost=5.56..441.11 rows=110 width=125)
	  Recheck Cond: ((k >= 2181250) AND (k <= 2181350))
	  ->  Bitmap Index Scan on k_6  (cost=0.00..5.53 rows=110 width=0)
	        Index Cond: ((k >= 2181250) AND (k <= 2181350))

table 7 : explain SELECT k, c FROM sbtest7 WHERE k BETWEEN 2181250 AND 2181350
	Bitmap Heap Scan on sbtest7  (cost=5.52..425.35 rows=106 width=125)
	  Recheck Cond: ((k >= 2181250) AND (k <= 2181350))
	  ->  Bitmap Index Scan on k_7  (cost=0.00..5.50 rows=106 width=0)
	        Index Cond: ((k >= 2181250) AND (k <= 2181350))

table 8 : explain SELECT k, c FROM sbtest8 WHERE k BETWEEN 2181250 AND 2181350
	Bitmap Heap Scan on sbtest8  (cost=5.43..389.84 rows=97 width=125)
	  Recheck Cond: ((k >= 2181250) AND (k <= 2181350))
	  ->  Bitmap Index Scan on k_8  (cost=0.00..5.40 rows=97 width=0)
	        Index Cond: ((k >= 2181250) AND (k <= 2181350))

explain: for range-notcovered :: explain SELECT k, c FROM sbtest%d WHERE k BETWEEN 5793286 AND 5793386for range-notcovered
table 1 : explain SELECT k, c FROM sbtest1 WHERE k BETWEEN 6537529 AND 6537629
	Bitmap Heap Scan on sbtest1  (cost=5.47..405.62 rows=101 width=125)
	  Recheck Cond: ((k >= 6537529) AND (k <= 6537629))
	  ->  Bitmap Index Scan on k_1  (cost=0.00..5.44 rows=101 width=0)
	        Index Cond: ((k >= 6537529) AND (k <= 6537629))

table 2 : explain SELECT k, c FROM sbtest2 WHERE k BETWEEN 6537529 AND 6537629
	Bitmap Heap Scan on sbtest2  (cost=5.52..425.35 rows=106 width=125)
	  Recheck Cond: ((k >= 6537529) AND (k <= 6537629))
	  ->  Bitmap Index Scan on k_2  (cost=0.00..5.50 rows=106 width=0)
	        Index Cond: ((k >= 6537529) AND (k <= 6537629))

table 3 : explain SELECT k, c FROM sbtest3 WHERE k BETWEEN 6537529 AND 6537629
	Bitmap Heap Scan on sbtest3  (cost=5.37..366.14 rows=91 width=125)
	  Recheck Cond: ((k >= 6537529) AND (k <= 6537629))
	  ->  Bitmap Index Scan on k_3  (cost=0.00..5.34 rows=91 width=0)
	        Index Cond: ((k >= 6537529) AND (k <= 6537629))

table 4 : explain SELECT k, c FROM sbtest4 WHERE k BETWEEN 6537529 AND 6537629
	Bitmap Heap Scan on sbtest4  (cost=5.58..449.01 rows=112 width=125)
	  Recheck Cond: ((k >= 6537529) AND (k <= 6537629))
	  ->  Bitmap Index Scan on k_4  (cost=0.00..5.55 rows=112 width=0)
	        Index Cond: ((k >= 6537529) AND (k <= 6537629))

table 5 : explain SELECT k, c FROM sbtest5 WHERE k BETWEEN 6537529 AND 6537629
	Bitmap Heap Scan on sbtest5  (cost=5.48..409.57 rows=102 width=125)
	  Recheck Cond: ((k >= 6537529) AND (k <= 6537629))
	  ->  Bitmap Index Scan on k_5  (cost=0.00..5.45 rows=102 width=0)
	        Index Cond: ((k >= 6537529) AND (k <= 6537629))

table 6 : explain SELECT k, c FROM sbtest6 WHERE k BETWEEN 6537529 AND 6537629
	Bitmap Heap Scan on sbtest6  (cost=5.44..393.78 rows=98 width=125)
	  Recheck Cond: ((k >= 6537529) AND (k <= 6537629))
	  ->  Bitmap Index Scan on k_6  (cost=0.00..5.42 rows=98 width=0)
	        Index Cond: ((k >= 6537529) AND (k <= 6537629))

table 7 : explain SELECT k, c FROM sbtest7 WHERE k BETWEEN 6537529 AND 6537629
	Bitmap Heap Scan on sbtest7  (cost=5.45..397.73 rows=99 width=125)
	  Recheck Cond: ((k >= 6537529) AND (k <= 6537629))
	  ->  Bitmap Index Scan on k_7  (cost=0.00..5.42 rows=99 width=0)
	        Index Cond: ((k >= 6537529) AND (k <= 6537629))

table 8 : explain SELECT k, c FROM sbtest8 WHERE k BETWEEN 6537529 AND 6537629
	Bitmap Heap Scan on sbtest8  (cost=5.48..409.57 rows=102 width=125)
	  Recheck Cond: ((k >= 6537529) AND (k <= 6537629))
	  ->  Bitmap Index Scan on k_8  (cost=0.00..5.45 rows=102 width=0)
	        Index Cond: ((k >= 6537529) AND (k <= 6537629))


explain: for range-notcovered :: explain SELECT k, c FROM sbtest%d WHERE k BETWEEN 6373173 AND 6373273
explain: for range-notcovered :: explain SELECT k, c FROM sbtest%d WHERE k BETWEEN 7584845 AND 7584945
explain: for range-notcovered :: explain SELECT k, c FROM sbtest%d WHERE k BETWEEN 5583038 AND 5583138
for range-notcovered
table 1 : explain SELECT k, c FROM sbtest1 WHERE k BETWEEN 5049096 AND 5049196
	Bitmap Heap Scan on sbtest1  (cost=5.46..401.68 rows=100 width=125)
	  Recheck Cond: ((k >= 5049096) AND (k <= 5049196))
	  ->  Bitmap Index Scan on k_1  (cost=0.00..5.43 rows=100 width=0)
	        Index Cond: ((k >= 5049096) AND (k <= 5049196))

table 2 : explain SELECT k, c FROM sbtest2 WHERE k BETWEEN 5049096 AND 5049196
	Bitmap Heap Scan on sbtest2  (cost=5.47..405.62 rows=101 width=125)
	  Recheck Cond: ((k >= 5049096) AND (k <= 5049196))
	  ->  Bitmap Index Scan on k_2  (cost=0.00..5.44 rows=101 width=0)
	        Index Cond: ((k >= 5049096) AND (k <= 5049196))

table 3 : explain SELECT k, c FROM sbtest3 WHERE k BETWEEN 5049096 AND 5049196
	Bitmap Heap Scan on sbtest3  (cost=5.48..409.56 rows=102 width=125)
	  Recheck Cond: ((k >= 5049096) AND (k <= 5049196))
	  ->  Bitmap Index Scan on k_3  (cost=0.00..5.45 rows=102 width=0)
	        Index Cond: ((k >= 5049096) AND (k <= 5049196))

table 4 : explain SELECT k, c FROM sbtest4 WHERE k BETWEEN 5049096 AND 5049196
	Bitmap Heap Scan on sbtest4  (cost=5.49..413.52 rows=103 width=125)
	  Recheck Cond: ((k >= 5049096) AND (k <= 5049196))
	  ->  Bitmap Index Scan on k_4  (cost=0.00..5.46 rows=103 width=0)
	        Index Cond: ((k >= 5049096) AND (k <= 5049196))

table 5 : explain SELECT k, c FROM sbtest5 WHERE k BETWEEN 5049096 AND 5049196
	Bitmap Heap Scan on sbtest5  (cost=5.63..468.71 rows=117 width=125)
	  Recheck Cond: ((k >= 5049096) AND (k <= 5049196))
	  ->  Bitmap Index Scan on k_5  (cost=0.00..5.60 rows=117 width=0)
	        Index Cond: ((k >= 5049096) AND (k <= 5049196))

table 6 : explain SELECT k, c FROM sbtest6 WHERE k BETWEEN 5049096 AND 5049196
	Bitmap Heap Scan on sbtest6  (cost=5.44..393.78 rows=98 width=125)
	  Recheck Cond: ((k >= 5049096) AND (k <= 5049196))
	  ->  Bitmap Index Scan on k_6  (cost=0.00..5.42 rows=98 width=0)
	        Index Cond: ((k >= 5049096) AND (k <= 5049196))

table 7 : explain SELECT k, c FROM sbtest7 WHERE k BETWEEN 5049096 AND 5049196
	Bitmap Heap Scan on sbtest7  (cost=5.41..381.94 rows=95 width=125)
	  Recheck Cond: ((k >= 5049096) AND (k <= 5049196))
	  ->  Bitmap Index Scan on k_7  (cost=0.00..5.38 rows=95 width=0)
	        Index Cond: ((k >= 5049096) AND (k <= 5049196))

table 8 : explain SELECT k, c FROM sbtest8 WHERE k BETWEEN 5049096 AND 5049196
	Bitmap Heap Scan on sbtest8  (cost=5.57..445.06 rows=111 width=125)
	  Recheck Cond: ((k >= 5049096) AND (k <= 5049196))
	  ->  Bitmap Index Scan on k_8  (cost=0.00..5.54 rows=111 width=0)
	        Index Cond: ((k >= 5049096) AND (k <= 5049196))

explain: for range-notcovered :: explain SELECT k, c FROM sbtest%d WHERE k BETWEEN 2181250 AND 2181350
explain: for range-notcovered :: explain SELECT k, c FROM sbtest%d WHERE k BETWEEN 6537529 AND 6537629
for range-notcovered
table 1 : explain SELECT k, c FROM sbtest1 WHERE k BETWEEN 4678428 AND 4678528
	Bitmap Heap Scan on sbtest1  (cost=5.45..397.73 rows=99 width=125)
	  Recheck Cond: ((k >= 4678428) AND (k <= 4678528))
	  ->  Bitmap Index Scan on k_1  (cost=0.00..5.42 rows=99 width=0)
	        Index Cond: ((k >= 4678428) AND (k <= 4678528))

table 2 : explain SELECT k, c FROM sbtest2 WHERE k BETWEEN 4678428 AND 4678528
	Bitmap Heap Scan on sbtest2  (cost=5.57..445.06 rows=111 width=125)
	  Recheck Cond: ((k >= 4678428) AND (k <= 4678528))
	  ->  Bitmap Index Scan on k_2  (cost=0.00..5.54 rows=111 width=0)
	        Index Cond: ((k >= 4678428) AND (k <= 4678528))

table 3 : explain SELECT k, c FROM sbtest3 WHERE k BETWEEN 4678428 AND 4678528
	Bitmap Heap Scan on sbtest3  (cost=5.50..417.45 rows=104 width=125)
	  Recheck Cond: ((k >= 4678428) AND (k <= 4678528))
	  ->  Bitmap Index Scan on k_3  (cost=0.00..5.47 rows=104 width=0)
	        Index Cond: ((k >= 4678428) AND (k <= 4678528))

table 4 : explain SELECT k, c FROM sbtest4 WHERE k BETWEEN 4678428 AND 4678528
	Bitmap Heap Scan on sbtest4  (cost=5.51..421.41 rows=105 width=125)
	  Recheck Cond: ((k >= 4678428) AND (k <= 4678528))
	  ->  Bitmap Index Scan on k_4  (cost=0.00..5.48 rows=105 width=0)
	        Index Cond: ((k >= 4678428) AND (k <= 4678528))

table 5 : explain SELECT k, c FROM sbtest5 WHERE k BETWEEN 4678428 AND 4678528
	Bitmap Heap Scan on sbtest5  (cost=5.44..393.79 rows=98 width=125)
	  Recheck Cond: ((k >= 4678428) AND (k <= 4678528))
	  ->  Bitmap Index Scan on k_5  (cost=0.00..5.42 rows=98 width=0)
	        Index Cond: ((k >= 4678428) AND (k <= 4678528))

table 6 : explain SELECT k, c FROM sbtest6 WHERE k BETWEEN 4678428 AND 4678528
	Bitmap Heap Scan on sbtest6  (cost=5.45..397.72 rows=99 width=125)
	  Recheck Cond: ((k >= 4678428) AND (k <= 4678528))
	  ->  Bitmap Index Scan on k_6  (cost=0.00..5.42 rows=99 width=0)
	        Index Cond: ((k >= 4678428) AND (k <= 4678528))

table 7 : explain SELECT k, c FROM sbtest7 WHERE k BETWEEN 4678428 AND 4678528
	Bitmap Heap Scan on sbtest7  (cost=5.54..433.24 rows=108 width=125)
	  Recheck Cond: ((k >= 4678428) AND (k <= 4678528))
	  ->  Bitmap Index Scan on k_7  (cost=0.00..5.51 rows=108 width=0)
	        Index Cond: ((k >= 4678428) AND (k <= 4678528))

table 8 : explain SELECT k, c FROM sbtest8 WHERE k BETWEEN 4678428 AND 4678528
	Bitmap Heap Scan on sbtest8  (cost=5.49..413.52 rows=103 width=125)
	  Recheck Cond: ((k >= 4678428) AND (k <= 4678528))
	  ->  Bitmap Index Scan on k_8  (cost=0.00..5.46 rows=103 width=0)
	        Index Cond: ((k >= 4678428) AND (k <= 4678528))

explain: for range-notcovered :: explain SELECT k, c FROM sbtest%d WHERE k BETWEEN 5049096 AND 5049196
for range-notcovered
table 1 : explain SELECT k, c FROM sbtest1 WHERE k BETWEEN 9404245 AND 9404345
	Bitmap Heap Scan on sbtest1  (cost=5.51..421.40 rows=105 width=125)
	  Recheck Cond: ((k >= 9404245) AND (k <= 9404345))
	  ->  Bitmap Index Scan on k_1  (cost=0.00..5.48 rows=105 width=0)
	        Index Cond: ((k >= 9404245) AND (k <= 9404345))

table 2 : explain SELECT k, c FROM sbtest2 WHERE k BETWEEN 9404245 AND 9404345
	Bitmap Heap Scan on sbtest2  (cost=5.47..405.62 rows=101 width=125)
	  Recheck Cond: ((k >= 9404245) AND (k <= 9404345))
	  ->  Bitmap Index Scan on k_2  (cost=0.00..5.44 rows=101 width=0)
	        Index Cond: ((k >= 9404245) AND (k <= 9404345))

table 3 : explain SELECT k, c FROM sbtest3 WHERE k BETWEEN 9404245 AND 9404345
	Bitmap Heap Scan on sbtest3  (cost=5.48..409.56 rows=102 width=125)
	  Recheck Cond: ((k >= 9404245) AND (k <= 9404345))
	  ->  Bitmap Index Scan on k_3  (cost=0.00..5.45 rows=102 width=0)
	        Index Cond: ((k >= 9404245) AND (k <= 9404345))

table 4 : explain SELECT k, c FROM sbtest4 WHERE k BETWEEN 9404245 AND 9404345
	Bitmap Heap Scan on sbtest4  (cost=5.45..397.74 rows=99 width=125)
	  Recheck Cond: ((k >= 9404245) AND (k <= 9404345))
	  ->  Bitmap Index Scan on k_4  (cost=0.00..5.42 rows=99 width=0)
	        Index Cond: ((k >= 9404245) AND (k <= 9404345))

table 5 : explain SELECT k, c FROM sbtest5 WHERE k BETWEEN 9404245 AND 9404345
	Bitmap Heap Scan on sbtest5  (cost=5.61..460.83 rows=115 width=125)
	  Recheck Cond: ((k >= 9404245) AND (k <= 9404345))
	  ->  Bitmap Index Scan on k_5  (cost=0.00..5.58 rows=115 width=0)
	        Index Cond: ((k >= 9404245) AND (k <= 9404345))

table 6 : explain SELECT k, c FROM sbtest6 WHERE k BETWEEN 9404245 AND 9404345
	Bitmap Heap Scan on sbtest6  (cost=5.42..385.88 rows=96 width=125)
	  Recheck Cond: ((k >= 9404245) AND (k <= 9404345))
	  ->  Bitmap Index Scan on k_6  (cost=0.00..5.39 rows=96 width=0)
	        Index Cond: ((k >= 9404245) AND (k <= 9404345))

table 7 : explain SELECT k, c FROM sbtest7 WHERE k BETWEEN 9404245 AND 9404345
	Bitmap Heap Scan on sbtest7  (cost=5.45..397.73 rows=99 width=125)
	  Recheck Cond: ((k >= 9404245) AND (k <= 9404345))
	  ->  Bitmap Index Scan on k_7  (cost=0.00..5.42 rows=99 width=0)
	        Index Cond: ((k >= 9404245) AND (k <= 9404345))

table 8 : explain SELECT k, c FROM sbtest8 WHERE k BETWEEN 9404245 AND 9404345
	Bitmap Heap Scan on sbtest8  (cost=5.45..397.73 rows=99 width=125)
	  Recheck Cond: ((k >= 9404245) AND (k <= 9404345))
	  ->  Bitmap Index Scan on k_8  (cost=0.00..5.42 rows=99 width=0)
	        Index Cond: ((k >= 9404245) AND (k <= 9404345))

for range-notcovered
table 1 : explain SELECT k, c FROM sbtest1 WHERE k BETWEEN 5389644 AND 5389744
	Bitmap Heap Scan on sbtest1  (cost=5.51..421.40 rows=105 width=125)
	  Recheck Cond: ((k >= 5389644) AND (k <= 5389744))
	  ->  Bitmap Index Scan on k_1  (cost=0.00..5.48 rows=105 width=0)
	        Index Cond: ((k >= 5389644) AND (k <= 5389744))

table 2 : explain SELECT k, c FROM sbtest2 WHERE k BETWEEN 5389644 AND 5389744
	Bitmap Heap Scan on sbtest2  (cost=5.49..413.51 rows=103 width=125)
	  Recheck Cond: ((k >= 5389644) AND (k <= 5389744))
	  ->  Bitmap Index Scan on k_2  (cost=0.00..5.46 rows=103 width=0)
	        Index Cond: ((k >= 5389644) AND (k <= 5389744))

table 3 : explain SELECT k, c FROM sbtest3 WHERE k BETWEEN 5389644 AND 5389744
	Bitmap Heap Scan on sbtest3  (cost=5.45..397.72 rows=99 width=125)
	  Recheck Cond: ((k >= 5389644) AND (k <= 5389744))
	  ->  Bitmap Index Scan on k_3  (cost=0.00..5.42 rows=99 width=0)
	        Index Cond: ((k >= 5389644) AND (k <= 5389744))

table 4 : explain SELECT k, c FROM sbtest4 WHERE k BETWEEN 5389644 AND 5389744
	Bitmap Heap Scan on sbtest4  (cost=5.56..441.13 rows=110 width=125)
	  Recheck Cond: ((k >= 5389644) AND (k <= 5389744))
	  ->  Bitmap Index Scan on k_4  (cost=0.00..5.53 rows=110 width=0)
	        Index Cond: ((k >= 5389644) AND (k <= 5389744))

table 5 : explain SELECT k, c FROM sbtest5 WHERE k BETWEEN 5389644 AND 5389744
	Bitmap Heap Scan on sbtest5  (cost=5.58..449.00 rows=112 width=125)
	  Recheck Cond: ((k >= 5389644) AND (k <= 5389744))
	  ->  Bitmap Index Scan on k_5  (cost=0.00..5.55 rows=112 width=0)
	        Index Cond: ((k >= 5389644) AND (k <= 5389744))

table 6 : explain SELECT k, c FROM sbtest6 WHERE k BETWEEN 5389644 AND 5389744
	Bitmap Heap Scan on sbtest6  (cost=5.43..389.83 rows=97 width=125)
	  Recheck Cond: ((k >= 5389644) AND (k <= 5389744))
	  ->  Bitmap Index Scan on k_6  (cost=0.00..5.40 rows=97 width=0)
	        Index Cond: ((k >= 5389644) AND (k <= 5389744))

table 7 : explain SELECT k, c FROM sbtest7 WHERE k BETWEEN 5389644 AND 5389744
	Bitmap Heap Scan on sbtest7  (cost=5.54..433.24 rows=108 width=125)
	  Recheck Cond: ((k >= 5389644) AND (k <= 5389744))
	  ->  Bitmap Index Scan on k_7  (cost=0.00..5.51 rows=108 width=0)
	        Index Cond: ((k >= 5389644) AND (k <= 5389744))

table 8 : explain SELECT k, c FROM sbtest8 WHERE k BETWEEN 5389644 AND 5389744
	Bitmap Heap Scan on sbtest8  (cost=5.39..374.05 rows=93 width=125)
	  Recheck Cond: ((k >= 5389644) AND (k <= 5389744))
	  ->  Bitmap Index Scan on k_8  (cost=0.00..5.36 rows=93 width=0)
	        Index Cond: ((k >= 5389644) AND (k <= 5389744))

explain: for range-notcovered :: explain SELECT k, c FROM sbtest%d WHERE k BETWEEN 4678428 AND 4678528
for range-notcovered
table 1 : explain SELECT k, c FROM sbtest1 WHERE k BETWEEN 4845292 AND 4845392
	Bitmap Heap Scan on sbtest1  (cost=5.54..433.23 rows=108 width=125)
	  Recheck Cond: ((k >= 4845292) AND (k <= 4845392))
	  ->  Bitmap Index Scan on k_1  (cost=0.00..5.51 rows=108 width=0)
	        Index Cond: ((k >= 4845292) AND (k <= 4845392))

table 2 : explain SELECT k, c FROM sbtest2 WHERE k BETWEEN 4845292 AND 4845392
	Bitmap Heap Scan on sbtest2  (cost=5.48..409.57 rows=102 width=125)
	  Recheck Cond: ((k >= 4845292) AND (k <= 4845392))
	  ->  Bitmap Index Scan on k_2  (cost=0.00..5.45 rows=102 width=0)
	        Index Cond: ((k >= 4845292) AND (k <= 4845392))

table 3 : explain SELECT k, c FROM sbtest3 WHERE k BETWEEN 4845292 AND 4845392
	Bitmap Heap Scan on sbtest3  (cost=5.48..409.56 rows=102 width=125)
	  Recheck Cond: ((k >= 4845292) AND (k <= 4845392))
	  ->  Bitmap Index Scan on k_3  (cost=0.00..5.45 rows=102 width=0)
	        Index Cond: ((k >= 4845292) AND (k <= 4845392))

table 4 : explain SELECT k, c FROM sbtest4 WHERE k BETWEEN 4845292 AND 4845392
	Bitmap Heap Scan on sbtest4  (cost=5.48..409.58 rows=102 width=125)
	  Recheck Cond: ((k >= 4845292) AND (k <= 4845392))
	  ->  Bitmap Index Scan on k_4  (cost=0.00..5.45 rows=102 width=0)
	        Index Cond: ((k >= 4845292) AND (k <= 4845392))

table 5 : explain SELECT k, c FROM sbtest5 WHERE k BETWEEN 4845292 AND 4845392
	Bitmap Heap Scan on sbtest5  (cost=5.43..389.84 rows=97 width=125)
	  Recheck Cond: ((k >= 4845292) AND (k <= 4845392))
	  ->  Bitmap Index Scan on k_5  (cost=0.00..5.40 rows=97 width=0)
	        Index Cond: ((k >= 4845292) AND (k <= 4845392))

table 6 : explain SELECT k, c FROM sbtest6 WHERE k BETWEEN 4845292 AND 4845392
	Bitmap Heap Scan on sbtest6  (cost=5.51..421.39 rows=105 width=125)
	  Recheck Cond: ((k >= 4845292) AND (k <= 4845392))
	  ->  Bitmap Index Scan on k_6  (cost=0.00..5.48 rows=105 width=0)
	        Index Cond: ((k >= 4845292) AND (k <= 4845392))

table 7 : explain SELECT k, c FROM sbtest7 WHERE k BETWEEN 4845292 AND 4845392
	Bitmap Heap Scan on sbtest7  (cost=5.53..429.29 rows=107 width=125)
	  Recheck Cond: ((k >= 4845292) AND (k <= 4845392))
	  ->  Bitmap Index Scan on k_7  (cost=0.00..5.50 rows=107 width=0)
	        Index Cond: ((k >= 4845292) AND (k <= 4845392))

table 8 : explain SELECT k, c FROM sbtest8 WHERE k BETWEEN 4845292 AND 4845392
	Bitmap Heap Scan on sbtest8  (cost=5.56..441.12 rows=110 width=125)
	  Recheck Cond: ((k >= 4845292) AND (k <= 4845392))
	  ->  Bitmap Index Scan on k_8  (cost=0.00..5.53 rows=110 width=0)
	        Index Cond: ((k >= 4845292) AND (k <= 4845392))

for range-notcovered
table 1 : explain SELECT k, c FROM sbtest1 WHERE k BETWEEN 5181953 AND 5182053
	Bitmap Heap Scan on sbtest1  (cost=5.44..393.78 rows=98 width=125)
	  Recheck Cond: ((k >= 5181953) AND (k <= 5182053))
	  ->  Bitmap Index Scan on k_1  (cost=0.00..5.42 rows=98 width=0)
	        Index Cond: ((k >= 5181953) AND (k <= 5182053))

table 2 : explain SELECT k, c FROM sbtest2 WHERE k BETWEEN 5181953 AND 5182053
	Bitmap Heap Scan on sbtest2  (cost=5.46..401.68 rows=100 width=125)
	  Recheck Cond: ((k >= 5181953) AND (k <= 5182053))
	  ->  Bitmap Index Scan on k_2  (cost=0.00..5.43 rows=100 width=0)
	        Index Cond: ((k >= 5181953) AND (k <= 5182053))

table 3 : explain SELECT k, c FROM sbtest3 WHERE k BETWEEN 5181953 AND 5182053
	Bitmap Heap Scan on sbtest3  (cost=5.54..433.22 rows=108 width=125)
	  Recheck Cond: ((k >= 5181953) AND (k <= 5182053))
	  ->  Bitmap Index Scan on k_3  (cost=0.00..5.51 rows=108 width=0)
	        Index Cond: ((k >= 5181953) AND (k <= 5182053))

table 4 : explain SELECT k, c FROM sbtest4 WHERE k BETWEEN 5181953 AND 5182053
	Bitmap Heap Scan on sbtest4  (cost=5.54..433.24 rows=108 width=125)
	  Recheck Cond: ((k >= 5181953) AND (k <= 5182053))
	  ->  Bitmap Index Scan on k_4  (cost=0.00..5.51 rows=108 width=0)
	        Index Cond: ((k >= 5181953) AND (k <= 5182053))

table 5 : explain SELECT k, c FROM sbtest5 WHERE k BETWEEN 5181953 AND 5182053
	Bitmap Heap Scan on sbtest5  (cost=5.47..405.62 rows=101 width=125)
	  Recheck Cond: ((k >= 5181953) AND (k <= 5182053))
	  ->  Bitmap Index Scan on k_5  (cost=0.00..5.44 rows=101 width=0)
	        Index Cond: ((k >= 5181953) AND (k <= 5182053))

table 6 : explain SELECT k, c FROM sbtest6 WHERE k BETWEEN 5181953 AND 5182053
	Bitmap Heap Scan on sbtest6  (cost=5.52..425.34 rows=106 width=125)
	  Recheck Cond: ((k >= 5181953) AND (k <= 5182053))
	  ->  Bitmap Index Scan on k_6  (cost=0.00..5.50 rows=106 width=0)
	        Index Cond: ((k >= 5181953) AND (k <= 5182053))

table 7 : explain SELECT k, c FROM sbtest7 WHERE k BETWEEN 5181953 AND 5182053
	Bitmap Heap Scan on sbtest7  (cost=5.49..413.52 rows=103 width=125)
	  Recheck Cond: ((k >= 5181953) AND (k <= 5182053))
	  ->  Bitmap Index Scan on k_7  (cost=0.00..5.46 rows=103 width=0)
	        Index Cond: ((k >= 5181953) AND (k <= 5182053))

table 8 : explain SELECT k, c FROM sbtest8 WHERE k BETWEEN 5181953 AND 5182053
	Bitmap Heap Scan on sbtest8  (cost=5.36..362.20 rows=90 width=125)
	  Recheck Cond: ((k >= 5181953) AND (k <= 5182053))
	  ->  Bitmap Index Scan on k_8  (cost=0.00..5.33 rows=90 width=0)
	        Index Cond: ((k >= 5181953) AND (k <= 5182053))
explain: for range-notcovered :: explain SELECT k, c FROM sbtest%d WHERE k BETWEEN 9404245 AND 9404345for range-notcovered
table 1 : explain SELECT k, c FROM sbtest1 WHERE k BETWEEN 7583462 AND 7583562
	Bitmap Heap Scan on sbtest1  (cost=5.53..429.29 rows=107 width=125)
	  Recheck Cond: ((k >= 7583462) AND (k <= 7583562))
	  ->  Bitmap Index Scan on k_1  (cost=0.00..5.50 rows=107 width=0)
	        Index Cond: ((k >= 7583462) AND (k <= 7583562))

table 2 : explain SELECT k, c FROM sbtest2 WHERE k BETWEEN 7583462 AND 7583562
	Bitmap Heap Scan on sbtest2  (cost=5.53..429.29 rows=107 width=125)
	  Recheck Cond: ((k >= 7583462) AND (k <= 7583562))
	  ->  Bitmap Index Scan on k_2  (cost=0.00..5.50 rows=107 width=0)
	        Index Cond: ((k >= 7583462) AND (k <= 7583562))

table 3 : explain SELECT k, c FROM sbtest3 WHERE k BETWEEN 7583462 AND 7583562
	Bitmap Heap Scan on sbtest3  (cost=5.40..377.99 rows=94 width=125)
	  Recheck Cond: ((k >= 7583462) AND (k <= 7583562))
	  ->  Bitmap Index Scan on k_3  (cost=0.00..5.38 rows=94 width=0)
	        Index Cond: ((k >= 7583462) AND (k <= 7583562))

table 4 : explain SELECT k, c FROM sbtest4 WHERE k BETWEEN 7583462 AND 7583562
	Bitmap Heap Scan on sbtest4  (cost=5.42..385.90 rows=96 width=125)
	  Recheck Cond: ((k >= 7583462) AND (k <= 7583562))
	  ->  Bitmap Index Scan on k_4  (cost=0.00..5.39 rows=96 width=0)
	        Index Cond: ((k >= 7583462) AND (k <= 7583562))

table 5 : explain SELECT k, c FROM sbtest5 WHERE k BETWEEN 7583462 AND 7583562
	Bitmap Heap Scan on sbtest5  (cost=5.47..405.62 rows=101 width=125)
	  Recheck Cond: ((k >= 7583462) AND (k <= 7583562))
	  ->  Bitmap Index Scan on k_5  (cost=0.00..5.44 rows=101 width=0)
	        Index Cond: ((k >= 7583462) AND (k <= 7583562))

table 6 : explain SELECT k, c FROM sbtest6 WHERE k BETWEEN 7583462 AND 7583562
	Bitmap Heap Scan on sbtest6  (cost=5.48..409.56 rows=102 width=125)
	  Recheck Cond: ((k >= 7583462) AND (k <= 7583562))
	  ->  Bitmap Index Scan on k_6  (cost=0.00..5.45 rows=102 width=0)
	        Index Cond: ((k >= 7583462) AND (k <= 7583562))

table 7 : explain SELECT k, c FROM sbtest7 WHERE k BETWEEN 7583462 AND 7583562
	Bitmap Heap Scan on sbtest7  (cost=5.46..401.68 rows=100 width=125)
	  Recheck Cond: ((k >= 7583462) AND (k <= 7583562))
	  ->  Bitmap Index Scan on k_7  (cost=0.00..5.43 rows=100 width=0)
	        Index Cond: ((k >= 7583462) AND (k <= 7583562))

table 8 : explain SELECT k, c FROM sbtest8 WHERE k BETWEEN 7583462 AND 7583562
	Bitmap Heap Scan on sbtest8  (cost=5.56..441.12 rows=110 width=125)
	  Recheck Cond: ((k >= 7583462) AND (k <= 7583562))
	  ->  Bitmap Index Scan on k_8  (cost=0.00..5.53 rows=110 width=0)
	        Index Cond: ((k >= 7583462) AND (k <= 7583562))
for range-notcovered
table 1 : explain SELECT k, c FROM sbtest1 WHERE k BETWEEN 4426134 AND 4426234
	Bitmap Heap Scan on sbtest1  (cost=5.45..397.73 rows=99 width=125)
	  Recheck Cond: ((k >= 4426134) AND (k <= 4426234))
	  ->  Bitmap Index Scan on k_1  (cost=0.00..5.42 rows=99 width=0)
	        Index Cond: ((k >= 4426134) AND (k <= 4426234))

table 2 : explain SELECT k, c FROM sbtest2 WHERE k BETWEEN 4426134 AND 4426234
	Bitmap Heap Scan on sbtest2  (cost=5.50..417.46 rows=104 width=125)
	  Recheck Cond: ((k >= 4426134) AND (k <= 4426234))
	  ->  Bitmap Index Scan on k_2  (cost=0.00..5.47 rows=104 width=0)
	        Index Cond: ((k >= 4426134) AND (k <= 4426234))

table 3 : explain SELECT k, c FROM sbtest3 WHERE k BETWEEN 4426134 AND 4426234
	Bitmap Heap Scan on sbtest3  (cost=5.41..381.94 rows=95 width=125)
	  Recheck Cond: ((k >= 4426134) AND (k <= 4426234))
	  ->  Bitmap Index Scan on k_3  (cost=0.00..5.38 rows=95 width=0)
	        Index Cond: ((k >= 4426134) AND (k <= 4426234))

table 4 : explain SELECT k, c FROM sbtest4 WHERE k BETWEEN 4426134 AND 4426234
	Bitmap Heap Scan on sbtest4  (cost=5.48..409.58 rows=102 width=125)
	  Recheck Cond: ((k >= 4426134) AND (k <= 4426234))
	  ->  Bitmap Index Scan on k_4  (cost=0.00..5.45 rows=102 width=0)
	        Index Cond: ((k >= 4426134) AND (k <= 4426234))

table 5 : explain SELECT k, c FROM sbtest5 WHERE k BETWEEN 4426134 AND 4426234
	Bitmap Heap Scan on sbtest5  (cost=5.45..397.73 rows=99 width=125)
	  Recheck Cond: ((k >= 4426134) AND (k <= 4426234))
	  ->  Bitmap Index Scan on k_5  (cost=0.00..5.42 rows=99 width=0)
	        Index Cond: ((k >= 4426134) AND (k <= 4426234))

table 6 : explain SELECT k, c FROM sbtest6 WHERE k BETWEEN 4426134 AND 4426234
	Bitmap Heap Scan on sbtest6  (cost=5.47..405.61 rows=101 width=125)
	  Recheck Cond: ((k >= 4426134) AND (k <= 4426234))
	  ->  Bitmap Index Scan on k_6  (cost=0.00..5.44 rows=101 width=0)
	        Index Cond: ((k >= 4426134) AND (k <= 4426234))

table 7 : explain SELECT k, c FROM sbtest7 WHERE k BETWEEN 4426134 AND 4426234
	Bitmap Heap Scan on sbtest7  (cost=5.50..417.46 rows=104 width=125)
	  Recheck Cond: ((k >= 4426134) AND (k <= 4426234))
	  ->  Bitmap Index Scan on k_7  (cost=0.00..5.47 rows=104 width=0)
	        Index Cond: ((k >= 4426134) AND (k <= 4426234))

table 8 : explain SELECT k, c FROM sbtest8 WHERE k BETWEEN 4426134 AND 4426234
	Bitmap Heap Scan on sbtest8  (cost=5.49..413.52 rows=103 width=125)
	  Recheck Cond: ((k >= 4426134) AND (k <= 4426234))
	  ->  Bitmap Index Scan on k_8  (cost=0.00..5.46 rows=103 width=0)
	        Index Cond: ((k >= 4426134) AND (k <= 4426234))



explain: for range-notcovered :: explain SELECT k, c FROM sbtest%d WHERE k BETWEEN 4845292 AND 4845392
explain: for range-notcovered :: explain SELECT k, c FROM sbtest%d WHERE k BETWEEN 4426134 AND 4426234
explain: for range-notcovered :: explain SELECT k, c FROM sbtest%d WHERE k BETWEEN 5181953 AND 5182053
for range-notcovered
table 1 : explain SELECT k, c FROM sbtest1 WHERE k BETWEEN 3571436 AND 3571536
	Bitmap Heap Scan on sbtest1  (cost=5.45..397.73 rows=99 width=125)
	  Recheck Cond: ((k >= 3571436) AND (k <= 3571536))
	  ->  Bitmap Index Scan on k_1  (cost=0.00..5.42 rows=99 width=0)
	        Index Cond: ((k >= 3571436) AND (k <= 3571536))

table 2 : explain SELECT k, c FROM sbtest2 WHERE k BETWEEN 3571436 AND 3571536
	Bitmap Heap Scan on sbtest2  (cost=5.54..433.23 rows=108 width=125)
	  Recheck Cond: ((k >= 3571436) AND (k <= 3571536))
	  ->  Bitmap Index Scan on k_2  (cost=0.00..5.51 rows=108 width=0)
	        Index Cond: ((k >= 3571436) AND (k <= 3571536))

table 3 : explain SELECT k, c FROM sbtest3 WHERE k BETWEEN 3571436 AND 3571536
	Bitmap Heap Scan on sbtest3  (cost=5.51..421.39 rows=105 width=125)
	  Recheck Cond: ((k >= 3571436) AND (k <= 3571536))
	  ->  Bitmap Index Scan on k_3  (cost=0.00..5.48 rows=105 width=0)
	        Index Cond: ((k >= 3571436) AND (k <= 3571536))

table 4 : explain SELECT k, c FROM sbtest4 WHERE k BETWEEN 3571436 AND 3571536
	Bitmap Heap Scan on sbtest4  (cost=5.43..389.85 rows=97 width=125)
	  Recheck Cond: ((k >= 3571436) AND (k <= 3571536))
	  ->  Bitmap Index Scan on k_4  (cost=0.00..5.40 rows=97 width=0)
	        Index Cond: ((k >= 3571436) AND (k <= 3571536))

table 5 : explain SELECT k, c FROM sbtest5 WHERE k BETWEEN 3571436 AND 3571536
	Bitmap Heap Scan on sbtest5  (cost=5.54..433.23 rows=108 width=125)
	  Recheck Cond: ((k >= 3571436) AND (k <= 3571536))
	  ->  Bitmap Index Scan on k_5  (cost=0.00..5.51 rows=108 width=0)
	        Index Cond: ((k >= 3571436) AND (k <= 3571536))

table 6 : explain SELECT k, c FROM sbtest6 WHERE k BETWEEN 3571436 AND 3571536
	Bitmap Heap Scan on sbtest6  (cost=5.54..433.22 rows=108 width=125)
	  Recheck Cond: ((k >= 3571436) AND (k <= 3571536))
	  ->  Bitmap Index Scan on k_6  (cost=0.00..5.51 rows=108 width=0)
	        Index Cond: ((k >= 3571436) AND (k <= 3571536))

table 7 : explain SELECT k, c FROM sbtest7 WHERE k BETWEEN 3571436 AND 3571536
	Bitmap Heap Scan on sbtest7  (cost=5.50..417.46 rows=104 width=125)
	  Recheck Cond: ((k >= 3571436) AND (k <= 3571536))
	  ->  Bitmap Index Scan on k_7  (cost=0.00..5.47 rows=104 width=0)
	        Index Cond: ((k >= 3571436) AND (k <= 3571536))

table 8 : explain SELECT k, c FROM sbtest8 WHERE k BETWEEN 3571436 AND 3571536
	Bitmap Heap Scan on sbtest8  (cost=5.52..425.35 rows=106 width=125)
	  Recheck Cond: ((k >= 3571436) AND (k <= 3571536))
	  ->  Bitmap Index Scan on k_8  (cost=0.00..5.50 rows=106 width=0)
	        Index Cond: ((k >= 3571436) AND (k <= 3571536))
for range-notcovered
table 1 : explain SELECT k, c FROM sbtest1 WHERE k BETWEEN 531597 AND 531697
	Bitmap Heap Scan on sbtest1  (cost=5.48..409.57 rows=102 width=125)
	  Recheck Cond: ((k >= 531597) AND (k <= 531697))
	  ->  Bitmap Index Scan on k_1  (cost=0.00..5.45 rows=102 width=0)
	        Index Cond: ((k >= 531597) AND (k <= 531697))

table 2 : explain SELECT k, c FROM sbtest2 WHERE k BETWEEN 531597 AND 531697
	Bitmap Heap Scan on sbtest2  (cost=5.42..385.89 rows=96 width=125)
	  Recheck Cond: ((k >= 531597) AND (k <= 531697))
	  ->  Bitmap Index Scan on k_2  (cost=0.00..5.39 rows=96 width=0)
	        Index Cond: ((k >= 531597) AND (k <= 531697))

table 3 : explain SELECT k, c FROM sbtest3 WHERE k BETWEEN 531597 AND 531697
	Bitmap Heap Scan on sbtest3  (cost=5.47..405.62 rows=101 width=125)
	  Recheck Cond: ((k >= 531597) AND (k <= 531697))
	  ->  Bitmap Index Scan on k_3  (cost=0.00..5.44 rows=101 width=0)
	        Index Cond: ((k >= 531597) AND (k <= 531697))

table 4 : explain SELECT k, c FROM sbtest4 WHERE k BETWEEN 531597 AND 531697
	Bitmap Heap Scan on sbtest4  (cost=5.54..433.24 rows=108 width=125)
	  Recheck Cond: ((k >= 531597) AND (k <= 531697))
	  ->  Bitmap Index Scan on k_4  (cost=0.00..5.51 rows=108 width=0)
	        Index Cond: ((k >= 531597) AND (k <= 531697))

table 5 : explain SELECT k, c FROM sbtest5 WHERE k BETWEEN 531597 AND 531697
	Bitmap Heap Scan on sbtest5  (cost=5.60..456.88 rows=114 width=125)
	  Recheck Cond: ((k >= 531597) AND (k <= 531697))
	  ->  Bitmap Index Scan on k_5  (cost=0.00..5.58 rows=114 width=0)
	        Index Cond: ((k >= 531597) AND (k <= 531697))

table 6 : explain SELECT k, c FROM sbtest6 WHERE k BETWEEN 531597 AND 531697
	Bitmap Heap Scan on sbtest6  (cost=5.43..389.83 rows=97 width=125)
	  Recheck Cond: ((k >= 531597) AND (k <= 531697))
	  ->  Bitmap Index Scan on k_6  (cost=0.00..5.40 rows=97 width=0)
	        Index Cond: ((k >= 531597) AND (k <= 531697))

table 7 : explain SELECT k, c FROM sbtest7 WHERE k BETWEEN 531597 AND 531697
	Bitmap Heap Scan on sbtest7  (cost=5.60..456.89 rows=114 width=125)
	  Recheck Cond: ((k >= 531597) AND (k <= 531697))
	  ->  Bitmap Index Scan on k_7  (cost=0.00..5.58 rows=114 width=0)
	        Index Cond: ((k >= 531597) AND (k <= 531697))

table 8 : explain SELECT k, c FROM sbtest8 WHERE k BETWEEN 531597 AND 531697
	Bitmap Heap Scan on sbtest8  (cost=5.61..460.83 rows=115 width=125)
	  Recheck Cond: ((k >= 531597) AND (k <= 531697))
	  ->  Bitmap Index Scan on k_8  (cost=0.00..5.58 rows=115 width=0)
	        Index Cond: ((k >= 531597) AND (k <= 531697))

explain: for range-notcovered :: explain SELECT k, c FROM sbtest%d WHERE k BETWEEN 5389644 AND 5389744
for range-notcovered
table 1 : explain SELECT k, c FROM sbtest1 WHERE k BETWEEN 6552462 AND 6552562
	Bitmap Heap Scan on sbtest1  (cost=5.47..405.62 rows=101 width=125)
	  Recheck Cond: ((k >= 6552462) AND (k <= 6552562))
	  ->  Bitmap Index Scan on k_1  (cost=0.00..5.44 rows=101 width=0)
	        Index Cond: ((k >= 6552462) AND (k <= 6552562))

table 2 : explain SELECT k, c FROM sbtest2 WHERE k BETWEEN 6552462 AND 6552562
	Bitmap Heap Scan on sbtest2  (cost=5.52..425.35 rows=106 width=125)
	  Recheck Cond: ((k >= 6552462) AND (k <= 6552562))
	  ->  Bitmap Index Scan on k_2  (cost=0.00..5.50 rows=106 width=0)
	        Index Cond: ((k >= 6552462) AND (k <= 6552562))

table 3 : explain SELECT k, c FROM sbtest3 WHERE k BETWEEN 6552462 AND 6552562
	Bitmap Heap Scan on sbtest3  (cost=5.37..366.14 rows=91 width=125)
	  Recheck Cond: ((k >= 6552462) AND (k <= 6552562))
	  ->  Bitmap Index Scan on k_3  (cost=0.00..5.34 rows=91 width=0)
	        Index Cond: ((k >= 6552462) AND (k <= 6552562))

table 4 : explain SELECT k, c FROM sbtest4 WHERE k BETWEEN 6552462 AND 6552562
	Bitmap Heap Scan on sbtest4  (cost=5.58..449.01 rows=112 width=125)
	  Recheck Cond: ((k >= 6552462) AND (k <= 6552562))
	  ->  Bitmap Index Scan on k_4  (cost=0.00..5.55 rows=112 width=0)
	        Index Cond: ((k >= 6552462) AND (k <= 6552562))

table 5 : explain SELECT k, c FROM sbtest5 WHERE k BETWEEN 6552462 AND 6552562
	Bitmap Heap Scan on sbtest5  (cost=5.48..409.57 rows=102 width=125)
	  Recheck Cond: ((k >= 6552462) AND (k <= 6552562))
	  ->  Bitmap Index Scan on k_5  (cost=0.00..5.45 rows=102 width=0)
	        Index Cond: ((k >= 6552462) AND (k <= 6552562))

table 6 : explain SELECT k, c FROM sbtest6 WHERE k BETWEEN 6552462 AND 6552562
	Bitmap Heap Scan on sbtest6  (cost=5.60..456.87 rows=114 width=125)
	  Recheck Cond: ((k >= 6552462) AND (k <= 6552562))
	  ->  Bitmap Index Scan on k_6  (cost=0.00..5.58 rows=114 width=0)
	        Index Cond: ((k >= 6552462) AND (k <= 6552562))

table 7 : explain SELECT k, c FROM sbtest7 WHERE k BETWEEN 6552462 AND 6552562
	Bitmap Heap Scan on sbtest7  (cost=5.45..397.73 rows=99 width=125)
	  Recheck Cond: ((k >= 6552462) AND (k <= 6552562))
	  ->  Bitmap Index Scan on k_7  (cost=0.00..5.42 rows=99 width=0)
	        Index Cond: ((k >= 6552462) AND (k <= 6552562))

table 8 : explain SELECT k, c FROM sbtest8 WHERE k BETWEEN 6552462 AND 6552562
	Bitmap Heap Scan on sbtest8  (cost=5.48..409.57 rows=102 width=125)
	  Recheck Cond: ((k >= 6552462) AND (k <= 6552562))
	  ->  Bitmap Index Scan on k_8  (cost=0.00..5.45 rows=102 width=0)
	        Index Cond: ((k >= 6552462) AND (k <= 6552562))

for range-notcovered
table 1 : explain SELECT k, c FROM sbtest1 WHERE k BETWEEN 4775522 AND 4775622
	Bitmap Heap Scan on sbtest1  (cost=5.62..464.76 rows=116 width=125)
	  Recheck Cond: ((k >= 4775522) AND (k <= 4775622))
	  ->  Bitmap Index Scan on k_1  (cost=0.00..5.59 rows=116 width=0)
	        Index Cond: ((k >= 4775522) AND (k <= 4775622))

table 2 : explain SELECT k, c FROM sbtest2 WHERE k BETWEEN 4775522 AND 4775622
	Bitmap Heap Scan on sbtest2  (cost=5.51..421.40 rows=105 width=125)
	  Recheck Cond: ((k >= 4775522) AND (k <= 4775622))
	  ->  Bitmap Index Scan on k_2  (cost=0.00..5.48 rows=105 width=0)
	        Index Cond: ((k >= 4775522) AND (k <= 4775622))

table 3 : explain SELECT k, c FROM sbtest3 WHERE k BETWEEN 4775522 AND 4775622
	Bitmap Heap Scan on sbtest3  (cost=5.41..381.94 rows=95 width=125)
	  Recheck Cond: ((k >= 4775522) AND (k <= 4775622))
	  ->  Bitmap Index Scan on k_3  (cost=0.00..5.38 rows=95 width=0)
	        Index Cond: ((k >= 4775522) AND (k <= 4775622))

table 4 : explain SELECT k, c FROM sbtest4 WHERE k BETWEEN 4775522 AND 4775622
	Bitmap Heap Scan on sbtest4  (cost=5.48..409.58 rows=102 width=125)
	  Recheck Cond: ((k >= 4775522) AND (k <= 4775622))
	  ->  Bitmap Index Scan on k_4  (cost=0.00..5.45 rows=102 width=0)
	        Index Cond: ((k >= 4775522) AND (k <= 4775622))

table 5 : explain SELECT k, c FROM sbtest5 WHERE k BETWEEN 4775522 AND 4775622
	Bitmap Heap Scan on sbtest5  (cost=5.44..393.79 rows=98 width=125)
	  Recheck Cond: ((k >= 4775522) AND (k <= 4775622))
	  ->  Bitmap Index Scan on k_5  (cost=0.00..5.42 rows=98 width=0)
	        Index Cond: ((k >= 4775522) AND (k <= 4775622))

table 6 : explain SELECT k, c FROM sbtest6 WHERE k BETWEEN 4775522 AND 4775622
	Bitmap Heap Scan on sbtest6  (cost=5.53..429.28 rows=107 width=125)
	  Recheck Cond: ((k >= 4775522) AND (k <= 4775622))
	  ->  Bitmap Index Scan on k_6  (cost=0.00..5.50 rows=107 width=0)
	        Index Cond: ((k >= 4775522) AND (k <= 4775622))

table 7 : explain SELECT k, c FROM sbtest7 WHERE k BETWEEN 4775522 AND 4775622
	Bitmap Heap Scan on sbtest7  (cost=5.53..429.29 rows=107 width=125)
	  Recheck Cond: ((k >= 4775522) AND (k <= 4775622))
	  ->  Bitmap Index Scan on k_7  (cost=0.00..5.50 rows=107 width=0)
	        Index Cond: ((k >= 4775522) AND (k <= 4775622))

table 8 : explain SELECT k, c FROM sbtest8 WHERE k BETWEEN 4775522 AND 4775622
	Bitmap Heap Scan on sbtest8  (cost=5.56..441.12 rows=110 width=125)
	  Recheck Cond: ((k >= 4775522) AND (k <= 4775622))
	  ->  Bitmap Index Scan on k_8  (cost=0.00..5.53 rows=110 width=0)
	        Index Cond: ((k >= 4775522) AND (k <= 4775622))



explain: for range-notcovered :: explain SELECT k, c FROM sbtest%d WHERE k BETWEEN 531597 AND 531697
explain: for range-notcovered :: explain SELECT k, c FROM sbtest%d WHERE k BETWEEN 6552462 AND 6552562
explain: for range-notcovered :: explain SELECT k, c FROM sbtest%d WHERE k BETWEEN 7583462 AND 7583562
for range-notcovered
table 1 : explain SELECT k, c FROM sbtest1 WHERE k BETWEEN 6594822 AND 6594922
	Bitmap Heap Scan on sbtest1  (cost=5.51..421.40 rows=105 width=125)
	  Recheck Cond: ((k >= 6594822) AND (k <= 6594922))
	  ->  Bitmap Index Scan on k_1  (cost=0.00..5.48 rows=105 width=0)
	        Index Cond: ((k >= 6594822) AND (k <= 6594922))

table 2 : explain SELECT k, c FROM sbtest2 WHERE k BETWEEN 6594822 AND 6594922
	Bitmap Heap Scan on sbtest2  (cost=5.53..429.29 rows=107 width=125)
	  Recheck Cond: ((k >= 6594822) AND (k <= 6594922))
	  ->  Bitmap Index Scan on k_2  (cost=0.00..5.50 rows=107 width=0)
	        Index Cond: ((k >= 6594822) AND (k <= 6594922))

table 3 : explain SELECT k, c FROM sbtest3 WHERE k BETWEEN 6594822 AND 6594922
	Bitmap Heap Scan on sbtest3  (cost=5.37..366.14 rows=91 width=125)
	  Recheck Cond: ((k >= 6594822) AND (k <= 6594922))
	  ->  Bitmap Index Scan on k_3  (cost=0.00..5.34 rows=91 width=0)
	        Index Cond: ((k >= 6594822) AND (k <= 6594922))

table 4 : explain SELECT k, c FROM sbtest4 WHERE k BETWEEN 6594822 AND 6594922
	Bitmap Heap Scan on sbtest4  (cost=5.58..449.01 rows=112 width=125)
	  Recheck Cond: ((k >= 6594822) AND (k <= 6594922))
	  ->  Bitmap Index Scan on k_4  (cost=0.00..5.55 rows=112 width=0)
	        Index Cond: ((k >= 6594822) AND (k <= 6594922))

table 5 : explain SELECT k, c FROM sbtest5 WHERE k BETWEEN 6594822 AND 6594922
	Bitmap Heap Scan on sbtest5  (cost=5.49..413.51 rows=103 width=125)
	  Recheck Cond: ((k >= 6594822) AND (k <= 6594922))
	  ->  Bitmap Index Scan on k_5  (cost=0.00..5.46 rows=103 width=0)
	        Index Cond: ((k >= 6594822) AND (k <= 6594922))

table 6 : explain SELECT k, c FROM sbtest6 WHERE k BETWEEN 6594822 AND 6594922
	Bitmap Heap Scan on sbtest6  (cost=5.60..456.87 rows=114 width=125)
	  Recheck Cond: ((k >= 6594822) AND (k <= 6594922))
	  ->  Bitmap Index Scan on k_6  (cost=0.00..5.58 rows=114 width=0)
	        Index Cond: ((k >= 6594822) AND (k <= 6594922))

table 7 : explain SELECT k, c FROM sbtest7 WHERE k BETWEEN 6594822 AND 6594922
	Bitmap Heap Scan on sbtest7  (cost=5.53..429.29 rows=107 width=125)
	  Recheck Cond: ((k >= 6594822) AND (k <= 6594922))
	  ->  Bitmap Index Scan on k_7  (cost=0.00..5.50 rows=107 width=0)
	        Index Cond: ((k >= 6594822) AND (k <= 6594922))

table 8 : explain SELECT k, c FROM sbtest8 WHERE k BETWEEN 6594822 AND 6594922
	Bitmap Heap Scan on sbtest8  (cost=5.48..409.57 rows=102 width=125)
	  Recheck Cond: ((k >= 6594822) AND (k <= 6594922))
	  ->  Bitmap Index Scan on k_8  (cost=0.00..5.45 rows=102 width=0)
	        Index Cond: ((k >= 6594822) AND (k <= 6594922))

for range-notcovered
table 1 : explain SELECT k, c FROM sbtest1 WHERE k BETWEEN 5735179 AND 5735279
	Bitmap Heap Scan on sbtest1  (cost=5.38..370.09 rows=92 width=125)
	  Recheck Cond: ((k >= 5735179) AND (k <= 5735279))
	  ->  Bitmap Index Scan on k_1  (cost=0.00..5.35 rows=92 width=0)
	        Index Cond: ((k >= 5735179) AND (k <= 5735279))

table 2 : explain SELECT k, c FROM sbtest2 WHERE k BETWEEN 5735179 AND 5735279
	Bitmap Heap Scan on sbtest2  (cost=5.59..452.94 rows=113 width=125)
	  Recheck Cond: ((k >= 5735179) AND (k <= 5735279))
	  ->  Bitmap Index Scan on k_2  (cost=0.00..5.56 rows=113 width=0)
	        Index Cond: ((k >= 5735179) AND (k <= 5735279))

table 3 : explain SELECT k, c FROM sbtest3 WHERE k BETWEEN 5735179 AND 5735279
	Bitmap Heap Scan on sbtest3  (cost=5.60..456.87 rows=114 width=125)
	  Recheck Cond: ((k >= 5735179) AND (k <= 5735279))
	  ->  Bitmap Index Scan on k_3  (cost=0.00..5.58 rows=114 width=0)
	        Index Cond: ((k >= 5735179) AND (k <= 5735279))

table 4 : explain SELECT k, c FROM sbtest4 WHERE k BETWEEN 5735179 AND 5735279
	Bitmap Heap Scan on sbtest4  (cost=5.53..429.30 rows=107 width=125)
	  Recheck Cond: ((k >= 5735179) AND (k <= 5735279))
	  ->  Bitmap Index Scan on k_4  (cost=0.00..5.50 rows=107 width=0)
	        Index Cond: ((k >= 5735179) AND (k <= 5735279))

table 5 : explain SELECT k, c FROM sbtest5 WHERE k BETWEEN 5735179 AND 5735279
	Bitmap Heap Scan on sbtest5  (cost=5.41..381.94 rows=95 width=125)
	  Recheck Cond: ((k >= 5735179) AND (k <= 5735279))
	  ->  Bitmap Index Scan on k_5  (cost=0.00..5.38 rows=95 width=0)
	        Index Cond: ((k >= 5735179) AND (k <= 5735279))

table 6 : explain SELECT k, c FROM sbtest6 WHERE k BETWEEN 5735179 AND 5735279
	Bitmap Heap Scan on sbtest6  (cost=5.42..385.88 rows=96 width=125)
	  Recheck Cond: ((k >= 5735179) AND (k <= 5735279))
	  ->  Bitmap Index Scan on k_6  (cost=0.00..5.39 rows=96 width=0)
	        Index Cond: ((k >= 5735179) AND (k <= 5735279))

table 7 : explain SELECT k, c FROM sbtest7 WHERE k BETWEEN 5735179 AND 5735279
	Bitmap Heap Scan on sbtest7  (cost=5.44..393.79 rows=98 width=125)
	  Recheck Cond: ((k >= 5735179) AND (k <= 5735279))
	  ->  Bitmap Index Scan on k_7  (cost=0.00..5.42 rows=98 width=0)
	        Index Cond: ((k >= 5735179) AND (k <= 5735279))

table 8 : explain SELECT k, c FROM sbtest8 WHERE k BETWEEN 5735179 AND 5735279
	Bitmap Heap Scan on sbtest8  (cost=5.54..433.23 rows=108 width=125)
	  Recheck Cond: ((k >= 5735179) AND (k <= 5735279))
	  ->  Bitmap Index Scan on k_8  (cost=0.00..5.51 rows=108 width=0)
	        Index Cond: ((k >= 5735179) AND (k <= 5735279))

explain: for range-notcovered :: explain SELECT k, c FROM sbtest%d WHERE k BETWEEN 3571436 AND 3571536
explain: for range-notcovered :: explain SELECT k, c FROM sbtest%d WHERE k BETWEEN 6594822 AND 6594922
explain: for range-notcovered :: explain SELECT k, c FROM sbtest%d WHERE k BETWEEN 5735179 AND 5735279
for range-notcovered
table 1 : explain SELECT k, c FROM sbtest1 WHERE k BETWEEN 5583038 AND 5583138
	Bitmap Heap Scan on sbtest1  (cost=5.60..456.88 rows=114 width=125)
	  Recheck Cond: ((k >= 5583038) AND (k <= 5583138))
	  ->  Bitmap Index Scan on k_1  (cost=0.00..5.58 rows=114 width=0)
	        Index Cond: ((k >= 5583038) AND (k <= 5583138))

table 2 : explain SELECT k, c FROM sbtest2 WHERE k BETWEEN 5583038 AND 5583138
	Bitmap Heap Scan on sbtest2  (cost=5.47..405.62 rows=101 width=125)
	  Recheck Cond: ((k >= 5583038) AND (k <= 5583138))
	  ->  Bitmap Index Scan on k_2  (cost=0.00..5.44 rows=101 width=0)
	        Index Cond: ((k >= 5583038) AND (k <= 5583138))

table 3 : explain SELECT k, c FROM sbtest3 WHERE k BETWEEN 5583038 AND 5583138
	Bitmap Heap Scan on sbtest3  (cost=5.43..389.83 rows=97 width=125)
	  Recheck Cond: ((k >= 5583038) AND (k <= 5583138))
	  ->  Bitmap Index Scan on k_3  (cost=0.00..5.40 rows=97 width=0)
	        Index Cond: ((k >= 5583038) AND (k <= 5583138))

table 4 : explain SELECT k, c FROM sbtest4 WHERE k BETWEEN 5583038 AND 5583138
	Bitmap Heap Scan on sbtest4  (cost=5.51..421.41 rows=105 width=125)
	  Recheck Cond: ((k >= 5583038) AND (k <= 5583138))
	  ->  Bitmap Index Scan on k_4  (cost=0.00..5.48 rows=105 width=0)
	        Index Cond: ((k >= 5583038) AND (k <= 5583138))

table 5 : explain SELECT k, c FROM sbtest5 WHERE k BETWEEN 5583038 AND 5583138
	Bitmap Heap Scan on sbtest5  (cost=5.43..389.84 rows=97 width=125)
	  Recheck Cond: ((k >= 5583038) AND (k <= 5583138))
	  ->  Bitmap Index Scan on k_5  (cost=0.00..5.40 rows=97 width=0)
	        Index Cond: ((k >= 5583038) AND (k <= 5583138))

table 6 : explain SELECT k, c FROM sbtest6 WHERE k BETWEEN 5583038 AND 5583138
	Bitmap Heap Scan on sbtest6  (cost=5.52..425.34 rows=106 width=125)
	  Recheck Cond: ((k >= 5583038) AND (k <= 5583138))
	  ->  Bitmap Index Scan on k_6  (cost=0.00..5.50 rows=106 width=0)
	        Index Cond: ((k >= 5583038) AND (k <= 5583138))

table 7 : explain SELECT k, c FROM sbtest7 WHERE k BETWEEN 5583038 AND 5583138
	Bitmap Heap Scan on sbtest7  (cost=5.44..393.79 rows=98 width=125)
	  Recheck Cond: ((k >= 5583038) AND (k <= 5583138))
	  ->  Bitmap Index Scan on k_7  (cost=0.00..5.42 rows=98 width=0)
	        Index Cond: ((k >= 5583038) AND (k <= 5583138))

table 8 : explain SELECT k, c FROM sbtest8 WHERE k BETWEEN 5583038 AND 5583138
	Bitmap Heap Scan on sbtest8  (cost=5.56..441.12 rows=110 width=125)
	  Recheck Cond: ((k >= 5583038) AND (k <= 5583138))
	  ->  Bitmap Index Scan on k_8  (cost=0.00..5.53 rows=110 width=0)
	        Index Cond: ((k >= 5583038) AND (k <= 5583138))
for range-notcovered
table 1 : explain SELECT k, c FROM sbtest1 WHERE k BETWEEN 6537529 AND 6537629
	Bitmap Heap Scan on sbtest1  (cost=5.47..405.62 rows=101 width=125)
	  Recheck Cond: ((k >= 6537529) AND (k <= 6537629))
	  ->  Bitmap Index Scan on k_1  (cost=0.00..5.44 rows=101 width=0)
	        Index Cond: ((k >= 6537529) AND (k <= 6537629))

table 2 : explain SELECT k, c FROM sbtest2 WHERE k BETWEEN 6537529 AND 6537629
	Bitmap Heap Scan on sbtest2  (cost=5.52..425.35 rows=106 width=125)
	  Recheck Cond: ((k >= 6537529) AND (k <= 6537629))
	  ->  Bitmap Index Scan on k_2  (cost=0.00..5.50 rows=106 width=0)
	        Index Cond: ((k >= 6537529) AND (k <= 6537629))

table 3 : explain SELECT k, c FROM sbtest3 WHERE k BETWEEN 6537529 AND 6537629
	Bitmap Heap Scan on sbtest3  (cost=5.37..366.14 rows=91 width=125)
	  Recheck Cond: ((k >= 6537529) AND (k <= 6537629))
	  ->  Bitmap Index Scan on k_3  (cost=0.00..5.34 rows=91 width=0)
	        Index Cond: ((k >= 6537529) AND (k <= 6537629))

table 4 : explain SELECT k, c FROM sbtest4 WHERE k BETWEEN 6537529 AND 6537629
	Bitmap Heap Scan on sbtest4  (cost=5.58..449.01 rows=112 width=125)
	  Recheck Cond: ((k >= 6537529) AND (k <= 6537629))
	  ->  Bitmap Index Scan on k_4  (cost=0.00..5.55 rows=112 width=0)
	        Index Cond: ((k >= 6537529) AND (k <= 6537629))

table 5 : explain SELECT k, c FROM sbtest5 WHERE k BETWEEN 6537529 AND 6537629
	Bitmap Heap Scan on sbtest5  (cost=5.48..409.57 rows=102 width=125)
	  Recheck Cond: ((k >= 6537529) AND (k <= 6537629))
	  ->  Bitmap Index Scan on k_5  (cost=0.00..5.45 rows=102 width=0)
	        Index Cond: ((k >= 6537529) AND (k <= 6537629))

table 6 : explain SELECT k, c FROM sbtest6 WHERE k BETWEEN 6537529 AND 6537629
	Bitmap Heap Scan on sbtest6  (cost=5.44..393.78 rows=98 width=125)
	  Recheck Cond: ((k >= 6537529) AND (k <= 6537629))
	  ->  Bitmap Index Scan on k_6  (cost=0.00..5.42 rows=98 width=0)
	        Index Cond: ((k >= 6537529) AND (k <= 6537629))

table 7 : explain SELECT k, c FROM sbtest7 WHERE k BETWEEN 6537529 AND 6537629
	Bitmap Heap Scan on sbtest7  (cost=5.45..397.73 rows=99 width=125)
	  Recheck Cond: ((k >= 6537529) AND (k <= 6537629))
	  ->  Bitmap Index Scan on k_7  (cost=0.00..5.42 rows=99 width=0)
	        Index Cond: ((k >= 6537529) AND (k <= 6537629))

table 8 : explain SELECT k, c FROM sbtest8 WHERE k BETWEEN 6537529 AND 6537629
	Bitmap Heap Scan on sbtest8  (cost=5.48..409.57 rows=102 width=125)
	  Recheck Cond: ((k >= 6537529) AND (k <= 6537629))
	  ->  Bitmap Index Scan on k_8  (cost=0.00..5.45 rows=102 width=0)
	        Index Cond: ((k >= 6537529) AND (k <= 6537629))

for range-notcovered
table 1 : explain SELECT k, c FROM sbtest1 WHERE k BETWEEN 2181250 AND 2181350
	Bitmap Heap Scan on sbtest1  (cost=5.48..409.57 rows=102 width=125)
	  Recheck Cond: ((k >= 2181250) AND (k <= 2181350))
	  ->  Bitmap Index Scan on k_1  (cost=0.00..5.45 rows=102 width=0)
	        Index Cond: ((k >= 2181250) AND (k <= 2181350))

table 2 : explain SELECT k, c FROM sbtest2 WHERE k BETWEEN 2181250 AND 2181350
	Bitmap Heap Scan on sbtest2  (cost=5.45..397.73 rows=99 width=125)
	  Recheck Cond: ((k >= 2181250) AND (k <= 2181350))
	  ->  Bitmap Index Scan on k_2  (cost=0.00..5.42 rows=99 width=0)
	        Index Cond: ((k >= 2181250) AND (k <= 2181350))

table 3 : explain SELECT k, c FROM sbtest3 WHERE k BETWEEN 2181250 AND 2181350
	Bitmap Heap Scan on sbtest3  (cost=5.52..425.34 rows=106 width=125)
	  Recheck Cond: ((k >= 2181250) AND (k <= 2181350))
	  ->  Bitmap Index Scan on k_3  (cost=0.00..5.50 rows=106 width=0)
	        Index Cond: ((k >= 2181250) AND (k <= 2181350))

table 4 : explain SELECT k, c FROM sbtest4 WHERE k BETWEEN 2181250 AND 2181350
	Bitmap Heap Scan on sbtest4  (cost=5.43..389.85 rows=97 width=125)
	  Recheck Cond: ((k >= 2181250) AND (k <= 2181350))
	  ->  Bitmap Index Scan on k_4  (cost=0.00..5.40 rows=97 width=0)
	        Index Cond: ((k >= 2181250) AND (k <= 2181350))

table 5 : explain SELECT k, c FROM sbtest5 WHERE k BETWEEN 2181250 AND 2181350
	Bitmap Heap Scan on sbtest5  (cost=5.55..437.18 rows=109 width=125)
	  Recheck Cond: ((k >= 2181250) AND (k <= 2181350))
	  ->  Bitmap Index Scan on k_5  (cost=0.00..5.52 rows=109 width=0)
	        Index Cond: ((k >= 2181250) AND (k <= 2181350))

table 6 : explain SELECT k, c FROM sbtest6 WHERE k BETWEEN 2181250 AND 2181350
	Bitmap Heap Scan on sbtest6  (cost=5.56..441.11 rows=110 width=125)
	  Recheck Cond: ((k >= 2181250) AND (k <= 2181350))
	  ->  Bitmap Index Scan on k_6  (cost=0.00..5.53 rows=110 width=0)
	        Index Cond: ((k >= 2181250) AND (k <= 2181350))

table 7 : explain SELECT k, c FROM sbtest7 WHERE k BETWEEN 2181250 AND 2181350
	Bitmap Heap Scan on sbtest7  (cost=5.52..425.35 rows=106 width=125)
	  Recheck Cond: ((k >= 2181250) AND (k <= 2181350))
	  ->  Bitmap Index Scan on k_7  (cost=0.00..5.50 rows=106 width=0)
	        Index Cond: ((k >= 2181250) AND (k <= 2181350))

table 8 : explain SELECT k, c FROM sbtest8 WHERE k BETWEEN 2181250 AND 2181350
	Bitmap Heap Scan on sbtest8  (cost=5.43..389.84 rows=97 width=125)
	  Recheck Cond: ((k >= 2181250) AND (k <= 2181350))
	  ->  Bitmap Index Scan on k_8  (cost=0.00..5.40 rows=97 width=0)
	        Index Cond: ((k >= 2181250) AND (k <= 2181350))

for range-notcovered
table 1 : explain SELECT k, c FROM sbtest1 WHERE k BETWEEN 6373173 AND 6373273
	Bitmap Heap Scan on sbtest1  (cost=5.63..468.70 rows=117 width=125)
	  Recheck Cond: ((k >= 6373173) AND (k <= 6373273))
	  ->  Bitmap Index Scan on k_1  (cost=0.00..5.60 rows=117 width=0)
	        Index Cond: ((k >= 6373173) AND (k <= 6373273))

table 2 : explain SELECT k, c FROM sbtest2 WHERE k BETWEEN 6373173 AND 6373273
	Bitmap Heap Scan on sbtest2  (cost=5.49..413.51 rows=103 width=125)
	  Recheck Cond: ((k >= 6373173) AND (k <= 6373273))
	  ->  Bitmap Index Scan on k_2  (cost=0.00..5.46 rows=103 width=0)
	        Index Cond: ((k >= 6373173) AND (k <= 6373273))

table 3 : explain SELECT k, c FROM sbtest3 WHERE k BETWEEN 6373173 AND 6373273
	Bitmap Heap Scan on sbtest3  (cost=5.51..421.39 rows=105 width=125)
	  Recheck Cond: ((k >= 6373173) AND (k <= 6373273))
	  ->  Bitmap Index Scan on k_3  (cost=0.00..5.48 rows=105 width=0)
	        Index Cond: ((k >= 6373173) AND (k <= 6373273))

table 4 : explain SELECT k, c FROM sbtest4 WHERE k BETWEEN 6373173 AND 6373273
	Bitmap Heap Scan on sbtest4  (cost=5.52..425.36 rows=106 width=125)
	  Recheck Cond: ((k >= 6373173) AND (k <= 6373273))
	  ->  Bitmap Index Scan on k_4  (cost=0.00..5.50 rows=106 width=0)
	        Index Cond: ((k >= 6373173) AND (k <= 6373273))

table 5 : explain SELECT k, c FROM sbtest5 WHERE k BETWEEN 6373173 AND 6373273
	Bitmap Heap Scan on sbtest5  (cost=5.49..413.51 rows=103 width=125)
	  Recheck Cond: ((k >= 6373173) AND (k <= 6373273))
	  ->  Bitmap Index Scan on k_5  (cost=0.00..5.46 rows=103 width=0)
	        Index Cond: ((k >= 6373173) AND (k <= 6373273))

table 6 : explain SELECT k, c FROM sbtest6 WHERE k BETWEEN 6373173 AND 6373273
	Bitmap Heap Scan on sbtest6  (cost=5.41..381.93 rows=95 width=125)
	  Recheck Cond: ((k >= 6373173) AND (k <= 6373273))
	  ->  Bitmap Index Scan on k_6  (cost=0.00..5.38 rows=95 width=0)
	        Index Cond: ((k >= 6373173) AND (k <= 6373273))

table 7 : explain SELECT k, c FROM sbtest7 WHERE k BETWEEN 6373173 AND 6373273
	Bitmap Heap Scan on sbtest7  (cost=5.45..397.73 rows=99 width=125)
	  Recheck Cond: ((k >= 6373173) AND (k <= 6373273))
	  ->  Bitmap Index Scan on k_7  (cost=0.00..5.42 rows=99 width=0)
	        Index Cond: ((k >= 6373173) AND (k <= 6373273))

table 8 : explain SELECT k, c FROM sbtest8 WHERE k BETWEEN 6373173 AND 6373273
	Bitmap Heap Scan on sbtest8  (cost=5.46..401.68 rows=100 width=125)
	  Recheck Cond: ((k >= 6373173) AND (k <= 6373273))
	  ->  Bitmap Index Scan on k_8  (cost=0.00..5.43 rows=100 width=0)
	        Index Cond: ((k >= 6373173) AND (k <= 6373273))

for range-notcovered
table 1 : explain SELECT k, c FROM sbtest1 WHERE k BETWEEN 7584845 AND 7584945
	Bitmap Heap Scan on sbtest1  (cost=5.53..429.29 rows=107 width=125)
	  Recheck Cond: ((k >= 7584845) AND (k <= 7584945))
	  ->  Bitmap Index Scan on k_1  (cost=0.00..5.50 rows=107 width=0)
	        Index Cond: ((k >= 7584845) AND (k <= 7584945))

table 2 : explain SELECT k, c FROM sbtest2 WHERE k BETWEEN 7584845 AND 7584945
	Bitmap Heap Scan on sbtest2  (cost=5.53..429.29 rows=107 width=125)
	  Recheck Cond: ((k >= 7584845) AND (k <= 7584945))
	  ->  Bitmap Index Scan on k_2  (cost=0.00..5.50 rows=107 width=0)
	        Index Cond: ((k >= 7584845) AND (k <= 7584945))

table 3 : explain SELECT k, c FROM sbtest3 WHERE k BETWEEN 7584845 AND 7584945
	Bitmap Heap Scan on sbtest3  (cost=5.40..377.99 rows=94 width=125)
	  Recheck Cond: ((k >= 7584845) AND (k <= 7584945))
	  ->  Bitmap Index Scan on k_3  (cost=0.00..5.38 rows=94 width=0)
	        Index Cond: ((k >= 7584845) AND (k <= 7584945))

table 4 : explain SELECT k, c FROM sbtest4 WHERE k BETWEEN 7584845 AND 7584945
	Bitmap Heap Scan on sbtest4  (cost=5.42..385.90 rows=96 width=125)
	  Recheck Cond: ((k >= 7584845) AND (k <= 7584945))
	  ->  Bitmap Index Scan on k_4  (cost=0.00..5.39 rows=96 width=0)
	        Index Cond: ((k >= 7584845) AND (k <= 7584945))

table 5 : explain SELECT k, c FROM sbtest5 WHERE k BETWEEN 7584845 AND 7584945
	Bitmap Heap Scan on sbtest5  (cost=5.47..405.62 rows=101 width=125)
	  Recheck Cond: ((k >= 7584845) AND (k <= 7584945))
	  ->  Bitmap Index Scan on k_5  (cost=0.00..5.44 rows=101 width=0)
	        Index Cond: ((k >= 7584845) AND (k <= 7584945))

table 6 : explain SELECT k, c FROM sbtest6 WHERE k BETWEEN 7584845 AND 7584945
	Bitmap Heap Scan on sbtest6  (cost=5.48..409.56 rows=102 width=125)
	  Recheck Cond: ((k >= 7584845) AND (k <= 7584945))
	  ->  Bitmap Index Scan on k_6  (cost=0.00..5.45 rows=102 width=0)
	        Index Cond: ((k >= 7584845) AND (k <= 7584945))

table 7 : explain SELECT k, c FROM sbtest7 WHERE k BETWEEN 7584845 AND 7584945
	Bitmap Heap Scan on sbtest7  (cost=5.48..409.57 rows=102 width=125)
	  Recheck Cond: ((k >= 7584845) AND (k <= 7584945))
	  ->  Bitmap Index Scan on k_7  (cost=0.00..5.45 rows=102 width=0)
	        Index Cond: ((k >= 7584845) AND (k <= 7584945))

table 8 : explain SELECT k, c FROM sbtest8 WHERE k BETWEEN 7584845 AND 7584945
	Bitmap Heap Scan on sbtest8  (cost=5.56..441.12 rows=110 width=125)
	  Recheck Cond: ((k >= 7584845) AND (k <= 7584945))
	  ->  Bitmap Index Scan on k_8  (cost=0.00..5.53 rows=110 width=0)
	        Index Cond: ((k >= 7584845) AND (k <= 7584945))


explain: for range-notcovered :: explain SELECT k, c FROM sbtest%d WHERE k BETWEEN 6537529 AND 6537629
for range-notcovered
table 1 : explain SELECT k, c FROM sbtest1 WHERE k BETWEEN 5049096 AND 5049196
	Bitmap Heap Scan on sbtest1  (cost=5.46..401.68 rows=100 width=125)
	  Recheck Cond: ((k >= 5049096) AND (k <= 5049196))
	  ->  Bitmap Index Scan on k_1  (cost=0.00..5.43 rows=100 width=0)
	        Index Cond: ((k >= 5049096) AND (k <= 5049196))

table 2 : explain SELECT k, c FROM sbtest2 WHERE k BETWEEN 5049096 AND 5049196
	Bitmap Heap Scan on sbtest2  (cost=5.47..405.62 rows=101 width=125)
	  Recheck Cond: ((k >= 5049096) AND (k <= 5049196))
	  ->  Bitmap Index Scan on k_2  (cost=0.00..5.44 rows=101 width=0)
	        Index Cond: ((k >= 5049096) AND (k <= 5049196))

table 3 : explain SELECT k, c FROM sbtest3 WHERE k BETWEEN 5049096 AND 5049196
	Bitmap Heap Scan on sbtest3  (cost=5.48..409.56 rows=102 width=125)
	  Recheck Cond: ((k >= 5049096) AND (k <= 5049196))
	  ->  Bitmap Index Scan on k_3  (cost=0.00..5.45 rows=102 width=0)
	        Index Cond: ((k >= 5049096) AND (k <= 5049196))

table 4 : explain SELECT k, c FROM sbtest4 WHERE k BETWEEN 5049096 AND 5049196
	Bitmap Heap Scan on sbtest4  (cost=5.49..413.52 rows=103 width=125)
	  Recheck Cond: ((k >= 5049096) AND (k <= 5049196))
	  ->  Bitmap Index Scan on k_4  (cost=0.00..5.46 rows=103 width=0)
	        Index Cond: ((k >= 5049096) AND (k <= 5049196))

table 5 : explain SELECT k, c FROM sbtest5 WHERE k BETWEEN 5049096 AND 5049196
	Bitmap Heap Scan on sbtest5  (cost=5.63..468.71 rows=117 width=125)
	  Recheck Cond: ((k >= 5049096) AND (k <= 5049196))
	  ->  Bitmap Index Scan on k_5  (cost=0.00..5.60 rows=117 width=0)
	        Index Cond: ((k >= 5049096) AND (k <= 5049196))

table 6 : explain SELECT k, c FROM sbtest6 WHERE k BETWEEN 5049096 AND 5049196
	Bitmap Heap Scan on sbtest6  (cost=5.44..393.78 rows=98 width=125)
	  Recheck Cond: ((k >= 5049096) AND (k <= 5049196))
	  ->  Bitmap Index Scan on k_6  (cost=0.00..5.42 rows=98 width=0)
	        Index Cond: ((k >= 5049096) AND (k <= 5049196))

table 7 : explain SELECT k, c FROM sbtest7 WHERE k BETWEEN 5049096 AND 5049196
	Bitmap Heap Scan on sbtest7  (cost=5.41..381.94 rows=95 width=125)
	  Recheck Cond: ((k >= 5049096) AND (k <= 5049196))
	  ->  Bitmap Index Scan on k_7  (cost=0.00..5.38 rows=95 width=0)
	        Index Cond: ((k >= 5049096) AND (k <= 5049196))

table 8 : explain SELECT k, c FROM sbtest8 WHERE k BETWEEN 5049096 AND 5049196
	Bitmap Heap Scan on sbtest8  (cost=5.57..445.06 rows=111 width=125)
	  Recheck Cond: ((k >= 5049096) AND (k <= 5049196))
	  ->  Bitmap Index Scan on k_8  (cost=0.00..5.54 rows=111 width=0)
	        Index Cond: ((k >= 5049096) AND (k <= 5049196))

for range-notcovered
table 1 : explain SELECT k, c FROM sbtest1 WHERE k BETWEEN 5793286 AND 5793386
	Bitmap Heap Scan on sbtest1  (cost=5.38..370.09 rows=92 width=125)
	  Recheck Cond: ((k >= 5793286) AND (k <= 5793386))
	  ->  Bitmap Index Scan on k_1  (cost=0.00..5.35 rows=92 width=0)
	        Index Cond: ((k >= 5793286) AND (k <= 5793386))

table 2 : explain SELECT k, c FROM sbtest2 WHERE k BETWEEN 5793286 AND 5793386
	Bitmap Heap Scan on sbtest2  (cost=5.54..433.23 rows=108 width=125)
	  Recheck Cond: ((k >= 5793286) AND (k <= 5793386))
	  ->  Bitmap Index Scan on k_2  (cost=0.00..5.51 rows=108 width=0)
	        Index Cond: ((k >= 5793286) AND (k <= 5793386))

table 3 : explain SELECT k, c FROM sbtest3 WHERE k BETWEEN 5793286 AND 5793386
	Bitmap Heap Scan on sbtest3  (cost=5.44..393.78 rows=98 width=125)
	  Recheck Cond: ((k >= 5793286) AND (k <= 5793386))
	  ->  Bitmap Index Scan on k_3  (cost=0.00..5.42 rows=98 width=0)
	        Index Cond: ((k >= 5793286) AND (k <= 5793386))

table 4 : explain SELECT k, c FROM sbtest4 WHERE k BETWEEN 5793286 AND 5793386
	Bitmap Heap Scan on sbtest4  (cost=5.53..429.30 rows=107 width=125)
	  Recheck Cond: ((k >= 5793286) AND (k <= 5793386))
	  ->  Bitmap Index Scan on k_4  (cost=0.00..5.50 rows=107 width=0)
	        Index Cond: ((k >= 5793286) AND (k <= 5793386))

table 5 : explain SELECT k, c FROM sbtest5 WHERE k BETWEEN 5793286 AND 5793386
	Bitmap Heap Scan on sbtest5  (cost=5.37..366.15 rows=91 width=125)
	  Recheck Cond: ((k >= 5793286) AND (k <= 5793386))
	  ->  Bitmap Index Scan on k_5  (cost=0.00..5.34 rows=91 width=0)
	        Index Cond: ((k >= 5793286) AND (k <= 5793386))

table 6 : explain SELECT k, c FROM sbtest6 WHERE k BETWEEN 5793286 AND 5793386
	Bitmap Heap Scan on sbtest6  (cost=5.42..385.88 rows=96 width=125)
	  Recheck Cond: ((k >= 5793286) AND (k <= 5793386))
	  ->  Bitmap Index Scan on k_6  (cost=0.00..5.39 rows=96 width=0)
	        Index Cond: ((k >= 5793286) AND (k <= 5793386))

table 7 : explain SELECT k, c FROM sbtest7 WHERE k BETWEEN 5793286 AND 5793386
	Bitmap Heap Scan on sbtest7  (cost=5.51..421.40 rows=105 width=125)
	  Recheck Cond: ((k >= 5793286) AND (k <= 5793386))
	  ->  Bitmap Index Scan on k_7  (cost=0.00..5.48 rows=105 width=0)
	        Index Cond: ((k >= 5793286) AND (k <= 5793386))

table 8 : explain SELECT k, c FROM sbtest8 WHERE k BETWEEN 5793286 AND 5793386
	Bitmap Heap Scan on sbtest8  (cost=5.44..393.79 rows=98 width=125)
	  Recheck Cond: ((k >= 5793286) AND (k <= 5793386))
	  ->  Bitmap Index Scan on k_8  (cost=0.00..5.42 rows=98 width=0)
	        Index Cond: ((k >= 5793286) AND (k <= 5793386))

explain: for range-notcovered :: explain SELECT k, c FROM sbtest%d WHERE k BETWEEN 2181250 AND 2181350
explain: for range-notcovered :: explain SELECT k, c FROM sbtest%d WHERE k BETWEEN 5793286 AND 5793386
for range-notcovered
table 1 : explain SELECT k, c FROM sbtest1 WHERE k BETWEEN 4845292 AND 4845392
	Bitmap Heap Scan on sbtest1  (cost=5.54..433.23 rows=108 width=125)
	  Recheck Cond: ((k >= 4845292) AND (k <= 4845392))
	  ->  Bitmap Index Scan on k_1  (cost=0.00..5.51 rows=108 width=0)
	        Index Cond: ((k >= 4845292) AND (k <= 4845392))

table 2 : explain SELECT k, c FROM sbtest2 WHERE k BETWEEN 4845292 AND 4845392
	Bitmap Heap Scan on sbtest2  (cost=5.48..409.57 rows=102 width=125)
	  Recheck Cond: ((k >= 4845292) AND (k <= 4845392))
	  ->  Bitmap Index Scan on k_2  (cost=0.00..5.45 rows=102 width=0)
	        Index Cond: ((k >= 4845292) AND (k <= 4845392))

table 3 : explain SELECT k, c FROM sbtest3 WHERE k BETWEEN 4845292 AND 4845392
	Bitmap Heap Scan on sbtest3  (cost=5.48..409.56 rows=102 width=125)
	  Recheck Cond: ((k >= 4845292) AND (k <= 4845392))
	  ->  Bitmap Index Scan on k_3  (cost=0.00..5.45 rows=102 width=0)
	        Index Cond: ((k >= 4845292) AND (k <= 4845392))

table 4 : explain SELECT k, c FROM sbtest4 WHERE k BETWEEN 4845292 AND 4845392
	Bitmap Heap Scan on sbtest4  (cost=5.48..409.58 rows=102 width=125)
	  Recheck Cond: ((k >= 4845292) AND (k <= 4845392))
	  ->  Bitmap Index Scan on k_4  (cost=0.00..5.45 rows=102 width=0)
	        Index Cond: ((k >= 4845292) AND (k <= 4845392))

table 5 : explain SELECT k, c FROM sbtest5 WHERE k BETWEEN 4845292 AND 4845392
	Bitmap Heap Scan on sbtest5  (cost=5.43..389.84 rows=97 width=125)
	  Recheck Cond: ((k >= 4845292) AND (k <= 4845392))
	  ->  Bitmap Index Scan on k_5  (cost=0.00..5.40 rows=97 width=0)
	        Index Cond: ((k >= 4845292) AND (k <= 4845392))

table 6 : explain SELECT k, c FROM sbtest6 WHERE k BETWEEN 4845292 AND 4845392
	Bitmap Heap Scan on sbtest6  (cost=5.51..421.39 rows=105 width=125)
	  Recheck Cond: ((k >= 4845292) AND (k <= 4845392))
	  ->  Bitmap Index Scan on k_6  (cost=0.00..5.48 rows=105 width=0)
	        Index Cond: ((k >= 4845292) AND (k <= 4845392))

table 7 : explain SELECT k, c FROM sbtest7 WHERE k BETWEEN 4845292 AND 4845392
	Bitmap Heap Scan on sbtest7  (cost=5.53..429.29 rows=107 width=125)
	  Recheck Cond: ((k >= 4845292) AND (k <= 4845392))
	  ->  Bitmap Index Scan on k_7  (cost=0.00..5.50 rows=107 width=0)
	        Index Cond: ((k >= 4845292) AND (k <= 4845392))

table 8 : explain SELECT k, c FROM sbtest8 WHERE k BETWEEN 4845292 AND 4845392
	Bitmap Heap Scan on sbtest8  (cost=5.56..441.12 rows=110 width=125)
	  Recheck Cond: ((k >= 4845292) AND (k <= 4845392))
	  ->  Bitmap Index Scan on k_8  (cost=0.00..5.53 rows=110 width=0)
	        Index Cond: ((k >= 4845292) AND (k <= 4845392))

for range-notcovered
table 1 : explain SELECT k, c FROM sbtest1 WHERE k BETWEEN 4426134 AND 4426234
	Bitmap Heap Scan on sbtest1  (cost=5.45..397.73 rows=99 width=125)
	  Recheck Cond: ((k >= 4426134) AND (k <= 4426234))
	  ->  Bitmap Index Scan on k_1  (cost=0.00..5.42 rows=99 width=0)
	        Index Cond: ((k >= 4426134) AND (k <= 4426234))

table 2 : explain SELECT k, c FROM sbtest2 WHERE k BETWEEN 4426134 AND 4426234
	Bitmap Heap Scan on sbtest2  (cost=5.50..417.46 rows=104 width=125)
	  Recheck Cond: ((k >= 4426134) AND (k <= 4426234))
	  ->  Bitmap Index Scan on k_2  (cost=0.00..5.47 rows=104 width=0)
	        Index Cond: ((k >= 4426134) AND (k <= 4426234))

table 3 : explain SELECT k, c FROM sbtest3 WHERE k BETWEEN 4426134 AND 4426234
	Bitmap Heap Scan on sbtest3  (cost=5.41..381.94 rows=95 width=125)
	  Recheck Cond: ((k >= 4426134) AND (k <= 4426234))
	  ->  Bitmap Index Scan on k_3  (cost=0.00..5.38 rows=95 width=0)
	        Index Cond: ((k >= 4426134) AND (k <= 4426234))

table 4 : explain SELECT k, c FROM sbtest4 WHERE k BETWEEN 4426134 AND 4426234
	Bitmap Heap Scan on sbtest4  (cost=5.48..409.58 rows=102 width=125)
	  Recheck Cond: ((k >= 4426134) AND (k <= 4426234))
	  ->  Bitmap Index Scan on k_4  (cost=0.00..5.45 rows=102 width=0)
	        Index Cond: ((k >= 4426134) AND (k <= 4426234))

table 5 : explain SELECT k, c FROM sbtest5 WHERE k BETWEEN 4426134 AND 4426234
	Bitmap Heap Scan on sbtest5  (cost=5.45..397.73 rows=99 width=125)
	  Recheck Cond: ((k >= 4426134) AND (k <= 4426234))
	  ->  Bitmap Index Scan on k_5  (cost=0.00..5.42 rows=99 width=0)
	        Index Cond: ((k >= 4426134) AND (k <= 4426234))

table 6 : explain SELECT k, c FROM sbtest6 WHERE k BETWEEN 4426134 AND 4426234
	Bitmap Heap Scan on sbtest6  (cost=5.47..405.61 rows=101 width=125)
	  Recheck Cond: ((k >= 4426134) AND (k <= 4426234))
	  ->  Bitmap Index Scan on k_6  (cost=0.00..5.44 rows=101 width=0)
	        Index Cond: ((k >= 4426134) AND (k <= 4426234))

table 7 : explain SELECT k, c FROM sbtest7 WHERE k BETWEEN 4426134 AND 4426234
	Bitmap Heap Scan on sbtest7  (cost=5.50..417.46 rows=104 width=125)
	  Recheck Cond: ((k >= 4426134) AND (k <= 4426234))
	  ->  Bitmap Index Scan on k_7  (cost=0.00..5.47 rows=104 width=0)
	        Index Cond: ((k >= 4426134) AND (k <= 4426234))

table 8 : explain SELECT k, c FROM sbtest8 WHERE k BETWEEN 4426134 AND 4426234
	Bitmap Heap Scan on sbtest8  (cost=5.49..413.52 rows=103 width=125)
	  Recheck Cond: ((k >= 4426134) AND (k <= 4426234))
	  ->  Bitmap Index Scan on k_8  (cost=0.00..5.46 rows=103 width=0)
	        Index Cond: ((k >= 4426134) AND (k <= 4426234))

for range-notcovered
table 1 : explain SELECT k, c FROM sbtest1 WHERE k BETWEEN 9404245 AND 9404345
	Bitmap Heap Scan on sbtest1  (cost=5.51..421.40 rows=105 width=125)
	  Recheck Cond: ((k >= 9404245) AND (k <= 9404345))
	  ->  Bitmap Index Scan on k_1  (cost=0.00..5.48 rows=105 width=0)
	        Index Cond: ((k >= 9404245) AND (k <= 9404345))

table 2 : explain SELECT k, c FROM sbtest2 WHERE k BETWEEN 9404245 AND 9404345
	Bitmap Heap Scan on sbtest2  (cost=5.47..405.62 rows=101 width=125)
	  Recheck Cond: ((k >= 9404245) AND (k <= 9404345))
	  ->  Bitmap Index Scan on k_2  (cost=0.00..5.44 rows=101 width=0)
	        Index Cond: ((k >= 9404245) AND (k <= 9404345))

table 3 : explain SELECT k, c FROM sbtest3 WHERE k BETWEEN 9404245 AND 9404345
	Bitmap Heap Scan on sbtest3  (cost=5.48..409.56 rows=102 width=125)
	  Recheck Cond: ((k >= 9404245) AND (k <= 9404345))
	  ->  Bitmap Index Scan on k_3  (cost=0.00..5.45 rows=102 width=0)
	        Index Cond: ((k >= 9404245) AND (k <= 9404345))

table 4 : explain SELECT k, c FROM sbtest4 WHERE k BETWEEN 9404245 AND 9404345
	Bitmap Heap Scan on sbtest4  (cost=5.45..397.74 rows=99 width=125)
	  Recheck Cond: ((k >= 9404245) AND (k <= 9404345))
	  ->  Bitmap Index Scan on k_4  (cost=0.00..5.42 rows=99 width=0)
	        Index Cond: ((k >= 9404245) AND (k <= 9404345))

table 5 : explain SELECT k, c FROM sbtest5 WHERE k BETWEEN 9404245 AND 9404345
	Bitmap Heap Scan on sbtest5  (cost=5.61..460.83 rows=115 width=125)
	  Recheck Cond: ((k >= 9404245) AND (k <= 9404345))
	  ->  Bitmap Index Scan on k_5  (cost=0.00..5.58 rows=115 width=0)
	        Index Cond: ((k >= 9404245) AND (k <= 9404345))

table 6 : explain SELECT k, c FROM sbtest6 WHERE k BETWEEN 9404245 AND 9404345
	Bitmap Heap Scan on sbtest6  (cost=5.42..385.88 rows=96 width=125)
	  Recheck Cond: ((k >= 9404245) AND (k <= 9404345))
	  ->  Bitmap Index Scan on k_6  (cost=0.00..5.39 rows=96 width=0)
	        Index Cond: ((k >= 9404245) AND (k <= 9404345))

table 7 : explain SELECT k, c FROM sbtest7 WHERE k BETWEEN 9404245 AND 9404345
	Bitmap Heap Scan on sbtest7  (cost=5.45..397.73 rows=99 width=125)
	  Recheck Cond: ((k >= 9404245) AND (k <= 9404345))
	  ->  Bitmap Index Scan on k_7  (cost=0.00..5.42 rows=99 width=0)
	        Index Cond: ((k >= 9404245) AND (k <= 9404345))

table 8 : explain SELECT k, c FROM sbtest8 WHERE k BETWEEN 9404245 AND 9404345
	Bitmap Heap Scan on sbtest8  (cost=5.45..397.73 rows=99 width=125)
	  Recheck Cond: ((k >= 9404245) AND (k <= 9404345))
	  ->  Bitmap Index Scan on k_8  (cost=0.00..5.42 rows=99 width=0)
	        Index Cond: ((k >= 9404245) AND (k <= 9404345))

for range-notcovered
table 1 : explain SELECT k, c FROM sbtest1 WHERE k BETWEEN 4678428 AND 4678528
	Bitmap Heap Scan on sbtest1  (cost=5.45..397.73 rows=99 width=125)
	  Recheck Cond: ((k >= 4678428) AND (k <= 4678528))
	  ->  Bitmap Index Scan on k_1  (cost=0.00..5.42 rows=99 width=0)
	        Index Cond: ((k >= 4678428) AND (k <= 4678528))

table 2 : explain SELECT k, c FROM sbtest2 WHERE k BETWEEN 4678428 AND 4678528
	Bitmap Heap Scan on sbtest2  (cost=5.57..445.06 rows=111 width=125)
	  Recheck Cond: ((k >= 4678428) AND (k <= 4678528))
	  ->  Bitmap Index Scan on k_2  (cost=0.00..5.54 rows=111 width=0)
	        Index Cond: ((k >= 4678428) AND (k <= 4678528))

table 3 : explain SELECT k, c FROM sbtest3 WHERE k BETWEEN 4678428 AND 4678528
	Bitmap Heap Scan on sbtest3  (cost=5.50..417.45 rows=104 width=125)
	  Recheck Cond: ((k >= 4678428) AND (k <= 4678528))
	  ->  Bitmap Index Scan on k_3  (cost=0.00..5.47 rows=104 width=0)
	        Index Cond: ((k >= 4678428) AND (k <= 4678528))

table 4 : explain SELECT k, c FROM sbtest4 WHERE k BETWEEN 4678428 AND 4678528
	Bitmap Heap Scan on sbtest4  (cost=5.51..421.41 rows=105 width=125)
	  Recheck Cond: ((k >= 4678428) AND (k <= 4678528))
	  ->  Bitmap Index Scan on k_4  (cost=0.00..5.48 rows=105 width=0)
	        Index Cond: ((k >= 4678428) AND (k <= 4678528))

table 5 : explain SELECT k, c FROM sbtest5 WHERE k BETWEEN 4678428 AND 4678528
	Bitmap Heap Scan on sbtest5  (cost=5.44..393.79 rows=98 width=125)
	  Recheck Cond: ((k >= 4678428) AND (k <= 4678528))
	  ->  Bitmap Index Scan on k_5  (cost=0.00..5.42 rows=98 width=0)
	        Index Cond: ((k >= 4678428) AND (k <= 4678528))

table 6 : explain SELECT k, c FROM sbtest6 WHERE k BETWEEN 4678428 AND 4678528
	Bitmap Heap Scan on sbtest6  (cost=5.45..397.72 rows=99 width=125)
	  Recheck Cond: ((k >= 4678428) AND (k <= 4678528))
	  ->  Bitmap Index Scan on k_6  (cost=0.00..5.42 rows=99 width=0)
	        Index Cond: ((k >= 4678428) AND (k <= 4678528))

table 7 : explain SELECT k, c FROM sbtest7 WHERE k BETWEEN 4678428 AND 4678528
	Bitmap Heap Scan on sbtest7  (cost=5.54..433.24 rows=108 width=125)
	  Recheck Cond: ((k >= 4678428) AND (k <= 4678528))
	  ->  Bitmap Index Scan on k_7  (cost=0.00..5.51 rows=108 width=0)
	        Index Cond: ((k >= 4678428) AND (k <= 4678528))

table 8 : explain SELECT k, c FROM sbtest8 WHERE k BETWEEN 4678428 AND 4678528
	Bitmap Heap Scan on sbtest8  (cost=5.49..413.52 rows=103 width=125)
	  Recheck Cond: ((k >= 4678428) AND (k <= 4678528))
	  ->  Bitmap Index Scan on k_8  (cost=0.00..5.46 rows=103 width=0)
	        Index Cond: ((k >= 4678428) AND (k <= 4678528))

for range-notcovered
table 1 : explain SELECT k, c FROM sbtest1 WHERE k BETWEEN 5181953 AND 5182053
	Bitmap Heap Scan on sbtest1  (cost=5.44..393.78 rows=98 width=125)
	  Recheck Cond: ((k >= 5181953) AND (k <= 5182053))
	  ->  Bitmap Index Scan on k_1  (cost=0.00..5.42 rows=98 width=0)
	        Index Cond: ((k >= 5181953) AND (k <= 5182053))

table 2 : explain SELECT k, c FROM sbtest2 WHERE k BETWEEN 5181953 AND 5182053
	Bitmap Heap Scan on sbtest2  (cost=5.46..401.68 rows=100 width=125)
	  Recheck Cond: ((k >= 5181953) AND (k <= 5182053))
	  ->  Bitmap Index Scan on k_2  (cost=0.00..5.43 rows=100 width=0)
	        Index Cond: ((k >= 5181953) AND (k <= 5182053))

table 3 : explain SELECT k, c FROM sbtest3 WHERE k BETWEEN 5181953 AND 5182053
	Bitmap Heap Scan on sbtest3  (cost=5.54..433.22 rows=108 width=125)
	  Recheck Cond: ((k >= 5181953) AND (k <= 5182053))
	  ->  Bitmap Index Scan on k_3  (cost=0.00..5.51 rows=108 width=0)
	        Index Cond: ((k >= 5181953) AND (k <= 5182053))

table 4 : explain SELECT k, c FROM sbtest4 WHERE k BETWEEN 5181953 AND 5182053
	Bitmap Heap Scan on sbtest4  (cost=5.54..433.24 rows=108 width=125)
	  Recheck Cond: ((k >= 5181953) AND (k <= 5182053))
	  ->  Bitmap Index Scan on k_4  (cost=0.00..5.51 rows=108 width=0)
	        Index Cond: ((k >= 5181953) AND (k <= 5182053))

table 5 : explain SELECT k, c FROM sbtest5 WHERE k BETWEEN 5181953 AND 5182053
	Bitmap Heap Scan on sbtest5  (cost=5.47..405.62 rows=101 width=125)
	  Recheck Cond: ((k >= 5181953) AND (k <= 5182053))
	  ->  Bitmap Index Scan on k_5  (cost=0.00..5.44 rows=101 width=0)
	        Index Cond: ((k >= 5181953) AND (k <= 5182053))

table 6 : explain SELECT k, c FROM sbtest6 WHERE k BETWEEN 5181953 AND 5182053
	Bitmap Heap Scan on sbtest6  (cost=5.52..425.34 rows=106 width=125)
	  Recheck Cond: ((k >= 5181953) AND (k <= 5182053))
	  ->  Bitmap Index Scan on k_6  (cost=0.00..5.50 rows=106 width=0)
	        Index Cond: ((k >= 5181953) AND (k <= 5182053))

table 7 : explain SELECT k, c FROM sbtest7 WHERE k BETWEEN 5181953 AND 5182053
	Bitmap Heap Scan on sbtest7  (cost=5.49..413.52 rows=103 width=125)
	  Recheck Cond: ((k >= 5181953) AND (k <= 5182053))
	  ->  Bitmap Index Scan on k_7  (cost=0.00..5.46 rows=103 width=0)
	        Index Cond: ((k >= 5181953) AND (k <= 5182053))

table 8 : explain SELECT k, c FROM sbtest8 WHERE k BETWEEN 5181953 AND 5182053
	Bitmap Heap Scan on sbtest8  (cost=5.36..362.20 rows=90 width=125)
	  Recheck Cond: ((k >= 5181953) AND (k <= 5182053))
	  ->  Bitmap Index Scan on k_8  (cost=0.00..5.33 rows=90 width=0)
	        Index Cond: ((k >= 5181953) AND (k <= 5182053))

explain: for range-notcovered :: explain SELECT k, c FROM sbtest%d WHERE k BETWEEN 4845292 AND 4845392
explain: for range-notcovered :: explain SELECT k, c FROM sbtest%d WHERE k BETWEEN 4426134 AND 4426234
for range-notcovered
table 1 : explain SELECT k, c FROM sbtest1 WHERE k BETWEEN 5389644 AND 5389744
	Bitmap Heap Scan on sbtest1  (cost=5.51..421.40 rows=105 width=125)
	  Recheck Cond: ((k >= 5389644) AND (k <= 5389744))
	  ->  Bitmap Index Scan on k_1  (cost=0.00..5.48 rows=105 width=0)
	        Index Cond: ((k >= 5389644) AND (k <= 5389744))

table 2 : explain SELECT k, c FROM sbtest2 WHERE k BETWEEN 5389644 AND 5389744
	Bitmap Heap Scan on sbtest2  (cost=5.49..413.51 rows=103 width=125)
	  Recheck Cond: ((k >= 5389644) AND (k <= 5389744))
	  ->  Bitmap Index Scan on k_2  (cost=0.00..5.46 rows=103 width=0)
	        Index Cond: ((k >= 5389644) AND (k <= 5389744))

table 3 : explain SELECT k, c FROM sbtest3 WHERE k BETWEEN 5389644 AND 5389744
	Bitmap Heap Scan on sbtest3  (cost=5.45..397.72 rows=99 width=125)
	  Recheck Cond: ((k >= 5389644) AND (k <= 5389744))
	  ->  Bitmap Index Scan on k_3  (cost=0.00..5.42 rows=99 width=0)
	        Index Cond: ((k >= 5389644) AND (k <= 5389744))

table 4 : explain SELECT k, c FROM sbtest4 WHERE k BETWEEN 5389644 AND 5389744
	Bitmap Heap Scan on sbtest4  (cost=5.56..441.13 rows=110 width=125)
	  Recheck Cond: ((k >= 5389644) AND (k <= 5389744))
	  ->  Bitmap Index Scan on k_4  (cost=0.00..5.53 rows=110 width=0)
	        Index Cond: ((k >= 5389644) AND (k <= 5389744))

table 5 : explain SELECT k, c FROM sbtest5 WHERE k BETWEEN 5389644 AND 5389744
	Bitmap Heap Scan on sbtest5  (cost=5.58..449.00 rows=112 width=125)
	  Recheck Cond: ((k >= 5389644) AND (k <= 5389744))
	  ->  Bitmap Index Scan on k_5  (cost=0.00..5.55 rows=112 width=0)
	        Index Cond: ((k >= 5389644) AND (k <= 5389744))

table 6 : explain SELECT k, c FROM sbtest6 WHERE k BETWEEN 5389644 AND 5389744
	Bitmap Heap Scan on sbtest6  (cost=5.43..389.83 rows=97 width=125)
	  Recheck Cond: ((k >= 5389644) AND (k <= 5389744))
	  ->  Bitmap Index Scan on k_6  (cost=0.00..5.40 rows=97 width=0)
	        Index Cond: ((k >= 5389644) AND (k <= 5389744))

table 7 : explain SELECT k, c FROM sbtest7 WHERE k BETWEEN 5389644 AND 5389744
	Bitmap Heap Scan on sbtest7  (cost=5.54..433.24 rows=108 width=125)
	  Recheck Cond: ((k >= 5389644) AND (k <= 5389744))
	  ->  Bitmap Index Scan on k_7  (cost=0.00..5.51 rows=108 width=0)
	        Index Cond: ((k >= 5389644) AND (k <= 5389744))

table 8 : explain SELECT k, c FROM sbtest8 WHERE k BETWEEN 5389644 AND 5389744
	Bitmap Heap Scan on sbtest8  (cost=5.39..374.05 rows=93 width=125)
	  Recheck Cond: ((k >= 5389644) AND (k <= 5389744))
	  ->  Bitmap Index Scan on k_8  (cost=0.00..5.36 rows=93 width=0)
	        Index Cond: ((k >= 5389644) AND (k <= 5389744))

explain: for range-notcovered :: explain SELECT k, c FROM sbtest%d WHERE k BETWEEN 4678428 AND 4678528
explain: for range-notcovered :: explain SELECT k, c FROM sbtest%d WHERE k BETWEEN 5181953 AND 5182053
for range-notcovered
table 1 : explain SELECT k, c FROM sbtest1 WHERE k BETWEEN 6552462 AND 6552562
	Bitmap Heap Scan on sbtest1  (cost=5.47..405.62 rows=101 width=125)
	  Recheck Cond: ((k >= 6552462) AND (k <= 6552562))
	  ->  Bitmap Index Scan on k_1  (cost=0.00..5.44 rows=101 width=0)
	        Index Cond: ((k >= 6552462) AND (k <= 6552562))

table 2 : explain SELECT k, c FROM sbtest2 WHERE k BETWEEN 6552462 AND 6552562
	Bitmap Heap Scan on sbtest2  (cost=5.52..425.35 rows=106 width=125)
	  Recheck Cond: ((k >= 6552462) AND (k <= 6552562))
	  ->  Bitmap Index Scan on k_2  (cost=0.00..5.50 rows=106 width=0)
	        Index Cond: ((k >= 6552462) AND (k <= 6552562))

table 3 : explain SELECT k, c FROM sbtest3 WHERE k BETWEEN 6552462 AND 6552562
	Bitmap Heap Scan on sbtest3  (cost=5.37..366.14 rows=91 width=125)
	  Recheck Cond: ((k >= 6552462) AND (k <= 6552562))
	  ->  Bitmap Index Scan on k_3  (cost=0.00..5.34 rows=91 width=0)
	        Index Cond: ((k >= 6552462) AND (k <= 6552562))

table 4 : explain SELECT k, c FROM sbtest4 WHERE k BETWEEN 6552462 AND 6552562
	Bitmap Heap Scan on sbtest4  (cost=5.58..449.01 rows=112 width=125)
	  Recheck Cond: ((k >= 6552462) AND (k <= 6552562))
	  ->  Bitmap Index Scan on k_4  (cost=0.00..5.55 rows=112 width=0)
	        Index Cond: ((k >= 6552462) AND (k <= 6552562))

table 5 : explain SELECT k, c FROM sbtest5 WHERE k BETWEEN 6552462 AND 6552562
	Bitmap Heap Scan on sbtest5  (cost=5.48..409.57 rows=102 width=125)
	  Recheck Cond: ((k >= 6552462) AND (k <= 6552562))
	  ->  Bitmap Index Scan on k_5  (cost=0.00..5.45 rows=102 width=0)
	        Index Cond: ((k >= 6552462) AND (k <= 6552562))

table 6 : explain SELECT k, c FROM sbtest6 WHERE k BETWEEN 6552462 AND 6552562
	Bitmap Heap Scan on sbtest6  (cost=5.60..456.87 rows=114 width=125)
	  Recheck Cond: ((k >= 6552462) AND (k <= 6552562))
	  ->  Bitmap Index Scan on k_6  (cost=0.00..5.58 rows=114 width=0)
	        Index Cond: ((k >= 6552462) AND (k <= 6552562))

table 7 : explain SELECT k, c FROM sbtest7 WHERE k BETWEEN 6552462 AND 6552562
	Bitmap Heap Scan on sbtest7  (cost=5.45..397.73 rows=99 width=125)
	  Recheck Cond: ((k >= 6552462) AND (k <= 6552562))
	  ->  Bitmap Index Scan on k_7  (cost=0.00..5.42 rows=99 width=0)
	        Index Cond: ((k >= 6552462) AND (k <= 6552562))

table 8 : explain SELECT k, c FROM sbtest8 WHERE k BETWEEN 6552462 AND 6552562
	Bitmap Heap Scan on sbtest8  (cost=5.48..409.57 rows=102 width=125)
	  Recheck Cond: ((k >= 6552462) AND (k <= 6552562))
	  ->  Bitmap Index Scan on k_8  (cost=0.00..5.45 rows=102 width=0)
	        Index Cond: ((k >= 6552462) AND (k <= 6552562))

explain: for range-notcovered :: explain SELECT k, c FROM sbtest%d WHERE k BETWEEN 5389644 AND 5389744
for range-notcovered
table 1 : explain SELECT k, c FROM sbtest1 WHERE k BETWEEN 7583462 AND 7583562
	Bitmap Heap Scan on sbtest1  (cost=5.53..429.29 rows=107 width=125)
	  Recheck Cond: ((k >= 7583462) AND (k <= 7583562))
	  ->  Bitmap Index Scan on k_1  (cost=0.00..5.50 rows=107 width=0)
	        Index Cond: ((k >= 7583462) AND (k <= 7583562))

table 2 : explain SELECT k, c FROM sbtest2 WHERE k BETWEEN 7583462 AND 7583562
	Bitmap Heap Scan on sbtest2  (cost=5.53..429.29 rows=107 width=125)
	  Recheck Cond: ((k >= 7583462) AND (k <= 7583562))
	  ->  Bitmap Index Scan on k_2  (cost=0.00..5.50 rows=107 width=0)
	        Index Cond: ((k >= 7583462) AND (k <= 7583562))

table 3 : explain SELECT k, c FROM sbtest3 WHERE k BETWEEN 7583462 AND 7583562
	Bitmap Heap Scan on sbtest3  (cost=5.40..377.99 rows=94 width=125)
	  Recheck Cond: ((k >= 7583462) AND (k <= 7583562))
	  ->  Bitmap Index Scan on k_3  (cost=0.00..5.38 rows=94 width=0)
	        Index Cond: ((k >= 7583462) AND (k <= 7583562))

table 4 : explain SELECT k, c FROM sbtest4 WHERE k BETWEEN 7583462 AND 7583562
	Bitmap Heap Scan on sbtest4  (cost=5.42..385.90 rows=96 width=125)
	  Recheck Cond: ((k >= 7583462) AND (k <= 7583562))
	  ->  Bitmap Index Scan on k_4  (cost=0.00..5.39 rows=96 width=0)
	        Index Cond: ((k >= 7583462) AND (k <= 7583562))

table 5 : explain SELECT k, c FROM sbtest5 WHERE k BETWEEN 7583462 AND 7583562
	Bitmap Heap Scan on sbtest5  (cost=5.47..405.62 rows=101 width=125)
	  Recheck Cond: ((k >= 7583462) AND (k <= 7583562))
	  ->  Bitmap Index Scan on k_5  (cost=0.00..5.44 rows=101 width=0)
	        Index Cond: ((k >= 7583462) AND (k <= 7583562))

table 6 : explain SELECT k, c FROM sbtest6 WHERE k BETWEEN 7583462 AND 7583562
	Bitmap Heap Scan on sbtest6  (cost=5.48..409.56 rows=102 width=125)
	  Recheck Cond: ((k >= 7583462) AND (k <= 7583562))
	  ->  Bitmap Index Scan on k_6  (cost=0.00..5.45 rows=102 width=0)
	        Index Cond: ((k >= 7583462) AND (k <= 7583562))

table 7 : explain SELECT k, c FROM sbtest7 WHERE k BETWEEN 7583462 AND 7583562
	Bitmap Heap Scan on sbtest7  (cost=5.46..401.68 rows=100 width=125)
	  Recheck Cond: ((k >= 7583462) AND (k <= 7583562))
	  ->  Bitmap Index Scan on k_7  (cost=0.00..5.43 rows=100 width=0)
	        Index Cond: ((k >= 7583462) AND (k <= 7583562))

table 8 : explain SELECT k, c FROM sbtest8 WHERE k BETWEEN 7583462 AND 7583562
	Bitmap Heap Scan on sbtest8  (cost=5.56..441.12 rows=110 width=125)
	  Recheck Cond: ((k >= 7583462) AND (k <= 7583562))
	  ->  Bitmap Index Scan on k_8  (cost=0.00..5.53 rows=110 width=0)
	        Index Cond: ((k >= 7583462) AND (k <= 7583562))

for range-notcovered
table 1 : explain SELECT k, c FROM sbtest1 WHERE k BETWEEN 531597 AND 531697
	Bitmap Heap Scan on sbtest1  (cost=5.48..409.57 rows=102 width=125)
	  Recheck Cond: ((k >= 531597) AND (k <= 531697))
	  ->  Bitmap Index Scan on k_1  (cost=0.00..5.45 rows=102 width=0)
	        Index Cond: ((k >= 531597) AND (k <= 531697))

table 2 : explain SELECT k, c FROM sbtest2 WHERE k BETWEEN 531597 AND 531697
	Bitmap Heap Scan on sbtest2  (cost=5.42..385.89 rows=96 width=125)
	  Recheck Cond: ((k >= 531597) AND (k <= 531697))
	  ->  Bitmap Index Scan on k_2  (cost=0.00..5.39 rows=96 width=0)
	        Index Cond: ((k >= 531597) AND (k <= 531697))

table 3 : explain SELECT k, c FROM sbtest3 WHERE k BETWEEN 531597 AND 531697
	Bitmap Heap Scan on sbtest3  (cost=5.47..405.62 rows=101 width=125)
	  Recheck Cond: ((k >= 531597) AND (k <= 531697))
	  ->  Bitmap Index Scan on k_3  (cost=0.00..5.44 rows=101 width=0)
	        Index Cond: ((k >= 531597) AND (k <= 531697))

table 4 : explain SELECT k, c FROM sbtest4 WHERE k BETWEEN 531597 AND 531697
	Bitmap Heap Scan on sbtest4  (cost=5.54..433.24 rows=108 width=125)
	  Recheck Cond: ((k >= 531597) AND (k <= 531697))
	  ->  Bitmap Index Scan on k_4  (cost=0.00..5.51 rows=108 width=0)
	        Index Cond: ((k >= 531597) AND (k <= 531697))

table 5 : explain SELECT k, c FROM sbtest5 WHERE k BETWEEN 531597 AND 531697
	Bitmap Heap Scan on sbtest5  (cost=5.60..456.88 rows=114 width=125)
	  Recheck Cond: ((k >= 531597) AND (k <= 531697))
	  ->  Bitmap Index Scan on k_5  (cost=0.00..5.58 rows=114 width=0)
	        Index Cond: ((k >= 531597) AND (k <= 531697))

table 6 : explain SELECT k, c FROM sbtest6 WHERE k BETWEEN 531597 AND 531697
	Bitmap Heap Scan on sbtest6  (cost=5.43..389.83 rows=97 width=125)
	  Recheck Cond: ((k >= 531597) AND (k <= 531697))
	  ->  Bitmap Index Scan on k_6  (cost=0.00..5.40 rows=97 width=0)
	        Index Cond: ((k >= 531597) AND (k <= 531697))

table 7 : explain SELECT k, c FROM sbtest7 WHERE k BETWEEN 531597 AND 531697
	Bitmap Heap Scan on sbtest7  (cost=5.60..456.89 rows=114 width=125)
	  Recheck Cond: ((k >= 531597) AND (k <= 531697))
	  ->  Bitmap Index Scan on k_7  (cost=0.00..5.58 rows=114 width=0)
	        Index Cond: ((k >= 531597) AND (k <= 531697))

table 8 : explain SELECT k, c FROM sbtest8 WHERE k BETWEEN 531597 AND 531697
	Bitmap Heap Scan on sbtest8  (cost=5.61..460.83 rows=115 width=125)
	  Recheck Cond: ((k >= 531597) AND (k <= 531697))
	  ->  Bitmap Index Scan on k_8  (cost=0.00..5.58 rows=115 width=0)
	        Index Cond: ((k >= 531597) AND (k <= 531697))

explain: for range-notcovered :: explain SELECT k, c FROM sbtest%d WHERE k BETWEEN 6552462 AND 6552562
explain: for range-notcovered :: explain SELECT k, c FROM sbtest%d WHERE k BETWEEN 7583462 AND 7583562
for range-notcovered
table 1 : explain SELECT k, c FROM sbtest1 WHERE k BETWEEN 6594822 AND 6594922
	Bitmap Heap Scan on sbtest1  (cost=5.51..421.40 rows=105 width=125)
	  Recheck Cond: ((k >= 6594822) AND (k <= 6594922))
	  ->  Bitmap Index Scan on k_1  (cost=0.00..5.48 rows=105 width=0)
	        Index Cond: ((k >= 6594822) AND (k <= 6594922))

table 2 : explain SELECT k, c FROM sbtest2 WHERE k BETWEEN 6594822 AND 6594922
	Bitmap Heap Scan on sbtest2  (cost=5.53..429.29 rows=107 width=125)
	  Recheck Cond: ((k >= 6594822) AND (k <= 6594922))
	  ->  Bitmap Index Scan on k_2  (cost=0.00..5.50 rows=107 width=0)
	        Index Cond: ((k >= 6594822) AND (k <= 6594922))

table 3 : explain SELECT k, c FROM sbtest3 WHERE k BETWEEN 6594822 AND 6594922
	Bitmap Heap Scan on sbtest3  (cost=5.37..366.14 rows=91 width=125)
	  Recheck Cond: ((k >= 6594822) AND (k <= 6594922))
	  ->  Bitmap Index Scan on k_3  (cost=0.00..5.34 rows=91 width=0)
	        Index Cond: ((k >= 6594822) AND (k <= 6594922))

table 4 : explain SELECT k, c FROM sbtest4 WHERE k BETWEEN 6594822 AND 6594922
	Bitmap Heap Scan on sbtest4  (cost=5.58..449.01 rows=112 width=125)
	  Recheck Cond: ((k >= 6594822) AND (k <= 6594922))
	  ->  Bitmap Index Scan on k_4  (cost=0.00..5.55 rows=112 width=0)
	        Index Cond: ((k >= 6594822) AND (k <= 6594922))

table 5 : explain SELECT k, c FROM sbtest5 WHERE k BETWEEN 6594822 AND 6594922
	Bitmap Heap Scan on sbtest5  (cost=5.49..413.51 rows=103 width=125)
	  Recheck Cond: ((k >= 6594822) AND (k <= 6594922))
	  ->  Bitmap Index Scan on k_5  (cost=0.00..5.46 rows=103 width=0)
	        Index Cond: ((k >= 6594822) AND (k <= 6594922))

table 6 : explain SELECT k, c FROM sbtest6 WHERE k BETWEEN 6594822 AND 6594922
	Bitmap Heap Scan on sbtest6  (cost=5.60..456.87 rows=114 width=125)
	  Recheck Cond: ((k >= 6594822) AND (k <= 6594922))
	  ->  Bitmap Index Scan on k_6  (cost=0.00..5.58 rows=114 width=0)
	        Index Cond: ((k >= 6594822) AND (k <= 6594922))

table 7 : explain SELECT k, c FROM sbtest7 WHERE k BETWEEN 6594822 AND 6594922
	Bitmap Heap Scan on sbtest7  (cost=5.53..429.29 rows=107 width=125)
	  Recheck Cond: ((k >= 6594822) AND (k <= 6594922))
	  ->  Bitmap Index Scan on k_7  (cost=0.00..5.50 rows=107 width=0)
	        Index Cond: ((k >= 6594822) AND (k <= 6594922))

table 8 : explain SELECT k, c FROM sbtest8 WHERE k BETWEEN 6594822 AND 6594922
	Bitmap Heap Scan on sbtest8  (cost=5.48..409.57 rows=102 width=125)
	  Recheck Cond: ((k >= 6594822) AND (k <= 6594922))
	  ->  Bitmap Index Scan on k_8  (cost=0.00..5.45 rows=102 width=0)
	        Index Cond: ((k >= 6594822) AND (k <= 6594922))

for range-notcovered
table 1 : explain SELECT k, c FROM sbtest1 WHERE k BETWEEN 3571436 AND 3571536
	Bitmap Heap Scan on sbtest1  (cost=5.45..397.73 rows=99 width=125)
	  Recheck Cond: ((k >= 3571436) AND (k <= 3571536))
	  ->  Bitmap Index Scan on k_1  (cost=0.00..5.42 rows=99 width=0)
	        Index Cond: ((k >= 3571436) AND (k <= 3571536))

table 2 : explain SELECT k, c FROM sbtest2 WHERE k BETWEEN 3571436 AND 3571536
	Bitmap Heap Scan on sbtest2  (cost=5.54..433.23 rows=108 width=125)
	  Recheck Cond: ((k >= 3571436) AND (k <= 3571536))
	  ->  Bitmap Index Scan on k_2  (cost=0.00..5.51 rows=108 width=0)
	        Index Cond: ((k >= 3571436) AND (k <= 3571536))

table 3 : explain SELECT k, c FROM sbtest3 WHERE k BETWEEN 3571436 AND 3571536
	Bitmap Heap Scan on sbtest3  (cost=5.51..421.39 rows=105 width=125)
	  Recheck Cond: ((k >= 3571436) AND (k <= 3571536))
	  ->  Bitmap Index Scan on k_3  (cost=0.00..5.48 rows=105 width=0)
	        Index Cond: ((k >= 3571436) AND (k <= 3571536))

table 4 : explain SELECT k, c FROM sbtest4 WHERE k BETWEEN 3571436 AND 3571536
	Bitmap Heap Scan on sbtest4  (cost=5.43..389.85 rows=97 width=125)
	  Recheck Cond: ((k >= 3571436) AND (k <= 3571536))
	  ->  Bitmap Index Scan on k_4  (cost=0.00..5.40 rows=97 width=0)
	        Index Cond: ((k >= 3571436) AND (k <= 3571536))

table 5 : explain SELECT k, c FROM sbtest5 WHERE k BETWEEN 3571436 AND 3571536
	Bitmap Heap Scan on sbtest5  (cost=5.54..433.23 rows=108 width=125)
	  Recheck Cond: ((k >= 3571436) AND (k <= 3571536))
	  ->  Bitmap Index Scan on k_5  (cost=0.00..5.51 rows=108 width=0)
	        Index Cond: ((k >= 3571436) AND (k <= 3571536))

table 6 : explain SELECT k, c FROM sbtest6 WHERE k BETWEEN 3571436 AND 3571536
	Bitmap Heap Scan on sbtest6  (cost=5.54..433.22 rows=108 width=125)
	  Recheck Cond: ((k >= 3571436) AND (k <= 3571536))
	  ->  Bitmap Index Scan on k_6  (cost=0.00..5.51 rows=108 width=0)
	        Index Cond: ((k >= 3571436) AND (k <= 3571536))

table 7 : explain SELECT k, c FROM sbtest7 WHERE k BETWEEN 3571436 AND 3571536
	Bitmap Heap Scan on sbtest7  (cost=5.50..417.46 rows=104 width=125)
	  Recheck Cond: ((k >= 3571436) AND (k <= 3571536))
	  ->  Bitmap Index Scan on k_7  (cost=0.00..5.47 rows=104 width=0)
	        Index Cond: ((k >= 3571436) AND (k <= 3571536))

table 8 : explain SELECT k, c FROM sbtest8 WHERE k BETWEEN 3571436 AND 3571536
	Bitmap Heap Scan on sbtest8  (cost=5.52..425.35 rows=106 width=125)
	  Recheck Cond: ((k >= 3571436) AND (k <= 3571536))
	  ->  Bitmap Index Scan on k_8  (cost=0.00..5.50 rows=106 width=0)
	        Index Cond: ((k >= 3571436) AND (k <= 3571536))

for range-notcovered
table 1 : explain SELECT k, c FROM sbtest1 WHERE k BETWEEN 5735179 AND 5735279
	Bitmap Heap Scan on sbtest1  (cost=5.38..370.09 rows=92 width=125)
	  Recheck Cond: ((k >= 5735179) AND (k <= 5735279))
	  ->  Bitmap Index Scan on k_1  (cost=0.00..5.35 rows=92 width=0)
	        Index Cond: ((k >= 5735179) AND (k <= 5735279))

table 2 : explain SELECT k, c FROM sbtest2 WHERE k BETWEEN 5735179 AND 5735279
	Bitmap Heap Scan on sbtest2  (cost=5.59..452.94 rows=113 width=125)
	  Recheck Cond: ((k >= 5735179) AND (k <= 5735279))
	  ->  Bitmap Index Scan on k_2  (cost=0.00..5.56 rows=113 width=0)
	        Index Cond: ((k >= 5735179) AND (k <= 5735279))

table 3 : explain SELECT k, c FROM sbtest3 WHERE k BETWEEN 5735179 AND 5735279
	Bitmap Heap Scan on sbtest3  (cost=5.60..456.87 rows=114 width=125)
	  Recheck Cond: ((k >= 5735179) AND (k <= 5735279))
	  ->  Bitmap Index Scan on k_3  (cost=0.00..5.58 rows=114 width=0)
	        Index Cond: ((k >= 5735179) AND (k <= 5735279))

table 4 : explain SELECT k, c FROM sbtest4 WHERE k BETWEEN 5735179 AND 5735279
	Bitmap Heap Scan on sbtest4  (cost=5.53..429.30 rows=107 width=125)
	  Recheck Cond: ((k >= 5735179) AND (k <= 5735279))
	  ->  Bitmap Index Scan on k_4  (cost=0.00..5.50 rows=107 width=0)
	        Index Cond: ((k >= 5735179) AND (k <= 5735279))

table 5 : explain SELECT k, c FROM sbtest5 WHERE k BETWEEN 5735179 AND 5735279
	Bitmap Heap Scan on sbtest5  (cost=5.41..381.94 rows=95 width=125)
	  Recheck Cond: ((k >= 5735179) AND (k <= 5735279))
	  ->  Bitmap Index Scan on k_5  (cost=0.00..5.38 rows=95 width=0)
	        Index Cond: ((k >= 5735179) AND (k <= 5735279))

table 6 : explain SELECT k, c FROM sbtest6 WHERE k BETWEEN 5735179 AND 5735279
	Bitmap Heap Scan on sbtest6  (cost=5.42..385.88 rows=96 width=125)
	  Recheck Cond: ((k >= 5735179) AND (k <= 5735279))
	  ->  Bitmap Index Scan on k_6  (cost=0.00..5.39 rows=96 width=0)
	        Index Cond: ((k >= 5735179) AND (k <= 5735279))

table 7 : explain SELECT k, c FROM sbtest7 WHERE k BETWEEN 5735179 AND 5735279
	Bitmap Heap Scan on sbtest7  (cost=5.44..393.79 rows=98 width=125)
	  Recheck Cond: ((k >= 5735179) AND (k <= 5735279))
	  ->  Bitmap Index Scan on k_7  (cost=0.00..5.42 rows=98 width=0)
	        Index Cond: ((k >= 5735179) AND (k <= 5735279))

table 8 : explain SELECT k, c FROM sbtest8 WHERE k BETWEEN 5735179 AND 5735279
	Bitmap Heap Scan on sbtest8  (cost=5.54..433.23 rows=108 width=125)
	  Recheck Cond: ((k >= 5735179) AND (k <= 5735279))
	  ->  Bitmap Index Scan on k_8  (cost=0.00..5.51 rows=108 width=0)
	        Index Cond: ((k >= 5735179) AND (k <= 5735279))

explain: for range-notcovered :: explain SELECT k, c FROM sbtest%d WHERE k BETWEEN 6594822 AND 6594922
explain: for range-notcovered :: explain SELECT k, c FROM sbtest%d WHERE k BETWEEN 3571436 AND 3571536
explain: for range-notcovered :: explain SELECT k, c FROM sbtest%d WHERE k BETWEEN 5735179 AND 5735279
for range-notcovered
table 1 : explain SELECT k, c FROM sbtest1 WHERE k BETWEEN 6537529 AND 6537629
	Bitmap Heap Scan on sbtest1  (cost=5.47..405.62 rows=101 width=125)
	  Recheck Cond: ((k >= 6537529) AND (k <= 6537629))
	  ->  Bitmap Index Scan on k_1  (cost=0.00..5.44 rows=101 width=0)
	        Index Cond: ((k >= 6537529) AND (k <= 6537629))

table 2 : explain SELECT k, c FROM sbtest2 WHERE k BETWEEN 6537529 AND 6537629
	Bitmap Heap Scan on sbtest2  (cost=5.52..425.35 rows=106 width=125)
	  Recheck Cond: ((k >= 6537529) AND (k <= 6537629))
	  ->  Bitmap Index Scan on k_2  (cost=0.00..5.50 rows=106 width=0)
	        Index Cond: ((k >= 6537529) AND (k <= 6537629))

table 3 : explain SELECT k, c FROM sbtest3 WHERE k BETWEEN 6537529 AND 6537629
	Bitmap Heap Scan on sbtest3  (cost=5.37..366.14 rows=91 width=125)
	  Recheck Cond: ((k >= 6537529) AND (k <= 6537629))
	  ->  Bitmap Index Scan on k_3  (cost=0.00..5.34 rows=91 width=0)
	        Index Cond: ((k >= 6537529) AND (k <= 6537629))

table 4 : explain SELECT k, c FROM sbtest4 WHERE k BETWEEN 6537529 AND 6537629
	Bitmap Heap Scan on sbtest4  (cost=5.58..449.01 rows=112 width=125)
	  Recheck Cond: ((k >= 6537529) AND (k <= 6537629))
	  ->  Bitmap Index Scan on k_4  (cost=0.00..5.55 rows=112 width=0)
	        Index Cond: ((k >= 6537529) AND (k <= 6537629))

table 5 : explain SELECT k, c FROM sbtest5 WHERE k BETWEEN 6537529 AND 6537629
	Bitmap Heap Scan on sbtest5  (cost=5.48..409.57 rows=102 width=125)
	  Recheck Cond: ((k >= 6537529) AND (k <= 6537629))
	  ->  Bitmap Index Scan on k_5  (cost=0.00..5.45 rows=102 width=0)
	        Index Cond: ((k >= 6537529) AND (k <= 6537629))

table 6 : explain SELECT k, c FROM sbtest6 WHERE k BETWEEN 6537529 AND 6537629
	Bitmap Heap Scan on sbtest6  (cost=5.44..393.78 rows=98 width=125)
	  Recheck Cond: ((k >= 6537529) AND (k <= 6537629))
	  ->  Bitmap Index Scan on k_6  (cost=0.00..5.42 rows=98 width=0)
	        Index Cond: ((k >= 6537529) AND (k <= 6537629))

table 7 : explain SELECT k, c FROM sbtest7 WHERE k BETWEEN 6537529 AND 6537629
	Bitmap Heap Scan on sbtest7  (cost=5.45..397.73 rows=99 width=125)
	  Recheck Cond: ((k >= 6537529) AND (k <= 6537629))
	  ->  Bitmap Index Scan on k_7  (cost=0.00..5.42 rows=99 width=0)
	        Index Cond: ((k >= 6537529) AND (k <= 6537629))

table 8 : explain SELECT k, c FROM sbtest8 WHERE k BETWEEN 6537529 AND 6537629
	Bitmap Heap Scan on sbtest8  (cost=5.48..409.57 rows=102 width=125)
	  Recheck Cond: ((k >= 6537529) AND (k <= 6537629))
	  ->  Bitmap Index Scan on k_8  (cost=0.00..5.45 rows=102 width=0)
	        Index Cond: ((k >= 6537529) AND (k <= 6537629))

for range-notcovered
table 1 : explain SELECT k, c FROM sbtest1 WHERE k BETWEEN 2181250 AND 2181350
	Bitmap Heap Scan on sbtest1  (cost=5.48..409.57 rows=102 width=125)
	  Recheck Cond: ((k >= 2181250) AND (k <= 2181350))
	  ->  Bitmap Index Scan on k_1  (cost=0.00..5.45 rows=102 width=0)
	        Index Cond: ((k >= 2181250) AND (k <= 2181350))

table 2 : explain SELECT k, c FROM sbtest2 WHERE k BETWEEN 2181250 AND 2181350
	Bitmap Heap Scan on sbtest2  (cost=5.45..397.73 rows=99 width=125)
	  Recheck Cond: ((k >= 2181250) AND (k <= 2181350))
	  ->  Bitmap Index Scan on k_2  (cost=0.00..5.42 rows=99 width=0)
	        Index Cond: ((k >= 2181250) AND (k <= 2181350))

table 3 : explain SELECT k, c FROM sbtest3 WHERE k BETWEEN 2181250 AND 2181350
	Bitmap Heap Scan on sbtest3  (cost=5.52..425.34 rows=106 width=125)
	  Recheck Cond: ((k >= 2181250) AND (k <= 2181350))
	  ->  Bitmap Index Scan on k_3  (cost=0.00..5.50 rows=106 width=0)
	        Index Cond: ((k >= 2181250) AND (k <= 2181350))

table 4 : explain SELECT k, c FROM sbtest4 WHERE k BETWEEN 2181250 AND 2181350
	Bitmap Heap Scan on sbtest4  (cost=5.43..389.85 rows=97 width=125)
	  Recheck Cond: ((k >= 2181250) AND (k <= 2181350))
	  ->  Bitmap Index Scan on k_4  (cost=0.00..5.40 rows=97 width=0)
	        Index Cond: ((k >= 2181250) AND (k <= 2181350))

table 5 : explain SELECT k, c FROM sbtest5 WHERE k BETWEEN 2181250 AND 2181350
	Bitmap Heap Scan on sbtest5  (cost=5.55..437.18 rows=109 width=125)
	  Recheck Cond: ((k >= 2181250) AND (k <= 2181350))
	  ->  Bitmap Index Scan on k_5  (cost=0.00..5.52 rows=109 width=0)
	        Index Cond: ((k >= 2181250) AND (k <= 2181350))

table 6 : explain SELECT k, c FROM sbtest6 WHERE k BETWEEN 2181250 AND 2181350
	Bitmap Heap Scan on sbtest6  (cost=5.56..441.11 rows=110 width=125)
	  Recheck Cond: ((k >= 2181250) AND (k <= 2181350))
	  ->  Bitmap Index Scan on k_6  (cost=0.00..5.53 rows=110 width=0)
	        Index Cond: ((k >= 2181250) AND (k <= 2181350))

table 7 : explain SELECT k, c FROM sbtest7 WHERE k BETWEEN 2181250 AND 2181350
	Bitmap Heap Scan on sbtest7  (cost=5.52..425.35 rows=106 width=125)
	  Recheck Cond: ((k >= 2181250) AND (k <= 2181350))
	  ->  Bitmap Index Scan on k_7  (cost=0.00..5.50 rows=106 width=0)
	        Index Cond: ((k >= 2181250) AND (k <= 2181350))

table 8 : explain SELECT k, c FROM sbtest8 WHERE k BETWEEN 2181250 AND 2181350
	Bitmap Heap Scan on sbtest8  (cost=5.43..389.84 rows=97 width=125)
	  Recheck Cond: ((k >= 2181250) AND (k <= 2181350))
	  ->  Bitmap Index Scan on k_8  (cost=0.00..5.40 rows=97 width=0)
	        Index Cond: ((k >= 2181250) AND (k <= 2181350))

for range-notcovered
table 1 : explain SELECT k, c FROM sbtest1 WHERE k BETWEEN 5793286 AND 5793386
	Bitmap Heap Scan on sbtest1  (cost=5.38..370.09 rows=92 width=125)
	  Recheck Cond: ((k >= 5793286) AND (k <= 5793386))
	  ->  Bitmap Index Scan on k_1  (cost=0.00..5.35 rows=92 width=0)
	        Index Cond: ((k >= 5793286) AND (k <= 5793386))

table 2 : explain SELECT k, c FROM sbtest2 WHERE k BETWEEN 5793286 AND 5793386
	Bitmap Heap Scan on sbtest2  (cost=5.54..433.23 rows=108 width=125)
	  Recheck Cond: ((k >= 5793286) AND (k <= 5793386))
	  ->  Bitmap Index Scan on k_2  (cost=0.00..5.51 rows=108 width=0)
	        Index Cond: ((k >= 5793286) AND (k <= 5793386))

table 3 : explain SELECT k, c FROM sbtest3 WHERE k BETWEEN 5793286 AND 5793386
	Bitmap Heap Scan on sbtest3  (cost=5.44..393.78 rows=98 width=125)
	  Recheck Cond: ((k >= 5793286) AND (k <= 5793386))
	  ->  Bitmap Index Scan on k_3  (cost=0.00..5.42 rows=98 width=0)
	        Index Cond: ((k >= 5793286) AND (k <= 5793386))

table 4 : explain SELECT k, c FROM sbtest4 WHERE k BETWEEN 5793286 AND 5793386
	Bitmap Heap Scan on sbtest4  (cost=5.53..429.30 rows=107 width=125)
	  Recheck Cond: ((k >= 5793286) AND (k <= 5793386))
	  ->  Bitmap Index Scan on k_4  (cost=0.00..5.50 rows=107 width=0)
	        Index Cond: ((k >= 5793286) AND (k <= 5793386))

table 5 : explain SELECT k, c FROM sbtest5 WHERE k BETWEEN 5793286 AND 5793386
	Bitmap Heap Scan on sbtest5  (cost=5.37..366.15 rows=91 width=125)
	  Recheck Cond: ((k >= 5793286) AND (k <= 5793386))
	  ->  Bitmap Index Scan on k_5  (cost=0.00..5.34 rows=91 width=0)
	        Index Cond: ((k >= 5793286) AND (k <= 5793386))

table 6 : explain SELECT k, c FROM sbtest6 WHERE k BETWEEN 5793286 AND 5793386
	Bitmap Heap Scan on sbtest6  (cost=5.42..385.88 rows=96 width=125)
	  Recheck Cond: ((k >= 5793286) AND (k <= 5793386))
	  ->  Bitmap Index Scan on k_6  (cost=0.00..5.39 rows=96 width=0)
	        Index Cond: ((k >= 5793286) AND (k <= 5793386))

table 7 : explain SELECT k, c FROM sbtest7 WHERE k BETWEEN 5793286 AND 5793386
	Bitmap Heap Scan on sbtest7  (cost=5.51..421.40 rows=105 width=125)
	  Recheck Cond: ((k >= 5793286) AND (k <= 5793386))
	  ->  Bitmap Index Scan on k_7  (cost=0.00..5.48 rows=105 width=0)
	        Index Cond: ((k >= 5793286) AND (k <= 5793386))

table 8 : explain SELECT k, c FROM sbtest8 WHERE k BETWEEN 5793286 AND 5793386
	Bitmap Heap Scan on sbtest8  (cost=5.44..393.79 rows=98 width=125)
	  Recheck Cond: ((k >= 5793286) AND (k <= 5793386))
	  ->  Bitmap Index Scan on k_8  (cost=0.00..5.42 rows=98 width=0)
	        Index Cond: ((k >= 5793286) AND (k <= 5793386))

explain: for range-notcovered :: explain SELECT k, c FROM sbtest%d WHERE k BETWEEN 5793286 AND 5793386
for range-notcovered
table 1 : explain SELECT k, c FROM sbtest1 WHERE k BETWEEN 4845292 AND 4845392
	Bitmap Heap Scan on sbtest1  (cost=5.54..433.23 rows=108 width=125)
	  Recheck Cond: ((k >= 4845292) AND (k <= 4845392))
	  ->  Bitmap Index Scan on k_1  (cost=0.00..5.51 rows=108 width=0)
	        Index Cond: ((k >= 4845292) AND (k <= 4845392))

table 2 : explain SELECT k, c FROM sbtest2 WHERE k BETWEEN 4845292 AND 4845392
	Bitmap Heap Scan on sbtest2  (cost=5.48..409.57 rows=102 width=125)
	  Recheck Cond: ((k >= 4845292) AND (k <= 4845392))
	  ->  Bitmap Index Scan on k_2  (cost=0.00..5.45 rows=102 width=0)
	        Index Cond: ((k >= 4845292) AND (k <= 4845392))

table 3 : explain SELECT k, c FROM sbtest3 WHERE k BETWEEN 4845292 AND 4845392
	Bitmap Heap Scan on sbtest3  (cost=5.48..409.56 rows=102 width=125)
	  Recheck Cond: ((k >= 4845292) AND (k <= 4845392))
	  ->  Bitmap Index Scan on k_3  (cost=0.00..5.45 rows=102 width=0)
	        Index Cond: ((k >= 4845292) AND (k <= 4845392))

table 4 : explain SELECT k, c FROM sbtest4 WHERE k BETWEEN 4845292 AND 4845392
	Bitmap Heap Scan on sbtest4  (cost=5.48..409.58 rows=102 width=125)
	  Recheck Cond: ((k >= 4845292) AND (k <= 4845392))
	  ->  Bitmap Index Scan on k_4  (cost=0.00..5.45 rows=102 width=0)
	        Index Cond: ((k >= 4845292) AND (k <= 4845392))

table 5 : explain SELECT k, c FROM sbtest5 WHERE k BETWEEN 4845292 AND 4845392
	Bitmap Heap Scan on sbtest5  (cost=5.43..389.84 rows=97 width=125)
	  Recheck Cond: ((k >= 4845292) AND (k <= 4845392))
	  ->  Bitmap Index Scan on k_5  (cost=0.00..5.40 rows=97 width=0)
	        Index Cond: ((k >= 4845292) AND (k <= 4845392))

table 6 : explain SELECT k, c FROM sbtest6 WHERE k BETWEEN 4845292 AND 4845392
	Bitmap Heap Scan on sbtest6  (cost=5.51..421.39 rows=105 width=125)
	  Recheck Cond: ((k >= 4845292) AND (k <= 4845392))
	  ->  Bitmap Index Scan on k_6  (cost=0.00..5.48 rows=105 width=0)
	        Index Cond: ((k >= 4845292) AND (k <= 4845392))

table 7 : explain SELECT k, c FROM sbtest7 WHERE k BETWEEN 4845292 AND 4845392
	Bitmap Heap Scan on sbtest7  (cost=5.53..429.29 rows=107 width=125)
	  Recheck Cond: ((k >= 4845292) AND (k <= 4845392))
	  ->  Bitmap Index Scan on k_7  (cost=0.00..5.50 rows=107 width=0)
	        Index Cond: ((k >= 4845292) AND (k <= 4845392))

table 8 : explain SELECT k, c FROM sbtest8 WHERE k BETWEEN 4845292 AND 4845392
	Bitmap Heap Scan on sbtest8  (cost=5.56..441.12 rows=110 width=125)
	  Recheck Cond: ((k >= 4845292) AND (k <= 4845392))
	  ->  Bitmap Index Scan on k_8  (cost=0.00..5.53 rows=110 width=0)
	        Index Cond: ((k >= 4845292) AND (k <= 4845392))

for range-notcovered
table 1 : explain SELECT k, c FROM sbtest1 WHERE k BETWEEN 4426134 AND 4426234
	Bitmap Heap Scan on sbtest1  (cost=5.45..397.73 rows=99 width=125)
	  Recheck Cond: ((k >= 4426134) AND (k <= 4426234))
	  ->  Bitmap Index Scan on k_1  (cost=0.00..5.42 rows=99 width=0)
	        Index Cond: ((k >= 4426134) AND (k <= 4426234))

table 2 : explain SELECT k, c FROM sbtest2 WHERE k BETWEEN 4426134 AND 4426234
	Bitmap Heap Scan on sbtest2  (cost=5.50..417.46 rows=104 width=125)
	  Recheck Cond: ((k >= 4426134) AND (k <= 4426234))
	  ->  Bitmap Index Scan on k_2  (cost=0.00..5.47 rows=104 width=0)
	        Index Cond: ((k >= 4426134) AND (k <= 4426234))

table 3 : explain SELECT k, c FROM sbtest3 WHERE k BETWEEN 4426134 AND 4426234
	Bitmap Heap Scan on sbtest3  (cost=5.41..381.94 rows=95 width=125)
	  Recheck Cond: ((k >= 4426134) AND (k <= 4426234))
	  ->  Bitmap Index Scan on k_3  (cost=0.00..5.38 rows=95 width=0)
	        Index Cond: ((k >= 4426134) AND (k <= 4426234))

table 4 : explain SELECT k, c FROM sbtest4 WHERE k BETWEEN 4426134 AND 4426234
	Bitmap Heap Scan on sbtest4  (cost=5.48..409.58 rows=102 width=125)
	  Recheck Cond: ((k >= 4426134) AND (k <= 4426234))
	  ->  Bitmap Index Scan on k_4  (cost=0.00..5.45 rows=102 width=0)
	        Index Cond: ((k >= 4426134) AND (k <= 4426234))

table 5 : explain SELECT k, c FROM sbtest5 WHERE k BETWEEN 4426134 AND 4426234
	Bitmap Heap Scan on sbtest5  (cost=5.45..397.73 rows=99 width=125)
	  Recheck Cond: ((k >= 4426134) AND (k <= 4426234))
	  ->  Bitmap Index Scan on k_5  (cost=0.00..5.42 rows=99 width=0)
	        Index Cond: ((k >= 4426134) AND (k <= 4426234))

table 6 : explain SELECT k, c FROM sbtest6 WHERE k BETWEEN 4426134 AND 4426234
	Bitmap Heap Scan on sbtest6  (cost=5.47..405.61 rows=101 width=125)
	  Recheck Cond: ((k >= 4426134) AND (k <= 4426234))
	  ->  Bitmap Index Scan on k_6  (cost=0.00..5.44 rows=101 width=0)
	        Index Cond: ((k >= 4426134) AND (k <= 4426234))

table 7 : explain SELECT k, c FROM sbtest7 WHERE k BETWEEN 4426134 AND 4426234
	Bitmap Heap Scan on sbtest7  (cost=5.50..417.46 rows=104 width=125)
	  Recheck Cond: ((k >= 4426134) AND (k <= 4426234))
	  ->  Bitmap Index Scan on k_7  (cost=0.00..5.47 rows=104 width=0)
	        Index Cond: ((k >= 4426134) AND (k <= 4426234))

table 8 : explain SELECT k, c FROM sbtest8 WHERE k BETWEEN 4426134 AND 4426234
	Bitmap Heap Scan on sbtest8  (cost=5.49..413.52 rows=103 width=125)
	  Recheck Cond: ((k >= 4426134) AND (k <= 4426234))
	  ->  Bitmap Index Scan on k_8  (cost=0.00..5.46 rows=103 width=0)
	        Index Cond: ((k >= 4426134) AND (k <= 4426234))

for range-notcovered
table 1 : explain SELECT k, c FROM sbtest1 WHERE k BETWEEN 5181953 AND 5182053
	Bitmap Heap Scan on sbtest1  (cost=5.44..393.78 rows=98 width=125)
	  Recheck Cond: ((k >= 5181953) AND (k <= 5182053))
	  ->  Bitmap Index Scan on k_1  (cost=0.00..5.42 rows=98 width=0)
	        Index Cond: ((k >= 5181953) AND (k <= 5182053))

table 2 : explain SELECT k, c FROM sbtest2 WHERE k BETWEEN 5181953 AND 5182053
	Bitmap Heap Scan on sbtest2  (cost=5.46..401.68 rows=100 width=125)
	  Recheck Cond: ((k >= 5181953) AND (k <= 5182053))
	  ->  Bitmap Index Scan on k_2  (cost=0.00..5.43 rows=100 width=0)
	        Index Cond: ((k >= 5181953) AND (k <= 5182053))

table 3 : explain SELECT k, c FROM sbtest3 WHERE k BETWEEN 5181953 AND 5182053
	Bitmap Heap Scan on sbtest3  (cost=5.54..433.22 rows=108 width=125)
	  Recheck Cond: ((k >= 5181953) AND (k <= 5182053))
	  ->  Bitmap Index Scan on k_3  (cost=0.00..5.51 rows=108 width=0)
	        Index Cond: ((k >= 5181953) AND (k <= 5182053))

table 4 : explain SELECT k, c FROM sbtest4 WHERE k BETWEEN 5181953 AND 5182053
	Bitmap Heap Scan on sbtest4  (cost=5.54..433.24 rows=108 width=125)
	  Recheck Cond: ((k >= 5181953) AND (k <= 5182053))
	  ->  Bitmap Index Scan on k_4  (cost=0.00..5.51 rows=108 width=0)
	        Index Cond: ((k >= 5181953) AND (k <= 5182053))

table 5 : explain SELECT k, c FROM sbtest5 WHERE k BETWEEN 5181953 AND 5182053
	Bitmap Heap Scan on sbtest5  (cost=5.47..405.62 rows=101 width=125)
	  Recheck Cond: ((k >= 5181953) AND (k <= 5182053))
	  ->  Bitmap Index Scan on k_5  (cost=0.00..5.44 rows=101 width=0)
	        Index Cond: ((k >= 5181953) AND (k <= 5182053))

table 6 : explain SELECT k, c FROM sbtest6 WHERE k BETWEEN 5181953 AND 5182053
	Bitmap Heap Scan on sbtest6  (cost=5.52..425.34 rows=106 width=125)
	  Recheck Cond: ((k >= 5181953) AND (k <= 5182053))
	  ->  Bitmap Index Scan on k_6  (cost=0.00..5.50 rows=106 width=0)
	        Index Cond: ((k >= 5181953) AND (k <= 5182053))

table 7 : explain SELECT k, c FROM sbtest7 WHERE k BETWEEN 5181953 AND 5182053
	Bitmap Heap Scan on sbtest7  (cost=5.49..413.52 rows=103 width=125)
	  Recheck Cond: ((k >= 5181953) AND (k <= 5182053))
	  ->  Bitmap Index Scan on k_7  (cost=0.00..5.46 rows=103 width=0)
	        Index Cond: ((k >= 5181953) AND (k <= 5182053))

table 8 : explain SELECT k, c FROM sbtest8 WHERE k BETWEEN 5181953 AND 5182053
	Bitmap Heap Scan on sbtest8  (cost=5.36..362.20 rows=90 width=125)
	  Recheck Cond: ((k >= 5181953) AND (k <= 5182053))
	  ->  Bitmap Index Scan on k_8  (cost=0.00..5.33 rows=90 width=0)
	        Index Cond: ((k >= 5181953) AND (k <= 5182053))

for range-notcovered
table 1 : explain SELECT k, c FROM sbtest1 WHERE k BETWEEN 5389644 AND 5389744
	Bitmap Heap Scan on sbtest1  (cost=5.51..421.40 rows=105 width=125)
	  Recheck Cond: ((k >= 5389644) AND (k <= 5389744))
	  ->  Bitmap Index Scan on k_1  (cost=0.00..5.48 rows=105 width=0)
	        Index Cond: ((k >= 5389644) AND (k <= 5389744))

table 2 : explain SELECT k, c FROM sbtest2 WHERE k BETWEEN 5389644 AND 5389744
	Bitmap Heap Scan on sbtest2  (cost=5.49..413.51 rows=103 width=125)
	  Recheck Cond: ((k >= 5389644) AND (k <= 5389744))
	  ->  Bitmap Index Scan on k_2  (cost=0.00..5.46 rows=103 width=0)
	        Index Cond: ((k >= 5389644) AND (k <= 5389744))

table 3 : explain SELECT k, c FROM sbtest3 WHERE k BETWEEN 5389644 AND 5389744
	Bitmap Heap Scan on sbtest3  (cost=5.45..397.72 rows=99 width=125)
	  Recheck Cond: ((k >= 5389644) AND (k <= 5389744))
	  ->  Bitmap Index Scan on k_3  (cost=0.00..5.42 rows=99 width=0)
	        Index Cond: ((k >= 5389644) AND (k <= 5389744))

table 4 : explain SELECT k, c FROM sbtest4 WHERE k BETWEEN 5389644 AND 5389744
	Bitmap Heap Scan on sbtest4  (cost=5.56..441.13 rows=110 width=125)
	  Recheck Cond: ((k >= 5389644) AND (k <= 5389744))
	  ->  Bitmap Index Scan on k_4  (cost=0.00..5.53 rows=110 width=0)
	        Index Cond: ((k >= 5389644) AND (k <= 5389744))

table 5 : explain SELECT k, c FROM sbtest5 WHERE k BETWEEN 5389644 AND 5389744
	Bitmap Heap Scan on sbtest5  (cost=5.58..449.00 rows=112 width=125)
	  Recheck Cond: ((k >= 5389644) AND (k <= 5389744))
	  ->  Bitmap Index Scan on k_5  (cost=0.00..5.55 rows=112 width=0)
	        Index Cond: ((k >= 5389644) AND (k <= 5389744))

table 6 : explain SELECT k, c FROM sbtest6 WHERE k BETWEEN 5389644 AND 5389744
	Bitmap Heap Scan on sbtest6  (cost=5.43..389.83 rows=97 width=125)
	  Recheck Cond: ((k >= 5389644) AND (k <= 5389744))
	  ->  Bitmap Index Scan on k_6  (cost=0.00..5.40 rows=97 width=0)
	        Index Cond: ((k >= 5389644) AND (k <= 5389744))

table 7 : explain SELECT k, c FROM sbtest7 WHERE k BETWEEN 5389644 AND 5389744
	Bitmap Heap Scan on sbtest7  (cost=5.54..433.24 rows=108 width=125)
	  Recheck Cond: ((k >= 5389644) AND (k <= 5389744))
	  ->  Bitmap Index Scan on k_7  (cost=0.00..5.51 rows=108 width=0)
	        Index Cond: ((k >= 5389644) AND (k <= 5389744))

table 8 : explain SELECT k, c FROM sbtest8 WHERE k BETWEEN 5389644 AND 5389744
	Bitmap Heap Scan on sbtest8  (cost=5.39..374.05 rows=93 width=125)
	  Recheck Cond: ((k >= 5389644) AND (k <= 5389744))
	  ->  Bitmap Index Scan on k_8  (cost=0.00..5.36 rows=93 width=0)
	        Index Cond: ((k >= 5389644) AND (k <= 5389744))

explain: for range-notcovered :: explain SELECT k, c FROM sbtest%d WHERE k BETWEEN 5181953 AND 5182053
for range-notcovered
table 1 : explain SELECT k, c FROM sbtest1 WHERE k BETWEEN 4678428 AND 4678528
	Bitmap Heap Scan on sbtest1  (cost=5.45..397.73 rows=99 width=125)
	  Recheck Cond: ((k >= 4678428) AND (k <= 4678528))
	  ->  Bitmap Index Scan on k_1  (cost=0.00..5.42 rows=99 width=0)
	        Index Cond: ((k >= 4678428) AND (k <= 4678528))

table 2 : explain SELECT k, c FROM sbtest2 WHERE k BETWEEN 4678428 AND 4678528
	Bitmap Heap Scan on sbtest2  (cost=5.57..445.06 rows=111 width=125)
	  Recheck Cond: ((k >= 4678428) AND (k <= 4678528))
	  ->  Bitmap Index Scan on k_2  (cost=0.00..5.54 rows=111 width=0)
	        Index Cond: ((k >= 4678428) AND (k <= 4678528))

table 3 : explain SELECT k, c FROM sbtest3 WHERE k BETWEEN 4678428 AND 4678528
	Bitmap Heap Scan on sbtest3  (cost=5.50..417.45 rows=104 width=125)
	  Recheck Cond: ((k >= 4678428) AND (k <= 4678528))
	  ->  Bitmap Index Scan on k_3  (cost=0.00..5.47 rows=104 width=0)
	        Index Cond: ((k >= 4678428) AND (k <= 4678528))

table 4 : explain SELECT k, c FROM sbtest4 WHERE k BETWEEN 4678428 AND 4678528
	Bitmap Heap Scan on sbtest4  (cost=5.51..421.41 rows=105 width=125)
	  Recheck Cond: ((k >= 4678428) AND (k <= 4678528))
	  ->  Bitmap Index Scan on k_4  (cost=0.00..5.48 rows=105 width=0)
	        Index Cond: ((k >= 4678428) AND (k <= 4678528))

table 5 : explain SELECT k, c FROM sbtest5 WHERE k BETWEEN 4678428 AND 4678528
	Bitmap Heap Scan on sbtest5  (cost=5.44..393.79 rows=98 width=125)
	  Recheck Cond: ((k >= 4678428) AND (k <= 4678528))
	  ->  Bitmap Index Scan on k_5  (cost=0.00..5.42 rows=98 width=0)
	        Index Cond: ((k >= 4678428) AND (k <= 4678528))

table 6 : explain SELECT k, c FROM sbtest6 WHERE k BETWEEN 4678428 AND 4678528
	Bitmap Heap Scan on sbtest6  (cost=5.45..397.72 rows=99 width=125)
	  Recheck Cond: ((k >= 4678428) AND (k <= 4678528))
	  ->  Bitmap Index Scan on k_6  (cost=0.00..5.42 rows=99 width=0)
	        Index Cond: ((k >= 4678428) AND (k <= 4678528))

table 7 : explain SELECT k, c FROM sbtest7 WHERE k BETWEEN 4678428 AND 4678528
	Bitmap Heap Scan on sbtest7  (cost=5.54..433.24 rows=108 width=125)
	  Recheck Cond: ((k >= 4678428) AND (k <= 4678528))
	  ->  Bitmap Index Scan on k_7  (cost=0.00..5.51 rows=108 width=0)
	        Index Cond: ((k >= 4678428) AND (k <= 4678528))

table 8 : explain SELECT k, c FROM sbtest8 WHERE k BETWEEN 4678428 AND 4678528
	Bitmap Heap Scan on sbtest8  (cost=5.49..413.52 rows=103 width=125)
	  Recheck Cond: ((k >= 4678428) AND (k <= 4678528))
	  ->  Bitmap Index Scan on k_8  (cost=0.00..5.46 rows=103 width=0)
	        Index Cond: ((k >= 4678428) AND (k <= 4678528))

explain: for range-notcovered :: explain SELECT k, c FROM sbtest%d WHERE k BETWEEN 5389644 AND 5389744
for range-notcovered
table 1 : explain SELECT k, c FROM sbtest1 WHERE k BETWEEN 6552462 AND 6552562
	Bitmap Heap Scan on sbtest1  (cost=5.47..405.62 rows=101 width=125)
	  Recheck Cond: ((k >= 6552462) AND (k <= 6552562))
	  ->  Bitmap Index Scan on k_1  (cost=0.00..5.44 rows=101 width=0)
	        Index Cond: ((k >= 6552462) AND (k <= 6552562))

table 2 : explain SELECT k, c FROM sbtest2 WHERE k BETWEEN 6552462 AND 6552562
	Bitmap Heap Scan on sbtest2  (cost=5.52..425.35 rows=106 width=125)
	  Recheck Cond: ((k >= 6552462) AND (k <= 6552562))
	  ->  Bitmap Index Scan on k_2  (cost=0.00..5.50 rows=106 width=0)
	        Index Cond: ((k >= 6552462) AND (k <= 6552562))

table 3 : explain SELECT k, c FROM sbtest3 WHERE k BETWEEN 6552462 AND 6552562
	Bitmap Heap Scan on sbtest3  (cost=5.37..366.14 rows=91 width=125)
	  Recheck Cond: ((k >= 6552462) AND (k <= 6552562))
	  ->  Bitmap Index Scan on k_3  (cost=0.00..5.34 rows=91 width=0)
	        Index Cond: ((k >= 6552462) AND (k <= 6552562))

table 4 : explain SELECT k, c FROM sbtest4 WHERE k BETWEEN 6552462 AND 6552562
	Bitmap Heap Scan on sbtest4  (cost=5.58..449.01 rows=112 width=125)
	  Recheck Cond: ((k >= 6552462) AND (k <= 6552562))
	  ->  Bitmap Index Scan on k_4  (cost=0.00..5.55 rows=112 width=0)
	        Index Cond: ((k >= 6552462) AND (k <= 6552562))

table 5 : explain SELECT k, c FROM sbtest5 WHERE k BETWEEN 6552462 AND 6552562
	Bitmap Heap Scan on sbtest5  (cost=5.48..409.57 rows=102 width=125)
	  Recheck Cond: ((k >= 6552462) AND (k <= 6552562))
	  ->  Bitmap Index Scan on k_5  (cost=0.00..5.45 rows=102 width=0)
	        Index Cond: ((k >= 6552462) AND (k <= 6552562))

table 6 : explain SELECT k, c FROM sbtest6 WHERE k BETWEEN 6552462 AND 6552562
	Bitmap Heap Scan on sbtest6  (cost=5.60..456.87 rows=114 width=125)
	  Recheck Cond: ((k >= 6552462) AND (k <= 6552562))
	  ->  Bitmap Index Scan on k_6  (cost=0.00..5.58 rows=114 width=0)
	        Index Cond: ((k >= 6552462) AND (k <= 6552562))

table 7 : explain SELECT k, c FROM sbtest7 WHERE k BETWEEN 6552462 AND 6552562
	Bitmap Heap Scan on sbtest7  (cost=5.45..397.73 rows=99 width=125)
	  Recheck Cond: ((k >= 6552462) AND (k <= 6552562))
	  ->  Bitmap Index Scan on k_7  (cost=0.00..5.42 rows=99 width=0)
	        Index Cond: ((k >= 6552462) AND (k <= 6552562))

table 8 : explain SELECT k, c FROM sbtest8 WHERE k BETWEEN 6552462 AND 6552562
	Bitmap Heap Scan on sbtest8  (cost=5.48..409.57 rows=102 width=125)
	  Recheck Cond: ((k >= 6552462) AND (k <= 6552562))
	  ->  Bitmap Index Scan on k_8  (cost=0.00..5.45 rows=102 width=0)
	        Index Cond: ((k >= 6552462) AND (k <= 6552562))

for range-notcovered
table 1 : explain SELECT k, c FROM sbtest1 WHERE k BETWEEN 7583462 AND 7583562
	Bitmap Heap Scan on sbtest1  (cost=5.53..429.29 rows=107 width=125)
	  Recheck Cond: ((k >= 7583462) AND (k <= 7583562))
	  ->  Bitmap Index Scan on k_1  (cost=0.00..5.50 rows=107 width=0)
	        Index Cond: ((k >= 7583462) AND (k <= 7583562))

table 2 : explain SELECT k, c FROM sbtest2 WHERE k BETWEEN 7583462 AND 7583562
	Bitmap Heap Scan on sbtest2  (cost=5.53..429.29 rows=107 width=125)
	  Recheck Cond: ((k >= 7583462) AND (k <= 7583562))
	  ->  Bitmap Index Scan on k_2  (cost=0.00..5.50 rows=107 width=0)
	        Index Cond: ((k >= 7583462) AND (k <= 7583562))

table 3 : explain SELECT k, c FROM sbtest3 WHERE k BETWEEN 7583462 AND 7583562
	Bitmap Heap Scan on sbtest3  (cost=5.40..377.99 rows=94 width=125)
	  Recheck Cond: ((k >= 7583462) AND (k <= 7583562))
	  ->  Bitmap Index Scan on k_3  (cost=0.00..5.38 rows=94 width=0)
	        Index Cond: ((k >= 7583462) AND (k <= 7583562))

table 4 : explain SELECT k, c FROM sbtest4 WHERE k BETWEEN 7583462 AND 7583562
	Bitmap Heap Scan on sbtest4  (cost=5.42..385.90 rows=96 width=125)
	  Recheck Cond: ((k >= 7583462) AND (k <= 7583562))
	  ->  Bitmap Index Scan on k_4  (cost=0.00..5.39 rows=96 width=0)
	        Index Cond: ((k >= 7583462) AND (k <= 7583562))

table 5 : explain SELECT k, c FROM sbtest5 WHERE k BETWEEN 7583462 AND 7583562
	Bitmap Heap Scan on sbtest5  (cost=5.47..405.62 rows=101 width=125)
	  Recheck Cond: ((k >= 7583462) AND (k <= 7583562))
	  ->  Bitmap Index Scan on k_5  (cost=0.00..5.44 rows=101 width=0)
	        Index Cond: ((k >= 7583462) AND (k <= 7583562))

table 6 : explain SELECT k, c FROM sbtest6 WHERE k BETWEEN 7583462 AND 7583562
	Bitmap Heap Scan on sbtest6  (cost=5.48..409.56 rows=102 width=125)
	  Recheck Cond: ((k >= 7583462) AND (k <= 7583562))
	  ->  Bitmap Index Scan on k_6  (cost=0.00..5.45 rows=102 width=0)
	        Index Cond: ((k >= 7583462) AND (k <= 7583562))

table 7 : explain SELECT k, c FROM sbtest7 WHERE k BETWEEN 7583462 AND 7583562
	Bitmap Heap Scan on sbtest7  (cost=5.46..401.68 rows=100 width=125)
	  Recheck Cond: ((k >= 7583462) AND (k <= 7583562))
	  ->  Bitmap Index Scan on k_7  (cost=0.00..5.43 rows=100 width=0)
	        Index Cond: ((k >= 7583462) AND (k <= 7583562))

table 8 : explain SELECT k, c FROM sbtest8 WHERE k BETWEEN 7583462 AND 7583562
	Bitmap Heap Scan on sbtest8  (cost=5.56..441.12 rows=110 width=125)
	  Recheck Cond: ((k >= 7583462) AND (k <= 7583562))
	  ->  Bitmap Index Scan on k_8  (cost=0.00..5.53 rows=110 width=0)
	        Index Cond: ((k >= 7583462) AND (k <= 7583562))

explain: for range-notcovered :: explain SELECT k, c FROM sbtest%d WHERE k BETWEEN 6552462 AND 6552562
explain: for range-notcovered :: explain SELECT k, c FROM sbtest%d WHERE k BETWEEN 7583462 AND 7583562
for range-notcovered
table 1 : explain SELECT k, c FROM sbtest1 WHERE k BETWEEN 6594822 AND 6594922
	Bitmap Heap Scan on sbtest1  (cost=5.51..421.40 rows=105 width=125)
	  Recheck Cond: ((k >= 6594822) AND (k <= 6594922))
	  ->  Bitmap Index Scan on k_1  (cost=0.00..5.48 rows=105 width=0)
	        Index Cond: ((k >= 6594822) AND (k <= 6594922))

table 2 : explain SELECT k, c FROM sbtest2 WHERE k BETWEEN 6594822 AND 6594922
	Bitmap Heap Scan on sbtest2  (cost=5.53..429.29 rows=107 width=125)
	  Recheck Cond: ((k >= 6594822) AND (k <= 6594922))
	  ->  Bitmap Index Scan on k_2  (cost=0.00..5.50 rows=107 width=0)
	        Index Cond: ((k >= 6594822) AND (k <= 6594922))

table 3 : explain SELECT k, c FROM sbtest3 WHERE k BETWEEN 6594822 AND 6594922
	Bitmap Heap Scan on sbtest3  (cost=5.37..366.14 rows=91 width=125)
	  Recheck Cond: ((k >= 6594822) AND (k <= 6594922))
	  ->  Bitmap Index Scan on k_3  (cost=0.00..5.34 rows=91 width=0)
	        Index Cond: ((k >= 6594822) AND (k <= 6594922))

table 4 : explain SELECT k, c FROM sbtest4 WHERE k BETWEEN 6594822 AND 6594922
	Bitmap Heap Scan on sbtest4  (cost=5.58..449.01 rows=112 width=125)
	  Recheck Cond: ((k >= 6594822) AND (k <= 6594922))
	  ->  Bitmap Index Scan on k_4  (cost=0.00..5.55 rows=112 width=0)
	        Index Cond: ((k >= 6594822) AND (k <= 6594922))

table 5 : explain SELECT k, c FROM sbtest5 WHERE k BETWEEN 6594822 AND 6594922
	Bitmap Heap Scan on sbtest5  (cost=5.49..413.51 rows=103 width=125)
	  Recheck Cond: ((k >= 6594822) AND (k <= 6594922))
	  ->  Bitmap Index Scan on k_5  (cost=0.00..5.46 rows=103 width=0)
	        Index Cond: ((k >= 6594822) AND (k <= 6594922))

table 6 : explain SELECT k, c FROM sbtest6 WHERE k BETWEEN 6594822 AND 6594922
	Bitmap Heap Scan on sbtest6  (cost=5.60..456.87 rows=114 width=125)
	  Recheck Cond: ((k >= 6594822) AND (k <= 6594922))
	  ->  Bitmap Index Scan on k_6  (cost=0.00..5.58 rows=114 width=0)
	        Index Cond: ((k >= 6594822) AND (k <= 6594922))

table 7 : explain SELECT k, c FROM sbtest7 WHERE k BETWEEN 6594822 AND 6594922
	Bitmap Heap Scan on sbtest7  (cost=5.53..429.29 rows=107 width=125)
	  Recheck Cond: ((k >= 6594822) AND (k <= 6594922))
	  ->  Bitmap Index Scan on k_7  (cost=0.00..5.50 rows=107 width=0)
	        Index Cond: ((k >= 6594822) AND (k <= 6594922))

table 8 : explain SELECT k, c FROM sbtest8 WHERE k BETWEEN 6594822 AND 6594922
	Bitmap Heap Scan on sbtest8  (cost=5.48..409.57 rows=102 width=125)
	  Recheck Cond: ((k >= 6594822) AND (k <= 6594922))
	  ->  Bitmap Index Scan on k_8  (cost=0.00..5.45 rows=102 width=0)
	        Index Cond: ((k >= 6594822) AND (k <= 6594922))

for range-notcovered
table 1 : explain SELECT k, c FROM sbtest1 WHERE k BETWEEN 3571436 AND 3571536
	Bitmap Heap Scan on sbtest1  (cost=5.45..397.73 rows=99 width=125)
	  Recheck Cond: ((k >= 3571436) AND (k <= 3571536))
	  ->  Bitmap Index Scan on k_1  (cost=0.00..5.42 rows=99 width=0)
	        Index Cond: ((k >= 3571436) AND (k <= 3571536))

table 2 : explain SELECT k, c FROM sbtest2 WHERE k BETWEEN 3571436 AND 3571536
	Bitmap Heap Scan on sbtest2  (cost=5.54..433.23 rows=108 width=125)
	  Recheck Cond: ((k >= 3571436) AND (k <= 3571536))
	  ->  Bitmap Index Scan on k_2  (cost=0.00..5.51 rows=108 width=0)
	        Index Cond: ((k >= 3571436) AND (k <= 3571536))

table 3 : explain SELECT k, c FROM sbtest3 WHERE k BETWEEN 3571436 AND 3571536
	Bitmap Heap Scan on sbtest3  (cost=5.51..421.39 rows=105 width=125)
	  Recheck Cond: ((k >= 3571436) AND (k <= 3571536))
	  ->  Bitmap Index Scan on k_3  (cost=0.00..5.48 rows=105 width=0)
	        Index Cond: ((k >= 3571436) AND (k <= 3571536))

table 4 : explain SELECT k, c FROM sbtest4 WHERE k BETWEEN 3571436 AND 3571536
	Bitmap Heap Scan on sbtest4  (cost=5.43..389.85 rows=97 width=125)
	  Recheck Cond: ((k >= 3571436) AND (k <= 3571536))
	  ->  Bitmap Index Scan on k_4  (cost=0.00..5.40 rows=97 width=0)
	        Index Cond: ((k >= 3571436) AND (k <= 3571536))

table 5 : explain SELECT k, c FROM sbtest5 WHERE k BETWEEN 3571436 AND 3571536
	Bitmap Heap Scan on sbtest5  (cost=5.54..433.23 rows=108 width=125)
	  Recheck Cond: ((k >= 3571436) AND (k <= 3571536))
	  ->  Bitmap Index Scan on k_5  (cost=0.00..5.51 rows=108 width=0)
	        Index Cond: ((k >= 3571436) AND (k <= 3571536))

table 6 : explain SELECT k, c FROM sbtest6 WHERE k BETWEEN 3571436 AND 3571536
	Bitmap Heap Scan on sbtest6  (cost=5.54..433.22 rows=108 width=125)
	  Recheck Cond: ((k >= 3571436) AND (k <= 3571536))
	  ->  Bitmap Index Scan on k_6  (cost=0.00..5.51 rows=108 width=0)
	        Index Cond: ((k >= 3571436) AND (k <= 3571536))

table 7 : explain SELECT k, c FROM sbtest7 WHERE k BETWEEN 3571436 AND 3571536
	Bitmap Heap Scan on sbtest7  (cost=5.50..417.46 rows=104 width=125)
	  Recheck Cond: ((k >= 3571436) AND (k <= 3571536))
	  ->  Bitmap Index Scan on k_7  (cost=0.00..5.47 rows=104 width=0)
	        Index Cond: ((k >= 3571436) AND (k <= 3571536))

table 8 : explain SELECT k, c FROM sbtest8 WHERE k BETWEEN 3571436 AND 3571536
	Bitmap Heap Scan on sbtest8  (cost=5.52..425.35 rows=106 width=125)
	  Recheck Cond: ((k >= 3571436) AND (k <= 3571536))
	  ->  Bitmap Index Scan on k_8  (cost=0.00..5.50 rows=106 width=0)
	        Index Cond: ((k >= 3571436) AND (k <= 3571536))

for range-notcovered
table 1 : explain SELECT k, c FROM sbtest1 WHERE k BETWEEN 5735179 AND 5735279
	Bitmap Heap Scan on sbtest1  (cost=5.38..370.09 rows=92 width=125)
	  Recheck Cond: ((k >= 5735179) AND (k <= 5735279))
	  ->  Bitmap Index Scan on k_1  (cost=0.00..5.35 rows=92 width=0)
	        Index Cond: ((k >= 5735179) AND (k <= 5735279))

table 2 : explain SELECT k, c FROM sbtest2 WHERE k BETWEEN 5735179 AND 5735279
	Bitmap Heap Scan on sbtest2  (cost=5.59..452.94 rows=113 width=125)
	  Recheck Cond: ((k >= 5735179) AND (k <= 5735279))
	  ->  Bitmap Index Scan on k_2  (cost=0.00..5.56 rows=113 width=0)
	        Index Cond: ((k >= 5735179) AND (k <= 5735279))

table 3 : explain SELECT k, c FROM sbtest3 WHERE k BETWEEN 5735179 AND 5735279
	Bitmap Heap Scan on sbtest3  (cost=5.60..456.87 rows=114 width=125)
	  Recheck Cond: ((k >= 5735179) AND (k <= 5735279))
	  ->  Bitmap Index Scan on k_3  (cost=0.00..5.58 rows=114 width=0)
	        Index Cond: ((k >= 5735179) AND (k <= 5735279))

table 4 : explain SELECT k, c FROM sbtest4 WHERE k BETWEEN 5735179 AND 5735279
	Bitmap Heap Scan on sbtest4  (cost=5.53..429.30 rows=107 width=125)
	  Recheck Cond: ((k >= 5735179) AND (k <= 5735279))
	  ->  Bitmap Index Scan on k_4  (cost=0.00..5.50 rows=107 width=0)
	        Index Cond: ((k >= 5735179) AND (k <= 5735279))

table 5 : explain SELECT k, c FROM sbtest5 WHERE k BETWEEN 5735179 AND 5735279
	Bitmap Heap Scan on sbtest5  (cost=5.41..381.94 rows=95 width=125)
	  Recheck Cond: ((k >= 5735179) AND (k <= 5735279))
	  ->  Bitmap Index Scan on k_5  (cost=0.00..5.38 rows=95 width=0)
	        Index Cond: ((k >= 5735179) AND (k <= 5735279))

table 6 : explain SELECT k, c FROM sbtest6 WHERE k BETWEEN 5735179 AND 5735279
	Bitmap Heap Scan on sbtest6  (cost=5.42..385.88 rows=96 width=125)
	  Recheck Cond: ((k >= 5735179) AND (k <= 5735279))
	  ->  Bitmap Index Scan on k_6  (cost=0.00..5.39 rows=96 width=0)
	        Index Cond: ((k >= 5735179) AND (k <= 5735279))

table 7 : explain SELECT k, c FROM sbtest7 WHERE k BETWEEN 5735179 AND 5735279
	Bitmap Heap Scan on sbtest7  (cost=5.44..393.79 rows=98 width=125)
	  Recheck Cond: ((k >= 5735179) AND (k <= 5735279))
	  ->  Bitmap Index Scan on k_7  (cost=0.00..5.42 rows=98 width=0)
	        Index Cond: ((k >= 5735179) AND (k <= 5735279))

table 8 : explain SELECT k, c FROM sbtest8 WHERE k BETWEEN 5735179 AND 5735279
	Bitmap Heap Scan on sbtest8  (cost=5.54..433.23 rows=108 width=125)
	  Recheck Cond: ((k >= 5735179) AND (k <= 5735279))
	  ->  Bitmap Index Scan on k_8  (cost=0.00..5.51 rows=108 width=0)
	        Index Cond: ((k >= 5735179) AND (k <= 5735279))

explain: for range-notcovered :: explain SELECT k, c FROM sbtest%d WHERE k BETWEEN 6594822 AND 6594922
for range-notcovered
table 1 : explain SELECT k, c FROM sbtest1 WHERE k BETWEEN 5793286 AND 5793386
	Bitmap Heap Scan on sbtest1  (cost=5.38..370.09 rows=92 width=125)
	  Recheck Cond: ((k >= 5793286) AND (k <= 5793386))
	  ->  Bitmap Index Scan on k_1  (cost=0.00..5.35 rows=92 width=0)
	        Index Cond: ((k >= 5793286) AND (k <= 5793386))

table 2 : explain SELECT k, c FROM sbtest2 WHERE k BETWEEN 5793286 AND 5793386
	Bitmap Heap Scan on sbtest2  (cost=5.54..433.23 rows=108 width=125)
	  Recheck Cond: ((k >= 5793286) AND (k <= 5793386))
	  ->  Bitmap Index Scan on k_2  (cost=0.00..5.51 rows=108 width=0)
	        Index Cond: ((k >= 5793286) AND (k <= 5793386))

table 3 : explain SELECT k, c FROM sbtest3 WHERE k BETWEEN 5793286 AND 5793386
	Bitmap Heap Scan on sbtest3  (cost=5.44..393.78 rows=98 width=125)
	  Recheck Cond: ((k >= 5793286) AND (k <= 5793386))
	  ->  Bitmap Index Scan on k_3  (cost=0.00..5.42 rows=98 width=0)
	        Index Cond: ((k >= 5793286) AND (k <= 5793386))

table 4 : explain SELECT k, c FROM sbtest4 WHERE k BETWEEN 5793286 AND 5793386
	Bitmap Heap Scan on sbtest4  (cost=5.53..429.30 rows=107 width=125)
	  Recheck Cond: ((k >= 5793286) AND (k <= 5793386))
	  ->  Bitmap Index Scan on k_4  (cost=0.00..5.50 rows=107 width=0)
	        Index Cond: ((k >= 5793286) AND (k <= 5793386))

table 5 : explain SELECT k, c FROM sbtest5 WHERE k BETWEEN 5793286 AND 5793386
	Bitmap Heap Scan on sbtest5  (cost=5.37..366.15 rows=91 width=125)
	  Recheck Cond: ((k >= 5793286) AND (k <= 5793386))
	  ->  Bitmap Index Scan on k_5  (cost=0.00..5.34 rows=91 width=0)
	        Index Cond: ((k >= 5793286) AND (k <= 5793386))

table 6 : explain SELECT k, c FROM sbtest6 WHERE k BETWEEN 5793286 AND 5793386
	Bitmap Heap Scan on sbtest6  (cost=5.42..385.88 rows=96 width=125)
	  Recheck Cond: ((k >= 5793286) AND (k <= 5793386))
	  ->  Bitmap Index Scan on k_6  (cost=0.00..5.39 rows=96 width=0)
	        Index Cond: ((k >= 5793286) AND (k <= 5793386))

table 7 : explain SELECT k, c FROM sbtest7 WHERE k BETWEEN 5793286 AND 5793386
	Bitmap Heap Scan on sbtest7  (cost=5.51..421.40 rows=105 width=125)
	  Recheck Cond: ((k >= 5793286) AND (k <= 5793386))
	  ->  Bitmap Index Scan on k_7  (cost=0.00..5.48 rows=105 width=0)
	        Index Cond: ((k >= 5793286) AND (k <= 5793386))

table 8 : explain SELECT k, c FROM sbtest8 WHERE k BETWEEN 5793286 AND 5793386
	Bitmap Heap Scan on sbtest8  (cost=5.44..393.79 rows=98 width=125)
	  Recheck Cond: ((k >= 5793286) AND (k <= 5793386))
	  ->  Bitmap Index Scan on k_8  (cost=0.00..5.42 rows=98 width=0)
	        Index Cond: ((k >= 5793286) AND (k <= 5793386))

for range-notcovered
table 1 : explain SELECT k, c FROM sbtest1 WHERE k BETWEEN 5181953 AND 5182053
	Bitmap Heap Scan on sbtest1  (cost=5.44..393.78 rows=98 width=125)
	  Recheck Cond: ((k >= 5181953) AND (k <= 5182053))
	  ->  Bitmap Index Scan on k_1  (cost=0.00..5.42 rows=98 width=0)
	        Index Cond: ((k >= 5181953) AND (k <= 5182053))

table 2 : explain SELECT k, c FROM sbtest2 WHERE k BETWEEN 5181953 AND 5182053
	Bitmap Heap Scan on sbtest2  (cost=5.46..401.68 rows=100 width=125)
	  Recheck Cond: ((k >= 5181953) AND (k <= 5182053))
	  ->  Bitmap Index Scan on k_2  (cost=0.00..5.43 rows=100 width=0)
	        Index Cond: ((k >= 5181953) AND (k <= 5182053))

table 3 : explain SELECT k, c FROM sbtest3 WHERE k BETWEEN 5181953 AND 5182053
	Bitmap Heap Scan on sbtest3  (cost=5.54..433.22 rows=108 width=125)
	  Recheck Cond: ((k >= 5181953) AND (k <= 5182053))
	  ->  Bitmap Index Scan on k_3  (cost=0.00..5.51 rows=108 width=0)
	        Index Cond: ((k >= 5181953) AND (k <= 5182053))

table 4 : explain SELECT k, c FROM sbtest4 WHERE k BETWEEN 5181953 AND 5182053
	Bitmap Heap Scan on sbtest4  (cost=5.54..433.24 rows=108 width=125)
	  Recheck Cond: ((k >= 5181953) AND (k <= 5182053))
	  ->  Bitmap Index Scan on k_4  (cost=0.00..5.51 rows=108 width=0)
	        Index Cond: ((k >= 5181953) AND (k <= 5182053))

table 5 : explain SELECT k, c FROM sbtest5 WHERE k BETWEEN 5181953 AND 5182053
	Bitmap Heap Scan on sbtest5  (cost=5.47..405.62 rows=101 width=125)
	  Recheck Cond: ((k >= 5181953) AND (k <= 5182053))
	  ->  Bitmap Index Scan on k_5  (cost=0.00..5.44 rows=101 width=0)
	        Index Cond: ((k >= 5181953) AND (k <= 5182053))

table 6 : explain SELECT k, c FROM sbtest6 WHERE k BETWEEN 5181953 AND 5182053
	Bitmap Heap Scan on sbtest6  (cost=5.52..425.34 rows=106 width=125)
	  Recheck Cond: ((k >= 5181953) AND (k <= 5182053))
	  ->  Bitmap Index Scan on k_6  (cost=0.00..5.50 rows=106 width=0)
	        Index Cond: ((k >= 5181953) AND (k <= 5182053))

table 7 : explain SELECT k, c FROM sbtest7 WHERE k BETWEEN 5181953 AND 5182053
	Bitmap Heap Scan on sbtest7  (cost=5.49..413.52 rows=103 width=125)
	  Recheck Cond: ((k >= 5181953) AND (k <= 5182053))
	  ->  Bitmap Index Scan on k_7  (cost=0.00..5.46 rows=103 width=0)
	        Index Cond: ((k >= 5181953) AND (k <= 5182053))

table 8 : explain SELECT k, c FROM sbtest8 WHERE k BETWEEN 5181953 AND 5182053
	Bitmap Heap Scan on sbtest8  (cost=5.36..362.20 rows=90 width=125)
	  Recheck Cond: ((k >= 5181953) AND (k <= 5182053))
	  ->  Bitmap Index Scan on k_8  (cost=0.00..5.33 rows=90 width=0)
	        Index Cond: ((k >= 5181953) AND (k <= 5182053))

for range-notcovered
table 1 : explain SELECT k, c FROM sbtest1 WHERE k BETWEEN 5389644 AND 5389744
	Bitmap Heap Scan on sbtest1  (cost=5.51..421.40 rows=105 width=125)
	  Recheck Cond: ((k >= 5389644) AND (k <= 5389744))
	  ->  Bitmap Index Scan on k_1  (cost=0.00..5.48 rows=105 width=0)
	        Index Cond: ((k >= 5389644) AND (k <= 5389744))

table 2 : explain SELECT k, c FROM sbtest2 WHERE k BETWEEN 5389644 AND 5389744
	Bitmap Heap Scan on sbtest2  (cost=5.49..413.51 rows=103 width=125)
	  Recheck Cond: ((k >= 5389644) AND (k <= 5389744))
	  ->  Bitmap Index Scan on k_2  (cost=0.00..5.46 rows=103 width=0)
	        Index Cond: ((k >= 5389644) AND (k <= 5389744))

table 3 : explain SELECT k, c FROM sbtest3 WHERE k BETWEEN 5389644 AND 5389744
	Bitmap Heap Scan on sbtest3  (cost=5.45..397.72 rows=99 width=125)
	  Recheck Cond: ((k >= 5389644) AND (k <= 5389744))
	  ->  Bitmap Index Scan on k_3  (cost=0.00..5.42 rows=99 width=0)
	        Index Cond: ((k >= 5389644) AND (k <= 5389744))

table 4 : explain SELECT k, c FROM sbtest4 WHERE k BETWEEN 5389644 AND 5389744
	Bitmap Heap Scan on sbtest4  (cost=5.56..441.13 rows=110 width=125)
	  Recheck Cond: ((k >= 5389644) AND (k <= 5389744))
	  ->  Bitmap Index Scan on k_4  (cost=0.00..5.53 rows=110 width=0)
	        Index Cond: ((k >= 5389644) AND (k <= 5389744))

table 5 : explain SELECT k, c FROM sbtest5 WHERE k BETWEEN 5389644 AND 5389744
	Bitmap Heap Scan on sbtest5  (cost=5.58..449.00 rows=112 width=125)
	  Recheck Cond: ((k >= 5389644) AND (k <= 5389744))
	  ->  Bitmap Index Scan on k_5  (cost=0.00..5.55 rows=112 width=0)
	        Index Cond: ((k >= 5389644) AND (k <= 5389744))

table 6 : explain SELECT k, c FROM sbtest6 WHERE k BETWEEN 5389644 AND 5389744
	Bitmap Heap Scan on sbtest6  (cost=5.43..389.83 rows=97 width=125)
	  Recheck Cond: ((k >= 5389644) AND (k <= 5389744))
	  ->  Bitmap Index Scan on k_6  (cost=0.00..5.40 rows=97 width=0)
	        Index Cond: ((k >= 5389644) AND (k <= 5389744))

table 7 : explain SELECT k, c FROM sbtest7 WHERE k BETWEEN 5389644 AND 5389744
	Bitmap Heap Scan on sbtest7  (cost=5.54..433.24 rows=108 width=125)
	  Recheck Cond: ((k >= 5389644) AND (k <= 5389744))
	  ->  Bitmap Index Scan on k_7  (cost=0.00..5.51 rows=108 width=0)
	        Index Cond: ((k >= 5389644) AND (k <= 5389744))

table 8 : explain SELECT k, c FROM sbtest8 WHERE k BETWEEN 5389644 AND 5389744
	Bitmap Heap Scan on sbtest8  (cost=5.39..374.05 rows=93 width=125)
	  Recheck Cond: ((k >= 5389644) AND (k <= 5389744))
	  ->  Bitmap Index Scan on k_8  (cost=0.00..5.36 rows=93 width=0)
	        Index Cond: ((k >= 5389644) AND (k <= 5389744))

for range-notcovered
table 1 : explain SELECT k, c FROM sbtest1 WHERE k BETWEEN 6552462 AND 6552562
	Bitmap Heap Scan on sbtest1  (cost=5.47..405.62 rows=101 width=125)
	  Recheck Cond: ((k >= 6552462) AND (k <= 6552562))
	  ->  Bitmap Index Scan on k_1  (cost=0.00..5.44 rows=101 width=0)
	        Index Cond: ((k >= 6552462) AND (k <= 6552562))

table 2 : explain SELECT k, c FROM sbtest2 WHERE k BETWEEN 6552462 AND 6552562
	Bitmap Heap Scan on sbtest2  (cost=5.52..425.35 rows=106 width=125)
	  Recheck Cond: ((k >= 6552462) AND (k <= 6552562))
	  ->  Bitmap Index Scan on k_2  (cost=0.00..5.50 rows=106 width=0)
	        Index Cond: ((k >= 6552462) AND (k <= 6552562))

table 3 : explain SELECT k, c FROM sbtest3 WHERE k BETWEEN 6552462 AND 6552562
	Bitmap Heap Scan on sbtest3  (cost=5.37..366.14 rows=91 width=125)
	  Recheck Cond: ((k >= 6552462) AND (k <= 6552562))
	  ->  Bitmap Index Scan on k_3  (cost=0.00..5.34 rows=91 width=0)
	        Index Cond: ((k >= 6552462) AND (k <= 6552562))

table 4 : explain SELECT k, c FROM sbtest4 WHERE k BETWEEN 6552462 AND 6552562
	Bitmap Heap Scan on sbtest4  (cost=5.58..449.01 rows=112 width=125)
	  Recheck Cond: ((k >= 6552462) AND (k <= 6552562))
	  ->  Bitmap Index Scan on k_4  (cost=0.00..5.55 rows=112 width=0)
	        Index Cond: ((k >= 6552462) AND (k <= 6552562))

table 5 : explain SELECT k, c FROM sbtest5 WHERE k BETWEEN 6552462 AND 6552562
	Bitmap Heap Scan on sbtest5  (cost=5.48..409.57 rows=102 width=125)
	  Recheck Cond: ((k >= 6552462) AND (k <= 6552562))
	  ->  Bitmap Index Scan on k_5  (cost=0.00..5.45 rows=102 width=0)
	        Index Cond: ((k >= 6552462) AND (k <= 6552562))

table 6 : explain SELECT k, c FROM sbtest6 WHERE k BETWEEN 6552462 AND 6552562
	Bitmap Heap Scan on sbtest6  (cost=5.60..456.87 rows=114 width=125)
	  Recheck Cond: ((k >= 6552462) AND (k <= 6552562))
	  ->  Bitmap Index Scan on k_6  (cost=0.00..5.58 rows=114 width=0)
	        Index Cond: ((k >= 6552462) AND (k <= 6552562))

table 7 : explain SELECT k, c FROM sbtest7 WHERE k BETWEEN 6552462 AND 6552562
	Bitmap Heap Scan on sbtest7  (cost=5.45..397.73 rows=99 width=125)
	  Recheck Cond: ((k >= 6552462) AND (k <= 6552562))
	  ->  Bitmap Index Scan on k_7  (cost=0.00..5.42 rows=99 width=0)
	        Index Cond: ((k >= 6552462) AND (k <= 6552562))

table 8 : explain SELECT k, c FROM sbtest8 WHERE k BETWEEN 6552462 AND 6552562
	Bitmap Heap Scan on sbtest8  (cost=5.48..409.57 rows=102 width=125)
	  Recheck Cond: ((k >= 6552462) AND (k <= 6552562))
	  ->  Bitmap Index Scan on k_8  (cost=0.00..5.45 rows=102 width=0)
	        Index Cond: ((k >= 6552462) AND (k <= 6552562))

for range-notcovered
table 1 : explain SELECT k, c FROM sbtest1 WHERE k BETWEEN 7583462 AND 7583562
	Bitmap Heap Scan on sbtest1  (cost=5.53..429.29 rows=107 width=125)
	  Recheck Cond: ((k >= 7583462) AND (k <= 7583562))
	  ->  Bitmap Index Scan on k_1  (cost=0.00..5.50 rows=107 width=0)
	        Index Cond: ((k >= 7583462) AND (k <= 7583562))

table 2 : explain SELECT k, c FROM sbtest2 WHERE k BETWEEN 7583462 AND 7583562
	Bitmap Heap Scan on sbtest2  (cost=5.53..429.29 rows=107 width=125)
	  Recheck Cond: ((k >= 7583462) AND (k <= 7583562))
	  ->  Bitmap Index Scan on k_2  (cost=0.00..5.50 rows=107 width=0)
	        Index Cond: ((k >= 7583462) AND (k <= 7583562))

table 3 : explain SELECT k, c FROM sbtest3 WHERE k BETWEEN 7583462 AND 7583562
	Bitmap Heap Scan on sbtest3  (cost=5.40..377.99 rows=94 width=125)
	  Recheck Cond: ((k >= 7583462) AND (k <= 7583562))
	  ->  Bitmap Index Scan on k_3  (cost=0.00..5.38 rows=94 width=0)
	        Index Cond: ((k >= 7583462) AND (k <= 7583562))

table 4 : explain SELECT k, c FROM sbtest4 WHERE k BETWEEN 7583462 AND 7583562
	Bitmap Heap Scan on sbtest4  (cost=5.42..385.90 rows=96 width=125)
	  Recheck Cond: ((k >= 7583462) AND (k <= 7583562))
	  ->  Bitmap Index Scan on k_4  (cost=0.00..5.39 rows=96 width=0)
	        Index Cond: ((k >= 7583462) AND (k <= 7583562))

table 5 : explain SELECT k, c FROM sbtest5 WHERE k BETWEEN 7583462 AND 7583562
	Bitmap Heap Scan on sbtest5  (cost=5.47..405.62 rows=101 width=125)
	  Recheck Cond: ((k >= 7583462) AND (k <= 7583562))
	  ->  Bitmap Index Scan on k_5  (cost=0.00..5.44 rows=101 width=0)
	        Index Cond: ((k >= 7583462) AND (k <= 7583562))

table 6 : explain SELECT k, c FROM sbtest6 WHERE k BETWEEN 7583462 AND 7583562
	Bitmap Heap Scan on sbtest6  (cost=5.48..409.56 rows=102 width=125)
	  Recheck Cond: ((k >= 7583462) AND (k <= 7583562))
	  ->  Bitmap Index Scan on k_6  (cost=0.00..5.45 rows=102 width=0)
	        Index Cond: ((k >= 7583462) AND (k <= 7583562))

table 7 : explain SELECT k, c FROM sbtest7 WHERE k BETWEEN 7583462 AND 7583562
	Bitmap Heap Scan on sbtest7  (cost=5.46..401.68 rows=100 width=125)
	  Recheck Cond: ((k >= 7583462) AND (k <= 7583562))
	  ->  Bitmap Index Scan on k_7  (cost=0.00..5.43 rows=100 width=0)
	        Index Cond: ((k >= 7583462) AND (k <= 7583562))

table 8 : explain SELECT k, c FROM sbtest8 WHERE k BETWEEN 7583462 AND 7583562
	Bitmap Heap Scan on sbtest8  (cost=5.56..441.12 rows=110 width=125)
	  Recheck Cond: ((k >= 7583462) AND (k <= 7583562))
	  ->  Bitmap Index Scan on k_8  (cost=0.00..5.53 rows=110 width=0)
	        Index Cond: ((k >= 7583462) AND (k <= 7583562))

for range-notcovered
table 1 : explain SELECT k, c FROM sbtest1 WHERE k BETWEEN 6594822 AND 6594922
	Bitmap Heap Scan on sbtest1  (cost=5.51..421.40 rows=105 width=125)
	  Recheck Cond: ((k >= 6594822) AND (k <= 6594922))
	  ->  Bitmap Index Scan on k_1  (cost=0.00..5.48 rows=105 width=0)
	        Index Cond: ((k >= 6594822) AND (k <= 6594922))

table 2 : explain SELECT k, c FROM sbtest2 WHERE k BETWEEN 6594822 AND 6594922
	Bitmap Heap Scan on sbtest2  (cost=5.53..429.29 rows=107 width=125)
	  Recheck Cond: ((k >= 6594822) AND (k <= 6594922))
	  ->  Bitmap Index Scan on k_2  (cost=0.00..5.50 rows=107 width=0)
	        Index Cond: ((k >= 6594822) AND (k <= 6594922))

table 3 : explain SELECT k, c FROM sbtest3 WHERE k BETWEEN 6594822 AND 6594922
	Bitmap Heap Scan on sbtest3  (cost=5.37..366.14 rows=91 width=125)
	  Recheck Cond: ((k >= 6594822) AND (k <= 6594922))
	  ->  Bitmap Index Scan on k_3  (cost=0.00..5.34 rows=91 width=0)
	        Index Cond: ((k >= 6594822) AND (k <= 6594922))

table 4 : explain SELECT k, c FROM sbtest4 WHERE k BETWEEN 6594822 AND 6594922
	Bitmap Heap Scan on sbtest4  (cost=5.58..449.01 rows=112 width=125)
	  Recheck Cond: ((k >= 6594822) AND (k <= 6594922))
	  ->  Bitmap Index Scan on k_4  (cost=0.00..5.55 rows=112 width=0)
	        Index Cond: ((k >= 6594822) AND (k <= 6594922))

table 5 : explain SELECT k, c FROM sbtest5 WHERE k BETWEEN 6594822 AND 6594922
	Bitmap Heap Scan on sbtest5  (cost=5.49..413.51 rows=103 width=125)
	  Recheck Cond: ((k >= 6594822) AND (k <= 6594922))
	  ->  Bitmap Index Scan on k_5  (cost=0.00..5.46 rows=103 width=0)
	        Index Cond: ((k >= 6594822) AND (k <= 6594922))

table 6 : explain SELECT k, c FROM sbtest6 WHERE k BETWEEN 6594822 AND 6594922
	Bitmap Heap Scan on sbtest6  (cost=5.60..456.87 rows=114 width=125)
	  Recheck Cond: ((k >= 6594822) AND (k <= 6594922))
	  ->  Bitmap Index Scan on k_6  (cost=0.00..5.58 rows=114 width=0)
	        Index Cond: ((k >= 6594822) AND (k <= 6594922))

table 7 : explain SELECT k, c FROM sbtest7 WHERE k BETWEEN 6594822 AND 6594922
	Bitmap Heap Scan on sbtest7  (cost=5.53..429.29 rows=107 width=125)
	  Recheck Cond: ((k >= 6594822) AND (k <= 6594922))
	  ->  Bitmap Index Scan on k_7  (cost=0.00..5.50 rows=107 width=0)
	        Index Cond: ((k >= 6594822) AND (k <= 6594922))

table 8 : explain SELECT k, c FROM sbtest8 WHERE k BETWEEN 6594822 AND 6594922
	Bitmap Heap Scan on sbtest8  (cost=5.48..409.57 rows=102 width=125)
	  Recheck Cond: ((k >= 6594822) AND (k <= 6594922))
	  ->  Bitmap Index Scan on k_8  (cost=0.00..5.45 rows=102 width=0)
	        Index Cond: ((k >= 6594822) AND (k <= 6594922))

Threads started!

Warming up for 5 seconds...

SQL statistics:
    queries performed:
        read:                            102523626
        write:                           0
        other:                           0
        total:                           102523626
    transactions:                        102523626 (162734.44 per sec.)
    queries:                             102523626 (162734.44 per sec.)
    ignored errors:                      0      (0.00 per sec.)
    reconnects:                          0      (0.00 per sec.)

Throughput:
    events/s (eps):                      162734.4418
    time elapsed:                        630.0058s
    total number of events:              102523626

Latency (ms):
         min:                                    0.07
         avg:                                    0.25
         max:                                   16.30
         95th percentile:                        0.28
         sum:                             25155063.88

Threads fairness:
    events (avg/stddev):           2563087.4250/5957.11
    execution time (avg/stddev):   628.8766/0.02

