LUA_PATH=/home/mdcallag/git/mytools/bench/sysbench.lua/lua/?.lua /home/mdcallag/git/mytools/bench/sysbench.lua/lua/sysbench --db-driver=pgsql --range-size=100 --table-size=10000000 --tables=8 --threads=40 --events=0 --warmup-time=5 --time=630 --pgsql_conn_id=true /home/mdcallag/git/mytools/bench/sysbench.lua/lua/oltp_point_select.lua run --pgsql-user=root --pgsql-password=pw --pgsql-host=127.0.0.1 --pgsql-db=ib --rand-type=uniform --skip-trx
48 CPUs
sysbench 1.1.0-9072687 (using bundled LuaJIT 2.1.0-beta3)

Running the test with following options:
Number of threads: 40
Warmup time: 5s
Initializing random number generator from current time


Initializing worker threads...

explain: for point_selects :: explain SELECT c FROM sbtest%u WHERE id=%u
explain: for point_selects :: explain SELECT c FROM sbtest%u WHERE id=%u
explain: for point_selects :: explain SELECT c FROM sbtest%u WHERE id=%u
explain: for point_selects :: explain SELECT c FROM sbtest%u WHERE id=%u
explain: for point_selects :: explain SELECT c FROM sbtest%u WHERE id=%uexplain: for point_selects :: explain SELECT c FROM sbtest%u WHERE id=%u

explain: for point_selects :: explain SELECT c FROM sbtest%u WHERE id=%u
explain: for point_selects :: explain SELECT c FROM sbtest%u WHERE id=%u
explain: for point_selects :: explain SELECT c FROM sbtest%u WHERE id=%u
explain: for point_selects :: explain SELECT c FROM sbtest%u WHERE id=%u
explain: for point_selects :: explain SELECT c FROM sbtest%u WHERE id=%u
explain: for point_selects :: explain SELECT c FROM sbtest%u WHERE id=%u
explain: for point_selects :: explain SELECT c FROM sbtest%u WHERE id=%u
explain: for point_selects :: explain SELECT c FROM sbtest%u WHERE id=%u
explain: for point_selects :: explain SELECT c FROM sbtest%u WHERE id=%u
explain: for point_selects :: explain SELECT c FROM sbtest%u WHERE id=%u
explain: for point_selects :: explain SELECT c FROM sbtest%u WHERE id=%u
explain: for point_selects :: explain SELECT c FROM sbtest%u WHERE id=%u
explain: for point_selects :: explain SELECT c FROM sbtest%u WHERE id=%u
explain: for point_selects :: explain SELECT c FROM sbtest%u WHERE id=%u
explain: for point_selects :: explain SELECT c FROM sbtest%u WHERE id=%u
explain: for point_selects :: explain SELECT c FROM sbtest%u WHERE id=%u
explain: for point_selects :: explain SELECT c FROM sbtest%u WHERE id=%u
explain: for point_selects :: explain SELECT c FROM sbtest%u WHERE id=%u
explain: for point_selects :: explain SELECT c FROM sbtest%u WHERE id=%u
for point_selects
table 1 : explain SELECT c FROM sbtest1 WHERE id=739726
	Index Scan using sbtest1_pkey on sbtest1  (cost=0.43..8.45 rows=1 width=121)
	  Index Cond: (id = 739726)

table 2 : explain SELECT c FROM sbtest2 WHERE id=1331057
	Index Scan using sbtest2_pkey on sbtest2  (cost=0.43..8.45 rows=1 width=121)
	  Index Cond: (id = 1331057)

table 3 : explain SELECT c FROM sbtest3 WHERE id=7143361
	Index Scan using sbtest3_pkey on sbtest3  (cost=0.43..8.45 rows=1 width=121)
	  Index Cond: (id = 7143361)

table 4 : explain SELECT c FROM sbtest4 WHERE id=3952911
	Index Scan using sbtest4_pkey on sbtest4  (cost=0.43..8.45 rows=1 width=121)
	  Index Cond: (id = 3952911)

table 5 : explain SELECT c FROM sbtest5 WHERE id=3311783
	Index Scan using sbtest5_pkey on sbtest5  (cost=0.43..8.45 rows=1 width=121)
	  Index Cond: (id = 3311783)

table 6 : explain SELECT c FROM sbtest6 WHERE id=1653883
	Index Scan using sbtest6_pkey on sbtest6  (cost=0.43..8.45 rows=1 width=121)
	  Index Cond: (id = 1653883)

table 7 : explain SELECT c FROM sbtest7 WHERE id=2654857
	Index Scan using sbtest7_pkey on sbtest7  (cost=0.43..8.45 rows=1 width=121)
	  Index Cond: (id = 2654857)

table 8 : explain SELECT c FROM sbtest8 WHERE id=4283008
	Index Scan using sbtest8_pkey on sbtest8  (cost=0.43..8.45 rows=1 width=121)
	  Index Cond: (id = 4283008)

for point_selects
table 1 : explain SELECT c FROM sbtest1 WHERE id=5288555
	Index Scan using sbtest1_pkey on sbtest1  (cost=0.43..8.45 rows=1 width=121)
	  Index Cond: (id = 5288555)

table 2 : explain SELECT c FROM sbtest2 WHERE id=5543968
	Index Scan using sbtest2_pkey on sbtest2  (cost=0.43..8.45 rows=1 width=121)
	  Index Cond: (id = 5543968)

table 3 : explain SELECT c FROM sbtest3 WHERE id=2513561
	Index Scan using sbtest3_pkey on sbtest3  (cost=0.43..8.45 rows=1 width=121)
	  Index Cond: (id = 2513561)

table 4 : explain SELECT c FROM sbtest4 WHERE id=496696
	Index Scan using sbtest4_pkey on sbtest4  (cost=0.43..8.45 rows=1 width=121)
	  Index Cond: (id = 496696)

table 5 : explain SELECT c FROM sbtest5 WHERE id=1651566
	Index Scan using sbtest5_pkey on sbtest5  (cost=0.43..8.45 rows=1 width=121)
	  Index Cond: (id = 1651566)

table 6 : explain SELECT c FROM sbtest6 WHERE id=3658311
	Index Scan using sbtest6_pkey on sbtest6  (cost=0.43..8.45 rows=1 width=121)
	  Index Cond: (id = 3658311)

table 7 : explain SELECT c FROM sbtest7 WHERE id=8339974
	Index Scan using sbtest7_pkey on sbtest7  (cost=0.43..8.45 rows=1 width=121)
	  Index Cond: (id = 8339974)

table 8 : explain SELECT c FROM sbtest8 WHERE id=7819330
	Index Scan using sbtest8_pkey on sbtest8  (cost=0.43..8.45 rows=1 width=121)
	  Index Cond: (id = 7819330)

explain: for point_selects :: explain SELECT c FROM sbtest%u WHERE id=%u
explain: for point_selects :: explain SELECT c FROM sbtest%u WHERE id=%u
for point_selects
table 1 : explain SELECT c FROM sbtest1 WHERE id=7537003
	Index Scan using sbtest1_pkey on sbtest1  (cost=0.43..8.45 rows=1 width=121)
	  Index Cond: (id = 7537003)

table 2 : explain SELECT c FROM sbtest2 WHERE id=9730469
	Index Scan using sbtest2_pkey on sbtest2  (cost=0.43..8.45 rows=1 width=121)
	  Index Cond: (id = 9730469)

table 3 : explain SELECT c FROM sbtest3 WHERE id=6716086
	Index Scan using sbtest3_pkey on sbtest3  (cost=0.43..8.45 rows=1 width=121)
	  Index Cond: (id = 6716086)

table 4 : explain SELECT c FROM sbtest4 WHERE id=6077598
	Index Scan using sbtest4_pkey on sbtest4  (cost=0.43..8.45 rows=1 width=121)
	  Index Cond: (id = 6077598)

table 5 : explain SELECT c FROM sbtest5 WHERE id=2070326
	Index Scan using sbtest5_pkey on sbtest5  (cost=0.43..8.45 rows=1 width=121)
	  Index Cond: (id = 2070326)

table 6 : explain SELECT c FROM sbtest6 WHERE id=5594932
	Index Scan using sbtest6_pkey on sbtest6  (cost=0.43..8.45 rows=1 width=121)
	  Index Cond: (id = 5594932)

table 7 : explain SELECT c FROM sbtest7 WHERE id=5696779
	Index Scan using sbtest7_pkey on sbtest7  (cost=0.43..8.45 rows=1 width=121)
	  Index Cond: (id = 5696779)

table 8 : explain SELECT c FROM sbtest8 WHERE id=5765844
	Index Scan using sbtest8_pkey on sbtest8  (cost=0.43..8.45 rows=1 width=121)
	  Index Cond: (id = 5765844)

explain: for point_selects :: explain SELECT c FROM sbtest%u WHERE id=%u
explain: for point_selects :: explain SELECT c FROM sbtest%u WHERE id=%u
explain: for point_selects :: explain SELECT c FROM sbtest%u WHERE id=%u
explain: for point_selects :: explain SELECT c FROM sbtest%u WHERE id=%u
for point_selects
table 1 : explain SELECT c FROM sbtest1 WHERE id=6895033
	Index Scan using sbtest1_pkey on sbtest1  (cost=0.43..8.45 rows=1 width=121)
	  Index Cond: (id = 6895033)

table 2 : explain SELECT c FROM sbtest2 WHERE id=9097653
	Index Scan using sbtest2_pkey on sbtest2  (cost=0.43..8.45 rows=1 width=121)
	  Index Cond: (id = 9097653)

table 3 : explain SELECT c FROM sbtest3 WHERE id=8005424
	Index Scan using sbtest3_pkey on sbtest3  (cost=0.43..8.45 rows=1 width=121)
	  Index Cond: (id = 8005424)

table 4 : explain SELECT c FROM sbtest4 WHERE id=3126302
	Index Scan using sbtest4_pkey on sbtest4  (cost=0.43..8.45 rows=1 width=121)
	  Index Cond: (id = 3126302)

table 5 : explain SELECT c FROM sbtest5 WHERE id=839204
	Index Scan using sbtest5_pkey on sbtest5  (cost=0.43..8.45 rows=1 width=121)
	  Index Cond: (id = 839204)

table 6 : explain SELECT c FROM sbtest6 WHERE id=8790568
	Index Scan using sbtest6_pkey on sbtest6  (cost=0.43..8.45 rows=1 width=121)
	  Index Cond: (id = 8790568)

table 7 : explain SELECT c FROM sbtest7 WHERE id=8706777
	Index Scan using sbtest7_pkey on sbtest7  (cost=0.43..8.45 rows=1 width=121)
	  Index Cond: (id = 8706777)

table 8 : explain SELECT c FROM sbtest8 WHERE id=6339031
	Index Scan using sbtest8_pkey on sbtest8  (cost=0.43..8.45 rows=1 width=121)
	  Index Cond: (id = 6339031)

for point_selects
table 1 : explain SELECT c FROM sbtest1 WHERE id=6997416
	Index Scan using sbtest1_pkey on sbtest1  (cost=0.43..8.45 rows=1 width=121)
	  Index Cond: (id = 6997416)

table 2 : explain SELECT c FROM sbtest2 WHERE id=2903975
	Index Scan using sbtest2_pkey on sbtest2  (cost=0.43..8.45 rows=1 width=121)
	  Index Cond: (id = 2903975)

table 3 : explain SELECT c FROM sbtest3 WHERE id=9173761
	Index Scan using sbtest3_pkey on sbtest3  (cost=0.43..8.45 rows=1 width=121)
	  Index Cond: (id = 9173761)

table 4 : explain SELECT c FROM sbtest4 WHERE id=5757337
	Index Scan using sbtest4_pkey on sbtest4  (cost=0.43..8.45 rows=1 width=121)
	  Index Cond: (id = 5757337)

table 5 : explain SELECT c FROM sbtest5 WHERE id=5047180
	Index Scan using sbtest5_pkey on sbtest5  (cost=0.43..8.45 rows=1 width=121)
	  Index Cond: (id = 5047180)

table 6 : explain SELECT c FROM sbtest6 WHERE id=1102102
	Index Scan using sbtest6_pkey on sbtest6  (cost=0.43..8.45 rows=1 width=121)
	  Index Cond: (id = 1102102)

table 7 : explain SELECT c FROM sbtest7 WHERE id=3114054
	Index Scan using sbtest7_pkey on sbtest7  (cost=0.43..8.45 rows=1 width=121)
	  Index Cond: (id = 3114054)

table 8 : explain SELECT c FROM sbtest8 WHERE id=4098987
	Index Scan using sbtest8_pkey on sbtest8  (cost=0.43..8.45 rows=1 width=121)
	  Index Cond: (id = 4098987)

for point_selects
table 1 : explain SELECT c FROM sbtest1 WHERE id=4839719
	Index Scan using sbtest1_pkey on sbtest1  (cost=0.43..8.45 rows=1 width=121)
	  Index Cond: (id = 4839719)

table 2 : explain SELECT c FROM sbtest2 WHERE id=3085109
	Index Scan using sbtest2_pkey on sbtest2  (cost=0.43..8.45 rows=1 width=121)
	  Index Cond: (id = 3085109)

table 3 : explain SELECT c FROM sbtest3 WHERE id=665226
	Index Scan using sbtest3_pkey on sbtest3  (cost=0.43..8.45 rows=1 width=121)
	  Index Cond: (id = 665226)

table 4 : explain SELECT c FROM sbtest4 WHERE id=8092678
	Index Scan using sbtest4_pkey on sbtest4  (cost=0.43..8.45 rows=1 width=121)
	  Index Cond: (id = 8092678)

table 5 : explain SELECT c FROM sbtest5 WHERE id=9575402
	Index Scan using sbtest5_pkey on sbtest5  (cost=0.43..8.45 rows=1 width=121)
	  Index Cond: (id = 9575402)

table 6 : explain SELECT c FROM sbtest6 WHERE id=2383260
	Index Scan using sbtest6_pkey on sbtest6  (cost=0.43..8.45 rows=1 width=121)
	  Index Cond: (id = 2383260)

table 7 : explain SELECT c FROM sbtest7 WHERE id=7413357
	Index Scan using sbtest7_pkey on sbtest7  (cost=0.43..8.45 rows=1 width=121)
	  Index Cond: (id = 7413357)

table 8 : explain SELECT c FROM sbtest8 WHERE id=9912609
	Index Scan using sbtest8_pkey on sbtest8  (cost=0.43..8.45 rows=1 width=121)
	  Index Cond: (id = 9912609)

for point_selects
table 1 : explain SELECT c FROM sbtest1 WHERE id=7202610
	Index Scan using sbtest1_pkey on sbtest1  (cost=0.43..8.45 rows=1 width=121)
	  Index Cond: (id = 7202610)

table 2 : explain SELECT c FROM sbtest2 WHERE id=810309
	Index Scan using sbtest2_pkey on sbtest2  (cost=0.43..8.45 rows=1 width=121)
	  Index Cond: (id = 810309)

table 3 : explain SELECT c FROM sbtest3 WHERE id=6511723
	Index Scan using sbtest3_pkey on sbtest3  (cost=0.43..8.45 rows=1 width=121)
	  Index Cond: (id = 6511723)

table 4 : explain SELECT c FROM sbtest4 WHERE id=3756590
	Index Scan using sbtest4_pkey on sbtest4  (cost=0.43..8.45 rows=1 width=121)
	  Index Cond: (id = 3756590)

table 5 : explain SELECT c FROM sbtest5 WHERE id=7779853
	Index Scan using sbtest5_pkey on sbtest5  (cost=0.43..8.45 rows=1 width=121)
	  Index Cond: (id = 7779853)

table 6 : explain SELECT c FROM sbtest6 WHERE id=8449001
	Index Scan using sbtest6_pkey on sbtest6  (cost=0.43..8.45 rows=1 width=121)
	  Index Cond: (id = 8449001)

table 7 : explain SELECT c FROM sbtest7 WHERE id=6696737
	Index Scan using sbtest7_pkey on sbtest7  (cost=0.43..8.45 rows=1 width=121)
	  Index Cond: (id = 6696737)

table 8 : explain SELECT c FROM sbtest8 WHERE id=5129244
	Index Scan using sbtest8_pkey on sbtest8  (cost=0.43..8.45 rows=1 width=121)
	  Index Cond: (id = 5129244)

for point_selects
table 1 : explain SELECT c FROM sbtest1 WHERE id=912971
	Index Scan using sbtest1_pkey on sbtest1  (cost=0.43..8.45 rows=1 width=121)
	  Index Cond: (id = 912971)

table 2 : explain SELECT c FROM sbtest2 WHERE id=8702676
	Index Scan using sbtest2_pkey on sbtest2  (cost=0.43..8.45 rows=1 width=121)
	  Index Cond: (id = 8702676)

table 3 : explain SELECT c FROM sbtest3 WHERE id=5485391
	Index Scan using sbtest3_pkey on sbtest3  (cost=0.43..8.45 rows=1 width=121)
	  Index Cond: (id = 5485391)

table 4 : explain SELECT c FROM sbtest4 WHERE id=2058202
	Index Scan using sbtest4_pkey on sbtest4  (cost=0.43..8.45 rows=1 width=121)
	  Index Cond: (id = 2058202)

table 5 : explain SELECT c FROM sbtest5 WHERE id=3667997
	Index Scan using sbtest5_pkey on sbtest5  (cost=0.43..8.45 rows=1 width=121)
	  Index Cond: (id = 3667997)

table 6 : explain SELECT c FROM sbtest6 WHERE id=9418475
	Index Scan using sbtest6_pkey on sbtest6  (cost=0.43..8.45 rows=1 width=121)
	  Index Cond: (id = 9418475)

table 7 : explain SELECT c FROM sbtest7 WHERE id=3689554
	Index Scan using sbtest7_pkey on sbtest7  (cost=0.43..8.45 rows=1 width=121)
	  Index Cond: (id = 3689554)

table 8 : explain SELECT c FROM sbtest8 WHERE id=1046558
	Index Scan using sbtest8_pkey on sbtest8  (cost=0.43..8.45 rows=1 width=121)
	  Index Cond: (id = 1046558)

for point_selects
table 1 : explain SELECT c FROM sbtest1 WHERE id=5490873
	Index Scan using sbtest1_pkey on sbtest1  (cost=0.43..8.45 rows=1 width=121)
	  Index Cond: (id = 5490873)

table 2 : explain SELECT c FROM sbtest2 WHERE id=6017160
	Index Scan using sbtest2_pkey on sbtest2  (cost=0.43..8.45 rows=1 width=121)
	  Index Cond: (id = 6017160)

table 3 : explain SELECT c FROM sbtest3 WHERE id=9299739
	Index Scan using sbtest3_pkey on sbtest3  (cost=0.43..8.45 rows=1 width=121)
	  Index Cond: (id = 9299739)

table 4 : explain SELECT c FROM sbtest4 WHERE id=4685141
	Index Scan using sbtest4_pkey on sbtest4  (cost=0.43..8.45 rows=1 width=121)
	  Index Cond: (id = 4685141)

table 5 : explain SELECT c FROM sbtest5 WHERE id=6355361
	Index Scan using sbtest5_pkey on sbtest5  (cost=0.43..8.45 rows=1 width=121)
	  Index Cond: (id = 6355361)

table 6 : explain SELECT c FROM sbtest6 WHERE id=3837479
	Index Scan using sbtest6_pkey on sbtest6  (cost=0.43..8.45 rows=1 width=121)
	  Index Cond: (id = 3837479)

table 7 : explain SELECT c FROM sbtest7 WHERE id=2079092
	Index Scan using sbtest7_pkey on sbtest7  (cost=0.43..8.45 rows=1 width=121)
	  Index Cond: (id = 2079092)

table 8 : explain SELECT c FROM sbtest8 WHERE id=46274
	Index Scan using sbtest8_pkey on sbtest8  (cost=0.43..8.45 rows=1 width=121)
	  Index Cond: (id = 46274)

explain: for point_selects :: explain SELECT c FROM sbtest%u WHERE id=%u
for point_selects
table 1 : explain SELECT c FROM sbtest1 WHERE id=7879210
	Index Scan using sbtest1_pkey on sbtest1  (cost=0.43..8.45 rows=1 width=121)
	  Index Cond: (id = 7879210)

table 2 : explain SELECT c FROM sbtest2 WHERE id=9907028
	Index Scan using sbtest2_pkey on sbtest2  (cost=0.43..8.45 rows=1 width=121)
	  Index Cond: (id = 9907028)

table 3 : explain SELECT c FROM sbtest3 WHERE id=2843023
	Index Scan using sbtest3_pkey on sbtest3  (cost=0.43..8.45 rows=1 width=121)
	  Index Cond: (id = 2843023)

table 4 : explain SELECT c FROM sbtest4 WHERE id=9745624
	Index Scan using sbtest4_pkey on sbtest4  (cost=0.43..8.45 rows=1 width=121)
	  Index Cond: (id = 9745624)

table 5 : explain SELECT c FROM sbtest5 WHERE id=6322802
	Index Scan using sbtest5_pkey on sbtest5  (cost=0.43..8.45 rows=1 width=121)
	  Index Cond: (id = 6322802)

table 6 : explain SELECT c FROM sbtest6 WHERE id=7098729
	Index Scan using sbtest6_pkey on sbtest6  (cost=0.43..8.45 rows=1 width=121)
	  Index Cond: (id = 7098729)

table 7 : explain SELECT c FROM sbtest7 WHERE id=4271072
	Index Scan using sbtest7_pkey on sbtest7  (cost=0.43..8.45 rows=1 width=121)
	  Index Cond: (id = 4271072)

table 8 : explain SELECT c FROM sbtest8 WHERE id=3735104
	Index Scan using sbtest8_pkey on sbtest8  (cost=0.43..8.45 rows=1 width=121)
	  Index Cond: (id = 3735104)

explain: for point_selects :: explain SELECT c FROM sbtest%u WHERE id=%u
for point_selects
table 1 : explain SELECT c FROM sbtest1 WHERE id=2551395
	Index Scan using sbtest1_pkey on sbtest1  (cost=0.43..8.45 rows=1 width=121)
	  Index Cond: (id = 2551395)

table 2 : explain SELECT c FROM sbtest2 WHERE id=9896546
	Index Scan using sbtest2_pkey on sbtest2  (cost=0.43..8.45 rows=1 width=121)
	  Index Cond: (id = 9896546)

table 3 : explain SELECT c FROM sbtest3 WHERE id=4333128
	Index Scan using sbtest3_pkey on sbtest3  (cost=0.43..8.45 rows=1 width=121)
	  Index Cond: (id = 4333128)

table 4 : explain SELECT c FROM sbtest4 WHERE id=9935448
	Index Scan using sbtest4_pkey on sbtest4  (cost=0.43..8.45 rows=1 width=121)
	  Index Cond: (id = 9935448)

table 5 : explain SELECT c FROM sbtest5 WHERE id=3553989
	Index Scan using sbtest5_pkey on sbtest5  (cost=0.43..8.45 rows=1 width=121)
	  Index Cond: (id = 3553989)

table 6 : explain SELECT c FROM sbtest6 WHERE id=9684220
	Index Scan using sbtest6_pkey on sbtest6  (cost=0.43..8.45 rows=1 width=121)
	  Index Cond: (id = 9684220)

table 7 : explain SELECT c FROM sbtest7 WHERE id=3467661
	Index Scan using sbtest7_pkey on sbtest7  (cost=0.43..8.45 rows=1 width=121)
	  Index Cond: (id = 3467661)

table 8 : explain SELECT c FROM sbtest8 WHERE id=1027052
	Index Scan using sbtest8_pkey on sbtest8  (cost=0.43..8.45 rows=1 width=121)
	  Index Cond: (id = 1027052)

for point_selects
table 1 : explain SELECT c FROM sbtest1 WHERE id=5315026
	Index Scan using sbtest1_pkey on sbtest1  (cost=0.43..8.45 rows=1 width=121)
	  Index Cond: (id = 5315026)

table 2 : explain SELECT c FROM sbtest2 WHERE id=1619040
	Index Scan using sbtest2_pkey on sbtest2  (cost=0.43..8.45 rows=1 width=121)
	  Index Cond: (id = 1619040)

table 3 : explain SELECT c FROM sbtest3 WHERE id=2903787
	Index Scan using sbtest3_pkey on sbtest3  (cost=0.43..8.45 rows=1 width=121)
	  Index Cond: (id = 2903787)

table 4 : explain SELECT c FROM sbtest4 WHERE id=7519005
	Index Scan using sbtest4_pkey on sbtest4  (cost=0.43..8.45 rows=1 width=121)
	  Index Cond: (id = 7519005)

table 5 : explain SELECT c FROM sbtest5 WHERE id=239668
	Index Scan using sbtest5_pkey on sbtest5  (cost=0.43..8.45 rows=1 width=121)
	  Index Cond: (id = 239668)

table 6 : explain SELECT c FROM sbtest6 WHERE id=9403821
	Index Scan using sbtest6_pkey on sbtest6  (cost=0.43..8.45 rows=1 width=121)
	  Index Cond: (id = 9403821)

table 7 : explain SELECT c FROM sbtest7 WHERE id=8754291
	Index Scan using sbtest7_pkey on sbtest7  (cost=0.43..8.45 rows=1 width=121)
	  Index Cond: (id = 8754291)

table 8 : explain SELECT c FROM sbtest8 WHERE id=4045002
	Index Scan using sbtest8_pkey on sbtest8  (cost=0.43..8.45 rows=1 width=121)
	  Index Cond: (id = 4045002)

explain: for point_selects :: explain SELECT c FROM sbtest%u WHERE id=%u
explain: for point_selects :: explain SELECT c FROM sbtest%u WHERE id=%u
for point_selects
table 1 : explain SELECT c FROM sbtest1 WHERE id=8750485
	Index Scan using sbtest1_pkey on sbtest1  (cost=0.43..8.45 rows=1 width=121)
	  Index Cond: (id = 8750485)

table 2 : explain SELECT c FROM sbtest2 WHERE id=5171341
	Index Scan using sbtest2_pkey on sbtest2  (cost=0.43..8.45 rows=1 width=121)
	  Index Cond: (id = 5171341)

table 3 : explain SELECT c FROM sbtest3 WHERE id=412627
	Index Scan using sbtest3_pkey on sbtest3  (cost=0.43..8.45 rows=1 width=121)
	  Index Cond: (id = 412627)

table 4 : explain SELECT c FROM sbtest4 WHERE id=1918417
	Index Scan using sbtest4_pkey on sbtest4  (cost=0.43..8.45 rows=1 width=121)
	  Index Cond: (id = 1918417)

table 5 : explain SELECT c FROM sbtest5 WHERE id=2253197
	Index Scan using sbtest5_pkey on sbtest5  (cost=0.43..8.45 rows=1 width=121)
	  Index Cond: (id = 2253197)

table 6 : explain SELECT c FROM sbtest6 WHERE id=1358526
	Index Scan using sbtest6_pkey on sbtest6  (cost=0.43..8.45 rows=1 width=121)
	  Index Cond: (id = 1358526)

table 7 : explain SELECT c FROM sbtest7 WHERE id=1302918
	Index Scan using sbtest7_pkey on sbtest7  (cost=0.43..8.45 rows=1 width=121)
	  Index Cond: (id = 1302918)

table 8 : explain SELECT c FROM sbtest8 WHERE id=796373
	Index Scan using sbtest8_pkey on sbtest8  (cost=0.43..8.45 rows=1 width=121)
	  Index Cond: (id = 796373)

for point_selects
table 1 : explain SELECT c FROM sbtest1 WHERE id=3278205
	Index Scan using sbtest1_pkey on sbtest1  (cost=0.43..8.45 rows=1 width=121)
	  Index Cond: (id = 3278205)

table 2 : explain SELECT c FROM sbtest2 WHERE id=2080169
	Index Scan using sbtest2_pkey on sbtest2  (cost=0.43..8.45 rows=1 width=121)
	  Index Cond: (id = 2080169)

table 3 : explain SELECT c FROM sbtest3 WHERE id=3022973
	Index Scan using sbtest3_pkey on sbtest3  (cost=0.43..8.45 rows=1 width=121)
	  Index Cond: (id = 3022973)

table 4 : explain SELECT c FROM sbtest4 WHERE id=8982427
	Index Scan using sbtest4_pkey on sbtest4  (cost=0.43..8.45 rows=1 width=121)
	  Index Cond: (id = 8982427)

table 5 : explain SELECT c FROM sbtest5 WHERE id=7590720
	Index Scan using sbtest5_pkey on sbtest5  (cost=0.43..8.45 rows=1 width=121)
	  Index Cond: (id = 7590720)

table 6 : explain SELECT c FROM sbtest6 WHERE id=3968312
	Index Scan using sbtest6_pkey on sbtest6  (cost=0.43..8.45 rows=1 width=121)
	  Index Cond: (id = 3968312)

table 7 : explain SELECT c FROM sbtest7 WHERE id=7242499
	Index Scan using sbtest7_pkey on sbtest7  (cost=0.43..8.45 rows=1 width=121)
	  Index Cond: (id = 7242499)

table 8 : explain SELECT c FROM sbtest8 WHERE id=983928
	Index Scan using sbtest8_pkey on sbtest8  (cost=0.43..8.45 rows=1 width=121)
	  Index Cond: (id = 983928)

explain: for point_selects :: explain SELECT c FROM sbtest%u WHERE id=%u
for point_selects
table 1 : explain SELECT c FROM sbtest1 WHERE id=9672611
	Index Scan using sbtest1_pkey on sbtest1  (cost=0.43..8.45 rows=1 width=121)
	  Index Cond: (id = 9672611)

table 2 : explain SELECT c FROM sbtest2 WHERE id=5601990
	Index Scan using sbtest2_pkey on sbtest2  (cost=0.43..8.45 rows=1 width=121)
	  Index Cond: (id = 5601990)

table 3 : explain SELECT c FROM sbtest3 WHERE id=6723467
	Index Scan using sbtest3_pkey on sbtest3  (cost=0.43..8.45 rows=1 width=121)
	  Index Cond: (id = 6723467)

table 4 : explain SELECT c FROM sbtest4 WHERE id=5518593
	Index Scan using sbtest4_pkey on sbtest4  (cost=0.43..8.45 rows=1 width=121)
	  Index Cond: (id = 5518593)

table 5 : explain SELECT c FROM sbtest5 WHERE id=3184224
	Index Scan using sbtest5_pkey on sbtest5  (cost=0.43..8.45 rows=1 width=121)
	  Index Cond: (id = 3184224)

table 6 : explain SELECT c FROM sbtest6 WHERE id=9930087
	Index Scan using sbtest6_pkey on sbtest6  (cost=0.43..8.45 rows=1 width=121)
	  Index Cond: (id = 9930087)

table 7 : explain SELECT c FROM sbtest7 WHERE id=4554537
	Index Scan using sbtest7_pkey on sbtest7  (cost=0.43..8.45 rows=1 width=121)
	  Index Cond: (id = 4554537)

table 8 : explain SELECT c FROM sbtest8 WHERE id=8306842
	Index Scan using sbtest8_pkey on sbtest8  (cost=0.43..8.45 rows=1 width=121)
	  Index Cond: (id = 8306842)

for point_selects
table 1 : explain SELECT c FROM sbtest1 WHERE id=2059779
	Index Scan using sbtest1_pkey on sbtest1  (cost=0.43..8.45 rows=1 width=121)
	  Index Cond: (id = 2059779)

table 2 : explain SELECT c FROM sbtest2 WHERE id=8725011
	Index Scan using sbtest2_pkey on sbtest2  (cost=0.43..8.45 rows=1 width=121)
	  Index Cond: (id = 8725011)

table 3 : explain SELECT c FROM sbtest3 WHERE id=5928159
	Index Scan using sbtest3_pkey on sbtest3  (cost=0.43..8.45 rows=1 width=121)
	  Index Cond: (id = 5928159)

table 4 : explain SELECT c FROM sbtest4 WHERE id=7363968
	Index Scan using sbtest4_pkey on sbtest4  (cost=0.43..8.45 rows=1 width=121)
	  Index Cond: (id = 7363968)

table 5 : explain SELECT c FROM sbtest5 WHERE id=3237489
	Index Scan using sbtest5_pkey on sbtest5  (cost=0.43..8.45 rows=1 width=121)
	  Index Cond: (id = 3237489)

table 6 : explain SELECT c FROM sbtest6 WHERE id=2168940
	Index Scan using sbtest6_pkey on sbtest6  (cost=0.43..8.45 rows=1 width=121)
	  Index Cond: (id = 2168940)

table 7 : explain SELECT c FROM sbtest7 WHERE id=7732585
	Index Scan using sbtest7_pkey on sbtest7  (cost=0.43..8.45 rows=1 width=121)
	  Index Cond: (id = 7732585)

table 8 : explain SELECT c FROM sbtest8 WHERE id=3890835
	Index Scan using sbtest8_pkey on sbtest8  (cost=0.43..8.45 rows=1 width=121)
	  Index Cond: (id = 3890835)

for point_selects
table 1 : explain SELECT c FROM sbtest1 WHERE id=7310766
	Index Scan using sbtest1_pkey on sbtest1  (cost=0.43..8.45 rows=1 width=121)
	  Index Cond: (id = 7310766)

table 2 : explain SELECT c FROM sbtest2 WHERE id=4170626
	Index Scan using sbtest2_pkey on sbtest2  (cost=0.43..8.45 rows=1 width=121)
	  Index Cond: (id = 4170626)

table 3 : explain SELECT c FROM sbtest3 WHERE id=1584811
	Index Scan using sbtest3_pkey on sbtest3  (cost=0.43..8.45 rows=1 width=121)
	  Index Cond: (id = 1584811)

table 4 : explain SELECT c FROM sbtest4 WHERE id=1626226
	Index Scan using sbtest4_pkey on sbtest4  (cost=0.43..8.45 rows=1 width=121)
	  Index Cond: (id = 1626226)

table 5 : explain SELECT c FROM sbtest5 WHERE id=8609640
	Index Scan using sbtest5_pkey on sbtest5  (cost=0.43..8.45 rows=1 width=121)
	  Index Cond: (id = 8609640)

table 6 : explain SELECT c FROM sbtest6 WHERE id=8641379
	Index Scan using sbtest6_pkey on sbtest6  (cost=0.43..8.45 rows=1 width=121)
	  Index Cond: (id = 8641379)

table 7 : explain SELECT c FROM sbtest7 WHERE id=6865878
	Index Scan using sbtest7_pkey on sbtest7  (cost=0.43..8.45 rows=1 width=121)
	  Index Cond: (id = 6865878)

table 8 : explain SELECT c FROM sbtest8 WHERE id=5088741
	Index Scan using sbtest8_pkey on sbtest8  (cost=0.43..8.45 rows=1 width=121)
	  Index Cond: (id = 5088741)

for point_selects
table 1 : explain SELECT c FROM sbtest1 WHERE id=8605364
	Index Scan using sbtest1_pkey on sbtest1  (cost=0.43..8.45 rows=1 width=121)
	  Index Cond: (id = 8605364)

table 2 : explain SELECT c FROM sbtest2 WHERE id=5969574
	Index Scan using sbtest2_pkey on sbtest2  (cost=0.43..8.45 rows=1 width=121)
	  Index Cond: (id = 5969574)

table 3 : explain SELECT c FROM sbtest3 WHERE id=3653470
	Index Scan using sbtest3_pkey on sbtest3  (cost=0.43..8.45 rows=1 width=121)
	  Index Cond: (id = 3653470)

table 4 : explain SELECT c FROM sbtest4 WHERE id=6071602
	Index Scan using sbtest4_pkey on sbtest4  (cost=0.43..8.45 rows=1 width=121)
	  Index Cond: (id = 6071602)

table 5 : explain SELECT c FROM sbtest5 WHERE id=567620
	Index Scan using sbtest5_pkey on sbtest5  (cost=0.43..8.45 rows=1 width=121)
	  Index Cond: (id = 567620)

table 6 : explain SELECT c FROM sbtest6 WHERE id=5568205
	Index Scan using sbtest6_pkey on sbtest6  (cost=0.43..8.45 rows=1 width=121)
	  Index Cond: (id = 5568205)

table 7 : explain SELECT c FROM sbtest7 WHERE id=9002438
	Index Scan using sbtest7_pkey on sbtest7  (cost=0.43..8.45 rows=1 width=121)
	  Index Cond: (id = 9002438)

table 8 : explain SELECT c FROM sbtest8 WHERE id=8761149
	Index Scan using sbtest8_pkey on sbtest8  (cost=0.43..8.45 rows=1 width=121)
	  Index Cond: (id = 8761149)

explain: for point_selects :: explain SELECT c FROM sbtest%u WHERE id=%u
explain: for point_selects :: explain SELECT c FROM sbtest%u WHERE id=%u
for point_selects
table 1 : explain SELECT c FROM sbtest1 WHERE id=5580992
	Index Scan using sbtest1_pkey on sbtest1  (cost=0.43..8.45 rows=1 width=121)
	  Index Cond: (id = 5580992)

table 2 : explain SELECT c FROM sbtest2 WHERE id=2242210
	Index Scan using sbtest2_pkey on sbtest2  (cost=0.43..8.45 rows=1 width=121)
	  Index Cond: (id = 2242210)

table 3 : explain SELECT c FROM sbtest3 WHERE id=5047789
	Index Scan using sbtest3_pkey on sbtest3  (cost=0.43..8.45 rows=1 width=121)
	  Index Cond: (id = 5047789)

table 4 : explain SELECT c FROM sbtest4 WHERE id=8763657
	Index Scan using sbtest4_pkey on sbtest4  (cost=0.43..8.45 rows=1 width=121)
	  Index Cond: (id = 8763657)

table 5 : explain SELECT c FROM sbtest5 WHERE id=3448565
	Index Scan using sbtest5_pkey on sbtest5  (cost=0.43..8.45 rows=1 width=121)
	  Index Cond: (id = 3448565)

table 6 : explain SELECT c FROM sbtest6 WHERE id=9333862
	Index Scan using sbtest6_pkey on sbtest6  (cost=0.43..8.45 rows=1 width=121)
	  Index Cond: (id = 9333862)

table 7 : explain SELECT c FROM sbtest7 WHERE id=5620500
	Index Scan using sbtest7_pkey on sbtest7  (cost=0.43..8.45 rows=1 width=121)
	  Index Cond: (id = 5620500)

table 8 : explain SELECT c FROM sbtest8 WHERE id=8741140
	Index Scan using sbtest8_pkey on sbtest8  (cost=0.43..8.45 rows=1 width=121)
	  Index Cond: (id = 8741140)

for point_selects
table 1 : explain SELECT c FROM sbtest1 WHERE id=798360
	Index Scan using sbtest1_pkey on sbtest1  (cost=0.43..8.45 rows=1 width=121)
	  Index Cond: (id = 798360)

table 2 : explain SELECT c FROM sbtest2 WHERE id=3856438
	Index Scan using sbtest2_pkey on sbtest2  (cost=0.43..8.45 rows=1 width=121)
	  Index Cond: (id = 3856438)

table 3 : explain SELECT c FROM sbtest3 WHERE id=7358987
	Index Scan using sbtest3_pkey on sbtest3  (cost=0.43..8.45 rows=1 width=121)
	  Index Cond: (id = 7358987)

table 4 : explain SELECT c FROM sbtest4 WHERE id=5000801
	Index Scan using sbtest4_pkey on sbtest4  (cost=0.43..8.45 rows=1 width=121)
	  Index Cond: (id = 5000801)

table 5 : explain SELECT c FROM sbtest5 WHERE id=8417273
	Index Scan using sbtest5_pkey on sbtest5  (cost=0.43..8.45 rows=1 width=121)
	  Index Cond: (id = 8417273)

table 6 : explain SELECT c FROM sbtest6 WHERE id=463438
	Index Scan using sbtest6_pkey on sbtest6  (cost=0.43..8.45 rows=1 width=121)
	  Index Cond: (id = 463438)

table 7 : explain SELECT c FROM sbtest7 WHERE id=329928
	Index Scan using sbtest7_pkey on sbtest7  (cost=0.43..8.45 rows=1 width=121)
	  Index Cond: (id = 329928)

table 8 : explain SELECT c FROM sbtest8 WHERE id=9977292
	Index Scan using sbtest8_pkey on sbtest8  (cost=0.43..8.45 rows=1 width=121)
	  Index Cond: (id = 9977292)

explain: for point_selects :: explain SELECT c FROM sbtest%u WHERE id=%u
explain: for point_selects :: explain SELECT c FROM sbtest%u WHERE id=%u
for point_selects
table 1 : explain SELECT c FROM sbtest1 WHERE id=2494209
	Index Scan using sbtest1_pkey on sbtest1  (cost=0.43..8.45 rows=1 width=121)
	  Index Cond: (id = 2494209)

table 2 : explain SELECT c FROM sbtest2 WHERE id=3351696
	Index Scan using sbtest2_pkey on sbtest2  (cost=0.43..8.45 rows=1 width=121)
	  Index Cond: (id = 3351696)

table 3 : explain SELECT c FROM sbtest3 WHERE id=8128169
	Index Scan using sbtest3_pkey on sbtest3  (cost=0.43..8.45 rows=1 width=121)
	  Index Cond: (id = 8128169)

table 4 : explain SELECT c FROM sbtest4 WHERE id=1037584
	Index Scan using sbtest4_pkey on sbtest4  (cost=0.43..8.45 rows=1 width=121)
	  Index Cond: (id = 1037584)

table 5 : explain SELECT c FROM sbtest5 WHERE id=652179
	Index Scan using sbtest5_pkey on sbtest5  (cost=0.43..8.45 rows=1 width=121)
	  Index Cond: (id = 652179)

table 6 : explain SELECT c FROM sbtest6 WHERE id=6471061
	Index Scan using sbtest6_pkey on sbtest6  (cost=0.43..8.45 rows=1 width=121)
	  Index Cond: (id = 6471061)

table 7 : explain SELECT c FROM sbtest7 WHERE id=4823211
	Index Scan using sbtest7_pkey on sbtest7  (cost=0.43..8.45 rows=1 width=121)
	  Index Cond: (id = 4823211)

table 8 : explain SELECT c FROM sbtest8 WHERE id=4148427
	Index Scan using sbtest8_pkey on sbtest8  (cost=0.43..8.45 rows=1 width=121)
	  Index Cond: (id = 4148427)

for point_selects
table 1 : explain SELECT c FROM sbtest1 WHERE id=108585
	Index Scan using sbtest1_pkey on sbtest1  (cost=0.43..8.45 rows=1 width=121)
	  Index Cond: (id = 108585)

table 2 : explain SELECT c FROM sbtest2 WHERE id=3559105
	Index Scan using sbtest2_pkey on sbtest2  (cost=0.43..8.45 rows=1 width=121)
	  Index Cond: (id = 3559105)

table 3 : explain SELECT c FROM sbtest3 WHERE id=3770175
	Index Scan using sbtest3_pkey on sbtest3  (cost=0.43..8.45 rows=1 width=121)
	  Index Cond: (id = 3770175)

table 4 : explain SELECT c FROM sbtest4 WHERE id=6655429
	Index Scan using sbtest4_pkey on sbtest4  (cost=0.43..8.45 rows=1 width=121)
	  Index Cond: (id = 6655429)

table 5 : explain SELECT c FROM sbtest5 WHERE id=3926161
	Index Scan using sbtest5_pkey on sbtest5  (cost=0.43..8.45 rows=1 width=121)
	  Index Cond: (id = 3926161)

table 6 : explain SELECT c FROM sbtest6 WHERE id=2890345
	Index Scan using sbtest6_pkey on sbtest6  (cost=0.43..8.45 rows=1 width=121)
	  Index Cond: (id = 2890345)

table 7 : explain SELECT c FROM sbtest7 WHERE id=680499
	Index Scan using sbtest7_pkey on sbtest7  (cost=0.43..8.45 rows=1 width=121)
	  Index Cond: (id = 680499)

table 8 : explain SELECT c FROM sbtest8 WHERE id=9280349
	Index Scan using sbtest8_pkey on sbtest8  (cost=0.43..8.45 rows=1 width=121)
	  Index Cond: (id = 9280349)

for point_selects
table 1 : explain SELECT c FROM sbtest1 WHERE id=584801
	Index Scan using sbtest1_pkey on sbtest1  (cost=0.43..8.45 rows=1 width=121)
	  Index Cond: (id = 584801)

table 2 : explain SELECT c FROM sbtest2 WHERE id=5676947
	Index Scan using sbtest2_pkey on sbtest2  (cost=0.43..8.45 rows=1 width=121)
	  Index Cond: (id = 5676947)

table 3 : explain SELECT c FROM sbtest3 WHERE id=4049074
	Index Scan using sbtest3_pkey on sbtest3  (cost=0.43..8.45 rows=1 width=121)
	  Index Cond: (id = 4049074)

table 4 : explain SELECT c FROM sbtest4 WHERE id=5824846
	Index Scan using sbtest4_pkey on sbtest4  (cost=0.43..8.45 rows=1 width=121)
	  Index Cond: (id = 5824846)

table 5 : explain SELECT c FROM sbtest5 WHERE id=4694085
	Index Scan using sbtest5_pkey on sbtest5  (cost=0.43..8.45 rows=1 width=121)
	  Index Cond: (id = 4694085)

table 6 : explain SELECT c FROM sbtest6 WHERE id=59501
	Index Scan using sbtest6_pkey on sbtest6  (cost=0.43..8.45 rows=1 width=121)
	  Index Cond: (id = 59501)

table 7 : explain SELECT c FROM sbtest7 WHERE id=8356740
	Index Scan using sbtest7_pkey on sbtest7  (cost=0.43..8.45 rows=1 width=121)
	  Index Cond: (id = 8356740)

table 8 : explain SELECT c FROM sbtest8 WHERE id=8111292
	Index Scan using sbtest8_pkey on sbtest8  (cost=0.43..8.45 rows=1 width=121)
	  Index Cond: (id = 8111292)

for point_selects
table 1 : explain SELECT c FROM sbtest1 WHERE id=5984068
	Index Scan using sbtest1_pkey on sbtest1  (cost=0.43..8.45 rows=1 width=121)
	  Index Cond: (id = 5984068)

table 2 : explain SELECT c FROM sbtest2 WHERE id=7285658
	Index Scan using sbtest2_pkey on sbtest2  (cost=0.43..8.45 rows=1 width=121)
	  Index Cond: (id = 7285658)

table 3 : explain SELECT c FROM sbtest3 WHERE id=9019249
	Index Scan using sbtest3_pkey on sbtest3  (cost=0.43..8.45 rows=1 width=121)
	  Index Cond: (id = 9019249)

table 4 : explain SELECT c FROM sbtest4 WHERE id=7433923
	Index Scan using sbtest4_pkey on sbtest4  (cost=0.43..8.45 rows=1 width=121)
	  Index Cond: (id = 7433923)

table 5 : explain SELECT c FROM sbtest5 WHERE id=5071912
	Index Scan using sbtest5_pkey on sbtest5  (cost=0.43..8.45 rows=1 width=121)
	  Index Cond: (id = 5071912)

table 6 : explain SELECT c FROM sbtest6 WHERE id=7846715
	Index Scan using sbtest6_pkey on sbtest6  (cost=0.43..8.45 rows=1 width=121)
	  Index Cond: (id = 7846715)

table 7 : explain SELECT c FROM sbtest7 WHERE id=9106523
	Index Scan using sbtest7_pkey on sbtest7  (cost=0.43..8.45 rows=1 width=121)
	  Index Cond: (id = 9106523)

table 8 : explain SELECT c FROM sbtest8 WHERE id=3992536
	Index Scan using sbtest8_pkey on sbtest8  (cost=0.43..8.45 rows=1 width=121)
	  Index Cond: (id = 3992536)

for point_selects
table 1 : explain SELECT c FROM sbtest1 WHERE id=4162466
	Index Scan using sbtest1_pkey on sbtest1  (cost=0.43..8.45 rows=1 width=121)
	  Index Cond: (id = 4162466)

table 2 : explain SELECT c FROM sbtest2 WHERE id=5690272
	Index Scan using sbtest2_pkey on sbtest2  (cost=0.43..8.45 rows=1 width=121)
	  Index Cond: (id = 5690272)

table 3 : explain SELECT c FROM sbtest3 WHERE id=5233418
	Index Scan using sbtest3_pkey on sbtest3  (cost=0.43..8.45 rows=1 width=121)
	  Index Cond: (id = 5233418)

table 4 : explain SELECT c FROM sbtest4 WHERE id=6763502
	Index Scan using sbtest4_pkey on sbtest4  (cost=0.43..8.45 rows=1 width=121)
	  Index Cond: (id = 6763502)

table 5 : explain SELECT c FROM sbtest5 WHERE id=5030818
	Index Scan using sbtest5_pkey on sbtest5  (cost=0.43..8.45 rows=1 width=121)
	  Index Cond: (id = 5030818)

table 6 : explain SELECT c FROM sbtest6 WHERE id=3337471
	Index Scan using sbtest6_pkey on sbtest6  (cost=0.43..8.45 rows=1 width=121)
	  Index Cond: (id = 3337471)

table 7 : explain SELECT c FROM sbtest7 WHERE id=7519718
	Index Scan using sbtest7_pkey on sbtest7  (cost=0.43..8.45 rows=1 width=121)
	  Index Cond: (id = 7519718)

table 8 : explain SELECT c FROM sbtest8 WHERE id=5007675
	Index Scan using sbtest8_pkey on sbtest8  (cost=0.43..8.45 rows=1 width=121)
	  Index Cond: (id = 5007675)

for point_selects
table 1 : explain SELECT c FROM sbtest1 WHERE id=3500655
	Index Scan using sbtest1_pkey on sbtest1  (cost=0.43..8.45 rows=1 width=121)
	  Index Cond: (id = 3500655)

table 2 : explain SELECT c FROM sbtest2 WHERE id=5984663
	Index Scan using sbtest2_pkey on sbtest2  (cost=0.43..8.45 rows=1 width=121)
	  Index Cond: (id = 5984663)

table 3 : explain SELECT c FROM sbtest3 WHERE id=7092870
	Index Scan using sbtest3_pkey on sbtest3  (cost=0.43..8.45 rows=1 width=121)
	  Index Cond: (id = 7092870)

table 4 : explain SELECT c FROM sbtest4 WHERE id=6726247
	Index Scan using sbtest4_pkey on sbtest4  (cost=0.43..8.45 rows=1 width=121)
	  Index Cond: (id = 6726247)

table 5 : explain SELECT c FROM sbtest5 WHERE id=6497499
	Index Scan using sbtest5_pkey on sbtest5  (cost=0.43..8.45 rows=1 width=121)
	  Index Cond: (id = 6497499)

table 6 : explain SELECT c FROM sbtest6 WHERE id=3131926
	Index Scan using sbtest6_pkey on sbtest6  (cost=0.43..8.45 rows=1 width=121)
	  Index Cond: (id = 3131926)

table 7 : explain SELECT c FROM sbtest7 WHERE id=3177442
	Index Scan using sbtest7_pkey on sbtest7  (cost=0.43..8.45 rows=1 width=121)
	  Index Cond: (id = 3177442)

table 8 : explain SELECT c FROM sbtest8 WHERE id=1002412
	Index Scan using sbtest8_pkey on sbtest8  (cost=0.43..8.45 rows=1 width=121)
	  Index Cond: (id = 1002412)

for point_selects
table 1 : explain SELECT c FROM sbtest1 WHERE id=6123365
	Index Scan using sbtest1_pkey on sbtest1  (cost=0.43..8.45 rows=1 width=121)
	  Index Cond: (id = 6123365)

table 2 : explain SELECT c FROM sbtest2 WHERE id=1790689
	Index Scan using sbtest2_pkey on sbtest2  (cost=0.43..8.45 rows=1 width=121)
	  Index Cond: (id = 1790689)

table 3 : explain SELECT c FROM sbtest3 WHERE id=2872081
	Index Scan using sbtest3_pkey on sbtest3  (cost=0.43..8.45 rows=1 width=121)
	  Index Cond: (id = 2872081)

table 4 : explain SELECT c FROM sbtest4 WHERE id=1932470
	Index Scan using sbtest4_pkey on sbtest4  (cost=0.43..8.45 rows=1 width=121)
	  Index Cond: (id = 1932470)

table 5 : explain SELECT c FROM sbtest5 WHERE id=2644608
	Index Scan using sbtest5_pkey on sbtest5  (cost=0.43..8.45 rows=1 width=121)
	  Index Cond: (id = 2644608)

table 6 : explain SELECT c FROM sbtest6 WHERE id=2237070
	Index Scan using sbtest6_pkey on sbtest6  (cost=0.43..8.45 rows=1 width=121)
	  Index Cond: (id = 2237070)

table 7 : explain SELECT c FROM sbtest7 WHERE id=101342
	Index Scan using sbtest7_pkey on sbtest7  (cost=0.43..8.45 rows=1 width=121)
	  Index Cond: (id = 101342)

table 8 : explain SELECT c FROM sbtest8 WHERE id=1062449
	Index Scan using sbtest8_pkey on sbtest8  (cost=0.43..8.45 rows=1 width=121)
	  Index Cond: (id = 1062449)

for point_selects
table 1 : explain SELECT c FROM sbtest1 WHERE id=4559633
	Index Scan using sbtest1_pkey on sbtest1  (cost=0.43..8.45 rows=1 width=121)
	  Index Cond: (id = 4559633)

table 2 : explain SELECT c FROM sbtest2 WHERE id=5730565
	Index Scan using sbtest2_pkey on sbtest2  (cost=0.43..8.45 rows=1 width=121)
	  Index Cond: (id = 5730565)

table 3 : explain SELECT c FROM sbtest3 WHERE id=2761939
	Index Scan using sbtest3_pkey on sbtest3  (cost=0.43..8.45 rows=1 width=121)
	  Index Cond: (id = 2761939)

table 4 : explain SELECT c FROM sbtest4 WHERE id=8905204
	Index Scan using sbtest4_pkey on sbtest4  (cost=0.43..8.45 rows=1 width=121)
	  Index Cond: (id = 8905204)

table 5 : explain SELECT c FROM sbtest5 WHERE id=9956525
	Index Scan using sbtest5_pkey on sbtest5  (cost=0.43..8.45 rows=1 width=121)
	  Index Cond: (id = 9956525)

table 6 : explain SELECT c FROM sbtest6 WHERE id=947911
	Index Scan using sbtest6_pkey on sbtest6  (cost=0.43..8.45 rows=1 width=121)
	  Index Cond: (id = 947911)

table 7 : explain SELECT c FROM sbtest7 WHERE id=9121389
	Index Scan using sbtest7_pkey on sbtest7  (cost=0.43..8.45 rows=1 width=121)
	  Index Cond: (id = 9121389)

table 8 : explain SELECT c FROM sbtest8 WHERE id=2833759
	Index Scan using sbtest8_pkey on sbtest8  (cost=0.43..8.45 rows=1 width=121)
	  Index Cond: (id = 2833759)

for point_selects
table 1 : explain SELECT c FROM sbtest1 WHERE id=6185963
	Index Scan using sbtest1_pkey on sbtest1  (cost=0.43..8.45 rows=1 width=121)
	  Index Cond: (id = 6185963)

table 2 : explain SELECT c FROM sbtest2 WHERE id=2608962
	Index Scan using sbtest2_pkey on sbtest2  (cost=0.43..8.45 rows=1 width=121)
	  Index Cond: (id = 2608962)

table 3 : explain SELECT c FROM sbtest3 WHERE id=7534248
	Index Scan using sbtest3_pkey on sbtest3  (cost=0.43..8.45 rows=1 width=121)
	  Index Cond: (id = 7534248)

table 4 : explain SELECT c FROM sbtest4 WHERE id=7541778
	Index Scan using sbtest4_pkey on sbtest4  (cost=0.43..8.45 rows=1 width=121)
	  Index Cond: (id = 7541778)

table 5 : explain SELECT c FROM sbtest5 WHERE id=2844595
	Index Scan using sbtest5_pkey on sbtest5  (cost=0.43..8.45 rows=1 width=121)
	  Index Cond: (id = 2844595)

table 6 : explain SELECT c FROM sbtest6 WHERE id=2006849
	Index Scan using sbtest6_pkey on sbtest6  (cost=0.43..8.45 rows=1 width=121)
	  Index Cond: (id = 2006849)

table 7 : explain SELECT c FROM sbtest7 WHERE id=1707181
	Index Scan using sbtest7_pkey on sbtest7  (cost=0.43..8.45 rows=1 width=121)
	  Index Cond: (id = 1707181)

table 8 : explain SELECT c FROM sbtest8 WHERE id=6843049
	Index Scan using sbtest8_pkey on sbtest8  (cost=0.43..8.45 rows=1 width=121)
	  Index Cond: (id = 6843049)

for point_selects
table 1 : explain SELECT c FROM sbtest1 WHERE id=5091007
	Index Scan using sbtest1_pkey on sbtest1  (cost=0.43..8.45 rows=1 width=121)
	  Index Cond: (id = 5091007)

table 2 : explain SELECT c FROM sbtest2 WHERE id=7066422
	Index Scan using sbtest2_pkey on sbtest2  (cost=0.43..8.45 rows=1 width=121)
	  Index Cond: (id = 7066422)

table 3 : explain SELECT c FROM sbtest3 WHERE id=5976184
	Index Scan using sbtest3_pkey on sbtest3  (cost=0.43..8.45 rows=1 width=121)
	  Index Cond: (id = 5976184)

table 4 : explain SELECT c FROM sbtest4 WHERE id=188566
	Index Scan using sbtest4_pkey on sbtest4  (cost=0.43..8.45 rows=1 width=121)
	  Index Cond: (id = 188566)

table 5 : explain SELECT c FROM sbtest5 WHERE id=2301758
	Index Scan using sbtest5_pkey on sbtest5  (cost=0.43..8.45 rows=1 width=121)
	  Index Cond: (id = 2301758)

table 6 : explain SELECT c FROM sbtest6 WHERE id=8261551
	Index Scan using sbtest6_pkey on sbtest6  (cost=0.43..8.45 rows=1 width=121)
	  Index Cond: (id = 8261551)

table 7 : explain SELECT c FROM sbtest7 WHERE id=2939675
	Index Scan using sbtest7_pkey on sbtest7  (cost=0.43..8.45 rows=1 width=121)
	  Index Cond: (id = 2939675)

table 8 : explain SELECT c FROM sbtest8 WHERE id=2211246
	Index Scan using sbtest8_pkey on sbtest8  (cost=0.43..8.45 rows=1 width=121)
	  Index Cond: (id = 2211246)

for point_selects
table 1 : explain SELECT c FROM sbtest1 WHERE id=4683143
	Index Scan using sbtest1_pkey on sbtest1  (cost=0.43..8.45 rows=1 width=121)
	  Index Cond: (id = 4683143)

table 2 : explain SELECT c FROM sbtest2 WHERE id=4990990
	Index Scan using sbtest2_pkey on sbtest2  (cost=0.43..8.45 rows=1 width=121)
	  Index Cond: (id = 4990990)

table 3 : explain SELECT c FROM sbtest3 WHERE id=9753173
	Index Scan using sbtest3_pkey on sbtest3  (cost=0.43..8.45 rows=1 width=121)
	  Index Cond: (id = 9753173)

table 4 : explain SELECT c FROM sbtest4 WHERE id=1659754
	Index Scan using sbtest4_pkey on sbtest4  (cost=0.43..8.45 rows=1 width=121)
	  Index Cond: (id = 1659754)

table 5 : explain SELECT c FROM sbtest5 WHERE id=8475193
	Index Scan using sbtest5_pkey on sbtest5  (cost=0.43..8.45 rows=1 width=121)
	  Index Cond: (id = 8475193)

table 6 : explain SELECT c FROM sbtest6 WHERE id=6694264
	Index Scan using sbtest6_pkey on sbtest6  (cost=0.43..8.45 rows=1 width=121)
	  Index Cond: (id = 6694264)

table 7 : explain SELECT c FROM sbtest7 WHERE id=2235193
	Index Scan using sbtest7_pkey on sbtest7  (cost=0.43..8.45 rows=1 width=121)
	  Index Cond: (id = 2235193)

table 8 : explain SELECT c FROM sbtest8 WHERE id=8944569
	Index Scan using sbtest8_pkey on sbtest8  (cost=0.43..8.45 rows=1 width=121)
	  Index Cond: (id = 8944569)

for point_selects
table 1 : explain SELECT c FROM sbtest1 WHERE id=7722299
	Index Scan using sbtest1_pkey on sbtest1  (cost=0.43..8.45 rows=1 width=121)
	  Index Cond: (id = 7722299)

table 2 : explain SELECT c FROM sbtest2 WHERE id=4559096
	Index Scan using sbtest2_pkey on sbtest2  (cost=0.43..8.45 rows=1 width=121)
	  Index Cond: (id = 4559096)

table 3 : explain SELECT c FROM sbtest3 WHERE id=7255451
	Index Scan using sbtest3_pkey on sbtest3  (cost=0.43..8.45 rows=1 width=121)
	  Index Cond: (id = 7255451)

table 4 : explain SELECT c FROM sbtest4 WHERE id=7287770
	Index Scan using sbtest4_pkey on sbtest4  (cost=0.43..8.45 rows=1 width=121)
	  Index Cond: (id = 7287770)

table 5 : explain SELECT c FROM sbtest5 WHERE id=6995648
	Index Scan using sbtest5_pkey on sbtest5  (cost=0.43..8.45 rows=1 width=121)
	  Index Cond: (id = 6995648)

table 6 : explain SELECT c FROM sbtest6 WHERE id=9657881
	Index Scan using sbtest6_pkey on sbtest6  (cost=0.43..8.45 rows=1 width=121)
	  Index Cond: (id = 9657881)

table 7 : explain SELECT c FROM sbtest7 WHERE id=365998
	Index Scan using sbtest7_pkey on sbtest7  (cost=0.43..8.45 rows=1 width=121)
	  Index Cond: (id = 365998)

table 8 : explain SELECT c FROM sbtest8 WHERE id=9772570
	Index Scan using sbtest8_pkey on sbtest8  (cost=0.43..8.45 rows=1 width=121)
	  Index Cond: (id = 9772570)

for point_selects
table 1 : explain SELECT c FROM sbtest1 WHERE id=3921280
	Index Scan using sbtest1_pkey on sbtest1  (cost=0.43..8.45 rows=1 width=121)
	  Index Cond: (id = 3921280)

table 2 : explain SELECT c FROM sbtest2 WHERE id=9170576
	Index Scan using sbtest2_pkey on sbtest2  (cost=0.43..8.45 rows=1 width=121)
	  Index Cond: (id = 9170576)

table 3 : explain SELECT c FROM sbtest3 WHERE id=620076
	Index Scan using sbtest3_pkey on sbtest3  (cost=0.43..8.45 rows=1 width=121)
	  Index Cond: (id = 620076)

table 4 : explain SELECT c FROM sbtest4 WHERE id=1631797
	Index Scan using sbtest4_pkey on sbtest4  (cost=0.43..8.45 rows=1 width=121)
	  Index Cond: (id = 1631797)

table 5 : explain SELECT c FROM sbtest5 WHERE id=2993154
	Index Scan using sbtest5_pkey on sbtest5  (cost=0.43..8.45 rows=1 width=121)
	  Index Cond: (id = 2993154)

table 6 : explain SELECT c FROM sbtest6 WHERE id=2341916
	Index Scan using sbtest6_pkey on sbtest6  (cost=0.43..8.45 rows=1 width=121)
	  Index Cond: (id = 2341916)

table 7 : explain SELECT c FROM sbtest7 WHERE id=6453013
	Index Scan using sbtest7_pkey on sbtest7  (cost=0.43..8.45 rows=1 width=121)
	  Index Cond: (id = 6453013)

table 8 : explain SELECT c FROM sbtest8 WHERE id=7617735
	Index Scan using sbtest8_pkey on sbtest8  (cost=0.43..8.45 rows=1 width=121)
	  Index Cond: (id = 7617735)

for point_selects
table 1 : explain SELECT c FROM sbtest1 WHERE id=8354121
	Index Scan using sbtest1_pkey on sbtest1  (cost=0.43..8.45 rows=1 width=121)
	  Index Cond: (id = 8354121)

table 2 : explain SELECT c FROM sbtest2 WHERE id=6810309
	Index Scan using sbtest2_pkey on sbtest2  (cost=0.43..8.45 rows=1 width=121)
	  Index Cond: (id = 6810309)

table 3 : explain SELECT c FROM sbtest3 WHERE id=5354399
	Index Scan using sbtest3_pkey on sbtest3  (cost=0.43..8.45 rows=1 width=121)
	  Index Cond: (id = 5354399)

table 4 : explain SELECT c FROM sbtest4 WHERE id=6010970
	Index Scan using sbtest4_pkey on sbtest4  (cost=0.43..8.45 rows=1 width=121)
	  Index Cond: (id = 6010970)

table 5 : explain SELECT c FROM sbtest5 WHERE id=3279823
	Index Scan using sbtest5_pkey on sbtest5  (cost=0.43..8.45 rows=1 width=121)
	  Index Cond: (id = 3279823)

table 6 : explain SELECT c FROM sbtest6 WHERE id=9454228
	Index Scan using sbtest6_pkey on sbtest6  (cost=0.43..8.45 rows=1 width=121)
	  Index Cond: (id = 9454228)

table 7 : explain SELECT c FROM sbtest7 WHERE id=1781920
	Index Scan using sbtest7_pkey on sbtest7  (cost=0.43..8.45 rows=1 width=121)
	  Index Cond: (id = 1781920)

table 8 : explain SELECT c FROM sbtest8 WHERE id=3030231
	Index Scan using sbtest8_pkey on sbtest8  (cost=0.43..8.45 rows=1 width=121)
	  Index Cond: (id = 3030231)

for point_selects
table 1 : explain SELECT c FROM sbtest1 WHERE id=3727351
	Index Scan using sbtest1_pkey on sbtest1  (cost=0.43..8.45 rows=1 width=121)
	  Index Cond: (id = 3727351)

table 2 : explain SELECT c FROM sbtest2 WHERE id=5924407
	Index Scan using sbtest2_pkey on sbtest2  (cost=0.43..8.45 rows=1 width=121)
	  Index Cond: (id = 5924407)

table 3 : explain SELECT c FROM sbtest3 WHERE id=4999594
	Index Scan using sbtest3_pkey on sbtest3  (cost=0.43..8.45 rows=1 width=121)
	  Index Cond: (id = 4999594)

table 4 : explain SELECT c FROM sbtest4 WHERE id=2696591
	Index Scan using sbtest4_pkey on sbtest4  (cost=0.43..8.45 rows=1 width=121)
	  Index Cond: (id = 2696591)

table 5 : explain SELECT c FROM sbtest5 WHERE id=2301574
	Index Scan using sbtest5_pkey on sbtest5  (cost=0.43..8.45 rows=1 width=121)
	  Index Cond: (id = 2301574)

table 6 : explain SELECT c FROM sbtest6 WHERE id=3961933
	Index Scan using sbtest6_pkey on sbtest6  (cost=0.43..8.45 rows=1 width=121)
	  Index Cond: (id = 3961933)

table 7 : explain SELECT c FROM sbtest7 WHERE id=8610749
	Index Scan using sbtest7_pkey on sbtest7  (cost=0.43..8.45 rows=1 width=121)
	  Index Cond: (id = 8610749)

table 8 : explain SELECT c FROM sbtest8 WHERE id=520386
	Index Scan using sbtest8_pkey on sbtest8  (cost=0.43..8.45 rows=1 width=121)
	  Index Cond: (id = 520386)

for point_selects
table 1 : explain SELECT c FROM sbtest1 WHERE id=5649598
	Index Scan using sbtest1_pkey on sbtest1  (cost=0.43..8.45 rows=1 width=121)
	  Index Cond: (id = 5649598)

table 2 : explain SELECT c FROM sbtest2 WHERE id=6577796
	Index Scan using sbtest2_pkey on sbtest2  (cost=0.43..8.45 rows=1 width=121)
	  Index Cond: (id = 6577796)

table 3 : explain SELECT c FROM sbtest3 WHERE id=188268
	Index Scan using sbtest3_pkey on sbtest3  (cost=0.43..8.45 rows=1 width=121)
	  Index Cond: (id = 188268)

table 4 : explain SELECT c FROM sbtest4 WHERE id=6127574
	Index Scan using sbtest4_pkey on sbtest4  (cost=0.43..8.45 rows=1 width=121)
	  Index Cond: (id = 6127574)

table 5 : explain SELECT c FROM sbtest5 WHERE id=1858787
	Index Scan using sbtest5_pkey on sbtest5  (cost=0.43..8.45 rows=1 width=121)
	  Index Cond: (id = 1858787)

table 6 : explain SELECT c FROM sbtest6 WHERE id=7921564
	Index Scan using sbtest6_pkey on sbtest6  (cost=0.43..8.45 rows=1 width=121)
	  Index Cond: (id = 7921564)

table 7 : explain SELECT c FROM sbtest7 WHERE id=4182312
	Index Scan using sbtest7_pkey on sbtest7  (cost=0.43..8.45 rows=1 width=121)
	  Index Cond: (id = 4182312)

table 8 : explain SELECT c FROM sbtest8 WHERE id=9541529
	Index Scan using sbtest8_pkey on sbtest8  (cost=0.43..8.45 rows=1 width=121)
	  Index Cond: (id = 9541529)

for point_selects
table 1 : explain SELECT c FROM sbtest1 WHERE id=888455
	Index Scan using sbtest1_pkey on sbtest1  (cost=0.43..8.45 rows=1 width=121)
	  Index Cond: (id = 888455)

table 2 : explain SELECT c FROM sbtest2 WHERE id=5604144
	Index Scan using sbtest2_pkey on sbtest2  (cost=0.43..8.45 rows=1 width=121)
	  Index Cond: (id = 5604144)

table 3 : explain SELECT c FROM sbtest3 WHERE id=7403437
	Index Scan using sbtest3_pkey on sbtest3  (cost=0.43..8.45 rows=1 width=121)
	  Index Cond: (id = 7403437)

table 4 : explain SELECT c FROM sbtest4 WHERE id=6290532
	Index Scan using sbtest4_pkey on sbtest4  (cost=0.43..8.45 rows=1 width=121)
	  Index Cond: (id = 6290532)

table 5 : explain SELECT c FROM sbtest5 WHERE id=6839362
	Index Scan using sbtest5_pkey on sbtest5  (cost=0.43..8.45 rows=1 width=121)
	  Index Cond: (id = 6839362)

table 6 : explain SELECT c FROM sbtest6 WHERE id=2083486
	Index Scan using sbtest6_pkey on sbtest6  (cost=0.43..8.45 rows=1 width=121)
	  Index Cond: (id = 2083486)

table 7 : explain SELECT c FROM sbtest7 WHERE id=1738165
	Index Scan using sbtest7_pkey on sbtest7  (cost=0.43..8.45 rows=1 width=121)
	  Index Cond: (id = 1738165)

table 8 : explain SELECT c FROM sbtest8 WHERE id=9515995
	Index Scan using sbtest8_pkey on sbtest8  (cost=0.43..8.45 rows=1 width=121)
	  Index Cond: (id = 9515995)

for point_selects
table 1 : explain SELECT c FROM sbtest1 WHERE id=1084816
	Index Scan using sbtest1_pkey on sbtest1  (cost=0.43..8.45 rows=1 width=121)
	  Index Cond: (id = 1084816)

table 2 : explain SELECT c FROM sbtest2 WHERE id=403569
	Index Scan using sbtest2_pkey on sbtest2  (cost=0.43..8.45 rows=1 width=121)
	  Index Cond: (id = 403569)

table 3 : explain SELECT c FROM sbtest3 WHERE id=937822
	Index Scan using sbtest3_pkey on sbtest3  (cost=0.43..8.45 rows=1 width=121)
	  Index Cond: (id = 937822)

table 4 : explain SELECT c FROM sbtest4 WHERE id=2658107
	Index Scan using sbtest4_pkey on sbtest4  (cost=0.43..8.45 rows=1 width=121)
	  Index Cond: (id = 2658107)

table 5 : explain SELECT c FROM sbtest5 WHERE id=1000778
	Index Scan using sbtest5_pkey on sbtest5  (cost=0.43..8.45 rows=1 width=121)
	  Index Cond: (id = 1000778)

table 6 : explain SELECT c FROM sbtest6 WHERE id=436762
	Index Scan using sbtest6_pkey on sbtest6  (cost=0.43..8.45 rows=1 width=121)
	  Index Cond: (id = 436762)

table 7 : explain SELECT c FROM sbtest7 WHERE id=554265
	Index Scan using sbtest7_pkey on sbtest7  (cost=0.43..8.45 rows=1 width=121)
	  Index Cond: (id = 554265)

table 8 : explain SELECT c FROM sbtest8 WHERE id=2760080
	Index Scan using sbtest8_pkey on sbtest8  (cost=0.43..8.45 rows=1 width=121)
	  Index Cond: (id = 2760080)

for point_selects
table 1 : explain SELECT c FROM sbtest1 WHERE id=3789022
	Index Scan using sbtest1_pkey on sbtest1  (cost=0.43..8.45 rows=1 width=121)
	  Index Cond: (id = 3789022)

table 2 : explain SELECT c FROM sbtest2 WHERE id=7170950
	Index Scan using sbtest2_pkey on sbtest2  (cost=0.43..8.45 rows=1 width=121)
	  Index Cond: (id = 7170950)

table 3 : explain SELECT c FROM sbtest3 WHERE id=8141553
	Index Scan using sbtest3_pkey on sbtest3  (cost=0.43..8.45 rows=1 width=121)
	  Index Cond: (id = 8141553)

table 4 : explain SELECT c FROM sbtest4 WHERE id=6307161
	Index Scan using sbtest4_pkey on sbtest4  (cost=0.43..8.45 rows=1 width=121)
	  Index Cond: (id = 6307161)

table 5 : explain SELECT c FROM sbtest5 WHERE id=9278301
	Index Scan using sbtest5_pkey on sbtest5  (cost=0.43..8.45 rows=1 width=121)
	  Index Cond: (id = 9278301)

table 6 : explain SELECT c FROM sbtest6 WHERE id=3429548
	Index Scan using sbtest6_pkey on sbtest6  (cost=0.43..8.45 rows=1 width=121)
	  Index Cond: (id = 3429548)

table 7 : explain SELECT c FROM sbtest7 WHERE id=3832350
	Index Scan using sbtest7_pkey on sbtest7  (cost=0.43..8.45 rows=1 width=121)
	  Index Cond: (id = 3832350)

table 8 : explain SELECT c FROM sbtest8 WHERE id=876651
	Index Scan using sbtest8_pkey on sbtest8  (cost=0.43..8.45 rows=1 width=121)
	  Index Cond: (id = 876651)

for point_selects
table 1 : explain SELECT c FROM sbtest1 WHERE id=1551105
	Index Scan using sbtest1_pkey on sbtest1  (cost=0.43..8.45 rows=1 width=121)
	  Index Cond: (id = 1551105)

table 2 : explain SELECT c FROM sbtest2 WHERE id=8904141
	Index Scan using sbtest2_pkey on sbtest2  (cost=0.43..8.45 rows=1 width=121)
	  Index Cond: (id = 8904141)

table 3 : explain SELECT c FROM sbtest3 WHERE id=7274753
	Index Scan using sbtest3_pkey on sbtest3  (cost=0.43..8.45 rows=1 width=121)
	  Index Cond: (id = 7274753)

table 4 : explain SELECT c FROM sbtest4 WHERE id=8642998
	Index Scan using sbtest4_pkey on sbtest4  (cost=0.43..8.45 rows=1 width=121)
	  Index Cond: (id = 8642998)

table 5 : explain SELECT c FROM sbtest5 WHERE id=4266100
	Index Scan using sbtest5_pkey on sbtest5  (cost=0.43..8.45 rows=1 width=121)
	  Index Cond: (id = 4266100)

table 6 : explain SELECT c FROM sbtest6 WHERE id=9231205
	Index Scan using sbtest6_pkey on sbtest6  (cost=0.43..8.45 rows=1 width=121)
	  Index Cond: (id = 9231205)

table 7 : explain SELECT c FROM sbtest7 WHERE id=4191857
	Index Scan using sbtest7_pkey on sbtest7  (cost=0.43..8.45 rows=1 width=121)
	  Index Cond: (id = 4191857)

table 8 : explain SELECT c FROM sbtest8 WHERE id=6527419
	Index Scan using sbtest8_pkey on sbtest8  (cost=0.43..8.45 rows=1 width=121)
	  Index Cond: (id = 6527419)

Threads started!

Warming up for 5 seconds...

SQL statistics:
    queries performed:
        read:                            685472735
        write:                           0
        other:                           0
        total:                           685472735
    transactions:                        685472735 (1088042.18 per sec.)
    queries:                             685472735 (1088042.18 per sec.)
    ignored errors:                      0      (0.00 per sec.)
    reconnects:                          0      (0.00 per sec.)

Throughput:
    events/s (eps):                      1088042.1785
    time elapsed:                        630.0058s
    total number of events:              685472735

Latency (ms):
         min:                                    0.03
         avg:                                    0.04
         max:                                   20.07
         95th percentile:                        0.04
         sum:                             25000407.07

Threads fairness:
    events (avg/stddev):           17136793.5000/209196.14
    execution time (avg/stddev):   625.0102/0.09

