LUA_PATH=/home/mdcallag/git/mytools/bench/sysbench.lua/lua/?.lua /home/mdcallag/git/mytools/bench/sysbench.lua/lua/sysbench --db-driver=pgsql --range-size=1000 --table-size=10000000 --tables=8 --threads=40 --events=0 --warmup-time=5 --time=630 --pgsql_conn_id=true /home/mdcallag/git/mytools/bench/sysbench.lua/lua/oltp_read_only.lua run --pgsql-user=root --pgsql-password=pw --pgsql-host=127.0.0.1 --pgsql-db=ib --rand-type=uniform --simple-ranges=0 --sum-ranges=1 --order-ranges=0 --distinct-ranges=0
48 CPUs
sysbench 1.1.0-9072687 (using bundled LuaJIT 2.1.0-beta3)

Running the test with following options:
Number of threads: 40
Warmup time: 5s
Initializing random number generator from current time


Initializing worker threads...

explain: for point_selects :: explain SELECT c FROM sbtest%u WHERE id=%u
explain: for point_selects :: explain SELECT c FROM sbtest%u WHERE id=%u
explain: for point_selects :: explain SELECT c FROM sbtest%u WHERE id=%u
explain: for point_selects :: explain SELECT c FROM sbtest%u WHERE id=%u
explain: for point_selects :: explain SELECT c FROM sbtest%u WHERE id=%u
explain: for point_selects :: explain SELECT c FROM sbtest%u WHERE id=%u
explain: for point_selects :: explain SELECT c FROM sbtest%u WHERE id=%u
for point_selects
table 1 : explain SELECT c FROM sbtest1 WHERE id=9157968
	Index Scan using sbtest1_pkey on sbtest1  (cost=0.43..8.45 rows=1 width=121)
	  Index Cond: (id = 9157968)

table 2 : explain SELECT c FROM sbtest2 WHERE id=160172
	Index Scan using sbtest2_pkey on sbtest2  (cost=0.43..8.45 rows=1 width=121)
	  Index Cond: (id = 160172)

table 3 : explain SELECT c FROM sbtest3 WHERE id=3022108
	Index Scan using sbtest3_pkey on sbtest3  (cost=0.43..8.45 rows=1 width=121)
	  Index Cond: (id = 3022108)

table 4 : explain SELECT c FROM sbtest4 WHERE id=8990610
	Index Scan using sbtest4_pkey on sbtest4  (cost=0.43..8.45 rows=1 width=121)
	  Index Cond: (id = 8990610)

table 5 : explain SELECT c FROM sbtest5 WHERE id=8869815
	Index Scan using sbtest5_pkey on sbtest5  (cost=0.43..8.45 rows=1 width=121)
	  Index Cond: (id = 8869815)

table 6 : explain SELECT c FROM sbtest6 WHERE id=4885023
	Index Scan using sbtest6_pkey on sbtest6  (cost=0.43..8.45 rows=1 width=121)
	  Index Cond: (id = 4885023)

table 7 : explain SELECT c FROM sbtest7 WHERE id=3358195
	Index Scan using sbtest7_pkey on sbtest7  (cost=0.43..8.45 rows=1 width=121)
	  Index Cond: (id = 3358195)

table 8 : explain SELECT c FROM sbtest8 WHERE id=6898165
	Index Scan using sbtest8_pkey on sbtest8  (cost=0.43..8.45 rows=1 width=121)
	  Index Cond: (id = 6898165)

explain: for point_selects :: explain SELECT c FROM sbtest%u WHERE id=%u
for point_selects
table 1 : explain SELECT c FROM sbtest1 WHERE id=8722952
	Index Scan using sbtest1_pkey on sbtest1  (cost=0.43..8.45 rows=1 width=121)
	  Index Cond: (id = 8722952)

table 2 : explain SELECT c FROM sbtest2 WHERE id=4588301
	Index Scan using sbtest2_pkey on sbtest2  (cost=0.43..8.45 rows=1 width=121)
	  Index Cond: (id = 4588301)

table 3 : explain SELECT c FROM sbtest3 WHERE id=2995159
	Index Scan using sbtest3_pkey on sbtest3  (cost=0.43..8.45 rows=1 width=121)
	  Index Cond: (id = 2995159)

table 4 : explain SELECT c FROM sbtest4 WHERE id=5201048
	Index Scan using sbtest4_pkey on sbtest4  (cost=0.43..8.45 rows=1 width=121)
	  Index Cond: (id = 5201048)

table 5 : explain SELECT c FROM sbtest5 WHERE id=9578096
	Index Scan using sbtest5_pkey on sbtest5  (cost=0.43..8.45 rows=1 width=121)
	  Index Cond: (id = 9578096)

table 6 : explain SELECT c FROM sbtest6 WHERE id=2502133
	Index Scan using sbtest6_pkey on sbtest6  (cost=0.43..8.45 rows=1 width=121)
	  Index Cond: (id = 2502133)

table 7 : explain SELECT c FROM sbtest7 WHERE id=9528526
	Index Scan using sbtest7_pkey on sbtest7  (cost=0.43..8.45 rows=1 width=121)
	  Index Cond: (id = 9528526)

table 8 : explain SELECT c FROM sbtest8 WHERE id=7831499
	Index Scan using sbtest8_pkey on sbtest8  (cost=0.43..8.45 rows=1 width=121)
	  Index Cond: (id = 7831499)

for point_selects
table 1 : explain SELECT c FROM sbtest1 WHERE id=3948721
	Index Scan using sbtest1_pkey on sbtest1  (cost=0.43..8.45 rows=1 width=121)
	  Index Cond: (id = 3948721)

table 2 : explain SELECT c FROM sbtest2 WHERE id=2257745
	Index Scan using sbtest2_pkey on sbtest2  (cost=0.43..8.45 rows=1 width=121)
	  Index Cond: (id = 2257745)

table 3 : explain SELECT c FROM sbtest3 WHERE id=4947611
	Index Scan using sbtest3_pkey on sbtest3  (cost=0.43..8.45 rows=1 width=121)
	  Index Cond: (id = 4947611)

table 4 : explain SELECT c FROM sbtest4 WHERE id=1380417
	Index Scan using sbtest4_pkey on sbtest4  (cost=0.43..8.45 rows=1 width=121)
	  Index Cond: (id = 1380417)

table 5 : explain SELECT c FROM sbtest5 WHERE id=5488145
	Index Scan using sbtest5_pkey on sbtest5  (cost=0.43..8.45 rows=1 width=121)
	  Index Cond: (id = 5488145)

table 6 : explain SELECT c FROM sbtest6 WHERE id=9857939
	Index Scan using sbtest6_pkey on sbtest6  (cost=0.43..8.45 rows=1 width=121)
	  Index Cond: (id = 9857939)

table 7 : explain SELECT c FROM sbtest7 WHERE id=6558722
	Index Scan using sbtest7_pkey on sbtest7  (cost=0.43..8.45 rows=1 width=121)
	  Index Cond: (id = 6558722)

table 8 : explain SELECT c FROM sbtest8 WHERE id=4865754
	Index Scan using sbtest8_pkey on sbtest8  (cost=0.43..8.45 rows=1 width=121)
	  Index Cond: (id = 4865754)

for point_selects
table 1 : explain SELECT c FROM sbtest1 WHERE id=546255
	Index Scan using sbtest1_pkey on sbtest1  (cost=0.43..8.45 rows=1 width=121)
	  Index Cond: (id = 546255)

table 2 : explain SELECT c FROM sbtest2 WHERE id=2024979
	Index Scan using sbtest2_pkey on sbtest2  (cost=0.43..8.45 rows=1 width=121)
	  Index Cond: (id = 2024979)

table 3 : explain SELECT c FROM sbtest3 WHERE id=9082334
	Index Scan using sbtest3_pkey on sbtest3  (cost=0.43..8.45 rows=1 width=121)
	  Index Cond: (id = 9082334)

table 4 : explain SELECT c FROM sbtest4 WHERE id=3532020
	Index Scan using sbtest4_pkey on sbtest4  (cost=0.43..8.45 rows=1 width=121)
	  Index Cond: (id = 3532020)

table 5 : explain SELECT c FROM sbtest5 WHERE id=3923325
	Index Scan using sbtest5_pkey on sbtest5  (cost=0.43..8.45 rows=1 width=121)
	  Index Cond: (id = 3923325)

table 6 : explain SELECT c FROM sbtest6 WHERE id=1288867
	Index Scan using sbtest6_pkey on sbtest6  (cost=0.43..8.45 rows=1 width=121)
	  Index Cond: (id = 1288867)

table 7 : explain SELECT c FROM sbtest7 WHERE id=2014499
	Index Scan using sbtest7_pkey on sbtest7  (cost=0.43..8.45 rows=1 width=121)
	  Index Cond: (id = 2014499)

table 8 : explain SELECT c FROM sbtest8 WHERE id=7834792
	Index Scan using sbtest8_pkey on sbtest8  (cost=0.43..8.45 rows=1 width=121)
	  Index Cond: (id = 7834792)

for point_selects
table 1 : explain SELECT c FROM sbtest1 WHERE id=3555097
	Index Scan using sbtest1_pkey on sbtest1  (cost=0.43..8.45 rows=1 width=121)
	  Index Cond: (id = 3555097)

table 2 : explain SELECT c FROM sbtest2 WHERE id=3807190
	Index Scan using sbtest2_pkey on sbtest2  (cost=0.43..8.45 rows=1 width=121)
	  Index Cond: (id = 3807190)

table 3 : explain SELECT c FROM sbtest3 WHERE id=8711239
	Index Scan using sbtest3_pkey on sbtest3  (cost=0.43..8.45 rows=1 width=121)
	  Index Cond: (id = 8711239)

table 4 : explain SELECT c FROM sbtest4 WHERE id=789715
	Index Scan using sbtest4_pkey on sbtest4  (cost=0.43..8.45 rows=1 width=121)
	  Index Cond: (id = 789715)

table 5 : explain SELECT c FROM sbtest5 WHERE id=9677492
	Index Scan using sbtest5_pkey on sbtest5  (cost=0.43..8.45 rows=1 width=121)
	  Index Cond: (id = 9677492)

table 6 : explain SELECT c FROM sbtest6 WHERE id=4835743
	Index Scan using sbtest6_pkey on sbtest6  (cost=0.43..8.45 rows=1 width=121)
	  Index Cond: (id = 4835743)

table 7 : explain SELECT c FROM sbtest7 WHERE id=7575348
	Index Scan using sbtest7_pkey on sbtest7  (cost=0.43..8.45 rows=1 width=121)
	  Index Cond: (id = 7575348)

table 8 : explain SELECT c FROM sbtest8 WHERE id=9768946
	Index Scan using sbtest8_pkey on sbtest8  (cost=0.43..8.45 rows=1 width=121)
	  Index Cond: (id = 9768946)

for: simple_ranges
table 1 : explain SELECT c FROM sbtest1 WHERE id BETWEEN 9662211 AND 9663210
	Bitmap Heap Scan on sbtest1  (cost=31.19..4059.64 rows=1049 width=121)
	  Recheck Cond: ((id >= 9662211) AND (id <= 9663210))
	  ->  Bitmap Index Scan on sbtest1_pkey  (cost=0.00..30.93 rows=1049 width=0)
	        Index Cond: ((id >= 9662211) AND (id <= 9663210))

table 2 : explain SELECT c FROM sbtest2 WHERE id BETWEEN 5914077 AND 5915076
	Bitmap Heap Scan on sbtest2  (cost=30.21..3701.13 rows=954 width=121)
	  Recheck Cond: ((id >= 5914077) AND (id <= 5915076))
	  ->  Bitmap Index Scan on sbtest2_pkey  (cost=0.00..29.97 rows=954 width=0)
	        Index Cond: ((id >= 5914077) AND (id <= 5915076))

table 3 : explain SELECT c FROM sbtest3 WHERE id BETWEEN 673376 AND 674375
	Bitmap Heap Scan on sbtest3  (cost=30.15..3678.20 rows=948 width=121)
	  Recheck Cond: ((id >= 673376) AND (id <= 674375))
	  ->  Bitmap Index Scan on sbtest3_pkey  (cost=0.00..29.91 rows=948 width=0)
	        Index Cond: ((id >= 673376) AND (id <= 674375))

table 4 : explain SELECT c FROM sbtest4 WHERE id BETWEEN 8738784 AND 8739783
	Bitmap Heap Scan on sbtest4  (cost=31.00..3992.15 rows=1031 width=121)
	  Recheck Cond: ((id >= 8738784) AND (id <= 8739783))
	  ->  Bitmap Index Scan on sbtest4_pkey  (cost=0.00..30.75 rows=1031 width=0)
	        Index Cond: ((id >= 8738784) AND (id <= 8739783))

table 5 : explain SELECT c FROM sbtest5 WHERE id BETWEEN 9630694 AND 9631693
	Bitmap Heap Scan on sbtest5  (cost=35.29..4101.42 rows=1059 width=121)
	  Recheck Cond: ((id >= 9630694) AND (id <= 9631693))
	  ->  Bitmap Index Scan on sbtest5_pkey  (cost=0.00..35.03 rows=1059 width=0)
	        Index Cond: ((id >= 9630694) AND (id <= 9631693))

table 6 : explain SELECT c FROM sbtest6 WHERE id BETWEEN 2452197 AND 2453196
	Bitmap Heap Scan on sbtest6  (cost=35.12..4036.99 rows=1042 width=121)
	  Recheck Cond: ((id >= 2452197) AND (id <= 2453196))
	  ->  Bitmap Index Scan on sbtest6_pkey  (cost=0.00..34.86 rows=1042 width=0)
	        Index Cond: ((id >= 2452197) AND (id <= 2453196))

table 7 : explain SELECT c FROM sbtest7 WHERE id BETWEEN 2441176 AND 2442175
	Bitmap Heap Scan on sbtest7  (cost=29.96..3606.61 rows=929 width=121)
	  Recheck Cond: ((id >= 2441176) AND (id <= 2442175))
	  ->  Bitmap Index Scan on sbtest7_pkey  (cost=0.00..29.72 rows=929 width=0)
	        Index Cond: ((id >= 2441176) AND (id <= 2442175))

table 8 : explain SELECT c FROM sbtest8 WHERE id BETWEEN 2457500 AND 2458499
	Bitmap Heap Scan on sbtest8  (cost=29.32..3371.74 rows=867 width=121)
	  Recheck Cond: ((id >= 2457500) AND (id <= 2458499))
	  ->  Bitmap Index Scan on sbtest8_pkey  (cost=0.00..29.11 rows=867 width=0)
	        Index Cond: ((id >= 2457500) AND (id <= 2458499))

for point_selects
table 1 : explain SELECT c FROM sbtest1 WHERE id=6990511
	Index Scan using sbtest1_pkey on sbtest1  (cost=0.43..8.45 rows=1 width=121)
	  Index Cond: (id = 6990511)

table 2 : explain SELECT c FROM sbtest2 WHERE id=835271
	Index Scan using sbtest2_pkey on sbtest2  (cost=0.43..8.45 rows=1 width=121)
	  Index Cond: (id = 835271)

table 3 : explain SELECT c FROM sbtest3 WHERE id=6863077
	Index Scan using sbtest3_pkey on sbtest3  (cost=0.43..8.45 rows=1 width=121)
	  Index Cond: (id = 6863077)

table 4 : explain SELECT c FROM sbtest4 WHERE id=3229341
	Index Scan using sbtest4_pkey on sbtest4  (cost=0.43..8.45 rows=1 width=121)
	  Index Cond: (id = 3229341)

table 5 : explain SELECT c FROM sbtest5 WHERE id=3825189
	Index Scan using sbtest5_pkey on sbtest5  (cost=0.43..8.45 rows=1 width=121)
	  Index Cond: (id = 3825189)

table 6 : explain SELECT c FROM sbtest6 WHERE id=6888722
	Index Scan using sbtest6_pkey on sbtest6  (cost=0.43..8.45 rows=1 width=121)
	  Index Cond: (id = 6888722)

table 7 : explain SELECT c FROM sbtest7 WHERE id=7274689
	Index Scan using sbtest7_pkey on sbtest7  (cost=0.43..8.45 rows=1 width=121)
	  Index Cond: (id = 7274689)

table 8 : explain SELECT c FROM sbtest8 WHERE id=8176038
	Index Scan using sbtest8_pkey on sbtest8  (cost=0.43..8.45 rows=1 width=121)
	  Index Cond: (id = 8176038)
for: simple_ranges
table 1 : explain SELECT c FROM sbtest1 WHERE id BETWEEN 2167308 AND 2168307
	Bitmap Heap Scan on sbtest1  (cost=30.67..3871.06 rows=999 width=121)
	  Recheck Cond: ((id >= 2167308) AND (id <= 2168307))
	  ->  Bitmap Index Scan on sbtest1_pkey  (cost=0.00..30.43 rows=999 width=0)
	        Index Cond: ((id >= 2167308) AND (id <= 2168307))

table 2 : explain SELECT c FROM sbtest2 WHERE id BETWEEN 8975736 AND 8976735
	Bitmap Heap Scan on sbtest2  (cost=30.14..3674.66 rows=947 width=121)
	  Recheck Cond: ((id >= 8975736) AND (id <= 8976735))
	  ->  Bitmap Index Scan on sbtest2_pkey  (cost=0.00..29.90 rows=947 width=0)
	        Index Cond: ((id >= 8975736) AND (id <= 8976735))

table 3 : explain SELECT c FROM sbtest3 WHERE id BETWEEN 139006 AND 140005
	Bitmap Heap Scan on sbtest3  (cost=30.15..3678.20 rows=948 width=121)
	  Recheck Cond: ((id >= 139006) AND (id <= 140005))
	  ->  Bitmap Index Scan on sbtest3_pkey  (cost=0.00..29.91 rows=948 width=0)
	        Index Cond: ((id >= 139006) AND (id <= 140005))

table 4 : explain SELECT c FROM sbtest4 WHERE id BETWEEN 3234495 AND 3235494
	Bitmap Heap Scan on sbtest4  (cost=30.70..3878.95 rows=1001 width=121)
	  Recheck Cond: ((id >= 3234495) AND (id <= 3235494))
	  ->  Bitmap Index Scan on sbtest4_pkey  (cost=0.00..30.44 rows=1001 width=0)
	        Index Cond: ((id >= 3234495) AND (id <= 3235494))

table 5 : explain SELECT c FROM sbtest5 WHERE id BETWEEN 8687375 AND 8688374
	Bitmap Heap Scan on sbtest5  (cost=30.08..3651.98 rows=941 width=121)
	  Recheck Cond: ((id >= 8687375) AND (id <= 8688374))
	  ->  Bitmap Index Scan on sbtest5_pkey  (cost=0.00..29.84 rows=941 width=0)
	        Index Cond: ((id >= 8687375) AND (id <= 8688374))

table 6 : explain SELECT c FROM sbtest6 WHERE id BETWEEN 2912015 AND 2913014
	Bitmap Heap Scan on sbtest6  (cost=35.37..4131.18 rows=1067 width=121)
	  Recheck Cond: ((id >= 2912015) AND (id <= 2913014))
	  ->  Bitmap Index Scan on sbtest6_pkey  (cost=0.00..35.11 rows=1067 width=0)
	        Index Cond: ((id >= 2912015) AND (id <= 2913014))

table 7 : explain SELECT c FROM sbtest7 WHERE id BETWEEN 3717562 AND 3718561
	Bitmap Heap Scan on sbtest7  (cost=35.07..4022.31 rows=1038 width=121)
	  Recheck Cond: ((id >= 3717562) AND (id <= 3718561))
	  ->  Bitmap Index Scan on sbtest7_pkey  (cost=0.00..34.82 rows=1038 width=0)
	        Index Cond: ((id >= 3717562) AND (id <= 3718561))

table 8 : explain SELECT c FROM sbtest8 WHERE id BETWEEN 302516 AND 303515
	Bitmap Heap Scan on sbtest8  (cost=30.27..3723.83 rows=960 width=121)
	  Recheck Cond: ((id >= 302516) AND (id <= 303515))
	  ->  Bitmap Index Scan on sbtest8_pkey  (cost=0.00..30.04 rows=960 width=0)
	        Index Cond: ((id >= 302516) AND (id <= 303515))

for: simple_ranges
table 1 : explain SELECT c FROM sbtest1 WHERE id BETWEEN 2275122 AND 2276121
	Bitmap Heap Scan on sbtest1  (cost=30.54..3821.97 rows=986 width=121)
	  Recheck Cond: ((id >= 2275122) AND (id <= 2276121))
	  ->  Bitmap Index Scan on sbtest1_pkey  (cost=0.00..30.29 rows=986 width=0)
	        Index Cond: ((id >= 2275122) AND (id <= 2276121))

table 2 : explain SELECT c FROM sbtest2 WHERE id BETWEEN 4427461 AND 4428460
	Bitmap Heap Scan on sbtest2  (cost=30.78..3908.87 rows=1009 width=121)
	  Recheck Cond: ((id >= 4427461) AND (id <= 4428460))
	  ->  Bitmap Index Scan on sbtest2_pkey  (cost=0.00..30.52 rows=1009 width=0)
	        Index Cond: ((id >= 4427461) AND (id <= 4428460))

table 3 : explain SELECT c FROM sbtest3 WHERE id BETWEEN 6185666 AND 6186665
	Bitmap Heap Scan on sbtest3  (cost=30.97..3980.28 rows=1028 width=121)
	  Recheck Cond: ((id >= 6185666) AND (id <= 6186665))
	  ->  Bitmap Index Scan on sbtest3_pkey  (cost=0.00..30.71 rows=1028 width=0)
	        Index Cond: ((id >= 6185666) AND (id <= 6186665))

table 4 : explain SELECT c FROM sbtest4 WHERE id BETWEEN 7628826 AND 7629825
	Bitmap Heap Scan on sbtest4  (cost=30.99..3988.38 rows=1030 width=121)
	  Recheck Cond: ((id >= 7628826) AND (id <= 7629825))
	  ->  Bitmap Index Scan on sbtest4_pkey  (cost=0.00..30.73 rows=1030 width=0)
	        Index Cond: ((id >= 7628826) AND (id <= 7629825))

table 5 : explain SELECT c FROM sbtest5 WHERE id BETWEEN 666268 AND 667267
	Bitmap Heap Scan on sbtest5  (cost=30.48..3799.40 rows=980 width=121)
	  Recheck Cond: ((id >= 666268) AND (id <= 667267))
	  ->  Bitmap Index Scan on sbtest5_pkey  (cost=0.00..30.23 rows=980 width=0)
	        Index Cond: ((id >= 666268) AND (id <= 667267))

table 6 : explain SELECT c FROM sbtest6 WHERE id BETWEEN 4984475 AND 4985474
	Bitmap Heap Scan on sbtest6  (cost=30.20..3697.04 rows=953 width=121)
	  Recheck Cond: ((id >= 4984475) AND (id <= 4985474))
	  ->  Bitmap Index Scan on sbtest6_pkey  (cost=0.00..29.96 rows=953 width=0)
	        Index Cond: ((id >= 4984475) AND (id <= 4985474))

table 7 : explain SELECT c FROM sbtest7 WHERE id BETWEEN 3445386 AND 3446385
	Bitmap Heap Scan on sbtest7  (cost=35.17..4056.23 rows=1047 width=121)
	  Recheck Cond: ((id >= 3445386) AND (id <= 3446385))
	  ->  Bitmap Index Scan on sbtest7_pkey  (cost=0.00..34.91 rows=1047 width=0)
	        Index Cond: ((id >= 3445386) AND (id <= 3446385))

table 8 : explain SELECT c FROM sbtest8 WHERE id BETWEEN 4068093 AND 4069092
	Bitmap Heap Scan on sbtest8  (cost=30.70..3878.70 rows=1001 width=121)
	  Recheck Cond: ((id >= 4068093) AND (id <= 4069092))
	  ->  Bitmap Index Scan on sbtest8_pkey  (cost=0.00..30.44 rows=1001 width=0)
	        Index Cond: ((id >= 4068093) AND (id <= 4069092))


for point_selects
table 1 : explain SELECT c FROM sbtest1 WHERE id=6503478
	Index Scan using sbtest1_pkey on sbtest1  (cost=0.43..8.45 rows=1 width=121)
	  Index Cond: (id = 6503478)

table 2 : explain SELECT c FROM sbtest2 WHERE id=1034735
	Index Scan using sbtest2_pkey on sbtest2  (cost=0.43..8.45 rows=1 width=121)
	  Index Cond: (id = 1034735)

table 3 : explain SELECT c FROM sbtest3 WHERE id=5281793
	Index Scan using sbtest3_pkey on sbtest3  (cost=0.43..8.45 rows=1 width=121)
	  Index Cond: (id = 5281793)

table 4 : explain SELECT c FROM sbtest4 WHERE id=4296939
	Index Scan using sbtest4_pkey on sbtest4  (cost=0.43..8.45 rows=1 width=121)
	  Index Cond: (id = 4296939)

table 5 : explain SELECT c FROM sbtest5 WHERE id=3974886
	Index Scan using sbtest5_pkey on sbtest5  (cost=0.43..8.45 rows=1 width=121)
	  Index Cond: (id = 3974886)

table 6 : explain SELECT c FROM sbtest6 WHERE id=3529658
	Index Scan using sbtest6_pkey on sbtest6  (cost=0.43..8.45 rows=1 width=121)
	  Index Cond: (id = 3529658)

table 7 : explain SELECT c FROM sbtest7 WHERE id=8014539
	Index Scan using sbtest7_pkey on sbtest7  (cost=0.43..8.45 rows=1 width=121)
	  Index Cond: (id = 8014539)

table 8 : explain SELECT c FROM sbtest8 WHERE id=693306
	Index Scan using sbtest8_pkey on sbtest8  (cost=0.43..8.45 rows=1 width=121)
	  Index Cond: (id = 693306)

for point_selects
table 1 : explain SELECT c FROM sbtest1 WHERE id=3114903
	Index Scan using sbtest1_pkey on sbtest1  (cost=0.43..8.45 rows=1 width=121)
	  Index Cond: (id = 3114903)

table 2 : explain SELECT c FROM sbtest2 WHERE id=6260668
	Index Scan using sbtest2_pkey on sbtest2  (cost=0.43..8.45 rows=1 width=121)
	  Index Cond: (id = 6260668)

table 3 : explain SELECT c FROM sbtest3 WHERE id=6220078
	Index Scan using sbtest3_pkey on sbtest3  (cost=0.43..8.45 rows=1 width=121)
	  Index Cond: (id = 6220078)

table 4 : explain SELECT c FROM sbtest4 WHERE id=1529470
	Index Scan using sbtest4_pkey on sbtest4  (cost=0.43..8.45 rows=1 width=121)
	  Index Cond: (id = 1529470)

table 5 : explain SELECT c FROM sbtest5 WHERE id=4819001
	Index Scan using sbtest5_pkey on sbtest5  (cost=0.43..8.45 rows=1 width=121)
	  Index Cond: (id = 4819001)

table 6 : explain SELECT c FROM sbtest6 WHERE id=2792296
	Index Scan using sbtest6_pkey on sbtest6  (cost=0.43..8.45 rows=1 width=121)
	  Index Cond: (id = 2792296)

table 7 : explain SELECT c FROM sbtest7 WHERE id=9216215
	Index Scan using sbtest7_pkey on sbtest7  (cost=0.43..8.45 rows=1 width=121)
	  Index Cond: (id = 9216215)

table 8 : explain SELECT c FROM sbtest8 WHERE id=8314414
	Index Scan using sbtest8_pkey on sbtest8  (cost=0.43..8.45 rows=1 width=121)
	  Index Cond: (id = 8314414)

for: simple_ranges
table 1 : explain SELECT c FROM sbtest1 WHERE id BETWEEN 6030256 AND 6031255
	Bitmap Heap Scan on sbtest1  (cost=30.30..3731.30 rows=962 width=121)
	  Recheck Cond: ((id >= 6030256) AND (id <= 6031255))
	  ->  Bitmap Index Scan on sbtest1_pkey  (cost=0.00..30.05 rows=962 width=0)
	        Index Cond: ((id >= 6030256) AND (id <= 6031255))

table 2 : explain SELECT c FROM sbtest2 WHERE id BETWEEN 3653325 AND 3654324
	Bitmap Heap Scan on sbtest2  (cost=35.47..4169.20 rows=1077 width=121)
	  Recheck Cond: ((id >= 3653325) AND (id <= 3654324))
	  ->  Bitmap Index Scan on sbtest2_pkey  (cost=0.00..35.20 rows=1077 width=0)
	        Index Cond: ((id >= 3653325) AND (id <= 3654324))

table 3 : explain SELECT c FROM sbtest3 WHERE id BETWEEN 7522511 AND 7523510
	Bitmap Heap Scan on sbtest3  (cost=29.50..3435.95 rows=884 width=121)
	  Recheck Cond: ((id >= 7522511) AND (id <= 7523510))
	  ->  Bitmap Index Scan on sbtest3_pkey  (cost=0.00..29.27 rows=884 width=0)
	        Index Cond: ((id >= 7522511) AND (id <= 7523510))

table 4 : explain SELECT c FROM sbtest4 WHERE id BETWEEN 3827735 AND 3828734
	Bitmap Heap Scan on sbtest4  (cost=30.66..3867.63 rows=998 width=121)
	  Recheck Cond: ((id >= 3827735) AND (id <= 3828734))
	  ->  Bitmap Index Scan on sbtest4_pkey  (cost=0.00..30.41 rows=998 width=0)
	        Index Cond: ((id >= 3827735) AND (id <= 3828734))

table 5 : explain SELECT c FROM sbtest5 WHERE id BETWEEN 4791041 AND 4792040
	Bitmap Heap Scan on sbtest5  (cost=30.11..3663.33 rows=944 width=121)
	  Recheck Cond: ((id >= 4791041) AND (id <= 4792040))
	  ->  Bitmap Index Scan on sbtest5_pkey  (cost=0.00..29.87 rows=944 width=0)
	        Index Cond: ((id >= 4791041) AND (id <= 4792040))

table 6 : explain SELECT c FROM sbtest6 WHERE id BETWEEN 5967173 AND 5968172
	Bitmap Heap Scan on sbtest6  (cost=29.56..3458.62 rows=890 width=121)
	  Recheck Cond: ((id >= 5967173) AND (id <= 5968172))
	  ->  Bitmap Index Scan on sbtest6_pkey  (cost=0.00..29.33 rows=890 width=0)
	        Index Cond: ((id >= 5967173) AND (id <= 5968172))

table 7 : explain SELECT c FROM sbtest7 WHERE id BETWEEN 6419995 AND 6420994
	Bitmap Heap Scan on sbtest7  (cost=35.02..4003.45 rows=1033 width=121)
	  Recheck Cond: ((id >= 6419995) AND (id <= 6420994))
	  ->  Bitmap Index Scan on sbtest7_pkey  (cost=0.00..34.77 rows=1033 width=0)
	        Index Cond: ((id >= 6419995) AND (id <= 6420994))

table 8 : explain SELECT c FROM sbtest8 WHERE id BETWEEN 466384 AND 467383
	Bitmap Heap Scan on sbtest8  (cost=30.88..3946.63 rows=1019 width=121)
	  Recheck Cond: ((id >= 466384) AND (id <= 467383))
	  ->  Bitmap Index Scan on sbtest8_pkey  (cost=0.00..30.62 rows=1019 width=0)
	        Index Cond: ((id >= 466384) AND (id <= 467383))

for: simple_ranges
table 1 : explain SELECT c FROM sbtest1 WHERE id BETWEEN 5049930 AND 5050929
	Bitmap Heap Scan on sbtest1  (cost=35.56..4199.24 rows=1085 width=121)
	  Recheck Cond: ((id >= 5049930) AND (id <= 5050929))
	  ->  Bitmap Index Scan on sbtest1_pkey  (cost=0.00..35.29 rows=1085 width=0)
	        Index Cond: ((id >= 5049930) AND (id <= 5050929))

table 2 : explain SELECT c FROM sbtest2 WHERE id BETWEEN 3417293 AND 3418292
	Bitmap Heap Scan on sbtest2  (cost=30.90..3954.15 rows=1021 width=121)
	  Recheck Cond: ((id >= 3417293) AND (id <= 3418292))
	  ->  Bitmap Index Scan on sbtest2_pkey  (cost=0.00..30.64 rows=1021 width=0)
	        Index Cond: ((id >= 3417293) AND (id <= 3418292))

table 3 : explain SELECT c FROM sbtest3 WHERE id BETWEEN 4562715 AND 4563714
	Bitmap Heap Scan on sbtest3  (cost=30.40..3768.91 rows=972 width=121)
	  Recheck Cond: ((id >= 4562715) AND (id <= 4563714))
	  ->  Bitmap Index Scan on sbtest3_pkey  (cost=0.00..30.15 rows=972 width=0)
	        Index Cond: ((id >= 4562715) AND (id <= 4563714))

table 4 : explain SELECT c FROM sbtest4 WHERE id BETWEEN 829032 AND 830031
	Bitmap Heap Scan on sbtest4  (cost=29.98..3614.39 rows=931 width=121)
	  Recheck Cond: ((id >= 829032) AND (id <= 830031))
	  ->  Bitmap Index Scan on sbtest4_pkey  (cost=0.00..29.75 rows=931 width=0)
	        Index Cond: ((id >= 829032) AND (id <= 830031))

table 5 : explain SELECT c FROM sbtest5 WHERE id BETWEEN 9036894 AND 9037893
	Bitmap Heap Scan on sbtest5  (cost=35.24..4082.58 rows=1054 width=121)
	  Recheck Cond: ((id >= 9036894) AND (id <= 9037893))
	  ->  Bitmap Index Scan on sbtest5_pkey  (cost=0.00..34.98 rows=1054 width=0)
	        Index Cond: ((id >= 9036894) AND (id <= 9037893))

table 6 : explain SELECT c FROM sbtest6 WHERE id BETWEEN 8261 AND 9260
	Bitmap Heap Scan on sbtest6  (cost=30.06..3644.11 rows=939 width=121)
	  Recheck Cond: ((id >= 8261) AND (id <= 9260))
	  ->  Bitmap Index Scan on sbtest6_pkey  (cost=0.00..29.82 rows=939 width=0)
	        Index Cond: ((id >= 8261) AND (id <= 9260))

table 7 : explain SELECT c FROM sbtest7 WHERE id BETWEEN 9530612 AND 9531611
	Bitmap Heap Scan on sbtest7  (cost=30.66..3867.40 rows=998 width=121)
	  Recheck Cond: ((id >= 9530612) AND (id <= 9531611))
	  ->  Bitmap Index Scan on sbtest7_pkey  (cost=0.00..30.41 rows=998 width=0)
	        Index Cond: ((id >= 9530612) AND (id <= 9531611))

table 8 : explain SELECT c FROM sbtest8 WHERE id BETWEEN 40699 AND 41698
	Bitmap Heap Scan on sbtest8  (cost=30.73..3890.03 rows=1004 width=121)
	  Recheck Cond: ((id >= 40699) AND (id <= 41698))
	  ->  Bitmap Index Scan on sbtest8_pkey  (cost=0.00..30.47 rows=1004 width=0)
	        Index Cond: ((id >= 40699) AND (id <= 41698))

for: simple_ranges
table 1 : explain SELECT c FROM sbtest1 WHERE id BETWEEN 9938502 AND 9939501
	Bitmap Heap Scan on sbtest1  (cost=31.00..3991.79 rows=1031 width=121)
	  Recheck Cond: ((id >= 9938502) AND (id <= 9939501))
	  ->  Bitmap Index Scan on sbtest1_pkey  (cost=0.00..30.75 rows=1031 width=0)
	        Index Cond: ((id >= 9938502) AND (id <= 9939501))

table 2 : explain SELECT c FROM sbtest2 WHERE id BETWEEN 4868315 AND 4869314
	Bitmap Heap Scan on sbtest2  (cost=29.82..3557.37 rows=916 width=121)
	  Recheck Cond: ((id >= 4868315) AND (id <= 4869314))
	  ->  Bitmap Index Scan on sbtest2_pkey  (cost=0.00..29.59 rows=916 width=0)
	        Index Cond: ((id >= 4868315) AND (id <= 4869314))

table 3 : explain SELECT c FROM sbtest3 WHERE id BETWEEN 6129490 AND 6130489
	Bitmap Heap Scan on sbtest3  (cost=30.97..3980.28 rows=1028 width=121)
	  Recheck Cond: ((id >= 6129490) AND (id <= 6130489))
	  ->  Bitmap Index Scan on sbtest3_pkey  (cost=0.00..30.71 rows=1028 width=0)
	        Index Cond: ((id >= 6129490) AND (id <= 6130489))

table 4 : explain SELECT c FROM sbtest4 WHERE id BETWEEN 6168732 AND 6169731
	Bitmap Heap Scan on sbtest4  (cost=35.75..4271.14 rows=1104 width=121)
	  Recheck Cond: ((id >= 6168732) AND (id <= 6169731))
	  ->  Bitmap Index Scan on sbtest4_pkey  (cost=0.00..35.48 rows=1104 width=0)
	        Index Cond: ((id >= 6168732) AND (id <= 6169731))

table 5 : explain SELECT c FROM sbtest5 WHERE id BETWEEN 3534694 AND 3535693
	Bitmap Heap Scan on sbtest5  (cost=29.78..3542.24 rows=912 width=121)
	  Recheck Cond: ((id >= 3534694) AND (id <= 3535693))
	  ->  Bitmap Index Scan on sbtest5_pkey  (cost=0.00..29.55 rows=912 width=0)
	        Index Cond: ((id >= 3534694) AND (id <= 3535693))

table 6 : explain SELECT c FROM sbtest6 WHERE id BETWEEN 6343117 AND 6344116
	Bitmap Heap Scan on sbtest6  (cost=34.85..3938.95 rows=1016 width=121)
	  Recheck Cond: ((id >= 6343117) AND (id <= 6344116))
	  ->  Bitmap Index Scan on sbtest6_pkey  (cost=0.00..34.59 rows=1016 width=0)
	        Index Cond: ((id >= 6343117) AND (id <= 6344116))

table 7 : explain SELECT c FROM sbtest7 WHERE id BETWEEN 63250 AND 64249
	Bitmap Heap Scan on sbtest7  (cost=30.02..3629.31 rows=935 width=121)
	  Recheck Cond: ((id >= 63250) AND (id <= 64249))
	  ->  Bitmap Index Scan on sbtest7_pkey  (cost=0.00..29.79 rows=935 width=0)
	        Index Cond: ((id >= 63250) AND (id <= 64249))

table 8 : explain SELECT c FROM sbtest8 WHERE id BETWEEN 7031844 AND 7032843
	Bitmap Heap Scan on sbtest8  (cost=29.87..3572.53 rows=920 width=121)
	  Recheck Cond: ((id >= 7031844) AND (id <= 7032843))
	  ->  Bitmap Index Scan on sbtest8_pkey  (cost=0.00..29.64 rows=920 width=0)
	        Index Cond: ((id >= 7031844) AND (id <= 7032843))

for: simple_ranges
table 1 : explain SELECT c FROM sbtest1 WHERE id BETWEEN 7057979 AND 7058978
	Bitmap Heap Scan on sbtest1  (cost=31.03..4003.10 rows=1034 width=121)
	  Recheck Cond: ((id >= 7057979) AND (id <= 7058978))
	  ->  Bitmap Index Scan on sbtest1_pkey  (cost=0.00..30.77 rows=1034 width=0)
	        Index Cond: ((id >= 7057979) AND (id <= 7058978))

table 2 : explain SELECT c FROM sbtest2 WHERE id BETWEEN 387605 AND 388604
	Bitmap Heap Scan on sbtest2  (cost=30.61..3848.48 rows=993 width=121)
	  Recheck Cond: ((id >= 387605) AND (id <= 388604))
	  ->  Bitmap Index Scan on sbtest2_pkey  (cost=0.00..30.36 rows=993 width=0)
	        Index Cond: ((id >= 387605) AND (id <= 388604))

table 3 : explain SELECT c FROM sbtest3 WHERE id BETWEEN 5590518 AND 5591517
	Bitmap Heap Scan on sbtest3  (cost=30.31..3734.90 rows=963 width=121)
	  Recheck Cond: ((id >= 5590518) AND (id <= 5591517))
	  ->  Bitmap Index Scan on sbtest3_pkey  (cost=0.00..30.07 rows=963 width=0)
	        Index Cond: ((id >= 5590518) AND (id <= 5591517))

table 4 : explain SELECT c FROM sbtest4 WHERE id BETWEEN 357810 AND 358809
	Bitmap Heap Scan on sbtest4  (cost=31.11..4029.86 rows=1041 width=121)
	  Recheck Cond: ((id >= 357810) AND (id <= 358809))
	  ->  Bitmap Index Scan on sbtest4_pkey  (cost=0.00..30.84 rows=1041 width=0)
	        Index Cond: ((id >= 357810) AND (id <= 358809))

table 5 : explain SELECT c FROM sbtest5 WHERE id BETWEEN 8955702 AND 8956701
	Bitmap Heap Scan on sbtest5  (cost=30.23..3708.70 rows=956 width=121)
	  Recheck Cond: ((id >= 8955702) AND (id <= 8956701))
	  ->  Bitmap Index Scan on sbtest5_pkey  (cost=0.00..30.00 rows=956 width=0)
	        Index Cond: ((id >= 8955702) AND (id <= 8956701))

table 6 : explain SELECT c FROM sbtest6 WHERE id BETWEEN 9179559 AND 9180558
	Bitmap Heap Scan on sbtest6  (cost=35.49..4176.36 rows=1079 width=121)
	  Recheck Cond: ((id >= 9179559) AND (id <= 9180558))
	  ->  Bitmap Index Scan on sbtest6_pkey  (cost=0.00..35.23 rows=1079 width=0)
	        Index Cond: ((id >= 9179559) AND (id <= 9180558))

table 7 : explain SELECT c FROM sbtest7 WHERE id BETWEEN 8823150 AND 8824149
	Bitmap Heap Scan on sbtest7  (cost=30.38..3761.65 rows=970 width=121)
	  Recheck Cond: ((id >= 8823150) AND (id <= 8824149))
	  ->  Bitmap Index Scan on sbtest7_pkey  (cost=0.00..30.14 rows=970 width=0)
	        Index Cond: ((id >= 8823150) AND (id <= 8824149))

table 8 : explain SELECT c FROM sbtest8 WHERE id BETWEEN 1915844 AND 1916843
	Bitmap Heap Scan on sbtest8  (cost=30.47..3795.63 rows=979 width=121)
	  Recheck Cond: ((id >= 1915844) AND (id <= 1916843))
	  ->  Bitmap Index Scan on sbtest8_pkey  (cost=0.00..30.22 rows=979 width=0)
	        Index Cond: ((id >= 1915844) AND (id <= 1916843))

for: simple_ranges
table 1 : explain SELECT c FROM sbtest1 WHERE id BETWEEN 89548 AND 90547
	Bitmap Heap Scan on sbtest1  (cost=30.44..3784.20 rows=976 width=121)
	  Recheck Cond: ((id >= 89548) AND (id <= 90547))
	  ->  Bitmap Index Scan on sbtest1_pkey  (cost=0.00..30.19 rows=976 width=0)
	        Index Cond: ((id >= 89548) AND (id <= 90547))

table 2 : explain SELECT c FROM sbtest2 WHERE id BETWEEN 4824310 AND 4825309
	Bitmap Heap Scan on sbtest2  (cost=30.71..3882.45 rows=1002 width=121)
	  Recheck Cond: ((id >= 4824310) AND (id <= 4825309))
	  ->  Bitmap Index Scan on sbtest2_pkey  (cost=0.00..30.45 rows=1002 width=0)
	        Index Cond: ((id >= 4824310) AND (id <= 4825309))

table 3 : explain SELECT c FROM sbtest3 WHERE id BETWEEN 556574 AND 557573
	Bitmap Heap Scan on sbtest3  (cost=30.20..3697.11 rows=953 width=121)
	  Recheck Cond: ((id >= 556574) AND (id <= 557573))
	  ->  Bitmap Index Scan on sbtest3_pkey  (cost=0.00..29.96 rows=953 width=0)
	        Index Cond: ((id >= 556574) AND (id <= 557573))

table 4 : explain SELECT c FROM sbtest4 WHERE id BETWEEN 2106095 AND 2107094
	Bitmap Heap Scan on sbtest4  (cost=30.18..3690.04 rows=951 width=121)
	  Recheck Cond: ((id >= 2106095) AND (id <= 2107094))
	  ->  Bitmap Index Scan on sbtest4_pkey  (cost=0.00..29.94 rows=951 width=0)
	        Index Cond: ((id >= 2106095) AND (id <= 2107094))

table 5 : explain SELECT c FROM sbtest5 WHERE id BETWEEN 7922163 AND 7923162
	Bitmap Heap Scan on sbtest5  (cost=30.85..3935.30 rows=1016 width=121)
	  Recheck Cond: ((id >= 7922163) AND (id <= 7923162))
	  ->  Bitmap Index Scan on sbtest5_pkey  (cost=0.00..30.59 rows=1016 width=0)
	        Index Cond: ((id >= 7922163) AND (id <= 7923162))

table 6 : explain SELECT c FROM sbtest6 WHERE id BETWEEN 8977012 AND 8978011
	Bitmap Heap Scan on sbtest6  (cost=30.60..3844.38 rows=992 width=121)
	  Recheck Cond: ((id >= 8977012) AND (id <= 8978011))
	  ->  Bitmap Index Scan on sbtest6_pkey  (cost=0.00..30.36 rows=992 width=0)
	        Index Cond: ((id >= 8977012) AND (id <= 8978011))

table 7 : explain SELECT c FROM sbtest7 WHERE id BETWEEN 7199037 AND 7200036
	Bitmap Heap Scan on sbtest7  (cost=30.34..3746.53 rows=966 width=121)
	  Recheck Cond: ((id >= 7199037) AND (id <= 7200036))
	  ->  Bitmap Index Scan on sbtest7_pkey  (cost=0.00..30.09 rows=966 width=0)
	        Index Cond: ((id >= 7199037) AND (id <= 7200036))

table 8 : explain SELECT c FROM sbtest8 WHERE id BETWEEN 6826405 AND 6827404
	Bitmap Heap Scan on sbtest8  (cost=30.07..3648.21 rows=940 width=121)
	  Recheck Cond: ((id >= 6826405) AND (id <= 6827404))
	  ->  Bitmap Index Scan on sbtest8_pkey  (cost=0.00..29.83 rows=940 width=0)
	        Index Cond: ((id >= 6826405) AND (id <= 6827404))

explain: for point_selects :: explain SELECT c FROM sbtest%u WHERE id=%u
explain: for point_selects :: explain SELECT c FROM sbtest%u WHERE id=%u
explain: for point_selects :: explain SELECT c FROM sbtest%u WHERE id=%u
explain: for point_selects :: explain SELECT c FROM sbtest%u WHERE id=%u
explain: for point_selects :: explain SELECT c FROM sbtest%u WHERE id=%u
for point_selects
table 1 : explain SELECT c FROM sbtest1 WHERE id=5438437
	Index Scan using sbtest1_pkey on sbtest1  (cost=0.43..8.45 rows=1 width=121)
	  Index Cond: (id = 5438437)

table 2 : explain SELECT c FROM sbtest2 WHERE id=3164164
	Index Scan using sbtest2_pkey on sbtest2  (cost=0.43..8.45 rows=1 width=121)
	  Index Cond: (id = 3164164)

table 3 : explain SELECT c FROM sbtest3 WHERE id=9954127
	Index Scan using sbtest3_pkey on sbtest3  (cost=0.43..8.45 rows=1 width=121)
	  Index Cond: (id = 9954127)

table 4 : explain SELECT c FROM sbtest4 WHERE id=1858488
	Index Scan using sbtest4_pkey on sbtest4  (cost=0.43..8.45 rows=1 width=121)
	  Index Cond: (id = 1858488)

table 5 : explain SELECT c FROM sbtest5 WHERE id=9899572
	Index Scan using sbtest5_pkey on sbtest5  (cost=0.43..8.45 rows=1 width=121)
	  Index Cond: (id = 9899572)

table 6 : explain SELECT c FROM sbtest6 WHERE id=8013287
	Index Scan using sbtest6_pkey on sbtest6  (cost=0.43..8.45 rows=1 width=121)
	  Index Cond: (id = 8013287)

table 7 : explain SELECT c FROM sbtest7 WHERE id=4392653
	Index Scan using sbtest7_pkey on sbtest7  (cost=0.43..8.45 rows=1 width=121)
	  Index Cond: (id = 4392653)

table 8 : explain SELECT c FROM sbtest8 WHERE id=3953358
	Index Scan using sbtest8_pkey on sbtest8  (cost=0.43..8.45 rows=1 width=121)
	  Index Cond: (id = 3953358)

for point_selects
table 1 : explain SELECT c FROM sbtest1 WHERE id=5130108
	Index Scan using sbtest1_pkey on sbtest1  (cost=0.43..8.45 rows=1 width=121)
	  Index Cond: (id = 5130108)

table 2 : explain SELECT c FROM sbtest2 WHERE id=6772204
	Index Scan using sbtest2_pkey on sbtest2  (cost=0.43..8.45 rows=1 width=121)
	  Index Cond: (id = 6772204)

table 3 : explain SELECT c FROM sbtest3 WHERE id=7444636
	Index Scan using sbtest3_pkey on sbtest3  (cost=0.43..8.45 rows=1 width=121)
	  Index Cond: (id = 7444636)

table 4 : explain SELECT c FROM sbtest4 WHERE id=8190626
	Index Scan using sbtest4_pkey on sbtest4  (cost=0.43..8.45 rows=1 width=121)
	  Index Cond: (id = 8190626)

table 5 : explain SELECT c FROM sbtest5 WHERE id=1174040
	Index Scan using sbtest5_pkey on sbtest5  (cost=0.43..8.45 rows=1 width=121)
	  Index Cond: (id = 1174040)

table 6 : explain SELECT c FROM sbtest6 WHERE id=3801629
	Index Scan using sbtest6_pkey on sbtest6  (cost=0.43..8.45 rows=1 width=121)
	  Index Cond: (id = 3801629)

table 7 : explain SELECT c FROM sbtest7 WHERE id=2886422
	Index Scan using sbtest7_pkey on sbtest7  (cost=0.43..8.45 rows=1 width=121)
	  Index Cond: (id = 2886422)

table 8 : explain SELECT c FROM sbtest8 WHERE id=5710437
	Index Scan using sbtest8_pkey on sbtest8  (cost=0.43..8.45 rows=1 width=121)
	  Index Cond: (id = 5710437)

for point_selects
table 1 : explain SELECT c FROM sbtest1 WHERE id=4437848
	Index Scan using sbtest1_pkey on sbtest1  (cost=0.43..8.45 rows=1 width=121)
	  Index Cond: (id = 4437848)

table 2 : explain SELECT c FROM sbtest2 WHERE id=667725
	Index Scan using sbtest2_pkey on sbtest2  (cost=0.43..8.45 rows=1 width=121)
	  Index Cond: (id = 667725)

table 3 : explain SELECT c FROM sbtest3 WHERE id=5568023
	Index Scan using sbtest3_pkey on sbtest3  (cost=0.43..8.45 rows=1 width=121)
	  Index Cond: (id = 5568023)

table 4 : explain SELECT c FROM sbtest4 WHERE id=6736576
	Index Scan using sbtest4_pkey on sbtest4  (cost=0.43..8.45 rows=1 width=121)
	  Index Cond: (id = 6736576)

table 5 : explain SELECT c FROM sbtest5 WHERE id=7142267
	Index Scan using sbtest5_pkey on sbtest5  (cost=0.43..8.45 rows=1 width=121)
	  Index Cond: (id = 7142267)

table 6 : explain SELECT c FROM sbtest6 WHERE id=4749778
	Index Scan using sbtest6_pkey on sbtest6  (cost=0.43..8.45 rows=1 width=121)
	  Index Cond: (id = 4749778)

table 7 : explain SELECT c FROM sbtest7 WHERE id=2163272
	Index Scan using sbtest7_pkey on sbtest7  (cost=0.43..8.45 rows=1 width=121)
	  Index Cond: (id = 2163272)

table 8 : explain SELECT c FROM sbtest8 WHERE id=8328176
	Index Scan using sbtest8_pkey on sbtest8  (cost=0.43..8.45 rows=1 width=121)
	  Index Cond: (id = 8328176)

for: sum_ranges
table 1 : explain SELECT SUM(k) FROM sbtest1 WHERE id BETWEEN 5712568 AND 5713567
	Aggregate  (cost=3358.65..3358.66 rows=1 width=8)
	  ->  Bitmap Heap Scan on sbtest1  (cost=29.28..3356.49 rows=863 width=4)
	        Recheck Cond: ((id >= 5712568) AND (id <= 5713567))
	        ->  Bitmap Index Scan on sbtest1_pkey  (cost=0.00..29.07 rows=863 width=0)
	              Index Cond: ((id >= 5712568) AND (id <= 5713567))

table 2 : explain SELECT SUM(k) FROM sbtest2 WHERE id BETWEEN 2667955 AND 2668954
	Aggregate  (cost=3956.70..3956.71 rows=1 width=8)
	  ->  Bitmap Heap Scan on sbtest2  (cost=30.90..3954.15 rows=1021 width=4)
	        Recheck Cond: ((id >= 2667955) AND (id <= 2668954))
	        ->  Bitmap Index Scan on sbtest2_pkey  (cost=0.00..30.64 rows=1021 width=0)
	              Index Cond: ((id >= 2667955) AND (id <= 2668954))

table 3 : explain SELECT SUM(k) FROM sbtest3 WHERE id BETWEEN 1464799 AND 1465798
	Aggregate  (cost=4069.84..4069.85 rows=1 width=8)
	  ->  Bitmap Heap Scan on sbtest3  (cost=35.20..4067.21 rows=1050 width=4)
	        Recheck Cond: ((id >= 1464799) AND (id <= 1465798))
	        ->  Bitmap Index Scan on sbtest3_pkey  (cost=0.00..34.94 rows=1050 width=0)
	              Index Cond: ((id >= 1464799) AND (id <= 1465798))

table 4 : explain SELECT SUM(k) FROM sbtest4 WHERE id BETWEEN 627986 AND 628985
	Aggregate  (cost=4066.64..4066.65 rows=1 width=8)
	  ->  Bitmap Heap Scan on sbtest4  (cost=35.19..4064.02 rows=1049 width=4)
	        Recheck Cond: ((id >= 627986) AND (id <= 628985))
	        ->  Bitmap Index Scan on sbtest4_pkey  (cost=0.00..34.93 rows=1049 width=0)
	              Index Cond: ((id >= 627986) AND (id <= 628985))

table 5 : explain SELECT SUM(k) FROM sbtest5 WHERE id BETWEEN 8320852 AND 8321851
	Aggregate  (cost=4111.61..4111.62 rows=1 width=8)
	  ->  Bitmap Heap Scan on sbtest5  (cost=35.31..4108.95 rows=1061 width=4)
	        Recheck Cond: ((id >= 8320852) AND (id <= 8321851))
	        ->  Bitmap Index Scan on sbtest5_pkey  (cost=0.00..35.05 rows=1061 width=0)
	              Index Cond: ((id >= 8320852) AND (id <= 8321851))

table 6 : explain SELECT SUM(k) FROM sbtest6 WHERE id BETWEEN 5324054 AND 5325053
	Aggregate  (cost=4028.28..4028.29 rows=1 width=8)
	  ->  Bitmap Heap Scan on sbtest6  (cost=35.08..4025.68 rows=1039 width=4)
	        Recheck Cond: ((id >= 5324054) AND (id <= 5325053))
	        ->  Bitmap Index Scan on sbtest6_pkey  (cost=0.00..34.83 rows=1039 width=0)
	              Index Cond: ((id >= 5324054) AND (id <= 5325053))

table 7 : explain SELECT SUM(k) FROM sbtest7 WHERE id BETWEEN 2400411 AND 2401410
	Aggregate  (cost=3608.93..3608.94 rows=1 width=8)
	  ->  Bitmap Heap Scan on sbtest7  (cost=29.96..3606.61 rows=929 width=4)
	        Recheck Cond: ((id >= 2400411) AND (id <= 2401410))
	        ->  Bitmap Index Scan on sbtest7_pkey  (cost=0.00..29.72 rows=929 width=0)
	              Index Cond: ((id >= 2400411) AND (id <= 2401410))

table 8 : explain SELECT SUM(k) FROM sbtest8 WHERE id BETWEEN 7798109 AND 7799108
	Aggregate  (cost=4239.72..4239.73 rows=1 width=8)
	  ->  Bitmap Heap Scan on sbtest8  (cost=35.66..4236.98 rows=1095 width=4)
	        Recheck Cond: ((id >= 7798109) AND (id <= 7799108))
	        ->  Bitmap Index Scan on sbtest8_pkey  (cost=0.00..35.39 rows=1095 width=0)
	              Index Cond: ((id >= 7798109) AND (id <= 7799108))

for: sum_ranges
table 1 : explain SELECT SUM(k) FROM sbtest1 WHERE id BETWEEN 1574243 AND 1575242
	Aggregate  (cost=4250.91..4250.92 rows=1 width=8)
	  ->  Bitmap Heap Scan on sbtest1  (cost=35.69..4248.16 rows=1098 width=4)
	        Recheck Cond: ((id >= 1574243) AND (id <= 1575242))
	        ->  Bitmap Index Scan on sbtest1_pkey  (cost=0.00..35.42 rows=1098 width=0)
	              Index Cond: ((id >= 1574243) AND (id <= 1575242))

table 2 : explain SELECT SUM(k) FROM sbtest2 WHERE id BETWEEN 2761985 AND 2762984
	Aggregate  (cost=4062.57..4062.58 rows=1 width=8)
	  ->  Bitmap Heap Scan on sbtest2  (cost=35.18..4059.95 rows=1048 width=4)
	        Recheck Cond: ((id >= 2761985) AND (id <= 2762984))
	        ->  Bitmap Index Scan on sbtest2_pkey  (cost=0.00..34.92 rows=1048 width=0)
	              Index Cond: ((id >= 2761985) AND (id <= 2762984))

table 3 : explain SELECT SUM(k) FROM sbtest3 WHERE id BETWEEN 2727298 AND 2728297
	Aggregate  (cost=3899.80..3899.81 rows=1 width=8)
	  ->  Bitmap Heap Scan on sbtest3  (cost=30.75..3897.29 rows=1006 width=4)
	        Recheck Cond: ((id >= 2727298) AND (id <= 2728297))
	        ->  Bitmap Index Scan on sbtest3_pkey  (cost=0.00..30.50 rows=1006 width=0)
	              Index Cond: ((id >= 2727298) AND (id <= 2728297))

table 4 : explain SELECT SUM(k) FROM sbtest4 WHERE id BETWEEN 4799790 AND 4800789
	Aggregate  (cost=3688.63..3688.64 rows=1 width=8)
	  ->  Bitmap Heap Scan on sbtest4  (cost=30.17..3686.26 rows=950 width=4)
	        Recheck Cond: ((id >= 4799790) AND (id <= 4800789))
	        ->  Bitmap Index Scan on sbtest4_pkey  (cost=0.00..29.93 rows=950 width=0)
	              Index Cond: ((id >= 4799790) AND (id <= 4800789))

table 5 : explain SELECT SUM(k) FROM sbtest5 WHERE id BETWEEN 7298107 AND 7299106
	Aggregate  (cost=3854.75..3854.76 rows=1 width=8)
	  ->  Bitmap Heap Scan on sbtest5  (cost=30.62..3852.27 rows=994 width=4)
	        Recheck Cond: ((id >= 7298107) AND (id <= 7299106))
	        ->  Bitmap Index Scan on sbtest5_pkey  (cost=0.00..30.37 rows=994 width=0)
	              Index Cond: ((id >= 7298107) AND (id <= 7299106))

table 6 : explain SELECT SUM(k) FROM sbtest6 WHERE id BETWEEN 9026236 AND 9027235
	Aggregate  (cost=4115.00..4115.01 rows=1 width=8)
	  ->  Bitmap Heap Scan on sbtest6  (cost=35.32..4112.35 rows=1062 width=4)
	        Recheck Cond: ((id >= 9026236) AND (id <= 9027235))
	        ->  Bitmap Index Scan on sbtest6_pkey  (cost=0.00..35.06 rows=1062 width=0)
	              Index Cond: ((id >= 9026236) AND (id <= 9027235))

table 7 : explain SELECT SUM(k) FROM sbtest7 WHERE id BETWEEN 9576334 AND 9577333
	Aggregate  (cost=3869.89..3869.90 rows=1 width=8)
	  ->  Bitmap Heap Scan on sbtest7  (cost=30.66..3867.40 rows=998 width=4)
	        Recheck Cond: ((id >= 9576334) AND (id <= 9577333))
	        ->  Bitmap Index Scan on sbtest7_pkey  (cost=0.00..30.41 rows=998 width=0)
	              Index Cond: ((id >= 9576334) AND (id <= 9577333))

table 8 : explain SELECT SUM(k) FROM sbtest8 WHERE id BETWEEN 5140774 AND 5141773
	Aggregate  (cost=3593.77..3593.78 rows=1 width=8)
	  ->  Bitmap Heap Scan on sbtest8  (cost=29.92..3591.46 rows=925 width=4)
	        Recheck Cond: ((id >= 5140774) AND (id <= 5141773))
	        ->  Bitmap Index Scan on sbtest8_pkey  (cost=0.00..29.68 rows=925 width=0)
	              Index Cond: ((id >= 5140774) AND (id <= 5141773))

for point_selects
table 1 : explain SELECT c FROM sbtest1 WHERE id=2535563
	Index Scan using sbtest1_pkey on sbtest1  (cost=0.43..8.45 rows=1 width=121)
	  Index Cond: (id = 2535563)

table 2 : explain SELECT c FROM sbtest2 WHERE id=4639194
	Index Scan using sbtest2_pkey on sbtest2  (cost=0.43..8.45 rows=1 width=121)
	  Index Cond: (id = 4639194)

table 3 : explain SELECT c FROM sbtest3 WHERE id=7125682
	Index Scan using sbtest3_pkey on sbtest3  (cost=0.43..8.45 rows=1 width=121)
	  Index Cond: (id = 7125682)

table 4 : explain SELECT c FROM sbtest4 WHERE id=7457914
	Index Scan using sbtest4_pkey on sbtest4  (cost=0.43..8.45 rows=1 width=121)
	  Index Cond: (id = 7457914)

table 5 : explain SELECT c FROM sbtest5 WHERE id=5894845
	Index Scan using sbtest5_pkey on sbtest5  (cost=0.43..8.45 rows=1 width=121)
	  Index Cond: (id = 5894845)

table 6 : explain SELECT c FROM sbtest6 WHERE id=622119
	Index Scan using sbtest6_pkey on sbtest6  (cost=0.43..8.45 rows=1 width=121)
	  Index Cond: (id = 622119)

table 7 : explain SELECT c FROM sbtest7 WHERE id=9747693
	Index Scan using sbtest7_pkey on sbtest7  (cost=0.43..8.45 rows=1 width=121)
	  Index Cond: (id = 9747693)

table 8 : explain SELECT c FROM sbtest8 WHERE id=9686103
	Index Scan using sbtest8_pkey on sbtest8  (cost=0.43..8.45 rows=1 width=121)
	  Index Cond: (id = 9686103)

for: simple_ranges
table 1 : explain SELECT c FROM sbtest1 WHERE id BETWEEN 9603373 AND 9604372
	Bitmap Heap Scan on sbtest1  (cost=31.19..4059.64 rows=1049 width=121)
	  Recheck Cond: ((id >= 9603373) AND (id <= 9604372))
	  ->  Bitmap Index Scan on sbtest1_pkey  (cost=0.00..30.93 rows=1049 width=0)
	        Index Cond: ((id >= 9603373) AND (id <= 9604372))

table 2 : explain SELECT c FROM sbtest2 WHERE id BETWEEN 7170710 AND 7171709
	Bitmap Heap Scan on sbtest2  (cost=30.73..3890.00 rows=1004 width=121)
	  Recheck Cond: ((id >= 7170710) AND (id <= 7171709))
	  ->  Bitmap Index Scan on sbtest2_pkey  (cost=0.00..30.47 rows=1004 width=0)
	        Index Cond: ((id >= 7170710) AND (id <= 7171709))

table 3 : explain SELECT c FROM sbtest3 WHERE id BETWEEN 2920444 AND 2921443
	Bitmap Heap Scan on sbtest3  (cost=29.84..3564.71 rows=918 width=121)
	  Recheck Cond: ((id >= 2920444) AND (id <= 2921443))
	  ->  Bitmap Index Scan on sbtest3_pkey  (cost=0.00..29.61 rows=918 width=0)
	        Index Cond: ((id >= 2920444) AND (id <= 2921443))

table 4 : explain SELECT c FROM sbtest4 WHERE id BETWEEN 4657673 AND 4658672
	Bitmap Heap Scan on sbtest4  (cost=30.00..3621.95 rows=933 width=121)
	  Recheck Cond: ((id >= 4657673) AND (id <= 4658672))
	  ->  Bitmap Index Scan on sbtest4_pkey  (cost=0.00..29.76 rows=933 width=0)
	        Index Cond: ((id >= 4657673) AND (id <= 4658672))

table 5 : explain SELECT c FROM sbtest5 WHERE id BETWEEN 3600076 AND 3601075
	Bitmap Heap Scan on sbtest5  (cost=29.78..3542.24 rows=912 width=121)
	  Recheck Cond: ((id >= 3600076) AND (id <= 3601075))
	  ->  Bitmap Index Scan on sbtest5_pkey  (cost=0.00..29.55 rows=912 width=0)
	        Index Cond: ((id >= 3600076) AND (id <= 3601075))

table 6 : explain SELECT c FROM sbtest6 WHERE id BETWEEN 4317889 AND 4318888
	Bitmap Heap Scan on sbtest6  (cost=34.83..3931.40 rows=1014 width=121)
	  Recheck Cond: ((id >= 4317889) AND (id <= 4318888))
	  ->  Bitmap Index Scan on sbtest6_pkey  (cost=0.00..34.58 rows=1014 width=0)
	        Index Cond: ((id >= 4317889) AND (id <= 4318888))

table 7 : explain SELECT c FROM sbtest7 WHERE id BETWEEN 4537659 AND 4538658
	Bitmap Heap Scan on sbtest7  (cost=30.95..3973.05 rows=1026 width=121)
	  Recheck Cond: ((id >= 4537659) AND (id <= 4538658))
	  ->  Bitmap Index Scan on sbtest7_pkey  (cost=0.00..30.69 rows=1026 width=0)
	        Index Cond: ((id >= 4537659) AND (id <= 4538658))

table 8 : explain SELECT c FROM sbtest8 WHERE id BETWEEN 3201511 AND 3202510
	Bitmap Heap Scan on sbtest8  (cost=30.49..3803.18 rows=981 width=121)
	  Recheck Cond: ((id >= 3201511) AND (id <= 3202510))
	  ->  Bitmap Index Scan on sbtest8_pkey  (cost=0.00..30.25 rows=981 width=0)
	        Index Cond: ((id >= 3201511) AND (id <= 3202510))

for: simple_ranges
table 1 : explain SELECT c FROM sbtest1 WHERE id BETWEEN 5787910 AND 5788909
	Bitmap Heap Scan on sbtest1  (cost=29.28..3356.49 rows=863 width=121)
	  Recheck Cond: ((id >= 5787910) AND (id <= 5788909))
	  ->  Bitmap Index Scan on sbtest1_pkey  (cost=0.00..29.07 rows=863 width=0)
	        Index Cond: ((id >= 5787910) AND (id <= 5788909))

table 2 : explain SELECT c FROM sbtest2 WHERE id BETWEEN 3650354 AND 3651353
	Bitmap Heap Scan on sbtest2  (cost=35.46..4165.43 rows=1076 width=121)
	  Recheck Cond: ((id >= 3650354) AND (id <= 3651353))
	  ->  Bitmap Index Scan on sbtest2_pkey  (cost=0.00..35.20 rows=1076 width=0)
	        Index Cond: ((id >= 3650354) AND (id <= 3651353))

table 3 : explain SELECT c FROM sbtest3 WHERE id BETWEEN 8499490 AND 8500489
	Bitmap Heap Scan on sbtest3  (cost=31.09..4025.52 rows=1040 width=121)
	  Recheck Cond: ((id >= 8499490) AND (id <= 8500489))
	  ->  Bitmap Index Scan on sbtest3_pkey  (cost=0.00..30.83 rows=1040 width=0)
	        Index Cond: ((id >= 8499490) AND (id <= 8500489))

table 4 : explain SELECT c FROM sbtest4 WHERE id BETWEEN 1998785 AND 1999784
	Bitmap Heap Scan on sbtest4  (cost=29.90..3584.11 rows=923 width=121)
	  Recheck Cond: ((id >= 1998785) AND (id <= 1999784))
	  ->  Bitmap Index Scan on sbtest4_pkey  (cost=0.00..29.66 rows=923 width=0)
	        Index Cond: ((id >= 1998785) AND (id <= 1999784))

table 5 : explain SELECT c FROM sbtest5 WHERE id BETWEEN 9127206 AND 9128205
	Bitmap Heap Scan on sbtest5  (cost=30.35..3750.28 rows=967 width=121)
	  Recheck Cond: ((id >= 9127206) AND (id <= 9128205))
	  ->  Bitmap Index Scan on sbtest5_pkey  (cost=0.00..30.11 rows=967 width=0)
	        Index Cond: ((id >= 9127206) AND (id <= 9128205))

table 6 : explain SELECT c FROM sbtest6 WHERE id BETWEEN 6807141 AND 6808140
	Bitmap Heap Scan on sbtest6  (cost=30.51..3810.39 rows=983 width=121)
	  Recheck Cond: ((id >= 6807141) AND (id <= 6808140))
	  ->  Bitmap Index Scan on sbtest6_pkey  (cost=0.00..30.26 rows=983 width=0)
	        Index Cond: ((id >= 6807141) AND (id <= 6808140))

table 7 : explain SELECT c FROM sbtest7 WHERE id BETWEEN 6548949 AND 6549948
	Bitmap Heap Scan on sbtest7  (cost=35.59..4210.66 rows=1088 width=121)
	  Recheck Cond: ((id >= 6548949) AND (id <= 6549948))
	  ->  Bitmap Index Scan on sbtest7_pkey  (cost=0.00..35.32 rows=1088 width=0)
	        Index Cond: ((id >= 6548949) AND (id <= 6549948))

table 8 : explain SELECT c FROM sbtest8 WHERE id BETWEEN 1919754 AND 1920753
	Bitmap Heap Scan on sbtest8  (cost=30.47..3795.63 rows=979 width=121)
	  Recheck Cond: ((id >= 1919754) AND (id <= 1920753))
	  ->  Bitmap Index Scan on sbtest8_pkey  (cost=0.00..30.22 rows=979 width=0)
	        Index Cond: ((id >= 1919754) AND (id <= 1920753))

for point_selects
table 1 : explain SELECT c FROM sbtest1 WHERE id=505547
	Index Scan using sbtest1_pkey on sbtest1  (cost=0.43..8.45 rows=1 width=121)
	  Index Cond: (id = 505547)

table 2 : explain SELECT c FROM sbtest2 WHERE id=9000059
	Index Scan using sbtest2_pkey on sbtest2  (cost=0.43..8.45 rows=1 width=121)
	  Index Cond: (id = 9000059)

table 3 : explain SELECT c FROM sbtest3 WHERE id=2564879
	Index Scan using sbtest3_pkey on sbtest3  (cost=0.43..8.45 rows=1 width=121)
	  Index Cond: (id = 2564879)

table 4 : explain SELECT c FROM sbtest4 WHERE id=2659468
	Index Scan using sbtest4_pkey on sbtest4  (cost=0.43..8.45 rows=1 width=121)
	  Index Cond: (id = 2659468)

table 5 : explain SELECT c FROM sbtest5 WHERE id=2212216
	Index Scan using sbtest5_pkey on sbtest5  (cost=0.43..8.45 rows=1 width=121)
	  Index Cond: (id = 2212216)

table 6 : explain SELECT c FROM sbtest6 WHERE id=7692844
	Index Scan using sbtest6_pkey on sbtest6  (cost=0.43..8.45 rows=1 width=121)
	  Index Cond: (id = 7692844)

table 7 : explain SELECT c FROM sbtest7 WHERE id=4113028
	Index Scan using sbtest7_pkey on sbtest7  (cost=0.43..8.45 rows=1 width=121)
	  Index Cond: (id = 4113028)

table 8 : explain SELECT c FROM sbtest8 WHERE id=1743569
	Index Scan using sbtest8_pkey on sbtest8  (cost=0.43..8.45 rows=1 width=121)
	  Index Cond: (id = 1743569)

for: sum_ranges
table 1 : explain SELECT SUM(k) FROM sbtest1 WHERE id BETWEEN 7647419 AND 7648418
	Aggregate  (cost=4352.52..4352.53 rows=1 width=8)
	  ->  Bitmap Heap Scan on sbtest1  (cost=35.97..4349.71 rows=1125 width=4)
	        Recheck Cond: ((id >= 7647419) AND (id <= 7648418))
	        ->  Bitmap Index Scan on sbtest1_pkey  (cost=0.00..35.69 rows=1125 width=0)
	              Index Cond: ((id >= 7647419) AND (id <= 7648418))

table 2 : explain SELECT SUM(k) FROM sbtest2 WHERE id BETWEEN 4016951 AND 4017950
	Aggregate  (cost=3786.71..3786.72 rows=1 width=8)
	  ->  Bitmap Heap Scan on sbtest2  (cost=30.44..3784.27 rows=976 width=4)
	        Recheck Cond: ((id >= 4016951) AND (id <= 4017950))
	        ->  Bitmap Index Scan on sbtest2_pkey  (cost=0.00..30.19 rows=976 width=0)
	              Index Cond: ((id >= 4016951) AND (id <= 4017950))

table 3 : explain SELECT SUM(k) FROM sbtest3 WHERE id BETWEEN 7995855 AND 7996854
	Aggregate  (cost=3627.59..3627.60 rows=1 width=8)
	  ->  Bitmap Heap Scan on sbtest3  (cost=30.01..3625.25 rows=934 width=4)
	        Recheck Cond: ((id >= 7995855) AND (id <= 7996854))
	        ->  Bitmap Index Scan on sbtest3_pkey  (cost=0.00..29.77 rows=934 width=0)
	              Index Cond: ((id >= 7995855) AND (id <= 7996854))

table 4 : explain SELECT SUM(k) FROM sbtest4 WHERE id BETWEEN 582052 AND 583051
	Aggregate  (cost=4006.05..4006.06 rows=1 width=8)
	  ->  Bitmap Heap Scan on sbtest4  (cost=31.03..4003.47 rows=1034 width=4)
	        Recheck Cond: ((id >= 582052) AND (id <= 583051))
	        ->  Bitmap Index Scan on sbtest4_pkey  (cost=0.00..30.77 rows=1034 width=0)
	              Index Cond: ((id >= 582052) AND (id <= 583051))

table 5 : explain SELECT SUM(k) FROM sbtest5 WHERE id BETWEEN 1277721 AND 1278720
	Aggregate  (cost=3968.04..3968.05 rows=1 width=8)
	  ->  Bitmap Heap Scan on sbtest5  (cost=30.93..3965.48 rows=1024 width=4)
	        Recheck Cond: ((id >= 1277721) AND (id <= 1278720))
	        ->  Bitmap Index Scan on sbtest5_pkey  (cost=0.00..30.68 rows=1024 width=0)
	              Index Cond: ((id >= 1277721) AND (id <= 1278720))

table 6 : explain SELECT SUM(k) FROM sbtest6 WHERE id BETWEEN 4542190 AND 4543189
	Aggregate  (cost=4099.92..4099.93 rows=1 width=8)
	  ->  Bitmap Heap Scan on sbtest6  (cost=35.28..4097.28 rows=1058 width=4)
	        Recheck Cond: ((id >= 4542190) AND (id <= 4543189))
	        ->  Bitmap Index Scan on sbtest6_pkey  (cost=0.00..35.02 rows=1058 width=0)
	              Index Cond: ((id >= 4542190) AND (id <= 4543189))

table 7 : explain SELECT SUM(k) FROM sbtest7 WHERE id BETWEEN 4602252 AND 4603251
	Aggregate  (cost=3975.62..3975.63 rows=1 width=8)
	  ->  Bitmap Heap Scan on sbtest7  (cost=30.95..3973.05 rows=1026 width=4)
	        Recheck Cond: ((id >= 4602252) AND (id <= 4603251))
	        ->  Bitmap Index Scan on sbtest7_pkey  (cost=0.00..30.69 rows=1026 width=0)
	              Index Cond: ((id >= 4602252) AND (id <= 4603251))

table 8 : explain SELECT SUM(k) FROM sbtest8 WHERE id BETWEEN 211766 AND 212765
	Aggregate  (cost=4251.02..4251.03 rows=1 width=8)
	  ->  Bitmap Heap Scan on sbtest8  (cost=35.69..4248.27 rows=1098 width=4)
	        Recheck Cond: ((id >= 211766) AND (id <= 212765))
	        ->  Bitmap Index Scan on sbtest8_pkey  (cost=0.00..35.42 rows=1098 width=0)
	              Index Cond: ((id >= 211766) AND (id <= 212765))

for: sum_ranges
table 1 : explain SELECT SUM(k) FROM sbtest1 WHERE id BETWEEN 4070784 AND 4071783
	Aggregate  (cost=3816.88..3816.89 rows=1 width=8)
	  ->  Bitmap Heap Scan on sbtest1  (cost=30.52..3814.42 rows=984 width=4)
	        Recheck Cond: ((id >= 4070784) AND (id <= 4071783))
	        ->  Bitmap Index Scan on sbtest1_pkey  (cost=0.00..30.27 rows=984 width=0)
	              Index Cond: ((id >= 4070784) AND (id <= 4071783))

table 2 : explain SELECT SUM(k) FROM sbtest2 WHERE id BETWEEN 9163030 AND 9164029
	Aggregate  (cost=4017.31..4017.32 rows=1 width=8)
	  ->  Bitmap Heap Scan on sbtest2  (cost=35.05..4014.72 rows=1036 width=4)
	        Recheck Cond: ((id >= 9163030) AND (id <= 9164029))
	        ->  Bitmap Index Scan on sbtest2_pkey  (cost=0.00..34.80 rows=1036 width=0)
	              Index Cond: ((id >= 9163030) AND (id <= 9164029))

table 3 : explain SELECT SUM(k) FROM sbtest3 WHERE id BETWEEN 8859964 AND 8860963
	Aggregate  (cost=3650.30..3650.31 rows=1 width=8)
	  ->  Bitmap Heap Scan on sbtest3  (cost=30.07..3647.95 rows=940 width=4)
	        Recheck Cond: ((id >= 8859964) AND (id <= 8860963))
	        ->  Bitmap Index Scan on sbtest3_pkey  (cost=0.00..29.83 rows=940 width=0)
	              Index Cond: ((id >= 8859964) AND (id <= 8860963))

table 4 : explain SELECT SUM(k) FROM sbtest4 WHERE id BETWEEN 4435728 AND 4436727
	Aggregate  (cost=3764.29..3764.30 rows=1 width=8)
	  ->  Bitmap Heap Scan on sbtest4  (cost=30.38..3761.87 rows=970 width=4)
	        Recheck Cond: ((id >= 4435728) AND (id <= 4436727))
	        ->  Bitmap Index Scan on sbtest4_pkey  (cost=0.00..30.14 rows=970 width=0)
	              Index Cond: ((id >= 4435728) AND (id <= 4436727))

table 5 : explain SELECT SUM(k) FROM sbtest5 WHERE id BETWEEN 1447476 AND 1448475
	Aggregate  (cost=3586.19..3586.20 rows=1 width=8)
	  ->  Bitmap Heap Scan on sbtest5  (cost=29.90..3583.88 rows=923 width=4)
	        Recheck Cond: ((id >= 1447476) AND (id <= 1448475))
	        ->  Bitmap Index Scan on sbtest5_pkey  (cost=0.00..29.66 rows=923 width=0)
	              Index Cond: ((id >= 1447476) AND (id <= 1448475))

table 6 : explain SELECT SUM(k) FROM sbtest6 WHERE id BETWEEN 7561739 AND 7562738
	Aggregate  (cost=3688.08..3688.09 rows=1 width=8)
	  ->  Bitmap Heap Scan on sbtest6  (cost=30.17..3685.70 rows=950 width=4)
	        Recheck Cond: ((id >= 7561739) AND (id <= 7562738))
	        ->  Bitmap Index Scan on sbtest6_pkey  (cost=0.00..29.93 rows=950 width=0)
	              Index Cond: ((id >= 7561739) AND (id <= 7562738))

table 7 : explain SELECT SUM(k) FROM sbtest7 WHERE id BETWEEN 435987 AND 436986
	Aggregate  (cost=3896.33..3896.34 rows=1 width=8)
	  ->  Bitmap Heap Scan on sbtest7  (cost=30.74..3893.82 rows=1005 width=4)
	        Recheck Cond: ((id >= 435987) AND (id <= 436986))
	        ->  Bitmap Index Scan on sbtest7_pkey  (cost=0.00..30.48 rows=1005 width=0)
	              Index Cond: ((id >= 435987) AND (id <= 436986))

table 8 : explain SELECT SUM(k) FROM sbtest8 WHERE id BETWEEN 7166146 AND 7167145
	Aggregate  (cost=4608.22..4608.23 rows=1 width=8)
	  ->  Bitmap Heap Scan on sbtest8  (cost=36.67..4605.24 rows=1194 width=4)
	        Recheck Cond: ((id >= 7166146) AND (id <= 7167145))
	        ->  Bitmap Index Scan on sbtest8_pkey  (cost=0.00..36.38 rows=1194 width=0)
	              Index Cond: ((id >= 7166146) AND (id <= 7167145))

for: simple_ranges
table 1 : explain SELECT c FROM sbtest1 WHERE id BETWEEN 6000229 AND 6001228
	Bitmap Heap Scan on sbtest1  (cost=30.96..3976.70 rows=1027 width=121)
	  Recheck Cond: ((id >= 6000229) AND (id <= 6001228))
	  ->  Bitmap Index Scan on sbtest1_pkey  (cost=0.00..30.70 rows=1027 width=0)
	        Index Cond: ((id >= 6000229) AND (id <= 6001228))

table 2 : explain SELECT c FROM sbtest2 WHERE id BETWEEN 8249872 AND 8250871
	Bitmap Heap Scan on sbtest2  (cost=30.35..3750.26 rows=967 width=121)
	  Recheck Cond: ((id >= 8249872) AND (id <= 8250871))
	  ->  Bitmap Index Scan on sbtest2_pkey  (cost=0.00..30.11 rows=967 width=0)
	        Index Cond: ((id >= 8249872) AND (id <= 8250871))

table 3 : explain SELECT c FROM sbtest3 WHERE id BETWEEN 8480606 AND 8481605
	Bitmap Heap Scan on sbtest3  (cost=31.09..4025.52 rows=1040 width=121)
	  Recheck Cond: ((id >= 8480606) AND (id <= 8481605))
	  ->  Bitmap Index Scan on sbtest3_pkey  (cost=0.00..30.83 rows=1040 width=0)
	        Index Cond: ((id >= 8480606) AND (id <= 8481605))

table 4 : explain SELECT c FROM sbtest4 WHERE id BETWEEN 7843775 AND 7844774
	Bitmap Heap Scan on sbtest4  (cost=36.06..4383.96 rows=1134 width=121)
	  Recheck Cond: ((id >= 7843775) AND (id <= 7844774))
	  ->  Bitmap Index Scan on sbtest4_pkey  (cost=0.00..35.78 rows=1134 width=0)
	        Index Cond: ((id >= 7843775) AND (id <= 7844774))

table 5 : explain SELECT c FROM sbtest5 WHERE id BETWEEN 4644144 AND 4645143
	Bitmap Heap Scan on sbtest5  (cost=30.41..3772.95 rows=973 width=121)
	  Recheck Cond: ((id >= 4644144) AND (id <= 4645143))
	  ->  Bitmap Index Scan on sbtest5_pkey  (cost=0.00..30.16 rows=973 width=0)
	        Index Cond: ((id >= 4644144) AND (id <= 4645143))

table 6 : explain SELECT c FROM sbtest6 WHERE id BETWEEN 3359270 AND 3360269
	Bitmap Heap Scan on sbtest6  (cost=29.79..3545.73 rows=913 width=121)
	  Recheck Cond: ((id >= 3359270) AND (id <= 3360269))
	  ->  Bitmap Index Scan on sbtest6_pkey  (cost=0.00..29.57 rows=913 width=0)
	        Index Cond: ((id >= 3359270) AND (id <= 3360269))

table 7 : explain SELECT c FROM sbtest7 WHERE id BETWEEN 9119966 AND 9120965
	Bitmap Heap Scan on sbtest7  (cost=30.48..3799.43 rows=980 width=121)
	  Recheck Cond: ((id >= 9119966) AND (id <= 9120965))
	  ->  Bitmap Index Scan on sbtest7_pkey  (cost=0.00..30.23 rows=980 width=0)
	        Index Cond: ((id >= 9119966) AND (id <= 9120965))

table 8 : explain SELECT c FROM sbtest8 WHERE id BETWEEN 9778697 AND 9779696
	Bitmap Heap Scan on sbtest8  (cost=29.78..3542.25 rows=912 width=121)
	  Recheck Cond: ((id >= 9778697) AND (id <= 9779696))
	  ->  Bitmap Index Scan on sbtest8_pkey  (cost=0.00..29.55 rows=912 width=0)
	        Index Cond: ((id >= 9778697) AND (id <= 9779696))

for: simple_ranges
table 1 : explain SELECT c FROM sbtest1 WHERE id BETWEEN 3620348 AND 3621347
	Bitmap Heap Scan on sbtest1  (cost=29.89..3580.02 rows=922 width=121)
	  Recheck Cond: ((id >= 3620348) AND (id <= 3621347))
	  ->  Bitmap Index Scan on sbtest1_pkey  (cost=0.00..29.65 rows=922 width=0)
	        Index Cond: ((id >= 3620348) AND (id <= 3621347))

table 2 : explain SELECT c FROM sbtest2 WHERE id BETWEEN 7410355 AND 7411354
	Bitmap Heap Scan on sbtest2  (cost=30.78..3908.87 rows=1009 width=121)
	  Recheck Cond: ((id >= 7410355) AND (id <= 7411354))
	  ->  Bitmap Index Scan on sbtest2_pkey  (cost=0.00..30.52 rows=1009 width=0)
	        Index Cond: ((id >= 7410355) AND (id <= 7411354))

table 3 : explain SELECT c FROM sbtest3 WHERE id BETWEEN 4681729 AND 4682728
	Bitmap Heap Scan on sbtest3  (cost=35.38..4135.02 rows=1068 width=121)
	  Recheck Cond: ((id >= 4681729) AND (id <= 4682728))
	  ->  Bitmap Index Scan on sbtest3_pkey  (cost=0.00..35.12 rows=1068 width=0)
	        Index Cond: ((id >= 4681729) AND (id <= 4682728))

table 4 : explain SELECT c FROM sbtest4 WHERE id BETWEEN 6034217 AND 6035216
	Bitmap Heap Scan on sbtest4  (cost=30.81..3920.47 rows=1012 width=121)
	  Recheck Cond: ((id >= 6034217) AND (id <= 6035216))
	  ->  Bitmap Index Scan on sbtest4_pkey  (cost=0.00..30.55 rows=1012 width=0)
	        Index Cond: ((id >= 6034217) AND (id <= 6035216))

table 5 : explain SELECT c FROM sbtest5 WHERE id BETWEEN 7569046 AND 7570045
	Bitmap Heap Scan on sbtest5  (cost=35.40..4142.85 rows=1070 width=121)
	  Recheck Cond: ((id >= 7569046) AND (id <= 7570045))
	  ->  Bitmap Index Scan on sbtest5_pkey  (cost=0.00..35.14 rows=1070 width=0)
	        Index Cond: ((id >= 7569046) AND (id <= 7570045))

table 6 : explain SELECT c FROM sbtest6 WHERE id BETWEEN 6466658 AND 6467657
	Bitmap Heap Scan on sbtest6  (cost=30.30..3731.06 rows=962 width=121)
	  Recheck Cond: ((id >= 6466658) AND (id <= 6467657))
	  ->  Bitmap Index Scan on sbtest6_pkey  (cost=0.00..30.05 rows=962 width=0)
	        Index Cond: ((id >= 6466658) AND (id <= 6467657))

table 7 : explain SELECT c FROM sbtest7 WHERE id BETWEEN 8936624 AND 8937623
	Bitmap Heap Scan on sbtest7  (cost=30.11..3663.36 rows=944 width=121)
	  Recheck Cond: ((id >= 8936624) AND (id <= 8937623))
	  ->  Bitmap Index Scan on sbtest7_pkey  (cost=0.00..29.87 rows=944 width=0)
	        Index Cond: ((id >= 8936624) AND (id <= 8937623))

table 8 : explain SELECT c FROM sbtest8 WHERE id BETWEEN 5367865 AND 5368864
	Bitmap Heap Scan on sbtest8  (cost=29.76..3534.68 rows=910 width=121)
	  Recheck Cond: ((id >= 5367865) AND (id <= 5368864))
	  ->  Bitmap Index Scan on sbtest8_pkey  (cost=0.00..29.54 rows=910 width=0)
	        Index Cond: ((id >= 5367865) AND (id <= 5368864))

for: sum_ranges
table 1 : explain SELECT SUM(k) FROM sbtest1 WHERE id BETWEEN 5918332 AND 5919331
	Aggregate  (cost=3979.27..3979.28 rows=1 width=8)
	  ->  Bitmap Heap Scan on sbtest1  (cost=30.96..3976.70 rows=1027 width=4)
	        Recheck Cond: ((id >= 5918332) AND (id <= 5919331))
	        ->  Bitmap Index Scan on sbtest1_pkey  (cost=0.00..30.70 rows=1027 width=0)
	              Index Cond: ((id >= 5918332) AND (id <= 5919331))

table 2 : explain SELECT SUM(k) FROM sbtest2 WHERE id BETWEEN 8957488 AND 8958487
	Aggregate  (cost=3677.03..3677.04 rows=1 width=8)
	  ->  Bitmap Heap Scan on sbtest2  (cost=30.14..3674.66 rows=947 width=4)
	        Recheck Cond: ((id >= 8957488) AND (id <= 8958487))
	        ->  Bitmap Index Scan on sbtest2_pkey  (cost=0.00..29.90 rows=947 width=0)
	              Index Cond: ((id >= 8957488) AND (id <= 8958487))

table 3 : explain SELECT SUM(k) FROM sbtest3 WHERE id BETWEEN 6308560 AND 6309559
	Aggregate  (cost=4239.40..4239.41 rows=1 width=8)
	  ->  Bitmap Heap Scan on sbtest3  (cost=35.66..4236.66 rows=1095 width=4)
	        Recheck Cond: ((id >= 6308560) AND (id <= 6309559))
	        ->  Bitmap Index Scan on sbtest3_pkey  (cost=0.00..35.39 rows=1095 width=0)
	              Index Cond: ((id >= 6308560) AND (id <= 6309559))

table 4 : explain SELECT SUM(k) FROM sbtest4 WHERE id BETWEEN 5309159 AND 5310158
	Aggregate  (cost=3730.25..3730.26 rows=1 width=8)
	  ->  Bitmap Heap Scan on sbtest4  (cost=30.29..3727.85 rows=961 width=4)
	        Recheck Cond: ((id >= 5309159) AND (id <= 5310158))
	        ->  Bitmap Index Scan on sbtest4_pkey  (cost=0.00..30.04 rows=961 width=0)
	              Index Cond: ((id >= 5309159) AND (id <= 5310158))

table 5 : explain SELECT SUM(k) FROM sbtest5 WHERE id BETWEEN 9805111 AND 9806110
	Aggregate  (cost=3767.82..3767.83 rows=1 width=8)
	  ->  Bitmap Heap Scan on sbtest5  (cost=30.39..3765.39 rows=971 width=4)
	        Recheck Cond: ((id >= 9805111) AND (id <= 9806110))
	        ->  Bitmap Index Scan on sbtest5_pkey  (cost=0.00..30.14 rows=971 width=0)
	              Index Cond: ((id >= 9805111) AND (id <= 9806110))

table 6 : explain SELECT SUM(k) FROM sbtest6 WHERE id BETWEEN 9203861 AND 9204860
	Aggregate  (cost=4107.46..4107.47 rows=1 width=8)
	  ->  Bitmap Heap Scan on sbtest6  (cost=35.30..4104.81 rows=1060 width=4)
	        Recheck Cond: ((id >= 9203861) AND (id <= 9204860))
	        ->  Bitmap Index Scan on sbtest6_pkey  (cost=0.00..35.04 rows=1060 width=0)
	              Index Cond: ((id >= 9203861) AND (id <= 9204860))

table 7 : explain SELECT SUM(k) FROM sbtest7 WHERE id BETWEEN 2152958 AND 2153957
	Aggregate  (cost=3858.56..3858.57 rows=1 width=8)
	  ->  Bitmap Heap Scan on sbtest7  (cost=30.63..3856.07 rows=995 width=4)
	        Recheck Cond: ((id >= 2152958) AND (id <= 2153957))
	        ->  Bitmap Index Scan on sbtest7_pkey  (cost=0.00..30.39 rows=995 width=0)
	              Index Cond: ((id >= 2152958) AND (id <= 2153957))

table 8 : explain SELECT SUM(k) FROM sbtest8 WHERE id BETWEEN 2501494 AND 2502493
	Aggregate  (cost=3373.90..3373.91 rows=1 width=8)
	  ->  Bitmap Heap Scan on sbtest8  (cost=29.32..3371.74 rows=867 width=4)
	        Recheck Cond: ((id >= 2501494) AND (id <= 2502493))
	        ->  Bitmap Index Scan on sbtest8_pkey  (cost=0.00..29.11 rows=867 width=0)
	              Index Cond: ((id >= 2501494) AND (id <= 2502493))

for: sum_ranges
table 1 : explain SELECT SUM(k) FROM sbtest1 WHERE id BETWEEN 43309 AND 44308
	Aggregate  (cost=3786.64..3786.65 rows=1 width=8)
	  ->  Bitmap Heap Scan on sbtest1  (cost=30.44..3784.20 rows=976 width=4)
	        Recheck Cond: ((id >= 43309) AND (id <= 44308))
	        ->  Bitmap Index Scan on sbtest1_pkey  (cost=0.00..30.19 rows=976 width=0)
	              Index Cond: ((id >= 43309) AND (id <= 44308))

table 2 : explain SELECT SUM(k) FROM sbtest2 WHERE id BETWEEN 5892218 AND 5893217
	Aggregate  (cost=3722.43..3722.44 rows=1 width=8)
	  ->  Bitmap Heap Scan on sbtest2  (cost=30.26..3720.03 rows=959 width=4)
	        Recheck Cond: ((id >= 5892218) AND (id <= 5893217))
	        ->  Bitmap Index Scan on sbtest2_pkey  (cost=0.00..30.02 rows=959 width=0)
	              Index Cond: ((id >= 5892218) AND (id <= 5893217))

table 3 : explain SELECT SUM(k) FROM sbtest3 WHERE id BETWEEN 7553926 AND 7554925
	Aggregate  (cost=3438.16..3438.17 rows=1 width=8)
	  ->  Bitmap Heap Scan on sbtest3  (cost=29.50..3435.95 rows=884 width=4)
	        Recheck Cond: ((id >= 7553926) AND (id <= 7554925))
	        ->  Bitmap Index Scan on sbtest3_pkey  (cost=0.00..29.27 rows=884 width=0)
	              Index Cond: ((id >= 7553926) AND (id <= 7554925))

table 4 : explain SELECT SUM(k) FROM sbtest4 WHERE id BETWEEN 2567658 AND 2568657
	Aggregate  (cost=3658.36..3658.37 rows=1 width=8)
	  ->  Bitmap Heap Scan on sbtest4  (cost=30.09..3656.00 rows=942 width=4)
	        Recheck Cond: ((id >= 2567658) AND (id <= 2568657))
	        ->  Bitmap Index Scan on sbtest4_pkey  (cost=0.00..29.86 rows=942 width=0)
	              Index Cond: ((id >= 2567658) AND (id <= 2568657))

table 5 : explain SELECT SUM(k) FROM sbtest5 WHERE id BETWEEN 5934295 AND 5935294
	Aggregate  (cost=3563.46..3563.47 rows=1 width=8)
	  ->  Bitmap Heap Scan on sbtest5  (cost=29.83..3561.17 rows=917 width=4)
	        Recheck Cond: ((id >= 5934295) AND (id <= 5935294))
	        ->  Bitmap Index Scan on sbtest5_pkey  (cost=0.00..29.61 rows=917 width=0)
	              Index Cond: ((id >= 5934295) AND (id <= 5935294))

table 6 : explain SELECT SUM(k) FROM sbtest6 WHERE id BETWEEN 3581965 AND 3582964
	Aggregate  (cost=3812.85..3812.86 rows=1 width=8)
	  ->  Bitmap Heap Scan on sbtest6  (cost=30.51..3810.39 rows=983 width=4)
	        Recheck Cond: ((id >= 3581965) AND (id <= 3582964))
	        ->  Bitmap Index Scan on sbtest6_pkey  (cost=0.00..30.26 rows=983 width=0)
	              Index Cond: ((id >= 3581965) AND (id <= 3582964))

table 7 : explain SELECT SUM(k) FROM sbtest7 WHERE id BETWEEN 4816580 AND 4817579
	Aggregate  (cost=3707.34..3707.35 rows=1 width=8)
	  ->  Bitmap Heap Scan on sbtest7  (cost=30.22..3704.95 rows=955 width=4)
	        Recheck Cond: ((id >= 4816580) AND (id <= 4817579))
	        ->  Bitmap Index Scan on sbtest7_pkey  (cost=0.00..29.98 rows=955 width=0)
	              Index Cond: ((id >= 4816580) AND (id <= 4817579))

table 8 : explain SELECT SUM(k) FROM sbtest8 WHERE id BETWEEN 4887086 AND 4888085
	Aggregate  (cost=3624.06..3624.07 rows=1 width=8)
	  ->  Bitmap Heap Scan on sbtest8  (cost=30.00..3621.73 rows=933 width=4)
	        Recheck Cond: ((id >= 4887086) AND (id <= 4888085))
	        ->  Bitmap Index Scan on sbtest8_pkey  (cost=0.00..29.76 rows=933 width=0)
	              Index Cond: ((id >= 4887086) AND (id <= 4888085))

for: sum_ranges
table 1 : explain SELECT SUM(k) FROM sbtest1 WHERE id BETWEEN 2165612 AND 2166611
	Aggregate  (cost=3873.55..3873.56 rows=1 width=8)
	  ->  Bitmap Heap Scan on sbtest1  (cost=30.67..3871.06 rows=999 width=4)
	        Recheck Cond: ((id >= 2165612) AND (id <= 2166611))
	        ->  Bitmap Index Scan on sbtest1_pkey  (cost=0.00..30.43 rows=999 width=0)
	              Index Cond: ((id >= 2165612) AND (id <= 2166611))

table 2 : explain SELECT SUM(k) FROM sbtest2 WHERE id BETWEEN 5882492 AND 5883491
	Aggregate  (cost=3726.21..3726.22 rows=1 width=8)
	  ->  Bitmap Heap Scan on sbtest2  (cost=30.27..3723.81 rows=960 width=4)
	        Recheck Cond: ((id >= 5882492) AND (id <= 5883491))
	        ->  Bitmap Index Scan on sbtest2_pkey  (cost=0.00..30.04 rows=960 width=0)
	              Index Cond: ((id >= 5882492) AND (id <= 5883491))

table 3 : explain SELECT SUM(k) FROM sbtest3 WHERE id BETWEEN 2357599 AND 2358598
	Aggregate  (cost=4190.44..4190.45 rows=1 width=8)
	  ->  Bitmap Heap Scan on sbtest3  (cost=35.53..4187.73 rows=1082 width=4)
	        Recheck Cond: ((id >= 2357599) AND (id <= 2358598))
	        ->  Bitmap Index Scan on sbtest3_pkey  (cost=0.00..35.26 rows=1082 width=0)
	              Index Cond: ((id >= 2357599) AND (id <= 2358598))

table 4 : explain SELECT SUM(k) FROM sbtest4 WHERE id BETWEEN 6499743 AND 6500742
	Aggregate  (cost=3696.20..3696.21 rows=1 width=8)
	  ->  Bitmap Heap Scan on sbtest4  (cost=30.19..3693.82 rows=952 width=4)
	        Recheck Cond: ((id >= 6499743) AND (id <= 6500742))
	        ->  Bitmap Index Scan on sbtest4_pkey  (cost=0.00..29.95 rows=952 width=0)
	              Index Cond: ((id >= 6499743) AND (id <= 6500742))

table 5 : explain SELECT SUM(k) FROM sbtest5 WHERE id BETWEEN 9017249 AND 9018248
	Aggregate  (cost=4085.21..4085.22 rows=1 width=8)
	  ->  Bitmap Heap Scan on sbtest5  (cost=35.24..4082.58 rows=1054 width=4)
	        Recheck Cond: ((id >= 9017249) AND (id <= 9018248))
	        ->  Bitmap Index Scan on sbtest5_pkey  (cost=0.00..34.98 rows=1054 width=0)
	              Index Cond: ((id >= 9017249) AND (id <= 9018248))

table 6 : explain SELECT SUM(k) FROM sbtest6 WHERE id BETWEEN 5443145 AND 5444144
	Aggregate  (cost=3631.31..3631.32 rows=1 width=8)
	  ->  Bitmap Heap Scan on sbtest6  (cost=30.02..3628.98 rows=935 width=4)
	        Recheck Cond: ((id >= 5443145) AND (id <= 5444144))
	        ->  Bitmap Index Scan on sbtest6_pkey  (cost=0.00..29.79 rows=935 width=0)
	              Index Cond: ((id >= 5443145) AND (id <= 5444144))

table 7 : explain SELECT SUM(k) FROM sbtest7 WHERE id BETWEEN 8573130 AND 8574129
	Aggregate  (cost=3643.01..3643.02 rows=1 width=8)
	  ->  Bitmap Heap Scan on sbtest7  (cost=30.05..3640.66 rows=938 width=4)
	        Recheck Cond: ((id >= 8573130) AND (id <= 8574129))
	        ->  Bitmap Index Scan on sbtest7_pkey  (cost=0.00..29.82 rows=938 width=0)
	              Index Cond: ((id >= 8573130) AND (id <= 8574129))

table 8 : explain SELECT SUM(k) FROM sbtest8 WHERE id BETWEEN 4901763 AND 4902762
	Aggregate  (cost=3624.06..3624.07 rows=1 width=8)
	  ->  Bitmap Heap Scan on sbtest8  (cost=30.00..3621.73 rows=933 width=4)
	        Recheck Cond: ((id >= 4901763) AND (id <= 4902762))
	        ->  Bitmap Index Scan on sbtest8_pkey  (cost=0.00..29.76 rows=933 width=0)
	              Index Cond: ((id >= 4901763) AND (id <= 4902762))

for: sum_ranges
table 1 : explain SELECT SUM(k) FROM sbtest1 WHERE id BETWEEN 4601916 AND 4602915
	Aggregate  (cost=3847.11..3847.12 rows=1 width=8)
	  ->  Bitmap Heap Scan on sbtest1  (cost=30.60..3844.63 rows=992 width=4)
	        Recheck Cond: ((id >= 4601916) AND (id <= 4602915))
	        ->  Bitmap Index Scan on sbtest1_pkey  (cost=0.00..30.36 rows=992 width=0)
	              Index Cond: ((id >= 4601916) AND (id <= 4602915))

table 2 : explain SELECT SUM(k) FROM sbtest2 WHERE id BETWEEN 5938294 AND 5939293
	Aggregate  (cost=3703.51..3703.52 rows=1 width=8)
	  ->  Bitmap Heap Scan on sbtest2  (cost=30.21..3701.13 rows=954 width=4)
	        Recheck Cond: ((id >= 5938294) AND (id <= 5939293))
	        ->  Bitmap Index Scan on sbtest2_pkey  (cost=0.00..29.97 rows=954 width=0)
	              Index Cond: ((id >= 5938294) AND (id <= 5939293))

table 3 : explain SELECT SUM(k) FROM sbtest3 WHERE id BETWEEN 9372331 AND 9373330
	Aggregate  (cost=3574.58..3574.59 rows=1 width=8)
	  ->  Bitmap Heap Scan on sbtest3  (cost=29.87..3572.28 rows=920 width=4)
	        Recheck Cond: ((id >= 9372331) AND (id <= 9373330))
	        ->  Bitmap Index Scan on sbtest3_pkey  (cost=0.00..29.64 rows=920 width=0)
	              Index Cond: ((id >= 9372331) AND (id <= 9373330))

table 4 : explain SELECT SUM(k) FROM sbtest4 WHERE id BETWEEN 9995961 AND 9996960
	Aggregate  (cost=3809.66..3809.67 rows=1 width=8)
	  ->  Bitmap Heap Scan on sbtest4  (cost=30.50..3807.20 rows=982 width=4)
	        Recheck Cond: ((id >= 9995961) AND (id <= 9996960))
	        ->  Bitmap Index Scan on sbtest4_pkey  (cost=0.00..30.25 rows=982 width=0)
	              Index Cond: ((id >= 9995961) AND (id <= 9996960))

table 5 : explain SELECT SUM(k) FROM sbtest5 WHERE id BETWEEN 7481280 AND 7482279
	Aggregate  (cost=3847.20..3847.21 rows=1 width=8)
	  ->  Bitmap Heap Scan on sbtest5  (cost=30.60..3844.72 rows=992 width=4)
	        Recheck Cond: ((id >= 7481280) AND (id <= 7482279))
	        ->  Bitmap Index Scan on sbtest5_pkey  (cost=0.00..30.36 rows=992 width=0)
	              Index Cond: ((id >= 7481280) AND (id <= 7482279))

table 6 : explain SELECT SUM(k) FROM sbtest6 WHERE id BETWEEN 5730983 AND 5731982
	Aggregate  (cost=3752.37..3752.38 rows=1 width=8)
	  ->  Bitmap Heap Scan on sbtest6  (cost=30.35..3749.95 rows=967 width=4)
	        Recheck Cond: ((id >= 5730983) AND (id <= 5731982))
	        ->  Bitmap Index Scan on sbtest6_pkey  (cost=0.00..30.11 rows=967 width=0)
	              Index Cond: ((id >= 5730983) AND (id <= 5731982))

table 7 : explain SELECT SUM(k) FROM sbtest7 WHERE id BETWEEN 9505926 AND 9506925
	Aggregate  (cost=3869.89..3869.90 rows=1 width=8)
	  ->  Bitmap Heap Scan on sbtest7  (cost=30.66..3867.40 rows=998 width=4)
	        Recheck Cond: ((id >= 9505926) AND (id <= 9506925))
	        ->  Bitmap Index Scan on sbtest7_pkey  (cost=0.00..30.41 rows=998 width=0)
	              Index Cond: ((id >= 9505926) AND (id <= 9506925))

table 8 : explain SELECT SUM(k) FROM sbtest8 WHERE id BETWEEN 8575575 AND 8576574
	Aggregate  (cost=4149.31..4149.32 rows=1 width=8)
	  ->  Bitmap Heap Scan on sbtest8  (cost=35.41..4146.63 rows=1071 width=4)
	        Recheck Cond: ((id >= 8575575) AND (id <= 8576574))
	        ->  Bitmap Index Scan on sbtest8_pkey  (cost=0.00..35.15 rows=1071 width=0)
	              Index Cond: ((id >= 8575575) AND (id <= 8576574))

for: simple_ranges
table 1 : explain SELECT c FROM sbtest1 WHERE id BETWEEN 6000139 AND 6001138
	Bitmap Heap Scan on sbtest1  (cost=30.96..3976.70 rows=1027 width=121)
	  Recheck Cond: ((id >= 6000139) AND (id <= 6001138))
	  ->  Bitmap Index Scan on sbtest1_pkey  (cost=0.00..30.70 rows=1027 width=0)
	        Index Cond: ((id >= 6000139) AND (id <= 6001138))

table 2 : explain SELECT c FROM sbtest2 WHERE id BETWEEN 7659822 AND 7660821
	Bitmap Heap Scan on sbtest2  (cost=30.90..3954.15 rows=1021 width=121)
	  Recheck Cond: ((id >= 7659822) AND (id <= 7660821))
	  ->  Bitmap Index Scan on sbtest2_pkey  (cost=0.00..30.64 rows=1021 width=0)
	        Index Cond: ((id >= 7659822) AND (id <= 7660821))

table 3 : explain SELECT c FROM sbtest3 WHERE id BETWEEN 5408081 AND 5409080
	Bitmap Heap Scan on sbtest3  (cost=30.50..3806.68 rows=982 width=121)
	  Recheck Cond: ((id >= 5408081) AND (id <= 5409080))
	  ->  Bitmap Index Scan on sbtest3_pkey  (cost=0.00..30.25 rows=982 width=0)
	        Index Cond: ((id >= 5408081) AND (id <= 5409080))

table 4 : explain SELECT c FROM sbtest4 WHERE id BETWEEN 3684983 AND 3685982
	Bitmap Heap Scan on sbtest4  (cost=30.98..3984.61 rows=1029 width=121)
	  Recheck Cond: ((id >= 3684983) AND (id <= 3685982))
	  ->  Bitmap Index Scan on sbtest4_pkey  (cost=0.00..30.72 rows=1029 width=0)
	        Index Cond: ((id >= 3684983) AND (id <= 3685982))

table 5 : explain SELECT c FROM sbtest5 WHERE id BETWEEN 2012088 AND 2013087
	Bitmap Heap Scan on sbtest5  (cost=30.07..3648.20 rows=940 width=121)
	  Recheck Cond: ((id >= 2012088) AND (id <= 2013087))
	  ->  Bitmap Index Scan on sbtest5_pkey  (cost=0.00..29.83 rows=940 width=0)
	        Index Cond: ((id >= 2012088) AND (id <= 2013087))

table 6 : explain SELECT c FROM sbtest6 WHERE id BETWEEN 6963725 AND 6964724
	Bitmap Heap Scan on sbtest6  (cost=30.12..3666.80 rows=945 width=121)
	  Recheck Cond: ((id >= 6963725) AND (id <= 6964724))
	  ->  Bitmap Index Scan on sbtest6_pkey  (cost=0.00..29.89 rows=945 width=0)
	        Index Cond: ((id >= 6963725) AND (id <= 6964724))

table 7 : explain SELECT c FROM sbtest7 WHERE id BETWEEN 4525876 AND 4526875
	Bitmap Heap Scan on sbtest7  (cost=35.21..4071.31 rows=1051 width=121)
	  Recheck Cond: ((id >= 4525876) AND (id <= 4526875))
	  ->  Bitmap Index Scan on sbtest7_pkey  (cost=0.00..34.95 rows=1051 width=0)
	        Index Cond: ((id >= 4525876) AND (id <= 4526875))

table 8 : explain SELECT c FROM sbtest8 WHERE id BETWEEN 3411228 AND 3412227
	Bitmap Heap Scan on sbtest8  (cost=30.27..3723.83 rows=960 width=121)
	  Recheck Cond: ((id >= 3411228) AND (id <= 3412227))
	  ->  Bitmap Index Scan on sbtest8_pkey  (cost=0.00..30.04 rows=960 width=0)
	        Index Cond: ((id >= 3411228) AND (id <= 3412227))

explain: for point_selects :: explain SELECT c FROM sbtest%u WHERE id=%u
for: order_ranges
table 1 : explain SELECT c FROM sbtest1 WHERE id BETWEEN 5858090 AND 5859089 ORDER BY c
	Sort  (cost=3947.65..3950.16 rows=1006 width=121)
	  Sort Key: c
	  ->  Bitmap Heap Scan on sbtest1  (cost=30.75..3897.48 rows=1006 width=121)
	        Recheck Cond: ((id >= 5858090) AND (id <= 5859089))
	        ->  Bitmap Index Scan on sbtest1_pkey  (cost=0.00..30.50 rows=1006 width=0)
	              Index Cond: ((id >= 5858090) AND (id <= 5859089))

table 2 : explain SELECT c FROM sbtest2 WHERE id BETWEEN 9571278 AND 9572277 ORDER BY c
	Sort  (cost=3763.69..3766.08 rows=958 width=121)
	  Sort Key: c
	  ->  Bitmap Heap Scan on sbtest2  (cost=30.25..3716.25 rows=958 width=121)
	        Recheck Cond: ((id >= 9571278) AND (id <= 9572277))
	        ->  Bitmap Index Scan on sbtest2_pkey  (cost=0.00..30.01 rows=958 width=0)
	              Index Cond: ((id >= 9571278) AND (id <= 9572277))

table 3 : explain SELECT c FROM sbtest3 WHERE id BETWEEN 5303710 AND 5304709 ORDER BY c
	Sort  (cost=3394.58..3396.73 rows=862 width=121)
	  Sort Key: c
	  ->  Bitmap Heap Scan on sbtest3  (cost=29.27..3352.55 rows=862 width=121)
	        Recheck Cond: ((id >= 5303710) AND (id <= 5304709))
	        ->  Bitmap Index Scan on sbtest3_pkey  (cost=0.00..29.05 rows=862 width=0)
	              Index Cond: ((id >= 5303710) AND (id <= 5304709))

table 4 : explain SELECT c FROM sbtest4 WHERE id BETWEEN 2234874 AND 2235873 ORDER BY c
	Sort  (cost=3767.78..3770.18 rows=959 width=121)
	  Sort Key: c
	  ->  Bitmap Heap Scan on sbtest4  (cost=30.26..3720.29 rows=959 width=121)
	        Recheck Cond: ((id >= 2234874) AND (id <= 2235873))
	        ->  Bitmap Index Scan on sbtest4_pkey  (cost=0.00..30.02 rows=959 width=0)
	              Index Cond: ((id >= 2234874) AND (id <= 2235873))

table 5 : explain SELECT c FROM sbtest5 WHERE id BETWEEN 4626061 AND 4627060 ORDER BY c
	Sort  (cost=3821.24..3823.68 rows=973 width=121)
	  Sort Key: c
	  ->  Bitmap Heap Scan on sbtest5  (cost=30.41..3772.95 rows=973 width=121)
	        Recheck Cond: ((id >= 4626061) AND (id <= 4627060))
	        ->  Bitmap Index Scan on sbtest5_pkey  (cost=0.00..30.16 rows=973 width=0)
	              Index Cond: ((id >= 4626061) AND (id <= 4627060))

table 6 : explain SELECT c FROM sbtest6 WHERE id BETWEEN 5952163 AND 5953162 ORDER BY c
	Sort  (cost=3502.22..3504.45 rows=890 width=121)
	  Sort Key: c
	  ->  Bitmap Heap Scan on sbtest6  (cost=29.56..3458.62 rows=890 width=121)
	        Recheck Cond: ((id >= 5952163) AND (id <= 5953162))
	        ->  Bitmap Index Scan on sbtest6_pkey  (cost=0.00..29.33 rows=890 width=0)
	              Index Cond: ((id >= 5952163) AND (id <= 5953162))

table 7 : explain SELECT c FROM sbtest7 WHERE id BETWEEN 4035491 AND 4036490 ORDER BY c
	Sort  (cost=3955.43..3957.95 rows=1008 width=121)
	  Sort Key: c
	  ->  Bitmap Heap Scan on sbtest7  (cost=30.77..3905.14 rows=1008 width=121)
	        Recheck Cond: ((id >= 4035491) AND (id <= 4036490))
	        ->  Bitmap Index Scan on sbtest7_pkey  (cost=0.00..30.51 rows=1008 width=0)
	              Index Cond: ((id >= 4035491) AND (id <= 4036490))

table 8 : explain SELECT c FROM sbtest8 WHERE id BETWEEN 345358 AND 346357 ORDER BY c
	Sort  (cost=3771.39..3773.79 rows=960 width=121)
	  Sort Key: c
	  ->  Bitmap Heap Scan on sbtest8  (cost=30.27..3723.83 rows=960 width=121)
	        Recheck Cond: ((id >= 345358) AND (id <= 346357))
	        ->  Bitmap Index Scan on sbtest8_pkey  (cost=0.00..30.04 rows=960 width=0)
	              Index Cond: ((id >= 345358) AND (id <= 346357))

for: order_ranges
table 1 : explain SELECT c FROM sbtest1 WHERE id BETWEEN 8112933 AND 8113932 ORDER BY c
	Sort  (cost=3905.50..3907.99 rows=995 width=121)
	  Sort Key: c
	  ->  Bitmap Heap Scan on sbtest1  (cost=30.63..3855.96 rows=995 width=121)
	        Recheck Cond: ((id >= 8112933) AND (id <= 8113932))
	        ->  Bitmap Index Scan on sbtest1_pkey  (cost=0.00..30.39 rows=995 width=0)
	              Index Cond: ((id >= 8112933) AND (id <= 8113932))

table 2 : explain SELECT c FROM sbtest2 WHERE id BETWEEN 2250433 AND 2251432 ORDER BY c
	Sort  (cost=3894.07..3896.55 rows=992 width=121)
	  Sort Key: c
	  ->  Bitmap Heap Scan on sbtest2  (cost=30.60..3844.70 rows=992 width=121)
	        Recheck Cond: ((id >= 2250433) AND (id <= 2251432))
	        ->  Bitmap Index Scan on sbtest2_pkey  (cost=0.00..30.36 rows=992 width=0)
	              Index Cond: ((id >= 2250433) AND (id <= 2251432))

table 3 : explain SELECT c FROM sbtest3 WHERE id BETWEEN 2177166 AND 2178165 ORDER BY c
	Sort  (cost=3843.99..3846.43 rows=979 width=121)
	  Sort Key: c
	  ->  Bitmap Heap Scan on sbtest3  (cost=30.47..3795.35 rows=979 width=121)
	        Recheck Cond: ((id >= 2177166) AND (id <= 2178165))
	        ->  Bitmap Index Scan on sbtest3_pkey  (cost=0.00..30.22 rows=979 width=0)
	              Index Cond: ((id >= 2177166) AND (id <= 2178165))

table 4 : explain SELECT c FROM sbtest4 WHERE id BETWEEN 5664109 AND 5665108 ORDER BY c
	Sort  (cost=3794.64..3797.06 rows=966 width=121)
	  Sort Key: c
	  ->  Bitmap Heap Scan on sbtest4  (cost=30.34..3746.75 rows=966 width=121)
	        Recheck Cond: ((id >= 5664109) AND (id <= 5665108))
	        ->  Bitmap Index Scan on sbtest4_pkey  (cost=0.00..30.09 rows=966 width=0)
	              Index Cond: ((id >= 5664109) AND (id <= 5665108))

table 5 : explain SELECT c FROM sbtest5 WHERE id BETWEEN 9449744 AND 9450743 ORDER BY c
	Sort  (cost=3825.08..3827.51 rows=974 width=121)
	  Sort Key: c
	  ->  Bitmap Heap Scan on sbtest5  (cost=30.42..3776.73 rows=974 width=121)
	        Recheck Cond: ((id >= 9449744) AND (id <= 9450743))
	        ->  Bitmap Index Scan on sbtest5_pkey  (cost=0.00..30.18 rows=974 width=0)
	              Index Cond: ((id >= 9449744) AND (id <= 9450743))

table 6 : explain SELECT c FROM sbtest6 WHERE id BETWEEN 8067070 AND 8068069 ORDER BY c
	Sort  (cost=4104.52..4107.14 rows=1046 width=121)
	  Sort Key: c
	  ->  Bitmap Heap Scan on sbtest6  (cost=35.16..4052.06 rows=1046 width=121)
	        Recheck Cond: ((id >= 8067070) AND (id <= 8068069))
	        ->  Bitmap Index Scan on sbtest6_pkey  (cost=0.00..34.90 rows=1046 width=0)
	              Index Cond: ((id >= 8067070) AND (id <= 8068069))

table 7 : explain SELECT c FROM sbtest7 WHERE id BETWEEN 7850353 AND 7851352 ORDER BY c
	Sort  (cost=3756.06..3758.45 rows=956 width=121)
	  Sort Key: c
	  ->  Bitmap Heap Scan on sbtest7  (cost=30.23..3708.73 rows=956 width=121)
	        Recheck Cond: ((id >= 7850353) AND (id <= 7851352))
	        ->  Bitmap Index Scan on sbtest7_pkey  (cost=0.00..30.00 rows=956 width=0)
	              Index Cond: ((id >= 7850353) AND (id <= 7851352))

table 8 : explain SELECT c FROM sbtest8 WHERE id BETWEEN 6998963 AND 6999962 ORDER BY c
	Sort  (cost=3617.82..3620.12 rows=920 width=121)
	  Sort Key: c
	  ->  Bitmap Heap Scan on sbtest8  (cost=29.87..3572.53 rows=920 width=121)
	        Recheck Cond: ((id >= 6998963) AND (id <= 6999962))
	        ->  Bitmap Index Scan on sbtest8_pkey  (cost=0.00..29.64 rows=920 width=0)
	              Index Cond: ((id >= 6998963) AND (id <= 6999962))

for: order_ranges
table 1 : explain SELECT c FROM sbtest1 WHERE id BETWEEN 8140484 AND 8141483 ORDER BY c
	Sort  (cost=3905.50..3907.99 rows=995 width=121)
	  Sort Key: c
	  ->  Bitmap Heap Scan on sbtest1  (cost=30.63..3855.96 rows=995 width=121)
	        Recheck Cond: ((id >= 8140484) AND (id <= 8141483))
	        ->  Bitmap Index Scan on sbtest1_pkey  (cost=0.00..30.39 rows=995 width=0)
	              Index Cond: ((id >= 8140484) AND (id <= 8141483))

table 2 : explain SELECT c FROM sbtest2 WHERE id BETWEEN 5003701 AND 5004700 ORDER BY c
	Sort  (cost=4223.44..4226.13 rows=1077 width=121)
	  Sort Key: c
	  ->  Bitmap Heap Scan on sbtest2  (cost=35.47..4169.20 rows=1077 width=121)
	        Recheck Cond: ((id >= 5003701) AND (id <= 5004700))
	        ->  Bitmap Index Scan on sbtest2_pkey  (cost=0.00..35.20 rows=1077 width=0)
	              Index Cond: ((id >= 5003701) AND (id <= 5004700))

table 3 : explain SELECT c FROM sbtest3 WHERE id BETWEEN 5887926 AND 5888925 ORDER BY c
	Sort  (cost=3966.61..3969.14 rows=1011 width=121)
	  Sort Key: c
	  ->  Bitmap Heap Scan on sbtest3  (cost=30.80..3916.16 rows=1011 width=121)
	        Recheck Cond: ((id >= 5887926) AND (id <= 5888925))
	        ->  Bitmap Index Scan on sbtest3_pkey  (cost=0.00..30.54 rows=1011 width=0)
	              Index Cond: ((id >= 5887926) AND (id <= 5888925))

table 4 : explain SELECT c FROM sbtest4 WHERE id BETWEEN 6007143 AND 6008142 ORDER BY c
	Sort  (cost=3970.99..3973.52 rows=1012 width=121)
	  Sort Key: c
	  ->  Bitmap Heap Scan on sbtest4  (cost=30.81..3920.47 rows=1012 width=121)
	        Recheck Cond: ((id >= 6007143) AND (id <= 6008142))
	        ->  Bitmap Index Scan on sbtest4_pkey  (cost=0.00..30.55 rows=1012 width=0)
	              Index Cond: ((id >= 6007143) AND (id <= 6008142))

table 5 : explain SELECT c FROM sbtest5 WHERE id BETWEEN 7043948 AND 7044947 ORDER BY c
	Sort  (cost=4104.72..4107.33 rows=1047 width=121)
	  Sort Key: c
	  ->  Bitmap Heap Scan on sbtest5  (cost=31.17..4052.20 rows=1047 width=121)
	        Recheck Cond: ((id >= 7043948) AND (id <= 7044947))
	        ->  Bitmap Index Scan on sbtest5_pkey  (cost=0.00..30.90 rows=1047 width=0)
	              Index Cond: ((id >= 7043948) AND (id <= 7044947))

table 6 : explain SELECT c FROM sbtest6 WHERE id BETWEEN 2557501 AND 2558500 ORDER BY c
	Sort  (cost=3866.92..3869.38 rows=985 width=121)
	  Sort Key: c
	  ->  Bitmap Heap Scan on sbtest6  (cost=30.53..3817.95 rows=985 width=121)
	        Recheck Cond: ((id >= 2557501) AND (id <= 2558500))
	        ->  Bitmap Index Scan on sbtest6_pkey  (cost=0.00..30.29 rows=985 width=0)
	              Index Cond: ((id >= 2557501) AND (id <= 2558500))

table 7 : explain SELECT c FROM sbtest7 WHERE id BETWEEN 943735 AND 944734 ORDER BY c
	Sort  (cost=4437.40..4440.23 rows=1133 width=121)
	  Sort Key: c
	  ->  Bitmap Heap Scan on sbtest7  (cost=36.05..4379.93 rows=1133 width=121)
	        Recheck Cond: ((id >= 943735) AND (id <= 944734))
	        ->  Bitmap Index Scan on sbtest7_pkey  (cost=0.00..35.77 rows=1133 width=0)
	              Index Cond: ((id >= 943735) AND (id <= 944734))

table 8 : explain SELECT c FROM sbtest8 WHERE id BETWEEN 589545 AND 590544 ORDER BY c
	Sort  (cost=4146.99..4149.63 rows=1057 width=121)
	  Sort Key: c
	  ->  Bitmap Heap Scan on sbtest8  (cost=35.27..4093.89 rows=1057 width=121)
	        Recheck Cond: ((id >= 589545) AND (id <= 590544))
	        ->  Bitmap Index Scan on sbtest8_pkey  (cost=0.00..35.01 rows=1057 width=0)
	              Index Cond: ((id >= 589545) AND (id <= 590544))

explain: for point_selects :: explain SELECT c FROM sbtest%u WHERE id=%u
for: order_ranges
table 1 : explain SELECT c FROM sbtest1 WHERE id BETWEEN 9096790 AND 9097789 ORDER BY c
	Sort  (cost=3771.30..3773.70 rows=960 width=121)
	  Sort Key: c
	  ->  Bitmap Heap Scan on sbtest1  (cost=30.27..3723.74 rows=960 width=121)
	        Recheck Cond: ((id >= 9096790) AND (id <= 9097789))
	        ->  Bitmap Index Scan on sbtest1_pkey  (cost=0.00..30.04 rows=960 width=0)
	              Index Cond: ((id >= 9096790) AND (id <= 9097789))

table 2 : explain SELECT c FROM sbtest2 WHERE id BETWEEN 9004310 AND 9005309 ORDER BY c
	Sort  (cost=3882.57..3885.05 rows=989 width=121)
	  Sort Key: c
	  ->  Bitmap Heap Scan on sbtest2  (cost=30.57..3833.37 rows=989 width=121)
	        Recheck Cond: ((id >= 9004310) AND (id <= 9005309))
	        ->  Bitmap Index Scan on sbtest2_pkey  (cost=0.00..30.32 rows=989 width=0)
	              Index Cond: ((id >= 9004310) AND (id <= 9005309))

table 3 : explain SELECT c FROM sbtest3 WHERE id BETWEEN 6731957 AND 6732956 ORDER BY c
	Sort  (cost=4012.57..4015.12 rows=1023 width=121)
	  Sort Key: c
	  ->  Bitmap Heap Scan on sbtest3  (cost=30.92..3961.42 rows=1023 width=121)
	        Recheck Cond: ((id >= 6731957) AND (id <= 6732956))
	        ->  Bitmap Index Scan on sbtest3_pkey  (cost=0.00..30.66 rows=1023 width=0)
	              Index Cond: ((id >= 6731957) AND (id <= 6732956))

table 4 : explain SELECT c FROM sbtest4 WHERE id BETWEEN 1260694 AND 1261693 ORDER BY c
	Sort  (cost=4013.12..4015.68 rows=1023 width=121)
	  Sort Key: c
	  ->  Bitmap Heap Scan on sbtest4  (cost=30.92..3961.98 rows=1023 width=121)
	        Recheck Cond: ((id >= 1260694) AND (id <= 1261693))
	        ->  Bitmap Index Scan on sbtest4_pkey  (cost=0.00..30.66 rows=1023 width=0)
	              Index Cond: ((id >= 1260694) AND (id <= 1261693))

table 5 : explain SELECT c FROM sbtest5 WHERE id BETWEEN 3660534 AND 3661533 ORDER BY c
	Sort  (cost=3871.09..3873.55 rows=986 width=121)
	  Sort Key: c
	  ->  Bitmap Heap Scan on sbtest5  (cost=30.54..3822.06 rows=986 width=121)
	        Recheck Cond: ((id >= 3660534) AND (id <= 3661533))
	        ->  Bitmap Index Scan on sbtest5_pkey  (cost=0.00..30.29 rows=986 width=0)
	              Index Cond: ((id >= 3660534) AND (id <= 3661533))

table 6 : explain SELECT c FROM sbtest6 WHERE id BETWEEN 781453 AND 782452 ORDER BY c
	Sort  (cost=3982.03..3984.57 rows=1014 width=121)
	  Sort Key: c
	  ->  Bitmap Heap Scan on sbtest6  (cost=34.83..3931.40 rows=1014 width=121)
	        Recheck Cond: ((id >= 781453) AND (id <= 782452))
	        ->  Bitmap Index Scan on sbtest6_pkey  (cost=0.00..34.58 rows=1014 width=0)
	              Index Cond: ((id >= 781453) AND (id <= 782452))

table 7 : explain SELECT c FROM sbtest7 WHERE id BETWEEN 7631951 AND 7632950 ORDER BY c
	Sort  (cost=3913.28..3915.77 rows=997 width=121)
	  Sort Key: c
	  ->  Bitmap Heap Scan on sbtest7  (cost=30.65..3863.62 rows=997 width=121)
	        Recheck Cond: ((id >= 7631951) AND (id <= 7632950))
	        ->  Bitmap Index Scan on sbtest7_pkey  (cost=0.00..30.40 rows=997 width=0)
	              Index Cond: ((id >= 7631951) AND (id <= 7632950))

table 8 : explain SELECT c FROM sbtest8 WHERE id BETWEEN 6257457 AND 6258456 ORDER BY c
	Sort  (cost=3809.75..3812.17 rows=970 width=121)
	  Sort Key: c
	  ->  Bitmap Heap Scan on sbtest8  (cost=30.38..3761.63 rows=970 width=121)
	        Recheck Cond: ((id >= 6257457) AND (id <= 6258456))
	        ->  Bitmap Index Scan on sbtest8_pkey  (cost=0.00..30.14 rows=970 width=0)
	              Index Cond: ((id >= 6257457) AND (id <= 6258456))

for point_selects
table 1 : explain SELECT c FROM sbtest1 WHERE id=6404857
	Index Scan using sbtest1_pkey on sbtest1  (cost=0.43..8.45 rows=1 width=121)
	  Index Cond: (id = 6404857)

table 2 : explain SELECT c FROM sbtest2 WHERE id=7165750
	Index Scan using sbtest2_pkey on sbtest2  (cost=0.43..8.45 rows=1 width=121)
	  Index Cond: (id = 7165750)

table 3 : explain SELECT c FROM sbtest3 WHERE id=8714668
	Index Scan using sbtest3_pkey on sbtest3  (cost=0.43..8.45 rows=1 width=121)
	  Index Cond: (id = 8714668)

table 4 : explain SELECT c FROM sbtest4 WHERE id=2003066
	Index Scan using sbtest4_pkey on sbtest4  (cost=0.43..8.45 rows=1 width=121)
	  Index Cond: (id = 2003066)

table 5 : explain SELECT c FROM sbtest5 WHERE id=9108170
	Index Scan using sbtest5_pkey on sbtest5  (cost=0.43..8.45 rows=1 width=121)
	  Index Cond: (id = 9108170)

table 6 : explain SELECT c FROM sbtest6 WHERE id=4807529
	Index Scan using sbtest6_pkey on sbtest6  (cost=0.43..8.45 rows=1 width=121)
	  Index Cond: (id = 4807529)

table 7 : explain SELECT c FROM sbtest7 WHERE id=3883321
	Index Scan using sbtest7_pkey on sbtest7  (cost=0.43..8.45 rows=1 width=121)
	  Index Cond: (id = 3883321)

table 8 : explain SELECT c FROM sbtest8 WHERE id=9495301
	Index Scan using sbtest8_pkey on sbtest8  (cost=0.43..8.45 rows=1 width=121)
	  Index Cond: (id = 9495301)

for: distinct_ranges
table 1 : explain SELECT DISTINCT c FROM sbtest1 WHERE id BETWEEN 2199370 AND 2200369 ORDER BY c
	Unique  (cost=3871.00..3875.93 rows=986 width=121)
	  ->  Sort  (cost=3871.00..3873.47 rows=986 width=121)
	        Sort Key: c
	        ->  Bitmap Heap Scan on sbtest1  (cost=30.54..3821.97 rows=986 width=121)
	              Recheck Cond: ((id >= 2199370) AND (id <= 2200369))
	              ->  Bitmap Index Scan on sbtest1_pkey  (cost=0.00..30.29 rows=986 width=0)
	                    Index Cond: ((id >= 2199370) AND (id <= 2200369))

table 2 : explain SELECT DISTINCT c FROM sbtest2 WHERE id BETWEEN 3703138 AND 3704137 ORDER BY c
	Unique  (cost=4223.44..4228.82 rows=1077 width=121)
	  ->  Sort  (cost=4223.44..4226.13 rows=1077 width=121)
	        Sort Key: c
	        ->  Bitmap Heap Scan on sbtest2  (cost=35.47..4169.20 rows=1077 width=121)
	              Recheck Cond: ((id >= 3703138) AND (id <= 3704137))
	              ->  Bitmap Index Scan on sbtest2_pkey  (cost=0.00..35.20 rows=1077 width=0)
	                    Index Cond: ((id >= 3703138) AND (id <= 3704137))

table 3 : explain SELECT DISTINCT c FROM sbtest3 WHERE id BETWEEN 5086823 AND 5087822 ORDER BY c
	Unique  (cost=4295.76..4301.24 rows=1096 width=121)
	  ->  Sort  (cost=4295.76..4298.50 rows=1096 width=121)
	        Sort Key: c
	        ->  Bitmap Heap Scan on sbtest3  (cost=35.67..4240.42 rows=1096 width=121)
	              Recheck Cond: ((id >= 5086823) AND (id <= 5087822))
	              ->  Bitmap Index Scan on sbtest3_pkey  (cost=0.00..35.40 rows=1096 width=0)
	                    Index Cond: ((id >= 5086823) AND (id <= 5087822))

table 4 : explain SELECT DISTINCT c FROM sbtest4 WHERE id BETWEEN 2338446 AND 2339445 ORDER BY c
	Unique  (cost=4051.41..4056.57 rows=1033 width=121)
	  ->  Sort  (cost=4051.41..4053.99 rows=1033 width=121)
	        Sort Key: c
	        ->  Bitmap Heap Scan on sbtest4  (cost=31.02..3999.69 rows=1033 width=121)
	              Recheck Cond: ((id >= 2338446) AND (id <= 2339445))
	              ->  Bitmap Index Scan on sbtest4_pkey  (cost=0.00..30.76 rows=1033 width=0)
	                    Index Cond: ((id >= 2338446) AND (id <= 2339445))

table 5 : explain SELECT DISTINCT c FROM sbtest5 WHERE id BETWEEN 4884779 AND 4885778 ORDER BY c
	Unique  (cost=3836.58..3841.47 rows=977 width=121)
	  ->  Sort  (cost=3836.58..3839.02 rows=977 width=121)
	        Sort Key: c
	        ->  Bitmap Heap Scan on sbtest5  (cost=30.45..3788.06 rows=977 width=121)
	              Recheck Cond: ((id >= 4884779) AND (id <= 4885778))
	              ->  Bitmap Index Scan on sbtest5_pkey  (cost=0.00..30.20 rows=977 width=0)
	                    Index Cond: ((id >= 4884779) AND (id <= 4885778))

table 6 : explain SELECT DISTINCT c FROM sbtest6 WHERE id BETWEEN 4690380 AND 4691379 ORDER BY c
	Unique  (cost=3840.09..3844.98 rows=978 width=121)
	  ->  Sort  (cost=3840.09..3842.53 rows=978 width=121)
	        Sort Key: c
	        ->  Bitmap Heap Scan on sbtest6  (cost=30.46..3791.51 rows=978 width=121)
	              Recheck Cond: ((id >= 4690380) AND (id <= 4691379))
	              ->  Bitmap Index Scan on sbtest6_pkey  (cost=0.00..30.21 rows=978 width=0)
	                    Index Cond: ((id >= 4690380) AND (id <= 4691379))

table 7 : explain SELECT DISTINCT c FROM sbtest7 WHERE id BETWEEN 7582195 AND 7583194 ORDER BY c
	Unique  (cost=3913.28..3918.27 rows=997 width=121)
	  ->  Sort  (cost=3913.28..3915.77 rows=997 width=121)
	        Sort Key: c
	        ->  Bitmap Heap Scan on sbtest7  (cost=30.65..3863.62 rows=997 width=121)
	              Recheck Cond: ((id >= 7582195) AND (id <= 7583194))
	              ->  Bitmap Index Scan on sbtest7_pkey  (cost=0.00..30.40 rows=997 width=0)
	                    Index Cond: ((id >= 7582195) AND (id <= 7583194))

table 8 : explain SELECT DISTINCT c FROM sbtest8 WHERE id BETWEEN 384548 AND 385547 ORDER BY c
	Unique  (cost=3771.39..3776.19 rows=960 width=121)
	  ->  Sort  (cost=3771.39..3773.79 rows=960 width=121)
	        Sort Key: c
	        ->  Bitmap Heap Scan on sbtest8  (cost=30.27..3723.83 rows=960 width=121)
	              Recheck Cond: ((id >= 384548) AND (id <= 385547))
	              ->  Bitmap Index Scan on sbtest8_pkey  (cost=0.00..30.04 rows=960 width=0)
	                    Index Cond: ((id >= 384548) AND (id <= 385547))

for: distinct_ranges
table 1 : explain SELECT DISTINCT c FROM sbtest1 WHERE id BETWEEN 7745190 AND 7746189 ORDER BY c
	Unique  (cost=3702.22..3706.93 rows=942 width=121)
	  ->  Sort  (cost=3702.22..3704.57 rows=942 width=121)
	        Sort Key: c
	        ->  Bitmap Heap Scan on sbtest1  (cost=30.09..3655.69 rows=942 width=121)
	              Recheck Cond: ((id >= 7745190) AND (id <= 7746189))
	              ->  Bitmap Index Scan on sbtest1_pkey  (cost=0.00..29.86 rows=942 width=0)
	                    Index Cond: ((id >= 7745190) AND (id <= 7746189))

table 2 : explain SELECT DISTINCT c FROM sbtest2 WHERE id BETWEEN 1707957 AND 1708956 ORDER BY c
	Unique  (cost=3871.07..3876.00 rows=986 width=121)
	  ->  Sort  (cost=3871.07..3873.54 rows=986 width=121)
	        Sort Key: c
	        ->  Bitmap Heap Scan on sbtest2  (cost=30.54..3822.04 rows=986 width=121)
	              Recheck Cond: ((id >= 1707957) AND (id <= 1708956))
	              ->  Bitmap Index Scan on sbtest2_pkey  (cost=0.00..30.29 rows=986 width=0)
	                    Index Cond: ((id >= 1707957) AND (id <= 1708956))

table 3 : explain SELECT DISTINCT c FROM sbtest3 WHERE id BETWEEN 6785452 AND 6786451 ORDER BY c
	Unique  (cost=4012.57..4017.68 rows=1023 width=121)
	  ->  Sort  (cost=4012.57..4015.12 rows=1023 width=121)
	        Sort Key: c
	        ->  Bitmap Heap Scan on sbtest3  (cost=30.92..3961.42 rows=1023 width=121)
	              Recheck Cond: ((id >= 6785452) AND (id <= 6786451))
	              ->  Bitmap Index Scan on sbtest3_pkey  (cost=0.00..30.66 rows=1023 width=0)
	                    Index Cond: ((id >= 6785452) AND (id <= 6786451))

table 4 : explain SELECT DISTINCT c FROM sbtest4 WHERE id BETWEEN 2011592 AND 2012591 ORDER BY c
	Unique  (cost=3629.57..3634.18 rows=923 width=121)
	  ->  Sort  (cost=3629.57..3631.88 rows=923 width=121)
	        Sort Key: c
	        ->  Bitmap Heap Scan on sbtest4  (cost=29.90..3584.11 rows=923 width=121)
	              Recheck Cond: ((id >= 2011592) AND (id <= 2012591))
	              ->  Bitmap Index Scan on sbtest4_pkey  (cost=0.00..29.66 rows=923 width=0)
	                    Index Cond: ((id >= 2011592) AND (id <= 2012591))

table 5 : explain SELECT DISTINCT c FROM sbtest5 WHERE id BETWEEN 6865006 AND 6866005 ORDER BY c
	Unique  (cost=3686.94..3691.63 rows=938 width=121)
	  ->  Sort  (cost=3686.94..3689.29 rows=938 width=121)
	        Sort Key: c
	        ->  Bitmap Heap Scan on sbtest5  (cost=30.05..3640.63 rows=938 width=121)
	              Recheck Cond: ((id >= 6865006) AND (id <= 6866005))
	              ->  Bitmap Index Scan on sbtest5_pkey  (cost=0.00..29.82 rows=938 width=0)
	                    Index Cond: ((id >= 6865006) AND (id <= 6866005))

table 6 : explain SELECT DISTINCT c FROM sbtest6 WHERE id BETWEEN 7363704 AND 7364703 ORDER BY c
	Unique  (cost=3851.59..3856.49 rows=981 width=121)
	  ->  Sort  (cost=3851.59..3854.04 rows=981 width=121)
	        Sort Key: c
	        ->  Bitmap Heap Scan on sbtest6  (cost=30.49..3802.84 rows=981 width=121)
	              Recheck Cond: ((id >= 7363704) AND (id <= 7364703))
	              ->  Bitmap Index Scan on sbtest6_pkey  (cost=0.00..30.25 rows=981 width=0)
	                    Index Cond: ((id >= 7363704) AND (id <= 7364703))

table 7 : explain SELECT DISTINCT c FROM sbtest7 WHERE id BETWEEN 2829986 AND 2830985 ORDER BY c
	Unique  (cost=3625.52..3630.13 rows=922 width=121)
	  ->  Sort  (cost=3625.52..3627.83 rows=922 width=121)
	        Sort Key: c
	        ->  Bitmap Heap Scan on sbtest7  (cost=29.89..3580.12 rows=922 width=121)
	              Recheck Cond: ((id >= 2829986) AND (id <= 2830985))
	              ->  Bitmap Index Scan on sbtest7_pkey  (cost=0.00..29.65 rows=922 width=0)
	                    Index Cond: ((id >= 2829986) AND (id <= 2830985))

table 8 : explain SELECT DISTINCT c FROM sbtest8 WHERE id BETWEEN 1132874 AND 1133873 ORDER BY c
	Unique  (cost=3721.50..3726.23 rows=947 width=121)
	  ->  Sort  (cost=3721.50..3723.87 rows=947 width=121)
	        Sort Key: c
	        ->  Bitmap Heap Scan on sbtest8  (cost=30.14..3674.68 rows=947 width=121)
	              Recheck Cond: ((id >= 1132874) AND (id <= 1133873))
	              ->  Bitmap Index Scan on sbtest8_pkey  (cost=0.00..29.90 rows=947 width=0)
	                    Index Cond: ((id >= 1132874) AND (id <= 1133873))

explain: for point_selects :: explain SELECT c FROM sbtest%u WHERE id=%u
for: order_ranges
table 1 : explain SELECT c FROM sbtest1 WHERE id BETWEEN 2899478 AND 2900477 ORDER BY c
	Sort  (cost=3947.65..3950.16 rows=1006 width=121)
	  Sort Key: c
	  ->  Bitmap Heap Scan on sbtest1  (cost=30.75..3897.48 rows=1006 width=121)
	        Recheck Cond: ((id >= 2899478) AND (id <= 2900477))
	        ->  Bitmap Index Scan on sbtest1_pkey  (cost=0.00..30.50 rows=1006 width=0)
	              Index Cond: ((id >= 2899478) AND (id <= 2900477))

table 2 : explain SELECT c FROM sbtest2 WHERE id BETWEEN 154601 AND 155600 ORDER BY c
	Sort  (cost=3940.06..3942.57 rows=1004 width=121)
	  Sort Key: c
	  ->  Bitmap Heap Scan on sbtest2  (cost=30.73..3890.00 rows=1004 width=121)
	        Recheck Cond: ((id >= 154601) AND (id <= 155600))
	        ->  Bitmap Index Scan on sbtest2_pkey  (cost=0.00..30.47 rows=1004 width=0)
	              Index Cond: ((id >= 154601) AND (id <= 155600))

table 3 : explain SELECT c FROM sbtest3 WHERE id BETWEEN 3829955 AND 3830954 ORDER BY c
	Sort  (cost=4058.50..4061.09 rows=1035 width=121)
	  Sort Key: c
	  ->  Bitmap Heap Scan on sbtest3  (cost=31.04..4006.67 rows=1035 width=121)
	        Recheck Cond: ((id >= 3829955) AND (id <= 3830954))
	        ->  Bitmap Index Scan on sbtest3_pkey  (cost=0.00..30.79 rows=1035 width=0)
	              Index Cond: ((id >= 3829955) AND (id <= 3830954))

table 4 : explain SELECT c FROM sbtest4 WHERE id BETWEEN 4785793 AND 4786792 ORDER BY c
	Sort  (cost=3740.92..3743.30 rows=952 width=121)
	  Sort Key: c
	  ->  Bitmap Heap Scan on sbtest4  (cost=30.19..3693.82 rows=952 width=121)
	        Recheck Cond: ((id >= 4785793) AND (id <= 4786792))
	        ->  Bitmap Index Scan on sbtest4_pkey  (cost=0.00..29.95 rows=952 width=0)
	              Index Cond: ((id >= 4785793) AND (id <= 4786792))

table 5 : explain SELECT c FROM sbtest5 WHERE id BETWEEN 1292301 AND 1293300 ORDER BY c
	Sort  (cost=4016.68..4019.24 rows=1024 width=121)
	  Sort Key: c
	  ->  Bitmap Heap Scan on sbtest5  (cost=30.93..3965.48 rows=1024 width=121)
	        Recheck Cond: ((id >= 1292301) AND (id <= 1293300))
	        ->  Bitmap Index Scan on sbtest5_pkey  (cost=0.00..30.68 rows=1024 width=0)
	              Index Cond: ((id >= 1292301) AND (id <= 1293300))

table 6 : explain SELECT c FROM sbtest6 WHERE id BETWEEN 1195470 AND 1196469 ORDER BY c
	Sort  (cost=3978.20..3980.74 rows=1013 width=121)
	  Sort Key: c
	  ->  Bitmap Heap Scan on sbtest6  (cost=34.82..3927.63 rows=1013 width=121)
	        Recheck Cond: ((id >= 1195470) AND (id <= 1196469))
	        ->  Bitmap Index Scan on sbtest6_pkey  (cost=0.00..34.57 rows=1013 width=0)
	              Index Cond: ((id >= 1195470) AND (id <= 1196469))

table 7 : explain SELECT c FROM sbtest7 WHERE id BETWEEN 8639980 AND 8640979 ORDER BY c
	Sort  (cost=3686.97..3689.31 rows=938 width=121)
	  Sort Key: c
	  ->  Bitmap Heap Scan on sbtest7  (cost=30.05..3640.66 rows=938 width=121)
	        Recheck Cond: ((id >= 8639980) AND (id <= 8640979))
	        ->  Bitmap Index Scan on sbtest7_pkey  (cost=0.00..29.82 rows=938 width=0)
	              Index Cond: ((id >= 8639980) AND (id <= 8640979))

table 8 : explain SELECT c FROM sbtest8 WHERE id BETWEEN 5890242 AND 5891241 ORDER BY c
	Sort  (cost=3993.71..3996.26 rows=1018 width=121)
	  Sort Key: c
	  ->  Bitmap Heap Scan on sbtest8  (cost=30.87..3942.86 rows=1018 width=121)
	        Recheck Cond: ((id >= 5890242) AND (id <= 5891241))
	        ->  Bitmap Index Scan on sbtest8_pkey  (cost=0.00..30.61 rows=1018 width=0)
	              Index Cond: ((id >= 5890242) AND (id <= 5891241))

for: sum_ranges
table 1 : explain SELECT SUM(k) FROM sbtest1 WHERE id BETWEEN 7261236 AND 7262235
	Aggregate  (cost=3986.82..3986.83 rows=1 width=8)
	  ->  Bitmap Heap Scan on sbtest1  (cost=30.98..3984.25 rows=1029 width=4)
	        Recheck Cond: ((id >= 7261236) AND (id <= 7262235))
	        ->  Bitmap Index Scan on sbtest1_pkey  (cost=0.00..30.72 rows=1029 width=0)
	              Index Cond: ((id >= 7261236) AND (id <= 7262235))

table 2 : explain SELECT SUM(k) FROM sbtest2 WHERE id BETWEEN 821682 AND 822681
	Aggregate  (cost=3937.82..3937.83 rows=1 width=8)
	  ->  Bitmap Heap Scan on sbtest2  (cost=30.85..3935.28 rows=1016 width=4)
	        Recheck Cond: ((id >= 821682) AND (id <= 822681))
	        ->  Bitmap Index Scan on sbtest2_pkey  (cost=0.00..30.59 rows=1016 width=0)
	              Index Cond: ((id >= 821682) AND (id <= 822681))

table 3 : explain SELECT SUM(k) FROM sbtest3 WHERE id BETWEEN 5701579 AND 5702578
	Aggregate  (cost=3937.56..3937.57 rows=1 width=8)
	  ->  Bitmap Heap Scan on sbtest3  (cost=30.85..3935.02 rows=1016 width=4)
	        Recheck Cond: ((id >= 5701579) AND (id <= 5702578))
	        ->  Bitmap Index Scan on sbtest3_pkey  (cost=0.00..30.59 rows=1016 width=0)
	              Index Cond: ((id >= 5701579) AND (id <= 5702578))

table 4 : explain SELECT SUM(k) FROM sbtest4 WHERE id BETWEEN 6924589 AND 6925588
	Aggregate  (cost=3972.08..3972.09 rows=1 width=8)
	  ->  Bitmap Heap Scan on sbtest4  (cost=30.94..3969.52 rows=1025 width=4)
	        Recheck Cond: ((id >= 6924589) AND (id <= 6925588))
	        ->  Bitmap Index Scan on sbtest4_pkey  (cost=0.00..30.68 rows=1025 width=0)
	              Index Cond: ((id >= 6924589) AND (id <= 6925588))

table 5 : explain SELECT SUM(k) FROM sbtest5 WHERE id BETWEEN 3386572 AND 3387571
	Aggregate  (cost=3533.15..3533.16 rows=1 width=8)
	  ->  Bitmap Heap Scan on sbtest5  (cost=29.75..3530.88 rows=909 width=4)
	        Recheck Cond: ((id >= 3386572) AND (id <= 3387571))
	        ->  Bitmap Index Scan on sbtest5_pkey  (cost=0.00..29.52 rows=909 width=0)
	              Index Cond: ((id >= 3386572) AND (id <= 3387571))

table 6 : explain SELECT SUM(k) FROM sbtest6 WHERE id BETWEEN 5915425 AND 5916424
	Aggregate  (cost=3460.85..3460.86 rows=1 width=8)
	  ->  Bitmap Heap Scan on sbtest6  (cost=29.56..3458.62 rows=890 width=4)
	        Recheck Cond: ((id >= 5915425) AND (id <= 5916424))
	        ->  Bitmap Index Scan on sbtest6_pkey  (cost=0.00..29.33 rows=890 width=0)
	              Index Cond: ((id >= 5915425) AND (id <= 5916424))

table 7 : explain SELECT SUM(k) FROM sbtest7 WHERE id BETWEEN 4468107 AND 4469106
	Aggregate  (cost=4073.93..4073.94 rows=1 width=8)
	  ->  Bitmap Heap Scan on sbtest7  (cost=35.21..4071.31 rows=1051 width=4)
	        Recheck Cond: ((id >= 4468107) AND (id <= 4469106))
	        ->  Bitmap Index Scan on sbtest7_pkey  (cost=0.00..34.95 rows=1051 width=0)
	              Index Cond: ((id >= 4468107) AND (id <= 4469106))

table 8 : explain SELECT SUM(k) FROM sbtest8 WHERE id BETWEEN 6547570 AND 6548569
	Aggregate  (cost=3888.76..3888.77 rows=1 width=8)
	  ->  Bitmap Heap Scan on sbtest8  (cost=30.72..3886.25 rows=1003 width=4)
	        Recheck Cond: ((id >= 6547570) AND (id <= 6548569))
	        ->  Bitmap Index Scan on sbtest8_pkey  (cost=0.00..30.46 rows=1003 width=0)
	              Index Cond: ((id >= 6547570) AND (id <= 6548569))

for: distinct_ranges
table 1 : explain SELECT DISTINCT c FROM sbtest1 WHERE id BETWEEN 9366917 AND 9367916 ORDER BY c
	Unique  (cost=4131.40..4136.67 rows=1054 width=121)
	  ->  Sort  (cost=4131.40..4134.04 rows=1054 width=121)
	        Sort Key: c
	        ->  Bitmap Heap Scan on sbtest1  (cost=31.24..4078.49 rows=1054 width=121)
	              Recheck Cond: ((id >= 9366917) AND (id <= 9367916))
	              ->  Bitmap Index Scan on sbtest1_pkey  (cost=0.00..30.97 rows=1054 width=0)
	                    Index Cond: ((id >= 9366917) AND (id <= 9367916))

table 2 : explain SELECT DISTINCT c FROM sbtest2 WHERE id BETWEEN 7819886 AND 7820885 ORDER BY c
	Unique  (cost=3863.41..3868.33 rows=984 width=121)
	  ->  Sort  (cost=3863.41..3865.87 rows=984 width=121)
	        Sort Key: c
	        ->  Bitmap Heap Scan on sbtest2  (cost=30.52..3814.49 rows=984 width=121)
	              Recheck Cond: ((id >= 7819886) AND (id <= 7820885))
	              ->  Bitmap Index Scan on sbtest2_pkey  (cost=0.00..30.27 rows=984 width=0)
	                    Index Cond: ((id >= 7819886) AND (id <= 7820885))

table 3 : explain SELECT DISTINCT c FROM sbtest3 WHERE id BETWEEN 2124231 AND 2125230 ORDER BY c
	Unique  (cost=3966.61..3971.67 rows=1011 width=121)
	  ->  Sort  (cost=3966.61..3969.14 rows=1011 width=121)
	        Sort Key: c
	        ->  Bitmap Heap Scan on sbtest3  (cost=30.80..3916.16 rows=1011 width=121)
	              Recheck Cond: ((id >= 2124231) AND (id <= 2125230))
	              ->  Bitmap Index Scan on sbtest3_pkey  (cost=0.00..30.54 rows=1011 width=0)
	                    Index Cond: ((id >= 2124231) AND (id <= 2125230))

table 4 : explain SELECT DISTINCT c FROM sbtest4 WHERE id BETWEEN 920310 AND 921309 ORDER BY c
	Unique  (cost=3802.31..3807.15 rows=968 width=121)
	  ->  Sort  (cost=3802.31..3804.73 rows=968 width=121)
	        Sort Key: c
	        ->  Bitmap Heap Scan on sbtest4  (cost=30.36..3754.31 rows=968 width=121)
	              Recheck Cond: ((id >= 920310) AND (id <= 921309))
	              ->  Bitmap Index Scan on sbtest4_pkey  (cost=0.00..30.11 rows=968 width=0)
	                    Index Cond: ((id >= 920310) AND (id <= 921309))

table 5 : explain SELECT DISTINCT c FROM sbtest5 WHERE id BETWEEN 4742519 AND 4743518 ORDER BY c
	Unique  (cost=3709.97..3714.69 rows=944 width=121)
	  ->  Sort  (cost=3709.97..3712.33 rows=944 width=121)
	        Sort Key: c
	        ->  Bitmap Heap Scan on sbtest5  (cost=30.11..3663.33 rows=944 width=121)
	              Recheck Cond: ((id >= 4742519) AND (id <= 4743518))
	              ->  Bitmap Index Scan on sbtest5_pkey  (cost=0.00..29.87 rows=944 width=0)
	                    Index Cond: ((id >= 4742519) AND (id <= 4743518))

table 6 : explain SELECT DISTINCT c FROM sbtest6 WHERE id BETWEEN 5253362 AND 5254361 ORDER BY c
	Unique  (cost=4077.74..4082.93 rows=1039 width=121)
	  ->  Sort  (cost=4077.74..4080.34 rows=1039 width=121)
	        Sort Key: c
	        ->  Bitmap Heap Scan on sbtest6  (cost=35.08..4025.68 rows=1039 width=121)
	              Recheck Cond: ((id >= 5253362) AND (id <= 5254361))
	              ->  Bitmap Index Scan on sbtest6_pkey  (cost=0.00..34.83 rows=1039 width=0)
	                    Index Cond: ((id >= 5253362) AND (id <= 5254361))

table 7 : explain SELECT DISTINCT c FROM sbtest7 WHERE id BETWEEN 6881267 AND 6882266 ORDER BY c
	Unique  (cost=4051.34..4056.50 rows=1032 width=121)
	  ->  Sort  (cost=4051.34..4053.92 rows=1032 width=121)
	        Sort Key: c
	        ->  Bitmap Heap Scan on sbtest7  (cost=35.01..3999.68 rows=1032 width=121)
	              Recheck Cond: ((id >= 6881267) AND (id <= 6882266))
	              ->  Bitmap Index Scan on sbtest7_pkey  (cost=0.00..34.76 rows=1032 width=0)
	                    Index Cond: ((id >= 6881267) AND (id <= 6882266))

table 8 : explain SELECT DISTINCT c FROM sbtest8 WHERE id BETWEEN 1014169 AND 1015168 ORDER BY c
	Unique  (cost=3986.05..3991.13 rows=1016 width=121)
	  ->  Sort  (cost=3986.05..3988.59 rows=1016 width=121)
	        Sort Key: c
	        ->  Bitmap Heap Scan on sbtest8  (cost=30.85..3935.31 rows=1016 width=121)
	              Recheck Cond: ((id >= 1014169) AND (id <= 1015168))
	              ->  Bitmap Index Scan on sbtest8_pkey  (cost=0.00..30.59 rows=1016 width=0)
	                    Index Cond: ((id >= 1014169) AND (id <= 1015168))

for: order_ranges
table 1 : explain SELECT c FROM sbtest1 WHERE id BETWEEN 1741877 AND 1742876 ORDER BY c
	Sort  (cost=3909.33..3911.82 rows=996 width=121)
	  Sort Key: c
	  ->  Bitmap Heap Scan on sbtest1  (cost=30.64..3859.73 rows=996 width=121)
	        Recheck Cond: ((id >= 1741877) AND (id <= 1742876))
	        ->  Bitmap Index Scan on sbtest1_pkey  (cost=0.00..30.39 rows=996 width=0)
	              Index Cond: ((id >= 1741877) AND (id <= 1742876))

table 2 : explain SELECT c FROM sbtest2 WHERE id BETWEEN 3594660 AND 3595659 ORDER BY c
	Sort  (cost=4215.79..4218.48 rows=1075 width=121)
	  Sort Key: c
	  ->  Bitmap Heap Scan on sbtest2  (cost=35.45..4161.67 rows=1075 width=121)
	        Recheck Cond: ((id >= 3594660) AND (id <= 3595659))
	        ->  Bitmap Index Scan on sbtest2_pkey  (cost=0.00..35.19 rows=1075 width=0)
	              Index Cond: ((id >= 3594660) AND (id <= 3595659))

table 3 : explain SELECT c FROM sbtest3 WHERE id BETWEEN 4246981 AND 4247980 ORDER BY c
	Sort  (cost=3759.61..3762.00 rows=957 width=121)
	  Sort Key: c
	  ->  Bitmap Heap Scan on sbtest3  (cost=30.24..3712.23 rows=957 width=121)
	        Recheck Cond: ((id >= 4246981) AND (id <= 4247980))
	        ->  Bitmap Index Scan on sbtest3_pkey  (cost=0.00..30.00 rows=957 width=0)
	              Index Cond: ((id >= 4246981) AND (id <= 4247980))

table 4 : explain SELECT c FROM sbtest4 WHERE id BETWEEN 4593836 AND 4594835 ORDER BY c
	Sort  (cost=3667.98..3670.31 rows=933 width=121)
	  Sort Key: c
	  ->  Bitmap Heap Scan on sbtest4  (cost=30.00..3621.95 rows=933 width=121)
	        Recheck Cond: ((id >= 4593836) AND (id <= 4594835))
	        ->  Bitmap Index Scan on sbtest4_pkey  (cost=0.00..29.76 rows=933 width=0)
	              Index Cond: ((id >= 4593836) AND (id <= 4594835))

table 5 : explain SELECT c FROM sbtest5 WHERE id BETWEEN 1169253 AND 1170252 ORDER BY c
	Sort  (cost=4031.99..4034.56 rows=1028 width=121)
	  Sort Key: c
	  ->  Bitmap Heap Scan on sbtest5  (cost=30.97..3980.56 rows=1028 width=121)
	        Recheck Cond: ((id >= 1169253) AND (id <= 1170252))
	        ->  Bitmap Index Scan on sbtest5_pkey  (cost=0.00..30.71 rows=1028 width=0)
	              Index Cond: ((id >= 1169253) AND (id <= 1170252))

table 6 : explain SELECT c FROM sbtest6 WHERE id BETWEEN 3799157 AND 3800156 ORDER BY c
	Sort  (cost=3997.35..3999.90 rows=1018 width=121)
	  Sort Key: c
	  ->  Bitmap Heap Scan on sbtest6  (cost=34.87..3946.49 rows=1018 width=121)
	        Recheck Cond: ((id >= 3799157) AND (id <= 3800156))
	        ->  Bitmap Index Scan on sbtest6_pkey  (cost=0.00..34.62 rows=1018 width=0)
	              Index Cond: ((id >= 3799157) AND (id <= 3800156))

table 7 : explain SELECT c FROM sbtest7 WHERE id BETWEEN 6591188 AND 6592187 ORDER BY c
	Sort  (cost=4265.54..4268.26 rows=1088 width=121)
	  Sort Key: c
	  ->  Bitmap Heap Scan on sbtest7  (cost=35.59..4210.66 rows=1088 width=121)
	        Recheck Cond: ((id >= 6591188) AND (id <= 6592187))
	        ->  Bitmap Index Scan on sbtest7_pkey  (cost=0.00..35.32 rows=1088 width=0)
	              Index Cond: ((id >= 6591188) AND (id <= 6592187))

table 8 : explain SELECT c FROM sbtest8 WHERE id BETWEEN 7039368 AND 7040367 ORDER BY c
	Sort  (cost=4047.49..4050.07 rows=1031 width=121)
	  Sort Key: c
	  ->  Bitmap Heap Scan on sbtest8  (cost=35.00..3995.89 rows=1031 width=121)
	        Recheck Cond: ((id >= 7039368) AND (id <= 7040367))
	        ->  Bitmap Index Scan on sbtest8_pkey  (cost=0.00..34.75 rows=1031 width=0)
	              Index Cond: ((id >= 7039368) AND (id <= 7040367))

for: simple_ranges
table 1 : explain SELECT c FROM sbtest1 WHERE id BETWEEN 1315114 AND 1316113
	Bitmap Heap Scan on sbtest1  (cost=30.39..3765.31 rows=971 width=121)
	  Recheck Cond: ((id >= 1315114) AND (id <= 1316113))
	  ->  Bitmap Index Scan on sbtest1_pkey  (cost=0.00..30.14 rows=971 width=0)
	        Index Cond: ((id >= 1315114) AND (id <= 1316113))

table 2 : explain SELECT c FROM sbtest2 WHERE id BETWEEN 4445962 AND 4446961
	Bitmap Heap Scan on sbtest2  (cost=30.78..3908.87 rows=1009 width=121)
	  Recheck Cond: ((id >= 4445962) AND (id <= 4446961))
	  ->  Bitmap Index Scan on sbtest2_pkey  (cost=0.00..30.52 rows=1009 width=0)
	        Index Cond: ((id >= 4445962) AND (id <= 4446961))

table 3 : explain SELECT c FROM sbtest3 WHERE id BETWEEN 6808631 AND 6809630
	Bitmap Heap Scan on sbtest3  (cost=30.92..3961.42 rows=1023 width=121)
	  Recheck Cond: ((id >= 6808631) AND (id <= 6809630))
	  ->  Bitmap Index Scan on sbtest3_pkey  (cost=0.00..30.66 rows=1023 width=0)
	        Index Cond: ((id >= 6808631) AND (id <= 6809630))

table 4 : explain SELECT c FROM sbtest4 WHERE id BETWEEN 3890922 AND 3891921
	Bitmap Heap Scan on sbtest4  (cost=30.66..3867.63 rows=998 width=121)
	  Recheck Cond: ((id >= 3890922) AND (id <= 3891921))
	  ->  Bitmap Index Scan on sbtest4_pkey  (cost=0.00..30.41 rows=998 width=0)
	        Index Cond: ((id >= 3890922) AND (id <= 3891921))

table 5 : explain SELECT c FROM sbtest5 WHERE id BETWEEN 8050855 AND 8051854
	Bitmap Heap Scan on sbtest5  (cost=30.94..3969.25 rows=1025 width=121)
	  Recheck Cond: ((id >= 8050855) AND (id <= 8051854))
	  ->  Bitmap Index Scan on sbtest5_pkey  (cost=0.00..30.68 rows=1025 width=0)
	        Index Cond: ((id >= 8050855) AND (id <= 8051854))

table 6 : explain SELECT c FROM sbtest6 WHERE id BETWEEN 9384603 AND 9385602
	Bitmap Heap Scan on sbtest6  (cost=29.82..3557.08 rows=916 width=121)
	  Recheck Cond: ((id >= 9384603) AND (id <= 9385602))
	  ->  Bitmap Index Scan on sbtest6_pkey  (cost=0.00..29.59 rows=916 width=0)
	        Index Cond: ((id >= 9384603) AND (id <= 9385602))

table 7 : explain SELECT c FROM sbtest7 WHERE id BETWEEN 6492015 AND 6493014
	Bitmap Heap Scan on sbtest7  (cost=30.19..3693.61 rows=952 width=121)
	  Recheck Cond: ((id >= 6492015) AND (id <= 6493014))
	  ->  Bitmap Index Scan on sbtest7_pkey  (cost=0.00..29.95 rows=952 width=0)
	        Index Cond: ((id >= 6492015) AND (id <= 6493014))

table 8 : explain SELECT c FROM sbtest8 WHERE id BETWEEN 147229 AND 148228
	Bitmap Heap Scan on sbtest8  (cost=35.60..4214.40 rows=1089 width=121)
	  Recheck Cond: ((id >= 147229) AND (id <= 148228))
	  ->  Bitmap Index Scan on sbtest8_pkey  (cost=0.00..35.33 rows=1089 width=0)
	        Index Cond: ((id >= 147229) AND (id <= 148228))

for: order_ranges
table 1 : explain SELECT c FROM sbtest1 WHERE id BETWEEN 5924171 AND 5925170 ORDER BY c
	Sort  (cost=4028.08..4030.64 rows=1027 width=121)
	  Sort Key: c
	  ->  Bitmap Heap Scan on sbtest1  (cost=30.96..3976.70 rows=1027 width=121)
	        Recheck Cond: ((id >= 5924171) AND (id <= 5925170))
	        ->  Bitmap Index Scan on sbtest1_pkey  (cost=0.00..30.70 rows=1027 width=0)
	              Index Cond: ((id >= 5924171) AND (id <= 5925170))

table 2 : explain SELECT c FROM sbtest2 WHERE id BETWEEN 2035923 AND 2036922 ORDER BY c
	Sort  (cost=3652.37..3654.69 rows=929 width=121)
	  Sort Key: c
	  ->  Bitmap Heap Scan on sbtest2  (cost=29.96..3606.57 rows=929 width=121)
	        Recheck Cond: ((id >= 2035923) AND (id <= 2036922))
	        ->  Bitmap Index Scan on sbtest2_pkey  (cost=0.00..29.72 rows=929 width=0)
	              Index Cond: ((id >= 2035923) AND (id <= 2036922))

table 3 : explain SELECT c FROM sbtest3 WHERE id BETWEEN 8201203 AND 8202202 ORDER BY c
	Sort  (cost=3525.35..3527.59 rows=896 width=121)
	  Sort Key: c
	  ->  Bitmap Heap Scan on sbtest3  (cost=29.62..3481.41 rows=896 width=121)
	        Recheck Cond: ((id >= 8201203) AND (id <= 8202202))
	        ->  Bitmap Index Scan on sbtest3_pkey  (cost=0.00..29.39 rows=896 width=0)
	              Index Cond: ((id >= 8201203) AND (id <= 8202202))

table 4 : explain SELECT c FROM sbtest4 WHERE id BETWEEN 5011060 AND 5012059 ORDER BY c
	Sort  (cost=3813.82..3816.25 rows=971 width=121)
	  Sort Key: c
	  ->  Bitmap Heap Scan on sbtest4  (cost=30.39..3765.64 rows=971 width=121)
	        Recheck Cond: ((id >= 5011060) AND (id <= 5012059))
	        ->  Bitmap Index Scan on sbtest4_pkey  (cost=0.00..30.14 rows=971 width=0)
	              Index Cond: ((id >= 5011060) AND (id <= 5012059))

table 5 : explain SELECT c FROM sbtest5 WHERE id BETWEEN 8369890 AND 8370889 ORDER BY c
	Sort  (cost=4162.27..4164.93 rows=1061 width=121)
	  Sort Key: c
	  ->  Bitmap Heap Scan on sbtest5  (cost=35.31..4108.95 rows=1061 width=121)
	        Recheck Cond: ((id >= 8369890) AND (id <= 8370889))
	        ->  Bitmap Index Scan on sbtest5_pkey  (cost=0.00..35.05 rows=1061 width=0)
	              Index Cond: ((id >= 8369890) AND (id <= 8370889))

table 6 : explain SELECT c FROM sbtest6 WHERE id BETWEEN 2241660 AND 2242659 ORDER BY c
	Sort  (cost=4096.87..4099.48 rows=1044 width=121)
	  Sort Key: c
	  ->  Bitmap Heap Scan on sbtest6  (cost=35.14..4044.53 rows=1044 width=121)
	        Recheck Cond: ((id >= 2241660) AND (id <= 2242659))
	        ->  Bitmap Index Scan on sbtest6_pkey  (cost=0.00..34.88 rows=1044 width=0)
	              Index Cond: ((id >= 2241660) AND (id <= 2242659))

table 7 : explain SELECT c FROM sbtest7 WHERE id BETWEEN 5642061 AND 5643060 ORDER BY c
	Sort  (cost=3901.78..3904.27 rows=994 width=121)
	  Sort Key: c
	  ->  Bitmap Heap Scan on sbtest7  (cost=30.62..3852.30 rows=994 width=121)
	        Recheck Cond: ((id >= 5642061) AND (id <= 5643060))
	        ->  Bitmap Index Scan on sbtest7_pkey  (cost=0.00..30.37 rows=994 width=0)
	              Index Cond: ((id >= 5642061) AND (id <= 5643060))

table 8 : explain SELECT c FROM sbtest8 WHERE id BETWEEN 903750 AND 904749 ORDER BY c
	Sort  (cost=3997.54..4000.09 rows=1019 width=121)
	  Sort Key: c
	  ->  Bitmap Heap Scan on sbtest8  (cost=30.88..3946.63 rows=1019 width=121)
	        Recheck Cond: ((id >= 903750) AND (id <= 904749))
	        ->  Bitmap Index Scan on sbtest8_pkey  (cost=0.00..30.62 rows=1019 width=0)
	              Index Cond: ((id >= 903750) AND (id <= 904749))

for: sum_ranges
table 1 : explain SELECT SUM(k) FROM sbtest1 WHERE id BETWEEN 7226525 AND 7227524
	Aggregate  (cost=3986.82..3986.83 rows=1 width=8)
	  ->  Bitmap Heap Scan on sbtest1  (cost=30.98..3984.25 rows=1029 width=4)
	        Recheck Cond: ((id >= 7226525) AND (id <= 7227524))
	        ->  Bitmap Index Scan on sbtest1_pkey  (cost=0.00..30.72 rows=1029 width=0)
	              Index Cond: ((id >= 7226525) AND (id <= 7227524))

table 2 : explain SELECT SUM(k) FROM sbtest2 WHERE id BETWEEN 9246069 AND 9247068
	Aggregate  (cost=4160.59..4160.60 rows=1 width=8)
	  ->  Bitmap Heap Scan on sbtest2  (cost=35.44..4157.90 rows=1074 width=4)
	        Recheck Cond: ((id >= 9246069) AND (id <= 9247068))
	        ->  Bitmap Index Scan on sbtest2_pkey  (cost=0.00..35.18 rows=1074 width=0)
	              Index Cond: ((id >= 9246069) AND (id <= 9247068))

table 3 : explain SELECT SUM(k) FROM sbtest3 WHERE id BETWEEN 2170514 AND 2171513
	Aggregate  (cost=3797.80..3797.81 rows=1 width=8)
	  ->  Bitmap Heap Scan on sbtest3  (cost=30.47..3795.35 rows=979 width=4)
	        Recheck Cond: ((id >= 2170514) AND (id <= 2171513))
	        ->  Bitmap Index Scan on sbtest3_pkey  (cost=0.00..30.22 rows=979 width=0)
	              Index Cond: ((id >= 2170514) AND (id <= 2171513))

table 4 : explain SELECT SUM(k) FROM sbtest4 WHERE id BETWEEN 4211677 AND 4212676
	Aggregate  (cost=4209.88..4209.89 rows=1 width=8)
	  ->  Bitmap Heap Scan on sbtest4  (cost=35.58..4207.16 rows=1087 width=4)
	        Recheck Cond: ((id >= 4211677) AND (id <= 4212676))
	        ->  Bitmap Index Scan on sbtest4_pkey  (cost=0.00..35.31 rows=1087 width=0)
	              Index Cond: ((id >= 4211677) AND (id <= 4212676))

table 5 : explain SELECT SUM(k) FROM sbtest5 WHERE id BETWEEN 9321485 AND 9322484
	Aggregate  (cost=3911.41..3911.42 rows=1 width=8)
	  ->  Bitmap Heap Scan on sbtest5  (cost=30.78..3908.89 rows=1009 width=4)
	        Recheck Cond: ((id >= 9321485) AND (id <= 9322484))
	        ->  Bitmap Index Scan on sbtest5_pkey  (cost=0.00..30.52 rows=1009 width=0)
	              Index Cond: ((id >= 9321485) AND (id <= 9322484))

table 6 : explain SELECT SUM(k) FROM sbtest6 WHERE id BETWEEN 2582347 AND 2583346
	Aggregate  (cost=3601.03..3601.04 rows=1 width=8)
	  ->  Bitmap Heap Scan on sbtest6  (cost=29.94..3598.71 rows=927 width=4)
	        Recheck Cond: ((id >= 2582347) AND (id <= 2583346))
	        ->  Bitmap Index Scan on sbtest6_pkey  (cost=0.00..29.70 rows=927 width=0)
	              Index Cond: ((id >= 2582347) AND (id <= 2583346))

table 7 : explain SELECT SUM(k) FROM sbtest7 WHERE id BETWEEN 5194710 AND 5195709
	Aggregate  (cost=4232.21..4232.22 rows=1 width=8)
	  ->  Bitmap Heap Scan on sbtest7  (cost=35.64..4229.48 rows=1093 width=4)
	        Recheck Cond: ((id >= 5194710) AND (id <= 5195709))
	        ->  Bitmap Index Scan on sbtest7_pkey  (cost=0.00..35.37 rows=1093 width=0)
	              Index Cond: ((id >= 5194710) AND (id <= 5195709))

table 8 : explain SELECT SUM(k) FROM sbtest8 WHERE id BETWEEN 6255718 AND 6256717
	Aggregate  (cost=3764.05..3764.06 rows=1 width=8)
	  ->  Bitmap Heap Scan on sbtest8  (cost=30.38..3761.63 rows=970 width=4)
	        Recheck Cond: ((id >= 6255718) AND (id <= 6256717))
	        ->  Bitmap Index Scan on sbtest8_pkey  (cost=0.00..30.14 rows=970 width=0)
	              Index Cond: ((id >= 6255718) AND (id <= 6256717))

explain: for point_selects :: explain SELECT c FROM sbtest%u WHERE id=%u
for: distinct_ranges
table 1 : explain SELECT DISTINCT c FROM sbtest1 WHERE id BETWEEN 5293020 AND 5294019 ORDER BY c
	Unique  (cost=3801.98..3806.82 rows=968 width=121)
	  ->  Sort  (cost=3801.98..3804.40 rows=968 width=121)
	        Sort Key: c
	        ->  Bitmap Heap Scan on sbtest1  (cost=30.36..3753.98 rows=968 width=121)
	              Recheck Cond: ((id >= 5293020) AND (id <= 5294019))
	              ->  Bitmap Index Scan on sbtest1_pkey  (cost=0.00..30.11 rows=968 width=0)
	                    Index Cond: ((id >= 5293020) AND (id <= 5294019))

table 2 : explain SELECT DISTINCT c FROM sbtest2 WHERE id BETWEEN 1350351 AND 1351350 ORDER BY c
	Unique  (cost=4066.60..4071.78 rows=1036 width=121)
	  ->  Sort  (cost=4066.60..4069.19 rows=1036 width=121)
	        Sort Key: c
	        ->  Bitmap Heap Scan on sbtest2  (cost=35.05..4014.72 rows=1036 width=121)
	              Recheck Cond: ((id >= 1350351) AND (id <= 1351350))
	              ->  Bitmap Index Scan on sbtest2_pkey  (cost=0.00..34.80 rows=1036 width=0)
	                    Index Cond: ((id >= 1350351) AND (id <= 1351350))

table 3 : explain SELECT DISTINCT c FROM sbtest3 WHERE id BETWEEN 5497505 AND 5498504 ORDER BY c
	Unique  (cost=4353.05..4358.61 rows=1111 width=121)
	  ->  Sort  (cost=4353.05..4355.83 rows=1111 width=121)
	        Sort Key: c
	        ->  Bitmap Heap Scan on sbtest3  (cost=35.82..4296.85 rows=1111 width=121)
	              Recheck Cond: ((id >= 5497505) AND (id <= 5498504))
	              ->  Bitmap Index Scan on sbtest3_pkey  (cost=0.00..35.55 rows=1111 width=0)
	                    Index Cond: ((id >= 5497505) AND (id <= 5498504))

table 4 : explain SELECT DISTINCT c FROM sbtest4 WHERE id BETWEEN 1144001 AND 1145000 ORDER BY c
	Unique  (cost=4288.73..4294.20 rows=1094 width=121)
	  ->  Sort  (cost=4288.73..4291.46 rows=1094 width=121)
	        Sort Key: c
	        ->  Bitmap Heap Scan on sbtest4  (cost=35.65..4233.51 rows=1094 width=121)
	              Recheck Cond: ((id >= 1144001) AND (id <= 1145000))
	              ->  Bitmap Index Scan on sbtest4_pkey  (cost=0.00..35.38 rows=1094 width=0)
	                    Index Cond: ((id >= 1144001) AND (id <= 1145000))

table 5 : explain SELECT DISTINCT c FROM sbtest5 WHERE id BETWEEN 6303852 AND 6304851 ORDER BY c
	Unique  (cost=3966.89..3971.95 rows=1011 width=121)
	  ->  Sort  (cost=3966.89..3969.42 rows=1011 width=121)
	        Sort Key: c
	        ->  Bitmap Heap Scan on sbtest5  (cost=30.80..3916.43 rows=1011 width=121)
	              Recheck Cond: ((id >= 6303852) AND (id <= 6304851))
	              ->  Bitmap Index Scan on sbtest5_pkey  (cost=0.00..30.54 rows=1011 width=0)
	                    Index Cond: ((id >= 6303852) AND (id <= 6304851))

table 6 : explain SELECT DISTINCT c FROM sbtest6 WHERE id BETWEEN 4357263 AND 4358262 ORDER BY c
	Unique  (cost=3982.03..3987.10 rows=1014 width=121)
	  ->  Sort  (cost=3982.03..3984.57 rows=1014 width=121)
	        Sort Key: c
	        ->  Bitmap Heap Scan on sbtest6  (cost=34.83..3931.40 rows=1014 width=121)
	              Recheck Cond: ((id >= 4357263) AND (id <= 4358262))
	              ->  Bitmap Index Scan on sbtest6_pkey  (cost=0.00..34.58 rows=1014 width=0)
	                    Index Cond: ((id >= 4357263) AND (id <= 4358262))

table 7 : explain SELECT DISTINCT c FROM sbtest7 WHERE id BETWEEN 1974102 AND 1975101 ORDER BY c
	Unique  (cost=4246.43..4251.84 rows=1083 width=121)
	  ->  Sort  (cost=4246.43..4249.13 rows=1083 width=121)
	        Sort Key: c
	        ->  Bitmap Heap Scan on sbtest7  (cost=35.54..4191.84 rows=1083 width=121)
	              Recheck Cond: ((id >= 1974102) AND (id <= 1975101))
	              ->  Bitmap Index Scan on sbtest7_pkey  (cost=0.00..35.27 rows=1083 width=0)
	                    Index Cond: ((id >= 1974102) AND (id <= 1975101))

table 8 : explain SELECT DISTINCT c FROM sbtest8 WHERE id BETWEEN 4963297 AND 4964296 ORDER BY c
	Unique  (cost=4081.94..4087.14 rows=1040 width=121)
	  ->  Sort  (cost=4081.94..4084.54 rows=1040 width=121)
	        Sort Key: c
	        ->  Bitmap Heap Scan on sbtest8  (cost=35.09..4029.82 rows=1040 width=121)
	              Recheck Cond: ((id >= 4963297) AND (id <= 4964296))
	              ->  Bitmap Index Scan on sbtest8_pkey  (cost=0.00..34.84 rows=1040 width=0)
	                    Index Cond: ((id >= 4963297) AND (id <= 4964296))

for: sum_ranges
table 1 : explain SELECT SUM(k) FROM sbtest1 WHERE id BETWEEN 5645335 AND 5646334
	Aggregate  (cost=4281.02..4281.03 rows=1 width=8)
	  ->  Bitmap Heap Scan on sbtest1  (cost=35.77..4278.26 rows=1106 width=4)
	        Recheck Cond: ((id >= 5645335) AND (id <= 5646334))
	        ->  Bitmap Index Scan on sbtest1_pkey  (cost=0.00..35.50 rows=1106 width=0)
	              Index Cond: ((id >= 5645335) AND (id <= 5646334))

table 2 : explain SELECT SUM(k) FROM sbtest2 WHERE id BETWEEN 6350155 AND 6351154
	Aggregate  (cost=4126.67..4126.68 rows=1 width=8)
	  ->  Bitmap Heap Scan on sbtest2  (cost=35.35..4124.00 rows=1065 width=4)
	        Recheck Cond: ((id >= 6350155) AND (id <= 6351154))
	        ->  Bitmap Index Scan on sbtest2_pkey  (cost=0.00..35.09 rows=1065 width=0)
	              Index Cond: ((id >= 6350155) AND (id <= 6351154))

table 3 : explain SELECT SUM(k) FROM sbtest3 WHERE id BETWEEN 9988599 AND 9989598
	Aggregate  (cost=4182.90..4182.91 rows=1 width=8)
	  ->  Bitmap Heap Scan on sbtest3  (cost=35.51..4180.20 rows=1080 width=4)
	        Recheck Cond: ((id >= 9988599) AND (id <= 9989598))
	        ->  Bitmap Index Scan on sbtest3_pkey  (cost=0.00..35.23 rows=1080 width=0)
	              Index Cond: ((id >= 9988599) AND (id <= 9989598))

table 4 : explain SELECT SUM(k) FROM sbtest4 WHERE id BETWEEN 2678690 AND 2679689
	Aggregate  (cost=3715.12..3715.13 rows=1 width=8)
	  ->  Bitmap Heap Scan on sbtest4  (cost=30.24..3712.73 rows=957 width=4)
	        Recheck Cond: ((id >= 2678690) AND (id <= 2679689))
	        ->  Bitmap Index Scan on sbtest4_pkey  (cost=0.00..30.00 rows=957 width=0)
	              Index Cond: ((id >= 2678690) AND (id <= 2679689))

table 5 : explain SELECT SUM(k) FROM sbtest5 WHERE id BETWEEN 1172865 AND 1173864
	Aggregate  (cost=3983.13..3983.14 rows=1 width=8)
	  ->  Bitmap Heap Scan on sbtest5  (cost=30.97..3980.56 rows=1028 width=4)
	        Recheck Cond: ((id >= 1172865) AND (id <= 1173864))
	        ->  Bitmap Index Scan on sbtest5_pkey  (cost=0.00..30.71 rows=1028 width=0)
	              Index Cond: ((id >= 1172865) AND (id <= 1173864))

table 6 : explain SELECT SUM(k) FROM sbtest6 WHERE id BETWEEN 2026617 AND 2027616
	Aggregate  (cost=3941.49..3941.50 rows=1 width=8)
	  ->  Bitmap Heap Scan on sbtest6  (cost=34.85..3938.95 rows=1016 width=4)
	        Recheck Cond: ((id >= 2026617) AND (id <= 2027616))
	        ->  Bitmap Index Scan on sbtest6_pkey  (cost=0.00..34.59 rows=1016 width=0)
	              Index Cond: ((id >= 2026617) AND (id <= 2027616))

table 7 : explain SELECT SUM(k) FROM sbtest7 WHERE id BETWEEN 179669 AND 180668
	Aggregate  (cost=3975.62..3975.63 rows=1 width=8)
	  ->  Bitmap Heap Scan on sbtest7  (cost=30.95..3973.05 rows=1026 width=4)
	        Recheck Cond: ((id >= 179669) AND (id <= 180668))
	        ->  Bitmap Index Scan on sbtest7_pkey  (cost=0.00..30.69 rows=1026 width=0)
	              Index Cond: ((id >= 179669) AND (id <= 180668))

table 8 : explain SELECT SUM(k) FROM sbtest8 WHERE id BETWEEN 471988 AND 472987
	Aggregate  (cost=3949.18..3949.19 rows=1 width=8)
	  ->  Bitmap Heap Scan on sbtest8  (cost=30.88..3946.63 rows=1019 width=4)
	        Recheck Cond: ((id >= 471988) AND (id <= 472987))
	        ->  Bitmap Index Scan on sbtest8_pkey  (cost=0.00..30.62 rows=1019 width=0)
	              Index Cond: ((id >= 471988) AND (id <= 472987))

for: distinct_ranges
table 1 : explain SELECT DISTINCT c FROM sbtest1 WHERE id BETWEEN 2429147 AND 2430146 ORDER BY c
	Unique  (cost=4326.53..4332.05 rows=1104 width=121)
	  ->  Sort  (cost=4326.53..4329.29 rows=1104 width=121)
	        Sort Key: c
	        ->  Bitmap Heap Scan on sbtest1  (cost=35.75..4270.74 rows=1104 width=121)
	              Recheck Cond: ((id >= 2429147) AND (id <= 2430146))
	              ->  Bitmap Index Scan on sbtest1_pkey  (cost=0.00..35.48 rows=1104 width=0)
	                    Index Cond: ((id >= 2429147) AND (id <= 2430146))

table 2 : explain SELECT DISTINCT c FROM sbtest2 WHERE id BETWEEN 5325499 AND 5326498 ORDER BY c
	Unique  (cost=3817.39..3822.25 rows=972 width=121)
	  ->  Sort  (cost=3817.39..3819.82 rows=972 width=121)
	        Sort Key: c
	        ->  Bitmap Heap Scan on sbtest2  (cost=30.40..3769.16 rows=972 width=121)
	              Recheck Cond: ((id >= 5325499) AND (id <= 5326498))
	              ->  Bitmap Index Scan on sbtest2_pkey  (cost=0.00..30.15 rows=972 width=0)
	                    Index Cond: ((id >= 5325499) AND (id <= 5326498))

table 3 : explain SELECT DISTINCT c FROM sbtest3 WHERE id BETWEEN 4545919 AND 4546918 ORDER BY c
	Unique  (cost=3817.14..3822.00 rows=972 width=121)
	  ->  Sort  (cost=3817.14..3819.57 rows=972 width=121)
	        Sort Key: c
	        ->  Bitmap Heap Scan on sbtest3  (cost=30.40..3768.91 rows=972 width=121)
	              Recheck Cond: ((id >= 4545919) AND (id <= 4546918))
	              ->  Bitmap Index Scan on sbtest3_pkey  (cost=0.00..30.15 rows=972 width=0)
	                    Index Cond: ((id >= 4545919) AND (id <= 4546918))

table 4 : explain SELECT DISTINCT c FROM sbtest4 WHERE id BETWEEN 2636403 AND 2637402 ORDER BY c
	Unique  (cost=3760.11..3764.90 rows=957 width=121)
	  ->  Sort  (cost=3760.11..3762.50 rows=957 width=121)
	        Sort Key: c
	        ->  Bitmap Heap Scan on sbtest4  (cost=30.24..3712.73 rows=957 width=121)
	              Recheck Cond: ((id >= 2636403) AND (id <= 2637402))
	              ->  Bitmap Index Scan on sbtest4_pkey  (cost=0.00..30.00 rows=957 width=0)
	                    Index Cond: ((id >= 2636403) AND (id <= 2637402))

table 5 : explain SELECT DISTINCT c FROM sbtest5 WHERE id BETWEEN 7925981 AND 7926980 ORDER BY c
	Unique  (cost=3986.04..3991.12 rows=1016 width=121)
	  ->  Sort  (cost=3986.04..3988.58 rows=1016 width=121)
	        Sort Key: c
	        ->  Bitmap Heap Scan on sbtest5  (cost=30.85..3935.30 rows=1016 width=121)
	              Recheck Cond: ((id >= 7925981) AND (id <= 7926980))
	              ->  Bitmap Index Scan on sbtest5_pkey  (cost=0.00..30.59 rows=1016 width=0)
	                    Index Cond: ((id >= 7925981) AND (id <= 7926980))

table 6 : explain SELECT DISTINCT c FROM sbtest6 WHERE id BETWEEN 6864788 AND 6865787 ORDER BY c
	Unique  (cost=3947.39..3952.42 rows=1006 width=121)
	  ->  Sort  (cost=3947.39..3949.91 rows=1006 width=121)
	        Sort Key: c
	        ->  Bitmap Heap Scan on sbtest6  (cost=30.75..3897.22 rows=1006 width=121)
	              Recheck Cond: ((id >= 6864788) AND (id <= 6865787))
	              ->  Bitmap Index Scan on sbtest6_pkey  (cost=0.00..30.50 rows=1006 width=0)
	                    Index Cond: ((id >= 6864788) AND (id <= 6865787))

table 7 : explain SELECT DISTINCT c FROM sbtest7 WHERE id BETWEEN 4280021 AND 4281020 ORDER BY c
	Unique  (cost=3805.93..3810.78 rows=969 width=121)
	  ->  Sort  (cost=3805.93..3808.35 rows=969 width=121)
	        Sort Key: c
	        ->  Bitmap Heap Scan on sbtest7  (cost=30.37..3757.87 rows=969 width=121)
	              Recheck Cond: ((id >= 4280021) AND (id <= 4281020))
	              ->  Bitmap Index Scan on sbtest7_pkey  (cost=0.00..30.12 rows=969 width=0)
	                    Index Cond: ((id >= 4280021) AND (id <= 4281020))

table 8 : explain SELECT DISTINCT c FROM sbtest8 WHERE id BETWEEN 8782993 AND 8783992 ORDER BY c
	Unique  (cost=4070.46..4075.64 rows=1037 width=121)
	  ->  Sort  (cost=4070.46..4073.05 rows=1037 width=121)
	        Sort Key: c
	        ->  Bitmap Heap Scan on sbtest8  (cost=35.06..4018.51 rows=1037 width=121)
	              Recheck Cond: ((id >= 8782993) AND (id <= 8783992))
	              ->  Bitmap Index Scan on sbtest8_pkey  (cost=0.00..34.81 rows=1037 width=0)
	                    Index Cond: ((id >= 8782993) AND (id <= 8783992))

for: sum_ranges
table 1 : explain SELECT SUM(k) FROM sbtest1 WHERE id BETWEEN 4296363 AND 4297362
	Aggregate  (cost=3888.66..3888.67 rows=1 width=8)
	  ->  Bitmap Heap Scan on sbtest1  (cost=30.72..3886.16 rows=1003 width=4)
	        Recheck Cond: ((id >= 4296363) AND (id <= 4297362))
	        ->  Bitmap Index Scan on sbtest1_pkey  (cost=0.00..30.46 rows=1003 width=0)
	              Index Cond: ((id >= 4296363) AND (id <= 4297362))

table 2 : explain SELECT SUM(k) FROM sbtest2 WHERE id BETWEEN 6065444 AND 6066443
	Aggregate  (cost=3839.62..3839.63 rows=1 width=8)
	  ->  Bitmap Heap Scan on sbtest2  (cost=30.58..3837.15 rows=990 width=4)
	        Recheck Cond: ((id >= 6065444) AND (id <= 6066443))
	        ->  Bitmap Index Scan on sbtest2_pkey  (cost=0.00..30.33 rows=990 width=0)
	              Index Cond: ((id >= 6065444) AND (id <= 6066443))

table 3 : explain SELECT SUM(k) FROM sbtest3 WHERE id BETWEEN 6685936 AND 6686935
	Aggregate  (cost=4016.81..4016.82 rows=1 width=8)
	  ->  Bitmap Heap Scan on sbtest3  (cost=31.06..4014.21 rows=1037 width=4)
	        Recheck Cond: ((id >= 6685936) AND (id <= 6686935))
	        ->  Bitmap Index Scan on sbtest3_pkey  (cost=0.00..30.80 rows=1037 width=0)
	              Index Cond: ((id >= 6685936) AND (id <= 6686935))

table 4 : explain SELECT SUM(k) FROM sbtest4 WHERE id BETWEEN 6023060 AND 6024059
	Aggregate  (cost=3923.00..3923.01 rows=1 width=8)
	  ->  Bitmap Heap Scan on sbtest4  (cost=30.81..3920.47 rows=1012 width=4)
	        Recheck Cond: ((id >= 6023060) AND (id <= 6024059))
	        ->  Bitmap Index Scan on sbtest4_pkey  (cost=0.00..30.55 rows=1012 width=0)
	              Index Cond: ((id >= 6023060) AND (id <= 6024059))

table 5 : explain SELECT SUM(k) FROM sbtest5 WHERE id BETWEEN 9273544 AND 9274543
	Aggregate  (cost=4024.64..4024.65 rows=1 width=8)
	  ->  Bitmap Heap Scan on sbtest5  (cost=31.08..4022.04 rows=1039 width=4)
	        Recheck Cond: ((id >= 9273544) AND (id <= 9274543))
	        ->  Bitmap Index Scan on sbtest5_pkey  (cost=0.00..30.82 rows=1039 width=0)
	              Index Cond: ((id >= 9273544) AND (id <= 9274543))

table 6 : explain SELECT SUM(k) FROM sbtest6 WHERE id BETWEEN 7154063 AND 7155062
	Aggregate  (cost=4254.38..4254.39 rows=1 width=8)
	  ->  Bitmap Heap Scan on sbtest6  (cost=35.70..4251.63 rows=1099 width=4)
	        Recheck Cond: ((id >= 7154063) AND (id <= 7155062))
	        ->  Bitmap Index Scan on sbtest6_pkey  (cost=0.00..35.43 rows=1099 width=0)
	              Index Cond: ((id >= 7154063) AND (id <= 7155062))

table 7 : explain SELECT SUM(k) FROM sbtest7 WHERE id BETWEEN 5796458 AND 5797457
	Aggregate  (cost=4281.16..4281.17 rows=1 width=8)
	  ->  Bitmap Heap Scan on sbtest7  (cost=35.77..4278.40 rows=1106 width=4)
	        Recheck Cond: ((id >= 5796458) AND (id <= 5797457))
	        ->  Bitmap Index Scan on sbtest7_pkey  (cost=0.00..35.50 rows=1106 width=0)
	              Index Cond: ((id >= 5796458) AND (id <= 5797457))

table 8 : explain SELECT SUM(k) FROM sbtest8 WHERE id BETWEEN 3559832 AND 3560831
	Aggregate  (cost=3627.85..3627.86 rows=1 width=8)
	  ->  Bitmap Heap Scan on sbtest8  (cost=30.01..3625.51 rows=934 width=4)
	        Recheck Cond: ((id >= 3559832) AND (id <= 3560831))
	        ->  Bitmap Index Scan on sbtest8_pkey  (cost=0.00..29.77 rows=934 width=0)
	              Index Cond: ((id >= 3559832) AND (id <= 3560831))

for: order_ranges
table 1 : explain SELECT c FROM sbtest1 WHERE id BETWEEN 4476726 AND 4477725 ORDER BY c
	Sort  (cost=3790.48..3792.89 rows=965 width=121)
	  Sort Key: c
	  ->  Bitmap Heap Scan on sbtest1  (cost=30.33..3742.64 rows=965 width=121)
	        Recheck Cond: ((id >= 4476726) AND (id <= 4477725))
	        ->  Bitmap Index Scan on sbtest1_pkey  (cost=0.00..30.08 rows=965 width=0)
	              Index Cond: ((id >= 4476726) AND (id <= 4477725))

table 2 : explain SELECT c FROM sbtest2 WHERE id BETWEEN 4197426 AND 4198425 ORDER BY c
	Sort  (cost=3878.74..3881.21 rows=988 width=121)
	  Sort Key: c
	  ->  Bitmap Heap Scan on sbtest2  (cost=30.56..3829.60 rows=988 width=121)
	        Recheck Cond: ((id >= 4197426) AND (id <= 4198425))
	        ->  Bitmap Index Scan on sbtest2_pkey  (cost=0.00..30.32 rows=988 width=0)
	              Index Cond: ((id >= 4197426) AND (id <= 4198425))

table 3 : explain SELECT c FROM sbtest3 WHERE id BETWEEN 1500035 AND 1501034 ORDER BY c
	Sort  (cost=4119.90..4122.53 rows=1050 width=121)
	  Sort Key: c
	  ->  Bitmap Heap Scan on sbtest3  (cost=35.20..4067.21 rows=1050 width=121)
	        Recheck Cond: ((id >= 1500035) AND (id <= 1501034))
	        ->  Bitmap Index Scan on sbtest3_pkey  (cost=0.00..34.94 rows=1050 width=0)
	              Index Cond: ((id >= 1500035) AND (id <= 1501034))

table 4 : explain SELECT c FROM sbtest4 WHERE id BETWEEN 7642800 AND 7643799 ORDER BY c
	Sort  (cost=4039.92..4042.50 rows=1030 width=121)
	  Sort Key: c
	  ->  Bitmap Heap Scan on sbtest4  (cost=30.99..3988.38 rows=1030 width=121)
	        Recheck Cond: ((id >= 7642800) AND (id <= 7643799))
	        ->  Bitmap Index Scan on sbtest4_pkey  (cost=0.00..30.73 rows=1030 width=0)
	              Index Cond: ((id >= 7642800) AND (id <= 7643799))

table 5 : explain SELECT c FROM sbtest5 WHERE id BETWEEN 9368492 AND 9369491 ORDER BY c
	Sort  (cost=3959.23..3961.75 rows=1009 width=121)
	  Sort Key: c
	  ->  Bitmap Heap Scan on sbtest5  (cost=30.78..3908.89 rows=1009 width=121)
	        Recheck Cond: ((id >= 9368492) AND (id <= 9369491))
	        ->  Bitmap Index Scan on sbtest5_pkey  (cost=0.00..30.52 rows=1009 width=0)
	              Index Cond: ((id >= 9368492) AND (id <= 9369491))

table 6 : explain SELECT c FROM sbtest6 WHERE id BETWEEN 5762951 AND 5763950 ORDER BY c
	Sort  (cost=3797.90..3800.32 rows=967 width=121)
	  Sort Key: c
	  ->  Bitmap Heap Scan on sbtest6  (cost=30.35..3749.95 rows=967 width=121)
	        Recheck Cond: ((id >= 5762951) AND (id <= 5763950))
	        ->  Bitmap Index Scan on sbtest6_pkey  (cost=0.00..30.11 rows=967 width=0)
	              Index Cond: ((id >= 5762951) AND (id <= 5763950))

table 7 : explain SELECT c FROM sbtest7 WHERE id BETWEEN 1144182 AND 1145181 ORDER BY c
	Sort  (cost=3805.93..3808.35 rows=969 width=121)
	  Sort Key: c
	  ->  Bitmap Heap Scan on sbtest7  (cost=30.37..3757.87 rows=969 width=121)
	        Recheck Cond: ((id >= 1144182) AND (id <= 1145181))
	        ->  Bitmap Index Scan on sbtest7_pkey  (cost=0.00..30.12 rows=969 width=0)
	              Index Cond: ((id >= 1144182) AND (id <= 1145181))

table 8 : explain SELECT c FROM sbtest8 WHERE id BETWEEN 336293 AND 337292 ORDER BY c
	Sort  (cost=3771.39..3773.79 rows=960 width=121)
	  Sort Key: c
	  ->  Bitmap Heap Scan on sbtest8  (cost=30.27..3723.83 rows=960 width=121)
	        Recheck Cond: ((id >= 336293) AND (id <= 337292))
	        ->  Bitmap Index Scan on sbtest8_pkey  (cost=0.00..30.04 rows=960 width=0)
	              Index Cond: ((id >= 336293) AND (id <= 337292))

for point_selects
table 1 : explain SELECT c FROM sbtest1 WHERE id=5628591
	Index Scan using sbtest1_pkey on sbtest1  (cost=0.43..8.45 rows=1 width=121)
	  Index Cond: (id = 5628591)

table 2 : explain SELECT c FROM sbtest2 WHERE id=9194837
	Index Scan using sbtest2_pkey on sbtest2  (cost=0.43..8.45 rows=1 width=121)
	  Index Cond: (id = 9194837)

table 3 : explain SELECT c FROM sbtest3 WHERE id=6151263
	Index Scan using sbtest3_pkey on sbtest3  (cost=0.43..8.45 rows=1 width=121)
	  Index Cond: (id = 6151263)

table 4 : explain SELECT c FROM sbtest4 WHERE id=3577016
	Index Scan using sbtest4_pkey on sbtest4  (cost=0.43..8.45 rows=1 width=121)
	  Index Cond: (id = 3577016)

table 5 : explain SELECT c FROM sbtest5 WHERE id=3278234
	Index Scan using sbtest5_pkey on sbtest5  (cost=0.43..8.45 rows=1 width=121)
	  Index Cond: (id = 3278234)

table 6 : explain SELECT c FROM sbtest6 WHERE id=7398360
	Index Scan using sbtest6_pkey on sbtest6  (cost=0.43..8.45 rows=1 width=121)
	  Index Cond: (id = 7398360)

table 7 : explain SELECT c FROM sbtest7 WHERE id=1556870
	Index Scan using sbtest7_pkey on sbtest7  (cost=0.43..8.45 rows=1 width=121)
	  Index Cond: (id = 1556870)

table 8 : explain SELECT c FROM sbtest8 WHERE id=1359036
	Index Scan using sbtest8_pkey on sbtest8  (cost=0.43..8.45 rows=1 width=121)
	  Index Cond: (id = 1359036)

for: sum_ranges
table 1 : explain SELECT SUM(k) FROM sbtest1 WHERE id BETWEEN 2627035 AND 2628034
	Aggregate  (cost=3832.00..3832.01 rows=1 width=8)
	  ->  Bitmap Heap Scan on sbtest1  (cost=30.56..3829.53 rows=988 width=4)
	        Recheck Cond: ((id >= 2627035) AND (id <= 2628034))
	        ->  Bitmap Index Scan on sbtest1_pkey  (cost=0.00..30.32 rows=988 width=0)
	              Index Cond: ((id >= 2627035) AND (id <= 2628034))

table 2 : explain SELECT SUM(k) FROM sbtest2 WHERE id BETWEEN 5593337 AND 5594336
	Aggregate  (cost=3688.38..3688.39 rows=1 width=8)
	  ->  Bitmap Heap Scan on sbtest2  (cost=30.17..3686.00 rows=950 width=4)
	        Recheck Cond: ((id >= 5593337) AND (id <= 5594336))
	        ->  Bitmap Index Scan on sbtest2_pkey  (cost=0.00..29.93 rows=950 width=0)
	              Index Cond: ((id >= 5593337) AND (id <= 5594336))

table 3 : explain SELECT SUM(k) FROM sbtest3 WHERE id BETWEEN 2078101 AND 2079100
	Aggregate  (cost=3918.68..3918.69 rows=1 width=8)
	  ->  Bitmap Heap Scan on sbtest3  (cost=30.80..3916.16 rows=1011 width=4)
	        Recheck Cond: ((id >= 2078101) AND (id <= 2079100))
	        ->  Bitmap Index Scan on sbtest3_pkey  (cost=0.00..30.54 rows=1011 width=0)
	              Index Cond: ((id >= 2078101) AND (id <= 2079100))

table 4 : explain SELECT SUM(k) FROM sbtest4 WHERE id BETWEEN 2562762 AND 2563761
	Aggregate  (cost=3658.36..3658.37 rows=1 width=8)
	  ->  Bitmap Heap Scan on sbtest4  (cost=30.09..3656.00 rows=942 width=4)
	        Recheck Cond: ((id >= 2562762) AND (id <= 2563761))
	        ->  Bitmap Index Scan on sbtest4_pkey  (cost=0.00..29.86 rows=942 width=0)
	              Index Cond: ((id >= 2562762) AND (id <= 2563761))

table 5 : explain SELECT SUM(k) FROM sbtest5 WHERE id BETWEEN 5440353 AND 5441352
	Aggregate  (cost=3760.26..3760.27 rows=1 width=8)
	  ->  Bitmap Heap Scan on sbtest5  (cost=30.37..3757.84 rows=969 width=4)
	        Recheck Cond: ((id >= 5440353) AND (id <= 5441352))
	        ->  Bitmap Index Scan on sbtest5_pkey  (cost=0.00..30.12 rows=969 width=0)
	              Index Cond: ((id >= 5440353) AND (id <= 5441352))

table 6 : explain SELECT SUM(k) FROM sbtest6 WHERE id BETWEEN 3725710 AND 3726709
	Aggregate  (cost=3786.40..3786.41 rows=1 width=8)
	  ->  Bitmap Heap Scan on sbtest6  (cost=30.44..3783.96 rows=976 width=4)
	        Recheck Cond: ((id >= 3725710) AND (id <= 3726709))
	        ->  Bitmap Index Scan on sbtest6_pkey  (cost=0.00..30.19 rows=976 width=0)
	              Index Cond: ((id >= 3725710) AND (id <= 3726709))

table 7 : explain SELECT SUM(k) FROM sbtest7 WHERE id BETWEEN 6115665 AND 6116664
	Aggregate  (cost=3620.29..3620.30 rows=1 width=8)
	  ->  Bitmap Heap Scan on sbtest7  (cost=29.99..3617.96 rows=932 width=4)
	        Recheck Cond: ((id >= 6115665) AND (id <= 6116664))
	        ->  Bitmap Index Scan on sbtest7_pkey  (cost=0.00..29.75 rows=932 width=0)
	              Index Cond: ((id >= 6115665) AND (id <= 6116664))

table 8 : explain SELECT SUM(k) FROM sbtest8 WHERE id BETWEEN 1729794 AND 1730793
	Aggregate  (cost=3801.86..3801.87 rows=1 width=8)
	  ->  Bitmap Heap Scan on sbtest8  (cost=30.48..3799.41 rows=980 width=4)
	        Recheck Cond: ((id >= 1729794) AND (id <= 1730793))
	        ->  Bitmap Index Scan on sbtest8_pkey  (cost=0.00..30.23 rows=980 width=0)
	              Index Cond: ((id >= 1729794) AND (id <= 1730793))

for point_selects
table 1 : explain SELECT c FROM sbtest1 WHERE id=1014527
	Index Scan using sbtest1_pkey on sbtest1  (cost=0.43..8.45 rows=1 width=121)
	  Index Cond: (id = 1014527)

table 2 : explain SELECT c FROM sbtest2 WHERE id=1442751
	Index Scan using sbtest2_pkey on sbtest2  (cost=0.43..8.45 rows=1 width=121)
	  Index Cond: (id = 1442751)

table 3 : explain SELECT c FROM sbtest3 WHERE id=3228093
	Index Scan using sbtest3_pkey on sbtest3  (cost=0.43..8.45 rows=1 width=121)
	  Index Cond: (id = 3228093)

table 4 : explain SELECT c FROM sbtest4 WHERE id=1480498
	Index Scan using sbtest4_pkey on sbtest4  (cost=0.43..8.45 rows=1 width=121)
	  Index Cond: (id = 1480498)

table 5 : explain SELECT c FROM sbtest5 WHERE id=7411059
	Index Scan using sbtest5_pkey on sbtest5  (cost=0.43..8.45 rows=1 width=121)
	  Index Cond: (id = 7411059)

table 6 : explain SELECT c FROM sbtest6 WHERE id=7769990
	Index Scan using sbtest6_pkey on sbtest6  (cost=0.43..8.45 rows=1 width=121)
	  Index Cond: (id = 7769990)

table 7 : explain SELECT c FROM sbtest7 WHERE id=7202517
	Index Scan using sbtest7_pkey on sbtest7  (cost=0.43..8.45 rows=1 width=121)
	  Index Cond: (id = 7202517)

table 8 : explain SELECT c FROM sbtest8 WHERE id=5595357
	Index Scan using sbtest8_pkey on sbtest8  (cost=0.43..8.45 rows=1 width=121)
	  Index Cond: (id = 5595357)

for: distinct_ranges
table 1 : explain SELECT DISTINCT c FROM sbtest1 WHERE id BETWEEN 1440817 AND 1441816 ORDER BY c
	Unique  (cost=3993.61..3998.70 rows=1018 width=121)
	  ->  Sort  (cost=3993.61..3996.16 rows=1018 width=121)
	        Sort Key: c
	        ->  Bitmap Heap Scan on sbtest1  (cost=30.87..3942.76 rows=1018 width=121)
	              Recheck Cond: ((id >= 1440817) AND (id <= 1441816))
	              ->  Bitmap Index Scan on sbtest1_pkey  (cost=0.00..30.61 rows=1018 width=0)
	                    Index Cond: ((id >= 1440817) AND (id <= 1441816))

table 2 : explain SELECT DISTINCT c FROM sbtest2 WHERE id BETWEEN 4475758 AND 4476757 ORDER BY c
	Unique  (cost=4089.57..4094.78 rows=1042 width=121)
	  ->  Sort  (cost=4089.57..4092.17 rows=1042 width=121)
	        Sort Key: c
	        ->  Bitmap Heap Scan on sbtest2  (cost=35.12..4037.34 rows=1042 width=121)
	              Recheck Cond: ((id >= 4475758) AND (id <= 4476757))
	              ->  Bitmap Index Scan on sbtest2_pkey  (cost=0.00..34.86 rows=1042 width=0)
	                    Index Cond: ((id >= 4475758) AND (id <= 4476757))

table 3 : explain SELECT DISTINCT c FROM sbtest3 WHERE id BETWEEN 5537414 AND 5538413 ORDER BY c
	Unique  (cost=3782.63..3787.44 rows=963 width=121)
	  ->  Sort  (cost=3782.63..3785.03 rows=963 width=121)
	        Sort Key: c
	        ->  Bitmap Heap Scan on sbtest3  (cost=30.31..3734.90 rows=963 width=121)
	              Recheck Cond: ((id >= 5537414) AND (id <= 5538413))
	              ->  Bitmap Index Scan on sbtest3_pkey  (cost=0.00..30.07 rows=963 width=0)
	                    Index Cond: ((id >= 5537414) AND (id <= 5538413))

table 4 : explain SELECT DISTINCT c FROM sbtest4 WHERE id BETWEEN 6717867 AND 6718866 ORDER BY c
	Unique  (cost=3767.78..3772.58 rows=959 width=121)
	  ->  Sort  (cost=3767.78..3770.18 rows=959 width=121)
	        Sort Key: c
	        ->  Bitmap Heap Scan on sbtest4  (cost=30.26..3720.29 rows=959 width=121)
	              Recheck Cond: ((id >= 6717867) AND (id <= 6718866))
	              ->  Bitmap Index Scan on sbtest4_pkey  (cost=0.00..30.02 rows=959 width=0)
	                    Index Cond: ((id >= 6717867) AND (id <= 6718866))

table 5 : explain SELECT DISTINCT c FROM sbtest5 WHERE id BETWEEN 1113962 AND 1114961 ORDER BY c
	Unique  (cost=4031.99..4037.13 rows=1028 width=121)
	  ->  Sort  (cost=4031.99..4034.56 rows=1028 width=121)
	        Sort Key: c
	        ->  Bitmap Heap Scan on sbtest5  (cost=30.97..3980.56 rows=1028 width=121)
	              Recheck Cond: ((id >= 1113962) AND (id <= 1114961))
	              ->  Bitmap Index Scan on sbtest5_pkey  (cost=0.00..30.71 rows=1028 width=0)
	                    Index Cond: ((id >= 1113962) AND (id <= 1114961))

table 6 : explain SELECT DISTINCT c FROM sbtest6 WHERE id BETWEEN 9151657 AND 9152656 ORDER BY c
	Unique  (cost=4230.72..4236.11 rows=1079 width=121)
	  ->  Sort  (cost=4230.72..4233.42 rows=1079 width=121)
	        Sort Key: c
	        ->  Bitmap Heap Scan on sbtest6  (cost=35.49..4176.36 rows=1079 width=121)
	              Recheck Cond: ((id >= 9151657) AND (id <= 9152656))
	              ->  Bitmap Index Scan on sbtest6_pkey  (cost=0.00..35.23 rows=1079 width=0)
	                    Index Cond: ((id >= 9151657) AND (id <= 9152656))

table 7 : explain SELECT DISTINCT c FROM sbtest7 WHERE id BETWEEN 8268340 AND 8269339 ORDER BY c
	Unique  (cost=3844.28..3849.18 rows=979 width=121)
	  ->  Sort  (cost=3844.28..3846.73 rows=979 width=121)
	        Sort Key: c
	        ->  Bitmap Heap Scan on sbtest7  (cost=30.47..3795.65 rows=979 width=121)
	              Recheck Cond: ((id >= 8268340) AND (id <= 8269339))
	              ->  Bitmap Index Scan on sbtest7_pkey  (cost=0.00..30.22 rows=979 width=0)
	                    Index Cond: ((id >= 8268340) AND (id <= 8269339))

table 8 : explain SELECT DISTINCT c FROM sbtest8 WHERE id BETWEEN 2611916 AND 2612915 ORDER BY c
	Unique  (cost=3928.59..3933.59 rows=1001 width=121)
	  ->  Sort  (cost=3928.59..3931.09 rows=1001 width=121)
	        Sort Key: c
	        ->  Bitmap Heap Scan on sbtest8  (cost=30.70..3878.70 rows=1001 width=121)
	              Recheck Cond: ((id >= 2611916) AND (id <= 2612915))
	              ->  Bitmap Index Scan on sbtest8_pkey  (cost=0.00..30.44 rows=1001 width=0)
	                    Index Cond: ((id >= 2611916) AND (id <= 2612915))

for: sum_ranges
table 1 : explain SELECT SUM(k) FROM sbtest1 WHERE id BETWEEN 7533771 AND 7534770
	Aggregate  (cost=3979.27..3979.28 rows=1 width=8)
	  ->  Bitmap Heap Scan on sbtest1  (cost=30.96..3976.70 rows=1027 width=4)
	        Recheck Cond: ((id >= 7533771) AND (id <= 7534770))
	        ->  Bitmap Index Scan on sbtest1_pkey  (cost=0.00..30.70 rows=1027 width=0)
	              Index Cond: ((id >= 7533771) AND (id <= 7534770))

table 2 : explain SELECT SUM(k) FROM sbtest2 WHERE id BETWEEN 7027954 AND 7028953
	Aggregate  (cost=4039.94..4039.95 rows=1 width=8)
	  ->  Bitmap Heap Scan on sbtest2  (cost=35.12..4037.34 rows=1042 width=4)
	        Recheck Cond: ((id >= 7027954) AND (id <= 7028953))
	        ->  Bitmap Index Scan on sbtest2_pkey  (cost=0.00..34.86 rows=1042 width=0)
	              Index Cond: ((id >= 7027954) AND (id <= 7028953))

table 3 : explain SELECT SUM(k) FROM sbtest3 WHERE id BETWEEN 2512041 AND 2513040
	Aggregate  (cost=3888.47..3888.48 rows=1 width=8)
	  ->  Bitmap Heap Scan on sbtest3  (cost=30.72..3885.97 rows=1003 width=4)
	        Recheck Cond: ((id >= 2512041) AND (id <= 2513040))
	        ->  Bitmap Index Scan on sbtest3_pkey  (cost=0.00..30.46 rows=1003 width=0)
	              Index Cond: ((id >= 2512041) AND (id <= 2513040))

table 4 : explain SELECT SUM(k) FROM sbtest4 WHERE id BETWEEN 1984186 AND 1985185
	Aggregate  (cost=3764.29..3764.30 rows=1 width=8)
	  ->  Bitmap Heap Scan on sbtest4  (cost=30.38..3761.87 rows=970 width=4)
	        Recheck Cond: ((id >= 1984186) AND (id <= 1985185))
	        ->  Bitmap Index Scan on sbtest4_pkey  (cost=0.00..30.14 rows=970 width=0)
	              Index Cond: ((id >= 1984186) AND (id <= 1985185))

table 5 : explain SELECT SUM(k) FROM sbtest5 WHERE id BETWEEN 5770018 AND 5771017
	Aggregate  (cost=3952.94..3952.95 rows=1 width=8)
	  ->  Bitmap Heap Scan on sbtest5  (cost=30.89..3950.39 rows=1020 width=4)
	        Recheck Cond: ((id >= 5770018) AND (id <= 5771017))
	        ->  Bitmap Index Scan on sbtest5_pkey  (cost=0.00..30.64 rows=1020 width=0)
	              Index Cond: ((id >= 5770018) AND (id <= 5771017))

table 6 : explain SELECT SUM(k) FROM sbtest6 WHERE id BETWEEN 1869286 AND 1870285
	Aggregate  (cost=4062.22..4062.23 rows=1 width=8)
	  ->  Bitmap Heap Scan on sbtest6  (cost=35.18..4059.60 rows=1048 width=4)
	        Recheck Cond: ((id >= 1869286) AND (id <= 1870285))
	        ->  Bitmap Index Scan on sbtest6_pkey  (cost=0.00..34.92 rows=1048 width=0)
	              Index Cond: ((id >= 1869286) AND (id <= 1870285))

table 7 : explain SELECT SUM(k) FROM sbtest7 WHERE id BETWEEN 1989411 AND 1990410
	Aggregate  (cost=4228.45..4228.46 rows=1 width=8)
	  ->  Bitmap Heap Scan on sbtest7  (cost=35.63..4225.72 rows=1092 width=4)
	        Recheck Cond: ((id >= 1989411) AND (id <= 1990410))
	        ->  Bitmap Index Scan on sbtest7_pkey  (cost=0.00..35.36 rows=1092 width=0)
	              Index Cond: ((id >= 1989411) AND (id <= 1990410))

table 8 : explain SELECT SUM(k) FROM sbtest8 WHERE id BETWEEN 7292590 AND 7293589
	Aggregate  (cost=4311.25..4311.26 rows=1 width=8)
	  ->  Bitmap Heap Scan on sbtest8  (cost=35.85..4308.46 rows=1114 width=4)
	        Recheck Cond: ((id >= 7292590) AND (id <= 7293589))
	        ->  Bitmap Index Scan on sbtest8_pkey  (cost=0.00..35.58 rows=1114 width=0)
	              Index Cond: ((id >= 7292590) AND (id <= 7293589))

for: distinct_ranges
table 1 : explain SELECT DISTINCT c FROM sbtest1 WHERE id BETWEEN 8291774 AND 8292773 ORDER BY c
	Unique  (cost=3844.17..3849.06 rows=979 width=121)
	  ->  Sort  (cost=3844.17..3846.62 rows=979 width=121)
	        Sort Key: c
	        ->  Bitmap Heap Scan on sbtest1  (cost=30.47..3795.53 rows=979 width=121)
	              Recheck Cond: ((id >= 8291774) AND (id <= 8292773))
	              ->  Bitmap Index Scan on sbtest1_pkey  (cost=0.00..30.22 rows=979 width=0)
	                    Index Cond: ((id >= 8291774) AND (id <= 8292773))

table 2 : explain SELECT DISTINCT c FROM sbtest2 WHERE id BETWEEN 437483 AND 438482 ORDER BY c
	Unique  (cost=4387.72..4393.32 rows=1120 width=121)
	  ->  Sort  (cost=4387.72..4390.52 rows=1120 width=121)
	        Sort Key: c
	        ->  Bitmap Heap Scan on sbtest2  (cost=35.92..4331.00 rows=1120 width=121)
	              Recheck Cond: ((id >= 437483) AND (id <= 438482))
	              ->  Bitmap Index Scan on sbtest2_pkey  (cost=0.00..35.64 rows=1120 width=0)
	                    Index Cond: ((id >= 437483) AND (id <= 438482))

table 3 : explain SELECT DISTINCT c FROM sbtest3 WHERE id BETWEEN 2567768 AND 2568767 ORDER BY c
	Unique  (cost=4024.05..4029.18 rows=1026 width=121)
	  ->  Sort  (cost=4024.05..4026.62 rows=1026 width=121)
	        Sort Key: c
	        ->  Bitmap Heap Scan on sbtest3  (cost=30.95..3972.74 rows=1026 width=121)
	              Recheck Cond: ((id >= 2567768) AND (id <= 2568767))
	              ->  Bitmap Index Scan on sbtest3_pkey  (cost=0.00..30.69 rows=1026 width=0)
	                    Index Cond: ((id >= 2567768) AND (id <= 2568767))

table 4 : explain SELECT DISTINCT c FROM sbtest4 WHERE id BETWEEN 1497436 AND 1498435 ORDER BY c
	Unique  (cost=4181.68..4187.01 rows=1066 width=121)
	  ->  Sort  (cost=4181.68..4184.35 rows=1066 width=121)
	        Sort Key: c
	        ->  Bitmap Heap Scan on sbtest4  (cost=35.36..4128.08 rows=1066 width=121)
	              Recheck Cond: ((id >= 1497436) AND (id <= 1498435))
	              ->  Bitmap Index Scan on sbtest4_pkey  (cost=0.00..35.09 rows=1066 width=0)
	                    Index Cond: ((id >= 1497436) AND (id <= 1498435))

table 5 : explain SELECT DISTINCT c FROM sbtest5 WHERE id BETWEEN 129813 AND 130812 ORDER BY c
	Unique  (cost=4357.19..4362.75 rows=1112 width=121)
	  ->  Sort  (cost=4357.19..4359.97 rows=1112 width=121)
	        Sort Key: c
	        ->  Bitmap Heap Scan on sbtest5  (cost=35.83..4300.93 rows=1112 width=121)
	              Recheck Cond: ((id >= 129813) AND (id <= 130812))
	              ->  Bitmap Index Scan on sbtest5_pkey  (cost=0.00..35.56 rows=1112 width=0)
	                    Index Cond: ((id >= 129813) AND (id <= 130812))

table 6 : explain SELECT DISTINCT c FROM sbtest6 WHERE id BETWEEN 4953252 AND 4954251 ORDER BY c
	Unique  (cost=3836.25..3841.14 rows=977 width=121)
	  ->  Sort  (cost=3836.25..3838.69 rows=977 width=121)
	        Sort Key: c
	        ->  Bitmap Heap Scan on sbtest6  (cost=30.45..3787.73 rows=977 width=121)
	              Recheck Cond: ((id >= 4953252) AND (id <= 4954251))
	              ->  Bitmap Index Scan on sbtest6_pkey  (cost=0.00..30.20 rows=977 width=0)
	                    Index Cond: ((id >= 4953252) AND (id <= 4954251))

table 7 : explain SELECT DISTINCT c FROM sbtest7 WHERE id BETWEEN 7545695 AND 7546694 ORDER BY c
	Unique  (cost=3913.28..3918.27 rows=997 width=121)
	  ->  Sort  (cost=3913.28..3915.77 rows=997 width=121)
	        Sort Key: c
	        ->  Bitmap Heap Scan on sbtest7  (cost=30.65..3863.62 rows=997 width=121)
	              Recheck Cond: ((id >= 7545695) AND (id <= 7546694))
	              ->  Bitmap Index Scan on sbtest7_pkey  (cost=0.00..30.40 rows=997 width=0)
	                    Index Cond: ((id >= 7545695) AND (id <= 7546694))

table 8 : explain SELECT DISTINCT c FROM sbtest8 WHERE id BETWEEN 1549895 AND 1550894 ORDER BY c
	Unique  (cost=4108.73..4113.96 rows=1047 width=121)
	  ->  Sort  (cost=4108.73..4111.35 rows=1047 width=121)
	        Sort Key: c
	        ->  Bitmap Heap Scan on sbtest8  (cost=35.17..4056.21 rows=1047 width=121)
	              Recheck Cond: ((id >= 1549895) AND (id <= 1550894))
	              ->  Bitmap Index Scan on sbtest8_pkey  (cost=0.00..34.91 rows=1047 width=0)
	                    Index Cond: ((id >= 1549895) AND (id <= 1550894))

explain: for point_selects :: explain SELECT c FROM sbtest%u WHERE id=%u
explain: for point_selects :: explain SELECT c FROM sbtest%u WHERE id=%u
for: order_ranges
table 1 : explain SELECT c FROM sbtest1 WHERE id BETWEEN 280464 AND 281463 ORDER BY c
	Sort  (cost=4364.73..4367.51 rows=1114 width=121)
	  Sort Key: c
	  ->  Bitmap Heap Scan on sbtest1  (cost=35.85..4308.35 rows=1114 width=121)
	        Recheck Cond: ((id >= 280464) AND (id <= 281463))
	        ->  Bitmap Index Scan on sbtest1_pkey  (cost=0.00..35.58 rows=1114 width=0)
	              Index Cond: ((id >= 280464) AND (id <= 281463))

table 2 : explain SELECT c FROM sbtest2 WHERE id BETWEEN 3412656 AND 3413655 ORDER BY c
	Sort  (cost=4005.17..4007.73 rows=1021 width=121)
	  Sort Key: c
	  ->  Bitmap Heap Scan on sbtest2  (cost=30.90..3954.15 rows=1021 width=121)
	        Recheck Cond: ((id >= 3412656) AND (id <= 3413655))
	        ->  Bitmap Index Scan on sbtest2_pkey  (cost=0.00..30.64 rows=1021 width=0)
	              Index Cond: ((id >= 3412656) AND (id <= 3413655))

table 3 : explain SELECT c FROM sbtest3 WHERE id BETWEEN 7614018 AND 7615017 ORDER BY c
	Sort  (cost=4196.39..4199.06 rows=1070 width=121)
	  Sort Key: c
	  ->  Bitmap Heap Scan on sbtest3  (cost=35.40..4142.55 rows=1070 width=121)
	        Recheck Cond: ((id >= 7614018) AND (id <= 7615017))
	        ->  Bitmap Index Scan on sbtest3_pkey  (cost=0.00..35.14 rows=1070 width=0)
	              Index Cond: ((id >= 7614018) AND (id <= 7615017))

table 4 : explain SELECT c FROM sbtest4 WHERE id BETWEEN 9178055 AND 9179054 ORDER BY c
	Sort  (cost=3829.16..3831.60 rows=975 width=121)
	  Sort Key: c
	  ->  Bitmap Heap Scan on sbtest4  (cost=30.43..3780.76 rows=975 width=121)
	        Recheck Cond: ((id >= 9178055) AND (id <= 9179054))
	        ->  Bitmap Index Scan on sbtest4_pkey  (cost=0.00..30.18 rows=975 width=0)
	              Index Cond: ((id >= 9178055) AND (id <= 9179054))

table 5 : explain SELECT c FROM sbtest5 WHERE id BETWEEN 8064741 AND 8065740 ORDER BY c
	Sort  (cost=4020.51..4023.07 rows=1025 width=121)
	  Sort Key: c
	  ->  Bitmap Heap Scan on sbtest5  (cost=30.94..3969.25 rows=1025 width=121)
	        Recheck Cond: ((id >= 8064741) AND (id <= 8065740))
	        ->  Bitmap Index Scan on sbtest5_pkey  (cost=0.00..30.68 rows=1025 width=0)
	              Index Cond: ((id >= 8064741) AND (id <= 8065740))

table 6 : explain SELECT c FROM sbtest6 WHERE id BETWEEN 3137702 AND 3138701 ORDER BY c
	Sort  (cost=4047.12..4049.70 rows=1031 width=121)
	  Sort Key: c
	  ->  Bitmap Heap Scan on sbtest6  (cost=35.00..3995.52 rows=1031 width=121)
	        Recheck Cond: ((id >= 3137702) AND (id <= 3138701))
	        ->  Bitmap Index Scan on sbtest6_pkey  (cost=0.00..34.75 rows=1031 width=0)
	              Index Cond: ((id >= 3137702) AND (id <= 3138701))

table 7 : explain SELECT c FROM sbtest7 WHERE id BETWEEN 6708016 AND 6709015 ORDER BY c
	Sort  (cost=3943.94..3946.45 rows=1005 width=121)
	  Sort Key: c
	  ->  Bitmap Heap Scan on sbtest7  (cost=30.74..3893.82 rows=1005 width=121)
	        Recheck Cond: ((id >= 6708016) AND (id <= 6709015))
	        ->  Bitmap Index Scan on sbtest7_pkey  (cost=0.00..30.48 rows=1005 width=0)
	              Index Cond: ((id >= 6708016) AND (id <= 6709015))

table 8 : explain SELECT c FROM sbtest8 WHERE id BETWEEN 6449260 AND 6450259 ORDER BY c
	Sort  (cost=4066.63..4069.22 rows=1036 width=121)
	  Sort Key: c
	  ->  Bitmap Heap Scan on sbtest8  (cost=35.05..4014.74 rows=1036 width=121)
	        Recheck Cond: ((id >= 6449260) AND (id <= 6450259))
	        ->  Bitmap Index Scan on sbtest8_pkey  (cost=0.00..34.80 rows=1036 width=0)
	              Index Cond: ((id >= 6449260) AND (id <= 6450259))

for: simple_ranges
table 1 : explain SELECT c FROM sbtest1 WHERE id BETWEEN 3953000 AND 3953999
	Bitmap Heap Scan on sbtest1  (cost=30.73..3889.93 rows=1004 width=121)
	  Recheck Cond: ((id >= 3953000) AND (id <= 3953999))
	  ->  Bitmap Index Scan on sbtest1_pkey  (cost=0.00..30.47 rows=1004 width=0)
	        Index Cond: ((id >= 3953000) AND (id <= 3953999))

table 2 : explain SELECT c FROM sbtest2 WHERE id BETWEEN 9212347 AND 9213346
	Bitmap Heap Scan on sbtest2  (cost=35.44..4157.90 rows=1074 width=121)
	  Recheck Cond: ((id >= 9212347) AND (id <= 9213346))
	  ->  Bitmap Index Scan on sbtest2_pkey  (cost=0.00..35.18 rows=1074 width=0)
	        Index Cond: ((id >= 9212347) AND (id <= 9213346))

table 3 : explain SELECT c FROM sbtest3 WHERE id BETWEEN 8444742 AND 8445741
	Bitmap Heap Scan on sbtest3  (cost=31.09..4025.52 rows=1040 width=121)
	  Recheck Cond: ((id >= 8444742) AND (id <= 8445741))
	  ->  Bitmap Index Scan on sbtest3_pkey  (cost=0.00..30.83 rows=1040 width=0)
	        Index Cond: ((id >= 8444742) AND (id <= 8445741))

table 4 : explain SELECT c FROM sbtest4 WHERE id BETWEEN 3358851 AND 3359850
	Bitmap Heap Scan on sbtest4  (cost=29.98..3614.39 rows=931 width=121)
	  Recheck Cond: ((id >= 3358851) AND (id <= 3359850))
	  ->  Bitmap Index Scan on sbtest4_pkey  (cost=0.00..29.75 rows=931 width=0)
	        Index Cond: ((id >= 3358851) AND (id <= 3359850))

table 5 : explain SELECT c FROM sbtest5 WHERE id BETWEEN 6500121 AND 6501120
	Bitmap Heap Scan on sbtest5  (cost=35.51..4180.51 rows=1080 width=121)
	  Recheck Cond: ((id >= 6500121) AND (id <= 6501120))
	  ->  Bitmap Index Scan on sbtest5_pkey  (cost=0.00..35.23 rows=1080 width=0)
	        Index Cond: ((id >= 6500121) AND (id <= 6501120))

table 6 : explain SELECT c FROM sbtest6 WHERE id BETWEEN 4995653 AND 4996652
	Bitmap Heap Scan on sbtest6  (cost=30.20..3697.04 rows=953 width=121)
	  Recheck Cond: ((id >= 4995653) AND (id <= 4996652))
	  ->  Bitmap Index Scan on sbtest6_pkey  (cost=0.00..29.96 rows=953 width=0)
	        Index Cond: ((id >= 4995653) AND (id <= 4996652))

table 7 : explain SELECT c FROM sbtest7 WHERE id BETWEEN 1177590 AND 1178589
	Bitmap Heap Scan on sbtest7  (cost=30.37..3757.87 rows=969 width=121)
	  Recheck Cond: ((id >= 1177590) AND (id <= 1178589))
	  ->  Bitmap Index Scan on sbtest7_pkey  (cost=0.00..30.12 rows=969 width=0)
	        Index Cond: ((id >= 1177590) AND (id <= 1178589))

table 8 : explain SELECT c FROM sbtest8 WHERE id BETWEEN 3432273 AND 3433272
	Bitmap Heap Scan on sbtest8  (cost=30.19..3693.59 rows=952 width=121)
	  Recheck Cond: ((id >= 3432273) AND (id <= 3433272))
	  ->  Bitmap Index Scan on sbtest8_pkey  (cost=0.00..29.95 rows=952 width=0)
	        Index Cond: ((id >= 3432273) AND (id <= 3433272))

explain: for point_selects :: explain SELECT c FROM sbtest%u WHERE id=%u
for: distinct_ranges
table 1 : explain SELECT DISTINCT c FROM sbtest1 WHERE id BETWEEN 7576834 AND 7577833 ORDER BY c
	Unique  (cost=4028.08..4033.21 rows=1027 width=121)
	  ->  Sort  (cost=4028.08..4030.64 rows=1027 width=121)
	        Sort Key: c
	        ->  Bitmap Heap Scan on sbtest1  (cost=30.96..3976.70 rows=1027 width=121)
	              Recheck Cond: ((id >= 7576834) AND (id <= 7577833))
	              ->  Bitmap Index Scan on sbtest1_pkey  (cost=0.00..30.70 rows=1027 width=0)
	                    Index Cond: ((id >= 7576834) AND (id <= 7577833))

table 2 : explain SELECT DISTINCT c FROM sbtest2 WHERE id BETWEEN 4739465 AND 4740464 ORDER BY c
	Unique  (cost=3963.04..3968.09 rows=1010 width=121)
	  ->  Sort  (cost=3963.04..3965.57 rows=1010 width=121)
	        Sort Key: c
	        ->  Bitmap Heap Scan on sbtest2  (cost=30.79..3912.64 rows=1010 width=121)
	              Recheck Cond: ((id >= 4739465) AND (id <= 4740464))
	              ->  Bitmap Index Scan on sbtest2_pkey  (cost=0.00..30.54 rows=1010 width=0)
	                    Index Cond: ((id >= 4739465) AND (id <= 4740464))

table 3 : explain SELECT DISTINCT c FROM sbtest3 WHERE id BETWEEN 6080777 AND 6081776 ORDER BY c
	Unique  (cost=3771.12..3775.92 rows=960 width=121)
	  ->  Sort  (cost=3771.12..3773.52 rows=960 width=121)
	        Sort Key: c
	        ->  Bitmap Heap Scan on sbtest3  (cost=30.27..3723.57 rows=960 width=121)
	              Recheck Cond: ((id >= 6080777) AND (id <= 6081776))
	              ->  Bitmap Index Scan on sbtest3_pkey  (cost=0.00..30.04 rows=960 width=0)
	                    Index Cond: ((id >= 6080777) AND (id <= 6081776))

table 4 : explain SELECT DISTINCT c FROM sbtest4 WHERE id BETWEEN 884239 AND 885238 ORDER BY c
	Unique  (cost=3660.30..3664.95 rows=931 width=121)
	  ->  Sort  (cost=3660.30..3662.62 rows=931 width=121)
	        Sort Key: c
	        ->  Bitmap Heap Scan on sbtest4  (cost=29.98..3614.39 rows=931 width=121)
	              Recheck Cond: ((id >= 884239) AND (id <= 885238))
	              ->  Bitmap Index Scan on sbtest4_pkey  (cost=0.00..29.75 rows=931 width=0)
	                    Index Cond: ((id >= 884239) AND (id <= 885238))

table 5 : explain SELECT DISTINCT c FROM sbtest5 WHERE id BETWEEN 7043019 AND 7044018 ORDER BY c
	Unique  (cost=4104.72..4109.95 rows=1047 width=121)
	  ->  Sort  (cost=4104.72..4107.33 rows=1047 width=121)
	        Sort Key: c
	        ->  Bitmap Heap Scan on sbtest5  (cost=31.17..4052.20 rows=1047 width=121)
	              Recheck Cond: ((id >= 7043019) AND (id <= 7044018))
	              ->  Bitmap Index Scan on sbtest5_pkey  (cost=0.00..30.90 rows=1047 width=0)
	                    Index Cond: ((id >= 7043019) AND (id <= 7044018))

table 6 : explain SELECT DISTINCT c FROM sbtest6 WHERE id BETWEEN 209491 AND 210490 ORDER BY c
	Unique  (cost=4184.84..4190.18 rows=1067 width=121)
	  ->  Sort  (cost=4184.84..4187.51 rows=1067 width=121)
	        Sort Key: c
	        ->  Bitmap Heap Scan on sbtest6  (cost=35.37..4131.18 rows=1067 width=121)
	              Recheck Cond: ((id >= 209491) AND (id <= 210490))
	              ->  Bitmap Index Scan on sbtest6_pkey  (cost=0.00..35.11 rows=1067 width=0)
	                    Index Cond: ((id >= 209491) AND (id <= 210490))

table 7 : explain SELECT DISTINCT c FROM sbtest7 WHERE id BETWEEN 3257025 AND 3258024 ORDER BY c
	Unique  (cost=4452.75..4458.44 rows=1138 width=121)
	  ->  Sort  (cost=4452.75..4455.60 rows=1138 width=121)
	        Sort Key: c
	        ->  Bitmap Heap Scan on sbtest7  (cost=36.10..4394.98 rows=1138 width=121)
	              Recheck Cond: ((id >= 3257025) AND (id <= 3258024))
	              ->  Bitmap Index Scan on sbtest7_pkey  (cost=0.00..35.82 rows=1138 width=0)
	                    Index Cond: ((id >= 3257025) AND (id <= 3258024))

table 8 : explain SELECT DISTINCT c FROM sbtest8 WHERE id BETWEEN 8025774 AND 8026773 ORDER BY c
	Unique  (cost=3790.57..3795.39 rows=965 width=121)
	  ->  Sort  (cost=3790.57..3792.98 rows=965 width=121)
	        Sort Key: c
	        ->  Bitmap Heap Scan on sbtest8  (cost=30.33..3742.73 rows=965 width=121)
	              Recheck Cond: ((id >= 8025774) AND (id <= 8026773))
	              ->  Bitmap Index Scan on sbtest8_pkey  (cost=0.00..30.08 rows=965 width=0)
	                    Index Cond: ((id >= 8025774) AND (id <= 8026773))

for: order_ranges
table 1 : explain SELECT c FROM sbtest1 WHERE id BETWEEN 7278217 AND 7279216 ORDER BY c
	Sort  (cost=4035.73..4038.30 rows=1029 width=121)
	  Sort Key: c
	  ->  Bitmap Heap Scan on sbtest1  (cost=30.98..3984.25 rows=1029 width=121)
	        Recheck Cond: ((id >= 7278217) AND (id <= 7279216))
	        ->  Bitmap Index Scan on sbtest1_pkey  (cost=0.00..30.72 rows=1029 width=0)
	              Index Cond: ((id >= 7278217) AND (id <= 7279216))

table 2 : explain SELECT c FROM sbtest2 WHERE id BETWEEN 7629036 AND 7630035 ORDER BY c
	Sort  (cost=4005.17..4007.73 rows=1021 width=121)
	  Sort Key: c
	  ->  Bitmap Heap Scan on sbtest2  (cost=30.90..3954.15 rows=1021 width=121)
	        Recheck Cond: ((id >= 7629036) AND (id <= 7630035))
	        ->  Bitmap Index Scan on sbtest2_pkey  (cost=0.00..30.64 rows=1021 width=0)
	              Index Cond: ((id >= 7629036) AND (id <= 7630035))

table 3 : explain SELECT c FROM sbtest3 WHERE id BETWEEN 8481123 AND 8482122 ORDER BY c
	Sort  (cost=4077.64..4080.24 rows=1040 width=121)
	  Sort Key: c
	  ->  Bitmap Heap Scan on sbtest3  (cost=31.09..4025.52 rows=1040 width=121)
	        Recheck Cond: ((id >= 8481123) AND (id <= 8482122))
	        ->  Bitmap Index Scan on sbtest3_pkey  (cost=0.00..30.83 rows=1040 width=0)
	              Index Cond: ((id >= 8481123) AND (id <= 8482122))

table 4 : explain SELECT c FROM sbtest4 WHERE id BETWEEN 2690336 AND 2691335 ORDER BY c
	Sort  (cost=3760.11..3762.50 rows=957 width=121)
	  Sort Key: c
	  ->  Bitmap Heap Scan on sbtest4  (cost=30.24..3712.73 rows=957 width=121)
	        Recheck Cond: ((id >= 2690336) AND (id <= 2691335))
	        ->  Bitmap Index Scan on sbtest4_pkey  (cost=0.00..30.00 rows=957 width=0)
	              Index Cond: ((id >= 2690336) AND (id <= 2691335))

table 5 : explain SELECT c FROM sbtest5 WHERE id BETWEEN 6474291 AND 6475290 ORDER BY c
	Sort  (cost=4234.92..4237.62 rows=1080 width=121)
	  Sort Key: c
	  ->  Bitmap Heap Scan on sbtest5  (cost=35.51..4180.51 rows=1080 width=121)
	        Recheck Cond: ((id >= 6474291) AND (id <= 6475290))
	        ->  Bitmap Index Scan on sbtest5_pkey  (cost=0.00..35.23 rows=1080 width=0)
	              Index Cond: ((id >= 6474291) AND (id <= 6475290))

table 6 : explain SELECT c FROM sbtest6 WHERE id BETWEEN 7857009 AND 7858008 ORDER BY c
	Sort  (cost=3605.99..3608.28 rows=917 width=121)
	  Sort Key: c
	  ->  Bitmap Heap Scan on sbtest6  (cost=29.83..3560.87 rows=917 width=121)
	        Recheck Cond: ((id >= 7857009) AND (id <= 7858008))
	        ->  Bitmap Index Scan on sbtest6_pkey  (cost=0.00..29.61 rows=917 width=0)
	              Index Cond: ((id >= 7857009) AND (id <= 7858008))

table 7 : explain SELECT c FROM sbtest7 WHERE id BETWEEN 8854041 AND 8855040 ORDER BY c
	Sort  (cost=3809.77..3812.19 rows=970 width=121)
	  Sort Key: c
	  ->  Bitmap Heap Scan on sbtest7  (cost=30.38..3761.65 rows=970 width=121)
	        Recheck Cond: ((id >= 8854041) AND (id <= 8855040))
	        ->  Bitmap Index Scan on sbtest7_pkey  (cost=0.00..30.14 rows=970 width=0)
	              Index Cond: ((id >= 8854041) AND (id <= 8855040))

table 8 : explain SELECT c FROM sbtest8 WHERE id BETWEEN 8644343 AND 8645342 ORDER BY c
	Sort  (cost=3936.25..3938.76 rows=1003 width=121)
	  Sort Key: c
	  ->  Bitmap Heap Scan on sbtest8  (cost=30.72..3886.25 rows=1003 width=121)
	        Recheck Cond: ((id >= 8644343) AND (id <= 8645342))
	        ->  Bitmap Index Scan on sbtest8_pkey  (cost=0.00..30.46 rows=1003 width=0)
	              Index Cond: ((id >= 8644343) AND (id <= 8645342))

for: order_ranges
table 1 : explain SELECT c FROM sbtest1 WHERE id BETWEEN 7977528 AND 7978527 ORDER BY c
	Sort  (cost=3936.16..3938.66 rows=1003 width=121)
	  Sort Key: c
	  ->  Bitmap Heap Scan on sbtest1  (cost=30.72..3886.16 rows=1003 width=121)
	        Recheck Cond: ((id >= 7977528) AND (id <= 7978527))
	        ->  Bitmap Index Scan on sbtest1_pkey  (cost=0.00..30.46 rows=1003 width=0)
	              Index Cond: ((id >= 7977528) AND (id <= 7978527))

table 2 : explain SELECT c FROM sbtest2 WHERE id BETWEEN 9936834 AND 9937833 ORDER BY c
	Sort  (cost=3725.31..3727.68 rows=948 width=121)
	  Sort Key: c
	  ->  Bitmap Heap Scan on sbtest2  (cost=30.15..3678.44 rows=948 width=121)
	        Recheck Cond: ((id >= 9936834) AND (id <= 9937833))
	        ->  Bitmap Index Scan on sbtest2_pkey  (cost=0.00..29.91 rows=948 width=0)
	              Index Cond: ((id >= 9936834) AND (id <= 9937833))

table 3 : explain SELECT c FROM sbtest3 WHERE id BETWEEN 27917 AND 28916 ORDER BY c
	Sort  (cost=4257.55..4260.26 rows=1086 width=121)
	  Sort Key: c
	  ->  Bitmap Heap Scan on sbtest3  (cost=35.57..4202.79 rows=1086 width=121)
	        Recheck Cond: ((id >= 27917) AND (id <= 28916))
	        ->  Bitmap Index Scan on sbtest3_pkey  (cost=0.00..35.30 rows=1086 width=0)
	              Index Cond: ((id >= 27917) AND (id <= 28916))

table 4 : explain SELECT c FROM sbtest4 WHERE id BETWEEN 2515917 AND 2516916 ORDER BY c
	Sort  (cost=3702.54..3704.89 rows=942 width=121)
	  Sort Key: c
	  ->  Bitmap Heap Scan on sbtest4  (cost=30.09..3656.00 rows=942 width=121)
	        Recheck Cond: ((id >= 2515917) AND (id <= 2516916))
	        ->  Bitmap Index Scan on sbtest4_pkey  (cost=0.00..29.86 rows=942 width=0)
	              Index Cond: ((id >= 2515917) AND (id <= 2516916))

table 5 : explain SELECT c FROM sbtest5 WHERE id BETWEEN 1366285 AND 1367284 ORDER BY c
	Sort  (cost=4016.68..4019.24 rows=1024 width=121)
	  Sort Key: c
	  ->  Bitmap Heap Scan on sbtest5  (cost=30.93..3965.48 rows=1024 width=121)
	        Recheck Cond: ((id >= 1366285) AND (id <= 1367284))
	        ->  Bitmap Index Scan on sbtest5_pkey  (cost=0.00..30.68 rows=1024 width=0)
	              Index Cond: ((id >= 1366285) AND (id <= 1367284))

table 6 : explain SELECT c FROM sbtest6 WHERE id BETWEEN 7583686 AND 7584685 ORDER BY c
	Sort  (cost=3732.69..3735.06 rows=950 width=121)
	  Sort Key: c
	  ->  Bitmap Heap Scan on sbtest6  (cost=30.17..3685.70 rows=950 width=121)
	        Recheck Cond: ((id >= 7583686) AND (id <= 7584685))
	        ->  Bitmap Index Scan on sbtest6_pkey  (cost=0.00..29.93 rows=950 width=0)
	              Index Cond: ((id >= 7583686) AND (id <= 7584685))

table 7 : explain SELECT c FROM sbtest7 WHERE id BETWEEN 5502251 AND 5503250 ORDER BY c
	Sort  (cost=3798.26..3800.68 rows=967 width=121)
	  Sort Key: c
	  ->  Bitmap Heap Scan on sbtest7  (cost=30.35..3750.31 rows=967 width=121)
	        Recheck Cond: ((id >= 5502251) AND (id <= 5503250))
	        ->  Bitmap Index Scan on sbtest7_pkey  (cost=0.00..30.11 rows=967 width=0)
	              Index Cond: ((id >= 5502251) AND (id <= 5503250))

table 8 : explain SELECT c FROM sbtest8 WHERE id BETWEEN 8321953 AND 8322952 ORDER BY c
	Sort  (cost=3694.63..3696.98 rows=940 width=121)
	  Sort Key: c
	  ->  Bitmap Heap Scan on sbtest8  (cost=30.07..3648.21 rows=940 width=121)
	        Recheck Cond: ((id >= 8321953) AND (id <= 8322952))
	        ->  Bitmap Index Scan on sbtest8_pkey  (cost=0.00..29.83 rows=940 width=0)
	              Index Cond: ((id >= 8321953) AND (id <= 8322952))

for: order_ranges
table 1 : explain SELECT c FROM sbtest1 WHERE id BETWEEN 9516455 AND 9517454 ORDER BY c
	Sort  (cost=3813.49..3815.92 rows=971 width=121)
	  Sort Key: c
	  ->  Bitmap Heap Scan on sbtest1  (cost=30.39..3765.31 rows=971 width=121)
	        Recheck Cond: ((id >= 9516455) AND (id <= 9517454))
	        ->  Bitmap Index Scan on sbtest1_pkey  (cost=0.00..30.14 rows=971 width=0)
	              Index Cond: ((id >= 9516455) AND (id <= 9517454))

table 2 : explain SELECT c FROM sbtest2 WHERE id BETWEEN 4960700 AND 4961699 ORDER BY c
	Sort  (cost=3602.43..3604.72 rows=916 width=121)
	  Sort Key: c
	  ->  Bitmap Heap Scan on sbtest2  (cost=29.82..3557.37 rows=916 width=121)
	        Recheck Cond: ((id >= 4960700) AND (id <= 4961699))
	        ->  Bitmap Index Scan on sbtest2_pkey  (cost=0.00..29.59 rows=916 width=0)
	              Index Cond: ((id >= 4960700) AND (id <= 4961699))

table 3 : explain SELECT c FROM sbtest3 WHERE id BETWEEN 3567444 AND 3568443 ORDER BY c
	Sort  (cost=4085.29..4087.90 rows=1042 width=121)
	  Sort Key: c
	  ->  Bitmap Heap Scan on sbtest3  (cost=31.12..4033.06 rows=1042 width=121)
	        Recheck Cond: ((id >= 3567444) AND (id <= 3568443))
	        ->  Bitmap Index Scan on sbtest3_pkey  (cost=0.00..30.86 rows=1042 width=0)
	              Index Cond: ((id >= 3567444) AND (id <= 3568443))

table 4 : explain SELECT c FROM sbtest4 WHERE id BETWEEN 7686305 AND 7687304 ORDER BY c
	Sort  (cost=3990.14..3992.68 rows=1017 width=121)
	  Sort Key: c
	  ->  Bitmap Heap Scan on sbtest4  (cost=30.86..3939.34 rows=1017 width=121)
	        Recheck Cond: ((id >= 7686305) AND (id <= 7687304))
	        ->  Bitmap Index Scan on sbtest4_pkey  (cost=0.00..30.61 rows=1017 width=0)
	              Index Cond: ((id >= 7686305) AND (id <= 7687304))

table 5 : explain SELECT c FROM sbtest5 WHERE id BETWEEN 4103809 AND 4104808 ORDER BY c
	Sort  (cost=4219.63..4222.32 rows=1076 width=121)
	  Sort Key: c
	  ->  Bitmap Heap Scan on sbtest5  (cost=35.46..4165.45 rows=1076 width=121)
	        Recheck Cond: ((id >= 4103809) AND (id <= 4104808))
	        ->  Bitmap Index Scan on sbtest5_pkey  (cost=0.00..35.20 rows=1076 width=0)
	              Index Cond: ((id >= 4103809) AND (id <= 4104808))

table 6 : explain SELECT c FROM sbtest6 WHERE id BETWEEN 6011436 AND 6012435 ORDER BY c
	Sort  (cost=3632.87..3635.18 rows=924 width=121)
	  Sort Key: c
	  ->  Bitmap Heap Scan on sbtest6  (cost=29.91..3587.36 rows=924 width=121)
	        Recheck Cond: ((id >= 6011436) AND (id <= 6012435))
	        ->  Bitmap Index Scan on sbtest6_pkey  (cost=0.00..29.68 rows=924 width=0)
	              Index Cond: ((id >= 6011436) AND (id <= 6012435))

table 7 : explain SELECT c FROM sbtest7 WHERE id BETWEEN 4692268 AND 4693267 ORDER BY c
	Sort  (cost=3943.94..3946.45 rows=1005 width=121)
	  Sort Key: c
	  ->  Bitmap Heap Scan on sbtest7  (cost=30.74..3893.82 rows=1005 width=121)
	        Recheck Cond: ((id >= 4692268) AND (id <= 4693267))
	        ->  Bitmap Index Scan on sbtest7_pkey  (cost=0.00..30.48 rows=1005 width=0)
	              Index Cond: ((id >= 4692268) AND (id <= 4693267))

table 8 : explain SELECT c FROM sbtest8 WHERE id BETWEEN 5015056 AND 5016055 ORDER BY c
	Sort  (cost=4081.94..4084.54 rows=1040 width=121)
	  Sort Key: c
	  ->  Bitmap Heap Scan on sbtest8  (cost=35.09..4029.82 rows=1040 width=121)
	        Recheck Cond: ((id >= 5015056) AND (id <= 5016055))
	        ->  Bitmap Index Scan on sbtest8_pkey  (cost=0.00..34.84 rows=1040 width=0)
	              Index Cond: ((id >= 5015056) AND (id <= 5016055))

for: distinct_ranges
table 1 : explain SELECT DISTINCT c FROM sbtest1 WHERE id BETWEEN 7778784 AND 7779783 ORDER BY c
	Unique  (cost=3702.22..3706.93 rows=942 width=121)
	  ->  Sort  (cost=3702.22..3704.57 rows=942 width=121)
	        Sort Key: c
	        ->  Bitmap Heap Scan on sbtest1  (cost=30.09..3655.69 rows=942 width=121)
	              Recheck Cond: ((id >= 7778784) AND (id <= 7779783))
	              ->  Bitmap Index Scan on sbtest1_pkey  (cost=0.00..29.86 rows=942 width=0)
	                    Index Cond: ((id >= 7778784) AND (id <= 7779783))

table 2 : explain SELECT DISTINCT c FROM sbtest2 WHERE id BETWEEN 7105735 AND 7106734 ORDER BY c
	Unique  (cost=4089.57..4094.78 rows=1042 width=121)
	  ->  Sort  (cost=4089.57..4092.17 rows=1042 width=121)
	        Sort Key: c
	        ->  Bitmap Heap Scan on sbtest2  (cost=35.12..4037.34 rows=1042 width=121)
	              Recheck Cond: ((id >= 7105735) AND (id <= 7106734))
	              ->  Bitmap Index Scan on sbtest2_pkey  (cost=0.00..34.86 rows=1042 width=0)
	                    Index Cond: ((id >= 7105735) AND (id <= 7106734))

table 3 : explain SELECT DISTINCT c FROM sbtest3 WHERE id BETWEEN 5836024 AND 5837023 ORDER BY c
	Unique  (cost=3966.61..3971.67 rows=1011 width=121)
	  ->  Sort  (cost=3966.61..3969.14 rows=1011 width=121)
	        Sort Key: c
	        ->  Bitmap Heap Scan on sbtest3  (cost=30.80..3916.16 rows=1011 width=121)
	              Recheck Cond: ((id >= 5836024) AND (id <= 5837023))
	              ->  Bitmap Index Scan on sbtest3_pkey  (cost=0.00..30.54 rows=1011 width=0)
	                    Index Cond: ((id >= 5836024) AND (id <= 5837023))

table 4 : explain SELECT DISTINCT c FROM sbtest4 WHERE id BETWEEN 3486135 AND 3487134 ORDER BY c
	Unique  (cost=4128.13..4133.39 rows=1052 width=121)
	  ->  Sort  (cost=4128.13..4130.76 rows=1052 width=121)
	        Sort Key: c
	        ->  Bitmap Heap Scan on sbtest4  (cost=35.22..4075.32 rows=1052 width=121)
	              Recheck Cond: ((id >= 3486135) AND (id <= 3487134))
	              ->  Bitmap Index Scan on sbtest4_pkey  (cost=0.00..34.95 rows=1052 width=0)
	                    Index Cond: ((id >= 3486135) AND (id <= 3487134))

table 5 : explain SELECT DISTINCT c FROM sbtest5 WHERE id BETWEEN 3651109 AND 3652108 ORDER BY c
	Unique  (cost=3871.09..3876.02 rows=986 width=121)
	  ->  Sort  (cost=3871.09..3873.55 rows=986 width=121)
	        Sort Key: c
	        ->  Bitmap Heap Scan on sbtest5  (cost=30.54..3822.06 rows=986 width=121)
	              Recheck Cond: ((id >= 3651109) AND (id <= 3652108))
	              ->  Bitmap Index Scan on sbtest5_pkey  (cost=0.00..30.29 rows=986 width=0)
	                    Index Cond: ((id >= 3651109) AND (id <= 3652108))

table 6 : explain SELECT DISTINCT c FROM sbtest6 WHERE id BETWEEN 6253650 AND 6254649 ORDER BY c
	Unique  (cost=3962.71..3967.76 rows=1010 width=121)
	  ->  Sort  (cost=3962.71..3965.24 rows=1010 width=121)
	        Sort Key: c
	        ->  Bitmap Heap Scan on sbtest6  (cost=30.79..3912.31 rows=1010 width=121)
	              Recheck Cond: ((id >= 6253650) AND (id <= 6254649))
	              ->  Bitmap Index Scan on sbtest6_pkey  (cost=0.00..30.54 rows=1010 width=0)
	                    Index Cond: ((id >= 6253650) AND (id <= 6254649))

table 7 : explain SELECT DISTINCT c FROM sbtest7 WHERE id BETWEEN 7255394 AND 7256393 ORDER BY c
	Unique  (cost=3989.90..3994.99 rows=1017 width=121)
	  ->  Sort  (cost=3989.90..3992.45 rows=1017 width=121)
	        Sort Key: c
	        ->  Bitmap Heap Scan on sbtest7  (cost=30.86..3939.10 rows=1017 width=121)
	              Recheck Cond: ((id >= 7255394) AND (id <= 7256393))
	              ->  Bitmap Index Scan on sbtest7_pkey  (cost=0.00..30.61 rows=1017 width=0)
	                    Index Cond: ((id >= 7255394) AND (id <= 7256393))

table 8 : explain SELECT DISTINCT c FROM sbtest8 WHERE id BETWEEN 1321791 AND 1322790 ORDER BY c
	Unique  (cost=3698.47..3703.17 rows=941 width=121)
	  ->  Sort  (cost=3698.47..3700.82 rows=941 width=121)
	        Sort Key: c
	        ->  Bitmap Heap Scan on sbtest8  (cost=30.08..3651.99 rows=941 width=121)
	              Recheck Cond: ((id >= 1321791) AND (id <= 1322790))
	              ->  Bitmap Index Scan on sbtest8_pkey  (cost=0.00..29.84 rows=941 width=0)
	                    Index Cond: ((id >= 1321791) AND (id <= 1322790))

for: sum_ranges
table 1 : explain SELECT SUM(k) FROM sbtest1 WHERE id BETWEEN 2015003 AND 2016002
	Aggregate  (cost=3438.31..3438.32 rows=1 width=8)
	  ->  Bitmap Heap Scan on sbtest1  (cost=29.50..3436.10 rows=884 width=4)
	        Recheck Cond: ((id >= 2015003) AND (id <= 2016002))
	        ->  Bitmap Index Scan on sbtest1_pkey  (cost=0.00..29.27 rows=884 width=0)
	              Index Cond: ((id >= 2015003) AND (id <= 2016002))

table 2 : explain SELECT SUM(k) FROM sbtest2 WHERE id BETWEEN 7916392 AND 7917391
	Aggregate  (cost=4021.08..4021.09 rows=1 width=8)
	  ->  Bitmap Heap Scan on sbtest2  (cost=35.06..4018.49 rows=1037 width=4)
	        Recheck Cond: ((id >= 7916392) AND (id <= 7917391))
	        ->  Bitmap Index Scan on sbtest2_pkey  (cost=0.00..34.81 rows=1037 width=0)
	              Index Cond: ((id >= 7916392) AND (id <= 7917391))

table 3 : explain SELECT SUM(k) FROM sbtest3 WHERE id BETWEEN 962524 AND 963523
	Aggregate  (cost=3654.08..3654.09 rows=1 width=8)
	  ->  Bitmap Heap Scan on sbtest3  (cost=30.08..3651.73 rows=941 width=4)
	        Recheck Cond: ((id >= 962524) AND (id <= 963523))
	        ->  Bitmap Index Scan on sbtest3_pkey  (cost=0.00..29.84 rows=941 width=0)
	              Index Cond: ((id >= 962524) AND (id <= 963523))

table 4 : explain SELECT SUM(k) FROM sbtest4 WHERE id BETWEEN 2256747 AND 2257746
	Aggregate  (cost=3722.69..3722.70 rows=1 width=8)
	  ->  Bitmap Heap Scan on sbtest4  (cost=30.26..3720.29 rows=959 width=4)
	        Recheck Cond: ((id >= 2256747) AND (id <= 2257746))
	        ->  Bitmap Index Scan on sbtest4_pkey  (cost=0.00..30.02 rows=959 width=0)
	              Index Cond: ((id >= 2256747) AND (id <= 2257746))

table 5 : explain SELECT SUM(k) FROM sbtest5 WHERE id BETWEEN 5643582 AND 5644581
	Aggregate  (cost=3737.57..3737.58 rows=1 width=8)
	  ->  Bitmap Heap Scan on sbtest5  (cost=30.31..3735.16 rows=963 width=4)
	        Recheck Cond: ((id >= 5643582) AND (id <= 5644581))
	        ->  Bitmap Index Scan on sbtest5_pkey  (cost=0.00..30.07 rows=963 width=0)
	              Index Cond: ((id >= 5643582) AND (id <= 5644581))

table 6 : explain SELECT SUM(k) FROM sbtest6 WHERE id BETWEEN 5855729 AND 5856728
	Aggregate  (cost=3415.35..3415.36 rows=1 width=8)
	  ->  Bitmap Heap Scan on sbtest6  (cost=29.43..3413.15 rows=878 width=4)
	        Recheck Cond: ((id >= 5855729) AND (id <= 5856728))
	        ->  Bitmap Index Scan on sbtest6_pkey  (cost=0.00..29.21 rows=878 width=0)
	              Index Cond: ((id >= 5855729) AND (id <= 5856728))

table 7 : explain SELECT SUM(k) FROM sbtest7 WHERE id BETWEEN 6256109 AND 6257108
	Aggregate  (cost=3650.58..3650.59 rows=1 width=8)
	  ->  Bitmap Heap Scan on sbtest7  (cost=30.07..3648.23 rows=940 width=4)
	        Recheck Cond: ((id >= 6256109) AND (id <= 6257108))
	        ->  Bitmap Index Scan on sbtest7_pkey  (cost=0.00..29.83 rows=940 width=0)
	              Index Cond: ((id >= 6256109) AND (id <= 6257108))

table 8 : explain SELECT SUM(k) FROM sbtest8 WHERE id BETWEEN 1714567 AND 1715566
	Aggregate  (cost=3801.86..3801.87 rows=1 width=8)
	  ->  Bitmap Heap Scan on sbtest8  (cost=30.48..3799.41 rows=980 width=4)
	        Recheck Cond: ((id >= 1714567) AND (id <= 1715566))
	        ->  Bitmap Index Scan on sbtest8_pkey  (cost=0.00..30.23 rows=980 width=0)
	              Index Cond: ((id >= 1714567) AND (id <= 1715566))

explain: for point_selects :: explain SELECT c FROM sbtest%u WHERE id=%u
for: distinct_ranges
table 1 : explain SELECT DISTINCT c FROM sbtest1 WHERE id BETWEEN 7329625 AND 7330624 ORDER BY c
	Unique  (cost=3763.62..3768.41 rows=958 width=121)
	  ->  Sort  (cost=3763.62..3766.02 rows=958 width=121)
	        Sort Key: c
	        ->  Bitmap Heap Scan on sbtest1  (cost=30.25..3716.18 rows=958 width=121)
	              Recheck Cond: ((id >= 7329625) AND (id <= 7330624))
	              ->  Bitmap Index Scan on sbtest1_pkey  (cost=0.00..30.01 rows=958 width=0)
	                    Index Cond: ((id >= 7329625) AND (id <= 7330624))

table 2 : explain SELECT DISTINCT c FROM sbtest2 WHERE id BETWEEN 3613685 AND 3614684 ORDER BY c
	Unique  (cost=4215.79..4221.17 rows=1075 width=121)
	  ->  Sort  (cost=4215.79..4218.48 rows=1075 width=121)
	        Sort Key: c
	        ->  Bitmap Heap Scan on sbtest2  (cost=35.45..4161.67 rows=1075 width=121)
	              Recheck Cond: ((id >= 3613685) AND (id <= 3614684))
	              ->  Bitmap Index Scan on sbtest2_pkey  (cost=0.00..35.19 rows=1075 width=0)
	                    Index Cond: ((id >= 3613685) AND (id <= 3614684))

table 3 : explain SELECT DISTINCT c FROM sbtest3 WHERE id BETWEEN 4233071 AND 4234070 ORDER BY c
	Unique  (cost=3759.61..3764.39 rows=957 width=121)
	  ->  Sort  (cost=3759.61..3762.00 rows=957 width=121)
	        Sort Key: c
	        ->  Bitmap Heap Scan on sbtest3  (cost=30.24..3712.23 rows=957 width=121)
	              Recheck Cond: ((id >= 4233071) AND (id <= 4234070))
	              ->  Bitmap Index Scan on sbtest3_pkey  (cost=0.00..30.00 rows=957 width=0)
	                    Index Cond: ((id >= 4233071) AND (id <= 4234070))

table 4 : explain SELECT DISTINCT c FROM sbtest4 WHERE id BETWEEN 1515148 AND 1516147 ORDER BY c
	Unique  (cost=3825.33..3830.20 rows=974 width=121)
	  ->  Sort  (cost=3825.33..3827.76 rows=974 width=121)
	        Sort Key: c
	        ->  Bitmap Heap Scan on sbtest4  (cost=30.42..3776.98 rows=974 width=121)
	              Recheck Cond: ((id >= 1515148) AND (id <= 1516147))
	              ->  Bitmap Index Scan on sbtest4_pkey  (cost=0.00..30.18 rows=974 width=0)
	                    Index Cond: ((id >= 1515148) AND (id <= 1516147))

table 5 : explain SELECT DISTINCT c FROM sbtest5 WHERE id BETWEEN 326881 AND 327880 ORDER BY c
	Unique  (cost=4296.07..4301.55 rows=1096 width=121)
	  ->  Sort  (cost=4296.07..4298.81 rows=1096 width=121)
	        Sort Key: c
	        ->  Bitmap Heap Scan on sbtest5  (cost=35.67..4240.73 rows=1096 width=121)
	              Recheck Cond: ((id >= 326881) AND (id <= 327880))
	              ->  Bitmap Index Scan on sbtest5_pkey  (cost=0.00..35.40 rows=1096 width=0)
	                    Index Cond: ((id >= 326881) AND (id <= 327880))

table 6 : explain SELECT DISTINCT c FROM sbtest6 WHERE id BETWEEN 9229110 AND 9230109 ORDER BY c
	Unique  (cost=4158.08..4163.38 rows=1060 width=121)
	  ->  Sort  (cost=4158.08..4160.73 rows=1060 width=121)
	        Sort Key: c
	        ->  Bitmap Heap Scan on sbtest6  (cost=35.30..4104.81 rows=1060 width=121)
	              Recheck Cond: ((id >= 9229110) AND (id <= 9230109))
	              ->  Bitmap Index Scan on sbtest6_pkey  (cost=0.00..35.04 rows=1060 width=0)
	                    Index Cond: ((id >= 9229110) AND (id <= 9230109))

table 7 : explain SELECT DISTINCT c FROM sbtest7 WHERE id BETWEEN 1181961 AND 1182960 ORDER BY c
	Unique  (cost=3828.94..3833.82 rows=975 width=121)
	  ->  Sort  (cost=3828.94..3831.38 rows=975 width=121)
	        Sort Key: c
	        ->  Bitmap Heap Scan on sbtest7  (cost=30.43..3780.54 rows=975 width=121)
	              Recheck Cond: ((id >= 1181961) AND (id <= 1182960))
	              ->  Bitmap Index Scan on sbtest7_pkey  (cost=0.00..30.18 rows=975 width=0)
	                    Index Cond: ((id >= 1181961) AND (id <= 1182960))

table 8 : explain SELECT DISTINCT c FROM sbtest8 WHERE id BETWEEN 1476930 AND 1477929 ORDER BY c
	Unique  (cost=3663.91..3668.57 rows=932 width=121)
	  ->  Sort  (cost=3663.91..3666.24 rows=932 width=121)
	        Sort Key: c
	        ->  Bitmap Heap Scan on sbtest8  (cost=29.99..3617.94 rows=932 width=121)
	              Recheck Cond: ((id >= 1476930) AND (id <= 1477929))
	              ->  Bitmap Index Scan on sbtest8_pkey  (cost=0.00..29.75 rows=932 width=0)
	                    Index Cond: ((id >= 1476930) AND (id <= 1477929))

for: distinct_ranges
table 1 : explain SELECT DISTINCT c FROM sbtest1 WHERE id BETWEEN 3527342 AND 3528341 ORDER BY c
	Unique  (cost=4112.28..4117.52 rows=1049 width=121)
	  ->  Sort  (cost=4112.28..4114.90 rows=1049 width=121)
	        Sort Key: c
	        ->  Bitmap Heap Scan on sbtest1  (cost=31.19..4059.64 rows=1049 width=121)
	              Recheck Cond: ((id >= 3527342) AND (id <= 3528341))
	              ->  Bitmap Index Scan on sbtest1_pkey  (cost=0.00..30.93 rows=1049 width=0)
	                    Index Cond: ((id >= 3527342) AND (id <= 3528341))

table 2 : explain SELECT DISTINCT c FROM sbtest2 WHERE id BETWEEN 3306385 AND 3307384 ORDER BY c
	Unique  (cost=4085.74..4090.94 rows=1041 width=121)
	  ->  Sort  (cost=4085.74..4088.34 rows=1041 width=121)
	        Sort Key: c
	        ->  Bitmap Heap Scan on sbtest2  (cost=35.11..4033.57 rows=1041 width=121)
	              Recheck Cond: ((id >= 3306385) AND (id <= 3307384))
	              ->  Bitmap Index Scan on sbtest2_pkey  (cost=0.00..34.84 rows=1041 width=0)
	                    Index Cond: ((id >= 3306385) AND (id <= 3307384))

table 3 : explain SELECT DISTINCT c FROM sbtest3 WHERE id BETWEEN 2373372 AND 2374371 ORDER BY c
	Unique  (cost=4242.26..4247.67 rows=1082 width=121)
	  ->  Sort  (cost=4242.26..4244.97 rows=1082 width=121)
	        Sort Key: c
	        ->  Bitmap Heap Scan on sbtest3  (cost=35.53..4187.73 rows=1082 width=121)
	              Recheck Cond: ((id >= 2373372) AND (id <= 2374371))
	              ->  Bitmap Index Scan on sbtest3_pkey  (cost=0.00..35.26 rows=1082 width=0)
	                    Index Cond: ((id >= 2373372) AND (id <= 2374371))

table 4 : explain SELECT DISTINCT c FROM sbtest4 WHERE id BETWEEN 1792987 AND 1793986 ORDER BY c
	Unique  (cost=3836.83..3841.72 rows=977 width=121)
	  ->  Sort  (cost=3836.83..3839.28 rows=977 width=121)
	        Sort Key: c
	        ->  Bitmap Heap Scan on sbtest4  (cost=30.45..3788.32 rows=977 width=121)
	              Recheck Cond: ((id >= 1792987) AND (id <= 1793986))
	              ->  Bitmap Index Scan on sbtest4_pkey  (cost=0.00..30.20 rows=977 width=0)
	                    Index Cond: ((id >= 1792987) AND (id <= 1793986))

table 5 : explain SELECT DISTINCT c FROM sbtest5 WHERE id BETWEEN 9864994 AND 9865993 ORDER BY c
	Unique  (cost=3813.57..3818.43 rows=971 width=121)
	  ->  Sort  (cost=3813.57..3816.00 rows=971 width=121)
	        Sort Key: c
	        ->  Bitmap Heap Scan on sbtest5  (cost=30.39..3765.39 rows=971 width=121)
	              Recheck Cond: ((id >= 9864994) AND (id <= 9865993))
	              ->  Bitmap Index Scan on sbtest5_pkey  (cost=0.00..30.14 rows=971 width=0)
	                    Index Cond: ((id >= 9864994) AND (id <= 9865993))

table 6 : explain SELECT DISTINCT c FROM sbtest6 WHERE id BETWEEN 9554900 AND 9555899 ORDER BY c
	Unique  (cost=3978.20..3983.27 rows=1013 width=121)
	  ->  Sort  (cost=3978.20..3980.74 rows=1013 width=121)
	        Sort Key: c
	        ->  Bitmap Heap Scan on sbtest6  (cost=34.82..3927.63 rows=1013 width=121)
	              Recheck Cond: ((id >= 9554900) AND (id <= 9555899))
	              ->  Bitmap Index Scan on sbtest6_pkey  (cost=0.00..34.57 rows=1013 width=0)
	                    Index Cond: ((id >= 9554900) AND (id <= 9555899))

table 7 : explain SELECT DISTINCT c FROM sbtest7 WHERE id BETWEEN 404272 AND 405271 ORDER BY c
	Unique  (cost=3943.94..3948.96 rows=1005 width=121)
	  ->  Sort  (cost=3943.94..3946.45 rows=1005 width=121)
	        Sort Key: c
	        ->  Bitmap Heap Scan on sbtest7  (cost=30.74..3893.82 rows=1005 width=121)
	              Recheck Cond: ((id >= 404272) AND (id <= 405271))
	              ->  Bitmap Index Scan on sbtest7_pkey  (cost=0.00..30.48 rows=1005 width=0)
	                    Index Cond: ((id >= 404272) AND (id <= 405271))

table 8 : explain SELECT DISTINCT c FROM sbtest8 WHERE id BETWEEN 7207114 AND 7208113 ORDER BY c
	Unique  (cost=4666.26..4672.23 rows=1194 width=121)
	  ->  Sort  (cost=4666.26..4669.25 rows=1194 width=121)
	        Sort Key: c
	        ->  Bitmap Heap Scan on sbtest8  (cost=36.67..4605.24 rows=1194 width=121)
	              Recheck Cond: ((id >= 7207114) AND (id <= 7208113))
	              ->  Bitmap Index Scan on sbtest8_pkey  (cost=0.00..36.38 rows=1194 width=0)
	                    Index Cond: ((id >= 7207114) AND (id <= 7208113))

for: simple_ranges
table 1 : explain SELECT c FROM sbtest1 WHERE id BETWEEN 1135229 AND 1136228
	Bitmap Heap Scan on sbtest1  (cost=31.00..3991.79 rows=1031 width=121)
	  Recheck Cond: ((id >= 1135229) AND (id <= 1136228))
	  ->  Bitmap Index Scan on sbtest1_pkey  (cost=0.00..30.75 rows=1031 width=0)
	        Index Cond: ((id >= 1135229) AND (id <= 1136228))

table 2 : explain SELECT c FROM sbtest2 WHERE id BETWEEN 1764915 AND 1765914
	Bitmap Heap Scan on sbtest2  (cost=30.54..3822.04 rows=986 width=121)
	  Recheck Cond: ((id >= 1764915) AND (id <= 1765914))
	  ->  Bitmap Index Scan on sbtest2_pkey  (cost=0.00..30.29 rows=986 width=0)
	        Index Cond: ((id >= 1764915) AND (id <= 1765914))

table 3 : explain SELECT c FROM sbtest3 WHERE id BETWEEN 8694977 AND 8695976
	Bitmap Heap Scan on sbtest3  (cost=35.69..4247.95 rows=1098 width=121)
	  Recheck Cond: ((id >= 8694977) AND (id <= 8695976))
	  ->  Bitmap Index Scan on sbtest3_pkey  (cost=0.00..35.42 rows=1098 width=0)
	        Index Cond: ((id >= 8694977) AND (id <= 8695976))

table 4 : explain SELECT c FROM sbtest4 WHERE id BETWEEN 3303891 AND 3304890
	Bitmap Heap Scan on sbtest4  (cost=30.70..3878.95 rows=1001 width=121)
	  Recheck Cond: ((id >= 3303891) AND (id <= 3304890))
	  ->  Bitmap Index Scan on sbtest4_pkey  (cost=0.00..30.44 rows=1001 width=0)
	        Index Cond: ((id >= 3303891) AND (id <= 3304890))

table 5 : explain SELECT c FROM sbtest5 WHERE id BETWEEN 8357458 AND 8358457
	Bitmap Heap Scan on sbtest5  (cost=35.31..4108.95 rows=1061 width=121)
	  Recheck Cond: ((id >= 8357458) AND (id <= 8358457))
	  ->  Bitmap Index Scan on sbtest5_pkey  (cost=0.00..35.05 rows=1061 width=0)
	        Index Cond: ((id >= 8357458) AND (id <= 8358457))

table 6 : explain SELECT c FROM sbtest6 WHERE id BETWEEN 6796932 AND 6797931
	Bitmap Heap Scan on sbtest6  (cost=29.63..3485.14 rows=897 width=121)
	  Recheck Cond: ((id >= 6796932) AND (id <= 6797931))
	  ->  Bitmap Index Scan on sbtest6_pkey  (cost=0.00..29.40 rows=897 width=0)
	        Index Cond: ((id >= 6796932) AND (id <= 6797931))

table 7 : explain SELECT c FROM sbtest7 WHERE id BETWEEN 7318386 AND 7319385
	Bitmap Heap Scan on sbtest7  (cost=30.86..3939.10 rows=1017 width=121)
	  Recheck Cond: ((id >= 7318386) AND (id <= 7319385))
	  ->  Bitmap Index Scan on sbtest7_pkey  (cost=0.00..30.61 rows=1017 width=0)
	        Index Cond: ((id >= 7318386) AND (id <= 7319385))

table 8 : explain SELECT c FROM sbtest8 WHERE id BETWEEN 764707 AND 765706
	Bitmap Heap Scan on sbtest8  (cost=30.62..3852.28 rows=994 width=121)
	  Recheck Cond: ((id >= 764707) AND (id <= 765706))
	  ->  Bitmap Index Scan on sbtest8_pkey  (cost=0.00..30.37 rows=994 width=0)
	        Index Cond: ((id >= 764707) AND (id <= 765706))

for point_selects
table 1 : explain SELECT c FROM sbtest1 WHERE id=3696278
	Index Scan using sbtest1_pkey on sbtest1  (cost=0.43..8.45 rows=1 width=121)
	  Index Cond: (id = 3696278)

table 2 : explain SELECT c FROM sbtest2 WHERE id=2010647
	Index Scan using sbtest2_pkey on sbtest2  (cost=0.43..8.45 rows=1 width=121)
	  Index Cond: (id = 2010647)

table 3 : explain SELECT c FROM sbtest3 WHERE id=5651482
	Index Scan using sbtest3_pkey on sbtest3  (cost=0.43..8.45 rows=1 width=121)
	  Index Cond: (id = 5651482)

table 4 : explain SELECT c FROM sbtest4 WHERE id=5562695
	Index Scan using sbtest4_pkey on sbtest4  (cost=0.43..8.45 rows=1 width=121)
	  Index Cond: (id = 5562695)

table 5 : explain SELECT c FROM sbtest5 WHERE id=7502601
	Index Scan using sbtest5_pkey on sbtest5  (cost=0.43..8.45 rows=1 width=121)
	  Index Cond: (id = 7502601)

table 6 : explain SELECT c FROM sbtest6 WHERE id=6443823
	Index Scan using sbtest6_pkey on sbtest6  (cost=0.43..8.45 rows=1 width=121)
	  Index Cond: (id = 6443823)

table 7 : explain SELECT c FROM sbtest7 WHERE id=3033758
	Index Scan using sbtest7_pkey on sbtest7  (cost=0.43..8.45 rows=1 width=121)
	  Index Cond: (id = 3033758)

table 8 : explain SELECT c FROM sbtest8 WHERE id=9029884
	Index Scan using sbtest8_pkey on sbtest8  (cost=0.43..8.45 rows=1 width=121)
	  Index Cond: (id = 9029884)

for: order_ranges
table 1 : explain SELECT c FROM sbtest1 WHERE id BETWEEN 6812381 AND 6813380 ORDER BY c
	Sort  (cost=3821.16..3823.59 rows=973 width=121)
	  Sort Key: c
	  ->  Bitmap Heap Scan on sbtest1  (cost=30.41..3772.87 rows=973 width=121)
	        Recheck Cond: ((id >= 6812381) AND (id <= 6813380))
	        ->  Bitmap Index Scan on sbtest1_pkey  (cost=0.00..30.16 rows=973 width=0)
	              Index Cond: ((id >= 6812381) AND (id <= 6813380))

table 2 : explain SELECT c FROM sbtest2 WHERE id BETWEEN 9994047 AND 9995046 ORDER BY c
	Sort  (cost=3725.31..3727.68 rows=948 width=121)
	  Sort Key: c
	  ->  Bitmap Heap Scan on sbtest2  (cost=30.15..3678.44 rows=948 width=121)
	        Recheck Cond: ((id >= 9994047) AND (id <= 9995046))
	        ->  Bitmap Index Scan on sbtest2_pkey  (cost=0.00..29.91 rows=948 width=0)
	              Index Cond: ((id >= 9994047) AND (id <= 9995046))

table 3 : explain SELECT c FROM sbtest3 WHERE id BETWEEN 1612393 AND 1613392 ORDER BY c
	Sort  (cost=3901.48..3903.97 rows=994 width=121)
	  Sort Key: c
	  ->  Bitmap Heap Scan on sbtest3  (cost=30.62..3852.00 rows=994 width=121)
	        Recheck Cond: ((id >= 1612393) AND (id <= 1613392))
	        ->  Bitmap Index Scan on sbtest3_pkey  (cost=0.00..30.37 rows=994 width=0)
	              Index Cond: ((id >= 1612393) AND (id <= 1613392))

table 4 : explain SELECT c FROM sbtest4 WHERE id BETWEEN 2857271 AND 2858270 ORDER BY c
	Sort  (cost=3859.84..3862.30 rows=983 width=121)
	  Sort Key: c
	  ->  Bitmap Heap Scan on sbtest4  (cost=30.51..3810.98 rows=983 width=121)
	        Recheck Cond: ((id >= 2857271) AND (id <= 2858270))
	        ->  Bitmap Index Scan on sbtest4_pkey  (cost=0.00..30.26 rows=983 width=0)
	              Index Cond: ((id >= 2857271) AND (id <= 2858270))

table 5 : explain SELECT c FROM sbtest5 WHERE id BETWEEN 2643931 AND 2644930 ORDER BY c
	Sort  (cost=3963.06..3965.58 rows=1010 width=121)
	  Sort Key: c
	  ->  Bitmap Heap Scan on sbtest5  (cost=30.79..3912.66 rows=1010 width=121)
	        Recheck Cond: ((id >= 2643931) AND (id <= 2644930))
	        ->  Bitmap Index Scan on sbtest5_pkey  (cost=0.00..30.54 rows=1010 width=0)
	              Index Cond: ((id >= 2643931) AND (id <= 2644930))

table 6 : explain SELECT c FROM sbtest6 WHERE id BETWEEN 7993271 AND 7994270 ORDER BY c
	Sort  (cost=3675.11..3677.45 rows=935 width=121)
	  Sort Key: c
	  ->  Bitmap Heap Scan on sbtest6  (cost=30.02..3628.98 rows=935 width=121)
	        Recheck Cond: ((id >= 7993271) AND (id <= 7994270))
	        ->  Bitmap Index Scan on sbtest6_pkey  (cost=0.00..29.79 rows=935 width=0)
	              Index Cond: ((id >= 7993271) AND (id <= 7994270))

table 7 : explain SELECT c FROM sbtest7 WHERE id BETWEEN 6548407 AND 6549406 ORDER BY c
	Sort  (cost=4265.54..4268.26 rows=1088 width=121)
	  Sort Key: c
	  ->  Bitmap Heap Scan on sbtest7  (cost=35.59..4210.66 rows=1088 width=121)
	        Recheck Cond: ((id >= 6548407) AND (id <= 6549406))
	        ->  Bitmap Index Scan on sbtest7_pkey  (cost=0.00..35.32 rows=1088 width=0)
	              Index Cond: ((id >= 6548407) AND (id <= 6549406))

table 8 : explain SELECT c FROM sbtest8 WHERE id BETWEEN 7123083 AND 7124082 ORDER BY c
	Sort  (cost=4047.49..4050.07 rows=1031 width=121)
	  Sort Key: c
	  ->  Bitmap Heap Scan on sbtest8  (cost=35.00..3995.89 rows=1031 width=121)
	        Recheck Cond: ((id >= 7123083) AND (id <= 7124082))
	        ->  Bitmap Index Scan on sbtest8_pkey  (cost=0.00..34.75 rows=1031 width=0)
	              Index Cond: ((id >= 7123083) AND (id <= 7124082))

for point_selects
table 1 : explain SELECT c FROM sbtest1 WHERE id=4864388
	Index Scan using sbtest1_pkey on sbtest1  (cost=0.43..8.45 rows=1 width=121)
	  Index Cond: (id = 4864388)

table 2 : explain SELECT c FROM sbtest2 WHERE id=2565736
	Index Scan using sbtest2_pkey on sbtest2  (cost=0.43..8.45 rows=1 width=121)
	  Index Cond: (id = 2565736)

table 3 : explain SELECT c FROM sbtest3 WHERE id=7109621
	Index Scan using sbtest3_pkey on sbtest3  (cost=0.43..8.45 rows=1 width=121)
	  Index Cond: (id = 7109621)

table 4 : explain SELECT c FROM sbtest4 WHERE id=3944828
	Index Scan using sbtest4_pkey on sbtest4  (cost=0.43..8.45 rows=1 width=121)
	  Index Cond: (id = 3944828)

table 5 : explain SELECT c FROM sbtest5 WHERE id=3654735
	Index Scan using sbtest5_pkey on sbtest5  (cost=0.43..8.45 rows=1 width=121)
	  Index Cond: (id = 3654735)

table 6 : explain SELECT c FROM sbtest6 WHERE id=5054077
	Index Scan using sbtest6_pkey on sbtest6  (cost=0.43..8.45 rows=1 width=121)
	  Index Cond: (id = 5054077)

table 7 : explain SELECT c FROM sbtest7 WHERE id=195628
	Index Scan using sbtest7_pkey on sbtest7  (cost=0.43..8.45 rows=1 width=121)
	  Index Cond: (id = 195628)

table 8 : explain SELECT c FROM sbtest8 WHERE id=1136007
	Index Scan using sbtest8_pkey on sbtest8  (cost=0.43..8.45 rows=1 width=121)
	  Index Cond: (id = 1136007)

for: distinct_ranges
table 1 : explain SELECT DISTINCT c FROM sbtest1 WHERE id BETWEEN 4368051 AND 4369050 ORDER BY c
	Unique  (cost=3801.98..3806.82 rows=968 width=121)
	  ->  Sort  (cost=3801.98..3804.40 rows=968 width=121)
	        Sort Key: c
	        ->  Bitmap Heap Scan on sbtest1  (cost=30.36..3753.98 rows=968 width=121)
	              Recheck Cond: ((id >= 4368051) AND (id <= 4369050))
	              ->  Bitmap Index Scan on sbtest1_pkey  (cost=0.00..30.11 rows=968 width=0)
	                    Index Cond: ((id >= 4368051) AND (id <= 4369050))

table 2 : explain SELECT DISTINCT c FROM sbtest2 WHERE id BETWEEN 7387304 AND 7388303 ORDER BY c
	Unique  (cost=3959.21..3964.26 rows=1009 width=121)
	  ->  Sort  (cost=3959.21..3961.74 rows=1009 width=121)
	        Sort Key: c
	        ->  Bitmap Heap Scan on sbtest2  (cost=30.78..3908.87 rows=1009 width=121)
	              Recheck Cond: ((id >= 7387304) AND (id <= 7388303))
	              ->  Bitmap Index Scan on sbtest2_pkey  (cost=0.00..30.52 rows=1009 width=0)
	                    Index Cond: ((id >= 7387304) AND (id <= 7388303))

table 3 : explain SELECT DISTINCT c FROM sbtest3 WHERE id BETWEEN 1736949 AND 1737948 ORDER BY c
	Unique  (cost=3893.82..3898.78 rows=992 width=121)
	  ->  Sort  (cost=3893.82..3896.30 rows=992 width=121)
	        Sort Key: c
	        ->  Bitmap Heap Scan on sbtest3  (cost=30.60..3844.44 rows=992 width=121)
	              Recheck Cond: ((id >= 1736949) AND (id <= 1737948))
	              ->  Bitmap Index Scan on sbtest3_pkey  (cost=0.00..30.36 rows=992 width=0)
	                    Index Cond: ((id >= 1736949) AND (id <= 1737948))

table 4 : explain SELECT DISTINCT c FROM sbtest4 WHERE id BETWEEN 457783 AND 458782 ORDER BY c
	Unique  (cost=3871.34..3876.27 rows=986 width=121)
	  ->  Sort  (cost=3871.34..3873.81 rows=986 width=121)
	        Sort Key: c
	        ->  Bitmap Heap Scan on sbtest4  (cost=30.54..3822.31 rows=986 width=121)
	              Recheck Cond: ((id >= 457783) AND (id <= 458782))
	              ->  Bitmap Index Scan on sbtest4_pkey  (cost=0.00..30.29 rows=986 width=0)
	                    Index Cond: ((id >= 457783) AND (id <= 458782))

table 5 : explain SELECT DISTINCT c FROM sbtest5 WHERE id BETWEEN 2297582 AND 2298581 ORDER BY c
	Unique  (cost=4012.85..4017.96 rows=1023 width=121)
	  ->  Sort  (cost=4012.85..4015.41 rows=1023 width=121)
	        Sort Key: c
	        ->  Bitmap Heap Scan on sbtest5  (cost=30.92..3961.71 rows=1023 width=121)
	              Recheck Cond: ((id >= 2297582) AND (id <= 2298581))
	              ->  Bitmap Index Scan on sbtest5_pkey  (cost=0.00..30.66 rows=1023 width=0)
	                    Index Cond: ((id >= 2297582) AND (id <= 2298581))

table 6 : explain SELECT DISTINCT c FROM sbtest6 WHERE id BETWEEN 9700552 AND 9701551 ORDER BY c
	Unique  (cost=3797.90..3802.74 rows=967 width=121)
	  ->  Sort  (cost=3797.90..3800.32 rows=967 width=121)
	        Sort Key: c
	        ->  Bitmap Heap Scan on sbtest6  (cost=30.35..3749.95 rows=967 width=121)
	              Recheck Cond: ((id >= 9700552) AND (id <= 9701551))
	              ->  Bitmap Index Scan on sbtest6_pkey  (cost=0.00..30.11 rows=967 width=0)
	                    Index Cond: ((id >= 9700552) AND (id <= 9701551))

table 7 : explain SELECT DISTINCT c FROM sbtest7 WHERE id BETWEEN 6744238 AND 6745237 ORDER BY c
	Unique  (cost=4024.37..4029.50 rows=1026 width=121)
	  ->  Sort  (cost=4024.37..4026.93 rows=1026 width=121)
	        Sort Key: c
	        ->  Bitmap Heap Scan on sbtest7  (cost=30.95..3973.05 rows=1026 width=121)
	              Recheck Cond: ((id >= 6744238) AND (id <= 6745237))
	              ->  Bitmap Index Scan on sbtest7_pkey  (cost=0.00..30.69 rows=1026 width=0)
	                    Index Cond: ((id >= 6744238) AND (id <= 6745237))

table 8 : explain SELECT DISTINCT c FROM sbtest8 WHERE id BETWEEN 9345488 AND 9346487 ORDER BY c
	Unique  (cost=3844.26..3849.16 rows=979 width=121)
	  ->  Sort  (cost=3844.26..3846.71 rows=979 width=121)
	        Sort Key: c
	        ->  Bitmap Heap Scan on sbtest8  (cost=30.47..3795.63 rows=979 width=121)
	              Recheck Cond: ((id >= 9345488) AND (id <= 9346487))
	              ->  Bitmap Index Scan on sbtest8_pkey  (cost=0.00..30.22 rows=979 width=0)
	                    Index Cond: ((id >= 9345488) AND (id <= 9346487))

for: order_ranges
table 1 : explain SELECT c FROM sbtest1 WHERE id BETWEEN 5355624 AND 5356623 ORDER BY c
	Sort  (cost=3917.00..3919.49 rows=998 width=121)
	  Sort Key: c
	  ->  Bitmap Heap Scan on sbtest1  (cost=30.66..3867.28 rows=998 width=121)
	        Recheck Cond: ((id >= 5355624) AND (id <= 5356623))
	        ->  Bitmap Index Scan on sbtest1_pkey  (cost=0.00..30.41 rows=998 width=0)
	              Index Cond: ((id >= 5355624) AND (id <= 5356623))

table 2 : explain SELECT c FROM sbtest2 WHERE id BETWEEN 8048791 AND 8049790 ORDER BY c
	Sort  (cost=4414.44..4417.26 rows=1127 width=121)
	  Sort Key: c
	  ->  Bitmap Heap Scan on sbtest2  (cost=35.99..4357.32 rows=1127 width=121)
	        Recheck Cond: ((id >= 8048791) AND (id <= 8049790))
	        ->  Bitmap Index Scan on sbtest2_pkey  (cost=0.00..35.70 rows=1127 width=0)
	              Index Cond: ((id >= 8048791) AND (id <= 8049790))

table 3 : explain SELECT c FROM sbtest3 WHERE id BETWEEN 8108675 AND 8109674 ORDER BY c
	Sort  (cost=4142.85..4145.49 rows=1056 width=121)
	  Sort Key: c
	  ->  Bitmap Heap Scan on sbtest3  (cost=35.26..4089.82 rows=1056 width=121)
	        Recheck Cond: ((id >= 8108675) AND (id <= 8109674))
	        ->  Bitmap Index Scan on sbtest3_pkey  (cost=0.00..35.00 rows=1056 width=0)
	              Index Cond: ((id >= 8108675) AND (id <= 8109674))

table 4 : explain SELECT c FROM sbtest4 WHERE id BETWEEN 9424152 AND 9425151 ORDER BY c
	Sort  (cost=3993.97..3996.52 rows=1018 width=121)
	  Sort Key: c
	  ->  Bitmap Heap Scan on sbtest4  (cost=30.87..3943.11 rows=1018 width=121)
	        Recheck Cond: ((id >= 9424152) AND (id <= 9425151))
	        ->  Bitmap Index Scan on sbtest4_pkey  (cost=0.00..30.61 rows=1018 width=0)
	              Index Cond: ((id >= 9424152) AND (id <= 9425151))

table 5 : explain SELECT c FROM sbtest5 WHERE id BETWEEN 1084255 AND 1085254 ORDER BY c
	Sort  (cost=4031.99..4034.56 rows=1028 width=121)
	  Sort Key: c
	  ->  Bitmap Heap Scan on sbtest5  (cost=30.97..3980.56 rows=1028 width=121)
	        Recheck Cond: ((id >= 1084255) AND (id <= 1085254))
	        ->  Bitmap Index Scan on sbtest5_pkey  (cost=0.00..30.71 rows=1028 width=0)
	              Index Cond: ((id >= 1084255) AND (id <= 1085254))

table 6 : explain SELECT c FROM sbtest6 WHERE id BETWEEN 518843 AND 519842 ORDER BY c
	Sort  (cost=4169.55..4172.21 rows=1063 width=121)
	  Sort Key: c
	  ->  Bitmap Heap Scan on sbtest6  (cost=35.33..4116.11 rows=1063 width=121)
	        Recheck Cond: ((id >= 518843) AND (id <= 519842))
	        ->  Bitmap Index Scan on sbtest6_pkey  (cost=0.00..35.07 rows=1063 width=0)
	              Index Cond: ((id >= 518843) AND (id <= 519842))

table 7 : explain SELECT c FROM sbtest7 WHERE id BETWEEN 953403 AND 954402 ORDER BY c
	Sort  (cost=4437.40..4440.23 rows=1133 width=121)
	  Sort Key: c
	  ->  Bitmap Heap Scan on sbtest7  (cost=36.05..4379.93 rows=1133 width=121)
	        Recheck Cond: ((id >= 953403) AND (id <= 954402))
	        ->  Bitmap Index Scan on sbtest7_pkey  (cost=0.00..35.77 rows=1133 width=0)
	              Index Cond: ((id >= 953403) AND (id <= 954402))

table 8 : explain SELECT c FROM sbtest8 WHERE id BETWEEN 4107311 AND 4108310 ORDER BY c
	Sort  (cost=3928.59..3931.09 rows=1001 width=121)
	  Sort Key: c
	  ->  Bitmap Heap Scan on sbtest8  (cost=30.70..3878.70 rows=1001 width=121)
	        Recheck Cond: ((id >= 4107311) AND (id <= 4108310))
	        ->  Bitmap Index Scan on sbtest8_pkey  (cost=0.00..30.44 rows=1001 width=0)
	              Index Cond: ((id >= 4107311) AND (id <= 4108310))

for: simple_ranges
table 1 : explain SELECT c FROM sbtest1 WHERE id BETWEEN 6587807 AND 6588806
	Bitmap Heap Scan on sbtest1  (cost=30.66..3867.28 rows=998 width=121)
	  Recheck Cond: ((id >= 6587807) AND (id <= 6588806))
	  ->  Bitmap Index Scan on sbtest1_pkey  (cost=0.00..30.41 rows=998 width=0)
	        Index Cond: ((id >= 6587807) AND (id <= 6588806))

table 2 : explain SELECT c FROM sbtest2 WHERE id BETWEEN 4852723 AND 4853722
	Bitmap Heap Scan on sbtest2  (cost=30.18..3689.78 rows=951 width=121)
	  Recheck Cond: ((id >= 4852723) AND (id <= 4853722))
	  ->  Bitmap Index Scan on sbtest2_pkey  (cost=0.00..29.94 rows=951 width=0)
	        Index Cond: ((id >= 4852723) AND (id <= 4853722))

table 3 : explain SELECT c FROM sbtest3 WHERE id BETWEEN 6571442 AND 6572441
	Bitmap Heap Scan on sbtest3  (cost=30.21..3700.89 rows=954 width=121)
	  Recheck Cond: ((id >= 6571442) AND (id <= 6572441))
	  ->  Bitmap Index Scan on sbtest3_pkey  (cost=0.00..29.97 rows=954 width=0)
	        Index Cond: ((id >= 6571442) AND (id <= 6572441))

table 4 : explain SELECT c FROM sbtest4 WHERE id BETWEEN 9318696 AND 9319695
	Bitmap Heap Scan on sbtest4  (cost=30.38..3761.87 rows=970 width=121)
	  Recheck Cond: ((id >= 9318696) AND (id <= 9319695))
	  ->  Bitmap Index Scan on sbtest4_pkey  (cost=0.00..30.14 rows=970 width=0)
	        Index Cond: ((id >= 9318696) AND (id <= 9319695))

table 5 : explain SELECT c FROM sbtest5 WHERE id BETWEEN 4853110 AND 4854109
	Bitmap Heap Scan on sbtest5  (cost=30.45..3788.06 rows=977 width=121)
	  Recheck Cond: ((id >= 4853110) AND (id <= 4854109))
	  ->  Bitmap Index Scan on sbtest5_pkey  (cost=0.00..30.20 rows=977 width=0)
	        Index Cond: ((id >= 4853110) AND (id <= 4854109))

table 6 : explain SELECT c FROM sbtest6 WHERE id BETWEEN 4797137 AND 4798136
	Bitmap Heap Scan on sbtest6  (cost=35.08..4025.68 rows=1039 width=121)
	  Recheck Cond: ((id >= 4797137) AND (id <= 4798136))
	  ->  Bitmap Index Scan on sbtest6_pkey  (cost=0.00..34.83 rows=1039 width=0)
	        Index Cond: ((id >= 4797137) AND (id <= 4798136))

table 7 : explain SELECT c FROM sbtest7 WHERE id BETWEEN 3956571 AND 3957570
	Bitmap Heap Scan on sbtest7  (cost=30.77..3905.14 rows=1008 width=121)
	  Recheck Cond: ((id >= 3956571) AND (id <= 3957570))
	  ->  Bitmap Index Scan on sbtest7_pkey  (cost=0.00..30.51 rows=1008 width=0)
	        Index Cond: ((id >= 3956571) AND (id <= 3957570))

table 8 : explain SELECT c FROM sbtest8 WHERE id BETWEEN 893391 AND 894390
	Bitmap Heap Scan on sbtest8  (cost=30.88..3946.63 rows=1019 width=121)
	  Recheck Cond: ((id >= 893391) AND (id <= 894390))
	  ->  Bitmap Index Scan on sbtest8_pkey  (cost=0.00..30.62 rows=1019 width=0)
	        Index Cond: ((id >= 893391) AND (id <= 894390))

for: sum_ranges
table 1 : explain SELECT SUM(k) FROM sbtest1 WHERE id BETWEEN 9218036 AND 9219035
	Aggregate  (cost=3926.43..3926.44 rows=1 width=8)
	  ->  Bitmap Heap Scan on sbtest1  (cost=30.82..3923.89 rows=1013 width=4)
	        Recheck Cond: ((id >= 9218036) AND (id <= 9219035))
	        ->  Bitmap Index Scan on sbtest1_pkey  (cost=0.00..30.57 rows=1013 width=0)
	              Index Cond: ((id >= 9218036) AND (id <= 9219035))

table 2 : explain SELECT SUM(k) FROM sbtest2 WHERE id BETWEEN 4931567 AND 4932566
	Aggregate  (cost=3559.66..3559.67 rows=1 width=8)
	  ->  Bitmap Heap Scan on sbtest2  (cost=29.82..3557.37 rows=916 width=4)
	        Recheck Cond: ((id >= 4931567) AND (id <= 4932566))
	        ->  Bitmap Index Scan on sbtest2_pkey  (cost=0.00..29.59 rows=916 width=0)
	              Index Cond: ((id >= 4931567) AND (id <= 4932566))

table 3 : explain SELECT SUM(k) FROM sbtest3 WHERE id BETWEEN 9186004 AND 9187003
	Aggregate  (cost=4058.52..4058.53 rows=1 width=8)
	  ->  Bitmap Heap Scan on sbtest3  (cost=35.17..4055.91 rows=1047 width=4)
	        Recheck Cond: ((id >= 9186004) AND (id <= 9187003))
	        ->  Bitmap Index Scan on sbtest3_pkey  (cost=0.00..34.91 rows=1047 width=0)
	              Index Cond: ((id >= 9186004) AND (id <= 9187003))

table 4 : explain SELECT SUM(k) FROM sbtest4 WHERE id BETWEEN 3070433 AND 3071432
	Aggregate  (cost=3990.96..3990.97 rows=1 width=8)
	  ->  Bitmap Heap Scan on sbtest4  (cost=30.99..3988.38 rows=1030 width=4)
	        Recheck Cond: ((id >= 3070433) AND (id <= 3071432))
	        ->  Bitmap Index Scan on sbtest4_pkey  (cost=0.00..30.73 rows=1030 width=0)
	              Index Cond: ((id >= 3070433) AND (id <= 3071432))

table 5 : explain SELECT SUM(k) FROM sbtest5 WHERE id BETWEEN 1838114 AND 1839113
	Aggregate  (cost=3730.01..3730.02 rows=1 width=8)
	  ->  Bitmap Heap Scan on sbtest5  (cost=30.29..3727.60 rows=961 width=4)
	        Recheck Cond: ((id >= 1838114) AND (id <= 1839113))
	        ->  Bitmap Index Scan on sbtest5_pkey  (cost=0.00..30.04 rows=961 width=0)
	              Index Cond: ((id >= 1838114) AND (id <= 1839113))

table 6 : explain SELECT SUM(k) FROM sbtest6 WHERE id BETWEEN 8698056 AND 8699055
	Aggregate  (cost=4250.61..4250.62 rows=1 width=8)
	  ->  Bitmap Heap Scan on sbtest6  (cost=35.69..4247.87 rows=1098 width=4)
	        Recheck Cond: ((id >= 8698056) AND (id <= 8699055))
	        ->  Bitmap Index Scan on sbtest6_pkey  (cost=0.00..35.42 rows=1098 width=0)
	              Index Cond: ((id >= 8698056) AND (id <= 8699055))

table 7 : explain SELECT SUM(k) FROM sbtest7 WHERE id BETWEEN 8689787 AND 8690786
	Aggregate  (cost=3650.58..3650.59 rows=1 width=8)
	  ->  Bitmap Heap Scan on sbtest7  (cost=30.07..3648.23 rows=940 width=4)
	        Recheck Cond: ((id >= 8689787) AND (id <= 8690786))
	        ->  Bitmap Index Scan on sbtest7_pkey  (cost=0.00..29.83 rows=940 width=0)
	              Index Cond: ((id >= 8689787) AND (id <= 8690786))

table 8 : explain SELECT SUM(k) FROM sbtest8 WHERE id BETWEEN 363173 AND 364172
	Aggregate  (cost=3726.23..3726.24 rows=1 width=8)
	  ->  Bitmap Heap Scan on sbtest8  (cost=30.27..3723.83 rows=960 width=4)
	        Recheck Cond: ((id >= 363173) AND (id <= 364172))
	        ->  Bitmap Index Scan on sbtest8_pkey  (cost=0.00..30.04 rows=960 width=0)
	              Index Cond: ((id >= 363173) AND (id <= 364172))

for: order_ranges
table 1 : explain SELECT c FROM sbtest1 WHERE id BETWEEN 7582063 AND 7583062 ORDER BY c
	Sort  (cost=4028.08..4030.64 rows=1027 width=121)
	  Sort Key: c
	  ->  Bitmap Heap Scan on sbtest1  (cost=30.96..3976.70 rows=1027 width=121)
	        Recheck Cond: ((id >= 7582063) AND (id <= 7583062))
	        ->  Bitmap Index Scan on sbtest1_pkey  (cost=0.00..30.70 rows=1027 width=0)
	              Index Cond: ((id >= 7582063) AND (id <= 7583062))

table 2 : explain SELECT c FROM sbtest2 WHERE id BETWEEN 7541537 AND 7542536 ORDER BY c
	Sort  (cost=3970.71..3973.24 rows=1012 width=121)
	  Sort Key: c
	  ->  Bitmap Heap Scan on sbtest2  (cost=30.81..3920.19 rows=1012 width=121)
	        Recheck Cond: ((id >= 7541537) AND (id <= 7542536))
	        ->  Bitmap Index Scan on sbtest2_pkey  (cost=0.00..30.55 rows=1012 width=0)
	              Index Cond: ((id >= 7541537) AND (id <= 7542536))

table 3 : explain SELECT c FROM sbtest3 WHERE id BETWEEN 7387600 AND 7388599 ORDER BY c
	Sort  (cost=4108.42..4111.04 rows=1047 width=121)
	  Sort Key: c
	  ->  Bitmap Heap Scan on sbtest3  (cost=35.17..4055.91 rows=1047 width=121)
	        Recheck Cond: ((id >= 7387600) AND (id <= 7388599))
	        ->  Bitmap Index Scan on sbtest3_pkey  (cost=0.00..34.91 rows=1047 width=0)
	              Index Cond: ((id >= 7387600) AND (id <= 7388599))

table 4 : explain SELECT c FROM sbtest4 WHERE id BETWEEN 9229578 AND 9230577 ORDER BY c
	Sort  (cost=3829.16..3831.60 rows=975 width=121)
	  Sort Key: c
	  ->  Bitmap Heap Scan on sbtest4  (cost=30.43..3780.76 rows=975 width=121)
	        Recheck Cond: ((id >= 9229578) AND (id <= 9230577))
	        ->  Bitmap Index Scan on sbtest4_pkey  (cost=0.00..30.18 rows=975 width=0)
	              Index Cond: ((id >= 9229578) AND (id <= 9230577))

table 5 : explain SELECT c FROM sbtest5 WHERE id BETWEEN 2362369 AND 2363368 ORDER BY c
	Sort  (cost=4012.85..4015.41 rows=1023 width=121)
	  Sort Key: c
	  ->  Bitmap Heap Scan on sbtest5  (cost=30.92..3961.71 rows=1023 width=121)
	        Recheck Cond: ((id >= 2362369) AND (id <= 2363368))
	        ->  Bitmap Index Scan on sbtest5_pkey  (cost=0.00..30.66 rows=1023 width=0)
	              Index Cond: ((id >= 2362369) AND (id <= 2363368))

table 6 : explain SELECT c FROM sbtest6 WHERE id BETWEEN 9065536 AND 9066535 ORDER BY c
	Sort  (cost=4165.72..4168.38 rows=1062 width=121)
	  Sort Key: c
	  ->  Bitmap Heap Scan on sbtest6  (cost=35.32..4112.35 rows=1062 width=121)
	        Recheck Cond: ((id >= 9065536) AND (id <= 9066535))
	        ->  Bitmap Index Scan on sbtest6_pkey  (cost=0.00..35.06 rows=1062 width=0)
	              Index Cond: ((id >= 9065536) AND (id <= 9066535))

table 7 : explain SELECT c FROM sbtest7 WHERE id BETWEEN 2976685 AND 2977684 ORDER BY c
	Sort  (cost=3625.52..3627.83 rows=922 width=121)
	  Sort Key: c
	  ->  Bitmap Heap Scan on sbtest7  (cost=29.89..3580.12 rows=922 width=121)
	        Recheck Cond: ((id >= 2976685) AND (id <= 2977684))
	        ->  Bitmap Index Scan on sbtest7_pkey  (cost=0.00..29.65 rows=922 width=0)
	              Index Cond: ((id >= 2976685) AND (id <= 2977684))

table 8 : explain SELECT c FROM sbtest8 WHERE id BETWEEN 9856651 AND 9857650 ORDER BY c
	Sort  (cost=3867.27..3869.73 rows=985 width=121)
	  Sort Key: c
	  ->  Bitmap Heap Scan on sbtest8  (cost=30.53..3818.29 rows=985 width=121)
	        Recheck Cond: ((id >= 9856651) AND (id <= 9857650))
	        ->  Bitmap Index Scan on sbtest8_pkey  (cost=0.00..30.29 rows=985 width=0)
	              Index Cond: ((id >= 9856651) AND (id <= 9857650))

for point_selects
table 1 : explain SELECT c FROM sbtest1 WHERE id=9058735
	Index Scan using sbtest1_pkey on sbtest1  (cost=0.43..8.45 rows=1 width=121)
	  Index Cond: (id = 9058735)

table 2 : explain SELECT c FROM sbtest2 WHERE id=9321308
	Index Scan using sbtest2_pkey on sbtest2  (cost=0.43..8.45 rows=1 width=121)
	  Index Cond: (id = 9321308)

table 3 : explain SELECT c FROM sbtest3 WHERE id=8155675
	Index Scan using sbtest3_pkey on sbtest3  (cost=0.43..8.45 rows=1 width=121)
	  Index Cond: (id = 8155675)

table 4 : explain SELECT c FROM sbtest4 WHERE id=1050191
	Index Scan using sbtest4_pkey on sbtest4  (cost=0.43..8.45 rows=1 width=121)
	  Index Cond: (id = 1050191)

table 5 : explain SELECT c FROM sbtest5 WHERE id=7179749
	Index Scan using sbtest5_pkey on sbtest5  (cost=0.43..8.45 rows=1 width=121)
	  Index Cond: (id = 7179749)

table 6 : explain SELECT c FROM sbtest6 WHERE id=8236932
	Index Scan using sbtest6_pkey on sbtest6  (cost=0.43..8.45 rows=1 width=121)
	  Index Cond: (id = 8236932)

table 7 : explain SELECT c FROM sbtest7 WHERE id=911226
	Index Scan using sbtest7_pkey on sbtest7  (cost=0.43..8.45 rows=1 width=121)
	  Index Cond: (id = 911226)

table 8 : explain SELECT c FROM sbtest8 WHERE id=2024011
	Index Scan using sbtest8_pkey on sbtest8  (cost=0.43..8.45 rows=1 width=121)
	  Index Cond: (id = 2024011)

explain: for point_selects :: explain SELECT c FROM sbtest%u WHERE id=%u
for: distinct_ranges
table 1 : explain SELECT DISTINCT c FROM sbtest1 WHERE id BETWEEN 8336736 AND 8337735 ORDER BY c
	Unique  (cost=3844.17..3849.06 rows=979 width=121)
	  ->  Sort  (cost=3844.17..3846.62 rows=979 width=121)
	        Sort Key: c
	        ->  Bitmap Heap Scan on sbtest1  (cost=30.47..3795.53 rows=979 width=121)
	              Recheck Cond: ((id >= 8336736) AND (id <= 8337735))
	              ->  Bitmap Index Scan on sbtest1_pkey  (cost=0.00..30.22 rows=979 width=0)
	                    Index Cond: ((id >= 8336736) AND (id <= 8337735))

table 2 : explain SELECT DISTINCT c FROM sbtest2 WHERE id BETWEEN 2837105 AND 2838104 ORDER BY c
	Unique  (cost=4307.52..4313.01 rows=1099 width=121)
	  ->  Sort  (cost=4307.52..4310.26 rows=1099 width=121)
	        Sort Key: c
	        ->  Bitmap Heap Scan on sbtest2  (cost=35.70..4252.01 rows=1099 width=121)
	              Recheck Cond: ((id >= 2837105) AND (id <= 2838104))
	              ->  Bitmap Index Scan on sbtest2_pkey  (cost=0.00..35.43 rows=1099 width=0)
	                    Index Cond: ((id >= 2837105) AND (id <= 2838104))

table 3 : explain SELECT DISTINCT c FROM sbtest3 WHERE id BETWEEN 315872 AND 316871 ORDER BY c
	Unique  (cost=3978.10..3983.17 rows=1014 width=121)
	  ->  Sort  (cost=3978.10..3980.64 rows=1014 width=121)
	        Sort Key: c
	        ->  Bitmap Heap Scan on sbtest3  (cost=30.83..3927.47 rows=1014 width=121)
	              Recheck Cond: ((id >= 315872) AND (id <= 316871))
	              ->  Bitmap Index Scan on sbtest3_pkey  (cost=0.00..30.57 rows=1014 width=0)
	                    Index Cond: ((id >= 315872) AND (id <= 316871))

table 4 : explain SELECT DISTINCT c FROM sbtest4 WHERE id BETWEEN 4374386 AND 4375385 ORDER BY c
	Unique  (cost=4109.00..4114.23 rows=1047 width=121)
	  ->  Sort  (cost=4109.00..4111.61 rows=1047 width=121)
	        Sort Key: c
	        ->  Bitmap Heap Scan on sbtest4  (cost=35.17..4056.48 rows=1047 width=121)
	              Recheck Cond: ((id >= 4374386) AND (id <= 4375385))
	              ->  Bitmap Index Scan on sbtest4_pkey  (cost=0.00..34.91 rows=1047 width=0)
	                    Index Cond: ((id >= 4374386) AND (id <= 4375385))

table 5 : explain SELECT DISTINCT c FROM sbtest5 WHERE id BETWEEN 400150 AND 401149 ORDER BY c
	Unique  (cost=3713.81..3718.54 rows=945 width=121)
	  ->  Sort  (cost=3713.81..3716.18 rows=945 width=121)
	        Sort Key: c
	        ->  Bitmap Heap Scan on sbtest5  (cost=30.12..3667.11 rows=945 width=121)
	              Recheck Cond: ((id >= 400150) AND (id <= 401149))
	              ->  Bitmap Index Scan on sbtest5_pkey  (cost=0.00..29.89 rows=945 width=0)
	                    Index Cond: ((id >= 400150) AND (id <= 401149))

table 6 : explain SELECT DISTINCT c FROM sbtest6 WHERE id BETWEEN 2202470 AND 2203469 ORDER BY c
	Unique  (cost=4096.87..4102.09 rows=1044 width=121)
	  ->  Sort  (cost=4096.87..4099.48 rows=1044 width=121)
	        Sort Key: c
	        ->  Bitmap Heap Scan on sbtest6  (cost=35.14..4044.53 rows=1044 width=121)
	              Recheck Cond: ((id >= 2202470) AND (id <= 2203469))
	              ->  Bitmap Index Scan on sbtest6_pkey  (cost=0.00..34.88 rows=1044 width=0)
	                    Index Cond: ((id >= 2202470) AND (id <= 2203469))

table 7 : explain SELECT DISTINCT c FROM sbtest7 WHERE id BETWEEN 9748654 AND 9749653 ORDER BY c
	Unique  (cost=3878.79..3883.73 rows=988 width=121)
	  ->  Sort  (cost=3878.79..3881.26 rows=988 width=121)
	        Sort Key: c
	        ->  Bitmap Heap Scan on sbtest7  (cost=30.56..3829.64 rows=988 width=121)
	              Recheck Cond: ((id >= 9748654) AND (id <= 9749653))
	              ->  Bitmap Index Scan on sbtest7_pkey  (cost=0.00..30.32 rows=988 width=0)
	                    Index Cond: ((id >= 9748654) AND (id <= 9749653))

table 8 : explain SELECT DISTINCT c FROM sbtest8 WHERE id BETWEEN 8266419 AND 8267418 ORDER BY c
	Unique  (cost=3901.76..3906.73 rows=994 width=121)
	  ->  Sort  (cost=3901.76..3904.25 rows=994 width=121)
	        Sort Key: c
	        ->  Bitmap Heap Scan on sbtest8  (cost=30.62..3852.28 rows=994 width=121)
	              Recheck Cond: ((id >= 8266419) AND (id <= 8267418))
	              ->  Bitmap Index Scan on sbtest8_pkey  (cost=0.00..30.37 rows=994 width=0)
	                    Index Cond: ((id >= 8266419) AND (id <= 8267418))

for point_selects
table 1 : explain SELECT c FROM sbtest1 WHERE id=8324121
	Index Scan using sbtest1_pkey on sbtest1  (cost=0.43..8.45 rows=1 width=121)
	  Index Cond: (id = 8324121)

table 2 : explain SELECT c FROM sbtest2 WHERE id=8811401
	Index Scan using sbtest2_pkey on sbtest2  (cost=0.43..8.45 rows=1 width=121)
	  Index Cond: (id = 8811401)

table 3 : explain SELECT c FROM sbtest3 WHERE id=1438052
	Index Scan using sbtest3_pkey on sbtest3  (cost=0.43..8.45 rows=1 width=121)
	  Index Cond: (id = 1438052)

table 4 : explain SELECT c FROM sbtest4 WHERE id=8180646
	Index Scan using sbtest4_pkey on sbtest4  (cost=0.43..8.45 rows=1 width=121)
	  Index Cond: (id = 8180646)

table 5 : explain SELECT c FROM sbtest5 WHERE id=2201461
	Index Scan using sbtest5_pkey on sbtest5  (cost=0.43..8.45 rows=1 width=121)
	  Index Cond: (id = 2201461)

table 6 : explain SELECT c FROM sbtest6 WHERE id=3771215
	Index Scan using sbtest6_pkey on sbtest6  (cost=0.43..8.45 rows=1 width=121)
	  Index Cond: (id = 3771215)

table 7 : explain SELECT c FROM sbtest7 WHERE id=7277478
	Index Scan using sbtest7_pkey on sbtest7  (cost=0.43..8.45 rows=1 width=121)
	  Index Cond: (id = 7277478)

table 8 : explain SELECT c FROM sbtest8 WHERE id=8423363
	Index Scan using sbtest8_pkey on sbtest8  (cost=0.43..8.45 rows=1 width=121)
	  Index Cond: (id = 8423363)

explain: for point_selects :: explain SELECT c FROM sbtest%u WHERE id=%u
for: sum_ranges
table 1 : explain SELECT SUM(k) FROM sbtest1 WHERE id BETWEEN 9744928 AND 9745927
	Aggregate  (cost=3642.90..3642.91 rows=1 width=8)
	  ->  Bitmap Heap Scan on sbtest1  (cost=30.05..3640.56 rows=938 width=4)
	        Recheck Cond: ((id >= 9744928) AND (id <= 9745927))
	        ->  Bitmap Index Scan on sbtest1_pkey  (cost=0.00..29.82 rows=938 width=0)
	              Index Cond: ((id >= 9744928) AND (id <= 9745927))

table 2 : explain SELECT SUM(k) FROM sbtest2 WHERE id BETWEEN 5206921 AND 5207920
	Aggregate  (cost=3816.95..3816.96 rows=1 width=8)
	  ->  Bitmap Heap Scan on sbtest2  (cost=30.52..3814.49 rows=984 width=4)
	        Recheck Cond: ((id >= 5206921) AND (id <= 5207920))
	        ->  Bitmap Index Scan on sbtest2_pkey  (cost=0.00..30.27 rows=984 width=0)
	              Index Cond: ((id >= 5206921) AND (id <= 5207920))

table 3 : explain SELECT SUM(k) FROM sbtest3 WHERE id BETWEEN 7122268 AND 7123267
	Aggregate  (cost=3676.79..3676.80 rows=1 width=8)
	  ->  Bitmap Heap Scan on sbtest3  (cost=30.14..3674.42 rows=947 width=4)
	        Recheck Cond: ((id >= 7122268) AND (id <= 7123267))
	        ->  Bitmap Index Scan on sbtest3_pkey  (cost=0.00..29.90 rows=947 width=0)
	              Index Cond: ((id >= 7122268) AND (id <= 7123267))

table 4 : explain SELECT SUM(k) FROM sbtest4 WHERE id BETWEEN 6830814 AND 6831813
	Aggregate  (cost=4085.50..4085.51 rows=1 width=8)
	  ->  Bitmap Heap Scan on sbtest4  (cost=35.24..4082.86 rows=1054 width=4)
	        Recheck Cond: ((id >= 6830814) AND (id <= 6831813))
	        ->  Bitmap Index Scan on sbtest4_pkey  (cost=0.00..34.98 rows=1054 width=0)
	              Index Cond: ((id >= 6830814) AND (id <= 6831813))

table 5 : explain SELECT SUM(k) FROM sbtest5 WHERE id BETWEEN 2291156 AND 2292155
	Aggregate  (cost=3964.26..3964.27 rows=1 width=8)
	  ->  Bitmap Heap Scan on sbtest5  (cost=30.92..3961.71 rows=1023 width=4)
	        Recheck Cond: ((id >= 2291156) AND (id <= 2292155))
	        ->  Bitmap Index Scan on sbtest5_pkey  (cost=0.00..30.66 rows=1023 width=0)
	              Index Cond: ((id >= 2291156) AND (id <= 2292155))

table 6 : explain SELECT SUM(k) FROM sbtest6 WHERE id BETWEEN 8095622 AND 8096621
	Aggregate  (cost=4054.68..4054.69 rows=1 width=8)
	  ->  Bitmap Heap Scan on sbtest6  (cost=35.16..4052.06 rows=1046 width=4)
	        Recheck Cond: ((id >= 8095622) AND (id <= 8096621))
	        ->  Bitmap Index Scan on sbtest6_pkey  (cost=0.00..34.90 rows=1046 width=0)
	              Index Cond: ((id >= 8095622) AND (id <= 8096621))

table 7 : explain SELECT SUM(k) FROM sbtest7 WHERE id BETWEEN 1479167 AND 1480166
	Aggregate  (cost=3552.12..3552.13 rows=1 width=8)
	  ->  Bitmap Heap Scan on sbtest7  (cost=29.80..3549.84 rows=914 width=4)
	        Recheck Cond: ((id >= 1479167) AND (id <= 1480166))
	        ->  Bitmap Index Scan on sbtest7_pkey  (cost=0.00..29.57 rows=914 width=0)
	              Index Cond: ((id >= 1479167) AND (id <= 1480166))

table 8 : explain SELECT SUM(k) FROM sbtest8 WHERE id BETWEEN 1017157 AND 1018156
	Aggregate  (cost=3937.85..3937.86 rows=1 width=8)
	  ->  Bitmap Heap Scan on sbtest8  (cost=30.85..3935.31 rows=1016 width=4)
	        Recheck Cond: ((id >= 1017157) AND (id <= 1018156))
	        ->  Bitmap Index Scan on sbtest8_pkey  (cost=0.00..30.59 rows=1016 width=0)
	              Index Cond: ((id >= 1017157) AND (id <= 1018156))

explain: for point_selects :: explain SELECT c FROM sbtest%u WHERE id=%u
for: order_ranges
table 1 : explain SELECT c FROM sbtest1 WHERE id BETWEEN 2788734 AND 2789733 ORDER BY c
	Sort  (cost=3801.98..3804.40 rows=968 width=121)
	  Sort Key: c
	  ->  Bitmap Heap Scan on sbtest1  (cost=30.36..3753.98 rows=968 width=121)
	        Recheck Cond: ((id >= 2788734) AND (id <= 2789733))
	        ->  Bitmap Index Scan on sbtest1_pkey  (cost=0.00..30.11 rows=968 width=0)
	              Index Cond: ((id >= 2788734) AND (id <= 2789733))

table 2 : explain SELECT c FROM sbtest2 WHERE id BETWEEN 3688727 AND 3689726 ORDER BY c
	Sort  (cost=4223.44..4226.13 rows=1077 width=121)
	  Sort Key: c
	  ->  Bitmap Heap Scan on sbtest2  (cost=35.47..4169.20 rows=1077 width=121)
	        Recheck Cond: ((id >= 3688727) AND (id <= 3689726))
	        ->  Bitmap Index Scan on sbtest2_pkey  (cost=0.00..35.20 rows=1077 width=0)
	              Index Cond: ((id >= 3688727) AND (id <= 3689726))

table 3 : explain SELECT c FROM sbtest3 WHERE id BETWEEN 8686907 AND 8687906 ORDER BY c
	Sort  (cost=4303.40..4306.14 rows=1098 width=121)
	  Sort Key: c
	  ->  Bitmap Heap Scan on sbtest3  (cost=35.69..4247.95 rows=1098 width=121)
	        Recheck Cond: ((id >= 8686907) AND (id <= 8687906))
	        ->  Bitmap Index Scan on sbtest3_pkey  (cost=0.00..35.42 rows=1098 width=0)
	              Index Cond: ((id >= 8686907) AND (id <= 8687906))

table 4 : explain SELECT c FROM sbtest4 WHERE id BETWEEN 3702978 AND 3703977 ORDER BY c
	Sort  (cost=4036.10..4038.67 rows=1029 width=121)
	  Sort Key: c
	  ->  Bitmap Heap Scan on sbtest4  (cost=30.98..3984.61 rows=1029 width=121)
	        Recheck Cond: ((id >= 3702978) AND (id <= 3703977))
	        ->  Bitmap Index Scan on sbtest4_pkey  (cost=0.00..30.72 rows=1029 width=0)
	              Index Cond: ((id >= 3702978) AND (id <= 3703977))

table 5 : explain SELECT c FROM sbtest5 WHERE id BETWEEN 9479476 AND 9480475 ORDER BY c
	Sort  (cost=3825.08..3827.51 rows=974 width=121)
	  Sort Key: c
	  ->  Bitmap Heap Scan on sbtest5  (cost=30.42..3776.73 rows=974 width=121)
	        Recheck Cond: ((id >= 9479476) AND (id <= 9480475))
	        ->  Bitmap Index Scan on sbtest5_pkey  (cost=0.00..30.18 rows=974 width=0)
	              Index Cond: ((id >= 9479476) AND (id <= 9480475))

table 6 : explain SELECT c FROM sbtest6 WHERE id BETWEEN 4095953 AND 4096952 ORDER BY c
	Sort  (cost=3682.79..3685.13 rows=937 width=121)
	  Sort Key: c
	  ->  Bitmap Heap Scan on sbtest6  (cost=30.04..3636.54 rows=937 width=121)
	        Recheck Cond: ((id >= 4095953) AND (id <= 4096952))
	        ->  Bitmap Index Scan on sbtest6_pkey  (cost=0.00..29.80 rows=937 width=0)
	              Index Cond: ((id >= 4095953) AND (id <= 4096952))

table 7 : explain SELECT c FROM sbtest7 WHERE id BETWEEN 7107907 AND 7108906 ORDER BY c
	Sort  (cost=3660.09..3662.42 rows=931 width=121)
	  Sort Key: c
	  ->  Bitmap Heap Scan on sbtest7  (cost=29.98..3614.18 rows=931 width=121)
	        Recheck Cond: ((id >= 7107907) AND (id <= 7108906))
	        ->  Bitmap Index Scan on sbtest7_pkey  (cost=0.00..29.75 rows=931 width=0)
	              Index Cond: ((id >= 7107907) AND (id <= 7108906))

table 8 : explain SELECT c FROM sbtest8 WHERE id BETWEEN 7235611 AND 7236610 ORDER BY c
	Sort  (cost=4364.84..4367.63 rows=1114 width=121)
	  Sort Key: c
	  ->  Bitmap Heap Scan on sbtest8  (cost=35.85..4308.46 rows=1114 width=121)
	        Recheck Cond: ((id >= 7235611) AND (id <= 7236610))
	        ->  Bitmap Index Scan on sbtest8_pkey  (cost=0.00..35.58 rows=1114 width=0)
	              Index Cond: ((id >= 7235611) AND (id <= 7236610))

explain: for point_selects :: explain SELECT c FROM sbtest%u WHERE id=%u
for: distinct_ranges
table 1 : explain SELECT DISTINCT c FROM sbtest1 WHERE id BETWEEN 3972702 AND 3973701 ORDER BY c
	Unique  (cost=4162.00..4167.31 rows=1062 width=121)
	  ->  Sort  (cost=4162.00..4164.66 rows=1062 width=121)
	        Sort Key: c
	        ->  Bitmap Heap Scan on sbtest1  (cost=31.32..4108.63 rows=1062 width=121)
	              Recheck Cond: ((id >= 3972702) AND (id <= 3973701))
	              ->  Bitmap Index Scan on sbtest1_pkey  (cost=0.00..31.05 rows=1062 width=0)
	                    Index Cond: ((id >= 3972702) AND (id <= 3973701))

table 2 : explain SELECT DISTINCT c FROM sbtest2 WHERE id BETWEEN 6796897 AND 6797896 ORDER BY c
	Unique  (cost=3571.69..3576.23 rows=908 width=121)
	  ->  Sort  (cost=3571.69..3573.96 rows=908 width=121)
	        Sort Key: c
	        ->  Bitmap Heap Scan on sbtest2  (cost=29.74..3527.08 rows=908 width=121)
	              Recheck Cond: ((id >= 6796897) AND (id <= 6797896))
	              ->  Bitmap Index Scan on sbtest2_pkey  (cost=0.00..29.51 rows=908 width=0)
	                    Index Cond: ((id >= 6796897) AND (id <= 6797896))

table 3 : explain SELECT DISTINCT c FROM sbtest3 WHERE id BETWEEN 4399757 AND 4400756 ORDER BY c
	Unique  (cost=3966.61..3971.67 rows=1011 width=121)
	  ->  Sort  (cost=3966.61..3969.14 rows=1011 width=121)
	        Sort Key: c
	        ->  Bitmap Heap Scan on sbtest3  (cost=30.80..3916.16 rows=1011 width=121)
	              Recheck Cond: ((id >= 4399757) AND (id <= 4400756))
	              ->  Bitmap Index Scan on sbtest3_pkey  (cost=0.00..30.54 rows=1011 width=0)
	                    Index Cond: ((id >= 4399757) AND (id <= 4400756))

table 4 : explain SELECT DISTINCT c FROM sbtest4 WHERE id BETWEEN 3270713 AND 3271712 ORDER BY c
	Unique  (cost=3928.84..3933.85 rows=1001 width=121)
	  ->  Sort  (cost=3928.84..3931.34 rows=1001 width=121)
	        Sort Key: c
	        ->  Bitmap Heap Scan on sbtest4  (cost=30.70..3878.95 rows=1001 width=121)
	              Recheck Cond: ((id >= 3270713) AND (id <= 3271712))
	              ->  Bitmap Index Scan on sbtest4_pkey  (cost=0.00..30.44 rows=1001 width=0)
	                    Index Cond: ((id >= 3270713) AND (id <= 3271712))

table 5 : explain SELECT DISTINCT c FROM sbtest5 WHERE id BETWEEN 6352619 AND 6353618 ORDER BY c
	Unique  (cost=3886.42..3891.37 rows=990 width=121)
	  ->  Sort  (cost=3886.42..3888.90 rows=990 width=121)
	        Sort Key: c
	        ->  Bitmap Heap Scan on sbtest5  (cost=30.58..3837.16 rows=990 width=121)
	              Recheck Cond: ((id >= 6352619) AND (id <= 6353618))
	              ->  Bitmap Index Scan on sbtest5_pkey  (cost=0.00..30.33 rows=990 width=0)
	                    Index Cond: ((id >= 6352619) AND (id <= 6353618))

table 6 : explain SELECT DISTINCT c FROM sbtest6 WHERE id BETWEEN 2975487 AND 2976486 ORDER BY c
	Unique  (cost=3878.42..3883.36 rows=988 width=121)
	  ->  Sort  (cost=3878.42..3880.89 rows=988 width=121)
	        Sort Key: c
	        ->  Bitmap Heap Scan on sbtest6  (cost=30.56..3829.27 rows=988 width=121)
	              Recheck Cond: ((id >= 2975487) AND (id <= 2976486))
	              ->  Bitmap Index Scan on sbtest6_pkey  (cost=0.00..30.32 rows=988 width=0)
	                    Index Cond: ((id >= 2975487) AND (id <= 2976486))

table 7 : explain SELECT DISTINCT c FROM sbtest7 WHERE id BETWEEN 9508857 AND 9509856 ORDER BY c
	Unique  (cost=3917.11..3922.10 rows=998 width=121)
	  ->  Sort  (cost=3917.11..3919.61 rows=998 width=121)
	        Sort Key: c
	        ->  Bitmap Heap Scan on sbtest7  (cost=30.66..3867.40 rows=998 width=121)
	              Recheck Cond: ((id >= 9508857) AND (id <= 9509856))
	              ->  Bitmap Index Scan on sbtest7_pkey  (cost=0.00..30.41 rows=998 width=0)
	                    Index Cond: ((id >= 9508857) AND (id <= 9509856))

table 8 : explain SELECT DISTINCT c FROM sbtest8 WHERE id BETWEEN 97799 AND 98798 ORDER BY c
	Unique  (cost=3940.08..3945.10 rows=1004 width=121)
	  ->  Sort  (cost=3940.08..3942.59 rows=1004 width=121)
	        Sort Key: c
	        ->  Bitmap Heap Scan on sbtest8  (cost=30.73..3890.03 rows=1004 width=121)
	              Recheck Cond: ((id >= 97799) AND (id <= 98798))
	              ->  Bitmap Index Scan on sbtest8_pkey  (cost=0.00..30.47 rows=1004 width=0)
	                    Index Cond: ((id >= 97799) AND (id <= 98798))

for: simple_ranges
table 1 : explain SELECT c FROM sbtest1 WHERE id BETWEEN 1227186 AND 1228185
	Bitmap Heap Scan on sbtest1  (cost=35.62..4221.82 rows=1091 width=121)
	  Recheck Cond: ((id >= 1227186) AND (id <= 1228185))
	  ->  Bitmap Index Scan on sbtest1_pkey  (cost=0.00..35.34 rows=1091 width=0)
	        Index Cond: ((id >= 1227186) AND (id <= 1228185))

table 2 : explain SELECT c FROM sbtest2 WHERE id BETWEEN 3255958 AND 3256957
	Bitmap Heap Scan on sbtest2  (cost=35.73..4263.29 rows=1102 width=121)
	  Recheck Cond: ((id >= 3255958) AND (id <= 3256957))
	  ->  Bitmap Index Scan on sbtest2_pkey  (cost=0.00..35.45 rows=1102 width=0)
	        Index Cond: ((id >= 3255958) AND (id <= 3256957))

table 3 : explain SELECT c FROM sbtest3 WHERE id BETWEEN 8935323 AND 8936322
	Bitmap Heap Scan on sbtest3  (cost=30.23..3708.45 rows=956 width=121)
	  Recheck Cond: ((id >= 8935323) AND (id <= 8936322))
	  ->  Bitmap Index Scan on sbtest3_pkey  (cost=0.00..30.00 rows=956 width=0)
	        Index Cond: ((id >= 8935323) AND (id <= 8936322))

table 4 : explain SELECT c FROM sbtest4 WHERE id BETWEEN 9019952 AND 9020951
	Bitmap Heap Scan on sbtest4  (cost=30.83..3928.02 rows=1014 width=121)
	  Recheck Cond: ((id >= 9019952) AND (id <= 9020951))
	  ->  Bitmap Index Scan on sbtest4_pkey  (cost=0.00..30.57 rows=1014 width=0)
	        Index Cond: ((id >= 9019952) AND (id <= 9020951))

table 5 : explain SELECT c FROM sbtest5 WHERE id BETWEEN 6639656 AND 6640655
	Bitmap Heap Scan on sbtest5  (cost=35.23..4078.81 rows=1053 width=121)
	  Recheck Cond: ((id >= 6639656) AND (id <= 6640655))
	  ->  Bitmap Index Scan on sbtest5_pkey  (cost=0.00..34.97 rows=1053 width=0)
	        Index Cond: ((id >= 6639656) AND (id <= 6640655))

table 6 : explain SELECT c FROM sbtest6 WHERE id BETWEEN 9974566 AND 9975565
	Bitmap Heap Scan on sbtest6  (cost=30.43..3780.18 rows=975 width=121)
	  Recheck Cond: ((id >= 9974566) AND (id <= 9975565))
	  ->  Bitmap Index Scan on sbtest6_pkey  (cost=0.00..30.18 rows=975 width=0)
	        Index Cond: ((id >= 9974566) AND (id <= 9975565))

table 7 : explain SELECT c FROM sbtest7 WHERE id BETWEEN 4982554 AND 4983553
	Bitmap Heap Scan on sbtest7  (cost=35.59..4210.66 rows=1088 width=121)
	  Recheck Cond: ((id >= 4982554) AND (id <= 4983553))
	  ->  Bitmap Index Scan on sbtest7_pkey  (cost=0.00..35.32 rows=1088 width=0)
	        Index Cond: ((id >= 4982554) AND (id <= 4983553))

table 8 : explain SELECT c FROM sbtest8 WHERE id BETWEEN 1788532 AND 1789531
	Bitmap Heap Scan on sbtest8  (cost=30.29..3727.61 rows=961 width=121)
	  Recheck Cond: ((id >= 1788532) AND (id <= 1789531))
	  ->  Bitmap Index Scan on sbtest8_pkey  (cost=0.00..30.04 rows=961 width=0)
	        Index Cond: ((id >= 1788532) AND (id <= 1789531))

for: distinct_ranges
table 1 : explain SELECT DISTINCT c FROM sbtest1 WHERE id BETWEEN 3785532 AND 3786531 ORDER BY c
	Unique  (cost=3943.82..3948.84 rows=1005 width=121)
	  ->  Sort  (cost=3943.82..3946.33 rows=1005 width=121)
	        Sort Key: c
	        ->  Bitmap Heap Scan on sbtest1  (cost=30.74..3893.70 rows=1005 width=121)
	              Recheck Cond: ((id >= 3785532) AND (id <= 3786531))
	              ->  Bitmap Index Scan on sbtest1_pkey  (cost=0.00..30.48 rows=1005 width=0)
	                    Index Cond: ((id >= 3785532) AND (id <= 3786531))

table 2 : explain SELECT DISTINCT c FROM sbtest2 WHERE id BETWEEN 5926721 AND 5927720 ORDER BY c
	Unique  (cost=3748.34..3753.11 rows=954 width=121)
	  ->  Sort  (cost=3748.34..3750.72 rows=954 width=121)
	        Sort Key: c
	        ->  Bitmap Heap Scan on sbtest2  (cost=30.21..3701.13 rows=954 width=121)
	              Recheck Cond: ((id >= 5926721) AND (id <= 5927720))
	              ->  Bitmap Index Scan on sbtest2_pkey  (cost=0.00..29.97 rows=954 width=0)
	                    Index Cond: ((id >= 5926721) AND (id <= 5927720))

table 3 : explain SELECT DISTINCT c FROM sbtest3 WHERE id BETWEEN 7296860 AND 7297859 ORDER BY c
	Unique  (cost=4505.79..4511.55 rows=1152 width=121)
	  ->  Sort  (cost=4505.79..4508.67 rows=1152 width=121)
	        Sort Key: c
	        ->  Bitmap Heap Scan on sbtest3  (cost=36.24..4447.21 rows=1152 width=121)
	              Recheck Cond: ((id >= 7296860) AND (id <= 7297859))
	              ->  Bitmap Index Scan on sbtest3_pkey  (cost=0.00..35.95 rows=1152 width=0)
	                    Index Cond: ((id >= 7296860) AND (id <= 7297859))

table 4 : explain SELECT DISTINCT c FROM sbtest4 WHERE id BETWEEN 3812264 AND 3813263 ORDER BY c
	Unique  (cost=3917.34..3922.33 rows=998 width=121)
	  ->  Sort  (cost=3917.34..3919.84 rows=998 width=121)
	        Sort Key: c
	        ->  Bitmap Heap Scan on sbtest4  (cost=30.66..3867.63 rows=998 width=121)
	              Recheck Cond: ((id >= 3812264) AND (id <= 3813263))
	              ->  Bitmap Index Scan on sbtest4_pkey  (cost=0.00..30.41 rows=998 width=0)
	                    Index Cond: ((id >= 3812264) AND (id <= 3813263))

table 5 : explain SELECT DISTINCT c FROM sbtest5 WHERE id BETWEEN 3967018 AND 3968017 ORDER BY c
	Unique  (cost=3905.59..3910.56 rows=995 width=121)
	  ->  Sort  (cost=3905.59..3908.07 rows=995 width=121)
	        Sort Key: c
	        ->  Bitmap Heap Scan on sbtest5  (cost=30.63..3856.04 rows=995 width=121)
	              Recheck Cond: ((id >= 3967018) AND (id <= 3968017))
	              ->  Bitmap Index Scan on sbtest5_pkey  (cost=0.00..30.39 rows=995 width=0)
	                    Index Cond: ((id >= 3967018) AND (id <= 3968017))

table 6 : explain SELECT DISTINCT c FROM sbtest6 WHERE id BETWEEN 4140904 AND 4141903 ORDER BY c
	Unique  (cost=3682.79..3687.48 rows=937 width=121)
	  ->  Sort  (cost=3682.79..3685.13 rows=937 width=121)
	        Sort Key: c
	        ->  Bitmap Heap Scan on sbtest6  (cost=30.04..3636.54 rows=937 width=121)
	              Recheck Cond: ((id >= 4140904) AND (id <= 4141903))
	              ->  Bitmap Index Scan on sbtest6_pkey  (cost=0.00..29.80 rows=937 width=0)
	                    Index Cond: ((id >= 4140904) AND (id <= 4141903))

table 7 : explain SELECT DISTINCT c FROM sbtest7 WHERE id BETWEEN 4257017 AND 4258016 ORDER BY c
	Unique  (cost=3805.93..3810.78 rows=969 width=121)
	  ->  Sort  (cost=3805.93..3808.35 rows=969 width=121)
	        Sort Key: c
	        ->  Bitmap Heap Scan on sbtest7  (cost=30.37..3757.87 rows=969 width=121)
	              Recheck Cond: ((id >= 4257017) AND (id <= 4258016))
	              ->  Bitmap Index Scan on sbtest7_pkey  (cost=0.00..30.12 rows=969 width=0)
	                    Index Cond: ((id >= 4257017) AND (id <= 4258016))

table 8 : explain SELECT DISTINCT c FROM sbtest8 WHERE id BETWEEN 2519152 AND 2520151 ORDER BY c
	Unique  (cost=4334.29..4339.82 rows=1106 width=121)
	  ->  Sort  (cost=4334.29..4337.05 rows=1106 width=121)
	        Sort Key: c
	        ->  Bitmap Heap Scan on sbtest8  (cost=35.77..4278.37 rows=1106 width=121)
	              Recheck Cond: ((id >= 2519152) AND (id <= 2520151))
	              ->  Bitmap Index Scan on sbtest8_pkey  (cost=0.00..35.50 rows=1106 width=0)
	                    Index Cond: ((id >= 2519152) AND (id <= 2520151))

for: order_ranges
table 1 : explain SELECT c FROM sbtest1 WHERE id BETWEEN 2495031 AND 2496030 ORDER BY c
	Sort  (cost=3706.06..3708.41 rows=943 width=121)
	  Sort Key: c
	  ->  Bitmap Heap Scan on sbtest1  (cost=30.10..3659.47 rows=943 width=121)
	        Recheck Cond: ((id >= 2495031) AND (id <= 2496030))
	        ->  Bitmap Index Scan on sbtest1_pkey  (cost=0.00..29.86 rows=943 width=0)
	              Index Cond: ((id >= 2495031) AND (id <= 2496030))

table 2 : explain SELECT c FROM sbtest2 WHERE id BETWEEN 2969871 AND 2970870 ORDER BY c
	Sort  (cost=3986.03..3988.57 rows=1016 width=121)
	  Sort Key: c
	  ->  Bitmap Heap Scan on sbtest2  (cost=30.85..3935.28 rows=1016 width=121)
	        Recheck Cond: ((id >= 2969871) AND (id <= 2970870))
	        ->  Bitmap Index Scan on sbtest2_pkey  (cost=0.00..30.59 rows=1016 width=0)
	              Index Cond: ((id >= 2969871) AND (id <= 2970870))

table 3 : explain SELECT c FROM sbtest3 WHERE id BETWEEN 8136906 AND 8137905 ORDER BY c
	Sort  (cost=4142.85..4145.49 rows=1056 width=121)
	  Sort Key: c
	  ->  Bitmap Heap Scan on sbtest3  (cost=35.26..4089.82 rows=1056 width=121)
	        Recheck Cond: ((id >= 8136906) AND (id <= 8137905))
	        ->  Bitmap Index Scan on sbtest3_pkey  (cost=0.00..35.00 rows=1056 width=0)
	              Index Cond: ((id >= 8136906) AND (id <= 8137905))

table 4 : explain SELECT c FROM sbtest4 WHERE id BETWEEN 497416 AND 498415 ORDER BY c
	Sort  (cost=4055.24..4057.82 rows=1034 width=121)
	  Sort Key: c
	  ->  Bitmap Heap Scan on sbtest4  (cost=31.03..4003.47 rows=1034 width=121)
	        Recheck Cond: ((id >= 497416) AND (id <= 498415))
	        ->  Bitmap Index Scan on sbtest4_pkey  (cost=0.00..30.77 rows=1034 width=0)
	              Index Cond: ((id >= 497416) AND (id <= 498415))

table 5 : explain SELECT c FROM sbtest5 WHERE id BETWEEN 8279213 AND 8280212 ORDER BY c
	Sort  (cost=3675.42..3677.76 rows=935 width=121)
	  Sort Key: c
	  ->  Bitmap Heap Scan on sbtest5  (cost=30.02..3629.29 rows=935 width=121)
	        Recheck Cond: ((id >= 8279213) AND (id <= 8280212))
	        ->  Bitmap Index Scan on sbtest5_pkey  (cost=0.00..29.79 rows=935 width=0)
	              Index Cond: ((id >= 8279213) AND (id <= 8280212))

table 6 : explain SELECT c FROM sbtest6 WHERE id BETWEEN 7903129 AND 7904128 ORDER BY c
	Sort  (cost=3605.99..3608.28 rows=917 width=121)
	  Sort Key: c
	  ->  Bitmap Heap Scan on sbtest6  (cost=29.83..3560.87 rows=917 width=121)
	        Recheck Cond: ((id >= 7903129) AND (id <= 7904128))
	        ->  Bitmap Index Scan on sbtest6_pkey  (cost=0.00..29.61 rows=917 width=0)
	              Index Cond: ((id >= 7903129) AND (id <= 7904128))

table 7 : explain SELECT c FROM sbtest7 WHERE id BETWEEN 8669211 AND 8670210 ORDER BY c
	Sort  (cost=3694.65..3697.00 rows=940 width=121)
	  Sort Key: c
	  ->  Bitmap Heap Scan on sbtest7  (cost=30.07..3648.23 rows=940 width=121)
	        Recheck Cond: ((id >= 8669211) AND (id <= 8670210))
	        ->  Bitmap Index Scan on sbtest7_pkey  (cost=0.00..29.83 rows=940 width=0)
	              Index Cond: ((id >= 8669211) AND (id <= 8670210))

table 8 : explain SELECT c FROM sbtest8 WHERE id BETWEEN 6450299 AND 6451298 ORDER BY c
	Sort  (cost=4066.63..4069.22 rows=1036 width=121)
	  Sort Key: c
	  ->  Bitmap Heap Scan on sbtest8  (cost=35.05..4014.74 rows=1036 width=121)
	        Recheck Cond: ((id >= 6450299) AND (id <= 6451298))
	        ->  Bitmap Index Scan on sbtest8_pkey  (cost=0.00..34.80 rows=1036 width=0)
	              Index Cond: ((id >= 6450299) AND (id <= 6451298))

for: distinct_ranges
table 1 : explain SELECT DISTINCT c FROM sbtest1 WHERE id BETWEEN 7850757 AND 7851756 ORDER BY c
	Unique  (cost=3897.84..3902.80 rows=993 width=121)
	  ->  Sort  (cost=3897.84..3900.32 rows=993 width=121)
	        Sort Key: c
	        ->  Bitmap Heap Scan on sbtest1  (cost=30.61..3848.41 rows=993 width=121)
	              Recheck Cond: ((id >= 7850757) AND (id <= 7851756))
	              ->  Bitmap Index Scan on sbtest1_pkey  (cost=0.00..30.36 rows=993 width=0)
	                    Index Cond: ((id >= 7850757) AND (id <= 7851756))

table 2 : explain SELECT DISTINCT c FROM sbtest2 WHERE id BETWEEN 7505532 AND 7506531 ORDER BY c
	Unique  (cost=4070.43..4075.62 rows=1037 width=121)
	  ->  Sort  (cost=4070.43..4073.02 rows=1037 width=121)
	        Sort Key: c
	        ->  Bitmap Heap Scan on sbtest2  (cost=35.06..4018.49 rows=1037 width=121)
	              Recheck Cond: ((id >= 7505532) AND (id <= 7506531))
	              ->  Bitmap Index Scan on sbtest2_pkey  (cost=0.00..34.81 rows=1037 width=0)
	                    Index Cond: ((id >= 7505532) AND (id <= 7506531))

table 3 : explain SELECT DISTINCT c FROM sbtest3 WHERE id BETWEEN 7620277 AND 7621276 ORDER BY c
	Unique  (cost=4196.39..4201.74 rows=1070 width=121)
	  ->  Sort  (cost=4196.39..4199.06 rows=1070 width=121)
	        Sort Key: c
	        ->  Bitmap Heap Scan on sbtest3  (cost=35.40..4142.55 rows=1070 width=121)
	              Recheck Cond: ((id >= 7620277) AND (id <= 7621276))
	              ->  Bitmap Index Scan on sbtest3_pkey  (cost=0.00..35.14 rows=1070 width=0)
	                    Index Cond: ((id >= 7620277) AND (id <= 7621276))

table 4 : explain SELECT DISTINCT c FROM sbtest4 WHERE id BETWEEN 951146 AND 952145 ORDER BY c
	Unique  (cost=3802.31..3807.15 rows=968 width=121)
	  ->  Sort  (cost=3802.31..3804.73 rows=968 width=121)
	        Sort Key: c
	        ->  Bitmap Heap Scan on sbtest4  (cost=30.36..3754.31 rows=968 width=121)
	              Recheck Cond: ((id >= 951146) AND (id <= 952145))
	              ->  Bitmap Index Scan on sbtest4_pkey  (cost=0.00..30.11 rows=968 width=0)
	                    Index Cond: ((id >= 951146) AND (id <= 952145))

table 5 : explain SELECT DISTINCT c FROM sbtest5 WHERE id BETWEEN 1133179 AND 1134178 ORDER BY c
	Unique  (cost=4031.99..4037.13 rows=1028 width=121)
	  ->  Sort  (cost=4031.99..4034.56 rows=1028 width=121)
	        Sort Key: c
	        ->  Bitmap Heap Scan on sbtest5  (cost=30.97..3980.56 rows=1028 width=121)
	              Recheck Cond: ((id >= 1133179) AND (id <= 1134178))
	              ->  Bitmap Index Scan on sbtest5_pkey  (cost=0.00..30.71 rows=1028 width=0)
	                    Index Cond: ((id >= 1133179) AND (id <= 1134178))

table 6 : explain SELECT DISTINCT c FROM sbtest6 WHERE id BETWEEN 1026971 AND 1027970 ORDER BY c
	Unique  (cost=4177.20..4182.52 rows=1065 width=121)
	  ->  Sort  (cost=4177.20..4179.86 rows=1065 width=121)
	        Sort Key: c
	        ->  Bitmap Heap Scan on sbtest6  (cost=35.35..4123.65 rows=1065 width=121)
	              Recheck Cond: ((id >= 1026971) AND (id <= 1027970))
	              ->  Bitmap Index Scan on sbtest6_pkey  (cost=0.00..35.09 rows=1065 width=0)
	                    Index Cond: ((id >= 1026971) AND (id <= 1027970))

table 7 : explain SELECT DISTINCT c FROM sbtest7 WHERE id BETWEEN 5480259 AND 5481258 ORDER BY c
	Unique  (cost=3798.26..3803.09 rows=967 width=121)
	  ->  Sort  (cost=3798.26..3800.68 rows=967 width=121)
	        Sort Key: c
	        ->  Bitmap Heap Scan on sbtest7  (cost=30.35..3750.31 rows=967 width=121)
	              Recheck Cond: ((id >= 5480259) AND (id <= 5481258))
	              ->  Bitmap Index Scan on sbtest7_pkey  (cost=0.00..30.11 rows=967 width=0)
	                    Index Cond: ((id >= 5480259) AND (id <= 5481258))

table 8 : explain SELECT DISTINCT c FROM sbtest8 WHERE id BETWEEN 8579997 AND 8580996 ORDER BY c
	Unique  (cost=4200.53..4205.88 rows=1071 width=121)
	  ->  Sort  (cost=4200.53..4203.21 rows=1071 width=121)
	        Sort Key: c
	        ->  Bitmap Heap Scan on sbtest8  (cost=35.41..4146.63 rows=1071 width=121)
	              Recheck Cond: ((id >= 8579997) AND (id <= 8580996))
	              ->  Bitmap Index Scan on sbtest8_pkey  (cost=0.00..35.15 rows=1071 width=0)
	                    Index Cond: ((id >= 8579997) AND (id <= 8580996))

for: simple_ranges
table 1 : explain SELECT c FROM sbtest1 WHERE id BETWEEN 3481967 AND 3482966
	Bitmap Heap Scan on sbtest1  (cost=31.19..4059.64 rows=1049 width=121)
	  Recheck Cond: ((id >= 3481967) AND (id <= 3482966))
	  ->  Bitmap Index Scan on sbtest1_pkey  (cost=0.00..30.93 rows=1049 width=0)
	        Index Cond: ((id >= 3481967) AND (id <= 3482966))

table 2 : explain SELECT c FROM sbtest2 WHERE id BETWEEN 4020333 AND 4021332
	Bitmap Heap Scan on sbtest2  (cost=30.44..3784.27 rows=976 width=121)
	  Recheck Cond: ((id >= 4020333) AND (id <= 4021332))
	  ->  Bitmap Index Scan on sbtest2_pkey  (cost=0.00..30.19 rows=976 width=0)
	        Index Cond: ((id >= 4020333) AND (id <= 4021332))

table 3 : explain SELECT c FROM sbtest3 WHERE id BETWEEN 478735 AND 479734
	Bitmap Heap Scan on sbtest3  (cost=30.99..3987.82 rows=1030 width=121)
	  Recheck Cond: ((id >= 478735) AND (id <= 479734))
	  ->  Bitmap Index Scan on sbtest3_pkey  (cost=0.00..30.73 rows=1030 width=0)
	        Index Cond: ((id >= 478735) AND (id <= 479734))

table 4 : explain SELECT c FROM sbtest4 WHERE id BETWEEN 8107462 AND 8108461
	Bitmap Heap Scan on sbtest4  (cost=30.54..3822.31 rows=986 width=121)
	  Recheck Cond: ((id >= 8107462) AND (id <= 8108461))
	  ->  Bitmap Index Scan on sbtest4_pkey  (cost=0.00..30.29 rows=986 width=0)
	        Index Cond: ((id >= 8107462) AND (id <= 8108461))

table 5 : explain SELECT c FROM sbtest5 WHERE id BETWEEN 9649735 AND 9650734
	Bitmap Heap Scan on sbtest5  (cost=35.29..4101.42 rows=1059 width=121)
	  Recheck Cond: ((id >= 9649735) AND (id <= 9650734))
	  ->  Bitmap Index Scan on sbtest5_pkey  (cost=0.00..35.03 rows=1059 width=0)
	        Index Cond: ((id >= 9649735) AND (id <= 9650734))

table 6 : explain SELECT c FROM sbtest6 WHERE id BETWEEN 3407671 AND 3408670
	Bitmap Heap Scan on sbtest6  (cost=29.35..3382.83 rows=870 width=121)
	  Recheck Cond: ((id >= 3407671) AND (id <= 3408670))
	  ->  Bitmap Index Scan on sbtest6_pkey  (cost=0.00..29.14 rows=870 width=0)
	        Index Cond: ((id >= 3407671) AND (id <= 3408670))

table 7 : explain SELECT c FROM sbtest7 WHERE id BETWEEN 335787 AND 336786
	Bitmap Heap Scan on sbtest7  (cost=35.30..4105.22 rows=1060 width=121)
	  Recheck Cond: ((id >= 335787) AND (id <= 336786))
	  ->  Bitmap Index Scan on sbtest7_pkey  (cost=0.00..35.04 rows=1060 width=0)
	        Index Cond: ((id >= 335787) AND (id <= 336786))

table 8 : explain SELECT c FROM sbtest8 WHERE id BETWEEN 8083667 AND 8084666
	Bitmap Heap Scan on sbtest8  (cost=30.33..3742.73 rows=965 width=121)
	  Recheck Cond: ((id >= 8083667) AND (id <= 8084666))
	  ->  Bitmap Index Scan on sbtest8_pkey  (cost=0.00..30.08 rows=965 width=0)
	        Index Cond: ((id >= 8083667) AND (id <= 8084666))

for point_selects
table 1 : explain SELECT c FROM sbtest1 WHERE id=1394008
	Index Scan using sbtest1_pkey on sbtest1  (cost=0.43..8.45 rows=1 width=121)
	  Index Cond: (id = 1394008)

table 2 : explain SELECT c FROM sbtest2 WHERE id=3113727
	Index Scan using sbtest2_pkey on sbtest2  (cost=0.43..8.45 rows=1 width=121)
	  Index Cond: (id = 3113727)

table 3 : explain SELECT c FROM sbtest3 WHERE id=6849891
	Index Scan using sbtest3_pkey on sbtest3  (cost=0.43..8.45 rows=1 width=121)
	  Index Cond: (id = 6849891)

table 4 : explain SELECT c FROM sbtest4 WHERE id=4057164
	Index Scan using sbtest4_pkey on sbtest4  (cost=0.43..8.45 rows=1 width=121)
	  Index Cond: (id = 4057164)

table 5 : explain SELECT c FROM sbtest5 WHERE id=1092039
	Index Scan using sbtest5_pkey on sbtest5  (cost=0.43..8.45 rows=1 width=121)
	  Index Cond: (id = 1092039)

table 6 : explain SELECT c FROM sbtest6 WHERE id=918821
	Index Scan using sbtest6_pkey on sbtest6  (cost=0.43..8.45 rows=1 width=121)
	  Index Cond: (id = 918821)

table 7 : explain SELECT c FROM sbtest7 WHERE id=1390167
	Index Scan using sbtest7_pkey on sbtest7  (cost=0.43..8.45 rows=1 width=121)
	  Index Cond: (id = 1390167)

table 8 : explain SELECT c FROM sbtest8 WHERE id=1000928
	Index Scan using sbtest8_pkey on sbtest8  (cost=0.43..8.45 rows=1 width=121)
	  Index Cond: (id = 1000928)

for: simple_ranges
table 1 : explain SELECT c FROM sbtest1 WHERE id BETWEEN 1585279 AND 1586278
	Bitmap Heap Scan on sbtest1  (cost=35.58..4206.76 rows=1087 width=121)
	  Recheck Cond: ((id >= 1585279) AND (id <= 1586278))
	  ->  Bitmap Index Scan on sbtest1_pkey  (cost=0.00..35.31 rows=1087 width=0)
	        Index Cond: ((id >= 1585279) AND (id <= 1586278))

table 2 : explain SELECT c FROM sbtest2 WHERE id BETWEEN 5326150 AND 5327149
	Bitmap Heap Scan on sbtest2  (cost=30.40..3769.16 rows=972 width=121)
	  Recheck Cond: ((id >= 5326150) AND (id <= 5327149))
	  ->  Bitmap Index Scan on sbtest2_pkey  (cost=0.00..30.15 rows=972 width=0)
	        Index Cond: ((id >= 5326150) AND (id <= 5327149))

table 3 : explain SELECT c FROM sbtest3 WHERE id BETWEEN 1244169 AND 1245168
	Bitmap Heap Scan on sbtest3  (cost=30.70..3878.42 rows=1001 width=121)
	  Recheck Cond: ((id >= 1244169) AND (id <= 1245168))
	  ->  Bitmap Index Scan on sbtest3_pkey  (cost=0.00..30.44 rows=1001 width=0)
	        Index Cond: ((id >= 1244169) AND (id <= 1245168))

table 4 : explain SELECT c FROM sbtest4 WHERE id BETWEEN 454257 AND 455256
	Bitmap Heap Scan on sbtest4  (cost=30.54..3822.31 rows=986 width=121)
	  Recheck Cond: ((id >= 454257) AND (id <= 455256))
	  ->  Bitmap Index Scan on sbtest4_pkey  (cost=0.00..30.29 rows=986 width=0)
	        Index Cond: ((id >= 454257) AND (id <= 455256))

table 5 : explain SELECT c FROM sbtest5 WHERE id BETWEEN 5704793 AND 5705792
	Bitmap Heap Scan on sbtest5  (cost=30.31..3735.16 rows=963 width=121)
	  Recheck Cond: ((id >= 5704793) AND (id <= 5705792))
	  ->  Bitmap Index Scan on sbtest5_pkey  (cost=0.00..30.07 rows=963 width=0)
	        Index Cond: ((id >= 5704793) AND (id <= 5705792))

table 6 : explain SELECT c FROM sbtest6 WHERE id BETWEEN 6879779 AND 6880778
	Bitmap Heap Scan on sbtest6  (cost=30.75..3897.22 rows=1006 width=121)
	  Recheck Cond: ((id >= 6879779) AND (id <= 6880778))
	  ->  Bitmap Index Scan on sbtest6_pkey  (cost=0.00..30.50 rows=1006 width=0)
	        Index Cond: ((id >= 6879779) AND (id <= 6880778))

table 7 : explain SELECT c FROM sbtest7 WHERE id BETWEEN 98258 AND 99257
	Bitmap Heap Scan on sbtest7  (cost=30.02..3629.31 rows=935 width=121)
	  Recheck Cond: ((id >= 98258) AND (id <= 99257))
	  ->  Bitmap Index Scan on sbtest7_pkey  (cost=0.00..29.79 rows=935 width=0)
	        Index Cond: ((id >= 98258) AND (id <= 99257))

table 8 : explain SELECT c FROM sbtest8 WHERE id BETWEEN 9606891 AND 9607890
	Bitmap Heap Scan on sbtest8  (cost=29.87..3572.53 rows=920 width=121)
	  Recheck Cond: ((id >= 9606891) AND (id <= 9607890))
	  ->  Bitmap Index Scan on sbtest8_pkey  (cost=0.00..29.64 rows=920 width=0)
	        Index Cond: ((id >= 9606891) AND (id <= 9607890))

for: distinct_ranges
table 1 : explain SELECT DISTINCT c FROM sbtest1 WHERE id BETWEEN 8363528 AND 8364527 ORDER BY c
	Unique  (cost=3844.17..3849.06 rows=979 width=121)
	  ->  Sort  (cost=3844.17..3846.62 rows=979 width=121)
	        Sort Key: c
	        ->  Bitmap Heap Scan on sbtest1  (cost=30.47..3795.53 rows=979 width=121)
	              Recheck Cond: ((id >= 8363528) AND (id <= 8364527))
	              ->  Bitmap Index Scan on sbtest1_pkey  (cost=0.00..30.22 rows=979 width=0)
	                    Index Cond: ((id >= 8363528) AND (id <= 8364527))

table 2 : explain SELECT DISTINCT c FROM sbtest2 WHERE id BETWEEN 7798578 AND 7799577 ORDER BY c
	Unique  (cost=4097.22..4102.44 rows=1044 width=121)
	  ->  Sort  (cost=4097.22..4099.83 rows=1044 width=121)
	        Sort Key: c
	        ->  Bitmap Heap Scan on sbtest2  (cost=35.14..4044.87 rows=1044 width=121)
	              Recheck Cond: ((id >= 7798578) AND (id <= 7799577))
	              ->  Bitmap Index Scan on sbtest2_pkey  (cost=0.00..34.88 rows=1044 width=0)
	                    Index Cond: ((id >= 7798578) AND (id <= 7799577))

table 3 : explain SELECT DISTINCT c FROM sbtest3 WHERE id BETWEEN 6266421 AND 6267420 ORDER BY c
	Unique  (cost=4291.94..4297.41 rows=1095 width=121)
	  ->  Sort  (cost=4291.94..4294.67 rows=1095 width=121)
	        Sort Key: c
	        ->  Bitmap Heap Scan on sbtest3  (cost=35.66..4236.66 rows=1095 width=121)
	              Recheck Cond: ((id >= 6266421) AND (id <= 6267420))
	              ->  Bitmap Index Scan on sbtest3_pkey  (cost=0.00..35.39 rows=1095 width=0)
	                    Index Cond: ((id >= 6266421) AND (id <= 6267420))

table 4 : explain SELECT DISTINCT c FROM sbtest4 WHERE id BETWEEN 9075138 AND 9076137 ORDER BY c
	Unique  (cost=3498.89..3503.33 rows=889 width=121)
	  ->  Sort  (cost=3498.89..3501.11 rows=889 width=121)
	        Sort Key: c
	        ->  Bitmap Heap Scan on sbtest4  (cost=29.55..3455.34 rows=889 width=121)
	              Recheck Cond: ((id >= 9075138) AND (id <= 9076137))
	              ->  Bitmap Index Scan on sbtest4_pkey  (cost=0.00..29.32 rows=889 width=0)
	                    Index Cond: ((id >= 9075138) AND (id <= 9076137))

table 5 : explain SELECT DISTINCT c FROM sbtest5 WHERE id BETWEEN 5724469 AND 5725468 ORDER BY c
	Unique  (cost=3782.89..3787.70 rows=963 width=121)
	  ->  Sort  (cost=3782.89..3785.29 rows=963 width=121)
	        Sort Key: c
	        ->  Bitmap Heap Scan on sbtest5  (cost=30.31..3735.16 rows=963 width=121)
	              Recheck Cond: ((id >= 5724469) AND (id <= 5725468))
	              ->  Bitmap Index Scan on sbtest5_pkey  (cost=0.00..30.07 rows=963 width=0)
	                    Index Cond: ((id >= 5724469) AND (id <= 5725468))

table 6 : explain SELECT DISTINCT c FROM sbtest6 WHERE id BETWEEN 1531140 AND 1532139 ORDER BY c
	Unique  (cost=3751.87..3756.65 rows=955 width=121)
	  ->  Sort  (cost=3751.87..3754.26 rows=955 width=121)
	        Sort Key: c
	        ->  Bitmap Heap Scan on sbtest6  (cost=30.22..3704.60 rows=955 width=121)
	              Recheck Cond: ((id >= 1531140) AND (id <= 1532139))
	              ->  Bitmap Index Scan on sbtest6_pkey  (cost=0.00..29.98 rows=955 width=0)
	                    Index Cond: ((id >= 1531140) AND (id <= 1532139))

table 7 : explain SELECT DISTINCT c FROM sbtest7 WHERE id BETWEEN 8528130 AND 8529129 ORDER BY c
	Unique  (cost=3690.81..3695.50 rows=939 width=121)
	  ->  Sort  (cost=3690.81..3693.16 rows=939 width=121)
	        Sort Key: c
	        ->  Bitmap Heap Scan on sbtest7  (cost=30.06..3644.44 rows=939 width=121)
	              Recheck Cond: ((id >= 8528130) AND (id <= 8529129))
	              ->  Bitmap Index Scan on sbtest7_pkey  (cost=0.00..29.82 rows=939 width=0)
	                    Index Cond: ((id >= 8528130) AND (id <= 8529129))

table 8 : explain SELECT DISTINCT c FROM sbtest8 WHERE id BETWEEN 6837134 AND 6838133 ORDER BY c
	Unique  (cost=4124.03..4129.29 rows=1051 width=121)
	  ->  Sort  (cost=4124.03..4126.66 rows=1051 width=121)
	        Sort Key: c
	        ->  Bitmap Heap Scan on sbtest8  (cost=35.21..4071.29 rows=1051 width=121)
	              Recheck Cond: ((id >= 6837134) AND (id <= 6838133))
	              ->  Bitmap Index Scan on sbtest8_pkey  (cost=0.00..34.95 rows=1051 width=0)
	                    Index Cond: ((id >= 6837134) AND (id <= 6838133))

for point_selects
table 1 : explain SELECT c FROM sbtest1 WHERE id=7776700
	Index Scan using sbtest1_pkey on sbtest1  (cost=0.43..8.45 rows=1 width=121)
	  Index Cond: (id = 7776700)

table 2 : explain SELECT c FROM sbtest2 WHERE id=5192576
	Index Scan using sbtest2_pkey on sbtest2  (cost=0.43..8.45 rows=1 width=121)
	  Index Cond: (id = 5192576)

table 3 : explain SELECT c FROM sbtest3 WHERE id=7773193
	Index Scan using sbtest3_pkey on sbtest3  (cost=0.43..8.45 rows=1 width=121)
	  Index Cond: (id = 7773193)

table 4 : explain SELECT c FROM sbtest4 WHERE id=1339456
	Index Scan using sbtest4_pkey on sbtest4  (cost=0.43..8.45 rows=1 width=121)
	  Index Cond: (id = 1339456)

table 5 : explain SELECT c FROM sbtest5 WHERE id=1725390
	Index Scan using sbtest5_pkey on sbtest5  (cost=0.43..8.45 rows=1 width=121)
	  Index Cond: (id = 1725390)

table 6 : explain SELECT c FROM sbtest6 WHERE id=9530540
	Index Scan using sbtest6_pkey on sbtest6  (cost=0.43..8.45 rows=1 width=121)
	  Index Cond: (id = 9530540)

table 7 : explain SELECT c FROM sbtest7 WHERE id=8362581
	Index Scan using sbtest7_pkey on sbtest7  (cost=0.43..8.45 rows=1 width=121)
	  Index Cond: (id = 8362581)

table 8 : explain SELECT c FROM sbtest8 WHERE id=6110436
	Index Scan using sbtest8_pkey on sbtest8  (cost=0.43..8.45 rows=1 width=121)
	  Index Cond: (id = 6110436)

for point_selects
table 1 : explain SELECT c FROM sbtest1 WHERE id=6989119
	Index Scan using sbtest1_pkey on sbtest1  (cost=0.43..8.45 rows=1 width=121)
	  Index Cond: (id = 6989119)

table 2 : explain SELECT c FROM sbtest2 WHERE id=7214553
	Index Scan using sbtest2_pkey on sbtest2  (cost=0.43..8.45 rows=1 width=121)
	  Index Cond: (id = 7214553)

table 3 : explain SELECT c FROM sbtest3 WHERE id=6932129
	Index Scan using sbtest3_pkey on sbtest3  (cost=0.43..8.45 rows=1 width=121)
	  Index Cond: (id = 6932129)

table 4 : explain SELECT c FROM sbtest4 WHERE id=3976350
	Index Scan using sbtest4_pkey on sbtest4  (cost=0.43..8.45 rows=1 width=121)
	  Index Cond: (id = 3976350)

table 5 : explain SELECT c FROM sbtest5 WHERE id=191736
	Index Scan using sbtest5_pkey on sbtest5  (cost=0.43..8.45 rows=1 width=121)
	  Index Cond: (id = 191736)

table 6 : explain SELECT c FROM sbtest6 WHERE id=4102785
	Index Scan using sbtest6_pkey on sbtest6  (cost=0.43..8.45 rows=1 width=121)
	  Index Cond: (id = 4102785)

table 7 : explain SELECT c FROM sbtest7 WHERE id=3461240
	Index Scan using sbtest7_pkey on sbtest7  (cost=0.43..8.45 rows=1 width=121)
	  Index Cond: (id = 3461240)

table 8 : explain SELECT c FROM sbtest8 WHERE id=4601019
	Index Scan using sbtest8_pkey on sbtest8  (cost=0.43..8.45 rows=1 width=121)
	  Index Cond: (id = 4601019)

explain: for point_selects :: explain SELECT c FROM sbtest%u WHERE id=%u
for: simple_ranges
table 1 : explain SELECT c FROM sbtest1 WHERE id BETWEEN 9691320 AND 9692319
	Bitmap Heap Scan on sbtest1  (cost=31.19..4059.64 rows=1049 width=121)
	  Recheck Cond: ((id >= 9691320) AND (id <= 9692319))
	  ->  Bitmap Index Scan on sbtest1_pkey  (cost=0.00..30.93 rows=1049 width=0)
	        Index Cond: ((id >= 9691320) AND (id <= 9692319))

table 2 : explain SELECT c FROM sbtest2 WHERE id BETWEEN 7072052 AND 7073051
	Bitmap Heap Scan on sbtest2  (cost=35.12..4037.34 rows=1042 width=121)
	  Recheck Cond: ((id >= 7072052) AND (id <= 7073051))
	  ->  Bitmap Index Scan on sbtest2_pkey  (cost=0.00..34.86 rows=1042 width=0)
	        Index Cond: ((id >= 7072052) AND (id <= 7073051))

table 3 : explain SELECT c FROM sbtest3 WHERE id BETWEEN 6382496 AND 6383495
	Bitmap Heap Scan on sbtest3  (cost=30.30..3731.12 rows=962 width=121)
	  Recheck Cond: ((id >= 6382496) AND (id <= 6383495))
	  ->  Bitmap Index Scan on sbtest3_pkey  (cost=0.00..30.05 rows=962 width=0)
	        Index Cond: ((id >= 6382496) AND (id <= 6383495))

table 4 : explain SELECT c FROM sbtest4 WHERE id BETWEEN 2630677 AND 2631676
	Bitmap Heap Scan on sbtest4  (cost=30.24..3712.73 rows=957 width=121)
	  Recheck Cond: ((id >= 2630677) AND (id <= 2631676))
	  ->  Bitmap Index Scan on sbtest4_pkey  (cost=0.00..30.00 rows=957 width=0)
	        Index Cond: ((id >= 2630677) AND (id <= 2631676))

table 5 : explain SELECT c FROM sbtest5 WHERE id BETWEEN 8195800 AND 8196799
	Bitmap Heap Scan on sbtest5  (cost=30.02..3629.29 rows=935 width=121)
	  Recheck Cond: ((id >= 8195800) AND (id <= 8196799))
	  ->  Bitmap Index Scan on sbtest5_pkey  (cost=0.00..29.79 rows=935 width=0)
	        Index Cond: ((id >= 8195800) AND (id <= 8196799))

table 6 : explain SELECT c FROM sbtest6 WHERE id BETWEEN 925200 AND 926199
	Bitmap Heap Scan on sbtest6  (cost=34.97..3984.21 rows=1028 width=121)
	  Recheck Cond: ((id >= 925200) AND (id <= 926199))
	  ->  Bitmap Index Scan on sbtest6_pkey  (cost=0.00..34.72 rows=1028 width=0)
	        Index Cond: ((id >= 925200) AND (id <= 926199))

table 7 : explain SELECT c FROM sbtest7 WHERE id BETWEEN 2752745 AND 2753744
	Bitmap Heap Scan on sbtest7  (cost=35.19..4063.77 rows=1049 width=121)
	  Recheck Cond: ((id >= 2752745) AND (id <= 2753744))
	  ->  Bitmap Index Scan on sbtest7_pkey  (cost=0.00..34.93 rows=1049 width=0)
	        Index Cond: ((id >= 2752745) AND (id <= 2753744))

table 8 : explain SELECT c FROM sbtest8 WHERE id BETWEEN 4677587 AND 4678586
	Bitmap Heap Scan on sbtest8  (cost=34.96..3980.80 rows=1027 width=121)
	  Recheck Cond: ((id >= 4677587) AND (id <= 4678586))
	  ->  Bitmap Index Scan on sbtest8_pkey  (cost=0.00..34.70 rows=1027 width=0)
	        Index Cond: ((id >= 4677587) AND (id <= 4678586))

for: sum_ranges
table 1 : explain SELECT SUM(k) FROM sbtest1 WHERE id BETWEEN 3556430 AND 3557429
	Aggregate  (cost=3866.00..3866.01 rows=1 width=8)
	  ->  Bitmap Heap Scan on sbtest1  (cost=30.65..3863.51 rows=997 width=4)
	        Recheck Cond: ((id >= 3556430) AND (id <= 3557429))
	        ->  Bitmap Index Scan on sbtest1_pkey  (cost=0.00..30.40 rows=997 width=0)
	              Index Cond: ((id >= 3556430) AND (id <= 3557429))

table 2 : explain SELECT SUM(k) FROM sbtest2 WHERE id BETWEEN 76877 AND 77876
	Aggregate  (cost=3578.60..3578.61 rows=1 width=8)
	  ->  Bitmap Heap Scan on sbtest2  (cost=29.88..3576.29 rows=921 width=4)
	        Recheck Cond: ((id >= 76877) AND (id <= 77876))
	        ->  Bitmap Index Scan on sbtest2_pkey  (cost=0.00..29.64 rows=921 width=0)
	              Index Cond: ((id >= 76877) AND (id <= 77876))

table 3 : explain SELECT SUM(k) FROM sbtest3 WHERE id BETWEEN 2752263 AND 2753262
	Aggregate  (cost=3899.80..3899.81 rows=1 width=8)
	  ->  Bitmap Heap Scan on sbtest3  (cost=30.75..3897.29 rows=1006 width=4)
	        Recheck Cond: ((id >= 2752263) AND (id <= 2753262))
	        ->  Bitmap Index Scan on sbtest3_pkey  (cost=0.00..30.50 rows=1006 width=0)
	              Index Cond: ((id >= 2752263) AND (id <= 2753262))

table 4 : explain SELECT SUM(k) FROM sbtest4 WHERE id BETWEEN 7072072 AND 7073071
	Aggregate  (cost=4236.24..4236.25 rows=1 width=8)
	  ->  Bitmap Heap Scan on sbtest4  (cost=35.65..4233.51 rows=1094 width=4)
	        Recheck Cond: ((id >= 7072072) AND (id <= 7073071))
	        ->  Bitmap Index Scan on sbtest4_pkey  (cost=0.00..35.38 rows=1094 width=0)
	              Index Cond: ((id >= 7072072) AND (id <= 7073071))

table 5 : explain SELECT SUM(k) FROM sbtest5 WHERE id BETWEEN 6765224 AND 6766223
	Aggregate  (cost=3964.26..3964.27 rows=1 width=8)
	  ->  Bitmap Heap Scan on sbtest5  (cost=30.92..3961.71 rows=1023 width=4)
	        Recheck Cond: ((id >= 6765224) AND (id <= 6766223))
	        ->  Bitmap Index Scan on sbtest5_pkey  (cost=0.00..30.66 rows=1023 width=0)
	              Index Cond: ((id >= 6765224) AND (id <= 6766223))

table 6 : explain SELECT SUM(k) FROM sbtest6 WHERE id BETWEEN 1658079 AND 1659078
	Aggregate  (cost=3824.19..3824.20 rows=1 width=8)
	  ->  Bitmap Heap Scan on sbtest6  (cost=30.54..3821.72 rows=986 width=4)
	        Recheck Cond: ((id >= 1658079) AND (id <= 1659078))
	        ->  Bitmap Index Scan on sbtest6_pkey  (cost=0.00..30.29 rows=986 width=0)
	              Index Cond: ((id >= 1658079) AND (id <= 1659078))

table 7 : explain SELECT SUM(k) FROM sbtest7 WHERE id BETWEEN 9061258 AND 9062257
	Aggregate  (cost=4047.53..4047.54 rows=1 width=8)
	  ->  Bitmap Heap Scan on sbtest7  (cost=35.14..4044.92 rows=1044 width=4)
	        Recheck Cond: ((id >= 9061258) AND (id <= 9062257))
	        ->  Bitmap Index Scan on sbtest7_pkey  (cost=0.00..34.88 rows=1044 width=0)
	              Index Cond: ((id >= 9061258) AND (id <= 9062257))

table 8 : explain SELECT SUM(k) FROM sbtest8 WHERE id BETWEEN 6694309 AND 6695308
	Aggregate  (cost=4002.24..4002.25 rows=1 width=8)
	  ->  Bitmap Heap Scan on sbtest8  (cost=35.01..3999.66 rows=1032 width=4)
	        Recheck Cond: ((id >= 6694309) AND (id <= 6695308))
	        ->  Bitmap Index Scan on sbtest8_pkey  (cost=0.00..34.76 rows=1032 width=0)
	              Index Cond: ((id >= 6694309) AND (id <= 6695308))

explain: for point_selects :: explain SELECT c FROM sbtest%u WHERE id=%u
for: sum_ranges
table 1 : explain SELECT SUM(k) FROM sbtest1 WHERE id BETWEEN 4711344 AND 4712343
	Aggregate  (cost=3563.38..3563.39 rows=1 width=8)
	  ->  Bitmap Heap Scan on sbtest1  (cost=29.83..3561.09 rows=917 width=4)
	        Recheck Cond: ((id >= 4711344) AND (id <= 4712343))
	        ->  Bitmap Index Scan on sbtest1_pkey  (cost=0.00..29.61 rows=917 width=0)
	              Index Cond: ((id >= 4711344) AND (id <= 4712343))

table 2 : explain SELECT SUM(k) FROM sbtest2 WHERE id BETWEEN 2952248 AND 2953247
	Aggregate  (cost=3937.82..3937.83 rows=1 width=8)
	  ->  Bitmap Heap Scan on sbtest2  (cost=30.85..3935.28 rows=1016 width=4)
	        Recheck Cond: ((id >= 2952248) AND (id <= 2953247))
	        ->  Bitmap Index Scan on sbtest2_pkey  (cost=0.00..30.59 rows=1016 width=0)
	              Index Cond: ((id >= 2952248) AND (id <= 2953247))

table 3 : explain SELECT SUM(k) FROM sbtest3 WHERE id BETWEEN 7349372 AND 7350371
	Aggregate  (cost=4058.52..4058.53 rows=1 width=8)
	  ->  Bitmap Heap Scan on sbtest3  (cost=35.17..4055.91 rows=1047 width=4)
	        Recheck Cond: ((id >= 7349372) AND (id <= 7350371))
	        ->  Bitmap Index Scan on sbtest3_pkey  (cost=0.00..34.91 rows=1047 width=0)
	              Index Cond: ((id >= 7349372) AND (id <= 7350371))

table 4 : explain SELECT SUM(k) FROM sbtest4 WHERE id BETWEEN 8521890 AND 8522889
	Aggregate  (cost=3510.64..3510.65 rows=1 width=8)
	  ->  Bitmap Heap Scan on sbtest4  (cost=29.69..3508.38 rows=903 width=4)
	        Recheck Cond: ((id >= 8521890) AND (id <= 8522889))
	        ->  Bitmap Index Scan on sbtest4_pkey  (cost=0.00..29.46 rows=903 width=0)
	              Index Cond: ((id >= 8521890) AND (id <= 8522889))

table 5 : explain SELECT SUM(k) FROM sbtest5 WHERE id BETWEEN 3585897 AND 3586896
	Aggregate  (cost=3544.52..3544.53 rows=1 width=8)
	  ->  Bitmap Heap Scan on sbtest5  (cost=29.78..3542.24 rows=912 width=4)
	        Recheck Cond: ((id >= 3585897) AND (id <= 3586896))
	        ->  Bitmap Index Scan on sbtest5_pkey  (cost=0.00..29.55 rows=912 width=0)
	              Index Cond: ((id >= 3585897) AND (id <= 3586896))

table 6 : explain SELECT SUM(k) FROM sbtest6 WHERE id BETWEEN 5118944 AND 5119943
	Aggregate  (cost=4231.79..4231.80 rows=1 width=8)
	  ->  Bitmap Heap Scan on sbtest6  (cost=35.64..4229.05 rows=1093 width=4)
	        Recheck Cond: ((id >= 5118944) AND (id <= 5119943))
	        ->  Bitmap Index Scan on sbtest6_pkey  (cost=0.00..35.37 rows=1093 width=0)
	              Index Cond: ((id >= 5118944) AND (id <= 5119943))

table 7 : explain SELECT SUM(k) FROM sbtest7 WHERE id BETWEEN 3792319 AND 3793318
	Aggregate  (cost=4104.10..4104.11 rows=1 width=8)
	  ->  Bitmap Heap Scan on sbtest7  (cost=35.29..4101.45 rows=1059 width=4)
	        Recheck Cond: ((id >= 3792319) AND (id <= 3793318))
	        ->  Bitmap Index Scan on sbtest7_pkey  (cost=0.00..35.03 rows=1059 width=0)
	              Index Cond: ((id >= 3792319) AND (id <= 3793318))

table 8 : explain SELECT SUM(k) FROM sbtest8 WHERE id BETWEEN 7775860 AND 7776859
	Aggregate  (cost=4254.78..4254.79 rows=1 width=8)
	  ->  Bitmap Heap Scan on sbtest8  (cost=35.70..4252.04 rows=1099 width=4)
	        Recheck Cond: ((id >= 7775860) AND (id <= 7776859))
	        ->  Bitmap Index Scan on sbtest8_pkey  (cost=0.00..35.43 rows=1099 width=0)
	              Index Cond: ((id >= 7775860) AND (id <= 7776859))

explain: for point_selects :: explain SELECT c FROM sbtest%u WHERE id=%u
explain: for point_selects :: explain SELECT c FROM sbtest%u WHERE id=%u
explain: for point_selects :: explain SELECT c FROM sbtest%u WHERE id=%u
for: simple_ranges
table 1 : explain SELECT c FROM sbtest1 WHERE id BETWEEN 2557715 AND 2558714
	Bitmap Heap Scan on sbtest1  (cost=30.10..3659.47 rows=943 width=121)
	  Recheck Cond: ((id >= 2557715) AND (id <= 2558714))
	  ->  Bitmap Index Scan on sbtest1_pkey  (cost=0.00..29.86 rows=943 width=0)
	        Index Cond: ((id >= 2557715) AND (id <= 2558714))

table 2 : explain SELECT c FROM sbtest2 WHERE id BETWEEN 7147686 AND 7148685
	Bitmap Heap Scan on sbtest2  (cost=30.73..3890.00 rows=1004 width=121)
	  Recheck Cond: ((id >= 7147686) AND (id <= 7148685))
	  ->  Bitmap Index Scan on sbtest2_pkey  (cost=0.00..30.47 rows=1004 width=0)
	        Index Cond: ((id >= 7147686) AND (id <= 7148685))

table 3 : explain SELECT c FROM sbtest3 WHERE id BETWEEN 8649939 AND 8650938
	Bitmap Heap Scan on sbtest3  (cost=35.69..4247.95 rows=1098 width=121)
	  Recheck Cond: ((id >= 8649939) AND (id <= 8650938))
	  ->  Bitmap Index Scan on sbtest3_pkey  (cost=0.00..35.42 rows=1098 width=0)
	        Index Cond: ((id >= 8649939) AND (id <= 8650938))

table 4 : explain SELECT c FROM sbtest4 WHERE id BETWEEN 4127591 AND 4128590
	Bitmap Heap Scan on sbtest4  (cost=30.31..3735.41 rows=963 width=121)
	  Recheck Cond: ((id >= 4127591) AND (id <= 4128590))
	  ->  Bitmap Index Scan on sbtest4_pkey  (cost=0.00..30.07 rows=963 width=0)
	        Index Cond: ((id >= 4127591) AND (id <= 4128590))

table 5 : explain SELECT c FROM sbtest5 WHERE id BETWEEN 2451929 AND 2452928
	Bitmap Heap Scan on sbtest5  (cost=30.14..3674.67 rows=947 width=121)
	  Recheck Cond: ((id >= 2451929) AND (id <= 2452928))
	  ->  Bitmap Index Scan on sbtest5_pkey  (cost=0.00..29.90 rows=947 width=0)
	        Index Cond: ((id >= 2451929) AND (id <= 2452928))

table 6 : explain SELECT c FROM sbtest6 WHERE id BETWEEN 2840251 AND 2841250
	Bitmap Heap Scan on sbtest6  (cost=34.92..3965.35 rows=1023 width=121)
	  Recheck Cond: ((id >= 2840251) AND (id <= 2841250))
	  ->  Bitmap Index Scan on sbtest6_pkey  (cost=0.00..34.67 rows=1023 width=0)
	        Index Cond: ((id >= 2840251) AND (id <= 2841250))

table 7 : explain SELECT c FROM sbtest7 WHERE id BETWEEN 4288568 AND 4289567
	Bitmap Heap Scan on sbtest7  (cost=30.37..3757.87 rows=969 width=121)
	  Recheck Cond: ((id >= 4288568) AND (id <= 4289567))
	  ->  Bitmap Index Scan on sbtest7_pkey  (cost=0.00..30.12 rows=969 width=0)
	        Index Cond: ((id >= 4288568) AND (id <= 4289567))

table 8 : explain SELECT c FROM sbtest8 WHERE id BETWEEN 4454148 AND 4455147
	Bitmap Heap Scan on sbtest8  (cost=30.58..3837.17 rows=990 width=121)
	  Recheck Cond: ((id >= 4454148) AND (id <= 4455147))
	  ->  Bitmap Index Scan on sbtest8_pkey  (cost=0.00..30.33 rows=990 width=0)
	        Index Cond: ((id >= 4454148) AND (id <= 4455147))

for: simple_ranges
table 1 : explain SELECT c FROM sbtest1 WHERE id BETWEEN 3671019 AND 3672018
	Bitmap Heap Scan on sbtest1  (cost=30.21..3701.06 rows=954 width=121)
	  Recheck Cond: ((id >= 3671019) AND (id <= 3672018))
	  ->  Bitmap Index Scan on sbtest1_pkey  (cost=0.00..29.97 rows=954 width=0)
	        Index Cond: ((id >= 3671019) AND (id <= 3672018))

table 2 : explain SELECT c FROM sbtest2 WHERE id BETWEEN 3313547 AND 3314546
	Bitmap Heap Scan on sbtest2  (cost=35.11..4033.57 rows=1041 width=121)
	  Recheck Cond: ((id >= 3313547) AND (id <= 3314546))
	  ->  Bitmap Index Scan on sbtest2_pkey  (cost=0.00..34.84 rows=1041 width=0)
	        Index Cond: ((id >= 3313547) AND (id <= 3314546))

table 3 : explain SELECT c FROM sbtest3 WHERE id BETWEEN 7200366 AND 7201365
	Bitmap Heap Scan on sbtest3  (cost=30.14..3674.42 rows=947 width=121)
	  Recheck Cond: ((id >= 7200366) AND (id <= 7201365))
	  ->  Bitmap Index Scan on sbtest3_pkey  (cost=0.00..29.90 rows=947 width=0)
	        Index Cond: ((id >= 7200366) AND (id <= 7201365))

table 4 : explain SELECT c FROM sbtest4 WHERE id BETWEEN 9960426 AND 9961425
	Bitmap Heap Scan on sbtest4  (cost=30.50..3807.20 rows=982 width=121)
	  Recheck Cond: ((id >= 9960426) AND (id <= 9961425))
	  ->  Bitmap Index Scan on sbtest4_pkey  (cost=0.00..30.25 rows=982 width=0)
	        Index Cond: ((id >= 9960426) AND (id <= 9961425))

table 5 : explain SELECT c FROM sbtest5 WHERE id BETWEEN 6782079 AND 6783078
	Bitmap Heap Scan on sbtest5  (cost=30.92..3961.71 rows=1023 width=121)
	  Recheck Cond: ((id >= 6782079) AND (id <= 6783078))
	  ->  Bitmap Index Scan on sbtest5_pkey  (cost=0.00..30.66 rows=1023 width=0)
	        Index Cond: ((id >= 6782079) AND (id <= 6783078))

table 6 : explain SELECT c FROM sbtest6 WHERE id BETWEEN 1049829 AND 1050828
	Bitmap Heap Scan on sbtest6  (cost=35.35..4123.65 rows=1065 width=121)
	  Recheck Cond: ((id >= 1049829) AND (id <= 1050828))
	  ->  Bitmap Index Scan on sbtest6_pkey  (cost=0.00..35.09 rows=1065 width=0)
	        Index Cond: ((id >= 1049829) AND (id <= 1050828))

table 7 : explain SELECT c FROM sbtest7 WHERE id BETWEEN 134981 AND 135980
	Bitmap Heap Scan on sbtest7  (cost=30.95..3973.05 rows=1026 width=121)
	  Recheck Cond: ((id >= 134981) AND (id <= 135980))
	  ->  Bitmap Index Scan on sbtest7_pkey  (cost=0.00..30.69 rows=1026 width=0)
	        Index Cond: ((id >= 134981) AND (id <= 135980))

table 8 : explain SELECT c FROM sbtest8 WHERE id BETWEEN 2528334 AND 2529333
	Bitmap Heap Scan on sbtest8  (cost=35.77..4278.37 rows=1106 width=121)
	  Recheck Cond: ((id >= 2528334) AND (id <= 2529333))
	  ->  Bitmap Index Scan on sbtest8_pkey  (cost=0.00..35.50 rows=1106 width=0)
	        Index Cond: ((id >= 2528334) AND (id <= 2529333))

for: sum_ranges
table 1 : explain SELECT SUM(k) FROM sbtest1 WHERE id BETWEEN 7507956 AND 7508955
	Aggregate  (cost=3979.27..3979.28 rows=1 width=8)
	  ->  Bitmap Heap Scan on sbtest1  (cost=30.96..3976.70 rows=1027 width=4)
	        Recheck Cond: ((id >= 7507956) AND (id <= 7508955))
	        ->  Bitmap Index Scan on sbtest1_pkey  (cost=0.00..30.70 rows=1027 width=0)
	              Index Cond: ((id >= 7507956) AND (id <= 7508955))

table 2 : explain SELECT SUM(k) FROM sbtest2 WHERE id BETWEEN 7063891 AND 7064890
	Aggregate  (cost=4039.94..4039.95 rows=1 width=8)
	  ->  Bitmap Heap Scan on sbtest2  (cost=35.12..4037.34 rows=1042 width=4)
	        Recheck Cond: ((id >= 7063891) AND (id <= 7064890))
	        ->  Bitmap Index Scan on sbtest2_pkey  (cost=0.00..34.86 rows=1042 width=0)
	              Index Cond: ((id >= 7063891) AND (id <= 7064890))

table 3 : explain SELECT SUM(k) FROM sbtest3 WHERE id BETWEEN 5289464 AND 5290463
	Aggregate  (cost=3354.70..3354.71 rows=1 width=8)
	  ->  Bitmap Heap Scan on sbtest3  (cost=29.27..3352.55 rows=862 width=4)
	        Recheck Cond: ((id >= 5289464) AND (id <= 5290463))
	        ->  Bitmap Index Scan on sbtest3_pkey  (cost=0.00..29.05 rows=862 width=0)
	              Index Cond: ((id >= 5289464) AND (id <= 5290463))

table 4 : explain SELECT SUM(k) FROM sbtest4 WHERE id BETWEEN 6045891 AND 6046890
	Aggregate  (cost=3923.00..3923.01 rows=1 width=8)
	  ->  Bitmap Heap Scan on sbtest4  (cost=30.81..3920.47 rows=1012 width=4)
	        Recheck Cond: ((id >= 6045891) AND (id <= 6046890))
	        ->  Bitmap Index Scan on sbtest4_pkey  (cost=0.00..30.55 rows=1012 width=0)
	              Index Cond: ((id >= 6045891) AND (id <= 6046890))

table 5 : explain SELECT SUM(k) FROM sbtest5 WHERE id BETWEEN 3752355 AND 3753354
	Aggregate  (cost=3408.04..3408.05 rows=1 width=8)
	  ->  Bitmap Heap Scan on sbtest5  (cost=29.41..3405.85 rows=876 width=4)
	        Recheck Cond: ((id >= 3752355) AND (id <= 3753354))
	        ->  Bitmap Index Scan on sbtest5_pkey  (cost=0.00..29.19 rows=876 width=0)
	              Index Cond: ((id >= 3752355) AND (id <= 3753354))

table 6 : explain SELECT SUM(k) FROM sbtest6 WHERE id BETWEEN 558914 AND 559913
	Aggregate  (cost=4118.77..4118.78 rows=1 width=8)
	  ->  Bitmap Heap Scan on sbtest6  (cost=35.33..4116.11 rows=1063 width=4)
	        Recheck Cond: ((id >= 558914) AND (id <= 559913))
	        ->  Bitmap Index Scan on sbtest6_pkey  (cost=0.00..35.07 rows=1063 width=0)
	              Index Cond: ((id >= 558914) AND (id <= 559913))

table 7 : explain SELECT SUM(k) FROM sbtest7 WHERE id BETWEEN 7852666 AND 7853665
	Aggregate  (cost=3711.12..3711.13 rows=1 width=8)
	  ->  Bitmap Heap Scan on sbtest7  (cost=30.23..3708.73 rows=956 width=4)
	        Recheck Cond: ((id >= 7852666) AND (id <= 7853665))
	        ->  Bitmap Index Scan on sbtest7_pkey  (cost=0.00..30.00 rows=956 width=0)
	              Index Cond: ((id >= 7852666) AND (id <= 7853665))

table 8 : explain SELECT SUM(k) FROM sbtest8 WHERE id BETWEEN 1963132 AND 1964131
	Aggregate  (cost=3798.08..3798.09 rows=1 width=8)
	  ->  Bitmap Heap Scan on sbtest8  (cost=30.47..3795.63 rows=979 width=4)
	        Recheck Cond: ((id >= 1963132) AND (id <= 1964131))
	        ->  Bitmap Index Scan on sbtest8_pkey  (cost=0.00..30.22 rows=979 width=0)
	              Index Cond: ((id >= 1963132) AND (id <= 1964131))

for: order_ranges
table 1 : explain SELECT c FROM sbtest1 WHERE id BETWEEN 2145447 AND 2146446 ORDER BY c
	Sort  (cost=3920.83..3923.33 rows=999 width=121)
	  Sort Key: c
	  ->  Bitmap Heap Scan on sbtest1  (cost=30.67..3871.06 rows=999 width=121)
	        Recheck Cond: ((id >= 2145447) AND (id <= 2146446))
	        ->  Bitmap Index Scan on sbtest1_pkey  (cost=0.00..30.43 rows=999 width=0)
	              Index Cond: ((id >= 2145447) AND (id <= 2146446))

table 2 : explain SELECT c FROM sbtest2 WHERE id BETWEEN 9426294 AND 9427293 ORDER BY c
	Sort  (cost=3867.24..3869.70 rows=985 width=121)
	  Sort Key: c
	  ->  Bitmap Heap Scan on sbtest2  (cost=30.53..3818.27 rows=985 width=121)
	        Recheck Cond: ((id >= 9426294) AND (id <= 9427293))
	        ->  Bitmap Index Scan on sbtest2_pkey  (cost=0.00..30.29 rows=985 width=0)
	              Index Cond: ((id >= 9426294) AND (id <= 9427293))

table 3 : explain SELECT c FROM sbtest3 WHERE id BETWEEN 5390278 AND 5391277 ORDER BY c
	Sort  (cost=3855.49..3857.94 rows=982 width=121)
	  Sort Key: c
	  ->  Bitmap Heap Scan on sbtest3  (cost=30.50..3806.68 rows=982 width=121)
	        Recheck Cond: ((id >= 5390278) AND (id <= 5391277))
	        ->  Bitmap Index Scan on sbtest3_pkey  (cost=0.00..30.25 rows=982 width=0)
	              Index Cond: ((id >= 5390278) AND (id <= 5391277))

table 4 : explain SELECT c FROM sbtest4 WHERE id BETWEEN 2146015 AND 2147014 ORDER BY c
	Sort  (cost=3932.67..3935.18 rows=1002 width=121)
	  Sort Key: c
	  ->  Bitmap Heap Scan on sbtest4  (cost=30.71..3882.73 rows=1002 width=121)
	        Recheck Cond: ((id >= 2146015) AND (id <= 2147014))
	        ->  Bitmap Index Scan on sbtest4_pkey  (cost=0.00..30.45 rows=1002 width=0)
	              Index Cond: ((id >= 2146015) AND (id <= 2147014))

table 5 : explain SELECT c FROM sbtest5 WHERE id BETWEEN 9541936 AND 9542935 ORDER BY c
	Sort  (cost=3763.70..3766.10 rows=958 width=121)
	  Sort Key: c
	  ->  Bitmap Heap Scan on sbtest5  (cost=30.25..3716.26 rows=958 width=121)
	        Recheck Cond: ((id >= 9541936) AND (id <= 9542935))
	        ->  Bitmap Index Scan on sbtest5_pkey  (cost=0.00..30.01 rows=958 width=0)
	              Index Cond: ((id >= 9541936) AND (id <= 9542935))

table 6 : explain SELECT c FROM sbtest6 WHERE id BETWEEN 6502510 AND 6503509 ORDER BY c
	Sort  (cost=3778.73..3781.13 rows=962 width=121)
	  Sort Key: c
	  ->  Bitmap Heap Scan on sbtest6  (cost=30.30..3731.06 rows=962 width=121)
	        Recheck Cond: ((id >= 6502510) AND (id <= 6503509))
	        ->  Bitmap Index Scan on sbtest6_pkey  (cost=0.00..30.05 rows=962 width=0)
	              Index Cond: ((id >= 6502510) AND (id <= 6503509))

table 7 : explain SELECT c FROM sbtest7 WHERE id BETWEEN 4241923 AND 4242922 ORDER BY c
	Sort  (cost=4135.53..4138.17 rows=1054 width=121)
	  Sort Key: c
	  ->  Bitmap Heap Scan on sbtest7  (cost=35.24..4082.61 rows=1054 width=121)
	        Recheck Cond: ((id >= 4241923) AND (id <= 4242922))
	        ->  Bitmap Index Scan on sbtest7_pkey  (cost=0.00..34.98 rows=1054 width=0)
	              Index Cond: ((id >= 4241923) AND (id <= 4242922))

table 8 : explain SELECT c FROM sbtest8 WHERE id BETWEEN 2843049 AND 2844048 ORDER BY c
	Sort  (cost=3928.59..3931.09 rows=1001 width=121)
	  Sort Key: c
	  ->  Bitmap Heap Scan on sbtest8  (cost=30.70..3878.70 rows=1001 width=121)
	        Recheck Cond: ((id >= 2843049) AND (id <= 2844048))
	        ->  Bitmap Index Scan on sbtest8_pkey  (cost=0.00..30.44 rows=1001 width=0)
	              Index Cond: ((id >= 2843049) AND (id <= 2844048))

explain: for point_selects :: explain SELECT c FROM sbtest%u WHERE id=%u
for point_selects
table 1 : explain SELECT c FROM sbtest1 WHERE id=9815599
	Index Scan using sbtest1_pkey on sbtest1  (cost=0.43..8.45 rows=1 width=121)
	  Index Cond: (id = 9815599)

table 2 : explain SELECT c FROM sbtest2 WHERE id=7907093
	Index Scan using sbtest2_pkey on sbtest2  (cost=0.43..8.45 rows=1 width=121)
	  Index Cond: (id = 7907093)

table 3 : explain SELECT c FROM sbtest3 WHERE id=1352840
	Index Scan using sbtest3_pkey on sbtest3  (cost=0.43..8.45 rows=1 width=121)
	  Index Cond: (id = 1352840)

table 4 : explain SELECT c FROM sbtest4 WHERE id=4431032
	Index Scan using sbtest4_pkey on sbtest4  (cost=0.43..8.45 rows=1 width=121)
	  Index Cond: (id = 4431032)

table 5 : explain SELECT c FROM sbtest5 WHERE id=1181691
	Index Scan using sbtest5_pkey on sbtest5  (cost=0.43..8.45 rows=1 width=121)
	  Index Cond: (id = 1181691)

table 6 : explain SELECT c FROM sbtest6 WHERE id=9454064
	Index Scan using sbtest6_pkey on sbtest6  (cost=0.43..8.45 rows=1 width=121)
	  Index Cond: (id = 9454064)

table 7 : explain SELECT c FROM sbtest7 WHERE id=7673531
	Index Scan using sbtest7_pkey on sbtest7  (cost=0.43..8.45 rows=1 width=121)
	  Index Cond: (id = 7673531)

table 8 : explain SELECT c FROM sbtest8 WHERE id=5918045
	Index Scan using sbtest8_pkey on sbtest8  (cost=0.43..8.45 rows=1 width=121)
	  Index Cond: (id = 5918045)

for point_selects
table 1 : explain SELECT c FROM sbtest1 WHERE id=5458885
	Index Scan using sbtest1_pkey on sbtest1  (cost=0.43..8.45 rows=1 width=121)
	  Index Cond: (id = 5458885)

table 2 : explain SELECT c FROM sbtest2 WHERE id=3366573
	Index Scan using sbtest2_pkey on sbtest2  (cost=0.43..8.45 rows=1 width=121)
	  Index Cond: (id = 3366573)

table 3 : explain SELECT c FROM sbtest3 WHERE id=480638
	Index Scan using sbtest3_pkey on sbtest3  (cost=0.43..8.45 rows=1 width=121)
	  Index Cond: (id = 480638)

table 4 : explain SELECT c FROM sbtest4 WHERE id=2929387
	Index Scan using sbtest4_pkey on sbtest4  (cost=0.43..8.45 rows=1 width=121)
	  Index Cond: (id = 2929387)

table 5 : explain SELECT c FROM sbtest5 WHERE id=8768827
	Index Scan using sbtest5_pkey on sbtest5  (cost=0.43..8.45 rows=1 width=121)
	  Index Cond: (id = 8768827)

table 6 : explain SELECT c FROM sbtest6 WHERE id=6605411
	Index Scan using sbtest6_pkey on sbtest6  (cost=0.43..8.45 rows=1 width=121)
	  Index Cond: (id = 6605411)

table 7 : explain SELECT c FROM sbtest7 WHERE id=2190480
	Index Scan using sbtest7_pkey on sbtest7  (cost=0.43..8.45 rows=1 width=121)
	  Index Cond: (id = 2190480)

table 8 : explain SELECT c FROM sbtest8 WHERE id=4683285
	Index Scan using sbtest8_pkey on sbtest8  (cost=0.43..8.45 rows=1 width=121)
	  Index Cond: (id = 4683285)

for point_selects
table 1 : explain SELECT c FROM sbtest1 WHERE id=9946319
	Index Scan using sbtest1_pkey on sbtest1  (cost=0.43..8.45 rows=1 width=121)
	  Index Cond: (id = 9946319)

table 2 : explain SELECT c FROM sbtest2 WHERE id=7779291
	Index Scan using sbtest2_pkey on sbtest2  (cost=0.43..8.45 rows=1 width=121)
	  Index Cond: (id = 7779291)

table 3 : explain SELECT c FROM sbtest3 WHERE id=7594174
	Index Scan using sbtest3_pkey on sbtest3  (cost=0.43..8.45 rows=1 width=121)
	  Index Cond: (id = 7594174)

table 4 : explain SELECT c FROM sbtest4 WHERE id=9739612
	Index Scan using sbtest4_pkey on sbtest4  (cost=0.43..8.45 rows=1 width=121)
	  Index Cond: (id = 9739612)

table 5 : explain SELECT c FROM sbtest5 WHERE id=8154684
	Index Scan using sbtest5_pkey on sbtest5  (cost=0.43..8.45 rows=1 width=121)
	  Index Cond: (id = 8154684)

table 6 : explain SELECT c FROM sbtest6 WHERE id=8275589
	Index Scan using sbtest6_pkey on sbtest6  (cost=0.43..8.45 rows=1 width=121)
	  Index Cond: (id = 8275589)

table 7 : explain SELECT c FROM sbtest7 WHERE id=1547461
	Index Scan using sbtest7_pkey on sbtest7  (cost=0.43..8.45 rows=1 width=121)
	  Index Cond: (id = 1547461)

table 8 : explain SELECT c FROM sbtest8 WHERE id=2495566
	Index Scan using sbtest8_pkey on sbtest8  (cost=0.43..8.45 rows=1 width=121)
	  Index Cond: (id = 2495566)

for: sum_ranges
table 1 : explain SELECT SUM(k) FROM sbtest1 WHERE id BETWEEN 7790124 AND 7791123
	Aggregate  (cost=3850.89..3850.90 rows=1 width=8)
	  ->  Bitmap Heap Scan on sbtest1  (cost=30.61..3848.41 rows=993 width=4)
	        Recheck Cond: ((id >= 7790124) AND (id <= 7791123))
	        ->  Bitmap Index Scan on sbtest1_pkey  (cost=0.00..30.36 rows=993 width=0)
	              Index Cond: ((id >= 7790124) AND (id <= 7791123))

table 2 : explain SELECT SUM(k) FROM sbtest2 WHERE id BETWEEN 7406547 AND 7407546
	Aggregate  (cost=3911.39..3911.40 rows=1 width=8)
	  ->  Bitmap Heap Scan on sbtest2  (cost=30.78..3908.87 rows=1009 width=4)
	        Recheck Cond: ((id >= 7406547) AND (id <= 7407546))
	        ->  Bitmap Index Scan on sbtest2_pkey  (cost=0.00..30.52 rows=1009 width=0)
	              Index Cond: ((id >= 7406547) AND (id <= 7407546))

table 3 : explain SELECT SUM(k) FROM sbtest3 WHERE id BETWEEN 4288298 AND 4289297
	Aggregate  (cost=3714.62..3714.63 rows=1 width=8)
	  ->  Bitmap Heap Scan on sbtest3  (cost=30.24..3712.23 rows=957 width=4)
	        Recheck Cond: ((id >= 4288298) AND (id <= 4289297))
	        ->  Bitmap Index Scan on sbtest3_pkey  (cost=0.00..30.00 rows=957 width=0)
	              Index Cond: ((id >= 4288298) AND (id <= 4289297))

table 4 : explain SELECT SUM(k) FROM sbtest4 WHERE id BETWEEN 7344204 AND 7345203
	Aggregate  (cost=3847.45..3847.46 rows=1 width=8)
	  ->  Bitmap Heap Scan on sbtest4  (cost=30.60..3844.97 rows=992 width=4)
	        Recheck Cond: ((id >= 7344204) AND (id <= 7345203))
	        ->  Bitmap Index Scan on sbtest4_pkey  (cost=0.00..30.36 rows=992 width=0)
	              Index Cond: ((id >= 7344204) AND (id <= 7345203))

table 5 : explain SELECT SUM(k) FROM sbtest5 WHERE id BETWEEN 5480643 AND 5481642
	Aggregate  (cost=3760.26..3760.27 rows=1 width=8)
	  ->  Bitmap Heap Scan on sbtest5  (cost=30.37..3757.84 rows=969 width=4)
	        Recheck Cond: ((id >= 5480643) AND (id <= 5481642))
	        ->  Bitmap Index Scan on sbtest5_pkey  (cost=0.00..30.12 rows=969 width=0)
	              Index Cond: ((id >= 5480643) AND (id <= 5481642))

table 6 : explain SELECT SUM(k) FROM sbtest6 WHERE id BETWEEN 7557268 AND 7558267
	Aggregate  (cost=3688.08..3688.09 rows=1 width=8)
	  ->  Bitmap Heap Scan on sbtest6  (cost=30.17..3685.70 rows=950 width=4)
	        Recheck Cond: ((id >= 7557268) AND (id <= 7558267))
	        ->  Bitmap Index Scan on sbtest6_pkey  (cost=0.00..29.93 rows=950 width=0)
	              Index Cond: ((id >= 7557268) AND (id <= 7558267))

table 7 : explain SELECT SUM(k) FROM sbtest7 WHERE id BETWEEN 1580481 AND 1581480
	Aggregate  (cost=3737.60..3737.61 rows=1 width=8)
	  ->  Bitmap Heap Scan on sbtest7  (cost=30.31..3735.19 rows=963 width=4)
	        Recheck Cond: ((id >= 1580481) AND (id <= 1581480))
	        ->  Bitmap Index Scan on sbtest7_pkey  (cost=0.00..30.07 rows=963 width=0)
	              Index Cond: ((id >= 1580481) AND (id <= 1581480))

table 8 : explain SELECT SUM(k) FROM sbtest8 WHERE id BETWEEN 3924177 AND 3925176
	Aggregate  (cost=4104.08..4104.09 rows=1 width=8)
	  ->  Bitmap Heap Scan on sbtest8  (cost=35.29..4101.43 rows=1059 width=4)
	        Recheck Cond: ((id >= 3924177) AND (id <= 3925176))
	        ->  Bitmap Index Scan on sbtest8_pkey  (cost=0.00..35.03 rows=1059 width=0)
	              Index Cond: ((id >= 3924177) AND (id <= 3925176))

for: sum_ranges
table 1 : explain SELECT SUM(k) FROM sbtest1 WHERE id BETWEEN 2730701 AND 2731700
	Aggregate  (cost=3756.40..3756.41 rows=1 width=8)
	  ->  Bitmap Heap Scan on sbtest1  (cost=30.36..3753.98 rows=968 width=4)
	        Recheck Cond: ((id >= 2730701) AND (id <= 2731700))
	        ->  Bitmap Index Scan on sbtest1_pkey  (cost=0.00..30.11 rows=968 width=0)
	              Index Cond: ((id >= 2730701) AND (id <= 2731700))

table 2 : explain SELECT SUM(k) FROM sbtest2 WHERE id BETWEEN 699879 AND 700878
	Aggregate  (cost=4036.17..4036.18 rows=1 width=8)
	  ->  Bitmap Heap Scan on sbtest2  (cost=35.11..4033.57 rows=1041 width=4)
	        Recheck Cond: ((id >= 699879) AND (id <= 700878))
	        ->  Bitmap Index Scan on sbtest2_pkey  (cost=0.00..34.84 rows=1041 width=0)
	              Index Cond: ((id >= 699879) AND (id <= 700878))

table 3 : explain SELECT SUM(k) FROM sbtest3 WHERE id BETWEEN 6262122 AND 6263121
	Aggregate  (cost=4239.40..4239.41 rows=1 width=8)
	  ->  Bitmap Heap Scan on sbtest3  (cost=35.66..4236.66 rows=1095 width=4)
	        Recheck Cond: ((id >= 6262122) AND (id <= 6263121))
	        ->  Bitmap Index Scan on sbtest3_pkey  (cost=0.00..35.39 rows=1095 width=0)
	              Index Cond: ((id >= 6262122) AND (id <= 6263121))

table 4 : explain SELECT SUM(k) FROM sbtest4 WHERE id BETWEEN 9878755 AND 9879754
	Aggregate  (cost=3881.46..3881.47 rows=1 width=8)
	  ->  Bitmap Heap Scan on sbtest4  (cost=30.70..3878.95 rows=1001 width=4)
	        Recheck Cond: ((id >= 9878755) AND (id <= 9879754))
	        ->  Bitmap Index Scan on sbtest4_pkey  (cost=0.00..30.44 rows=1001 width=0)
	              Index Cond: ((id >= 9878755) AND (id <= 9879754))

table 5 : explain SELECT SUM(k) FROM sbtest5 WHERE id BETWEEN 3122628 AND 3123627
	Aggregate  (cost=4077.67..4077.68 rows=1 width=8)
	  ->  Bitmap Heap Scan on sbtest5  (cost=35.22..4075.04 rows=1052 width=4)
	        Recheck Cond: ((id >= 3122628) AND (id <= 3123627))
	        ->  Bitmap Index Scan on sbtest5_pkey  (cost=0.00..34.95 rows=1052 width=0)
	              Index Cond: ((id >= 3122628) AND (id <= 3123627))

table 6 : explain SELECT SUM(k) FROM sbtest6 WHERE id BETWEEN 9679037 AND 9680036
	Aggregate  (cost=3752.37..3752.38 rows=1 width=8)
	  ->  Bitmap Heap Scan on sbtest6  (cost=30.35..3749.95 rows=967 width=4)
	        Recheck Cond: ((id >= 9679037) AND (id <= 9680036))
	        ->  Bitmap Index Scan on sbtest6_pkey  (cost=0.00..30.11 rows=967 width=0)
	              Index Cond: ((id >= 9679037) AND (id <= 9680036))

table 7 : explain SELECT SUM(k) FROM sbtest7 WHERE id BETWEEN 4123105 AND 4124104
	Aggregate  (cost=4122.95..4122.96 rows=1 width=8)
	  ->  Bitmap Heap Scan on sbtest7  (cost=35.34..4120.29 rows=1064 width=4)
	        Recheck Cond: ((id >= 4123105) AND (id <= 4124104))
	        ->  Bitmap Index Scan on sbtest7_pkey  (cost=0.00..35.08 rows=1064 width=0)
	              Index Cond: ((id >= 4123105) AND (id <= 4124104))

table 8 : explain SELECT SUM(k) FROM sbtest8 WHERE id BETWEEN 7404327 AND 7405326
	Aggregate  (cost=3945.40..3945.41 rows=1 width=8)
	  ->  Bitmap Heap Scan on sbtest8  (cost=30.87..3942.86 rows=1018 width=4)
	        Recheck Cond: ((id >= 7404327) AND (id <= 7405326))
	        ->  Bitmap Index Scan on sbtest8_pkey  (cost=0.00..30.61 rows=1018 width=0)
	              Index Cond: ((id >= 7404327) AND (id <= 7405326))

for point_selects
table 1 : explain SELECT c FROM sbtest1 WHERE id=506766
	Index Scan using sbtest1_pkey on sbtest1  (cost=0.43..8.45 rows=1 width=121)
	  Index Cond: (id = 506766)

table 2 : explain SELECT c FROM sbtest2 WHERE id=7479601
	Index Scan using sbtest2_pkey on sbtest2  (cost=0.43..8.45 rows=1 width=121)
	  Index Cond: (id = 7479601)

table 3 : explain SELECT c FROM sbtest3 WHERE id=8318839
	Index Scan using sbtest3_pkey on sbtest3  (cost=0.43..8.45 rows=1 width=121)
	  Index Cond: (id = 8318839)

table 4 : explain SELECT c FROM sbtest4 WHERE id=9447659
	Index Scan using sbtest4_pkey on sbtest4  (cost=0.43..8.45 rows=1 width=121)
	  Index Cond: (id = 9447659)

table 5 : explain SELECT c FROM sbtest5 WHERE id=1396513
	Index Scan using sbtest5_pkey on sbtest5  (cost=0.43..8.45 rows=1 width=121)
	  Index Cond: (id = 1396513)

table 6 : explain SELECT c FROM sbtest6 WHERE id=8070325
	Index Scan using sbtest6_pkey on sbtest6  (cost=0.43..8.45 rows=1 width=121)
	  Index Cond: (id = 8070325)

table 7 : explain SELECT c FROM sbtest7 WHERE id=5716834
	Index Scan using sbtest7_pkey on sbtest7  (cost=0.43..8.45 rows=1 width=121)
	  Index Cond: (id = 5716834)

table 8 : explain SELECT c FROM sbtest8 WHERE id=9166344
	Index Scan using sbtest8_pkey on sbtest8  (cost=0.43..8.45 rows=1 width=121)
	  Index Cond: (id = 9166344)

for: distinct_ranges
table 1 : explain SELECT DISTINCT c FROM sbtest1 WHERE id BETWEEN 550880 AND 551879 ORDER BY c
	Unique  (cost=3556.26..3560.78 rows=904 width=121)
	  ->  Sort  (cost=3556.26..3558.52 rows=904 width=121)
	        Sort Key: c
	        ->  Bitmap Heap Scan on sbtest1  (cost=29.70..3511.87 rows=904 width=121)
	              Recheck Cond: ((id >= 550880) AND (id <= 551879))
	              ->  Bitmap Index Scan on sbtest1_pkey  (cost=0.00..29.47 rows=904 width=0)
	                    Index Cond: ((id >= 550880) AND (id <= 551879))

table 2 : explain SELECT DISTINCT c FROM sbtest2 WHERE id BETWEEN 1589131 AND 1590130 ORDER BY c
	Unique  (cost=3709.96..3714.68 rows=944 width=121)
	  ->  Sort  (cost=3709.96..3712.32 rows=944 width=121)
	        Sort Key: c
	        ->  Bitmap Heap Scan on sbtest2  (cost=30.11..3663.31 rows=944 width=121)
	              Recheck Cond: ((id >= 1589131) AND (id <= 1590130))
	              ->  Bitmap Index Scan on sbtest2_pkey  (cost=0.00..29.87 rows=944 width=0)
	                    Index Cond: ((id >= 1589131) AND (id <= 1590130))

table 3 : explain SELECT DISTINCT c FROM sbtest3 WHERE id BETWEEN 5836638 AND 5837637 ORDER BY c
	Unique  (cost=3966.61..3971.67 rows=1011 width=121)
	  ->  Sort  (cost=3966.61..3969.14 rows=1011 width=121)
	        Sort Key: c
	        ->  Bitmap Heap Scan on sbtest3  (cost=30.80..3916.16 rows=1011 width=121)
	              Recheck Cond: ((id >= 5836638) AND (id <= 5837637))
	              ->  Bitmap Index Scan on sbtest3_pkey  (cost=0.00..30.54 rows=1011 width=0)
	                    Index Cond: ((id >= 5836638) AND (id <= 5837637))

table 4 : explain SELECT DISTINCT c FROM sbtest4 WHERE id BETWEEN 7193894 AND 7194893 ORDER BY c
	Unique  (cost=3691.02..3695.71 rows=939 width=121)
	  ->  Sort  (cost=3691.02..3693.36 rows=939 width=121)
	        Sort Key: c
	        ->  Bitmap Heap Scan on sbtest4  (cost=30.06..3644.65 rows=939 width=121)
	              Recheck Cond: ((id >= 7193894) AND (id <= 7194893))
	              ->  Bitmap Index Scan on sbtest4_pkey  (cost=0.00..29.82 rows=939 width=0)
	                    Index Cond: ((id >= 7193894) AND (id <= 7194893))

table 5 : explain SELECT DISTINCT c FROM sbtest5 WHERE id BETWEEN 4988005 AND 4989004 ORDER BY c
	Unique  (cost=4445.00..4450.67 rows=1135 width=121)
	  ->  Sort  (cost=4445.00..4447.84 rows=1135 width=121)
	        Sort Key: c
	        ->  Bitmap Heap Scan on sbtest5  (cost=36.07..4387.40 rows=1135 width=121)
	              Recheck Cond: ((id >= 4988005) AND (id <= 4989004))
	              ->  Bitmap Index Scan on sbtest5_pkey  (cost=0.00..35.79 rows=1135 width=0)
	                    Index Cond: ((id >= 4988005) AND (id <= 4989004))

table 6 : explain SELECT DISTINCT c FROM sbtest6 WHERE id BETWEEN 8611503 AND 8612502 ORDER BY c
	Unique  (cost=3874.59..3879.52 rows=987 width=121)
	  ->  Sort  (cost=3874.59..3877.05 rows=987 width=121)
	        Sort Key: c
	        ->  Bitmap Heap Scan on sbtest6  (cost=30.55..3825.50 rows=987 width=121)
	              Recheck Cond: ((id >= 8611503) AND (id <= 8612502))
	              ->  Bitmap Index Scan on sbtest6_pkey  (cost=0.00..30.30 rows=987 width=0)
	                    Index Cond: ((id >= 8611503) AND (id <= 8612502))

table 7 : explain SELECT DISTINCT c FROM sbtest7 WHERE id BETWEEN 8055373 AND 8056372 ORDER BY c
	Unique  (cost=3966.92..3971.98 rows=1011 width=121)
	  ->  Sort  (cost=3966.92..3969.45 rows=1011 width=121)
	        Sort Key: c
	        ->  Bitmap Heap Scan on sbtest7  (cost=30.80..3916.47 rows=1011 width=121)
	              Recheck Cond: ((id >= 8055373) AND (id <= 8056372))
	              ->  Bitmap Index Scan on sbtest7_pkey  (cost=0.00..30.54 rows=1011 width=0)
	                    Index Cond: ((id >= 8055373) AND (id <= 8056372))

table 8 : explain SELECT DISTINCT c FROM sbtest8 WHERE id BETWEEN 3167508 AND 3168507 ORDER BY c
	Unique  (cost=3851.93..3856.84 rows=981 width=121)
	  ->  Sort  (cost=3851.93..3854.38 rows=981 width=121)
	        Sort Key: c
	        ->  Bitmap Heap Scan on sbtest8  (cost=30.49..3803.18 rows=981 width=121)
	              Recheck Cond: ((id >= 3167508) AND (id <= 3168507))
	              ->  Bitmap Index Scan on sbtest8_pkey  (cost=0.00..30.25 rows=981 width=0)
	                    Index Cond: ((id >= 3167508) AND (id <= 3168507))

for: order_ranges
table 1 : explain SELECT c FROM sbtest1 WHERE id BETWEEN 9142247 AND 9143246 ORDER BY c
	Sort  (cost=4001.27..4003.82 rows=1020 width=121)
	  Sort Key: c
	  ->  Bitmap Heap Scan on sbtest1  (cost=30.89..3950.30 rows=1020 width=121)
	        Recheck Cond: ((id >= 9142247) AND (id <= 9143246))
	        ->  Bitmap Index Scan on sbtest1_pkey  (cost=0.00..30.64 rows=1020 width=0)
	              Index Cond: ((id >= 9142247) AND (id <= 9143246))

table 2 : explain SELECT c FROM sbtest2 WHERE id BETWEEN 506919 AND 507918 ORDER BY c
	Sort  (cost=3871.07..3873.54 rows=986 width=121)
	  Sort Key: c
	  ->  Bitmap Heap Scan on sbtest2  (cost=30.54..3822.04 rows=986 width=121)
	        Recheck Cond: ((id >= 506919) AND (id <= 507918))
	        ->  Bitmap Index Scan on sbtest2_pkey  (cost=0.00..30.29 rows=986 width=0)
	              Index Cond: ((id >= 506919) AND (id <= 507918))

table 3 : explain SELECT c FROM sbtest3 WHERE id BETWEEN 4169820 AND 4170819 ORDER BY c
	Sort  (cost=3759.61..3762.00 rows=957 width=121)
	  Sort Key: c
	  ->  Bitmap Heap Scan on sbtest3  (cost=30.24..3712.23 rows=957 width=121)
	        Recheck Cond: ((id >= 4169820) AND (id <= 4170819))
	        ->  Bitmap Index Scan on sbtest3_pkey  (cost=0.00..30.00 rows=957 width=0)
	              Index Cond: ((id >= 4169820) AND (id <= 4170819))

table 4 : explain SELECT c FROM sbtest4 WHERE id BETWEEN 3807124 AND 3808123 ORDER BY c
	Sort  (cost=3917.34..3919.84 rows=998 width=121)
	  Sort Key: c
	  ->  Bitmap Heap Scan on sbtest4  (cost=30.66..3867.63 rows=998 width=121)
	        Recheck Cond: ((id >= 3807124) AND (id <= 3808123))
	        ->  Bitmap Index Scan on sbtest4_pkey  (cost=0.00..30.41 rows=998 width=0)
	              Index Cond: ((id >= 3807124) AND (id <= 3808123))

table 5 : explain SELECT c FROM sbtest5 WHERE id BETWEEN 3301278 AND 3302277 ORDER BY c
	Sort  (cost=3575.55..3577.82 rows=909 width=121)
	  Sort Key: c
	  ->  Bitmap Heap Scan on sbtest5  (cost=29.75..3530.88 rows=909 width=121)
	        Recheck Cond: ((id >= 3301278) AND (id <= 3302277))
	        ->  Bitmap Index Scan on sbtest5_pkey  (cost=0.00..29.52 rows=909 width=0)
	              Index Cond: ((id >= 3301278) AND (id <= 3302277))

table 6 : explain SELECT c FROM sbtest6 WHERE id BETWEEN 621587 AND 622586 ORDER BY c
	Sort  (cost=3663.59..3665.92 rows=932 width=121)
	  Sort Key: c
	  ->  Bitmap Heap Scan on sbtest6  (cost=29.99..3617.63 rows=932 width=121)
	        Recheck Cond: ((id >= 621587) AND (id <= 622586))
	        ->  Bitmap Index Scan on sbtest6_pkey  (cost=0.00..29.75 rows=932 width=0)
	              Index Cond: ((id >= 621587) AND (id <= 622586))

table 7 : explain SELECT c FROM sbtest7 WHERE id BETWEEN 7866719 AND 7867718 ORDER BY c
	Sort  (cost=3756.06..3758.45 rows=956 width=121)
	  Sort Key: c
	  ->  Bitmap Heap Scan on sbtest7  (cost=30.23..3708.73 rows=956 width=121)
	        Recheck Cond: ((id >= 7866719) AND (id <= 7867718))
	        ->  Bitmap Index Scan on sbtest7_pkey  (cost=0.00..30.00 rows=956 width=0)
	              Index Cond: ((id >= 7866719) AND (id <= 7867718))

table 8 : explain SELECT c FROM sbtest8 WHERE id BETWEEN 6018212 AND 6019211 ORDER BY c
	Sort  (cost=4097.25..4099.86 rows=1044 width=121)
	  Sort Key: c
	  ->  Bitmap Heap Scan on sbtest8  (cost=35.14..4044.90 rows=1044 width=121)
	        Recheck Cond: ((id >= 6018212) AND (id <= 6019211))
	        ->  Bitmap Index Scan on sbtest8_pkey  (cost=0.00..34.88 rows=1044 width=0)
	              Index Cond: ((id >= 6018212) AND (id <= 6019211))

for point_selects
table 1 : explain SELECT c FROM sbtest1 WHERE id=8009295
	Index Scan using sbtest1_pkey on sbtest1  (cost=0.43..8.45 rows=1 width=121)
	  Index Cond: (id = 8009295)

table 2 : explain SELECT c FROM sbtest2 WHERE id=382631
	Index Scan using sbtest2_pkey on sbtest2  (cost=0.43..8.45 rows=1 width=121)
	  Index Cond: (id = 382631)

table 3 : explain SELECT c FROM sbtest3 WHERE id=1429928
	Index Scan using sbtest3_pkey on sbtest3  (cost=0.43..8.45 rows=1 width=121)
	  Index Cond: (id = 1429928)

table 4 : explain SELECT c FROM sbtest4 WHERE id=1385408
	Index Scan using sbtest4_pkey on sbtest4  (cost=0.43..8.45 rows=1 width=121)
	  Index Cond: (id = 1385408)

table 5 : explain SELECT c FROM sbtest5 WHERE id=406444
	Index Scan using sbtest5_pkey on sbtest5  (cost=0.43..8.45 rows=1 width=121)
	  Index Cond: (id = 406444)

table 6 : explain SELECT c FROM sbtest6 WHERE id=5736060
	Index Scan using sbtest6_pkey on sbtest6  (cost=0.43..8.45 rows=1 width=121)
	  Index Cond: (id = 5736060)

table 7 : explain SELECT c FROM sbtest7 WHERE id=4494860
	Index Scan using sbtest7_pkey on sbtest7  (cost=0.43..8.45 rows=1 width=121)
	  Index Cond: (id = 4494860)

table 8 : explain SELECT c FROM sbtest8 WHERE id=9460062
	Index Scan using sbtest8_pkey on sbtest8  (cost=0.43..8.45 rows=1 width=121)
	  Index Cond: (id = 9460062)

for: order_ranges
table 1 : explain SELECT c FROM sbtest1 WHERE id BETWEEN 9857651 AND 9858650 ORDER BY c
	Sort  (cost=3974.46..3977.00 rows=1013 width=121)
	  Sort Key: c
	  ->  Bitmap Heap Scan on sbtest1  (cost=30.82..3923.89 rows=1013 width=121)
	        Recheck Cond: ((id >= 9857651) AND (id <= 9858650))
	        ->  Bitmap Index Scan on sbtest1_pkey  (cost=0.00..30.57 rows=1013 width=0)
	              Index Cond: ((id >= 9857651) AND (id <= 9858650))

table 2 : explain SELECT c FROM sbtest2 WHERE id BETWEEN 2099901 AND 2100900 ORDER BY c
	Sort  (cost=3652.37..3654.69 rows=929 width=121)
	  Sort Key: c
	  ->  Bitmap Heap Scan on sbtest2  (cost=29.96..3606.57 rows=929 width=121)
	        Recheck Cond: ((id >= 2099901) AND (id <= 2100900))
	        ->  Bitmap Index Scan on sbtest2_pkey  (cost=0.00..29.72 rows=929 width=0)
	              Index Cond: ((id >= 2099901) AND (id <= 2100900))

table 3 : explain SELECT c FROM sbtest3 WHERE id BETWEEN 1705847 AND 1706846 ORDER BY c
	Sort  (cost=3905.31..3907.80 rows=995 width=121)
	  Sort Key: c
	  ->  Bitmap Heap Scan on sbtest3  (cost=30.63..3855.77 rows=995 width=121)
	        Recheck Cond: ((id >= 1705847) AND (id <= 1706846))
	        ->  Bitmap Index Scan on sbtest3_pkey  (cost=0.00..30.39 rows=995 width=0)
	              Index Cond: ((id >= 1705847) AND (id <= 1706846))

table 4 : explain SELECT c FROM sbtest4 WHERE id BETWEEN 4793342 AND 4794341 ORDER BY c
	Sort  (cost=3733.25..3735.62 rows=950 width=121)
	  Sort Key: c
	  ->  Bitmap Heap Scan on sbtest4  (cost=30.17..3686.26 rows=950 width=121)
	        Recheck Cond: ((id >= 4793342) AND (id <= 4794341))
	        ->  Bitmap Index Scan on sbtest4_pkey  (cost=0.00..29.93 rows=950 width=0)
	              Index Cond: ((id >= 4793342) AND (id <= 4794341))

table 5 : explain SELECT c FROM sbtest5 WHERE id BETWEEN 1533802 AND 1534801 ORDER BY c
	Sort  (cost=3901.75..3904.24 rows=994 width=121)
	  Sort Key: c
	  ->  Bitmap Heap Scan on sbtest5  (cost=30.62..3852.27 rows=994 width=121)
	        Recheck Cond: ((id >= 1533802) AND (id <= 1534801))
	        ->  Bitmap Index Scan on sbtest5_pkey  (cost=0.00..30.37 rows=994 width=0)
	              Index Cond: ((id >= 1533802) AND (id <= 1534801))

table 6 : explain SELECT c FROM sbtest6 WHERE id BETWEEN 4692115 AND 4693114 ORDER BY c
	Sort  (cost=3840.09..3842.53 rows=978 width=121)
	  Sort Key: c
	  ->  Bitmap Heap Scan on sbtest6  (cost=30.46..3791.51 rows=978 width=121)
	        Recheck Cond: ((id >= 4692115) AND (id <= 4693114))
	        ->  Bitmap Index Scan on sbtest6_pkey  (cost=0.00..30.21 rows=978 width=0)
	              Index Cond: ((id >= 4692115) AND (id <= 4693114))

table 7 : explain SELECT c FROM sbtest7 WHERE id BETWEEN 2061607 AND 2062606 ORDER BY c
	Sort  (cost=4280.82..4283.55 rows=1092 width=121)
	  Sort Key: c
	  ->  Bitmap Heap Scan on sbtest7  (cost=35.63..4225.72 rows=1092 width=121)
	        Recheck Cond: ((id >= 2061607) AND (id <= 2062606))
	        ->  Bitmap Index Scan on sbtest7_pkey  (cost=0.00..35.36 rows=1092 width=0)
	              Index Cond: ((id >= 2061607) AND (id <= 2062606))

table 8 : explain SELECT c FROM sbtest8 WHERE id BETWEEN 8422624 AND 8423623 ORDER BY c
	Sort  (cost=4036.00..4038.57 rows=1028 width=121)
	  Sort Key: c
	  ->  Bitmap Heap Scan on sbtest8  (cost=34.97..3984.58 rows=1028 width=121)
	        Recheck Cond: ((id >= 8422624) AND (id <= 8423623))
	        ->  Bitmap Index Scan on sbtest8_pkey  (cost=0.00..34.72 rows=1028 width=0)
	              Index Cond: ((id >= 8422624) AND (id <= 8423623))

for point_selects
table 1 : explain SELECT c FROM sbtest1 WHERE id=6636046
	Index Scan using sbtest1_pkey on sbtest1  (cost=0.43..8.45 rows=1 width=121)
	  Index Cond: (id = 6636046)

table 2 : explain SELECT c FROM sbtest2 WHERE id=5532747
	Index Scan using sbtest2_pkey on sbtest2  (cost=0.43..8.45 rows=1 width=121)
	  Index Cond: (id = 5532747)

table 3 : explain SELECT c FROM sbtest3 WHERE id=1353152
	Index Scan using sbtest3_pkey on sbtest3  (cost=0.43..8.45 rows=1 width=121)
	  Index Cond: (id = 1353152)

table 4 : explain SELECT c FROM sbtest4 WHERE id=3350098
	Index Scan using sbtest4_pkey on sbtest4  (cost=0.43..8.45 rows=1 width=121)
	  Index Cond: (id = 3350098)

table 5 : explain SELECT c FROM sbtest5 WHERE id=3927314
	Index Scan using sbtest5_pkey on sbtest5  (cost=0.43..8.45 rows=1 width=121)
	  Index Cond: (id = 3927314)

table 6 : explain SELECT c FROM sbtest6 WHERE id=5014778
	Index Scan using sbtest6_pkey on sbtest6  (cost=0.43..8.45 rows=1 width=121)
	  Index Cond: (id = 5014778)

table 7 : explain SELECT c FROM sbtest7 WHERE id=1801114
	Index Scan using sbtest7_pkey on sbtest7  (cost=0.43..8.45 rows=1 width=121)
	  Index Cond: (id = 1801114)

table 8 : explain SELECT c FROM sbtest8 WHERE id=4679038
	Index Scan using sbtest8_pkey on sbtest8  (cost=0.43..8.45 rows=1 width=121)
	  Index Cond: (id = 4679038)

explain: for point_selects :: explain SELECT c FROM sbtest%u WHERE id=%u
for: simple_ranges
table 1 : explain SELECT c FROM sbtest1 WHERE id BETWEEN 4773745 AND 4774744
	Bitmap Heap Scan on sbtest1  (cost=29.83..3561.09 rows=917 width=121)
	  Recheck Cond: ((id >= 4773745) AND (id <= 4774744))
	  ->  Bitmap Index Scan on sbtest1_pkey  (cost=0.00..29.61 rows=917 width=0)
	        Index Cond: ((id >= 4773745) AND (id <= 4774744))

table 2 : explain SELECT c FROM sbtest2 WHERE id BETWEEN 9729136 AND 9730135
	Bitmap Heap Scan on sbtest2  (cost=30.72..3886.23 rows=1003 width=121)
	  Recheck Cond: ((id >= 9729136) AND (id <= 9730135))
	  ->  Bitmap Index Scan on sbtest2_pkey  (cost=0.00..30.46 rows=1003 width=0)
	        Index Cond: ((id >= 9729136) AND (id <= 9730135))

table 3 : explain SELECT c FROM sbtest3 WHERE id BETWEEN 9684873 AND 9685872
	Bitmap Heap Scan on sbtest3  (cost=30.33..3742.46 rows=965 width=121)
	  Recheck Cond: ((id >= 9684873) AND (id <= 9685872))
	  ->  Bitmap Index Scan on sbtest3_pkey  (cost=0.00..30.08 rows=965 width=0)
	        Index Cond: ((id >= 9684873) AND (id <= 9685872))

table 4 : explain SELECT c FROM sbtest4 WHERE id BETWEEN 9859889 AND 9860888
	Bitmap Heap Scan on sbtest4  (cost=30.70..3878.95 rows=1001 width=121)
	  Recheck Cond: ((id >= 9859889) AND (id <= 9860888))
	  ->  Bitmap Index Scan on sbtest4_pkey  (cost=0.00..30.44 rows=1001 width=0)
	        Index Cond: ((id >= 9859889) AND (id <= 9860888))

table 5 : explain SELECT c FROM sbtest5 WHERE id BETWEEN 7213038 AND 7214037
	Bitmap Heap Scan on sbtest5  (cost=30.45..3788.06 rows=977 width=121)
	  Recheck Cond: ((id >= 7213038) AND (id <= 7214037))
	  ->  Bitmap Index Scan on sbtest5_pkey  (cost=0.00..30.20 rows=977 width=0)
	        Index Cond: ((id >= 7213038) AND (id <= 7214037))

table 6 : explain SELECT c FROM sbtest6 WHERE id BETWEEN 6718058 AND 6719057
	Bitmap Heap Scan on sbtest6  (cost=29.63..3485.14 rows=897 width=121)
	  Recheck Cond: ((id >= 6718058) AND (id <= 6719057))
	  ->  Bitmap Index Scan on sbtest6_pkey  (cost=0.00..29.40 rows=897 width=0)
	        Index Cond: ((id >= 6718058) AND (id <= 6719057))

table 7 : explain SELECT c FROM sbtest7 WHERE id BETWEEN 4925954 AND 4926953
	Bitmap Heap Scan on sbtest7  (cost=30.65..3863.62 rows=997 width=121)
	  Recheck Cond: ((id >= 4925954) AND (id <= 4926953))
	  ->  Bitmap Index Scan on sbtest7_pkey  (cost=0.00..30.40 rows=997 width=0)
	        Index Cond: ((id >= 4925954) AND (id <= 4926953))

table 8 : explain SELECT c FROM sbtest8 WHERE id BETWEEN 7692777 AND 7693776
	Bitmap Heap Scan on sbtest8  (cost=30.56..3829.62 rows=988 width=121)
	  Recheck Cond: ((id >= 7692777) AND (id <= 7693776))
	  ->  Bitmap Index Scan on sbtest8_pkey  (cost=0.00..30.32 rows=988 width=0)
	        Index Cond: ((id >= 7692777) AND (id <= 7693776))

for: simple_ranges
table 1 : explain SELECT c FROM sbtest1 WHERE id BETWEEN 81907 AND 82906
	Bitmap Heap Scan on sbtest1  (cost=30.44..3784.20 rows=976 width=121)
	  Recheck Cond: ((id >= 81907) AND (id <= 82906))
	  ->  Bitmap Index Scan on sbtest1_pkey  (cost=0.00..30.19 rows=976 width=0)
	        Index Cond: ((id >= 81907) AND (id <= 82906))

table 2 : explain SELECT c FROM sbtest2 WHERE id BETWEEN 3738634 AND 3739633
	Bitmap Heap Scan on sbtest2  (cost=35.47..4169.20 rows=1077 width=121)
	  Recheck Cond: ((id >= 3738634) AND (id <= 3739633))
	  ->  Bitmap Index Scan on sbtest2_pkey  (cost=0.00..35.20 rows=1077 width=0)
	        Index Cond: ((id >= 3738634) AND (id <= 3739633))

table 3 : explain SELECT c FROM sbtest3 WHERE id BETWEEN 6141318 AND 6142317
	Bitmap Heap Scan on sbtest3  (cost=30.97..3980.28 rows=1028 width=121)
	  Recheck Cond: ((id >= 6141318) AND (id <= 6142317))
	  ->  Bitmap Index Scan on sbtest3_pkey  (cost=0.00..30.71 rows=1028 width=0)
	        Index Cond: ((id >= 6141318) AND (id <= 6142317))

table 4 : explain SELECT c FROM sbtest4 WHERE id BETWEEN 3835519 AND 3836518
	Bitmap Heap Scan on sbtest4  (cost=30.66..3867.63 rows=998 width=121)
	  Recheck Cond: ((id >= 3835519) AND (id <= 3836518))
	  ->  Bitmap Index Scan on sbtest4_pkey  (cost=0.00..30.41 rows=998 width=0)
	        Index Cond: ((id >= 3835519) AND (id <= 3836518))

table 5 : explain SELECT c FROM sbtest5 WHERE id BETWEEN 8377611 AND 8378610
	Bitmap Heap Scan on sbtest5  (cost=35.31..4108.95 rows=1061 width=121)
	  Recheck Cond: ((id >= 8377611) AND (id <= 8378610))
	  ->  Bitmap Index Scan on sbtest5_pkey  (cost=0.00..35.05 rows=1061 width=0)
	        Index Cond: ((id >= 8377611) AND (id <= 8378610))

table 6 : explain SELECT c FROM sbtest6 WHERE id BETWEEN 9645130 AND 9646129
	Bitmap Heap Scan on sbtest6  (cost=30.35..3749.95 rows=967 width=121)
	  Recheck Cond: ((id >= 9645130) AND (id <= 9646129))
	  ->  Bitmap Index Scan on sbtest6_pkey  (cost=0.00..30.11 rows=967 width=0)
	        Index Cond: ((id >= 9645130) AND (id <= 9646129))

table 7 : explain SELECT c FROM sbtest7 WHERE id BETWEEN 4859232 AND 4860231
	Bitmap Heap Scan on sbtest7  (cost=30.65..3863.62 rows=997 width=121)
	  Recheck Cond: ((id >= 4859232) AND (id <= 4860231))
	  ->  Bitmap Index Scan on sbtest7_pkey  (cost=0.00..30.40 rows=997 width=0)
	        Index Cond: ((id >= 4859232) AND (id <= 4860231))

table 8 : explain SELECT c FROM sbtest8 WHERE id BETWEEN 7122509 AND 7123508
	Bitmap Heap Scan on sbtest8  (cost=35.00..3995.89 rows=1031 width=121)
	  Recheck Cond: ((id >= 7122509) AND (id <= 7123508))
	  ->  Bitmap Index Scan on sbtest8_pkey  (cost=0.00..34.75 rows=1031 width=0)
	        Index Cond: ((id >= 7122509) AND (id <= 7123508))

for: sum_ranges
table 1 : explain SELECT SUM(k) FROM sbtest1 WHERE id BETWEEN 7828295 AND 7829294
	Aggregate  (cost=3850.89..3850.90 rows=1 width=8)
	  ->  Bitmap Heap Scan on sbtest1  (cost=30.61..3848.41 rows=993 width=4)
	        Recheck Cond: ((id >= 7828295) AND (id <= 7829294))
	        ->  Bitmap Index Scan on sbtest1_pkey  (cost=0.00..30.36 rows=993 width=0)
	              Index Cond: ((id >= 7828295) AND (id <= 7829294))

table 2 : explain SELECT SUM(k) FROM sbtest2 WHERE id BETWEEN 5125153 AND 5126152
	Aggregate  (cost=3680.81..3680.82 rows=1 width=8)
	  ->  Bitmap Heap Scan on sbtest2  (cost=30.15..3678.44 rows=948 width=4)
	        Recheck Cond: ((id >= 5125153) AND (id <= 5126152))
	        ->  Bitmap Index Scan on sbtest2_pkey  (cost=0.00..29.91 rows=948 width=0)
	              Index Cond: ((id >= 5125153) AND (id <= 5126152))

table 3 : explain SELECT SUM(k) FROM sbtest3 WHERE id BETWEEN 6644856 AND 6645855
	Aggregate  (cost=4016.81..4016.82 rows=1 width=8)
	  ->  Bitmap Heap Scan on sbtest3  (cost=31.06..4014.21 rows=1037 width=4)
	        Recheck Cond: ((id >= 6644856) AND (id <= 6645855))
	        ->  Bitmap Index Scan on sbtest3_pkey  (cost=0.00..30.80 rows=1037 width=0)
	              Index Cond: ((id >= 6644856) AND (id <= 6645855))

table 4 : explain SELECT SUM(k) FROM sbtest4 WHERE id BETWEEN 4925547 AND 4926546
	Aggregate  (cost=3681.07..3681.08 rows=1 width=8)
	  ->  Bitmap Heap Scan on sbtest4  (cost=30.15..3678.70 rows=948 width=4)
	        Recheck Cond: ((id >= 4925547) AND (id <= 4926546))
	        ->  Bitmap Index Scan on sbtest4_pkey  (cost=0.00..29.91 rows=948 width=0)
	              Index Cond: ((id >= 4925547) AND (id <= 4926546))

table 5 : explain SELECT SUM(k) FROM sbtest5 WHERE id BETWEEN 416596 AND 417595
	Aggregate  (cost=3669.47..3669.48 rows=1 width=8)
	  ->  Bitmap Heap Scan on sbtest5  (cost=30.12..3667.11 rows=945 width=4)
	        Recheck Cond: ((id >= 416596) AND (id <= 417595))
	        ->  Bitmap Index Scan on sbtest5_pkey  (cost=0.00..29.89 rows=945 width=0)
	              Index Cond: ((id >= 416596) AND (id <= 417595))

table 6 : explain SELECT SUM(k) FROM sbtest6 WHERE id BETWEEN 5291188 AND 5292187
	Aggregate  (cost=4028.28..4028.29 rows=1 width=8)
	  ->  Bitmap Heap Scan on sbtest6  (cost=35.08..4025.68 rows=1039 width=4)
	        Recheck Cond: ((id >= 5291188) AND (id <= 5292187))
	        ->  Bitmap Index Scan on sbtest6_pkey  (cost=0.00..34.83 rows=1039 width=0)
	              Index Cond: ((id >= 5291188) AND (id <= 5292187))

table 7 : explain SELECT SUM(k) FROM sbtest7 WHERE id BETWEEN 5320244 AND 5321243
	Aggregate  (cost=3571.06..3571.07 rows=1 width=8)
	  ->  Bitmap Heap Scan on sbtest7  (cost=29.85..3568.77 rows=919 width=4)
	        Recheck Cond: ((id >= 5320244) AND (id <= 5321243))
	        ->  Bitmap Index Scan on sbtest7_pkey  (cost=0.00..29.62 rows=919 width=0)
	              Index Cond: ((id >= 5320244) AND (id <= 5321243))

table 8 : explain SELECT SUM(k) FROM sbtest8 WHERE id BETWEEN 2948361 AND 2949360
	Aggregate  (cost=3707.32..3707.33 rows=1 width=8)
	  ->  Bitmap Heap Scan on sbtest8  (cost=30.22..3704.93 rows=955 width=4)
	        Recheck Cond: ((id >= 2948361) AND (id <= 2949360))
	        ->  Bitmap Index Scan on sbtest8_pkey  (cost=0.00..29.98 rows=955 width=0)
	              Index Cond: ((id >= 2948361) AND (id <= 2949360))

for: simple_ranges
table 1 : explain SELECT c FROM sbtest1 WHERE id BETWEEN 9960817 AND 9961816
	Bitmap Heap Scan on sbtest1  (cost=31.00..3991.79 rows=1031 width=121)
	  Recheck Cond: ((id >= 9960817) AND (id <= 9961816))
	  ->  Bitmap Index Scan on sbtest1_pkey  (cost=0.00..30.75 rows=1031 width=0)
	        Index Cond: ((id >= 9960817) AND (id <= 9961816))

table 2 : explain SELECT c FROM sbtest2 WHERE id BETWEEN 196116 AND 197115
	Bitmap Heap Scan on sbtest2  (cost=30.73..3890.00 rows=1004 width=121)
	  Recheck Cond: ((id >= 196116) AND (id <= 197115))
	  ->  Bitmap Index Scan on sbtest2_pkey  (cost=0.00..30.47 rows=1004 width=0)
	        Index Cond: ((id >= 196116) AND (id <= 197115))

table 3 : explain SELECT c FROM sbtest3 WHERE id BETWEEN 8865907 AND 8866906
	Bitmap Heap Scan on sbtest3  (cost=30.07..3647.95 rows=940 width=121)
	  Recheck Cond: ((id >= 8865907) AND (id <= 8866906))
	  ->  Bitmap Index Scan on sbtest3_pkey  (cost=0.00..29.83 rows=940 width=0)
	        Index Cond: ((id >= 8865907) AND (id <= 8866906))

table 4 : explain SELECT c FROM sbtest4 WHERE id BETWEEN 4179752 AND 4180751
	Bitmap Heap Scan on sbtest4  (cost=30.31..3735.41 rows=963 width=121)
	  Recheck Cond: ((id >= 4179752) AND (id <= 4180751))
	  ->  Bitmap Index Scan on sbtest4_pkey  (cost=0.00..30.07 rows=963 width=0)
	        Index Cond: ((id >= 4179752) AND (id <= 4180751))

table 5 : explain SELECT c FROM sbtest5 WHERE id BETWEEN 8586873 AND 8587872
	Bitmap Heap Scan on sbtest5  (cost=30.89..3950.39 rows=1020 width=121)
	  Recheck Cond: ((id >= 8586873) AND (id <= 8587872))
	  ->  Bitmap Index Scan on sbtest5_pkey  (cost=0.00..30.64 rows=1020 width=0)
	        Index Cond: ((id >= 8586873) AND (id <= 8587872))

table 6 : explain SELECT c FROM sbtest6 WHERE id BETWEEN 4258786 AND 4259785
	Bitmap Heap Scan on sbtest6  (cost=30.72..3885.90 rows=1003 width=121)
	  Recheck Cond: ((id >= 4258786) AND (id <= 4259785))
	  ->  Bitmap Index Scan on sbtest6_pkey  (cost=0.00..30.46 rows=1003 width=0)
	        Index Cond: ((id >= 4258786) AND (id <= 4259785))

table 7 : explain SELECT c FROM sbtest7 WHERE id BETWEEN 9303158 AND 9304157
	Bitmap Heap Scan on sbtest7  (cost=35.03..4007.22 rows=1034 width=121)
	  Recheck Cond: ((id >= 9303158) AND (id <= 9304157))
	  ->  Bitmap Index Scan on sbtest7_pkey  (cost=0.00..34.78 rows=1034 width=0)
	        Index Cond: ((id >= 9303158) AND (id <= 9304157))

table 8 : explain SELECT c FROM sbtest8 WHERE id BETWEEN 8776731 AND 8777730
	Bitmap Heap Scan on sbtest8  (cost=35.06..4018.51 rows=1037 width=121)
	  Recheck Cond: ((id >= 8776731) AND (id <= 8777730))
	  ->  Bitmap Index Scan on sbtest8_pkey  (cost=0.00..34.81 rows=1037 width=0)
	        Index Cond: ((id >= 8776731) AND (id <= 8777730))

for point_selects
table 1 : explain SELECT c FROM sbtest1 WHERE id=1792488
	Index Scan using sbtest1_pkey on sbtest1  (cost=0.43..8.45 rows=1 width=121)
	  Index Cond: (id = 1792488)

table 2 : explain SELECT c FROM sbtest2 WHERE id=1938509
	Index Scan using sbtest2_pkey on sbtest2  (cost=0.43..8.45 rows=1 width=121)
	  Index Cond: (id = 1938509)

table 3 : explain SELECT c FROM sbtest3 WHERE id=4318724
	Index Scan using sbtest3_pkey on sbtest3  (cost=0.43..8.45 rows=1 width=121)
	  Index Cond: (id = 4318724)

table 4 : explain SELECT c FROM sbtest4 WHERE id=7857851
	Index Scan using sbtest4_pkey on sbtest4  (cost=0.43..8.45 rows=1 width=121)
	  Index Cond: (id = 7857851)

table 5 : explain SELECT c FROM sbtest5 WHERE id=7644004
	Index Scan using sbtest5_pkey on sbtest5  (cost=0.43..8.45 rows=1 width=121)
	  Index Cond: (id = 7644004)

table 6 : explain SELECT c FROM sbtest6 WHERE id=1811137
	Index Scan using sbtest6_pkey on sbtest6  (cost=0.43..8.45 rows=1 width=121)
	  Index Cond: (id = 1811137)

table 7 : explain SELECT c FROM sbtest7 WHERE id=7698797
	Index Scan using sbtest7_pkey on sbtest7  (cost=0.43..8.45 rows=1 width=121)
	  Index Cond: (id = 7698797)

table 8 : explain SELECT c FROM sbtest8 WHERE id=906667
	Index Scan using sbtest8_pkey on sbtest8  (cost=0.43..8.45 rows=1 width=121)
	  Index Cond: (id = 906667)

for: distinct_ranges
table 1 : explain SELECT DISTINCT c FROM sbtest1 WHERE id BETWEEN 8306352 AND 8307351 ORDER BY c
	Unique  (cost=3844.17..3849.06 rows=979 width=121)
	  ->  Sort  (cost=3844.17..3846.62 rows=979 width=121)
	        Sort Key: c
	        ->  Bitmap Heap Scan on sbtest1  (cost=30.47..3795.53 rows=979 width=121)
	              Recheck Cond: ((id >= 8306352) AND (id <= 8307351))
	              ->  Bitmap Index Scan on sbtest1_pkey  (cost=0.00..30.22 rows=979 width=0)
	                    Index Cond: ((id >= 8306352) AND (id <= 8307351))

table 2 : explain SELECT DISTINCT c FROM sbtest2 WHERE id BETWEEN 2530417 AND 2531416 ORDER BY c
	Unique  (cost=4280.77..4286.23 rows=1092 width=121)
	  ->  Sort  (cost=4280.77..4283.50 rows=1092 width=121)
	        Sort Key: c
	        ->  Bitmap Heap Scan on sbtest2  (cost=35.63..4225.66 rows=1092 width=121)
	              Recheck Cond: ((id >= 2530417) AND (id <= 2531416))
	              ->  Bitmap Index Scan on sbtest2_pkey  (cost=0.00..35.36 rows=1092 width=0)
	                    Index Cond: ((id >= 2530417) AND (id <= 2531416))

table 3 : explain SELECT DISTINCT c FROM sbtest3 WHERE id BETWEEN 4731835 AND 4732834 ORDER BY c
	Unique  (cost=3966.61..3971.67 rows=1011 width=121)
	  ->  Sort  (cost=3966.61..3969.14 rows=1011 width=121)
	        Sort Key: c
	        ->  Bitmap Heap Scan on sbtest3  (cost=30.80..3916.16 rows=1011 width=121)
	              Recheck Cond: ((id >= 4731835) AND (id <= 4732834))
	              ->  Bitmap Index Scan on sbtest3_pkey  (cost=0.00..30.54 rows=1011 width=0)
	                    Index Cond: ((id >= 4731835) AND (id <= 4732834))

table 4 : explain SELECT DISTINCT c FROM sbtest4 WHERE id BETWEEN 2790688 AND 2791687 ORDER BY c
	Unique  (cost=4261.98..4267.41 rows=1087 width=121)
	  ->  Sort  (cost=4261.98..4264.69 rows=1087 width=121)
	        Sort Key: c
	        ->  Bitmap Heap Scan on sbtest4  (cost=35.58..4207.16 rows=1087 width=121)
	              Recheck Cond: ((id >= 2790688) AND (id <= 2791687))
	              ->  Bitmap Index Scan on sbtest4_pkey  (cost=0.00..35.31 rows=1087 width=0)
	                    Index Cond: ((id >= 2790688) AND (id <= 2791687))

table 5 : explain SELECT DISTINCT c FROM sbtest5 WHERE id BETWEEN 9212224 AND 9213223 ORDER BY c
	Unique  (cost=4074.10..4079.30 rows=1039 width=121)
	  ->  Sort  (cost=4074.10..4076.70 rows=1039 width=121)
	        Sort Key: c
	        ->  Bitmap Heap Scan on sbtest5  (cost=31.08..4022.04 rows=1039 width=121)
	              Recheck Cond: ((id >= 9212224) AND (id <= 9213223))
	              ->  Bitmap Index Scan on sbtest5_pkey  (cost=0.00..30.82 rows=1039 width=0)
	                    Index Cond: ((id >= 9212224) AND (id <= 9213223))

table 6 : explain SELECT DISTINCT c FROM sbtest6 WHERE id BETWEEN 7243094 AND 7244093 ORDER BY c
	Unique  (cost=3889.92..3894.87 rows=991 width=121)
	  ->  Sort  (cost=3889.92..3892.40 rows=991 width=121)
	        Sort Key: c
	        ->  Bitmap Heap Scan on sbtest6  (cost=30.59..3840.60 rows=991 width=121)
	              Recheck Cond: ((id >= 7243094) AND (id <= 7244093))
	              ->  Bitmap Index Scan on sbtest6_pkey  (cost=0.00..30.34 rows=991 width=0)
	                    Index Cond: ((id >= 7243094) AND (id <= 7244093))

table 7 : explain SELECT DISTINCT c FROM sbtest7 WHERE id BETWEEN 3042062 AND 3043061 ORDER BY c
	Unique  (cost=3625.52..3630.13 rows=922 width=121)
	  ->  Sort  (cost=3625.52..3627.83 rows=922 width=121)
	        Sort Key: c
	        ->  Bitmap Heap Scan on sbtest7  (cost=29.89..3580.12 rows=922 width=121)
	              Recheck Cond: ((id >= 3042062) AND (id <= 3043061))
	              ->  Bitmap Index Scan on sbtest7_pkey  (cost=0.00..29.65 rows=922 width=0)
	                    Index Cond: ((id >= 3042062) AND (id <= 3043061))

table 8 : explain SELECT DISTINCT c FROM sbtest8 WHERE id BETWEEN 8310517 AND 8311516 ORDER BY c
	Unique  (cost=3694.63..3699.33 rows=940 width=121)
	  ->  Sort  (cost=3694.63..3696.98 rows=940 width=121)
	        Sort Key: c
	        ->  Bitmap Heap Scan on sbtest8  (cost=30.07..3648.21 rows=940 width=121)
	              Recheck Cond: ((id >= 8310517) AND (id <= 8311516))
	              ->  Bitmap Index Scan on sbtest8_pkey  (cost=0.00..29.83 rows=940 width=0)
	                    Index Cond: ((id >= 8310517) AND (id <= 8311516))

for: simple_ranges
table 1 : explain SELECT c FROM sbtest1 WHERE id BETWEEN 6879723 AND 6880722
	Bitmap Heap Scan on sbtest1  (cost=30.41..3772.87 rows=973 width=121)
	  Recheck Cond: ((id >= 6879723) AND (id <= 6880722))
	  ->  Bitmap Index Scan on sbtest1_pkey  (cost=0.00..30.16 rows=973 width=0)
	        Index Cond: ((id >= 6879723) AND (id <= 6880722))

table 2 : explain SELECT c FROM sbtest2 WHERE id BETWEEN 1067463 AND 1068462
	Bitmap Heap Scan on sbtest2  (cost=30.07..3648.19 rows=940 width=121)
	  Recheck Cond: ((id >= 1067463) AND (id <= 1068462))
	  ->  Bitmap Index Scan on sbtest2_pkey  (cost=0.00..29.83 rows=940 width=0)
	        Index Cond: ((id >= 1067463) AND (id <= 1068462))

table 3 : explain SELECT c FROM sbtest3 WHERE id BETWEEN 7456614 AND 7457613
	Bitmap Heap Scan on sbtest3  (cost=35.44..4157.61 rows=1074 width=121)
	  Recheck Cond: ((id >= 7456614) AND (id <= 7457613))
	  ->  Bitmap Index Scan on sbtest3_pkey  (cost=0.00..35.18 rows=1074 width=0)
	        Index Cond: ((id >= 7456614) AND (id <= 7457613))

table 4 : explain SELECT c FROM sbtest4 WHERE id BETWEEN 9798304 AND 9799303
	Bitmap Heap Scan on sbtest4  (cost=30.70..3878.95 rows=1001 width=121)
	  Recheck Cond: ((id >= 9798304) AND (id <= 9799303))
	  ->  Bitmap Index Scan on sbtest4_pkey  (cost=0.00..30.44 rows=1001 width=0)
	        Index Cond: ((id >= 9798304) AND (id <= 9799303))

table 5 : explain SELECT c FROM sbtest5 WHERE id BETWEEN 8316488 AND 8317487
	Bitmap Heap Scan on sbtest5  (cost=35.31..4108.95 rows=1061 width=121)
	  Recheck Cond: ((id >= 8316488) AND (id <= 8317487))
	  ->  Bitmap Index Scan on sbtest5_pkey  (cost=0.00..35.05 rows=1061 width=0)
	        Index Cond: ((id >= 8316488) AND (id <= 8317487))

table 6 : explain SELECT c FROM sbtest6 WHERE id BETWEEN 6880416 AND 6881415
	Bitmap Heap Scan on sbtest6  (cost=30.75..3897.22 rows=1006 width=121)
	  Recheck Cond: ((id >= 6880416) AND (id <= 6881415))
	  ->  Bitmap Index Scan on sbtest6_pkey  (cost=0.00..30.50 rows=1006 width=0)
	        Index Cond: ((id >= 6880416) AND (id <= 6881415))

table 7 : explain SELECT c FROM sbtest7 WHERE id BETWEEN 1413450 AND 1414449
	Bitmap Heap Scan on sbtest7  (cost=29.80..3549.84 rows=914 width=121)
	  Recheck Cond: ((id >= 1413450) AND (id <= 1414449))
	  ->  Bitmap Index Scan on sbtest7_pkey  (cost=0.00..29.57 rows=914 width=0)
	        Index Cond: ((id >= 1413450) AND (id <= 1414449))

table 8 : explain SELECT c FROM sbtest8 WHERE id BETWEEN 4081981 AND 4082980
	Bitmap Heap Scan on sbtest8  (cost=30.70..3878.70 rows=1001 width=121)
	  Recheck Cond: ((id >= 4081981) AND (id <= 4082980))
	  ->  Bitmap Index Scan on sbtest8_pkey  (cost=0.00..30.44 rows=1001 width=0)
	        Index Cond: ((id >= 4081981) AND (id <= 4082980))

for: order_ranges
table 1 : explain SELECT c FROM sbtest1 WHERE id BETWEEN 8105429 AND 8106428 ORDER BY c
	Sort  (cost=3905.50..3907.99 rows=995 width=121)
	  Sort Key: c
	  ->  Bitmap Heap Scan on sbtest1  (cost=30.63..3855.96 rows=995 width=121)
	        Recheck Cond: ((id >= 8105429) AND (id <= 8106428))
	        ->  Bitmap Index Scan on sbtest1_pkey  (cost=0.00..30.39 rows=995 width=0)
	              Index Cond: ((id >= 8105429) AND (id <= 8106428))

table 2 : explain SELECT c FROM sbtest2 WHERE id BETWEEN 4129649 AND 4130648 ORDER BY c
	Sort  (cost=3660.05..3662.38 rows=931 width=121)
	  Sort Key: c
	  ->  Bitmap Heap Scan on sbtest2  (cost=29.98..3614.14 rows=931 width=121)
	        Recheck Cond: ((id >= 4129649) AND (id <= 4130648))
	        ->  Bitmap Index Scan on sbtest2_pkey  (cost=0.00..29.75 rows=931 width=0)
	              Index Cond: ((id >= 4129649) AND (id <= 4130648))

table 3 : explain SELECT c FROM sbtest3 WHERE id BETWEEN 7454414 AND 7455413 ORDER BY c
	Sort  (cost=4211.68..4214.37 rows=1074 width=121)
	  Sort Key: c
	  ->  Bitmap Heap Scan on sbtest3  (cost=35.44..4157.61 rows=1074 width=121)
	        Recheck Cond: ((id >= 7454414) AND (id <= 7455413))
	        ->  Bitmap Index Scan on sbtest3_pkey  (cost=0.00..35.18 rows=1074 width=0)
	              Index Cond: ((id >= 7454414) AND (id <= 7455413))

table 4 : explain SELECT c FROM sbtest4 WHERE id BETWEEN 8694287 AND 8695286 ORDER BY c
	Sort  (cost=4043.75..4046.33 rows=1031 width=121)
	  Sort Key: c
	  ->  Bitmap Heap Scan on sbtest4  (cost=31.00..3992.15 rows=1031 width=121)
	        Recheck Cond: ((id >= 8694287) AND (id <= 8695286))
	        ->  Bitmap Index Scan on sbtest4_pkey  (cost=0.00..30.75 rows=1031 width=0)
	              Index Cond: ((id >= 8694287) AND (id <= 8695286))

table 5 : explain SELECT c FROM sbtest5 WHERE id BETWEEN 5949414 AND 5950413 ORDER BY c
	Sort  (cost=3606.29..3608.58 rows=917 width=121)
	  Sort Key: c
	  ->  Bitmap Heap Scan on sbtest5  (cost=29.83..3561.17 rows=917 width=121)
	        Recheck Cond: ((id >= 5949414) AND (id <= 5950413))
	        ->  Bitmap Index Scan on sbtest5_pkey  (cost=0.00..29.61 rows=917 width=0)
	              Index Cond: ((id >= 5949414) AND (id <= 5950413))

table 6 : explain SELECT c FROM sbtest6 WHERE id BETWEEN 239801 AND 240800 ORDER BY c
	Sort  (cost=4184.84..4187.51 rows=1067 width=121)
	  Sort Key: c
	  ->  Bitmap Heap Scan on sbtest6  (cost=35.37..4131.18 rows=1067 width=121)
	        Recheck Cond: ((id >= 239801) AND (id <= 240800))
	        ->  Bitmap Index Scan on sbtest6_pkey  (cost=0.00..35.11 rows=1067 width=0)
	              Index Cond: ((id >= 239801) AND (id <= 240800))

table 7 : explain SELECT c FROM sbtest7 WHERE id BETWEEN 833461 AND 834460 ORDER BY c
	Sort  (cost=4131.71..4134.34 rows=1053 width=121)
	  Sort Key: c
	  ->  Bitmap Heap Scan on sbtest7  (cost=35.23..4078.84 rows=1053 width=121)
	        Recheck Cond: ((id >= 833461) AND (id <= 834460))
	        ->  Bitmap Index Scan on sbtest7_pkey  (cost=0.00..34.97 rows=1053 width=0)
	              Index Cond: ((id >= 833461) AND (id <= 834460))

table 8 : explain SELECT c FROM sbtest8 WHERE id BETWEEN 388431 AND 389430 ORDER BY c
	Sort  (cost=3997.54..4000.09 rows=1019 width=121)
	  Sort Key: c
	  ->  Bitmap Heap Scan on sbtest8  (cost=30.88..3946.63 rows=1019 width=121)
	        Recheck Cond: ((id >= 388431) AND (id <= 389430))
	        ->  Bitmap Index Scan on sbtest8_pkey  (cost=0.00..30.62 rows=1019 width=0)
	              Index Cond: ((id >= 388431) AND (id <= 389430))

for: order_ranges
table 1 : explain SELECT c FROM sbtest1 WHERE id BETWEEN 461221 AND 462220 ORDER BY c
	Sort  (cost=4047.22..4049.80 rows=1032 width=121)
	  Sort Key: c
	  ->  Bitmap Heap Scan on sbtest1  (cost=31.01..3995.56 rows=1032 width=121)
	        Recheck Cond: ((id >= 461221) AND (id <= 462220))
	        ->  Bitmap Index Scan on sbtest1_pkey  (cost=0.00..30.75 rows=1032 width=0)
	              Index Cond: ((id >= 461221) AND (id <= 462220))

table 2 : explain SELECT c FROM sbtest2 WHERE id BETWEEN 9438116 AND 9439115 ORDER BY c
	Sort  (cost=3867.24..3869.70 rows=985 width=121)
	  Sort Key: c
	  ->  Bitmap Heap Scan on sbtest2  (cost=30.53..3818.27 rows=985 width=121)
	        Recheck Cond: ((id >= 9438116) AND (id <= 9439115))
	        ->  Bitmap Index Scan on sbtest2_pkey  (cost=0.00..30.29 rows=985 width=0)
	              Index Cond: ((id >= 9438116) AND (id <= 9439115))

table 3 : explain SELECT c FROM sbtest3 WHERE id BETWEEN 6041614 AND 6042613 ORDER BY c
	Sort  (cost=3771.12..3773.52 rows=960 width=121)
	  Sort Key: c
	  ->  Bitmap Heap Scan on sbtest3  (cost=30.27..3723.57 rows=960 width=121)
	        Recheck Cond: ((id >= 6041614) AND (id <= 6042613))
	        ->  Bitmap Index Scan on sbtest3_pkey  (cost=0.00..30.04 rows=960 width=0)
	              Index Cond: ((id >= 6041614) AND (id <= 6042613))

table 4 : explain SELECT c FROM sbtest4 WHERE id BETWEEN 1408872 AND 1409871 ORDER BY c
	Sort  (cost=4181.68..4184.35 rows=1066 width=121)
	  Sort Key: c
	  ->  Bitmap Heap Scan on sbtest4  (cost=35.36..4128.08 rows=1066 width=121)
	        Recheck Cond: ((id >= 1408872) AND (id <= 1409871))
	        ->  Bitmap Index Scan on sbtest4_pkey  (cost=0.00..35.09 rows=1066 width=0)
	              Index Cond: ((id >= 1408872) AND (id <= 1409871))

table 5 : explain SELECT c FROM sbtest5 WHERE id BETWEEN 1783230 AND 1784229 ORDER BY c
	Sort  (cost=3775.21..3777.62 rows=961 width=121)
	  Sort Key: c
	  ->  Bitmap Heap Scan on sbtest5  (cost=30.29..3727.60 rows=961 width=121)
	        Recheck Cond: ((id >= 1783230) AND (id <= 1784229))
	        ->  Bitmap Index Scan on sbtest5_pkey  (cost=0.00..30.04 rows=961 width=0)
	              Index Cond: ((id >= 1783230) AND (id <= 1784229))

table 6 : explain SELECT c FROM sbtest6 WHERE id BETWEEN 1341254 AND 1342253 ORDER BY c
	Sort  (cost=4031.81..4034.38 rows=1027 width=121)
	  Sort Key: c
	  ->  Bitmap Heap Scan on sbtest6  (cost=34.96..3980.44 rows=1027 width=121)
	        Recheck Cond: ((id >= 1341254) AND (id <= 1342253))
	        ->  Bitmap Index Scan on sbtest6_pkey  (cost=0.00..34.70 rows=1027 width=0)
	              Index Cond: ((id >= 1341254) AND (id <= 1342253))

table 7 : explain SELECT c FROM sbtest7 WHERE id BETWEEN 3112442 AND 3113441 ORDER BY c
	Sort  (cost=3544.83..3547.08 rows=901 width=121)
	  Sort Key: c
	  ->  Bitmap Heap Scan on sbtest7  (cost=29.67..3500.61 rows=901 width=121)
	        Recheck Cond: ((id >= 3112442) AND (id <= 3113441))
	        ->  Bitmap Index Scan on sbtest7_pkey  (cost=0.00..29.44 rows=901 width=0)
	              Index Cond: ((id >= 3112442) AND (id <= 3113441))

table 8 : explain SELECT c FROM sbtest8 WHERE id BETWEEN 9841598 AND 9842597 ORDER BY c
	Sort  (cost=3867.27..3869.73 rows=985 width=121)
	  Sort Key: c
	  ->  Bitmap Heap Scan on sbtest8  (cost=30.53..3818.29 rows=985 width=121)
	        Recheck Cond: ((id >= 9841598) AND (id <= 9842597))
	        ->  Bitmap Index Scan on sbtest8_pkey  (cost=0.00..30.29 rows=985 width=0)
	              Index Cond: ((id >= 9841598) AND (id <= 9842597))

for: sum_ranges
table 1 : explain SELECT SUM(k) FROM sbtest1 WHERE id BETWEEN 4244983 AND 4245982
	Aggregate  (cost=3971.72..3971.73 rows=1 width=8)
	  ->  Bitmap Heap Scan on sbtest1  (cost=30.94..3969.16 rows=1025 width=4)
	        Recheck Cond: ((id >= 4244983) AND (id <= 4245982))
	        ->  Bitmap Index Scan on sbtest1_pkey  (cost=0.00..30.68 rows=1025 width=0)
	              Index Cond: ((id >= 4244983) AND (id <= 4245982))

table 2 : explain SELECT SUM(k) FROM sbtest2 WHERE id BETWEEN 1531535 AND 1532534
	Aggregate  (cost=3764.03..3764.04 rows=1 width=8)
	  ->  Bitmap Heap Scan on sbtest2  (cost=30.38..3761.60 rows=970 width=4)
	        Recheck Cond: ((id >= 1531535) AND (id <= 1532534))
	        ->  Bitmap Index Scan on sbtest2_pkey  (cost=0.00..30.14 rows=970 width=0)
	              Index Cond: ((id >= 1531535) AND (id <= 1532534))

table 3 : explain SELECT SUM(k) FROM sbtest3 WHERE id BETWEEN 675583 AND 676582
	Aggregate  (cost=3680.57..3680.58 rows=1 width=8)
	  ->  Bitmap Heap Scan on sbtest3  (cost=30.15..3678.20 rows=948 width=4)
	        Recheck Cond: ((id >= 675583) AND (id <= 676582))
	        ->  Bitmap Index Scan on sbtest3_pkey  (cost=0.00..29.91 rows=948 width=0)
	              Index Cond: ((id >= 675583) AND (id <= 676582))

table 4 : explain SELECT SUM(k) FROM sbtest4 WHERE id BETWEEN 1734632 AND 1735631
	Aggregate  (cost=4085.50..4085.51 rows=1 width=8)
	  ->  Bitmap Heap Scan on sbtest4  (cost=35.24..4082.86 rows=1054 width=4)
	        Recheck Cond: ((id >= 1734632) AND (id <= 1735631))
	        ->  Bitmap Index Scan on sbtest4_pkey  (cost=0.00..34.98 rows=1054 width=0)
	              Index Cond: ((id >= 1734632) AND (id <= 1735631))

table 5 : explain SELECT SUM(k) FROM sbtest5 WHERE id BETWEEN 5492999 AND 5493998
	Aggregate  (cost=3760.26..3760.27 rows=1 width=8)
	  ->  Bitmap Heap Scan on sbtest5  (cost=30.37..3757.84 rows=969 width=4)
	        Recheck Cond: ((id >= 5492999) AND (id <= 5493998))
	        ->  Bitmap Index Scan on sbtest5_pkey  (cost=0.00..30.12 rows=969 width=0)
	              Index Cond: ((id >= 5492999) AND (id <= 5493998))

table 6 : explain SELECT SUM(k) FROM sbtest6 WHERE id BETWEEN 9364589 AND 9365588
	Aggregate  (cost=3559.37..3559.38 rows=1 width=8)
	  ->  Bitmap Heap Scan on sbtest6  (cost=29.82..3557.08 rows=916 width=4)
	        Recheck Cond: ((id >= 9364589) AND (id <= 9365588))
	        ->  Bitmap Index Scan on sbtest6_pkey  (cost=0.00..29.59 rows=916 width=0)
	              Index Cond: ((id >= 9364589) AND (id <= 9365588))

table 7 : explain SELECT SUM(k) FROM sbtest7 WHERE id BETWEEN 865266 AND 866265
	Aggregate  (cost=4081.48..4081.49 rows=1 width=8)
	  ->  Bitmap Heap Scan on sbtest7  (cost=35.23..4078.84 rows=1053 width=4)
	        Recheck Cond: ((id >= 865266) AND (id <= 866265))
	        ->  Bitmap Index Scan on sbtest7_pkey  (cost=0.00..34.97 rows=1053 width=0)
	              Index Cond: ((id >= 865266) AND (id <= 866265))

table 8 : explain SELECT SUM(k) FROM sbtest8 WHERE id BETWEEN 4720159 AND 4721158
	Aggregate  (cost=3983.37..3983.38 rows=1 width=8)
	  ->  Bitmap Heap Scan on sbtest8  (cost=34.96..3980.80 rows=1027 width=4)
	        Recheck Cond: ((id >= 4720159) AND (id <= 4721158))
	        ->  Bitmap Index Scan on sbtest8_pkey  (cost=0.00..34.70 rows=1027 width=0)
	              Index Cond: ((id >= 4720159) AND (id <= 4721158))

for: simple_ranges
table 1 : explain SELECT c FROM sbtest1 WHERE id BETWEEN 3295793 AND 3296792
	Bitmap Heap Scan on sbtest1  (cost=35.40..4142.76 rows=1070 width=121)
	  Recheck Cond: ((id >= 3295793) AND (id <= 3296792))
	  ->  Bitmap Index Scan on sbtest1_pkey  (cost=0.00..35.14 rows=1070 width=0)
	        Index Cond: ((id >= 3295793) AND (id <= 3296792))

table 2 : explain SELECT c FROM sbtest2 WHERE id BETWEEN 3511776 AND 3512775
	Bitmap Heap Scan on sbtest2  (cost=30.84..3931.51 rows=1015 width=121)
	  Recheck Cond: ((id >= 3511776) AND (id <= 3512775))
	  ->  Bitmap Index Scan on sbtest2_pkey  (cost=0.00..30.58 rows=1015 width=0)
	        Index Cond: ((id >= 3511776) AND (id <= 3512775))

table 3 : explain SELECT c FROM sbtest3 WHERE id BETWEEN 9152308 AND 9153307
	Bitmap Heap Scan on sbtest3  (cost=35.17..4055.91 rows=1047 width=121)
	  Recheck Cond: ((id >= 9152308) AND (id <= 9153307))
	  ->  Bitmap Index Scan on sbtest3_pkey  (cost=0.00..34.91 rows=1047 width=0)
	        Index Cond: ((id >= 9152308) AND (id <= 9153307))

table 4 : explain SELECT c FROM sbtest4 WHERE id BETWEEN 4978989 AND 4979988
	Bitmap Heap Scan on sbtest4  (cost=30.15..3678.70 rows=948 width=121)
	  Recheck Cond: ((id >= 4978989) AND (id <= 4979988))
	  ->  Bitmap Index Scan on sbtest4_pkey  (cost=0.00..29.91 rows=948 width=0)
	        Index Cond: ((id >= 4978989) AND (id <= 4979988))

table 5 : explain SELECT c FROM sbtest5 WHERE id BETWEEN 6250194 AND 6251193
	Bitmap Heap Scan on sbtest5  (cost=30.80..3916.43 rows=1011 width=121)
	  Recheck Cond: ((id >= 6250194) AND (id <= 6251193))
	  ->  Bitmap Index Scan on sbtest5_pkey  (cost=0.00..30.54 rows=1011 width=0)
	        Index Cond: ((id >= 6250194) AND (id <= 6251193))

table 6 : explain SELECT c FROM sbtest6 WHERE id BETWEEN 3367579 AND 3368578
	Bitmap Heap Scan on sbtest6  (cost=29.35..3382.83 rows=870 width=121)
	  Recheck Cond: ((id >= 3367579) AND (id <= 3368578))
	  ->  Bitmap Index Scan on sbtest6_pkey  (cost=0.00..29.14 rows=870 width=0)
	        Index Cond: ((id >= 3367579) AND (id <= 3368578))

table 7 : explain SELECT c FROM sbtest7 WHERE id BETWEEN 2872948 AND 2873947
	Bitmap Heap Scan on sbtest7  (cost=36.02..4368.65 rows=1130 width=121)
	  Recheck Cond: ((id >= 2872948) AND (id <= 2873947))
	  ->  Bitmap Index Scan on sbtest7_pkey  (cost=0.00..35.73 rows=1130 width=0)
	        Index Cond: ((id >= 2872948) AND (id <= 2873947))

table 8 : explain SELECT c FROM sbtest8 WHERE id BETWEEN 2949533 AND 2950532
	Bitmap Heap Scan on sbtest8  (cost=30.22..3704.93 rows=955 width=121)
	  Recheck Cond: ((id >= 2949533) AND (id <= 2950532))
	  ->  Bitmap Index Scan on sbtest8_pkey  (cost=0.00..29.98 rows=955 width=0)
	        Index Cond: ((id >= 2949533) AND (id <= 2950532))

for: sum_ranges
table 1 : explain SELECT SUM(k) FROM sbtest1 WHERE id BETWEEN 1626649 AND 1627648
	Aggregate  (cost=4209.48..4209.49 rows=1 width=8)
	  ->  Bitmap Heap Scan on sbtest1  (cost=35.58..4206.76 rows=1087 width=4)
	        Recheck Cond: ((id >= 1626649) AND (id <= 1627648))
	        ->  Bitmap Index Scan on sbtest1_pkey  (cost=0.00..35.31 rows=1087 width=0)
	              Index Cond: ((id >= 1626649) AND (id <= 1627648))

table 2 : explain SELECT SUM(k) FROM sbtest2 WHERE id BETWEEN 4573917 AND 4574916
	Aggregate  (cost=3548.29..3548.30 rows=1 width=8)
	  ->  Bitmap Heap Scan on sbtest2  (cost=29.79..3546.01 rows=913 width=4)
	        Recheck Cond: ((id >= 4573917) AND (id <= 4574916))
	        ->  Bitmap Index Scan on sbtest2_pkey  (cost=0.00..29.57 rows=913 width=0)
	              Index Cond: ((id >= 4573917) AND (id <= 4574916))

table 3 : explain SELECT SUM(k) FROM sbtest3 WHERE id BETWEEN 9444050 AND 9445049
	Aggregate  (cost=4622.87..4622.88 rows=1 width=8)
	  ->  Bitmap Heap Scan on sbtest3  (cost=36.71..4619.87 rows=1198 width=4)
	        Recheck Cond: ((id >= 9444050) AND (id <= 9445049))
	        ->  Bitmap Index Scan on sbtest3_pkey  (cost=0.00..36.42 rows=1198 width=0)
	              Index Cond: ((id >= 9444050) AND (id <= 9445049))

table 4 : explain SELECT SUM(k) FROM sbtest4 WHERE id BETWEEN 9018787 AND 9019786
	Aggregate  (cost=3930.56..3930.57 rows=1 width=8)
	  ->  Bitmap Heap Scan on sbtest4  (cost=30.83..3928.02 rows=1014 width=4)
	        Recheck Cond: ((id >= 9018787) AND (id <= 9019786))
	        ->  Bitmap Index Scan on sbtest4_pkey  (cost=0.00..30.57 rows=1014 width=0)
	              Index Cond: ((id >= 9018787) AND (id <= 9019786))

table 5 : explain SELECT SUM(k) FROM sbtest5 WHERE id BETWEEN 8559152 AND 8560151
	Aggregate  (cost=4495.53..4495.54 rows=1 width=8)
	  ->  Bitmap Heap Scan on sbtest5  (cost=36.37..4492.62 rows=1164 width=4)
	        Recheck Cond: ((id >= 8559152) AND (id <= 8560151))
	        ->  Bitmap Index Scan on sbtest5_pkey  (cost=0.00..36.08 rows=1164 width=0)
	              Index Cond: ((id >= 8559152) AND (id <= 8560151))

table 6 : explain SELECT SUM(k) FROM sbtest6 WHERE id BETWEEN 3482075 AND 3483074
	Aggregate  (cost=4137.61..4137.62 rows=1 width=8)
	  ->  Bitmap Heap Scan on sbtest6  (cost=35.38..4134.94 rows=1068 width=4)
	        Recheck Cond: ((id >= 3482075) AND (id <= 3483074))
	        ->  Bitmap Index Scan on sbtest6_pkey  (cost=0.00..35.12 rows=1068 width=0)
	              Index Cond: ((id >= 3482075) AND (id <= 3483074))

table 7 : explain SELECT SUM(k) FROM sbtest7 WHERE id BETWEEN 2189420 AND 2190419
	Aggregate  (cost=4100.33..4100.34 rows=1 width=8)
	  ->  Bitmap Heap Scan on sbtest7  (cost=35.28..4097.68 rows=1058 width=4)
	        Recheck Cond: ((id >= 2189420) AND (id <= 2190419))
	        ->  Bitmap Index Scan on sbtest7_pkey  (cost=0.00..35.02 rows=1058 width=0)
	              Index Cond: ((id >= 2189420) AND (id <= 2190419))

table 8 : explain SELECT SUM(k) FROM sbtest8 WHERE id BETWEEN 2067708 AND 2068707
	Aggregate  (cost=3737.58..3737.59 rows=1 width=8)
	  ->  Bitmap Heap Scan on sbtest8  (cost=30.31..3735.17 rows=963 width=4)
	        Recheck Cond: ((id >= 2067708) AND (id <= 2068707))
	        ->  Bitmap Index Scan on sbtest8_pkey  (cost=0.00..30.07 rows=963 width=0)
	              Index Cond: ((id >= 2067708) AND (id <= 2068707))

for: distinct_ranges
table 1 : explain SELECT DISTINCT c FROM sbtest1 WHERE id BETWEEN 7813106 AND 7814105 ORDER BY c
	Unique  (cost=3897.84..3902.80 rows=993 width=121)
	  ->  Sort  (cost=3897.84..3900.32 rows=993 width=121)
	        Sort Key: c
	        ->  Bitmap Heap Scan on sbtest1  (cost=30.61..3848.41 rows=993 width=121)
	              Recheck Cond: ((id >= 7813106) AND (id <= 7814105))
	              ->  Bitmap Index Scan on sbtest1_pkey  (cost=0.00..30.36 rows=993 width=0)
	                    Index Cond: ((id >= 7813106) AND (id <= 7814105))

table 2 : explain SELECT DISTINCT c FROM sbtest2 WHERE id BETWEEN 6437242 AND 6438241 ORDER BY c
	Unique  (cost=3575.54..3580.08 rows=909 width=121)
	  ->  Sort  (cost=3575.54..3577.81 rows=909 width=121)
	        Sort Key: c
	        ->  Bitmap Heap Scan on sbtest2  (cost=29.75..3530.87 rows=909 width=121)
	              Recheck Cond: ((id >= 6437242) AND (id <= 6438241))
	              ->  Bitmap Index Scan on sbtest2_pkey  (cost=0.00..29.52 rows=909 width=0)
	                    Index Cond: ((id >= 6437242) AND (id <= 6438241))

table 3 : explain SELECT DISTINCT c FROM sbtest3 WHERE id BETWEEN 7737277 AND 7738276 ORDER BY c
	Unique  (cost=3567.63..3572.16 rows=907 width=121)
	  ->  Sort  (cost=3567.63..3569.89 rows=907 width=121)
	        Sort Key: c
	        ->  Bitmap Heap Scan on sbtest3  (cost=29.73..3523.07 rows=907 width=121)
	              Recheck Cond: ((id >= 7737277) AND (id <= 7738276))
	              ->  Bitmap Index Scan on sbtest3_pkey  (cost=0.00..29.50 rows=907 width=0)
	                    Index Cond: ((id >= 7737277) AND (id <= 7738276))

table 4 : explain SELECT DISTINCT c FROM sbtest4 WHERE id BETWEEN 6959309 AND 6960308 ORDER BY c
	Unique  (cost=4020.78..4025.90 rows=1025 width=121)
	  ->  Sort  (cost=4020.78..4023.34 rows=1025 width=121)
	        Sort Key: c
	        ->  Bitmap Heap Scan on sbtest4  (cost=30.94..3969.52 rows=1025 width=121)
	              Recheck Cond: ((id >= 6959309) AND (id <= 6960308))
	              ->  Bitmap Index Scan on sbtest4_pkey  (cost=0.00..30.68 rows=1025 width=0)
	                    Index Cond: ((id >= 6959309) AND (id <= 6960308))

table 5 : explain SELECT DISTINCT c FROM sbtest5 WHERE id BETWEEN 3261571 AND 3262570 ORDER BY c
	Unique  (cost=4043.48..4048.63 rows=1031 width=121)
	  ->  Sort  (cost=4043.48..4046.06 rows=1031 width=121)
	        Sort Key: c
	        ->  Bitmap Heap Scan on sbtest5  (cost=31.00..3991.88 rows=1031 width=121)
	              Recheck Cond: ((id >= 3261571) AND (id <= 3262570))
	              ->  Bitmap Index Scan on sbtest5_pkey  (cost=0.00..30.75 rows=1031 width=0)
	                    Index Cond: ((id >= 3261571) AND (id <= 3262570))

table 6 : explain SELECT DISTINCT c FROM sbtest6 WHERE id BETWEEN 3577313 AND 3578312 ORDER BY c
	Unique  (cost=3859.25..3864.17 rows=983 width=121)
	  ->  Sort  (cost=3859.25..3861.71 rows=983 width=121)
	        Sort Key: c
	        ->  Bitmap Heap Scan on sbtest6  (cost=30.51..3810.39 rows=983 width=121)
	              Recheck Cond: ((id >= 3577313) AND (id <= 3578312))
	              ->  Bitmap Index Scan on sbtest6_pkey  (cost=0.00..30.26 rows=983 width=0)
	                    Index Cond: ((id >= 3577313) AND (id <= 3578312))

table 7 : explain SELECT DISTINCT c FROM sbtest7 WHERE id BETWEEN 7442507 AND 7443506 ORDER BY c
	Unique  (cost=3901.78..3906.75 rows=994 width=121)
	  ->  Sort  (cost=3901.78..3904.27 rows=994 width=121)
	        Sort Key: c
	        ->  Bitmap Heap Scan on sbtest7  (cost=30.62..3852.30 rows=994 width=121)
	              Recheck Cond: ((id >= 7442507) AND (id <= 7443506))
	              ->  Bitmap Index Scan on sbtest7_pkey  (cost=0.00..30.37 rows=994 width=0)
	                    Index Cond: ((id >= 7442507) AND (id <= 7443506))

table 8 : explain SELECT DISTINCT c FROM sbtest8 WHERE id BETWEEN 2867768 AND 2868767 ORDER BY c
	Unique  (cost=3928.59..3933.59 rows=1001 width=121)
	  ->  Sort  (cost=3928.59..3931.09 rows=1001 width=121)
	        Sort Key: c
	        ->  Bitmap Heap Scan on sbtest8  (cost=30.70..3878.70 rows=1001 width=121)
	              Recheck Cond: ((id >= 2867768) AND (id <= 2868767))
	              ->  Bitmap Index Scan on sbtest8_pkey  (cost=0.00..30.44 rows=1001 width=0)
	                    Index Cond: ((id >= 2867768) AND (id <= 2868767))

for: sum_ranges
table 1 : explain SELECT SUM(k) FROM sbtest1 WHERE id BETWEEN 3935509 AND 3936508
	Aggregate  (cost=3892.44..3892.45 rows=1 width=8)
	  ->  Bitmap Heap Scan on sbtest1  (cost=30.73..3889.93 rows=1004 width=4)
	        Recheck Cond: ((id >= 3935509) AND (id <= 3936508))
	        ->  Bitmap Index Scan on sbtest1_pkey  (cost=0.00..30.47 rows=1004 width=0)
	              Index Cond: ((id >= 3935509) AND (id <= 3936508))

table 2 : explain SELECT SUM(k) FROM sbtest2 WHERE id BETWEEN 7878356 AND 7879355
	Aggregate  (cost=3816.95..3816.96 rows=1 width=8)
	  ->  Bitmap Heap Scan on sbtest2  (cost=30.52..3814.49 rows=984 width=4)
	        Recheck Cond: ((id >= 7878356) AND (id <= 7879355))
	        ->  Bitmap Index Scan on sbtest2_pkey  (cost=0.00..30.27 rows=984 width=0)
	              Index Cond: ((id >= 7878356) AND (id <= 7879355))

table 3 : explain SELECT SUM(k) FROM sbtest3 WHERE id BETWEEN 5351050 AND 5352049
	Aggregate  (cost=3809.14..3809.15 rows=1 width=8)
	  ->  Bitmap Heap Scan on sbtest3  (cost=30.50..3806.68 rows=982 width=4)
	        Recheck Cond: ((id >= 5351050) AND (id <= 5352049))
	        ->  Bitmap Index Scan on sbtest3_pkey  (cost=0.00..30.25 rows=982 width=0)
	              Index Cond: ((id >= 5351050) AND (id <= 5352049))

table 4 : explain SELECT SUM(k) FROM sbtest4 WHERE id BETWEEN 8162199 AND 8163198
	Aggregate  (cost=3968.31..3968.32 rows=1 width=8)
	  ->  Bitmap Heap Scan on sbtest4  (cost=30.93..3965.75 rows=1024 width=4)
	        Recheck Cond: ((id >= 8162199) AND (id <= 8163198))
	        ->  Bitmap Index Scan on sbtest4_pkey  (cost=0.00..30.68 rows=1024 width=0)
	              Index Cond: ((id >= 8162199) AND (id <= 8163198))

table 5 : explain SELECT SUM(k) FROM sbtest5 WHERE id BETWEEN 679785 AND 680784
	Aggregate  (cost=3801.85..3801.86 rows=1 width=8)
	  ->  Bitmap Heap Scan on sbtest5  (cost=30.48..3799.40 rows=980 width=4)
	        Recheck Cond: ((id >= 679785) AND (id <= 680784))
	        ->  Bitmap Index Scan on sbtest5_pkey  (cost=0.00..30.23 rows=980 width=0)
	              Index Cond: ((id >= 679785) AND (id <= 680784))

table 6 : explain SELECT SUM(k) FROM sbtest6 WHERE id BETWEEN 6796460 AND 6797459
	Aggregate  (cost=3487.38..3487.39 rows=1 width=8)
	  ->  Bitmap Heap Scan on sbtest6  (cost=29.63..3485.14 rows=897 width=4)
	        Recheck Cond: ((id >= 6796460) AND (id <= 6797459))
	        ->  Bitmap Index Scan on sbtest6_pkey  (cost=0.00..29.40 rows=897 width=0)
	              Index Cond: ((id >= 6796460) AND (id <= 6797459))

table 7 : explain SELECT SUM(k) FROM sbtest7 WHERE id BETWEEN 1807019 AND 1808018
	Aggregate  (cost=3578.64..3578.65 rows=1 width=8)
	  ->  Bitmap Heap Scan on sbtest7  (cost=29.88..3576.34 rows=921 width=4)
	        Recheck Cond: ((id >= 1807019) AND (id <= 1808018))
	        ->  Bitmap Index Scan on sbtest7_pkey  (cost=0.00..29.64 rows=921 width=0)
	              Index Cond: ((id >= 1807019) AND (id <= 1808018))

table 8 : explain SELECT SUM(k) FROM sbtest8 WHERE id BETWEEN 5568869 AND 5569868
	Aggregate  (cost=3684.62..3684.63 rows=1 width=8)
	  ->  Bitmap Heap Scan on sbtest8  (cost=30.16..3682.25 rows=949 width=4)
	        Recheck Cond: ((id >= 5568869) AND (id <= 5569868))
	        ->  Bitmap Index Scan on sbtest8_pkey  (cost=0.00..29.93 rows=949 width=0)
	              Index Cond: ((id >= 5568869) AND (id <= 5569868))

for: distinct_ranges
table 1 : explain SELECT DISTINCT c FROM sbtest1 WHERE id BETWEEN 7359425 AND 7360424 ORDER BY c
	Unique  (cost=3763.62..3768.41 rows=958 width=121)
	  ->  Sort  (cost=3763.62..3766.02 rows=958 width=121)
	        Sort Key: c
	        ->  Bitmap Heap Scan on sbtest1  (cost=30.25..3716.18 rows=958 width=121)
	              Recheck Cond: ((id >= 7359425) AND (id <= 7360424))
	              ->  Bitmap Index Scan on sbtest1_pkey  (cost=0.00..30.01 rows=958 width=0)
	                    Index Cond: ((id >= 7359425) AND (id <= 7360424))

table 2 : explain SELECT DISTINCT c FROM sbtest2 WHERE id BETWEEN 5543892 AND 5544891 ORDER BY c
	Unique  (cost=3387.09..3391.39 rows=860 width=121)
	  ->  Sort  (cost=3387.09..3389.24 rows=860 width=121)
	        Sort Key: c
	        ->  Bitmap Heap Scan on sbtest2  (cost=29.25..3345.17 rows=860 width=121)
	              Recheck Cond: ((id >= 5543892) AND (id <= 5544891))
	              ->  Bitmap Index Scan on sbtest2_pkey  (cost=0.00..29.04 rows=860 width=0)
	                    Index Cond: ((id >= 5543892) AND (id <= 5544891))

table 3 : explain SELECT DISTINCT c FROM sbtest3 WHERE id BETWEEN 1125479 AND 1126478 ORDER BY c
	Unique  (cost=3705.88..3710.60 rows=943 width=121)
	  ->  Sort  (cost=3705.88..3708.24 rows=943 width=121)
	        Sort Key: c
	        ->  Bitmap Heap Scan on sbtest3  (cost=30.10..3659.30 rows=943 width=121)
	              Recheck Cond: ((id >= 1125479) AND (id <= 1126478))
	              ->  Bitmap Index Scan on sbtest3_pkey  (cost=0.00..29.86 rows=943 width=0)
	                    Index Cond: ((id >= 1125479) AND (id <= 1126478))

table 4 : explain SELECT DISTINCT c FROM sbtest4 WHERE id BETWEEN 4523259 AND 4524258 ORDER BY c
	Unique  (cost=4384.23..4389.83 rows=1119 width=121)
	  ->  Sort  (cost=4384.23..4387.03 rows=1119 width=121)
	        Sort Key: c
	        ->  Bitmap Heap Scan on sbtest4  (cost=35.90..4327.56 rows=1119 width=121)
	              Recheck Cond: ((id >= 4523259) AND (id <= 4524258))
	              ->  Bitmap Index Scan on sbtest4_pkey  (cost=0.00..35.62 rows=1119 width=0)
	                    Index Cond: ((id >= 4523259) AND (id <= 4524258))

table 5 : explain SELECT DISTINCT c FROM sbtest5 WHERE id BETWEEN 8373830 AND 8374829 ORDER BY c
	Unique  (cost=4162.27..4167.58 rows=1061 width=121)
	  ->  Sort  (cost=4162.27..4164.93 rows=1061 width=121)
	        Sort Key: c
	        ->  Bitmap Heap Scan on sbtest5  (cost=35.31..4108.95 rows=1061 width=121)
	              Recheck Cond: ((id >= 8373830) AND (id <= 8374829))
	              ->  Bitmap Index Scan on sbtest5_pkey  (cost=0.00..35.05 rows=1061 width=0)
	                    Index Cond: ((id >= 8373830) AND (id <= 8374829))

table 6 : explain SELECT DISTINCT c FROM sbtest6 WHERE id BETWEEN 1672596 AND 1673595 ORDER BY c
	Unique  (cost=3870.75..3875.68 rows=986 width=121)
	  ->  Sort  (cost=3870.75..3873.22 rows=986 width=121)
	        Sort Key: c
	        ->  Bitmap Heap Scan on sbtest6  (cost=30.54..3821.72 rows=986 width=121)
	              Recheck Cond: ((id >= 1672596) AND (id <= 1673595))
	              ->  Bitmap Index Scan on sbtest6_pkey  (cost=0.00..30.29 rows=986 width=0)
	                    Index Cond: ((id >= 1672596) AND (id <= 1673595))

table 7 : explain SELECT DISTINCT c FROM sbtest7 WHERE id BETWEEN 1979884 AND 1980883 ORDER BY c
	Unique  (cost=4280.82..4286.28 rows=1092 width=121)
	  ->  Sort  (cost=4280.82..4283.55 rows=1092 width=121)
	        Sort Key: c
	        ->  Bitmap Heap Scan on sbtest7  (cost=35.63..4225.72 rows=1092 width=121)
	              Recheck Cond: ((id >= 1979884) AND (id <= 1980883))
	              ->  Bitmap Index Scan on sbtest7_pkey  (cost=0.00..35.36 rows=1092 width=0)
	                    Index Cond: ((id >= 1979884) AND (id <= 1980883))

table 8 : explain SELECT DISTINCT c FROM sbtest8 WHERE id BETWEEN 3277322 AND 3278321 ORDER BY c
	Unique  (cost=3613.98..3618.58 rows=919 width=121)
	  ->  Sort  (cost=3613.98..3616.28 rows=919 width=121)
	        Sort Key: c
	        ->  Bitmap Heap Scan on sbtest8  (cost=29.85..3568.75 rows=919 width=121)
	              Recheck Cond: ((id >= 3277322) AND (id <= 3278321))
	              ->  Bitmap Index Scan on sbtest8_pkey  (cost=0.00..29.62 rows=919 width=0)
	                    Index Cond: ((id >= 3277322) AND (id <= 3278321))

for: simple_ranges
table 1 : explain SELECT c FROM sbtest1 WHERE id BETWEEN 142333 AND 143332
	Bitmap Heap Scan on sbtest1  (cost=31.16..4048.34 rows=1046 width=121)
	  Recheck Cond: ((id >= 142333) AND (id <= 143332))
	  ->  Bitmap Index Scan on sbtest1_pkey  (cost=0.00..30.89 rows=1046 width=0)
	        Index Cond: ((id >= 142333) AND (id <= 143332))

table 2 : explain SELECT c FROM sbtest2 WHERE id BETWEEN 6983794 AND 6984793
	Bitmap Heap Scan on sbtest2  (cost=29.98..3614.14 rows=931 width=121)
	  Recheck Cond: ((id >= 6983794) AND (id <= 6984793))
	  ->  Bitmap Index Scan on sbtest2_pkey  (cost=0.00..29.75 rows=931 width=0)
	        Index Cond: ((id >= 6983794) AND (id <= 6984793))

table 3 : explain SELECT c FROM sbtest3 WHERE id BETWEEN 5821959 AND 5822958
	Bitmap Heap Scan on sbtest3  (cost=30.80..3916.16 rows=1011 width=121)
	  Recheck Cond: ((id >= 5821959) AND (id <= 5822958))
	  ->  Bitmap Index Scan on sbtest3_pkey  (cost=0.00..30.54 rows=1011 width=0)
	        Index Cond: ((id >= 5821959) AND (id <= 5822958))

table 4 : explain SELECT c FROM sbtest4 WHERE id BETWEEN 3832397 AND 3833396
	Bitmap Heap Scan on sbtest4  (cost=30.66..3867.63 rows=998 width=121)
	  Recheck Cond: ((id >= 3832397) AND (id <= 3833396))
	  ->  Bitmap Index Scan on sbtest4_pkey  (cost=0.00..30.41 rows=998 width=0)
	        Index Cond: ((id >= 3832397) AND (id <= 3833396))

table 5 : explain SELECT c FROM sbtest5 WHERE id BETWEEN 309695 AND 310694
	Bitmap Heap Scan on sbtest5  (cost=35.67..4240.73 rows=1096 width=121)
	  Recheck Cond: ((id >= 309695) AND (id <= 310694))
	  ->  Bitmap Index Scan on sbtest5_pkey  (cost=0.00..35.40 rows=1096 width=0)
	        Index Cond: ((id >= 309695) AND (id <= 310694))

table 6 : explain SELECT c FROM sbtest6 WHERE id BETWEEN 2259872 AND 2260871
	Bitmap Heap Scan on sbtest6  (cost=35.14..4044.53 rows=1044 width=121)
	  Recheck Cond: ((id >= 2259872) AND (id <= 2260871))
	  ->  Bitmap Index Scan on sbtest6_pkey  (cost=0.00..34.88 rows=1044 width=0)
	        Index Cond: ((id >= 2259872) AND (id <= 2260871))

table 7 : explain SELECT c FROM sbtest7 WHERE id BETWEEN 9781264 AND 9782263
	Bitmap Heap Scan on sbtest7  (cost=30.56..3829.64 rows=988 width=121)
	  Recheck Cond: ((id >= 9781264) AND (id <= 9782263))
	  ->  Bitmap Index Scan on sbtest7_pkey  (cost=0.00..30.32 rows=988 width=0)
	        Index Cond: ((id >= 9781264) AND (id <= 9782263))

table 8 : explain SELECT c FROM sbtest8 WHERE id BETWEEN 4829917 AND 4830916
	Bitmap Heap Scan on sbtest8  (cost=30.49..3803.18 rows=981 width=121)
	  Recheck Cond: ((id >= 4829917) AND (id <= 4830916))
	  ->  Bitmap Index Scan on sbtest8_pkey  (cost=0.00..30.25 rows=981 width=0)
	        Index Cond: ((id >= 4829917) AND (id <= 4830916))

for: sum_ranges
table 1 : explain SELECT SUM(k) FROM sbtest1 WHERE id BETWEEN 8372321 AND 8373320
	Aggregate  (cost=3797.98..3797.99 rows=1 width=8)
	  ->  Bitmap Heap Scan on sbtest1  (cost=30.47..3795.53 rows=979 width=4)
	        Recheck Cond: ((id >= 8372321) AND (id <= 8373320))
	        ->  Bitmap Index Scan on sbtest1_pkey  (cost=0.00..30.22 rows=979 width=0)
	              Index Cond: ((id >= 8372321) AND (id <= 8373320))

table 2 : explain SELECT SUM(k) FROM sbtest2 WHERE id BETWEEN 641177 AND 642176
	Aggregate  (cost=4171.89..4171.90 rows=1 width=8)
	  ->  Bitmap Heap Scan on sbtest2  (cost=35.47..4169.20 rows=1077 width=4)
	        Recheck Cond: ((id >= 641177) AND (id <= 642176))
	        ->  Bitmap Index Scan on sbtest2_pkey  (cost=0.00..35.20 rows=1077 width=0)
	              Index Cond: ((id >= 641177) AND (id <= 642176))

table 3 : explain SELECT SUM(k) FROM sbtest3 WHERE id BETWEEN 5336847 AND 5337846
	Aggregate  (cost=3809.14..3809.15 rows=1 width=8)
	  ->  Bitmap Heap Scan on sbtest3  (cost=30.50..3806.68 rows=982 width=4)
	        Recheck Cond: ((id >= 5336847) AND (id <= 5337846))
	        ->  Bitmap Index Scan on sbtest3_pkey  (cost=0.00..30.25 rows=982 width=0)
	              Index Cond: ((id >= 5336847) AND (id <= 5337846))

table 4 : explain SELECT SUM(k) FROM sbtest4 WHERE id BETWEEN 2676701 AND 2677700
	Aggregate  (cost=3715.12..3715.13 rows=1 width=8)
	  ->  Bitmap Heap Scan on sbtest4  (cost=30.24..3712.73 rows=957 width=4)
	        Recheck Cond: ((id >= 2676701) AND (id <= 2677700))
	        ->  Bitmap Index Scan on sbtest4_pkey  (cost=0.00..30.00 rows=957 width=0)
	              Index Cond: ((id >= 2676701) AND (id <= 2677700))

table 5 : explain SELECT SUM(k) FROM sbtest5 WHERE id BETWEEN 9394892 AND 9395891
	Aggregate  (cost=3779.16..3779.17 rows=1 width=8)
	  ->  Bitmap Heap Scan on sbtest5  (cost=30.42..3776.73 rows=974 width=4)
	        Recheck Cond: ((id >= 9394892) AND (id <= 9395891))
	        ->  Bitmap Index Scan on sbtest5_pkey  (cost=0.00..30.18 rows=974 width=0)
	              Index Cond: ((id >= 9394892) AND (id <= 9395891))

table 6 : explain SELECT SUM(k) FROM sbtest6 WHERE id BETWEEN 368258 AND 369257
	Aggregate  (cost=4096.15..4096.16 rows=1 width=8)
	  ->  Bitmap Heap Scan on sbtest6  (cost=35.27..4093.51 rows=1057 width=4)
	        Recheck Cond: ((id >= 368258) AND (id <= 369257))
	        ->  Bitmap Index Scan on sbtest6_pkey  (cost=0.00..35.01 rows=1057 width=0)
	              Index Cond: ((id >= 368258) AND (id <= 369257))

table 7 : explain SELECT SUM(k) FROM sbtest7 WHERE id BETWEEN 726314 AND 727313
	Aggregate  (cost=4006.04..4006.05 rows=1 width=8)
	  ->  Bitmap Heap Scan on sbtest7  (cost=35.02..4003.45 rows=1033 width=4)
	        Recheck Cond: ((id >= 726314) AND (id <= 727313))
	        ->  Bitmap Index Scan on sbtest7_pkey  (cost=0.00..34.77 rows=1033 width=0)
	              Index Cond: ((id >= 726314) AND (id <= 727313))

table 8 : explain SELECT SUM(k) FROM sbtest8 WHERE id BETWEEN 4535593 AND 4536592
	Aggregate  (cost=3839.65..3839.66 rows=1 width=8)
	  ->  Bitmap Heap Scan on sbtest8  (cost=30.58..3837.17 rows=990 width=4)
	        Recheck Cond: ((id >= 4535593) AND (id <= 4536592))
	        ->  Bitmap Index Scan on sbtest8_pkey  (cost=0.00..30.33 rows=990 width=0)
	              Index Cond: ((id >= 4535593) AND (id <= 4536592))

for: distinct_ranges
table 1 : explain SELECT DISTINCT c FROM sbtest1 WHERE id BETWEEN 2635822 AND 2636821 ORDER BY c
	Unique  (cost=3878.67..3883.61 rows=988 width=121)
	  ->  Sort  (cost=3878.67..3881.14 rows=988 width=121)
	        Sort Key: c
	        ->  Bitmap Heap Scan on sbtest1  (cost=30.56..3829.53 rows=988 width=121)
	              Recheck Cond: ((id >= 2635822) AND (id <= 2636821))
	              ->  Bitmap Index Scan on sbtest1_pkey  (cost=0.00..30.32 rows=988 width=0)
	                    Index Cond: ((id >= 2635822) AND (id <= 2636821))

table 2 : explain SELECT DISTINCT c FROM sbtest2 WHERE id BETWEEN 2588841 AND 2589840 ORDER BY c
	Unique  (cost=4280.77..4286.23 rows=1092 width=121)
	  ->  Sort  (cost=4280.77..4283.50 rows=1092 width=121)
	        Sort Key: c
	        ->  Bitmap Heap Scan on sbtest2  (cost=35.63..4225.66 rows=1092 width=121)
	              Recheck Cond: ((id >= 2588841) AND (id <= 2589840))
	              ->  Bitmap Index Scan on sbtest2_pkey  (cost=0.00..35.36 rows=1092 width=0)
	                    Index Cond: ((id >= 2588841) AND (id <= 2589840))

table 3 : explain SELECT DISTINCT c FROM sbtest3 WHERE id BETWEEN 5860263 AND 5861262 ORDER BY c
	Unique  (cost=3966.61..3971.67 rows=1011 width=121)
	  ->  Sort  (cost=3966.61..3969.14 rows=1011 width=121)
	        Sort Key: c
	        ->  Bitmap Heap Scan on sbtest3  (cost=30.80..3916.16 rows=1011 width=121)
	              Recheck Cond: ((id >= 5860263) AND (id <= 5861262))
	              ->  Bitmap Index Scan on sbtest3_pkey  (cost=0.00..30.54 rows=1011 width=0)
	                    Index Cond: ((id >= 5860263) AND (id <= 5861262))

table 4 : explain SELECT DISTINCT c FROM sbtest4 WHERE id BETWEEN 2681065 AND 2682064 ORDER BY c
	Unique  (cost=3760.11..3764.90 rows=957 width=121)
	  ->  Sort  (cost=3760.11..3762.50 rows=957 width=121)
	        Sort Key: c
	        ->  Bitmap Heap Scan on sbtest4  (cost=30.24..3712.73 rows=957 width=121)
	              Recheck Cond: ((id >= 2681065) AND (id <= 2682064))
	              ->  Bitmap Index Scan on sbtest4_pkey  (cost=0.00..30.00 rows=957 width=0)
	                    Index Cond: ((id >= 2681065) AND (id <= 2682064))

table 5 : explain SELECT DISTINCT c FROM sbtest5 WHERE id BETWEEN 795450 AND 796449 ORDER BY c
	Unique  (cost=3836.58..3841.47 rows=977 width=121)
	  ->  Sort  (cost=3836.58..3839.02 rows=977 width=121)
	        Sort Key: c
	        ->  Bitmap Heap Scan on sbtest5  (cost=30.45..3788.06 rows=977 width=121)
	              Recheck Cond: ((id >= 795450) AND (id <= 796449))
	              ->  Bitmap Index Scan on sbtest5_pkey  (cost=0.00..30.20 rows=977 width=0)
	                    Index Cond: ((id >= 795450) AND (id <= 796449))

table 6 : explain SELECT DISTINCT c FROM sbtest6 WHERE id BETWEEN 3261140 AND 3262139 ORDER BY c
	Unique  (cost=3590.62..3595.19 rows=913 width=121)
	  ->  Sort  (cost=3590.62..3592.90 rows=913 width=121)
	        Sort Key: c
	        ->  Bitmap Heap Scan on sbtest6  (cost=29.79..3545.73 rows=913 width=121)
	              Recheck Cond: ((id >= 3261140) AND (id <= 3262139))
	              ->  Bitmap Index Scan on sbtest6_pkey  (cost=0.00..29.57 rows=913 width=0)
	                    Index Cond: ((id >= 3261140) AND (id <= 3262139))

table 7 : explain SELECT DISTINCT c FROM sbtest7 WHERE id BETWEEN 4975577 AND 4976576 ORDER BY c
	Unique  (cost=4265.54..4270.98 rows=1088 width=121)
	  ->  Sort  (cost=4265.54..4268.26 rows=1088 width=121)
	        Sort Key: c
	        ->  Bitmap Heap Scan on sbtest7  (cost=35.59..4210.66 rows=1088 width=121)
	              Recheck Cond: ((id >= 4975577) AND (id <= 4976576))
	              ->  Bitmap Index Scan on sbtest7_pkey  (cost=0.00..35.32 rows=1088 width=0)
	                    Index Cond: ((id >= 4975577) AND (id <= 4976576))

table 8 : explain SELECT DISTINCT c FROM sbtest8 WHERE id BETWEEN 933491 AND 934490 ORDER BY c
	Unique  (cost=3997.54..4002.64 rows=1019 width=121)
	  ->  Sort  (cost=3997.54..4000.09 rows=1019 width=121)
	        Sort Key: c
	        ->  Bitmap Heap Scan on sbtest8  (cost=30.88..3946.63 rows=1019 width=121)
	              Recheck Cond: ((id >= 933491) AND (id <= 934490))
	              ->  Bitmap Index Scan on sbtest8_pkey  (cost=0.00..30.62 rows=1019 width=0)
	                    Index Cond: ((id >= 933491) AND (id <= 934490))

for point_selects
table 1 : explain SELECT c FROM sbtest1 WHERE id=6053118
	Index Scan using sbtest1_pkey on sbtest1  (cost=0.43..8.45 rows=1 width=121)
	  Index Cond: (id = 6053118)

table 2 : explain SELECT c FROM sbtest2 WHERE id=7822610
	Index Scan using sbtest2_pkey on sbtest2  (cost=0.43..8.45 rows=1 width=121)
	  Index Cond: (id = 7822610)

table 3 : explain SELECT c FROM sbtest3 WHERE id=5057611
	Index Scan using sbtest3_pkey on sbtest3  (cost=0.43..8.45 rows=1 width=121)
	  Index Cond: (id = 5057611)

table 4 : explain SELECT c FROM sbtest4 WHERE id=8242182
	Index Scan using sbtest4_pkey on sbtest4  (cost=0.43..8.45 rows=1 width=121)
	  Index Cond: (id = 8242182)

table 5 : explain SELECT c FROM sbtest5 WHERE id=3897476
	Index Scan using sbtest5_pkey on sbtest5  (cost=0.43..8.45 rows=1 width=121)
	  Index Cond: (id = 3897476)

table 6 : explain SELECT c FROM sbtest6 WHERE id=3163385
	Index Scan using sbtest6_pkey on sbtest6  (cost=0.43..8.45 rows=1 width=121)
	  Index Cond: (id = 3163385)

table 7 : explain SELECT c FROM sbtest7 WHERE id=4368044
	Index Scan using sbtest7_pkey on sbtest7  (cost=0.43..8.45 rows=1 width=121)
	  Index Cond: (id = 4368044)

table 8 : explain SELECT c FROM sbtest8 WHERE id=4811714
	Index Scan using sbtest8_pkey on sbtest8  (cost=0.43..8.45 rows=1 width=121)
	  Index Cond: (id = 4811714)

explain: for point_selects :: explain SELECT c FROM sbtest%u WHERE id=%u
explain: for point_selects :: explain SELECT c FROM sbtest%u WHERE id=%u
for: order_ranges
table 1 : explain SELECT c FROM sbtest1 WHERE id BETWEEN 9383759 AND 9384758 ORDER BY c
	Sort  (cost=4131.40..4134.04 rows=1054 width=121)
	  Sort Key: c
	  ->  Bitmap Heap Scan on sbtest1  (cost=31.24..4078.49 rows=1054 width=121)
	        Recheck Cond: ((id >= 9383759) AND (id <= 9384758))
	        ->  Bitmap Index Scan on sbtest1_pkey  (cost=0.00..30.97 rows=1054 width=0)
	              Index Cond: ((id >= 9383759) AND (id <= 9384758))

table 2 : explain SELECT c FROM sbtest2 WHERE id BETWEEN 4844142 AND 4845141 ORDER BY c
	Sort  (cost=3932.40..3934.90 rows=1002 width=121)
	  Sort Key: c
	  ->  Bitmap Heap Scan on sbtest2  (cost=30.71..3882.45 rows=1002 width=121)
	        Recheck Cond: ((id >= 4844142) AND (id <= 4845141))
	        ->  Bitmap Index Scan on sbtest2_pkey  (cost=0.00..30.45 rows=1002 width=0)
	              Index Cond: ((id >= 4844142) AND (id <= 4845141))

table 3 : explain SELECT c FROM sbtest3 WHERE id BETWEEN 7322450 AND 7323449 ORDER BY c
	Sort  (cost=4108.42..4111.04 rows=1047 width=121)
	  Sort Key: c
	  ->  Bitmap Heap Scan on sbtest3  (cost=35.17..4055.91 rows=1047 width=121)
	        Recheck Cond: ((id >= 7322450) AND (id <= 7323449))
	        ->  Bitmap Index Scan on sbtest3_pkey  (cost=0.00..34.91 rows=1047 width=0)
	              Index Cond: ((id >= 7322450) AND (id <= 7323449))

table 4 : explain SELECT c FROM sbtest4 WHERE id BETWEEN 1490466 AND 1491465 ORDER BY c
	Sort  (cost=4181.68..4184.35 rows=1066 width=121)
	  Sort Key: c
	  ->  Bitmap Heap Scan on sbtest4  (cost=35.36..4128.08 rows=1066 width=121)
	        Recheck Cond: ((id >= 1490466) AND (id <= 1491465))
	        ->  Bitmap Index Scan on sbtest4_pkey  (cost=0.00..35.09 rows=1066 width=0)
	              Index Cond: ((id >= 1490466) AND (id <= 1491465))

table 5 : explain SELECT c FROM sbtest5 WHERE id BETWEEN 7676347 AND 7677346 ORDER BY c
	Sort  (cost=3763.70..3766.10 rows=958 width=121)
	  Sort Key: c
	  ->  Bitmap Heap Scan on sbtest5  (cost=30.25..3716.26 rows=958 width=121)
	        Recheck Cond: ((id >= 7676347) AND (id <= 7677346))
	        ->  Bitmap Index Scan on sbtest5_pkey  (cost=0.00..30.01 rows=958 width=0)
	              Index Cond: ((id >= 7676347) AND (id <= 7677346))

table 6 : explain SELECT c FROM sbtest6 WHERE id BETWEEN 9026970 AND 9027969 ORDER BY c
	Sort  (cost=4165.72..4168.38 rows=1062 width=121)
	  Sort Key: c
	  ->  Bitmap Heap Scan on sbtest6  (cost=35.32..4112.35 rows=1062 width=121)
	        Recheck Cond: ((id >= 9026970) AND (id <= 9027969))
	        ->  Bitmap Index Scan on sbtest6_pkey  (cost=0.00..35.06 rows=1062 width=0)
	              Index Cond: ((id >= 9026970) AND (id <= 9027969))

table 7 : explain SELECT c FROM sbtest7 WHERE id BETWEEN 8631670 AND 8632669 ORDER BY c
	Sort  (cost=3686.97..3689.31 rows=938 width=121)
	  Sort Key: c
	  ->  Bitmap Heap Scan on sbtest7  (cost=30.05..3640.66 rows=938 width=121)
	        Recheck Cond: ((id >= 8631670) AND (id <= 8632669))
	        ->  Bitmap Index Scan on sbtest7_pkey  (cost=0.00..29.82 rows=938 width=0)
	              Index Cond: ((id >= 8631670) AND (id <= 8632669))

table 8 : explain SELECT c FROM sbtest8 WHERE id BETWEEN 7515417 AND 7516416 ORDER BY c
	Sort  (cost=3932.42..3934.93 rows=1002 width=121)
	  Sort Key: c
	  ->  Bitmap Heap Scan on sbtest8  (cost=30.71..3882.48 rows=1002 width=121)
	        Recheck Cond: ((id >= 7515417) AND (id <= 7516416))
	        ->  Bitmap Index Scan on sbtest8_pkey  (cost=0.00..30.45 rows=1002 width=0)
	              Index Cond: ((id >= 7515417) AND (id <= 7516416))

for: sum_ranges
table 1 : explain SELECT SUM(k) FROM sbtest1 WHERE id BETWEEN 853839 AND 854838
	Aggregate  (cost=3797.98..3797.99 rows=1 width=8)
	  ->  Bitmap Heap Scan on sbtest1  (cost=30.47..3795.53 rows=979 width=4)
	        Recheck Cond: ((id >= 853839) AND (id <= 854838))
	        ->  Bitmap Index Scan on sbtest1_pkey  (cost=0.00..30.22 rows=979 width=0)
	              Index Cond: ((id >= 853839) AND (id <= 854838))

table 2 : explain SELECT SUM(k) FROM sbtest2 WHERE id BETWEEN 3445175 AND 3446174
	Aggregate  (cost=3956.70..3956.71 rows=1 width=8)
	  ->  Bitmap Heap Scan on sbtest2  (cost=30.90..3954.15 rows=1021 width=4)
	        Recheck Cond: ((id >= 3445175) AND (id <= 3446174))
	        ->  Bitmap Index Scan on sbtest2_pkey  (cost=0.00..30.64 rows=1021 width=0)
	              Index Cond: ((id >= 3445175) AND (id <= 3446174))

table 3 : explain SELECT SUM(k) FROM sbtest3 WHERE id BETWEEN 5353864 AND 5354863
	Aggregate  (cost=3809.14..3809.15 rows=1 width=8)
	  ->  Bitmap Heap Scan on sbtest3  (cost=30.50..3806.68 rows=982 width=4)
	        Recheck Cond: ((id >= 5353864) AND (id <= 5354863))
	        ->  Bitmap Index Scan on sbtest3_pkey  (cost=0.00..30.25 rows=982 width=0)
	              Index Cond: ((id >= 5353864) AND (id <= 5354863))

table 4 : explain SELECT SUM(k) FROM sbtest4 WHERE id BETWEEN 1646730 AND 1647729
	Aggregate  (cost=4123.20..4123.21 rows=1 width=8)
	  ->  Bitmap Heap Scan on sbtest4  (cost=35.34..4120.54 rows=1064 width=4)
	        Recheck Cond: ((id >= 1646730) AND (id <= 1647729))
	        ->  Bitmap Index Scan on sbtest4_pkey  (cost=0.00..35.08 rows=1064 width=0)
	              Index Cond: ((id >= 1646730) AND (id <= 1647729))

table 5 : explain SELECT SUM(k) FROM sbtest5 WHERE id BETWEEN 4776873 AND 4777872
	Aggregate  (cost=3665.69..3665.70 rows=1 width=8)
	  ->  Bitmap Heap Scan on sbtest5  (cost=30.11..3663.33 rows=944 width=4)
	        Recheck Cond: ((id >= 4776873) AND (id <= 4777872))
	        ->  Bitmap Index Scan on sbtest5_pkey  (cost=0.00..29.87 rows=944 width=0)
	              Index Cond: ((id >= 4776873) AND (id <= 4777872))

table 6 : explain SELECT SUM(k) FROM sbtest6 WHERE id BETWEEN 1905030 AND 1906029
	Aggregate  (cost=3937.71..3937.72 rows=1 width=8)
	  ->  Bitmap Heap Scan on sbtest6  (cost=34.84..3935.18 rows=1015 width=4)
	        Recheck Cond: ((id >= 1905030) AND (id <= 1906029))
	        ->  Bitmap Index Scan on sbtest6_pkey  (cost=0.00..34.59 rows=1015 width=0)
	              Index Cond: ((id >= 1905030) AND (id <= 1906029))

table 7 : explain SELECT SUM(k) FROM sbtest7 WHERE id BETWEEN 3248052 AND 3249051
	Aggregate  (cost=4397.83..4397.84 rows=1 width=8)
	  ->  Bitmap Heap Scan on sbtest7  (cost=36.10..4394.98 rows=1138 width=4)
	        Recheck Cond: ((id >= 3248052) AND (id <= 3249051))
	        ->  Bitmap Index Scan on sbtest7_pkey  (cost=0.00..35.82 rows=1138 width=0)
	              Index Cond: ((id >= 3248052) AND (id <= 3249051))

table 8 : explain SELECT SUM(k) FROM sbtest8 WHERE id BETWEEN 4672183 AND 4673182
	Aggregate  (cost=3983.37..3983.38 rows=1 width=8)
	  ->  Bitmap Heap Scan on sbtest8  (cost=34.96..3980.80 rows=1027 width=4)
	        Recheck Cond: ((id >= 4672183) AND (id <= 4673182))
	        ->  Bitmap Index Scan on sbtest8_pkey  (cost=0.00..34.70 rows=1027 width=0)
	              Index Cond: ((id >= 4672183) AND (id <= 4673182))

for: order_ranges
table 1 : explain SELECT c FROM sbtest1 WHERE id BETWEEN 1852272 AND 1853271 ORDER BY c
	Sort  (cost=3729.09..3731.46 rows=949 width=121)
	  Sort Key: c
	  ->  Bitmap Heap Scan on sbtest1  (cost=30.16..3682.16 rows=949 width=121)
	        Recheck Cond: ((id >= 1852272) AND (id <= 1853271))
	        ->  Bitmap Index Scan on sbtest1_pkey  (cost=0.00..29.93 rows=949 width=0)
	              Index Cond: ((id >= 1852272) AND (id <= 1853271))

table 2 : explain SELECT c FROM sbtest2 WHERE id BETWEEN 8629060 AND 8630059 ORDER BY c
	Sort  (cost=3671.57..3673.90 rows=934 width=121)
	  Sort Key: c
	  ->  Bitmap Heap Scan on sbtest2  (cost=30.01..3625.49 rows=934 width=121)
	        Recheck Cond: ((id >= 8629060) AND (id <= 8630059))
	        ->  Bitmap Index Scan on sbtest2_pkey  (cost=0.00..29.77 rows=934 width=0)
	              Index Cond: ((id >= 8629060) AND (id <= 8630059))

table 3 : explain SELECT c FROM sbtest3 WHERE id BETWEEN 5453891 AND 5454890 ORDER BY c
	Sort  (cost=4353.05..4355.83 rows=1111 width=121)
	  Sort Key: c
	  ->  Bitmap Heap Scan on sbtest3  (cost=35.82..4296.85 rows=1111 width=121)
	        Recheck Cond: ((id >= 5453891) AND (id <= 5454890))
	        ->  Bitmap Index Scan on sbtest3_pkey  (cost=0.00..35.55 rows=1111 width=0)
	              Index Cond: ((id >= 5453891) AND (id <= 5454890))

table 4 : explain SELECT c FROM sbtest4 WHERE id BETWEEN 6516116 AND 6517115 ORDER BY c
	Sort  (cost=3740.92..3743.30 rows=952 width=121)
	  Sort Key: c
	  ->  Bitmap Heap Scan on sbtest4  (cost=30.19..3693.82 rows=952 width=121)
	        Recheck Cond: ((id >= 6516116) AND (id <= 6517115))
	        ->  Bitmap Index Scan on sbtest4_pkey  (cost=0.00..29.95 rows=952 width=0)
	              Index Cond: ((id >= 6516116) AND (id <= 6517115))

table 5 : explain SELECT c FROM sbtest5 WHERE id BETWEEN 9146576 AND 9147575 ORDER BY c
	Sort  (cost=3798.23..3800.65 rows=967 width=121)
	  Sort Key: c
	  ->  Bitmap Heap Scan on sbtest5  (cost=30.35..3750.28 rows=967 width=121)
	        Recheck Cond: ((id >= 9146576) AND (id <= 9147575))
	        ->  Bitmap Index Scan on sbtest5_pkey  (cost=0.00..30.11 rows=967 width=0)
	              Index Cond: ((id >= 9146576) AND (id <= 9147575))

table 6 : explain SELECT c FROM sbtest6 WHERE id BETWEEN 780821 AND 781820 ORDER BY c
	Sort  (cost=3982.03..3984.57 rows=1014 width=121)
	  Sort Key: c
	  ->  Bitmap Heap Scan on sbtest6  (cost=34.83..3931.40 rows=1014 width=121)
	        Recheck Cond: ((id >= 780821) AND (id <= 781820))
	        ->  Bitmap Index Scan on sbtest6_pkey  (cost=0.00..34.58 rows=1014 width=0)
	              Index Cond: ((id >= 780821) AND (id <= 781820))

table 7 : explain SELECT c FROM sbtest7 WHERE id BETWEEN 9640333 AND 9641332 ORDER BY c
	Sort  (cost=4005.22..4007.78 rows=1021 width=121)
	  Sort Key: c
	  ->  Bitmap Heap Scan on sbtest7  (cost=30.90..3954.19 rows=1021 width=121)
	        Recheck Cond: ((id >= 9640333) AND (id <= 9641332))
	        ->  Bitmap Index Scan on sbtest7_pkey  (cost=0.00..30.64 rows=1021 width=0)
	              Index Cond: ((id >= 9640333) AND (id <= 9641332))

table 8 : explain SELECT c FROM sbtest8 WHERE id BETWEEN 3447500 AND 3448499 ORDER BY c
	Sort  (cost=3740.69..3743.07 rows=952 width=121)
	  Sort Key: c
	  ->  Bitmap Heap Scan on sbtest8  (cost=30.19..3693.59 rows=952 width=121)
	        Recheck Cond: ((id >= 3447500) AND (id <= 3448499))
	        ->  Bitmap Index Scan on sbtest8_pkey  (cost=0.00..29.95 rows=952 width=0)
	              Index Cond: ((id >= 3447500) AND (id <= 3448499))

for: order_ranges
table 1 : explain SELECT c FROM sbtest1 WHERE id BETWEEN 1682022 AND 1683021 ORDER BY c
	Sort  (cost=3909.33..3911.82 rows=996 width=121)
	  Sort Key: c
	  ->  Bitmap Heap Scan on sbtest1  (cost=30.64..3859.73 rows=996 width=121)
	        Recheck Cond: ((id >= 1682022) AND (id <= 1683021))
	        ->  Bitmap Index Scan on sbtest1_pkey  (cost=0.00..30.39 rows=996 width=0)
	              Index Cond: ((id >= 1682022) AND (id <= 1683021))

table 2 : explain SELECT c FROM sbtest2 WHERE id BETWEEN 7112095 AND 7113094 ORDER BY c
	Sort  (cost=3940.06..3942.57 rows=1004 width=121)
	  Sort Key: c
	  ->  Bitmap Heap Scan on sbtest2  (cost=30.73..3890.00 rows=1004 width=121)
	        Recheck Cond: ((id >= 7112095) AND (id <= 7113094))
	        ->  Bitmap Index Scan on sbtest2_pkey  (cost=0.00..30.47 rows=1004 width=0)
	              Index Cond: ((id >= 7112095) AND (id <= 7113094))

table 3 : explain SELECT c FROM sbtest3 WHERE id BETWEEN 3382859 AND 3383858 ORDER BY c
	Sort  (cost=3886.15..3888.63 rows=990 width=121)
	  Sort Key: c
	  ->  Bitmap Heap Scan on sbtest3  (cost=30.58..3836.89 rows=990 width=121)
	        Recheck Cond: ((id >= 3382859) AND (id <= 3383858))
	        ->  Bitmap Index Scan on sbtest3_pkey  (cost=0.00..30.33 rows=990 width=0)
	              Index Cond: ((id >= 3382859) AND (id <= 3383858))

table 4 : explain SELECT c FROM sbtest4 WHERE id BETWEEN 1523091 AND 1524090 ORDER BY c
	Sort  (cost=3825.33..3827.76 rows=974 width=121)
	  Sort Key: c
	  ->  Bitmap Heap Scan on sbtest4  (cost=30.42..3776.98 rows=974 width=121)
	        Recheck Cond: ((id >= 1523091) AND (id <= 1524090))
	        ->  Bitmap Index Scan on sbtest4_pkey  (cost=0.00..30.18 rows=974 width=0)
	              Index Cond: ((id >= 1523091) AND (id <= 1524090))

table 5 : explain SELECT c FROM sbtest5 WHERE id BETWEEN 2658609 AND 2659608 ORDER BY c
	Sort  (cost=3963.06..3965.58 rows=1010 width=121)
	  Sort Key: c
	  ->  Bitmap Heap Scan on sbtest5  (cost=30.79..3912.66 rows=1010 width=121)
	        Recheck Cond: ((id >= 2658609) AND (id <= 2659608))
	        ->  Bitmap Index Scan on sbtest5_pkey  (cost=0.00..30.54 rows=1010 width=0)
	              Index Cond: ((id >= 2658609) AND (id <= 2659608))

table 6 : explain SELECT c FROM sbtest6 WHERE id BETWEEN 2908331 AND 2909330 ORDER BY c
	Sort  (cost=4184.84..4187.51 rows=1067 width=121)
	  Sort Key: c
	  ->  Bitmap Heap Scan on sbtest6  (cost=35.37..4131.18 rows=1067 width=121)
	        Recheck Cond: ((id >= 2908331) AND (id <= 2909330))
	        ->  Bitmap Index Scan on sbtest6_pkey  (cost=0.00..35.11 rows=1067 width=0)
	              Index Cond: ((id >= 2908331) AND (id <= 2909330))

table 7 : explain SELECT c FROM sbtest7 WHERE id BETWEEN 8310994 AND 8311993 ORDER BY c
	Sort  (cost=3844.28..3846.73 rows=979 width=121)
	  Sort Key: c
	  ->  Bitmap Heap Scan on sbtest7  (cost=30.47..3795.65 rows=979 width=121)
	        Recheck Cond: ((id >= 8310994) AND (id <= 8311993))
	        ->  Bitmap Index Scan on sbtest7_pkey  (cost=0.00..30.22 rows=979 width=0)
	              Index Cond: ((id >= 8310994) AND (id <= 8311993))

table 8 : explain SELECT c FROM sbtest8 WHERE id BETWEEN 6145196 AND 6146195 ORDER BY c
	Sort  (cost=4055.15..4057.73 rows=1033 width=121)
	  Sort Key: c
	  ->  Bitmap Heap Scan on sbtest8  (cost=35.02..4003.43 rows=1033 width=121)
	        Recheck Cond: ((id >= 6145196) AND (id <= 6146195))
	        ->  Bitmap Index Scan on sbtest8_pkey  (cost=0.00..34.77 rows=1033 width=0)
	              Index Cond: ((id >= 6145196) AND (id <= 6146195))

for: simple_ranges
table 1 : explain SELECT c FROM sbtest1 WHERE id BETWEEN 4840295 AND 4841294
	Bitmap Heap Scan on sbtest1  (cost=29.47..3424.73 rows=881 width=121)
	  Recheck Cond: ((id >= 4840295) AND (id <= 4841294))
	  ->  Bitmap Index Scan on sbtest1_pkey  (cost=0.00..29.25 rows=881 width=0)
	        Index Cond: ((id >= 4840295) AND (id <= 4841294))

table 2 : explain SELECT c FROM sbtest2 WHERE id BETWEEN 7891340 AND 7892339
	Bitmap Heap Scan on sbtest2  (cost=30.52..3814.49 rows=984 width=121)
	  Recheck Cond: ((id >= 7891340) AND (id <= 7892339))
	  ->  Bitmap Index Scan on sbtest2_pkey  (cost=0.00..30.27 rows=984 width=0)
	        Index Cond: ((id >= 7891340) AND (id <= 7892339))

table 3 : explain SELECT c FROM sbtest3 WHERE id BETWEEN 2492285 AND 2493284
	Bitmap Heap Scan on sbtest3  (cost=30.72..3885.97 rows=1003 width=121)
	  Recheck Cond: ((id >= 2492285) AND (id <= 2493284))
	  ->  Bitmap Index Scan on sbtest3_pkey  (cost=0.00..30.46 rows=1003 width=0)
	        Index Cond: ((id >= 2492285) AND (id <= 2493284))

table 4 : explain SELECT c FROM sbtest4 WHERE id BETWEEN 6430391 AND 6431390
	Bitmap Heap Scan on sbtest4  (cost=30.99..3988.38 rows=1030 width=121)
	  Recheck Cond: ((id >= 6430391) AND (id <= 6431390))
	  ->  Bitmap Index Scan on sbtest4_pkey  (cost=0.00..30.73 rows=1030 width=0)
	        Index Cond: ((id >= 6430391) AND (id <= 6431390))

table 5 : explain SELECT c FROM sbtest5 WHERE id BETWEEN 617827 AND 618826
	Bitmap Heap Scan on sbtest5  (cost=30.48..3799.40 rows=980 width=121)
	  Recheck Cond: ((id >= 617827) AND (id <= 618826))
	  ->  Bitmap Index Scan on sbtest5_pkey  (cost=0.00..30.23 rows=980 width=0)
	        Index Cond: ((id >= 617827) AND (id <= 618826))

table 6 : explain SELECT c FROM sbtest6 WHERE id BETWEEN 397438 AND 398437
	Bitmap Heap Scan on sbtest6  (cost=34.98..3987.98 rows=1029 width=121)
	  Recheck Cond: ((id >= 397438) AND (id <= 398437))
	  ->  Bitmap Index Scan on sbtest6_pkey  (cost=0.00..34.73 rows=1029 width=0)
	        Index Cond: ((id >= 397438) AND (id <= 398437))

table 7 : explain SELECT c FROM sbtest7 WHERE id BETWEEN 6095978 AND 6096977
	Bitmap Heap Scan on sbtest7  (cost=29.99..3617.96 rows=932 width=121)
	  Recheck Cond: ((id >= 6095978) AND (id <= 6096977))
	  ->  Bitmap Index Scan on sbtest7_pkey  (cost=0.00..29.75 rows=932 width=0)
	        Index Cond: ((id >= 6095978) AND (id <= 6096977))

table 8 : explain SELECT c FROM sbtest8 WHERE id BETWEEN 5901050 AND 5902049
	Bitmap Heap Scan on sbtest8  (cost=30.87..3942.86 rows=1018 width=121)
	  Recheck Cond: ((id >= 5901050) AND (id <= 5902049))
	  ->  Bitmap Index Scan on sbtest8_pkey  (cost=0.00..30.61 rows=1018 width=0)
	        Index Cond: ((id >= 5901050) AND (id <= 5902049))

for: simple_ranges
table 1 : explain SELECT c FROM sbtest1 WHERE id BETWEEN 4848515 AND 4849514
	Bitmap Heap Scan on sbtest1  (cost=29.47..3424.73 rows=881 width=121)
	  Recheck Cond: ((id >= 4848515) AND (id <= 4849514))
	  ->  Bitmap Index Scan on sbtest1_pkey  (cost=0.00..29.25 rows=881 width=0)
	        Index Cond: ((id >= 4848515) AND (id <= 4849514))

table 2 : explain SELECT c FROM sbtest2 WHERE id BETWEEN 5285320 AND 5286319
	Bitmap Heap Scan on sbtest2  (cost=30.40..3769.16 rows=972 width=121)
	  Recheck Cond: ((id >= 5285320) AND (id <= 5286319))
	  ->  Bitmap Index Scan on sbtest2_pkey  (cost=0.00..30.15 rows=972 width=0)
	        Index Cond: ((id >= 5285320) AND (id <= 5286319))

table 3 : explain SELECT c FROM sbtest3 WHERE id BETWEEN 325878 AND 326877
	Bitmap Heap Scan on sbtest3  (cost=30.83..3927.47 rows=1014 width=121)
	  Recheck Cond: ((id >= 325878) AND (id <= 326877))
	  ->  Bitmap Index Scan on sbtest3_pkey  (cost=0.00..30.57 rows=1014 width=0)
	        Index Cond: ((id >= 325878) AND (id <= 326877))

table 4 : explain SELECT c FROM sbtest4 WHERE id BETWEEN 4946745 AND 4947744
	Bitmap Heap Scan on sbtest4  (cost=30.15..3678.70 rows=948 width=121)
	  Recheck Cond: ((id >= 4946745) AND (id <= 4947744))
	  ->  Bitmap Index Scan on sbtest4_pkey  (cost=0.00..29.91 rows=948 width=0)
	        Index Cond: ((id >= 4946745) AND (id <= 4947744))

table 5 : explain SELECT c FROM sbtest5 WHERE id BETWEEN 5369391 AND 5370390
	Bitmap Heap Scan on sbtest5  (cost=31.09..4025.81 rows=1040 width=121)
	  Recheck Cond: ((id >= 5369391) AND (id <= 5370390))
	  ->  Bitmap Index Scan on sbtest5_pkey  (cost=0.00..30.83 rows=1040 width=0)
	        Index Cond: ((id >= 5369391) AND (id <= 5370390))

table 6 : explain SELECT c FROM sbtest6 WHERE id BETWEEN 4718039 AND 4719038
	Bitmap Heap Scan on sbtest6  (cost=30.46..3791.51 rows=978 width=121)
	  Recheck Cond: ((id >= 4718039) AND (id <= 4719038))
	  ->  Bitmap Index Scan on sbtest6_pkey  (cost=0.00..30.21 rows=978 width=0)
	        Index Cond: ((id >= 4718039) AND (id <= 4719038))

table 7 : explain SELECT c FROM sbtest7 WHERE id BETWEEN 718102 AND 719101
	Bitmap Heap Scan on sbtest7  (cost=35.02..4003.45 rows=1033 width=121)
	  Recheck Cond: ((id >= 718102) AND (id <= 719101))
	  ->  Bitmap Index Scan on sbtest7_pkey  (cost=0.00..34.77 rows=1033 width=0)
	        Index Cond: ((id >= 718102) AND (id <= 719101))

table 8 : explain SELECT c FROM sbtest8 WHERE id BETWEEN 7567470 AND 7568469
	Bitmap Heap Scan on sbtest8  (cost=30.71..3882.48 rows=1002 width=121)
	  Recheck Cond: ((id >= 7567470) AND (id <= 7568469))
	  ->  Bitmap Index Scan on sbtest8_pkey  (cost=0.00..30.45 rows=1002 width=0)
	        Index Cond: ((id >= 7567470) AND (id <= 7568469))

for: order_ranges
table 1 : explain SELECT c FROM sbtest1 WHERE id BETWEEN 8716075 AND 8717074 ORDER BY c
	Sort  (cost=3709.90..3712.26 rows=944 width=121)
	  Sort Key: c
	  ->  Bitmap Heap Scan on sbtest1  (cost=30.11..3663.25 rows=944 width=121)
	        Recheck Cond: ((id >= 8716075) AND (id <= 8717074))
	        ->  Bitmap Index Scan on sbtest1_pkey  (cost=0.00..29.87 rows=944 width=0)
	              Index Cond: ((id >= 8716075) AND (id <= 8717074))

table 2 : explain SELECT c FROM sbtest2 WHERE id BETWEEN 5595069 AND 5596068 ORDER BY c
	Sort  (cost=3732.99..3735.36 rows=950 width=121)
	  Sort Key: c
	  ->  Bitmap Heap Scan on sbtest2  (cost=30.17..3686.00 rows=950 width=121)
	        Recheck Cond: ((id >= 5595069) AND (id <= 5596068))
	        ->  Bitmap Index Scan on sbtest2_pkey  (cost=0.00..29.93 rows=950 width=0)
	              Index Cond: ((id >= 5595069) AND (id <= 5596068))

table 3 : explain SELECT c FROM sbtest3 WHERE id BETWEEN 3708563 AND 3709562 ORDER BY c
	Sort  (cost=3494.59..3496.81 rows=888 width=121)
	  Sort Key: c
	  ->  Bitmap Heap Scan on sbtest3  (cost=29.54..3451.10 rows=888 width=121)
	        Recheck Cond: ((id >= 3708563) AND (id <= 3709562))
	        ->  Bitmap Index Scan on sbtest3_pkey  (cost=0.00..29.32 rows=888 width=0)
	              Index Cond: ((id >= 3708563) AND (id <= 3709562))

table 4 : explain SELECT c FROM sbtest4 WHERE id BETWEEN 955853 AND 956852 ORDER BY c
	Sort  (cost=3802.31..3804.73 rows=968 width=121)
	  Sort Key: c
	  ->  Bitmap Heap Scan on sbtest4  (cost=30.36..3754.31 rows=968 width=121)
	        Recheck Cond: ((id >= 955853) AND (id <= 956852))
	        ->  Bitmap Index Scan on sbtest4_pkey  (cost=0.00..30.11 rows=968 width=0)
	              Index Cond: ((id >= 955853) AND (id <= 956852))

table 5 : explain SELECT c FROM sbtest5 WHERE id BETWEEN 2800747 AND 2801746 ORDER BY c
	Sort  (cost=3767.54..3769.94 rows=959 width=121)
	  Sort Key: c
	  ->  Bitmap Heap Scan on sbtest5  (cost=30.26..3720.04 rows=959 width=121)
	        Recheck Cond: ((id >= 2800747) AND (id <= 2801746))
	        ->  Bitmap Index Scan on sbtest5_pkey  (cost=0.00..30.02 rows=959 width=0)
	              Index Cond: ((id >= 2800747) AND (id <= 2801746))

table 6 : explain SELECT c FROM sbtest6 WHERE id BETWEEN 6329311 AND 6330310 ORDER BY c
	Sort  (cost=3989.69..3992.23 rows=1016 width=121)
	  Sort Key: c
	  ->  Bitmap Heap Scan on sbtest6  (cost=34.85..3938.95 rows=1016 width=121)
	        Recheck Cond: ((id >= 6329311) AND (id <= 6330310))
	        ->  Bitmap Index Scan on sbtest6_pkey  (cost=0.00..34.59 rows=1016 width=0)
	              Index Cond: ((id >= 6329311) AND (id <= 6330310))

table 7 : explain SELECT c FROM sbtest7 WHERE id BETWEEN 9595077 AND 9596076 ORDER BY c
	Sort  (cost=3917.11..3919.61 rows=998 width=121)
	  Sort Key: c
	  ->  Bitmap Heap Scan on sbtest7  (cost=30.66..3867.40 rows=998 width=121)
	        Recheck Cond: ((id >= 9595077) AND (id <= 9596076))
	        ->  Bitmap Index Scan on sbtest7_pkey  (cost=0.00..30.41 rows=998 width=0)
	              Index Cond: ((id >= 9595077) AND (id <= 9596076))

table 8 : explain SELECT c FROM sbtest8 WHERE id BETWEEN 4700036 AND 4701035 ORDER BY c
	Sort  (cost=4032.18..4034.74 rows=1027 width=121)
	  Sort Key: c
	  ->  Bitmap Heap Scan on sbtest8  (cost=34.96..3980.80 rows=1027 width=121)
	        Recheck Cond: ((id >= 4700036) AND (id <= 4701035))
	        ->  Bitmap Index Scan on sbtest8_pkey  (cost=0.00..34.70 rows=1027 width=0)
	              Index Cond: ((id >= 4700036) AND (id <= 4701035))

for: order_ranges
table 1 : explain SELECT c FROM sbtest1 WHERE id BETWEEN 8032518 AND 8033517 ORDER BY c
	Sort  (cost=3794.31..3796.73 rows=966 width=121)
	  Sort Key: c
	  ->  Bitmap Heap Scan on sbtest1  (cost=30.34..3746.42 rows=966 width=121)
	        Recheck Cond: ((id >= 8032518) AND (id <= 8033517))
	        ->  Bitmap Index Scan on sbtest1_pkey  (cost=0.00..30.09 rows=966 width=0)
	              Index Cond: ((id >= 8032518) AND (id <= 8033517))

table 2 : explain SELECT c FROM sbtest2 WHERE id BETWEEN 1920965 AND 1921964 ORDER BY c
	Sort  (cost=3936.23..3938.73 rows=1003 width=121)
	  Sort Key: c
	  ->  Bitmap Heap Scan on sbtest2  (cost=30.72..3886.23 rows=1003 width=121)
	        Recheck Cond: ((id >= 1920965) AND (id <= 1921964))
	        ->  Bitmap Index Scan on sbtest2_pkey  (cost=0.00..30.46 rows=1003 width=0)
	              Index Cond: ((id >= 1920965) AND (id <= 1921964))

table 3 : explain SELECT c FROM sbtest3 WHERE id BETWEEN 9534327 AND 9535326 ORDER BY c
	Sort  (cost=3897.65..3900.13 rows=993 width=121)
	  Sort Key: c
	  ->  Bitmap Heap Scan on sbtest3  (cost=30.61..3848.22 rows=993 width=121)
	        Recheck Cond: ((id >= 9534327) AND (id <= 9535326))
	        ->  Bitmap Index Scan on sbtest3_pkey  (cost=0.00..30.36 rows=993 width=0)
	              Index Cond: ((id >= 9534327) AND (id <= 9535326))

table 4 : explain SELECT c FROM sbtest4 WHERE id BETWEEN 4817294 AND 4818293 ORDER BY c
	Sort  (cost=3733.25..3735.62 rows=950 width=121)
	  Sort Key: c
	  ->  Bitmap Heap Scan on sbtest4  (cost=30.17..3686.26 rows=950 width=121)
	        Recheck Cond: ((id >= 4817294) AND (id <= 4818293))
	        ->  Bitmap Index Scan on sbtest4_pkey  (cost=0.00..29.93 rows=950 width=0)
	              Index Cond: ((id >= 4817294) AND (id <= 4818293))

table 5 : explain SELECT c FROM sbtest5 WHERE id BETWEEN 8139439 AND 8140438 ORDER BY c
	Sort  (cost=4005.19..4007.74 rows=1021 width=121)
	  Sort Key: c
	  ->  Bitmap Heap Scan on sbtest5  (cost=30.90..3954.16 rows=1021 width=121)
	        Recheck Cond: ((id >= 8139439) AND (id <= 8140438))
	        ->  Bitmap Index Scan on sbtest5_pkey  (cost=0.00..30.64 rows=1021 width=0)
	              Index Cond: ((id >= 8139439) AND (id <= 8140438))

table 6 : explain SELECT c FROM sbtest6 WHERE id BETWEEN 7337775 AND 7338774 ORDER BY c
	Sort  (cost=3851.59..3854.04 rows=981 width=121)
	  Sort Key: c
	  ->  Bitmap Heap Scan on sbtest6  (cost=30.49..3802.84 rows=981 width=121)
	        Recheck Cond: ((id >= 7337775) AND (id <= 7338774))
	        ->  Bitmap Index Scan on sbtest6_pkey  (cost=0.00..30.25 rows=981 width=0)
	              Index Cond: ((id >= 7337775) AND (id <= 7338774))

table 7 : explain SELECT c FROM sbtest7 WHERE id BETWEEN 4518793 AND 4519792 ORDER BY c
	Sort  (cost=4124.05..4126.68 rows=1051 width=121)
	  Sort Key: c
	  ->  Bitmap Heap Scan on sbtest7  (cost=35.21..4071.31 rows=1051 width=121)
	        Recheck Cond: ((id >= 4518793) AND (id <= 4519792))
	        ->  Bitmap Index Scan on sbtest7_pkey  (cost=0.00..34.95 rows=1051 width=0)
	              Index Cond: ((id >= 4518793) AND (id <= 4519792))

table 8 : explain SELECT c FROM sbtest8 WHERE id BETWEEN 6629488 AND 6630487 ORDER BY c
	Sort  (cost=4051.32..4053.90 rows=1032 width=121)
	  Sort Key: c
	  ->  Bitmap Heap Scan on sbtest8  (cost=35.01..3999.66 rows=1032 width=121)
	        Recheck Cond: ((id >= 6629488) AND (id <= 6630487))
	        ->  Bitmap Index Scan on sbtest8_pkey  (cost=0.00..34.76 rows=1032 width=0)
	              Index Cond: ((id >= 6629488) AND (id <= 6630487))

for point_selects
table 1 : explain SELECT c FROM sbtest1 WHERE id=271755
	Index Scan using sbtest1_pkey on sbtest1  (cost=0.43..8.45 rows=1 width=121)
	  Index Cond: (id = 271755)

table 2 : explain SELECT c FROM sbtest2 WHERE id=4348638
	Index Scan using sbtest2_pkey on sbtest2  (cost=0.43..8.45 rows=1 width=121)
	  Index Cond: (id = 4348638)

table 3 : explain SELECT c FROM sbtest3 WHERE id=54478
	Index Scan using sbtest3_pkey on sbtest3  (cost=0.43..8.45 rows=1 width=121)
	  Index Cond: (id = 54478)

table 4 : explain SELECT c FROM sbtest4 WHERE id=654855
	Index Scan using sbtest4_pkey on sbtest4  (cost=0.43..8.45 rows=1 width=121)
	  Index Cond: (id = 654855)

table 5 : explain SELECT c FROM sbtest5 WHERE id=8645416
	Index Scan using sbtest5_pkey on sbtest5  (cost=0.43..8.45 rows=1 width=121)
	  Index Cond: (id = 8645416)

table 6 : explain SELECT c FROM sbtest6 WHERE id=2377439
	Index Scan using sbtest6_pkey on sbtest6  (cost=0.43..8.45 rows=1 width=121)
	  Index Cond: (id = 2377439)

table 7 : explain SELECT c FROM sbtest7 WHERE id=8149734
	Index Scan using sbtest7_pkey on sbtest7  (cost=0.43..8.45 rows=1 width=121)
	  Index Cond: (id = 8149734)

table 8 : explain SELECT c FROM sbtest8 WHERE id=630124
	Index Scan using sbtest8_pkey on sbtest8  (cost=0.43..8.45 rows=1 width=121)
	  Index Cond: (id = 630124)

for: distinct_ranges
table 1 : explain SELECT DISTINCT c FROM sbtest1 WHERE id BETWEEN 823290 AND 824289 ORDER BY c
	Unique  (cost=3844.17..3849.06 rows=979 width=121)
	  ->  Sort  (cost=3844.17..3846.62 rows=979 width=121)
	        Sort Key: c
	        ->  Bitmap Heap Scan on sbtest1  (cost=30.47..3795.53 rows=979 width=121)
	              Recheck Cond: ((id >= 823290) AND (id <= 824289))
	              ->  Bitmap Index Scan on sbtest1_pkey  (cost=0.00..30.22 rows=979 width=0)
	                    Index Cond: ((id >= 823290) AND (id <= 824289))

table 2 : explain SELECT DISTINCT c FROM sbtest2 WHERE id BETWEEN 4590242 AND 4591241 ORDER BY c
	Unique  (cost=3590.91..3595.47 rows=913 width=121)
	  ->  Sort  (cost=3590.91..3593.19 rows=913 width=121)
	        Sort Key: c
	        ->  Bitmap Heap Scan on sbtest2  (cost=29.79..3546.01 rows=913 width=121)
	              Recheck Cond: ((id >= 4590242) AND (id <= 4591241))
	              ->  Bitmap Index Scan on sbtest2_pkey  (cost=0.00..29.57 rows=913 width=0)
	                    Index Cond: ((id >= 4590242) AND (id <= 4591241))

table 3 : explain SELECT DISTINCT c FROM sbtest3 WHERE id BETWEEN 8161210 AND 8162209 ORDER BY c
	Unique  (cost=4142.85..4148.13 rows=1056 width=121)
	  ->  Sort  (cost=4142.85..4145.49 rows=1056 width=121)
	        Sort Key: c
	        ->  Bitmap Heap Scan on sbtest3  (cost=35.26..4089.82 rows=1056 width=121)
	              Recheck Cond: ((id >= 8161210) AND (id <= 8162209))
	              ->  Bitmap Index Scan on sbtest3_pkey  (cost=0.00..35.00 rows=1056 width=0)
	                    Index Cond: ((id >= 8161210) AND (id <= 8162209))

table 4 : explain SELECT DISTINCT c FROM sbtest4 WHERE id BETWEEN 9669506 AND 9670505 ORDER BY c
	Unique  (cost=3491.19..3495.63 rows=887 width=121)
	  ->  Sort  (cost=3491.19..3493.41 rows=887 width=121)
	        Sort Key: c
	        ->  Bitmap Heap Scan on sbtest4  (cost=29.53..3447.76 rows=887 width=121)
	              Recheck Cond: ((id >= 9669506) AND (id <= 9670505))
	              ->  Bitmap Index Scan on sbtest4_pkey  (cost=0.00..29.30 rows=887 width=0)
	                    Index Cond: ((id >= 9669506) AND (id <= 9670505))

table 5 : explain SELECT DISTINCT c FROM sbtest5 WHERE id BETWEEN 1666895 AND 1667894 ORDER BY c
	Unique  (cost=3871.09..3876.02 rows=986 width=121)
	  ->  Sort  (cost=3871.09..3873.55 rows=986 width=121)
	        Sort Key: c
	        ->  Bitmap Heap Scan on sbtest5  (cost=30.54..3822.06 rows=986 width=121)
	              Recheck Cond: ((id >= 1666895) AND (id <= 1667894))
	              ->  Bitmap Index Scan on sbtest5_pkey  (cost=0.00..30.29 rows=986 width=0)
	                    Index Cond: ((id >= 1666895) AND (id <= 1667894))

table 6 : explain SELECT DISTINCT c FROM sbtest6 WHERE id BETWEEN 3936720 AND 3937719 ORDER BY c
	Unique  (cost=3951.22..3956.26 rows=1007 width=121)
	  ->  Sort  (cost=3951.22..3953.74 rows=1007 width=121)
	        Sort Key: c
	        ->  Bitmap Heap Scan on sbtest6  (cost=30.76..3900.99 rows=1007 width=121)
	              Recheck Cond: ((id >= 3936720) AND (id <= 3937719))
	              ->  Bitmap Index Scan on sbtest6_pkey  (cost=0.00..30.50 rows=1007 width=0)
	                    Index Cond: ((id >= 3936720) AND (id <= 3937719))

table 7 : explain SELECT DISTINCT c FROM sbtest7 WHERE id BETWEEN 8324014 AND 8325013 ORDER BY c
	Unique  (cost=3844.28..3849.18 rows=979 width=121)
	  ->  Sort  (cost=3844.28..3846.73 rows=979 width=121)
	        Sort Key: c
	        ->  Bitmap Heap Scan on sbtest7  (cost=30.47..3795.65 rows=979 width=121)
	              Recheck Cond: ((id >= 8324014) AND (id <= 8325013))
	              ->  Bitmap Index Scan on sbtest7_pkey  (cost=0.00..30.22 rows=979 width=0)
	                    Index Cond: ((id >= 8324014) AND (id <= 8325013))

table 8 : explain SELECT DISTINCT c FROM sbtest8 WHERE id BETWEEN 760821 AND 761820 ORDER BY c
	Unique  (cost=3901.76..3906.73 rows=994 width=121)
	  ->  Sort  (cost=3901.76..3904.25 rows=994 width=121)
	        Sort Key: c
	        ->  Bitmap Heap Scan on sbtest8  (cost=30.62..3852.28 rows=994 width=121)
	              Recheck Cond: ((id >= 760821) AND (id <= 761820))
	              ->  Bitmap Index Scan on sbtest8_pkey  (cost=0.00..30.37 rows=994 width=0)
	                    Index Cond: ((id >= 760821) AND (id <= 761820))

for: order_ranges
table 1 : explain SELECT c FROM sbtest1 WHERE id BETWEEN 920208 AND 921207 ORDER BY c
	Sort  (cost=3644.62..3646.94 rows=927 width=121)
	  Sort Key: c
	  ->  Bitmap Heap Scan on sbtest1  (cost=29.94..3598.94 rows=927 width=121)
	        Recheck Cond: ((id >= 920208) AND (id <= 921207))
	        ->  Bitmap Index Scan on sbtest1_pkey  (cost=0.00..29.70 rows=927 width=0)
	              Index Cond: ((id >= 920208) AND (id <= 921207))

table 2 : explain SELECT c FROM sbtest2 WHERE id BETWEEN 1864147 AND 1865146 ORDER BY c
	Sort  (cost=3859.57..3862.03 rows=983 width=121)
	  Sort Key: c
	  ->  Bitmap Heap Scan on sbtest2  (cost=30.51..3810.71 rows=983 width=121)
	        Recheck Cond: ((id >= 1864147) AND (id <= 1865146))
	        ->  Bitmap Index Scan on sbtest2_pkey  (cost=0.00..30.26 rows=983 width=0)
	              Index Cond: ((id >= 1864147) AND (id <= 1865146))

table 3 : explain SELECT c FROM sbtest3 WHERE id BETWEEN 9037888 AND 9038887 ORDER BY c
	Sort  (cost=3790.30..3792.71 rows=965 width=121)
	  Sort Key: c
	  ->  Bitmap Heap Scan on sbtest3  (cost=30.33..3742.46 rows=965 width=121)
	        Recheck Cond: ((id >= 9037888) AND (id <= 9038887))
	        ->  Bitmap Index Scan on sbtest3_pkey  (cost=0.00..30.08 rows=965 width=0)
	              Index Cond: ((id >= 9037888) AND (id <= 9038887))

table 4 : explain SELECT c FROM sbtest4 WHERE id BETWEEN 5681666 AND 5682665 ORDER BY c
	Sort  (cost=3794.64..3797.06 rows=966 width=121)
	  Sort Key: c
	  ->  Bitmap Heap Scan on sbtest4  (cost=30.34..3746.75 rows=966 width=121)
	        Recheck Cond: ((id >= 5681666) AND (id <= 5682665))
	        ->  Bitmap Index Scan on sbtest4_pkey  (cost=0.00..30.09 rows=966 width=0)
	              Index Cond: ((id >= 5681666) AND (id <= 5682665))

table 5 : explain SELECT c FROM sbtest5 WHERE id BETWEEN 2575400 AND 2576399 ORDER BY c
	Sort  (cost=3894.09..3896.57 rows=992 width=121)
	  Sort Key: c
	  ->  Bitmap Heap Scan on sbtest5  (cost=30.60..3844.72 rows=992 width=121)
	        Recheck Cond: ((id >= 2575400) AND (id <= 2576399))
	        ->  Bitmap Index Scan on sbtest5_pkey  (cost=0.00..30.36 rows=992 width=0)
	              Index Cond: ((id >= 2575400) AND (id <= 2576399))

table 6 : explain SELECT c FROM sbtest6 WHERE id BETWEEN 3397599 AND 3398598 ORDER BY c
	Sort  (cost=3425.30..3427.48 rows=870 width=121)
	  Sort Key: c
	  ->  Bitmap Heap Scan on sbtest6  (cost=29.35..3382.83 rows=870 width=121)
	        Recheck Cond: ((id >= 3397599) AND (id <= 3398598))
	        ->  Bitmap Index Scan on sbtest6_pkey  (cost=0.00..29.14 rows=870 width=0)
	              Index Cond: ((id >= 3397599) AND (id <= 3398598))

table 7 : explain SELECT c FROM sbtest7 WHERE id BETWEEN 6279984 AND 6280983 ORDER BY c
	Sort  (cost=3694.65..3697.00 rows=940 width=121)
	  Sort Key: c
	  ->  Bitmap Heap Scan on sbtest7  (cost=30.07..3648.23 rows=940 width=121)
	        Recheck Cond: ((id >= 6279984) AND (id <= 6280983))
	        ->  Bitmap Index Scan on sbtest7_pkey  (cost=0.00..29.83 rows=940 width=0)
	              Index Cond: ((id >= 6279984) AND (id <= 6280983))

table 8 : explain SELECT c FROM sbtest8 WHERE id BETWEEN 3696612 AND 3697611 ORDER BY c
	Sort  (cost=4055.15..4057.73 rows=1033 width=121)
	  Sort Key: c
	  ->  Bitmap Heap Scan on sbtest8  (cost=35.02..4003.43 rows=1033 width=121)
	        Recheck Cond: ((id >= 3696612) AND (id <= 3697611))
	        ->  Bitmap Index Scan on sbtest8_pkey  (cost=0.00..34.77 rows=1033 width=0)
	              Index Cond: ((id >= 3696612) AND (id <= 3697611))

for: distinct_ranges
table 1 : explain SELECT DISTINCT c FROM sbtest1 WHERE id BETWEEN 8589846 AND 8590845 ORDER BY c
	Unique  (cost=3575.47..3580.02 rows=909 width=121)
	  ->  Sort  (cost=3575.47..3577.75 rows=909 width=121)
	        Sort Key: c
	        ->  Bitmap Heap Scan on sbtest1  (cost=29.75..3530.80 rows=909 width=121)
	              Recheck Cond: ((id >= 8589846) AND (id <= 8590845))
	              ->  Bitmap Index Scan on sbtest1_pkey  (cost=0.00..29.52 rows=909 width=0)
	                    Index Cond: ((id >= 8589846) AND (id <= 8590845))

table 2 : explain SELECT DISTINCT c FROM sbtest2 WHERE id BETWEEN 8173053 AND 8174052 ORDER BY c
	Unique  (cost=3986.03..3991.11 rows=1016 width=121)
	  ->  Sort  (cost=3986.03..3988.57 rows=1016 width=121)
	        Sort Key: c
	        ->  Bitmap Heap Scan on sbtest2  (cost=30.85..3935.28 rows=1016 width=121)
	              Recheck Cond: ((id >= 8173053) AND (id <= 8174052))
	              ->  Bitmap Index Scan on sbtest2_pkey  (cost=0.00..30.59 rows=1016 width=0)
	                    Index Cond: ((id >= 8173053) AND (id <= 8174052))

table 3 : explain SELECT DISTINCT c FROM sbtest3 WHERE id BETWEEN 804832 AND 805831 ORDER BY c
	Unique  (cost=3679.01..3683.69 rows=936 width=121)
	  ->  Sort  (cost=3679.01..3681.35 rows=936 width=121)
	        Sort Key: c
	        ->  Bitmap Heap Scan on sbtest3  (cost=30.03..3632.82 rows=936 width=121)
	              Recheck Cond: ((id >= 804832) AND (id <= 805831))
	              ->  Bitmap Index Scan on sbtest3_pkey  (cost=0.00..29.79 rows=936 width=0)
	                    Index Cond: ((id >= 804832) AND (id <= 805831))

table 4 : explain SELECT DISTINCT c FROM sbtest4 WHERE id BETWEEN 8779921 AND 8780920 ORDER BY c
	Unique  (cost=3806.15..3811.00 rows=969 width=121)
	  ->  Sort  (cost=3806.15..3808.57 rows=969 width=121)
	        Sort Key: c
	        ->  Bitmap Heap Scan on sbtest4  (cost=30.37..3758.09 rows=969 width=121)
	              Recheck Cond: ((id >= 8779921) AND (id <= 8780920))
	              ->  Bitmap Index Scan on sbtest4_pkey  (cost=0.00..30.12 rows=969 width=0)
	                    Index Cond: ((id >= 8779921) AND (id <= 8780920))

table 5 : explain SELECT DISTINCT c FROM sbtest5 WHERE id BETWEEN 3478847 AND 3479846 ORDER BY c
	Unique  (cost=3940.07..3945.09 rows=1004 width=121)
	  ->  Sort  (cost=3940.07..3942.58 rows=1004 width=121)
	        Sort Key: c
	        ->  Bitmap Heap Scan on sbtest5  (cost=30.73..3890.02 rows=1004 width=121)
	              Recheck Cond: ((id >= 3478847) AND (id <= 3479846))
	              ->  Bitmap Index Scan on sbtest5_pkey  (cost=0.00..30.47 rows=1004 width=0)
	                    Index Cond: ((id >= 3478847) AND (id <= 3479846))

table 6 : explain SELECT DISTINCT c FROM sbtest6 WHERE id BETWEEN 5363431 AND 5364430 ORDER BY c
	Unique  (cost=3675.11..3679.79 rows=935 width=121)
	  ->  Sort  (cost=3675.11..3677.45 rows=935 width=121)
	        Sort Key: c
	        ->  Bitmap Heap Scan on sbtest6  (cost=30.02..3628.98 rows=935 width=121)
	              Recheck Cond: ((id >= 5363431) AND (id <= 5364430))
	              ->  Bitmap Index Scan on sbtest6_pkey  (cost=0.00..29.79 rows=935 width=0)
	                    Index Cond: ((id >= 5363431) AND (id <= 5364430))

table 7 : explain SELECT DISTINCT c FROM sbtest7 WHERE id BETWEEN 6282692 AND 6283691 ORDER BY c
	Unique  (cost=3694.65..3699.35 rows=940 width=121)
	  ->  Sort  (cost=3694.65..3697.00 rows=940 width=121)
	        Sort Key: c
	        ->  Bitmap Heap Scan on sbtest7  (cost=30.07..3648.23 rows=940 width=121)
	              Recheck Cond: ((id >= 6282692) AND (id <= 6283691))
	              ->  Bitmap Index Scan on sbtest7_pkey  (cost=0.00..29.83 rows=940 width=0)
	                    Index Cond: ((id >= 6282692) AND (id <= 6283691))

table 8 : explain SELECT DISTINCT c FROM sbtest8 WHERE id BETWEEN 4609913 AND 4610912 ORDER BY c
	Unique  (cost=3809.75..3814.60 rows=970 width=121)
	  ->  Sort  (cost=3809.75..3812.17 rows=970 width=121)
	        Sort Key: c
	        ->  Bitmap Heap Scan on sbtest8  (cost=30.38..3761.63 rows=970 width=121)
	              Recheck Cond: ((id >= 4609913) AND (id <= 4610912))
	              ->  Bitmap Index Scan on sbtest8_pkey  (cost=0.00..30.14 rows=970 width=0)
	                    Index Cond: ((id >= 4609913) AND (id <= 4610912))

for: distinct_ranges
table 1 : explain SELECT DISTINCT c FROM sbtest1 WHERE id BETWEEN 9774246 AND 9775245 ORDER BY c
	Unique  (cost=3686.86..3691.55 rows=938 width=121)
	  ->  Sort  (cost=3686.86..3689.21 rows=938 width=121)
	        Sort Key: c
	        ->  Bitmap Heap Scan on sbtest1  (cost=30.05..3640.56 rows=938 width=121)
	              Recheck Cond: ((id >= 9774246) AND (id <= 9775245))
	              ->  Bitmap Index Scan on sbtest1_pkey  (cost=0.00..29.82 rows=938 width=0)
	                    Index Cond: ((id >= 9774246) AND (id <= 9775245))

table 2 : explain SELECT DISTINCT c FROM sbtest2 WHERE id BETWEEN 2351138 AND 2352137 ORDER BY c
	Unique  (cost=4150.78..4156.07 rows=1058 width=121)
	  ->  Sort  (cost=4150.78..4153.43 rows=1058 width=121)
	        Sort Key: c
	        ->  Bitmap Heap Scan on sbtest2  (cost=35.28..4097.63 rows=1058 width=121)
	              Recheck Cond: ((id >= 2351138) AND (id <= 2352137))
	              ->  Bitmap Index Scan on sbtest2_pkey  (cost=0.00..35.02 rows=1058 width=0)
	                    Index Cond: ((id >= 2351138) AND (id <= 2352137))

table 3 : explain SELECT DISTINCT c FROM sbtest3 WHERE id BETWEEN 4587377 AND 4588376 ORDER BY c
	Unique  (cost=3817.14..3822.00 rows=972 width=121)
	  ->  Sort  (cost=3817.14..3819.57 rows=972 width=121)
	        Sort Key: c
	        ->  Bitmap Heap Scan on sbtest3  (cost=30.40..3768.91 rows=972 width=121)
	              Recheck Cond: ((id >= 4587377) AND (id <= 4588376))
	              ->  Bitmap Index Scan on sbtest3_pkey  (cost=0.00..30.15 rows=972 width=0)
	                    Index Cond: ((id >= 4587377) AND (id <= 4588376))

table 4 : explain SELECT DISTINCT c FROM sbtest4 WHERE id BETWEEN 6750719 AND 6751718 ORDER BY c
	Unique  (cost=3767.78..3772.58 rows=959 width=121)
	  ->  Sort  (cost=3767.78..3770.18 rows=959 width=121)
	        Sort Key: c
	        ->  Bitmap Heap Scan on sbtest4  (cost=30.26..3720.29 rows=959 width=121)
	              Recheck Cond: ((id >= 6750719) AND (id <= 6751718))
	              ->  Bitmap Index Scan on sbtest4_pkey  (cost=0.00..30.02 rows=959 width=0)
	                    Index Cond: ((id >= 6750719) AND (id <= 6751718))

table 5 : explain SELECT DISTINCT c FROM sbtest5 WHERE id BETWEEN 8103292 AND 8104291 ORDER BY c
	Unique  (cost=4005.19..4010.30 rows=1021 width=121)
	  ->  Sort  (cost=4005.19..4007.74 rows=1021 width=121)
	        Sort Key: c
	        ->  Bitmap Heap Scan on sbtest5  (cost=30.90..3954.16 rows=1021 width=121)
	              Recheck Cond: ((id >= 8103292) AND (id <= 8104291))
	              ->  Bitmap Index Scan on sbtest5_pkey  (cost=0.00..30.64 rows=1021 width=0)
	                    Index Cond: ((id >= 8103292) AND (id <= 8104291))

table 6 : explain SELECT DISTINCT c FROM sbtest6 WHERE id BETWEEN 9026013 AND 9027012 ORDER BY c
	Unique  (cost=4165.72..4171.03 rows=1062 width=121)
	  ->  Sort  (cost=4165.72..4168.38 rows=1062 width=121)
	        Sort Key: c
	        ->  Bitmap Heap Scan on sbtest6  (cost=35.32..4112.35 rows=1062 width=121)
	              Recheck Cond: ((id >= 9026013) AND (id <= 9027012))
	              ->  Bitmap Index Scan on sbtest6_pkey  (cost=0.00..35.06 rows=1062 width=0)
	                    Index Cond: ((id >= 9026013) AND (id <= 9027012))

table 7 : explain SELECT DISTINCT c FROM sbtest7 WHERE id BETWEEN 1453358 AND 1454357 ORDER BY c
	Unique  (cost=3594.79..3599.36 rows=914 width=121)
	  ->  Sort  (cost=3594.79..3597.07 rows=914 width=121)
	        Sort Key: c
	        ->  Bitmap Heap Scan on sbtest7  (cost=29.80..3549.84 rows=914 width=121)
	              Recheck Cond: ((id >= 1453358) AND (id <= 1454357))
	              ->  Bitmap Index Scan on sbtest7_pkey  (cost=0.00..29.57 rows=914 width=0)
	                    Index Cond: ((id >= 1453358) AND (id <= 1454357))

table 8 : explain SELECT DISTINCT c FROM sbtest8 WHERE id BETWEEN 4724581 AND 4725580 ORDER BY c
	Unique  (cost=4032.18..4037.31 rows=1027 width=121)
	  ->  Sort  (cost=4032.18..4034.74 rows=1027 width=121)
	        Sort Key: c
	        ->  Bitmap Heap Scan on sbtest8  (cost=34.96..3980.80 rows=1027 width=121)
	              Recheck Cond: ((id >= 4724581) AND (id <= 4725580))
	              ->  Bitmap Index Scan on sbtest8_pkey  (cost=0.00..34.70 rows=1027 width=0)
	                    Index Cond: ((id >= 4724581) AND (id <= 4725580))

for: sum_ranges
table 1 : explain SELECT SUM(k) FROM sbtest1 WHERE id BETWEEN 3211573 AND 3212572
	Aggregate  (cost=4009.46..4009.47 rows=1 width=8)
	  ->  Bitmap Heap Scan on sbtest1  (cost=31.04..4006.87 rows=1035 width=4)
	        Recheck Cond: ((id >= 3211573) AND (id <= 3212572))
	        ->  Bitmap Index Scan on sbtest1_pkey  (cost=0.00..30.79 rows=1035 width=0)
	              Index Cond: ((id >= 3211573) AND (id <= 3212572))

table 2 : explain SELECT SUM(k) FROM sbtest2 WHERE id BETWEEN 607168 AND 608167
	Aggregate  (cost=4171.89..4171.90 rows=1 width=8)
	  ->  Bitmap Heap Scan on sbtest2  (cost=35.47..4169.20 rows=1077 width=4)
	        Recheck Cond: ((id >= 607168) AND (id <= 608167))
	        ->  Bitmap Index Scan on sbtest2_pkey  (cost=0.00..35.20 rows=1077 width=0)
	              Index Cond: ((id >= 607168) AND (id <= 608167))

table 3 : explain SELECT SUM(k) FROM sbtest3 WHERE id BETWEEN 5689959 AND 5690958
	Aggregate  (cost=3937.56..3937.57 rows=1 width=8)
	  ->  Bitmap Heap Scan on sbtest3  (cost=30.85..3935.02 rows=1016 width=4)
	        Recheck Cond: ((id >= 5689959) AND (id <= 5690958))
	        ->  Bitmap Index Scan on sbtest3_pkey  (cost=0.00..30.59 rows=1016 width=0)
	              Index Cond: ((id >= 5689959) AND (id <= 5690958))

table 4 : explain SELECT SUM(k) FROM sbtest4 WHERE id BETWEEN 3987223 AND 3988222
	Aggregate  (cost=4093.04..4093.05 rows=1 width=8)
	  ->  Bitmap Heap Scan on sbtest4  (cost=35.26..4090.40 rows=1056 width=4)
	        Recheck Cond: ((id >= 3987223) AND (id <= 3988222))
	        ->  Bitmap Index Scan on sbtest4_pkey  (cost=0.00..35.00 rows=1056 width=0)
	              Index Cond: ((id >= 3987223) AND (id <= 3988222))

table 5 : explain SELECT SUM(k) FROM sbtest5 WHERE id BETWEEN 1192915 AND 1193914
	Aggregate  (cost=3960.49..3960.50 rows=1 width=8)
	  ->  Bitmap Heap Scan on sbtest5  (cost=30.91..3957.93 rows=1022 width=4)
	        Recheck Cond: ((id >= 1192915) AND (id <= 1193914))
	        ->  Bitmap Index Scan on sbtest5_pkey  (cost=0.00..30.65 rows=1022 width=0)
	              Index Cond: ((id >= 1192915) AND (id <= 1193914))

table 6 : explain SELECT SUM(k) FROM sbtest6 WHERE id BETWEEN 9912522 AND 9913521
	Aggregate  (cost=3782.62..3782.63 rows=1 width=8)
	  ->  Bitmap Heap Scan on sbtest6  (cost=30.43..3780.18 rows=975 width=4)
	        Recheck Cond: ((id >= 9912522) AND (id <= 9913521))
	        ->  Bitmap Index Scan on sbtest6_pkey  (cost=0.00..30.18 rows=975 width=0)
	              Index Cond: ((id >= 9912522) AND (id <= 9913521))

table 7 : explain SELECT SUM(k) FROM sbtest7 WHERE id BETWEEN 6148106 AND 6149105
	Aggregate  (cost=3994.71..3994.72 rows=1 width=8)
	  ->  Bitmap Heap Scan on sbtest7  (cost=34.99..3992.14 rows=1030 width=4)
	        Recheck Cond: ((id >= 6148106) AND (id <= 6149105))
	        ->  Bitmap Index Scan on sbtest7_pkey  (cost=0.00..34.73 rows=1030 width=0)
	              Index Cond: ((id >= 6148106) AND (id <= 6149105))

table 8 : explain SELECT SUM(k) FROM sbtest8 WHERE id BETWEEN 7239499 AND 7240498
	Aggregate  (cost=4311.25..4311.26 rows=1 width=8)
	  ->  Bitmap Heap Scan on sbtest8  (cost=35.85..4308.46 rows=1114 width=4)
	        Recheck Cond: ((id >= 7239499) AND (id <= 7240498))
	        ->  Bitmap Index Scan on sbtest8_pkey  (cost=0.00..35.58 rows=1114 width=0)
	              Index Cond: ((id >= 7239499) AND (id <= 7240498))

for point_selects
table 1 : explain SELECT c FROM sbtest1 WHERE id=573096
	Index Scan using sbtest1_pkey on sbtest1  (cost=0.43..8.45 rows=1 width=121)
	  Index Cond: (id = 573096)

table 2 : explain SELECT c FROM sbtest2 WHERE id=9548409
	Index Scan using sbtest2_pkey on sbtest2  (cost=0.43..8.45 rows=1 width=121)
	  Index Cond: (id = 9548409)

table 3 : explain SELECT c FROM sbtest3 WHERE id=9649899
	Index Scan using sbtest3_pkey on sbtest3  (cost=0.43..8.45 rows=1 width=121)
	  Index Cond: (id = 9649899)

table 4 : explain SELECT c FROM sbtest4 WHERE id=8781289
	Index Scan using sbtest4_pkey on sbtest4  (cost=0.43..8.45 rows=1 width=121)
	  Index Cond: (id = 8781289)

table 5 : explain SELECT c FROM sbtest5 WHERE id=7397134
	Index Scan using sbtest5_pkey on sbtest5  (cost=0.43..8.45 rows=1 width=121)
	  Index Cond: (id = 7397134)

table 6 : explain SELECT c FROM sbtest6 WHERE id=3038149
	Index Scan using sbtest6_pkey on sbtest6  (cost=0.43..8.45 rows=1 width=121)
	  Index Cond: (id = 3038149)

table 7 : explain SELECT c FROM sbtest7 WHERE id=509670
	Index Scan using sbtest7_pkey on sbtest7  (cost=0.43..8.45 rows=1 width=121)
	  Index Cond: (id = 509670)

table 8 : explain SELECT c FROM sbtest8 WHERE id=5500720
	Index Scan using sbtest8_pkey on sbtest8  (cost=0.43..8.45 rows=1 width=121)
	  Index Cond: (id = 5500720)

for point_selects
table 1 : explain SELECT c FROM sbtest1 WHERE id=5884580
	Index Scan using sbtest1_pkey on sbtest1  (cost=0.43..8.45 rows=1 width=121)
	  Index Cond: (id = 5884580)

table 2 : explain SELECT c FROM sbtest2 WHERE id=1510761
	Index Scan using sbtest2_pkey on sbtest2  (cost=0.43..8.45 rows=1 width=121)
	  Index Cond: (id = 1510761)

table 3 : explain SELECT c FROM sbtest3 WHERE id=1005542
	Index Scan using sbtest3_pkey on sbtest3  (cost=0.43..8.45 rows=1 width=121)
	  Index Cond: (id = 1005542)

table 4 : explain SELECT c FROM sbtest4 WHERE id=2856626
	Index Scan using sbtest4_pkey on sbtest4  (cost=0.43..8.45 rows=1 width=121)
	  Index Cond: (id = 2856626)

table 5 : explain SELECT c FROM sbtest5 WHERE id=7463073
	Index Scan using sbtest5_pkey on sbtest5  (cost=0.43..8.45 rows=1 width=121)
	  Index Cond: (id = 7463073)

table 6 : explain SELECT c FROM sbtest6 WHERE id=3319149
	Index Scan using sbtest6_pkey on sbtest6  (cost=0.43..8.45 rows=1 width=121)
	  Index Cond: (id = 3319149)

table 7 : explain SELECT c FROM sbtest7 WHERE id=3901895
	Index Scan using sbtest7_pkey on sbtest7  (cost=0.43..8.45 rows=1 width=121)
	  Index Cond: (id = 3901895)

table 8 : explain SELECT c FROM sbtest8 WHERE id=4128557
	Index Scan using sbtest8_pkey on sbtest8  (cost=0.43..8.45 rows=1 width=121)
	  Index Cond: (id = 4128557)

for: sum_ranges
table 1 : explain SELECT SUM(k) FROM sbtest1 WHERE id BETWEEN 3366789 AND 3367788
	Aggregate  (cost=4145.43..4145.44 rows=1 width=8)
	  ->  Bitmap Heap Scan on sbtest1  (cost=35.40..4142.76 rows=1070 width=4)
	        Recheck Cond: ((id >= 3366789) AND (id <= 3367788))
	        ->  Bitmap Index Scan on sbtest1_pkey  (cost=0.00..35.14 rows=1070 width=0)
	              Index Cond: ((id >= 3366789) AND (id <= 3367788))

table 2 : explain SELECT SUM(k) FROM sbtest2 WHERE id BETWEEN 1413983 AND 1414982
	Aggregate  (cost=4055.03..4055.04 rows=1 width=8)
	  ->  Bitmap Heap Scan on sbtest2  (cost=35.16..4052.41 rows=1046 width=4)
	        Recheck Cond: ((id >= 1413983) AND (id <= 1414982))
	        ->  Bitmap Index Scan on sbtest2_pkey  (cost=0.00..34.90 rows=1046 width=0)
	              Index Cond: ((id >= 1413983) AND (id <= 1414982))

table 3 : explain SELECT SUM(k) FROM sbtest3 WHERE id BETWEEN 8674301 AND 8675300
	Aggregate  (cost=4250.69..4250.70 rows=1 width=8)
	  ->  Bitmap Heap Scan on sbtest3  (cost=35.69..4247.95 rows=1098 width=4)
	        Recheck Cond: ((id >= 8674301) AND (id <= 8675300))
	        ->  Bitmap Index Scan on sbtest3_pkey  (cost=0.00..35.42 rows=1098 width=0)
	              Index Cond: ((id >= 8674301) AND (id <= 8675300))

table 4 : explain SELECT SUM(k) FROM sbtest4 WHERE id BETWEEN 2299571 AND 2300570
	Aggregate  (cost=3722.69..3722.70 rows=1 width=8)
	  ->  Bitmap Heap Scan on sbtest4  (cost=30.26..3720.29 rows=959 width=4)
	        Recheck Cond: ((id >= 2299571) AND (id <= 2300570))
	        ->  Bitmap Index Scan on sbtest4_pkey  (cost=0.00..30.02 rows=959 width=0)
	              Index Cond: ((id >= 2299571) AND (id <= 2300570))

table 5 : explain SELECT SUM(k) FROM sbtest5 WHERE id BETWEEN 9146732 AND 9147731
	Aggregate  (cost=3752.70..3752.71 rows=1 width=8)
	  ->  Bitmap Heap Scan on sbtest5  (cost=30.35..3750.28 rows=967 width=4)
	        Recheck Cond: ((id >= 9146732) AND (id <= 9147731))
	        ->  Bitmap Index Scan on sbtest5_pkey  (cost=0.00..30.11 rows=967 width=0)
	              Index Cond: ((id >= 9146732) AND (id <= 9147731))

table 6 : explain SELECT SUM(k) FROM sbtest6 WHERE id BETWEEN 8731330 AND 8732329
	Aggregate  (cost=3699.42..3699.43 rows=1 width=8)
	  ->  Bitmap Heap Scan on sbtest6  (cost=30.20..3697.04 rows=953 width=4)
	        Recheck Cond: ((id >= 8731330) AND (id <= 8732329))
	        ->  Bitmap Index Scan on sbtest6_pkey  (cost=0.00..29.96 rows=953 width=0)
	              Index Cond: ((id >= 8731330) AND (id <= 8732329))

table 7 : explain SELECT SUM(k) FROM sbtest7 WHERE id BETWEEN 3030892 AND 3031891
	Aggregate  (cost=3582.43..3582.44 rows=1 width=8)
	  ->  Bitmap Heap Scan on sbtest7  (cost=29.89..3580.12 rows=922 width=4)
	        Recheck Cond: ((id >= 3030892) AND (id <= 3031891))
	        ->  Bitmap Index Scan on sbtest7_pkey  (cost=0.00..29.65 rows=922 width=0)
	              Index Cond: ((id >= 3030892) AND (id <= 3031891))

table 8 : explain SELECT SUM(k) FROM sbtest8 WHERE id BETWEEN 2714858 AND 2715857
	Aggregate  (cost=3525.58..3525.59 rows=1 width=8)
	  ->  Bitmap Heap Scan on sbtest8  (cost=29.73..3523.32 rows=907 width=4)
	        Recheck Cond: ((id >= 2714858) AND (id <= 2715857))
	        ->  Bitmap Index Scan on sbtest8_pkey  (cost=0.00..29.50 rows=907 width=0)
	              Index Cond: ((id >= 2714858) AND (id <= 2715857))

for: simple_ranges
table 1 : explain SELECT c FROM sbtest1 WHERE id BETWEEN 6452485 AND 6453484
	Bitmap Heap Scan on sbtest1  (cost=31.17..4052.11 rows=1047 width=121)
	  Recheck Cond: ((id >= 6452485) AND (id <= 6453484))
	  ->  Bitmap Index Scan on sbtest1_pkey  (cost=0.00..30.90 rows=1047 width=0)
	        Index Cond: ((id >= 6452485) AND (id <= 6453484))

table 2 : explain SELECT c FROM sbtest2 WHERE id BETWEEN 1601525 AND 1602524
	Bitmap Heap Scan on sbtest2  (cost=30.11..3663.31 rows=944 width=121)
	  Recheck Cond: ((id >= 1601525) AND (id <= 1602524))
	  ->  Bitmap Index Scan on sbtest2_pkey  (cost=0.00..29.87 rows=944 width=0)
	        Index Cond: ((id >= 1601525) AND (id <= 1602524))

table 3 : explain SELECT c FROM sbtest3 WHERE id BETWEEN 5550361 AND 5551360
	Bitmap Heap Scan on sbtest3  (cost=30.31..3734.90 rows=963 width=121)
	  Recheck Cond: ((id >= 5550361) AND (id <= 5551360))
	  ->  Bitmap Index Scan on sbtest3_pkey  (cost=0.00..30.07 rows=963 width=0)
	        Index Cond: ((id >= 5550361) AND (id <= 5551360))

table 4 : explain SELECT c FROM sbtest4 WHERE id BETWEEN 5501379 AND 5502378
	Bitmap Heap Scan on sbtest4  (cost=30.98..3984.61 rows=1029 width=121)
	  Recheck Cond: ((id >= 5501379) AND (id <= 5502378))
	  ->  Bitmap Index Scan on sbtest4_pkey  (cost=0.00..30.72 rows=1029 width=0)
	        Index Cond: ((id >= 5501379) AND (id <= 5502378))

table 5 : explain SELECT c FROM sbtest5 WHERE id BETWEEN 8318766 AND 8319765
	Bitmap Heap Scan on sbtest5  (cost=35.31..4108.95 rows=1061 width=121)
	  Recheck Cond: ((id >= 8318766) AND (id <= 8319765))
	  ->  Bitmap Index Scan on sbtest5_pkey  (cost=0.00..35.05 rows=1061 width=0)
	        Index Cond: ((id >= 8318766) AND (id <= 8319765))

table 6 : explain SELECT c FROM sbtest6 WHERE id BETWEEN 1872914 AND 1873913
	Bitmap Heap Scan on sbtest6  (cost=35.18..4059.60 rows=1048 width=121)
	  Recheck Cond: ((id >= 1872914) AND (id <= 1873913))
	  ->  Bitmap Index Scan on sbtest6_pkey  (cost=0.00..34.92 rows=1048 width=0)
	        Index Cond: ((id >= 1872914) AND (id <= 1873913))

table 7 : explain SELECT c FROM sbtest7 WHERE id BETWEEN 258560 AND 259559
	Bitmap Heap Scan on sbtest7  (cost=30.60..3844.75 rows=992 width=121)
	  Recheck Cond: ((id >= 258560) AND (id <= 259559))
	  ->  Bitmap Index Scan on sbtest7_pkey  (cost=0.00..30.36 rows=992 width=0)
	        Index Cond: ((id >= 258560) AND (id <= 259559))

table 8 : explain SELECT c FROM sbtest8 WHERE id BETWEEN 4404745 AND 4405744
	Bitmap Heap Scan on sbtest8  (cost=30.88..3946.63 rows=1019 width=121)
	  Recheck Cond: ((id >= 4404745) AND (id <= 4405744))
	  ->  Bitmap Index Scan on sbtest8_pkey  (cost=0.00..30.62 rows=1019 width=0)
	        Index Cond: ((id >= 4404745) AND (id <= 4405744))

explain: for point_selects :: explain SELECT c FROM sbtest%u WHERE id=%u
explain: for point_selects :: explain SELECT c FROM sbtest%u WHERE id=%u
for: distinct_ranges
table 1 : explain SELECT DISTINCT c FROM sbtest1 WHERE id BETWEEN 1765458 AND 1766457 ORDER BY c
	Unique  (cost=3909.33..3914.31 rows=996 width=121)
	  ->  Sort  (cost=3909.33..3911.82 rows=996 width=121)
	        Sort Key: c
	        ->  Bitmap Heap Scan on sbtest1  (cost=30.64..3859.73 rows=996 width=121)
	              Recheck Cond: ((id >= 1765458) AND (id <= 1766457))
	              ->  Bitmap Index Scan on sbtest1_pkey  (cost=0.00..30.39 rows=996 width=0)
	                    Index Cond: ((id >= 1765458) AND (id <= 1766457))

table 2 : explain SELECT DISTINCT c FROM sbtest2 WHERE id BETWEEN 9460092 AND 9461091 ORDER BY c
	Unique  (cost=3867.24..3872.17 rows=985 width=121)
	  ->  Sort  (cost=3867.24..3869.70 rows=985 width=121)
	        Sort Key: c
	        ->  Bitmap Heap Scan on sbtest2  (cost=30.53..3818.27 rows=985 width=121)
	              Recheck Cond: ((id >= 9460092) AND (id <= 9461091))
	              ->  Bitmap Index Scan on sbtest2_pkey  (cost=0.00..30.29 rows=985 width=0)
	                    Index Cond: ((id >= 9460092) AND (id <= 9461091))

table 3 : explain SELECT DISTINCT c FROM sbtest3 WHERE id BETWEEN 3956447 AND 3957446 ORDER BY c
	Unique  (cost=3740.42..3745.18 rows=952 width=121)
	  ->  Sort  (cost=3740.42..3742.80 rows=952 width=121)
	        Sort Key: c
	        ->  Bitmap Heap Scan on sbtest3  (cost=30.19..3693.33 rows=952 width=121)
	              Recheck Cond: ((id >= 3956447) AND (id <= 3957446))
	              ->  Bitmap Index Scan on sbtest3_pkey  (cost=0.00..29.95 rows=952 width=0)
	                    Index Cond: ((id >= 3956447) AND (id <= 3957446))

table 4 : explain SELECT DISTINCT c FROM sbtest4 WHERE id BETWEEN 2591322 AND 2592321 ORDER BY c
	Unique  (cost=3702.54..3707.25 rows=942 width=121)
	  ->  Sort  (cost=3702.54..3704.89 rows=942 width=121)
	        Sort Key: c
	        ->  Bitmap Heap Scan on sbtest4  (cost=30.09..3656.00 rows=942 width=121)
	              Recheck Cond: ((id >= 2591322) AND (id <= 2592321))
	              ->  Bitmap Index Scan on sbtest4_pkey  (cost=0.00..29.86 rows=942 width=0)
	                    Index Cond: ((id >= 2591322) AND (id <= 2592321))

table 5 : explain SELECT DISTINCT c FROM sbtest5 WHERE id BETWEEN 8420994 AND 8421993 ORDER BY c
	Unique  (cost=3890.26..3895.21 rows=991 width=121)
	  ->  Sort  (cost=3890.26..3892.73 rows=991 width=121)
	        Sort Key: c
	        ->  Bitmap Heap Scan on sbtest5  (cost=30.59..3840.94 rows=991 width=121)
	              Recheck Cond: ((id >= 8420994) AND (id <= 8421993))
	              ->  Bitmap Index Scan on sbtest5_pkey  (cost=0.00..30.34 rows=991 width=0)
	                    Index Cond: ((id >= 8420994) AND (id <= 8421993))

table 6 : explain SELECT DISTINCT c FROM sbtest6 WHERE id BETWEEN 9072800 AND 9073799 ORDER BY c
	Unique  (cost=4165.72..4171.03 rows=1062 width=121)
	  ->  Sort  (cost=4165.72..4168.38 rows=1062 width=121)
	        Sort Key: c
	        ->  Bitmap Heap Scan on sbtest6  (cost=35.32..4112.35 rows=1062 width=121)
	              Recheck Cond: ((id >= 9072800) AND (id <= 9073799))
	              ->  Bitmap Index Scan on sbtest6_pkey  (cost=0.00..35.06 rows=1062 width=0)
	                    Index Cond: ((id >= 9072800) AND (id <= 9073799))

table 7 : explain SELECT DISTINCT c FROM sbtest7 WHERE id BETWEEN 7456470 AND 7457469 ORDER BY c
	Unique  (cost=4257.89..4263.32 rows=1086 width=121)
	  ->  Sort  (cost=4257.89..4260.61 rows=1086 width=121)
	        Sort Key: c
	        ->  Bitmap Heap Scan on sbtest7  (cost=35.57..4203.13 rows=1086 width=121)
	              Recheck Cond: ((id >= 7456470) AND (id <= 7457469))
	              ->  Bitmap Index Scan on sbtest7_pkey  (cost=0.00..35.30 rows=1086 width=0)
	                    Index Cond: ((id >= 7456470) AND (id <= 7457469))

table 8 : explain SELECT DISTINCT c FROM sbtest8 WHERE id BETWEEN 4975251 AND 4976250 ORDER BY c
	Unique  (cost=4081.94..4087.14 rows=1040 width=121)
	  ->  Sort  (cost=4081.94..4084.54 rows=1040 width=121)
	        Sort Key: c
	        ->  Bitmap Heap Scan on sbtest8  (cost=35.09..4029.82 rows=1040 width=121)
	              Recheck Cond: ((id >= 4975251) AND (id <= 4976250))
	              ->  Bitmap Index Scan on sbtest8_pkey  (cost=0.00..34.84 rows=1040 width=0)
	                    Index Cond: ((id >= 4975251) AND (id <= 4976250))

explain: for point_selects :: explain SELECT c FROM sbtest%u WHERE id=%u
for: distinct_ranges
table 1 : explain SELECT DISTINCT c FROM sbtest1 WHERE id BETWEEN 2091351 AND 2092350 ORDER BY c
	Unique  (cost=3920.83..3925.82 rows=999 width=121)
	  ->  Sort  (cost=3920.83..3923.33 rows=999 width=121)
	        Sort Key: c
	        ->  Bitmap Heap Scan on sbtest1  (cost=30.67..3871.06 rows=999 width=121)
	              Recheck Cond: ((id >= 2091351) AND (id <= 2092350))
	              ->  Bitmap Index Scan on sbtest1_pkey  (cost=0.00..30.43 rows=999 width=0)
	                    Index Cond: ((id >= 2091351) AND (id <= 2092350))

table 2 : explain SELECT DISTINCT c FROM sbtest2 WHERE id BETWEEN 5559494 AND 5560493 ORDER BY c
	Unique  (cost=3387.09..3391.39 rows=860 width=121)
	  ->  Sort  (cost=3387.09..3389.24 rows=860 width=121)
	        Sort Key: c
	        ->  Bitmap Heap Scan on sbtest2  (cost=29.25..3345.17 rows=860 width=121)
	              Recheck Cond: ((id >= 5559494) AND (id <= 5560493))
	              ->  Bitmap Index Scan on sbtest2_pkey  (cost=0.00..29.04 rows=860 width=0)
	                    Index Cond: ((id >= 5559494) AND (id <= 5560493))

table 3 : explain SELECT DISTINCT c FROM sbtest3 WHERE id BETWEEN 250155 AND 251154 ORDER BY c
	Unique  (cost=3851.65..3856.56 rows=981 width=121)
	  ->  Sort  (cost=3851.65..3854.11 rows=981 width=121)
	        Sort Key: c
	        ->  Bitmap Heap Scan on sbtest3  (cost=30.49..3802.91 rows=981 width=121)
	              Recheck Cond: ((id >= 250155) AND (id <= 251154))
	              ->  Bitmap Index Scan on sbtest3_pkey  (cost=0.00..30.25 rows=981 width=0)
	                    Index Cond: ((id >= 250155) AND (id <= 251154))

table 4 : explain SELECT DISTINCT c FROM sbtest4 WHERE id BETWEEN 6310818 AND 6311817 ORDER BY c
	Unique  (cost=4346.04..4351.58 rows=1109 width=121)
	  ->  Sort  (cost=4346.04..4348.81 rows=1109 width=121)
	        Sort Key: c
	        ->  Bitmap Heap Scan on sbtest4  (cost=35.80..4289.95 rows=1109 width=121)
	              Recheck Cond: ((id >= 6310818) AND (id <= 6311817))
	              ->  Bitmap Index Scan on sbtest4_pkey  (cost=0.00..35.53 rows=1109 width=0)
	                    Index Cond: ((id >= 6310818) AND (id <= 6311817))

table 5 : explain SELECT DISTINCT c FROM sbtest5 WHERE id BETWEEN 703422 AND 704421 ORDER BY c
	Unique  (cost=4296.07..4301.55 rows=1096 width=121)
	  ->  Sort  (cost=4296.07..4298.81 rows=1096 width=121)
	        Sort Key: c
	        ->  Bitmap Heap Scan on sbtest5  (cost=35.67..4240.73 rows=1096 width=121)
	              Recheck Cond: ((id >= 703422) AND (id <= 704421))
	              ->  Bitmap Index Scan on sbtest5_pkey  (cost=0.00..35.40 rows=1096 width=0)
	                    Index Cond: ((id >= 703422) AND (id <= 704421))

table 6 : explain SELECT DISTINCT c FROM sbtest6 WHERE id BETWEEN 4246305 AND 4247304 ORDER BY c
	Unique  (cost=3935.90..3940.91 rows=1003 width=121)
	  ->  Sort  (cost=3935.90..3938.41 rows=1003 width=121)
	        Sort Key: c
	        ->  Bitmap Heap Scan on sbtest6  (cost=30.72..3885.90 rows=1003 width=121)
	              Recheck Cond: ((id >= 4246305) AND (id <= 4247304))
	              ->  Bitmap Index Scan on sbtest6_pkey  (cost=0.00..30.46 rows=1003 width=0)
	                    Index Cond: ((id >= 4246305) AND (id <= 4247304))

table 7 : explain SELECT DISTINCT c FROM sbtest7 WHERE id BETWEEN 7013443 AND 7014442 ORDER BY c
	Unique  (cost=3993.73..3998.82 rows=1018 width=121)
	  ->  Sort  (cost=3993.73..3996.28 rows=1018 width=121)
	        Sort Key: c
	        ->  Bitmap Heap Scan on sbtest7  (cost=30.87..3942.88 rows=1018 width=121)
	              Recheck Cond: ((id >= 7013443) AND (id <= 7014442))
	              ->  Bitmap Index Scan on sbtest7_pkey  (cost=0.00..30.61 rows=1018 width=0)
	                    Index Cond: ((id >= 7013443) AND (id <= 7014442))

table 8 : explain SELECT DISTINCT c FROM sbtest8 WHERE id BETWEEN 121558 AND 122557 ORDER BY c
	Unique  (cost=4269.34..4274.78 rows=1089 width=121)
	  ->  Sort  (cost=4269.34..4272.06 rows=1089 width=121)
	        Sort Key: c
	        ->  Bitmap Heap Scan on sbtest8  (cost=35.60..4214.40 rows=1089 width=121)
	              Recheck Cond: ((id >= 121558) AND (id <= 122557))
	              ->  Bitmap Index Scan on sbtest8_pkey  (cost=0.00..35.33 rows=1089 width=0)
	                    Index Cond: ((id >= 121558) AND (id <= 122557))

for: simple_ranges
table 1 : explain SELECT c FROM sbtest1 WHERE id BETWEEN 503648 AND 504647
	Bitmap Heap Scan on sbtest1  (cost=29.70..3511.87 rows=904 width=121)
	  Recheck Cond: ((id >= 503648) AND (id <= 504647))
	  ->  Bitmap Index Scan on sbtest1_pkey  (cost=0.00..29.47 rows=904 width=0)
	        Index Cond: ((id >= 503648) AND (id <= 504647))

table 2 : explain SELECT c FROM sbtest2 WHERE id BETWEEN 645329 AND 646328
	Bitmap Heap Scan on sbtest2  (cost=35.47..4169.20 rows=1077 width=121)
	  Recheck Cond: ((id >= 645329) AND (id <= 646328))
	  ->  Bitmap Index Scan on sbtest2_pkey  (cost=0.00..35.20 rows=1077 width=0)
	        Index Cond: ((id >= 645329) AND (id <= 646328))

table 3 : explain SELECT c FROM sbtest3 WHERE id BETWEEN 4696294 AND 4697293
	Bitmap Heap Scan on sbtest3  (cost=35.38..4135.02 rows=1068 width=121)
	  Recheck Cond: ((id >= 4696294) AND (id <= 4697293))
	  ->  Bitmap Index Scan on sbtest3_pkey  (cost=0.00..35.12 rows=1068 width=0)
	        Index Cond: ((id >= 4696294) AND (id <= 4697293))

table 4 : explain SELECT c FROM sbtest4 WHERE id BETWEEN 4044573 AND 4045572
	Bitmap Heap Scan on sbtest4  (cost=35.60..4214.69 rows=1089 width=121)
	  Recheck Cond: ((id >= 4044573) AND (id <= 4045572))
	  ->  Bitmap Index Scan on sbtest4_pkey  (cost=0.00..35.33 rows=1089 width=0)
	        Index Cond: ((id >= 4044573) AND (id <= 4045572))

table 5 : explain SELECT c FROM sbtest5 WHERE id BETWEEN 9472469 AND 9473468
	Bitmap Heap Scan on sbtest5  (cost=30.42..3776.73 rows=974 width=121)
	  Recheck Cond: ((id >= 9472469) AND (id <= 9473468))
	  ->  Bitmap Index Scan on sbtest5_pkey  (cost=0.00..30.18 rows=974 width=0)
	        Index Cond: ((id >= 9472469) AND (id <= 9473468))

table 6 : explain SELECT c FROM sbtest6 WHERE id BETWEEN 4167847 AND 4168846
	Bitmap Heap Scan on sbtest6  (cost=30.04..3636.54 rows=937 width=121)
	  Recheck Cond: ((id >= 4167847) AND (id <= 4168846))
	  ->  Bitmap Index Scan on sbtest6_pkey  (cost=0.00..29.80 rows=937 width=0)
	        Index Cond: ((id >= 4167847) AND (id <= 4168846))

table 7 : explain SELECT c FROM sbtest7 WHERE id BETWEEN 3323665 AND 3324664
	Bitmap Heap Scan on sbtest7  (cost=30.89..3950.42 rows=1020 width=121)
	  Recheck Cond: ((id >= 3323665) AND (id <= 3324664))
	  ->  Bitmap Index Scan on sbtest7_pkey  (cost=0.00..30.64 rows=1020 width=0)
	        Index Cond: ((id >= 3323665) AND (id <= 3324664))

table 8 : explain SELECT c FROM sbtest8 WHERE id BETWEEN 7863914 AND 7864913
	Bitmap Heap Scan on sbtest8  (cost=35.66..4236.98 rows=1095 width=121)
	  Recheck Cond: ((id >= 7863914) AND (id <= 7864913))
	  ->  Bitmap Index Scan on sbtest8_pkey  (cost=0.00..35.39 rows=1095 width=0)
	        Index Cond: ((id >= 7863914) AND (id <= 7864913))

for: simple_ranges
table 1 : explain SELECT c FROM sbtest1 WHERE id BETWEEN 295373 AND 296372
	Bitmap Heap Scan on sbtest1  (cost=35.46..4165.35 rows=1076 width=121)
	  Recheck Cond: ((id >= 295373) AND (id <= 296372))
	  ->  Bitmap Index Scan on sbtest1_pkey  (cost=0.00..35.20 rows=1076 width=0)
	        Index Cond: ((id >= 295373) AND (id <= 296372))

table 2 : explain SELECT c FROM sbtest2 WHERE id BETWEEN 1209097 AND 1210096
	Bitmap Heap Scan on sbtest2  (cost=35.65..4233.19 rows=1094 width=121)
	  Recheck Cond: ((id >= 1209097) AND (id <= 1210096))
	  ->  Bitmap Index Scan on sbtest2_pkey  (cost=0.00..35.38 rows=1094 width=0)
	        Index Cond: ((id >= 1209097) AND (id <= 1210096))

table 3 : explain SELECT c FROM sbtest3 WHERE id BETWEEN 136583 AND 137582
	Bitmap Heap Scan on sbtest3  (cost=30.15..3678.20 rows=948 width=121)
	  Recheck Cond: ((id >= 136583) AND (id <= 137582))
	  ->  Bitmap Index Scan on sbtest3_pkey  (cost=0.00..29.91 rows=948 width=0)
	        Index Cond: ((id >= 136583) AND (id <= 137582))

table 4 : explain SELECT c FROM sbtest4 WHERE id BETWEEN 951083 AND 952082
	Bitmap Heap Scan on sbtest4  (cost=30.36..3754.31 rows=968 width=121)
	  Recheck Cond: ((id >= 951083) AND (id <= 952082))
	  ->  Bitmap Index Scan on sbtest4_pkey  (cost=0.00..30.11 rows=968 width=0)
	        Index Cond: ((id >= 951083) AND (id <= 952082))

table 5 : explain SELECT c FROM sbtest5 WHERE id BETWEEN 7899234 AND 7900233
	Bitmap Heap Scan on sbtest5  (cost=30.85..3935.30 rows=1016 width=121)
	  Recheck Cond: ((id >= 7899234) AND (id <= 7900233))
	  ->  Bitmap Index Scan on sbtest5_pkey  (cost=0.00..30.59 rows=1016 width=0)
	        Index Cond: ((id >= 7899234) AND (id <= 7900233))

table 6 : explain SELECT c FROM sbtest6 WHERE id BETWEEN 9980200 AND 9981199
	Bitmap Heap Scan on sbtest6  (cost=30.43..3780.18 rows=975 width=121)
	  Recheck Cond: ((id >= 9980200) AND (id <= 9981199))
	  ->  Bitmap Index Scan on sbtest6_pkey  (cost=0.00..30.18 rows=975 width=0)
	        Index Cond: ((id >= 9980200) AND (id <= 9981199))

table 7 : explain SELECT c FROM sbtest7 WHERE id BETWEEN 647782 AND 648781
	Bitmap Heap Scan on sbtest7  (cost=35.77..4278.40 rows=1106 width=121)
	  Recheck Cond: ((id >= 647782) AND (id <= 648781))
	  ->  Bitmap Index Scan on sbtest7_pkey  (cost=0.00..35.50 rows=1106 width=0)
	        Index Cond: ((id >= 647782) AND (id <= 648781))

table 8 : explain SELECT c FROM sbtest8 WHERE id BETWEEN 6108261 AND 6109260
	Bitmap Heap Scan on sbtest8  (cost=30.38..3761.63 rows=970 width=121)
	  Recheck Cond: ((id >= 6108261) AND (id <= 6109260))
	  ->  Bitmap Index Scan on sbtest8_pkey  (cost=0.00..30.14 rows=970 width=0)
	        Index Cond: ((id >= 6108261) AND (id <= 6109260))

for: distinct_ranges
table 1 : explain SELECT DISTINCT c FROM sbtest1 WHERE id BETWEEN 576134 AND 577133 ORDER BY c
	Unique  (cost=3556.26..3560.78 rows=904 width=121)
	  ->  Sort  (cost=3556.26..3558.52 rows=904 width=121)
	        Sort Key: c
	        ->  Bitmap Heap Scan on sbtest1  (cost=29.70..3511.87 rows=904 width=121)
	              Recheck Cond: ((id >= 576134) AND (id <= 577133))
	              ->  Bitmap Index Scan on sbtest1_pkey  (cost=0.00..29.47 rows=904 width=0)
	                    Index Cond: ((id >= 576134) AND (id <= 577133))

table 2 : explain SELECT DISTINCT c FROM sbtest2 WHERE id BETWEEN 7066788 AND 7067787 ORDER BY c
	Unique  (cost=4089.57..4094.78 rows=1042 width=121)
	  ->  Sort  (cost=4089.57..4092.17 rows=1042 width=121)
	        Sort Key: c
	        ->  Bitmap Heap Scan on sbtest2  (cost=35.12..4037.34 rows=1042 width=121)
	              Recheck Cond: ((id >= 7066788) AND (id <= 7067787))
	              ->  Bitmap Index Scan on sbtest2_pkey  (cost=0.00..34.86 rows=1042 width=0)
	                    Index Cond: ((id >= 7066788) AND (id <= 7067787))

table 3 : explain SELECT DISTINCT c FROM sbtest3 WHERE id BETWEEN 1405363 AND 1406362 ORDER BY c
	Unique  (cost=3521.50..3525.98 rows=895 width=121)
	  ->  Sort  (cost=3521.50..3523.74 rows=895 width=121)
	        Sort Key: c
	        ->  Bitmap Heap Scan on sbtest3  (cost=29.61..3477.62 rows=895 width=121)
	              Recheck Cond: ((id >= 1405363) AND (id <= 1406362))
	              ->  Bitmap Index Scan on sbtest3_pkey  (cost=0.00..29.39 rows=895 width=0)
	                    Index Cond: ((id >= 1405363) AND (id <= 1406362))

table 4 : explain SELECT DISTINCT c FROM sbtest4 WHERE id BETWEEN 7227300 AND 7228299 ORDER BY c
	Unique  (cost=3691.02..3695.71 rows=939 width=121)
	  ->  Sort  (cost=3691.02..3693.36 rows=939 width=121)
	        Sort Key: c
	        ->  Bitmap Heap Scan on sbtest4  (cost=30.06..3644.65 rows=939 width=121)
	              Recheck Cond: ((id >= 7227300) AND (id <= 7228299))
	              ->  Bitmap Index Scan on sbtest4_pkey  (cost=0.00..29.82 rows=939 width=0)
	                    Index Cond: ((id >= 7227300) AND (id <= 7228299))

table 5 : explain SELECT DISTINCT c FROM sbtest5 WHERE id BETWEEN 8451997 AND 8452996 ORDER BY c
	Unique  (cost=3890.26..3895.21 rows=991 width=121)
	  ->  Sort  (cost=3890.26..3892.73 rows=991 width=121)
	        Sort Key: c
	        ->  Bitmap Heap Scan on sbtest5  (cost=30.59..3840.94 rows=991 width=121)
	              Recheck Cond: ((id >= 8451997) AND (id <= 8452996))
	              ->  Bitmap Index Scan on sbtest5_pkey  (cost=0.00..30.34 rows=991 width=0)
	                    Index Cond: ((id >= 8451997) AND (id <= 8452996))

table 6 : explain SELECT DISTINCT c FROM sbtest6 WHERE id BETWEEN 920108 AND 921107 ORDER BY c
	Unique  (cost=4035.64..4040.78 rows=1028 width=121)
	  ->  Sort  (cost=4035.64..4038.21 rows=1028 width=121)
	        Sort Key: c
	        ->  Bitmap Heap Scan on sbtest6  (cost=34.97..3984.21 rows=1028 width=121)
	              Recheck Cond: ((id >= 920108) AND (id <= 921107))
	              ->  Bitmap Index Scan on sbtest6_pkey  (cost=0.00..34.72 rows=1028 width=0)
	                    Index Cond: ((id >= 920108) AND (id <= 921107))

table 7 : explain SELECT DISTINCT c FROM sbtest7 WHERE id BETWEEN 1946058 AND 1947057 ORDER BY c
	Unique  (cost=4120.23..4125.48 rows=1050 width=121)
	  ->  Sort  (cost=4120.23..4122.85 rows=1050 width=121)
	        Sort Key: c
	        ->  Bitmap Heap Scan on sbtest7  (cost=35.20..4067.54 rows=1050 width=121)
	              Recheck Cond: ((id >= 1946058) AND (id <= 1947057))
	              ->  Bitmap Index Scan on sbtest7_pkey  (cost=0.00..34.94 rows=1050 width=0)
	                    Index Cond: ((id >= 1946058) AND (id <= 1947057))

table 8 : explain SELECT DISTINCT c FROM sbtest8 WHERE id BETWEEN 3852161 AND 3853160 ORDER BY c
	Unique  (cost=4154.64..4159.93 rows=1059 width=121)
	  ->  Sort  (cost=4154.64..4157.28 rows=1059 width=121)
	        Sort Key: c
	        ->  Bitmap Heap Scan on sbtest8  (cost=35.29..4101.43 rows=1059 width=121)
	              Recheck Cond: ((id >= 3852161) AND (id <= 3853160))
	              ->  Bitmap Index Scan on sbtest8_pkey  (cost=0.00..35.03 rows=1059 width=0)
	                    Index Cond: ((id >= 3852161) AND (id <= 3853160))

for: order_ranges
table 1 : explain SELECT c FROM sbtest1 WHERE id BETWEEN 4335373 AND 4336372 ORDER BY c
	Sort  (cost=3936.16..3938.66 rows=1003 width=121)
	  Sort Key: c
	  ->  Bitmap Heap Scan on sbtest1  (cost=30.72..3886.16 rows=1003 width=121)
	        Recheck Cond: ((id >= 4335373) AND (id <= 4336372))
	        ->  Bitmap Index Scan on sbtest1_pkey  (cost=0.00..30.46 rows=1003 width=0)
	              Index Cond: ((id >= 4335373) AND (id <= 4336372))

table 2 : explain SELECT c FROM sbtest2 WHERE id BETWEEN 8210667 AND 8211666 ORDER BY c
	Sort  (cost=3798.22..3800.63 rows=967 width=121)
	  Sort Key: c
	  ->  Bitmap Heap Scan on sbtest2  (cost=30.35..3750.26 rows=967 width=121)
	        Recheck Cond: ((id >= 8210667) AND (id <= 8211666))
	        ->  Bitmap Index Scan on sbtest2_pkey  (cost=0.00..30.11 rows=967 width=0)
	              Index Cond: ((id >= 8210667) AND (id <= 8211666))

table 3 : explain SELECT c FROM sbtest3 WHERE id BETWEEN 4940441 AND 4941440 ORDER BY c
	Sort  (cost=4158.15..4160.80 rows=1060 width=121)
	  Sort Key: c
	  ->  Bitmap Heap Scan on sbtest3  (cost=35.30..4104.89 rows=1060 width=121)
	        Recheck Cond: ((id >= 4940441) AND (id <= 4941440))
	        ->  Bitmap Index Scan on sbtest3_pkey  (cost=0.00..35.04 rows=1060 width=0)
	              Index Cond: ((id >= 4940441) AND (id <= 4941440))

table 4 : explain SELECT c FROM sbtest4 WHERE id BETWEEN 5031687 AND 5032686 ORDER BY c
	Sort  (cost=3813.82..3816.25 rows=971 width=121)
	  Sort Key: c
	  ->  Bitmap Heap Scan on sbtest4  (cost=30.39..3765.64 rows=971 width=121)
	        Recheck Cond: ((id >= 5031687) AND (id <= 5032686))
	        ->  Bitmap Index Scan on sbtest4_pkey  (cost=0.00..30.14 rows=971 width=0)
	              Index Cond: ((id >= 5031687) AND (id <= 5032686))

table 5 : explain SELECT c FROM sbtest5 WHERE id BETWEEN 1664441 AND 1665440 ORDER BY c
	Sort  (cost=3871.09..3873.55 rows=986 width=121)
	  Sort Key: c
	  ->  Bitmap Heap Scan on sbtest5  (cost=30.54..3822.06 rows=986 width=121)
	        Recheck Cond: ((id >= 1664441) AND (id <= 1665440))
	        ->  Bitmap Index Scan on sbtest5_pkey  (cost=0.00..30.29 rows=986 width=0)
	              Index Cond: ((id >= 1664441) AND (id <= 1665440))

table 6 : explain SELECT c FROM sbtest6 WHERE id BETWEEN 4911565 AND 4912564 ORDER BY c
	Sort  (cost=3836.25..3838.69 rows=977 width=121)
	  Sort Key: c
	  ->  Bitmap Heap Scan on sbtest6  (cost=30.45..3787.73 rows=977 width=121)
	        Recheck Cond: ((id >= 4911565) AND (id <= 4912564))
	        ->  Bitmap Index Scan on sbtest6_pkey  (cost=0.00..30.20 rows=977 width=0)
	              Index Cond: ((id >= 4911565) AND (id <= 4912564))

table 7 : explain SELECT c FROM sbtest7 WHERE id BETWEEN 3284171 AND 3285170 ORDER BY c
	Sort  (cost=4001.39..4003.94 rows=1020 width=121)
	  Sort Key: c
	  ->  Bitmap Heap Scan on sbtest7  (cost=30.89..3950.42 rows=1020 width=121)
	        Recheck Cond: ((id >= 3284171) AND (id <= 3285170))
	        ->  Bitmap Index Scan on sbtest7_pkey  (cost=0.00..30.64 rows=1020 width=0)
	              Index Cond: ((id >= 3284171) AND (id <= 3285170))

table 8 : explain SELECT c FROM sbtest8 WHERE id BETWEEN 6169323 AND 6170322 ORDER BY c
	Sort  (cost=4055.15..4057.73 rows=1033 width=121)
	  Sort Key: c
	  ->  Bitmap Heap Scan on sbtest8  (cost=35.02..4003.43 rows=1033 width=121)
	        Recheck Cond: ((id >= 6169323) AND (id <= 6170322))
	        ->  Bitmap Index Scan on sbtest8_pkey  (cost=0.00..34.77 rows=1033 width=0)
	              Index Cond: ((id >= 6169323) AND (id <= 6170322))

for: sum_ranges
table 1 : explain SELECT SUM(k) FROM sbtest1 WHERE id BETWEEN 9300196 AND 9301195
	Aggregate  (cost=3926.43..3926.44 rows=1 width=8)
	  ->  Bitmap Heap Scan on sbtest1  (cost=30.82..3923.89 rows=1013 width=4)
	        Recheck Cond: ((id >= 9300196) AND (id <= 9301195))
	        ->  Bitmap Index Scan on sbtest1_pkey  (cost=0.00..30.57 rows=1013 width=0)
	              Index Cond: ((id >= 9300196) AND (id <= 9301195))

table 2 : explain SELECT SUM(k) FROM sbtest2 WHERE id BETWEEN 619990 AND 620989
	Aggregate  (cost=4171.89..4171.90 rows=1 width=8)
	  ->  Bitmap Heap Scan on sbtest2  (cost=35.47..4169.20 rows=1077 width=4)
	        Recheck Cond: ((id >= 619990) AND (id <= 620989))
	        ->  Bitmap Index Scan on sbtest2_pkey  (cost=0.00..35.20 rows=1077 width=0)
	              Index Cond: ((id >= 619990) AND (id <= 620989))

table 3 : explain SELECT SUM(k) FROM sbtest3 WHERE id BETWEEN 9801567 AND 9802566
	Aggregate  (cost=4371.11..4371.12 rows=1 width=8)
	  ->  Bitmap Heap Scan on sbtest3  (cost=36.02..4368.28 rows=1130 width=4)
	        Recheck Cond: ((id >= 9801567) AND (id <= 9802566))
	        ->  Bitmap Index Scan on sbtest3_pkey  (cost=0.00..35.73 rows=1130 width=0)
	              Index Cond: ((id >= 9801567) AND (id <= 9802566))

table 4 : explain SELECT SUM(k) FROM sbtest4 WHERE id BETWEEN 1752089 AND 1753088
	Aggregate  (cost=4085.50..4085.51 rows=1 width=8)
	  ->  Bitmap Heap Scan on sbtest4  (cost=35.24..4082.86 rows=1054 width=4)
	        Recheck Cond: ((id >= 1752089) AND (id <= 1753088))
	        ->  Bitmap Index Scan on sbtest4_pkey  (cost=0.00..34.98 rows=1054 width=0)
	              Index Cond: ((id >= 1752089) AND (id <= 1753088))

table 5 : explain SELECT SUM(k) FROM sbtest5 WHERE id BETWEEN 2819051 AND 2820050
	Aggregate  (cost=3722.44..3722.45 rows=1 width=8)
	  ->  Bitmap Heap Scan on sbtest5  (cost=30.26..3720.04 rows=959 width=4)
	        Recheck Cond: ((id >= 2819051) AND (id <= 2820050))
	        ->  Bitmap Index Scan on sbtest5_pkey  (cost=0.00..30.02 rows=959 width=0)
	              Index Cond: ((id >= 2819051) AND (id <= 2820050))

table 6 : explain SELECT SUM(k) FROM sbtest6 WHERE id BETWEEN 3431782 AND 3432781
	Aggregate  (cost=3385.00..3385.01 rows=1 width=8)
	  ->  Bitmap Heap Scan on sbtest6  (cost=29.35..3382.83 rows=870 width=4)
	        Recheck Cond: ((id >= 3431782) AND (id <= 3432781))
	        ->  Bitmap Index Scan on sbtest6_pkey  (cost=0.00..29.14 rows=870 width=0)
	              Index Cond: ((id >= 3431782) AND (id <= 3432781))

table 7 : explain SELECT SUM(k) FROM sbtest7 WHERE id BETWEEN 8073879 AND 8074878
	Aggregate  (cost=3918.99..3919.00 rows=1 width=8)
	  ->  Bitmap Heap Scan on sbtest7  (cost=30.80..3916.47 rows=1011 width=4)
	        Recheck Cond: ((id >= 8073879) AND (id <= 8074878))
	        ->  Bitmap Index Scan on sbtest7_pkey  (cost=0.00..30.54 rows=1011 width=0)
	              Index Cond: ((id >= 8073879) AND (id <= 8074878))

table 8 : explain SELECT SUM(k) FROM sbtest8 WHERE id BETWEEN 825430 AND 826429
	Aggregate  (cost=4002.24..4002.25 rows=1 width=8)
	  ->  Bitmap Heap Scan on sbtest8  (cost=35.01..3999.66 rows=1032 width=4)
	        Recheck Cond: ((id >= 825430) AND (id <= 826429))
	        ->  Bitmap Index Scan on sbtest8_pkey  (cost=0.00..34.76 rows=1032 width=0)
	              Index Cond: ((id >= 825430) AND (id <= 826429))

for: sum_ranges
table 1 : explain SELECT SUM(k) FROM sbtest1 WHERE id BETWEEN 8476968 AND 8477967
	Aggregate  (cost=3937.75..3937.76 rows=1 width=8)
	  ->  Bitmap Heap Scan on sbtest1  (cost=30.85..3935.21 rows=1016 width=4)
	        Recheck Cond: ((id >= 8476968) AND (id <= 8477967))
	        ->  Bitmap Index Scan on sbtest1_pkey  (cost=0.00..30.59 rows=1016 width=0)
	              Index Cond: ((id >= 8476968) AND (id <= 8477967))

table 2 : explain SELECT SUM(k) FROM sbtest2 WHERE id BETWEEN 6758024 AND 6759023
	Aggregate  (cost=3529.35..3529.36 rows=1 width=8)
	  ->  Bitmap Heap Scan on sbtest2  (cost=29.74..3527.08 rows=908 width=4)
	        Recheck Cond: ((id >= 6758024) AND (id <= 6759023))
	        ->  Bitmap Index Scan on sbtest2_pkey  (cost=0.00..29.51 rows=908 width=0)
	              Index Cond: ((id >= 6758024) AND (id <= 6759023))

table 3 : explain SELECT SUM(k) FROM sbtest3 WHERE id BETWEEN 5775229 AND 5776228
	Aggregate  (cost=3771.34..3771.35 rows=1 width=8)
	  ->  Bitmap Heap Scan on sbtest3  (cost=30.40..3768.91 rows=972 width=4)
	        Recheck Cond: ((id >= 5775229) AND (id <= 5776228))
	        ->  Bitmap Index Scan on sbtest3_pkey  (cost=0.00..30.15 rows=972 width=0)
	              Index Cond: ((id >= 5775229) AND (id <= 5776228))

table 4 : explain SELECT SUM(k) FROM sbtest4 WHERE id BETWEEN 5847465 AND 5848464
	Aggregate  (cost=3855.01..3855.02 rows=1 width=8)
	  ->  Bitmap Heap Scan on sbtest4  (cost=30.62..3852.53 rows=994 width=4)
	        Recheck Cond: ((id >= 5847465) AND (id <= 5848464))
	        ->  Bitmap Index Scan on sbtest4_pkey  (cost=0.00..30.37 rows=994 width=0)
	              Index Cond: ((id >= 5847465) AND (id <= 5848464))

table 5 : explain SELECT SUM(k) FROM sbtest5 WHERE id BETWEEN 4408504 AND 4409503
	Aggregate  (cost=3673.26..3673.27 rows=1 width=8)
	  ->  Bitmap Heap Scan on sbtest5  (cost=30.13..3670.89 rows=946 width=4)
	        Recheck Cond: ((id >= 4408504) AND (id <= 4409503))
	        ->  Bitmap Index Scan on sbtest5_pkey  (cost=0.00..29.89 rows=946 width=0)
	              Index Cond: ((id >= 4408504) AND (id <= 4409503))

table 6 : explain SELECT SUM(k) FROM sbtest6 WHERE id BETWEEN 9928591 AND 9929590
	Aggregate  (cost=3782.62..3782.63 rows=1 width=8)
	  ->  Bitmap Heap Scan on sbtest6  (cost=30.43..3780.18 rows=975 width=4)
	        Recheck Cond: ((id >= 9928591) AND (id <= 9929590))
	        ->  Bitmap Index Scan on sbtest6_pkey  (cost=0.00..30.18 rows=975 width=0)
	              Index Cond: ((id >= 9928591) AND (id <= 9929590))

table 7 : explain SELECT SUM(k) FROM sbtest7 WHERE id BETWEEN 8758789 AND 8759788
	Aggregate  (cost=3650.58..3650.59 rows=1 width=8)
	  ->  Bitmap Heap Scan on sbtest7  (cost=30.07..3648.23 rows=940 width=4)
	        Recheck Cond: ((id >= 8758789) AND (id <= 8759788))
	        ->  Bitmap Index Scan on sbtest7_pkey  (cost=0.00..29.83 rows=940 width=0)
	              Index Cond: ((id >= 8758789) AND (id <= 8759788))

table 8 : explain SELECT SUM(k) FROM sbtest8 WHERE id BETWEEN 8977154 AND 8978153
	Aggregate  (cost=4122.93..4122.94 rows=1 width=8)
	  ->  Bitmap Heap Scan on sbtest8  (cost=35.34..4120.27 rows=1064 width=4)
	        Recheck Cond: ((id >= 8977154) AND (id <= 8978153))
	        ->  Bitmap Index Scan on sbtest8_pkey  (cost=0.00..35.08 rows=1064 width=0)
	              Index Cond: ((id >= 8977154) AND (id <= 8978153))

for: order_ranges
table 1 : explain SELECT c FROM sbtest1 WHERE id BETWEEN 1329730 AND 1330729 ORDER BY c
	Sort  (cost=3813.49..3815.92 rows=971 width=121)
	  Sort Key: c
	  ->  Bitmap Heap Scan on sbtest1  (cost=30.39..3765.31 rows=971 width=121)
	        Recheck Cond: ((id >= 1329730) AND (id <= 1330729))
	        ->  Bitmap Index Scan on sbtest1_pkey  (cost=0.00..30.14 rows=971 width=0)
	              Index Cond: ((id >= 1329730) AND (id <= 1330729))

table 2 : explain SELECT c FROM sbtest2 WHERE id BETWEEN 577131 AND 578130 ORDER BY c
	Sort  (cost=3871.07..3873.54 rows=986 width=121)
	  Sort Key: c
	  ->  Bitmap Heap Scan on sbtest2  (cost=30.54..3822.04 rows=986 width=121)
	        Recheck Cond: ((id >= 577131) AND (id <= 578130))
	        ->  Bitmap Index Scan on sbtest2_pkey  (cost=0.00..30.29 rows=986 width=0)
	              Index Cond: ((id >= 577131) AND (id <= 578130))

table 3 : explain SELECT c FROM sbtest3 WHERE id BETWEEN 1935662 AND 1936661 ORDER BY c
	Sort  (cost=3897.65..3900.13 rows=993 width=121)
	  Sort Key: c
	  ->  Bitmap Heap Scan on sbtest3  (cost=30.61..3848.22 rows=993 width=121)
	        Recheck Cond: ((id >= 1935662) AND (id <= 1936661))
	        ->  Bitmap Index Scan on sbtest3_pkey  (cost=0.00..30.36 rows=993 width=0)
	              Index Cond: ((id >= 1935662) AND (id <= 1936661))

table 4 : explain SELECT c FROM sbtest4 WHERE id BETWEEN 4265381 AND 4266380 ORDER BY c
	Sort  (cost=4261.98..4264.69 rows=1087 width=121)
	  Sort Key: c
	  ->  Bitmap Heap Scan on sbtest4  (cost=35.58..4207.16 rows=1087 width=121)
	        Recheck Cond: ((id >= 4265381) AND (id <= 4266380))
	        ->  Bitmap Index Scan on sbtest4_pkey  (cost=0.00..35.31 rows=1087 width=0)
	              Index Cond: ((id >= 4265381) AND (id <= 4266380))

table 5 : explain SELECT c FROM sbtest5 WHERE id BETWEEN 6514637 AND 6515636 ORDER BY c
	Sort  (cost=4005.19..4007.74 rows=1021 width=121)
	  Sort Key: c
	  ->  Bitmap Heap Scan on sbtest5  (cost=30.90..3954.16 rows=1021 width=121)
	        Recheck Cond: ((id >= 6514637) AND (id <= 6515636))
	        ->  Bitmap Index Scan on sbtest5_pkey  (cost=0.00..30.64 rows=1021 width=0)
	              Index Cond: ((id >= 6514637) AND (id <= 6515636))

table 6 : explain SELECT c FROM sbtest6 WHERE id BETWEEN 9156623 AND 9157622 ORDER BY c
	Sort  (cost=4230.72..4233.42 rows=1079 width=121)
	  Sort Key: c
	  ->  Bitmap Heap Scan on sbtest6  (cost=35.49..4176.36 rows=1079 width=121)
	        Recheck Cond: ((id >= 9156623) AND (id <= 9157622))
	        ->  Bitmap Index Scan on sbtest6_pkey  (cost=0.00..35.23 rows=1079 width=0)
	              Index Cond: ((id >= 9156623) AND (id <= 9157622))

table 7 : explain SELECT c FROM sbtest7 WHERE id BETWEEN 3545797 AND 3546796 ORDER BY c
	Sort  (cost=3970.75..3973.28 rows=1012 width=121)
	  Sort Key: c
	  ->  Bitmap Heap Scan on sbtest7  (cost=30.81..3920.24 rows=1012 width=121)
	        Recheck Cond: ((id >= 3545797) AND (id <= 3546796))
	        ->  Bitmap Index Scan on sbtest7_pkey  (cost=0.00..30.55 rows=1012 width=0)
	              Index Cond: ((id >= 3545797) AND (id <= 3546796))

table 8 : explain SELECT c FROM sbtest8 WHERE id BETWEEN 9560545 AND 9561544 ORDER BY c
	Sort  (cost=4158.46..4161.11 rows=1060 width=121)
	  Sort Key: c
	  ->  Bitmap Heap Scan on sbtest8  (cost=35.30..4105.20 rows=1060 width=121)
	        Recheck Cond: ((id >= 9560545) AND (id <= 9561544))
	        ->  Bitmap Index Scan on sbtest8_pkey  (cost=0.00..35.04 rows=1060 width=0)
	              Index Cond: ((id >= 9560545) AND (id <= 9561544))

for: sum_ranges
table 1 : explain SELECT SUM(k) FROM sbtest1 WHERE id BETWEEN 797912 AND 798911
	Aggregate  (cost=3578.53..3578.54 rows=1 width=8)
	  ->  Bitmap Heap Scan on sbtest1  (cost=29.88..3576.23 rows=921 width=4)
	        Recheck Cond: ((id >= 797912) AND (id <= 798911))
	        ->  Bitmap Index Scan on sbtest1_pkey  (cost=0.00..29.64 rows=921 width=0)
	              Index Cond: ((id >= 797912) AND (id <= 798911))

table 2 : explain SELECT SUM(k) FROM sbtest2 WHERE id BETWEEN 2295363 AND 2296362
	Aggregate  (cost=3847.18..3847.19 rows=1 width=8)
	  ->  Bitmap Heap Scan on sbtest2  (cost=30.60..3844.70 rows=992 width=4)
	        Recheck Cond: ((id >= 2295363) AND (id <= 2296362))
	        ->  Bitmap Index Scan on sbtest2_pkey  (cost=0.00..30.36 rows=992 width=0)
	              Index Cond: ((id >= 2295363) AND (id <= 2296362))

table 3 : explain SELECT SUM(k) FROM sbtest3 WHERE id BETWEEN 7349057 AND 7350056
	Aggregate  (cost=4058.52..4058.53 rows=1 width=8)
	  ->  Bitmap Heap Scan on sbtest3  (cost=35.17..4055.91 rows=1047 width=4)
	        Recheck Cond: ((id >= 7349057) AND (id <= 7350056))
	        ->  Bitmap Index Scan on sbtest3_pkey  (cost=0.00..34.91 rows=1047 width=0)
	              Index Cond: ((id >= 7349057) AND (id <= 7350056))

table 4 : explain SELECT SUM(k) FROM sbtest4 WHERE id BETWEEN 1757837 AND 1758836
	Aggregate  (cost=4085.50..4085.51 rows=1 width=8)
	  ->  Bitmap Heap Scan on sbtest4  (cost=35.24..4082.86 rows=1054 width=4)
	        Recheck Cond: ((id >= 1757837) AND (id <= 1758836))
	        ->  Bitmap Index Scan on sbtest4_pkey  (cost=0.00..34.98 rows=1054 width=0)
	              Index Cond: ((id >= 1757837) AND (id <= 1758836))

table 5 : explain SELECT SUM(k) FROM sbtest5 WHERE id BETWEEN 6506497 AND 6507496
	Aggregate  (cost=4183.21..4183.22 rows=1 width=8)
	  ->  Bitmap Heap Scan on sbtest5  (cost=35.51..4180.51 rows=1080 width=4)
	        Recheck Cond: ((id >= 6506497) AND (id <= 6507496))
	        ->  Bitmap Index Scan on sbtest5_pkey  (cost=0.00..35.23 rows=1080 width=0)
	              Index Cond: ((id >= 6506497) AND (id <= 6507496))

table 6 : explain SELECT SUM(k) FROM sbtest6 WHERE id BETWEEN 6040013 AND 6041012
	Aggregate  (cost=3589.67..3589.68 rows=1 width=8)
	  ->  Bitmap Heap Scan on sbtest6  (cost=29.91..3587.36 rows=924 width=4)
	        Recheck Cond: ((id >= 6040013) AND (id <= 6041012))
	        ->  Bitmap Index Scan on sbtest6_pkey  (cost=0.00..29.68 rows=924 width=0)
	              Index Cond: ((id >= 6040013) AND (id <= 6041012))

table 7 : explain SELECT SUM(k) FROM sbtest7 WHERE id BETWEEN 2322432 AND 2323431
	Aggregate  (cost=3881.23..3881.24 rows=1 width=8)
	  ->  Bitmap Heap Scan on sbtest7  (cost=30.70..3878.72 rows=1001 width=4)
	        Recheck Cond: ((id >= 2322432) AND (id <= 2323431))
	        ->  Bitmap Index Scan on sbtest7_pkey  (cost=0.00..30.44 rows=1001 width=0)
	              Index Cond: ((id >= 2322432) AND (id <= 2323431))

table 8 : explain SELECT SUM(k) FROM sbtest8 WHERE id BETWEEN 1504907 AND 1505906
	Aggregate  (cost=4058.83..4058.84 rows=1 width=8)
	  ->  Bitmap Heap Scan on sbtest8  (cost=35.17..4056.21 rows=1047 width=4)
	        Recheck Cond: ((id >= 1504907) AND (id <= 1505906))
	        ->  Bitmap Index Scan on sbtest8_pkey  (cost=0.00..34.91 rows=1047 width=0)
	              Index Cond: ((id >= 1504907) AND (id <= 1505906))

for: distinct_ranges
table 1 : explain SELECT DISTINCT c FROM sbtest1 WHERE id BETWEEN 4517823 AND 4518822 ORDER BY c
	Unique  (cost=3790.48..3795.30 rows=965 width=121)
	  ->  Sort  (cost=3790.48..3792.89 rows=965 width=121)
	        Sort Key: c
	        ->  Bitmap Heap Scan on sbtest1  (cost=30.33..3742.64 rows=965 width=121)
	              Recheck Cond: ((id >= 4517823) AND (id <= 4518822))
	              ->  Bitmap Index Scan on sbtest1_pkey  (cost=0.00..30.08 rows=965 width=0)
	                    Index Cond: ((id >= 4517823) AND (id <= 4518822))

table 2 : explain SELECT DISTINCT c FROM sbtest2 WHERE id BETWEEN 5421976 AND 5422975 ORDER BY c
	Unique  (cost=3932.40..3937.41 rows=1002 width=121)
	  ->  Sort  (cost=3932.40..3934.90 rows=1002 width=121)
	        Sort Key: c
	        ->  Bitmap Heap Scan on sbtest2  (cost=30.71..3882.45 rows=1002 width=121)
	              Recheck Cond: ((id >= 5421976) AND (id <= 5422975))
	              ->  Bitmap Index Scan on sbtest2_pkey  (cost=0.00..30.45 rows=1002 width=0)
	                    Index Cond: ((id >= 5421976) AND (id <= 5422975))

table 3 : explain SELECT DISTINCT c FROM sbtest3 WHERE id BETWEEN 2652131 AND 2653130 ORDER BY c
	Unique  (cost=4127.55..4132.81 rows=1052 width=121)
	  ->  Sort  (cost=4127.55..4130.18 rows=1052 width=121)
	        Sort Key: c
	        ->  Bitmap Heap Scan on sbtest3  (cost=35.22..4074.75 rows=1052 width=121)
	              Recheck Cond: ((id >= 2652131) AND (id <= 2653130))
	              ->  Bitmap Index Scan on sbtest3_pkey  (cost=0.00..34.95 rows=1052 width=0)
	                    Index Cond: ((id >= 2652131) AND (id <= 2653130))

table 4 : explain SELECT DISTINCT c FROM sbtest4 WHERE id BETWEEN 420339 AND 421338 ORDER BY c
	Unique  (cost=3871.34..3876.27 rows=986 width=121)
	  ->  Sort  (cost=3871.34..3873.81 rows=986 width=121)
	        Sort Key: c
	        ->  Bitmap Heap Scan on sbtest4  (cost=30.54..3822.31 rows=986 width=121)
	              Recheck Cond: ((id >= 420339) AND (id <= 421338))
	              ->  Bitmap Index Scan on sbtest4_pkey  (cost=0.00..30.29 rows=986 width=0)
	                    Index Cond: ((id >= 420339) AND (id <= 421338))

table 5 : explain SELECT DISTINCT c FROM sbtest5 WHERE id BETWEEN 342064 AND 343063 ORDER BY c
	Unique  (cost=4296.07..4301.55 rows=1096 width=121)
	  ->  Sort  (cost=4296.07..4298.81 rows=1096 width=121)
	        Sort Key: c
	        ->  Bitmap Heap Scan on sbtest5  (cost=35.67..4240.73 rows=1096 width=121)
	              Recheck Cond: ((id >= 342064) AND (id <= 343063))
	              ->  Bitmap Index Scan on sbtest5_pkey  (cost=0.00..35.40 rows=1096 width=0)
	                    Index Cond: ((id >= 342064) AND (id <= 343063))

table 6 : explain SELECT DISTINCT c FROM sbtest6 WHERE id BETWEEN 3761121 AND 3762120 ORDER BY c
	Unique  (cost=3832.42..3837.30 rows=976 width=121)
	  ->  Sort  (cost=3832.42..3834.86 rows=976 width=121)
	        Sort Key: c
	        ->  Bitmap Heap Scan on sbtest6  (cost=30.44..3783.96 rows=976 width=121)
	              Recheck Cond: ((id >= 3761121) AND (id <= 3762120))
	              ->  Bitmap Index Scan on sbtest6_pkey  (cost=0.00..30.19 rows=976 width=0)
	                    Index Cond: ((id >= 3761121) AND (id <= 3762120))

table 7 : explain SELECT DISTINCT c FROM sbtest7 WHERE id BETWEEN 9291577 AND 9292576 ORDER BY c
	Unique  (cost=4059.00..4064.17 rows=1034 width=121)
	  ->  Sort  (cost=4059.00..4061.58 rows=1034 width=121)
	        Sort Key: c
	        ->  Bitmap Heap Scan on sbtest7  (cost=35.03..4007.22 rows=1034 width=121)
	              Recheck Cond: ((id >= 9291577) AND (id <= 9292576))
	              ->  Bitmap Index Scan on sbtest7_pkey  (cost=0.00..34.78 rows=1034 width=0)
	                    Index Cond: ((id >= 9291577) AND (id <= 9292576))

table 8 : explain SELECT DISTINCT c FROM sbtest8 WHERE id BETWEEN 7640635 AND 7641634 ORDER BY c
	Unique  (cost=3878.77..3883.71 rows=988 width=121)
	  ->  Sort  (cost=3878.77..3881.24 rows=988 width=121)
	        Sort Key: c
	        ->  Bitmap Heap Scan on sbtest8  (cost=30.56..3829.62 rows=988 width=121)
	              Recheck Cond: ((id >= 7640635) AND (id <= 7641634))
	              ->  Bitmap Index Scan on sbtest8_pkey  (cost=0.00..30.32 rows=988 width=0)
	                    Index Cond: ((id >= 7640635) AND (id <= 7641634))

for: sum_ranges
table 1 : explain SELECT SUM(k) FROM sbtest1 WHERE id BETWEEN 4260870 AND 4261869
	Aggregate  (cost=3971.72..3971.73 rows=1 width=8)
	  ->  Bitmap Heap Scan on sbtest1  (cost=30.94..3969.16 rows=1025 width=4)
	        Recheck Cond: ((id >= 4260870) AND (id <= 4261869))
	        ->  Bitmap Index Scan on sbtest1_pkey  (cost=0.00..30.68 rows=1025 width=0)
	              Index Cond: ((id >= 4260870) AND (id <= 4261869))

table 2 : explain SELECT SUM(k) FROM sbtest2 WHERE id BETWEEN 9718147 AND 9719146
	Aggregate  (cost=3888.73..3888.74 rows=1 width=8)
	  ->  Bitmap Heap Scan on sbtest2  (cost=30.72..3886.23 rows=1003 width=4)
	        Recheck Cond: ((id >= 9718147) AND (id <= 9719146))
	        ->  Bitmap Index Scan on sbtest2_pkey  (cost=0.00..30.46 rows=1003 width=0)
	              Index Cond: ((id >= 9718147) AND (id <= 9719146))

table 3 : explain SELECT SUM(k) FROM sbtest3 WHERE id BETWEEN 4813852 AND 4814851
	Aggregate  (cost=3918.68..3918.69 rows=1 width=8)
	  ->  Bitmap Heap Scan on sbtest3  (cost=30.80..3916.16 rows=1011 width=4)
	        Recheck Cond: ((id >= 4813852) AND (id <= 4814851))
	        ->  Bitmap Index Scan on sbtest3_pkey  (cost=0.00..30.54 rows=1011 width=0)
	              Index Cond: ((id >= 4813852) AND (id <= 4814851))

table 4 : explain SELECT SUM(k) FROM sbtest4 WHERE id BETWEEN 7157853 AND 7158852
	Aggregate  (cost=3987.18..3987.19 rows=1 width=8)
	  ->  Bitmap Heap Scan on sbtest4  (cost=30.98..3984.61 rows=1029 width=4)
	        Recheck Cond: ((id >= 7157853) AND (id <= 7158852))
	        ->  Bitmap Index Scan on sbtest4_pkey  (cost=0.00..30.72 rows=1029 width=0)
	              Index Cond: ((id >= 7157853) AND (id <= 7158852))

table 5 : explain SELECT SUM(k) FROM sbtest5 WHERE id BETWEEN 9285451 AND 9286450
	Aggregate  (cost=4024.64..4024.65 rows=1 width=8)
	  ->  Bitmap Heap Scan on sbtest5  (cost=31.08..4022.04 rows=1039 width=4)
	        Recheck Cond: ((id >= 9285451) AND (id <= 9286450))
	        ->  Bitmap Index Scan on sbtest5_pkey  (cost=0.00..30.82 rows=1039 width=0)
	              Index Cond: ((id >= 9285451) AND (id <= 9286450))

table 6 : explain SELECT SUM(k) FROM sbtest6 WHERE id BETWEEN 3168271 AND 3169270
	Aggregate  (cost=4133.85..4133.86 rows=1 width=8)
	  ->  Bitmap Heap Scan on sbtest6  (cost=35.37..4131.18 rows=1067 width=4)
	        Recheck Cond: ((id >= 3168271) AND (id <= 3169270))
	        ->  Bitmap Index Scan on sbtest6_pkey  (cost=0.00..35.11 rows=1067 width=0)
	              Index Cond: ((id >= 3168271) AND (id <= 3169270))

table 7 : explain SELECT SUM(k) FROM sbtest7 WHERE id BETWEEN 4960251 AND 4961250
	Aggregate  (cost=4213.38..4213.39 rows=1 width=8)
	  ->  Bitmap Heap Scan on sbtest7  (cost=35.59..4210.66 rows=1088 width=4)
	        Recheck Cond: ((id >= 4960251) AND (id <= 4961250))
	        ->  Bitmap Index Scan on sbtest7_pkey  (cost=0.00..35.32 rows=1088 width=0)
	              Index Cond: ((id >= 4960251) AND (id <= 4961250))

table 8 : explain SELECT SUM(k) FROM sbtest8 WHERE id BETWEEN 4808390 AND 4809389
	Aggregate  (cost=3805.64..3805.65 rows=1 width=8)
	  ->  Bitmap Heap Scan on sbtest8  (cost=30.49..3803.18 rows=981 width=4)
	        Recheck Cond: ((id >= 4808390) AND (id <= 4809389))
	        ->  Bitmap Index Scan on sbtest8_pkey  (cost=0.00..30.25 rows=981 width=0)
	              Index Cond: ((id >= 4808390) AND (id <= 4809389))

for point_selects
table 1 : explain SELECT c FROM sbtest1 WHERE id=2782644
	Index Scan using sbtest1_pkey on sbtest1  (cost=0.43..8.45 rows=1 width=121)
	  Index Cond: (id = 2782644)

table 2 : explain SELECT c FROM sbtest2 WHERE id=2573116
	Index Scan using sbtest2_pkey on sbtest2  (cost=0.43..8.45 rows=1 width=121)
	  Index Cond: (id = 2573116)

table 3 : explain SELECT c FROM sbtest3 WHERE id=3314843
	Index Scan using sbtest3_pkey on sbtest3  (cost=0.43..8.45 rows=1 width=121)
	  Index Cond: (id = 3314843)

table 4 : explain SELECT c FROM sbtest4 WHERE id=1314019
	Index Scan using sbtest4_pkey on sbtest4  (cost=0.43..8.45 rows=1 width=121)
	  Index Cond: (id = 1314019)

table 5 : explain SELECT c FROM sbtest5 WHERE id=4012012
	Index Scan using sbtest5_pkey on sbtest5  (cost=0.43..8.45 rows=1 width=121)
	  Index Cond: (id = 4012012)

table 6 : explain SELECT c FROM sbtest6 WHERE id=7748723
	Index Scan using sbtest6_pkey on sbtest6  (cost=0.43..8.45 rows=1 width=121)
	  Index Cond: (id = 7748723)

table 7 : explain SELECT c FROM sbtest7 WHERE id=3353666
	Index Scan using sbtest7_pkey on sbtest7  (cost=0.43..8.45 rows=1 width=121)
	  Index Cond: (id = 3353666)

table 8 : explain SELECT c FROM sbtest8 WHERE id=3390843
	Index Scan using sbtest8_pkey on sbtest8  (cost=0.43..8.45 rows=1 width=121)
	  Index Cond: (id = 3390843)

for point_selects
table 1 : explain SELECT c FROM sbtest1 WHERE id=9675790
	Index Scan using sbtest1_pkey on sbtest1  (cost=0.43..8.45 rows=1 width=121)
	  Index Cond: (id = 9675790)

table 2 : explain SELECT c FROM sbtest2 WHERE id=9886637
	Index Scan using sbtest2_pkey on sbtest2  (cost=0.43..8.45 rows=1 width=121)
	  Index Cond: (id = 9886637)

table 3 : explain SELECT c FROM sbtest3 WHERE id=1797425
	Index Scan using sbtest3_pkey on sbtest3  (cost=0.43..8.45 rows=1 width=121)
	  Index Cond: (id = 1797425)

table 4 : explain SELECT c FROM sbtest4 WHERE id=1736420
	Index Scan using sbtest4_pkey on sbtest4  (cost=0.43..8.45 rows=1 width=121)
	  Index Cond: (id = 1736420)

table 5 : explain SELECT c FROM sbtest5 WHERE id=1318849
	Index Scan using sbtest5_pkey on sbtest5  (cost=0.43..8.45 rows=1 width=121)
	  Index Cond: (id = 1318849)

table 6 : explain SELECT c FROM sbtest6 WHERE id=2346407
	Index Scan using sbtest6_pkey on sbtest6  (cost=0.43..8.45 rows=1 width=121)
	  Index Cond: (id = 2346407)

table 7 : explain SELECT c FROM sbtest7 WHERE id=2199631
	Index Scan using sbtest7_pkey on sbtest7  (cost=0.43..8.45 rows=1 width=121)
	  Index Cond: (id = 2199631)

table 8 : explain SELECT c FROM sbtest8 WHERE id=678342
	Index Scan using sbtest8_pkey on sbtest8  (cost=0.43..8.45 rows=1 width=121)
	  Index Cond: (id = 678342)

for point_selects
table 1 : explain SELECT c FROM sbtest1 WHERE id=1045279
	Index Scan using sbtest1_pkey on sbtest1  (cost=0.43..8.45 rows=1 width=121)
	  Index Cond: (id = 1045279)

table 2 : explain SELECT c FROM sbtest2 WHERE id=8675980
	Index Scan using sbtest2_pkey on sbtest2  (cost=0.43..8.45 rows=1 width=121)
	  Index Cond: (id = 8675980)

table 3 : explain SELECT c FROM sbtest3 WHERE id=5758977
	Index Scan using sbtest3_pkey on sbtest3  (cost=0.43..8.45 rows=1 width=121)
	  Index Cond: (id = 5758977)

table 4 : explain SELECT c FROM sbtest4 WHERE id=2668033
	Index Scan using sbtest4_pkey on sbtest4  (cost=0.43..8.45 rows=1 width=121)
	  Index Cond: (id = 2668033)

table 5 : explain SELECT c FROM sbtest5 WHERE id=4286379
	Index Scan using sbtest5_pkey on sbtest5  (cost=0.43..8.45 rows=1 width=121)
	  Index Cond: (id = 4286379)

table 6 : explain SELECT c FROM sbtest6 WHERE id=6717577
	Index Scan using sbtest6_pkey on sbtest6  (cost=0.43..8.45 rows=1 width=121)
	  Index Cond: (id = 6717577)

table 7 : explain SELECT c FROM sbtest7 WHERE id=4712740
	Index Scan using sbtest7_pkey on sbtest7  (cost=0.43..8.45 rows=1 width=121)
	  Index Cond: (id = 4712740)

table 8 : explain SELECT c FROM sbtest8 WHERE id=6878606
	Index Scan using sbtest8_pkey on sbtest8  (cost=0.43..8.45 rows=1 width=121)
	  Index Cond: (id = 6878606)

for: order_ranges
table 1 : explain SELECT c FROM sbtest1 WHERE id BETWEEN 3599550 AND 3600549 ORDER BY c
	Sort  (cost=3625.42..3627.72 rows=922 width=121)
	  Sort Key: c
	  ->  Bitmap Heap Scan on sbtest1  (cost=29.89..3580.02 rows=922 width=121)
	        Recheck Cond: ((id >= 3599550) AND (id <= 3600549))
	        ->  Bitmap Index Scan on sbtest1_pkey  (cost=0.00..29.65 rows=922 width=0)
	              Index Cond: ((id >= 3599550) AND (id <= 3600549))

table 2 : explain SELECT c FROM sbtest2 WHERE id BETWEEN 2997077 AND 2998076 ORDER BY c
	Sort  (cost=3974.54..3977.07 rows=1013 width=121)
	  Sort Key: c
	  ->  Bitmap Heap Scan on sbtest2  (cost=30.82..3923.96 rows=1013 width=121)
	        Recheck Cond: ((id >= 2997077) AND (id <= 2998076))
	        ->  Bitmap Index Scan on sbtest2_pkey  (cost=0.00..30.57 rows=1013 width=0)
	              Index Cond: ((id >= 2997077) AND (id <= 2998076))

table 3 : explain SELECT c FROM sbtest3 WHERE id BETWEEN 6163228 AND 6164227 ORDER BY c
	Sort  (cost=4031.71..4034.28 rows=1028 width=121)
	  Sort Key: c
	  ->  Bitmap Heap Scan on sbtest3  (cost=30.97..3980.28 rows=1028 width=121)
	        Recheck Cond: ((id >= 6163228) AND (id <= 6164227))
	        ->  Bitmap Index Scan on sbtest3_pkey  (cost=0.00..30.71 rows=1028 width=0)
	              Index Cond: ((id >= 6163228) AND (id <= 6164227))

table 4 : explain SELECT c FROM sbtest4 WHERE id BETWEEN 3580676 AND 3581675 ORDER BY c
	Sort  (cost=3917.34..3919.84 rows=998 width=121)
	  Sort Key: c
	  ->  Bitmap Heap Scan on sbtest4  (cost=30.66..3867.63 rows=998 width=121)
	        Recheck Cond: ((id >= 3580676) AND (id <= 3581675))
	        ->  Bitmap Index Scan on sbtest4_pkey  (cost=0.00..30.41 rows=998 width=0)
	              Index Cond: ((id >= 3580676) AND (id <= 3581675))

table 5 : explain SELECT c FROM sbtest5 WHERE id BETWEEN 2915402 AND 2916401 ORDER BY c
	Sort  (cost=3859.59..3862.05 rows=983 width=121)
	  Sort Key: c
	  ->  Bitmap Heap Scan on sbtest5  (cost=30.51..3810.73 rows=983 width=121)
	        Recheck Cond: ((id >= 2915402) AND (id <= 2916401))
	        ->  Bitmap Index Scan on sbtest5_pkey  (cost=0.00..30.26 rows=983 width=0)
	              Index Cond: ((id >= 2915402) AND (id <= 2916401))

table 6 : explain SELECT c FROM sbtest6 WHERE id BETWEEN 6365283 AND 6366282 ORDER BY c
	Sort  (cost=3989.69..3992.23 rows=1016 width=121)
	  Sort Key: c
	  ->  Bitmap Heap Scan on sbtest6  (cost=34.85..3938.95 rows=1016 width=121)
	        Recheck Cond: ((id >= 6365283) AND (id <= 6366282))
	        ->  Bitmap Index Scan on sbtest6_pkey  (cost=0.00..34.59 rows=1016 width=0)
	              Index Cond: ((id >= 6365283) AND (id <= 6366282))

table 7 : explain SELECT c FROM sbtest7 WHERE id BETWEEN 1380413 AND 1381412 ORDER BY c
	Sort  (cost=3594.79..3597.07 rows=914 width=121)
	  Sort Key: c
	  ->  Bitmap Heap Scan on sbtest7  (cost=29.80..3549.84 rows=914 width=121)
	        Recheck Cond: ((id >= 1380413) AND (id <= 1381412))
	        ->  Bitmap Index Scan on sbtest7_pkey  (cost=0.00..29.57 rows=914 width=0)
	              Index Cond: ((id >= 1380413) AND (id <= 1381412))

table 8 : explain SELECT c FROM sbtest8 WHERE id BETWEEN 2390563 AND 2391562 ORDER BY c
	Sort  (cost=3966.90..3969.43 rows=1011 width=121)
	  Sort Key: c
	  ->  Bitmap Heap Scan on sbtest8  (cost=30.80..3916.44 rows=1011 width=121)
	        Recheck Cond: ((id >= 2390563) AND (id <= 2391562))
	        ->  Bitmap Index Scan on sbtest8_pkey  (cost=0.00..30.54 rows=1011 width=0)
	              Index Cond: ((id >= 2390563) AND (id <= 2391562))

for: order_ranges
table 1 : explain SELECT c FROM sbtest1 WHERE id BETWEEN 2751330 AND 2752329 ORDER BY c
	Sort  (cost=3801.98..3804.40 rows=968 width=121)
	  Sort Key: c
	  ->  Bitmap Heap Scan on sbtest1  (cost=30.36..3753.98 rows=968 width=121)
	        Recheck Cond: ((id >= 2751330) AND (id <= 2752329))
	        ->  Bitmap Index Scan on sbtest1_pkey  (cost=0.00..30.11 rows=968 width=0)
	              Index Cond: ((id >= 2751330) AND (id <= 2752329))

table 2 : explain SELECT c FROM sbtest2 WHERE id BETWEEN 8926383 AND 8927382 ORDER BY c
	Sort  (cost=3721.48..3723.84 rows=947 width=121)
	  Sort Key: c
	  ->  Bitmap Heap Scan on sbtest2  (cost=30.14..3674.66 rows=947 width=121)
	        Recheck Cond: ((id >= 8926383) AND (id <= 8927382))
	        ->  Bitmap Index Scan on sbtest2_pkey  (cost=0.00..29.90 rows=947 width=0)
	              Index Cond: ((id >= 8926383) AND (id <= 8927382))

table 3 : explain SELECT c FROM sbtest3 WHERE id BETWEEN 5523999 AND 5524998 ORDER BY c
	Sort  (cost=3782.63..3785.03 rows=963 width=121)
	  Sort Key: c
	  ->  Bitmap Heap Scan on sbtest3  (cost=30.31..3734.90 rows=963 width=121)
	        Recheck Cond: ((id >= 5523999) AND (id <= 5524998))
	        ->  Bitmap Index Scan on sbtest3_pkey  (cost=0.00..30.07 rows=963 width=0)
	              Index Cond: ((id >= 5523999) AND (id <= 5524998))

table 4 : explain SELECT c FROM sbtest4 WHERE id BETWEEN 7546422 AND 7547421 ORDER BY c
	Sort  (cost=4047.58..4050.16 rows=1032 width=121)
	  Sort Key: c
	  ->  Bitmap Heap Scan on sbtest4  (cost=31.01..3995.92 rows=1032 width=121)
	        Recheck Cond: ((id >= 7546422) AND (id <= 7547421))
	        ->  Bitmap Index Scan on sbtest4_pkey  (cost=0.00..30.75 rows=1032 width=0)
	              Index Cond: ((id >= 7546422) AND (id <= 7547421))

table 5 : explain SELECT c FROM sbtest5 WHERE id BETWEEN 9284275 AND 9285274 ORDER BY c
	Sort  (cost=4074.10..4076.70 rows=1039 width=121)
	  Sort Key: c
	  ->  Bitmap Heap Scan on sbtest5  (cost=31.08..4022.04 rows=1039 width=121)
	        Recheck Cond: ((id >= 9284275) AND (id <= 9285274))
	        ->  Bitmap Index Scan on sbtest5_pkey  (cost=0.00..30.82 rows=1039 width=0)
	              Index Cond: ((id >= 9284275) AND (id <= 9285274))

table 6 : explain SELECT c FROM sbtest6 WHERE id BETWEEN 2124529 AND 2125528 ORDER BY c
	Sort  (cost=4020.32..4022.88 rows=1024 width=121)
	  Sort Key: c
	  ->  Bitmap Heap Scan on sbtest6  (cost=34.93..3969.12 rows=1024 width=121)
	        Recheck Cond: ((id >= 2124529) AND (id <= 2125528))
	        ->  Bitmap Index Scan on sbtest6_pkey  (cost=0.00..34.68 rows=1024 width=0)
	              Index Cond: ((id >= 2124529) AND (id <= 2125528))

table 7 : explain SELECT c FROM sbtest7 WHERE id BETWEEN 3984805 AND 3985804 ORDER BY c
	Sort  (cost=3955.43..3957.95 rows=1008 width=121)
	  Sort Key: c
	  ->  Bitmap Heap Scan on sbtest7  (cost=30.77..3905.14 rows=1008 width=121)
	        Recheck Cond: ((id >= 3984805) AND (id <= 3985804))
	        ->  Bitmap Index Scan on sbtest7_pkey  (cost=0.00..30.51 rows=1008 width=0)
	              Index Cond: ((id >= 3984805) AND (id <= 3985804))

table 8 : explain SELECT c FROM sbtest8 WHERE id BETWEEN 5412856 AND 5413855 ORDER BY c
	Sort  (cost=3579.40..3581.68 rows=910 width=121)
	  Sort Key: c
	  ->  Bitmap Heap Scan on sbtest8  (cost=29.76..3534.68 rows=910 width=121)
	        Recheck Cond: ((id >= 5412856) AND (id <= 5413855))
	        ->  Bitmap Index Scan on sbtest8_pkey  (cost=0.00..29.54 rows=910 width=0)
	              Index Cond: ((id >= 5412856) AND (id <= 5413855))

for: distinct_ranges
table 1 : explain SELECT DISTINCT c FROM sbtest1 WHERE id BETWEEN 7045486 AND 7046485 ORDER BY c
	Unique  (cost=4054.87..4060.04 rows=1034 width=121)
	  ->  Sort  (cost=4054.87..4057.46 rows=1034 width=121)
	        Sort Key: c
	        ->  Bitmap Heap Scan on sbtest1  (cost=31.03..4003.10 rows=1034 width=121)
	              Recheck Cond: ((id >= 7045486) AND (id <= 7046485))
	              ->  Bitmap Index Scan on sbtest1_pkey  (cost=0.00..30.77 rows=1034 width=0)
	                    Index Cond: ((id >= 7045486) AND (id <= 7046485))

table 2 : explain SELECT DISTINCT c FROM sbtest2 WHERE id BETWEEN 6071828 AND 6072827 ORDER BY c
	Unique  (cost=3886.41..3891.36 rows=990 width=121)
	  ->  Sort  (cost=3886.41..3888.88 rows=990 width=121)
	        Sort Key: c
	        ->  Bitmap Heap Scan on sbtest2  (cost=30.58..3837.15 rows=990 width=121)
	              Recheck Cond: ((id >= 6071828) AND (id <= 6072827))
	              ->  Bitmap Index Scan on sbtest2_pkey  (cost=0.00..30.33 rows=990 width=0)
	                    Index Cond: ((id >= 6071828) AND (id <= 6072827))

table 3 : explain SELECT DISTINCT c FROM sbtest3 WHERE id BETWEEN 8373402 AND 8374401 ORDER BY c
	Unique  (cost=3778.79..3783.60 rows=962 width=121)
	  ->  Sort  (cost=3778.79..3781.20 rows=962 width=121)
	        Sort Key: c
	        ->  Bitmap Heap Scan on sbtest3  (cost=30.30..3731.12 rows=962 width=121)
	              Recheck Cond: ((id >= 8373402) AND (id <= 8374401))
	              ->  Bitmap Index Scan on sbtest3_pkey  (cost=0.00..30.05 rows=962 width=0)
	                    Index Cond: ((id >= 8373402) AND (id <= 8374401))

table 4 : explain SELECT DISTINCT c FROM sbtest4 WHERE id BETWEEN 7422876 AND 7423875 ORDER BY c
	Unique  (cost=4059.07..4064.24 rows=1035 width=121)
	  ->  Sort  (cost=4059.07..4061.65 rows=1035 width=121)
	        Sort Key: c
	        ->  Bitmap Heap Scan on sbtest4  (cost=31.04..4007.24 rows=1035 width=121)
	              Recheck Cond: ((id >= 7422876) AND (id <= 7423875))
	              ->  Bitmap Index Scan on sbtest4_pkey  (cost=0.00..30.79 rows=1035 width=0)
	                    Index Cond: ((id >= 7422876) AND (id <= 7423875))

table 5 : explain SELECT DISTINCT c FROM sbtest5 WHERE id BETWEEN 4967643 AND 4968642 ORDER BY c
	Unique  (cost=4445.00..4450.67 rows=1135 width=121)
	  ->  Sort  (cost=4445.00..4447.84 rows=1135 width=121)
	        Sort Key: c
	        ->  Bitmap Heap Scan on sbtest5  (cost=36.07..4387.40 rows=1135 width=121)
	              Recheck Cond: ((id >= 4967643) AND (id <= 4968642))
	              ->  Bitmap Index Scan on sbtest5_pkey  (cost=0.00..35.79 rows=1135 width=0)
	                    Index Cond: ((id >= 4967643) AND (id <= 4968642))

table 6 : explain SELECT DISTINCT c FROM sbtest6 WHERE id BETWEEN 109420 AND 110419 ORDER BY c
	Unique  (cost=4104.52..4109.75 rows=1046 width=121)
	  ->  Sort  (cost=4104.52..4107.14 rows=1046 width=121)
	        Sort Key: c
	        ->  Bitmap Heap Scan on sbtest6  (cost=35.16..4052.06 rows=1046 width=121)
	              Recheck Cond: ((id >= 109420) AND (id <= 110419))
	              ->  Bitmap Index Scan on sbtest6_pkey  (cost=0.00..34.90 rows=1046 width=0)
	                    Index Cond: ((id >= 109420) AND (id <= 110419))

table 7 : explain SELECT DISTINCT c FROM sbtest7 WHERE id BETWEEN 1720374 AND 1721373 ORDER BY c
	Unique  (cost=4635.80..4641.73 rows=1186 width=121)
	  ->  Sort  (cost=4635.80..4638.77 rows=1186 width=121)
	        Sort Key: c
	        ->  Bitmap Heap Scan on sbtest7  (cost=36.59..4575.25 rows=1186 width=121)
	              Recheck Cond: ((id >= 1720374) AND (id <= 1721373))
	              ->  Bitmap Index Scan on sbtest7_pkey  (cost=0.00..36.30 rows=1186 width=0)
	                    Index Cond: ((id >= 1720374) AND (id <= 1721373))

table 8 : explain SELECT DISTINCT c FROM sbtest8 WHERE id BETWEEN 4650652 AND 4651651 ORDER BY c
	Unique  (cost=3809.75..3814.60 rows=970 width=121)
	  ->  Sort  (cost=3809.75..3812.17 rows=970 width=121)
	        Sort Key: c
	        ->  Bitmap Heap Scan on sbtest8  (cost=30.38..3761.63 rows=970 width=121)
	              Recheck Cond: ((id >= 4650652) AND (id <= 4651651))
	              ->  Bitmap Index Scan on sbtest8_pkey  (cost=0.00..30.14 rows=970 width=0)
	                    Index Cond: ((id >= 4650652) AND (id <= 4651651))

explain: for point_selects :: explain SELECT c FROM sbtest%u WHERE id=%u
explain: for point_selects :: explain SELECT c FROM sbtest%u WHERE id=%u
explain: for point_selects :: explain SELECT c FROM sbtest%u WHERE id=%u
for: order_ranges
table 1 : explain SELECT c FROM sbtest1 WHERE id BETWEEN 8439044 AND 8440043 ORDER BY c
	Sort  (cost=3985.95..3988.49 rows=1016 width=121)
	  Sort Key: c
	  ->  Bitmap Heap Scan on sbtest1  (cost=30.85..3935.21 rows=1016 width=121)
	        Recheck Cond: ((id >= 8439044) AND (id <= 8440043))
	        ->  Bitmap Index Scan on sbtest1_pkey  (cost=0.00..30.59 rows=1016 width=0)
	              Index Cond: ((id >= 8439044) AND (id <= 8440043))

table 2 : explain SELECT c FROM sbtest2 WHERE id BETWEEN 7389147 AND 7390146 ORDER BY c
	Sort  (cost=3959.21..3961.74 rows=1009 width=121)
	  Sort Key: c
	  ->  Bitmap Heap Scan on sbtest2  (cost=30.78..3908.87 rows=1009 width=121)
	        Recheck Cond: ((id >= 7389147) AND (id <= 7390146))
	        ->  Bitmap Index Scan on sbtest2_pkey  (cost=0.00..30.52 rows=1009 width=0)
	              Index Cond: ((id >= 7389147) AND (id <= 7390146))

table 3 : explain SELECT c FROM sbtest3 WHERE id BETWEEN 4427191 AND 4428190 ORDER BY c
	Sort  (cost=3905.31..3907.80 rows=995 width=121)
	  Sort Key: c
	  ->  Bitmap Heap Scan on sbtest3  (cost=30.63..3855.77 rows=995 width=121)
	        Recheck Cond: ((id >= 4427191) AND (id <= 4428190))
	        ->  Bitmap Index Scan on sbtest3_pkey  (cost=0.00..30.39 rows=995 width=0)
	              Index Cond: ((id >= 4427191) AND (id <= 4428190))

table 4 : explain SELECT c FROM sbtest4 WHERE id BETWEEN 2753219 AND 2754218 ORDER BY c
	Sort  (cost=4261.98..4264.69 rows=1087 width=121)
	  Sort Key: c
	  ->  Bitmap Heap Scan on sbtest4  (cost=35.58..4207.16 rows=1087 width=121)
	        Recheck Cond: ((id >= 2753219) AND (id <= 2754218))
	        ->  Bitmap Index Scan on sbtest4_pkey  (cost=0.00..35.31 rows=1087 width=0)
	              Index Cond: ((id >= 2753219) AND (id <= 2754218))

table 5 : explain SELECT c FROM sbtest5 WHERE id BETWEEN 1870824 AND 1871823 ORDER BY c
	Sort  (cost=3775.21..3777.62 rows=961 width=121)
	  Sort Key: c
	  ->  Bitmap Heap Scan on sbtest5  (cost=30.29..3727.60 rows=961 width=121)
	        Recheck Cond: ((id >= 1870824) AND (id <= 1871823))
	        ->  Bitmap Index Scan on sbtest5_pkey  (cost=0.00..30.04 rows=961 width=0)
	              Index Cond: ((id >= 1870824) AND (id <= 1871823))

table 6 : explain SELECT c FROM sbtest6 WHERE id BETWEEN 9208021 AND 9209020 ORDER BY c
	Sort  (cost=4158.08..4160.73 rows=1060 width=121)
	  Sort Key: c
	  ->  Bitmap Heap Scan on sbtest6  (cost=35.30..4104.81 rows=1060 width=121)
	        Recheck Cond: ((id >= 9208021) AND (id <= 9209020))
	        ->  Bitmap Index Scan on sbtest6_pkey  (cost=0.00..35.04 rows=1060 width=0)
	              Index Cond: ((id >= 9208021) AND (id <= 9209020))

table 7 : explain SELECT c FROM sbtest7 WHERE id BETWEEN 1285772 AND 1286771 ORDER BY c
	Sort  (cost=4108.75..4111.37 rows=1047 width=121)
	  Sort Key: c
	  ->  Bitmap Heap Scan on sbtest7  (cost=35.17..4056.23 rows=1047 width=121)
	        Recheck Cond: ((id >= 1285772) AND (id <= 1286771))
	        ->  Bitmap Index Scan on sbtest7_pkey  (cost=0.00..34.91 rows=1047 width=0)
	              Index Cond: ((id >= 1285772) AND (id <= 1286771))

table 8 : explain SELECT c FROM sbtest8 WHERE id BETWEEN 8677950 AND 8678949 ORDER BY c
	Sort  (cost=3936.25..3938.76 rows=1003 width=121)
	  Sort Key: c
	  ->  Bitmap Heap Scan on sbtest8  (cost=30.72..3886.25 rows=1003 width=121)
	        Recheck Cond: ((id >= 8677950) AND (id <= 8678949))
	        ->  Bitmap Index Scan on sbtest8_pkey  (cost=0.00..30.46 rows=1003 width=0)
	              Index Cond: ((id >= 8677950) AND (id <= 8678949))

for: simple_ranges
table 1 : explain SELECT c FROM sbtest1 WHERE id BETWEEN 3702289 AND 3703288
	Bitmap Heap Scan on sbtest1  (cost=30.21..3701.06 rows=954 width=121)
	  Recheck Cond: ((id >= 3702289) AND (id <= 3703288))
	  ->  Bitmap Index Scan on sbtest1_pkey  (cost=0.00..29.97 rows=954 width=0)
	        Index Cond: ((id >= 3702289) AND (id <= 3703288))

table 2 : explain SELECT c FROM sbtest2 WHERE id BETWEEN 6450756 AND 6451755
	Bitmap Heap Scan on sbtest2  (cost=29.75..3530.87 rows=909 width=121)
	  Recheck Cond: ((id >= 6450756) AND (id <= 6451755))
	  ->  Bitmap Index Scan on sbtest2_pkey  (cost=0.00..29.52 rows=909 width=0)
	        Index Cond: ((id >= 6450756) AND (id <= 6451755))

table 3 : explain SELECT c FROM sbtest3 WHERE id BETWEEN 7375780 AND 7376779
	Bitmap Heap Scan on sbtest3  (cost=35.17..4055.91 rows=1047 width=121)
	  Recheck Cond: ((id >= 7375780) AND (id <= 7376779))
	  ->  Bitmap Index Scan on sbtest3_pkey  (cost=0.00..34.91 rows=1047 width=0)
	        Index Cond: ((id >= 7375780) AND (id <= 7376779))

table 4 : explain SELECT c FROM sbtest4 WHERE id BETWEEN 1967788 AND 1968787
	Bitmap Heap Scan on sbtest4  (cost=30.38..3761.87 rows=970 width=121)
	  Recheck Cond: ((id >= 1967788) AND (id <= 1968787))
	  ->  Bitmap Index Scan on sbtest4_pkey  (cost=0.00..30.14 rows=970 width=0)
	        Index Cond: ((id >= 1967788) AND (id <= 1968787))

table 5 : explain SELECT c FROM sbtest5 WHERE id BETWEEN 4252991 AND 4253990
	Bitmap Heap Scan on sbtest5  (cost=30.54..3822.06 rows=986 width=121)
	  Recheck Cond: ((id >= 4252991) AND (id <= 4253990))
	  ->  Bitmap Index Scan on sbtest5_pkey  (cost=0.00..30.29 rows=986 width=0)
	        Index Cond: ((id >= 4252991) AND (id <= 4253990))

table 6 : explain SELECT c FROM sbtest6 WHERE id BETWEEN 3089954 AND 3090953
	Bitmap Heap Scan on sbtest6  (cost=35.00..3995.52 rows=1031 width=121)
	  Recheck Cond: ((id >= 3089954) AND (id <= 3090953))
	  ->  Bitmap Index Scan on sbtest6_pkey  (cost=0.00..34.75 rows=1031 width=0)
	        Index Cond: ((id >= 3089954) AND (id <= 3090953))

table 7 : explain SELECT c FROM sbtest7 WHERE id BETWEEN 3141769 AND 3142768
	Bitmap Heap Scan on sbtest7  (cost=29.67..3500.61 rows=901 width=121)
	  Recheck Cond: ((id >= 3141769) AND (id <= 3142768))
	  ->  Bitmap Index Scan on sbtest7_pkey  (cost=0.00..29.44 rows=901 width=0)
	        Index Cond: ((id >= 3141769) AND (id <= 3142768))

table 8 : explain SELECT c FROM sbtest8 WHERE id BETWEEN 5141526 AND 5142525
	Bitmap Heap Scan on sbtest8  (cost=29.92..3591.46 rows=925 width=121)
	  Recheck Cond: ((id >= 5141526) AND (id <= 5142525))
	  ->  Bitmap Index Scan on sbtest8_pkey  (cost=0.00..29.68 rows=925 width=0)
	        Index Cond: ((id >= 5141526) AND (id <= 5142525))

for: order_ranges
table 1 : explain SELECT c FROM sbtest1 WHERE id BETWEEN 2478468 AND 2479467 ORDER BY c
	Sort  (cost=4326.53..4329.29 rows=1104 width=121)
	  Sort Key: c
	  ->  Bitmap Heap Scan on sbtest1  (cost=35.75..4270.74 rows=1104 width=121)
	        Recheck Cond: ((id >= 2478468) AND (id <= 2479467))
	        ->  Bitmap Index Scan on sbtest1_pkey  (cost=0.00..35.48 rows=1104 width=0)
	              Index Cond: ((id >= 2478468) AND (id <= 2479467))

table 2 : explain SELECT c FROM sbtest2 WHERE id BETWEEN 7590019 AND 7591018 ORDER BY c
	Sort  (cost=3970.71..3973.24 rows=1012 width=121)
	  Sort Key: c
	  ->  Bitmap Heap Scan on sbtest2  (cost=30.81..3920.19 rows=1012 width=121)
	        Recheck Cond: ((id >= 7590019) AND (id <= 7591018))
	        ->  Bitmap Index Scan on sbtest2_pkey  (cost=0.00..30.55 rows=1012 width=0)
	              Index Cond: ((id >= 7590019) AND (id <= 7591018))

table 3 : explain SELECT c FROM sbtest3 WHERE id BETWEEN 6985523 AND 6986522 ORDER BY c
	Sort  (cost=4158.15..4160.80 rows=1060 width=121)
	  Sort Key: c
	  ->  Bitmap Heap Scan on sbtest3  (cost=35.30..4104.89 rows=1060 width=121)
	        Recheck Cond: ((id >= 6985523) AND (id <= 6986522))
	        ->  Bitmap Index Scan on sbtest3_pkey  (cost=0.00..35.04 rows=1060 width=0)
	              Index Cond: ((id >= 6985523) AND (id <= 6986522))

table 4 : explain SELECT c FROM sbtest4 WHERE id BETWEEN 8946751 AND 8947750 ORDER BY c
	Sort  (cost=4135.78..4138.42 rows=1054 width=121)
	  Sort Key: c
	  ->  Bitmap Heap Scan on sbtest4  (cost=35.24..4082.86 rows=1054 width=121)
	        Recheck Cond: ((id >= 8946751) AND (id <= 8947750))
	        ->  Bitmap Index Scan on sbtest4_pkey  (cost=0.00..34.98 rows=1054 width=0)
	              Index Cond: ((id >= 8946751) AND (id <= 8947750))

table 5 : explain SELECT c FROM sbtest5 WHERE id BETWEEN 6207362 AND 6208361 ORDER BY c
	Sort  (cost=4757.66..4760.70 rows=1218 width=121)
	  Sort Key: c
	  ->  Bitmap Heap Scan on sbtest5  (cost=36.92..4695.23 rows=1218 width=121)
	        Recheck Cond: ((id >= 6207362) AND (id <= 6208361))
	        ->  Bitmap Index Scan on sbtest5_pkey  (cost=0.00..36.62 rows=1218 width=0)
	              Index Cond: ((id >= 6207362) AND (id <= 6208361))

table 6 : explain SELECT c FROM sbtest6 WHERE id BETWEEN 7990502 AND 7991501 ORDER BY c
	Sort  (cost=3675.11..3677.45 rows=935 width=121)
	  Sort Key: c
	  ->  Bitmap Heap Scan on sbtest6  (cost=30.02..3628.98 rows=935 width=121)
	        Recheck Cond: ((id >= 7990502) AND (id <= 7991501))
	        ->  Bitmap Index Scan on sbtest6_pkey  (cost=0.00..29.79 rows=935 width=0)
	              Index Cond: ((id >= 7990502) AND (id <= 7991501))

table 7 : explain SELECT c FROM sbtest7 WHERE id BETWEEN 2183759 AND 2184758 ORDER BY c
	Sort  (cost=4150.83..4153.48 rows=1058 width=121)
	  Sort Key: c
	  ->  Bitmap Heap Scan on sbtest7  (cost=35.28..4097.68 rows=1058 width=121)
	        Recheck Cond: ((id >= 2183759) AND (id <= 2184758))
	        ->  Bitmap Index Scan on sbtest7_pkey  (cost=0.00..35.02 rows=1058 width=0)
	              Index Cond: ((id >= 2183759) AND (id <= 2184758))

table 8 : explain SELECT c FROM sbtest8 WHERE id BETWEEN 5288365 AND 5289364 ORDER BY c
	Sort  (cost=4009.20..4011.75 rows=1021 width=121)
	  Sort Key: c
	  ->  Bitmap Heap Scan on sbtest8  (cost=34.90..3958.17 rows=1021 width=121)
	        Recheck Cond: ((id >= 5288365) AND (id <= 5289364))
	        ->  Bitmap Index Scan on sbtest8_pkey  (cost=0.00..34.65 rows=1021 width=0)
	              Index Cond: ((id >= 5288365) AND (id <= 5289364))

for: simple_ranges
table 1 : explain SELECT c FROM sbtest1 WHERE id BETWEEN 859141 AND 860140
	Bitmap Heap Scan on sbtest1  (cost=30.47..3795.53 rows=979 width=121)
	  Recheck Cond: ((id >= 859141) AND (id <= 860140))
	  ->  Bitmap Index Scan on sbtest1_pkey  (cost=0.00..30.22 rows=979 width=0)
	        Index Cond: ((id >= 859141) AND (id <= 860140))

table 2 : explain SELECT c FROM sbtest2 WHERE id BETWEEN 9190461 AND 9191460
	Bitmap Heap Scan on sbtest2  (cost=35.05..4014.72 rows=1036 width=121)
	  Recheck Cond: ((id >= 9190461) AND (id <= 9191460))
	  ->  Bitmap Index Scan on sbtest2_pkey  (cost=0.00..34.80 rows=1036 width=0)
	        Index Cond: ((id >= 9190461) AND (id <= 9191460))

table 3 : explain SELECT c FROM sbtest3 WHERE id BETWEEN 2696368 AND 2697367
	Bitmap Heap Scan on sbtest3  (cost=35.22..4074.75 rows=1052 width=121)
	  Recheck Cond: ((id >= 2696368) AND (id <= 2697367))
	  ->  Bitmap Index Scan on sbtest3_pkey  (cost=0.00..34.95 rows=1052 width=0)
	        Index Cond: ((id >= 2696368) AND (id <= 2697367))

table 4 : explain SELECT c FROM sbtest4 WHERE id BETWEEN 8195740 AND 8196739
	Bitmap Heap Scan on sbtest4  (cost=30.93..3965.75 rows=1024 width=121)
	  Recheck Cond: ((id >= 8195740) AND (id <= 8196739))
	  ->  Bitmap Index Scan on sbtest4_pkey  (cost=0.00..30.68 rows=1024 width=0)
	        Index Cond: ((id >= 8195740) AND (id <= 8196739))

table 5 : explain SELECT c FROM sbtest5 WHERE id BETWEEN 9958990 AND 9959989
	Bitmap Heap Scan on sbtest5  (cost=30.33..3742.72 rows=965 width=121)
	  Recheck Cond: ((id >= 9958990) AND (id <= 9959989))
	  ->  Bitmap Index Scan on sbtest5_pkey  (cost=0.00..30.08 rows=965 width=0)
	        Index Cond: ((id >= 9958990) AND (id <= 9959989))

table 6 : explain SELECT c FROM sbtest6 WHERE id BETWEEN 4107291 AND 4108290
	Bitmap Heap Scan on sbtest6  (cost=30.04..3636.54 rows=937 width=121)
	  Recheck Cond: ((id >= 4107291) AND (id <= 4108290))
	  ->  Bitmap Index Scan on sbtest6_pkey  (cost=0.00..29.80 rows=937 width=0)
	        Index Cond: ((id >= 4107291) AND (id <= 4108290))

table 7 : explain SELECT c FROM sbtest7 WHERE id BETWEEN 5008891 AND 5009890
	Bitmap Heap Scan on sbtest7  (cost=35.59..4210.66 rows=1088 width=121)
	  Recheck Cond: ((id >= 5008891) AND (id <= 5009890))
	  ->  Bitmap Index Scan on sbtest7_pkey  (cost=0.00..35.32 rows=1088 width=0)
	        Index Cond: ((id >= 5008891) AND (id <= 5009890))

table 8 : explain SELECT c FROM sbtest8 WHERE id BETWEEN 664667 AND 665666
	Bitmap Heap Scan on sbtest8  (cost=35.27..4093.89 rows=1057 width=121)
	  Recheck Cond: ((id >= 664667) AND (id <= 665666))
	  ->  Bitmap Index Scan on sbtest8_pkey  (cost=0.00..35.01 rows=1057 width=0)
	        Index Cond: ((id >= 664667) AND (id <= 665666))

for: simple_ranges
table 1 : explain SELECT c FROM sbtest1 WHERE id BETWEEN 3343636 AND 3344635
	Bitmap Heap Scan on sbtest1  (cost=35.40..4142.76 rows=1070 width=121)
	  Recheck Cond: ((id >= 3343636) AND (id <= 3344635))
	  ->  Bitmap Index Scan on sbtest1_pkey  (cost=0.00..35.14 rows=1070 width=0)
	        Index Cond: ((id >= 3343636) AND (id <= 3344635))

table 2 : explain SELECT c FROM sbtest2 WHERE id BETWEEN 1855624 AND 1856623
	Bitmap Heap Scan on sbtest2  (cost=30.51..3810.71 rows=983 width=121)
	  Recheck Cond: ((id >= 1855624) AND (id <= 1856623))
	  ->  Bitmap Index Scan on sbtest2_pkey  (cost=0.00..30.26 rows=983 width=0)
	        Index Cond: ((id >= 1855624) AND (id <= 1856623))

table 3 : explain SELECT c FROM sbtest3 WHERE id BETWEEN 3689409 AND 3690408
	Bitmap Heap Scan on sbtest3  (cost=29.54..3451.10 rows=888 width=121)
	  Recheck Cond: ((id >= 3689409) AND (id <= 3690408))
	  ->  Bitmap Index Scan on sbtest3_pkey  (cost=0.00..29.32 rows=888 width=0)
	        Index Cond: ((id >= 3689409) AND (id <= 3690408))

table 4 : explain SELECT c FROM sbtest4 WHERE id BETWEEN 9841813 AND 9842812
	Bitmap Heap Scan on sbtest4  (cost=30.70..3878.95 rows=1001 width=121)
	  Recheck Cond: ((id >= 9841813) AND (id <= 9842812))
	  ->  Bitmap Index Scan on sbtest4_pkey  (cost=0.00..30.44 rows=1001 width=0)
	        Index Cond: ((id >= 9841813) AND (id <= 9842812))

table 5 : explain SELECT c FROM sbtest5 WHERE id BETWEEN 2197311 AND 2198310
	Bitmap Heap Scan on sbtest5  (cost=30.84..3931.53 rows=1015 width=121)
	  Recheck Cond: ((id >= 2197311) AND (id <= 2198310))
	  ->  Bitmap Index Scan on sbtest5_pkey  (cost=0.00..30.58 rows=1015 width=0)
	        Index Cond: ((id >= 2197311) AND (id <= 2198310))

table 6 : explain SELECT c FROM sbtest6 WHERE id BETWEEN 315007 AND 316006
	Bitmap Heap Scan on sbtest6  (cost=35.27..4093.51 rows=1057 width=121)
	  Recheck Cond: ((id >= 315007) AND (id <= 316006))
	  ->  Bitmap Index Scan on sbtest6_pkey  (cost=0.00..35.01 rows=1057 width=0)
	        Index Cond: ((id >= 315007) AND (id <= 316006))

table 7 : explain SELECT c FROM sbtest7 WHERE id BETWEEN 4497430 AND 4498429
	Bitmap Heap Scan on sbtest7  (cost=35.21..4071.31 rows=1051 width=121)
	  Recheck Cond: ((id >= 4497430) AND (id <= 4498429))
	  ->  Bitmap Index Scan on sbtest7_pkey  (cost=0.00..34.95 rows=1051 width=0)
	        Index Cond: ((id >= 4497430) AND (id <= 4498429))

table 8 : explain SELECT c FROM sbtest8 WHERE id BETWEEN 2942939 AND 2943938
	Bitmap Heap Scan on sbtest8  (cost=30.22..3704.93 rows=955 width=121)
	  Recheck Cond: ((id >= 2942939) AND (id <= 2943938))
	  ->  Bitmap Index Scan on sbtest8_pkey  (cost=0.00..29.98 rows=955 width=0)
	        Index Cond: ((id >= 2942939) AND (id <= 2943938))

for: distinct_ranges
table 1 : explain SELECT DISTINCT c FROM sbtest1 WHERE id BETWEEN 9432200 AND 9433199 ORDER BY c
	Unique  (cost=4162.00..4167.31 rows=1062 width=121)
	  ->  Sort  (cost=4162.00..4164.66 rows=1062 width=121)
	        Sort Key: c
	        ->  Bitmap Heap Scan on sbtest1  (cost=31.32..4108.63 rows=1062 width=121)
	              Recheck Cond: ((id >= 9432200) AND (id <= 9433199))
	              ->  Bitmap Index Scan on sbtest1_pkey  (cost=0.00..31.05 rows=1062 width=0)
	                    Index Cond: ((id >= 9432200) AND (id <= 9433199))

table 2 : explain SELECT DISTINCT c FROM sbtest2 WHERE id BETWEEN 9333352 AND 9334351 ORDER BY c
	Unique  (cost=4257.84..4263.27 rows=1086 width=121)
	  ->  Sort  (cost=4257.84..4260.56 rows=1086 width=121)
	        Sort Key: c
	        ->  Bitmap Heap Scan on sbtest2  (cost=35.57..4203.08 rows=1086 width=121)
	              Recheck Cond: ((id >= 9333352) AND (id <= 9334351))
	              ->  Bitmap Index Scan on sbtest2_pkey  (cost=0.00..35.30 rows=1086 width=0)
	                    Index Cond: ((id >= 9333352) AND (id <= 9334351))

table 3 : explain SELECT DISTINCT c FROM sbtest3 WHERE id BETWEEN 2007787 AND 2008786 ORDER BY c
	Unique  (cost=3897.65..3902.61 rows=993 width=121)
	  ->  Sort  (cost=3897.65..3900.13 rows=993 width=121)
	        Sort Key: c
	        ->  Bitmap Heap Scan on sbtest3  (cost=30.61..3848.22 rows=993 width=121)
	              Recheck Cond: ((id >= 2007787) AND (id <= 2008786))
	              ->  Bitmap Index Scan on sbtest3_pkey  (cost=0.00..30.36 rows=993 width=0)
	                    Index Cond: ((id >= 2007787) AND (id <= 2008786))

table 4 : explain SELECT DISTINCT c FROM sbtest4 WHERE id BETWEEN 7199578 AND 7200577 ORDER BY c
	Unique  (cost=3691.02..3695.71 rows=939 width=121)
	  ->  Sort  (cost=3691.02..3693.36 rows=939 width=121)
	        Sort Key: c
	        ->  Bitmap Heap Scan on sbtest4  (cost=30.06..3644.65 rows=939 width=121)
	              Recheck Cond: ((id >= 7199578) AND (id <= 7200577))
	              ->  Bitmap Index Scan on sbtest4_pkey  (cost=0.00..29.82 rows=939 width=0)
	                    Index Cond: ((id >= 7199578) AND (id <= 7200577))

table 5 : explain SELECT DISTINCT c FROM sbtest5 WHERE id BETWEEN 197651 AND 198650 ORDER BY c
	Unique  (cost=3790.56..3795.38 rows=965 width=121)
	  ->  Sort  (cost=3790.56..3792.97 rows=965 width=121)
	        Sort Key: c
	        ->  Bitmap Heap Scan on sbtest5  (cost=30.33..3742.72 rows=965 width=121)
	              Recheck Cond: ((id >= 197651) AND (id <= 198650))
	              ->  Bitmap Index Scan on sbtest5_pkey  (cost=0.00..30.08 rows=965 width=0)
	                    Index Cond: ((id >= 197651) AND (id <= 198650))

table 6 : explain SELECT DISTINCT c FROM sbtest6 WHERE id BETWEEN 7858553 AND 7859552 ORDER BY c
	Unique  (cost=3605.99..3610.57 rows=917 width=121)
	  ->  Sort  (cost=3605.99..3608.28 rows=917 width=121)
	        Sort Key: c
	        ->  Bitmap Heap Scan on sbtest6  (cost=29.83..3560.87 rows=917 width=121)
	              Recheck Cond: ((id >= 7858553) AND (id <= 7859552))
	              ->  Bitmap Index Scan on sbtest6_pkey  (cost=0.00..29.61 rows=917 width=0)
	                    Index Cond: ((id >= 7858553) AND (id <= 7859552))

table 7 : explain SELECT DISTINCT c FROM sbtest7 WHERE id BETWEEN 8173713 AND 8174712 ORDER BY c
	Unique  (cost=4124.05..4129.31 rows=1051 width=121)
	  ->  Sort  (cost=4124.05..4126.68 rows=1051 width=121)
	        Sort Key: c
	        ->  Bitmap Heap Scan on sbtest7  (cost=35.21..4071.31 rows=1051 width=121)
	              Recheck Cond: ((id >= 8173713) AND (id <= 8174712))
	              ->  Bitmap Index Scan on sbtest7_pkey  (cost=0.00..34.95 rows=1051 width=0)
	                    Index Cond: ((id >= 8173713) AND (id <= 8174712))

table 8 : explain SELECT DISTINCT c FROM sbtest8 WHERE id BETWEEN 905129 AND 906128 ORDER BY c
	Unique  (cost=3997.54..4002.64 rows=1019 width=121)
	  ->  Sort  (cost=3997.54..4000.09 rows=1019 width=121)
	        Sort Key: c
	        ->  Bitmap Heap Scan on sbtest8  (cost=30.88..3946.63 rows=1019 width=121)
	              Recheck Cond: ((id >= 905129) AND (id <= 906128))
	              ->  Bitmap Index Scan on sbtest8_pkey  (cost=0.00..30.62 rows=1019 width=0)
	                    Index Cond: ((id >= 905129) AND (id <= 906128))

for: distinct_ranges
table 1 : explain SELECT DISTINCT c FROM sbtest1 WHERE id BETWEEN 8991515 AND 8992514 ORDER BY c
	Unique  (cost=3863.34..3868.26 rows=984 width=121)
	  ->  Sort  (cost=3863.34..3865.80 rows=984 width=121)
	        Sort Key: c
	        ->  Bitmap Heap Scan on sbtest1  (cost=30.52..3814.42 rows=984 width=121)
	              Recheck Cond: ((id >= 8991515) AND (id <= 8992514))
	              ->  Bitmap Index Scan on sbtest1_pkey  (cost=0.00..30.27 rows=984 width=0)
	                    Index Cond: ((id >= 8991515) AND (id <= 8992514))

table 2 : explain SELECT DISTINCT c FROM sbtest2 WHERE id BETWEEN 6364255 AND 6365254 ORDER BY c
	Unique  (cost=4177.56..4182.88 rows=1065 width=121)
	  ->  Sort  (cost=4177.56..4180.22 rows=1065 width=121)
	        Sort Key: c
	        ->  Bitmap Heap Scan on sbtest2  (cost=35.35..4124.00 rows=1065 width=121)
	              Recheck Cond: ((id >= 6364255) AND (id <= 6365254))
	              ->  Bitmap Index Scan on sbtest2_pkey  (cost=0.00..35.09 rows=1065 width=0)
	                    Index Cond: ((id >= 6364255) AND (id <= 6365254))

table 3 : explain SELECT DISTINCT c FROM sbtest3 WHERE id BETWEEN 7792497 AND 7793496 ORDER BY c
	Unique  (cost=3567.63..3572.16 rows=907 width=121)
	  ->  Sort  (cost=3567.63..3569.89 rows=907 width=121)
	        Sort Key: c
	        ->  Bitmap Heap Scan on sbtest3  (cost=29.73..3523.07 rows=907 width=121)
	              Recheck Cond: ((id >= 7792497) AND (id <= 7793496))
	              ->  Bitmap Index Scan on sbtest3_pkey  (cost=0.00..29.50 rows=907 width=0)
	                    Index Cond: ((id >= 7792497) AND (id <= 7793496))

table 4 : explain SELECT DISTINCT c FROM sbtest4 WHERE id BETWEEN 1757010 AND 1758009 ORDER BY c
	Unique  (cost=4135.78..4141.05 rows=1054 width=121)
	  ->  Sort  (cost=4135.78..4138.42 rows=1054 width=121)
	        Sort Key: c
	        ->  Bitmap Heap Scan on sbtest4  (cost=35.24..4082.86 rows=1054 width=121)
	              Recheck Cond: ((id >= 1757010) AND (id <= 1758009))
	              ->  Bitmap Index Scan on sbtest4_pkey  (cost=0.00..34.98 rows=1054 width=0)
	                    Index Cond: ((id >= 1757010) AND (id <= 1758009))

table 5 : explain SELECT DISTINCT c FROM sbtest5 WHERE id BETWEEN 9916711 AND 9917710 ORDER BY c
	Unique  (cost=3790.56..3795.38 rows=965 width=121)
	  ->  Sort  (cost=3790.56..3792.97 rows=965 width=121)
	        Sort Key: c
	        ->  Bitmap Heap Scan on sbtest5  (cost=30.33..3742.72 rows=965 width=121)
	              Recheck Cond: ((id >= 9916711) AND (id <= 9917710))
	              ->  Bitmap Index Scan on sbtest5_pkey  (cost=0.00..30.08 rows=965 width=0)
	                    Index Cond: ((id >= 9916711) AND (id <= 9917710))

table 6 : explain SELECT DISTINCT c FROM sbtest6 WHERE id BETWEEN 3630001 AND 3631000 ORDER BY c
	Unique  (cost=3859.25..3864.17 rows=983 width=121)
	  ->  Sort  (cost=3859.25..3861.71 rows=983 width=121)
	        Sort Key: c
	        ->  Bitmap Heap Scan on sbtest6  (cost=30.51..3810.39 rows=983 width=121)
	              Recheck Cond: ((id >= 3630001) AND (id <= 3631000))
	              ->  Bitmap Index Scan on sbtest6_pkey  (cost=0.00..30.26 rows=983 width=0)
	                    Index Cond: ((id >= 3630001) AND (id <= 3631000))

table 7 : explain SELECT DISTINCT c FROM sbtest7 WHERE id BETWEEN 6167604 AND 6168603 ORDER BY c
	Unique  (cost=4043.68..4048.83 rows=1030 width=121)
	  ->  Sort  (cost=4043.68..4046.26 rows=1030 width=121)
	        Sort Key: c
	        ->  Bitmap Heap Scan on sbtest7  (cost=34.99..3992.14 rows=1030 width=121)
	              Recheck Cond: ((id >= 6167604) AND (id <= 6168603))
	              ->  Bitmap Index Scan on sbtest7_pkey  (cost=0.00..34.73 rows=1030 width=0)
	                    Index Cond: ((id >= 6167604) AND (id <= 6168603))

table 8 : explain SELECT DISTINCT c FROM sbtest8 WHERE id BETWEEN 241913 AND 242912 ORDER BY c
	Unique  (cost=4303.73..4309.22 rows=1098 width=121)
	  ->  Sort  (cost=4303.73..4306.47 rows=1098 width=121)
	        Sort Key: c
	        ->  Bitmap Heap Scan on sbtest8  (cost=35.69..4248.27 rows=1098 width=121)
	              Recheck Cond: ((id >= 241913) AND (id <= 242912))
	              ->  Bitmap Index Scan on sbtest8_pkey  (cost=0.00..35.42 rows=1098 width=0)
	                    Index Cond: ((id >= 241913) AND (id <= 242912))

for: distinct_ranges
table 1 : explain SELECT DISTINCT c FROM sbtest1 WHERE id BETWEEN 4905750 AND 4906749 ORDER BY c
	Unique  (cost=3836.50..3841.38 rows=977 width=121)
	  ->  Sort  (cost=3836.50..3838.94 rows=977 width=121)
	        Sort Key: c
	        ->  Bitmap Heap Scan on sbtest1  (cost=30.45..3787.98 rows=977 width=121)
	              Recheck Cond: ((id >= 4905750) AND (id <= 4906749))
	              ->  Bitmap Index Scan on sbtest1_pkey  (cost=0.00..30.20 rows=977 width=0)
	                    Index Cond: ((id >= 4905750) AND (id <= 4906749))

table 2 : explain SELECT DISTINCT c FROM sbtest2 WHERE id BETWEEN 4866595 AND 4867594 ORDER BY c
	Unique  (cost=3602.43..3607.01 rows=916 width=121)
	  ->  Sort  (cost=3602.43..3604.72 rows=916 width=121)
	        Sort Key: c
	        ->  Bitmap Heap Scan on sbtest2  (cost=29.82..3557.37 rows=916 width=121)
	              Recheck Cond: ((id >= 4866595) AND (id <= 4867594))
	              ->  Bitmap Index Scan on sbtest2_pkey  (cost=0.00..29.59 rows=916 width=0)
	                    Index Cond: ((id >= 4866595) AND (id <= 4867594))

table 3 : explain SELECT DISTINCT c FROM sbtest3 WHERE id BETWEEN 9238332 AND 9239331 ORDER BY c
	Unique  (cost=3809.48..3814.33 rows=970 width=121)
	  ->  Sort  (cost=3809.48..3811.90 rows=970 width=121)
	        Sort Key: c
	        ->  Bitmap Heap Scan on sbtest3  (cost=30.38..3761.35 rows=970 width=121)
	              Recheck Cond: ((id >= 9238332) AND (id <= 9239331))
	              ->  Bitmap Index Scan on sbtest3_pkey  (cost=0.00..30.14 rows=970 width=0)
	                    Index Cond: ((id >= 9238332) AND (id <= 9239331))

table 4 : explain SELECT DISTINCT c FROM sbtest4 WHERE id BETWEEN 1741345 AND 1742344 ORDER BY c
	Unique  (cost=4135.78..4141.05 rows=1054 width=121)
	  ->  Sort  (cost=4135.78..4138.42 rows=1054 width=121)
	        Sort Key: c
	        ->  Bitmap Heap Scan on sbtest4  (cost=35.24..4082.86 rows=1054 width=121)
	              Recheck Cond: ((id >= 1741345) AND (id <= 1742344))
	              ->  Bitmap Index Scan on sbtest4_pkey  (cost=0.00..34.98 rows=1054 width=0)
	                    Index Cond: ((id >= 1741345) AND (id <= 1742344))

table 5 : explain SELECT DISTINCT c FROM sbtest5 WHERE id BETWEEN 2949251 AND 2950250 ORDER BY c
	Unique  (cost=3859.59..3864.50 rows=983 width=121)
	  ->  Sort  (cost=3859.59..3862.05 rows=983 width=121)
	        Sort Key: c
	        ->  Bitmap Heap Scan on sbtest5  (cost=30.51..3810.73 rows=983 width=121)
	              Recheck Cond: ((id >= 2949251) AND (id <= 2950250))
	              ->  Bitmap Index Scan on sbtest5_pkey  (cost=0.00..30.26 rows=983 width=0)
	                    Index Cond: ((id >= 2949251) AND (id <= 2950250))

table 6 : explain SELECT DISTINCT c FROM sbtest6 WHERE id BETWEEN 1111488 AND 1112487 ORDER BY c
	Unique  (cost=3751.87..3756.65 rows=955 width=121)
	  ->  Sort  (cost=3751.87..3754.26 rows=955 width=121)
	        Sort Key: c
	        ->  Bitmap Heap Scan on sbtest6  (cost=30.22..3704.60 rows=955 width=121)
	              Recheck Cond: ((id >= 1111488) AND (id <= 1112487))
	              ->  Bitmap Index Scan on sbtest6_pkey  (cost=0.00..29.98 rows=955 width=0)
	                    Index Cond: ((id >= 1111488) AND (id <= 1112487))

table 7 : explain SELECT DISTINCT c FROM sbtest7 WHERE id BETWEEN 8153934 AND 8154933 ORDER BY c
	Unique  (cost=4124.05..4129.31 rows=1051 width=121)
	  ->  Sort  (cost=4124.05..4126.68 rows=1051 width=121)
	        Sort Key: c
	        ->  Bitmap Heap Scan on sbtest7  (cost=35.21..4071.31 rows=1051 width=121)
	              Recheck Cond: ((id >= 8153934) AND (id <= 8154933))
	              ->  Bitmap Index Scan on sbtest7_pkey  (cost=0.00..34.95 rows=1051 width=0)
	                    Index Cond: ((id >= 8153934) AND (id <= 8154933))

table 8 : explain SELECT DISTINCT c FROM sbtest8 WHERE id BETWEEN 9662543 AND 9663542 ORDER BY c
	Unique  (cost=3617.82..3622.42 rows=920 width=121)
	  ->  Sort  (cost=3617.82..3620.12 rows=920 width=121)
	        Sort Key: c
	        ->  Bitmap Heap Scan on sbtest8  (cost=29.87..3572.53 rows=920 width=121)
	              Recheck Cond: ((id >= 9662543) AND (id <= 9663542))
	              ->  Bitmap Index Scan on sbtest8_pkey  (cost=0.00..29.64 rows=920 width=0)
	                    Index Cond: ((id >= 9662543) AND (id <= 9663542))

for: distinct_ranges
table 1 : explain SELECT DISTINCT c FROM sbtest1 WHERE id BETWEEN 894928 AND 895927 ORDER BY c
	Unique  (cost=3844.17..3849.06 rows=979 width=121)
	  ->  Sort  (cost=3844.17..3846.62 rows=979 width=121)
	        Sort Key: c
	        ->  Bitmap Heap Scan on sbtest1  (cost=30.47..3795.53 rows=979 width=121)
	              Recheck Cond: ((id >= 894928) AND (id <= 895927))
	              ->  Bitmap Index Scan on sbtest1_pkey  (cost=0.00..30.22 rows=979 width=0)
	                    Index Cond: ((id >= 894928) AND (id <= 895927))

table 2 : explain SELECT DISTINCT c FROM sbtest2 WHERE id BETWEEN 9810963 AND 9811962 ORDER BY c
	Unique  (cost=3763.69..3768.48 rows=958 width=121)
	  ->  Sort  (cost=3763.69..3766.08 rows=958 width=121)
	        Sort Key: c
	        ->  Bitmap Heap Scan on sbtest2  (cost=30.25..3716.25 rows=958 width=121)
	              Recheck Cond: ((id >= 9810963) AND (id <= 9811962))
	              ->  Bitmap Index Scan on sbtest2_pkey  (cost=0.00..30.01 rows=958 width=0)
	                    Index Cond: ((id >= 9810963) AND (id <= 9811962))

table 3 : explain SELECT DISTINCT c FROM sbtest3 WHERE id BETWEEN 9703481 AND 9704480 ORDER BY c
	Unique  (cost=3790.30..3795.12 rows=965 width=121)
	  ->  Sort  (cost=3790.30..3792.71 rows=965 width=121)
	        Sort Key: c
	        ->  Bitmap Heap Scan on sbtest3  (cost=30.33..3742.46 rows=965 width=121)
	              Recheck Cond: ((id >= 9703481) AND (id <= 9704480))
	              ->  Bitmap Index Scan on sbtest3_pkey  (cost=0.00..30.08 rows=965 width=0)
	                    Index Cond: ((id >= 9703481) AND (id <= 9704480))

table 4 : explain SELECT DISTINCT c FROM sbtest4 WHERE id BETWEEN 4122918 AND 4123917 ORDER BY c
	Unique  (cost=3783.13..3787.95 rows=963 width=121)
	  ->  Sort  (cost=3783.13..3785.54 rows=963 width=121)
	        Sort Key: c
	        ->  Bitmap Heap Scan on sbtest4  (cost=30.31..3735.41 rows=963 width=121)
	              Recheck Cond: ((id >= 4122918) AND (id <= 4123917))
	              ->  Bitmap Index Scan on sbtest4_pkey  (cost=0.00..30.07 rows=963 width=0)
	                    Index Cond: ((id >= 4122918) AND (id <= 4123917))

table 5 : explain SELECT DISTINCT c FROM sbtest5 WHERE id BETWEEN 2366275 AND 2367274 ORDER BY c
	Unique  (cost=4012.85..4017.96 rows=1023 width=121)
	  ->  Sort  (cost=4012.85..4015.41 rows=1023 width=121)
	        Sort Key: c
	        ->  Bitmap Heap Scan on sbtest5  (cost=30.92..3961.71 rows=1023 width=121)
	              Recheck Cond: ((id >= 2366275) AND (id <= 2367274))
	              ->  Bitmap Index Scan on sbtest5_pkey  (cost=0.00..30.66 rows=1023 width=0)
	                    Index Cond: ((id >= 2366275) AND (id <= 2367274))

table 6 : explain SELECT DISTINCT c FROM sbtest6 WHERE id BETWEEN 7580036 AND 7581035 ORDER BY c
	Unique  (cost=3732.69..3737.44 rows=950 width=121)
	  ->  Sort  (cost=3732.69..3735.06 rows=950 width=121)
	        Sort Key: c
	        ->  Bitmap Heap Scan on sbtest6  (cost=30.17..3685.70 rows=950 width=121)
	              Recheck Cond: ((id >= 7580036) AND (id <= 7581035))
	              ->  Bitmap Index Scan on sbtest6_pkey  (cost=0.00..29.93 rows=950 width=0)
	                    Index Cond: ((id >= 7580036) AND (id <= 7581035))

table 7 : explain SELECT DISTINCT c FROM sbtest7 WHERE id BETWEEN 6860066 AND 6861065 ORDER BY c
	Unique  (cost=4051.34..4056.50 rows=1032 width=121)
	  ->  Sort  (cost=4051.34..4053.92 rows=1032 width=121)
	        Sort Key: c
	        ->  Bitmap Heap Scan on sbtest7  (cost=35.01..3999.68 rows=1032 width=121)
	              Recheck Cond: ((id >= 6860066) AND (id <= 6861065))
	              ->  Bitmap Index Scan on sbtest7_pkey  (cost=0.00..34.76 rows=1032 width=0)
	                    Index Cond: ((id >= 6860066) AND (id <= 6861065))

table 8 : explain SELECT DISTINCT c FROM sbtest8 WHERE id BETWEEN 6468246 AND 6469245 ORDER BY c
	Unique  (cost=4066.63..4071.81 rows=1036 width=121)
	  ->  Sort  (cost=4066.63..4069.22 rows=1036 width=121)
	        Sort Key: c
	        ->  Bitmap Heap Scan on sbtest8  (cost=35.05..4014.74 rows=1036 width=121)
	              Recheck Cond: ((id >= 6468246) AND (id <= 6469245))
	              ->  Bitmap Index Scan on sbtest8_pkey  (cost=0.00..34.80 rows=1036 width=0)
	                    Index Cond: ((id >= 6468246) AND (id <= 6469245))

for: sum_ranges
table 1 : explain SELECT SUM(k) FROM sbtest1 WHERE id BETWEEN 8146686 AND 8147685
	Aggregate  (cost=3858.44..3858.45 rows=1 width=8)
	  ->  Bitmap Heap Scan on sbtest1  (cost=30.63..3855.96 rows=995 width=4)
	        Recheck Cond: ((id >= 8146686) AND (id <= 8147685))
	        ->  Bitmap Index Scan on sbtest1_pkey  (cost=0.00..30.39 rows=995 width=0)
	              Index Cond: ((id >= 8146686) AND (id <= 8147685))

table 2 : explain SELECT SUM(k) FROM sbtest2 WHERE id BETWEEN 7754393 AND 7755392
	Aggregate  (cost=4047.48..4047.49 rows=1 width=8)
	  ->  Bitmap Heap Scan on sbtest2  (cost=35.14..4044.87 rows=1044 width=4)
	        Recheck Cond: ((id >= 7754393) AND (id <= 7755392))
	        ->  Bitmap Index Scan on sbtest2_pkey  (cost=0.00..34.88 rows=1044 width=0)
	              Index Cond: ((id >= 7754393) AND (id <= 7755392))

table 3 : explain SELECT SUM(k) FROM sbtest3 WHERE id BETWEEN 5253867 AND 5254866
	Aggregate  (cost=3354.70..3354.71 rows=1 width=8)
	  ->  Bitmap Heap Scan on sbtest3  (cost=29.27..3352.55 rows=862 width=4)
	        Recheck Cond: ((id >= 5253867) AND (id <= 5254866))
	        ->  Bitmap Index Scan on sbtest3_pkey  (cost=0.00..29.05 rows=862 width=0)
	              Index Cond: ((id >= 5253867) AND (id <= 5254866))

table 4 : explain SELECT SUM(k) FROM sbtest4 WHERE id BETWEEN 7621522 AND 7622521
	Aggregate  (cost=3990.96..3990.97 rows=1 width=8)
	  ->  Bitmap Heap Scan on sbtest4  (cost=30.99..3988.38 rows=1030 width=4)
	        Recheck Cond: ((id >= 7621522) AND (id <= 7622521))
	        ->  Bitmap Index Scan on sbtest4_pkey  (cost=0.00..30.73 rows=1030 width=0)
	              Index Cond: ((id >= 7621522) AND (id <= 7622521))

table 5 : explain SELECT SUM(k) FROM sbtest5 WHERE id BETWEEN 6982841 AND 6983840
	Aggregate  (cost=4303.71..4303.72 rows=1 width=8)
	  ->  Bitmap Heap Scan on sbtest5  (cost=35.83..4300.93 rows=1112 width=4)
	        Recheck Cond: ((id >= 6982841) AND (id <= 6983840))
	        ->  Bitmap Index Scan on sbtest5_pkey  (cost=0.00..35.56 rows=1112 width=0)
	              Index Cond: ((id >= 6982841) AND (id <= 6983840))

table 6 : explain SELECT SUM(k) FROM sbtest6 WHERE id BETWEEN 6186158 AND 6187157
	Aggregate  (cost=3790.18..3790.19 rows=1 width=8)
	  ->  Bitmap Heap Scan on sbtest6  (cost=30.45..3787.73 rows=977 width=4)
	        Recheck Cond: ((id >= 6186158) AND (id <= 6187157))
	        ->  Bitmap Index Scan on sbtest6_pkey  (cost=0.00..30.20 rows=977 width=0)
	              Index Cond: ((id >= 6186158) AND (id <= 6187157))

table 7 : explain SELECT SUM(k) FROM sbtest7 WHERE id BETWEEN 4729842 AND 4730841
	Aggregate  (cost=3896.33..3896.34 rows=1 width=8)
	  ->  Bitmap Heap Scan on sbtest7  (cost=30.74..3893.82 rows=1005 width=4)
	        Recheck Cond: ((id >= 4729842) AND (id <= 4730841))
	        ->  Bitmap Index Scan on sbtest7_pkey  (cost=0.00..30.48 rows=1005 width=0)
	              Index Cond: ((id >= 4729842) AND (id <= 4730841))

table 8 : explain SELECT SUM(k) FROM sbtest8 WHERE id BETWEEN 2451957 AND 2452956
	Aggregate  (cost=3373.90..3373.91 rows=1 width=8)
	  ->  Bitmap Heap Scan on sbtest8  (cost=29.32..3371.74 rows=867 width=4)
	        Recheck Cond: ((id >= 2451957) AND (id <= 2452956))
	        ->  Bitmap Index Scan on sbtest8_pkey  (cost=0.00..29.11 rows=867 width=0)
	              Index Cond: ((id >= 2451957) AND (id <= 2452956))

for: sum_ranges
table 1 : explain SELECT SUM(k) FROM sbtest1 WHERE id BETWEEN 869644 AND 870643
	Aggregate  (cost=3797.98..3797.99 rows=1 width=8)
	  ->  Bitmap Heap Scan on sbtest1  (cost=30.47..3795.53 rows=979 width=4)
	        Recheck Cond: ((id >= 869644) AND (id <= 870643))
	        ->  Bitmap Index Scan on sbtest1_pkey  (cost=0.00..30.22 rows=979 width=0)
	              Index Cond: ((id >= 869644) AND (id <= 870643))

table 2 : explain SELECT SUM(k) FROM sbtest2 WHERE id BETWEEN 217325 AND 218324
	Aggregate  (cost=4111.59..4111.60 rows=1 width=8)
	  ->  Bitmap Heap Scan on sbtest2  (cost=35.31..4108.94 rows=1061 width=4)
	        Recheck Cond: ((id >= 217325) AND (id <= 218324))
	        ->  Bitmap Index Scan on sbtest2_pkey  (cost=0.00..35.05 rows=1061 width=0)
	              Index Cond: ((id >= 217325) AND (id <= 218324))

table 3 : explain SELECT SUM(k) FROM sbtest3 WHERE id BETWEEN 9130642 AND 9131641
	Aggregate  (cost=4058.52..4058.53 rows=1 width=8)
	  ->  Bitmap Heap Scan on sbtest3  (cost=35.17..4055.91 rows=1047 width=4)
	        Recheck Cond: ((id >= 9130642) AND (id <= 9131641))
	        ->  Bitmap Index Scan on sbtest3_pkey  (cost=0.00..34.91 rows=1047 width=0)
	              Index Cond: ((id >= 9130642) AND (id <= 9131641))

table 4 : explain SELECT SUM(k) FROM sbtest4 WHERE id BETWEEN 2021011 AND 2022010
	Aggregate  (cost=3586.42..3586.43 rows=1 width=8)
	  ->  Bitmap Heap Scan on sbtest4  (cost=29.90..3584.11 rows=923 width=4)
	        Recheck Cond: ((id >= 2021011) AND (id <= 2022010))
	        ->  Bitmap Index Scan on sbtest4_pkey  (cost=0.00..29.66 rows=923 width=0)
	              Index Cond: ((id >= 2021011) AND (id <= 2022010))

table 5 : explain SELECT SUM(k) FROM sbtest5 WHERE id BETWEEN 3393954 AND 3394953
	Aggregate  (cost=3533.15..3533.16 rows=1 width=8)
	  ->  Bitmap Heap Scan on sbtest5  (cost=29.75..3530.88 rows=909 width=4)
	        Recheck Cond: ((id >= 3393954) AND (id <= 3394953))
	        ->  Bitmap Index Scan on sbtest5_pkey  (cost=0.00..29.52 rows=909 width=0)
	              Index Cond: ((id >= 3393954) AND (id <= 3394953))

table 6 : explain SELECT SUM(k) FROM sbtest6 WHERE id BETWEEN 8181922 AND 8182921
	Aggregate  (cost=4069.76..4069.77 rows=1 width=8)
	  ->  Bitmap Heap Scan on sbtest6  (cost=35.20..4067.14 rows=1050 width=4)
	        Recheck Cond: ((id >= 8181922) AND (id <= 8182921))
	        ->  Bitmap Index Scan on sbtest6_pkey  (cost=0.00..34.94 rows=1050 width=0)
	              Index Cond: ((id >= 8181922) AND (id <= 8182921))

table 7 : explain SELECT SUM(k) FROM sbtest7 WHERE id BETWEEN 8099716 AND 8100715
	Aggregate  (cost=3918.99..3919.00 rows=1 width=8)
	  ->  Bitmap Heap Scan on sbtest7  (cost=30.80..3916.47 rows=1011 width=4)
	        Recheck Cond: ((id >= 8099716) AND (id <= 8100715))
	        ->  Bitmap Index Scan on sbtest7_pkey  (cost=0.00..30.54 rows=1011 width=0)
	              Index Cond: ((id >= 8099716) AND (id <= 8100715))

table 8 : explain SELECT SUM(k) FROM sbtest8 WHERE id BETWEEN 5883502 AND 5884501
	Aggregate  (cost=3945.40..3945.41 rows=1 width=8)
	  ->  Bitmap Heap Scan on sbtest8  (cost=30.87..3942.86 rows=1018 width=4)
	        Recheck Cond: ((id >= 5883502) AND (id <= 5884501))
	        ->  Bitmap Index Scan on sbtest8_pkey  (cost=0.00..30.61 rows=1018 width=0)
	              Index Cond: ((id >= 5883502) AND (id <= 5884501))

for point_selects
table 1 : explain SELECT c FROM sbtest1 WHERE id=8316287
	Index Scan using sbtest1_pkey on sbtest1  (cost=0.43..8.45 rows=1 width=121)
	  Index Cond: (id = 8316287)

table 2 : explain SELECT c FROM sbtest2 WHERE id=9174242
	Index Scan using sbtest2_pkey on sbtest2  (cost=0.43..8.45 rows=1 width=121)
	  Index Cond: (id = 9174242)

table 3 : explain SELECT c FROM sbtest3 WHERE id=6739236
	Index Scan using sbtest3_pkey on sbtest3  (cost=0.43..8.45 rows=1 width=121)
	  Index Cond: (id = 6739236)

table 4 : explain SELECT c FROM sbtest4 WHERE id=7508848
	Index Scan using sbtest4_pkey on sbtest4  (cost=0.43..8.45 rows=1 width=121)
	  Index Cond: (id = 7508848)

table 5 : explain SELECT c FROM sbtest5 WHERE id=3768415
	Index Scan using sbtest5_pkey on sbtest5  (cost=0.43..8.45 rows=1 width=121)
	  Index Cond: (id = 3768415)

table 6 : explain SELECT c FROM sbtest6 WHERE id=3463871
	Index Scan using sbtest6_pkey on sbtest6  (cost=0.43..8.45 rows=1 width=121)
	  Index Cond: (id = 3463871)

table 7 : explain SELECT c FROM sbtest7 WHERE id=8811823
	Index Scan using sbtest7_pkey on sbtest7  (cost=0.43..8.45 rows=1 width=121)
	  Index Cond: (id = 8811823)

table 8 : explain SELECT c FROM sbtest8 WHERE id=5484334
	Index Scan using sbtest8_pkey on sbtest8  (cost=0.43..8.45 rows=1 width=121)
	  Index Cond: (id = 5484334)

for point_selects
table 1 : explain SELECT c FROM sbtest1 WHERE id=209624
	Index Scan using sbtest1_pkey on sbtest1  (cost=0.43..8.45 rows=1 width=121)
	  Index Cond: (id = 209624)

table 2 : explain SELECT c FROM sbtest2 WHERE id=3349955
	Index Scan using sbtest2_pkey on sbtest2  (cost=0.43..8.45 rows=1 width=121)
	  Index Cond: (id = 3349955)

table 3 : explain SELECT c FROM sbtest3 WHERE id=2256447
	Index Scan using sbtest3_pkey on sbtest3  (cost=0.43..8.45 rows=1 width=121)
	  Index Cond: (id = 2256447)

table 4 : explain SELECT c FROM sbtest4 WHERE id=4152344
	Index Scan using sbtest4_pkey on sbtest4  (cost=0.43..8.45 rows=1 width=121)
	  Index Cond: (id = 4152344)

table 5 : explain SELECT c FROM sbtest5 WHERE id=513823
	Index Scan using sbtest5_pkey on sbtest5  (cost=0.43..8.45 rows=1 width=121)
	  Index Cond: (id = 513823)

table 6 : explain SELECT c FROM sbtest6 WHERE id=3339812
	Index Scan using sbtest6_pkey on sbtest6  (cost=0.43..8.45 rows=1 width=121)
	  Index Cond: (id = 3339812)

table 7 : explain SELECT c FROM sbtest7 WHERE id=5758746
	Index Scan using sbtest7_pkey on sbtest7  (cost=0.43..8.45 rows=1 width=121)
	  Index Cond: (id = 5758746)

table 8 : explain SELECT c FROM sbtest8 WHERE id=7539751
	Index Scan using sbtest8_pkey on sbtest8  (cost=0.43..8.45 rows=1 width=121)
	  Index Cond: (id = 7539751)

for: sum_ranges
table 1 : explain SELECT SUM(k) FROM sbtest1 WHERE id BETWEEN 7773140 AND 7774139
	Aggregate  (cost=3658.04..3658.05 rows=1 width=8)
	  ->  Bitmap Heap Scan on sbtest1  (cost=30.09..3655.69 rows=942 width=4)
	        Recheck Cond: ((id >= 7773140) AND (id <= 7774139))
	        ->  Bitmap Index Scan on sbtest1_pkey  (cost=0.00..29.86 rows=942 width=0)
	              Index Cond: ((id >= 7773140) AND (id <= 7774139))

table 2 : explain SELECT SUM(k) FROM sbtest2 WHERE id BETWEEN 8497307 AND 8498306
	Aggregate  (cost=3639.18..3639.19 rows=1 width=8)
	  ->  Bitmap Heap Scan on sbtest2  (cost=30.04..3636.84 rows=937 width=4)
	        Recheck Cond: ((id >= 8497307) AND (id <= 8498306))
	        ->  Bitmap Index Scan on sbtest2_pkey  (cost=0.00..29.80 rows=937 width=0)
	              Index Cond: ((id >= 8497307) AND (id <= 8498306))

table 3 : explain SELECT SUM(k) FROM sbtest3 WHERE id BETWEEN 8998194 AND 8999193
	Aggregate  (cost=3710.84..3710.85 rows=1 width=8)
	  ->  Bitmap Heap Scan on sbtest3  (cost=30.23..3708.45 rows=956 width=4)
	        Recheck Cond: ((id >= 8998194) AND (id <= 8999193))
	        ->  Bitmap Index Scan on sbtest3_pkey  (cost=0.00..30.00 rows=956 width=0)
	              Index Cond: ((id >= 8998194) AND (id <= 8999193))

table 4 : explain SELECT SUM(k) FROM sbtest4 WHERE id BETWEEN 2236327 AND 2237326
	Aggregate  (cost=3722.69..3722.70 rows=1 width=8)
	  ->  Bitmap Heap Scan on sbtest4  (cost=30.26..3720.29 rows=959 width=4)
	        Recheck Cond: ((id >= 2236327) AND (id <= 2237326))
	        ->  Bitmap Index Scan on sbtest4_pkey  (cost=0.00..30.02 rows=959 width=0)
	              Index Cond: ((id >= 2236327) AND (id <= 2237326))

table 5 : explain SELECT SUM(k) FROM sbtest5 WHERE id BETWEEN 6941017 AND 6942016
	Aggregate  (cost=4303.71..4303.72 rows=1 width=8)
	  ->  Bitmap Heap Scan on sbtest5  (cost=35.83..4300.93 rows=1112 width=4)
	        Recheck Cond: ((id >= 6941017) AND (id <= 6942016))
	        ->  Bitmap Index Scan on sbtest5_pkey  (cost=0.00..35.56 rows=1112 width=0)
	              Index Cond: ((id >= 6941017) AND (id <= 6942016))

table 6 : explain SELECT SUM(k) FROM sbtest6 WHERE id BETWEEN 100582 AND 101581
	Aggregate  (cost=3646.45..3646.46 rows=1 width=8)
	  ->  Bitmap Heap Scan on sbtest6  (cost=30.06..3644.11 rows=939 width=4)
	        Recheck Cond: ((id >= 100582) AND (id <= 101581))
	        ->  Bitmap Index Scan on sbtest6_pkey  (cost=0.00..29.82 rows=939 width=0)
	              Index Cond: ((id >= 100582) AND (id <= 101581))

table 7 : explain SELECT SUM(k) FROM sbtest7 WHERE id BETWEEN 9036701 AND 9037700
	Aggregate  (cost=4047.53..4047.54 rows=1 width=8)
	  ->  Bitmap Heap Scan on sbtest7  (cost=35.14..4044.92 rows=1044 width=4)
	        Recheck Cond: ((id >= 9036701) AND (id <= 9037700))
	        ->  Bitmap Index Scan on sbtest7_pkey  (cost=0.00..34.88 rows=1044 width=0)
	              Index Cond: ((id >= 9036701) AND (id <= 9037700))

table 8 : explain SELECT SUM(k) FROM sbtest8 WHERE id BETWEEN 6167829 AND 6168828
	Aggregate  (cost=4006.01..4006.02 rows=1 width=8)
	  ->  Bitmap Heap Scan on sbtest8  (cost=35.02..4003.43 rows=1033 width=4)
	        Recheck Cond: ((id >= 6167829) AND (id <= 6168828))
	        ->  Bitmap Index Scan on sbtest8_pkey  (cost=0.00..34.77 rows=1033 width=0)
	              Index Cond: ((id >= 6167829) AND (id <= 6168828))

for point_selects
table 1 : explain SELECT c FROM sbtest1 WHERE id=4560493
	Index Scan using sbtest1_pkey on sbtest1  (cost=0.43..8.45 rows=1 width=121)
	  Index Cond: (id = 4560493)

table 2 : explain SELECT c FROM sbtest2 WHERE id=9979007
	Index Scan using sbtest2_pkey on sbtest2  (cost=0.43..8.45 rows=1 width=121)
	  Index Cond: (id = 9979007)

table 3 : explain SELECT c FROM sbtest3 WHERE id=8161783
	Index Scan using sbtest3_pkey on sbtest3  (cost=0.43..8.45 rows=1 width=121)
	  Index Cond: (id = 8161783)

table 4 : explain SELECT c FROM sbtest4 WHERE id=8176424
	Index Scan using sbtest4_pkey on sbtest4  (cost=0.43..8.45 rows=1 width=121)
	  Index Cond: (id = 8176424)

table 5 : explain SELECT c FROM sbtest5 WHERE id=8796099
	Index Scan using sbtest5_pkey on sbtest5  (cost=0.43..8.45 rows=1 width=121)
	  Index Cond: (id = 8796099)

table 6 : explain SELECT c FROM sbtest6 WHERE id=7253473
	Index Scan using sbtest6_pkey on sbtest6  (cost=0.43..8.45 rows=1 width=121)
	  Index Cond: (id = 7253473)

table 7 : explain SELECT c FROM sbtest7 WHERE id=2244086
	Index Scan using sbtest7_pkey on sbtest7  (cost=0.43..8.45 rows=1 width=121)
	  Index Cond: (id = 2244086)

table 8 : explain SELECT c FROM sbtest8 WHERE id=8387632
	Index Scan using sbtest8_pkey on sbtest8  (cost=0.43..8.45 rows=1 width=121)
	  Index Cond: (id = 8387632)

for: order_ranges
table 1 : explain SELECT c FROM sbtest1 WHERE id BETWEEN 978347 AND 979346 ORDER BY c
	Sort  (cost=3644.62..3646.94 rows=927 width=121)
	  Sort Key: c
	  ->  Bitmap Heap Scan on sbtest1  (cost=29.94..3598.94 rows=927 width=121)
	        Recheck Cond: ((id >= 978347) AND (id <= 979346))
	        ->  Bitmap Index Scan on sbtest1_pkey  (cost=0.00..29.70 rows=927 width=0)
	              Index Cond: ((id >= 978347) AND (id <= 979346))

table 2 : explain SELECT c FROM sbtest2 WHERE id BETWEEN 3803764 AND 3804763 ORDER BY c
	Sort  (cost=4250.20..4252.91 rows=1084 width=121)
	  Sort Key: c
	  ->  Bitmap Heap Scan on sbtest2  (cost=35.55..4195.55 rows=1084 width=121)
	        Recheck Cond: ((id >= 3803764) AND (id <= 3804763))
	        ->  Bitmap Index Scan on sbtest2_pkey  (cost=0.00..35.28 rows=1084 width=0)
	              Index Cond: ((id >= 3803764) AND (id <= 3804763))

table 3 : explain SELECT c FROM sbtest3 WHERE id BETWEEN 271772 AND 272771 ORDER BY c
	Sort  (cost=3851.65..3854.11 rows=981 width=121)
	  Sort Key: c
	  ->  Bitmap Heap Scan on sbtest3  (cost=30.49..3802.91 rows=981 width=121)
	        Recheck Cond: ((id >= 271772) AND (id <= 272771))
	        ->  Bitmap Index Scan on sbtest3_pkey  (cost=0.00..30.25 rows=981 width=0)
	              Index Cond: ((id >= 271772) AND (id <= 272771))

table 4 : explain SELECT c FROM sbtest4 WHERE id BETWEEN 617458 AND 618457 ORDER BY c
	Sort  (cost=4116.65..4119.27 rows=1049 width=121)
	  Sort Key: c
	  ->  Bitmap Heap Scan on sbtest4  (cost=35.19..4064.02 rows=1049 width=121)
	        Recheck Cond: ((id >= 617458) AND (id <= 618457))
	        ->  Bitmap Index Scan on sbtest4_pkey  (cost=0.00..34.93 rows=1049 width=0)
	              Index Cond: ((id >= 617458) AND (id <= 618457))

table 5 : explain SELECT c FROM sbtest5 WHERE id BETWEEN 1366337 AND 1367336 ORDER BY c
	Sort  (cost=4016.68..4019.24 rows=1024 width=121)
	  Sort Key: c
	  ->  Bitmap Heap Scan on sbtest5  (cost=30.93..3965.48 rows=1024 width=121)
	        Recheck Cond: ((id >= 1366337) AND (id <= 1367336))
	        ->  Bitmap Index Scan on sbtest5_pkey  (cost=0.00..30.68 rows=1024 width=0)
	              Index Cond: ((id >= 1366337) AND (id <= 1367336))

table 6 : explain SELECT c FROM sbtest6 WHERE id BETWEEN 426336 AND 427335 ORDER BY c
	Sort  (cost=4039.47..4042.04 rows=1029 width=121)
	  Sort Key: c
	  ->  Bitmap Heap Scan on sbtest6  (cost=34.98..3987.98 rows=1029 width=121)
	        Recheck Cond: ((id >= 426336) AND (id <= 427335))
	        ->  Bitmap Index Scan on sbtest6_pkey  (cost=0.00..34.73 rows=1029 width=0)
	              Index Cond: ((id >= 426336) AND (id <= 427335))

table 7 : explain SELECT c FROM sbtest7 WHERE id BETWEEN 2926004 AND 2927003 ORDER BY c
	Sort  (cost=4425.95..4428.78 rows=1130 width=121)
	  Sort Key: c
	  ->  Bitmap Heap Scan on sbtest7  (cost=36.02..4368.65 rows=1130 width=121)
	        Recheck Cond: ((id >= 2926004) AND (id <= 2927003))
	        ->  Bitmap Index Scan on sbtest7_pkey  (cost=0.00..35.73 rows=1130 width=0)
	              Index Cond: ((id >= 2926004) AND (id <= 2927003))

table 8 : explain SELECT c FROM sbtest8 WHERE id BETWEEN 3168011 AND 3169010 ORDER BY c
	Sort  (cost=3851.93..3854.38 rows=981 width=121)
	  Sort Key: c
	  ->  Bitmap Heap Scan on sbtest8  (cost=30.49..3803.18 rows=981 width=121)
	        Recheck Cond: ((id >= 3168011) AND (id <= 3169010))
	        ->  Bitmap Index Scan on sbtest8_pkey  (cost=0.00..30.25 rows=981 width=0)
	              Index Cond: ((id >= 3168011) AND (id <= 3169010))

for: simple_ranges
table 1 : explain SELECT c FROM sbtest1 WHERE id BETWEEN 9435602 AND 9436601
	Bitmap Heap Scan on sbtest1  (cost=31.32..4108.63 rows=1062 width=121)
	  Recheck Cond: ((id >= 9435602) AND (id <= 9436601))
	  ->  Bitmap Index Scan on sbtest1_pkey  (cost=0.00..31.05 rows=1062 width=0)
	        Index Cond: ((id >= 9435602) AND (id <= 9436601))

table 2 : explain SELECT c FROM sbtest2 WHERE id BETWEEN 4561829 AND 4562828
	Bitmap Heap Scan on sbtest2  (cost=29.79..3546.01 rows=913 width=121)
	  Recheck Cond: ((id >= 4561829) AND (id <= 4562828))
	  ->  Bitmap Index Scan on sbtest2_pkey  (cost=0.00..29.57 rows=913 width=0)
	        Index Cond: ((id >= 4561829) AND (id <= 4562828))

table 3 : explain SELECT c FROM sbtest3 WHERE id BETWEEN 4362766 AND 4363765
	Bitmap Heap Scan on sbtest3  (cost=30.80..3916.16 rows=1011 width=121)
	  Recheck Cond: ((id >= 4362766) AND (id <= 4363765))
	  ->  Bitmap Index Scan on sbtest3_pkey  (cost=0.00..30.54 rows=1011 width=0)
	        Index Cond: ((id >= 4362766) AND (id <= 4363765))

table 4 : explain SELECT c FROM sbtest4 WHERE id BETWEEN 3855656 AND 3856655
	Bitmap Heap Scan on sbtest4  (cost=30.66..3867.63 rows=998 width=121)
	  Recheck Cond: ((id >= 3855656) AND (id <= 3856655))
	  ->  Bitmap Index Scan on sbtest4_pkey  (cost=0.00..30.41 rows=998 width=0)
	        Index Cond: ((id >= 3855656) AND (id <= 3856655))

table 5 : explain SELECT c FROM sbtest5 WHERE id BETWEEN 8641967 AND 8642966
	Bitmap Heap Scan on sbtest5  (cost=30.89..3950.39 rows=1020 width=121)
	  Recheck Cond: ((id >= 8641967) AND (id <= 8642966))
	  ->  Bitmap Index Scan on sbtest5_pkey  (cost=0.00..30.64 rows=1020 width=0)
	        Index Cond: ((id >= 8641967) AND (id <= 8642966))

table 6 : explain SELECT c FROM sbtest6 WHERE id BETWEEN 3276718 AND 3277717
	Bitmap Heap Scan on sbtest6  (cost=29.79..3545.73 rows=913 width=121)
	  Recheck Cond: ((id >= 3276718) AND (id <= 3277717))
	  ->  Bitmap Index Scan on sbtest6_pkey  (cost=0.00..29.57 rows=913 width=0)
	        Index Cond: ((id >= 3276718) AND (id <= 3277717))

table 7 : explain SELECT c FROM sbtest7 WHERE id BETWEEN 7150266 AND 7151265
	Bitmap Heap Scan on sbtest7  (cost=30.34..3746.53 rows=966 width=121)
	  Recheck Cond: ((id >= 7150266) AND (id <= 7151265))
	  ->  Bitmap Index Scan on sbtest7_pkey  (cost=0.00..30.09 rows=966 width=0)
	        Index Cond: ((id >= 7150266) AND (id <= 7151265))

table 8 : explain SELECT c FROM sbtest8 WHERE id BETWEEN 9963582 AND 9964581
	Bitmap Heap Scan on sbtest8  (cost=29.79..3546.03 rows=913 width=121)
	  Recheck Cond: ((id >= 9963582) AND (id <= 9964581))
	  ->  Bitmap Index Scan on sbtest8_pkey  (cost=0.00..29.57 rows=913 width=0)
	        Index Cond: ((id >= 9963582) AND (id <= 9964581))

for: simple_ranges
table 1 : explain SELECT c FROM sbtest1 WHERE id BETWEEN 5080202 AND 5081201
	Bitmap Heap Scan on sbtest1  (cost=35.56..4199.24 rows=1085 width=121)
	  Recheck Cond: ((id >= 5080202) AND (id <= 5081201))
	  ->  Bitmap Index Scan on sbtest1_pkey  (cost=0.00..35.29 rows=1085 width=0)
	        Index Cond: ((id >= 5080202) AND (id <= 5081201))

table 2 : explain SELECT c FROM sbtest2 WHERE id BETWEEN 9880375 AND 9881374
	Bitmap Heap Scan on sbtest2  (cost=30.25..3716.25 rows=958 width=121)
	  Recheck Cond: ((id >= 9880375) AND (id <= 9881374))
	  ->  Bitmap Index Scan on sbtest2_pkey  (cost=0.00..30.01 rows=958 width=0)
	        Index Cond: ((id >= 9880375) AND (id <= 9881374))

table 3 : explain SELECT c FROM sbtest3 WHERE id BETWEEN 7597507 AND 7598506
	Bitmap Heap Scan on sbtest3  (cost=29.50..3435.95 rows=884 width=121)
	  Recheck Cond: ((id >= 7597507) AND (id <= 7598506))
	  ->  Bitmap Index Scan on sbtest3_pkey  (cost=0.00..29.27 rows=884 width=0)
	        Index Cond: ((id >= 7597507) AND (id <= 7598506))

table 4 : explain SELECT c FROM sbtest4 WHERE id BETWEEN 6665457 AND 6666456
	Bitmap Heap Scan on sbtest4  (cost=30.26..3720.29 rows=959 width=121)
	  Recheck Cond: ((id >= 6665457) AND (id <= 6666456))
	  ->  Bitmap Index Scan on sbtest4_pkey  (cost=0.00..30.02 rows=959 width=0)
	        Index Cond: ((id >= 6665457) AND (id <= 6666456))

table 5 : explain SELECT c FROM sbtest5 WHERE id BETWEEN 9290694 AND 9291693
	Bitmap Heap Scan on sbtest5  (cost=30.78..3908.89 rows=1009 width=121)
	  Recheck Cond: ((id >= 9290694) AND (id <= 9291693))
	  ->  Bitmap Index Scan on sbtest5_pkey  (cost=0.00..30.52 rows=1009 width=0)
	        Index Cond: ((id >= 9290694) AND (id <= 9291693))

table 6 : explain SELECT c FROM sbtest6 WHERE id BETWEEN 7812290 AND 7813289
	Bitmap Heap Scan on sbtest6  (cost=29.83..3560.87 rows=917 width=121)
	  Recheck Cond: ((id >= 7812290) AND (id <= 7813289))
	  ->  Bitmap Index Scan on sbtest6_pkey  (cost=0.00..29.61 rows=917 width=0)
	        Index Cond: ((id >= 7812290) AND (id <= 7813289))

table 7 : explain SELECT c FROM sbtest7 WHERE id BETWEEN 8902554 AND 8903553
	Bitmap Heap Scan on sbtest7  (cost=30.11..3663.36 rows=944 width=121)
	  Recheck Cond: ((id >= 8902554) AND (id <= 8903553))
	  ->  Bitmap Index Scan on sbtest7_pkey  (cost=0.00..29.87 rows=944 width=0)
	        Index Cond: ((id >= 8902554) AND (id <= 8903553))

table 8 : explain SELECT c FROM sbtest8 WHERE id BETWEEN 4684970 AND 4685969
	Bitmap Heap Scan on sbtest8  (cost=34.96..3980.80 rows=1027 width=121)
	  Recheck Cond: ((id >= 4684970) AND (id <= 4685969))
	  ->  Bitmap Index Scan on sbtest8_pkey  (cost=0.00..34.70 rows=1027 width=0)
	        Index Cond: ((id >= 4684970) AND (id <= 4685969))

for: simple_ranges
table 1 : explain SELECT c FROM sbtest1 WHERE id BETWEEN 8895443 AND 8896442
	Bitmap Heap Scan on sbtest1  (cost=30.30..3731.30 rows=962 width=121)
	  Recheck Cond: ((id >= 8895443) AND (id <= 8896442))
	  ->  Bitmap Index Scan on sbtest1_pkey  (cost=0.00..30.05 rows=962 width=0)
	        Index Cond: ((id >= 8895443) AND (id <= 8896442))

table 2 : explain SELECT c FROM sbtest2 WHERE id BETWEEN 3960037 AND 3961036
	Bitmap Heap Scan on sbtest2  (cost=30.44..3784.27 rows=976 width=121)
	  Recheck Cond: ((id >= 3960037) AND (id <= 3961036))
	  ->  Bitmap Index Scan on sbtest2_pkey  (cost=0.00..30.19 rows=976 width=0)
	        Index Cond: ((id >= 3960037) AND (id <= 3961036))

table 3 : explain SELECT c FROM sbtest3 WHERE id BETWEEN 6958854 AND 6959853
	Bitmap Heap Scan on sbtest3  (cost=35.30..4104.89 rows=1060 width=121)
	  Recheck Cond: ((id >= 6958854) AND (id <= 6959853))
	  ->  Bitmap Index Scan on sbtest3_pkey  (cost=0.00..35.04 rows=1060 width=0)
	        Index Cond: ((id >= 6958854) AND (id <= 6959853))

table 4 : explain SELECT c FROM sbtest4 WHERE id BETWEEN 6806342 AND 6807341
	Bitmap Heap Scan on sbtest4  (cost=35.24..4082.86 rows=1054 width=121)
	  Recheck Cond: ((id >= 6806342) AND (id <= 6807341))
	  ->  Bitmap Index Scan on sbtest4_pkey  (cost=0.00..34.98 rows=1054 width=0)
	        Index Cond: ((id >= 6806342) AND (id <= 6807341))

table 5 : explain SELECT c FROM sbtest5 WHERE id BETWEEN 1802328 AND 1803327
	Bitmap Heap Scan on sbtest5  (cost=30.29..3727.60 rows=961 width=121)
	  Recheck Cond: ((id >= 1802328) AND (id <= 1803327))
	  ->  Bitmap Index Scan on sbtest5_pkey  (cost=0.00..30.04 rows=961 width=0)
	        Index Cond: ((id >= 1802328) AND (id <= 1803327))

table 6 : explain SELECT c FROM sbtest6 WHERE id BETWEEN 9720526 AND 9721525
	Bitmap Heap Scan on sbtest6  (cost=35.58..4206.47 rows=1087 width=121)
	  Recheck Cond: ((id >= 9720526) AND (id <= 9721525))
	  ->  Bitmap Index Scan on sbtest6_pkey  (cost=0.00..35.31 rows=1087 width=0)
	        Index Cond: ((id >= 9720526) AND (id <= 9721525))

table 7 : explain SELECT c FROM sbtest7 WHERE id BETWEEN 9766014 AND 9767013
	Bitmap Heap Scan on sbtest7  (cost=30.56..3829.64 rows=988 width=121)
	  Recheck Cond: ((id >= 9766014) AND (id <= 9767013))
	  ->  Bitmap Index Scan on sbtest7_pkey  (cost=0.00..30.32 rows=988 width=0)
	        Index Cond: ((id >= 9766014) AND (id <= 9767013))

table 8 : explain SELECT c FROM sbtest8 WHERE id BETWEEN 6745374 AND 6746373
	Bitmap Heap Scan on sbtest8  (cost=30.07..3648.21 rows=940 width=121)
	  Recheck Cond: ((id >= 6745374) AND (id <= 6746373))
	  ->  Bitmap Index Scan on sbtest8_pkey  (cost=0.00..29.83 rows=940 width=0)
	        Index Cond: ((id >= 6745374) AND (id <= 6746373))

for: order_ranges
table 1 : explain SELECT c FROM sbtest1 WHERE id BETWEEN 4242736 AND 4243735 ORDER BY c
	Sort  (cost=4020.42..4022.98 rows=1025 width=121)
	  Sort Key: c
	  ->  Bitmap Heap Scan on sbtest1  (cost=30.94..3969.16 rows=1025 width=121)
	        Recheck Cond: ((id >= 4242736) AND (id <= 4243735))
	        ->  Bitmap Index Scan on sbtest1_pkey  (cost=0.00..30.68 rows=1025 width=0)
	              Index Cond: ((id >= 4242736) AND (id <= 4243735))

table 2 : explain SELECT c FROM sbtest2 WHERE id BETWEEN 458385 AND 459384 ORDER BY c
	Sort  (cost=4387.72..4390.52 rows=1120 width=121)
	  Sort Key: c
	  ->  Bitmap Heap Scan on sbtest2  (cost=35.92..4331.00 rows=1120 width=121)
	        Recheck Cond: ((id >= 458385) AND (id <= 459384))
	        ->  Bitmap Index Scan on sbtest2_pkey  (cost=0.00..35.64 rows=1120 width=0)
	              Index Cond: ((id >= 458385) AND (id <= 459384))

table 3 : explain SELECT c FROM sbtest3 WHERE id BETWEEN 8702086 AND 8703085 ORDER BY c
	Sort  (cost=4303.40..4306.14 rows=1098 width=121)
	  Sort Key: c
	  ->  Bitmap Heap Scan on sbtest3  (cost=35.69..4247.95 rows=1098 width=121)
	        Recheck Cond: ((id >= 8702086) AND (id <= 8703085))
	        ->  Bitmap Index Scan on sbtest3_pkey  (cost=0.00..35.42 rows=1098 width=0)
	              Index Cond: ((id >= 8702086) AND (id <= 8703085))

table 4 : explain SELECT c FROM sbtest4 WHERE id BETWEEN 8361523 AND 8362522 ORDER BY c
	Sort  (cost=3879.01..3881.48 rows=988 width=121)
	  Sort Key: c
	  ->  Bitmap Heap Scan on sbtest4  (cost=30.56..3829.87 rows=988 width=121)
	        Recheck Cond: ((id >= 8361523) AND (id <= 8362522))
	        ->  Bitmap Index Scan on sbtest4_pkey  (cost=0.00..30.32 rows=988 width=0)
	              Index Cond: ((id >= 8361523) AND (id <= 8362522))

table 5 : explain SELECT c FROM sbtest5 WHERE id BETWEEN 3250160 AND 3251159 ORDER BY c
	Sort  (cost=4043.48..4046.06 rows=1031 width=121)
	  Sort Key: c
	  ->  Bitmap Heap Scan on sbtest5  (cost=31.00..3991.88 rows=1031 width=121)
	        Recheck Cond: ((id >= 3250160) AND (id <= 3251159))
	        ->  Bitmap Index Scan on sbtest5_pkey  (cost=0.00..30.75 rows=1031 width=0)
	              Index Cond: ((id >= 3250160) AND (id <= 3251159))

table 6 : explain SELECT c FROM sbtest6 WHERE id BETWEEN 7240559 AND 7241558 ORDER BY c
	Sort  (cost=3889.92..3892.40 rows=991 width=121)
	  Sort Key: c
	  ->  Bitmap Heap Scan on sbtest6  (cost=30.59..3840.60 rows=991 width=121)
	        Recheck Cond: ((id >= 7240559) AND (id <= 7241558))
	        ->  Bitmap Index Scan on sbtest6_pkey  (cost=0.00..30.34 rows=991 width=0)
	              Index Cond: ((id >= 7240559) AND (id <= 7241558))

table 7 : explain SELECT c FROM sbtest7 WHERE id BETWEEN 9767787 AND 9768786 ORDER BY c
	Sort  (cost=3878.79..3881.26 rows=988 width=121)
	  Sort Key: c
	  ->  Bitmap Heap Scan on sbtest7  (cost=30.56..3829.64 rows=988 width=121)
	        Recheck Cond: ((id >= 9767787) AND (id <= 9768786))
	        ->  Bitmap Index Scan on sbtest7_pkey  (cost=0.00..30.32 rows=988 width=0)
	              Index Cond: ((id >= 9767787) AND (id <= 9768786))

table 8 : explain SELECT c FROM sbtest8 WHERE id BETWEEN 4908704 AND 4909703 ORDER BY c
	Sort  (cost=3667.75..3670.08 rows=933 width=121)
	  Sort Key: c
	  ->  Bitmap Heap Scan on sbtest8  (cost=30.00..3621.73 rows=933 width=121)
	        Recheck Cond: ((id >= 4908704) AND (id <= 4909703))
	        ->  Bitmap Index Scan on sbtest8_pkey  (cost=0.00..29.76 rows=933 width=0)
	              Index Cond: ((id >= 4908704) AND (id <= 4909703))

for: order_ranges
table 1 : explain SELECT c FROM sbtest1 WHERE id BETWEEN 3882745 AND 3883744 ORDER BY c
	Sort  (cost=3939.99..3942.50 rows=1004 width=121)
	  Sort Key: c
	  ->  Bitmap Heap Scan on sbtest1  (cost=30.73..3889.93 rows=1004 width=121)
	        Recheck Cond: ((id >= 3882745) AND (id <= 3883744))
	        ->  Bitmap Index Scan on sbtest1_pkey  (cost=0.00..30.47 rows=1004 width=0)
	              Index Cond: ((id >= 3882745) AND (id <= 3883744))

table 2 : explain SELECT c FROM sbtest2 WHERE id BETWEEN 6316023 AND 6317022 ORDER BY c
	Sort  (cost=4177.56..4180.22 rows=1065 width=121)
	  Sort Key: c
	  ->  Bitmap Heap Scan on sbtest2  (cost=35.35..4124.00 rows=1065 width=121)
	        Recheck Cond: ((id >= 6316023) AND (id <= 6317022))
	        ->  Bitmap Index Scan on sbtest2_pkey  (cost=0.00..35.09 rows=1065 width=0)
	              Index Cond: ((id >= 6316023) AND (id <= 6317022))

table 3 : explain SELECT c FROM sbtest3 WHERE id BETWEEN 9816154 AND 9817153 ORDER BY c
	Sort  (cost=4089.12..4091.73 rows=1043 width=121)
	  Sort Key: c
	  ->  Bitmap Heap Scan on sbtest3  (cost=31.13..4036.83 rows=1043 width=121)
	        Recheck Cond: ((id >= 9816154) AND (id <= 9817153))
	        ->  Bitmap Index Scan on sbtest3_pkey  (cost=0.00..30.86 rows=1043 width=0)
	              Index Cond: ((id >= 9816154) AND (id <= 9817153))

table 4 : explain SELECT c FROM sbtest4 WHERE id BETWEEN 8825630 AND 8826629 ORDER BY c
	Sort  (cost=3806.15..3808.57 rows=969 width=121)
	  Sort Key: c
	  ->  Bitmap Heap Scan on sbtest4  (cost=30.37..3758.09 rows=969 width=121)
	        Recheck Cond: ((id >= 8825630) AND (id <= 8826629))
	        ->  Bitmap Index Scan on sbtest4_pkey  (cost=0.00..30.12 rows=969 width=0)
	              Index Cond: ((id >= 8825630) AND (id <= 8826629))

table 5 : explain SELECT c FROM sbtest5 WHERE id BETWEEN 1083694 AND 1084693 ORDER BY c
	Sort  (cost=4031.99..4034.56 rows=1028 width=121)
	  Sort Key: c
	  ->  Bitmap Heap Scan on sbtest5  (cost=30.97..3980.56 rows=1028 width=121)
	        Recheck Cond: ((id >= 1083694) AND (id <= 1084693))
	        ->  Bitmap Index Scan on sbtest5_pkey  (cost=0.00..30.71 rows=1028 width=0)
	              Index Cond: ((id >= 1083694) AND (id <= 1084693))

table 6 : explain SELECT c FROM sbtest6 WHERE id BETWEEN 422854 AND 423853 ORDER BY c
	Sort  (cost=4039.47..4042.04 rows=1029 width=121)
	  Sort Key: c
	  ->  Bitmap Heap Scan on sbtest6  (cost=34.98..3987.98 rows=1029 width=121)
	        Recheck Cond: ((id >= 422854) AND (id <= 423853))
	        ->  Bitmap Index Scan on sbtest6_pkey  (cost=0.00..34.73 rows=1029 width=0)
	              Index Cond: ((id >= 422854) AND (id <= 423853))

table 7 : explain SELECT c FROM sbtest7 WHERE id BETWEEN 8835424 AND 8836423 ORDER BY c
	Sort  (cost=3809.77..3812.19 rows=970 width=121)
	  Sort Key: c
	  ->  Bitmap Heap Scan on sbtest7  (cost=30.38..3761.65 rows=970 width=121)
	        Recheck Cond: ((id >= 8835424) AND (id <= 8836423))
	        ->  Bitmap Index Scan on sbtest7_pkey  (cost=0.00..30.14 rows=970 width=0)
	              Index Cond: ((id >= 8835424) AND (id <= 8836423))

table 8 : explain SELECT c FROM sbtest8 WHERE id BETWEEN 7917754 AND 7918753 ORDER BY c
	Sort  (cost=3970.73..3973.26 rows=1012 width=121)
	  Sort Key: c
	  ->  Bitmap Heap Scan on sbtest8  (cost=30.81..3920.22 rows=1012 width=121)
	        Recheck Cond: ((id >= 7917754) AND (id <= 7918753))
	        ->  Bitmap Index Scan on sbtest8_pkey  (cost=0.00..30.55 rows=1012 width=0)
	              Index Cond: ((id >= 7917754) AND (id <= 7918753))

for: distinct_ranges
table 1 : explain SELECT DISTINCT c FROM sbtest1 WHERE id BETWEEN 187776 AND 188775 ORDER BY c
	Unique  (cost=4100.80..4106.03 rows=1046 width=121)
	  ->  Sort  (cost=4100.80..4103.41 rows=1046 width=121)
	        Sort Key: c
	        ->  Bitmap Heap Scan on sbtest1  (cost=31.16..4048.34 rows=1046 width=121)
	              Recheck Cond: ((id >= 187776) AND (id <= 188775))
	              ->  Bitmap Index Scan on sbtest1_pkey  (cost=0.00..30.89 rows=1046 width=0)
	                    Index Cond: ((id >= 187776) AND (id <= 188775))

table 2 : explain SELECT DISTINCT c FROM sbtest2 WHERE id BETWEEN 5294250 AND 5295249 ORDER BY c
	Unique  (cost=3817.39..3822.25 rows=972 width=121)
	  ->  Sort  (cost=3817.39..3819.82 rows=972 width=121)
	        Sort Key: c
	        ->  Bitmap Heap Scan on sbtest2  (cost=30.40..3769.16 rows=972 width=121)
	              Recheck Cond: ((id >= 5294250) AND (id <= 5295249))
	              ->  Bitmap Index Scan on sbtest2_pkey  (cost=0.00..30.15 rows=972 width=0)
	                    Index Cond: ((id >= 5294250) AND (id <= 5295249))

table 3 : explain SELECT DISTINCT c FROM sbtest3 WHERE id BETWEEN 2830440 AND 2831439 ORDER BY c
	Unique  (cost=3609.89..3614.48 rows=918 width=121)
	  ->  Sort  (cost=3609.89..3612.18 rows=918 width=121)
	        Sort Key: c
	        ->  Bitmap Heap Scan on sbtest3  (cost=29.84..3564.71 rows=918 width=121)
	              Recheck Cond: ((id >= 2830440) AND (id <= 2831439))
	              ->  Bitmap Index Scan on sbtest3_pkey  (cost=0.00..29.61 rows=918 width=0)
	                    Index Cond: ((id >= 2830440) AND (id <= 2831439))

table 4 : explain SELECT DISTINCT c FROM sbtest4 WHERE id BETWEEN 5454107 AND 5455106 ORDER BY c
	Unique  (cost=4502.64..4508.39 rows=1151 width=121)
	  ->  Sort  (cost=4502.64..4505.51 rows=1151 width=121)
	        Sort Key: c
	        ->  Bitmap Heap Scan on sbtest4  (cost=36.23..4444.12 rows=1151 width=121)
	              Recheck Cond: ((id >= 5454107) AND (id <= 5455106))
	              ->  Bitmap Index Scan on sbtest4_pkey  (cost=0.00..35.95 rows=1151 width=0)
	                    Index Cond: ((id >= 5454107) AND (id <= 5455106))

table 5 : explain SELECT DISTINCT c FROM sbtest5 WHERE id BETWEEN 4324239 AND 4325238 ORDER BY c
	Unique  (cost=3871.09..3876.02 rows=986 width=121)
	  ->  Sort  (cost=3871.09..3873.55 rows=986 width=121)
	        Sort Key: c
	        ->  Bitmap Heap Scan on sbtest5  (cost=30.54..3822.06 rows=986 width=121)
	              Recheck Cond: ((id >= 4324239) AND (id <= 4325238))
	              ->  Bitmap Index Scan on sbtest5_pkey  (cost=0.00..30.29 rows=986 width=0)
	                    Index Cond: ((id >= 4324239) AND (id <= 4325238))

table 6 : explain SELECT DISTINCT c FROM sbtest6 WHERE id BETWEEN 6931860 AND 6932859 ORDER BY c
	Unique  (cost=3713.50..3718.22 rows=945 width=121)
	  ->  Sort  (cost=3713.50..3715.86 rows=945 width=121)
	        Sort Key: c
	        ->  Bitmap Heap Scan on sbtest6  (cost=30.12..3666.80 rows=945 width=121)
	              Recheck Cond: ((id >= 6931860) AND (id <= 6932859))
	              ->  Bitmap Index Scan on sbtest6_pkey  (cost=0.00..29.89 rows=945 width=0)
	                    Index Cond: ((id >= 6931860) AND (id <= 6932859))

table 7 : explain SELECT DISTINCT c FROM sbtest7 WHERE id BETWEEN 780524 AND 781523 ORDER BY c
	Unique  (cost=4055.17..4060.33 rows=1033 width=121)
	  ->  Sort  (cost=4055.17..4057.75 rows=1033 width=121)
	        Sort Key: c
	        ->  Bitmap Heap Scan on sbtest7  (cost=35.02..4003.45 rows=1033 width=121)
	              Recheck Cond: ((id >= 780524) AND (id <= 781523))
	              ->  Bitmap Index Scan on sbtest7_pkey  (cost=0.00..34.77 rows=1033 width=0)
	                    Index Cond: ((id >= 780524) AND (id <= 781523))

table 8 : explain SELECT DISTINCT c FROM sbtest8 WHERE id BETWEEN 4595963 AND 4596962 ORDER BY c
	Unique  (cost=3809.75..3814.60 rows=970 width=121)
	  ->  Sort  (cost=3809.75..3812.17 rows=970 width=121)
	        Sort Key: c
	        ->  Bitmap Heap Scan on sbtest8  (cost=30.38..3761.63 rows=970 width=121)
	              Recheck Cond: ((id >= 4595963) AND (id <= 4596962))
	              ->  Bitmap Index Scan on sbtest8_pkey  (cost=0.00..30.14 rows=970 width=0)
	                    Index Cond: ((id >= 4595963) AND (id <= 4596962))

for: distinct_ranges
table 1 : explain SELECT DISTINCT c FROM sbtest1 WHERE id BETWEEN 2740659 AND 2741658 ORDER BY c
	Unique  (cost=3801.98..3806.82 rows=968 width=121)
	  ->  Sort  (cost=3801.98..3804.40 rows=968 width=121)
	        Sort Key: c
	        ->  Bitmap Heap Scan on sbtest1  (cost=30.36..3753.98 rows=968 width=121)
	              Recheck Cond: ((id >= 2740659) AND (id <= 2741658))
	              ->  Bitmap Index Scan on sbtest1_pkey  (cost=0.00..30.11 rows=968 width=0)
	                    Index Cond: ((id >= 2740659) AND (id <= 2741658))

table 2 : explain SELECT DISTINCT c FROM sbtest2 WHERE id BETWEEN 7186678 AND 7187677 ORDER BY c
	Unique  (cost=3940.06..3945.08 rows=1004 width=121)
	  ->  Sort  (cost=3940.06..3942.57 rows=1004 width=121)
	        Sort Key: c
	        ->  Bitmap Heap Scan on sbtest2  (cost=30.73..3890.00 rows=1004 width=121)
	              Recheck Cond: ((id >= 7186678) AND (id <= 7187677))
	              ->  Bitmap Index Scan on sbtest2_pkey  (cost=0.00..30.47 rows=1004 width=0)
	                    Index Cond: ((id >= 7186678) AND (id <= 7187677))

table 3 : explain SELECT DISTINCT c FROM sbtest3 WHERE id BETWEEN 2703868 AND 2704867 ORDER BY c
	Unique  (cost=4127.55..4132.81 rows=1052 width=121)
	  ->  Sort  (cost=4127.55..4130.18 rows=1052 width=121)
	        Sort Key: c
	        ->  Bitmap Heap Scan on sbtest3  (cost=35.22..4074.75 rows=1052 width=121)
	              Recheck Cond: ((id >= 2703868) AND (id <= 2704867))
	              ->  Bitmap Index Scan on sbtest3_pkey  (cost=0.00..34.95 rows=1052 width=0)
	                    Index Cond: ((id >= 2703868) AND (id <= 2704867))

table 4 : explain SELECT DISTINCT c FROM sbtest4 WHERE id BETWEEN 6424770 AND 6425769 ORDER BY c
	Unique  (cost=4039.92..4045.07 rows=1030 width=121)
	  ->  Sort  (cost=4039.92..4042.50 rows=1030 width=121)
	        Sort Key: c
	        ->  Bitmap Heap Scan on sbtest4  (cost=30.99..3988.38 rows=1030 width=121)
	              Recheck Cond: ((id >= 6424770) AND (id <= 6425769))
	              ->  Bitmap Index Scan on sbtest4_pkey  (cost=0.00..30.73 rows=1030 width=0)
	                    Index Cond: ((id >= 6424770) AND (id <= 6425769))

table 5 : explain SELECT DISTINCT c FROM sbtest5 WHERE id BETWEEN 9714984 AND 9715983 ORDER BY c
	Unique  (cost=3978.38..3983.45 rows=1014 width=121)
	  ->  Sort  (cost=3978.38..3980.92 rows=1014 width=121)
	        Sort Key: c
	        ->  Bitmap Heap Scan on sbtest5  (cost=30.83..3927.75 rows=1014 width=121)
	              Recheck Cond: ((id >= 9714984) AND (id <= 9715983))
	              ->  Bitmap Index Scan on sbtest5_pkey  (cost=0.00..30.57 rows=1014 width=0)
	                    Index Cond: ((id >= 9714984) AND (id <= 9715983))

table 6 : explain SELECT DISTINCT c FROM sbtest6 WHERE id BETWEEN 6008973 AND 6009972 ORDER BY c
	Unique  (cost=3632.87..3637.49 rows=924 width=121)
	  ->  Sort  (cost=3632.87..3635.18 rows=924 width=121)
	        Sort Key: c
	        ->  Bitmap Heap Scan on sbtest6  (cost=29.91..3587.36 rows=924 width=121)
	              Recheck Cond: ((id >= 6008973) AND (id <= 6009972))
	              ->  Bitmap Index Scan on sbtest6_pkey  (cost=0.00..29.68 rows=924 width=0)
	                    Index Cond: ((id >= 6008973) AND (id <= 6009972))

table 7 : explain SELECT DISTINCT c FROM sbtest7 WHERE id BETWEEN 1703316 AND 1704315 ORDER BY c
	Unique  (cost=4635.80..4641.73 rows=1186 width=121)
	  ->  Sort  (cost=4635.80..4638.77 rows=1186 width=121)
	        Sort Key: c
	        ->  Bitmap Heap Scan on sbtest7  (cost=36.59..4575.25 rows=1186 width=121)
	              Recheck Cond: ((id >= 1703316) AND (id <= 1704315))
	              ->  Bitmap Index Scan on sbtest7_pkey  (cost=0.00..36.30 rows=1186 width=0)
	                    Index Cond: ((id >= 1703316) AND (id <= 1704315))

table 8 : explain SELECT DISTINCT c FROM sbtest8 WHERE id BETWEEN 680724 AND 681723 ORDER BY c
	Unique  (cost=3901.76..3906.73 rows=994 width=121)
	  ->  Sort  (cost=3901.76..3904.25 rows=994 width=121)
	        Sort Key: c
	        ->  Bitmap Heap Scan on sbtest8  (cost=30.62..3852.28 rows=994 width=121)
	              Recheck Cond: ((id >= 680724) AND (id <= 681723))
	              ->  Bitmap Index Scan on sbtest8_pkey  (cost=0.00..30.37 rows=994 width=0)
	                    Index Cond: ((id >= 680724) AND (id <= 681723))

for: distinct_ranges
table 1 : explain SELECT DISTINCT c FROM sbtest1 WHERE id BETWEEN 625672 AND 626671 ORDER BY c
	Unique  (cost=4039.56..4044.71 rows=1030 width=121)
	  ->  Sort  (cost=4039.56..4042.14 rows=1030 width=121)
	        Sort Key: c
	        ->  Bitmap Heap Scan on sbtest1  (cost=30.99..3988.02 rows=1030 width=121)
	              Recheck Cond: ((id >= 625672) AND (id <= 626671))
	              ->  Bitmap Index Scan on sbtest1_pkey  (cost=0.00..30.73 rows=1030 width=0)
	                    Index Cond: ((id >= 625672) AND (id <= 626671))

table 2 : explain SELECT DISTINCT c FROM sbtest2 WHERE id BETWEEN 6211091 AND 6212090 ORDER BY c
	Unique  (cost=3940.06..3945.08 rows=1004 width=121)
	  ->  Sort  (cost=3940.06..3942.57 rows=1004 width=121)
	        Sort Key: c
	        ->  Bitmap Heap Scan on sbtest2  (cost=30.73..3890.00 rows=1004 width=121)
	              Recheck Cond: ((id >= 6211091) AND (id <= 6212090))
	              ->  Bitmap Index Scan on sbtest2_pkey  (cost=0.00..30.47 rows=1004 width=0)
	                    Index Cond: ((id >= 6211091) AND (id <= 6212090))

table 3 : explain SELECT DISTINCT c FROM sbtest3 WHERE id BETWEEN 9586715 AND 9587714 ORDER BY c
	Unique  (cost=3897.65..3902.61 rows=993 width=121)
	  ->  Sort  (cost=3897.65..3900.13 rows=993 width=121)
	        Sort Key: c
	        ->  Bitmap Heap Scan on sbtest3  (cost=30.61..3848.22 rows=993 width=121)
	              Recheck Cond: ((id >= 9586715) AND (id <= 9587714))
	              ->  Bitmap Index Scan on sbtest3_pkey  (cost=0.00..30.36 rows=993 width=0)
	                    Index Cond: ((id >= 9586715) AND (id <= 9587714))

table 4 : explain SELECT DISTINCT c FROM sbtest4 WHERE id BETWEEN 9644856 AND 9645855 ORDER BY c
	Unique  (cost=3491.19..3495.63 rows=887 width=121)
	  ->  Sort  (cost=3491.19..3493.41 rows=887 width=121)
	        Sort Key: c
	        ->  Bitmap Heap Scan on sbtest4  (cost=29.53..3447.76 rows=887 width=121)
	              Recheck Cond: ((id >= 9644856) AND (id <= 9645855))
	              ->  Bitmap Index Scan on sbtest4_pkey  (cost=0.00..29.30 rows=887 width=0)
	                    Index Cond: ((id >= 9644856) AND (id <= 9645855))

table 5 : explain SELECT DISTINCT c FROM sbtest5 WHERE id BETWEEN 2969276 AND 2970275 ORDER BY c
	Unique  (cost=3859.59..3864.50 rows=983 width=121)
	  ->  Sort  (cost=3859.59..3862.05 rows=983 width=121)
	        Sort Key: c
	        ->  Bitmap Heap Scan on sbtest5  (cost=30.51..3810.73 rows=983 width=121)
	              Recheck Cond: ((id >= 2969276) AND (id <= 2970275))
	              ->  Bitmap Index Scan on sbtest5_pkey  (cost=0.00..30.26 rows=983 width=0)
	                    Index Cond: ((id >= 2969276) AND (id <= 2970275))

table 6 : explain SELECT DISTINCT c FROM sbtest6 WHERE id BETWEEN 9018079 AND 9019078 ORDER BY c
	Unique  (cost=4165.72..4171.03 rows=1062 width=121)
	  ->  Sort  (cost=4165.72..4168.38 rows=1062 width=121)
	        Sort Key: c
	        ->  Bitmap Heap Scan on sbtest6  (cost=35.32..4112.35 rows=1062 width=121)
	              Recheck Cond: ((id >= 9018079) AND (id <= 9019078))
	              ->  Bitmap Index Scan on sbtest6_pkey  (cost=0.00..35.06 rows=1062 width=0)
	                    Index Cond: ((id >= 9018079) AND (id <= 9019078))

table 7 : explain SELECT DISTINCT c FROM sbtest7 WHERE id BETWEEN 1359603 AND 1360602 ORDER BY c
	Unique  (cost=4108.75..4113.98 rows=1047 width=121)
	  ->  Sort  (cost=4108.75..4111.37 rows=1047 width=121)
	        Sort Key: c
	        ->  Bitmap Heap Scan on sbtest7  (cost=35.17..4056.23 rows=1047 width=121)
	              Recheck Cond: ((id >= 1359603) AND (id <= 1360602))
	              ->  Bitmap Index Scan on sbtest7_pkey  (cost=0.00..34.91 rows=1047 width=0)
	                    Index Cond: ((id >= 1359603) AND (id <= 1360602))

table 8 : explain SELECT DISTINCT c FROM sbtest8 WHERE id BETWEEN 6598849 AND 6599848 ORDER BY c
	Unique  (cost=3936.25..3941.27 rows=1003 width=121)
	  ->  Sort  (cost=3936.25..3938.76 rows=1003 width=121)
	        Sort Key: c
	        ->  Bitmap Heap Scan on sbtest8  (cost=30.72..3886.25 rows=1003 width=121)
	              Recheck Cond: ((id >= 6598849) AND (id <= 6599848))
	              ->  Bitmap Index Scan on sbtest8_pkey  (cost=0.00..30.46 rows=1003 width=0)
	                    Index Cond: ((id >= 6598849) AND (id <= 6599848))

for: sum_ranges
table 1 : explain SELECT SUM(k) FROM sbtest1 WHERE id BETWEEN 1283431 AND 1284430
	Aggregate  (cost=4224.55..4224.56 rows=1 width=8)
	  ->  Bitmap Heap Scan on sbtest1  (cost=35.62..4221.82 rows=1091 width=4)
	        Recheck Cond: ((id >= 1283431) AND (id <= 1284430))
	        ->  Bitmap Index Scan on sbtest1_pkey  (cost=0.00..35.34 rows=1091 width=0)
	              Index Cond: ((id >= 1283431) AND (id <= 1284430))

table 2 : explain SELECT SUM(k) FROM sbtest2 WHERE id BETWEEN 8073614 AND 8074613
	Aggregate  (cost=4360.13..4360.14 rows=1 width=8)
	  ->  Bitmap Heap Scan on sbtest2  (cost=35.99..4357.32 rows=1127 width=4)
	        Recheck Cond: ((id >= 8073614) AND (id <= 8074613))
	        ->  Bitmap Index Scan on sbtest2_pkey  (cost=0.00..35.70 rows=1127 width=0)
	              Index Cond: ((id >= 8073614) AND (id <= 8074613))

table 3 : explain SELECT SUM(k) FROM sbtest3 WHERE id BETWEEN 2923409 AND 2924408
	Aggregate  (cost=4213.04..4213.05 rows=1 width=8)
	  ->  Bitmap Heap Scan on sbtest3  (cost=35.59..4210.32 rows=1088 width=4)
	        Recheck Cond: ((id >= 2923409) AND (id <= 2924408))
	        ->  Bitmap Index Scan on sbtest3_pkey  (cost=0.00..35.32 rows=1088 width=0)
	              Index Cond: ((id >= 2923409) AND (id <= 2924408))

table 4 : explain SELECT SUM(k) FROM sbtest4 WHERE id BETWEEN 4290852 AND 4291851
	Aggregate  (cost=4059.10..4059.11 rows=1 width=8)
	  ->  Bitmap Heap Scan on sbtest4  (cost=35.17..4056.48 rows=1047 width=4)
	        Recheck Cond: ((id >= 4290852) AND (id <= 4291851))
	        ->  Bitmap Index Scan on sbtest4_pkey  (cost=0.00..34.91 rows=1047 width=0)
	              Index Cond: ((id >= 4290852) AND (id <= 4291851))

table 5 : explain SELECT SUM(k) FROM sbtest5 WHERE id BETWEEN 6485201 AND 6486200
	Aggregate  (cost=4183.21..4183.22 rows=1 width=8)
	  ->  Bitmap Heap Scan on sbtest5  (cost=35.51..4180.51 rows=1080 width=4)
	        Recheck Cond: ((id >= 6485201) AND (id <= 6486200))
	        ->  Bitmap Index Scan on sbtest5_pkey  (cost=0.00..35.23 rows=1080 width=0)
	              Index Cond: ((id >= 6485201) AND (id <= 6486200))

table 6 : explain SELECT SUM(k) FROM sbtest6 WHERE id BETWEEN 6065016 AND 6066015
	Aggregate  (cost=3589.67..3589.68 rows=1 width=8)
	  ->  Bitmap Heap Scan on sbtest6  (cost=29.91..3587.36 rows=924 width=4)
	        Recheck Cond: ((id >= 6065016) AND (id <= 6066015))
	        ->  Bitmap Index Scan on sbtest6_pkey  (cost=0.00..29.68 rows=924 width=0)
	              Index Cond: ((id >= 6065016) AND (id <= 6066015))

table 7 : explain SELECT SUM(k) FROM sbtest7 WHERE id BETWEEN 3980622 AND 3981621
	Aggregate  (cost=3907.66..3907.67 rows=1 width=8)
	  ->  Bitmap Heap Scan on sbtest7  (cost=30.77..3905.14 rows=1008 width=4)
	        Recheck Cond: ((id >= 3980622) AND (id <= 3981621))
	        ->  Bitmap Index Scan on sbtest7_pkey  (cost=0.00..30.51 rows=1008 width=0)
	              Index Cond: ((id >= 3980622) AND (id <= 3981621))

table 8 : explain SELECT SUM(k) FROM sbtest8 WHERE id BETWEEN 6463228 AND 6464227
	Aggregate  (cost=4017.33..4017.34 rows=1 width=8)
	  ->  Bitmap Heap Scan on sbtest8  (cost=35.05..4014.74 rows=1036 width=4)
	        Recheck Cond: ((id >= 6463228) AND (id <= 6464227))
	        ->  Bitmap Index Scan on sbtest8_pkey  (cost=0.00..34.80 rows=1036 width=0)
	              Index Cond: ((id >= 6463228) AND (id <= 6464227))

for: sum_ranges
table 1 : explain SELECT SUM(k) FROM sbtest1 WHERE id BETWEEN 1836054 AND 1837053
	Aggregate  (cost=3684.53..3684.54 rows=1 width=8)
	  ->  Bitmap Heap Scan on sbtest1  (cost=30.16..3682.16 rows=949 width=4)
	        Recheck Cond: ((id >= 1836054) AND (id <= 1837053))
	        ->  Bitmap Index Scan on sbtest1_pkey  (cost=0.00..29.93 rows=949 width=0)
	              Index Cond: ((id >= 1836054) AND (id <= 1837053))

table 2 : explain SELECT SUM(k) FROM sbtest2 WHERE id BETWEEN 8860703 AND 8861702
	Aggregate  (cost=3828.29..3828.30 rows=1 width=8)
	  ->  Bitmap Heap Scan on sbtest2  (cost=30.55..3825.82 rows=987 width=4)
	        Recheck Cond: ((id >= 8860703) AND (id <= 8861702))
	        ->  Bitmap Index Scan on sbtest2_pkey  (cost=0.00..30.30 rows=987 width=0)
	              Index Cond: ((id >= 8860703) AND (id <= 8861702))

table 3 : explain SELECT SUM(k) FROM sbtest3 WHERE id BETWEEN 9101393 AND 9102392
	Aggregate  (cost=3744.87..3744.88 rows=1 width=8)
	  ->  Bitmap Heap Scan on sbtest3  (cost=30.33..3742.46 rows=965 width=4)
	        Recheck Cond: ((id >= 9101393) AND (id <= 9102392))
	        ->  Bitmap Index Scan on sbtest3_pkey  (cost=0.00..30.08 rows=965 width=0)
	              Index Cond: ((id >= 9101393) AND (id <= 9102392))

table 4 : explain SELECT SUM(k) FROM sbtest4 WHERE id BETWEEN 1521284 AND 1522283
	Aggregate  (cost=3779.42..3779.43 rows=1 width=8)
	  ->  Bitmap Heap Scan on sbtest4  (cost=30.42..3776.98 rows=974 width=4)
	        Recheck Cond: ((id >= 1521284) AND (id <= 1522283))
	        ->  Bitmap Index Scan on sbtest4_pkey  (cost=0.00..30.18 rows=974 width=0)
	              Index Cond: ((id >= 1521284) AND (id <= 1522283))

table 5 : explain SELECT SUM(k) FROM sbtest5 WHERE id BETWEEN 7201061 AND 7202060
	Aggregate  (cost=3790.51..3790.52 rows=1 width=8)
	  ->  Bitmap Heap Scan on sbtest5  (cost=30.45..3788.06 rows=977 width=4)
	        Recheck Cond: ((id >= 7201061) AND (id <= 7202060))
	        ->  Bitmap Index Scan on sbtest5_pkey  (cost=0.00..30.20 rows=977 width=0)
	              Index Cond: ((id >= 7201061) AND (id <= 7202060))

table 6 : explain SELECT SUM(k) FROM sbtest6 WHERE id BETWEEN 6544721 AND 6545720
	Aggregate  (cost=3907.29..3907.30 rows=1 width=8)
	  ->  Bitmap Heap Scan on sbtest6  (cost=30.77..3904.77 rows=1008 width=4)
	        Recheck Cond: ((id >= 6544721) AND (id <= 6545720))
	        ->  Bitmap Index Scan on sbtest6_pkey  (cost=0.00..30.51 rows=1008 width=0)
	              Index Cond: ((id >= 6544721) AND (id <= 6545720))

table 7 : explain SELECT SUM(k) FROM sbtest7 WHERE id BETWEEN 9334772 AND 9335771
	Aggregate  (cost=4009.81..4009.82 rows=1 width=8)
	  ->  Bitmap Heap Scan on sbtest7  (cost=35.03..4007.22 rows=1034 width=4)
	        Recheck Cond: ((id >= 9334772) AND (id <= 9335771))
	        ->  Bitmap Index Scan on sbtest7_pkey  (cost=0.00..34.78 rows=1034 width=0)
	              Index Cond: ((id >= 9334772) AND (id <= 9335771))

table 8 : explain SELECT SUM(k) FROM sbtest8 WHERE id BETWEEN 8034834 AND 8035833
	Aggregate  (cost=3745.14..3745.15 rows=1 width=8)
	  ->  Bitmap Heap Scan on sbtest8  (cost=30.33..3742.73 rows=965 width=4)
	        Recheck Cond: ((id >= 8034834) AND (id <= 8035833))
	        ->  Bitmap Index Scan on sbtest8_pkey  (cost=0.00..30.08 rows=965 width=0)
	              Index Cond: ((id >= 8034834) AND (id <= 8035833))

for: sum_ranges
table 1 : explain SELECT SUM(k) FROM sbtest1 WHERE id BETWEEN 793466 AND 794465
	Aggregate  (cost=3468.65..3468.66 rows=1 width=8)
	  ->  Bitmap Heap Scan on sbtest1  (cost=29.58..3466.42 rows=892 width=4)
	        Recheck Cond: ((id >= 793466) AND (id <= 794465))
	        ->  Bitmap Index Scan on sbtest1_pkey  (cost=0.00..29.36 rows=892 width=0)
	              Index Cond: ((id >= 793466) AND (id <= 794465))

table 2 : explain SELECT SUM(k) FROM sbtest2 WHERE id BETWEEN 8607309 AND 8608308
	Aggregate  (cost=3627.82..3627.83 rows=1 width=8)
	  ->  Bitmap Heap Scan on sbtest2  (cost=30.01..3625.49 rows=934 width=4)
	        Recheck Cond: ((id >= 8607309) AND (id <= 8608308))
	        ->  Bitmap Index Scan on sbtest2_pkey  (cost=0.00..29.77 rows=934 width=0)
	              Index Cond: ((id >= 8607309) AND (id <= 8608308))

table 3 : explain SELECT SUM(k) FROM sbtest3 WHERE id BETWEEN 6935703 AND 6936702
	Aggregate  (cost=4107.54..4107.55 rows=1 width=8)
	  ->  Bitmap Heap Scan on sbtest3  (cost=35.30..4104.89 rows=1060 width=4)
	        Recheck Cond: ((id >= 6935703) AND (id <= 6936702))
	        ->  Bitmap Index Scan on sbtest3_pkey  (cost=0.00..35.04 rows=1060 width=0)
	              Index Cond: ((id >= 6935703) AND (id <= 6936702))

table 4 : explain SELECT SUM(k) FROM sbtest4 WHERE id BETWEEN 9873062 AND 9874061
	Aggregate  (cost=3881.46..3881.47 rows=1 width=8)
	  ->  Bitmap Heap Scan on sbtest4  (cost=30.70..3878.95 rows=1001 width=4)
	        Recheck Cond: ((id >= 9873062) AND (id <= 9874061))
	        ->  Bitmap Index Scan on sbtest4_pkey  (cost=0.00..30.44 rows=1001 width=0)
	              Index Cond: ((id >= 9873062) AND (id <= 9874061))

table 5 : explain SELECT SUM(k) FROM sbtest5 WHERE id BETWEEN 7229391 AND 7230390
	Aggregate  (cost=3790.51..3790.52 rows=1 width=8)
	  ->  Bitmap Heap Scan on sbtest5  (cost=30.45..3788.06 rows=977 width=4)
	        Recheck Cond: ((id >= 7229391) AND (id <= 7230390))
	        ->  Bitmap Index Scan on sbtest5_pkey  (cost=0.00..30.20 rows=977 width=0)
	              Index Cond: ((id >= 7229391) AND (id <= 7230390))

table 6 : explain SELECT SUM(k) FROM sbtest6 WHERE id BETWEEN 1581366 AND 1582365
	Aggregate  (cost=3824.19..3824.20 rows=1 width=8)
	  ->  Bitmap Heap Scan on sbtest6  (cost=30.54..3821.72 rows=986 width=4)
	        Recheck Cond: ((id >= 1581366) AND (id <= 1582365))
	        ->  Bitmap Index Scan on sbtest6_pkey  (cost=0.00..30.29 rows=986 width=0)
	              Index Cond: ((id >= 1581366) AND (id <= 1582365))

table 7 : explain SELECT SUM(k) FROM sbtest7 WHERE id BETWEEN 1033622 AND 1034621
	Aggregate  (cost=3582.43..3582.44 rows=1 width=8)
	  ->  Bitmap Heap Scan on sbtest7  (cost=29.89..3580.12 rows=922 width=4)
	        Recheck Cond: ((id >= 1033622) AND (id <= 1034621))
	        ->  Bitmap Index Scan on sbtest7_pkey  (cost=0.00..29.65 rows=922 width=0)
	              Index Cond: ((id >= 1033622) AND (id <= 1034621))

table 8 : explain SELECT SUM(k) FROM sbtest8 WHERE id BETWEEN 1225614 AND 1226613
	Aggregate  (cost=3956.95..3956.96 rows=1 width=8)
	  ->  Bitmap Heap Scan on sbtest8  (cost=34.89..3954.40 rows=1020 width=4)
	        Recheck Cond: ((id >= 1225614) AND (id <= 1226613))
	        ->  Bitmap Index Scan on sbtest8_pkey  (cost=0.00..34.64 rows=1020 width=0)
	              Index Cond: ((id >= 1225614) AND (id <= 1226613))

for: order_ranges
table 1 : explain SELECT c FROM sbtest1 WHERE id BETWEEN 7077251 AND 7078250 ORDER BY c
	Sort  (cost=4054.87..4057.46 rows=1034 width=121)
	  Sort Key: c
	  ->  Bitmap Heap Scan on sbtest1  (cost=31.03..4003.10 rows=1034 width=121)
	        Recheck Cond: ((id >= 7077251) AND (id <= 7078250))
	        ->  Bitmap Index Scan on sbtest1_pkey  (cost=0.00..30.77 rows=1034 width=0)
	              Index Cond: ((id >= 7077251) AND (id <= 7078250))

table 2 : explain SELECT c FROM sbtest2 WHERE id BETWEEN 8744906 AND 8745905 ORDER BY c
	Sort  (cost=3997.52..4000.06 rows=1019 width=121)
	  Sort Key: c
	  ->  Bitmap Heap Scan on sbtest2  (cost=30.88..3946.60 rows=1019 width=121)
	        Recheck Cond: ((id >= 8744906) AND (id <= 8745905))
	        ->  Bitmap Index Scan on sbtest2_pkey  (cost=0.00..30.62 rows=1019 width=0)
	              Index Cond: ((id >= 8744906) AND (id <= 8745905))

table 3 : explain SELECT c FROM sbtest3 WHERE id BETWEEN 2444949 AND 2445948 ORDER BY c
	Sort  (cost=3935.97..3938.47 rows=1003 width=121)
	  Sort Key: c
	  ->  Bitmap Heap Scan on sbtest3  (cost=30.72..3885.97 rows=1003 width=121)
	        Recheck Cond: ((id >= 2444949) AND (id <= 2445948))
	        ->  Bitmap Index Scan on sbtest3_pkey  (cost=0.00..30.46 rows=1003 width=0)
	              Index Cond: ((id >= 2444949) AND (id <= 2445948))

table 4 : explain SELECT c FROM sbtest4 WHERE id BETWEEN 4729864 AND 4730863 ORDER BY c
	Sort  (cost=3740.92..3743.30 rows=952 width=121)
	  Sort Key: c
	  ->  Bitmap Heap Scan on sbtest4  (cost=30.19..3693.82 rows=952 width=121)
	        Recheck Cond: ((id >= 4729864) AND (id <= 4730863))
	        ->  Bitmap Index Scan on sbtest4_pkey  (cost=0.00..29.95 rows=952 width=0)
	              Index Cond: ((id >= 4729864) AND (id <= 4730863))

table 5 : explain SELECT c FROM sbtest5 WHERE id BETWEEN 5506153 AND 5507152 ORDER BY c
	Sort  (cost=3805.90..3808.32 rows=969 width=121)
	  Sort Key: c
	  ->  Bitmap Heap Scan on sbtest5  (cost=30.37..3757.84 rows=969 width=121)
	        Recheck Cond: ((id >= 5506153) AND (id <= 5507152))
	        ->  Bitmap Index Scan on sbtest5_pkey  (cost=0.00..30.12 rows=969 width=0)
	              Index Cond: ((id >= 5506153) AND (id <= 5507152))

table 6 : explain SELECT c FROM sbtest6 WHERE id BETWEEN 6086004 AND 6087003 ORDER BY c
	Sort  (cost=3632.87..3635.18 rows=924 width=121)
	  Sort Key: c
	  ->  Bitmap Heap Scan on sbtest6  (cost=29.91..3587.36 rows=924 width=121)
	        Recheck Cond: ((id >= 6086004) AND (id <= 6087003))
	        ->  Bitmap Index Scan on sbtest6_pkey  (cost=0.00..29.68 rows=924 width=0)
	              Index Cond: ((id >= 6086004) AND (id <= 6087003))

table 7 : explain SELECT c FROM sbtest7 WHERE id BETWEEN 8416244 AND 8417243 ORDER BY c
	Sort  (cost=3901.78..3904.27 rows=994 width=121)
	  Sort Key: c
	  ->  Bitmap Heap Scan on sbtest7  (cost=30.62..3852.30 rows=994 width=121)
	        Recheck Cond: ((id >= 8416244) AND (id <= 8417243))
	        ->  Bitmap Index Scan on sbtest7_pkey  (cost=0.00..30.37 rows=994 width=0)
	              Index Cond: ((id >= 8416244) AND (id <= 8417243))

table 8 : explain SELECT c FROM sbtest8 WHERE id BETWEEN 9458726 AND 9459725 ORDER BY c
	Sort  (cost=4139.34..4141.97 rows=1055 width=121)
	  Sort Key: c
	  ->  Bitmap Heap Scan on sbtest8  (cost=35.25..4086.36 rows=1055 width=121)
	        Recheck Cond: ((id >= 9458726) AND (id <= 9459725))
	        ->  Bitmap Index Scan on sbtest8_pkey  (cost=0.00..34.98 rows=1055 width=0)
	              Index Cond: ((id >= 9458726) AND (id <= 9459725))

for: order_ranges
table 1 : explain SELECT c FROM sbtest1 WHERE id BETWEEN 7125793 AND 7126792 ORDER BY c
	Sort  (cost=3932.32..3934.83 rows=1002 width=121)
	  Sort Key: c
	  ->  Bitmap Heap Scan on sbtest1  (cost=30.71..3882.38 rows=1002 width=121)
	        Recheck Cond: ((id >= 7125793) AND (id <= 7126792))
	        ->  Bitmap Index Scan on sbtest1_pkey  (cost=0.00..30.45 rows=1002 width=0)
	              Index Cond: ((id >= 7125793) AND (id <= 7126792))

table 2 : explain SELECT c FROM sbtest2 WHERE id BETWEEN 3940949 AND 3941948 ORDER BY c
	Sort  (cost=3832.73..3835.17 rows=976 width=121)
	  Sort Key: c
	  ->  Bitmap Heap Scan on sbtest2  (cost=30.44..3784.27 rows=976 width=121)
	        Recheck Cond: ((id >= 3940949) AND (id <= 3941948))
	        ->  Bitmap Index Scan on sbtest2_pkey  (cost=0.00..30.19 rows=976 width=0)
	              Index Cond: ((id >= 3940949) AND (id <= 3941948))

table 3 : explain SELECT c FROM sbtest3 WHERE id BETWEEN 2802655 AND 2803654 ORDER BY c
	Sort  (cost=3947.46..3949.97 rows=1006 width=121)
	  Sort Key: c
	  ->  Bitmap Heap Scan on sbtest3  (cost=30.75..3897.29 rows=1006 width=121)
	        Recheck Cond: ((id >= 2802655) AND (id <= 2803654))
	        ->  Bitmap Index Scan on sbtest3_pkey  (cost=0.00..30.50 rows=1006 width=0)
	              Index Cond: ((id >= 2802655) AND (id <= 2803654))

table 4 : explain SELECT c FROM sbtest4 WHERE id BETWEEN 566212 AND 567211 ORDER BY c
	Sort  (cost=4055.24..4057.82 rows=1034 width=121)
	  Sort Key: c
	  ->  Bitmap Heap Scan on sbtest4  (cost=31.03..4003.47 rows=1034 width=121)
	        Recheck Cond: ((id >= 566212) AND (id <= 567211))
	        ->  Bitmap Index Scan on sbtest4_pkey  (cost=0.00..30.77 rows=1034 width=0)
	              Index Cond: ((id >= 566212) AND (id <= 567211))

table 5 : explain SELECT c FROM sbtest5 WHERE id BETWEEN 1351846 AND 1352845 ORDER BY c
	Sort  (cost=4016.68..4019.24 rows=1024 width=121)
	  Sort Key: c
	  ->  Bitmap Heap Scan on sbtest5  (cost=30.93..3965.48 rows=1024 width=121)
	        Recheck Cond: ((id >= 1351846) AND (id <= 1352845))
	        ->  Bitmap Index Scan on sbtest5_pkey  (cost=0.00..30.68 rows=1024 width=0)
	              Index Cond: ((id >= 1351846) AND (id <= 1352845))

table 6 : explain SELECT c FROM sbtest6 WHERE id BETWEEN 7260640 AND 7261639 ORDER BY c
	Sort  (cost=3889.92..3892.40 rows=991 width=121)
	  Sort Key: c
	  ->  Bitmap Heap Scan on sbtest6  (cost=30.59..3840.60 rows=991 width=121)
	        Recheck Cond: ((id >= 7260640) AND (id <= 7261639))
	        ->  Bitmap Index Scan on sbtest6_pkey  (cost=0.00..30.34 rows=991 width=0)
	              Index Cond: ((id >= 7260640) AND (id <= 7261639))

table 7 : explain SELECT c FROM sbtest7 WHERE id BETWEEN 9844699 AND 9845698 ORDER BY c
	Sort  (cost=3544.83..3547.08 rows=901 width=121)
	  Sort Key: c
	  ->  Bitmap Heap Scan on sbtest7  (cost=29.67..3500.61 rows=901 width=121)
	        Recheck Cond: ((id >= 9844699) AND (id <= 9845698))
	        ->  Bitmap Index Scan on sbtest7_pkey  (cost=0.00..29.44 rows=901 width=0)
	              Index Cond: ((id >= 9844699) AND (id <= 9845698))

table 8 : explain SELECT c FROM sbtest8 WHERE id BETWEEN 2809651 AND 2810650 ORDER BY c
	Sort  (cost=3928.59..3931.09 rows=1001 width=121)
	  Sort Key: c
	  ->  Bitmap Heap Scan on sbtest8  (cost=30.70..3878.70 rows=1001 width=121)
	        Recheck Cond: ((id >= 2809651) AND (id <= 2810650))
	        ->  Bitmap Index Scan on sbtest8_pkey  (cost=0.00..30.44 rows=1001 width=0)
	              Index Cond: ((id >= 2809651) AND (id <= 2810650))

for: order_ranges
table 1 : explain SELECT c FROM sbtest1 WHERE id BETWEEN 2337020 AND 2338019 ORDER BY c
	Sort  (cost=3943.82..3946.33 rows=1005 width=121)
	  Sort Key: c
	  ->  Bitmap Heap Scan on sbtest1  (cost=30.74..3893.70 rows=1005 width=121)
	        Recheck Cond: ((id >= 2337020) AND (id <= 2338019))
	        ->  Bitmap Index Scan on sbtest1_pkey  (cost=0.00..30.48 rows=1005 width=0)
	              Index Cond: ((id >= 2337020) AND (id <= 2338019))

table 2 : explain SELECT c FROM sbtest2 WHERE id BETWEEN 2638904 AND 2639903 ORDER BY c
	Sort  (cost=4005.17..4007.73 rows=1021 width=121)
	  Sort Key: c
	  ->  Bitmap Heap Scan on sbtest2  (cost=30.90..3954.15 rows=1021 width=121)
	        Recheck Cond: ((id >= 2638904) AND (id <= 2639903))
	        ->  Bitmap Index Scan on sbtest2_pkey  (cost=0.00..30.64 rows=1021 width=0)
	              Index Cond: ((id >= 2638904) AND (id <= 2639903))

table 3 : explain SELECT c FROM sbtest3 WHERE id BETWEEN 6929126 AND 6930125 ORDER BY c
	Sort  (cost=4158.15..4160.80 rows=1060 width=121)
	  Sort Key: c
	  ->  Bitmap Heap Scan on sbtest3  (cost=35.30..4104.89 rows=1060 width=121)
	        Recheck Cond: ((id >= 6929126) AND (id <= 6930125))
	        ->  Bitmap Index Scan on sbtest3_pkey  (cost=0.00..35.04 rows=1060 width=0)
	              Index Cond: ((id >= 6929126) AND (id <= 6930125))

table 4 : explain SELECT c FROM sbtest4 WHERE id BETWEEN 6840181 AND 6841180 ORDER BY c
	Sort  (cost=4135.78..4138.42 rows=1054 width=121)
	  Sort Key: c
	  ->  Bitmap Heap Scan on sbtest4  (cost=35.24..4082.86 rows=1054 width=121)
	        Recheck Cond: ((id >= 6840181) AND (id <= 6841180))
	        ->  Bitmap Index Scan on sbtest4_pkey  (cost=0.00..34.98 rows=1054 width=0)
	              Index Cond: ((id >= 6840181) AND (id <= 6841180))

table 5 : explain SELECT c FROM sbtest5 WHERE id BETWEEN 5183972 AND 5184971 ORDER BY c
	Sort  (cost=3786.72..3789.13 rows=964 width=121)
	  Sort Key: c
	  ->  Bitmap Heap Scan on sbtest5  (cost=30.32..3738.94 rows=964 width=121)
	        Recheck Cond: ((id >= 5183972) AND (id <= 5184971))
	        ->  Bitmap Index Scan on sbtest5_pkey  (cost=0.00..30.07 rows=964 width=0)
	              Index Cond: ((id >= 5183972) AND (id <= 5184971))

table 6 : explain SELECT c FROM sbtest6 WHERE id BETWEEN 9986340 AND 9987339 ORDER BY c
	Sort  (cost=3828.58..3831.02 rows=975 width=121)
	  Sort Key: c
	  ->  Bitmap Heap Scan on sbtest6  (cost=30.43..3780.18 rows=975 width=121)
	        Recheck Cond: ((id >= 9986340) AND (id <= 9987339))
	        ->  Bitmap Index Scan on sbtest6_pkey  (cost=0.00..30.18 rows=975 width=0)
	              Index Cond: ((id >= 9986340) AND (id <= 9987339))

table 7 : explain SELECT c FROM sbtest7 WHERE id BETWEEN 4824165 AND 4825164 ORDER BY c
	Sort  (cost=3752.22..3754.61 rows=955 width=121)
	  Sort Key: c
	  ->  Bitmap Heap Scan on sbtest7  (cost=30.22..3704.95 rows=955 width=121)
	        Recheck Cond: ((id >= 4824165) AND (id <= 4825164))
	        ->  Bitmap Index Scan on sbtest7_pkey  (cost=0.00..29.98 rows=955 width=0)
	              Index Cond: ((id >= 4824165) AND (id <= 4825164))

table 8 : explain SELECT c FROM sbtest8 WHERE id BETWEEN 2975272 AND 2976271 ORDER BY c
	Sort  (cost=3752.20..3754.59 rows=955 width=121)
	  Sort Key: c
	  ->  Bitmap Heap Scan on sbtest8  (cost=30.22..3704.93 rows=955 width=121)
	        Recheck Cond: ((id >= 2975272) AND (id <= 2976271))
	        ->  Bitmap Index Scan on sbtest8_pkey  (cost=0.00..29.98 rows=955 width=0)
	              Index Cond: ((id >= 2975272) AND (id <= 2976271))

for: distinct_ranges
table 1 : explain SELECT DISTINCT c FROM sbtest1 WHERE id BETWEEN 5940465 AND 5941464 ORDER BY c
	Unique  (cost=4028.08..4033.21 rows=1027 width=121)
	  ->  Sort  (cost=4028.08..4030.64 rows=1027 width=121)
	        Sort Key: c
	        ->  Bitmap Heap Scan on sbtest1  (cost=30.96..3976.70 rows=1027 width=121)
	              Recheck Cond: ((id >= 5940465) AND (id <= 5941464))
	              ->  Bitmap Index Scan on sbtest1_pkey  (cost=0.00..30.70 rows=1027 width=0)
	                    Index Cond: ((id >= 5940465) AND (id <= 5941464))

table 2 : explain SELECT DISTINCT c FROM sbtest2 WHERE id BETWEEN 4092885 AND 4093884 ORDER BY c
	Unique  (cost=3660.05..3664.70 rows=931 width=121)
	  ->  Sort  (cost=3660.05..3662.38 rows=931 width=121)
	        Sort Key: c
	        ->  Bitmap Heap Scan on sbtest2  (cost=29.98..3614.14 rows=931 width=121)
	              Recheck Cond: ((id >= 4092885) AND (id <= 4093884))
	              ->  Bitmap Index Scan on sbtest2_pkey  (cost=0.00..29.75 rows=931 width=0)
	                    Index Cond: ((id >= 4092885) AND (id <= 4093884))

table 3 : explain SELECT DISTINCT c FROM sbtest3 WHERE id BETWEEN 9611282 AND 9612281 ORDER BY c
	Unique  (cost=3897.65..3902.61 rows=993 width=121)
	  ->  Sort  (cost=3897.65..3900.13 rows=993 width=121)
	        Sort Key: c
	        ->  Bitmap Heap Scan on sbtest3  (cost=30.61..3848.22 rows=993 width=121)
	              Recheck Cond: ((id >= 9611282) AND (id <= 9612281))
	              ->  Bitmap Index Scan on sbtest3_pkey  (cost=0.00..30.36 rows=993 width=0)
	                    Index Cond: ((id >= 9611282) AND (id <= 9612281))

table 4 : explain SELECT DISTINCT c FROM sbtest4 WHERE id BETWEEN 3084304 AND 3085303 ORDER BY c
	Unique  (cost=4039.92..4045.07 rows=1030 width=121)
	  ->  Sort  (cost=4039.92..4042.50 rows=1030 width=121)
	        Sort Key: c
	        ->  Bitmap Heap Scan on sbtest4  (cost=30.99..3988.38 rows=1030 width=121)
	              Recheck Cond: ((id >= 3084304) AND (id <= 3085303))
	              ->  Bitmap Index Scan on sbtest4_pkey  (cost=0.00..30.73 rows=1030 width=0)
	                    Index Cond: ((id >= 3084304) AND (id <= 3085303))

table 5 : explain SELECT DISTINCT c FROM sbtest5 WHERE id BETWEEN 6951379 AND 6952378 ORDER BY c
	Unique  (cost=4357.19..4362.75 rows=1112 width=121)
	  ->  Sort  (cost=4357.19..4359.97 rows=1112 width=121)
	        Sort Key: c
	        ->  Bitmap Heap Scan on sbtest5  (cost=35.83..4300.93 rows=1112 width=121)
	              Recheck Cond: ((id >= 6951379) AND (id <= 6952378))
	              ->  Bitmap Index Scan on sbtest5_pkey  (cost=0.00..35.56 rows=1112 width=0)
	                    Index Cond: ((id >= 6951379) AND (id <= 6952378))

table 6 : explain SELECT DISTINCT c FROM sbtest6 WHERE id BETWEEN 4816421 AND 4817420 ORDER BY c
	Unique  (cost=4077.74..4082.93 rows=1039 width=121)
	  ->  Sort  (cost=4077.74..4080.34 rows=1039 width=121)
	        Sort Key: c
	        ->  Bitmap Heap Scan on sbtest6  (cost=35.08..4025.68 rows=1039 width=121)
	              Recheck Cond: ((id >= 4816421) AND (id <= 4817420))
	              ->  Bitmap Index Scan on sbtest6_pkey  (cost=0.00..34.83 rows=1039 width=0)
	                    Index Cond: ((id >= 4816421) AND (id <= 4817420))

table 7 : explain SELECT DISTINCT c FROM sbtest7 WHERE id BETWEEN 397425 AND 398424 ORDER BY c
	Unique  (cost=4158.48..4163.78 rows=1060 width=121)
	  ->  Sort  (cost=4158.48..4161.13 rows=1060 width=121)
	        Sort Key: c
	        ->  Bitmap Heap Scan on sbtest7  (cost=35.30..4105.22 rows=1060 width=121)
	              Recheck Cond: ((id >= 397425) AND (id <= 398424))
	              ->  Bitmap Index Scan on sbtest7_pkey  (cost=0.00..35.04 rows=1060 width=0)
	                    Index Cond: ((id >= 397425) AND (id <= 398424))

table 8 : explain SELECT DISTINCT c FROM sbtest8 WHERE id BETWEEN 2981852 AND 2982851 ORDER BY c
	Unique  (cost=3752.20..3756.98 rows=955 width=121)
	  ->  Sort  (cost=3752.20..3754.59 rows=955 width=121)
	        Sort Key: c
	        ->  Bitmap Heap Scan on sbtest8  (cost=30.22..3704.93 rows=955 width=121)
	              Recheck Cond: ((id >= 2981852) AND (id <= 2982851))
	              ->  Bitmap Index Scan on sbtest8_pkey  (cost=0.00..29.98 rows=955 width=0)
	                    Index Cond: ((id >= 2981852) AND (id <= 2982851))

for: distinct_ranges
table 1 : explain SELECT DISTINCT c FROM sbtest1 WHERE id BETWEEN 7471046 AND 7472045 ORDER BY c
	Unique  (cost=3978.29..3983.36 rows=1014 width=121)
	  ->  Sort  (cost=3978.29..3980.83 rows=1014 width=121)
	        Sort Key: c
	        ->  Bitmap Heap Scan on sbtest1  (cost=30.83..3927.67 rows=1014 width=121)
	              Recheck Cond: ((id >= 7471046) AND (id <= 7472045))
	              ->  Bitmap Index Scan on sbtest1_pkey  (cost=0.00..30.57 rows=1014 width=0)
	                    Index Cond: ((id >= 7471046) AND (id <= 7472045))

table 2 : explain SELECT DISTINCT c FROM sbtest2 WHERE id BETWEEN 9712012 AND 9713011 ORDER BY c
	Unique  (cost=3936.23..3941.24 rows=1003 width=121)
	  ->  Sort  (cost=3936.23..3938.73 rows=1003 width=121)
	        Sort Key: c
	        ->  Bitmap Heap Scan on sbtest2  (cost=30.72..3886.23 rows=1003 width=121)
	              Recheck Cond: ((id >= 9712012) AND (id <= 9713011))
	              ->  Bitmap Index Scan on sbtest2_pkey  (cost=0.00..30.46 rows=1003 width=0)
	                    Index Cond: ((id >= 9712012) AND (id <= 9713011))

table 3 : explain SELECT DISTINCT c FROM sbtest3 WHERE id BETWEEN 1310392 AND 1311391 ORDER BY c
	Unique  (cost=3928.30..3933.31 rows=1001 width=121)
	  ->  Sort  (cost=3928.30..3930.81 rows=1001 width=121)
	        Sort Key: c
	        ->  Bitmap Heap Scan on sbtest3  (cost=30.70..3878.42 rows=1001 width=121)
	              Recheck Cond: ((id >= 1310392) AND (id <= 1311391))
	              ->  Bitmap Index Scan on sbtest3_pkey  (cost=0.00..30.44 rows=1001 width=0)
	                    Index Cond: ((id >= 1310392) AND (id <= 1311391))

table 4 : explain SELECT DISTINCT c FROM sbtest4 WHERE id BETWEEN 2799430 AND 2800429 ORDER BY c
	Unique  (cost=4261.98..4267.41 rows=1087 width=121)
	  ->  Sort  (cost=4261.98..4264.69 rows=1087 width=121)
	        Sort Key: c
	        ->  Bitmap Heap Scan on sbtest4  (cost=35.58..4207.16 rows=1087 width=121)
	              Recheck Cond: ((id >= 2799430) AND (id <= 2800429))
	              ->  Bitmap Index Scan on sbtest4_pkey  (cost=0.00..35.31 rows=1087 width=0)
	                    Index Cond: ((id >= 2799430) AND (id <= 2800429))

table 5 : explain SELECT DISTINCT c FROM sbtest5 WHERE id BETWEEN 372408 AND 373407 ORDER BY c
	Unique  (cost=4296.07..4301.55 rows=1096 width=121)
	  ->  Sort  (cost=4296.07..4298.81 rows=1096 width=121)
	        Sort Key: c
	        ->  Bitmap Heap Scan on sbtest5  (cost=35.67..4240.73 rows=1096 width=121)
	              Recheck Cond: ((id >= 372408) AND (id <= 373407))
	              ->  Bitmap Index Scan on sbtest5_pkey  (cost=0.00..35.40 rows=1096 width=0)
	                    Index Cond: ((id >= 372408) AND (id <= 373407))

table 6 : explain SELECT DISTINCT c FROM sbtest6 WHERE id BETWEEN 4693806 AND 4694805 ORDER BY c
	Unique  (cost=3840.09..3844.98 rows=978 width=121)
	  ->  Sort  (cost=3840.09..3842.53 rows=978 width=121)
	        Sort Key: c
	        ->  Bitmap Heap Scan on sbtest6  (cost=30.46..3791.51 rows=978 width=121)
	              Recheck Cond: ((id >= 4693806) AND (id <= 4694805))
	              ->  Bitmap Index Scan on sbtest6_pkey  (cost=0.00..30.21 rows=978 width=0)
	                    Index Cond: ((id >= 4693806) AND (id <= 4694805))

table 7 : explain SELECT DISTINCT c FROM sbtest7 WHERE id BETWEEN 3797165 AND 3798164 ORDER BY c
	Unique  (cost=4154.66..4159.95 rows=1059 width=121)
	  ->  Sort  (cost=4154.66..4157.31 rows=1059 width=121)
	        Sort Key: c
	        ->  Bitmap Heap Scan on sbtest7  (cost=35.29..4101.45 rows=1059 width=121)
	              Recheck Cond: ((id >= 3797165) AND (id <= 3798164))
	              ->  Bitmap Index Scan on sbtest7_pkey  (cost=0.00..35.03 rows=1059 width=0)
	                    Index Cond: ((id >= 3797165) AND (id <= 3798164))

table 8 : explain SELECT DISTINCT c FROM sbtest8 WHERE id BETWEEN 9301745 AND 9302744 ORDER BY c
	Unique  (cost=3844.26..3849.16 rows=979 width=121)
	  ->  Sort  (cost=3844.26..3846.71 rows=979 width=121)
	        Sort Key: c
	        ->  Bitmap Heap Scan on sbtest8  (cost=30.47..3795.63 rows=979 width=121)
	              Recheck Cond: ((id >= 9301745) AND (id <= 9302744))
	              ->  Bitmap Index Scan on sbtest8_pkey  (cost=0.00..30.22 rows=979 width=0)
	                    Index Cond: ((id >= 9301745) AND (id <= 9302744))

for: distinct_ranges
table 1 : explain SELECT DISTINCT c FROM sbtest1 WHERE id BETWEEN 981155 AND 982154 ORDER BY c
	Unique  (cost=3644.62..3649.26 rows=927 width=121)
	  ->  Sort  (cost=3644.62..3646.94 rows=927 width=121)
	        Sort Key: c
	        ->  Bitmap Heap Scan on sbtest1  (cost=29.94..3598.94 rows=927 width=121)
	              Recheck Cond: ((id >= 981155) AND (id <= 982154))
	              ->  Bitmap Index Scan on sbtest1_pkey  (cost=0.00..29.70 rows=927 width=0)
	                    Index Cond: ((id >= 981155) AND (id <= 982154))

table 2 : explain SELECT DISTINCT c FROM sbtest2 WHERE id BETWEEN 8859069 AND 8860068 ORDER BY c
	Unique  (cost=3874.91..3879.84 rows=987 width=121)
	  ->  Sort  (cost=3874.91..3877.37 rows=987 width=121)
	        Sort Key: c
	        ->  Bitmap Heap Scan on sbtest2  (cost=30.55..3825.82 rows=987 width=121)
	              Recheck Cond: ((id >= 8859069) AND (id <= 8860068))
	              ->  Bitmap Index Scan on sbtest2_pkey  (cost=0.00..30.30 rows=987 width=0)
	                    Index Cond: ((id >= 8859069) AND (id <= 8860068))

table 3 : explain SELECT DISTINCT c FROM sbtest3 WHERE id BETWEEN 7306549 AND 7307548 ORDER BY c
	Unique  (cost=4108.42..4113.66 rows=1047 width=121)
	  ->  Sort  (cost=4108.42..4111.04 rows=1047 width=121)
	        Sort Key: c
	        ->  Bitmap Heap Scan on sbtest3  (cost=35.17..4055.91 rows=1047 width=121)
	              Recheck Cond: ((id >= 7306549) AND (id <= 7307548))
	              ->  Bitmap Index Scan on sbtest3_pkey  (cost=0.00..34.91 rows=1047 width=0)
	                    Index Cond: ((id >= 7306549) AND (id <= 7307548))

table 4 : explain SELECT DISTINCT c FROM sbtest4 WHERE id BETWEEN 8208388 AND 8209387 ORDER BY c
	Unique  (cost=4016.95..4022.07 rows=1024 width=121)
	  ->  Sort  (cost=4016.95..4019.51 rows=1024 width=121)
	        Sort Key: c
	        ->  Bitmap Heap Scan on sbtest4  (cost=30.93..3965.75 rows=1024 width=121)
	              Recheck Cond: ((id >= 8208388) AND (id <= 8209387))
	              ->  Bitmap Index Scan on sbtest4_pkey  (cost=0.00..30.68 rows=1024 width=0)
	                    Index Cond: ((id >= 8208388) AND (id <= 8209387))

table 5 : explain SELECT DISTINCT c FROM sbtest5 WHERE id BETWEEN 2000393 AND 2001392 ORDER BY c
	Unique  (cost=3694.62..3699.32 rows=940 width=121)
	  ->  Sort  (cost=3694.62..3696.97 rows=940 width=121)
	        Sort Key: c
	        ->  Bitmap Heap Scan on sbtest5  (cost=30.07..3648.20 rows=940 width=121)
	              Recheck Cond: ((id >= 2000393) AND (id <= 2001392))
	              ->  Bitmap Index Scan on sbtest5_pkey  (cost=0.00..29.83 rows=940 width=0)
	                    Index Cond: ((id >= 2000393) AND (id <= 2001392))

table 6 : explain SELECT DISTINCT c FROM sbtest6 WHERE id BETWEEN 6831010 AND 6832009 ORDER BY c
	Unique  (cost=3947.39..3952.42 rows=1006 width=121)
	  ->  Sort  (cost=3947.39..3949.91 rows=1006 width=121)
	        Sort Key: c
	        ->  Bitmap Heap Scan on sbtest6  (cost=30.75..3897.22 rows=1006 width=121)
	              Recheck Cond: ((id >= 6831010) AND (id <= 6832009))
	              ->  Bitmap Index Scan on sbtest6_pkey  (cost=0.00..30.50 rows=1006 width=0)
	                    Index Cond: ((id >= 6831010) AND (id <= 6832009))

table 7 : explain SELECT DISTINCT c FROM sbtest7 WHERE id BETWEEN 3235716 AND 3236715 ORDER BY c
	Unique  (cost=4452.75..4458.44 rows=1138 width=121)
	  ->  Sort  (cost=4452.75..4455.60 rows=1138 width=121)
	        Sort Key: c
	        ->  Bitmap Heap Scan on sbtest7  (cost=36.10..4394.98 rows=1138 width=121)
	              Recheck Cond: ((id >= 3235716) AND (id <= 3236715))
	              ->  Bitmap Index Scan on sbtest7_pkey  (cost=0.00..35.82 rows=1138 width=0)
	                    Index Cond: ((id >= 3235716) AND (id <= 3236715))

table 8 : explain SELECT DISTINCT c FROM sbtest8 WHERE id BETWEEN 5345433 AND 5346432 ORDER BY c
	Unique  (cost=4009.20..4014.31 rows=1021 width=121)
	  ->  Sort  (cost=4009.20..4011.75 rows=1021 width=121)
	        Sort Key: c
	        ->  Bitmap Heap Scan on sbtest8  (cost=34.90..3958.17 rows=1021 width=121)
	              Recheck Cond: ((id >= 5345433) AND (id <= 5346432))
	              ->  Bitmap Index Scan on sbtest8_pkey  (cost=0.00..34.65 rows=1021 width=0)
	                    Index Cond: ((id >= 5345433) AND (id <= 5346432))

Threads started!

Warming up for 5 seconds...

SQL statistics:
    queries performed:
        read:                            159637803
        write:                           0
        other:                           29025084
        total:                           188662887
    transactions:                        14512562 (23035.55 per sec.)
    queries:                             188662887 (299461.43 per sec.)
    ignored errors:                      0      (0.00 per sec.)
    reconnects:                          0      (0.00 per sec.)

Throughput:
    events/s (eps):                      23035.5458
    time elapsed:                        630.0074s
    total number of events:              14512562

Latency (ms):
         min:                                    0.48
         avg:                                    1.74
         max:                                   17.92
         95th percentile:                        1.86
         sum:                             25187187.59

Threads fairness:
    events (avg/stddev):           362813.5000/692.30
    execution time (avg/stddev):   629.6797/0.01

