LUA_PATH=/home/mdcallag/git/mytools/bench/sysbench.lua/lua/?.lua /home/mdcallag/git/mytools/bench/sysbench.lua/lua/sysbench --db-driver=pgsql --range-size=10 --table-size=10000000 --tables=8 --threads=40 --events=0 --warmup-time=5 --time=630 --pgsql_conn_id=true /home/mdcallag/git/mytools/bench/sysbench.lua/lua/oltp_read_only.lua run --pgsql-user=root --pgsql-password=pw --pgsql-host=127.0.0.1 --pgsql-db=ib --rand-type=uniform
48 CPUs
sysbench 1.1.0-9072687 (using bundled LuaJIT 2.1.0-beta3)

Running the test with following options:
Number of threads: 40
Warmup time: 5s
Initializing random number generator from current time


Initializing worker threads...

explain: for point_selects :: explain SELECT c FROM sbtest%u WHERE id=%u
explain: for point_selects :: explain SELECT c FROM sbtest%u WHERE id=%u
explain: for point_selects :: explain SELECT c FROM sbtest%u WHERE id=%u
explain: for point_selects :: explain SELECT c FROM sbtest%u WHERE id=%u
explain: for point_selects :: explain SELECT c FROM sbtest%u WHERE id=%uexplain: for point_selects :: explain SELECT c FROM sbtest%u WHERE id=%u
explain: for point_selects :: explain SELECT c FROM sbtest%u WHERE id=%u
explain: for point_selects :: explain SELECT c FROM sbtest%u WHERE id=%u
explain: for point_selects :: explain SELECT c FROM sbtest%u WHERE id=%u
explain: for point_selects :: explain SELECT c FROM sbtest%u WHERE id=%u
explain: for point_selects :: explain SELECT c FROM sbtest%u WHERE id=%u
explain: for point_selects :: explain SELECT c FROM sbtest%u WHERE id=%u
explain: for point_selects :: explain SELECT c FROM sbtest%u WHERE id=%u
explain: for point_selects :: explain SELECT c FROM sbtest%u WHERE id=%u
explain: for point_selects :: explain SELECT c FROM sbtest%u WHERE id=%u

explain: for point_selects :: explain SELECT c FROM sbtest%u WHERE id=%u
explain: for point_selects :: explain SELECT c FROM sbtest%u WHERE id=%uexplain: for point_selects :: explain SELECT c FROM sbtest%u WHERE id=%u
explain: for point_selects :: explain SELECT c FROM sbtest%u WHERE id=%u
explain: for point_selects :: explain SELECT c FROM sbtest%u WHERE id=%u

explain: for point_selects :: explain SELECT c FROM sbtest%u WHERE id=%u
explain: for point_selects :: explain SELECT c FROM sbtest%u WHERE id=%u
explain: for point_selects :: explain SELECT c FROM sbtest%u WHERE id=%u
explain: for point_selects :: explain SELECT c FROM sbtest%u WHERE id=%u
explain: for point_selects :: explain SELECT c FROM sbtest%u WHERE id=%u
explain: for point_selects :: explain SELECT c FROM sbtest%u WHERE id=%u
explain: for point_selects :: explain SELECT c FROM sbtest%u WHERE id=%u
explain: for point_selects :: explain SELECT c FROM sbtest%u WHERE id=%u
explain: for point_selects :: explain SELECT c FROM sbtest%u WHERE id=%u
for point_selects
table 1 : explain SELECT c FROM sbtest1 WHERE id=9466797
	Index Scan using sbtest1_pkey on sbtest1  (cost=0.43..8.45 rows=1 width=121)
	  Index Cond: (id = 9466797)

table 2 : explain SELECT c FROM sbtest2 WHERE id=2046345
	Index Scan using sbtest2_pkey on sbtest2  (cost=0.43..8.45 rows=1 width=121)
	  Index Cond: (id = 2046345)

table 3 : explain SELECT c FROM sbtest3 WHERE id=5595520
	Index Scan using sbtest3_pkey on sbtest3  (cost=0.43..8.45 rows=1 width=121)
	  Index Cond: (id = 5595520)

table 4 : explain SELECT c FROM sbtest4 WHERE id=4466675
	Index Scan using sbtest4_pkey on sbtest4  (cost=0.43..8.45 rows=1 width=121)
	  Index Cond: (id = 4466675)

table 5 : explain SELECT c FROM sbtest5 WHERE id=7385370
	Index Scan using sbtest5_pkey on sbtest5  (cost=0.43..8.45 rows=1 width=121)
	  Index Cond: (id = 7385370)

table 6 : explain SELECT c FROM sbtest6 WHERE id=1195843
	Index Scan using sbtest6_pkey on sbtest6  (cost=0.43..8.45 rows=1 width=121)
	  Index Cond: (id = 1195843)

table 7 : explain SELECT c FROM sbtest7 WHERE id=2520326
	Index Scan using sbtest7_pkey on sbtest7  (cost=0.43..8.45 rows=1 width=121)
	  Index Cond: (id = 2520326)

table 8 : explain SELECT c FROM sbtest8 WHERE id=1068892
	Index Scan using sbtest8_pkey on sbtest8  (cost=0.43..8.45 rows=1 width=121)
	  Index Cond: (id = 1068892)

explain: for point_selects :: explain SELECT c FROM sbtest%u WHERE id=%u
explain: for point_selects :: explain SELECT c FROM sbtest%u WHERE id=%u
explain: for point_selects :: explain SELECT c FROM sbtest%u WHERE id=%u
explain: for point_selects :: explain SELECT c FROM sbtest%u WHERE id=%u
for point_selects
table 1 : explain SELECT c FROM sbtest1 WHERE id=2819111
	Index Scan using sbtest1_pkey on sbtest1  (cost=0.43..8.45 rows=1 width=121)
	  Index Cond: (id = 2819111)

table 2 : explain SELECT c FROM sbtest2 WHERE id=2020850
	Index Scan using sbtest2_pkey on sbtest2  (cost=0.43..8.45 rows=1 width=121)
	  Index Cond: (id = 2020850)

table 3 : explain SELECT c FROM sbtest3 WHERE id=1882414
	Index Scan using sbtest3_pkey on sbtest3  (cost=0.43..8.45 rows=1 width=121)
	  Index Cond: (id = 1882414)

table 4 : explain SELECT c FROM sbtest4 WHERE id=4092098
	Index Scan using sbtest4_pkey on sbtest4  (cost=0.43..8.45 rows=1 width=121)
	  Index Cond: (id = 4092098)

table 5 : explain SELECT c FROM sbtest5 WHERE id=9563838
	Index Scan using sbtest5_pkey on sbtest5  (cost=0.43..8.45 rows=1 width=121)
	  Index Cond: (id = 9563838)

table 6 : explain SELECT c FROM sbtest6 WHERE id=2177309
	Index Scan using sbtest6_pkey on sbtest6  (cost=0.43..8.45 rows=1 width=121)
	  Index Cond: (id = 2177309)

table 7 : explain SELECT c FROM sbtest7 WHERE id=877791
	Index Scan using sbtest7_pkey on sbtest7  (cost=0.43..8.45 rows=1 width=121)
	  Index Cond: (id = 877791)

table 8 : explain SELECT c FROM sbtest8 WHERE id=9529779
	Index Scan using sbtest8_pkey on sbtest8  (cost=0.43..8.45 rows=1 width=121)
	  Index Cond: (id = 9529779)

explain: for point_selects :: explain SELECT c FROM sbtest%u WHERE id=%u
explain: for point_selects :: explain SELECT c FROM sbtest%u WHERE id=%u
for point_selects
table 1 : explain SELECT c FROM sbtest1 WHERE id=3285133
	Index Scan using sbtest1_pkey on sbtest1  (cost=0.43..8.45 rows=1 width=121)
	  Index Cond: (id = 3285133)

table 2 : explain SELECT c FROM sbtest2 WHERE id=9509312
	Index Scan using sbtest2_pkey on sbtest2  (cost=0.43..8.45 rows=1 width=121)
	  Index Cond: (id = 9509312)

table 3 : explain SELECT c FROM sbtest3 WHERE id=2745543
	Index Scan using sbtest3_pkey on sbtest3  (cost=0.43..8.45 rows=1 width=121)
	  Index Cond: (id = 2745543)

table 4 : explain SELECT c FROM sbtest4 WHERE id=5642738
	Index Scan using sbtest4_pkey on sbtest4  (cost=0.43..8.45 rows=1 width=121)
	  Index Cond: (id = 5642738)

table 5 : explain SELECT c FROM sbtest5 WHERE id=1071898
	Index Scan using sbtest5_pkey on sbtest5  (cost=0.43..8.45 rows=1 width=121)
	  Index Cond: (id = 1071898)

table 6 : explain SELECT c FROM sbtest6 WHERE id=9850973
	Index Scan using sbtest6_pkey on sbtest6  (cost=0.43..8.45 rows=1 width=121)
	  Index Cond: (id = 9850973)

table 7 : explain SELECT c FROM sbtest7 WHERE id=4033517
	Index Scan using sbtest7_pkey on sbtest7  (cost=0.43..8.45 rows=1 width=121)
	  Index Cond: (id = 4033517)

table 8 : explain SELECT c FROM sbtest8 WHERE id=3089239
	Index Scan using sbtest8_pkey on sbtest8  (cost=0.43..8.45 rows=1 width=121)
	  Index Cond: (id = 3089239)

explain: for point_selects :: explain SELECT c FROM sbtest%u WHERE id=%u
for point_selects
table 1 : explain SELECT c FROM sbtest1 WHERE id=5303837
	Index Scan using sbtest1_pkey on sbtest1  (cost=0.43..8.45 rows=1 width=121)
	  Index Cond: (id = 5303837)

table 2 : explain SELECT c FROM sbtest2 WHERE id=7171865
	Index Scan using sbtest2_pkey on sbtest2  (cost=0.43..8.45 rows=1 width=121)
	  Index Cond: (id = 7171865)

table 3 : explain SELECT c FROM sbtest3 WHERE id=6071588
	Index Scan using sbtest3_pkey on sbtest3  (cost=0.43..8.45 rows=1 width=121)
	  Index Cond: (id = 6071588)

table 4 : explain SELECT c FROM sbtest4 WHERE id=8057576
	Index Scan using sbtest4_pkey on sbtest4  (cost=0.43..8.45 rows=1 width=121)
	  Index Cond: (id = 8057576)

table 5 : explain SELECT c FROM sbtest5 WHERE id=8651606
	Index Scan using sbtest5_pkey on sbtest5  (cost=0.43..8.45 rows=1 width=121)
	  Index Cond: (id = 8651606)

table 6 : explain SELECT c FROM sbtest6 WHERE id=872884
	Index Scan using sbtest6_pkey on sbtest6  (cost=0.43..8.45 rows=1 width=121)
	  Index Cond: (id = 872884)

table 7 : explain SELECT c FROM sbtest7 WHERE id=9370522
	Index Scan using sbtest7_pkey on sbtest7  (cost=0.43..8.45 rows=1 width=121)
	  Index Cond: (id = 9370522)

table 8 : explain SELECT c FROM sbtest8 WHERE id=2793583
	Index Scan using sbtest8_pkey on sbtest8  (cost=0.43..8.45 rows=1 width=121)
	  Index Cond: (id = 2793583)

explain: for point_selects :: explain SELECT c FROM sbtest%u WHERE id=%u
for point_selects
table 1 : explain SELECT c FROM sbtest1 WHERE id=8554067
	Index Scan using sbtest1_pkey on sbtest1  (cost=0.43..8.45 rows=1 width=121)
	  Index Cond: (id = 8554067)

table 2 : explain SELECT c FROM sbtest2 WHERE id=9618196
	Index Scan using sbtest2_pkey on sbtest2  (cost=0.43..8.45 rows=1 width=121)
	  Index Cond: (id = 9618196)

table 3 : explain SELECT c FROM sbtest3 WHERE id=9248876
	Index Scan using sbtest3_pkey on sbtest3  (cost=0.43..8.45 rows=1 width=121)
	  Index Cond: (id = 9248876)

table 4 : explain SELECT c FROM sbtest4 WHERE id=4862771
	Index Scan using sbtest4_pkey on sbtest4  (cost=0.43..8.45 rows=1 width=121)
	  Index Cond: (id = 4862771)

table 5 : explain SELECT c FROM sbtest5 WHERE id=988764
	Index Scan using sbtest5_pkey on sbtest5  (cost=0.43..8.45 rows=1 width=121)
	  Index Cond: (id = 988764)

table 6 : explain SELECT c FROM sbtest6 WHERE id=6560012
	Index Scan using sbtest6_pkey on sbtest6  (cost=0.43..8.45 rows=1 width=121)
	  Index Cond: (id = 6560012)

table 7 : explain SELECT c FROM sbtest7 WHERE id=1152130
	Index Scan using sbtest7_pkey on sbtest7  (cost=0.43..8.45 rows=1 width=121)
	  Index Cond: (id = 1152130)

table 8 : explain SELECT c FROM sbtest8 WHERE id=5839252
	Index Scan using sbtest8_pkey on sbtest8  (cost=0.43..8.45 rows=1 width=121)
	  Index Cond: (id = 5839252)

explain: for point_selects :: explain SELECT c FROM sbtest%u WHERE id=%u
for point_selects
table 1 : explain SELECT c FROM sbtest1 WHERE id=8944220
	Index Scan using sbtest1_pkey on sbtest1  (cost=0.43..8.45 rows=1 width=121)
	  Index Cond: (id = 8944220)

table 2 : explain SELECT c FROM sbtest2 WHERE id=5665611
	Index Scan using sbtest2_pkey on sbtest2  (cost=0.43..8.45 rows=1 width=121)
	  Index Cond: (id = 5665611)

table 3 : explain SELECT c FROM sbtest3 WHERE id=7733534
	Index Scan using sbtest3_pkey on sbtest3  (cost=0.43..8.45 rows=1 width=121)
	  Index Cond: (id = 7733534)

table 4 : explain SELECT c FROM sbtest4 WHERE id=3977230
	Index Scan using sbtest4_pkey on sbtest4  (cost=0.43..8.45 rows=1 width=121)
	  Index Cond: (id = 3977230)

table 5 : explain SELECT c FROM sbtest5 WHERE id=9086644
	Index Scan using sbtest5_pkey on sbtest5  (cost=0.43..8.45 rows=1 width=121)
	  Index Cond: (id = 9086644)

table 6 : explain SELECT c FROM sbtest6 WHERE id=622470
	Index Scan using sbtest6_pkey on sbtest6  (cost=0.43..8.45 rows=1 width=121)
	  Index Cond: (id = 622470)

table 7 : explain SELECT c FROM sbtest7 WHERE id=8490552
	Index Scan using sbtest7_pkey on sbtest7  (cost=0.43..8.45 rows=1 width=121)
	  Index Cond: (id = 8490552)

table 8 : explain SELECT c FROM sbtest8 WHERE id=4807141
	Index Scan using sbtest8_pkey on sbtest8  (cost=0.43..8.45 rows=1 width=121)
	  Index Cond: (id = 4807141)

for point_selects
table 1 : explain SELECT c FROM sbtest1 WHERE id=2346472
	Index Scan using sbtest1_pkey on sbtest1  (cost=0.43..8.45 rows=1 width=121)
	  Index Cond: (id = 2346472)

table 2 : explain SELECT c FROM sbtest2 WHERE id=8424847
	Index Scan using sbtest2_pkey on sbtest2  (cost=0.43..8.45 rows=1 width=121)
	  Index Cond: (id = 8424847)

table 3 : explain SELECT c FROM sbtest3 WHERE id=2778288
	Index Scan using sbtest3_pkey on sbtest3  (cost=0.43..8.45 rows=1 width=121)
	  Index Cond: (id = 2778288)

table 4 : explain SELECT c FROM sbtest4 WHERE id=523407
	Index Scan using sbtest4_pkey on sbtest4  (cost=0.43..8.45 rows=1 width=121)
	  Index Cond: (id = 523407)

table 5 : explain SELECT c FROM sbtest5 WHERE id=3699299
	Index Scan using sbtest5_pkey on sbtest5  (cost=0.43..8.45 rows=1 width=121)
	  Index Cond: (id = 3699299)

table 6 : explain SELECT c FROM sbtest6 WHERE id=2208584
	Index Scan using sbtest6_pkey on sbtest6  (cost=0.43..8.45 rows=1 width=121)
	  Index Cond: (id = 2208584)

table 7 : explain SELECT c FROM sbtest7 WHERE id=6983199
	Index Scan using sbtest7_pkey on sbtest7  (cost=0.43..8.45 rows=1 width=121)
	  Index Cond: (id = 6983199)

table 8 : explain SELECT c FROM sbtest8 WHERE id=597968
	Index Scan using sbtest8_pkey on sbtest8  (cost=0.43..8.45 rows=1 width=121)
	  Index Cond: (id = 597968)

explain: for point_selects :: explain SELECT c FROM sbtest%u WHERE id=%u
explain: for point_selects :: explain SELECT c FROM sbtest%u WHERE id=%u
for point_selects
table 1 : explain SELECT c FROM sbtest1 WHERE id=661459
	Index Scan using sbtest1_pkey on sbtest1  (cost=0.43..8.45 rows=1 width=121)
	  Index Cond: (id = 661459)

table 2 : explain SELECT c FROM sbtest2 WHERE id=2256611
	Index Scan using sbtest2_pkey on sbtest2  (cost=0.43..8.45 rows=1 width=121)
	  Index Cond: (id = 2256611)

table 3 : explain SELECT c FROM sbtest3 WHERE id=5591723
	Index Scan using sbtest3_pkey on sbtest3  (cost=0.43..8.45 rows=1 width=121)
	  Index Cond: (id = 5591723)

table 4 : explain SELECT c FROM sbtest4 WHERE id=4226083
	Index Scan using sbtest4_pkey on sbtest4  (cost=0.43..8.45 rows=1 width=121)
	  Index Cond: (id = 4226083)

table 5 : explain SELECT c FROM sbtest5 WHERE id=6810716
	Index Scan using sbtest5_pkey on sbtest5  (cost=0.43..8.45 rows=1 width=121)
	  Index Cond: (id = 6810716)

table 6 : explain SELECT c FROM sbtest6 WHERE id=6196868
	Index Scan using sbtest6_pkey on sbtest6  (cost=0.43..8.45 rows=1 width=121)
	  Index Cond: (id = 6196868)

table 7 : explain SELECT c FROM sbtest7 WHERE id=461845
	Index Scan using sbtest7_pkey on sbtest7  (cost=0.43..8.45 rows=1 width=121)
	  Index Cond: (id = 461845)

table 8 : explain SELECT c FROM sbtest8 WHERE id=124330
	Index Scan using sbtest8_pkey on sbtest8  (cost=0.43..8.45 rows=1 width=121)
	  Index Cond: (id = 124330)

for point_selects
table 1 : explain SELECT c FROM sbtest1 WHERE id=6448591
	Index Scan using sbtest1_pkey on sbtest1  (cost=0.43..8.45 rows=1 width=121)
	  Index Cond: (id = 6448591)

table 2 : explain SELECT c FROM sbtest2 WHERE id=9139828
	Index Scan using sbtest2_pkey on sbtest2  (cost=0.43..8.45 rows=1 width=121)
	  Index Cond: (id = 9139828)

table 3 : explain SELECT c FROM sbtest3 WHERE id=5653226
	Index Scan using sbtest3_pkey on sbtest3  (cost=0.43..8.45 rows=1 width=121)
	  Index Cond: (id = 5653226)

table 4 : explain SELECT c FROM sbtest4 WHERE id=5678911
	Index Scan using sbtest4_pkey on sbtest4  (cost=0.43..8.45 rows=1 width=121)
	  Index Cond: (id = 5678911)

table 5 : explain SELECT c FROM sbtest5 WHERE id=4781853
	Index Scan using sbtest5_pkey on sbtest5  (cost=0.43..8.45 rows=1 width=121)
	  Index Cond: (id = 4781853)

table 6 : explain SELECT c FROM sbtest6 WHERE id=984059
	Index Scan using sbtest6_pkey on sbtest6  (cost=0.43..8.45 rows=1 width=121)
	  Index Cond: (id = 984059)

table 7 : explain SELECT c FROM sbtest7 WHERE id=3611483
	Index Scan using sbtest7_pkey on sbtest7  (cost=0.43..8.45 rows=1 width=121)
	  Index Cond: (id = 3611483)

table 8 : explain SELECT c FROM sbtest8 WHERE id=5855962
	Index Scan using sbtest8_pkey on sbtest8  (cost=0.43..8.45 rows=1 width=121)
	  Index Cond: (id = 5855962)

for point_selects
table 1 : explain SELECT c FROM sbtest1 WHERE id=7821889
	Index Scan using sbtest1_pkey on sbtest1  (cost=0.43..8.45 rows=1 width=121)
	  Index Cond: (id = 7821889)

table 2 : explain SELECT c FROM sbtest2 WHERE id=1691733
	Index Scan using sbtest2_pkey on sbtest2  (cost=0.43..8.45 rows=1 width=121)
	  Index Cond: (id = 1691733)

table 3 : explain SELECT c FROM sbtest3 WHERE id=8757951
	Index Scan using sbtest3_pkey on sbtest3  (cost=0.43..8.45 rows=1 width=121)
	  Index Cond: (id = 8757951)

table 4 : explain SELECT c FROM sbtest4 WHERE id=4821094
	Index Scan using sbtest4_pkey on sbtest4  (cost=0.43..8.45 rows=1 width=121)
	  Index Cond: (id = 4821094)

table 5 : explain SELECT c FROM sbtest5 WHERE id=1206760
	Index Scan using sbtest5_pkey on sbtest5  (cost=0.43..8.45 rows=1 width=121)
	  Index Cond: (id = 1206760)

table 6 : explain SELECT c FROM sbtest6 WHERE id=1923283
	Index Scan using sbtest6_pkey on sbtest6  (cost=0.43..8.45 rows=1 width=121)
	  Index Cond: (id = 1923283)

table 7 : explain SELECT c FROM sbtest7 WHERE id=8317185
	Index Scan using sbtest7_pkey on sbtest7  (cost=0.43..8.45 rows=1 width=121)
	  Index Cond: (id = 8317185)

table 8 : explain SELECT c FROM sbtest8 WHERE id=7827193
	Index Scan using sbtest8_pkey on sbtest8  (cost=0.43..8.45 rows=1 width=121)
	  Index Cond: (id = 7827193)

for point_selects
table 1 : explain SELECT c FROM sbtest1 WHERE id=5370684
	Index Scan using sbtest1_pkey on sbtest1  (cost=0.43..8.45 rows=1 width=121)
	  Index Cond: (id = 5370684)

table 2 : explain SELECT c FROM sbtest2 WHERE id=989167
	Index Scan using sbtest2_pkey on sbtest2  (cost=0.43..8.45 rows=1 width=121)
	  Index Cond: (id = 989167)

table 3 : explain SELECT c FROM sbtest3 WHERE id=150579
	Index Scan using sbtest3_pkey on sbtest3  (cost=0.43..8.45 rows=1 width=121)
	  Index Cond: (id = 150579)

table 4 : explain SELECT c FROM sbtest4 WHERE id=8673990
	Index Scan using sbtest4_pkey on sbtest4  (cost=0.43..8.45 rows=1 width=121)
	  Index Cond: (id = 8673990)

table 5 : explain SELECT c FROM sbtest5 WHERE id=1189879
	Index Scan using sbtest5_pkey on sbtest5  (cost=0.43..8.45 rows=1 width=121)
	  Index Cond: (id = 1189879)

table 6 : explain SELECT c FROM sbtest6 WHERE id=5913854
	Index Scan using sbtest6_pkey on sbtest6  (cost=0.43..8.45 rows=1 width=121)
	  Index Cond: (id = 5913854)

table 7 : explain SELECT c FROM sbtest7 WHERE id=2903031
	Index Scan using sbtest7_pkey on sbtest7  (cost=0.43..8.45 rows=1 width=121)
	  Index Cond: (id = 2903031)

table 8 : explain SELECT c FROM sbtest8 WHERE id=7289784
	Index Scan using sbtest8_pkey on sbtest8  (cost=0.43..8.45 rows=1 width=121)
	  Index Cond: (id = 7289784)

for point_selects
table 1 : explain SELECT c FROM sbtest1 WHERE id=2321492
	Index Scan using sbtest1_pkey on sbtest1  (cost=0.43..8.45 rows=1 width=121)
	  Index Cond: (id = 2321492)

table 2 : explain SELECT c FROM sbtest2 WHERE id=980426
	Index Scan using sbtest2_pkey on sbtest2  (cost=0.43..8.45 rows=1 width=121)
	  Index Cond: (id = 980426)

table 3 : explain SELECT c FROM sbtest3 WHERE id=5398839
	Index Scan using sbtest3_pkey on sbtest3  (cost=0.43..8.45 rows=1 width=121)
	  Index Cond: (id = 5398839)

table 4 : explain SELECT c FROM sbtest4 WHERE id=6403231
	Index Scan using sbtest4_pkey on sbtest4  (cost=0.43..8.45 rows=1 width=121)
	  Index Cond: (id = 6403231)

table 5 : explain SELECT c FROM sbtest5 WHERE id=8429417
	Index Scan using sbtest5_pkey on sbtest5  (cost=0.43..8.45 rows=1 width=121)
	  Index Cond: (id = 8429417)

table 6 : explain SELECT c FROM sbtest6 WHERE id=1404393
	Index Scan using sbtest6_pkey on sbtest6  (cost=0.43..8.45 rows=1 width=121)
	  Index Cond: (id = 1404393)

table 7 : explain SELECT c FROM sbtest7 WHERE id=3341235
	Index Scan using sbtest7_pkey on sbtest7  (cost=0.43..8.45 rows=1 width=121)
	  Index Cond: (id = 3341235)

table 8 : explain SELECT c FROM sbtest8 WHERE id=2921997
	Index Scan using sbtest8_pkey on sbtest8  (cost=0.43..8.45 rows=1 width=121)
	  Index Cond: (id = 2921997)

for point_selects
table 1 : explain SELECT c FROM sbtest1 WHERE id=504667
	Index Scan using sbtest1_pkey on sbtest1  (cost=0.43..8.45 rows=1 width=121)
	  Index Cond: (id = 504667)

table 2 : explain SELECT c FROM sbtest2 WHERE id=3075645
	Index Scan using sbtest2_pkey on sbtest2  (cost=0.43..8.45 rows=1 width=121)
	  Index Cond: (id = 3075645)

table 3 : explain SELECT c FROM sbtest3 WHERE id=5958236
	Index Scan using sbtest3_pkey on sbtest3  (cost=0.43..8.45 rows=1 width=121)
	  Index Cond: (id = 5958236)

table 4 : explain SELECT c FROM sbtest4 WHERE id=128837
	Index Scan using sbtest4_pkey on sbtest4  (cost=0.43..8.45 rows=1 width=121)
	  Index Cond: (id = 128837)

table 5 : explain SELECT c FROM sbtest5 WHERE id=9450269
	Index Scan using sbtest5_pkey on sbtest5  (cost=0.43..8.45 rows=1 width=121)
	  Index Cond: (id = 9450269)

table 6 : explain SELECT c FROM sbtest6 WHERE id=8312492
	Index Scan using sbtest6_pkey on sbtest6  (cost=0.43..8.45 rows=1 width=121)
	  Index Cond: (id = 8312492)

table 7 : explain SELECT c FROM sbtest7 WHERE id=4139727
	Index Scan using sbtest7_pkey on sbtest7  (cost=0.43..8.45 rows=1 width=121)
	  Index Cond: (id = 4139727)

table 8 : explain SELECT c FROM sbtest8 WHERE id=6686601
	Index Scan using sbtest8_pkey on sbtest8  (cost=0.43..8.45 rows=1 width=121)
	  Index Cond: (id = 6686601)

for point_selects
table 1 : explain SELECT c FROM sbtest1 WHERE id=5013823
	Index Scan using sbtest1_pkey on sbtest1  (cost=0.43..8.45 rows=1 width=121)
	  Index Cond: (id = 5013823)

table 2 : explain SELECT c FROM sbtest2 WHERE id=9837481
	Index Scan using sbtest2_pkey on sbtest2  (cost=0.43..8.45 rows=1 width=121)
	  Index Cond: (id = 9837481)

table 3 : explain SELECT c FROM sbtest3 WHERE id=1522298
	Index Scan using sbtest3_pkey on sbtest3  (cost=0.43..8.45 rows=1 width=121)
	  Index Cond: (id = 1522298)

table 4 : explain SELECT c FROM sbtest4 WHERE id=8742320
	Index Scan using sbtest4_pkey on sbtest4  (cost=0.43..8.45 rows=1 width=121)
	  Index Cond: (id = 8742320)

table 5 : explain SELECT c FROM sbtest5 WHERE id=5940362
	Index Scan using sbtest5_pkey on sbtest5  (cost=0.43..8.45 rows=1 width=121)
	  Index Cond: (id = 5940362)

table 6 : explain SELECT c FROM sbtest6 WHERE id=3681093
	Index Scan using sbtest6_pkey on sbtest6  (cost=0.43..8.45 rows=1 width=121)
	  Index Cond: (id = 3681093)

table 7 : explain SELECT c FROM sbtest7 WHERE id=5622574
	Index Scan using sbtest7_pkey on sbtest7  (cost=0.43..8.45 rows=1 width=121)
	  Index Cond: (id = 5622574)

table 8 : explain SELECT c FROM sbtest8 WHERE id=5956468
	Index Scan using sbtest8_pkey on sbtest8  (cost=0.43..8.45 rows=1 width=121)
	  Index Cond: (id = 5956468)

for point_selects
table 1 : explain SELECT c FROM sbtest1 WHERE id=2423110
	Index Scan using sbtest1_pkey on sbtest1  (cost=0.43..8.45 rows=1 width=121)
	  Index Cond: (id = 2423110)

table 2 : explain SELECT c FROM sbtest2 WHERE id=4266922
	Index Scan using sbtest2_pkey on sbtest2  (cost=0.43..8.45 rows=1 width=121)
	  Index Cond: (id = 4266922)

table 3 : explain SELECT c FROM sbtest3 WHERE id=4972440
	Index Scan using sbtest3_pkey on sbtest3  (cost=0.43..8.45 rows=1 width=121)
	  Index Cond: (id = 4972440)

table 4 : explain SELECT c FROM sbtest4 WHERE id=5191655
	Index Scan using sbtest4_pkey on sbtest4  (cost=0.43..8.45 rows=1 width=121)
	  Index Cond: (id = 5191655)

table 5 : explain SELECT c FROM sbtest5 WHERE id=6727791
	Index Scan using sbtest5_pkey on sbtest5  (cost=0.43..8.45 rows=1 width=121)
	  Index Cond: (id = 6727791)

table 6 : explain SELECT c FROM sbtest6 WHERE id=7869379
	Index Scan using sbtest6_pkey on sbtest6  (cost=0.43..8.45 rows=1 width=121)
	  Index Cond: (id = 7869379)

table 7 : explain SELECT c FROM sbtest7 WHERE id=7072358
	Index Scan using sbtest7_pkey on sbtest7  (cost=0.43..8.45 rows=1 width=121)
	  Index Cond: (id = 7072358)

table 8 : explain SELECT c FROM sbtest8 WHERE id=7142325
	Index Scan using sbtest8_pkey on sbtest8  (cost=0.43..8.45 rows=1 width=121)
	  Index Cond: (id = 7142325)

for point_selects
table 1 : explain SELECT c FROM sbtest1 WHERE id=7208667
	Index Scan using sbtest1_pkey on sbtest1  (cost=0.43..8.45 rows=1 width=121)
	  Index Cond: (id = 7208667)

table 2 : explain SELECT c FROM sbtest2 WHERE id=5507624
	Index Scan using sbtest2_pkey on sbtest2  (cost=0.43..8.45 rows=1 width=121)
	  Index Cond: (id = 5507624)

table 3 : explain SELECT c FROM sbtest3 WHERE id=874140
	Index Scan using sbtest3_pkey on sbtest3  (cost=0.43..8.45 rows=1 width=121)
	  Index Cond: (id = 874140)

table 4 : explain SELECT c FROM sbtest4 WHERE id=7168252
	Index Scan using sbtest4_pkey on sbtest4  (cost=0.43..8.45 rows=1 width=121)
	  Index Cond: (id = 7168252)

table 5 : explain SELECT c FROM sbtest5 WHERE id=1184985
	Index Scan using sbtest5_pkey on sbtest5  (cost=0.43..8.45 rows=1 width=121)
	  Index Cond: (id = 1184985)

table 6 : explain SELECT c FROM sbtest6 WHERE id=4428159
	Index Scan using sbtest6_pkey on sbtest6  (cost=0.43..8.45 rows=1 width=121)
	  Index Cond: (id = 4428159)

table 7 : explain SELECT c FROM sbtest7 WHERE id=4967674
	Index Scan using sbtest7_pkey on sbtest7  (cost=0.43..8.45 rows=1 width=121)
	  Index Cond: (id = 4967674)

table 8 : explain SELECT c FROM sbtest8 WHERE id=8437523
	Index Scan using sbtest8_pkey on sbtest8  (cost=0.43..8.45 rows=1 width=121)
	  Index Cond: (id = 8437523)

for point_selects
table 1 : explain SELECT c FROM sbtest1 WHERE id=7403584
	Index Scan using sbtest1_pkey on sbtest1  (cost=0.43..8.45 rows=1 width=121)
	  Index Cond: (id = 7403584)

table 2 : explain SELECT c FROM sbtest2 WHERE id=8919991
	Index Scan using sbtest2_pkey on sbtest2  (cost=0.43..8.45 rows=1 width=121)
	  Index Cond: (id = 8919991)

table 3 : explain SELECT c FROM sbtest3 WHERE id=3182803
	Index Scan using sbtest3_pkey on sbtest3  (cost=0.43..8.45 rows=1 width=121)
	  Index Cond: (id = 3182803)

table 4 : explain SELECT c FROM sbtest4 WHERE id=9753287
	Index Scan using sbtest4_pkey on sbtest4  (cost=0.43..8.45 rows=1 width=121)
	  Index Cond: (id = 9753287)

table 5 : explain SELECT c FROM sbtest5 WHERE id=509473
	Index Scan using sbtest5_pkey on sbtest5  (cost=0.43..8.45 rows=1 width=121)
	  Index Cond: (id = 509473)

table 6 : explain SELECT c FROM sbtest6 WHERE id=5100726
	Index Scan using sbtest6_pkey on sbtest6  (cost=0.43..8.45 rows=1 width=121)
	  Index Cond: (id = 5100726)

table 7 : explain SELECT c FROM sbtest7 WHERE id=2871925
	Index Scan using sbtest7_pkey on sbtest7  (cost=0.43..8.45 rows=1 width=121)
	  Index Cond: (id = 2871925)

table 8 : explain SELECT c FROM sbtest8 WHERE id=7814566
	Index Scan using sbtest8_pkey on sbtest8  (cost=0.43..8.45 rows=1 width=121)
	  Index Cond: (id = 7814566)

for point_selects
table 1 : explain SELECT c FROM sbtest1 WHERE id=4855561
	Index Scan using sbtest1_pkey on sbtest1  (cost=0.43..8.45 rows=1 width=121)
	  Index Cond: (id = 4855561)

table 2 : explain SELECT c FROM sbtest2 WHERE id=9166879
	Index Scan using sbtest2_pkey on sbtest2  (cost=0.43..8.45 rows=1 width=121)
	  Index Cond: (id = 9166879)

table 3 : explain SELECT c FROM sbtest3 WHERE id=8463333
	Index Scan using sbtest3_pkey on sbtest3  (cost=0.43..8.45 rows=1 width=121)
	  Index Cond: (id = 8463333)

table 4 : explain SELECT c FROM sbtest4 WHERE id=7358578
	Index Scan using sbtest4_pkey on sbtest4  (cost=0.43..8.45 rows=1 width=121)
	  Index Cond: (id = 7358578)

table 5 : explain SELECT c FROM sbtest5 WHERE id=4547286
	Index Scan using sbtest5_pkey on sbtest5  (cost=0.43..8.45 rows=1 width=121)
	  Index Cond: (id = 4547286)

table 6 : explain SELECT c FROM sbtest6 WHERE id=7875361
	Index Scan using sbtest6_pkey on sbtest6  (cost=0.43..8.45 rows=1 width=121)
	  Index Cond: (id = 7875361)

table 7 : explain SELECT c FROM sbtest7 WHERE id=2851467
	Index Scan using sbtest7_pkey on sbtest7  (cost=0.43..8.45 rows=1 width=121)
	  Index Cond: (id = 2851467)

table 8 : explain SELECT c FROM sbtest8 WHERE id=8928801
	Index Scan using sbtest8_pkey on sbtest8  (cost=0.43..8.45 rows=1 width=121)
	  Index Cond: (id = 8928801)

for point_selects
table 1 : explain SELECT c FROM sbtest1 WHERE id=4798801
	Index Scan using sbtest1_pkey on sbtest1  (cost=0.43..8.45 rows=1 width=121)
	  Index Cond: (id = 4798801)

table 2 : explain SELECT c FROM sbtest2 WHERE id=9802224
	Index Scan using sbtest2_pkey on sbtest2  (cost=0.43..8.45 rows=1 width=121)
	  Index Cond: (id = 9802224)

table 3 : explain SELECT c FROM sbtest3 WHERE id=748645
	Index Scan using sbtest3_pkey on sbtest3  (cost=0.43..8.45 rows=1 width=121)
	  Index Cond: (id = 748645)

table 4 : explain SELECT c FROM sbtest4 WHERE id=5673997
	Index Scan using sbtest4_pkey on sbtest4  (cost=0.43..8.45 rows=1 width=121)
	  Index Cond: (id = 5673997)

table 5 : explain SELECT c FROM sbtest5 WHERE id=6933374
	Index Scan using sbtest5_pkey on sbtest5  (cost=0.43..8.45 rows=1 width=121)
	  Index Cond: (id = 6933374)

table 6 : explain SELECT c FROM sbtest6 WHERE id=9716813
	Index Scan using sbtest6_pkey on sbtest6  (cost=0.43..8.45 rows=1 width=121)
	  Index Cond: (id = 9716813)

table 7 : explain SELECT c FROM sbtest7 WHERE id=8450239
	Index Scan using sbtest7_pkey on sbtest7  (cost=0.43..8.45 rows=1 width=121)
	  Index Cond: (id = 8450239)

table 8 : explain SELECT c FROM sbtest8 WHERE id=468147
	Index Scan using sbtest8_pkey on sbtest8  (cost=0.43..8.45 rows=1 width=121)
	  Index Cond: (id = 468147)
for point_selects
table 1 : explain SELECT c FROM sbtest1 WHERE id=2643603
	Index Scan using sbtest1_pkey on sbtest1  (cost=0.43..8.45 rows=1 width=121)
	  Index Cond: (id = 2643603)

table 2 : explain SELECT c FROM sbtest2 WHERE id=1486137
	Index Scan using sbtest2_pkey on sbtest2  (cost=0.43..8.45 rows=1 width=121)
	  Index Cond: (id = 1486137)

table 3 : explain SELECT c FROM sbtest3 WHERE id=2550049
	Index Scan using sbtest3_pkey on sbtest3  (cost=0.43..8.45 rows=1 width=121)
	  Index Cond: (id = 2550049)

table 4 : explain SELECT c FROM sbtest4 WHERE id=4763122
	Index Scan using sbtest4_pkey on sbtest4  (cost=0.43..8.45 rows=1 width=121)
	  Index Cond: (id = 4763122)

table 5 : explain SELECT c FROM sbtest5 WHERE id=3787233
	Index Scan using sbtest5_pkey on sbtest5  (cost=0.43..8.45 rows=1 width=121)
	  Index Cond: (id = 3787233)

table 6 : explain SELECT c FROM sbtest6 WHERE id=7840463
	Index Scan using sbtest6_pkey on sbtest6  (cost=0.43..8.45 rows=1 width=121)
	  Index Cond: (id = 7840463)

table 7 : explain SELECT c FROM sbtest7 WHERE id=6461456
	Index Scan using sbtest7_pkey on sbtest7  (cost=0.43..8.45 rows=1 width=121)
	  Index Cond: (id = 6461456)

table 8 : explain SELECT c FROM sbtest8 WHERE id=6065860
	Index Scan using sbtest8_pkey on sbtest8  (cost=0.43..8.45 rows=1 width=121)
	  Index Cond: (id = 6065860)
for: simple_ranges
table 1 : explain SELECT c FROM sbtest1 WHERE id BETWEEN 1896612 AND 1896621
	Index Scan using sbtest1_pkey on sbtest1  (cost=0.43..47.73 rows=11 width=121)
	  Index Cond: ((id >= 1896612) AND (id <= 1896621))

table 2 : explain SELECT c FROM sbtest2 WHERE id BETWEEN 9383377 AND 9383386
	Index Scan using sbtest2_pkey on sbtest2  (cost=0.43..47.81 rows=11 width=121)
	  Index Cond: ((id >= 9383377) AND (id <= 9383386))

table 3 : explain SELECT c FROM sbtest3 WHERE id BETWEEN 6915376 AND 6915385
	Index Scan using sbtest3_pkey on sbtest3  (cost=0.43..47.74 rows=11 width=121)
	  Index Cond: ((id >= 6915376) AND (id <= 6915385))

table 4 : explain SELECT c FROM sbtest4 WHERE id BETWEEN 9167366 AND 9167375
	Index Scan using sbtest4_pkey on sbtest4  (cost=0.43..40.03 rows=9 width=121)
	  Index Cond: ((id >= 9167366) AND (id <= 9167375))

table 5 : explain SELECT c FROM sbtest5 WHERE id BETWEEN 7312175 AND 7312184
	Index Scan using sbtest5_pkey on sbtest5  (cost=0.43..43.85 rows=10 width=121)
	  Index Cond: ((id >= 7312175) AND (id <= 7312184))

table 6 : explain SELECT c FROM sbtest6 WHERE id BETWEEN 383152 AND 383161
	Index Scan using sbtest6_pkey on sbtest6  (cost=0.43..47.73 rows=11 width=121)
	  Index Cond: ((id >= 383152) AND (id <= 383161))

table 7 : explain SELECT c FROM sbtest7 WHERE id BETWEEN 5532451 AND 5532460
	Index Scan using sbtest7_pkey on sbtest7  (cost=0.43..43.79 rows=10 width=121)
	  Index Cond: ((id >= 5532451) AND (id <= 5532460))

table 8 : explain SELECT c FROM sbtest8 WHERE id BETWEEN 4236680 AND 4236689
	Index Scan using sbtest8_pkey on sbtest8  (cost=0.43..43.79 rows=10 width=121)
	  Index Cond: ((id >= 4236680) AND (id <= 4236689))
for point_selects
table 1 : explain SELECT c FROM sbtest1 WHERE id=1060405
	Index Scan using sbtest1_pkey on sbtest1  (cost=0.43..8.45 rows=1 width=121)
	  Index Cond: (id = 1060405)

table 2 : explain SELECT c FROM sbtest2 WHERE id=8486774
	Index Scan using sbtest2_pkey on sbtest2  (cost=0.43..8.45 rows=1 width=121)
	  Index Cond: (id = 8486774)

table 3 : explain SELECT c FROM sbtest3 WHERE id=3819336
	Index Scan using sbtest3_pkey on sbtest3  (cost=0.43..8.45 rows=1 width=121)
	  Index Cond: (id = 3819336)

table 4 : explain SELECT c FROM sbtest4 WHERE id=6723689
	Index Scan using sbtest4_pkey on sbtest4  (cost=0.43..8.45 rows=1 width=121)
	  Index Cond: (id = 6723689)

table 5 : explain SELECT c FROM sbtest5 WHERE id=8895792
	Index Scan using sbtest5_pkey on sbtest5  (cost=0.43..8.45 rows=1 width=121)
	  Index Cond: (id = 8895792)

table 6 : explain SELECT c FROM sbtest6 WHERE id=2764126
	Index Scan using sbtest6_pkey on sbtest6  (cost=0.43..8.45 rows=1 width=121)
	  Index Cond: (id = 2764126)

table 7 : explain SELECT c FROM sbtest7 WHERE id=6331231
	Index Scan using sbtest7_pkey on sbtest7  (cost=0.43..8.45 rows=1 width=121)
	  Index Cond: (id = 6331231)

table 8 : explain SELECT c FROM sbtest8 WHERE id=6857566
	Index Scan using sbtest8_pkey on sbtest8  (cost=0.43..8.45 rows=1 width=121)
	  Index Cond: (id = 6857566)


for point_selects
table 1 : explain SELECT c FROM sbtest1 WHERE id=5615887
	Index Scan using sbtest1_pkey on sbtest1  (cost=0.43..8.45 rows=1 width=121)
	  Index Cond: (id = 5615887)

table 2 : explain SELECT c FROM sbtest2 WHERE id=7329803
	Index Scan using sbtest2_pkey on sbtest2  (cost=0.43..8.45 rows=1 width=121)
	  Index Cond: (id = 7329803)

table 3 : explain SELECT c FROM sbtest3 WHERE id=939197
	Index Scan using sbtest3_pkey on sbtest3  (cost=0.43..8.45 rows=1 width=121)
	  Index Cond: (id = 939197)

table 4 : explain SELECT c FROM sbtest4 WHERE id=6424038
	Index Scan using sbtest4_pkey on sbtest4  (cost=0.43..8.45 rows=1 width=121)
	  Index Cond: (id = 6424038)

table 5 : explain SELECT c FROM sbtest5 WHERE id=7043160
	Index Scan using sbtest5_pkey on sbtest5  (cost=0.43..8.45 rows=1 width=121)
	  Index Cond: (id = 7043160)

table 6 : explain SELECT c FROM sbtest6 WHERE id=737412
	Index Scan using sbtest6_pkey on sbtest6  (cost=0.43..8.45 rows=1 width=121)
	  Index Cond: (id = 737412)

table 7 : explain SELECT c FROM sbtest7 WHERE id=4354437
	Index Scan using sbtest7_pkey on sbtest7  (cost=0.43..8.45 rows=1 width=121)
	  Index Cond: (id = 4354437)

table 8 : explain SELECT c FROM sbtest8 WHERE id=4971108
	Index Scan using sbtest8_pkey on sbtest8  (cost=0.43..8.45 rows=1 width=121)
	  Index Cond: (id = 4971108)



for point_selects
table 1 : explain SELECT c FROM sbtest1 WHERE id=317767
	Index Scan using sbtest1_pkey on sbtest1  (cost=0.43..8.45 rows=1 width=121)
	  Index Cond: (id = 317767)

table 2 : explain SELECT c FROM sbtest2 WHERE id=7601538
	Index Scan using sbtest2_pkey on sbtest2  (cost=0.43..8.45 rows=1 width=121)
	  Index Cond: (id = 7601538)

table 3 : explain SELECT c FROM sbtest3 WHERE id=3928863
	Index Scan using sbtest3_pkey on sbtest3  (cost=0.43..8.45 rows=1 width=121)
	  Index Cond: (id = 3928863)

table 4 : explain SELECT c FROM sbtest4 WHERE id=6395252
	Index Scan using sbtest4_pkey on sbtest4  (cost=0.43..8.45 rows=1 width=121)
	  Index Cond: (id = 6395252)

table 5 : explain SELECT c FROM sbtest5 WHERE id=8298503
	Index Scan using sbtest5_pkey on sbtest5  (cost=0.43..8.45 rows=1 width=121)
	  Index Cond: (id = 8298503)

table 6 : explain SELECT c FROM sbtest6 WHERE id=4576644
	Index Scan using sbtest6_pkey on sbtest6  (cost=0.43..8.45 rows=1 width=121)
	  Index Cond: (id = 4576644)

table 7 : explain SELECT c FROM sbtest7 WHERE id=5501866
	Index Scan using sbtest7_pkey on sbtest7  (cost=0.43..8.45 rows=1 width=121)
	  Index Cond: (id = 5501866)

table 8 : explain SELECT c FROM sbtest8 WHERE id=3078409
	Index Scan using sbtest8_pkey on sbtest8  (cost=0.43..8.45 rows=1 width=121)
	  Index Cond: (id = 3078409)

for point_selects
table 1 : explain SELECT c FROM sbtest1 WHERE id=4707855
	Index Scan using sbtest1_pkey on sbtest1  (cost=0.43..8.45 rows=1 width=121)
	  Index Cond: (id = 4707855)

table 2 : explain SELECT c FROM sbtest2 WHERE id=9985447
	Index Scan using sbtest2_pkey on sbtest2  (cost=0.43..8.45 rows=1 width=121)
	  Index Cond: (id = 9985447)

table 3 : explain SELECT c FROM sbtest3 WHERE id=9894567
	Index Scan using sbtest3_pkey on sbtest3  (cost=0.43..8.45 rows=1 width=121)
	  Index Cond: (id = 9894567)

table 4 : explain SELECT c FROM sbtest4 WHERE id=8025078
	Index Scan using sbtest4_pkey on sbtest4  (cost=0.43..8.45 rows=1 width=121)
	  Index Cond: (id = 8025078)

table 5 : explain SELECT c FROM sbtest5 WHERE id=8070343
	Index Scan using sbtest5_pkey on sbtest5  (cost=0.43..8.45 rows=1 width=121)
	  Index Cond: (id = 8070343)

table 6 : explain SELECT c FROM sbtest6 WHERE id=7710280
	Index Scan using sbtest6_pkey on sbtest6  (cost=0.43..8.45 rows=1 width=121)
	  Index Cond: (id = 7710280)

table 7 : explain SELECT c FROM sbtest7 WHERE id=110739
	Index Scan using sbtest7_pkey on sbtest7  (cost=0.43..8.45 rows=1 width=121)
	  Index Cond: (id = 110739)

table 8 : explain SELECT c FROM sbtest8 WHERE id=7314803
	Index Scan using sbtest8_pkey on sbtest8  (cost=0.43..8.45 rows=1 width=121)
	  Index Cond: (id = 7314803)

for point_selects
table 1 : explain SELECT c FROM sbtest1 WHERE id=2284391
	Index Scan using sbtest1_pkey on sbtest1  (cost=0.43..8.45 rows=1 width=121)
	  Index Cond: (id = 2284391)

table 2 : explain SELECT c FROM sbtest2 WHERE id=5887405
	Index Scan using sbtest2_pkey on sbtest2  (cost=0.43..8.45 rows=1 width=121)
	  Index Cond: (id = 5887405)

table 3 : explain SELECT c FROM sbtest3 WHERE id=4359700
	Index Scan using sbtest3_pkey on sbtest3  (cost=0.43..8.45 rows=1 width=121)
	  Index Cond: (id = 4359700)

table 4 : explain SELECT c FROM sbtest4 WHERE id=1428299
	Index Scan using sbtest4_pkey on sbtest4  (cost=0.43..8.45 rows=1 width=121)
	  Index Cond: (id = 1428299)

table 5 : explain SELECT c FROM sbtest5 WHERE id=8557008
	Index Scan using sbtest5_pkey on sbtest5  (cost=0.43..8.45 rows=1 width=121)
	  Index Cond: (id = 8557008)

table 6 : explain SELECT c FROM sbtest6 WHERE id=6248623
	Index Scan using sbtest6_pkey on sbtest6  (cost=0.43..8.45 rows=1 width=121)
	  Index Cond: (id = 6248623)

table 7 : explain SELECT c FROM sbtest7 WHERE id=8312243
	Index Scan using sbtest7_pkey on sbtest7  (cost=0.43..8.45 rows=1 width=121)
	  Index Cond: (id = 8312243)

table 8 : explain SELECT c FROM sbtest8 WHERE id=2605272
	Index Scan using sbtest8_pkey on sbtest8  (cost=0.43..8.45 rows=1 width=121)
	  Index Cond: (id = 2605272)

for point_selects
table 1 : explain SELECT c FROM sbtest1 WHERE id=1857194
	Index Scan using sbtest1_pkey on sbtest1  (cost=0.43..8.45 rows=1 width=121)
	  Index Cond: (id = 1857194)

table 2 : explain SELECT c FROM sbtest2 WHERE id=7488063
	Index Scan using sbtest2_pkey on sbtest2  (cost=0.43..8.45 rows=1 width=121)
	  Index Cond: (id = 7488063)

table 3 : explain SELECT c FROM sbtest3 WHERE id=9404899
	Index Scan using sbtest3_pkey on sbtest3  (cost=0.43..8.45 rows=1 width=121)
	  Index Cond: (id = 9404899)

table 4 : explain SELECT c FROM sbtest4 WHERE id=5975007
	Index Scan using sbtest4_pkey on sbtest4  (cost=0.43..8.45 rows=1 width=121)
	  Index Cond: (id = 5975007)

table 5 : explain SELECT c FROM sbtest5 WHERE id=8093049
	Index Scan using sbtest5_pkey on sbtest5  (cost=0.43..8.45 rows=1 width=121)
	  Index Cond: (id = 8093049)

table 6 : explain SELECT c FROM sbtest6 WHERE id=2678510
	Index Scan using sbtest6_pkey on sbtest6  (cost=0.43..8.45 rows=1 width=121)
	  Index Cond: (id = 2678510)

table 7 : explain SELECT c FROM sbtest7 WHERE id=9335028
	Index Scan using sbtest7_pkey on sbtest7  (cost=0.43..8.45 rows=1 width=121)
	  Index Cond: (id = 9335028)

table 8 : explain SELECT c FROM sbtest8 WHERE id=260204
	Index Scan using sbtest8_pkey on sbtest8  (cost=0.43..8.45 rows=1 width=121)
	  Index Cond: (id = 260204)

for: simple_ranges
table 1 : explain SELECT c FROM sbtest1 WHERE id BETWEEN 6375306 AND 6375315
	Index Scan using sbtest1_pkey on sbtest1  (cost=0.43..47.73 rows=11 width=121)
	  Index Cond: ((id >= 6375306) AND (id <= 6375315))

table 2 : explain SELECT c FROM sbtest2 WHERE id BETWEEN 8593640 AND 8593649
	Index Scan using sbtest2_pkey on sbtest2  (cost=0.43..39.94 rows=9 width=121)
	  Index Cond: ((id >= 8593640) AND (id <= 8593649))

table 3 : explain SELECT c FROM sbtest3 WHERE id BETWEEN 9690620 AND 9690629
	Index Scan using sbtest3_pkey on sbtest3  (cost=0.43..43.81 rows=10 width=121)
	  Index Cond: ((id >= 9690620) AND (id <= 9690629))

table 4 : explain SELECT c FROM sbtest4 WHERE id BETWEEN 9831016 AND 9831025
	Index Scan using sbtest4_pkey on sbtest4  (cost=0.43..43.98 rows=10 width=121)
	  Index Cond: ((id >= 9831016) AND (id <= 9831025))

table 5 : explain SELECT c FROM sbtest5 WHERE id BETWEEN 3123373 AND 3123382
	Index Scan using sbtest5_pkey on sbtest5  (cost=0.43..43.85 rows=10 width=121)
	  Index Cond: ((id >= 3123373) AND (id <= 3123382))

table 6 : explain SELECT c FROM sbtest6 WHERE id BETWEEN 522836 AND 522845
	Index Scan using sbtest6_pkey on sbtest6  (cost=0.43..47.73 rows=11 width=121)
	  Index Cond: ((id >= 522836) AND (id <= 522845))

table 7 : explain SELECT c FROM sbtest7 WHERE id BETWEEN 8475251 AND 8475260
	Index Scan using sbtest7_pkey on sbtest7  (cost=0.43..39.87 rows=9 width=121)
	  Index Cond: ((id >= 8475251) AND (id <= 8475260))

table 8 : explain SELECT c FROM sbtest8 WHERE id BETWEEN 691629 AND 691638
	Index Scan using sbtest8_pkey on sbtest8  (cost=0.43..43.79 rows=10 width=121)
	  Index Cond: ((id >= 691629) AND (id <= 691638))

for point_selects
table 1 : explain SELECT c FROM sbtest1 WHERE id=9214048
	Index Scan using sbtest1_pkey on sbtest1  (cost=0.43..8.45 rows=1 width=121)
	  Index Cond: (id = 9214048)

table 2 : explain SELECT c FROM sbtest2 WHERE id=906132
	Index Scan using sbtest2_pkey on sbtest2  (cost=0.43..8.45 rows=1 width=121)
	  Index Cond: (id = 906132)

table 3 : explain SELECT c FROM sbtest3 WHERE id=5161969
	Index Scan using sbtest3_pkey on sbtest3  (cost=0.43..8.45 rows=1 width=121)
	  Index Cond: (id = 5161969)

table 4 : explain SELECT c FROM sbtest4 WHERE id=7523515
	Index Scan using sbtest4_pkey on sbtest4  (cost=0.43..8.45 rows=1 width=121)
	  Index Cond: (id = 7523515)

table 5 : explain SELECT c FROM sbtest5 WHERE id=4599814
	Index Scan using sbtest5_pkey on sbtest5  (cost=0.43..8.45 rows=1 width=121)
	  Index Cond: (id = 4599814)

table 6 : explain SELECT c FROM sbtest6 WHERE id=4031323
	Index Scan using sbtest6_pkey on sbtest6  (cost=0.43..8.45 rows=1 width=121)
	  Index Cond: (id = 4031323)

table 7 : explain SELECT c FROM sbtest7 WHERE id=1485310
	Index Scan using sbtest7_pkey on sbtest7  (cost=0.43..8.45 rows=1 width=121)
	  Index Cond: (id = 1485310)

table 8 : explain SELECT c FROM sbtest8 WHERE id=859517
	Index Scan using sbtest8_pkey on sbtest8  (cost=0.43..8.45 rows=1 width=121)
	  Index Cond: (id = 859517)

for: simple_ranges
table 1 : explain SELECT c FROM sbtest1 WHERE id BETWEEN 4042496 AND 4042505
	Index Scan using sbtest1_pkey on sbtest1  (cost=0.43..47.73 rows=11 width=121)
	  Index Cond: ((id >= 4042496) AND (id <= 4042505))

table 2 : explain SELECT c FROM sbtest2 WHERE id BETWEEN 4140309 AND 4140318
	Index Scan using sbtest2_pkey on sbtest2  (cost=0.43..39.94 rows=9 width=121)
	  Index Cond: ((id >= 4140309) AND (id <= 4140318))

table 3 : explain SELECT c FROM sbtest3 WHERE id BETWEEN 9269901 AND 9269910
	Index Scan using sbtest3_pkey on sbtest3  (cost=0.43..43.81 rows=10 width=121)
	  Index Cond: ((id >= 9269901) AND (id <= 9269910))

table 4 : explain SELECT c FROM sbtest4 WHERE id BETWEEN 6020307 AND 6020316
	Index Scan using sbtest4_pkey on sbtest4  (cost=0.43..43.98 rows=10 width=121)
	  Index Cond: ((id >= 6020307) AND (id <= 6020316))

table 5 : explain SELECT c FROM sbtest5 WHERE id BETWEEN 9199592 AND 9199601
	Index Scan using sbtest5_pkey on sbtest5  (cost=0.43..43.85 rows=10 width=121)
	  Index Cond: ((id >= 9199592) AND (id <= 9199601))

table 6 : explain SELECT c FROM sbtest6 WHERE id BETWEEN 9551509 AND 9551518
	Index Scan using sbtest6_pkey on sbtest6  (cost=0.43..43.80 rows=10 width=121)
	  Index Cond: ((id >= 9551509) AND (id <= 9551518))

table 7 : explain SELECT c FROM sbtest7 WHERE id BETWEEN 3496172 AND 3496181
	Index Scan using sbtest7_pkey on sbtest7  (cost=0.43..43.79 rows=10 width=121)
	  Index Cond: ((id >= 3496172) AND (id <= 3496181))

table 8 : explain SELECT c FROM sbtest8 WHERE id BETWEEN 1293437 AND 1293446
	Index Scan using sbtest8_pkey on sbtest8  (cost=0.43..39.86 rows=9 width=121)
	  Index Cond: ((id >= 1293437) AND (id <= 1293446))

for point_selects
table 1 : explain SELECT c FROM sbtest1 WHERE id=3813844
	Index Scan using sbtest1_pkey on sbtest1  (cost=0.43..8.45 rows=1 width=121)
	  Index Cond: (id = 3813844)

table 2 : explain SELECT c FROM sbtest2 WHERE id=9104187
	Index Scan using sbtest2_pkey on sbtest2  (cost=0.43..8.45 rows=1 width=121)
	  Index Cond: (id = 9104187)

table 3 : explain SELECT c FROM sbtest3 WHERE id=1352861
	Index Scan using sbtest3_pkey on sbtest3  (cost=0.43..8.45 rows=1 width=121)
	  Index Cond: (id = 1352861)

table 4 : explain SELECT c FROM sbtest4 WHERE id=3733196
	Index Scan using sbtest4_pkey on sbtest4  (cost=0.43..8.45 rows=1 width=121)
	  Index Cond: (id = 3733196)

table 5 : explain SELECT c FROM sbtest5 WHERE id=6866282
	Index Scan using sbtest5_pkey on sbtest5  (cost=0.43..8.45 rows=1 width=121)
	  Index Cond: (id = 6866282)

table 6 : explain SELECT c FROM sbtest6 WHERE id=1792549
	Index Scan using sbtest6_pkey on sbtest6  (cost=0.43..8.45 rows=1 width=121)
	  Index Cond: (id = 1792549)

table 7 : explain SELECT c FROM sbtest7 WHERE id=3869248
	Index Scan using sbtest7_pkey on sbtest7  (cost=0.43..8.45 rows=1 width=121)
	  Index Cond: (id = 3869248)

table 8 : explain SELECT c FROM sbtest8 WHERE id=4219733
	Index Scan using sbtest8_pkey on sbtest8  (cost=0.43..8.45 rows=1 width=121)
	  Index Cond: (id = 4219733)

for: simple_ranges
table 1 : explain SELECT c FROM sbtest1 WHERE id BETWEEN 7264680 AND 7264689
	Index Scan using sbtest1_pkey on sbtest1  (cost=0.43..43.80 rows=10 width=121)
	  Index Cond: ((id >= 7264680) AND (id <= 7264689))

table 2 : explain SELECT c FROM sbtest2 WHERE id BETWEEN 7141310 AND 7141319
	Index Scan using sbtest2_pkey on sbtest2  (cost=0.43..43.88 rows=10 width=121)
	  Index Cond: ((id >= 7141310) AND (id <= 7141319))

table 3 : explain SELECT c FROM sbtest3 WHERE id BETWEEN 9842856 AND 9842865
	Index Scan using sbtest3_pkey on sbtest3  (cost=0.43..43.81 rows=10 width=121)
	  Index Cond: ((id >= 9842856) AND (id <= 9842865))

table 4 : explain SELECT c FROM sbtest4 WHERE id BETWEEN 5158696 AND 5158705
	Index Scan using sbtest4_pkey on sbtest4  (cost=0.43..40.03 rows=9 width=121)
	  Index Cond: ((id >= 5158696) AND (id <= 5158705))

table 5 : explain SELECT c FROM sbtest5 WHERE id BETWEEN 8755859 AND 8755868
	Index Scan using sbtest5_pkey on sbtest5  (cost=0.43..39.91 rows=9 width=121)
	  Index Cond: ((id >= 8755859) AND (id <= 8755868))

table 6 : explain SELECT c FROM sbtest6 WHERE id BETWEEN 8303331 AND 8303340
	Index Scan using sbtest6_pkey on sbtest6  (cost=0.43..39.88 rows=9 width=121)
	  Index Cond: ((id >= 8303331) AND (id <= 8303340))

table 7 : explain SELECT c FROM sbtest7 WHERE id BETWEEN 3779755 AND 3779764
	Index Scan using sbtest7_pkey on sbtest7  (cost=0.43..47.72 rows=11 width=121)
	  Index Cond: ((id >= 3779755) AND (id <= 3779764))

table 8 : explain SELECT c FROM sbtest8 WHERE id BETWEEN 9750789 AND 9750798
	Index Scan using sbtest8_pkey on sbtest8  (cost=0.43..39.86 rows=9 width=121)
	  Index Cond: ((id >= 9750789) AND (id <= 9750798))

for point_selects
table 1 : explain SELECT c FROM sbtest1 WHERE id=4329746
	Index Scan using sbtest1_pkey on sbtest1  (cost=0.43..8.45 rows=1 width=121)
	  Index Cond: (id = 4329746)

table 2 : explain SELECT c FROM sbtest2 WHERE id=1864375
	Index Scan using sbtest2_pkey on sbtest2  (cost=0.43..8.45 rows=1 width=121)
	  Index Cond: (id = 1864375)

table 3 : explain SELECT c FROM sbtest3 WHERE id=3759232
	Index Scan using sbtest3_pkey on sbtest3  (cost=0.43..8.45 rows=1 width=121)
	  Index Cond: (id = 3759232)

table 4 : explain SELECT c FROM sbtest4 WHERE id=4216192
	Index Scan using sbtest4_pkey on sbtest4  (cost=0.43..8.45 rows=1 width=121)
	  Index Cond: (id = 4216192)

table 5 : explain SELECT c FROM sbtest5 WHERE id=4109533
	Index Scan using sbtest5_pkey on sbtest5  (cost=0.43..8.45 rows=1 width=121)
	  Index Cond: (id = 4109533)

table 6 : explain SELECT c FROM sbtest6 WHERE id=4130721
	Index Scan using sbtest6_pkey on sbtest6  (cost=0.43..8.45 rows=1 width=121)
	  Index Cond: (id = 4130721)

table 7 : explain SELECT c FROM sbtest7 WHERE id=8077701
	Index Scan using sbtest7_pkey on sbtest7  (cost=0.43..8.45 rows=1 width=121)
	  Index Cond: (id = 8077701)

table 8 : explain SELECT c FROM sbtest8 WHERE id=9701954
	Index Scan using sbtest8_pkey on sbtest8  (cost=0.43..8.45 rows=1 width=121)
	  Index Cond: (id = 9701954)

for: simple_ranges
table 1 : explain SELECT c FROM sbtest1 WHERE id BETWEEN 8767163 AND 8767172
	Index Scan using sbtest1_pkey on sbtest1  (cost=0.43..39.87 rows=9 width=121)
	  Index Cond: ((id >= 8767163) AND (id <= 8767172))

table 2 : explain SELECT c FROM sbtest2 WHERE id BETWEEN 5744776 AND 5744785
	Index Scan using sbtest2_pkey on sbtest2  (cost=0.43..43.88 rows=10 width=121)
	  Index Cond: ((id >= 5744776) AND (id <= 5744785))

table 3 : explain SELECT c FROM sbtest3 WHERE id BETWEEN 2902769 AND 2902778
	Index Scan using sbtest3_pkey on sbtest3  (cost=0.43..39.88 rows=9 width=121)
	  Index Cond: ((id >= 2902769) AND (id <= 2902778))

table 4 : explain SELECT c FROM sbtest4 WHERE id BETWEEN 1041141 AND 1041150
	Index Scan using sbtest4_pkey on sbtest4  (cost=0.43..43.98 rows=10 width=121)
	  Index Cond: ((id >= 1041141) AND (id <= 1041150))

table 5 : explain SELECT c FROM sbtest5 WHERE id BETWEEN 8115834 AND 8115843
	Index Scan using sbtest5_pkey on sbtest5  (cost=0.43..43.85 rows=10 width=121)
	  Index Cond: ((id >= 8115834) AND (id <= 8115843))

table 6 : explain SELECT c FROM sbtest6 WHERE id BETWEEN 7942692 AND 7942701
	Index Scan using sbtest6_pkey on sbtest6  (cost=0.43..39.88 rows=9 width=121)
	  Index Cond: ((id >= 7942692) AND (id <= 7942701))

table 7 : explain SELECT c FROM sbtest7 WHERE id BETWEEN 7514751 AND 7514760
	Index Scan using sbtest7_pkey on sbtest7  (cost=0.43..47.72 rows=11 width=121)
	  Index Cond: ((id >= 7514751) AND (id <= 7514760))

table 8 : explain SELECT c FROM sbtest8 WHERE id BETWEEN 2878592 AND 2878601
	Index Scan using sbtest8_pkey on sbtest8  (cost=0.43..43.79 rows=10 width=121)
	  Index Cond: ((id >= 2878592) AND (id <= 2878601))

for: simple_ranges
table 1 : explain SELECT c FROM sbtest1 WHERE id BETWEEN 6123724 AND 6123733
	Index Scan using sbtest1_pkey on sbtest1  (cost=0.43..47.73 rows=11 width=121)
	  Index Cond: ((id >= 6123724) AND (id <= 6123733))

table 2 : explain SELECT c FROM sbtest2 WHERE id BETWEEN 5941506 AND 5941515
	Index Scan using sbtest2_pkey on sbtest2  (cost=0.43..43.88 rows=10 width=121)
	  Index Cond: ((id >= 5941506) AND (id <= 5941515))

table 3 : explain SELECT c FROM sbtest3 WHERE id BETWEEN 5295462 AND 5295471
	Index Scan using sbtest3_pkey on sbtest3  (cost=0.43..39.88 rows=9 width=121)
	  Index Cond: ((id >= 5295462) AND (id <= 5295471))

table 4 : explain SELECT c FROM sbtest4 WHERE id BETWEEN 8172804 AND 8172813
	Index Scan using sbtest4_pkey on sbtest4  (cost=0.43..43.98 rows=10 width=121)
	  Index Cond: ((id >= 8172804) AND (id <= 8172813))

table 5 : explain SELECT c FROM sbtest5 WHERE id BETWEEN 2726163 AND 2726172
	Index Scan using sbtest5_pkey on sbtest5  (cost=0.43..47.78 rows=11 width=121)
	  Index Cond: ((id >= 2726163) AND (id <= 2726172))

table 6 : explain SELECT c FROM sbtest6 WHERE id BETWEEN 5015598 AND 5015607
	Index Scan using sbtest6_pkey on sbtest6  (cost=0.43..43.80 rows=10 width=121)
	  Index Cond: ((id >= 5015598) AND (id <= 5015607))

table 7 : explain SELECT c FROM sbtest7 WHERE id BETWEEN 3152553 AND 3152562
	Index Scan using sbtest7_pkey on sbtest7  (cost=0.43..39.87 rows=9 width=121)
	  Index Cond: ((id >= 3152553) AND (id <= 3152562))

table 8 : explain SELECT c FROM sbtest8 WHERE id BETWEEN 9950812 AND 9950821
	Index Scan using sbtest8_pkey on sbtest8  (cost=0.43..39.86 rows=9 width=121)
	  Index Cond: ((id >= 9950812) AND (id <= 9950821))

for: simple_ranges
table 1 : explain SELECT c FROM sbtest1 WHERE id BETWEEN 6867381 AND 6867390
	Index Scan using sbtest1_pkey on sbtest1  (cost=0.43..43.80 rows=10 width=121)
	  Index Cond: ((id >= 6867381) AND (id <= 6867390))

table 2 : explain SELECT c FROM sbtest2 WHERE id BETWEEN 4496187 AND 4496196
	Index Scan using sbtest2_pkey on sbtest2  (cost=0.43..43.88 rows=10 width=121)
	  Index Cond: ((id >= 4496187) AND (id <= 4496196))

table 3 : explain SELECT c FROM sbtest3 WHERE id BETWEEN 4409399 AND 4409408
	Index Scan using sbtest3_pkey on sbtest3  (cost=0.43..43.81 rows=10 width=121)
	  Index Cond: ((id >= 4409399) AND (id <= 4409408))

table 4 : explain SELECT c FROM sbtest4 WHERE id BETWEEN 9222893 AND 9222902
	Index Scan using sbtest4_pkey on sbtest4  (cost=0.43..43.98 rows=10 width=121)
	  Index Cond: ((id >= 9222893) AND (id <= 9222902))

table 5 : explain SELECT c FROM sbtest5 WHERE id BETWEEN 2175714 AND 2175723
	Index Scan using sbtest5_pkey on sbtest5  (cost=0.43..43.85 rows=10 width=121)
	  Index Cond: ((id >= 2175714) AND (id <= 2175723))

table 6 : explain SELECT c FROM sbtest6 WHERE id BETWEEN 6689441 AND 6689450
	Index Scan using sbtest6_pkey on sbtest6  (cost=0.43..47.73 rows=11 width=121)
	  Index Cond: ((id >= 6689441) AND (id <= 6689450))

table 7 : explain SELECT c FROM sbtest7 WHERE id BETWEEN 739760 AND 739769
	Index Scan using sbtest7_pkey on sbtest7  (cost=0.43..43.79 rows=10 width=121)
	  Index Cond: ((id >= 739760) AND (id <= 739769))

table 8 : explain SELECT c FROM sbtest8 WHERE id BETWEEN 2791948 AND 2791957
	Index Scan using sbtest8_pkey on sbtest8  (cost=0.43..39.86 rows=9 width=121)
	  Index Cond: ((id >= 2791948) AND (id <= 2791957))

for: simple_ranges
table 1 : explain SELECT c FROM sbtest1 WHERE id BETWEEN 3513937 AND 3513946
	Index Scan using sbtest1_pkey on sbtest1  (cost=0.43..43.80 rows=10 width=121)
	  Index Cond: ((id >= 3513937) AND (id <= 3513946))

table 2 : explain SELECT c FROM sbtest2 WHERE id BETWEEN 4453164 AND 4453173
	Index Scan using sbtest2_pkey on sbtest2  (cost=0.43..43.88 rows=10 width=121)
	  Index Cond: ((id >= 4453164) AND (id <= 4453173))

table 3 : explain SELECT c FROM sbtest3 WHERE id BETWEEN 7818616 AND 7818625
	Index Scan using sbtest3_pkey on sbtest3  (cost=0.43..47.74 rows=11 width=121)
	  Index Cond: ((id >= 7818616) AND (id <= 7818625))

table 4 : explain SELECT c FROM sbtest4 WHERE id BETWEEN 841370 AND 841379
	Index Scan using sbtest4_pkey on sbtest4  (cost=0.43..40.03 rows=9 width=121)
	  Index Cond: ((id >= 841370) AND (id <= 841379))

table 5 : explain SELECT c FROM sbtest5 WHERE id BETWEEN 5826016 AND 5826025
	Index Scan using sbtest5_pkey on sbtest5  (cost=0.43..43.85 rows=10 width=121)
	  Index Cond: ((id >= 5826016) AND (id <= 5826025))

table 6 : explain SELECT c FROM sbtest6 WHERE id BETWEEN 1296305 AND 1296314
	Index Scan using sbtest6_pkey on sbtest6  (cost=0.43..43.80 rows=10 width=121)
	  Index Cond: ((id >= 1296305) AND (id <= 1296314))

table 7 : explain SELECT c FROM sbtest7 WHERE id BETWEEN 7611982 AND 7611991
	Index Scan using sbtest7_pkey on sbtest7  (cost=0.43..43.79 rows=10 width=121)
	  Index Cond: ((id >= 7611982) AND (id <= 7611991))

table 8 : explain SELECT c FROM sbtest8 WHERE id BETWEEN 2670118 AND 2670127
	Index Scan using sbtest8_pkey on sbtest8  (cost=0.43..43.79 rows=10 width=121)
	  Index Cond: ((id >= 2670118) AND (id <= 2670127))

for: simple_ranges
table 1 : explain SELECT c FROM sbtest1 WHERE id BETWEEN 2557135 AND 2557144
	Index Scan using sbtest1_pkey on sbtest1  (cost=0.43..39.87 rows=9 width=121)
	  Index Cond: ((id >= 2557135) AND (id <= 2557144))

table 2 : explain SELECT c FROM sbtest2 WHERE id BETWEEN 6126358 AND 6126367
	Index Scan using sbtest2_pkey on sbtest2  (cost=0.43..43.88 rows=10 width=121)
	  Index Cond: ((id >= 6126358) AND (id <= 6126367))

table 3 : explain SELECT c FROM sbtest3 WHERE id BETWEEN 110212 AND 110221
	Index Scan using sbtest3_pkey on sbtest3  (cost=0.43..43.81 rows=10 width=121)
	  Index Cond: ((id >= 110212) AND (id <= 110221))

table 4 : explain SELECT c FROM sbtest4 WHERE id BETWEEN 848658 AND 848667
	Index Scan using sbtest4_pkey on sbtest4  (cost=0.43..40.03 rows=9 width=121)
	  Index Cond: ((id >= 848658) AND (id <= 848667))

table 5 : explain SELECT c FROM sbtest5 WHERE id BETWEEN 8290372 AND 8290381
	Index Scan using sbtest5_pkey on sbtest5  (cost=0.43..39.91 rows=9 width=121)
	  Index Cond: ((id >= 8290372) AND (id <= 8290381))

table 6 : explain SELECT c FROM sbtest6 WHERE id BETWEEN 6448266 AND 6448275
	Index Scan using sbtest6_pkey on sbtest6  (cost=0.43..43.80 rows=10 width=121)
	  Index Cond: ((id >= 6448266) AND (id <= 6448275))

table 7 : explain SELECT c FROM sbtest7 WHERE id BETWEEN 7375006 AND 7375015
	Index Scan using sbtest7_pkey on sbtest7  (cost=0.43..43.79 rows=10 width=121)
	  Index Cond: ((id >= 7375006) AND (id <= 7375015))

table 8 : explain SELECT c FROM sbtest8 WHERE id BETWEEN 4674937 AND 4674946
	Index Scan using sbtest8_pkey on sbtest8  (cost=0.43..43.79 rows=10 width=121)
	  Index Cond: ((id >= 4674937) AND (id <= 4674946))

for: simple_ranges
table 1 : explain SELECT c FROM sbtest1 WHERE id BETWEEN 8708114 AND 8708123
	Index Scan using sbtest1_pkey on sbtest1  (cost=0.43..39.87 rows=9 width=121)
	  Index Cond: ((id >= 8708114) AND (id <= 8708123))

table 2 : explain SELECT c FROM sbtest2 WHERE id BETWEEN 8920063 AND 8920072
	Index Scan using sbtest2_pkey on sbtest2  (cost=0.43..43.88 rows=10 width=121)
	  Index Cond: ((id >= 8920063) AND (id <= 8920072))

table 3 : explain SELECT c FROM sbtest3 WHERE id BETWEEN 924618 AND 924627
	Index Scan using sbtest3_pkey on sbtest3  (cost=0.43..39.88 rows=9 width=121)
	  Index Cond: ((id >= 924618) AND (id <= 924627))

table 4 : explain SELECT c FROM sbtest4 WHERE id BETWEEN 1637321 AND 1637330
	Index Scan using sbtest4_pkey on sbtest4  (cost=0.43..47.93 rows=11 width=121)
	  Index Cond: ((id >= 1637321) AND (id <= 1637330))

table 5 : explain SELECT c FROM sbtest5 WHERE id BETWEEN 1215694 AND 1215703
	Index Scan using sbtest5_pkey on sbtest5  (cost=0.43..43.85 rows=10 width=121)
	  Index Cond: ((id >= 1215694) AND (id <= 1215703))

table 6 : explain SELECT c FROM sbtest6 WHERE id BETWEEN 5684665 AND 5684674
	Index Scan using sbtest6_pkey on sbtest6  (cost=0.43..43.80 rows=10 width=121)
	  Index Cond: ((id >= 5684665) AND (id <= 5684674))

table 7 : explain SELECT c FROM sbtest7 WHERE id BETWEEN 6290024 AND 6290033
	Index Scan using sbtest7_pkey on sbtest7  (cost=0.43..39.87 rows=9 width=121)
	  Index Cond: ((id >= 6290024) AND (id <= 6290033))

table 8 : explain SELECT c FROM sbtest8 WHERE id BETWEEN 7779191 AND 7779200
	Index Scan using sbtest8_pkey on sbtest8  (cost=0.43..47.71 rows=11 width=121)
	  Index Cond: ((id >= 7779191) AND (id <= 7779200))

for point_selects
table 1 : explain SELECT c FROM sbtest1 WHERE id=6811549
	Index Scan using sbtest1_pkey on sbtest1  (cost=0.43..8.45 rows=1 width=121)
	  Index Cond: (id = 6811549)

table 2 : explain SELECT c FROM sbtest2 WHERE id=2777832
	Index Scan using sbtest2_pkey on sbtest2  (cost=0.43..8.45 rows=1 width=121)
	  Index Cond: (id = 2777832)

table 3 : explain SELECT c FROM sbtest3 WHERE id=3314728
	Index Scan using sbtest3_pkey on sbtest3  (cost=0.43..8.45 rows=1 width=121)
	  Index Cond: (id = 3314728)

table 4 : explain SELECT c FROM sbtest4 WHERE id=3989826
	Index Scan using sbtest4_pkey on sbtest4  (cost=0.43..8.45 rows=1 width=121)
	  Index Cond: (id = 3989826)

table 5 : explain SELECT c FROM sbtest5 WHERE id=7734696
	Index Scan using sbtest5_pkey on sbtest5  (cost=0.43..8.45 rows=1 width=121)
	  Index Cond: (id = 7734696)

table 6 : explain SELECT c FROM sbtest6 WHERE id=5356590
	Index Scan using sbtest6_pkey on sbtest6  (cost=0.43..8.45 rows=1 width=121)
	  Index Cond: (id = 5356590)

table 7 : explain SELECT c FROM sbtest7 WHERE id=6440416
	Index Scan using sbtest7_pkey on sbtest7  (cost=0.43..8.45 rows=1 width=121)
	  Index Cond: (id = 6440416)

table 8 : explain SELECT c FROM sbtest8 WHERE id=5750034
	Index Scan using sbtest8_pkey on sbtest8  (cost=0.43..8.45 rows=1 width=121)
	  Index Cond: (id = 5750034)

for point_selects
table 1 : explain SELECT c FROM sbtest1 WHERE id=2599414
	Index Scan using sbtest1_pkey on sbtest1  (cost=0.43..8.45 rows=1 width=121)
	  Index Cond: (id = 2599414)

table 2 : explain SELECT c FROM sbtest2 WHERE id=3892820
	Index Scan using sbtest2_pkey on sbtest2  (cost=0.43..8.45 rows=1 width=121)
	  Index Cond: (id = 3892820)

table 3 : explain SELECT c FROM sbtest3 WHERE id=354845
	Index Scan using sbtest3_pkey on sbtest3  (cost=0.43..8.45 rows=1 width=121)
	  Index Cond: (id = 354845)

table 4 : explain SELECT c FROM sbtest4 WHERE id=7268494
	Index Scan using sbtest4_pkey on sbtest4  (cost=0.43..8.45 rows=1 width=121)
	  Index Cond: (id = 7268494)

table 5 : explain SELECT c FROM sbtest5 WHERE id=9599463
	Index Scan using sbtest5_pkey on sbtest5  (cost=0.43..8.45 rows=1 width=121)
	  Index Cond: (id = 9599463)

table 6 : explain SELECT c FROM sbtest6 WHERE id=357264
	Index Scan using sbtest6_pkey on sbtest6  (cost=0.43..8.45 rows=1 width=121)
	  Index Cond: (id = 357264)

table 7 : explain SELECT c FROM sbtest7 WHERE id=2638081
	Index Scan using sbtest7_pkey on sbtest7  (cost=0.43..8.45 rows=1 width=121)
	  Index Cond: (id = 2638081)

table 8 : explain SELECT c FROM sbtest8 WHERE id=6389172
	Index Scan using sbtest8_pkey on sbtest8  (cost=0.43..8.45 rows=1 width=121)
	  Index Cond: (id = 6389172)

for: simple_ranges
table 1 : explain SELECT c FROM sbtest1 WHERE id BETWEEN 2619181 AND 2619190
	Index Scan using sbtest1_pkey on sbtest1  (cost=0.43..43.80 rows=10 width=121)
	  Index Cond: ((id >= 2619181) AND (id <= 2619190))

table 2 : explain SELECT c FROM sbtest2 WHERE id BETWEEN 8353745 AND 8353754
	Index Scan using sbtest2_pkey on sbtest2  (cost=0.43..43.88 rows=10 width=121)
	  Index Cond: ((id >= 8353745) AND (id <= 8353754))

table 3 : explain SELECT c FROM sbtest3 WHERE id BETWEEN 1722539 AND 1722548
	Index Scan using sbtest3_pkey on sbtest3  (cost=0.43..43.81 rows=10 width=121)
	  Index Cond: ((id >= 1722539) AND (id <= 1722548))

table 4 : explain SELECT c FROM sbtest4 WHERE id BETWEEN 6090333 AND 6090342
	Index Scan using sbtest4_pkey on sbtest4  (cost=0.43..43.98 rows=10 width=121)
	  Index Cond: ((id >= 6090333) AND (id <= 6090342))

table 5 : explain SELECT c FROM sbtest5 WHERE id BETWEEN 5302631 AND 5302640
	Index Scan using sbtest5_pkey on sbtest5  (cost=0.43..47.78 rows=11 width=121)
	  Index Cond: ((id >= 5302631) AND (id <= 5302640))

table 6 : explain SELECT c FROM sbtest6 WHERE id BETWEEN 2226566 AND 2226575
	Index Scan using sbtest6_pkey on sbtest6  (cost=0.43..43.80 rows=10 width=121)
	  Index Cond: ((id >= 2226566) AND (id <= 2226575))

table 7 : explain SELECT c FROM sbtest7 WHERE id BETWEEN 7650817 AND 7650826
	Index Scan using sbtest7_pkey on sbtest7  (cost=0.43..43.79 rows=10 width=121)
	  Index Cond: ((id >= 7650817) AND (id <= 7650826))

table 8 : explain SELECT c FROM sbtest8 WHERE id BETWEEN 9227754 AND 9227763
	Index Scan using sbtest8_pkey on sbtest8  (cost=0.43..39.86 rows=9 width=121)
	  Index Cond: ((id >= 9227754) AND (id <= 9227763))

for: simple_ranges
table 1 : explain SELECT c FROM sbtest1 WHERE id BETWEEN 1379371 AND 1379380
	Index Scan using sbtest1_pkey on sbtest1  (cost=0.43..43.80 rows=10 width=121)
	  Index Cond: ((id >= 1379371) AND (id <= 1379380))

table 2 : explain SELECT c FROM sbtest2 WHERE id BETWEEN 4860716 AND 4860725
	Index Scan using sbtest2_pkey on sbtest2  (cost=0.43..39.94 rows=9 width=121)
	  Index Cond: ((id >= 4860716) AND (id <= 4860725))

table 3 : explain SELECT c FROM sbtest3 WHERE id BETWEEN 8300652 AND 8300661
	Index Scan using sbtest3_pkey on sbtest3  (cost=0.43..39.88 rows=9 width=121)
	  Index Cond: ((id >= 8300652) AND (id <= 8300661))

table 4 : explain SELECT c FROM sbtest4 WHERE id BETWEEN 5910176 AND 5910185
	Index Scan using sbtest4_pkey on sbtest4  (cost=0.43..43.98 rows=10 width=121)
	  Index Cond: ((id >= 5910176) AND (id <= 5910185))

table 5 : explain SELECT c FROM sbtest5 WHERE id BETWEEN 8526527 AND 8526536
	Index Scan using sbtest5_pkey on sbtest5  (cost=0.43..47.78 rows=11 width=121)
	  Index Cond: ((id >= 8526527) AND (id <= 8526536))

table 6 : explain SELECT c FROM sbtest6 WHERE id BETWEEN 9584746 AND 9584755
	Index Scan using sbtest6_pkey on sbtest6  (cost=0.43..43.80 rows=10 width=121)
	  Index Cond: ((id >= 9584746) AND (id <= 9584755))

table 7 : explain SELECT c FROM sbtest7 WHERE id BETWEEN 3387182 AND 3387191
	Index Scan using sbtest7_pkey on sbtest7  (cost=0.43..43.79 rows=10 width=121)
	  Index Cond: ((id >= 3387182) AND (id <= 3387191))

table 8 : explain SELECT c FROM sbtest8 WHERE id BETWEEN 3835535 AND 3835544
	Index Scan using sbtest8_pkey on sbtest8  (cost=0.43..43.79 rows=10 width=121)
	  Index Cond: ((id >= 3835535) AND (id <= 3835544))

for: simple_ranges
table 1 : explain SELECT c FROM sbtest1 WHERE id BETWEEN 8046275 AND 8046284
	Index Scan using sbtest1_pkey on sbtest1  (cost=0.43..43.80 rows=10 width=121)
	  Index Cond: ((id >= 8046275) AND (id <= 8046284))

table 2 : explain SELECT c FROM sbtest2 WHERE id BETWEEN 1380076 AND 1380085
	Index Scan using sbtest2_pkey on sbtest2  (cost=0.43..43.88 rows=10 width=121)
	  Index Cond: ((id >= 1380076) AND (id <= 1380085))

table 3 : explain SELECT c FROM sbtest3 WHERE id BETWEEN 6070655 AND 6070664
	Index Scan using sbtest3_pkey on sbtest3  (cost=0.43..43.81 rows=10 width=121)
	  Index Cond: ((id >= 6070655) AND (id <= 6070664))

table 4 : explain SELECT c FROM sbtest4 WHERE id BETWEEN 7268093 AND 7268102
	Index Scan using sbtest4_pkey on sbtest4  (cost=0.43..40.03 rows=9 width=121)
	  Index Cond: ((id >= 7268093) AND (id <= 7268102))

table 5 : explain SELECT c FROM sbtest5 WHERE id BETWEEN 903134 AND 903143
	Index Scan using sbtest5_pkey on sbtest5  (cost=0.43..47.78 rows=11 width=121)
	  Index Cond: ((id >= 903134) AND (id <= 903143))

table 6 : explain SELECT c FROM sbtest6 WHERE id BETWEEN 6583771 AND 6583780
	Index Scan using sbtest6_pkey on sbtest6  (cost=0.43..43.80 rows=10 width=121)
	  Index Cond: ((id >= 6583771) AND (id <= 6583780))

table 7 : explain SELECT c FROM sbtest7 WHERE id BETWEEN 1282674 AND 1282683
	Index Scan using sbtest7_pkey on sbtest7  (cost=0.43..43.79 rows=10 width=121)
	  Index Cond: ((id >= 1282674) AND (id <= 1282683))

table 8 : explain SELECT c FROM sbtest8 WHERE id BETWEEN 3601498 AND 3601507
	Index Scan using sbtest8_pkey on sbtest8  (cost=0.43..39.86 rows=9 width=121)
	  Index Cond: ((id >= 3601498) AND (id <= 3601507))

for: simple_ranges
table 1 : explain SELECT c FROM sbtest1 WHERE id BETWEEN 2353788 AND 2353797
	Index Scan using sbtest1_pkey on sbtest1  (cost=0.43..43.80 rows=10 width=121)
	  Index Cond: ((id >= 2353788) AND (id <= 2353797))

table 2 : explain SELECT c FROM sbtest2 WHERE id BETWEEN 9813992 AND 9814001
	Index Scan using sbtest2_pkey on sbtest2  (cost=0.43..43.88 rows=10 width=121)
	  Index Cond: ((id >= 9813992) AND (id <= 9814001))

table 3 : explain SELECT c FROM sbtest3 WHERE id BETWEEN 570656 AND 570665
	Index Scan using sbtest3_pkey on sbtest3  (cost=0.43..43.81 rows=10 width=121)
	  Index Cond: ((id >= 570656) AND (id <= 570665))

table 4 : explain SELECT c FROM sbtest4 WHERE id BETWEEN 9623555 AND 9623564
	Index Scan using sbtest4_pkey on sbtest4  (cost=0.43..40.03 rows=9 width=121)
	  Index Cond: ((id >= 9623555) AND (id <= 9623564))

table 5 : explain SELECT c FROM sbtest5 WHERE id BETWEEN 1494655 AND 1494664
	Index Scan using sbtest5_pkey on sbtest5  (cost=0.43..43.85 rows=10 width=121)
	  Index Cond: ((id >= 1494655) AND (id <= 1494664))

table 6 : explain SELECT c FROM sbtest6 WHERE id BETWEEN 4120896 AND 4120905
	Index Scan using sbtest6_pkey on sbtest6  (cost=0.43..39.88 rows=9 width=121)
	  Index Cond: ((id >= 4120896) AND (id <= 4120905))

table 7 : explain SELECT c FROM sbtest7 WHERE id BETWEEN 3436006 AND 3436015
	Index Scan using sbtest7_pkey on sbtest7  (cost=0.43..43.79 rows=10 width=121)
	  Index Cond: ((id >= 3436006) AND (id <= 3436015))

table 8 : explain SELECT c FROM sbtest8 WHERE id BETWEEN 9299688 AND 9299697
	Index Scan using sbtest8_pkey on sbtest8  (cost=0.43..43.79 rows=10 width=121)
	  Index Cond: ((id >= 9299688) AND (id <= 9299697))

for: simple_ranges
table 1 : explain SELECT c FROM sbtest1 WHERE id BETWEEN 7051941 AND 7051950
	Index Scan using sbtest1_pkey on sbtest1  (cost=0.43..43.80 rows=10 width=121)
	  Index Cond: ((id >= 7051941) AND (id <= 7051950))

table 2 : explain SELECT c FROM sbtest2 WHERE id BETWEEN 9231662 AND 9231671
	Index Scan using sbtest2_pkey on sbtest2  (cost=0.43..47.81 rows=11 width=121)
	  Index Cond: ((id >= 9231662) AND (id <= 9231671))

table 3 : explain SELECT c FROM sbtest3 WHERE id BETWEEN 5180302 AND 5180311
	Index Scan using sbtest3_pkey on sbtest3  (cost=0.43..47.74 rows=11 width=121)
	  Index Cond: ((id >= 5180302) AND (id <= 5180311))

table 4 : explain SELECT c FROM sbtest4 WHERE id BETWEEN 6239656 AND 6239665
	Index Scan using sbtest4_pkey on sbtest4  (cost=0.43..43.98 rows=10 width=121)
	  Index Cond: ((id >= 6239656) AND (id <= 6239665))

table 5 : explain SELECT c FROM sbtest5 WHERE id BETWEEN 9643963 AND 9643972
	Index Scan using sbtest5_pkey on sbtest5  (cost=0.43..47.78 rows=11 width=121)
	  Index Cond: ((id >= 9643963) AND (id <= 9643972))

table 6 : explain SELECT c FROM sbtest6 WHERE id BETWEEN 6208645 AND 6208654
	Index Scan using sbtest6_pkey on sbtest6  (cost=0.43..43.80 rows=10 width=121)
	  Index Cond: ((id >= 6208645) AND (id <= 6208654))

table 7 : explain SELECT c FROM sbtest7 WHERE id BETWEEN 2314968 AND 2314977
	Index Scan using sbtest7_pkey on sbtest7  (cost=0.43..43.79 rows=10 width=121)
	  Index Cond: ((id >= 2314968) AND (id <= 2314977))

table 8 : explain SELECT c FROM sbtest8 WHERE id BETWEEN 7538027 AND 7538036
	Index Scan using sbtest8_pkey on sbtest8  (cost=0.43..43.79 rows=10 width=121)
	  Index Cond: ((id >= 7538027) AND (id <= 7538036))

for: simple_ranges
table 1 : explain SELECT c FROM sbtest1 WHERE id BETWEEN 6902236 AND 6902245
	Index Scan using sbtest1_pkey on sbtest1  (cost=0.43..43.80 rows=10 width=121)
	  Index Cond: ((id >= 6902236) AND (id <= 6902245))

table 2 : explain SELECT c FROM sbtest2 WHERE id BETWEEN 4077681 AND 4077690
	Index Scan using sbtest2_pkey on sbtest2  (cost=0.43..39.94 rows=9 width=121)
	  Index Cond: ((id >= 4077681) AND (id <= 4077690))

table 3 : explain SELECT c FROM sbtest3 WHERE id BETWEEN 3568353 AND 3568362
	Index Scan using sbtest3_pkey on sbtest3  (cost=0.43..43.81 rows=10 width=121)
	  Index Cond: ((id >= 3568353) AND (id <= 3568362))

table 4 : explain SELECT c FROM sbtest4 WHERE id BETWEEN 2432104 AND 2432113
	Index Scan using sbtest4_pkey on sbtest4  (cost=0.43..47.93 rows=11 width=121)
	  Index Cond: ((id >= 2432104) AND (id <= 2432113))

table 5 : explain SELECT c FROM sbtest5 WHERE id BETWEEN 4853111 AND 4853120
	Index Scan using sbtest5_pkey on sbtest5  (cost=0.43..43.85 rows=10 width=121)
	  Index Cond: ((id >= 4853111) AND (id <= 4853120))

table 6 : explain SELECT c FROM sbtest6 WHERE id BETWEEN 3707205 AND 3707214
	Index Scan using sbtest6_pkey on sbtest6  (cost=0.43..43.80 rows=10 width=121)
	  Index Cond: ((id >= 3707205) AND (id <= 3707214))

table 7 : explain SELECT c FROM sbtest7 WHERE id BETWEEN 2140352 AND 2140361
	Index Scan using sbtest7_pkey on sbtest7  (cost=0.43..43.79 rows=10 width=121)
	  Index Cond: ((id >= 2140352) AND (id <= 2140361))

table 8 : explain SELECT c FROM sbtest8 WHERE id BETWEEN 8223855 AND 8223864
	Index Scan using sbtest8_pkey on sbtest8  (cost=0.43..43.79 rows=10 width=121)
	  Index Cond: ((id >= 8223855) AND (id <= 8223864))

for: simple_ranges
table 1 : explain SELECT c FROM sbtest1 WHERE id BETWEEN 1617942 AND 1617951
	Index Scan using sbtest1_pkey on sbtest1  (cost=0.43..47.73 rows=11 width=121)
	  Index Cond: ((id >= 1617942) AND (id <= 1617951))

table 2 : explain SELECT c FROM sbtest2 WHERE id BETWEEN 8034388 AND 8034397
	Index Scan using sbtest2_pkey on sbtest2  (cost=0.43..47.81 rows=11 width=121)
	  Index Cond: ((id >= 8034388) AND (id <= 8034397))

table 3 : explain SELECT c FROM sbtest3 WHERE id BETWEEN 8916054 AND 8916063
	Index Scan using sbtest3_pkey on sbtest3  (cost=0.43..39.88 rows=9 width=121)
	  Index Cond: ((id >= 8916054) AND (id <= 8916063))

table 4 : explain SELECT c FROM sbtest4 WHERE id BETWEEN 8221243 AND 8221252
	Index Scan using sbtest4_pkey on sbtest4  (cost=0.43..43.98 rows=10 width=121)
	  Index Cond: ((id >= 8221243) AND (id <= 8221252))

table 5 : explain SELECT c FROM sbtest5 WHERE id BETWEEN 9289911 AND 9289920
	Index Scan using sbtest5_pkey on sbtest5  (cost=0.43..43.85 rows=10 width=121)
	  Index Cond: ((id >= 9289911) AND (id <= 9289920))

table 6 : explain SELECT c FROM sbtest6 WHERE id BETWEEN 4735601 AND 4735610
	Index Scan using sbtest6_pkey on sbtest6  (cost=0.43..43.80 rows=10 width=121)
	  Index Cond: ((id >= 4735601) AND (id <= 4735610))

table 7 : explain SELECT c FROM sbtest7 WHERE id BETWEEN 2101222 AND 2101231
	Index Scan using sbtest7_pkey on sbtest7  (cost=0.43..43.79 rows=10 width=121)
	  Index Cond: ((id >= 2101222) AND (id <= 2101231))

table 8 : explain SELECT c FROM sbtest8 WHERE id BETWEEN 9193892 AND 9193901
	Index Scan using sbtest8_pkey on sbtest8  (cost=0.43..39.86 rows=9 width=121)
	  Index Cond: ((id >= 9193892) AND (id <= 9193901))

for: simple_ranges
table 1 : explain SELECT c FROM sbtest1 WHERE id BETWEEN 2952832 AND 2952841
	Index Scan using sbtest1_pkey on sbtest1  (cost=0.43..43.80 rows=10 width=121)
	  Index Cond: ((id >= 2952832) AND (id <= 2952841))

table 2 : explain SELECT c FROM sbtest2 WHERE id BETWEEN 17248 AND 17257
	Index Scan using sbtest2_pkey on sbtest2  (cost=0.43..39.94 rows=9 width=121)
	  Index Cond: ((id >= 17248) AND (id <= 17257))

table 3 : explain SELECT c FROM sbtest3 WHERE id BETWEEN 1073151 AND 1073160
	Index Scan using sbtest3_pkey on sbtest3  (cost=0.43..43.81 rows=10 width=121)
	  Index Cond: ((id >= 1073151) AND (id <= 1073160))

table 4 : explain SELECT c FROM sbtest4 WHERE id BETWEEN 7674929 AND 7674938
	Index Scan using sbtest4_pkey on sbtest4  (cost=0.43..43.98 rows=10 width=121)
	  Index Cond: ((id >= 7674929) AND (id <= 7674938))

table 5 : explain SELECT c FROM sbtest5 WHERE id BETWEEN 7201723 AND 7201732
	Index Scan using sbtest5_pkey on sbtest5  (cost=0.43..43.85 rows=10 width=121)
	  Index Cond: ((id >= 7201723) AND (id <= 7201732))

table 6 : explain SELECT c FROM sbtest6 WHERE id BETWEEN 6944387 AND 6944396
	Index Scan using sbtest6_pkey on sbtest6  (cost=0.43..43.80 rows=10 width=121)
	  Index Cond: ((id >= 6944387) AND (id <= 6944396))

table 7 : explain SELECT c FROM sbtest7 WHERE id BETWEEN 1320588 AND 1320597
	Index Scan using sbtest7_pkey on sbtest7  (cost=0.43..43.79 rows=10 width=121)
	  Index Cond: ((id >= 1320588) AND (id <= 1320597))

table 8 : explain SELECT c FROM sbtest8 WHERE id BETWEEN 2794144 AND 2794153
	Index Scan using sbtest8_pkey on sbtest8  (cost=0.43..39.86 rows=9 width=121)
	  Index Cond: ((id >= 2794144) AND (id <= 2794153))

for: simple_ranges
table 1 : explain SELECT c FROM sbtest1 WHERE id BETWEEN 498108 AND 498117
	Index Scan using sbtest1_pkey on sbtest1  (cost=0.43..39.87 rows=9 width=121)
	  Index Cond: ((id >= 498108) AND (id <= 498117))

table 2 : explain SELECT c FROM sbtest2 WHERE id BETWEEN 5856451 AND 5856460
	Index Scan using sbtest2_pkey on sbtest2  (cost=0.43..43.88 rows=10 width=121)
	  Index Cond: ((id >= 5856451) AND (id <= 5856460))

table 3 : explain SELECT c FROM sbtest3 WHERE id BETWEEN 503071 AND 503080
	Index Scan using sbtest3_pkey on sbtest3  (cost=0.43..43.81 rows=10 width=121)
	  Index Cond: ((id >= 503071) AND (id <= 503080))

table 4 : explain SELECT c FROM sbtest4 WHERE id BETWEEN 6097364 AND 6097373
	Index Scan using sbtest4_pkey on sbtest4  (cost=0.43..43.98 rows=10 width=121)
	  Index Cond: ((id >= 6097364) AND (id <= 6097373))

table 5 : explain SELECT c FROM sbtest5 WHERE id BETWEEN 9898191 AND 9898200
	Index Scan using sbtest5_pkey on sbtest5  (cost=0.43..43.85 rows=10 width=121)
	  Index Cond: ((id >= 9898191) AND (id <= 9898200))

table 6 : explain SELECT c FROM sbtest6 WHERE id BETWEEN 1675363 AND 1675372
	Index Scan using sbtest6_pkey on sbtest6  (cost=0.43..39.88 rows=9 width=121)
	  Index Cond: ((id >= 1675363) AND (id <= 1675372))

table 7 : explain SELECT c FROM sbtest7 WHERE id BETWEEN 3406335 AND 3406344
	Index Scan using sbtest7_pkey on sbtest7  (cost=0.43..43.79 rows=10 width=121)
	  Index Cond: ((id >= 3406335) AND (id <= 3406344))

table 8 : explain SELECT c FROM sbtest8 WHERE id BETWEEN 5624184 AND 5624193
	Index Scan using sbtest8_pkey on sbtest8  (cost=0.43..43.79 rows=10 width=121)
	  Index Cond: ((id >= 5624184) AND (id <= 5624193))

for: simple_ranges
table 1 : explain SELECT c FROM sbtest1 WHERE id BETWEEN 9191021 AND 9191030
	Index Scan using sbtest1_pkey on sbtest1  (cost=0.43..43.80 rows=10 width=121)
	  Index Cond: ((id >= 9191021) AND (id <= 9191030))

table 2 : explain SELECT c FROM sbtest2 WHERE id BETWEEN 4339459 AND 4339468
	Index Scan using sbtest2_pkey on sbtest2  (cost=0.43..43.88 rows=10 width=121)
	  Index Cond: ((id >= 4339459) AND (id <= 4339468))

table 3 : explain SELECT c FROM sbtest3 WHERE id BETWEEN 8371066 AND 8371075
	Index Scan using sbtest3_pkey on sbtest3  (cost=0.43..43.81 rows=10 width=121)
	  Index Cond: ((id >= 8371066) AND (id <= 8371075))

table 4 : explain SELECT c FROM sbtest4 WHERE id BETWEEN 522187 AND 522196
	Index Scan using sbtest4_pkey on sbtest4  (cost=0.43..43.98 rows=10 width=121)
	  Index Cond: ((id >= 522187) AND (id <= 522196))

table 5 : explain SELECT c FROM sbtest5 WHERE id BETWEEN 7034828 AND 7034837
	Index Scan using sbtest5_pkey on sbtest5  (cost=0.43..43.85 rows=10 width=121)
	  Index Cond: ((id >= 7034828) AND (id <= 7034837))

table 6 : explain SELECT c FROM sbtest6 WHERE id BETWEEN 9737769 AND 9737778
	Index Scan using sbtest6_pkey on sbtest6  (cost=0.43..47.73 rows=11 width=121)
	  Index Cond: ((id >= 9737769) AND (id <= 9737778))

table 7 : explain SELECT c FROM sbtest7 WHERE id BETWEEN 7057537 AND 7057546
	Index Scan using sbtest7_pkey on sbtest7  (cost=0.43..39.87 rows=9 width=121)
	  Index Cond: ((id >= 7057537) AND (id <= 7057546))

table 8 : explain SELECT c FROM sbtest8 WHERE id BETWEEN 8551723 AND 8551732
	Index Scan using sbtest8_pkey on sbtest8  (cost=0.43..47.71 rows=11 width=121)
	  Index Cond: ((id >= 8551723) AND (id <= 8551732))

for: simple_ranges
table 1 : explain SELECT c FROM sbtest1 WHERE id BETWEEN 2684580 AND 2684589
	Index Scan using sbtest1_pkey on sbtest1  (cost=0.43..43.80 rows=10 width=121)
	  Index Cond: ((id >= 2684580) AND (id <= 2684589))

table 2 : explain SELECT c FROM sbtest2 WHERE id BETWEEN 4892466 AND 4892475
	Index Scan using sbtest2_pkey on sbtest2  (cost=0.43..39.94 rows=9 width=121)
	  Index Cond: ((id >= 4892466) AND (id <= 4892475))

table 3 : explain SELECT c FROM sbtest3 WHERE id BETWEEN 8699477 AND 8699486
	Index Scan using sbtest3_pkey on sbtest3  (cost=0.43..47.74 rows=11 width=121)
	  Index Cond: ((id >= 8699477) AND (id <= 8699486))

table 4 : explain SELECT c FROM sbtest4 WHERE id BETWEEN 6903913 AND 6903922
	Index Scan using sbtest4_pkey on sbtest4  (cost=0.43..43.98 rows=10 width=121)
	  Index Cond: ((id >= 6903913) AND (id <= 6903922))

table 5 : explain SELECT c FROM sbtest5 WHERE id BETWEEN 3619235 AND 3619244
	Index Scan using sbtest5_pkey on sbtest5  (cost=0.43..43.85 rows=10 width=121)
	  Index Cond: ((id >= 3619235) AND (id <= 3619244))

table 6 : explain SELECT c FROM sbtest6 WHERE id BETWEEN 8803854 AND 8803863
	Index Scan using sbtest6_pkey on sbtest6  (cost=0.43..43.80 rows=10 width=121)
	  Index Cond: ((id >= 8803854) AND (id <= 8803863))

table 7 : explain SELECT c FROM sbtest7 WHERE id BETWEEN 5529293 AND 5529302
	Index Scan using sbtest7_pkey on sbtest7  (cost=0.43..43.79 rows=10 width=121)
	  Index Cond: ((id >= 5529293) AND (id <= 5529302))

table 8 : explain SELECT c FROM sbtest8 WHERE id BETWEEN 3632597 AND 3632606
	Index Scan using sbtest8_pkey on sbtest8  (cost=0.43..39.86 rows=9 width=121)
	  Index Cond: ((id >= 3632597) AND (id <= 3632606))

for: simple_ranges
table 1 : explain SELECT c FROM sbtest1 WHERE id BETWEEN 305908 AND 305917
	Index Scan using sbtest1_pkey on sbtest1  (cost=0.43..47.73 rows=11 width=121)
	  Index Cond: ((id >= 305908) AND (id <= 305917))

table 2 : explain SELECT c FROM sbtest2 WHERE id BETWEEN 9509357 AND 9509366
	Index Scan using sbtest2_pkey on sbtest2  (cost=0.43..43.88 rows=10 width=121)
	  Index Cond: ((id >= 9509357) AND (id <= 9509366))

table 3 : explain SELECT c FROM sbtest3 WHERE id BETWEEN 8181911 AND 8181920
	Index Scan using sbtest3_pkey on sbtest3  (cost=0.43..47.74 rows=11 width=121)
	  Index Cond: ((id >= 8181911) AND (id <= 8181920))

table 4 : explain SELECT c FROM sbtest4 WHERE id BETWEEN 1876959 AND 1876968
	Index Scan using sbtest4_pkey on sbtest4  (cost=0.43..43.98 rows=10 width=121)
	  Index Cond: ((id >= 1876959) AND (id <= 1876968))

table 5 : explain SELECT c FROM sbtest5 WHERE id BETWEEN 447988 AND 447997
	Index Scan using sbtest5_pkey on sbtest5  (cost=0.43..43.85 rows=10 width=121)
	  Index Cond: ((id >= 447988) AND (id <= 447997))

table 6 : explain SELECT c FROM sbtest6 WHERE id BETWEEN 5907956 AND 5907965
	Index Scan using sbtest6_pkey on sbtest6  (cost=0.43..39.88 rows=9 width=121)
	  Index Cond: ((id >= 5907956) AND (id <= 5907965))

table 7 : explain SELECT c FROM sbtest7 WHERE id BETWEEN 5987611 AND 5987620
	Index Scan using sbtest7_pkey on sbtest7  (cost=0.43..43.79 rows=10 width=121)
	  Index Cond: ((id >= 5987611) AND (id <= 5987620))

table 8 : explain SELECT c FROM sbtest8 WHERE id BETWEEN 9457281 AND 9457290
	Index Scan using sbtest8_pkey on sbtest8  (cost=0.43..43.79 rows=10 width=121)
	  Index Cond: ((id >= 9457281) AND (id <= 9457290))

for: simple_ranges
table 1 : explain SELECT c FROM sbtest1 WHERE id BETWEEN 9186619 AND 9186628
	Index Scan using sbtest1_pkey on sbtest1  (cost=0.43..43.80 rows=10 width=121)
	  Index Cond: ((id >= 9186619) AND (id <= 9186628))

table 2 : explain SELECT c FROM sbtest2 WHERE id BETWEEN 5013522 AND 5013531
	Index Scan using sbtest2_pkey on sbtest2  (cost=0.43..47.81 rows=11 width=121)
	  Index Cond: ((id >= 5013522) AND (id <= 5013531))

table 3 : explain SELECT c FROM sbtest3 WHERE id BETWEEN 7559253 AND 7559262
	Index Scan using sbtest3_pkey on sbtest3  (cost=0.43..39.88 rows=9 width=121)
	  Index Cond: ((id >= 7559253) AND (id <= 7559262))

table 4 : explain SELECT c FROM sbtest4 WHERE id BETWEEN 1029925 AND 1029934
	Index Scan using sbtest4_pkey on sbtest4  (cost=0.43..43.98 rows=10 width=121)
	  Index Cond: ((id >= 1029925) AND (id <= 1029934))

table 5 : explain SELECT c FROM sbtest5 WHERE id BETWEEN 8207570 AND 8207579
	Index Scan using sbtest5_pkey on sbtest5  (cost=0.43..39.91 rows=9 width=121)
	  Index Cond: ((id >= 8207570) AND (id <= 8207579))

table 6 : explain SELECT c FROM sbtest6 WHERE id BETWEEN 254783 AND 254792
	Index Scan using sbtest6_pkey on sbtest6  (cost=0.43..47.73 rows=11 width=121)
	  Index Cond: ((id >= 254783) AND (id <= 254792))

table 7 : explain SELECT c FROM sbtest7 WHERE id BETWEEN 8876522 AND 8876531
	Index Scan using sbtest7_pkey on sbtest7  (cost=0.43..39.87 rows=9 width=121)
	  Index Cond: ((id >= 8876522) AND (id <= 8876531))

table 8 : explain SELECT c FROM sbtest8 WHERE id BETWEEN 3927065 AND 3927074
	Index Scan using sbtest8_pkey on sbtest8  (cost=0.43..47.71 rows=11 width=121)
	  Index Cond: ((id >= 3927065) AND (id <= 3927074))

for: simple_ranges
table 1 : explain SELECT c FROM sbtest1 WHERE id BETWEEN 5739495 AND 5739504
	Index Scan using sbtest1_pkey on sbtest1  (cost=0.43..39.87 rows=9 width=121)
	  Index Cond: ((id >= 5739495) AND (id <= 5739504))

table 2 : explain SELECT c FROM sbtest2 WHERE id BETWEEN 9406392 AND 9406401
	Index Scan using sbtest2_pkey on sbtest2  (cost=0.43..43.88 rows=10 width=121)
	  Index Cond: ((id >= 9406392) AND (id <= 9406401))

table 3 : explain SELECT c FROM sbtest3 WHERE id BETWEEN 4578807 AND 4578816
	Index Scan using sbtest3_pkey on sbtest3  (cost=0.43..43.81 rows=10 width=121)
	  Index Cond: ((id >= 4578807) AND (id <= 4578816))

table 4 : explain SELECT c FROM sbtest4 WHERE id BETWEEN 1509565 AND 1509574
	Index Scan using sbtest4_pkey on sbtest4  (cost=0.43..43.98 rows=10 width=121)
	  Index Cond: ((id >= 1509565) AND (id <= 1509574))

table 5 : explain SELECT c FROM sbtest5 WHERE id BETWEEN 1540988 AND 1540997
	Index Scan using sbtest5_pkey on sbtest5  (cost=0.43..43.85 rows=10 width=121)
	  Index Cond: ((id >= 1540988) AND (id <= 1540997))

table 6 : explain SELECT c FROM sbtest6 WHERE id BETWEEN 2848274 AND 2848283
	Index Scan using sbtest6_pkey on sbtest6  (cost=0.43..43.80 rows=10 width=121)
	  Index Cond: ((id >= 2848274) AND (id <= 2848283))

table 7 : explain SELECT c FROM sbtest7 WHERE id BETWEEN 26619 AND 26628
	Index Scan using sbtest7_pkey on sbtest7  (cost=0.43..39.87 rows=9 width=121)
	  Index Cond: ((id >= 26619) AND (id <= 26628))

table 8 : explain SELECT c FROM sbtest8 WHERE id BETWEEN 3112477 AND 3112486
	Index Scan using sbtest8_pkey on sbtest8  (cost=0.43..43.79 rows=10 width=121)
	  Index Cond: ((id >= 3112477) AND (id <= 3112486))

for point_selects
table 1 : explain SELECT c FROM sbtest1 WHERE id=9965140
	Index Scan using sbtest1_pkey on sbtest1  (cost=0.43..8.45 rows=1 width=121)
	  Index Cond: (id = 9965140)

table 2 : explain SELECT c FROM sbtest2 WHERE id=890994
	Index Scan using sbtest2_pkey on sbtest2  (cost=0.43..8.45 rows=1 width=121)
	  Index Cond: (id = 890994)

table 3 : explain SELECT c FROM sbtest3 WHERE id=917876
	Index Scan using sbtest3_pkey on sbtest3  (cost=0.43..8.45 rows=1 width=121)
	  Index Cond: (id = 917876)

table 4 : explain SELECT c FROM sbtest4 WHERE id=6216697
	Index Scan using sbtest4_pkey on sbtest4  (cost=0.43..8.45 rows=1 width=121)
	  Index Cond: (id = 6216697)

table 5 : explain SELECT c FROM sbtest5 WHERE id=2729672
	Index Scan using sbtest5_pkey on sbtest5  (cost=0.43..8.45 rows=1 width=121)
	  Index Cond: (id = 2729672)

table 6 : explain SELECT c FROM sbtest6 WHERE id=272679
	Index Scan using sbtest6_pkey on sbtest6  (cost=0.43..8.45 rows=1 width=121)
	  Index Cond: (id = 272679)

table 7 : explain SELECT c FROM sbtest7 WHERE id=4173451
	Index Scan using sbtest7_pkey on sbtest7  (cost=0.43..8.45 rows=1 width=121)
	  Index Cond: (id = 4173451)

table 8 : explain SELECT c FROM sbtest8 WHERE id=8051114
	Index Scan using sbtest8_pkey on sbtest8  (cost=0.43..8.45 rows=1 width=121)
	  Index Cond: (id = 8051114)

for point_selects
table 1 : explain SELECT c FROM sbtest1 WHERE id=6422764
	Index Scan using sbtest1_pkey on sbtest1  (cost=0.43..8.45 rows=1 width=121)
	  Index Cond: (id = 6422764)

table 2 : explain SELECT c FROM sbtest2 WHERE id=6399553
	Index Scan using sbtest2_pkey on sbtest2  (cost=0.43..8.45 rows=1 width=121)
	  Index Cond: (id = 6399553)

table 3 : explain SELECT c FROM sbtest3 WHERE id=1899509
	Index Scan using sbtest3_pkey on sbtest3  (cost=0.43..8.45 rows=1 width=121)
	  Index Cond: (id = 1899509)

table 4 : explain SELECT c FROM sbtest4 WHERE id=2235313
	Index Scan using sbtest4_pkey on sbtest4  (cost=0.43..8.45 rows=1 width=121)
	  Index Cond: (id = 2235313)

table 5 : explain SELECT c FROM sbtest5 WHERE id=6550860
	Index Scan using sbtest5_pkey on sbtest5  (cost=0.43..8.45 rows=1 width=121)
	  Index Cond: (id = 6550860)

table 6 : explain SELECT c FROM sbtest6 WHERE id=3938824
	Index Scan using sbtest6_pkey on sbtest6  (cost=0.43..8.45 rows=1 width=121)
	  Index Cond: (id = 3938824)

table 7 : explain SELECT c FROM sbtest7 WHERE id=611888
	Index Scan using sbtest7_pkey on sbtest7  (cost=0.43..8.45 rows=1 width=121)
	  Index Cond: (id = 611888)

table 8 : explain SELECT c FROM sbtest8 WHERE id=6115307
	Index Scan using sbtest8_pkey on sbtest8  (cost=0.43..8.45 rows=1 width=121)
	  Index Cond: (id = 6115307)

for: simple_ranges
table 1 : explain SELECT c FROM sbtest1 WHERE id BETWEEN 4507192 AND 4507201
	Index Scan using sbtest1_pkey on sbtest1  (cost=0.43..43.80 rows=10 width=121)
	  Index Cond: ((id >= 4507192) AND (id <= 4507201))

table 2 : explain SELECT c FROM sbtest2 WHERE id BETWEEN 4760029 AND 4760038
	Index Scan using sbtest2_pkey on sbtest2  (cost=0.43..43.88 rows=10 width=121)
	  Index Cond: ((id >= 4760029) AND (id <= 4760038))

table 3 : explain SELECT c FROM sbtest3 WHERE id BETWEEN 5596291 AND 5596300
	Index Scan using sbtest3_pkey on sbtest3  (cost=0.43..43.81 rows=10 width=121)
	  Index Cond: ((id >= 5596291) AND (id <= 5596300))

table 4 : explain SELECT c FROM sbtest4 WHERE id BETWEEN 4590422 AND 4590431
	Index Scan using sbtest4_pkey on sbtest4  (cost=0.43..40.03 rows=9 width=121)
	  Index Cond: ((id >= 4590422) AND (id <= 4590431))

table 5 : explain SELECT c FROM sbtest5 WHERE id BETWEEN 2963958 AND 2963967
	Index Scan using sbtest5_pkey on sbtest5  (cost=0.43..43.85 rows=10 width=121)
	  Index Cond: ((id >= 2963958) AND (id <= 2963967))

table 6 : explain SELECT c FROM sbtest6 WHERE id BETWEEN 5363859 AND 5363868
	Index Scan using sbtest6_pkey on sbtest6  (cost=0.43..39.88 rows=9 width=121)
	  Index Cond: ((id >= 5363859) AND (id <= 5363868))

table 7 : explain SELECT c FROM sbtest7 WHERE id BETWEEN 494132 AND 494141
	Index Scan using sbtest7_pkey on sbtest7  (cost=0.43..43.79 rows=10 width=121)
	  Index Cond: ((id >= 494132) AND (id <= 494141))

table 8 : explain SELECT c FROM sbtest8 WHERE id BETWEEN 1248863 AND 1248872
	Index Scan using sbtest8_pkey on sbtest8  (cost=0.43..43.79 rows=10 width=121)
	  Index Cond: ((id >= 1248863) AND (id <= 1248872))

for point_selects
table 1 : explain SELECT c FROM sbtest1 WHERE id=4700115
	Index Scan using sbtest1_pkey on sbtest1  (cost=0.43..8.45 rows=1 width=121)
	  Index Cond: (id = 4700115)

table 2 : explain SELECT c FROM sbtest2 WHERE id=8126011
	Index Scan using sbtest2_pkey on sbtest2  (cost=0.43..8.45 rows=1 width=121)
	  Index Cond: (id = 8126011)

table 3 : explain SELECT c FROM sbtest3 WHERE id=9973882
	Index Scan using sbtest3_pkey on sbtest3  (cost=0.43..8.45 rows=1 width=121)
	  Index Cond: (id = 9973882)

table 4 : explain SELECT c FROM sbtest4 WHERE id=7934649
	Index Scan using sbtest4_pkey on sbtest4  (cost=0.43..8.45 rows=1 width=121)
	  Index Cond: (id = 7934649)

table 5 : explain SELECT c FROM sbtest5 WHERE id=9117618
	Index Scan using sbtest5_pkey on sbtest5  (cost=0.43..8.45 rows=1 width=121)
	  Index Cond: (id = 9117618)

table 6 : explain SELECT c FROM sbtest6 WHERE id=381943
	Index Scan using sbtest6_pkey on sbtest6  (cost=0.43..8.45 rows=1 width=121)
	  Index Cond: (id = 381943)

table 7 : explain SELECT c FROM sbtest7 WHERE id=4111
	Index Scan using sbtest7_pkey on sbtest7  (cost=0.43..8.45 rows=1 width=121)
	  Index Cond: (id = 4111)

table 8 : explain SELECT c FROM sbtest8 WHERE id=5141475
	Index Scan using sbtest8_pkey on sbtest8  (cost=0.43..8.45 rows=1 width=121)
	  Index Cond: (id = 5141475)

for: simple_ranges
table 1 : explain SELECT c FROM sbtest1 WHERE id BETWEEN 993387 AND 993396
	Index Scan using sbtest1_pkey on sbtest1  (cost=0.43..39.87 rows=9 width=121)
	  Index Cond: ((id >= 993387) AND (id <= 993396))

table 2 : explain SELECT c FROM sbtest2 WHERE id BETWEEN 5946667 AND 5946676
	Index Scan using sbtest2_pkey on sbtest2  (cost=0.43..43.88 rows=10 width=121)
	  Index Cond: ((id >= 5946667) AND (id <= 5946676))

table 3 : explain SELECT c FROM sbtest3 WHERE id BETWEEN 9961264 AND 9961273
	Index Scan using sbtest3_pkey on sbtest3  (cost=0.43..47.74 rows=11 width=121)
	  Index Cond: ((id >= 9961264) AND (id <= 9961273))

table 4 : explain SELECT c FROM sbtest4 WHERE id BETWEEN 9126559 AND 9126568
	Index Scan using sbtest4_pkey on sbtest4  (cost=0.43..40.03 rows=9 width=121)
	  Index Cond: ((id >= 9126559) AND (id <= 9126568))

table 5 : explain SELECT c FROM sbtest5 WHERE id BETWEEN 7473414 AND 7473423
	Index Scan using sbtest5_pkey on sbtest5  (cost=0.43..43.85 rows=10 width=121)
	  Index Cond: ((id >= 7473414) AND (id <= 7473423))

table 6 : explain SELECT c FROM sbtest6 WHERE id BETWEEN 8246506 AND 8246515
	Index Scan using sbtest6_pkey on sbtest6  (cost=0.43..39.88 rows=9 width=121)
	  Index Cond: ((id >= 8246506) AND (id <= 8246515))

table 7 : explain SELECT c FROM sbtest7 WHERE id BETWEEN 411149 AND 411158
	Index Scan using sbtest7_pkey on sbtest7  (cost=0.43..43.79 rows=10 width=121)
	  Index Cond: ((id >= 411149) AND (id <= 411158))

table 8 : explain SELECT c FROM sbtest8 WHERE id BETWEEN 2188667 AND 2188676
	Index Scan using sbtest8_pkey on sbtest8  (cost=0.43..39.86 rows=9 width=121)
	  Index Cond: ((id >= 2188667) AND (id <= 2188676))

for: simple_ranges
table 1 : explain SELECT c FROM sbtest1 WHERE id BETWEEN 4773917 AND 4773926
	Index Scan using sbtest1_pkey on sbtest1  (cost=0.43..39.87 rows=9 width=121)
	  Index Cond: ((id >= 4773917) AND (id <= 4773926))

table 2 : explain SELECT c FROM sbtest2 WHERE id BETWEEN 5080687 AND 5080696
	Index Scan using sbtest2_pkey on sbtest2  (cost=0.43..43.88 rows=10 width=121)
	  Index Cond: ((id >= 5080687) AND (id <= 5080696))

table 3 : explain SELECT c FROM sbtest3 WHERE id BETWEEN 6661358 AND 6661367
	Index Scan using sbtest3_pkey on sbtest3  (cost=0.43..43.81 rows=10 width=121)
	  Index Cond: ((id >= 6661358) AND (id <= 6661367))

table 4 : explain SELECT c FROM sbtest4 WHERE id BETWEEN 176289 AND 176298
	Index Scan using sbtest4_pkey on sbtest4  (cost=0.43..43.98 rows=10 width=121)
	  Index Cond: ((id >= 176289) AND (id <= 176298))

table 5 : explain SELECT c FROM sbtest5 WHERE id BETWEEN 1690593 AND 1690602
	Index Scan using sbtest5_pkey on sbtest5  (cost=0.43..43.85 rows=10 width=121)
	  Index Cond: ((id >= 1690593) AND (id <= 1690602))

table 6 : explain SELECT c FROM sbtest6 WHERE id BETWEEN 6715709 AND 6715718
	Index Scan using sbtest6_pkey on sbtest6  (cost=0.43..39.88 rows=9 width=121)
	  Index Cond: ((id >= 6715709) AND (id <= 6715718))

table 7 : explain SELECT c FROM sbtest7 WHERE id BETWEEN 7779389 AND 7779398
	Index Scan using sbtest7_pkey on sbtest7  (cost=0.43..39.87 rows=9 width=121)
	  Index Cond: ((id >= 7779389) AND (id <= 7779398))

table 8 : explain SELECT c FROM sbtest8 WHERE id BETWEEN 5562849 AND 5562858
	Index Scan using sbtest8_pkey on sbtest8  (cost=0.43..43.79 rows=10 width=121)
	  Index Cond: ((id >= 5562849) AND (id <= 5562858))

for: simple_ranges
table 1 : explain SELECT c FROM sbtest1 WHERE id BETWEEN 3822901 AND 3822910
	Index Scan using sbtest1_pkey on sbtest1  (cost=0.43..43.80 rows=10 width=121)
	  Index Cond: ((id >= 3822901) AND (id <= 3822910))

table 2 : explain SELECT c FROM sbtest2 WHERE id BETWEEN 7645335 AND 7645344
	Index Scan using sbtest2_pkey on sbtest2  (cost=0.43..43.88 rows=10 width=121)
	  Index Cond: ((id >= 7645335) AND (id <= 7645344))

table 3 : explain SELECT c FROM sbtest3 WHERE id BETWEEN 8182606 AND 8182615
	Index Scan using sbtest3_pkey on sbtest3  (cost=0.43..47.74 rows=11 width=121)
	  Index Cond: ((id >= 8182606) AND (id <= 8182615))

table 4 : explain SELECT c FROM sbtest4 WHERE id BETWEEN 7230032 AND 7230041
	Index Scan using sbtest4_pkey on sbtest4  (cost=0.43..40.03 rows=9 width=121)
	  Index Cond: ((id >= 7230032) AND (id <= 7230041))

table 5 : explain SELECT c FROM sbtest5 WHERE id BETWEEN 6844771 AND 6844780
	Index Scan using sbtest5_pkey on sbtest5  (cost=0.43..39.91 rows=9 width=121)
	  Index Cond: ((id >= 6844771) AND (id <= 6844780))

table 6 : explain SELECT c FROM sbtest6 WHERE id BETWEEN 6254736 AND 6254745
	Index Scan using sbtest6_pkey on sbtest6  (cost=0.43..43.80 rows=10 width=121)
	  Index Cond: ((id >= 6254736) AND (id <= 6254745))

table 7 : explain SELECT c FROM sbtest7 WHERE id BETWEEN 278059 AND 278068
	Index Scan using sbtest7_pkey on sbtest7  (cost=0.43..43.79 rows=10 width=121)
	  Index Cond: ((id >= 278059) AND (id <= 278068))

table 8 : explain SELECT c FROM sbtest8 WHERE id BETWEEN 647705 AND 647714
	Index Scan using sbtest8_pkey on sbtest8  (cost=0.43..47.71 rows=11 width=121)
	  Index Cond: ((id >= 647705) AND (id <= 647714))

for: sum_ranges
table 1 : explain SELECT SUM(k) FROM sbtest1 WHERE id BETWEEN 7096186 AND 7096195
	Aggregate  (cost=43.83..43.84 rows=1 width=8)
	  ->  Index Scan using sbtest1_pkey on sbtest1  (cost=0.43..43.80 rows=10 width=4)
	        Index Cond: ((id >= 7096186) AND (id <= 7096195))

table 2 : explain SELECT SUM(k) FROM sbtest2 WHERE id BETWEEN 5975726 AND 5975735
	Aggregate  (cost=43.90..43.91 rows=1 width=8)
	  ->  Index Scan using sbtest2_pkey on sbtest2  (cost=0.43..43.88 rows=10 width=4)
	        Index Cond: ((id >= 5975726) AND (id <= 5975735))

table 3 : explain SELECT SUM(k) FROM sbtest3 WHERE id BETWEEN 9259079 AND 9259088
	Aggregate  (cost=43.84..43.85 rows=1 width=8)
	  ->  Index Scan using sbtest3_pkey on sbtest3  (cost=0.43..43.81 rows=10 width=4)
	        Index Cond: ((id >= 9259079) AND (id <= 9259088))

table 4 : explain SELECT SUM(k) FROM sbtest4 WHERE id BETWEEN 6467917 AND 6467926
	Aggregate  (cost=44.01..44.02 rows=1 width=8)
	  ->  Index Scan using sbtest4_pkey on sbtest4  (cost=0.43..43.98 rows=10 width=4)
	        Index Cond: ((id >= 6467917) AND (id <= 6467926))

table 5 : explain SELECT SUM(k) FROM sbtest5 WHERE id BETWEEN 5166226 AND 5166235
	Aggregate  (cost=43.87..43.88 rows=1 width=8)
	  ->  Index Scan using sbtest5_pkey on sbtest5  (cost=0.43..43.85 rows=10 width=4)
	        Index Cond: ((id >= 5166226) AND (id <= 5166235))

table 6 : explain SELECT SUM(k) FROM sbtest6 WHERE id BETWEEN 5627862 AND 5627871
	Aggregate  (cost=39.90..39.91 rows=1 width=8)
	  ->  Index Scan using sbtest6_pkey on sbtest6  (cost=0.43..39.88 rows=9 width=4)
	        Index Cond: ((id >= 5627862) AND (id <= 5627871))

table 7 : explain SELECT SUM(k) FROM sbtest7 WHERE id BETWEEN 7055991 AND 7056000
	Aggregate  (cost=39.89..39.90 rows=1 width=8)
	  ->  Index Scan using sbtest7_pkey on sbtest7  (cost=0.43..39.87 rows=9 width=4)
	        Index Cond: ((id >= 7055991) AND (id <= 7056000))

table 8 : explain SELECT SUM(k) FROM sbtest8 WHERE id BETWEEN 4939676 AND 4939685
	Aggregate  (cost=39.88..39.89 rows=1 width=8)
	  ->  Index Scan using sbtest8_pkey on sbtest8  (cost=0.43..39.86 rows=9 width=4)
	        Index Cond: ((id >= 4939676) AND (id <= 4939685))

for point_selects
table 1 : explain SELECT c FROM sbtest1 WHERE id=8518223
	Index Scan using sbtest1_pkey on sbtest1  (cost=0.43..8.45 rows=1 width=121)
	  Index Cond: (id = 8518223)

table 2 : explain SELECT c FROM sbtest2 WHERE id=2651579
	Index Scan using sbtest2_pkey on sbtest2  (cost=0.43..8.45 rows=1 width=121)
	  Index Cond: (id = 2651579)

table 3 : explain SELECT c FROM sbtest3 WHERE id=9202864
	Index Scan using sbtest3_pkey on sbtest3  (cost=0.43..8.45 rows=1 width=121)
	  Index Cond: (id = 9202864)

table 4 : explain SELECT c FROM sbtest4 WHERE id=7586783
	Index Scan using sbtest4_pkey on sbtest4  (cost=0.43..8.45 rows=1 width=121)
	  Index Cond: (id = 7586783)

table 5 : explain SELECT c FROM sbtest5 WHERE id=6568924
	Index Scan using sbtest5_pkey on sbtest5  (cost=0.43..8.45 rows=1 width=121)
	  Index Cond: (id = 6568924)

table 6 : explain SELECT c FROM sbtest6 WHERE id=2465862
	Index Scan using sbtest6_pkey on sbtest6  (cost=0.43..8.45 rows=1 width=121)
	  Index Cond: (id = 2465862)

table 7 : explain SELECT c FROM sbtest7 WHERE id=2745827
	Index Scan using sbtest7_pkey on sbtest7  (cost=0.43..8.45 rows=1 width=121)
	  Index Cond: (id = 2745827)

table 8 : explain SELECT c FROM sbtest8 WHERE id=3767262
	Index Scan using sbtest8_pkey on sbtest8  (cost=0.43..8.45 rows=1 width=121)
	  Index Cond: (id = 3767262)

for point_selects
table 1 : explain SELECT c FROM sbtest1 WHERE id=4934278
	Index Scan using sbtest1_pkey on sbtest1  (cost=0.43..8.45 rows=1 width=121)
	  Index Cond: (id = 4934278)

table 2 : explain SELECT c FROM sbtest2 WHERE id=5553873
	Index Scan using sbtest2_pkey on sbtest2  (cost=0.43..8.45 rows=1 width=121)
	  Index Cond: (id = 5553873)

table 3 : explain SELECT c FROM sbtest3 WHERE id=5540559
	Index Scan using sbtest3_pkey on sbtest3  (cost=0.43..8.45 rows=1 width=121)
	  Index Cond: (id = 5540559)

table 4 : explain SELECT c FROM sbtest4 WHERE id=4334385
	Index Scan using sbtest4_pkey on sbtest4  (cost=0.43..8.45 rows=1 width=121)
	  Index Cond: (id = 4334385)

table 5 : explain SELECT c FROM sbtest5 WHERE id=2615045
	Index Scan using sbtest5_pkey on sbtest5  (cost=0.43..8.45 rows=1 width=121)
	  Index Cond: (id = 2615045)

table 6 : explain SELECT c FROM sbtest6 WHERE id=7549895
	Index Scan using sbtest6_pkey on sbtest6  (cost=0.43..8.45 rows=1 width=121)
	  Index Cond: (id = 7549895)

table 7 : explain SELECT c FROM sbtest7 WHERE id=8304447
	Index Scan using sbtest7_pkey on sbtest7  (cost=0.43..8.45 rows=1 width=121)
	  Index Cond: (id = 8304447)

table 8 : explain SELECT c FROM sbtest8 WHERE id=5576426
	Index Scan using sbtest8_pkey on sbtest8  (cost=0.43..8.45 rows=1 width=121)
	  Index Cond: (id = 5576426)

for: sum_ranges
table 1 : explain SELECT SUM(k) FROM sbtest1 WHERE id BETWEEN 8659889 AND 8659898
	Aggregate  (cost=39.90..39.91 rows=1 width=8)
	  ->  Index Scan using sbtest1_pkey on sbtest1  (cost=0.43..39.87 rows=9 width=4)
	        Index Cond: ((id >= 8659889) AND (id <= 8659898))

table 2 : explain SELECT SUM(k) FROM sbtest2 WHERE id BETWEEN 3040396 AND 3040405
	Aggregate  (cost=43.90..43.91 rows=1 width=8)
	  ->  Index Scan using sbtest2_pkey on sbtest2  (cost=0.43..43.88 rows=10 width=4)
	        Index Cond: ((id >= 3040396) AND (id <= 3040405))

table 3 : explain SELECT SUM(k) FROM sbtest3 WHERE id BETWEEN 7099689 AND 7099698
	Aggregate  (cost=43.84..43.85 rows=1 width=8)
	  ->  Index Scan using sbtest3_pkey on sbtest3  (cost=0.43..43.81 rows=10 width=4)
	        Index Cond: ((id >= 7099689) AND (id <= 7099698))

table 4 : explain SELECT SUM(k) FROM sbtest4 WHERE id BETWEEN 2957048 AND 2957057
	Aggregate  (cost=40.06..40.07 rows=1 width=8)
	  ->  Index Scan using sbtest4_pkey on sbtest4  (cost=0.43..40.03 rows=9 width=4)
	        Index Cond: ((id >= 2957048) AND (id <= 2957057))

table 5 : explain SELECT SUM(k) FROM sbtest5 WHERE id BETWEEN 7618666 AND 7618675
	Aggregate  (cost=43.87..43.88 rows=1 width=8)
	  ->  Index Scan using sbtest5_pkey on sbtest5  (cost=0.43..43.85 rows=10 width=4)
	        Index Cond: ((id >= 7618666) AND (id <= 7618675))

table 6 : explain SELECT SUM(k) FROM sbtest6 WHERE id BETWEEN 7628219 AND 7628228
	Aggregate  (cost=47.76..47.77 rows=1 width=8)
	  ->  Index Scan using sbtest6_pkey on sbtest6  (cost=0.43..47.73 rows=11 width=4)
	        Index Cond: ((id >= 7628219) AND (id <= 7628228))

table 7 : explain SELECT SUM(k) FROM sbtest7 WHERE id BETWEEN 8299779 AND 8299788
	Aggregate  (cost=43.82..43.83 rows=1 width=8)
	  ->  Index Scan using sbtest7_pkey on sbtest7  (cost=0.43..43.79 rows=10 width=4)
	        Index Cond: ((id >= 8299779) AND (id <= 8299788))

table 8 : explain SELECT SUM(k) FROM sbtest8 WHERE id BETWEEN 425707 AND 425716
	Aggregate  (cost=43.81..43.82 rows=1 width=8)
	  ->  Index Scan using sbtest8_pkey on sbtest8  (cost=0.43..43.79 rows=10 width=4)
	        Index Cond: ((id >= 425707) AND (id <= 425716))

for point_selects
table 1 : explain SELECT c FROM sbtest1 WHERE id=3903155
	Index Scan using sbtest1_pkey on sbtest1  (cost=0.43..8.45 rows=1 width=121)
	  Index Cond: (id = 3903155)

table 2 : explain SELECT c FROM sbtest2 WHERE id=2906828
	Index Scan using sbtest2_pkey on sbtest2  (cost=0.43..8.45 rows=1 width=121)
	  Index Cond: (id = 2906828)

table 3 : explain SELECT c FROM sbtest3 WHERE id=9308968
	Index Scan using sbtest3_pkey on sbtest3  (cost=0.43..8.45 rows=1 width=121)
	  Index Cond: (id = 9308968)

table 4 : explain SELECT c FROM sbtest4 WHERE id=912266
	Index Scan using sbtest4_pkey on sbtest4  (cost=0.43..8.45 rows=1 width=121)
	  Index Cond: (id = 912266)

table 5 : explain SELECT c FROM sbtest5 WHERE id=1344796
	Index Scan using sbtest5_pkey on sbtest5  (cost=0.43..8.45 rows=1 width=121)
	  Index Cond: (id = 1344796)

table 6 : explain SELECT c FROM sbtest6 WHERE id=3399447
	Index Scan using sbtest6_pkey on sbtest6  (cost=0.43..8.45 rows=1 width=121)
	  Index Cond: (id = 3399447)

table 7 : explain SELECT c FROM sbtest7 WHERE id=4543616
	Index Scan using sbtest7_pkey on sbtest7  (cost=0.43..8.45 rows=1 width=121)
	  Index Cond: (id = 4543616)

table 8 : explain SELECT c FROM sbtest8 WHERE id=5723704
	Index Scan using sbtest8_pkey on sbtest8  (cost=0.43..8.45 rows=1 width=121)
	  Index Cond: (id = 5723704)

for point_selects
table 1 : explain SELECT c FROM sbtest1 WHERE id=7189780
	Index Scan using sbtest1_pkey on sbtest1  (cost=0.43..8.45 rows=1 width=121)
	  Index Cond: (id = 7189780)

table 2 : explain SELECT c FROM sbtest2 WHERE id=1968362
	Index Scan using sbtest2_pkey on sbtest2  (cost=0.43..8.45 rows=1 width=121)
	  Index Cond: (id = 1968362)

table 3 : explain SELECT c FROM sbtest3 WHERE id=534618
	Index Scan using sbtest3_pkey on sbtest3  (cost=0.43..8.45 rows=1 width=121)
	  Index Cond: (id = 534618)

table 4 : explain SELECT c FROM sbtest4 WHERE id=5272301
	Index Scan using sbtest4_pkey on sbtest4  (cost=0.43..8.45 rows=1 width=121)
	  Index Cond: (id = 5272301)

table 5 : explain SELECT c FROM sbtest5 WHERE id=5951619
	Index Scan using sbtest5_pkey on sbtest5  (cost=0.43..8.45 rows=1 width=121)
	  Index Cond: (id = 5951619)

table 6 : explain SELECT c FROM sbtest6 WHERE id=384417
	Index Scan using sbtest6_pkey on sbtest6  (cost=0.43..8.45 rows=1 width=121)
	  Index Cond: (id = 384417)

table 7 : explain SELECT c FROM sbtest7 WHERE id=9077534
	Index Scan using sbtest7_pkey on sbtest7  (cost=0.43..8.45 rows=1 width=121)
	  Index Cond: (id = 9077534)

table 8 : explain SELECT c FROM sbtest8 WHERE id=4188519
	Index Scan using sbtest8_pkey on sbtest8  (cost=0.43..8.45 rows=1 width=121)
	  Index Cond: (id = 4188519)

for: simple_ranges
table 1 : explain SELECT c FROM sbtest1 WHERE id BETWEEN 3611392 AND 3611401
	Index Scan using sbtest1_pkey on sbtest1  (cost=0.43..39.87 rows=9 width=121)
	  Index Cond: ((id >= 3611392) AND (id <= 3611401))

table 2 : explain SELECT c FROM sbtest2 WHERE id BETWEEN 8683027 AND 8683036
	Index Scan using sbtest2_pkey on sbtest2  (cost=0.43..39.94 rows=9 width=121)
	  Index Cond: ((id >= 8683027) AND (id <= 8683036))

table 3 : explain SELECT c FROM sbtest3 WHERE id BETWEEN 5176351 AND 5176360
	Index Scan using sbtest3_pkey on sbtest3  (cost=0.43..47.74 rows=11 width=121)
	  Index Cond: ((id >= 5176351) AND (id <= 5176360))

table 4 : explain SELECT c FROM sbtest4 WHERE id BETWEEN 4749444 AND 4749453
	Index Scan using sbtest4_pkey on sbtest4  (cost=0.43..43.98 rows=10 width=121)
	  Index Cond: ((id >= 4749444) AND (id <= 4749453))

table 5 : explain SELECT c FROM sbtest5 WHERE id BETWEEN 8281231 AND 8281240
	Index Scan using sbtest5_pkey on sbtest5  (cost=0.43..39.91 rows=9 width=121)
	  Index Cond: ((id >= 8281231) AND (id <= 8281240))

table 6 : explain SELECT c FROM sbtest6 WHERE id BETWEEN 9286503 AND 9286512
	Index Scan using sbtest6_pkey on sbtest6  (cost=0.43..47.73 rows=11 width=121)
	  Index Cond: ((id >= 9286503) AND (id <= 9286512))

table 7 : explain SELECT c FROM sbtest7 WHERE id BETWEEN 9728798 AND 9728807
	Index Scan using sbtest7_pkey on sbtest7  (cost=0.43..43.79 rows=10 width=121)
	  Index Cond: ((id >= 9728798) AND (id <= 9728807))

table 8 : explain SELECT c FROM sbtest8 WHERE id BETWEEN 6362170 AND 6362179
	Index Scan using sbtest8_pkey on sbtest8  (cost=0.43..47.71 rows=11 width=121)
	  Index Cond: ((id >= 6362170) AND (id <= 6362179))

for: sum_ranges
table 1 : explain SELECT SUM(k) FROM sbtest1 WHERE id BETWEEN 631804 AND 631813
	Aggregate  (cost=43.83..43.84 rows=1 width=8)
	  ->  Index Scan using sbtest1_pkey on sbtest1  (cost=0.43..43.80 rows=10 width=4)
	        Index Cond: ((id >= 631804) AND (id <= 631813))

table 2 : explain SELECT SUM(k) FROM sbtest2 WHERE id BETWEEN 9215084 AND 9215093
	Aggregate  (cost=47.84..47.85 rows=1 width=8)
	  ->  Index Scan using sbtest2_pkey on sbtest2  (cost=0.43..47.81 rows=11 width=4)
	        Index Cond: ((id >= 9215084) AND (id <= 9215093))

table 3 : explain SELECT SUM(k) FROM sbtest3 WHERE id BETWEEN 5941 AND 5950
	Aggregate  (cost=47.77..47.78 rows=1 width=8)
	  ->  Index Scan using sbtest3_pkey on sbtest3  (cost=0.43..47.74 rows=11 width=4)
	        Index Cond: ((id >= 5941) AND (id <= 5950))

table 4 : explain SELECT SUM(k) FROM sbtest4 WHERE id BETWEEN 1608005 AND 1608014
	Aggregate  (cost=47.96..47.97 rows=1 width=8)
	  ->  Index Scan using sbtest4_pkey on sbtest4  (cost=0.43..47.93 rows=11 width=4)
	        Index Cond: ((id >= 1608005) AND (id <= 1608014))

table 5 : explain SELECT SUM(k) FROM sbtest5 WHERE id BETWEEN 2563750 AND 2563759
	Aggregate  (cost=43.87..43.88 rows=1 width=8)
	  ->  Index Scan using sbtest5_pkey on sbtest5  (cost=0.43..43.85 rows=10 width=4)
	        Index Cond: ((id >= 2563750) AND (id <= 2563759))

table 6 : explain SELECT SUM(k) FROM sbtest6 WHERE id BETWEEN 3191918 AND 3191927
	Aggregate  (cost=47.76..47.77 rows=1 width=8)
	  ->  Index Scan using sbtest6_pkey on sbtest6  (cost=0.43..47.73 rows=11 width=4)
	        Index Cond: ((id >= 3191918) AND (id <= 3191927))

table 7 : explain SELECT SUM(k) FROM sbtest7 WHERE id BETWEEN 3282421 AND 3282430
	Aggregate  (cost=43.82..43.83 rows=1 width=8)
	  ->  Index Scan using sbtest7_pkey on sbtest7  (cost=0.43..43.79 rows=10 width=4)
	        Index Cond: ((id >= 3282421) AND (id <= 3282430))

table 8 : explain SELECT SUM(k) FROM sbtest8 WHERE id BETWEEN 7186147 AND 7186156
	Aggregate  (cost=51.67..51.68 rows=1 width=8)
	  ->  Index Scan using sbtest8_pkey on sbtest8  (cost=0.43..51.64 rows=12 width=4)
	        Index Cond: ((id >= 7186147) AND (id <= 7186156))

for point_selects
table 1 : explain SELECT c FROM sbtest1 WHERE id=5693829
	Index Scan using sbtest1_pkey on sbtest1  (cost=0.43..8.45 rows=1 width=121)
	  Index Cond: (id = 5693829)

table 2 : explain SELECT c FROM sbtest2 WHERE id=661507
	Index Scan using sbtest2_pkey on sbtest2  (cost=0.43..8.45 rows=1 width=121)
	  Index Cond: (id = 661507)

table 3 : explain SELECT c FROM sbtest3 WHERE id=2252818
	Index Scan using sbtest3_pkey on sbtest3  (cost=0.43..8.45 rows=1 width=121)
	  Index Cond: (id = 2252818)

table 4 : explain SELECT c FROM sbtest4 WHERE id=6185227
	Index Scan using sbtest4_pkey on sbtest4  (cost=0.43..8.45 rows=1 width=121)
	  Index Cond: (id = 6185227)

table 5 : explain SELECT c FROM sbtest5 WHERE id=1362647
	Index Scan using sbtest5_pkey on sbtest5  (cost=0.43..8.45 rows=1 width=121)
	  Index Cond: (id = 1362647)

table 6 : explain SELECT c FROM sbtest6 WHERE id=3874192
	Index Scan using sbtest6_pkey on sbtest6  (cost=0.43..8.45 rows=1 width=121)
	  Index Cond: (id = 3874192)

table 7 : explain SELECT c FROM sbtest7 WHERE id=699193
	Index Scan using sbtest7_pkey on sbtest7  (cost=0.43..8.45 rows=1 width=121)
	  Index Cond: (id = 699193)

table 8 : explain SELECT c FROM sbtest8 WHERE id=3813560
	Index Scan using sbtest8_pkey on sbtest8  (cost=0.43..8.45 rows=1 width=121)
	  Index Cond: (id = 3813560)

for: sum_ranges
table 1 : explain SELECT SUM(k) FROM sbtest1 WHERE id BETWEEN 8287848 AND 8287857
	Aggregate  (cost=43.83..43.84 rows=1 width=8)
	  ->  Index Scan using sbtest1_pkey on sbtest1  (cost=0.43..43.80 rows=10 width=4)
	        Index Cond: ((id >= 8287848) AND (id <= 8287857))

table 2 : explain SELECT SUM(k) FROM sbtest2 WHERE id BETWEEN 8461148 AND 8461157
	Aggregate  (cost=47.84..47.85 rows=1 width=8)
	  ->  Index Scan using sbtest2_pkey on sbtest2  (cost=0.43..47.81 rows=11 width=4)
	        Index Cond: ((id >= 8461148) AND (id <= 8461157))

table 3 : explain SELECT SUM(k) FROM sbtest3 WHERE id BETWEEN 5684562 AND 5684571
	Aggregate  (cost=43.84..43.85 rows=1 width=8)
	  ->  Index Scan using sbtest3_pkey on sbtest3  (cost=0.43..43.81 rows=10 width=4)
	        Index Cond: ((id >= 5684562) AND (id <= 5684571))

table 4 : explain SELECT SUM(k) FROM sbtest4 WHERE id BETWEEN 5691707 AND 5691716
	Aggregate  (cost=40.06..40.07 rows=1 width=8)
	  ->  Index Scan using sbtest4_pkey on sbtest4  (cost=0.43..40.03 rows=9 width=4)
	        Index Cond: ((id >= 5691707) AND (id <= 5691716))

table 5 : explain SELECT SUM(k) FROM sbtest5 WHERE id BETWEEN 7414559 AND 7414568
	Aggregate  (cost=43.87..43.88 rows=1 width=8)
	  ->  Index Scan using sbtest5_pkey on sbtest5  (cost=0.43..43.85 rows=10 width=4)
	        Index Cond: ((id >= 7414559) AND (id <= 7414568))

table 6 : explain SELECT SUM(k) FROM sbtest6 WHERE id BETWEEN 3393446 AND 3393455
	Aggregate  (cost=39.90..39.91 rows=1 width=8)
	  ->  Index Scan using sbtest6_pkey on sbtest6  (cost=0.43..39.88 rows=9 width=4)
	        Index Cond: ((id >= 3393446) AND (id <= 3393455))

table 7 : explain SELECT SUM(k) FROM sbtest7 WHERE id BETWEEN 4519408 AND 4519417
	Aggregate  (cost=43.82..43.83 rows=1 width=8)
	  ->  Index Scan using sbtest7_pkey on sbtest7  (cost=0.43..43.79 rows=10 width=4)
	        Index Cond: ((id >= 4519408) AND (id <= 4519417))

table 8 : explain SELECT SUM(k) FROM sbtest8 WHERE id BETWEEN 7808360 AND 7808369
	Aggregate  (cost=47.74..47.75 rows=1 width=8)
	  ->  Index Scan using sbtest8_pkey on sbtest8  (cost=0.43..47.71 rows=11 width=4)
	        Index Cond: ((id >= 7808360) AND (id <= 7808369))

for: sum_ranges
table 1 : explain SELECT SUM(k) FROM sbtest1 WHERE id BETWEEN 6714698 AND 6714707
	Aggregate  (cost=43.83..43.84 rows=1 width=8)
	  ->  Index Scan using sbtest1_pkey on sbtest1  (cost=0.43..43.80 rows=10 width=4)
	        Index Cond: ((id >= 6714698) AND (id <= 6714707))

table 2 : explain SELECT SUM(k) FROM sbtest2 WHERE id BETWEEN 2799720 AND 2799729
	Aggregate  (cost=47.84..47.85 rows=1 width=8)
	  ->  Index Scan using sbtest2_pkey on sbtest2  (cost=0.43..47.81 rows=11 width=4)
	        Index Cond: ((id >= 2799720) AND (id <= 2799729))

table 3 : explain SELECT SUM(k) FROM sbtest3 WHERE id BETWEEN 7512669 AND 7512678
	Aggregate  (cost=39.90..39.91 rows=1 width=8)
	  ->  Index Scan using sbtest3_pkey on sbtest3  (cost=0.43..39.88 rows=9 width=4)
	        Index Cond: ((id >= 7512669) AND (id <= 7512678))

table 4 : explain SELECT SUM(k) FROM sbtest4 WHERE id BETWEEN 4262942 AND 4262951
	Aggregate  (cost=47.96..47.97 rows=1 width=8)
	  ->  Index Scan using sbtest4_pkey on sbtest4  (cost=0.43..47.93 rows=11 width=4)
	        Index Cond: ((id >= 4262942) AND (id <= 4262951))

table 5 : explain SELECT SUM(k) FROM sbtest5 WHERE id BETWEEN 6531225 AND 6531234
	Aggregate  (cost=43.87..43.88 rows=1 width=8)
	  ->  Index Scan using sbtest5_pkey on sbtest5  (cost=0.43..43.85 rows=10 width=4)
	        Index Cond: ((id >= 6531225) AND (id <= 6531234))

table 6 : explain SELECT SUM(k) FROM sbtest6 WHERE id BETWEEN 4146037 AND 4146046
	Aggregate  (cost=39.90..39.91 rows=1 width=8)
	  ->  Index Scan using sbtest6_pkey on sbtest6  (cost=0.43..39.88 rows=9 width=4)
	        Index Cond: ((id >= 4146037) AND (id <= 4146046))

table 7 : explain SELECT SUM(k) FROM sbtest7 WHERE id BETWEEN 6013531 AND 6013540
	Aggregate  (cost=43.82..43.83 rows=1 width=8)
	  ->  Index Scan using sbtest7_pkey on sbtest7  (cost=0.43..43.79 rows=10 width=4)
	        Index Cond: ((id >= 6013531) AND (id <= 6013540))

table 8 : explain SELECT SUM(k) FROM sbtest8 WHERE id BETWEEN 2949623 AND 2949632
	Aggregate  (cost=43.81..43.82 rows=1 width=8)
	  ->  Index Scan using sbtest8_pkey on sbtest8  (cost=0.43..43.79 rows=10 width=4)
	        Index Cond: ((id >= 2949623) AND (id <= 2949632))

for: sum_ranges
table 1 : explain SELECT SUM(k) FROM sbtest1 WHERE id BETWEEN 8595033 AND 8595042
	Aggregate  (cost=39.90..39.91 rows=1 width=8)
	  ->  Index Scan using sbtest1_pkey on sbtest1  (cost=0.43..39.87 rows=9 width=4)
	        Index Cond: ((id >= 8595033) AND (id <= 8595042))

table 2 : explain SELECT SUM(k) FROM sbtest2 WHERE id BETWEEN 1372188 AND 1372197
	Aggregate  (cost=43.90..43.91 rows=1 width=8)
	  ->  Index Scan using sbtest2_pkey on sbtest2  (cost=0.43..43.88 rows=10 width=4)
	        Index Cond: ((id >= 1372188) AND (id <= 1372197))

table 3 : explain SELECT SUM(k) FROM sbtest3 WHERE id BETWEEN 2069522 AND 2069531
	Aggregate  (cost=43.84..43.85 rows=1 width=8)
	  ->  Index Scan using sbtest3_pkey on sbtest3  (cost=0.43..43.81 rows=10 width=4)
	        Index Cond: ((id >= 2069522) AND (id <= 2069531))

table 4 : explain SELECT SUM(k) FROM sbtest4 WHERE id BETWEEN 9160658 AND 9160667
	Aggregate  (cost=40.06..40.07 rows=1 width=8)
	  ->  Index Scan using sbtest4_pkey on sbtest4  (cost=0.43..40.03 rows=9 width=4)
	        Index Cond: ((id >= 9160658) AND (id <= 9160667))

table 5 : explain SELECT SUM(k) FROM sbtest5 WHERE id BETWEEN 7572954 AND 7572963
	Aggregate  (cost=47.81..47.82 rows=1 width=8)
	  ->  Index Scan using sbtest5_pkey on sbtest5  (cost=0.43..47.78 rows=11 width=4)
	        Index Cond: ((id >= 7572954) AND (id <= 7572963))

table 6 : explain SELECT SUM(k) FROM sbtest6 WHERE id BETWEEN 3103561 AND 3103570
	Aggregate  (cost=43.83..43.84 rows=1 width=8)
	  ->  Index Scan using sbtest6_pkey on sbtest6  (cost=0.43..43.80 rows=10 width=4)
	        Index Cond: ((id >= 3103561) AND (id <= 3103570))

table 7 : explain SELECT SUM(k) FROM sbtest7 WHERE id BETWEEN 6563570 AND 6563579
	Aggregate  (cost=47.75..47.76 rows=1 width=8)
	  ->  Index Scan using sbtest7_pkey on sbtest7  (cost=0.43..47.72 rows=11 width=4)
	        Index Cond: ((id >= 6563570) AND (id <= 6563579))

table 8 : explain SELECT SUM(k) FROM sbtest8 WHERE id BETWEEN 8028753 AND 8028762
	Aggregate  (cost=43.81..43.82 rows=1 width=8)
	  ->  Index Scan using sbtest8_pkey on sbtest8  (cost=0.43..43.79 rows=10 width=4)
	        Index Cond: ((id >= 8028753) AND (id <= 8028762))

for: sum_ranges
table 1 : explain SELECT SUM(k) FROM sbtest1 WHERE id BETWEEN 4071912 AND 4071921
	Aggregate  (cost=43.83..43.84 rows=1 width=8)
	  ->  Index Scan using sbtest1_pkey on sbtest1  (cost=0.43..43.80 rows=10 width=4)
	        Index Cond: ((id >= 4071912) AND (id <= 4071921))

table 2 : explain SELECT SUM(k) FROM sbtest2 WHERE id BETWEEN 1346973 AND 1346982
	Aggregate  (cost=43.90..43.91 rows=1 width=8)
	  ->  Index Scan using sbtest2_pkey on sbtest2  (cost=0.43..43.88 rows=10 width=4)
	        Index Cond: ((id >= 1346973) AND (id <= 1346982))

table 3 : explain SELECT SUM(k) FROM sbtest3 WHERE id BETWEEN 6430711 AND 6430720
	Aggregate  (cost=43.84..43.85 rows=1 width=8)
	  ->  Index Scan using sbtest3_pkey on sbtest3  (cost=0.43..43.81 rows=10 width=4)
	        Index Cond: ((id >= 6430711) AND (id <= 6430720))

table 4 : explain SELECT SUM(k) FROM sbtest4 WHERE id BETWEEN 6324996 AND 6325005
	Aggregate  (cost=47.96..47.97 rows=1 width=8)
	  ->  Index Scan using sbtest4_pkey on sbtest4  (cost=0.43..47.93 rows=11 width=4)
	        Index Cond: ((id >= 6324996) AND (id <= 6325005))

table 5 : explain SELECT SUM(k) FROM sbtest5 WHERE id BETWEEN 3576297 AND 3576306
	Aggregate  (cost=39.94..39.95 rows=1 width=8)
	  ->  Index Scan using sbtest5_pkey on sbtest5  (cost=0.43..39.91 rows=9 width=4)
	        Index Cond: ((id >= 3576297) AND (id <= 3576306))

table 6 : explain SELECT SUM(k) FROM sbtest6 WHERE id BETWEEN 6005767 AND 6005776
	Aggregate  (cost=39.90..39.91 rows=1 width=8)
	  ->  Index Scan using sbtest6_pkey on sbtest6  (cost=0.43..39.88 rows=9 width=4)
	        Index Cond: ((id >= 6005767) AND (id <= 6005776))

table 7 : explain SELECT SUM(k) FROM sbtest7 WHERE id BETWEEN 9711091 AND 9711100
	Aggregate  (cost=43.82..43.83 rows=1 width=8)
	  ->  Index Scan using sbtest7_pkey on sbtest7  (cost=0.43..43.79 rows=10 width=4)
	        Index Cond: ((id >= 9711091) AND (id <= 9711100))

table 8 : explain SELECT SUM(k) FROM sbtest8 WHERE id BETWEEN 7703089 AND 7703098
	Aggregate  (cost=47.74..47.75 rows=1 width=8)
	  ->  Index Scan using sbtest8_pkey on sbtest8  (cost=0.43..47.71 rows=11 width=4)
	        Index Cond: ((id >= 7703089) AND (id <= 7703098))

for: simple_ranges
table 1 : explain SELECT c FROM sbtest1 WHERE id BETWEEN 6647130 AND 6647139
	Index Scan using sbtest1_pkey on sbtest1  (cost=0.43..43.80 rows=10 width=121)
	  Index Cond: ((id >= 6647130) AND (id <= 6647139))

table 2 : explain SELECT c FROM sbtest2 WHERE id BETWEEN 7039688 AND 7039697
	Index Scan using sbtest2_pkey on sbtest2  (cost=0.43..43.88 rows=10 width=121)
	  Index Cond: ((id >= 7039688) AND (id <= 7039697))

table 3 : explain SELECT c FROM sbtest3 WHERE id BETWEEN 2403002 AND 2403011
	Index Scan using sbtest3_pkey on sbtest3  (cost=0.43..47.74 rows=11 width=121)
	  Index Cond: ((id >= 2403002) AND (id <= 2403011))

table 4 : explain SELECT c FROM sbtest4 WHERE id BETWEEN 627158 AND 627167
	Index Scan using sbtest4_pkey on sbtest4  (cost=0.43..43.98 rows=10 width=121)
	  Index Cond: ((id >= 627158) AND (id <= 627167))

table 5 : explain SELECT c FROM sbtest5 WHERE id BETWEEN 5467171 AND 5467180
	Index Scan using sbtest5_pkey on sbtest5  (cost=0.43..43.85 rows=10 width=121)
	  Index Cond: ((id >= 5467171) AND (id <= 5467180))

table 6 : explain SELECT c FROM sbtest6 WHERE id BETWEEN 6270101 AND 6270110
	Index Scan using sbtest6_pkey on sbtest6  (cost=0.43..43.80 rows=10 width=121)
	  Index Cond: ((id >= 6270101) AND (id <= 6270110))

table 7 : explain SELECT c FROM sbtest7 WHERE id BETWEEN 5905464 AND 5905473
	Index Scan using sbtest7_pkey on sbtest7  (cost=0.43..43.79 rows=10 width=121)
	  Index Cond: ((id >= 5905464) AND (id <= 5905473))

table 8 : explain SELECT c FROM sbtest8 WHERE id BETWEEN 6968669 AND 6968678
	Index Scan using sbtest8_pkey on sbtest8  (cost=0.43..39.86 rows=9 width=121)
	  Index Cond: ((id >= 6968669) AND (id <= 6968678))

for: sum_ranges
table 1 : explain SELECT SUM(k) FROM sbtest1 WHERE id BETWEEN 3694153 AND 3694162
	Aggregate  (cost=43.83..43.84 rows=1 width=8)
	  ->  Index Scan using sbtest1_pkey on sbtest1  (cost=0.43..43.80 rows=10 width=4)
	        Index Cond: ((id >= 3694153) AND (id <= 3694162))

table 2 : explain SELECT SUM(k) FROM sbtest2 WHERE id BETWEEN 9009004 AND 9009013
	Aggregate  (cost=43.90..43.91 rows=1 width=8)
	  ->  Index Scan using sbtest2_pkey on sbtest2  (cost=0.43..43.88 rows=10 width=4)
	        Index Cond: ((id >= 9009004) AND (id <= 9009013))

table 3 : explain SELECT SUM(k) FROM sbtest3 WHERE id BETWEEN 968183 AND 968192
	Aggregate  (cost=39.90..39.91 rows=1 width=8)
	  ->  Index Scan using sbtest3_pkey on sbtest3  (cost=0.43..39.88 rows=9 width=4)
	        Index Cond: ((id >= 968183) AND (id <= 968192))

table 4 : explain SELECT SUM(k) FROM sbtest4 WHERE id BETWEEN 1546057 AND 1546066
	Aggregate  (cost=44.01..44.02 rows=1 width=8)
	  ->  Index Scan using sbtest4_pkey on sbtest4  (cost=0.43..43.98 rows=10 width=4)
	        Index Cond: ((id >= 1546057) AND (id <= 1546066))

table 5 : explain SELECT SUM(k) FROM sbtest5 WHERE id BETWEEN 41437 AND 41446
	Aggregate  (cost=43.87..43.88 rows=1 width=8)
	  ->  Index Scan using sbtest5_pkey on sbtest5  (cost=0.43..43.85 rows=10 width=4)
	        Index Cond: ((id >= 41437) AND (id <= 41446))

table 6 : explain SELECT SUM(k) FROM sbtest6 WHERE id BETWEEN 512955 AND 512964
	Aggregate  (cost=47.76..47.77 rows=1 width=8)
	  ->  Index Scan using sbtest6_pkey on sbtest6  (cost=0.43..47.73 rows=11 width=4)
	        Index Cond: ((id >= 512955) AND (id <= 512964))

table 7 : explain SELECT SUM(k) FROM sbtest7 WHERE id BETWEEN 7119994 AND 7120003
	Aggregate  (cost=39.89..39.90 rows=1 width=8)
	  ->  Index Scan using sbtest7_pkey on sbtest7  (cost=0.43..39.87 rows=9 width=4)
	        Index Cond: ((id >= 7119994) AND (id <= 7120003))

table 8 : explain SELECT SUM(k) FROM sbtest8 WHERE id BETWEEN 9341065 AND 9341074
	Aggregate  (cost=43.81..43.82 rows=1 width=8)
	  ->  Index Scan using sbtest8_pkey on sbtest8  (cost=0.43..43.79 rows=10 width=4)
	        Index Cond: ((id >= 9341065) AND (id <= 9341074))

for: sum_ranges
table 1 : explain SELECT SUM(k) FROM sbtest1 WHERE id BETWEEN 2301508 AND 2301517
	Aggregate  (cost=43.83..43.84 rows=1 width=8)
	  ->  Index Scan using sbtest1_pkey on sbtest1  (cost=0.43..43.80 rows=10 width=4)
	        Index Cond: ((id >= 2301508) AND (id <= 2301517))

table 2 : explain SELECT SUM(k) FROM sbtest2 WHERE id BETWEEN 3697358 AND 3697367
	Aggregate  (cost=47.84..47.85 rows=1 width=8)
	  ->  Index Scan using sbtest2_pkey on sbtest2  (cost=0.43..47.81 rows=11 width=4)
	        Index Cond: ((id >= 3697358) AND (id <= 3697367))

table 3 : explain SELECT SUM(k) FROM sbtest3 WHERE id BETWEEN 8991206 AND 8991215
	Aggregate  (cost=43.84..43.85 rows=1 width=8)
	  ->  Index Scan using sbtest3_pkey on sbtest3  (cost=0.43..43.81 rows=10 width=4)
	        Index Cond: ((id >= 8991206) AND (id <= 8991215))

table 4 : explain SELECT SUM(k) FROM sbtest4 WHERE id BETWEEN 2503109 AND 2503118
	Aggregate  (cost=40.06..40.07 rows=1 width=8)
	  ->  Index Scan using sbtest4_pkey on sbtest4  (cost=0.43..40.03 rows=9 width=4)
	        Index Cond: ((id >= 2503109) AND (id <= 2503118))

table 5 : explain SELECT SUM(k) FROM sbtest5 WHERE id BETWEEN 9637187 AND 9637196
	Aggregate  (cost=47.81..47.82 rows=1 width=8)
	  ->  Index Scan using sbtest5_pkey on sbtest5  (cost=0.43..47.78 rows=11 width=4)
	        Index Cond: ((id >= 9637187) AND (id <= 9637196))

table 6 : explain SELECT SUM(k) FROM sbtest6 WHERE id BETWEEN 5930885 AND 5930894
	Aggregate  (cost=39.90..39.91 rows=1 width=8)
	  ->  Index Scan using sbtest6_pkey on sbtest6  (cost=0.43..39.88 rows=9 width=4)
	        Index Cond: ((id >= 5930885) AND (id <= 5930894))

table 7 : explain SELECT SUM(k) FROM sbtest7 WHERE id BETWEEN 4404340 AND 4404349
	Aggregate  (cost=47.75..47.76 rows=1 width=8)
	  ->  Index Scan using sbtest7_pkey on sbtest7  (cost=0.43..47.72 rows=11 width=4)
	        Index Cond: ((id >= 4404340) AND (id <= 4404349))

table 8 : explain SELECT SUM(k) FROM sbtest8 WHERE id BETWEEN 6933102 AND 6933111
	Aggregate  (cost=39.88..39.89 rows=1 width=8)
	  ->  Index Scan using sbtest8_pkey on sbtest8  (cost=0.43..39.86 rows=9 width=4)
	        Index Cond: ((id >= 6933102) AND (id <= 6933111))

for: sum_ranges
table 1 : explain SELECT SUM(k) FROM sbtest1 WHERE id BETWEEN 6367312 AND 6367321
	Aggregate  (cost=47.76..47.77 rows=1 width=8)
	  ->  Index Scan using sbtest1_pkey on sbtest1  (cost=0.43..47.73 rows=11 width=4)
	        Index Cond: ((id >= 6367312) AND (id <= 6367321))

table 2 : explain SELECT SUM(k) FROM sbtest2 WHERE id BETWEEN 4302768 AND 4302777
	Aggregate  (cost=43.90..43.91 rows=1 width=8)
	  ->  Index Scan using sbtest2_pkey on sbtest2  (cost=0.43..43.88 rows=10 width=4)
	        Index Cond: ((id >= 4302768) AND (id <= 4302777))

table 3 : explain SELECT SUM(k) FROM sbtest3 WHERE id BETWEEN 2703550 AND 2703559
	Aggregate  (cost=43.84..43.85 rows=1 width=8)
	  ->  Index Scan using sbtest3_pkey on sbtest3  (cost=0.43..43.81 rows=10 width=4)
	        Index Cond: ((id >= 2703550) AND (id <= 2703559))

table 4 : explain SELECT SUM(k) FROM sbtest4 WHERE id BETWEEN 5713497 AND 5713506
	Aggregate  (cost=40.06..40.07 rows=1 width=8)
	  ->  Index Scan using sbtest4_pkey on sbtest4  (cost=0.43..40.03 rows=9 width=4)
	        Index Cond: ((id >= 5713497) AND (id <= 5713506))

table 5 : explain SELECT SUM(k) FROM sbtest5 WHERE id BETWEEN 3294038 AND 3294047
	Aggregate  (cost=39.94..39.95 rows=1 width=8)
	  ->  Index Scan using sbtest5_pkey on sbtest5  (cost=0.43..39.91 rows=9 width=4)
	        Index Cond: ((id >= 3294038) AND (id <= 3294047))

table 6 : explain SELECT SUM(k) FROM sbtest6 WHERE id BETWEEN 8960779 AND 8960788
	Aggregate  (cost=43.83..43.84 rows=1 width=8)
	  ->  Index Scan using sbtest6_pkey on sbtest6  (cost=0.43..43.80 rows=10 width=4)
	        Index Cond: ((id >= 8960779) AND (id <= 8960788))

table 7 : explain SELECT SUM(k) FROM sbtest7 WHERE id BETWEEN 9205216 AND 9205225
	Aggregate  (cost=39.89..39.90 rows=1 width=8)
	  ->  Index Scan using sbtest7_pkey on sbtest7  (cost=0.43..39.87 rows=9 width=4)
	        Index Cond: ((id >= 9205216) AND (id <= 9205225))

table 8 : explain SELECT SUM(k) FROM sbtest8 WHERE id BETWEEN 9477058 AND 9477067
	Aggregate  (cost=47.74..47.75 rows=1 width=8)
	  ->  Index Scan using sbtest8_pkey on sbtest8  (cost=0.43..47.71 rows=11 width=4)
	        Index Cond: ((id >= 9477058) AND (id <= 9477067))

for: simple_ranges
table 1 : explain SELECT c FROM sbtest1 WHERE id BETWEEN 4069794 AND 4069803
	Index Scan using sbtest1_pkey on sbtest1  (cost=0.43..43.80 rows=10 width=121)
	  Index Cond: ((id >= 4069794) AND (id <= 4069803))

table 2 : explain SELECT c FROM sbtest2 WHERE id BETWEEN 5927928 AND 5927937
	Index Scan using sbtest2_pkey on sbtest2  (cost=0.43..43.88 rows=10 width=121)
	  Index Cond: ((id >= 5927928) AND (id <= 5927937))

table 3 : explain SELECT c FROM sbtest3 WHERE id BETWEEN 7825112 AND 7825121
	Index Scan using sbtest3_pkey on sbtest3  (cost=0.43..47.74 rows=11 width=121)
	  Index Cond: ((id >= 7825112) AND (id <= 7825121))

table 4 : explain SELECT c FROM sbtest4 WHERE id BETWEEN 7340352 AND 7340361
	Index Scan using sbtest4_pkey on sbtest4  (cost=0.43..43.98 rows=10 width=121)
	  Index Cond: ((id >= 7340352) AND (id <= 7340361))

table 5 : explain SELECT c FROM sbtest5 WHERE id BETWEEN 4191297 AND 4191306
	Index Scan using sbtest5_pkey on sbtest5  (cost=0.43..43.85 rows=10 width=121)
	  Index Cond: ((id >= 4191297) AND (id <= 4191306))

table 6 : explain SELECT c FROM sbtest6 WHERE id BETWEEN 9726319 AND 9726328
	Index Scan using sbtest6_pkey on sbtest6  (cost=0.43..47.73 rows=11 width=121)
	  Index Cond: ((id >= 9726319) AND (id <= 9726328))

table 7 : explain SELECT c FROM sbtest7 WHERE id BETWEEN 9884630 AND 9884639
	Index Scan using sbtest7_pkey on sbtest7  (cost=0.43..39.87 rows=9 width=121)
	  Index Cond: ((id >= 9884630) AND (id <= 9884639))

table 8 : explain SELECT c FROM sbtest8 WHERE id BETWEEN 2451864 AND 2451873
	Index Scan using sbtest8_pkey on sbtest8  (cost=0.43..39.86 rows=9 width=121)
	  Index Cond: ((id >= 2451864) AND (id <= 2451873))

for: sum_ranges
table 1 : explain SELECT SUM(k) FROM sbtest1 WHERE id BETWEEN 3435376 AND 3435385
	Aggregate  (cost=47.76..47.77 rows=1 width=8)
	  ->  Index Scan using sbtest1_pkey on sbtest1  (cost=0.43..47.73 rows=11 width=4)
	        Index Cond: ((id >= 3435376) AND (id <= 3435385))

table 2 : explain SELECT SUM(k) FROM sbtest2 WHERE id BETWEEN 4916024 AND 4916033
	Aggregate  (cost=39.97..39.98 rows=1 width=8)
	  ->  Index Scan using sbtest2_pkey on sbtest2  (cost=0.43..39.94 rows=9 width=4)
	        Index Cond: ((id >= 4916024) AND (id <= 4916033))

table 3 : explain SELECT SUM(k) FROM sbtest3 WHERE id BETWEEN 3406992 AND 3407001
	Aggregate  (cost=43.84..43.85 rows=1 width=8)
	  ->  Index Scan using sbtest3_pkey on sbtest3  (cost=0.43..43.81 rows=10 width=4)
	        Index Cond: ((id >= 3406992) AND (id <= 3407001))

table 4 : explain SELECT SUM(k) FROM sbtest4 WHERE id BETWEEN 2515880 AND 2515889
	Aggregate  (cost=40.06..40.07 rows=1 width=8)
	  ->  Index Scan using sbtest4_pkey on sbtest4  (cost=0.43..40.03 rows=9 width=4)
	        Index Cond: ((id >= 2515880) AND (id <= 2515889))

table 5 : explain SELECT SUM(k) FROM sbtest5 WHERE id BETWEEN 8431539 AND 8431548
	Aggregate  (cost=43.87..43.88 rows=1 width=8)
	  ->  Index Scan using sbtest5_pkey on sbtest5  (cost=0.43..43.85 rows=10 width=4)
	        Index Cond: ((id >= 8431539) AND (id <= 8431548))

table 6 : explain SELECT SUM(k) FROM sbtest6 WHERE id BETWEEN 5807937 AND 5807946
	Aggregate  (cost=39.90..39.91 rows=1 width=8)
	  ->  Index Scan using sbtest6_pkey on sbtest6  (cost=0.43..39.88 rows=9 width=4)
	        Index Cond: ((id >= 5807937) AND (id <= 5807946))

table 7 : explain SELECT SUM(k) FROM sbtest7 WHERE id BETWEEN 6236225 AND 6236234
	Aggregate  (cost=39.89..39.90 rows=1 width=8)
	  ->  Index Scan using sbtest7_pkey on sbtest7  (cost=0.43..39.87 rows=9 width=4)
	        Index Cond: ((id >= 6236225) AND (id <= 6236234))

table 8 : explain SELECT SUM(k) FROM sbtest8 WHERE id BETWEEN 4505832 AND 4505841
	Aggregate  (cost=43.81..43.82 rows=1 width=8)
	  ->  Index Scan using sbtest8_pkey on sbtest8  (cost=0.43..43.79 rows=10 width=4)
	        Index Cond: ((id >= 4505832) AND (id <= 4505841))

for: simple_ranges
table 1 : explain SELECT c FROM sbtest1 WHERE id BETWEEN 5668489 AND 5668498
	Index Scan using sbtest1_pkey on sbtest1  (cost=0.43..47.73 rows=11 width=121)
	  Index Cond: ((id >= 5668489) AND (id <= 5668498))

table 2 : explain SELECT c FROM sbtest2 WHERE id BETWEEN 5970774 AND 5970783
	Index Scan using sbtest2_pkey on sbtest2  (cost=0.43..43.88 rows=10 width=121)
	  Index Cond: ((id >= 5970774) AND (id <= 5970783))

table 3 : explain SELECT c FROM sbtest3 WHERE id BETWEEN 7591691 AND 7591700
	Index Scan using sbtest3_pkey on sbtest3  (cost=0.43..39.88 rows=9 width=121)
	  Index Cond: ((id >= 7591691) AND (id <= 7591700))

table 4 : explain SELECT c FROM sbtest4 WHERE id BETWEEN 7699486 AND 7699495
	Index Scan using sbtest4_pkey on sbtest4  (cost=0.43..43.98 rows=10 width=121)
	  Index Cond: ((id >= 7699486) AND (id <= 7699495))

table 5 : explain SELECT c FROM sbtest5 WHERE id BETWEEN 6963465 AND 6963474
	Index Scan using sbtest5_pkey on sbtest5  (cost=0.43..47.78 rows=11 width=121)
	  Index Cond: ((id >= 6963465) AND (id <= 6963474))

table 6 : explain SELECT c FROM sbtest6 WHERE id BETWEEN 4795779 AND 4795788
	Index Scan using sbtest6_pkey on sbtest6  (cost=0.43..43.80 rows=10 width=121)
	  Index Cond: ((id >= 4795779) AND (id <= 4795788))

table 7 : explain SELECT c FROM sbtest7 WHERE id BETWEEN 9633441 AND 9633450
	Index Scan using sbtest7_pkey on sbtest7  (cost=0.43..43.79 rows=10 width=121)
	  Index Cond: ((id >= 9633441) AND (id <= 9633450))

table 8 : explain SELECT c FROM sbtest8 WHERE id BETWEEN 4745828 AND 4745837
	Index Scan using sbtest8_pkey on sbtest8  (cost=0.43..43.79 rows=10 width=121)
	  Index Cond: ((id >= 4745828) AND (id <= 4745837))

for: simple_ranges
table 1 : explain SELECT c FROM sbtest1 WHERE id BETWEEN 1306239 AND 1306248
	Index Scan using sbtest1_pkey on sbtest1  (cost=0.43..43.80 rows=10 width=121)
	  Index Cond: ((id >= 1306239) AND (id <= 1306248))

table 2 : explain SELECT c FROM sbtest2 WHERE id BETWEEN 9246723 AND 9246732
	Index Scan using sbtest2_pkey on sbtest2  (cost=0.43..47.81 rows=11 width=121)
	  Index Cond: ((id >= 9246723) AND (id <= 9246732))

table 3 : explain SELECT c FROM sbtest3 WHERE id BETWEEN 8802895 AND 8802904
	Index Scan using sbtest3_pkey on sbtest3  (cost=0.43..43.81 rows=10 width=121)
	  Index Cond: ((id >= 8802895) AND (id <= 8802904))

table 4 : explain SELECT c FROM sbtest4 WHERE id BETWEEN 6093021 AND 6093030
	Index Scan using sbtest4_pkey on sbtest4  (cost=0.43..43.98 rows=10 width=121)
	  Index Cond: ((id >= 6093021) AND (id <= 6093030))

table 5 : explain SELECT c FROM sbtest5 WHERE id BETWEEN 7174896 AND 7174905
	Index Scan using sbtest5_pkey on sbtest5  (cost=0.43..43.85 rows=10 width=121)
	  Index Cond: ((id >= 7174896) AND (id <= 7174905))

table 6 : explain SELECT c FROM sbtest6 WHERE id BETWEEN 8996507 AND 8996516
	Index Scan using sbtest6_pkey on sbtest6  (cost=0.43..43.80 rows=10 width=121)
	  Index Cond: ((id >= 8996507) AND (id <= 8996516))

table 7 : explain SELECT c FROM sbtest7 WHERE id BETWEEN 5780388 AND 5780397
	Index Scan using sbtest7_pkey on sbtest7  (cost=0.43..47.72 rows=11 width=121)
	  Index Cond: ((id >= 5780388) AND (id <= 5780397))

table 8 : explain SELECT c FROM sbtest8 WHERE id BETWEEN 7218998 AND 7219007
	Index Scan using sbtest8_pkey on sbtest8  (cost=0.43..47.71 rows=11 width=121)
	  Index Cond: ((id >= 7218998) AND (id <= 7219007))

for: sum_ranges
table 1 : explain SELECT SUM(k) FROM sbtest1 WHERE id BETWEEN 8113133 AND 8113142
	Aggregate  (cost=43.83..43.84 rows=1 width=8)
	  ->  Index Scan using sbtest1_pkey on sbtest1  (cost=0.43..43.80 rows=10 width=4)
	        Index Cond: ((id >= 8113133) AND (id <= 8113142))

table 2 : explain SELECT SUM(k) FROM sbtest2 WHERE id BETWEEN 8500041 AND 8500050
	Aggregate  (cost=39.97..39.98 rows=1 width=8)
	  ->  Index Scan using sbtest2_pkey on sbtest2  (cost=0.43..39.94 rows=9 width=4)
	        Index Cond: ((id >= 8500041) AND (id <= 8500050))

table 3 : explain SELECT SUM(k) FROM sbtest3 WHERE id BETWEEN 4244978 AND 4244987
	Aggregate  (cost=43.84..43.85 rows=1 width=8)
	  ->  Index Scan using sbtest3_pkey on sbtest3  (cost=0.43..43.81 rows=10 width=4)
	        Index Cond: ((id >= 4244978) AND (id <= 4244987))

table 4 : explain SELECT SUM(k) FROM sbtest4 WHERE id BETWEEN 528970 AND 528979
	Aggregate  (cost=44.01..44.02 rows=1 width=8)
	  ->  Index Scan using sbtest4_pkey on sbtest4  (cost=0.43..43.98 rows=10 width=4)
	        Index Cond: ((id >= 528970) AND (id <= 528979))

table 5 : explain SELECT SUM(k) FROM sbtest5 WHERE id BETWEEN 2026376 AND 2026385
	Aggregate  (cost=39.94..39.95 rows=1 width=8)
	  ->  Index Scan using sbtest5_pkey on sbtest5  (cost=0.43..39.91 rows=9 width=4)
	        Index Cond: ((id >= 2026376) AND (id <= 2026385))

table 6 : explain SELECT SUM(k) FROM sbtest6 WHERE id BETWEEN 4341213 AND 4341222
	Aggregate  (cost=43.83..43.84 rows=1 width=8)
	  ->  Index Scan using sbtest6_pkey on sbtest6  (cost=0.43..43.80 rows=10 width=4)
	        Index Cond: ((id >= 4341213) AND (id <= 4341222))

table 7 : explain SELECT SUM(k) FROM sbtest7 WHERE id BETWEEN 2315555 AND 2315564
	Aggregate  (cost=43.82..43.83 rows=1 width=8)
	  ->  Index Scan using sbtest7_pkey on sbtest7  (cost=0.43..43.79 rows=10 width=4)
	        Index Cond: ((id >= 2315555) AND (id <= 2315564))

table 8 : explain SELECT SUM(k) FROM sbtest8 WHERE id BETWEEN 7144585 AND 7144594
	Aggregate  (cost=51.67..51.68 rows=1 width=8)
	  ->  Index Scan using sbtest8_pkey on sbtest8  (cost=0.43..51.64 rows=12 width=4)
	        Index Cond: ((id >= 7144585) AND (id <= 7144594))

for: sum_ranges
table 1 : explain SELECT SUM(k) FROM sbtest1 WHERE id BETWEEN 5799800 AND 5799809
	Aggregate  (cost=39.90..39.91 rows=1 width=8)
	  ->  Index Scan using sbtest1_pkey on sbtest1  (cost=0.43..39.87 rows=9 width=4)
	        Index Cond: ((id >= 5799800) AND (id <= 5799809))

table 2 : explain SELECT SUM(k) FROM sbtest2 WHERE id BETWEEN 7500743 AND 7500752
	Aggregate  (cost=43.90..43.91 rows=1 width=8)
	  ->  Index Scan using sbtest2_pkey on sbtest2  (cost=0.43..43.88 rows=10 width=4)
	        Index Cond: ((id >= 7500743) AND (id <= 7500752))

table 3 : explain SELECT SUM(k) FROM sbtest3 WHERE id BETWEEN 7171430 AND 7171439
	Aggregate  (cost=43.84..43.85 rows=1 width=8)
	  ->  Index Scan using sbtest3_pkey on sbtest3  (cost=0.43..43.81 rows=10 width=4)
	        Index Cond: ((id >= 7171430) AND (id <= 7171439))

table 4 : explain SELECT SUM(k) FROM sbtest4 WHERE id BETWEEN 9332639 AND 9332648
	Aggregate  (cost=44.01..44.02 rows=1 width=8)
	  ->  Index Scan using sbtest4_pkey on sbtest4  (cost=0.43..43.98 rows=10 width=4)
	        Index Cond: ((id >= 9332639) AND (id <= 9332648))

table 5 : explain SELECT SUM(k) FROM sbtest5 WHERE id BETWEEN 8201435 AND 8201444
	Aggregate  (cost=39.94..39.95 rows=1 width=8)
	  ->  Index Scan using sbtest5_pkey on sbtest5  (cost=0.43..39.91 rows=9 width=4)
	        Index Cond: ((id >= 8201435) AND (id <= 8201444))

table 6 : explain SELECT SUM(k) FROM sbtest6 WHERE id BETWEEN 6054613 AND 6054622
	Aggregate  (cost=39.90..39.91 rows=1 width=8)
	  ->  Index Scan using sbtest6_pkey on sbtest6  (cost=0.43..39.88 rows=9 width=4)
	        Index Cond: ((id >= 6054613) AND (id <= 6054622))

table 7 : explain SELECT SUM(k) FROM sbtest7 WHERE id BETWEEN 3706719 AND 3706728
	Aggregate  (cost=43.82..43.83 rows=1 width=8)
	  ->  Index Scan using sbtest7_pkey on sbtest7  (cost=0.43..43.79 rows=10 width=4)
	        Index Cond: ((id >= 3706719) AND (id <= 3706728))

table 8 : explain SELECT SUM(k) FROM sbtest8 WHERE id BETWEEN 6130679 AND 6130688
	Aggregate  (cost=43.81..43.82 rows=1 width=8)
	  ->  Index Scan using sbtest8_pkey on sbtest8  (cost=0.43..43.79 rows=10 width=4)
	        Index Cond: ((id >= 6130679) AND (id <= 6130688))

for: sum_ranges
table 1 : explain SELECT SUM(k) FROM sbtest1 WHERE id BETWEEN 5076869 AND 5076878
	Aggregate  (cost=47.76..47.77 rows=1 width=8)
	  ->  Index Scan using sbtest1_pkey on sbtest1  (cost=0.43..47.73 rows=11 width=4)
	        Index Cond: ((id >= 5076869) AND (id <= 5076878))

table 2 : explain SELECT SUM(k) FROM sbtest2 WHERE id BETWEEN 5883180 AND 5883189
	Aggregate  (cost=43.90..43.91 rows=1 width=8)
	  ->  Index Scan using sbtest2_pkey on sbtest2  (cost=0.43..43.88 rows=10 width=4)
	        Index Cond: ((id >= 5883180) AND (id <= 5883189))

table 3 : explain SELECT SUM(k) FROM sbtest3 WHERE id BETWEEN 3693731 AND 3693740
	Aggregate  (cost=39.90..39.91 rows=1 width=8)
	  ->  Index Scan using sbtest3_pkey on sbtest3  (cost=0.43..39.88 rows=9 width=4)
	        Index Cond: ((id >= 3693731) AND (id <= 3693740))

table 4 : explain SELECT SUM(k) FROM sbtest4 WHERE id BETWEEN 9616427 AND 9616436
	Aggregate  (cost=40.06..40.07 rows=1 width=8)
	  ->  Index Scan using sbtest4_pkey on sbtest4  (cost=0.43..40.03 rows=9 width=4)
	        Index Cond: ((id >= 9616427) AND (id <= 9616436))

table 5 : explain SELECT SUM(k) FROM sbtest5 WHERE id BETWEEN 7430686 AND 7430695
	Aggregate  (cost=43.87..43.88 rows=1 width=8)
	  ->  Index Scan using sbtest5_pkey on sbtest5  (cost=0.43..43.85 rows=10 width=4)
	        Index Cond: ((id >= 7430686) AND (id <= 7430695))

table 6 : explain SELECT SUM(k) FROM sbtest6 WHERE id BETWEEN 6384309 AND 6384318
	Aggregate  (cost=43.83..43.84 rows=1 width=8)
	  ->  Index Scan using sbtest6_pkey on sbtest6  (cost=0.43..43.80 rows=10 width=4)
	        Index Cond: ((id >= 6384309) AND (id <= 6384318))

table 7 : explain SELECT SUM(k) FROM sbtest7 WHERE id BETWEEN 8996314 AND 8996323
	Aggregate  (cost=43.82..43.83 rows=1 width=8)
	  ->  Index Scan using sbtest7_pkey on sbtest7  (cost=0.43..43.79 rows=10 width=4)
	        Index Cond: ((id >= 8996314) AND (id <= 8996323))

table 8 : explain SELECT SUM(k) FROM sbtest8 WHERE id BETWEEN 2558483 AND 2558492
	Aggregate  (cost=47.74..47.75 rows=1 width=8)
	  ->  Index Scan using sbtest8_pkey on sbtest8  (cost=0.43..47.71 rows=11 width=4)
	        Index Cond: ((id >= 2558483) AND (id <= 2558492))

for point_selects
table 1 : explain SELECT c FROM sbtest1 WHERE id=5177398
	Index Scan using sbtest1_pkey on sbtest1  (cost=0.43..8.45 rows=1 width=121)
	  Index Cond: (id = 5177398)

table 2 : explain SELECT c FROM sbtest2 WHERE id=1596944
	Index Scan using sbtest2_pkey on sbtest2  (cost=0.43..8.45 rows=1 width=121)
	  Index Cond: (id = 1596944)

table 3 : explain SELECT c FROM sbtest3 WHERE id=5267650
	Index Scan using sbtest3_pkey on sbtest3  (cost=0.43..8.45 rows=1 width=121)
	  Index Cond: (id = 5267650)

table 4 : explain SELECT c FROM sbtest4 WHERE id=5416928
	Index Scan using sbtest4_pkey on sbtest4  (cost=0.43..8.45 rows=1 width=121)
	  Index Cond: (id = 5416928)

table 5 : explain SELECT c FROM sbtest5 WHERE id=6965523
	Index Scan using sbtest5_pkey on sbtest5  (cost=0.43..8.45 rows=1 width=121)
	  Index Cond: (id = 6965523)

table 6 : explain SELECT c FROM sbtest6 WHERE id=1548956
	Index Scan using sbtest6_pkey on sbtest6  (cost=0.43..8.45 rows=1 width=121)
	  Index Cond: (id = 1548956)

table 7 : explain SELECT c FROM sbtest7 WHERE id=7733002
	Index Scan using sbtest7_pkey on sbtest7  (cost=0.43..8.45 rows=1 width=121)
	  Index Cond: (id = 7733002)

table 8 : explain SELECT c FROM sbtest8 WHERE id=3945772
	Index Scan using sbtest8_pkey on sbtest8  (cost=0.43..8.45 rows=1 width=121)
	  Index Cond: (id = 3945772)

for: simple_ranges
table 1 : explain SELECT c FROM sbtest1 WHERE id BETWEEN 6150235 AND 6150244
	Index Scan using sbtest1_pkey on sbtest1  (cost=0.43..47.73 rows=11 width=121)
	  Index Cond: ((id >= 6150235) AND (id <= 6150244))

table 2 : explain SELECT c FROM sbtest2 WHERE id BETWEEN 2363408 AND 2363417
	Index Scan using sbtest2_pkey on sbtest2  (cost=0.43..47.81 rows=11 width=121)
	  Index Cond: ((id >= 2363408) AND (id <= 2363417))

table 3 : explain SELECT c FROM sbtest3 WHERE id BETWEEN 5580638 AND 5580647
	Index Scan using sbtest3_pkey on sbtest3  (cost=0.43..43.81 rows=10 width=121)
	  Index Cond: ((id >= 5580638) AND (id <= 5580647))

table 4 : explain SELECT c FROM sbtest4 WHERE id BETWEEN 9771378 AND 9771387
	Index Scan using sbtest4_pkey on sbtest4  (cost=0.43..40.03 rows=9 width=121)
	  Index Cond: ((id >= 9771378) AND (id <= 9771387))

table 5 : explain SELECT c FROM sbtest5 WHERE id BETWEEN 1083342 AND 1083351
	Index Scan using sbtest5_pkey on sbtest5  (cost=0.43..43.85 rows=10 width=121)
	  Index Cond: ((id >= 1083342) AND (id <= 1083351))

table 6 : explain SELECT c FROM sbtest6 WHERE id BETWEEN 835095 AND 835104
	Index Scan using sbtest6_pkey on sbtest6  (cost=0.43..43.80 rows=10 width=121)
	  Index Cond: ((id >= 835095) AND (id <= 835104))

table 7 : explain SELECT c FROM sbtest7 WHERE id BETWEEN 7947431 AND 7947440
	Index Scan using sbtest7_pkey on sbtest7  (cost=0.43..43.79 rows=10 width=121)
	  Index Cond: ((id >= 7947431) AND (id <= 7947440))

table 8 : explain SELECT c FROM sbtest8 WHERE id BETWEEN 1254069 AND 1254078
	Index Scan using sbtest8_pkey on sbtest8  (cost=0.43..43.79 rows=10 width=121)
	  Index Cond: ((id >= 1254069) AND (id <= 1254078))

for: sum_ranges
table 1 : explain SELECT SUM(k) FROM sbtest1 WHERE id BETWEEN 7458892 AND 7458901
	Aggregate  (cost=43.83..43.84 rows=1 width=8)
	  ->  Index Scan using sbtest1_pkey on sbtest1  (cost=0.43..43.80 rows=10 width=4)
	        Index Cond: ((id >= 7458892) AND (id <= 7458901))

table 2 : explain SELECT SUM(k) FROM sbtest2 WHERE id BETWEEN 4154914 AND 4154923
	Aggregate  (cost=43.90..43.91 rows=1 width=8)
	  ->  Index Scan using sbtest2_pkey on sbtest2  (cost=0.43..43.88 rows=10 width=4)
	        Index Cond: ((id >= 4154914) AND (id <= 4154923))

table 3 : explain SELECT SUM(k) FROM sbtest3 WHERE id BETWEEN 9194750 AND 9194759
	Aggregate  (cost=43.84..43.85 rows=1 width=8)
	  ->  Index Scan using sbtest3_pkey on sbtest3  (cost=0.43..43.81 rows=10 width=4)
	        Index Cond: ((id >= 9194750) AND (id <= 9194759))

table 4 : explain SELECT SUM(k) FROM sbtest4 WHERE id BETWEEN 7423514 AND 7423523
	Aggregate  (cost=44.01..44.02 rows=1 width=8)
	  ->  Index Scan using sbtest4_pkey on sbtest4  (cost=0.43..43.98 rows=10 width=4)
	        Index Cond: ((id >= 7423514) AND (id <= 7423523))

table 5 : explain SELECT SUM(k) FROM sbtest5 WHERE id BETWEEN 8670733 AND 8670742
	Aggregate  (cost=43.87..43.88 rows=1 width=8)
	  ->  Index Scan using sbtest5_pkey on sbtest5  (cost=0.43..43.85 rows=10 width=4)
	        Index Cond: ((id >= 8670733) AND (id <= 8670742))

table 6 : explain SELECT SUM(k) FROM sbtest6 WHERE id BETWEEN 618390 AND 618399
	Aggregate  (cost=39.90..39.91 rows=1 width=8)
	  ->  Index Scan using sbtest6_pkey on sbtest6  (cost=0.43..39.88 rows=9 width=4)
	        Index Cond: ((id >= 618390) AND (id <= 618399))

table 7 : explain SELECT SUM(k) FROM sbtest7 WHERE id BETWEEN 6765940 AND 6765949
	Aggregate  (cost=43.82..43.83 rows=1 width=8)
	  ->  Index Scan using sbtest7_pkey on sbtest7  (cost=0.43..43.79 rows=10 width=4)
	        Index Cond: ((id >= 6765940) AND (id <= 6765949))

table 8 : explain SELECT SUM(k) FROM sbtest8 WHERE id BETWEEN 3767471 AND 3767480
	Aggregate  (cost=43.81..43.82 rows=1 width=8)
	  ->  Index Scan using sbtest8_pkey on sbtest8  (cost=0.43..43.79 rows=10 width=4)
	        Index Cond: ((id >= 3767471) AND (id <= 3767480))

for: sum_ranges
table 1 : explain SELECT SUM(k) FROM sbtest1 WHERE id BETWEEN 61975 AND 61984
	Aggregate  (cost=43.83..43.84 rows=1 width=8)
	  ->  Index Scan using sbtest1_pkey on sbtest1  (cost=0.43..43.80 rows=10 width=4)
	        Index Cond: ((id >= 61975) AND (id <= 61984))

table 2 : explain SELECT SUM(k) FROM sbtest2 WHERE id BETWEEN 1508478 AND 1508487
	Aggregate  (cost=43.90..43.91 rows=1 width=8)
	  ->  Index Scan using sbtest2_pkey on sbtest2  (cost=0.43..43.88 rows=10 width=4)
	        Index Cond: ((id >= 1508478) AND (id <= 1508487))

table 3 : explain SELECT SUM(k) FROM sbtest3 WHERE id BETWEEN 6305555 AND 6305564
	Aggregate  (cost=47.77..47.78 rows=1 width=8)
	  ->  Index Scan using sbtest3_pkey on sbtest3  (cost=0.43..47.74 rows=11 width=4)
	        Index Cond: ((id >= 6305555) AND (id <= 6305564))

table 4 : explain SELECT SUM(k) FROM sbtest4 WHERE id BETWEEN 5858229 AND 5858238
	Aggregate  (cost=44.01..44.02 rows=1 width=8)
	  ->  Index Scan using sbtest4_pkey on sbtest4  (cost=0.43..43.98 rows=10 width=4)
	        Index Cond: ((id >= 5858229) AND (id <= 5858238))

table 5 : explain SELECT SUM(k) FROM sbtest5 WHERE id BETWEEN 3202916 AND 3202925
	Aggregate  (cost=43.87..43.88 rows=1 width=8)
	  ->  Index Scan using sbtest5_pkey on sbtest5  (cost=0.43..43.85 rows=10 width=4)
	        Index Cond: ((id >= 3202916) AND (id <= 3202925))

table 6 : explain SELECT SUM(k) FROM sbtest6 WHERE id BETWEEN 1984396 AND 1984405
	Aggregate  (cost=43.83..43.84 rows=1 width=8)
	  ->  Index Scan using sbtest6_pkey on sbtest6  (cost=0.43..43.80 rows=10 width=4)
	        Index Cond: ((id >= 1984396) AND (id <= 1984405))

table 7 : explain SELECT SUM(k) FROM sbtest7 WHERE id BETWEEN 3980151 AND 3980160
	Aggregate  (cost=43.82..43.83 rows=1 width=8)
	  ->  Index Scan using sbtest7_pkey on sbtest7  (cost=0.43..43.79 rows=10 width=4)
	        Index Cond: ((id >= 3980151) AND (id <= 3980160))

table 8 : explain SELECT SUM(k) FROM sbtest8 WHERE id BETWEEN 6877087 AND 6877096
	Aggregate  (cost=43.81..43.82 rows=1 width=8)
	  ->  Index Scan using sbtest8_pkey on sbtest8  (cost=0.43..43.79 rows=10 width=4)
	        Index Cond: ((id >= 6877087) AND (id <= 6877096))

for: sum_ranges
table 1 : explain SELECT SUM(k) FROM sbtest1 WHERE id BETWEEN 8212477 AND 8212486
	Aggregate  (cost=47.76..47.77 rows=1 width=8)
	  ->  Index Scan using sbtest1_pkey on sbtest1  (cost=0.43..47.73 rows=11 width=4)
	        Index Cond: ((id >= 8212477) AND (id <= 8212486))

table 2 : explain SELECT SUM(k) FROM sbtest2 WHERE id BETWEEN 4355535 AND 4355544
	Aggregate  (cost=43.90..43.91 rows=1 width=8)
	  ->  Index Scan using sbtest2_pkey on sbtest2  (cost=0.43..43.88 rows=10 width=4)
	        Index Cond: ((id >= 4355535) AND (id <= 4355544))

table 3 : explain SELECT SUM(k) FROM sbtest3 WHERE id BETWEEN 5975354 AND 5975363
	Aggregate  (cost=39.90..39.91 rows=1 width=8)
	  ->  Index Scan using sbtest3_pkey on sbtest3  (cost=0.43..39.88 rows=9 width=4)
	        Index Cond: ((id >= 5975354) AND (id <= 5975363))

table 4 : explain SELECT SUM(k) FROM sbtest4 WHERE id BETWEEN 9778481 AND 9778490
	Aggregate  (cost=40.06..40.07 rows=1 width=8)
	  ->  Index Scan using sbtest4_pkey on sbtest4  (cost=0.43..40.03 rows=9 width=4)
	        Index Cond: ((id >= 9778481) AND (id <= 9778490))

table 5 : explain SELECT SUM(k) FROM sbtest5 WHERE id BETWEEN 6778415 AND 6778424
	Aggregate  (cost=43.87..43.88 rows=1 width=8)
	  ->  Index Scan using sbtest5_pkey on sbtest5  (cost=0.43..43.85 rows=10 width=4)
	        Index Cond: ((id >= 6778415) AND (id <= 6778424))

table 6 : explain SELECT SUM(k) FROM sbtest6 WHERE id BETWEEN 399966 AND 399975
	Aggregate  (cost=43.83..43.84 rows=1 width=8)
	  ->  Index Scan using sbtest6_pkey on sbtest6  (cost=0.43..43.80 rows=10 width=4)
	        Index Cond: ((id >= 399966) AND (id <= 399975))

table 7 : explain SELECT SUM(k) FROM sbtest7 WHERE id BETWEEN 576165 AND 576174
	Aggregate  (cost=43.82..43.83 rows=1 width=8)
	  ->  Index Scan using sbtest7_pkey on sbtest7  (cost=0.43..43.79 rows=10 width=4)
	        Index Cond: ((id >= 576165) AND (id <= 576174))

table 8 : explain SELECT SUM(k) FROM sbtest8 WHERE id BETWEEN 5085775 AND 5085784
	Aggregate  (cost=39.88..39.89 rows=1 width=8)
	  ->  Index Scan using sbtest8_pkey on sbtest8  (cost=0.43..39.86 rows=9 width=4)
	        Index Cond: ((id >= 5085775) AND (id <= 5085784))

for: sum_ranges
table 1 : explain SELECT SUM(k) FROM sbtest1 WHERE id BETWEEN 833457 AND 833466
	Aggregate  (cost=43.83..43.84 rows=1 width=8)
	  ->  Index Scan using sbtest1_pkey on sbtest1  (cost=0.43..43.80 rows=10 width=4)
	        Index Cond: ((id >= 833457) AND (id <= 833466))

table 2 : explain SELECT SUM(k) FROM sbtest2 WHERE id BETWEEN 934176 AND 934185
	Aggregate  (cost=43.90..43.91 rows=1 width=8)
	  ->  Index Scan using sbtest2_pkey on sbtest2  (cost=0.43..43.88 rows=10 width=4)
	        Index Cond: ((id >= 934176) AND (id <= 934185))

table 3 : explain SELECT SUM(k) FROM sbtest3 WHERE id BETWEEN 3551463 AND 3551472
	Aggregate  (cost=43.84..43.85 rows=1 width=8)
	  ->  Index Scan using sbtest3_pkey on sbtest3  (cost=0.43..43.81 rows=10 width=4)
	        Index Cond: ((id >= 3551463) AND (id <= 3551472))

table 4 : explain SELECT SUM(k) FROM sbtest4 WHERE id BETWEEN 6370051 AND 6370060
	Aggregate  (cost=47.96..47.97 rows=1 width=8)
	  ->  Index Scan using sbtest4_pkey on sbtest4  (cost=0.43..47.93 rows=11 width=4)
	        Index Cond: ((id >= 6370051) AND (id <= 6370060))

table 5 : explain SELECT SUM(k) FROM sbtest5 WHERE id BETWEEN 7964451 AND 7964460
	Aggregate  (cost=43.87..43.88 rows=1 width=8)
	  ->  Index Scan using sbtest5_pkey on sbtest5  (cost=0.43..43.85 rows=10 width=4)
	        Index Cond: ((id >= 7964451) AND (id <= 7964460))

table 6 : explain SELECT SUM(k) FROM sbtest6 WHERE id BETWEEN 8191919 AND 8191928
	Aggregate  (cost=43.83..43.84 rows=1 width=8)
	  ->  Index Scan using sbtest6_pkey on sbtest6  (cost=0.43..43.80 rows=10 width=4)
	        Index Cond: ((id >= 8191919) AND (id <= 8191928))

table 7 : explain SELECT SUM(k) FROM sbtest7 WHERE id BETWEEN 9124479 AND 9124488
	Aggregate  (cost=43.82..43.83 rows=1 width=8)
	  ->  Index Scan using sbtest7_pkey on sbtest7  (cost=0.43..43.79 rows=10 width=4)
	        Index Cond: ((id >= 9124479) AND (id <= 9124488))

table 8 : explain SELECT SUM(k) FROM sbtest8 WHERE id BETWEEN 7056746 AND 7056755
	Aggregate  (cost=43.81..43.82 rows=1 width=8)
	  ->  Index Scan using sbtest8_pkey on sbtest8  (cost=0.43..43.79 rows=10 width=4)
	        Index Cond: ((id >= 7056746) AND (id <= 7056755))

for: simple_ranges
table 1 : explain SELECT c FROM sbtest1 WHERE id BETWEEN 693333 AND 693342
	Index Scan using sbtest1_pkey on sbtest1  (cost=0.43..39.87 rows=9 width=121)
	  Index Cond: ((id >= 693333) AND (id <= 693342))

table 2 : explain SELECT c FROM sbtest2 WHERE id BETWEEN 2616870 AND 2616879
	Index Scan using sbtest2_pkey on sbtest2  (cost=0.43..43.88 rows=10 width=121)
	  Index Cond: ((id >= 2616870) AND (id <= 2616879))

table 3 : explain SELECT c FROM sbtest3 WHERE id BETWEEN 1861506 AND 1861515
	Index Scan using sbtest3_pkey on sbtest3  (cost=0.43..43.81 rows=10 width=121)
	  Index Cond: ((id >= 1861506) AND (id <= 1861515))

table 4 : explain SELECT c FROM sbtest4 WHERE id BETWEEN 7334558 AND 7334567
	Index Scan using sbtest4_pkey on sbtest4  (cost=0.43..43.98 rows=10 width=121)
	  Index Cond: ((id >= 7334558) AND (id <= 7334567))

table 5 : explain SELECT c FROM sbtest5 WHERE id BETWEEN 2503367 AND 2503376
	Index Scan using sbtest5_pkey on sbtest5  (cost=0.43..43.85 rows=10 width=121)
	  Index Cond: ((id >= 2503367) AND (id <= 2503376))

table 6 : explain SELECT c FROM sbtest6 WHERE id BETWEEN 8675655 AND 8675664
	Index Scan using sbtest6_pkey on sbtest6  (cost=0.43..47.73 rows=11 width=121)
	  Index Cond: ((id >= 8675655) AND (id <= 8675664))

table 7 : explain SELECT c FROM sbtest7 WHERE id BETWEEN 7821659 AND 7821668
	Index Scan using sbtest7_pkey on sbtest7  (cost=0.43..39.87 rows=9 width=121)
	  Index Cond: ((id >= 7821659) AND (id <= 7821668))

table 8 : explain SELECT c FROM sbtest8 WHERE id BETWEEN 2786742 AND 2786751
	Index Scan using sbtest8_pkey on sbtest8  (cost=0.43..39.86 rows=9 width=121)
	  Index Cond: ((id >= 2786742) AND (id <= 2786751))

for: sum_ranges
table 1 : explain SELECT SUM(k) FROM sbtest1 WHERE id BETWEEN 318721 AND 318730
	Aggregate  (cost=47.76..47.77 rows=1 width=8)
	  ->  Index Scan using sbtest1_pkey on sbtest1  (cost=0.43..47.73 rows=11 width=4)
	        Index Cond: ((id >= 318721) AND (id <= 318730))

table 2 : explain SELECT SUM(k) FROM sbtest2 WHERE id BETWEEN 2132828 AND 2132837
	Aggregate  (cost=43.90..43.91 rows=1 width=8)
	  ->  Index Scan using sbtest2_pkey on sbtest2  (cost=0.43..43.88 rows=10 width=4)
	        Index Cond: ((id >= 2132828) AND (id <= 2132837))

table 3 : explain SELECT SUM(k) FROM sbtest3 WHERE id BETWEEN 836219 AND 836228
	Aggregate  (cost=43.84..43.85 rows=1 width=8)
	  ->  Index Scan using sbtest3_pkey on sbtest3  (cost=0.43..43.81 rows=10 width=4)
	        Index Cond: ((id >= 836219) AND (id <= 836228))

table 4 : explain SELECT SUM(k) FROM sbtest4 WHERE id BETWEEN 4151071 AND 4151080
	Aggregate  (cost=44.01..44.02 rows=1 width=8)
	  ->  Index Scan using sbtest4_pkey on sbtest4  (cost=0.43..43.98 rows=10 width=4)
	        Index Cond: ((id >= 4151071) AND (id <= 4151080))

table 5 : explain SELECT SUM(k) FROM sbtest5 WHERE id BETWEEN 7875291 AND 7875300
	Aggregate  (cost=43.87..43.88 rows=1 width=8)
	  ->  Index Scan using sbtest5_pkey on sbtest5  (cost=0.43..43.85 rows=10 width=4)
	        Index Cond: ((id >= 7875291) AND (id <= 7875300))

table 6 : explain SELECT SUM(k) FROM sbtest6 WHERE id BETWEEN 8848292 AND 8848301
	Aggregate  (cost=43.83..43.84 rows=1 width=8)
	  ->  Index Scan using sbtest6_pkey on sbtest6  (cost=0.43..43.80 rows=10 width=4)
	        Index Cond: ((id >= 8848292) AND (id <= 8848301))

table 7 : explain SELECT SUM(k) FROM sbtest7 WHERE id BETWEEN 5292106 AND 5292115
	Aggregate  (cost=39.89..39.90 rows=1 width=8)
	  ->  Index Scan using sbtest7_pkey on sbtest7  (cost=0.43..39.87 rows=9 width=4)
	        Index Cond: ((id >= 5292106) AND (id <= 5292115))

table 8 : explain SELECT SUM(k) FROM sbtest8 WHERE id BETWEEN 8383903 AND 8383912
	Aggregate  (cost=39.88..39.89 rows=1 width=8)
	  ->  Index Scan using sbtest8_pkey on sbtest8  (cost=0.43..39.86 rows=9 width=4)
	        Index Cond: ((id >= 8383903) AND (id <= 8383912))

for: sum_ranges
table 1 : explain SELECT SUM(k) FROM sbtest1 WHERE id BETWEEN 5713331 AND 5713340
	Aggregate  (cost=39.90..39.91 rows=1 width=8)
	  ->  Index Scan using sbtest1_pkey on sbtest1  (cost=0.43..39.87 rows=9 width=4)
	        Index Cond: ((id >= 5713331) AND (id <= 5713340))

table 2 : explain SELECT SUM(k) FROM sbtest2 WHERE id BETWEEN 9424473 AND 9424482
	Aggregate  (cost=43.90..43.91 rows=1 width=8)
	  ->  Index Scan using sbtest2_pkey on sbtest2  (cost=0.43..43.88 rows=10 width=4)
	        Index Cond: ((id >= 9424473) AND (id <= 9424482))

table 3 : explain SELECT SUM(k) FROM sbtest3 WHERE id BETWEEN 8835344 AND 8835353
	Aggregate  (cost=39.90..39.91 rows=1 width=8)
	  ->  Index Scan using sbtest3_pkey on sbtest3  (cost=0.43..39.88 rows=9 width=4)
	        Index Cond: ((id >= 8835344) AND (id <= 8835353))

table 4 : explain SELECT SUM(k) FROM sbtest4 WHERE id BETWEEN 2569892 AND 2569901
	Aggregate  (cost=40.06..40.07 rows=1 width=8)
	  ->  Index Scan using sbtest4_pkey on sbtest4  (cost=0.43..40.03 rows=9 width=4)
	        Index Cond: ((id >= 2569892) AND (id <= 2569901))

table 5 : explain SELECT SUM(k) FROM sbtest5 WHERE id BETWEEN 8557221 AND 8557230
	Aggregate  (cost=47.81..47.82 rows=1 width=8)
	  ->  Index Scan using sbtest5_pkey on sbtest5  (cost=0.43..47.78 rows=11 width=4)
	        Index Cond: ((id >= 8557221) AND (id <= 8557230))

table 6 : explain SELECT SUM(k) FROM sbtest6 WHERE id BETWEEN 2217487 AND 2217496
	Aggregate  (cost=43.83..43.84 rows=1 width=8)
	  ->  Index Scan using sbtest6_pkey on sbtest6  (cost=0.43..43.80 rows=10 width=4)
	        Index Cond: ((id >= 2217487) AND (id <= 2217496))

table 7 : explain SELECT SUM(k) FROM sbtest7 WHERE id BETWEEN 723264 AND 723273
	Aggregate  (cost=43.82..43.83 rows=1 width=8)
	  ->  Index Scan using sbtest7_pkey on sbtest7  (cost=0.43..43.79 rows=10 width=4)
	        Index Cond: ((id >= 723264) AND (id <= 723273))

table 8 : explain SELECT SUM(k) FROM sbtest8 WHERE id BETWEEN 2019977 AND 2019986
	Aggregate  (cost=43.81..43.82 rows=1 width=8)
	  ->  Index Scan using sbtest8_pkey on sbtest8  (cost=0.43..43.79 rows=10 width=4)
	        Index Cond: ((id >= 2019977) AND (id <= 2019986))

for: sum_ranges
table 1 : explain SELECT SUM(k) FROM sbtest1 WHERE id BETWEEN 4203197 AND 4203206
	Aggregate  (cost=43.83..43.84 rows=1 width=8)
	  ->  Index Scan using sbtest1_pkey on sbtest1  (cost=0.43..43.80 rows=10 width=4)
	        Index Cond: ((id >= 4203197) AND (id <= 4203206))

table 2 : explain SELECT SUM(k) FROM sbtest2 WHERE id BETWEEN 5163168 AND 5163177
	Aggregate  (cost=43.90..43.91 rows=1 width=8)
	  ->  Index Scan using sbtest2_pkey on sbtest2  (cost=0.43..43.88 rows=10 width=4)
	        Index Cond: ((id >= 5163168) AND (id <= 5163177))

table 3 : explain SELECT SUM(k) FROM sbtest3 WHERE id BETWEEN 9585147 AND 9585156
	Aggregate  (cost=43.84..43.85 rows=1 width=8)
	  ->  Index Scan using sbtest3_pkey on sbtest3  (cost=0.43..43.81 rows=10 width=4)
	        Index Cond: ((id >= 9585147) AND (id <= 9585156))

table 4 : explain SELECT SUM(k) FROM sbtest4 WHERE id BETWEEN 8445684 AND 8445693
	Aggregate  (cost=44.01..44.02 rows=1 width=8)
	  ->  Index Scan using sbtest4_pkey on sbtest4  (cost=0.43..43.98 rows=10 width=4)
	        Index Cond: ((id >= 8445684) AND (id <= 8445693))

table 5 : explain SELECT SUM(k) FROM sbtest5 WHERE id BETWEEN 2303186 AND 2303195
	Aggregate  (cost=43.87..43.88 rows=1 width=8)
	  ->  Index Scan using sbtest5_pkey on sbtest5  (cost=0.43..43.85 rows=10 width=4)
	        Index Cond: ((id >= 2303186) AND (id <= 2303195))

table 6 : explain SELECT SUM(k) FROM sbtest6 WHERE id BETWEEN 389924 AND 389933
	Aggregate  (cost=43.83..43.84 rows=1 width=8)
	  ->  Index Scan using sbtest6_pkey on sbtest6  (cost=0.43..43.80 rows=10 width=4)
	        Index Cond: ((id >= 389924) AND (id <= 389933))

table 7 : explain SELECT SUM(k) FROM sbtest7 WHERE id BETWEEN 8017919 AND 8017928
	Aggregate  (cost=43.82..43.83 rows=1 width=8)
	  ->  Index Scan using sbtest7_pkey on sbtest7  (cost=0.43..43.79 rows=10 width=4)
	        Index Cond: ((id >= 8017919) AND (id <= 8017928))

table 8 : explain SELECT SUM(k) FROM sbtest8 WHERE id BETWEEN 2481262 AND 2481271
	Aggregate  (cost=39.88..39.89 rows=1 width=8)
	  ->  Index Scan using sbtest8_pkey on sbtest8  (cost=0.43..39.86 rows=9 width=4)
	        Index Cond: ((id >= 2481262) AND (id <= 2481271))

for: sum_ranges
table 1 : explain SELECT SUM(k) FROM sbtest1 WHERE id BETWEEN 3401855 AND 3401864
	Aggregate  (cost=47.76..47.77 rows=1 width=8)
	  ->  Index Scan using sbtest1_pkey on sbtest1  (cost=0.43..47.73 rows=11 width=4)
	        Index Cond: ((id >= 3401855) AND (id <= 3401864))

table 2 : explain SELECT SUM(k) FROM sbtest2 WHERE id BETWEEN 968640 AND 968649
	Aggregate  (cost=43.90..43.91 rows=1 width=8)
	  ->  Index Scan using sbtest2_pkey on sbtest2  (cost=0.43..43.88 rows=10 width=4)
	        Index Cond: ((id >= 968640) AND (id <= 968649))

table 3 : explain SELECT SUM(k) FROM sbtest3 WHERE id BETWEEN 985204 AND 985213
	Aggregate  (cost=39.90..39.91 rows=1 width=8)
	  ->  Index Scan using sbtest3_pkey on sbtest3  (cost=0.43..39.88 rows=9 width=4)
	        Index Cond: ((id >= 985204) AND (id <= 985213))

table 4 : explain SELECT SUM(k) FROM sbtest4 WHERE id BETWEEN 3926472 AND 3926481
	Aggregate  (cost=47.96..47.97 rows=1 width=8)
	  ->  Index Scan using sbtest4_pkey on sbtest4  (cost=0.43..47.93 rows=11 width=4)
	        Index Cond: ((id >= 3926472) AND (id <= 3926481))

table 5 : explain SELECT SUM(k) FROM sbtest5 WHERE id BETWEEN 4988361 AND 4988370
	Aggregate  (cost=47.81..47.82 rows=1 width=8)
	  ->  Index Scan using sbtest5_pkey on sbtest5  (cost=0.43..47.78 rows=11 width=4)
	        Index Cond: ((id >= 4988361) AND (id <= 4988370))

table 6 : explain SELECT SUM(k) FROM sbtest6 WHERE id BETWEEN 9267544 AND 9267553
	Aggregate  (cost=47.76..47.77 rows=1 width=8)
	  ->  Index Scan using sbtest6_pkey on sbtest6  (cost=0.43..47.73 rows=11 width=4)
	        Index Cond: ((id >= 9267544) AND (id <= 9267553))

table 7 : explain SELECT SUM(k) FROM sbtest7 WHERE id BETWEEN 7221465 AND 7221474
	Aggregate  (cost=43.82..43.83 rows=1 width=8)
	  ->  Index Scan using sbtest7_pkey on sbtest7  (cost=0.43..43.79 rows=10 width=4)
	        Index Cond: ((id >= 7221465) AND (id <= 7221474))

table 8 : explain SELECT SUM(k) FROM sbtest8 WHERE id BETWEEN 7165654 AND 7165663
	Aggregate  (cost=51.67..51.68 rows=1 width=8)
	  ->  Index Scan using sbtest8_pkey on sbtest8  (cost=0.43..51.64 rows=12 width=4)
	        Index Cond: ((id >= 7165654) AND (id <= 7165663))

for: simple_ranges
table 1 : explain SELECT c FROM sbtest1 WHERE id BETWEEN 7274565 AND 7274574
	Index Scan using sbtest1_pkey on sbtest1  (cost=0.43..43.80 rows=10 width=121)
	  Index Cond: ((id >= 7274565) AND (id <= 7274574))

table 2 : explain SELECT c FROM sbtest2 WHERE id BETWEEN 8736826 AND 8736835
	Index Scan using sbtest2_pkey on sbtest2  (cost=0.43..43.88 rows=10 width=121)
	  Index Cond: ((id >= 8736826) AND (id <= 8736835))

table 3 : explain SELECT c FROM sbtest3 WHERE id BETWEEN 598536 AND 598545
	Index Scan using sbtest3_pkey on sbtest3  (cost=0.43..43.81 rows=10 width=121)
	  Index Cond: ((id >= 598536) AND (id <= 598545))

table 4 : explain SELECT c FROM sbtest4 WHERE id BETWEEN 1035389 AND 1035398
	Index Scan using sbtest4_pkey on sbtest4  (cost=0.43..43.98 rows=10 width=121)
	  Index Cond: ((id >= 1035389) AND (id <= 1035398))

table 5 : explain SELECT c FROM sbtest5 WHERE id BETWEEN 7320041 AND 7320050
	Index Scan using sbtest5_pkey on sbtest5  (cost=0.43..43.85 rows=10 width=121)
	  Index Cond: ((id >= 7320041) AND (id <= 7320050))

table 6 : explain SELECT c FROM sbtest6 WHERE id BETWEEN 382997 AND 383006
	Index Scan using sbtest6_pkey on sbtest6  (cost=0.43..47.73 rows=11 width=121)
	  Index Cond: ((id >= 382997) AND (id <= 383006))

table 7 : explain SELECT c FROM sbtest7 WHERE id BETWEEN 3193614 AND 3193623
	Index Scan using sbtest7_pkey on sbtest7  (cost=0.43..47.72 rows=11 width=121)
	  Index Cond: ((id >= 3193614) AND (id <= 3193623))

table 8 : explain SELECT c FROM sbtest8 WHERE id BETWEEN 5279805 AND 5279814
	Index Scan using sbtest8_pkey on sbtest8  (cost=0.43..43.79 rows=10 width=121)
	  Index Cond: ((id >= 5279805) AND (id <= 5279814))

for: sum_ranges
table 1 : explain SELECT SUM(k) FROM sbtest1 WHERE id BETWEEN 5158825 AND 5158834
	Aggregate  (cost=39.90..39.91 rows=1 width=8)
	  ->  Index Scan using sbtest1_pkey on sbtest1  (cost=0.43..39.87 rows=9 width=4)
	        Index Cond: ((id >= 5158825) AND (id <= 5158834))

table 2 : explain SELECT SUM(k) FROM sbtest2 WHERE id BETWEEN 9418253 AND 9418262
	Aggregate  (cost=43.90..43.91 rows=1 width=8)
	  ->  Index Scan using sbtest2_pkey on sbtest2  (cost=0.43..43.88 rows=10 width=4)
	        Index Cond: ((id >= 9418253) AND (id <= 9418262))

table 3 : explain SELECT SUM(k) FROM sbtest3 WHERE id BETWEEN 6437978 AND 6437987
	Aggregate  (cost=43.84..43.85 rows=1 width=8)
	  ->  Index Scan using sbtest3_pkey on sbtest3  (cost=0.43..43.81 rows=10 width=4)
	        Index Cond: ((id >= 6437978) AND (id <= 6437987))

table 4 : explain SELECT SUM(k) FROM sbtest4 WHERE id BETWEEN 7339275 AND 7339284
	Aggregate  (cost=44.01..44.02 rows=1 width=8)
	  ->  Index Scan using sbtest4_pkey on sbtest4  (cost=0.43..43.98 rows=10 width=4)
	        Index Cond: ((id >= 7339275) AND (id <= 7339284))

table 5 : explain SELECT SUM(k) FROM sbtest5 WHERE id BETWEEN 6866054 AND 6866063
	Aggregate  (cost=39.94..39.95 rows=1 width=8)
	  ->  Index Scan using sbtest5_pkey on sbtest5  (cost=0.43..39.91 rows=9 width=4)
	        Index Cond: ((id >= 6866054) AND (id <= 6866063))

table 6 : explain SELECT SUM(k) FROM sbtest6 WHERE id BETWEEN 2460390 AND 2460399
	Aggregate  (cost=43.83..43.84 rows=1 width=8)
	  ->  Index Scan using sbtest6_pkey on sbtest6  (cost=0.43..43.80 rows=10 width=4)
	        Index Cond: ((id >= 2460390) AND (id <= 2460399))

table 7 : explain SELECT SUM(k) FROM sbtest7 WHERE id BETWEEN 664108 AND 664117
	Aggregate  (cost=47.75..47.76 rows=1 width=8)
	  ->  Index Scan using sbtest7_pkey on sbtest7  (cost=0.43..47.72 rows=11 width=4)
	        Index Cond: ((id >= 664108) AND (id <= 664117))

table 8 : explain SELECT SUM(k) FROM sbtest8 WHERE id BETWEEN 2062182 AND 2062191
	Aggregate  (cost=43.81..43.82 rows=1 width=8)
	  ->  Index Scan using sbtest8_pkey on sbtest8  (cost=0.43..43.79 rows=10 width=4)
	        Index Cond: ((id >= 2062182) AND (id <= 2062191))

for: sum_ranges
table 1 : explain SELECT SUM(k) FROM sbtest1 WHERE id BETWEEN 7155483 AND 7155492
	Aggregate  (cost=43.83..43.84 rows=1 width=8)
	  ->  Index Scan using sbtest1_pkey on sbtest1  (cost=0.43..43.80 rows=10 width=4)
	        Index Cond: ((id >= 7155483) AND (id <= 7155492))

table 2 : explain SELECT SUM(k) FROM sbtest2 WHERE id BETWEEN 5959329 AND 5959338
	Aggregate  (cost=43.90..43.91 rows=1 width=8)
	  ->  Index Scan using sbtest2_pkey on sbtest2  (cost=0.43..43.88 rows=10 width=4)
	        Index Cond: ((id >= 5959329) AND (id <= 5959338))

table 3 : explain SELECT SUM(k) FROM sbtest3 WHERE id BETWEEN 5616396 AND 5616405
	Aggregate  (cost=43.84..43.85 rows=1 width=8)
	  ->  Index Scan using sbtest3_pkey on sbtest3  (cost=0.43..43.81 rows=10 width=4)
	        Index Cond: ((id >= 5616396) AND (id <= 5616405))

table 4 : explain SELECT SUM(k) FROM sbtest4 WHERE id BETWEEN 7106072 AND 7106081
	Aggregate  (cost=44.01..44.02 rows=1 width=8)
	  ->  Index Scan using sbtest4_pkey on sbtest4  (cost=0.43..43.98 rows=10 width=4)
	        Index Cond: ((id >= 7106072) AND (id <= 7106081))

table 5 : explain SELECT SUM(k) FROM sbtest5 WHERE id BETWEEN 7407246 AND 7407255
	Aggregate  (cost=43.87..43.88 rows=1 width=8)
	  ->  Index Scan using sbtest5_pkey on sbtest5  (cost=0.43..43.85 rows=10 width=4)
	        Index Cond: ((id >= 7407246) AND (id <= 7407255))

table 6 : explain SELECT SUM(k) FROM sbtest6 WHERE id BETWEEN 9297008 AND 9297017
	Aggregate  (cost=39.90..39.91 rows=1 width=8)
	  ->  Index Scan using sbtest6_pkey on sbtest6  (cost=0.43..39.88 rows=9 width=4)
	        Index Cond: ((id >= 9297008) AND (id <= 9297017))

table 7 : explain SELECT SUM(k) FROM sbtest7 WHERE id BETWEEN 1968521 AND 1968530
	Aggregate  (cost=43.82..43.83 rows=1 width=8)
	  ->  Index Scan using sbtest7_pkey on sbtest7  (cost=0.43..43.79 rows=10 width=4)
	        Index Cond: ((id >= 1968521) AND (id <= 1968530))

table 8 : explain SELECT SUM(k) FROM sbtest8 WHERE id BETWEEN 5457687 AND 5457696
	Aggregate  (cost=39.88..39.89 rows=1 width=8)
	  ->  Index Scan using sbtest8_pkey on sbtest8  (cost=0.43..39.86 rows=9 width=4)
	        Index Cond: ((id >= 5457687) AND (id <= 5457696))

for: simple_ranges
table 1 : explain SELECT c FROM sbtest1 WHERE id BETWEEN 9795338 AND 9795347
	Index Scan using sbtest1_pkey on sbtest1  (cost=0.43..39.87 rows=9 width=121)
	  Index Cond: ((id >= 9795338) AND (id <= 9795347))

table 2 : explain SELECT c FROM sbtest2 WHERE id BETWEEN 2954842 AND 2954851
	Index Scan using sbtest2_pkey on sbtest2  (cost=0.43..43.88 rows=10 width=121)
	  Index Cond: ((id >= 2954842) AND (id <= 2954851))

table 3 : explain SELECT c FROM sbtest3 WHERE id BETWEEN 6453848 AND 6453857
	Index Scan using sbtest3_pkey on sbtest3  (cost=0.43..43.81 rows=10 width=121)
	  Index Cond: ((id >= 6453848) AND (id <= 6453857))

table 4 : explain SELECT c FROM sbtest4 WHERE id BETWEEN 7330439 AND 7330448
	Index Scan using sbtest4_pkey on sbtest4  (cost=0.43..43.98 rows=10 width=121)
	  Index Cond: ((id >= 7330439) AND (id <= 7330448))

table 5 : explain SELECT c FROM sbtest5 WHERE id BETWEEN 7064327 AND 7064336
	Index Scan using sbtest5_pkey on sbtest5  (cost=0.43..43.85 rows=10 width=121)
	  Index Cond: ((id >= 7064327) AND (id <= 7064336))

table 6 : explain SELECT c FROM sbtest6 WHERE id BETWEEN 3244357 AND 3244366
	Index Scan using sbtest6_pkey on sbtest6  (cost=0.43..47.73 rows=11 width=121)
	  Index Cond: ((id >= 3244357) AND (id <= 3244366))

table 7 : explain SELECT c FROM sbtest7 WHERE id BETWEEN 3240899 AND 3240908
	Index Scan using sbtest7_pkey on sbtest7  (cost=0.43..47.72 rows=11 width=121)
	  Index Cond: ((id >= 3240899) AND (id <= 3240908))

table 8 : explain SELECT c FROM sbtest8 WHERE id BETWEEN 8674912 AND 8674921
	Index Scan using sbtest8_pkey on sbtest8  (cost=0.43..43.79 rows=10 width=121)
	  Index Cond: ((id >= 8674912) AND (id <= 8674921))

for: sum_ranges
table 1 : explain SELECT SUM(k) FROM sbtest1 WHERE id BETWEEN 5821566 AND 5821575
	Aggregate  (cost=43.83..43.84 rows=1 width=8)
	  ->  Index Scan using sbtest1_pkey on sbtest1  (cost=0.43..43.80 rows=10 width=4)
	        Index Cond: ((id >= 5821566) AND (id <= 5821575))

table 2 : explain SELECT SUM(k) FROM sbtest2 WHERE id BETWEEN 3591821 AND 3591830
	Aggregate  (cost=47.84..47.85 rows=1 width=8)
	  ->  Index Scan using sbtest2_pkey on sbtest2  (cost=0.43..47.81 rows=11 width=4)
	        Index Cond: ((id >= 3591821) AND (id <= 3591830))

table 3 : explain SELECT SUM(k) FROM sbtest3 WHERE id BETWEEN 9477102 AND 9477111
	Aggregate  (cost=51.70..51.71 rows=1 width=8)
	  ->  Index Scan using sbtest3_pkey on sbtest3  (cost=0.43..51.67 rows=12 width=4)
	        Index Cond: ((id >= 9477102) AND (id <= 9477111))

table 4 : explain SELECT SUM(k) FROM sbtest4 WHERE id BETWEEN 2750589 AND 2750598
	Aggregate  (cost=47.96..47.97 rows=1 width=8)
	  ->  Index Scan using sbtest4_pkey on sbtest4  (cost=0.43..47.93 rows=11 width=4)
	        Index Cond: ((id >= 2750589) AND (id <= 2750598))

table 5 : explain SELECT SUM(k) FROM sbtest5 WHERE id BETWEEN 9192654 AND 9192663
	Aggregate  (cost=43.87..43.88 rows=1 width=8)
	  ->  Index Scan using sbtest5_pkey on sbtest5  (cost=0.43..43.85 rows=10 width=4)
	        Index Cond: ((id >= 9192654) AND (id <= 9192663))

table 6 : explain SELECT SUM(k) FROM sbtest6 WHERE id BETWEEN 3421257 AND 3421266
	Aggregate  (cost=39.90..39.91 rows=1 width=8)
	  ->  Index Scan using sbtest6_pkey on sbtest6  (cost=0.43..39.88 rows=9 width=4)
	        Index Cond: ((id >= 3421257) AND (id <= 3421266))

table 7 : explain SELECT SUM(k) FROM sbtest7 WHERE id BETWEEN 4613271 AND 4613280
	Aggregate  (cost=43.82..43.83 rows=1 width=8)
	  ->  Index Scan using sbtest7_pkey on sbtest7  (cost=0.43..43.79 rows=10 width=4)
	        Index Cond: ((id >= 4613271) AND (id <= 4613280))

table 8 : explain SELECT SUM(k) FROM sbtest8 WHERE id BETWEEN 2323746 AND 2323755
	Aggregate  (cost=43.81..43.82 rows=1 width=8)
	  ->  Index Scan using sbtest8_pkey on sbtest8  (cost=0.43..43.79 rows=10 width=4)
	        Index Cond: ((id >= 2323746) AND (id <= 2323755))

for: sum_ranges
table 1 : explain SELECT SUM(k) FROM sbtest1 WHERE id BETWEEN 1560253 AND 1560262
	Aggregate  (cost=47.76..47.77 rows=1 width=8)
	  ->  Index Scan using sbtest1_pkey on sbtest1  (cost=0.43..47.73 rows=11 width=4)
	        Index Cond: ((id >= 1560253) AND (id <= 1560262))

table 2 : explain SELECT SUM(k) FROM sbtest2 WHERE id BETWEEN 4511705 AND 4511714
	Aggregate  (cost=43.90..43.91 rows=1 width=8)
	  ->  Index Scan using sbtest2_pkey on sbtest2  (cost=0.43..43.88 rows=10 width=4)
	        Index Cond: ((id >= 4511705) AND (id <= 4511714))

table 3 : explain SELECT SUM(k) FROM sbtest3 WHERE id BETWEEN 4849997 AND 4850006
	Aggregate  (cost=43.84..43.85 rows=1 width=8)
	  ->  Index Scan using sbtest3_pkey on sbtest3  (cost=0.43..43.81 rows=10 width=4)
	        Index Cond: ((id >= 4849997) AND (id <= 4850006))

table 4 : explain SELECT SUM(k) FROM sbtest4 WHERE id BETWEEN 285902 AND 285911
	Aggregate  (cost=47.96..47.97 rows=1 width=8)
	  ->  Index Scan using sbtest4_pkey on sbtest4  (cost=0.43..47.93 rows=11 width=4)
	        Index Cond: ((id >= 285902) AND (id <= 285911))

table 5 : explain SELECT SUM(k) FROM sbtest5 WHERE id BETWEEN 2144686 AND 2144695
	Aggregate  (cost=43.87..43.88 rows=1 width=8)
	  ->  Index Scan using sbtest5_pkey on sbtest5  (cost=0.43..43.85 rows=10 width=4)
	        Index Cond: ((id >= 2144686) AND (id <= 2144695))

table 6 : explain SELECT SUM(k) FROM sbtest6 WHERE id BETWEEN 879583 AND 879592
	Aggregate  (cost=43.83..43.84 rows=1 width=8)
	  ->  Index Scan using sbtest6_pkey on sbtest6  (cost=0.43..43.80 rows=10 width=4)
	        Index Cond: ((id >= 879583) AND (id <= 879592))

table 7 : explain SELECT SUM(k) FROM sbtest7 WHERE id BETWEEN 2736548 AND 2736557
	Aggregate  (cost=43.82..43.83 rows=1 width=8)
	  ->  Index Scan using sbtest7_pkey on sbtest7  (cost=0.43..43.79 rows=10 width=4)
	        Index Cond: ((id >= 2736548) AND (id <= 2736557))

table 8 : explain SELECT SUM(k) FROM sbtest8 WHERE id BETWEEN 7620692 AND 7620701
	Aggregate  (cost=43.81..43.82 rows=1 width=8)
	  ->  Index Scan using sbtest8_pkey on sbtest8  (cost=0.43..43.79 rows=10 width=4)
	        Index Cond: ((id >= 7620692) AND (id <= 7620701))

for: order_ranges
table 1 : explain SELECT c FROM sbtest1 WHERE id BETWEEN 6620627 AND 6620636 ORDER BY c
	Sort  (cost=43.97..43.99 rows=10 width=121)
	  Sort Key: c
	  ->  Index Scan using sbtest1_pkey on sbtest1  (cost=0.43..43.80 rows=10 width=121)
	        Index Cond: ((id >= 6620627) AND (id <= 6620636))

table 2 : explain SELECT c FROM sbtest2 WHERE id BETWEEN 7030166 AND 7030175 ORDER BY c
	Sort  (cost=44.04..44.07 rows=10 width=121)
	  Sort Key: c
	  ->  Index Scan using sbtest2_pkey on sbtest2  (cost=0.43..43.88 rows=10 width=121)
	        Index Cond: ((id >= 7030166) AND (id <= 7030175))

table 3 : explain SELECT c FROM sbtest3 WHERE id BETWEEN 5477753 AND 5477762 ORDER BY c
	Sort  (cost=47.93..47.96 rows=11 width=121)
	  Sort Key: c
	  ->  Index Scan using sbtest3_pkey on sbtest3  (cost=0.43..47.74 rows=11 width=121)
	        Index Cond: ((id >= 5477753) AND (id <= 5477762))

table 4 : explain SELECT c FROM sbtest4 WHERE id BETWEEN 1164840 AND 1164849 ORDER BY c
	Sort  (cost=48.12..48.15 rows=11 width=121)
	  Sort Key: c
	  ->  Index Scan using sbtest4_pkey on sbtest4  (cost=0.43..47.93 rows=11 width=121)
	        Index Cond: ((id >= 1164840) AND (id <= 1164849))

table 5 : explain SELECT c FROM sbtest5 WHERE id BETWEEN 3203829 AND 3203838 ORDER BY c
	Sort  (cost=44.01..44.04 rows=10 width=121)
	  Sort Key: c
	  ->  Index Scan using sbtest5_pkey on sbtest5  (cost=0.43..43.85 rows=10 width=121)
	        Index Cond: ((id >= 3203829) AND (id <= 3203838))

table 6 : explain SELECT c FROM sbtest6 WHERE id BETWEEN 9663579 AND 9663588 ORDER BY c
	Sort  (cost=43.97..44.00 rows=10 width=121)
	  Sort Key: c
	  ->  Index Scan using sbtest6_pkey on sbtest6  (cost=0.43..43.80 rows=10 width=121)
	        Index Cond: ((id >= 9663579) AND (id <= 9663588))

table 7 : explain SELECT c FROM sbtest7 WHERE id BETWEEN 4928018 AND 4928027 ORDER BY c
	Sort  (cost=43.96..43.98 rows=10 width=121)
	  Sort Key: c
	  ->  Index Scan using sbtest7_pkey on sbtest7  (cost=0.43..43.79 rows=10 width=121)
	        Index Cond: ((id >= 4928018) AND (id <= 4928027))

table 8 : explain SELECT c FROM sbtest8 WHERE id BETWEEN 9254240 AND 9254249 ORDER BY c
	Sort  (cost=40.00..40.03 rows=9 width=121)
	  Sort Key: c
	  ->  Index Scan using sbtest8_pkey on sbtest8  (cost=0.43..39.86 rows=9 width=121)
	        Index Cond: ((id >= 9254240) AND (id <= 9254249))

for: simple_ranges
table 1 : explain SELECT c FROM sbtest1 WHERE id BETWEEN 7563343 AND 7563352
	Index Scan using sbtest1_pkey on sbtest1  (cost=0.43..43.80 rows=10 width=121)
	  Index Cond: ((id >= 7563343) AND (id <= 7563352))

table 2 : explain SELECT c FROM sbtest2 WHERE id BETWEEN 7711868 AND 7711877
	Index Scan using sbtest2_pkey on sbtest2  (cost=0.43..43.88 rows=10 width=121)
	  Index Cond: ((id >= 7711868) AND (id <= 7711877))

table 3 : explain SELECT c FROM sbtest3 WHERE id BETWEEN 9598639 AND 9598648
	Index Scan using sbtest3_pkey on sbtest3  (cost=0.43..43.81 rows=10 width=121)
	  Index Cond: ((id >= 9598639) AND (id <= 9598648))

table 4 : explain SELECT c FROM sbtest4 WHERE id BETWEEN 1505626 AND 1505635
	Index Scan using sbtest4_pkey on sbtest4  (cost=0.43..43.98 rows=10 width=121)
	  Index Cond: ((id >= 1505626) AND (id <= 1505635))

table 5 : explain SELECT c FROM sbtest5 WHERE id BETWEEN 4636450 AND 4636459
	Index Scan using sbtest5_pkey on sbtest5  (cost=0.43..43.85 rows=10 width=121)
	  Index Cond: ((id >= 4636450) AND (id <= 4636459))

table 6 : explain SELECT c FROM sbtest6 WHERE id BETWEEN 5674572 AND 5674581
	Index Scan using sbtest6_pkey on sbtest6  (cost=0.43..43.80 rows=10 width=121)
	  Index Cond: ((id >= 5674572) AND (id <= 5674581))

table 7 : explain SELECT c FROM sbtest7 WHERE id BETWEEN 9170213 AND 9170222
	Index Scan using sbtest7_pkey on sbtest7  (cost=0.43..43.79 rows=10 width=121)
	  Index Cond: ((id >= 9170213) AND (id <= 9170222))

table 8 : explain SELECT c FROM sbtest8 WHERE id BETWEEN 3430111 AND 3430120
	Index Scan using sbtest8_pkey on sbtest8  (cost=0.43..43.79 rows=10 width=121)
	  Index Cond: ((id >= 3430111) AND (id <= 3430120))

for: sum_ranges
table 1 : explain SELECT SUM(k) FROM sbtest1 WHERE id BETWEEN 2286186 AND 2286195
	Aggregate  (cost=43.83..43.84 rows=1 width=8)
	  ->  Index Scan using sbtest1_pkey on sbtest1  (cost=0.43..43.80 rows=10 width=4)
	        Index Cond: ((id >= 2286186) AND (id <= 2286195))

table 2 : explain SELECT SUM(k) FROM sbtest2 WHERE id BETWEEN 982213 AND 982222
	Aggregate  (cost=43.90..43.91 rows=1 width=8)
	  ->  Index Scan using sbtest2_pkey on sbtest2  (cost=0.43..43.88 rows=10 width=4)
	        Index Cond: ((id >= 982213) AND (id <= 982222))

table 3 : explain SELECT SUM(k) FROM sbtest3 WHERE id BETWEEN 3987389 AND 3987398
	Aggregate  (cost=43.84..43.85 rows=1 width=8)
	  ->  Index Scan using sbtest3_pkey on sbtest3  (cost=0.43..43.81 rows=10 width=4)
	        Index Cond: ((id >= 3987389) AND (id <= 3987398))

table 4 : explain SELECT SUM(k) FROM sbtest4 WHERE id BETWEEN 1356492 AND 1356501
	Aggregate  (cost=40.06..40.07 rows=1 width=8)
	  ->  Index Scan using sbtest4_pkey on sbtest4  (cost=0.43..40.03 rows=9 width=4)
	        Index Cond: ((id >= 1356492) AND (id <= 1356501))

table 5 : explain SELECT SUM(k) FROM sbtest5 WHERE id BETWEEN 9776085 AND 9776094
	Aggregate  (cost=43.87..43.88 rows=1 width=8)
	  ->  Index Scan using sbtest5_pkey on sbtest5  (cost=0.43..43.85 rows=10 width=4)
	        Index Cond: ((id >= 9776085) AND (id <= 9776094))

table 6 : explain SELECT SUM(k) FROM sbtest6 WHERE id BETWEEN 134800 AND 134809
	Aggregate  (cost=43.83..43.84 rows=1 width=8)
	  ->  Index Scan using sbtest6_pkey on sbtest6  (cost=0.43..43.80 rows=10 width=4)
	        Index Cond: ((id >= 134800) AND (id <= 134809))

table 7 : explain SELECT SUM(k) FROM sbtest7 WHERE id BETWEEN 463587 AND 463596
	Aggregate  (cost=43.82..43.83 rows=1 width=8)
	  ->  Index Scan using sbtest7_pkey on sbtest7  (cost=0.43..43.79 rows=10 width=4)
	        Index Cond: ((id >= 463587) AND (id <= 463596))

table 8 : explain SELECT SUM(k) FROM sbtest8 WHERE id BETWEEN 916543 AND 916552
	Aggregate  (cost=43.81..43.82 rows=1 width=8)
	  ->  Index Scan using sbtest8_pkey on sbtest8  (cost=0.43..43.79 rows=10 width=4)
	        Index Cond: ((id >= 916543) AND (id <= 916552))

for: order_ranges
table 1 : explain SELECT c FROM sbtest1 WHERE id BETWEEN 2390492 AND 2390501 ORDER BY c
	Sort  (cost=47.92..47.95 rows=11 width=121)
	  Sort Key: c
	  ->  Index Scan using sbtest1_pkey on sbtest1  (cost=0.43..47.73 rows=11 width=121)
	        Index Cond: ((id >= 2390492) AND (id <= 2390501))

table 2 : explain SELECT c FROM sbtest2 WHERE id BETWEEN 3009359 AND 3009368 ORDER BY c
	Sort  (cost=44.04..44.07 rows=10 width=121)
	  Sort Key: c
	  ->  Index Scan using sbtest2_pkey on sbtest2  (cost=0.43..43.88 rows=10 width=121)
	        Index Cond: ((id >= 3009359) AND (id <= 3009368))

table 3 : explain SELECT c FROM sbtest3 WHERE id BETWEEN 2169706 AND 2169715 ORDER BY c
	Sort  (cost=43.98..44.00 rows=10 width=121)
	  Sort Key: c
	  ->  Index Scan using sbtest3_pkey on sbtest3  (cost=0.43..43.81 rows=10 width=121)
	        Index Cond: ((id >= 2169706) AND (id <= 2169715))

table 4 : explain SELECT c FROM sbtest4 WHERE id BETWEEN 5737084 AND 5737093 ORDER BY c
	Sort  (cost=40.18..40.20 rows=9 width=121)
	  Sort Key: c
	  ->  Index Scan using sbtest4_pkey on sbtest4  (cost=0.43..40.03 rows=9 width=121)
	        Index Cond: ((id >= 5737084) AND (id <= 5737093))

table 5 : explain SELECT c FROM sbtest5 WHERE id BETWEEN 3761850 AND 3761859 ORDER BY c
	Sort  (cost=40.06..40.08 rows=9 width=121)
	  Sort Key: c
	  ->  Index Scan using sbtest5_pkey on sbtest5  (cost=0.43..39.91 rows=9 width=121)
	        Index Cond: ((id >= 3761850) AND (id <= 3761859))

table 6 : explain SELECT c FROM sbtest6 WHERE id BETWEEN 6212024 AND 6212033 ORDER BY c
	Sort  (cost=43.97..44.00 rows=10 width=121)
	  Sort Key: c
	  ->  Index Scan using sbtest6_pkey on sbtest6  (cost=0.43..43.80 rows=10 width=121)
	        Index Cond: ((id >= 6212024) AND (id <= 6212033))

table 7 : explain SELECT c FROM sbtest7 WHERE id BETWEEN 1711876 AND 1711885 ORDER BY c
	Sort  (cost=51.86..51.89 rows=12 width=121)
	  Sort Key: c
	  ->  Index Scan using sbtest7_pkey on sbtest7  (cost=0.43..51.65 rows=12 width=121)
	        Index Cond: ((id >= 1711876) AND (id <= 1711885))

table 8 : explain SELECT c FROM sbtest8 WHERE id BETWEEN 3231215 AND 3231224 ORDER BY c
	Sort  (cost=40.00..40.03 rows=9 width=121)
	  Sort Key: c
	  ->  Index Scan using sbtest8_pkey on sbtest8  (cost=0.43..39.86 rows=9 width=121)
	        Index Cond: ((id >= 3231215) AND (id <= 3231224))

for: sum_ranges
table 1 : explain SELECT SUM(k) FROM sbtest1 WHERE id BETWEEN 2311792 AND 2311801
	Aggregate  (cost=43.83..43.84 rows=1 width=8)
	  ->  Index Scan using sbtest1_pkey on sbtest1  (cost=0.43..43.80 rows=10 width=4)
	        Index Cond: ((id >= 2311792) AND (id <= 2311801))

table 2 : explain SELECT SUM(k) FROM sbtest2 WHERE id BETWEEN 3927902 AND 3927911
	Aggregate  (cost=43.90..43.91 rows=1 width=8)
	  ->  Index Scan using sbtest2_pkey on sbtest2  (cost=0.43..43.88 rows=10 width=4)
	        Index Cond: ((id >= 3927902) AND (id <= 3927911))

table 3 : explain SELECT SUM(k) FROM sbtest3 WHERE id BETWEEN 4678742 AND 4678751
	Aggregate  (cost=47.77..47.78 rows=1 width=8)
	  ->  Index Scan using sbtest3_pkey on sbtest3  (cost=0.43..47.74 rows=11 width=4)
	        Index Cond: ((id >= 4678742) AND (id <= 4678751))

table 4 : explain SELECT SUM(k) FROM sbtest4 WHERE id BETWEEN 4852867 AND 4852876
	Aggregate  (cost=44.01..44.02 rows=1 width=8)
	  ->  Index Scan using sbtest4_pkey on sbtest4  (cost=0.43..43.98 rows=10 width=4)
	        Index Cond: ((id >= 4852867) AND (id <= 4852876))

table 5 : explain SELECT SUM(k) FROM sbtest5 WHERE id BETWEEN 5393338 AND 5393347
	Aggregate  (cost=43.87..43.88 rows=1 width=8)
	  ->  Index Scan using sbtest5_pkey on sbtest5  (cost=0.43..43.85 rows=10 width=4)
	        Index Cond: ((id >= 5393338) AND (id <= 5393347))

table 6 : explain SELECT SUM(k) FROM sbtest6 WHERE id BETWEEN 1622051 AND 1622060
	Aggregate  (cost=43.83..43.84 rows=1 width=8)
	  ->  Index Scan using sbtest6_pkey on sbtest6  (cost=0.43..43.80 rows=10 width=4)
	        Index Cond: ((id >= 1622051) AND (id <= 1622060))

table 7 : explain SELECT SUM(k) FROM sbtest7 WHERE id BETWEEN 9542852 AND 9542861
	Aggregate  (cost=43.82..43.83 rows=1 width=8)
	  ->  Index Scan using sbtest7_pkey on sbtest7  (cost=0.43..43.79 rows=10 width=4)
	        Index Cond: ((id >= 9542852) AND (id <= 9542861))

table 8 : explain SELECT SUM(k) FROM sbtest8 WHERE id BETWEEN 3213958 AND 3213967
	Aggregate  (cost=43.81..43.82 rows=1 width=8)
	  ->  Index Scan using sbtest8_pkey on sbtest8  (cost=0.43..43.79 rows=10 width=4)
	        Index Cond: ((id >= 3213958) AND (id <= 3213967))

for: simple_ranges
table 1 : explain SELECT c FROM sbtest1 WHERE id BETWEEN 7427429 AND 7427438
	Index Scan using sbtest1_pkey on sbtest1  (cost=0.43..43.80 rows=10 width=121)
	  Index Cond: ((id >= 7427429) AND (id <= 7427438))

table 2 : explain SELECT c FROM sbtest2 WHERE id BETWEEN 2306950 AND 2306959
	Index Scan using sbtest2_pkey on sbtest2  (cost=0.43..47.81 rows=11 width=121)
	  Index Cond: ((id >= 2306950) AND (id <= 2306959))

table 3 : explain SELECT c FROM sbtest3 WHERE id BETWEEN 7116881 AND 7116890
	Index Scan using sbtest3_pkey on sbtest3  (cost=0.43..43.81 rows=10 width=121)
	  Index Cond: ((id >= 7116881) AND (id <= 7116890))

table 4 : explain SELECT c FROM sbtest4 WHERE id BETWEEN 8459818 AND 8459827
	Index Scan using sbtest4_pkey on sbtest4  (cost=0.43..40.03 rows=9 width=121)
	  Index Cond: ((id >= 8459818) AND (id <= 8459827))

table 5 : explain SELECT c FROM sbtest5 WHERE id BETWEEN 8559347 AND 8559356
	Index Scan using sbtest5_pkey on sbtest5  (cost=0.43..47.78 rows=11 width=121)
	  Index Cond: ((id >= 8559347) AND (id <= 8559356))

table 6 : explain SELECT c FROM sbtest6 WHERE id BETWEEN 850340 AND 850349
	Index Scan using sbtest6_pkey on sbtest6  (cost=0.43..43.80 rows=10 width=121)
	  Index Cond: ((id >= 850340) AND (id <= 850349))

table 7 : explain SELECT c FROM sbtest7 WHERE id BETWEEN 5950247 AND 5950256
	Index Scan using sbtest7_pkey on sbtest7  (cost=0.43..43.79 rows=10 width=121)
	  Index Cond: ((id >= 5950247) AND (id <= 5950256))

table 8 : explain SELECT c FROM sbtest8 WHERE id BETWEEN 6569456 AND 6569465
	Index Scan using sbtest8_pkey on sbtest8  (cost=0.43..43.79 rows=10 width=121)
	  Index Cond: ((id >= 6569456) AND (id <= 6569465))

for: order_ranges
table 1 : explain SELECT c FROM sbtest1 WHERE id BETWEEN 6659802 AND 6659811 ORDER BY c
	Sort  (cost=43.97..43.99 rows=10 width=121)
	  Sort Key: c
	  ->  Index Scan using sbtest1_pkey on sbtest1  (cost=0.43..43.80 rows=10 width=121)
	        Index Cond: ((id >= 6659802) AND (id <= 6659811))

table 2 : explain SELECT c FROM sbtest2 WHERE id BETWEEN 9767161 AND 9767170 ORDER BY c
	Sort  (cost=44.04..44.07 rows=10 width=121)
	  Sort Key: c
	  ->  Index Scan using sbtest2_pkey on sbtest2  (cost=0.43..43.88 rows=10 width=121)
	        Index Cond: ((id >= 9767161) AND (id <= 9767170))

table 3 : explain SELECT c FROM sbtest3 WHERE id BETWEEN 8394756 AND 8394765 ORDER BY c
	Sort  (cost=43.98..44.00 rows=10 width=121)
	  Sort Key: c
	  ->  Index Scan using sbtest3_pkey on sbtest3  (cost=0.43..43.81 rows=10 width=121)
	        Index Cond: ((id >= 8394756) AND (id <= 8394765))

table 4 : explain SELECT c FROM sbtest4 WHERE id BETWEEN 5029007 AND 5029016 ORDER BY c
	Sort  (cost=44.15..44.17 rows=10 width=121)
	  Sort Key: c
	  ->  Index Scan using sbtest4_pkey on sbtest4  (cost=0.43..43.98 rows=10 width=121)
	        Index Cond: ((id >= 5029007) AND (id <= 5029016))

table 5 : explain SELECT c FROM sbtest5 WHERE id BETWEEN 1415374 AND 1415383 ORDER BY c
	Sort  (cost=40.06..40.08 rows=9 width=121)
	  Sort Key: c
	  ->  Index Scan using sbtest5_pkey on sbtest5  (cost=0.43..39.91 rows=9 width=121)
	        Index Cond: ((id >= 1415374) AND (id <= 1415383))

table 6 : explain SELECT c FROM sbtest6 WHERE id BETWEEN 9553230 AND 9553239 ORDER BY c
	Sort  (cost=43.97..44.00 rows=10 width=121)
	  Sort Key: c
	  ->  Index Scan using sbtest6_pkey on sbtest6  (cost=0.43..43.80 rows=10 width=121)
	        Index Cond: ((id >= 9553230) AND (id <= 9553239))

table 7 : explain SELECT c FROM sbtest7 WHERE id BETWEEN 6720287 AND 6720296 ORDER BY c
	Sort  (cost=43.96..43.98 rows=10 width=121)
	  Sort Key: c
	  ->  Index Scan using sbtest7_pkey on sbtest7  (cost=0.43..43.79 rows=10 width=121)
	        Index Cond: ((id >= 6720287) AND (id <= 6720296))

table 8 : explain SELECT c FROM sbtest8 WHERE id BETWEEN 574455 AND 574464 ORDER BY c
	Sort  (cost=47.90..47.93 rows=11 width=121)
	  Sort Key: c
	  ->  Index Scan using sbtest8_pkey on sbtest8  (cost=0.43..47.71 rows=11 width=121)
	        Index Cond: ((id >= 574455) AND (id <= 574464))

for: sum_ranges
table 1 : explain SELECT SUM(k) FROM sbtest1 WHERE id BETWEEN 3997348 AND 3997357
	Aggregate  (cost=47.76..47.77 rows=1 width=8)
	  ->  Index Scan using sbtest1_pkey on sbtest1  (cost=0.43..47.73 rows=11 width=4)
	        Index Cond: ((id >= 3997348) AND (id <= 3997357))

table 2 : explain SELECT SUM(k) FROM sbtest2 WHERE id BETWEEN 5806944 AND 5806953
	Aggregate  (cost=43.90..43.91 rows=1 width=8)
	  ->  Index Scan using sbtest2_pkey on sbtest2  (cost=0.43..43.88 rows=10 width=4)
	        Index Cond: ((id >= 5806944) AND (id <= 5806953))

table 3 : explain SELECT SUM(k) FROM sbtest3 WHERE id BETWEEN 9824899 AND 9824908
	Aggregate  (cost=43.84..43.85 rows=1 width=8)
	  ->  Index Scan using sbtest3_pkey on sbtest3  (cost=0.43..43.81 rows=10 width=4)
	        Index Cond: ((id >= 9824899) AND (id <= 9824908))

table 4 : explain SELECT SUM(k) FROM sbtest4 WHERE id BETWEEN 9781752 AND 9781761
	Aggregate  (cost=40.06..40.07 rows=1 width=8)
	  ->  Index Scan using sbtest4_pkey on sbtest4  (cost=0.43..40.03 rows=9 width=4)
	        Index Cond: ((id >= 9781752) AND (id <= 9781761))

table 5 : explain SELECT SUM(k) FROM sbtest5 WHERE id BETWEEN 1099074 AND 1099083
	Aggregate  (cost=43.87..43.88 rows=1 width=8)
	  ->  Index Scan using sbtest5_pkey on sbtest5  (cost=0.43..43.85 rows=10 width=4)
	        Index Cond: ((id >= 1099074) AND (id <= 1099083))

table 6 : explain SELECT SUM(k) FROM sbtest6 WHERE id BETWEEN 468727 AND 468736
	Aggregate  (cost=43.83..43.84 rows=1 width=8)
	  ->  Index Scan using sbtest6_pkey on sbtest6  (cost=0.43..43.80 rows=10 width=4)
	        Index Cond: ((id >= 468727) AND (id <= 468736))

table 7 : explain SELECT SUM(k) FROM sbtest7 WHERE id BETWEEN 3151163 AND 3151172
	Aggregate  (cost=39.89..39.90 rows=1 width=8)
	  ->  Index Scan using sbtest7_pkey on sbtest7  (cost=0.43..39.87 rows=9 width=4)
	        Index Cond: ((id >= 3151163) AND (id <= 3151172))

table 8 : explain SELECT SUM(k) FROM sbtest8 WHERE id BETWEEN 8622695 AND 8622704
	Aggregate  (cost=43.81..43.82 rows=1 width=8)
	  ->  Index Scan using sbtest8_pkey on sbtest8  (cost=0.43..43.79 rows=10 width=4)
	        Index Cond: ((id >= 8622695) AND (id <= 8622704))

for: order_ranges
table 1 : explain SELECT c FROM sbtest1 WHERE id BETWEEN 7726031 AND 7726040 ORDER BY c
	Sort  (cost=40.02..40.04 rows=9 width=121)
	  Sort Key: c
	  ->  Index Scan using sbtest1_pkey on sbtest1  (cost=0.43..39.87 rows=9 width=121)
	        Index Cond: ((id >= 7726031) AND (id <= 7726040))

table 2 : explain SELECT c FROM sbtest2 WHERE id BETWEEN 612434 AND 612443 ORDER BY c
	Sort  (cost=48.00..48.03 rows=11 width=121)
	  Sort Key: c
	  ->  Index Scan using sbtest2_pkey on sbtest2  (cost=0.43..47.81 rows=11 width=121)
	        Index Cond: ((id >= 612434) AND (id <= 612443))

table 3 : explain SELECT c FROM sbtest3 WHERE id BETWEEN 7452451 AND 7452460 ORDER BY c
	Sort  (cost=47.93..47.96 rows=11 width=121)
	  Sort Key: c
	  ->  Index Scan using sbtest3_pkey on sbtest3  (cost=0.43..47.74 rows=11 width=121)
	        Index Cond: ((id >= 7452451) AND (id <= 7452460))

table 4 : explain SELECT c FROM sbtest4 WHERE id BETWEEN 4477811 AND 4477820 ORDER BY c
	Sort  (cost=44.15..44.17 rows=10 width=121)
	  Sort Key: c
	  ->  Index Scan using sbtest4_pkey on sbtest4  (cost=0.43..43.98 rows=10 width=121)
	        Index Cond: ((id >= 4477811) AND (id <= 4477820))

table 5 : explain SELECT c FROM sbtest5 WHERE id BETWEEN 7421155 AND 7421164 ORDER BY c
	Sort  (cost=44.01..44.04 rows=10 width=121)
	  Sort Key: c
	  ->  Index Scan using sbtest5_pkey on sbtest5  (cost=0.43..43.85 rows=10 width=121)
	        Index Cond: ((id >= 7421155) AND (id <= 7421164))

table 6 : explain SELECT c FROM sbtest6 WHERE id BETWEEN 1820656 AND 1820665 ORDER BY c
	Sort  (cost=43.97..44.00 rows=10 width=121)
	  Sort Key: c
	  ->  Index Scan using sbtest6_pkey on sbtest6  (cost=0.43..43.80 rows=10 width=121)
	        Index Cond: ((id >= 1820656) AND (id <= 1820665))

table 7 : explain SELECT c FROM sbtest7 WHERE id BETWEEN 1914900 AND 1914909 ORDER BY c
	Sort  (cost=43.96..43.98 rows=10 width=121)
	  Sort Key: c
	  ->  Index Scan using sbtest7_pkey on sbtest7  (cost=0.43..43.79 rows=10 width=121)
	        Index Cond: ((id >= 1914900) AND (id <= 1914909))

table 8 : explain SELECT c FROM sbtest8 WHERE id BETWEEN 7501377 AND 7501386 ORDER BY c
	Sort  (cost=43.95..43.98 rows=10 width=121)
	  Sort Key: c
	  ->  Index Scan using sbtest8_pkey on sbtest8  (cost=0.43..43.79 rows=10 width=121)
	        Index Cond: ((id >= 7501377) AND (id <= 7501386))

for: order_ranges
table 1 : explain SELECT c FROM sbtest1 WHERE id BETWEEN 4849454 AND 4849463 ORDER BY c
	Sort  (cost=40.02..40.04 rows=9 width=121)
	  Sort Key: c
	  ->  Index Scan using sbtest1_pkey on sbtest1  (cost=0.43..39.87 rows=9 width=121)
	        Index Cond: ((id >= 4849454) AND (id <= 4849463))

table 2 : explain SELECT c FROM sbtest2 WHERE id BETWEEN 5564608 AND 5564617 ORDER BY c
	Sort  (cost=40.09..40.11 rows=9 width=121)
	  Sort Key: c
	  ->  Index Scan using sbtest2_pkey on sbtest2  (cost=0.43..39.94 rows=9 width=121)
	        Index Cond: ((id >= 5564608) AND (id <= 5564617))

table 3 : explain SELECT c FROM sbtest3 WHERE id BETWEEN 65390 AND 65399 ORDER BY c
	Sort  (cost=47.93..47.96 rows=11 width=121)
	  Sort Key: c
	  ->  Index Scan using sbtest3_pkey on sbtest3  (cost=0.43..47.74 rows=11 width=121)
	        Index Cond: ((id >= 65390) AND (id <= 65399))

table 4 : explain SELECT c FROM sbtest4 WHERE id BETWEEN 4424675 AND 4424684 ORDER BY c
	Sort  (cost=44.15..44.17 rows=10 width=121)
	  Sort Key: c
	  ->  Index Scan using sbtest4_pkey on sbtest4  (cost=0.43..43.98 rows=10 width=121)
	        Index Cond: ((id >= 4424675) AND (id <= 4424684))

table 5 : explain SELECT c FROM sbtest5 WHERE id BETWEEN 6154670 AND 6154679 ORDER BY c
	Sort  (cost=51.93..51.96 rows=12 width=121)
	  Sort Key: c
	  ->  Index Scan using sbtest5_pkey on sbtest5  (cost=0.43..51.71 rows=12 width=121)
	        Index Cond: ((id >= 6154670) AND (id <= 6154679))

table 6 : explain SELECT c FROM sbtest6 WHERE id BETWEEN 5267956 AND 5267965 ORDER BY c
	Sort  (cost=43.97..44.00 rows=10 width=121)
	  Sort Key: c
	  ->  Index Scan using sbtest6_pkey on sbtest6  (cost=0.43..43.80 rows=10 width=121)
	        Index Cond: ((id >= 5267956) AND (id <= 5267965))

table 7 : explain SELECT c FROM sbtest7 WHERE id BETWEEN 1826500 AND 1826509 ORDER BY c
	Sort  (cost=40.01..40.03 rows=9 width=121)
	  Sort Key: c
	  ->  Index Scan using sbtest7_pkey on sbtest7  (cost=0.43..39.87 rows=9 width=121)
	        Index Cond: ((id >= 1826500) AND (id <= 1826509))

table 8 : explain SELECT c FROM sbtest8 WHERE id BETWEEN 4541131 AND 4541140 ORDER BY c
	Sort  (cost=43.95..43.98 rows=10 width=121)
	  Sort Key: c
	  ->  Index Scan using sbtest8_pkey on sbtest8  (cost=0.43..43.79 rows=10 width=121)
	        Index Cond: ((id >= 4541131) AND (id <= 4541140))

for: order_ranges
table 1 : explain SELECT c FROM sbtest1 WHERE id BETWEEN 3719467 AND 3719476 ORDER BY c
	Sort  (cost=43.97..43.99 rows=10 width=121)
	  Sort Key: c
	  ->  Index Scan using sbtest1_pkey on sbtest1  (cost=0.43..43.80 rows=10 width=121)
	        Index Cond: ((id >= 3719467) AND (id <= 3719476))

table 2 : explain SELECT c FROM sbtest2 WHERE id BETWEEN 9961623 AND 9961632 ORDER BY c
	Sort  (cost=44.04..44.07 rows=10 width=121)
	  Sort Key: c
	  ->  Index Scan using sbtest2_pkey on sbtest2  (cost=0.43..43.88 rows=10 width=121)
	        Index Cond: ((id >= 9961623) AND (id <= 9961632))

table 3 : explain SELECT c FROM sbtest3 WHERE id BETWEEN 4241269 AND 4241278 ORDER BY c
	Sort  (cost=43.98..44.00 rows=10 width=121)
	  Sort Key: c
	  ->  Index Scan using sbtest3_pkey on sbtest3  (cost=0.43..43.81 rows=10 width=121)
	        Index Cond: ((id >= 4241269) AND (id <= 4241278))

table 4 : explain SELECT c FROM sbtest4 WHERE id BETWEEN 3554942 AND 3554951 ORDER BY c
	Sort  (cost=44.15..44.17 rows=10 width=121)
	  Sort Key: c
	  ->  Index Scan using sbtest4_pkey on sbtest4  (cost=0.43..43.98 rows=10 width=121)
	        Index Cond: ((id >= 3554942) AND (id <= 3554951))

table 5 : explain SELECT c FROM sbtest5 WHERE id BETWEEN 8414521 AND 8414530 ORDER BY c
	Sort  (cost=44.01..44.04 rows=10 width=121)
	  Sort Key: c
	  ->  Index Scan using sbtest5_pkey on sbtest5  (cost=0.43..43.85 rows=10 width=121)
	        Index Cond: ((id >= 8414521) AND (id <= 8414530))

table 6 : explain SELECT c FROM sbtest6 WHERE id BETWEEN 4097377 AND 4097386 ORDER BY c
	Sort  (cost=40.02..40.04 rows=9 width=121)
	  Sort Key: c
	  ->  Index Scan using sbtest6_pkey on sbtest6  (cost=0.43..39.88 rows=9 width=121)
	        Index Cond: ((id >= 4097377) AND (id <= 4097386))

table 7 : explain SELECT c FROM sbtest7 WHERE id BETWEEN 3235438 AND 3235447 ORDER BY c
	Sort  (cost=47.91..47.94 rows=11 width=121)
	  Sort Key: c
	  ->  Index Scan using sbtest7_pkey on sbtest7  (cost=0.43..47.72 rows=11 width=121)
	        Index Cond: ((id >= 3235438) AND (id <= 3235447))

table 8 : explain SELECT c FROM sbtest8 WHERE id BETWEEN 2499637 AND 2499646 ORDER BY c
	Sort  (cost=40.00..40.03 rows=9 width=121)
	  Sort Key: c
	  ->  Index Scan using sbtest8_pkey on sbtest8  (cost=0.43..39.86 rows=9 width=121)
	        Index Cond: ((id >= 2499637) AND (id <= 2499646))

for: order_ranges
table 1 : explain SELECT c FROM sbtest1 WHERE id BETWEEN 9941531 AND 9941540 ORDER BY c
	Sort  (cost=43.97..43.99 rows=10 width=121)
	  Sort Key: c
	  ->  Index Scan using sbtest1_pkey on sbtest1  (cost=0.43..43.80 rows=10 width=121)
	        Index Cond: ((id >= 9941531) AND (id <= 9941540))

table 2 : explain SELECT c FROM sbtest2 WHERE id BETWEEN 2550958 AND 2550967 ORDER BY c
	Sort  (cost=48.00..48.03 rows=11 width=121)
	  Sort Key: c
	  ->  Index Scan using sbtest2_pkey on sbtest2  (cost=0.43..47.81 rows=11 width=121)
	        Index Cond: ((id >= 2550958) AND (id <= 2550967))

table 3 : explain SELECT c FROM sbtest3 WHERE id BETWEEN 7693966 AND 7693975 ORDER BY c
	Sort  (cost=47.93..47.96 rows=11 width=121)
	  Sort Key: c
	  ->  Index Scan using sbtest3_pkey on sbtest3  (cost=0.43..47.74 rows=11 width=121)
	        Index Cond: ((id >= 7693966) AND (id <= 7693975))

table 4 : explain SELECT c FROM sbtest4 WHERE id BETWEEN 4785566 AND 4785575 ORDER BY c
	Sort  (cost=44.15..44.17 rows=10 width=121)
	  Sort Key: c
	  ->  Index Scan using sbtest4_pkey on sbtest4  (cost=0.43..43.98 rows=10 width=121)
	        Index Cond: ((id >= 4785566) AND (id <= 4785575))

table 5 : explain SELECT c FROM sbtest5 WHERE id BETWEEN 642463 AND 642472 ORDER BY c
	Sort  (cost=44.01..44.04 rows=10 width=121)
	  Sort Key: c
	  ->  Index Scan using sbtest5_pkey on sbtest5  (cost=0.43..43.85 rows=10 width=121)
	        Index Cond: ((id >= 642463) AND (id <= 642472))

table 6 : explain SELECT c FROM sbtest6 WHERE id BETWEEN 5446223 AND 5446232 ORDER BY c
	Sort  (cost=40.02..40.04 rows=9 width=121)
	  Sort Key: c
	  ->  Index Scan using sbtest6_pkey on sbtest6  (cost=0.43..39.88 rows=9 width=121)
	        Index Cond: ((id >= 5446223) AND (id <= 5446232))

table 7 : explain SELECT c FROM sbtest7 WHERE id BETWEEN 9781353 AND 9781362 ORDER BY c
	Sort  (cost=43.96..43.98 rows=10 width=121)
	  Sort Key: c
	  ->  Index Scan using sbtest7_pkey on sbtest7  (cost=0.43..43.79 rows=10 width=121)
	        Index Cond: ((id >= 9781353) AND (id <= 9781362))

table 8 : explain SELECT c FROM sbtest8 WHERE id BETWEEN 6308822 AND 6308831 ORDER BY c
	Sort  (cost=43.95..43.98 rows=10 width=121)
	  Sort Key: c
	  ->  Index Scan using sbtest8_pkey on sbtest8  (cost=0.43..43.79 rows=10 width=121)
	        Index Cond: ((id >= 6308822) AND (id <= 6308831))

for: order_ranges
table 1 : explain SELECT c FROM sbtest1 WHERE id BETWEEN 8653640 AND 8653649 ORDER BY c
	Sort  (cost=40.02..40.04 rows=9 width=121)
	  Sort Key: c
	  ->  Index Scan using sbtest1_pkey on sbtest1  (cost=0.43..39.87 rows=9 width=121)
	        Index Cond: ((id >= 8653640) AND (id <= 8653649))

table 2 : explain SELECT c FROM sbtest2 WHERE id BETWEEN 1018065 AND 1018074 ORDER BY c
	Sort  (cost=40.09..40.11 rows=9 width=121)
	  Sort Key: c
	  ->  Index Scan using sbtest2_pkey on sbtest2  (cost=0.43..39.94 rows=9 width=121)
	        Index Cond: ((id >= 1018065) AND (id <= 1018074))

table 3 : explain SELECT c FROM sbtest3 WHERE id BETWEEN 3299932 AND 3299941 ORDER BY c
	Sort  (cost=43.98..44.00 rows=10 width=121)
	  Sort Key: c
	  ->  Index Scan using sbtest3_pkey on sbtest3  (cost=0.43..43.81 rows=10 width=121)
	        Index Cond: ((id >= 3299932) AND (id <= 3299941))

table 4 : explain SELECT c FROM sbtest4 WHERE id BETWEEN 9745617 AND 9745626 ORDER BY c
	Sort  (cost=40.18..40.20 rows=9 width=121)
	  Sort Key: c
	  ->  Index Scan using sbtest4_pkey on sbtest4  (cost=0.43..40.03 rows=9 width=121)
	        Index Cond: ((id >= 9745617) AND (id <= 9745626))

table 5 : explain SELECT c FROM sbtest5 WHERE id BETWEEN 7098974 AND 7098983 ORDER BY c
	Sort  (cost=44.01..44.04 rows=10 width=121)
	  Sort Key: c
	  ->  Index Scan using sbtest5_pkey on sbtest5  (cost=0.43..43.85 rows=10 width=121)
	        Index Cond: ((id >= 7098974) AND (id <= 7098983))

table 6 : explain SELECT c FROM sbtest6 WHERE id BETWEEN 4893543 AND 4893552 ORDER BY c
	Sort  (cost=43.97..44.00 rows=10 width=121)
	  Sort Key: c
	  ->  Index Scan using sbtest6_pkey on sbtest6  (cost=0.43..43.80 rows=10 width=121)
	        Index Cond: ((id >= 4893543) AND (id <= 4893552))

table 7 : explain SELECT c FROM sbtest7 WHERE id BETWEEN 2338684 AND 2338693 ORDER BY c
	Sort  (cost=43.96..43.98 rows=10 width=121)
	  Sort Key: c
	  ->  Index Scan using sbtest7_pkey on sbtest7  (cost=0.43..43.79 rows=10 width=121)
	        Index Cond: ((id >= 2338684) AND (id <= 2338693))

table 8 : explain SELECT c FROM sbtest8 WHERE id BETWEEN 2534853 AND 2534862 ORDER BY c
	Sort  (cost=47.90..47.93 rows=11 width=121)
	  Sort Key: c
	  ->  Index Scan using sbtest8_pkey on sbtest8  (cost=0.43..47.71 rows=11 width=121)
	        Index Cond: ((id >= 2534853) AND (id <= 2534862))

for: order_ranges
table 1 : explain SELECT c FROM sbtest1 WHERE id BETWEEN 3393539 AND 3393548 ORDER BY c
	Sort  (cost=47.92..47.95 rows=11 width=121)
	  Sort Key: c
	  ->  Index Scan using sbtest1_pkey on sbtest1  (cost=0.43..47.73 rows=11 width=121)
	        Index Cond: ((id >= 3393539) AND (id <= 3393548))

table 2 : explain SELECT c FROM sbtest2 WHERE id BETWEEN 2313592 AND 2313601 ORDER BY c
	Sort  (cost=48.00..48.03 rows=11 width=121)
	  Sort Key: c
	  ->  Index Scan using sbtest2_pkey on sbtest2  (cost=0.43..47.81 rows=11 width=121)
	        Index Cond: ((id >= 2313592) AND (id <= 2313601))

table 3 : explain SELECT c FROM sbtest3 WHERE id BETWEEN 1802477 AND 1802486 ORDER BY c
	Sort  (cost=43.98..44.00 rows=10 width=121)
	  Sort Key: c
	  ->  Index Scan using sbtest3_pkey on sbtest3  (cost=0.43..43.81 rows=10 width=121)
	        Index Cond: ((id >= 1802477) AND (id <= 1802486))

table 4 : explain SELECT c FROM sbtest4 WHERE id BETWEEN 3481465 AND 3481474 ORDER BY c
	Sort  (cost=44.15..44.17 rows=10 width=121)
	  Sort Key: c
	  ->  Index Scan using sbtest4_pkey on sbtest4  (cost=0.43..43.98 rows=10 width=121)
	        Index Cond: ((id >= 3481465) AND (id <= 3481474))

table 5 : explain SELECT c FROM sbtest5 WHERE id BETWEEN 9594014 AND 9594023 ORDER BY c
	Sort  (cost=44.01..44.04 rows=10 width=121)
	  Sort Key: c
	  ->  Index Scan using sbtest5_pkey on sbtest5  (cost=0.43..43.85 rows=10 width=121)
	        Index Cond: ((id >= 9594014) AND (id <= 9594023))

table 6 : explain SELECT c FROM sbtest6 WHERE id BETWEEN 8172777 AND 8172786 ORDER BY c
	Sort  (cost=43.97..44.00 rows=10 width=121)
	  Sort Key: c
	  ->  Index Scan using sbtest6_pkey on sbtest6  (cost=0.43..43.80 rows=10 width=121)
	        Index Cond: ((id >= 8172777) AND (id <= 8172786))

table 7 : explain SELECT c FROM sbtest7 WHERE id BETWEEN 6553139 AND 6553148 ORDER BY c
	Sort  (cost=47.91..47.94 rows=11 width=121)
	  Sort Key: c
	  ->  Index Scan using sbtest7_pkey on sbtest7  (cost=0.43..47.72 rows=11 width=121)
	        Index Cond: ((id >= 6553139) AND (id <= 6553148))

table 8 : explain SELECT c FROM sbtest8 WHERE id BETWEEN 5582524 AND 5582533 ORDER BY c
	Sort  (cost=43.95..43.98 rows=10 width=121)
	  Sort Key: c
	  ->  Index Scan using sbtest8_pkey on sbtest8  (cost=0.43..43.79 rows=10 width=121)
	        Index Cond: ((id >= 5582524) AND (id <= 5582533))

for: order_ranges
table 1 : explain SELECT c FROM sbtest1 WHERE id BETWEEN 3573468 AND 3573477 ORDER BY c
	Sort  (cost=40.02..40.04 rows=9 width=121)
	  Sort Key: c
	  ->  Index Scan using sbtest1_pkey on sbtest1  (cost=0.43..39.87 rows=9 width=121)
	        Index Cond: ((id >= 3573468) AND (id <= 3573477))

table 2 : explain SELECT c FROM sbtest2 WHERE id BETWEEN 1493240 AND 1493249 ORDER BY c
	Sort  (cost=44.04..44.07 rows=10 width=121)
	  Sort Key: c
	  ->  Index Scan using sbtest2_pkey on sbtest2  (cost=0.43..43.88 rows=10 width=121)
	        Index Cond: ((id >= 1493240) AND (id <= 1493249))

table 3 : explain SELECT c FROM sbtest3 WHERE id BETWEEN 2035257 AND 2035266 ORDER BY c
	Sort  (cost=43.98..44.00 rows=10 width=121)
	  Sort Key: c
	  ->  Index Scan using sbtest3_pkey on sbtest3  (cost=0.43..43.81 rows=10 width=121)
	        Index Cond: ((id >= 2035257) AND (id <= 2035266))

table 4 : explain SELECT c FROM sbtest4 WHERE id BETWEEN 1964849 AND 1964858 ORDER BY c
	Sort  (cost=44.15..44.17 rows=10 width=121)
	  Sort Key: c
	  ->  Index Scan using sbtest4_pkey on sbtest4  (cost=0.43..43.98 rows=10 width=121)
	        Index Cond: ((id >= 1964849) AND (id <= 1964858))

table 5 : explain SELECT c FROM sbtest5 WHERE id BETWEEN 5166945 AND 5166954 ORDER BY c
	Sort  (cost=44.01..44.04 rows=10 width=121)
	  Sort Key: c
	  ->  Index Scan using sbtest5_pkey on sbtest5  (cost=0.43..43.85 rows=10 width=121)
	        Index Cond: ((id >= 5166945) AND (id <= 5166954))

table 6 : explain SELECT c FROM sbtest6 WHERE id BETWEEN 8744070 AND 8744079 ORDER BY c
	Sort  (cost=43.97..44.00 rows=10 width=121)
	  Sort Key: c
	  ->  Index Scan using sbtest6_pkey on sbtest6  (cost=0.43..43.80 rows=10 width=121)
	        Index Cond: ((id >= 8744070) AND (id <= 8744079))

table 7 : explain SELECT c FROM sbtest7 WHERE id BETWEEN 4286979 AND 4286988 ORDER BY c
	Sort  (cost=43.96..43.98 rows=10 width=121)
	  Sort Key: c
	  ->  Index Scan using sbtest7_pkey on sbtest7  (cost=0.43..43.79 rows=10 width=121)
	        Index Cond: ((id >= 4286979) AND (id <= 4286988))

table 8 : explain SELECT c FROM sbtest8 WHERE id BETWEEN 2609669 AND 2609678 ORDER BY c
	Sort  (cost=43.95..43.98 rows=10 width=121)
	  Sort Key: c
	  ->  Index Scan using sbtest8_pkey on sbtest8  (cost=0.43..43.79 rows=10 width=121)
	        Index Cond: ((id >= 2609669) AND (id <= 2609678))

for: sum_ranges
table 1 : explain SELECT SUM(k) FROM sbtest1 WHERE id BETWEEN 5343361 AND 5343370
	Aggregate  (cost=43.83..43.84 rows=1 width=8)
	  ->  Index Scan using sbtest1_pkey on sbtest1  (cost=0.43..43.80 rows=10 width=4)
	        Index Cond: ((id >= 5343361) AND (id <= 5343370))

table 2 : explain SELECT SUM(k) FROM sbtest2 WHERE id BETWEEN 8851754 AND 8851763
	Aggregate  (cost=43.90..43.91 rows=1 width=8)
	  ->  Index Scan using sbtest2_pkey on sbtest2  (cost=0.43..43.88 rows=10 width=4)
	        Index Cond: ((id >= 8851754) AND (id <= 8851763))

table 3 : explain SELECT SUM(k) FROM sbtest3 WHERE id BETWEEN 4689916 AND 4689925
	Aggregate  (cost=47.77..47.78 rows=1 width=8)
	  ->  Index Scan using sbtest3_pkey on sbtest3  (cost=0.43..47.74 rows=11 width=4)
	        Index Cond: ((id >= 4689916) AND (id <= 4689925))

table 4 : explain SELECT SUM(k) FROM sbtest4 WHERE id BETWEEN 3183760 AND 3183769
	Aggregate  (cost=47.96..47.97 rows=1 width=8)
	  ->  Index Scan using sbtest4_pkey on sbtest4  (cost=0.43..47.93 rows=11 width=4)
	        Index Cond: ((id >= 3183760) AND (id <= 3183769))

table 5 : explain SELECT SUM(k) FROM sbtest5 WHERE id BETWEEN 6745186 AND 6745195
	Aggregate  (cost=43.87..43.88 rows=1 width=8)
	  ->  Index Scan using sbtest5_pkey on sbtest5  (cost=0.43..43.85 rows=10 width=4)
	        Index Cond: ((id >= 6745186) AND (id <= 6745195))

table 6 : explain SELECT SUM(k) FROM sbtest6 WHERE id BETWEEN 250105 AND 250114
	Aggregate  (cost=47.76..47.77 rows=1 width=8)
	  ->  Index Scan using sbtest6_pkey on sbtest6  (cost=0.43..47.73 rows=11 width=4)
	        Index Cond: ((id >= 250105) AND (id <= 250114))

table 7 : explain SELECT SUM(k) FROM sbtest7 WHERE id BETWEEN 316564 AND 316573
	Aggregate  (cost=47.75..47.76 rows=1 width=8)
	  ->  Index Scan using sbtest7_pkey on sbtest7  (cost=0.43..47.72 rows=11 width=4)
	        Index Cond: ((id >= 316564) AND (id <= 316573))

table 8 : explain SELECT SUM(k) FROM sbtest8 WHERE id BETWEEN 6240309 AND 6240318
	Aggregate  (cost=43.81..43.82 rows=1 width=8)
	  ->  Index Scan using sbtest8_pkey on sbtest8  (cost=0.43..43.79 rows=10 width=4)
	        Index Cond: ((id >= 6240309) AND (id <= 6240318))

for: order_ranges
table 1 : explain SELECT c FROM sbtest1 WHERE id BETWEEN 9016263 AND 9016272 ORDER BY c
	Sort  (cost=43.97..43.99 rows=10 width=121)
	  Sort Key: c
	  ->  Index Scan using sbtest1_pkey on sbtest1  (cost=0.43..43.80 rows=10 width=121)
	        Index Cond: ((id >= 9016263) AND (id <= 9016272))

table 2 : explain SELECT c FROM sbtest2 WHERE id BETWEEN 6683933 AND 6683942 ORDER BY c
	Sort  (cost=48.00..48.03 rows=11 width=121)
	  Sort Key: c
	  ->  Index Scan using sbtest2_pkey on sbtest2  (cost=0.43..47.81 rows=11 width=121)
	        Index Cond: ((id >= 6683933) AND (id <= 6683942))

table 3 : explain SELECT c FROM sbtest3 WHERE id BETWEEN 1498854 AND 1498863 ORDER BY c
	Sort  (cost=43.98..44.00 rows=10 width=121)
	  Sort Key: c
	  ->  Index Scan using sbtest3_pkey on sbtest3  (cost=0.43..43.81 rows=10 width=121)
	        Index Cond: ((id >= 1498854) AND (id <= 1498863))

table 4 : explain SELECT c FROM sbtest4 WHERE id BETWEEN 1533032 AND 1533041 ORDER BY c
	Sort  (cost=44.15..44.17 rows=10 width=121)
	  Sort Key: c
	  ->  Index Scan using sbtest4_pkey on sbtest4  (cost=0.43..43.98 rows=10 width=121)
	        Index Cond: ((id >= 1533032) AND (id <= 1533041))

table 5 : explain SELECT c FROM sbtest5 WHERE id BETWEEN 4734939 AND 4734948 ORDER BY c
	Sort  (cost=40.06..40.08 rows=9 width=121)
	  Sort Key: c
	  ->  Index Scan using sbtest5_pkey on sbtest5  (cost=0.43..39.91 rows=9 width=121)
	        Index Cond: ((id >= 4734939) AND (id <= 4734948))

table 6 : explain SELECT c FROM sbtest6 WHERE id BETWEEN 1731032 AND 1731041 ORDER BY c
	Sort  (cost=40.02..40.04 rows=9 width=121)
	  Sort Key: c
	  ->  Index Scan using sbtest6_pkey on sbtest6  (cost=0.43..39.88 rows=9 width=121)
	        Index Cond: ((id >= 1731032) AND (id <= 1731041))

table 7 : explain SELECT c FROM sbtest7 WHERE id BETWEEN 2718165 AND 2718174 ORDER BY c
	Sort  (cost=43.96..43.98 rows=10 width=121)
	  Sort Key: c
	  ->  Index Scan using sbtest7_pkey on sbtest7  (cost=0.43..43.79 rows=10 width=121)
	        Index Cond: ((id >= 2718165) AND (id <= 2718174))

table 8 : explain SELECT c FROM sbtest8 WHERE id BETWEEN 873909 AND 873918 ORDER BY c
	Sort  (cost=43.95..43.98 rows=10 width=121)
	  Sort Key: c
	  ->  Index Scan using sbtest8_pkey on sbtest8  (cost=0.43..43.79 rows=10 width=121)
	        Index Cond: ((id >= 873909) AND (id <= 873918))

for: sum_ranges
table 1 : explain SELECT SUM(k) FROM sbtest1 WHERE id BETWEEN 9197609 AND 9197618
	Aggregate  (cost=43.83..43.84 rows=1 width=8)
	  ->  Index Scan using sbtest1_pkey on sbtest1  (cost=0.43..43.80 rows=10 width=4)
	        Index Cond: ((id >= 9197609) AND (id <= 9197618))

table 2 : explain SELECT SUM(k) FROM sbtest2 WHERE id BETWEEN 9928259 AND 9928268
	Aggregate  (cost=43.90..43.91 rows=1 width=8)
	  ->  Index Scan using sbtest2_pkey on sbtest2  (cost=0.43..43.88 rows=10 width=4)
	        Index Cond: ((id >= 9928259) AND (id <= 9928268))

table 3 : explain SELECT SUM(k) FROM sbtest3 WHERE id BETWEEN 5680815 AND 5680824
	Aggregate  (cost=43.84..43.85 rows=1 width=8)
	  ->  Index Scan using sbtest3_pkey on sbtest3  (cost=0.43..43.81 rows=10 width=4)
	        Index Cond: ((id >= 5680815) AND (id <= 5680824))

table 4 : explain SELECT SUM(k) FROM sbtest4 WHERE id BETWEEN 5084666 AND 5084675
	Aggregate  (cost=44.01..44.02 rows=1 width=8)
	  ->  Index Scan using sbtest4_pkey on sbtest4  (cost=0.43..43.98 rows=10 width=4)
	        Index Cond: ((id >= 5084666) AND (id <= 5084675))

table 5 : explain SELECT SUM(k) FROM sbtest5 WHERE id BETWEEN 8669999 AND 8670008
	Aggregate  (cost=43.87..43.88 rows=1 width=8)
	  ->  Index Scan using sbtest5_pkey on sbtest5  (cost=0.43..43.85 rows=10 width=4)
	        Index Cond: ((id >= 8669999) AND (id <= 8670008))

table 6 : explain SELECT SUM(k) FROM sbtest6 WHERE id BETWEEN 5139157 AND 5139166
	Aggregate  (cost=47.76..47.77 rows=1 width=8)
	  ->  Index Scan using sbtest6_pkey on sbtest6  (cost=0.43..47.73 rows=11 width=4)
	        Index Cond: ((id >= 5139157) AND (id <= 5139166))

table 7 : explain SELECT SUM(k) FROM sbtest7 WHERE id BETWEEN 5783122 AND 5783131
	Aggregate  (cost=47.75..47.76 rows=1 width=8)
	  ->  Index Scan using sbtest7_pkey on sbtest7  (cost=0.43..47.72 rows=11 width=4)
	        Index Cond: ((id >= 5783122) AND (id <= 5783131))

table 8 : explain SELECT SUM(k) FROM sbtest8 WHERE id BETWEEN 6288837 AND 6288846
	Aggregate  (cost=43.81..43.82 rows=1 width=8)
	  ->  Index Scan using sbtest8_pkey on sbtest8  (cost=0.43..43.79 rows=10 width=4)
	        Index Cond: ((id >= 6288837) AND (id <= 6288846))

for: order_ranges
table 1 : explain SELECT c FROM sbtest1 WHERE id BETWEEN 450311 AND 450320 ORDER BY c
	Sort  (cost=43.97..43.99 rows=10 width=121)
	  Sort Key: c
	  ->  Index Scan using sbtest1_pkey on sbtest1  (cost=0.43..43.80 rows=10 width=121)
	        Index Cond: ((id >= 450311) AND (id <= 450320))

table 2 : explain SELECT c FROM sbtest2 WHERE id BETWEEN 3197224 AND 3197233 ORDER BY c
	Sort  (cost=48.00..48.03 rows=11 width=121)
	  Sort Key: c
	  ->  Index Scan using sbtest2_pkey on sbtest2  (cost=0.43..47.81 rows=11 width=121)
	        Index Cond: ((id >= 3197224) AND (id <= 3197233))

table 3 : explain SELECT c FROM sbtest3 WHERE id BETWEEN 4447807 AND 4447816 ORDER BY c
	Sort  (cost=43.98..44.00 rows=10 width=121)
	  Sort Key: c
	  ->  Index Scan using sbtest3_pkey on sbtest3  (cost=0.43..43.81 rows=10 width=121)
	        Index Cond: ((id >= 4447807) AND (id <= 4447816))

table 4 : explain SELECT c FROM sbtest4 WHERE id BETWEEN 1924420 AND 1924429 ORDER BY c
	Sort  (cost=44.15..44.17 rows=10 width=121)
	  Sort Key: c
	  ->  Index Scan using sbtest4_pkey on sbtest4  (cost=0.43..43.98 rows=10 width=121)
	        Index Cond: ((id >= 1924420) AND (id <= 1924429))

table 5 : explain SELECT c FROM sbtest5 WHERE id BETWEEN 9550316 AND 9550325 ORDER BY c
	Sort  (cost=44.01..44.04 rows=10 width=121)
	  Sort Key: c
	  ->  Index Scan using sbtest5_pkey on sbtest5  (cost=0.43..43.85 rows=10 width=121)
	        Index Cond: ((id >= 9550316) AND (id <= 9550325))

table 6 : explain SELECT c FROM sbtest6 WHERE id BETWEEN 4522893 AND 4522902 ORDER BY c
	Sort  (cost=47.92..47.95 rows=11 width=121)
	  Sort Key: c
	  ->  Index Scan using sbtest6_pkey on sbtest6  (cost=0.43..47.73 rows=11 width=121)
	        Index Cond: ((id >= 4522893) AND (id <= 4522902))

table 7 : explain SELECT c FROM sbtest7 WHERE id BETWEEN 3725638 AND 3725647 ORDER BY c
	Sort  (cost=43.96..43.98 rows=10 width=121)
	  Sort Key: c
	  ->  Index Scan using sbtest7_pkey on sbtest7  (cost=0.43..43.79 rows=10 width=121)
	        Index Cond: ((id >= 3725638) AND (id <= 3725647))

table 8 : explain SELECT c FROM sbtest8 WHERE id BETWEEN 5577270 AND 5577279 ORDER BY c
	Sort  (cost=43.95..43.98 rows=10 width=121)
	  Sort Key: c
	  ->  Index Scan using sbtest8_pkey on sbtest8  (cost=0.43..43.79 rows=10 width=121)
	        Index Cond: ((id >= 5577270) AND (id <= 5577279))

for: order_ranges
table 1 : explain SELECT c FROM sbtest1 WHERE id BETWEEN 9043675 AND 9043684 ORDER BY c
	Sort  (cost=43.97..43.99 rows=10 width=121)
	  Sort Key: c
	  ->  Index Scan using sbtest1_pkey on sbtest1  (cost=0.43..43.80 rows=10 width=121)
	        Index Cond: ((id >= 9043675) AND (id <= 9043684))

table 2 : explain SELECT c FROM sbtest2 WHERE id BETWEEN 7885879 AND 7885888 ORDER BY c
	Sort  (cost=44.04..44.07 rows=10 width=121)
	  Sort Key: c
	  ->  Index Scan using sbtest2_pkey on sbtest2  (cost=0.43..43.88 rows=10 width=121)
	        Index Cond: ((id >= 7885879) AND (id <= 7885888))

table 3 : explain SELECT c FROM sbtest3 WHERE id BETWEEN 3291226 AND 3291235 ORDER BY c
	Sort  (cost=43.98..44.00 rows=10 width=121)
	  Sort Key: c
	  ->  Index Scan using sbtest3_pkey on sbtest3  (cost=0.43..43.81 rows=10 width=121)
	        Index Cond: ((id >= 3291226) AND (id <= 3291235))

table 4 : explain SELECT c FROM sbtest4 WHERE id BETWEEN 7750673 AND 7750682 ORDER BY c
	Sort  (cost=44.15..44.17 rows=10 width=121)
	  Sort Key: c
	  ->  Index Scan using sbtest4_pkey on sbtest4  (cost=0.43..43.98 rows=10 width=121)
	        Index Cond: ((id >= 7750673) AND (id <= 7750682))

table 5 : explain SELECT c FROM sbtest5 WHERE id BETWEEN 1577283 AND 1577292 ORDER BY c
	Sort  (cost=44.01..44.04 rows=10 width=121)
	  Sort Key: c
	  ->  Index Scan using sbtest5_pkey on sbtest5  (cost=0.43..43.85 rows=10 width=121)
	        Index Cond: ((id >= 1577283) AND (id <= 1577292))

table 6 : explain SELECT c FROM sbtest6 WHERE id BETWEEN 9590248 AND 9590257 ORDER BY c
	Sort  (cost=43.97..44.00 rows=10 width=121)
	  Sort Key: c
	  ->  Index Scan using sbtest6_pkey on sbtest6  (cost=0.43..43.80 rows=10 width=121)
	        Index Cond: ((id >= 9590248) AND (id <= 9590257))

table 7 : explain SELECT c FROM sbtest7 WHERE id BETWEEN 3807303 AND 3807312 ORDER BY c
	Sort  (cost=47.91..47.94 rows=11 width=121)
	  Sort Key: c
	  ->  Index Scan using sbtest7_pkey on sbtest7  (cost=0.43..47.72 rows=11 width=121)
	        Index Cond: ((id >= 3807303) AND (id <= 3807312))

table 8 : explain SELECT c FROM sbtest8 WHERE id BETWEEN 9738813 AND 9738822 ORDER BY c
	Sort  (cost=40.00..40.03 rows=9 width=121)
	  Sort Key: c
	  ->  Index Scan using sbtest8_pkey on sbtest8  (cost=0.43..39.86 rows=9 width=121)
	        Index Cond: ((id >= 9738813) AND (id <= 9738822))

for: simple_ranges
table 1 : explain SELECT c FROM sbtest1 WHERE id BETWEEN 7487249 AND 7487258
	Index Scan using sbtest1_pkey on sbtest1  (cost=0.43..43.80 rows=10 width=121)
	  Index Cond: ((id >= 7487249) AND (id <= 7487258))

table 2 : explain SELECT c FROM sbtest2 WHERE id BETWEEN 5074753 AND 5074762
	Index Scan using sbtest2_pkey on sbtest2  (cost=0.43..43.88 rows=10 width=121)
	  Index Cond: ((id >= 5074753) AND (id <= 5074762))

table 3 : explain SELECT c FROM sbtest3 WHERE id BETWEEN 2143957 AND 2143966
	Index Scan using sbtest3_pkey on sbtest3  (cost=0.43..43.81 rows=10 width=121)
	  Index Cond: ((id >= 2143957) AND (id <= 2143966))

table 4 : explain SELECT c FROM sbtest4 WHERE id BETWEEN 631446 AND 631455
	Index Scan using sbtest4_pkey on sbtest4  (cost=0.43..43.98 rows=10 width=121)
	  Index Cond: ((id >= 631446) AND (id <= 631455))

table 5 : explain SELECT c FROM sbtest5 WHERE id BETWEEN 8221438 AND 8221447
	Index Scan using sbtest5_pkey on sbtest5  (cost=0.43..39.91 rows=9 width=121)
	  Index Cond: ((id >= 8221438) AND (id <= 8221447))

table 6 : explain SELECT c FROM sbtest6 WHERE id BETWEEN 8834804 AND 8834813
	Index Scan using sbtest6_pkey on sbtest6  (cost=0.43..43.80 rows=10 width=121)
	  Index Cond: ((id >= 8834804) AND (id <= 8834813))

table 7 : explain SELECT c FROM sbtest7 WHERE id BETWEEN 7856173 AND 7856182
	Index Scan using sbtest7_pkey on sbtest7  (cost=0.43..43.79 rows=10 width=121)
	  Index Cond: ((id >= 7856173) AND (id <= 7856182))

table 8 : explain SELECT c FROM sbtest8 WHERE id BETWEEN 9978817 AND 9978826
	Index Scan using sbtest8_pkey on sbtest8  (cost=0.43..39.86 rows=9 width=121)
	  Index Cond: ((id >= 9978817) AND (id <= 9978826))

for: sum_ranges
table 1 : explain SELECT SUM(k) FROM sbtest1 WHERE id BETWEEN 6630434 AND 6630443
	Aggregate  (cost=43.83..43.84 rows=1 width=8)
	  ->  Index Scan using sbtest1_pkey on sbtest1  (cost=0.43..43.80 rows=10 width=4)
	        Index Cond: ((id >= 6630434) AND (id <= 6630443))

table 2 : explain SELECT SUM(k) FROM sbtest2 WHERE id BETWEEN 5342854 AND 5342863
	Aggregate  (cost=43.90..43.91 rows=1 width=8)
	  ->  Index Scan using sbtest2_pkey on sbtest2  (cost=0.43..43.88 rows=10 width=4)
	        Index Cond: ((id >= 5342854) AND (id <= 5342863))

table 3 : explain SELECT SUM(k) FROM sbtest3 WHERE id BETWEEN 6916417 AND 6916426
	Aggregate  (cost=47.77..47.78 rows=1 width=8)
	  ->  Index Scan using sbtest3_pkey on sbtest3  (cost=0.43..47.74 rows=11 width=4)
	        Index Cond: ((id >= 6916417) AND (id <= 6916426))

table 4 : explain SELECT SUM(k) FROM sbtest4 WHERE id BETWEEN 8162903 AND 8162912
	Aggregate  (cost=44.01..44.02 rows=1 width=8)
	  ->  Index Scan using sbtest4_pkey on sbtest4  (cost=0.43..43.98 rows=10 width=4)
	        Index Cond: ((id >= 8162903) AND (id <= 8162912))

table 5 : explain SELECT SUM(k) FROM sbtest5 WHERE id BETWEEN 13978 AND 13987
	Aggregate  (cost=43.87..43.88 rows=1 width=8)
	  ->  Index Scan using sbtest5_pkey on sbtest5  (cost=0.43..43.85 rows=10 width=4)
	        Index Cond: ((id >= 13978) AND (id <= 13987))

table 6 : explain SELECT SUM(k) FROM sbtest6 WHERE id BETWEEN 4530801 AND 4530810
	Aggregate  (cost=47.76..47.77 rows=1 width=8)
	  ->  Index Scan using sbtest6_pkey on sbtest6  (cost=0.43..47.73 rows=11 width=4)
	        Index Cond: ((id >= 4530801) AND (id <= 4530810))

table 7 : explain SELECT SUM(k) FROM sbtest7 WHERE id BETWEEN 7117993 AND 7118002
	Aggregate  (cost=39.89..39.90 rows=1 width=8)
	  ->  Index Scan using sbtest7_pkey on sbtest7  (cost=0.43..39.87 rows=9 width=4)
	        Index Cond: ((id >= 7117993) AND (id <= 7118002))

table 8 : explain SELECT SUM(k) FROM sbtest8 WHERE id BETWEEN 7886822 AND 7886831
	Aggregate  (cost=43.81..43.82 rows=1 width=8)
	  ->  Index Scan using sbtest8_pkey on sbtest8  (cost=0.43..43.79 rows=10 width=4)
	        Index Cond: ((id >= 7886822) AND (id <= 7886831))

for: sum_ranges
table 1 : explain SELECT SUM(k) FROM sbtest1 WHERE id BETWEEN 4920873 AND 4920882
	Aggregate  (cost=43.83..43.84 rows=1 width=8)
	  ->  Index Scan using sbtest1_pkey on sbtest1  (cost=0.43..43.80 rows=10 width=4)
	        Index Cond: ((id >= 4920873) AND (id <= 4920882))

table 2 : explain SELECT SUM(k) FROM sbtest2 WHERE id BETWEEN 1310653 AND 1310662
	Aggregate  (cost=43.90..43.91 rows=1 width=8)
	  ->  Index Scan using sbtest2_pkey on sbtest2  (cost=0.43..43.88 rows=10 width=4)
	        Index Cond: ((id >= 1310653) AND (id <= 1310662))

table 3 : explain SELECT SUM(k) FROM sbtest3 WHERE id BETWEEN 1714184 AND 1714193
	Aggregate  (cost=43.84..43.85 rows=1 width=8)
	  ->  Index Scan using sbtest3_pkey on sbtest3  (cost=0.43..43.81 rows=10 width=4)
	        Index Cond: ((id >= 1714184) AND (id <= 1714193))

table 4 : explain SELECT SUM(k) FROM sbtest4 WHERE id BETWEEN 5077733 AND 5077742
	Aggregate  (cost=44.01..44.02 rows=1 width=8)
	  ->  Index Scan using sbtest4_pkey on sbtest4  (cost=0.43..43.98 rows=10 width=4)
	        Index Cond: ((id >= 5077733) AND (id <= 5077742))

table 5 : explain SELECT SUM(k) FROM sbtest5 WHERE id BETWEEN 2732713 AND 2732722
	Aggregate  (cost=47.81..47.82 rows=1 width=8)
	  ->  Index Scan using sbtest5_pkey on sbtest5  (cost=0.43..47.78 rows=11 width=4)
	        Index Cond: ((id >= 2732713) AND (id <= 2732722))

table 6 : explain SELECT SUM(k) FROM sbtest6 WHERE id BETWEEN 307424 AND 307433
	Aggregate  (cost=47.76..47.77 rows=1 width=8)
	  ->  Index Scan using sbtest6_pkey on sbtest6  (cost=0.43..47.73 rows=11 width=4)
	        Index Cond: ((id >= 307424) AND (id <= 307433))

table 7 : explain SELECT SUM(k) FROM sbtest7 WHERE id BETWEEN 2085099 AND 2085108
	Aggregate  (cost=43.82..43.83 rows=1 width=8)
	  ->  Index Scan using sbtest7_pkey on sbtest7  (cost=0.43..43.79 rows=10 width=4)
	        Index Cond: ((id >= 2085099) AND (id <= 2085108))

table 8 : explain SELECT SUM(k) FROM sbtest8 WHERE id BETWEEN 3081915 AND 3081924
	Aggregate  (cost=43.81..43.82 rows=1 width=8)
	  ->  Index Scan using sbtest8_pkey on sbtest8  (cost=0.43..43.79 rows=10 width=4)
	        Index Cond: ((id >= 3081915) AND (id <= 3081924))

for: order_ranges
table 1 : explain SELECT c FROM sbtest1 WHERE id BETWEEN 302524 AND 302533 ORDER BY c
	Sort  (cost=47.92..47.95 rows=11 width=121)
	  Sort Key: c
	  ->  Index Scan using sbtest1_pkey on sbtest1  (cost=0.43..47.73 rows=11 width=121)
	        Index Cond: ((id >= 302524) AND (id <= 302533))

table 2 : explain SELECT c FROM sbtest2 WHERE id BETWEEN 7517593 AND 7517602 ORDER BY c
	Sort  (cost=44.04..44.07 rows=10 width=121)
	  Sort Key: c
	  ->  Index Scan using sbtest2_pkey on sbtest2  (cost=0.43..43.88 rows=10 width=121)
	        Index Cond: ((id >= 7517593) AND (id <= 7517602))

table 3 : explain SELECT c FROM sbtest3 WHERE id BETWEEN 2427636 AND 2427645 ORDER BY c
	Sort  (cost=43.98..44.00 rows=10 width=121)
	  Sort Key: c
	  ->  Index Scan using sbtest3_pkey on sbtest3  (cost=0.43..43.81 rows=10 width=121)
	        Index Cond: ((id >= 2427636) AND (id <= 2427645))

table 4 : explain SELECT c FROM sbtest4 WHERE id BETWEEN 4176801 AND 4176810 ORDER BY c
	Sort  (cost=44.15..44.17 rows=10 width=121)
	  Sort Key: c
	  ->  Index Scan using sbtest4_pkey on sbtest4  (cost=0.43..43.98 rows=10 width=121)
	        Index Cond: ((id >= 4176801) AND (id <= 4176810))

table 5 : explain SELECT c FROM sbtest5 WHERE id BETWEEN 8136823 AND 8136832 ORDER BY c
	Sort  (cost=44.01..44.04 rows=10 width=121)
	  Sort Key: c
	  ->  Index Scan using sbtest5_pkey on sbtest5  (cost=0.43..43.85 rows=10 width=121)
	        Index Cond: ((id >= 8136823) AND (id <= 8136832))

table 6 : explain SELECT c FROM sbtest6 WHERE id BETWEEN 4369992 AND 4370001 ORDER BY c
	Sort  (cost=43.97..44.00 rows=10 width=121)
	  Sort Key: c
	  ->  Index Scan using sbtest6_pkey on sbtest6  (cost=0.43..43.80 rows=10 width=121)
	        Index Cond: ((id >= 4369992) AND (id <= 4370001))

table 7 : explain SELECT c FROM sbtest7 WHERE id BETWEEN 1183453 AND 1183462 ORDER BY c
	Sort  (cost=43.96..43.98 rows=10 width=121)
	  Sort Key: c
	  ->  Index Scan using sbtest7_pkey on sbtest7  (cost=0.43..43.79 rows=10 width=121)
	        Index Cond: ((id >= 1183453) AND (id <= 1183462))

table 8 : explain SELECT c FROM sbtest8 WHERE id BETWEEN 9770456 AND 9770465 ORDER BY c
	Sort  (cost=40.00..40.03 rows=9 width=121)
	  Sort Key: c
	  ->  Index Scan using sbtest8_pkey on sbtest8  (cost=0.43..39.86 rows=9 width=121)
	        Index Cond: ((id >= 9770456) AND (id <= 9770465))

for: order_ranges
table 1 : explain SELECT c FROM sbtest1 WHERE id BETWEEN 4736409 AND 4736418 ORDER BY c
	Sort  (cost=40.02..40.04 rows=9 width=121)
	  Sort Key: c
	  ->  Index Scan using sbtest1_pkey on sbtest1  (cost=0.43..39.87 rows=9 width=121)
	        Index Cond: ((id >= 4736409) AND (id <= 4736418))

table 2 : explain SELECT c FROM sbtest2 WHERE id BETWEEN 3240621 AND 3240630 ORDER BY c
	Sort  (cost=48.00..48.03 rows=11 width=121)
	  Sort Key: c
	  ->  Index Scan using sbtest2_pkey on sbtest2  (cost=0.43..47.81 rows=11 width=121)
	        Index Cond: ((id >= 3240621) AND (id <= 3240630))

table 3 : explain SELECT c FROM sbtest3 WHERE id BETWEEN 4688627 AND 4688636 ORDER BY c
	Sort  (cost=47.93..47.96 rows=11 width=121)
	  Sort Key: c
	  ->  Index Scan using sbtest3_pkey on sbtest3  (cost=0.43..47.74 rows=11 width=121)
	        Index Cond: ((id >= 4688627) AND (id <= 4688636))

table 4 : explain SELECT c FROM sbtest4 WHERE id BETWEEN 1785759 AND 1785768 ORDER BY c
	Sort  (cost=44.15..44.17 rows=10 width=121)
	  Sort Key: c
	  ->  Index Scan using sbtest4_pkey on sbtest4  (cost=0.43..43.98 rows=10 width=121)
	        Index Cond: ((id >= 1785759) AND (id <= 1785768))

table 5 : explain SELECT c FROM sbtest5 WHERE id BETWEEN 7133962 AND 7133971 ORDER BY c
	Sort  (cost=44.01..44.04 rows=10 width=121)
	  Sort Key: c
	  ->  Index Scan using sbtest5_pkey on sbtest5  (cost=0.43..43.85 rows=10 width=121)
	        Index Cond: ((id >= 7133962) AND (id <= 7133971))

table 6 : explain SELECT c FROM sbtest6 WHERE id BETWEEN 4065114 AND 4065123 ORDER BY c
	Sort  (cost=43.97..44.00 rows=10 width=121)
	  Sort Key: c
	  ->  Index Scan using sbtest6_pkey on sbtest6  (cost=0.43..43.80 rows=10 width=121)
	        Index Cond: ((id >= 4065114) AND (id <= 4065123))

table 7 : explain SELECT c FROM sbtest7 WHERE id BETWEEN 2995435 AND 2995444 ORDER BY c
	Sort  (cost=40.01..40.03 rows=9 width=121)
	  Sort Key: c
	  ->  Index Scan using sbtest7_pkey on sbtest7  (cost=0.43..39.87 rows=9 width=121)
	        Index Cond: ((id >= 2995435) AND (id <= 2995444))

table 8 : explain SELECT c FROM sbtest8 WHERE id BETWEEN 8705673 AND 8705682 ORDER BY c
	Sort  (cost=43.95..43.98 rows=10 width=121)
	  Sort Key: c
	  ->  Index Scan using sbtest8_pkey on sbtest8  (cost=0.43..43.79 rows=10 width=121)
	        Index Cond: ((id >= 8705673) AND (id <= 8705682))
for: order_ranges
table 1 : explain SELECT c FROM sbtest1 WHERE id BETWEEN 8737723 AND 8737732 ORDER BY c
	Sort  (cost=40.02..40.04 rows=9 width=121)
	  Sort Key: c
	  ->  Index Scan using sbtest1_pkey on sbtest1  (cost=0.43..39.87 rows=9 width=121)
	        Index Cond: ((id >= 8737723) AND (id <= 8737732))

table 2 : explain SELECT c FROM sbtest2 WHERE id BETWEEN 165091 AND 165100 ORDER BY c
	Sort  (cost=44.04..44.07 rows=10 width=121)
	  Sort Key: c
	  ->  Index Scan using sbtest2_pkey on sbtest2  (cost=0.43..43.88 rows=10 width=121)
	        Index Cond: ((id >= 165091) AND (id <= 165100))

table 3 : explain SELECT c FROM sbtest3 WHERE id BETWEEN 5367086 AND 5367095 ORDER BY c
	Sort  (cost=43.98..44.00 rows=10 width=121)
	  Sort Key: c
	  ->  Index Scan using sbtest3_pkey on sbtest3  (cost=0.43..43.81 rows=10 width=121)
	        Index Cond: ((id >= 5367086) AND (id <= 5367095))

table 4 : explain SELECT c FROM sbtest4 WHERE id BETWEEN 7544804 AND 7544813 ORDER BY c
	Sort  (cost=44.15..44.17 rows=10 width=121)
	  Sort Key: c
	  ->  Index Scan using sbtest4_pkey on sbtest4  (cost=0.43..43.98 rows=10 width=121)
	        Index Cond: ((id >= 7544804) AND (id <= 7544813))

table 5 : explain SELECT c FROM sbtest5 WHERE id BETWEEN 6418336 AND 6418345 ORDER BY c
	Sort  (cost=47.97..48.00 rows=11 width=121)
	  Sort Key: c
	  ->  Index Scan using sbtest5_pkey on sbtest5  (cost=0.43..47.78 rows=11 width=121)
	        Index Cond: ((id >= 6418336) AND (id <= 6418345))

table 6 : explain SELECT c FROM sbtest6 WHERE id BETWEEN 5853507 AND 5853516 ORDER BY c
	Sort  (cost=40.02..40.04 rows=9 width=121)
	  Sort Key: c
	  ->  Index Scan using sbtest6_pkey on sbtest6  (cost=0.43..39.88 rows=9 width=121)
	        Index Cond: ((id >= 5853507) AND (id <= 5853516))

table 7 : explain SELECT c FROM sbtest7 WHERE id BETWEEN 7398352 AND 7398361 ORDER BY c
	Sort  (cost=43.96..43.98 rows=10 width=121)
	  Sort Key: c
	  ->  Index Scan using sbtest7_pkey on sbtest7  (cost=0.43..43.79 rows=10 width=121)
	        Index Cond: ((id >= 7398352) AND (id <= 7398361))

table 8 : explain SELECT c FROM sbtest8 WHERE id BETWEEN 9311697 AND 9311706 ORDER BY c
	Sort  (cost=43.95..43.98 rows=10 width=121)
	  Sort Key: c
	  ->  Index Scan using sbtest8_pkey on sbtest8  (cost=0.43..43.79 rows=10 width=121)
	        Index Cond: ((id >= 9311697) AND (id <= 9311706))

for: sum_ranges
table 1 : explain SELECT SUM(k) FROM sbtest1 WHERE id BETWEEN 7233357 AND 7233366
	Aggregate  (cost=43.83..43.84 rows=1 width=8)
	  ->  Index Scan using sbtest1_pkey on sbtest1  (cost=0.43..43.80 rows=10 width=4)
	        Index Cond: ((id >= 7233357) AND (id <= 7233366))

table 2 : explain SELECT SUM(k) FROM sbtest2 WHERE id BETWEEN 7585142 AND 7585151
	Aggregate  (cost=43.90..43.91 rows=1 width=8)
	  ->  Index Scan using sbtest2_pkey on sbtest2  (cost=0.43..43.88 rows=10 width=4)
	        Index Cond: ((id >= 7585142) AND (id <= 7585151))

table 3 : explain SELECT SUM(k) FROM sbtest3 WHERE id BETWEEN 7925597 AND 7925606
	Aggregate  (cost=43.84..43.85 rows=1 width=8)
	  ->  Index Scan using sbtest3_pkey on sbtest3  (cost=0.43..43.81 rows=10 width=4)
	        Index Cond: ((id >= 7925597) AND (id <= 7925606))

table 4 : explain SELECT SUM(k) FROM sbtest4 WHERE id BETWEEN 4235638 AND 4235647
	Aggregate  (cost=47.96..47.97 rows=1 width=8)
	  ->  Index Scan using sbtest4_pkey on sbtest4  (cost=0.43..47.93 rows=11 width=4)
	        Index Cond: ((id >= 4235638) AND (id <= 4235647))

table 5 : explain SELECT SUM(k) FROM sbtest5 WHERE id BETWEEN 6261689 AND 6261698
	Aggregate  (cost=43.87..43.88 rows=1 width=8)
	  ->  Index Scan using sbtest5_pkey on sbtest5  (cost=0.43..43.85 rows=10 width=4)
	        Index Cond: ((id >= 6261689) AND (id <= 6261698))

table 6 : explain SELECT SUM(k) FROM sbtest6 WHERE id BETWEEN 5771784 AND 5771793
	Aggregate  (cost=39.90..39.91 rows=1 width=8)
	  ->  Index Scan using sbtest6_pkey on sbtest6  (cost=0.43..39.88 rows=9 width=4)
	        Index Cond: ((id >= 5771784) AND (id <= 5771793))

table 7 : explain SELECT SUM(k) FROM sbtest7 WHERE id BETWEEN 2359522 AND 2359531
	Aggregate  (cost=43.82..43.83 rows=1 width=8)
	  ->  Index Scan using sbtest7_pkey on sbtest7  (cost=0.43..43.79 rows=10 width=4)
	        Index Cond: ((id >= 2359522) AND (id <= 2359531))

table 8 : explain SELECT SUM(k) FROM sbtest8 WHERE id BETWEEN 189648 AND 189657
	Aggregate  (cost=47.74..47.75 rows=1 width=8)
	  ->  Index Scan using sbtest8_pkey on sbtest8  (cost=0.43..47.71 rows=11 width=4)
	        Index Cond: ((id >= 189648) AND (id <= 189657))


for: sum_ranges
table 1 : explain SELECT SUM(k) FROM sbtest1 WHERE id BETWEEN 8913189 AND 8913198
	Aggregate  (cost=43.83..43.84 rows=1 width=8)
	  ->  Index Scan using sbtest1_pkey on sbtest1  (cost=0.43..43.80 rows=10 width=4)
	        Index Cond: ((id >= 8913189) AND (id <= 8913198))

table 2 : explain SELECT SUM(k) FROM sbtest2 WHERE id BETWEEN 8458113 AND 8458122
	Aggregate  (cost=47.84..47.85 rows=1 width=8)
	  ->  Index Scan using sbtest2_pkey on sbtest2  (cost=0.43..47.81 rows=11 width=4)
	        Index Cond: ((id >= 8458113) AND (id <= 8458122))

table 3 : explain SELECT SUM(k) FROM sbtest3 WHERE id BETWEEN 6941938 AND 6941947
	Aggregate  (cost=47.77..47.78 rows=1 width=8)
	  ->  Index Scan using sbtest3_pkey on sbtest3  (cost=0.43..47.74 rows=11 width=4)
	        Index Cond: ((id >= 6941938) AND (id <= 6941947))

table 4 : explain SELECT SUM(k) FROM sbtest4 WHERE id BETWEEN 2287411 AND 2287420
	Aggregate  (cost=44.01..44.02 rows=1 width=8)
	  ->  Index Scan using sbtest4_pkey on sbtest4  (cost=0.43..43.98 rows=10 width=4)
	        Index Cond: ((id >= 2287411) AND (id <= 2287420))

table 5 : explain SELECT SUM(k) FROM sbtest5 WHERE id BETWEEN 1290720 AND 1290729
	Aggregate  (cost=43.87..43.88 rows=1 width=8)
	  ->  Index Scan using sbtest5_pkey on sbtest5  (cost=0.43..43.85 rows=10 width=4)
	        Index Cond: ((id >= 1290720) AND (id <= 1290729))

table 6 : explain SELECT SUM(k) FROM sbtest6 WHERE id BETWEEN 4676671 AND 4676680
	Aggregate  (cost=43.83..43.84 rows=1 width=8)
	  ->  Index Scan using sbtest6_pkey on sbtest6  (cost=0.43..43.80 rows=10 width=4)
	        Index Cond: ((id >= 4676671) AND (id <= 4676680))

table 7 : explain SELECT SUM(k) FROM sbtest7 WHERE id BETWEEN 2785334 AND 2785343
	Aggregate  (cost=39.89..39.90 rows=1 width=8)
	  ->  Index Scan using sbtest7_pkey on sbtest7  (cost=0.43..39.87 rows=9 width=4)
	        Index Cond: ((id >= 2785334) AND (id <= 2785343))

table 8 : explain SELECT SUM(k) FROM sbtest8 WHERE id BETWEEN 6716593 AND 6716602
	Aggregate  (cost=43.81..43.82 rows=1 width=8)
	  ->  Index Scan using sbtest8_pkey on sbtest8  (cost=0.43..43.79 rows=10 width=4)
	        Index Cond: ((id >= 6716593) AND (id <= 6716602))

for: order_ranges
table 1 : explain SELECT c FROM sbtest1 WHERE id BETWEEN 9361507 AND 9361516 ORDER BY c
	Sort  (cost=43.97..43.99 rows=10 width=121)
	  Sort Key: c
	  ->  Index Scan using sbtest1_pkey on sbtest1  (cost=0.43..43.80 rows=10 width=121)
	        Index Cond: ((id >= 9361507) AND (id <= 9361516))

table 2 : explain SELECT c FROM sbtest2 WHERE id BETWEEN 6079820 AND 6079829 ORDER BY c
	Sort  (cost=44.04..44.07 rows=10 width=121)
	  Sort Key: c
	  ->  Index Scan using sbtest2_pkey on sbtest2  (cost=0.43..43.88 rows=10 width=121)
	        Index Cond: ((id >= 6079820) AND (id <= 6079829))

table 3 : explain SELECT c FROM sbtest3 WHERE id BETWEEN 5802967 AND 5802976 ORDER BY c
	Sort  (cost=43.98..44.00 rows=10 width=121)
	  Sort Key: c
	  ->  Index Scan using sbtest3_pkey on sbtest3  (cost=0.43..43.81 rows=10 width=121)
	        Index Cond: ((id >= 5802967) AND (id <= 5802976))

table 4 : explain SELECT c FROM sbtest4 WHERE id BETWEEN 163507 AND 163516 ORDER BY c
	Sort  (cost=44.15..44.17 rows=10 width=121)
	  Sort Key: c
	  ->  Index Scan using sbtest4_pkey on sbtest4  (cost=0.43..43.98 rows=10 width=121)
	        Index Cond: ((id >= 163507) AND (id <= 163516))

table 5 : explain SELECT c FROM sbtest5 WHERE id BETWEEN 5902335 AND 5902344 ORDER BY c
	Sort  (cost=44.01..44.04 rows=10 width=121)
	  Sort Key: c
	  ->  Index Scan using sbtest5_pkey on sbtest5  (cost=0.43..43.85 rows=10 width=121)
	        Index Cond: ((id >= 5902335) AND (id <= 5902344))

table 6 : explain SELECT c FROM sbtest6 WHERE id BETWEEN 4181780 AND 4181789 ORDER BY c
	Sort  (cost=43.97..44.00 rows=10 width=121)
	  Sort Key: c
	  ->  Index Scan using sbtest6_pkey on sbtest6  (cost=0.43..43.80 rows=10 width=121)
	        Index Cond: ((id >= 4181780) AND (id <= 4181789))

table 7 : explain SELECT c FROM sbtest7 WHERE id BETWEEN 324846 AND 324855 ORDER BY c
	Sort  (cost=47.91..47.94 rows=11 width=121)
	  Sort Key: c
	  ->  Index Scan using sbtest7_pkey on sbtest7  (cost=0.43..47.72 rows=11 width=121)
	        Index Cond: ((id >= 324846) AND (id <= 324855))

table 8 : explain SELECT c FROM sbtest8 WHERE id BETWEEN 4586874 AND 4586883 ORDER BY c
	Sort  (cost=43.95..43.98 rows=10 width=121)
	  Sort Key: c
	  ->  Index Scan using sbtest8_pkey on sbtest8  (cost=0.43..43.79 rows=10 width=121)
	        Index Cond: ((id >= 4586874) AND (id <= 4586883))

for: order_ranges
table 1 : explain SELECT c FROM sbtest1 WHERE id BETWEEN 8824000 AND 8824009 ORDER BY c
	Sort  (cost=43.97..43.99 rows=10 width=121)
	  Sort Key: c
	  ->  Index Scan using sbtest1_pkey on sbtest1  (cost=0.43..43.80 rows=10 width=121)
	        Index Cond: ((id >= 8824000) AND (id <= 8824009))

table 2 : explain SELECT c FROM sbtest2 WHERE id BETWEEN 4527048 AND 4527057 ORDER BY c
	Sort  (cost=44.04..44.07 rows=10 width=121)
	  Sort Key: c
	  ->  Index Scan using sbtest2_pkey on sbtest2  (cost=0.43..43.88 rows=10 width=121)
	        Index Cond: ((id >= 4527048) AND (id <= 4527057))

table 3 : explain SELECT c FROM sbtest3 WHERE id BETWEEN 9385271 AND 9385280 ORDER BY c
	Sort  (cost=40.02..40.05 rows=9 width=121)
	  Sort Key: c
	  ->  Index Scan using sbtest3_pkey on sbtest3  (cost=0.43..39.88 rows=9 width=121)
	        Index Cond: ((id >= 9385271) AND (id <= 9385280))

table 4 : explain SELECT c FROM sbtest4 WHERE id BETWEEN 5561070 AND 5561079 ORDER BY c
	Sort  (cost=44.15..44.17 rows=10 width=121)
	  Sort Key: c
	  ->  Index Scan using sbtest4_pkey on sbtest4  (cost=0.43..43.98 rows=10 width=121)
	        Index Cond: ((id >= 5561070) AND (id <= 5561079))

table 5 : explain SELECT c FROM sbtest5 WHERE id BETWEEN 95500 AND 95509 ORDER BY c
	Sort  (cost=44.01..44.04 rows=10 width=121)
	  Sort Key: c
	  ->  Index Scan using sbtest5_pkey on sbtest5  (cost=0.43..43.85 rows=10 width=121)
	        Index Cond: ((id >= 95500) AND (id <= 95509))

table 6 : explain SELECT c FROM sbtest6 WHERE id BETWEEN 9918100 AND 9918109 ORDER BY c
	Sort  (cost=43.97..44.00 rows=10 width=121)
	  Sort Key: c
	  ->  Index Scan using sbtest6_pkey on sbtest6  (cost=0.43..43.80 rows=10 width=121)
	        Index Cond: ((id >= 9918100) AND (id <= 9918109))

table 7 : explain SELECT c FROM sbtest7 WHERE id BETWEEN 5791054 AND 5791063 ORDER BY c
	Sort  (cost=47.91..47.94 rows=11 width=121)
	  Sort Key: c
	  ->  Index Scan using sbtest7_pkey on sbtest7  (cost=0.43..47.72 rows=11 width=121)
	        Index Cond: ((id >= 5791054) AND (id <= 5791063))

table 8 : explain SELECT c FROM sbtest8 WHERE id BETWEEN 8942735 AND 8942744 ORDER BY c
	Sort  (cost=47.90..47.93 rows=11 width=121)
	  Sort Key: c
	  ->  Index Scan using sbtest8_pkey on sbtest8  (cost=0.43..47.71 rows=11 width=121)
	        Index Cond: ((id >= 8942735) AND (id <= 8942744))

for: sum_ranges
table 1 : explain SELECT SUM(k) FROM sbtest1 WHERE id BETWEEN 510113 AND 510122
	Aggregate  (cost=39.90..39.91 rows=1 width=8)
	  ->  Index Scan using sbtest1_pkey on sbtest1  (cost=0.43..39.87 rows=9 width=4)
	        Index Cond: ((id >= 510113) AND (id <= 510122))

table 2 : explain SELECT SUM(k) FROM sbtest2 WHERE id BETWEEN 2735668 AND 2735677
	Aggregate  (cost=43.90..43.91 rows=1 width=8)
	  ->  Index Scan using sbtest2_pkey on sbtest2  (cost=0.43..43.88 rows=10 width=4)
	        Index Cond: ((id >= 2735668) AND (id <= 2735677))

table 3 : explain SELECT SUM(k) FROM sbtest3 WHERE id BETWEEN 6886813 AND 6886822
	Aggregate  (cost=43.84..43.85 rows=1 width=8)
	  ->  Index Scan using sbtest3_pkey on sbtest3  (cost=0.43..43.81 rows=10 width=4)
	        Index Cond: ((id >= 6886813) AND (id <= 6886822))

table 4 : explain SELECT SUM(k) FROM sbtest4 WHERE id BETWEEN 6093039 AND 6093048
	Aggregate  (cost=44.01..44.02 rows=1 width=8)
	  ->  Index Scan using sbtest4_pkey on sbtest4  (cost=0.43..43.98 rows=10 width=4)
	        Index Cond: ((id >= 6093039) AND (id <= 6093048))

table 5 : explain SELECT SUM(k) FROM sbtest5 WHERE id BETWEEN 9948968 AND 9948977
	Aggregate  (cost=43.87..43.88 rows=1 width=8)
	  ->  Index Scan using sbtest5_pkey on sbtest5  (cost=0.43..43.85 rows=10 width=4)
	        Index Cond: ((id >= 9948968) AND (id <= 9948977))

table 6 : explain SELECT SUM(k) FROM sbtest6 WHERE id BETWEEN 2620086 AND 2620095
	Aggregate  (cost=39.90..39.91 rows=1 width=8)
	  ->  Index Scan using sbtest6_pkey on sbtest6  (cost=0.43..39.88 rows=9 width=4)
	        Index Cond: ((id >= 2620086) AND (id <= 2620095))

table 7 : explain SELECT SUM(k) FROM sbtest7 WHERE id BETWEEN 6663254 AND 6663263
	Aggregate  (cost=43.82..43.83 rows=1 width=8)
	  ->  Index Scan using sbtest7_pkey on sbtest7  (cost=0.43..43.79 rows=10 width=4)
	        Index Cond: ((id >= 6663254) AND (id <= 6663263))

table 8 : explain SELECT SUM(k) FROM sbtest8 WHERE id BETWEEN 1405515 AND 1405524
	Aggregate  (cost=39.88..39.89 rows=1 width=8)
	  ->  Index Scan using sbtest8_pkey on sbtest8  (cost=0.43..39.86 rows=9 width=4)
	        Index Cond: ((id >= 1405515) AND (id <= 1405524))

for: order_ranges
table 1 : explain SELECT c FROM sbtest1 WHERE id BETWEEN 3991755 AND 3991764 ORDER BY c
	Sort  (cost=47.92..47.95 rows=11 width=121)
	  Sort Key: c
	  ->  Index Scan using sbtest1_pkey on sbtest1  (cost=0.43..47.73 rows=11 width=121)
	        Index Cond: ((id >= 3991755) AND (id <= 3991764))

table 2 : explain SELECT c FROM sbtest2 WHERE id BETWEEN 7858383 AND 7858392 ORDER BY c
	Sort  (cost=44.04..44.07 rows=10 width=121)
	  Sort Key: c
	  ->  Index Scan using sbtest2_pkey on sbtest2  (cost=0.43..43.88 rows=10 width=121)
	        Index Cond: ((id >= 7858383) AND (id <= 7858392))

table 3 : explain SELECT c FROM sbtest3 WHERE id BETWEEN 5179789 AND 5179798 ORDER BY c
	Sort  (cost=47.93..47.96 rows=11 width=121)
	  Sort Key: c
	  ->  Index Scan using sbtest3_pkey on sbtest3  (cost=0.43..47.74 rows=11 width=121)
	        Index Cond: ((id >= 5179789) AND (id <= 5179798))

table 4 : explain SELECT c FROM sbtest4 WHERE id BETWEEN 1746765 AND 1746774 ORDER BY c
	Sort  (cost=44.15..44.17 rows=10 width=121)
	  Sort Key: c
	  ->  Index Scan using sbtest4_pkey on sbtest4  (cost=0.43..43.98 rows=10 width=121)
	        Index Cond: ((id >= 1746765) AND (id <= 1746774))

table 5 : explain SELECT c FROM sbtest5 WHERE id BETWEEN 9658686 AND 9658695 ORDER BY c
	Sort  (cost=47.97..48.00 rows=11 width=121)
	  Sort Key: c
	  ->  Index Scan using sbtest5_pkey on sbtest5  (cost=0.43..47.78 rows=11 width=121)
	        Index Cond: ((id >= 9658686) AND (id <= 9658695))

table 6 : explain SELECT c FROM sbtest6 WHERE id BETWEEN 2798822 AND 2798831 ORDER BY c
	Sort  (cost=43.97..44.00 rows=10 width=121)
	  Sort Key: c
	  ->  Index Scan using sbtest6_pkey on sbtest6  (cost=0.43..43.80 rows=10 width=121)
	        Index Cond: ((id >= 2798822) AND (id <= 2798831))

table 7 : explain SELECT c FROM sbtest7 WHERE id BETWEEN 5488974 AND 5488983 ORDER BY c
	Sort  (cost=43.96..43.98 rows=10 width=121)
	  Sort Key: c
	  ->  Index Scan using sbtest7_pkey on sbtest7  (cost=0.43..43.79 rows=10 width=121)
	        Index Cond: ((id >= 5488974) AND (id <= 5488983))

table 8 : explain SELECT c FROM sbtest8 WHERE id BETWEEN 4900535 AND 4900544 ORDER BY c
	Sort  (cost=40.00..40.03 rows=9 width=121)
	  Sort Key: c
	  ->  Index Scan using sbtest8_pkey on sbtest8  (cost=0.43..39.86 rows=9 width=121)
	        Index Cond: ((id >= 4900535) AND (id <= 4900544))

for: order_ranges
table 1 : explain SELECT c FROM sbtest1 WHERE id BETWEEN 9640688 AND 9640697 ORDER BY c
	Sort  (cost=43.97..43.99 rows=10 width=121)
	  Sort Key: c
	  ->  Index Scan using sbtest1_pkey on sbtest1  (cost=0.43..43.80 rows=10 width=121)
	        Index Cond: ((id >= 9640688) AND (id <= 9640697))

table 2 : explain SELECT c FROM sbtest2 WHERE id BETWEEN 1151814 AND 1151823 ORDER BY c
	Sort  (cost=40.09..40.11 rows=9 width=121)
	  Sort Key: c
	  ->  Index Scan using sbtest2_pkey on sbtest2  (cost=0.43..39.94 rows=9 width=121)
	        Index Cond: ((id >= 1151814) AND (id <= 1151823))

table 3 : explain SELECT c FROM sbtest3 WHERE id BETWEEN 3804762 AND 3804771 ORDER BY c
	Sort  (cost=43.98..44.00 rows=10 width=121)
	  Sort Key: c
	  ->  Index Scan using sbtest3_pkey on sbtest3  (cost=0.43..43.81 rows=10 width=121)
	        Index Cond: ((id >= 3804762) AND (id <= 3804771))

table 4 : explain SELECT c FROM sbtest4 WHERE id BETWEEN 4459095 AND 4459104 ORDER BY c
	Sort  (cost=44.15..44.17 rows=10 width=121)
	  Sort Key: c
	  ->  Index Scan using sbtest4_pkey on sbtest4  (cost=0.43..43.98 rows=10 width=121)
	        Index Cond: ((id >= 4459095) AND (id <= 4459104))

table 5 : explain SELECT c FROM sbtest5 WHERE id BETWEEN 2914484 AND 2914493 ORDER BY c
	Sort  (cost=44.01..44.04 rows=10 width=121)
	  Sort Key: c
	  ->  Index Scan using sbtest5_pkey on sbtest5  (cost=0.43..43.85 rows=10 width=121)
	        Index Cond: ((id >= 2914484) AND (id <= 2914493))

table 6 : explain SELECT c FROM sbtest6 WHERE id BETWEEN 2548159 AND 2548168 ORDER BY c
	Sort  (cost=43.97..44.00 rows=10 width=121)
	  Sort Key: c
	  ->  Index Scan using sbtest6_pkey on sbtest6  (cost=0.43..43.80 rows=10 width=121)
	        Index Cond: ((id >= 2548159) AND (id <= 2548168))

table 7 : explain SELECT c FROM sbtest7 WHERE id BETWEEN 7232040 AND 7232049 ORDER BY c
	Sort  (cost=43.96..43.98 rows=10 width=121)
	  Sort Key: c
	  ->  Index Scan using sbtest7_pkey on sbtest7  (cost=0.43..43.79 rows=10 width=121)
	        Index Cond: ((id >= 7232040) AND (id <= 7232049))

table 8 : explain SELECT c FROM sbtest8 WHERE id BETWEEN 6133576 AND 6133585 ORDER BY c
	Sort  (cost=43.95..43.98 rows=10 width=121)
	  Sort Key: c
	  ->  Index Scan using sbtest8_pkey on sbtest8  (cost=0.43..43.79 rows=10 width=121)
	        Index Cond: ((id >= 6133576) AND (id <= 6133585))

for: order_ranges
table 1 : explain SELECT c FROM sbtest1 WHERE id BETWEEN 2877145 AND 2877154 ORDER BY c
	Sort  (cost=43.97..43.99 rows=10 width=121)
	  Sort Key: c
	  ->  Index Scan using sbtest1_pkey on sbtest1  (cost=0.43..43.80 rows=10 width=121)
	        Index Cond: ((id >= 2877145) AND (id <= 2877154))

table 2 : explain SELECT c FROM sbtest2 WHERE id BETWEEN 6779644 AND 6779653 ORDER BY c
	Sort  (cost=40.09..40.11 rows=9 width=121)
	  Sort Key: c
	  ->  Index Scan using sbtest2_pkey on sbtest2  (cost=0.43..39.94 rows=9 width=121)
	        Index Cond: ((id >= 6779644) AND (id <= 6779653))

table 3 : explain SELECT c FROM sbtest3 WHERE id BETWEEN 589259 AND 589268 ORDER BY c
	Sort  (cost=43.98..44.00 rows=10 width=121)
	  Sort Key: c
	  ->  Index Scan using sbtest3_pkey on sbtest3  (cost=0.43..43.81 rows=10 width=121)
	        Index Cond: ((id >= 589259) AND (id <= 589268))

table 4 : explain SELECT c FROM sbtest4 WHERE id BETWEEN 3800112 AND 3800121 ORDER BY c
	Sort  (cost=44.15..44.17 rows=10 width=121)
	  Sort Key: c
	  ->  Index Scan using sbtest4_pkey on sbtest4  (cost=0.43..43.98 rows=10 width=121)
	        Index Cond: ((id >= 3800112) AND (id <= 3800121))

table 5 : explain SELECT c FROM sbtest5 WHERE id BETWEEN 4569964 AND 4569973 ORDER BY c
	Sort  (cost=47.97..48.00 rows=11 width=121)
	  Sort Key: c
	  ->  Index Scan using sbtest5_pkey on sbtest5  (cost=0.43..47.78 rows=11 width=121)
	        Index Cond: ((id >= 4569964) AND (id <= 4569973))

table 6 : explain SELECT c FROM sbtest6 WHERE id BETWEEN 6083022 AND 6083031 ORDER BY c
	Sort  (cost=40.02..40.04 rows=9 width=121)
	  Sort Key: c
	  ->  Index Scan using sbtest6_pkey on sbtest6  (cost=0.43..39.88 rows=9 width=121)
	        Index Cond: ((id >= 6083022) AND (id <= 6083031))

table 7 : explain SELECT c FROM sbtest7 WHERE id BETWEEN 7066414 AND 7066423 ORDER BY c
	Sort  (cost=40.01..40.03 rows=9 width=121)
	  Sort Key: c
	  ->  Index Scan using sbtest7_pkey on sbtest7  (cost=0.43..39.87 rows=9 width=121)
	        Index Cond: ((id >= 7066414) AND (id <= 7066423))

table 8 : explain SELECT c FROM sbtest8 WHERE id BETWEEN 2992704 AND 2992713 ORDER BY c
	Sort  (cost=43.95..43.98 rows=10 width=121)
	  Sort Key: c
	  ->  Index Scan using sbtest8_pkey on sbtest8  (cost=0.43..43.79 rows=10 width=121)
	        Index Cond: ((id >= 2992704) AND (id <= 2992713))

for: order_ranges
table 1 : explain SELECT c FROM sbtest1 WHERE id BETWEEN 7368505 AND 7368514 ORDER BY c
	Sort  (cost=43.97..43.99 rows=10 width=121)
	  Sort Key: c
	  ->  Index Scan using sbtest1_pkey on sbtest1  (cost=0.43..43.80 rows=10 width=121)
	        Index Cond: ((id >= 7368505) AND (id <= 7368514))

table 2 : explain SELECT c FROM sbtest2 WHERE id BETWEEN 7679658 AND 7679667 ORDER BY c
	Sort  (cost=44.04..44.07 rows=10 width=121)
	  Sort Key: c
	  ->  Index Scan using sbtest2_pkey on sbtest2  (cost=0.43..43.88 rows=10 width=121)
	        Index Cond: ((id >= 7679658) AND (id <= 7679667))

table 3 : explain SELECT c FROM sbtest3 WHERE id BETWEEN 1569576 AND 1569585 ORDER BY c
	Sort  (cost=43.98..44.00 rows=10 width=121)
	  Sort Key: c
	  ->  Index Scan using sbtest3_pkey on sbtest3  (cost=0.43..43.81 rows=10 width=121)
	        Index Cond: ((id >= 1569576) AND (id <= 1569585))

table 4 : explain SELECT c FROM sbtest4 WHERE id BETWEEN 2320313 AND 2320322 ORDER BY c
	Sort  (cost=44.15..44.17 rows=10 width=121)
	  Sort Key: c
	  ->  Index Scan using sbtest4_pkey on sbtest4  (cost=0.43..43.98 rows=10 width=121)
	        Index Cond: ((id >= 2320313) AND (id <= 2320322))

table 5 : explain SELECT c FROM sbtest5 WHERE id BETWEEN 3839189 AND 3839198 ORDER BY c
	Sort  (cost=40.06..40.08 rows=9 width=121)
	  Sort Key: c
	  ->  Index Scan using sbtest5_pkey on sbtest5  (cost=0.43..39.91 rows=9 width=121)
	        Index Cond: ((id >= 3839189) AND (id <= 3839198))

table 6 : explain SELECT c FROM sbtest6 WHERE id BETWEEN 3328900 AND 3328909 ORDER BY c
	Sort  (cost=40.02..40.04 rows=9 width=121)
	  Sort Key: c
	  ->  Index Scan using sbtest6_pkey on sbtest6  (cost=0.43..39.88 rows=9 width=121)
	        Index Cond: ((id >= 3328900) AND (id <= 3328909))

table 7 : explain SELECT c FROM sbtest7 WHERE id BETWEEN 7719063 AND 7719072 ORDER BY c
	Sort  (cost=43.96..43.98 rows=10 width=121)
	  Sort Key: c
	  ->  Index Scan using sbtest7_pkey on sbtest7  (cost=0.43..43.79 rows=10 width=121)
	        Index Cond: ((id >= 7719063) AND (id <= 7719072))

table 8 : explain SELECT c FROM sbtest8 WHERE id BETWEEN 2287331 AND 2287340 ORDER BY c
	Sort  (cost=40.00..40.03 rows=9 width=121)
	  Sort Key: c
	  ->  Index Scan using sbtest8_pkey on sbtest8  (cost=0.43..39.86 rows=9 width=121)
	        Index Cond: ((id >= 2287331) AND (id <= 2287340))

for: sum_ranges
table 1 : explain SELECT SUM(k) FROM sbtest1 WHERE id BETWEEN 7051426 AND 7051435
	Aggregate  (cost=43.83..43.84 rows=1 width=8)
	  ->  Index Scan using sbtest1_pkey on sbtest1  (cost=0.43..43.80 rows=10 width=4)
	        Index Cond: ((id >= 7051426) AND (id <= 7051435))

table 2 : explain SELECT SUM(k) FROM sbtest2 WHERE id BETWEEN 1393506 AND 1393515
	Aggregate  (cost=43.90..43.91 rows=1 width=8)
	  ->  Index Scan using sbtest2_pkey on sbtest2  (cost=0.43..43.88 rows=10 width=4)
	        Index Cond: ((id >= 1393506) AND (id <= 1393515))

table 3 : explain SELECT SUM(k) FROM sbtest3 WHERE id BETWEEN 837487 AND 837496
	Aggregate  (cost=43.84..43.85 rows=1 width=8)
	  ->  Index Scan using sbtest3_pkey on sbtest3  (cost=0.43..43.81 rows=10 width=4)
	        Index Cond: ((id >= 837487) AND (id <= 837496))

table 4 : explain SELECT SUM(k) FROM sbtest4 WHERE id BETWEEN 5993387 AND 5993396
	Aggregate  (cost=44.01..44.02 rows=1 width=8)
	  ->  Index Scan using sbtest4_pkey on sbtest4  (cost=0.43..43.98 rows=10 width=4)
	        Index Cond: ((id >= 5993387) AND (id <= 5993396))

table 5 : explain SELECT SUM(k) FROM sbtest5 WHERE id BETWEEN 1805305 AND 1805314
	Aggregate  (cost=43.87..43.88 rows=1 width=8)
	  ->  Index Scan using sbtest5_pkey on sbtest5  (cost=0.43..43.85 rows=10 width=4)
	        Index Cond: ((id >= 1805305) AND (id <= 1805314))

table 6 : explain SELECT SUM(k) FROM sbtest6 WHERE id BETWEEN 5018457 AND 5018466
	Aggregate  (cost=43.83..43.84 rows=1 width=8)
	  ->  Index Scan using sbtest6_pkey on sbtest6  (cost=0.43..43.80 rows=10 width=4)
	        Index Cond: ((id >= 5018457) AND (id <= 5018466))

table 7 : explain SELECT SUM(k) FROM sbtest7 WHERE id BETWEEN 249526 AND 249535
	Aggregate  (cost=43.82..43.83 rows=1 width=8)
	  ->  Index Scan using sbtest7_pkey on sbtest7  (cost=0.43..43.79 rows=10 width=4)
	        Index Cond: ((id >= 249526) AND (id <= 249535))

table 8 : explain SELECT SUM(k) FROM sbtest8 WHERE id BETWEEN 9393238 AND 9393247
	Aggregate  (cost=43.81..43.82 rows=1 width=8)
	  ->  Index Scan using sbtest8_pkey on sbtest8  (cost=0.43..43.79 rows=10 width=4)
	        Index Cond: ((id >= 9393238) AND (id <= 9393247))

for: order_ranges
table 1 : explain SELECT c FROM sbtest1 WHERE id BETWEEN 6853980 AND 6853989 ORDER BY c
	Sort  (cost=43.97..43.99 rows=10 width=121)
	  Sort Key: c
	  ->  Index Scan using sbtest1_pkey on sbtest1  (cost=0.43..43.80 rows=10 width=121)
	        Index Cond: ((id >= 6853980) AND (id <= 6853989))

table 2 : explain SELECT c FROM sbtest2 WHERE id BETWEEN 107866 AND 107875 ORDER BY c
	Sort  (cost=40.09..40.11 rows=9 width=121)
	  Sort Key: c
	  ->  Index Scan using sbtest2_pkey on sbtest2  (cost=0.43..39.94 rows=9 width=121)
	        Index Cond: ((id >= 107866) AND (id <= 107875))

table 3 : explain SELECT c FROM sbtest3 WHERE id BETWEEN 4366915 AND 4366924 ORDER BY c
	Sort  (cost=43.98..44.00 rows=10 width=121)
	  Sort Key: c
	  ->  Index Scan using sbtest3_pkey on sbtest3  (cost=0.43..43.81 rows=10 width=121)
	        Index Cond: ((id >= 4366915) AND (id <= 4366924))

table 4 : explain SELECT c FROM sbtest4 WHERE id BETWEEN 1444638 AND 1444647 ORDER BY c
	Sort  (cost=48.12..48.15 rows=11 width=121)
	  Sort Key: c
	  ->  Index Scan using sbtest4_pkey on sbtest4  (cost=0.43..47.93 rows=11 width=121)
	        Index Cond: ((id >= 1444638) AND (id <= 1444647))

table 5 : explain SELECT c FROM sbtest5 WHERE id BETWEEN 7167243 AND 7167252 ORDER BY c
	Sort  (cost=44.01..44.04 rows=10 width=121)
	  Sort Key: c
	  ->  Index Scan using sbtest5_pkey on sbtest5  (cost=0.43..43.85 rows=10 width=121)
	        Index Cond: ((id >= 7167243) AND (id <= 7167252))

table 6 : explain SELECT c FROM sbtest6 WHERE id BETWEEN 2382489 AND 2382498 ORDER BY c
	Sort  (cost=43.97..44.00 rows=10 width=121)
	  Sort Key: c
	  ->  Index Scan using sbtest6_pkey on sbtest6  (cost=0.43..43.80 rows=10 width=121)
	        Index Cond: ((id >= 2382489) AND (id <= 2382498))

table 7 : explain SELECT c FROM sbtest7 WHERE id BETWEEN 7574561 AND 7574570 ORDER BY c
	Sort  (cost=43.96..43.98 rows=10 width=121)
	  Sort Key: c
	  ->  Index Scan using sbtest7_pkey on sbtest7  (cost=0.43..43.79 rows=10 width=121)
	        Index Cond: ((id >= 7574561) AND (id <= 7574570))

table 8 : explain SELECT c FROM sbtest8 WHERE id BETWEEN 3562206 AND 3562215 ORDER BY c
	Sort  (cost=40.00..40.03 rows=9 width=121)
	  Sort Key: c
	  ->  Index Scan using sbtest8_pkey on sbtest8  (cost=0.43..39.86 rows=9 width=121)
	        Index Cond: ((id >= 3562206) AND (id <= 3562215))

for: sum_ranges
table 1 : explain SELECT SUM(k) FROM sbtest1 WHERE id BETWEEN 8630544 AND 8630553
	Aggregate  (cost=39.90..39.91 rows=1 width=8)
	  ->  Index Scan using sbtest1_pkey on sbtest1  (cost=0.43..39.87 rows=9 width=4)
	        Index Cond: ((id >= 8630544) AND (id <= 8630553))

table 2 : explain SELECT SUM(k) FROM sbtest2 WHERE id BETWEEN 7398103 AND 7398112
	Aggregate  (cost=43.90..43.91 rows=1 width=8)
	  ->  Index Scan using sbtest2_pkey on sbtest2  (cost=0.43..43.88 rows=10 width=4)
	        Index Cond: ((id >= 7398103) AND (id <= 7398112))

table 3 : explain SELECT SUM(k) FROM sbtest3 WHERE id BETWEEN 7917843 AND 7917852
	Aggregate  (cost=43.84..43.85 rows=1 width=8)
	  ->  Index Scan using sbtest3_pkey on sbtest3  (cost=0.43..43.81 rows=10 width=4)
	        Index Cond: ((id >= 7917843) AND (id <= 7917852))

table 4 : explain SELECT SUM(k) FROM sbtest4 WHERE id BETWEEN 2187212 AND 2187221
	Aggregate  (cost=44.01..44.02 rows=1 width=8)
	  ->  Index Scan using sbtest4_pkey on sbtest4  (cost=0.43..43.98 rows=10 width=4)
	        Index Cond: ((id >= 2187212) AND (id <= 2187221))

table 5 : explain SELECT SUM(k) FROM sbtest5 WHERE id BETWEEN 5508567 AND 5508576
	Aggregate  (cost=43.87..43.88 rows=1 width=8)
	  ->  Index Scan using sbtest5_pkey on sbtest5  (cost=0.43..43.85 rows=10 width=4)
	        Index Cond: ((id >= 5508567) AND (id <= 5508576))

table 6 : explain SELECT SUM(k) FROM sbtest6 WHERE id BETWEEN 609089 AND 609098
	Aggregate  (cost=39.90..39.91 rows=1 width=8)
	  ->  Index Scan using sbtest6_pkey on sbtest6  (cost=0.43..39.88 rows=9 width=4)
	        Index Cond: ((id >= 609089) AND (id <= 609098))

table 7 : explain SELECT SUM(k) FROM sbtest7 WHERE id BETWEEN 1507425 AND 1507434
	Aggregate  (cost=43.82..43.83 rows=1 width=8)
	  ->  Index Scan using sbtest7_pkey on sbtest7  (cost=0.43..43.79 rows=10 width=4)
	        Index Cond: ((id >= 1507425) AND (id <= 1507434))

table 8 : explain SELECT SUM(k) FROM sbtest8 WHERE id BETWEEN 1956845 AND 1956854
	Aggregate  (cost=43.81..43.82 rows=1 width=8)
	  ->  Index Scan using sbtest8_pkey on sbtest8  (cost=0.43..43.79 rows=10 width=4)
	        Index Cond: ((id >= 1956845) AND (id <= 1956854))

for: order_ranges
table 1 : explain SELECT c FROM sbtest1 WHERE id BETWEEN 5175412 AND 5175421 ORDER BY c
	Sort  (cost=40.02..40.04 rows=9 width=121)
	  Sort Key: c
	  ->  Index Scan using sbtest1_pkey on sbtest1  (cost=0.43..39.87 rows=9 width=121)
	        Index Cond: ((id >= 5175412) AND (id <= 5175421))

table 2 : explain SELECT c FROM sbtest2 WHERE id BETWEEN 5342092 AND 5342101 ORDER BY c
	Sort  (cost=44.04..44.07 rows=10 width=121)
	  Sort Key: c
	  ->  Index Scan using sbtest2_pkey on sbtest2  (cost=0.43..43.88 rows=10 width=121)
	        Index Cond: ((id >= 5342092) AND (id <= 5342101))

table 3 : explain SELECT c FROM sbtest3 WHERE id BETWEEN 9600426 AND 9600435 ORDER BY c
	Sort  (cost=43.98..44.00 rows=10 width=121)
	  Sort Key: c
	  ->  Index Scan using sbtest3_pkey on sbtest3  (cost=0.43..43.81 rows=10 width=121)
	        Index Cond: ((id >= 9600426) AND (id <= 9600435))

table 4 : explain SELECT c FROM sbtest4 WHERE id BETWEEN 8913836 AND 8913845 ORDER BY c
	Sort  (cost=44.15..44.17 rows=10 width=121)
	  Sort Key: c
	  ->  Index Scan using sbtest4_pkey on sbtest4  (cost=0.43..43.98 rows=10 width=121)
	        Index Cond: ((id >= 8913836) AND (id <= 8913845))

table 5 : explain SELECT c FROM sbtest5 WHERE id BETWEEN 9319138 AND 9319147 ORDER BY c
	Sort  (cost=44.01..44.04 rows=10 width=121)
	  Sort Key: c
	  ->  Index Scan using sbtest5_pkey on sbtest5  (cost=0.43..43.85 rows=10 width=121)
	        Index Cond: ((id >= 9319138) AND (id <= 9319147))

table 6 : explain SELECT c FROM sbtest6 WHERE id BETWEEN 5876393 AND 5876402 ORDER BY c
	Sort  (cost=40.02..40.04 rows=9 width=121)
	  Sort Key: c
	  ->  Index Scan using sbtest6_pkey on sbtest6  (cost=0.43..39.88 rows=9 width=121)
	        Index Cond: ((id >= 5876393) AND (id <= 5876402))

table 7 : explain SELECT c FROM sbtest7 WHERE id BETWEEN 3641721 AND 3641730 ORDER BY c
	Sort  (cost=43.96..43.98 rows=10 width=121)
	  Sort Key: c
	  ->  Index Scan using sbtest7_pkey on sbtest7  (cost=0.43..43.79 rows=10 width=121)
	        Index Cond: ((id >= 3641721) AND (id <= 3641730))

table 8 : explain SELECT c FROM sbtest8 WHERE id BETWEEN 9144486 AND 9144495 ORDER BY c
	Sort  (cost=43.95..43.98 rows=10 width=121)
	  Sort Key: c
	  ->  Index Scan using sbtest8_pkey on sbtest8  (cost=0.43..43.79 rows=10 width=121)
	        Index Cond: ((id >= 9144486) AND (id <= 9144495))

for: sum_ranges
table 1 : explain SELECT SUM(k) FROM sbtest1 WHERE id BETWEEN 7039279 AND 7039288
	Aggregate  (cost=43.83..43.84 rows=1 width=8)
	  ->  Index Scan using sbtest1_pkey on sbtest1  (cost=0.43..43.80 rows=10 width=4)
	        Index Cond: ((id >= 7039279) AND (id <= 7039288))

table 2 : explain SELECT SUM(k) FROM sbtest2 WHERE id BETWEEN 2642697 AND 2642706
	Aggregate  (cost=43.90..43.91 rows=1 width=8)
	  ->  Index Scan using sbtest2_pkey on sbtest2  (cost=0.43..43.88 rows=10 width=4)
	        Index Cond: ((id >= 2642697) AND (id <= 2642706))

table 3 : explain SELECT SUM(k) FROM sbtest3 WHERE id BETWEEN 3642980 AND 3642989
	Aggregate  (cost=39.90..39.91 rows=1 width=8)
	  ->  Index Scan using sbtest3_pkey on sbtest3  (cost=0.43..39.88 rows=9 width=4)
	        Index Cond: ((id >= 3642980) AND (id <= 3642989))

table 4 : explain SELECT SUM(k) FROM sbtest4 WHERE id BETWEEN 5380089 AND 5380098
	Aggregate  (cost=47.96..47.97 rows=1 width=8)
	  ->  Index Scan using sbtest4_pkey on sbtest4  (cost=0.43..47.93 rows=11 width=4)
	        Index Cond: ((id >= 5380089) AND (id <= 5380098))

table 5 : explain SELECT SUM(k) FROM sbtest5 WHERE id BETWEEN 8087021 AND 8087030
	Aggregate  (cost=43.87..43.88 rows=1 width=8)
	  ->  Index Scan using sbtest5_pkey on sbtest5  (cost=0.43..43.85 rows=10 width=4)
	        Index Cond: ((id >= 8087021) AND (id <= 8087030))

table 6 : explain SELECT SUM(k) FROM sbtest6 WHERE id BETWEEN 659802 AND 659811
	Aggregate  (cost=39.90..39.91 rows=1 width=8)
	  ->  Index Scan using sbtest6_pkey on sbtest6  (cost=0.43..39.88 rows=9 width=4)
	        Index Cond: ((id >= 659802) AND (id <= 659811))

table 7 : explain SELECT SUM(k) FROM sbtest7 WHERE id BETWEEN 4318632 AND 4318641
	Aggregate  (cost=43.82..43.83 rows=1 width=8)
	  ->  Index Scan using sbtest7_pkey on sbtest7  (cost=0.43..43.79 rows=10 width=4)
	        Index Cond: ((id >= 4318632) AND (id <= 4318641))

table 8 : explain SELECT SUM(k) FROM sbtest8 WHERE id BETWEEN 6716915 AND 6716924
	Aggregate  (cost=43.81..43.82 rows=1 width=8)
	  ->  Index Scan using sbtest8_pkey on sbtest8  (cost=0.43..43.79 rows=10 width=4)
	        Index Cond: ((id >= 6716915) AND (id <= 6716924))

for: order_ranges
table 1 : explain SELECT c FROM sbtest1 WHERE id BETWEEN 4912173 AND 4912182 ORDER BY c
	Sort  (cost=43.97..43.99 rows=10 width=121)
	  Sort Key: c
	  ->  Index Scan using sbtest1_pkey on sbtest1  (cost=0.43..43.80 rows=10 width=121)
	        Index Cond: ((id >= 4912173) AND (id <= 4912182))

table 2 : explain SELECT c FROM sbtest2 WHERE id BETWEEN 8108982 AND 8108991 ORDER BY c
	Sort  (cost=44.04..44.07 rows=10 width=121)
	  Sort Key: c
	  ->  Index Scan using sbtest2_pkey on sbtest2  (cost=0.43..43.88 rows=10 width=121)
	        Index Cond: ((id >= 8108982) AND (id <= 8108991))

table 3 : explain SELECT c FROM sbtest3 WHERE id BETWEEN 7520007 AND 7520016 ORDER BY c
	Sort  (cost=40.02..40.05 rows=9 width=121)
	  Sort Key: c
	  ->  Index Scan using sbtest3_pkey on sbtest3  (cost=0.43..39.88 rows=9 width=121)
	        Index Cond: ((id >= 7520007) AND (id <= 7520016))

table 4 : explain SELECT c FROM sbtest4 WHERE id BETWEEN 2999889 AND 2999898 ORDER BY c
	Sort  (cost=40.18..40.20 rows=9 width=121)
	  Sort Key: c
	  ->  Index Scan using sbtest4_pkey on sbtest4  (cost=0.43..40.03 rows=9 width=121)
	        Index Cond: ((id >= 2999889) AND (id <= 2999898))

table 5 : explain SELECT c FROM sbtest5 WHERE id BETWEEN 969529 AND 969538 ORDER BY c
	Sort  (cost=47.97..48.00 rows=11 width=121)
	  Sort Key: c
	  ->  Index Scan using sbtest5_pkey on sbtest5  (cost=0.43..47.78 rows=11 width=121)
	        Index Cond: ((id >= 969529) AND (id <= 969538))

table 6 : explain SELECT c FROM sbtest6 WHERE id BETWEEN 5023046 AND 5023055 ORDER BY c
	Sort  (cost=43.97..44.00 rows=10 width=121)
	  Sort Key: c
	  ->  Index Scan using sbtest6_pkey on sbtest6  (cost=0.43..43.80 rows=10 width=121)
	        Index Cond: ((id >= 5023046) AND (id <= 5023055))

table 7 : explain SELECT c FROM sbtest7 WHERE id BETWEEN 6582787 AND 6582796 ORDER BY c
	Sort  (cost=47.91..47.94 rows=11 width=121)
	  Sort Key: c
	  ->  Index Scan using sbtest7_pkey on sbtest7  (cost=0.43..47.72 rows=11 width=121)
	        Index Cond: ((id >= 6582787) AND (id <= 6582796))

table 8 : explain SELECT c FROM sbtest8 WHERE id BETWEEN 1297871 AND 1297880 ORDER BY c
	Sort  (cost=40.00..40.03 rows=9 width=121)
	  Sort Key: c
	  ->  Index Scan using sbtest8_pkey on sbtest8  (cost=0.43..39.86 rows=9 width=121)
	        Index Cond: ((id >= 1297871) AND (id <= 1297880))

for: order_ranges
table 1 : explain SELECT c FROM sbtest1 WHERE id BETWEEN 8923714 AND 8923723 ORDER BY c
	Sort  (cost=43.97..43.99 rows=10 width=121)
	  Sort Key: c
	  ->  Index Scan using sbtest1_pkey on sbtest1  (cost=0.43..43.80 rows=10 width=121)
	        Index Cond: ((id >= 8923714) AND (id <= 8923723))

table 2 : explain SELECT c FROM sbtest2 WHERE id BETWEEN 7595087 AND 7595096 ORDER BY c
	Sort  (cost=44.04..44.07 rows=10 width=121)
	  Sort Key: c
	  ->  Index Scan using sbtest2_pkey on sbtest2  (cost=0.43..43.88 rows=10 width=121)
	        Index Cond: ((id >= 7595087) AND (id <= 7595096))

table 3 : explain SELECT c FROM sbtest3 WHERE id BETWEEN 2474823 AND 2474832 ORDER BY c
	Sort  (cost=43.98..44.00 rows=10 width=121)
	  Sort Key: c
	  ->  Index Scan using sbtest3_pkey on sbtest3  (cost=0.43..43.81 rows=10 width=121)
	        Index Cond: ((id >= 2474823) AND (id <= 2474832))

table 4 : explain SELECT c FROM sbtest4 WHERE id BETWEEN 9483800 AND 9483809 ORDER BY c
	Sort  (cost=48.12..48.15 rows=11 width=121)
	  Sort Key: c
	  ->  Index Scan using sbtest4_pkey on sbtest4  (cost=0.43..47.93 rows=11 width=121)
	        Index Cond: ((id >= 9483800) AND (id <= 9483809))

table 5 : explain SELECT c FROM sbtest5 WHERE id BETWEEN 1069439 AND 1069448 ORDER BY c
	Sort  (cost=44.01..44.04 rows=10 width=121)
	  Sort Key: c
	  ->  Index Scan using sbtest5_pkey on sbtest5  (cost=0.43..43.85 rows=10 width=121)
	        Index Cond: ((id >= 1069439) AND (id <= 1069448))

table 6 : explain SELECT c FROM sbtest6 WHERE id BETWEEN 3340860 AND 3340869 ORDER BY c
	Sort  (cost=40.02..40.04 rows=9 width=121)
	  Sort Key: c
	  ->  Index Scan using sbtest6_pkey on sbtest6  (cost=0.43..39.88 rows=9 width=121)
	        Index Cond: ((id >= 3340860) AND (id <= 3340869))

table 7 : explain SELECT c FROM sbtest7 WHERE id BETWEEN 939730 AND 939739 ORDER BY c
	Sort  (cost=47.91..47.94 rows=11 width=121)
	  Sort Key: c
	  ->  Index Scan using sbtest7_pkey on sbtest7  (cost=0.43..47.72 rows=11 width=121)
	        Index Cond: ((id >= 939730) AND (id <= 939739))

table 8 : explain SELECT c FROM sbtest8 WHERE id BETWEEN 5455783 AND 5455792 ORDER BY c
	Sort  (cost=40.00..40.03 rows=9 width=121)
	  Sort Key: c
	  ->  Index Scan using sbtest8_pkey on sbtest8  (cost=0.43..39.86 rows=9 width=121)
	        Index Cond: ((id >= 5455783) AND (id <= 5455792))

for: order_ranges
table 1 : explain SELECT c FROM sbtest1 WHERE id BETWEEN 5853798 AND 5853807 ORDER BY c
	Sort  (cost=43.97..43.99 rows=10 width=121)
	  Sort Key: c
	  ->  Index Scan using sbtest1_pkey on sbtest1  (cost=0.43..43.80 rows=10 width=121)
	        Index Cond: ((id >= 5853798) AND (id <= 5853807))

table 2 : explain SELECT c FROM sbtest2 WHERE id BETWEEN 4607332 AND 4607341 ORDER BY c
	Sort  (cost=40.09..40.11 rows=9 width=121)
	  Sort Key: c
	  ->  Index Scan using sbtest2_pkey on sbtest2  (cost=0.43..39.94 rows=9 width=121)
	        Index Cond: ((id >= 4607332) AND (id <= 4607341))

table 3 : explain SELECT c FROM sbtest3 WHERE id BETWEEN 6725117 AND 6725126 ORDER BY c
	Sort  (cost=43.98..44.00 rows=10 width=121)
	  Sort Key: c
	  ->  Index Scan using sbtest3_pkey on sbtest3  (cost=0.43..43.81 rows=10 width=121)
	        Index Cond: ((id >= 6725117) AND (id <= 6725126))

table 4 : explain SELECT c FROM sbtest4 WHERE id BETWEEN 6789394 AND 6789403 ORDER BY c
	Sort  (cost=44.15..44.17 rows=10 width=121)
	  Sort Key: c
	  ->  Index Scan using sbtest4_pkey on sbtest4  (cost=0.43..43.98 rows=10 width=121)
	        Index Cond: ((id >= 6789394) AND (id <= 6789403))

table 5 : explain SELECT c FROM sbtest5 WHERE id BETWEEN 8082966 AND 8082975 ORDER BY c
	Sort  (cost=44.01..44.04 rows=10 width=121)
	  Sort Key: c
	  ->  Index Scan using sbtest5_pkey on sbtest5  (cost=0.43..43.85 rows=10 width=121)
	        Index Cond: ((id >= 8082966) AND (id <= 8082975))

table 6 : explain SELECT c FROM sbtest6 WHERE id BETWEEN 5075090 AND 5075099 ORDER BY c
	Sort  (cost=47.92..47.95 rows=11 width=121)
	  Sort Key: c
	  ->  Index Scan using sbtest6_pkey on sbtest6  (cost=0.43..47.73 rows=11 width=121)
	        Index Cond: ((id >= 5075090) AND (id <= 5075099))

table 7 : explain SELECT c FROM sbtest7 WHERE id BETWEEN 5033757 AND 5033766 ORDER BY c
	Sort  (cost=43.96..43.98 rows=10 width=121)
	  Sort Key: c
	  ->  Index Scan using sbtest7_pkey on sbtest7  (cost=0.43..43.79 rows=10 width=121)
	        Index Cond: ((id >= 5033757) AND (id <= 5033766))

table 8 : explain SELECT c FROM sbtest8 WHERE id BETWEEN 8521581 AND 8521590 ORDER BY c
	Sort  (cost=47.90..47.93 rows=11 width=121)
	  Sort Key: c
	  ->  Index Scan using sbtest8_pkey on sbtest8  (cost=0.43..47.71 rows=11 width=121)
	        Index Cond: ((id >= 8521581) AND (id <= 8521590))

for: order_ranges
table 1 : explain SELECT c FROM sbtest1 WHERE id BETWEEN 3732743 AND 3732752 ORDER BY c
	Sort  (cost=43.97..43.99 rows=10 width=121)
	  Sort Key: c
	  ->  Index Scan using sbtest1_pkey on sbtest1  (cost=0.43..43.80 rows=10 width=121)
	        Index Cond: ((id >= 3732743) AND (id <= 3732752))

table 2 : explain SELECT c FROM sbtest2 WHERE id BETWEEN 7336092 AND 7336101 ORDER BY c
	Sort  (cost=44.04..44.07 rows=10 width=121)
	  Sort Key: c
	  ->  Index Scan using sbtest2_pkey on sbtest2  (cost=0.43..43.88 rows=10 width=121)
	        Index Cond: ((id >= 7336092) AND (id <= 7336101))

table 3 : explain SELECT c FROM sbtest3 WHERE id BETWEEN 1409079 AND 1409088 ORDER BY c
	Sort  (cost=40.02..40.05 rows=9 width=121)
	  Sort Key: c
	  ->  Index Scan using sbtest3_pkey on sbtest3  (cost=0.43..39.88 rows=9 width=121)
	        Index Cond: ((id >= 1409079) AND (id <= 1409088))

table 4 : explain SELECT c FROM sbtest4 WHERE id BETWEEN 7605435 AND 7605444 ORDER BY c
	Sort  (cost=44.15..44.17 rows=10 width=121)
	  Sort Key: c
	  ->  Index Scan using sbtest4_pkey on sbtest4  (cost=0.43..43.98 rows=10 width=121)
	        Index Cond: ((id >= 7605435) AND (id <= 7605444))

table 5 : explain SELECT c FROM sbtest5 WHERE id BETWEEN 9470318 AND 9470327 ORDER BY c
	Sort  (cost=44.01..44.04 rows=10 width=121)
	  Sort Key: c
	  ->  Index Scan using sbtest5_pkey on sbtest5  (cost=0.43..43.85 rows=10 width=121)
	        Index Cond: ((id >= 9470318) AND (id <= 9470327))

table 6 : explain SELECT c FROM sbtest6 WHERE id BETWEEN 5012297 AND 5012306 ORDER BY c
	Sort  (cost=43.97..44.00 rows=10 width=121)
	  Sort Key: c
	  ->  Index Scan using sbtest6_pkey on sbtest6  (cost=0.43..43.80 rows=10 width=121)
	        Index Cond: ((id >= 5012297) AND (id <= 5012306))

table 7 : explain SELECT c FROM sbtest7 WHERE id BETWEEN 3351813 AND 3351822 ORDER BY c
	Sort  (cost=43.96..43.98 rows=10 width=121)
	  Sort Key: c
	  ->  Index Scan using sbtest7_pkey on sbtest7  (cost=0.43..43.79 rows=10 width=121)
	        Index Cond: ((id >= 3351813) AND (id <= 3351822))

table 8 : explain SELECT c FROM sbtest8 WHERE id BETWEEN 4617538 AND 4617547 ORDER BY c
	Sort  (cost=43.95..43.98 rows=10 width=121)
	  Sort Key: c
	  ->  Index Scan using sbtest8_pkey on sbtest8  (cost=0.43..43.79 rows=10 width=121)
	        Index Cond: ((id >= 4617538) AND (id <= 4617547))

for: distinct_ranges
table 1 : explain SELECT DISTINCT c FROM sbtest1 WHERE id BETWEEN 3206507 AND 3206516 ORDER BY c
	Unique  (cost=43.97..44.02 rows=10 width=121)
	  ->  Sort  (cost=43.97..43.99 rows=10 width=121)
	        Sort Key: c
	        ->  Index Scan using sbtest1_pkey on sbtest1  (cost=0.43..43.80 rows=10 width=121)
	              Index Cond: ((id >= 3206507) AND (id <= 3206516))

table 2 : explain SELECT DISTINCT c FROM sbtest2 WHERE id BETWEEN 5578232 AND 5578241 ORDER BY c
	Unique  (cost=40.09..40.13 rows=9 width=121)
	  ->  Sort  (cost=40.09..40.11 rows=9 width=121)
	        Sort Key: c
	        ->  Index Scan using sbtest2_pkey on sbtest2  (cost=0.43..39.94 rows=9 width=121)
	              Index Cond: ((id >= 5578232) AND (id <= 5578241))

table 3 : explain SELECT DISTINCT c FROM sbtest3 WHERE id BETWEEN 3737645 AND 3737654 ORDER BY c
	Unique  (cost=43.98..44.03 rows=10 width=121)
	  ->  Sort  (cost=43.98..44.00 rows=10 width=121)
	        Sort Key: c
	        ->  Index Scan using sbtest3_pkey on sbtest3  (cost=0.43..43.81 rows=10 width=121)
	              Index Cond: ((id >= 3737645) AND (id <= 3737654))

table 4 : explain SELECT DISTINCT c FROM sbtest4 WHERE id BETWEEN 8315838 AND 8315847 ORDER BY c
	Unique  (cost=44.15..44.20 rows=10 width=121)
	  ->  Sort  (cost=44.15..44.17 rows=10 width=121)
	        Sort Key: c
	        ->  Index Scan using sbtest4_pkey on sbtest4  (cost=0.43..43.98 rows=10 width=121)
	              Index Cond: ((id >= 8315838) AND (id <= 8315847))

table 5 : explain SELECT DISTINCT c FROM sbtest5 WHERE id BETWEEN 6816718 AND 6816727 ORDER BY c
	Unique  (cost=40.06..40.10 rows=9 width=121)
	  ->  Sort  (cost=40.06..40.08 rows=9 width=121)
	        Sort Key: c
	        ->  Index Scan using sbtest5_pkey on sbtest5  (cost=0.43..39.91 rows=9 width=121)
	              Index Cond: ((id >= 6816718) AND (id <= 6816727))

table 6 : explain SELECT DISTINCT c FROM sbtest6 WHERE id BETWEEN 3667731 AND 3667740 ORDER BY c
	Unique  (cost=43.97..44.02 rows=10 width=121)
	  ->  Sort  (cost=43.97..44.00 rows=10 width=121)
	        Sort Key: c
	        ->  Index Scan using sbtest6_pkey on sbtest6  (cost=0.43..43.80 rows=10 width=121)
	              Index Cond: ((id >= 3667731) AND (id <= 3667740))

table 7 : explain SELECT DISTINCT c FROM sbtest7 WHERE id BETWEEN 2815322 AND 2815331 ORDER BY c
	Unique  (cost=40.01..40.05 rows=9 width=121)
	  ->  Sort  (cost=40.01..40.03 rows=9 width=121)
	        Sort Key: c
	        ->  Index Scan using sbtest7_pkey on sbtest7  (cost=0.43..39.87 rows=9 width=121)
	              Index Cond: ((id >= 2815322) AND (id <= 2815331))

table 8 : explain SELECT DISTINCT c FROM sbtest8 WHERE id BETWEEN 9881599 AND 9881608 ORDER BY c
	Unique  (cost=43.95..44.00 rows=10 width=121)
	  ->  Sort  (cost=43.95..43.98 rows=10 width=121)
	        Sort Key: c
	        ->  Index Scan using sbtest8_pkey on sbtest8  (cost=0.43..43.79 rows=10 width=121)
	              Index Cond: ((id >= 9881599) AND (id <= 9881608))

for: distinct_ranges
table 1 : explain SELECT DISTINCT c FROM sbtest1 WHERE id BETWEEN 5265117 AND 5265126 ORDER BY c
	Unique  (cost=43.97..44.02 rows=10 width=121)
	  ->  Sort  (cost=43.97..43.99 rows=10 width=121)
	        Sort Key: c
	        ->  Index Scan using sbtest1_pkey on sbtest1  (cost=0.43..43.80 rows=10 width=121)
	              Index Cond: ((id >= 5265117) AND (id <= 5265126))

table 2 : explain SELECT DISTINCT c FROM sbtest2 WHERE id BETWEEN 5842293 AND 5842302 ORDER BY c
	Unique  (cost=44.04..44.09 rows=10 width=121)
	  ->  Sort  (cost=44.04..44.07 rows=10 width=121)
	        Sort Key: c
	        ->  Index Scan using sbtest2_pkey on sbtest2  (cost=0.43..43.88 rows=10 width=121)
	              Index Cond: ((id >= 5842293) AND (id <= 5842302))

table 3 : explain SELECT DISTINCT c FROM sbtest3 WHERE id BETWEEN 4606770 AND 4606779 ORDER BY c
	Unique  (cost=43.98..44.03 rows=10 width=121)
	  ->  Sort  (cost=43.98..44.00 rows=10 width=121)
	        Sort Key: c
	        ->  Index Scan using sbtest3_pkey on sbtest3  (cost=0.43..43.81 rows=10 width=121)
	              Index Cond: ((id >= 4606770) AND (id <= 4606779))

table 4 : explain SELECT DISTINCT c FROM sbtest4 WHERE id BETWEEN 7151256 AND 7151265 ORDER BY c
	Unique  (cost=44.15..44.20 rows=10 width=121)
	  ->  Sort  (cost=44.15..44.17 rows=10 width=121)
	        Sort Key: c
	        ->  Index Scan using sbtest4_pkey on sbtest4  (cost=0.43..43.98 rows=10 width=121)
	              Index Cond: ((id >= 7151256) AND (id <= 7151265))

table 5 : explain SELECT DISTINCT c FROM sbtest5 WHERE id BETWEEN 8759185 AND 8759194 ORDER BY c
	Unique  (cost=40.06..40.10 rows=9 width=121)
	  ->  Sort  (cost=40.06..40.08 rows=9 width=121)
	        Sort Key: c
	        ->  Index Scan using sbtest5_pkey on sbtest5  (cost=0.43..39.91 rows=9 width=121)
	              Index Cond: ((id >= 8759185) AND (id <= 8759194))

table 6 : explain SELECT DISTINCT c FROM sbtest6 WHERE id BETWEEN 1937903 AND 1937912 ORDER BY c
	Unique  (cost=43.97..44.02 rows=10 width=121)
	  ->  Sort  (cost=43.97..44.00 rows=10 width=121)
	        Sort Key: c
	        ->  Index Scan using sbtest6_pkey on sbtest6  (cost=0.43..43.80 rows=10 width=121)
	              Index Cond: ((id >= 1937903) AND (id <= 1937912))

table 7 : explain SELECT DISTINCT c FROM sbtest7 WHERE id BETWEEN 5937419 AND 5937428 ORDER BY c
	Unique  (cost=43.96..44.01 rows=10 width=121)
	  ->  Sort  (cost=43.96..43.98 rows=10 width=121)
	        Sort Key: c
	        ->  Index Scan using sbtest7_pkey on sbtest7  (cost=0.43..43.79 rows=10 width=121)
	              Index Cond: ((id >= 5937419) AND (id <= 5937428))

table 8 : explain SELECT DISTINCT c FROM sbtest8 WHERE id BETWEEN 6876365 AND 6876374 ORDER BY c
	Unique  (cost=43.95..44.00 rows=10 width=121)
	  ->  Sort  (cost=43.95..43.98 rows=10 width=121)
	        Sort Key: c
	        ->  Index Scan using sbtest8_pkey on sbtest8  (cost=0.43..43.79 rows=10 width=121)
	              Index Cond: ((id >= 6876365) AND (id <= 6876374))

for: order_ranges
table 1 : explain SELECT c FROM sbtest1 WHERE id BETWEEN 8520821 AND 8520830 ORDER BY c
	Sort  (cost=43.97..43.99 rows=10 width=121)
	  Sort Key: c
	  ->  Index Scan using sbtest1_pkey on sbtest1  (cost=0.43..43.80 rows=10 width=121)
	        Index Cond: ((id >= 8520821) AND (id <= 8520830))

table 2 : explain SELECT c FROM sbtest2 WHERE id BETWEEN 5441814 AND 5441823 ORDER BY c
	Sort  (cost=44.04..44.07 rows=10 width=121)
	  Sort Key: c
	  ->  Index Scan using sbtest2_pkey on sbtest2  (cost=0.43..43.88 rows=10 width=121)
	        Index Cond: ((id >= 5441814) AND (id <= 5441823))

table 3 : explain SELECT c FROM sbtest3 WHERE id BETWEEN 8087352 AND 8087361 ORDER BY c
	Sort  (cost=40.02..40.05 rows=9 width=121)
	  Sort Key: c
	  ->  Index Scan using sbtest3_pkey on sbtest3  (cost=0.43..39.88 rows=9 width=121)
	        Index Cond: ((id >= 8087352) AND (id <= 8087361))

table 4 : explain SELECT c FROM sbtest4 WHERE id BETWEEN 2861985 AND 2861994 ORDER BY c
	Sort  (cost=44.15..44.17 rows=10 width=121)
	  Sort Key: c
	  ->  Index Scan using sbtest4_pkey on sbtest4  (cost=0.43..43.98 rows=10 width=121)
	        Index Cond: ((id >= 2861985) AND (id <= 2861994))

table 5 : explain SELECT c FROM sbtest5 WHERE id BETWEEN 8829565 AND 8829574 ORDER BY c
	Sort  (cost=40.06..40.08 rows=9 width=121)
	  Sort Key: c
	  ->  Index Scan using sbtest5_pkey on sbtest5  (cost=0.43..39.91 rows=9 width=121)
	        Index Cond: ((id >= 8829565) AND (id <= 8829574))

table 6 : explain SELECT c FROM sbtest6 WHERE id BETWEEN 7186413 AND 7186422 ORDER BY c
	Sort  (cost=47.92..47.95 rows=11 width=121)
	  Sort Key: c
	  ->  Index Scan using sbtest6_pkey on sbtest6  (cost=0.43..47.73 rows=11 width=121)
	        Index Cond: ((id >= 7186413) AND (id <= 7186422))

table 7 : explain SELECT c FROM sbtest7 WHERE id BETWEEN 8606570 AND 8606579 ORDER BY c
	Sort  (cost=40.01..40.03 rows=9 width=121)
	  Sort Key: c
	  ->  Index Scan using sbtest7_pkey on sbtest7  (cost=0.43..39.87 rows=9 width=121)
	        Index Cond: ((id >= 8606570) AND (id <= 8606579))

table 8 : explain SELECT c FROM sbtest8 WHERE id BETWEEN 9760159 AND 9760168 ORDER BY c
	Sort  (cost=40.00..40.03 rows=9 width=121)
	  Sort Key: c
	  ->  Index Scan using sbtest8_pkey on sbtest8  (cost=0.43..39.86 rows=9 width=121)
	        Index Cond: ((id >= 9760159) AND (id <= 9760168))

for: order_ranges
table 1 : explain SELECT c FROM sbtest1 WHERE id BETWEEN 8986329 AND 8986338 ORDER BY c
	Sort  (cost=43.97..43.99 rows=10 width=121)
	  Sort Key: c
	  ->  Index Scan using sbtest1_pkey on sbtest1  (cost=0.43..43.80 rows=10 width=121)
	        Index Cond: ((id >= 8986329) AND (id <= 8986338))

table 2 : explain SELECT c FROM sbtest2 WHERE id BETWEEN 5584812 AND 5584821 ORDER BY c
	Sort  (cost=44.04..44.07 rows=10 width=121)
	  Sort Key: c
	  ->  Index Scan using sbtest2_pkey on sbtest2  (cost=0.43..43.88 rows=10 width=121)
	        Index Cond: ((id >= 5584812) AND (id <= 5584821))

table 3 : explain SELECT c FROM sbtest3 WHERE id BETWEEN 3824312 AND 3824321 ORDER BY c
	Sort  (cost=43.98..44.00 rows=10 width=121)
	  Sort Key: c
	  ->  Index Scan using sbtest3_pkey on sbtest3  (cost=0.43..43.81 rows=10 width=121)
	        Index Cond: ((id >= 3824312) AND (id <= 3824321))

table 4 : explain SELECT c FROM sbtest4 WHERE id BETWEEN 4180400 AND 4180409 ORDER BY c
	Sort  (cost=44.15..44.17 rows=10 width=121)
	  Sort Key: c
	  ->  Index Scan using sbtest4_pkey on sbtest4  (cost=0.43..43.98 rows=10 width=121)
	        Index Cond: ((id >= 4180400) AND (id <= 4180409))

table 5 : explain SELECT c FROM sbtest5 WHERE id BETWEEN 7040313 AND 7040322 ORDER BY c
	Sort  (cost=44.01..44.04 rows=10 width=121)
	  Sort Key: c
	  ->  Index Scan using sbtest5_pkey on sbtest5  (cost=0.43..43.85 rows=10 width=121)
	        Index Cond: ((id >= 7040313) AND (id <= 7040322))

table 6 : explain SELECT c FROM sbtest6 WHERE id BETWEEN 1055448 AND 1055457 ORDER BY c
	Sort  (cost=47.92..47.95 rows=11 width=121)
	  Sort Key: c
	  ->  Index Scan using sbtest6_pkey on sbtest6  (cost=0.43..47.73 rows=11 width=121)
	        Index Cond: ((id >= 1055448) AND (id <= 1055457))

table 7 : explain SELECT c FROM sbtest7 WHERE id BETWEEN 4550787 AND 4550796 ORDER BY c
	Sort  (cost=43.96..43.98 rows=10 width=121)
	  Sort Key: c
	  ->  Index Scan using sbtest7_pkey on sbtest7  (cost=0.43..43.79 rows=10 width=121)
	        Index Cond: ((id >= 4550787) AND (id <= 4550796))

table 8 : explain SELECT c FROM sbtest8 WHERE id BETWEEN 8116405 AND 8116414 ORDER BY c
	Sort  (cost=40.00..40.03 rows=9 width=121)
	  Sort Key: c
	  ->  Index Scan using sbtest8_pkey on sbtest8  (cost=0.43..39.86 rows=9 width=121)
	        Index Cond: ((id >= 8116405) AND (id <= 8116414))

for: distinct_ranges
table 1 : explain SELECT DISTINCT c FROM sbtest1 WHERE id BETWEEN 5582749 AND 5582758 ORDER BY c
	Unique  (cost=43.97..44.02 rows=10 width=121)
	  ->  Sort  (cost=43.97..43.99 rows=10 width=121)
	        Sort Key: c
	        ->  Index Scan using sbtest1_pkey on sbtest1  (cost=0.43..43.80 rows=10 width=121)
	              Index Cond: ((id >= 5582749) AND (id <= 5582758))

table 2 : explain SELECT DISTINCT c FROM sbtest2 WHERE id BETWEEN 4658314 AND 4658323 ORDER BY c
	Unique  (cost=44.04..44.09 rows=10 width=121)
	  ->  Sort  (cost=44.04..44.07 rows=10 width=121)
	        Sort Key: c
	        ->  Index Scan using sbtest2_pkey on sbtest2  (cost=0.43..43.88 rows=10 width=121)
	              Index Cond: ((id >= 4658314) AND (id <= 4658323))

table 3 : explain SELECT DISTINCT c FROM sbtest3 WHERE id BETWEEN 2726924 AND 2726933 ORDER BY c
	Unique  (cost=43.98..44.03 rows=10 width=121)
	  ->  Sort  (cost=43.98..44.00 rows=10 width=121)
	        Sort Key: c
	        ->  Index Scan using sbtest3_pkey on sbtest3  (cost=0.43..43.81 rows=10 width=121)
	              Index Cond: ((id >= 2726924) AND (id <= 2726933))

table 4 : explain SELECT DISTINCT c FROM sbtest4 WHERE id BETWEEN 3807512 AND 3807521 ORDER BY c
	Unique  (cost=44.15..44.20 rows=10 width=121)
	  ->  Sort  (cost=44.15..44.17 rows=10 width=121)
	        Sort Key: c
	        ->  Index Scan using sbtest4_pkey on sbtest4  (cost=0.43..43.98 rows=10 width=121)
	              Index Cond: ((id >= 3807512) AND (id <= 3807521))

table 5 : explain SELECT DISTINCT c FROM sbtest5 WHERE id BETWEEN 9672309 AND 9672318 ORDER BY c
	Unique  (cost=47.97..48.02 rows=11 width=121)
	  ->  Sort  (cost=47.97..48.00 rows=11 width=121)
	        Sort Key: c
	        ->  Index Scan using sbtest5_pkey on sbtest5  (cost=0.43..47.78 rows=11 width=121)
	              Index Cond: ((id >= 9672309) AND (id <= 9672318))

table 6 : explain SELECT DISTINCT c FROM sbtest6 WHERE id BETWEEN 6222566 AND 6222575 ORDER BY c
	Unique  (cost=43.97..44.02 rows=10 width=121)
	  ->  Sort  (cost=43.97..44.00 rows=10 width=121)
	        Sort Key: c
	        ->  Index Scan using sbtest6_pkey on sbtest6  (cost=0.43..43.80 rows=10 width=121)
	              Index Cond: ((id >= 6222566) AND (id <= 6222575))

table 7 : explain SELECT DISTINCT c FROM sbtest7 WHERE id BETWEEN 1653592 AND 1653601 ORDER BY c
	Unique  (cost=47.91..47.96 rows=11 width=121)
	  ->  Sort  (cost=47.91..47.94 rows=11 width=121)
	        Sort Key: c
	        ->  Index Scan using sbtest7_pkey on sbtest7  (cost=0.43..47.72 rows=11 width=121)
	              Index Cond: ((id >= 1653592) AND (id <= 1653601))

table 8 : explain SELECT DISTINCT c FROM sbtest8 WHERE id BETWEEN 6249332 AND 6249341 ORDER BY c
	Unique  (cost=43.95..44.00 rows=10 width=121)
	  ->  Sort  (cost=43.95..43.98 rows=10 width=121)
	        Sort Key: c
	        ->  Index Scan using sbtest8_pkey on sbtest8  (cost=0.43..43.79 rows=10 width=121)
	              Index Cond: ((id >= 6249332) AND (id <= 6249341))

for: distinct_ranges
table 1 : explain SELECT DISTINCT c FROM sbtest1 WHERE id BETWEEN 5279067 AND 5279076 ORDER BY c
	Unique  (cost=43.97..44.02 rows=10 width=121)
	  ->  Sort  (cost=43.97..43.99 rows=10 width=121)
	        Sort Key: c
	        ->  Index Scan using sbtest1_pkey on sbtest1  (cost=0.43..43.80 rows=10 width=121)
	              Index Cond: ((id >= 5279067) AND (id <= 5279076))

table 2 : explain SELECT DISTINCT c FROM sbtest2 WHERE id BETWEEN 6501298 AND 6501307 ORDER BY c
	Unique  (cost=44.04..44.09 rows=10 width=121)
	  ->  Sort  (cost=44.04..44.07 rows=10 width=121)
	        Sort Key: c
	        ->  Index Scan using sbtest2_pkey on sbtest2  (cost=0.43..43.88 rows=10 width=121)
	              Index Cond: ((id >= 6501298) AND (id <= 6501307))

table 3 : explain SELECT DISTINCT c FROM sbtest3 WHERE id BETWEEN 5987513 AND 5987522 ORDER BY c
	Unique  (cost=40.02..40.07 rows=9 width=121)
	  ->  Sort  (cost=40.02..40.05 rows=9 width=121)
	        Sort Key: c
	        ->  Index Scan using sbtest3_pkey on sbtest3  (cost=0.43..39.88 rows=9 width=121)
	              Index Cond: ((id >= 5987513) AND (id <= 5987522))

table 4 : explain SELECT DISTINCT c FROM sbtest4 WHERE id BETWEEN 1767585 AND 1767594 ORDER BY c
	Unique  (cost=44.15..44.20 rows=10 width=121)
	  ->  Sort  (cost=44.15..44.17 rows=10 width=121)
	        Sort Key: c
	        ->  Index Scan using sbtest4_pkey on sbtest4  (cost=0.43..43.98 rows=10 width=121)
	              Index Cond: ((id >= 1767585) AND (id <= 1767594))

table 5 : explain SELECT DISTINCT c FROM sbtest5 WHERE id BETWEEN 1527458 AND 1527467 ORDER BY c
	Unique  (cost=44.01..44.06 rows=10 width=121)
	  ->  Sort  (cost=44.01..44.04 rows=10 width=121)
	        Sort Key: c
	        ->  Index Scan using sbtest5_pkey on sbtest5  (cost=0.43..43.85 rows=10 width=121)
	              Index Cond: ((id >= 1527458) AND (id <= 1527467))

table 6 : explain SELECT DISTINCT c FROM sbtest6 WHERE id BETWEEN 4562704 AND 4562713 ORDER BY c
	Unique  (cost=47.92..47.98 rows=11 width=121)
	  ->  Sort  (cost=47.92..47.95 rows=11 width=121)
	        Sort Key: c
	        ->  Index Scan using sbtest6_pkey on sbtest6  (cost=0.43..47.73 rows=11 width=121)
	              Index Cond: ((id >= 4562704) AND (id <= 4562713))

table 7 : explain SELECT DISTINCT c FROM sbtest7 WHERE id BETWEEN 6434583 AND 6434592 ORDER BY c
	Unique  (cost=43.96..44.01 rows=10 width=121)
	  ->  Sort  (cost=43.96..43.98 rows=10 width=121)
	        Sort Key: c
	        ->  Index Scan using sbtest7_pkey on sbtest7  (cost=0.43..43.79 rows=10 width=121)
	              Index Cond: ((id >= 6434583) AND (id <= 6434592))

table 8 : explain SELECT DISTINCT c FROM sbtest8 WHERE id BETWEEN 8604268 AND 8604277 ORDER BY c
	Unique  (cost=43.95..44.00 rows=10 width=121)
	  ->  Sort  (cost=43.95..43.98 rows=10 width=121)
	        Sort Key: c
	        ->  Index Scan using sbtest8_pkey on sbtest8  (cost=0.43..43.79 rows=10 width=121)
	              Index Cond: ((id >= 8604268) AND (id <= 8604277))

for: distinct_ranges
table 1 : explain SELECT DISTINCT c FROM sbtest1 WHERE id BETWEEN 2553416 AND 2553425 ORDER BY c
	Unique  (cost=40.02..40.06 rows=9 width=121)
	  ->  Sort  (cost=40.02..40.04 rows=9 width=121)
	        Sort Key: c
	        ->  Index Scan using sbtest1_pkey on sbtest1  (cost=0.43..39.87 rows=9 width=121)
	              Index Cond: ((id >= 2553416) AND (id <= 2553425))

table 2 : explain SELECT DISTINCT c FROM sbtest2 WHERE id BETWEEN 9506664 AND 9506673 ORDER BY c
	Unique  (cost=44.04..44.09 rows=10 width=121)
	  ->  Sort  (cost=44.04..44.07 rows=10 width=121)
	        Sort Key: c
	        ->  Index Scan using sbtest2_pkey on sbtest2  (cost=0.43..43.88 rows=10 width=121)
	              Index Cond: ((id >= 9506664) AND (id <= 9506673))

table 3 : explain SELECT DISTINCT c FROM sbtest3 WHERE id BETWEEN 3216746 AND 3216755 ORDER BY c
	Unique  (cost=43.98..44.03 rows=10 width=121)
	  ->  Sort  (cost=43.98..44.00 rows=10 width=121)
	        Sort Key: c
	        ->  Index Scan using sbtest3_pkey on sbtest3  (cost=0.43..43.81 rows=10 width=121)
	              Index Cond: ((id >= 3216746) AND (id <= 3216755))

table 4 : explain SELECT DISTINCT c FROM sbtest4 WHERE id BETWEEN 8881047 AND 8881056 ORDER BY c
	Unique  (cost=44.15..44.20 rows=10 width=121)
	  ->  Sort  (cost=44.15..44.17 rows=10 width=121)
	        Sort Key: c
	        ->  Index Scan using sbtest4_pkey on sbtest4  (cost=0.43..43.98 rows=10 width=121)
	              Index Cond: ((id >= 8881047) AND (id <= 8881056))

table 5 : explain SELECT DISTINCT c FROM sbtest5 WHERE id BETWEEN 9990006 AND 9990015 ORDER BY c
	Unique  (cost=44.01..44.06 rows=10 width=121)
	  ->  Sort  (cost=44.01..44.04 rows=10 width=121)
	        Sort Key: c
	        ->  Index Scan using sbtest5_pkey on sbtest5  (cost=0.43..43.85 rows=10 width=121)
	              Index Cond: ((id >= 9990006) AND (id <= 9990015))

table 6 : explain SELECT DISTINCT c FROM sbtest6 WHERE id BETWEEN 5942951 AND 5942960 ORDER BY c
	Unique  (cost=40.02..40.06 rows=9 width=121)
	  ->  Sort  (cost=40.02..40.04 rows=9 width=121)
	        Sort Key: c
	        ->  Index Scan using sbtest6_pkey on sbtest6  (cost=0.43..39.88 rows=9 width=121)
	              Index Cond: ((id >= 5942951) AND (id <= 5942960))

table 7 : explain SELECT DISTINCT c FROM sbtest7 WHERE id BETWEEN 8941063 AND 8941072 ORDER BY c
	Unique  (cost=40.01..40.05 rows=9 width=121)
	  ->  Sort  (cost=40.01..40.03 rows=9 width=121)
	        Sort Key: c
	        ->  Index Scan using sbtest7_pkey on sbtest7  (cost=0.43..39.87 rows=9 width=121)
	              Index Cond: ((id >= 8941063) AND (id <= 8941072))

table 8 : explain SELECT DISTINCT c FROM sbtest8 WHERE id BETWEEN 2317713 AND 2317722 ORDER BY c
	Unique  (cost=43.95..44.00 rows=10 width=121)
	  ->  Sort  (cost=43.95..43.98 rows=10 width=121)
	        Sort Key: c
	        ->  Index Scan using sbtest8_pkey on sbtest8  (cost=0.43..43.79 rows=10 width=121)
	              Index Cond: ((id >= 2317713) AND (id <= 2317722))

for: distinct_ranges
table 1 : explain SELECT DISTINCT c FROM sbtest1 WHERE id BETWEEN 5445393 AND 5445402 ORDER BY c
	Unique  (cost=40.02..40.06 rows=9 width=121)
	  ->  Sort  (cost=40.02..40.04 rows=9 width=121)
	        Sort Key: c
	        ->  Index Scan using sbtest1_pkey on sbtest1  (cost=0.43..39.87 rows=9 width=121)
	              Index Cond: ((id >= 5445393) AND (id <= 5445402))

table 2 : explain SELECT DISTINCT c FROM sbtest2 WHERE id BETWEEN 4647642 AND 4647651 ORDER BY c
	Unique  (cost=40.09..40.13 rows=9 width=121)
	  ->  Sort  (cost=40.09..40.11 rows=9 width=121)
	        Sort Key: c
	        ->  Index Scan using sbtest2_pkey on sbtest2  (cost=0.43..39.94 rows=9 width=121)
	              Index Cond: ((id >= 4647642) AND (id <= 4647651))

table 3 : explain SELECT DISTINCT c FROM sbtest3 WHERE id BETWEEN 7288970 AND 7288979 ORDER BY c
	Unique  (cost=47.93..47.98 rows=11 width=121)
	  ->  Sort  (cost=47.93..47.96 rows=11 width=121)
	        Sort Key: c
	        ->  Index Scan using sbtest3_pkey on sbtest3  (cost=0.43..47.74 rows=11 width=121)
	              Index Cond: ((id >= 7288970) AND (id <= 7288979))

table 4 : explain SELECT DISTINCT c FROM sbtest4 WHERE id BETWEEN 7532240 AND 7532249 ORDER BY c
	Unique  (cost=44.15..44.20 rows=10 width=121)
	  ->  Sort  (cost=44.15..44.17 rows=10 width=121)
	        Sort Key: c
	        ->  Index Scan using sbtest4_pkey on sbtest4  (cost=0.43..43.98 rows=10 width=121)
	              Index Cond: ((id >= 7532240) AND (id <= 7532249))

table 5 : explain SELECT DISTINCT c FROM sbtest5 WHERE id BETWEEN 3573394 AND 3573403 ORDER BY c
	Unique  (cost=40.06..40.10 rows=9 width=121)
	  ->  Sort  (cost=40.06..40.08 rows=9 width=121)
	        Sort Key: c
	        ->  Index Scan using sbtest5_pkey on sbtest5  (cost=0.43..39.91 rows=9 width=121)
	              Index Cond: ((id >= 3573394) AND (id <= 3573403))

table 6 : explain SELECT DISTINCT c FROM sbtest6 WHERE id BETWEEN 6242513 AND 6242522 ORDER BY c
	Unique  (cost=43.97..44.02 rows=10 width=121)
	  ->  Sort  (cost=43.97..44.00 rows=10 width=121)
	        Sort Key: c
	        ->  Index Scan using sbtest6_pkey on sbtest6  (cost=0.43..43.80 rows=10 width=121)
	              Index Cond: ((id >= 6242513) AND (id <= 6242522))

table 7 : explain SELECT DISTINCT c FROM sbtest7 WHERE id BETWEEN 3241409 AND 3241418 ORDER BY c
	Unique  (cost=47.91..47.96 rows=11 width=121)
	  ->  Sort  (cost=47.91..47.94 rows=11 width=121)
	        Sort Key: c
	        ->  Index Scan using sbtest7_pkey on sbtest7  (cost=0.43..47.72 rows=11 width=121)
	              Index Cond: ((id >= 3241409) AND (id <= 3241418))

table 8 : explain SELECT DISTINCT c FROM sbtest8 WHERE id BETWEEN 7766535 AND 7766544 ORDER BY c
	Unique  (cost=47.90..47.96 rows=11 width=121)
	  ->  Sort  (cost=47.90..47.93 rows=11 width=121)
	        Sort Key: c
	        ->  Index Scan using sbtest8_pkey on sbtest8  (cost=0.43..47.71 rows=11 width=121)
	              Index Cond: ((id >= 7766535) AND (id <= 7766544))

for: sum_ranges
table 1 : explain SELECT SUM(k) FROM sbtest1 WHERE id BETWEEN 8377910 AND 8377919
	Aggregate  (cost=43.83..43.84 rows=1 width=8)
	  ->  Index Scan using sbtest1_pkey on sbtest1  (cost=0.43..43.80 rows=10 width=4)
	        Index Cond: ((id >= 8377910) AND (id <= 8377919))

table 2 : explain SELECT SUM(k) FROM sbtest2 WHERE id BETWEEN 8928689 AND 8928698
	Aggregate  (cost=43.90..43.91 rows=1 width=8)
	  ->  Index Scan using sbtest2_pkey on sbtest2  (cost=0.43..43.88 rows=10 width=4)
	        Index Cond: ((id >= 8928689) AND (id <= 8928698))

table 3 : explain SELECT SUM(k) FROM sbtest3 WHERE id BETWEEN 8259848 AND 8259857
	Aggregate  (cost=39.90..39.91 rows=1 width=8)
	  ->  Index Scan using sbtest3_pkey on sbtest3  (cost=0.43..39.88 rows=9 width=4)
	        Index Cond: ((id >= 8259848) AND (id <= 8259857))

table 4 : explain SELECT SUM(k) FROM sbtest4 WHERE id BETWEEN 340173 AND 340182
	Aggregate  (cost=44.01..44.02 rows=1 width=8)
	  ->  Index Scan using sbtest4_pkey on sbtest4  (cost=0.43..43.98 rows=10 width=4)
	        Index Cond: ((id >= 340173) AND (id <= 340182))

table 5 : explain SELECT SUM(k) FROM sbtest5 WHERE id BETWEEN 3957045 AND 3957054
	Aggregate  (cost=43.87..43.88 rows=1 width=8)
	  ->  Index Scan using sbtest5_pkey on sbtest5  (cost=0.43..43.85 rows=10 width=4)
	        Index Cond: ((id >= 3957045) AND (id <= 3957054))

table 6 : explain SELECT SUM(k) FROM sbtest6 WHERE id BETWEEN 6909292 AND 6909301
	Aggregate  (cost=43.83..43.84 rows=1 width=8)
	  ->  Index Scan using sbtest6_pkey on sbtest6  (cost=0.43..43.80 rows=10 width=4)
	        Index Cond: ((id >= 6909292) AND (id <= 6909301))

table 7 : explain SELECT SUM(k) FROM sbtest7 WHERE id BETWEEN 8153005 AND 8153014
	Aggregate  (cost=43.82..43.83 rows=1 width=8)
	  ->  Index Scan using sbtest7_pkey on sbtest7  (cost=0.43..43.79 rows=10 width=4)
	        Index Cond: ((id >= 8153005) AND (id <= 8153014))

table 8 : explain SELECT SUM(k) FROM sbtest8 WHERE id BETWEEN 5071051 AND 5071060
	Aggregate  (cost=39.88..39.89 rows=1 width=8)
	  ->  Index Scan using sbtest8_pkey on sbtest8  (cost=0.43..39.86 rows=9 width=4)
	        Index Cond: ((id >= 5071051) AND (id <= 5071060))

for: distinct_ranges
table 1 : explain SELECT DISTINCT c FROM sbtest1 WHERE id BETWEEN 376084 AND 376093 ORDER BY c
	Unique  (cost=47.92..47.98 rows=11 width=121)
	  ->  Sort  (cost=47.92..47.95 rows=11 width=121)
	        Sort Key: c
	        ->  Index Scan using sbtest1_pkey on sbtest1  (cost=0.43..47.73 rows=11 width=121)
	              Index Cond: ((id >= 376084) AND (id <= 376093))

table 2 : explain SELECT DISTINCT c FROM sbtest2 WHERE id BETWEEN 5700080 AND 5700089 ORDER BY c
	Unique  (cost=44.04..44.09 rows=10 width=121)
	  ->  Sort  (cost=44.04..44.07 rows=10 width=121)
	        Sort Key: c
	        ->  Index Scan using sbtest2_pkey on sbtest2  (cost=0.43..43.88 rows=10 width=121)
	              Index Cond: ((id >= 5700080) AND (id <= 5700089))

table 3 : explain SELECT DISTINCT c FROM sbtest3 WHERE id BETWEEN 6571346 AND 6571355 ORDER BY c
	Unique  (cost=43.98..44.03 rows=10 width=121)
	  ->  Sort  (cost=43.98..44.00 rows=10 width=121)
	        Sort Key: c
	        ->  Index Scan using sbtest3_pkey on sbtest3  (cost=0.43..43.81 rows=10 width=121)
	              Index Cond: ((id >= 6571346) AND (id <= 6571355))

table 4 : explain SELECT DISTINCT c FROM sbtest4 WHERE id BETWEEN 5109450 AND 5109459 ORDER BY c
	Unique  (cost=40.18..40.22 rows=9 width=121)
	  ->  Sort  (cost=40.18..40.20 rows=9 width=121)
	        Sort Key: c
	        ->  Index Scan using sbtest4_pkey on sbtest4  (cost=0.43..40.03 rows=9 width=121)
	              Index Cond: ((id >= 5109450) AND (id <= 5109459))

table 5 : explain SELECT DISTINCT c FROM sbtest5 WHERE id BETWEEN 3190255 AND 3190264 ORDER BY c
	Unique  (cost=44.01..44.06 rows=10 width=121)
	  ->  Sort  (cost=44.01..44.04 rows=10 width=121)
	        Sort Key: c
	        ->  Index Scan using sbtest5_pkey on sbtest5  (cost=0.43..43.85 rows=10 width=121)
	              Index Cond: ((id >= 3190255) AND (id <= 3190264))

table 6 : explain SELECT DISTINCT c FROM sbtest6 WHERE id BETWEEN 6616868 AND 6616877 ORDER BY c
	Unique  (cost=47.92..47.98 rows=11 width=121)
	  ->  Sort  (cost=47.92..47.95 rows=11 width=121)
	        Sort Key: c
	        ->  Index Scan using sbtest6_pkey on sbtest6  (cost=0.43..47.73 rows=11 width=121)
	              Index Cond: ((id >= 6616868) AND (id <= 6616877))

table 7 : explain SELECT DISTINCT c FROM sbtest7 WHERE id BETWEEN 8817597 AND 8817606 ORDER BY c
	Unique  (cost=43.96..44.01 rows=10 width=121)
	  ->  Sort  (cost=43.96..43.98 rows=10 width=121)
	        Sort Key: c
	        ->  Index Scan using sbtest7_pkey on sbtest7  (cost=0.43..43.79 rows=10 width=121)
	              Index Cond: ((id >= 8817597) AND (id <= 8817606))

table 8 : explain SELECT DISTINCT c FROM sbtest8 WHERE id BETWEEN 7216298 AND 7216307 ORDER BY c
	Unique  (cost=47.90..47.96 rows=11 width=121)
	  ->  Sort  (cost=47.90..47.93 rows=11 width=121)
	        Sort Key: c
	        ->  Index Scan using sbtest8_pkey on sbtest8  (cost=0.43..47.71 rows=11 width=121)
	              Index Cond: ((id >= 7216298) AND (id <= 7216307))

for: distinct_ranges
table 1 : explain SELECT DISTINCT c FROM sbtest1 WHERE id BETWEEN 5528866 AND 5528875 ORDER BY c
	Unique  (cost=43.97..44.02 rows=10 width=121)
	  ->  Sort  (cost=43.97..43.99 rows=10 width=121)
	        Sort Key: c
	        ->  Index Scan using sbtest1_pkey on sbtest1  (cost=0.43..43.80 rows=10 width=121)
	              Index Cond: ((id >= 5528866) AND (id <= 5528875))

table 2 : explain SELECT DISTINCT c FROM sbtest2 WHERE id BETWEEN 421024 AND 421033 ORDER BY c
	Unique  (cost=48.00..48.06 rows=11 width=121)
	  ->  Sort  (cost=48.00..48.03 rows=11 width=121)
	        Sort Key: c
	        ->  Index Scan using sbtest2_pkey on sbtest2  (cost=0.43..47.81 rows=11 width=121)
	              Index Cond: ((id >= 421024) AND (id <= 421033))

table 3 : explain SELECT DISTINCT c FROM sbtest3 WHERE id BETWEEN 2479284 AND 2479293 ORDER BY c
	Unique  (cost=43.98..44.03 rows=10 width=121)
	  ->  Sort  (cost=43.98..44.00 rows=10 width=121)
	        Sort Key: c
	        ->  Index Scan using sbtest3_pkey on sbtest3  (cost=0.43..43.81 rows=10 width=121)
	              Index Cond: ((id >= 2479284) AND (id <= 2479293))

table 4 : explain SELECT DISTINCT c FROM sbtest4 WHERE id BETWEEN 8346905 AND 8346914 ORDER BY c
	Unique  (cost=44.15..44.20 rows=10 width=121)
	  ->  Sort  (cost=44.15..44.17 rows=10 width=121)
	        Sort Key: c
	        ->  Index Scan using sbtest4_pkey on sbtest4  (cost=0.43..43.98 rows=10 width=121)
	              Index Cond: ((id >= 8346905) AND (id <= 8346914))

table 5 : explain SELECT DISTINCT c FROM sbtest5 WHERE id BETWEEN 63561 AND 63570 ORDER BY c
	Unique  (cost=44.01..44.06 rows=10 width=121)
	  ->  Sort  (cost=44.01..44.04 rows=10 width=121)
	        Sort Key: c
	        ->  Index Scan using sbtest5_pkey on sbtest5  (cost=0.43..43.85 rows=10 width=121)
	              Index Cond: ((id >= 63561) AND (id <= 63570))

table 6 : explain SELECT DISTINCT c FROM sbtest6 WHERE id BETWEEN 3285519 AND 3285528 ORDER BY c
	Unique  (cost=40.02..40.06 rows=9 width=121)
	  ->  Sort  (cost=40.02..40.04 rows=9 width=121)
	        Sort Key: c
	        ->  Index Scan using sbtest6_pkey on sbtest6  (cost=0.43..39.88 rows=9 width=121)
	              Index Cond: ((id >= 3285519) AND (id <= 3285528))

table 7 : explain SELECT DISTINCT c FROM sbtest7 WHERE id BETWEEN 8711462 AND 8711471 ORDER BY c
	Unique  (cost=40.01..40.05 rows=9 width=121)
	  ->  Sort  (cost=40.01..40.03 rows=9 width=121)
	        Sort Key: c
	        ->  Index Scan using sbtest7_pkey on sbtest7  (cost=0.43..39.87 rows=9 width=121)
	              Index Cond: ((id >= 8711462) AND (id <= 8711471))

table 8 : explain SELECT DISTINCT c FROM sbtest8 WHERE id BETWEEN 400471 AND 400480 ORDER BY c
	Unique  (cost=43.95..44.00 rows=10 width=121)
	  ->  Sort  (cost=43.95..43.98 rows=10 width=121)
	        Sort Key: c
	        ->  Index Scan using sbtest8_pkey on sbtest8  (cost=0.43..43.79 rows=10 width=121)
	              Index Cond: ((id >= 400471) AND (id <= 400480))

for: distinct_ranges
table 1 : explain SELECT DISTINCT c FROM sbtest1 WHERE id BETWEEN 373296 AND 373305 ORDER BY c
	Unique  (cost=47.92..47.98 rows=11 width=121)
	  ->  Sort  (cost=47.92..47.95 rows=11 width=121)
	        Sort Key: c
	        ->  Index Scan using sbtest1_pkey on sbtest1  (cost=0.43..47.73 rows=11 width=121)
	              Index Cond: ((id >= 373296) AND (id <= 373305))

table 2 : explain SELECT DISTINCT c FROM sbtest2 WHERE id BETWEEN 7559351 AND 7559360 ORDER BY c
	Unique  (cost=44.04..44.09 rows=10 width=121)
	  ->  Sort  (cost=44.04..44.07 rows=10 width=121)
	        Sort Key: c
	        ->  Index Scan using sbtest2_pkey on sbtest2  (cost=0.43..43.88 rows=10 width=121)
	              Index Cond: ((id >= 7559351) AND (id <= 7559360))

table 3 : explain SELECT DISTINCT c FROM sbtest3 WHERE id BETWEEN 8916020 AND 8916029 ORDER BY c
	Unique  (cost=40.02..40.07 rows=9 width=121)
	  ->  Sort  (cost=40.02..40.05 rows=9 width=121)
	        Sort Key: c
	        ->  Index Scan using sbtest3_pkey on sbtest3  (cost=0.43..39.88 rows=9 width=121)
	              Index Cond: ((id >= 8916020) AND (id <= 8916029))

table 4 : explain SELECT DISTINCT c FROM sbtest4 WHERE id BETWEEN 4835469 AND 4835478 ORDER BY c
	Unique  (cost=44.15..44.20 rows=10 width=121)
	  ->  Sort  (cost=44.15..44.17 rows=10 width=121)
	        Sort Key: c
	        ->  Index Scan using sbtest4_pkey on sbtest4  (cost=0.43..43.98 rows=10 width=121)
	              Index Cond: ((id >= 4835469) AND (id <= 4835478))

table 5 : explain SELECT DISTINCT c FROM sbtest5 WHERE id BETWEEN 1392198 AND 1392207 ORDER BY c
	Unique  (cost=40.06..40.10 rows=9 width=121)
	  ->  Sort  (cost=40.06..40.08 rows=9 width=121)
	        Sort Key: c
	        ->  Index Scan using sbtest5_pkey on sbtest5  (cost=0.43..39.91 rows=9 width=121)
	              Index Cond: ((id >= 1392198) AND (id <= 1392207))

table 6 : explain SELECT DISTINCT c FROM sbtest6 WHERE id BETWEEN 7291613 AND 7291622 ORDER BY c
	Unique  (cost=43.97..44.02 rows=10 width=121)
	  ->  Sort  (cost=43.97..44.00 rows=10 width=121)
	        Sort Key: c
	        ->  Index Scan using sbtest6_pkey on sbtest6  (cost=0.43..43.80 rows=10 width=121)
	              Index Cond: ((id >= 7291613) AND (id <= 7291622))

table 7 : explain SELECT DISTINCT c FROM sbtest7 WHERE id BETWEEN 4907991 AND 4908000 ORDER BY c
	Unique  (cost=43.96..44.01 rows=10 width=121)
	  ->  Sort  (cost=43.96..43.98 rows=10 width=121)
	        Sort Key: c
	        ->  Index Scan using sbtest7_pkey on sbtest7  (cost=0.43..43.79 rows=10 width=121)
	              Index Cond: ((id >= 4907991) AND (id <= 4908000))

table 8 : explain SELECT DISTINCT c FROM sbtest8 WHERE id BETWEEN 1476804 AND 1476813 ORDER BY c
	Unique  (cost=40.00..40.05 rows=9 width=121)
	  ->  Sort  (cost=40.00..40.03 rows=9 width=121)
	        Sort Key: c
	        ->  Index Scan using sbtest8_pkey on sbtest8  (cost=0.43..39.86 rows=9 width=121)
	              Index Cond: ((id >= 1476804) AND (id <= 1476813))

for: order_ranges
table 1 : explain SELECT c FROM sbtest1 WHERE id BETWEEN 2317471 AND 2317480 ORDER BY c
	Sort  (cost=43.97..43.99 rows=10 width=121)
	  Sort Key: c
	  ->  Index Scan using sbtest1_pkey on sbtest1  (cost=0.43..43.80 rows=10 width=121)
	        Index Cond: ((id >= 2317471) AND (id <= 2317480))

table 2 : explain SELECT c FROM sbtest2 WHERE id BETWEEN 915028 AND 915037 ORDER BY c
	Sort  (cost=44.04..44.07 rows=10 width=121)
	  Sort Key: c
	  ->  Index Scan using sbtest2_pkey on sbtest2  (cost=0.43..43.88 rows=10 width=121)
	        Index Cond: ((id >= 915028) AND (id <= 915037))

table 3 : explain SELECT c FROM sbtest3 WHERE id BETWEEN 7422803 AND 7422812 ORDER BY c
	Sort  (cost=47.93..47.96 rows=11 width=121)
	  Sort Key: c
	  ->  Index Scan using sbtest3_pkey on sbtest3  (cost=0.43..47.74 rows=11 width=121)
	        Index Cond: ((id >= 7422803) AND (id <= 7422812))

table 4 : explain SELECT c FROM sbtest4 WHERE id BETWEEN 3395992 AND 3396001 ORDER BY c
	Sort  (cost=40.18..40.20 rows=9 width=121)
	  Sort Key: c
	  ->  Index Scan using sbtest4_pkey on sbtest4  (cost=0.43..40.03 rows=9 width=121)
	        Index Cond: ((id >= 3395992) AND (id <= 3396001))

table 5 : explain SELECT c FROM sbtest5 WHERE id BETWEEN 7538852 AND 7538861 ORDER BY c
	Sort  (cost=47.97..48.00 rows=11 width=121)
	  Sort Key: c
	  ->  Index Scan using sbtest5_pkey on sbtest5  (cost=0.43..47.78 rows=11 width=121)
	        Index Cond: ((id >= 7538852) AND (id <= 7538861))

table 6 : explain SELECT c FROM sbtest6 WHERE id BETWEEN 1608359 AND 1608368 ORDER BY c
	Sort  (cost=43.97..44.00 rows=10 width=121)
	  Sort Key: c
	  ->  Index Scan using sbtest6_pkey on sbtest6  (cost=0.43..43.80 rows=10 width=121)
	        Index Cond: ((id >= 1608359) AND (id <= 1608368))

table 7 : explain SELECT c FROM sbtest7 WHERE id BETWEEN 2871344 AND 2871353 ORDER BY c
	Sort  (cost=47.91..47.94 rows=11 width=121)
	  Sort Key: c
	  ->  Index Scan using sbtest7_pkey on sbtest7  (cost=0.43..47.72 rows=11 width=121)
	        Index Cond: ((id >= 2871344) AND (id <= 2871353))

table 8 : explain SELECT c FROM sbtest8 WHERE id BETWEEN 7304543 AND 7304552 ORDER BY c
	Sort  (cost=47.90..47.93 rows=11 width=121)
	  Sort Key: c
	  ->  Index Scan using sbtest8_pkey on sbtest8  (cost=0.43..47.71 rows=11 width=121)
	        Index Cond: ((id >= 7304543) AND (id <= 7304552))

for: order_ranges
table 1 : explain SELECT c FROM sbtest1 WHERE id BETWEEN 3094059 AND 3094068 ORDER BY c
	Sort  (cost=47.92..47.95 rows=11 width=121)
	  Sort Key: c
	  ->  Index Scan using sbtest1_pkey on sbtest1  (cost=0.43..47.73 rows=11 width=121)
	        Index Cond: ((id >= 3094059) AND (id <= 3094068))

table 2 : explain SELECT c FROM sbtest2 WHERE id BETWEEN 9836240 AND 9836249 ORDER BY c
	Sort  (cost=44.04..44.07 rows=10 width=121)
	  Sort Key: c
	  ->  Index Scan using sbtest2_pkey on sbtest2  (cost=0.43..43.88 rows=10 width=121)
	        Index Cond: ((id >= 9836240) AND (id <= 9836249))

table 3 : explain SELECT c FROM sbtest3 WHERE id BETWEEN 4001090 AND 4001099 ORDER BY c
	Sort  (cost=43.98..44.00 rows=10 width=121)
	  Sort Key: c
	  ->  Index Scan using sbtest3_pkey on sbtest3  (cost=0.43..43.81 rows=10 width=121)
	        Index Cond: ((id >= 4001090) AND (id <= 4001099))

table 4 : explain SELECT c FROM sbtest4 WHERE id BETWEEN 9135965 AND 9135974 ORDER BY c
	Sort  (cost=40.18..40.20 rows=9 width=121)
	  Sort Key: c
	  ->  Index Scan using sbtest4_pkey on sbtest4  (cost=0.43..40.03 rows=9 width=121)
	        Index Cond: ((id >= 9135965) AND (id <= 9135974))

table 5 : explain SELECT c FROM sbtest5 WHERE id BETWEEN 8558738 AND 8558747 ORDER BY c
	Sort  (cost=47.97..48.00 rows=11 width=121)
	  Sort Key: c
	  ->  Index Scan using sbtest5_pkey on sbtest5  (cost=0.43..47.78 rows=11 width=121)
	        Index Cond: ((id >= 8558738) AND (id <= 8558747))

table 6 : explain SELECT c FROM sbtest6 WHERE id BETWEEN 6736437 AND 6736446 ORDER BY c
	Sort  (cost=40.02..40.04 rows=9 width=121)
	  Sort Key: c
	  ->  Index Scan using sbtest6_pkey on sbtest6  (cost=0.43..39.88 rows=9 width=121)
	        Index Cond: ((id >= 6736437) AND (id <= 6736446))

table 7 : explain SELECT c FROM sbtest7 WHERE id BETWEEN 3828361 AND 3828370 ORDER BY c
	Sort  (cost=47.91..47.94 rows=11 width=121)
	  Sort Key: c
	  ->  Index Scan using sbtest7_pkey on sbtest7  (cost=0.43..47.72 rows=11 width=121)
	        Index Cond: ((id >= 3828361) AND (id <= 3828370))

table 8 : explain SELECT c FROM sbtest8 WHERE id BETWEEN 9023431 AND 9023440 ORDER BY c
	Sort  (cost=43.95..43.98 rows=10 width=121)
	  Sort Key: c
	  ->  Index Scan using sbtest8_pkey on sbtest8  (cost=0.43..43.79 rows=10 width=121)
	        Index Cond: ((id >= 9023431) AND (id <= 9023440))

for: distinct_ranges
table 1 : explain SELECT DISTINCT c FROM sbtest1 WHERE id BETWEEN 2562395 AND 2562404 ORDER BY c
	Unique  (cost=40.02..40.06 rows=9 width=121)
	  ->  Sort  (cost=40.02..40.04 rows=9 width=121)
	        Sort Key: c
	        ->  Index Scan using sbtest1_pkey on sbtest1  (cost=0.43..39.87 rows=9 width=121)
	              Index Cond: ((id >= 2562395) AND (id <= 2562404))

table 2 : explain SELECT DISTINCT c FROM sbtest2 WHERE id BETWEEN 2922966 AND 2922975 ORDER BY c
	Unique  (cost=44.04..44.09 rows=10 width=121)
	  ->  Sort  (cost=44.04..44.07 rows=10 width=121)
	        Sort Key: c
	        ->  Index Scan using sbtest2_pkey on sbtest2  (cost=0.43..43.88 rows=10 width=121)
	              Index Cond: ((id >= 2922966) AND (id <= 2922975))

table 3 : explain SELECT DISTINCT c FROM sbtest3 WHERE id BETWEEN 3369386 AND 3369395 ORDER BY c
	Unique  (cost=43.98..44.03 rows=10 width=121)
	  ->  Sort  (cost=43.98..44.00 rows=10 width=121)
	        Sort Key: c
	        ->  Index Scan using sbtest3_pkey on sbtest3  (cost=0.43..43.81 rows=10 width=121)
	              Index Cond: ((id >= 3369386) AND (id <= 3369395))

table 4 : explain SELECT DISTINCT c FROM sbtest4 WHERE id BETWEEN 6162020 AND 6162029 ORDER BY c
	Unique  (cost=48.12..48.17 rows=11 width=121)
	  ->  Sort  (cost=48.12..48.15 rows=11 width=121)
	        Sort Key: c
	        ->  Index Scan using sbtest4_pkey on sbtest4  (cost=0.43..47.93 rows=11 width=121)
	              Index Cond: ((id >= 6162020) AND (id <= 6162029))

table 5 : explain SELECT DISTINCT c FROM sbtest5 WHERE id BETWEEN 5505295 AND 5505304 ORDER BY c
	Unique  (cost=44.01..44.06 rows=10 width=121)
	  ->  Sort  (cost=44.01..44.04 rows=10 width=121)
	        Sort Key: c
	        ->  Index Scan using sbtest5_pkey on sbtest5  (cost=0.43..43.85 rows=10 width=121)
	              Index Cond: ((id >= 5505295) AND (id <= 5505304))

table 6 : explain SELECT DISTINCT c FROM sbtest6 WHERE id BETWEEN 7567637 AND 7567646 ORDER BY c
	Unique  (cost=43.97..44.02 rows=10 width=121)
	  ->  Sort  (cost=43.97..44.00 rows=10 width=121)
	        Sort Key: c
	        ->  Index Scan using sbtest6_pkey on sbtest6  (cost=0.43..43.80 rows=10 width=121)
	              Index Cond: ((id >= 7567637) AND (id <= 7567646))

table 7 : explain SELECT DISTINCT c FROM sbtest7 WHERE id BETWEEN 1200614 AND 1200623 ORDER BY c
	Unique  (cost=43.96..44.01 rows=10 width=121)
	  ->  Sort  (cost=43.96..43.98 rows=10 width=121)
	        Sort Key: c
	        ->  Index Scan using sbtest7_pkey on sbtest7  (cost=0.43..43.79 rows=10 width=121)
	              Index Cond: ((id >= 1200614) AND (id <= 1200623))

table 8 : explain SELECT DISTINCT c FROM sbtest8 WHERE id BETWEEN 1009528 AND 1009537 ORDER BY c
	Unique  (cost=43.95..44.00 rows=10 width=121)
	  ->  Sort  (cost=43.95..43.98 rows=10 width=121)
	        Sort Key: c
	        ->  Index Scan using sbtest8_pkey on sbtest8  (cost=0.43..43.79 rows=10 width=121)
	              Index Cond: ((id >= 1009528) AND (id <= 1009537))

for: order_ranges
table 1 : explain SELECT c FROM sbtest1 WHERE id BETWEEN 2783681 AND 2783690 ORDER BY c
	Sort  (cost=43.97..43.99 rows=10 width=121)
	  Sort Key: c
	  ->  Index Scan using sbtest1_pkey on sbtest1  (cost=0.43..43.80 rows=10 width=121)
	        Index Cond: ((id >= 2783681) AND (id <= 2783690))

table 2 : explain SELECT c FROM sbtest2 WHERE id BETWEEN 3566134 AND 3566143 ORDER BY c
	Sort  (cost=48.00..48.03 rows=11 width=121)
	  Sort Key: c
	  ->  Index Scan using sbtest2_pkey on sbtest2  (cost=0.43..47.81 rows=11 width=121)
	        Index Cond: ((id >= 3566134) AND (id <= 3566143))

table 3 : explain SELECT c FROM sbtest3 WHERE id BETWEEN 7712821 AND 7712830 ORDER BY c
	Sort  (cost=40.02..40.05 rows=9 width=121)
	  Sort Key: c
	  ->  Index Scan using sbtest3_pkey on sbtest3  (cost=0.43..39.88 rows=9 width=121)
	        Index Cond: ((id >= 7712821) AND (id <= 7712830))

table 4 : explain SELECT c FROM sbtest4 WHERE id BETWEEN 8254198 AND 8254207 ORDER BY c
	Sort  (cost=44.15..44.17 rows=10 width=121)
	  Sort Key: c
	  ->  Index Scan using sbtest4_pkey on sbtest4  (cost=0.43..43.98 rows=10 width=121)
	        Index Cond: ((id >= 8254198) AND (id <= 8254207))

table 5 : explain SELECT c FROM sbtest5 WHERE id BETWEEN 4591276 AND 4591285 ORDER BY c
	Sort  (cost=47.97..48.00 rows=11 width=121)
	  Sort Key: c
	  ->  Index Scan using sbtest5_pkey on sbtest5  (cost=0.43..47.78 rows=11 width=121)
	        Index Cond: ((id >= 4591276) AND (id <= 4591285))

table 6 : explain SELECT c FROM sbtest6 WHERE id BETWEEN 6436407 AND 6436416 ORDER BY c
	Sort  (cost=43.97..44.00 rows=10 width=121)
	  Sort Key: c
	  ->  Index Scan using sbtest6_pkey on sbtest6  (cost=0.43..43.80 rows=10 width=121)
	        Index Cond: ((id >= 6436407) AND (id <= 6436416))

table 7 : explain SELECT c FROM sbtest7 WHERE id BETWEEN 1593500 AND 1593509 ORDER BY c
	Sort  (cost=47.91..47.94 rows=11 width=121)
	  Sort Key: c
	  ->  Index Scan using sbtest7_pkey on sbtest7  (cost=0.43..47.72 rows=11 width=121)
	        Index Cond: ((id >= 1593500) AND (id <= 1593509))

table 8 : explain SELECT c FROM sbtest8 WHERE id BETWEEN 1937922 AND 1937931 ORDER BY c
	Sort  (cost=43.95..43.98 rows=10 width=121)
	  Sort Key: c
	  ->  Index Scan using sbtest8_pkey on sbtest8  (cost=0.43..43.79 rows=10 width=121)
	        Index Cond: ((id >= 1937922) AND (id <= 1937931))

for: distinct_ranges
table 1 : explain SELECT DISTINCT c FROM sbtest1 WHERE id BETWEEN 4243624 AND 4243633 ORDER BY c
	Unique  (cost=43.97..44.02 rows=10 width=121)
	  ->  Sort  (cost=43.97..43.99 rows=10 width=121)
	        Sort Key: c
	        ->  Index Scan using sbtest1_pkey on sbtest1  (cost=0.43..43.80 rows=10 width=121)
	              Index Cond: ((id >= 4243624) AND (id <= 4243633))

table 2 : explain SELECT DISTINCT c FROM sbtest2 WHERE id BETWEEN 8085641 AND 8085650 ORDER BY c
	Unique  (cost=48.00..48.06 rows=11 width=121)
	  ->  Sort  (cost=48.00..48.03 rows=11 width=121)
	        Sort Key: c
	        ->  Index Scan using sbtest2_pkey on sbtest2  (cost=0.43..47.81 rows=11 width=121)
	              Index Cond: ((id >= 8085641) AND (id <= 8085650))

table 3 : explain SELECT DISTINCT c FROM sbtest3 WHERE id BETWEEN 2876378 AND 2876387 ORDER BY c
	Unique  (cost=40.02..40.07 rows=9 width=121)
	  ->  Sort  (cost=40.02..40.05 rows=9 width=121)
	        Sort Key: c
	        ->  Index Scan using sbtest3_pkey on sbtest3  (cost=0.43..39.88 rows=9 width=121)
	              Index Cond: ((id >= 2876378) AND (id <= 2876387))

table 4 : explain SELECT DISTINCT c FROM sbtest4 WHERE id BETWEEN 3502574 AND 3502583 ORDER BY c
	Unique  (cost=44.15..44.20 rows=10 width=121)
	  ->  Sort  (cost=44.15..44.17 rows=10 width=121)
	        Sort Key: c
	        ->  Index Scan using sbtest4_pkey on sbtest4  (cost=0.43..43.98 rows=10 width=121)
	              Index Cond: ((id >= 3502574) AND (id <= 3502583))

table 5 : explain SELECT DISTINCT c FROM sbtest5 WHERE id BETWEEN 3057644 AND 3057653 ORDER BY c
	Unique  (cost=44.01..44.06 rows=10 width=121)
	  ->  Sort  (cost=44.01..44.04 rows=10 width=121)
	        Sort Key: c
	        ->  Index Scan using sbtest5_pkey on sbtest5  (cost=0.43..43.85 rows=10 width=121)
	              Index Cond: ((id >= 3057644) AND (id <= 3057653))

table 6 : explain SELECT DISTINCT c FROM sbtest6 WHERE id BETWEEN 7699867 AND 7699876 ORDER BY c
	Unique  (cost=47.92..47.98 rows=11 width=121)
	  ->  Sort  (cost=47.92..47.95 rows=11 width=121)
	        Sort Key: c
	        ->  Index Scan using sbtest6_pkey on sbtest6  (cost=0.43..47.73 rows=11 width=121)
	              Index Cond: ((id >= 7699867) AND (id <= 7699876))

table 7 : explain SELECT DISTINCT c FROM sbtest7 WHERE id BETWEEN 5682466 AND 5682475 ORDER BY c
	Unique  (cost=43.96..44.01 rows=10 width=121)
	  ->  Sort  (cost=43.96..43.98 rows=10 width=121)
	        Sort Key: c
	        ->  Index Scan using sbtest7_pkey on sbtest7  (cost=0.43..43.79 rows=10 width=121)
	              Index Cond: ((id >= 5682466) AND (id <= 5682475))

table 8 : explain SELECT DISTINCT c FROM sbtest8 WHERE id BETWEEN 8308604 AND 8308613 ORDER BY c
	Unique  (cost=40.00..40.05 rows=9 width=121)
	  ->  Sort  (cost=40.00..40.03 rows=9 width=121)
	        Sort Key: c
	        ->  Index Scan using sbtest8_pkey on sbtest8  (cost=0.43..39.86 rows=9 width=121)
	              Index Cond: ((id >= 8308604) AND (id <= 8308613))

for: distinct_ranges
table 1 : explain SELECT DISTINCT c FROM sbtest1 WHERE id BETWEEN 3331108 AND 3331117 ORDER BY c
	Unique  (cost=47.92..47.98 rows=11 width=121)
	  ->  Sort  (cost=47.92..47.95 rows=11 width=121)
	        Sort Key: c
	        ->  Index Scan using sbtest1_pkey on sbtest1  (cost=0.43..47.73 rows=11 width=121)
	              Index Cond: ((id >= 3331108) AND (id <= 3331117))

table 2 : explain SELECT DISTINCT c FROM sbtest2 WHERE id BETWEEN 9175520 AND 9175529 ORDER BY c
	Unique  (cost=44.04..44.09 rows=10 width=121)
	  ->  Sort  (cost=44.04..44.07 rows=10 width=121)
	        Sort Key: c
	        ->  Index Scan using sbtest2_pkey on sbtest2  (cost=0.43..43.88 rows=10 width=121)
	              Index Cond: ((id >= 9175520) AND (id <= 9175529))

table 3 : explain SELECT DISTINCT c FROM sbtest3 WHERE id BETWEEN 709776 AND 709785 ORDER BY c
	Unique  (cost=40.02..40.07 rows=9 width=121)
	  ->  Sort  (cost=40.02..40.05 rows=9 width=121)
	        Sort Key: c
	        ->  Index Scan using sbtest3_pkey on sbtest3  (cost=0.43..39.88 rows=9 width=121)
	              Index Cond: ((id >= 709776) AND (id <= 709785))

table 4 : explain SELECT DISTINCT c FROM sbtest4 WHERE id BETWEEN 5772930 AND 5772939 ORDER BY c
	Unique  (cost=40.18..40.22 rows=9 width=121)
	  ->  Sort  (cost=40.18..40.20 rows=9 width=121)
	        Sort Key: c
	        ->  Index Scan using sbtest4_pkey on sbtest4  (cost=0.43..40.03 rows=9 width=121)
	              Index Cond: ((id >= 5772930) AND (id <= 5772939))

table 5 : explain SELECT DISTINCT c FROM sbtest5 WHERE id BETWEEN 3502838 AND 3502847 ORDER BY c
	Unique  (cost=40.06..40.10 rows=9 width=121)
	  ->  Sort  (cost=40.06..40.08 rows=9 width=121)
	        Sort Key: c
	        ->  Index Scan using sbtest5_pkey on sbtest5  (cost=0.43..39.91 rows=9 width=121)
	              Index Cond: ((id >= 3502838) AND (id <= 3502847))

table 6 : explain SELECT DISTINCT c FROM sbtest6 WHERE id BETWEEN 3012786 AND 3012795 ORDER BY c
	Unique  (cost=43.97..44.02 rows=10 width=121)
	  ->  Sort  (cost=43.97..44.00 rows=10 width=121)
	        Sort Key: c
	        ->  Index Scan using sbtest6_pkey on sbtest6  (cost=0.43..43.80 rows=10 width=121)
	              Index Cond: ((id >= 3012786) AND (id <= 3012795))

table 7 : explain SELECT DISTINCT c FROM sbtest7 WHERE id BETWEEN 797562 AND 797571 ORDER BY c
	Unique  (cost=43.96..44.01 rows=10 width=121)
	  ->  Sort  (cost=43.96..43.98 rows=10 width=121)
	        Sort Key: c
	        ->  Index Scan using sbtest7_pkey on sbtest7  (cost=0.43..43.79 rows=10 width=121)
	              Index Cond: ((id >= 797562) AND (id <= 797571))

table 8 : explain SELECT DISTINCT c FROM sbtest8 WHERE id BETWEEN 4272512 AND 4272521 ORDER BY c
	Unique  (cost=43.95..44.00 rows=10 width=121)
	  ->  Sort  (cost=43.95..43.98 rows=10 width=121)
	        Sort Key: c
	        ->  Index Scan using sbtest8_pkey on sbtest8  (cost=0.43..43.79 rows=10 width=121)
	              Index Cond: ((id >= 4272512) AND (id <= 4272521))

for: distinct_ranges
table 1 : explain SELECT DISTINCT c FROM sbtest1 WHERE id BETWEEN 5969847 AND 5969856 ORDER BY c
	Unique  (cost=43.97..44.02 rows=10 width=121)
	  ->  Sort  (cost=43.97..43.99 rows=10 width=121)
	        Sort Key: c
	        ->  Index Scan using sbtest1_pkey on sbtest1  (cost=0.43..43.80 rows=10 width=121)
	              Index Cond: ((id >= 5969847) AND (id <= 5969856))

table 2 : explain SELECT DISTINCT c FROM sbtest2 WHERE id BETWEEN 1157596 AND 1157605 ORDER BY c
	Unique  (cost=40.09..40.13 rows=9 width=121)
	  ->  Sort  (cost=40.09..40.11 rows=9 width=121)
	        Sort Key: c
	        ->  Index Scan using sbtest2_pkey on sbtest2  (cost=0.43..39.94 rows=9 width=121)
	              Index Cond: ((id >= 1157596) AND (id <= 1157605))

table 3 : explain SELECT DISTINCT c FROM sbtest3 WHERE id BETWEEN 6066885 AND 6066894 ORDER BY c
	Unique  (cost=43.98..44.03 rows=10 width=121)
	  ->  Sort  (cost=43.98..44.00 rows=10 width=121)
	        Sort Key: c
	        ->  Index Scan using sbtest3_pkey on sbtest3  (cost=0.43..43.81 rows=10 width=121)
	              Index Cond: ((id >= 6066885) AND (id <= 6066894))

table 4 : explain SELECT DISTINCT c FROM sbtest4 WHERE id BETWEEN 1302531 AND 1302540 ORDER BY c
	Unique  (cost=40.18..40.22 rows=9 width=121)
	  ->  Sort  (cost=40.18..40.20 rows=9 width=121)
	        Sort Key: c
	        ->  Index Scan using sbtest4_pkey on sbtest4  (cost=0.43..40.03 rows=9 width=121)
	              Index Cond: ((id >= 1302531) AND (id <= 1302540))

table 5 : explain SELECT DISTINCT c FROM sbtest5 WHERE id BETWEEN 6162854 AND 6162863 ORDER BY c
	Unique  (cost=51.93..51.99 rows=12 width=121)
	  ->  Sort  (cost=51.93..51.96 rows=12 width=121)
	        Sort Key: c
	        ->  Index Scan using sbtest5_pkey on sbtest5  (cost=0.43..51.71 rows=12 width=121)
	              Index Cond: ((id >= 6162854) AND (id <= 6162863))

table 6 : explain SELECT DISTINCT c FROM sbtest6 WHERE id BETWEEN 1865883 AND 1865892 ORDER BY c
	Unique  (cost=43.97..44.02 rows=10 width=121)
	  ->  Sort  (cost=43.97..44.00 rows=10 width=121)
	        Sort Key: c
	        ->  Index Scan using sbtest6_pkey on sbtest6  (cost=0.43..43.80 rows=10 width=121)
	              Index Cond: ((id >= 1865883) AND (id <= 1865892))

table 7 : explain SELECT DISTINCT c FROM sbtest7 WHERE id BETWEEN 9670025 AND 9670034 ORDER BY c
	Unique  (cost=43.96..44.01 rows=10 width=121)
	  ->  Sort  (cost=43.96..43.98 rows=10 width=121)
	        Sort Key: c
	        ->  Index Scan using sbtest7_pkey on sbtest7  (cost=0.43..43.79 rows=10 width=121)
	              Index Cond: ((id >= 9670025) AND (id <= 9670034))

table 8 : explain SELECT DISTINCT c FROM sbtest8 WHERE id BETWEEN 2787761 AND 2787770 ORDER BY c
	Unique  (cost=40.00..40.05 rows=9 width=121)
	  ->  Sort  (cost=40.00..40.03 rows=9 width=121)
	        Sort Key: c
	        ->  Index Scan using sbtest8_pkey on sbtest8  (cost=0.43..39.86 rows=9 width=121)
	              Index Cond: ((id >= 2787761) AND (id <= 2787770))

for: order_ranges
table 1 : explain SELECT c FROM sbtest1 WHERE id BETWEEN 8801777 AND 8801786 ORDER BY c
	Sort  (cost=40.02..40.04 rows=9 width=121)
	  Sort Key: c
	  ->  Index Scan using sbtest1_pkey on sbtest1  (cost=0.43..39.87 rows=9 width=121)
	        Index Cond: ((id >= 8801777) AND (id <= 8801786))

table 2 : explain SELECT c FROM sbtest2 WHERE id BETWEEN 1056400 AND 1056409 ORDER BY c
	Sort  (cost=40.09..40.11 rows=9 width=121)
	  Sort Key: c
	  ->  Index Scan using sbtest2_pkey on sbtest2  (cost=0.43..39.94 rows=9 width=121)
	        Index Cond: ((id >= 1056400) AND (id <= 1056409))

table 3 : explain SELECT c FROM sbtest3 WHERE id BETWEEN 4864898 AND 4864907 ORDER BY c
	Sort  (cost=43.98..44.00 rows=10 width=121)
	  Sort Key: c
	  ->  Index Scan using sbtest3_pkey on sbtest3  (cost=0.43..43.81 rows=10 width=121)
	        Index Cond: ((id >= 4864898) AND (id <= 4864907))

table 4 : explain SELECT c FROM sbtest4 WHERE id BETWEEN 609649 AND 609658 ORDER BY c
	Sort  (cost=44.15..44.17 rows=10 width=121)
	  Sort Key: c
	  ->  Index Scan using sbtest4_pkey on sbtest4  (cost=0.43..43.98 rows=10 width=121)
	        Index Cond: ((id >= 609649) AND (id <= 609658))

table 5 : explain SELECT c FROM sbtest5 WHERE id BETWEEN 8359929 AND 8359938 ORDER BY c
	Sort  (cost=47.97..48.00 rows=11 width=121)
	  Sort Key: c
	  ->  Index Scan using sbtest5_pkey on sbtest5  (cost=0.43..47.78 rows=11 width=121)
	        Index Cond: ((id >= 8359929) AND (id <= 8359938))

table 6 : explain SELECT c FROM sbtest6 WHERE id BETWEEN 9220976 AND 9220985 ORDER BY c
	Sort  (cost=47.92..47.95 rows=11 width=121)
	  Sort Key: c
	  ->  Index Scan using sbtest6_pkey on sbtest6  (cost=0.43..47.73 rows=11 width=121)
	        Index Cond: ((id >= 9220976) AND (id <= 9220985))

table 7 : explain SELECT c FROM sbtest7 WHERE id BETWEEN 5913128 AND 5913137 ORDER BY c
	Sort  (cost=43.96..43.98 rows=10 width=121)
	  Sort Key: c
	  ->  Index Scan using sbtest7_pkey on sbtest7  (cost=0.43..43.79 rows=10 width=121)
	        Index Cond: ((id >= 5913128) AND (id <= 5913137))

table 8 : explain SELECT c FROM sbtest8 WHERE id BETWEEN 7065775 AND 7065784 ORDER BY c
	Sort  (cost=43.95..43.98 rows=10 width=121)
	  Sort Key: c
	  ->  Index Scan using sbtest8_pkey on sbtest8  (cost=0.43..43.79 rows=10 width=121)
	        Index Cond: ((id >= 7065775) AND (id <= 7065784))

for: order_ranges
table 1 : explain SELECT c FROM sbtest1 WHERE id BETWEEN 855301 AND 855310 ORDER BY c
	Sort  (cost=43.97..43.99 rows=10 width=121)
	  Sort Key: c
	  ->  Index Scan using sbtest1_pkey on sbtest1  (cost=0.43..43.80 rows=10 width=121)
	        Index Cond: ((id >= 855301) AND (id <= 855310))

table 2 : explain SELECT c FROM sbtest2 WHERE id BETWEEN 7536623 AND 7536632 ORDER BY c
	Sort  (cost=44.04..44.07 rows=10 width=121)
	  Sort Key: c
	  ->  Index Scan using sbtest2_pkey on sbtest2  (cost=0.43..43.88 rows=10 width=121)
	        Index Cond: ((id >= 7536623) AND (id <= 7536632))

table 3 : explain SELECT c FROM sbtest3 WHERE id BETWEEN 1175897 AND 1175906 ORDER BY c
	Sort  (cost=40.02..40.05 rows=9 width=121)
	  Sort Key: c
	  ->  Index Scan using sbtest3_pkey on sbtest3  (cost=0.43..39.88 rows=9 width=121)
	        Index Cond: ((id >= 1175897) AND (id <= 1175906))

table 4 : explain SELECT c FROM sbtest4 WHERE id BETWEEN 8879157 AND 8879166 ORDER BY c
	Sort  (cost=44.15..44.17 rows=10 width=121)
	  Sort Key: c
	  ->  Index Scan using sbtest4_pkey on sbtest4  (cost=0.43..43.98 rows=10 width=121)
	        Index Cond: ((id >= 8879157) AND (id <= 8879166))

table 5 : explain SELECT c FROM sbtest5 WHERE id BETWEEN 8389909 AND 8389918 ORDER BY c
	Sort  (cost=44.01..44.04 rows=10 width=121)
	  Sort Key: c
	  ->  Index Scan using sbtest5_pkey on sbtest5  (cost=0.43..43.85 rows=10 width=121)
	        Index Cond: ((id >= 8389909) AND (id <= 8389918))

table 6 : explain SELECT c FROM sbtest6 WHERE id BETWEEN 3780376 AND 3780385 ORDER BY c
	Sort  (cost=43.97..44.00 rows=10 width=121)
	  Sort Key: c
	  ->  Index Scan using sbtest6_pkey on sbtest6  (cost=0.43..43.80 rows=10 width=121)
	        Index Cond: ((id >= 3780376) AND (id <= 3780385))

table 7 : explain SELECT c FROM sbtest7 WHERE id BETWEEN 5526704 AND 5526713 ORDER BY c
	Sort  (cost=43.96..43.98 rows=10 width=121)
	  Sort Key: c
	  ->  Index Scan using sbtest7_pkey on sbtest7  (cost=0.43..43.79 rows=10 width=121)
	        Index Cond: ((id >= 5526704) AND (id <= 5526713))

table 8 : explain SELECT c FROM sbtest8 WHERE id BETWEEN 4451686 AND 4451695 ORDER BY c
	Sort  (cost=43.95..43.98 rows=10 width=121)
	  Sort Key: c
	  ->  Index Scan using sbtest8_pkey on sbtest8  (cost=0.43..43.79 rows=10 width=121)
	        Index Cond: ((id >= 4451686) AND (id <= 4451695))
for: distinct_ranges
table 1 : explain SELECT DISTINCT c FROM sbtest1 WHERE id BETWEEN 8480519 AND 8480528 ORDER BY c
	Unique  (cost=43.97..44.02 rows=10 width=121)
	  ->  Sort  (cost=43.97..43.99 rows=10 width=121)
	        Sort Key: c
	        ->  Index Scan using sbtest1_pkey on sbtest1  (cost=0.43..43.80 rows=10 width=121)
	              Index Cond: ((id >= 8480519) AND (id <= 8480528))

table 2 : explain SELECT DISTINCT c FROM sbtest2 WHERE id BETWEEN 6008954 AND 6008963 ORDER BY c
	Unique  (cost=44.04..44.09 rows=10 width=121)
	  ->  Sort  (cost=44.04..44.07 rows=10 width=121)
	        Sort Key: c
	        ->  Index Scan using sbtest2_pkey on sbtest2  (cost=0.43..43.88 rows=10 width=121)
	              Index Cond: ((id >= 6008954) AND (id <= 6008963))

table 3 : explain SELECT DISTINCT c FROM sbtest3 WHERE id BETWEEN 6730651 AND 6730660 ORDER BY c
	Unique  (cost=43.98..44.03 rows=10 width=121)
	  ->  Sort  (cost=43.98..44.00 rows=10 width=121)
	        Sort Key: c
	        ->  Index Scan using sbtest3_pkey on sbtest3  (cost=0.43..43.81 rows=10 width=121)
	              Index Cond: ((id >= 6730651) AND (id <= 6730660))

table 4 : explain SELECT DISTINCT c FROM sbtest4 WHERE id BETWEEN 5374354 AND 5374363 ORDER BY c
	Unique  (cost=48.12..48.17 rows=11 width=121)
	  ->  Sort  (cost=48.12..48.15 rows=11 width=121)
	        Sort Key: c
	        ->  Index Scan using sbtest4_pkey on sbtest4  (cost=0.43..47.93 rows=11 width=121)
	              Index Cond: ((id >= 5374354) AND (id <= 5374363))

table 5 : explain SELECT DISTINCT c FROM sbtest5 WHERE id BETWEEN 3596316 AND 3596325 ORDER BY c
	Unique  (cost=40.06..40.10 rows=9 width=121)
	  ->  Sort  (cost=40.06..40.08 rows=9 width=121)
	        Sort Key: c
	        ->  Index Scan using sbtest5_pkey on sbtest5  (cost=0.43..39.91 rows=9 width=121)
	              Index Cond: ((id >= 3596316) AND (id <= 3596325))

table 6 : explain SELECT DISTINCT c FROM sbtest6 WHERE id BETWEEN 8568038 AND 8568047 ORDER BY c
	Unique  (cost=43.97..44.02 rows=10 width=121)
	  ->  Sort  (cost=43.97..44.00 rows=10 width=121)
	        Sort Key: c
	        ->  Index Scan using sbtest6_pkey on sbtest6  (cost=0.43..43.80 rows=10 width=121)
	              Index Cond: ((id >= 8568038) AND (id <= 8568047))

table 7 : explain SELECT DISTINCT c FROM sbtest7 WHERE id BETWEEN 5501536 AND 5501545 ORDER BY c
	Unique  (cost=43.96..44.01 rows=10 width=121)
	  ->  Sort  (cost=43.96..43.98 rows=10 width=121)
	        Sort Key: c
	        ->  Index Scan using sbtest7_pkey on sbtest7  (cost=0.43..43.79 rows=10 width=121)
	              Index Cond: ((id >= 5501536) AND (id <= 5501545))

table 8 : explain SELECT DISTINCT c FROM sbtest8 WHERE id BETWEEN 9294358 AND 9294367 ORDER BY c
	Unique  (cost=43.95..44.00 rows=10 width=121)
	  ->  Sort  (cost=43.95..43.98 rows=10 width=121)
	        Sort Key: c
	        ->  Index Scan using sbtest8_pkey on sbtest8  (cost=0.43..43.79 rows=10 width=121)
	              Index Cond: ((id >= 9294358) AND (id <= 9294367))


for: order_ranges
table 1 : explain SELECT c FROM sbtest1 WHERE id BETWEEN 5965379 AND 5965388 ORDER BY c
	Sort  (cost=43.97..43.99 rows=10 width=121)
	  Sort Key: c
	  ->  Index Scan using sbtest1_pkey on sbtest1  (cost=0.43..43.80 rows=10 width=121)
	        Index Cond: ((id >= 5965379) AND (id <= 5965388))

table 2 : explain SELECT c FROM sbtest2 WHERE id BETWEEN 1180085 AND 1180094 ORDER BY c
	Sort  (cost=40.09..40.11 rows=9 width=121)
	  Sort Key: c
	  ->  Index Scan using sbtest2_pkey on sbtest2  (cost=0.43..39.94 rows=9 width=121)
	        Index Cond: ((id >= 1180085) AND (id <= 1180094))

table 3 : explain SELECT c FROM sbtest3 WHERE id BETWEEN 5321030 AND 5321039 ORDER BY c
	Sort  (cost=43.98..44.00 rows=10 width=121)
	  Sort Key: c
	  ->  Index Scan using sbtest3_pkey on sbtest3  (cost=0.43..43.81 rows=10 width=121)
	        Index Cond: ((id >= 5321030) AND (id <= 5321039))

table 4 : explain SELECT c FROM sbtest4 WHERE id BETWEEN 56814 AND 56823 ORDER BY c
	Sort  (cost=44.15..44.17 rows=10 width=121)
	  Sort Key: c
	  ->  Index Scan using sbtest4_pkey on sbtest4  (cost=0.43..43.98 rows=10 width=121)
	        Index Cond: ((id >= 56814) AND (id <= 56823))

table 5 : explain SELECT c FROM sbtest5 WHERE id BETWEEN 990482 AND 990491 ORDER BY c
	Sort  (cost=44.01..44.04 rows=10 width=121)
	  Sort Key: c
	  ->  Index Scan using sbtest5_pkey on sbtest5  (cost=0.43..43.85 rows=10 width=121)
	        Index Cond: ((id >= 990482) AND (id <= 990491))

table 6 : explain SELECT c FROM sbtest6 WHERE id BETWEEN 7701873 AND 7701882 ORDER BY c
	Sort  (cost=47.92..47.95 rows=11 width=121)
	  Sort Key: c
	  ->  Index Scan using sbtest6_pkey on sbtest6  (cost=0.43..47.73 rows=11 width=121)
	        Index Cond: ((id >= 7701873) AND (id <= 7701882))

table 7 : explain SELECT c FROM sbtest7 WHERE id BETWEEN 5897759 AND 5897768 ORDER BY c
	Sort  (cost=43.96..43.98 rows=10 width=121)
	  Sort Key: c
	  ->  Index Scan using sbtest7_pkey on sbtest7  (cost=0.43..43.79 rows=10 width=121)
	        Index Cond: ((id >= 5897759) AND (id <= 5897768))

table 8 : explain SELECT c FROM sbtest8 WHERE id BETWEEN 5797304 AND 5797313 ORDER BY c
	Sort  (cost=47.90..47.93 rows=11 width=121)
	  Sort Key: c
	  ->  Index Scan using sbtest8_pkey on sbtest8  (cost=0.43..47.71 rows=11 width=121)
	        Index Cond: ((id >= 5797304) AND (id <= 5797313))

for: order_ranges
table 1 : explain SELECT c FROM sbtest1 WHERE id BETWEEN 5519076 AND 5519085 ORDER BY c
	Sort  (cost=43.97..43.99 rows=10 width=121)
	  Sort Key: c
	  ->  Index Scan using sbtest1_pkey on sbtest1  (cost=0.43..43.80 rows=10 width=121)
	        Index Cond: ((id >= 5519076) AND (id <= 5519085))

table 2 : explain SELECT c FROM sbtest2 WHERE id BETWEEN 9173992 AND 9174001 ORDER BY c
	Sort  (cost=44.04..44.07 rows=10 width=121)
	  Sort Key: c
	  ->  Index Scan using sbtest2_pkey on sbtest2  (cost=0.43..43.88 rows=10 width=121)
	        Index Cond: ((id >= 9173992) AND (id <= 9174001))

table 3 : explain SELECT c FROM sbtest3 WHERE id BETWEEN 3236159 AND 3236168 ORDER BY c
	Sort  (cost=43.98..44.00 rows=10 width=121)
	  Sort Key: c
	  ->  Index Scan using sbtest3_pkey on sbtest3  (cost=0.43..43.81 rows=10 width=121)
	        Index Cond: ((id >= 3236159) AND (id <= 3236168))

table 4 : explain SELECT c FROM sbtest4 WHERE id BETWEEN 3806864 AND 3806873 ORDER BY c
	Sort  (cost=44.15..44.17 rows=10 width=121)
	  Sort Key: c
	  ->  Index Scan using sbtest4_pkey on sbtest4  (cost=0.43..43.98 rows=10 width=121)
	        Index Cond: ((id >= 3806864) AND (id <= 3806873))

table 5 : explain SELECT c FROM sbtest5 WHERE id BETWEEN 8128762 AND 8128771 ORDER BY c
	Sort  (cost=44.01..44.04 rows=10 width=121)
	  Sort Key: c
	  ->  Index Scan using sbtest5_pkey on sbtest5  (cost=0.43..43.85 rows=10 width=121)
	        Index Cond: ((id >= 8128762) AND (id <= 8128771))

table 6 : explain SELECT c FROM sbtest6 WHERE id BETWEEN 9987655 AND 9987664 ORDER BY c
	Sort  (cost=43.97..44.00 rows=10 width=121)
	  Sort Key: c
	  ->  Index Scan using sbtest6_pkey on sbtest6  (cost=0.43..43.80 rows=10 width=121)
	        Index Cond: ((id >= 9987655) AND (id <= 9987664))

table 7 : explain SELECT c FROM sbtest7 WHERE id BETWEEN 428506 AND 428515 ORDER BY c
	Sort  (cost=43.96..43.98 rows=10 width=121)
	  Sort Key: c
	  ->  Index Scan using sbtest7_pkey on sbtest7  (cost=0.43..43.79 rows=10 width=121)
	        Index Cond: ((id >= 428506) AND (id <= 428515))

table 8 : explain SELECT c FROM sbtest8 WHERE id BETWEEN 59878 AND 59887 ORDER BY c
	Sort  (cost=43.95..43.98 rows=10 width=121)
	  Sort Key: c
	  ->  Index Scan using sbtest8_pkey on sbtest8  (cost=0.43..43.79 rows=10 width=121)
	        Index Cond: ((id >= 59878) AND (id <= 59887))

for: distinct_ranges
table 1 : explain SELECT DISTINCT c FROM sbtest1 WHERE id BETWEEN 4215193 AND 4215202 ORDER BY c
	Unique  (cost=43.97..44.02 rows=10 width=121)
	  ->  Sort  (cost=43.97..43.99 rows=10 width=121)
	        Sort Key: c
	        ->  Index Scan using sbtest1_pkey on sbtest1  (cost=0.43..43.80 rows=10 width=121)
	              Index Cond: ((id >= 4215193) AND (id <= 4215202))

table 2 : explain SELECT DISTINCT c FROM sbtest2 WHERE id BETWEEN 6179686 AND 6179695 ORDER BY c
	Unique  (cost=44.04..44.09 rows=10 width=121)
	  ->  Sort  (cost=44.04..44.07 rows=10 width=121)
	        Sort Key: c
	        ->  Index Scan using sbtest2_pkey on sbtest2  (cost=0.43..43.88 rows=10 width=121)
	              Index Cond: ((id >= 6179686) AND (id <= 6179695))

table 3 : explain SELECT DISTINCT c FROM sbtest3 WHERE id BETWEEN 2481443 AND 2481452 ORDER BY c
	Unique  (cost=43.98..44.03 rows=10 width=121)
	  ->  Sort  (cost=43.98..44.00 rows=10 width=121)
	        Sort Key: c
	        ->  Index Scan using sbtest3_pkey on sbtest3  (cost=0.43..43.81 rows=10 width=121)
	              Index Cond: ((id >= 2481443) AND (id <= 2481452))

table 4 : explain SELECT DISTINCT c FROM sbtest4 WHERE id BETWEEN 2840658 AND 2840667 ORDER BY c
	Unique  (cost=44.15..44.20 rows=10 width=121)
	  ->  Sort  (cost=44.15..44.17 rows=10 width=121)
	        Sort Key: c
	        ->  Index Scan using sbtest4_pkey on sbtest4  (cost=0.43..43.98 rows=10 width=121)
	              Index Cond: ((id >= 2840658) AND (id <= 2840667))

table 5 : explain SELECT DISTINCT c FROM sbtest5 WHERE id BETWEEN 2070477 AND 2070486 ORDER BY c
	Unique  (cost=40.06..40.10 rows=9 width=121)
	  ->  Sort  (cost=40.06..40.08 rows=9 width=121)
	        Sort Key: c
	        ->  Index Scan using sbtest5_pkey on sbtest5  (cost=0.43..39.91 rows=9 width=121)
	              Index Cond: ((id >= 2070477) AND (id <= 2070486))

table 6 : explain SELECT DISTINCT c FROM sbtest6 WHERE id BETWEEN 3122364 AND 3122373 ORDER BY c
	Unique  (cost=43.97..44.02 rows=10 width=121)
	  ->  Sort  (cost=43.97..44.00 rows=10 width=121)
	        Sort Key: c
	        ->  Index Scan using sbtest6_pkey on sbtest6  (cost=0.43..43.80 rows=10 width=121)
	              Index Cond: ((id >= 3122364) AND (id <= 3122373))

table 7 : explain SELECT DISTINCT c FROM sbtest7 WHERE id BETWEEN 697480 AND 697489 ORDER BY c
	Unique  (cost=43.96..44.01 rows=10 width=121)
	  ->  Sort  (cost=43.96..43.98 rows=10 width=121)
	        Sort Key: c
	        ->  Index Scan using sbtest7_pkey on sbtest7  (cost=0.43..43.79 rows=10 width=121)
	              Index Cond: ((id >= 697480) AND (id <= 697489))

table 8 : explain SELECT DISTINCT c FROM sbtest8 WHERE id BETWEEN 8839123 AND 8839132 ORDER BY c
	Unique  (cost=43.95..44.00 rows=10 width=121)
	  ->  Sort  (cost=43.95..43.98 rows=10 width=121)
	        Sort Key: c
	        ->  Index Scan using sbtest8_pkey on sbtest8  (cost=0.43..43.79 rows=10 width=121)
	              Index Cond: ((id >= 8839123) AND (id <= 8839132))

for: distinct_ranges
table 1 : explain SELECT DISTINCT c FROM sbtest1 WHERE id BETWEEN 7575926 AND 7575935 ORDER BY c
	Unique  (cost=43.97..44.02 rows=10 width=121)
	  ->  Sort  (cost=43.97..43.99 rows=10 width=121)
	        Sort Key: c
	        ->  Index Scan using sbtest1_pkey on sbtest1  (cost=0.43..43.80 rows=10 width=121)
	              Index Cond: ((id >= 7575926) AND (id <= 7575935))

table 2 : explain SELECT DISTINCT c FROM sbtest2 WHERE id BETWEEN 8324797 AND 8324806 ORDER BY c
	Unique  (cost=44.04..44.09 rows=10 width=121)
	  ->  Sort  (cost=44.04..44.07 rows=10 width=121)
	        Sort Key: c
	        ->  Index Scan using sbtest2_pkey on sbtest2  (cost=0.43..43.88 rows=10 width=121)
	              Index Cond: ((id >= 8324797) AND (id <= 8324806))

table 3 : explain SELECT DISTINCT c FROM sbtest3 WHERE id BETWEEN 11223 AND 11232 ORDER BY c
	Unique  (cost=47.93..47.98 rows=11 width=121)
	  ->  Sort  (cost=47.93..47.96 rows=11 width=121)
	        Sort Key: c
	        ->  Index Scan using sbtest3_pkey on sbtest3  (cost=0.43..47.74 rows=11 width=121)
	              Index Cond: ((id >= 11223) AND (id <= 11232))

table 4 : explain SELECT DISTINCT c FROM sbtest4 WHERE id BETWEEN 2148945 AND 2148954 ORDER BY c
	Unique  (cost=44.15..44.20 rows=10 width=121)
	  ->  Sort  (cost=44.15..44.17 rows=10 width=121)
	        Sort Key: c
	        ->  Index Scan using sbtest4_pkey on sbtest4  (cost=0.43..43.98 rows=10 width=121)
	              Index Cond: ((id >= 2148945) AND (id <= 2148954))

table 5 : explain SELECT DISTINCT c FROM sbtest5 WHERE id BETWEEN 4872518 AND 4872527 ORDER BY c
	Unique  (cost=44.01..44.06 rows=10 width=121)
	  ->  Sort  (cost=44.01..44.04 rows=10 width=121)
	        Sort Key: c
	        ->  Index Scan using sbtest5_pkey on sbtest5  (cost=0.43..43.85 rows=10 width=121)
	              Index Cond: ((id >= 4872518) AND (id <= 4872527))

table 6 : explain SELECT DISTINCT c FROM sbtest6 WHERE id BETWEEN 5757882 AND 5757891 ORDER BY c
	Unique  (cost=43.97..44.02 rows=10 width=121)
	  ->  Sort  (cost=43.97..44.00 rows=10 width=121)
	        Sort Key: c
	        ->  Index Scan using sbtest6_pkey on sbtest6  (cost=0.43..43.80 rows=10 width=121)
	              Index Cond: ((id >= 5757882) AND (id <= 5757891))

table 7 : explain SELECT DISTINCT c FROM sbtest7 WHERE id BETWEEN 3333613 AND 3333622 ORDER BY c
	Unique  (cost=43.96..44.01 rows=10 width=121)
	  ->  Sort  (cost=43.96..43.98 rows=10 width=121)
	        Sort Key: c
	        ->  Index Scan using sbtest7_pkey on sbtest7  (cost=0.43..43.79 rows=10 width=121)
	              Index Cond: ((id >= 3333613) AND (id <= 3333622))

table 8 : explain SELECT DISTINCT c FROM sbtest8 WHERE id BETWEEN 461776 AND 461785 ORDER BY c
	Unique  (cost=43.95..44.00 rows=10 width=121)
	  ->  Sort  (cost=43.95..43.98 rows=10 width=121)
	        Sort Key: c
	        ->  Index Scan using sbtest8_pkey on sbtest8  (cost=0.43..43.79 rows=10 width=121)
	              Index Cond: ((id >= 461776) AND (id <= 461785))

for: distinct_ranges
table 1 : explain SELECT DISTINCT c FROM sbtest1 WHERE id BETWEEN 9581253 AND 9581262 ORDER BY c
	Unique  (cost=43.97..44.02 rows=10 width=121)
	  ->  Sort  (cost=43.97..43.99 rows=10 width=121)
	        Sort Key: c
	        ->  Index Scan using sbtest1_pkey on sbtest1  (cost=0.43..43.80 rows=10 width=121)
	              Index Cond: ((id >= 9581253) AND (id <= 9581262))

table 2 : explain SELECT DISTINCT c FROM sbtest2 WHERE id BETWEEN 8578697 AND 8578706 ORDER BY c
	Unique  (cost=40.09..40.13 rows=9 width=121)
	  ->  Sort  (cost=40.09..40.11 rows=9 width=121)
	        Sort Key: c
	        ->  Index Scan using sbtest2_pkey on sbtest2  (cost=0.43..39.94 rows=9 width=121)
	              Index Cond: ((id >= 8578697) AND (id <= 8578706))

table 3 : explain SELECT DISTINCT c FROM sbtest3 WHERE id BETWEEN 835914 AND 835923 ORDER BY c
	Unique  (cost=43.98..44.03 rows=10 width=121)
	  ->  Sort  (cost=43.98..44.00 rows=10 width=121)
	        Sort Key: c
	        ->  Index Scan using sbtest3_pkey on sbtest3  (cost=0.43..43.81 rows=10 width=121)
	              Index Cond: ((id >= 835914) AND (id <= 835923))

table 4 : explain SELECT DISTINCT c FROM sbtest4 WHERE id BETWEEN 718089 AND 718098 ORDER BY c
	Unique  (cost=40.18..40.22 rows=9 width=121)
	  ->  Sort  (cost=40.18..40.20 rows=9 width=121)
	        Sort Key: c
	        ->  Index Scan using sbtest4_pkey on sbtest4  (cost=0.43..40.03 rows=9 width=121)
	              Index Cond: ((id >= 718089) AND (id <= 718098))

table 5 : explain SELECT DISTINCT c FROM sbtest5 WHERE id BETWEEN 5370966 AND 5370975 ORDER BY c
	Unique  (cost=44.01..44.06 rows=10 width=121)
	  ->  Sort  (cost=44.01..44.04 rows=10 width=121)
	        Sort Key: c
	        ->  Index Scan using sbtest5_pkey on sbtest5  (cost=0.43..43.85 rows=10 width=121)
	              Index Cond: ((id >= 5370966) AND (id <= 5370975))

table 6 : explain SELECT DISTINCT c FROM sbtest6 WHERE id BETWEEN 8757714 AND 8757723 ORDER BY c
	Unique  (cost=43.97..44.02 rows=10 width=121)
	  ->  Sort  (cost=43.97..44.00 rows=10 width=121)
	        Sort Key: c
	        ->  Index Scan using sbtest6_pkey on sbtest6  (cost=0.43..43.80 rows=10 width=121)
	              Index Cond: ((id >= 8757714) AND (id <= 8757723))

table 7 : explain SELECT DISTINCT c FROM sbtest7 WHERE id BETWEEN 4505751 AND 4505760 ORDER BY c
	Unique  (cost=43.96..44.01 rows=10 width=121)
	  ->  Sort  (cost=43.96..43.98 rows=10 width=121)
	        Sort Key: c
	        ->  Index Scan using sbtest7_pkey on sbtest7  (cost=0.43..43.79 rows=10 width=121)
	              Index Cond: ((id >= 4505751) AND (id <= 4505760))

table 8 : explain SELECT DISTINCT c FROM sbtest8 WHERE id BETWEEN 8790236 AND 8790245 ORDER BY c
	Unique  (cost=43.95..44.00 rows=10 width=121)
	  ->  Sort  (cost=43.95..43.98 rows=10 width=121)
	        Sort Key: c
	        ->  Index Scan using sbtest8_pkey on sbtest8  (cost=0.43..43.79 rows=10 width=121)
	              Index Cond: ((id >= 8790236) AND (id <= 8790245))

for: order_ranges
table 1 : explain SELECT c FROM sbtest1 WHERE id BETWEEN 9068149 AND 9068158 ORDER BY c
	Sort  (cost=43.97..43.99 rows=10 width=121)
	  Sort Key: c
	  ->  Index Scan using sbtest1_pkey on sbtest1  (cost=0.43..43.80 rows=10 width=121)
	        Index Cond: ((id >= 9068149) AND (id <= 9068158))

table 2 : explain SELECT c FROM sbtest2 WHERE id BETWEEN 1321637 AND 1321646 ORDER BY c
	Sort  (cost=44.04..44.07 rows=10 width=121)
	  Sort Key: c
	  ->  Index Scan using sbtest2_pkey on sbtest2  (cost=0.43..43.88 rows=10 width=121)
	        Index Cond: ((id >= 1321637) AND (id <= 1321646))

table 3 : explain SELECT c FROM sbtest3 WHERE id BETWEEN 2056426 AND 2056435 ORDER BY c
	Sort  (cost=43.98..44.00 rows=10 width=121)
	  Sort Key: c
	  ->  Index Scan using sbtest3_pkey on sbtest3  (cost=0.43..43.81 rows=10 width=121)
	        Index Cond: ((id >= 2056426) AND (id <= 2056435))

table 4 : explain SELECT c FROM sbtest4 WHERE id BETWEEN 2481256 AND 2481265 ORDER BY c
	Sort  (cost=48.12..48.15 rows=11 width=121)
	  Sort Key: c
	  ->  Index Scan using sbtest4_pkey on sbtest4  (cost=0.43..47.93 rows=11 width=121)
	        Index Cond: ((id >= 2481256) AND (id <= 2481265))

table 5 : explain SELECT c FROM sbtest5 WHERE id BETWEEN 2223150 AND 2223159 ORDER BY c
	Sort  (cost=44.01..44.04 rows=10 width=121)
	  Sort Key: c
	  ->  Index Scan using sbtest5_pkey on sbtest5  (cost=0.43..43.85 rows=10 width=121)
	        Index Cond: ((id >= 2223150) AND (id <= 2223159))

table 6 : explain SELECT c FROM sbtest6 WHERE id BETWEEN 574200 AND 574209 ORDER BY c
	Sort  (cost=47.92..47.95 rows=11 width=121)
	  Sort Key: c
	  ->  Index Scan using sbtest6_pkey on sbtest6  (cost=0.43..47.73 rows=11 width=121)
	        Index Cond: ((id >= 574200) AND (id <= 574209))

table 7 : explain SELECT c FROM sbtest7 WHERE id BETWEEN 2222702 AND 2222711 ORDER BY c
	Sort  (cost=47.91..47.94 rows=11 width=121)
	  Sort Key: c
	  ->  Index Scan using sbtest7_pkey on sbtest7  (cost=0.43..47.72 rows=11 width=121)
	        Index Cond: ((id >= 2222702) AND (id <= 2222711))

table 8 : explain SELECT c FROM sbtest8 WHERE id BETWEEN 308341 AND 308350 ORDER BY c
	Sort  (cost=43.95..43.98 rows=10 width=121)
	  Sort Key: c
	  ->  Index Scan using sbtest8_pkey on sbtest8  (cost=0.43..43.79 rows=10 width=121)
	        Index Cond: ((id >= 308341) AND (id <= 308350))

for: order_ranges
table 1 : explain SELECT c FROM sbtest1 WHERE id BETWEEN 7720613 AND 7720622 ORDER BY c
	Sort  (cost=40.02..40.04 rows=9 width=121)
	  Sort Key: c
	  ->  Index Scan using sbtest1_pkey on sbtest1  (cost=0.43..39.87 rows=9 width=121)
	        Index Cond: ((id >= 7720613) AND (id <= 7720622))

table 2 : explain SELECT c FROM sbtest2 WHERE id BETWEEN 6326727 AND 6326736 ORDER BY c
	Sort  (cost=48.00..48.03 rows=11 width=121)
	  Sort Key: c
	  ->  Index Scan using sbtest2_pkey on sbtest2  (cost=0.43..47.81 rows=11 width=121)
	        Index Cond: ((id >= 6326727) AND (id <= 6326736))

table 3 : explain SELECT c FROM sbtest3 WHERE id BETWEEN 8754406 AND 8754415 ORDER BY c
	Sort  (cost=43.98..44.00 rows=10 width=121)
	  Sort Key: c
	  ->  Index Scan using sbtest3_pkey on sbtest3  (cost=0.43..43.81 rows=10 width=121)
	        Index Cond: ((id >= 8754406) AND (id <= 8754415))

table 4 : explain SELECT c FROM sbtest4 WHERE id BETWEEN 8170277 AND 8170286 ORDER BY c
	Sort  (cost=44.15..44.17 rows=10 width=121)
	  Sort Key: c
	  ->  Index Scan using sbtest4_pkey on sbtest4  (cost=0.43..43.98 rows=10 width=121)
	        Index Cond: ((id >= 8170277) AND (id <= 8170286))

table 5 : explain SELECT c FROM sbtest5 WHERE id BETWEEN 8331760 AND 8331769 ORDER BY c
	Sort  (cost=47.97..48.00 rows=11 width=121)
	  Sort Key: c
	  ->  Index Scan using sbtest5_pkey on sbtest5  (cost=0.43..47.78 rows=11 width=121)
	        Index Cond: ((id >= 8331760) AND (id <= 8331769))

table 6 : explain SELECT c FROM sbtest6 WHERE id BETWEEN 4665956 AND 4665965 ORDER BY c
	Sort  (cost=43.97..44.00 rows=10 width=121)
	  Sort Key: c
	  ->  Index Scan using sbtest6_pkey on sbtest6  (cost=0.43..43.80 rows=10 width=121)
	        Index Cond: ((id >= 4665956) AND (id <= 4665965))

table 7 : explain SELECT c FROM sbtest7 WHERE id BETWEEN 2967694 AND 2967703 ORDER BY c
	Sort  (cost=40.01..40.03 rows=9 width=121)
	  Sort Key: c
	  ->  Index Scan using sbtest7_pkey on sbtest7  (cost=0.43..39.87 rows=9 width=121)
	        Index Cond: ((id >= 2967694) AND (id <= 2967703))

table 8 : explain SELECT c FROM sbtest8 WHERE id BETWEEN 9040575 AND 9040584 ORDER BY c
	Sort  (cost=43.95..43.98 rows=10 width=121)
	  Sort Key: c
	  ->  Index Scan using sbtest8_pkey on sbtest8  (cost=0.43..43.79 rows=10 width=121)
	        Index Cond: ((id >= 9040575) AND (id <= 9040584))

for: distinct_ranges
table 1 : explain SELECT DISTINCT c FROM sbtest1 WHERE id BETWEEN 3431151 AND 3431160 ORDER BY c
	Unique  (cost=47.92..47.98 rows=11 width=121)
	  ->  Sort  (cost=47.92..47.95 rows=11 width=121)
	        Sort Key: c
	        ->  Index Scan using sbtest1_pkey on sbtest1  (cost=0.43..47.73 rows=11 width=121)
	              Index Cond: ((id >= 3431151) AND (id <= 3431160))

table 2 : explain SELECT DISTINCT c FROM sbtest2 WHERE id BETWEEN 5394110 AND 5394119 ORDER BY c
	Unique  (cost=44.04..44.09 rows=10 width=121)
	  ->  Sort  (cost=44.04..44.07 rows=10 width=121)
	        Sort Key: c
	        ->  Index Scan using sbtest2_pkey on sbtest2  (cost=0.43..43.88 rows=10 width=121)
	              Index Cond: ((id >= 5394110) AND (id <= 5394119))

table 3 : explain SELECT DISTINCT c FROM sbtest3 WHERE id BETWEEN 1846326 AND 1846335 ORDER BY c
	Unique  (cost=43.98..44.03 rows=10 width=121)
	  ->  Sort  (cost=43.98..44.00 rows=10 width=121)
	        Sort Key: c
	        ->  Index Scan using sbtest3_pkey on sbtest3  (cost=0.43..43.81 rows=10 width=121)
	              Index Cond: ((id >= 1846326) AND (id <= 1846335))

table 4 : explain SELECT DISTINCT c FROM sbtest4 WHERE id BETWEEN 4810408 AND 4810417 ORDER BY c
	Unique  (cost=44.15..44.20 rows=10 width=121)
	  ->  Sort  (cost=44.15..44.17 rows=10 width=121)
	        Sort Key: c
	        ->  Index Scan using sbtest4_pkey on sbtest4  (cost=0.43..43.98 rows=10 width=121)
	              Index Cond: ((id >= 4810408) AND (id <= 4810417))

table 5 : explain SELECT DISTINCT c FROM sbtest5 WHERE id BETWEEN 2536772 AND 2536781 ORDER BY c
	Unique  (cost=44.01..44.06 rows=10 width=121)
	  ->  Sort  (cost=44.01..44.04 rows=10 width=121)
	        Sort Key: c
	        ->  Index Scan using sbtest5_pkey on sbtest5  (cost=0.43..43.85 rows=10 width=121)
	              Index Cond: ((id >= 2536772) AND (id <= 2536781))

table 6 : explain SELECT DISTINCT c FROM sbtest6 WHERE id BETWEEN 2932444 AND 2932453 ORDER BY c
	Unique  (cost=47.92..47.98 rows=11 width=121)
	  ->  Sort  (cost=47.92..47.95 rows=11 width=121)
	        Sort Key: c
	        ->  Index Scan using sbtest6_pkey on sbtest6  (cost=0.43..47.73 rows=11 width=121)
	              Index Cond: ((id >= 2932444) AND (id <= 2932453))

table 7 : explain SELECT DISTINCT c FROM sbtest7 WHERE id BETWEEN 9162011 AND 9162020 ORDER BY c
	Unique  (cost=43.96..44.01 rows=10 width=121)
	  ->  Sort  (cost=43.96..43.98 rows=10 width=121)
	        Sort Key: c
	        ->  Index Scan using sbtest7_pkey on sbtest7  (cost=0.43..43.79 rows=10 width=121)
	              Index Cond: ((id >= 9162011) AND (id <= 9162020))

table 8 : explain SELECT DISTINCT c FROM sbtest8 WHERE id BETWEEN 1576698 AND 1576707 ORDER BY c
	Unique  (cost=43.95..44.00 rows=10 width=121)
	  ->  Sort  (cost=43.95..43.98 rows=10 width=121)
	        Sort Key: c
	        ->  Index Scan using sbtest8_pkey on sbtest8  (cost=0.43..43.79 rows=10 width=121)
	              Index Cond: ((id >= 1576698) AND (id <= 1576707))

for: distinct_ranges
table 1 : explain SELECT DISTINCT c FROM sbtest1 WHERE id BETWEEN 7274090 AND 7274099 ORDER BY c
	Unique  (cost=43.97..44.02 rows=10 width=121)
	  ->  Sort  (cost=43.97..43.99 rows=10 width=121)
	        Sort Key: c
	        ->  Index Scan using sbtest1_pkey on sbtest1  (cost=0.43..43.80 rows=10 width=121)
	              Index Cond: ((id >= 7274090) AND (id <= 7274099))

table 2 : explain SELECT DISTINCT c FROM sbtest2 WHERE id BETWEEN 2445362 AND 2445371 ORDER BY c
	Unique  (cost=44.04..44.09 rows=10 width=121)
	  ->  Sort  (cost=44.04..44.07 rows=10 width=121)
	        Sort Key: c
	        ->  Index Scan using sbtest2_pkey on sbtest2  (cost=0.43..43.88 rows=10 width=121)
	              Index Cond: ((id >= 2445362) AND (id <= 2445371))

table 3 : explain SELECT DISTINCT c FROM sbtest3 WHERE id BETWEEN 5466276 AND 5466285 ORDER BY c
	Unique  (cost=47.93..47.98 rows=11 width=121)
	  ->  Sort  (cost=47.93..47.96 rows=11 width=121)
	        Sort Key: c
	        ->  Index Scan using sbtest3_pkey on sbtest3  (cost=0.43..47.74 rows=11 width=121)
	              Index Cond: ((id >= 5466276) AND (id <= 5466285))

table 4 : explain SELECT DISTINCT c FROM sbtest4 WHERE id BETWEEN 5125157 AND 5125166 ORDER BY c
	Unique  (cost=40.18..40.22 rows=9 width=121)
	  ->  Sort  (cost=40.18..40.20 rows=9 width=121)
	        Sort Key: c
	        ->  Index Scan using sbtest4_pkey on sbtest4  (cost=0.43..40.03 rows=9 width=121)
	              Index Cond: ((id >= 5125157) AND (id <= 5125166))

table 5 : explain SELECT DISTINCT c FROM sbtest5 WHERE id BETWEEN 4832388 AND 4832397 ORDER BY c
	Unique  (cost=44.01..44.06 rows=10 width=121)
	  ->  Sort  (cost=44.01..44.04 rows=10 width=121)
	        Sort Key: c
	        ->  Index Scan using sbtest5_pkey on sbtest5  (cost=0.43..43.85 rows=10 width=121)
	              Index Cond: ((id >= 4832388) AND (id <= 4832397))

table 6 : explain SELECT DISTINCT c FROM sbtest6 WHERE id BETWEEN 6530291 AND 6530300 ORDER BY c
	Unique  (cost=43.97..44.02 rows=10 width=121)
	  ->  Sort  (cost=43.97..44.00 rows=10 width=121)
	        Sort Key: c
	        ->  Index Scan using sbtest6_pkey on sbtest6  (cost=0.43..43.80 rows=10 width=121)
	              Index Cond: ((id >= 6530291) AND (id <= 6530300))

table 7 : explain SELECT DISTINCT c FROM sbtest7 WHERE id BETWEEN 1989983 AND 1989992 ORDER BY c
	Unique  (cost=47.91..47.96 rows=11 width=121)
	  ->  Sort  (cost=47.91..47.94 rows=11 width=121)
	        Sort Key: c
	        ->  Index Scan using sbtest7_pkey on sbtest7  (cost=0.43..47.72 rows=11 width=121)
	              Index Cond: ((id >= 1989983) AND (id <= 1989992))

table 8 : explain SELECT DISTINCT c FROM sbtest8 WHERE id BETWEEN 7125274 AND 7125283 ORDER BY c
	Unique  (cost=43.95..44.00 rows=10 width=121)
	  ->  Sort  (cost=43.95..43.98 rows=10 width=121)
	        Sort Key: c
	        ->  Index Scan using sbtest8_pkey on sbtest8  (cost=0.43..43.79 rows=10 width=121)
	              Index Cond: ((id >= 7125274) AND (id <= 7125283))

for: distinct_ranges
table 1 : explain SELECT DISTINCT c FROM sbtest1 WHERE id BETWEEN 4667714 AND 4667723 ORDER BY c
	Unique  (cost=43.97..44.02 rows=10 width=121)
	  ->  Sort  (cost=43.97..43.99 rows=10 width=121)
	        Sort Key: c
	        ->  Index Scan using sbtest1_pkey on sbtest1  (cost=0.43..43.80 rows=10 width=121)
	              Index Cond: ((id >= 4667714) AND (id <= 4667723))

table 2 : explain SELECT DISTINCT c FROM sbtest2 WHERE id BETWEEN 4492303 AND 4492312 ORDER BY c
	Unique  (cost=44.04..44.09 rows=10 width=121)
	  ->  Sort  (cost=44.04..44.07 rows=10 width=121)
	        Sort Key: c
	        ->  Index Scan using sbtest2_pkey on sbtest2  (cost=0.43..43.88 rows=10 width=121)
	              Index Cond: ((id >= 4492303) AND (id <= 4492312))

table 3 : explain SELECT DISTINCT c FROM sbtest3 WHERE id BETWEEN 506439 AND 506448 ORDER BY c
	Unique  (cost=43.98..44.03 rows=10 width=121)
	  ->  Sort  (cost=43.98..44.00 rows=10 width=121)
	        Sort Key: c
	        ->  Index Scan using sbtest3_pkey on sbtest3  (cost=0.43..43.81 rows=10 width=121)
	              Index Cond: ((id >= 506439) AND (id <= 506448))

table 4 : explain SELECT DISTINCT c FROM sbtest4 WHERE id BETWEEN 4960250 AND 4960259 ORDER BY c
	Unique  (cost=44.15..44.20 rows=10 width=121)
	  ->  Sort  (cost=44.15..44.17 rows=10 width=121)
	        Sort Key: c
	        ->  Index Scan using sbtest4_pkey on sbtest4  (cost=0.43..43.98 rows=10 width=121)
	              Index Cond: ((id >= 4960250) AND (id <= 4960259))

table 5 : explain SELECT DISTINCT c FROM sbtest5 WHERE id BETWEEN 1721334 AND 1721343 ORDER BY c
	Unique  (cost=44.01..44.06 rows=10 width=121)
	  ->  Sort  (cost=44.01..44.04 rows=10 width=121)
	        Sort Key: c
	        ->  Index Scan using sbtest5_pkey on sbtest5  (cost=0.43..43.85 rows=10 width=121)
	              Index Cond: ((id >= 1721334) AND (id <= 1721343))

table 6 : explain SELECT DISTINCT c FROM sbtest6 WHERE id BETWEEN 7444837 AND 7444846 ORDER BY c
	Unique  (cost=43.97..44.02 rows=10 width=121)
	  ->  Sort  (cost=43.97..44.00 rows=10 width=121)
	        Sort Key: c
	        ->  Index Scan using sbtest6_pkey on sbtest6  (cost=0.43..43.80 rows=10 width=121)
	              Index Cond: ((id >= 7444837) AND (id <= 7444846))

table 7 : explain SELECT DISTINCT c FROM sbtest7 WHERE id BETWEEN 263981 AND 263990 ORDER BY c
	Unique  (cost=43.96..44.01 rows=10 width=121)
	  ->  Sort  (cost=43.96..43.98 rows=10 width=121)
	        Sort Key: c
	        ->  Index Scan using sbtest7_pkey on sbtest7  (cost=0.43..43.79 rows=10 width=121)
	              Index Cond: ((id >= 263981) AND (id <= 263990))

table 8 : explain SELECT DISTINCT c FROM sbtest8 WHERE id BETWEEN 992334 AND 992343 ORDER BY c
	Unique  (cost=43.95..44.00 rows=10 width=121)
	  ->  Sort  (cost=43.95..43.98 rows=10 width=121)
	        Sort Key: c
	        ->  Index Scan using sbtest8_pkey on sbtest8  (cost=0.43..43.79 rows=10 width=121)
	              Index Cond: ((id >= 992334) AND (id <= 992343))

for: distinct_ranges
table 1 : explain SELECT DISTINCT c FROM sbtest1 WHERE id BETWEEN 8250684 AND 8250693 ORDER BY c
	Unique  (cost=47.92..47.98 rows=11 width=121)
	  ->  Sort  (cost=47.92..47.95 rows=11 width=121)
	        Sort Key: c
	        ->  Index Scan using sbtest1_pkey on sbtest1  (cost=0.43..47.73 rows=11 width=121)
	              Index Cond: ((id >= 8250684) AND (id <= 8250693))

table 2 : explain SELECT DISTINCT c FROM sbtest2 WHERE id BETWEEN 9355241 AND 9355250 ORDER BY c
	Unique  (cost=48.00..48.06 rows=11 width=121)
	  ->  Sort  (cost=48.00..48.03 rows=11 width=121)
	        Sort Key: c
	        ->  Index Scan using sbtest2_pkey on sbtest2  (cost=0.43..47.81 rows=11 width=121)
	              Index Cond: ((id >= 9355241) AND (id <= 9355250))

table 3 : explain SELECT DISTINCT c FROM sbtest3 WHERE id BETWEEN 8693559 AND 8693568 ORDER BY c
	Unique  (cost=47.93..47.98 rows=11 width=121)
	  ->  Sort  (cost=47.93..47.96 rows=11 width=121)
	        Sort Key: c
	        ->  Index Scan using sbtest3_pkey on sbtest3  (cost=0.43..47.74 rows=11 width=121)
	              Index Cond: ((id >= 8693559) AND (id <= 8693568))

table 4 : explain SELECT DISTINCT c FROM sbtest4 WHERE id BETWEEN 1136328 AND 1136337 ORDER BY c
	Unique  (cost=48.12..48.17 rows=11 width=121)
	  ->  Sort  (cost=48.12..48.15 rows=11 width=121)
	        Sort Key: c
	        ->  Index Scan using sbtest4_pkey on sbtest4  (cost=0.43..47.93 rows=11 width=121)
	              Index Cond: ((id >= 1136328) AND (id <= 1136337))

table 5 : explain SELECT DISTINCT c FROM sbtest5 WHERE id BETWEEN 9141808 AND 9141817 ORDER BY c
	Unique  (cost=44.01..44.06 rows=10 width=121)
	  ->  Sort  (cost=44.01..44.04 rows=10 width=121)
	        Sort Key: c
	        ->  Index Scan using sbtest5_pkey on sbtest5  (cost=0.43..43.85 rows=10 width=121)
	              Index Cond: ((id >= 9141808) AND (id <= 9141817))

table 6 : explain SELECT DISTINCT c FROM sbtest6 WHERE id BETWEEN 81558 AND 81567 ORDER BY c
	Unique  (cost=40.02..40.06 rows=9 width=121)
	  ->  Sort  (cost=40.02..40.04 rows=9 width=121)
	        Sort Key: c
	        ->  Index Scan using sbtest6_pkey on sbtest6  (cost=0.43..39.88 rows=9 width=121)
	              Index Cond: ((id >= 81558) AND (id <= 81567))

table 7 : explain SELECT DISTINCT c FROM sbtest7 WHERE id BETWEEN 4022548 AND 4022557 ORDER BY c
	Unique  (cost=43.96..44.01 rows=10 width=121)
	  ->  Sort  (cost=43.96..43.98 rows=10 width=121)
	        Sort Key: c
	        ->  Index Scan using sbtest7_pkey on sbtest7  (cost=0.43..43.79 rows=10 width=121)
	              Index Cond: ((id >= 4022548) AND (id <= 4022557))

table 8 : explain SELECT DISTINCT c FROM sbtest8 WHERE id BETWEEN 5332931 AND 5332940 ORDER BY c
	Unique  (cost=43.95..44.00 rows=10 width=121)
	  ->  Sort  (cost=43.95..43.98 rows=10 width=121)
	        Sort Key: c
	        ->  Index Scan using sbtest8_pkey on sbtest8  (cost=0.43..43.79 rows=10 width=121)
	              Index Cond: ((id >= 5332931) AND (id <= 5332940))

for: distinct_ranges
table 1 : explain SELECT DISTINCT c FROM sbtest1 WHERE id BETWEEN 1115106 AND 1115115 ORDER BY c
	Unique  (cost=43.97..44.02 rows=10 width=121)
	  ->  Sort  (cost=43.97..43.99 rows=10 width=121)
	        Sort Key: c
	        ->  Index Scan using sbtest1_pkey on sbtest1  (cost=0.43..43.80 rows=10 width=121)
	              Index Cond: ((id >= 1115106) AND (id <= 1115115))

table 2 : explain SELECT DISTINCT c FROM sbtest2 WHERE id BETWEEN 3591611 AND 3591620 ORDER BY c
	Unique  (cost=48.00..48.06 rows=11 width=121)
	  ->  Sort  (cost=48.00..48.03 rows=11 width=121)
	        Sort Key: c
	        ->  Index Scan using sbtest2_pkey on sbtest2  (cost=0.43..47.81 rows=11 width=121)
	              Index Cond: ((id >= 3591611) AND (id <= 3591620))

table 3 : explain SELECT DISTINCT c FROM sbtest3 WHERE id BETWEEN 1707781 AND 1707790 ORDER BY c
	Unique  (cost=43.98..44.03 rows=10 width=121)
	  ->  Sort  (cost=43.98..44.00 rows=10 width=121)
	        Sort Key: c
	        ->  Index Scan using sbtest3_pkey on sbtest3  (cost=0.43..43.81 rows=10 width=121)
	              Index Cond: ((id >= 1707781) AND (id <= 1707790))

table 4 : explain SELECT DISTINCT c FROM sbtest4 WHERE id BETWEEN 9506068 AND 9506077 ORDER BY c
	Unique  (cost=48.12..48.17 rows=11 width=121)
	  ->  Sort  (cost=48.12..48.15 rows=11 width=121)
	        Sort Key: c
	        ->  Index Scan using sbtest4_pkey on sbtest4  (cost=0.43..47.93 rows=11 width=121)
	              Index Cond: ((id >= 9506068) AND (id <= 9506077))

table 5 : explain SELECT DISTINCT c FROM sbtest5 WHERE id BETWEEN 3177715 AND 3177724 ORDER BY c
	Unique  (cost=44.01..44.06 rows=10 width=121)
	  ->  Sort  (cost=44.01..44.04 rows=10 width=121)
	        Sort Key: c
	        ->  Index Scan using sbtest5_pkey on sbtest5  (cost=0.43..43.85 rows=10 width=121)
	              Index Cond: ((id >= 3177715) AND (id <= 3177724))

table 6 : explain SELECT DISTINCT c FROM sbtest6 WHERE id BETWEEN 1636123 AND 1636132 ORDER BY c
	Unique  (cost=43.97..44.02 rows=10 width=121)
	  ->  Sort  (cost=43.97..44.00 rows=10 width=121)
	        Sort Key: c
	        ->  Index Scan using sbtest6_pkey on sbtest6  (cost=0.43..43.80 rows=10 width=121)
	              Index Cond: ((id >= 1636123) AND (id <= 1636132))

table 7 : explain SELECT DISTINCT c FROM sbtest7 WHERE id BETWEEN 9405885 AND 9405894 ORDER BY c
	Unique  (cost=40.01..40.05 rows=9 width=121)
	  ->  Sort  (cost=40.01..40.03 rows=9 width=121)
	        Sort Key: c
	        ->  Index Scan using sbtest7_pkey on sbtest7  (cost=0.43..39.87 rows=9 width=121)
	              Index Cond: ((id >= 9405885) AND (id <= 9405894))

table 8 : explain SELECT DISTINCT c FROM sbtest8 WHERE id BETWEEN 2163125 AND 2163134 ORDER BY c
	Unique  (cost=47.90..47.96 rows=11 width=121)
	  ->  Sort  (cost=47.90..47.93 rows=11 width=121)
	        Sort Key: c
	        ->  Index Scan using sbtest8_pkey on sbtest8  (cost=0.43..47.71 rows=11 width=121)
	              Index Cond: ((id >= 2163125) AND (id <= 2163134))

for: distinct_ranges
table 1 : explain SELECT DISTINCT c FROM sbtest1 WHERE id BETWEEN 7902591 AND 7902600 ORDER BY c
	Unique  (cost=43.97..44.02 rows=10 width=121)
	  ->  Sort  (cost=43.97..43.99 rows=10 width=121)
	        Sort Key: c
	        ->  Index Scan using sbtest1_pkey on sbtest1  (cost=0.43..43.80 rows=10 width=121)
	              Index Cond: ((id >= 7902591) AND (id <= 7902600))

table 2 : explain SELECT DISTINCT c FROM sbtest2 WHERE id BETWEEN 9252927 AND 9252936 ORDER BY c
	Unique  (cost=48.00..48.06 rows=11 width=121)
	  ->  Sort  (cost=48.00..48.03 rows=11 width=121)
	        Sort Key: c
	        ->  Index Scan using sbtest2_pkey on sbtest2  (cost=0.43..47.81 rows=11 width=121)
	              Index Cond: ((id >= 9252927) AND (id <= 9252936))

table 3 : explain SELECT DISTINCT c FROM sbtest3 WHERE id BETWEEN 816011 AND 816020 ORDER BY c
	Unique  (cost=43.98..44.03 rows=10 width=121)
	  ->  Sort  (cost=43.98..44.00 rows=10 width=121)
	        Sort Key: c
	        ->  Index Scan using sbtest3_pkey on sbtest3  (cost=0.43..43.81 rows=10 width=121)
	              Index Cond: ((id >= 816011) AND (id <= 816020))

table 4 : explain SELECT DISTINCT c FROM sbtest4 WHERE id BETWEEN 6336656 AND 6336665 ORDER BY c
	Unique  (cost=48.12..48.17 rows=11 width=121)
	  ->  Sort  (cost=48.12..48.15 rows=11 width=121)
	        Sort Key: c
	        ->  Index Scan using sbtest4_pkey on sbtest4  (cost=0.43..47.93 rows=11 width=121)
	              Index Cond: ((id >= 6336656) AND (id <= 6336665))

table 5 : explain SELECT DISTINCT c FROM sbtest5 WHERE id BETWEEN 8414785 AND 8414794 ORDER BY c
	Unique  (cost=44.01..44.06 rows=10 width=121)
	  ->  Sort  (cost=44.01..44.04 rows=10 width=121)
	        Sort Key: c
	        ->  Index Scan using sbtest5_pkey on sbtest5  (cost=0.43..43.85 rows=10 width=121)
	              Index Cond: ((id >= 8414785) AND (id <= 8414794))

table 6 : explain SELECT DISTINCT c FROM sbtest6 WHERE id BETWEEN 7963844 AND 7963853 ORDER BY c
	Unique  (cost=40.02..40.06 rows=9 width=121)
	  ->  Sort  (cost=40.02..40.04 rows=9 width=121)
	        Sort Key: c
	        ->  Index Scan using sbtest6_pkey on sbtest6  (cost=0.43..39.88 rows=9 width=121)
	              Index Cond: ((id >= 7963844) AND (id <= 7963853))

table 7 : explain SELECT DISTINCT c FROM sbtest7 WHERE id BETWEEN 8008234 AND 8008243 ORDER BY c
	Unique  (cost=43.96..44.01 rows=10 width=121)
	  ->  Sort  (cost=43.96..43.98 rows=10 width=121)
	        Sort Key: c
	        ->  Index Scan using sbtest7_pkey on sbtest7  (cost=0.43..43.79 rows=10 width=121)
	              Index Cond: ((id >= 8008234) AND (id <= 8008243))

table 8 : explain SELECT DISTINCT c FROM sbtest8 WHERE id BETWEEN 3700753 AND 3700762 ORDER BY c
	Unique  (cost=43.95..44.00 rows=10 width=121)
	  ->  Sort  (cost=43.95..43.98 rows=10 width=121)
	        Sort Key: c
	        ->  Index Scan using sbtest8_pkey on sbtest8  (cost=0.43..43.79 rows=10 width=121)
	              Index Cond: ((id >= 3700753) AND (id <= 3700762))

for: distinct_ranges
table 1 : explain SELECT DISTINCT c FROM sbtest1 WHERE id BETWEEN 4345248 AND 4345257 ORDER BY c
	Unique  (cost=43.97..44.02 rows=10 width=121)
	  ->  Sort  (cost=43.97..43.99 rows=10 width=121)
	        Sort Key: c
	        ->  Index Scan using sbtest1_pkey on sbtest1  (cost=0.43..43.80 rows=10 width=121)
	              Index Cond: ((id >= 4345248) AND (id <= 4345257))

table 2 : explain SELECT DISTINCT c FROM sbtest2 WHERE id BETWEEN 9190349 AND 9190358 ORDER BY c
	Unique  (cost=44.04..44.09 rows=10 width=121)
	  ->  Sort  (cost=44.04..44.07 rows=10 width=121)
	        Sort Key: c
	        ->  Index Scan using sbtest2_pkey on sbtest2  (cost=0.43..43.88 rows=10 width=121)
	              Index Cond: ((id >= 9190349) AND (id <= 9190358))

table 3 : explain SELECT DISTINCT c FROM sbtest3 WHERE id BETWEEN 4093294 AND 4093303 ORDER BY c
	Unique  (cost=43.98..44.03 rows=10 width=121)
	  ->  Sort  (cost=43.98..44.00 rows=10 width=121)
	        Sort Key: c
	        ->  Index Scan using sbtest3_pkey on sbtest3  (cost=0.43..43.81 rows=10 width=121)
	              Index Cond: ((id >= 4093294) AND (id <= 4093303))

table 4 : explain SELECT DISTINCT c FROM sbtest4 WHERE id BETWEEN 5665675 AND 5665684 ORDER BY c
	Unique  (cost=44.15..44.20 rows=10 width=121)
	  ->  Sort  (cost=44.15..44.17 rows=10 width=121)
	        Sort Key: c
	        ->  Index Scan using sbtest4_pkey on sbtest4  (cost=0.43..43.98 rows=10 width=121)
	              Index Cond: ((id >= 5665675) AND (id <= 5665684))

table 5 : explain SELECT DISTINCT c FROM sbtest5 WHERE id BETWEEN 4565860 AND 4565869 ORDER BY c
	Unique  (cost=47.97..48.02 rows=11 width=121)
	  ->  Sort  (cost=47.97..48.00 rows=11 width=121)
	        Sort Key: c
	        ->  Index Scan using sbtest5_pkey on sbtest5  (cost=0.43..47.78 rows=11 width=121)
	              Index Cond: ((id >= 4565860) AND (id <= 4565869))

table 6 : explain SELECT DISTINCT c FROM sbtest6 WHERE id BETWEEN 3057522 AND 3057531 ORDER BY c
	Unique  (cost=43.97..44.02 rows=10 width=121)
	  ->  Sort  (cost=43.97..44.00 rows=10 width=121)
	        Sort Key: c
	        ->  Index Scan using sbtest6_pkey on sbtest6  (cost=0.43..43.80 rows=10 width=121)
	              Index Cond: ((id >= 3057522) AND (id <= 3057531))

table 7 : explain SELECT DISTINCT c FROM sbtest7 WHERE id BETWEEN 4439477 AND 4439486 ORDER BY c
	Unique  (cost=47.91..47.96 rows=11 width=121)
	  ->  Sort  (cost=47.91..47.94 rows=11 width=121)
	        Sort Key: c
	        ->  Index Scan using sbtest7_pkey on sbtest7  (cost=0.43..47.72 rows=11 width=121)
	              Index Cond: ((id >= 4439477) AND (id <= 4439486))

table 8 : explain SELECT DISTINCT c FROM sbtest8 WHERE id BETWEEN 8329003 AND 8329012 ORDER BY c
	Unique  (cost=40.00..40.05 rows=9 width=121)
	  ->  Sort  (cost=40.00..40.03 rows=9 width=121)
	        Sort Key: c
	        ->  Index Scan using sbtest8_pkey on sbtest8  (cost=0.43..39.86 rows=9 width=121)
	              Index Cond: ((id >= 8329003) AND (id <= 8329012))

for: distinct_ranges
table 1 : explain SELECT DISTINCT c FROM sbtest1 WHERE id BETWEEN 1192660 AND 1192669 ORDER BY c
	Unique  (cost=43.97..44.02 rows=10 width=121)
	  ->  Sort  (cost=43.97..43.99 rows=10 width=121)
	        Sort Key: c
	        ->  Index Scan using sbtest1_pkey on sbtest1  (cost=0.43..43.80 rows=10 width=121)
	              Index Cond: ((id >= 1192660) AND (id <= 1192669))

table 2 : explain SELECT DISTINCT c FROM sbtest2 WHERE id BETWEEN 9895343 AND 9895352 ORDER BY c
	Unique  (cost=44.04..44.09 rows=10 width=121)
	  ->  Sort  (cost=44.04..44.07 rows=10 width=121)
	        Sort Key: c
	        ->  Index Scan using sbtest2_pkey on sbtest2  (cost=0.43..43.88 rows=10 width=121)
	              Index Cond: ((id >= 9895343) AND (id <= 9895352))

table 3 : explain SELECT DISTINCT c FROM sbtest3 WHERE id BETWEEN 5143811 AND 5143820 ORDER BY c
	Unique  (cost=47.93..47.98 rows=11 width=121)
	  ->  Sort  (cost=47.93..47.96 rows=11 width=121)
	        Sort Key: c
	        ->  Index Scan using sbtest3_pkey on sbtest3  (cost=0.43..47.74 rows=11 width=121)
	              Index Cond: ((id >= 5143811) AND (id <= 5143820))

table 4 : explain SELECT DISTINCT c FROM sbtest4 WHERE id BETWEEN 8932866 AND 8932875 ORDER BY c
	Unique  (cost=44.15..44.20 rows=10 width=121)
	  ->  Sort  (cost=44.15..44.17 rows=10 width=121)
	        Sort Key: c
	        ->  Index Scan using sbtest4_pkey on sbtest4  (cost=0.43..43.98 rows=10 width=121)
	              Index Cond: ((id >= 8932866) AND (id <= 8932875))

table 5 : explain SELECT DISTINCT c FROM sbtest5 WHERE id BETWEEN 7111915 AND 7111924 ORDER BY c
	Unique  (cost=44.01..44.06 rows=10 width=121)
	  ->  Sort  (cost=44.01..44.04 rows=10 width=121)
	        Sort Key: c
	        ->  Index Scan using sbtest5_pkey on sbtest5  (cost=0.43..43.85 rows=10 width=121)
	              Index Cond: ((id >= 7111915) AND (id <= 7111924))

table 6 : explain SELECT DISTINCT c FROM sbtest6 WHERE id BETWEEN 2201018 AND 2201027 ORDER BY c
	Unique  (cost=43.97..44.02 rows=10 width=121)
	  ->  Sort  (cost=43.97..44.00 rows=10 width=121)
	        Sort Key: c
	        ->  Index Scan using sbtest6_pkey on sbtest6  (cost=0.43..43.80 rows=10 width=121)
	              Index Cond: ((id >= 2201018) AND (id <= 2201027))

table 7 : explain SELECT DISTINCT c FROM sbtest7 WHERE id BETWEEN 7093588 AND 7093597 ORDER BY c
	Unique  (cost=40.01..40.05 rows=9 width=121)
	  ->  Sort  (cost=40.01..40.03 rows=9 width=121)
	        Sort Key: c
	        ->  Index Scan using sbtest7_pkey on sbtest7  (cost=0.43..39.87 rows=9 width=121)
	              Index Cond: ((id >= 7093588) AND (id <= 7093597))

table 8 : explain SELECT DISTINCT c FROM sbtest8 WHERE id BETWEEN 7146651 AND 7146660 ORDER BY c
	Unique  (cost=51.85..51.91 rows=12 width=121)
	  ->  Sort  (cost=51.85..51.88 rows=12 width=121)
	        Sort Key: c
	        ->  Index Scan using sbtest8_pkey on sbtest8  (cost=0.43..51.64 rows=12 width=121)
	              Index Cond: ((id >= 7146651) AND (id <= 7146660))

for: order_ranges
table 1 : explain SELECT c FROM sbtest1 WHERE id BETWEEN 514264 AND 514273 ORDER BY c
	Sort  (cost=40.02..40.04 rows=9 width=121)
	  Sort Key: c
	  ->  Index Scan using sbtest1_pkey on sbtest1  (cost=0.43..39.87 rows=9 width=121)
	        Index Cond: ((id >= 514264) AND (id <= 514273))

table 2 : explain SELECT c FROM sbtest2 WHERE id BETWEEN 6838570 AND 6838579 ORDER BY c
	Sort  (cost=44.04..44.07 rows=10 width=121)
	  Sort Key: c
	  ->  Index Scan using sbtest2_pkey on sbtest2  (cost=0.43..43.88 rows=10 width=121)
	        Index Cond: ((id >= 6838570) AND (id <= 6838579))

table 3 : explain SELECT c FROM sbtest3 WHERE id BETWEEN 4052471 AND 4052480 ORDER BY c
	Sort  (cost=43.98..44.00 rows=10 width=121)
	  Sort Key: c
	  ->  Index Scan using sbtest3_pkey on sbtest3  (cost=0.43..43.81 rows=10 width=121)
	        Index Cond: ((id >= 4052471) AND (id <= 4052480))

table 4 : explain SELECT c FROM sbtest4 WHERE id BETWEEN 9300788 AND 9300797 ORDER BY c
	Sort  (cost=44.15..44.17 rows=10 width=121)
	  Sort Key: c
	  ->  Index Scan using sbtest4_pkey on sbtest4  (cost=0.43..43.98 rows=10 width=121)
	        Index Cond: ((id >= 9300788) AND (id <= 9300797))

table 5 : explain SELECT c FROM sbtest5 WHERE id BETWEEN 2622179 AND 2622188 ORDER BY c
	Sort  (cost=44.01..44.04 rows=10 width=121)
	  Sort Key: c
	  ->  Index Scan using sbtest5_pkey on sbtest5  (cost=0.43..43.85 rows=10 width=121)
	        Index Cond: ((id >= 2622179) AND (id <= 2622188))

table 6 : explain SELECT c FROM sbtest6 WHERE id BETWEEN 2076097 AND 2076106 ORDER BY c
	Sort  (cost=43.97..44.00 rows=10 width=121)
	  Sort Key: c
	  ->  Index Scan using sbtest6_pkey on sbtest6  (cost=0.43..43.80 rows=10 width=121)
	        Index Cond: ((id >= 2076097) AND (id <= 2076106))

table 7 : explain SELECT c FROM sbtest7 WHERE id BETWEEN 8820889 AND 8820898 ORDER BY c
	Sort  (cost=43.96..43.98 rows=10 width=121)
	  Sort Key: c
	  ->  Index Scan using sbtest7_pkey on sbtest7  (cost=0.43..43.79 rows=10 width=121)
	        Index Cond: ((id >= 8820889) AND (id <= 8820898))

table 8 : explain SELECT c FROM sbtest8 WHERE id BETWEEN 8926224 AND 8926233 ORDER BY c
	Sort  (cost=47.90..47.93 rows=11 width=121)
	  Sort Key: c
	  ->  Index Scan using sbtest8_pkey on sbtest8  (cost=0.43..47.71 rows=11 width=121)
	        Index Cond: ((id >= 8926224) AND (id <= 8926233))

for: distinct_ranges
table 1 : explain SELECT DISTINCT c FROM sbtest1 WHERE id BETWEEN 4069333 AND 4069342 ORDER BY c
	Unique  (cost=43.97..44.02 rows=10 width=121)
	  ->  Sort  (cost=43.97..43.99 rows=10 width=121)
	        Sort Key: c
	        ->  Index Scan using sbtest1_pkey on sbtest1  (cost=0.43..43.80 rows=10 width=121)
	              Index Cond: ((id >= 4069333) AND (id <= 4069342))

table 2 : explain SELECT DISTINCT c FROM sbtest2 WHERE id BETWEEN 4021643 AND 4021652 ORDER BY c
	Unique  (cost=44.04..44.09 rows=10 width=121)
	  ->  Sort  (cost=44.04..44.07 rows=10 width=121)
	        Sort Key: c
	        ->  Index Scan using sbtest2_pkey on sbtest2  (cost=0.43..43.88 rows=10 width=121)
	              Index Cond: ((id >= 4021643) AND (id <= 4021652))

table 3 : explain SELECT DISTINCT c FROM sbtest3 WHERE id BETWEEN 2022378 AND 2022387 ORDER BY c
	Unique  (cost=43.98..44.03 rows=10 width=121)
	  ->  Sort  (cost=43.98..44.00 rows=10 width=121)
	        Sort Key: c
	        ->  Index Scan using sbtest3_pkey on sbtest3  (cost=0.43..43.81 rows=10 width=121)
	              Index Cond: ((id >= 2022378) AND (id <= 2022387))

table 4 : explain SELECT DISTINCT c FROM sbtest4 WHERE id BETWEEN 5429126 AND 5429135 ORDER BY c
	Unique  (cost=48.12..48.17 rows=11 width=121)
	  ->  Sort  (cost=48.12..48.15 rows=11 width=121)
	        Sort Key: c
	        ->  Index Scan using sbtest4_pkey on sbtest4  (cost=0.43..47.93 rows=11 width=121)
	              Index Cond: ((id >= 5429126) AND (id <= 5429135))

table 5 : explain SELECT DISTINCT c FROM sbtest5 WHERE id BETWEEN 9104636 AND 9104645 ORDER BY c
	Unique  (cost=44.01..44.06 rows=10 width=121)
	  ->  Sort  (cost=44.01..44.04 rows=10 width=121)
	        Sort Key: c
	        ->  Index Scan using sbtest5_pkey on sbtest5  (cost=0.43..43.85 rows=10 width=121)
	              Index Cond: ((id >= 9104636) AND (id <= 9104645))

table 6 : explain SELECT DISTINCT c FROM sbtest6 WHERE id BETWEEN 3212338 AND 3212347 ORDER BY c
	Unique  (cost=47.92..47.98 rows=11 width=121)
	  ->  Sort  (cost=47.92..47.95 rows=11 width=121)
	        Sort Key: c
	        ->  Index Scan using sbtest6_pkey on sbtest6  (cost=0.43..47.73 rows=11 width=121)
	              Index Cond: ((id >= 3212338) AND (id <= 3212347))

table 7 : explain SELECT DISTINCT c FROM sbtest7 WHERE id BETWEEN 4625673 AND 4625682 ORDER BY c
	Unique  (cost=43.96..44.01 rows=10 width=121)
	  ->  Sort  (cost=43.96..43.98 rows=10 width=121)
	        Sort Key: c
	        ->  Index Scan using sbtest7_pkey on sbtest7  (cost=0.43..43.79 rows=10 width=121)
	              Index Cond: ((id >= 4625673) AND (id <= 4625682))

table 8 : explain SELECT DISTINCT c FROM sbtest8 WHERE id BETWEEN 9057075 AND 9057084 ORDER BY c
	Unique  (cost=43.95..44.00 rows=10 width=121)
	  ->  Sort  (cost=43.95..43.98 rows=10 width=121)
	        Sort Key: c
	        ->  Index Scan using sbtest8_pkey on sbtest8  (cost=0.43..43.79 rows=10 width=121)
	              Index Cond: ((id >= 9057075) AND (id <= 9057084))

for: distinct_ranges
table 1 : explain SELECT DISTINCT c FROM sbtest1 WHERE id BETWEEN 2237281 AND 2237290 ORDER BY c
	Unique  (cost=43.97..44.02 rows=10 width=121)
	  ->  Sort  (cost=43.97..43.99 rows=10 width=121)
	        Sort Key: c
	        ->  Index Scan using sbtest1_pkey on sbtest1  (cost=0.43..43.80 rows=10 width=121)
	              Index Cond: ((id >= 2237281) AND (id <= 2237290))

table 2 : explain SELECT DISTINCT c FROM sbtest2 WHERE id BETWEEN 1929788 AND 1929797 ORDER BY c
	Unique  (cost=44.04..44.09 rows=10 width=121)
	  ->  Sort  (cost=44.04..44.07 rows=10 width=121)
	        Sort Key: c
	        ->  Index Scan using sbtest2_pkey on sbtest2  (cost=0.43..43.88 rows=10 width=121)
	              Index Cond: ((id >= 1929788) AND (id <= 1929797))

table 3 : explain SELECT DISTINCT c FROM sbtest3 WHERE id BETWEEN 4233818 AND 4233827 ORDER BY c
	Unique  (cost=43.98..44.03 rows=10 width=121)
	  ->  Sort  (cost=43.98..44.00 rows=10 width=121)
	        Sort Key: c
	        ->  Index Scan using sbtest3_pkey on sbtest3  (cost=0.43..43.81 rows=10 width=121)
	              Index Cond: ((id >= 4233818) AND (id <= 4233827))

table 4 : explain SELECT DISTINCT c FROM sbtest4 WHERE id BETWEEN 5864493 AND 5864502 ORDER BY c
	Unique  (cost=44.15..44.20 rows=10 width=121)
	  ->  Sort  (cost=44.15..44.17 rows=10 width=121)
	        Sort Key: c
	        ->  Index Scan using sbtest4_pkey on sbtest4  (cost=0.43..43.98 rows=10 width=121)
	              Index Cond: ((id >= 5864493) AND (id <= 5864502))

table 5 : explain SELECT DISTINCT c FROM sbtest5 WHERE id BETWEEN 6687439 AND 6687448 ORDER BY c
	Unique  (cost=44.01..44.06 rows=10 width=121)
	  ->  Sort  (cost=44.01..44.04 rows=10 width=121)
	        Sort Key: c
	        ->  Index Scan using sbtest5_pkey on sbtest5  (cost=0.43..43.85 rows=10 width=121)
	              Index Cond: ((id >= 6687439) AND (id <= 6687448))

table 6 : explain SELECT DISTINCT c FROM sbtest6 WHERE id BETWEEN 8998331 AND 8998340 ORDER BY c
	Unique  (cost=43.97..44.02 rows=10 width=121)
	  ->  Sort  (cost=43.97..44.00 rows=10 width=121)
	        Sort Key: c
	        ->  Index Scan using sbtest6_pkey on sbtest6  (cost=0.43..43.80 rows=10 width=121)
	              Index Cond: ((id >= 8998331) AND (id <= 8998340))

table 7 : explain SELECT DISTINCT c FROM sbtest7 WHERE id BETWEEN 1792137 AND 1792146 ORDER BY c
	Unique  (cost=40.01..40.05 rows=9 width=121)
	  ->  Sort  (cost=40.01..40.03 rows=9 width=121)
	        Sort Key: c
	        ->  Index Scan using sbtest7_pkey on sbtest7  (cost=0.43..39.87 rows=9 width=121)
	              Index Cond: ((id >= 1792137) AND (id <= 1792146))

table 8 : explain SELECT DISTINCT c FROM sbtest8 WHERE id BETWEEN 6429098 AND 6429107 ORDER BY c
	Unique  (cost=47.90..47.96 rows=11 width=121)
	  ->  Sort  (cost=47.90..47.93 rows=11 width=121)
	        Sort Key: c
	        ->  Index Scan using sbtest8_pkey on sbtest8  (cost=0.43..47.71 rows=11 width=121)
	              Index Cond: ((id >= 6429098) AND (id <= 6429107))

for: distinct_ranges
table 1 : explain SELECT DISTINCT c FROM sbtest1 WHERE id BETWEEN 8822975 AND 8822984 ORDER BY c
	Unique  (cost=43.97..44.02 rows=10 width=121)
	  ->  Sort  (cost=43.97..43.99 rows=10 width=121)
	        Sort Key: c
	        ->  Index Scan using sbtest1_pkey on sbtest1  (cost=0.43..43.80 rows=10 width=121)
	              Index Cond: ((id >= 8822975) AND (id <= 8822984))

table 2 : explain SELECT DISTINCT c FROM sbtest2 WHERE id BETWEEN 6986273 AND 6986282 ORDER BY c
	Unique  (cost=40.09..40.13 rows=9 width=121)
	  ->  Sort  (cost=40.09..40.11 rows=9 width=121)
	        Sort Key: c
	        ->  Index Scan using sbtest2_pkey on sbtest2  (cost=0.43..39.94 rows=9 width=121)
	              Index Cond: ((id >= 6986273) AND (id <= 6986282))

table 3 : explain SELECT DISTINCT c FROM sbtest3 WHERE id BETWEEN 3804911 AND 3804920 ORDER BY c
	Unique  (cost=43.98..44.03 rows=10 width=121)
	  ->  Sort  (cost=43.98..44.00 rows=10 width=121)
	        Sort Key: c
	        ->  Index Scan using sbtest3_pkey on sbtest3  (cost=0.43..43.81 rows=10 width=121)
	              Index Cond: ((id >= 3804911) AND (id <= 3804920))

table 4 : explain SELECT DISTINCT c FROM sbtest4 WHERE id BETWEEN 4194957 AND 4194966 ORDER BY c
	Unique  (cost=48.12..48.17 rows=11 width=121)
	  ->  Sort  (cost=48.12..48.15 rows=11 width=121)
	        Sort Key: c
	        ->  Index Scan using sbtest4_pkey on sbtest4  (cost=0.43..47.93 rows=11 width=121)
	              Index Cond: ((id >= 4194957) AND (id <= 4194966))

table 5 : explain SELECT DISTINCT c FROM sbtest5 WHERE id BETWEEN 2026261 AND 2026270 ORDER BY c
	Unique  (cost=40.06..40.10 rows=9 width=121)
	  ->  Sort  (cost=40.06..40.08 rows=9 width=121)
	        Sort Key: c
	        ->  Index Scan using sbtest5_pkey on sbtest5  (cost=0.43..39.91 rows=9 width=121)
	              Index Cond: ((id >= 2026261) AND (id <= 2026270))

table 6 : explain SELECT DISTINCT c FROM sbtest6 WHERE id BETWEEN 839456 AND 839465 ORDER BY c
	Unique  (cost=43.97..44.02 rows=10 width=121)
	  ->  Sort  (cost=43.97..44.00 rows=10 width=121)
	        Sort Key: c
	        ->  Index Scan using sbtest6_pkey on sbtest6  (cost=0.43..43.80 rows=10 width=121)
	              Index Cond: ((id >= 839456) AND (id <= 839465))

table 7 : explain SELECT DISTINCT c FROM sbtest7 WHERE id BETWEEN 22208 AND 22217 ORDER BY c
	Unique  (cost=40.01..40.05 rows=9 width=121)
	  ->  Sort  (cost=40.01..40.03 rows=9 width=121)
	        Sort Key: c
	        ->  Index Scan using sbtest7_pkey on sbtest7  (cost=0.43..39.87 rows=9 width=121)
	              Index Cond: ((id >= 22208) AND (id <= 22217))

table 8 : explain SELECT DISTINCT c FROM sbtest8 WHERE id BETWEEN 9625649 AND 9625658 ORDER BY c
	Unique  (cost=40.00..40.05 rows=9 width=121)
	  ->  Sort  (cost=40.00..40.03 rows=9 width=121)
	        Sort Key: c
	        ->  Index Scan using sbtest8_pkey on sbtest8  (cost=0.43..39.86 rows=9 width=121)
	              Index Cond: ((id >= 9625649) AND (id <= 9625658))

for: distinct_ranges
table 1 : explain SELECT DISTINCT c FROM sbtest1 WHERE id BETWEEN 7422805 AND 7422814 ORDER BY c
	Unique  (cost=43.97..44.02 rows=10 width=121)
	  ->  Sort  (cost=43.97..43.99 rows=10 width=121)
	        Sort Key: c
	        ->  Index Scan using sbtest1_pkey on sbtest1  (cost=0.43..43.80 rows=10 width=121)
	              Index Cond: ((id >= 7422805) AND (id <= 7422814))

table 2 : explain SELECT DISTINCT c FROM sbtest2 WHERE id BETWEEN 6101138 AND 6101147 ORDER BY c
	Unique  (cost=44.04..44.09 rows=10 width=121)
	  ->  Sort  (cost=44.04..44.07 rows=10 width=121)
	        Sort Key: c
	        ->  Index Scan using sbtest2_pkey on sbtest2  (cost=0.43..43.88 rows=10 width=121)
	              Index Cond: ((id >= 6101138) AND (id <= 6101147))

table 3 : explain SELECT DISTINCT c FROM sbtest3 WHERE id BETWEEN 6953450 AND 6953459 ORDER BY c
	Unique  (cost=47.93..47.98 rows=11 width=121)
	  ->  Sort  (cost=47.93..47.96 rows=11 width=121)
	        Sort Key: c
	        ->  Index Scan using sbtest3_pkey on sbtest3  (cost=0.43..47.74 rows=11 width=121)
	              Index Cond: ((id >= 6953450) AND (id <= 6953459))

table 4 : explain SELECT DISTINCT c FROM sbtest4 WHERE id BETWEEN 6858442 AND 6858451 ORDER BY c
	Unique  (cost=44.15..44.20 rows=10 width=121)
	  ->  Sort  (cost=44.15..44.17 rows=10 width=121)
	        Sort Key: c
	        ->  Index Scan using sbtest4_pkey on sbtest4  (cost=0.43..43.98 rows=10 width=121)
	              Index Cond: ((id >= 6858442) AND (id <= 6858451))

table 5 : explain SELECT DISTINCT c FROM sbtest5 WHERE id BETWEEN 3255482 AND 3255491 ORDER BY c
	Unique  (cost=44.01..44.06 rows=10 width=121)
	  ->  Sort  (cost=44.01..44.04 rows=10 width=121)
	        Sort Key: c
	        ->  Index Scan using sbtest5_pkey on sbtest5  (cost=0.43..43.85 rows=10 width=121)
	              Index Cond: ((id >= 3255482) AND (id <= 3255491))

table 6 : explain SELECT DISTINCT c FROM sbtest6 WHERE id BETWEEN 666899 AND 666908 ORDER BY c
	Unique  (cost=40.02..40.06 rows=9 width=121)
	  ->  Sort  (cost=40.02..40.04 rows=9 width=121)
	        Sort Key: c
	        ->  Index Scan using sbtest6_pkey on sbtest6  (cost=0.43..39.88 rows=9 width=121)
	              Index Cond: ((id >= 666899) AND (id <= 666908))

table 7 : explain SELECT DISTINCT c FROM sbtest7 WHERE id BETWEEN 2329447 AND 2329456 ORDER BY c
	Unique  (cost=43.96..44.01 rows=10 width=121)
	  ->  Sort  (cost=43.96..43.98 rows=10 width=121)
	        Sort Key: c
	        ->  Index Scan using sbtest7_pkey on sbtest7  (cost=0.43..43.79 rows=10 width=121)
	              Index Cond: ((id >= 2329447) AND (id <= 2329456))

table 8 : explain SELECT DISTINCT c FROM sbtest8 WHERE id BETWEEN 5730206 AND 5730215 ORDER BY c
	Unique  (cost=47.90..47.96 rows=11 width=121)
	  ->  Sort  (cost=47.90..47.93 rows=11 width=121)
	        Sort Key: c
	        ->  Index Scan using sbtest8_pkey on sbtest8  (cost=0.43..47.71 rows=11 width=121)
	              Index Cond: ((id >= 5730206) AND (id <= 5730215))

for: distinct_ranges
table 1 : explain SELECT DISTINCT c FROM sbtest1 WHERE id BETWEEN 5666289 AND 5666298 ORDER BY c
	Unique  (cost=47.92..47.98 rows=11 width=121)
	  ->  Sort  (cost=47.92..47.95 rows=11 width=121)
	        Sort Key: c
	        ->  Index Scan using sbtest1_pkey on sbtest1  (cost=0.43..47.73 rows=11 width=121)
	              Index Cond: ((id >= 5666289) AND (id <= 5666298))

table 2 : explain SELECT DISTINCT c FROM sbtest2 WHERE id BETWEEN 3278325 AND 3278334 ORDER BY c
	Unique  (cost=44.04..44.09 rows=10 width=121)
	  ->  Sort  (cost=44.04..44.07 rows=10 width=121)
	        Sort Key: c
	        ->  Index Scan using sbtest2_pkey on sbtest2  (cost=0.43..43.88 rows=10 width=121)
	              Index Cond: ((id >= 3278325) AND (id <= 3278334))

table 3 : explain SELECT DISTINCT c FROM sbtest3 WHERE id BETWEEN 2118313 AND 2118322 ORDER BY c
	Unique  (cost=43.98..44.03 rows=10 width=121)
	  ->  Sort  (cost=43.98..44.00 rows=10 width=121)
	        Sort Key: c
	        ->  Index Scan using sbtest3_pkey on sbtest3  (cost=0.43..43.81 rows=10 width=121)
	              Index Cond: ((id >= 2118313) AND (id <= 2118322))

table 4 : explain SELECT DISTINCT c FROM sbtest4 WHERE id BETWEEN 1852366 AND 1852375 ORDER BY c
	Unique  (cost=44.15..44.20 rows=10 width=121)
	  ->  Sort  (cost=44.15..44.17 rows=10 width=121)
	        Sort Key: c
	        ->  Index Scan using sbtest4_pkey on sbtest4  (cost=0.43..43.98 rows=10 width=121)
	              Index Cond: ((id >= 1852366) AND (id <= 1852375))

table 5 : explain SELECT DISTINCT c FROM sbtest5 WHERE id BETWEEN 8400659 AND 8400668 ORDER BY c
	Unique  (cost=44.01..44.06 rows=10 width=121)
	  ->  Sort  (cost=44.01..44.04 rows=10 width=121)
	        Sort Key: c
	        ->  Index Scan using sbtest5_pkey on sbtest5  (cost=0.43..43.85 rows=10 width=121)
	              Index Cond: ((id >= 8400659) AND (id <= 8400668))

table 6 : explain SELECT DISTINCT c FROM sbtest6 WHERE id BETWEEN 7915557 AND 7915566 ORDER BY c
	Unique  (cost=40.02..40.06 rows=9 width=121)
	  ->  Sort  (cost=40.02..40.04 rows=9 width=121)
	        Sort Key: c
	        ->  Index Scan using sbtest6_pkey on sbtest6  (cost=0.43..39.88 rows=9 width=121)
	              Index Cond: ((id >= 7915557) AND (id <= 7915566))

table 7 : explain SELECT DISTINCT c FROM sbtest7 WHERE id BETWEEN 2474752 AND 2474761 ORDER BY c
	Unique  (cost=43.96..44.01 rows=10 width=121)
	  ->  Sort  (cost=43.96..43.98 rows=10 width=121)
	        Sort Key: c
	        ->  Index Scan using sbtest7_pkey on sbtest7  (cost=0.43..43.79 rows=10 width=121)
	              Index Cond: ((id >= 2474752) AND (id <= 2474761))

table 8 : explain SELECT DISTINCT c FROM sbtest8 WHERE id BETWEEN 1788302 AND 1788311 ORDER BY c
	Unique  (cost=43.95..44.00 rows=10 width=121)
	  ->  Sort  (cost=43.95..43.98 rows=10 width=121)
	        Sort Key: c
	        ->  Index Scan using sbtest8_pkey on sbtest8  (cost=0.43..43.79 rows=10 width=121)
	              Index Cond: ((id >= 1788302) AND (id <= 1788311))

for: distinct_ranges
table 1 : explain SELECT DISTINCT c FROM sbtest1 WHERE id BETWEEN 7124938 AND 7124947 ORDER BY c
	Unique  (cost=43.97..44.02 rows=10 width=121)
	  ->  Sort  (cost=43.97..43.99 rows=10 width=121)
	        Sort Key: c
	        ->  Index Scan using sbtest1_pkey on sbtest1  (cost=0.43..43.80 rows=10 width=121)
	              Index Cond: ((id >= 7124938) AND (id <= 7124947))

table 2 : explain SELECT DISTINCT c FROM sbtest2 WHERE id BETWEEN 1316104 AND 1316113 ORDER BY c
	Unique  (cost=44.04..44.09 rows=10 width=121)
	  ->  Sort  (cost=44.04..44.07 rows=10 width=121)
	        Sort Key: c
	        ->  Index Scan using sbtest2_pkey on sbtest2  (cost=0.43..43.88 rows=10 width=121)
	              Index Cond: ((id >= 1316104) AND (id <= 1316113))

table 3 : explain SELECT DISTINCT c FROM sbtest3 WHERE id BETWEEN 4190430 AND 4190439 ORDER BY c
	Unique  (cost=43.98..44.03 rows=10 width=121)
	  ->  Sort  (cost=43.98..44.00 rows=10 width=121)
	        Sort Key: c
	        ->  Index Scan using sbtest3_pkey on sbtest3  (cost=0.43..43.81 rows=10 width=121)
	              Index Cond: ((id >= 4190430) AND (id <= 4190439))

table 4 : explain SELECT DISTINCT c FROM sbtest4 WHERE id BETWEEN 3654718 AND 3654727 ORDER BY c
	Unique  (cost=44.15..44.20 rows=10 width=121)
	  ->  Sort  (cost=44.15..44.17 rows=10 width=121)
	        Sort Key: c
	        ->  Index Scan using sbtest4_pkey on sbtest4  (cost=0.43..43.98 rows=10 width=121)
	              Index Cond: ((id >= 3654718) AND (id <= 3654727))

table 5 : explain SELECT DISTINCT c FROM sbtest5 WHERE id BETWEEN 9791998 AND 9792007 ORDER BY c
	Unique  (cost=44.01..44.06 rows=10 width=121)
	  ->  Sort  (cost=44.01..44.04 rows=10 width=121)
	        Sort Key: c
	        ->  Index Scan using sbtest5_pkey on sbtest5  (cost=0.43..43.85 rows=10 width=121)
	              Index Cond: ((id >= 9791998) AND (id <= 9792007))

table 6 : explain SELECT DISTINCT c FROM sbtest6 WHERE id BETWEEN 864409 AND 864418 ORDER BY c
	Unique  (cost=43.97..44.02 rows=10 width=121)
	  ->  Sort  (cost=43.97..44.00 rows=10 width=121)
	        Sort Key: c
	        ->  Index Scan using sbtest6_pkey on sbtest6  (cost=0.43..43.80 rows=10 width=121)
	              Index Cond: ((id >= 864409) AND (id <= 864418))

table 7 : explain SELECT DISTINCT c FROM sbtest7 WHERE id BETWEEN 1161713 AND 1161722 ORDER BY c
	Unique  (cost=43.96..44.01 rows=10 width=121)
	  ->  Sort  (cost=43.96..43.98 rows=10 width=121)
	        Sort Key: c
	        ->  Index Scan using sbtest7_pkey on sbtest7  (cost=0.43..43.79 rows=10 width=121)
	              Index Cond: ((id >= 1161713) AND (id <= 1161722))

table 8 : explain SELECT DISTINCT c FROM sbtest8 WHERE id BETWEEN 8178369 AND 8178378 ORDER BY c
	Unique  (cost=40.00..40.05 rows=9 width=121)
	  ->  Sort  (cost=40.00..40.03 rows=9 width=121)
	        Sort Key: c
	        ->  Index Scan using sbtest8_pkey on sbtest8  (cost=0.43..39.86 rows=9 width=121)
	              Index Cond: ((id >= 8178369) AND (id <= 8178378))

for: distinct_ranges
table 1 : explain SELECT DISTINCT c FROM sbtest1 WHERE id BETWEEN 3857607 AND 3857616 ORDER BY c
	Unique  (cost=43.97..44.02 rows=10 width=121)
	  ->  Sort  (cost=43.97..43.99 rows=10 width=121)
	        Sort Key: c
	        ->  Index Scan using sbtest1_pkey on sbtest1  (cost=0.43..43.80 rows=10 width=121)
	              Index Cond: ((id >= 3857607) AND (id <= 3857616))

table 2 : explain SELECT DISTINCT c FROM sbtest2 WHERE id BETWEEN 4720742 AND 4720751 ORDER BY c
	Unique  (cost=44.04..44.09 rows=10 width=121)
	  ->  Sort  (cost=44.04..44.07 rows=10 width=121)
	        Sort Key: c
	        ->  Index Scan using sbtest2_pkey on sbtest2  (cost=0.43..43.88 rows=10 width=121)
	              Index Cond: ((id >= 4720742) AND (id <= 4720751))

table 3 : explain SELECT DISTINCT c FROM sbtest3 WHERE id BETWEEN 2008217 AND 2008226 ORDER BY c
	Unique  (cost=43.98..44.03 rows=10 width=121)
	  ->  Sort  (cost=43.98..44.00 rows=10 width=121)
	        Sort Key: c
	        ->  Index Scan using sbtest3_pkey on sbtest3  (cost=0.43..43.81 rows=10 width=121)
	              Index Cond: ((id >= 2008217) AND (id <= 2008226))

table 4 : explain SELECT DISTINCT c FROM sbtest4 WHERE id BETWEEN 6273222 AND 6273231 ORDER BY c
	Unique  (cost=44.15..44.20 rows=10 width=121)
	  ->  Sort  (cost=44.15..44.17 rows=10 width=121)
	        Sort Key: c
	        ->  Index Scan using sbtest4_pkey on sbtest4  (cost=0.43..43.98 rows=10 width=121)
	              Index Cond: ((id >= 6273222) AND (id <= 6273231))

table 5 : explain SELECT DISTINCT c FROM sbtest5 WHERE id BETWEEN 3648945 AND 3648954 ORDER BY c
	Unique  (cost=44.01..44.06 rows=10 width=121)
	  ->  Sort  (cost=44.01..44.04 rows=10 width=121)
	        Sort Key: c
	        ->  Index Scan using sbtest5_pkey on sbtest5  (cost=0.43..43.85 rows=10 width=121)
	              Index Cond: ((id >= 3648945) AND (id <= 3648954))

table 6 : explain SELECT DISTINCT c FROM sbtest6 WHERE id BETWEEN 1783858 AND 1783867 ORDER BY c
	Unique  (cost=40.02..40.06 rows=9 width=121)
	  ->  Sort  (cost=40.02..40.04 rows=9 width=121)
	        Sort Key: c
	        ->  Index Scan using sbtest6_pkey on sbtest6  (cost=0.43..39.88 rows=9 width=121)
	              Index Cond: ((id >= 1783858) AND (id <= 1783867))

table 7 : explain SELECT DISTINCT c FROM sbtest7 WHERE id BETWEEN 2591522 AND 2591531 ORDER BY c
	Unique  (cost=43.96..44.01 rows=10 width=121)
	  ->  Sort  (cost=43.96..43.98 rows=10 width=121)
	        Sort Key: c
	        ->  Index Scan using sbtest7_pkey on sbtest7  (cost=0.43..43.79 rows=10 width=121)
	              Index Cond: ((id >= 2591522) AND (id <= 2591531))

table 8 : explain SELECT DISTINCT c FROM sbtest8 WHERE id BETWEEN 8013408 AND 8013417 ORDER BY c
	Unique  (cost=43.95..44.00 rows=10 width=121)
	  ->  Sort  (cost=43.95..43.98 rows=10 width=121)
	        Sort Key: c
	        ->  Index Scan using sbtest8_pkey on sbtest8  (cost=0.43..43.79 rows=10 width=121)
	              Index Cond: ((id >= 8013408) AND (id <= 8013417))

for: distinct_ranges
table 1 : explain SELECT DISTINCT c FROM sbtest1 WHERE id BETWEEN 1170935 AND 1170944 ORDER BY c
	Unique  (cost=43.97..44.02 rows=10 width=121)
	  ->  Sort  (cost=43.97..43.99 rows=10 width=121)
	        Sort Key: c
	        ->  Index Scan using sbtest1_pkey on sbtest1  (cost=0.43..43.80 rows=10 width=121)
	              Index Cond: ((id >= 1170935) AND (id <= 1170944))

table 2 : explain SELECT DISTINCT c FROM sbtest2 WHERE id BETWEEN 1601560 AND 1601569 ORDER BY c
	Unique  (cost=40.09..40.13 rows=9 width=121)
	  ->  Sort  (cost=40.09..40.11 rows=9 width=121)
	        Sort Key: c
	        ->  Index Scan using sbtest2_pkey on sbtest2  (cost=0.43..39.94 rows=9 width=121)
	              Index Cond: ((id >= 1601560) AND (id <= 1601569))

table 3 : explain SELECT DISTINCT c FROM sbtest3 WHERE id BETWEEN 9506148 AND 9506157 ORDER BY c
	Unique  (cost=51.88..51.94 rows=12 width=121)
	  ->  Sort  (cost=51.88..51.91 rows=12 width=121)
	        Sort Key: c
	        ->  Index Scan using sbtest3_pkey on sbtest3  (cost=0.43..51.67 rows=12 width=121)
	              Index Cond: ((id >= 9506148) AND (id <= 9506157))

table 4 : explain SELECT DISTINCT c FROM sbtest4 WHERE id BETWEEN 3756946 AND 3756955 ORDER BY c
	Unique  (cost=48.12..48.17 rows=11 width=121)
	  ->  Sort  (cost=48.12..48.15 rows=11 width=121)
	        Sort Key: c
	        ->  Index Scan using sbtest4_pkey on sbtest4  (cost=0.43..47.93 rows=11 width=121)
	              Index Cond: ((id >= 3756946) AND (id <= 3756955))

table 5 : explain SELECT DISTINCT c FROM sbtest5 WHERE id BETWEEN 4917150 AND 4917159 ORDER BY c
	Unique  (cost=44.01..44.06 rows=10 width=121)
	  ->  Sort  (cost=44.01..44.04 rows=10 width=121)
	        Sort Key: c
	        ->  Index Scan using sbtest5_pkey on sbtest5  (cost=0.43..43.85 rows=10 width=121)
	              Index Cond: ((id >= 4917150) AND (id <= 4917159))

table 6 : explain SELECT DISTINCT c FROM sbtest6 WHERE id BETWEEN 2953648 AND 2953657 ORDER BY c
	Unique  (cost=47.92..47.98 rows=11 width=121)
	  ->  Sort  (cost=47.92..47.95 rows=11 width=121)
	        Sort Key: c
	        ->  Index Scan using sbtest6_pkey on sbtest6  (cost=0.43..47.73 rows=11 width=121)
	              Index Cond: ((id >= 2953648) AND (id <= 2953657))

table 7 : explain SELECT DISTINCT c FROM sbtest7 WHERE id BETWEEN 2427173 AND 2427182 ORDER BY c
	Unique  (cost=40.01..40.05 rows=9 width=121)
	  ->  Sort  (cost=40.01..40.03 rows=9 width=121)
	        Sort Key: c
	        ->  Index Scan using sbtest7_pkey on sbtest7  (cost=0.43..39.87 rows=9 width=121)
	              Index Cond: ((id >= 2427173) AND (id <= 2427182))

table 8 : explain SELECT DISTINCT c FROM sbtest8 WHERE id BETWEEN 8137671 AND 8137680 ORDER BY c
	Unique  (cost=40.00..40.05 rows=9 width=121)
	  ->  Sort  (cost=40.00..40.03 rows=9 width=121)
	        Sort Key: c
	        ->  Index Scan using sbtest8_pkey on sbtest8  (cost=0.43..39.86 rows=9 width=121)
	              Index Cond: ((id >= 8137671) AND (id <= 8137680))

for: distinct_ranges
table 1 : explain SELECT DISTINCT c FROM sbtest1 WHERE id BETWEEN 546361 AND 546370 ORDER BY c
	Unique  (cost=40.02..40.06 rows=9 width=121)
	  ->  Sort  (cost=40.02..40.04 rows=9 width=121)
	        Sort Key: c
	        ->  Index Scan using sbtest1_pkey on sbtest1  (cost=0.43..39.87 rows=9 width=121)
	              Index Cond: ((id >= 546361) AND (id <= 546370))

table 2 : explain SELECT DISTINCT c FROM sbtest2 WHERE id BETWEEN 5230433 AND 5230442 ORDER BY c
	Unique  (cost=44.04..44.09 rows=10 width=121)
	  ->  Sort  (cost=44.04..44.07 rows=10 width=121)
	        Sort Key: c
	        ->  Index Scan using sbtest2_pkey on sbtest2  (cost=0.43..43.88 rows=10 width=121)
	              Index Cond: ((id >= 5230433) AND (id <= 5230442))

table 3 : explain SELECT DISTINCT c FROM sbtest3 WHERE id BETWEEN 4618223 AND 4618232 ORDER BY c
	Unique  (cost=43.98..44.03 rows=10 width=121)
	  ->  Sort  (cost=43.98..44.00 rows=10 width=121)
	        Sort Key: c
	        ->  Index Scan using sbtest3_pkey on sbtest3  (cost=0.43..43.81 rows=10 width=121)
	              Index Cond: ((id >= 4618223) AND (id <= 4618232))

table 4 : explain SELECT DISTINCT c FROM sbtest4 WHERE id BETWEEN 7269714 AND 7269723 ORDER BY c
	Unique  (cost=40.18..40.22 rows=9 width=121)
	  ->  Sort  (cost=40.18..40.20 rows=9 width=121)
	        Sort Key: c
	        ->  Index Scan using sbtest4_pkey on sbtest4  (cost=0.43..40.03 rows=9 width=121)
	              Index Cond: ((id >= 7269714) AND (id <= 7269723))

table 5 : explain SELECT DISTINCT c FROM sbtest5 WHERE id BETWEEN 6405975 AND 6405984 ORDER BY c
	Unique  (cost=44.01..44.06 rows=10 width=121)
	  ->  Sort  (cost=44.01..44.04 rows=10 width=121)
	        Sort Key: c
	        ->  Index Scan using sbtest5_pkey on sbtest5  (cost=0.43..43.85 rows=10 width=121)
	              Index Cond: ((id >= 6405975) AND (id <= 6405984))

table 6 : explain SELECT DISTINCT c FROM sbtest6 WHERE id BETWEEN 9702277 AND 9702286 ORDER BY c
	Unique  (cost=43.97..44.02 rows=10 width=121)
	  ->  Sort  (cost=43.97..44.00 rows=10 width=121)
	        Sort Key: c
	        ->  Index Scan using sbtest6_pkey on sbtest6  (cost=0.43..43.80 rows=10 width=121)
	              Index Cond: ((id >= 9702277) AND (id <= 9702286))

table 7 : explain SELECT DISTINCT c FROM sbtest7 WHERE id BETWEEN 4854537 AND 4854546 ORDER BY c
	Unique  (cost=43.96..44.01 rows=10 width=121)
	  ->  Sort  (cost=43.96..43.98 rows=10 width=121)
	        Sort Key: c
	        ->  Index Scan using sbtest7_pkey on sbtest7  (cost=0.43..43.79 rows=10 width=121)
	              Index Cond: ((id >= 4854537) AND (id <= 4854546))

table 8 : explain SELECT DISTINCT c FROM sbtest8 WHERE id BETWEEN 2222986 AND 2222995 ORDER BY c
	Unique  (cost=40.00..40.05 rows=9 width=121)
	  ->  Sort  (cost=40.00..40.03 rows=9 width=121)
	        Sort Key: c
	        ->  Index Scan using sbtest8_pkey on sbtest8  (cost=0.43..39.86 rows=9 width=121)
	              Index Cond: ((id >= 2222986) AND (id <= 2222995))

for: distinct_ranges
table 1 : explain SELECT DISTINCT c FROM sbtest1 WHERE id BETWEEN 6564390 AND 6564399 ORDER BY c
	Unique  (cost=43.97..44.02 rows=10 width=121)
	  ->  Sort  (cost=43.97..43.99 rows=10 width=121)
	        Sort Key: c
	        ->  Index Scan using sbtest1_pkey on sbtest1  (cost=0.43..43.80 rows=10 width=121)
	              Index Cond: ((id >= 6564390) AND (id <= 6564399))

table 2 : explain SELECT DISTINCT c FROM sbtest2 WHERE id BETWEEN 9792429 AND 9792438 ORDER BY c
	Unique  (cost=44.04..44.09 rows=10 width=121)
	  ->  Sort  (cost=44.04..44.07 rows=10 width=121)
	        Sort Key: c
	        ->  Index Scan using sbtest2_pkey on sbtest2  (cost=0.43..43.88 rows=10 width=121)
	              Index Cond: ((id >= 9792429) AND (id <= 9792438))

table 3 : explain SELECT DISTINCT c FROM sbtest3 WHERE id BETWEEN 7507490 AND 7507499 ORDER BY c
	Unique  (cost=40.02..40.07 rows=9 width=121)
	  ->  Sort  (cost=40.02..40.05 rows=9 width=121)
	        Sort Key: c
	        ->  Index Scan using sbtest3_pkey on sbtest3  (cost=0.43..39.88 rows=9 width=121)
	              Index Cond: ((id >= 7507490) AND (id <= 7507499))

table 4 : explain SELECT DISTINCT c FROM sbtest4 WHERE id BETWEEN 5904830 AND 5904839 ORDER BY c
	Unique  (cost=44.15..44.20 rows=10 width=121)
	  ->  Sort  (cost=44.15..44.17 rows=10 width=121)
	        Sort Key: c
	        ->  Index Scan using sbtest4_pkey on sbtest4  (cost=0.43..43.98 rows=10 width=121)
	              Index Cond: ((id >= 5904830) AND (id <= 5904839))

table 5 : explain SELECT DISTINCT c FROM sbtest5 WHERE id BETWEEN 2673537 AND 2673546 ORDER BY c
	Unique  (cost=44.01..44.06 rows=10 width=121)
	  ->  Sort  (cost=44.01..44.04 rows=10 width=121)
	        Sort Key: c
	        ->  Index Scan using sbtest5_pkey on sbtest5  (cost=0.43..43.85 rows=10 width=121)
	              Index Cond: ((id >= 2673537) AND (id <= 2673546))

table 6 : explain SELECT DISTINCT c FROM sbtest6 WHERE id BETWEEN 1522083 AND 1522092 ORDER BY c
	Unique  (cost=43.97..44.02 rows=10 width=121)
	  ->  Sort  (cost=43.97..44.00 rows=10 width=121)
	        Sort Key: c
	        ->  Index Scan using sbtest6_pkey on sbtest6  (cost=0.43..43.80 rows=10 width=121)
	              Index Cond: ((id >= 1522083) AND (id <= 1522092))

table 7 : explain SELECT DISTINCT c FROM sbtest7 WHERE id BETWEEN 2332891 AND 2332900 ORDER BY c
	Unique  (cost=43.96..44.01 rows=10 width=121)
	  ->  Sort  (cost=43.96..43.98 rows=10 width=121)
	        Sort Key: c
	        ->  Index Scan using sbtest7_pkey on sbtest7  (cost=0.43..43.79 rows=10 width=121)
	              Index Cond: ((id >= 2332891) AND (id <= 2332900))

table 8 : explain SELECT DISTINCT c FROM sbtest8 WHERE id BETWEEN 774444 AND 774453 ORDER BY c
	Unique  (cost=43.95..44.00 rows=10 width=121)
	  ->  Sort  (cost=43.95..43.98 rows=10 width=121)
	        Sort Key: c
	        ->  Index Scan using sbtest8_pkey on sbtest8  (cost=0.43..43.79 rows=10 width=121)
	              Index Cond: ((id >= 774444) AND (id <= 774453))

for: distinct_ranges
table 1 : explain SELECT DISTINCT c FROM sbtest1 WHERE id BETWEEN 2059609 AND 2059618 ORDER BY c
	Unique  (cost=40.02..40.06 rows=9 width=121)
	  ->  Sort  (cost=40.02..40.04 rows=9 width=121)
	        Sort Key: c
	        ->  Index Scan using sbtest1_pkey on sbtest1  (cost=0.43..39.87 rows=9 width=121)
	              Index Cond: ((id >= 2059609) AND (id <= 2059618))

table 2 : explain SELECT DISTINCT c FROM sbtest2 WHERE id BETWEEN 2904760 AND 2904769 ORDER BY c
	Unique  (cost=44.04..44.09 rows=10 width=121)
	  ->  Sort  (cost=44.04..44.07 rows=10 width=121)
	        Sort Key: c
	        ->  Index Scan using sbtest2_pkey on sbtest2  (cost=0.43..43.88 rows=10 width=121)
	              Index Cond: ((id >= 2904760) AND (id <= 2904769))

table 3 : explain SELECT DISTINCT c FROM sbtest3 WHERE id BETWEEN 8792665 AND 8792674 ORDER BY c
	Unique  (cost=43.98..44.03 rows=10 width=121)
	  ->  Sort  (cost=43.98..44.00 rows=10 width=121)
	        Sort Key: c
	        ->  Index Scan using sbtest3_pkey on sbtest3  (cost=0.43..43.81 rows=10 width=121)
	              Index Cond: ((id >= 8792665) AND (id <= 8792674))

table 4 : explain SELECT DISTINCT c FROM sbtest4 WHERE id BETWEEN 8466995 AND 8467004 ORDER BY c
	Unique  (cost=40.18..40.22 rows=9 width=121)
	  ->  Sort  (cost=40.18..40.20 rows=9 width=121)
	        Sort Key: c
	        ->  Index Scan using sbtest4_pkey on sbtest4  (cost=0.43..40.03 rows=9 width=121)
	              Index Cond: ((id >= 8466995) AND (id <= 8467004))

table 5 : explain SELECT DISTINCT c FROM sbtest5 WHERE id BETWEEN 3085718 AND 3085727 ORDER BY c
	Unique  (cost=44.01..44.06 rows=10 width=121)
	  ->  Sort  (cost=44.01..44.04 rows=10 width=121)
	        Sort Key: c
	        ->  Index Scan using sbtest5_pkey on sbtest5  (cost=0.43..43.85 rows=10 width=121)
	              Index Cond: ((id >= 3085718) AND (id <= 3085727))

table 6 : explain SELECT DISTINCT c FROM sbtest6 WHERE id BETWEEN 5925827 AND 5925836 ORDER BY c
	Unique  (cost=40.02..40.06 rows=9 width=121)
	  ->  Sort  (cost=40.02..40.04 rows=9 width=121)
	        Sort Key: c
	        ->  Index Scan using sbtest6_pkey on sbtest6  (cost=0.43..39.88 rows=9 width=121)
	              Index Cond: ((id >= 5925827) AND (id <= 5925836))

table 7 : explain SELECT DISTINCT c FROM sbtest7 WHERE id BETWEEN 7196116 AND 7196125 ORDER BY c
	Unique  (cost=43.96..44.01 rows=10 width=121)
	  ->  Sort  (cost=43.96..43.98 rows=10 width=121)
	        Sort Key: c
	        ->  Index Scan using sbtest7_pkey on sbtest7  (cost=0.43..43.79 rows=10 width=121)
	              Index Cond: ((id >= 7196116) AND (id <= 7196125))

table 8 : explain SELECT DISTINCT c FROM sbtest8 WHERE id BETWEEN 6332354 AND 6332363 ORDER BY c
	Unique  (cost=43.95..44.00 rows=10 width=121)
	  ->  Sort  (cost=43.95..43.98 rows=10 width=121)
	        Sort Key: c
	        ->  Index Scan using sbtest8_pkey on sbtest8  (cost=0.43..43.79 rows=10 width=121)
	              Index Cond: ((id >= 6332354) AND (id <= 6332363))

for: distinct_ranges
table 1 : explain SELECT DISTINCT c FROM sbtest1 WHERE id BETWEEN 1862231 AND 1862240 ORDER BY c
	Unique  (cost=43.97..44.02 rows=10 width=121)
	  ->  Sort  (cost=43.97..43.99 rows=10 width=121)
	        Sort Key: c
	        ->  Index Scan using sbtest1_pkey on sbtest1  (cost=0.43..43.80 rows=10 width=121)
	              Index Cond: ((id >= 1862231) AND (id <= 1862240))

table 2 : explain SELECT DISTINCT c FROM sbtest2 WHERE id BETWEEN 5236571 AND 5236580 ORDER BY c
	Unique  (cost=44.04..44.09 rows=10 width=121)
	  ->  Sort  (cost=44.04..44.07 rows=10 width=121)
	        Sort Key: c
	        ->  Index Scan using sbtest2_pkey on sbtest2  (cost=0.43..43.88 rows=10 width=121)
	              Index Cond: ((id >= 5236571) AND (id <= 5236580))

table 3 : explain SELECT DISTINCT c FROM sbtest3 WHERE id BETWEEN 9033237 AND 9033246 ORDER BY c
	Unique  (cost=43.98..44.03 rows=10 width=121)
	  ->  Sort  (cost=43.98..44.00 rows=10 width=121)
	        Sort Key: c
	        ->  Index Scan using sbtest3_pkey on sbtest3  (cost=0.43..43.81 rows=10 width=121)
	              Index Cond: ((id >= 9033237) AND (id <= 9033246))

table 4 : explain SELECT DISTINCT c FROM sbtest4 WHERE id BETWEEN 1652385 AND 1652394 ORDER BY c
	Unique  (cost=48.12..48.17 rows=11 width=121)
	  ->  Sort  (cost=48.12..48.15 rows=11 width=121)
	        Sort Key: c
	        ->  Index Scan using sbtest4_pkey on sbtest4  (cost=0.43..47.93 rows=11 width=121)
	              Index Cond: ((id >= 1652385) AND (id <= 1652394))

table 5 : explain SELECT DISTINCT c FROM sbtest5 WHERE id BETWEEN 7662076 AND 7662085 ORDER BY c
	Unique  (cost=44.01..44.06 rows=10 width=121)
	  ->  Sort  (cost=44.01..44.04 rows=10 width=121)
	        Sort Key: c
	        ->  Index Scan using sbtest5_pkey on sbtest5  (cost=0.43..43.85 rows=10 width=121)
	              Index Cond: ((id >= 7662076) AND (id <= 7662085))

table 6 : explain SELECT DISTINCT c FROM sbtest6 WHERE id BETWEEN 8308478 AND 8308487 ORDER BY c
	Unique  (cost=40.02..40.06 rows=9 width=121)
	  ->  Sort  (cost=40.02..40.04 rows=9 width=121)
	        Sort Key: c
	        ->  Index Scan using sbtest6_pkey on sbtest6  (cost=0.43..39.88 rows=9 width=121)
	              Index Cond: ((id >= 8308478) AND (id <= 8308487))

table 7 : explain SELECT DISTINCT c FROM sbtest7 WHERE id BETWEEN 9611748 AND 9611757 ORDER BY c
	Unique  (cost=43.96..44.01 rows=10 width=121)
	  ->  Sort  (cost=43.96..43.98 rows=10 width=121)
	        Sort Key: c
	        ->  Index Scan using sbtest7_pkey on sbtest7  (cost=0.43..43.79 rows=10 width=121)
	              Index Cond: ((id >= 9611748) AND (id <= 9611757))

table 8 : explain SELECT DISTINCT c FROM sbtest8 WHERE id BETWEEN 7205895 AND 7205904 ORDER BY c
	Unique  (cost=51.85..51.91 rows=12 width=121)
	  ->  Sort  (cost=51.85..51.88 rows=12 width=121)
	        Sort Key: c
	        ->  Index Scan using sbtest8_pkey on sbtest8  (cost=0.43..51.64 rows=12 width=121)
	              Index Cond: ((id >= 7205895) AND (id <= 7205904))

for: distinct_ranges
table 1 : explain SELECT DISTINCT c FROM sbtest1 WHERE id BETWEEN 7702055 AND 7702064 ORDER BY c
	Unique  (cost=40.02..40.06 rows=9 width=121)
	  ->  Sort  (cost=40.02..40.04 rows=9 width=121)
	        Sort Key: c
	        ->  Index Scan using sbtest1_pkey on sbtest1  (cost=0.43..39.87 rows=9 width=121)
	              Index Cond: ((id >= 7702055) AND (id <= 7702064))

table 2 : explain SELECT DISTINCT c FROM sbtest2 WHERE id BETWEEN 7685350 AND 7685359 ORDER BY c
	Unique  (cost=44.04..44.09 rows=10 width=121)
	  ->  Sort  (cost=44.04..44.07 rows=10 width=121)
	        Sort Key: c
	        ->  Index Scan using sbtest2_pkey on sbtest2  (cost=0.43..43.88 rows=10 width=121)
	              Index Cond: ((id >= 7685350) AND (id <= 7685359))

table 3 : explain SELECT DISTINCT c FROM sbtest3 WHERE id BETWEEN 4474287 AND 4474296 ORDER BY c
	Unique  (cost=43.98..44.03 rows=10 width=121)
	  ->  Sort  (cost=43.98..44.00 rows=10 width=121)
	        Sort Key: c
	        ->  Index Scan using sbtest3_pkey on sbtest3  (cost=0.43..43.81 rows=10 width=121)
	              Index Cond: ((id >= 4474287) AND (id <= 4474296))

table 4 : explain SELECT DISTINCT c FROM sbtest4 WHERE id BETWEEN 2217970 AND 2217979 ORDER BY c
	Unique  (cost=44.15..44.20 rows=10 width=121)
	  ->  Sort  (cost=44.15..44.17 rows=10 width=121)
	        Sort Key: c
	        ->  Index Scan using sbtest4_pkey on sbtest4  (cost=0.43..43.98 rows=10 width=121)
	              Index Cond: ((id >= 2217970) AND (id <= 2217979))

table 5 : explain SELECT DISTINCT c FROM sbtest5 WHERE id BETWEEN 8348732 AND 8348741 ORDER BY c
	Unique  (cost=47.97..48.02 rows=11 width=121)
	  ->  Sort  (cost=47.97..48.00 rows=11 width=121)
	        Sort Key: c
	        ->  Index Scan using sbtest5_pkey on sbtest5  (cost=0.43..47.78 rows=11 width=121)
	              Index Cond: ((id >= 8348732) AND (id <= 8348741))

table 6 : explain SELECT DISTINCT c FROM sbtest6 WHERE id BETWEEN 8873032 AND 8873041 ORDER BY c
	Unique  (cost=43.97..44.02 rows=10 width=121)
	  ->  Sort  (cost=43.97..44.00 rows=10 width=121)
	        Sort Key: c
	        ->  Index Scan using sbtest6_pkey on sbtest6  (cost=0.43..43.80 rows=10 width=121)
	              Index Cond: ((id >= 8873032) AND (id <= 8873041))

table 7 : explain SELECT DISTINCT c FROM sbtest7 WHERE id BETWEEN 2859555 AND 2859564 ORDER BY c
	Unique  (cost=40.01..40.05 rows=9 width=121)
	  ->  Sort  (cost=40.01..40.03 rows=9 width=121)
	        Sort Key: c
	        ->  Index Scan using sbtest7_pkey on sbtest7  (cost=0.43..39.87 rows=9 width=121)
	              Index Cond: ((id >= 2859555) AND (id <= 2859564))

table 8 : explain SELECT DISTINCT c FROM sbtest8 WHERE id BETWEEN 1431097 AND 1431106 ORDER BY c
	Unique  (cost=40.00..40.05 rows=9 width=121)
	  ->  Sort  (cost=40.00..40.03 rows=9 width=121)
	        Sort Key: c
	        ->  Index Scan using sbtest8_pkey on sbtest8  (cost=0.43..39.86 rows=9 width=121)
	              Index Cond: ((id >= 1431097) AND (id <= 1431106))

for: distinct_ranges
table 1 : explain SELECT DISTINCT c FROM sbtest1 WHERE id BETWEEN 3059918 AND 3059927 ORDER BY c
	Unique  (cost=43.97..44.02 rows=10 width=121)
	  ->  Sort  (cost=43.97..43.99 rows=10 width=121)
	        Sort Key: c
	        ->  Index Scan using sbtest1_pkey on sbtest1  (cost=0.43..43.80 rows=10 width=121)
	              Index Cond: ((id >= 3059918) AND (id <= 3059927))

table 2 : explain SELECT DISTINCT c FROM sbtest2 WHERE id BETWEEN 6282107 AND 6282116 ORDER BY c
	Unique  (cost=44.04..44.09 rows=10 width=121)
	  ->  Sort  (cost=44.04..44.07 rows=10 width=121)
	        Sort Key: c
	        ->  Index Scan using sbtest2_pkey on sbtest2  (cost=0.43..43.88 rows=10 width=121)
	              Index Cond: ((id >= 6282107) AND (id <= 6282116))

table 3 : explain SELECT DISTINCT c FROM sbtest3 WHERE id BETWEEN 850107 AND 850116 ORDER BY c
	Unique  (cost=43.98..44.03 rows=10 width=121)
	  ->  Sort  (cost=43.98..44.00 rows=10 width=121)
	        Sort Key: c
	        ->  Index Scan using sbtest3_pkey on sbtest3  (cost=0.43..43.81 rows=10 width=121)
	              Index Cond: ((id >= 850107) AND (id <= 850116))

table 4 : explain SELECT DISTINCT c FROM sbtest4 WHERE id BETWEEN 5146231 AND 5146240 ORDER BY c
	Unique  (cost=40.18..40.22 rows=9 width=121)
	  ->  Sort  (cost=40.18..40.20 rows=9 width=121)
	        Sort Key: c
	        ->  Index Scan using sbtest4_pkey on sbtest4  (cost=0.43..40.03 rows=9 width=121)
	              Index Cond: ((id >= 5146231) AND (id <= 5146240))

table 5 : explain SELECT DISTINCT c FROM sbtest5 WHERE id BETWEEN 3382239 AND 3382248 ORDER BY c
	Unique  (cost=40.06..40.10 rows=9 width=121)
	  ->  Sort  (cost=40.06..40.08 rows=9 width=121)
	        Sort Key: c
	        ->  Index Scan using sbtest5_pkey on sbtest5  (cost=0.43..39.91 rows=9 width=121)
	              Index Cond: ((id >= 3382239) AND (id <= 3382248))

table 6 : explain SELECT DISTINCT c FROM sbtest6 WHERE id BETWEEN 9904159 AND 9904168 ORDER BY c
	Unique  (cost=43.97..44.02 rows=10 width=121)
	  ->  Sort  (cost=43.97..44.00 rows=10 width=121)
	        Sort Key: c
	        ->  Index Scan using sbtest6_pkey on sbtest6  (cost=0.43..43.80 rows=10 width=121)
	              Index Cond: ((id >= 9904159) AND (id <= 9904168))

table 7 : explain SELECT DISTINCT c FROM sbtest7 WHERE id BETWEEN 8941037 AND 8941046 ORDER BY c
	Unique  (cost=40.01..40.05 rows=9 width=121)
	  ->  Sort  (cost=40.01..40.03 rows=9 width=121)
	        Sort Key: c
	        ->  Index Scan using sbtest7_pkey on sbtest7  (cost=0.43..39.87 rows=9 width=121)
	              Index Cond: ((id >= 8941037) AND (id <= 8941046))

table 8 : explain SELECT DISTINCT c FROM sbtest8 WHERE id BETWEEN 4140671 AND 4140680 ORDER BY c
	Unique  (cost=43.95..44.00 rows=10 width=121)
	  ->  Sort  (cost=43.95..43.98 rows=10 width=121)
	        Sort Key: c
	        ->  Index Scan using sbtest8_pkey on sbtest8  (cost=0.43..43.79 rows=10 width=121)
	              Index Cond: ((id >= 4140671) AND (id <= 4140680))

for: distinct_ranges
table 1 : explain SELECT DISTINCT c FROM sbtest1 WHERE id BETWEEN 2012066 AND 2012075 ORDER BY c
	Unique  (cost=40.02..40.06 rows=9 width=121)
	  ->  Sort  (cost=40.02..40.04 rows=9 width=121)
	        Sort Key: c
	        ->  Index Scan using sbtest1_pkey on sbtest1  (cost=0.43..39.87 rows=9 width=121)
	              Index Cond: ((id >= 2012066) AND (id <= 2012075))

table 2 : explain SELECT DISTINCT c FROM sbtest2 WHERE id BETWEEN 6619961 AND 6619970 ORDER BY c
	Unique  (cost=48.00..48.06 rows=11 width=121)
	  ->  Sort  (cost=48.00..48.03 rows=11 width=121)
	        Sort Key: c
	        ->  Index Scan using sbtest2_pkey on sbtest2  (cost=0.43..47.81 rows=11 width=121)
	              Index Cond: ((id >= 6619961) AND (id <= 6619970))

table 3 : explain SELECT DISTINCT c FROM sbtest3 WHERE id BETWEEN 5815444 AND 5815453 ORDER BY c
	Unique  (cost=43.98..44.03 rows=10 width=121)
	  ->  Sort  (cost=43.98..44.00 rows=10 width=121)
	        Sort Key: c
	        ->  Index Scan using sbtest3_pkey on sbtest3  (cost=0.43..43.81 rows=10 width=121)
	              Index Cond: ((id >= 5815444) AND (id <= 5815453))

table 4 : explain SELECT DISTINCT c FROM sbtest4 WHERE id BETWEEN 4396454 AND 4396463 ORDER BY c
	Unique  (cost=44.15..44.20 rows=10 width=121)
	  ->  Sort  (cost=44.15..44.17 rows=10 width=121)
	        Sort Key: c
	        ->  Index Scan using sbtest4_pkey on sbtest4  (cost=0.43..43.98 rows=10 width=121)
	              Index Cond: ((id >= 4396454) AND (id <= 4396463))

table 5 : explain SELECT DISTINCT c FROM sbtest5 WHERE id BETWEEN 7427820 AND 7427829 ORDER BY c
	Unique  (cost=44.01..44.06 rows=10 width=121)
	  ->  Sort  (cost=44.01..44.04 rows=10 width=121)
	        Sort Key: c
	        ->  Index Scan using sbtest5_pkey on sbtest5  (cost=0.43..43.85 rows=10 width=121)
	              Index Cond: ((id >= 7427820) AND (id <= 7427829))

table 6 : explain SELECT DISTINCT c FROM sbtest6 WHERE id BETWEEN 6160980 AND 6160989 ORDER BY c
	Unique  (cost=43.97..44.02 rows=10 width=121)
	  ->  Sort  (cost=43.97..44.00 rows=10 width=121)
	        Sort Key: c
	        ->  Index Scan using sbtest6_pkey on sbtest6  (cost=0.43..43.80 rows=10 width=121)
	              Index Cond: ((id >= 6160980) AND (id <= 6160989))

table 7 : explain SELECT DISTINCT c FROM sbtest7 WHERE id BETWEEN 4639121 AND 4639130 ORDER BY c
	Unique  (cost=43.96..44.01 rows=10 width=121)
	  ->  Sort  (cost=43.96..43.98 rows=10 width=121)
	        Sort Key: c
	        ->  Index Scan using sbtest7_pkey on sbtest7  (cost=0.43..43.79 rows=10 width=121)
	              Index Cond: ((id >= 4639121) AND (id <= 4639130))

table 8 : explain SELECT DISTINCT c FROM sbtest8 WHERE id BETWEEN 2236365 AND 2236374 ORDER BY c
	Unique  (cost=40.00..40.05 rows=9 width=121)
	  ->  Sort  (cost=40.00..40.03 rows=9 width=121)
	        Sort Key: c
	        ->  Index Scan using sbtest8_pkey on sbtest8  (cost=0.43..39.86 rows=9 width=121)
	              Index Cond: ((id >= 2236365) AND (id <= 2236374))

Threads started!

Warming up for 5 seconds...

SQL statistics:
    queries performed:
        read:                            467781166
        write:                           0
        other:                           66825895
        total:                           534607061
    transactions:                        33412967 (53035.79 per sec.)
    queries:                             534607061 (848571.98 per sec.)
    ignored errors:                      0      (0.00 per sec.)
    reconnects:                          0      (0.00 per sec.)

Throughput:
    events/s (eps):                      53035.7896
    time elapsed:                        630.0080s
    total number of events:              33412967

Latency (ms):
         min:                                    0.66
         avg:                                    0.75
         max:                                   16.85
         95th percentile:                        0.83
         sum:                             25172196.57

Threads fairness:
    events (avg/stddev):           835323.2500/5480.48
    execution time (avg/stddev):   629.3049/0.01

