LUA_PATH=/home/mdcallag/git/mytools/bench/sysbench.lua/lua/?.lua /home/mdcallag/git/mytools/bench/sysbench.lua/lua/sysbench --db-driver=pgsql --range-size=100 --table-size=10000000 --tables=8 --threads=40 --events=0 --warmup-time=5 --time=930 --pgsql_conn_id=true /home/mdcallag/git/mytools/bench/sysbench.lua/lua/oltp_inlist_update.lua run --pgsql-user=root --pgsql-password=pw --pgsql-host=127.0.0.1 --pgsql-db=ib --rand-type=uniform
48 CPUs
sysbench 1.1.0-9072687 (using bundled LuaJIT 2.1.0-beta3)

Running the test with following options:
Number of threads: 40
Warmup time: 5s
Initializing random number generator from current time


Initializing worker threads...

explain: for update-inlist :: explain UPDATE sbtest%d set c=7 WHERE id IN ( 4547055, 4081259, 3991308, 8827039, 2286877, 1997682, 6479549, 8707848, 4547130, 2112083)
explain: for update-inlist :: explain UPDATE sbtest%d set c=7 WHERE id IN ( 7519394, 3461942, 4888937, 547306, 901190, 6757558, 9884623, 8626230, 9936875, 1631707)
explain: for update-inlist :: explain UPDATE sbtest%d set c=7 WHERE id IN ( 2356315, 7220081, 8536021, 7120440, 1359861, 3718484, 4288552, 5287504, 9516748, 3770403)
for update-inlist
table 1 : explain UPDATE sbtest1 set c=7 WHERE id IN ( 2356315, 7220081, 8536021, 7120440, 1359861, 3718484, 4288552, 5287504, 9516748, 3770403)
	Update on sbtest1  (cost=0.43..48.53 rows=0 width=0)
	  ->  Index Scan using sbtest1_pkey on sbtest1  (cost=0.43..48.53 rows=10 width=490)
	        Index Cond: (id = ANY ('{2356315,7220081,8536021,7120440,1359861,3718484,4288552,5287504,9516748,3770403}'::integer[]))

table 2 : explain UPDATE sbtest2 set c=7 WHERE id IN ( 2356315, 7220081, 8536021, 7120440, 1359861, 3718484, 4288552, 5287504, 9516748, 3770403)
	Update on sbtest2  (cost=0.43..48.53 rows=0 width=0)
	  ->  Index Scan using sbtest2_pkey on sbtest2  (cost=0.43..48.53 rows=10 width=490)
	        Index Cond: (id = ANY ('{2356315,7220081,8536021,7120440,1359861,3718484,4288552,5287504,9516748,3770403}'::integer[]))

table 3 : explain UPDATE sbtest3 set c=7 WHERE id IN ( 2356315, 7220081, 8536021, 7120440, 1359861, 3718484, 4288552, 5287504, 9516748, 3770403)
	Update on sbtest3  (cost=0.43..48.53 rows=0 width=0)
	  ->  Index Scan using sbtest3_pkey on sbtest3  (cost=0.43..48.53 rows=10 width=490)
	        Index Cond: (id = ANY ('{2356315,7220081,8536021,7120440,1359861,3718484,4288552,5287504,9516748,3770403}'::integer[]))

table 4 : explain UPDATE sbtest4 set c=7 WHERE id IN ( 2356315, 7220081, 8536021, 7120440, 1359861, 3718484, 4288552, 5287504, 9516748, 3770403)
	Update on sbtest4  (cost=0.43..48.53 rows=0 width=0)
	  ->  Index Scan using sbtest4_pkey on sbtest4  (cost=0.43..48.53 rows=10 width=490)
	        Index Cond: (id = ANY ('{2356315,7220081,8536021,7120440,1359861,3718484,4288552,5287504,9516748,3770403}'::integer[]))

table 5 : explain UPDATE sbtest5 set c=7 WHERE id IN ( 2356315, 7220081, 8536021, 7120440, 1359861, 3718484, 4288552, 5287504, 9516748, 3770403)
	Update on sbtest5  (cost=0.43..48.53 rows=0 width=0)
	  ->  Index Scan using sbtest5_pkey on sbtest5  (cost=0.43..48.53 rows=10 width=490)
	        Index Cond: (id = ANY ('{2356315,7220081,8536021,7120440,1359861,3718484,4288552,5287504,9516748,3770403}'::integer[]))

table 6 : explain UPDATE sbtest6 set c=7 WHERE id IN ( 2356315, 7220081, 8536021, 7120440, 1359861, 3718484, 4288552, 5287504, 9516748, 3770403)
	Update on sbtest6  (cost=0.43..48.53 rows=0 width=0)
	  ->  Index Scan using sbtest6_pkey on sbtest6  (cost=0.43..48.53 rows=10 width=490)
	        Index Cond: (id = ANY ('{2356315,7220081,8536021,7120440,1359861,3718484,4288552,5287504,9516748,3770403}'::integer[]))

table 7 : explain UPDATE sbtest7 set c=7 WHERE id IN ( 2356315, 7220081, 8536021, 7120440, 1359861, 3718484, 4288552, 5287504, 9516748, 3770403)
	Update on sbtest7  (cost=0.43..48.53 rows=0 width=0)
	  ->  Index Scan using sbtest7_pkey on sbtest7  (cost=0.43..48.53 rows=10 width=490)
	        Index Cond: (id = ANY ('{2356315,7220081,8536021,7120440,1359861,3718484,4288552,5287504,9516748,3770403}'::integer[]))

table 8 : explain UPDATE sbtest8 set c=7 WHERE id IN ( 2356315, 7220081, 8536021, 7120440, 1359861, 3718484, 4288552, 5287504, 9516748, 3770403)
	Update on sbtest8  (cost=0.43..48.53 rows=0 width=0)
	  ->  Index Scan using sbtest8_pkey on sbtest8  (cost=0.43..48.53 rows=10 width=490)
	        Index Cond: (id = ANY ('{2356315,7220081,8536021,7120440,1359861,3718484,4288552,5287504,9516748,3770403}'::integer[]))

for update-inlist
table 1 : explain UPDATE sbtest1 set c=7 WHERE id IN ( 7519394, 3461942, 4888937, 547306, 901190, 6757558, 9884623, 8626230, 9936875, 1631707)
	Update on sbtest1  (cost=0.43..48.53 rows=0 width=0)
	  ->  Index Scan using sbtest1_pkey on sbtest1  (cost=0.43..48.53 rows=10 width=490)
	        Index Cond: (id = ANY ('{7519394,3461942,4888937,547306,901190,6757558,9884623,8626230,9936875,1631707}'::integer[]))

table 2 : explain UPDATE sbtest2 set c=7 WHERE id IN ( 7519394, 3461942, 4888937, 547306, 901190, 6757558, 9884623, 8626230, 9936875, 1631707)
	Update on sbtest2  (cost=0.43..48.53 rows=0 width=0)
	  ->  Index Scan using sbtest2_pkey on sbtest2  (cost=0.43..48.53 rows=10 width=490)
	        Index Cond: (id = ANY ('{7519394,3461942,4888937,547306,901190,6757558,9884623,8626230,9936875,1631707}'::integer[]))

table 3 : explain UPDATE sbtest3 set c=7 WHERE id IN ( 7519394, 3461942, 4888937, 547306, 901190, 6757558, 9884623, 8626230, 9936875, 1631707)
	Update on sbtest3  (cost=0.43..48.53 rows=0 width=0)
	  ->  Index Scan using sbtest3_pkey on sbtest3  (cost=0.43..48.53 rows=10 width=490)
	        Index Cond: (id = ANY ('{7519394,3461942,4888937,547306,901190,6757558,9884623,8626230,9936875,1631707}'::integer[]))

table 4 : explain UPDATE sbtest4 set c=7 WHERE id IN ( 7519394, 3461942, 4888937, 547306, 901190, 6757558, 9884623, 8626230, 9936875, 1631707)
	Update on sbtest4  (cost=0.43..48.53 rows=0 width=0)
	  ->  Index Scan using sbtest4_pkey on sbtest4  (cost=0.43..48.53 rows=10 width=490)
	        Index Cond: (id = ANY ('{7519394,3461942,4888937,547306,901190,6757558,9884623,8626230,9936875,1631707}'::integer[]))

table 5 : explain UPDATE sbtest5 set c=7 WHERE id IN ( 7519394, 3461942, 4888937, 547306, 901190, 6757558, 9884623, 8626230, 9936875, 1631707)
	Update on sbtest5  (cost=0.43..48.53 rows=0 width=0)
	  ->  Index Scan using sbtest5_pkey on sbtest5  (cost=0.43..48.53 rows=10 width=490)
	        Index Cond: (id = ANY ('{7519394,3461942,4888937,547306,901190,6757558,9884623,8626230,9936875,1631707}'::integer[]))

table 6 : explain UPDATE sbtest6 set c=7 WHERE id IN ( 7519394, 3461942, 4888937, 547306, 901190, 6757558, 9884623, 8626230, 9936875, 1631707)
	Update on sbtest6  (cost=0.43..48.53 rows=0 width=0)
	  ->  Index Scan using sbtest6_pkey on sbtest6  (cost=0.43..48.53 rows=10 width=490)
	        Index Cond: (id = ANY ('{7519394,3461942,4888937,547306,901190,6757558,9884623,8626230,9936875,1631707}'::integer[]))

table 7 : explain UPDATE sbtest7 set c=7 WHERE id IN ( 7519394, 3461942, 4888937, 547306, 901190, 6757558, 9884623, 8626230, 9936875, 1631707)
	Update on sbtest7  (cost=0.43..48.53 rows=0 width=0)
	  ->  Index Scan using sbtest7_pkey on sbtest7  (cost=0.43..48.53 rows=10 width=490)
	        Index Cond: (id = ANY ('{7519394,3461942,4888937,547306,901190,6757558,9884623,8626230,9936875,1631707}'::integer[]))

table 8 : explain UPDATE sbtest8 set c=7 WHERE id IN ( 7519394, 3461942, 4888937, 547306, 901190, 6757558, 9884623, 8626230, 9936875, 1631707)
	Update on sbtest8  (cost=0.43..48.53 rows=0 width=0)
	  ->  Index Scan using sbtest8_pkey on sbtest8  (cost=0.43..48.53 rows=10 width=490)
	        Index Cond: (id = ANY ('{7519394,3461942,4888937,547306,901190,6757558,9884623,8626230,9936875,1631707}'::integer[]))

explain: for update-inlist :: explain UPDATE sbtest%d set c=7 WHERE id IN ( 228802, 66685, 4973647, 4089419, 6806271, 670931, 2476617, 1257988, 3092777, 9796096)
explain: for update-inlist :: explain UPDATE sbtest%d set c=7 WHERE id IN ( 6789006, 4149006, 9075213, 5045197, 5631669, 8088755, 7142280, 8814799, 4296912, 8657066)
for update-inlist
table 1 : explain UPDATE sbtest1 set c=7 WHERE id IN ( 4547055, 4081259, 3991308, 8827039, 2286877, 1997682, 6479549, 8707848, 4547130, 2112083)
	Update on sbtest1  (cost=0.43..48.53 rows=0 width=0)
	  ->  Index Scan using sbtest1_pkey on sbtest1  (cost=0.43..48.53 rows=10 width=490)
	        Index Cond: (id = ANY ('{4547055,4081259,3991308,8827039,2286877,1997682,6479549,8707848,4547130,2112083}'::integer[]))

table 2 : explain UPDATE sbtest2 set c=7 WHERE id IN ( 4547055, 4081259, 3991308, 8827039, 2286877, 1997682, 6479549, 8707848, 4547130, 2112083)
	Update on sbtest2  (cost=0.43..48.53 rows=0 width=0)
	  ->  Index Scan using sbtest2_pkey on sbtest2  (cost=0.43..48.53 rows=10 width=490)
	        Index Cond: (id = ANY ('{4547055,4081259,3991308,8827039,2286877,1997682,6479549,8707848,4547130,2112083}'::integer[]))

table 3 : explain UPDATE sbtest3 set c=7 WHERE id IN ( 4547055, 4081259, 3991308, 8827039, 2286877, 1997682, 6479549, 8707848, 4547130, 2112083)
	Update on sbtest3  (cost=0.43..48.53 rows=0 width=0)
	  ->  Index Scan using sbtest3_pkey on sbtest3  (cost=0.43..48.53 rows=10 width=490)
	        Index Cond: (id = ANY ('{4547055,4081259,3991308,8827039,2286877,1997682,6479549,8707848,4547130,2112083}'::integer[]))

table 4 : explain UPDATE sbtest4 set c=7 WHERE id IN ( 4547055, 4081259, 3991308, 8827039, 2286877, 1997682, 6479549, 8707848, 4547130, 2112083)
	Update on sbtest4  (cost=0.43..48.53 rows=0 width=0)
	  ->  Index Scan using sbtest4_pkey on sbtest4  (cost=0.43..48.53 rows=10 width=490)
	        Index Cond: (id = ANY ('{4547055,4081259,3991308,8827039,2286877,1997682,6479549,8707848,4547130,2112083}'::integer[]))

table 5 : explain UPDATE sbtest5 set c=7 WHERE id IN ( 4547055, 4081259, 3991308, 8827039, 2286877, 1997682, 6479549, 8707848, 4547130, 2112083)
	Update on sbtest5  (cost=0.43..48.53 rows=0 width=0)
	  ->  Index Scan using sbtest5_pkey on sbtest5  (cost=0.43..48.53 rows=10 width=490)
	        Index Cond: (id = ANY ('{4547055,4081259,3991308,8827039,2286877,1997682,6479549,8707848,4547130,2112083}'::integer[]))

table 6 : explain UPDATE sbtest6 set c=7 WHERE id IN ( 4547055, 4081259, 3991308, 8827039, 2286877, 1997682, 6479549, 8707848, 4547130, 2112083)
	Update on sbtest6  (cost=0.43..48.53 rows=0 width=0)
	  ->  Index Scan using sbtest6_pkey on sbtest6  (cost=0.43..48.53 rows=10 width=490)
	        Index Cond: (id = ANY ('{4547055,4081259,3991308,8827039,2286877,1997682,6479549,8707848,4547130,2112083}'::integer[]))

table 7 : explain UPDATE sbtest7 set c=7 WHERE id IN ( 4547055, 4081259, 3991308, 8827039, 2286877, 1997682, 6479549, 8707848, 4547130, 2112083)
	Update on sbtest7  (cost=0.43..48.53 rows=0 width=0)
	  ->  Index Scan using sbtest7_pkey on sbtest7  (cost=0.43..48.53 rows=10 width=490)
	        Index Cond: (id = ANY ('{4547055,4081259,3991308,8827039,2286877,1997682,6479549,8707848,4547130,2112083}'::integer[]))

table 8 : explain UPDATE sbtest8 set c=7 WHERE id IN ( 4547055, 4081259, 3991308, 8827039, 2286877, 1997682, 6479549, 8707848, 4547130, 2112083)
	Update on sbtest8  (cost=0.43..48.53 rows=0 width=0)
	  ->  Index Scan using sbtest8_pkey on sbtest8  (cost=0.43..48.53 rows=10 width=490)
	        Index Cond: (id = ANY ('{4547055,4081259,3991308,8827039,2286877,1997682,6479549,8707848,4547130,2112083}'::integer[]))

explain: for update-inlist :: explain UPDATE sbtest%d set c=7 WHERE id IN ( 9255126, 3517651, 9671808, 1144412, 8636239, 9505804, 3869630, 5503496, 8891324, 7238117)
explain: for update-inlist :: explain UPDATE sbtest%d set c=7 WHERE id IN ( 7494109, 9076788, 5002614, 4241496, 7463188, 504575, 1174305, 2973526, 6654740, 6894597)
for update-inlist
table 1 : explain UPDATE sbtest1 set c=7 WHERE id IN ( 228802, 66685, 4973647, 4089419, 6806271, 670931, 2476617, 1257988, 3092777, 9796096)
	Update on sbtest1  (cost=0.43..48.53 rows=0 width=0)
	  ->  Index Scan using sbtest1_pkey on sbtest1  (cost=0.43..48.53 rows=10 width=490)
	        Index Cond: (id = ANY ('{228802,66685,4973647,4089419,6806271,670931,2476617,1257988,3092777,9796096}'::integer[]))

table 2 : explain UPDATE sbtest2 set c=7 WHERE id IN ( 228802, 66685, 4973647, 4089419, 6806271, 670931, 2476617, 1257988, 3092777, 9796096)
	Update on sbtest2  (cost=0.43..48.53 rows=0 width=0)
	  ->  Index Scan using sbtest2_pkey on sbtest2  (cost=0.43..48.53 rows=10 width=490)
	        Index Cond: (id = ANY ('{228802,66685,4973647,4089419,6806271,670931,2476617,1257988,3092777,9796096}'::integer[]))

table 3 : explain UPDATE sbtest3 set c=7 WHERE id IN ( 228802, 66685, 4973647, 4089419, 6806271, 670931, 2476617, 1257988, 3092777, 9796096)
	Update on sbtest3  (cost=0.43..48.53 rows=0 width=0)
	  ->  Index Scan using sbtest3_pkey on sbtest3  (cost=0.43..48.53 rows=10 width=490)
	        Index Cond: (id = ANY ('{228802,66685,4973647,4089419,6806271,670931,2476617,1257988,3092777,9796096}'::integer[]))

table 4 : explain UPDATE sbtest4 set c=7 WHERE id IN ( 228802, 66685, 4973647, 4089419, 6806271, 670931, 2476617, 1257988, 3092777, 9796096)
	Update on sbtest4  (cost=0.43..48.53 rows=0 width=0)
	  ->  Index Scan using sbtest4_pkey on sbtest4  (cost=0.43..48.53 rows=10 width=490)
	        Index Cond: (id = ANY ('{228802,66685,4973647,4089419,6806271,670931,2476617,1257988,3092777,9796096}'::integer[]))

table 5 : explain UPDATE sbtest5 set c=7 WHERE id IN ( 228802, 66685, 4973647, 4089419, 6806271, 670931, 2476617, 1257988, 3092777, 9796096)
	Update on sbtest5  (cost=0.43..48.53 rows=0 width=0)
	  ->  Index Scan using sbtest5_pkey on sbtest5  (cost=0.43..48.53 rows=10 width=490)
	        Index Cond: (id = ANY ('{228802,66685,4973647,4089419,6806271,670931,2476617,1257988,3092777,9796096}'::integer[]))

table 6 : explain UPDATE sbtest6 set c=7 WHERE id IN ( 228802, 66685, 4973647, 4089419, 6806271, 670931, 2476617, 1257988, 3092777, 9796096)
	Update on sbtest6  (cost=0.43..48.53 rows=0 width=0)
	  ->  Index Scan using sbtest6_pkey on sbtest6  (cost=0.43..48.53 rows=10 width=490)
	        Index Cond: (id = ANY ('{228802,66685,4973647,4089419,6806271,670931,2476617,1257988,3092777,9796096}'::integer[]))

table 7 : explain UPDATE sbtest7 set c=7 WHERE id IN ( 228802, 66685, 4973647, 4089419, 6806271, 670931, 2476617, 1257988, 3092777, 9796096)
	Update on sbtest7  (cost=0.43..48.53 rows=0 width=0)
	  ->  Index Scan using sbtest7_pkey on sbtest7  (cost=0.43..48.53 rows=10 width=490)
	        Index Cond: (id = ANY ('{228802,66685,4973647,4089419,6806271,670931,2476617,1257988,3092777,9796096}'::integer[]))

table 8 : explain UPDATE sbtest8 set c=7 WHERE id IN ( 228802, 66685, 4973647, 4089419, 6806271, 670931, 2476617, 1257988, 3092777, 9796096)
	Update on sbtest8  (cost=0.43..48.53 rows=0 width=0)
	  ->  Index Scan using sbtest8_pkey on sbtest8  (cost=0.43..48.53 rows=10 width=490)
	        Index Cond: (id = ANY ('{228802,66685,4973647,4089419,6806271,670931,2476617,1257988,3092777,9796096}'::integer[]))

for update-inlist
table 1 : explain UPDATE sbtest1 set c=7 WHERE id IN ( 6789006, 4149006, 9075213, 5045197, 5631669, 8088755, 7142280, 8814799, 4296912, 8657066)
	Update on sbtest1  (cost=0.43..48.53 rows=0 width=0)
	  ->  Index Scan using sbtest1_pkey on sbtest1  (cost=0.43..48.53 rows=10 width=490)
	        Index Cond: (id = ANY ('{6789006,4149006,9075213,5045197,5631669,8088755,7142280,8814799,4296912,8657066}'::integer[]))

table 2 : explain UPDATE sbtest2 set c=7 WHERE id IN ( 6789006, 4149006, 9075213, 5045197, 5631669, 8088755, 7142280, 8814799, 4296912, 8657066)
	Update on sbtest2  (cost=0.43..48.53 rows=0 width=0)
	  ->  Index Scan using sbtest2_pkey on sbtest2  (cost=0.43..48.53 rows=10 width=490)
	        Index Cond: (id = ANY ('{6789006,4149006,9075213,5045197,5631669,8088755,7142280,8814799,4296912,8657066}'::integer[]))

table 3 : explain UPDATE sbtest3 set c=7 WHERE id IN ( 6789006, 4149006, 9075213, 5045197, 5631669, 8088755, 7142280, 8814799, 4296912, 8657066)
	Update on sbtest3  (cost=0.43..48.53 rows=0 width=0)
	  ->  Index Scan using sbtest3_pkey on sbtest3  (cost=0.43..48.53 rows=10 width=490)
	        Index Cond: (id = ANY ('{6789006,4149006,9075213,5045197,5631669,8088755,7142280,8814799,4296912,8657066}'::integer[]))

table 4 : explain UPDATE sbtest4 set c=7 WHERE id IN ( 6789006, 4149006, 9075213, 5045197, 5631669, 8088755, 7142280, 8814799, 4296912, 8657066)
	Update on sbtest4  (cost=0.43..48.53 rows=0 width=0)
	  ->  Index Scan using sbtest4_pkey on sbtest4  (cost=0.43..48.53 rows=10 width=490)
	        Index Cond: (id = ANY ('{6789006,4149006,9075213,5045197,5631669,8088755,7142280,8814799,4296912,8657066}'::integer[]))

table 5 : explain UPDATE sbtest5 set c=7 WHERE id IN ( 6789006, 4149006, 9075213, 5045197, 5631669, 8088755, 7142280, 8814799, 4296912, 8657066)
	Update on sbtest5  (cost=0.43..48.53 rows=0 width=0)
	  ->  Index Scan using sbtest5_pkey on sbtest5  (cost=0.43..48.53 rows=10 width=490)
	        Index Cond: (id = ANY ('{6789006,4149006,9075213,5045197,5631669,8088755,7142280,8814799,4296912,8657066}'::integer[]))

table 6 : explain UPDATE sbtest6 set c=7 WHERE id IN ( 6789006, 4149006, 9075213, 5045197, 5631669, 8088755, 7142280, 8814799, 4296912, 8657066)
	Update on sbtest6  (cost=0.43..48.53 rows=0 width=0)
	  ->  Index Scan using sbtest6_pkey on sbtest6  (cost=0.43..48.53 rows=10 width=490)
	        Index Cond: (id = ANY ('{6789006,4149006,9075213,5045197,5631669,8088755,7142280,8814799,4296912,8657066}'::integer[]))

table 7 : explain UPDATE sbtest7 set c=7 WHERE id IN ( 6789006, 4149006, 9075213, 5045197, 5631669, 8088755, 7142280, 8814799, 4296912, 8657066)
	Update on sbtest7  (cost=0.43..48.53 rows=0 width=0)
	  ->  Index Scan using sbtest7_pkey on sbtest7  (cost=0.43..48.53 rows=10 width=490)
	        Index Cond: (id = ANY ('{6789006,4149006,9075213,5045197,5631669,8088755,7142280,8814799,4296912,8657066}'::integer[]))

table 8 : explain UPDATE sbtest8 set c=7 WHERE id IN ( 6789006, 4149006, 9075213, 5045197, 5631669, 8088755, 7142280, 8814799, 4296912, 8657066)
	Update on sbtest8  (cost=0.43..48.53 rows=0 width=0)
	  ->  Index Scan using sbtest8_pkey on sbtest8  (cost=0.43..48.53 rows=10 width=490)
	        Index Cond: (id = ANY ('{6789006,4149006,9075213,5045197,5631669,8088755,7142280,8814799,4296912,8657066}'::integer[]))

explain: for update-inlist :: explain UPDATE sbtest%d set c=7 WHERE id IN ( 6646903, 1048938, 4217217, 173617, 1329163, 5495924, 6755864, 5384958, 618500, 4922872)
explain: for update-inlist :: explain UPDATE sbtest%d set c=7 WHERE id IN ( 6976941, 4681330, 3587214, 8475553, 422020, 6239371, 6114801, 2131191, 8444782, 4589458)
for update-inlist
table 1 : explain UPDATE sbtest1 set c=7 WHERE id IN ( 9255126, 3517651, 9671808, 1144412, 8636239, 9505804, 3869630, 5503496, 8891324, 7238117)
	Update on sbtest1  (cost=0.43..48.53 rows=0 width=0)
	  ->  Index Scan using sbtest1_pkey on sbtest1  (cost=0.43..48.53 rows=10 width=490)
	        Index Cond: (id = ANY ('{9255126,3517651,9671808,1144412,8636239,9505804,3869630,5503496,8891324,7238117}'::integer[]))

table 2 : explain UPDATE sbtest2 set c=7 WHERE id IN ( 9255126, 3517651, 9671808, 1144412, 8636239, 9505804, 3869630, 5503496, 8891324, 7238117)
	Update on sbtest2  (cost=0.43..48.53 rows=0 width=0)
	  ->  Index Scan using sbtest2_pkey on sbtest2  (cost=0.43..48.53 rows=10 width=490)
	        Index Cond: (id = ANY ('{9255126,3517651,9671808,1144412,8636239,9505804,3869630,5503496,8891324,7238117}'::integer[]))

table 3 : explain UPDATE sbtest3 set c=7 WHERE id IN ( 9255126, 3517651, 9671808, 1144412, 8636239, 9505804, 3869630, 5503496, 8891324, 7238117)
	Update on sbtest3  (cost=0.43..48.53 rows=0 width=0)
	  ->  Index Scan using sbtest3_pkey on sbtest3  (cost=0.43..48.53 rows=10 width=490)
	        Index Cond: (id = ANY ('{9255126,3517651,9671808,1144412,8636239,9505804,3869630,5503496,8891324,7238117}'::integer[]))

table 4 : explain UPDATE sbtest4 set c=7 WHERE id IN ( 9255126, 3517651, 9671808, 1144412, 8636239, 9505804, 3869630, 5503496, 8891324, 7238117)
	Update on sbtest4  (cost=0.43..48.53 rows=0 width=0)
	  ->  Index Scan using sbtest4_pkey on sbtest4  (cost=0.43..48.53 rows=10 width=490)
	        Index Cond: (id = ANY ('{9255126,3517651,9671808,1144412,8636239,9505804,3869630,5503496,8891324,7238117}'::integer[]))

table 5 : explain UPDATE sbtest5 set c=7 WHERE id IN ( 9255126, 3517651, 9671808, 1144412, 8636239, 9505804, 3869630, 5503496, 8891324, 7238117)
	Update on sbtest5  (cost=0.43..48.53 rows=0 width=0)
	  ->  Index Scan using sbtest5_pkey on sbtest5  (cost=0.43..48.53 rows=10 width=490)
	        Index Cond: (id = ANY ('{9255126,3517651,9671808,1144412,8636239,9505804,3869630,5503496,8891324,7238117}'::integer[]))

table 6 : explain UPDATE sbtest6 set c=7 WHERE id IN ( 9255126, 3517651, 9671808, 1144412, 8636239, 9505804, 3869630, 5503496, 8891324, 7238117)
	Update on sbtest6  (cost=0.43..48.53 rows=0 width=0)
	  ->  Index Scan using sbtest6_pkey on sbtest6  (cost=0.43..48.53 rows=10 width=490)
	        Index Cond: (id = ANY ('{9255126,3517651,9671808,1144412,8636239,9505804,3869630,5503496,8891324,7238117}'::integer[]))

table 7 : explain UPDATE sbtest7 set c=7 WHERE id IN ( 9255126, 3517651, 9671808, 1144412, 8636239, 9505804, 3869630, 5503496, 8891324, 7238117)
	Update on sbtest7  (cost=0.43..48.53 rows=0 width=0)
	  ->  Index Scan using sbtest7_pkey on sbtest7  (cost=0.43..48.53 rows=10 width=490)
	        Index Cond: (id = ANY ('{9255126,3517651,9671808,1144412,8636239,9505804,3869630,5503496,8891324,7238117}'::integer[]))

table 8 : explain UPDATE sbtest8 set c=7 WHERE id IN ( 9255126, 3517651, 9671808, 1144412, 8636239, 9505804, 3869630, 5503496, 8891324, 7238117)
	Update on sbtest8  (cost=0.43..48.53 rows=0 width=0)
	  ->  Index Scan using sbtest8_pkey on sbtest8  (cost=0.43..48.53 rows=10 width=490)
	        Index Cond: (id = ANY ('{9255126,3517651,9671808,1144412,8636239,9505804,3869630,5503496,8891324,7238117}'::integer[]))

for update-inlist
table 1 : explain UPDATE sbtest1 set c=7 WHERE id IN ( 7494109, 9076788, 5002614, 4241496, 7463188, 504575, 1174305, 2973526, 6654740, 6894597)
	Update on sbtest1  (cost=0.43..48.53 rows=0 width=0)
	  ->  Index Scan using sbtest1_pkey on sbtest1  (cost=0.43..48.53 rows=10 width=490)
	        Index Cond: (id = ANY ('{7494109,9076788,5002614,4241496,7463188,504575,1174305,2973526,6654740,6894597}'::integer[]))

table 2 : explain UPDATE sbtest2 set c=7 WHERE id IN ( 7494109, 9076788, 5002614, 4241496, 7463188, 504575, 1174305, 2973526, 6654740, 6894597)
	Update on sbtest2  (cost=0.43..48.53 rows=0 width=0)
	  ->  Index Scan using sbtest2_pkey on sbtest2  (cost=0.43..48.53 rows=10 width=490)
	        Index Cond: (id = ANY ('{7494109,9076788,5002614,4241496,7463188,504575,1174305,2973526,6654740,6894597}'::integer[]))

table 3 : explain UPDATE sbtest3 set c=7 WHERE id IN ( 7494109, 9076788, 5002614, 4241496, 7463188, 504575, 1174305, 2973526, 6654740, 6894597)
	Update on sbtest3  (cost=0.43..48.53 rows=0 width=0)
	  ->  Index Scan using sbtest3_pkey on sbtest3  (cost=0.43..48.53 rows=10 width=490)
	        Index Cond: (id = ANY ('{7494109,9076788,5002614,4241496,7463188,504575,1174305,2973526,6654740,6894597}'::integer[]))

table 4 : explain UPDATE sbtest4 set c=7 WHERE id IN ( 7494109, 9076788, 5002614, 4241496, 7463188, 504575, 1174305, 2973526, 6654740, 6894597)
	Update on sbtest4  (cost=0.43..48.53 rows=0 width=0)
	  ->  Index Scan using sbtest4_pkey on sbtest4  (cost=0.43..48.53 rows=10 width=490)
	        Index Cond: (id = ANY ('{7494109,9076788,5002614,4241496,7463188,504575,1174305,2973526,6654740,6894597}'::integer[]))

table 5 : explain UPDATE sbtest5 set c=7 WHERE id IN ( 7494109, 9076788, 5002614, 4241496, 7463188, 504575, 1174305, 2973526, 6654740, 6894597)
	Update on sbtest5  (cost=0.43..48.53 rows=0 width=0)
	  ->  Index Scan using sbtest5_pkey on sbtest5  (cost=0.43..48.53 rows=10 width=490)
	        Index Cond: (id = ANY ('{7494109,9076788,5002614,4241496,7463188,504575,1174305,2973526,6654740,6894597}'::integer[]))

table 6 : explain UPDATE sbtest6 set c=7 WHERE id IN ( 7494109, 9076788, 5002614, 4241496, 7463188, 504575, 1174305, 2973526, 6654740, 6894597)
	Update on sbtest6  (cost=0.43..48.53 rows=0 width=0)
	  ->  Index Scan using sbtest6_pkey on sbtest6  (cost=0.43..48.53 rows=10 width=490)
	        Index Cond: (id = ANY ('{7494109,9076788,5002614,4241496,7463188,504575,1174305,2973526,6654740,6894597}'::integer[]))

table 7 : explain UPDATE sbtest7 set c=7 WHERE id IN ( 7494109, 9076788, 5002614, 4241496, 7463188, 504575, 1174305, 2973526, 6654740, 6894597)
	Update on sbtest7  (cost=0.43..48.53 rows=0 width=0)
	  ->  Index Scan using sbtest7_pkey on sbtest7  (cost=0.43..48.53 rows=10 width=490)
	        Index Cond: (id = ANY ('{7494109,9076788,5002614,4241496,7463188,504575,1174305,2973526,6654740,6894597}'::integer[]))

table 8 : explain UPDATE sbtest8 set c=7 WHERE id IN ( 7494109, 9076788, 5002614, 4241496, 7463188, 504575, 1174305, 2973526, 6654740, 6894597)
	Update on sbtest8  (cost=0.43..48.53 rows=0 width=0)
	  ->  Index Scan using sbtest8_pkey on sbtest8  (cost=0.43..48.53 rows=10 width=490)
	        Index Cond: (id = ANY ('{7494109,9076788,5002614,4241496,7463188,504575,1174305,2973526,6654740,6894597}'::integer[]))

for update-inlist
table 1 : explain UPDATE sbtest1 set c=7 WHERE id IN ( 6646903, 1048938, 4217217, 173617, 1329163, 5495924, 6755864, 5384958, 618500, 4922872)
	Update on sbtest1  (cost=0.43..48.53 rows=0 width=0)
	  ->  Index Scan using sbtest1_pkey on sbtest1  (cost=0.43..48.53 rows=10 width=490)
	        Index Cond: (id = ANY ('{6646903,1048938,4217217,173617,1329163,5495924,6755864,5384958,618500,4922872}'::integer[]))

table 2 : explain UPDATE sbtest2 set c=7 WHERE id IN ( 6646903, 1048938, 4217217, 173617, 1329163, 5495924, 6755864, 5384958, 618500, 4922872)
	Update on sbtest2  (cost=0.43..48.53 rows=0 width=0)
	  ->  Index Scan using sbtest2_pkey on sbtest2  (cost=0.43..48.53 rows=10 width=490)
	        Index Cond: (id = ANY ('{6646903,1048938,4217217,173617,1329163,5495924,6755864,5384958,618500,4922872}'::integer[]))

table 3 : explain UPDATE sbtest3 set c=7 WHERE id IN ( 6646903, 1048938, 4217217, 173617, 1329163, 5495924, 6755864, 5384958, 618500, 4922872)
	Update on sbtest3  (cost=0.43..48.53 rows=0 width=0)
	  ->  Index Scan using sbtest3_pkey on sbtest3  (cost=0.43..48.53 rows=10 width=490)
	        Index Cond: (id = ANY ('{6646903,1048938,4217217,173617,1329163,5495924,6755864,5384958,618500,4922872}'::integer[]))

table 4 : explain UPDATE sbtest4 set c=7 WHERE id IN ( 6646903, 1048938, 4217217, 173617, 1329163, 5495924, 6755864, 5384958, 618500, 4922872)
	Update on sbtest4  (cost=0.43..48.53 rows=0 width=0)
	  ->  Index Scan using sbtest4_pkey on sbtest4  (cost=0.43..48.53 rows=10 width=490)
	        Index Cond: (id = ANY ('{6646903,1048938,4217217,173617,1329163,5495924,6755864,5384958,618500,4922872}'::integer[]))

table 5 : explain UPDATE sbtest5 set c=7 WHERE id IN ( 6646903, 1048938, 4217217, 173617, 1329163, 5495924, 6755864, 5384958, 618500, 4922872)
	Update on sbtest5  (cost=0.43..48.53 rows=0 width=0)
	  ->  Index Scan using sbtest5_pkey on sbtest5  (cost=0.43..48.53 rows=10 width=490)
	        Index Cond: (id = ANY ('{6646903,1048938,4217217,173617,1329163,5495924,6755864,5384958,618500,4922872}'::integer[]))

table 6 : explain UPDATE sbtest6 set c=7 WHERE id IN ( 6646903, 1048938, 4217217, 173617, 1329163, 5495924, 6755864, 5384958, 618500, 4922872)
	Update on sbtest6  (cost=0.43..48.53 rows=0 width=0)
	  ->  Index Scan using sbtest6_pkey on sbtest6  (cost=0.43..48.53 rows=10 width=490)
	        Index Cond: (id = ANY ('{6646903,1048938,4217217,173617,1329163,5495924,6755864,5384958,618500,4922872}'::integer[]))

table 7 : explain UPDATE sbtest7 set c=7 WHERE id IN ( 6646903, 1048938, 4217217, 173617, 1329163, 5495924, 6755864, 5384958, 618500, 4922872)
	Update on sbtest7  (cost=0.43..48.53 rows=0 width=0)
	  ->  Index Scan using sbtest7_pkey on sbtest7  (cost=0.43..48.53 rows=10 width=490)
	        Index Cond: (id = ANY ('{6646903,1048938,4217217,173617,1329163,5495924,6755864,5384958,618500,4922872}'::integer[]))

table 8 : explain UPDATE sbtest8 set c=7 WHERE id IN ( 6646903, 1048938, 4217217, 173617, 1329163, 5495924, 6755864, 5384958, 618500, 4922872)
	Update on sbtest8  (cost=0.43..48.53 rows=0 width=0)
	  ->  Index Scan using sbtest8_pkey on sbtest8  (cost=0.43..48.53 rows=10 width=490)
	        Index Cond: (id = ANY ('{6646903,1048938,4217217,173617,1329163,5495924,6755864,5384958,618500,4922872}'::integer[]))

for update-inlist
table 1 : explain UPDATE sbtest1 set c=7 WHERE id IN ( 6976941, 4681330, 3587214, 8475553, 422020, 6239371, 6114801, 2131191, 8444782, 4589458)
	Update on sbtest1  (cost=0.43..48.53 rows=0 width=0)
	  ->  Index Scan using sbtest1_pkey on sbtest1  (cost=0.43..48.53 rows=10 width=490)
	        Index Cond: (id = ANY ('{6976941,4681330,3587214,8475553,422020,6239371,6114801,2131191,8444782,4589458}'::integer[]))

table 2 : explain UPDATE sbtest2 set c=7 WHERE id IN ( 6976941, 4681330, 3587214, 8475553, 422020, 6239371, 6114801, 2131191, 8444782, 4589458)
	Update on sbtest2  (cost=0.43..48.53 rows=0 width=0)
	  ->  Index Scan using sbtest2_pkey on sbtest2  (cost=0.43..48.53 rows=10 width=490)
	        Index Cond: (id = ANY ('{6976941,4681330,3587214,8475553,422020,6239371,6114801,2131191,8444782,4589458}'::integer[]))

table 3 : explain UPDATE sbtest3 set c=7 WHERE id IN ( 6976941, 4681330, 3587214, 8475553, 422020, 6239371, 6114801, 2131191, 8444782, 4589458)
	Update on sbtest3  (cost=0.43..48.53 rows=0 width=0)
	  ->  Index Scan using sbtest3_pkey on sbtest3  (cost=0.43..48.53 rows=10 width=490)
	        Index Cond: (id = ANY ('{6976941,4681330,3587214,8475553,422020,6239371,6114801,2131191,8444782,4589458}'::integer[]))

table 4 : explain UPDATE sbtest4 set c=7 WHERE id IN ( 6976941, 4681330, 3587214, 8475553, 422020, 6239371, 6114801, 2131191, 8444782, 4589458)
	Update on sbtest4  (cost=0.43..48.53 rows=0 width=0)
	  ->  Index Scan using sbtest4_pkey on sbtest4  (cost=0.43..48.53 rows=10 width=490)
	        Index Cond: (id = ANY ('{6976941,4681330,3587214,8475553,422020,6239371,6114801,2131191,8444782,4589458}'::integer[]))

table 5 : explain UPDATE sbtest5 set c=7 WHERE id IN ( 6976941, 4681330, 3587214, 8475553, 422020, 6239371, 6114801, 2131191, 8444782, 4589458)
	Update on sbtest5  (cost=0.43..48.53 rows=0 width=0)
	  ->  Index Scan using sbtest5_pkey on sbtest5  (cost=0.43..48.53 rows=10 width=490)
	        Index Cond: (id = ANY ('{6976941,4681330,3587214,8475553,422020,6239371,6114801,2131191,8444782,4589458}'::integer[]))

table 6 : explain UPDATE sbtest6 set c=7 WHERE id IN ( 6976941, 4681330, 3587214, 8475553, 422020, 6239371, 6114801, 2131191, 8444782, 4589458)
	Update on sbtest6  (cost=0.43..48.53 rows=0 width=0)
	  ->  Index Scan using sbtest6_pkey on sbtest6  (cost=0.43..48.53 rows=10 width=490)
	        Index Cond: (id = ANY ('{6976941,4681330,3587214,8475553,422020,6239371,6114801,2131191,8444782,4589458}'::integer[]))

table 7 : explain UPDATE sbtest7 set c=7 WHERE id IN ( 6976941, 4681330, 3587214, 8475553, 422020, 6239371, 6114801, 2131191, 8444782, 4589458)
	Update on sbtest7  (cost=0.43..48.53 rows=0 width=0)
	  ->  Index Scan using sbtest7_pkey on sbtest7  (cost=0.43..48.53 rows=10 width=490)
	        Index Cond: (id = ANY ('{6976941,4681330,3587214,8475553,422020,6239371,6114801,2131191,8444782,4589458}'::integer[]))

table 8 : explain UPDATE sbtest8 set c=7 WHERE id IN ( 6976941, 4681330, 3587214, 8475553, 422020, 6239371, 6114801, 2131191, 8444782, 4589458)
	Update on sbtest8  (cost=0.43..48.53 rows=0 width=0)
	  ->  Index Scan using sbtest8_pkey on sbtest8  (cost=0.43..48.53 rows=10 width=490)
	        Index Cond: (id = ANY ('{6976941,4681330,3587214,8475553,422020,6239371,6114801,2131191,8444782,4589458}'::integer[]))

explain: for update-inlist :: explain UPDATE sbtest%d set c=7 WHERE id IN ( 3235348, 5814204, 2595361, 7635818, 8469507, 2340359, 2068029, 4086960, 446882, 6128531)
explain: for update-inlist :: explain UPDATE sbtest%d set c=7 WHERE id IN ( 6439427, 3928093, 6177248, 4954774, 6774171, 6010144, 9069112, 4228312, 8596137, 1290384)
explain: for update-inlist :: explain UPDATE sbtest%d set c=7 WHERE id IN ( 6619885, 7459382, 8101739, 631099, 1444475, 1592343, 1378662, 7293015, 2603814, 1619023)
for update-inlist
table 1 : explain UPDATE sbtest1 set c=7 WHERE id IN ( 3235348, 5814204, 2595361, 7635818, 8469507, 2340359, 2068029, 4086960, 446882, 6128531)
	Update on sbtest1  (cost=0.43..48.53 rows=0 width=0)
	  ->  Index Scan using sbtest1_pkey on sbtest1  (cost=0.43..48.53 rows=10 width=490)
	        Index Cond: (id = ANY ('{3235348,5814204,2595361,7635818,8469507,2340359,2068029,4086960,446882,6128531}'::integer[]))

table 2 : explain UPDATE sbtest2 set c=7 WHERE id IN ( 3235348, 5814204, 2595361, 7635818, 8469507, 2340359, 2068029, 4086960, 446882, 6128531)
	Update on sbtest2  (cost=0.43..48.53 rows=0 width=0)
	  ->  Index Scan using sbtest2_pkey on sbtest2  (cost=0.43..48.53 rows=10 width=490)
	        Index Cond: (id = ANY ('{3235348,5814204,2595361,7635818,8469507,2340359,2068029,4086960,446882,6128531}'::integer[]))

table 3 : explain UPDATE sbtest3 set c=7 WHERE id IN ( 3235348, 5814204, 2595361, 7635818, 8469507, 2340359, 2068029, 4086960, 446882, 6128531)
	Update on sbtest3  (cost=0.43..48.53 rows=0 width=0)
	  ->  Index Scan using sbtest3_pkey on sbtest3  (cost=0.43..48.53 rows=10 width=490)
	        Index Cond: (id = ANY ('{3235348,5814204,2595361,7635818,8469507,2340359,2068029,4086960,446882,6128531}'::integer[]))

table 4 : explain UPDATE sbtest4 set c=7 WHERE id IN ( 3235348, 5814204, 2595361, 7635818, 8469507, 2340359, 2068029, 4086960, 446882, 6128531)
	Update on sbtest4  (cost=0.43..48.53 rows=0 width=0)
	  ->  Index Scan using sbtest4_pkey on sbtest4  (cost=0.43..48.53 rows=10 width=490)
	        Index Cond: (id = ANY ('{3235348,5814204,2595361,7635818,8469507,2340359,2068029,4086960,446882,6128531}'::integer[]))

table 5 : explain UPDATE sbtest5 set c=7 WHERE id IN ( 3235348, 5814204, 2595361, 7635818, 8469507, 2340359, 2068029, 4086960, 446882, 6128531)
	Update on sbtest5  (cost=0.43..48.53 rows=0 width=0)
	  ->  Index Scan using sbtest5_pkey on sbtest5  (cost=0.43..48.53 rows=10 width=490)
	        Index Cond: (id = ANY ('{3235348,5814204,2595361,7635818,8469507,2340359,2068029,4086960,446882,6128531}'::integer[]))

table 6 : explain UPDATE sbtest6 set c=7 WHERE id IN ( 3235348, 5814204, 2595361, 7635818, 8469507, 2340359, 2068029, 4086960, 446882, 6128531)
	Update on sbtest6  (cost=0.43..48.53 rows=0 width=0)
	  ->  Index Scan using sbtest6_pkey on sbtest6  (cost=0.43..48.53 rows=10 width=490)
	        Index Cond: (id = ANY ('{3235348,5814204,2595361,7635818,8469507,2340359,2068029,4086960,446882,6128531}'::integer[]))

table 7 : explain UPDATE sbtest7 set c=7 WHERE id IN ( 3235348, 5814204, 2595361, 7635818, 8469507, 2340359, 2068029, 4086960, 446882, 6128531)
	Update on sbtest7  (cost=0.43..48.53 rows=0 width=0)
	  ->  Index Scan using sbtest7_pkey on sbtest7  (cost=0.43..48.53 rows=10 width=490)
	        Index Cond: (id = ANY ('{3235348,5814204,2595361,7635818,8469507,2340359,2068029,4086960,446882,6128531}'::integer[]))

table 8 : explain UPDATE sbtest8 set c=7 WHERE id IN ( 3235348, 5814204, 2595361, 7635818, 8469507, 2340359, 2068029, 4086960, 446882, 6128531)
	Update on sbtest8  (cost=0.43..48.53 rows=0 width=0)
	  ->  Index Scan using sbtest8_pkey on sbtest8  (cost=0.43..48.53 rows=10 width=490)
	        Index Cond: (id = ANY ('{3235348,5814204,2595361,7635818,8469507,2340359,2068029,4086960,446882,6128531}'::integer[]))

for update-inlist
table 1 : explain UPDATE sbtest1 set c=7 WHERE id IN ( 6619885, 7459382, 8101739, 631099, 1444475, 1592343, 1378662, 7293015, 2603814, 1619023)
	Update on sbtest1  (cost=0.43..48.53 rows=0 width=0)
	  ->  Index Scan using sbtest1_pkey on sbtest1  (cost=0.43..48.53 rows=10 width=490)
	        Index Cond: (id = ANY ('{6619885,7459382,8101739,631099,1444475,1592343,1378662,7293015,2603814,1619023}'::integer[]))

table 2 : explain UPDATE sbtest2 set c=7 WHERE id IN ( 6619885, 7459382, 8101739, 631099, 1444475, 1592343, 1378662, 7293015, 2603814, 1619023)
	Update on sbtest2  (cost=0.43..48.53 rows=0 width=0)
	  ->  Index Scan using sbtest2_pkey on sbtest2  (cost=0.43..48.53 rows=10 width=490)
	        Index Cond: (id = ANY ('{6619885,7459382,8101739,631099,1444475,1592343,1378662,7293015,2603814,1619023}'::integer[]))

table 3 : explain UPDATE sbtest3 set c=7 WHERE id IN ( 6619885, 7459382, 8101739, 631099, 1444475, 1592343, 1378662, 7293015, 2603814, 1619023)
	Update on sbtest3  (cost=0.43..48.53 rows=0 width=0)
	  ->  Index Scan using sbtest3_pkey on sbtest3  (cost=0.43..48.53 rows=10 width=490)
	        Index Cond: (id = ANY ('{6619885,7459382,8101739,631099,1444475,1592343,1378662,7293015,2603814,1619023}'::integer[]))

table 4 : explain UPDATE sbtest4 set c=7 WHERE id IN ( 6619885, 7459382, 8101739, 631099, 1444475, 1592343, 1378662, 7293015, 2603814, 1619023)
	Update on sbtest4  (cost=0.43..48.53 rows=0 width=0)
	  ->  Index Scan using sbtest4_pkey on sbtest4  (cost=0.43..48.53 rows=10 width=490)
	        Index Cond: (id = ANY ('{6619885,7459382,8101739,631099,1444475,1592343,1378662,7293015,2603814,1619023}'::integer[]))

table 5 : explain UPDATE sbtest5 set c=7 WHERE id IN ( 6619885, 7459382, 8101739, 631099, 1444475, 1592343, 1378662, 7293015, 2603814, 1619023)
	Update on sbtest5  (cost=0.43..48.53 rows=0 width=0)
	  ->  Index Scan using sbtest5_pkey on sbtest5  (cost=0.43..48.53 rows=10 width=490)
	        Index Cond: (id = ANY ('{6619885,7459382,8101739,631099,1444475,1592343,1378662,7293015,2603814,1619023}'::integer[]))

table 6 : explain UPDATE sbtest6 set c=7 WHERE id IN ( 6619885, 7459382, 8101739, 631099, 1444475, 1592343, 1378662, 7293015, 2603814, 1619023)
	Update on sbtest6  (cost=0.43..48.53 rows=0 width=0)
	  ->  Index Scan using sbtest6_pkey on sbtest6  (cost=0.43..48.53 rows=10 width=490)
	        Index Cond: (id = ANY ('{6619885,7459382,8101739,631099,1444475,1592343,1378662,7293015,2603814,1619023}'::integer[]))

table 7 : explain UPDATE sbtest7 set c=7 WHERE id IN ( 6619885, 7459382, 8101739, 631099, 1444475, 1592343, 1378662, 7293015, 2603814, 1619023)
	Update on sbtest7  (cost=0.43..48.53 rows=0 width=0)
	  ->  Index Scan using sbtest7_pkey on sbtest7  (cost=0.43..48.53 rows=10 width=490)
	        Index Cond: (id = ANY ('{6619885,7459382,8101739,631099,1444475,1592343,1378662,7293015,2603814,1619023}'::integer[]))

table 8 : explain UPDATE sbtest8 set c=7 WHERE id IN ( 6619885, 7459382, 8101739, 631099, 1444475, 1592343, 1378662, 7293015, 2603814, 1619023)
	Update on sbtest8  (cost=0.43..48.53 rows=0 width=0)
	  ->  Index Scan using sbtest8_pkey on sbtest8  (cost=0.43..48.53 rows=10 width=490)
	        Index Cond: (id = ANY ('{6619885,7459382,8101739,631099,1444475,1592343,1378662,7293015,2603814,1619023}'::integer[]))

for update-inlist
table 1 : explain UPDATE sbtest1 set c=7 WHERE id IN ( 6439427, 3928093, 6177248, 4954774, 6774171, 6010144, 9069112, 4228312, 8596137, 1290384)
	Update on sbtest1  (cost=0.43..48.53 rows=0 width=0)
	  ->  Index Scan using sbtest1_pkey on sbtest1  (cost=0.43..48.53 rows=10 width=490)
	        Index Cond: (id = ANY ('{6439427,3928093,6177248,4954774,6774171,6010144,9069112,4228312,8596137,1290384}'::integer[]))

table 2 : explain UPDATE sbtest2 set c=7 WHERE id IN ( 6439427, 3928093, 6177248, 4954774, 6774171, 6010144, 9069112, 4228312, 8596137, 1290384)
	Update on sbtest2  (cost=0.43..48.53 rows=0 width=0)
	  ->  Index Scan using sbtest2_pkey on sbtest2  (cost=0.43..48.53 rows=10 width=490)
	        Index Cond: (id = ANY ('{6439427,3928093,6177248,4954774,6774171,6010144,9069112,4228312,8596137,1290384}'::integer[]))

table 3 : explain UPDATE sbtest3 set c=7 WHERE id IN ( 6439427, 3928093, 6177248, 4954774, 6774171, 6010144, 9069112, 4228312, 8596137, 1290384)
	Update on sbtest3  (cost=0.43..48.53 rows=0 width=0)
	  ->  Index Scan using sbtest3_pkey on sbtest3  (cost=0.43..48.53 rows=10 width=490)
	        Index Cond: (id = ANY ('{6439427,3928093,6177248,4954774,6774171,6010144,9069112,4228312,8596137,1290384}'::integer[]))

table 4 : explain UPDATE sbtest4 set c=7 WHERE id IN ( 6439427, 3928093, 6177248, 4954774, 6774171, 6010144, 9069112, 4228312, 8596137, 1290384)
	Update on sbtest4  (cost=0.43..48.53 rows=0 width=0)
	  ->  Index Scan using sbtest4_pkey on sbtest4  (cost=0.43..48.53 rows=10 width=490)
	        Index Cond: (id = ANY ('{6439427,3928093,6177248,4954774,6774171,6010144,9069112,4228312,8596137,1290384}'::integer[]))

table 5 : explain UPDATE sbtest5 set c=7 WHERE id IN ( 6439427, 3928093, 6177248, 4954774, 6774171, 6010144, 9069112, 4228312, 8596137, 1290384)
	Update on sbtest5  (cost=0.43..48.53 rows=0 width=0)
	  ->  Index Scan using sbtest5_pkey on sbtest5  (cost=0.43..48.53 rows=10 width=490)
	        Index Cond: (id = ANY ('{6439427,3928093,6177248,4954774,6774171,6010144,9069112,4228312,8596137,1290384}'::integer[]))

table 6 : explain UPDATE sbtest6 set c=7 WHERE id IN ( 6439427, 3928093, 6177248, 4954774, 6774171, 6010144, 9069112, 4228312, 8596137, 1290384)
	Update on sbtest6  (cost=0.43..48.53 rows=0 width=0)
	  ->  Index Scan using sbtest6_pkey on sbtest6  (cost=0.43..48.53 rows=10 width=490)
	        Index Cond: (id = ANY ('{6439427,3928093,6177248,4954774,6774171,6010144,9069112,4228312,8596137,1290384}'::integer[]))

table 7 : explain UPDATE sbtest7 set c=7 WHERE id IN ( 6439427, 3928093, 6177248, 4954774, 6774171, 6010144, 9069112, 4228312, 8596137, 1290384)
	Update on sbtest7  (cost=0.43..48.53 rows=0 width=0)
	  ->  Index Scan using sbtest7_pkey on sbtest7  (cost=0.43..48.53 rows=10 width=490)
	        Index Cond: (id = ANY ('{6439427,3928093,6177248,4954774,6774171,6010144,9069112,4228312,8596137,1290384}'::integer[]))

table 8 : explain UPDATE sbtest8 set c=7 WHERE id IN ( 6439427, 3928093, 6177248, 4954774, 6774171, 6010144, 9069112, 4228312, 8596137, 1290384)
	Update on sbtest8  (cost=0.43..48.53 rows=0 width=0)
	  ->  Index Scan using sbtest8_pkey on sbtest8  (cost=0.43..48.53 rows=10 width=490)
	        Index Cond: (id = ANY ('{6439427,3928093,6177248,4954774,6774171,6010144,9069112,4228312,8596137,1290384}'::integer[]))

explain: for update-inlist :: explain UPDATE sbtest%d set c=7 WHERE id IN ( 968463, 3931742, 3887179, 1905800, 9315654, 2964154, 9681849, 693222, 1736389, 5429016)
explain: for update-inlist :: explain UPDATE sbtest%d set c=7 WHERE id IN ( 1529642, 465698, 5821077, 1705973, 6340920, 9459466, 8074517, 2291316, 2600101, 1148935)
explain: for update-inlist :: explain UPDATE sbtest%d set c=7 WHERE id IN ( 3104426, 6415438, 9204181, 8771951, 4439715, 5961018, 3838080, 2488246, 8479672, 9922610)
explain: for update-inlist :: explain UPDATE sbtest%d set c=7 WHERE id IN ( 8282876, 5005940, 1596794, 5263687, 4702152, 72005, 3628344, 8369055, 5145239, 9660514)
explain: for update-inlist :: explain UPDATE sbtest%d set c=7 WHERE id IN ( 7307311, 9921380, 6298203, 5859846, 4600331, 431201, 9869802, 409915, 9671570, 6994695)
for update-inlist
table 1 : explain UPDATE sbtest1 set c=7 WHERE id IN ( 968463, 3931742, 3887179, 1905800, 9315654, 2964154, 9681849, 693222, 1736389, 5429016)
	Update on sbtest1  (cost=0.43..48.53 rows=0 width=0)
	  ->  Index Scan using sbtest1_pkey on sbtest1  (cost=0.43..48.53 rows=10 width=490)
	        Index Cond: (id = ANY ('{968463,3931742,3887179,1905800,9315654,2964154,9681849,693222,1736389,5429016}'::integer[]))

table 2 : explain UPDATE sbtest2 set c=7 WHERE id IN ( 968463, 3931742, 3887179, 1905800, 9315654, 2964154, 9681849, 693222, 1736389, 5429016)
	Update on sbtest2  (cost=0.43..48.53 rows=0 width=0)
	  ->  Index Scan using sbtest2_pkey on sbtest2  (cost=0.43..48.53 rows=10 width=490)
	        Index Cond: (id = ANY ('{968463,3931742,3887179,1905800,9315654,2964154,9681849,693222,1736389,5429016}'::integer[]))

table 3 : explain UPDATE sbtest3 set c=7 WHERE id IN ( 968463, 3931742, 3887179, 1905800, 9315654, 2964154, 9681849, 693222, 1736389, 5429016)
	Update on sbtest3  (cost=0.43..48.53 rows=0 width=0)
	  ->  Index Scan using sbtest3_pkey on sbtest3  (cost=0.43..48.53 rows=10 width=490)
	        Index Cond: (id = ANY ('{968463,3931742,3887179,1905800,9315654,2964154,9681849,693222,1736389,5429016}'::integer[]))

table 4 : explain UPDATE sbtest4 set c=7 WHERE id IN ( 968463, 3931742, 3887179, 1905800, 9315654, 2964154, 9681849, 693222, 1736389, 5429016)
	Update on sbtest4  (cost=0.43..48.53 rows=0 width=0)
	  ->  Index Scan using sbtest4_pkey on sbtest4  (cost=0.43..48.53 rows=10 width=490)
	        Index Cond: (id = ANY ('{968463,3931742,3887179,1905800,9315654,2964154,9681849,693222,1736389,5429016}'::integer[]))

table 5 : explain UPDATE sbtest5 set c=7 WHERE id IN ( 968463, 3931742, 3887179, 1905800, 9315654, 2964154, 9681849, 693222, 1736389, 5429016)
	Update on sbtest5  (cost=0.43..48.53 rows=0 width=0)
	  ->  Index Scan using sbtest5_pkey on sbtest5  (cost=0.43..48.53 rows=10 width=490)
	        Index Cond: (id = ANY ('{968463,3931742,3887179,1905800,9315654,2964154,9681849,693222,1736389,5429016}'::integer[]))

table 6 : explain UPDATE sbtest6 set c=7 WHERE id IN ( 968463, 3931742, 3887179, 1905800, 9315654, 2964154, 9681849, 693222, 1736389, 5429016)
	Update on sbtest6  (cost=0.43..48.53 rows=0 width=0)
	  ->  Index Scan using sbtest6_pkey on sbtest6  (cost=0.43..48.53 rows=10 width=490)
	        Index Cond: (id = ANY ('{968463,3931742,3887179,1905800,9315654,2964154,9681849,693222,1736389,5429016}'::integer[]))

table 7 : explain UPDATE sbtest7 set c=7 WHERE id IN ( 968463, 3931742, 3887179, 1905800, 9315654, 2964154, 9681849, 693222, 1736389, 5429016)
	Update on sbtest7  (cost=0.43..48.53 rows=0 width=0)
	  ->  Index Scan using sbtest7_pkey on sbtest7  (cost=0.43..48.53 rows=10 width=490)
	        Index Cond: (id = ANY ('{968463,3931742,3887179,1905800,9315654,2964154,9681849,693222,1736389,5429016}'::integer[]))

table 8 : explain UPDATE sbtest8 set c=7 WHERE id IN ( 968463, 3931742, 3887179, 1905800, 9315654, 2964154, 9681849, 693222, 1736389, 5429016)
	Update on sbtest8  (cost=0.43..48.53 rows=0 width=0)
	  ->  Index Scan using sbtest8_pkey on sbtest8  (cost=0.43..48.53 rows=10 width=490)
	        Index Cond: (id = ANY ('{968463,3931742,3887179,1905800,9315654,2964154,9681849,693222,1736389,5429016}'::integer[]))

explain: for update-inlist :: explain UPDATE sbtest%d set c=7 WHERE id IN ( 1931318, 713627, 7694365, 3055429, 1924942, 1730301, 9000924, 3157833, 4665156, 2741223)
explain: for update-inlist :: explain UPDATE sbtest%d set c=7 WHERE id IN ( 1419877, 8188729, 80583, 9618599, 9711074, 8535894, 3970526, 5229891, 4146052, 6712667)
explain: for update-inlist :: explain UPDATE sbtest%d set c=7 WHERE id IN ( 4816914, 8036170, 535322, 2540783, 6220851, 2105214, 5384846, 9519544, 5913691, 9608555)
for update-inlist
table 1 : explain UPDATE sbtest1 set c=7 WHERE id IN ( 3104426, 6415438, 9204181, 8771951, 4439715, 5961018, 3838080, 2488246, 8479672, 9922610)
	Update on sbtest1  (cost=0.43..48.53 rows=0 width=0)
	  ->  Index Scan using sbtest1_pkey on sbtest1  (cost=0.43..48.53 rows=10 width=490)
	        Index Cond: (id = ANY ('{3104426,6415438,9204181,8771951,4439715,5961018,3838080,2488246,8479672,9922610}'::integer[]))

table 2 : explain UPDATE sbtest2 set c=7 WHERE id IN ( 3104426, 6415438, 9204181, 8771951, 4439715, 5961018, 3838080, 2488246, 8479672, 9922610)
	Update on sbtest2  (cost=0.43..48.53 rows=0 width=0)
	  ->  Index Scan using sbtest2_pkey on sbtest2  (cost=0.43..48.53 rows=10 width=490)
	        Index Cond: (id = ANY ('{3104426,6415438,9204181,8771951,4439715,5961018,3838080,2488246,8479672,9922610}'::integer[]))

table 3 : explain UPDATE sbtest3 set c=7 WHERE id IN ( 3104426, 6415438, 9204181, 8771951, 4439715, 5961018, 3838080, 2488246, 8479672, 9922610)
	Update on sbtest3  (cost=0.43..48.53 rows=0 width=0)
	  ->  Index Scan using sbtest3_pkey on sbtest3  (cost=0.43..48.53 rows=10 width=490)
	        Index Cond: (id = ANY ('{3104426,6415438,9204181,8771951,4439715,5961018,3838080,2488246,8479672,9922610}'::integer[]))

table 4 : explain UPDATE sbtest4 set c=7 WHERE id IN ( 3104426, 6415438, 9204181, 8771951, 4439715, 5961018, 3838080, 2488246, 8479672, 9922610)
	Update on sbtest4  (cost=0.43..48.53 rows=0 width=0)
	  ->  Index Scan using sbtest4_pkey on sbtest4  (cost=0.43..48.53 rows=10 width=490)
	        Index Cond: (id = ANY ('{3104426,6415438,9204181,8771951,4439715,5961018,3838080,2488246,8479672,9922610}'::integer[]))

table 5 : explain UPDATE sbtest5 set c=7 WHERE id IN ( 3104426, 6415438, 9204181, 8771951, 4439715, 5961018, 3838080, 2488246, 8479672, 9922610)
	Update on sbtest5  (cost=0.43..48.53 rows=0 width=0)
	  ->  Index Scan using sbtest5_pkey on sbtest5  (cost=0.43..48.53 rows=10 width=490)
	        Index Cond: (id = ANY ('{3104426,6415438,9204181,8771951,4439715,5961018,3838080,2488246,8479672,9922610}'::integer[]))

table 6 : explain UPDATE sbtest6 set c=7 WHERE id IN ( 3104426, 6415438, 9204181, 8771951, 4439715, 5961018, 3838080, 2488246, 8479672, 9922610)
	Update on sbtest6  (cost=0.43..48.53 rows=0 width=0)
	  ->  Index Scan using sbtest6_pkey on sbtest6  (cost=0.43..48.53 rows=10 width=490)
	        Index Cond: (id = ANY ('{3104426,6415438,9204181,8771951,4439715,5961018,3838080,2488246,8479672,9922610}'::integer[]))

table 7 : explain UPDATE sbtest7 set c=7 WHERE id IN ( 3104426, 6415438, 9204181, 8771951, 4439715, 5961018, 3838080, 2488246, 8479672, 9922610)
	Update on sbtest7  (cost=0.43..48.53 rows=0 width=0)
	  ->  Index Scan using sbtest7_pkey on sbtest7  (cost=0.43..48.53 rows=10 width=490)
	        Index Cond: (id = ANY ('{3104426,6415438,9204181,8771951,4439715,5961018,3838080,2488246,8479672,9922610}'::integer[]))

table 8 : explain UPDATE sbtest8 set c=7 WHERE id IN ( 3104426, 6415438, 9204181, 8771951, 4439715, 5961018, 3838080, 2488246, 8479672, 9922610)
	Update on sbtest8  (cost=0.43..48.53 rows=0 width=0)
	  ->  Index Scan using sbtest8_pkey on sbtest8  (cost=0.43..48.53 rows=10 width=490)
	        Index Cond: (id = ANY ('{3104426,6415438,9204181,8771951,4439715,5961018,3838080,2488246,8479672,9922610}'::integer[]))

explain: for update-inlist :: explain UPDATE sbtest%d set c=7 WHERE id IN ( 827283, 2390595, 4671173, 3421182, 2096489, 1685769, 8996951, 8371934, 1732265, 4797362)
explain: for update-inlist :: explain UPDATE sbtest%d set c=7 WHERE id IN ( 5068065, 9268461, 1804111, 4010517, 3052074, 5768200, 3205257, 4314809, 7690769, 8337033)
explain: for update-inlist :: explain UPDATE sbtest%d set c=7 WHERE id IN ( 9419652, 4123799, 3068312, 9223629, 6790595, 3895749, 8138142, 8682553, 8644318, 8250102)
explain: for update-inlist :: explain UPDATE sbtest%d set c=7 WHERE id IN ( 2059145, 8867108, 1832025, 618949, 9848483, 4745160, 7856181, 180621, 1410816, 7727047)
explain: for update-inlist :: explain UPDATE sbtest%d set c=7 WHERE id IN ( 3808869, 5086466, 1454100, 3250026, 8689973, 8089744, 5229822, 9837733, 5741956, 7313710)
for update-inlist
table 1 : explain UPDATE sbtest1 set c=7 WHERE id IN ( 1931318, 713627, 7694365, 3055429, 1924942, 1730301, 9000924, 3157833, 4665156, 2741223)
	Update on sbtest1  (cost=0.43..48.53 rows=0 width=0)
	  ->  Index Scan using sbtest1_pkey on sbtest1  (cost=0.43..48.53 rows=10 width=490)
	        Index Cond: (id = ANY ('{1931318,713627,7694365,3055429,1924942,1730301,9000924,3157833,4665156,2741223}'::integer[]))

table 2 : explain UPDATE sbtest2 set c=7 WHERE id IN ( 1931318, 713627, 7694365, 3055429, 1924942, 1730301, 9000924, 3157833, 4665156, 2741223)
	Update on sbtest2  (cost=0.43..48.53 rows=0 width=0)
	  ->  Index Scan using sbtest2_pkey on sbtest2  (cost=0.43..48.53 rows=10 width=490)
	        Index Cond: (id = ANY ('{1931318,713627,7694365,3055429,1924942,1730301,9000924,3157833,4665156,2741223}'::integer[]))

table 3 : explain UPDATE sbtest3 set c=7 WHERE id IN ( 1931318, 713627, 7694365, 3055429, 1924942, 1730301, 9000924, 3157833, 4665156, 2741223)
	Update on sbtest3  (cost=0.43..48.53 rows=0 width=0)
	  ->  Index Scan using sbtest3_pkey on sbtest3  (cost=0.43..48.53 rows=10 width=490)
	        Index Cond: (id = ANY ('{1931318,713627,7694365,3055429,1924942,1730301,9000924,3157833,4665156,2741223}'::integer[]))

table 4 : explain UPDATE sbtest4 set c=7 WHERE id IN ( 1931318, 713627, 7694365, 3055429, 1924942, 1730301, 9000924, 3157833, 4665156, 2741223)
	Update on sbtest4  (cost=0.43..48.53 rows=0 width=0)
	  ->  Index Scan using sbtest4_pkey on sbtest4  (cost=0.43..48.53 rows=10 width=490)
	        Index Cond: (id = ANY ('{1931318,713627,7694365,3055429,1924942,1730301,9000924,3157833,4665156,2741223}'::integer[]))

table 5 : explain UPDATE sbtest5 set c=7 WHERE id IN ( 1931318, 713627, 7694365, 3055429, 1924942, 1730301, 9000924, 3157833, 4665156, 2741223)
	Update on sbtest5  (cost=0.43..48.53 rows=0 width=0)
	  ->  Index Scan using sbtest5_pkey on sbtest5  (cost=0.43..48.53 rows=10 width=490)
	        Index Cond: (id = ANY ('{1931318,713627,7694365,3055429,1924942,1730301,9000924,3157833,4665156,2741223}'::integer[]))

table 6 : explain UPDATE sbtest6 set c=7 WHERE id IN ( 1931318, 713627, 7694365, 3055429, 1924942, 1730301, 9000924, 3157833, 4665156, 2741223)
	Update on sbtest6  (cost=0.43..48.53 rows=0 width=0)
	  ->  Index Scan using sbtest6_pkey on sbtest6  (cost=0.43..48.53 rows=10 width=490)
	        Index Cond: (id = ANY ('{1931318,713627,7694365,3055429,1924942,1730301,9000924,3157833,4665156,2741223}'::integer[]))

table 7 : explain UPDATE sbtest7 set c=7 WHERE id IN ( 1931318, 713627, 7694365, 3055429, 1924942, 1730301, 9000924, 3157833, 4665156, 2741223)
	Update on sbtest7  (cost=0.43..48.53 rows=0 width=0)
	  ->  Index Scan using sbtest7_pkey on sbtest7  (cost=0.43..48.53 rows=10 width=490)
	        Index Cond: (id = ANY ('{1931318,713627,7694365,3055429,1924942,1730301,9000924,3157833,4665156,2741223}'::integer[]))

table 8 : explain UPDATE sbtest8 set c=7 WHERE id IN ( 1931318, 713627, 7694365, 3055429, 1924942, 1730301, 9000924, 3157833, 4665156, 2741223)
	Update on sbtest8  (cost=0.43..48.53 rows=0 width=0)
	  ->  Index Scan using sbtest8_pkey on sbtest8  (cost=0.43..48.53 rows=10 width=490)
	        Index Cond: (id = ANY ('{1931318,713627,7694365,3055429,1924942,1730301,9000924,3157833,4665156,2741223}'::integer[]))

explain: for update-inlist :: explain UPDATE sbtest%d set c=7 WHERE id IN ( 6961776, 4328509, 9850817, 8239679, 1449357, 6095444, 6184011, 5456717, 9233880, 5698774)
for update-inlist
table 1 : explain UPDATE sbtest1 set c=7 WHERE id IN ( 7307311, 9921380, 6298203, 5859846, 4600331, 431201, 9869802, 409915, 9671570, 6994695)
	Update on sbtest1  (cost=0.43..48.53 rows=0 width=0)
	  ->  Index Scan using sbtest1_pkey on sbtest1  (cost=0.43..48.53 rows=10 width=490)
	        Index Cond: (id = ANY ('{7307311,9921380,6298203,5859846,4600331,431201,9869802,409915,9671570,6994695}'::integer[]))

table 2 : explain UPDATE sbtest2 set c=7 WHERE id IN ( 7307311, 9921380, 6298203, 5859846, 4600331, 431201, 9869802, 409915, 9671570, 6994695)
	Update on sbtest2  (cost=0.43..48.53 rows=0 width=0)
	  ->  Index Scan using sbtest2_pkey on sbtest2  (cost=0.43..48.53 rows=10 width=490)
	        Index Cond: (id = ANY ('{7307311,9921380,6298203,5859846,4600331,431201,9869802,409915,9671570,6994695}'::integer[]))

table 3 : explain UPDATE sbtest3 set c=7 WHERE id IN ( 7307311, 9921380, 6298203, 5859846, 4600331, 431201, 9869802, 409915, 9671570, 6994695)
	Update on sbtest3  (cost=0.43..48.53 rows=0 width=0)
	  ->  Index Scan using sbtest3_pkey on sbtest3  (cost=0.43..48.53 rows=10 width=490)
	        Index Cond: (id = ANY ('{7307311,9921380,6298203,5859846,4600331,431201,9869802,409915,9671570,6994695}'::integer[]))

table 4 : explain UPDATE sbtest4 set c=7 WHERE id IN ( 7307311, 9921380, 6298203, 5859846, 4600331, 431201, 9869802, 409915, 9671570, 6994695)
	Update on sbtest4  (cost=0.43..48.53 rows=0 width=0)
	  ->  Index Scan using sbtest4_pkey on sbtest4  (cost=0.43..48.53 rows=10 width=490)
	        Index Cond: (id = ANY ('{7307311,9921380,6298203,5859846,4600331,431201,9869802,409915,9671570,6994695}'::integer[]))

table 5 : explain UPDATE sbtest5 set c=7 WHERE id IN ( 7307311, 9921380, 6298203, 5859846, 4600331, 431201, 9869802, 409915, 9671570, 6994695)
	Update on sbtest5  (cost=0.43..48.53 rows=0 width=0)
	  ->  Index Scan using sbtest5_pkey on sbtest5  (cost=0.43..48.53 rows=10 width=490)
	        Index Cond: (id = ANY ('{7307311,9921380,6298203,5859846,4600331,431201,9869802,409915,9671570,6994695}'::integer[]))

table 6 : explain UPDATE sbtest6 set c=7 WHERE id IN ( 7307311, 9921380, 6298203, 5859846, 4600331, 431201, 9869802, 409915, 9671570, 6994695)
	Update on sbtest6  (cost=0.43..48.53 rows=0 width=0)
	  ->  Index Scan using sbtest6_pkey on sbtest6  (cost=0.43..48.53 rows=10 width=490)
	        Index Cond: (id = ANY ('{7307311,9921380,6298203,5859846,4600331,431201,9869802,409915,9671570,6994695}'::integer[]))

table 7 : explain UPDATE sbtest7 set c=7 WHERE id IN ( 7307311, 9921380, 6298203, 5859846, 4600331, 431201, 9869802, 409915, 9671570, 6994695)
	Update on sbtest7  (cost=0.43..48.53 rows=0 width=0)
	  ->  Index Scan using sbtest7_pkey on sbtest7  (cost=0.43..48.53 rows=10 width=490)
	        Index Cond: (id = ANY ('{7307311,9921380,6298203,5859846,4600331,431201,9869802,409915,9671570,6994695}'::integer[]))

table 8 : explain UPDATE sbtest8 set c=7 WHERE id IN ( 7307311, 9921380, 6298203, 5859846, 4600331, 431201, 9869802, 409915, 9671570, 6994695)
	Update on sbtest8  (cost=0.43..48.53 rows=0 width=0)
	  ->  Index Scan using sbtest8_pkey on sbtest8  (cost=0.43..48.53 rows=10 width=490)
	        Index Cond: (id = ANY ('{7307311,9921380,6298203,5859846,4600331,431201,9869802,409915,9671570,6994695}'::integer[]))

for update-inlist
table 1 : explain UPDATE sbtest1 set c=7 WHERE id IN ( 1529642, 465698, 5821077, 1705973, 6340920, 9459466, 8074517, 2291316, 2600101, 1148935)
	Update on sbtest1  (cost=0.43..48.53 rows=0 width=0)
	  ->  Index Scan using sbtest1_pkey on sbtest1  (cost=0.43..48.53 rows=10 width=490)
	        Index Cond: (id = ANY ('{1529642,465698,5821077,1705973,6340920,9459466,8074517,2291316,2600101,1148935}'::integer[]))

table 2 : explain UPDATE sbtest2 set c=7 WHERE id IN ( 1529642, 465698, 5821077, 1705973, 6340920, 9459466, 8074517, 2291316, 2600101, 1148935)
	Update on sbtest2  (cost=0.43..48.53 rows=0 width=0)
	  ->  Index Scan using sbtest2_pkey on sbtest2  (cost=0.43..48.53 rows=10 width=490)
	        Index Cond: (id = ANY ('{1529642,465698,5821077,1705973,6340920,9459466,8074517,2291316,2600101,1148935}'::integer[]))

table 3 : explain UPDATE sbtest3 set c=7 WHERE id IN ( 1529642, 465698, 5821077, 1705973, 6340920, 9459466, 8074517, 2291316, 2600101, 1148935)
	Update on sbtest3  (cost=0.43..48.53 rows=0 width=0)
	  ->  Index Scan using sbtest3_pkey on sbtest3  (cost=0.43..48.53 rows=10 width=490)
	        Index Cond: (id = ANY ('{1529642,465698,5821077,1705973,6340920,9459466,8074517,2291316,2600101,1148935}'::integer[]))

table 4 : explain UPDATE sbtest4 set c=7 WHERE id IN ( 1529642, 465698, 5821077, 1705973, 6340920, 9459466, 8074517, 2291316, 2600101, 1148935)
	Update on sbtest4  (cost=0.43..48.53 rows=0 width=0)
	  ->  Index Scan using sbtest4_pkey on sbtest4  (cost=0.43..48.53 rows=10 width=490)
	        Index Cond: (id = ANY ('{1529642,465698,5821077,1705973,6340920,9459466,8074517,2291316,2600101,1148935}'::integer[]))

table 5 : explain UPDATE sbtest5 set c=7 WHERE id IN ( 1529642, 465698, 5821077, 1705973, 6340920, 9459466, 8074517, 2291316, 2600101, 1148935)
	Update on sbtest5  (cost=0.43..48.53 rows=0 width=0)
	  ->  Index Scan using sbtest5_pkey on sbtest5  (cost=0.43..48.53 rows=10 width=490)
	        Index Cond: (id = ANY ('{1529642,465698,5821077,1705973,6340920,9459466,8074517,2291316,2600101,1148935}'::integer[]))

table 6 : explain UPDATE sbtest6 set c=7 WHERE id IN ( 1529642, 465698, 5821077, 1705973, 6340920, 9459466, 8074517, 2291316, 2600101, 1148935)
	Update on sbtest6  (cost=0.43..48.53 rows=0 width=0)
	  ->  Index Scan using sbtest6_pkey on sbtest6  (cost=0.43..48.53 rows=10 width=490)
	        Index Cond: (id = ANY ('{1529642,465698,5821077,1705973,6340920,9459466,8074517,2291316,2600101,1148935}'::integer[]))

table 7 : explain UPDATE sbtest7 set c=7 WHERE id IN ( 1529642, 465698, 5821077, 1705973, 6340920, 9459466, 8074517, 2291316, 2600101, 1148935)
	Update on sbtest7  (cost=0.43..48.53 rows=0 width=0)
	  ->  Index Scan using sbtest7_pkey on sbtest7  (cost=0.43..48.53 rows=10 width=490)
	        Index Cond: (id = ANY ('{1529642,465698,5821077,1705973,6340920,9459466,8074517,2291316,2600101,1148935}'::integer[]))

table 8 : explain UPDATE sbtest8 set c=7 WHERE id IN ( 1529642, 465698, 5821077, 1705973, 6340920, 9459466, 8074517, 2291316, 2600101, 1148935)
	Update on sbtest8  (cost=0.43..48.53 rows=0 width=0)
	  ->  Index Scan using sbtest8_pkey on sbtest8  (cost=0.43..48.53 rows=10 width=490)
	        Index Cond: (id = ANY ('{1529642,465698,5821077,1705973,6340920,9459466,8074517,2291316,2600101,1148935}'::integer[]))

for update-inlist
table 1 : explain UPDATE sbtest1 set c=7 WHERE id IN ( 4816914, 8036170, 535322, 2540783, 6220851, 2105214, 5384846, 9519544, 5913691, 9608555)
	Update on sbtest1  (cost=0.43..48.53 rows=0 width=0)
	  ->  Index Scan using sbtest1_pkey on sbtest1  (cost=0.43..48.53 rows=10 width=490)
	        Index Cond: (id = ANY ('{4816914,8036170,535322,2540783,6220851,2105214,5384846,9519544,5913691,9608555}'::integer[]))

table 2 : explain UPDATE sbtest2 set c=7 WHERE id IN ( 4816914, 8036170, 535322, 2540783, 6220851, 2105214, 5384846, 9519544, 5913691, 9608555)
	Update on sbtest2  (cost=0.43..48.53 rows=0 width=0)
	  ->  Index Scan using sbtest2_pkey on sbtest2  (cost=0.43..48.53 rows=10 width=490)
	        Index Cond: (id = ANY ('{4816914,8036170,535322,2540783,6220851,2105214,5384846,9519544,5913691,9608555}'::integer[]))

table 3 : explain UPDATE sbtest3 set c=7 WHERE id IN ( 4816914, 8036170, 535322, 2540783, 6220851, 2105214, 5384846, 9519544, 5913691, 9608555)
	Update on sbtest3  (cost=0.43..48.53 rows=0 width=0)
	  ->  Index Scan using sbtest3_pkey on sbtest3  (cost=0.43..48.53 rows=10 width=490)
	        Index Cond: (id = ANY ('{4816914,8036170,535322,2540783,6220851,2105214,5384846,9519544,5913691,9608555}'::integer[]))

table 4 : explain UPDATE sbtest4 set c=7 WHERE id IN ( 4816914, 8036170, 535322, 2540783, 6220851, 2105214, 5384846, 9519544, 5913691, 9608555)
	Update on sbtest4  (cost=0.43..48.53 rows=0 width=0)
	  ->  Index Scan using sbtest4_pkey on sbtest4  (cost=0.43..48.53 rows=10 width=490)
	        Index Cond: (id = ANY ('{4816914,8036170,535322,2540783,6220851,2105214,5384846,9519544,5913691,9608555}'::integer[]))

table 5 : explain UPDATE sbtest5 set c=7 WHERE id IN ( 4816914, 8036170, 535322, 2540783, 6220851, 2105214, 5384846, 9519544, 5913691, 9608555)
	Update on sbtest5  (cost=0.43..48.53 rows=0 width=0)
	  ->  Index Scan using sbtest5_pkey on sbtest5  (cost=0.43..48.53 rows=10 width=490)
	        Index Cond: (id = ANY ('{4816914,8036170,535322,2540783,6220851,2105214,5384846,9519544,5913691,9608555}'::integer[]))

table 6 : explain UPDATE sbtest6 set c=7 WHERE id IN ( 4816914, 8036170, 535322, 2540783, 6220851, 2105214, 5384846, 9519544, 5913691, 9608555)
	Update on sbtest6  (cost=0.43..48.53 rows=0 width=0)
	  ->  Index Scan using sbtest6_pkey on sbtest6  (cost=0.43..48.53 rows=10 width=490)
	        Index Cond: (id = ANY ('{4816914,8036170,535322,2540783,6220851,2105214,5384846,9519544,5913691,9608555}'::integer[]))

table 7 : explain UPDATE sbtest7 set c=7 WHERE id IN ( 4816914, 8036170, 535322, 2540783, 6220851, 2105214, 5384846, 9519544, 5913691, 9608555)
	Update on sbtest7  (cost=0.43..48.53 rows=0 width=0)
	  ->  Index Scan using sbtest7_pkey on sbtest7  (cost=0.43..48.53 rows=10 width=490)
	        Index Cond: (id = ANY ('{4816914,8036170,535322,2540783,6220851,2105214,5384846,9519544,5913691,9608555}'::integer[]))

table 8 : explain UPDATE sbtest8 set c=7 WHERE id IN ( 4816914, 8036170, 535322, 2540783, 6220851, 2105214, 5384846, 9519544, 5913691, 9608555)
	Update on sbtest8  (cost=0.43..48.53 rows=0 width=0)
	  ->  Index Scan using sbtest8_pkey on sbtest8  (cost=0.43..48.53 rows=10 width=490)
	        Index Cond: (id = ANY ('{4816914,8036170,535322,2540783,6220851,2105214,5384846,9519544,5913691,9608555}'::integer[]))

explain: for update-inlist :: explain UPDATE sbtest%d set c=7 WHERE id IN ( 2394469, 7406655, 9304022, 4571055, 7655416, 2743260, 8556658, 3080692, 5363090, 2036732)
for update-inlist
table 1 : explain UPDATE sbtest1 set c=7 WHERE id IN ( 5068065, 9268461, 1804111, 4010517, 3052074, 5768200, 3205257, 4314809, 7690769, 8337033)
	Update on sbtest1  (cost=0.43..48.53 rows=0 width=0)
	  ->  Index Scan using sbtest1_pkey on sbtest1  (cost=0.43..48.53 rows=10 width=490)
	        Index Cond: (id = ANY ('{5068065,9268461,1804111,4010517,3052074,5768200,3205257,4314809,7690769,8337033}'::integer[]))

table 2 : explain UPDATE sbtest2 set c=7 WHERE id IN ( 5068065, 9268461, 1804111, 4010517, 3052074, 5768200, 3205257, 4314809, 7690769, 8337033)
	Update on sbtest2  (cost=0.43..48.53 rows=0 width=0)
	  ->  Index Scan using sbtest2_pkey on sbtest2  (cost=0.43..48.53 rows=10 width=490)
	        Index Cond: (id = ANY ('{5068065,9268461,1804111,4010517,3052074,5768200,3205257,4314809,7690769,8337033}'::integer[]))

table 3 : explain UPDATE sbtest3 set c=7 WHERE id IN ( 5068065, 9268461, 1804111, 4010517, 3052074, 5768200, 3205257, 4314809, 7690769, 8337033)
	Update on sbtest3  (cost=0.43..48.53 rows=0 width=0)
	  ->  Index Scan using sbtest3_pkey on sbtest3  (cost=0.43..48.53 rows=10 width=490)
	        Index Cond: (id = ANY ('{5068065,9268461,1804111,4010517,3052074,5768200,3205257,4314809,7690769,8337033}'::integer[]))

table 4 : explain UPDATE sbtest4 set c=7 WHERE id IN ( 5068065, 9268461, 1804111, 4010517, 3052074, 5768200, 3205257, 4314809, 7690769, 8337033)
	Update on sbtest4  (cost=0.43..48.53 rows=0 width=0)
	  ->  Index Scan using sbtest4_pkey on sbtest4  (cost=0.43..48.53 rows=10 width=490)
	        Index Cond: (id = ANY ('{5068065,9268461,1804111,4010517,3052074,5768200,3205257,4314809,7690769,8337033}'::integer[]))

table 5 : explain UPDATE sbtest5 set c=7 WHERE id IN ( 5068065, 9268461, 1804111, 4010517, 3052074, 5768200, 3205257, 4314809, 7690769, 8337033)
	Update on sbtest5  (cost=0.43..48.53 rows=0 width=0)
	  ->  Index Scan using sbtest5_pkey on sbtest5  (cost=0.43..48.53 rows=10 width=490)
	        Index Cond: (id = ANY ('{5068065,9268461,1804111,4010517,3052074,5768200,3205257,4314809,7690769,8337033}'::integer[]))

table 6 : explain UPDATE sbtest6 set c=7 WHERE id IN ( 5068065, 9268461, 1804111, 4010517, 3052074, 5768200, 3205257, 4314809, 7690769, 8337033)
	Update on sbtest6  (cost=0.43..48.53 rows=0 width=0)
	  ->  Index Scan using sbtest6_pkey on sbtest6  (cost=0.43..48.53 rows=10 width=490)
	        Index Cond: (id = ANY ('{5068065,9268461,1804111,4010517,3052074,5768200,3205257,4314809,7690769,8337033}'::integer[]))

table 7 : explain UPDATE sbtest7 set c=7 WHERE id IN ( 5068065, 9268461, 1804111, 4010517, 3052074, 5768200, 3205257, 4314809, 7690769, 8337033)
	Update on sbtest7  (cost=0.43..48.53 rows=0 width=0)
	  ->  Index Scan using sbtest7_pkey on sbtest7  (cost=0.43..48.53 rows=10 width=490)
	        Index Cond: (id = ANY ('{5068065,9268461,1804111,4010517,3052074,5768200,3205257,4314809,7690769,8337033}'::integer[]))

table 8 : explain UPDATE sbtest8 set c=7 WHERE id IN ( 5068065, 9268461, 1804111, 4010517, 3052074, 5768200, 3205257, 4314809, 7690769, 8337033)
	Update on sbtest8  (cost=0.43..48.53 rows=0 width=0)
	  ->  Index Scan using sbtest8_pkey on sbtest8  (cost=0.43..48.53 rows=10 width=490)
	        Index Cond: (id = ANY ('{5068065,9268461,1804111,4010517,3052074,5768200,3205257,4314809,7690769,8337033}'::integer[]))

explain: for update-inlist :: explain UPDATE sbtest%d set c=7 WHERE id IN ( 2520814, 6958094, 9081074, 1956269, 6274409, 1612851, 3388407, 8123277, 6734476, 7719262)
for update-inlist
table 1 : explain UPDATE sbtest1 set c=7 WHERE id IN ( 827283, 2390595, 4671173, 3421182, 2096489, 1685769, 8996951, 8371934, 1732265, 4797362)
	Update on sbtest1  (cost=0.43..48.53 rows=0 width=0)
	  ->  Index Scan using sbtest1_pkey on sbtest1  (cost=0.43..48.53 rows=10 width=490)
	        Index Cond: (id = ANY ('{827283,2390595,4671173,3421182,2096489,1685769,8996951,8371934,1732265,4797362}'::integer[]))

table 2 : explain UPDATE sbtest2 set c=7 WHERE id IN ( 827283, 2390595, 4671173, 3421182, 2096489, 1685769, 8996951, 8371934, 1732265, 4797362)
	Update on sbtest2  (cost=0.43..48.53 rows=0 width=0)
	  ->  Index Scan using sbtest2_pkey on sbtest2  (cost=0.43..48.53 rows=10 width=490)
	        Index Cond: (id = ANY ('{827283,2390595,4671173,3421182,2096489,1685769,8996951,8371934,1732265,4797362}'::integer[]))

table 3 : explain UPDATE sbtest3 set c=7 WHERE id IN ( 827283, 2390595, 4671173, 3421182, 2096489, 1685769, 8996951, 8371934, 1732265, 4797362)
	Update on sbtest3  (cost=0.43..48.53 rows=0 width=0)
	  ->  Index Scan using sbtest3_pkey on sbtest3  (cost=0.43..48.53 rows=10 width=490)
	        Index Cond: (id = ANY ('{827283,2390595,4671173,3421182,2096489,1685769,8996951,8371934,1732265,4797362}'::integer[]))

table 4 : explain UPDATE sbtest4 set c=7 WHERE id IN ( 827283, 2390595, 4671173, 3421182, 2096489, 1685769, 8996951, 8371934, 1732265, 4797362)
	Update on sbtest4  (cost=0.43..48.53 rows=0 width=0)
	  ->  Index Scan using sbtest4_pkey on sbtest4  (cost=0.43..48.53 rows=10 width=490)
	        Index Cond: (id = ANY ('{827283,2390595,4671173,3421182,2096489,1685769,8996951,8371934,1732265,4797362}'::integer[]))

table 5 : explain UPDATE sbtest5 set c=7 WHERE id IN ( 827283, 2390595, 4671173, 3421182, 2096489, 1685769, 8996951, 8371934, 1732265, 4797362)
	Update on sbtest5  (cost=0.43..48.53 rows=0 width=0)
	  ->  Index Scan using sbtest5_pkey on sbtest5  (cost=0.43..48.53 rows=10 width=490)
	        Index Cond: (id = ANY ('{827283,2390595,4671173,3421182,2096489,1685769,8996951,8371934,1732265,4797362}'::integer[]))

table 6 : explain UPDATE sbtest6 set c=7 WHERE id IN ( 827283, 2390595, 4671173, 3421182, 2096489, 1685769, 8996951, 8371934, 1732265, 4797362)
	Update on sbtest6  (cost=0.43..48.53 rows=0 width=0)
	  ->  Index Scan using sbtest6_pkey on sbtest6  (cost=0.43..48.53 rows=10 width=490)
	        Index Cond: (id = ANY ('{827283,2390595,4671173,3421182,2096489,1685769,8996951,8371934,1732265,4797362}'::integer[]))

table 7 : explain UPDATE sbtest7 set c=7 WHERE id IN ( 827283, 2390595, 4671173, 3421182, 2096489, 1685769, 8996951, 8371934, 1732265, 4797362)
	Update on sbtest7  (cost=0.43..48.53 rows=0 width=0)
	  ->  Index Scan using sbtest7_pkey on sbtest7  (cost=0.43..48.53 rows=10 width=490)
	        Index Cond: (id = ANY ('{827283,2390595,4671173,3421182,2096489,1685769,8996951,8371934,1732265,4797362}'::integer[]))

table 8 : explain UPDATE sbtest8 set c=7 WHERE id IN ( 827283, 2390595, 4671173, 3421182, 2096489, 1685769, 8996951, 8371934, 1732265, 4797362)
	Update on sbtest8  (cost=0.43..48.53 rows=0 width=0)
	  ->  Index Scan using sbtest8_pkey on sbtest8  (cost=0.43..48.53 rows=10 width=490)
	        Index Cond: (id = ANY ('{827283,2390595,4671173,3421182,2096489,1685769,8996951,8371934,1732265,4797362}'::integer[]))

explain: for update-inlist :: explain UPDATE sbtest%d set c=7 WHERE id IN ( 2384844, 5484169, 7864236, 154321, 8431822, 3633980, 2753542, 321731, 8559700, 2226220)
explain: for update-inlist :: explain UPDATE sbtest%d set c=7 WHERE id IN ( 5853608, 4210061, 1253258, 9859185, 9666347, 1911640, 1349775, 5451550, 47162, 8000833)
for update-inlist
table 1 : explain UPDATE sbtest1 set c=7 WHERE id IN ( 1419877, 8188729, 80583, 9618599, 9711074, 8535894, 3970526, 5229891, 4146052, 6712667)
	Update on sbtest1  (cost=0.43..48.53 rows=0 width=0)
	  ->  Index Scan using sbtest1_pkey on sbtest1  (cost=0.43..48.53 rows=10 width=490)
	        Index Cond: (id = ANY ('{1419877,8188729,80583,9618599,9711074,8535894,3970526,5229891,4146052,6712667}'::integer[]))

table 2 : explain UPDATE sbtest2 set c=7 WHERE id IN ( 1419877, 8188729, 80583, 9618599, 9711074, 8535894, 3970526, 5229891, 4146052, 6712667)
	Update on sbtest2  (cost=0.43..48.53 rows=0 width=0)
	  ->  Index Scan using sbtest2_pkey on sbtest2  (cost=0.43..48.53 rows=10 width=490)
	        Index Cond: (id = ANY ('{1419877,8188729,80583,9618599,9711074,8535894,3970526,5229891,4146052,6712667}'::integer[]))

table 3 : explain UPDATE sbtest3 set c=7 WHERE id IN ( 1419877, 8188729, 80583, 9618599, 9711074, 8535894, 3970526, 5229891, 4146052, 6712667)
	Update on sbtest3  (cost=0.43..48.53 rows=0 width=0)
	  ->  Index Scan using sbtest3_pkey on sbtest3  (cost=0.43..48.53 rows=10 width=490)
	        Index Cond: (id = ANY ('{1419877,8188729,80583,9618599,9711074,8535894,3970526,5229891,4146052,6712667}'::integer[]))

table 4 : explain UPDATE sbtest4 set c=7 WHERE id IN ( 1419877, 8188729, 80583, 9618599, 9711074, 8535894, 3970526, 5229891, 4146052, 6712667)
	Update on sbtest4  (cost=0.43..48.53 rows=0 width=0)
	  ->  Index Scan using sbtest4_pkey on sbtest4  (cost=0.43..48.53 rows=10 width=490)
	        Index Cond: (id = ANY ('{1419877,8188729,80583,9618599,9711074,8535894,3970526,5229891,4146052,6712667}'::integer[]))

table 5 : explain UPDATE sbtest5 set c=7 WHERE id IN ( 1419877, 8188729, 80583, 9618599, 9711074, 8535894, 3970526, 5229891, 4146052, 6712667)
	Update on sbtest5  (cost=0.43..48.53 rows=0 width=0)
	  ->  Index Scan using sbtest5_pkey on sbtest5  (cost=0.43..48.53 rows=10 width=490)
	        Index Cond: (id = ANY ('{1419877,8188729,80583,9618599,9711074,8535894,3970526,5229891,4146052,6712667}'::integer[]))

table 6 : explain UPDATE sbtest6 set c=7 WHERE id IN ( 1419877, 8188729, 80583, 9618599, 9711074, 8535894, 3970526, 5229891, 4146052, 6712667)
	Update on sbtest6  (cost=0.43..48.53 rows=0 width=0)
	  ->  Index Scan using sbtest6_pkey on sbtest6  (cost=0.43..48.53 rows=10 width=490)
	        Index Cond: (id = ANY ('{1419877,8188729,80583,9618599,9711074,8535894,3970526,5229891,4146052,6712667}'::integer[]))

table 7 : explain UPDATE sbtest7 set c=7 WHERE id IN ( 1419877, 8188729, 80583, 9618599, 9711074, 8535894, 3970526, 5229891, 4146052, 6712667)
	Update on sbtest7  (cost=0.43..48.53 rows=0 width=0)
	  ->  Index Scan using sbtest7_pkey on sbtest7  (cost=0.43..48.53 rows=10 width=490)
	        Index Cond: (id = ANY ('{1419877,8188729,80583,9618599,9711074,8535894,3970526,5229891,4146052,6712667}'::integer[]))

table 8 : explain UPDATE sbtest8 set c=7 WHERE id IN ( 1419877, 8188729, 80583, 9618599, 9711074, 8535894, 3970526, 5229891, 4146052, 6712667)
	Update on sbtest8  (cost=0.43..48.53 rows=0 width=0)
	  ->  Index Scan using sbtest8_pkey on sbtest8  (cost=0.43..48.53 rows=10 width=490)
	        Index Cond: (id = ANY ('{1419877,8188729,80583,9618599,9711074,8535894,3970526,5229891,4146052,6712667}'::integer[]))

for update-inlist
table 1 : explain UPDATE sbtest1 set c=7 WHERE id IN ( 8282876, 5005940, 1596794, 5263687, 4702152, 72005, 3628344, 8369055, 5145239, 9660514)
	Update on sbtest1  (cost=0.43..48.53 rows=0 width=0)
	  ->  Index Scan using sbtest1_pkey on sbtest1  (cost=0.43..48.53 rows=10 width=490)
	        Index Cond: (id = ANY ('{8282876,5005940,1596794,5263687,4702152,72005,3628344,8369055,5145239,9660514}'::integer[]))

table 2 : explain UPDATE sbtest2 set c=7 WHERE id IN ( 8282876, 5005940, 1596794, 5263687, 4702152, 72005, 3628344, 8369055, 5145239, 9660514)
	Update on sbtest2  (cost=0.43..48.53 rows=0 width=0)
	  ->  Index Scan using sbtest2_pkey on sbtest2  (cost=0.43..48.53 rows=10 width=490)
	        Index Cond: (id = ANY ('{8282876,5005940,1596794,5263687,4702152,72005,3628344,8369055,5145239,9660514}'::integer[]))

table 3 : explain UPDATE sbtest3 set c=7 WHERE id IN ( 8282876, 5005940, 1596794, 5263687, 4702152, 72005, 3628344, 8369055, 5145239, 9660514)
	Update on sbtest3  (cost=0.43..48.53 rows=0 width=0)
	  ->  Index Scan using sbtest3_pkey on sbtest3  (cost=0.43..48.53 rows=10 width=490)
	        Index Cond: (id = ANY ('{8282876,5005940,1596794,5263687,4702152,72005,3628344,8369055,5145239,9660514}'::integer[]))

table 4 : explain UPDATE sbtest4 set c=7 WHERE id IN ( 8282876, 5005940, 1596794, 5263687, 4702152, 72005, 3628344, 8369055, 5145239, 9660514)
	Update on sbtest4  (cost=0.43..48.53 rows=0 width=0)
	  ->  Index Scan using sbtest4_pkey on sbtest4  (cost=0.43..48.53 rows=10 width=490)
	        Index Cond: (id = ANY ('{8282876,5005940,1596794,5263687,4702152,72005,3628344,8369055,5145239,9660514}'::integer[]))

table 5 : explain UPDATE sbtest5 set c=7 WHERE id IN ( 8282876, 5005940, 1596794, 5263687, 4702152, 72005, 3628344, 8369055, 5145239, 9660514)
	Update on sbtest5  (cost=0.43..48.53 rows=0 width=0)
	  ->  Index Scan using sbtest5_pkey on sbtest5  (cost=0.43..48.53 rows=10 width=490)
	        Index Cond: (id = ANY ('{8282876,5005940,1596794,5263687,4702152,72005,3628344,8369055,5145239,9660514}'::integer[]))

table 6 : explain UPDATE sbtest6 set c=7 WHERE id IN ( 8282876, 5005940, 1596794, 5263687, 4702152, 72005, 3628344, 8369055, 5145239, 9660514)
	Update on sbtest6  (cost=0.43..48.53 rows=0 width=0)
	  ->  Index Scan using sbtest6_pkey on sbtest6  (cost=0.43..48.53 rows=10 width=490)
	        Index Cond: (id = ANY ('{8282876,5005940,1596794,5263687,4702152,72005,3628344,8369055,5145239,9660514}'::integer[]))

table 7 : explain UPDATE sbtest7 set c=7 WHERE id IN ( 8282876, 5005940, 1596794, 5263687, 4702152, 72005, 3628344, 8369055, 5145239, 9660514)
	Update on sbtest7  (cost=0.43..48.53 rows=0 width=0)
	  ->  Index Scan using sbtest7_pkey on sbtest7  (cost=0.43..48.53 rows=10 width=490)
	        Index Cond: (id = ANY ('{8282876,5005940,1596794,5263687,4702152,72005,3628344,8369055,5145239,9660514}'::integer[]))

table 8 : explain UPDATE sbtest8 set c=7 WHERE id IN ( 8282876, 5005940, 1596794, 5263687, 4702152, 72005, 3628344, 8369055, 5145239, 9660514)
	Update on sbtest8  (cost=0.43..48.53 rows=0 width=0)
	  ->  Index Scan using sbtest8_pkey on sbtest8  (cost=0.43..48.53 rows=10 width=490)
	        Index Cond: (id = ANY ('{8282876,5005940,1596794,5263687,4702152,72005,3628344,8369055,5145239,9660514}'::integer[]))

explain: for update-inlist :: explain UPDATE sbtest%d set c=7 WHERE id IN ( 514936, 1978648, 6277756, 8560019, 4621358, 2652955, 9254443, 6608391, 9967525, 5314602)
for update-inlist
table 1 : explain UPDATE sbtest1 set c=7 WHERE id IN ( 2059145, 8867108, 1832025, 618949, 9848483, 4745160, 7856181, 180621, 1410816, 7727047)
	Update on sbtest1  (cost=0.43..48.53 rows=0 width=0)
	  ->  Index Scan using sbtest1_pkey on sbtest1  (cost=0.43..48.53 rows=10 width=490)
	        Index Cond: (id = ANY ('{2059145,8867108,1832025,618949,9848483,4745160,7856181,180621,1410816,7727047}'::integer[]))

table 2 : explain UPDATE sbtest2 set c=7 WHERE id IN ( 2059145, 8867108, 1832025, 618949, 9848483, 4745160, 7856181, 180621, 1410816, 7727047)
	Update on sbtest2  (cost=0.43..48.53 rows=0 width=0)
	  ->  Index Scan using sbtest2_pkey on sbtest2  (cost=0.43..48.53 rows=10 width=490)
	        Index Cond: (id = ANY ('{2059145,8867108,1832025,618949,9848483,4745160,7856181,180621,1410816,7727047}'::integer[]))

table 3 : explain UPDATE sbtest3 set c=7 WHERE id IN ( 2059145, 8867108, 1832025, 618949, 9848483, 4745160, 7856181, 180621, 1410816, 7727047)
	Update on sbtest3  (cost=0.43..48.53 rows=0 width=0)
	  ->  Index Scan using sbtest3_pkey on sbtest3  (cost=0.43..48.53 rows=10 width=490)
	        Index Cond: (id = ANY ('{2059145,8867108,1832025,618949,9848483,4745160,7856181,180621,1410816,7727047}'::integer[]))

table 4 : explain UPDATE sbtest4 set c=7 WHERE id IN ( 2059145, 8867108, 1832025, 618949, 9848483, 4745160, 7856181, 180621, 1410816, 7727047)
	Update on sbtest4  (cost=0.43..48.53 rows=0 width=0)
	  ->  Index Scan using sbtest4_pkey on sbtest4  (cost=0.43..48.53 rows=10 width=490)
	        Index Cond: (id = ANY ('{2059145,8867108,1832025,618949,9848483,4745160,7856181,180621,1410816,7727047}'::integer[]))

table 5 : explain UPDATE sbtest5 set c=7 WHERE id IN ( 2059145, 8867108, 1832025, 618949, 9848483, 4745160, 7856181, 180621, 1410816, 7727047)
	Update on sbtest5  (cost=0.43..48.53 rows=0 width=0)
	  ->  Index Scan using sbtest5_pkey on sbtest5  (cost=0.43..48.53 rows=10 width=490)
	        Index Cond: (id = ANY ('{2059145,8867108,1832025,618949,9848483,4745160,7856181,180621,1410816,7727047}'::integer[]))

table 6 : explain UPDATE sbtest6 set c=7 WHERE id IN ( 2059145, 8867108, 1832025, 618949, 9848483, 4745160, 7856181, 180621, 1410816, 7727047)
	Update on sbtest6  (cost=0.43..48.53 rows=0 width=0)
	  ->  Index Scan using sbtest6_pkey on sbtest6  (cost=0.43..48.53 rows=10 width=490)
	        Index Cond: (id = ANY ('{2059145,8867108,1832025,618949,9848483,4745160,7856181,180621,1410816,7727047}'::integer[]))

table 7 : explain UPDATE sbtest7 set c=7 WHERE id IN ( 2059145, 8867108, 1832025, 618949, 9848483, 4745160, 7856181, 180621, 1410816, 7727047)
	Update on sbtest7  (cost=0.43..48.53 rows=0 width=0)
	  ->  Index Scan using sbtest7_pkey on sbtest7  (cost=0.43..48.53 rows=10 width=490)
	        Index Cond: (id = ANY ('{2059145,8867108,1832025,618949,9848483,4745160,7856181,180621,1410816,7727047}'::integer[]))

table 8 : explain UPDATE sbtest8 set c=7 WHERE id IN ( 2059145, 8867108, 1832025, 618949, 9848483, 4745160, 7856181, 180621, 1410816, 7727047)
	Update on sbtest8  (cost=0.43..48.53 rows=0 width=0)
	  ->  Index Scan using sbtest8_pkey on sbtest8  (cost=0.43..48.53 rows=10 width=490)
	        Index Cond: (id = ANY ('{2059145,8867108,1832025,618949,9848483,4745160,7856181,180621,1410816,7727047}'::integer[]))

for update-inlist
table 1 : explain UPDATE sbtest1 set c=7 WHERE id IN ( 3808869, 5086466, 1454100, 3250026, 8689973, 8089744, 5229822, 9837733, 5741956, 7313710)
	Update on sbtest1  (cost=0.43..48.53 rows=0 width=0)
	  ->  Index Scan using sbtest1_pkey on sbtest1  (cost=0.43..48.53 rows=10 width=490)
	        Index Cond: (id = ANY ('{3808869,5086466,1454100,3250026,8689973,8089744,5229822,9837733,5741956,7313710}'::integer[]))

table 2 : explain UPDATE sbtest2 set c=7 WHERE id IN ( 3808869, 5086466, 1454100, 3250026, 8689973, 8089744, 5229822, 9837733, 5741956, 7313710)
	Update on sbtest2  (cost=0.43..48.53 rows=0 width=0)
	  ->  Index Scan using sbtest2_pkey on sbtest2  (cost=0.43..48.53 rows=10 width=490)
	        Index Cond: (id = ANY ('{3808869,5086466,1454100,3250026,8689973,8089744,5229822,9837733,5741956,7313710}'::integer[]))

table 3 : explain UPDATE sbtest3 set c=7 WHERE id IN ( 3808869, 5086466, 1454100, 3250026, 8689973, 8089744, 5229822, 9837733, 5741956, 7313710)
	Update on sbtest3  (cost=0.43..48.53 rows=0 width=0)
	  ->  Index Scan using sbtest3_pkey on sbtest3  (cost=0.43..48.53 rows=10 width=490)
	        Index Cond: (id = ANY ('{3808869,5086466,1454100,3250026,8689973,8089744,5229822,9837733,5741956,7313710}'::integer[]))

table 4 : explain UPDATE sbtest4 set c=7 WHERE id IN ( 3808869, 5086466, 1454100, 3250026, 8689973, 8089744, 5229822, 9837733, 5741956, 7313710)
	Update on sbtest4  (cost=0.43..48.53 rows=0 width=0)
	  ->  Index Scan using sbtest4_pkey on sbtest4  (cost=0.43..48.53 rows=10 width=490)
	        Index Cond: (id = ANY ('{3808869,5086466,1454100,3250026,8689973,8089744,5229822,9837733,5741956,7313710}'::integer[]))

table 5 : explain UPDATE sbtest5 set c=7 WHERE id IN ( 3808869, 5086466, 1454100, 3250026, 8689973, 8089744, 5229822, 9837733, 5741956, 7313710)
	Update on sbtest5  (cost=0.43..48.53 rows=0 width=0)
	  ->  Index Scan using sbtest5_pkey on sbtest5  (cost=0.43..48.53 rows=10 width=490)
	        Index Cond: (id = ANY ('{3808869,5086466,1454100,3250026,8689973,8089744,5229822,9837733,5741956,7313710}'::integer[]))

table 6 : explain UPDATE sbtest6 set c=7 WHERE id IN ( 3808869, 5086466, 1454100, 3250026, 8689973, 8089744, 5229822, 9837733, 5741956, 7313710)
	Update on sbtest6  (cost=0.43..48.53 rows=0 width=0)
	  ->  Index Scan using sbtest6_pkey on sbtest6  (cost=0.43..48.53 rows=10 width=490)
	        Index Cond: (id = ANY ('{3808869,5086466,1454100,3250026,8689973,8089744,5229822,9837733,5741956,7313710}'::integer[]))

table 7 : explain UPDATE sbtest7 set c=7 WHERE id IN ( 3808869, 5086466, 1454100, 3250026, 8689973, 8089744, 5229822, 9837733, 5741956, 7313710)
	Update on sbtest7  (cost=0.43..48.53 rows=0 width=0)
	  ->  Index Scan using sbtest7_pkey on sbtest7  (cost=0.43..48.53 rows=10 width=490)
	        Index Cond: (id = ANY ('{3808869,5086466,1454100,3250026,8689973,8089744,5229822,9837733,5741956,7313710}'::integer[]))

table 8 : explain UPDATE sbtest8 set c=7 WHERE id IN ( 3808869, 5086466, 1454100, 3250026, 8689973, 8089744, 5229822, 9837733, 5741956, 7313710)
	Update on sbtest8  (cost=0.43..48.53 rows=0 width=0)
	  ->  Index Scan using sbtest8_pkey on sbtest8  (cost=0.43..48.53 rows=10 width=490)
	        Index Cond: (id = ANY ('{3808869,5086466,1454100,3250026,8689973,8089744,5229822,9837733,5741956,7313710}'::integer[]))

for update-inlist
table 1 : explain UPDATE sbtest1 set c=7 WHERE id IN ( 6961776, 4328509, 9850817, 8239679, 1449357, 6095444, 6184011, 5456717, 9233880, 5698774)
	Update on sbtest1  (cost=0.43..48.53 rows=0 width=0)
	  ->  Index Scan using sbtest1_pkey on sbtest1  (cost=0.43..48.53 rows=10 width=490)
	        Index Cond: (id = ANY ('{6961776,4328509,9850817,8239679,1449357,6095444,6184011,5456717,9233880,5698774}'::integer[]))

table 2 : explain UPDATE sbtest2 set c=7 WHERE id IN ( 6961776, 4328509, 9850817, 8239679, 1449357, 6095444, 6184011, 5456717, 9233880, 5698774)
	Update on sbtest2  (cost=0.43..48.53 rows=0 width=0)
	  ->  Index Scan using sbtest2_pkey on sbtest2  (cost=0.43..48.53 rows=10 width=490)
	        Index Cond: (id = ANY ('{6961776,4328509,9850817,8239679,1449357,6095444,6184011,5456717,9233880,5698774}'::integer[]))

table 3 : explain UPDATE sbtest3 set c=7 WHERE id IN ( 6961776, 4328509, 9850817, 8239679, 1449357, 6095444, 6184011, 5456717, 9233880, 5698774)
	Update on sbtest3  (cost=0.43..48.53 rows=0 width=0)
	  ->  Index Scan using sbtest3_pkey on sbtest3  (cost=0.43..48.53 rows=10 width=490)
	        Index Cond: (id = ANY ('{6961776,4328509,9850817,8239679,1449357,6095444,6184011,5456717,9233880,5698774}'::integer[]))

table 4 : explain UPDATE sbtest4 set c=7 WHERE id IN ( 6961776, 4328509, 9850817, 8239679, 1449357, 6095444, 6184011, 5456717, 9233880, 5698774)
	Update on sbtest4  (cost=0.43..48.53 rows=0 width=0)
	  ->  Index Scan using sbtest4_pkey on sbtest4  (cost=0.43..48.53 rows=10 width=490)
	        Index Cond: (id = ANY ('{6961776,4328509,9850817,8239679,1449357,6095444,6184011,5456717,9233880,5698774}'::integer[]))

table 5 : explain UPDATE sbtest5 set c=7 WHERE id IN ( 6961776, 4328509, 9850817, 8239679, 1449357, 6095444, 6184011, 5456717, 9233880, 5698774)
	Update on sbtest5  (cost=0.43..48.53 rows=0 width=0)
	  ->  Index Scan using sbtest5_pkey on sbtest5  (cost=0.43..48.53 rows=10 width=490)
	        Index Cond: (id = ANY ('{6961776,4328509,9850817,8239679,1449357,6095444,6184011,5456717,9233880,5698774}'::integer[]))

table 6 : explain UPDATE sbtest6 set c=7 WHERE id IN ( 6961776, 4328509, 9850817, 8239679, 1449357, 6095444, 6184011, 5456717, 9233880, 5698774)
	Update on sbtest6  (cost=0.43..48.53 rows=0 width=0)
	  ->  Index Scan using sbtest6_pkey on sbtest6  (cost=0.43..48.53 rows=10 width=490)
	        Index Cond: (id = ANY ('{6961776,4328509,9850817,8239679,1449357,6095444,6184011,5456717,9233880,5698774}'::integer[]))

table 7 : explain UPDATE sbtest7 set c=7 WHERE id IN ( 6961776, 4328509, 9850817, 8239679, 1449357, 6095444, 6184011, 5456717, 9233880, 5698774)
	Update on sbtest7  (cost=0.43..48.53 rows=0 width=0)
	  ->  Index Scan using sbtest7_pkey on sbtest7  (cost=0.43..48.53 rows=10 width=490)
	        Index Cond: (id = ANY ('{6961776,4328509,9850817,8239679,1449357,6095444,6184011,5456717,9233880,5698774}'::integer[]))

table 8 : explain UPDATE sbtest8 set c=7 WHERE id IN ( 6961776, 4328509, 9850817, 8239679, 1449357, 6095444, 6184011, 5456717, 9233880, 5698774)
	Update on sbtest8  (cost=0.43..48.53 rows=0 width=0)
	  ->  Index Scan using sbtest8_pkey on sbtest8  (cost=0.43..48.53 rows=10 width=490)
	        Index Cond: (id = ANY ('{6961776,4328509,9850817,8239679,1449357,6095444,6184011,5456717,9233880,5698774}'::integer[]))

explain: for update-inlist :: explain UPDATE sbtest%d set c=7 WHERE id IN ( 6945301, 3797815, 4197082, 6741099, 7922554, 7290085, 8232464, 4677317, 6585930, 2136867)
for update-inlist
table 1 : explain UPDATE sbtest1 set c=7 WHERE id IN ( 2394469, 7406655, 9304022, 4571055, 7655416, 2743260, 8556658, 3080692, 5363090, 2036732)
	Update on sbtest1  (cost=0.43..48.53 rows=0 width=0)
	  ->  Index Scan using sbtest1_pkey on sbtest1  (cost=0.43..48.53 rows=10 width=490)
	        Index Cond: (id = ANY ('{2394469,7406655,9304022,4571055,7655416,2743260,8556658,3080692,5363090,2036732}'::integer[]))

table 2 : explain UPDATE sbtest2 set c=7 WHERE id IN ( 2394469, 7406655, 9304022, 4571055, 7655416, 2743260, 8556658, 3080692, 5363090, 2036732)
	Update on sbtest2  (cost=0.43..48.53 rows=0 width=0)
	  ->  Index Scan using sbtest2_pkey on sbtest2  (cost=0.43..48.53 rows=10 width=490)
	        Index Cond: (id = ANY ('{2394469,7406655,9304022,4571055,7655416,2743260,8556658,3080692,5363090,2036732}'::integer[]))

table 3 : explain UPDATE sbtest3 set c=7 WHERE id IN ( 2394469, 7406655, 9304022, 4571055, 7655416, 2743260, 8556658, 3080692, 5363090, 2036732)
	Update on sbtest3  (cost=0.43..48.53 rows=0 width=0)
	  ->  Index Scan using sbtest3_pkey on sbtest3  (cost=0.43..48.53 rows=10 width=490)
	        Index Cond: (id = ANY ('{2394469,7406655,9304022,4571055,7655416,2743260,8556658,3080692,5363090,2036732}'::integer[]))

table 4 : explain UPDATE sbtest4 set c=7 WHERE id IN ( 2394469, 7406655, 9304022, 4571055, 7655416, 2743260, 8556658, 3080692, 5363090, 2036732)
	Update on sbtest4  (cost=0.43..48.53 rows=0 width=0)
	  ->  Index Scan using sbtest4_pkey on sbtest4  (cost=0.43..48.53 rows=10 width=490)
	        Index Cond: (id = ANY ('{2394469,7406655,9304022,4571055,7655416,2743260,8556658,3080692,5363090,2036732}'::integer[]))

table 5 : explain UPDATE sbtest5 set c=7 WHERE id IN ( 2394469, 7406655, 9304022, 4571055, 7655416, 2743260, 8556658, 3080692, 5363090, 2036732)
	Update on sbtest5  (cost=0.43..48.53 rows=0 width=0)
	  ->  Index Scan using sbtest5_pkey on sbtest5  (cost=0.43..48.53 rows=10 width=490)
	        Index Cond: (id = ANY ('{2394469,7406655,9304022,4571055,7655416,2743260,8556658,3080692,5363090,2036732}'::integer[]))

table 6 : explain UPDATE sbtest6 set c=7 WHERE id IN ( 2394469, 7406655, 9304022, 4571055, 7655416, 2743260, 8556658, 3080692, 5363090, 2036732)
	Update on sbtest6  (cost=0.43..48.53 rows=0 width=0)
	  ->  Index Scan using sbtest6_pkey on sbtest6  (cost=0.43..48.53 rows=10 width=490)
	        Index Cond: (id = ANY ('{2394469,7406655,9304022,4571055,7655416,2743260,8556658,3080692,5363090,2036732}'::integer[]))

table 7 : explain UPDATE sbtest7 set c=7 WHERE id IN ( 2394469, 7406655, 9304022, 4571055, 7655416, 2743260, 8556658, 3080692, 5363090, 2036732)
	Update on sbtest7  (cost=0.43..48.53 rows=0 width=0)
	  ->  Index Scan using sbtest7_pkey on sbtest7  (cost=0.43..48.53 rows=10 width=490)
	        Index Cond: (id = ANY ('{2394469,7406655,9304022,4571055,7655416,2743260,8556658,3080692,5363090,2036732}'::integer[]))

table 8 : explain UPDATE sbtest8 set c=7 WHERE id IN ( 2394469, 7406655, 9304022, 4571055, 7655416, 2743260, 8556658, 3080692, 5363090, 2036732)
	Update on sbtest8  (cost=0.43..48.53 rows=0 width=0)
	  ->  Index Scan using sbtest8_pkey on sbtest8  (cost=0.43..48.53 rows=10 width=490)
	        Index Cond: (id = ANY ('{2394469,7406655,9304022,4571055,7655416,2743260,8556658,3080692,5363090,2036732}'::integer[]))

explain: for update-inlist :: explain UPDATE sbtest%d set c=7 WHERE id IN ( 3622522, 6503488, 3873634, 8633465, 9695250, 6161379, 5330361, 8250344, 7101933, 5428289)
for update-inlist
table 1 : explain UPDATE sbtest1 set c=7 WHERE id IN ( 2384844, 5484169, 7864236, 154321, 8431822, 3633980, 2753542, 321731, 8559700, 2226220)
	Update on sbtest1  (cost=0.43..48.53 rows=0 width=0)
	  ->  Index Scan using sbtest1_pkey on sbtest1  (cost=0.43..48.53 rows=10 width=490)
	        Index Cond: (id = ANY ('{2384844,5484169,7864236,154321,8431822,3633980,2753542,321731,8559700,2226220}'::integer[]))

table 2 : explain UPDATE sbtest2 set c=7 WHERE id IN ( 2384844, 5484169, 7864236, 154321, 8431822, 3633980, 2753542, 321731, 8559700, 2226220)
	Update on sbtest2  (cost=0.43..48.53 rows=0 width=0)
	  ->  Index Scan using sbtest2_pkey on sbtest2  (cost=0.43..48.53 rows=10 width=490)
	        Index Cond: (id = ANY ('{2384844,5484169,7864236,154321,8431822,3633980,2753542,321731,8559700,2226220}'::integer[]))

table 3 : explain UPDATE sbtest3 set c=7 WHERE id IN ( 2384844, 5484169, 7864236, 154321, 8431822, 3633980, 2753542, 321731, 8559700, 2226220)
	Update on sbtest3  (cost=0.43..48.53 rows=0 width=0)
	  ->  Index Scan using sbtest3_pkey on sbtest3  (cost=0.43..48.53 rows=10 width=490)
	        Index Cond: (id = ANY ('{2384844,5484169,7864236,154321,8431822,3633980,2753542,321731,8559700,2226220}'::integer[]))

table 4 : explain UPDATE sbtest4 set c=7 WHERE id IN ( 2384844, 5484169, 7864236, 154321, 8431822, 3633980, 2753542, 321731, 8559700, 2226220)
	Update on sbtest4  (cost=0.43..48.53 rows=0 width=0)
	  ->  Index Scan using sbtest4_pkey on sbtest4  (cost=0.43..48.53 rows=10 width=490)
	        Index Cond: (id = ANY ('{2384844,5484169,7864236,154321,8431822,3633980,2753542,321731,8559700,2226220}'::integer[]))

table 5 : explain UPDATE sbtest5 set c=7 WHERE id IN ( 2384844, 5484169, 7864236, 154321, 8431822, 3633980, 2753542, 321731, 8559700, 2226220)
	Update on sbtest5  (cost=0.43..48.53 rows=0 width=0)
	  ->  Index Scan using sbtest5_pkey on sbtest5  (cost=0.43..48.53 rows=10 width=490)
	        Index Cond: (id = ANY ('{2384844,5484169,7864236,154321,8431822,3633980,2753542,321731,8559700,2226220}'::integer[]))

table 6 : explain UPDATE sbtest6 set c=7 WHERE id IN ( 2384844, 5484169, 7864236, 154321, 8431822, 3633980, 2753542, 321731, 8559700, 2226220)
	Update on sbtest6  (cost=0.43..48.53 rows=0 width=0)
	  ->  Index Scan using sbtest6_pkey on sbtest6  (cost=0.43..48.53 rows=10 width=490)
	        Index Cond: (id = ANY ('{2384844,5484169,7864236,154321,8431822,3633980,2753542,321731,8559700,2226220}'::integer[]))

table 7 : explain UPDATE sbtest7 set c=7 WHERE id IN ( 2384844, 5484169, 7864236, 154321, 8431822, 3633980, 2753542, 321731, 8559700, 2226220)
	Update on sbtest7  (cost=0.43..48.53 rows=0 width=0)
	  ->  Index Scan using sbtest7_pkey on sbtest7  (cost=0.43..48.53 rows=10 width=490)
	        Index Cond: (id = ANY ('{2384844,5484169,7864236,154321,8431822,3633980,2753542,321731,8559700,2226220}'::integer[]))

table 8 : explain UPDATE sbtest8 set c=7 WHERE id IN ( 2384844, 5484169, 7864236, 154321, 8431822, 3633980, 2753542, 321731, 8559700, 2226220)
	Update on sbtest8  (cost=0.43..48.53 rows=0 width=0)
	  ->  Index Scan using sbtest8_pkey on sbtest8  (cost=0.43..48.53 rows=10 width=490)
	        Index Cond: (id = ANY ('{2384844,5484169,7864236,154321,8431822,3633980,2753542,321731,8559700,2226220}'::integer[]))

for update-inlist
table 1 : explain UPDATE sbtest1 set c=7 WHERE id IN ( 5853608, 4210061, 1253258, 9859185, 9666347, 1911640, 1349775, 5451550, 47162, 8000833)
	Update on sbtest1  (cost=0.43..48.53 rows=0 width=0)
	  ->  Index Scan using sbtest1_pkey on sbtest1  (cost=0.43..48.53 rows=10 width=490)
	        Index Cond: (id = ANY ('{5853608,4210061,1253258,9859185,9666347,1911640,1349775,5451550,47162,8000833}'::integer[]))

table 2 : explain UPDATE sbtest2 set c=7 WHERE id IN ( 5853608, 4210061, 1253258, 9859185, 9666347, 1911640, 1349775, 5451550, 47162, 8000833)
	Update on sbtest2  (cost=0.43..48.53 rows=0 width=0)
	  ->  Index Scan using sbtest2_pkey on sbtest2  (cost=0.43..48.53 rows=10 width=490)
	        Index Cond: (id = ANY ('{5853608,4210061,1253258,9859185,9666347,1911640,1349775,5451550,47162,8000833}'::integer[]))

table 3 : explain UPDATE sbtest3 set c=7 WHERE id IN ( 5853608, 4210061, 1253258, 9859185, 9666347, 1911640, 1349775, 5451550, 47162, 8000833)
	Update on sbtest3  (cost=0.43..48.53 rows=0 width=0)
	  ->  Index Scan using sbtest3_pkey on sbtest3  (cost=0.43..48.53 rows=10 width=490)
	        Index Cond: (id = ANY ('{5853608,4210061,1253258,9859185,9666347,1911640,1349775,5451550,47162,8000833}'::integer[]))

table 4 : explain UPDATE sbtest4 set c=7 WHERE id IN ( 5853608, 4210061, 1253258, 9859185, 9666347, 1911640, 1349775, 5451550, 47162, 8000833)
	Update on sbtest4  (cost=0.43..48.53 rows=0 width=0)
	  ->  Index Scan using sbtest4_pkey on sbtest4  (cost=0.43..48.53 rows=10 width=490)
	        Index Cond: (id = ANY ('{5853608,4210061,1253258,9859185,9666347,1911640,1349775,5451550,47162,8000833}'::integer[]))

table 5 : explain UPDATE sbtest5 set c=7 WHERE id IN ( 5853608, 4210061, 1253258, 9859185, 9666347, 1911640, 1349775, 5451550, 47162, 8000833)
	Update on sbtest5  (cost=0.43..48.53 rows=0 width=0)
	  ->  Index Scan using sbtest5_pkey on sbtest5  (cost=0.43..48.53 rows=10 width=490)
	        Index Cond: (id = ANY ('{5853608,4210061,1253258,9859185,9666347,1911640,1349775,5451550,47162,8000833}'::integer[]))

table 6 : explain UPDATE sbtest6 set c=7 WHERE id IN ( 5853608, 4210061, 1253258, 9859185, 9666347, 1911640, 1349775, 5451550, 47162, 8000833)
	Update on sbtest6  (cost=0.43..48.53 rows=0 width=0)
	  ->  Index Scan using sbtest6_pkey on sbtest6  (cost=0.43..48.53 rows=10 width=490)
	        Index Cond: (id = ANY ('{5853608,4210061,1253258,9859185,9666347,1911640,1349775,5451550,47162,8000833}'::integer[]))

table 7 : explain UPDATE sbtest7 set c=7 WHERE id IN ( 5853608, 4210061, 1253258, 9859185, 9666347, 1911640, 1349775, 5451550, 47162, 8000833)
	Update on sbtest7  (cost=0.43..48.53 rows=0 width=0)
	  ->  Index Scan using sbtest7_pkey on sbtest7  (cost=0.43..48.53 rows=10 width=490)
	        Index Cond: (id = ANY ('{5853608,4210061,1253258,9859185,9666347,1911640,1349775,5451550,47162,8000833}'::integer[]))

table 8 : explain UPDATE sbtest8 set c=7 WHERE id IN ( 5853608, 4210061, 1253258, 9859185, 9666347, 1911640, 1349775, 5451550, 47162, 8000833)
	Update on sbtest8  (cost=0.43..48.53 rows=0 width=0)
	  ->  Index Scan using sbtest8_pkey on sbtest8  (cost=0.43..48.53 rows=10 width=490)
	        Index Cond: (id = ANY ('{5853608,4210061,1253258,9859185,9666347,1911640,1349775,5451550,47162,8000833}'::integer[]))

for update-inlist
table 1 : explain UPDATE sbtest1 set c=7 WHERE id IN ( 9419652, 4123799, 3068312, 9223629, 6790595, 3895749, 8138142, 8682553, 8644318, 8250102)
	Update on sbtest1  (cost=0.43..48.53 rows=0 width=0)
	  ->  Index Scan using sbtest1_pkey on sbtest1  (cost=0.43..48.53 rows=10 width=490)
	        Index Cond: (id = ANY ('{9419652,4123799,3068312,9223629,6790595,3895749,8138142,8682553,8644318,8250102}'::integer[]))

table 2 : explain UPDATE sbtest2 set c=7 WHERE id IN ( 9419652, 4123799, 3068312, 9223629, 6790595, 3895749, 8138142, 8682553, 8644318, 8250102)
	Update on sbtest2  (cost=0.43..48.53 rows=0 width=0)
	  ->  Index Scan using sbtest2_pkey on sbtest2  (cost=0.43..48.53 rows=10 width=490)
	        Index Cond: (id = ANY ('{9419652,4123799,3068312,9223629,6790595,3895749,8138142,8682553,8644318,8250102}'::integer[]))

table 3 : explain UPDATE sbtest3 set c=7 WHERE id IN ( 9419652, 4123799, 3068312, 9223629, 6790595, 3895749, 8138142, 8682553, 8644318, 8250102)
	Update on sbtest3  (cost=0.43..48.53 rows=0 width=0)
	  ->  Index Scan using sbtest3_pkey on sbtest3  (cost=0.43..48.53 rows=10 width=490)
	        Index Cond: (id = ANY ('{9419652,4123799,3068312,9223629,6790595,3895749,8138142,8682553,8644318,8250102}'::integer[]))

table 4 : explain UPDATE sbtest4 set c=7 WHERE id IN ( 9419652, 4123799, 3068312, 9223629, 6790595, 3895749, 8138142, 8682553, 8644318, 8250102)
	Update on sbtest4  (cost=0.43..48.53 rows=0 width=0)
	  ->  Index Scan using sbtest4_pkey on sbtest4  (cost=0.43..48.53 rows=10 width=490)
	        Index Cond: (id = ANY ('{9419652,4123799,3068312,9223629,6790595,3895749,8138142,8682553,8644318,8250102}'::integer[]))

table 5 : explain UPDATE sbtest5 set c=7 WHERE id IN ( 9419652, 4123799, 3068312, 9223629, 6790595, 3895749, 8138142, 8682553, 8644318, 8250102)
	Update on sbtest5  (cost=0.43..48.53 rows=0 width=0)
	  ->  Index Scan using sbtest5_pkey on sbtest5  (cost=0.43..48.53 rows=10 width=490)
	        Index Cond: (id = ANY ('{9419652,4123799,3068312,9223629,6790595,3895749,8138142,8682553,8644318,8250102}'::integer[]))

table 6 : explain UPDATE sbtest6 set c=7 WHERE id IN ( 9419652, 4123799, 3068312, 9223629, 6790595, 3895749, 8138142, 8682553, 8644318, 8250102)
	Update on sbtest6  (cost=0.43..48.53 rows=0 width=0)
	  ->  Index Scan using sbtest6_pkey on sbtest6  (cost=0.43..48.53 rows=10 width=490)
	        Index Cond: (id = ANY ('{9419652,4123799,3068312,9223629,6790595,3895749,8138142,8682553,8644318,8250102}'::integer[]))

table 7 : explain UPDATE sbtest7 set c=7 WHERE id IN ( 9419652, 4123799, 3068312, 9223629, 6790595, 3895749, 8138142, 8682553, 8644318, 8250102)
	Update on sbtest7  (cost=0.43..48.53 rows=0 width=0)
	  ->  Index Scan using sbtest7_pkey on sbtest7  (cost=0.43..48.53 rows=10 width=490)
	        Index Cond: (id = ANY ('{9419652,4123799,3068312,9223629,6790595,3895749,8138142,8682553,8644318,8250102}'::integer[]))

table 8 : explain UPDATE sbtest8 set c=7 WHERE id IN ( 9419652, 4123799, 3068312, 9223629, 6790595, 3895749, 8138142, 8682553, 8644318, 8250102)
	Update on sbtest8  (cost=0.43..48.53 rows=0 width=0)
	  ->  Index Scan using sbtest8_pkey on sbtest8  (cost=0.43..48.53 rows=10 width=490)
	        Index Cond: (id = ANY ('{9419652,4123799,3068312,9223629,6790595,3895749,8138142,8682553,8644318,8250102}'::integer[]))

explain: for update-inlist :: explain UPDATE sbtest%d set c=7 WHERE id IN ( 3987857, 8980348, 4197255, 3507077, 7895634, 4968929, 3036744, 7007686, 6533098, 6143449)
explain: for update-inlist :: explain UPDATE sbtest%d set c=7 WHERE id IN ( 2608356, 848825, 5368995, 5626752, 2560021, 9885462, 8379779, 4393209, 697815, 5529519)
for update-inlist
table 1 : explain UPDATE sbtest1 set c=7 WHERE id IN ( 2520814, 6958094, 9081074, 1956269, 6274409, 1612851, 3388407, 8123277, 6734476, 7719262)
	Update on sbtest1  (cost=0.43..48.53 rows=0 width=0)
	  ->  Index Scan using sbtest1_pkey on sbtest1  (cost=0.43..48.53 rows=10 width=490)
	        Index Cond: (id = ANY ('{2520814,6958094,9081074,1956269,6274409,1612851,3388407,8123277,6734476,7719262}'::integer[]))

table 2 : explain UPDATE sbtest2 set c=7 WHERE id IN ( 2520814, 6958094, 9081074, 1956269, 6274409, 1612851, 3388407, 8123277, 6734476, 7719262)
	Update on sbtest2  (cost=0.43..48.53 rows=0 width=0)
	  ->  Index Scan using sbtest2_pkey on sbtest2  (cost=0.43..48.53 rows=10 width=490)
	        Index Cond: (id = ANY ('{2520814,6958094,9081074,1956269,6274409,1612851,3388407,8123277,6734476,7719262}'::integer[]))

table 3 : explain UPDATE sbtest3 set c=7 WHERE id IN ( 2520814, 6958094, 9081074, 1956269, 6274409, 1612851, 3388407, 8123277, 6734476, 7719262)
	Update on sbtest3  (cost=0.43..48.53 rows=0 width=0)
	  ->  Index Scan using sbtest3_pkey on sbtest3  (cost=0.43..48.53 rows=10 width=490)
	        Index Cond: (id = ANY ('{2520814,6958094,9081074,1956269,6274409,1612851,3388407,8123277,6734476,7719262}'::integer[]))

table 4 : explain UPDATE sbtest4 set c=7 WHERE id IN ( 2520814, 6958094, 9081074, 1956269, 6274409, 1612851, 3388407, 8123277, 6734476, 7719262)
	Update on sbtest4  (cost=0.43..48.53 rows=0 width=0)
	  ->  Index Scan using sbtest4_pkey on sbtest4  (cost=0.43..48.53 rows=10 width=490)
	        Index Cond: (id = ANY ('{2520814,6958094,9081074,1956269,6274409,1612851,3388407,8123277,6734476,7719262}'::integer[]))

table 5 : explain UPDATE sbtest5 set c=7 WHERE id IN ( 2520814, 6958094, 9081074, 1956269, 6274409, 1612851, 3388407, 8123277, 6734476, 7719262)
	Update on sbtest5  (cost=0.43..48.53 rows=0 width=0)
	  ->  Index Scan using sbtest5_pkey on sbtest5  (cost=0.43..48.53 rows=10 width=490)
	        Index Cond: (id = ANY ('{2520814,6958094,9081074,1956269,6274409,1612851,3388407,8123277,6734476,7719262}'::integer[]))

table 6 : explain UPDATE sbtest6 set c=7 WHERE id IN ( 2520814, 6958094, 9081074, 1956269, 6274409, 1612851, 3388407, 8123277, 6734476, 7719262)
	Update on sbtest6  (cost=0.43..48.53 rows=0 width=0)
	  ->  Index Scan using sbtest6_pkey on sbtest6  (cost=0.43..48.53 rows=10 width=490)
	        Index Cond: (id = ANY ('{2520814,6958094,9081074,1956269,6274409,1612851,3388407,8123277,6734476,7719262}'::integer[]))

table 7 : explain UPDATE sbtest7 set c=7 WHERE id IN ( 2520814, 6958094, 9081074, 1956269, 6274409, 1612851, 3388407, 8123277, 6734476, 7719262)
	Update on sbtest7  (cost=0.43..48.53 rows=0 width=0)
	  ->  Index Scan using sbtest7_pkey on sbtest7  (cost=0.43..48.53 rows=10 width=490)
	        Index Cond: (id = ANY ('{2520814,6958094,9081074,1956269,6274409,1612851,3388407,8123277,6734476,7719262}'::integer[]))

table 8 : explain UPDATE sbtest8 set c=7 WHERE id IN ( 2520814, 6958094, 9081074, 1956269, 6274409, 1612851, 3388407, 8123277, 6734476, 7719262)
	Update on sbtest8  (cost=0.43..48.53 rows=0 width=0)
	  ->  Index Scan using sbtest8_pkey on sbtest8  (cost=0.43..48.53 rows=10 width=490)
	        Index Cond: (id = ANY ('{2520814,6958094,9081074,1956269,6274409,1612851,3388407,8123277,6734476,7719262}'::integer[]))

for update-inlist
table 1 : explain UPDATE sbtest1 set c=7 WHERE id IN ( 3622522, 6503488, 3873634, 8633465, 9695250, 6161379, 5330361, 8250344, 7101933, 5428289)
	Update on sbtest1  (cost=0.43..48.53 rows=0 width=0)
	  ->  Index Scan using sbtest1_pkey on sbtest1  (cost=0.43..48.53 rows=10 width=490)
	        Index Cond: (id = ANY ('{3622522,6503488,3873634,8633465,9695250,6161379,5330361,8250344,7101933,5428289}'::integer[]))

table 2 : explain UPDATE sbtest2 set c=7 WHERE id IN ( 3622522, 6503488, 3873634, 8633465, 9695250, 6161379, 5330361, 8250344, 7101933, 5428289)
	Update on sbtest2  (cost=0.43..48.53 rows=0 width=0)
	  ->  Index Scan using sbtest2_pkey on sbtest2  (cost=0.43..48.53 rows=10 width=490)
	        Index Cond: (id = ANY ('{3622522,6503488,3873634,8633465,9695250,6161379,5330361,8250344,7101933,5428289}'::integer[]))

table 3 : explain UPDATE sbtest3 set c=7 WHERE id IN ( 3622522, 6503488, 3873634, 8633465, 9695250, 6161379, 5330361, 8250344, 7101933, 5428289)
	Update on sbtest3  (cost=0.43..48.53 rows=0 width=0)
	  ->  Index Scan using sbtest3_pkey on sbtest3  (cost=0.43..48.53 rows=10 width=490)
	        Index Cond: (id = ANY ('{3622522,6503488,3873634,8633465,9695250,6161379,5330361,8250344,7101933,5428289}'::integer[]))

table 4 : explain UPDATE sbtest4 set c=7 WHERE id IN ( 3622522, 6503488, 3873634, 8633465, 9695250, 6161379, 5330361, 8250344, 7101933, 5428289)
	Update on sbtest4  (cost=0.43..48.53 rows=0 width=0)
	  ->  Index Scan using sbtest4_pkey on sbtest4  (cost=0.43..48.53 rows=10 width=490)
	        Index Cond: (id = ANY ('{3622522,6503488,3873634,8633465,9695250,6161379,5330361,8250344,7101933,5428289}'::integer[]))

table 5 : explain UPDATE sbtest5 set c=7 WHERE id IN ( 3622522, 6503488, 3873634, 8633465, 9695250, 6161379, 5330361, 8250344, 7101933, 5428289)
	Update on sbtest5  (cost=0.43..48.53 rows=0 width=0)
	  ->  Index Scan using sbtest5_pkey on sbtest5  (cost=0.43..48.53 rows=10 width=490)
	        Index Cond: (id = ANY ('{3622522,6503488,3873634,8633465,9695250,6161379,5330361,8250344,7101933,5428289}'::integer[]))

table 6 : explain UPDATE sbtest6 set c=7 WHERE id IN ( 3622522, 6503488, 3873634, 8633465, 9695250, 6161379, 5330361, 8250344, 7101933, 5428289)
	Update on sbtest6  (cost=0.43..48.53 rows=0 width=0)
	  ->  Index Scan using sbtest6_pkey on sbtest6  (cost=0.43..48.53 rows=10 width=490)
	        Index Cond: (id = ANY ('{3622522,6503488,3873634,8633465,9695250,6161379,5330361,8250344,7101933,5428289}'::integer[]))

table 7 : explain UPDATE sbtest7 set c=7 WHERE id IN ( 3622522, 6503488, 3873634, 8633465, 9695250, 6161379, 5330361, 8250344, 7101933, 5428289)
	Update on sbtest7  (cost=0.43..48.53 rows=0 width=0)
	  ->  Index Scan using sbtest7_pkey on sbtest7  (cost=0.43..48.53 rows=10 width=490)
	        Index Cond: (id = ANY ('{3622522,6503488,3873634,8633465,9695250,6161379,5330361,8250344,7101933,5428289}'::integer[]))

table 8 : explain UPDATE sbtest8 set c=7 WHERE id IN ( 3622522, 6503488, 3873634, 8633465, 9695250, 6161379, 5330361, 8250344, 7101933, 5428289)
	Update on sbtest8  (cost=0.43..48.53 rows=0 width=0)
	  ->  Index Scan using sbtest8_pkey on sbtest8  (cost=0.43..48.53 rows=10 width=490)
	        Index Cond: (id = ANY ('{3622522,6503488,3873634,8633465,9695250,6161379,5330361,8250344,7101933,5428289}'::integer[]))

for update-inlist
table 1 : explain UPDATE sbtest1 set c=7 WHERE id IN ( 6945301, 3797815, 4197082, 6741099, 7922554, 7290085, 8232464, 4677317, 6585930, 2136867)
	Update on sbtest1  (cost=0.43..48.53 rows=0 width=0)
	  ->  Index Scan using sbtest1_pkey on sbtest1  (cost=0.43..48.53 rows=10 width=490)
	        Index Cond: (id = ANY ('{6945301,3797815,4197082,6741099,7922554,7290085,8232464,4677317,6585930,2136867}'::integer[]))

table 2 : explain UPDATE sbtest2 set c=7 WHERE id IN ( 6945301, 3797815, 4197082, 6741099, 7922554, 7290085, 8232464, 4677317, 6585930, 2136867)
	Update on sbtest2  (cost=0.43..48.53 rows=0 width=0)
	  ->  Index Scan using sbtest2_pkey on sbtest2  (cost=0.43..48.53 rows=10 width=490)
	        Index Cond: (id = ANY ('{6945301,3797815,4197082,6741099,7922554,7290085,8232464,4677317,6585930,2136867}'::integer[]))

table 3 : explain UPDATE sbtest3 set c=7 WHERE id IN ( 6945301, 3797815, 4197082, 6741099, 7922554, 7290085, 8232464, 4677317, 6585930, 2136867)
	Update on sbtest3  (cost=0.43..48.53 rows=0 width=0)
	  ->  Index Scan using sbtest3_pkey on sbtest3  (cost=0.43..48.53 rows=10 width=490)
	        Index Cond: (id = ANY ('{6945301,3797815,4197082,6741099,7922554,7290085,8232464,4677317,6585930,2136867}'::integer[]))

table 4 : explain UPDATE sbtest4 set c=7 WHERE id IN ( 6945301, 3797815, 4197082, 6741099, 7922554, 7290085, 8232464, 4677317, 6585930, 2136867)
	Update on sbtest4  (cost=0.43..48.53 rows=0 width=0)
	  ->  Index Scan using sbtest4_pkey on sbtest4  (cost=0.43..48.53 rows=10 width=490)
	        Index Cond: (id = ANY ('{6945301,3797815,4197082,6741099,7922554,7290085,8232464,4677317,6585930,2136867}'::integer[]))

table 5 : explain UPDATE sbtest5 set c=7 WHERE id IN ( 6945301, 3797815, 4197082, 6741099, 7922554, 7290085, 8232464, 4677317, 6585930, 2136867)
	Update on sbtest5  (cost=0.43..48.53 rows=0 width=0)
	  ->  Index Scan using sbtest5_pkey on sbtest5  (cost=0.43..48.53 rows=10 width=490)
	        Index Cond: (id = ANY ('{6945301,3797815,4197082,6741099,7922554,7290085,8232464,4677317,6585930,2136867}'::integer[]))

table 6 : explain UPDATE sbtest6 set c=7 WHERE id IN ( 6945301, 3797815, 4197082, 6741099, 7922554, 7290085, 8232464, 4677317, 6585930, 2136867)
	Update on sbtest6  (cost=0.43..48.53 rows=0 width=0)
	  ->  Index Scan using sbtest6_pkey on sbtest6  (cost=0.43..48.53 rows=10 width=490)
	        Index Cond: (id = ANY ('{6945301,3797815,4197082,6741099,7922554,7290085,8232464,4677317,6585930,2136867}'::integer[]))

table 7 : explain UPDATE sbtest7 set c=7 WHERE id IN ( 6945301, 3797815, 4197082, 6741099, 7922554, 7290085, 8232464, 4677317, 6585930, 2136867)
	Update on sbtest7  (cost=0.43..48.53 rows=0 width=0)
	  ->  Index Scan using sbtest7_pkey on sbtest7  (cost=0.43..48.53 rows=10 width=490)
	        Index Cond: (id = ANY ('{6945301,3797815,4197082,6741099,7922554,7290085,8232464,4677317,6585930,2136867}'::integer[]))

table 8 : explain UPDATE sbtest8 set c=7 WHERE id IN ( 6945301, 3797815, 4197082, 6741099, 7922554, 7290085, 8232464, 4677317, 6585930, 2136867)
	Update on sbtest8  (cost=0.43..48.53 rows=0 width=0)
	  ->  Index Scan using sbtest8_pkey on sbtest8  (cost=0.43..48.53 rows=10 width=490)
	        Index Cond: (id = ANY ('{6945301,3797815,4197082,6741099,7922554,7290085,8232464,4677317,6585930,2136867}'::integer[]))

for update-inlist
table 1 : explain UPDATE sbtest1 set c=7 WHERE id IN ( 3987857, 8980348, 4197255, 3507077, 7895634, 4968929, 3036744, 7007686, 6533098, 6143449)
	Update on sbtest1  (cost=0.43..48.53 rows=0 width=0)
	  ->  Index Scan using sbtest1_pkey on sbtest1  (cost=0.43..48.53 rows=10 width=490)
	        Index Cond: (id = ANY ('{3987857,8980348,4197255,3507077,7895634,4968929,3036744,7007686,6533098,6143449}'::integer[]))

table 2 : explain UPDATE sbtest2 set c=7 WHERE id IN ( 3987857, 8980348, 4197255, 3507077, 7895634, 4968929, 3036744, 7007686, 6533098, 6143449)
	Update on sbtest2  (cost=0.43..48.53 rows=0 width=0)
	  ->  Index Scan using sbtest2_pkey on sbtest2  (cost=0.43..48.53 rows=10 width=490)
	        Index Cond: (id = ANY ('{3987857,8980348,4197255,3507077,7895634,4968929,3036744,7007686,6533098,6143449}'::integer[]))

table 3 : explain UPDATE sbtest3 set c=7 WHERE id IN ( 3987857, 8980348, 4197255, 3507077, 7895634, 4968929, 3036744, 7007686, 6533098, 6143449)
	Update on sbtest3  (cost=0.43..48.53 rows=0 width=0)
	  ->  Index Scan using sbtest3_pkey on sbtest3  (cost=0.43..48.53 rows=10 width=490)
	        Index Cond: (id = ANY ('{3987857,8980348,4197255,3507077,7895634,4968929,3036744,7007686,6533098,6143449}'::integer[]))

table 4 : explain UPDATE sbtest4 set c=7 WHERE id IN ( 3987857, 8980348, 4197255, 3507077, 7895634, 4968929, 3036744, 7007686, 6533098, 6143449)
	Update on sbtest4  (cost=0.43..48.53 rows=0 width=0)
	  ->  Index Scan using sbtest4_pkey on sbtest4  (cost=0.43..48.53 rows=10 width=490)
	        Index Cond: (id = ANY ('{3987857,8980348,4197255,3507077,7895634,4968929,3036744,7007686,6533098,6143449}'::integer[]))

table 5 : explain UPDATE sbtest5 set c=7 WHERE id IN ( 3987857, 8980348, 4197255, 3507077, 7895634, 4968929, 3036744, 7007686, 6533098, 6143449)
	Update on sbtest5  (cost=0.43..48.53 rows=0 width=0)
	  ->  Index Scan using sbtest5_pkey on sbtest5  (cost=0.43..48.53 rows=10 width=490)
	        Index Cond: (id = ANY ('{3987857,8980348,4197255,3507077,7895634,4968929,3036744,7007686,6533098,6143449}'::integer[]))

table 6 : explain UPDATE sbtest6 set c=7 WHERE id IN ( 3987857, 8980348, 4197255, 3507077, 7895634, 4968929, 3036744, 7007686, 6533098, 6143449)
	Update on sbtest6  (cost=0.43..48.53 rows=0 width=0)
	  ->  Index Scan using sbtest6_pkey on sbtest6  (cost=0.43..48.53 rows=10 width=490)
	        Index Cond: (id = ANY ('{3987857,8980348,4197255,3507077,7895634,4968929,3036744,7007686,6533098,6143449}'::integer[]))

table 7 : explain UPDATE sbtest7 set c=7 WHERE id IN ( 3987857, 8980348, 4197255, 3507077, 7895634, 4968929, 3036744, 7007686, 6533098, 6143449)
	Update on sbtest7  (cost=0.43..48.53 rows=0 width=0)
	  ->  Index Scan using sbtest7_pkey on sbtest7  (cost=0.43..48.53 rows=10 width=490)
	        Index Cond: (id = ANY ('{3987857,8980348,4197255,3507077,7895634,4968929,3036744,7007686,6533098,6143449}'::integer[]))

table 8 : explain UPDATE sbtest8 set c=7 WHERE id IN ( 3987857, 8980348, 4197255, 3507077, 7895634, 4968929, 3036744, 7007686, 6533098, 6143449)
	Update on sbtest8  (cost=0.43..48.53 rows=0 width=0)
	  ->  Index Scan using sbtest8_pkey on sbtest8  (cost=0.43..48.53 rows=10 width=490)
	        Index Cond: (id = ANY ('{3987857,8980348,4197255,3507077,7895634,4968929,3036744,7007686,6533098,6143449}'::integer[]))

explain: for update-inlist :: explain UPDATE sbtest%d set c=7 WHERE id IN ( 8787620, 1204792, 7418314, 6226518, 1285281, 8770593, 855971, 8440151, 1772250, 7034006)
for update-inlist
table 1 : explain UPDATE sbtest1 set c=7 WHERE id IN ( 2608356, 848825, 5368995, 5626752, 2560021, 9885462, 8379779, 4393209, 697815, 5529519)
	Update on sbtest1  (cost=0.43..48.53 rows=0 width=0)
	  ->  Index Scan using sbtest1_pkey on sbtest1  (cost=0.43..48.53 rows=10 width=490)
	        Index Cond: (id = ANY ('{2608356,848825,5368995,5626752,2560021,9885462,8379779,4393209,697815,5529519}'::integer[]))

table 2 : explain UPDATE sbtest2 set c=7 WHERE id IN ( 2608356, 848825, 5368995, 5626752, 2560021, 9885462, 8379779, 4393209, 697815, 5529519)
	Update on sbtest2  (cost=0.43..48.53 rows=0 width=0)
	  ->  Index Scan using sbtest2_pkey on sbtest2  (cost=0.43..48.53 rows=10 width=490)
	        Index Cond: (id = ANY ('{2608356,848825,5368995,5626752,2560021,9885462,8379779,4393209,697815,5529519}'::integer[]))

table 3 : explain UPDATE sbtest3 set c=7 WHERE id IN ( 2608356, 848825, 5368995, 5626752, 2560021, 9885462, 8379779, 4393209, 697815, 5529519)
	Update on sbtest3  (cost=0.43..48.53 rows=0 width=0)
	  ->  Index Scan using sbtest3_pkey on sbtest3  (cost=0.43..48.53 rows=10 width=490)
	        Index Cond: (id = ANY ('{2608356,848825,5368995,5626752,2560021,9885462,8379779,4393209,697815,5529519}'::integer[]))

table 4 : explain UPDATE sbtest4 set c=7 WHERE id IN ( 2608356, 848825, 5368995, 5626752, 2560021, 9885462, 8379779, 4393209, 697815, 5529519)
	Update on sbtest4  (cost=0.43..48.53 rows=0 width=0)
	  ->  Index Scan using sbtest4_pkey on sbtest4  (cost=0.43..48.53 rows=10 width=490)
	        Index Cond: (id = ANY ('{2608356,848825,5368995,5626752,2560021,9885462,8379779,4393209,697815,5529519}'::integer[]))

table 5 : explain UPDATE sbtest5 set c=7 WHERE id IN ( 2608356, 848825, 5368995, 5626752, 2560021, 9885462, 8379779, 4393209, 697815, 5529519)
	Update on sbtest5  (cost=0.43..48.53 rows=0 width=0)
	  ->  Index Scan using sbtest5_pkey on sbtest5  (cost=0.43..48.53 rows=10 width=490)
	        Index Cond: (id = ANY ('{2608356,848825,5368995,5626752,2560021,9885462,8379779,4393209,697815,5529519}'::integer[]))

table 6 : explain UPDATE sbtest6 set c=7 WHERE id IN ( 2608356, 848825, 5368995, 5626752, 2560021, 9885462, 8379779, 4393209, 697815, 5529519)
	Update on sbtest6  (cost=0.43..48.53 rows=0 width=0)
	  ->  Index Scan using sbtest6_pkey on sbtest6  (cost=0.43..48.53 rows=10 width=490)
	        Index Cond: (id = ANY ('{2608356,848825,5368995,5626752,2560021,9885462,8379779,4393209,697815,5529519}'::integer[]))

table 7 : explain UPDATE sbtest7 set c=7 WHERE id IN ( 2608356, 848825, 5368995, 5626752, 2560021, 9885462, 8379779, 4393209, 697815, 5529519)
	Update on sbtest7  (cost=0.43..48.53 rows=0 width=0)
	  ->  Index Scan using sbtest7_pkey on sbtest7  (cost=0.43..48.53 rows=10 width=490)
	        Index Cond: (id = ANY ('{2608356,848825,5368995,5626752,2560021,9885462,8379779,4393209,697815,5529519}'::integer[]))

table 8 : explain UPDATE sbtest8 set c=7 WHERE id IN ( 2608356, 848825, 5368995, 5626752, 2560021, 9885462, 8379779, 4393209, 697815, 5529519)
	Update on sbtest8  (cost=0.43..48.53 rows=0 width=0)
	  ->  Index Scan using sbtest8_pkey on sbtest8  (cost=0.43..48.53 rows=10 width=490)
	        Index Cond: (id = ANY ('{2608356,848825,5368995,5626752,2560021,9885462,8379779,4393209,697815,5529519}'::integer[]))

explain: for update-inlist :: explain UPDATE sbtest%d set c=7 WHERE id IN ( 2473855, 8318538, 9168977, 6046745, 5832800, 469723, 7425766, 339019, 9397028, 9837831)
for update-inlist
table 1 : explain UPDATE sbtest1 set c=7 WHERE id IN ( 514936, 1978648, 6277756, 8560019, 4621358, 2652955, 9254443, 6608391, 9967525, 5314602)
	Update on sbtest1  (cost=0.43..48.53 rows=0 width=0)
	  ->  Index Scan using sbtest1_pkey on sbtest1  (cost=0.43..48.53 rows=10 width=490)
	        Index Cond: (id = ANY ('{514936,1978648,6277756,8560019,4621358,2652955,9254443,6608391,9967525,5314602}'::integer[]))

table 2 : explain UPDATE sbtest2 set c=7 WHERE id IN ( 514936, 1978648, 6277756, 8560019, 4621358, 2652955, 9254443, 6608391, 9967525, 5314602)
	Update on sbtest2  (cost=0.43..48.53 rows=0 width=0)
	  ->  Index Scan using sbtest2_pkey on sbtest2  (cost=0.43..48.53 rows=10 width=490)
	        Index Cond: (id = ANY ('{514936,1978648,6277756,8560019,4621358,2652955,9254443,6608391,9967525,5314602}'::integer[]))

table 3 : explain UPDATE sbtest3 set c=7 WHERE id IN ( 514936, 1978648, 6277756, 8560019, 4621358, 2652955, 9254443, 6608391, 9967525, 5314602)
	Update on sbtest3  (cost=0.43..48.53 rows=0 width=0)
	  ->  Index Scan using sbtest3_pkey on sbtest3  (cost=0.43..48.53 rows=10 width=490)
	        Index Cond: (id = ANY ('{514936,1978648,6277756,8560019,4621358,2652955,9254443,6608391,9967525,5314602}'::integer[]))

table 4 : explain UPDATE sbtest4 set c=7 WHERE id IN ( 514936, 1978648, 6277756, 8560019, 4621358, 2652955, 9254443, 6608391, 9967525, 5314602)
	Update on sbtest4  (cost=0.43..48.53 rows=0 width=0)
	  ->  Index Scan using sbtest4_pkey on sbtest4  (cost=0.43..48.53 rows=10 width=490)
	        Index Cond: (id = ANY ('{514936,1978648,6277756,8560019,4621358,2652955,9254443,6608391,9967525,5314602}'::integer[]))

table 5 : explain UPDATE sbtest5 set c=7 WHERE id IN ( 514936, 1978648, 6277756, 8560019, 4621358, 2652955, 9254443, 6608391, 9967525, 5314602)
	Update on sbtest5  (cost=0.43..48.53 rows=0 width=0)
	  ->  Index Scan using sbtest5_pkey on sbtest5  (cost=0.43..48.53 rows=10 width=490)
	        Index Cond: (id = ANY ('{514936,1978648,6277756,8560019,4621358,2652955,9254443,6608391,9967525,5314602}'::integer[]))

table 6 : explain UPDATE sbtest6 set c=7 WHERE id IN ( 514936, 1978648, 6277756, 8560019, 4621358, 2652955, 9254443, 6608391, 9967525, 5314602)
	Update on sbtest6  (cost=0.43..48.53 rows=0 width=0)
	  ->  Index Scan using sbtest6_pkey on sbtest6  (cost=0.43..48.53 rows=10 width=490)
	        Index Cond: (id = ANY ('{514936,1978648,6277756,8560019,4621358,2652955,9254443,6608391,9967525,5314602}'::integer[]))

table 7 : explain UPDATE sbtest7 set c=7 WHERE id IN ( 514936, 1978648, 6277756, 8560019, 4621358, 2652955, 9254443, 6608391, 9967525, 5314602)
	Update on sbtest7  (cost=0.43..48.53 rows=0 width=0)
	  ->  Index Scan using sbtest7_pkey on sbtest7  (cost=0.43..48.53 rows=10 width=490)
	        Index Cond: (id = ANY ('{514936,1978648,6277756,8560019,4621358,2652955,9254443,6608391,9967525,5314602}'::integer[]))

table 8 : explain UPDATE sbtest8 set c=7 WHERE id IN ( 514936, 1978648, 6277756, 8560019, 4621358, 2652955, 9254443, 6608391, 9967525, 5314602)
	Update on sbtest8  (cost=0.43..48.53 rows=0 width=0)
	  ->  Index Scan using sbtest8_pkey on sbtest8  (cost=0.43..48.53 rows=10 width=490)
	        Index Cond: (id = ANY ('{514936,1978648,6277756,8560019,4621358,2652955,9254443,6608391,9967525,5314602}'::integer[]))

for update-inlist
table 1 : explain UPDATE sbtest1 set c=7 WHERE id IN ( 8787620, 1204792, 7418314, 6226518, 1285281, 8770593, 855971, 8440151, 1772250, 7034006)
	Update on sbtest1  (cost=0.43..48.53 rows=0 width=0)
	  ->  Index Scan using sbtest1_pkey on sbtest1  (cost=0.43..48.53 rows=10 width=490)
	        Index Cond: (id = ANY ('{8787620,1204792,7418314,6226518,1285281,8770593,855971,8440151,1772250,7034006}'::integer[]))

table 2 : explain UPDATE sbtest2 set c=7 WHERE id IN ( 8787620, 1204792, 7418314, 6226518, 1285281, 8770593, 855971, 8440151, 1772250, 7034006)
	Update on sbtest2  (cost=0.43..48.53 rows=0 width=0)
	  ->  Index Scan using sbtest2_pkey on sbtest2  (cost=0.43..48.53 rows=10 width=490)
	        Index Cond: (id = ANY ('{8787620,1204792,7418314,6226518,1285281,8770593,855971,8440151,1772250,7034006}'::integer[]))

table 3 : explain UPDATE sbtest3 set c=7 WHERE id IN ( 8787620, 1204792, 7418314, 6226518, 1285281, 8770593, 855971, 8440151, 1772250, 7034006)
	Update on sbtest3  (cost=0.43..48.53 rows=0 width=0)
	  ->  Index Scan using sbtest3_pkey on sbtest3  (cost=0.43..48.53 rows=10 width=490)
	        Index Cond: (id = ANY ('{8787620,1204792,7418314,6226518,1285281,8770593,855971,8440151,1772250,7034006}'::integer[]))

table 4 : explain UPDATE sbtest4 set c=7 WHERE id IN ( 8787620, 1204792, 7418314, 6226518, 1285281, 8770593, 855971, 8440151, 1772250, 7034006)
	Update on sbtest4  (cost=0.43..48.53 rows=0 width=0)
	  ->  Index Scan using sbtest4_pkey on sbtest4  (cost=0.43..48.53 rows=10 width=490)
	        Index Cond: (id = ANY ('{8787620,1204792,7418314,6226518,1285281,8770593,855971,8440151,1772250,7034006}'::integer[]))

table 5 : explain UPDATE sbtest5 set c=7 WHERE id IN ( 8787620, 1204792, 7418314, 6226518, 1285281, 8770593, 855971, 8440151, 1772250, 7034006)
	Update on sbtest5  (cost=0.43..48.53 rows=0 width=0)
	  ->  Index Scan using sbtest5_pkey on sbtest5  (cost=0.43..48.53 rows=10 width=490)
	        Index Cond: (id = ANY ('{8787620,1204792,7418314,6226518,1285281,8770593,855971,8440151,1772250,7034006}'::integer[]))

table 6 : explain UPDATE sbtest6 set c=7 WHERE id IN ( 8787620, 1204792, 7418314, 6226518, 1285281, 8770593, 855971, 8440151, 1772250, 7034006)
	Update on sbtest6  (cost=0.43..48.53 rows=0 width=0)
	  ->  Index Scan using sbtest6_pkey on sbtest6  (cost=0.43..48.53 rows=10 width=490)
	        Index Cond: (id = ANY ('{8787620,1204792,7418314,6226518,1285281,8770593,855971,8440151,1772250,7034006}'::integer[]))

table 7 : explain UPDATE sbtest7 set c=7 WHERE id IN ( 8787620, 1204792, 7418314, 6226518, 1285281, 8770593, 855971, 8440151, 1772250, 7034006)
	Update on sbtest7  (cost=0.43..48.53 rows=0 width=0)
	  ->  Index Scan using sbtest7_pkey on sbtest7  (cost=0.43..48.53 rows=10 width=490)
	        Index Cond: (id = ANY ('{8787620,1204792,7418314,6226518,1285281,8770593,855971,8440151,1772250,7034006}'::integer[]))

table 8 : explain UPDATE sbtest8 set c=7 WHERE id IN ( 8787620, 1204792, 7418314, 6226518, 1285281, 8770593, 855971, 8440151, 1772250, 7034006)
	Update on sbtest8  (cost=0.43..48.53 rows=0 width=0)
	  ->  Index Scan using sbtest8_pkey on sbtest8  (cost=0.43..48.53 rows=10 width=490)
	        Index Cond: (id = ANY ('{8787620,1204792,7418314,6226518,1285281,8770593,855971,8440151,1772250,7034006}'::integer[]))

for update-inlist
table 1 : explain UPDATE sbtest1 set c=7 WHERE id IN ( 2473855, 8318538, 9168977, 6046745, 5832800, 469723, 7425766, 339019, 9397028, 9837831)
	Update on sbtest1  (cost=0.43..48.53 rows=0 width=0)
	  ->  Index Scan using sbtest1_pkey on sbtest1  (cost=0.43..48.53 rows=10 width=490)
	        Index Cond: (id = ANY ('{2473855,8318538,9168977,6046745,5832800,469723,7425766,339019,9397028,9837831}'::integer[]))

table 2 : explain UPDATE sbtest2 set c=7 WHERE id IN ( 2473855, 8318538, 9168977, 6046745, 5832800, 469723, 7425766, 339019, 9397028, 9837831)
	Update on sbtest2  (cost=0.43..48.53 rows=0 width=0)
	  ->  Index Scan using sbtest2_pkey on sbtest2  (cost=0.43..48.53 rows=10 width=490)
	        Index Cond: (id = ANY ('{2473855,8318538,9168977,6046745,5832800,469723,7425766,339019,9397028,9837831}'::integer[]))

table 3 : explain UPDATE sbtest3 set c=7 WHERE id IN ( 2473855, 8318538, 9168977, 6046745, 5832800, 469723, 7425766, 339019, 9397028, 9837831)
	Update on sbtest3  (cost=0.43..48.53 rows=0 width=0)
	  ->  Index Scan using sbtest3_pkey on sbtest3  (cost=0.43..48.53 rows=10 width=490)
	        Index Cond: (id = ANY ('{2473855,8318538,9168977,6046745,5832800,469723,7425766,339019,9397028,9837831}'::integer[]))

table 4 : explain UPDATE sbtest4 set c=7 WHERE id IN ( 2473855, 8318538, 9168977, 6046745, 5832800, 469723, 7425766, 339019, 9397028, 9837831)
	Update on sbtest4  (cost=0.43..48.53 rows=0 width=0)
	  ->  Index Scan using sbtest4_pkey on sbtest4  (cost=0.43..48.53 rows=10 width=490)
	        Index Cond: (id = ANY ('{2473855,8318538,9168977,6046745,5832800,469723,7425766,339019,9397028,9837831}'::integer[]))

table 5 : explain UPDATE sbtest5 set c=7 WHERE id IN ( 2473855, 8318538, 9168977, 6046745, 5832800, 469723, 7425766, 339019, 9397028, 9837831)
	Update on sbtest5  (cost=0.43..48.53 rows=0 width=0)
	  ->  Index Scan using sbtest5_pkey on sbtest5  (cost=0.43..48.53 rows=10 width=490)
	        Index Cond: (id = ANY ('{2473855,8318538,9168977,6046745,5832800,469723,7425766,339019,9397028,9837831}'::integer[]))

table 6 : explain UPDATE sbtest6 set c=7 WHERE id IN ( 2473855, 8318538, 9168977, 6046745, 5832800, 469723, 7425766, 339019, 9397028, 9837831)
	Update on sbtest6  (cost=0.43..48.53 rows=0 width=0)
	  ->  Index Scan using sbtest6_pkey on sbtest6  (cost=0.43..48.53 rows=10 width=490)
	        Index Cond: (id = ANY ('{2473855,8318538,9168977,6046745,5832800,469723,7425766,339019,9397028,9837831}'::integer[]))

table 7 : explain UPDATE sbtest7 set c=7 WHERE id IN ( 2473855, 8318538, 9168977, 6046745, 5832800, 469723, 7425766, 339019, 9397028, 9837831)
	Update on sbtest7  (cost=0.43..48.53 rows=0 width=0)
	  ->  Index Scan using sbtest7_pkey on sbtest7  (cost=0.43..48.53 rows=10 width=490)
	        Index Cond: (id = ANY ('{2473855,8318538,9168977,6046745,5832800,469723,7425766,339019,9397028,9837831}'::integer[]))

table 8 : explain UPDATE sbtest8 set c=7 WHERE id IN ( 2473855, 8318538, 9168977, 6046745, 5832800, 469723, 7425766, 339019, 9397028, 9837831)
	Update on sbtest8  (cost=0.43..48.53 rows=0 width=0)
	  ->  Index Scan using sbtest8_pkey on sbtest8  (cost=0.43..48.53 rows=10 width=490)
	        Index Cond: (id = ANY ('{2473855,8318538,9168977,6046745,5832800,469723,7425766,339019,9397028,9837831}'::integer[]))

explain: for update-inlist :: explain UPDATE sbtest%d set c=7 WHERE id IN ( 6046983, 3833282, 5009163, 6374164, 397337, 4062703, 9046971, 5230438, 262188, 5408566)
explain: for update-inlist :: explain UPDATE sbtest%d set c=7 WHERE id IN ( 8390437, 3315920, 7143058, 1435099, 8315758, 7060597, 1389556, 4713658, 3622819, 2592966)
explain: for update-inlist :: explain UPDATE sbtest%d set c=7 WHERE id IN ( 3431477, 3421769, 5633170, 448750, 6584133, 1325433, 6350385, 7312991, 3809408, 3566941)
for update-inlist
table 1 : explain UPDATE sbtest1 set c=7 WHERE id IN ( 6046983, 3833282, 5009163, 6374164, 397337, 4062703, 9046971, 5230438, 262188, 5408566)
	Update on sbtest1  (cost=0.43..48.53 rows=0 width=0)
	  ->  Index Scan using sbtest1_pkey on sbtest1  (cost=0.43..48.53 rows=10 width=490)
	        Index Cond: (id = ANY ('{6046983,3833282,5009163,6374164,397337,4062703,9046971,5230438,262188,5408566}'::integer[]))

table 2 : explain UPDATE sbtest2 set c=7 WHERE id IN ( 6046983, 3833282, 5009163, 6374164, 397337, 4062703, 9046971, 5230438, 262188, 5408566)
	Update on sbtest2  (cost=0.43..48.53 rows=0 width=0)
	  ->  Index Scan using sbtest2_pkey on sbtest2  (cost=0.43..48.53 rows=10 width=490)
	        Index Cond: (id = ANY ('{6046983,3833282,5009163,6374164,397337,4062703,9046971,5230438,262188,5408566}'::integer[]))

table 3 : explain UPDATE sbtest3 set c=7 WHERE id IN ( 6046983, 3833282, 5009163, 6374164, 397337, 4062703, 9046971, 5230438, 262188, 5408566)
	Update on sbtest3  (cost=0.43..48.53 rows=0 width=0)
	  ->  Index Scan using sbtest3_pkey on sbtest3  (cost=0.43..48.53 rows=10 width=490)
	        Index Cond: (id = ANY ('{6046983,3833282,5009163,6374164,397337,4062703,9046971,5230438,262188,5408566}'::integer[]))

table 4 : explain UPDATE sbtest4 set c=7 WHERE id IN ( 6046983, 3833282, 5009163, 6374164, 397337, 4062703, 9046971, 5230438, 262188, 5408566)
	Update on sbtest4  (cost=0.43..48.53 rows=0 width=0)
	  ->  Index Scan using sbtest4_pkey on sbtest4  (cost=0.43..48.53 rows=10 width=490)
	        Index Cond: (id = ANY ('{6046983,3833282,5009163,6374164,397337,4062703,9046971,5230438,262188,5408566}'::integer[]))

table 5 : explain UPDATE sbtest5 set c=7 WHERE id IN ( 6046983, 3833282, 5009163, 6374164, 397337, 4062703, 9046971, 5230438, 262188, 5408566)
	Update on sbtest5  (cost=0.43..48.53 rows=0 width=0)
	  ->  Index Scan using sbtest5_pkey on sbtest5  (cost=0.43..48.53 rows=10 width=490)
	        Index Cond: (id = ANY ('{6046983,3833282,5009163,6374164,397337,4062703,9046971,5230438,262188,5408566}'::integer[]))

table 6 : explain UPDATE sbtest6 set c=7 WHERE id IN ( 6046983, 3833282, 5009163, 6374164, 397337, 4062703, 9046971, 5230438, 262188, 5408566)
	Update on sbtest6  (cost=0.43..48.53 rows=0 width=0)
	  ->  Index Scan using sbtest6_pkey on sbtest6  (cost=0.43..48.53 rows=10 width=490)
	        Index Cond: (id = ANY ('{6046983,3833282,5009163,6374164,397337,4062703,9046971,5230438,262188,5408566}'::integer[]))

table 7 : explain UPDATE sbtest7 set c=7 WHERE id IN ( 6046983, 3833282, 5009163, 6374164, 397337, 4062703, 9046971, 5230438, 262188, 5408566)
	Update on sbtest7  (cost=0.43..48.53 rows=0 width=0)
	  ->  Index Scan using sbtest7_pkey on sbtest7  (cost=0.43..48.53 rows=10 width=490)
	        Index Cond: (id = ANY ('{6046983,3833282,5009163,6374164,397337,4062703,9046971,5230438,262188,5408566}'::integer[]))

table 8 : explain UPDATE sbtest8 set c=7 WHERE id IN ( 6046983, 3833282, 5009163, 6374164, 397337, 4062703, 9046971, 5230438, 262188, 5408566)
	Update on sbtest8  (cost=0.43..48.53 rows=0 width=0)
	  ->  Index Scan using sbtest8_pkey on sbtest8  (cost=0.43..48.53 rows=10 width=490)
	        Index Cond: (id = ANY ('{6046983,3833282,5009163,6374164,397337,4062703,9046971,5230438,262188,5408566}'::integer[]))

for update-inlist
table 1 : explain UPDATE sbtest1 set c=7 WHERE id IN ( 8390437, 3315920, 7143058, 1435099, 8315758, 7060597, 1389556, 4713658, 3622819, 2592966)
	Update on sbtest1  (cost=0.43..48.53 rows=0 width=0)
	  ->  Index Scan using sbtest1_pkey on sbtest1  (cost=0.43..48.53 rows=10 width=490)
	        Index Cond: (id = ANY ('{8390437,3315920,7143058,1435099,8315758,7060597,1389556,4713658,3622819,2592966}'::integer[]))

table 2 : explain UPDATE sbtest2 set c=7 WHERE id IN ( 8390437, 3315920, 7143058, 1435099, 8315758, 7060597, 1389556, 4713658, 3622819, 2592966)
	Update on sbtest2  (cost=0.43..48.53 rows=0 width=0)
	  ->  Index Scan using sbtest2_pkey on sbtest2  (cost=0.43..48.53 rows=10 width=490)
	        Index Cond: (id = ANY ('{8390437,3315920,7143058,1435099,8315758,7060597,1389556,4713658,3622819,2592966}'::integer[]))

table 3 : explain UPDATE sbtest3 set c=7 WHERE id IN ( 8390437, 3315920, 7143058, 1435099, 8315758, 7060597, 1389556, 4713658, 3622819, 2592966)
	Update on sbtest3  (cost=0.43..48.53 rows=0 width=0)
	  ->  Index Scan using sbtest3_pkey on sbtest3  (cost=0.43..48.53 rows=10 width=490)
	        Index Cond: (id = ANY ('{8390437,3315920,7143058,1435099,8315758,7060597,1389556,4713658,3622819,2592966}'::integer[]))

table 4 : explain UPDATE sbtest4 set c=7 WHERE id IN ( 8390437, 3315920, 7143058, 1435099, 8315758, 7060597, 1389556, 4713658, 3622819, 2592966)
	Update on sbtest4  (cost=0.43..48.53 rows=0 width=0)
	  ->  Index Scan using sbtest4_pkey on sbtest4  (cost=0.43..48.53 rows=10 width=490)
	        Index Cond: (id = ANY ('{8390437,3315920,7143058,1435099,8315758,7060597,1389556,4713658,3622819,2592966}'::integer[]))

table 5 : explain UPDATE sbtest5 set c=7 WHERE id IN ( 8390437, 3315920, 7143058, 1435099, 8315758, 7060597, 1389556, 4713658, 3622819, 2592966)
	Update on sbtest5  (cost=0.43..48.53 rows=0 width=0)
	  ->  Index Scan using sbtest5_pkey on sbtest5  (cost=0.43..48.53 rows=10 width=490)
	        Index Cond: (id = ANY ('{8390437,3315920,7143058,1435099,8315758,7060597,1389556,4713658,3622819,2592966}'::integer[]))

table 6 : explain UPDATE sbtest6 set c=7 WHERE id IN ( 8390437, 3315920, 7143058, 1435099, 8315758, 7060597, 1389556, 4713658, 3622819, 2592966)
	Update on sbtest6  (cost=0.43..48.53 rows=0 width=0)
	  ->  Index Scan using sbtest6_pkey on sbtest6  (cost=0.43..48.53 rows=10 width=490)
	        Index Cond: (id = ANY ('{8390437,3315920,7143058,1435099,8315758,7060597,1389556,4713658,3622819,2592966}'::integer[]))

table 7 : explain UPDATE sbtest7 set c=7 WHERE id IN ( 8390437, 3315920, 7143058, 1435099, 8315758, 7060597, 1389556, 4713658, 3622819, 2592966)
	Update on sbtest7  (cost=0.43..48.53 rows=0 width=0)
	  ->  Index Scan using sbtest7_pkey on sbtest7  (cost=0.43..48.53 rows=10 width=490)
	        Index Cond: (id = ANY ('{8390437,3315920,7143058,1435099,8315758,7060597,1389556,4713658,3622819,2592966}'::integer[]))

table 8 : explain UPDATE sbtest8 set c=7 WHERE id IN ( 8390437, 3315920, 7143058, 1435099, 8315758, 7060597, 1389556, 4713658, 3622819, 2592966)
	Update on sbtest8  (cost=0.43..48.53 rows=0 width=0)
	  ->  Index Scan using sbtest8_pkey on sbtest8  (cost=0.43..48.53 rows=10 width=490)
	        Index Cond: (id = ANY ('{8390437,3315920,7143058,1435099,8315758,7060597,1389556,4713658,3622819,2592966}'::integer[]))

for update-inlist
table 1 : explain UPDATE sbtest1 set c=7 WHERE id IN ( 3431477, 3421769, 5633170, 448750, 6584133, 1325433, 6350385, 7312991, 3809408, 3566941)
	Update on sbtest1  (cost=0.43..48.53 rows=0 width=0)
	  ->  Index Scan using sbtest1_pkey on sbtest1  (cost=0.43..48.53 rows=10 width=490)
	        Index Cond: (id = ANY ('{3431477,3421769,5633170,448750,6584133,1325433,6350385,7312991,3809408,3566941}'::integer[]))

table 2 : explain UPDATE sbtest2 set c=7 WHERE id IN ( 3431477, 3421769, 5633170, 448750, 6584133, 1325433, 6350385, 7312991, 3809408, 3566941)
	Update on sbtest2  (cost=0.43..48.53 rows=0 width=0)
	  ->  Index Scan using sbtest2_pkey on sbtest2  (cost=0.43..48.53 rows=10 width=490)
	        Index Cond: (id = ANY ('{3431477,3421769,5633170,448750,6584133,1325433,6350385,7312991,3809408,3566941}'::integer[]))

table 3 : explain UPDATE sbtest3 set c=7 WHERE id IN ( 3431477, 3421769, 5633170, 448750, 6584133, 1325433, 6350385, 7312991, 3809408, 3566941)
	Update on sbtest3  (cost=0.43..48.53 rows=0 width=0)
	  ->  Index Scan using sbtest3_pkey on sbtest3  (cost=0.43..48.53 rows=10 width=490)
	        Index Cond: (id = ANY ('{3431477,3421769,5633170,448750,6584133,1325433,6350385,7312991,3809408,3566941}'::integer[]))

table 4 : explain UPDATE sbtest4 set c=7 WHERE id IN ( 3431477, 3421769, 5633170, 448750, 6584133, 1325433, 6350385, 7312991, 3809408, 3566941)
	Update on sbtest4  (cost=0.43..48.53 rows=0 width=0)
	  ->  Index Scan using sbtest4_pkey on sbtest4  (cost=0.43..48.53 rows=10 width=490)
	        Index Cond: (id = ANY ('{3431477,3421769,5633170,448750,6584133,1325433,6350385,7312991,3809408,3566941}'::integer[]))

table 5 : explain UPDATE sbtest5 set c=7 WHERE id IN ( 3431477, 3421769, 5633170, 448750, 6584133, 1325433, 6350385, 7312991, 3809408, 3566941)
	Update on sbtest5  (cost=0.43..48.53 rows=0 width=0)
	  ->  Index Scan using sbtest5_pkey on sbtest5  (cost=0.43..48.53 rows=10 width=490)
	        Index Cond: (id = ANY ('{3431477,3421769,5633170,448750,6584133,1325433,6350385,7312991,3809408,3566941}'::integer[]))

table 6 : explain UPDATE sbtest6 set c=7 WHERE id IN ( 3431477, 3421769, 5633170, 448750, 6584133, 1325433, 6350385, 7312991, 3809408, 3566941)
	Update on sbtest6  (cost=0.43..48.53 rows=0 width=0)
	  ->  Index Scan using sbtest6_pkey on sbtest6  (cost=0.43..48.53 rows=10 width=490)
	        Index Cond: (id = ANY ('{3431477,3421769,5633170,448750,6584133,1325433,6350385,7312991,3809408,3566941}'::integer[]))

table 7 : explain UPDATE sbtest7 set c=7 WHERE id IN ( 3431477, 3421769, 5633170, 448750, 6584133, 1325433, 6350385, 7312991, 3809408, 3566941)
	Update on sbtest7  (cost=0.43..48.53 rows=0 width=0)
	  ->  Index Scan using sbtest7_pkey on sbtest7  (cost=0.43..48.53 rows=10 width=490)
	        Index Cond: (id = ANY ('{3431477,3421769,5633170,448750,6584133,1325433,6350385,7312991,3809408,3566941}'::integer[]))

table 8 : explain UPDATE sbtest8 set c=7 WHERE id IN ( 3431477, 3421769, 5633170, 448750, 6584133, 1325433, 6350385, 7312991, 3809408, 3566941)
	Update on sbtest8  (cost=0.43..48.53 rows=0 width=0)
	  ->  Index Scan using sbtest8_pkey on sbtest8  (cost=0.43..48.53 rows=10 width=490)
	        Index Cond: (id = ANY ('{3431477,3421769,5633170,448750,6584133,1325433,6350385,7312991,3809408,3566941}'::integer[]))

Threads started!

Warming up for 5 seconds...

SQL statistics:
    queries performed:
        read:                            0
        write:                           107692750
        other:                           0
        total:                           107692750
    transactions:                        107692750 (115797.62 per sec.)
    queries:                             107692750 (115797.62 per sec.)
    ignored errors:                      0      (0.00 per sec.)
    reconnects:                          0      (0.00 per sec.)

Throughput:
    events/s (eps):                      115797.6222
    time elapsed:                        930.0084s
    total number of events:              107692750

Latency (ms):
         min:                                    0.11
         avg:                                    0.34
         max:                                  222.91
         95th percentile:                        0.52
         sum:                             37127996.96

Threads fairness:
    events (avg/stddev):           2692318.7500/18736.13
    execution time (avg/stddev):   928.1999/0.03

