LUA_PATH=/home/mdcallag/git/mytools/bench/sysbench.lua/lua/?.lua /home/mdcallag/git/mytools/bench/sysbench.lua/lua/sysbench --db-driver=pgsql --range-size=100 --table-size=10000000 --tables=8 --threads=40 --events=0 --warmup-time=5 --time=630 --pgsql_conn_id=true /home/mdcallag/git/mytools/bench/sysbench.lua/lua/oltp_range_covered.lua run --pgsql-user=root --pgsql-password=pw --pgsql-host=127.0.0.1 --pgsql-db=ib --rand-type=uniform --random-points=100 --skip-trx
48 CPUs
sysbench 1.1.0-9072687 (using bundled LuaJIT 2.1.0-beta3)

Running the test with following options:
Number of threads: 40
Warmup time: 5s
Initializing random number generator from current time


Initializing worker threads...

explain: for range-covered :: explain SELECT id FROM sbtest%d WHERE id BETWEEN 5001398 AND 5001498
explain: for range-covered :: explain SELECT id FROM sbtest%d WHERE id BETWEEN 5172995 AND 5173095
explain: for range-covered :: explain SELECT id FROM sbtest%d WHERE id BETWEEN 5029894 AND 5029994
explain: for range-covered :: explain SELECT id FROM sbtest%d WHERE id BETWEEN 5952709 AND 5952809
explain: for range-covered :: explain SELECT id FROM sbtest%d WHERE id BETWEEN 1878330 AND 1878430
explain: for range-covered :: explain SELECT id FROM sbtest%d WHERE id BETWEEN 5370448 AND 5370548
for range-covered
table 1 : explain SELECT id FROM sbtest1 WHERE id BETWEEN 5952709 AND 5952809
	Index Only Scan using sbtest1_pkey on sbtest1  (cost=0.43..6.51 rows=104 width=4)
	  Index Cond: ((id >= 5952709) AND (id <= 5952809))

table 2 : explain SELECT id FROM sbtest2 WHERE id BETWEEN 5952709 AND 5952809
	Index Only Scan using sbtest2_pkey on sbtest2  (cost=0.43..6.35 rows=96 width=4)
	  Index Cond: ((id >= 5952709) AND (id <= 5952809))

table 3 : explain SELECT id FROM sbtest3 WHERE id BETWEEN 5952709 AND 5952809
	Index Only Scan using sbtest3_pkey on sbtest3  (cost=0.43..10.33 rows=95 width=4)
	  Index Cond: ((id >= 5952709) AND (id <= 5952809))

table 4 : explain SELECT id FROM sbtest4 WHERE id BETWEEN 5952709 AND 5952809
	Index Only Scan using sbtest4_pkey on sbtest4  (cost=0.43..6.50 rows=103 width=4)
	  Index Cond: ((id >= 5952709) AND (id <= 5952809))

table 5 : explain SELECT id FROM sbtest5 WHERE id BETWEEN 5952709 AND 5952809
	Index Only Scan using sbtest5_pkey on sbtest5  (cost=0.43..6.29 rows=93 width=4)
	  Index Cond: ((id >= 5952709) AND (id <= 5952809))

table 6 : explain SELECT id FROM sbtest6 WHERE id BETWEEN 5952709 AND 5952809
	Index Only Scan using sbtest6_pkey on sbtest6  (cost=0.43..10.24 rows=90 width=4)
	  Index Cond: ((id >= 5952709) AND (id <= 5952809))

table 7 : explain SELECT id FROM sbtest7 WHERE id BETWEEN 5952709 AND 5952809
	Index Only Scan using sbtest7_pkey on sbtest7  (cost=0.43..10.38 rows=97 width=4)
	  Index Cond: ((id >= 5952709) AND (id <= 5952809))

table 8 : explain SELECT id FROM sbtest8 WHERE id BETWEEN 5952709 AND 5952809
	Index Only Scan using sbtest8_pkey on sbtest8  (cost=0.43..6.53 rows=105 width=4)
	  Index Cond: ((id >= 5952709) AND (id <= 5952809))

explain: for range-covered :: explain SELECT id FROM sbtest%d WHERE id BETWEEN 5952709 AND 5952809
for range-covered
table 1 : explain SELECT id FROM sbtest1 WHERE id BETWEEN 5952709 AND 5952809
	Index Only Scan using sbtest1_pkey on sbtest1  (cost=0.43..6.51 rows=104 width=4)
	  Index Cond: ((id >= 5952709) AND (id <= 5952809))

table 2 : explain SELECT id FROM sbtest2 WHERE id BETWEEN 5952709 AND 5952809
	Index Only Scan using sbtest2_pkey on sbtest2  (cost=0.43..6.35 rows=96 width=4)
	  Index Cond: ((id >= 5952709) AND (id <= 5952809))

table 3 : explain SELECT id FROM sbtest3 WHERE id BETWEEN 5952709 AND 5952809
	Index Only Scan using sbtest3_pkey on sbtest3  (cost=0.43..10.33 rows=95 width=4)
	  Index Cond: ((id >= 5952709) AND (id <= 5952809))

table 4 : explain SELECT id FROM sbtest4 WHERE id BETWEEN 5952709 AND 5952809
	Index Only Scan using sbtest4_pkey on sbtest4  (cost=0.43..6.50 rows=103 width=4)
	  Index Cond: ((id >= 5952709) AND (id <= 5952809))

table 5 : explain SELECT id FROM sbtest5 WHERE id BETWEEN 5952709 AND 5952809
	Index Only Scan using sbtest5_pkey on sbtest5  (cost=0.43..6.29 rows=93 width=4)
	  Index Cond: ((id >= 5952709) AND (id <= 5952809))

table 6 : explain SELECT id FROM sbtest6 WHERE id BETWEEN 5952709 AND 5952809
	Index Only Scan using sbtest6_pkey on sbtest6  (cost=0.43..10.24 rows=90 width=4)
	  Index Cond: ((id >= 5952709) AND (id <= 5952809))

table 7 : explain SELECT id FROM sbtest7 WHERE id BETWEEN 5952709 AND 5952809
	Index Only Scan using sbtest7_pkey on sbtest7  (cost=0.43..10.38 rows=97 width=4)
	  Index Cond: ((id >= 5952709) AND (id <= 5952809))

table 8 : explain SELECT id FROM sbtest8 WHERE id BETWEEN 5952709 AND 5952809
	Index Only Scan using sbtest8_pkey on sbtest8  (cost=0.43..6.53 rows=105 width=4)
	  Index Cond: ((id >= 5952709) AND (id <= 5952809))

explain: for range-covered :: explain SELECT id FROM sbtest%d WHERE id BETWEEN 5952709 AND 5952809
for range-covered
table 1 : explain SELECT id FROM sbtest1 WHERE id BETWEEN 5172995 AND 5173095
	Index Only Scan using sbtest1_pkey on sbtest1  (cost=0.43..6.27 rows=92 width=4)
	  Index Cond: ((id >= 5172995) AND (id <= 5173095))

table 2 : explain SELECT id FROM sbtest2 WHERE id BETWEEN 5172995 AND 5173095
	Index Only Scan using sbtest2_pkey on sbtest2  (cost=0.43..6.42 rows=99 width=4)
	  Index Cond: ((id >= 5172995) AND (id <= 5173095))

table 3 : explain SELECT id FROM sbtest3 WHERE id BETWEEN 5172995 AND 5173095
	Index Only Scan using sbtest3_pkey on sbtest3  (cost=0.43..10.63 rows=110 width=4)
	  Index Cond: ((id >= 5172995) AND (id <= 5173095))

table 4 : explain SELECT id FROM sbtest4 WHERE id BETWEEN 5172995 AND 5173095
	Index Only Scan using sbtest4_pkey on sbtest4  (cost=0.43..6.33 rows=95 width=4)
	  Index Cond: ((id >= 5172995) AND (id <= 5173095))

table 5 : explain SELECT id FROM sbtest5 WHERE id BETWEEN 5172995 AND 5173095
	Index Only Scan using sbtest5_pkey on sbtest5  (cost=0.43..6.37 rows=97 width=4)
	  Index Cond: ((id >= 5172995) AND (id <= 5173095))

table 6 : explain SELECT id FROM sbtest6 WHERE id BETWEEN 5172995 AND 5173095
	Index Only Scan using sbtest6_pkey on sbtest6  (cost=0.43..10.54 rows=105 width=4)
	  Index Cond: ((id >= 5172995) AND (id <= 5173095))

table 7 : explain SELECT id FROM sbtest7 WHERE id BETWEEN 5172995 AND 5173095
	Index Only Scan using sbtest7_pkey on sbtest7  (cost=0.43..10.63 rows=110 width=4)
	  Index Cond: ((id >= 5172995) AND (id <= 5173095))

table 8 : explain SELECT id FROM sbtest8 WHERE id BETWEEN 5172995 AND 5173095
	Index Only Scan using sbtest8_pkey on sbtest8  (cost=0.43..6.51 rows=104 width=4)
	  Index Cond: ((id >= 5172995) AND (id <= 5173095))

for range-covered
table 1 : explain SELECT id FROM sbtest1 WHERE id BETWEEN 5001398 AND 5001498
	Index Only Scan using sbtest1_pkey on sbtest1  (cost=0.43..6.63 rows=110 width=4)
	  Index Cond: ((id >= 5001398) AND (id <= 5001498))

table 2 : explain SELECT id FROM sbtest2 WHERE id BETWEEN 5001398 AND 5001498
	Index Only Scan using sbtest2_pkey on sbtest2  (cost=0.43..6.61 rows=109 width=4)
	  Index Cond: ((id >= 5001398) AND (id <= 5001498))

table 3 : explain SELECT id FROM sbtest3 WHERE id BETWEEN 5001398 AND 5001498
	Index Only Scan using sbtest3_pkey on sbtest3  (cost=0.43..10.58 rows=107 width=4)
	  Index Cond: ((id >= 5001398) AND (id <= 5001498))

table 4 : explain SELECT id FROM sbtest4 WHERE id BETWEEN 5001398 AND 5001498
	Index Only Scan using sbtest4_pkey on sbtest4  (cost=0.43..6.40 rows=98 width=4)
	  Index Cond: ((id >= 5001398) AND (id <= 5001498))

table 5 : explain SELECT id FROM sbtest5 WHERE id BETWEEN 5001398 AND 5001498
	Index Only Scan using sbtest5_pkey on sbtest5  (cost=0.43..6.74 rows=115 width=4)
	  Index Cond: ((id >= 5001398) AND (id <= 5001498))

table 6 : explain SELECT id FROM sbtest6 WHERE id BETWEEN 5001398 AND 5001498
	Index Only Scan using sbtest6_pkey on sbtest6  (cost=0.43..10.36 rows=96 width=4)
	  Index Cond: ((id >= 5001398) AND (id <= 5001498))

table 7 : explain SELECT id FROM sbtest7 WHERE id BETWEEN 5001398 AND 5001498
	Index Only Scan using sbtest7_pkey on sbtest7  (cost=0.43..10.63 rows=110 width=4)
	  Index Cond: ((id >= 5001398) AND (id <= 5001498))

table 8 : explain SELECT id FROM sbtest8 WHERE id BETWEEN 5001398 AND 5001498
	Index Only Scan using sbtest8_pkey on sbtest8  (cost=0.43..6.53 rows=105 width=4)
	  Index Cond: ((id >= 5001398) AND (id <= 5001498))

explain: for range-covered :: explain SELECT id FROM sbtest%d WHERE id BETWEEN 5172995 AND 5173095
for range-covered
table 1 : explain SELECT id FROM sbtest1 WHERE id BETWEEN 1878330 AND 1878430
	Index Only Scan using sbtest1_pkey on sbtest1  (cost=0.43..6.35 rows=96 width=4)
	  Index Cond: ((id >= 1878330) AND (id <= 1878430))

table 2 : explain SELECT id FROM sbtest2 WHERE id BETWEEN 1878330 AND 1878430
	Index Only Scan using sbtest2_pkey on sbtest2  (cost=0.43..6.42 rows=99 width=4)
	  Index Cond: ((id >= 1878330) AND (id <= 1878430))

table 3 : explain SELECT id FROM sbtest3 WHERE id BETWEEN 1878330 AND 1878430
	Index Only Scan using sbtest3_pkey on sbtest3  (cost=0.43..10.40 rows=98 width=4)
	  Index Cond: ((id >= 1878330) AND (id <= 1878430))

table 4 : explain SELECT id FROM sbtest4 WHERE id BETWEEN 1878330 AND 1878430
	Index Only Scan using sbtest4_pkey on sbtest4  (cost=0.43..6.42 rows=99 width=4)
	  Index Cond: ((id >= 1878330) AND (id <= 1878430))

table 5 : explain SELECT id FROM sbtest5 WHERE id BETWEEN 1878330 AND 1878430
	Index Only Scan using sbtest5_pkey on sbtest5  (cost=0.43..6.37 rows=97 width=4)
	  Index Cond: ((id >= 1878330) AND (id <= 1878430))

table 6 : explain SELECT id FROM sbtest6 WHERE id BETWEEN 1878330 AND 1878430
	Index Only Scan using sbtest6_pkey on sbtest6  (cost=0.43..10.56 rows=106 width=4)
	  Index Cond: ((id >= 1878330) AND (id <= 1878430))

table 7 : explain SELECT id FROM sbtest7 WHERE id BETWEEN 1878330 AND 1878430
	Index Only Scan using sbtest7_pkey on sbtest7  (cost=0.43..10.29 rows=93 width=4)
	  Index Cond: ((id >= 1878330) AND (id <= 1878430))

table 8 : explain SELECT id FROM sbtest8 WHERE id BETWEEN 1878330 AND 1878430
	Index Only Scan using sbtest8_pkey on sbtest8  (cost=0.43..6.37 rows=97 width=4)
	  Index Cond: ((id >= 1878330) AND (id <= 1878430))

explain: for range-covered :: explain SELECT id FROM sbtest%d WHERE id BETWEEN 5001398 AND 5001498
explain: for range-covered :: explain SELECT id FROM sbtest%d WHERE id BETWEEN 1878330 AND 1878430
for range-covered
table 1 : explain SELECT id FROM sbtest1 WHERE id BETWEEN 5029894 AND 5029994
	Index Only Scan using sbtest1_pkey on sbtest1  (cost=0.43..6.63 rows=110 width=4)
	  Index Cond: ((id >= 5029894) AND (id <= 5029994))

table 2 : explain SELECT id FROM sbtest2 WHERE id BETWEEN 5029894 AND 5029994
	Index Only Scan using sbtest2_pkey on sbtest2  (cost=0.43..6.61 rows=109 width=4)
	  Index Cond: ((id >= 5029894) AND (id <= 5029994))

table 3 : explain SELECT id FROM sbtest3 WHERE id BETWEEN 5029894 AND 5029994
	Index Only Scan using sbtest3_pkey on sbtest3  (cost=0.43..10.65 rows=111 width=4)
	  Index Cond: ((id >= 5029894) AND (id <= 5029994))

table 4 : explain SELECT id FROM sbtest4 WHERE id BETWEEN 5029894 AND 5029994
	Index Only Scan using sbtest4_pkey on sbtest4  (cost=0.43..6.40 rows=98 width=4)
	  Index Cond: ((id >= 5029894) AND (id <= 5029994))

table 5 : explain SELECT id FROM sbtest5 WHERE id BETWEEN 5029894 AND 5029994
	Index Only Scan using sbtest5_pkey on sbtest5  (cost=0.43..6.43 rows=100 width=4)
	  Index Cond: ((id >= 5029894) AND (id <= 5029994))

table 6 : explain SELECT id FROM sbtest6 WHERE id BETWEEN 5029894 AND 5029994
	Index Only Scan using sbtest6_pkey on sbtest6  (cost=0.43..10.36 rows=96 width=4)
	  Index Cond: ((id >= 5029894) AND (id <= 5029994))

table 7 : explain SELECT id FROM sbtest7 WHERE id BETWEEN 5029894 AND 5029994
	Index Only Scan using sbtest7_pkey on sbtest7  (cost=0.43..10.47 rows=102 width=4)
	  Index Cond: ((id >= 5029894) AND (id <= 5029994))

table 8 : explain SELECT id FROM sbtest8 WHERE id BETWEEN 5029894 AND 5029994
	Index Only Scan using sbtest8_pkey on sbtest8  (cost=0.43..6.53 rows=105 width=4)
	  Index Cond: ((id >= 5029894) AND (id <= 5029994))

for range-covered
table 1 : explain SELECT id FROM sbtest1 WHERE id BETWEEN 5172995 AND 5173095
	Index Only Scan using sbtest1_pkey on sbtest1  (cost=0.43..6.27 rows=92 width=4)
	  Index Cond: ((id >= 5172995) AND (id <= 5173095))

table 2 : explain SELECT id FROM sbtest2 WHERE id BETWEEN 5172995 AND 5173095
	Index Only Scan using sbtest2_pkey on sbtest2  (cost=0.43..6.42 rows=99 width=4)
	  Index Cond: ((id >= 5172995) AND (id <= 5173095))

table 3 : explain SELECT id FROM sbtest3 WHERE id BETWEEN 5172995 AND 5173095
	Index Only Scan using sbtest3_pkey on sbtest3  (cost=0.43..10.63 rows=110 width=4)
	  Index Cond: ((id >= 5172995) AND (id <= 5173095))

table 4 : explain SELECT id FROM sbtest4 WHERE id BETWEEN 5172995 AND 5173095
	Index Only Scan using sbtest4_pkey on sbtest4  (cost=0.43..6.33 rows=95 width=4)
	  Index Cond: ((id >= 5172995) AND (id <= 5173095))

table 5 : explain SELECT id FROM sbtest5 WHERE id BETWEEN 5172995 AND 5173095
	Index Only Scan using sbtest5_pkey on sbtest5  (cost=0.43..6.37 rows=97 width=4)
	  Index Cond: ((id >= 5172995) AND (id <= 5173095))

table 6 : explain SELECT id FROM sbtest6 WHERE id BETWEEN 5172995 AND 5173095
	Index Only Scan using sbtest6_pkey on sbtest6  (cost=0.43..10.54 rows=105 width=4)
	  Index Cond: ((id >= 5172995) AND (id <= 5173095))

table 7 : explain SELECT id FROM sbtest7 WHERE id BETWEEN 5172995 AND 5173095
	Index Only Scan using sbtest7_pkey on sbtest7  (cost=0.43..10.63 rows=110 width=4)
	  Index Cond: ((id >= 5172995) AND (id <= 5173095))

table 8 : explain SELECT id FROM sbtest8 WHERE id BETWEEN 5172995 AND 5173095
	Index Only Scan using sbtest8_pkey on sbtest8  (cost=0.43..6.51 rows=104 width=4)
	  Index Cond: ((id >= 5172995) AND (id <= 5173095))

for range-covered
table 1 : explain SELECT id FROM sbtest1 WHERE id BETWEEN 5952709 AND 5952809
	Index Only Scan using sbtest1_pkey on sbtest1  (cost=0.43..6.51 rows=104 width=4)
	  Index Cond: ((id >= 5952709) AND (id <= 5952809))

table 2 : explain SELECT id FROM sbtest2 WHERE id BETWEEN 5952709 AND 5952809
	Index Only Scan using sbtest2_pkey on sbtest2  (cost=0.43..6.35 rows=96 width=4)
	  Index Cond: ((id >= 5952709) AND (id <= 5952809))

table 3 : explain SELECT id FROM sbtest3 WHERE id BETWEEN 5952709 AND 5952809
	Index Only Scan using sbtest3_pkey on sbtest3  (cost=0.43..10.33 rows=95 width=4)
	  Index Cond: ((id >= 5952709) AND (id <= 5952809))

table 4 : explain SELECT id FROM sbtest4 WHERE id BETWEEN 5952709 AND 5952809
	Index Only Scan using sbtest4_pkey on sbtest4  (cost=0.43..6.50 rows=103 width=4)
	  Index Cond: ((id >= 5952709) AND (id <= 5952809))

table 5 : explain SELECT id FROM sbtest5 WHERE id BETWEEN 5952709 AND 5952809
	Index Only Scan using sbtest5_pkey on sbtest5  (cost=0.43..6.29 rows=93 width=4)
	  Index Cond: ((id >= 5952709) AND (id <= 5952809))

table 6 : explain SELECT id FROM sbtest6 WHERE id BETWEEN 5952709 AND 5952809
	Index Only Scan using sbtest6_pkey on sbtest6  (cost=0.43..10.24 rows=90 width=4)
	  Index Cond: ((id >= 5952709) AND (id <= 5952809))

table 7 : explain SELECT id FROM sbtest7 WHERE id BETWEEN 5952709 AND 5952809
	Index Only Scan using sbtest7_pkey on sbtest7  (cost=0.43..10.38 rows=97 width=4)
	  Index Cond: ((id >= 5952709) AND (id <= 5952809))

table 8 : explain SELECT id FROM sbtest8 WHERE id BETWEEN 5952709 AND 5952809
	Index Only Scan using sbtest8_pkey on sbtest8  (cost=0.43..6.53 rows=105 width=4)
	  Index Cond: ((id >= 5952709) AND (id <= 5952809))

explain: for range-covered :: explain SELECT id FROM sbtest%d WHERE id BETWEEN 5172995 AND 5173095
explain: for range-covered :: explain SELECT id FROM sbtest%d WHERE id BETWEEN 5952709 AND 5952809
explain: for range-covered :: explain SELECT id FROM sbtest%d WHERE id BETWEEN 5029894 AND 5029994
for range-covered
table 1 : explain SELECT id FROM sbtest1 WHERE id BETWEEN 5001398 AND 5001498
	Index Only Scan using sbtest1_pkey on sbtest1  (cost=0.43..6.63 rows=110 width=4)
	  Index Cond: ((id >= 5001398) AND (id <= 5001498))

table 2 : explain SELECT id FROM sbtest2 WHERE id BETWEEN 5001398 AND 5001498
	Index Only Scan using sbtest2_pkey on sbtest2  (cost=0.43..6.61 rows=109 width=4)
	  Index Cond: ((id >= 5001398) AND (id <= 5001498))

table 3 : explain SELECT id FROM sbtest3 WHERE id BETWEEN 5001398 AND 5001498
	Index Only Scan using sbtest3_pkey on sbtest3  (cost=0.43..10.58 rows=107 width=4)
	  Index Cond: ((id >= 5001398) AND (id <= 5001498))

table 4 : explain SELECT id FROM sbtest4 WHERE id BETWEEN 5001398 AND 5001498
	Index Only Scan using sbtest4_pkey on sbtest4  (cost=0.43..6.40 rows=98 width=4)
	  Index Cond: ((id >= 5001398) AND (id <= 5001498))

table 5 : explain SELECT id FROM sbtest5 WHERE id BETWEEN 5001398 AND 5001498
	Index Only Scan using sbtest5_pkey on sbtest5  (cost=0.43..6.74 rows=115 width=4)
	  Index Cond: ((id >= 5001398) AND (id <= 5001498))

table 6 : explain SELECT id FROM sbtest6 WHERE id BETWEEN 5001398 AND 5001498
	Index Only Scan using sbtest6_pkey on sbtest6  (cost=0.43..10.36 rows=96 width=4)
	  Index Cond: ((id >= 5001398) AND (id <= 5001498))

table 7 : explain SELECT id FROM sbtest7 WHERE id BETWEEN 5001398 AND 5001498
	Index Only Scan using sbtest7_pkey on sbtest7  (cost=0.43..10.63 rows=110 width=4)
	  Index Cond: ((id >= 5001398) AND (id <= 5001498))

table 8 : explain SELECT id FROM sbtest8 WHERE id BETWEEN 5001398 AND 5001498
	Index Only Scan using sbtest8_pkey on sbtest8  (cost=0.43..6.53 rows=105 width=4)
	  Index Cond: ((id >= 5001398) AND (id <= 5001498))

explain: for range-covered :: explain SELECT id FROM sbtest%d WHERE id BETWEEN 5001398 AND 5001498
for range-covered
table 1 : explain SELECT id FROM sbtest1 WHERE id BETWEEN 5172995 AND 5173095
	Index Only Scan using sbtest1_pkey on sbtest1  (cost=0.43..6.27 rows=92 width=4)
	  Index Cond: ((id >= 5172995) AND (id <= 5173095))

table 2 : explain SELECT id FROM sbtest2 WHERE id BETWEEN 5172995 AND 5173095
	Index Only Scan using sbtest2_pkey on sbtest2  (cost=0.43..6.42 rows=99 width=4)
	  Index Cond: ((id >= 5172995) AND (id <= 5173095))

table 3 : explain SELECT id FROM sbtest3 WHERE id BETWEEN 5172995 AND 5173095
	Index Only Scan using sbtest3_pkey on sbtest3  (cost=0.43..10.63 rows=110 width=4)
	  Index Cond: ((id >= 5172995) AND (id <= 5173095))

table 4 : explain SELECT id FROM sbtest4 WHERE id BETWEEN 5172995 AND 5173095
	Index Only Scan using sbtest4_pkey on sbtest4  (cost=0.43..6.33 rows=95 width=4)
	  Index Cond: ((id >= 5172995) AND (id <= 5173095))

table 5 : explain SELECT id FROM sbtest5 WHERE id BETWEEN 5172995 AND 5173095
	Index Only Scan using sbtest5_pkey on sbtest5  (cost=0.43..6.37 rows=97 width=4)
	  Index Cond: ((id >= 5172995) AND (id <= 5173095))

table 6 : explain SELECT id FROM sbtest6 WHERE id BETWEEN 5172995 AND 5173095
	Index Only Scan using sbtest6_pkey on sbtest6  (cost=0.43..10.54 rows=105 width=4)
	  Index Cond: ((id >= 5172995) AND (id <= 5173095))

table 7 : explain SELECT id FROM sbtest7 WHERE id BETWEEN 5172995 AND 5173095
	Index Only Scan using sbtest7_pkey on sbtest7  (cost=0.43..10.63 rows=110 width=4)
	  Index Cond: ((id >= 5172995) AND (id <= 5173095))

table 8 : explain SELECT id FROM sbtest8 WHERE id BETWEEN 5172995 AND 5173095
	Index Only Scan using sbtest8_pkey on sbtest8  (cost=0.43..6.51 rows=104 width=4)
	  Index Cond: ((id >= 5172995) AND (id <= 5173095))

explain: for range-covered :: explain SELECT id FROM sbtest%d WHERE id BETWEEN 5172995 AND 5173095
for range-covered
table 1 : explain SELECT id FROM sbtest1 WHERE id BETWEEN 5001398 AND 5001498
	Index Only Scan using sbtest1_pkey on sbtest1  (cost=0.43..6.63 rows=110 width=4)
	  Index Cond: ((id >= 5001398) AND (id <= 5001498))

table 2 : explain SELECT id FROM sbtest2 WHERE id BETWEEN 5001398 AND 5001498
	Index Only Scan using sbtest2_pkey on sbtest2  (cost=0.43..6.61 rows=109 width=4)
	  Index Cond: ((id >= 5001398) AND (id <= 5001498))

table 3 : explain SELECT id FROM sbtest3 WHERE id BETWEEN 5001398 AND 5001498
	Index Only Scan using sbtest3_pkey on sbtest3  (cost=0.43..10.58 rows=107 width=4)
	  Index Cond: ((id >= 5001398) AND (id <= 5001498))

table 4 : explain SELECT id FROM sbtest4 WHERE id BETWEEN 5001398 AND 5001498
	Index Only Scan using sbtest4_pkey on sbtest4  (cost=0.43..6.40 rows=98 width=4)
	  Index Cond: ((id >= 5001398) AND (id <= 5001498))

table 5 : explain SELECT id FROM sbtest5 WHERE id BETWEEN 5001398 AND 5001498
	Index Only Scan using sbtest5_pkey on sbtest5  (cost=0.43..6.74 rows=115 width=4)
	  Index Cond: ((id >= 5001398) AND (id <= 5001498))

table 6 : explain SELECT id FROM sbtest6 WHERE id BETWEEN 5001398 AND 5001498
	Index Only Scan using sbtest6_pkey on sbtest6  (cost=0.43..10.36 rows=96 width=4)
	  Index Cond: ((id >= 5001398) AND (id <= 5001498))

table 7 : explain SELECT id FROM sbtest7 WHERE id BETWEEN 5001398 AND 5001498
	Index Only Scan using sbtest7_pkey on sbtest7  (cost=0.43..10.63 rows=110 width=4)
	  Index Cond: ((id >= 5001398) AND (id <= 5001498))

table 8 : explain SELECT id FROM sbtest8 WHERE id BETWEEN 5001398 AND 5001498
	Index Only Scan using sbtest8_pkey on sbtest8  (cost=0.43..6.53 rows=105 width=4)
	  Index Cond: ((id >= 5001398) AND (id <= 5001498))

explain: for range-covered :: explain SELECT id FROM sbtest%d WHERE id BETWEEN 5001398 AND 5001498
for range-covered
table 1 : explain SELECT id FROM sbtest1 WHERE id BETWEEN 5952709 AND 5952809
	Index Only Scan using sbtest1_pkey on sbtest1  (cost=0.43..6.51 rows=104 width=4)
	  Index Cond: ((id >= 5952709) AND (id <= 5952809))

table 2 : explain SELECT id FROM sbtest2 WHERE id BETWEEN 5952709 AND 5952809
	Index Only Scan using sbtest2_pkey on sbtest2  (cost=0.43..6.35 rows=96 width=4)
	  Index Cond: ((id >= 5952709) AND (id <= 5952809))

table 3 : explain SELECT id FROM sbtest3 WHERE id BETWEEN 5952709 AND 5952809
	Index Only Scan using sbtest3_pkey on sbtest3  (cost=0.43..10.33 rows=95 width=4)
	  Index Cond: ((id >= 5952709) AND (id <= 5952809))

table 4 : explain SELECT id FROM sbtest4 WHERE id BETWEEN 5952709 AND 5952809
	Index Only Scan using sbtest4_pkey on sbtest4  (cost=0.43..6.50 rows=103 width=4)
	  Index Cond: ((id >= 5952709) AND (id <= 5952809))

table 5 : explain SELECT id FROM sbtest5 WHERE id BETWEEN 5952709 AND 5952809
	Index Only Scan using sbtest5_pkey on sbtest5  (cost=0.43..6.29 rows=93 width=4)
	  Index Cond: ((id >= 5952709) AND (id <= 5952809))

table 6 : explain SELECT id FROM sbtest6 WHERE id BETWEEN 5952709 AND 5952809
	Index Only Scan using sbtest6_pkey on sbtest6  (cost=0.43..10.24 rows=90 width=4)
	  Index Cond: ((id >= 5952709) AND (id <= 5952809))

table 7 : explain SELECT id FROM sbtest7 WHERE id BETWEEN 5952709 AND 5952809
	Index Only Scan using sbtest7_pkey on sbtest7  (cost=0.43..10.38 rows=97 width=4)
	  Index Cond: ((id >= 5952709) AND (id <= 5952809))

table 8 : explain SELECT id FROM sbtest8 WHERE id BETWEEN 5952709 AND 5952809
	Index Only Scan using sbtest8_pkey on sbtest8  (cost=0.43..6.53 rows=105 width=4)
	  Index Cond: ((id >= 5952709) AND (id <= 5952809))

for range-covered
table 1 : explain SELECT id FROM sbtest1 WHERE id BETWEEN 5172995 AND 5173095
	Index Only Scan using sbtest1_pkey on sbtest1  (cost=0.43..6.27 rows=92 width=4)
	  Index Cond: ((id >= 5172995) AND (id <= 5173095))

table 2 : explain SELECT id FROM sbtest2 WHERE id BETWEEN 5172995 AND 5173095
	Index Only Scan using sbtest2_pkey on sbtest2  (cost=0.43..6.42 rows=99 width=4)
	  Index Cond: ((id >= 5172995) AND (id <= 5173095))

table 3 : explain SELECT id FROM sbtest3 WHERE id BETWEEN 5172995 AND 5173095
	Index Only Scan using sbtest3_pkey on sbtest3  (cost=0.43..10.63 rows=110 width=4)
	  Index Cond: ((id >= 5172995) AND (id <= 5173095))

table 4 : explain SELECT id FROM sbtest4 WHERE id BETWEEN 5172995 AND 5173095
	Index Only Scan using sbtest4_pkey on sbtest4  (cost=0.43..6.33 rows=95 width=4)
	  Index Cond: ((id >= 5172995) AND (id <= 5173095))

table 5 : explain SELECT id FROM sbtest5 WHERE id BETWEEN 5172995 AND 5173095
	Index Only Scan using sbtest5_pkey on sbtest5  (cost=0.43..6.37 rows=97 width=4)
	  Index Cond: ((id >= 5172995) AND (id <= 5173095))

table 6 : explain SELECT id FROM sbtest6 WHERE id BETWEEN 5172995 AND 5173095
	Index Only Scan using sbtest6_pkey on sbtest6  (cost=0.43..10.54 rows=105 width=4)
	  Index Cond: ((id >= 5172995) AND (id <= 5173095))

table 7 : explain SELECT id FROM sbtest7 WHERE id BETWEEN 5172995 AND 5173095
	Index Only Scan using sbtest7_pkey on sbtest7  (cost=0.43..10.63 rows=110 width=4)
	  Index Cond: ((id >= 5172995) AND (id <= 5173095))

table 8 : explain SELECT id FROM sbtest8 WHERE id BETWEEN 5172995 AND 5173095
	Index Only Scan using sbtest8_pkey on sbtest8  (cost=0.43..6.51 rows=104 width=4)
	  Index Cond: ((id >= 5172995) AND (id <= 5173095))

explain: for range-covered :: explain SELECT id FROM sbtest%d WHERE id BETWEEN 3786152 AND 3786252
explain: for range-covered :: explain SELECT id FROM sbtest%d WHERE id BETWEEN 5172995 AND 5173095
for range-covered
table 1 : explain SELECT id FROM sbtest1 WHERE id BETWEEN 5029894 AND 5029994
	Index Only Scan using sbtest1_pkey on sbtest1  (cost=0.43..6.63 rows=110 width=4)
	  Index Cond: ((id >= 5029894) AND (id <= 5029994))

table 2 : explain SELECT id FROM sbtest2 WHERE id BETWEEN 5029894 AND 5029994
	Index Only Scan using sbtest2_pkey on sbtest2  (cost=0.43..6.61 rows=109 width=4)
	  Index Cond: ((id >= 5029894) AND (id <= 5029994))

table 3 : explain SELECT id FROM sbtest3 WHERE id BETWEEN 5029894 AND 5029994
	Index Only Scan using sbtest3_pkey on sbtest3  (cost=0.43..10.65 rows=111 width=4)
	  Index Cond: ((id >= 5029894) AND (id <= 5029994))

table 4 : explain SELECT id FROM sbtest4 WHERE id BETWEEN 5029894 AND 5029994
	Index Only Scan using sbtest4_pkey on sbtest4  (cost=0.43..6.40 rows=98 width=4)
	  Index Cond: ((id >= 5029894) AND (id <= 5029994))

table 5 : explain SELECT id FROM sbtest5 WHERE id BETWEEN 5029894 AND 5029994
	Index Only Scan using sbtest5_pkey on sbtest5  (cost=0.43..6.43 rows=100 width=4)
	  Index Cond: ((id >= 5029894) AND (id <= 5029994))

table 6 : explain SELECT id FROM sbtest6 WHERE id BETWEEN 5029894 AND 5029994
	Index Only Scan using sbtest6_pkey on sbtest6  (cost=0.43..10.36 rows=96 width=4)
	  Index Cond: ((id >= 5029894) AND (id <= 5029994))

table 7 : explain SELECT id FROM sbtest7 WHERE id BETWEEN 5029894 AND 5029994
	Index Only Scan using sbtest7_pkey on sbtest7  (cost=0.43..10.47 rows=102 width=4)
	  Index Cond: ((id >= 5029894) AND (id <= 5029994))

table 8 : explain SELECT id FROM sbtest8 WHERE id BETWEEN 5029894 AND 5029994
	Index Only Scan using sbtest8_pkey on sbtest8  (cost=0.43..6.53 rows=105 width=4)
	  Index Cond: ((id >= 5029894) AND (id <= 5029994))

explain: for range-covered :: explain SELECT id FROM sbtest%d WHERE id BETWEEN 5952709 AND 5952809
explain: for range-covered :: explain SELECT id FROM sbtest%d WHERE id BETWEEN 5029894 AND 5029994
explain: for range-covered :: explain SELECT id FROM sbtest%d WHERE id BETWEEN 4315639 AND 4315739
for range-covered
table 1 : explain SELECT id FROM sbtest1 WHERE id BETWEEN 5172995 AND 5173095
	Index Only Scan using sbtest1_pkey on sbtest1  (cost=0.43..6.27 rows=92 width=4)
	  Index Cond: ((id >= 5172995) AND (id <= 5173095))

table 2 : explain SELECT id FROM sbtest2 WHERE id BETWEEN 5172995 AND 5173095
	Index Only Scan using sbtest2_pkey on sbtest2  (cost=0.43..6.42 rows=99 width=4)
	  Index Cond: ((id >= 5172995) AND (id <= 5173095))

table 3 : explain SELECT id FROM sbtest3 WHERE id BETWEEN 5172995 AND 5173095
	Index Only Scan using sbtest3_pkey on sbtest3  (cost=0.43..10.63 rows=110 width=4)
	  Index Cond: ((id >= 5172995) AND (id <= 5173095))

table 4 : explain SELECT id FROM sbtest4 WHERE id BETWEEN 5172995 AND 5173095
	Index Only Scan using sbtest4_pkey on sbtest4  (cost=0.43..6.33 rows=95 width=4)
	  Index Cond: ((id >= 5172995) AND (id <= 5173095))

table 5 : explain SELECT id FROM sbtest5 WHERE id BETWEEN 5172995 AND 5173095
	Index Only Scan using sbtest5_pkey on sbtest5  (cost=0.43..6.37 rows=97 width=4)
	  Index Cond: ((id >= 5172995) AND (id <= 5173095))

table 6 : explain SELECT id FROM sbtest6 WHERE id BETWEEN 5172995 AND 5173095
	Index Only Scan using sbtest6_pkey on sbtest6  (cost=0.43..10.54 rows=105 width=4)
	  Index Cond: ((id >= 5172995) AND (id <= 5173095))

table 7 : explain SELECT id FROM sbtest7 WHERE id BETWEEN 5172995 AND 5173095
	Index Only Scan using sbtest7_pkey on sbtest7  (cost=0.43..10.63 rows=110 width=4)
	  Index Cond: ((id >= 5172995) AND (id <= 5173095))

table 8 : explain SELECT id FROM sbtest8 WHERE id BETWEEN 5172995 AND 5173095
	Index Only Scan using sbtest8_pkey on sbtest8  (cost=0.43..6.51 rows=104 width=4)
	  Index Cond: ((id >= 5172995) AND (id <= 5173095))

explain: for range-covered :: explain SELECT id FROM sbtest%d WHERE id BETWEEN 5172995 AND 5173095
for range-covered
table 1 : explain SELECT id FROM sbtest1 WHERE id BETWEEN 1878330 AND 1878430
	Index Only Scan using sbtest1_pkey on sbtest1  (cost=0.43..6.35 rows=96 width=4)
	  Index Cond: ((id >= 1878330) AND (id <= 1878430))

table 2 : explain SELECT id FROM sbtest2 WHERE id BETWEEN 1878330 AND 1878430
	Index Only Scan using sbtest2_pkey on sbtest2  (cost=0.43..6.42 rows=99 width=4)
	  Index Cond: ((id >= 1878330) AND (id <= 1878430))

table 3 : explain SELECT id FROM sbtest3 WHERE id BETWEEN 1878330 AND 1878430
	Index Only Scan using sbtest3_pkey on sbtest3  (cost=0.43..10.40 rows=98 width=4)
	  Index Cond: ((id >= 1878330) AND (id <= 1878430))

table 4 : explain SELECT id FROM sbtest4 WHERE id BETWEEN 1878330 AND 1878430
	Index Only Scan using sbtest4_pkey on sbtest4  (cost=0.43..6.42 rows=99 width=4)
	  Index Cond: ((id >= 1878330) AND (id <= 1878430))

table 5 : explain SELECT id FROM sbtest5 WHERE id BETWEEN 1878330 AND 1878430
	Index Only Scan using sbtest5_pkey on sbtest5  (cost=0.43..6.37 rows=97 width=4)
	  Index Cond: ((id >= 1878330) AND (id <= 1878430))

table 6 : explain SELECT id FROM sbtest6 WHERE id BETWEEN 1878330 AND 1878430
	Index Only Scan using sbtest6_pkey on sbtest6  (cost=0.43..10.56 rows=106 width=4)
	  Index Cond: ((id >= 1878330) AND (id <= 1878430))

table 7 : explain SELECT id FROM sbtest7 WHERE id BETWEEN 1878330 AND 1878430
	Index Only Scan using sbtest7_pkey on sbtest7  (cost=0.43..10.29 rows=93 width=4)
	  Index Cond: ((id >= 1878330) AND (id <= 1878430))

table 8 : explain SELECT id FROM sbtest8 WHERE id BETWEEN 1878330 AND 1878430
	Index Only Scan using sbtest8_pkey on sbtest8  (cost=0.43..6.37 rows=97 width=4)
	  Index Cond: ((id >= 1878330) AND (id <= 1878430))

explain: for range-covered :: explain SELECT id FROM sbtest%d WHERE id BETWEEN 1878330 AND 1878430
for range-covered
table 1 : explain SELECT id FROM sbtest1 WHERE id BETWEEN 5001398 AND 5001498
	Index Only Scan using sbtest1_pkey on sbtest1  (cost=0.43..6.63 rows=110 width=4)
	  Index Cond: ((id >= 5001398) AND (id <= 5001498))

table 2 : explain SELECT id FROM sbtest2 WHERE id BETWEEN 5001398 AND 5001498
	Index Only Scan using sbtest2_pkey on sbtest2  (cost=0.43..6.61 rows=109 width=4)
	  Index Cond: ((id >= 5001398) AND (id <= 5001498))

table 3 : explain SELECT id FROM sbtest3 WHERE id BETWEEN 5001398 AND 5001498
	Index Only Scan using sbtest3_pkey on sbtest3  (cost=0.43..10.58 rows=107 width=4)
	  Index Cond: ((id >= 5001398) AND (id <= 5001498))

table 4 : explain SELECT id FROM sbtest4 WHERE id BETWEEN 5001398 AND 5001498
	Index Only Scan using sbtest4_pkey on sbtest4  (cost=0.43..6.40 rows=98 width=4)
	  Index Cond: ((id >= 5001398) AND (id <= 5001498))

table 5 : explain SELECT id FROM sbtest5 WHERE id BETWEEN 5001398 AND 5001498
	Index Only Scan using sbtest5_pkey on sbtest5  (cost=0.43..6.74 rows=115 width=4)
	  Index Cond: ((id >= 5001398) AND (id <= 5001498))

table 6 : explain SELECT id FROM sbtest6 WHERE id BETWEEN 5001398 AND 5001498
	Index Only Scan using sbtest6_pkey on sbtest6  (cost=0.43..10.36 rows=96 width=4)
	  Index Cond: ((id >= 5001398) AND (id <= 5001498))

table 7 : explain SELECT id FROM sbtest7 WHERE id BETWEEN 5001398 AND 5001498
	Index Only Scan using sbtest7_pkey on sbtest7  (cost=0.43..10.63 rows=110 width=4)
	  Index Cond: ((id >= 5001398) AND (id <= 5001498))

table 8 : explain SELECT id FROM sbtest8 WHERE id BETWEEN 5001398 AND 5001498
	Index Only Scan using sbtest8_pkey on sbtest8  (cost=0.43..6.53 rows=105 width=4)
	  Index Cond: ((id >= 5001398) AND (id <= 5001498))

for range-covered
table 1 : explain SELECT id FROM sbtest1 WHERE id BETWEEN 5952709 AND 5952809
	Index Only Scan using sbtest1_pkey on sbtest1  (cost=0.43..6.51 rows=104 width=4)
	  Index Cond: ((id >= 5952709) AND (id <= 5952809))

table 2 : explain SELECT id FROM sbtest2 WHERE id BETWEEN 5952709 AND 5952809
	Index Only Scan using sbtest2_pkey on sbtest2  (cost=0.43..6.35 rows=96 width=4)
	  Index Cond: ((id >= 5952709) AND (id <= 5952809))

table 3 : explain SELECT id FROM sbtest3 WHERE id BETWEEN 5952709 AND 5952809
	Index Only Scan using sbtest3_pkey on sbtest3  (cost=0.43..10.33 rows=95 width=4)
	  Index Cond: ((id >= 5952709) AND (id <= 5952809))

table 4 : explain SELECT id FROM sbtest4 WHERE id BETWEEN 5952709 AND 5952809
	Index Only Scan using sbtest4_pkey on sbtest4  (cost=0.43..6.50 rows=103 width=4)
	  Index Cond: ((id >= 5952709) AND (id <= 5952809))

table 5 : explain SELECT id FROM sbtest5 WHERE id BETWEEN 5952709 AND 5952809
	Index Only Scan using sbtest5_pkey on sbtest5  (cost=0.43..6.29 rows=93 width=4)
	  Index Cond: ((id >= 5952709) AND (id <= 5952809))

table 6 : explain SELECT id FROM sbtest6 WHERE id BETWEEN 5952709 AND 5952809
	Index Only Scan using sbtest6_pkey on sbtest6  (cost=0.43..10.24 rows=90 width=4)
	  Index Cond: ((id >= 5952709) AND (id <= 5952809))

table 7 : explain SELECT id FROM sbtest7 WHERE id BETWEEN 5952709 AND 5952809
	Index Only Scan using sbtest7_pkey on sbtest7  (cost=0.43..10.38 rows=97 width=4)
	  Index Cond: ((id >= 5952709) AND (id <= 5952809))

table 8 : explain SELECT id FROM sbtest8 WHERE id BETWEEN 5952709 AND 5952809
	Index Only Scan using sbtest8_pkey on sbtest8  (cost=0.43..6.53 rows=105 width=4)
	  Index Cond: ((id >= 5952709) AND (id <= 5952809))

for range-covered
table 1 : explain SELECT id FROM sbtest1 WHERE id BETWEEN 5029894 AND 5029994
	Index Only Scan using sbtest1_pkey on sbtest1  (cost=0.43..6.63 rows=110 width=4)
	  Index Cond: ((id >= 5029894) AND (id <= 5029994))

table 2 : explain SELECT id FROM sbtest2 WHERE id BETWEEN 5029894 AND 5029994
	Index Only Scan using sbtest2_pkey on sbtest2  (cost=0.43..6.61 rows=109 width=4)
	  Index Cond: ((id >= 5029894) AND (id <= 5029994))

table 3 : explain SELECT id FROM sbtest3 WHERE id BETWEEN 5029894 AND 5029994
	Index Only Scan using sbtest3_pkey on sbtest3  (cost=0.43..10.65 rows=111 width=4)
	  Index Cond: ((id >= 5029894) AND (id <= 5029994))

table 4 : explain SELECT id FROM sbtest4 WHERE id BETWEEN 5029894 AND 5029994
	Index Only Scan using sbtest4_pkey on sbtest4  (cost=0.43..6.40 rows=98 width=4)
	  Index Cond: ((id >= 5029894) AND (id <= 5029994))

table 5 : explain SELECT id FROM sbtest5 WHERE id BETWEEN 5029894 AND 5029994
	Index Only Scan using sbtest5_pkey on sbtest5  (cost=0.43..6.43 rows=100 width=4)
	  Index Cond: ((id >= 5029894) AND (id <= 5029994))

table 6 : explain SELECT id FROM sbtest6 WHERE id BETWEEN 5029894 AND 5029994
	Index Only Scan using sbtest6_pkey on sbtest6  (cost=0.43..10.36 rows=96 width=4)
	  Index Cond: ((id >= 5029894) AND (id <= 5029994))

table 7 : explain SELECT id FROM sbtest7 WHERE id BETWEEN 5029894 AND 5029994
	Index Only Scan using sbtest7_pkey on sbtest7  (cost=0.43..10.47 rows=102 width=4)
	  Index Cond: ((id >= 5029894) AND (id <= 5029994))

table 8 : explain SELECT id FROM sbtest8 WHERE id BETWEEN 5029894 AND 5029994
	Index Only Scan using sbtest8_pkey on sbtest8  (cost=0.43..6.53 rows=105 width=4)
	  Index Cond: ((id >= 5029894) AND (id <= 5029994))

for range-covered
table 1 : explain SELECT id FROM sbtest1 WHERE id BETWEEN 5172995 AND 5173095
	Index Only Scan using sbtest1_pkey on sbtest1  (cost=0.43..6.27 rows=92 width=4)
	  Index Cond: ((id >= 5172995) AND (id <= 5173095))

table 2 : explain SELECT id FROM sbtest2 WHERE id BETWEEN 5172995 AND 5173095
	Index Only Scan using sbtest2_pkey on sbtest2  (cost=0.43..6.42 rows=99 width=4)
	  Index Cond: ((id >= 5172995) AND (id <= 5173095))

table 3 : explain SELECT id FROM sbtest3 WHERE id BETWEEN 5172995 AND 5173095
	Index Only Scan using sbtest3_pkey on sbtest3  (cost=0.43..10.63 rows=110 width=4)
	  Index Cond: ((id >= 5172995) AND (id <= 5173095))

table 4 : explain SELECT id FROM sbtest4 WHERE id BETWEEN 5172995 AND 5173095
	Index Only Scan using sbtest4_pkey on sbtest4  (cost=0.43..6.33 rows=95 width=4)
	  Index Cond: ((id >= 5172995) AND (id <= 5173095))

table 5 : explain SELECT id FROM sbtest5 WHERE id BETWEEN 5172995 AND 5173095
	Index Only Scan using sbtest5_pkey on sbtest5  (cost=0.43..6.37 rows=97 width=4)
	  Index Cond: ((id >= 5172995) AND (id <= 5173095))

table 6 : explain SELECT id FROM sbtest6 WHERE id BETWEEN 5172995 AND 5173095
	Index Only Scan using sbtest6_pkey on sbtest6  (cost=0.43..10.54 rows=105 width=4)
	  Index Cond: ((id >= 5172995) AND (id <= 5173095))

table 7 : explain SELECT id FROM sbtest7 WHERE id BETWEEN 5172995 AND 5173095
	Index Only Scan using sbtest7_pkey on sbtest7  (cost=0.43..10.63 rows=110 width=4)
	  Index Cond: ((id >= 5172995) AND (id <= 5173095))

table 8 : explain SELECT id FROM sbtest8 WHERE id BETWEEN 5172995 AND 5173095
	Index Only Scan using sbtest8_pkey on sbtest8  (cost=0.43..6.51 rows=104 width=4)
	  Index Cond: ((id >= 5172995) AND (id <= 5173095))

explain: for range-covered :: explain SELECT id FROM sbtest%d WHERE id BETWEEN 5952709 AND 5952809
explain: for range-covered :: explain SELECT id FROM sbtest%d WHERE id BETWEEN 5172995 AND 5173095
explain: for range-covered :: explain SELECT id FROM sbtest%d WHERE id BETWEEN 5029894 AND 5029994
for range-covered
table 1 : explain SELECT id FROM sbtest1 WHERE id BETWEEN 1878330 AND 1878430
	Index Only Scan using sbtest1_pkey on sbtest1  (cost=0.43..6.35 rows=96 width=4)
	  Index Cond: ((id >= 1878330) AND (id <= 1878430))

table 2 : explain SELECT id FROM sbtest2 WHERE id BETWEEN 1878330 AND 1878430
	Index Only Scan using sbtest2_pkey on sbtest2  (cost=0.43..6.42 rows=99 width=4)
	  Index Cond: ((id >= 1878330) AND (id <= 1878430))

table 3 : explain SELECT id FROM sbtest3 WHERE id BETWEEN 1878330 AND 1878430
	Index Only Scan using sbtest3_pkey on sbtest3  (cost=0.43..10.40 rows=98 width=4)
	  Index Cond: ((id >= 1878330) AND (id <= 1878430))

table 4 : explain SELECT id FROM sbtest4 WHERE id BETWEEN 1878330 AND 1878430
	Index Only Scan using sbtest4_pkey on sbtest4  (cost=0.43..6.42 rows=99 width=4)
	  Index Cond: ((id >= 1878330) AND (id <= 1878430))

table 5 : explain SELECT id FROM sbtest5 WHERE id BETWEEN 1878330 AND 1878430
	Index Only Scan using sbtest5_pkey on sbtest5  (cost=0.43..6.37 rows=97 width=4)
	  Index Cond: ((id >= 1878330) AND (id <= 1878430))

table 6 : explain SELECT id FROM sbtest6 WHERE id BETWEEN 1878330 AND 1878430
	Index Only Scan using sbtest6_pkey on sbtest6  (cost=0.43..10.56 rows=106 width=4)
	  Index Cond: ((id >= 1878330) AND (id <= 1878430))

table 7 : explain SELECT id FROM sbtest7 WHERE id BETWEEN 1878330 AND 1878430
	Index Only Scan using sbtest7_pkey on sbtest7  (cost=0.43..10.29 rows=93 width=4)
	  Index Cond: ((id >= 1878330) AND (id <= 1878430))

table 8 : explain SELECT id FROM sbtest8 WHERE id BETWEEN 1878330 AND 1878430
	Index Only Scan using sbtest8_pkey on sbtest8  (cost=0.43..6.37 rows=97 width=4)
	  Index Cond: ((id >= 1878330) AND (id <= 1878430))

explain: for range-covered :: explain SELECT id FROM sbtest%d WHERE id BETWEEN 1878330 AND 1878430
explain: for range-covered :: explain SELECT id FROM sbtest%d WHERE id BETWEEN 5001398 AND 5001498
for range-covered
table 1 : explain SELECT id FROM sbtest1 WHERE id BETWEEN 5172995 AND 5173095
	Index Only Scan using sbtest1_pkey on sbtest1  (cost=0.43..6.27 rows=92 width=4)
	  Index Cond: ((id >= 5172995) AND (id <= 5173095))

table 2 : explain SELECT id FROM sbtest2 WHERE id BETWEEN 5172995 AND 5173095
	Index Only Scan using sbtest2_pkey on sbtest2  (cost=0.43..6.42 rows=99 width=4)
	  Index Cond: ((id >= 5172995) AND (id <= 5173095))

table 3 : explain SELECT id FROM sbtest3 WHERE id BETWEEN 5172995 AND 5173095
	Index Only Scan using sbtest3_pkey on sbtest3  (cost=0.43..10.63 rows=110 width=4)
	  Index Cond: ((id >= 5172995) AND (id <= 5173095))

table 4 : explain SELECT id FROM sbtest4 WHERE id BETWEEN 5172995 AND 5173095
	Index Only Scan using sbtest4_pkey on sbtest4  (cost=0.43..6.33 rows=95 width=4)
	  Index Cond: ((id >= 5172995) AND (id <= 5173095))

table 5 : explain SELECT id FROM sbtest5 WHERE id BETWEEN 5172995 AND 5173095
	Index Only Scan using sbtest5_pkey on sbtest5  (cost=0.43..6.37 rows=97 width=4)
	  Index Cond: ((id >= 5172995) AND (id <= 5173095))

table 6 : explain SELECT id FROM sbtest6 WHERE id BETWEEN 5172995 AND 5173095
	Index Only Scan using sbtest6_pkey on sbtest6  (cost=0.43..10.54 rows=105 width=4)
	  Index Cond: ((id >= 5172995) AND (id <= 5173095))

table 7 : explain SELECT id FROM sbtest7 WHERE id BETWEEN 5172995 AND 5173095
	Index Only Scan using sbtest7_pkey on sbtest7  (cost=0.43..10.63 rows=110 width=4)
	  Index Cond: ((id >= 5172995) AND (id <= 5173095))

table 8 : explain SELECT id FROM sbtest8 WHERE id BETWEEN 5172995 AND 5173095
	Index Only Scan using sbtest8_pkey on sbtest8  (cost=0.43..6.51 rows=104 width=4)
	  Index Cond: ((id >= 5172995) AND (id <= 5173095))

explain: for range-covered :: explain SELECT id FROM sbtest%d WHERE id BETWEEN 5172995 AND 5173095
for range-covered
table 1 : explain SELECT id FROM sbtest1 WHERE id BETWEEN 1878330 AND 1878430
	Index Only Scan using sbtest1_pkey on sbtest1  (cost=0.43..6.35 rows=96 width=4)
	  Index Cond: ((id >= 1878330) AND (id <= 1878430))

table 2 : explain SELECT id FROM sbtest2 WHERE id BETWEEN 1878330 AND 1878430
	Index Only Scan using sbtest2_pkey on sbtest2  (cost=0.43..6.42 rows=99 width=4)
	  Index Cond: ((id >= 1878330) AND (id <= 1878430))

table 3 : explain SELECT id FROM sbtest3 WHERE id BETWEEN 1878330 AND 1878430
	Index Only Scan using sbtest3_pkey on sbtest3  (cost=0.43..10.40 rows=98 width=4)
	  Index Cond: ((id >= 1878330) AND (id <= 1878430))

table 4 : explain SELECT id FROM sbtest4 WHERE id BETWEEN 1878330 AND 1878430
	Index Only Scan using sbtest4_pkey on sbtest4  (cost=0.43..6.42 rows=99 width=4)
	  Index Cond: ((id >= 1878330) AND (id <= 1878430))

table 5 : explain SELECT id FROM sbtest5 WHERE id BETWEEN 1878330 AND 1878430
	Index Only Scan using sbtest5_pkey on sbtest5  (cost=0.43..6.37 rows=97 width=4)
	  Index Cond: ((id >= 1878330) AND (id <= 1878430))

table 6 : explain SELECT id FROM sbtest6 WHERE id BETWEEN 1878330 AND 1878430
	Index Only Scan using sbtest6_pkey on sbtest6  (cost=0.43..10.56 rows=106 width=4)
	  Index Cond: ((id >= 1878330) AND (id <= 1878430))

table 7 : explain SELECT id FROM sbtest7 WHERE id BETWEEN 1878330 AND 1878430
	Index Only Scan using sbtest7_pkey on sbtest7  (cost=0.43..10.29 rows=93 width=4)
	  Index Cond: ((id >= 1878330) AND (id <= 1878430))

table 8 : explain SELECT id FROM sbtest8 WHERE id BETWEEN 1878330 AND 1878430
	Index Only Scan using sbtest8_pkey on sbtest8  (cost=0.43..6.37 rows=97 width=4)
	  Index Cond: ((id >= 1878330) AND (id <= 1878430))

explain: for range-covered :: explain SELECT id FROM sbtest%d WHERE id BETWEEN 1878330 AND 1878430
for range-covered
table 1 : explain SELECT id FROM sbtest1 WHERE id BETWEEN 5370448 AND 5370548
	Index Only Scan using sbtest1_pkey on sbtest1  (cost=0.43..6.45 rows=101 width=4)
	  Index Cond: ((id >= 5370448) AND (id <= 5370548))

table 2 : explain SELECT id FROM sbtest2 WHERE id BETWEEN 5370448 AND 5370548
	Index Only Scan using sbtest2_pkey on sbtest2  (cost=0.43..6.45 rows=101 width=4)
	  Index Cond: ((id >= 5370448) AND (id <= 5370548))

table 3 : explain SELECT id FROM sbtest3 WHERE id BETWEEN 5370448 AND 5370548
	Index Only Scan using sbtest3_pkey on sbtest3  (cost=0.43..10.42 rows=99 width=4)
	  Index Cond: ((id >= 5370448) AND (id <= 5370548))

table 4 : explain SELECT id FROM sbtest4 WHERE id BETWEEN 5370448 AND 5370548
	Index Only Scan using sbtest4_pkey on sbtest4  (cost=0.43..6.72 rows=114 width=4)
	  Index Cond: ((id >= 5370448) AND (id <= 5370548))

table 5 : explain SELECT id FROM sbtest5 WHERE id BETWEEN 5370448 AND 5370548
	Index Only Scan using sbtest5_pkey on sbtest5  (cost=0.43..6.53 rows=105 width=4)
	  Index Cond: ((id >= 5370448) AND (id <= 5370548))

table 6 : explain SELECT id FROM sbtest6 WHERE id BETWEEN 5370448 AND 5370548
	Index Only Scan using sbtest6_pkey on sbtest6  (cost=0.43..10.32 rows=94 width=4)
	  Index Cond: ((id >= 5370448) AND (id <= 5370548))

table 7 : explain SELECT id FROM sbtest7 WHERE id BETWEEN 5370448 AND 5370548
	Index Only Scan using sbtest7_pkey on sbtest7  (cost=0.43..10.40 rows=98 width=4)
	  Index Cond: ((id >= 5370448) AND (id <= 5370548))

table 8 : explain SELECT id FROM sbtest8 WHERE id BETWEEN 5370448 AND 5370548
	Index Only Scan using sbtest8_pkey on sbtest8  (cost=0.43..6.27 rows=92 width=4)
	  Index Cond: ((id >= 5370448) AND (id <= 5370548))

for range-covered
table 1 : explain SELECT id FROM sbtest1 WHERE id BETWEEN 5001398 AND 5001498
	Index Only Scan using sbtest1_pkey on sbtest1  (cost=0.43..6.63 rows=110 width=4)
	  Index Cond: ((id >= 5001398) AND (id <= 5001498))

table 2 : explain SELECT id FROM sbtest2 WHERE id BETWEEN 5001398 AND 5001498
	Index Only Scan using sbtest2_pkey on sbtest2  (cost=0.43..6.61 rows=109 width=4)
	  Index Cond: ((id >= 5001398) AND (id <= 5001498))

table 3 : explain SELECT id FROM sbtest3 WHERE id BETWEEN 5001398 AND 5001498
	Index Only Scan using sbtest3_pkey on sbtest3  (cost=0.43..10.58 rows=107 width=4)
	  Index Cond: ((id >= 5001398) AND (id <= 5001498))

table 4 : explain SELECT id FROM sbtest4 WHERE id BETWEEN 5001398 AND 5001498
	Index Only Scan using sbtest4_pkey on sbtest4  (cost=0.43..6.40 rows=98 width=4)
	  Index Cond: ((id >= 5001398) AND (id <= 5001498))

table 5 : explain SELECT id FROM sbtest5 WHERE id BETWEEN 5001398 AND 5001498
	Index Only Scan using sbtest5_pkey on sbtest5  (cost=0.43..6.74 rows=115 width=4)
	  Index Cond: ((id >= 5001398) AND (id <= 5001498))

table 6 : explain SELECT id FROM sbtest6 WHERE id BETWEEN 5001398 AND 5001498
	Index Only Scan using sbtest6_pkey on sbtest6  (cost=0.43..10.36 rows=96 width=4)
	  Index Cond: ((id >= 5001398) AND (id <= 5001498))

table 7 : explain SELECT id FROM sbtest7 WHERE id BETWEEN 5001398 AND 5001498
	Index Only Scan using sbtest7_pkey on sbtest7  (cost=0.43..10.63 rows=110 width=4)
	  Index Cond: ((id >= 5001398) AND (id <= 5001498))

table 8 : explain SELECT id FROM sbtest8 WHERE id BETWEEN 5001398 AND 5001498
	Index Only Scan using sbtest8_pkey on sbtest8  (cost=0.43..6.53 rows=105 width=4)
	  Index Cond: ((id >= 5001398) AND (id <= 5001498))

explain: for range-covered :: explain SELECT id FROM sbtest%d WHERE id BETWEEN 5001398 AND 5001498
explain: for range-covered :: explain SELECT id FROM sbtest%d WHERE id BETWEEN 5370448 AND 5370548
explain: for range-covered :: explain SELECT id FROM sbtest%d WHERE id BETWEEN 5270426 AND 5270526
for range-covered
table 1 : explain SELECT id FROM sbtest1 WHERE id BETWEEN 5952709 AND 5952809
	Index Only Scan using sbtest1_pkey on sbtest1  (cost=0.43..6.51 rows=104 width=4)
	  Index Cond: ((id >= 5952709) AND (id <= 5952809))

table 2 : explain SELECT id FROM sbtest2 WHERE id BETWEEN 5952709 AND 5952809
	Index Only Scan using sbtest2_pkey on sbtest2  (cost=0.43..6.35 rows=96 width=4)
	  Index Cond: ((id >= 5952709) AND (id <= 5952809))

table 3 : explain SELECT id FROM sbtest3 WHERE id BETWEEN 5952709 AND 5952809
	Index Only Scan using sbtest3_pkey on sbtest3  (cost=0.43..10.33 rows=95 width=4)
	  Index Cond: ((id >= 5952709) AND (id <= 5952809))

table 4 : explain SELECT id FROM sbtest4 WHERE id BETWEEN 5952709 AND 5952809
	Index Only Scan using sbtest4_pkey on sbtest4  (cost=0.43..6.50 rows=103 width=4)
	  Index Cond: ((id >= 5952709) AND (id <= 5952809))

table 5 : explain SELECT id FROM sbtest5 WHERE id BETWEEN 5952709 AND 5952809
	Index Only Scan using sbtest5_pkey on sbtest5  (cost=0.43..6.29 rows=93 width=4)
	  Index Cond: ((id >= 5952709) AND (id <= 5952809))

table 6 : explain SELECT id FROM sbtest6 WHERE id BETWEEN 5952709 AND 5952809
	Index Only Scan using sbtest6_pkey on sbtest6  (cost=0.43..10.24 rows=90 width=4)
	  Index Cond: ((id >= 5952709) AND (id <= 5952809))

table 7 : explain SELECT id FROM sbtest7 WHERE id BETWEEN 5952709 AND 5952809
	Index Only Scan using sbtest7_pkey on sbtest7  (cost=0.43..10.38 rows=97 width=4)
	  Index Cond: ((id >= 5952709) AND (id <= 5952809))

table 8 : explain SELECT id FROM sbtest8 WHERE id BETWEEN 5952709 AND 5952809
	Index Only Scan using sbtest8_pkey on sbtest8  (cost=0.43..6.53 rows=105 width=4)
	  Index Cond: ((id >= 5952709) AND (id <= 5952809))

for range-covered
table 1 : explain SELECT id FROM sbtest1 WHERE id BETWEEN 5029894 AND 5029994
	Index Only Scan using sbtest1_pkey on sbtest1  (cost=0.43..6.63 rows=110 width=4)
	  Index Cond: ((id >= 5029894) AND (id <= 5029994))

table 2 : explain SELECT id FROM sbtest2 WHERE id BETWEEN 5029894 AND 5029994
	Index Only Scan using sbtest2_pkey on sbtest2  (cost=0.43..6.61 rows=109 width=4)
	  Index Cond: ((id >= 5029894) AND (id <= 5029994))

table 3 : explain SELECT id FROM sbtest3 WHERE id BETWEEN 5029894 AND 5029994
	Index Only Scan using sbtest3_pkey on sbtest3  (cost=0.43..10.65 rows=111 width=4)
	  Index Cond: ((id >= 5029894) AND (id <= 5029994))

table 4 : explain SELECT id FROM sbtest4 WHERE id BETWEEN 5029894 AND 5029994
	Index Only Scan using sbtest4_pkey on sbtest4  (cost=0.43..6.40 rows=98 width=4)
	  Index Cond: ((id >= 5029894) AND (id <= 5029994))

table 5 : explain SELECT id FROM sbtest5 WHERE id BETWEEN 5029894 AND 5029994
	Index Only Scan using sbtest5_pkey on sbtest5  (cost=0.43..6.43 rows=100 width=4)
	  Index Cond: ((id >= 5029894) AND (id <= 5029994))

table 6 : explain SELECT id FROM sbtest6 WHERE id BETWEEN 5029894 AND 5029994
	Index Only Scan using sbtest6_pkey on sbtest6  (cost=0.43..10.36 rows=96 width=4)
	  Index Cond: ((id >= 5029894) AND (id <= 5029994))

table 7 : explain SELECT id FROM sbtest7 WHERE id BETWEEN 5029894 AND 5029994
	Index Only Scan using sbtest7_pkey on sbtest7  (cost=0.43..10.47 rows=102 width=4)
	  Index Cond: ((id >= 5029894) AND (id <= 5029994))

table 8 : explain SELECT id FROM sbtest8 WHERE id BETWEEN 5029894 AND 5029994
	Index Only Scan using sbtest8_pkey on sbtest8  (cost=0.43..6.53 rows=105 width=4)
	  Index Cond: ((id >= 5029894) AND (id <= 5029994))

explain: for range-covered :: explain SELECT id FROM sbtest%d WHERE id BETWEEN 5952709 AND 5952809
explain: for range-covered :: explain SELECT id FROM sbtest%d WHERE id BETWEEN 5029894 AND 5029994
for range-covered
table 1 : explain SELECT id FROM sbtest1 WHERE id BETWEEN 1878330 AND 1878430
	Index Only Scan using sbtest1_pkey on sbtest1  (cost=0.43..6.35 rows=96 width=4)
	  Index Cond: ((id >= 1878330) AND (id <= 1878430))

table 2 : explain SELECT id FROM sbtest2 WHERE id BETWEEN 1878330 AND 1878430
	Index Only Scan using sbtest2_pkey on sbtest2  (cost=0.43..6.42 rows=99 width=4)
	  Index Cond: ((id >= 1878330) AND (id <= 1878430))

table 3 : explain SELECT id FROM sbtest3 WHERE id BETWEEN 1878330 AND 1878430
	Index Only Scan using sbtest3_pkey on sbtest3  (cost=0.43..10.40 rows=98 width=4)
	  Index Cond: ((id >= 1878330) AND (id <= 1878430))

table 4 : explain SELECT id FROM sbtest4 WHERE id BETWEEN 1878330 AND 1878430
	Index Only Scan using sbtest4_pkey on sbtest4  (cost=0.43..6.42 rows=99 width=4)
	  Index Cond: ((id >= 1878330) AND (id <= 1878430))

table 5 : explain SELECT id FROM sbtest5 WHERE id BETWEEN 1878330 AND 1878430
	Index Only Scan using sbtest5_pkey on sbtest5  (cost=0.43..6.37 rows=97 width=4)
	  Index Cond: ((id >= 1878330) AND (id <= 1878430))

table 6 : explain SELECT id FROM sbtest6 WHERE id BETWEEN 1878330 AND 1878430
	Index Only Scan using sbtest6_pkey on sbtest6  (cost=0.43..10.56 rows=106 width=4)
	  Index Cond: ((id >= 1878330) AND (id <= 1878430))

table 7 : explain SELECT id FROM sbtest7 WHERE id BETWEEN 1878330 AND 1878430
	Index Only Scan using sbtest7_pkey on sbtest7  (cost=0.43..10.29 rows=93 width=4)
	  Index Cond: ((id >= 1878330) AND (id <= 1878430))

table 8 : explain SELECT id FROM sbtest8 WHERE id BETWEEN 1878330 AND 1878430
	Index Only Scan using sbtest8_pkey on sbtest8  (cost=0.43..6.37 rows=97 width=4)
	  Index Cond: ((id >= 1878330) AND (id <= 1878430))

explain: for range-covered :: explain SELECT id FROM sbtest%d WHERE id BETWEEN 1878330 AND 1878430
for range-covered
table 1 : explain SELECT id FROM sbtest1 WHERE id BETWEEN 5370448 AND 5370548
	Index Only Scan using sbtest1_pkey on sbtest1  (cost=0.43..6.45 rows=101 width=4)
	  Index Cond: ((id >= 5370448) AND (id <= 5370548))

table 2 : explain SELECT id FROM sbtest2 WHERE id BETWEEN 5370448 AND 5370548
	Index Only Scan using sbtest2_pkey on sbtest2  (cost=0.43..6.45 rows=101 width=4)
	  Index Cond: ((id >= 5370448) AND (id <= 5370548))

table 3 : explain SELECT id FROM sbtest3 WHERE id BETWEEN 5370448 AND 5370548
	Index Only Scan using sbtest3_pkey on sbtest3  (cost=0.43..10.42 rows=99 width=4)
	  Index Cond: ((id >= 5370448) AND (id <= 5370548))

table 4 : explain SELECT id FROM sbtest4 WHERE id BETWEEN 5370448 AND 5370548
	Index Only Scan using sbtest4_pkey on sbtest4  (cost=0.43..6.72 rows=114 width=4)
	  Index Cond: ((id >= 5370448) AND (id <= 5370548))

table 5 : explain SELECT id FROM sbtest5 WHERE id BETWEEN 5370448 AND 5370548
	Index Only Scan using sbtest5_pkey on sbtest5  (cost=0.43..6.53 rows=105 width=4)
	  Index Cond: ((id >= 5370448) AND (id <= 5370548))

table 6 : explain SELECT id FROM sbtest6 WHERE id BETWEEN 5370448 AND 5370548
	Index Only Scan using sbtest6_pkey on sbtest6  (cost=0.43..10.32 rows=94 width=4)
	  Index Cond: ((id >= 5370448) AND (id <= 5370548))

table 7 : explain SELECT id FROM sbtest7 WHERE id BETWEEN 5370448 AND 5370548
	Index Only Scan using sbtest7_pkey on sbtest7  (cost=0.43..10.40 rows=98 width=4)
	  Index Cond: ((id >= 5370448) AND (id <= 5370548))

table 8 : explain SELECT id FROM sbtest8 WHERE id BETWEEN 5370448 AND 5370548
	Index Only Scan using sbtest8_pkey on sbtest8  (cost=0.43..6.27 rows=92 width=4)
	  Index Cond: ((id >= 5370448) AND (id <= 5370548))

explain: for range-covered :: explain SELECT id FROM sbtest%d WHERE id BETWEEN 5370448 AND 5370548
for range-covered
table 1 : explain SELECT id FROM sbtest1 WHERE id BETWEEN 1878330 AND 1878430
	Index Only Scan using sbtest1_pkey on sbtest1  (cost=0.43..6.35 rows=96 width=4)
	  Index Cond: ((id >= 1878330) AND (id <= 1878430))

table 2 : explain SELECT id FROM sbtest2 WHERE id BETWEEN 1878330 AND 1878430
	Index Only Scan using sbtest2_pkey on sbtest2  (cost=0.43..6.42 rows=99 width=4)
	  Index Cond: ((id >= 1878330) AND (id <= 1878430))

table 3 : explain SELECT id FROM sbtest3 WHERE id BETWEEN 1878330 AND 1878430
	Index Only Scan using sbtest3_pkey on sbtest3  (cost=0.43..10.40 rows=98 width=4)
	  Index Cond: ((id >= 1878330) AND (id <= 1878430))

table 4 : explain SELECT id FROM sbtest4 WHERE id BETWEEN 1878330 AND 1878430
	Index Only Scan using sbtest4_pkey on sbtest4  (cost=0.43..6.42 rows=99 width=4)
	  Index Cond: ((id >= 1878330) AND (id <= 1878430))

table 5 : explain SELECT id FROM sbtest5 WHERE id BETWEEN 1878330 AND 1878430
	Index Only Scan using sbtest5_pkey on sbtest5  (cost=0.43..6.37 rows=97 width=4)
	  Index Cond: ((id >= 1878330) AND (id <= 1878430))

table 6 : explain SELECT id FROM sbtest6 WHERE id BETWEEN 1878330 AND 1878430
	Index Only Scan using sbtest6_pkey on sbtest6  (cost=0.43..10.56 rows=106 width=4)
	  Index Cond: ((id >= 1878330) AND (id <= 1878430))

table 7 : explain SELECT id FROM sbtest7 WHERE id BETWEEN 1878330 AND 1878430
	Index Only Scan using sbtest7_pkey on sbtest7  (cost=0.43..10.29 rows=93 width=4)
	  Index Cond: ((id >= 1878330) AND (id <= 1878430))

table 8 : explain SELECT id FROM sbtest8 WHERE id BETWEEN 1878330 AND 1878430
	Index Only Scan using sbtest8_pkey on sbtest8  (cost=0.43..6.37 rows=97 width=4)
	  Index Cond: ((id >= 1878330) AND (id <= 1878430))

for range-covered
table 1 : explain SELECT id FROM sbtest1 WHERE id BETWEEN 5952709 AND 5952809
	Index Only Scan using sbtest1_pkey on sbtest1  (cost=0.43..6.51 rows=104 width=4)
	  Index Cond: ((id >= 5952709) AND (id <= 5952809))

table 2 : explain SELECT id FROM sbtest2 WHERE id BETWEEN 5952709 AND 5952809
	Index Only Scan using sbtest2_pkey on sbtest2  (cost=0.43..6.35 rows=96 width=4)
	  Index Cond: ((id >= 5952709) AND (id <= 5952809))

table 3 : explain SELECT id FROM sbtest3 WHERE id BETWEEN 5952709 AND 5952809
	Index Only Scan using sbtest3_pkey on sbtest3  (cost=0.43..10.33 rows=95 width=4)
	  Index Cond: ((id >= 5952709) AND (id <= 5952809))

table 4 : explain SELECT id FROM sbtest4 WHERE id BETWEEN 5952709 AND 5952809
	Index Only Scan using sbtest4_pkey on sbtest4  (cost=0.43..6.50 rows=103 width=4)
	  Index Cond: ((id >= 5952709) AND (id <= 5952809))

table 5 : explain SELECT id FROM sbtest5 WHERE id BETWEEN 5952709 AND 5952809
	Index Only Scan using sbtest5_pkey on sbtest5  (cost=0.43..6.29 rows=93 width=4)
	  Index Cond: ((id >= 5952709) AND (id <= 5952809))

table 6 : explain SELECT id FROM sbtest6 WHERE id BETWEEN 5952709 AND 5952809
	Index Only Scan using sbtest6_pkey on sbtest6  (cost=0.43..10.24 rows=90 width=4)
	  Index Cond: ((id >= 5952709) AND (id <= 5952809))

table 7 : explain SELECT id FROM sbtest7 WHERE id BETWEEN 5952709 AND 5952809
	Index Only Scan using sbtest7_pkey on sbtest7  (cost=0.43..10.38 rows=97 width=4)
	  Index Cond: ((id >= 5952709) AND (id <= 5952809))

table 8 : explain SELECT id FROM sbtest8 WHERE id BETWEEN 5952709 AND 5952809
	Index Only Scan using sbtest8_pkey on sbtest8  (cost=0.43..6.53 rows=105 width=4)
	  Index Cond: ((id >= 5952709) AND (id <= 5952809))

for range-covered
table 1 : explain SELECT id FROM sbtest1 WHERE id BETWEEN 5370448 AND 5370548
	Index Only Scan using sbtest1_pkey on sbtest1  (cost=0.43..6.45 rows=101 width=4)
	  Index Cond: ((id >= 5370448) AND (id <= 5370548))

table 2 : explain SELECT id FROM sbtest2 WHERE id BETWEEN 5370448 AND 5370548
	Index Only Scan using sbtest2_pkey on sbtest2  (cost=0.43..6.45 rows=101 width=4)
	  Index Cond: ((id >= 5370448) AND (id <= 5370548))

table 3 : explain SELECT id FROM sbtest3 WHERE id BETWEEN 5370448 AND 5370548
	Index Only Scan using sbtest3_pkey on sbtest3  (cost=0.43..10.42 rows=99 width=4)
	  Index Cond: ((id >= 5370448) AND (id <= 5370548))

table 4 : explain SELECT id FROM sbtest4 WHERE id BETWEEN 5370448 AND 5370548
	Index Only Scan using sbtest4_pkey on sbtest4  (cost=0.43..6.72 rows=114 width=4)
	  Index Cond: ((id >= 5370448) AND (id <= 5370548))

table 5 : explain SELECT id FROM sbtest5 WHERE id BETWEEN 5370448 AND 5370548
	Index Only Scan using sbtest5_pkey on sbtest5  (cost=0.43..6.53 rows=105 width=4)
	  Index Cond: ((id >= 5370448) AND (id <= 5370548))

table 6 : explain SELECT id FROM sbtest6 WHERE id BETWEEN 5370448 AND 5370548
	Index Only Scan using sbtest6_pkey on sbtest6  (cost=0.43..10.32 rows=94 width=4)
	  Index Cond: ((id >= 5370448) AND (id <= 5370548))

table 7 : explain SELECT id FROM sbtest7 WHERE id BETWEEN 5370448 AND 5370548
	Index Only Scan using sbtest7_pkey on sbtest7  (cost=0.43..10.40 rows=98 width=4)
	  Index Cond: ((id >= 5370448) AND (id <= 5370548))

table 8 : explain SELECT id FROM sbtest8 WHERE id BETWEEN 5370448 AND 5370548
	Index Only Scan using sbtest8_pkey on sbtest8  (cost=0.43..6.27 rows=92 width=4)
	  Index Cond: ((id >= 5370448) AND (id <= 5370548))

explain: for range-covered :: explain SELECT id FROM sbtest%d WHERE id BETWEEN 1878330 AND 1878430
for range-covered
table 1 : explain SELECT id FROM sbtest1 WHERE id BETWEEN 5029894 AND 5029994
	Index Only Scan using sbtest1_pkey on sbtest1  (cost=0.43..6.63 rows=110 width=4)
	  Index Cond: ((id >= 5029894) AND (id <= 5029994))

table 2 : explain SELECT id FROM sbtest2 WHERE id BETWEEN 5029894 AND 5029994
	Index Only Scan using sbtest2_pkey on sbtest2  (cost=0.43..6.61 rows=109 width=4)
	  Index Cond: ((id >= 5029894) AND (id <= 5029994))

table 3 : explain SELECT id FROM sbtest3 WHERE id BETWEEN 5029894 AND 5029994
	Index Only Scan using sbtest3_pkey on sbtest3  (cost=0.43..10.65 rows=111 width=4)
	  Index Cond: ((id >= 5029894) AND (id <= 5029994))

table 4 : explain SELECT id FROM sbtest4 WHERE id BETWEEN 5029894 AND 5029994
	Index Only Scan using sbtest4_pkey on sbtest4  (cost=0.43..6.40 rows=98 width=4)
	  Index Cond: ((id >= 5029894) AND (id <= 5029994))

table 5 : explain SELECT id FROM sbtest5 WHERE id BETWEEN 5029894 AND 5029994
	Index Only Scan using sbtest5_pkey on sbtest5  (cost=0.43..6.43 rows=100 width=4)
	  Index Cond: ((id >= 5029894) AND (id <= 5029994))

table 6 : explain SELECT id FROM sbtest6 WHERE id BETWEEN 5029894 AND 5029994
	Index Only Scan using sbtest6_pkey on sbtest6  (cost=0.43..10.36 rows=96 width=4)
	  Index Cond: ((id >= 5029894) AND (id <= 5029994))

table 7 : explain SELECT id FROM sbtest7 WHERE id BETWEEN 5029894 AND 5029994
	Index Only Scan using sbtest7_pkey on sbtest7  (cost=0.43..10.47 rows=102 width=4)
	  Index Cond: ((id >= 5029894) AND (id <= 5029994))

table 8 : explain SELECT id FROM sbtest8 WHERE id BETWEEN 5029894 AND 5029994
	Index Only Scan using sbtest8_pkey on sbtest8  (cost=0.43..6.53 rows=105 width=4)
	  Index Cond: ((id >= 5029894) AND (id <= 5029994))

explain: for range-covered :: explain SELECT id FROM sbtest%d WHERE id BETWEEN 5370448 AND 5370548
explain: for range-covered :: explain SELECT id FROM sbtest%d WHERE id BETWEEN 5952709 AND 5952809
explain: for range-covered :: explain SELECT id FROM sbtest%d WHERE id BETWEEN 5029894 AND 5029994
for range-covered
table 1 : explain SELECT id FROM sbtest1 WHERE id BETWEEN 1878330 AND 1878430
	Index Only Scan using sbtest1_pkey on sbtest1  (cost=0.43..6.35 rows=96 width=4)
	  Index Cond: ((id >= 1878330) AND (id <= 1878430))

table 2 : explain SELECT id FROM sbtest2 WHERE id BETWEEN 1878330 AND 1878430
	Index Only Scan using sbtest2_pkey on sbtest2  (cost=0.43..6.42 rows=99 width=4)
	  Index Cond: ((id >= 1878330) AND (id <= 1878430))

table 3 : explain SELECT id FROM sbtest3 WHERE id BETWEEN 1878330 AND 1878430
	Index Only Scan using sbtest3_pkey on sbtest3  (cost=0.43..10.40 rows=98 width=4)
	  Index Cond: ((id >= 1878330) AND (id <= 1878430))

table 4 : explain SELECT id FROM sbtest4 WHERE id BETWEEN 1878330 AND 1878430
	Index Only Scan using sbtest4_pkey on sbtest4  (cost=0.43..6.42 rows=99 width=4)
	  Index Cond: ((id >= 1878330) AND (id <= 1878430))

table 5 : explain SELECT id FROM sbtest5 WHERE id BETWEEN 1878330 AND 1878430
	Index Only Scan using sbtest5_pkey on sbtest5  (cost=0.43..6.37 rows=97 width=4)
	  Index Cond: ((id >= 1878330) AND (id <= 1878430))

table 6 : explain SELECT id FROM sbtest6 WHERE id BETWEEN 1878330 AND 1878430
	Index Only Scan using sbtest6_pkey on sbtest6  (cost=0.43..10.56 rows=106 width=4)
	  Index Cond: ((id >= 1878330) AND (id <= 1878430))

table 7 : explain SELECT id FROM sbtest7 WHERE id BETWEEN 1878330 AND 1878430
	Index Only Scan using sbtest7_pkey on sbtest7  (cost=0.43..10.29 rows=93 width=4)
	  Index Cond: ((id >= 1878330) AND (id <= 1878430))

table 8 : explain SELECT id FROM sbtest8 WHERE id BETWEEN 1878330 AND 1878430
	Index Only Scan using sbtest8_pkey on sbtest8  (cost=0.43..6.37 rows=97 width=4)
	  Index Cond: ((id >= 1878330) AND (id <= 1878430))

for range-covered
table 1 : explain SELECT id FROM sbtest1 WHERE id BETWEEN 5172995 AND 5173095
	Index Only Scan using sbtest1_pkey on sbtest1  (cost=0.43..6.27 rows=92 width=4)
	  Index Cond: ((id >= 5172995) AND (id <= 5173095))

table 2 : explain SELECT id FROM sbtest2 WHERE id BETWEEN 5172995 AND 5173095
	Index Only Scan using sbtest2_pkey on sbtest2  (cost=0.43..6.42 rows=99 width=4)
	  Index Cond: ((id >= 5172995) AND (id <= 5173095))

table 3 : explain SELECT id FROM sbtest3 WHERE id BETWEEN 5172995 AND 5173095
	Index Only Scan using sbtest3_pkey on sbtest3  (cost=0.43..10.63 rows=110 width=4)
	  Index Cond: ((id >= 5172995) AND (id <= 5173095))

table 4 : explain SELECT id FROM sbtest4 WHERE id BETWEEN 5172995 AND 5173095
	Index Only Scan using sbtest4_pkey on sbtest4  (cost=0.43..6.33 rows=95 width=4)
	  Index Cond: ((id >= 5172995) AND (id <= 5173095))

table 5 : explain SELECT id FROM sbtest5 WHERE id BETWEEN 5172995 AND 5173095
	Index Only Scan using sbtest5_pkey on sbtest5  (cost=0.43..6.37 rows=97 width=4)
	  Index Cond: ((id >= 5172995) AND (id <= 5173095))

table 6 : explain SELECT id FROM sbtest6 WHERE id BETWEEN 5172995 AND 5173095
	Index Only Scan using sbtest6_pkey on sbtest6  (cost=0.43..10.54 rows=105 width=4)
	  Index Cond: ((id >= 5172995) AND (id <= 5173095))

table 7 : explain SELECT id FROM sbtest7 WHERE id BETWEEN 5172995 AND 5173095
	Index Only Scan using sbtest7_pkey on sbtest7  (cost=0.43..10.63 rows=110 width=4)
	  Index Cond: ((id >= 5172995) AND (id <= 5173095))

table 8 : explain SELECT id FROM sbtest8 WHERE id BETWEEN 5172995 AND 5173095
	Index Only Scan using sbtest8_pkey on sbtest8  (cost=0.43..6.51 rows=104 width=4)
	  Index Cond: ((id >= 5172995) AND (id <= 5173095))

explain: for range-covered :: explain SELECT id FROM sbtest%d WHERE id BETWEEN 1878330 AND 1878430
for range-covered
table 1 : explain SELECT id FROM sbtest1 WHERE id BETWEEN 5370448 AND 5370548
	Index Only Scan using sbtest1_pkey on sbtest1  (cost=0.43..6.45 rows=101 width=4)
	  Index Cond: ((id >= 5370448) AND (id <= 5370548))

table 2 : explain SELECT id FROM sbtest2 WHERE id BETWEEN 5370448 AND 5370548
	Index Only Scan using sbtest2_pkey on sbtest2  (cost=0.43..6.45 rows=101 width=4)
	  Index Cond: ((id >= 5370448) AND (id <= 5370548))

table 3 : explain SELECT id FROM sbtest3 WHERE id BETWEEN 5370448 AND 5370548
	Index Only Scan using sbtest3_pkey on sbtest3  (cost=0.43..10.42 rows=99 width=4)
	  Index Cond: ((id >= 5370448) AND (id <= 5370548))

table 4 : explain SELECT id FROM sbtest4 WHERE id BETWEEN 5370448 AND 5370548
	Index Only Scan using sbtest4_pkey on sbtest4  (cost=0.43..6.72 rows=114 width=4)
	  Index Cond: ((id >= 5370448) AND (id <= 5370548))

table 5 : explain SELECT id FROM sbtest5 WHERE id BETWEEN 5370448 AND 5370548
	Index Only Scan using sbtest5_pkey on sbtest5  (cost=0.43..6.53 rows=105 width=4)
	  Index Cond: ((id >= 5370448) AND (id <= 5370548))

table 6 : explain SELECT id FROM sbtest6 WHERE id BETWEEN 5370448 AND 5370548
	Index Only Scan using sbtest6_pkey on sbtest6  (cost=0.43..10.32 rows=94 width=4)
	  Index Cond: ((id >= 5370448) AND (id <= 5370548))

table 7 : explain SELECT id FROM sbtest7 WHERE id BETWEEN 5370448 AND 5370548
	Index Only Scan using sbtest7_pkey on sbtest7  (cost=0.43..10.40 rows=98 width=4)
	  Index Cond: ((id >= 5370448) AND (id <= 5370548))

table 8 : explain SELECT id FROM sbtest8 WHERE id BETWEEN 5370448 AND 5370548
	Index Only Scan using sbtest8_pkey on sbtest8  (cost=0.43..6.27 rows=92 width=4)
	  Index Cond: ((id >= 5370448) AND (id <= 5370548))

explain: for range-covered :: explain SELECT id FROM sbtest%d WHERE id BETWEEN 5370448 AND 5370548
for range-covered
table 1 : explain SELECT id FROM sbtest1 WHERE id BETWEEN 5029894 AND 5029994
	Index Only Scan using sbtest1_pkey on sbtest1  (cost=0.43..6.63 rows=110 width=4)
	  Index Cond: ((id >= 5029894) AND (id <= 5029994))

table 2 : explain SELECT id FROM sbtest2 WHERE id BETWEEN 5029894 AND 5029994
	Index Only Scan using sbtest2_pkey on sbtest2  (cost=0.43..6.61 rows=109 width=4)
	  Index Cond: ((id >= 5029894) AND (id <= 5029994))

table 3 : explain SELECT id FROM sbtest3 WHERE id BETWEEN 5029894 AND 5029994
	Index Only Scan using sbtest3_pkey on sbtest3  (cost=0.43..10.65 rows=111 width=4)
	  Index Cond: ((id >= 5029894) AND (id <= 5029994))

table 4 : explain SELECT id FROM sbtest4 WHERE id BETWEEN 5029894 AND 5029994
	Index Only Scan using sbtest4_pkey on sbtest4  (cost=0.43..6.40 rows=98 width=4)
	  Index Cond: ((id >= 5029894) AND (id <= 5029994))

table 5 : explain SELECT id FROM sbtest5 WHERE id BETWEEN 5029894 AND 5029994
	Index Only Scan using sbtest5_pkey on sbtest5  (cost=0.43..6.43 rows=100 width=4)
	  Index Cond: ((id >= 5029894) AND (id <= 5029994))

table 6 : explain SELECT id FROM sbtest6 WHERE id BETWEEN 5029894 AND 5029994
	Index Only Scan using sbtest6_pkey on sbtest6  (cost=0.43..10.36 rows=96 width=4)
	  Index Cond: ((id >= 5029894) AND (id <= 5029994))

table 7 : explain SELECT id FROM sbtest7 WHERE id BETWEEN 5029894 AND 5029994
	Index Only Scan using sbtest7_pkey on sbtest7  (cost=0.43..10.47 rows=102 width=4)
	  Index Cond: ((id >= 5029894) AND (id <= 5029994))

table 8 : explain SELECT id FROM sbtest8 WHERE id BETWEEN 5029894 AND 5029994
	Index Only Scan using sbtest8_pkey on sbtest8  (cost=0.43..6.53 rows=105 width=4)
	  Index Cond: ((id >= 5029894) AND (id <= 5029994))

for range-covered
table 1 : explain SELECT id FROM sbtest1 WHERE id BETWEEN 4315639 AND 4315739
	Index Only Scan using sbtest1_pkey on sbtest1  (cost=0.43..6.45 rows=101 width=4)
	  Index Cond: ((id >= 4315639) AND (id <= 4315739))

table 2 : explain SELECT id FROM sbtest2 WHERE id BETWEEN 4315639 AND 4315739
	Index Only Scan using sbtest2_pkey on sbtest2  (cost=0.43..6.43 rows=100 width=4)
	  Index Cond: ((id >= 4315639) AND (id <= 4315739))

table 3 : explain SELECT id FROM sbtest3 WHERE id BETWEEN 4315639 AND 4315739
	Index Only Scan using sbtest3_pkey on sbtest3  (cost=0.43..10.38 rows=97 width=4)
	  Index Cond: ((id >= 4315639) AND (id <= 4315739))

table 4 : explain SELECT id FROM sbtest4 WHERE id BETWEEN 4315639 AND 4315739
	Index Only Scan using sbtest4_pkey on sbtest4  (cost=0.43..6.56 rows=106 width=4)
	  Index Cond: ((id >= 4315639) AND (id <= 4315739))

table 5 : explain SELECT id FROM sbtest5 WHERE id BETWEEN 4315639 AND 4315739
	Index Only Scan using sbtest5_pkey on sbtest5  (cost=0.43..6.43 rows=100 width=4)
	  Index Cond: ((id >= 4315639) AND (id <= 4315739))

table 6 : explain SELECT id FROM sbtest6 WHERE id BETWEEN 4315639 AND 4315739
	Index Only Scan using sbtest6_pkey on sbtest6  (cost=0.43..10.47 rows=102 width=4)
	  Index Cond: ((id >= 4315639) AND (id <= 4315739))

table 7 : explain SELECT id FROM sbtest7 WHERE id BETWEEN 4315639 AND 4315739
	Index Only Scan using sbtest7_pkey on sbtest7  (cost=0.43..10.40 rows=98 width=4)
	  Index Cond: ((id >= 4315639) AND (id <= 4315739))

table 8 : explain SELECT id FROM sbtest8 WHERE id BETWEEN 4315639 AND 4315739
	Index Only Scan using sbtest8_pkey on sbtest8  (cost=0.43..6.53 rows=105 width=4)
	  Index Cond: ((id >= 4315639) AND (id <= 4315739))

explain: for range-covered :: explain SELECT id FROM sbtest%d WHERE id BETWEEN 5029894 AND 5029994
explain: for range-covered :: explain SELECT id FROM sbtest%d WHERE id BETWEEN 4315639 AND 4315739
for range-covered
table 1 : explain SELECT id FROM sbtest1 WHERE id BETWEEN 3786152 AND 3786252
	Index Only Scan using sbtest1_pkey on sbtest1  (cost=0.43..6.47 rows=102 width=4)
	  Index Cond: ((id >= 3786152) AND (id <= 3786252))

table 2 : explain SELECT id FROM sbtest2 WHERE id BETWEEN 3786152 AND 3786252
	Index Only Scan using sbtest2_pkey on sbtest2  (cost=0.43..6.61 rows=109 width=4)
	  Index Cond: ((id >= 3786152) AND (id <= 3786252))

table 3 : explain SELECT id FROM sbtest3 WHERE id BETWEEN 3786152 AND 3786252
	Index Only Scan using sbtest3_pkey on sbtest3  (cost=0.43..10.46 rows=101 width=4)
	  Index Cond: ((id >= 3786152) AND (id <= 3786252))

table 4 : explain SELECT id FROM sbtest4 WHERE id BETWEEN 3786152 AND 3786252
	Index Only Scan using sbtest4_pkey on sbtest4  (cost=0.43..6.67 rows=112 width=4)
	  Index Cond: ((id >= 3786152) AND (id <= 3786252))

table 5 : explain SELECT id FROM sbtest5 WHERE id BETWEEN 3786152 AND 3786252
	Index Only Scan using sbtest5_pkey on sbtest5  (cost=0.43..6.21 rows=89 width=4)
	  Index Cond: ((id >= 3786152) AND (id <= 3786252))

table 6 : explain SELECT id FROM sbtest6 WHERE id BETWEEN 3786152 AND 3786252
	Index Only Scan using sbtest6_pkey on sbtest6  (cost=0.43..10.50 rows=103 width=4)
	  Index Cond: ((id >= 3786152) AND (id <= 3786252))

table 7 : explain SELECT id FROM sbtest7 WHERE id BETWEEN 3786152 AND 3786252
	Index Only Scan using sbtest7_pkey on sbtest7  (cost=0.43..10.58 rows=107 width=4)
	  Index Cond: ((id >= 3786152) AND (id <= 3786252))

table 8 : explain SELECT id FROM sbtest8 WHERE id BETWEEN 3786152 AND 3786252
	Index Only Scan using sbtest8_pkey on sbtest8  (cost=0.43..6.35 rows=96 width=4)
	  Index Cond: ((id >= 3786152) AND (id <= 3786252))

explain: for range-covered :: explain SELECT id FROM sbtest%d WHERE id BETWEEN 3786152 AND 3786252
for range-covered
table 1 : explain SELECT id FROM sbtest1 WHERE id BETWEEN 1878330 AND 1878430
	Index Only Scan using sbtest1_pkey on sbtest1  (cost=0.43..6.35 rows=96 width=4)
	  Index Cond: ((id >= 1878330) AND (id <= 1878430))

table 2 : explain SELECT id FROM sbtest2 WHERE id BETWEEN 1878330 AND 1878430
	Index Only Scan using sbtest2_pkey on sbtest2  (cost=0.43..6.42 rows=99 width=4)
	  Index Cond: ((id >= 1878330) AND (id <= 1878430))

table 3 : explain SELECT id FROM sbtest3 WHERE id BETWEEN 1878330 AND 1878430
	Index Only Scan using sbtest3_pkey on sbtest3  (cost=0.43..10.40 rows=98 width=4)
	  Index Cond: ((id >= 1878330) AND (id <= 1878430))

table 4 : explain SELECT id FROM sbtest4 WHERE id BETWEEN 1878330 AND 1878430
	Index Only Scan using sbtest4_pkey on sbtest4  (cost=0.43..6.42 rows=99 width=4)
	  Index Cond: ((id >= 1878330) AND (id <= 1878430))

table 5 : explain SELECT id FROM sbtest5 WHERE id BETWEEN 1878330 AND 1878430
	Index Only Scan using sbtest5_pkey on sbtest5  (cost=0.43..6.37 rows=97 width=4)
	  Index Cond: ((id >= 1878330) AND (id <= 1878430))

table 6 : explain SELECT id FROM sbtest6 WHERE id BETWEEN 1878330 AND 1878430
	Index Only Scan using sbtest6_pkey on sbtest6  (cost=0.43..10.56 rows=106 width=4)
	  Index Cond: ((id >= 1878330) AND (id <= 1878430))

table 7 : explain SELECT id FROM sbtest7 WHERE id BETWEEN 1878330 AND 1878430
	Index Only Scan using sbtest7_pkey on sbtest7  (cost=0.43..10.29 rows=93 width=4)
	  Index Cond: ((id >= 1878330) AND (id <= 1878430))

table 8 : explain SELECT id FROM sbtest8 WHERE id BETWEEN 1878330 AND 1878430
	Index Only Scan using sbtest8_pkey on sbtest8  (cost=0.43..6.37 rows=97 width=4)
	  Index Cond: ((id >= 1878330) AND (id <= 1878430))

for range-covered
table 1 : explain SELECT id FROM sbtest1 WHERE id BETWEEN 5370448 AND 5370548
	Index Only Scan using sbtest1_pkey on sbtest1  (cost=0.43..6.45 rows=101 width=4)
	  Index Cond: ((id >= 5370448) AND (id <= 5370548))

table 2 : explain SELECT id FROM sbtest2 WHERE id BETWEEN 5370448 AND 5370548
	Index Only Scan using sbtest2_pkey on sbtest2  (cost=0.43..6.45 rows=101 width=4)
	  Index Cond: ((id >= 5370448) AND (id <= 5370548))

table 3 : explain SELECT id FROM sbtest3 WHERE id BETWEEN 5370448 AND 5370548
	Index Only Scan using sbtest3_pkey on sbtest3  (cost=0.43..10.42 rows=99 width=4)
	  Index Cond: ((id >= 5370448) AND (id <= 5370548))

table 4 : explain SELECT id FROM sbtest4 WHERE id BETWEEN 5370448 AND 5370548
	Index Only Scan using sbtest4_pkey on sbtest4  (cost=0.43..6.72 rows=114 width=4)
	  Index Cond: ((id >= 5370448) AND (id <= 5370548))

table 5 : explain SELECT id FROM sbtest5 WHERE id BETWEEN 5370448 AND 5370548
	Index Only Scan using sbtest5_pkey on sbtest5  (cost=0.43..6.53 rows=105 width=4)
	  Index Cond: ((id >= 5370448) AND (id <= 5370548))

table 6 : explain SELECT id FROM sbtest6 WHERE id BETWEEN 5370448 AND 5370548
	Index Only Scan using sbtest6_pkey on sbtest6  (cost=0.43..10.32 rows=94 width=4)
	  Index Cond: ((id >= 5370448) AND (id <= 5370548))

table 7 : explain SELECT id FROM sbtest7 WHERE id BETWEEN 5370448 AND 5370548
	Index Only Scan using sbtest7_pkey on sbtest7  (cost=0.43..10.40 rows=98 width=4)
	  Index Cond: ((id >= 5370448) AND (id <= 5370548))

table 8 : explain SELECT id FROM sbtest8 WHERE id BETWEEN 5370448 AND 5370548
	Index Only Scan using sbtest8_pkey on sbtest8  (cost=0.43..6.27 rows=92 width=4)
	  Index Cond: ((id >= 5370448) AND (id <= 5370548))

explain: for range-covered :: explain SELECT id FROM sbtest%d WHERE id BETWEEN 5370448 AND 5370548
for range-covered
table 1 : explain SELECT id FROM sbtest1 WHERE id BETWEEN 4315639 AND 4315739
	Index Only Scan using sbtest1_pkey on sbtest1  (cost=0.43..6.45 rows=101 width=4)
	  Index Cond: ((id >= 4315639) AND (id <= 4315739))

table 2 : explain SELECT id FROM sbtest2 WHERE id BETWEEN 4315639 AND 4315739
	Index Only Scan using sbtest2_pkey on sbtest2  (cost=0.43..6.43 rows=100 width=4)
	  Index Cond: ((id >= 4315639) AND (id <= 4315739))

table 3 : explain SELECT id FROM sbtest3 WHERE id BETWEEN 4315639 AND 4315739
	Index Only Scan using sbtest3_pkey on sbtest3  (cost=0.43..10.38 rows=97 width=4)
	  Index Cond: ((id >= 4315639) AND (id <= 4315739))

table 4 : explain SELECT id FROM sbtest4 WHERE id BETWEEN 4315639 AND 4315739
	Index Only Scan using sbtest4_pkey on sbtest4  (cost=0.43..6.56 rows=106 width=4)
	  Index Cond: ((id >= 4315639) AND (id <= 4315739))

table 5 : explain SELECT id FROM sbtest5 WHERE id BETWEEN 4315639 AND 4315739
	Index Only Scan using sbtest5_pkey on sbtest5  (cost=0.43..6.43 rows=100 width=4)
	  Index Cond: ((id >= 4315639) AND (id <= 4315739))

table 6 : explain SELECT id FROM sbtest6 WHERE id BETWEEN 4315639 AND 4315739
	Index Only Scan using sbtest6_pkey on sbtest6  (cost=0.43..10.47 rows=102 width=4)
	  Index Cond: ((id >= 4315639) AND (id <= 4315739))

table 7 : explain SELECT id FROM sbtest7 WHERE id BETWEEN 4315639 AND 4315739
	Index Only Scan using sbtest7_pkey on sbtest7  (cost=0.43..10.40 rows=98 width=4)
	  Index Cond: ((id >= 4315639) AND (id <= 4315739))

table 8 : explain SELECT id FROM sbtest8 WHERE id BETWEEN 4315639 AND 4315739
	Index Only Scan using sbtest8_pkey on sbtest8  (cost=0.43..6.53 rows=105 width=4)
	  Index Cond: ((id >= 4315639) AND (id <= 4315739))

explain: for range-covered :: explain SELECT id FROM sbtest%d WHERE id BETWEEN 4315639 AND 4315739
for range-covered
table 1 : explain SELECT id FROM sbtest1 WHERE id BETWEEN 5952709 AND 5952809
	Index Only Scan using sbtest1_pkey on sbtest1  (cost=0.43..6.51 rows=104 width=4)
	  Index Cond: ((id >= 5952709) AND (id <= 5952809))

table 2 : explain SELECT id FROM sbtest2 WHERE id BETWEEN 5952709 AND 5952809
	Index Only Scan using sbtest2_pkey on sbtest2  (cost=0.43..6.35 rows=96 width=4)
	  Index Cond: ((id >= 5952709) AND (id <= 5952809))

table 3 : explain SELECT id FROM sbtest3 WHERE id BETWEEN 5952709 AND 5952809
	Index Only Scan using sbtest3_pkey on sbtest3  (cost=0.43..10.33 rows=95 width=4)
	  Index Cond: ((id >= 5952709) AND (id <= 5952809))

table 4 : explain SELECT id FROM sbtest4 WHERE id BETWEEN 5952709 AND 5952809
	Index Only Scan using sbtest4_pkey on sbtest4  (cost=0.43..6.50 rows=103 width=4)
	  Index Cond: ((id >= 5952709) AND (id <= 5952809))

table 5 : explain SELECT id FROM sbtest5 WHERE id BETWEEN 5952709 AND 5952809
	Index Only Scan using sbtest5_pkey on sbtest5  (cost=0.43..6.29 rows=93 width=4)
	  Index Cond: ((id >= 5952709) AND (id <= 5952809))

table 6 : explain SELECT id FROM sbtest6 WHERE id BETWEEN 5952709 AND 5952809
	Index Only Scan using sbtest6_pkey on sbtest6  (cost=0.43..10.24 rows=90 width=4)
	  Index Cond: ((id >= 5952709) AND (id <= 5952809))

table 7 : explain SELECT id FROM sbtest7 WHERE id BETWEEN 5952709 AND 5952809
	Index Only Scan using sbtest7_pkey on sbtest7  (cost=0.43..10.38 rows=97 width=4)
	  Index Cond: ((id >= 5952709) AND (id <= 5952809))

table 8 : explain SELECT id FROM sbtest8 WHERE id BETWEEN 5952709 AND 5952809
	Index Only Scan using sbtest8_pkey on sbtest8  (cost=0.43..6.53 rows=105 width=4)
	  Index Cond: ((id >= 5952709) AND (id <= 5952809))

for range-covered
table 1 : explain SELECT id FROM sbtest1 WHERE id BETWEEN 3786152 AND 3786252
	Index Only Scan using sbtest1_pkey on sbtest1  (cost=0.43..6.47 rows=102 width=4)
	  Index Cond: ((id >= 3786152) AND (id <= 3786252))

table 2 : explain SELECT id FROM sbtest2 WHERE id BETWEEN 3786152 AND 3786252
	Index Only Scan using sbtest2_pkey on sbtest2  (cost=0.43..6.61 rows=109 width=4)
	  Index Cond: ((id >= 3786152) AND (id <= 3786252))

table 3 : explain SELECT id FROM sbtest3 WHERE id BETWEEN 3786152 AND 3786252
	Index Only Scan using sbtest3_pkey on sbtest3  (cost=0.43..10.46 rows=101 width=4)
	  Index Cond: ((id >= 3786152) AND (id <= 3786252))

table 4 : explain SELECT id FROM sbtest4 WHERE id BETWEEN 3786152 AND 3786252
	Index Only Scan using sbtest4_pkey on sbtest4  (cost=0.43..6.67 rows=112 width=4)
	  Index Cond: ((id >= 3786152) AND (id <= 3786252))

table 5 : explain SELECT id FROM sbtest5 WHERE id BETWEEN 3786152 AND 3786252
	Index Only Scan using sbtest5_pkey on sbtest5  (cost=0.43..6.21 rows=89 width=4)
	  Index Cond: ((id >= 3786152) AND (id <= 3786252))

table 6 : explain SELECT id FROM sbtest6 WHERE id BETWEEN 3786152 AND 3786252
	Index Only Scan using sbtest6_pkey on sbtest6  (cost=0.43..10.50 rows=103 width=4)
	  Index Cond: ((id >= 3786152) AND (id <= 3786252))

table 7 : explain SELECT id FROM sbtest7 WHERE id BETWEEN 3786152 AND 3786252
	Index Only Scan using sbtest7_pkey on sbtest7  (cost=0.43..10.58 rows=107 width=4)
	  Index Cond: ((id >= 3786152) AND (id <= 3786252))

table 8 : explain SELECT id FROM sbtest8 WHERE id BETWEEN 3786152 AND 3786252
	Index Only Scan using sbtest8_pkey on sbtest8  (cost=0.43..6.35 rows=96 width=4)
	  Index Cond: ((id >= 3786152) AND (id <= 3786252))

explain: for range-covered :: explain SELECT id FROM sbtest%d WHERE id BETWEEN 3786152 AND 3786252
for range-covered
table 1 : explain SELECT id FROM sbtest1 WHERE id BETWEEN 5370448 AND 5370548
	Index Only Scan using sbtest1_pkey on sbtest1  (cost=0.43..6.45 rows=101 width=4)
	  Index Cond: ((id >= 5370448) AND (id <= 5370548))

table 2 : explain SELECT id FROM sbtest2 WHERE id BETWEEN 5370448 AND 5370548
	Index Only Scan using sbtest2_pkey on sbtest2  (cost=0.43..6.45 rows=101 width=4)
	  Index Cond: ((id >= 5370448) AND (id <= 5370548))

table 3 : explain SELECT id FROM sbtest3 WHERE id BETWEEN 5370448 AND 5370548
	Index Only Scan using sbtest3_pkey on sbtest3  (cost=0.43..10.42 rows=99 width=4)
	  Index Cond: ((id >= 5370448) AND (id <= 5370548))

table 4 : explain SELECT id FROM sbtest4 WHERE id BETWEEN 5370448 AND 5370548
	Index Only Scan using sbtest4_pkey on sbtest4  (cost=0.43..6.72 rows=114 width=4)
	  Index Cond: ((id >= 5370448) AND (id <= 5370548))

table 5 : explain SELECT id FROM sbtest5 WHERE id BETWEEN 5370448 AND 5370548
	Index Only Scan using sbtest5_pkey on sbtest5  (cost=0.43..6.53 rows=105 width=4)
	  Index Cond: ((id >= 5370448) AND (id <= 5370548))

table 6 : explain SELECT id FROM sbtest6 WHERE id BETWEEN 5370448 AND 5370548
	Index Only Scan using sbtest6_pkey on sbtest6  (cost=0.43..10.32 rows=94 width=4)
	  Index Cond: ((id >= 5370448) AND (id <= 5370548))

table 7 : explain SELECT id FROM sbtest7 WHERE id BETWEEN 5370448 AND 5370548
	Index Only Scan using sbtest7_pkey on sbtest7  (cost=0.43..10.40 rows=98 width=4)
	  Index Cond: ((id >= 5370448) AND (id <= 5370548))

table 8 : explain SELECT id FROM sbtest8 WHERE id BETWEEN 5370448 AND 5370548
	Index Only Scan using sbtest8_pkey on sbtest8  (cost=0.43..6.27 rows=92 width=4)
	  Index Cond: ((id >= 5370448) AND (id <= 5370548))

explain: for range-covered :: explain SELECT id FROM sbtest%d WHERE id BETWEEN 5370448 AND 5370548
for range-covered
table 1 : explain SELECT id FROM sbtest1 WHERE id BETWEEN 5270426 AND 5270526
	Index Only Scan using sbtest1_pkey on sbtest1  (cost=0.43..6.40 rows=98 width=4)
	  Index Cond: ((id >= 5270426) AND (id <= 5270526))

table 2 : explain SELECT id FROM sbtest2 WHERE id BETWEEN 5270426 AND 5270526
	Index Only Scan using sbtest2_pkey on sbtest2  (cost=0.43..6.40 rows=98 width=4)
	  Index Cond: ((id >= 5270426) AND (id <= 5270526))

table 3 : explain SELECT id FROM sbtest3 WHERE id BETWEEN 5270426 AND 5270526
	Index Only Scan using sbtest3_pkey on sbtest3  (cost=0.43..10.18 rows=87 width=4)
	  Index Cond: ((id >= 5270426) AND (id <= 5270526))

table 4 : explain SELECT id FROM sbtest4 WHERE id BETWEEN 5270426 AND 5270526
	Index Only Scan using sbtest4_pkey on sbtest4  (cost=0.43..6.37 rows=97 width=4)
	  Index Cond: ((id >= 5270426) AND (id <= 5270526))

table 5 : explain SELECT id FROM sbtest5 WHERE id BETWEEN 5270426 AND 5270526
	Index Only Scan using sbtest5_pkey on sbtest5  (cost=0.43..6.63 rows=110 width=4)
	  Index Cond: ((id >= 5270426) AND (id <= 5270526))

table 6 : explain SELECT id FROM sbtest6 WHERE id BETWEEN 5270426 AND 5270526
	Index Only Scan using sbtest6_pkey on sbtest6  (cost=0.43..10.54 rows=105 width=4)
	  Index Cond: ((id >= 5270426) AND (id <= 5270526))

table 7 : explain SELECT id FROM sbtest7 WHERE id BETWEEN 5270426 AND 5270526
	Index Only Scan using sbtest7_pkey on sbtest7  (cost=0.43..10.29 rows=93 width=4)
	  Index Cond: ((id >= 5270426) AND (id <= 5270526))

table 8 : explain SELECT id FROM sbtest8 WHERE id BETWEEN 5270426 AND 5270526
	Index Only Scan using sbtest8_pkey on sbtest8  (cost=0.43..6.50 rows=103 width=4)
	  Index Cond: ((id >= 5270426) AND (id <= 5270526))

explain: for range-covered :: explain SELECT id FROM sbtest%d WHERE id BETWEEN 5270426 AND 5270526
for range-covered
table 1 : explain SELECT id FROM sbtest1 WHERE id BETWEEN 4315639 AND 4315739
	Index Only Scan using sbtest1_pkey on sbtest1  (cost=0.43..6.45 rows=101 width=4)
	  Index Cond: ((id >= 4315639) AND (id <= 4315739))

table 2 : explain SELECT id FROM sbtest2 WHERE id BETWEEN 4315639 AND 4315739
	Index Only Scan using sbtest2_pkey on sbtest2  (cost=0.43..6.43 rows=100 width=4)
	  Index Cond: ((id >= 4315639) AND (id <= 4315739))

table 3 : explain SELECT id FROM sbtest3 WHERE id BETWEEN 4315639 AND 4315739
	Index Only Scan using sbtest3_pkey on sbtest3  (cost=0.43..10.38 rows=97 width=4)
	  Index Cond: ((id >= 4315639) AND (id <= 4315739))

table 4 : explain SELECT id FROM sbtest4 WHERE id BETWEEN 4315639 AND 4315739
	Index Only Scan using sbtest4_pkey on sbtest4  (cost=0.43..6.56 rows=106 width=4)
	  Index Cond: ((id >= 4315639) AND (id <= 4315739))

table 5 : explain SELECT id FROM sbtest5 WHERE id BETWEEN 4315639 AND 4315739
	Index Only Scan using sbtest5_pkey on sbtest5  (cost=0.43..6.43 rows=100 width=4)
	  Index Cond: ((id >= 4315639) AND (id <= 4315739))

table 6 : explain SELECT id FROM sbtest6 WHERE id BETWEEN 4315639 AND 4315739
	Index Only Scan using sbtest6_pkey on sbtest6  (cost=0.43..10.47 rows=102 width=4)
	  Index Cond: ((id >= 4315639) AND (id <= 4315739))

table 7 : explain SELECT id FROM sbtest7 WHERE id BETWEEN 4315639 AND 4315739
	Index Only Scan using sbtest7_pkey on sbtest7  (cost=0.43..10.40 rows=98 width=4)
	  Index Cond: ((id >= 4315639) AND (id <= 4315739))

table 8 : explain SELECT id FROM sbtest8 WHERE id BETWEEN 4315639 AND 4315739
	Index Only Scan using sbtest8_pkey on sbtest8  (cost=0.43..6.53 rows=105 width=4)
	  Index Cond: ((id >= 4315639) AND (id <= 4315739))

explain: for range-covered :: explain SELECT id FROM sbtest%d WHERE id BETWEEN 4315639 AND 4315739
for range-covered
table 1 : explain SELECT id FROM sbtest1 WHERE id BETWEEN 3786152 AND 3786252
	Index Only Scan using sbtest1_pkey on sbtest1  (cost=0.43..6.47 rows=102 width=4)
	  Index Cond: ((id >= 3786152) AND (id <= 3786252))

table 2 : explain SELECT id FROM sbtest2 WHERE id BETWEEN 3786152 AND 3786252
	Index Only Scan using sbtest2_pkey on sbtest2  (cost=0.43..6.61 rows=109 width=4)
	  Index Cond: ((id >= 3786152) AND (id <= 3786252))

table 3 : explain SELECT id FROM sbtest3 WHERE id BETWEEN 3786152 AND 3786252
	Index Only Scan using sbtest3_pkey on sbtest3  (cost=0.43..10.46 rows=101 width=4)
	  Index Cond: ((id >= 3786152) AND (id <= 3786252))

table 4 : explain SELECT id FROM sbtest4 WHERE id BETWEEN 3786152 AND 3786252
	Index Only Scan using sbtest4_pkey on sbtest4  (cost=0.43..6.67 rows=112 width=4)
	  Index Cond: ((id >= 3786152) AND (id <= 3786252))

table 5 : explain SELECT id FROM sbtest5 WHERE id BETWEEN 3786152 AND 3786252
	Index Only Scan using sbtest5_pkey on sbtest5  (cost=0.43..6.21 rows=89 width=4)
	  Index Cond: ((id >= 3786152) AND (id <= 3786252))

table 6 : explain SELECT id FROM sbtest6 WHERE id BETWEEN 3786152 AND 3786252
	Index Only Scan using sbtest6_pkey on sbtest6  (cost=0.43..10.50 rows=103 width=4)
	  Index Cond: ((id >= 3786152) AND (id <= 3786252))

table 7 : explain SELECT id FROM sbtest7 WHERE id BETWEEN 3786152 AND 3786252
	Index Only Scan using sbtest7_pkey on sbtest7  (cost=0.43..10.58 rows=107 width=4)
	  Index Cond: ((id >= 3786152) AND (id <= 3786252))

table 8 : explain SELECT id FROM sbtest8 WHERE id BETWEEN 3786152 AND 3786252
	Index Only Scan using sbtest8_pkey on sbtest8  (cost=0.43..6.35 rows=96 width=4)
	  Index Cond: ((id >= 3786152) AND (id <= 3786252))

explain: for range-covered :: explain SELECT id FROM sbtest%d WHERE id BETWEEN 3786152 AND 3786252
for range-covered
table 1 : explain SELECT id FROM sbtest1 WHERE id BETWEEN 5001398 AND 5001498
	Index Only Scan using sbtest1_pkey on sbtest1  (cost=0.43..6.63 rows=110 width=4)
	  Index Cond: ((id >= 5001398) AND (id <= 5001498))

table 2 : explain SELECT id FROM sbtest2 WHERE id BETWEEN 5001398 AND 5001498
	Index Only Scan using sbtest2_pkey on sbtest2  (cost=0.43..6.61 rows=109 width=4)
	  Index Cond: ((id >= 5001398) AND (id <= 5001498))

table 3 : explain SELECT id FROM sbtest3 WHERE id BETWEEN 5001398 AND 5001498
	Index Only Scan using sbtest3_pkey on sbtest3  (cost=0.43..10.58 rows=107 width=4)
	  Index Cond: ((id >= 5001398) AND (id <= 5001498))

table 4 : explain SELECT id FROM sbtest4 WHERE id BETWEEN 5001398 AND 5001498
	Index Only Scan using sbtest4_pkey on sbtest4  (cost=0.43..6.40 rows=98 width=4)
	  Index Cond: ((id >= 5001398) AND (id <= 5001498))

table 5 : explain SELECT id FROM sbtest5 WHERE id BETWEEN 5001398 AND 5001498
	Index Only Scan using sbtest5_pkey on sbtest5  (cost=0.43..6.74 rows=115 width=4)
	  Index Cond: ((id >= 5001398) AND (id <= 5001498))

table 6 : explain SELECT id FROM sbtest6 WHERE id BETWEEN 5001398 AND 5001498
	Index Only Scan using sbtest6_pkey on sbtest6  (cost=0.43..10.36 rows=96 width=4)
	  Index Cond: ((id >= 5001398) AND (id <= 5001498))

table 7 : explain SELECT id FROM sbtest7 WHERE id BETWEEN 5001398 AND 5001498
	Index Only Scan using sbtest7_pkey on sbtest7  (cost=0.43..10.63 rows=110 width=4)
	  Index Cond: ((id >= 5001398) AND (id <= 5001498))

table 8 : explain SELECT id FROM sbtest8 WHERE id BETWEEN 5001398 AND 5001498
	Index Only Scan using sbtest8_pkey on sbtest8  (cost=0.43..6.53 rows=105 width=4)
	  Index Cond: ((id >= 5001398) AND (id <= 5001498))

for range-covered
table 1 : explain SELECT id FROM sbtest1 WHERE id BETWEEN 5029894 AND 5029994
	Index Only Scan using sbtest1_pkey on sbtest1  (cost=0.43..6.63 rows=110 width=4)
	  Index Cond: ((id >= 5029894) AND (id <= 5029994))

table 2 : explain SELECT id FROM sbtest2 WHERE id BETWEEN 5029894 AND 5029994
	Index Only Scan using sbtest2_pkey on sbtest2  (cost=0.43..6.61 rows=109 width=4)
	  Index Cond: ((id >= 5029894) AND (id <= 5029994))

table 3 : explain SELECT id FROM sbtest3 WHERE id BETWEEN 5029894 AND 5029994
	Index Only Scan using sbtest3_pkey on sbtest3  (cost=0.43..10.65 rows=111 width=4)
	  Index Cond: ((id >= 5029894) AND (id <= 5029994))

table 4 : explain SELECT id FROM sbtest4 WHERE id BETWEEN 5029894 AND 5029994
	Index Only Scan using sbtest4_pkey on sbtest4  (cost=0.43..6.40 rows=98 width=4)
	  Index Cond: ((id >= 5029894) AND (id <= 5029994))

table 5 : explain SELECT id FROM sbtest5 WHERE id BETWEEN 5029894 AND 5029994
	Index Only Scan using sbtest5_pkey on sbtest5  (cost=0.43..6.43 rows=100 width=4)
	  Index Cond: ((id >= 5029894) AND (id <= 5029994))

table 6 : explain SELECT id FROM sbtest6 WHERE id BETWEEN 5029894 AND 5029994
	Index Only Scan using sbtest6_pkey on sbtest6  (cost=0.43..10.36 rows=96 width=4)
	  Index Cond: ((id >= 5029894) AND (id <= 5029994))

table 7 : explain SELECT id FROM sbtest7 WHERE id BETWEEN 5029894 AND 5029994
	Index Only Scan using sbtest7_pkey on sbtest7  (cost=0.43..10.47 rows=102 width=4)
	  Index Cond: ((id >= 5029894) AND (id <= 5029994))

table 8 : explain SELECT id FROM sbtest8 WHERE id BETWEEN 5029894 AND 5029994
	Index Only Scan using sbtest8_pkey on sbtest8  (cost=0.43..6.53 rows=105 width=4)
	  Index Cond: ((id >= 5029894) AND (id <= 5029994))

explain: for range-covered :: explain SELECT id FROM sbtest%d WHERE id BETWEEN 5001398 AND 5001498
explain: for range-covered :: explain SELECT id FROM sbtest%d WHERE id BETWEEN 5029894 AND 5029994
for range-covered
table 1 : explain SELECT id FROM sbtest1 WHERE id BETWEEN 4315639 AND 4315739
	Index Only Scan using sbtest1_pkey on sbtest1  (cost=0.43..6.45 rows=101 width=4)
	  Index Cond: ((id >= 4315639) AND (id <= 4315739))

table 2 : explain SELECT id FROM sbtest2 WHERE id BETWEEN 4315639 AND 4315739
	Index Only Scan using sbtest2_pkey on sbtest2  (cost=0.43..6.43 rows=100 width=4)
	  Index Cond: ((id >= 4315639) AND (id <= 4315739))

table 3 : explain SELECT id FROM sbtest3 WHERE id BETWEEN 4315639 AND 4315739
	Index Only Scan using sbtest3_pkey on sbtest3  (cost=0.43..10.38 rows=97 width=4)
	  Index Cond: ((id >= 4315639) AND (id <= 4315739))

table 4 : explain SELECT id FROM sbtest4 WHERE id BETWEEN 4315639 AND 4315739
	Index Only Scan using sbtest4_pkey on sbtest4  (cost=0.43..6.56 rows=106 width=4)
	  Index Cond: ((id >= 4315639) AND (id <= 4315739))

table 5 : explain SELECT id FROM sbtest5 WHERE id BETWEEN 4315639 AND 4315739
	Index Only Scan using sbtest5_pkey on sbtest5  (cost=0.43..6.43 rows=100 width=4)
	  Index Cond: ((id >= 4315639) AND (id <= 4315739))

table 6 : explain SELECT id FROM sbtest6 WHERE id BETWEEN 4315639 AND 4315739
	Index Only Scan using sbtest6_pkey on sbtest6  (cost=0.43..10.47 rows=102 width=4)
	  Index Cond: ((id >= 4315639) AND (id <= 4315739))

table 7 : explain SELECT id FROM sbtest7 WHERE id BETWEEN 4315639 AND 4315739
	Index Only Scan using sbtest7_pkey on sbtest7  (cost=0.43..10.40 rows=98 width=4)
	  Index Cond: ((id >= 4315639) AND (id <= 4315739))

table 8 : explain SELECT id FROM sbtest8 WHERE id BETWEEN 4315639 AND 4315739
	Index Only Scan using sbtest8_pkey on sbtest8  (cost=0.43..6.53 rows=105 width=4)
	  Index Cond: ((id >= 4315639) AND (id <= 4315739))

for range-covered
table 1 : explain SELECT id FROM sbtest1 WHERE id BETWEEN 5370448 AND 5370548
	Index Only Scan using sbtest1_pkey on sbtest1  (cost=0.43..6.45 rows=101 width=4)
	  Index Cond: ((id >= 5370448) AND (id <= 5370548))

table 2 : explain SELECT id FROM sbtest2 WHERE id BETWEEN 5370448 AND 5370548
	Index Only Scan using sbtest2_pkey on sbtest2  (cost=0.43..6.45 rows=101 width=4)
	  Index Cond: ((id >= 5370448) AND (id <= 5370548))

table 3 : explain SELECT id FROM sbtest3 WHERE id BETWEEN 5370448 AND 5370548
	Index Only Scan using sbtest3_pkey on sbtest3  (cost=0.43..10.42 rows=99 width=4)
	  Index Cond: ((id >= 5370448) AND (id <= 5370548))

table 4 : explain SELECT id FROM sbtest4 WHERE id BETWEEN 5370448 AND 5370548
	Index Only Scan using sbtest4_pkey on sbtest4  (cost=0.43..6.72 rows=114 width=4)
	  Index Cond: ((id >= 5370448) AND (id <= 5370548))

table 5 : explain SELECT id FROM sbtest5 WHERE id BETWEEN 5370448 AND 5370548
	Index Only Scan using sbtest5_pkey on sbtest5  (cost=0.43..6.53 rows=105 width=4)
	  Index Cond: ((id >= 5370448) AND (id <= 5370548))

table 6 : explain SELECT id FROM sbtest6 WHERE id BETWEEN 5370448 AND 5370548
	Index Only Scan using sbtest6_pkey on sbtest6  (cost=0.43..10.32 rows=94 width=4)
	  Index Cond: ((id >= 5370448) AND (id <= 5370548))

table 7 : explain SELECT id FROM sbtest7 WHERE id BETWEEN 5370448 AND 5370548
	Index Only Scan using sbtest7_pkey on sbtest7  (cost=0.43..10.40 rows=98 width=4)
	  Index Cond: ((id >= 5370448) AND (id <= 5370548))

table 8 : explain SELECT id FROM sbtest8 WHERE id BETWEEN 5370448 AND 5370548
	Index Only Scan using sbtest8_pkey on sbtest8  (cost=0.43..6.27 rows=92 width=4)
	  Index Cond: ((id >= 5370448) AND (id <= 5370548))

explain: for range-covered :: explain SELECT id FROM sbtest%d WHERE id BETWEEN 4315639 AND 4315739
for range-covered
table 1 : explain SELECT id FROM sbtest1 WHERE id BETWEEN 3786152 AND 3786252
	Index Only Scan using sbtest1_pkey on sbtest1  (cost=0.43..6.47 rows=102 width=4)
	  Index Cond: ((id >= 3786152) AND (id <= 3786252))

table 2 : explain SELECT id FROM sbtest2 WHERE id BETWEEN 3786152 AND 3786252
	Index Only Scan using sbtest2_pkey on sbtest2  (cost=0.43..6.61 rows=109 width=4)
	  Index Cond: ((id >= 3786152) AND (id <= 3786252))

table 3 : explain SELECT id FROM sbtest3 WHERE id BETWEEN 3786152 AND 3786252
	Index Only Scan using sbtest3_pkey on sbtest3  (cost=0.43..10.46 rows=101 width=4)
	  Index Cond: ((id >= 3786152) AND (id <= 3786252))

table 4 : explain SELECT id FROM sbtest4 WHERE id BETWEEN 3786152 AND 3786252
	Index Only Scan using sbtest4_pkey on sbtest4  (cost=0.43..6.67 rows=112 width=4)
	  Index Cond: ((id >= 3786152) AND (id <= 3786252))

table 5 : explain SELECT id FROM sbtest5 WHERE id BETWEEN 3786152 AND 3786252
	Index Only Scan using sbtest5_pkey on sbtest5  (cost=0.43..6.21 rows=89 width=4)
	  Index Cond: ((id >= 3786152) AND (id <= 3786252))

table 6 : explain SELECT id FROM sbtest6 WHERE id BETWEEN 3786152 AND 3786252
	Index Only Scan using sbtest6_pkey on sbtest6  (cost=0.43..10.50 rows=103 width=4)
	  Index Cond: ((id >= 3786152) AND (id <= 3786252))

table 7 : explain SELECT id FROM sbtest7 WHERE id BETWEEN 3786152 AND 3786252
	Index Only Scan using sbtest7_pkey on sbtest7  (cost=0.43..10.58 rows=107 width=4)
	  Index Cond: ((id >= 3786152) AND (id <= 3786252))

table 8 : explain SELECT id FROM sbtest8 WHERE id BETWEEN 3786152 AND 3786252
	Index Only Scan using sbtest8_pkey on sbtest8  (cost=0.43..6.35 rows=96 width=4)
	  Index Cond: ((id >= 3786152) AND (id <= 3786252))

for range-covered
table 1 : explain SELECT id FROM sbtest1 WHERE id BETWEEN 5270426 AND 5270526
	Index Only Scan using sbtest1_pkey on sbtest1  (cost=0.43..6.40 rows=98 width=4)
	  Index Cond: ((id >= 5270426) AND (id <= 5270526))

table 2 : explain SELECT id FROM sbtest2 WHERE id BETWEEN 5270426 AND 5270526
	Index Only Scan using sbtest2_pkey on sbtest2  (cost=0.43..6.40 rows=98 width=4)
	  Index Cond: ((id >= 5270426) AND (id <= 5270526))

table 3 : explain SELECT id FROM sbtest3 WHERE id BETWEEN 5270426 AND 5270526
	Index Only Scan using sbtest3_pkey on sbtest3  (cost=0.43..10.18 rows=87 width=4)
	  Index Cond: ((id >= 5270426) AND (id <= 5270526))

table 4 : explain SELECT id FROM sbtest4 WHERE id BETWEEN 5270426 AND 5270526
	Index Only Scan using sbtest4_pkey on sbtest4  (cost=0.43..6.37 rows=97 width=4)
	  Index Cond: ((id >= 5270426) AND (id <= 5270526))

table 5 : explain SELECT id FROM sbtest5 WHERE id BETWEEN 5270426 AND 5270526
	Index Only Scan using sbtest5_pkey on sbtest5  (cost=0.43..6.63 rows=110 width=4)
	  Index Cond: ((id >= 5270426) AND (id <= 5270526))

table 6 : explain SELECT id FROM sbtest6 WHERE id BETWEEN 5270426 AND 5270526
	Index Only Scan using sbtest6_pkey on sbtest6  (cost=0.43..10.54 rows=105 width=4)
	  Index Cond: ((id >= 5270426) AND (id <= 5270526))

table 7 : explain SELECT id FROM sbtest7 WHERE id BETWEEN 5270426 AND 5270526
	Index Only Scan using sbtest7_pkey on sbtest7  (cost=0.43..10.29 rows=93 width=4)
	  Index Cond: ((id >= 5270426) AND (id <= 5270526))

table 8 : explain SELECT id FROM sbtest8 WHERE id BETWEEN 5270426 AND 5270526
	Index Only Scan using sbtest8_pkey on sbtest8  (cost=0.43..6.50 rows=103 width=4)
	  Index Cond: ((id >= 5270426) AND (id <= 5270526))

explain: for range-covered :: explain SELECT id FROM sbtest%d WHERE id BETWEEN 3786152 AND 3786252
explain: for range-covered :: explain SELECT id FROM sbtest%d WHERE id BETWEEN 5370448 AND 5370548
explain: for range-covered :: explain SELECT id FROM sbtest%d WHERE id BETWEEN 5270426 AND 5270526
for range-covered
table 1 : explain SELECT id FROM sbtest1 WHERE id BETWEEN 4315639 AND 4315739
	Index Only Scan using sbtest1_pkey on sbtest1  (cost=0.43..6.45 rows=101 width=4)
	  Index Cond: ((id >= 4315639) AND (id <= 4315739))

table 2 : explain SELECT id FROM sbtest2 WHERE id BETWEEN 4315639 AND 4315739
	Index Only Scan using sbtest2_pkey on sbtest2  (cost=0.43..6.43 rows=100 width=4)
	  Index Cond: ((id >= 4315639) AND (id <= 4315739))

table 3 : explain SELECT id FROM sbtest3 WHERE id BETWEEN 4315639 AND 4315739
	Index Only Scan using sbtest3_pkey on sbtest3  (cost=0.43..10.38 rows=97 width=4)
	  Index Cond: ((id >= 4315639) AND (id <= 4315739))

table 4 : explain SELECT id FROM sbtest4 WHERE id BETWEEN 4315639 AND 4315739
	Index Only Scan using sbtest4_pkey on sbtest4  (cost=0.43..6.56 rows=106 width=4)
	  Index Cond: ((id >= 4315639) AND (id <= 4315739))

table 5 : explain SELECT id FROM sbtest5 WHERE id BETWEEN 4315639 AND 4315739
	Index Only Scan using sbtest5_pkey on sbtest5  (cost=0.43..6.43 rows=100 width=4)
	  Index Cond: ((id >= 4315639) AND (id <= 4315739))

table 6 : explain SELECT id FROM sbtest6 WHERE id BETWEEN 4315639 AND 4315739
	Index Only Scan using sbtest6_pkey on sbtest6  (cost=0.43..10.47 rows=102 width=4)
	  Index Cond: ((id >= 4315639) AND (id <= 4315739))

table 7 : explain SELECT id FROM sbtest7 WHERE id BETWEEN 4315639 AND 4315739
	Index Only Scan using sbtest7_pkey on sbtest7  (cost=0.43..10.40 rows=98 width=4)
	  Index Cond: ((id >= 4315639) AND (id <= 4315739))

table 8 : explain SELECT id FROM sbtest8 WHERE id BETWEEN 4315639 AND 4315739
	Index Only Scan using sbtest8_pkey on sbtest8  (cost=0.43..6.53 rows=105 width=4)
	  Index Cond: ((id >= 4315639) AND (id <= 4315739))

explain: for range-covered :: explain SELECT id FROM sbtest%d WHERE id BETWEEN 4315639 AND 4315739
for range-covered
table 1 : explain SELECT id FROM sbtest1 WHERE id BETWEEN 3786152 AND 3786252
	Index Only Scan using sbtest1_pkey on sbtest1  (cost=0.43..6.47 rows=102 width=4)
	  Index Cond: ((id >= 3786152) AND (id <= 3786252))

table 2 : explain SELECT id FROM sbtest2 WHERE id BETWEEN 3786152 AND 3786252
	Index Only Scan using sbtest2_pkey on sbtest2  (cost=0.43..6.61 rows=109 width=4)
	  Index Cond: ((id >= 3786152) AND (id <= 3786252))

table 3 : explain SELECT id FROM sbtest3 WHERE id BETWEEN 3786152 AND 3786252
	Index Only Scan using sbtest3_pkey on sbtest3  (cost=0.43..10.46 rows=101 width=4)
	  Index Cond: ((id >= 3786152) AND (id <= 3786252))

table 4 : explain SELECT id FROM sbtest4 WHERE id BETWEEN 3786152 AND 3786252
	Index Only Scan using sbtest4_pkey on sbtest4  (cost=0.43..6.67 rows=112 width=4)
	  Index Cond: ((id >= 3786152) AND (id <= 3786252))

table 5 : explain SELECT id FROM sbtest5 WHERE id BETWEEN 3786152 AND 3786252
	Index Only Scan using sbtest5_pkey on sbtest5  (cost=0.43..6.21 rows=89 width=4)
	  Index Cond: ((id >= 3786152) AND (id <= 3786252))

table 6 : explain SELECT id FROM sbtest6 WHERE id BETWEEN 3786152 AND 3786252
	Index Only Scan using sbtest6_pkey on sbtest6  (cost=0.43..10.50 rows=103 width=4)
	  Index Cond: ((id >= 3786152) AND (id <= 3786252))

table 7 : explain SELECT id FROM sbtest7 WHERE id BETWEEN 3786152 AND 3786252
	Index Only Scan using sbtest7_pkey on sbtest7  (cost=0.43..10.58 rows=107 width=4)
	  Index Cond: ((id >= 3786152) AND (id <= 3786252))

table 8 : explain SELECT id FROM sbtest8 WHERE id BETWEEN 3786152 AND 3786252
	Index Only Scan using sbtest8_pkey on sbtest8  (cost=0.43..6.35 rows=96 width=4)
	  Index Cond: ((id >= 3786152) AND (id <= 3786252))

for range-covered
table 1 : explain SELECT id FROM sbtest1 WHERE id BETWEEN 5270426 AND 5270526
	Index Only Scan using sbtest1_pkey on sbtest1  (cost=0.43..6.40 rows=98 width=4)
	  Index Cond: ((id >= 5270426) AND (id <= 5270526))

table 2 : explain SELECT id FROM sbtest2 WHERE id BETWEEN 5270426 AND 5270526
	Index Only Scan using sbtest2_pkey on sbtest2  (cost=0.43..6.40 rows=98 width=4)
	  Index Cond: ((id >= 5270426) AND (id <= 5270526))

table 3 : explain SELECT id FROM sbtest3 WHERE id BETWEEN 5270426 AND 5270526
	Index Only Scan using sbtest3_pkey on sbtest3  (cost=0.43..10.18 rows=87 width=4)
	  Index Cond: ((id >= 5270426) AND (id <= 5270526))

table 4 : explain SELECT id FROM sbtest4 WHERE id BETWEEN 5270426 AND 5270526
	Index Only Scan using sbtest4_pkey on sbtest4  (cost=0.43..6.37 rows=97 width=4)
	  Index Cond: ((id >= 5270426) AND (id <= 5270526))

table 5 : explain SELECT id FROM sbtest5 WHERE id BETWEEN 5270426 AND 5270526
	Index Only Scan using sbtest5_pkey on sbtest5  (cost=0.43..6.63 rows=110 width=4)
	  Index Cond: ((id >= 5270426) AND (id <= 5270526))

table 6 : explain SELECT id FROM sbtest6 WHERE id BETWEEN 5270426 AND 5270526
	Index Only Scan using sbtest6_pkey on sbtest6  (cost=0.43..10.54 rows=105 width=4)
	  Index Cond: ((id >= 5270426) AND (id <= 5270526))

table 7 : explain SELECT id FROM sbtest7 WHERE id BETWEEN 5270426 AND 5270526
	Index Only Scan using sbtest7_pkey on sbtest7  (cost=0.43..10.29 rows=93 width=4)
	  Index Cond: ((id >= 5270426) AND (id <= 5270526))

table 8 : explain SELECT id FROM sbtest8 WHERE id BETWEEN 5270426 AND 5270526
	Index Only Scan using sbtest8_pkey on sbtest8  (cost=0.43..6.50 rows=103 width=4)
	  Index Cond: ((id >= 5270426) AND (id <= 5270526))

explain: for range-covered :: explain SELECT id FROM sbtest%d WHERE id BETWEEN 3786152 AND 3786252
explain: for range-covered :: explain SELECT id FROM sbtest%d WHERE id BETWEEN 5270426 AND 5270526
for range-covered
table 1 : explain SELECT id FROM sbtest1 WHERE id BETWEEN 5001398 AND 5001498
	Index Only Scan using sbtest1_pkey on sbtest1  (cost=0.43..6.63 rows=110 width=4)
	  Index Cond: ((id >= 5001398) AND (id <= 5001498))

table 2 : explain SELECT id FROM sbtest2 WHERE id BETWEEN 5001398 AND 5001498
	Index Only Scan using sbtest2_pkey on sbtest2  (cost=0.43..6.61 rows=109 width=4)
	  Index Cond: ((id >= 5001398) AND (id <= 5001498))

table 3 : explain SELECT id FROM sbtest3 WHERE id BETWEEN 5001398 AND 5001498
	Index Only Scan using sbtest3_pkey on sbtest3  (cost=0.43..10.58 rows=107 width=4)
	  Index Cond: ((id >= 5001398) AND (id <= 5001498))

table 4 : explain SELECT id FROM sbtest4 WHERE id BETWEEN 5001398 AND 5001498
	Index Only Scan using sbtest4_pkey on sbtest4  (cost=0.43..6.40 rows=98 width=4)
	  Index Cond: ((id >= 5001398) AND (id <= 5001498))

table 5 : explain SELECT id FROM sbtest5 WHERE id BETWEEN 5001398 AND 5001498
	Index Only Scan using sbtest5_pkey on sbtest5  (cost=0.43..6.74 rows=115 width=4)
	  Index Cond: ((id >= 5001398) AND (id <= 5001498))

table 6 : explain SELECT id FROM sbtest6 WHERE id BETWEEN 5001398 AND 5001498
	Index Only Scan using sbtest6_pkey on sbtest6  (cost=0.43..10.36 rows=96 width=4)
	  Index Cond: ((id >= 5001398) AND (id <= 5001498))

table 7 : explain SELECT id FROM sbtest7 WHERE id BETWEEN 5001398 AND 5001498
	Index Only Scan using sbtest7_pkey on sbtest7  (cost=0.43..10.63 rows=110 width=4)
	  Index Cond: ((id >= 5001398) AND (id <= 5001498))

table 8 : explain SELECT id FROM sbtest8 WHERE id BETWEEN 5001398 AND 5001498
	Index Only Scan using sbtest8_pkey on sbtest8  (cost=0.43..6.53 rows=105 width=4)
	  Index Cond: ((id >= 5001398) AND (id <= 5001498))

explain: for range-covered :: explain SELECT id FROM sbtest%d WHERE id BETWEEN 5001398 AND 5001498
for range-covered
table 1 : explain SELECT id FROM sbtest1 WHERE id BETWEEN 4315639 AND 4315739
	Index Only Scan using sbtest1_pkey on sbtest1  (cost=0.43..6.45 rows=101 width=4)
	  Index Cond: ((id >= 4315639) AND (id <= 4315739))

table 2 : explain SELECT id FROM sbtest2 WHERE id BETWEEN 4315639 AND 4315739
	Index Only Scan using sbtest2_pkey on sbtest2  (cost=0.43..6.43 rows=100 width=4)
	  Index Cond: ((id >= 4315639) AND (id <= 4315739))

table 3 : explain SELECT id FROM sbtest3 WHERE id BETWEEN 4315639 AND 4315739
	Index Only Scan using sbtest3_pkey on sbtest3  (cost=0.43..10.38 rows=97 width=4)
	  Index Cond: ((id >= 4315639) AND (id <= 4315739))

table 4 : explain SELECT id FROM sbtest4 WHERE id BETWEEN 4315639 AND 4315739
	Index Only Scan using sbtest4_pkey on sbtest4  (cost=0.43..6.56 rows=106 width=4)
	  Index Cond: ((id >= 4315639) AND (id <= 4315739))

table 5 : explain SELECT id FROM sbtest5 WHERE id BETWEEN 4315639 AND 4315739
	Index Only Scan using sbtest5_pkey on sbtest5  (cost=0.43..6.43 rows=100 width=4)
	  Index Cond: ((id >= 4315639) AND (id <= 4315739))

table 6 : explain SELECT id FROM sbtest6 WHERE id BETWEEN 4315639 AND 4315739
	Index Only Scan using sbtest6_pkey on sbtest6  (cost=0.43..10.47 rows=102 width=4)
	  Index Cond: ((id >= 4315639) AND (id <= 4315739))

table 7 : explain SELECT id FROM sbtest7 WHERE id BETWEEN 4315639 AND 4315739
	Index Only Scan using sbtest7_pkey on sbtest7  (cost=0.43..10.40 rows=98 width=4)
	  Index Cond: ((id >= 4315639) AND (id <= 4315739))

table 8 : explain SELECT id FROM sbtest8 WHERE id BETWEEN 4315639 AND 4315739
	Index Only Scan using sbtest8_pkey on sbtest8  (cost=0.43..6.53 rows=105 width=4)
	  Index Cond: ((id >= 4315639) AND (id <= 4315739))

explain: for range-covered :: explain SELECT id FROM sbtest%d WHERE id BETWEEN 4315639 AND 4315739
for range-covered
table 1 : explain SELECT id FROM sbtest1 WHERE id BETWEEN 5270426 AND 5270526
	Index Only Scan using sbtest1_pkey on sbtest1  (cost=0.43..6.40 rows=98 width=4)
	  Index Cond: ((id >= 5270426) AND (id <= 5270526))

table 2 : explain SELECT id FROM sbtest2 WHERE id BETWEEN 5270426 AND 5270526
	Index Only Scan using sbtest2_pkey on sbtest2  (cost=0.43..6.40 rows=98 width=4)
	  Index Cond: ((id >= 5270426) AND (id <= 5270526))

table 3 : explain SELECT id FROM sbtest3 WHERE id BETWEEN 5270426 AND 5270526
	Index Only Scan using sbtest3_pkey on sbtest3  (cost=0.43..10.18 rows=87 width=4)
	  Index Cond: ((id >= 5270426) AND (id <= 5270526))

table 4 : explain SELECT id FROM sbtest4 WHERE id BETWEEN 5270426 AND 5270526
	Index Only Scan using sbtest4_pkey on sbtest4  (cost=0.43..6.37 rows=97 width=4)
	  Index Cond: ((id >= 5270426) AND (id <= 5270526))

table 5 : explain SELECT id FROM sbtest5 WHERE id BETWEEN 5270426 AND 5270526
	Index Only Scan using sbtest5_pkey on sbtest5  (cost=0.43..6.63 rows=110 width=4)
	  Index Cond: ((id >= 5270426) AND (id <= 5270526))

table 6 : explain SELECT id FROM sbtest6 WHERE id BETWEEN 5270426 AND 5270526
	Index Only Scan using sbtest6_pkey on sbtest6  (cost=0.43..10.54 rows=105 width=4)
	  Index Cond: ((id >= 5270426) AND (id <= 5270526))

table 7 : explain SELECT id FROM sbtest7 WHERE id BETWEEN 5270426 AND 5270526
	Index Only Scan using sbtest7_pkey on sbtest7  (cost=0.43..10.29 rows=93 width=4)
	  Index Cond: ((id >= 5270426) AND (id <= 5270526))

table 8 : explain SELECT id FROM sbtest8 WHERE id BETWEEN 5270426 AND 5270526
	Index Only Scan using sbtest8_pkey on sbtest8  (cost=0.43..6.50 rows=103 width=4)
	  Index Cond: ((id >= 5270426) AND (id <= 5270526))

for range-covered
table 1 : explain SELECT id FROM sbtest1 WHERE id BETWEEN 3786152 AND 3786252
	Index Only Scan using sbtest1_pkey on sbtest1  (cost=0.43..6.47 rows=102 width=4)
	  Index Cond: ((id >= 3786152) AND (id <= 3786252))

table 2 : explain SELECT id FROM sbtest2 WHERE id BETWEEN 3786152 AND 3786252
	Index Only Scan using sbtest2_pkey on sbtest2  (cost=0.43..6.61 rows=109 width=4)
	  Index Cond: ((id >= 3786152) AND (id <= 3786252))

table 3 : explain SELECT id FROM sbtest3 WHERE id BETWEEN 3786152 AND 3786252
	Index Only Scan using sbtest3_pkey on sbtest3  (cost=0.43..10.46 rows=101 width=4)
	  Index Cond: ((id >= 3786152) AND (id <= 3786252))

table 4 : explain SELECT id FROM sbtest4 WHERE id BETWEEN 3786152 AND 3786252
	Index Only Scan using sbtest4_pkey on sbtest4  (cost=0.43..6.67 rows=112 width=4)
	  Index Cond: ((id >= 3786152) AND (id <= 3786252))

table 5 : explain SELECT id FROM sbtest5 WHERE id BETWEEN 3786152 AND 3786252
	Index Only Scan using sbtest5_pkey on sbtest5  (cost=0.43..6.21 rows=89 width=4)
	  Index Cond: ((id >= 3786152) AND (id <= 3786252))

table 6 : explain SELECT id FROM sbtest6 WHERE id BETWEEN 3786152 AND 3786252
	Index Only Scan using sbtest6_pkey on sbtest6  (cost=0.43..10.50 rows=103 width=4)
	  Index Cond: ((id >= 3786152) AND (id <= 3786252))

table 7 : explain SELECT id FROM sbtest7 WHERE id BETWEEN 3786152 AND 3786252
	Index Only Scan using sbtest7_pkey on sbtest7  (cost=0.43..10.58 rows=107 width=4)
	  Index Cond: ((id >= 3786152) AND (id <= 3786252))

table 8 : explain SELECT id FROM sbtest8 WHERE id BETWEEN 3786152 AND 3786252
	Index Only Scan using sbtest8_pkey on sbtest8  (cost=0.43..6.35 rows=96 width=4)
	  Index Cond: ((id >= 3786152) AND (id <= 3786252))

explain: for range-covered :: explain SELECT id FROM sbtest%d WHERE id BETWEEN 5270426 AND 5270526
explain: for range-covered :: explain SELECT id FROM sbtest%d WHERE id BETWEEN 2654836 AND 2654936
explain: for range-covered :: explain SELECT id FROM sbtest%d WHERE id BETWEEN 3786152 AND 3786252
for range-covered
table 1 : explain SELECT id FROM sbtest1 WHERE id BETWEEN 4315639 AND 4315739
	Index Only Scan using sbtest1_pkey on sbtest1  (cost=0.43..6.45 rows=101 width=4)
	  Index Cond: ((id >= 4315639) AND (id <= 4315739))

table 2 : explain SELECT id FROM sbtest2 WHERE id BETWEEN 4315639 AND 4315739
	Index Only Scan using sbtest2_pkey on sbtest2  (cost=0.43..6.43 rows=100 width=4)
	  Index Cond: ((id >= 4315639) AND (id <= 4315739))

table 3 : explain SELECT id FROM sbtest3 WHERE id BETWEEN 4315639 AND 4315739
	Index Only Scan using sbtest3_pkey on sbtest3  (cost=0.43..10.38 rows=97 width=4)
	  Index Cond: ((id >= 4315639) AND (id <= 4315739))

table 4 : explain SELECT id FROM sbtest4 WHERE id BETWEEN 4315639 AND 4315739
	Index Only Scan using sbtest4_pkey on sbtest4  (cost=0.43..6.56 rows=106 width=4)
	  Index Cond: ((id >= 4315639) AND (id <= 4315739))

table 5 : explain SELECT id FROM sbtest5 WHERE id BETWEEN 4315639 AND 4315739
	Index Only Scan using sbtest5_pkey on sbtest5  (cost=0.43..6.43 rows=100 width=4)
	  Index Cond: ((id >= 4315639) AND (id <= 4315739))

table 6 : explain SELECT id FROM sbtest6 WHERE id BETWEEN 4315639 AND 4315739
	Index Only Scan using sbtest6_pkey on sbtest6  (cost=0.43..10.47 rows=102 width=4)
	  Index Cond: ((id >= 4315639) AND (id <= 4315739))

table 7 : explain SELECT id FROM sbtest7 WHERE id BETWEEN 4315639 AND 4315739
	Index Only Scan using sbtest7_pkey on sbtest7  (cost=0.43..10.40 rows=98 width=4)
	  Index Cond: ((id >= 4315639) AND (id <= 4315739))

table 8 : explain SELECT id FROM sbtest8 WHERE id BETWEEN 4315639 AND 4315739
	Index Only Scan using sbtest8_pkey on sbtest8  (cost=0.43..6.53 rows=105 width=4)
	  Index Cond: ((id >= 4315639) AND (id <= 4315739))

explain: for range-covered :: explain SELECT id FROM sbtest%d WHERE id BETWEEN 4315639 AND 4315739
for range-covered
table 1 : explain SELECT id FROM sbtest1 WHERE id BETWEEN 5270426 AND 5270526
	Index Only Scan using sbtest1_pkey on sbtest1  (cost=0.43..6.40 rows=98 width=4)
	  Index Cond: ((id >= 5270426) AND (id <= 5270526))

table 2 : explain SELECT id FROM sbtest2 WHERE id BETWEEN 5270426 AND 5270526
	Index Only Scan using sbtest2_pkey on sbtest2  (cost=0.43..6.40 rows=98 width=4)
	  Index Cond: ((id >= 5270426) AND (id <= 5270526))

table 3 : explain SELECT id FROM sbtest3 WHERE id BETWEEN 5270426 AND 5270526
	Index Only Scan using sbtest3_pkey on sbtest3  (cost=0.43..10.18 rows=87 width=4)
	  Index Cond: ((id >= 5270426) AND (id <= 5270526))

table 4 : explain SELECT id FROM sbtest4 WHERE id BETWEEN 5270426 AND 5270526
	Index Only Scan using sbtest4_pkey on sbtest4  (cost=0.43..6.37 rows=97 width=4)
	  Index Cond: ((id >= 5270426) AND (id <= 5270526))

table 5 : explain SELECT id FROM sbtest5 WHERE id BETWEEN 5270426 AND 5270526
	Index Only Scan using sbtest5_pkey on sbtest5  (cost=0.43..6.63 rows=110 width=4)
	  Index Cond: ((id >= 5270426) AND (id <= 5270526))

table 6 : explain SELECT id FROM sbtest6 WHERE id BETWEEN 5270426 AND 5270526
	Index Only Scan using sbtest6_pkey on sbtest6  (cost=0.43..10.54 rows=105 width=4)
	  Index Cond: ((id >= 5270426) AND (id <= 5270526))

table 7 : explain SELECT id FROM sbtest7 WHERE id BETWEEN 5270426 AND 5270526
	Index Only Scan using sbtest7_pkey on sbtest7  (cost=0.43..10.29 rows=93 width=4)
	  Index Cond: ((id >= 5270426) AND (id <= 5270526))

table 8 : explain SELECT id FROM sbtest8 WHERE id BETWEEN 5270426 AND 5270526
	Index Only Scan using sbtest8_pkey on sbtest8  (cost=0.43..6.50 rows=103 width=4)
	  Index Cond: ((id >= 5270426) AND (id <= 5270526))

explain: for range-covered :: explain SELECT id FROM sbtest%d WHERE id BETWEEN 5270426 AND 5270526
for range-covered
table 1 : explain SELECT id FROM sbtest1 WHERE id BETWEEN 3786152 AND 3786252
	Index Only Scan using sbtest1_pkey on sbtest1  (cost=0.43..6.47 rows=102 width=4)
	  Index Cond: ((id >= 3786152) AND (id <= 3786252))

table 2 : explain SELECT id FROM sbtest2 WHERE id BETWEEN 3786152 AND 3786252
	Index Only Scan using sbtest2_pkey on sbtest2  (cost=0.43..6.61 rows=109 width=4)
	  Index Cond: ((id >= 3786152) AND (id <= 3786252))

table 3 : explain SELECT id FROM sbtest3 WHERE id BETWEEN 3786152 AND 3786252
	Index Only Scan using sbtest3_pkey on sbtest3  (cost=0.43..10.46 rows=101 width=4)
	  Index Cond: ((id >= 3786152) AND (id <= 3786252))

table 4 : explain SELECT id FROM sbtest4 WHERE id BETWEEN 3786152 AND 3786252
	Index Only Scan using sbtest4_pkey on sbtest4  (cost=0.43..6.67 rows=112 width=4)
	  Index Cond: ((id >= 3786152) AND (id <= 3786252))

table 5 : explain SELECT id FROM sbtest5 WHERE id BETWEEN 3786152 AND 3786252
	Index Only Scan using sbtest5_pkey on sbtest5  (cost=0.43..6.21 rows=89 width=4)
	  Index Cond: ((id >= 3786152) AND (id <= 3786252))

table 6 : explain SELECT id FROM sbtest6 WHERE id BETWEEN 3786152 AND 3786252
	Index Only Scan using sbtest6_pkey on sbtest6  (cost=0.43..10.50 rows=103 width=4)
	  Index Cond: ((id >= 3786152) AND (id <= 3786252))

table 7 : explain SELECT id FROM sbtest7 WHERE id BETWEEN 3786152 AND 3786252
	Index Only Scan using sbtest7_pkey on sbtest7  (cost=0.43..10.58 rows=107 width=4)
	  Index Cond: ((id >= 3786152) AND (id <= 3786252))

table 8 : explain SELECT id FROM sbtest8 WHERE id BETWEEN 3786152 AND 3786252
	Index Only Scan using sbtest8_pkey on sbtest8  (cost=0.43..6.35 rows=96 width=4)
	  Index Cond: ((id >= 3786152) AND (id <= 3786252))

explain: for range-covered :: explain SELECT id FROM sbtest%d WHERE id BETWEEN 3786152 AND 3786252
for range-covered
table 1 : explain SELECT id FROM sbtest1 WHERE id BETWEEN 4315639 AND 4315739
	Index Only Scan using sbtest1_pkey on sbtest1  (cost=0.43..6.45 rows=101 width=4)
	  Index Cond: ((id >= 4315639) AND (id <= 4315739))

table 2 : explain SELECT id FROM sbtest2 WHERE id BETWEEN 4315639 AND 4315739
	Index Only Scan using sbtest2_pkey on sbtest2  (cost=0.43..6.43 rows=100 width=4)
	  Index Cond: ((id >= 4315639) AND (id <= 4315739))

table 3 : explain SELECT id FROM sbtest3 WHERE id BETWEEN 4315639 AND 4315739
	Index Only Scan using sbtest3_pkey on sbtest3  (cost=0.43..10.38 rows=97 width=4)
	  Index Cond: ((id >= 4315639) AND (id <= 4315739))

table 4 : explain SELECT id FROM sbtest4 WHERE id BETWEEN 4315639 AND 4315739
	Index Only Scan using sbtest4_pkey on sbtest4  (cost=0.43..6.56 rows=106 width=4)
	  Index Cond: ((id >= 4315639) AND (id <= 4315739))

table 5 : explain SELECT id FROM sbtest5 WHERE id BETWEEN 4315639 AND 4315739
	Index Only Scan using sbtest5_pkey on sbtest5  (cost=0.43..6.43 rows=100 width=4)
	  Index Cond: ((id >= 4315639) AND (id <= 4315739))

table 6 : explain SELECT id FROM sbtest6 WHERE id BETWEEN 4315639 AND 4315739
	Index Only Scan using sbtest6_pkey on sbtest6  (cost=0.43..10.47 rows=102 width=4)
	  Index Cond: ((id >= 4315639) AND (id <= 4315739))

table 7 : explain SELECT id FROM sbtest7 WHERE id BETWEEN 4315639 AND 4315739
	Index Only Scan using sbtest7_pkey on sbtest7  (cost=0.43..10.40 rows=98 width=4)
	  Index Cond: ((id >= 4315639) AND (id <= 4315739))

table 8 : explain SELECT id FROM sbtest8 WHERE id BETWEEN 4315639 AND 4315739
	Index Only Scan using sbtest8_pkey on sbtest8  (cost=0.43..6.53 rows=105 width=4)
	  Index Cond: ((id >= 4315639) AND (id <= 4315739))

for range-covered
table 1 : explain SELECT id FROM sbtest1 WHERE id BETWEEN 5370448 AND 5370548
	Index Only Scan using sbtest1_pkey on sbtest1  (cost=0.43..6.45 rows=101 width=4)
	  Index Cond: ((id >= 5370448) AND (id <= 5370548))

table 2 : explain SELECT id FROM sbtest2 WHERE id BETWEEN 5370448 AND 5370548
	Index Only Scan using sbtest2_pkey on sbtest2  (cost=0.43..6.45 rows=101 width=4)
	  Index Cond: ((id >= 5370448) AND (id <= 5370548))

table 3 : explain SELECT id FROM sbtest3 WHERE id BETWEEN 5370448 AND 5370548
	Index Only Scan using sbtest3_pkey on sbtest3  (cost=0.43..10.42 rows=99 width=4)
	  Index Cond: ((id >= 5370448) AND (id <= 5370548))

table 4 : explain SELECT id FROM sbtest4 WHERE id BETWEEN 5370448 AND 5370548
	Index Only Scan using sbtest4_pkey on sbtest4  (cost=0.43..6.72 rows=114 width=4)
	  Index Cond: ((id >= 5370448) AND (id <= 5370548))

table 5 : explain SELECT id FROM sbtest5 WHERE id BETWEEN 5370448 AND 5370548
	Index Only Scan using sbtest5_pkey on sbtest5  (cost=0.43..6.53 rows=105 width=4)
	  Index Cond: ((id >= 5370448) AND (id <= 5370548))

table 6 : explain SELECT id FROM sbtest6 WHERE id BETWEEN 5370448 AND 5370548
	Index Only Scan using sbtest6_pkey on sbtest6  (cost=0.43..10.32 rows=94 width=4)
	  Index Cond: ((id >= 5370448) AND (id <= 5370548))

table 7 : explain SELECT id FROM sbtest7 WHERE id BETWEEN 5370448 AND 5370548
	Index Only Scan using sbtest7_pkey on sbtest7  (cost=0.43..10.40 rows=98 width=4)
	  Index Cond: ((id >= 5370448) AND (id <= 5370548))

table 8 : explain SELECT id FROM sbtest8 WHERE id BETWEEN 5370448 AND 5370548
	Index Only Scan using sbtest8_pkey on sbtest8  (cost=0.43..6.27 rows=92 width=4)
	  Index Cond: ((id >= 5370448) AND (id <= 5370548))

for range-covered
table 1 : explain SELECT id FROM sbtest1 WHERE id BETWEEN 5270426 AND 5270526
	Index Only Scan using sbtest1_pkey on sbtest1  (cost=0.43..6.40 rows=98 width=4)
	  Index Cond: ((id >= 5270426) AND (id <= 5270526))

table 2 : explain SELECT id FROM sbtest2 WHERE id BETWEEN 5270426 AND 5270526
	Index Only Scan using sbtest2_pkey on sbtest2  (cost=0.43..6.40 rows=98 width=4)
	  Index Cond: ((id >= 5270426) AND (id <= 5270526))

table 3 : explain SELECT id FROM sbtest3 WHERE id BETWEEN 5270426 AND 5270526
	Index Only Scan using sbtest3_pkey on sbtest3  (cost=0.43..10.18 rows=87 width=4)
	  Index Cond: ((id >= 5270426) AND (id <= 5270526))

table 4 : explain SELECT id FROM sbtest4 WHERE id BETWEEN 5270426 AND 5270526
	Index Only Scan using sbtest4_pkey on sbtest4  (cost=0.43..6.37 rows=97 width=4)
	  Index Cond: ((id >= 5270426) AND (id <= 5270526))

table 5 : explain SELECT id FROM sbtest5 WHERE id BETWEEN 5270426 AND 5270526
	Index Only Scan using sbtest5_pkey on sbtest5  (cost=0.43..6.63 rows=110 width=4)
	  Index Cond: ((id >= 5270426) AND (id <= 5270526))

table 6 : explain SELECT id FROM sbtest6 WHERE id BETWEEN 5270426 AND 5270526
	Index Only Scan using sbtest6_pkey on sbtest6  (cost=0.43..10.54 rows=105 width=4)
	  Index Cond: ((id >= 5270426) AND (id <= 5270526))

table 7 : explain SELECT id FROM sbtest7 WHERE id BETWEEN 5270426 AND 5270526
	Index Only Scan using sbtest7_pkey on sbtest7  (cost=0.43..10.29 rows=93 width=4)
	  Index Cond: ((id >= 5270426) AND (id <= 5270526))

table 8 : explain SELECT id FROM sbtest8 WHERE id BETWEEN 5270426 AND 5270526
	Index Only Scan using sbtest8_pkey on sbtest8  (cost=0.43..6.50 rows=103 width=4)
	  Index Cond: ((id >= 5270426) AND (id <= 5270526))

explain: for range-covered :: explain SELECT id FROM sbtest%d WHERE id BETWEEN 5270426 AND 5270526
explain: for range-covered :: explain SELECT id FROM sbtest%d WHERE id BETWEEN 7212908 AND 7213008
explain: for range-covered :: explain SELECT id FROM sbtest%d WHERE id BETWEEN 8272612 AND 8272712
explain: for range-covered :: explain SELECT id FROM sbtest%d WHERE id BETWEEN 3673771 AND 3673871
for range-covered
table 1 : explain SELECT id FROM sbtest1 WHERE id BETWEEN 5270426 AND 5270526
	Index Only Scan using sbtest1_pkey on sbtest1  (cost=0.43..6.40 rows=98 width=4)
	  Index Cond: ((id >= 5270426) AND (id <= 5270526))

table 2 : explain SELECT id FROM sbtest2 WHERE id BETWEEN 5270426 AND 5270526
	Index Only Scan using sbtest2_pkey on sbtest2  (cost=0.43..6.40 rows=98 width=4)
	  Index Cond: ((id >= 5270426) AND (id <= 5270526))

table 3 : explain SELECT id FROM sbtest3 WHERE id BETWEEN 5270426 AND 5270526
	Index Only Scan using sbtest3_pkey on sbtest3  (cost=0.43..10.18 rows=87 width=4)
	  Index Cond: ((id >= 5270426) AND (id <= 5270526))

table 4 : explain SELECT id FROM sbtest4 WHERE id BETWEEN 5270426 AND 5270526
	Index Only Scan using sbtest4_pkey on sbtest4  (cost=0.43..6.37 rows=97 width=4)
	  Index Cond: ((id >= 5270426) AND (id <= 5270526))

table 5 : explain SELECT id FROM sbtest5 WHERE id BETWEEN 5270426 AND 5270526
	Index Only Scan using sbtest5_pkey on sbtest5  (cost=0.43..6.63 rows=110 width=4)
	  Index Cond: ((id >= 5270426) AND (id <= 5270526))

table 6 : explain SELECT id FROM sbtest6 WHERE id BETWEEN 5270426 AND 5270526
	Index Only Scan using sbtest6_pkey on sbtest6  (cost=0.43..10.54 rows=105 width=4)
	  Index Cond: ((id >= 5270426) AND (id <= 5270526))

table 7 : explain SELECT id FROM sbtest7 WHERE id BETWEEN 5270426 AND 5270526
	Index Only Scan using sbtest7_pkey on sbtest7  (cost=0.43..10.29 rows=93 width=4)
	  Index Cond: ((id >= 5270426) AND (id <= 5270526))

table 8 : explain SELECT id FROM sbtest8 WHERE id BETWEEN 5270426 AND 5270526
	Index Only Scan using sbtest8_pkey on sbtest8  (cost=0.43..6.50 rows=103 width=4)
	  Index Cond: ((id >= 5270426) AND (id <= 5270526))

explain: for range-covered :: explain SELECT id FROM sbtest%d WHERE id BETWEEN 5270426 AND 5270526
explain: for range-covered :: explain SELECT id FROM sbtest%d WHERE id BETWEEN 4292619 AND 4292719
for range-covered
table 1 : explain SELECT id FROM sbtest1 WHERE id BETWEEN 5270426 AND 5270526
	Index Only Scan using sbtest1_pkey on sbtest1  (cost=0.43..6.40 rows=98 width=4)
	  Index Cond: ((id >= 5270426) AND (id <= 5270526))

table 2 : explain SELECT id FROM sbtest2 WHERE id BETWEEN 5270426 AND 5270526
	Index Only Scan using sbtest2_pkey on sbtest2  (cost=0.43..6.40 rows=98 width=4)
	  Index Cond: ((id >= 5270426) AND (id <= 5270526))

table 3 : explain SELECT id FROM sbtest3 WHERE id BETWEEN 5270426 AND 5270526
	Index Only Scan using sbtest3_pkey on sbtest3  (cost=0.43..10.18 rows=87 width=4)
	  Index Cond: ((id >= 5270426) AND (id <= 5270526))

table 4 : explain SELECT id FROM sbtest4 WHERE id BETWEEN 5270426 AND 5270526
	Index Only Scan using sbtest4_pkey on sbtest4  (cost=0.43..6.37 rows=97 width=4)
	  Index Cond: ((id >= 5270426) AND (id <= 5270526))

table 5 : explain SELECT id FROM sbtest5 WHERE id BETWEEN 5270426 AND 5270526
	Index Only Scan using sbtest5_pkey on sbtest5  (cost=0.43..6.63 rows=110 width=4)
	  Index Cond: ((id >= 5270426) AND (id <= 5270526))

table 6 : explain SELECT id FROM sbtest6 WHERE id BETWEEN 5270426 AND 5270526
	Index Only Scan using sbtest6_pkey on sbtest6  (cost=0.43..10.54 rows=105 width=4)
	  Index Cond: ((id >= 5270426) AND (id <= 5270526))

table 7 : explain SELECT id FROM sbtest7 WHERE id BETWEEN 5270426 AND 5270526
	Index Only Scan using sbtest7_pkey on sbtest7  (cost=0.43..10.29 rows=93 width=4)
	  Index Cond: ((id >= 5270426) AND (id <= 5270526))

table 8 : explain SELECT id FROM sbtest8 WHERE id BETWEEN 5270426 AND 5270526
	Index Only Scan using sbtest8_pkey on sbtest8  (cost=0.43..6.50 rows=103 width=4)
	  Index Cond: ((id >= 5270426) AND (id <= 5270526))

for range-covered
table 1 : explain SELECT id FROM sbtest1 WHERE id BETWEEN 5029894 AND 5029994
	Index Only Scan using sbtest1_pkey on sbtest1  (cost=0.43..6.63 rows=110 width=4)
	  Index Cond: ((id >= 5029894) AND (id <= 5029994))

table 2 : explain SELECT id FROM sbtest2 WHERE id BETWEEN 5029894 AND 5029994
	Index Only Scan using sbtest2_pkey on sbtest2  (cost=0.43..6.61 rows=109 width=4)
	  Index Cond: ((id >= 5029894) AND (id <= 5029994))

table 3 : explain SELECT id FROM sbtest3 WHERE id BETWEEN 5029894 AND 5029994
	Index Only Scan using sbtest3_pkey on sbtest3  (cost=0.43..10.65 rows=111 width=4)
	  Index Cond: ((id >= 5029894) AND (id <= 5029994))

table 4 : explain SELECT id FROM sbtest4 WHERE id BETWEEN 5029894 AND 5029994
	Index Only Scan using sbtest4_pkey on sbtest4  (cost=0.43..6.40 rows=98 width=4)
	  Index Cond: ((id >= 5029894) AND (id <= 5029994))

table 5 : explain SELECT id FROM sbtest5 WHERE id BETWEEN 5029894 AND 5029994
	Index Only Scan using sbtest5_pkey on sbtest5  (cost=0.43..6.43 rows=100 width=4)
	  Index Cond: ((id >= 5029894) AND (id <= 5029994))

table 6 : explain SELECT id FROM sbtest6 WHERE id BETWEEN 5029894 AND 5029994
	Index Only Scan using sbtest6_pkey on sbtest6  (cost=0.43..10.36 rows=96 width=4)
	  Index Cond: ((id >= 5029894) AND (id <= 5029994))

table 7 : explain SELECT id FROM sbtest7 WHERE id BETWEEN 5029894 AND 5029994
	Index Only Scan using sbtest7_pkey on sbtest7  (cost=0.43..10.47 rows=102 width=4)
	  Index Cond: ((id >= 5029894) AND (id <= 5029994))

table 8 : explain SELECT id FROM sbtest8 WHERE id BETWEEN 5029894 AND 5029994
	Index Only Scan using sbtest8_pkey on sbtest8  (cost=0.43..6.53 rows=105 width=4)
	  Index Cond: ((id >= 5029894) AND (id <= 5029994))

explain: for range-covered :: explain SELECT id FROM sbtest%d WHERE id BETWEEN 3255571 AND 3255671
for range-covered
table 1 : explain SELECT id FROM sbtest1 WHERE id BETWEEN 5001398 AND 5001498
	Index Only Scan using sbtest1_pkey on sbtest1  (cost=0.43..6.63 rows=110 width=4)
	  Index Cond: ((id >= 5001398) AND (id <= 5001498))

table 2 : explain SELECT id FROM sbtest2 WHERE id BETWEEN 5001398 AND 5001498
	Index Only Scan using sbtest2_pkey on sbtest2  (cost=0.43..6.61 rows=109 width=4)
	  Index Cond: ((id >= 5001398) AND (id <= 5001498))

table 3 : explain SELECT id FROM sbtest3 WHERE id BETWEEN 5001398 AND 5001498
	Index Only Scan using sbtest3_pkey on sbtest3  (cost=0.43..10.58 rows=107 width=4)
	  Index Cond: ((id >= 5001398) AND (id <= 5001498))

table 4 : explain SELECT id FROM sbtest4 WHERE id BETWEEN 5001398 AND 5001498
	Index Only Scan using sbtest4_pkey on sbtest4  (cost=0.43..6.40 rows=98 width=4)
	  Index Cond: ((id >= 5001398) AND (id <= 5001498))

table 5 : explain SELECT id FROM sbtest5 WHERE id BETWEEN 5001398 AND 5001498
	Index Only Scan using sbtest5_pkey on sbtest5  (cost=0.43..6.74 rows=115 width=4)
	  Index Cond: ((id >= 5001398) AND (id <= 5001498))

table 6 : explain SELECT id FROM sbtest6 WHERE id BETWEEN 5001398 AND 5001498
	Index Only Scan using sbtest6_pkey on sbtest6  (cost=0.43..10.36 rows=96 width=4)
	  Index Cond: ((id >= 5001398) AND (id <= 5001498))

table 7 : explain SELECT id FROM sbtest7 WHERE id BETWEEN 5001398 AND 5001498
	Index Only Scan using sbtest7_pkey on sbtest7  (cost=0.43..10.63 rows=110 width=4)
	  Index Cond: ((id >= 5001398) AND (id <= 5001498))

table 8 : explain SELECT id FROM sbtest8 WHERE id BETWEEN 5001398 AND 5001498
	Index Only Scan using sbtest8_pkey on sbtest8  (cost=0.43..6.53 rows=105 width=4)
	  Index Cond: ((id >= 5001398) AND (id <= 5001498))

explain: for range-covered :: explain SELECT id FROM sbtest%d WHERE id BETWEEN 3001802 AND 3001902
explain: for range-covered :: explain SELECT id FROM sbtest%d WHERE id BETWEEN 6189897 AND 6189997
explain: for range-covered :: explain SELECT id FROM sbtest%d WHERE id BETWEEN 2802250 AND 2802350
for range-covered
table 1 : explain SELECT id FROM sbtest1 WHERE id BETWEEN 3786152 AND 3786252
	Index Only Scan using sbtest1_pkey on sbtest1  (cost=0.43..6.47 rows=102 width=4)
	  Index Cond: ((id >= 3786152) AND (id <= 3786252))

table 2 : explain SELECT id FROM sbtest2 WHERE id BETWEEN 3786152 AND 3786252
	Index Only Scan using sbtest2_pkey on sbtest2  (cost=0.43..6.61 rows=109 width=4)
	  Index Cond: ((id >= 3786152) AND (id <= 3786252))

table 3 : explain SELECT id FROM sbtest3 WHERE id BETWEEN 3786152 AND 3786252
	Index Only Scan using sbtest3_pkey on sbtest3  (cost=0.43..10.46 rows=101 width=4)
	  Index Cond: ((id >= 3786152) AND (id <= 3786252))

table 4 : explain SELECT id FROM sbtest4 WHERE id BETWEEN 3786152 AND 3786252
	Index Only Scan using sbtest4_pkey on sbtest4  (cost=0.43..6.67 rows=112 width=4)
	  Index Cond: ((id >= 3786152) AND (id <= 3786252))

table 5 : explain SELECT id FROM sbtest5 WHERE id BETWEEN 3786152 AND 3786252
	Index Only Scan using sbtest5_pkey on sbtest5  (cost=0.43..6.21 rows=89 width=4)
	  Index Cond: ((id >= 3786152) AND (id <= 3786252))

table 6 : explain SELECT id FROM sbtest6 WHERE id BETWEEN 3786152 AND 3786252
	Index Only Scan using sbtest6_pkey on sbtest6  (cost=0.43..10.50 rows=103 width=4)
	  Index Cond: ((id >= 3786152) AND (id <= 3786252))

table 7 : explain SELECT id FROM sbtest7 WHERE id BETWEEN 3786152 AND 3786252
	Index Only Scan using sbtest7_pkey on sbtest7  (cost=0.43..10.58 rows=107 width=4)
	  Index Cond: ((id >= 3786152) AND (id <= 3786252))

table 8 : explain SELECT id FROM sbtest8 WHERE id BETWEEN 3786152 AND 3786252
	Index Only Scan using sbtest8_pkey on sbtest8  (cost=0.43..6.35 rows=96 width=4)
	  Index Cond: ((id >= 3786152) AND (id <= 3786252))

for range-covered
table 1 : explain SELECT id FROM sbtest1 WHERE id BETWEEN 2654836 AND 2654936
	Index Only Scan using sbtest1_pkey on sbtest1  (cost=0.43..6.43 rows=100 width=4)
	  Index Cond: ((id >= 2654836) AND (id <= 2654936))

table 2 : explain SELECT id FROM sbtest2 WHERE id BETWEEN 2654836 AND 2654936
	Index Only Scan using sbtest2_pkey on sbtest2  (cost=0.43..6.50 rows=103 width=4)
	  Index Cond: ((id >= 2654836) AND (id <= 2654936))

table 3 : explain SELECT id FROM sbtest3 WHERE id BETWEEN 2654836 AND 2654936
	Index Only Scan using sbtest3_pkey on sbtest3  (cost=0.43..10.56 rows=106 width=4)
	  Index Cond: ((id >= 2654836) AND (id <= 2654936))

table 4 : explain SELECT id FROM sbtest4 WHERE id BETWEEN 2654836 AND 2654936
	Index Only Scan using sbtest4_pkey on sbtest4  (cost=0.43..6.37 rows=97 width=4)
	  Index Cond: ((id >= 2654836) AND (id <= 2654936))

table 5 : explain SELECT id FROM sbtest5 WHERE id BETWEEN 2654836 AND 2654936
	Index Only Scan using sbtest5_pkey on sbtest5  (cost=0.43..6.47 rows=102 width=4)
	  Index Cond: ((id >= 2654836) AND (id <= 2654936))

table 6 : explain SELECT id FROM sbtest6 WHERE id BETWEEN 2654836 AND 2654936
	Index Only Scan using sbtest6_pkey on sbtest6  (cost=0.43..10.32 rows=94 width=4)
	  Index Cond: ((id >= 2654836) AND (id <= 2654936))

table 7 : explain SELECT id FROM sbtest7 WHERE id BETWEEN 2654836 AND 2654936
	Index Only Scan using sbtest7_pkey on sbtest7  (cost=0.43..10.54 rows=105 width=4)
	  Index Cond: ((id >= 2654836) AND (id <= 2654936))

table 8 : explain SELECT id FROM sbtest8 WHERE id BETWEEN 2654836 AND 2654936
	Index Only Scan using sbtest8_pkey on sbtest8  (cost=0.43..6.45 rows=101 width=4)
	  Index Cond: ((id >= 2654836) AND (id <= 2654936))

explain: for range-covered :: explain SELECT id FROM sbtest%d WHERE id BETWEEN 2654836 AND 2654936
for range-covered
table 1 : explain SELECT id FROM sbtest1 WHERE id BETWEEN 7212908 AND 7213008
	Index Only Scan using sbtest1_pkey on sbtest1  (cost=0.43..6.51 rows=104 width=4)
	  Index Cond: ((id >= 7212908) AND (id <= 7213008))

table 2 : explain SELECT id FROM sbtest2 WHERE id BETWEEN 7212908 AND 7213008
	Index Only Scan using sbtest2_pkey on sbtest2  (cost=0.43..6.35 rows=96 width=4)
	  Index Cond: ((id >= 7212908) AND (id <= 7213008))

table 3 : explain SELECT id FROM sbtest3 WHERE id BETWEEN 7212908 AND 7213008
	Index Only Scan using sbtest3_pkey on sbtest3  (cost=0.43..10.36 rows=96 width=4)
	  Index Cond: ((id >= 7212908) AND (id <= 7213008))

table 4 : explain SELECT id FROM sbtest4 WHERE id BETWEEN 7212908 AND 7213008
	Index Only Scan using sbtest4_pkey on sbtest4  (cost=0.43..6.33 rows=95 width=4)
	  Index Cond: ((id >= 7212908) AND (id <= 7213008))

table 5 : explain SELECT id FROM sbtest5 WHERE id BETWEEN 7212908 AND 7213008
	Index Only Scan using sbtest5_pkey on sbtest5  (cost=0.43..6.42 rows=99 width=4)
	  Index Cond: ((id >= 7212908) AND (id <= 7213008))

table 6 : explain SELECT id FROM sbtest6 WHERE id BETWEEN 7212908 AND 7213008
	Index Only Scan using sbtest6_pkey on sbtest6  (cost=0.43..10.44 rows=100 width=4)
	  Index Cond: ((id >= 7212908) AND (id <= 7213008))

table 7 : explain SELECT id FROM sbtest7 WHERE id BETWEEN 7212908 AND 7213008
	Index Only Scan using sbtest7_pkey on sbtest7  (cost=0.43..10.40 rows=98 width=4)
	  Index Cond: ((id >= 7212908) AND (id <= 7213008))

table 8 : explain SELECT id FROM sbtest8 WHERE id BETWEEN 7212908 AND 7213008
	Index Only Scan using sbtest8_pkey on sbtest8  (cost=0.43..6.83 rows=120 width=4)
	  Index Cond: ((id >= 7212908) AND (id <= 7213008))

for range-covered
table 1 : explain SELECT id FROM sbtest1 WHERE id BETWEEN 3673771 AND 3673871
	Index Only Scan using sbtest1_pkey on sbtest1  (cost=0.43..6.35 rows=96 width=4)
	  Index Cond: ((id >= 3673771) AND (id <= 3673871))

table 2 : explain SELECT id FROM sbtest2 WHERE id BETWEEN 3673771 AND 3673871
	Index Only Scan using sbtest2_pkey on sbtest2  (cost=0.43..6.61 rows=109 width=4)
	  Index Cond: ((id >= 3673771) AND (id <= 3673871))

table 3 : explain SELECT id FROM sbtest3 WHERE id BETWEEN 3673771 AND 3673871
	Index Only Scan using sbtest3_pkey on sbtest3  (cost=0.43..10.24 rows=90 width=4)
	  Index Cond: ((id >= 3673771) AND (id <= 3673871))

table 4 : explain SELECT id FROM sbtest4 WHERE id BETWEEN 3673771 AND 3673871
	Index Only Scan using sbtest4_pkey on sbtest4  (cost=0.43..6.51 rows=104 width=4)
	  Index Cond: ((id >= 3673771) AND (id <= 3673871))

table 5 : explain SELECT id FROM sbtest5 WHERE id BETWEEN 3673771 AND 3673871
	Index Only Scan using sbtest5_pkey on sbtest5  (cost=0.43..6.43 rows=100 width=4)
	  Index Cond: ((id >= 3673771) AND (id <= 3673871))

table 6 : explain SELECT id FROM sbtest6 WHERE id BETWEEN 3673771 AND 3673871
	Index Only Scan using sbtest6_pkey on sbtest6  (cost=0.43..10.42 rows=99 width=4)
	  Index Cond: ((id >= 3673771) AND (id <= 3673871))

table 7 : explain SELECT id FROM sbtest7 WHERE id BETWEEN 3673771 AND 3673871
	Index Only Scan using sbtest7_pkey on sbtest7  (cost=0.43..10.54 rows=105 width=4)
	  Index Cond: ((id >= 3673771) AND (id <= 3673871))

table 8 : explain SELECT id FROM sbtest8 WHERE id BETWEEN 3673771 AND 3673871
	Index Only Scan using sbtest8_pkey on sbtest8  (cost=0.43..6.51 rows=104 width=4)
	  Index Cond: ((id >= 3673771) AND (id <= 3673871))

explain: for range-covered :: explain SELECT id FROM sbtest%d WHERE id BETWEEN 7212908 AND 7213008
explain: for range-covered :: explain SELECT id FROM sbtest%d WHERE id BETWEEN 3673771 AND 3673871
for range-covered
table 1 : explain SELECT id FROM sbtest1 WHERE id BETWEEN 2654836 AND 2654936
	Index Only Scan using sbtest1_pkey on sbtest1  (cost=0.43..6.43 rows=100 width=4)
	  Index Cond: ((id >= 2654836) AND (id <= 2654936))

table 2 : explain SELECT id FROM sbtest2 WHERE id BETWEEN 2654836 AND 2654936
	Index Only Scan using sbtest2_pkey on sbtest2  (cost=0.43..6.50 rows=103 width=4)
	  Index Cond: ((id >= 2654836) AND (id <= 2654936))

table 3 : explain SELECT id FROM sbtest3 WHERE id BETWEEN 2654836 AND 2654936
	Index Only Scan using sbtest3_pkey on sbtest3  (cost=0.43..10.56 rows=106 width=4)
	  Index Cond: ((id >= 2654836) AND (id <= 2654936))

table 4 : explain SELECT id FROM sbtest4 WHERE id BETWEEN 2654836 AND 2654936
	Index Only Scan using sbtest4_pkey on sbtest4  (cost=0.43..6.37 rows=97 width=4)
	  Index Cond: ((id >= 2654836) AND (id <= 2654936))

table 5 : explain SELECT id FROM sbtest5 WHERE id BETWEEN 2654836 AND 2654936
	Index Only Scan using sbtest5_pkey on sbtest5  (cost=0.43..6.47 rows=102 width=4)
	  Index Cond: ((id >= 2654836) AND (id <= 2654936))

table 6 : explain SELECT id FROM sbtest6 WHERE id BETWEEN 2654836 AND 2654936
	Index Only Scan using sbtest6_pkey on sbtest6  (cost=0.43..10.32 rows=94 width=4)
	  Index Cond: ((id >= 2654836) AND (id <= 2654936))

table 7 : explain SELECT id FROM sbtest7 WHERE id BETWEEN 2654836 AND 2654936
	Index Only Scan using sbtest7_pkey on sbtest7  (cost=0.43..10.54 rows=105 width=4)
	  Index Cond: ((id >= 2654836) AND (id <= 2654936))

table 8 : explain SELECT id FROM sbtest8 WHERE id BETWEEN 2654836 AND 2654936
	Index Only Scan using sbtest8_pkey on sbtest8  (cost=0.43..6.45 rows=101 width=4)
	  Index Cond: ((id >= 2654836) AND (id <= 2654936))

explain: for range-covered :: explain SELECT id FROM sbtest%d WHERE id BETWEEN 2654836 AND 2654936
for range-covered
table 1 : explain SELECT id FROM sbtest1 WHERE id BETWEEN 7212908 AND 7213008
	Index Only Scan using sbtest1_pkey on sbtest1  (cost=0.43..6.51 rows=104 width=4)
	  Index Cond: ((id >= 7212908) AND (id <= 7213008))

table 2 : explain SELECT id FROM sbtest2 WHERE id BETWEEN 7212908 AND 7213008
	Index Only Scan using sbtest2_pkey on sbtest2  (cost=0.43..6.35 rows=96 width=4)
	  Index Cond: ((id >= 7212908) AND (id <= 7213008))

table 3 : explain SELECT id FROM sbtest3 WHERE id BETWEEN 7212908 AND 7213008
	Index Only Scan using sbtest3_pkey on sbtest3  (cost=0.43..10.36 rows=96 width=4)
	  Index Cond: ((id >= 7212908) AND (id <= 7213008))

table 4 : explain SELECT id FROM sbtest4 WHERE id BETWEEN 7212908 AND 7213008
	Index Only Scan using sbtest4_pkey on sbtest4  (cost=0.43..6.33 rows=95 width=4)
	  Index Cond: ((id >= 7212908) AND (id <= 7213008))

table 5 : explain SELECT id FROM sbtest5 WHERE id BETWEEN 7212908 AND 7213008
	Index Only Scan using sbtest5_pkey on sbtest5  (cost=0.43..6.42 rows=99 width=4)
	  Index Cond: ((id >= 7212908) AND (id <= 7213008))

table 6 : explain SELECT id FROM sbtest6 WHERE id BETWEEN 7212908 AND 7213008
	Index Only Scan using sbtest6_pkey on sbtest6  (cost=0.43..10.44 rows=100 width=4)
	  Index Cond: ((id >= 7212908) AND (id <= 7213008))

table 7 : explain SELECT id FROM sbtest7 WHERE id BETWEEN 7212908 AND 7213008
	Index Only Scan using sbtest7_pkey on sbtest7  (cost=0.43..10.40 rows=98 width=4)
	  Index Cond: ((id >= 7212908) AND (id <= 7213008))

table 8 : explain SELECT id FROM sbtest8 WHERE id BETWEEN 7212908 AND 7213008
	Index Only Scan using sbtest8_pkey on sbtest8  (cost=0.43..6.83 rows=120 width=4)
	  Index Cond: ((id >= 7212908) AND (id <= 7213008))

for range-covered
table 1 : explain SELECT id FROM sbtest1 WHERE id BETWEEN 3673771 AND 3673871
	Index Only Scan using sbtest1_pkey on sbtest1  (cost=0.43..6.35 rows=96 width=4)
	  Index Cond: ((id >= 3673771) AND (id <= 3673871))

table 2 : explain SELECT id FROM sbtest2 WHERE id BETWEEN 3673771 AND 3673871
	Index Only Scan using sbtest2_pkey on sbtest2  (cost=0.43..6.61 rows=109 width=4)
	  Index Cond: ((id >= 3673771) AND (id <= 3673871))

table 3 : explain SELECT id FROM sbtest3 WHERE id BETWEEN 3673771 AND 3673871
	Index Only Scan using sbtest3_pkey on sbtest3  (cost=0.43..10.24 rows=90 width=4)
	  Index Cond: ((id >= 3673771) AND (id <= 3673871))

table 4 : explain SELECT id FROM sbtest4 WHERE id BETWEEN 3673771 AND 3673871
	Index Only Scan using sbtest4_pkey on sbtest4  (cost=0.43..6.51 rows=104 width=4)
	  Index Cond: ((id >= 3673771) AND (id <= 3673871))

table 5 : explain SELECT id FROM sbtest5 WHERE id BETWEEN 3673771 AND 3673871
	Index Only Scan using sbtest5_pkey on sbtest5  (cost=0.43..6.43 rows=100 width=4)
	  Index Cond: ((id >= 3673771) AND (id <= 3673871))

table 6 : explain SELECT id FROM sbtest6 WHERE id BETWEEN 3673771 AND 3673871
	Index Only Scan using sbtest6_pkey on sbtest6  (cost=0.43..10.42 rows=99 width=4)
	  Index Cond: ((id >= 3673771) AND (id <= 3673871))

table 7 : explain SELECT id FROM sbtest7 WHERE id BETWEEN 3673771 AND 3673871
	Index Only Scan using sbtest7_pkey on sbtest7  (cost=0.43..10.54 rows=105 width=4)
	  Index Cond: ((id >= 3673771) AND (id <= 3673871))

table 8 : explain SELECT id FROM sbtest8 WHERE id BETWEEN 3673771 AND 3673871
	Index Only Scan using sbtest8_pkey on sbtest8  (cost=0.43..6.51 rows=104 width=4)
	  Index Cond: ((id >= 3673771) AND (id <= 3673871))

explain: for range-covered :: explain SELECT id FROM sbtest%d WHERE id BETWEEN 7212908 AND 7213008
explain: for range-covered :: explain SELECT id FROM sbtest%d WHERE id BETWEEN 3673771 AND 3673871
for range-covered
table 1 : explain SELECT id FROM sbtest1 WHERE id BETWEEN 2654836 AND 2654936
	Index Only Scan using sbtest1_pkey on sbtest1  (cost=0.43..6.43 rows=100 width=4)
	  Index Cond: ((id >= 2654836) AND (id <= 2654936))

table 2 : explain SELECT id FROM sbtest2 WHERE id BETWEEN 2654836 AND 2654936
	Index Only Scan using sbtest2_pkey on sbtest2  (cost=0.43..6.50 rows=103 width=4)
	  Index Cond: ((id >= 2654836) AND (id <= 2654936))

table 3 : explain SELECT id FROM sbtest3 WHERE id BETWEEN 2654836 AND 2654936
	Index Only Scan using sbtest3_pkey on sbtest3  (cost=0.43..10.56 rows=106 width=4)
	  Index Cond: ((id >= 2654836) AND (id <= 2654936))

table 4 : explain SELECT id FROM sbtest4 WHERE id BETWEEN 2654836 AND 2654936
	Index Only Scan using sbtest4_pkey on sbtest4  (cost=0.43..6.37 rows=97 width=4)
	  Index Cond: ((id >= 2654836) AND (id <= 2654936))

table 5 : explain SELECT id FROM sbtest5 WHERE id BETWEEN 2654836 AND 2654936
	Index Only Scan using sbtest5_pkey on sbtest5  (cost=0.43..6.47 rows=102 width=4)
	  Index Cond: ((id >= 2654836) AND (id <= 2654936))

table 6 : explain SELECT id FROM sbtest6 WHERE id BETWEEN 2654836 AND 2654936
	Index Only Scan using sbtest6_pkey on sbtest6  (cost=0.43..10.32 rows=94 width=4)
	  Index Cond: ((id >= 2654836) AND (id <= 2654936))

table 7 : explain SELECT id FROM sbtest7 WHERE id BETWEEN 2654836 AND 2654936
	Index Only Scan using sbtest7_pkey on sbtest7  (cost=0.43..10.54 rows=105 width=4)
	  Index Cond: ((id >= 2654836) AND (id <= 2654936))

table 8 : explain SELECT id FROM sbtest8 WHERE id BETWEEN 2654836 AND 2654936
	Index Only Scan using sbtest8_pkey on sbtest8  (cost=0.43..6.45 rows=101 width=4)
	  Index Cond: ((id >= 2654836) AND (id <= 2654936))

explain: for range-covered :: explain SELECT id FROM sbtest%d WHERE id BETWEEN 2654836 AND 2654936
for range-covered
table 1 : explain SELECT id FROM sbtest1 WHERE id BETWEEN 7212908 AND 7213008
	Index Only Scan using sbtest1_pkey on sbtest1  (cost=0.43..6.51 rows=104 width=4)
	  Index Cond: ((id >= 7212908) AND (id <= 7213008))

table 2 : explain SELECT id FROM sbtest2 WHERE id BETWEEN 7212908 AND 7213008
	Index Only Scan using sbtest2_pkey on sbtest2  (cost=0.43..6.35 rows=96 width=4)
	  Index Cond: ((id >= 7212908) AND (id <= 7213008))

table 3 : explain SELECT id FROM sbtest3 WHERE id BETWEEN 7212908 AND 7213008
	Index Only Scan using sbtest3_pkey on sbtest3  (cost=0.43..10.36 rows=96 width=4)
	  Index Cond: ((id >= 7212908) AND (id <= 7213008))

table 4 : explain SELECT id FROM sbtest4 WHERE id BETWEEN 7212908 AND 7213008
	Index Only Scan using sbtest4_pkey on sbtest4  (cost=0.43..6.33 rows=95 width=4)
	  Index Cond: ((id >= 7212908) AND (id <= 7213008))

table 5 : explain SELECT id FROM sbtest5 WHERE id BETWEEN 7212908 AND 7213008
	Index Only Scan using sbtest5_pkey on sbtest5  (cost=0.43..6.42 rows=99 width=4)
	  Index Cond: ((id >= 7212908) AND (id <= 7213008))

table 6 : explain SELECT id FROM sbtest6 WHERE id BETWEEN 7212908 AND 7213008
	Index Only Scan using sbtest6_pkey on sbtest6  (cost=0.43..10.44 rows=100 width=4)
	  Index Cond: ((id >= 7212908) AND (id <= 7213008))

table 7 : explain SELECT id FROM sbtest7 WHERE id BETWEEN 7212908 AND 7213008
	Index Only Scan using sbtest7_pkey on sbtest7  (cost=0.43..10.40 rows=98 width=4)
	  Index Cond: ((id >= 7212908) AND (id <= 7213008))

table 8 : explain SELECT id FROM sbtest8 WHERE id BETWEEN 7212908 AND 7213008
	Index Only Scan using sbtest8_pkey on sbtest8  (cost=0.43..6.83 rows=120 width=4)
	  Index Cond: ((id >= 7212908) AND (id <= 7213008))

for range-covered
table 1 : explain SELECT id FROM sbtest1 WHERE id BETWEEN 3673771 AND 3673871
	Index Only Scan using sbtest1_pkey on sbtest1  (cost=0.43..6.35 rows=96 width=4)
	  Index Cond: ((id >= 3673771) AND (id <= 3673871))

table 2 : explain SELECT id FROM sbtest2 WHERE id BETWEEN 3673771 AND 3673871
	Index Only Scan using sbtest2_pkey on sbtest2  (cost=0.43..6.61 rows=109 width=4)
	  Index Cond: ((id >= 3673771) AND (id <= 3673871))

table 3 : explain SELECT id FROM sbtest3 WHERE id BETWEEN 3673771 AND 3673871
	Index Only Scan using sbtest3_pkey on sbtest3  (cost=0.43..10.24 rows=90 width=4)
	  Index Cond: ((id >= 3673771) AND (id <= 3673871))

table 4 : explain SELECT id FROM sbtest4 WHERE id BETWEEN 3673771 AND 3673871
	Index Only Scan using sbtest4_pkey on sbtest4  (cost=0.43..6.51 rows=104 width=4)
	  Index Cond: ((id >= 3673771) AND (id <= 3673871))

table 5 : explain SELECT id FROM sbtest5 WHERE id BETWEEN 3673771 AND 3673871
	Index Only Scan using sbtest5_pkey on sbtest5  (cost=0.43..6.43 rows=100 width=4)
	  Index Cond: ((id >= 3673771) AND (id <= 3673871))

table 6 : explain SELECT id FROM sbtest6 WHERE id BETWEEN 3673771 AND 3673871
	Index Only Scan using sbtest6_pkey on sbtest6  (cost=0.43..10.42 rows=99 width=4)
	  Index Cond: ((id >= 3673771) AND (id <= 3673871))

table 7 : explain SELECT id FROM sbtest7 WHERE id BETWEEN 3673771 AND 3673871
	Index Only Scan using sbtest7_pkey on sbtest7  (cost=0.43..10.54 rows=105 width=4)
	  Index Cond: ((id >= 3673771) AND (id <= 3673871))

table 8 : explain SELECT id FROM sbtest8 WHERE id BETWEEN 3673771 AND 3673871
	Index Only Scan using sbtest8_pkey on sbtest8  (cost=0.43..6.51 rows=104 width=4)
	  Index Cond: ((id >= 3673771) AND (id <= 3673871))

explain: for range-covered :: explain SELECT id FROM sbtest%d WHERE id BETWEEN 7212908 AND 7213008
explain: for range-covered :: explain SELECT id FROM sbtest%d WHERE id BETWEEN 3673771 AND 3673871
for range-covered
table 1 : explain SELECT id FROM sbtest1 WHERE id BETWEEN 2654836 AND 2654936
	Index Only Scan using sbtest1_pkey on sbtest1  (cost=0.43..6.43 rows=100 width=4)
	  Index Cond: ((id >= 2654836) AND (id <= 2654936))

table 2 : explain SELECT id FROM sbtest2 WHERE id BETWEEN 2654836 AND 2654936
	Index Only Scan using sbtest2_pkey on sbtest2  (cost=0.43..6.50 rows=103 width=4)
	  Index Cond: ((id >= 2654836) AND (id <= 2654936))

table 3 : explain SELECT id FROM sbtest3 WHERE id BETWEEN 2654836 AND 2654936
	Index Only Scan using sbtest3_pkey on sbtest3  (cost=0.43..10.56 rows=106 width=4)
	  Index Cond: ((id >= 2654836) AND (id <= 2654936))

table 4 : explain SELECT id FROM sbtest4 WHERE id BETWEEN 2654836 AND 2654936
	Index Only Scan using sbtest4_pkey on sbtest4  (cost=0.43..6.37 rows=97 width=4)
	  Index Cond: ((id >= 2654836) AND (id <= 2654936))

table 5 : explain SELECT id FROM sbtest5 WHERE id BETWEEN 2654836 AND 2654936
	Index Only Scan using sbtest5_pkey on sbtest5  (cost=0.43..6.47 rows=102 width=4)
	  Index Cond: ((id >= 2654836) AND (id <= 2654936))

table 6 : explain SELECT id FROM sbtest6 WHERE id BETWEEN 2654836 AND 2654936
	Index Only Scan using sbtest6_pkey on sbtest6  (cost=0.43..10.32 rows=94 width=4)
	  Index Cond: ((id >= 2654836) AND (id <= 2654936))

table 7 : explain SELECT id FROM sbtest7 WHERE id BETWEEN 2654836 AND 2654936
	Index Only Scan using sbtest7_pkey on sbtest7  (cost=0.43..10.54 rows=105 width=4)
	  Index Cond: ((id >= 2654836) AND (id <= 2654936))

table 8 : explain SELECT id FROM sbtest8 WHERE id BETWEEN 2654836 AND 2654936
	Index Only Scan using sbtest8_pkey on sbtest8  (cost=0.43..6.45 rows=101 width=4)
	  Index Cond: ((id >= 2654836) AND (id <= 2654936))

explain: for range-covered :: explain SELECT id FROM sbtest%d WHERE id BETWEEN 2654836 AND 2654936
for range-covered
table 1 : explain SELECT id FROM sbtest1 WHERE id BETWEEN 4292619 AND 4292719
	Index Only Scan using sbtest1_pkey on sbtest1  (cost=0.43..6.45 rows=101 width=4)
	  Index Cond: ((id >= 4292619) AND (id <= 4292719))

table 2 : explain SELECT id FROM sbtest2 WHERE id BETWEEN 4292619 AND 4292719
	Index Only Scan using sbtest2_pkey on sbtest2  (cost=0.43..6.43 rows=100 width=4)
	  Index Cond: ((id >= 4292619) AND (id <= 4292719))

table 3 : explain SELECT id FROM sbtest3 WHERE id BETWEEN 4292619 AND 4292719
	Index Only Scan using sbtest3_pkey on sbtest3  (cost=0.43..10.38 rows=97 width=4)
	  Index Cond: ((id >= 4292619) AND (id <= 4292719))

table 4 : explain SELECT id FROM sbtest4 WHERE id BETWEEN 4292619 AND 4292719
	Index Only Scan using sbtest4_pkey on sbtest4  (cost=0.43..6.56 rows=106 width=4)
	  Index Cond: ((id >= 4292619) AND (id <= 4292719))

table 5 : explain SELECT id FROM sbtest5 WHERE id BETWEEN 4292619 AND 4292719
	Index Only Scan using sbtest5_pkey on sbtest5  (cost=0.43..6.43 rows=100 width=4)
	  Index Cond: ((id >= 4292619) AND (id <= 4292719))

table 6 : explain SELECT id FROM sbtest6 WHERE id BETWEEN 4292619 AND 4292719
	Index Only Scan using sbtest6_pkey on sbtest6  (cost=0.43..10.47 rows=102 width=4)
	  Index Cond: ((id >= 4292619) AND (id <= 4292719))

table 7 : explain SELECT id FROM sbtest7 WHERE id BETWEEN 4292619 AND 4292719
	Index Only Scan using sbtest7_pkey on sbtest7  (cost=0.43..10.40 rows=98 width=4)
	  Index Cond: ((id >= 4292619) AND (id <= 4292719))

table 8 : explain SELECT id FROM sbtest8 WHERE id BETWEEN 4292619 AND 4292719
	Index Only Scan using sbtest8_pkey on sbtest8  (cost=0.43..6.53 rows=105 width=4)
	  Index Cond: ((id >= 4292619) AND (id <= 4292719))

for range-covered
table 1 : explain SELECT id FROM sbtest1 WHERE id BETWEEN 7212908 AND 7213008
	Index Only Scan using sbtest1_pkey on sbtest1  (cost=0.43..6.51 rows=104 width=4)
	  Index Cond: ((id >= 7212908) AND (id <= 7213008))

table 2 : explain SELECT id FROM sbtest2 WHERE id BETWEEN 7212908 AND 7213008
	Index Only Scan using sbtest2_pkey on sbtest2  (cost=0.43..6.35 rows=96 width=4)
	  Index Cond: ((id >= 7212908) AND (id <= 7213008))

table 3 : explain SELECT id FROM sbtest3 WHERE id BETWEEN 7212908 AND 7213008
	Index Only Scan using sbtest3_pkey on sbtest3  (cost=0.43..10.36 rows=96 width=4)
	  Index Cond: ((id >= 7212908) AND (id <= 7213008))

table 4 : explain SELECT id FROM sbtest4 WHERE id BETWEEN 7212908 AND 7213008
	Index Only Scan using sbtest4_pkey on sbtest4  (cost=0.43..6.33 rows=95 width=4)
	  Index Cond: ((id >= 7212908) AND (id <= 7213008))

table 5 : explain SELECT id FROM sbtest5 WHERE id BETWEEN 7212908 AND 7213008
	Index Only Scan using sbtest5_pkey on sbtest5  (cost=0.43..6.42 rows=99 width=4)
	  Index Cond: ((id >= 7212908) AND (id <= 7213008))

table 6 : explain SELECT id FROM sbtest6 WHERE id BETWEEN 7212908 AND 7213008
	Index Only Scan using sbtest6_pkey on sbtest6  (cost=0.43..10.44 rows=100 width=4)
	  Index Cond: ((id >= 7212908) AND (id <= 7213008))

table 7 : explain SELECT id FROM sbtest7 WHERE id BETWEEN 7212908 AND 7213008
	Index Only Scan using sbtest7_pkey on sbtest7  (cost=0.43..10.40 rows=98 width=4)
	  Index Cond: ((id >= 7212908) AND (id <= 7213008))

table 8 : explain SELECT id FROM sbtest8 WHERE id BETWEEN 7212908 AND 7213008
	Index Only Scan using sbtest8_pkey on sbtest8  (cost=0.43..6.83 rows=120 width=4)
	  Index Cond: ((id >= 7212908) AND (id <= 7213008))

explain: for range-covered :: explain SELECT id FROM sbtest%d WHERE id BETWEEN 4292619 AND 4292719
for range-covered
table 1 : explain SELECT id FROM sbtest1 WHERE id BETWEEN 3673771 AND 3673871
	Index Only Scan using sbtest1_pkey on sbtest1  (cost=0.43..6.35 rows=96 width=4)
	  Index Cond: ((id >= 3673771) AND (id <= 3673871))

table 2 : explain SELECT id FROM sbtest2 WHERE id BETWEEN 3673771 AND 3673871
	Index Only Scan using sbtest2_pkey on sbtest2  (cost=0.43..6.61 rows=109 width=4)
	  Index Cond: ((id >= 3673771) AND (id <= 3673871))

table 3 : explain SELECT id FROM sbtest3 WHERE id BETWEEN 3673771 AND 3673871
	Index Only Scan using sbtest3_pkey on sbtest3  (cost=0.43..10.24 rows=90 width=4)
	  Index Cond: ((id >= 3673771) AND (id <= 3673871))

table 4 : explain SELECT id FROM sbtest4 WHERE id BETWEEN 3673771 AND 3673871
	Index Only Scan using sbtest4_pkey on sbtest4  (cost=0.43..6.51 rows=104 width=4)
	  Index Cond: ((id >= 3673771) AND (id <= 3673871))

table 5 : explain SELECT id FROM sbtest5 WHERE id BETWEEN 3673771 AND 3673871
	Index Only Scan using sbtest5_pkey on sbtest5  (cost=0.43..6.43 rows=100 width=4)
	  Index Cond: ((id >= 3673771) AND (id <= 3673871))

table 6 : explain SELECT id FROM sbtest6 WHERE id BETWEEN 3673771 AND 3673871
	Index Only Scan using sbtest6_pkey on sbtest6  (cost=0.43..10.42 rows=99 width=4)
	  Index Cond: ((id >= 3673771) AND (id <= 3673871))

table 7 : explain SELECT id FROM sbtest7 WHERE id BETWEEN 3673771 AND 3673871
	Index Only Scan using sbtest7_pkey on sbtest7  (cost=0.43..10.54 rows=105 width=4)
	  Index Cond: ((id >= 3673771) AND (id <= 3673871))

table 8 : explain SELECT id FROM sbtest8 WHERE id BETWEEN 3673771 AND 3673871
	Index Only Scan using sbtest8_pkey on sbtest8  (cost=0.43..6.51 rows=104 width=4)
	  Index Cond: ((id >= 3673771) AND (id <= 3673871))

explain: for range-covered :: explain SELECT id FROM sbtest%d WHERE id BETWEEN 7212908 AND 7213008
explain: for range-covered :: explain SELECT id FROM sbtest%d WHERE id BETWEEN 3673771 AND 3673871
explain: for range-covered :: explain SELECT id FROM sbtest%d WHERE id BETWEEN 3961892 AND 3961992
for range-covered
table 1 : explain SELECT id FROM sbtest1 WHERE id BETWEEN 3001802 AND 3001902
	Index Only Scan using sbtest1_pkey on sbtest1  (cost=0.43..6.51 rows=104 width=4)
	  Index Cond: ((id >= 3001802) AND (id <= 3001902))

table 2 : explain SELECT id FROM sbtest2 WHERE id BETWEEN 3001802 AND 3001902
	Index Only Scan using sbtest2_pkey on sbtest2  (cost=0.43..6.47 rows=102 width=4)
	  Index Cond: ((id >= 3001802) AND (id <= 3001902))

table 3 : explain SELECT id FROM sbtest3 WHERE id BETWEEN 3001802 AND 3001902
	Index Only Scan using sbtest3_pkey on sbtest3  (cost=0.43..10.63 rows=110 width=4)
	  Index Cond: ((id >= 3001802) AND (id <= 3001902))

table 4 : explain SELECT id FROM sbtest4 WHERE id BETWEEN 3001802 AND 3001902
	Index Only Scan using sbtest4_pkey on sbtest4  (cost=0.43..6.32 rows=94 width=4)
	  Index Cond: ((id >= 3001802) AND (id <= 3001902))

table 5 : explain SELECT id FROM sbtest5 WHERE id BETWEEN 3001802 AND 3001902
	Index Only Scan using sbtest5_pkey on sbtest5  (cost=0.43..6.37 rows=97 width=4)
	  Index Cond: ((id >= 3001802) AND (id <= 3001902))

table 6 : explain SELECT id FROM sbtest6 WHERE id BETWEEN 3001802 AND 3001902
	Index Only Scan using sbtest6_pkey on sbtest6  (cost=0.43..10.44 rows=100 width=4)
	  Index Cond: ((id >= 3001802) AND (id <= 3001902))

table 7 : explain SELECT id FROM sbtest7 WHERE id BETWEEN 3001802 AND 3001902
	Index Only Scan using sbtest7_pkey on sbtest7  (cost=0.43..10.29 rows=93 width=4)
	  Index Cond: ((id >= 3001802) AND (id <= 3001902))

table 8 : explain SELECT id FROM sbtest8 WHERE id BETWEEN 3001802 AND 3001902
	Index Only Scan using sbtest8_pkey on sbtest8  (cost=0.43..6.37 rows=97 width=4)
	  Index Cond: ((id >= 3001802) AND (id <= 3001902))

for range-covered
table 1 : explain SELECT id FROM sbtest1 WHERE id BETWEEN 2654836 AND 2654936
	Index Only Scan using sbtest1_pkey on sbtest1  (cost=0.43..6.43 rows=100 width=4)
	  Index Cond: ((id >= 2654836) AND (id <= 2654936))

table 2 : explain SELECT id FROM sbtest2 WHERE id BETWEEN 2654836 AND 2654936
	Index Only Scan using sbtest2_pkey on sbtest2  (cost=0.43..6.50 rows=103 width=4)
	  Index Cond: ((id >= 2654836) AND (id <= 2654936))

table 3 : explain SELECT id FROM sbtest3 WHERE id BETWEEN 2654836 AND 2654936
	Index Only Scan using sbtest3_pkey on sbtest3  (cost=0.43..10.56 rows=106 width=4)
	  Index Cond: ((id >= 2654836) AND (id <= 2654936))

table 4 : explain SELECT id FROM sbtest4 WHERE id BETWEEN 2654836 AND 2654936
	Index Only Scan using sbtest4_pkey on sbtest4  (cost=0.43..6.37 rows=97 width=4)
	  Index Cond: ((id >= 2654836) AND (id <= 2654936))

table 5 : explain SELECT id FROM sbtest5 WHERE id BETWEEN 2654836 AND 2654936
	Index Only Scan using sbtest5_pkey on sbtest5  (cost=0.43..6.47 rows=102 width=4)
	  Index Cond: ((id >= 2654836) AND (id <= 2654936))

table 6 : explain SELECT id FROM sbtest6 WHERE id BETWEEN 2654836 AND 2654936
	Index Only Scan using sbtest6_pkey on sbtest6  (cost=0.43..10.32 rows=94 width=4)
	  Index Cond: ((id >= 2654836) AND (id <= 2654936))

table 7 : explain SELECT id FROM sbtest7 WHERE id BETWEEN 2654836 AND 2654936
	Index Only Scan using sbtest7_pkey on sbtest7  (cost=0.43..10.54 rows=105 width=4)
	  Index Cond: ((id >= 2654836) AND (id <= 2654936))

table 8 : explain SELECT id FROM sbtest8 WHERE id BETWEEN 2654836 AND 2654936
	Index Only Scan using sbtest8_pkey on sbtest8  (cost=0.43..6.45 rows=101 width=4)
	  Index Cond: ((id >= 2654836) AND (id <= 2654936))

explain: for range-covered :: explain SELECT id FROM sbtest%d WHERE id BETWEEN 3001802 AND 3001902
explain: for range-covered :: explain SELECT id FROM sbtest%d WHERE id BETWEEN 2654836 AND 2654936
for range-covered
table 1 : explain SELECT id FROM sbtest1 WHERE id BETWEEN 7212908 AND 7213008
	Index Only Scan using sbtest1_pkey on sbtest1  (cost=0.43..6.51 rows=104 width=4)
	  Index Cond: ((id >= 7212908) AND (id <= 7213008))

table 2 : explain SELECT id FROM sbtest2 WHERE id BETWEEN 7212908 AND 7213008
	Index Only Scan using sbtest2_pkey on sbtest2  (cost=0.43..6.35 rows=96 width=4)
	  Index Cond: ((id >= 7212908) AND (id <= 7213008))

table 3 : explain SELECT id FROM sbtest3 WHERE id BETWEEN 7212908 AND 7213008
	Index Only Scan using sbtest3_pkey on sbtest3  (cost=0.43..10.36 rows=96 width=4)
	  Index Cond: ((id >= 7212908) AND (id <= 7213008))

table 4 : explain SELECT id FROM sbtest4 WHERE id BETWEEN 7212908 AND 7213008
	Index Only Scan using sbtest4_pkey on sbtest4  (cost=0.43..6.33 rows=95 width=4)
	  Index Cond: ((id >= 7212908) AND (id <= 7213008))

table 5 : explain SELECT id FROM sbtest5 WHERE id BETWEEN 7212908 AND 7213008
	Index Only Scan using sbtest5_pkey on sbtest5  (cost=0.43..6.42 rows=99 width=4)
	  Index Cond: ((id >= 7212908) AND (id <= 7213008))

table 6 : explain SELECT id FROM sbtest6 WHERE id BETWEEN 7212908 AND 7213008
	Index Only Scan using sbtest6_pkey on sbtest6  (cost=0.43..10.44 rows=100 width=4)
	  Index Cond: ((id >= 7212908) AND (id <= 7213008))

table 7 : explain SELECT id FROM sbtest7 WHERE id BETWEEN 7212908 AND 7213008
	Index Only Scan using sbtest7_pkey on sbtest7  (cost=0.43..10.40 rows=98 width=4)
	  Index Cond: ((id >= 7212908) AND (id <= 7213008))

table 8 : explain SELECT id FROM sbtest8 WHERE id BETWEEN 7212908 AND 7213008
	Index Only Scan using sbtest8_pkey on sbtest8  (cost=0.43..6.83 rows=120 width=4)
	  Index Cond: ((id >= 7212908) AND (id <= 7213008))

for range-covered
table 1 : explain SELECT id FROM sbtest1 WHERE id BETWEEN 3673771 AND 3673871
	Index Only Scan using sbtest1_pkey on sbtest1  (cost=0.43..6.35 rows=96 width=4)
	  Index Cond: ((id >= 3673771) AND (id <= 3673871))

table 2 : explain SELECT id FROM sbtest2 WHERE id BETWEEN 3673771 AND 3673871
	Index Only Scan using sbtest2_pkey on sbtest2  (cost=0.43..6.61 rows=109 width=4)
	  Index Cond: ((id >= 3673771) AND (id <= 3673871))

table 3 : explain SELECT id FROM sbtest3 WHERE id BETWEEN 3673771 AND 3673871
	Index Only Scan using sbtest3_pkey on sbtest3  (cost=0.43..10.24 rows=90 width=4)
	  Index Cond: ((id >= 3673771) AND (id <= 3673871))

table 4 : explain SELECT id FROM sbtest4 WHERE id BETWEEN 3673771 AND 3673871
	Index Only Scan using sbtest4_pkey on sbtest4  (cost=0.43..6.51 rows=104 width=4)
	  Index Cond: ((id >= 3673771) AND (id <= 3673871))

table 5 : explain SELECT id FROM sbtest5 WHERE id BETWEEN 3673771 AND 3673871
	Index Only Scan using sbtest5_pkey on sbtest5  (cost=0.43..6.43 rows=100 width=4)
	  Index Cond: ((id >= 3673771) AND (id <= 3673871))

table 6 : explain SELECT id FROM sbtest6 WHERE id BETWEEN 3673771 AND 3673871
	Index Only Scan using sbtest6_pkey on sbtest6  (cost=0.43..10.42 rows=99 width=4)
	  Index Cond: ((id >= 3673771) AND (id <= 3673871))

table 7 : explain SELECT id FROM sbtest7 WHERE id BETWEEN 3673771 AND 3673871
	Index Only Scan using sbtest7_pkey on sbtest7  (cost=0.43..10.54 rows=105 width=4)
	  Index Cond: ((id >= 3673771) AND (id <= 3673871))

table 8 : explain SELECT id FROM sbtest8 WHERE id BETWEEN 3673771 AND 3673871
	Index Only Scan using sbtest8_pkey on sbtest8  (cost=0.43..6.51 rows=104 width=4)
	  Index Cond: ((id >= 3673771) AND (id <= 3673871))

for range-covered
table 1 : explain SELECT id FROM sbtest1 WHERE id BETWEEN 4292619 AND 4292719
	Index Only Scan using sbtest1_pkey on sbtest1  (cost=0.43..6.45 rows=101 width=4)
	  Index Cond: ((id >= 4292619) AND (id <= 4292719))

table 2 : explain SELECT id FROM sbtest2 WHERE id BETWEEN 4292619 AND 4292719
	Index Only Scan using sbtest2_pkey on sbtest2  (cost=0.43..6.43 rows=100 width=4)
	  Index Cond: ((id >= 4292619) AND (id <= 4292719))

table 3 : explain SELECT id FROM sbtest3 WHERE id BETWEEN 4292619 AND 4292719
	Index Only Scan using sbtest3_pkey on sbtest3  (cost=0.43..10.38 rows=97 width=4)
	  Index Cond: ((id >= 4292619) AND (id <= 4292719))

table 4 : explain SELECT id FROM sbtest4 WHERE id BETWEEN 4292619 AND 4292719
	Index Only Scan using sbtest4_pkey on sbtest4  (cost=0.43..6.56 rows=106 width=4)
	  Index Cond: ((id >= 4292619) AND (id <= 4292719))

table 5 : explain SELECT id FROM sbtest5 WHERE id BETWEEN 4292619 AND 4292719
	Index Only Scan using sbtest5_pkey on sbtest5  (cost=0.43..6.43 rows=100 width=4)
	  Index Cond: ((id >= 4292619) AND (id <= 4292719))

table 6 : explain SELECT id FROM sbtest6 WHERE id BETWEEN 4292619 AND 4292719
	Index Only Scan using sbtest6_pkey on sbtest6  (cost=0.43..10.47 rows=102 width=4)
	  Index Cond: ((id >= 4292619) AND (id <= 4292719))

table 7 : explain SELECT id FROM sbtest7 WHERE id BETWEEN 4292619 AND 4292719
	Index Only Scan using sbtest7_pkey on sbtest7  (cost=0.43..10.40 rows=98 width=4)
	  Index Cond: ((id >= 4292619) AND (id <= 4292719))

table 8 : explain SELECT id FROM sbtest8 WHERE id BETWEEN 4292619 AND 4292719
	Index Only Scan using sbtest8_pkey on sbtest8  (cost=0.43..6.53 rows=105 width=4)
	  Index Cond: ((id >= 4292619) AND (id <= 4292719))

explain: for range-covered :: explain SELECT id FROM sbtest%d WHERE id BETWEEN 7212908 AND 7213008
explain: for range-covered :: explain SELECT id FROM sbtest%d WHERE id BETWEEN 3673771 AND 3673871
explain: for range-covered :: explain SELECT id FROM sbtest%d WHERE id BETWEEN 4292619 AND 4292719
for range-covered
table 1 : explain SELECT id FROM sbtest1 WHERE id BETWEEN 2654836 AND 2654936
	Index Only Scan using sbtest1_pkey on sbtest1  (cost=0.43..6.43 rows=100 width=4)
	  Index Cond: ((id >= 2654836) AND (id <= 2654936))

table 2 : explain SELECT id FROM sbtest2 WHERE id BETWEEN 2654836 AND 2654936
	Index Only Scan using sbtest2_pkey on sbtest2  (cost=0.43..6.50 rows=103 width=4)
	  Index Cond: ((id >= 2654836) AND (id <= 2654936))

table 3 : explain SELECT id FROM sbtest3 WHERE id BETWEEN 2654836 AND 2654936
	Index Only Scan using sbtest3_pkey on sbtest3  (cost=0.43..10.56 rows=106 width=4)
	  Index Cond: ((id >= 2654836) AND (id <= 2654936))

table 4 : explain SELECT id FROM sbtest4 WHERE id BETWEEN 2654836 AND 2654936
	Index Only Scan using sbtest4_pkey on sbtest4  (cost=0.43..6.37 rows=97 width=4)
	  Index Cond: ((id >= 2654836) AND (id <= 2654936))

table 5 : explain SELECT id FROM sbtest5 WHERE id BETWEEN 2654836 AND 2654936
	Index Only Scan using sbtest5_pkey on sbtest5  (cost=0.43..6.47 rows=102 width=4)
	  Index Cond: ((id >= 2654836) AND (id <= 2654936))

table 6 : explain SELECT id FROM sbtest6 WHERE id BETWEEN 2654836 AND 2654936
	Index Only Scan using sbtest6_pkey on sbtest6  (cost=0.43..10.32 rows=94 width=4)
	  Index Cond: ((id >= 2654836) AND (id <= 2654936))

table 7 : explain SELECT id FROM sbtest7 WHERE id BETWEEN 2654836 AND 2654936
	Index Only Scan using sbtest7_pkey on sbtest7  (cost=0.43..10.54 rows=105 width=4)
	  Index Cond: ((id >= 2654836) AND (id <= 2654936))

table 8 : explain SELECT id FROM sbtest8 WHERE id BETWEEN 2654836 AND 2654936
	Index Only Scan using sbtest8_pkey on sbtest8  (cost=0.43..6.45 rows=101 width=4)
	  Index Cond: ((id >= 2654836) AND (id <= 2654936))

explain: for range-covered :: explain SELECT id FROM sbtest%d WHERE id BETWEEN 2654836 AND 2654936
for range-covered
table 1 : explain SELECT id FROM sbtest1 WHERE id BETWEEN 6189897 AND 6189997
	Index Only Scan using sbtest1_pkey on sbtest1  (cost=0.43..6.63 rows=110 width=4)
	  Index Cond: ((id >= 6189897) AND (id <= 6189997))

table 2 : explain SELECT id FROM sbtest2 WHERE id BETWEEN 6189897 AND 6189997
	Index Only Scan using sbtest2_pkey on sbtest2  (cost=0.43..6.56 rows=106 width=4)
	  Index Cond: ((id >= 6189897) AND (id <= 6189997))

table 3 : explain SELECT id FROM sbtest3 WHERE id BETWEEN 6189897 AND 6189997
	Index Only Scan using sbtest3_pkey on sbtest3  (cost=0.43..10.51 rows=104 width=4)
	  Index Cond: ((id >= 6189897) AND (id <= 6189997))

table 4 : explain SELECT id FROM sbtest4 WHERE id BETWEEN 6189897 AND 6189997
	Index Only Scan using sbtest4_pkey on sbtest4  (cost=0.43..6.66 rows=111 width=4)
	  Index Cond: ((id >= 6189897) AND (id <= 6189997))

table 5 : explain SELECT id FROM sbtest5 WHERE id BETWEEN 6189897 AND 6189997
	Index Only Scan using sbtest5_pkey on sbtest5  (cost=0.43..6.90 rows=123 width=4)
	  Index Cond: ((id >= 6189897) AND (id <= 6189997))

table 6 : explain SELECT id FROM sbtest6 WHERE id BETWEEN 6189897 AND 6189997
	Index Only Scan using sbtest6_pkey on sbtest6  (cost=0.43..10.42 rows=99 width=4)
	  Index Cond: ((id >= 6189897) AND (id <= 6189997))

table 7 : explain SELECT id FROM sbtest7 WHERE id BETWEEN 6189897 AND 6189997
	Index Only Scan using sbtest7_pkey on sbtest7  (cost=0.43..10.51 rows=104 width=4)
	  Index Cond: ((id >= 6189897) AND (id <= 6189997))

table 8 : explain SELECT id FROM sbtest8 WHERE id BETWEEN 6189897 AND 6189997
	Index Only Scan using sbtest8_pkey on sbtest8  (cost=0.43..6.51 rows=104 width=4)
	  Index Cond: ((id >= 6189897) AND (id <= 6189997))

for range-covered
table 1 : explain SELECT id FROM sbtest1 WHERE id BETWEEN 3001802 AND 3001902
	Index Only Scan using sbtest1_pkey on sbtest1  (cost=0.43..6.51 rows=104 width=4)
	  Index Cond: ((id >= 3001802) AND (id <= 3001902))

table 2 : explain SELECT id FROM sbtest2 WHERE id BETWEEN 3001802 AND 3001902
	Index Only Scan using sbtest2_pkey on sbtest2  (cost=0.43..6.47 rows=102 width=4)
	  Index Cond: ((id >= 3001802) AND (id <= 3001902))

table 3 : explain SELECT id FROM sbtest3 WHERE id BETWEEN 3001802 AND 3001902
	Index Only Scan using sbtest3_pkey on sbtest3  (cost=0.43..10.63 rows=110 width=4)
	  Index Cond: ((id >= 3001802) AND (id <= 3001902))

table 4 : explain SELECT id FROM sbtest4 WHERE id BETWEEN 3001802 AND 3001902
	Index Only Scan using sbtest4_pkey on sbtest4  (cost=0.43..6.32 rows=94 width=4)
	  Index Cond: ((id >= 3001802) AND (id <= 3001902))

table 5 : explain SELECT id FROM sbtest5 WHERE id BETWEEN 3001802 AND 3001902
	Index Only Scan using sbtest5_pkey on sbtest5  (cost=0.43..6.37 rows=97 width=4)
	  Index Cond: ((id >= 3001802) AND (id <= 3001902))

table 6 : explain SELECT id FROM sbtest6 WHERE id BETWEEN 3001802 AND 3001902
	Index Only Scan using sbtest6_pkey on sbtest6  (cost=0.43..10.44 rows=100 width=4)
	  Index Cond: ((id >= 3001802) AND (id <= 3001902))

table 7 : explain SELECT id FROM sbtest7 WHERE id BETWEEN 3001802 AND 3001902
	Index Only Scan using sbtest7_pkey on sbtest7  (cost=0.43..10.29 rows=93 width=4)
	  Index Cond: ((id >= 3001802) AND (id <= 3001902))

table 8 : explain SELECT id FROM sbtest8 WHERE id BETWEEN 3001802 AND 3001902
	Index Only Scan using sbtest8_pkey on sbtest8  (cost=0.43..6.37 rows=97 width=4)
	  Index Cond: ((id >= 3001802) AND (id <= 3001902))

explain: for range-covered :: explain SELECT id FROM sbtest%d WHERE id BETWEEN 6189897 AND 6189997
explain: for range-covered :: explain SELECT id FROM sbtest%d WHERE id BETWEEN 3001802 AND 3001902
for range-covered
table 1 : explain SELECT id FROM sbtest1 WHERE id BETWEEN 7212908 AND 7213008
	Index Only Scan using sbtest1_pkey on sbtest1  (cost=0.43..6.51 rows=104 width=4)
	  Index Cond: ((id >= 7212908) AND (id <= 7213008))

table 2 : explain SELECT id FROM sbtest2 WHERE id BETWEEN 7212908 AND 7213008
	Index Only Scan using sbtest2_pkey on sbtest2  (cost=0.43..6.35 rows=96 width=4)
	  Index Cond: ((id >= 7212908) AND (id <= 7213008))

table 3 : explain SELECT id FROM sbtest3 WHERE id BETWEEN 7212908 AND 7213008
	Index Only Scan using sbtest3_pkey on sbtest3  (cost=0.43..10.36 rows=96 width=4)
	  Index Cond: ((id >= 7212908) AND (id <= 7213008))

table 4 : explain SELECT id FROM sbtest4 WHERE id BETWEEN 7212908 AND 7213008
	Index Only Scan using sbtest4_pkey on sbtest4  (cost=0.43..6.33 rows=95 width=4)
	  Index Cond: ((id >= 7212908) AND (id <= 7213008))

table 5 : explain SELECT id FROM sbtest5 WHERE id BETWEEN 7212908 AND 7213008
	Index Only Scan using sbtest5_pkey on sbtest5  (cost=0.43..6.42 rows=99 width=4)
	  Index Cond: ((id >= 7212908) AND (id <= 7213008))

table 6 : explain SELECT id FROM sbtest6 WHERE id BETWEEN 7212908 AND 7213008
	Index Only Scan using sbtest6_pkey on sbtest6  (cost=0.43..10.44 rows=100 width=4)
	  Index Cond: ((id >= 7212908) AND (id <= 7213008))

table 7 : explain SELECT id FROM sbtest7 WHERE id BETWEEN 7212908 AND 7213008
	Index Only Scan using sbtest7_pkey on sbtest7  (cost=0.43..10.40 rows=98 width=4)
	  Index Cond: ((id >= 7212908) AND (id <= 7213008))

table 8 : explain SELECT id FROM sbtest8 WHERE id BETWEEN 7212908 AND 7213008
	Index Only Scan using sbtest8_pkey on sbtest8  (cost=0.43..6.83 rows=120 width=4)
	  Index Cond: ((id >= 7212908) AND (id <= 7213008))

for range-covered
table 1 : explain SELECT id FROM sbtest1 WHERE id BETWEEN 4292619 AND 4292719
	Index Only Scan using sbtest1_pkey on sbtest1  (cost=0.43..6.45 rows=101 width=4)
	  Index Cond: ((id >= 4292619) AND (id <= 4292719))

table 2 : explain SELECT id FROM sbtest2 WHERE id BETWEEN 4292619 AND 4292719
	Index Only Scan using sbtest2_pkey on sbtest2  (cost=0.43..6.43 rows=100 width=4)
	  Index Cond: ((id >= 4292619) AND (id <= 4292719))

table 3 : explain SELECT id FROM sbtest3 WHERE id BETWEEN 4292619 AND 4292719
	Index Only Scan using sbtest3_pkey on sbtest3  (cost=0.43..10.38 rows=97 width=4)
	  Index Cond: ((id >= 4292619) AND (id <= 4292719))

table 4 : explain SELECT id FROM sbtest4 WHERE id BETWEEN 4292619 AND 4292719
	Index Only Scan using sbtest4_pkey on sbtest4  (cost=0.43..6.56 rows=106 width=4)
	  Index Cond: ((id >= 4292619) AND (id <= 4292719))

table 5 : explain SELECT id FROM sbtest5 WHERE id BETWEEN 4292619 AND 4292719
	Index Only Scan using sbtest5_pkey on sbtest5  (cost=0.43..6.43 rows=100 width=4)
	  Index Cond: ((id >= 4292619) AND (id <= 4292719))

table 6 : explain SELECT id FROM sbtest6 WHERE id BETWEEN 4292619 AND 4292719
	Index Only Scan using sbtest6_pkey on sbtest6  (cost=0.43..10.47 rows=102 width=4)
	  Index Cond: ((id >= 4292619) AND (id <= 4292719))

table 7 : explain SELECT id FROM sbtest7 WHERE id BETWEEN 4292619 AND 4292719
	Index Only Scan using sbtest7_pkey on sbtest7  (cost=0.43..10.40 rows=98 width=4)
	  Index Cond: ((id >= 4292619) AND (id <= 4292719))

table 8 : explain SELECT id FROM sbtest8 WHERE id BETWEEN 4292619 AND 4292719
	Index Only Scan using sbtest8_pkey on sbtest8  (cost=0.43..6.53 rows=105 width=4)
	  Index Cond: ((id >= 4292619) AND (id <= 4292719))

for range-covered
table 1 : explain SELECT id FROM sbtest1 WHERE id BETWEEN 3673771 AND 3673871
	Index Only Scan using sbtest1_pkey on sbtest1  (cost=0.43..6.35 rows=96 width=4)
	  Index Cond: ((id >= 3673771) AND (id <= 3673871))

table 2 : explain SELECT id FROM sbtest2 WHERE id BETWEEN 3673771 AND 3673871
	Index Only Scan using sbtest2_pkey on sbtest2  (cost=0.43..6.61 rows=109 width=4)
	  Index Cond: ((id >= 3673771) AND (id <= 3673871))

table 3 : explain SELECT id FROM sbtest3 WHERE id BETWEEN 3673771 AND 3673871
	Index Only Scan using sbtest3_pkey on sbtest3  (cost=0.43..10.24 rows=90 width=4)
	  Index Cond: ((id >= 3673771) AND (id <= 3673871))

table 4 : explain SELECT id FROM sbtest4 WHERE id BETWEEN 3673771 AND 3673871
	Index Only Scan using sbtest4_pkey on sbtest4  (cost=0.43..6.51 rows=104 width=4)
	  Index Cond: ((id >= 3673771) AND (id <= 3673871))

table 5 : explain SELECT id FROM sbtest5 WHERE id BETWEEN 3673771 AND 3673871
	Index Only Scan using sbtest5_pkey on sbtest5  (cost=0.43..6.43 rows=100 width=4)
	  Index Cond: ((id >= 3673771) AND (id <= 3673871))

table 6 : explain SELECT id FROM sbtest6 WHERE id BETWEEN 3673771 AND 3673871
	Index Only Scan using sbtest6_pkey on sbtest6  (cost=0.43..10.42 rows=99 width=4)
	  Index Cond: ((id >= 3673771) AND (id <= 3673871))

table 7 : explain SELECT id FROM sbtest7 WHERE id BETWEEN 3673771 AND 3673871
	Index Only Scan using sbtest7_pkey on sbtest7  (cost=0.43..10.54 rows=105 width=4)
	  Index Cond: ((id >= 3673771) AND (id <= 3673871))

table 8 : explain SELECT id FROM sbtest8 WHERE id BETWEEN 3673771 AND 3673871
	Index Only Scan using sbtest8_pkey on sbtest8  (cost=0.43..6.51 rows=104 width=4)
	  Index Cond: ((id >= 3673771) AND (id <= 3673871))

explain: for range-covered :: explain SELECT id FROM sbtest%d WHERE id BETWEEN 7212908 AND 7213008
explain: for range-covered :: explain SELECT id FROM sbtest%d WHERE id BETWEEN 4292619 AND 4292719
explain: for range-covered :: explain SELECT id FROM sbtest%d WHERE id BETWEEN 3673771 AND 3673871
for range-covered
table 1 : explain SELECT id FROM sbtest1 WHERE id BETWEEN 8272612 AND 8272712
	Index Only Scan using sbtest1_pkey on sbtest1  (cost=0.43..6.63 rows=110 width=4)
	  Index Cond: ((id >= 8272612) AND (id <= 8272712))

table 2 : explain SELECT id FROM sbtest2 WHERE id BETWEEN 8272612 AND 8272712
	Index Only Scan using sbtest2_pkey on sbtest2  (cost=0.43..6.40 rows=98 width=4)
	  Index Cond: ((id >= 8272612) AND (id <= 8272712))

table 3 : explain SELECT id FROM sbtest3 WHERE id BETWEEN 8272612 AND 8272712
	Index Only Scan using sbtest3_pkey on sbtest3  (cost=0.43..10.26 rows=91 width=4)
	  Index Cond: ((id >= 8272612) AND (id <= 8272712))

table 4 : explain SELECT id FROM sbtest4 WHERE id BETWEEN 8272612 AND 8272712
	Index Only Scan using sbtest4_pkey on sbtest4  (cost=0.43..6.45 rows=101 width=4)
	  Index Cond: ((id >= 8272612) AND (id <= 8272712))

table 5 : explain SELECT id FROM sbtest5 WHERE id BETWEEN 8272612 AND 8272712
	Index Only Scan using sbtest5_pkey on sbtest5  (cost=0.43..6.32 rows=94 width=4)
	  Index Cond: ((id >= 8272612) AND (id <= 8272712))

table 6 : explain SELECT id FROM sbtest6 WHERE id BETWEEN 8272612 AND 8272712
	Index Only Scan using sbtest6_pkey on sbtest6  (cost=0.43..10.33 rows=95 width=4)
	  Index Cond: ((id >= 8272612) AND (id <= 8272712))

table 7 : explain SELECT id FROM sbtest7 WHERE id BETWEEN 8272612 AND 8272712
	Index Only Scan using sbtest7_pkey on sbtest7  (cost=0.43..10.42 rows=99 width=4)
	  Index Cond: ((id >= 8272612) AND (id <= 8272712))

table 8 : explain SELECT id FROM sbtest8 WHERE id BETWEEN 8272612 AND 8272712
	Index Only Scan using sbtest8_pkey on sbtest8  (cost=0.43..6.43 rows=100 width=4)
	  Index Cond: ((id >= 8272612) AND (id <= 8272712))

explain: for range-covered :: explain SELECT id FROM sbtest%d WHERE id BETWEEN 8272612 AND 8272712
for range-covered
table 1 : explain SELECT id FROM sbtest1 WHERE id BETWEEN 2654836 AND 2654936
	Index Only Scan using sbtest1_pkey on sbtest1  (cost=0.43..6.43 rows=100 width=4)
	  Index Cond: ((id >= 2654836) AND (id <= 2654936))

table 2 : explain SELECT id FROM sbtest2 WHERE id BETWEEN 2654836 AND 2654936
	Index Only Scan using sbtest2_pkey on sbtest2  (cost=0.43..6.50 rows=103 width=4)
	  Index Cond: ((id >= 2654836) AND (id <= 2654936))

table 3 : explain SELECT id FROM sbtest3 WHERE id BETWEEN 2654836 AND 2654936
	Index Only Scan using sbtest3_pkey on sbtest3  (cost=0.43..10.56 rows=106 width=4)
	  Index Cond: ((id >= 2654836) AND (id <= 2654936))

table 4 : explain SELECT id FROM sbtest4 WHERE id BETWEEN 2654836 AND 2654936
	Index Only Scan using sbtest4_pkey on sbtest4  (cost=0.43..6.37 rows=97 width=4)
	  Index Cond: ((id >= 2654836) AND (id <= 2654936))

table 5 : explain SELECT id FROM sbtest5 WHERE id BETWEEN 2654836 AND 2654936
	Index Only Scan using sbtest5_pkey on sbtest5  (cost=0.43..6.47 rows=102 width=4)
	  Index Cond: ((id >= 2654836) AND (id <= 2654936))

table 6 : explain SELECT id FROM sbtest6 WHERE id BETWEEN 2654836 AND 2654936
	Index Only Scan using sbtest6_pkey on sbtest6  (cost=0.43..10.32 rows=94 width=4)
	  Index Cond: ((id >= 2654836) AND (id <= 2654936))

table 7 : explain SELECT id FROM sbtest7 WHERE id BETWEEN 2654836 AND 2654936
	Index Only Scan using sbtest7_pkey on sbtest7  (cost=0.43..10.54 rows=105 width=4)
	  Index Cond: ((id >= 2654836) AND (id <= 2654936))

table 8 : explain SELECT id FROM sbtest8 WHERE id BETWEEN 2654836 AND 2654936
	Index Only Scan using sbtest8_pkey on sbtest8  (cost=0.43..6.45 rows=101 width=4)
	  Index Cond: ((id >= 2654836) AND (id <= 2654936))

explain: for range-covered :: explain SELECT id FROM sbtest%d WHERE id BETWEEN 2654836 AND 2654936
for range-covered
table 1 : explain SELECT id FROM sbtest1 WHERE id BETWEEN 3001802 AND 3001902
	Index Only Scan using sbtest1_pkey on sbtest1  (cost=0.43..6.51 rows=104 width=4)
	  Index Cond: ((id >= 3001802) AND (id <= 3001902))

table 2 : explain SELECT id FROM sbtest2 WHERE id BETWEEN 3001802 AND 3001902
	Index Only Scan using sbtest2_pkey on sbtest2  (cost=0.43..6.47 rows=102 width=4)
	  Index Cond: ((id >= 3001802) AND (id <= 3001902))

table 3 : explain SELECT id FROM sbtest3 WHERE id BETWEEN 3001802 AND 3001902
	Index Only Scan using sbtest3_pkey on sbtest3  (cost=0.43..10.63 rows=110 width=4)
	  Index Cond: ((id >= 3001802) AND (id <= 3001902))

table 4 : explain SELECT id FROM sbtest4 WHERE id BETWEEN 3001802 AND 3001902
	Index Only Scan using sbtest4_pkey on sbtest4  (cost=0.43..6.32 rows=94 width=4)
	  Index Cond: ((id >= 3001802) AND (id <= 3001902))

table 5 : explain SELECT id FROM sbtest5 WHERE id BETWEEN 3001802 AND 3001902
	Index Only Scan using sbtest5_pkey on sbtest5  (cost=0.43..6.37 rows=97 width=4)
	  Index Cond: ((id >= 3001802) AND (id <= 3001902))

table 6 : explain SELECT id FROM sbtest6 WHERE id BETWEEN 3001802 AND 3001902
	Index Only Scan using sbtest6_pkey on sbtest6  (cost=0.43..10.44 rows=100 width=4)
	  Index Cond: ((id >= 3001802) AND (id <= 3001902))

table 7 : explain SELECT id FROM sbtest7 WHERE id BETWEEN 3001802 AND 3001902
	Index Only Scan using sbtest7_pkey on sbtest7  (cost=0.43..10.29 rows=93 width=4)
	  Index Cond: ((id >= 3001802) AND (id <= 3001902))

table 8 : explain SELECT id FROM sbtest8 WHERE id BETWEEN 3001802 AND 3001902
	Index Only Scan using sbtest8_pkey on sbtest8  (cost=0.43..6.37 rows=97 width=4)
	  Index Cond: ((id >= 3001802) AND (id <= 3001902))

for range-covered
table 1 : explain SELECT id FROM sbtest1 WHERE id BETWEEN 4292619 AND 4292719
	Index Only Scan using sbtest1_pkey on sbtest1  (cost=0.43..6.45 rows=101 width=4)
	  Index Cond: ((id >= 4292619) AND (id <= 4292719))

table 2 : explain SELECT id FROM sbtest2 WHERE id BETWEEN 4292619 AND 4292719
	Index Only Scan using sbtest2_pkey on sbtest2  (cost=0.43..6.43 rows=100 width=4)
	  Index Cond: ((id >= 4292619) AND (id <= 4292719))

table 3 : explain SELECT id FROM sbtest3 WHERE id BETWEEN 4292619 AND 4292719
	Index Only Scan using sbtest3_pkey on sbtest3  (cost=0.43..10.38 rows=97 width=4)
	  Index Cond: ((id >= 4292619) AND (id <= 4292719))

table 4 : explain SELECT id FROM sbtest4 WHERE id BETWEEN 4292619 AND 4292719
	Index Only Scan using sbtest4_pkey on sbtest4  (cost=0.43..6.56 rows=106 width=4)
	  Index Cond: ((id >= 4292619) AND (id <= 4292719))

table 5 : explain SELECT id FROM sbtest5 WHERE id BETWEEN 4292619 AND 4292719
	Index Only Scan using sbtest5_pkey on sbtest5  (cost=0.43..6.43 rows=100 width=4)
	  Index Cond: ((id >= 4292619) AND (id <= 4292719))

table 6 : explain SELECT id FROM sbtest6 WHERE id BETWEEN 4292619 AND 4292719
	Index Only Scan using sbtest6_pkey on sbtest6  (cost=0.43..10.47 rows=102 width=4)
	  Index Cond: ((id >= 4292619) AND (id <= 4292719))

table 7 : explain SELECT id FROM sbtest7 WHERE id BETWEEN 4292619 AND 4292719
	Index Only Scan using sbtest7_pkey on sbtest7  (cost=0.43..10.40 rows=98 width=4)
	  Index Cond: ((id >= 4292619) AND (id <= 4292719))

table 8 : explain SELECT id FROM sbtest8 WHERE id BETWEEN 4292619 AND 4292719
	Index Only Scan using sbtest8_pkey on sbtest8  (cost=0.43..6.53 rows=105 width=4)
	  Index Cond: ((id >= 4292619) AND (id <= 4292719))

for range-covered
table 1 : explain SELECT id FROM sbtest1 WHERE id BETWEEN 7212908 AND 7213008
	Index Only Scan using sbtest1_pkey on sbtest1  (cost=0.43..6.51 rows=104 width=4)
	  Index Cond: ((id >= 7212908) AND (id <= 7213008))

table 2 : explain SELECT id FROM sbtest2 WHERE id BETWEEN 7212908 AND 7213008
	Index Only Scan using sbtest2_pkey on sbtest2  (cost=0.43..6.35 rows=96 width=4)
	  Index Cond: ((id >= 7212908) AND (id <= 7213008))

table 3 : explain SELECT id FROM sbtest3 WHERE id BETWEEN 7212908 AND 7213008
	Index Only Scan using sbtest3_pkey on sbtest3  (cost=0.43..10.36 rows=96 width=4)
	  Index Cond: ((id >= 7212908) AND (id <= 7213008))

table 4 : explain SELECT id FROM sbtest4 WHERE id BETWEEN 7212908 AND 7213008
	Index Only Scan using sbtest4_pkey on sbtest4  (cost=0.43..6.33 rows=95 width=4)
	  Index Cond: ((id >= 7212908) AND (id <= 7213008))

table 5 : explain SELECT id FROM sbtest5 WHERE id BETWEEN 7212908 AND 7213008
	Index Only Scan using sbtest5_pkey on sbtest5  (cost=0.43..6.42 rows=99 width=4)
	  Index Cond: ((id >= 7212908) AND (id <= 7213008))

table 6 : explain SELECT id FROM sbtest6 WHERE id BETWEEN 7212908 AND 7213008
	Index Only Scan using sbtest6_pkey on sbtest6  (cost=0.43..10.44 rows=100 width=4)
	  Index Cond: ((id >= 7212908) AND (id <= 7213008))

table 7 : explain SELECT id FROM sbtest7 WHERE id BETWEEN 7212908 AND 7213008
	Index Only Scan using sbtest7_pkey on sbtest7  (cost=0.43..10.40 rows=98 width=4)
	  Index Cond: ((id >= 7212908) AND (id <= 7213008))

table 8 : explain SELECT id FROM sbtest8 WHERE id BETWEEN 7212908 AND 7213008
	Index Only Scan using sbtest8_pkey on sbtest8  (cost=0.43..6.83 rows=120 width=4)
	  Index Cond: ((id >= 7212908) AND (id <= 7213008))

explain: for range-covered :: explain SELECT id FROM sbtest%d WHERE id BETWEEN 3001802 AND 3001902
explain: for range-covered :: explain SELECT id FROM sbtest%d WHERE id BETWEEN 4292619 AND 4292719
explain: for range-covered :: explain SELECT id FROM sbtest%d WHERE id BETWEEN 7212908 AND 7213008
for range-covered
table 1 : explain SELECT id FROM sbtest1 WHERE id BETWEEN 6189897 AND 6189997
	Index Only Scan using sbtest1_pkey on sbtest1  (cost=0.43..6.63 rows=110 width=4)
	  Index Cond: ((id >= 6189897) AND (id <= 6189997))

table 2 : explain SELECT id FROM sbtest2 WHERE id BETWEEN 6189897 AND 6189997
	Index Only Scan using sbtest2_pkey on sbtest2  (cost=0.43..6.56 rows=106 width=4)
	  Index Cond: ((id >= 6189897) AND (id <= 6189997))

table 3 : explain SELECT id FROM sbtest3 WHERE id BETWEEN 6189897 AND 6189997
	Index Only Scan using sbtest3_pkey on sbtest3  (cost=0.43..10.51 rows=104 width=4)
	  Index Cond: ((id >= 6189897) AND (id <= 6189997))

table 4 : explain SELECT id FROM sbtest4 WHERE id BETWEEN 6189897 AND 6189997
	Index Only Scan using sbtest4_pkey on sbtest4  (cost=0.43..6.66 rows=111 width=4)
	  Index Cond: ((id >= 6189897) AND (id <= 6189997))

table 5 : explain SELECT id FROM sbtest5 WHERE id BETWEEN 6189897 AND 6189997
	Index Only Scan using sbtest5_pkey on sbtest5  (cost=0.43..6.90 rows=123 width=4)
	  Index Cond: ((id >= 6189897) AND (id <= 6189997))

table 6 : explain SELECT id FROM sbtest6 WHERE id BETWEEN 6189897 AND 6189997
	Index Only Scan using sbtest6_pkey on sbtest6  (cost=0.43..10.42 rows=99 width=4)
	  Index Cond: ((id >= 6189897) AND (id <= 6189997))

table 7 : explain SELECT id FROM sbtest7 WHERE id BETWEEN 6189897 AND 6189997
	Index Only Scan using sbtest7_pkey on sbtest7  (cost=0.43..10.51 rows=104 width=4)
	  Index Cond: ((id >= 6189897) AND (id <= 6189997))

table 8 : explain SELECT id FROM sbtest8 WHERE id BETWEEN 6189897 AND 6189997
	Index Only Scan using sbtest8_pkey on sbtest8  (cost=0.43..6.51 rows=104 width=4)
	  Index Cond: ((id >= 6189897) AND (id <= 6189997))

explain: for range-covered :: explain SELECT id FROM sbtest%d WHERE id BETWEEN 6189897 AND 6189997
for range-covered
table 1 : explain SELECT id FROM sbtest1 WHERE id BETWEEN 8272612 AND 8272712
	Index Only Scan using sbtest1_pkey on sbtest1  (cost=0.43..6.63 rows=110 width=4)
	  Index Cond: ((id >= 8272612) AND (id <= 8272712))

table 2 : explain SELECT id FROM sbtest2 WHERE id BETWEEN 8272612 AND 8272712
	Index Only Scan using sbtest2_pkey on sbtest2  (cost=0.43..6.40 rows=98 width=4)
	  Index Cond: ((id >= 8272612) AND (id <= 8272712))

table 3 : explain SELECT id FROM sbtest3 WHERE id BETWEEN 8272612 AND 8272712
	Index Only Scan using sbtest3_pkey on sbtest3  (cost=0.43..10.26 rows=91 width=4)
	  Index Cond: ((id >= 8272612) AND (id <= 8272712))

table 4 : explain SELECT id FROM sbtest4 WHERE id BETWEEN 8272612 AND 8272712
	Index Only Scan using sbtest4_pkey on sbtest4  (cost=0.43..6.45 rows=101 width=4)
	  Index Cond: ((id >= 8272612) AND (id <= 8272712))

table 5 : explain SELECT id FROM sbtest5 WHERE id BETWEEN 8272612 AND 8272712
	Index Only Scan using sbtest5_pkey on sbtest5  (cost=0.43..6.32 rows=94 width=4)
	  Index Cond: ((id >= 8272612) AND (id <= 8272712))

table 6 : explain SELECT id FROM sbtest6 WHERE id BETWEEN 8272612 AND 8272712
	Index Only Scan using sbtest6_pkey on sbtest6  (cost=0.43..10.33 rows=95 width=4)
	  Index Cond: ((id >= 8272612) AND (id <= 8272712))

table 7 : explain SELECT id FROM sbtest7 WHERE id BETWEEN 8272612 AND 8272712
	Index Only Scan using sbtest7_pkey on sbtest7  (cost=0.43..10.42 rows=99 width=4)
	  Index Cond: ((id >= 8272612) AND (id <= 8272712))

table 8 : explain SELECT id FROM sbtest8 WHERE id BETWEEN 8272612 AND 8272712
	Index Only Scan using sbtest8_pkey on sbtest8  (cost=0.43..6.43 rows=100 width=4)
	  Index Cond: ((id >= 8272612) AND (id <= 8272712))

explain: for range-covered :: explain SELECT id FROM sbtest%d WHERE id BETWEEN 8272612 AND 8272712
for range-covered
table 1 : explain SELECT id FROM sbtest1 WHERE id BETWEEN 3673771 AND 3673871
	Index Only Scan using sbtest1_pkey on sbtest1  (cost=0.43..6.35 rows=96 width=4)
	  Index Cond: ((id >= 3673771) AND (id <= 3673871))

table 2 : explain SELECT id FROM sbtest2 WHERE id BETWEEN 3673771 AND 3673871
	Index Only Scan using sbtest2_pkey on sbtest2  (cost=0.43..6.61 rows=109 width=4)
	  Index Cond: ((id >= 3673771) AND (id <= 3673871))

table 3 : explain SELECT id FROM sbtest3 WHERE id BETWEEN 3673771 AND 3673871
	Index Only Scan using sbtest3_pkey on sbtest3  (cost=0.43..10.24 rows=90 width=4)
	  Index Cond: ((id >= 3673771) AND (id <= 3673871))

table 4 : explain SELECT id FROM sbtest4 WHERE id BETWEEN 3673771 AND 3673871
	Index Only Scan using sbtest4_pkey on sbtest4  (cost=0.43..6.51 rows=104 width=4)
	  Index Cond: ((id >= 3673771) AND (id <= 3673871))

table 5 : explain SELECT id FROM sbtest5 WHERE id BETWEEN 3673771 AND 3673871
	Index Only Scan using sbtest5_pkey on sbtest5  (cost=0.43..6.43 rows=100 width=4)
	  Index Cond: ((id >= 3673771) AND (id <= 3673871))

table 6 : explain SELECT id FROM sbtest6 WHERE id BETWEEN 3673771 AND 3673871
	Index Only Scan using sbtest6_pkey on sbtest6  (cost=0.43..10.42 rows=99 width=4)
	  Index Cond: ((id >= 3673771) AND (id <= 3673871))

table 7 : explain SELECT id FROM sbtest7 WHERE id BETWEEN 3673771 AND 3673871
	Index Only Scan using sbtest7_pkey on sbtest7  (cost=0.43..10.54 rows=105 width=4)
	  Index Cond: ((id >= 3673771) AND (id <= 3673871))

table 8 : explain SELECT id FROM sbtest8 WHERE id BETWEEN 3673771 AND 3673871
	Index Only Scan using sbtest8_pkey on sbtest8  (cost=0.43..6.51 rows=104 width=4)
	  Index Cond: ((id >= 3673771) AND (id <= 3673871))

explain: for range-covered :: explain SELECT id FROM sbtest%d WHERE id BETWEEN 3673771 AND 3673871
for range-covered
table 1 : explain SELECT id FROM sbtest1 WHERE id BETWEEN 2654836 AND 2654936
	Index Only Scan using sbtest1_pkey on sbtest1  (cost=0.43..6.43 rows=100 width=4)
	  Index Cond: ((id >= 2654836) AND (id <= 2654936))

table 2 : explain SELECT id FROM sbtest2 WHERE id BETWEEN 2654836 AND 2654936
	Index Only Scan using sbtest2_pkey on sbtest2  (cost=0.43..6.50 rows=103 width=4)
	  Index Cond: ((id >= 2654836) AND (id <= 2654936))

table 3 : explain SELECT id FROM sbtest3 WHERE id BETWEEN 2654836 AND 2654936
	Index Only Scan using sbtest3_pkey on sbtest3  (cost=0.43..10.56 rows=106 width=4)
	  Index Cond: ((id >= 2654836) AND (id <= 2654936))

table 4 : explain SELECT id FROM sbtest4 WHERE id BETWEEN 2654836 AND 2654936
	Index Only Scan using sbtest4_pkey on sbtest4  (cost=0.43..6.37 rows=97 width=4)
	  Index Cond: ((id >= 2654836) AND (id <= 2654936))

table 5 : explain SELECT id FROM sbtest5 WHERE id BETWEEN 2654836 AND 2654936
	Index Only Scan using sbtest5_pkey on sbtest5  (cost=0.43..6.47 rows=102 width=4)
	  Index Cond: ((id >= 2654836) AND (id <= 2654936))

table 6 : explain SELECT id FROM sbtest6 WHERE id BETWEEN 2654836 AND 2654936
	Index Only Scan using sbtest6_pkey on sbtest6  (cost=0.43..10.32 rows=94 width=4)
	  Index Cond: ((id >= 2654836) AND (id <= 2654936))

table 7 : explain SELECT id FROM sbtest7 WHERE id BETWEEN 2654836 AND 2654936
	Index Only Scan using sbtest7_pkey on sbtest7  (cost=0.43..10.54 rows=105 width=4)
	  Index Cond: ((id >= 2654836) AND (id <= 2654936))

table 8 : explain SELECT id FROM sbtest8 WHERE id BETWEEN 2654836 AND 2654936
	Index Only Scan using sbtest8_pkey on sbtest8  (cost=0.43..6.45 rows=101 width=4)
	  Index Cond: ((id >= 2654836) AND (id <= 2654936))

for range-covered
table 1 : explain SELECT id FROM sbtest1 WHERE id BETWEEN 4292619 AND 4292719
	Index Only Scan using sbtest1_pkey on sbtest1  (cost=0.43..6.45 rows=101 width=4)
	  Index Cond: ((id >= 4292619) AND (id <= 4292719))

table 2 : explain SELECT id FROM sbtest2 WHERE id BETWEEN 4292619 AND 4292719
	Index Only Scan using sbtest2_pkey on sbtest2  (cost=0.43..6.43 rows=100 width=4)
	  Index Cond: ((id >= 4292619) AND (id <= 4292719))

table 3 : explain SELECT id FROM sbtest3 WHERE id BETWEEN 4292619 AND 4292719
	Index Only Scan using sbtest3_pkey on sbtest3  (cost=0.43..10.38 rows=97 width=4)
	  Index Cond: ((id >= 4292619) AND (id <= 4292719))

table 4 : explain SELECT id FROM sbtest4 WHERE id BETWEEN 4292619 AND 4292719
	Index Only Scan using sbtest4_pkey on sbtest4  (cost=0.43..6.56 rows=106 width=4)
	  Index Cond: ((id >= 4292619) AND (id <= 4292719))

table 5 : explain SELECT id FROM sbtest5 WHERE id BETWEEN 4292619 AND 4292719
	Index Only Scan using sbtest5_pkey on sbtest5  (cost=0.43..6.43 rows=100 width=4)
	  Index Cond: ((id >= 4292619) AND (id <= 4292719))

table 6 : explain SELECT id FROM sbtest6 WHERE id BETWEEN 4292619 AND 4292719
	Index Only Scan using sbtest6_pkey on sbtest6  (cost=0.43..10.47 rows=102 width=4)
	  Index Cond: ((id >= 4292619) AND (id <= 4292719))

table 7 : explain SELECT id FROM sbtest7 WHERE id BETWEEN 4292619 AND 4292719
	Index Only Scan using sbtest7_pkey on sbtest7  (cost=0.43..10.40 rows=98 width=4)
	  Index Cond: ((id >= 4292619) AND (id <= 4292719))

table 8 : explain SELECT id FROM sbtest8 WHERE id BETWEEN 4292619 AND 4292719
	Index Only Scan using sbtest8_pkey on sbtest8  (cost=0.43..6.53 rows=105 width=4)
	  Index Cond: ((id >= 4292619) AND (id <= 4292719))

for range-covered
table 1 : explain SELECT id FROM sbtest1 WHERE id BETWEEN 3001802 AND 3001902
	Index Only Scan using sbtest1_pkey on sbtest1  (cost=0.43..6.51 rows=104 width=4)
	  Index Cond: ((id >= 3001802) AND (id <= 3001902))

table 2 : explain SELECT id FROM sbtest2 WHERE id BETWEEN 3001802 AND 3001902
	Index Only Scan using sbtest2_pkey on sbtest2  (cost=0.43..6.47 rows=102 width=4)
	  Index Cond: ((id >= 3001802) AND (id <= 3001902))

table 3 : explain SELECT id FROM sbtest3 WHERE id BETWEEN 3001802 AND 3001902
	Index Only Scan using sbtest3_pkey on sbtest3  (cost=0.43..10.63 rows=110 width=4)
	  Index Cond: ((id >= 3001802) AND (id <= 3001902))

table 4 : explain SELECT id FROM sbtest4 WHERE id BETWEEN 3001802 AND 3001902
	Index Only Scan using sbtest4_pkey on sbtest4  (cost=0.43..6.32 rows=94 width=4)
	  Index Cond: ((id >= 3001802) AND (id <= 3001902))

table 5 : explain SELECT id FROM sbtest5 WHERE id BETWEEN 3001802 AND 3001902
	Index Only Scan using sbtest5_pkey on sbtest5  (cost=0.43..6.37 rows=97 width=4)
	  Index Cond: ((id >= 3001802) AND (id <= 3001902))

table 6 : explain SELECT id FROM sbtest6 WHERE id BETWEEN 3001802 AND 3001902
	Index Only Scan using sbtest6_pkey on sbtest6  (cost=0.43..10.44 rows=100 width=4)
	  Index Cond: ((id >= 3001802) AND (id <= 3001902))

table 7 : explain SELECT id FROM sbtest7 WHERE id BETWEEN 3001802 AND 3001902
	Index Only Scan using sbtest7_pkey on sbtest7  (cost=0.43..10.29 rows=93 width=4)
	  Index Cond: ((id >= 3001802) AND (id <= 3001902))

table 8 : explain SELECT id FROM sbtest8 WHERE id BETWEEN 3001802 AND 3001902
	Index Only Scan using sbtest8_pkey on sbtest8  (cost=0.43..6.37 rows=97 width=4)
	  Index Cond: ((id >= 3001802) AND (id <= 3001902))

for range-covered
table 1 : explain SELECT id FROM sbtest1 WHERE id BETWEEN 7212908 AND 7213008
	Index Only Scan using sbtest1_pkey on sbtest1  (cost=0.43..6.51 rows=104 width=4)
	  Index Cond: ((id >= 7212908) AND (id <= 7213008))

table 2 : explain SELECT id FROM sbtest2 WHERE id BETWEEN 7212908 AND 7213008
	Index Only Scan using sbtest2_pkey on sbtest2  (cost=0.43..6.35 rows=96 width=4)
	  Index Cond: ((id >= 7212908) AND (id <= 7213008))

table 3 : explain SELECT id FROM sbtest3 WHERE id BETWEEN 7212908 AND 7213008
	Index Only Scan using sbtest3_pkey on sbtest3  (cost=0.43..10.36 rows=96 width=4)
	  Index Cond: ((id >= 7212908) AND (id <= 7213008))

table 4 : explain SELECT id FROM sbtest4 WHERE id BETWEEN 7212908 AND 7213008
	Index Only Scan using sbtest4_pkey on sbtest4  (cost=0.43..6.33 rows=95 width=4)
	  Index Cond: ((id >= 7212908) AND (id <= 7213008))

table 5 : explain SELECT id FROM sbtest5 WHERE id BETWEEN 7212908 AND 7213008
	Index Only Scan using sbtest5_pkey on sbtest5  (cost=0.43..6.42 rows=99 width=4)
	  Index Cond: ((id >= 7212908) AND (id <= 7213008))

table 6 : explain SELECT id FROM sbtest6 WHERE id BETWEEN 7212908 AND 7213008
	Index Only Scan using sbtest6_pkey on sbtest6  (cost=0.43..10.44 rows=100 width=4)
	  Index Cond: ((id >= 7212908) AND (id <= 7213008))

table 7 : explain SELECT id FROM sbtest7 WHERE id BETWEEN 7212908 AND 7213008
	Index Only Scan using sbtest7_pkey on sbtest7  (cost=0.43..10.40 rows=98 width=4)
	  Index Cond: ((id >= 7212908) AND (id <= 7213008))

table 8 : explain SELECT id FROM sbtest8 WHERE id BETWEEN 7212908 AND 7213008
	Index Only Scan using sbtest8_pkey on sbtest8  (cost=0.43..6.83 rows=120 width=4)
	  Index Cond: ((id >= 7212908) AND (id <= 7213008))

explain: for range-covered :: explain SELECT id FROM sbtest%d WHERE id BETWEEN 4292619 AND 4292719
explain: for range-covered :: explain SELECT id FROM sbtest%d WHERE id BETWEEN 3001802 AND 3001902
for range-covered
table 1 : explain SELECT id FROM sbtest1 WHERE id BETWEEN 6189897 AND 6189997
	Index Only Scan using sbtest1_pkey on sbtest1  (cost=0.43..6.63 rows=110 width=4)
	  Index Cond: ((id >= 6189897) AND (id <= 6189997))

table 2 : explain SELECT id FROM sbtest2 WHERE id BETWEEN 6189897 AND 6189997
	Index Only Scan using sbtest2_pkey on sbtest2  (cost=0.43..6.56 rows=106 width=4)
	  Index Cond: ((id >= 6189897) AND (id <= 6189997))

table 3 : explain SELECT id FROM sbtest3 WHERE id BETWEEN 6189897 AND 6189997
	Index Only Scan using sbtest3_pkey on sbtest3  (cost=0.43..10.51 rows=104 width=4)
	  Index Cond: ((id >= 6189897) AND (id <= 6189997))

table 4 : explain SELECT id FROM sbtest4 WHERE id BETWEEN 6189897 AND 6189997
	Index Only Scan using sbtest4_pkey on sbtest4  (cost=0.43..6.66 rows=111 width=4)
	  Index Cond: ((id >= 6189897) AND (id <= 6189997))

table 5 : explain SELECT id FROM sbtest5 WHERE id BETWEEN 6189897 AND 6189997
	Index Only Scan using sbtest5_pkey on sbtest5  (cost=0.43..6.90 rows=123 width=4)
	  Index Cond: ((id >= 6189897) AND (id <= 6189997))

table 6 : explain SELECT id FROM sbtest6 WHERE id BETWEEN 6189897 AND 6189997
	Index Only Scan using sbtest6_pkey on sbtest6  (cost=0.43..10.42 rows=99 width=4)
	  Index Cond: ((id >= 6189897) AND (id <= 6189997))

table 7 : explain SELECT id FROM sbtest7 WHERE id BETWEEN 6189897 AND 6189997
	Index Only Scan using sbtest7_pkey on sbtest7  (cost=0.43..10.51 rows=104 width=4)
	  Index Cond: ((id >= 6189897) AND (id <= 6189997))

table 8 : explain SELECT id FROM sbtest8 WHERE id BETWEEN 6189897 AND 6189997
	Index Only Scan using sbtest8_pkey on sbtest8  (cost=0.43..6.51 rows=104 width=4)
	  Index Cond: ((id >= 6189897) AND (id <= 6189997))

explain: for range-covered :: explain SELECT id FROM sbtest%d WHERE id BETWEEN 6189897 AND 6189997
explain: for range-covered :: explain SELECT id FROM sbtest%d WHERE id BETWEEN 7026316 AND 7026416
for range-covered
table 1 : explain SELECT id FROM sbtest1 WHERE id BETWEEN 8272612 AND 8272712
	Index Only Scan using sbtest1_pkey on sbtest1  (cost=0.43..6.63 rows=110 width=4)
	  Index Cond: ((id >= 8272612) AND (id <= 8272712))

table 2 : explain SELECT id FROM sbtest2 WHERE id BETWEEN 8272612 AND 8272712
	Index Only Scan using sbtest2_pkey on sbtest2  (cost=0.43..6.40 rows=98 width=4)
	  Index Cond: ((id >= 8272612) AND (id <= 8272712))

table 3 : explain SELECT id FROM sbtest3 WHERE id BETWEEN 8272612 AND 8272712
	Index Only Scan using sbtest3_pkey on sbtest3  (cost=0.43..10.26 rows=91 width=4)
	  Index Cond: ((id >= 8272612) AND (id <= 8272712))

table 4 : explain SELECT id FROM sbtest4 WHERE id BETWEEN 8272612 AND 8272712
	Index Only Scan using sbtest4_pkey on sbtest4  (cost=0.43..6.45 rows=101 width=4)
	  Index Cond: ((id >= 8272612) AND (id <= 8272712))

table 5 : explain SELECT id FROM sbtest5 WHERE id BETWEEN 8272612 AND 8272712
	Index Only Scan using sbtest5_pkey on sbtest5  (cost=0.43..6.32 rows=94 width=4)
	  Index Cond: ((id >= 8272612) AND (id <= 8272712))

table 6 : explain SELECT id FROM sbtest6 WHERE id BETWEEN 8272612 AND 8272712
	Index Only Scan using sbtest6_pkey on sbtest6  (cost=0.43..10.33 rows=95 width=4)
	  Index Cond: ((id >= 8272612) AND (id <= 8272712))

table 7 : explain SELECT id FROM sbtest7 WHERE id BETWEEN 8272612 AND 8272712
	Index Only Scan using sbtest7_pkey on sbtest7  (cost=0.43..10.42 rows=99 width=4)
	  Index Cond: ((id >= 8272612) AND (id <= 8272712))

table 8 : explain SELECT id FROM sbtest8 WHERE id BETWEEN 8272612 AND 8272712
	Index Only Scan using sbtest8_pkey on sbtest8  (cost=0.43..6.43 rows=100 width=4)
	  Index Cond: ((id >= 8272612) AND (id <= 8272712))

explain: for range-covered :: explain SELECT id FROM sbtest%d WHERE id BETWEEN 8272612 AND 8272712
for range-covered
table 1 : explain SELECT id FROM sbtest1 WHERE id BETWEEN 3673771 AND 3673871
	Index Only Scan using sbtest1_pkey on sbtest1  (cost=0.43..6.35 rows=96 width=4)
	  Index Cond: ((id >= 3673771) AND (id <= 3673871))

table 2 : explain SELECT id FROM sbtest2 WHERE id BETWEEN 3673771 AND 3673871
	Index Only Scan using sbtest2_pkey on sbtest2  (cost=0.43..6.61 rows=109 width=4)
	  Index Cond: ((id >= 3673771) AND (id <= 3673871))

table 3 : explain SELECT id FROM sbtest3 WHERE id BETWEEN 3673771 AND 3673871
	Index Only Scan using sbtest3_pkey on sbtest3  (cost=0.43..10.24 rows=90 width=4)
	  Index Cond: ((id >= 3673771) AND (id <= 3673871))

table 4 : explain SELECT id FROM sbtest4 WHERE id BETWEEN 3673771 AND 3673871
	Index Only Scan using sbtest4_pkey on sbtest4  (cost=0.43..6.51 rows=104 width=4)
	  Index Cond: ((id >= 3673771) AND (id <= 3673871))

table 5 : explain SELECT id FROM sbtest5 WHERE id BETWEEN 3673771 AND 3673871
	Index Only Scan using sbtest5_pkey on sbtest5  (cost=0.43..6.43 rows=100 width=4)
	  Index Cond: ((id >= 3673771) AND (id <= 3673871))

table 6 : explain SELECT id FROM sbtest6 WHERE id BETWEEN 3673771 AND 3673871
	Index Only Scan using sbtest6_pkey on sbtest6  (cost=0.43..10.42 rows=99 width=4)
	  Index Cond: ((id >= 3673771) AND (id <= 3673871))

table 7 : explain SELECT id FROM sbtest7 WHERE id BETWEEN 3673771 AND 3673871
	Index Only Scan using sbtest7_pkey on sbtest7  (cost=0.43..10.54 rows=105 width=4)
	  Index Cond: ((id >= 3673771) AND (id <= 3673871))

table 8 : explain SELECT id FROM sbtest8 WHERE id BETWEEN 3673771 AND 3673871
	Index Only Scan using sbtest8_pkey on sbtest8  (cost=0.43..6.51 rows=104 width=4)
	  Index Cond: ((id >= 3673771) AND (id <= 3673871))

for range-covered
table 1 : explain SELECT id FROM sbtest1 WHERE id BETWEEN 3001802 AND 3001902
	Index Only Scan using sbtest1_pkey on sbtest1  (cost=0.43..6.51 rows=104 width=4)
	  Index Cond: ((id >= 3001802) AND (id <= 3001902))

table 2 : explain SELECT id FROM sbtest2 WHERE id BETWEEN 3001802 AND 3001902
	Index Only Scan using sbtest2_pkey on sbtest2  (cost=0.43..6.47 rows=102 width=4)
	  Index Cond: ((id >= 3001802) AND (id <= 3001902))

table 3 : explain SELECT id FROM sbtest3 WHERE id BETWEEN 3001802 AND 3001902
	Index Only Scan using sbtest3_pkey on sbtest3  (cost=0.43..10.63 rows=110 width=4)
	  Index Cond: ((id >= 3001802) AND (id <= 3001902))

table 4 : explain SELECT id FROM sbtest4 WHERE id BETWEEN 3001802 AND 3001902
	Index Only Scan using sbtest4_pkey on sbtest4  (cost=0.43..6.32 rows=94 width=4)
	  Index Cond: ((id >= 3001802) AND (id <= 3001902))

table 5 : explain SELECT id FROM sbtest5 WHERE id BETWEEN 3001802 AND 3001902
	Index Only Scan using sbtest5_pkey on sbtest5  (cost=0.43..6.37 rows=97 width=4)
	  Index Cond: ((id >= 3001802) AND (id <= 3001902))

table 6 : explain SELECT id FROM sbtest6 WHERE id BETWEEN 3001802 AND 3001902
	Index Only Scan using sbtest6_pkey on sbtest6  (cost=0.43..10.44 rows=100 width=4)
	  Index Cond: ((id >= 3001802) AND (id <= 3001902))

table 7 : explain SELECT id FROM sbtest7 WHERE id BETWEEN 3001802 AND 3001902
	Index Only Scan using sbtest7_pkey on sbtest7  (cost=0.43..10.29 rows=93 width=4)
	  Index Cond: ((id >= 3001802) AND (id <= 3001902))

table 8 : explain SELECT id FROM sbtest8 WHERE id BETWEEN 3001802 AND 3001902
	Index Only Scan using sbtest8_pkey on sbtest8  (cost=0.43..6.37 rows=97 width=4)
	  Index Cond: ((id >= 3001802) AND (id <= 3001902))

for range-covered
table 1 : explain SELECT id FROM sbtest1 WHERE id BETWEEN 4292619 AND 4292719
	Index Only Scan using sbtest1_pkey on sbtest1  (cost=0.43..6.45 rows=101 width=4)
	  Index Cond: ((id >= 4292619) AND (id <= 4292719))

table 2 : explain SELECT id FROM sbtest2 WHERE id BETWEEN 4292619 AND 4292719
	Index Only Scan using sbtest2_pkey on sbtest2  (cost=0.43..6.43 rows=100 width=4)
	  Index Cond: ((id >= 4292619) AND (id <= 4292719))

table 3 : explain SELECT id FROM sbtest3 WHERE id BETWEEN 4292619 AND 4292719
	Index Only Scan using sbtest3_pkey on sbtest3  (cost=0.43..10.38 rows=97 width=4)
	  Index Cond: ((id >= 4292619) AND (id <= 4292719))

table 4 : explain SELECT id FROM sbtest4 WHERE id BETWEEN 4292619 AND 4292719
	Index Only Scan using sbtest4_pkey on sbtest4  (cost=0.43..6.56 rows=106 width=4)
	  Index Cond: ((id >= 4292619) AND (id <= 4292719))

table 5 : explain SELECT id FROM sbtest5 WHERE id BETWEEN 4292619 AND 4292719
	Index Only Scan using sbtest5_pkey on sbtest5  (cost=0.43..6.43 rows=100 width=4)
	  Index Cond: ((id >= 4292619) AND (id <= 4292719))

table 6 : explain SELECT id FROM sbtest6 WHERE id BETWEEN 4292619 AND 4292719
	Index Only Scan using sbtest6_pkey on sbtest6  (cost=0.43..10.47 rows=102 width=4)
	  Index Cond: ((id >= 4292619) AND (id <= 4292719))

table 7 : explain SELECT id FROM sbtest7 WHERE id BETWEEN 4292619 AND 4292719
	Index Only Scan using sbtest7_pkey on sbtest7  (cost=0.43..10.40 rows=98 width=4)
	  Index Cond: ((id >= 4292619) AND (id <= 4292719))

table 8 : explain SELECT id FROM sbtest8 WHERE id BETWEEN 4292619 AND 4292719
	Index Only Scan using sbtest8_pkey on sbtest8  (cost=0.43..6.53 rows=105 width=4)
	  Index Cond: ((id >= 4292619) AND (id <= 4292719))

explain: for range-covered :: explain SELECT id FROM sbtest%d WHERE id BETWEEN 3001802 AND 3001902
explain: for range-covered :: explain SELECT id FROM sbtest%d WHERE id BETWEEN 4292619 AND 4292719
for range-covered
table 1 : explain SELECT id FROM sbtest1 WHERE id BETWEEN 6189897 AND 6189997
	Index Only Scan using sbtest1_pkey on sbtest1  (cost=0.43..6.63 rows=110 width=4)
	  Index Cond: ((id >= 6189897) AND (id <= 6189997))

table 2 : explain SELECT id FROM sbtest2 WHERE id BETWEEN 6189897 AND 6189997
	Index Only Scan using sbtest2_pkey on sbtest2  (cost=0.43..6.56 rows=106 width=4)
	  Index Cond: ((id >= 6189897) AND (id <= 6189997))

table 3 : explain SELECT id FROM sbtest3 WHERE id BETWEEN 6189897 AND 6189997
	Index Only Scan using sbtest3_pkey on sbtest3  (cost=0.43..10.51 rows=104 width=4)
	  Index Cond: ((id >= 6189897) AND (id <= 6189997))

table 4 : explain SELECT id FROM sbtest4 WHERE id BETWEEN 6189897 AND 6189997
	Index Only Scan using sbtest4_pkey on sbtest4  (cost=0.43..6.66 rows=111 width=4)
	  Index Cond: ((id >= 6189897) AND (id <= 6189997))

table 5 : explain SELECT id FROM sbtest5 WHERE id BETWEEN 6189897 AND 6189997
	Index Only Scan using sbtest5_pkey on sbtest5  (cost=0.43..6.90 rows=123 width=4)
	  Index Cond: ((id >= 6189897) AND (id <= 6189997))

table 6 : explain SELECT id FROM sbtest6 WHERE id BETWEEN 6189897 AND 6189997
	Index Only Scan using sbtest6_pkey on sbtest6  (cost=0.43..10.42 rows=99 width=4)
	  Index Cond: ((id >= 6189897) AND (id <= 6189997))

table 7 : explain SELECT id FROM sbtest7 WHERE id BETWEEN 6189897 AND 6189997
	Index Only Scan using sbtest7_pkey on sbtest7  (cost=0.43..10.51 rows=104 width=4)
	  Index Cond: ((id >= 6189897) AND (id <= 6189997))

table 8 : explain SELECT id FROM sbtest8 WHERE id BETWEEN 6189897 AND 6189997
	Index Only Scan using sbtest8_pkey on sbtest8  (cost=0.43..6.51 rows=104 width=4)
	  Index Cond: ((id >= 6189897) AND (id <= 6189997))

explain: for range-covered :: explain SELECT id FROM sbtest%d WHERE id BETWEEN 6189897 AND 6189997
for range-covered
table 1 : explain SELECT id FROM sbtest1 WHERE id BETWEEN 8272612 AND 8272712
	Index Only Scan using sbtest1_pkey on sbtest1  (cost=0.43..6.63 rows=110 width=4)
	  Index Cond: ((id >= 8272612) AND (id <= 8272712))

table 2 : explain SELECT id FROM sbtest2 WHERE id BETWEEN 8272612 AND 8272712
	Index Only Scan using sbtest2_pkey on sbtest2  (cost=0.43..6.40 rows=98 width=4)
	  Index Cond: ((id >= 8272612) AND (id <= 8272712))

table 3 : explain SELECT id FROM sbtest3 WHERE id BETWEEN 8272612 AND 8272712
	Index Only Scan using sbtest3_pkey on sbtest3  (cost=0.43..10.26 rows=91 width=4)
	  Index Cond: ((id >= 8272612) AND (id <= 8272712))

table 4 : explain SELECT id FROM sbtest4 WHERE id BETWEEN 8272612 AND 8272712
	Index Only Scan using sbtest4_pkey on sbtest4  (cost=0.43..6.45 rows=101 width=4)
	  Index Cond: ((id >= 8272612) AND (id <= 8272712))

table 5 : explain SELECT id FROM sbtest5 WHERE id BETWEEN 8272612 AND 8272712
	Index Only Scan using sbtest5_pkey on sbtest5  (cost=0.43..6.32 rows=94 width=4)
	  Index Cond: ((id >= 8272612) AND (id <= 8272712))

table 6 : explain SELECT id FROM sbtest6 WHERE id BETWEEN 8272612 AND 8272712
	Index Only Scan using sbtest6_pkey on sbtest6  (cost=0.43..10.33 rows=95 width=4)
	  Index Cond: ((id >= 8272612) AND (id <= 8272712))

table 7 : explain SELECT id FROM sbtest7 WHERE id BETWEEN 8272612 AND 8272712
	Index Only Scan using sbtest7_pkey on sbtest7  (cost=0.43..10.42 rows=99 width=4)
	  Index Cond: ((id >= 8272612) AND (id <= 8272712))

table 8 : explain SELECT id FROM sbtest8 WHERE id BETWEEN 8272612 AND 8272712
	Index Only Scan using sbtest8_pkey on sbtest8  (cost=0.43..6.43 rows=100 width=4)
	  Index Cond: ((id >= 8272612) AND (id <= 8272712))

explain: for range-covered :: explain SELECT id FROM sbtest%d WHERE id BETWEEN 8272612 AND 8272712
for range-covered
table 1 : explain SELECT id FROM sbtest1 WHERE id BETWEEN 4292619 AND 4292719
	Index Only Scan using sbtest1_pkey on sbtest1  (cost=0.43..6.45 rows=101 width=4)
	  Index Cond: ((id >= 4292619) AND (id <= 4292719))

table 2 : explain SELECT id FROM sbtest2 WHERE id BETWEEN 4292619 AND 4292719
	Index Only Scan using sbtest2_pkey on sbtest2  (cost=0.43..6.43 rows=100 width=4)
	  Index Cond: ((id >= 4292619) AND (id <= 4292719))

table 3 : explain SELECT id FROM sbtest3 WHERE id BETWEEN 4292619 AND 4292719
	Index Only Scan using sbtest3_pkey on sbtest3  (cost=0.43..10.38 rows=97 width=4)
	  Index Cond: ((id >= 4292619) AND (id <= 4292719))

table 4 : explain SELECT id FROM sbtest4 WHERE id BETWEEN 4292619 AND 4292719
	Index Only Scan using sbtest4_pkey on sbtest4  (cost=0.43..6.56 rows=106 width=4)
	  Index Cond: ((id >= 4292619) AND (id <= 4292719))

table 5 : explain SELECT id FROM sbtest5 WHERE id BETWEEN 4292619 AND 4292719
	Index Only Scan using sbtest5_pkey on sbtest5  (cost=0.43..6.43 rows=100 width=4)
	  Index Cond: ((id >= 4292619) AND (id <= 4292719))

table 6 : explain SELECT id FROM sbtest6 WHERE id BETWEEN 4292619 AND 4292719
	Index Only Scan using sbtest6_pkey on sbtest6  (cost=0.43..10.47 rows=102 width=4)
	  Index Cond: ((id >= 4292619) AND (id <= 4292719))

table 7 : explain SELECT id FROM sbtest7 WHERE id BETWEEN 4292619 AND 4292719
	Index Only Scan using sbtest7_pkey on sbtest7  (cost=0.43..10.40 rows=98 width=4)
	  Index Cond: ((id >= 4292619) AND (id <= 4292719))

table 8 : explain SELECT id FROM sbtest8 WHERE id BETWEEN 4292619 AND 4292719
	Index Only Scan using sbtest8_pkey on sbtest8  (cost=0.43..6.53 rows=105 width=4)
	  Index Cond: ((id >= 4292619) AND (id <= 4292719))

for range-covered
table 1 : explain SELECT id FROM sbtest1 WHERE id BETWEEN 3001802 AND 3001902
	Index Only Scan using sbtest1_pkey on sbtest1  (cost=0.43..6.51 rows=104 width=4)
	  Index Cond: ((id >= 3001802) AND (id <= 3001902))

table 2 : explain SELECT id FROM sbtest2 WHERE id BETWEEN 3001802 AND 3001902
	Index Only Scan using sbtest2_pkey on sbtest2  (cost=0.43..6.47 rows=102 width=4)
	  Index Cond: ((id >= 3001802) AND (id <= 3001902))

table 3 : explain SELECT id FROM sbtest3 WHERE id BETWEEN 3001802 AND 3001902
	Index Only Scan using sbtest3_pkey on sbtest3  (cost=0.43..10.63 rows=110 width=4)
	  Index Cond: ((id >= 3001802) AND (id <= 3001902))

table 4 : explain SELECT id FROM sbtest4 WHERE id BETWEEN 3001802 AND 3001902
	Index Only Scan using sbtest4_pkey on sbtest4  (cost=0.43..6.32 rows=94 width=4)
	  Index Cond: ((id >= 3001802) AND (id <= 3001902))

table 5 : explain SELECT id FROM sbtest5 WHERE id BETWEEN 3001802 AND 3001902
	Index Only Scan using sbtest5_pkey on sbtest5  (cost=0.43..6.37 rows=97 width=4)
	  Index Cond: ((id >= 3001802) AND (id <= 3001902))

table 6 : explain SELECT id FROM sbtest6 WHERE id BETWEEN 3001802 AND 3001902
	Index Only Scan using sbtest6_pkey on sbtest6  (cost=0.43..10.44 rows=100 width=4)
	  Index Cond: ((id >= 3001802) AND (id <= 3001902))

table 7 : explain SELECT id FROM sbtest7 WHERE id BETWEEN 3001802 AND 3001902
	Index Only Scan using sbtest7_pkey on sbtest7  (cost=0.43..10.29 rows=93 width=4)
	  Index Cond: ((id >= 3001802) AND (id <= 3001902))

table 8 : explain SELECT id FROM sbtest8 WHERE id BETWEEN 3001802 AND 3001902
	Index Only Scan using sbtest8_pkey on sbtest8  (cost=0.43..6.37 rows=97 width=4)
	  Index Cond: ((id >= 3001802) AND (id <= 3001902))

explain: for range-covered :: explain SELECT id FROM sbtest%d WHERE id BETWEEN 4292619 AND 4292719
explain: for range-covered :: explain SELECT id FROM sbtest%d WHERE id BETWEEN 3001802 AND 3001902
for range-covered
table 1 : explain SELECT id FROM sbtest1 WHERE id BETWEEN 6189897 AND 6189997
	Index Only Scan using sbtest1_pkey on sbtest1  (cost=0.43..6.63 rows=110 width=4)
	  Index Cond: ((id >= 6189897) AND (id <= 6189997))

table 2 : explain SELECT id FROM sbtest2 WHERE id BETWEEN 6189897 AND 6189997
	Index Only Scan using sbtest2_pkey on sbtest2  (cost=0.43..6.56 rows=106 width=4)
	  Index Cond: ((id >= 6189897) AND (id <= 6189997))

table 3 : explain SELECT id FROM sbtest3 WHERE id BETWEEN 6189897 AND 6189997
	Index Only Scan using sbtest3_pkey on sbtest3  (cost=0.43..10.51 rows=104 width=4)
	  Index Cond: ((id >= 6189897) AND (id <= 6189997))

table 4 : explain SELECT id FROM sbtest4 WHERE id BETWEEN 6189897 AND 6189997
	Index Only Scan using sbtest4_pkey on sbtest4  (cost=0.43..6.66 rows=111 width=4)
	  Index Cond: ((id >= 6189897) AND (id <= 6189997))

table 5 : explain SELECT id FROM sbtest5 WHERE id BETWEEN 6189897 AND 6189997
	Index Only Scan using sbtest5_pkey on sbtest5  (cost=0.43..6.90 rows=123 width=4)
	  Index Cond: ((id >= 6189897) AND (id <= 6189997))

table 6 : explain SELECT id FROM sbtest6 WHERE id BETWEEN 6189897 AND 6189997
	Index Only Scan using sbtest6_pkey on sbtest6  (cost=0.43..10.42 rows=99 width=4)
	  Index Cond: ((id >= 6189897) AND (id <= 6189997))

table 7 : explain SELECT id FROM sbtest7 WHERE id BETWEEN 6189897 AND 6189997
	Index Only Scan using sbtest7_pkey on sbtest7  (cost=0.43..10.51 rows=104 width=4)
	  Index Cond: ((id >= 6189897) AND (id <= 6189997))

table 8 : explain SELECT id FROM sbtest8 WHERE id BETWEEN 6189897 AND 6189997
	Index Only Scan using sbtest8_pkey on sbtest8  (cost=0.43..6.51 rows=104 width=4)
	  Index Cond: ((id >= 6189897) AND (id <= 6189997))

explain: for range-covered :: explain SELECT id FROM sbtest%d WHERE id BETWEEN 6189897 AND 6189997
explain: for range-covered :: explain SELECT id FROM sbtest%d WHERE id BETWEEN 2685812 AND 2685912
for range-covered
table 1 : explain SELECT id FROM sbtest1 WHERE id BETWEEN 3255571 AND 3255671
	Index Only Scan using sbtest1_pkey on sbtest1  (cost=0.43..6.51 rows=104 width=4)
	  Index Cond: ((id >= 3255571) AND (id <= 3255671))

table 2 : explain SELECT id FROM sbtest2 WHERE id BETWEEN 3255571 AND 3255671
	Index Only Scan using sbtest2_pkey on sbtest2  (cost=0.43..6.66 rows=111 width=4)
	  Index Cond: ((id >= 3255571) AND (id <= 3255671))

table 3 : explain SELECT id FROM sbtest3 WHERE id BETWEEN 3255571 AND 3255671
	Index Only Scan using sbtest3_pkey on sbtest3  (cost=0.43..10.50 rows=103 width=4)
	  Index Cond: ((id >= 3255571) AND (id <= 3255671))

table 4 : explain SELECT id FROM sbtest4 WHERE id BETWEEN 3255571 AND 3255671
	Index Only Scan using sbtest4_pkey on sbtest4  (cost=0.43..6.45 rows=101 width=4)
	  Index Cond: ((id >= 3255571) AND (id <= 3255671))

table 5 : explain SELECT id FROM sbtest5 WHERE id BETWEEN 3255571 AND 3255671
	Index Only Scan using sbtest5_pkey on sbtest5  (cost=0.43..6.51 rows=104 width=4)
	  Index Cond: ((id >= 3255571) AND (id <= 3255671))

table 6 : explain SELECT id FROM sbtest6 WHERE id BETWEEN 3255571 AND 3255671
	Index Only Scan using sbtest6_pkey on sbtest6  (cost=0.43..10.28 rows=92 width=4)
	  Index Cond: ((id >= 3255571) AND (id <= 3255671))

table 7 : explain SELECT id FROM sbtest7 WHERE id BETWEEN 3255571 AND 3255671
	Index Only Scan using sbtest7_pkey on sbtest7  (cost=0.43..10.74 rows=115 width=4)
	  Index Cond: ((id >= 3255571) AND (id <= 3255671))

table 8 : explain SELECT id FROM sbtest8 WHERE id BETWEEN 3255571 AND 3255671
	Index Only Scan using sbtest8_pkey on sbtest8  (cost=0.43..6.29 rows=93 width=4)
	  Index Cond: ((id >= 3255571) AND (id <= 3255671))

for range-covered
table 1 : explain SELECT id FROM sbtest1 WHERE id BETWEEN 8272612 AND 8272712
	Index Only Scan using sbtest1_pkey on sbtest1  (cost=0.43..6.63 rows=110 width=4)
	  Index Cond: ((id >= 8272612) AND (id <= 8272712))

table 2 : explain SELECT id FROM sbtest2 WHERE id BETWEEN 8272612 AND 8272712
	Index Only Scan using sbtest2_pkey on sbtest2  (cost=0.43..6.40 rows=98 width=4)
	  Index Cond: ((id >= 8272612) AND (id <= 8272712))

table 3 : explain SELECT id FROM sbtest3 WHERE id BETWEEN 8272612 AND 8272712
	Index Only Scan using sbtest3_pkey on sbtest3  (cost=0.43..10.26 rows=91 width=4)
	  Index Cond: ((id >= 8272612) AND (id <= 8272712))

table 4 : explain SELECT id FROM sbtest4 WHERE id BETWEEN 8272612 AND 8272712
	Index Only Scan using sbtest4_pkey on sbtest4  (cost=0.43..6.45 rows=101 width=4)
	  Index Cond: ((id >= 8272612) AND (id <= 8272712))

table 5 : explain SELECT id FROM sbtest5 WHERE id BETWEEN 8272612 AND 8272712
	Index Only Scan using sbtest5_pkey on sbtest5  (cost=0.43..6.32 rows=94 width=4)
	  Index Cond: ((id >= 8272612) AND (id <= 8272712))

table 6 : explain SELECT id FROM sbtest6 WHERE id BETWEEN 8272612 AND 8272712
	Index Only Scan using sbtest6_pkey on sbtest6  (cost=0.43..10.33 rows=95 width=4)
	  Index Cond: ((id >= 8272612) AND (id <= 8272712))

table 7 : explain SELECT id FROM sbtest7 WHERE id BETWEEN 8272612 AND 8272712
	Index Only Scan using sbtest7_pkey on sbtest7  (cost=0.43..10.42 rows=99 width=4)
	  Index Cond: ((id >= 8272612) AND (id <= 8272712))

table 8 : explain SELECT id FROM sbtest8 WHERE id BETWEEN 8272612 AND 8272712
	Index Only Scan using sbtest8_pkey on sbtest8  (cost=0.43..6.43 rows=100 width=4)
	  Index Cond: ((id >= 8272612) AND (id <= 8272712))

explain: for range-covered :: explain SELECT id FROM sbtest%d WHERE id BETWEEN 3255571 AND 3255671
explain: for range-covered :: explain SELECT id FROM sbtest%d WHERE id BETWEEN 8272612 AND 8272712
explain: for range-covered :: explain SELECT id FROM sbtest%d WHERE id BETWEEN 5328502 AND 5328602
for range-covered
table 1 : explain SELECT id FROM sbtest1 WHERE id BETWEEN 4292619 AND 4292719
	Index Only Scan using sbtest1_pkey on sbtest1  (cost=0.43..6.45 rows=101 width=4)
	  Index Cond: ((id >= 4292619) AND (id <= 4292719))

table 2 : explain SELECT id FROM sbtest2 WHERE id BETWEEN 4292619 AND 4292719
	Index Only Scan using sbtest2_pkey on sbtest2  (cost=0.43..6.43 rows=100 width=4)
	  Index Cond: ((id >= 4292619) AND (id <= 4292719))

table 3 : explain SELECT id FROM sbtest3 WHERE id BETWEEN 4292619 AND 4292719
	Index Only Scan using sbtest3_pkey on sbtest3  (cost=0.43..10.38 rows=97 width=4)
	  Index Cond: ((id >= 4292619) AND (id <= 4292719))

table 4 : explain SELECT id FROM sbtest4 WHERE id BETWEEN 4292619 AND 4292719
	Index Only Scan using sbtest4_pkey on sbtest4  (cost=0.43..6.56 rows=106 width=4)
	  Index Cond: ((id >= 4292619) AND (id <= 4292719))

table 5 : explain SELECT id FROM sbtest5 WHERE id BETWEEN 4292619 AND 4292719
	Index Only Scan using sbtest5_pkey on sbtest5  (cost=0.43..6.43 rows=100 width=4)
	  Index Cond: ((id >= 4292619) AND (id <= 4292719))

table 6 : explain SELECT id FROM sbtest6 WHERE id BETWEEN 4292619 AND 4292719
	Index Only Scan using sbtest6_pkey on sbtest6  (cost=0.43..10.47 rows=102 width=4)
	  Index Cond: ((id >= 4292619) AND (id <= 4292719))

table 7 : explain SELECT id FROM sbtest7 WHERE id BETWEEN 4292619 AND 4292719
	Index Only Scan using sbtest7_pkey on sbtest7  (cost=0.43..10.40 rows=98 width=4)
	  Index Cond: ((id >= 4292619) AND (id <= 4292719))

table 8 : explain SELECT id FROM sbtest8 WHERE id BETWEEN 4292619 AND 4292719
	Index Only Scan using sbtest8_pkey on sbtest8  (cost=0.43..6.53 rows=105 width=4)
	  Index Cond: ((id >= 4292619) AND (id <= 4292719))

for range-covered
table 1 : explain SELECT id FROM sbtest1 WHERE id BETWEEN 3001802 AND 3001902
	Index Only Scan using sbtest1_pkey on sbtest1  (cost=0.43..6.51 rows=104 width=4)
	  Index Cond: ((id >= 3001802) AND (id <= 3001902))

table 2 : explain SELECT id FROM sbtest2 WHERE id BETWEEN 3001802 AND 3001902
	Index Only Scan using sbtest2_pkey on sbtest2  (cost=0.43..6.47 rows=102 width=4)
	  Index Cond: ((id >= 3001802) AND (id <= 3001902))

table 3 : explain SELECT id FROM sbtest3 WHERE id BETWEEN 3001802 AND 3001902
	Index Only Scan using sbtest3_pkey on sbtest3  (cost=0.43..10.63 rows=110 width=4)
	  Index Cond: ((id >= 3001802) AND (id <= 3001902))

table 4 : explain SELECT id FROM sbtest4 WHERE id BETWEEN 3001802 AND 3001902
	Index Only Scan using sbtest4_pkey on sbtest4  (cost=0.43..6.32 rows=94 width=4)
	  Index Cond: ((id >= 3001802) AND (id <= 3001902))

table 5 : explain SELECT id FROM sbtest5 WHERE id BETWEEN 3001802 AND 3001902
	Index Only Scan using sbtest5_pkey on sbtest5  (cost=0.43..6.37 rows=97 width=4)
	  Index Cond: ((id >= 3001802) AND (id <= 3001902))

table 6 : explain SELECT id FROM sbtest6 WHERE id BETWEEN 3001802 AND 3001902
	Index Only Scan using sbtest6_pkey on sbtest6  (cost=0.43..10.44 rows=100 width=4)
	  Index Cond: ((id >= 3001802) AND (id <= 3001902))

table 7 : explain SELECT id FROM sbtest7 WHERE id BETWEEN 3001802 AND 3001902
	Index Only Scan using sbtest7_pkey on sbtest7  (cost=0.43..10.29 rows=93 width=4)
	  Index Cond: ((id >= 3001802) AND (id <= 3001902))

table 8 : explain SELECT id FROM sbtest8 WHERE id BETWEEN 3001802 AND 3001902
	Index Only Scan using sbtest8_pkey on sbtest8  (cost=0.43..6.37 rows=97 width=4)
	  Index Cond: ((id >= 3001802) AND (id <= 3001902))

explain: for range-covered :: explain SELECT id FROM sbtest%d WHERE id BETWEEN 3001802 AND 3001902
for range-covered
table 1 : explain SELECT id FROM sbtest1 WHERE id BETWEEN 6189897 AND 6189997
	Index Only Scan using sbtest1_pkey on sbtest1  (cost=0.43..6.63 rows=110 width=4)
	  Index Cond: ((id >= 6189897) AND (id <= 6189997))

table 2 : explain SELECT id FROM sbtest2 WHERE id BETWEEN 6189897 AND 6189997
	Index Only Scan using sbtest2_pkey on sbtest2  (cost=0.43..6.56 rows=106 width=4)
	  Index Cond: ((id >= 6189897) AND (id <= 6189997))

table 3 : explain SELECT id FROM sbtest3 WHERE id BETWEEN 6189897 AND 6189997
	Index Only Scan using sbtest3_pkey on sbtest3  (cost=0.43..10.51 rows=104 width=4)
	  Index Cond: ((id >= 6189897) AND (id <= 6189997))

table 4 : explain SELECT id FROM sbtest4 WHERE id BETWEEN 6189897 AND 6189997
	Index Only Scan using sbtest4_pkey on sbtest4  (cost=0.43..6.66 rows=111 width=4)
	  Index Cond: ((id >= 6189897) AND (id <= 6189997))

table 5 : explain SELECT id FROM sbtest5 WHERE id BETWEEN 6189897 AND 6189997
	Index Only Scan using sbtest5_pkey on sbtest5  (cost=0.43..6.90 rows=123 width=4)
	  Index Cond: ((id >= 6189897) AND (id <= 6189997))

table 6 : explain SELECT id FROM sbtest6 WHERE id BETWEEN 6189897 AND 6189997
	Index Only Scan using sbtest6_pkey on sbtest6  (cost=0.43..10.42 rows=99 width=4)
	  Index Cond: ((id >= 6189897) AND (id <= 6189997))

table 7 : explain SELECT id FROM sbtest7 WHERE id BETWEEN 6189897 AND 6189997
	Index Only Scan using sbtest7_pkey on sbtest7  (cost=0.43..10.51 rows=104 width=4)
	  Index Cond: ((id >= 6189897) AND (id <= 6189997))

table 8 : explain SELECT id FROM sbtest8 WHERE id BETWEEN 6189897 AND 6189997
	Index Only Scan using sbtest8_pkey on sbtest8  (cost=0.43..6.51 rows=104 width=4)
	  Index Cond: ((id >= 6189897) AND (id <= 6189997))

explain: for range-covered :: explain SELECT id FROM sbtest%d WHERE id BETWEEN 6189897 AND 6189997
for range-covered
table 1 : explain SELECT id FROM sbtest1 WHERE id BETWEEN 2802250 AND 2802350
	Index Only Scan using sbtest1_pkey on sbtest1  (cost=0.43..6.50 rows=103 width=4)
	  Index Cond: ((id >= 2802250) AND (id <= 2802350))

table 2 : explain SELECT id FROM sbtest2 WHERE id BETWEEN 2802250 AND 2802350
	Index Only Scan using sbtest2_pkey on sbtest2  (cost=0.43..6.66 rows=111 width=4)
	  Index Cond: ((id >= 2802250) AND (id <= 2802350))

table 3 : explain SELECT id FROM sbtest3 WHERE id BETWEEN 2802250 AND 2802350
	Index Only Scan using sbtest3_pkey on sbtest3  (cost=0.43..10.47 rows=102 width=4)
	  Index Cond: ((id >= 2802250) AND (id <= 2802350))

table 4 : explain SELECT id FROM sbtest4 WHERE id BETWEEN 2802250 AND 2802350
	Index Only Scan using sbtest4_pkey on sbtest4  (cost=0.43..6.63 rows=110 width=4)
	  Index Cond: ((id >= 2802250) AND (id <= 2802350))

table 5 : explain SELECT id FROM sbtest5 WHERE id BETWEEN 2802250 AND 2802350
	Index Only Scan using sbtest5_pkey on sbtest5  (cost=0.43..6.37 rows=97 width=4)
	  Index Cond: ((id >= 2802250) AND (id <= 2802350))

table 6 : explain SELECT id FROM sbtest6 WHERE id BETWEEN 2802250 AND 2802350
	Index Only Scan using sbtest6_pkey on sbtest6  (cost=0.43..10.50 rows=103 width=4)
	  Index Cond: ((id >= 2802250) AND (id <= 2802350))

table 7 : explain SELECT id FROM sbtest7 WHERE id BETWEEN 2802250 AND 2802350
	Index Only Scan using sbtest7_pkey on sbtest7  (cost=0.43..10.29 rows=93 width=4)
	  Index Cond: ((id >= 2802250) AND (id <= 2802350))

table 8 : explain SELECT id FROM sbtest8 WHERE id BETWEEN 2802250 AND 2802350
	Index Only Scan using sbtest8_pkey on sbtest8  (cost=0.43..6.27 rows=92 width=4)
	  Index Cond: ((id >= 2802250) AND (id <= 2802350))

explain: for range-covered :: explain SELECT id FROM sbtest%d WHERE id BETWEEN 2802250 AND 2802350
for range-covered
table 1 : explain SELECT id FROM sbtest1 WHERE id BETWEEN 3255571 AND 3255671
	Index Only Scan using sbtest1_pkey on sbtest1  (cost=0.43..6.51 rows=104 width=4)
	  Index Cond: ((id >= 3255571) AND (id <= 3255671))

table 2 : explain SELECT id FROM sbtest2 WHERE id BETWEEN 3255571 AND 3255671
	Index Only Scan using sbtest2_pkey on sbtest2  (cost=0.43..6.66 rows=111 width=4)
	  Index Cond: ((id >= 3255571) AND (id <= 3255671))

table 3 : explain SELECT id FROM sbtest3 WHERE id BETWEEN 3255571 AND 3255671
	Index Only Scan using sbtest3_pkey on sbtest3  (cost=0.43..10.50 rows=103 width=4)
	  Index Cond: ((id >= 3255571) AND (id <= 3255671))

table 4 : explain SELECT id FROM sbtest4 WHERE id BETWEEN 3255571 AND 3255671
	Index Only Scan using sbtest4_pkey on sbtest4  (cost=0.43..6.45 rows=101 width=4)
	  Index Cond: ((id >= 3255571) AND (id <= 3255671))

table 5 : explain SELECT id FROM sbtest5 WHERE id BETWEEN 3255571 AND 3255671
	Index Only Scan using sbtest5_pkey on sbtest5  (cost=0.43..6.51 rows=104 width=4)
	  Index Cond: ((id >= 3255571) AND (id <= 3255671))

table 6 : explain SELECT id FROM sbtest6 WHERE id BETWEEN 3255571 AND 3255671
	Index Only Scan using sbtest6_pkey on sbtest6  (cost=0.43..10.28 rows=92 width=4)
	  Index Cond: ((id >= 3255571) AND (id <= 3255671))

table 7 : explain SELECT id FROM sbtest7 WHERE id BETWEEN 3255571 AND 3255671
	Index Only Scan using sbtest7_pkey on sbtest7  (cost=0.43..10.74 rows=115 width=4)
	  Index Cond: ((id >= 3255571) AND (id <= 3255671))

table 8 : explain SELECT id FROM sbtest8 WHERE id BETWEEN 3255571 AND 3255671
	Index Only Scan using sbtest8_pkey on sbtest8  (cost=0.43..6.29 rows=93 width=4)
	  Index Cond: ((id >= 3255571) AND (id <= 3255671))

for range-covered
table 1 : explain SELECT id FROM sbtest1 WHERE id BETWEEN 8272612 AND 8272712
	Index Only Scan using sbtest1_pkey on sbtest1  (cost=0.43..6.63 rows=110 width=4)
	  Index Cond: ((id >= 8272612) AND (id <= 8272712))

table 2 : explain SELECT id FROM sbtest2 WHERE id BETWEEN 8272612 AND 8272712
	Index Only Scan using sbtest2_pkey on sbtest2  (cost=0.43..6.40 rows=98 width=4)
	  Index Cond: ((id >= 8272612) AND (id <= 8272712))

table 3 : explain SELECT id FROM sbtest3 WHERE id BETWEEN 8272612 AND 8272712
	Index Only Scan using sbtest3_pkey on sbtest3  (cost=0.43..10.26 rows=91 width=4)
	  Index Cond: ((id >= 8272612) AND (id <= 8272712))

table 4 : explain SELECT id FROM sbtest4 WHERE id BETWEEN 8272612 AND 8272712
	Index Only Scan using sbtest4_pkey on sbtest4  (cost=0.43..6.45 rows=101 width=4)
	  Index Cond: ((id >= 8272612) AND (id <= 8272712))

table 5 : explain SELECT id FROM sbtest5 WHERE id BETWEEN 8272612 AND 8272712
	Index Only Scan using sbtest5_pkey on sbtest5  (cost=0.43..6.32 rows=94 width=4)
	  Index Cond: ((id >= 8272612) AND (id <= 8272712))

table 6 : explain SELECT id FROM sbtest6 WHERE id BETWEEN 8272612 AND 8272712
	Index Only Scan using sbtest6_pkey on sbtest6  (cost=0.43..10.33 rows=95 width=4)
	  Index Cond: ((id >= 8272612) AND (id <= 8272712))

table 7 : explain SELECT id FROM sbtest7 WHERE id BETWEEN 8272612 AND 8272712
	Index Only Scan using sbtest7_pkey on sbtest7  (cost=0.43..10.42 rows=99 width=4)
	  Index Cond: ((id >= 8272612) AND (id <= 8272712))

table 8 : explain SELECT id FROM sbtest8 WHERE id BETWEEN 8272612 AND 8272712
	Index Only Scan using sbtest8_pkey on sbtest8  (cost=0.43..6.43 rows=100 width=4)
	  Index Cond: ((id >= 8272612) AND (id <= 8272712))

explain: for range-covered :: explain SELECT id FROM sbtest%d WHERE id BETWEEN 3255571 AND 3255671
explain: for range-covered :: explain SELECT id FROM sbtest%d WHERE id BETWEEN 8272612 AND 8272712
for range-covered
table 1 : explain SELECT id FROM sbtest1 WHERE id BETWEEN 6189897 AND 6189997
	Index Only Scan using sbtest1_pkey on sbtest1  (cost=0.43..6.63 rows=110 width=4)
	  Index Cond: ((id >= 6189897) AND (id <= 6189997))

table 2 : explain SELECT id FROM sbtest2 WHERE id BETWEEN 6189897 AND 6189997
	Index Only Scan using sbtest2_pkey on sbtest2  (cost=0.43..6.56 rows=106 width=4)
	  Index Cond: ((id >= 6189897) AND (id <= 6189997))

table 3 : explain SELECT id FROM sbtest3 WHERE id BETWEEN 6189897 AND 6189997
	Index Only Scan using sbtest3_pkey on sbtest3  (cost=0.43..10.51 rows=104 width=4)
	  Index Cond: ((id >= 6189897) AND (id <= 6189997))

table 4 : explain SELECT id FROM sbtest4 WHERE id BETWEEN 6189897 AND 6189997
	Index Only Scan using sbtest4_pkey on sbtest4  (cost=0.43..6.66 rows=111 width=4)
	  Index Cond: ((id >= 6189897) AND (id <= 6189997))

table 5 : explain SELECT id FROM sbtest5 WHERE id BETWEEN 6189897 AND 6189997
	Index Only Scan using sbtest5_pkey on sbtest5  (cost=0.43..6.90 rows=123 width=4)
	  Index Cond: ((id >= 6189897) AND (id <= 6189997))

table 6 : explain SELECT id FROM sbtest6 WHERE id BETWEEN 6189897 AND 6189997
	Index Only Scan using sbtest6_pkey on sbtest6  (cost=0.43..10.42 rows=99 width=4)
	  Index Cond: ((id >= 6189897) AND (id <= 6189997))

table 7 : explain SELECT id FROM sbtest7 WHERE id BETWEEN 6189897 AND 6189997
	Index Only Scan using sbtest7_pkey on sbtest7  (cost=0.43..10.51 rows=104 width=4)
	  Index Cond: ((id >= 6189897) AND (id <= 6189997))

table 8 : explain SELECT id FROM sbtest8 WHERE id BETWEEN 6189897 AND 6189997
	Index Only Scan using sbtest8_pkey on sbtest8  (cost=0.43..6.51 rows=104 width=4)
	  Index Cond: ((id >= 6189897) AND (id <= 6189997))

for range-covered
table 1 : explain SELECT id FROM sbtest1 WHERE id BETWEEN 2802250 AND 2802350
	Index Only Scan using sbtest1_pkey on sbtest1  (cost=0.43..6.50 rows=103 width=4)
	  Index Cond: ((id >= 2802250) AND (id <= 2802350))

table 2 : explain SELECT id FROM sbtest2 WHERE id BETWEEN 2802250 AND 2802350
	Index Only Scan using sbtest2_pkey on sbtest2  (cost=0.43..6.66 rows=111 width=4)
	  Index Cond: ((id >= 2802250) AND (id <= 2802350))

table 3 : explain SELECT id FROM sbtest3 WHERE id BETWEEN 2802250 AND 2802350
	Index Only Scan using sbtest3_pkey on sbtest3  (cost=0.43..10.47 rows=102 width=4)
	  Index Cond: ((id >= 2802250) AND (id <= 2802350))

table 4 : explain SELECT id FROM sbtest4 WHERE id BETWEEN 2802250 AND 2802350
	Index Only Scan using sbtest4_pkey on sbtest4  (cost=0.43..6.63 rows=110 width=4)
	  Index Cond: ((id >= 2802250) AND (id <= 2802350))

table 5 : explain SELECT id FROM sbtest5 WHERE id BETWEEN 2802250 AND 2802350
	Index Only Scan using sbtest5_pkey on sbtest5  (cost=0.43..6.37 rows=97 width=4)
	  Index Cond: ((id >= 2802250) AND (id <= 2802350))

table 6 : explain SELECT id FROM sbtest6 WHERE id BETWEEN 2802250 AND 2802350
	Index Only Scan using sbtest6_pkey on sbtest6  (cost=0.43..10.50 rows=103 width=4)
	  Index Cond: ((id >= 2802250) AND (id <= 2802350))

table 7 : explain SELECT id FROM sbtest7 WHERE id BETWEEN 2802250 AND 2802350
	Index Only Scan using sbtest7_pkey on sbtest7  (cost=0.43..10.29 rows=93 width=4)
	  Index Cond: ((id >= 2802250) AND (id <= 2802350))

table 8 : explain SELECT id FROM sbtest8 WHERE id BETWEEN 2802250 AND 2802350
	Index Only Scan using sbtest8_pkey on sbtest8  (cost=0.43..6.27 rows=92 width=4)
	  Index Cond: ((id >= 2802250) AND (id <= 2802350))
for range-covered
table 1 : explain SELECT id FROM sbtest1 WHERE id BETWEEN 3255571 AND 3255671
	Index Only Scan using sbtest1_pkey on sbtest1  (cost=0.43..6.51 rows=104 width=4)
	  Index Cond: ((id >= 3255571) AND (id <= 3255671))

table 2 : explain SELECT id FROM sbtest2 WHERE id BETWEEN 3255571 AND 3255671
	Index Only Scan using sbtest2_pkey on sbtest2  (cost=0.43..6.66 rows=111 width=4)
	  Index Cond: ((id >= 3255571) AND (id <= 3255671))

table 3 : explain SELECT id FROM sbtest3 WHERE id BETWEEN 3255571 AND 3255671
	Index Only Scan using sbtest3_pkey on sbtest3  (cost=0.43..10.50 rows=103 width=4)
	  Index Cond: ((id >= 3255571) AND (id <= 3255671))

table 4 : explain SELECT id FROM sbtest4 WHERE id BETWEEN 3255571 AND 3255671
	Index Only Scan using sbtest4_pkey on sbtest4  (cost=0.43..6.45 rows=101 width=4)
	  Index Cond: ((id >= 3255571) AND (id <= 3255671))

table 5 : explain SELECT id FROM sbtest5 WHERE id BETWEEN 3255571 AND 3255671
	Index Only Scan using sbtest5_pkey on sbtest5  (cost=0.43..6.51 rows=104 width=4)
	  Index Cond: ((id >= 3255571) AND (id <= 3255671))

table 6 : explain SELECT id FROM sbtest6 WHERE id BETWEEN 3255571 AND 3255671
	Index Only Scan using sbtest6_pkey on sbtest6  (cost=0.43..10.28 rows=92 width=4)
	  Index Cond: ((id >= 3255571) AND (id <= 3255671))

table 7 : explain SELECT id FROM sbtest7 WHERE id BETWEEN 3255571 AND 3255671
	Index Only Scan using sbtest7_pkey on sbtest7  (cost=0.43..10.74 rows=115 width=4)
	  Index Cond: ((id >= 3255571) AND (id <= 3255671))

table 8 : explain SELECT id FROM sbtest8 WHERE id BETWEEN 3255571 AND 3255671
	Index Only Scan using sbtest8_pkey on sbtest8  (cost=0.43..6.29 rows=93 width=4)
	  Index Cond: ((id >= 3255571) AND (id <= 3255671))


explain: for range-covered :: explain SELECT id FROM sbtest%d WHERE id BETWEEN 6189897 AND 6189997
explain: for range-covered :: explain SELECT id FROM sbtest%d WHERE id BETWEEN 3255571 AND 3255671
explain: for range-covered :: explain SELECT id FROM sbtest%d WHERE id BETWEEN 2802250 AND 2802350
for range-covered
table 1 : explain SELECT id FROM sbtest1 WHERE id BETWEEN 8272612 AND 8272712
	Index Only Scan using sbtest1_pkey on sbtest1  (cost=0.43..6.63 rows=110 width=4)
	  Index Cond: ((id >= 8272612) AND (id <= 8272712))

table 2 : explain SELECT id FROM sbtest2 WHERE id BETWEEN 8272612 AND 8272712
	Index Only Scan using sbtest2_pkey on sbtest2  (cost=0.43..6.40 rows=98 width=4)
	  Index Cond: ((id >= 8272612) AND (id <= 8272712))

table 3 : explain SELECT id FROM sbtest3 WHERE id BETWEEN 8272612 AND 8272712
	Index Only Scan using sbtest3_pkey on sbtest3  (cost=0.43..10.26 rows=91 width=4)
	  Index Cond: ((id >= 8272612) AND (id <= 8272712))

table 4 : explain SELECT id FROM sbtest4 WHERE id BETWEEN 8272612 AND 8272712
	Index Only Scan using sbtest4_pkey on sbtest4  (cost=0.43..6.45 rows=101 width=4)
	  Index Cond: ((id >= 8272612) AND (id <= 8272712))

table 5 : explain SELECT id FROM sbtest5 WHERE id BETWEEN 8272612 AND 8272712
	Index Only Scan using sbtest5_pkey on sbtest5  (cost=0.43..6.32 rows=94 width=4)
	  Index Cond: ((id >= 8272612) AND (id <= 8272712))

table 6 : explain SELECT id FROM sbtest6 WHERE id BETWEEN 8272612 AND 8272712
	Index Only Scan using sbtest6_pkey on sbtest6  (cost=0.43..10.33 rows=95 width=4)
	  Index Cond: ((id >= 8272612) AND (id <= 8272712))

table 7 : explain SELECT id FROM sbtest7 WHERE id BETWEEN 8272612 AND 8272712
	Index Only Scan using sbtest7_pkey on sbtest7  (cost=0.43..10.42 rows=99 width=4)
	  Index Cond: ((id >= 8272612) AND (id <= 8272712))

table 8 : explain SELECT id FROM sbtest8 WHERE id BETWEEN 8272612 AND 8272712
	Index Only Scan using sbtest8_pkey on sbtest8  (cost=0.43..6.43 rows=100 width=4)
	  Index Cond: ((id >= 8272612) AND (id <= 8272712))

explain: for range-covered :: explain SELECT id FROM sbtest%d WHERE id BETWEEN 8272612 AND 8272712
for range-covered
table 1 : explain SELECT id FROM sbtest1 WHERE id BETWEEN 3255571 AND 3255671
	Index Only Scan using sbtest1_pkey on sbtest1  (cost=0.43..6.51 rows=104 width=4)
	  Index Cond: ((id >= 3255571) AND (id <= 3255671))

table 2 : explain SELECT id FROM sbtest2 WHERE id BETWEEN 3255571 AND 3255671
	Index Only Scan using sbtest2_pkey on sbtest2  (cost=0.43..6.66 rows=111 width=4)
	  Index Cond: ((id >= 3255571) AND (id <= 3255671))

table 3 : explain SELECT id FROM sbtest3 WHERE id BETWEEN 3255571 AND 3255671
	Index Only Scan using sbtest3_pkey on sbtest3  (cost=0.43..10.50 rows=103 width=4)
	  Index Cond: ((id >= 3255571) AND (id <= 3255671))

table 4 : explain SELECT id FROM sbtest4 WHERE id BETWEEN 3255571 AND 3255671
	Index Only Scan using sbtest4_pkey on sbtest4  (cost=0.43..6.45 rows=101 width=4)
	  Index Cond: ((id >= 3255571) AND (id <= 3255671))

table 5 : explain SELECT id FROM sbtest5 WHERE id BETWEEN 3255571 AND 3255671
	Index Only Scan using sbtest5_pkey on sbtest5  (cost=0.43..6.51 rows=104 width=4)
	  Index Cond: ((id >= 3255571) AND (id <= 3255671))

table 6 : explain SELECT id FROM sbtest6 WHERE id BETWEEN 3255571 AND 3255671
	Index Only Scan using sbtest6_pkey on sbtest6  (cost=0.43..10.28 rows=92 width=4)
	  Index Cond: ((id >= 3255571) AND (id <= 3255671))

table 7 : explain SELECT id FROM sbtest7 WHERE id BETWEEN 3255571 AND 3255671
	Index Only Scan using sbtest7_pkey on sbtest7  (cost=0.43..10.74 rows=115 width=4)
	  Index Cond: ((id >= 3255571) AND (id <= 3255671))

table 8 : explain SELECT id FROM sbtest8 WHERE id BETWEEN 3255571 AND 3255671
	Index Only Scan using sbtest8_pkey on sbtest8  (cost=0.43..6.29 rows=93 width=4)
	  Index Cond: ((id >= 3255571) AND (id <= 3255671))

for range-covered
table 1 : explain SELECT id FROM sbtest1 WHERE id BETWEEN 2802250 AND 2802350
	Index Only Scan using sbtest1_pkey on sbtest1  (cost=0.43..6.50 rows=103 width=4)
	  Index Cond: ((id >= 2802250) AND (id <= 2802350))

table 2 : explain SELECT id FROM sbtest2 WHERE id BETWEEN 2802250 AND 2802350
	Index Only Scan using sbtest2_pkey on sbtest2  (cost=0.43..6.66 rows=111 width=4)
	  Index Cond: ((id >= 2802250) AND (id <= 2802350))

table 3 : explain SELECT id FROM sbtest3 WHERE id BETWEEN 2802250 AND 2802350
	Index Only Scan using sbtest3_pkey on sbtest3  (cost=0.43..10.47 rows=102 width=4)
	  Index Cond: ((id >= 2802250) AND (id <= 2802350))

table 4 : explain SELECT id FROM sbtest4 WHERE id BETWEEN 2802250 AND 2802350
	Index Only Scan using sbtest4_pkey on sbtest4  (cost=0.43..6.63 rows=110 width=4)
	  Index Cond: ((id >= 2802250) AND (id <= 2802350))

table 5 : explain SELECT id FROM sbtest5 WHERE id BETWEEN 2802250 AND 2802350
	Index Only Scan using sbtest5_pkey on sbtest5  (cost=0.43..6.37 rows=97 width=4)
	  Index Cond: ((id >= 2802250) AND (id <= 2802350))

table 6 : explain SELECT id FROM sbtest6 WHERE id BETWEEN 2802250 AND 2802350
	Index Only Scan using sbtest6_pkey on sbtest6  (cost=0.43..10.50 rows=103 width=4)
	  Index Cond: ((id >= 2802250) AND (id <= 2802350))

table 7 : explain SELECT id FROM sbtest7 WHERE id BETWEEN 2802250 AND 2802350
	Index Only Scan using sbtest7_pkey on sbtest7  (cost=0.43..10.29 rows=93 width=4)
	  Index Cond: ((id >= 2802250) AND (id <= 2802350))

table 8 : explain SELECT id FROM sbtest8 WHERE id BETWEEN 2802250 AND 2802350
	Index Only Scan using sbtest8_pkey on sbtest8  (cost=0.43..6.27 rows=92 width=4)
	  Index Cond: ((id >= 2802250) AND (id <= 2802350))

for range-covered
table 1 : explain SELECT id FROM sbtest1 WHERE id BETWEEN 6189897 AND 6189997
	Index Only Scan using sbtest1_pkey on sbtest1  (cost=0.43..6.63 rows=110 width=4)
	  Index Cond: ((id >= 6189897) AND (id <= 6189997))

table 2 : explain SELECT id FROM sbtest2 WHERE id BETWEEN 6189897 AND 6189997
	Index Only Scan using sbtest2_pkey on sbtest2  (cost=0.43..6.56 rows=106 width=4)
	  Index Cond: ((id >= 6189897) AND (id <= 6189997))

table 3 : explain SELECT id FROM sbtest3 WHERE id BETWEEN 6189897 AND 6189997
	Index Only Scan using sbtest3_pkey on sbtest3  (cost=0.43..10.51 rows=104 width=4)
	  Index Cond: ((id >= 6189897) AND (id <= 6189997))

table 4 : explain SELECT id FROM sbtest4 WHERE id BETWEEN 6189897 AND 6189997
	Index Only Scan using sbtest4_pkey on sbtest4  (cost=0.43..6.66 rows=111 width=4)
	  Index Cond: ((id >= 6189897) AND (id <= 6189997))

table 5 : explain SELECT id FROM sbtest5 WHERE id BETWEEN 6189897 AND 6189997
	Index Only Scan using sbtest5_pkey on sbtest5  (cost=0.43..6.90 rows=123 width=4)
	  Index Cond: ((id >= 6189897) AND (id <= 6189997))

table 6 : explain SELECT id FROM sbtest6 WHERE id BETWEEN 6189897 AND 6189997
	Index Only Scan using sbtest6_pkey on sbtest6  (cost=0.43..10.42 rows=99 width=4)
	  Index Cond: ((id >= 6189897) AND (id <= 6189997))

table 7 : explain SELECT id FROM sbtest7 WHERE id BETWEEN 6189897 AND 6189997
	Index Only Scan using sbtest7_pkey on sbtest7  (cost=0.43..10.51 rows=104 width=4)
	  Index Cond: ((id >= 6189897) AND (id <= 6189997))

table 8 : explain SELECT id FROM sbtest8 WHERE id BETWEEN 6189897 AND 6189997
	Index Only Scan using sbtest8_pkey on sbtest8  (cost=0.43..6.51 rows=104 width=4)
	  Index Cond: ((id >= 6189897) AND (id <= 6189997))

explain: for range-covered :: explain SELECT id FROM sbtest%d WHERE id BETWEEN 3255571 AND 3255671
explain: for range-covered :: explain SELECT id FROM sbtest%d WHERE id BETWEEN 2802250 AND 2802350
for range-covered
table 1 : explain SELECT id FROM sbtest1 WHERE id BETWEEN 8272612 AND 8272712
	Index Only Scan using sbtest1_pkey on sbtest1  (cost=0.43..6.63 rows=110 width=4)
	  Index Cond: ((id >= 8272612) AND (id <= 8272712))

table 2 : explain SELECT id FROM sbtest2 WHERE id BETWEEN 8272612 AND 8272712
	Index Only Scan using sbtest2_pkey on sbtest2  (cost=0.43..6.40 rows=98 width=4)
	  Index Cond: ((id >= 8272612) AND (id <= 8272712))

table 3 : explain SELECT id FROM sbtest3 WHERE id BETWEEN 8272612 AND 8272712
	Index Only Scan using sbtest3_pkey on sbtest3  (cost=0.43..10.26 rows=91 width=4)
	  Index Cond: ((id >= 8272612) AND (id <= 8272712))

table 4 : explain SELECT id FROM sbtest4 WHERE id BETWEEN 8272612 AND 8272712
	Index Only Scan using sbtest4_pkey on sbtest4  (cost=0.43..6.45 rows=101 width=4)
	  Index Cond: ((id >= 8272612) AND (id <= 8272712))

table 5 : explain SELECT id FROM sbtest5 WHERE id BETWEEN 8272612 AND 8272712
	Index Only Scan using sbtest5_pkey on sbtest5  (cost=0.43..6.32 rows=94 width=4)
	  Index Cond: ((id >= 8272612) AND (id <= 8272712))

table 6 : explain SELECT id FROM sbtest6 WHERE id BETWEEN 8272612 AND 8272712
	Index Only Scan using sbtest6_pkey on sbtest6  (cost=0.43..10.33 rows=95 width=4)
	  Index Cond: ((id >= 8272612) AND (id <= 8272712))

table 7 : explain SELECT id FROM sbtest7 WHERE id BETWEEN 8272612 AND 8272712
	Index Only Scan using sbtest7_pkey on sbtest7  (cost=0.43..10.42 rows=99 width=4)
	  Index Cond: ((id >= 8272612) AND (id <= 8272712))

table 8 : explain SELECT id FROM sbtest8 WHERE id BETWEEN 8272612 AND 8272712
	Index Only Scan using sbtest8_pkey on sbtest8  (cost=0.43..6.43 rows=100 width=4)
	  Index Cond: ((id >= 8272612) AND (id <= 8272712))

for range-covered
table 1 : explain SELECT id FROM sbtest1 WHERE id BETWEEN 5328502 AND 5328602
	Index Only Scan using sbtest1_pkey on sbtest1  (cost=0.43..6.45 rows=101 width=4)
	  Index Cond: ((id >= 5328502) AND (id <= 5328602))

table 2 : explain SELECT id FROM sbtest2 WHERE id BETWEEN 5328502 AND 5328602
	Index Only Scan using sbtest2_pkey on sbtest2  (cost=0.43..6.40 rows=98 width=4)
	  Index Cond: ((id >= 5328502) AND (id <= 5328602))

table 3 : explain SELECT id FROM sbtest3 WHERE id BETWEEN 5328502 AND 5328602
	Index Only Scan using sbtest3_pkey on sbtest3  (cost=0.43..10.42 rows=99 width=4)
	  Index Cond: ((id >= 5328502) AND (id <= 5328602))

table 4 : explain SELECT id FROM sbtest4 WHERE id BETWEEN 5328502 AND 5328602
	Index Only Scan using sbtest4_pkey on sbtest4  (cost=0.43..6.72 rows=114 width=4)
	  Index Cond: ((id >= 5328502) AND (id <= 5328602))

table 5 : explain SELECT id FROM sbtest5 WHERE id BETWEEN 5328502 AND 5328602
	Index Only Scan using sbtest5_pkey on sbtest5  (cost=0.43..6.53 rows=105 width=4)
	  Index Cond: ((id >= 5328502) AND (id <= 5328602))

table 6 : explain SELECT id FROM sbtest6 WHERE id BETWEEN 5328502 AND 5328602
	Index Only Scan using sbtest6_pkey on sbtest6  (cost=0.43..10.54 rows=105 width=4)
	  Index Cond: ((id >= 5328502) AND (id <= 5328602))

table 7 : explain SELECT id FROM sbtest7 WHERE id BETWEEN 5328502 AND 5328602
	Index Only Scan using sbtest7_pkey on sbtest7  (cost=0.43..10.29 rows=93 width=4)
	  Index Cond: ((id >= 5328502) AND (id <= 5328602))

table 8 : explain SELECT id FROM sbtest8 WHERE id BETWEEN 5328502 AND 5328602
	Index Only Scan using sbtest8_pkey on sbtest8  (cost=0.43..6.50 rows=103 width=4)
	  Index Cond: ((id >= 5328502) AND (id <= 5328602))

explain: for range-covered :: explain SELECT id FROM sbtest%d WHERE id BETWEEN 5328502 AND 5328602
for range-covered
table 1 : explain SELECT id FROM sbtest1 WHERE id BETWEEN 3255571 AND 3255671
	Index Only Scan using sbtest1_pkey on sbtest1  (cost=0.43..6.51 rows=104 width=4)
	  Index Cond: ((id >= 3255571) AND (id <= 3255671))

table 2 : explain SELECT id FROM sbtest2 WHERE id BETWEEN 3255571 AND 3255671
	Index Only Scan using sbtest2_pkey on sbtest2  (cost=0.43..6.66 rows=111 width=4)
	  Index Cond: ((id >= 3255571) AND (id <= 3255671))

table 3 : explain SELECT id FROM sbtest3 WHERE id BETWEEN 3255571 AND 3255671
	Index Only Scan using sbtest3_pkey on sbtest3  (cost=0.43..10.50 rows=103 width=4)
	  Index Cond: ((id >= 3255571) AND (id <= 3255671))

table 4 : explain SELECT id FROM sbtest4 WHERE id BETWEEN 3255571 AND 3255671
	Index Only Scan using sbtest4_pkey on sbtest4  (cost=0.43..6.45 rows=101 width=4)
	  Index Cond: ((id >= 3255571) AND (id <= 3255671))

table 5 : explain SELECT id FROM sbtest5 WHERE id BETWEEN 3255571 AND 3255671
	Index Only Scan using sbtest5_pkey on sbtest5  (cost=0.43..6.51 rows=104 width=4)
	  Index Cond: ((id >= 3255571) AND (id <= 3255671))

table 6 : explain SELECT id FROM sbtest6 WHERE id BETWEEN 3255571 AND 3255671
	Index Only Scan using sbtest6_pkey on sbtest6  (cost=0.43..10.28 rows=92 width=4)
	  Index Cond: ((id >= 3255571) AND (id <= 3255671))

table 7 : explain SELECT id FROM sbtest7 WHERE id BETWEEN 3255571 AND 3255671
	Index Only Scan using sbtest7_pkey on sbtest7  (cost=0.43..10.74 rows=115 width=4)
	  Index Cond: ((id >= 3255571) AND (id <= 3255671))

table 8 : explain SELECT id FROM sbtest8 WHERE id BETWEEN 3255571 AND 3255671
	Index Only Scan using sbtest8_pkey on sbtest8  (cost=0.43..6.29 rows=93 width=4)
	  Index Cond: ((id >= 3255571) AND (id <= 3255671))

for range-covered
table 1 : explain SELECT id FROM sbtest1 WHERE id BETWEEN 2802250 AND 2802350
	Index Only Scan using sbtest1_pkey on sbtest1  (cost=0.43..6.50 rows=103 width=4)
	  Index Cond: ((id >= 2802250) AND (id <= 2802350))

table 2 : explain SELECT id FROM sbtest2 WHERE id BETWEEN 2802250 AND 2802350
	Index Only Scan using sbtest2_pkey on sbtest2  (cost=0.43..6.66 rows=111 width=4)
	  Index Cond: ((id >= 2802250) AND (id <= 2802350))

table 3 : explain SELECT id FROM sbtest3 WHERE id BETWEEN 2802250 AND 2802350
	Index Only Scan using sbtest3_pkey on sbtest3  (cost=0.43..10.47 rows=102 width=4)
	  Index Cond: ((id >= 2802250) AND (id <= 2802350))

table 4 : explain SELECT id FROM sbtest4 WHERE id BETWEEN 2802250 AND 2802350
	Index Only Scan using sbtest4_pkey on sbtest4  (cost=0.43..6.63 rows=110 width=4)
	  Index Cond: ((id >= 2802250) AND (id <= 2802350))

table 5 : explain SELECT id FROM sbtest5 WHERE id BETWEEN 2802250 AND 2802350
	Index Only Scan using sbtest5_pkey on sbtest5  (cost=0.43..6.37 rows=97 width=4)
	  Index Cond: ((id >= 2802250) AND (id <= 2802350))

table 6 : explain SELECT id FROM sbtest6 WHERE id BETWEEN 2802250 AND 2802350
	Index Only Scan using sbtest6_pkey on sbtest6  (cost=0.43..10.50 rows=103 width=4)
	  Index Cond: ((id >= 2802250) AND (id <= 2802350))

table 7 : explain SELECT id FROM sbtest7 WHERE id BETWEEN 2802250 AND 2802350
	Index Only Scan using sbtest7_pkey on sbtest7  (cost=0.43..10.29 rows=93 width=4)
	  Index Cond: ((id >= 2802250) AND (id <= 2802350))

table 8 : explain SELECT id FROM sbtest8 WHERE id BETWEEN 2802250 AND 2802350
	Index Only Scan using sbtest8_pkey on sbtest8  (cost=0.43..6.27 rows=92 width=4)
	  Index Cond: ((id >= 2802250) AND (id <= 2802350))

explain: for range-covered :: explain SELECT id FROM sbtest%d WHERE id BETWEEN 3255571 AND 3255671
explain: for range-covered :: explain SELECT id FROM sbtest%d WHERE id BETWEEN 2802250 AND 2802350
for range-covered
table 1 : explain SELECT id FROM sbtest1 WHERE id BETWEEN 3001802 AND 3001902
	Index Only Scan using sbtest1_pkey on sbtest1  (cost=0.43..6.51 rows=104 width=4)
	  Index Cond: ((id >= 3001802) AND (id <= 3001902))

table 2 : explain SELECT id FROM sbtest2 WHERE id BETWEEN 3001802 AND 3001902
	Index Only Scan using sbtest2_pkey on sbtest2  (cost=0.43..6.47 rows=102 width=4)
	  Index Cond: ((id >= 3001802) AND (id <= 3001902))

table 3 : explain SELECT id FROM sbtest3 WHERE id BETWEEN 3001802 AND 3001902
	Index Only Scan using sbtest3_pkey on sbtest3  (cost=0.43..10.63 rows=110 width=4)
	  Index Cond: ((id >= 3001802) AND (id <= 3001902))

table 4 : explain SELECT id FROM sbtest4 WHERE id BETWEEN 3001802 AND 3001902
	Index Only Scan using sbtest4_pkey on sbtest4  (cost=0.43..6.32 rows=94 width=4)
	  Index Cond: ((id >= 3001802) AND (id <= 3001902))

table 5 : explain SELECT id FROM sbtest5 WHERE id BETWEEN 3001802 AND 3001902
	Index Only Scan using sbtest5_pkey on sbtest5  (cost=0.43..6.37 rows=97 width=4)
	  Index Cond: ((id >= 3001802) AND (id <= 3001902))

table 6 : explain SELECT id FROM sbtest6 WHERE id BETWEEN 3001802 AND 3001902
	Index Only Scan using sbtest6_pkey on sbtest6  (cost=0.43..10.44 rows=100 width=4)
	  Index Cond: ((id >= 3001802) AND (id <= 3001902))

table 7 : explain SELECT id FROM sbtest7 WHERE id BETWEEN 3001802 AND 3001902
	Index Only Scan using sbtest7_pkey on sbtest7  (cost=0.43..10.29 rows=93 width=4)
	  Index Cond: ((id >= 3001802) AND (id <= 3001902))

table 8 : explain SELECT id FROM sbtest8 WHERE id BETWEEN 3001802 AND 3001902
	Index Only Scan using sbtest8_pkey on sbtest8  (cost=0.43..6.37 rows=97 width=4)
	  Index Cond: ((id >= 3001802) AND (id <= 3001902))

for range-covered
table 1 : explain SELECT id FROM sbtest1 WHERE id BETWEEN 7026316 AND 7026416
	Index Only Scan using sbtest1_pkey on sbtest1  (cost=0.43..6.51 rows=104 width=4)
	  Index Cond: ((id >= 7026316) AND (id <= 7026416))

table 2 : explain SELECT id FROM sbtest2 WHERE id BETWEEN 7026316 AND 7026416
	Index Only Scan using sbtest2_pkey on sbtest2  (cost=0.43..6.53 rows=105 width=4)
	  Index Cond: ((id >= 7026316) AND (id <= 7026416))

table 3 : explain SELECT id FROM sbtest3 WHERE id BETWEEN 7026316 AND 7026416
	Index Only Scan using sbtest3_pkey on sbtest3  (cost=0.43..10.44 rows=100 width=4)
	  Index Cond: ((id >= 7026316) AND (id <= 7026416))

table 4 : explain SELECT id FROM sbtest4 WHERE id BETWEEN 7026316 AND 7026416
	Index Only Scan using sbtest4_pkey on sbtest4  (cost=0.43..6.67 rows=112 width=4)
	  Index Cond: ((id >= 7026316) AND (id <= 7026416))

table 5 : explain SELECT id FROM sbtest5 WHERE id BETWEEN 7026316 AND 7026416
	Index Only Scan using sbtest5_pkey on sbtest5  (cost=0.43..6.56 rows=106 width=4)
	  Index Cond: ((id >= 7026316) AND (id <= 7026416))

table 6 : explain SELECT id FROM sbtest6 WHERE id BETWEEN 7026316 AND 7026416
	Index Only Scan using sbtest6_pkey on sbtest6  (cost=0.43..10.28 rows=92 width=4)
	  Index Cond: ((id >= 7026316) AND (id <= 7026416))

table 7 : explain SELECT id FROM sbtest7 WHERE id BETWEEN 7026316 AND 7026416
	Index Only Scan using sbtest7_pkey on sbtest7  (cost=0.43..10.50 rows=103 width=4)
	  Index Cond: ((id >= 7026316) AND (id <= 7026416))

table 8 : explain SELECT id FROM sbtest8 WHERE id BETWEEN 7026316 AND 7026416
	Index Only Scan using sbtest8_pkey on sbtest8  (cost=0.43..6.29 rows=93 width=4)
	  Index Cond: ((id >= 7026316) AND (id <= 7026416))

for range-covered
table 1 : explain SELECT id FROM sbtest1 WHERE id BETWEEN 5328502 AND 5328602
	Index Only Scan using sbtest1_pkey on sbtest1  (cost=0.43..6.45 rows=101 width=4)
	  Index Cond: ((id >= 5328502) AND (id <= 5328602))

table 2 : explain SELECT id FROM sbtest2 WHERE id BETWEEN 5328502 AND 5328602
	Index Only Scan using sbtest2_pkey on sbtest2  (cost=0.43..6.40 rows=98 width=4)
	  Index Cond: ((id >= 5328502) AND (id <= 5328602))

table 3 : explain SELECT id FROM sbtest3 WHERE id BETWEEN 5328502 AND 5328602
	Index Only Scan using sbtest3_pkey on sbtest3  (cost=0.43..10.42 rows=99 width=4)
	  Index Cond: ((id >= 5328502) AND (id <= 5328602))

table 4 : explain SELECT id FROM sbtest4 WHERE id BETWEEN 5328502 AND 5328602
	Index Only Scan using sbtest4_pkey on sbtest4  (cost=0.43..6.72 rows=114 width=4)
	  Index Cond: ((id >= 5328502) AND (id <= 5328602))

table 5 : explain SELECT id FROM sbtest5 WHERE id BETWEEN 5328502 AND 5328602
	Index Only Scan using sbtest5_pkey on sbtest5  (cost=0.43..6.53 rows=105 width=4)
	  Index Cond: ((id >= 5328502) AND (id <= 5328602))

table 6 : explain SELECT id FROM sbtest6 WHERE id BETWEEN 5328502 AND 5328602
	Index Only Scan using sbtest6_pkey on sbtest6  (cost=0.43..10.54 rows=105 width=4)
	  Index Cond: ((id >= 5328502) AND (id <= 5328602))

table 7 : explain SELECT id FROM sbtest7 WHERE id BETWEEN 5328502 AND 5328602
	Index Only Scan using sbtest7_pkey on sbtest7  (cost=0.43..10.29 rows=93 width=4)
	  Index Cond: ((id >= 5328502) AND (id <= 5328602))

table 8 : explain SELECT id FROM sbtest8 WHERE id BETWEEN 5328502 AND 5328602
	Index Only Scan using sbtest8_pkey on sbtest8  (cost=0.43..6.50 rows=103 width=4)
	  Index Cond: ((id >= 5328502) AND (id <= 5328602))

explain: for range-covered :: explain SELECT id FROM sbtest%d WHERE id BETWEEN 7026316 AND 7026416
explain: for range-covered :: explain SELECT id FROM sbtest%d WHERE id BETWEEN 5328502 AND 5328602
for range-covered
table 1 : explain SELECT id FROM sbtest1 WHERE id BETWEEN 2802250 AND 2802350
	Index Only Scan using sbtest1_pkey on sbtest1  (cost=0.43..6.50 rows=103 width=4)
	  Index Cond: ((id >= 2802250) AND (id <= 2802350))

table 2 : explain SELECT id FROM sbtest2 WHERE id BETWEEN 2802250 AND 2802350
	Index Only Scan using sbtest2_pkey on sbtest2  (cost=0.43..6.66 rows=111 width=4)
	  Index Cond: ((id >= 2802250) AND (id <= 2802350))

table 3 : explain SELECT id FROM sbtest3 WHERE id BETWEEN 2802250 AND 2802350
	Index Only Scan using sbtest3_pkey on sbtest3  (cost=0.43..10.47 rows=102 width=4)
	  Index Cond: ((id >= 2802250) AND (id <= 2802350))

table 4 : explain SELECT id FROM sbtest4 WHERE id BETWEEN 2802250 AND 2802350
	Index Only Scan using sbtest4_pkey on sbtest4  (cost=0.43..6.63 rows=110 width=4)
	  Index Cond: ((id >= 2802250) AND (id <= 2802350))

table 5 : explain SELECT id FROM sbtest5 WHERE id BETWEEN 2802250 AND 2802350
	Index Only Scan using sbtest5_pkey on sbtest5  (cost=0.43..6.37 rows=97 width=4)
	  Index Cond: ((id >= 2802250) AND (id <= 2802350))

table 6 : explain SELECT id FROM sbtest6 WHERE id BETWEEN 2802250 AND 2802350
	Index Only Scan using sbtest6_pkey on sbtest6  (cost=0.43..10.50 rows=103 width=4)
	  Index Cond: ((id >= 2802250) AND (id <= 2802350))

table 7 : explain SELECT id FROM sbtest7 WHERE id BETWEEN 2802250 AND 2802350
	Index Only Scan using sbtest7_pkey on sbtest7  (cost=0.43..10.29 rows=93 width=4)
	  Index Cond: ((id >= 2802250) AND (id <= 2802350))

table 8 : explain SELECT id FROM sbtest8 WHERE id BETWEEN 2802250 AND 2802350
	Index Only Scan using sbtest8_pkey on sbtest8  (cost=0.43..6.27 rows=92 width=4)
	  Index Cond: ((id >= 2802250) AND (id <= 2802350))

for range-covered
table 1 : explain SELECT id FROM sbtest1 WHERE id BETWEEN 3255571 AND 3255671
	Index Only Scan using sbtest1_pkey on sbtest1  (cost=0.43..6.51 rows=104 width=4)
	  Index Cond: ((id >= 3255571) AND (id <= 3255671))

table 2 : explain SELECT id FROM sbtest2 WHERE id BETWEEN 3255571 AND 3255671
	Index Only Scan using sbtest2_pkey on sbtest2  (cost=0.43..6.66 rows=111 width=4)
	  Index Cond: ((id >= 3255571) AND (id <= 3255671))

table 3 : explain SELECT id FROM sbtest3 WHERE id BETWEEN 3255571 AND 3255671
	Index Only Scan using sbtest3_pkey on sbtest3  (cost=0.43..10.50 rows=103 width=4)
	  Index Cond: ((id >= 3255571) AND (id <= 3255671))

table 4 : explain SELECT id FROM sbtest4 WHERE id BETWEEN 3255571 AND 3255671
	Index Only Scan using sbtest4_pkey on sbtest4  (cost=0.43..6.45 rows=101 width=4)
	  Index Cond: ((id >= 3255571) AND (id <= 3255671))

table 5 : explain SELECT id FROM sbtest5 WHERE id BETWEEN 3255571 AND 3255671
	Index Only Scan using sbtest5_pkey on sbtest5  (cost=0.43..6.51 rows=104 width=4)
	  Index Cond: ((id >= 3255571) AND (id <= 3255671))

table 6 : explain SELECT id FROM sbtest6 WHERE id BETWEEN 3255571 AND 3255671
	Index Only Scan using sbtest6_pkey on sbtest6  (cost=0.43..10.28 rows=92 width=4)
	  Index Cond: ((id >= 3255571) AND (id <= 3255671))

table 7 : explain SELECT id FROM sbtest7 WHERE id BETWEEN 3255571 AND 3255671
	Index Only Scan using sbtest7_pkey on sbtest7  (cost=0.43..10.74 rows=115 width=4)
	  Index Cond: ((id >= 3255571) AND (id <= 3255671))

table 8 : explain SELECT id FROM sbtest8 WHERE id BETWEEN 3255571 AND 3255671
	Index Only Scan using sbtest8_pkey on sbtest8  (cost=0.43..6.29 rows=93 width=4)
	  Index Cond: ((id >= 3255571) AND (id <= 3255671))

explain: for range-covered :: explain SELECT id FROM sbtest%d WHERE id BETWEEN 2802250 AND 2802350
explain: for range-covered :: explain SELECT id FROM sbtest%d WHERE id BETWEEN 3255571 AND 3255671
for range-covered
table 1 : explain SELECT id FROM sbtest1 WHERE id BETWEEN 3961892 AND 3961992
	Index Only Scan using sbtest1_pkey on sbtest1  (cost=0.43..6.45 rows=101 width=4)
	  Index Cond: ((id >= 3961892) AND (id <= 3961992))

table 2 : explain SELECT id FROM sbtest2 WHERE id BETWEEN 3961892 AND 3961992
	Index Only Scan using sbtest2_pkey on sbtest2  (cost=0.43..6.42 rows=99 width=4)
	  Index Cond: ((id >= 3961892) AND (id <= 3961992))

table 3 : explain SELECT id FROM sbtest3 WHERE id BETWEEN 3961892 AND 3961992
	Index Only Scan using sbtest3_pkey on sbtest3  (cost=0.43..10.36 rows=96 width=4)
	  Index Cond: ((id >= 3961892) AND (id <= 3961992))

table 4 : explain SELECT id FROM sbtest4 WHERE id BETWEEN 3961892 AND 3961992
	Index Only Scan using sbtest4_pkey on sbtest4  (cost=0.43..6.58 rows=107 width=4)
	  Index Cond: ((id >= 3961892) AND (id <= 3961992))

table 5 : explain SELECT id FROM sbtest5 WHERE id BETWEEN 3961892 AND 3961992
	Index Only Scan using sbtest5_pkey on sbtest5  (cost=0.43..6.45 rows=101 width=4)
	  Index Cond: ((id >= 3961892) AND (id <= 3961992))

table 6 : explain SELECT id FROM sbtest6 WHERE id BETWEEN 3961892 AND 3961992
	Index Only Scan using sbtest6_pkey on sbtest6  (cost=0.43..10.47 rows=102 width=4)
	  Index Cond: ((id >= 3961892) AND (id <= 3961992))

table 7 : explain SELECT id FROM sbtest7 WHERE id BETWEEN 3961892 AND 3961992
	Index Only Scan using sbtest7_pkey on sbtest7  (cost=0.43..10.47 rows=102 width=4)
	  Index Cond: ((id >= 3961892) AND (id <= 3961992))

table 8 : explain SELECT id FROM sbtest8 WHERE id BETWEEN 3961892 AND 3961992
	Index Only Scan using sbtest8_pkey on sbtest8  (cost=0.43..6.25 rows=91 width=4)
	  Index Cond: ((id >= 3961892) AND (id <= 3961992))

explain: for range-covered :: explain SELECT id FROM sbtest%d WHERE id BETWEEN 3961892 AND 3961992
explain: for range-covered :: explain SELECT id FROM sbtest%d WHERE id BETWEEN 3569430 AND 3569530
for range-covered
table 1 : explain SELECT id FROM sbtest1 WHERE id BETWEEN 5328502 AND 5328602
	Index Only Scan using sbtest1_pkey on sbtest1  (cost=0.43..6.45 rows=101 width=4)
	  Index Cond: ((id >= 5328502) AND (id <= 5328602))

table 2 : explain SELECT id FROM sbtest2 WHERE id BETWEEN 5328502 AND 5328602
	Index Only Scan using sbtest2_pkey on sbtest2  (cost=0.43..6.40 rows=98 width=4)
	  Index Cond: ((id >= 5328502) AND (id <= 5328602))

table 3 : explain SELECT id FROM sbtest3 WHERE id BETWEEN 5328502 AND 5328602
	Index Only Scan using sbtest3_pkey on sbtest3  (cost=0.43..10.42 rows=99 width=4)
	  Index Cond: ((id >= 5328502) AND (id <= 5328602))

table 4 : explain SELECT id FROM sbtest4 WHERE id BETWEEN 5328502 AND 5328602
	Index Only Scan using sbtest4_pkey on sbtest4  (cost=0.43..6.72 rows=114 width=4)
	  Index Cond: ((id >= 5328502) AND (id <= 5328602))

table 5 : explain SELECT id FROM sbtest5 WHERE id BETWEEN 5328502 AND 5328602
	Index Only Scan using sbtest5_pkey on sbtest5  (cost=0.43..6.53 rows=105 width=4)
	  Index Cond: ((id >= 5328502) AND (id <= 5328602))

table 6 : explain SELECT id FROM sbtest6 WHERE id BETWEEN 5328502 AND 5328602
	Index Only Scan using sbtest6_pkey on sbtest6  (cost=0.43..10.54 rows=105 width=4)
	  Index Cond: ((id >= 5328502) AND (id <= 5328602))

table 7 : explain SELECT id FROM sbtest7 WHERE id BETWEEN 5328502 AND 5328602
	Index Only Scan using sbtest7_pkey on sbtest7  (cost=0.43..10.29 rows=93 width=4)
	  Index Cond: ((id >= 5328502) AND (id <= 5328602))

table 8 : explain SELECT id FROM sbtest8 WHERE id BETWEEN 5328502 AND 5328602
	Index Only Scan using sbtest8_pkey on sbtest8  (cost=0.43..6.50 rows=103 width=4)
	  Index Cond: ((id >= 5328502) AND (id <= 5328602))

explain: for range-covered :: explain SELECT id FROM sbtest%d WHERE id BETWEEN 5328502 AND 5328602
for range-covered
table 1 : explain SELECT id FROM sbtest1 WHERE id BETWEEN 2802250 AND 2802350
	Index Only Scan using sbtest1_pkey on sbtest1  (cost=0.43..6.50 rows=103 width=4)
	  Index Cond: ((id >= 2802250) AND (id <= 2802350))

table 2 : explain SELECT id FROM sbtest2 WHERE id BETWEEN 2802250 AND 2802350
	Index Only Scan using sbtest2_pkey on sbtest2  (cost=0.43..6.66 rows=111 width=4)
	  Index Cond: ((id >= 2802250) AND (id <= 2802350))

table 3 : explain SELECT id FROM sbtest3 WHERE id BETWEEN 2802250 AND 2802350
	Index Only Scan using sbtest3_pkey on sbtest3  (cost=0.43..10.47 rows=102 width=4)
	  Index Cond: ((id >= 2802250) AND (id <= 2802350))

table 4 : explain SELECT id FROM sbtest4 WHERE id BETWEEN 2802250 AND 2802350
	Index Only Scan using sbtest4_pkey on sbtest4  (cost=0.43..6.63 rows=110 width=4)
	  Index Cond: ((id >= 2802250) AND (id <= 2802350))

table 5 : explain SELECT id FROM sbtest5 WHERE id BETWEEN 2802250 AND 2802350
	Index Only Scan using sbtest5_pkey on sbtest5  (cost=0.43..6.37 rows=97 width=4)
	  Index Cond: ((id >= 2802250) AND (id <= 2802350))

table 6 : explain SELECT id FROM sbtest6 WHERE id BETWEEN 2802250 AND 2802350
	Index Only Scan using sbtest6_pkey on sbtest6  (cost=0.43..10.50 rows=103 width=4)
	  Index Cond: ((id >= 2802250) AND (id <= 2802350))

table 7 : explain SELECT id FROM sbtest7 WHERE id BETWEEN 2802250 AND 2802350
	Index Only Scan using sbtest7_pkey on sbtest7  (cost=0.43..10.29 rows=93 width=4)
	  Index Cond: ((id >= 2802250) AND (id <= 2802350))

table 8 : explain SELECT id FROM sbtest8 WHERE id BETWEEN 2802250 AND 2802350
	Index Only Scan using sbtest8_pkey on sbtest8  (cost=0.43..6.27 rows=92 width=4)
	  Index Cond: ((id >= 2802250) AND (id <= 2802350))

for range-covered
table 1 : explain SELECT id FROM sbtest1 WHERE id BETWEEN 3255571 AND 3255671
	Index Only Scan using sbtest1_pkey on sbtest1  (cost=0.43..6.51 rows=104 width=4)
	  Index Cond: ((id >= 3255571) AND (id <= 3255671))

table 2 : explain SELECT id FROM sbtest2 WHERE id BETWEEN 3255571 AND 3255671
	Index Only Scan using sbtest2_pkey on sbtest2  (cost=0.43..6.66 rows=111 width=4)
	  Index Cond: ((id >= 3255571) AND (id <= 3255671))

table 3 : explain SELECT id FROM sbtest3 WHERE id BETWEEN 3255571 AND 3255671
	Index Only Scan using sbtest3_pkey on sbtest3  (cost=0.43..10.50 rows=103 width=4)
	  Index Cond: ((id >= 3255571) AND (id <= 3255671))

table 4 : explain SELECT id FROM sbtest4 WHERE id BETWEEN 3255571 AND 3255671
	Index Only Scan using sbtest4_pkey on sbtest4  (cost=0.43..6.45 rows=101 width=4)
	  Index Cond: ((id >= 3255571) AND (id <= 3255671))

table 5 : explain SELECT id FROM sbtest5 WHERE id BETWEEN 3255571 AND 3255671
	Index Only Scan using sbtest5_pkey on sbtest5  (cost=0.43..6.51 rows=104 width=4)
	  Index Cond: ((id >= 3255571) AND (id <= 3255671))

table 6 : explain SELECT id FROM sbtest6 WHERE id BETWEEN 3255571 AND 3255671
	Index Only Scan using sbtest6_pkey on sbtest6  (cost=0.43..10.28 rows=92 width=4)
	  Index Cond: ((id >= 3255571) AND (id <= 3255671))

table 7 : explain SELECT id FROM sbtest7 WHERE id BETWEEN 3255571 AND 3255671
	Index Only Scan using sbtest7_pkey on sbtest7  (cost=0.43..10.74 rows=115 width=4)
	  Index Cond: ((id >= 3255571) AND (id <= 3255671))

table 8 : explain SELECT id FROM sbtest8 WHERE id BETWEEN 3255571 AND 3255671
	Index Only Scan using sbtest8_pkey on sbtest8  (cost=0.43..6.29 rows=93 width=4)
	  Index Cond: ((id >= 3255571) AND (id <= 3255671))

explain: for range-covered :: explain SELECT id FROM sbtest%d WHERE id BETWEEN 2802250 AND 2802350
explain: for range-covered :: explain SELECT id FROM sbtest%d WHERE id BETWEEN 3255571 AND 3255671
for range-covered
table 1 : explain SELECT id FROM sbtest1 WHERE id BETWEEN 3961892 AND 3961992
	Index Only Scan using sbtest1_pkey on sbtest1  (cost=0.43..6.45 rows=101 width=4)
	  Index Cond: ((id >= 3961892) AND (id <= 3961992))

table 2 : explain SELECT id FROM sbtest2 WHERE id BETWEEN 3961892 AND 3961992
	Index Only Scan using sbtest2_pkey on sbtest2  (cost=0.43..6.42 rows=99 width=4)
	  Index Cond: ((id >= 3961892) AND (id <= 3961992))

table 3 : explain SELECT id FROM sbtest3 WHERE id BETWEEN 3961892 AND 3961992
	Index Only Scan using sbtest3_pkey on sbtest3  (cost=0.43..10.36 rows=96 width=4)
	  Index Cond: ((id >= 3961892) AND (id <= 3961992))

table 4 : explain SELECT id FROM sbtest4 WHERE id BETWEEN 3961892 AND 3961992
	Index Only Scan using sbtest4_pkey on sbtest4  (cost=0.43..6.58 rows=107 width=4)
	  Index Cond: ((id >= 3961892) AND (id <= 3961992))

table 5 : explain SELECT id FROM sbtest5 WHERE id BETWEEN 3961892 AND 3961992
	Index Only Scan using sbtest5_pkey on sbtest5  (cost=0.43..6.45 rows=101 width=4)
	  Index Cond: ((id >= 3961892) AND (id <= 3961992))

table 6 : explain SELECT id FROM sbtest6 WHERE id BETWEEN 3961892 AND 3961992
	Index Only Scan using sbtest6_pkey on sbtest6  (cost=0.43..10.47 rows=102 width=4)
	  Index Cond: ((id >= 3961892) AND (id <= 3961992))

table 7 : explain SELECT id FROM sbtest7 WHERE id BETWEEN 3961892 AND 3961992
	Index Only Scan using sbtest7_pkey on sbtest7  (cost=0.43..10.47 rows=102 width=4)
	  Index Cond: ((id >= 3961892) AND (id <= 3961992))

table 8 : explain SELECT id FROM sbtest8 WHERE id BETWEEN 3961892 AND 3961992
	Index Only Scan using sbtest8_pkey on sbtest8  (cost=0.43..6.25 rows=91 width=4)
	  Index Cond: ((id >= 3961892) AND (id <= 3961992))

explain: for range-covered :: explain SELECT id FROM sbtest%d WHERE id BETWEEN 3961892 AND 3961992
for range-covered
table 1 : explain SELECT id FROM sbtest1 WHERE id BETWEEN 7026316 AND 7026416
	Index Only Scan using sbtest1_pkey on sbtest1  (cost=0.43..6.51 rows=104 width=4)
	  Index Cond: ((id >= 7026316) AND (id <= 7026416))

table 2 : explain SELECT id FROM sbtest2 WHERE id BETWEEN 7026316 AND 7026416
	Index Only Scan using sbtest2_pkey on sbtest2  (cost=0.43..6.53 rows=105 width=4)
	  Index Cond: ((id >= 7026316) AND (id <= 7026416))

table 3 : explain SELECT id FROM sbtest3 WHERE id BETWEEN 7026316 AND 7026416
	Index Only Scan using sbtest3_pkey on sbtest3  (cost=0.43..10.44 rows=100 width=4)
	  Index Cond: ((id >= 7026316) AND (id <= 7026416))

table 4 : explain SELECT id FROM sbtest4 WHERE id BETWEEN 7026316 AND 7026416
	Index Only Scan using sbtest4_pkey on sbtest4  (cost=0.43..6.67 rows=112 width=4)
	  Index Cond: ((id >= 7026316) AND (id <= 7026416))

table 5 : explain SELECT id FROM sbtest5 WHERE id BETWEEN 7026316 AND 7026416
	Index Only Scan using sbtest5_pkey on sbtest5  (cost=0.43..6.56 rows=106 width=4)
	  Index Cond: ((id >= 7026316) AND (id <= 7026416))

table 6 : explain SELECT id FROM sbtest6 WHERE id BETWEEN 7026316 AND 7026416
	Index Only Scan using sbtest6_pkey on sbtest6  (cost=0.43..10.28 rows=92 width=4)
	  Index Cond: ((id >= 7026316) AND (id <= 7026416))

table 7 : explain SELECT id FROM sbtest7 WHERE id BETWEEN 7026316 AND 7026416
	Index Only Scan using sbtest7_pkey on sbtest7  (cost=0.43..10.50 rows=103 width=4)
	  Index Cond: ((id >= 7026316) AND (id <= 7026416))

table 8 : explain SELECT id FROM sbtest8 WHERE id BETWEEN 7026316 AND 7026416
	Index Only Scan using sbtest8_pkey on sbtest8  (cost=0.43..6.29 rows=93 width=4)
	  Index Cond: ((id >= 7026316) AND (id <= 7026416))

for range-covered
table 1 : explain SELECT id FROM sbtest1 WHERE id BETWEEN 5328502 AND 5328602
	Index Only Scan using sbtest1_pkey on sbtest1  (cost=0.43..6.45 rows=101 width=4)
	  Index Cond: ((id >= 5328502) AND (id <= 5328602))

table 2 : explain SELECT id FROM sbtest2 WHERE id BETWEEN 5328502 AND 5328602
	Index Only Scan using sbtest2_pkey on sbtest2  (cost=0.43..6.40 rows=98 width=4)
	  Index Cond: ((id >= 5328502) AND (id <= 5328602))

table 3 : explain SELECT id FROM sbtest3 WHERE id BETWEEN 5328502 AND 5328602
	Index Only Scan using sbtest3_pkey on sbtest3  (cost=0.43..10.42 rows=99 width=4)
	  Index Cond: ((id >= 5328502) AND (id <= 5328602))

table 4 : explain SELECT id FROM sbtest4 WHERE id BETWEEN 5328502 AND 5328602
	Index Only Scan using sbtest4_pkey on sbtest4  (cost=0.43..6.72 rows=114 width=4)
	  Index Cond: ((id >= 5328502) AND (id <= 5328602))

table 5 : explain SELECT id FROM sbtest5 WHERE id BETWEEN 5328502 AND 5328602
	Index Only Scan using sbtest5_pkey on sbtest5  (cost=0.43..6.53 rows=105 width=4)
	  Index Cond: ((id >= 5328502) AND (id <= 5328602))

table 6 : explain SELECT id FROM sbtest6 WHERE id BETWEEN 5328502 AND 5328602
	Index Only Scan using sbtest6_pkey on sbtest6  (cost=0.43..10.54 rows=105 width=4)
	  Index Cond: ((id >= 5328502) AND (id <= 5328602))

table 7 : explain SELECT id FROM sbtest7 WHERE id BETWEEN 5328502 AND 5328602
	Index Only Scan using sbtest7_pkey on sbtest7  (cost=0.43..10.29 rows=93 width=4)
	  Index Cond: ((id >= 5328502) AND (id <= 5328602))

table 8 : explain SELECT id FROM sbtest8 WHERE id BETWEEN 5328502 AND 5328602
	Index Only Scan using sbtest8_pkey on sbtest8  (cost=0.43..6.50 rows=103 width=4)
	  Index Cond: ((id >= 5328502) AND (id <= 5328602))

explain: for range-covered :: explain SELECT id FROM sbtest%d WHERE id BETWEEN 1324477 AND 1324577
explain: for range-covered :: explain SELECT id FROM sbtest%d WHERE id BETWEEN 5328502 AND 5328602
for range-covered
table 1 : explain SELECT id FROM sbtest1 WHERE id BETWEEN 2802250 AND 2802350
	Index Only Scan using sbtest1_pkey on sbtest1  (cost=0.43..6.50 rows=103 width=4)
	  Index Cond: ((id >= 2802250) AND (id <= 2802350))

table 2 : explain SELECT id FROM sbtest2 WHERE id BETWEEN 2802250 AND 2802350
	Index Only Scan using sbtest2_pkey on sbtest2  (cost=0.43..6.66 rows=111 width=4)
	  Index Cond: ((id >= 2802250) AND (id <= 2802350))

table 3 : explain SELECT id FROM sbtest3 WHERE id BETWEEN 2802250 AND 2802350
	Index Only Scan using sbtest3_pkey on sbtest3  (cost=0.43..10.47 rows=102 width=4)
	  Index Cond: ((id >= 2802250) AND (id <= 2802350))

table 4 : explain SELECT id FROM sbtest4 WHERE id BETWEEN 2802250 AND 2802350
	Index Only Scan using sbtest4_pkey on sbtest4  (cost=0.43..6.63 rows=110 width=4)
	  Index Cond: ((id >= 2802250) AND (id <= 2802350))

table 5 : explain SELECT id FROM sbtest5 WHERE id BETWEEN 2802250 AND 2802350
	Index Only Scan using sbtest5_pkey on sbtest5  (cost=0.43..6.37 rows=97 width=4)
	  Index Cond: ((id >= 2802250) AND (id <= 2802350))

table 6 : explain SELECT id FROM sbtest6 WHERE id BETWEEN 2802250 AND 2802350
	Index Only Scan using sbtest6_pkey on sbtest6  (cost=0.43..10.50 rows=103 width=4)
	  Index Cond: ((id >= 2802250) AND (id <= 2802350))

table 7 : explain SELECT id FROM sbtest7 WHERE id BETWEEN 2802250 AND 2802350
	Index Only Scan using sbtest7_pkey on sbtest7  (cost=0.43..10.29 rows=93 width=4)
	  Index Cond: ((id >= 2802250) AND (id <= 2802350))

table 8 : explain SELECT id FROM sbtest8 WHERE id BETWEEN 2802250 AND 2802350
	Index Only Scan using sbtest8_pkey on sbtest8  (cost=0.43..6.27 rows=92 width=4)
	  Index Cond: ((id >= 2802250) AND (id <= 2802350))

explain: for range-covered :: explain SELECT id FROM sbtest%d WHERE id BETWEEN 2802250 AND 2802350
for range-covered
table 1 : explain SELECT id FROM sbtest1 WHERE id BETWEEN 2685812 AND 2685912
	Index Only Scan using sbtest1_pkey on sbtest1  (cost=0.43..6.43 rows=100 width=4)
	  Index Cond: ((id >= 2685812) AND (id <= 2685912))

table 2 : explain SELECT id FROM sbtest2 WHERE id BETWEEN 2685812 AND 2685912
	Index Only Scan using sbtest2_pkey on sbtest2  (cost=0.43..6.50 rows=103 width=4)
	  Index Cond: ((id >= 2685812) AND (id <= 2685912))

table 3 : explain SELECT id FROM sbtest3 WHERE id BETWEEN 2685812 AND 2685912
	Index Only Scan using sbtest3_pkey on sbtest3  (cost=0.43..10.56 rows=106 width=4)
	  Index Cond: ((id >= 2685812) AND (id <= 2685912))

table 4 : explain SELECT id FROM sbtest4 WHERE id BETWEEN 2685812 AND 2685912
	Index Only Scan using sbtest4_pkey on sbtest4  (cost=0.43..6.37 rows=97 width=4)
	  Index Cond: ((id >= 2685812) AND (id <= 2685912))

table 5 : explain SELECT id FROM sbtest5 WHERE id BETWEEN 2685812 AND 2685912
	Index Only Scan using sbtest5_pkey on sbtest5  (cost=0.43..6.47 rows=102 width=4)
	  Index Cond: ((id >= 2685812) AND (id <= 2685912))

table 6 : explain SELECT id FROM sbtest6 WHERE id BETWEEN 2685812 AND 2685912
	Index Only Scan using sbtest6_pkey on sbtest6  (cost=0.43..10.54 rows=105 width=4)
	  Index Cond: ((id >= 2685812) AND (id <= 2685912))

table 7 : explain SELECT id FROM sbtest7 WHERE id BETWEEN 2685812 AND 2685912
	Index Only Scan using sbtest7_pkey on sbtest7  (cost=0.43..10.56 rows=106 width=4)
	  Index Cond: ((id >= 2685812) AND (id <= 2685912))

table 8 : explain SELECT id FROM sbtest8 WHERE id BETWEEN 2685812 AND 2685912
	Index Only Scan using sbtest8_pkey on sbtest8  (cost=0.43..6.45 rows=101 width=4)
	  Index Cond: ((id >= 2685812) AND (id <= 2685912))

explain: for range-covered :: explain SELECT id FROM sbtest%d WHERE id BETWEEN 7026316 AND 7026416
for range-covered
table 1 : explain SELECT id FROM sbtest1 WHERE id BETWEEN 3961892 AND 3961992
	Index Only Scan using sbtest1_pkey on sbtest1  (cost=0.43..6.45 rows=101 width=4)
	  Index Cond: ((id >= 3961892) AND (id <= 3961992))

table 2 : explain SELECT id FROM sbtest2 WHERE id BETWEEN 3961892 AND 3961992
	Index Only Scan using sbtest2_pkey on sbtest2  (cost=0.43..6.42 rows=99 width=4)
	  Index Cond: ((id >= 3961892) AND (id <= 3961992))

table 3 : explain SELECT id FROM sbtest3 WHERE id BETWEEN 3961892 AND 3961992
	Index Only Scan using sbtest3_pkey on sbtest3  (cost=0.43..10.36 rows=96 width=4)
	  Index Cond: ((id >= 3961892) AND (id <= 3961992))

table 4 : explain SELECT id FROM sbtest4 WHERE id BETWEEN 3961892 AND 3961992
	Index Only Scan using sbtest4_pkey on sbtest4  (cost=0.43..6.58 rows=107 width=4)
	  Index Cond: ((id >= 3961892) AND (id <= 3961992))

table 5 : explain SELECT id FROM sbtest5 WHERE id BETWEEN 3961892 AND 3961992
	Index Only Scan using sbtest5_pkey on sbtest5  (cost=0.43..6.45 rows=101 width=4)
	  Index Cond: ((id >= 3961892) AND (id <= 3961992))

table 6 : explain SELECT id FROM sbtest6 WHERE id BETWEEN 3961892 AND 3961992
	Index Only Scan using sbtest6_pkey on sbtest6  (cost=0.43..10.47 rows=102 width=4)
	  Index Cond: ((id >= 3961892) AND (id <= 3961992))

table 7 : explain SELECT id FROM sbtest7 WHERE id BETWEEN 3961892 AND 3961992
	Index Only Scan using sbtest7_pkey on sbtest7  (cost=0.43..10.47 rows=102 width=4)
	  Index Cond: ((id >= 3961892) AND (id <= 3961992))

table 8 : explain SELECT id FROM sbtest8 WHERE id BETWEEN 3961892 AND 3961992
	Index Only Scan using sbtest8_pkey on sbtest8  (cost=0.43..6.25 rows=91 width=4)
	  Index Cond: ((id >= 3961892) AND (id <= 3961992))

explain: for range-covered :: explain SELECT id FROM sbtest%d WHERE id BETWEEN 3961892 AND 3961992
explain: for range-covered :: explain SELECT id FROM sbtest%d WHERE id BETWEEN 8635509 AND 8635609
explain: for range-covered :: explain SELECT id FROM sbtest%d WHERE id BETWEEN 2685812 AND 2685912
for range-covered
table 1 : explain SELECT id FROM sbtest1 WHERE id BETWEEN 5328502 AND 5328602
	Index Only Scan using sbtest1_pkey on sbtest1  (cost=0.43..6.45 rows=101 width=4)
	  Index Cond: ((id >= 5328502) AND (id <= 5328602))

table 2 : explain SELECT id FROM sbtest2 WHERE id BETWEEN 5328502 AND 5328602
	Index Only Scan using sbtest2_pkey on sbtest2  (cost=0.43..6.40 rows=98 width=4)
	  Index Cond: ((id >= 5328502) AND (id <= 5328602))

table 3 : explain SELECT id FROM sbtest3 WHERE id BETWEEN 5328502 AND 5328602
	Index Only Scan using sbtest3_pkey on sbtest3  (cost=0.43..10.42 rows=99 width=4)
	  Index Cond: ((id >= 5328502) AND (id <= 5328602))

table 4 : explain SELECT id FROM sbtest4 WHERE id BETWEEN 5328502 AND 5328602
	Index Only Scan using sbtest4_pkey on sbtest4  (cost=0.43..6.72 rows=114 width=4)
	  Index Cond: ((id >= 5328502) AND (id <= 5328602))

table 5 : explain SELECT id FROM sbtest5 WHERE id BETWEEN 5328502 AND 5328602
	Index Only Scan using sbtest5_pkey on sbtest5  (cost=0.43..6.53 rows=105 width=4)
	  Index Cond: ((id >= 5328502) AND (id <= 5328602))

table 6 : explain SELECT id FROM sbtest6 WHERE id BETWEEN 5328502 AND 5328602
	Index Only Scan using sbtest6_pkey on sbtest6  (cost=0.43..10.54 rows=105 width=4)
	  Index Cond: ((id >= 5328502) AND (id <= 5328602))

table 7 : explain SELECT id FROM sbtest7 WHERE id BETWEEN 5328502 AND 5328602
	Index Only Scan using sbtest7_pkey on sbtest7  (cost=0.43..10.29 rows=93 width=4)
	  Index Cond: ((id >= 5328502) AND (id <= 5328602))

table 8 : explain SELECT id FROM sbtest8 WHERE id BETWEEN 5328502 AND 5328602
	Index Only Scan using sbtest8_pkey on sbtest8  (cost=0.43..6.50 rows=103 width=4)
	  Index Cond: ((id >= 5328502) AND (id <= 5328602))

explain: for range-covered :: explain SELECT id FROM sbtest%d WHERE id BETWEEN 5328502 AND 5328602
for range-covered
table 1 : explain SELECT id FROM sbtest1 WHERE id BETWEEN 2802250 AND 2802350
	Index Only Scan using sbtest1_pkey on sbtest1  (cost=0.43..6.50 rows=103 width=4)
	  Index Cond: ((id >= 2802250) AND (id <= 2802350))

table 2 : explain SELECT id FROM sbtest2 WHERE id BETWEEN 2802250 AND 2802350
	Index Only Scan using sbtest2_pkey on sbtest2  (cost=0.43..6.66 rows=111 width=4)
	  Index Cond: ((id >= 2802250) AND (id <= 2802350))

table 3 : explain SELECT id FROM sbtest3 WHERE id BETWEEN 2802250 AND 2802350
	Index Only Scan using sbtest3_pkey on sbtest3  (cost=0.43..10.47 rows=102 width=4)
	  Index Cond: ((id >= 2802250) AND (id <= 2802350))

table 4 : explain SELECT id FROM sbtest4 WHERE id BETWEEN 2802250 AND 2802350
	Index Only Scan using sbtest4_pkey on sbtest4  (cost=0.43..6.63 rows=110 width=4)
	  Index Cond: ((id >= 2802250) AND (id <= 2802350))

table 5 : explain SELECT id FROM sbtest5 WHERE id BETWEEN 2802250 AND 2802350
	Index Only Scan using sbtest5_pkey on sbtest5  (cost=0.43..6.37 rows=97 width=4)
	  Index Cond: ((id >= 2802250) AND (id <= 2802350))

table 6 : explain SELECT id FROM sbtest6 WHERE id BETWEEN 2802250 AND 2802350
	Index Only Scan using sbtest6_pkey on sbtest6  (cost=0.43..10.50 rows=103 width=4)
	  Index Cond: ((id >= 2802250) AND (id <= 2802350))

table 7 : explain SELECT id FROM sbtest7 WHERE id BETWEEN 2802250 AND 2802350
	Index Only Scan using sbtest7_pkey on sbtest7  (cost=0.43..10.29 rows=93 width=4)
	  Index Cond: ((id >= 2802250) AND (id <= 2802350))

table 8 : explain SELECT id FROM sbtest8 WHERE id BETWEEN 2802250 AND 2802350
	Index Only Scan using sbtest8_pkey on sbtest8  (cost=0.43..6.27 rows=92 width=4)
	  Index Cond: ((id >= 2802250) AND (id <= 2802350))

for range-covered
table 1 : explain SELECT id FROM sbtest1 WHERE id BETWEEN 3961892 AND 3961992
	Index Only Scan using sbtest1_pkey on sbtest1  (cost=0.43..6.45 rows=101 width=4)
	  Index Cond: ((id >= 3961892) AND (id <= 3961992))

table 2 : explain SELECT id FROM sbtest2 WHERE id BETWEEN 3961892 AND 3961992
	Index Only Scan using sbtest2_pkey on sbtest2  (cost=0.43..6.42 rows=99 width=4)
	  Index Cond: ((id >= 3961892) AND (id <= 3961992))

table 3 : explain SELECT id FROM sbtest3 WHERE id BETWEEN 3961892 AND 3961992
	Index Only Scan using sbtest3_pkey on sbtest3  (cost=0.43..10.36 rows=96 width=4)
	  Index Cond: ((id >= 3961892) AND (id <= 3961992))

table 4 : explain SELECT id FROM sbtest4 WHERE id BETWEEN 3961892 AND 3961992
	Index Only Scan using sbtest4_pkey on sbtest4  (cost=0.43..6.58 rows=107 width=4)
	  Index Cond: ((id >= 3961892) AND (id <= 3961992))

table 5 : explain SELECT id FROM sbtest5 WHERE id BETWEEN 3961892 AND 3961992
	Index Only Scan using sbtest5_pkey on sbtest5  (cost=0.43..6.45 rows=101 width=4)
	  Index Cond: ((id >= 3961892) AND (id <= 3961992))

table 6 : explain SELECT id FROM sbtest6 WHERE id BETWEEN 3961892 AND 3961992
	Index Only Scan using sbtest6_pkey on sbtest6  (cost=0.43..10.47 rows=102 width=4)
	  Index Cond: ((id >= 3961892) AND (id <= 3961992))

table 7 : explain SELECT id FROM sbtest7 WHERE id BETWEEN 3961892 AND 3961992
	Index Only Scan using sbtest7_pkey on sbtest7  (cost=0.43..10.47 rows=102 width=4)
	  Index Cond: ((id >= 3961892) AND (id <= 3961992))

table 8 : explain SELECT id FROM sbtest8 WHERE id BETWEEN 3961892 AND 3961992
	Index Only Scan using sbtest8_pkey on sbtest8  (cost=0.43..6.25 rows=91 width=4)
	  Index Cond: ((id >= 3961892) AND (id <= 3961992))

explain: for range-covered :: explain SELECT id FROM sbtest%d WHERE id BETWEEN 3961892 AND 3961992
for range-covered
table 1 : explain SELECT id FROM sbtest1 WHERE id BETWEEN 5328502 AND 5328602
	Index Only Scan using sbtest1_pkey on sbtest1  (cost=0.43..6.45 rows=101 width=4)
	  Index Cond: ((id >= 5328502) AND (id <= 5328602))

table 2 : explain SELECT id FROM sbtest2 WHERE id BETWEEN 5328502 AND 5328602
	Index Only Scan using sbtest2_pkey on sbtest2  (cost=0.43..6.40 rows=98 width=4)
	  Index Cond: ((id >= 5328502) AND (id <= 5328602))

table 3 : explain SELECT id FROM sbtest3 WHERE id BETWEEN 5328502 AND 5328602
	Index Only Scan using sbtest3_pkey on sbtest3  (cost=0.43..10.42 rows=99 width=4)
	  Index Cond: ((id >= 5328502) AND (id <= 5328602))

table 4 : explain SELECT id FROM sbtest4 WHERE id BETWEEN 5328502 AND 5328602
	Index Only Scan using sbtest4_pkey on sbtest4  (cost=0.43..6.72 rows=114 width=4)
	  Index Cond: ((id >= 5328502) AND (id <= 5328602))

table 5 : explain SELECT id FROM sbtest5 WHERE id BETWEEN 5328502 AND 5328602
	Index Only Scan using sbtest5_pkey on sbtest5  (cost=0.43..6.53 rows=105 width=4)
	  Index Cond: ((id >= 5328502) AND (id <= 5328602))

table 6 : explain SELECT id FROM sbtest6 WHERE id BETWEEN 5328502 AND 5328602
	Index Only Scan using sbtest6_pkey on sbtest6  (cost=0.43..10.54 rows=105 width=4)
	  Index Cond: ((id >= 5328502) AND (id <= 5328602))

table 7 : explain SELECT id FROM sbtest7 WHERE id BETWEEN 5328502 AND 5328602
	Index Only Scan using sbtest7_pkey on sbtest7  (cost=0.43..10.29 rows=93 width=4)
	  Index Cond: ((id >= 5328502) AND (id <= 5328602))

table 8 : explain SELECT id FROM sbtest8 WHERE id BETWEEN 5328502 AND 5328602
	Index Only Scan using sbtest8_pkey on sbtest8  (cost=0.43..6.50 rows=103 width=4)
	  Index Cond: ((id >= 5328502) AND (id <= 5328602))

for range-covered
table 1 : explain SELECT id FROM sbtest1 WHERE id BETWEEN 7026316 AND 7026416
	Index Only Scan using sbtest1_pkey on sbtest1  (cost=0.43..6.51 rows=104 width=4)
	  Index Cond: ((id >= 7026316) AND (id <= 7026416))

table 2 : explain SELECT id FROM sbtest2 WHERE id BETWEEN 7026316 AND 7026416
	Index Only Scan using sbtest2_pkey on sbtest2  (cost=0.43..6.53 rows=105 width=4)
	  Index Cond: ((id >= 7026316) AND (id <= 7026416))

table 3 : explain SELECT id FROM sbtest3 WHERE id BETWEEN 7026316 AND 7026416
	Index Only Scan using sbtest3_pkey on sbtest3  (cost=0.43..10.44 rows=100 width=4)
	  Index Cond: ((id >= 7026316) AND (id <= 7026416))

table 4 : explain SELECT id FROM sbtest4 WHERE id BETWEEN 7026316 AND 7026416
	Index Only Scan using sbtest4_pkey on sbtest4  (cost=0.43..6.67 rows=112 width=4)
	  Index Cond: ((id >= 7026316) AND (id <= 7026416))

table 5 : explain SELECT id FROM sbtest5 WHERE id BETWEEN 7026316 AND 7026416
	Index Only Scan using sbtest5_pkey on sbtest5  (cost=0.43..6.56 rows=106 width=4)
	  Index Cond: ((id >= 7026316) AND (id <= 7026416))

table 6 : explain SELECT id FROM sbtest6 WHERE id BETWEEN 7026316 AND 7026416
	Index Only Scan using sbtest6_pkey on sbtest6  (cost=0.43..10.28 rows=92 width=4)
	  Index Cond: ((id >= 7026316) AND (id <= 7026416))

table 7 : explain SELECT id FROM sbtest7 WHERE id BETWEEN 7026316 AND 7026416
	Index Only Scan using sbtest7_pkey on sbtest7  (cost=0.43..10.50 rows=103 width=4)
	  Index Cond: ((id >= 7026316) AND (id <= 7026416))

table 8 : explain SELECT id FROM sbtest8 WHERE id BETWEEN 7026316 AND 7026416
	Index Only Scan using sbtest8_pkey on sbtest8  (cost=0.43..6.29 rows=93 width=4)
	  Index Cond: ((id >= 7026316) AND (id <= 7026416))

explain: for range-covered :: explain SELECT id FROM sbtest%d WHERE id BETWEEN 5328502 AND 5328602
explain: for range-covered :: explain SELECT id FROM sbtest%d WHERE id BETWEEN 7026316 AND 7026416
for range-covered
table 1 : explain SELECT id FROM sbtest1 WHERE id BETWEEN 3569430 AND 3569530
	Index Only Scan using sbtest1_pkey on sbtest1  (cost=0.43..6.29 rows=93 width=4)
	  Index Cond: ((id >= 3569430) AND (id <= 3569530))

table 2 : explain SELECT id FROM sbtest2 WHERE id BETWEEN 3569430 AND 3569530
	Index Only Scan using sbtest2_pkey on sbtest2  (cost=0.43..6.61 rows=109 width=4)
	  Index Cond: ((id >= 3569430) AND (id <= 3569530))

table 3 : explain SELECT id FROM sbtest3 WHERE id BETWEEN 3569430 AND 3569530
	Index Only Scan using sbtest3_pkey on sbtest3  (cost=0.43..10.54 rows=105 width=4)
	  Index Cond: ((id >= 3569430) AND (id <= 3569530))

table 4 : explain SELECT id FROM sbtest4 WHERE id BETWEEN 3569430 AND 3569530
	Index Only Scan using sbtest4_pkey on sbtest4  (cost=0.43..6.45 rows=101 width=4)
	  Index Cond: ((id >= 3569430) AND (id <= 3569530))

table 5 : explain SELECT id FROM sbtest5 WHERE id BETWEEN 3569430 AND 3569530
	Index Only Scan using sbtest5_pkey on sbtest5  (cost=0.43..6.27 rows=92 width=4)
	  Index Cond: ((id >= 3569430) AND (id <= 3569530))

table 6 : explain SELECT id FROM sbtest6 WHERE id BETWEEN 3569430 AND 3569530
	Index Only Scan using sbtest6_pkey on sbtest6  (cost=0.43..10.42 rows=99 width=4)
	  Index Cond: ((id >= 3569430) AND (id <= 3569530))

table 7 : explain SELECT id FROM sbtest7 WHERE id BETWEEN 3569430 AND 3569530
	Index Only Scan using sbtest7_pkey on sbtest7  (cost=0.43..10.42 rows=99 width=4)
	  Index Cond: ((id >= 3569430) AND (id <= 3569530))

table 8 : explain SELECT id FROM sbtest8 WHERE id BETWEEN 3569430 AND 3569530
	Index Only Scan using sbtest8_pkey on sbtest8  (cost=0.43..6.32 rows=94 width=4)
	  Index Cond: ((id >= 3569430) AND (id <= 3569530))

for range-covered
table 1 : explain SELECT id FROM sbtest1 WHERE id BETWEEN 3961892 AND 3961992
	Index Only Scan using sbtest1_pkey on sbtest1  (cost=0.43..6.45 rows=101 width=4)
	  Index Cond: ((id >= 3961892) AND (id <= 3961992))

table 2 : explain SELECT id FROM sbtest2 WHERE id BETWEEN 3961892 AND 3961992
	Index Only Scan using sbtest2_pkey on sbtest2  (cost=0.43..6.42 rows=99 width=4)
	  Index Cond: ((id >= 3961892) AND (id <= 3961992))

table 3 : explain SELECT id FROM sbtest3 WHERE id BETWEEN 3961892 AND 3961992
	Index Only Scan using sbtest3_pkey on sbtest3  (cost=0.43..10.36 rows=96 width=4)
	  Index Cond: ((id >= 3961892) AND (id <= 3961992))

table 4 : explain SELECT id FROM sbtest4 WHERE id BETWEEN 3961892 AND 3961992
	Index Only Scan using sbtest4_pkey on sbtest4  (cost=0.43..6.58 rows=107 width=4)
	  Index Cond: ((id >= 3961892) AND (id <= 3961992))

table 5 : explain SELECT id FROM sbtest5 WHERE id BETWEEN 3961892 AND 3961992
	Index Only Scan using sbtest5_pkey on sbtest5  (cost=0.43..6.45 rows=101 width=4)
	  Index Cond: ((id >= 3961892) AND (id <= 3961992))

table 6 : explain SELECT id FROM sbtest6 WHERE id BETWEEN 3961892 AND 3961992
	Index Only Scan using sbtest6_pkey on sbtest6  (cost=0.43..10.47 rows=102 width=4)
	  Index Cond: ((id >= 3961892) AND (id <= 3961992))

table 7 : explain SELECT id FROM sbtest7 WHERE id BETWEEN 3961892 AND 3961992
	Index Only Scan using sbtest7_pkey on sbtest7  (cost=0.43..10.47 rows=102 width=4)
	  Index Cond: ((id >= 3961892) AND (id <= 3961992))

table 8 : explain SELECT id FROM sbtest8 WHERE id BETWEEN 3961892 AND 3961992
	Index Only Scan using sbtest8_pkey on sbtest8  (cost=0.43..6.25 rows=91 width=4)
	  Index Cond: ((id >= 3961892) AND (id <= 3961992))

explain: for range-covered :: explain SELECT id FROM sbtest%d WHERE id BETWEEN 3569430 AND 3569530
explain: for range-covered :: explain SELECT id FROM sbtest%d WHERE id BETWEEN 3961892 AND 3961992
for range-covered
table 1 : explain SELECT id FROM sbtest1 WHERE id BETWEEN 2685812 AND 2685912
	Index Only Scan using sbtest1_pkey on sbtest1  (cost=0.43..6.43 rows=100 width=4)
	  Index Cond: ((id >= 2685812) AND (id <= 2685912))

table 2 : explain SELECT id FROM sbtest2 WHERE id BETWEEN 2685812 AND 2685912
	Index Only Scan using sbtest2_pkey on sbtest2  (cost=0.43..6.50 rows=103 width=4)
	  Index Cond: ((id >= 2685812) AND (id <= 2685912))

table 3 : explain SELECT id FROM sbtest3 WHERE id BETWEEN 2685812 AND 2685912
	Index Only Scan using sbtest3_pkey on sbtest3  (cost=0.43..10.56 rows=106 width=4)
	  Index Cond: ((id >= 2685812) AND (id <= 2685912))

table 4 : explain SELECT id FROM sbtest4 WHERE id BETWEEN 2685812 AND 2685912
	Index Only Scan using sbtest4_pkey on sbtest4  (cost=0.43..6.37 rows=97 width=4)
	  Index Cond: ((id >= 2685812) AND (id <= 2685912))

table 5 : explain SELECT id FROM sbtest5 WHERE id BETWEEN 2685812 AND 2685912
	Index Only Scan using sbtest5_pkey on sbtest5  (cost=0.43..6.47 rows=102 width=4)
	  Index Cond: ((id >= 2685812) AND (id <= 2685912))

table 6 : explain SELECT id FROM sbtest6 WHERE id BETWEEN 2685812 AND 2685912
	Index Only Scan using sbtest6_pkey on sbtest6  (cost=0.43..10.54 rows=105 width=4)
	  Index Cond: ((id >= 2685812) AND (id <= 2685912))

table 7 : explain SELECT id FROM sbtest7 WHERE id BETWEEN 2685812 AND 2685912
	Index Only Scan using sbtest7_pkey on sbtest7  (cost=0.43..10.56 rows=106 width=4)
	  Index Cond: ((id >= 2685812) AND (id <= 2685912))

table 8 : explain SELECT id FROM sbtest8 WHERE id BETWEEN 2685812 AND 2685912
	Index Only Scan using sbtest8_pkey on sbtest8  (cost=0.43..6.45 rows=101 width=4)
	  Index Cond: ((id >= 2685812) AND (id <= 2685912))

for range-covered
table 1 : explain SELECT id FROM sbtest1 WHERE id BETWEEN 5328502 AND 5328602
	Index Only Scan using sbtest1_pkey on sbtest1  (cost=0.43..6.45 rows=101 width=4)
	  Index Cond: ((id >= 5328502) AND (id <= 5328602))

table 2 : explain SELECT id FROM sbtest2 WHERE id BETWEEN 5328502 AND 5328602
	Index Only Scan using sbtest2_pkey on sbtest2  (cost=0.43..6.40 rows=98 width=4)
	  Index Cond: ((id >= 5328502) AND (id <= 5328602))

table 3 : explain SELECT id FROM sbtest3 WHERE id BETWEEN 5328502 AND 5328602
	Index Only Scan using sbtest3_pkey on sbtest3  (cost=0.43..10.42 rows=99 width=4)
	  Index Cond: ((id >= 5328502) AND (id <= 5328602))

table 4 : explain SELECT id FROM sbtest4 WHERE id BETWEEN 5328502 AND 5328602
	Index Only Scan using sbtest4_pkey on sbtest4  (cost=0.43..6.72 rows=114 width=4)
	  Index Cond: ((id >= 5328502) AND (id <= 5328602))

table 5 : explain SELECT id FROM sbtest5 WHERE id BETWEEN 5328502 AND 5328602
	Index Only Scan using sbtest5_pkey on sbtest5  (cost=0.43..6.53 rows=105 width=4)
	  Index Cond: ((id >= 5328502) AND (id <= 5328602))

table 6 : explain SELECT id FROM sbtest6 WHERE id BETWEEN 5328502 AND 5328602
	Index Only Scan using sbtest6_pkey on sbtest6  (cost=0.43..10.54 rows=105 width=4)
	  Index Cond: ((id >= 5328502) AND (id <= 5328602))

table 7 : explain SELECT id FROM sbtest7 WHERE id BETWEEN 5328502 AND 5328602
	Index Only Scan using sbtest7_pkey on sbtest7  (cost=0.43..10.29 rows=93 width=4)
	  Index Cond: ((id >= 5328502) AND (id <= 5328602))

table 8 : explain SELECT id FROM sbtest8 WHERE id BETWEEN 5328502 AND 5328602
	Index Only Scan using sbtest8_pkey on sbtest8  (cost=0.43..6.50 rows=103 width=4)
	  Index Cond: ((id >= 5328502) AND (id <= 5328602))

for range-covered
table 1 : explain SELECT id FROM sbtest1 WHERE id BETWEEN 3255571 AND 3255671
	Index Only Scan using sbtest1_pkey on sbtest1  (cost=0.43..6.51 rows=104 width=4)
	  Index Cond: ((id >= 3255571) AND (id <= 3255671))

table 2 : explain SELECT id FROM sbtest2 WHERE id BETWEEN 3255571 AND 3255671
	Index Only Scan using sbtest2_pkey on sbtest2  (cost=0.43..6.66 rows=111 width=4)
	  Index Cond: ((id >= 3255571) AND (id <= 3255671))

table 3 : explain SELECT id FROM sbtest3 WHERE id BETWEEN 3255571 AND 3255671
	Index Only Scan using sbtest3_pkey on sbtest3  (cost=0.43..10.50 rows=103 width=4)
	  Index Cond: ((id >= 3255571) AND (id <= 3255671))

table 4 : explain SELECT id FROM sbtest4 WHERE id BETWEEN 3255571 AND 3255671
	Index Only Scan using sbtest4_pkey on sbtest4  (cost=0.43..6.45 rows=101 width=4)
	  Index Cond: ((id >= 3255571) AND (id <= 3255671))

table 5 : explain SELECT id FROM sbtest5 WHERE id BETWEEN 3255571 AND 3255671
	Index Only Scan using sbtest5_pkey on sbtest5  (cost=0.43..6.51 rows=104 width=4)
	  Index Cond: ((id >= 3255571) AND (id <= 3255671))

table 6 : explain SELECT id FROM sbtest6 WHERE id BETWEEN 3255571 AND 3255671
	Index Only Scan using sbtest6_pkey on sbtest6  (cost=0.43..10.28 rows=92 width=4)
	  Index Cond: ((id >= 3255571) AND (id <= 3255671))

table 7 : explain SELECT id FROM sbtest7 WHERE id BETWEEN 3255571 AND 3255671
	Index Only Scan using sbtest7_pkey on sbtest7  (cost=0.43..10.74 rows=115 width=4)
	  Index Cond: ((id >= 3255571) AND (id <= 3255671))

table 8 : explain SELECT id FROM sbtest8 WHERE id BETWEEN 3255571 AND 3255671
	Index Only Scan using sbtest8_pkey on sbtest8  (cost=0.43..6.29 rows=93 width=4)
	  Index Cond: ((id >= 3255571) AND (id <= 3255671))

explain: for range-covered :: explain SELECT id FROM sbtest%d WHERE id BETWEEN 5328502 AND 5328602
explain: for range-covered :: explain SELECT id FROM sbtest%d WHERE id BETWEEN 2685812 AND 2685912
for range-covered
table 1 : explain SELECT id FROM sbtest1 WHERE id BETWEEN 1324477 AND 1324577
	Index Only Scan using sbtest1_pkey on sbtest1  (cost=0.43..6.40 rows=98 width=4)
	  Index Cond: ((id >= 1324477) AND (id <= 1324577))

table 2 : explain SELECT id FROM sbtest2 WHERE id BETWEEN 1324477 AND 1324577
	Index Only Scan using sbtest2_pkey on sbtest2  (cost=0.43..6.53 rows=105 width=4)
	  Index Cond: ((id >= 1324477) AND (id <= 1324577))

table 3 : explain SELECT id FROM sbtest3 WHERE id BETWEEN 1324477 AND 1324577
	Index Only Scan using sbtest3_pkey on sbtest3  (cost=0.43..10.26 rows=91 width=4)
	  Index Cond: ((id >= 1324477) AND (id <= 1324577))

table 4 : explain SELECT id FROM sbtest4 WHERE id BETWEEN 1324477 AND 1324577
	Index Only Scan using sbtest4_pkey on sbtest4  (cost=0.43..6.32 rows=94 width=4)
	  Index Cond: ((id >= 1324477) AND (id <= 1324577))

table 5 : explain SELECT id FROM sbtest5 WHERE id BETWEEN 1324477 AND 1324577
	Index Only Scan using sbtest5_pkey on sbtest5  (cost=0.43..6.50 rows=103 width=4)
	  Index Cond: ((id >= 1324477) AND (id <= 1324577))

table 6 : explain SELECT id FROM sbtest6 WHERE id BETWEEN 1324477 AND 1324577
	Index Only Scan using sbtest6_pkey on sbtest6  (cost=0.43..10.51 rows=104 width=4)
	  Index Cond: ((id >= 1324477) AND (id <= 1324577))

table 7 : explain SELECT id FROM sbtest7 WHERE id BETWEEN 1324477 AND 1324577
	Index Only Scan using sbtest7_pkey on sbtest7  (cost=0.43..10.56 rows=106 width=4)
	  Index Cond: ((id >= 1324477) AND (id <= 1324577))

table 8 : explain SELECT id FROM sbtest8 WHERE id BETWEEN 1324477 AND 1324577
	Index Only Scan using sbtest8_pkey on sbtest8  (cost=0.43..6.33 rows=95 width=4)
	  Index Cond: ((id >= 1324477) AND (id <= 1324577))

for range-covered
table 1 : explain SELECT id FROM sbtest1 WHERE id BETWEEN 3961892 AND 3961992
	Index Only Scan using sbtest1_pkey on sbtest1  (cost=0.43..6.45 rows=101 width=4)
	  Index Cond: ((id >= 3961892) AND (id <= 3961992))

table 2 : explain SELECT id FROM sbtest2 WHERE id BETWEEN 3961892 AND 3961992
	Index Only Scan using sbtest2_pkey on sbtest2  (cost=0.43..6.42 rows=99 width=4)
	  Index Cond: ((id >= 3961892) AND (id <= 3961992))

table 3 : explain SELECT id FROM sbtest3 WHERE id BETWEEN 3961892 AND 3961992
	Index Only Scan using sbtest3_pkey on sbtest3  (cost=0.43..10.36 rows=96 width=4)
	  Index Cond: ((id >= 3961892) AND (id <= 3961992))

table 4 : explain SELECT id FROM sbtest4 WHERE id BETWEEN 3961892 AND 3961992
	Index Only Scan using sbtest4_pkey on sbtest4  (cost=0.43..6.58 rows=107 width=4)
	  Index Cond: ((id >= 3961892) AND (id <= 3961992))

table 5 : explain SELECT id FROM sbtest5 WHERE id BETWEEN 3961892 AND 3961992
	Index Only Scan using sbtest5_pkey on sbtest5  (cost=0.43..6.45 rows=101 width=4)
	  Index Cond: ((id >= 3961892) AND (id <= 3961992))

table 6 : explain SELECT id FROM sbtest6 WHERE id BETWEEN 3961892 AND 3961992
	Index Only Scan using sbtest6_pkey on sbtest6  (cost=0.43..10.47 rows=102 width=4)
	  Index Cond: ((id >= 3961892) AND (id <= 3961992))

table 7 : explain SELECT id FROM sbtest7 WHERE id BETWEEN 3961892 AND 3961992
	Index Only Scan using sbtest7_pkey on sbtest7  (cost=0.43..10.47 rows=102 width=4)
	  Index Cond: ((id >= 3961892) AND (id <= 3961992))

table 8 : explain SELECT id FROM sbtest8 WHERE id BETWEEN 3961892 AND 3961992
	Index Only Scan using sbtest8_pkey on sbtest8  (cost=0.43..6.25 rows=91 width=4)
	  Index Cond: ((id >= 3961892) AND (id <= 3961992))

explain: for range-covered :: explain SELECT id FROM sbtest%d WHERE id BETWEEN 1324477 AND 1324577
explain: for range-covered :: explain SELECT id FROM sbtest%d WHERE id BETWEEN 3961892 AND 3961992
for range-covered
table 1 : explain SELECT id FROM sbtest1 WHERE id BETWEEN 3569430 AND 3569530
	Index Only Scan using sbtest1_pkey on sbtest1  (cost=0.43..6.29 rows=93 width=4)
	  Index Cond: ((id >= 3569430) AND (id <= 3569530))

table 2 : explain SELECT id FROM sbtest2 WHERE id BETWEEN 3569430 AND 3569530
	Index Only Scan using sbtest2_pkey on sbtest2  (cost=0.43..6.61 rows=109 width=4)
	  Index Cond: ((id >= 3569430) AND (id <= 3569530))

table 3 : explain SELECT id FROM sbtest3 WHERE id BETWEEN 3569430 AND 3569530
	Index Only Scan using sbtest3_pkey on sbtest3  (cost=0.43..10.54 rows=105 width=4)
	  Index Cond: ((id >= 3569430) AND (id <= 3569530))

table 4 : explain SELECT id FROM sbtest4 WHERE id BETWEEN 3569430 AND 3569530
	Index Only Scan using sbtest4_pkey on sbtest4  (cost=0.43..6.45 rows=101 width=4)
	  Index Cond: ((id >= 3569430) AND (id <= 3569530))

table 5 : explain SELECT id FROM sbtest5 WHERE id BETWEEN 3569430 AND 3569530
	Index Only Scan using sbtest5_pkey on sbtest5  (cost=0.43..6.27 rows=92 width=4)
	  Index Cond: ((id >= 3569430) AND (id <= 3569530))

table 6 : explain SELECT id FROM sbtest6 WHERE id BETWEEN 3569430 AND 3569530
	Index Only Scan using sbtest6_pkey on sbtest6  (cost=0.43..10.42 rows=99 width=4)
	  Index Cond: ((id >= 3569430) AND (id <= 3569530))

table 7 : explain SELECT id FROM sbtest7 WHERE id BETWEEN 3569430 AND 3569530
	Index Only Scan using sbtest7_pkey on sbtest7  (cost=0.43..10.42 rows=99 width=4)
	  Index Cond: ((id >= 3569430) AND (id <= 3569530))

table 8 : explain SELECT id FROM sbtest8 WHERE id BETWEEN 3569430 AND 3569530
	Index Only Scan using sbtest8_pkey on sbtest8  (cost=0.43..6.32 rows=94 width=4)
	  Index Cond: ((id >= 3569430) AND (id <= 3569530))

explain: for range-covered :: explain SELECT id FROM sbtest%d WHERE id BETWEEN 3569430 AND 3569530
for range-covered
table 1 : explain SELECT id FROM sbtest1 WHERE id BETWEEN 5328502 AND 5328602
	Index Only Scan using sbtest1_pkey on sbtest1  (cost=0.43..6.45 rows=101 width=4)
	  Index Cond: ((id >= 5328502) AND (id <= 5328602))

table 2 : explain SELECT id FROM sbtest2 WHERE id BETWEEN 5328502 AND 5328602
	Index Only Scan using sbtest2_pkey on sbtest2  (cost=0.43..6.40 rows=98 width=4)
	  Index Cond: ((id >= 5328502) AND (id <= 5328602))

table 3 : explain SELECT id FROM sbtest3 WHERE id BETWEEN 5328502 AND 5328602
	Index Only Scan using sbtest3_pkey on sbtest3  (cost=0.43..10.42 rows=99 width=4)
	  Index Cond: ((id >= 5328502) AND (id <= 5328602))

table 4 : explain SELECT id FROM sbtest4 WHERE id BETWEEN 5328502 AND 5328602
	Index Only Scan using sbtest4_pkey on sbtest4  (cost=0.43..6.72 rows=114 width=4)
	  Index Cond: ((id >= 5328502) AND (id <= 5328602))

table 5 : explain SELECT id FROM sbtest5 WHERE id BETWEEN 5328502 AND 5328602
	Index Only Scan using sbtest5_pkey on sbtest5  (cost=0.43..6.53 rows=105 width=4)
	  Index Cond: ((id >= 5328502) AND (id <= 5328602))

table 6 : explain SELECT id FROM sbtest6 WHERE id BETWEEN 5328502 AND 5328602
	Index Only Scan using sbtest6_pkey on sbtest6  (cost=0.43..10.54 rows=105 width=4)
	  Index Cond: ((id >= 5328502) AND (id <= 5328602))

table 7 : explain SELECT id FROM sbtest7 WHERE id BETWEEN 5328502 AND 5328602
	Index Only Scan using sbtest7_pkey on sbtest7  (cost=0.43..10.29 rows=93 width=4)
	  Index Cond: ((id >= 5328502) AND (id <= 5328602))

table 8 : explain SELECT id FROM sbtest8 WHERE id BETWEEN 5328502 AND 5328602
	Index Only Scan using sbtest8_pkey on sbtest8  (cost=0.43..6.50 rows=103 width=4)
	  Index Cond: ((id >= 5328502) AND (id <= 5328602))

for range-covered
table 1 : explain SELECT id FROM sbtest1 WHERE id BETWEEN 7026316 AND 7026416
	Index Only Scan using sbtest1_pkey on sbtest1  (cost=0.43..6.51 rows=104 width=4)
	  Index Cond: ((id >= 7026316) AND (id <= 7026416))

table 2 : explain SELECT id FROM sbtest2 WHERE id BETWEEN 7026316 AND 7026416
	Index Only Scan using sbtest2_pkey on sbtest2  (cost=0.43..6.53 rows=105 width=4)
	  Index Cond: ((id >= 7026316) AND (id <= 7026416))

table 3 : explain SELECT id FROM sbtest3 WHERE id BETWEEN 7026316 AND 7026416
	Index Only Scan using sbtest3_pkey on sbtest3  (cost=0.43..10.44 rows=100 width=4)
	  Index Cond: ((id >= 7026316) AND (id <= 7026416))

table 4 : explain SELECT id FROM sbtest4 WHERE id BETWEEN 7026316 AND 7026416
	Index Only Scan using sbtest4_pkey on sbtest4  (cost=0.43..6.67 rows=112 width=4)
	  Index Cond: ((id >= 7026316) AND (id <= 7026416))

table 5 : explain SELECT id FROM sbtest5 WHERE id BETWEEN 7026316 AND 7026416
	Index Only Scan using sbtest5_pkey on sbtest5  (cost=0.43..6.56 rows=106 width=4)
	  Index Cond: ((id >= 7026316) AND (id <= 7026416))

table 6 : explain SELECT id FROM sbtest6 WHERE id BETWEEN 7026316 AND 7026416
	Index Only Scan using sbtest6_pkey on sbtest6  (cost=0.43..10.28 rows=92 width=4)
	  Index Cond: ((id >= 7026316) AND (id <= 7026416))

table 7 : explain SELECT id FROM sbtest7 WHERE id BETWEEN 7026316 AND 7026416
	Index Only Scan using sbtest7_pkey on sbtest7  (cost=0.43..10.50 rows=103 width=4)
	  Index Cond: ((id >= 7026316) AND (id <= 7026416))

table 8 : explain SELECT id FROM sbtest8 WHERE id BETWEEN 7026316 AND 7026416
	Index Only Scan using sbtest8_pkey on sbtest8  (cost=0.43..6.29 rows=93 width=4)
	  Index Cond: ((id >= 7026316) AND (id <= 7026416))

for range-covered
table 1 : explain SELECT id FROM sbtest1 WHERE id BETWEEN 8635509 AND 8635609
	Index Only Scan using sbtest1_pkey on sbtest1  (cost=0.43..6.27 rows=92 width=4)
	  Index Cond: ((id >= 8635509) AND (id <= 8635609))

table 2 : explain SELECT id FROM sbtest2 WHERE id BETWEEN 8635509 AND 8635609
	Index Only Scan using sbtest2_pkey on sbtest2  (cost=0.43..6.32 rows=94 width=4)
	  Index Cond: ((id >= 8635509) AND (id <= 8635609))

table 3 : explain SELECT id FROM sbtest3 WHERE id BETWEEN 8635509 AND 8635609
	Index Only Scan using sbtest3_pkey on sbtest3  (cost=0.43..10.65 rows=111 width=4)
	  Index Cond: ((id >= 8635509) AND (id <= 8635609))

table 4 : explain SELECT id FROM sbtest4 WHERE id BETWEEN 8635509 AND 8635609
	Index Only Scan using sbtest4_pkey on sbtest4  (cost=0.43..6.56 rows=106 width=4)
	  Index Cond: ((id >= 8635509) AND (id <= 8635609))

table 5 : explain SELECT id FROM sbtest5 WHERE id BETWEEN 8635509 AND 8635609
	Index Only Scan using sbtest5_pkey on sbtest5  (cost=0.43..6.50 rows=103 width=4)
	  Index Cond: ((id >= 8635509) AND (id <= 8635609))

table 6 : explain SELECT id FROM sbtest6 WHERE id BETWEEN 8635509 AND 8635609
	Index Only Scan using sbtest6_pkey on sbtest6  (cost=0.43..10.65 rows=111 width=4)
	  Index Cond: ((id >= 8635509) AND (id <= 8635609))

table 7 : explain SELECT id FROM sbtest7 WHERE id BETWEEN 8635509 AND 8635609
	Index Only Scan using sbtest7_pkey on sbtest7  (cost=0.43..10.33 rows=95 width=4)
	  Index Cond: ((id >= 8635509) AND (id <= 8635609))

table 8 : explain SELECT id FROM sbtest8 WHERE id BETWEEN 8635509 AND 8635609
	Index Only Scan using sbtest8_pkey on sbtest8  (cost=0.43..6.45 rows=101 width=4)
	  Index Cond: ((id >= 8635509) AND (id <= 8635609))

explain: for range-covered :: explain SELECT id FROM sbtest%d WHERE id BETWEEN 1760038 AND 1760138
explain: for range-covered :: explain SELECT id FROM sbtest%d WHERE id BETWEEN 8635509 AND 8635609
explain: for range-covered :: explain SELECT id FROM sbtest%d WHERE id BETWEEN 7026316 AND 7026416
for range-covered
table 1 : explain SELECT id FROM sbtest1 WHERE id BETWEEN 3961892 AND 3961992
	Index Only Scan using sbtest1_pkey on sbtest1  (cost=0.43..6.45 rows=101 width=4)
	  Index Cond: ((id >= 3961892) AND (id <= 3961992))

table 2 : explain SELECT id FROM sbtest2 WHERE id BETWEEN 3961892 AND 3961992
	Index Only Scan using sbtest2_pkey on sbtest2  (cost=0.43..6.42 rows=99 width=4)
	  Index Cond: ((id >= 3961892) AND (id <= 3961992))

table 3 : explain SELECT id FROM sbtest3 WHERE id BETWEEN 3961892 AND 3961992
	Index Only Scan using sbtest3_pkey on sbtest3  (cost=0.43..10.36 rows=96 width=4)
	  Index Cond: ((id >= 3961892) AND (id <= 3961992))

table 4 : explain SELECT id FROM sbtest4 WHERE id BETWEEN 3961892 AND 3961992
	Index Only Scan using sbtest4_pkey on sbtest4  (cost=0.43..6.58 rows=107 width=4)
	  Index Cond: ((id >= 3961892) AND (id <= 3961992))

table 5 : explain SELECT id FROM sbtest5 WHERE id BETWEEN 3961892 AND 3961992
	Index Only Scan using sbtest5_pkey on sbtest5  (cost=0.43..6.45 rows=101 width=4)
	  Index Cond: ((id >= 3961892) AND (id <= 3961992))

table 6 : explain SELECT id FROM sbtest6 WHERE id BETWEEN 3961892 AND 3961992
	Index Only Scan using sbtest6_pkey on sbtest6  (cost=0.43..10.47 rows=102 width=4)
	  Index Cond: ((id >= 3961892) AND (id <= 3961992))

table 7 : explain SELECT id FROM sbtest7 WHERE id BETWEEN 3961892 AND 3961992
	Index Only Scan using sbtest7_pkey on sbtest7  (cost=0.43..10.47 rows=102 width=4)
	  Index Cond: ((id >= 3961892) AND (id <= 3961992))

table 8 : explain SELECT id FROM sbtest8 WHERE id BETWEEN 3961892 AND 3961992
	Index Only Scan using sbtest8_pkey on sbtest8  (cost=0.43..6.25 rows=91 width=4)
	  Index Cond: ((id >= 3961892) AND (id <= 3961992))

for range-covered
table 1 : explain SELECT id FROM sbtest1 WHERE id BETWEEN 1324477 AND 1324577
	Index Only Scan using sbtest1_pkey on sbtest1  (cost=0.43..6.40 rows=98 width=4)
	  Index Cond: ((id >= 1324477) AND (id <= 1324577))

table 2 : explain SELECT id FROM sbtest2 WHERE id BETWEEN 1324477 AND 1324577
	Index Only Scan using sbtest2_pkey on sbtest2  (cost=0.43..6.53 rows=105 width=4)
	  Index Cond: ((id >= 1324477) AND (id <= 1324577))

table 3 : explain SELECT id FROM sbtest3 WHERE id BETWEEN 1324477 AND 1324577
	Index Only Scan using sbtest3_pkey on sbtest3  (cost=0.43..10.26 rows=91 width=4)
	  Index Cond: ((id >= 1324477) AND (id <= 1324577))

table 4 : explain SELECT id FROM sbtest4 WHERE id BETWEEN 1324477 AND 1324577
	Index Only Scan using sbtest4_pkey on sbtest4  (cost=0.43..6.32 rows=94 width=4)
	  Index Cond: ((id >= 1324477) AND (id <= 1324577))

table 5 : explain SELECT id FROM sbtest5 WHERE id BETWEEN 1324477 AND 1324577
	Index Only Scan using sbtest5_pkey on sbtest5  (cost=0.43..6.50 rows=103 width=4)
	  Index Cond: ((id >= 1324477) AND (id <= 1324577))

table 6 : explain SELECT id FROM sbtest6 WHERE id BETWEEN 1324477 AND 1324577
	Index Only Scan using sbtest6_pkey on sbtest6  (cost=0.43..10.51 rows=104 width=4)
	  Index Cond: ((id >= 1324477) AND (id <= 1324577))

table 7 : explain SELECT id FROM sbtest7 WHERE id BETWEEN 1324477 AND 1324577
	Index Only Scan using sbtest7_pkey on sbtest7  (cost=0.43..10.56 rows=106 width=4)
	  Index Cond: ((id >= 1324477) AND (id <= 1324577))

table 8 : explain SELECT id FROM sbtest8 WHERE id BETWEEN 1324477 AND 1324577
	Index Only Scan using sbtest8_pkey on sbtest8  (cost=0.43..6.33 rows=95 width=4)
	  Index Cond: ((id >= 1324477) AND (id <= 1324577))

explain: for range-covered :: explain SELECT id FROM sbtest%d WHERE id BETWEEN 3961892 AND 3961992
explain: for range-covered :: explain SELECT id FROM sbtest%d WHERE id BETWEEN 1324477 AND 1324577
for range-covered
table 1 : explain SELECT id FROM sbtest1 WHERE id BETWEEN 3569430 AND 3569530
	Index Only Scan using sbtest1_pkey on sbtest1  (cost=0.43..6.29 rows=93 width=4)
	  Index Cond: ((id >= 3569430) AND (id <= 3569530))

table 2 : explain SELECT id FROM sbtest2 WHERE id BETWEEN 3569430 AND 3569530
	Index Only Scan using sbtest2_pkey on sbtest2  (cost=0.43..6.61 rows=109 width=4)
	  Index Cond: ((id >= 3569430) AND (id <= 3569530))

table 3 : explain SELECT id FROM sbtest3 WHERE id BETWEEN 3569430 AND 3569530
	Index Only Scan using sbtest3_pkey on sbtest3  (cost=0.43..10.54 rows=105 width=4)
	  Index Cond: ((id >= 3569430) AND (id <= 3569530))

table 4 : explain SELECT id FROM sbtest4 WHERE id BETWEEN 3569430 AND 3569530
	Index Only Scan using sbtest4_pkey on sbtest4  (cost=0.43..6.45 rows=101 width=4)
	  Index Cond: ((id >= 3569430) AND (id <= 3569530))

table 5 : explain SELECT id FROM sbtest5 WHERE id BETWEEN 3569430 AND 3569530
	Index Only Scan using sbtest5_pkey on sbtest5  (cost=0.43..6.27 rows=92 width=4)
	  Index Cond: ((id >= 3569430) AND (id <= 3569530))

table 6 : explain SELECT id FROM sbtest6 WHERE id BETWEEN 3569430 AND 3569530
	Index Only Scan using sbtest6_pkey on sbtest6  (cost=0.43..10.42 rows=99 width=4)
	  Index Cond: ((id >= 3569430) AND (id <= 3569530))

table 7 : explain SELECT id FROM sbtest7 WHERE id BETWEEN 3569430 AND 3569530
	Index Only Scan using sbtest7_pkey on sbtest7  (cost=0.43..10.42 rows=99 width=4)
	  Index Cond: ((id >= 3569430) AND (id <= 3569530))

table 8 : explain SELECT id FROM sbtest8 WHERE id BETWEEN 3569430 AND 3569530
	Index Only Scan using sbtest8_pkey on sbtest8  (cost=0.43..6.32 rows=94 width=4)
	  Index Cond: ((id >= 3569430) AND (id <= 3569530))

explain: for range-covered :: explain SELECT id FROM sbtest%d WHERE id BETWEEN 3569430 AND 3569530
for range-covered
table 1 : explain SELECT id FROM sbtest1 WHERE id BETWEEN 2685812 AND 2685912
	Index Only Scan using sbtest1_pkey on sbtest1  (cost=0.43..6.43 rows=100 width=4)
	  Index Cond: ((id >= 2685812) AND (id <= 2685912))

table 2 : explain SELECT id FROM sbtest2 WHERE id BETWEEN 2685812 AND 2685912
	Index Only Scan using sbtest2_pkey on sbtest2  (cost=0.43..6.50 rows=103 width=4)
	  Index Cond: ((id >= 2685812) AND (id <= 2685912))

table 3 : explain SELECT id FROM sbtest3 WHERE id BETWEEN 2685812 AND 2685912
	Index Only Scan using sbtest3_pkey on sbtest3  (cost=0.43..10.56 rows=106 width=4)
	  Index Cond: ((id >= 2685812) AND (id <= 2685912))

table 4 : explain SELECT id FROM sbtest4 WHERE id BETWEEN 2685812 AND 2685912
	Index Only Scan using sbtest4_pkey on sbtest4  (cost=0.43..6.37 rows=97 width=4)
	  Index Cond: ((id >= 2685812) AND (id <= 2685912))

table 5 : explain SELECT id FROM sbtest5 WHERE id BETWEEN 2685812 AND 2685912
	Index Only Scan using sbtest5_pkey on sbtest5  (cost=0.43..6.47 rows=102 width=4)
	  Index Cond: ((id >= 2685812) AND (id <= 2685912))

table 6 : explain SELECT id FROM sbtest6 WHERE id BETWEEN 2685812 AND 2685912
	Index Only Scan using sbtest6_pkey on sbtest6  (cost=0.43..10.54 rows=105 width=4)
	  Index Cond: ((id >= 2685812) AND (id <= 2685912))

table 7 : explain SELECT id FROM sbtest7 WHERE id BETWEEN 2685812 AND 2685912
	Index Only Scan using sbtest7_pkey on sbtest7  (cost=0.43..10.56 rows=106 width=4)
	  Index Cond: ((id >= 2685812) AND (id <= 2685912))

table 8 : explain SELECT id FROM sbtest8 WHERE id BETWEEN 2685812 AND 2685912
	Index Only Scan using sbtest8_pkey on sbtest8  (cost=0.43..6.45 rows=101 width=4)
	  Index Cond: ((id >= 2685812) AND (id <= 2685912))

explain: for range-covered :: explain SELECT id FROM sbtest%d WHERE id BETWEEN 2685812 AND 2685912
for range-covered
table 1 : explain SELECT id FROM sbtest1 WHERE id BETWEEN 8635509 AND 8635609
	Index Only Scan using sbtest1_pkey on sbtest1  (cost=0.43..6.27 rows=92 width=4)
	  Index Cond: ((id >= 8635509) AND (id <= 8635609))

table 2 : explain SELECT id FROM sbtest2 WHERE id BETWEEN 8635509 AND 8635609
	Index Only Scan using sbtest2_pkey on sbtest2  (cost=0.43..6.32 rows=94 width=4)
	  Index Cond: ((id >= 8635509) AND (id <= 8635609))

table 3 : explain SELECT id FROM sbtest3 WHERE id BETWEEN 8635509 AND 8635609
	Index Only Scan using sbtest3_pkey on sbtest3  (cost=0.43..10.65 rows=111 width=4)
	  Index Cond: ((id >= 8635509) AND (id <= 8635609))

table 4 : explain SELECT id FROM sbtest4 WHERE id BETWEEN 8635509 AND 8635609
	Index Only Scan using sbtest4_pkey on sbtest4  (cost=0.43..6.56 rows=106 width=4)
	  Index Cond: ((id >= 8635509) AND (id <= 8635609))

table 5 : explain SELECT id FROM sbtest5 WHERE id BETWEEN 8635509 AND 8635609
	Index Only Scan using sbtest5_pkey on sbtest5  (cost=0.43..6.50 rows=103 width=4)
	  Index Cond: ((id >= 8635509) AND (id <= 8635609))

table 6 : explain SELECT id FROM sbtest6 WHERE id BETWEEN 8635509 AND 8635609
	Index Only Scan using sbtest6_pkey on sbtest6  (cost=0.43..10.65 rows=111 width=4)
	  Index Cond: ((id >= 8635509) AND (id <= 8635609))

table 7 : explain SELECT id FROM sbtest7 WHERE id BETWEEN 8635509 AND 8635609
	Index Only Scan using sbtest7_pkey on sbtest7  (cost=0.43..10.33 rows=95 width=4)
	  Index Cond: ((id >= 8635509) AND (id <= 8635609))

table 8 : explain SELECT id FROM sbtest8 WHERE id BETWEEN 8635509 AND 8635609
	Index Only Scan using sbtest8_pkey on sbtest8  (cost=0.43..6.45 rows=101 width=4)
	  Index Cond: ((id >= 8635509) AND (id <= 8635609))

explain: for range-covered :: explain SELECT id FROM sbtest%d WHERE id BETWEEN 8635509 AND 8635609
for range-covered
table 1 : explain SELECT id FROM sbtest1 WHERE id BETWEEN 3961892 AND 3961992
	Index Only Scan using sbtest1_pkey on sbtest1  (cost=0.43..6.45 rows=101 width=4)
	  Index Cond: ((id >= 3961892) AND (id <= 3961992))

table 2 : explain SELECT id FROM sbtest2 WHERE id BETWEEN 3961892 AND 3961992
	Index Only Scan using sbtest2_pkey on sbtest2  (cost=0.43..6.42 rows=99 width=4)
	  Index Cond: ((id >= 3961892) AND (id <= 3961992))

table 3 : explain SELECT id FROM sbtest3 WHERE id BETWEEN 3961892 AND 3961992
	Index Only Scan using sbtest3_pkey on sbtest3  (cost=0.43..10.36 rows=96 width=4)
	  Index Cond: ((id >= 3961892) AND (id <= 3961992))

table 4 : explain SELECT id FROM sbtest4 WHERE id BETWEEN 3961892 AND 3961992
	Index Only Scan using sbtest4_pkey on sbtest4  (cost=0.43..6.58 rows=107 width=4)
	  Index Cond: ((id >= 3961892) AND (id <= 3961992))

table 5 : explain SELECT id FROM sbtest5 WHERE id BETWEEN 3961892 AND 3961992
	Index Only Scan using sbtest5_pkey on sbtest5  (cost=0.43..6.45 rows=101 width=4)
	  Index Cond: ((id >= 3961892) AND (id <= 3961992))

table 6 : explain SELECT id FROM sbtest6 WHERE id BETWEEN 3961892 AND 3961992
	Index Only Scan using sbtest6_pkey on sbtest6  (cost=0.43..10.47 rows=102 width=4)
	  Index Cond: ((id >= 3961892) AND (id <= 3961992))

table 7 : explain SELECT id FROM sbtest7 WHERE id BETWEEN 3961892 AND 3961992
	Index Only Scan using sbtest7_pkey on sbtest7  (cost=0.43..10.47 rows=102 width=4)
	  Index Cond: ((id >= 3961892) AND (id <= 3961992))

table 8 : explain SELECT id FROM sbtest8 WHERE id BETWEEN 3961892 AND 3961992
	Index Only Scan using sbtest8_pkey on sbtest8  (cost=0.43..6.25 rows=91 width=4)
	  Index Cond: ((id >= 3961892) AND (id <= 3961992))

for range-covered
table 1 : explain SELECT id FROM sbtest1 WHERE id BETWEEN 1324477 AND 1324577
	Index Only Scan using sbtest1_pkey on sbtest1  (cost=0.43..6.40 rows=98 width=4)
	  Index Cond: ((id >= 1324477) AND (id <= 1324577))

table 2 : explain SELECT id FROM sbtest2 WHERE id BETWEEN 1324477 AND 1324577
	Index Only Scan using sbtest2_pkey on sbtest2  (cost=0.43..6.53 rows=105 width=4)
	  Index Cond: ((id >= 1324477) AND (id <= 1324577))

table 3 : explain SELECT id FROM sbtest3 WHERE id BETWEEN 1324477 AND 1324577
	Index Only Scan using sbtest3_pkey on sbtest3  (cost=0.43..10.26 rows=91 width=4)
	  Index Cond: ((id >= 1324477) AND (id <= 1324577))

table 4 : explain SELECT id FROM sbtest4 WHERE id BETWEEN 1324477 AND 1324577
	Index Only Scan using sbtest4_pkey on sbtest4  (cost=0.43..6.32 rows=94 width=4)
	  Index Cond: ((id >= 1324477) AND (id <= 1324577))

table 5 : explain SELECT id FROM sbtest5 WHERE id BETWEEN 1324477 AND 1324577
	Index Only Scan using sbtest5_pkey on sbtest5  (cost=0.43..6.50 rows=103 width=4)
	  Index Cond: ((id >= 1324477) AND (id <= 1324577))

table 6 : explain SELECT id FROM sbtest6 WHERE id BETWEEN 1324477 AND 1324577
	Index Only Scan using sbtest6_pkey on sbtest6  (cost=0.43..10.51 rows=104 width=4)
	  Index Cond: ((id >= 1324477) AND (id <= 1324577))

table 7 : explain SELECT id FROM sbtest7 WHERE id BETWEEN 1324477 AND 1324577
	Index Only Scan using sbtest7_pkey on sbtest7  (cost=0.43..10.56 rows=106 width=4)
	  Index Cond: ((id >= 1324477) AND (id <= 1324577))

table 8 : explain SELECT id FROM sbtest8 WHERE id BETWEEN 1324477 AND 1324577
	Index Only Scan using sbtest8_pkey on sbtest8  (cost=0.43..6.33 rows=95 width=4)
	  Index Cond: ((id >= 1324477) AND (id <= 1324577))

explain: for range-covered :: explain SELECT id FROM sbtest%d WHERE id BETWEEN 3689661 AND 3689761
explain: for range-covered :: explain SELECT id FROM sbtest%d WHERE id BETWEEN 1324477 AND 1324577
for range-covered
table 1 : explain SELECT id FROM sbtest1 WHERE id BETWEEN 3569430 AND 3569530
	Index Only Scan using sbtest1_pkey on sbtest1  (cost=0.43..6.29 rows=93 width=4)
	  Index Cond: ((id >= 3569430) AND (id <= 3569530))

table 2 : explain SELECT id FROM sbtest2 WHERE id BETWEEN 3569430 AND 3569530
	Index Only Scan using sbtest2_pkey on sbtest2  (cost=0.43..6.61 rows=109 width=4)
	  Index Cond: ((id >= 3569430) AND (id <= 3569530))

table 3 : explain SELECT id FROM sbtest3 WHERE id BETWEEN 3569430 AND 3569530
	Index Only Scan using sbtest3_pkey on sbtest3  (cost=0.43..10.54 rows=105 width=4)
	  Index Cond: ((id >= 3569430) AND (id <= 3569530))

table 4 : explain SELECT id FROM sbtest4 WHERE id BETWEEN 3569430 AND 3569530
	Index Only Scan using sbtest4_pkey on sbtest4  (cost=0.43..6.45 rows=101 width=4)
	  Index Cond: ((id >= 3569430) AND (id <= 3569530))

table 5 : explain SELECT id FROM sbtest5 WHERE id BETWEEN 3569430 AND 3569530
	Index Only Scan using sbtest5_pkey on sbtest5  (cost=0.43..6.27 rows=92 width=4)
	  Index Cond: ((id >= 3569430) AND (id <= 3569530))

table 6 : explain SELECT id FROM sbtest6 WHERE id BETWEEN 3569430 AND 3569530
	Index Only Scan using sbtest6_pkey on sbtest6  (cost=0.43..10.42 rows=99 width=4)
	  Index Cond: ((id >= 3569430) AND (id <= 3569530))

table 7 : explain SELECT id FROM sbtest7 WHERE id BETWEEN 3569430 AND 3569530
	Index Only Scan using sbtest7_pkey on sbtest7  (cost=0.43..10.42 rows=99 width=4)
	  Index Cond: ((id >= 3569430) AND (id <= 3569530))

table 8 : explain SELECT id FROM sbtest8 WHERE id BETWEEN 3569430 AND 3569530
	Index Only Scan using sbtest8_pkey on sbtest8  (cost=0.43..6.32 rows=94 width=4)
	  Index Cond: ((id >= 3569430) AND (id <= 3569530))

explain: for range-covered :: explain SELECT id FROM sbtest%d WHERE id BETWEEN 3569430 AND 3569530
for range-covered
table 1 : explain SELECT id FROM sbtest1 WHERE id BETWEEN 7026316 AND 7026416
	Index Only Scan using sbtest1_pkey on sbtest1  (cost=0.43..6.51 rows=104 width=4)
	  Index Cond: ((id >= 7026316) AND (id <= 7026416))

table 2 : explain SELECT id FROM sbtest2 WHERE id BETWEEN 7026316 AND 7026416
	Index Only Scan using sbtest2_pkey on sbtest2  (cost=0.43..6.53 rows=105 width=4)
	  Index Cond: ((id >= 7026316) AND (id <= 7026416))

table 3 : explain SELECT id FROM sbtest3 WHERE id BETWEEN 7026316 AND 7026416
	Index Only Scan using sbtest3_pkey on sbtest3  (cost=0.43..10.44 rows=100 width=4)
	  Index Cond: ((id >= 7026316) AND (id <= 7026416))

table 4 : explain SELECT id FROM sbtest4 WHERE id BETWEEN 7026316 AND 7026416
	Index Only Scan using sbtest4_pkey on sbtest4  (cost=0.43..6.67 rows=112 width=4)
	  Index Cond: ((id >= 7026316) AND (id <= 7026416))

table 5 : explain SELECT id FROM sbtest5 WHERE id BETWEEN 7026316 AND 7026416
	Index Only Scan using sbtest5_pkey on sbtest5  (cost=0.43..6.56 rows=106 width=4)
	  Index Cond: ((id >= 7026316) AND (id <= 7026416))

table 6 : explain SELECT id FROM sbtest6 WHERE id BETWEEN 7026316 AND 7026416
	Index Only Scan using sbtest6_pkey on sbtest6  (cost=0.43..10.28 rows=92 width=4)
	  Index Cond: ((id >= 7026316) AND (id <= 7026416))

table 7 : explain SELECT id FROM sbtest7 WHERE id BETWEEN 7026316 AND 7026416
	Index Only Scan using sbtest7_pkey on sbtest7  (cost=0.43..10.50 rows=103 width=4)
	  Index Cond: ((id >= 7026316) AND (id <= 7026416))

table 8 : explain SELECT id FROM sbtest8 WHERE id BETWEEN 7026316 AND 7026416
	Index Only Scan using sbtest8_pkey on sbtest8  (cost=0.43..6.29 rows=93 width=4)
	  Index Cond: ((id >= 7026316) AND (id <= 7026416))

for range-covered
table 1 : explain SELECT id FROM sbtest1 WHERE id BETWEEN 8635509 AND 8635609
	Index Only Scan using sbtest1_pkey on sbtest1  (cost=0.43..6.27 rows=92 width=4)
	  Index Cond: ((id >= 8635509) AND (id <= 8635609))

table 2 : explain SELECT id FROM sbtest2 WHERE id BETWEEN 8635509 AND 8635609
	Index Only Scan using sbtest2_pkey on sbtest2  (cost=0.43..6.32 rows=94 width=4)
	  Index Cond: ((id >= 8635509) AND (id <= 8635609))

table 3 : explain SELECT id FROM sbtest3 WHERE id BETWEEN 8635509 AND 8635609
	Index Only Scan using sbtest3_pkey on sbtest3  (cost=0.43..10.65 rows=111 width=4)
	  Index Cond: ((id >= 8635509) AND (id <= 8635609))

table 4 : explain SELECT id FROM sbtest4 WHERE id BETWEEN 8635509 AND 8635609
	Index Only Scan using sbtest4_pkey on sbtest4  (cost=0.43..6.56 rows=106 width=4)
	  Index Cond: ((id >= 8635509) AND (id <= 8635609))

table 5 : explain SELECT id FROM sbtest5 WHERE id BETWEEN 8635509 AND 8635609
	Index Only Scan using sbtest5_pkey on sbtest5  (cost=0.43..6.50 rows=103 width=4)
	  Index Cond: ((id >= 8635509) AND (id <= 8635609))

table 6 : explain SELECT id FROM sbtest6 WHERE id BETWEEN 8635509 AND 8635609
	Index Only Scan using sbtest6_pkey on sbtest6  (cost=0.43..10.65 rows=111 width=4)
	  Index Cond: ((id >= 8635509) AND (id <= 8635609))

table 7 : explain SELECT id FROM sbtest7 WHERE id BETWEEN 8635509 AND 8635609
	Index Only Scan using sbtest7_pkey on sbtest7  (cost=0.43..10.33 rows=95 width=4)
	  Index Cond: ((id >= 8635509) AND (id <= 8635609))

table 8 : explain SELECT id FROM sbtest8 WHERE id BETWEEN 8635509 AND 8635609
	Index Only Scan using sbtest8_pkey on sbtest8  (cost=0.43..6.45 rows=101 width=4)
	  Index Cond: ((id >= 8635509) AND (id <= 8635609))

explain: for range-covered :: explain SELECT id FROM sbtest%d WHERE id BETWEEN 8635509 AND 8635609
for range-covered
table 1 : explain SELECT id FROM sbtest1 WHERE id BETWEEN 1324477 AND 1324577
	Index Only Scan using sbtest1_pkey on sbtest1  (cost=0.43..6.40 rows=98 width=4)
	  Index Cond: ((id >= 1324477) AND (id <= 1324577))

table 2 : explain SELECT id FROM sbtest2 WHERE id BETWEEN 1324477 AND 1324577
	Index Only Scan using sbtest2_pkey on sbtest2  (cost=0.43..6.53 rows=105 width=4)
	  Index Cond: ((id >= 1324477) AND (id <= 1324577))

table 3 : explain SELECT id FROM sbtest3 WHERE id BETWEEN 1324477 AND 1324577
	Index Only Scan using sbtest3_pkey on sbtest3  (cost=0.43..10.26 rows=91 width=4)
	  Index Cond: ((id >= 1324477) AND (id <= 1324577))

table 4 : explain SELECT id FROM sbtest4 WHERE id BETWEEN 1324477 AND 1324577
	Index Only Scan using sbtest4_pkey on sbtest4  (cost=0.43..6.32 rows=94 width=4)
	  Index Cond: ((id >= 1324477) AND (id <= 1324577))

table 5 : explain SELECT id FROM sbtest5 WHERE id BETWEEN 1324477 AND 1324577
	Index Only Scan using sbtest5_pkey on sbtest5  (cost=0.43..6.50 rows=103 width=4)
	  Index Cond: ((id >= 1324477) AND (id <= 1324577))

table 6 : explain SELECT id FROM sbtest6 WHERE id BETWEEN 1324477 AND 1324577
	Index Only Scan using sbtest6_pkey on sbtest6  (cost=0.43..10.51 rows=104 width=4)
	  Index Cond: ((id >= 1324477) AND (id <= 1324577))

table 7 : explain SELECT id FROM sbtest7 WHERE id BETWEEN 1324477 AND 1324577
	Index Only Scan using sbtest7_pkey on sbtest7  (cost=0.43..10.56 rows=106 width=4)
	  Index Cond: ((id >= 1324477) AND (id <= 1324577))

table 8 : explain SELECT id FROM sbtest8 WHERE id BETWEEN 1324477 AND 1324577
	Index Only Scan using sbtest8_pkey on sbtest8  (cost=0.43..6.33 rows=95 width=4)
	  Index Cond: ((id >= 1324477) AND (id <= 1324577))

explain: for range-covered :: explain SELECT id FROM sbtest%d WHERE id BETWEEN 7026316 AND 7026416
explain: for range-covered :: explain SELECT id FROM sbtest%d WHERE id BETWEEN 1324477 AND 1324577
for range-covered
table 1 : explain SELECT id FROM sbtest1 WHERE id BETWEEN 2685812 AND 2685912
	Index Only Scan using sbtest1_pkey on sbtest1  (cost=0.43..6.43 rows=100 width=4)
	  Index Cond: ((id >= 2685812) AND (id <= 2685912))

table 2 : explain SELECT id FROM sbtest2 WHERE id BETWEEN 2685812 AND 2685912
	Index Only Scan using sbtest2_pkey on sbtest2  (cost=0.43..6.50 rows=103 width=4)
	  Index Cond: ((id >= 2685812) AND (id <= 2685912))

table 3 : explain SELECT id FROM sbtest3 WHERE id BETWEEN 2685812 AND 2685912
	Index Only Scan using sbtest3_pkey on sbtest3  (cost=0.43..10.56 rows=106 width=4)
	  Index Cond: ((id >= 2685812) AND (id <= 2685912))

table 4 : explain SELECT id FROM sbtest4 WHERE id BETWEEN 2685812 AND 2685912
	Index Only Scan using sbtest4_pkey on sbtest4  (cost=0.43..6.37 rows=97 width=4)
	  Index Cond: ((id >= 2685812) AND (id <= 2685912))

table 5 : explain SELECT id FROM sbtest5 WHERE id BETWEEN 2685812 AND 2685912
	Index Only Scan using sbtest5_pkey on sbtest5  (cost=0.43..6.47 rows=102 width=4)
	  Index Cond: ((id >= 2685812) AND (id <= 2685912))

table 6 : explain SELECT id FROM sbtest6 WHERE id BETWEEN 2685812 AND 2685912
	Index Only Scan using sbtest6_pkey on sbtest6  (cost=0.43..10.54 rows=105 width=4)
	  Index Cond: ((id >= 2685812) AND (id <= 2685912))

table 7 : explain SELECT id FROM sbtest7 WHERE id BETWEEN 2685812 AND 2685912
	Index Only Scan using sbtest7_pkey on sbtest7  (cost=0.43..10.56 rows=106 width=4)
	  Index Cond: ((id >= 2685812) AND (id <= 2685912))

table 8 : explain SELECT id FROM sbtest8 WHERE id BETWEEN 2685812 AND 2685912
	Index Only Scan using sbtest8_pkey on sbtest8  (cost=0.43..6.45 rows=101 width=4)
	  Index Cond: ((id >= 2685812) AND (id <= 2685912))

explain: for range-covered :: explain SELECT id FROM sbtest%d WHERE id BETWEEN 2685812 AND 2685912
for range-covered
table 1 : explain SELECT id FROM sbtest1 WHERE id BETWEEN 8635509 AND 8635609
	Index Only Scan using sbtest1_pkey on sbtest1  (cost=0.43..6.27 rows=92 width=4)
	  Index Cond: ((id >= 8635509) AND (id <= 8635609))

table 2 : explain SELECT id FROM sbtest2 WHERE id BETWEEN 8635509 AND 8635609
	Index Only Scan using sbtest2_pkey on sbtest2  (cost=0.43..6.32 rows=94 width=4)
	  Index Cond: ((id >= 8635509) AND (id <= 8635609))

table 3 : explain SELECT id FROM sbtest3 WHERE id BETWEEN 8635509 AND 8635609
	Index Only Scan using sbtest3_pkey on sbtest3  (cost=0.43..10.65 rows=111 width=4)
	  Index Cond: ((id >= 8635509) AND (id <= 8635609))

table 4 : explain SELECT id FROM sbtest4 WHERE id BETWEEN 8635509 AND 8635609
	Index Only Scan using sbtest4_pkey on sbtest4  (cost=0.43..6.56 rows=106 width=4)
	  Index Cond: ((id >= 8635509) AND (id <= 8635609))

table 5 : explain SELECT id FROM sbtest5 WHERE id BETWEEN 8635509 AND 8635609
	Index Only Scan using sbtest5_pkey on sbtest5  (cost=0.43..6.50 rows=103 width=4)
	  Index Cond: ((id >= 8635509) AND (id <= 8635609))

table 6 : explain SELECT id FROM sbtest6 WHERE id BETWEEN 8635509 AND 8635609
	Index Only Scan using sbtest6_pkey on sbtest6  (cost=0.43..10.65 rows=111 width=4)
	  Index Cond: ((id >= 8635509) AND (id <= 8635609))

table 7 : explain SELECT id FROM sbtest7 WHERE id BETWEEN 8635509 AND 8635609
	Index Only Scan using sbtest7_pkey on sbtest7  (cost=0.43..10.33 rows=95 width=4)
	  Index Cond: ((id >= 8635509) AND (id <= 8635609))

table 8 : explain SELECT id FROM sbtest8 WHERE id BETWEEN 8635509 AND 8635609
	Index Only Scan using sbtest8_pkey on sbtest8  (cost=0.43..6.45 rows=101 width=4)
	  Index Cond: ((id >= 8635509) AND (id <= 8635609))

explain: for range-covered :: explain SELECT id FROM sbtest%d WHERE id BETWEEN 8635509 AND 8635609
for range-covered
table 1 : explain SELECT id FROM sbtest1 WHERE id BETWEEN 1324477 AND 1324577
	Index Only Scan using sbtest1_pkey on sbtest1  (cost=0.43..6.40 rows=98 width=4)
	  Index Cond: ((id >= 1324477) AND (id <= 1324577))

table 2 : explain SELECT id FROM sbtest2 WHERE id BETWEEN 1324477 AND 1324577
	Index Only Scan using sbtest2_pkey on sbtest2  (cost=0.43..6.53 rows=105 width=4)
	  Index Cond: ((id >= 1324477) AND (id <= 1324577))

table 3 : explain SELECT id FROM sbtest3 WHERE id BETWEEN 1324477 AND 1324577
	Index Only Scan using sbtest3_pkey on sbtest3  (cost=0.43..10.26 rows=91 width=4)
	  Index Cond: ((id >= 1324477) AND (id <= 1324577))

table 4 : explain SELECT id FROM sbtest4 WHERE id BETWEEN 1324477 AND 1324577
	Index Only Scan using sbtest4_pkey on sbtest4  (cost=0.43..6.32 rows=94 width=4)
	  Index Cond: ((id >= 1324477) AND (id <= 1324577))

table 5 : explain SELECT id FROM sbtest5 WHERE id BETWEEN 1324477 AND 1324577
	Index Only Scan using sbtest5_pkey on sbtest5  (cost=0.43..6.50 rows=103 width=4)
	  Index Cond: ((id >= 1324477) AND (id <= 1324577))

table 6 : explain SELECT id FROM sbtest6 WHERE id BETWEEN 1324477 AND 1324577
	Index Only Scan using sbtest6_pkey on sbtest6  (cost=0.43..10.51 rows=104 width=4)
	  Index Cond: ((id >= 1324477) AND (id <= 1324577))

table 7 : explain SELECT id FROM sbtest7 WHERE id BETWEEN 1324477 AND 1324577
	Index Only Scan using sbtest7_pkey on sbtest7  (cost=0.43..10.56 rows=106 width=4)
	  Index Cond: ((id >= 1324477) AND (id <= 1324577))

table 8 : explain SELECT id FROM sbtest8 WHERE id BETWEEN 1324477 AND 1324577
	Index Only Scan using sbtest8_pkey on sbtest8  (cost=0.43..6.33 rows=95 width=4)
	  Index Cond: ((id >= 1324477) AND (id <= 1324577))

explain: for range-covered :: explain SELECT id FROM sbtest%d WHERE id BETWEEN 1324477 AND 1324577
for range-covered
table 1 : explain SELECT id FROM sbtest1 WHERE id BETWEEN 1760038 AND 1760138
	Index Only Scan using sbtest1_pkey on sbtest1  (cost=0.43..6.45 rows=101 width=4)
	  Index Cond: ((id >= 1760038) AND (id <= 1760138))

table 2 : explain SELECT id FROM sbtest2 WHERE id BETWEEN 1760038 AND 1760138
	Index Only Scan using sbtest2_pkey on sbtest2  (cost=0.43..6.43 rows=100 width=4)
	  Index Cond: ((id >= 1760038) AND (id <= 1760138))

table 3 : explain SELECT id FROM sbtest3 WHERE id BETWEEN 1760038 AND 1760138
	Index Only Scan using sbtest3_pkey on sbtest3  (cost=0.43..10.44 rows=100 width=4)
	  Index Cond: ((id >= 1760038) AND (id <= 1760138))

table 4 : explain SELECT id FROM sbtest4 WHERE id BETWEEN 1760038 AND 1760138
	Index Only Scan using sbtest4_pkey on sbtest4  (cost=0.43..6.56 rows=106 width=4)
	  Index Cond: ((id >= 1760038) AND (id <= 1760138))

table 5 : explain SELECT id FROM sbtest5 WHERE id BETWEEN 1760038 AND 1760138
	Index Only Scan using sbtest5_pkey on sbtest5  (cost=0.43..6.56 rows=106 width=4)
	  Index Cond: ((id >= 1760038) AND (id <= 1760138))

table 6 : explain SELECT id FROM sbtest6 WHERE id BETWEEN 1760038 AND 1760138
	Index Only Scan using sbtest6_pkey on sbtest6  (cost=0.43..10.20 rows=88 width=4)
	  Index Cond: ((id >= 1760038) AND (id <= 1760138))

table 7 : explain SELECT id FROM sbtest7 WHERE id BETWEEN 1760038 AND 1760138
	Index Only Scan using sbtest7_pkey on sbtest7  (cost=0.43..10.83 rows=120 width=4)
	  Index Cond: ((id >= 1760038) AND (id <= 1760138))

table 8 : explain SELECT id FROM sbtest8 WHERE id BETWEEN 1760038 AND 1760138
	Index Only Scan using sbtest8_pkey on sbtest8  (cost=0.43..6.42 rows=99 width=4)
	  Index Cond: ((id >= 1760038) AND (id <= 1760138))

explain: for range-covered :: explain SELECT id FROM sbtest%d WHERE id BETWEEN 1760038 AND 1760138
for range-covered
table 1 : explain SELECT id FROM sbtest1 WHERE id BETWEEN 3569430 AND 3569530
	Index Only Scan using sbtest1_pkey on sbtest1  (cost=0.43..6.29 rows=93 width=4)
	  Index Cond: ((id >= 3569430) AND (id <= 3569530))

table 2 : explain SELECT id FROM sbtest2 WHERE id BETWEEN 3569430 AND 3569530
	Index Only Scan using sbtest2_pkey on sbtest2  (cost=0.43..6.61 rows=109 width=4)
	  Index Cond: ((id >= 3569430) AND (id <= 3569530))

table 3 : explain SELECT id FROM sbtest3 WHERE id BETWEEN 3569430 AND 3569530
	Index Only Scan using sbtest3_pkey on sbtest3  (cost=0.43..10.54 rows=105 width=4)
	  Index Cond: ((id >= 3569430) AND (id <= 3569530))

table 4 : explain SELECT id FROM sbtest4 WHERE id BETWEEN 3569430 AND 3569530
	Index Only Scan using sbtest4_pkey on sbtest4  (cost=0.43..6.45 rows=101 width=4)
	  Index Cond: ((id >= 3569430) AND (id <= 3569530))

table 5 : explain SELECT id FROM sbtest5 WHERE id BETWEEN 3569430 AND 3569530
	Index Only Scan using sbtest5_pkey on sbtest5  (cost=0.43..6.27 rows=92 width=4)
	  Index Cond: ((id >= 3569430) AND (id <= 3569530))

table 6 : explain SELECT id FROM sbtest6 WHERE id BETWEEN 3569430 AND 3569530
	Index Only Scan using sbtest6_pkey on sbtest6  (cost=0.43..10.42 rows=99 width=4)
	  Index Cond: ((id >= 3569430) AND (id <= 3569530))

table 7 : explain SELECT id FROM sbtest7 WHERE id BETWEEN 3569430 AND 3569530
	Index Only Scan using sbtest7_pkey on sbtest7  (cost=0.43..10.42 rows=99 width=4)
	  Index Cond: ((id >= 3569430) AND (id <= 3569530))

table 8 : explain SELECT id FROM sbtest8 WHERE id BETWEEN 3569430 AND 3569530
	Index Only Scan using sbtest8_pkey on sbtest8  (cost=0.43..6.32 rows=94 width=4)
	  Index Cond: ((id >= 3569430) AND (id <= 3569530))

explain: for range-covered :: explain SELECT id FROM sbtest%d WHERE id BETWEEN 6016323 AND 6016423
explain: for range-covered :: explain SELECT id FROM sbtest%d WHERE id BETWEEN 3569430 AND 3569530
for range-covered
table 1 : explain SELECT id FROM sbtest1 WHERE id BETWEEN 8635509 AND 8635609
	Index Only Scan using sbtest1_pkey on sbtest1  (cost=0.43..6.27 rows=92 width=4)
	  Index Cond: ((id >= 8635509) AND (id <= 8635609))

table 2 : explain SELECT id FROM sbtest2 WHERE id BETWEEN 8635509 AND 8635609
	Index Only Scan using sbtest2_pkey on sbtest2  (cost=0.43..6.32 rows=94 width=4)
	  Index Cond: ((id >= 8635509) AND (id <= 8635609))

table 3 : explain SELECT id FROM sbtest3 WHERE id BETWEEN 8635509 AND 8635609
	Index Only Scan using sbtest3_pkey on sbtest3  (cost=0.43..10.65 rows=111 width=4)
	  Index Cond: ((id >= 8635509) AND (id <= 8635609))

table 4 : explain SELECT id FROM sbtest4 WHERE id BETWEEN 8635509 AND 8635609
	Index Only Scan using sbtest4_pkey on sbtest4  (cost=0.43..6.56 rows=106 width=4)
	  Index Cond: ((id >= 8635509) AND (id <= 8635609))

table 5 : explain SELECT id FROM sbtest5 WHERE id BETWEEN 8635509 AND 8635609
	Index Only Scan using sbtest5_pkey on sbtest5  (cost=0.43..6.50 rows=103 width=4)
	  Index Cond: ((id >= 8635509) AND (id <= 8635609))

table 6 : explain SELECT id FROM sbtest6 WHERE id BETWEEN 8635509 AND 8635609
	Index Only Scan using sbtest6_pkey on sbtest6  (cost=0.43..10.65 rows=111 width=4)
	  Index Cond: ((id >= 8635509) AND (id <= 8635609))

table 7 : explain SELECT id FROM sbtest7 WHERE id BETWEEN 8635509 AND 8635609
	Index Only Scan using sbtest7_pkey on sbtest7  (cost=0.43..10.33 rows=95 width=4)
	  Index Cond: ((id >= 8635509) AND (id <= 8635609))

table 8 : explain SELECT id FROM sbtest8 WHERE id BETWEEN 8635509 AND 8635609
	Index Only Scan using sbtest8_pkey on sbtest8  (cost=0.43..6.45 rows=101 width=4)
	  Index Cond: ((id >= 8635509) AND (id <= 8635609))

for range-covered
table 1 : explain SELECT id FROM sbtest1 WHERE id BETWEEN 7026316 AND 7026416
	Index Only Scan using sbtest1_pkey on sbtest1  (cost=0.43..6.51 rows=104 width=4)
	  Index Cond: ((id >= 7026316) AND (id <= 7026416))

table 2 : explain SELECT id FROM sbtest2 WHERE id BETWEEN 7026316 AND 7026416
	Index Only Scan using sbtest2_pkey on sbtest2  (cost=0.43..6.53 rows=105 width=4)
	  Index Cond: ((id >= 7026316) AND (id <= 7026416))

table 3 : explain SELECT id FROM sbtest3 WHERE id BETWEEN 7026316 AND 7026416
	Index Only Scan using sbtest3_pkey on sbtest3  (cost=0.43..10.44 rows=100 width=4)
	  Index Cond: ((id >= 7026316) AND (id <= 7026416))

table 4 : explain SELECT id FROM sbtest4 WHERE id BETWEEN 7026316 AND 7026416
	Index Only Scan using sbtest4_pkey on sbtest4  (cost=0.43..6.67 rows=112 width=4)
	  Index Cond: ((id >= 7026316) AND (id <= 7026416))

table 5 : explain SELECT id FROM sbtest5 WHERE id BETWEEN 7026316 AND 7026416
	Index Only Scan using sbtest5_pkey on sbtest5  (cost=0.43..6.56 rows=106 width=4)
	  Index Cond: ((id >= 7026316) AND (id <= 7026416))

table 6 : explain SELECT id FROM sbtest6 WHERE id BETWEEN 7026316 AND 7026416
	Index Only Scan using sbtest6_pkey on sbtest6  (cost=0.43..10.28 rows=92 width=4)
	  Index Cond: ((id >= 7026316) AND (id <= 7026416))

table 7 : explain SELECT id FROM sbtest7 WHERE id BETWEEN 7026316 AND 7026416
	Index Only Scan using sbtest7_pkey on sbtest7  (cost=0.43..10.50 rows=103 width=4)
	  Index Cond: ((id >= 7026316) AND (id <= 7026416))

table 8 : explain SELECT id FROM sbtest8 WHERE id BETWEEN 7026316 AND 7026416
	Index Only Scan using sbtest8_pkey on sbtest8  (cost=0.43..6.29 rows=93 width=4)
	  Index Cond: ((id >= 7026316) AND (id <= 7026416))

explain: for range-covered :: explain SELECT id FROM sbtest%d WHERE id BETWEEN 8635509 AND 8635609
for range-covered
table 1 : explain SELECT id FROM sbtest1 WHERE id BETWEEN 1324477 AND 1324577
	Index Only Scan using sbtest1_pkey on sbtest1  (cost=0.43..6.40 rows=98 width=4)
	  Index Cond: ((id >= 1324477) AND (id <= 1324577))

table 2 : explain SELECT id FROM sbtest2 WHERE id BETWEEN 1324477 AND 1324577
	Index Only Scan using sbtest2_pkey on sbtest2  (cost=0.43..6.53 rows=105 width=4)
	  Index Cond: ((id >= 1324477) AND (id <= 1324577))

table 3 : explain SELECT id FROM sbtest3 WHERE id BETWEEN 1324477 AND 1324577
	Index Only Scan using sbtest3_pkey on sbtest3  (cost=0.43..10.26 rows=91 width=4)
	  Index Cond: ((id >= 1324477) AND (id <= 1324577))

table 4 : explain SELECT id FROM sbtest4 WHERE id BETWEEN 1324477 AND 1324577
	Index Only Scan using sbtest4_pkey on sbtest4  (cost=0.43..6.32 rows=94 width=4)
	  Index Cond: ((id >= 1324477) AND (id <= 1324577))

table 5 : explain SELECT id FROM sbtest5 WHERE id BETWEEN 1324477 AND 1324577
	Index Only Scan using sbtest5_pkey on sbtest5  (cost=0.43..6.50 rows=103 width=4)
	  Index Cond: ((id >= 1324477) AND (id <= 1324577))

table 6 : explain SELECT id FROM sbtest6 WHERE id BETWEEN 1324477 AND 1324577
	Index Only Scan using sbtest6_pkey on sbtest6  (cost=0.43..10.51 rows=104 width=4)
	  Index Cond: ((id >= 1324477) AND (id <= 1324577))

table 7 : explain SELECT id FROM sbtest7 WHERE id BETWEEN 1324477 AND 1324577
	Index Only Scan using sbtest7_pkey on sbtest7  (cost=0.43..10.56 rows=106 width=4)
	  Index Cond: ((id >= 1324477) AND (id <= 1324577))

table 8 : explain SELECT id FROM sbtest8 WHERE id BETWEEN 1324477 AND 1324577
	Index Only Scan using sbtest8_pkey on sbtest8  (cost=0.43..6.33 rows=95 width=4)
	  Index Cond: ((id >= 1324477) AND (id <= 1324577))

explain: for range-covered :: explain SELECT id FROM sbtest%d WHERE id BETWEEN 7026316 AND 7026416
explain: for range-covered :: explain SELECT id FROM sbtest%d WHERE id BETWEEN 1324477 AND 1324577
for range-covered
table 1 : explain SELECT id FROM sbtest1 WHERE id BETWEEN 1760038 AND 1760138
	Index Only Scan using sbtest1_pkey on sbtest1  (cost=0.43..6.45 rows=101 width=4)
	  Index Cond: ((id >= 1760038) AND (id <= 1760138))

table 2 : explain SELECT id FROM sbtest2 WHERE id BETWEEN 1760038 AND 1760138
	Index Only Scan using sbtest2_pkey on sbtest2  (cost=0.43..6.43 rows=100 width=4)
	  Index Cond: ((id >= 1760038) AND (id <= 1760138))

table 3 : explain SELECT id FROM sbtest3 WHERE id BETWEEN 1760038 AND 1760138
	Index Only Scan using sbtest3_pkey on sbtest3  (cost=0.43..10.44 rows=100 width=4)
	  Index Cond: ((id >= 1760038) AND (id <= 1760138))

table 4 : explain SELECT id FROM sbtest4 WHERE id BETWEEN 1760038 AND 1760138
	Index Only Scan using sbtest4_pkey on sbtest4  (cost=0.43..6.56 rows=106 width=4)
	  Index Cond: ((id >= 1760038) AND (id <= 1760138))

table 5 : explain SELECT id FROM sbtest5 WHERE id BETWEEN 1760038 AND 1760138
	Index Only Scan using sbtest5_pkey on sbtest5  (cost=0.43..6.56 rows=106 width=4)
	  Index Cond: ((id >= 1760038) AND (id <= 1760138))

table 6 : explain SELECT id FROM sbtest6 WHERE id BETWEEN 1760038 AND 1760138
	Index Only Scan using sbtest6_pkey on sbtest6  (cost=0.43..10.20 rows=88 width=4)
	  Index Cond: ((id >= 1760038) AND (id <= 1760138))

table 7 : explain SELECT id FROM sbtest7 WHERE id BETWEEN 1760038 AND 1760138
	Index Only Scan using sbtest7_pkey on sbtest7  (cost=0.43..10.83 rows=120 width=4)
	  Index Cond: ((id >= 1760038) AND (id <= 1760138))

table 8 : explain SELECT id FROM sbtest8 WHERE id BETWEEN 1760038 AND 1760138
	Index Only Scan using sbtest8_pkey on sbtest8  (cost=0.43..6.42 rows=99 width=4)
	  Index Cond: ((id >= 1760038) AND (id <= 1760138))

explain: for range-covered :: explain SELECT id FROM sbtest%d WHERE id BETWEEN 1760038 AND 1760138
for range-covered
table 1 : explain SELECT id FROM sbtest1 WHERE id BETWEEN 3689661 AND 3689761
	Index Only Scan using sbtest1_pkey on sbtest1  (cost=0.43..6.35 rows=96 width=4)
	  Index Cond: ((id >= 3689661) AND (id <= 3689761))

table 2 : explain SELECT id FROM sbtest2 WHERE id BETWEEN 3689661 AND 3689761
	Index Only Scan using sbtest2_pkey on sbtest2  (cost=0.43..6.61 rows=109 width=4)
	  Index Cond: ((id >= 3689661) AND (id <= 3689761))

table 3 : explain SELECT id FROM sbtest3 WHERE id BETWEEN 3689661 AND 3689761
	Index Only Scan using sbtest3_pkey on sbtest3  (cost=0.43..10.24 rows=90 width=4)
	  Index Cond: ((id >= 3689661) AND (id <= 3689761))

table 4 : explain SELECT id FROM sbtest4 WHERE id BETWEEN 3689661 AND 3689761
	Index Only Scan using sbtest4_pkey on sbtest4  (cost=0.43..6.51 rows=104 width=4)
	  Index Cond: ((id >= 3689661) AND (id <= 3689761))

table 5 : explain SELECT id FROM sbtest5 WHERE id BETWEEN 3689661 AND 3689761
	Index Only Scan using sbtest5_pkey on sbtest5  (cost=0.43..6.43 rows=100 width=4)
	  Index Cond: ((id >= 3689661) AND (id <= 3689761))

table 6 : explain SELECT id FROM sbtest6 WHERE id BETWEEN 3689661 AND 3689761
	Index Only Scan using sbtest6_pkey on sbtest6  (cost=0.43..10.42 rows=99 width=4)
	  Index Cond: ((id >= 3689661) AND (id <= 3689761))

table 7 : explain SELECT id FROM sbtest7 WHERE id BETWEEN 3689661 AND 3689761
	Index Only Scan using sbtest7_pkey on sbtest7  (cost=0.43..10.54 rows=105 width=4)
	  Index Cond: ((id >= 3689661) AND (id <= 3689761))

table 8 : explain SELECT id FROM sbtest8 WHERE id BETWEEN 3689661 AND 3689761
	Index Only Scan using sbtest8_pkey on sbtest8  (cost=0.43..6.51 rows=104 width=4)
	  Index Cond: ((id >= 3689661) AND (id <= 3689761))

explain: for range-covered :: explain SELECT id FROM sbtest%d WHERE id BETWEEN 3689661 AND 3689761
for range-covered
table 1 : explain SELECT id FROM sbtest1 WHERE id BETWEEN 2685812 AND 2685912
	Index Only Scan using sbtest1_pkey on sbtest1  (cost=0.43..6.43 rows=100 width=4)
	  Index Cond: ((id >= 2685812) AND (id <= 2685912))

table 2 : explain SELECT id FROM sbtest2 WHERE id BETWEEN 2685812 AND 2685912
	Index Only Scan using sbtest2_pkey on sbtest2  (cost=0.43..6.50 rows=103 width=4)
	  Index Cond: ((id >= 2685812) AND (id <= 2685912))

table 3 : explain SELECT id FROM sbtest3 WHERE id BETWEEN 2685812 AND 2685912
	Index Only Scan using sbtest3_pkey on sbtest3  (cost=0.43..10.56 rows=106 width=4)
	  Index Cond: ((id >= 2685812) AND (id <= 2685912))

table 4 : explain SELECT id FROM sbtest4 WHERE id BETWEEN 2685812 AND 2685912
	Index Only Scan using sbtest4_pkey on sbtest4  (cost=0.43..6.37 rows=97 width=4)
	  Index Cond: ((id >= 2685812) AND (id <= 2685912))

table 5 : explain SELECT id FROM sbtest5 WHERE id BETWEEN 2685812 AND 2685912
	Index Only Scan using sbtest5_pkey on sbtest5  (cost=0.43..6.47 rows=102 width=4)
	  Index Cond: ((id >= 2685812) AND (id <= 2685912))

table 6 : explain SELECT id FROM sbtest6 WHERE id BETWEEN 2685812 AND 2685912
	Index Only Scan using sbtest6_pkey on sbtest6  (cost=0.43..10.54 rows=105 width=4)
	  Index Cond: ((id >= 2685812) AND (id <= 2685912))

table 7 : explain SELECT id FROM sbtest7 WHERE id BETWEEN 2685812 AND 2685912
	Index Only Scan using sbtest7_pkey on sbtest7  (cost=0.43..10.56 rows=106 width=4)
	  Index Cond: ((id >= 2685812) AND (id <= 2685912))

table 8 : explain SELECT id FROM sbtest8 WHERE id BETWEEN 2685812 AND 2685912
	Index Only Scan using sbtest8_pkey on sbtest8  (cost=0.43..6.45 rows=101 width=4)
	  Index Cond: ((id >= 2685812) AND (id <= 2685912))

for range-covered
table 1 : explain SELECT id FROM sbtest1 WHERE id BETWEEN 8635509 AND 8635609
	Index Only Scan using sbtest1_pkey on sbtest1  (cost=0.43..6.27 rows=92 width=4)
	  Index Cond: ((id >= 8635509) AND (id <= 8635609))

table 2 : explain SELECT id FROM sbtest2 WHERE id BETWEEN 8635509 AND 8635609
	Index Only Scan using sbtest2_pkey on sbtest2  (cost=0.43..6.32 rows=94 width=4)
	  Index Cond: ((id >= 8635509) AND (id <= 8635609))

table 3 : explain SELECT id FROM sbtest3 WHERE id BETWEEN 8635509 AND 8635609
	Index Only Scan using sbtest3_pkey on sbtest3  (cost=0.43..10.65 rows=111 width=4)
	  Index Cond: ((id >= 8635509) AND (id <= 8635609))

table 4 : explain SELECT id FROM sbtest4 WHERE id BETWEEN 8635509 AND 8635609
	Index Only Scan using sbtest4_pkey on sbtest4  (cost=0.43..6.56 rows=106 width=4)
	  Index Cond: ((id >= 8635509) AND (id <= 8635609))

table 5 : explain SELECT id FROM sbtest5 WHERE id BETWEEN 8635509 AND 8635609
	Index Only Scan using sbtest5_pkey on sbtest5  (cost=0.43..6.50 rows=103 width=4)
	  Index Cond: ((id >= 8635509) AND (id <= 8635609))

table 6 : explain SELECT id FROM sbtest6 WHERE id BETWEEN 8635509 AND 8635609
	Index Only Scan using sbtest6_pkey on sbtest6  (cost=0.43..10.65 rows=111 width=4)
	  Index Cond: ((id >= 8635509) AND (id <= 8635609))

table 7 : explain SELECT id FROM sbtest7 WHERE id BETWEEN 8635509 AND 8635609
	Index Only Scan using sbtest7_pkey on sbtest7  (cost=0.43..10.33 rows=95 width=4)
	  Index Cond: ((id >= 8635509) AND (id <= 8635609))

table 8 : explain SELECT id FROM sbtest8 WHERE id BETWEEN 8635509 AND 8635609
	Index Only Scan using sbtest8_pkey on sbtest8  (cost=0.43..6.45 rows=101 width=4)
	  Index Cond: ((id >= 8635509) AND (id <= 8635609))

for range-covered
table 1 : explain SELECT id FROM sbtest1 WHERE id BETWEEN 3569430 AND 3569530
	Index Only Scan using sbtest1_pkey on sbtest1  (cost=0.43..6.29 rows=93 width=4)
	  Index Cond: ((id >= 3569430) AND (id <= 3569530))

table 2 : explain SELECT id FROM sbtest2 WHERE id BETWEEN 3569430 AND 3569530
	Index Only Scan using sbtest2_pkey on sbtest2  (cost=0.43..6.61 rows=109 width=4)
	  Index Cond: ((id >= 3569430) AND (id <= 3569530))

table 3 : explain SELECT id FROM sbtest3 WHERE id BETWEEN 3569430 AND 3569530
	Index Only Scan using sbtest3_pkey on sbtest3  (cost=0.43..10.54 rows=105 width=4)
	  Index Cond: ((id >= 3569430) AND (id <= 3569530))

table 4 : explain SELECT id FROM sbtest4 WHERE id BETWEEN 3569430 AND 3569530
	Index Only Scan using sbtest4_pkey on sbtest4  (cost=0.43..6.45 rows=101 width=4)
	  Index Cond: ((id >= 3569430) AND (id <= 3569530))

table 5 : explain SELECT id FROM sbtest5 WHERE id BETWEEN 3569430 AND 3569530
	Index Only Scan using sbtest5_pkey on sbtest5  (cost=0.43..6.27 rows=92 width=4)
	  Index Cond: ((id >= 3569430) AND (id <= 3569530))

table 6 : explain SELECT id FROM sbtest6 WHERE id BETWEEN 3569430 AND 3569530
	Index Only Scan using sbtest6_pkey on sbtest6  (cost=0.43..10.42 rows=99 width=4)
	  Index Cond: ((id >= 3569430) AND (id <= 3569530))

table 7 : explain SELECT id FROM sbtest7 WHERE id BETWEEN 3569430 AND 3569530
	Index Only Scan using sbtest7_pkey on sbtest7  (cost=0.43..10.42 rows=99 width=4)
	  Index Cond: ((id >= 3569430) AND (id <= 3569530))

table 8 : explain SELECT id FROM sbtest8 WHERE id BETWEEN 3569430 AND 3569530
	Index Only Scan using sbtest8_pkey on sbtest8  (cost=0.43..6.32 rows=94 width=4)
	  Index Cond: ((id >= 3569430) AND (id <= 3569530))

explain: for range-covered :: explain SELECT id FROM sbtest%d WHERE id BETWEEN 2685812 AND 2685912
explain: for range-covered :: explain SELECT id FROM sbtest%d WHERE id BETWEEN 8635509 AND 8635609
explain: for range-covered :: explain SELECT id FROM sbtest%d WHERE id BETWEEN 3569430 AND 3569530
for range-covered
table 1 : explain SELECT id FROM sbtest1 WHERE id BETWEEN 1324477 AND 1324577
	Index Only Scan using sbtest1_pkey on sbtest1  (cost=0.43..6.40 rows=98 width=4)
	  Index Cond: ((id >= 1324477) AND (id <= 1324577))

table 2 : explain SELECT id FROM sbtest2 WHERE id BETWEEN 1324477 AND 1324577
	Index Only Scan using sbtest2_pkey on sbtest2  (cost=0.43..6.53 rows=105 width=4)
	  Index Cond: ((id >= 1324477) AND (id <= 1324577))

table 3 : explain SELECT id FROM sbtest3 WHERE id BETWEEN 1324477 AND 1324577
	Index Only Scan using sbtest3_pkey on sbtest3  (cost=0.43..10.26 rows=91 width=4)
	  Index Cond: ((id >= 1324477) AND (id <= 1324577))

table 4 : explain SELECT id FROM sbtest4 WHERE id BETWEEN 1324477 AND 1324577
	Index Only Scan using sbtest4_pkey on sbtest4  (cost=0.43..6.32 rows=94 width=4)
	  Index Cond: ((id >= 1324477) AND (id <= 1324577))

table 5 : explain SELECT id FROM sbtest5 WHERE id BETWEEN 1324477 AND 1324577
	Index Only Scan using sbtest5_pkey on sbtest5  (cost=0.43..6.50 rows=103 width=4)
	  Index Cond: ((id >= 1324477) AND (id <= 1324577))

table 6 : explain SELECT id FROM sbtest6 WHERE id BETWEEN 1324477 AND 1324577
	Index Only Scan using sbtest6_pkey on sbtest6  (cost=0.43..10.51 rows=104 width=4)
	  Index Cond: ((id >= 1324477) AND (id <= 1324577))

table 7 : explain SELECT id FROM sbtest7 WHERE id BETWEEN 1324477 AND 1324577
	Index Only Scan using sbtest7_pkey on sbtest7  (cost=0.43..10.56 rows=106 width=4)
	  Index Cond: ((id >= 1324477) AND (id <= 1324577))

table 8 : explain SELECT id FROM sbtest8 WHERE id BETWEEN 1324477 AND 1324577
	Index Only Scan using sbtest8_pkey on sbtest8  (cost=0.43..6.33 rows=95 width=4)
	  Index Cond: ((id >= 1324477) AND (id <= 1324577))

explain: for range-covered :: explain SELECT id FROM sbtest%d WHERE id BETWEEN 2949629 AND 2949729
explain: for range-covered :: explain SELECT id FROM sbtest%d WHERE id BETWEEN 1324477 AND 1324577
for range-covered
table 1 : explain SELECT id FROM sbtest1 WHERE id BETWEEN 1760038 AND 1760138
	Index Only Scan using sbtest1_pkey on sbtest1  (cost=0.43..6.45 rows=101 width=4)
	  Index Cond: ((id >= 1760038) AND (id <= 1760138))

table 2 : explain SELECT id FROM sbtest2 WHERE id BETWEEN 1760038 AND 1760138
	Index Only Scan using sbtest2_pkey on sbtest2  (cost=0.43..6.43 rows=100 width=4)
	  Index Cond: ((id >= 1760038) AND (id <= 1760138))

table 3 : explain SELECT id FROM sbtest3 WHERE id BETWEEN 1760038 AND 1760138
	Index Only Scan using sbtest3_pkey on sbtest3  (cost=0.43..10.44 rows=100 width=4)
	  Index Cond: ((id >= 1760038) AND (id <= 1760138))

table 4 : explain SELECT id FROM sbtest4 WHERE id BETWEEN 1760038 AND 1760138
	Index Only Scan using sbtest4_pkey on sbtest4  (cost=0.43..6.56 rows=106 width=4)
	  Index Cond: ((id >= 1760038) AND (id <= 1760138))

table 5 : explain SELECT id FROM sbtest5 WHERE id BETWEEN 1760038 AND 1760138
	Index Only Scan using sbtest5_pkey on sbtest5  (cost=0.43..6.56 rows=106 width=4)
	  Index Cond: ((id >= 1760038) AND (id <= 1760138))

table 6 : explain SELECT id FROM sbtest6 WHERE id BETWEEN 1760038 AND 1760138
	Index Only Scan using sbtest6_pkey on sbtest6  (cost=0.43..10.20 rows=88 width=4)
	  Index Cond: ((id >= 1760038) AND (id <= 1760138))

table 7 : explain SELECT id FROM sbtest7 WHERE id BETWEEN 1760038 AND 1760138
	Index Only Scan using sbtest7_pkey on sbtest7  (cost=0.43..10.83 rows=120 width=4)
	  Index Cond: ((id >= 1760038) AND (id <= 1760138))

table 8 : explain SELECT id FROM sbtest8 WHERE id BETWEEN 1760038 AND 1760138
	Index Only Scan using sbtest8_pkey on sbtest8  (cost=0.43..6.42 rows=99 width=4)
	  Index Cond: ((id >= 1760038) AND (id <= 1760138))

explain: for range-covered :: explain SELECT id FROM sbtest%d WHERE id BETWEEN 1760038 AND 1760138
for range-covered
table 1 : explain SELECT id FROM sbtest1 WHERE id BETWEEN 3689661 AND 3689761
	Index Only Scan using sbtest1_pkey on sbtest1  (cost=0.43..6.35 rows=96 width=4)
	  Index Cond: ((id >= 3689661) AND (id <= 3689761))

table 2 : explain SELECT id FROM sbtest2 WHERE id BETWEEN 3689661 AND 3689761
	Index Only Scan using sbtest2_pkey on sbtest2  (cost=0.43..6.61 rows=109 width=4)
	  Index Cond: ((id >= 3689661) AND (id <= 3689761))

table 3 : explain SELECT id FROM sbtest3 WHERE id BETWEEN 3689661 AND 3689761
	Index Only Scan using sbtest3_pkey on sbtest3  (cost=0.43..10.24 rows=90 width=4)
	  Index Cond: ((id >= 3689661) AND (id <= 3689761))

table 4 : explain SELECT id FROM sbtest4 WHERE id BETWEEN 3689661 AND 3689761
	Index Only Scan using sbtest4_pkey on sbtest4  (cost=0.43..6.51 rows=104 width=4)
	  Index Cond: ((id >= 3689661) AND (id <= 3689761))

table 5 : explain SELECT id FROM sbtest5 WHERE id BETWEEN 3689661 AND 3689761
	Index Only Scan using sbtest5_pkey on sbtest5  (cost=0.43..6.43 rows=100 width=4)
	  Index Cond: ((id >= 3689661) AND (id <= 3689761))

table 6 : explain SELECT id FROM sbtest6 WHERE id BETWEEN 3689661 AND 3689761
	Index Only Scan using sbtest6_pkey on sbtest6  (cost=0.43..10.42 rows=99 width=4)
	  Index Cond: ((id >= 3689661) AND (id <= 3689761))

table 7 : explain SELECT id FROM sbtest7 WHERE id BETWEEN 3689661 AND 3689761
	Index Only Scan using sbtest7_pkey on sbtest7  (cost=0.43..10.54 rows=105 width=4)
	  Index Cond: ((id >= 3689661) AND (id <= 3689761))

table 8 : explain SELECT id FROM sbtest8 WHERE id BETWEEN 3689661 AND 3689761
	Index Only Scan using sbtest8_pkey on sbtest8  (cost=0.43..6.51 rows=104 width=4)
	  Index Cond: ((id >= 3689661) AND (id <= 3689761))

explain: for range-covered :: explain SELECT id FROM sbtest%d WHERE id BETWEEN 6097386 AND 6097486
explain: for range-covered :: explain SELECT id FROM sbtest%d WHERE id BETWEEN 3689661 AND 3689761
for range-covered
table 1 : explain SELECT id FROM sbtest1 WHERE id BETWEEN 8635509 AND 8635609
	Index Only Scan using sbtest1_pkey on sbtest1  (cost=0.43..6.27 rows=92 width=4)
	  Index Cond: ((id >= 8635509) AND (id <= 8635609))

table 2 : explain SELECT id FROM sbtest2 WHERE id BETWEEN 8635509 AND 8635609
	Index Only Scan using sbtest2_pkey on sbtest2  (cost=0.43..6.32 rows=94 width=4)
	  Index Cond: ((id >= 8635509) AND (id <= 8635609))

table 3 : explain SELECT id FROM sbtest3 WHERE id BETWEEN 8635509 AND 8635609
	Index Only Scan using sbtest3_pkey on sbtest3  (cost=0.43..10.65 rows=111 width=4)
	  Index Cond: ((id >= 8635509) AND (id <= 8635609))

table 4 : explain SELECT id FROM sbtest4 WHERE id BETWEEN 8635509 AND 8635609
	Index Only Scan using sbtest4_pkey on sbtest4  (cost=0.43..6.56 rows=106 width=4)
	  Index Cond: ((id >= 8635509) AND (id <= 8635609))

table 5 : explain SELECT id FROM sbtest5 WHERE id BETWEEN 8635509 AND 8635609
	Index Only Scan using sbtest5_pkey on sbtest5  (cost=0.43..6.50 rows=103 width=4)
	  Index Cond: ((id >= 8635509) AND (id <= 8635609))

table 6 : explain SELECT id FROM sbtest6 WHERE id BETWEEN 8635509 AND 8635609
	Index Only Scan using sbtest6_pkey on sbtest6  (cost=0.43..10.65 rows=111 width=4)
	  Index Cond: ((id >= 8635509) AND (id <= 8635609))

table 7 : explain SELECT id FROM sbtest7 WHERE id BETWEEN 8635509 AND 8635609
	Index Only Scan using sbtest7_pkey on sbtest7  (cost=0.43..10.33 rows=95 width=4)
	  Index Cond: ((id >= 8635509) AND (id <= 8635609))

table 8 : explain SELECT id FROM sbtest8 WHERE id BETWEEN 8635509 AND 8635609
	Index Only Scan using sbtest8_pkey on sbtest8  (cost=0.43..6.45 rows=101 width=4)
	  Index Cond: ((id >= 8635509) AND (id <= 8635609))

for range-covered
table 1 : explain SELECT id FROM sbtest1 WHERE id BETWEEN 7026316 AND 7026416
	Index Only Scan using sbtest1_pkey on sbtest1  (cost=0.43..6.51 rows=104 width=4)
	  Index Cond: ((id >= 7026316) AND (id <= 7026416))

table 2 : explain SELECT id FROM sbtest2 WHERE id BETWEEN 7026316 AND 7026416
	Index Only Scan using sbtest2_pkey on sbtest2  (cost=0.43..6.53 rows=105 width=4)
	  Index Cond: ((id >= 7026316) AND (id <= 7026416))

table 3 : explain SELECT id FROM sbtest3 WHERE id BETWEEN 7026316 AND 7026416
	Index Only Scan using sbtest3_pkey on sbtest3  (cost=0.43..10.44 rows=100 width=4)
	  Index Cond: ((id >= 7026316) AND (id <= 7026416))

table 4 : explain SELECT id FROM sbtest4 WHERE id BETWEEN 7026316 AND 7026416
	Index Only Scan using sbtest4_pkey on sbtest4  (cost=0.43..6.67 rows=112 width=4)
	  Index Cond: ((id >= 7026316) AND (id <= 7026416))

table 5 : explain SELECT id FROM sbtest5 WHERE id BETWEEN 7026316 AND 7026416
	Index Only Scan using sbtest5_pkey on sbtest5  (cost=0.43..6.56 rows=106 width=4)
	  Index Cond: ((id >= 7026316) AND (id <= 7026416))

table 6 : explain SELECT id FROM sbtest6 WHERE id BETWEEN 7026316 AND 7026416
	Index Only Scan using sbtest6_pkey on sbtest6  (cost=0.43..10.28 rows=92 width=4)
	  Index Cond: ((id >= 7026316) AND (id <= 7026416))

table 7 : explain SELECT id FROM sbtest7 WHERE id BETWEEN 7026316 AND 7026416
	Index Only Scan using sbtest7_pkey on sbtest7  (cost=0.43..10.50 rows=103 width=4)
	  Index Cond: ((id >= 7026316) AND (id <= 7026416))

table 8 : explain SELECT id FROM sbtest8 WHERE id BETWEEN 7026316 AND 7026416
	Index Only Scan using sbtest8_pkey on sbtest8  (cost=0.43..6.29 rows=93 width=4)
	  Index Cond: ((id >= 7026316) AND (id <= 7026416))

explain: for range-covered :: explain SELECT id FROM sbtest%d WHERE id BETWEEN 8635509 AND 8635609
explain: for range-covered :: explain SELECT id FROM sbtest%d WHERE id BETWEEN 6450709 AND 6450809
for range-covered
table 1 : explain SELECT id FROM sbtest1 WHERE id BETWEEN 1324477 AND 1324577
	Index Only Scan using sbtest1_pkey on sbtest1  (cost=0.43..6.40 rows=98 width=4)
	  Index Cond: ((id >= 1324477) AND (id <= 1324577))

table 2 : explain SELECT id FROM sbtest2 WHERE id BETWEEN 1324477 AND 1324577
	Index Only Scan using sbtest2_pkey on sbtest2  (cost=0.43..6.53 rows=105 width=4)
	  Index Cond: ((id >= 1324477) AND (id <= 1324577))

table 3 : explain SELECT id FROM sbtest3 WHERE id BETWEEN 1324477 AND 1324577
	Index Only Scan using sbtest3_pkey on sbtest3  (cost=0.43..10.26 rows=91 width=4)
	  Index Cond: ((id >= 1324477) AND (id <= 1324577))

table 4 : explain SELECT id FROM sbtest4 WHERE id BETWEEN 1324477 AND 1324577
	Index Only Scan using sbtest4_pkey on sbtest4  (cost=0.43..6.32 rows=94 width=4)
	  Index Cond: ((id >= 1324477) AND (id <= 1324577))

table 5 : explain SELECT id FROM sbtest5 WHERE id BETWEEN 1324477 AND 1324577
	Index Only Scan using sbtest5_pkey on sbtest5  (cost=0.43..6.50 rows=103 width=4)
	  Index Cond: ((id >= 1324477) AND (id <= 1324577))

table 6 : explain SELECT id FROM sbtest6 WHERE id BETWEEN 1324477 AND 1324577
	Index Only Scan using sbtest6_pkey on sbtest6  (cost=0.43..10.51 rows=104 width=4)
	  Index Cond: ((id >= 1324477) AND (id <= 1324577))

table 7 : explain SELECT id FROM sbtest7 WHERE id BETWEEN 1324477 AND 1324577
	Index Only Scan using sbtest7_pkey on sbtest7  (cost=0.43..10.56 rows=106 width=4)
	  Index Cond: ((id >= 1324477) AND (id <= 1324577))

table 8 : explain SELECT id FROM sbtest8 WHERE id BETWEEN 1324477 AND 1324577
	Index Only Scan using sbtest8_pkey on sbtest8  (cost=0.43..6.33 rows=95 width=4)
	  Index Cond: ((id >= 1324477) AND (id <= 1324577))

explain: for range-covered :: explain SELECT id FROM sbtest%d WHERE id BETWEEN 7026316 AND 7026416
for range-covered
table 1 : explain SELECT id FROM sbtest1 WHERE id BETWEEN 1760038 AND 1760138
	Index Only Scan using sbtest1_pkey on sbtest1  (cost=0.43..6.45 rows=101 width=4)
	  Index Cond: ((id >= 1760038) AND (id <= 1760138))

table 2 : explain SELECT id FROM sbtest2 WHERE id BETWEEN 1760038 AND 1760138
	Index Only Scan using sbtest2_pkey on sbtest2  (cost=0.43..6.43 rows=100 width=4)
	  Index Cond: ((id >= 1760038) AND (id <= 1760138))

table 3 : explain SELECT id FROM sbtest3 WHERE id BETWEEN 1760038 AND 1760138
	Index Only Scan using sbtest3_pkey on sbtest3  (cost=0.43..10.44 rows=100 width=4)
	  Index Cond: ((id >= 1760038) AND (id <= 1760138))

table 4 : explain SELECT id FROM sbtest4 WHERE id BETWEEN 1760038 AND 1760138
	Index Only Scan using sbtest4_pkey on sbtest4  (cost=0.43..6.56 rows=106 width=4)
	  Index Cond: ((id >= 1760038) AND (id <= 1760138))

table 5 : explain SELECT id FROM sbtest5 WHERE id BETWEEN 1760038 AND 1760138
	Index Only Scan using sbtest5_pkey on sbtest5  (cost=0.43..6.56 rows=106 width=4)
	  Index Cond: ((id >= 1760038) AND (id <= 1760138))

table 6 : explain SELECT id FROM sbtest6 WHERE id BETWEEN 1760038 AND 1760138
	Index Only Scan using sbtest6_pkey on sbtest6  (cost=0.43..10.20 rows=88 width=4)
	  Index Cond: ((id >= 1760038) AND (id <= 1760138))

table 7 : explain SELECT id FROM sbtest7 WHERE id BETWEEN 1760038 AND 1760138
	Index Only Scan using sbtest7_pkey on sbtest7  (cost=0.43..10.83 rows=120 width=4)
	  Index Cond: ((id >= 1760038) AND (id <= 1760138))

table 8 : explain SELECT id FROM sbtest8 WHERE id BETWEEN 1760038 AND 1760138
	Index Only Scan using sbtest8_pkey on sbtest8  (cost=0.43..6.42 rows=99 width=4)
	  Index Cond: ((id >= 1760038) AND (id <= 1760138))

explain: for range-covered :: explain SELECT id FROM sbtest%d WHERE id BETWEEN 1760038 AND 1760138
for range-covered
table 1 : explain SELECT id FROM sbtest1 WHERE id BETWEEN 3689661 AND 3689761
	Index Only Scan using sbtest1_pkey on sbtest1  (cost=0.43..6.35 rows=96 width=4)
	  Index Cond: ((id >= 3689661) AND (id <= 3689761))

table 2 : explain SELECT id FROM sbtest2 WHERE id BETWEEN 3689661 AND 3689761
	Index Only Scan using sbtest2_pkey on sbtest2  (cost=0.43..6.61 rows=109 width=4)
	  Index Cond: ((id >= 3689661) AND (id <= 3689761))

table 3 : explain SELECT id FROM sbtest3 WHERE id BETWEEN 3689661 AND 3689761
	Index Only Scan using sbtest3_pkey on sbtest3  (cost=0.43..10.24 rows=90 width=4)
	  Index Cond: ((id >= 3689661) AND (id <= 3689761))

table 4 : explain SELECT id FROM sbtest4 WHERE id BETWEEN 3689661 AND 3689761
	Index Only Scan using sbtest4_pkey on sbtest4  (cost=0.43..6.51 rows=104 width=4)
	  Index Cond: ((id >= 3689661) AND (id <= 3689761))

table 5 : explain SELECT id FROM sbtest5 WHERE id BETWEEN 3689661 AND 3689761
	Index Only Scan using sbtest5_pkey on sbtest5  (cost=0.43..6.43 rows=100 width=4)
	  Index Cond: ((id >= 3689661) AND (id <= 3689761))

table 6 : explain SELECT id FROM sbtest6 WHERE id BETWEEN 3689661 AND 3689761
	Index Only Scan using sbtest6_pkey on sbtest6  (cost=0.43..10.42 rows=99 width=4)
	  Index Cond: ((id >= 3689661) AND (id <= 3689761))

table 7 : explain SELECT id FROM sbtest7 WHERE id BETWEEN 3689661 AND 3689761
	Index Only Scan using sbtest7_pkey on sbtest7  (cost=0.43..10.54 rows=105 width=4)
	  Index Cond: ((id >= 3689661) AND (id <= 3689761))

table 8 : explain SELECT id FROM sbtest8 WHERE id BETWEEN 3689661 AND 3689761
	Index Only Scan using sbtest8_pkey on sbtest8  (cost=0.43..6.51 rows=104 width=4)
	  Index Cond: ((id >= 3689661) AND (id <= 3689761))

explain: for range-covered :: explain SELECT id FROM sbtest%d WHERE id BETWEEN 3689661 AND 3689761
for range-covered
table 1 : explain SELECT id FROM sbtest1 WHERE id BETWEEN 8635509 AND 8635609
	Index Only Scan using sbtest1_pkey on sbtest1  (cost=0.43..6.27 rows=92 width=4)
	  Index Cond: ((id >= 8635509) AND (id <= 8635609))

table 2 : explain SELECT id FROM sbtest2 WHERE id BETWEEN 8635509 AND 8635609
	Index Only Scan using sbtest2_pkey on sbtest2  (cost=0.43..6.32 rows=94 width=4)
	  Index Cond: ((id >= 8635509) AND (id <= 8635609))

table 3 : explain SELECT id FROM sbtest3 WHERE id BETWEEN 8635509 AND 8635609
	Index Only Scan using sbtest3_pkey on sbtest3  (cost=0.43..10.65 rows=111 width=4)
	  Index Cond: ((id >= 8635509) AND (id <= 8635609))

table 4 : explain SELECT id FROM sbtest4 WHERE id BETWEEN 8635509 AND 8635609
	Index Only Scan using sbtest4_pkey on sbtest4  (cost=0.43..6.56 rows=106 width=4)
	  Index Cond: ((id >= 8635509) AND (id <= 8635609))

table 5 : explain SELECT id FROM sbtest5 WHERE id BETWEEN 8635509 AND 8635609
	Index Only Scan using sbtest5_pkey on sbtest5  (cost=0.43..6.50 rows=103 width=4)
	  Index Cond: ((id >= 8635509) AND (id <= 8635609))

table 6 : explain SELECT id FROM sbtest6 WHERE id BETWEEN 8635509 AND 8635609
	Index Only Scan using sbtest6_pkey on sbtest6  (cost=0.43..10.65 rows=111 width=4)
	  Index Cond: ((id >= 8635509) AND (id <= 8635609))

table 7 : explain SELECT id FROM sbtest7 WHERE id BETWEEN 8635509 AND 8635609
	Index Only Scan using sbtest7_pkey on sbtest7  (cost=0.43..10.33 rows=95 width=4)
	  Index Cond: ((id >= 8635509) AND (id <= 8635609))

table 8 : explain SELECT id FROM sbtest8 WHERE id BETWEEN 8635509 AND 8635609
	Index Only Scan using sbtest8_pkey on sbtest8  (cost=0.43..6.45 rows=101 width=4)
	  Index Cond: ((id >= 8635509) AND (id <= 8635609))

for range-covered
table 1 : explain SELECT id FROM sbtest1 WHERE id BETWEEN 3569430 AND 3569530
	Index Only Scan using sbtest1_pkey on sbtest1  (cost=0.43..6.29 rows=93 width=4)
	  Index Cond: ((id >= 3569430) AND (id <= 3569530))

table 2 : explain SELECT id FROM sbtest2 WHERE id BETWEEN 3569430 AND 3569530
	Index Only Scan using sbtest2_pkey on sbtest2  (cost=0.43..6.61 rows=109 width=4)
	  Index Cond: ((id >= 3569430) AND (id <= 3569530))

table 3 : explain SELECT id FROM sbtest3 WHERE id BETWEEN 3569430 AND 3569530
	Index Only Scan using sbtest3_pkey on sbtest3  (cost=0.43..10.54 rows=105 width=4)
	  Index Cond: ((id >= 3569430) AND (id <= 3569530))

table 4 : explain SELECT id FROM sbtest4 WHERE id BETWEEN 3569430 AND 3569530
	Index Only Scan using sbtest4_pkey on sbtest4  (cost=0.43..6.45 rows=101 width=4)
	  Index Cond: ((id >= 3569430) AND (id <= 3569530))

table 5 : explain SELECT id FROM sbtest5 WHERE id BETWEEN 3569430 AND 3569530
	Index Only Scan using sbtest5_pkey on sbtest5  (cost=0.43..6.27 rows=92 width=4)
	  Index Cond: ((id >= 3569430) AND (id <= 3569530))

table 6 : explain SELECT id FROM sbtest6 WHERE id BETWEEN 3569430 AND 3569530
	Index Only Scan using sbtest6_pkey on sbtest6  (cost=0.43..10.42 rows=99 width=4)
	  Index Cond: ((id >= 3569430) AND (id <= 3569530))

table 7 : explain SELECT id FROM sbtest7 WHERE id BETWEEN 3569430 AND 3569530
	Index Only Scan using sbtest7_pkey on sbtest7  (cost=0.43..10.42 rows=99 width=4)
	  Index Cond: ((id >= 3569430) AND (id <= 3569530))

table 8 : explain SELECT id FROM sbtest8 WHERE id BETWEEN 3569430 AND 3569530
	Index Only Scan using sbtest8_pkey on sbtest8  (cost=0.43..6.32 rows=94 width=4)
	  Index Cond: ((id >= 3569430) AND (id <= 3569530))

for range-covered
table 1 : explain SELECT id FROM sbtest1 WHERE id BETWEEN 2685812 AND 2685912
	Index Only Scan using sbtest1_pkey on sbtest1  (cost=0.43..6.43 rows=100 width=4)
	  Index Cond: ((id >= 2685812) AND (id <= 2685912))

table 2 : explain SELECT id FROM sbtest2 WHERE id BETWEEN 2685812 AND 2685912
	Index Only Scan using sbtest2_pkey on sbtest2  (cost=0.43..6.50 rows=103 width=4)
	  Index Cond: ((id >= 2685812) AND (id <= 2685912))

table 3 : explain SELECT id FROM sbtest3 WHERE id BETWEEN 2685812 AND 2685912
	Index Only Scan using sbtest3_pkey on sbtest3  (cost=0.43..10.56 rows=106 width=4)
	  Index Cond: ((id >= 2685812) AND (id <= 2685912))

table 4 : explain SELECT id FROM sbtest4 WHERE id BETWEEN 2685812 AND 2685912
	Index Only Scan using sbtest4_pkey on sbtest4  (cost=0.43..6.37 rows=97 width=4)
	  Index Cond: ((id >= 2685812) AND (id <= 2685912))

table 5 : explain SELECT id FROM sbtest5 WHERE id BETWEEN 2685812 AND 2685912
	Index Only Scan using sbtest5_pkey on sbtest5  (cost=0.43..6.47 rows=102 width=4)
	  Index Cond: ((id >= 2685812) AND (id <= 2685912))

table 6 : explain SELECT id FROM sbtest6 WHERE id BETWEEN 2685812 AND 2685912
	Index Only Scan using sbtest6_pkey on sbtest6  (cost=0.43..10.54 rows=105 width=4)
	  Index Cond: ((id >= 2685812) AND (id <= 2685912))

table 7 : explain SELECT id FROM sbtest7 WHERE id BETWEEN 2685812 AND 2685912
	Index Only Scan using sbtest7_pkey on sbtest7  (cost=0.43..10.56 rows=106 width=4)
	  Index Cond: ((id >= 2685812) AND (id <= 2685912))

table 8 : explain SELECT id FROM sbtest8 WHERE id BETWEEN 2685812 AND 2685912
	Index Only Scan using sbtest8_pkey on sbtest8  (cost=0.43..6.45 rows=101 width=4)
	  Index Cond: ((id >= 2685812) AND (id <= 2685912))

explain: for range-covered :: explain SELECT id FROM sbtest%d WHERE id BETWEEN 2685812 AND 2685912
for range-covered
table 1 : explain SELECT id FROM sbtest1 WHERE id BETWEEN 1760038 AND 1760138
	Index Only Scan using sbtest1_pkey on sbtest1  (cost=0.43..6.45 rows=101 width=4)
	  Index Cond: ((id >= 1760038) AND (id <= 1760138))

table 2 : explain SELECT id FROM sbtest2 WHERE id BETWEEN 1760038 AND 1760138
	Index Only Scan using sbtest2_pkey on sbtest2  (cost=0.43..6.43 rows=100 width=4)
	  Index Cond: ((id >= 1760038) AND (id <= 1760138))

table 3 : explain SELECT id FROM sbtest3 WHERE id BETWEEN 1760038 AND 1760138
	Index Only Scan using sbtest3_pkey on sbtest3  (cost=0.43..10.44 rows=100 width=4)
	  Index Cond: ((id >= 1760038) AND (id <= 1760138))

table 4 : explain SELECT id FROM sbtest4 WHERE id BETWEEN 1760038 AND 1760138
	Index Only Scan using sbtest4_pkey on sbtest4  (cost=0.43..6.56 rows=106 width=4)
	  Index Cond: ((id >= 1760038) AND (id <= 1760138))

table 5 : explain SELECT id FROM sbtest5 WHERE id BETWEEN 1760038 AND 1760138
	Index Only Scan using sbtest5_pkey on sbtest5  (cost=0.43..6.56 rows=106 width=4)
	  Index Cond: ((id >= 1760038) AND (id <= 1760138))

table 6 : explain SELECT id FROM sbtest6 WHERE id BETWEEN 1760038 AND 1760138
	Index Only Scan using sbtest6_pkey on sbtest6  (cost=0.43..10.20 rows=88 width=4)
	  Index Cond: ((id >= 1760038) AND (id <= 1760138))

table 7 : explain SELECT id FROM sbtest7 WHERE id BETWEEN 1760038 AND 1760138
	Index Only Scan using sbtest7_pkey on sbtest7  (cost=0.43..10.83 rows=120 width=4)
	  Index Cond: ((id >= 1760038) AND (id <= 1760138))

table 8 : explain SELECT id FROM sbtest8 WHERE id BETWEEN 1760038 AND 1760138
	Index Only Scan using sbtest8_pkey on sbtest8  (cost=0.43..6.42 rows=99 width=4)
	  Index Cond: ((id >= 1760038) AND (id <= 1760138))

explain: for range-covered :: explain SELECT id FROM sbtest%d WHERE id BETWEEN 1760038 AND 1760138
explain: for range-covered :: explain SELECT id FROM sbtest%d WHERE id BETWEEN 3569430 AND 3569530
for range-covered
table 1 : explain SELECT id FROM sbtest1 WHERE id BETWEEN 3689661 AND 3689761
	Index Only Scan using sbtest1_pkey on sbtest1  (cost=0.43..6.35 rows=96 width=4)
	  Index Cond: ((id >= 3689661) AND (id <= 3689761))

table 2 : explain SELECT id FROM sbtest2 WHERE id BETWEEN 3689661 AND 3689761
	Index Only Scan using sbtest2_pkey on sbtest2  (cost=0.43..6.61 rows=109 width=4)
	  Index Cond: ((id >= 3689661) AND (id <= 3689761))

table 3 : explain SELECT id FROM sbtest3 WHERE id BETWEEN 3689661 AND 3689761
	Index Only Scan using sbtest3_pkey on sbtest3  (cost=0.43..10.24 rows=90 width=4)
	  Index Cond: ((id >= 3689661) AND (id <= 3689761))

table 4 : explain SELECT id FROM sbtest4 WHERE id BETWEEN 3689661 AND 3689761
	Index Only Scan using sbtest4_pkey on sbtest4  (cost=0.43..6.51 rows=104 width=4)
	  Index Cond: ((id >= 3689661) AND (id <= 3689761))

table 5 : explain SELECT id FROM sbtest5 WHERE id BETWEEN 3689661 AND 3689761
	Index Only Scan using sbtest5_pkey on sbtest5  (cost=0.43..6.43 rows=100 width=4)
	  Index Cond: ((id >= 3689661) AND (id <= 3689761))

table 6 : explain SELECT id FROM sbtest6 WHERE id BETWEEN 3689661 AND 3689761
	Index Only Scan using sbtest6_pkey on sbtest6  (cost=0.43..10.42 rows=99 width=4)
	  Index Cond: ((id >= 3689661) AND (id <= 3689761))

table 7 : explain SELECT id FROM sbtest7 WHERE id BETWEEN 3689661 AND 3689761
	Index Only Scan using sbtest7_pkey on sbtest7  (cost=0.43..10.54 rows=105 width=4)
	  Index Cond: ((id >= 3689661) AND (id <= 3689761))

table 8 : explain SELECT id FROM sbtest8 WHERE id BETWEEN 3689661 AND 3689761
	Index Only Scan using sbtest8_pkey on sbtest8  (cost=0.43..6.51 rows=104 width=4)
	  Index Cond: ((id >= 3689661) AND (id <= 3689761))

explain: for range-covered :: explain SELECT id FROM sbtest%d WHERE id BETWEEN 3689661 AND 3689761
for range-covered
table 1 : explain SELECT id FROM sbtest1 WHERE id BETWEEN 7026316 AND 7026416
	Index Only Scan using sbtest1_pkey on sbtest1  (cost=0.43..6.51 rows=104 width=4)
	  Index Cond: ((id >= 7026316) AND (id <= 7026416))

table 2 : explain SELECT id FROM sbtest2 WHERE id BETWEEN 7026316 AND 7026416
	Index Only Scan using sbtest2_pkey on sbtest2  (cost=0.43..6.53 rows=105 width=4)
	  Index Cond: ((id >= 7026316) AND (id <= 7026416))

table 3 : explain SELECT id FROM sbtest3 WHERE id BETWEEN 7026316 AND 7026416
	Index Only Scan using sbtest3_pkey on sbtest3  (cost=0.43..10.44 rows=100 width=4)
	  Index Cond: ((id >= 7026316) AND (id <= 7026416))

table 4 : explain SELECT id FROM sbtest4 WHERE id BETWEEN 7026316 AND 7026416
	Index Only Scan using sbtest4_pkey on sbtest4  (cost=0.43..6.67 rows=112 width=4)
	  Index Cond: ((id >= 7026316) AND (id <= 7026416))

table 5 : explain SELECT id FROM sbtest5 WHERE id BETWEEN 7026316 AND 7026416
	Index Only Scan using sbtest5_pkey on sbtest5  (cost=0.43..6.56 rows=106 width=4)
	  Index Cond: ((id >= 7026316) AND (id <= 7026416))

table 6 : explain SELECT id FROM sbtest6 WHERE id BETWEEN 7026316 AND 7026416
	Index Only Scan using sbtest6_pkey on sbtest6  (cost=0.43..10.28 rows=92 width=4)
	  Index Cond: ((id >= 7026316) AND (id <= 7026416))

table 7 : explain SELECT id FROM sbtest7 WHERE id BETWEEN 7026316 AND 7026416
	Index Only Scan using sbtest7_pkey on sbtest7  (cost=0.43..10.50 rows=103 width=4)
	  Index Cond: ((id >= 7026316) AND (id <= 7026416))

table 8 : explain SELECT id FROM sbtest8 WHERE id BETWEEN 7026316 AND 7026416
	Index Only Scan using sbtest8_pkey on sbtest8  (cost=0.43..6.29 rows=93 width=4)
	  Index Cond: ((id >= 7026316) AND (id <= 7026416))

for range-covered
table 1 : explain SELECT id FROM sbtest1 WHERE id BETWEEN 1760038 AND 1760138
	Index Only Scan using sbtest1_pkey on sbtest1  (cost=0.43..6.45 rows=101 width=4)
	  Index Cond: ((id >= 1760038) AND (id <= 1760138))

table 2 : explain SELECT id FROM sbtest2 WHERE id BETWEEN 1760038 AND 1760138
	Index Only Scan using sbtest2_pkey on sbtest2  (cost=0.43..6.43 rows=100 width=4)
	  Index Cond: ((id >= 1760038) AND (id <= 1760138))

table 3 : explain SELECT id FROM sbtest3 WHERE id BETWEEN 1760038 AND 1760138
	Index Only Scan using sbtest3_pkey on sbtest3  (cost=0.43..10.44 rows=100 width=4)
	  Index Cond: ((id >= 1760038) AND (id <= 1760138))

table 4 : explain SELECT id FROM sbtest4 WHERE id BETWEEN 1760038 AND 1760138
	Index Only Scan using sbtest4_pkey on sbtest4  (cost=0.43..6.56 rows=106 width=4)
	  Index Cond: ((id >= 1760038) AND (id <= 1760138))

table 5 : explain SELECT id FROM sbtest5 WHERE id BETWEEN 1760038 AND 1760138
	Index Only Scan using sbtest5_pkey on sbtest5  (cost=0.43..6.56 rows=106 width=4)
	  Index Cond: ((id >= 1760038) AND (id <= 1760138))

table 6 : explain SELECT id FROM sbtest6 WHERE id BETWEEN 1760038 AND 1760138
	Index Only Scan using sbtest6_pkey on sbtest6  (cost=0.43..10.20 rows=88 width=4)
	  Index Cond: ((id >= 1760038) AND (id <= 1760138))

table 7 : explain SELECT id FROM sbtest7 WHERE id BETWEEN 1760038 AND 1760138
	Index Only Scan using sbtest7_pkey on sbtest7  (cost=0.43..10.83 rows=120 width=4)
	  Index Cond: ((id >= 1760038) AND (id <= 1760138))

table 8 : explain SELECT id FROM sbtest8 WHERE id BETWEEN 1760038 AND 1760138
	Index Only Scan using sbtest8_pkey on sbtest8  (cost=0.43..6.42 rows=99 width=4)
	  Index Cond: ((id >= 1760038) AND (id <= 1760138))

for range-covered
table 1 : explain SELECT id FROM sbtest1 WHERE id BETWEEN 3569430 AND 3569530
	Index Only Scan using sbtest1_pkey on sbtest1  (cost=0.43..6.29 rows=93 width=4)
	  Index Cond: ((id >= 3569430) AND (id <= 3569530))

table 2 : explain SELECT id FROM sbtest2 WHERE id BETWEEN 3569430 AND 3569530
	Index Only Scan using sbtest2_pkey on sbtest2  (cost=0.43..6.61 rows=109 width=4)
	  Index Cond: ((id >= 3569430) AND (id <= 3569530))

table 3 : explain SELECT id FROM sbtest3 WHERE id BETWEEN 3569430 AND 3569530
	Index Only Scan using sbtest3_pkey on sbtest3  (cost=0.43..10.54 rows=105 width=4)
	  Index Cond: ((id >= 3569430) AND (id <= 3569530))

table 4 : explain SELECT id FROM sbtest4 WHERE id BETWEEN 3569430 AND 3569530
	Index Only Scan using sbtest4_pkey on sbtest4  (cost=0.43..6.45 rows=101 width=4)
	  Index Cond: ((id >= 3569430) AND (id <= 3569530))

table 5 : explain SELECT id FROM sbtest5 WHERE id BETWEEN 3569430 AND 3569530
	Index Only Scan using sbtest5_pkey on sbtest5  (cost=0.43..6.27 rows=92 width=4)
	  Index Cond: ((id >= 3569430) AND (id <= 3569530))

table 6 : explain SELECT id FROM sbtest6 WHERE id BETWEEN 3569430 AND 3569530
	Index Only Scan using sbtest6_pkey on sbtest6  (cost=0.43..10.42 rows=99 width=4)
	  Index Cond: ((id >= 3569430) AND (id <= 3569530))

table 7 : explain SELECT id FROM sbtest7 WHERE id BETWEEN 3569430 AND 3569530
	Index Only Scan using sbtest7_pkey on sbtest7  (cost=0.43..10.42 rows=99 width=4)
	  Index Cond: ((id >= 3569430) AND (id <= 3569530))

table 8 : explain SELECT id FROM sbtest8 WHERE id BETWEEN 3569430 AND 3569530
	Index Only Scan using sbtest8_pkey on sbtest8  (cost=0.43..6.32 rows=94 width=4)
	  Index Cond: ((id >= 3569430) AND (id <= 3569530))

explain: for range-covered :: explain SELECT id FROM sbtest%d WHERE id BETWEEN 1760038 AND 1760138
for range-covered
table 1 : explain SELECT id FROM sbtest1 WHERE id BETWEEN 2949629 AND 2949729
	Index Only Scan using sbtest1_pkey on sbtest1  (cost=0.43..6.47 rows=102 width=4)
	  Index Cond: ((id >= 2949629) AND (id <= 2949729))

table 2 : explain SELECT id FROM sbtest2 WHERE id BETWEEN 2949629 AND 2949729
	Index Only Scan using sbtest2_pkey on sbtest2  (cost=0.43..6.50 rows=103 width=4)
	  Index Cond: ((id >= 2949629) AND (id <= 2949729))

table 3 : explain SELECT id FROM sbtest3 WHERE id BETWEEN 2949629 AND 2949729
	Index Only Scan using sbtest3_pkey on sbtest3  (cost=0.43..10.63 rows=110 width=4)
	  Index Cond: ((id >= 2949629) AND (id <= 2949729))

table 4 : explain SELECT id FROM sbtest4 WHERE id BETWEEN 2949629 AND 2949729
	Index Only Scan using sbtest4_pkey on sbtest4  (cost=0.43..6.32 rows=94 width=4)
	  Index Cond: ((id >= 2949629) AND (id <= 2949729))

table 5 : explain SELECT id FROM sbtest5 WHERE id BETWEEN 2949629 AND 2949729
	Index Only Scan using sbtest5_pkey on sbtest5  (cost=0.43..6.42 rows=99 width=4)
	  Index Cond: ((id >= 2949629) AND (id <= 2949729))

table 6 : explain SELECT id FROM sbtest6 WHERE id BETWEEN 2949629 AND 2949729
	Index Only Scan using sbtest6_pkey on sbtest6  (cost=0.43..10.60 rows=108 width=4)
	  Index Cond: ((id >= 2949629) AND (id <= 2949729))

table 7 : explain SELECT id FROM sbtest7 WHERE id BETWEEN 2949629 AND 2949729
	Index Only Scan using sbtest7_pkey on sbtest7  (cost=0.43..10.72 rows=114 width=4)
	  Index Cond: ((id >= 2949629) AND (id <= 2949729))

table 8 : explain SELECT id FROM sbtest8 WHERE id BETWEEN 2949629 AND 2949729
	Index Only Scan using sbtest8_pkey on sbtest8  (cost=0.43..6.37 rows=97 width=4)
	  Index Cond: ((id >= 2949629) AND (id <= 2949729))

for range-covered
table 1 : explain SELECT id FROM sbtest1 WHERE id BETWEEN 3689661 AND 3689761
	Index Only Scan using sbtest1_pkey on sbtest1  (cost=0.43..6.35 rows=96 width=4)
	  Index Cond: ((id >= 3689661) AND (id <= 3689761))

table 2 : explain SELECT id FROM sbtest2 WHERE id BETWEEN 3689661 AND 3689761
	Index Only Scan using sbtest2_pkey on sbtest2  (cost=0.43..6.61 rows=109 width=4)
	  Index Cond: ((id >= 3689661) AND (id <= 3689761))

table 3 : explain SELECT id FROM sbtest3 WHERE id BETWEEN 3689661 AND 3689761
	Index Only Scan using sbtest3_pkey on sbtest3  (cost=0.43..10.24 rows=90 width=4)
	  Index Cond: ((id >= 3689661) AND (id <= 3689761))

table 4 : explain SELECT id FROM sbtest4 WHERE id BETWEEN 3689661 AND 3689761
	Index Only Scan using sbtest4_pkey on sbtest4  (cost=0.43..6.51 rows=104 width=4)
	  Index Cond: ((id >= 3689661) AND (id <= 3689761))

table 5 : explain SELECT id FROM sbtest5 WHERE id BETWEEN 3689661 AND 3689761
	Index Only Scan using sbtest5_pkey on sbtest5  (cost=0.43..6.43 rows=100 width=4)
	  Index Cond: ((id >= 3689661) AND (id <= 3689761))

table 6 : explain SELECT id FROM sbtest6 WHERE id BETWEEN 3689661 AND 3689761
	Index Only Scan using sbtest6_pkey on sbtest6  (cost=0.43..10.42 rows=99 width=4)
	  Index Cond: ((id >= 3689661) AND (id <= 3689761))

table 7 : explain SELECT id FROM sbtest7 WHERE id BETWEEN 3689661 AND 3689761
	Index Only Scan using sbtest7_pkey on sbtest7  (cost=0.43..10.54 rows=105 width=4)
	  Index Cond: ((id >= 3689661) AND (id <= 3689761))

table 8 : explain SELECT id FROM sbtest8 WHERE id BETWEEN 3689661 AND 3689761
	Index Only Scan using sbtest8_pkey on sbtest8  (cost=0.43..6.51 rows=104 width=4)
	  Index Cond: ((id >= 3689661) AND (id <= 3689761))

explain: for range-covered :: explain SELECT id FROM sbtest%d WHERE id BETWEEN 2949629 AND 2949729
explain: for range-covered :: explain SELECT id FROM sbtest%d WHERE id BETWEEN 3689661 AND 3689761
explain: for range-covered :: explain SELECT id FROM sbtest%d WHERE id BETWEEN 5387296 AND 5387396
for range-covered
table 1 : explain SELECT id FROM sbtest1 WHERE id BETWEEN 6097386 AND 6097486
	Index Only Scan using sbtest1_pkey on sbtest1  (cost=0.43..6.37 rows=97 width=4)
	  Index Cond: ((id >= 6097386) AND (id <= 6097486))

table 2 : explain SELECT id FROM sbtest2 WHERE id BETWEEN 6097386 AND 6097486
	Index Only Scan using sbtest2_pkey on sbtest2  (cost=0.43..6.43 rows=100 width=4)
	  Index Cond: ((id >= 6097386) AND (id <= 6097486))

table 3 : explain SELECT id FROM sbtest3 WHERE id BETWEEN 6097386 AND 6097486
	Index Only Scan using sbtest3_pkey on sbtest3  (cost=0.43..10.38 rows=97 width=4)
	  Index Cond: ((id >= 6097386) AND (id <= 6097486))

table 4 : explain SELECT id FROM sbtest4 WHERE id BETWEEN 6097386 AND 6097486
	Index Only Scan using sbtest4_pkey on sbtest4  (cost=0.43..6.47 rows=102 width=4)
	  Index Cond: ((id >= 6097386) AND (id <= 6097486))

table 5 : explain SELECT id FROM sbtest5 WHERE id BETWEEN 6097386 AND 6097486
	Index Only Scan using sbtest5_pkey on sbtest5  (cost=0.43..6.69 rows=113 width=4)
	  Index Cond: ((id >= 6097386) AND (id <= 6097486))

table 6 : explain SELECT id FROM sbtest6 WHERE id BETWEEN 6097386 AND 6097486
	Index Only Scan using sbtest6_pkey on sbtest6  (cost=0.43..10.29 rows=93 width=4)
	  Index Cond: ((id >= 6097386) AND (id <= 6097486))

table 7 : explain SELECT id FROM sbtest7 WHERE id BETWEEN 6097386 AND 6097486
	Index Only Scan using sbtest7_pkey on sbtest7  (cost=0.43..10.32 rows=94 width=4)
	  Index Cond: ((id >= 6097386) AND (id <= 6097486))

table 8 : explain SELECT id FROM sbtest8 WHERE id BETWEEN 6097386 AND 6097486
	Index Only Scan using sbtest8_pkey on sbtest8  (cost=0.43..6.40 rows=98 width=4)
	  Index Cond: ((id >= 6097386) AND (id <= 6097486))

for range-covered
table 1 : explain SELECT id FROM sbtest1 WHERE id BETWEEN 2685812 AND 2685912
	Index Only Scan using sbtest1_pkey on sbtest1  (cost=0.43..6.43 rows=100 width=4)
	  Index Cond: ((id >= 2685812) AND (id <= 2685912))

table 2 : explain SELECT id FROM sbtest2 WHERE id BETWEEN 2685812 AND 2685912
	Index Only Scan using sbtest2_pkey on sbtest2  (cost=0.43..6.50 rows=103 width=4)
	  Index Cond: ((id >= 2685812) AND (id <= 2685912))

table 3 : explain SELECT id FROM sbtest3 WHERE id BETWEEN 2685812 AND 2685912
	Index Only Scan using sbtest3_pkey on sbtest3  (cost=0.43..10.56 rows=106 width=4)
	  Index Cond: ((id >= 2685812) AND (id <= 2685912))

table 4 : explain SELECT id FROM sbtest4 WHERE id BETWEEN 2685812 AND 2685912
	Index Only Scan using sbtest4_pkey on sbtest4  (cost=0.43..6.37 rows=97 width=4)
	  Index Cond: ((id >= 2685812) AND (id <= 2685912))

table 5 : explain SELECT id FROM sbtest5 WHERE id BETWEEN 2685812 AND 2685912
	Index Only Scan using sbtest5_pkey on sbtest5  (cost=0.43..6.47 rows=102 width=4)
	  Index Cond: ((id >= 2685812) AND (id <= 2685912))

table 6 : explain SELECT id FROM sbtest6 WHERE id BETWEEN 2685812 AND 2685912
	Index Only Scan using sbtest6_pkey on sbtest6  (cost=0.43..10.54 rows=105 width=4)
	  Index Cond: ((id >= 2685812) AND (id <= 2685912))

table 7 : explain SELECT id FROM sbtest7 WHERE id BETWEEN 2685812 AND 2685912
	Index Only Scan using sbtest7_pkey on sbtest7  (cost=0.43..10.56 rows=106 width=4)
	  Index Cond: ((id >= 2685812) AND (id <= 2685912))

table 8 : explain SELECT id FROM sbtest8 WHERE id BETWEEN 2685812 AND 2685912
	Index Only Scan using sbtest8_pkey on sbtest8  (cost=0.43..6.45 rows=101 width=4)
	  Index Cond: ((id >= 2685812) AND (id <= 2685912))

explain: for range-covered :: explain SELECT id FROM sbtest%d WHERE id BETWEEN 6097386 AND 6097486
explain: for range-covered :: explain SELECT id FROM sbtest%d WHERE id BETWEEN 2685812 AND 2685912
for range-covered
table 1 : explain SELECT id FROM sbtest1 WHERE id BETWEEN 1760038 AND 1760138
	Index Only Scan using sbtest1_pkey on sbtest1  (cost=0.43..6.45 rows=101 width=4)
	  Index Cond: ((id >= 1760038) AND (id <= 1760138))

table 2 : explain SELECT id FROM sbtest2 WHERE id BETWEEN 1760038 AND 1760138
	Index Only Scan using sbtest2_pkey on sbtest2  (cost=0.43..6.43 rows=100 width=4)
	  Index Cond: ((id >= 1760038) AND (id <= 1760138))

table 3 : explain SELECT id FROM sbtest3 WHERE id BETWEEN 1760038 AND 1760138
	Index Only Scan using sbtest3_pkey on sbtest3  (cost=0.43..10.44 rows=100 width=4)
	  Index Cond: ((id >= 1760038) AND (id <= 1760138))

table 4 : explain SELECT id FROM sbtest4 WHERE id BETWEEN 1760038 AND 1760138
	Index Only Scan using sbtest4_pkey on sbtest4  (cost=0.43..6.56 rows=106 width=4)
	  Index Cond: ((id >= 1760038) AND (id <= 1760138))

table 5 : explain SELECT id FROM sbtest5 WHERE id BETWEEN 1760038 AND 1760138
	Index Only Scan using sbtest5_pkey on sbtest5  (cost=0.43..6.56 rows=106 width=4)
	  Index Cond: ((id >= 1760038) AND (id <= 1760138))

table 6 : explain SELECT id FROM sbtest6 WHERE id BETWEEN 1760038 AND 1760138
	Index Only Scan using sbtest6_pkey on sbtest6  (cost=0.43..10.20 rows=88 width=4)
	  Index Cond: ((id >= 1760038) AND (id <= 1760138))

table 7 : explain SELECT id FROM sbtest7 WHERE id BETWEEN 1760038 AND 1760138
	Index Only Scan using sbtest7_pkey on sbtest7  (cost=0.43..10.83 rows=120 width=4)
	  Index Cond: ((id >= 1760038) AND (id <= 1760138))

table 8 : explain SELECT id FROM sbtest8 WHERE id BETWEEN 1760038 AND 1760138
	Index Only Scan using sbtest8_pkey on sbtest8  (cost=0.43..6.42 rows=99 width=4)
	  Index Cond: ((id >= 1760038) AND (id <= 1760138))

explain: for range-covered :: explain SELECT id FROM sbtest%d WHERE id BETWEEN 1760038 AND 1760138
for range-covered
table 1 : explain SELECT id FROM sbtest1 WHERE id BETWEEN 6450709 AND 6450809
	Index Only Scan using sbtest1_pkey on sbtest1  (cost=0.43..6.56 rows=106 width=4)
	  Index Cond: ((id >= 6450709) AND (id <= 6450809))

table 2 : explain SELECT id FROM sbtest2 WHERE id BETWEEN 6450709 AND 6450809
	Index Only Scan using sbtest2_pkey on sbtest2  (cost=0.43..6.27 rows=92 width=4)
	  Index Cond: ((id >= 6450709) AND (id <= 6450809))

table 3 : explain SELECT id FROM sbtest3 WHERE id BETWEEN 6450709 AND 6450809
	Index Only Scan using sbtest3_pkey on sbtest3  (cost=0.43..10.47 rows=102 width=4)
	  Index Cond: ((id >= 6450709) AND (id <= 6450809))

table 4 : explain SELECT id FROM sbtest4 WHERE id BETWEEN 6450709 AND 6450809
	Index Only Scan using sbtest4_pkey on sbtest4  (cost=0.43..6.51 rows=104 width=4)
	  Index Cond: ((id >= 6450709) AND (id <= 6450809))

table 5 : explain SELECT id FROM sbtest5 WHERE id BETWEEN 6450709 AND 6450809
	Index Only Scan using sbtest5_pkey on sbtest5  (cost=0.43..6.61 rows=109 width=4)
	  Index Cond: ((id >= 6450709) AND (id <= 6450809))

table 6 : explain SELECT id FROM sbtest6 WHERE id BETWEEN 6450709 AND 6450809
	Index Only Scan using sbtest6_pkey on sbtest6  (cost=0.43..10.38 rows=97 width=4)
	  Index Cond: ((id >= 6450709) AND (id <= 6450809))

table 7 : explain SELECT id FROM sbtest7 WHERE id BETWEEN 6450709 AND 6450809
	Index Only Scan using sbtest7_pkey on sbtest7  (cost=0.43..10.36 rows=96 width=4)
	  Index Cond: ((id >= 6450709) AND (id <= 6450809))

table 8 : explain SELECT id FROM sbtest8 WHERE id BETWEEN 6450709 AND 6450809
	Index Only Scan using sbtest8_pkey on sbtest8  (cost=0.43..6.53 rows=105 width=4)
	  Index Cond: ((id >= 6450709) AND (id <= 6450809))

for range-covered
table 1 : explain SELECT id FROM sbtest1 WHERE id BETWEEN 3689661 AND 3689761
	Index Only Scan using sbtest1_pkey on sbtest1  (cost=0.43..6.35 rows=96 width=4)
	  Index Cond: ((id >= 3689661) AND (id <= 3689761))

table 2 : explain SELECT id FROM sbtest2 WHERE id BETWEEN 3689661 AND 3689761
	Index Only Scan using sbtest2_pkey on sbtest2  (cost=0.43..6.61 rows=109 width=4)
	  Index Cond: ((id >= 3689661) AND (id <= 3689761))

table 3 : explain SELECT id FROM sbtest3 WHERE id BETWEEN 3689661 AND 3689761
	Index Only Scan using sbtest3_pkey on sbtest3  (cost=0.43..10.24 rows=90 width=4)
	  Index Cond: ((id >= 3689661) AND (id <= 3689761))

table 4 : explain SELECT id FROM sbtest4 WHERE id BETWEEN 3689661 AND 3689761
	Index Only Scan using sbtest4_pkey on sbtest4  (cost=0.43..6.51 rows=104 width=4)
	  Index Cond: ((id >= 3689661) AND (id <= 3689761))

table 5 : explain SELECT id FROM sbtest5 WHERE id BETWEEN 3689661 AND 3689761
	Index Only Scan using sbtest5_pkey on sbtest5  (cost=0.43..6.43 rows=100 width=4)
	  Index Cond: ((id >= 3689661) AND (id <= 3689761))

table 6 : explain SELECT id FROM sbtest6 WHERE id BETWEEN 3689661 AND 3689761
	Index Only Scan using sbtest6_pkey on sbtest6  (cost=0.43..10.42 rows=99 width=4)
	  Index Cond: ((id >= 3689661) AND (id <= 3689761))

table 7 : explain SELECT id FROM sbtest7 WHERE id BETWEEN 3689661 AND 3689761
	Index Only Scan using sbtest7_pkey on sbtest7  (cost=0.43..10.54 rows=105 width=4)
	  Index Cond: ((id >= 3689661) AND (id <= 3689761))

table 8 : explain SELECT id FROM sbtest8 WHERE id BETWEEN 3689661 AND 3689761
	Index Only Scan using sbtest8_pkey on sbtest8  (cost=0.43..6.51 rows=104 width=4)
	  Index Cond: ((id >= 3689661) AND (id <= 3689761))

for range-covered
table 1 : explain SELECT id FROM sbtest1 WHERE id BETWEEN 2949629 AND 2949729
	Index Only Scan using sbtest1_pkey on sbtest1  (cost=0.43..6.47 rows=102 width=4)
	  Index Cond: ((id >= 2949629) AND (id <= 2949729))

table 2 : explain SELECT id FROM sbtest2 WHERE id BETWEEN 2949629 AND 2949729
	Index Only Scan using sbtest2_pkey on sbtest2  (cost=0.43..6.50 rows=103 width=4)
	  Index Cond: ((id >= 2949629) AND (id <= 2949729))

table 3 : explain SELECT id FROM sbtest3 WHERE id BETWEEN 2949629 AND 2949729
	Index Only Scan using sbtest3_pkey on sbtest3  (cost=0.43..10.63 rows=110 width=4)
	  Index Cond: ((id >= 2949629) AND (id <= 2949729))

table 4 : explain SELECT id FROM sbtest4 WHERE id BETWEEN 2949629 AND 2949729
	Index Only Scan using sbtest4_pkey on sbtest4  (cost=0.43..6.32 rows=94 width=4)
	  Index Cond: ((id >= 2949629) AND (id <= 2949729))

table 5 : explain SELECT id FROM sbtest5 WHERE id BETWEEN 2949629 AND 2949729
	Index Only Scan using sbtest5_pkey on sbtest5  (cost=0.43..6.42 rows=99 width=4)
	  Index Cond: ((id >= 2949629) AND (id <= 2949729))

table 6 : explain SELECT id FROM sbtest6 WHERE id BETWEEN 2949629 AND 2949729
	Index Only Scan using sbtest6_pkey on sbtest6  (cost=0.43..10.60 rows=108 width=4)
	  Index Cond: ((id >= 2949629) AND (id <= 2949729))

table 7 : explain SELECT id FROM sbtest7 WHERE id BETWEEN 2949629 AND 2949729
	Index Only Scan using sbtest7_pkey on sbtest7  (cost=0.43..10.72 rows=114 width=4)
	  Index Cond: ((id >= 2949629) AND (id <= 2949729))

table 8 : explain SELECT id FROM sbtest8 WHERE id BETWEEN 2949629 AND 2949729
	Index Only Scan using sbtest8_pkey on sbtest8  (cost=0.43..6.37 rows=97 width=4)
	  Index Cond: ((id >= 2949629) AND (id <= 2949729))

explain: for range-covered :: explain SELECT id FROM sbtest%d WHERE id BETWEEN 3689661 AND 3689761
explain: for range-covered :: explain SELECT id FROM sbtest%d WHERE id BETWEEN 6450709 AND 6450809
explain: for range-covered :: explain SELECT id FROM sbtest%d WHERE id BETWEEN 2949629 AND 2949729
for range-covered
table 1 : explain SELECT id FROM sbtest1 WHERE id BETWEEN 2685812 AND 2685912
	Index Only Scan using sbtest1_pkey on sbtest1  (cost=0.43..6.43 rows=100 width=4)
	  Index Cond: ((id >= 2685812) AND (id <= 2685912))

table 2 : explain SELECT id FROM sbtest2 WHERE id BETWEEN 2685812 AND 2685912
	Index Only Scan using sbtest2_pkey on sbtest2  (cost=0.43..6.50 rows=103 width=4)
	  Index Cond: ((id >= 2685812) AND (id <= 2685912))

table 3 : explain SELECT id FROM sbtest3 WHERE id BETWEEN 2685812 AND 2685912
	Index Only Scan using sbtest3_pkey on sbtest3  (cost=0.43..10.56 rows=106 width=4)
	  Index Cond: ((id >= 2685812) AND (id <= 2685912))

table 4 : explain SELECT id FROM sbtest4 WHERE id BETWEEN 2685812 AND 2685912
	Index Only Scan using sbtest4_pkey on sbtest4  (cost=0.43..6.37 rows=97 width=4)
	  Index Cond: ((id >= 2685812) AND (id <= 2685912))

table 5 : explain SELECT id FROM sbtest5 WHERE id BETWEEN 2685812 AND 2685912
	Index Only Scan using sbtest5_pkey on sbtest5  (cost=0.43..6.47 rows=102 width=4)
	  Index Cond: ((id >= 2685812) AND (id <= 2685912))

table 6 : explain SELECT id FROM sbtest6 WHERE id BETWEEN 2685812 AND 2685912
	Index Only Scan using sbtest6_pkey on sbtest6  (cost=0.43..10.54 rows=105 width=4)
	  Index Cond: ((id >= 2685812) AND (id <= 2685912))

table 7 : explain SELECT id FROM sbtest7 WHERE id BETWEEN 2685812 AND 2685912
	Index Only Scan using sbtest7_pkey on sbtest7  (cost=0.43..10.56 rows=106 width=4)
	  Index Cond: ((id >= 2685812) AND (id <= 2685912))

table 8 : explain SELECT id FROM sbtest8 WHERE id BETWEEN 2685812 AND 2685912
	Index Only Scan using sbtest8_pkey on sbtest8  (cost=0.43..6.45 rows=101 width=4)
	  Index Cond: ((id >= 2685812) AND (id <= 2685912))

for range-covered
table 1 : explain SELECT id FROM sbtest1 WHERE id BETWEEN 6097386 AND 6097486
	Index Only Scan using sbtest1_pkey on sbtest1  (cost=0.43..6.37 rows=97 width=4)
	  Index Cond: ((id >= 6097386) AND (id <= 6097486))

table 2 : explain SELECT id FROM sbtest2 WHERE id BETWEEN 6097386 AND 6097486
	Index Only Scan using sbtest2_pkey on sbtest2  (cost=0.43..6.43 rows=100 width=4)
	  Index Cond: ((id >= 6097386) AND (id <= 6097486))

table 3 : explain SELECT id FROM sbtest3 WHERE id BETWEEN 6097386 AND 6097486
	Index Only Scan using sbtest3_pkey on sbtest3  (cost=0.43..10.38 rows=97 width=4)
	  Index Cond: ((id >= 6097386) AND (id <= 6097486))

table 4 : explain SELECT id FROM sbtest4 WHERE id BETWEEN 6097386 AND 6097486
	Index Only Scan using sbtest4_pkey on sbtest4  (cost=0.43..6.47 rows=102 width=4)
	  Index Cond: ((id >= 6097386) AND (id <= 6097486))

table 5 : explain SELECT id FROM sbtest5 WHERE id BETWEEN 6097386 AND 6097486
	Index Only Scan using sbtest5_pkey on sbtest5  (cost=0.43..6.69 rows=113 width=4)
	  Index Cond: ((id >= 6097386) AND (id <= 6097486))

table 6 : explain SELECT id FROM sbtest6 WHERE id BETWEEN 6097386 AND 6097486
	Index Only Scan using sbtest6_pkey on sbtest6  (cost=0.43..10.29 rows=93 width=4)
	  Index Cond: ((id >= 6097386) AND (id <= 6097486))

table 7 : explain SELECT id FROM sbtest7 WHERE id BETWEEN 6097386 AND 6097486
	Index Only Scan using sbtest7_pkey on sbtest7  (cost=0.43..10.32 rows=94 width=4)
	  Index Cond: ((id >= 6097386) AND (id <= 6097486))

table 8 : explain SELECT id FROM sbtest8 WHERE id BETWEEN 6097386 AND 6097486
	Index Only Scan using sbtest8_pkey on sbtest8  (cost=0.43..6.40 rows=98 width=4)
	  Index Cond: ((id >= 6097386) AND (id <= 6097486))

for range-covered
table 1 : explain SELECT id FROM sbtest1 WHERE id BETWEEN 1760038 AND 1760138
	Index Only Scan using sbtest1_pkey on sbtest1  (cost=0.43..6.45 rows=101 width=4)
	  Index Cond: ((id >= 1760038) AND (id <= 1760138))

table 2 : explain SELECT id FROM sbtest2 WHERE id BETWEEN 1760038 AND 1760138
	Index Only Scan using sbtest2_pkey on sbtest2  (cost=0.43..6.43 rows=100 width=4)
	  Index Cond: ((id >= 1760038) AND (id <= 1760138))

table 3 : explain SELECT id FROM sbtest3 WHERE id BETWEEN 1760038 AND 1760138
	Index Only Scan using sbtest3_pkey on sbtest3  (cost=0.43..10.44 rows=100 width=4)
	  Index Cond: ((id >= 1760038) AND (id <= 1760138))

table 4 : explain SELECT id FROM sbtest4 WHERE id BETWEEN 1760038 AND 1760138
	Index Only Scan using sbtest4_pkey on sbtest4  (cost=0.43..6.56 rows=106 width=4)
	  Index Cond: ((id >= 1760038) AND (id <= 1760138))

table 5 : explain SELECT id FROM sbtest5 WHERE id BETWEEN 1760038 AND 1760138
	Index Only Scan using sbtest5_pkey on sbtest5  (cost=0.43..6.56 rows=106 width=4)
	  Index Cond: ((id >= 1760038) AND (id <= 1760138))

table 6 : explain SELECT id FROM sbtest6 WHERE id BETWEEN 1760038 AND 1760138
	Index Only Scan using sbtest6_pkey on sbtest6  (cost=0.43..10.20 rows=88 width=4)
	  Index Cond: ((id >= 1760038) AND (id <= 1760138))

table 7 : explain SELECT id FROM sbtest7 WHERE id BETWEEN 1760038 AND 1760138
	Index Only Scan using sbtest7_pkey on sbtest7  (cost=0.43..10.83 rows=120 width=4)
	  Index Cond: ((id >= 1760038) AND (id <= 1760138))

table 8 : explain SELECT id FROM sbtest8 WHERE id BETWEEN 1760038 AND 1760138
	Index Only Scan using sbtest8_pkey on sbtest8  (cost=0.43..6.42 rows=99 width=4)
	  Index Cond: ((id >= 1760038) AND (id <= 1760138))

explain: for range-covered :: explain SELECT id FROM sbtest%d WHERE id BETWEEN 6097386 AND 6097486
for range-covered
table 1 : explain SELECT id FROM sbtest1 WHERE id BETWEEN 3689661 AND 3689761
	Index Only Scan using sbtest1_pkey on sbtest1  (cost=0.43..6.35 rows=96 width=4)
	  Index Cond: ((id >= 3689661) AND (id <= 3689761))

table 2 : explain SELECT id FROM sbtest2 WHERE id BETWEEN 3689661 AND 3689761
	Index Only Scan using sbtest2_pkey on sbtest2  (cost=0.43..6.61 rows=109 width=4)
	  Index Cond: ((id >= 3689661) AND (id <= 3689761))

table 3 : explain SELECT id FROM sbtest3 WHERE id BETWEEN 3689661 AND 3689761
	Index Only Scan using sbtest3_pkey on sbtest3  (cost=0.43..10.24 rows=90 width=4)
	  Index Cond: ((id >= 3689661) AND (id <= 3689761))

table 4 : explain SELECT id FROM sbtest4 WHERE id BETWEEN 3689661 AND 3689761
	Index Only Scan using sbtest4_pkey on sbtest4  (cost=0.43..6.51 rows=104 width=4)
	  Index Cond: ((id >= 3689661) AND (id <= 3689761))

table 5 : explain SELECT id FROM sbtest5 WHERE id BETWEEN 3689661 AND 3689761
	Index Only Scan using sbtest5_pkey on sbtest5  (cost=0.43..6.43 rows=100 width=4)
	  Index Cond: ((id >= 3689661) AND (id <= 3689761))

table 6 : explain SELECT id FROM sbtest6 WHERE id BETWEEN 3689661 AND 3689761
	Index Only Scan using sbtest6_pkey on sbtest6  (cost=0.43..10.42 rows=99 width=4)
	  Index Cond: ((id >= 3689661) AND (id <= 3689761))

table 7 : explain SELECT id FROM sbtest7 WHERE id BETWEEN 3689661 AND 3689761
	Index Only Scan using sbtest7_pkey on sbtest7  (cost=0.43..10.54 rows=105 width=4)
	  Index Cond: ((id >= 3689661) AND (id <= 3689761))

table 8 : explain SELECT id FROM sbtest8 WHERE id BETWEEN 3689661 AND 3689761
	Index Only Scan using sbtest8_pkey on sbtest8  (cost=0.43..6.51 rows=104 width=4)
	  Index Cond: ((id >= 3689661) AND (id <= 3689761))

for range-covered
table 1 : explain SELECT id FROM sbtest1 WHERE id BETWEEN 2949629 AND 2949729
	Index Only Scan using sbtest1_pkey on sbtest1  (cost=0.43..6.47 rows=102 width=4)
	  Index Cond: ((id >= 2949629) AND (id <= 2949729))

table 2 : explain SELECT id FROM sbtest2 WHERE id BETWEEN 2949629 AND 2949729
	Index Only Scan using sbtest2_pkey on sbtest2  (cost=0.43..6.50 rows=103 width=4)
	  Index Cond: ((id >= 2949629) AND (id <= 2949729))

table 3 : explain SELECT id FROM sbtest3 WHERE id BETWEEN 2949629 AND 2949729
	Index Only Scan using sbtest3_pkey on sbtest3  (cost=0.43..10.63 rows=110 width=4)
	  Index Cond: ((id >= 2949629) AND (id <= 2949729))

table 4 : explain SELECT id FROM sbtest4 WHERE id BETWEEN 2949629 AND 2949729
	Index Only Scan using sbtest4_pkey on sbtest4  (cost=0.43..6.32 rows=94 width=4)
	  Index Cond: ((id >= 2949629) AND (id <= 2949729))

table 5 : explain SELECT id FROM sbtest5 WHERE id BETWEEN 2949629 AND 2949729
	Index Only Scan using sbtest5_pkey on sbtest5  (cost=0.43..6.42 rows=99 width=4)
	  Index Cond: ((id >= 2949629) AND (id <= 2949729))

table 6 : explain SELECT id FROM sbtest6 WHERE id BETWEEN 2949629 AND 2949729
	Index Only Scan using sbtest6_pkey on sbtest6  (cost=0.43..10.60 rows=108 width=4)
	  Index Cond: ((id >= 2949629) AND (id <= 2949729))

table 7 : explain SELECT id FROM sbtest7 WHERE id BETWEEN 2949629 AND 2949729
	Index Only Scan using sbtest7_pkey on sbtest7  (cost=0.43..10.72 rows=114 width=4)
	  Index Cond: ((id >= 2949629) AND (id <= 2949729))

table 8 : explain SELECT id FROM sbtest8 WHERE id BETWEEN 2949629 AND 2949729
	Index Only Scan using sbtest8_pkey on sbtest8  (cost=0.43..6.37 rows=97 width=4)
	  Index Cond: ((id >= 2949629) AND (id <= 2949729))

explain: for range-covered :: explain SELECT id FROM sbtest%d WHERE id BETWEEN 3689661 AND 3689761
explain: for range-covered :: explain SELECT id FROM sbtest%d WHERE id BETWEEN 2949629 AND 2949729
for range-covered
table 1 : explain SELECT id FROM sbtest1 WHERE id BETWEEN 6450709 AND 6450809
	Index Only Scan using sbtest1_pkey on sbtest1  (cost=0.43..6.56 rows=106 width=4)
	  Index Cond: ((id >= 6450709) AND (id <= 6450809))

table 2 : explain SELECT id FROM sbtest2 WHERE id BETWEEN 6450709 AND 6450809
	Index Only Scan using sbtest2_pkey on sbtest2  (cost=0.43..6.27 rows=92 width=4)
	  Index Cond: ((id >= 6450709) AND (id <= 6450809))

table 3 : explain SELECT id FROM sbtest3 WHERE id BETWEEN 6450709 AND 6450809
	Index Only Scan using sbtest3_pkey on sbtest3  (cost=0.43..10.47 rows=102 width=4)
	  Index Cond: ((id >= 6450709) AND (id <= 6450809))

table 4 : explain SELECT id FROM sbtest4 WHERE id BETWEEN 6450709 AND 6450809
	Index Only Scan using sbtest4_pkey on sbtest4  (cost=0.43..6.51 rows=104 width=4)
	  Index Cond: ((id >= 6450709) AND (id <= 6450809))

table 5 : explain SELECT id FROM sbtest5 WHERE id BETWEEN 6450709 AND 6450809
	Index Only Scan using sbtest5_pkey on sbtest5  (cost=0.43..6.61 rows=109 width=4)
	  Index Cond: ((id >= 6450709) AND (id <= 6450809))

table 6 : explain SELECT id FROM sbtest6 WHERE id BETWEEN 6450709 AND 6450809
	Index Only Scan using sbtest6_pkey on sbtest6  (cost=0.43..10.38 rows=97 width=4)
	  Index Cond: ((id >= 6450709) AND (id <= 6450809))

table 7 : explain SELECT id FROM sbtest7 WHERE id BETWEEN 6450709 AND 6450809
	Index Only Scan using sbtest7_pkey on sbtest7  (cost=0.43..10.36 rows=96 width=4)
	  Index Cond: ((id >= 6450709) AND (id <= 6450809))

table 8 : explain SELECT id FROM sbtest8 WHERE id BETWEEN 6450709 AND 6450809
	Index Only Scan using sbtest8_pkey on sbtest8  (cost=0.43..6.53 rows=105 width=4)
	  Index Cond: ((id >= 6450709) AND (id <= 6450809))

for range-covered
table 1 : explain SELECT id FROM sbtest1 WHERE id BETWEEN 6016323 AND 6016423
	Index Only Scan using sbtest1_pkey on sbtest1  (cost=0.43..6.37 rows=97 width=4)
	  Index Cond: ((id >= 6016323) AND (id <= 6016423))

table 2 : explain SELECT id FROM sbtest2 WHERE id BETWEEN 6016323 AND 6016423
	Index Only Scan using sbtest2_pkey on sbtest2  (cost=0.43..6.43 rows=100 width=4)
	  Index Cond: ((id >= 6016323) AND (id <= 6016423))

table 3 : explain SELECT id FROM sbtest3 WHERE id BETWEEN 6016323 AND 6016423
	Index Only Scan using sbtest3_pkey on sbtest3  (cost=0.43..10.33 rows=95 width=4)
	  Index Cond: ((id >= 6016323) AND (id <= 6016423))

table 4 : explain SELECT id FROM sbtest4 WHERE id BETWEEN 6016323 AND 6016423
	Index Only Scan using sbtest4_pkey on sbtest4  (cost=0.43..6.47 rows=102 width=4)
	  Index Cond: ((id >= 6016323) AND (id <= 6016423))

table 5 : explain SELECT id FROM sbtest5 WHERE id BETWEEN 6016323 AND 6016423
	Index Only Scan using sbtest5_pkey on sbtest5  (cost=0.43..6.29 rows=93 width=4)
	  Index Cond: ((id >= 6016323) AND (id <= 6016423))

table 6 : explain SELECT id FROM sbtest6 WHERE id BETWEEN 6016323 AND 6016423
	Index Only Scan using sbtest6_pkey on sbtest6  (cost=0.43..10.29 rows=93 width=4)
	  Index Cond: ((id >= 6016323) AND (id <= 6016423))

table 7 : explain SELECT id FROM sbtest7 WHERE id BETWEEN 6016323 AND 6016423
	Index Only Scan using sbtest7_pkey on sbtest7  (cost=0.43..10.38 rows=97 width=4)
	  Index Cond: ((id >= 6016323) AND (id <= 6016423))

table 8 : explain SELECT id FROM sbtest8 WHERE id BETWEEN 6016323 AND 6016423
	Index Only Scan using sbtest8_pkey on sbtest8  (cost=0.43..6.53 rows=105 width=4)
	  Index Cond: ((id >= 6016323) AND (id <= 6016423))

explain: for range-covered :: explain SELECT id FROM sbtest%d WHERE id BETWEEN 6450709 AND 6450809
explain: for range-covered :: explain SELECT id FROM sbtest%d WHERE id BETWEEN 6016323 AND 6016423
for range-covered
table 1 : explain SELECT id FROM sbtest1 WHERE id BETWEEN 6097386 AND 6097486
	Index Only Scan using sbtest1_pkey on sbtest1  (cost=0.43..6.37 rows=97 width=4)
	  Index Cond: ((id >= 6097386) AND (id <= 6097486))

table 2 : explain SELECT id FROM sbtest2 WHERE id BETWEEN 6097386 AND 6097486
	Index Only Scan using sbtest2_pkey on sbtest2  (cost=0.43..6.43 rows=100 width=4)
	  Index Cond: ((id >= 6097386) AND (id <= 6097486))

table 3 : explain SELECT id FROM sbtest3 WHERE id BETWEEN 6097386 AND 6097486
	Index Only Scan using sbtest3_pkey on sbtest3  (cost=0.43..10.38 rows=97 width=4)
	  Index Cond: ((id >= 6097386) AND (id <= 6097486))

table 4 : explain SELECT id FROM sbtest4 WHERE id BETWEEN 6097386 AND 6097486
	Index Only Scan using sbtest4_pkey on sbtest4  (cost=0.43..6.47 rows=102 width=4)
	  Index Cond: ((id >= 6097386) AND (id <= 6097486))

table 5 : explain SELECT id FROM sbtest5 WHERE id BETWEEN 6097386 AND 6097486
	Index Only Scan using sbtest5_pkey on sbtest5  (cost=0.43..6.69 rows=113 width=4)
	  Index Cond: ((id >= 6097386) AND (id <= 6097486))

table 6 : explain SELECT id FROM sbtest6 WHERE id BETWEEN 6097386 AND 6097486
	Index Only Scan using sbtest6_pkey on sbtest6  (cost=0.43..10.29 rows=93 width=4)
	  Index Cond: ((id >= 6097386) AND (id <= 6097486))

table 7 : explain SELECT id FROM sbtest7 WHERE id BETWEEN 6097386 AND 6097486
	Index Only Scan using sbtest7_pkey on sbtest7  (cost=0.43..10.32 rows=94 width=4)
	  Index Cond: ((id >= 6097386) AND (id <= 6097486))

table 8 : explain SELECT id FROM sbtest8 WHERE id BETWEEN 6097386 AND 6097486
	Index Only Scan using sbtest8_pkey on sbtest8  (cost=0.43..6.40 rows=98 width=4)
	  Index Cond: ((id >= 6097386) AND (id <= 6097486))

explain: for range-covered :: explain SELECT id FROM sbtest%d WHERE id BETWEEN 6097386 AND 6097486
for range-covered
table 1 : explain SELECT id FROM sbtest1 WHERE id BETWEEN 2949629 AND 2949729
	Index Only Scan using sbtest1_pkey on sbtest1  (cost=0.43..6.47 rows=102 width=4)
	  Index Cond: ((id >= 2949629) AND (id <= 2949729))

table 2 : explain SELECT id FROM sbtest2 WHERE id BETWEEN 2949629 AND 2949729
	Index Only Scan using sbtest2_pkey on sbtest2  (cost=0.43..6.50 rows=103 width=4)
	  Index Cond: ((id >= 2949629) AND (id <= 2949729))

table 3 : explain SELECT id FROM sbtest3 WHERE id BETWEEN 2949629 AND 2949729
	Index Only Scan using sbtest3_pkey on sbtest3  (cost=0.43..10.63 rows=110 width=4)
	  Index Cond: ((id >= 2949629) AND (id <= 2949729))

table 4 : explain SELECT id FROM sbtest4 WHERE id BETWEEN 2949629 AND 2949729
	Index Only Scan using sbtest4_pkey on sbtest4  (cost=0.43..6.32 rows=94 width=4)
	  Index Cond: ((id >= 2949629) AND (id <= 2949729))

table 5 : explain SELECT id FROM sbtest5 WHERE id BETWEEN 2949629 AND 2949729
	Index Only Scan using sbtest5_pkey on sbtest5  (cost=0.43..6.42 rows=99 width=4)
	  Index Cond: ((id >= 2949629) AND (id <= 2949729))

table 6 : explain SELECT id FROM sbtest6 WHERE id BETWEEN 2949629 AND 2949729
	Index Only Scan using sbtest6_pkey on sbtest6  (cost=0.43..10.60 rows=108 width=4)
	  Index Cond: ((id >= 2949629) AND (id <= 2949729))

table 7 : explain SELECT id FROM sbtest7 WHERE id BETWEEN 2949629 AND 2949729
	Index Only Scan using sbtest7_pkey on sbtest7  (cost=0.43..10.72 rows=114 width=4)
	  Index Cond: ((id >= 2949629) AND (id <= 2949729))

table 8 : explain SELECT id FROM sbtest8 WHERE id BETWEEN 2949629 AND 2949729
	Index Only Scan using sbtest8_pkey on sbtest8  (cost=0.43..6.37 rows=97 width=4)
	  Index Cond: ((id >= 2949629) AND (id <= 2949729))

for range-covered
table 1 : explain SELECT id FROM sbtest1 WHERE id BETWEEN 3689661 AND 3689761
	Index Only Scan using sbtest1_pkey on sbtest1  (cost=0.43..6.35 rows=96 width=4)
	  Index Cond: ((id >= 3689661) AND (id <= 3689761))

table 2 : explain SELECT id FROM sbtest2 WHERE id BETWEEN 3689661 AND 3689761
	Index Only Scan using sbtest2_pkey on sbtest2  (cost=0.43..6.61 rows=109 width=4)
	  Index Cond: ((id >= 3689661) AND (id <= 3689761))

table 3 : explain SELECT id FROM sbtest3 WHERE id BETWEEN 3689661 AND 3689761
	Index Only Scan using sbtest3_pkey on sbtest3  (cost=0.43..10.24 rows=90 width=4)
	  Index Cond: ((id >= 3689661) AND (id <= 3689761))

table 4 : explain SELECT id FROM sbtest4 WHERE id BETWEEN 3689661 AND 3689761
	Index Only Scan using sbtest4_pkey on sbtest4  (cost=0.43..6.51 rows=104 width=4)
	  Index Cond: ((id >= 3689661) AND (id <= 3689761))

table 5 : explain SELECT id FROM sbtest5 WHERE id BETWEEN 3689661 AND 3689761
	Index Only Scan using sbtest5_pkey on sbtest5  (cost=0.43..6.43 rows=100 width=4)
	  Index Cond: ((id >= 3689661) AND (id <= 3689761))

table 6 : explain SELECT id FROM sbtest6 WHERE id BETWEEN 3689661 AND 3689761
	Index Only Scan using sbtest6_pkey on sbtest6  (cost=0.43..10.42 rows=99 width=4)
	  Index Cond: ((id >= 3689661) AND (id <= 3689761))

table 7 : explain SELECT id FROM sbtest7 WHERE id BETWEEN 3689661 AND 3689761
	Index Only Scan using sbtest7_pkey on sbtest7  (cost=0.43..10.54 rows=105 width=4)
	  Index Cond: ((id >= 3689661) AND (id <= 3689761))

table 8 : explain SELECT id FROM sbtest8 WHERE id BETWEEN 3689661 AND 3689761
	Index Only Scan using sbtest8_pkey on sbtest8  (cost=0.43..6.51 rows=104 width=4)
	  Index Cond: ((id >= 3689661) AND (id <= 3689761))

explain: for range-covered :: explain SELECT id FROM sbtest%d WHERE id BETWEEN 2949629 AND 2949729
for range-covered
table 1 : explain SELECT id FROM sbtest1 WHERE id BETWEEN 6450709 AND 6450809
	Index Only Scan using sbtest1_pkey on sbtest1  (cost=0.43..6.56 rows=106 width=4)
	  Index Cond: ((id >= 6450709) AND (id <= 6450809))

table 2 : explain SELECT id FROM sbtest2 WHERE id BETWEEN 6450709 AND 6450809
	Index Only Scan using sbtest2_pkey on sbtest2  (cost=0.43..6.27 rows=92 width=4)
	  Index Cond: ((id >= 6450709) AND (id <= 6450809))

table 3 : explain SELECT id FROM sbtest3 WHERE id BETWEEN 6450709 AND 6450809
	Index Only Scan using sbtest3_pkey on sbtest3  (cost=0.43..10.47 rows=102 width=4)
	  Index Cond: ((id >= 6450709) AND (id <= 6450809))

table 4 : explain SELECT id FROM sbtest4 WHERE id BETWEEN 6450709 AND 6450809
	Index Only Scan using sbtest4_pkey on sbtest4  (cost=0.43..6.51 rows=104 width=4)
	  Index Cond: ((id >= 6450709) AND (id <= 6450809))

table 5 : explain SELECT id FROM sbtest5 WHERE id BETWEEN 6450709 AND 6450809
	Index Only Scan using sbtest5_pkey on sbtest5  (cost=0.43..6.61 rows=109 width=4)
	  Index Cond: ((id >= 6450709) AND (id <= 6450809))

table 6 : explain SELECT id FROM sbtest6 WHERE id BETWEEN 6450709 AND 6450809
	Index Only Scan using sbtest6_pkey on sbtest6  (cost=0.43..10.38 rows=97 width=4)
	  Index Cond: ((id >= 6450709) AND (id <= 6450809))

table 7 : explain SELECT id FROM sbtest7 WHERE id BETWEEN 6450709 AND 6450809
	Index Only Scan using sbtest7_pkey on sbtest7  (cost=0.43..10.36 rows=96 width=4)
	  Index Cond: ((id >= 6450709) AND (id <= 6450809))

table 8 : explain SELECT id FROM sbtest8 WHERE id BETWEEN 6450709 AND 6450809
	Index Only Scan using sbtest8_pkey on sbtest8  (cost=0.43..6.53 rows=105 width=4)
	  Index Cond: ((id >= 6450709) AND (id <= 6450809))

explain: for range-covered :: explain SELECT id FROM sbtest%d WHERE id BETWEEN 6450709 AND 6450809
for range-covered
table 1 : explain SELECT id FROM sbtest1 WHERE id BETWEEN 6016323 AND 6016423
	Index Only Scan using sbtest1_pkey on sbtest1  (cost=0.43..6.37 rows=97 width=4)
	  Index Cond: ((id >= 6016323) AND (id <= 6016423))

table 2 : explain SELECT id FROM sbtest2 WHERE id BETWEEN 6016323 AND 6016423
	Index Only Scan using sbtest2_pkey on sbtest2  (cost=0.43..6.43 rows=100 width=4)
	  Index Cond: ((id >= 6016323) AND (id <= 6016423))

table 3 : explain SELECT id FROM sbtest3 WHERE id BETWEEN 6016323 AND 6016423
	Index Only Scan using sbtest3_pkey on sbtest3  (cost=0.43..10.33 rows=95 width=4)
	  Index Cond: ((id >= 6016323) AND (id <= 6016423))

table 4 : explain SELECT id FROM sbtest4 WHERE id BETWEEN 6016323 AND 6016423
	Index Only Scan using sbtest4_pkey on sbtest4  (cost=0.43..6.47 rows=102 width=4)
	  Index Cond: ((id >= 6016323) AND (id <= 6016423))

table 5 : explain SELECT id FROM sbtest5 WHERE id BETWEEN 6016323 AND 6016423
	Index Only Scan using sbtest5_pkey on sbtest5  (cost=0.43..6.29 rows=93 width=4)
	  Index Cond: ((id >= 6016323) AND (id <= 6016423))

table 6 : explain SELECT id FROM sbtest6 WHERE id BETWEEN 6016323 AND 6016423
	Index Only Scan using sbtest6_pkey on sbtest6  (cost=0.43..10.29 rows=93 width=4)
	  Index Cond: ((id >= 6016323) AND (id <= 6016423))

table 7 : explain SELECT id FROM sbtest7 WHERE id BETWEEN 6016323 AND 6016423
	Index Only Scan using sbtest7_pkey on sbtest7  (cost=0.43..10.38 rows=97 width=4)
	  Index Cond: ((id >= 6016323) AND (id <= 6016423))

table 8 : explain SELECT id FROM sbtest8 WHERE id BETWEEN 6016323 AND 6016423
	Index Only Scan using sbtest8_pkey on sbtest8  (cost=0.43..6.53 rows=105 width=4)
	  Index Cond: ((id >= 6016323) AND (id <= 6016423))

for range-covered
table 1 : explain SELECT id FROM sbtest1 WHERE id BETWEEN 5387296 AND 5387396
	Index Only Scan using sbtest1_pkey on sbtest1  (cost=0.43..6.45 rows=101 width=4)
	  Index Cond: ((id >= 5387296) AND (id <= 5387396))

table 2 : explain SELECT id FROM sbtest2 WHERE id BETWEEN 5387296 AND 5387396
	Index Only Scan using sbtest2_pkey on sbtest2  (cost=0.43..6.45 rows=101 width=4)
	  Index Cond: ((id >= 5387296) AND (id <= 5387396))

table 3 : explain SELECT id FROM sbtest3 WHERE id BETWEEN 5387296 AND 5387396
	Index Only Scan using sbtest3_pkey on sbtest3  (cost=0.43..10.42 rows=99 width=4)
	  Index Cond: ((id >= 5387296) AND (id <= 5387396))

table 4 : explain SELECT id FROM sbtest4 WHERE id BETWEEN 5387296 AND 5387396
	Index Only Scan using sbtest4_pkey on sbtest4  (cost=0.43..6.72 rows=114 width=4)
	  Index Cond: ((id >= 5387296) AND (id <= 5387396))

table 5 : explain SELECT id FROM sbtest5 WHERE id BETWEEN 5387296 AND 5387396
	Index Only Scan using sbtest5_pkey on sbtest5  (cost=0.43..6.53 rows=105 width=4)
	  Index Cond: ((id >= 5387296) AND (id <= 5387396))

table 6 : explain SELECT id FROM sbtest6 WHERE id BETWEEN 5387296 AND 5387396
	Index Only Scan using sbtest6_pkey on sbtest6  (cost=0.43..10.32 rows=94 width=4)
	  Index Cond: ((id >= 5387296) AND (id <= 5387396))

table 7 : explain SELECT id FROM sbtest7 WHERE id BETWEEN 5387296 AND 5387396
	Index Only Scan using sbtest7_pkey on sbtest7  (cost=0.43..10.40 rows=98 width=4)
	  Index Cond: ((id >= 5387296) AND (id <= 5387396))

table 8 : explain SELECT id FROM sbtest8 WHERE id BETWEEN 5387296 AND 5387396
	Index Only Scan using sbtest8_pkey on sbtest8  (cost=0.43..6.27 rows=92 width=4)
	  Index Cond: ((id >= 5387296) AND (id <= 5387396))
explain: for range-covered :: explain SELECT id FROM sbtest%d WHERE id BETWEEN 6016323 AND 6016423

for range-covered
table 1 : explain SELECT id FROM sbtest1 WHERE id BETWEEN 6097386 AND 6097486
	Index Only Scan using sbtest1_pkey on sbtest1  (cost=0.43..6.37 rows=97 width=4)
	  Index Cond: ((id >= 6097386) AND (id <= 6097486))

table 2 : explain SELECT id FROM sbtest2 WHERE id BETWEEN 6097386 AND 6097486
	Index Only Scan using sbtest2_pkey on sbtest2  (cost=0.43..6.43 rows=100 width=4)
	  Index Cond: ((id >= 6097386) AND (id <= 6097486))

table 3 : explain SELECT id FROM sbtest3 WHERE id BETWEEN 6097386 AND 6097486
	Index Only Scan using sbtest3_pkey on sbtest3  (cost=0.43..10.38 rows=97 width=4)
	  Index Cond: ((id >= 6097386) AND (id <= 6097486))

table 4 : explain SELECT id FROM sbtest4 WHERE id BETWEEN 6097386 AND 6097486
	Index Only Scan using sbtest4_pkey on sbtest4  (cost=0.43..6.47 rows=102 width=4)
	  Index Cond: ((id >= 6097386) AND (id <= 6097486))

table 5 : explain SELECT id FROM sbtest5 WHERE id BETWEEN 6097386 AND 6097486
	Index Only Scan using sbtest5_pkey on sbtest5  (cost=0.43..6.69 rows=113 width=4)
	  Index Cond: ((id >= 6097386) AND (id <= 6097486))

table 6 : explain SELECT id FROM sbtest6 WHERE id BETWEEN 6097386 AND 6097486
	Index Only Scan using sbtest6_pkey on sbtest6  (cost=0.43..10.29 rows=93 width=4)
	  Index Cond: ((id >= 6097386) AND (id <= 6097486))

table 7 : explain SELECT id FROM sbtest7 WHERE id BETWEEN 6097386 AND 6097486
	Index Only Scan using sbtest7_pkey on sbtest7  (cost=0.43..10.32 rows=94 width=4)
	  Index Cond: ((id >= 6097386) AND (id <= 6097486))

table 8 : explain SELECT id FROM sbtest8 WHERE id BETWEEN 6097386 AND 6097486
	Index Only Scan using sbtest8_pkey on sbtest8  (cost=0.43..6.40 rows=98 width=4)
	  Index Cond: ((id >= 6097386) AND (id <= 6097486))

explain: for range-covered :: explain SELECT id FROM sbtest%d WHERE id BETWEEN 5387296 AND 5387396
explain: for range-covered :: explain SELECT id FROM sbtest%d WHERE id BETWEEN 6097386 AND 6097486
for range-covered
table 1 : explain SELECT id FROM sbtest1 WHERE id BETWEEN 2949629 AND 2949729
	Index Only Scan using sbtest1_pkey on sbtest1  (cost=0.43..6.47 rows=102 width=4)
	  Index Cond: ((id >= 2949629) AND (id <= 2949729))

table 2 : explain SELECT id FROM sbtest2 WHERE id BETWEEN 2949629 AND 2949729
	Index Only Scan using sbtest2_pkey on sbtest2  (cost=0.43..6.50 rows=103 width=4)
	  Index Cond: ((id >= 2949629) AND (id <= 2949729))

table 3 : explain SELECT id FROM sbtest3 WHERE id BETWEEN 2949629 AND 2949729
	Index Only Scan using sbtest3_pkey on sbtest3  (cost=0.43..10.63 rows=110 width=4)
	  Index Cond: ((id >= 2949629) AND (id <= 2949729))

table 4 : explain SELECT id FROM sbtest4 WHERE id BETWEEN 2949629 AND 2949729
	Index Only Scan using sbtest4_pkey on sbtest4  (cost=0.43..6.32 rows=94 width=4)
	  Index Cond: ((id >= 2949629) AND (id <= 2949729))

table 5 : explain SELECT id FROM sbtest5 WHERE id BETWEEN 2949629 AND 2949729
	Index Only Scan using sbtest5_pkey on sbtest5  (cost=0.43..6.42 rows=99 width=4)
	  Index Cond: ((id >= 2949629) AND (id <= 2949729))

table 6 : explain SELECT id FROM sbtest6 WHERE id BETWEEN 2949629 AND 2949729
	Index Only Scan using sbtest6_pkey on sbtest6  (cost=0.43..10.60 rows=108 width=4)
	  Index Cond: ((id >= 2949629) AND (id <= 2949729))

table 7 : explain SELECT id FROM sbtest7 WHERE id BETWEEN 2949629 AND 2949729
	Index Only Scan using sbtest7_pkey on sbtest7  (cost=0.43..10.72 rows=114 width=4)
	  Index Cond: ((id >= 2949629) AND (id <= 2949729))

table 8 : explain SELECT id FROM sbtest8 WHERE id BETWEEN 2949629 AND 2949729
	Index Only Scan using sbtest8_pkey on sbtest8  (cost=0.43..6.37 rows=97 width=4)
	  Index Cond: ((id >= 2949629) AND (id <= 2949729))

explain: for range-covered :: explain SELECT id FROM sbtest%d WHERE id BETWEEN 2949629 AND 2949729
for range-covered
table 1 : explain SELECT id FROM sbtest1 WHERE id BETWEEN 6450709 AND 6450809
	Index Only Scan using sbtest1_pkey on sbtest1  (cost=0.43..6.56 rows=106 width=4)
	  Index Cond: ((id >= 6450709) AND (id <= 6450809))

table 2 : explain SELECT id FROM sbtest2 WHERE id BETWEEN 6450709 AND 6450809
	Index Only Scan using sbtest2_pkey on sbtest2  (cost=0.43..6.27 rows=92 width=4)
	  Index Cond: ((id >= 6450709) AND (id <= 6450809))

table 3 : explain SELECT id FROM sbtest3 WHERE id BETWEEN 6450709 AND 6450809
	Index Only Scan using sbtest3_pkey on sbtest3  (cost=0.43..10.47 rows=102 width=4)
	  Index Cond: ((id >= 6450709) AND (id <= 6450809))

table 4 : explain SELECT id FROM sbtest4 WHERE id BETWEEN 6450709 AND 6450809
	Index Only Scan using sbtest4_pkey on sbtest4  (cost=0.43..6.51 rows=104 width=4)
	  Index Cond: ((id >= 6450709) AND (id <= 6450809))

table 5 : explain SELECT id FROM sbtest5 WHERE id BETWEEN 6450709 AND 6450809
	Index Only Scan using sbtest5_pkey on sbtest5  (cost=0.43..6.61 rows=109 width=4)
	  Index Cond: ((id >= 6450709) AND (id <= 6450809))

table 6 : explain SELECT id FROM sbtest6 WHERE id BETWEEN 6450709 AND 6450809
	Index Only Scan using sbtest6_pkey on sbtest6  (cost=0.43..10.38 rows=97 width=4)
	  Index Cond: ((id >= 6450709) AND (id <= 6450809))

table 7 : explain SELECT id FROM sbtest7 WHERE id BETWEEN 6450709 AND 6450809
	Index Only Scan using sbtest7_pkey on sbtest7  (cost=0.43..10.36 rows=96 width=4)
	  Index Cond: ((id >= 6450709) AND (id <= 6450809))

table 8 : explain SELECT id FROM sbtest8 WHERE id BETWEEN 6450709 AND 6450809
	Index Only Scan using sbtest8_pkey on sbtest8  (cost=0.43..6.53 rows=105 width=4)
	  Index Cond: ((id >= 6450709) AND (id <= 6450809))

explain: for range-covered :: explain SELECT id FROM sbtest%d WHERE id BETWEEN 6450709 AND 6450809
for range-covered
table 1 : explain SELECT id FROM sbtest1 WHERE id BETWEEN 6016323 AND 6016423
	Index Only Scan using sbtest1_pkey on sbtest1  (cost=0.43..6.37 rows=97 width=4)
	  Index Cond: ((id >= 6016323) AND (id <= 6016423))

table 2 : explain SELECT id FROM sbtest2 WHERE id BETWEEN 6016323 AND 6016423
	Index Only Scan using sbtest2_pkey on sbtest2  (cost=0.43..6.43 rows=100 width=4)
	  Index Cond: ((id >= 6016323) AND (id <= 6016423))

table 3 : explain SELECT id FROM sbtest3 WHERE id BETWEEN 6016323 AND 6016423
	Index Only Scan using sbtest3_pkey on sbtest3  (cost=0.43..10.33 rows=95 width=4)
	  Index Cond: ((id >= 6016323) AND (id <= 6016423))

table 4 : explain SELECT id FROM sbtest4 WHERE id BETWEEN 6016323 AND 6016423
	Index Only Scan using sbtest4_pkey on sbtest4  (cost=0.43..6.47 rows=102 width=4)
	  Index Cond: ((id >= 6016323) AND (id <= 6016423))

table 5 : explain SELECT id FROM sbtest5 WHERE id BETWEEN 6016323 AND 6016423
	Index Only Scan using sbtest5_pkey on sbtest5  (cost=0.43..6.29 rows=93 width=4)
	  Index Cond: ((id >= 6016323) AND (id <= 6016423))

table 6 : explain SELECT id FROM sbtest6 WHERE id BETWEEN 6016323 AND 6016423
	Index Only Scan using sbtest6_pkey on sbtest6  (cost=0.43..10.29 rows=93 width=4)
	  Index Cond: ((id >= 6016323) AND (id <= 6016423))

table 7 : explain SELECT id FROM sbtest7 WHERE id BETWEEN 6016323 AND 6016423
	Index Only Scan using sbtest7_pkey on sbtest7  (cost=0.43..10.38 rows=97 width=4)
	  Index Cond: ((id >= 6016323) AND (id <= 6016423))

table 8 : explain SELECT id FROM sbtest8 WHERE id BETWEEN 6016323 AND 6016423
	Index Only Scan using sbtest8_pkey on sbtest8  (cost=0.43..6.53 rows=105 width=4)
	  Index Cond: ((id >= 6016323) AND (id <= 6016423))

explain: for range-covered :: explain SELECT id FROM sbtest%d WHERE id BETWEEN 6016323 AND 6016423
for range-covered
table 1 : explain SELECT id FROM sbtest1 WHERE id BETWEEN 6097386 AND 6097486
	Index Only Scan using sbtest1_pkey on sbtest1  (cost=0.43..6.37 rows=97 width=4)
	  Index Cond: ((id >= 6097386) AND (id <= 6097486))

table 2 : explain SELECT id FROM sbtest2 WHERE id BETWEEN 6097386 AND 6097486
	Index Only Scan using sbtest2_pkey on sbtest2  (cost=0.43..6.43 rows=100 width=4)
	  Index Cond: ((id >= 6097386) AND (id <= 6097486))

table 3 : explain SELECT id FROM sbtest3 WHERE id BETWEEN 6097386 AND 6097486
	Index Only Scan using sbtest3_pkey on sbtest3  (cost=0.43..10.38 rows=97 width=4)
	  Index Cond: ((id >= 6097386) AND (id <= 6097486))

table 4 : explain SELECT id FROM sbtest4 WHERE id BETWEEN 6097386 AND 6097486
	Index Only Scan using sbtest4_pkey on sbtest4  (cost=0.43..6.47 rows=102 width=4)
	  Index Cond: ((id >= 6097386) AND (id <= 6097486))

table 5 : explain SELECT id FROM sbtest5 WHERE id BETWEEN 6097386 AND 6097486
	Index Only Scan using sbtest5_pkey on sbtest5  (cost=0.43..6.69 rows=113 width=4)
	  Index Cond: ((id >= 6097386) AND (id <= 6097486))

table 6 : explain SELECT id FROM sbtest6 WHERE id BETWEEN 6097386 AND 6097486
	Index Only Scan using sbtest6_pkey on sbtest6  (cost=0.43..10.29 rows=93 width=4)
	  Index Cond: ((id >= 6097386) AND (id <= 6097486))

table 7 : explain SELECT id FROM sbtest7 WHERE id BETWEEN 6097386 AND 6097486
	Index Only Scan using sbtest7_pkey on sbtest7  (cost=0.43..10.32 rows=94 width=4)
	  Index Cond: ((id >= 6097386) AND (id <= 6097486))

table 8 : explain SELECT id FROM sbtest8 WHERE id BETWEEN 6097386 AND 6097486
	Index Only Scan using sbtest8_pkey on sbtest8  (cost=0.43..6.40 rows=98 width=4)
	  Index Cond: ((id >= 6097386) AND (id <= 6097486))

explain: for range-covered :: explain SELECT id FROM sbtest%d WHERE id BETWEEN 6097386 AND 6097486
for range-covered
table 1 : explain SELECT id FROM sbtest1 WHERE id BETWEEN 5387296 AND 5387396
	Index Only Scan using sbtest1_pkey on sbtest1  (cost=0.43..6.45 rows=101 width=4)
	  Index Cond: ((id >= 5387296) AND (id <= 5387396))

table 2 : explain SELECT id FROM sbtest2 WHERE id BETWEEN 5387296 AND 5387396
	Index Only Scan using sbtest2_pkey on sbtest2  (cost=0.43..6.45 rows=101 width=4)
	  Index Cond: ((id >= 5387296) AND (id <= 5387396))

table 3 : explain SELECT id FROM sbtest3 WHERE id BETWEEN 5387296 AND 5387396
	Index Only Scan using sbtest3_pkey on sbtest3  (cost=0.43..10.42 rows=99 width=4)
	  Index Cond: ((id >= 5387296) AND (id <= 5387396))

table 4 : explain SELECT id FROM sbtest4 WHERE id BETWEEN 5387296 AND 5387396
	Index Only Scan using sbtest4_pkey on sbtest4  (cost=0.43..6.72 rows=114 width=4)
	  Index Cond: ((id >= 5387296) AND (id <= 5387396))

table 5 : explain SELECT id FROM sbtest5 WHERE id BETWEEN 5387296 AND 5387396
	Index Only Scan using sbtest5_pkey on sbtest5  (cost=0.43..6.53 rows=105 width=4)
	  Index Cond: ((id >= 5387296) AND (id <= 5387396))

table 6 : explain SELECT id FROM sbtest6 WHERE id BETWEEN 5387296 AND 5387396
	Index Only Scan using sbtest6_pkey on sbtest6  (cost=0.43..10.32 rows=94 width=4)
	  Index Cond: ((id >= 5387296) AND (id <= 5387396))

table 7 : explain SELECT id FROM sbtest7 WHERE id BETWEEN 5387296 AND 5387396
	Index Only Scan using sbtest7_pkey on sbtest7  (cost=0.43..10.40 rows=98 width=4)
	  Index Cond: ((id >= 5387296) AND (id <= 5387396))

table 8 : explain SELECT id FROM sbtest8 WHERE id BETWEEN 5387296 AND 5387396
	Index Only Scan using sbtest8_pkey on sbtest8  (cost=0.43..6.27 rows=92 width=4)
	  Index Cond: ((id >= 5387296) AND (id <= 5387396))

explain: for range-covered :: explain SELECT id FROM sbtest%d WHERE id BETWEEN 5387296 AND 5387396
for range-covered
table 1 : explain SELECT id FROM sbtest1 WHERE id BETWEEN 2949629 AND 2949729
	Index Only Scan using sbtest1_pkey on sbtest1  (cost=0.43..6.47 rows=102 width=4)
	  Index Cond: ((id >= 2949629) AND (id <= 2949729))

table 2 : explain SELECT id FROM sbtest2 WHERE id BETWEEN 2949629 AND 2949729
	Index Only Scan using sbtest2_pkey on sbtest2  (cost=0.43..6.50 rows=103 width=4)
	  Index Cond: ((id >= 2949629) AND (id <= 2949729))

table 3 : explain SELECT id FROM sbtest3 WHERE id BETWEEN 2949629 AND 2949729
	Index Only Scan using sbtest3_pkey on sbtest3  (cost=0.43..10.63 rows=110 width=4)
	  Index Cond: ((id >= 2949629) AND (id <= 2949729))

table 4 : explain SELECT id FROM sbtest4 WHERE id BETWEEN 2949629 AND 2949729
	Index Only Scan using sbtest4_pkey on sbtest4  (cost=0.43..6.32 rows=94 width=4)
	  Index Cond: ((id >= 2949629) AND (id <= 2949729))

table 5 : explain SELECT id FROM sbtest5 WHERE id BETWEEN 2949629 AND 2949729
	Index Only Scan using sbtest5_pkey on sbtest5  (cost=0.43..6.42 rows=99 width=4)
	  Index Cond: ((id >= 2949629) AND (id <= 2949729))

table 6 : explain SELECT id FROM sbtest6 WHERE id BETWEEN 2949629 AND 2949729
	Index Only Scan using sbtest6_pkey on sbtest6  (cost=0.43..10.60 rows=108 width=4)
	  Index Cond: ((id >= 2949629) AND (id <= 2949729))

table 7 : explain SELECT id FROM sbtest7 WHERE id BETWEEN 2949629 AND 2949729
	Index Only Scan using sbtest7_pkey on sbtest7  (cost=0.43..10.72 rows=114 width=4)
	  Index Cond: ((id >= 2949629) AND (id <= 2949729))

table 8 : explain SELECT id FROM sbtest8 WHERE id BETWEEN 2949629 AND 2949729
	Index Only Scan using sbtest8_pkey on sbtest8  (cost=0.43..6.37 rows=97 width=4)
	  Index Cond: ((id >= 2949629) AND (id <= 2949729))

explain: for range-covered :: explain SELECT id FROM sbtest%d WHERE id BETWEEN 2949629 AND 2949729
for range-covered
table 1 : explain SELECT id FROM sbtest1 WHERE id BETWEEN 6450709 AND 6450809
	Index Only Scan using sbtest1_pkey on sbtest1  (cost=0.43..6.56 rows=106 width=4)
	  Index Cond: ((id >= 6450709) AND (id <= 6450809))

table 2 : explain SELECT id FROM sbtest2 WHERE id BETWEEN 6450709 AND 6450809
	Index Only Scan using sbtest2_pkey on sbtest2  (cost=0.43..6.27 rows=92 width=4)
	  Index Cond: ((id >= 6450709) AND (id <= 6450809))

table 3 : explain SELECT id FROM sbtest3 WHERE id BETWEEN 6450709 AND 6450809
	Index Only Scan using sbtest3_pkey on sbtest3  (cost=0.43..10.47 rows=102 width=4)
	  Index Cond: ((id >= 6450709) AND (id <= 6450809))

table 4 : explain SELECT id FROM sbtest4 WHERE id BETWEEN 6450709 AND 6450809
	Index Only Scan using sbtest4_pkey on sbtest4  (cost=0.43..6.51 rows=104 width=4)
	  Index Cond: ((id >= 6450709) AND (id <= 6450809))

table 5 : explain SELECT id FROM sbtest5 WHERE id BETWEEN 6450709 AND 6450809
	Index Only Scan using sbtest5_pkey on sbtest5  (cost=0.43..6.61 rows=109 width=4)
	  Index Cond: ((id >= 6450709) AND (id <= 6450809))

table 6 : explain SELECT id FROM sbtest6 WHERE id BETWEEN 6450709 AND 6450809
	Index Only Scan using sbtest6_pkey on sbtest6  (cost=0.43..10.38 rows=97 width=4)
	  Index Cond: ((id >= 6450709) AND (id <= 6450809))

table 7 : explain SELECT id FROM sbtest7 WHERE id BETWEEN 6450709 AND 6450809
	Index Only Scan using sbtest7_pkey on sbtest7  (cost=0.43..10.36 rows=96 width=4)
	  Index Cond: ((id >= 6450709) AND (id <= 6450809))

table 8 : explain SELECT id FROM sbtest8 WHERE id BETWEEN 6450709 AND 6450809
	Index Only Scan using sbtest8_pkey on sbtest8  (cost=0.43..6.53 rows=105 width=4)
	  Index Cond: ((id >= 6450709) AND (id <= 6450809))

explain: for range-covered :: explain SELECT id FROM sbtest%d WHERE id BETWEEN 6450709 AND 6450809
for range-covered
table 1 : explain SELECT id FROM sbtest1 WHERE id BETWEEN 6016323 AND 6016423
	Index Only Scan using sbtest1_pkey on sbtest1  (cost=0.43..6.37 rows=97 width=4)
	  Index Cond: ((id >= 6016323) AND (id <= 6016423))

table 2 : explain SELECT id FROM sbtest2 WHERE id BETWEEN 6016323 AND 6016423
	Index Only Scan using sbtest2_pkey on sbtest2  (cost=0.43..6.43 rows=100 width=4)
	  Index Cond: ((id >= 6016323) AND (id <= 6016423))

table 3 : explain SELECT id FROM sbtest3 WHERE id BETWEEN 6016323 AND 6016423
	Index Only Scan using sbtest3_pkey on sbtest3  (cost=0.43..10.33 rows=95 width=4)
	  Index Cond: ((id >= 6016323) AND (id <= 6016423))

table 4 : explain SELECT id FROM sbtest4 WHERE id BETWEEN 6016323 AND 6016423
	Index Only Scan using sbtest4_pkey on sbtest4  (cost=0.43..6.47 rows=102 width=4)
	  Index Cond: ((id >= 6016323) AND (id <= 6016423))

table 5 : explain SELECT id FROM sbtest5 WHERE id BETWEEN 6016323 AND 6016423
	Index Only Scan using sbtest5_pkey on sbtest5  (cost=0.43..6.29 rows=93 width=4)
	  Index Cond: ((id >= 6016323) AND (id <= 6016423))

table 6 : explain SELECT id FROM sbtest6 WHERE id BETWEEN 6016323 AND 6016423
	Index Only Scan using sbtest6_pkey on sbtest6  (cost=0.43..10.29 rows=93 width=4)
	  Index Cond: ((id >= 6016323) AND (id <= 6016423))

table 7 : explain SELECT id FROM sbtest7 WHERE id BETWEEN 6016323 AND 6016423
	Index Only Scan using sbtest7_pkey on sbtest7  (cost=0.43..10.38 rows=97 width=4)
	  Index Cond: ((id >= 6016323) AND (id <= 6016423))

table 8 : explain SELECT id FROM sbtest8 WHERE id BETWEEN 6016323 AND 6016423
	Index Only Scan using sbtest8_pkey on sbtest8  (cost=0.43..6.53 rows=105 width=4)
	  Index Cond: ((id >= 6016323) AND (id <= 6016423))

explain: for range-covered :: explain SELECT id FROM sbtest%d WHERE id BETWEEN 6016323 AND 6016423
for range-covered
table 1 : explain SELECT id FROM sbtest1 WHERE id BETWEEN 6097386 AND 6097486
	Index Only Scan using sbtest1_pkey on sbtest1  (cost=0.43..6.37 rows=97 width=4)
	  Index Cond: ((id >= 6097386) AND (id <= 6097486))

table 2 : explain SELECT id FROM sbtest2 WHERE id BETWEEN 6097386 AND 6097486
	Index Only Scan using sbtest2_pkey on sbtest2  (cost=0.43..6.43 rows=100 width=4)
	  Index Cond: ((id >= 6097386) AND (id <= 6097486))

table 3 : explain SELECT id FROM sbtest3 WHERE id BETWEEN 6097386 AND 6097486
	Index Only Scan using sbtest3_pkey on sbtest3  (cost=0.43..10.38 rows=97 width=4)
	  Index Cond: ((id >= 6097386) AND (id <= 6097486))

table 4 : explain SELECT id FROM sbtest4 WHERE id BETWEEN 6097386 AND 6097486
	Index Only Scan using sbtest4_pkey on sbtest4  (cost=0.43..6.47 rows=102 width=4)
	  Index Cond: ((id >= 6097386) AND (id <= 6097486))

table 5 : explain SELECT id FROM sbtest5 WHERE id BETWEEN 6097386 AND 6097486
	Index Only Scan using sbtest5_pkey on sbtest5  (cost=0.43..6.69 rows=113 width=4)
	  Index Cond: ((id >= 6097386) AND (id <= 6097486))

table 6 : explain SELECT id FROM sbtest6 WHERE id BETWEEN 6097386 AND 6097486
	Index Only Scan using sbtest6_pkey on sbtest6  (cost=0.43..10.29 rows=93 width=4)
	  Index Cond: ((id >= 6097386) AND (id <= 6097486))

table 7 : explain SELECT id FROM sbtest7 WHERE id BETWEEN 6097386 AND 6097486
	Index Only Scan using sbtest7_pkey on sbtest7  (cost=0.43..10.32 rows=94 width=4)
	  Index Cond: ((id >= 6097386) AND (id <= 6097486))

table 8 : explain SELECT id FROM sbtest8 WHERE id BETWEEN 6097386 AND 6097486
	Index Only Scan using sbtest8_pkey on sbtest8  (cost=0.43..6.40 rows=98 width=4)
	  Index Cond: ((id >= 6097386) AND (id <= 6097486))

for range-covered
table 1 : explain SELECT id FROM sbtest1 WHERE id BETWEEN 5387296 AND 5387396
	Index Only Scan using sbtest1_pkey on sbtest1  (cost=0.43..6.45 rows=101 width=4)
	  Index Cond: ((id >= 5387296) AND (id <= 5387396))

table 2 : explain SELECT id FROM sbtest2 WHERE id BETWEEN 5387296 AND 5387396
	Index Only Scan using sbtest2_pkey on sbtest2  (cost=0.43..6.45 rows=101 width=4)
	  Index Cond: ((id >= 5387296) AND (id <= 5387396))

table 3 : explain SELECT id FROM sbtest3 WHERE id BETWEEN 5387296 AND 5387396
	Index Only Scan using sbtest3_pkey on sbtest3  (cost=0.43..10.42 rows=99 width=4)
	  Index Cond: ((id >= 5387296) AND (id <= 5387396))

table 4 : explain SELECT id FROM sbtest4 WHERE id BETWEEN 5387296 AND 5387396
	Index Only Scan using sbtest4_pkey on sbtest4  (cost=0.43..6.72 rows=114 width=4)
	  Index Cond: ((id >= 5387296) AND (id <= 5387396))

table 5 : explain SELECT id FROM sbtest5 WHERE id BETWEEN 5387296 AND 5387396
	Index Only Scan using sbtest5_pkey on sbtest5  (cost=0.43..6.53 rows=105 width=4)
	  Index Cond: ((id >= 5387296) AND (id <= 5387396))

table 6 : explain SELECT id FROM sbtest6 WHERE id BETWEEN 5387296 AND 5387396
	Index Only Scan using sbtest6_pkey on sbtest6  (cost=0.43..10.32 rows=94 width=4)
	  Index Cond: ((id >= 5387296) AND (id <= 5387396))

table 7 : explain SELECT id FROM sbtest7 WHERE id BETWEEN 5387296 AND 5387396
	Index Only Scan using sbtest7_pkey on sbtest7  (cost=0.43..10.40 rows=98 width=4)
	  Index Cond: ((id >= 5387296) AND (id <= 5387396))

table 8 : explain SELECT id FROM sbtest8 WHERE id BETWEEN 5387296 AND 5387396
	Index Only Scan using sbtest8_pkey on sbtest8  (cost=0.43..6.27 rows=92 width=4)
	  Index Cond: ((id >= 5387296) AND (id <= 5387396))

explain: for range-covered :: explain SELECT id FROM sbtest%d WHERE id BETWEEN 6097386 AND 6097486
explain: for range-covered :: explain SELECT id FROM sbtest%d WHERE id BETWEEN 5387296 AND 5387396
explain: for range-covered :: explain SELECT id FROM sbtest%d WHERE id BETWEEN 2771326 AND 2771426
for range-covered
table 1 : explain SELECT id FROM sbtest1 WHERE id BETWEEN 2949629 AND 2949729
	Index Only Scan using sbtest1_pkey on sbtest1  (cost=0.43..6.47 rows=102 width=4)
	  Index Cond: ((id >= 2949629) AND (id <= 2949729))

table 2 : explain SELECT id FROM sbtest2 WHERE id BETWEEN 2949629 AND 2949729
	Index Only Scan using sbtest2_pkey on sbtest2  (cost=0.43..6.50 rows=103 width=4)
	  Index Cond: ((id >= 2949629) AND (id <= 2949729))

table 3 : explain SELECT id FROM sbtest3 WHERE id BETWEEN 2949629 AND 2949729
	Index Only Scan using sbtest3_pkey on sbtest3  (cost=0.43..10.63 rows=110 width=4)
	  Index Cond: ((id >= 2949629) AND (id <= 2949729))

table 4 : explain SELECT id FROM sbtest4 WHERE id BETWEEN 2949629 AND 2949729
	Index Only Scan using sbtest4_pkey on sbtest4  (cost=0.43..6.32 rows=94 width=4)
	  Index Cond: ((id >= 2949629) AND (id <= 2949729))

table 5 : explain SELECT id FROM sbtest5 WHERE id BETWEEN 2949629 AND 2949729
	Index Only Scan using sbtest5_pkey on sbtest5  (cost=0.43..6.42 rows=99 width=4)
	  Index Cond: ((id >= 2949629) AND (id <= 2949729))

table 6 : explain SELECT id FROM sbtest6 WHERE id BETWEEN 2949629 AND 2949729
	Index Only Scan using sbtest6_pkey on sbtest6  (cost=0.43..10.60 rows=108 width=4)
	  Index Cond: ((id >= 2949629) AND (id <= 2949729))

table 7 : explain SELECT id FROM sbtest7 WHERE id BETWEEN 2949629 AND 2949729
	Index Only Scan using sbtest7_pkey on sbtest7  (cost=0.43..10.72 rows=114 width=4)
	  Index Cond: ((id >= 2949629) AND (id <= 2949729))

table 8 : explain SELECT id FROM sbtest8 WHERE id BETWEEN 2949629 AND 2949729
	Index Only Scan using sbtest8_pkey on sbtest8  (cost=0.43..6.37 rows=97 width=4)
	  Index Cond: ((id >= 2949629) AND (id <= 2949729))

explain: for range-covered :: explain SELECT id FROM sbtest%d WHERE id BETWEEN 2949629 AND 2949729
for range-covered
table 1 : explain SELECT id FROM sbtest1 WHERE id BETWEEN 6450709 AND 6450809
	Index Only Scan using sbtest1_pkey on sbtest1  (cost=0.43..6.56 rows=106 width=4)
	  Index Cond: ((id >= 6450709) AND (id <= 6450809))

table 2 : explain SELECT id FROM sbtest2 WHERE id BETWEEN 6450709 AND 6450809
	Index Only Scan using sbtest2_pkey on sbtest2  (cost=0.43..6.27 rows=92 width=4)
	  Index Cond: ((id >= 6450709) AND (id <= 6450809))

table 3 : explain SELECT id FROM sbtest3 WHERE id BETWEEN 6450709 AND 6450809
	Index Only Scan using sbtest3_pkey on sbtest3  (cost=0.43..10.47 rows=102 width=4)
	  Index Cond: ((id >= 6450709) AND (id <= 6450809))

table 4 : explain SELECT id FROM sbtest4 WHERE id BETWEEN 6450709 AND 6450809
	Index Only Scan using sbtest4_pkey on sbtest4  (cost=0.43..6.51 rows=104 width=4)
	  Index Cond: ((id >= 6450709) AND (id <= 6450809))

table 5 : explain SELECT id FROM sbtest5 WHERE id BETWEEN 6450709 AND 6450809
	Index Only Scan using sbtest5_pkey on sbtest5  (cost=0.43..6.61 rows=109 width=4)
	  Index Cond: ((id >= 6450709) AND (id <= 6450809))

table 6 : explain SELECT id FROM sbtest6 WHERE id BETWEEN 6450709 AND 6450809
	Index Only Scan using sbtest6_pkey on sbtest6  (cost=0.43..10.38 rows=97 width=4)
	  Index Cond: ((id >= 6450709) AND (id <= 6450809))

table 7 : explain SELECT id FROM sbtest7 WHERE id BETWEEN 6450709 AND 6450809
	Index Only Scan using sbtest7_pkey on sbtest7  (cost=0.43..10.36 rows=96 width=4)
	  Index Cond: ((id >= 6450709) AND (id <= 6450809))

table 8 : explain SELECT id FROM sbtest8 WHERE id BETWEEN 6450709 AND 6450809
	Index Only Scan using sbtest8_pkey on sbtest8  (cost=0.43..6.53 rows=105 width=4)
	  Index Cond: ((id >= 6450709) AND (id <= 6450809))

explain: for range-covered :: explain SELECT id FROM sbtest%d WHERE id BETWEEN 6450709 AND 6450809
for range-covered
table 1 : explain SELECT id FROM sbtest1 WHERE id BETWEEN 6016323 AND 6016423
	Index Only Scan using sbtest1_pkey on sbtest1  (cost=0.43..6.37 rows=97 width=4)
	  Index Cond: ((id >= 6016323) AND (id <= 6016423))

table 2 : explain SELECT id FROM sbtest2 WHERE id BETWEEN 6016323 AND 6016423
	Index Only Scan using sbtest2_pkey on sbtest2  (cost=0.43..6.43 rows=100 width=4)
	  Index Cond: ((id >= 6016323) AND (id <= 6016423))

table 3 : explain SELECT id FROM sbtest3 WHERE id BETWEEN 6016323 AND 6016423
	Index Only Scan using sbtest3_pkey on sbtest3  (cost=0.43..10.33 rows=95 width=4)
	  Index Cond: ((id >= 6016323) AND (id <= 6016423))

table 4 : explain SELECT id FROM sbtest4 WHERE id BETWEEN 6016323 AND 6016423
	Index Only Scan using sbtest4_pkey on sbtest4  (cost=0.43..6.47 rows=102 width=4)
	  Index Cond: ((id >= 6016323) AND (id <= 6016423))

table 5 : explain SELECT id FROM sbtest5 WHERE id BETWEEN 6016323 AND 6016423
	Index Only Scan using sbtest5_pkey on sbtest5  (cost=0.43..6.29 rows=93 width=4)
	  Index Cond: ((id >= 6016323) AND (id <= 6016423))

table 6 : explain SELECT id FROM sbtest6 WHERE id BETWEEN 6016323 AND 6016423
	Index Only Scan using sbtest6_pkey on sbtest6  (cost=0.43..10.29 rows=93 width=4)
	  Index Cond: ((id >= 6016323) AND (id <= 6016423))

table 7 : explain SELECT id FROM sbtest7 WHERE id BETWEEN 6016323 AND 6016423
	Index Only Scan using sbtest7_pkey on sbtest7  (cost=0.43..10.38 rows=97 width=4)
	  Index Cond: ((id >= 6016323) AND (id <= 6016423))

table 8 : explain SELECT id FROM sbtest8 WHERE id BETWEEN 6016323 AND 6016423
	Index Only Scan using sbtest8_pkey on sbtest8  (cost=0.43..6.53 rows=105 width=4)
	  Index Cond: ((id >= 6016323) AND (id <= 6016423))

explain: for range-covered :: explain SELECT id FROM sbtest%d WHERE id BETWEEN 6016323 AND 6016423
for range-covered
table 1 : explain SELECT id FROM sbtest1 WHERE id BETWEEN 6097386 AND 6097486
	Index Only Scan using sbtest1_pkey on sbtest1  (cost=0.43..6.37 rows=97 width=4)
	  Index Cond: ((id >= 6097386) AND (id <= 6097486))

table 2 : explain SELECT id FROM sbtest2 WHERE id BETWEEN 6097386 AND 6097486
	Index Only Scan using sbtest2_pkey on sbtest2  (cost=0.43..6.43 rows=100 width=4)
	  Index Cond: ((id >= 6097386) AND (id <= 6097486))

table 3 : explain SELECT id FROM sbtest3 WHERE id BETWEEN 6097386 AND 6097486
	Index Only Scan using sbtest3_pkey on sbtest3  (cost=0.43..10.38 rows=97 width=4)
	  Index Cond: ((id >= 6097386) AND (id <= 6097486))

table 4 : explain SELECT id FROM sbtest4 WHERE id BETWEEN 6097386 AND 6097486
	Index Only Scan using sbtest4_pkey on sbtest4  (cost=0.43..6.47 rows=102 width=4)
	  Index Cond: ((id >= 6097386) AND (id <= 6097486))

table 5 : explain SELECT id FROM sbtest5 WHERE id BETWEEN 6097386 AND 6097486
	Index Only Scan using sbtest5_pkey on sbtest5  (cost=0.43..6.69 rows=113 width=4)
	  Index Cond: ((id >= 6097386) AND (id <= 6097486))

table 6 : explain SELECT id FROM sbtest6 WHERE id BETWEEN 6097386 AND 6097486
	Index Only Scan using sbtest6_pkey on sbtest6  (cost=0.43..10.29 rows=93 width=4)
	  Index Cond: ((id >= 6097386) AND (id <= 6097486))

table 7 : explain SELECT id FROM sbtest7 WHERE id BETWEEN 6097386 AND 6097486
	Index Only Scan using sbtest7_pkey on sbtest7  (cost=0.43..10.32 rows=94 width=4)
	  Index Cond: ((id >= 6097386) AND (id <= 6097486))

table 8 : explain SELECT id FROM sbtest8 WHERE id BETWEEN 6097386 AND 6097486
	Index Only Scan using sbtest8_pkey on sbtest8  (cost=0.43..6.40 rows=98 width=4)
	  Index Cond: ((id >= 6097386) AND (id <= 6097486))

for range-covered
table 1 : explain SELECT id FROM sbtest1 WHERE id BETWEEN 5387296 AND 5387396
	Index Only Scan using sbtest1_pkey on sbtest1  (cost=0.43..6.45 rows=101 width=4)
	  Index Cond: ((id >= 5387296) AND (id <= 5387396))

table 2 : explain SELECT id FROM sbtest2 WHERE id BETWEEN 5387296 AND 5387396
	Index Only Scan using sbtest2_pkey on sbtest2  (cost=0.43..6.45 rows=101 width=4)
	  Index Cond: ((id >= 5387296) AND (id <= 5387396))

table 3 : explain SELECT id FROM sbtest3 WHERE id BETWEEN 5387296 AND 5387396
	Index Only Scan using sbtest3_pkey on sbtest3  (cost=0.43..10.42 rows=99 width=4)
	  Index Cond: ((id >= 5387296) AND (id <= 5387396))

table 4 : explain SELECT id FROM sbtest4 WHERE id BETWEEN 5387296 AND 5387396
	Index Only Scan using sbtest4_pkey on sbtest4  (cost=0.43..6.72 rows=114 width=4)
	  Index Cond: ((id >= 5387296) AND (id <= 5387396))

table 5 : explain SELECT id FROM sbtest5 WHERE id BETWEEN 5387296 AND 5387396
	Index Only Scan using sbtest5_pkey on sbtest5  (cost=0.43..6.53 rows=105 width=4)
	  Index Cond: ((id >= 5387296) AND (id <= 5387396))

table 6 : explain SELECT id FROM sbtest6 WHERE id BETWEEN 5387296 AND 5387396
	Index Only Scan using sbtest6_pkey on sbtest6  (cost=0.43..10.32 rows=94 width=4)
	  Index Cond: ((id >= 5387296) AND (id <= 5387396))

table 7 : explain SELECT id FROM sbtest7 WHERE id BETWEEN 5387296 AND 5387396
	Index Only Scan using sbtest7_pkey on sbtest7  (cost=0.43..10.40 rows=98 width=4)
	  Index Cond: ((id >= 5387296) AND (id <= 5387396))

table 8 : explain SELECT id FROM sbtest8 WHERE id BETWEEN 5387296 AND 5387396
	Index Only Scan using sbtest8_pkey on sbtest8  (cost=0.43..6.27 rows=92 width=4)
	  Index Cond: ((id >= 5387296) AND (id <= 5387396))

explain: for range-covered :: explain SELECT id FROM sbtest%d WHERE id BETWEEN 6097386 AND 6097486
explain: for range-covered :: explain SELECT id FROM sbtest%d WHERE id BETWEEN 5387296 AND 5387396
for range-covered
table 1 : explain SELECT id FROM sbtest1 WHERE id BETWEEN 2949629 AND 2949729
	Index Only Scan using sbtest1_pkey on sbtest1  (cost=0.43..6.47 rows=102 width=4)
	  Index Cond: ((id >= 2949629) AND (id <= 2949729))

table 2 : explain SELECT id FROM sbtest2 WHERE id BETWEEN 2949629 AND 2949729
	Index Only Scan using sbtest2_pkey on sbtest2  (cost=0.43..6.50 rows=103 width=4)
	  Index Cond: ((id >= 2949629) AND (id <= 2949729))

table 3 : explain SELECT id FROM sbtest3 WHERE id BETWEEN 2949629 AND 2949729
	Index Only Scan using sbtest3_pkey on sbtest3  (cost=0.43..10.63 rows=110 width=4)
	  Index Cond: ((id >= 2949629) AND (id <= 2949729))

table 4 : explain SELECT id FROM sbtest4 WHERE id BETWEEN 2949629 AND 2949729
	Index Only Scan using sbtest4_pkey on sbtest4  (cost=0.43..6.32 rows=94 width=4)
	  Index Cond: ((id >= 2949629) AND (id <= 2949729))

table 5 : explain SELECT id FROM sbtest5 WHERE id BETWEEN 2949629 AND 2949729
	Index Only Scan using sbtest5_pkey on sbtest5  (cost=0.43..6.42 rows=99 width=4)
	  Index Cond: ((id >= 2949629) AND (id <= 2949729))

table 6 : explain SELECT id FROM sbtest6 WHERE id BETWEEN 2949629 AND 2949729
	Index Only Scan using sbtest6_pkey on sbtest6  (cost=0.43..10.60 rows=108 width=4)
	  Index Cond: ((id >= 2949629) AND (id <= 2949729))

table 7 : explain SELECT id FROM sbtest7 WHERE id BETWEEN 2949629 AND 2949729
	Index Only Scan using sbtest7_pkey on sbtest7  (cost=0.43..10.72 rows=114 width=4)
	  Index Cond: ((id >= 2949629) AND (id <= 2949729))

table 8 : explain SELECT id FROM sbtest8 WHERE id BETWEEN 2949629 AND 2949729
	Index Only Scan using sbtest8_pkey on sbtest8  (cost=0.43..6.37 rows=97 width=4)
	  Index Cond: ((id >= 2949629) AND (id <= 2949729))

for range-covered
table 1 : explain SELECT id FROM sbtest1 WHERE id BETWEEN 6450709 AND 6450809
	Index Only Scan using sbtest1_pkey on sbtest1  (cost=0.43..6.56 rows=106 width=4)
	  Index Cond: ((id >= 6450709) AND (id <= 6450809))

table 2 : explain SELECT id FROM sbtest2 WHERE id BETWEEN 6450709 AND 6450809
	Index Only Scan using sbtest2_pkey on sbtest2  (cost=0.43..6.27 rows=92 width=4)
	  Index Cond: ((id >= 6450709) AND (id <= 6450809))

table 3 : explain SELECT id FROM sbtest3 WHERE id BETWEEN 6450709 AND 6450809
	Index Only Scan using sbtest3_pkey on sbtest3  (cost=0.43..10.47 rows=102 width=4)
	  Index Cond: ((id >= 6450709) AND (id <= 6450809))

table 4 : explain SELECT id FROM sbtest4 WHERE id BETWEEN 6450709 AND 6450809
	Index Only Scan using sbtest4_pkey on sbtest4  (cost=0.43..6.51 rows=104 width=4)
	  Index Cond: ((id >= 6450709) AND (id <= 6450809))

table 5 : explain SELECT id FROM sbtest5 WHERE id BETWEEN 6450709 AND 6450809
	Index Only Scan using sbtest5_pkey on sbtest5  (cost=0.43..6.61 rows=109 width=4)
	  Index Cond: ((id >= 6450709) AND (id <= 6450809))

table 6 : explain SELECT id FROM sbtest6 WHERE id BETWEEN 6450709 AND 6450809
	Index Only Scan using sbtest6_pkey on sbtest6  (cost=0.43..10.38 rows=97 width=4)
	  Index Cond: ((id >= 6450709) AND (id <= 6450809))

table 7 : explain SELECT id FROM sbtest7 WHERE id BETWEEN 6450709 AND 6450809
	Index Only Scan using sbtest7_pkey on sbtest7  (cost=0.43..10.36 rows=96 width=4)
	  Index Cond: ((id >= 6450709) AND (id <= 6450809))

table 8 : explain SELECT id FROM sbtest8 WHERE id BETWEEN 6450709 AND 6450809
	Index Only Scan using sbtest8_pkey on sbtest8  (cost=0.43..6.53 rows=105 width=4)
	  Index Cond: ((id >= 6450709) AND (id <= 6450809))

explain: for range-covered :: explain SELECT id FROM sbtest%d WHERE id BETWEEN 6450709 AND 6450809
for range-covered
table 1 : explain SELECT id FROM sbtest1 WHERE id BETWEEN 6016323 AND 6016423
	Index Only Scan using sbtest1_pkey on sbtest1  (cost=0.43..6.37 rows=97 width=4)
	  Index Cond: ((id >= 6016323) AND (id <= 6016423))

table 2 : explain SELECT id FROM sbtest2 WHERE id BETWEEN 6016323 AND 6016423
	Index Only Scan using sbtest2_pkey on sbtest2  (cost=0.43..6.43 rows=100 width=4)
	  Index Cond: ((id >= 6016323) AND (id <= 6016423))

table 3 : explain SELECT id FROM sbtest3 WHERE id BETWEEN 6016323 AND 6016423
	Index Only Scan using sbtest3_pkey on sbtest3  (cost=0.43..10.33 rows=95 width=4)
	  Index Cond: ((id >= 6016323) AND (id <= 6016423))

table 4 : explain SELECT id FROM sbtest4 WHERE id BETWEEN 6016323 AND 6016423
	Index Only Scan using sbtest4_pkey on sbtest4  (cost=0.43..6.47 rows=102 width=4)
	  Index Cond: ((id >= 6016323) AND (id <= 6016423))

table 5 : explain SELECT id FROM sbtest5 WHERE id BETWEEN 6016323 AND 6016423
	Index Only Scan using sbtest5_pkey on sbtest5  (cost=0.43..6.29 rows=93 width=4)
	  Index Cond: ((id >= 6016323) AND (id <= 6016423))

table 6 : explain SELECT id FROM sbtest6 WHERE id BETWEEN 6016323 AND 6016423
	Index Only Scan using sbtest6_pkey on sbtest6  (cost=0.43..10.29 rows=93 width=4)
	  Index Cond: ((id >= 6016323) AND (id <= 6016423))

table 7 : explain SELECT id FROM sbtest7 WHERE id BETWEEN 6016323 AND 6016423
	Index Only Scan using sbtest7_pkey on sbtest7  (cost=0.43..10.38 rows=97 width=4)
	  Index Cond: ((id >= 6016323) AND (id <= 6016423))

table 8 : explain SELECT id FROM sbtest8 WHERE id BETWEEN 6016323 AND 6016423
	Index Only Scan using sbtest8_pkey on sbtest8  (cost=0.43..6.53 rows=105 width=4)
	  Index Cond: ((id >= 6016323) AND (id <= 6016423))

explain: for range-covered :: explain SELECT id FROM sbtest%d WHERE id BETWEEN 6016323 AND 6016423
for range-covered
table 1 : explain SELECT id FROM sbtest1 WHERE id BETWEEN 6097386 AND 6097486
	Index Only Scan using sbtest1_pkey on sbtest1  (cost=0.43..6.37 rows=97 width=4)
	  Index Cond: ((id >= 6097386) AND (id <= 6097486))

table 2 : explain SELECT id FROM sbtest2 WHERE id BETWEEN 6097386 AND 6097486
	Index Only Scan using sbtest2_pkey on sbtest2  (cost=0.43..6.43 rows=100 width=4)
	  Index Cond: ((id >= 6097386) AND (id <= 6097486))

table 3 : explain SELECT id FROM sbtest3 WHERE id BETWEEN 6097386 AND 6097486
	Index Only Scan using sbtest3_pkey on sbtest3  (cost=0.43..10.38 rows=97 width=4)
	  Index Cond: ((id >= 6097386) AND (id <= 6097486))

table 4 : explain SELECT id FROM sbtest4 WHERE id BETWEEN 6097386 AND 6097486
	Index Only Scan using sbtest4_pkey on sbtest4  (cost=0.43..6.47 rows=102 width=4)
	  Index Cond: ((id >= 6097386) AND (id <= 6097486))

table 5 : explain SELECT id FROM sbtest5 WHERE id BETWEEN 6097386 AND 6097486
	Index Only Scan using sbtest5_pkey on sbtest5  (cost=0.43..6.69 rows=113 width=4)
	  Index Cond: ((id >= 6097386) AND (id <= 6097486))

table 6 : explain SELECT id FROM sbtest6 WHERE id BETWEEN 6097386 AND 6097486
	Index Only Scan using sbtest6_pkey on sbtest6  (cost=0.43..10.29 rows=93 width=4)
	  Index Cond: ((id >= 6097386) AND (id <= 6097486))

table 7 : explain SELECT id FROM sbtest7 WHERE id BETWEEN 6097386 AND 6097486
	Index Only Scan using sbtest7_pkey on sbtest7  (cost=0.43..10.32 rows=94 width=4)
	  Index Cond: ((id >= 6097386) AND (id <= 6097486))

table 8 : explain SELECT id FROM sbtest8 WHERE id BETWEEN 6097386 AND 6097486
	Index Only Scan using sbtest8_pkey on sbtest8  (cost=0.43..6.40 rows=98 width=4)
	  Index Cond: ((id >= 6097386) AND (id <= 6097486))

for range-covered
table 1 : explain SELECT id FROM sbtest1 WHERE id BETWEEN 5387296 AND 5387396
	Index Only Scan using sbtest1_pkey on sbtest1  (cost=0.43..6.45 rows=101 width=4)
	  Index Cond: ((id >= 5387296) AND (id <= 5387396))

table 2 : explain SELECT id FROM sbtest2 WHERE id BETWEEN 5387296 AND 5387396
	Index Only Scan using sbtest2_pkey on sbtest2  (cost=0.43..6.45 rows=101 width=4)
	  Index Cond: ((id >= 5387296) AND (id <= 5387396))

table 3 : explain SELECT id FROM sbtest3 WHERE id BETWEEN 5387296 AND 5387396
	Index Only Scan using sbtest3_pkey on sbtest3  (cost=0.43..10.42 rows=99 width=4)
	  Index Cond: ((id >= 5387296) AND (id <= 5387396))

table 4 : explain SELECT id FROM sbtest4 WHERE id BETWEEN 5387296 AND 5387396
	Index Only Scan using sbtest4_pkey on sbtest4  (cost=0.43..6.72 rows=114 width=4)
	  Index Cond: ((id >= 5387296) AND (id <= 5387396))

table 5 : explain SELECT id FROM sbtest5 WHERE id BETWEEN 5387296 AND 5387396
	Index Only Scan using sbtest5_pkey on sbtest5  (cost=0.43..6.53 rows=105 width=4)
	  Index Cond: ((id >= 5387296) AND (id <= 5387396))

table 6 : explain SELECT id FROM sbtest6 WHERE id BETWEEN 5387296 AND 5387396
	Index Only Scan using sbtest6_pkey on sbtest6  (cost=0.43..10.32 rows=94 width=4)
	  Index Cond: ((id >= 5387296) AND (id <= 5387396))

table 7 : explain SELECT id FROM sbtest7 WHERE id BETWEEN 5387296 AND 5387396
	Index Only Scan using sbtest7_pkey on sbtest7  (cost=0.43..10.40 rows=98 width=4)
	  Index Cond: ((id >= 5387296) AND (id <= 5387396))

table 8 : explain SELECT id FROM sbtest8 WHERE id BETWEEN 5387296 AND 5387396
	Index Only Scan using sbtest8_pkey on sbtest8  (cost=0.43..6.27 rows=92 width=4)
	  Index Cond: ((id >= 5387296) AND (id <= 5387396))

explain: for range-covered :: explain SELECT id FROM sbtest%d WHERE id BETWEEN 5387296 AND 5387396
explain: for range-covered :: explain SELECT id FROM sbtest%d WHERE id BETWEEN 8206456 AND 8206556
for range-covered
table 1 : explain SELECT id FROM sbtest1 WHERE id BETWEEN 6450709 AND 6450809
	Index Only Scan using sbtest1_pkey on sbtest1  (cost=0.43..6.56 rows=106 width=4)
	  Index Cond: ((id >= 6450709) AND (id <= 6450809))

table 2 : explain SELECT id FROM sbtest2 WHERE id BETWEEN 6450709 AND 6450809
	Index Only Scan using sbtest2_pkey on sbtest2  (cost=0.43..6.27 rows=92 width=4)
	  Index Cond: ((id >= 6450709) AND (id <= 6450809))

table 3 : explain SELECT id FROM sbtest3 WHERE id BETWEEN 6450709 AND 6450809
	Index Only Scan using sbtest3_pkey on sbtest3  (cost=0.43..10.47 rows=102 width=4)
	  Index Cond: ((id >= 6450709) AND (id <= 6450809))

table 4 : explain SELECT id FROM sbtest4 WHERE id BETWEEN 6450709 AND 6450809
	Index Only Scan using sbtest4_pkey on sbtest4  (cost=0.43..6.51 rows=104 width=4)
	  Index Cond: ((id >= 6450709) AND (id <= 6450809))

table 5 : explain SELECT id FROM sbtest5 WHERE id BETWEEN 6450709 AND 6450809
	Index Only Scan using sbtest5_pkey on sbtest5  (cost=0.43..6.61 rows=109 width=4)
	  Index Cond: ((id >= 6450709) AND (id <= 6450809))

table 6 : explain SELECT id FROM sbtest6 WHERE id BETWEEN 6450709 AND 6450809
	Index Only Scan using sbtest6_pkey on sbtest6  (cost=0.43..10.38 rows=97 width=4)
	  Index Cond: ((id >= 6450709) AND (id <= 6450809))

table 7 : explain SELECT id FROM sbtest7 WHERE id BETWEEN 6450709 AND 6450809
	Index Only Scan using sbtest7_pkey on sbtest7  (cost=0.43..10.36 rows=96 width=4)
	  Index Cond: ((id >= 6450709) AND (id <= 6450809))

table 8 : explain SELECT id FROM sbtest8 WHERE id BETWEEN 6450709 AND 6450809
	Index Only Scan using sbtest8_pkey on sbtest8  (cost=0.43..6.53 rows=105 width=4)
	  Index Cond: ((id >= 6450709) AND (id <= 6450809))

explain: for range-covered :: explain SELECT id FROM sbtest%d WHERE id BETWEEN 7387394 AND 7387494
for range-covered
table 1 : explain SELECT id FROM sbtest1 WHERE id BETWEEN 6016323 AND 6016423
	Index Only Scan using sbtest1_pkey on sbtest1  (cost=0.43..6.37 rows=97 width=4)
	  Index Cond: ((id >= 6016323) AND (id <= 6016423))

table 2 : explain SELECT id FROM sbtest2 WHERE id BETWEEN 6016323 AND 6016423
	Index Only Scan using sbtest2_pkey on sbtest2  (cost=0.43..6.43 rows=100 width=4)
	  Index Cond: ((id >= 6016323) AND (id <= 6016423))

table 3 : explain SELECT id FROM sbtest3 WHERE id BETWEEN 6016323 AND 6016423
	Index Only Scan using sbtest3_pkey on sbtest3  (cost=0.43..10.33 rows=95 width=4)
	  Index Cond: ((id >= 6016323) AND (id <= 6016423))

table 4 : explain SELECT id FROM sbtest4 WHERE id BETWEEN 6016323 AND 6016423
	Index Only Scan using sbtest4_pkey on sbtest4  (cost=0.43..6.47 rows=102 width=4)
	  Index Cond: ((id >= 6016323) AND (id <= 6016423))

table 5 : explain SELECT id FROM sbtest5 WHERE id BETWEEN 6016323 AND 6016423
	Index Only Scan using sbtest5_pkey on sbtest5  (cost=0.43..6.29 rows=93 width=4)
	  Index Cond: ((id >= 6016323) AND (id <= 6016423))

table 6 : explain SELECT id FROM sbtest6 WHERE id BETWEEN 6016323 AND 6016423
	Index Only Scan using sbtest6_pkey on sbtest6  (cost=0.43..10.29 rows=93 width=4)
	  Index Cond: ((id >= 6016323) AND (id <= 6016423))

table 7 : explain SELECT id FROM sbtest7 WHERE id BETWEEN 6016323 AND 6016423
	Index Only Scan using sbtest7_pkey on sbtest7  (cost=0.43..10.38 rows=97 width=4)
	  Index Cond: ((id >= 6016323) AND (id <= 6016423))

table 8 : explain SELECT id FROM sbtest8 WHERE id BETWEEN 6016323 AND 6016423
	Index Only Scan using sbtest8_pkey on sbtest8  (cost=0.43..6.53 rows=105 width=4)
	  Index Cond: ((id >= 6016323) AND (id <= 6016423))

explain: for range-covered :: explain SELECT id FROM sbtest%d WHERE id BETWEEN 6016323 AND 6016423
for range-covered
table 1 : explain SELECT id FROM sbtest1 WHERE id BETWEEN 5387296 AND 5387396
	Index Only Scan using sbtest1_pkey on sbtest1  (cost=0.43..6.45 rows=101 width=4)
	  Index Cond: ((id >= 5387296) AND (id <= 5387396))

table 2 : explain SELECT id FROM sbtest2 WHERE id BETWEEN 5387296 AND 5387396
	Index Only Scan using sbtest2_pkey on sbtest2  (cost=0.43..6.45 rows=101 width=4)
	  Index Cond: ((id >= 5387296) AND (id <= 5387396))

table 3 : explain SELECT id FROM sbtest3 WHERE id BETWEEN 5387296 AND 5387396
	Index Only Scan using sbtest3_pkey on sbtest3  (cost=0.43..10.42 rows=99 width=4)
	  Index Cond: ((id >= 5387296) AND (id <= 5387396))

table 4 : explain SELECT id FROM sbtest4 WHERE id BETWEEN 5387296 AND 5387396
	Index Only Scan using sbtest4_pkey on sbtest4  (cost=0.43..6.72 rows=114 width=4)
	  Index Cond: ((id >= 5387296) AND (id <= 5387396))

table 5 : explain SELECT id FROM sbtest5 WHERE id BETWEEN 5387296 AND 5387396
	Index Only Scan using sbtest5_pkey on sbtest5  (cost=0.43..6.53 rows=105 width=4)
	  Index Cond: ((id >= 5387296) AND (id <= 5387396))

table 6 : explain SELECT id FROM sbtest6 WHERE id BETWEEN 5387296 AND 5387396
	Index Only Scan using sbtest6_pkey on sbtest6  (cost=0.43..10.32 rows=94 width=4)
	  Index Cond: ((id >= 5387296) AND (id <= 5387396))

table 7 : explain SELECT id FROM sbtest7 WHERE id BETWEEN 5387296 AND 5387396
	Index Only Scan using sbtest7_pkey on sbtest7  (cost=0.43..10.40 rows=98 width=4)
	  Index Cond: ((id >= 5387296) AND (id <= 5387396))

table 8 : explain SELECT id FROM sbtest8 WHERE id BETWEEN 5387296 AND 5387396
	Index Only Scan using sbtest8_pkey on sbtest8  (cost=0.43..6.27 rows=92 width=4)
	  Index Cond: ((id >= 5387296) AND (id <= 5387396))

explain: for range-covered :: explain SELECT id FROM sbtest%d WHERE id BETWEEN 5387296 AND 5387396
for range-covered
table 1 : explain SELECT id FROM sbtest1 WHERE id BETWEEN 2771326 AND 2771426
	Index Only Scan using sbtest1_pkey on sbtest1  (cost=0.43..6.40 rows=98 width=4)
	  Index Cond: ((id >= 2771326) AND (id <= 2771426))

table 2 : explain SELECT id FROM sbtest2 WHERE id BETWEEN 2771326 AND 2771426
	Index Only Scan using sbtest2_pkey on sbtest2  (cost=0.43..6.56 rows=106 width=4)
	  Index Cond: ((id >= 2771326) AND (id <= 2771426))

table 3 : explain SELECT id FROM sbtest3 WHERE id BETWEEN 2771326 AND 2771426
	Index Only Scan using sbtest3_pkey on sbtest3  (cost=0.43..10.47 rows=102 width=4)
	  Index Cond: ((id >= 2771326) AND (id <= 2771426))

table 4 : explain SELECT id FROM sbtest4 WHERE id BETWEEN 2771326 AND 2771426
	Index Only Scan using sbtest4_pkey on sbtest4  (cost=0.43..6.63 rows=110 width=4)
	  Index Cond: ((id >= 2771326) AND (id <= 2771426))

table 5 : explain SELECT id FROM sbtest5 WHERE id BETWEEN 2771326 AND 2771426
	Index Only Scan using sbtest5_pkey on sbtest5  (cost=0.43..6.58 rows=107 width=4)
	  Index Cond: ((id >= 2771326) AND (id <= 2771426))

table 6 : explain SELECT id FROM sbtest6 WHERE id BETWEEN 2771326 AND 2771426
	Index Only Scan using sbtest6_pkey on sbtest6  (cost=0.43..10.50 rows=103 width=4)
	  Index Cond: ((id >= 2771326) AND (id <= 2771426))

table 7 : explain SELECT id FROM sbtest7 WHERE id BETWEEN 2771326 AND 2771426
	Index Only Scan using sbtest7_pkey on sbtest7  (cost=0.43..10.29 rows=93 width=4)
	  Index Cond: ((id >= 2771326) AND (id <= 2771426))

table 8 : explain SELECT id FROM sbtest8 WHERE id BETWEEN 2771326 AND 2771426
	Index Only Scan using sbtest8_pkey on sbtest8  (cost=0.43..6.27 rows=92 width=4)
	  Index Cond: ((id >= 2771326) AND (id <= 2771426))

explain: for range-covered :: explain SELECT id FROM sbtest%d WHERE id BETWEEN 2771326 AND 2771426
for range-covered
table 1 : explain SELECT id FROM sbtest1 WHERE id BETWEEN 6016323 AND 6016423
	Index Only Scan using sbtest1_pkey on sbtest1  (cost=0.43..6.37 rows=97 width=4)
	  Index Cond: ((id >= 6016323) AND (id <= 6016423))

table 2 : explain SELECT id FROM sbtest2 WHERE id BETWEEN 6016323 AND 6016423
	Index Only Scan using sbtest2_pkey on sbtest2  (cost=0.43..6.43 rows=100 width=4)
	  Index Cond: ((id >= 6016323) AND (id <= 6016423))

table 3 : explain SELECT id FROM sbtest3 WHERE id BETWEEN 6016323 AND 6016423
	Index Only Scan using sbtest3_pkey on sbtest3  (cost=0.43..10.33 rows=95 width=4)
	  Index Cond: ((id >= 6016323) AND (id <= 6016423))

table 4 : explain SELECT id FROM sbtest4 WHERE id BETWEEN 6016323 AND 6016423
	Index Only Scan using sbtest4_pkey on sbtest4  (cost=0.43..6.47 rows=102 width=4)
	  Index Cond: ((id >= 6016323) AND (id <= 6016423))

table 5 : explain SELECT id FROM sbtest5 WHERE id BETWEEN 6016323 AND 6016423
	Index Only Scan using sbtest5_pkey on sbtest5  (cost=0.43..6.29 rows=93 width=4)
	  Index Cond: ((id >= 6016323) AND (id <= 6016423))

table 6 : explain SELECT id FROM sbtest6 WHERE id BETWEEN 6016323 AND 6016423
	Index Only Scan using sbtest6_pkey on sbtest6  (cost=0.43..10.29 rows=93 width=4)
	  Index Cond: ((id >= 6016323) AND (id <= 6016423))

table 7 : explain SELECT id FROM sbtest7 WHERE id BETWEEN 6016323 AND 6016423
	Index Only Scan using sbtest7_pkey on sbtest7  (cost=0.43..10.38 rows=97 width=4)
	  Index Cond: ((id >= 6016323) AND (id <= 6016423))

table 8 : explain SELECT id FROM sbtest8 WHERE id BETWEEN 6016323 AND 6016423
	Index Only Scan using sbtest8_pkey on sbtest8  (cost=0.43..6.53 rows=105 width=4)
	  Index Cond: ((id >= 6016323) AND (id <= 6016423))

for range-covered
table 1 : explain SELECT id FROM sbtest1 WHERE id BETWEEN 5387296 AND 5387396
	Index Only Scan using sbtest1_pkey on sbtest1  (cost=0.43..6.45 rows=101 width=4)
	  Index Cond: ((id >= 5387296) AND (id <= 5387396))

table 2 : explain SELECT id FROM sbtest2 WHERE id BETWEEN 5387296 AND 5387396
	Index Only Scan using sbtest2_pkey on sbtest2  (cost=0.43..6.45 rows=101 width=4)
	  Index Cond: ((id >= 5387296) AND (id <= 5387396))

table 3 : explain SELECT id FROM sbtest3 WHERE id BETWEEN 5387296 AND 5387396
	Index Only Scan using sbtest3_pkey on sbtest3  (cost=0.43..10.42 rows=99 width=4)
	  Index Cond: ((id >= 5387296) AND (id <= 5387396))

table 4 : explain SELECT id FROM sbtest4 WHERE id BETWEEN 5387296 AND 5387396
	Index Only Scan using sbtest4_pkey on sbtest4  (cost=0.43..6.72 rows=114 width=4)
	  Index Cond: ((id >= 5387296) AND (id <= 5387396))

table 5 : explain SELECT id FROM sbtest5 WHERE id BETWEEN 5387296 AND 5387396
	Index Only Scan using sbtest5_pkey on sbtest5  (cost=0.43..6.53 rows=105 width=4)
	  Index Cond: ((id >= 5387296) AND (id <= 5387396))

table 6 : explain SELECT id FROM sbtest6 WHERE id BETWEEN 5387296 AND 5387396
	Index Only Scan using sbtest6_pkey on sbtest6  (cost=0.43..10.32 rows=94 width=4)
	  Index Cond: ((id >= 5387296) AND (id <= 5387396))

table 7 : explain SELECT id FROM sbtest7 WHERE id BETWEEN 5387296 AND 5387396
	Index Only Scan using sbtest7_pkey on sbtest7  (cost=0.43..10.40 rows=98 width=4)
	  Index Cond: ((id >= 5387296) AND (id <= 5387396))

table 8 : explain SELECT id FROM sbtest8 WHERE id BETWEEN 5387296 AND 5387396
	Index Only Scan using sbtest8_pkey on sbtest8  (cost=0.43..6.27 rows=92 width=4)
	  Index Cond: ((id >= 5387296) AND (id <= 5387396))

explain: for range-covered :: explain SELECT id FROM sbtest%d WHERE id BETWEEN 5387296 AND 5387396
for range-covered
table 1 : explain SELECT id FROM sbtest1 WHERE id BETWEEN 2771326 AND 2771426
	Index Only Scan using sbtest1_pkey on sbtest1  (cost=0.43..6.40 rows=98 width=4)
	  Index Cond: ((id >= 2771326) AND (id <= 2771426))

table 2 : explain SELECT id FROM sbtest2 WHERE id BETWEEN 2771326 AND 2771426
	Index Only Scan using sbtest2_pkey on sbtest2  (cost=0.43..6.56 rows=106 width=4)
	  Index Cond: ((id >= 2771326) AND (id <= 2771426))

table 3 : explain SELECT id FROM sbtest3 WHERE id BETWEEN 2771326 AND 2771426
	Index Only Scan using sbtest3_pkey on sbtest3  (cost=0.43..10.47 rows=102 width=4)
	  Index Cond: ((id >= 2771326) AND (id <= 2771426))

table 4 : explain SELECT id FROM sbtest4 WHERE id BETWEEN 2771326 AND 2771426
	Index Only Scan using sbtest4_pkey on sbtest4  (cost=0.43..6.63 rows=110 width=4)
	  Index Cond: ((id >= 2771326) AND (id <= 2771426))

table 5 : explain SELECT id FROM sbtest5 WHERE id BETWEEN 2771326 AND 2771426
	Index Only Scan using sbtest5_pkey on sbtest5  (cost=0.43..6.58 rows=107 width=4)
	  Index Cond: ((id >= 2771326) AND (id <= 2771426))

table 6 : explain SELECT id FROM sbtest6 WHERE id BETWEEN 2771326 AND 2771426
	Index Only Scan using sbtest6_pkey on sbtest6  (cost=0.43..10.50 rows=103 width=4)
	  Index Cond: ((id >= 2771326) AND (id <= 2771426))

table 7 : explain SELECT id FROM sbtest7 WHERE id BETWEEN 2771326 AND 2771426
	Index Only Scan using sbtest7_pkey on sbtest7  (cost=0.43..10.29 rows=93 width=4)
	  Index Cond: ((id >= 2771326) AND (id <= 2771426))

table 8 : explain SELECT id FROM sbtest8 WHERE id BETWEEN 2771326 AND 2771426
	Index Only Scan using sbtest8_pkey on sbtest8  (cost=0.43..6.27 rows=92 width=4)
	  Index Cond: ((id >= 2771326) AND (id <= 2771426))

explain: for range-covered :: explain SELECT id FROM sbtest%d WHERE id BETWEEN 2771326 AND 2771426
for range-covered
table 1 : explain SELECT id FROM sbtest1 WHERE id BETWEEN 5387296 AND 5387396
	Index Only Scan using sbtest1_pkey on sbtest1  (cost=0.43..6.45 rows=101 width=4)
	  Index Cond: ((id >= 5387296) AND (id <= 5387396))

table 2 : explain SELECT id FROM sbtest2 WHERE id BETWEEN 5387296 AND 5387396
	Index Only Scan using sbtest2_pkey on sbtest2  (cost=0.43..6.45 rows=101 width=4)
	  Index Cond: ((id >= 5387296) AND (id <= 5387396))

table 3 : explain SELECT id FROM sbtest3 WHERE id BETWEEN 5387296 AND 5387396
	Index Only Scan using sbtest3_pkey on sbtest3  (cost=0.43..10.42 rows=99 width=4)
	  Index Cond: ((id >= 5387296) AND (id <= 5387396))

table 4 : explain SELECT id FROM sbtest4 WHERE id BETWEEN 5387296 AND 5387396
	Index Only Scan using sbtest4_pkey on sbtest4  (cost=0.43..6.72 rows=114 width=4)
	  Index Cond: ((id >= 5387296) AND (id <= 5387396))

table 5 : explain SELECT id FROM sbtest5 WHERE id BETWEEN 5387296 AND 5387396
	Index Only Scan using sbtest5_pkey on sbtest5  (cost=0.43..6.53 rows=105 width=4)
	  Index Cond: ((id >= 5387296) AND (id <= 5387396))

table 6 : explain SELECT id FROM sbtest6 WHERE id BETWEEN 5387296 AND 5387396
	Index Only Scan using sbtest6_pkey on sbtest6  (cost=0.43..10.32 rows=94 width=4)
	  Index Cond: ((id >= 5387296) AND (id <= 5387396))

table 7 : explain SELECT id FROM sbtest7 WHERE id BETWEEN 5387296 AND 5387396
	Index Only Scan using sbtest7_pkey on sbtest7  (cost=0.43..10.40 rows=98 width=4)
	  Index Cond: ((id >= 5387296) AND (id <= 5387396))

table 8 : explain SELECT id FROM sbtest8 WHERE id BETWEEN 5387296 AND 5387396
	Index Only Scan using sbtest8_pkey on sbtest8  (cost=0.43..6.27 rows=92 width=4)
	  Index Cond: ((id >= 5387296) AND (id <= 5387396))

explain: for range-covered :: explain SELECT id FROM sbtest%d WHERE id BETWEEN 4482045 AND 4482145
for range-covered
table 1 : explain SELECT id FROM sbtest1 WHERE id BETWEEN 2771326 AND 2771426
	Index Only Scan using sbtest1_pkey on sbtest1  (cost=0.43..6.40 rows=98 width=4)
	  Index Cond: ((id >= 2771326) AND (id <= 2771426))

table 2 : explain SELECT id FROM sbtest2 WHERE id BETWEEN 2771326 AND 2771426
	Index Only Scan using sbtest2_pkey on sbtest2  (cost=0.43..6.56 rows=106 width=4)
	  Index Cond: ((id >= 2771326) AND (id <= 2771426))

table 3 : explain SELECT id FROM sbtest3 WHERE id BETWEEN 2771326 AND 2771426
	Index Only Scan using sbtest3_pkey on sbtest3  (cost=0.43..10.47 rows=102 width=4)
	  Index Cond: ((id >= 2771326) AND (id <= 2771426))

table 4 : explain SELECT id FROM sbtest4 WHERE id BETWEEN 2771326 AND 2771426
	Index Only Scan using sbtest4_pkey on sbtest4  (cost=0.43..6.63 rows=110 width=4)
	  Index Cond: ((id >= 2771326) AND (id <= 2771426))

table 5 : explain SELECT id FROM sbtest5 WHERE id BETWEEN 2771326 AND 2771426
	Index Only Scan using sbtest5_pkey on sbtest5  (cost=0.43..6.58 rows=107 width=4)
	  Index Cond: ((id >= 2771326) AND (id <= 2771426))

table 6 : explain SELECT id FROM sbtest6 WHERE id BETWEEN 2771326 AND 2771426
	Index Only Scan using sbtest6_pkey on sbtest6  (cost=0.43..10.50 rows=103 width=4)
	  Index Cond: ((id >= 2771326) AND (id <= 2771426))

table 7 : explain SELECT id FROM sbtest7 WHERE id BETWEEN 2771326 AND 2771426
	Index Only Scan using sbtest7_pkey on sbtest7  (cost=0.43..10.29 rows=93 width=4)
	  Index Cond: ((id >= 2771326) AND (id <= 2771426))

table 8 : explain SELECT id FROM sbtest8 WHERE id BETWEEN 2771326 AND 2771426
	Index Only Scan using sbtest8_pkey on sbtest8  (cost=0.43..6.27 rows=92 width=4)
	  Index Cond: ((id >= 2771326) AND (id <= 2771426))

for range-covered
table 1 : explain SELECT id FROM sbtest1 WHERE id BETWEEN 8206456 AND 8206556
	Index Only Scan using sbtest1_pkey on sbtest1  (cost=0.43..6.63 rows=110 width=4)
	  Index Cond: ((id >= 8206456) AND (id <= 8206556))

table 2 : explain SELECT id FROM sbtest2 WHERE id BETWEEN 8206456 AND 8206556
	Index Only Scan using sbtest2_pkey on sbtest2  (cost=0.43..6.40 rows=98 width=4)
	  Index Cond: ((id >= 8206456) AND (id <= 8206556))

table 3 : explain SELECT id FROM sbtest3 WHERE id BETWEEN 8206456 AND 8206556
	Index Only Scan using sbtest3_pkey on sbtest3  (cost=0.43..10.26 rows=91 width=4)
	  Index Cond: ((id >= 8206456) AND (id <= 8206556))

table 4 : explain SELECT id FROM sbtest4 WHERE id BETWEEN 8206456 AND 8206556
	Index Only Scan using sbtest4_pkey on sbtest4  (cost=0.43..6.50 rows=103 width=4)
	  Index Cond: ((id >= 8206456) AND (id <= 8206556))

table 5 : explain SELECT id FROM sbtest5 WHERE id BETWEEN 8206456 AND 8206556
	Index Only Scan using sbtest5_pkey on sbtest5  (cost=0.43..6.32 rows=94 width=4)
	  Index Cond: ((id >= 8206456) AND (id <= 8206556))

table 6 : explain SELECT id FROM sbtest6 WHERE id BETWEEN 8206456 AND 8206556
	Index Only Scan using sbtest6_pkey on sbtest6  (cost=0.43..10.56 rows=106 width=4)
	  Index Cond: ((id >= 8206456) AND (id <= 8206556))

table 7 : explain SELECT id FROM sbtest7 WHERE id BETWEEN 8206456 AND 8206556
	Index Only Scan using sbtest7_pkey on sbtest7  (cost=0.43..10.56 rows=106 width=4)
	  Index Cond: ((id >= 8206456) AND (id <= 8206556))

table 8 : explain SELECT id FROM sbtest8 WHERE id BETWEEN 8206456 AND 8206556
	Index Only Scan using sbtest8_pkey on sbtest8  (cost=0.43..6.43 rows=100 width=4)
	  Index Cond: ((id >= 8206456) AND (id <= 8206556))

explain: for range-covered :: explain SELECT id FROM sbtest%d WHERE id BETWEEN 2771326 AND 2771426
explain: for range-covered :: explain SELECT id FROM sbtest%d WHERE id BETWEEN 8206456 AND 8206556
explain: for range-covered :: explain SELECT id FROM sbtest%d WHERE id BETWEEN 6839540 AND 6839640
for range-covered
table 1 : explain SELECT id FROM sbtest1 WHERE id BETWEEN 2771326 AND 2771426
	Index Only Scan using sbtest1_pkey on sbtest1  (cost=0.43..6.40 rows=98 width=4)
	  Index Cond: ((id >= 2771326) AND (id <= 2771426))

table 2 : explain SELECT id FROM sbtest2 WHERE id BETWEEN 2771326 AND 2771426
	Index Only Scan using sbtest2_pkey on sbtest2  (cost=0.43..6.56 rows=106 width=4)
	  Index Cond: ((id >= 2771326) AND (id <= 2771426))

table 3 : explain SELECT id FROM sbtest3 WHERE id BETWEEN 2771326 AND 2771426
	Index Only Scan using sbtest3_pkey on sbtest3  (cost=0.43..10.47 rows=102 width=4)
	  Index Cond: ((id >= 2771326) AND (id <= 2771426))

table 4 : explain SELECT id FROM sbtest4 WHERE id BETWEEN 2771326 AND 2771426
	Index Only Scan using sbtest4_pkey on sbtest4  (cost=0.43..6.63 rows=110 width=4)
	  Index Cond: ((id >= 2771326) AND (id <= 2771426))

table 5 : explain SELECT id FROM sbtest5 WHERE id BETWEEN 2771326 AND 2771426
	Index Only Scan using sbtest5_pkey on sbtest5  (cost=0.43..6.58 rows=107 width=4)
	  Index Cond: ((id >= 2771326) AND (id <= 2771426))

table 6 : explain SELECT id FROM sbtest6 WHERE id BETWEEN 2771326 AND 2771426
	Index Only Scan using sbtest6_pkey on sbtest6  (cost=0.43..10.50 rows=103 width=4)
	  Index Cond: ((id >= 2771326) AND (id <= 2771426))

table 7 : explain SELECT id FROM sbtest7 WHERE id BETWEEN 2771326 AND 2771426
	Index Only Scan using sbtest7_pkey on sbtest7  (cost=0.43..10.29 rows=93 width=4)
	  Index Cond: ((id >= 2771326) AND (id <= 2771426))

table 8 : explain SELECT id FROM sbtest8 WHERE id BETWEEN 2771326 AND 2771426
	Index Only Scan using sbtest8_pkey on sbtest8  (cost=0.43..6.27 rows=92 width=4)
	  Index Cond: ((id >= 2771326) AND (id <= 2771426))

explain: for range-covered :: explain SELECT id FROM sbtest%d WHERE id BETWEEN 2771326 AND 2771426
for range-covered
table 1 : explain SELECT id FROM sbtest1 WHERE id BETWEEN 8206456 AND 8206556
	Index Only Scan using sbtest1_pkey on sbtest1  (cost=0.43..6.63 rows=110 width=4)
	  Index Cond: ((id >= 8206456) AND (id <= 8206556))

table 2 : explain SELECT id FROM sbtest2 WHERE id BETWEEN 8206456 AND 8206556
	Index Only Scan using sbtest2_pkey on sbtest2  (cost=0.43..6.40 rows=98 width=4)
	  Index Cond: ((id >= 8206456) AND (id <= 8206556))

table 3 : explain SELECT id FROM sbtest3 WHERE id BETWEEN 8206456 AND 8206556
	Index Only Scan using sbtest3_pkey on sbtest3  (cost=0.43..10.26 rows=91 width=4)
	  Index Cond: ((id >= 8206456) AND (id <= 8206556))

table 4 : explain SELECT id FROM sbtest4 WHERE id BETWEEN 8206456 AND 8206556
	Index Only Scan using sbtest4_pkey on sbtest4  (cost=0.43..6.50 rows=103 width=4)
	  Index Cond: ((id >= 8206456) AND (id <= 8206556))

table 5 : explain SELECT id FROM sbtest5 WHERE id BETWEEN 8206456 AND 8206556
	Index Only Scan using sbtest5_pkey on sbtest5  (cost=0.43..6.32 rows=94 width=4)
	  Index Cond: ((id >= 8206456) AND (id <= 8206556))

table 6 : explain SELECT id FROM sbtest6 WHERE id BETWEEN 8206456 AND 8206556
	Index Only Scan using sbtest6_pkey on sbtest6  (cost=0.43..10.56 rows=106 width=4)
	  Index Cond: ((id >= 8206456) AND (id <= 8206556))

table 7 : explain SELECT id FROM sbtest7 WHERE id BETWEEN 8206456 AND 8206556
	Index Only Scan using sbtest7_pkey on sbtest7  (cost=0.43..10.56 rows=106 width=4)
	  Index Cond: ((id >= 8206456) AND (id <= 8206556))

table 8 : explain SELECT id FROM sbtest8 WHERE id BETWEEN 8206456 AND 8206556
	Index Only Scan using sbtest8_pkey on sbtest8  (cost=0.43..6.43 rows=100 width=4)
	  Index Cond: ((id >= 8206456) AND (id <= 8206556))

explain: for range-covered :: explain SELECT id FROM sbtest%d WHERE id BETWEEN 8206456 AND 8206556
explain: for range-covered :: explain SELECT id FROM sbtest%d WHERE id BETWEEN 5879399 AND 5879499
for range-covered
table 1 : explain SELECT id FROM sbtest1 WHERE id BETWEEN 7387394 AND 7387494
	Index Only Scan using sbtest1_pkey on sbtest1  (cost=0.43..6.37 rows=97 width=4)
	  Index Cond: ((id >= 7387394) AND (id <= 7387494))

table 2 : explain SELECT id FROM sbtest2 WHERE id BETWEEN 7387394 AND 7387494
	Index Only Scan using sbtest2_pkey on sbtest2  (cost=0.43..6.47 rows=102 width=4)
	  Index Cond: ((id >= 7387394) AND (id <= 7387494))

table 3 : explain SELECT id FROM sbtest3 WHERE id BETWEEN 7387394 AND 7387494
	Index Only Scan using sbtest3_pkey on sbtest3  (cost=0.43..10.56 rows=106 width=4)
	  Index Cond: ((id >= 7387394) AND (id <= 7387494))

table 4 : explain SELECT id FROM sbtest4 WHERE id BETWEEN 7387394 AND 7387494
	Index Only Scan using sbtest4_pkey on sbtest4  (cost=0.43..6.53 rows=105 width=4)
	  Index Cond: ((id >= 7387394) AND (id <= 7387494))

table 5 : explain SELECT id FROM sbtest5 WHERE id BETWEEN 7387394 AND 7387494
	Index Only Scan using sbtest5_pkey on sbtest5  (cost=0.43..6.43 rows=100 width=4)
	  Index Cond: ((id >= 7387394) AND (id <= 7387494))

table 6 : explain SELECT id FROM sbtest6 WHERE id BETWEEN 7387394 AND 7387494
	Index Only Scan using sbtest6_pkey on sbtest6  (cost=0.43..10.42 rows=99 width=4)
	  Index Cond: ((id >= 7387394) AND (id <= 7387494))

table 7 : explain SELECT id FROM sbtest7 WHERE id BETWEEN 7387394 AND 7387494
	Index Only Scan using sbtest7_pkey on sbtest7  (cost=0.43..10.33 rows=95 width=4)
	  Index Cond: ((id >= 7387394) AND (id <= 7387494))

table 8 : explain SELECT id FROM sbtest8 WHERE id BETWEEN 7387394 AND 7387494
	Index Only Scan using sbtest8_pkey on sbtest8  (cost=0.43..6.47 rows=102 width=4)
	  Index Cond: ((id >= 7387394) AND (id <= 7387494))

explain: for range-covered :: explain SELECT id FROM sbtest%d WHERE id BETWEEN 7387394 AND 7387494
for range-covered
table 1 : explain SELECT id FROM sbtest1 WHERE id BETWEEN 2771326 AND 2771426
	Index Only Scan using sbtest1_pkey on sbtest1  (cost=0.43..6.40 rows=98 width=4)
	  Index Cond: ((id >= 2771326) AND (id <= 2771426))

table 2 : explain SELECT id FROM sbtest2 WHERE id BETWEEN 2771326 AND 2771426
	Index Only Scan using sbtest2_pkey on sbtest2  (cost=0.43..6.56 rows=106 width=4)
	  Index Cond: ((id >= 2771326) AND (id <= 2771426))

table 3 : explain SELECT id FROM sbtest3 WHERE id BETWEEN 2771326 AND 2771426
	Index Only Scan using sbtest3_pkey on sbtest3  (cost=0.43..10.47 rows=102 width=4)
	  Index Cond: ((id >= 2771326) AND (id <= 2771426))

table 4 : explain SELECT id FROM sbtest4 WHERE id BETWEEN 2771326 AND 2771426
	Index Only Scan using sbtest4_pkey on sbtest4  (cost=0.43..6.63 rows=110 width=4)
	  Index Cond: ((id >= 2771326) AND (id <= 2771426))

table 5 : explain SELECT id FROM sbtest5 WHERE id BETWEEN 2771326 AND 2771426
	Index Only Scan using sbtest5_pkey on sbtest5  (cost=0.43..6.58 rows=107 width=4)
	  Index Cond: ((id >= 2771326) AND (id <= 2771426))

table 6 : explain SELECT id FROM sbtest6 WHERE id BETWEEN 2771326 AND 2771426
	Index Only Scan using sbtest6_pkey on sbtest6  (cost=0.43..10.50 rows=103 width=4)
	  Index Cond: ((id >= 2771326) AND (id <= 2771426))

table 7 : explain SELECT id FROM sbtest7 WHERE id BETWEEN 2771326 AND 2771426
	Index Only Scan using sbtest7_pkey on sbtest7  (cost=0.43..10.29 rows=93 width=4)
	  Index Cond: ((id >= 2771326) AND (id <= 2771426))

table 8 : explain SELECT id FROM sbtest8 WHERE id BETWEEN 2771326 AND 2771426
	Index Only Scan using sbtest8_pkey on sbtest8  (cost=0.43..6.27 rows=92 width=4)
	  Index Cond: ((id >= 2771326) AND (id <= 2771426))

explain: for range-covered :: explain SELECT id FROM sbtest%d WHERE id BETWEEN 2771326 AND 2771426
for range-covered
table 1 : explain SELECT id FROM sbtest1 WHERE id BETWEEN 8206456 AND 8206556
	Index Only Scan using sbtest1_pkey on sbtest1  (cost=0.43..6.63 rows=110 width=4)
	  Index Cond: ((id >= 8206456) AND (id <= 8206556))

table 2 : explain SELECT id FROM sbtest2 WHERE id BETWEEN 8206456 AND 8206556
	Index Only Scan using sbtest2_pkey on sbtest2  (cost=0.43..6.40 rows=98 width=4)
	  Index Cond: ((id >= 8206456) AND (id <= 8206556))

table 3 : explain SELECT id FROM sbtest3 WHERE id BETWEEN 8206456 AND 8206556
	Index Only Scan using sbtest3_pkey on sbtest3  (cost=0.43..10.26 rows=91 width=4)
	  Index Cond: ((id >= 8206456) AND (id <= 8206556))

table 4 : explain SELECT id FROM sbtest4 WHERE id BETWEEN 8206456 AND 8206556
	Index Only Scan using sbtest4_pkey on sbtest4  (cost=0.43..6.50 rows=103 width=4)
	  Index Cond: ((id >= 8206456) AND (id <= 8206556))

table 5 : explain SELECT id FROM sbtest5 WHERE id BETWEEN 8206456 AND 8206556
	Index Only Scan using sbtest5_pkey on sbtest5  (cost=0.43..6.32 rows=94 width=4)
	  Index Cond: ((id >= 8206456) AND (id <= 8206556))

table 6 : explain SELECT id FROM sbtest6 WHERE id BETWEEN 8206456 AND 8206556
	Index Only Scan using sbtest6_pkey on sbtest6  (cost=0.43..10.56 rows=106 width=4)
	  Index Cond: ((id >= 8206456) AND (id <= 8206556))

table 7 : explain SELECT id FROM sbtest7 WHERE id BETWEEN 8206456 AND 8206556
	Index Only Scan using sbtest7_pkey on sbtest7  (cost=0.43..10.56 rows=106 width=4)
	  Index Cond: ((id >= 8206456) AND (id <= 8206556))

table 8 : explain SELECT id FROM sbtest8 WHERE id BETWEEN 8206456 AND 8206556
	Index Only Scan using sbtest8_pkey on sbtest8  (cost=0.43..6.43 rows=100 width=4)
	  Index Cond: ((id >= 8206456) AND (id <= 8206556))

explain: for range-covered :: explain SELECT id FROM sbtest%d WHERE id BETWEEN 8206456 AND 8206556
for range-covered
table 1 : explain SELECT id FROM sbtest1 WHERE id BETWEEN 7387394 AND 7387494
	Index Only Scan using sbtest1_pkey on sbtest1  (cost=0.43..6.37 rows=97 width=4)
	  Index Cond: ((id >= 7387394) AND (id <= 7387494))

table 2 : explain SELECT id FROM sbtest2 WHERE id BETWEEN 7387394 AND 7387494
	Index Only Scan using sbtest2_pkey on sbtest2  (cost=0.43..6.47 rows=102 width=4)
	  Index Cond: ((id >= 7387394) AND (id <= 7387494))

table 3 : explain SELECT id FROM sbtest3 WHERE id BETWEEN 7387394 AND 7387494
	Index Only Scan using sbtest3_pkey on sbtest3  (cost=0.43..10.56 rows=106 width=4)
	  Index Cond: ((id >= 7387394) AND (id <= 7387494))

table 4 : explain SELECT id FROM sbtest4 WHERE id BETWEEN 7387394 AND 7387494
	Index Only Scan using sbtest4_pkey on sbtest4  (cost=0.43..6.53 rows=105 width=4)
	  Index Cond: ((id >= 7387394) AND (id <= 7387494))

table 5 : explain SELECT id FROM sbtest5 WHERE id BETWEEN 7387394 AND 7387494
	Index Only Scan using sbtest5_pkey on sbtest5  (cost=0.43..6.43 rows=100 width=4)
	  Index Cond: ((id >= 7387394) AND (id <= 7387494))

table 6 : explain SELECT id FROM sbtest6 WHERE id BETWEEN 7387394 AND 7387494
	Index Only Scan using sbtest6_pkey on sbtest6  (cost=0.43..10.42 rows=99 width=4)
	  Index Cond: ((id >= 7387394) AND (id <= 7387494))

table 7 : explain SELECT id FROM sbtest7 WHERE id BETWEEN 7387394 AND 7387494
	Index Only Scan using sbtest7_pkey on sbtest7  (cost=0.43..10.33 rows=95 width=4)
	  Index Cond: ((id >= 7387394) AND (id <= 7387494))

table 8 : explain SELECT id FROM sbtest8 WHERE id BETWEEN 7387394 AND 7387494
	Index Only Scan using sbtest8_pkey on sbtest8  (cost=0.43..6.47 rows=102 width=4)
	  Index Cond: ((id >= 7387394) AND (id <= 7387494))

explain: for range-covered :: explain SELECT id FROM sbtest%d WHERE id BETWEEN 7387394 AND 7387494
for range-covered
table 1 : explain SELECT id FROM sbtest1 WHERE id BETWEEN 2771326 AND 2771426
	Index Only Scan using sbtest1_pkey on sbtest1  (cost=0.43..6.40 rows=98 width=4)
	  Index Cond: ((id >= 2771326) AND (id <= 2771426))

table 2 : explain SELECT id FROM sbtest2 WHERE id BETWEEN 2771326 AND 2771426
	Index Only Scan using sbtest2_pkey on sbtest2  (cost=0.43..6.56 rows=106 width=4)
	  Index Cond: ((id >= 2771326) AND (id <= 2771426))

table 3 : explain SELECT id FROM sbtest3 WHERE id BETWEEN 2771326 AND 2771426
	Index Only Scan using sbtest3_pkey on sbtest3  (cost=0.43..10.47 rows=102 width=4)
	  Index Cond: ((id >= 2771326) AND (id <= 2771426))

table 4 : explain SELECT id FROM sbtest4 WHERE id BETWEEN 2771326 AND 2771426
	Index Only Scan using sbtest4_pkey on sbtest4  (cost=0.43..6.63 rows=110 width=4)
	  Index Cond: ((id >= 2771326) AND (id <= 2771426))

table 5 : explain SELECT id FROM sbtest5 WHERE id BETWEEN 2771326 AND 2771426
	Index Only Scan using sbtest5_pkey on sbtest5  (cost=0.43..6.58 rows=107 width=4)
	  Index Cond: ((id >= 2771326) AND (id <= 2771426))

table 6 : explain SELECT id FROM sbtest6 WHERE id BETWEEN 2771326 AND 2771426
	Index Only Scan using sbtest6_pkey on sbtest6  (cost=0.43..10.50 rows=103 width=4)
	  Index Cond: ((id >= 2771326) AND (id <= 2771426))

table 7 : explain SELECT id FROM sbtest7 WHERE id BETWEEN 2771326 AND 2771426
	Index Only Scan using sbtest7_pkey on sbtest7  (cost=0.43..10.29 rows=93 width=4)
	  Index Cond: ((id >= 2771326) AND (id <= 2771426))

table 8 : explain SELECT id FROM sbtest8 WHERE id BETWEEN 2771326 AND 2771426
	Index Only Scan using sbtest8_pkey on sbtest8  (cost=0.43..6.27 rows=92 width=4)
	  Index Cond: ((id >= 2771326) AND (id <= 2771426))

explain: for range-covered :: explain SELECT id FROM sbtest%d WHERE id BETWEEN 2771326 AND 2771426
for range-covered
table 1 : explain SELECT id FROM sbtest1 WHERE id BETWEEN 8206456 AND 8206556
	Index Only Scan using sbtest1_pkey on sbtest1  (cost=0.43..6.63 rows=110 width=4)
	  Index Cond: ((id >= 8206456) AND (id <= 8206556))

table 2 : explain SELECT id FROM sbtest2 WHERE id BETWEEN 8206456 AND 8206556
	Index Only Scan using sbtest2_pkey on sbtest2  (cost=0.43..6.40 rows=98 width=4)
	  Index Cond: ((id >= 8206456) AND (id <= 8206556))

table 3 : explain SELECT id FROM sbtest3 WHERE id BETWEEN 8206456 AND 8206556
	Index Only Scan using sbtest3_pkey on sbtest3  (cost=0.43..10.26 rows=91 width=4)
	  Index Cond: ((id >= 8206456) AND (id <= 8206556))

table 4 : explain SELECT id FROM sbtest4 WHERE id BETWEEN 8206456 AND 8206556
	Index Only Scan using sbtest4_pkey on sbtest4  (cost=0.43..6.50 rows=103 width=4)
	  Index Cond: ((id >= 8206456) AND (id <= 8206556))

table 5 : explain SELECT id FROM sbtest5 WHERE id BETWEEN 8206456 AND 8206556
	Index Only Scan using sbtest5_pkey on sbtest5  (cost=0.43..6.32 rows=94 width=4)
	  Index Cond: ((id >= 8206456) AND (id <= 8206556))

table 6 : explain SELECT id FROM sbtest6 WHERE id BETWEEN 8206456 AND 8206556
	Index Only Scan using sbtest6_pkey on sbtest6  (cost=0.43..10.56 rows=106 width=4)
	  Index Cond: ((id >= 8206456) AND (id <= 8206556))

table 7 : explain SELECT id FROM sbtest7 WHERE id BETWEEN 8206456 AND 8206556
	Index Only Scan using sbtest7_pkey on sbtest7  (cost=0.43..10.56 rows=106 width=4)
	  Index Cond: ((id >= 8206456) AND (id <= 8206556))

table 8 : explain SELECT id FROM sbtest8 WHERE id BETWEEN 8206456 AND 8206556
	Index Only Scan using sbtest8_pkey on sbtest8  (cost=0.43..6.43 rows=100 width=4)
	  Index Cond: ((id >= 8206456) AND (id <= 8206556))

explain: for range-covered :: explain SELECT id FROM sbtest%d WHERE id BETWEEN 8206456 AND 8206556
for range-covered
table 1 : explain SELECT id FROM sbtest1 WHERE id BETWEEN 4482045 AND 4482145
	Index Only Scan using sbtest1_pkey on sbtest1  (cost=0.43..6.37 rows=97 width=4)
	  Index Cond: ((id >= 4482045) AND (id <= 4482145))

table 2 : explain SELECT id FROM sbtest2 WHERE id BETWEEN 4482045 AND 4482145
	Index Only Scan using sbtest2_pkey on sbtest2  (cost=0.43..6.53 rows=105 width=4)
	  Index Cond: ((id >= 4482045) AND (id <= 4482145))

table 3 : explain SELECT id FROM sbtest3 WHERE id BETWEEN 4482045 AND 4482145
	Index Only Scan using sbtest3_pkey on sbtest3  (cost=0.43..10.46 rows=101 width=4)
	  Index Cond: ((id >= 4482045) AND (id <= 4482145))

table 4 : explain SELECT id FROM sbtest4 WHERE id BETWEEN 4482045 AND 4482145
	Index Only Scan using sbtest4_pkey on sbtest4  (cost=0.43..6.40 rows=98 width=4)
	  Index Cond: ((id >= 4482045) AND (id <= 4482145))

table 5 : explain SELECT id FROM sbtest5 WHERE id BETWEEN 4482045 AND 4482145
	Index Only Scan using sbtest5_pkey on sbtest5  (cost=0.43..6.63 rows=110 width=4)
	  Index Cond: ((id >= 4482045) AND (id <= 4482145))

table 6 : explain SELECT id FROM sbtest6 WHERE id BETWEEN 4482045 AND 4482145
	Index Only Scan using sbtest6_pkey on sbtest6  (cost=0.43..10.58 rows=107 width=4)
	  Index Cond: ((id >= 4482045) AND (id <= 4482145))

table 7 : explain SELECT id FROM sbtest7 WHERE id BETWEEN 4482045 AND 4482145
	Index Only Scan using sbtest7_pkey on sbtest7  (cost=0.43..10.56 rows=106 width=4)
	  Index Cond: ((id >= 4482045) AND (id <= 4482145))

table 8 : explain SELECT id FROM sbtest8 WHERE id BETWEEN 4482045 AND 4482145
	Index Only Scan using sbtest8_pkey on sbtest8  (cost=0.43..6.43 rows=100 width=4)
	  Index Cond: ((id >= 4482045) AND (id <= 4482145))

explain: for range-covered :: explain SELECT id FROM sbtest%d WHERE id BETWEEN 4482045 AND 4482145
for range-covered
table 1 : explain SELECT id FROM sbtest1 WHERE id BETWEEN 6839540 AND 6839640
	Index Only Scan using sbtest1_pkey on sbtest1  (cost=0.43..6.40 rows=98 width=4)
	  Index Cond: ((id >= 6839540) AND (id <= 6839640))

table 2 : explain SELECT id FROM sbtest2 WHERE id BETWEEN 6839540 AND 6839640
	Index Only Scan using sbtest2_pkey on sbtest2  (cost=0.43..6.43 rows=100 width=4)
	  Index Cond: ((id >= 6839540) AND (id <= 6839640))

table 3 : explain SELECT id FROM sbtest3 WHERE id BETWEEN 6839540 AND 6839640
	Index Only Scan using sbtest3_pkey on sbtest3  (cost=0.43..10.56 rows=106 width=4)
	  Index Cond: ((id >= 6839540) AND (id <= 6839640))

table 4 : explain SELECT id FROM sbtest4 WHERE id BETWEEN 6839540 AND 6839640
	Index Only Scan using sbtest4_pkey on sbtest4  (cost=0.43..6.56 rows=106 width=4)
	  Index Cond: ((id >= 6839540) AND (id <= 6839640))

table 5 : explain SELECT id FROM sbtest5 WHERE id BETWEEN 6839540 AND 6839640
	Index Only Scan using sbtest5_pkey on sbtest5  (cost=0.43..6.33 rows=95 width=4)
	  Index Cond: ((id >= 6839540) AND (id <= 6839640))

table 6 : explain SELECT id FROM sbtest6 WHERE id BETWEEN 6839540 AND 6839640
	Index Only Scan using sbtest6_pkey on sbtest6  (cost=0.43..10.47 rows=102 width=4)
	  Index Cond: ((id >= 6839540) AND (id <= 6839640))

table 7 : explain SELECT id FROM sbtest7 WHERE id BETWEEN 6839540 AND 6839640
	Index Only Scan using sbtest7_pkey on sbtest7  (cost=0.43..10.51 rows=104 width=4)
	  Index Cond: ((id >= 6839540) AND (id <= 6839640))

table 8 : explain SELECT id FROM sbtest8 WHERE id BETWEEN 6839540 AND 6839640
	Index Only Scan using sbtest8_pkey on sbtest8  (cost=0.43..6.56 rows=106 width=4)
	  Index Cond: ((id >= 6839540) AND (id <= 6839640))

for range-covered
table 1 : explain SELECT id FROM sbtest1 WHERE id BETWEEN 2771326 AND 2771426
	Index Only Scan using sbtest1_pkey on sbtest1  (cost=0.43..6.40 rows=98 width=4)
	  Index Cond: ((id >= 2771326) AND (id <= 2771426))

table 2 : explain SELECT id FROM sbtest2 WHERE id BETWEEN 2771326 AND 2771426
	Index Only Scan using sbtest2_pkey on sbtest2  (cost=0.43..6.56 rows=106 width=4)
	  Index Cond: ((id >= 2771326) AND (id <= 2771426))

table 3 : explain SELECT id FROM sbtest3 WHERE id BETWEEN 2771326 AND 2771426
	Index Only Scan using sbtest3_pkey on sbtest3  (cost=0.43..10.47 rows=102 width=4)
	  Index Cond: ((id >= 2771326) AND (id <= 2771426))

table 4 : explain SELECT id FROM sbtest4 WHERE id BETWEEN 2771326 AND 2771426
	Index Only Scan using sbtest4_pkey on sbtest4  (cost=0.43..6.63 rows=110 width=4)
	  Index Cond: ((id >= 2771326) AND (id <= 2771426))

table 5 : explain SELECT id FROM sbtest5 WHERE id BETWEEN 2771326 AND 2771426
	Index Only Scan using sbtest5_pkey on sbtest5  (cost=0.43..6.58 rows=107 width=4)
	  Index Cond: ((id >= 2771326) AND (id <= 2771426))

table 6 : explain SELECT id FROM sbtest6 WHERE id BETWEEN 2771326 AND 2771426
	Index Only Scan using sbtest6_pkey on sbtest6  (cost=0.43..10.50 rows=103 width=4)
	  Index Cond: ((id >= 2771326) AND (id <= 2771426))

table 7 : explain SELECT id FROM sbtest7 WHERE id BETWEEN 2771326 AND 2771426
	Index Only Scan using sbtest7_pkey on sbtest7  (cost=0.43..10.29 rows=93 width=4)
	  Index Cond: ((id >= 2771326) AND (id <= 2771426))

table 8 : explain SELECT id FROM sbtest8 WHERE id BETWEEN 2771326 AND 2771426
	Index Only Scan using sbtest8_pkey on sbtest8  (cost=0.43..6.27 rows=92 width=4)
	  Index Cond: ((id >= 2771326) AND (id <= 2771426))

for range-covered
table 1 : explain SELECT id FROM sbtest1 WHERE id BETWEEN 7387394 AND 7387494
	Index Only Scan using sbtest1_pkey on sbtest1  (cost=0.43..6.37 rows=97 width=4)
	  Index Cond: ((id >= 7387394) AND (id <= 7387494))

table 2 : explain SELECT id FROM sbtest2 WHERE id BETWEEN 7387394 AND 7387494
	Index Only Scan using sbtest2_pkey on sbtest2  (cost=0.43..6.47 rows=102 width=4)
	  Index Cond: ((id >= 7387394) AND (id <= 7387494))

table 3 : explain SELECT id FROM sbtest3 WHERE id BETWEEN 7387394 AND 7387494
	Index Only Scan using sbtest3_pkey on sbtest3  (cost=0.43..10.56 rows=106 width=4)
	  Index Cond: ((id >= 7387394) AND (id <= 7387494))

table 4 : explain SELECT id FROM sbtest4 WHERE id BETWEEN 7387394 AND 7387494
	Index Only Scan using sbtest4_pkey on sbtest4  (cost=0.43..6.53 rows=105 width=4)
	  Index Cond: ((id >= 7387394) AND (id <= 7387494))

table 5 : explain SELECT id FROM sbtest5 WHERE id BETWEEN 7387394 AND 7387494
	Index Only Scan using sbtest5_pkey on sbtest5  (cost=0.43..6.43 rows=100 width=4)
	  Index Cond: ((id >= 7387394) AND (id <= 7387494))

table 6 : explain SELECT id FROM sbtest6 WHERE id BETWEEN 7387394 AND 7387494
	Index Only Scan using sbtest6_pkey on sbtest6  (cost=0.43..10.42 rows=99 width=4)
	  Index Cond: ((id >= 7387394) AND (id <= 7387494))

table 7 : explain SELECT id FROM sbtest7 WHERE id BETWEEN 7387394 AND 7387494
	Index Only Scan using sbtest7_pkey on sbtest7  (cost=0.43..10.33 rows=95 width=4)
	  Index Cond: ((id >= 7387394) AND (id <= 7387494))

table 8 : explain SELECT id FROM sbtest8 WHERE id BETWEEN 7387394 AND 7387494
	Index Only Scan using sbtest8_pkey on sbtest8  (cost=0.43..6.47 rows=102 width=4)
	  Index Cond: ((id >= 7387394) AND (id <= 7387494))

explain: for range-covered :: explain SELECT id FROM sbtest%d WHERE id BETWEEN 2771326 AND 2771426
explain: for range-covered :: explain SELECT id FROM sbtest%d WHERE id BETWEEN 6839540 AND 6839640
for range-covered
table 1 : explain SELECT id FROM sbtest1 WHERE id BETWEEN 8206456 AND 8206556
	Index Only Scan using sbtest1_pkey on sbtest1  (cost=0.43..6.63 rows=110 width=4)
	  Index Cond: ((id >= 8206456) AND (id <= 8206556))

table 2 : explain SELECT id FROM sbtest2 WHERE id BETWEEN 8206456 AND 8206556
	Index Only Scan using sbtest2_pkey on sbtest2  (cost=0.43..6.40 rows=98 width=4)
	  Index Cond: ((id >= 8206456) AND (id <= 8206556))

table 3 : explain SELECT id FROM sbtest3 WHERE id BETWEEN 8206456 AND 8206556
	Index Only Scan using sbtest3_pkey on sbtest3  (cost=0.43..10.26 rows=91 width=4)
	  Index Cond: ((id >= 8206456) AND (id <= 8206556))

table 4 : explain SELECT id FROM sbtest4 WHERE id BETWEEN 8206456 AND 8206556
	Index Only Scan using sbtest4_pkey on sbtest4  (cost=0.43..6.50 rows=103 width=4)
	  Index Cond: ((id >= 8206456) AND (id <= 8206556))

table 5 : explain SELECT id FROM sbtest5 WHERE id BETWEEN 8206456 AND 8206556
	Index Only Scan using sbtest5_pkey on sbtest5  (cost=0.43..6.32 rows=94 width=4)
	  Index Cond: ((id >= 8206456) AND (id <= 8206556))

table 6 : explain SELECT id FROM sbtest6 WHERE id BETWEEN 8206456 AND 8206556
	Index Only Scan using sbtest6_pkey on sbtest6  (cost=0.43..10.56 rows=106 width=4)
	  Index Cond: ((id >= 8206456) AND (id <= 8206556))

table 7 : explain SELECT id FROM sbtest7 WHERE id BETWEEN 8206456 AND 8206556
	Index Only Scan using sbtest7_pkey on sbtest7  (cost=0.43..10.56 rows=106 width=4)
	  Index Cond: ((id >= 8206456) AND (id <= 8206556))

table 8 : explain SELECT id FROM sbtest8 WHERE id BETWEEN 8206456 AND 8206556
	Index Only Scan using sbtest8_pkey on sbtest8  (cost=0.43..6.43 rows=100 width=4)
	  Index Cond: ((id >= 8206456) AND (id <= 8206556))

explain: for range-covered :: explain SELECT id FROM sbtest%d WHERE id BETWEEN 7387394 AND 7387494
explain: for range-covered :: explain SELECT id FROM sbtest%d WHERE id BETWEEN 8206456 AND 8206556
for range-covered
table 1 : explain SELECT id FROM sbtest1 WHERE id BETWEEN 4482045 AND 4482145
	Index Only Scan using sbtest1_pkey on sbtest1  (cost=0.43..6.37 rows=97 width=4)
	  Index Cond: ((id >= 4482045) AND (id <= 4482145))

table 2 : explain SELECT id FROM sbtest2 WHERE id BETWEEN 4482045 AND 4482145
	Index Only Scan using sbtest2_pkey on sbtest2  (cost=0.43..6.53 rows=105 width=4)
	  Index Cond: ((id >= 4482045) AND (id <= 4482145))

table 3 : explain SELECT id FROM sbtest3 WHERE id BETWEEN 4482045 AND 4482145
	Index Only Scan using sbtest3_pkey on sbtest3  (cost=0.43..10.46 rows=101 width=4)
	  Index Cond: ((id >= 4482045) AND (id <= 4482145))

table 4 : explain SELECT id FROM sbtest4 WHERE id BETWEEN 4482045 AND 4482145
	Index Only Scan using sbtest4_pkey on sbtest4  (cost=0.43..6.40 rows=98 width=4)
	  Index Cond: ((id >= 4482045) AND (id <= 4482145))

table 5 : explain SELECT id FROM sbtest5 WHERE id BETWEEN 4482045 AND 4482145
	Index Only Scan using sbtest5_pkey on sbtest5  (cost=0.43..6.63 rows=110 width=4)
	  Index Cond: ((id >= 4482045) AND (id <= 4482145))

table 6 : explain SELECT id FROM sbtest6 WHERE id BETWEEN 4482045 AND 4482145
	Index Only Scan using sbtest6_pkey on sbtest6  (cost=0.43..10.58 rows=107 width=4)
	  Index Cond: ((id >= 4482045) AND (id <= 4482145))

table 7 : explain SELECT id FROM sbtest7 WHERE id BETWEEN 4482045 AND 4482145
	Index Only Scan using sbtest7_pkey on sbtest7  (cost=0.43..10.56 rows=106 width=4)
	  Index Cond: ((id >= 4482045) AND (id <= 4482145))

table 8 : explain SELECT id FROM sbtest8 WHERE id BETWEEN 4482045 AND 4482145
	Index Only Scan using sbtest8_pkey on sbtest8  (cost=0.43..6.43 rows=100 width=4)
	  Index Cond: ((id >= 4482045) AND (id <= 4482145))

explain: for range-covered :: explain SELECT id FROM sbtest%d WHERE id BETWEEN 4482045 AND 4482145
for range-covered
table 1 : explain SELECT id FROM sbtest1 WHERE id BETWEEN 5879399 AND 5879499
	Index Only Scan using sbtest1_pkey on sbtest1  (cost=0.43..6.47 rows=102 width=4)
	  Index Cond: ((id >= 5879399) AND (id <= 5879499))

table 2 : explain SELECT id FROM sbtest2 WHERE id BETWEEN 5879399 AND 5879499
	Index Only Scan using sbtest2_pkey on sbtest2  (cost=0.43..6.37 rows=97 width=4)
	  Index Cond: ((id >= 5879399) AND (id <= 5879499))

table 3 : explain SELECT id FROM sbtest3 WHERE id BETWEEN 5879399 AND 5879499
	Index Only Scan using sbtest3_pkey on sbtest3  (cost=0.43..10.47 rows=102 width=4)
	  Index Cond: ((id >= 5879399) AND (id <= 5879499))

table 4 : explain SELECT id FROM sbtest4 WHERE id BETWEEN 5879399 AND 5879499
	Index Only Scan using sbtest4_pkey on sbtest4  (cost=0.43..6.43 rows=100 width=4)
	  Index Cond: ((id >= 5879399) AND (id <= 5879499))

table 5 : explain SELECT id FROM sbtest5 WHERE id BETWEEN 5879399 AND 5879499
	Index Only Scan using sbtest5_pkey on sbtest5  (cost=0.43..6.58 rows=107 width=4)
	  Index Cond: ((id >= 5879399) AND (id <= 5879499))

table 6 : explain SELECT id FROM sbtest6 WHERE id BETWEEN 5879399 AND 5879499
	Index Only Scan using sbtest6_pkey on sbtest6  (cost=0.43..10.22 rows=89 width=4)
	  Index Cond: ((id >= 5879399) AND (id <= 5879499))

table 7 : explain SELECT id FROM sbtest7 WHERE id BETWEEN 5879399 AND 5879499
	Index Only Scan using sbtest7_pkey on sbtest7  (cost=0.43..10.38 rows=97 width=4)
	  Index Cond: ((id >= 5879399) AND (id <= 5879499))

table 8 : explain SELECT id FROM sbtest8 WHERE id BETWEEN 5879399 AND 5879499
	Index Only Scan using sbtest8_pkey on sbtest8  (cost=0.43..6.50 rows=103 width=4)
	  Index Cond: ((id >= 5879399) AND (id <= 5879499))

explain: for range-covered :: explain SELECT id FROM sbtest%d WHERE id BETWEEN 5879399 AND 5879499
for range-covered
table 1 : explain SELECT id FROM sbtest1 WHERE id BETWEEN 7387394 AND 7387494
	Index Only Scan using sbtest1_pkey on sbtest1  (cost=0.43..6.37 rows=97 width=4)
	  Index Cond: ((id >= 7387394) AND (id <= 7387494))

table 2 : explain SELECT id FROM sbtest2 WHERE id BETWEEN 7387394 AND 7387494
	Index Only Scan using sbtest2_pkey on sbtest2  (cost=0.43..6.47 rows=102 width=4)
	  Index Cond: ((id >= 7387394) AND (id <= 7387494))

table 3 : explain SELECT id FROM sbtest3 WHERE id BETWEEN 7387394 AND 7387494
	Index Only Scan using sbtest3_pkey on sbtest3  (cost=0.43..10.56 rows=106 width=4)
	  Index Cond: ((id >= 7387394) AND (id <= 7387494))

table 4 : explain SELECT id FROM sbtest4 WHERE id BETWEEN 7387394 AND 7387494
	Index Only Scan using sbtest4_pkey on sbtest4  (cost=0.43..6.53 rows=105 width=4)
	  Index Cond: ((id >= 7387394) AND (id <= 7387494))

table 5 : explain SELECT id FROM sbtest5 WHERE id BETWEEN 7387394 AND 7387494
	Index Only Scan using sbtest5_pkey on sbtest5  (cost=0.43..6.43 rows=100 width=4)
	  Index Cond: ((id >= 7387394) AND (id <= 7387494))

table 6 : explain SELECT id FROM sbtest6 WHERE id BETWEEN 7387394 AND 7387494
	Index Only Scan using sbtest6_pkey on sbtest6  (cost=0.43..10.42 rows=99 width=4)
	  Index Cond: ((id >= 7387394) AND (id <= 7387494))

table 7 : explain SELECT id FROM sbtest7 WHERE id BETWEEN 7387394 AND 7387494
	Index Only Scan using sbtest7_pkey on sbtest7  (cost=0.43..10.33 rows=95 width=4)
	  Index Cond: ((id >= 7387394) AND (id <= 7387494))

table 8 : explain SELECT id FROM sbtest8 WHERE id BETWEEN 7387394 AND 7387494
	Index Only Scan using sbtest8_pkey on sbtest8  (cost=0.43..6.47 rows=102 width=4)
	  Index Cond: ((id >= 7387394) AND (id <= 7387494))

for range-covered
table 1 : explain SELECT id FROM sbtest1 WHERE id BETWEEN 2771326 AND 2771426
	Index Only Scan using sbtest1_pkey on sbtest1  (cost=0.43..6.40 rows=98 width=4)
	  Index Cond: ((id >= 2771326) AND (id <= 2771426))

table 2 : explain SELECT id FROM sbtest2 WHERE id BETWEEN 2771326 AND 2771426
	Index Only Scan using sbtest2_pkey on sbtest2  (cost=0.43..6.56 rows=106 width=4)
	  Index Cond: ((id >= 2771326) AND (id <= 2771426))

table 3 : explain SELECT id FROM sbtest3 WHERE id BETWEEN 2771326 AND 2771426
	Index Only Scan using sbtest3_pkey on sbtest3  (cost=0.43..10.47 rows=102 width=4)
	  Index Cond: ((id >= 2771326) AND (id <= 2771426))

table 4 : explain SELECT id FROM sbtest4 WHERE id BETWEEN 2771326 AND 2771426
	Index Only Scan using sbtest4_pkey on sbtest4  (cost=0.43..6.63 rows=110 width=4)
	  Index Cond: ((id >= 2771326) AND (id <= 2771426))

table 5 : explain SELECT id FROM sbtest5 WHERE id BETWEEN 2771326 AND 2771426
	Index Only Scan using sbtest5_pkey on sbtest5  (cost=0.43..6.58 rows=107 width=4)
	  Index Cond: ((id >= 2771326) AND (id <= 2771426))

table 6 : explain SELECT id FROM sbtest6 WHERE id BETWEEN 2771326 AND 2771426
	Index Only Scan using sbtest6_pkey on sbtest6  (cost=0.43..10.50 rows=103 width=4)
	  Index Cond: ((id >= 2771326) AND (id <= 2771426))

table 7 : explain SELECT id FROM sbtest7 WHERE id BETWEEN 2771326 AND 2771426
	Index Only Scan using sbtest7_pkey on sbtest7  (cost=0.43..10.29 rows=93 width=4)
	  Index Cond: ((id >= 2771326) AND (id <= 2771426))

table 8 : explain SELECT id FROM sbtest8 WHERE id BETWEEN 2771326 AND 2771426
	Index Only Scan using sbtest8_pkey on sbtest8  (cost=0.43..6.27 rows=92 width=4)
	  Index Cond: ((id >= 2771326) AND (id <= 2771426))

explain: for range-covered :: explain SELECT id FROM sbtest%d WHERE id BETWEEN 7387394 AND 7387494
for range-covered
table 1 : explain SELECT id FROM sbtest1 WHERE id BETWEEN 6839540 AND 6839640
	Index Only Scan using sbtest1_pkey on sbtest1  (cost=0.43..6.40 rows=98 width=4)
	  Index Cond: ((id >= 6839540) AND (id <= 6839640))

table 2 : explain SELECT id FROM sbtest2 WHERE id BETWEEN 6839540 AND 6839640
	Index Only Scan using sbtest2_pkey on sbtest2  (cost=0.43..6.43 rows=100 width=4)
	  Index Cond: ((id >= 6839540) AND (id <= 6839640))

table 3 : explain SELECT id FROM sbtest3 WHERE id BETWEEN 6839540 AND 6839640
	Index Only Scan using sbtest3_pkey on sbtest3  (cost=0.43..10.56 rows=106 width=4)
	  Index Cond: ((id >= 6839540) AND (id <= 6839640))

table 4 : explain SELECT id FROM sbtest4 WHERE id BETWEEN 6839540 AND 6839640
	Index Only Scan using sbtest4_pkey on sbtest4  (cost=0.43..6.56 rows=106 width=4)
	  Index Cond: ((id >= 6839540) AND (id <= 6839640))

table 5 : explain SELECT id FROM sbtest5 WHERE id BETWEEN 6839540 AND 6839640
	Index Only Scan using sbtest5_pkey on sbtest5  (cost=0.43..6.33 rows=95 width=4)
	  Index Cond: ((id >= 6839540) AND (id <= 6839640))

table 6 : explain SELECT id FROM sbtest6 WHERE id BETWEEN 6839540 AND 6839640
	Index Only Scan using sbtest6_pkey on sbtest6  (cost=0.43..10.47 rows=102 width=4)
	  Index Cond: ((id >= 6839540) AND (id <= 6839640))

table 7 : explain SELECT id FROM sbtest7 WHERE id BETWEEN 6839540 AND 6839640
	Index Only Scan using sbtest7_pkey on sbtest7  (cost=0.43..10.51 rows=104 width=4)
	  Index Cond: ((id >= 6839540) AND (id <= 6839640))

table 8 : explain SELECT id FROM sbtest8 WHERE id BETWEEN 6839540 AND 6839640
	Index Only Scan using sbtest8_pkey on sbtest8  (cost=0.43..6.56 rows=106 width=4)
	  Index Cond: ((id >= 6839540) AND (id <= 6839640))

for range-covered
table 1 : explain SELECT id FROM sbtest1 WHERE id BETWEEN 8206456 AND 8206556
	Index Only Scan using sbtest1_pkey on sbtest1  (cost=0.43..6.63 rows=110 width=4)
	  Index Cond: ((id >= 8206456) AND (id <= 8206556))

table 2 : explain SELECT id FROM sbtest2 WHERE id BETWEEN 8206456 AND 8206556
	Index Only Scan using sbtest2_pkey on sbtest2  (cost=0.43..6.40 rows=98 width=4)
	  Index Cond: ((id >= 8206456) AND (id <= 8206556))

table 3 : explain SELECT id FROM sbtest3 WHERE id BETWEEN 8206456 AND 8206556
	Index Only Scan using sbtest3_pkey on sbtest3  (cost=0.43..10.26 rows=91 width=4)
	  Index Cond: ((id >= 8206456) AND (id <= 8206556))

table 4 : explain SELECT id FROM sbtest4 WHERE id BETWEEN 8206456 AND 8206556
	Index Only Scan using sbtest4_pkey on sbtest4  (cost=0.43..6.50 rows=103 width=4)
	  Index Cond: ((id >= 8206456) AND (id <= 8206556))

table 5 : explain SELECT id FROM sbtest5 WHERE id BETWEEN 8206456 AND 8206556
	Index Only Scan using sbtest5_pkey on sbtest5  (cost=0.43..6.32 rows=94 width=4)
	  Index Cond: ((id >= 8206456) AND (id <= 8206556))

table 6 : explain SELECT id FROM sbtest6 WHERE id BETWEEN 8206456 AND 8206556
	Index Only Scan using sbtest6_pkey on sbtest6  (cost=0.43..10.56 rows=106 width=4)
	  Index Cond: ((id >= 8206456) AND (id <= 8206556))

table 7 : explain SELECT id FROM sbtest7 WHERE id BETWEEN 8206456 AND 8206556
	Index Only Scan using sbtest7_pkey on sbtest7  (cost=0.43..10.56 rows=106 width=4)
	  Index Cond: ((id >= 8206456) AND (id <= 8206556))

table 8 : explain SELECT id FROM sbtest8 WHERE id BETWEEN 8206456 AND 8206556
	Index Only Scan using sbtest8_pkey on sbtest8  (cost=0.43..6.43 rows=100 width=4)
	  Index Cond: ((id >= 8206456) AND (id <= 8206556))

explain: for range-covered :: explain SELECT id FROM sbtest%d WHERE id BETWEEN 6839540 AND 6839640
explain: for range-covered :: explain SELECT id FROM sbtest%d WHERE id BETWEEN 8206456 AND 8206556
for range-covered
table 1 : explain SELECT id FROM sbtest1 WHERE id BETWEEN 4482045 AND 4482145
	Index Only Scan using sbtest1_pkey on sbtest1  (cost=0.43..6.37 rows=97 width=4)
	  Index Cond: ((id >= 4482045) AND (id <= 4482145))

table 2 : explain SELECT id FROM sbtest2 WHERE id BETWEEN 4482045 AND 4482145
	Index Only Scan using sbtest2_pkey on sbtest2  (cost=0.43..6.53 rows=105 width=4)
	  Index Cond: ((id >= 4482045) AND (id <= 4482145))

table 3 : explain SELECT id FROM sbtest3 WHERE id BETWEEN 4482045 AND 4482145
	Index Only Scan using sbtest3_pkey on sbtest3  (cost=0.43..10.46 rows=101 width=4)
	  Index Cond: ((id >= 4482045) AND (id <= 4482145))

table 4 : explain SELECT id FROM sbtest4 WHERE id BETWEEN 4482045 AND 4482145
	Index Only Scan using sbtest4_pkey on sbtest4  (cost=0.43..6.40 rows=98 width=4)
	  Index Cond: ((id >= 4482045) AND (id <= 4482145))

table 5 : explain SELECT id FROM sbtest5 WHERE id BETWEEN 4482045 AND 4482145
	Index Only Scan using sbtest5_pkey on sbtest5  (cost=0.43..6.63 rows=110 width=4)
	  Index Cond: ((id >= 4482045) AND (id <= 4482145))

table 6 : explain SELECT id FROM sbtest6 WHERE id BETWEEN 4482045 AND 4482145
	Index Only Scan using sbtest6_pkey on sbtest6  (cost=0.43..10.58 rows=107 width=4)
	  Index Cond: ((id >= 4482045) AND (id <= 4482145))

table 7 : explain SELECT id FROM sbtest7 WHERE id BETWEEN 4482045 AND 4482145
	Index Only Scan using sbtest7_pkey on sbtest7  (cost=0.43..10.56 rows=106 width=4)
	  Index Cond: ((id >= 4482045) AND (id <= 4482145))

table 8 : explain SELECT id FROM sbtest8 WHERE id BETWEEN 4482045 AND 4482145
	Index Only Scan using sbtest8_pkey on sbtest8  (cost=0.43..6.43 rows=100 width=4)
	  Index Cond: ((id >= 4482045) AND (id <= 4482145))

explain: for range-covered :: explain SELECT id FROM sbtest%d WHERE id BETWEEN 4482045 AND 4482145
for range-covered
table 1 : explain SELECT id FROM sbtest1 WHERE id BETWEEN 5879399 AND 5879499
	Index Only Scan using sbtest1_pkey on sbtest1  (cost=0.43..6.47 rows=102 width=4)
	  Index Cond: ((id >= 5879399) AND (id <= 5879499))

table 2 : explain SELECT id FROM sbtest2 WHERE id BETWEEN 5879399 AND 5879499
	Index Only Scan using sbtest2_pkey on sbtest2  (cost=0.43..6.37 rows=97 width=4)
	  Index Cond: ((id >= 5879399) AND (id <= 5879499))

table 3 : explain SELECT id FROM sbtest3 WHERE id BETWEEN 5879399 AND 5879499
	Index Only Scan using sbtest3_pkey on sbtest3  (cost=0.43..10.47 rows=102 width=4)
	  Index Cond: ((id >= 5879399) AND (id <= 5879499))

table 4 : explain SELECT id FROM sbtest4 WHERE id BETWEEN 5879399 AND 5879499
	Index Only Scan using sbtest4_pkey on sbtest4  (cost=0.43..6.43 rows=100 width=4)
	  Index Cond: ((id >= 5879399) AND (id <= 5879499))

table 5 : explain SELECT id FROM sbtest5 WHERE id BETWEEN 5879399 AND 5879499
	Index Only Scan using sbtest5_pkey on sbtest5  (cost=0.43..6.58 rows=107 width=4)
	  Index Cond: ((id >= 5879399) AND (id <= 5879499))

table 6 : explain SELECT id FROM sbtest6 WHERE id BETWEEN 5879399 AND 5879499
	Index Only Scan using sbtest6_pkey on sbtest6  (cost=0.43..10.22 rows=89 width=4)
	  Index Cond: ((id >= 5879399) AND (id <= 5879499))

table 7 : explain SELECT id FROM sbtest7 WHERE id BETWEEN 5879399 AND 5879499
	Index Only Scan using sbtest7_pkey on sbtest7  (cost=0.43..10.38 rows=97 width=4)
	  Index Cond: ((id >= 5879399) AND (id <= 5879499))

table 8 : explain SELECT id FROM sbtest8 WHERE id BETWEEN 5879399 AND 5879499
	Index Only Scan using sbtest8_pkey on sbtest8  (cost=0.43..6.50 rows=103 width=4)
	  Index Cond: ((id >= 5879399) AND (id <= 5879499))

explain: for range-covered :: explain SELECT id FROM sbtest%d WHERE id BETWEEN 5879399 AND 5879499
for range-covered
table 1 : explain SELECT id FROM sbtest1 WHERE id BETWEEN 6839540 AND 6839640
	Index Only Scan using sbtest1_pkey on sbtest1  (cost=0.43..6.40 rows=98 width=4)
	  Index Cond: ((id >= 6839540) AND (id <= 6839640))

table 2 : explain SELECT id FROM sbtest2 WHERE id BETWEEN 6839540 AND 6839640
	Index Only Scan using sbtest2_pkey on sbtest2  (cost=0.43..6.43 rows=100 width=4)
	  Index Cond: ((id >= 6839540) AND (id <= 6839640))

table 3 : explain SELECT id FROM sbtest3 WHERE id BETWEEN 6839540 AND 6839640
	Index Only Scan using sbtest3_pkey on sbtest3  (cost=0.43..10.56 rows=106 width=4)
	  Index Cond: ((id >= 6839540) AND (id <= 6839640))

table 4 : explain SELECT id FROM sbtest4 WHERE id BETWEEN 6839540 AND 6839640
	Index Only Scan using sbtest4_pkey on sbtest4  (cost=0.43..6.56 rows=106 width=4)
	  Index Cond: ((id >= 6839540) AND (id <= 6839640))

table 5 : explain SELECT id FROM sbtest5 WHERE id BETWEEN 6839540 AND 6839640
	Index Only Scan using sbtest5_pkey on sbtest5  (cost=0.43..6.33 rows=95 width=4)
	  Index Cond: ((id >= 6839540) AND (id <= 6839640))

table 6 : explain SELECT id FROM sbtest6 WHERE id BETWEEN 6839540 AND 6839640
	Index Only Scan using sbtest6_pkey on sbtest6  (cost=0.43..10.47 rows=102 width=4)
	  Index Cond: ((id >= 6839540) AND (id <= 6839640))

table 7 : explain SELECT id FROM sbtest7 WHERE id BETWEEN 6839540 AND 6839640
	Index Only Scan using sbtest7_pkey on sbtest7  (cost=0.43..10.51 rows=104 width=4)
	  Index Cond: ((id >= 6839540) AND (id <= 6839640))

table 8 : explain SELECT id FROM sbtest8 WHERE id BETWEEN 6839540 AND 6839640
	Index Only Scan using sbtest8_pkey on sbtest8  (cost=0.43..6.56 rows=106 width=4)
	  Index Cond: ((id >= 6839540) AND (id <= 6839640))

for range-covered
table 1 : explain SELECT id FROM sbtest1 WHERE id BETWEEN 8206456 AND 8206556
	Index Only Scan using sbtest1_pkey on sbtest1  (cost=0.43..6.63 rows=110 width=4)
	  Index Cond: ((id >= 8206456) AND (id <= 8206556))

table 2 : explain SELECT id FROM sbtest2 WHERE id BETWEEN 8206456 AND 8206556
	Index Only Scan using sbtest2_pkey on sbtest2  (cost=0.43..6.40 rows=98 width=4)
	  Index Cond: ((id >= 8206456) AND (id <= 8206556))

table 3 : explain SELECT id FROM sbtest3 WHERE id BETWEEN 8206456 AND 8206556
	Index Only Scan using sbtest3_pkey on sbtest3  (cost=0.43..10.26 rows=91 width=4)
	  Index Cond: ((id >= 8206456) AND (id <= 8206556))

table 4 : explain SELECT id FROM sbtest4 WHERE id BETWEEN 8206456 AND 8206556
	Index Only Scan using sbtest4_pkey on sbtest4  (cost=0.43..6.50 rows=103 width=4)
	  Index Cond: ((id >= 8206456) AND (id <= 8206556))

table 5 : explain SELECT id FROM sbtest5 WHERE id BETWEEN 8206456 AND 8206556
	Index Only Scan using sbtest5_pkey on sbtest5  (cost=0.43..6.32 rows=94 width=4)
	  Index Cond: ((id >= 8206456) AND (id <= 8206556))

table 6 : explain SELECT id FROM sbtest6 WHERE id BETWEEN 8206456 AND 8206556
	Index Only Scan using sbtest6_pkey on sbtest6  (cost=0.43..10.56 rows=106 width=4)
	  Index Cond: ((id >= 8206456) AND (id <= 8206556))

table 7 : explain SELECT id FROM sbtest7 WHERE id BETWEEN 8206456 AND 8206556
	Index Only Scan using sbtest7_pkey on sbtest7  (cost=0.43..10.56 rows=106 width=4)
	  Index Cond: ((id >= 8206456) AND (id <= 8206556))

table 8 : explain SELECT id FROM sbtest8 WHERE id BETWEEN 8206456 AND 8206556
	Index Only Scan using sbtest8_pkey on sbtest8  (cost=0.43..6.43 rows=100 width=4)
	  Index Cond: ((id >= 8206456) AND (id <= 8206556))

explain: for range-covered :: explain SELECT id FROM sbtest%d WHERE id BETWEEN 6839540 AND 6839640
explain: for range-covered :: explain SELECT id FROM sbtest%d WHERE id BETWEEN 8206456 AND 8206556
for range-covered
table 1 : explain SELECT id FROM sbtest1 WHERE id BETWEEN 4482045 AND 4482145
	Index Only Scan using sbtest1_pkey on sbtest1  (cost=0.43..6.37 rows=97 width=4)
	  Index Cond: ((id >= 4482045) AND (id <= 4482145))

table 2 : explain SELECT id FROM sbtest2 WHERE id BETWEEN 4482045 AND 4482145
	Index Only Scan using sbtest2_pkey on sbtest2  (cost=0.43..6.53 rows=105 width=4)
	  Index Cond: ((id >= 4482045) AND (id <= 4482145))

table 3 : explain SELECT id FROM sbtest3 WHERE id BETWEEN 4482045 AND 4482145
	Index Only Scan using sbtest3_pkey on sbtest3  (cost=0.43..10.46 rows=101 width=4)
	  Index Cond: ((id >= 4482045) AND (id <= 4482145))

table 4 : explain SELECT id FROM sbtest4 WHERE id BETWEEN 4482045 AND 4482145
	Index Only Scan using sbtest4_pkey on sbtest4  (cost=0.43..6.40 rows=98 width=4)
	  Index Cond: ((id >= 4482045) AND (id <= 4482145))

table 5 : explain SELECT id FROM sbtest5 WHERE id BETWEEN 4482045 AND 4482145
	Index Only Scan using sbtest5_pkey on sbtest5  (cost=0.43..6.63 rows=110 width=4)
	  Index Cond: ((id >= 4482045) AND (id <= 4482145))

table 6 : explain SELECT id FROM sbtest6 WHERE id BETWEEN 4482045 AND 4482145
	Index Only Scan using sbtest6_pkey on sbtest6  (cost=0.43..10.58 rows=107 width=4)
	  Index Cond: ((id >= 4482045) AND (id <= 4482145))

table 7 : explain SELECT id FROM sbtest7 WHERE id BETWEEN 4482045 AND 4482145
	Index Only Scan using sbtest7_pkey on sbtest7  (cost=0.43..10.56 rows=106 width=4)
	  Index Cond: ((id >= 4482045) AND (id <= 4482145))

table 8 : explain SELECT id FROM sbtest8 WHERE id BETWEEN 4482045 AND 4482145
	Index Only Scan using sbtest8_pkey on sbtest8  (cost=0.43..6.43 rows=100 width=4)
	  Index Cond: ((id >= 4482045) AND (id <= 4482145))

explain: for range-covered :: explain SELECT id FROM sbtest%d WHERE id BETWEEN 3456886 AND 3456986
explain: for range-covered :: explain SELECT id FROM sbtest%d WHERE id BETWEEN 4482045 AND 4482145
for range-covered
table 1 : explain SELECT id FROM sbtest1 WHERE id BETWEEN 5879399 AND 5879499
	Index Only Scan using sbtest1_pkey on sbtest1  (cost=0.43..6.47 rows=102 width=4)
	  Index Cond: ((id >= 5879399) AND (id <= 5879499))

table 2 : explain SELECT id FROM sbtest2 WHERE id BETWEEN 5879399 AND 5879499
	Index Only Scan using sbtest2_pkey on sbtest2  (cost=0.43..6.37 rows=97 width=4)
	  Index Cond: ((id >= 5879399) AND (id <= 5879499))

table 3 : explain SELECT id FROM sbtest3 WHERE id BETWEEN 5879399 AND 5879499
	Index Only Scan using sbtest3_pkey on sbtest3  (cost=0.43..10.47 rows=102 width=4)
	  Index Cond: ((id >= 5879399) AND (id <= 5879499))

table 4 : explain SELECT id FROM sbtest4 WHERE id BETWEEN 5879399 AND 5879499
	Index Only Scan using sbtest4_pkey on sbtest4  (cost=0.43..6.43 rows=100 width=4)
	  Index Cond: ((id >= 5879399) AND (id <= 5879499))

table 5 : explain SELECT id FROM sbtest5 WHERE id BETWEEN 5879399 AND 5879499
	Index Only Scan using sbtest5_pkey on sbtest5  (cost=0.43..6.58 rows=107 width=4)
	  Index Cond: ((id >= 5879399) AND (id <= 5879499))

table 6 : explain SELECT id FROM sbtest6 WHERE id BETWEEN 5879399 AND 5879499
	Index Only Scan using sbtest6_pkey on sbtest6  (cost=0.43..10.22 rows=89 width=4)
	  Index Cond: ((id >= 5879399) AND (id <= 5879499))

table 7 : explain SELECT id FROM sbtest7 WHERE id BETWEEN 5879399 AND 5879499
	Index Only Scan using sbtest7_pkey on sbtest7  (cost=0.43..10.38 rows=97 width=4)
	  Index Cond: ((id >= 5879399) AND (id <= 5879499))

table 8 : explain SELECT id FROM sbtest8 WHERE id BETWEEN 5879399 AND 5879499
	Index Only Scan using sbtest8_pkey on sbtest8  (cost=0.43..6.50 rows=103 width=4)
	  Index Cond: ((id >= 5879399) AND (id <= 5879499))

explain: for range-covered :: explain SELECT id FROM sbtest%d WHERE id BETWEEN 5318004 AND 5318104
explain: for range-covered :: explain SELECT id FROM sbtest%d WHERE id BETWEEN 5879399 AND 5879499
for range-covered
table 1 : explain SELECT id FROM sbtest1 WHERE id BETWEEN 6839540 AND 6839640
	Index Only Scan using sbtest1_pkey on sbtest1  (cost=0.43..6.40 rows=98 width=4)
	  Index Cond: ((id >= 6839540) AND (id <= 6839640))

table 2 : explain SELECT id FROM sbtest2 WHERE id BETWEEN 6839540 AND 6839640
	Index Only Scan using sbtest2_pkey on sbtest2  (cost=0.43..6.43 rows=100 width=4)
	  Index Cond: ((id >= 6839540) AND (id <= 6839640))

table 3 : explain SELECT id FROM sbtest3 WHERE id BETWEEN 6839540 AND 6839640
	Index Only Scan using sbtest3_pkey on sbtest3  (cost=0.43..10.56 rows=106 width=4)
	  Index Cond: ((id >= 6839540) AND (id <= 6839640))

table 4 : explain SELECT id FROM sbtest4 WHERE id BETWEEN 6839540 AND 6839640
	Index Only Scan using sbtest4_pkey on sbtest4  (cost=0.43..6.56 rows=106 width=4)
	  Index Cond: ((id >= 6839540) AND (id <= 6839640))

table 5 : explain SELECT id FROM sbtest5 WHERE id BETWEEN 6839540 AND 6839640
	Index Only Scan using sbtest5_pkey on sbtest5  (cost=0.43..6.33 rows=95 width=4)
	  Index Cond: ((id >= 6839540) AND (id <= 6839640))

table 6 : explain SELECT id FROM sbtest6 WHERE id BETWEEN 6839540 AND 6839640
	Index Only Scan using sbtest6_pkey on sbtest6  (cost=0.43..10.47 rows=102 width=4)
	  Index Cond: ((id >= 6839540) AND (id <= 6839640))

table 7 : explain SELECT id FROM sbtest7 WHERE id BETWEEN 6839540 AND 6839640
	Index Only Scan using sbtest7_pkey on sbtest7  (cost=0.43..10.51 rows=104 width=4)
	  Index Cond: ((id >= 6839540) AND (id <= 6839640))

table 8 : explain SELECT id FROM sbtest8 WHERE id BETWEEN 6839540 AND 6839640
	Index Only Scan using sbtest8_pkey on sbtest8  (cost=0.43..6.56 rows=106 width=4)
	  Index Cond: ((id >= 6839540) AND (id <= 6839640))

explain: for range-covered :: explain SELECT id FROM sbtest%d WHERE id BETWEEN 6839540 AND 6839640
for range-covered
table 1 : explain SELECT id FROM sbtest1 WHERE id BETWEEN 8206456 AND 8206556
	Index Only Scan using sbtest1_pkey on sbtest1  (cost=0.43..6.63 rows=110 width=4)
	  Index Cond: ((id >= 8206456) AND (id <= 8206556))

table 2 : explain SELECT id FROM sbtest2 WHERE id BETWEEN 8206456 AND 8206556
	Index Only Scan using sbtest2_pkey on sbtest2  (cost=0.43..6.40 rows=98 width=4)
	  Index Cond: ((id >= 8206456) AND (id <= 8206556))

table 3 : explain SELECT id FROM sbtest3 WHERE id BETWEEN 8206456 AND 8206556
	Index Only Scan using sbtest3_pkey on sbtest3  (cost=0.43..10.26 rows=91 width=4)
	  Index Cond: ((id >= 8206456) AND (id <= 8206556))

table 4 : explain SELECT id FROM sbtest4 WHERE id BETWEEN 8206456 AND 8206556
	Index Only Scan using sbtest4_pkey on sbtest4  (cost=0.43..6.50 rows=103 width=4)
	  Index Cond: ((id >= 8206456) AND (id <= 8206556))

table 5 : explain SELECT id FROM sbtest5 WHERE id BETWEEN 8206456 AND 8206556
	Index Only Scan using sbtest5_pkey on sbtest5  (cost=0.43..6.32 rows=94 width=4)
	  Index Cond: ((id >= 8206456) AND (id <= 8206556))

table 6 : explain SELECT id FROM sbtest6 WHERE id BETWEEN 8206456 AND 8206556
	Index Only Scan using sbtest6_pkey on sbtest6  (cost=0.43..10.56 rows=106 width=4)
	  Index Cond: ((id >= 8206456) AND (id <= 8206556))

table 7 : explain SELECT id FROM sbtest7 WHERE id BETWEEN 8206456 AND 8206556
	Index Only Scan using sbtest7_pkey on sbtest7  (cost=0.43..10.56 rows=106 width=4)
	  Index Cond: ((id >= 8206456) AND (id <= 8206556))

table 8 : explain SELECT id FROM sbtest8 WHERE id BETWEEN 8206456 AND 8206556
	Index Only Scan using sbtest8_pkey on sbtest8  (cost=0.43..6.43 rows=100 width=4)
	  Index Cond: ((id >= 8206456) AND (id <= 8206556))

for range-covered
table 1 : explain SELECT id FROM sbtest1 WHERE id BETWEEN 7387394 AND 7387494
	Index Only Scan using sbtest1_pkey on sbtest1  (cost=0.43..6.37 rows=97 width=4)
	  Index Cond: ((id >= 7387394) AND (id <= 7387494))

table 2 : explain SELECT id FROM sbtest2 WHERE id BETWEEN 7387394 AND 7387494
	Index Only Scan using sbtest2_pkey on sbtest2  (cost=0.43..6.47 rows=102 width=4)
	  Index Cond: ((id >= 7387394) AND (id <= 7387494))

table 3 : explain SELECT id FROM sbtest3 WHERE id BETWEEN 7387394 AND 7387494
	Index Only Scan using sbtest3_pkey on sbtest3  (cost=0.43..10.56 rows=106 width=4)
	  Index Cond: ((id >= 7387394) AND (id <= 7387494))

table 4 : explain SELECT id FROM sbtest4 WHERE id BETWEEN 7387394 AND 7387494
	Index Only Scan using sbtest4_pkey on sbtest4  (cost=0.43..6.53 rows=105 width=4)
	  Index Cond: ((id >= 7387394) AND (id <= 7387494))

table 5 : explain SELECT id FROM sbtest5 WHERE id BETWEEN 7387394 AND 7387494
	Index Only Scan using sbtest5_pkey on sbtest5  (cost=0.43..6.43 rows=100 width=4)
	  Index Cond: ((id >= 7387394) AND (id <= 7387494))

table 6 : explain SELECT id FROM sbtest6 WHERE id BETWEEN 7387394 AND 7387494
	Index Only Scan using sbtest6_pkey on sbtest6  (cost=0.43..10.42 rows=99 width=4)
	  Index Cond: ((id >= 7387394) AND (id <= 7387494))

table 7 : explain SELECT id FROM sbtest7 WHERE id BETWEEN 7387394 AND 7387494
	Index Only Scan using sbtest7_pkey on sbtest7  (cost=0.43..10.33 rows=95 width=4)
	  Index Cond: ((id >= 7387394) AND (id <= 7387494))

table 8 : explain SELECT id FROM sbtest8 WHERE id BETWEEN 7387394 AND 7387494
	Index Only Scan using sbtest8_pkey on sbtest8  (cost=0.43..6.47 rows=102 width=4)
	  Index Cond: ((id >= 7387394) AND (id <= 7387494))

for range-covered
table 1 : explain SELECT id FROM sbtest1 WHERE id BETWEEN 4482045 AND 4482145
	Index Only Scan using sbtest1_pkey on sbtest1  (cost=0.43..6.37 rows=97 width=4)
	  Index Cond: ((id >= 4482045) AND (id <= 4482145))

table 2 : explain SELECT id FROM sbtest2 WHERE id BETWEEN 4482045 AND 4482145
	Index Only Scan using sbtest2_pkey on sbtest2  (cost=0.43..6.53 rows=105 width=4)
	  Index Cond: ((id >= 4482045) AND (id <= 4482145))

table 3 : explain SELECT id FROM sbtest3 WHERE id BETWEEN 4482045 AND 4482145
	Index Only Scan using sbtest3_pkey on sbtest3  (cost=0.43..10.46 rows=101 width=4)
	  Index Cond: ((id >= 4482045) AND (id <= 4482145))

table 4 : explain SELECT id FROM sbtest4 WHERE id BETWEEN 4482045 AND 4482145
	Index Only Scan using sbtest4_pkey on sbtest4  (cost=0.43..6.40 rows=98 width=4)
	  Index Cond: ((id >= 4482045) AND (id <= 4482145))

table 5 : explain SELECT id FROM sbtest5 WHERE id BETWEEN 4482045 AND 4482145
	Index Only Scan using sbtest5_pkey on sbtest5  (cost=0.43..6.63 rows=110 width=4)
	  Index Cond: ((id >= 4482045) AND (id <= 4482145))

table 6 : explain SELECT id FROM sbtest6 WHERE id BETWEEN 4482045 AND 4482145
	Index Only Scan using sbtest6_pkey on sbtest6  (cost=0.43..10.58 rows=107 width=4)
	  Index Cond: ((id >= 4482045) AND (id <= 4482145))

table 7 : explain SELECT id FROM sbtest7 WHERE id BETWEEN 4482045 AND 4482145
	Index Only Scan using sbtest7_pkey on sbtest7  (cost=0.43..10.56 rows=106 width=4)
	  Index Cond: ((id >= 4482045) AND (id <= 4482145))

table 8 : explain SELECT id FROM sbtest8 WHERE id BETWEEN 4482045 AND 4482145
	Index Only Scan using sbtest8_pkey on sbtest8  (cost=0.43..6.43 rows=100 width=4)
	  Index Cond: ((id >= 4482045) AND (id <= 4482145))

explain: for range-covered :: explain SELECT id FROM sbtest%d WHERE id BETWEEN 7387394 AND 7387494
explain: for range-covered :: explain SELECT id FROM sbtest%d WHERE id BETWEEN 4482045 AND 4482145
for range-covered
table 1 : explain SELECT id FROM sbtest1 WHERE id BETWEEN 5879399 AND 5879499
	Index Only Scan using sbtest1_pkey on sbtest1  (cost=0.43..6.47 rows=102 width=4)
	  Index Cond: ((id >= 5879399) AND (id <= 5879499))

table 2 : explain SELECT id FROM sbtest2 WHERE id BETWEEN 5879399 AND 5879499
	Index Only Scan using sbtest2_pkey on sbtest2  (cost=0.43..6.37 rows=97 width=4)
	  Index Cond: ((id >= 5879399) AND (id <= 5879499))

table 3 : explain SELECT id FROM sbtest3 WHERE id BETWEEN 5879399 AND 5879499
	Index Only Scan using sbtest3_pkey on sbtest3  (cost=0.43..10.47 rows=102 width=4)
	  Index Cond: ((id >= 5879399) AND (id <= 5879499))

table 4 : explain SELECT id FROM sbtest4 WHERE id BETWEEN 5879399 AND 5879499
	Index Only Scan using sbtest4_pkey on sbtest4  (cost=0.43..6.43 rows=100 width=4)
	  Index Cond: ((id >= 5879399) AND (id <= 5879499))

table 5 : explain SELECT id FROM sbtest5 WHERE id BETWEEN 5879399 AND 5879499
	Index Only Scan using sbtest5_pkey on sbtest5  (cost=0.43..6.58 rows=107 width=4)
	  Index Cond: ((id >= 5879399) AND (id <= 5879499))

table 6 : explain SELECT id FROM sbtest6 WHERE id BETWEEN 5879399 AND 5879499
	Index Only Scan using sbtest6_pkey on sbtest6  (cost=0.43..10.22 rows=89 width=4)
	  Index Cond: ((id >= 5879399) AND (id <= 5879499))

table 7 : explain SELECT id FROM sbtest7 WHERE id BETWEEN 5879399 AND 5879499
	Index Only Scan using sbtest7_pkey on sbtest7  (cost=0.43..10.38 rows=97 width=4)
	  Index Cond: ((id >= 5879399) AND (id <= 5879499))

table 8 : explain SELECT id FROM sbtest8 WHERE id BETWEEN 5879399 AND 5879499
	Index Only Scan using sbtest8_pkey on sbtest8  (cost=0.43..6.50 rows=103 width=4)
	  Index Cond: ((id >= 5879399) AND (id <= 5879499))

for range-covered
table 1 : explain SELECT id FROM sbtest1 WHERE id BETWEEN 6839540 AND 6839640
	Index Only Scan using sbtest1_pkey on sbtest1  (cost=0.43..6.40 rows=98 width=4)
	  Index Cond: ((id >= 6839540) AND (id <= 6839640))

table 2 : explain SELECT id FROM sbtest2 WHERE id BETWEEN 6839540 AND 6839640
	Index Only Scan using sbtest2_pkey on sbtest2  (cost=0.43..6.43 rows=100 width=4)
	  Index Cond: ((id >= 6839540) AND (id <= 6839640))

table 3 : explain SELECT id FROM sbtest3 WHERE id BETWEEN 6839540 AND 6839640
	Index Only Scan using sbtest3_pkey on sbtest3  (cost=0.43..10.56 rows=106 width=4)
	  Index Cond: ((id >= 6839540) AND (id <= 6839640))

table 4 : explain SELECT id FROM sbtest4 WHERE id BETWEEN 6839540 AND 6839640
	Index Only Scan using sbtest4_pkey on sbtest4  (cost=0.43..6.56 rows=106 width=4)
	  Index Cond: ((id >= 6839540) AND (id <= 6839640))

table 5 : explain SELECT id FROM sbtest5 WHERE id BETWEEN 6839540 AND 6839640
	Index Only Scan using sbtest5_pkey on sbtest5  (cost=0.43..6.33 rows=95 width=4)
	  Index Cond: ((id >= 6839540) AND (id <= 6839640))

table 6 : explain SELECT id FROM sbtest6 WHERE id BETWEEN 6839540 AND 6839640
	Index Only Scan using sbtest6_pkey on sbtest6  (cost=0.43..10.47 rows=102 width=4)
	  Index Cond: ((id >= 6839540) AND (id <= 6839640))

table 7 : explain SELECT id FROM sbtest7 WHERE id BETWEEN 6839540 AND 6839640
	Index Only Scan using sbtest7_pkey on sbtest7  (cost=0.43..10.51 rows=104 width=4)
	  Index Cond: ((id >= 6839540) AND (id <= 6839640))

table 8 : explain SELECT id FROM sbtest8 WHERE id BETWEEN 6839540 AND 6839640
	Index Only Scan using sbtest8_pkey on sbtest8  (cost=0.43..6.56 rows=106 width=4)
	  Index Cond: ((id >= 6839540) AND (id <= 6839640))

explain: for range-covered :: explain SELECT id FROM sbtest%d WHERE id BETWEEN 5879399 AND 5879499
explain: for range-covered :: explain SELECT id FROM sbtest%d WHERE id BETWEEN 6839540 AND 6839640
for range-covered
table 1 : explain SELECT id FROM sbtest1 WHERE id BETWEEN 4482045 AND 4482145
	Index Only Scan using sbtest1_pkey on sbtest1  (cost=0.43..6.37 rows=97 width=4)
	  Index Cond: ((id >= 4482045) AND (id <= 4482145))

table 2 : explain SELECT id FROM sbtest2 WHERE id BETWEEN 4482045 AND 4482145
	Index Only Scan using sbtest2_pkey on sbtest2  (cost=0.43..6.53 rows=105 width=4)
	  Index Cond: ((id >= 4482045) AND (id <= 4482145))

table 3 : explain SELECT id FROM sbtest3 WHERE id BETWEEN 4482045 AND 4482145
	Index Only Scan using sbtest3_pkey on sbtest3  (cost=0.43..10.46 rows=101 width=4)
	  Index Cond: ((id >= 4482045) AND (id <= 4482145))

table 4 : explain SELECT id FROM sbtest4 WHERE id BETWEEN 4482045 AND 4482145
	Index Only Scan using sbtest4_pkey on sbtest4  (cost=0.43..6.40 rows=98 width=4)
	  Index Cond: ((id >= 4482045) AND (id <= 4482145))

table 5 : explain SELECT id FROM sbtest5 WHERE id BETWEEN 4482045 AND 4482145
	Index Only Scan using sbtest5_pkey on sbtest5  (cost=0.43..6.63 rows=110 width=4)
	  Index Cond: ((id >= 4482045) AND (id <= 4482145))

table 6 : explain SELECT id FROM sbtest6 WHERE id BETWEEN 4482045 AND 4482145
	Index Only Scan using sbtest6_pkey on sbtest6  (cost=0.43..10.58 rows=107 width=4)
	  Index Cond: ((id >= 4482045) AND (id <= 4482145))

table 7 : explain SELECT id FROM sbtest7 WHERE id BETWEEN 4482045 AND 4482145
	Index Only Scan using sbtest7_pkey on sbtest7  (cost=0.43..10.56 rows=106 width=4)
	  Index Cond: ((id >= 4482045) AND (id <= 4482145))

table 8 : explain SELECT id FROM sbtest8 WHERE id BETWEEN 4482045 AND 4482145
	Index Only Scan using sbtest8_pkey on sbtest8  (cost=0.43..6.43 rows=100 width=4)
	  Index Cond: ((id >= 4482045) AND (id <= 4482145))

for range-covered
table 1 : explain SELECT id FROM sbtest1 WHERE id BETWEEN 7387394 AND 7387494
	Index Only Scan using sbtest1_pkey on sbtest1  (cost=0.43..6.37 rows=97 width=4)
	  Index Cond: ((id >= 7387394) AND (id <= 7387494))

table 2 : explain SELECT id FROM sbtest2 WHERE id BETWEEN 7387394 AND 7387494
	Index Only Scan using sbtest2_pkey on sbtest2  (cost=0.43..6.47 rows=102 width=4)
	  Index Cond: ((id >= 7387394) AND (id <= 7387494))

table 3 : explain SELECT id FROM sbtest3 WHERE id BETWEEN 7387394 AND 7387494
	Index Only Scan using sbtest3_pkey on sbtest3  (cost=0.43..10.56 rows=106 width=4)
	  Index Cond: ((id >= 7387394) AND (id <= 7387494))

table 4 : explain SELECT id FROM sbtest4 WHERE id BETWEEN 7387394 AND 7387494
	Index Only Scan using sbtest4_pkey on sbtest4  (cost=0.43..6.53 rows=105 width=4)
	  Index Cond: ((id >= 7387394) AND (id <= 7387494))

table 5 : explain SELECT id FROM sbtest5 WHERE id BETWEEN 7387394 AND 7387494
	Index Only Scan using sbtest5_pkey on sbtest5  (cost=0.43..6.43 rows=100 width=4)
	  Index Cond: ((id >= 7387394) AND (id <= 7387494))

table 6 : explain SELECT id FROM sbtest6 WHERE id BETWEEN 7387394 AND 7387494
	Index Only Scan using sbtest6_pkey on sbtest6  (cost=0.43..10.42 rows=99 width=4)
	  Index Cond: ((id >= 7387394) AND (id <= 7387494))

table 7 : explain SELECT id FROM sbtest7 WHERE id BETWEEN 7387394 AND 7387494
	Index Only Scan using sbtest7_pkey on sbtest7  (cost=0.43..10.33 rows=95 width=4)
	  Index Cond: ((id >= 7387394) AND (id <= 7387494))

table 8 : explain SELECT id FROM sbtest8 WHERE id BETWEEN 7387394 AND 7387494
	Index Only Scan using sbtest8_pkey on sbtest8  (cost=0.43..6.47 rows=102 width=4)
	  Index Cond: ((id >= 7387394) AND (id <= 7387494))

explain: for range-covered :: explain SELECT id FROM sbtest%d WHERE id BETWEEN 4482045 AND 4482145
explain: for range-covered :: explain SELECT id FROM sbtest%d WHERE id BETWEEN 7387394 AND 7387494
for range-covered
table 1 : explain SELECT id FROM sbtest1 WHERE id BETWEEN 5879399 AND 5879499
	Index Only Scan using sbtest1_pkey on sbtest1  (cost=0.43..6.47 rows=102 width=4)
	  Index Cond: ((id >= 5879399) AND (id <= 5879499))

table 2 : explain SELECT id FROM sbtest2 WHERE id BETWEEN 5879399 AND 5879499
	Index Only Scan using sbtest2_pkey on sbtest2  (cost=0.43..6.37 rows=97 width=4)
	  Index Cond: ((id >= 5879399) AND (id <= 5879499))

table 3 : explain SELECT id FROM sbtest3 WHERE id BETWEEN 5879399 AND 5879499
	Index Only Scan using sbtest3_pkey on sbtest3  (cost=0.43..10.47 rows=102 width=4)
	  Index Cond: ((id >= 5879399) AND (id <= 5879499))

table 4 : explain SELECT id FROM sbtest4 WHERE id BETWEEN 5879399 AND 5879499
	Index Only Scan using sbtest4_pkey on sbtest4  (cost=0.43..6.43 rows=100 width=4)
	  Index Cond: ((id >= 5879399) AND (id <= 5879499))

table 5 : explain SELECT id FROM sbtest5 WHERE id BETWEEN 5879399 AND 5879499
	Index Only Scan using sbtest5_pkey on sbtest5  (cost=0.43..6.58 rows=107 width=4)
	  Index Cond: ((id >= 5879399) AND (id <= 5879499))

table 6 : explain SELECT id FROM sbtest6 WHERE id BETWEEN 5879399 AND 5879499
	Index Only Scan using sbtest6_pkey on sbtest6  (cost=0.43..10.22 rows=89 width=4)
	  Index Cond: ((id >= 5879399) AND (id <= 5879499))

table 7 : explain SELECT id FROM sbtest7 WHERE id BETWEEN 5879399 AND 5879499
	Index Only Scan using sbtest7_pkey on sbtest7  (cost=0.43..10.38 rows=97 width=4)
	  Index Cond: ((id >= 5879399) AND (id <= 5879499))

table 8 : explain SELECT id FROM sbtest8 WHERE id BETWEEN 5879399 AND 5879499
	Index Only Scan using sbtest8_pkey on sbtest8  (cost=0.43..6.50 rows=103 width=4)
	  Index Cond: ((id >= 5879399) AND (id <= 5879499))

explain: for range-covered :: explain SELECT id FROM sbtest%d WHERE id BETWEEN 5879399 AND 5879499
for range-covered
table 1 : explain SELECT id FROM sbtest1 WHERE id BETWEEN 6839540 AND 6839640
	Index Only Scan using sbtest1_pkey on sbtest1  (cost=0.43..6.40 rows=98 width=4)
	  Index Cond: ((id >= 6839540) AND (id <= 6839640))

table 2 : explain SELECT id FROM sbtest2 WHERE id BETWEEN 6839540 AND 6839640
	Index Only Scan using sbtest2_pkey on sbtest2  (cost=0.43..6.43 rows=100 width=4)
	  Index Cond: ((id >= 6839540) AND (id <= 6839640))

table 3 : explain SELECT id FROM sbtest3 WHERE id BETWEEN 6839540 AND 6839640
	Index Only Scan using sbtest3_pkey on sbtest3  (cost=0.43..10.56 rows=106 width=4)
	  Index Cond: ((id >= 6839540) AND (id <= 6839640))

table 4 : explain SELECT id FROM sbtest4 WHERE id BETWEEN 6839540 AND 6839640
	Index Only Scan using sbtest4_pkey on sbtest4  (cost=0.43..6.56 rows=106 width=4)
	  Index Cond: ((id >= 6839540) AND (id <= 6839640))

table 5 : explain SELECT id FROM sbtest5 WHERE id BETWEEN 6839540 AND 6839640
	Index Only Scan using sbtest5_pkey on sbtest5  (cost=0.43..6.33 rows=95 width=4)
	  Index Cond: ((id >= 6839540) AND (id <= 6839640))

table 6 : explain SELECT id FROM sbtest6 WHERE id BETWEEN 6839540 AND 6839640
	Index Only Scan using sbtest6_pkey on sbtest6  (cost=0.43..10.47 rows=102 width=4)
	  Index Cond: ((id >= 6839540) AND (id <= 6839640))

table 7 : explain SELECT id FROM sbtest7 WHERE id BETWEEN 6839540 AND 6839640
	Index Only Scan using sbtest7_pkey on sbtest7  (cost=0.43..10.51 rows=104 width=4)
	  Index Cond: ((id >= 6839540) AND (id <= 6839640))

table 8 : explain SELECT id FROM sbtest8 WHERE id BETWEEN 6839540 AND 6839640
	Index Only Scan using sbtest8_pkey on sbtest8  (cost=0.43..6.56 rows=106 width=4)
	  Index Cond: ((id >= 6839540) AND (id <= 6839640))

explain: for range-covered :: explain SELECT id FROM sbtest%d WHERE id BETWEEN 6839540 AND 6839640
for range-covered
table 1 : explain SELECT id FROM sbtest1 WHERE id BETWEEN 4482045 AND 4482145
	Index Only Scan using sbtest1_pkey on sbtest1  (cost=0.43..6.37 rows=97 width=4)
	  Index Cond: ((id >= 4482045) AND (id <= 4482145))

table 2 : explain SELECT id FROM sbtest2 WHERE id BETWEEN 4482045 AND 4482145
	Index Only Scan using sbtest2_pkey on sbtest2  (cost=0.43..6.53 rows=105 width=4)
	  Index Cond: ((id >= 4482045) AND (id <= 4482145))

table 3 : explain SELECT id FROM sbtest3 WHERE id BETWEEN 4482045 AND 4482145
	Index Only Scan using sbtest3_pkey on sbtest3  (cost=0.43..10.46 rows=101 width=4)
	  Index Cond: ((id >= 4482045) AND (id <= 4482145))

table 4 : explain SELECT id FROM sbtest4 WHERE id BETWEEN 4482045 AND 4482145
	Index Only Scan using sbtest4_pkey on sbtest4  (cost=0.43..6.40 rows=98 width=4)
	  Index Cond: ((id >= 4482045) AND (id <= 4482145))

table 5 : explain SELECT id FROM sbtest5 WHERE id BETWEEN 4482045 AND 4482145
	Index Only Scan using sbtest5_pkey on sbtest5  (cost=0.43..6.63 rows=110 width=4)
	  Index Cond: ((id >= 4482045) AND (id <= 4482145))

table 6 : explain SELECT id FROM sbtest6 WHERE id BETWEEN 4482045 AND 4482145
	Index Only Scan using sbtest6_pkey on sbtest6  (cost=0.43..10.58 rows=107 width=4)
	  Index Cond: ((id >= 4482045) AND (id <= 4482145))

table 7 : explain SELECT id FROM sbtest7 WHERE id BETWEEN 4482045 AND 4482145
	Index Only Scan using sbtest7_pkey on sbtest7  (cost=0.43..10.56 rows=106 width=4)
	  Index Cond: ((id >= 4482045) AND (id <= 4482145))

table 8 : explain SELECT id FROM sbtest8 WHERE id BETWEEN 4482045 AND 4482145
	Index Only Scan using sbtest8_pkey on sbtest8  (cost=0.43..6.43 rows=100 width=4)
	  Index Cond: ((id >= 4482045) AND (id <= 4482145))

for range-covered
table 1 : explain SELECT id FROM sbtest1 WHERE id BETWEEN 7387394 AND 7387494
	Index Only Scan using sbtest1_pkey on sbtest1  (cost=0.43..6.37 rows=97 width=4)
	  Index Cond: ((id >= 7387394) AND (id <= 7387494))

table 2 : explain SELECT id FROM sbtest2 WHERE id BETWEEN 7387394 AND 7387494
	Index Only Scan using sbtest2_pkey on sbtest2  (cost=0.43..6.47 rows=102 width=4)
	  Index Cond: ((id >= 7387394) AND (id <= 7387494))

table 3 : explain SELECT id FROM sbtest3 WHERE id BETWEEN 7387394 AND 7387494
	Index Only Scan using sbtest3_pkey on sbtest3  (cost=0.43..10.56 rows=106 width=4)
	  Index Cond: ((id >= 7387394) AND (id <= 7387494))

table 4 : explain SELECT id FROM sbtest4 WHERE id BETWEEN 7387394 AND 7387494
	Index Only Scan using sbtest4_pkey on sbtest4  (cost=0.43..6.53 rows=105 width=4)
	  Index Cond: ((id >= 7387394) AND (id <= 7387494))

table 5 : explain SELECT id FROM sbtest5 WHERE id BETWEEN 7387394 AND 7387494
	Index Only Scan using sbtest5_pkey on sbtest5  (cost=0.43..6.43 rows=100 width=4)
	  Index Cond: ((id >= 7387394) AND (id <= 7387494))

table 6 : explain SELECT id FROM sbtest6 WHERE id BETWEEN 7387394 AND 7387494
	Index Only Scan using sbtest6_pkey on sbtest6  (cost=0.43..10.42 rows=99 width=4)
	  Index Cond: ((id >= 7387394) AND (id <= 7387494))

table 7 : explain SELECT id FROM sbtest7 WHERE id BETWEEN 7387394 AND 7387494
	Index Only Scan using sbtest7_pkey on sbtest7  (cost=0.43..10.33 rows=95 width=4)
	  Index Cond: ((id >= 7387394) AND (id <= 7387494))

table 8 : explain SELECT id FROM sbtest8 WHERE id BETWEEN 7387394 AND 7387494
	Index Only Scan using sbtest8_pkey on sbtest8  (cost=0.43..6.47 rows=102 width=4)
	  Index Cond: ((id >= 7387394) AND (id <= 7387494))

explain: for range-covered :: explain SELECT id FROM sbtest%d WHERE id BETWEEN 4482045 AND 4482145
explain: for range-covered :: explain SELECT id FROM sbtest%d WHERE id BETWEEN 7387394 AND 7387494
for range-covered
table 1 : explain SELECT id FROM sbtest1 WHERE id BETWEEN 3456886 AND 3456986
	Index Only Scan using sbtest1_pkey on sbtest1  (cost=0.43..6.59 rows=108 width=4)
	  Index Cond: ((id >= 3456886) AND (id <= 3456986))

table 2 : explain SELECT id FROM sbtest2 WHERE id BETWEEN 3456886 AND 3456986
	Index Only Scan using sbtest2_pkey on sbtest2  (cost=0.43..6.50 rows=103 width=4)
	  Index Cond: ((id >= 3456886) AND (id <= 3456986))

table 3 : explain SELECT id FROM sbtest3 WHERE id BETWEEN 3456886 AND 3456986
	Index Only Scan using sbtest3_pkey on sbtest3  (cost=0.43..10.46 rows=101 width=4)
	  Index Cond: ((id >= 3456886) AND (id <= 3456986))

table 4 : explain SELECT id FROM sbtest4 WHERE id BETWEEN 3456886 AND 3456986
	Index Only Scan using sbtest4_pkey on sbtest4  (cost=0.43..6.56 rows=106 width=4)
	  Index Cond: ((id >= 3456886) AND (id <= 3456986))

table 5 : explain SELECT id FROM sbtest5 WHERE id BETWEEN 3456886 AND 3456986
	Index Only Scan using sbtest5_pkey on sbtest5  (cost=0.43..6.45 rows=101 width=4)
	  Index Cond: ((id >= 3456886) AND (id <= 3456986))

table 6 : explain SELECT id FROM sbtest6 WHERE id BETWEEN 3456886 AND 3456986
	Index Only Scan using sbtest6_pkey on sbtest6  (cost=0.43..10.20 rows=88 width=4)
	  Index Cond: ((id >= 3456886) AND (id <= 3456986))

table 7 : explain SELECT id FROM sbtest7 WHERE id BETWEEN 3456886 AND 3456986
	Index Only Scan using sbtest7_pkey on sbtest7  (cost=0.43..10.47 rows=102 width=4)
	  Index Cond: ((id >= 3456886) AND (id <= 3456986))

table 8 : explain SELECT id FROM sbtest8 WHERE id BETWEEN 3456886 AND 3456986
	Index Only Scan using sbtest8_pkey on sbtest8  (cost=0.43..6.35 rows=96 width=4)
	  Index Cond: ((id >= 3456886) AND (id <= 3456986))

explain: for range-covered :: explain SELECT id FROM sbtest%d WHERE id BETWEEN 3456886 AND 3456986
for range-covered
table 1 : explain SELECT id FROM sbtest1 WHERE id BETWEEN 5879399 AND 5879499
	Index Only Scan using sbtest1_pkey on sbtest1  (cost=0.43..6.47 rows=102 width=4)
	  Index Cond: ((id >= 5879399) AND (id <= 5879499))

table 2 : explain SELECT id FROM sbtest2 WHERE id BETWEEN 5879399 AND 5879499
	Index Only Scan using sbtest2_pkey on sbtest2  (cost=0.43..6.37 rows=97 width=4)
	  Index Cond: ((id >= 5879399) AND (id <= 5879499))

table 3 : explain SELECT id FROM sbtest3 WHERE id BETWEEN 5879399 AND 5879499
	Index Only Scan using sbtest3_pkey on sbtest3  (cost=0.43..10.47 rows=102 width=4)
	  Index Cond: ((id >= 5879399) AND (id <= 5879499))

table 4 : explain SELECT id FROM sbtest4 WHERE id BETWEEN 5879399 AND 5879499
	Index Only Scan using sbtest4_pkey on sbtest4  (cost=0.43..6.43 rows=100 width=4)
	  Index Cond: ((id >= 5879399) AND (id <= 5879499))

table 5 : explain SELECT id FROM sbtest5 WHERE id BETWEEN 5879399 AND 5879499
	Index Only Scan using sbtest5_pkey on sbtest5  (cost=0.43..6.58 rows=107 width=4)
	  Index Cond: ((id >= 5879399) AND (id <= 5879499))

table 6 : explain SELECT id FROM sbtest6 WHERE id BETWEEN 5879399 AND 5879499
	Index Only Scan using sbtest6_pkey on sbtest6  (cost=0.43..10.22 rows=89 width=4)
	  Index Cond: ((id >= 5879399) AND (id <= 5879499))

table 7 : explain SELECT id FROM sbtest7 WHERE id BETWEEN 5879399 AND 5879499
	Index Only Scan using sbtest7_pkey on sbtest7  (cost=0.43..10.38 rows=97 width=4)
	  Index Cond: ((id >= 5879399) AND (id <= 5879499))

table 8 : explain SELECT id FROM sbtest8 WHERE id BETWEEN 5879399 AND 5879499
	Index Only Scan using sbtest8_pkey on sbtest8  (cost=0.43..6.50 rows=103 width=4)
	  Index Cond: ((id >= 5879399) AND (id <= 5879499))

for range-covered
table 1 : explain SELECT id FROM sbtest1 WHERE id BETWEEN 6839540 AND 6839640
	Index Only Scan using sbtest1_pkey on sbtest1  (cost=0.43..6.40 rows=98 width=4)
	  Index Cond: ((id >= 6839540) AND (id <= 6839640))

table 2 : explain SELECT id FROM sbtest2 WHERE id BETWEEN 6839540 AND 6839640
	Index Only Scan using sbtest2_pkey on sbtest2  (cost=0.43..6.43 rows=100 width=4)
	  Index Cond: ((id >= 6839540) AND (id <= 6839640))

table 3 : explain SELECT id FROM sbtest3 WHERE id BETWEEN 6839540 AND 6839640
	Index Only Scan using sbtest3_pkey on sbtest3  (cost=0.43..10.56 rows=106 width=4)
	  Index Cond: ((id >= 6839540) AND (id <= 6839640))

table 4 : explain SELECT id FROM sbtest4 WHERE id BETWEEN 6839540 AND 6839640
	Index Only Scan using sbtest4_pkey on sbtest4  (cost=0.43..6.56 rows=106 width=4)
	  Index Cond: ((id >= 6839540) AND (id <= 6839640))

table 5 : explain SELECT id FROM sbtest5 WHERE id BETWEEN 6839540 AND 6839640
	Index Only Scan using sbtest5_pkey on sbtest5  (cost=0.43..6.33 rows=95 width=4)
	  Index Cond: ((id >= 6839540) AND (id <= 6839640))

table 6 : explain SELECT id FROM sbtest6 WHERE id BETWEEN 6839540 AND 6839640
	Index Only Scan using sbtest6_pkey on sbtest6  (cost=0.43..10.47 rows=102 width=4)
	  Index Cond: ((id >= 6839540) AND (id <= 6839640))

table 7 : explain SELECT id FROM sbtest7 WHERE id BETWEEN 6839540 AND 6839640
	Index Only Scan using sbtest7_pkey on sbtest7  (cost=0.43..10.51 rows=104 width=4)
	  Index Cond: ((id >= 6839540) AND (id <= 6839640))

table 8 : explain SELECT id FROM sbtest8 WHERE id BETWEEN 6839540 AND 6839640
	Index Only Scan using sbtest8_pkey on sbtest8  (cost=0.43..6.56 rows=106 width=4)
	  Index Cond: ((id >= 6839540) AND (id <= 6839640))

explain: for range-covered :: explain SELECT id FROM sbtest%d WHERE id BETWEEN 5879399 AND 5879499
explain: for range-covered :: explain SELECT id FROM sbtest%d WHERE id BETWEEN 6839540 AND 6839640
for range-covered
table 1 : explain SELECT id FROM sbtest1 WHERE id BETWEEN 5318004 AND 5318104
	Index Only Scan using sbtest1_pkey on sbtest1  (cost=0.43..6.45 rows=101 width=4)
	  Index Cond: ((id >= 5318004) AND (id <= 5318104))

table 2 : explain SELECT id FROM sbtest2 WHERE id BETWEEN 5318004 AND 5318104
	Index Only Scan using sbtest2_pkey on sbtest2  (cost=0.43..6.40 rows=98 width=4)
	  Index Cond: ((id >= 5318004) AND (id <= 5318104))

table 3 : explain SELECT id FROM sbtest3 WHERE id BETWEEN 5318004 AND 5318104
	Index Only Scan using sbtest3_pkey on sbtest3  (cost=0.43..10.42 rows=99 width=4)
	  Index Cond: ((id >= 5318004) AND (id <= 5318104))

table 4 : explain SELECT id FROM sbtest4 WHERE id BETWEEN 5318004 AND 5318104
	Index Only Scan using sbtest4_pkey on sbtest4  (cost=0.43..6.72 rows=114 width=4)
	  Index Cond: ((id >= 5318004) AND (id <= 5318104))

table 5 : explain SELECT id FROM sbtest5 WHERE id BETWEEN 5318004 AND 5318104
	Index Only Scan using sbtest5_pkey on sbtest5  (cost=0.43..6.63 rows=110 width=4)
	  Index Cond: ((id >= 5318004) AND (id <= 5318104))

table 6 : explain SELECT id FROM sbtest6 WHERE id BETWEEN 5318004 AND 5318104
	Index Only Scan using sbtest6_pkey on sbtest6  (cost=0.43..10.54 rows=105 width=4)
	  Index Cond: ((id >= 5318004) AND (id <= 5318104))

table 7 : explain SELECT id FROM sbtest7 WHERE id BETWEEN 5318004 AND 5318104
	Index Only Scan using sbtest7_pkey on sbtest7  (cost=0.43..10.29 rows=93 width=4)
	  Index Cond: ((id >= 5318004) AND (id <= 5318104))

table 8 : explain SELECT id FROM sbtest8 WHERE id BETWEEN 5318004 AND 5318104
	Index Only Scan using sbtest8_pkey on sbtest8  (cost=0.43..6.50 rows=103 width=4)
	  Index Cond: ((id >= 5318004) AND (id <= 5318104))

for range-covered
table 1 : explain SELECT id FROM sbtest1 WHERE id BETWEEN 4482045 AND 4482145
	Index Only Scan using sbtest1_pkey on sbtest1  (cost=0.43..6.37 rows=97 width=4)
	  Index Cond: ((id >= 4482045) AND (id <= 4482145))

table 2 : explain SELECT id FROM sbtest2 WHERE id BETWEEN 4482045 AND 4482145
	Index Only Scan using sbtest2_pkey on sbtest2  (cost=0.43..6.53 rows=105 width=4)
	  Index Cond: ((id >= 4482045) AND (id <= 4482145))

table 3 : explain SELECT id FROM sbtest3 WHERE id BETWEEN 4482045 AND 4482145
	Index Only Scan using sbtest3_pkey on sbtest3  (cost=0.43..10.46 rows=101 width=4)
	  Index Cond: ((id >= 4482045) AND (id <= 4482145))

table 4 : explain SELECT id FROM sbtest4 WHERE id BETWEEN 4482045 AND 4482145
	Index Only Scan using sbtest4_pkey on sbtest4  (cost=0.43..6.40 rows=98 width=4)
	  Index Cond: ((id >= 4482045) AND (id <= 4482145))

table 5 : explain SELECT id FROM sbtest5 WHERE id BETWEEN 4482045 AND 4482145
	Index Only Scan using sbtest5_pkey on sbtest5  (cost=0.43..6.63 rows=110 width=4)
	  Index Cond: ((id >= 4482045) AND (id <= 4482145))

table 6 : explain SELECT id FROM sbtest6 WHERE id BETWEEN 4482045 AND 4482145
	Index Only Scan using sbtest6_pkey on sbtest6  (cost=0.43..10.58 rows=107 width=4)
	  Index Cond: ((id >= 4482045) AND (id <= 4482145))

table 7 : explain SELECT id FROM sbtest7 WHERE id BETWEEN 4482045 AND 4482145
	Index Only Scan using sbtest7_pkey on sbtest7  (cost=0.43..10.56 rows=106 width=4)
	  Index Cond: ((id >= 4482045) AND (id <= 4482145))

table 8 : explain SELECT id FROM sbtest8 WHERE id BETWEEN 4482045 AND 4482145
	Index Only Scan using sbtest8_pkey on sbtest8  (cost=0.43..6.43 rows=100 width=4)
	  Index Cond: ((id >= 4482045) AND (id <= 4482145))

explain: for range-covered :: explain SELECT id FROM sbtest%d WHERE id BETWEEN 5318004 AND 5318104
for range-covered
table 1 : explain SELECT id FROM sbtest1 WHERE id BETWEEN 7387394 AND 7387494
	Index Only Scan using sbtest1_pkey on sbtest1  (cost=0.43..6.37 rows=97 width=4)
	  Index Cond: ((id >= 7387394) AND (id <= 7387494))

table 2 : explain SELECT id FROM sbtest2 WHERE id BETWEEN 7387394 AND 7387494
	Index Only Scan using sbtest2_pkey on sbtest2  (cost=0.43..6.47 rows=102 width=4)
	  Index Cond: ((id >= 7387394) AND (id <= 7387494))

table 3 : explain SELECT id FROM sbtest3 WHERE id BETWEEN 7387394 AND 7387494
	Index Only Scan using sbtest3_pkey on sbtest3  (cost=0.43..10.56 rows=106 width=4)
	  Index Cond: ((id >= 7387394) AND (id <= 7387494))

table 4 : explain SELECT id FROM sbtest4 WHERE id BETWEEN 7387394 AND 7387494
	Index Only Scan using sbtest4_pkey on sbtest4  (cost=0.43..6.53 rows=105 width=4)
	  Index Cond: ((id >= 7387394) AND (id <= 7387494))

table 5 : explain SELECT id FROM sbtest5 WHERE id BETWEEN 7387394 AND 7387494
	Index Only Scan using sbtest5_pkey on sbtest5  (cost=0.43..6.43 rows=100 width=4)
	  Index Cond: ((id >= 7387394) AND (id <= 7387494))

table 6 : explain SELECT id FROM sbtest6 WHERE id BETWEEN 7387394 AND 7387494
	Index Only Scan using sbtest6_pkey on sbtest6  (cost=0.43..10.42 rows=99 width=4)
	  Index Cond: ((id >= 7387394) AND (id <= 7387494))

table 7 : explain SELECT id FROM sbtest7 WHERE id BETWEEN 7387394 AND 7387494
	Index Only Scan using sbtest7_pkey on sbtest7  (cost=0.43..10.33 rows=95 width=4)
	  Index Cond: ((id >= 7387394) AND (id <= 7387494))

table 8 : explain SELECT id FROM sbtest8 WHERE id BETWEEN 7387394 AND 7387494
	Index Only Scan using sbtest8_pkey on sbtest8  (cost=0.43..6.47 rows=102 width=4)
	  Index Cond: ((id >= 7387394) AND (id <= 7387494))

for range-covered
table 1 : explain SELECT id FROM sbtest1 WHERE id BETWEEN 3456886 AND 3456986
	Index Only Scan using sbtest1_pkey on sbtest1  (cost=0.43..6.59 rows=108 width=4)
	  Index Cond: ((id >= 3456886) AND (id <= 3456986))

table 2 : explain SELECT id FROM sbtest2 WHERE id BETWEEN 3456886 AND 3456986
	Index Only Scan using sbtest2_pkey on sbtest2  (cost=0.43..6.50 rows=103 width=4)
	  Index Cond: ((id >= 3456886) AND (id <= 3456986))

table 3 : explain SELECT id FROM sbtest3 WHERE id BETWEEN 3456886 AND 3456986
	Index Only Scan using sbtest3_pkey on sbtest3  (cost=0.43..10.46 rows=101 width=4)
	  Index Cond: ((id >= 3456886) AND (id <= 3456986))

table 4 : explain SELECT id FROM sbtest4 WHERE id BETWEEN 3456886 AND 3456986
	Index Only Scan using sbtest4_pkey on sbtest4  (cost=0.43..6.56 rows=106 width=4)
	  Index Cond: ((id >= 3456886) AND (id <= 3456986))

table 5 : explain SELECT id FROM sbtest5 WHERE id BETWEEN 3456886 AND 3456986
	Index Only Scan using sbtest5_pkey on sbtest5  (cost=0.43..6.45 rows=101 width=4)
	  Index Cond: ((id >= 3456886) AND (id <= 3456986))

table 6 : explain SELECT id FROM sbtest6 WHERE id BETWEEN 3456886 AND 3456986
	Index Only Scan using sbtest6_pkey on sbtest6  (cost=0.43..10.20 rows=88 width=4)
	  Index Cond: ((id >= 3456886) AND (id <= 3456986))

table 7 : explain SELECT id FROM sbtest7 WHERE id BETWEEN 3456886 AND 3456986
	Index Only Scan using sbtest7_pkey on sbtest7  (cost=0.43..10.47 rows=102 width=4)
	  Index Cond: ((id >= 3456886) AND (id <= 3456986))

table 8 : explain SELECT id FROM sbtest8 WHERE id BETWEEN 3456886 AND 3456986
	Index Only Scan using sbtest8_pkey on sbtest8  (cost=0.43..6.35 rows=96 width=4)
	  Index Cond: ((id >= 3456886) AND (id <= 3456986))

explain: for range-covered :: explain SELECT id FROM sbtest%d WHERE id BETWEEN 3456886 AND 3456986
for range-covered
table 1 : explain SELECT id FROM sbtest1 WHERE id BETWEEN 5879399 AND 5879499
	Index Only Scan using sbtest1_pkey on sbtest1  (cost=0.43..6.47 rows=102 width=4)
	  Index Cond: ((id >= 5879399) AND (id <= 5879499))

table 2 : explain SELECT id FROM sbtest2 WHERE id BETWEEN 5879399 AND 5879499
	Index Only Scan using sbtest2_pkey on sbtest2  (cost=0.43..6.37 rows=97 width=4)
	  Index Cond: ((id >= 5879399) AND (id <= 5879499))

table 3 : explain SELECT id FROM sbtest3 WHERE id BETWEEN 5879399 AND 5879499
	Index Only Scan using sbtest3_pkey on sbtest3  (cost=0.43..10.47 rows=102 width=4)
	  Index Cond: ((id >= 5879399) AND (id <= 5879499))

table 4 : explain SELECT id FROM sbtest4 WHERE id BETWEEN 5879399 AND 5879499
	Index Only Scan using sbtest4_pkey on sbtest4  (cost=0.43..6.43 rows=100 width=4)
	  Index Cond: ((id >= 5879399) AND (id <= 5879499))

table 5 : explain SELECT id FROM sbtest5 WHERE id BETWEEN 5879399 AND 5879499
	Index Only Scan using sbtest5_pkey on sbtest5  (cost=0.43..6.58 rows=107 width=4)
	  Index Cond: ((id >= 5879399) AND (id <= 5879499))

table 6 : explain SELECT id FROM sbtest6 WHERE id BETWEEN 5879399 AND 5879499
	Index Only Scan using sbtest6_pkey on sbtest6  (cost=0.43..10.22 rows=89 width=4)
	  Index Cond: ((id >= 5879399) AND (id <= 5879499))

table 7 : explain SELECT id FROM sbtest7 WHERE id BETWEEN 5879399 AND 5879499
	Index Only Scan using sbtest7_pkey on sbtest7  (cost=0.43..10.38 rows=97 width=4)
	  Index Cond: ((id >= 5879399) AND (id <= 5879499))

table 8 : explain SELECT id FROM sbtest8 WHERE id BETWEEN 5879399 AND 5879499
	Index Only Scan using sbtest8_pkey on sbtest8  (cost=0.43..6.50 rows=103 width=4)
	  Index Cond: ((id >= 5879399) AND (id <= 5879499))

for range-covered
table 1 : explain SELECT id FROM sbtest1 WHERE id BETWEEN 6839540 AND 6839640
	Index Only Scan using sbtest1_pkey on sbtest1  (cost=0.43..6.40 rows=98 width=4)
	  Index Cond: ((id >= 6839540) AND (id <= 6839640))

table 2 : explain SELECT id FROM sbtest2 WHERE id BETWEEN 6839540 AND 6839640
	Index Only Scan using sbtest2_pkey on sbtest2  (cost=0.43..6.43 rows=100 width=4)
	  Index Cond: ((id >= 6839540) AND (id <= 6839640))

table 3 : explain SELECT id FROM sbtest3 WHERE id BETWEEN 6839540 AND 6839640
	Index Only Scan using sbtest3_pkey on sbtest3  (cost=0.43..10.56 rows=106 width=4)
	  Index Cond: ((id >= 6839540) AND (id <= 6839640))

table 4 : explain SELECT id FROM sbtest4 WHERE id BETWEEN 6839540 AND 6839640
	Index Only Scan using sbtest4_pkey on sbtest4  (cost=0.43..6.56 rows=106 width=4)
	  Index Cond: ((id >= 6839540) AND (id <= 6839640))

table 5 : explain SELECT id FROM sbtest5 WHERE id BETWEEN 6839540 AND 6839640
	Index Only Scan using sbtest5_pkey on sbtest5  (cost=0.43..6.33 rows=95 width=4)
	  Index Cond: ((id >= 6839540) AND (id <= 6839640))

table 6 : explain SELECT id FROM sbtest6 WHERE id BETWEEN 6839540 AND 6839640
	Index Only Scan using sbtest6_pkey on sbtest6  (cost=0.43..10.47 rows=102 width=4)
	  Index Cond: ((id >= 6839540) AND (id <= 6839640))

table 7 : explain SELECT id FROM sbtest7 WHERE id BETWEEN 6839540 AND 6839640
	Index Only Scan using sbtest7_pkey on sbtest7  (cost=0.43..10.51 rows=104 width=4)
	  Index Cond: ((id >= 6839540) AND (id <= 6839640))

table 8 : explain SELECT id FROM sbtest8 WHERE id BETWEEN 6839540 AND 6839640
	Index Only Scan using sbtest8_pkey on sbtest8  (cost=0.43..6.56 rows=106 width=4)
	  Index Cond: ((id >= 6839540) AND (id <= 6839640))

explain: for range-covered :: explain SELECT id FROM sbtest%d WHERE id BETWEEN 5879399 AND 5879499
for range-covered
table 1 : explain SELECT id FROM sbtest1 WHERE id BETWEEN 5318004 AND 5318104
	Index Only Scan using sbtest1_pkey on sbtest1  (cost=0.43..6.45 rows=101 width=4)
	  Index Cond: ((id >= 5318004) AND (id <= 5318104))

table 2 : explain SELECT id FROM sbtest2 WHERE id BETWEEN 5318004 AND 5318104
	Index Only Scan using sbtest2_pkey on sbtest2  (cost=0.43..6.40 rows=98 width=4)
	  Index Cond: ((id >= 5318004) AND (id <= 5318104))

table 3 : explain SELECT id FROM sbtest3 WHERE id BETWEEN 5318004 AND 5318104
	Index Only Scan using sbtest3_pkey on sbtest3  (cost=0.43..10.42 rows=99 width=4)
	  Index Cond: ((id >= 5318004) AND (id <= 5318104))

table 4 : explain SELECT id FROM sbtest4 WHERE id BETWEEN 5318004 AND 5318104
	Index Only Scan using sbtest4_pkey on sbtest4  (cost=0.43..6.72 rows=114 width=4)
	  Index Cond: ((id >= 5318004) AND (id <= 5318104))

table 5 : explain SELECT id FROM sbtest5 WHERE id BETWEEN 5318004 AND 5318104
	Index Only Scan using sbtest5_pkey on sbtest5  (cost=0.43..6.63 rows=110 width=4)
	  Index Cond: ((id >= 5318004) AND (id <= 5318104))

table 6 : explain SELECT id FROM sbtest6 WHERE id BETWEEN 5318004 AND 5318104
	Index Only Scan using sbtest6_pkey on sbtest6  (cost=0.43..10.54 rows=105 width=4)
	  Index Cond: ((id >= 5318004) AND (id <= 5318104))

table 7 : explain SELECT id FROM sbtest7 WHERE id BETWEEN 5318004 AND 5318104
	Index Only Scan using sbtest7_pkey on sbtest7  (cost=0.43..10.29 rows=93 width=4)
	  Index Cond: ((id >= 5318004) AND (id <= 5318104))

table 8 : explain SELECT id FROM sbtest8 WHERE id BETWEEN 5318004 AND 5318104
	Index Only Scan using sbtest8_pkey on sbtest8  (cost=0.43..6.50 rows=103 width=4)
	  Index Cond: ((id >= 5318004) AND (id <= 5318104))

explain: for range-covered :: explain SELECT id FROM sbtest%d WHERE id BETWEEN 5318004 AND 5318104
for range-covered
table 1 : explain SELECT id FROM sbtest1 WHERE id BETWEEN 3456886 AND 3456986
	Index Only Scan using sbtest1_pkey on sbtest1  (cost=0.43..6.59 rows=108 width=4)
	  Index Cond: ((id >= 3456886) AND (id <= 3456986))

table 2 : explain SELECT id FROM sbtest2 WHERE id BETWEEN 3456886 AND 3456986
	Index Only Scan using sbtest2_pkey on sbtest2  (cost=0.43..6.50 rows=103 width=4)
	  Index Cond: ((id >= 3456886) AND (id <= 3456986))

table 3 : explain SELECT id FROM sbtest3 WHERE id BETWEEN 3456886 AND 3456986
	Index Only Scan using sbtest3_pkey on sbtest3  (cost=0.43..10.46 rows=101 width=4)
	  Index Cond: ((id >= 3456886) AND (id <= 3456986))

table 4 : explain SELECT id FROM sbtest4 WHERE id BETWEEN 3456886 AND 3456986
	Index Only Scan using sbtest4_pkey on sbtest4  (cost=0.43..6.56 rows=106 width=4)
	  Index Cond: ((id >= 3456886) AND (id <= 3456986))

table 5 : explain SELECT id FROM sbtest5 WHERE id BETWEEN 3456886 AND 3456986
	Index Only Scan using sbtest5_pkey on sbtest5  (cost=0.43..6.45 rows=101 width=4)
	  Index Cond: ((id >= 3456886) AND (id <= 3456986))

table 6 : explain SELECT id FROM sbtest6 WHERE id BETWEEN 3456886 AND 3456986
	Index Only Scan using sbtest6_pkey on sbtest6  (cost=0.43..10.20 rows=88 width=4)
	  Index Cond: ((id >= 3456886) AND (id <= 3456986))

table 7 : explain SELECT id FROM sbtest7 WHERE id BETWEEN 3456886 AND 3456986
	Index Only Scan using sbtest7_pkey on sbtest7  (cost=0.43..10.47 rows=102 width=4)
	  Index Cond: ((id >= 3456886) AND (id <= 3456986))

table 8 : explain SELECT id FROM sbtest8 WHERE id BETWEEN 3456886 AND 3456986
	Index Only Scan using sbtest8_pkey on sbtest8  (cost=0.43..6.35 rows=96 width=4)
	  Index Cond: ((id >= 3456886) AND (id <= 3456986))

explain: for range-covered :: explain SELECT id FROM sbtest%d WHERE id BETWEEN 3456886 AND 3456986
for range-covered
table 1 : explain SELECT id FROM sbtest1 WHERE id BETWEEN 5879399 AND 5879499
	Index Only Scan using sbtest1_pkey on sbtest1  (cost=0.43..6.47 rows=102 width=4)
	  Index Cond: ((id >= 5879399) AND (id <= 5879499))

table 2 : explain SELECT id FROM sbtest2 WHERE id BETWEEN 5879399 AND 5879499
	Index Only Scan using sbtest2_pkey on sbtest2  (cost=0.43..6.37 rows=97 width=4)
	  Index Cond: ((id >= 5879399) AND (id <= 5879499))

table 3 : explain SELECT id FROM sbtest3 WHERE id BETWEEN 5879399 AND 5879499
	Index Only Scan using sbtest3_pkey on sbtest3  (cost=0.43..10.47 rows=102 width=4)
	  Index Cond: ((id >= 5879399) AND (id <= 5879499))

table 4 : explain SELECT id FROM sbtest4 WHERE id BETWEEN 5879399 AND 5879499
	Index Only Scan using sbtest4_pkey on sbtest4  (cost=0.43..6.43 rows=100 width=4)
	  Index Cond: ((id >= 5879399) AND (id <= 5879499))

table 5 : explain SELECT id FROM sbtest5 WHERE id BETWEEN 5879399 AND 5879499
	Index Only Scan using sbtest5_pkey on sbtest5  (cost=0.43..6.58 rows=107 width=4)
	  Index Cond: ((id >= 5879399) AND (id <= 5879499))

table 6 : explain SELECT id FROM sbtest6 WHERE id BETWEEN 5879399 AND 5879499
	Index Only Scan using sbtest6_pkey on sbtest6  (cost=0.43..10.22 rows=89 width=4)
	  Index Cond: ((id >= 5879399) AND (id <= 5879499))

table 7 : explain SELECT id FROM sbtest7 WHERE id BETWEEN 5879399 AND 5879499
	Index Only Scan using sbtest7_pkey on sbtest7  (cost=0.43..10.38 rows=97 width=4)
	  Index Cond: ((id >= 5879399) AND (id <= 5879499))

table 8 : explain SELECT id FROM sbtest8 WHERE id BETWEEN 5879399 AND 5879499
	Index Only Scan using sbtest8_pkey on sbtest8  (cost=0.43..6.50 rows=103 width=4)
	  Index Cond: ((id >= 5879399) AND (id <= 5879499))

for range-covered
table 1 : explain SELECT id FROM sbtest1 WHERE id BETWEEN 5318004 AND 5318104
	Index Only Scan using sbtest1_pkey on sbtest1  (cost=0.43..6.45 rows=101 width=4)
	  Index Cond: ((id >= 5318004) AND (id <= 5318104))

table 2 : explain SELECT id FROM sbtest2 WHERE id BETWEEN 5318004 AND 5318104
	Index Only Scan using sbtest2_pkey on sbtest2  (cost=0.43..6.40 rows=98 width=4)
	  Index Cond: ((id >= 5318004) AND (id <= 5318104))

table 3 : explain SELECT id FROM sbtest3 WHERE id BETWEEN 5318004 AND 5318104
	Index Only Scan using sbtest3_pkey on sbtest3  (cost=0.43..10.42 rows=99 width=4)
	  Index Cond: ((id >= 5318004) AND (id <= 5318104))

table 4 : explain SELECT id FROM sbtest4 WHERE id BETWEEN 5318004 AND 5318104
	Index Only Scan using sbtest4_pkey on sbtest4  (cost=0.43..6.72 rows=114 width=4)
	  Index Cond: ((id >= 5318004) AND (id <= 5318104))

table 5 : explain SELECT id FROM sbtest5 WHERE id BETWEEN 5318004 AND 5318104
	Index Only Scan using sbtest5_pkey on sbtest5  (cost=0.43..6.63 rows=110 width=4)
	  Index Cond: ((id >= 5318004) AND (id <= 5318104))

table 6 : explain SELECT id FROM sbtest6 WHERE id BETWEEN 5318004 AND 5318104
	Index Only Scan using sbtest6_pkey on sbtest6  (cost=0.43..10.54 rows=105 width=4)
	  Index Cond: ((id >= 5318004) AND (id <= 5318104))

table 7 : explain SELECT id FROM sbtest7 WHERE id BETWEEN 5318004 AND 5318104
	Index Only Scan using sbtest7_pkey on sbtest7  (cost=0.43..10.29 rows=93 width=4)
	  Index Cond: ((id >= 5318004) AND (id <= 5318104))

table 8 : explain SELECT id FROM sbtest8 WHERE id BETWEEN 5318004 AND 5318104
	Index Only Scan using sbtest8_pkey on sbtest8  (cost=0.43..6.50 rows=103 width=4)
	  Index Cond: ((id >= 5318004) AND (id <= 5318104))

explain: for range-covered :: explain SELECT id FROM sbtest%d WHERE id BETWEEN 5318004 AND 5318104
for range-covered
table 1 : explain SELECT id FROM sbtest1 WHERE id BETWEEN 3456886 AND 3456986
	Index Only Scan using sbtest1_pkey on sbtest1  (cost=0.43..6.59 rows=108 width=4)
	  Index Cond: ((id >= 3456886) AND (id <= 3456986))

table 2 : explain SELECT id FROM sbtest2 WHERE id BETWEEN 3456886 AND 3456986
	Index Only Scan using sbtest2_pkey on sbtest2  (cost=0.43..6.50 rows=103 width=4)
	  Index Cond: ((id >= 3456886) AND (id <= 3456986))

table 3 : explain SELECT id FROM sbtest3 WHERE id BETWEEN 3456886 AND 3456986
	Index Only Scan using sbtest3_pkey on sbtest3  (cost=0.43..10.46 rows=101 width=4)
	  Index Cond: ((id >= 3456886) AND (id <= 3456986))

table 4 : explain SELECT id FROM sbtest4 WHERE id BETWEEN 3456886 AND 3456986
	Index Only Scan using sbtest4_pkey on sbtest4  (cost=0.43..6.56 rows=106 width=4)
	  Index Cond: ((id >= 3456886) AND (id <= 3456986))

table 5 : explain SELECT id FROM sbtest5 WHERE id BETWEEN 3456886 AND 3456986
	Index Only Scan using sbtest5_pkey on sbtest5  (cost=0.43..6.45 rows=101 width=4)
	  Index Cond: ((id >= 3456886) AND (id <= 3456986))

table 6 : explain SELECT id FROM sbtest6 WHERE id BETWEEN 3456886 AND 3456986
	Index Only Scan using sbtest6_pkey on sbtest6  (cost=0.43..10.20 rows=88 width=4)
	  Index Cond: ((id >= 3456886) AND (id <= 3456986))

table 7 : explain SELECT id FROM sbtest7 WHERE id BETWEEN 3456886 AND 3456986
	Index Only Scan using sbtest7_pkey on sbtest7  (cost=0.43..10.47 rows=102 width=4)
	  Index Cond: ((id >= 3456886) AND (id <= 3456986))

table 8 : explain SELECT id FROM sbtest8 WHERE id BETWEEN 3456886 AND 3456986
	Index Only Scan using sbtest8_pkey on sbtest8  (cost=0.43..6.35 rows=96 width=4)
	  Index Cond: ((id >= 3456886) AND (id <= 3456986))

explain: for range-covered :: explain SELECT id FROM sbtest%d WHERE id BETWEEN 3456886 AND 3456986
for range-covered
table 1 : explain SELECT id FROM sbtest1 WHERE id BETWEEN 5318004 AND 5318104
	Index Only Scan using sbtest1_pkey on sbtest1  (cost=0.43..6.45 rows=101 width=4)
	  Index Cond: ((id >= 5318004) AND (id <= 5318104))

table 2 : explain SELECT id FROM sbtest2 WHERE id BETWEEN 5318004 AND 5318104
	Index Only Scan using sbtest2_pkey on sbtest2  (cost=0.43..6.40 rows=98 width=4)
	  Index Cond: ((id >= 5318004) AND (id <= 5318104))

table 3 : explain SELECT id FROM sbtest3 WHERE id BETWEEN 5318004 AND 5318104
	Index Only Scan using sbtest3_pkey on sbtest3  (cost=0.43..10.42 rows=99 width=4)
	  Index Cond: ((id >= 5318004) AND (id <= 5318104))

table 4 : explain SELECT id FROM sbtest4 WHERE id BETWEEN 5318004 AND 5318104
	Index Only Scan using sbtest4_pkey on sbtest4  (cost=0.43..6.72 rows=114 width=4)
	  Index Cond: ((id >= 5318004) AND (id <= 5318104))

table 5 : explain SELECT id FROM sbtest5 WHERE id BETWEEN 5318004 AND 5318104
	Index Only Scan using sbtest5_pkey on sbtest5  (cost=0.43..6.63 rows=110 width=4)
	  Index Cond: ((id >= 5318004) AND (id <= 5318104))

table 6 : explain SELECT id FROM sbtest6 WHERE id BETWEEN 5318004 AND 5318104
	Index Only Scan using sbtest6_pkey on sbtest6  (cost=0.43..10.54 rows=105 width=4)
	  Index Cond: ((id >= 5318004) AND (id <= 5318104))

table 7 : explain SELECT id FROM sbtest7 WHERE id BETWEEN 5318004 AND 5318104
	Index Only Scan using sbtest7_pkey on sbtest7  (cost=0.43..10.29 rows=93 width=4)
	  Index Cond: ((id >= 5318004) AND (id <= 5318104))

table 8 : explain SELECT id FROM sbtest8 WHERE id BETWEEN 5318004 AND 5318104
	Index Only Scan using sbtest8_pkey on sbtest8  (cost=0.43..6.50 rows=103 width=4)
	  Index Cond: ((id >= 5318004) AND (id <= 5318104))

explain: for range-covered :: explain SELECT id FROM sbtest%d WHERE id BETWEEN 5318004 AND 5318104
for range-covered
table 1 : explain SELECT id FROM sbtest1 WHERE id BETWEEN 3456886 AND 3456986
	Index Only Scan using sbtest1_pkey on sbtest1  (cost=0.43..6.59 rows=108 width=4)
	  Index Cond: ((id >= 3456886) AND (id <= 3456986))

table 2 : explain SELECT id FROM sbtest2 WHERE id BETWEEN 3456886 AND 3456986
	Index Only Scan using sbtest2_pkey on sbtest2  (cost=0.43..6.50 rows=103 width=4)
	  Index Cond: ((id >= 3456886) AND (id <= 3456986))

table 3 : explain SELECT id FROM sbtest3 WHERE id BETWEEN 3456886 AND 3456986
	Index Only Scan using sbtest3_pkey on sbtest3  (cost=0.43..10.46 rows=101 width=4)
	  Index Cond: ((id >= 3456886) AND (id <= 3456986))

table 4 : explain SELECT id FROM sbtest4 WHERE id BETWEEN 3456886 AND 3456986
	Index Only Scan using sbtest4_pkey on sbtest4  (cost=0.43..6.56 rows=106 width=4)
	  Index Cond: ((id >= 3456886) AND (id <= 3456986))

table 5 : explain SELECT id FROM sbtest5 WHERE id BETWEEN 3456886 AND 3456986
	Index Only Scan using sbtest5_pkey on sbtest5  (cost=0.43..6.45 rows=101 width=4)
	  Index Cond: ((id >= 3456886) AND (id <= 3456986))

table 6 : explain SELECT id FROM sbtest6 WHERE id BETWEEN 3456886 AND 3456986
	Index Only Scan using sbtest6_pkey on sbtest6  (cost=0.43..10.20 rows=88 width=4)
	  Index Cond: ((id >= 3456886) AND (id <= 3456986))

table 7 : explain SELECT id FROM sbtest7 WHERE id BETWEEN 3456886 AND 3456986
	Index Only Scan using sbtest7_pkey on sbtest7  (cost=0.43..10.47 rows=102 width=4)
	  Index Cond: ((id >= 3456886) AND (id <= 3456986))

table 8 : explain SELECT id FROM sbtest8 WHERE id BETWEEN 3456886 AND 3456986
	Index Only Scan using sbtest8_pkey on sbtest8  (cost=0.43..6.35 rows=96 width=4)
	  Index Cond: ((id >= 3456886) AND (id <= 3456986))

explain: for range-covered :: explain SELECT id FROM sbtest%d WHERE id BETWEEN 3456886 AND 3456986
for range-covered
table 1 : explain SELECT id FROM sbtest1 WHERE id BETWEEN 5318004 AND 5318104
	Index Only Scan using sbtest1_pkey on sbtest1  (cost=0.43..6.45 rows=101 width=4)
	  Index Cond: ((id >= 5318004) AND (id <= 5318104))

table 2 : explain SELECT id FROM sbtest2 WHERE id BETWEEN 5318004 AND 5318104
	Index Only Scan using sbtest2_pkey on sbtest2  (cost=0.43..6.40 rows=98 width=4)
	  Index Cond: ((id >= 5318004) AND (id <= 5318104))

table 3 : explain SELECT id FROM sbtest3 WHERE id BETWEEN 5318004 AND 5318104
	Index Only Scan using sbtest3_pkey on sbtest3  (cost=0.43..10.42 rows=99 width=4)
	  Index Cond: ((id >= 5318004) AND (id <= 5318104))

table 4 : explain SELECT id FROM sbtest4 WHERE id BETWEEN 5318004 AND 5318104
	Index Only Scan using sbtest4_pkey on sbtest4  (cost=0.43..6.72 rows=114 width=4)
	  Index Cond: ((id >= 5318004) AND (id <= 5318104))

table 5 : explain SELECT id FROM sbtest5 WHERE id BETWEEN 5318004 AND 5318104
	Index Only Scan using sbtest5_pkey on sbtest5  (cost=0.43..6.63 rows=110 width=4)
	  Index Cond: ((id >= 5318004) AND (id <= 5318104))

table 6 : explain SELECT id FROM sbtest6 WHERE id BETWEEN 5318004 AND 5318104
	Index Only Scan using sbtest6_pkey on sbtest6  (cost=0.43..10.54 rows=105 width=4)
	  Index Cond: ((id >= 5318004) AND (id <= 5318104))

table 7 : explain SELECT id FROM sbtest7 WHERE id BETWEEN 5318004 AND 5318104
	Index Only Scan using sbtest7_pkey on sbtest7  (cost=0.43..10.29 rows=93 width=4)
	  Index Cond: ((id >= 5318004) AND (id <= 5318104))

table 8 : explain SELECT id FROM sbtest8 WHERE id BETWEEN 5318004 AND 5318104
	Index Only Scan using sbtest8_pkey on sbtest8  (cost=0.43..6.50 rows=103 width=4)
	  Index Cond: ((id >= 5318004) AND (id <= 5318104))

explain: for range-covered :: explain SELECT id FROM sbtest%d WHERE id BETWEEN 5318004 AND 5318104
for range-covered
table 1 : explain SELECT id FROM sbtest1 WHERE id BETWEEN 3456886 AND 3456986
	Index Only Scan using sbtest1_pkey on sbtest1  (cost=0.43..6.59 rows=108 width=4)
	  Index Cond: ((id >= 3456886) AND (id <= 3456986))

table 2 : explain SELECT id FROM sbtest2 WHERE id BETWEEN 3456886 AND 3456986
	Index Only Scan using sbtest2_pkey on sbtest2  (cost=0.43..6.50 rows=103 width=4)
	  Index Cond: ((id >= 3456886) AND (id <= 3456986))

table 3 : explain SELECT id FROM sbtest3 WHERE id BETWEEN 3456886 AND 3456986
	Index Only Scan using sbtest3_pkey on sbtest3  (cost=0.43..10.46 rows=101 width=4)
	  Index Cond: ((id >= 3456886) AND (id <= 3456986))

table 4 : explain SELECT id FROM sbtest4 WHERE id BETWEEN 3456886 AND 3456986
	Index Only Scan using sbtest4_pkey on sbtest4  (cost=0.43..6.56 rows=106 width=4)
	  Index Cond: ((id >= 3456886) AND (id <= 3456986))

table 5 : explain SELECT id FROM sbtest5 WHERE id BETWEEN 3456886 AND 3456986
	Index Only Scan using sbtest5_pkey on sbtest5  (cost=0.43..6.45 rows=101 width=4)
	  Index Cond: ((id >= 3456886) AND (id <= 3456986))

table 6 : explain SELECT id FROM sbtest6 WHERE id BETWEEN 3456886 AND 3456986
	Index Only Scan using sbtest6_pkey on sbtest6  (cost=0.43..10.20 rows=88 width=4)
	  Index Cond: ((id >= 3456886) AND (id <= 3456986))

table 7 : explain SELECT id FROM sbtest7 WHERE id BETWEEN 3456886 AND 3456986
	Index Only Scan using sbtest7_pkey on sbtest7  (cost=0.43..10.47 rows=102 width=4)
	  Index Cond: ((id >= 3456886) AND (id <= 3456986))

table 8 : explain SELECT id FROM sbtest8 WHERE id BETWEEN 3456886 AND 3456986
	Index Only Scan using sbtest8_pkey on sbtest8  (cost=0.43..6.35 rows=96 width=4)
	  Index Cond: ((id >= 3456886) AND (id <= 3456986))

explain: for range-covered :: explain SELECT id FROM sbtest%d WHERE id BETWEEN 3456886 AND 3456986
for range-covered
table 1 : explain SELECT id FROM sbtest1 WHERE id BETWEEN 5318004 AND 5318104
	Index Only Scan using sbtest1_pkey on sbtest1  (cost=0.43..6.45 rows=101 width=4)
	  Index Cond: ((id >= 5318004) AND (id <= 5318104))

table 2 : explain SELECT id FROM sbtest2 WHERE id BETWEEN 5318004 AND 5318104
	Index Only Scan using sbtest2_pkey on sbtest2  (cost=0.43..6.40 rows=98 width=4)
	  Index Cond: ((id >= 5318004) AND (id <= 5318104))

table 3 : explain SELECT id FROM sbtest3 WHERE id BETWEEN 5318004 AND 5318104
	Index Only Scan using sbtest3_pkey on sbtest3  (cost=0.43..10.42 rows=99 width=4)
	  Index Cond: ((id >= 5318004) AND (id <= 5318104))

table 4 : explain SELECT id FROM sbtest4 WHERE id BETWEEN 5318004 AND 5318104
	Index Only Scan using sbtest4_pkey on sbtest4  (cost=0.43..6.72 rows=114 width=4)
	  Index Cond: ((id >= 5318004) AND (id <= 5318104))

table 5 : explain SELECT id FROM sbtest5 WHERE id BETWEEN 5318004 AND 5318104
	Index Only Scan using sbtest5_pkey on sbtest5  (cost=0.43..6.63 rows=110 width=4)
	  Index Cond: ((id >= 5318004) AND (id <= 5318104))

table 6 : explain SELECT id FROM sbtest6 WHERE id BETWEEN 5318004 AND 5318104
	Index Only Scan using sbtest6_pkey on sbtest6  (cost=0.43..10.54 rows=105 width=4)
	  Index Cond: ((id >= 5318004) AND (id <= 5318104))

table 7 : explain SELECT id FROM sbtest7 WHERE id BETWEEN 5318004 AND 5318104
	Index Only Scan using sbtest7_pkey on sbtest7  (cost=0.43..10.29 rows=93 width=4)
	  Index Cond: ((id >= 5318004) AND (id <= 5318104))

table 8 : explain SELECT id FROM sbtest8 WHERE id BETWEEN 5318004 AND 5318104
	Index Only Scan using sbtest8_pkey on sbtest8  (cost=0.43..6.50 rows=103 width=4)
	  Index Cond: ((id >= 5318004) AND (id <= 5318104))

explain: for range-covered :: explain SELECT id FROM sbtest%d WHERE id BETWEEN 5318004 AND 5318104
for range-covered
table 1 : explain SELECT id FROM sbtest1 WHERE id BETWEEN 3456886 AND 3456986
	Index Only Scan using sbtest1_pkey on sbtest1  (cost=0.43..6.59 rows=108 width=4)
	  Index Cond: ((id >= 3456886) AND (id <= 3456986))

table 2 : explain SELECT id FROM sbtest2 WHERE id BETWEEN 3456886 AND 3456986
	Index Only Scan using sbtest2_pkey on sbtest2  (cost=0.43..6.50 rows=103 width=4)
	  Index Cond: ((id >= 3456886) AND (id <= 3456986))

table 3 : explain SELECT id FROM sbtest3 WHERE id BETWEEN 3456886 AND 3456986
	Index Only Scan using sbtest3_pkey on sbtest3  (cost=0.43..10.46 rows=101 width=4)
	  Index Cond: ((id >= 3456886) AND (id <= 3456986))

table 4 : explain SELECT id FROM sbtest4 WHERE id BETWEEN 3456886 AND 3456986
	Index Only Scan using sbtest4_pkey on sbtest4  (cost=0.43..6.56 rows=106 width=4)
	  Index Cond: ((id >= 3456886) AND (id <= 3456986))

table 5 : explain SELECT id FROM sbtest5 WHERE id BETWEEN 3456886 AND 3456986
	Index Only Scan using sbtest5_pkey on sbtest5  (cost=0.43..6.45 rows=101 width=4)
	  Index Cond: ((id >= 3456886) AND (id <= 3456986))

table 6 : explain SELECT id FROM sbtest6 WHERE id BETWEEN 3456886 AND 3456986
	Index Only Scan using sbtest6_pkey on sbtest6  (cost=0.43..10.20 rows=88 width=4)
	  Index Cond: ((id >= 3456886) AND (id <= 3456986))

table 7 : explain SELECT id FROM sbtest7 WHERE id BETWEEN 3456886 AND 3456986
	Index Only Scan using sbtest7_pkey on sbtest7  (cost=0.43..10.47 rows=102 width=4)
	  Index Cond: ((id >= 3456886) AND (id <= 3456986))

table 8 : explain SELECT id FROM sbtest8 WHERE id BETWEEN 3456886 AND 3456986
	Index Only Scan using sbtest8_pkey on sbtest8  (cost=0.43..6.35 rows=96 width=4)
	  Index Cond: ((id >= 3456886) AND (id <= 3456986))

explain: for range-covered :: explain SELECT id FROM sbtest%d WHERE id BETWEEN 3456886 AND 3456986
for range-covered
table 1 : explain SELECT id FROM sbtest1 WHERE id BETWEEN 5318004 AND 5318104
	Index Only Scan using sbtest1_pkey on sbtest1  (cost=0.43..6.45 rows=101 width=4)
	  Index Cond: ((id >= 5318004) AND (id <= 5318104))

table 2 : explain SELECT id FROM sbtest2 WHERE id BETWEEN 5318004 AND 5318104
	Index Only Scan using sbtest2_pkey on sbtest2  (cost=0.43..6.40 rows=98 width=4)
	  Index Cond: ((id >= 5318004) AND (id <= 5318104))

table 3 : explain SELECT id FROM sbtest3 WHERE id BETWEEN 5318004 AND 5318104
	Index Only Scan using sbtest3_pkey on sbtest3  (cost=0.43..10.42 rows=99 width=4)
	  Index Cond: ((id >= 5318004) AND (id <= 5318104))

table 4 : explain SELECT id FROM sbtest4 WHERE id BETWEEN 5318004 AND 5318104
	Index Only Scan using sbtest4_pkey on sbtest4  (cost=0.43..6.72 rows=114 width=4)
	  Index Cond: ((id >= 5318004) AND (id <= 5318104))

table 5 : explain SELECT id FROM sbtest5 WHERE id BETWEEN 5318004 AND 5318104
	Index Only Scan using sbtest5_pkey on sbtest5  (cost=0.43..6.63 rows=110 width=4)
	  Index Cond: ((id >= 5318004) AND (id <= 5318104))

table 6 : explain SELECT id FROM sbtest6 WHERE id BETWEEN 5318004 AND 5318104
	Index Only Scan using sbtest6_pkey on sbtest6  (cost=0.43..10.54 rows=105 width=4)
	  Index Cond: ((id >= 5318004) AND (id <= 5318104))

table 7 : explain SELECT id FROM sbtest7 WHERE id BETWEEN 5318004 AND 5318104
	Index Only Scan using sbtest7_pkey on sbtest7  (cost=0.43..10.29 rows=93 width=4)
	  Index Cond: ((id >= 5318004) AND (id <= 5318104))

table 8 : explain SELECT id FROM sbtest8 WHERE id BETWEEN 5318004 AND 5318104
	Index Only Scan using sbtest8_pkey on sbtest8  (cost=0.43..6.50 rows=103 width=4)
	  Index Cond: ((id >= 5318004) AND (id <= 5318104))

explain: for range-covered :: explain SELECT id FROM sbtest%d WHERE id BETWEEN 5318004 AND 5318104
for range-covered
table 1 : explain SELECT id FROM sbtest1 WHERE id BETWEEN 3456886 AND 3456986
	Index Only Scan using sbtest1_pkey on sbtest1  (cost=0.43..6.59 rows=108 width=4)
	  Index Cond: ((id >= 3456886) AND (id <= 3456986))

table 2 : explain SELECT id FROM sbtest2 WHERE id BETWEEN 3456886 AND 3456986
	Index Only Scan using sbtest2_pkey on sbtest2  (cost=0.43..6.50 rows=103 width=4)
	  Index Cond: ((id >= 3456886) AND (id <= 3456986))

table 3 : explain SELECT id FROM sbtest3 WHERE id BETWEEN 3456886 AND 3456986
	Index Only Scan using sbtest3_pkey on sbtest3  (cost=0.43..10.46 rows=101 width=4)
	  Index Cond: ((id >= 3456886) AND (id <= 3456986))

table 4 : explain SELECT id FROM sbtest4 WHERE id BETWEEN 3456886 AND 3456986
	Index Only Scan using sbtest4_pkey on sbtest4  (cost=0.43..6.56 rows=106 width=4)
	  Index Cond: ((id >= 3456886) AND (id <= 3456986))

table 5 : explain SELECT id FROM sbtest5 WHERE id BETWEEN 3456886 AND 3456986
	Index Only Scan using sbtest5_pkey on sbtest5  (cost=0.43..6.45 rows=101 width=4)
	  Index Cond: ((id >= 3456886) AND (id <= 3456986))

table 6 : explain SELECT id FROM sbtest6 WHERE id BETWEEN 3456886 AND 3456986
	Index Only Scan using sbtest6_pkey on sbtest6  (cost=0.43..10.20 rows=88 width=4)
	  Index Cond: ((id >= 3456886) AND (id <= 3456986))

table 7 : explain SELECT id FROM sbtest7 WHERE id BETWEEN 3456886 AND 3456986
	Index Only Scan using sbtest7_pkey on sbtest7  (cost=0.43..10.47 rows=102 width=4)
	  Index Cond: ((id >= 3456886) AND (id <= 3456986))

table 8 : explain SELECT id FROM sbtest8 WHERE id BETWEEN 3456886 AND 3456986
	Index Only Scan using sbtest8_pkey on sbtest8  (cost=0.43..6.35 rows=96 width=4)
	  Index Cond: ((id >= 3456886) AND (id <= 3456986))

for range-covered
table 1 : explain SELECT id FROM sbtest1 WHERE id BETWEEN 5318004 AND 5318104
	Index Only Scan using sbtest1_pkey on sbtest1  (cost=0.43..6.45 rows=101 width=4)
	  Index Cond: ((id >= 5318004) AND (id <= 5318104))

table 2 : explain SELECT id FROM sbtest2 WHERE id BETWEEN 5318004 AND 5318104
	Index Only Scan using sbtest2_pkey on sbtest2  (cost=0.43..6.40 rows=98 width=4)
	  Index Cond: ((id >= 5318004) AND (id <= 5318104))

table 3 : explain SELECT id FROM sbtest3 WHERE id BETWEEN 5318004 AND 5318104
	Index Only Scan using sbtest3_pkey on sbtest3  (cost=0.43..10.42 rows=99 width=4)
	  Index Cond: ((id >= 5318004) AND (id <= 5318104))

table 4 : explain SELECT id FROM sbtest4 WHERE id BETWEEN 5318004 AND 5318104
	Index Only Scan using sbtest4_pkey on sbtest4  (cost=0.43..6.72 rows=114 width=4)
	  Index Cond: ((id >= 5318004) AND (id <= 5318104))

table 5 : explain SELECT id FROM sbtest5 WHERE id BETWEEN 5318004 AND 5318104
	Index Only Scan using sbtest5_pkey on sbtest5  (cost=0.43..6.63 rows=110 width=4)
	  Index Cond: ((id >= 5318004) AND (id <= 5318104))

table 6 : explain SELECT id FROM sbtest6 WHERE id BETWEEN 5318004 AND 5318104
	Index Only Scan using sbtest6_pkey on sbtest6  (cost=0.43..10.54 rows=105 width=4)
	  Index Cond: ((id >= 5318004) AND (id <= 5318104))

table 7 : explain SELECT id FROM sbtest7 WHERE id BETWEEN 5318004 AND 5318104
	Index Only Scan using sbtest7_pkey on sbtest7  (cost=0.43..10.29 rows=93 width=4)
	  Index Cond: ((id >= 5318004) AND (id <= 5318104))

table 8 : explain SELECT id FROM sbtest8 WHERE id BETWEEN 5318004 AND 5318104
	Index Only Scan using sbtest8_pkey on sbtest8  (cost=0.43..6.50 rows=103 width=4)
	  Index Cond: ((id >= 5318004) AND (id <= 5318104))

Threads started!

Warming up for 5 seconds...

SQL statistics:
    queries performed:
        read:                            262407272
        write:                           0
        other:                           0
        total:                           262407272
    transactions:                        262407272 (416515.99 per sec.)
    queries:                             262407272 (416515.99 per sec.)
    ignored errors:                      0      (0.00 per sec.)
    reconnects:                          0      (0.00 per sec.)

Throughput:
    events/s (eps):                      416515.9900
    time elapsed:                        630.0054s
    total number of events:              262407272

Latency (ms):
         min:                                    0.06
         avg:                                    0.10
         max:                                   24.12
         95th percentile:                        0.11
         sum:                             25119514.53

Threads fairness:
    events (avg/stddev):           6560174.5750/33239.87
    execution time (avg/stddev):   627.9879/0.04

