LUA_PATH=/home/mdcallag/git/mytools/bench/sysbench.lua/lua/?.lua /home/mdcallag/git/mytools/bench/sysbench.lua/lua/sysbench --db-driver=pgsql --range-size=100 --table-size=10000000 --tables=8 --threads=40 --events=0 --warmup-time=5 --time=630 --pgsql_conn_id=true /home/mdcallag/git/mytools/bench/sysbench.lua/lua/oltp_range_covered.lua run --pgsql-user=root --pgsql-password=pw --pgsql-host=127.0.0.1 --pgsql-db=ib --rand-type=uniform --random-points=100 --skip-trx --on-id=false --covered=false
48 CPUs
sysbench 1.1.0-9072687 (using bundled LuaJIT 2.1.0-beta3)

Running the test with following options:
Number of threads: 40
Warmup time: 5s
Initializing random number generator from current time


Initializing worker threads...

explain: for range-notcovered :: explain SELECT k, c FROM sbtest%d WHERE k BETWEEN 8417946 AND 8418046
explain: for range-notcovered :: explain SELECT k, c FROM sbtest%d WHERE k BETWEEN 3473221 AND 3473321
explain: for range-notcovered :: explain SELECT k, c FROM sbtest%d WHERE k BETWEEN 5625145 AND 5625245
explain: for range-notcovered :: explain SELECT k, c FROM sbtest%d WHERE k BETWEEN 7951375 AND 7951475
explain: for range-notcovered :: explain SELECT k, c FROM sbtest%d WHERE k BETWEEN 4327463 AND 4327563
explain: for range-notcovered :: explain SELECT k, c FROM sbtest%d WHERE k BETWEEN 6082356 AND 6082456
explain: for range-notcovered :: explain SELECT k, c FROM sbtest%d WHERE k BETWEEN 3397393 AND 3397493
for range-notcovered
table 1 : explain SELECT k, c FROM sbtest1 WHERE k BETWEEN 5625145 AND 5625245
	Bitmap Heap Scan on sbtest1  (cost=5.46..401.19 rows=100 width=125)
	  Recheck Cond: ((k >= 5625145) AND (k <= 5625245))
	  ->  Bitmap Index Scan on k_1  (cost=0.00..5.43 rows=100 width=0)
	        Index Cond: ((k >= 5625145) AND (k <= 5625245))

table 2 : explain SELECT k, c FROM sbtest2 WHERE k BETWEEN 5625145 AND 5625245
	Bitmap Heap Scan on sbtest2  (cost=5.43..389.37 rows=97 width=125)
	  Recheck Cond: ((k >= 5625145) AND (k <= 5625245))
	  ->  Bitmap Index Scan on k_2  (cost=0.00..5.40 rows=97 width=0)
	        Index Cond: ((k >= 5625145) AND (k <= 5625245))

table 3 : explain SELECT k, c FROM sbtest3 WHERE k BETWEEN 5625145 AND 5625245
	Bitmap Heap Scan on sbtest3  (cost=5.51..420.88 rows=105 width=125)
	  Recheck Cond: ((k >= 5625145) AND (k <= 5625245))
	  ->  Bitmap Index Scan on k_3  (cost=0.00..5.48 rows=105 width=0)
	        Index Cond: ((k >= 5625145) AND (k <= 5625245))

table 4 : explain SELECT k, c FROM sbtest4 WHERE k BETWEEN 5625145 AND 5625245
	Bitmap Heap Scan on sbtest4  (cost=5.52..424.81 rows=106 width=125)
	  Recheck Cond: ((k >= 5625145) AND (k <= 5625245))
	  ->  Bitmap Index Scan on k_4  (cost=0.00..5.50 rows=106 width=0)
	        Index Cond: ((k >= 5625145) AND (k <= 5625245))

table 5 : explain SELECT k, c FROM sbtest5 WHERE k BETWEEN 5625145 AND 5625245
	Bitmap Heap Scan on sbtest5  (cost=5.51..420.88 rows=105 width=125)
	  Recheck Cond: ((k >= 5625145) AND (k <= 5625245))
	  ->  Bitmap Index Scan on k_5  (cost=0.00..5.48 rows=105 width=0)
	        Index Cond: ((k >= 5625145) AND (k <= 5625245))

table 6 : explain SELECT k, c FROM sbtest6 WHERE k BETWEEN 5625145 AND 5625245
	Bitmap Heap Scan on sbtest6  (cost=5.44..393.31 rows=98 width=125)
	  Recheck Cond: ((k >= 5625145) AND (k <= 5625245))
	  ->  Bitmap Index Scan on k_6  (cost=0.00..5.42 rows=98 width=0)
	        Index Cond: ((k >= 5625145) AND (k <= 5625245))

table 7 : explain SELECT k, c FROM sbtest7 WHERE k BETWEEN 5625145 AND 5625245
	Bitmap Heap Scan on sbtest7  (cost=5.65..475.95 rows=119 width=125)
	  Recheck Cond: ((k >= 5625145) AND (k <= 5625245))
	  ->  Bitmap Index Scan on k_7  (cost=0.00..5.62 rows=119 width=0)
	        Index Cond: ((k >= 5625145) AND (k <= 5625245))

table 8 : explain SELECT k, c FROM sbtest8 WHERE k BETWEEN 5625145 AND 5625245
	Bitmap Heap Scan on sbtest8  (cost=5.60..456.29 rows=114 width=125)
	  Recheck Cond: ((k >= 5625145) AND (k <= 5625245))
	  ->  Bitmap Index Scan on k_8  (cost=0.00..5.58 rows=114 width=0)
	        Index Cond: ((k >= 5625145) AND (k <= 5625245))

explain: for range-notcovered :: explain SELECT k, c FROM sbtest%d WHERE k BETWEEN 5625145 AND 5625245
for range-notcovered
table 1 : explain SELECT k, c FROM sbtest1 WHERE k BETWEEN 3473221 AND 3473321
	Bitmap Heap Scan on sbtest1  (cost=5.51..420.88 rows=105 width=125)
	  Recheck Cond: ((k >= 3473221) AND (k <= 3473321))
	  ->  Bitmap Index Scan on k_1  (cost=0.00..5.48 rows=105 width=0)
	        Index Cond: ((k >= 3473221) AND (k <= 3473321))

table 2 : explain SELECT k, c FROM sbtest2 WHERE k BETWEEN 3473221 AND 3473321
	Bitmap Heap Scan on sbtest2  (cost=5.54..432.69 rows=108 width=125)
	  Recheck Cond: ((k >= 3473221) AND (k <= 3473321))
	  ->  Bitmap Index Scan on k_2  (cost=0.00..5.51 rows=108 width=0)
	        Index Cond: ((k >= 3473221) AND (k <= 3473321))

table 3 : explain SELECT k, c FROM sbtest3 WHERE k BETWEEN 3473221 AND 3473321
	Bitmap Heap Scan on sbtest3  (cost=5.42..385.43 rows=96 width=125)
	  Recheck Cond: ((k >= 3473221) AND (k <= 3473321))
	  ->  Bitmap Index Scan on k_3  (cost=0.00..5.39 rows=96 width=0)
	        Index Cond: ((k >= 3473221) AND (k <= 3473321))

table 4 : explain SELECT k, c FROM sbtest4 WHERE k BETWEEN 3473221 AND 3473321
	Bitmap Heap Scan on sbtest4  (cost=5.39..373.61 rows=93 width=125)
	  Recheck Cond: ((k >= 3473221) AND (k <= 3473321))
	  ->  Bitmap Index Scan on k_4  (cost=0.00..5.36 rows=93 width=0)
	        Index Cond: ((k >= 3473221) AND (k <= 3473321))

table 5 : explain SELECT k, c FROM sbtest5 WHERE k BETWEEN 3473221 AND 3473321
	Bitmap Heap Scan on sbtest5  (cost=5.31..342.06 rows=85 width=125)
	  Recheck Cond: ((k >= 3473221) AND (k <= 3473321))
	  ->  Bitmap Index Scan on k_5  (cost=0.00..5.28 rows=85 width=0)
	        Index Cond: ((k >= 3473221) AND (k <= 3473321))

table 6 : explain SELECT k, c FROM sbtest6 WHERE k BETWEEN 3473221 AND 3473321
	Bitmap Heap Scan on sbtest6  (cost=5.38..369.67 rows=92 width=125)
	  Recheck Cond: ((k >= 3473221) AND (k <= 3473321))
	  ->  Bitmap Index Scan on k_6  (cost=0.00..5.35 rows=92 width=0)
	        Index Cond: ((k >= 3473221) AND (k <= 3473321))

table 7 : explain SELECT k, c FROM sbtest7 WHERE k BETWEEN 3473221 AND 3473321
	Bitmap Heap Scan on sbtest7  (cost=5.51..420.88 rows=105 width=125)
	  Recheck Cond: ((k >= 3473221) AND (k <= 3473321))
	  ->  Bitmap Index Scan on k_7  (cost=0.00..5.48 rows=105 width=0)
	        Index Cond: ((k >= 3473221) AND (k <= 3473321))

table 8 : explain SELECT k, c FROM sbtest8 WHERE k BETWEEN 3473221 AND 3473321
	Bitmap Heap Scan on sbtest8  (cost=5.44..393.31 rows=98 width=125)
	  Recheck Cond: ((k >= 3473221) AND (k <= 3473321))
	  ->  Bitmap Index Scan on k_8  (cost=0.00..5.42 rows=98 width=0)
	        Index Cond: ((k >= 3473221) AND (k <= 3473321))

explain: for range-notcovered :: explain SELECT k, c FROM sbtest%d WHERE k BETWEEN 3473221 AND 3473321
for range-notcovered
table 1 : explain SELECT k, c FROM sbtest1 WHERE k BETWEEN 6082356 AND 6082456
	Bitmap Heap Scan on sbtest1  (cost=5.40..377.55 rows=94 width=125)
	  Recheck Cond: ((k >= 6082356) AND (k <= 6082456))
	  ->  Bitmap Index Scan on k_1  (cost=0.00..5.38 rows=94 width=0)
	        Index Cond: ((k >= 6082356) AND (k <= 6082456))

table 2 : explain SELECT k, c FROM sbtest2 WHERE k BETWEEN 6082356 AND 6082456
	Bitmap Heap Scan on sbtest2  (cost=5.47..405.13 rows=101 width=125)
	  Recheck Cond: ((k >= 6082356) AND (k <= 6082456))
	  ->  Bitmap Index Scan on k_2  (cost=0.00..5.44 rows=101 width=0)
	        Index Cond: ((k >= 6082356) AND (k <= 6082456))

table 3 : explain SELECT k, c FROM sbtest3 WHERE k BETWEEN 6082356 AND 6082456
	Bitmap Heap Scan on sbtest3  (cost=5.49..413.00 rows=103 width=125)
	  Recheck Cond: ((k >= 6082356) AND (k <= 6082456))
	  ->  Bitmap Index Scan on k_3  (cost=0.00..5.46 rows=103 width=0)
	        Index Cond: ((k >= 6082356) AND (k <= 6082456))

table 4 : explain SELECT k, c FROM sbtest4 WHERE k BETWEEN 6082356 AND 6082456
	Bitmap Heap Scan on sbtest4  (cost=5.56..440.56 rows=110 width=125)
	  Recheck Cond: ((k >= 6082356) AND (k <= 6082456))
	  ->  Bitmap Index Scan on k_4  (cost=0.00..5.53 rows=110 width=0)
	        Index Cond: ((k >= 6082356) AND (k <= 6082456))

table 5 : explain SELECT k, c FROM sbtest5 WHERE k BETWEEN 6082356 AND 6082456
	Bitmap Heap Scan on sbtest5  (cost=5.43..389.37 rows=97 width=125)
	  Recheck Cond: ((k >= 6082356) AND (k <= 6082456))
	  ->  Bitmap Index Scan on k_5  (cost=0.00..5.40 rows=97 width=0)
	        Index Cond: ((k >= 6082356) AND (k <= 6082456))

table 6 : explain SELECT k, c FROM sbtest6 WHERE k BETWEEN 6082356 AND 6082456
	Bitmap Heap Scan on sbtest6  (cost=5.41..381.49 rows=95 width=125)
	  Recheck Cond: ((k >= 6082356) AND (k <= 6082456))
	  ->  Bitmap Index Scan on k_6  (cost=0.00..5.38 rows=95 width=0)
	        Index Cond: ((k >= 6082356) AND (k <= 6082456))

table 7 : explain SELECT k, c FROM sbtest7 WHERE k BETWEEN 6082356 AND 6082456
	Bitmap Heap Scan on sbtest7  (cost=5.51..420.88 rows=105 width=125)
	  Recheck Cond: ((k >= 6082356) AND (k <= 6082456))
	  ->  Bitmap Index Scan on k_7  (cost=0.00..5.48 rows=105 width=0)
	        Index Cond: ((k >= 6082356) AND (k <= 6082456))

table 8 : explain SELECT k, c FROM sbtest8 WHERE k BETWEEN 6082356 AND 6082456
	Bitmap Heap Scan on sbtest8  (cost=5.44..393.31 rows=98 width=125)
	  Recheck Cond: ((k >= 6082356) AND (k <= 6082456))
	  ->  Bitmap Index Scan on k_8  (cost=0.00..5.42 rows=98 width=0)
	        Index Cond: ((k >= 6082356) AND (k <= 6082456))

explain: for range-notcovered :: explain SELECT k, c FROM sbtest%d WHERE k BETWEEN 6082356 AND 6082456
for range-notcovered
table 1 : explain SELECT k, c FROM sbtest1 WHERE k BETWEEN 8417946 AND 8418046
	Bitmap Heap Scan on sbtest1  (cost=5.50..416.94 rows=104 width=125)
	  Recheck Cond: ((k >= 8417946) AND (k <= 8418046))
	  ->  Bitmap Index Scan on k_1  (cost=0.00..5.47 rows=104 width=0)
	        Index Cond: ((k >= 8417946) AND (k <= 8418046))

table 2 : explain SELECT k, c FROM sbtest2 WHERE k BETWEEN 8417946 AND 8418046
	Bitmap Heap Scan on sbtest2  (cost=5.48..409.07 rows=102 width=125)
	  Recheck Cond: ((k >= 8417946) AND (k <= 8418046))
	  ->  Bitmap Index Scan on k_2  (cost=0.00..5.45 rows=102 width=0)
	        Index Cond: ((k >= 8417946) AND (k <= 8418046))

table 3 : explain SELECT k, c FROM sbtest3 WHERE k BETWEEN 8417946 AND 8418046
	Bitmap Heap Scan on sbtest3  (cost=5.49..413.00 rows=103 width=125)
	  Recheck Cond: ((k >= 8417946) AND (k <= 8418046))
	  ->  Bitmap Index Scan on k_3  (cost=0.00..5.46 rows=103 width=0)
	        Index Cond: ((k >= 8417946) AND (k <= 8418046))

table 4 : explain SELECT k, c FROM sbtest4 WHERE k BETWEEN 8417946 AND 8418046
	Bitmap Heap Scan on sbtest4  (cost=5.53..428.75 rows=107 width=125)
	  Recheck Cond: ((k >= 8417946) AND (k <= 8418046))
	  ->  Bitmap Index Scan on k_4  (cost=0.00..5.50 rows=107 width=0)
	        Index Cond: ((k >= 8417946) AND (k <= 8418046))

table 5 : explain SELECT k, c FROM sbtest5 WHERE k BETWEEN 8417946 AND 8418046
	Bitmap Heap Scan on sbtest5  (cost=5.60..456.29 rows=114 width=125)
	  Recheck Cond: ((k >= 8417946) AND (k <= 8418046))
	  ->  Bitmap Index Scan on k_5  (cost=0.00..5.58 rows=114 width=0)
	        Index Cond: ((k >= 8417946) AND (k <= 8418046))

table 6 : explain SELECT k, c FROM sbtest6 WHERE k BETWEEN 8417946 AND 8418046
	Bitmap Heap Scan on sbtest6  (cost=5.43..389.37 rows=97 width=125)
	  Recheck Cond: ((k >= 8417946) AND (k <= 8418046))
	  ->  Bitmap Index Scan on k_6  (cost=0.00..5.40 rows=97 width=0)
	        Index Cond: ((k >= 8417946) AND (k <= 8418046))

table 7 : explain SELECT k, c FROM sbtest7 WHERE k BETWEEN 8417946 AND 8418046
	Bitmap Heap Scan on sbtest7  (cost=5.54..432.69 rows=108 width=125)
	  Recheck Cond: ((k >= 8417946) AND (k <= 8418046))
	  ->  Bitmap Index Scan on k_7  (cost=0.00..5.51 rows=108 width=0)
	        Index Cond: ((k >= 8417946) AND (k <= 8418046))

table 8 : explain SELECT k, c FROM sbtest8 WHERE k BETWEEN 8417946 AND 8418046
	Bitmap Heap Scan on sbtest8  (cost=5.39..373.61 rows=93 width=125)
	  Recheck Cond: ((k >= 8417946) AND (k <= 8418046))
	  ->  Bitmap Index Scan on k_8  (cost=0.00..5.36 rows=93 width=0)
	        Index Cond: ((k >= 8417946) AND (k <= 8418046))

explain: for range-notcovered :: explain SELECT k, c FROM sbtest%d WHERE k BETWEEN 8417946 AND 8418046
for range-notcovered
table 1 : explain SELECT k, c FROM sbtest1 WHERE k BETWEEN 5625145 AND 5625245
	Bitmap Heap Scan on sbtest1  (cost=5.46..401.19 rows=100 width=125)
	  Recheck Cond: ((k >= 5625145) AND (k <= 5625245))
	  ->  Bitmap Index Scan on k_1  (cost=0.00..5.43 rows=100 width=0)
	        Index Cond: ((k >= 5625145) AND (k <= 5625245))

table 2 : explain SELECT k, c FROM sbtest2 WHERE k BETWEEN 5625145 AND 5625245
	Bitmap Heap Scan on sbtest2  (cost=5.43..389.37 rows=97 width=125)
	  Recheck Cond: ((k >= 5625145) AND (k <= 5625245))
	  ->  Bitmap Index Scan on k_2  (cost=0.00..5.40 rows=97 width=0)
	        Index Cond: ((k >= 5625145) AND (k <= 5625245))

table 3 : explain SELECT k, c FROM sbtest3 WHERE k BETWEEN 5625145 AND 5625245
	Bitmap Heap Scan on sbtest3  (cost=5.51..420.88 rows=105 width=125)
	  Recheck Cond: ((k >= 5625145) AND (k <= 5625245))
	  ->  Bitmap Index Scan on k_3  (cost=0.00..5.48 rows=105 width=0)
	        Index Cond: ((k >= 5625145) AND (k <= 5625245))

table 4 : explain SELECT k, c FROM sbtest4 WHERE k BETWEEN 5625145 AND 5625245
	Bitmap Heap Scan on sbtest4  (cost=5.52..424.81 rows=106 width=125)
	  Recheck Cond: ((k >= 5625145) AND (k <= 5625245))
	  ->  Bitmap Index Scan on k_4  (cost=0.00..5.50 rows=106 width=0)
	        Index Cond: ((k >= 5625145) AND (k <= 5625245))

table 5 : explain SELECT k, c FROM sbtest5 WHERE k BETWEEN 5625145 AND 5625245
	Bitmap Heap Scan on sbtest5  (cost=5.51..420.88 rows=105 width=125)
	  Recheck Cond: ((k >= 5625145) AND (k <= 5625245))
	  ->  Bitmap Index Scan on k_5  (cost=0.00..5.48 rows=105 width=0)
	        Index Cond: ((k >= 5625145) AND (k <= 5625245))

table 6 : explain SELECT k, c FROM sbtest6 WHERE k BETWEEN 5625145 AND 5625245
	Bitmap Heap Scan on sbtest6  (cost=5.44..393.31 rows=98 width=125)
	  Recheck Cond: ((k >= 5625145) AND (k <= 5625245))
	  ->  Bitmap Index Scan on k_6  (cost=0.00..5.42 rows=98 width=0)
	        Index Cond: ((k >= 5625145) AND (k <= 5625245))

table 7 : explain SELECT k, c FROM sbtest7 WHERE k BETWEEN 5625145 AND 5625245
	Bitmap Heap Scan on sbtest7  (cost=5.65..475.95 rows=119 width=125)
	  Recheck Cond: ((k >= 5625145) AND (k <= 5625245))
	  ->  Bitmap Index Scan on k_7  (cost=0.00..5.62 rows=119 width=0)
	        Index Cond: ((k >= 5625145) AND (k <= 5625245))

table 8 : explain SELECT k, c FROM sbtest8 WHERE k BETWEEN 5625145 AND 5625245
	Bitmap Heap Scan on sbtest8  (cost=5.60..456.29 rows=114 width=125)
	  Recheck Cond: ((k >= 5625145) AND (k <= 5625245))
	  ->  Bitmap Index Scan on k_8  (cost=0.00..5.58 rows=114 width=0)
	        Index Cond: ((k >= 5625145) AND (k <= 5625245))

explain: for range-notcovered :: explain SELECT k, c FROM sbtest%d WHERE k BETWEEN 5625145 AND 5625245
for range-notcovered
table 1 : explain SELECT k, c FROM sbtest1 WHERE k BETWEEN 3473221 AND 3473321
	Bitmap Heap Scan on sbtest1  (cost=5.51..420.88 rows=105 width=125)
	  Recheck Cond: ((k >= 3473221) AND (k <= 3473321))
	  ->  Bitmap Index Scan on k_1  (cost=0.00..5.48 rows=105 width=0)
	        Index Cond: ((k >= 3473221) AND (k <= 3473321))

table 2 : explain SELECT k, c FROM sbtest2 WHERE k BETWEEN 3473221 AND 3473321
	Bitmap Heap Scan on sbtest2  (cost=5.54..432.69 rows=108 width=125)
	  Recheck Cond: ((k >= 3473221) AND (k <= 3473321))
	  ->  Bitmap Index Scan on k_2  (cost=0.00..5.51 rows=108 width=0)
	        Index Cond: ((k >= 3473221) AND (k <= 3473321))

table 3 : explain SELECT k, c FROM sbtest3 WHERE k BETWEEN 3473221 AND 3473321
	Bitmap Heap Scan on sbtest3  (cost=5.42..385.43 rows=96 width=125)
	  Recheck Cond: ((k >= 3473221) AND (k <= 3473321))
	  ->  Bitmap Index Scan on k_3  (cost=0.00..5.39 rows=96 width=0)
	        Index Cond: ((k >= 3473221) AND (k <= 3473321))

table 4 : explain SELECT k, c FROM sbtest4 WHERE k BETWEEN 3473221 AND 3473321
	Bitmap Heap Scan on sbtest4  (cost=5.39..373.61 rows=93 width=125)
	  Recheck Cond: ((k >= 3473221) AND (k <= 3473321))
	  ->  Bitmap Index Scan on k_4  (cost=0.00..5.36 rows=93 width=0)
	        Index Cond: ((k >= 3473221) AND (k <= 3473321))

table 5 : explain SELECT k, c FROM sbtest5 WHERE k BETWEEN 3473221 AND 3473321
	Bitmap Heap Scan on sbtest5  (cost=5.31..342.06 rows=85 width=125)
	  Recheck Cond: ((k >= 3473221) AND (k <= 3473321))
	  ->  Bitmap Index Scan on k_5  (cost=0.00..5.28 rows=85 width=0)
	        Index Cond: ((k >= 3473221) AND (k <= 3473321))

table 6 : explain SELECT k, c FROM sbtest6 WHERE k BETWEEN 3473221 AND 3473321
	Bitmap Heap Scan on sbtest6  (cost=5.38..369.67 rows=92 width=125)
	  Recheck Cond: ((k >= 3473221) AND (k <= 3473321))
	  ->  Bitmap Index Scan on k_6  (cost=0.00..5.35 rows=92 width=0)
	        Index Cond: ((k >= 3473221) AND (k <= 3473321))

table 7 : explain SELECT k, c FROM sbtest7 WHERE k BETWEEN 3473221 AND 3473321
	Bitmap Heap Scan on sbtest7  (cost=5.51..420.88 rows=105 width=125)
	  Recheck Cond: ((k >= 3473221) AND (k <= 3473321))
	  ->  Bitmap Index Scan on k_7  (cost=0.00..5.48 rows=105 width=0)
	        Index Cond: ((k >= 3473221) AND (k <= 3473321))

table 8 : explain SELECT k, c FROM sbtest8 WHERE k BETWEEN 3473221 AND 3473321
	Bitmap Heap Scan on sbtest8  (cost=5.44..393.31 rows=98 width=125)
	  Recheck Cond: ((k >= 3473221) AND (k <= 3473321))
	  ->  Bitmap Index Scan on k_8  (cost=0.00..5.42 rows=98 width=0)
	        Index Cond: ((k >= 3473221) AND (k <= 3473321))

explain: for range-notcovered :: explain SELECT k, c FROM sbtest%d WHERE k BETWEEN 3473221 AND 3473321
for range-notcovered
table 1 : explain SELECT k, c FROM sbtest1 WHERE k BETWEEN 6082356 AND 6082456
	Bitmap Heap Scan on sbtest1  (cost=5.40..377.55 rows=94 width=125)
	  Recheck Cond: ((k >= 6082356) AND (k <= 6082456))
	  ->  Bitmap Index Scan on k_1  (cost=0.00..5.38 rows=94 width=0)
	        Index Cond: ((k >= 6082356) AND (k <= 6082456))

table 2 : explain SELECT k, c FROM sbtest2 WHERE k BETWEEN 6082356 AND 6082456
	Bitmap Heap Scan on sbtest2  (cost=5.47..405.13 rows=101 width=125)
	  Recheck Cond: ((k >= 6082356) AND (k <= 6082456))
	  ->  Bitmap Index Scan on k_2  (cost=0.00..5.44 rows=101 width=0)
	        Index Cond: ((k >= 6082356) AND (k <= 6082456))

table 3 : explain SELECT k, c FROM sbtest3 WHERE k BETWEEN 6082356 AND 6082456
	Bitmap Heap Scan on sbtest3  (cost=5.49..413.00 rows=103 width=125)
	  Recheck Cond: ((k >= 6082356) AND (k <= 6082456))
	  ->  Bitmap Index Scan on k_3  (cost=0.00..5.46 rows=103 width=0)
	        Index Cond: ((k >= 6082356) AND (k <= 6082456))

table 4 : explain SELECT k, c FROM sbtest4 WHERE k BETWEEN 6082356 AND 6082456
	Bitmap Heap Scan on sbtest4  (cost=5.56..440.56 rows=110 width=125)
	  Recheck Cond: ((k >= 6082356) AND (k <= 6082456))
	  ->  Bitmap Index Scan on k_4  (cost=0.00..5.53 rows=110 width=0)
	        Index Cond: ((k >= 6082356) AND (k <= 6082456))

table 5 : explain SELECT k, c FROM sbtest5 WHERE k BETWEEN 6082356 AND 6082456
	Bitmap Heap Scan on sbtest5  (cost=5.43..389.37 rows=97 width=125)
	  Recheck Cond: ((k >= 6082356) AND (k <= 6082456))
	  ->  Bitmap Index Scan on k_5  (cost=0.00..5.40 rows=97 width=0)
	        Index Cond: ((k >= 6082356) AND (k <= 6082456))

table 6 : explain SELECT k, c FROM sbtest6 WHERE k BETWEEN 6082356 AND 6082456
	Bitmap Heap Scan on sbtest6  (cost=5.41..381.49 rows=95 width=125)
	  Recheck Cond: ((k >= 6082356) AND (k <= 6082456))
	  ->  Bitmap Index Scan on k_6  (cost=0.00..5.38 rows=95 width=0)
	        Index Cond: ((k >= 6082356) AND (k <= 6082456))

table 7 : explain SELECT k, c FROM sbtest7 WHERE k BETWEEN 6082356 AND 6082456
	Bitmap Heap Scan on sbtest7  (cost=5.51..420.88 rows=105 width=125)
	  Recheck Cond: ((k >= 6082356) AND (k <= 6082456))
	  ->  Bitmap Index Scan on k_7  (cost=0.00..5.48 rows=105 width=0)
	        Index Cond: ((k >= 6082356) AND (k <= 6082456))

table 8 : explain SELECT k, c FROM sbtest8 WHERE k BETWEEN 6082356 AND 6082456
	Bitmap Heap Scan on sbtest8  (cost=5.44..393.31 rows=98 width=125)
	  Recheck Cond: ((k >= 6082356) AND (k <= 6082456))
	  ->  Bitmap Index Scan on k_8  (cost=0.00..5.42 rows=98 width=0)
	        Index Cond: ((k >= 6082356) AND (k <= 6082456))

explain: for range-notcovered :: explain SELECT k, c FROM sbtest%d WHERE k BETWEEN 6082356 AND 6082456
for range-notcovered
table 1 : explain SELECT k, c FROM sbtest1 WHERE k BETWEEN 8417946 AND 8418046
	Bitmap Heap Scan on sbtest1  (cost=5.50..416.94 rows=104 width=125)
	  Recheck Cond: ((k >= 8417946) AND (k <= 8418046))
	  ->  Bitmap Index Scan on k_1  (cost=0.00..5.47 rows=104 width=0)
	        Index Cond: ((k >= 8417946) AND (k <= 8418046))

table 2 : explain SELECT k, c FROM sbtest2 WHERE k BETWEEN 8417946 AND 8418046
	Bitmap Heap Scan on sbtest2  (cost=5.48..409.07 rows=102 width=125)
	  Recheck Cond: ((k >= 8417946) AND (k <= 8418046))
	  ->  Bitmap Index Scan on k_2  (cost=0.00..5.45 rows=102 width=0)
	        Index Cond: ((k >= 8417946) AND (k <= 8418046))

table 3 : explain SELECT k, c FROM sbtest3 WHERE k BETWEEN 8417946 AND 8418046
	Bitmap Heap Scan on sbtest3  (cost=5.49..413.00 rows=103 width=125)
	  Recheck Cond: ((k >= 8417946) AND (k <= 8418046))
	  ->  Bitmap Index Scan on k_3  (cost=0.00..5.46 rows=103 width=0)
	        Index Cond: ((k >= 8417946) AND (k <= 8418046))

table 4 : explain SELECT k, c FROM sbtest4 WHERE k BETWEEN 8417946 AND 8418046
	Bitmap Heap Scan on sbtest4  (cost=5.53..428.75 rows=107 width=125)
	  Recheck Cond: ((k >= 8417946) AND (k <= 8418046))
	  ->  Bitmap Index Scan on k_4  (cost=0.00..5.50 rows=107 width=0)
	        Index Cond: ((k >= 8417946) AND (k <= 8418046))

table 5 : explain SELECT k, c FROM sbtest5 WHERE k BETWEEN 8417946 AND 8418046
	Bitmap Heap Scan on sbtest5  (cost=5.60..456.29 rows=114 width=125)
	  Recheck Cond: ((k >= 8417946) AND (k <= 8418046))
	  ->  Bitmap Index Scan on k_5  (cost=0.00..5.58 rows=114 width=0)
	        Index Cond: ((k >= 8417946) AND (k <= 8418046))

table 6 : explain SELECT k, c FROM sbtest6 WHERE k BETWEEN 8417946 AND 8418046
	Bitmap Heap Scan on sbtest6  (cost=5.43..389.37 rows=97 width=125)
	  Recheck Cond: ((k >= 8417946) AND (k <= 8418046))
	  ->  Bitmap Index Scan on k_6  (cost=0.00..5.40 rows=97 width=0)
	        Index Cond: ((k >= 8417946) AND (k <= 8418046))

table 7 : explain SELECT k, c FROM sbtest7 WHERE k BETWEEN 8417946 AND 8418046
	Bitmap Heap Scan on sbtest7  (cost=5.54..432.69 rows=108 width=125)
	  Recheck Cond: ((k >= 8417946) AND (k <= 8418046))
	  ->  Bitmap Index Scan on k_7  (cost=0.00..5.51 rows=108 width=0)
	        Index Cond: ((k >= 8417946) AND (k <= 8418046))

table 8 : explain SELECT k, c FROM sbtest8 WHERE k BETWEEN 8417946 AND 8418046
	Bitmap Heap Scan on sbtest8  (cost=5.39..373.61 rows=93 width=125)
	  Recheck Cond: ((k >= 8417946) AND (k <= 8418046))
	  ->  Bitmap Index Scan on k_8  (cost=0.00..5.36 rows=93 width=0)
	        Index Cond: ((k >= 8417946) AND (k <= 8418046))

explain: for range-notcovered :: explain SELECT k, c FROM sbtest%d WHERE k BETWEEN 8417946 AND 8418046
for range-notcovered
table 1 : explain SELECT k, c FROM sbtest1 WHERE k BETWEEN 5625145 AND 5625245
	Bitmap Heap Scan on sbtest1  (cost=5.46..401.19 rows=100 width=125)
	  Recheck Cond: ((k >= 5625145) AND (k <= 5625245))
	  ->  Bitmap Index Scan on k_1  (cost=0.00..5.43 rows=100 width=0)
	        Index Cond: ((k >= 5625145) AND (k <= 5625245))

table 2 : explain SELECT k, c FROM sbtest2 WHERE k BETWEEN 5625145 AND 5625245
	Bitmap Heap Scan on sbtest2  (cost=5.43..389.37 rows=97 width=125)
	  Recheck Cond: ((k >= 5625145) AND (k <= 5625245))
	  ->  Bitmap Index Scan on k_2  (cost=0.00..5.40 rows=97 width=0)
	        Index Cond: ((k >= 5625145) AND (k <= 5625245))

table 3 : explain SELECT k, c FROM sbtest3 WHERE k BETWEEN 5625145 AND 5625245
	Bitmap Heap Scan on sbtest3  (cost=5.51..420.88 rows=105 width=125)
	  Recheck Cond: ((k >= 5625145) AND (k <= 5625245))
	  ->  Bitmap Index Scan on k_3  (cost=0.00..5.48 rows=105 width=0)
	        Index Cond: ((k >= 5625145) AND (k <= 5625245))

table 4 : explain SELECT k, c FROM sbtest4 WHERE k BETWEEN 5625145 AND 5625245
	Bitmap Heap Scan on sbtest4  (cost=5.52..424.81 rows=106 width=125)
	  Recheck Cond: ((k >= 5625145) AND (k <= 5625245))
	  ->  Bitmap Index Scan on k_4  (cost=0.00..5.50 rows=106 width=0)
	        Index Cond: ((k >= 5625145) AND (k <= 5625245))

table 5 : explain SELECT k, c FROM sbtest5 WHERE k BETWEEN 5625145 AND 5625245
	Bitmap Heap Scan on sbtest5  (cost=5.51..420.88 rows=105 width=125)
	  Recheck Cond: ((k >= 5625145) AND (k <= 5625245))
	  ->  Bitmap Index Scan on k_5  (cost=0.00..5.48 rows=105 width=0)
	        Index Cond: ((k >= 5625145) AND (k <= 5625245))

table 6 : explain SELECT k, c FROM sbtest6 WHERE k BETWEEN 5625145 AND 5625245
	Bitmap Heap Scan on sbtest6  (cost=5.44..393.31 rows=98 width=125)
	  Recheck Cond: ((k >= 5625145) AND (k <= 5625245))
	  ->  Bitmap Index Scan on k_6  (cost=0.00..5.42 rows=98 width=0)
	        Index Cond: ((k >= 5625145) AND (k <= 5625245))

table 7 : explain SELECT k, c FROM sbtest7 WHERE k BETWEEN 5625145 AND 5625245
	Bitmap Heap Scan on sbtest7  (cost=5.65..475.95 rows=119 width=125)
	  Recheck Cond: ((k >= 5625145) AND (k <= 5625245))
	  ->  Bitmap Index Scan on k_7  (cost=0.00..5.62 rows=119 width=0)
	        Index Cond: ((k >= 5625145) AND (k <= 5625245))

table 8 : explain SELECT k, c FROM sbtest8 WHERE k BETWEEN 5625145 AND 5625245
	Bitmap Heap Scan on sbtest8  (cost=5.60..456.29 rows=114 width=125)
	  Recheck Cond: ((k >= 5625145) AND (k <= 5625245))
	  ->  Bitmap Index Scan on k_8  (cost=0.00..5.58 rows=114 width=0)
	        Index Cond: ((k >= 5625145) AND (k <= 5625245))

explain: for range-notcovered :: explain SELECT k, c FROM sbtest%d WHERE k BETWEEN 5625145 AND 5625245
for range-notcovered
table 1 : explain SELECT k, c FROM sbtest1 WHERE k BETWEEN 3473221 AND 3473321
	Bitmap Heap Scan on sbtest1  (cost=5.51..420.88 rows=105 width=125)
	  Recheck Cond: ((k >= 3473221) AND (k <= 3473321))
	  ->  Bitmap Index Scan on k_1  (cost=0.00..5.48 rows=105 width=0)
	        Index Cond: ((k >= 3473221) AND (k <= 3473321))

table 2 : explain SELECT k, c FROM sbtest2 WHERE k BETWEEN 3473221 AND 3473321
	Bitmap Heap Scan on sbtest2  (cost=5.54..432.69 rows=108 width=125)
	  Recheck Cond: ((k >= 3473221) AND (k <= 3473321))
	  ->  Bitmap Index Scan on k_2  (cost=0.00..5.51 rows=108 width=0)
	        Index Cond: ((k >= 3473221) AND (k <= 3473321))

table 3 : explain SELECT k, c FROM sbtest3 WHERE k BETWEEN 3473221 AND 3473321
	Bitmap Heap Scan on sbtest3  (cost=5.42..385.43 rows=96 width=125)
	  Recheck Cond: ((k >= 3473221) AND (k <= 3473321))
	  ->  Bitmap Index Scan on k_3  (cost=0.00..5.39 rows=96 width=0)
	        Index Cond: ((k >= 3473221) AND (k <= 3473321))

table 4 : explain SELECT k, c FROM sbtest4 WHERE k BETWEEN 3473221 AND 3473321
	Bitmap Heap Scan on sbtest4  (cost=5.39..373.61 rows=93 width=125)
	  Recheck Cond: ((k >= 3473221) AND (k <= 3473321))
	  ->  Bitmap Index Scan on k_4  (cost=0.00..5.36 rows=93 width=0)
	        Index Cond: ((k >= 3473221) AND (k <= 3473321))

table 5 : explain SELECT k, c FROM sbtest5 WHERE k BETWEEN 3473221 AND 3473321
	Bitmap Heap Scan on sbtest5  (cost=5.31..342.06 rows=85 width=125)
	  Recheck Cond: ((k >= 3473221) AND (k <= 3473321))
	  ->  Bitmap Index Scan on k_5  (cost=0.00..5.28 rows=85 width=0)
	        Index Cond: ((k >= 3473221) AND (k <= 3473321))

table 6 : explain SELECT k, c FROM sbtest6 WHERE k BETWEEN 3473221 AND 3473321
	Bitmap Heap Scan on sbtest6  (cost=5.38..369.67 rows=92 width=125)
	  Recheck Cond: ((k >= 3473221) AND (k <= 3473321))
	  ->  Bitmap Index Scan on k_6  (cost=0.00..5.35 rows=92 width=0)
	        Index Cond: ((k >= 3473221) AND (k <= 3473321))

table 7 : explain SELECT k, c FROM sbtest7 WHERE k BETWEEN 3473221 AND 3473321
	Bitmap Heap Scan on sbtest7  (cost=5.51..420.88 rows=105 width=125)
	  Recheck Cond: ((k >= 3473221) AND (k <= 3473321))
	  ->  Bitmap Index Scan on k_7  (cost=0.00..5.48 rows=105 width=0)
	        Index Cond: ((k >= 3473221) AND (k <= 3473321))

table 8 : explain SELECT k, c FROM sbtest8 WHERE k BETWEEN 3473221 AND 3473321
	Bitmap Heap Scan on sbtest8  (cost=5.44..393.31 rows=98 width=125)
	  Recheck Cond: ((k >= 3473221) AND (k <= 3473321))
	  ->  Bitmap Index Scan on k_8  (cost=0.00..5.42 rows=98 width=0)
	        Index Cond: ((k >= 3473221) AND (k <= 3473321))

explain: for range-notcovered :: explain SELECT k, c FROM sbtest%d WHERE k BETWEEN 3473221 AND 3473321
for range-notcovered
table 1 : explain SELECT k, c FROM sbtest1 WHERE k BETWEEN 6082356 AND 6082456
	Bitmap Heap Scan on sbtest1  (cost=5.40..377.55 rows=94 width=125)
	  Recheck Cond: ((k >= 6082356) AND (k <= 6082456))
	  ->  Bitmap Index Scan on k_1  (cost=0.00..5.38 rows=94 width=0)
	        Index Cond: ((k >= 6082356) AND (k <= 6082456))

table 2 : explain SELECT k, c FROM sbtest2 WHERE k BETWEEN 6082356 AND 6082456
	Bitmap Heap Scan on sbtest2  (cost=5.47..405.13 rows=101 width=125)
	  Recheck Cond: ((k >= 6082356) AND (k <= 6082456))
	  ->  Bitmap Index Scan on k_2  (cost=0.00..5.44 rows=101 width=0)
	        Index Cond: ((k >= 6082356) AND (k <= 6082456))

table 3 : explain SELECT k, c FROM sbtest3 WHERE k BETWEEN 6082356 AND 6082456
	Bitmap Heap Scan on sbtest3  (cost=5.49..413.00 rows=103 width=125)
	  Recheck Cond: ((k >= 6082356) AND (k <= 6082456))
	  ->  Bitmap Index Scan on k_3  (cost=0.00..5.46 rows=103 width=0)
	        Index Cond: ((k >= 6082356) AND (k <= 6082456))

table 4 : explain SELECT k, c FROM sbtest4 WHERE k BETWEEN 6082356 AND 6082456
	Bitmap Heap Scan on sbtest4  (cost=5.56..440.56 rows=110 width=125)
	  Recheck Cond: ((k >= 6082356) AND (k <= 6082456))
	  ->  Bitmap Index Scan on k_4  (cost=0.00..5.53 rows=110 width=0)
	        Index Cond: ((k >= 6082356) AND (k <= 6082456))

table 5 : explain SELECT k, c FROM sbtest5 WHERE k BETWEEN 6082356 AND 6082456
	Bitmap Heap Scan on sbtest5  (cost=5.43..389.37 rows=97 width=125)
	  Recheck Cond: ((k >= 6082356) AND (k <= 6082456))
	  ->  Bitmap Index Scan on k_5  (cost=0.00..5.40 rows=97 width=0)
	        Index Cond: ((k >= 6082356) AND (k <= 6082456))

table 6 : explain SELECT k, c FROM sbtest6 WHERE k BETWEEN 6082356 AND 6082456
	Bitmap Heap Scan on sbtest6  (cost=5.41..381.49 rows=95 width=125)
	  Recheck Cond: ((k >= 6082356) AND (k <= 6082456))
	  ->  Bitmap Index Scan on k_6  (cost=0.00..5.38 rows=95 width=0)
	        Index Cond: ((k >= 6082356) AND (k <= 6082456))

table 7 : explain SELECT k, c FROM sbtest7 WHERE k BETWEEN 6082356 AND 6082456
	Bitmap Heap Scan on sbtest7  (cost=5.51..420.88 rows=105 width=125)
	  Recheck Cond: ((k >= 6082356) AND (k <= 6082456))
	  ->  Bitmap Index Scan on k_7  (cost=0.00..5.48 rows=105 width=0)
	        Index Cond: ((k >= 6082356) AND (k <= 6082456))

table 8 : explain SELECT k, c FROM sbtest8 WHERE k BETWEEN 6082356 AND 6082456
	Bitmap Heap Scan on sbtest8  (cost=5.44..393.31 rows=98 width=125)
	  Recheck Cond: ((k >= 6082356) AND (k <= 6082456))
	  ->  Bitmap Index Scan on k_8  (cost=0.00..5.42 rows=98 width=0)
	        Index Cond: ((k >= 6082356) AND (k <= 6082456))

explain: for range-notcovered :: explain SELECT k, c FROM sbtest%d WHERE k BETWEEN 6082356 AND 6082456
for range-notcovered
table 1 : explain SELECT k, c FROM sbtest1 WHERE k BETWEEN 4327463 AND 4327563
	Bitmap Heap Scan on sbtest1  (cost=5.57..444.49 rows=111 width=125)
	  Recheck Cond: ((k >= 4327463) AND (k <= 4327563))
	  ->  Bitmap Index Scan on k_1  (cost=0.00..5.54 rows=111 width=0)
	        Index Cond: ((k >= 4327463) AND (k <= 4327563))

table 2 : explain SELECT k, c FROM sbtest2 WHERE k BETWEEN 4327463 AND 4327563
	Bitmap Heap Scan on sbtest2  (cost=5.42..385.43 rows=96 width=125)
	  Recheck Cond: ((k >= 4327463) AND (k <= 4327563))
	  ->  Bitmap Index Scan on k_2  (cost=0.00..5.39 rows=96 width=0)
	        Index Cond: ((k >= 4327463) AND (k <= 4327563))

table 3 : explain SELECT k, c FROM sbtest3 WHERE k BETWEEN 4327463 AND 4327563
	Bitmap Heap Scan on sbtest3  (cost=5.59..452.36 rows=113 width=125)
	  Recheck Cond: ((k >= 4327463) AND (k <= 4327563))
	  ->  Bitmap Index Scan on k_3  (cost=0.00..5.56 rows=113 width=0)
	        Index Cond: ((k >= 4327463) AND (k <= 4327563))

table 4 : explain SELECT k, c FROM sbtest4 WHERE k BETWEEN 4327463 AND 4327563
	Bitmap Heap Scan on sbtest4  (cost=5.46..401.19 rows=100 width=125)
	  Recheck Cond: ((k >= 4327463) AND (k <= 4327563))
	  ->  Bitmap Index Scan on k_4  (cost=0.00..5.43 rows=100 width=0)
	        Index Cond: ((k >= 4327463) AND (k <= 4327563))

table 5 : explain SELECT k, c FROM sbtest5 WHERE k BETWEEN 4327463 AND 4327563
	Bitmap Heap Scan on sbtest5  (cost=5.39..373.61 rows=93 width=125)
	  Recheck Cond: ((k >= 4327463) AND (k <= 4327563))
	  ->  Bitmap Index Scan on k_5  (cost=0.00..5.36 rows=93 width=0)
	        Index Cond: ((k >= 4327463) AND (k <= 4327563))

table 6 : explain SELECT k, c FROM sbtest6 WHERE k BETWEEN 4327463 AND 4327563
	Bitmap Heap Scan on sbtest6  (cost=5.51..420.88 rows=105 width=125)
	  Recheck Cond: ((k >= 4327463) AND (k <= 4327563))
	  ->  Bitmap Index Scan on k_6  (cost=0.00..5.48 rows=105 width=0)
	        Index Cond: ((k >= 4327463) AND (k <= 4327563))

table 7 : explain SELECT k, c FROM sbtest7 WHERE k BETWEEN 4327463 AND 4327563
	Bitmap Heap Scan on sbtest7  (cost=5.43..389.37 rows=97 width=125)
	  Recheck Cond: ((k >= 4327463) AND (k <= 4327563))
	  ->  Bitmap Index Scan on k_7  (cost=0.00..5.40 rows=97 width=0)
	        Index Cond: ((k >= 4327463) AND (k <= 4327563))

table 8 : explain SELECT k, c FROM sbtest8 WHERE k BETWEEN 4327463 AND 4327563
	Bitmap Heap Scan on sbtest8  (cost=5.60..456.29 rows=114 width=125)
	  Recheck Cond: ((k >= 4327463) AND (k <= 4327563))
	  ->  Bitmap Index Scan on k_8  (cost=0.00..5.58 rows=114 width=0)
	        Index Cond: ((k >= 4327463) AND (k <= 4327563))

for range-notcovered
table 1 : explain SELECT k, c FROM sbtest1 WHERE k BETWEEN 8417946 AND 8418046
	Bitmap Heap Scan on sbtest1  (cost=5.50..416.94 rows=104 width=125)
	  Recheck Cond: ((k >= 8417946) AND (k <= 8418046))
	  ->  Bitmap Index Scan on k_1  (cost=0.00..5.47 rows=104 width=0)
	        Index Cond: ((k >= 8417946) AND (k <= 8418046))

table 2 : explain SELECT k, c FROM sbtest2 WHERE k BETWEEN 8417946 AND 8418046
	Bitmap Heap Scan on sbtest2  (cost=5.48..409.07 rows=102 width=125)
	  Recheck Cond: ((k >= 8417946) AND (k <= 8418046))
	  ->  Bitmap Index Scan on k_2  (cost=0.00..5.45 rows=102 width=0)
	        Index Cond: ((k >= 8417946) AND (k <= 8418046))

table 3 : explain SELECT k, c FROM sbtest3 WHERE k BETWEEN 8417946 AND 8418046
	Bitmap Heap Scan on sbtest3  (cost=5.49..413.00 rows=103 width=125)
	  Recheck Cond: ((k >= 8417946) AND (k <= 8418046))
	  ->  Bitmap Index Scan on k_3  (cost=0.00..5.46 rows=103 width=0)
	        Index Cond: ((k >= 8417946) AND (k <= 8418046))

table 4 : explain SELECT k, c FROM sbtest4 WHERE k BETWEEN 8417946 AND 8418046
	Bitmap Heap Scan on sbtest4  (cost=5.53..428.75 rows=107 width=125)
	  Recheck Cond: ((k >= 8417946) AND (k <= 8418046))
	  ->  Bitmap Index Scan on k_4  (cost=0.00..5.50 rows=107 width=0)
	        Index Cond: ((k >= 8417946) AND (k <= 8418046))

table 5 : explain SELECT k, c FROM sbtest5 WHERE k BETWEEN 8417946 AND 8418046
	Bitmap Heap Scan on sbtest5  (cost=5.60..456.29 rows=114 width=125)
	  Recheck Cond: ((k >= 8417946) AND (k <= 8418046))
	  ->  Bitmap Index Scan on k_5  (cost=0.00..5.58 rows=114 width=0)
	        Index Cond: ((k >= 8417946) AND (k <= 8418046))

table 6 : explain SELECT k, c FROM sbtest6 WHERE k BETWEEN 8417946 AND 8418046
	Bitmap Heap Scan on sbtest6  (cost=5.43..389.37 rows=97 width=125)
	  Recheck Cond: ((k >= 8417946) AND (k <= 8418046))
	  ->  Bitmap Index Scan on k_6  (cost=0.00..5.40 rows=97 width=0)
	        Index Cond: ((k >= 8417946) AND (k <= 8418046))

table 7 : explain SELECT k, c FROM sbtest7 WHERE k BETWEEN 8417946 AND 8418046
	Bitmap Heap Scan on sbtest7  (cost=5.54..432.69 rows=108 width=125)
	  Recheck Cond: ((k >= 8417946) AND (k <= 8418046))
	  ->  Bitmap Index Scan on k_7  (cost=0.00..5.51 rows=108 width=0)
	        Index Cond: ((k >= 8417946) AND (k <= 8418046))

table 8 : explain SELECT k, c FROM sbtest8 WHERE k BETWEEN 8417946 AND 8418046
	Bitmap Heap Scan on sbtest8  (cost=5.39..373.61 rows=93 width=125)
	  Recheck Cond: ((k >= 8417946) AND (k <= 8418046))
	  ->  Bitmap Index Scan on k_8  (cost=0.00..5.36 rows=93 width=0)
	        Index Cond: ((k >= 8417946) AND (k <= 8418046))

explain: for range-notcovered :: explain SELECT k, c FROM sbtest%d WHERE k BETWEEN 8417946 AND 8418046
for range-notcovered
table 1 : explain SELECT k, c FROM sbtest1 WHERE k BETWEEN 3397393 AND 3397493
	Bitmap Heap Scan on sbtest1  (cost=5.51..420.88 rows=105 width=125)
	  Recheck Cond: ((k >= 3397393) AND (k <= 3397493))
	  ->  Bitmap Index Scan on k_1  (cost=0.00..5.48 rows=105 width=0)
	        Index Cond: ((k >= 3397393) AND (k <= 3397493))

table 2 : explain SELECT k, c FROM sbtest2 WHERE k BETWEEN 3397393 AND 3397493
	Bitmap Heap Scan on sbtest2  (cost=5.41..381.49 rows=95 width=125)
	  Recheck Cond: ((k >= 3397393) AND (k <= 3397493))
	  ->  Bitmap Index Scan on k_2  (cost=0.00..5.38 rows=95 width=0)
	        Index Cond: ((k >= 3397393) AND (k <= 3397493))

table 3 : explain SELECT k, c FROM sbtest3 WHERE k BETWEEN 3397393 AND 3397493
	Bitmap Heap Scan on sbtest3  (cost=5.42..385.43 rows=96 width=125)
	  Recheck Cond: ((k >= 3397393) AND (k <= 3397493))
	  ->  Bitmap Index Scan on k_3  (cost=0.00..5.39 rows=96 width=0)
	        Index Cond: ((k >= 3397393) AND (k <= 3397493))

table 4 : explain SELECT k, c FROM sbtest4 WHERE k BETWEEN 3397393 AND 3397493
	Bitmap Heap Scan on sbtest4  (cost=5.44..393.31 rows=98 width=125)
	  Recheck Cond: ((k >= 3397393) AND (k <= 3397493))
	  ->  Bitmap Index Scan on k_4  (cost=0.00..5.42 rows=98 width=0)
	        Index Cond: ((k >= 3397393) AND (k <= 3397493))

table 5 : explain SELECT k, c FROM sbtest5 WHERE k BETWEEN 3397393 AND 3397493
	Bitmap Heap Scan on sbtest5  (cost=5.31..342.06 rows=85 width=125)
	  Recheck Cond: ((k >= 3397393) AND (k <= 3397493))
	  ->  Bitmap Index Scan on k_5  (cost=0.00..5.28 rows=85 width=0)
	        Index Cond: ((k >= 3397393) AND (k <= 3397493))

table 6 : explain SELECT k, c FROM sbtest6 WHERE k BETWEEN 3397393 AND 3397493
	Bitmap Heap Scan on sbtest6  (cost=5.38..369.67 rows=92 width=125)
	  Recheck Cond: ((k >= 3397393) AND (k <= 3397493))
	  ->  Bitmap Index Scan on k_6  (cost=0.00..5.35 rows=92 width=0)
	        Index Cond: ((k >= 3397393) AND (k <= 3397493))

table 7 : explain SELECT k, c FROM sbtest7 WHERE k BETWEEN 3397393 AND 3397493
	Bitmap Heap Scan on sbtest7  (cost=5.51..420.88 rows=105 width=125)
	  Recheck Cond: ((k >= 3397393) AND (k <= 3397493))
	  ->  Bitmap Index Scan on k_7  (cost=0.00..5.48 rows=105 width=0)
	        Index Cond: ((k >= 3397393) AND (k <= 3397493))

table 8 : explain SELECT k, c FROM sbtest8 WHERE k BETWEEN 3397393 AND 3397493
	Bitmap Heap Scan on sbtest8  (cost=5.41..381.49 rows=95 width=125)
	  Recheck Cond: ((k >= 3397393) AND (k <= 3397493))
	  ->  Bitmap Index Scan on k_8  (cost=0.00..5.38 rows=95 width=0)
	        Index Cond: ((k >= 3397393) AND (k <= 3397493))

for range-notcovered
table 1 : explain SELECT k, c FROM sbtest1 WHERE k BETWEEN 5625145 AND 5625245
	Bitmap Heap Scan on sbtest1  (cost=5.46..401.19 rows=100 width=125)
	  Recheck Cond: ((k >= 5625145) AND (k <= 5625245))
	  ->  Bitmap Index Scan on k_1  (cost=0.00..5.43 rows=100 width=0)
	        Index Cond: ((k >= 5625145) AND (k <= 5625245))

table 2 : explain SELECT k, c FROM sbtest2 WHERE k BETWEEN 5625145 AND 5625245
	Bitmap Heap Scan on sbtest2  (cost=5.43..389.37 rows=97 width=125)
	  Recheck Cond: ((k >= 5625145) AND (k <= 5625245))
	  ->  Bitmap Index Scan on k_2  (cost=0.00..5.40 rows=97 width=0)
	        Index Cond: ((k >= 5625145) AND (k <= 5625245))

table 3 : explain SELECT k, c FROM sbtest3 WHERE k BETWEEN 5625145 AND 5625245
	Bitmap Heap Scan on sbtest3  (cost=5.51..420.88 rows=105 width=125)
	  Recheck Cond: ((k >= 5625145) AND (k <= 5625245))
	  ->  Bitmap Index Scan on k_3  (cost=0.00..5.48 rows=105 width=0)
	        Index Cond: ((k >= 5625145) AND (k <= 5625245))

table 4 : explain SELECT k, c FROM sbtest4 WHERE k BETWEEN 5625145 AND 5625245
	Bitmap Heap Scan on sbtest4  (cost=5.52..424.81 rows=106 width=125)
	  Recheck Cond: ((k >= 5625145) AND (k <= 5625245))
	  ->  Bitmap Index Scan on k_4  (cost=0.00..5.50 rows=106 width=0)
	        Index Cond: ((k >= 5625145) AND (k <= 5625245))

table 5 : explain SELECT k, c FROM sbtest5 WHERE k BETWEEN 5625145 AND 5625245
	Bitmap Heap Scan on sbtest5  (cost=5.51..420.88 rows=105 width=125)
	  Recheck Cond: ((k >= 5625145) AND (k <= 5625245))
	  ->  Bitmap Index Scan on k_5  (cost=0.00..5.48 rows=105 width=0)
	        Index Cond: ((k >= 5625145) AND (k <= 5625245))

table 6 : explain SELECT k, c FROM sbtest6 WHERE k BETWEEN 5625145 AND 5625245
	Bitmap Heap Scan on sbtest6  (cost=5.44..393.31 rows=98 width=125)
	  Recheck Cond: ((k >= 5625145) AND (k <= 5625245))
	  ->  Bitmap Index Scan on k_6  (cost=0.00..5.42 rows=98 width=0)
	        Index Cond: ((k >= 5625145) AND (k <= 5625245))

table 7 : explain SELECT k, c FROM sbtest7 WHERE k BETWEEN 5625145 AND 5625245
	Bitmap Heap Scan on sbtest7  (cost=5.65..475.95 rows=119 width=125)
	  Recheck Cond: ((k >= 5625145) AND (k <= 5625245))
	  ->  Bitmap Index Scan on k_7  (cost=0.00..5.62 rows=119 width=0)
	        Index Cond: ((k >= 5625145) AND (k <= 5625245))

table 8 : explain SELECT k, c FROM sbtest8 WHERE k BETWEEN 5625145 AND 5625245
	Bitmap Heap Scan on sbtest8  (cost=5.60..456.29 rows=114 width=125)
	  Recheck Cond: ((k >= 5625145) AND (k <= 5625245))
	  ->  Bitmap Index Scan on k_8  (cost=0.00..5.58 rows=114 width=0)
	        Index Cond: ((k >= 5625145) AND (k <= 5625245))

explain: for range-notcovered :: explain SELECT k, c FROM sbtest%d WHERE k BETWEEN 4327463 AND 4327563explain: for range-notcovered :: explain SELECT k, c FROM sbtest%d WHERE k BETWEEN 5625145 AND 5625245

explain: for range-notcovered :: explain SELECT k, c FROM sbtest%d WHERE k BETWEEN 3397393 AND 3397493
for range-notcovered
table 1 : explain SELECT k, c FROM sbtest1 WHERE k BETWEEN 4327463 AND 4327563
	Bitmap Heap Scan on sbtest1  (cost=5.57..444.49 rows=111 width=125)
	  Recheck Cond: ((k >= 4327463) AND (k <= 4327563))
	  ->  Bitmap Index Scan on k_1  (cost=0.00..5.54 rows=111 width=0)
	        Index Cond: ((k >= 4327463) AND (k <= 4327563))

table 2 : explain SELECT k, c FROM sbtest2 WHERE k BETWEEN 4327463 AND 4327563
	Bitmap Heap Scan on sbtest2  (cost=5.42..385.43 rows=96 width=125)
	  Recheck Cond: ((k >= 4327463) AND (k <= 4327563))
	  ->  Bitmap Index Scan on k_2  (cost=0.00..5.39 rows=96 width=0)
	        Index Cond: ((k >= 4327463) AND (k <= 4327563))

table 3 : explain SELECT k, c FROM sbtest3 WHERE k BETWEEN 4327463 AND 4327563
	Bitmap Heap Scan on sbtest3  (cost=5.59..452.36 rows=113 width=125)
	  Recheck Cond: ((k >= 4327463) AND (k <= 4327563))
	  ->  Bitmap Index Scan on k_3  (cost=0.00..5.56 rows=113 width=0)
	        Index Cond: ((k >= 4327463) AND (k <= 4327563))

table 4 : explain SELECT k, c FROM sbtest4 WHERE k BETWEEN 4327463 AND 4327563
	Bitmap Heap Scan on sbtest4  (cost=5.46..401.19 rows=100 width=125)
	  Recheck Cond: ((k >= 4327463) AND (k <= 4327563))
	  ->  Bitmap Index Scan on k_4  (cost=0.00..5.43 rows=100 width=0)
	        Index Cond: ((k >= 4327463) AND (k <= 4327563))

table 5 : explain SELECT k, c FROM sbtest5 WHERE k BETWEEN 4327463 AND 4327563
	Bitmap Heap Scan on sbtest5  (cost=5.39..373.61 rows=93 width=125)
	  Recheck Cond: ((k >= 4327463) AND (k <= 4327563))
	  ->  Bitmap Index Scan on k_5  (cost=0.00..5.36 rows=93 width=0)
	        Index Cond: ((k >= 4327463) AND (k <= 4327563))

table 6 : explain SELECT k, c FROM sbtest6 WHERE k BETWEEN 4327463 AND 4327563
	Bitmap Heap Scan on sbtest6  (cost=5.51..420.88 rows=105 width=125)
	  Recheck Cond: ((k >= 4327463) AND (k <= 4327563))
	  ->  Bitmap Index Scan on k_6  (cost=0.00..5.48 rows=105 width=0)
	        Index Cond: ((k >= 4327463) AND (k <= 4327563))

table 7 : explain SELECT k, c FROM sbtest7 WHERE k BETWEEN 4327463 AND 4327563
	Bitmap Heap Scan on sbtest7  (cost=5.43..389.37 rows=97 width=125)
	  Recheck Cond: ((k >= 4327463) AND (k <= 4327563))
	  ->  Bitmap Index Scan on k_7  (cost=0.00..5.40 rows=97 width=0)
	        Index Cond: ((k >= 4327463) AND (k <= 4327563))

table 8 : explain SELECT k, c FROM sbtest8 WHERE k BETWEEN 4327463 AND 4327563
	Bitmap Heap Scan on sbtest8  (cost=5.60..456.29 rows=114 width=125)
	  Recheck Cond: ((k >= 4327463) AND (k <= 4327563))
	  ->  Bitmap Index Scan on k_8  (cost=0.00..5.58 rows=114 width=0)
	        Index Cond: ((k >= 4327463) AND (k <= 4327563))

for range-notcovered
table 1 : explain SELECT k, c FROM sbtest1 WHERE k BETWEEN 3397393 AND 3397493
	Bitmap Heap Scan on sbtest1  (cost=5.51..420.88 rows=105 width=125)
	  Recheck Cond: ((k >= 3397393) AND (k <= 3397493))
	  ->  Bitmap Index Scan on k_1  (cost=0.00..5.48 rows=105 width=0)
	        Index Cond: ((k >= 3397393) AND (k <= 3397493))

table 2 : explain SELECT k, c FROM sbtest2 WHERE k BETWEEN 3397393 AND 3397493
	Bitmap Heap Scan on sbtest2  (cost=5.41..381.49 rows=95 width=125)
	  Recheck Cond: ((k >= 3397393) AND (k <= 3397493))
	  ->  Bitmap Index Scan on k_2  (cost=0.00..5.38 rows=95 width=0)
	        Index Cond: ((k >= 3397393) AND (k <= 3397493))

table 3 : explain SELECT k, c FROM sbtest3 WHERE k BETWEEN 3397393 AND 3397493
	Bitmap Heap Scan on sbtest3  (cost=5.42..385.43 rows=96 width=125)
	  Recheck Cond: ((k >= 3397393) AND (k <= 3397493))
	  ->  Bitmap Index Scan on k_3  (cost=0.00..5.39 rows=96 width=0)
	        Index Cond: ((k >= 3397393) AND (k <= 3397493))

table 4 : explain SELECT k, c FROM sbtest4 WHERE k BETWEEN 3397393 AND 3397493
	Bitmap Heap Scan on sbtest4  (cost=5.44..393.31 rows=98 width=125)
	  Recheck Cond: ((k >= 3397393) AND (k <= 3397493))
	  ->  Bitmap Index Scan on k_4  (cost=0.00..5.42 rows=98 width=0)
	        Index Cond: ((k >= 3397393) AND (k <= 3397493))

table 5 : explain SELECT k, c FROM sbtest5 WHERE k BETWEEN 3397393 AND 3397493
	Bitmap Heap Scan on sbtest5  (cost=5.31..342.06 rows=85 width=125)
	  Recheck Cond: ((k >= 3397393) AND (k <= 3397493))
	  ->  Bitmap Index Scan on k_5  (cost=0.00..5.28 rows=85 width=0)
	        Index Cond: ((k >= 3397393) AND (k <= 3397493))

table 6 : explain SELECT k, c FROM sbtest6 WHERE k BETWEEN 3397393 AND 3397493
	Bitmap Heap Scan on sbtest6  (cost=5.38..369.67 rows=92 width=125)
	  Recheck Cond: ((k >= 3397393) AND (k <= 3397493))
	  ->  Bitmap Index Scan on k_6  (cost=0.00..5.35 rows=92 width=0)
	        Index Cond: ((k >= 3397393) AND (k <= 3397493))

table 7 : explain SELECT k, c FROM sbtest7 WHERE k BETWEEN 3397393 AND 3397493
	Bitmap Heap Scan on sbtest7  (cost=5.51..420.88 rows=105 width=125)
	  Recheck Cond: ((k >= 3397393) AND (k <= 3397493))
	  ->  Bitmap Index Scan on k_7  (cost=0.00..5.48 rows=105 width=0)
	        Index Cond: ((k >= 3397393) AND (k <= 3397493))

table 8 : explain SELECT k, c FROM sbtest8 WHERE k BETWEEN 3397393 AND 3397493
	Bitmap Heap Scan on sbtest8  (cost=5.41..381.49 rows=95 width=125)
	  Recheck Cond: ((k >= 3397393) AND (k <= 3397493))
	  ->  Bitmap Index Scan on k_8  (cost=0.00..5.38 rows=95 width=0)
	        Index Cond: ((k >= 3397393) AND (k <= 3397493))

for range-notcovered
table 1 : explain SELECT k, c FROM sbtest1 WHERE k BETWEEN 5625145 AND 5625245
	Bitmap Heap Scan on sbtest1  (cost=5.46..401.19 rows=100 width=125)
	  Recheck Cond: ((k >= 5625145) AND (k <= 5625245))
	  ->  Bitmap Index Scan on k_1  (cost=0.00..5.43 rows=100 width=0)
	        Index Cond: ((k >= 5625145) AND (k <= 5625245))

table 2 : explain SELECT k, c FROM sbtest2 WHERE k BETWEEN 5625145 AND 5625245
	Bitmap Heap Scan on sbtest2  (cost=5.43..389.37 rows=97 width=125)
	  Recheck Cond: ((k >= 5625145) AND (k <= 5625245))
	  ->  Bitmap Index Scan on k_2  (cost=0.00..5.40 rows=97 width=0)
	        Index Cond: ((k >= 5625145) AND (k <= 5625245))

table 3 : explain SELECT k, c FROM sbtest3 WHERE k BETWEEN 5625145 AND 5625245
	Bitmap Heap Scan on sbtest3  (cost=5.51..420.88 rows=105 width=125)
	  Recheck Cond: ((k >= 5625145) AND (k <= 5625245))
	  ->  Bitmap Index Scan on k_3  (cost=0.00..5.48 rows=105 width=0)
	        Index Cond: ((k >= 5625145) AND (k <= 5625245))

table 4 : explain SELECT k, c FROM sbtest4 WHERE k BETWEEN 5625145 AND 5625245
	Bitmap Heap Scan on sbtest4  (cost=5.52..424.81 rows=106 width=125)
	  Recheck Cond: ((k >= 5625145) AND (k <= 5625245))
	  ->  Bitmap Index Scan on k_4  (cost=0.00..5.50 rows=106 width=0)
	        Index Cond: ((k >= 5625145) AND (k <= 5625245))

table 5 : explain SELECT k, c FROM sbtest5 WHERE k BETWEEN 5625145 AND 5625245
	Bitmap Heap Scan on sbtest5  (cost=5.51..420.88 rows=105 width=125)
	  Recheck Cond: ((k >= 5625145) AND (k <= 5625245))
	  ->  Bitmap Index Scan on k_5  (cost=0.00..5.48 rows=105 width=0)
	        Index Cond: ((k >= 5625145) AND (k <= 5625245))

table 6 : explain SELECT k, c FROM sbtest6 WHERE k BETWEEN 5625145 AND 5625245
	Bitmap Heap Scan on sbtest6  (cost=5.44..393.31 rows=98 width=125)
	  Recheck Cond: ((k >= 5625145) AND (k <= 5625245))
	  ->  Bitmap Index Scan on k_6  (cost=0.00..5.42 rows=98 width=0)
	        Index Cond: ((k >= 5625145) AND (k <= 5625245))

table 7 : explain SELECT k, c FROM sbtest7 WHERE k BETWEEN 5625145 AND 5625245
	Bitmap Heap Scan on sbtest7  (cost=5.65..475.95 rows=119 width=125)
	  Recheck Cond: ((k >= 5625145) AND (k <= 5625245))
	  ->  Bitmap Index Scan on k_7  (cost=0.00..5.62 rows=119 width=0)
	        Index Cond: ((k >= 5625145) AND (k <= 5625245))

table 8 : explain SELECT k, c FROM sbtest8 WHERE k BETWEEN 5625145 AND 5625245
	Bitmap Heap Scan on sbtest8  (cost=5.60..456.29 rows=114 width=125)
	  Recheck Cond: ((k >= 5625145) AND (k <= 5625245))
	  ->  Bitmap Index Scan on k_8  (cost=0.00..5.58 rows=114 width=0)
	        Index Cond: ((k >= 5625145) AND (k <= 5625245))

explain: for range-notcovered :: explain SELECT k, c FROM sbtest%d WHERE k BETWEEN 4327463 AND 4327563
explain: for range-notcovered :: explain SELECT k, c FROM sbtest%d WHERE k BETWEEN 3397393 AND 3397493
explain: for range-notcovered :: explain SELECT k, c FROM sbtest%d WHERE k BETWEEN 5625145 AND 5625245
for range-notcovered
table 1 : explain SELECT k, c FROM sbtest1 WHERE k BETWEEN 4327463 AND 4327563
	Bitmap Heap Scan on sbtest1  (cost=5.57..444.49 rows=111 width=125)
	  Recheck Cond: ((k >= 4327463) AND (k <= 4327563))
	  ->  Bitmap Index Scan on k_1  (cost=0.00..5.54 rows=111 width=0)
	        Index Cond: ((k >= 4327463) AND (k <= 4327563))

table 2 : explain SELECT k, c FROM sbtest2 WHERE k BETWEEN 4327463 AND 4327563
	Bitmap Heap Scan on sbtest2  (cost=5.42..385.43 rows=96 width=125)
	  Recheck Cond: ((k >= 4327463) AND (k <= 4327563))
	  ->  Bitmap Index Scan on k_2  (cost=0.00..5.39 rows=96 width=0)
	        Index Cond: ((k >= 4327463) AND (k <= 4327563))

table 3 : explain SELECT k, c FROM sbtest3 WHERE k BETWEEN 4327463 AND 4327563
	Bitmap Heap Scan on sbtest3  (cost=5.59..452.36 rows=113 width=125)
	  Recheck Cond: ((k >= 4327463) AND (k <= 4327563))
	  ->  Bitmap Index Scan on k_3  (cost=0.00..5.56 rows=113 width=0)
	        Index Cond: ((k >= 4327463) AND (k <= 4327563))

table 4 : explain SELECT k, c FROM sbtest4 WHERE k BETWEEN 4327463 AND 4327563
	Bitmap Heap Scan on sbtest4  (cost=5.46..401.19 rows=100 width=125)
	  Recheck Cond: ((k >= 4327463) AND (k <= 4327563))
	  ->  Bitmap Index Scan on k_4  (cost=0.00..5.43 rows=100 width=0)
	        Index Cond: ((k >= 4327463) AND (k <= 4327563))

table 5 : explain SELECT k, c FROM sbtest5 WHERE k BETWEEN 4327463 AND 4327563
	Bitmap Heap Scan on sbtest5  (cost=5.39..373.61 rows=93 width=125)
	  Recheck Cond: ((k >= 4327463) AND (k <= 4327563))
	  ->  Bitmap Index Scan on k_5  (cost=0.00..5.36 rows=93 width=0)
	        Index Cond: ((k >= 4327463) AND (k <= 4327563))

table 6 : explain SELECT k, c FROM sbtest6 WHERE k BETWEEN 4327463 AND 4327563
	Bitmap Heap Scan on sbtest6  (cost=5.51..420.88 rows=105 width=125)
	  Recheck Cond: ((k >= 4327463) AND (k <= 4327563))
	  ->  Bitmap Index Scan on k_6  (cost=0.00..5.48 rows=105 width=0)
	        Index Cond: ((k >= 4327463) AND (k <= 4327563))

table 7 : explain SELECT k, c FROM sbtest7 WHERE k BETWEEN 4327463 AND 4327563
	Bitmap Heap Scan on sbtest7  (cost=5.43..389.37 rows=97 width=125)
	  Recheck Cond: ((k >= 4327463) AND (k <= 4327563))
	  ->  Bitmap Index Scan on k_7  (cost=0.00..5.40 rows=97 width=0)
	        Index Cond: ((k >= 4327463) AND (k <= 4327563))

table 8 : explain SELECT k, c FROM sbtest8 WHERE k BETWEEN 4327463 AND 4327563
	Bitmap Heap Scan on sbtest8  (cost=5.60..456.29 rows=114 width=125)
	  Recheck Cond: ((k >= 4327463) AND (k <= 4327563))
	  ->  Bitmap Index Scan on k_8  (cost=0.00..5.58 rows=114 width=0)
	        Index Cond: ((k >= 4327463) AND (k <= 4327563))

for range-notcovered
table 1 : explain SELECT k, c FROM sbtest1 WHERE k BETWEEN 3397393 AND 3397493
	Bitmap Heap Scan on sbtest1  (cost=5.51..420.88 rows=105 width=125)
	  Recheck Cond: ((k >= 3397393) AND (k <= 3397493))
	  ->  Bitmap Index Scan on k_1  (cost=0.00..5.48 rows=105 width=0)
	        Index Cond: ((k >= 3397393) AND (k <= 3397493))

table 2 : explain SELECT k, c FROM sbtest2 WHERE k BETWEEN 3397393 AND 3397493
	Bitmap Heap Scan on sbtest2  (cost=5.41..381.49 rows=95 width=125)
	  Recheck Cond: ((k >= 3397393) AND (k <= 3397493))
	  ->  Bitmap Index Scan on k_2  (cost=0.00..5.38 rows=95 width=0)
	        Index Cond: ((k >= 3397393) AND (k <= 3397493))

table 3 : explain SELECT k, c FROM sbtest3 WHERE k BETWEEN 3397393 AND 3397493
	Bitmap Heap Scan on sbtest3  (cost=5.42..385.43 rows=96 width=125)
	  Recheck Cond: ((k >= 3397393) AND (k <= 3397493))
	  ->  Bitmap Index Scan on k_3  (cost=0.00..5.39 rows=96 width=0)
	        Index Cond: ((k >= 3397393) AND (k <= 3397493))

table 4 : explain SELECT k, c FROM sbtest4 WHERE k BETWEEN 3397393 AND 3397493
	Bitmap Heap Scan on sbtest4  (cost=5.44..393.31 rows=98 width=125)
	  Recheck Cond: ((k >= 3397393) AND (k <= 3397493))
	  ->  Bitmap Index Scan on k_4  (cost=0.00..5.42 rows=98 width=0)
	        Index Cond: ((k >= 3397393) AND (k <= 3397493))

table 5 : explain SELECT k, c FROM sbtest5 WHERE k BETWEEN 3397393 AND 3397493
	Bitmap Heap Scan on sbtest5  (cost=5.31..342.06 rows=85 width=125)
	  Recheck Cond: ((k >= 3397393) AND (k <= 3397493))
	  ->  Bitmap Index Scan on k_5  (cost=0.00..5.28 rows=85 width=0)
	        Index Cond: ((k >= 3397393) AND (k <= 3397493))

table 6 : explain SELECT k, c FROM sbtest6 WHERE k BETWEEN 3397393 AND 3397493
	Bitmap Heap Scan on sbtest6  (cost=5.38..369.67 rows=92 width=125)
	  Recheck Cond: ((k >= 3397393) AND (k <= 3397493))
	  ->  Bitmap Index Scan on k_6  (cost=0.00..5.35 rows=92 width=0)
	        Index Cond: ((k >= 3397393) AND (k <= 3397493))

table 7 : explain SELECT k, c FROM sbtest7 WHERE k BETWEEN 3397393 AND 3397493
	Bitmap Heap Scan on sbtest7  (cost=5.51..420.88 rows=105 width=125)
	  Recheck Cond: ((k >= 3397393) AND (k <= 3397493))
	  ->  Bitmap Index Scan on k_7  (cost=0.00..5.48 rows=105 width=0)
	        Index Cond: ((k >= 3397393) AND (k <= 3397493))

table 8 : explain SELECT k, c FROM sbtest8 WHERE k BETWEEN 3397393 AND 3397493
	Bitmap Heap Scan on sbtest8  (cost=5.41..381.49 rows=95 width=125)
	  Recheck Cond: ((k >= 3397393) AND (k <= 3397493))
	  ->  Bitmap Index Scan on k_8  (cost=0.00..5.38 rows=95 width=0)
	        Index Cond: ((k >= 3397393) AND (k <= 3397493))

for range-notcovered
table 1 : explain SELECT k, c FROM sbtest1 WHERE k BETWEEN 5625145 AND 5625245
	Bitmap Heap Scan on sbtest1  (cost=5.46..401.19 rows=100 width=125)
	  Recheck Cond: ((k >= 5625145) AND (k <= 5625245))
	  ->  Bitmap Index Scan on k_1  (cost=0.00..5.43 rows=100 width=0)
	        Index Cond: ((k >= 5625145) AND (k <= 5625245))

table 2 : explain SELECT k, c FROM sbtest2 WHERE k BETWEEN 5625145 AND 5625245
	Bitmap Heap Scan on sbtest2  (cost=5.43..389.37 rows=97 width=125)
	  Recheck Cond: ((k >= 5625145) AND (k <= 5625245))
	  ->  Bitmap Index Scan on k_2  (cost=0.00..5.40 rows=97 width=0)
	        Index Cond: ((k >= 5625145) AND (k <= 5625245))

table 3 : explain SELECT k, c FROM sbtest3 WHERE k BETWEEN 5625145 AND 5625245
	Bitmap Heap Scan on sbtest3  (cost=5.51..420.88 rows=105 width=125)
	  Recheck Cond: ((k >= 5625145) AND (k <= 5625245))
	  ->  Bitmap Index Scan on k_3  (cost=0.00..5.48 rows=105 width=0)
	        Index Cond: ((k >= 5625145) AND (k <= 5625245))

table 4 : explain SELECT k, c FROM sbtest4 WHERE k BETWEEN 5625145 AND 5625245
	Bitmap Heap Scan on sbtest4  (cost=5.52..424.81 rows=106 width=125)
	  Recheck Cond: ((k >= 5625145) AND (k <= 5625245))
	  ->  Bitmap Index Scan on k_4  (cost=0.00..5.50 rows=106 width=0)
	        Index Cond: ((k >= 5625145) AND (k <= 5625245))

table 5 : explain SELECT k, c FROM sbtest5 WHERE k BETWEEN 5625145 AND 5625245
	Bitmap Heap Scan on sbtest5  (cost=5.51..420.88 rows=105 width=125)
	  Recheck Cond: ((k >= 5625145) AND (k <= 5625245))
	  ->  Bitmap Index Scan on k_5  (cost=0.00..5.48 rows=105 width=0)
	        Index Cond: ((k >= 5625145) AND (k <= 5625245))

table 6 : explain SELECT k, c FROM sbtest6 WHERE k BETWEEN 5625145 AND 5625245
	Bitmap Heap Scan on sbtest6  (cost=5.44..393.31 rows=98 width=125)
	  Recheck Cond: ((k >= 5625145) AND (k <= 5625245))
	  ->  Bitmap Index Scan on k_6  (cost=0.00..5.42 rows=98 width=0)
	        Index Cond: ((k >= 5625145) AND (k <= 5625245))

table 7 : explain SELECT k, c FROM sbtest7 WHERE k BETWEEN 5625145 AND 5625245
	Bitmap Heap Scan on sbtest7  (cost=5.65..475.95 rows=119 width=125)
	  Recheck Cond: ((k >= 5625145) AND (k <= 5625245))
	  ->  Bitmap Index Scan on k_7  (cost=0.00..5.62 rows=119 width=0)
	        Index Cond: ((k >= 5625145) AND (k <= 5625245))

table 8 : explain SELECT k, c FROM sbtest8 WHERE k BETWEEN 5625145 AND 5625245
	Bitmap Heap Scan on sbtest8  (cost=5.60..456.29 rows=114 width=125)
	  Recheck Cond: ((k >= 5625145) AND (k <= 5625245))
	  ->  Bitmap Index Scan on k_8  (cost=0.00..5.58 rows=114 width=0)
	        Index Cond: ((k >= 5625145) AND (k <= 5625245))

explain: for range-notcovered :: explain SELECT k, c FROM sbtest%d WHERE k BETWEEN 4327463 AND 4327563
explain: for range-notcovered :: explain SELECT k, c FROM sbtest%d WHERE k BETWEEN 3397393 AND 3397493
for range-notcovered
table 1 : explain SELECT k, c FROM sbtest1 WHERE k BETWEEN 6082356 AND 6082456
	Bitmap Heap Scan on sbtest1  (cost=5.40..377.55 rows=94 width=125)
	  Recheck Cond: ((k >= 6082356) AND (k <= 6082456))
	  ->  Bitmap Index Scan on k_1  (cost=0.00..5.38 rows=94 width=0)
	        Index Cond: ((k >= 6082356) AND (k <= 6082456))

table 2 : explain SELECT k, c FROM sbtest2 WHERE k BETWEEN 6082356 AND 6082456
	Bitmap Heap Scan on sbtest2  (cost=5.47..405.13 rows=101 width=125)
	  Recheck Cond: ((k >= 6082356) AND (k <= 6082456))
	  ->  Bitmap Index Scan on k_2  (cost=0.00..5.44 rows=101 width=0)
	        Index Cond: ((k >= 6082356) AND (k <= 6082456))

table 3 : explain SELECT k, c FROM sbtest3 WHERE k BETWEEN 6082356 AND 6082456
	Bitmap Heap Scan on sbtest3  (cost=5.49..413.00 rows=103 width=125)
	  Recheck Cond: ((k >= 6082356) AND (k <= 6082456))
	  ->  Bitmap Index Scan on k_3  (cost=0.00..5.46 rows=103 width=0)
	        Index Cond: ((k >= 6082356) AND (k <= 6082456))

table 4 : explain SELECT k, c FROM sbtest4 WHERE k BETWEEN 6082356 AND 6082456
	Bitmap Heap Scan on sbtest4  (cost=5.56..440.56 rows=110 width=125)
	  Recheck Cond: ((k >= 6082356) AND (k <= 6082456))
	  ->  Bitmap Index Scan on k_4  (cost=0.00..5.53 rows=110 width=0)
	        Index Cond: ((k >= 6082356) AND (k <= 6082456))

table 5 : explain SELECT k, c FROM sbtest5 WHERE k BETWEEN 6082356 AND 6082456
	Bitmap Heap Scan on sbtest5  (cost=5.43..389.37 rows=97 width=125)
	  Recheck Cond: ((k >= 6082356) AND (k <= 6082456))
	  ->  Bitmap Index Scan on k_5  (cost=0.00..5.40 rows=97 width=0)
	        Index Cond: ((k >= 6082356) AND (k <= 6082456))

table 6 : explain SELECT k, c FROM sbtest6 WHERE k BETWEEN 6082356 AND 6082456
	Bitmap Heap Scan on sbtest6  (cost=5.41..381.49 rows=95 width=125)
	  Recheck Cond: ((k >= 6082356) AND (k <= 6082456))
	  ->  Bitmap Index Scan on k_6  (cost=0.00..5.38 rows=95 width=0)
	        Index Cond: ((k >= 6082356) AND (k <= 6082456))

table 7 : explain SELECT k, c FROM sbtest7 WHERE k BETWEEN 6082356 AND 6082456
	Bitmap Heap Scan on sbtest7  (cost=5.51..420.88 rows=105 width=125)
	  Recheck Cond: ((k >= 6082356) AND (k <= 6082456))
	  ->  Bitmap Index Scan on k_7  (cost=0.00..5.48 rows=105 width=0)
	        Index Cond: ((k >= 6082356) AND (k <= 6082456))

table 8 : explain SELECT k, c FROM sbtest8 WHERE k BETWEEN 6082356 AND 6082456
	Bitmap Heap Scan on sbtest8  (cost=5.44..393.31 rows=98 width=125)
	  Recheck Cond: ((k >= 6082356) AND (k <= 6082456))
	  ->  Bitmap Index Scan on k_8  (cost=0.00..5.42 rows=98 width=0)
	        Index Cond: ((k >= 6082356) AND (k <= 6082456))

explain: for range-notcovered :: explain SELECT k, c FROM sbtest%d WHERE k BETWEEN 5625145 AND 5625245
explain: for range-notcovered :: explain SELECT k, c FROM sbtest%d WHERE k BETWEEN 6082356 AND 6082456
for range-notcovered
table 1 : explain SELECT k, c FROM sbtest1 WHERE k BETWEEN 4327463 AND 4327563
	Bitmap Heap Scan on sbtest1  (cost=5.57..444.49 rows=111 width=125)
	  Recheck Cond: ((k >= 4327463) AND (k <= 4327563))
	  ->  Bitmap Index Scan on k_1  (cost=0.00..5.54 rows=111 width=0)
	        Index Cond: ((k >= 4327463) AND (k <= 4327563))

table 2 : explain SELECT k, c FROM sbtest2 WHERE k BETWEEN 4327463 AND 4327563
	Bitmap Heap Scan on sbtest2  (cost=5.42..385.43 rows=96 width=125)
	  Recheck Cond: ((k >= 4327463) AND (k <= 4327563))
	  ->  Bitmap Index Scan on k_2  (cost=0.00..5.39 rows=96 width=0)
	        Index Cond: ((k >= 4327463) AND (k <= 4327563))

table 3 : explain SELECT k, c FROM sbtest3 WHERE k BETWEEN 4327463 AND 4327563
	Bitmap Heap Scan on sbtest3  (cost=5.59..452.36 rows=113 width=125)
	  Recheck Cond: ((k >= 4327463) AND (k <= 4327563))
	  ->  Bitmap Index Scan on k_3  (cost=0.00..5.56 rows=113 width=0)
	        Index Cond: ((k >= 4327463) AND (k <= 4327563))

table 4 : explain SELECT k, c FROM sbtest4 WHERE k BETWEEN 4327463 AND 4327563
	Bitmap Heap Scan on sbtest4  (cost=5.46..401.19 rows=100 width=125)
	  Recheck Cond: ((k >= 4327463) AND (k <= 4327563))
	  ->  Bitmap Index Scan on k_4  (cost=0.00..5.43 rows=100 width=0)
	        Index Cond: ((k >= 4327463) AND (k <= 4327563))

table 5 : explain SELECT k, c FROM sbtest5 WHERE k BETWEEN 4327463 AND 4327563
	Bitmap Heap Scan on sbtest5  (cost=5.39..373.61 rows=93 width=125)
	  Recheck Cond: ((k >= 4327463) AND (k <= 4327563))
	  ->  Bitmap Index Scan on k_5  (cost=0.00..5.36 rows=93 width=0)
	        Index Cond: ((k >= 4327463) AND (k <= 4327563))

table 6 : explain SELECT k, c FROM sbtest6 WHERE k BETWEEN 4327463 AND 4327563
	Bitmap Heap Scan on sbtest6  (cost=5.51..420.88 rows=105 width=125)
	  Recheck Cond: ((k >= 4327463) AND (k <= 4327563))
	  ->  Bitmap Index Scan on k_6  (cost=0.00..5.48 rows=105 width=0)
	        Index Cond: ((k >= 4327463) AND (k <= 4327563))

table 7 : explain SELECT k, c FROM sbtest7 WHERE k BETWEEN 4327463 AND 4327563
	Bitmap Heap Scan on sbtest7  (cost=5.43..389.37 rows=97 width=125)
	  Recheck Cond: ((k >= 4327463) AND (k <= 4327563))
	  ->  Bitmap Index Scan on k_7  (cost=0.00..5.40 rows=97 width=0)
	        Index Cond: ((k >= 4327463) AND (k <= 4327563))

table 8 : explain SELECT k, c FROM sbtest8 WHERE k BETWEEN 4327463 AND 4327563
	Bitmap Heap Scan on sbtest8  (cost=5.60..456.29 rows=114 width=125)
	  Recheck Cond: ((k >= 4327463) AND (k <= 4327563))
	  ->  Bitmap Index Scan on k_8  (cost=0.00..5.58 rows=114 width=0)
	        Index Cond: ((k >= 4327463) AND (k <= 4327563))

explain: for range-notcovered :: explain SELECT k, c FROM sbtest%d WHERE k BETWEEN 4327463 AND 4327563
for range-notcovered
table 1 : explain SELECT k, c FROM sbtest1 WHERE k BETWEEN 8417946 AND 8418046
	Bitmap Heap Scan on sbtest1  (cost=5.50..416.94 rows=104 width=125)
	  Recheck Cond: ((k >= 8417946) AND (k <= 8418046))
	  ->  Bitmap Index Scan on k_1  (cost=0.00..5.47 rows=104 width=0)
	        Index Cond: ((k >= 8417946) AND (k <= 8418046))

table 2 : explain SELECT k, c FROM sbtest2 WHERE k BETWEEN 8417946 AND 8418046
	Bitmap Heap Scan on sbtest2  (cost=5.48..409.07 rows=102 width=125)
	  Recheck Cond: ((k >= 8417946) AND (k <= 8418046))
	  ->  Bitmap Index Scan on k_2  (cost=0.00..5.45 rows=102 width=0)
	        Index Cond: ((k >= 8417946) AND (k <= 8418046))

table 3 : explain SELECT k, c FROM sbtest3 WHERE k BETWEEN 8417946 AND 8418046
	Bitmap Heap Scan on sbtest3  (cost=5.49..413.00 rows=103 width=125)
	  Recheck Cond: ((k >= 8417946) AND (k <= 8418046))
	  ->  Bitmap Index Scan on k_3  (cost=0.00..5.46 rows=103 width=0)
	        Index Cond: ((k >= 8417946) AND (k <= 8418046))

table 4 : explain SELECT k, c FROM sbtest4 WHERE k BETWEEN 8417946 AND 8418046
	Bitmap Heap Scan on sbtest4  (cost=5.53..428.75 rows=107 width=125)
	  Recheck Cond: ((k >= 8417946) AND (k <= 8418046))
	  ->  Bitmap Index Scan on k_4  (cost=0.00..5.50 rows=107 width=0)
	        Index Cond: ((k >= 8417946) AND (k <= 8418046))

table 5 : explain SELECT k, c FROM sbtest5 WHERE k BETWEEN 8417946 AND 8418046
	Bitmap Heap Scan on sbtest5  (cost=5.60..456.29 rows=114 width=125)
	  Recheck Cond: ((k >= 8417946) AND (k <= 8418046))
	  ->  Bitmap Index Scan on k_5  (cost=0.00..5.58 rows=114 width=0)
	        Index Cond: ((k >= 8417946) AND (k <= 8418046))

table 6 : explain SELECT k, c FROM sbtest6 WHERE k BETWEEN 8417946 AND 8418046
	Bitmap Heap Scan on sbtest6  (cost=5.43..389.37 rows=97 width=125)
	  Recheck Cond: ((k >= 8417946) AND (k <= 8418046))
	  ->  Bitmap Index Scan on k_6  (cost=0.00..5.40 rows=97 width=0)
	        Index Cond: ((k >= 8417946) AND (k <= 8418046))

table 7 : explain SELECT k, c FROM sbtest7 WHERE k BETWEEN 8417946 AND 8418046
	Bitmap Heap Scan on sbtest7  (cost=5.54..432.69 rows=108 width=125)
	  Recheck Cond: ((k >= 8417946) AND (k <= 8418046))
	  ->  Bitmap Index Scan on k_7  (cost=0.00..5.51 rows=108 width=0)
	        Index Cond: ((k >= 8417946) AND (k <= 8418046))

table 8 : explain SELECT k, c FROM sbtest8 WHERE k BETWEEN 8417946 AND 8418046
	Bitmap Heap Scan on sbtest8  (cost=5.39..373.61 rows=93 width=125)
	  Recheck Cond: ((k >= 8417946) AND (k <= 8418046))
	  ->  Bitmap Index Scan on k_8  (cost=0.00..5.36 rows=93 width=0)
	        Index Cond: ((k >= 8417946) AND (k <= 8418046))

for range-notcovered
table 1 : explain SELECT k, c FROM sbtest1 WHERE k BETWEEN 6082356 AND 6082456
	Bitmap Heap Scan on sbtest1  (cost=5.40..377.55 rows=94 width=125)
	  Recheck Cond: ((k >= 6082356) AND (k <= 6082456))
	  ->  Bitmap Index Scan on k_1  (cost=0.00..5.38 rows=94 width=0)
	        Index Cond: ((k >= 6082356) AND (k <= 6082456))

table 2 : explain SELECT k, c FROM sbtest2 WHERE k BETWEEN 6082356 AND 6082456
	Bitmap Heap Scan on sbtest2  (cost=5.47..405.13 rows=101 width=125)
	  Recheck Cond: ((k >= 6082356) AND (k <= 6082456))
	  ->  Bitmap Index Scan on k_2  (cost=0.00..5.44 rows=101 width=0)
	        Index Cond: ((k >= 6082356) AND (k <= 6082456))

table 3 : explain SELECT k, c FROM sbtest3 WHERE k BETWEEN 6082356 AND 6082456
	Bitmap Heap Scan on sbtest3  (cost=5.49..413.00 rows=103 width=125)
	  Recheck Cond: ((k >= 6082356) AND (k <= 6082456))
	  ->  Bitmap Index Scan on k_3  (cost=0.00..5.46 rows=103 width=0)
	        Index Cond: ((k >= 6082356) AND (k <= 6082456))

table 4 : explain SELECT k, c FROM sbtest4 WHERE k BETWEEN 6082356 AND 6082456
	Bitmap Heap Scan on sbtest4  (cost=5.56..440.56 rows=110 width=125)
	  Recheck Cond: ((k >= 6082356) AND (k <= 6082456))
	  ->  Bitmap Index Scan on k_4  (cost=0.00..5.53 rows=110 width=0)
	        Index Cond: ((k >= 6082356) AND (k <= 6082456))

table 5 : explain SELECT k, c FROM sbtest5 WHERE k BETWEEN 6082356 AND 6082456
	Bitmap Heap Scan on sbtest5  (cost=5.43..389.37 rows=97 width=125)
	  Recheck Cond: ((k >= 6082356) AND (k <= 6082456))
	  ->  Bitmap Index Scan on k_5  (cost=0.00..5.40 rows=97 width=0)
	        Index Cond: ((k >= 6082356) AND (k <= 6082456))

table 6 : explain SELECT k, c FROM sbtest6 WHERE k BETWEEN 6082356 AND 6082456
	Bitmap Heap Scan on sbtest6  (cost=5.41..381.49 rows=95 width=125)
	  Recheck Cond: ((k >= 6082356) AND (k <= 6082456))
	  ->  Bitmap Index Scan on k_6  (cost=0.00..5.38 rows=95 width=0)
	        Index Cond: ((k >= 6082356) AND (k <= 6082456))

table 7 : explain SELECT k, c FROM sbtest7 WHERE k BETWEEN 6082356 AND 6082456
	Bitmap Heap Scan on sbtest7  (cost=5.51..420.88 rows=105 width=125)
	  Recheck Cond: ((k >= 6082356) AND (k <= 6082456))
	  ->  Bitmap Index Scan on k_7  (cost=0.00..5.48 rows=105 width=0)
	        Index Cond: ((k >= 6082356) AND (k <= 6082456))

table 8 : explain SELECT k, c FROM sbtest8 WHERE k BETWEEN 6082356 AND 6082456
	Bitmap Heap Scan on sbtest8  (cost=5.44..393.31 rows=98 width=125)
	  Recheck Cond: ((k >= 6082356) AND (k <= 6082456))
	  ->  Bitmap Index Scan on k_8  (cost=0.00..5.42 rows=98 width=0)
	        Index Cond: ((k >= 6082356) AND (k <= 6082456))

explain: for range-notcovered :: explain SELECT k, c FROM sbtest%d WHERE k BETWEEN 6082356 AND 6082456
explain: for range-notcovered :: explain SELECT k, c FROM sbtest%d WHERE k BETWEEN 8417946 AND 8418046
for range-notcovered
table 1 : explain SELECT k, c FROM sbtest1 WHERE k BETWEEN 3473221 AND 3473321
	Bitmap Heap Scan on sbtest1  (cost=5.51..420.88 rows=105 width=125)
	  Recheck Cond: ((k >= 3473221) AND (k <= 3473321))
	  ->  Bitmap Index Scan on k_1  (cost=0.00..5.48 rows=105 width=0)
	        Index Cond: ((k >= 3473221) AND (k <= 3473321))

table 2 : explain SELECT k, c FROM sbtest2 WHERE k BETWEEN 3473221 AND 3473321
	Bitmap Heap Scan on sbtest2  (cost=5.54..432.69 rows=108 width=125)
	  Recheck Cond: ((k >= 3473221) AND (k <= 3473321))
	  ->  Bitmap Index Scan on k_2  (cost=0.00..5.51 rows=108 width=0)
	        Index Cond: ((k >= 3473221) AND (k <= 3473321))

table 3 : explain SELECT k, c FROM sbtest3 WHERE k BETWEEN 3473221 AND 3473321
	Bitmap Heap Scan on sbtest3  (cost=5.42..385.43 rows=96 width=125)
	  Recheck Cond: ((k >= 3473221) AND (k <= 3473321))
	  ->  Bitmap Index Scan on k_3  (cost=0.00..5.39 rows=96 width=0)
	        Index Cond: ((k >= 3473221) AND (k <= 3473321))

table 4 : explain SELECT k, c FROM sbtest4 WHERE k BETWEEN 3473221 AND 3473321
	Bitmap Heap Scan on sbtest4  (cost=5.39..373.61 rows=93 width=125)
	  Recheck Cond: ((k >= 3473221) AND (k <= 3473321))
	  ->  Bitmap Index Scan on k_4  (cost=0.00..5.36 rows=93 width=0)
	        Index Cond: ((k >= 3473221) AND (k <= 3473321))

table 5 : explain SELECT k, c FROM sbtest5 WHERE k BETWEEN 3473221 AND 3473321
	Bitmap Heap Scan on sbtest5  (cost=5.31..342.06 rows=85 width=125)
	  Recheck Cond: ((k >= 3473221) AND (k <= 3473321))
	  ->  Bitmap Index Scan on k_5  (cost=0.00..5.28 rows=85 width=0)
	        Index Cond: ((k >= 3473221) AND (k <= 3473321))

table 6 : explain SELECT k, c FROM sbtest6 WHERE k BETWEEN 3473221 AND 3473321
	Bitmap Heap Scan on sbtest6  (cost=5.38..369.67 rows=92 width=125)
	  Recheck Cond: ((k >= 3473221) AND (k <= 3473321))
	  ->  Bitmap Index Scan on k_6  (cost=0.00..5.35 rows=92 width=0)
	        Index Cond: ((k >= 3473221) AND (k <= 3473321))

table 7 : explain SELECT k, c FROM sbtest7 WHERE k BETWEEN 3473221 AND 3473321
	Bitmap Heap Scan on sbtest7  (cost=5.51..420.88 rows=105 width=125)
	  Recheck Cond: ((k >= 3473221) AND (k <= 3473321))
	  ->  Bitmap Index Scan on k_7  (cost=0.00..5.48 rows=105 width=0)
	        Index Cond: ((k >= 3473221) AND (k <= 3473321))

table 8 : explain SELECT k, c FROM sbtest8 WHERE k BETWEEN 3473221 AND 3473321
	Bitmap Heap Scan on sbtest8  (cost=5.44..393.31 rows=98 width=125)
	  Recheck Cond: ((k >= 3473221) AND (k <= 3473321))
	  ->  Bitmap Index Scan on k_8  (cost=0.00..5.42 rows=98 width=0)
	        Index Cond: ((k >= 3473221) AND (k <= 3473321))

explain: for range-notcovered :: explain SELECT k, c FROM sbtest%d WHERE k BETWEEN 3473221 AND 3473321
for range-notcovered
table 1 : explain SELECT k, c FROM sbtest1 WHERE k BETWEEN 6082356 AND 6082456
	Bitmap Heap Scan on sbtest1  (cost=5.40..377.55 rows=94 width=125)
	  Recheck Cond: ((k >= 6082356) AND (k <= 6082456))
	  ->  Bitmap Index Scan on k_1  (cost=0.00..5.38 rows=94 width=0)
	        Index Cond: ((k >= 6082356) AND (k <= 6082456))

table 2 : explain SELECT k, c FROM sbtest2 WHERE k BETWEEN 6082356 AND 6082456
	Bitmap Heap Scan on sbtest2  (cost=5.47..405.13 rows=101 width=125)
	  Recheck Cond: ((k >= 6082356) AND (k <= 6082456))
	  ->  Bitmap Index Scan on k_2  (cost=0.00..5.44 rows=101 width=0)
	        Index Cond: ((k >= 6082356) AND (k <= 6082456))

table 3 : explain SELECT k, c FROM sbtest3 WHERE k BETWEEN 6082356 AND 6082456
	Bitmap Heap Scan on sbtest3  (cost=5.49..413.00 rows=103 width=125)
	  Recheck Cond: ((k >= 6082356) AND (k <= 6082456))
	  ->  Bitmap Index Scan on k_3  (cost=0.00..5.46 rows=103 width=0)
	        Index Cond: ((k >= 6082356) AND (k <= 6082456))

table 4 : explain SELECT k, c FROM sbtest4 WHERE k BETWEEN 6082356 AND 6082456
	Bitmap Heap Scan on sbtest4  (cost=5.56..440.56 rows=110 width=125)
	  Recheck Cond: ((k >= 6082356) AND (k <= 6082456))
	  ->  Bitmap Index Scan on k_4  (cost=0.00..5.53 rows=110 width=0)
	        Index Cond: ((k >= 6082356) AND (k <= 6082456))

table 5 : explain SELECT k, c FROM sbtest5 WHERE k BETWEEN 6082356 AND 6082456
	Bitmap Heap Scan on sbtest5  (cost=5.43..389.37 rows=97 width=125)
	  Recheck Cond: ((k >= 6082356) AND (k <= 6082456))
	  ->  Bitmap Index Scan on k_5  (cost=0.00..5.40 rows=97 width=0)
	        Index Cond: ((k >= 6082356) AND (k <= 6082456))

table 6 : explain SELECT k, c FROM sbtest6 WHERE k BETWEEN 6082356 AND 6082456
	Bitmap Heap Scan on sbtest6  (cost=5.41..381.49 rows=95 width=125)
	  Recheck Cond: ((k >= 6082356) AND (k <= 6082456))
	  ->  Bitmap Index Scan on k_6  (cost=0.00..5.38 rows=95 width=0)
	        Index Cond: ((k >= 6082356) AND (k <= 6082456))

table 7 : explain SELECT k, c FROM sbtest7 WHERE k BETWEEN 6082356 AND 6082456
	Bitmap Heap Scan on sbtest7  (cost=5.51..420.88 rows=105 width=125)
	  Recheck Cond: ((k >= 6082356) AND (k <= 6082456))
	  ->  Bitmap Index Scan on k_7  (cost=0.00..5.48 rows=105 width=0)
	        Index Cond: ((k >= 6082356) AND (k <= 6082456))

table 8 : explain SELECT k, c FROM sbtest8 WHERE k BETWEEN 6082356 AND 6082456
	Bitmap Heap Scan on sbtest8  (cost=5.44..393.31 rows=98 width=125)
	  Recheck Cond: ((k >= 6082356) AND (k <= 6082456))
	  ->  Bitmap Index Scan on k_8  (cost=0.00..5.42 rows=98 width=0)
	        Index Cond: ((k >= 6082356) AND (k <= 6082456))

for range-notcovered
table 1 : explain SELECT k, c FROM sbtest1 WHERE k BETWEEN 8417946 AND 8418046
	Bitmap Heap Scan on sbtest1  (cost=5.50..416.94 rows=104 width=125)
	  Recheck Cond: ((k >= 8417946) AND (k <= 8418046))
	  ->  Bitmap Index Scan on k_1  (cost=0.00..5.47 rows=104 width=0)
	        Index Cond: ((k >= 8417946) AND (k <= 8418046))

table 2 : explain SELECT k, c FROM sbtest2 WHERE k BETWEEN 8417946 AND 8418046
	Bitmap Heap Scan on sbtest2  (cost=5.48..409.07 rows=102 width=125)
	  Recheck Cond: ((k >= 8417946) AND (k <= 8418046))
	  ->  Bitmap Index Scan on k_2  (cost=0.00..5.45 rows=102 width=0)
	        Index Cond: ((k >= 8417946) AND (k <= 8418046))

table 3 : explain SELECT k, c FROM sbtest3 WHERE k BETWEEN 8417946 AND 8418046
	Bitmap Heap Scan on sbtest3  (cost=5.49..413.00 rows=103 width=125)
	  Recheck Cond: ((k >= 8417946) AND (k <= 8418046))
	  ->  Bitmap Index Scan on k_3  (cost=0.00..5.46 rows=103 width=0)
	        Index Cond: ((k >= 8417946) AND (k <= 8418046))

table 4 : explain SELECT k, c FROM sbtest4 WHERE k BETWEEN 8417946 AND 8418046
	Bitmap Heap Scan on sbtest4  (cost=5.53..428.75 rows=107 width=125)
	  Recheck Cond: ((k >= 8417946) AND (k <= 8418046))
	  ->  Bitmap Index Scan on k_4  (cost=0.00..5.50 rows=107 width=0)
	        Index Cond: ((k >= 8417946) AND (k <= 8418046))

table 5 : explain SELECT k, c FROM sbtest5 WHERE k BETWEEN 8417946 AND 8418046
	Bitmap Heap Scan on sbtest5  (cost=5.60..456.29 rows=114 width=125)
	  Recheck Cond: ((k >= 8417946) AND (k <= 8418046))
	  ->  Bitmap Index Scan on k_5  (cost=0.00..5.58 rows=114 width=0)
	        Index Cond: ((k >= 8417946) AND (k <= 8418046))

table 6 : explain SELECT k, c FROM sbtest6 WHERE k BETWEEN 8417946 AND 8418046
	Bitmap Heap Scan on sbtest6  (cost=5.43..389.37 rows=97 width=125)
	  Recheck Cond: ((k >= 8417946) AND (k <= 8418046))
	  ->  Bitmap Index Scan on k_6  (cost=0.00..5.40 rows=97 width=0)
	        Index Cond: ((k >= 8417946) AND (k <= 8418046))

table 7 : explain SELECT k, c FROM sbtest7 WHERE k BETWEEN 8417946 AND 8418046
	Bitmap Heap Scan on sbtest7  (cost=5.54..432.69 rows=108 width=125)
	  Recheck Cond: ((k >= 8417946) AND (k <= 8418046))
	  ->  Bitmap Index Scan on k_7  (cost=0.00..5.51 rows=108 width=0)
	        Index Cond: ((k >= 8417946) AND (k <= 8418046))

table 8 : explain SELECT k, c FROM sbtest8 WHERE k BETWEEN 8417946 AND 8418046
	Bitmap Heap Scan on sbtest8  (cost=5.39..373.61 rows=93 width=125)
	  Recheck Cond: ((k >= 8417946) AND (k <= 8418046))
	  ->  Bitmap Index Scan on k_8  (cost=0.00..5.36 rows=93 width=0)
	        Index Cond: ((k >= 8417946) AND (k <= 8418046))

for range-notcovered
table 1 : explain SELECT k, c FROM sbtest1 WHERE k BETWEEN 3397393 AND 3397493
	Bitmap Heap Scan on sbtest1  (cost=5.51..420.88 rows=105 width=125)
	  Recheck Cond: ((k >= 3397393) AND (k <= 3397493))
	  ->  Bitmap Index Scan on k_1  (cost=0.00..5.48 rows=105 width=0)
	        Index Cond: ((k >= 3397393) AND (k <= 3397493))

table 2 : explain SELECT k, c FROM sbtest2 WHERE k BETWEEN 3397393 AND 3397493
	Bitmap Heap Scan on sbtest2  (cost=5.41..381.49 rows=95 width=125)
	  Recheck Cond: ((k >= 3397393) AND (k <= 3397493))
	  ->  Bitmap Index Scan on k_2  (cost=0.00..5.38 rows=95 width=0)
	        Index Cond: ((k >= 3397393) AND (k <= 3397493))

table 3 : explain SELECT k, c FROM sbtest3 WHERE k BETWEEN 3397393 AND 3397493
	Bitmap Heap Scan on sbtest3  (cost=5.42..385.43 rows=96 width=125)
	  Recheck Cond: ((k >= 3397393) AND (k <= 3397493))
	  ->  Bitmap Index Scan on k_3  (cost=0.00..5.39 rows=96 width=0)
	        Index Cond: ((k >= 3397393) AND (k <= 3397493))

table 4 : explain SELECT k, c FROM sbtest4 WHERE k BETWEEN 3397393 AND 3397493
	Bitmap Heap Scan on sbtest4  (cost=5.44..393.31 rows=98 width=125)
	  Recheck Cond: ((k >= 3397393) AND (k <= 3397493))
	  ->  Bitmap Index Scan on k_4  (cost=0.00..5.42 rows=98 width=0)
	        Index Cond: ((k >= 3397393) AND (k <= 3397493))

table 5 : explain SELECT k, c FROM sbtest5 WHERE k BETWEEN 3397393 AND 3397493
	Bitmap Heap Scan on sbtest5  (cost=5.31..342.06 rows=85 width=125)
	  Recheck Cond: ((k >= 3397393) AND (k <= 3397493))
	  ->  Bitmap Index Scan on k_5  (cost=0.00..5.28 rows=85 width=0)
	        Index Cond: ((k >= 3397393) AND (k <= 3397493))

table 6 : explain SELECT k, c FROM sbtest6 WHERE k BETWEEN 3397393 AND 3397493
	Bitmap Heap Scan on sbtest6  (cost=5.38..369.67 rows=92 width=125)
	  Recheck Cond: ((k >= 3397393) AND (k <= 3397493))
	  ->  Bitmap Index Scan on k_6  (cost=0.00..5.35 rows=92 width=0)
	        Index Cond: ((k >= 3397393) AND (k <= 3397493))

table 7 : explain SELECT k, c FROM sbtest7 WHERE k BETWEEN 3397393 AND 3397493
	Bitmap Heap Scan on sbtest7  (cost=5.51..420.88 rows=105 width=125)
	  Recheck Cond: ((k >= 3397393) AND (k <= 3397493))
	  ->  Bitmap Index Scan on k_7  (cost=0.00..5.48 rows=105 width=0)
	        Index Cond: ((k >= 3397393) AND (k <= 3397493))

table 8 : explain SELECT k, c FROM sbtest8 WHERE k BETWEEN 3397393 AND 3397493
	Bitmap Heap Scan on sbtest8  (cost=5.41..381.49 rows=95 width=125)
	  Recheck Cond: ((k >= 3397393) AND (k <= 3397493))
	  ->  Bitmap Index Scan on k_8  (cost=0.00..5.38 rows=95 width=0)
	        Index Cond: ((k >= 3397393) AND (k <= 3397493))

explain: for range-notcovered :: explain SELECT k, c FROM sbtest%d WHERE k BETWEEN 6082356 AND 6082456
explain: for range-notcovered :: explain SELECT k, c FROM sbtest%d WHERE k BETWEEN 8417946 AND 8418046
explain: for range-notcovered :: explain SELECT k, c FROM sbtest%d WHERE k BETWEEN 3397393 AND 3397493
for range-notcovered
table 1 : explain SELECT k, c FROM sbtest1 WHERE k BETWEEN 3473221 AND 3473321
	Bitmap Heap Scan on sbtest1  (cost=5.51..420.88 rows=105 width=125)
	  Recheck Cond: ((k >= 3473221) AND (k <= 3473321))
	  ->  Bitmap Index Scan on k_1  (cost=0.00..5.48 rows=105 width=0)
	        Index Cond: ((k >= 3473221) AND (k <= 3473321))

table 2 : explain SELECT k, c FROM sbtest2 WHERE k BETWEEN 3473221 AND 3473321
	Bitmap Heap Scan on sbtest2  (cost=5.54..432.69 rows=108 width=125)
	  Recheck Cond: ((k >= 3473221) AND (k <= 3473321))
	  ->  Bitmap Index Scan on k_2  (cost=0.00..5.51 rows=108 width=0)
	        Index Cond: ((k >= 3473221) AND (k <= 3473321))

table 3 : explain SELECT k, c FROM sbtest3 WHERE k BETWEEN 3473221 AND 3473321
	Bitmap Heap Scan on sbtest3  (cost=5.42..385.43 rows=96 width=125)
	  Recheck Cond: ((k >= 3473221) AND (k <= 3473321))
	  ->  Bitmap Index Scan on k_3  (cost=0.00..5.39 rows=96 width=0)
	        Index Cond: ((k >= 3473221) AND (k <= 3473321))

table 4 : explain SELECT k, c FROM sbtest4 WHERE k BETWEEN 3473221 AND 3473321
	Bitmap Heap Scan on sbtest4  (cost=5.39..373.61 rows=93 width=125)
	  Recheck Cond: ((k >= 3473221) AND (k <= 3473321))
	  ->  Bitmap Index Scan on k_4  (cost=0.00..5.36 rows=93 width=0)
	        Index Cond: ((k >= 3473221) AND (k <= 3473321))

table 5 : explain SELECT k, c FROM sbtest5 WHERE k BETWEEN 3473221 AND 3473321
	Bitmap Heap Scan on sbtest5  (cost=5.31..342.06 rows=85 width=125)
	  Recheck Cond: ((k >= 3473221) AND (k <= 3473321))
	  ->  Bitmap Index Scan on k_5  (cost=0.00..5.28 rows=85 width=0)
	        Index Cond: ((k >= 3473221) AND (k <= 3473321))

table 6 : explain SELECT k, c FROM sbtest6 WHERE k BETWEEN 3473221 AND 3473321
	Bitmap Heap Scan on sbtest6  (cost=5.38..369.67 rows=92 width=125)
	  Recheck Cond: ((k >= 3473221) AND (k <= 3473321))
	  ->  Bitmap Index Scan on k_6  (cost=0.00..5.35 rows=92 width=0)
	        Index Cond: ((k >= 3473221) AND (k <= 3473321))

table 7 : explain SELECT k, c FROM sbtest7 WHERE k BETWEEN 3473221 AND 3473321
	Bitmap Heap Scan on sbtest7  (cost=5.51..420.88 rows=105 width=125)
	  Recheck Cond: ((k >= 3473221) AND (k <= 3473321))
	  ->  Bitmap Index Scan on k_7  (cost=0.00..5.48 rows=105 width=0)
	        Index Cond: ((k >= 3473221) AND (k <= 3473321))

table 8 : explain SELECT k, c FROM sbtest8 WHERE k BETWEEN 3473221 AND 3473321
	Bitmap Heap Scan on sbtest8  (cost=5.44..393.31 rows=98 width=125)
	  Recheck Cond: ((k >= 3473221) AND (k <= 3473321))
	  ->  Bitmap Index Scan on k_8  (cost=0.00..5.42 rows=98 width=0)
	        Index Cond: ((k >= 3473221) AND (k <= 3473321))

explain: for range-notcovered :: explain SELECT k, c FROM sbtest%d WHERE k BETWEEN 3473221 AND 3473321
for range-notcovered
table 1 : explain SELECT k, c FROM sbtest1 WHERE k BETWEEN 8417946 AND 8418046
	Bitmap Heap Scan on sbtest1  (cost=5.50..416.94 rows=104 width=125)
	  Recheck Cond: ((k >= 8417946) AND (k <= 8418046))
	  ->  Bitmap Index Scan on k_1  (cost=0.00..5.47 rows=104 width=0)
	        Index Cond: ((k >= 8417946) AND (k <= 8418046))

table 2 : explain SELECT k, c FROM sbtest2 WHERE k BETWEEN 8417946 AND 8418046
	Bitmap Heap Scan on sbtest2  (cost=5.48..409.07 rows=102 width=125)
	  Recheck Cond: ((k >= 8417946) AND (k <= 8418046))
	  ->  Bitmap Index Scan on k_2  (cost=0.00..5.45 rows=102 width=0)
	        Index Cond: ((k >= 8417946) AND (k <= 8418046))

table 3 : explain SELECT k, c FROM sbtest3 WHERE k BETWEEN 8417946 AND 8418046
	Bitmap Heap Scan on sbtest3  (cost=5.49..413.00 rows=103 width=125)
	  Recheck Cond: ((k >= 8417946) AND (k <= 8418046))
	  ->  Bitmap Index Scan on k_3  (cost=0.00..5.46 rows=103 width=0)
	        Index Cond: ((k >= 8417946) AND (k <= 8418046))

table 4 : explain SELECT k, c FROM sbtest4 WHERE k BETWEEN 8417946 AND 8418046
	Bitmap Heap Scan on sbtest4  (cost=5.53..428.75 rows=107 width=125)
	  Recheck Cond: ((k >= 8417946) AND (k <= 8418046))
	  ->  Bitmap Index Scan on k_4  (cost=0.00..5.50 rows=107 width=0)
	        Index Cond: ((k >= 8417946) AND (k <= 8418046))

table 5 : explain SELECT k, c FROM sbtest5 WHERE k BETWEEN 8417946 AND 8418046
	Bitmap Heap Scan on sbtest5  (cost=5.60..456.29 rows=114 width=125)
	  Recheck Cond: ((k >= 8417946) AND (k <= 8418046))
	  ->  Bitmap Index Scan on k_5  (cost=0.00..5.58 rows=114 width=0)
	        Index Cond: ((k >= 8417946) AND (k <= 8418046))

table 6 : explain SELECT k, c FROM sbtest6 WHERE k BETWEEN 8417946 AND 8418046
	Bitmap Heap Scan on sbtest6  (cost=5.43..389.37 rows=97 width=125)
	  Recheck Cond: ((k >= 8417946) AND (k <= 8418046))
	  ->  Bitmap Index Scan on k_6  (cost=0.00..5.40 rows=97 width=0)
	        Index Cond: ((k >= 8417946) AND (k <= 8418046))

table 7 : explain SELECT k, c FROM sbtest7 WHERE k BETWEEN 8417946 AND 8418046
	Bitmap Heap Scan on sbtest7  (cost=5.54..432.69 rows=108 width=125)
	  Recheck Cond: ((k >= 8417946) AND (k <= 8418046))
	  ->  Bitmap Index Scan on k_7  (cost=0.00..5.51 rows=108 width=0)
	        Index Cond: ((k >= 8417946) AND (k <= 8418046))

table 8 : explain SELECT k, c FROM sbtest8 WHERE k BETWEEN 8417946 AND 8418046
	Bitmap Heap Scan on sbtest8  (cost=5.39..373.61 rows=93 width=125)
	  Recheck Cond: ((k >= 8417946) AND (k <= 8418046))
	  ->  Bitmap Index Scan on k_8  (cost=0.00..5.36 rows=93 width=0)
	        Index Cond: ((k >= 8417946) AND (k <= 8418046))

for range-notcovered
table 1 : explain SELECT k, c FROM sbtest1 WHERE k BETWEEN 3397393 AND 3397493
	Bitmap Heap Scan on sbtest1  (cost=5.51..420.88 rows=105 width=125)
	  Recheck Cond: ((k >= 3397393) AND (k <= 3397493))
	  ->  Bitmap Index Scan on k_1  (cost=0.00..5.48 rows=105 width=0)
	        Index Cond: ((k >= 3397393) AND (k <= 3397493))

table 2 : explain SELECT k, c FROM sbtest2 WHERE k BETWEEN 3397393 AND 3397493
	Bitmap Heap Scan on sbtest2  (cost=5.41..381.49 rows=95 width=125)
	  Recheck Cond: ((k >= 3397393) AND (k <= 3397493))
	  ->  Bitmap Index Scan on k_2  (cost=0.00..5.38 rows=95 width=0)
	        Index Cond: ((k >= 3397393) AND (k <= 3397493))

table 3 : explain SELECT k, c FROM sbtest3 WHERE k BETWEEN 3397393 AND 3397493
	Bitmap Heap Scan on sbtest3  (cost=5.42..385.43 rows=96 width=125)
	  Recheck Cond: ((k >= 3397393) AND (k <= 3397493))
	  ->  Bitmap Index Scan on k_3  (cost=0.00..5.39 rows=96 width=0)
	        Index Cond: ((k >= 3397393) AND (k <= 3397493))

table 4 : explain SELECT k, c FROM sbtest4 WHERE k BETWEEN 3397393 AND 3397493
	Bitmap Heap Scan on sbtest4  (cost=5.44..393.31 rows=98 width=125)
	  Recheck Cond: ((k >= 3397393) AND (k <= 3397493))
	  ->  Bitmap Index Scan on k_4  (cost=0.00..5.42 rows=98 width=0)
	        Index Cond: ((k >= 3397393) AND (k <= 3397493))

table 5 : explain SELECT k, c FROM sbtest5 WHERE k BETWEEN 3397393 AND 3397493
	Bitmap Heap Scan on sbtest5  (cost=5.31..342.06 rows=85 width=125)
	  Recheck Cond: ((k >= 3397393) AND (k <= 3397493))
	  ->  Bitmap Index Scan on k_5  (cost=0.00..5.28 rows=85 width=0)
	        Index Cond: ((k >= 3397393) AND (k <= 3397493))

table 6 : explain SELECT k, c FROM sbtest6 WHERE k BETWEEN 3397393 AND 3397493
	Bitmap Heap Scan on sbtest6  (cost=5.38..369.67 rows=92 width=125)
	  Recheck Cond: ((k >= 3397393) AND (k <= 3397493))
	  ->  Bitmap Index Scan on k_6  (cost=0.00..5.35 rows=92 width=0)
	        Index Cond: ((k >= 3397393) AND (k <= 3397493))

table 7 : explain SELECT k, c FROM sbtest7 WHERE k BETWEEN 3397393 AND 3397493
	Bitmap Heap Scan on sbtest7  (cost=5.51..420.88 rows=105 width=125)
	  Recheck Cond: ((k >= 3397393) AND (k <= 3397493))
	  ->  Bitmap Index Scan on k_7  (cost=0.00..5.48 rows=105 width=0)
	        Index Cond: ((k >= 3397393) AND (k <= 3397493))

table 8 : explain SELECT k, c FROM sbtest8 WHERE k BETWEEN 3397393 AND 3397493
	Bitmap Heap Scan on sbtest8  (cost=5.41..381.49 rows=95 width=125)
	  Recheck Cond: ((k >= 3397393) AND (k <= 3397493))
	  ->  Bitmap Index Scan on k_8  (cost=0.00..5.38 rows=95 width=0)
	        Index Cond: ((k >= 3397393) AND (k <= 3397493))

for range-notcovered
table 1 : explain SELECT k, c FROM sbtest1 WHERE k BETWEEN 6082356 AND 6082456
	Bitmap Heap Scan on sbtest1  (cost=5.40..377.55 rows=94 width=125)
	  Recheck Cond: ((k >= 6082356) AND (k <= 6082456))
	  ->  Bitmap Index Scan on k_1  (cost=0.00..5.38 rows=94 width=0)
	        Index Cond: ((k >= 6082356) AND (k <= 6082456))

table 2 : explain SELECT k, c FROM sbtest2 WHERE k BETWEEN 6082356 AND 6082456
	Bitmap Heap Scan on sbtest2  (cost=5.47..405.13 rows=101 width=125)
	  Recheck Cond: ((k >= 6082356) AND (k <= 6082456))
	  ->  Bitmap Index Scan on k_2  (cost=0.00..5.44 rows=101 width=0)
	        Index Cond: ((k >= 6082356) AND (k <= 6082456))

table 3 : explain SELECT k, c FROM sbtest3 WHERE k BETWEEN 6082356 AND 6082456
	Bitmap Heap Scan on sbtest3  (cost=5.49..413.00 rows=103 width=125)
	  Recheck Cond: ((k >= 6082356) AND (k <= 6082456))
	  ->  Bitmap Index Scan on k_3  (cost=0.00..5.46 rows=103 width=0)
	        Index Cond: ((k >= 6082356) AND (k <= 6082456))

table 4 : explain SELECT k, c FROM sbtest4 WHERE k BETWEEN 6082356 AND 6082456
	Bitmap Heap Scan on sbtest4  (cost=5.56..440.56 rows=110 width=125)
	  Recheck Cond: ((k >= 6082356) AND (k <= 6082456))
	  ->  Bitmap Index Scan on k_4  (cost=0.00..5.53 rows=110 width=0)
	        Index Cond: ((k >= 6082356) AND (k <= 6082456))

table 5 : explain SELECT k, c FROM sbtest5 WHERE k BETWEEN 6082356 AND 6082456
	Bitmap Heap Scan on sbtest5  (cost=5.43..389.37 rows=97 width=125)
	  Recheck Cond: ((k >= 6082356) AND (k <= 6082456))
	  ->  Bitmap Index Scan on k_5  (cost=0.00..5.40 rows=97 width=0)
	        Index Cond: ((k >= 6082356) AND (k <= 6082456))

table 6 : explain SELECT k, c FROM sbtest6 WHERE k BETWEEN 6082356 AND 6082456
	Bitmap Heap Scan on sbtest6  (cost=5.41..381.49 rows=95 width=125)
	  Recheck Cond: ((k >= 6082356) AND (k <= 6082456))
	  ->  Bitmap Index Scan on k_6  (cost=0.00..5.38 rows=95 width=0)
	        Index Cond: ((k >= 6082356) AND (k <= 6082456))

table 7 : explain SELECT k, c FROM sbtest7 WHERE k BETWEEN 6082356 AND 6082456
	Bitmap Heap Scan on sbtest7  (cost=5.51..420.88 rows=105 width=125)
	  Recheck Cond: ((k >= 6082356) AND (k <= 6082456))
	  ->  Bitmap Index Scan on k_7  (cost=0.00..5.48 rows=105 width=0)
	        Index Cond: ((k >= 6082356) AND (k <= 6082456))

table 8 : explain SELECT k, c FROM sbtest8 WHERE k BETWEEN 6082356 AND 6082456
	Bitmap Heap Scan on sbtest8  (cost=5.44..393.31 rows=98 width=125)
	  Recheck Cond: ((k >= 6082356) AND (k <= 6082456))
	  ->  Bitmap Index Scan on k_8  (cost=0.00..5.42 rows=98 width=0)
	        Index Cond: ((k >= 6082356) AND (k <= 6082456))

explain: for range-notcovered :: explain SELECT k, c FROM sbtest%d WHERE k BETWEEN 3397393 AND 3397493
explain: for range-notcovered :: explain SELECT k, c FROM sbtest%d WHERE k BETWEEN 6082356 AND 6082456
for range-notcovered
table 1 : explain SELECT k, c FROM sbtest1 WHERE k BETWEEN 3473221 AND 3473321
	Bitmap Heap Scan on sbtest1  (cost=5.51..420.88 rows=105 width=125)
	  Recheck Cond: ((k >= 3473221) AND (k <= 3473321))
	  ->  Bitmap Index Scan on k_1  (cost=0.00..5.48 rows=105 width=0)
	        Index Cond: ((k >= 3473221) AND (k <= 3473321))

table 2 : explain SELECT k, c FROM sbtest2 WHERE k BETWEEN 3473221 AND 3473321
	Bitmap Heap Scan on sbtest2  (cost=5.54..432.69 rows=108 width=125)
	  Recheck Cond: ((k >= 3473221) AND (k <= 3473321))
	  ->  Bitmap Index Scan on k_2  (cost=0.00..5.51 rows=108 width=0)
	        Index Cond: ((k >= 3473221) AND (k <= 3473321))

table 3 : explain SELECT k, c FROM sbtest3 WHERE k BETWEEN 3473221 AND 3473321
	Bitmap Heap Scan on sbtest3  (cost=5.42..385.43 rows=96 width=125)
	  Recheck Cond: ((k >= 3473221) AND (k <= 3473321))
	  ->  Bitmap Index Scan on k_3  (cost=0.00..5.39 rows=96 width=0)
	        Index Cond: ((k >= 3473221) AND (k <= 3473321))

table 4 : explain SELECT k, c FROM sbtest4 WHERE k BETWEEN 3473221 AND 3473321
	Bitmap Heap Scan on sbtest4  (cost=5.39..373.61 rows=93 width=125)
	  Recheck Cond: ((k >= 3473221) AND (k <= 3473321))
	  ->  Bitmap Index Scan on k_4  (cost=0.00..5.36 rows=93 width=0)
	        Index Cond: ((k >= 3473221) AND (k <= 3473321))

table 5 : explain SELECT k, c FROM sbtest5 WHERE k BETWEEN 3473221 AND 3473321
	Bitmap Heap Scan on sbtest5  (cost=5.31..342.06 rows=85 width=125)
	  Recheck Cond: ((k >= 3473221) AND (k <= 3473321))
	  ->  Bitmap Index Scan on k_5  (cost=0.00..5.28 rows=85 width=0)
	        Index Cond: ((k >= 3473221) AND (k <= 3473321))

table 6 : explain SELECT k, c FROM sbtest6 WHERE k BETWEEN 3473221 AND 3473321
	Bitmap Heap Scan on sbtest6  (cost=5.38..369.67 rows=92 width=125)
	  Recheck Cond: ((k >= 3473221) AND (k <= 3473321))
	  ->  Bitmap Index Scan on k_6  (cost=0.00..5.35 rows=92 width=0)
	        Index Cond: ((k >= 3473221) AND (k <= 3473321))

table 7 : explain SELECT k, c FROM sbtest7 WHERE k BETWEEN 3473221 AND 3473321
	Bitmap Heap Scan on sbtest7  (cost=5.51..420.88 rows=105 width=125)
	  Recheck Cond: ((k >= 3473221) AND (k <= 3473321))
	  ->  Bitmap Index Scan on k_7  (cost=0.00..5.48 rows=105 width=0)
	        Index Cond: ((k >= 3473221) AND (k <= 3473321))

table 8 : explain SELECT k, c FROM sbtest8 WHERE k BETWEEN 3473221 AND 3473321
	Bitmap Heap Scan on sbtest8  (cost=5.44..393.31 rows=98 width=125)
	  Recheck Cond: ((k >= 3473221) AND (k <= 3473321))
	  ->  Bitmap Index Scan on k_8  (cost=0.00..5.42 rows=98 width=0)
	        Index Cond: ((k >= 3473221) AND (k <= 3473321))

explain: for range-notcovered :: explain SELECT k, c FROM sbtest%d WHERE k BETWEEN 6488464 AND 6488564
for range-notcovered
table 1 : explain SELECT k, c FROM sbtest1 WHERE k BETWEEN 4327463 AND 4327563
	Bitmap Heap Scan on sbtest1  (cost=5.57..444.49 rows=111 width=125)
	  Recheck Cond: ((k >= 4327463) AND (k <= 4327563))
	  ->  Bitmap Index Scan on k_1  (cost=0.00..5.54 rows=111 width=0)
	        Index Cond: ((k >= 4327463) AND (k <= 4327563))

table 2 : explain SELECT k, c FROM sbtest2 WHERE k BETWEEN 4327463 AND 4327563
	Bitmap Heap Scan on sbtest2  (cost=5.42..385.43 rows=96 width=125)
	  Recheck Cond: ((k >= 4327463) AND (k <= 4327563))
	  ->  Bitmap Index Scan on k_2  (cost=0.00..5.39 rows=96 width=0)
	        Index Cond: ((k >= 4327463) AND (k <= 4327563))

table 3 : explain SELECT k, c FROM sbtest3 WHERE k BETWEEN 4327463 AND 4327563
	Bitmap Heap Scan on sbtest3  (cost=5.59..452.36 rows=113 width=125)
	  Recheck Cond: ((k >= 4327463) AND (k <= 4327563))
	  ->  Bitmap Index Scan on k_3  (cost=0.00..5.56 rows=113 width=0)
	        Index Cond: ((k >= 4327463) AND (k <= 4327563))

table 4 : explain SELECT k, c FROM sbtest4 WHERE k BETWEEN 4327463 AND 4327563
	Bitmap Heap Scan on sbtest4  (cost=5.46..401.19 rows=100 width=125)
	  Recheck Cond: ((k >= 4327463) AND (k <= 4327563))
	  ->  Bitmap Index Scan on k_4  (cost=0.00..5.43 rows=100 width=0)
	        Index Cond: ((k >= 4327463) AND (k <= 4327563))

table 5 : explain SELECT k, c FROM sbtest5 WHERE k BETWEEN 4327463 AND 4327563
	Bitmap Heap Scan on sbtest5  (cost=5.39..373.61 rows=93 width=125)
	  Recheck Cond: ((k >= 4327463) AND (k <= 4327563))
	  ->  Bitmap Index Scan on k_5  (cost=0.00..5.36 rows=93 width=0)
	        Index Cond: ((k >= 4327463) AND (k <= 4327563))

table 6 : explain SELECT k, c FROM sbtest6 WHERE k BETWEEN 4327463 AND 4327563
	Bitmap Heap Scan on sbtest6  (cost=5.51..420.88 rows=105 width=125)
	  Recheck Cond: ((k >= 4327463) AND (k <= 4327563))
	  ->  Bitmap Index Scan on k_6  (cost=0.00..5.48 rows=105 width=0)
	        Index Cond: ((k >= 4327463) AND (k <= 4327563))

table 7 : explain SELECT k, c FROM sbtest7 WHERE k BETWEEN 4327463 AND 4327563
	Bitmap Heap Scan on sbtest7  (cost=5.43..389.37 rows=97 width=125)
	  Recheck Cond: ((k >= 4327463) AND (k <= 4327563))
	  ->  Bitmap Index Scan on k_7  (cost=0.00..5.40 rows=97 width=0)
	        Index Cond: ((k >= 4327463) AND (k <= 4327563))

table 8 : explain SELECT k, c FROM sbtest8 WHERE k BETWEEN 4327463 AND 4327563
	Bitmap Heap Scan on sbtest8  (cost=5.60..456.29 rows=114 width=125)
	  Recheck Cond: ((k >= 4327463) AND (k <= 4327563))
	  ->  Bitmap Index Scan on k_8  (cost=0.00..5.58 rows=114 width=0)
	        Index Cond: ((k >= 4327463) AND (k <= 4327563))

for range-notcovered
table 1 : explain SELECT k, c FROM sbtest1 WHERE k BETWEEN 3397393 AND 3397493
	Bitmap Heap Scan on sbtest1  (cost=5.51..420.88 rows=105 width=125)
	  Recheck Cond: ((k >= 3397393) AND (k <= 3397493))
	  ->  Bitmap Index Scan on k_1  (cost=0.00..5.48 rows=105 width=0)
	        Index Cond: ((k >= 3397393) AND (k <= 3397493))

table 2 : explain SELECT k, c FROM sbtest2 WHERE k BETWEEN 3397393 AND 3397493
	Bitmap Heap Scan on sbtest2  (cost=5.41..381.49 rows=95 width=125)
	  Recheck Cond: ((k >= 3397393) AND (k <= 3397493))
	  ->  Bitmap Index Scan on k_2  (cost=0.00..5.38 rows=95 width=0)
	        Index Cond: ((k >= 3397393) AND (k <= 3397493))

table 3 : explain SELECT k, c FROM sbtest3 WHERE k BETWEEN 3397393 AND 3397493
	Bitmap Heap Scan on sbtest3  (cost=5.42..385.43 rows=96 width=125)
	  Recheck Cond: ((k >= 3397393) AND (k <= 3397493))
	  ->  Bitmap Index Scan on k_3  (cost=0.00..5.39 rows=96 width=0)
	        Index Cond: ((k >= 3397393) AND (k <= 3397493))

table 4 : explain SELECT k, c FROM sbtest4 WHERE k BETWEEN 3397393 AND 3397493
	Bitmap Heap Scan on sbtest4  (cost=5.44..393.31 rows=98 width=125)
	  Recheck Cond: ((k >= 3397393) AND (k <= 3397493))
	  ->  Bitmap Index Scan on k_4  (cost=0.00..5.42 rows=98 width=0)
	        Index Cond: ((k >= 3397393) AND (k <= 3397493))

table 5 : explain SELECT k, c FROM sbtest5 WHERE k BETWEEN 3397393 AND 3397493
	Bitmap Heap Scan on sbtest5  (cost=5.31..342.06 rows=85 width=125)
	  Recheck Cond: ((k >= 3397393) AND (k <= 3397493))
	  ->  Bitmap Index Scan on k_5  (cost=0.00..5.28 rows=85 width=0)
	        Index Cond: ((k >= 3397393) AND (k <= 3397493))

table 6 : explain SELECT k, c FROM sbtest6 WHERE k BETWEEN 3397393 AND 3397493
	Bitmap Heap Scan on sbtest6  (cost=5.38..369.67 rows=92 width=125)
	  Recheck Cond: ((k >= 3397393) AND (k <= 3397493))
	  ->  Bitmap Index Scan on k_6  (cost=0.00..5.35 rows=92 width=0)
	        Index Cond: ((k >= 3397393) AND (k <= 3397493))

table 7 : explain SELECT k, c FROM sbtest7 WHERE k BETWEEN 3397393 AND 3397493
	Bitmap Heap Scan on sbtest7  (cost=5.51..420.88 rows=105 width=125)
	  Recheck Cond: ((k >= 3397393) AND (k <= 3397493))
	  ->  Bitmap Index Scan on k_7  (cost=0.00..5.48 rows=105 width=0)
	        Index Cond: ((k >= 3397393) AND (k <= 3397493))

table 8 : explain SELECT k, c FROM sbtest8 WHERE k BETWEEN 3397393 AND 3397493
	Bitmap Heap Scan on sbtest8  (cost=5.41..381.49 rows=95 width=125)
	  Recheck Cond: ((k >= 3397393) AND (k <= 3397493))
	  ->  Bitmap Index Scan on k_8  (cost=0.00..5.38 rows=95 width=0)
	        Index Cond: ((k >= 3397393) AND (k <= 3397493))

explain: for range-notcovered :: explain SELECT k, c FROM sbtest%d WHERE k BETWEEN 4327463 AND 4327563
for range-notcovered
table 1 : explain SELECT k, c FROM sbtest1 WHERE k BETWEEN 5625145 AND 5625245
	Bitmap Heap Scan on sbtest1  (cost=5.46..401.19 rows=100 width=125)
	  Recheck Cond: ((k >= 5625145) AND (k <= 5625245))
	  ->  Bitmap Index Scan on k_1  (cost=0.00..5.43 rows=100 width=0)
	        Index Cond: ((k >= 5625145) AND (k <= 5625245))

table 2 : explain SELECT k, c FROM sbtest2 WHERE k BETWEEN 5625145 AND 5625245
	Bitmap Heap Scan on sbtest2  (cost=5.43..389.37 rows=97 width=125)
	  Recheck Cond: ((k >= 5625145) AND (k <= 5625245))
	  ->  Bitmap Index Scan on k_2  (cost=0.00..5.40 rows=97 width=0)
	        Index Cond: ((k >= 5625145) AND (k <= 5625245))

table 3 : explain SELECT k, c FROM sbtest3 WHERE k BETWEEN 5625145 AND 5625245
	Bitmap Heap Scan on sbtest3  (cost=5.51..420.88 rows=105 width=125)
	  Recheck Cond: ((k >= 5625145) AND (k <= 5625245))
	  ->  Bitmap Index Scan on k_3  (cost=0.00..5.48 rows=105 width=0)
	        Index Cond: ((k >= 5625145) AND (k <= 5625245))

table 4 : explain SELECT k, c FROM sbtest4 WHERE k BETWEEN 5625145 AND 5625245
	Bitmap Heap Scan on sbtest4  (cost=5.52..424.81 rows=106 width=125)
	  Recheck Cond: ((k >= 5625145) AND (k <= 5625245))
	  ->  Bitmap Index Scan on k_4  (cost=0.00..5.50 rows=106 width=0)
	        Index Cond: ((k >= 5625145) AND (k <= 5625245))

table 5 : explain SELECT k, c FROM sbtest5 WHERE k BETWEEN 5625145 AND 5625245
	Bitmap Heap Scan on sbtest5  (cost=5.51..420.88 rows=105 width=125)
	  Recheck Cond: ((k >= 5625145) AND (k <= 5625245))
	  ->  Bitmap Index Scan on k_5  (cost=0.00..5.48 rows=105 width=0)
	        Index Cond: ((k >= 5625145) AND (k <= 5625245))

table 6 : explain SELECT k, c FROM sbtest6 WHERE k BETWEEN 5625145 AND 5625245
	Bitmap Heap Scan on sbtest6  (cost=5.44..393.31 rows=98 width=125)
	  Recheck Cond: ((k >= 5625145) AND (k <= 5625245))
	  ->  Bitmap Index Scan on k_6  (cost=0.00..5.42 rows=98 width=0)
	        Index Cond: ((k >= 5625145) AND (k <= 5625245))

table 7 : explain SELECT k, c FROM sbtest7 WHERE k BETWEEN 5625145 AND 5625245
	Bitmap Heap Scan on sbtest7  (cost=5.65..475.95 rows=119 width=125)
	  Recheck Cond: ((k >= 5625145) AND (k <= 5625245))
	  ->  Bitmap Index Scan on k_7  (cost=0.00..5.62 rows=119 width=0)
	        Index Cond: ((k >= 5625145) AND (k <= 5625245))

table 8 : explain SELECT k, c FROM sbtest8 WHERE k BETWEEN 5625145 AND 5625245
	Bitmap Heap Scan on sbtest8  (cost=5.60..456.29 rows=114 width=125)
	  Recheck Cond: ((k >= 5625145) AND (k <= 5625245))
	  ->  Bitmap Index Scan on k_8  (cost=0.00..5.58 rows=114 width=0)
	        Index Cond: ((k >= 5625145) AND (k <= 5625245))

explain: for range-notcovered :: explain SELECT k, c FROM sbtest%d WHERE k BETWEEN 4275057 AND 4275157
explain: for range-notcovered :: explain SELECT k, c FROM sbtest%d WHERE k BETWEEN 4235777 AND 4235877
explain: for range-notcovered :: explain SELECT k, c FROM sbtest%d WHERE k BETWEEN 5625145 AND 5625245
explain: for range-notcovered :: explain SELECT k, c FROM sbtest%d WHERE k BETWEEN 3473221 AND 3473321
explain: for range-notcovered :: explain SELECT k, c FROM sbtest%d WHERE k BETWEEN 3397393 AND 3397493
explain: for range-notcovered :: explain SELECT k, c FROM sbtest%d WHERE k BETWEEN 8417946 AND 8418046
for range-notcovered
table 1 : explain SELECT k, c FROM sbtest1 WHERE k BETWEEN 5625145 AND 5625245
	Bitmap Heap Scan on sbtest1  (cost=5.46..401.19 rows=100 width=125)
	  Recheck Cond: ((k >= 5625145) AND (k <= 5625245))
	  ->  Bitmap Index Scan on k_1  (cost=0.00..5.43 rows=100 width=0)
	        Index Cond: ((k >= 5625145) AND (k <= 5625245))

table 2 : explain SELECT k, c FROM sbtest2 WHERE k BETWEEN 5625145 AND 5625245
	Bitmap Heap Scan on sbtest2  (cost=5.43..389.37 rows=97 width=125)
	  Recheck Cond: ((k >= 5625145) AND (k <= 5625245))
	  ->  Bitmap Index Scan on k_2  (cost=0.00..5.40 rows=97 width=0)
	        Index Cond: ((k >= 5625145) AND (k <= 5625245))

table 3 : explain SELECT k, c FROM sbtest3 WHERE k BETWEEN 5625145 AND 5625245
	Bitmap Heap Scan on sbtest3  (cost=5.51..420.88 rows=105 width=125)
	  Recheck Cond: ((k >= 5625145) AND (k <= 5625245))
	  ->  Bitmap Index Scan on k_3  (cost=0.00..5.48 rows=105 width=0)
	        Index Cond: ((k >= 5625145) AND (k <= 5625245))

table 4 : explain SELECT k, c FROM sbtest4 WHERE k BETWEEN 5625145 AND 5625245
	Bitmap Heap Scan on sbtest4  (cost=5.52..424.81 rows=106 width=125)
	  Recheck Cond: ((k >= 5625145) AND (k <= 5625245))
	  ->  Bitmap Index Scan on k_4  (cost=0.00..5.50 rows=106 width=0)
	        Index Cond: ((k >= 5625145) AND (k <= 5625245))

table 5 : explain SELECT k, c FROM sbtest5 WHERE k BETWEEN 5625145 AND 5625245
	Bitmap Heap Scan on sbtest5  (cost=5.51..420.88 rows=105 width=125)
	  Recheck Cond: ((k >= 5625145) AND (k <= 5625245))
	  ->  Bitmap Index Scan on k_5  (cost=0.00..5.48 rows=105 width=0)
	        Index Cond: ((k >= 5625145) AND (k <= 5625245))

table 6 : explain SELECT k, c FROM sbtest6 WHERE k BETWEEN 5625145 AND 5625245
	Bitmap Heap Scan on sbtest6  (cost=5.44..393.31 rows=98 width=125)
	  Recheck Cond: ((k >= 5625145) AND (k <= 5625245))
	  ->  Bitmap Index Scan on k_6  (cost=0.00..5.42 rows=98 width=0)
	        Index Cond: ((k >= 5625145) AND (k <= 5625245))

table 7 : explain SELECT k, c FROM sbtest7 WHERE k BETWEEN 5625145 AND 5625245
	Bitmap Heap Scan on sbtest7  (cost=5.65..475.95 rows=119 width=125)
	  Recheck Cond: ((k >= 5625145) AND (k <= 5625245))
	  ->  Bitmap Index Scan on k_7  (cost=0.00..5.62 rows=119 width=0)
	        Index Cond: ((k >= 5625145) AND (k <= 5625245))

table 8 : explain SELECT k, c FROM sbtest8 WHERE k BETWEEN 5625145 AND 5625245
	Bitmap Heap Scan on sbtest8  (cost=5.60..456.29 rows=114 width=125)
	  Recheck Cond: ((k >= 5625145) AND (k <= 5625245))
	  ->  Bitmap Index Scan on k_8  (cost=0.00..5.58 rows=114 width=0)
	        Index Cond: ((k >= 5625145) AND (k <= 5625245))

for range-notcovered
table 1 : explain SELECT k, c FROM sbtest1 WHERE k BETWEEN 3473221 AND 3473321
	Bitmap Heap Scan on sbtest1  (cost=5.51..420.88 rows=105 width=125)
	  Recheck Cond: ((k >= 3473221) AND (k <= 3473321))
	  ->  Bitmap Index Scan on k_1  (cost=0.00..5.48 rows=105 width=0)
	        Index Cond: ((k >= 3473221) AND (k <= 3473321))

table 2 : explain SELECT k, c FROM sbtest2 WHERE k BETWEEN 3473221 AND 3473321
	Bitmap Heap Scan on sbtest2  (cost=5.54..432.69 rows=108 width=125)
	  Recheck Cond: ((k >= 3473221) AND (k <= 3473321))
	  ->  Bitmap Index Scan on k_2  (cost=0.00..5.51 rows=108 width=0)
	        Index Cond: ((k >= 3473221) AND (k <= 3473321))

table 3 : explain SELECT k, c FROM sbtest3 WHERE k BETWEEN 3473221 AND 3473321
	Bitmap Heap Scan on sbtest3  (cost=5.42..385.43 rows=96 width=125)
	  Recheck Cond: ((k >= 3473221) AND (k <= 3473321))
	  ->  Bitmap Index Scan on k_3  (cost=0.00..5.39 rows=96 width=0)
	        Index Cond: ((k >= 3473221) AND (k <= 3473321))

table 4 : explain SELECT k, c FROM sbtest4 WHERE k BETWEEN 3473221 AND 3473321
	Bitmap Heap Scan on sbtest4  (cost=5.39..373.61 rows=93 width=125)
	  Recheck Cond: ((k >= 3473221) AND (k <= 3473321))
	  ->  Bitmap Index Scan on k_4  (cost=0.00..5.36 rows=93 width=0)
	        Index Cond: ((k >= 3473221) AND (k <= 3473321))

table 5 : explain SELECT k, c FROM sbtest5 WHERE k BETWEEN 3473221 AND 3473321
	Bitmap Heap Scan on sbtest5  (cost=5.31..342.06 rows=85 width=125)
	  Recheck Cond: ((k >= 3473221) AND (k <= 3473321))
	  ->  Bitmap Index Scan on k_5  (cost=0.00..5.28 rows=85 width=0)
	        Index Cond: ((k >= 3473221) AND (k <= 3473321))

table 6 : explain SELECT k, c FROM sbtest6 WHERE k BETWEEN 3473221 AND 3473321
	Bitmap Heap Scan on sbtest6  (cost=5.38..369.67 rows=92 width=125)
	  Recheck Cond: ((k >= 3473221) AND (k <= 3473321))
	  ->  Bitmap Index Scan on k_6  (cost=0.00..5.35 rows=92 width=0)
	        Index Cond: ((k >= 3473221) AND (k <= 3473321))

table 7 : explain SELECT k, c FROM sbtest7 WHERE k BETWEEN 3473221 AND 3473321
	Bitmap Heap Scan on sbtest7  (cost=5.51..420.88 rows=105 width=125)
	  Recheck Cond: ((k >= 3473221) AND (k <= 3473321))
	  ->  Bitmap Index Scan on k_7  (cost=0.00..5.48 rows=105 width=0)
	        Index Cond: ((k >= 3473221) AND (k <= 3473321))

table 8 : explain SELECT k, c FROM sbtest8 WHERE k BETWEEN 3473221 AND 3473321
	Bitmap Heap Scan on sbtest8  (cost=5.44..393.31 rows=98 width=125)
	  Recheck Cond: ((k >= 3473221) AND (k <= 3473321))
	  ->  Bitmap Index Scan on k_8  (cost=0.00..5.42 rows=98 width=0)
	        Index Cond: ((k >= 3473221) AND (k <= 3473321))

explain: for range-notcovered :: explain SELECT k, c FROM sbtest%d WHERE k BETWEEN 3473221 AND 3473321
for range-notcovered
table 1 : explain SELECT k, c FROM sbtest1 WHERE k BETWEEN 3397393 AND 3397493
	Bitmap Heap Scan on sbtest1  (cost=5.51..420.88 rows=105 width=125)
	  Recheck Cond: ((k >= 3397393) AND (k <= 3397493))
	  ->  Bitmap Index Scan on k_1  (cost=0.00..5.48 rows=105 width=0)
	        Index Cond: ((k >= 3397393) AND (k <= 3397493))

table 2 : explain SELECT k, c FROM sbtest2 WHERE k BETWEEN 3397393 AND 3397493
	Bitmap Heap Scan on sbtest2  (cost=5.41..381.49 rows=95 width=125)
	  Recheck Cond: ((k >= 3397393) AND (k <= 3397493))
	  ->  Bitmap Index Scan on k_2  (cost=0.00..5.38 rows=95 width=0)
	        Index Cond: ((k >= 3397393) AND (k <= 3397493))

table 3 : explain SELECT k, c FROM sbtest3 WHERE k BETWEEN 3397393 AND 3397493
	Bitmap Heap Scan on sbtest3  (cost=5.42..385.43 rows=96 width=125)
	  Recheck Cond: ((k >= 3397393) AND (k <= 3397493))
	  ->  Bitmap Index Scan on k_3  (cost=0.00..5.39 rows=96 width=0)
	        Index Cond: ((k >= 3397393) AND (k <= 3397493))

table 4 : explain SELECT k, c FROM sbtest4 WHERE k BETWEEN 3397393 AND 3397493
	Bitmap Heap Scan on sbtest4  (cost=5.44..393.31 rows=98 width=125)
	  Recheck Cond: ((k >= 3397393) AND (k <= 3397493))
	  ->  Bitmap Index Scan on k_4  (cost=0.00..5.42 rows=98 width=0)
	        Index Cond: ((k >= 3397393) AND (k <= 3397493))

table 5 : explain SELECT k, c FROM sbtest5 WHERE k BETWEEN 3397393 AND 3397493
	Bitmap Heap Scan on sbtest5  (cost=5.31..342.06 rows=85 width=125)
	  Recheck Cond: ((k >= 3397393) AND (k <= 3397493))
	  ->  Bitmap Index Scan on k_5  (cost=0.00..5.28 rows=85 width=0)
	        Index Cond: ((k >= 3397393) AND (k <= 3397493))

table 6 : explain SELECT k, c FROM sbtest6 WHERE k BETWEEN 3397393 AND 3397493
	Bitmap Heap Scan on sbtest6  (cost=5.38..369.67 rows=92 width=125)
	  Recheck Cond: ((k >= 3397393) AND (k <= 3397493))
	  ->  Bitmap Index Scan on k_6  (cost=0.00..5.35 rows=92 width=0)
	        Index Cond: ((k >= 3397393) AND (k <= 3397493))

table 7 : explain SELECT k, c FROM sbtest7 WHERE k BETWEEN 3397393 AND 3397493
	Bitmap Heap Scan on sbtest7  (cost=5.51..420.88 rows=105 width=125)
	  Recheck Cond: ((k >= 3397393) AND (k <= 3397493))
	  ->  Bitmap Index Scan on k_7  (cost=0.00..5.48 rows=105 width=0)
	        Index Cond: ((k >= 3397393) AND (k <= 3397493))

table 8 : explain SELECT k, c FROM sbtest8 WHERE k BETWEEN 3397393 AND 3397493
	Bitmap Heap Scan on sbtest8  (cost=5.41..381.49 rows=95 width=125)
	  Recheck Cond: ((k >= 3397393) AND (k <= 3397493))
	  ->  Bitmap Index Scan on k_8  (cost=0.00..5.38 rows=95 width=0)
	        Index Cond: ((k >= 3397393) AND (k <= 3397493))

for range-notcovered
table 1 : explain SELECT k, c FROM sbtest1 WHERE k BETWEEN 8417946 AND 8418046
	Bitmap Heap Scan on sbtest1  (cost=5.50..416.94 rows=104 width=125)
	  Recheck Cond: ((k >= 8417946) AND (k <= 8418046))
	  ->  Bitmap Index Scan on k_1  (cost=0.00..5.47 rows=104 width=0)
	        Index Cond: ((k >= 8417946) AND (k <= 8418046))

table 2 : explain SELECT k, c FROM sbtest2 WHERE k BETWEEN 8417946 AND 8418046
	Bitmap Heap Scan on sbtest2  (cost=5.48..409.07 rows=102 width=125)
	  Recheck Cond: ((k >= 8417946) AND (k <= 8418046))
	  ->  Bitmap Index Scan on k_2  (cost=0.00..5.45 rows=102 width=0)
	        Index Cond: ((k >= 8417946) AND (k <= 8418046))

table 3 : explain SELECT k, c FROM sbtest3 WHERE k BETWEEN 8417946 AND 8418046
	Bitmap Heap Scan on sbtest3  (cost=5.49..413.00 rows=103 width=125)
	  Recheck Cond: ((k >= 8417946) AND (k <= 8418046))
	  ->  Bitmap Index Scan on k_3  (cost=0.00..5.46 rows=103 width=0)
	        Index Cond: ((k >= 8417946) AND (k <= 8418046))

table 4 : explain SELECT k, c FROM sbtest4 WHERE k BETWEEN 8417946 AND 8418046
	Bitmap Heap Scan on sbtest4  (cost=5.53..428.75 rows=107 width=125)
	  Recheck Cond: ((k >= 8417946) AND (k <= 8418046))
	  ->  Bitmap Index Scan on k_4  (cost=0.00..5.50 rows=107 width=0)
	        Index Cond: ((k >= 8417946) AND (k <= 8418046))

table 5 : explain SELECT k, c FROM sbtest5 WHERE k BETWEEN 8417946 AND 8418046
	Bitmap Heap Scan on sbtest5  (cost=5.60..456.29 rows=114 width=125)
	  Recheck Cond: ((k >= 8417946) AND (k <= 8418046))
	  ->  Bitmap Index Scan on k_5  (cost=0.00..5.58 rows=114 width=0)
	        Index Cond: ((k >= 8417946) AND (k <= 8418046))

table 6 : explain SELECT k, c FROM sbtest6 WHERE k BETWEEN 8417946 AND 8418046
	Bitmap Heap Scan on sbtest6  (cost=5.43..389.37 rows=97 width=125)
	  Recheck Cond: ((k >= 8417946) AND (k <= 8418046))
	  ->  Bitmap Index Scan on k_6  (cost=0.00..5.40 rows=97 width=0)
	        Index Cond: ((k >= 8417946) AND (k <= 8418046))

table 7 : explain SELECT k, c FROM sbtest7 WHERE k BETWEEN 8417946 AND 8418046
	Bitmap Heap Scan on sbtest7  (cost=5.54..432.69 rows=108 width=125)
	  Recheck Cond: ((k >= 8417946) AND (k <= 8418046))
	  ->  Bitmap Index Scan on k_7  (cost=0.00..5.51 rows=108 width=0)
	        Index Cond: ((k >= 8417946) AND (k <= 8418046))

table 8 : explain SELECT k, c FROM sbtest8 WHERE k BETWEEN 8417946 AND 8418046
	Bitmap Heap Scan on sbtest8  (cost=5.39..373.61 rows=93 width=125)
	  Recheck Cond: ((k >= 8417946) AND (k <= 8418046))
	  ->  Bitmap Index Scan on k_8  (cost=0.00..5.36 rows=93 width=0)
	        Index Cond: ((k >= 8417946) AND (k <= 8418046))

explain: for range-notcovered :: explain SELECT k, c FROM sbtest%d WHERE k BETWEEN 3397393 AND 3397493
explain: for range-notcovered :: explain SELECT k, c FROM sbtest%d WHERE k BETWEEN 8417946 AND 8418046
for range-notcovered
table 1 : explain SELECT k, c FROM sbtest1 WHERE k BETWEEN 6082356 AND 6082456
	Bitmap Heap Scan on sbtest1  (cost=5.40..377.55 rows=94 width=125)
	  Recheck Cond: ((k >= 6082356) AND (k <= 6082456))
	  ->  Bitmap Index Scan on k_1  (cost=0.00..5.38 rows=94 width=0)
	        Index Cond: ((k >= 6082356) AND (k <= 6082456))

table 2 : explain SELECT k, c FROM sbtest2 WHERE k BETWEEN 6082356 AND 6082456
	Bitmap Heap Scan on sbtest2  (cost=5.47..405.13 rows=101 width=125)
	  Recheck Cond: ((k >= 6082356) AND (k <= 6082456))
	  ->  Bitmap Index Scan on k_2  (cost=0.00..5.44 rows=101 width=0)
	        Index Cond: ((k >= 6082356) AND (k <= 6082456))

table 3 : explain SELECT k, c FROM sbtest3 WHERE k BETWEEN 6082356 AND 6082456
	Bitmap Heap Scan on sbtest3  (cost=5.49..413.00 rows=103 width=125)
	  Recheck Cond: ((k >= 6082356) AND (k <= 6082456))
	  ->  Bitmap Index Scan on k_3  (cost=0.00..5.46 rows=103 width=0)
	        Index Cond: ((k >= 6082356) AND (k <= 6082456))

table 4 : explain SELECT k, c FROM sbtest4 WHERE k BETWEEN 6082356 AND 6082456
	Bitmap Heap Scan on sbtest4  (cost=5.56..440.56 rows=110 width=125)
	  Recheck Cond: ((k >= 6082356) AND (k <= 6082456))
	  ->  Bitmap Index Scan on k_4  (cost=0.00..5.53 rows=110 width=0)
	        Index Cond: ((k >= 6082356) AND (k <= 6082456))

table 5 : explain SELECT k, c FROM sbtest5 WHERE k BETWEEN 6082356 AND 6082456
	Bitmap Heap Scan on sbtest5  (cost=5.43..389.37 rows=97 width=125)
	  Recheck Cond: ((k >= 6082356) AND (k <= 6082456))
	  ->  Bitmap Index Scan on k_5  (cost=0.00..5.40 rows=97 width=0)
	        Index Cond: ((k >= 6082356) AND (k <= 6082456))

table 6 : explain SELECT k, c FROM sbtest6 WHERE k BETWEEN 6082356 AND 6082456
	Bitmap Heap Scan on sbtest6  (cost=5.41..381.49 rows=95 width=125)
	  Recheck Cond: ((k >= 6082356) AND (k <= 6082456))
	  ->  Bitmap Index Scan on k_6  (cost=0.00..5.38 rows=95 width=0)
	        Index Cond: ((k >= 6082356) AND (k <= 6082456))

table 7 : explain SELECT k, c FROM sbtest7 WHERE k BETWEEN 6082356 AND 6082456
	Bitmap Heap Scan on sbtest7  (cost=5.51..420.88 rows=105 width=125)
	  Recheck Cond: ((k >= 6082356) AND (k <= 6082456))
	  ->  Bitmap Index Scan on k_7  (cost=0.00..5.48 rows=105 width=0)
	        Index Cond: ((k >= 6082356) AND (k <= 6082456))

table 8 : explain SELECT k, c FROM sbtest8 WHERE k BETWEEN 6082356 AND 6082456
	Bitmap Heap Scan on sbtest8  (cost=5.44..393.31 rows=98 width=125)
	  Recheck Cond: ((k >= 6082356) AND (k <= 6082456))
	  ->  Bitmap Index Scan on k_8  (cost=0.00..5.42 rows=98 width=0)
	        Index Cond: ((k >= 6082356) AND (k <= 6082456))

for range-notcovered
table 1 : explain SELECT k, c FROM sbtest1 WHERE k BETWEEN 4327463 AND 4327563
	Bitmap Heap Scan on sbtest1  (cost=5.57..444.49 rows=111 width=125)
	  Recheck Cond: ((k >= 4327463) AND (k <= 4327563))
	  ->  Bitmap Index Scan on k_1  (cost=0.00..5.54 rows=111 width=0)
	        Index Cond: ((k >= 4327463) AND (k <= 4327563))

table 2 : explain SELECT k, c FROM sbtest2 WHERE k BETWEEN 4327463 AND 4327563
	Bitmap Heap Scan on sbtest2  (cost=5.42..385.43 rows=96 width=125)
	  Recheck Cond: ((k >= 4327463) AND (k <= 4327563))
	  ->  Bitmap Index Scan on k_2  (cost=0.00..5.39 rows=96 width=0)
	        Index Cond: ((k >= 4327463) AND (k <= 4327563))

table 3 : explain SELECT k, c FROM sbtest3 WHERE k BETWEEN 4327463 AND 4327563
	Bitmap Heap Scan on sbtest3  (cost=5.59..452.36 rows=113 width=125)
	  Recheck Cond: ((k >= 4327463) AND (k <= 4327563))
	  ->  Bitmap Index Scan on k_3  (cost=0.00..5.56 rows=113 width=0)
	        Index Cond: ((k >= 4327463) AND (k <= 4327563))

table 4 : explain SELECT k, c FROM sbtest4 WHERE k BETWEEN 4327463 AND 4327563
	Bitmap Heap Scan on sbtest4  (cost=5.46..401.19 rows=100 width=125)
	  Recheck Cond: ((k >= 4327463) AND (k <= 4327563))
	  ->  Bitmap Index Scan on k_4  (cost=0.00..5.43 rows=100 width=0)
	        Index Cond: ((k >= 4327463) AND (k <= 4327563))

table 5 : explain SELECT k, c FROM sbtest5 WHERE k BETWEEN 4327463 AND 4327563
	Bitmap Heap Scan on sbtest5  (cost=5.39..373.61 rows=93 width=125)
	  Recheck Cond: ((k >= 4327463) AND (k <= 4327563))
	  ->  Bitmap Index Scan on k_5  (cost=0.00..5.36 rows=93 width=0)
	        Index Cond: ((k >= 4327463) AND (k <= 4327563))

table 6 : explain SELECT k, c FROM sbtest6 WHERE k BETWEEN 4327463 AND 4327563
	Bitmap Heap Scan on sbtest6  (cost=5.51..420.88 rows=105 width=125)
	  Recheck Cond: ((k >= 4327463) AND (k <= 4327563))
	  ->  Bitmap Index Scan on k_6  (cost=0.00..5.48 rows=105 width=0)
	        Index Cond: ((k >= 4327463) AND (k <= 4327563))

table 7 : explain SELECT k, c FROM sbtest7 WHERE k BETWEEN 4327463 AND 4327563
	Bitmap Heap Scan on sbtest7  (cost=5.43..389.37 rows=97 width=125)
	  Recheck Cond: ((k >= 4327463) AND (k <= 4327563))
	  ->  Bitmap Index Scan on k_7  (cost=0.00..5.40 rows=97 width=0)
	        Index Cond: ((k >= 4327463) AND (k <= 4327563))

table 8 : explain SELECT k, c FROM sbtest8 WHERE k BETWEEN 4327463 AND 4327563
	Bitmap Heap Scan on sbtest8  (cost=5.60..456.29 rows=114 width=125)
	  Recheck Cond: ((k >= 4327463) AND (k <= 4327563))
	  ->  Bitmap Index Scan on k_8  (cost=0.00..5.58 rows=114 width=0)
	        Index Cond: ((k >= 4327463) AND (k <= 4327563))

explain: for range-notcovered :: explain SELECT k, c FROM sbtest%d WHERE k BETWEEN 4254971 AND 4255071
for range-notcovered
table 1 : explain SELECT k, c FROM sbtest1 WHERE k BETWEEN 8417946 AND 8418046
	Bitmap Heap Scan on sbtest1  (cost=5.50..416.94 rows=104 width=125)
	  Recheck Cond: ((k >= 8417946) AND (k <= 8418046))
	  ->  Bitmap Index Scan on k_1  (cost=0.00..5.47 rows=104 width=0)
	        Index Cond: ((k >= 8417946) AND (k <= 8418046))

table 2 : explain SELECT k, c FROM sbtest2 WHERE k BETWEEN 8417946 AND 8418046
	Bitmap Heap Scan on sbtest2  (cost=5.48..409.07 rows=102 width=125)
	  Recheck Cond: ((k >= 8417946) AND (k <= 8418046))
	  ->  Bitmap Index Scan on k_2  (cost=0.00..5.45 rows=102 width=0)
	        Index Cond: ((k >= 8417946) AND (k <= 8418046))

table 3 : explain SELECT k, c FROM sbtest3 WHERE k BETWEEN 8417946 AND 8418046
	Bitmap Heap Scan on sbtest3  (cost=5.49..413.00 rows=103 width=125)
	  Recheck Cond: ((k >= 8417946) AND (k <= 8418046))
	  ->  Bitmap Index Scan on k_3  (cost=0.00..5.46 rows=103 width=0)
	        Index Cond: ((k >= 8417946) AND (k <= 8418046))

table 4 : explain SELECT k, c FROM sbtest4 WHERE k BETWEEN 8417946 AND 8418046
	Bitmap Heap Scan on sbtest4  (cost=5.53..428.75 rows=107 width=125)
	  Recheck Cond: ((k >= 8417946) AND (k <= 8418046))
	  ->  Bitmap Index Scan on k_4  (cost=0.00..5.50 rows=107 width=0)
	        Index Cond: ((k >= 8417946) AND (k <= 8418046))

table 5 : explain SELECT k, c FROM sbtest5 WHERE k BETWEEN 8417946 AND 8418046
	Bitmap Heap Scan on sbtest5  (cost=5.60..456.29 rows=114 width=125)
	  Recheck Cond: ((k >= 8417946) AND (k <= 8418046))
	  ->  Bitmap Index Scan on k_5  (cost=0.00..5.58 rows=114 width=0)
	        Index Cond: ((k >= 8417946) AND (k <= 8418046))

table 6 : explain SELECT k, c FROM sbtest6 WHERE k BETWEEN 8417946 AND 8418046
	Bitmap Heap Scan on sbtest6  (cost=5.43..389.37 rows=97 width=125)
	  Recheck Cond: ((k >= 8417946) AND (k <= 8418046))
	  ->  Bitmap Index Scan on k_6  (cost=0.00..5.40 rows=97 width=0)
	        Index Cond: ((k >= 8417946) AND (k <= 8418046))

table 7 : explain SELECT k, c FROM sbtest7 WHERE k BETWEEN 8417946 AND 8418046
	Bitmap Heap Scan on sbtest7  (cost=5.54..432.69 rows=108 width=125)
	  Recheck Cond: ((k >= 8417946) AND (k <= 8418046))
	  ->  Bitmap Index Scan on k_7  (cost=0.00..5.51 rows=108 width=0)
	        Index Cond: ((k >= 8417946) AND (k <= 8418046))

table 8 : explain SELECT k, c FROM sbtest8 WHERE k BETWEEN 8417946 AND 8418046
	Bitmap Heap Scan on sbtest8  (cost=5.39..373.61 rows=93 width=125)
	  Recheck Cond: ((k >= 8417946) AND (k <= 8418046))
	  ->  Bitmap Index Scan on k_8  (cost=0.00..5.36 rows=93 width=0)
	        Index Cond: ((k >= 8417946) AND (k <= 8418046))

for range-notcovered
table 1 : explain SELECT k, c FROM sbtest1 WHERE k BETWEEN 3397393 AND 3397493
	Bitmap Heap Scan on sbtest1  (cost=5.51..420.88 rows=105 width=125)
	  Recheck Cond: ((k >= 3397393) AND (k <= 3397493))
	  ->  Bitmap Index Scan on k_1  (cost=0.00..5.48 rows=105 width=0)
	        Index Cond: ((k >= 3397393) AND (k <= 3397493))

table 2 : explain SELECT k, c FROM sbtest2 WHERE k BETWEEN 3397393 AND 3397493
	Bitmap Heap Scan on sbtest2  (cost=5.41..381.49 rows=95 width=125)
	  Recheck Cond: ((k >= 3397393) AND (k <= 3397493))
	  ->  Bitmap Index Scan on k_2  (cost=0.00..5.38 rows=95 width=0)
	        Index Cond: ((k >= 3397393) AND (k <= 3397493))

table 3 : explain SELECT k, c FROM sbtest3 WHERE k BETWEEN 3397393 AND 3397493
	Bitmap Heap Scan on sbtest3  (cost=5.42..385.43 rows=96 width=125)
	  Recheck Cond: ((k >= 3397393) AND (k <= 3397493))
	  ->  Bitmap Index Scan on k_3  (cost=0.00..5.39 rows=96 width=0)
	        Index Cond: ((k >= 3397393) AND (k <= 3397493))

table 4 : explain SELECT k, c FROM sbtest4 WHERE k BETWEEN 3397393 AND 3397493
	Bitmap Heap Scan on sbtest4  (cost=5.44..393.31 rows=98 width=125)
	  Recheck Cond: ((k >= 3397393) AND (k <= 3397493))
	  ->  Bitmap Index Scan on k_4  (cost=0.00..5.42 rows=98 width=0)
	        Index Cond: ((k >= 3397393) AND (k <= 3397493))

table 5 : explain SELECT k, c FROM sbtest5 WHERE k BETWEEN 3397393 AND 3397493
	Bitmap Heap Scan on sbtest5  (cost=5.31..342.06 rows=85 width=125)
	  Recheck Cond: ((k >= 3397393) AND (k <= 3397493))
	  ->  Bitmap Index Scan on k_5  (cost=0.00..5.28 rows=85 width=0)
	        Index Cond: ((k >= 3397393) AND (k <= 3397493))

table 6 : explain SELECT k, c FROM sbtest6 WHERE k BETWEEN 3397393 AND 3397493
	Bitmap Heap Scan on sbtest6  (cost=5.38..369.67 rows=92 width=125)
	  Recheck Cond: ((k >= 3397393) AND (k <= 3397493))
	  ->  Bitmap Index Scan on k_6  (cost=0.00..5.35 rows=92 width=0)
	        Index Cond: ((k >= 3397393) AND (k <= 3397493))

table 7 : explain SELECT k, c FROM sbtest7 WHERE k BETWEEN 3397393 AND 3397493
	Bitmap Heap Scan on sbtest7  (cost=5.51..420.88 rows=105 width=125)
	  Recheck Cond: ((k >= 3397393) AND (k <= 3397493))
	  ->  Bitmap Index Scan on k_7  (cost=0.00..5.48 rows=105 width=0)
	        Index Cond: ((k >= 3397393) AND (k <= 3397493))

table 8 : explain SELECT k, c FROM sbtest8 WHERE k BETWEEN 3397393 AND 3397493
	Bitmap Heap Scan on sbtest8  (cost=5.41..381.49 rows=95 width=125)
	  Recheck Cond: ((k >= 3397393) AND (k <= 3397493))
	  ->  Bitmap Index Scan on k_8  (cost=0.00..5.38 rows=95 width=0)
	        Index Cond: ((k >= 3397393) AND (k <= 3397493))

for range-notcovered
table 1 : explain SELECT k, c FROM sbtest1 WHERE k BETWEEN 3473221 AND 3473321
	Bitmap Heap Scan on sbtest1  (cost=5.51..420.88 rows=105 width=125)
	  Recheck Cond: ((k >= 3473221) AND (k <= 3473321))
	  ->  Bitmap Index Scan on k_1  (cost=0.00..5.48 rows=105 width=0)
	        Index Cond: ((k >= 3473221) AND (k <= 3473321))

table 2 : explain SELECT k, c FROM sbtest2 WHERE k BETWEEN 3473221 AND 3473321
	Bitmap Heap Scan on sbtest2  (cost=5.54..432.69 rows=108 width=125)
	  Recheck Cond: ((k >= 3473221) AND (k <= 3473321))
	  ->  Bitmap Index Scan on k_2  (cost=0.00..5.51 rows=108 width=0)
	        Index Cond: ((k >= 3473221) AND (k <= 3473321))

table 3 : explain SELECT k, c FROM sbtest3 WHERE k BETWEEN 3473221 AND 3473321
	Bitmap Heap Scan on sbtest3  (cost=5.42..385.43 rows=96 width=125)
	  Recheck Cond: ((k >= 3473221) AND (k <= 3473321))
	  ->  Bitmap Index Scan on k_3  (cost=0.00..5.39 rows=96 width=0)
	        Index Cond: ((k >= 3473221) AND (k <= 3473321))

table 4 : explain SELECT k, c FROM sbtest4 WHERE k BETWEEN 3473221 AND 3473321
	Bitmap Heap Scan on sbtest4  (cost=5.39..373.61 rows=93 width=125)
	  Recheck Cond: ((k >= 3473221) AND (k <= 3473321))
	  ->  Bitmap Index Scan on k_4  (cost=0.00..5.36 rows=93 width=0)
	        Index Cond: ((k >= 3473221) AND (k <= 3473321))

table 5 : explain SELECT k, c FROM sbtest5 WHERE k BETWEEN 3473221 AND 3473321
	Bitmap Heap Scan on sbtest5  (cost=5.31..342.06 rows=85 width=125)
	  Recheck Cond: ((k >= 3473221) AND (k <= 3473321))
	  ->  Bitmap Index Scan on k_5  (cost=0.00..5.28 rows=85 width=0)
	        Index Cond: ((k >= 3473221) AND (k <= 3473321))

table 6 : explain SELECT k, c FROM sbtest6 WHERE k BETWEEN 3473221 AND 3473321
	Bitmap Heap Scan on sbtest6  (cost=5.38..369.67 rows=92 width=125)
	  Recheck Cond: ((k >= 3473221) AND (k <= 3473321))
	  ->  Bitmap Index Scan on k_6  (cost=0.00..5.35 rows=92 width=0)
	        Index Cond: ((k >= 3473221) AND (k <= 3473321))

table 7 : explain SELECT k, c FROM sbtest7 WHERE k BETWEEN 3473221 AND 3473321
	Bitmap Heap Scan on sbtest7  (cost=5.51..420.88 rows=105 width=125)
	  Recheck Cond: ((k >= 3473221) AND (k <= 3473321))
	  ->  Bitmap Index Scan on k_7  (cost=0.00..5.48 rows=105 width=0)
	        Index Cond: ((k >= 3473221) AND (k <= 3473321))

table 8 : explain SELECT k, c FROM sbtest8 WHERE k BETWEEN 3473221 AND 3473321
	Bitmap Heap Scan on sbtest8  (cost=5.44..393.31 rows=98 width=125)
	  Recheck Cond: ((k >= 3473221) AND (k <= 3473321))
	  ->  Bitmap Index Scan on k_8  (cost=0.00..5.42 rows=98 width=0)
	        Index Cond: ((k >= 3473221) AND (k <= 3473321))

explain: for range-notcovered :: explain SELECT k, c FROM sbtest%d WHERE k BETWEEN 4327463 AND 4327563
for range-notcovered
table 1 : explain SELECT k, c FROM sbtest1 WHERE k BETWEEN 7951375 AND 7951475
	Bitmap Heap Scan on sbtest1  (cost=5.48..409.07 rows=102 width=125)
	  Recheck Cond: ((k >= 7951375) AND (k <= 7951475))
	  ->  Bitmap Index Scan on k_1  (cost=0.00..5.45 rows=102 width=0)
	        Index Cond: ((k >= 7951375) AND (k <= 7951475))

table 2 : explain SELECT k, c FROM sbtest2 WHERE k BETWEEN 7951375 AND 7951475
	Bitmap Heap Scan on sbtest2  (cost=5.48..409.07 rows=102 width=125)
	  Recheck Cond: ((k >= 7951375) AND (k <= 7951475))
	  ->  Bitmap Index Scan on k_2  (cost=0.00..5.45 rows=102 width=0)
	        Index Cond: ((k >= 7951375) AND (k <= 7951475))

table 3 : explain SELECT k, c FROM sbtest3 WHERE k BETWEEN 7951375 AND 7951475
	Bitmap Heap Scan on sbtest3  (cost=5.42..385.43 rows=96 width=125)
	  Recheck Cond: ((k >= 7951375) AND (k <= 7951475))
	  ->  Bitmap Index Scan on k_3  (cost=0.00..5.39 rows=96 width=0)
	        Index Cond: ((k >= 7951375) AND (k <= 7951475))

table 4 : explain SELECT k, c FROM sbtest4 WHERE k BETWEEN 7951375 AND 7951475
	Bitmap Heap Scan on sbtest4  (cost=5.51..420.88 rows=105 width=125)
	  Recheck Cond: ((k >= 7951375) AND (k <= 7951475))
	  ->  Bitmap Index Scan on k_4  (cost=0.00..5.48 rows=105 width=0)
	        Index Cond: ((k >= 7951375) AND (k <= 7951475))

table 5 : explain SELECT k, c FROM sbtest5 WHERE k BETWEEN 7951375 AND 7951475
	Bitmap Heap Scan on sbtest5  (cost=5.49..413.00 rows=103 width=125)
	  Recheck Cond: ((k >= 7951375) AND (k <= 7951475))
	  ->  Bitmap Index Scan on k_5  (cost=0.00..5.46 rows=103 width=0)
	        Index Cond: ((k >= 7951375) AND (k <= 7951475))

table 6 : explain SELECT k, c FROM sbtest6 WHERE k BETWEEN 7951375 AND 7951475
	Bitmap Heap Scan on sbtest6  (cost=5.57..444.49 rows=111 width=125)
	  Recheck Cond: ((k >= 7951375) AND (k <= 7951475))
	  ->  Bitmap Index Scan on k_6  (cost=0.00..5.54 rows=111 width=0)
	        Index Cond: ((k >= 7951375) AND (k <= 7951475))

table 7 : explain SELECT k, c FROM sbtest7 WHERE k BETWEEN 7951375 AND 7951475
	Bitmap Heap Scan on sbtest7  (cost=5.44..393.31 rows=98 width=125)
	  Recheck Cond: ((k >= 7951375) AND (k <= 7951475))
	  ->  Bitmap Index Scan on k_7  (cost=0.00..5.42 rows=98 width=0)
	        Index Cond: ((k >= 7951375) AND (k <= 7951475))

table 8 : explain SELECT k, c FROM sbtest8 WHERE k BETWEEN 7951375 AND 7951475
	Bitmap Heap Scan on sbtest8  (cost=5.55..436.62 rows=109 width=125)
	  Recheck Cond: ((k >= 7951375) AND (k <= 7951475))
	  ->  Bitmap Index Scan on k_8  (cost=0.00..5.52 rows=109 width=0)
	        Index Cond: ((k >= 7951375) AND (k <= 7951475))

explain: for range-notcovered :: explain SELECT k, c FROM sbtest%d WHERE k BETWEEN 4137720 AND 4137820
explain: for range-notcovered :: explain SELECT k, c FROM sbtest%d WHERE k BETWEEN 7951375 AND 7951475
explain: for range-notcovered :: explain SELECT k, c FROM sbtest%d WHERE k BETWEEN 5335034 AND 5335134
explain: for range-notcovered :: explain SELECT k, c FROM sbtest%d WHERE k BETWEEN 1412515 AND 1412615
for range-notcovered
table 1 : explain SELECT k, c FROM sbtest1 WHERE k BETWEEN 7951375 AND 7951475
	Bitmap Heap Scan on sbtest1  (cost=5.48..409.07 rows=102 width=125)
	  Recheck Cond: ((k >= 7951375) AND (k <= 7951475))
	  ->  Bitmap Index Scan on k_1  (cost=0.00..5.45 rows=102 width=0)
	        Index Cond: ((k >= 7951375) AND (k <= 7951475))

table 2 : explain SELECT k, c FROM sbtest2 WHERE k BETWEEN 7951375 AND 7951475
	Bitmap Heap Scan on sbtest2  (cost=5.48..409.07 rows=102 width=125)
	  Recheck Cond: ((k >= 7951375) AND (k <= 7951475))
	  ->  Bitmap Index Scan on k_2  (cost=0.00..5.45 rows=102 width=0)
	        Index Cond: ((k >= 7951375) AND (k <= 7951475))

table 3 : explain SELECT k, c FROM sbtest3 WHERE k BETWEEN 7951375 AND 7951475
	Bitmap Heap Scan on sbtest3  (cost=5.42..385.43 rows=96 width=125)
	  Recheck Cond: ((k >= 7951375) AND (k <= 7951475))
	  ->  Bitmap Index Scan on k_3  (cost=0.00..5.39 rows=96 width=0)
	        Index Cond: ((k >= 7951375) AND (k <= 7951475))

table 4 : explain SELECT k, c FROM sbtest4 WHERE k BETWEEN 7951375 AND 7951475
	Bitmap Heap Scan on sbtest4  (cost=5.51..420.88 rows=105 width=125)
	  Recheck Cond: ((k >= 7951375) AND (k <= 7951475))
	  ->  Bitmap Index Scan on k_4  (cost=0.00..5.48 rows=105 width=0)
	        Index Cond: ((k >= 7951375) AND (k <= 7951475))

table 5 : explain SELECT k, c FROM sbtest5 WHERE k BETWEEN 7951375 AND 7951475
	Bitmap Heap Scan on sbtest5  (cost=5.49..413.00 rows=103 width=125)
	  Recheck Cond: ((k >= 7951375) AND (k <= 7951475))
	  ->  Bitmap Index Scan on k_5  (cost=0.00..5.46 rows=103 width=0)
	        Index Cond: ((k >= 7951375) AND (k <= 7951475))

table 6 : explain SELECT k, c FROM sbtest6 WHERE k BETWEEN 7951375 AND 7951475
	Bitmap Heap Scan on sbtest6  (cost=5.57..444.49 rows=111 width=125)
	  Recheck Cond: ((k >= 7951375) AND (k <= 7951475))
	  ->  Bitmap Index Scan on k_6  (cost=0.00..5.54 rows=111 width=0)
	        Index Cond: ((k >= 7951375) AND (k <= 7951475))

table 7 : explain SELECT k, c FROM sbtest7 WHERE k BETWEEN 7951375 AND 7951475
	Bitmap Heap Scan on sbtest7  (cost=5.44..393.31 rows=98 width=125)
	  Recheck Cond: ((k >= 7951375) AND (k <= 7951475))
	  ->  Bitmap Index Scan on k_7  (cost=0.00..5.42 rows=98 width=0)
	        Index Cond: ((k >= 7951375) AND (k <= 7951475))

table 8 : explain SELECT k, c FROM sbtest8 WHERE k BETWEEN 7951375 AND 7951475
	Bitmap Heap Scan on sbtest8  (cost=5.55..436.62 rows=109 width=125)
	  Recheck Cond: ((k >= 7951375) AND (k <= 7951475))
	  ->  Bitmap Index Scan on k_8  (cost=0.00..5.52 rows=109 width=0)
	        Index Cond: ((k >= 7951375) AND (k <= 7951475))

explain: for range-notcovered :: explain SELECT k, c FROM sbtest%d WHERE k BETWEEN 7951375 AND 7951475
explain: for range-notcovered :: explain SELECT k, c FROM sbtest%d WHERE k BETWEEN 1664006 AND 1664106
explain: for range-notcovered :: explain SELECT k, c FROM sbtest%d WHERE k BETWEEN 6536390 AND 6536490
for range-notcovered
table 1 : explain SELECT k, c FROM sbtest1 WHERE k BETWEEN 7951375 AND 7951475
	Bitmap Heap Scan on sbtest1  (cost=5.48..409.07 rows=102 width=125)
	  Recheck Cond: ((k >= 7951375) AND (k <= 7951475))
	  ->  Bitmap Index Scan on k_1  (cost=0.00..5.45 rows=102 width=0)
	        Index Cond: ((k >= 7951375) AND (k <= 7951475))

table 2 : explain SELECT k, c FROM sbtest2 WHERE k BETWEEN 7951375 AND 7951475
	Bitmap Heap Scan on sbtest2  (cost=5.48..409.07 rows=102 width=125)
	  Recheck Cond: ((k >= 7951375) AND (k <= 7951475))
	  ->  Bitmap Index Scan on k_2  (cost=0.00..5.45 rows=102 width=0)
	        Index Cond: ((k >= 7951375) AND (k <= 7951475))

table 3 : explain SELECT k, c FROM sbtest3 WHERE k BETWEEN 7951375 AND 7951475
	Bitmap Heap Scan on sbtest3  (cost=5.42..385.43 rows=96 width=125)
	  Recheck Cond: ((k >= 7951375) AND (k <= 7951475))
	  ->  Bitmap Index Scan on k_3  (cost=0.00..5.39 rows=96 width=0)
	        Index Cond: ((k >= 7951375) AND (k <= 7951475))

table 4 : explain SELECT k, c FROM sbtest4 WHERE k BETWEEN 7951375 AND 7951475
	Bitmap Heap Scan on sbtest4  (cost=5.51..420.88 rows=105 width=125)
	  Recheck Cond: ((k >= 7951375) AND (k <= 7951475))
	  ->  Bitmap Index Scan on k_4  (cost=0.00..5.48 rows=105 width=0)
	        Index Cond: ((k >= 7951375) AND (k <= 7951475))

table 5 : explain SELECT k, c FROM sbtest5 WHERE k BETWEEN 7951375 AND 7951475
	Bitmap Heap Scan on sbtest5  (cost=5.49..413.00 rows=103 width=125)
	  Recheck Cond: ((k >= 7951375) AND (k <= 7951475))
	  ->  Bitmap Index Scan on k_5  (cost=0.00..5.46 rows=103 width=0)
	        Index Cond: ((k >= 7951375) AND (k <= 7951475))

table 6 : explain SELECT k, c FROM sbtest6 WHERE k BETWEEN 7951375 AND 7951475
	Bitmap Heap Scan on sbtest6  (cost=5.57..444.49 rows=111 width=125)
	  Recheck Cond: ((k >= 7951375) AND (k <= 7951475))
	  ->  Bitmap Index Scan on k_6  (cost=0.00..5.54 rows=111 width=0)
	        Index Cond: ((k >= 7951375) AND (k <= 7951475))

table 7 : explain SELECT k, c FROM sbtest7 WHERE k BETWEEN 7951375 AND 7951475
	Bitmap Heap Scan on sbtest7  (cost=5.44..393.31 rows=98 width=125)
	  Recheck Cond: ((k >= 7951375) AND (k <= 7951475))
	  ->  Bitmap Index Scan on k_7  (cost=0.00..5.42 rows=98 width=0)
	        Index Cond: ((k >= 7951375) AND (k <= 7951475))

table 8 : explain SELECT k, c FROM sbtest8 WHERE k BETWEEN 7951375 AND 7951475
	Bitmap Heap Scan on sbtest8  (cost=5.55..436.62 rows=109 width=125)
	  Recheck Cond: ((k >= 7951375) AND (k <= 7951475))
	  ->  Bitmap Index Scan on k_8  (cost=0.00..5.52 rows=109 width=0)
	        Index Cond: ((k >= 7951375) AND (k <= 7951475))

explain: for range-notcovered :: explain SELECT k, c FROM sbtest%d WHERE k BETWEEN 7951375 AND 7951475
explain: for range-notcovered :: explain SELECT k, c FROM sbtest%d WHERE k BETWEEN 7019269 AND 7019369
for range-notcovered
table 1 : explain SELECT k, c FROM sbtest1 WHERE k BETWEEN 4327463 AND 4327563
	Bitmap Heap Scan on sbtest1  (cost=5.57..444.49 rows=111 width=125)
	  Recheck Cond: ((k >= 4327463) AND (k <= 4327563))
	  ->  Bitmap Index Scan on k_1  (cost=0.00..5.54 rows=111 width=0)
	        Index Cond: ((k >= 4327463) AND (k <= 4327563))

table 2 : explain SELECT k, c FROM sbtest2 WHERE k BETWEEN 4327463 AND 4327563
	Bitmap Heap Scan on sbtest2  (cost=5.42..385.43 rows=96 width=125)
	  Recheck Cond: ((k >= 4327463) AND (k <= 4327563))
	  ->  Bitmap Index Scan on k_2  (cost=0.00..5.39 rows=96 width=0)
	        Index Cond: ((k >= 4327463) AND (k <= 4327563))

table 3 : explain SELECT k, c FROM sbtest3 WHERE k BETWEEN 4327463 AND 4327563
	Bitmap Heap Scan on sbtest3  (cost=5.59..452.36 rows=113 width=125)
	  Recheck Cond: ((k >= 4327463) AND (k <= 4327563))
	  ->  Bitmap Index Scan on k_3  (cost=0.00..5.56 rows=113 width=0)
	        Index Cond: ((k >= 4327463) AND (k <= 4327563))

table 4 : explain SELECT k, c FROM sbtest4 WHERE k BETWEEN 4327463 AND 4327563
	Bitmap Heap Scan on sbtest4  (cost=5.46..401.19 rows=100 width=125)
	  Recheck Cond: ((k >= 4327463) AND (k <= 4327563))
	  ->  Bitmap Index Scan on k_4  (cost=0.00..5.43 rows=100 width=0)
	        Index Cond: ((k >= 4327463) AND (k <= 4327563))

table 5 : explain SELECT k, c FROM sbtest5 WHERE k BETWEEN 4327463 AND 4327563
	Bitmap Heap Scan on sbtest5  (cost=5.39..373.61 rows=93 width=125)
	  Recheck Cond: ((k >= 4327463) AND (k <= 4327563))
	  ->  Bitmap Index Scan on k_5  (cost=0.00..5.36 rows=93 width=0)
	        Index Cond: ((k >= 4327463) AND (k <= 4327563))

table 6 : explain SELECT k, c FROM sbtest6 WHERE k BETWEEN 4327463 AND 4327563
	Bitmap Heap Scan on sbtest6  (cost=5.51..420.88 rows=105 width=125)
	  Recheck Cond: ((k >= 4327463) AND (k <= 4327563))
	  ->  Bitmap Index Scan on k_6  (cost=0.00..5.48 rows=105 width=0)
	        Index Cond: ((k >= 4327463) AND (k <= 4327563))

table 7 : explain SELECT k, c FROM sbtest7 WHERE k BETWEEN 4327463 AND 4327563
	Bitmap Heap Scan on sbtest7  (cost=5.43..389.37 rows=97 width=125)
	  Recheck Cond: ((k >= 4327463) AND (k <= 4327563))
	  ->  Bitmap Index Scan on k_7  (cost=0.00..5.40 rows=97 width=0)
	        Index Cond: ((k >= 4327463) AND (k <= 4327563))

table 8 : explain SELECT k, c FROM sbtest8 WHERE k BETWEEN 4327463 AND 4327563
	Bitmap Heap Scan on sbtest8  (cost=5.60..456.29 rows=114 width=125)
	  Recheck Cond: ((k >= 4327463) AND (k <= 4327563))
	  ->  Bitmap Index Scan on k_8  (cost=0.00..5.58 rows=114 width=0)
	        Index Cond: ((k >= 4327463) AND (k <= 4327563))

for range-notcovered
table 1 : explain SELECT k, c FROM sbtest1 WHERE k BETWEEN 4254971 AND 4255071
	Bitmap Heap Scan on sbtest1  (cost=5.47..405.13 rows=101 width=125)
	  Recheck Cond: ((k >= 4254971) AND (k <= 4255071))
	  ->  Bitmap Index Scan on k_1  (cost=0.00..5.44 rows=101 width=0)
	        Index Cond: ((k >= 4254971) AND (k <= 4255071))

table 2 : explain SELECT k, c FROM sbtest2 WHERE k BETWEEN 4254971 AND 4255071
	Bitmap Heap Scan on sbtest2  (cost=5.48..409.07 rows=102 width=125)
	  Recheck Cond: ((k >= 4254971) AND (k <= 4255071))
	  ->  Bitmap Index Scan on k_2  (cost=0.00..5.45 rows=102 width=0)
	        Index Cond: ((k >= 4254971) AND (k <= 4255071))

table 3 : explain SELECT k, c FROM sbtest3 WHERE k BETWEEN 4254971 AND 4255071
	Bitmap Heap Scan on sbtest3  (cost=5.46..401.19 rows=100 width=125)
	  Recheck Cond: ((k >= 4254971) AND (k <= 4255071))
	  ->  Bitmap Index Scan on k_3  (cost=0.00..5.43 rows=100 width=0)
	        Index Cond: ((k >= 4254971) AND (k <= 4255071))

table 4 : explain SELECT k, c FROM sbtest4 WHERE k BETWEEN 4254971 AND 4255071
	Bitmap Heap Scan on sbtest4  (cost=5.42..385.43 rows=96 width=125)
	  Recheck Cond: ((k >= 4254971) AND (k <= 4255071))
	  ->  Bitmap Index Scan on k_4  (cost=0.00..5.39 rows=96 width=0)
	        Index Cond: ((k >= 4254971) AND (k <= 4255071))

table 5 : explain SELECT k, c FROM sbtest5 WHERE k BETWEEN 4254971 AND 4255071
	Bitmap Heap Scan on sbtest5  (cost=5.48..409.07 rows=102 width=125)
	  Recheck Cond: ((k >= 4254971) AND (k <= 4255071))
	  ->  Bitmap Index Scan on k_5  (cost=0.00..5.45 rows=102 width=0)
	        Index Cond: ((k >= 4254971) AND (k <= 4255071))

table 6 : explain SELECT k, c FROM sbtest6 WHERE k BETWEEN 4254971 AND 4255071
	Bitmap Heap Scan on sbtest6  (cost=5.44..393.31 rows=98 width=125)
	  Recheck Cond: ((k >= 4254971) AND (k <= 4255071))
	  ->  Bitmap Index Scan on k_6  (cost=0.00..5.42 rows=98 width=0)
	        Index Cond: ((k >= 4254971) AND (k <= 4255071))

table 7 : explain SELECT k, c FROM sbtest7 WHERE k BETWEEN 4254971 AND 4255071
	Bitmap Heap Scan on sbtest7  (cost=5.46..401.19 rows=100 width=125)
	  Recheck Cond: ((k >= 4254971) AND (k <= 4255071))
	  ->  Bitmap Index Scan on k_7  (cost=0.00..5.43 rows=100 width=0)
	        Index Cond: ((k >= 4254971) AND (k <= 4255071))

table 8 : explain SELECT k, c FROM sbtest8 WHERE k BETWEEN 4254971 AND 4255071
	Bitmap Heap Scan on sbtest8  (cost=5.54..432.69 rows=108 width=125)
	  Recheck Cond: ((k >= 4254971) AND (k <= 4255071))
	  ->  Bitmap Index Scan on k_8  (cost=0.00..5.51 rows=108 width=0)
	        Index Cond: ((k >= 4254971) AND (k <= 4255071))

for range-notcovered
table 1 : explain SELECT k, c FROM sbtest1 WHERE k BETWEEN 4235777 AND 4235877
	Bitmap Heap Scan on sbtest1  (cost=5.47..405.13 rows=101 width=125)
	  Recheck Cond: ((k >= 4235777) AND (k <= 4235877))
	  ->  Bitmap Index Scan on k_1  (cost=0.00..5.44 rows=101 width=0)
	        Index Cond: ((k >= 4235777) AND (k <= 4235877))

table 2 : explain SELECT k, c FROM sbtest2 WHERE k BETWEEN 4235777 AND 4235877
	Bitmap Heap Scan on sbtest2  (cost=5.48..409.07 rows=102 width=125)
	  Recheck Cond: ((k >= 4235777) AND (k <= 4235877))
	  ->  Bitmap Index Scan on k_2  (cost=0.00..5.45 rows=102 width=0)
	        Index Cond: ((k >= 4235777) AND (k <= 4235877))

table 3 : explain SELECT k, c FROM sbtest3 WHERE k BETWEEN 4235777 AND 4235877
	Bitmap Heap Scan on sbtest3  (cost=5.46..401.19 rows=100 width=125)
	  Recheck Cond: ((k >= 4235777) AND (k <= 4235877))
	  ->  Bitmap Index Scan on k_3  (cost=0.00..5.43 rows=100 width=0)
	        Index Cond: ((k >= 4235777) AND (k <= 4235877))

table 4 : explain SELECT k, c FROM sbtest4 WHERE k BETWEEN 4235777 AND 4235877
	Bitmap Heap Scan on sbtest4  (cost=5.42..385.43 rows=96 width=125)
	  Recheck Cond: ((k >= 4235777) AND (k <= 4235877))
	  ->  Bitmap Index Scan on k_4  (cost=0.00..5.39 rows=96 width=0)
	        Index Cond: ((k >= 4235777) AND (k <= 4235877))

table 5 : explain SELECT k, c FROM sbtest5 WHERE k BETWEEN 4235777 AND 4235877
	Bitmap Heap Scan on sbtest5  (cost=5.48..409.07 rows=102 width=125)
	  Recheck Cond: ((k >= 4235777) AND (k <= 4235877))
	  ->  Bitmap Index Scan on k_5  (cost=0.00..5.45 rows=102 width=0)
	        Index Cond: ((k >= 4235777) AND (k <= 4235877))

table 6 : explain SELECT k, c FROM sbtest6 WHERE k BETWEEN 4235777 AND 4235877
	Bitmap Heap Scan on sbtest6  (cost=5.44..393.31 rows=98 width=125)
	  Recheck Cond: ((k >= 4235777) AND (k <= 4235877))
	  ->  Bitmap Index Scan on k_6  (cost=0.00..5.42 rows=98 width=0)
	        Index Cond: ((k >= 4235777) AND (k <= 4235877))

table 7 : explain SELECT k, c FROM sbtest7 WHERE k BETWEEN 4235777 AND 4235877
	Bitmap Heap Scan on sbtest7  (cost=5.46..401.19 rows=100 width=125)
	  Recheck Cond: ((k >= 4235777) AND (k <= 4235877))
	  ->  Bitmap Index Scan on k_7  (cost=0.00..5.43 rows=100 width=0)
	        Index Cond: ((k >= 4235777) AND (k <= 4235877))

table 8 : explain SELECT k, c FROM sbtest8 WHERE k BETWEEN 4235777 AND 4235877
	Bitmap Heap Scan on sbtest8  (cost=5.54..432.69 rows=108 width=125)
	  Recheck Cond: ((k >= 4235777) AND (k <= 4235877))
	  ->  Bitmap Index Scan on k_8  (cost=0.00..5.51 rows=108 width=0)
	        Index Cond: ((k >= 4235777) AND (k <= 4235877))

explain: for range-notcovered :: explain SELECT k, c FROM sbtest%d WHERE k BETWEEN 4037327 AND 4037427
for range-notcovered
table 1 : explain SELECT k, c FROM sbtest1 WHERE k BETWEEN 6488464 AND 6488564
	Bitmap Heap Scan on sbtest1  (cost=5.40..377.55 rows=94 width=125)
	  Recheck Cond: ((k >= 6488464) AND (k <= 6488564))
	  ->  Bitmap Index Scan on k_1  (cost=0.00..5.38 rows=94 width=0)
	        Index Cond: ((k >= 6488464) AND (k <= 6488564))

table 2 : explain SELECT k, c FROM sbtest2 WHERE k BETWEEN 6488464 AND 6488564
	Bitmap Heap Scan on sbtest2  (cost=5.36..361.78 rows=90 width=125)
	  Recheck Cond: ((k >= 6488464) AND (k <= 6488564))
	  ->  Bitmap Index Scan on k_2  (cost=0.00..5.33 rows=90 width=0)
	        Index Cond: ((k >= 6488464) AND (k <= 6488564))

table 3 : explain SELECT k, c FROM sbtest3 WHERE k BETWEEN 6488464 AND 6488564
	Bitmap Heap Scan on sbtest3  (cost=5.57..444.49 rows=111 width=125)
	  Recheck Cond: ((k >= 6488464) AND (k <= 6488564))
	  ->  Bitmap Index Scan on k_3  (cost=0.00..5.54 rows=111 width=0)
	        Index Cond: ((k >= 6488464) AND (k <= 6488564))

table 4 : explain SELECT k, c FROM sbtest4 WHERE k BETWEEN 6488464 AND 6488564
	Bitmap Heap Scan on sbtest4  (cost=5.43..389.37 rows=97 width=125)
	  Recheck Cond: ((k >= 6488464) AND (k <= 6488564))
	  ->  Bitmap Index Scan on k_4  (cost=0.00..5.40 rows=97 width=0)
	        Index Cond: ((k >= 6488464) AND (k <= 6488564))

table 5 : explain SELECT k, c FROM sbtest5 WHERE k BETWEEN 6488464 AND 6488564
	Bitmap Heap Scan on sbtest5  (cost=5.46..401.19 rows=100 width=125)
	  Recheck Cond: ((k >= 6488464) AND (k <= 6488564))
	  ->  Bitmap Index Scan on k_5  (cost=0.00..5.43 rows=100 width=0)
	        Index Cond: ((k >= 6488464) AND (k <= 6488564))

table 6 : explain SELECT k, c FROM sbtest6 WHERE k BETWEEN 6488464 AND 6488564
	Bitmap Heap Scan on sbtest6  (cost=5.45..397.25 rows=99 width=125)
	  Recheck Cond: ((k >= 6488464) AND (k <= 6488564))
	  ->  Bitmap Index Scan on k_6  (cost=0.00..5.42 rows=99 width=0)
	        Index Cond: ((k >= 6488464) AND (k <= 6488564))

table 7 : explain SELECT k, c FROM sbtest7 WHERE k BETWEEN 6488464 AND 6488564
	Bitmap Heap Scan on sbtest7  (cost=5.47..405.13 rows=101 width=125)
	  Recheck Cond: ((k >= 6488464) AND (k <= 6488564))
	  ->  Bitmap Index Scan on k_7  (cost=0.00..5.44 rows=101 width=0)
	        Index Cond: ((k >= 6488464) AND (k <= 6488564))

table 8 : explain SELECT k, c FROM sbtest8 WHERE k BETWEEN 6488464 AND 6488564
	Bitmap Heap Scan on sbtest8  (cost=5.44..393.31 rows=98 width=125)
	  Recheck Cond: ((k >= 6488464) AND (k <= 6488564))
	  ->  Bitmap Index Scan on k_8  (cost=0.00..5.42 rows=98 width=0)
	        Index Cond: ((k >= 6488464) AND (k <= 6488564))

explain: for range-notcovered :: explain SELECT k, c FROM sbtest%d WHERE k BETWEEN 4254971 AND 4255071
explain: for range-notcovered :: explain SELECT k, c FROM sbtest%d WHERE k BETWEEN 4235777 AND 4235877
explain: for range-notcovered :: explain SELECT k, c FROM sbtest%d WHERE k BETWEEN 6488464 AND 6488564
explain: for range-notcovered :: explain SELECT k, c FROM sbtest%d WHERE k BETWEEN 4327463 AND 4327563
for range-notcovered
table 1 : explain SELECT k, c FROM sbtest1 WHERE k BETWEEN 4254971 AND 4255071
	Bitmap Heap Scan on sbtest1  (cost=5.47..405.13 rows=101 width=125)
	  Recheck Cond: ((k >= 4254971) AND (k <= 4255071))
	  ->  Bitmap Index Scan on k_1  (cost=0.00..5.44 rows=101 width=0)
	        Index Cond: ((k >= 4254971) AND (k <= 4255071))

table 2 : explain SELECT k, c FROM sbtest2 WHERE k BETWEEN 4254971 AND 4255071
	Bitmap Heap Scan on sbtest2  (cost=5.48..409.07 rows=102 width=125)
	  Recheck Cond: ((k >= 4254971) AND (k <= 4255071))
	  ->  Bitmap Index Scan on k_2  (cost=0.00..5.45 rows=102 width=0)
	        Index Cond: ((k >= 4254971) AND (k <= 4255071))

table 3 : explain SELECT k, c FROM sbtest3 WHERE k BETWEEN 4254971 AND 4255071
	Bitmap Heap Scan on sbtest3  (cost=5.46..401.19 rows=100 width=125)
	  Recheck Cond: ((k >= 4254971) AND (k <= 4255071))
	  ->  Bitmap Index Scan on k_3  (cost=0.00..5.43 rows=100 width=0)
	        Index Cond: ((k >= 4254971) AND (k <= 4255071))

table 4 : explain SELECT k, c FROM sbtest4 WHERE k BETWEEN 4254971 AND 4255071
	Bitmap Heap Scan on sbtest4  (cost=5.42..385.43 rows=96 width=125)
	  Recheck Cond: ((k >= 4254971) AND (k <= 4255071))
	  ->  Bitmap Index Scan on k_4  (cost=0.00..5.39 rows=96 width=0)
	        Index Cond: ((k >= 4254971) AND (k <= 4255071))

table 5 : explain SELECT k, c FROM sbtest5 WHERE k BETWEEN 4254971 AND 4255071
	Bitmap Heap Scan on sbtest5  (cost=5.48..409.07 rows=102 width=125)
	  Recheck Cond: ((k >= 4254971) AND (k <= 4255071))
	  ->  Bitmap Index Scan on k_5  (cost=0.00..5.45 rows=102 width=0)
	        Index Cond: ((k >= 4254971) AND (k <= 4255071))

table 6 : explain SELECT k, c FROM sbtest6 WHERE k BETWEEN 4254971 AND 4255071
	Bitmap Heap Scan on sbtest6  (cost=5.44..393.31 rows=98 width=125)
	  Recheck Cond: ((k >= 4254971) AND (k <= 4255071))
	  ->  Bitmap Index Scan on k_6  (cost=0.00..5.42 rows=98 width=0)
	        Index Cond: ((k >= 4254971) AND (k <= 4255071))

table 7 : explain SELECT k, c FROM sbtest7 WHERE k BETWEEN 4254971 AND 4255071
	Bitmap Heap Scan on sbtest7  (cost=5.46..401.19 rows=100 width=125)
	  Recheck Cond: ((k >= 4254971) AND (k <= 4255071))
	  ->  Bitmap Index Scan on k_7  (cost=0.00..5.43 rows=100 width=0)
	        Index Cond: ((k >= 4254971) AND (k <= 4255071))

table 8 : explain SELECT k, c FROM sbtest8 WHERE k BETWEEN 4254971 AND 4255071
	Bitmap Heap Scan on sbtest8  (cost=5.54..432.69 rows=108 width=125)
	  Recheck Cond: ((k >= 4254971) AND (k <= 4255071))
	  ->  Bitmap Index Scan on k_8  (cost=0.00..5.51 rows=108 width=0)
	        Index Cond: ((k >= 4254971) AND (k <= 4255071))

for range-notcovered
table 1 : explain SELECT k, c FROM sbtest1 WHERE k BETWEEN 4235777 AND 4235877
	Bitmap Heap Scan on sbtest1  (cost=5.47..405.13 rows=101 width=125)
	  Recheck Cond: ((k >= 4235777) AND (k <= 4235877))
	  ->  Bitmap Index Scan on k_1  (cost=0.00..5.44 rows=101 width=0)
	        Index Cond: ((k >= 4235777) AND (k <= 4235877))

table 2 : explain SELECT k, c FROM sbtest2 WHERE k BETWEEN 4235777 AND 4235877
	Bitmap Heap Scan on sbtest2  (cost=5.48..409.07 rows=102 width=125)
	  Recheck Cond: ((k >= 4235777) AND (k <= 4235877))
	  ->  Bitmap Index Scan on k_2  (cost=0.00..5.45 rows=102 width=0)
	        Index Cond: ((k >= 4235777) AND (k <= 4235877))

table 3 : explain SELECT k, c FROM sbtest3 WHERE k BETWEEN 4235777 AND 4235877
	Bitmap Heap Scan on sbtest3  (cost=5.46..401.19 rows=100 width=125)
	  Recheck Cond: ((k >= 4235777) AND (k <= 4235877))
	  ->  Bitmap Index Scan on k_3  (cost=0.00..5.43 rows=100 width=0)
	        Index Cond: ((k >= 4235777) AND (k <= 4235877))

table 4 : explain SELECT k, c FROM sbtest4 WHERE k BETWEEN 4235777 AND 4235877
	Bitmap Heap Scan on sbtest4  (cost=5.42..385.43 rows=96 width=125)
	  Recheck Cond: ((k >= 4235777) AND (k <= 4235877))
	  ->  Bitmap Index Scan on k_4  (cost=0.00..5.39 rows=96 width=0)
	        Index Cond: ((k >= 4235777) AND (k <= 4235877))

table 5 : explain SELECT k, c FROM sbtest5 WHERE k BETWEEN 4235777 AND 4235877
	Bitmap Heap Scan on sbtest5  (cost=5.48..409.07 rows=102 width=125)
	  Recheck Cond: ((k >= 4235777) AND (k <= 4235877))
	  ->  Bitmap Index Scan on k_5  (cost=0.00..5.45 rows=102 width=0)
	        Index Cond: ((k >= 4235777) AND (k <= 4235877))

table 6 : explain SELECT k, c FROM sbtest6 WHERE k BETWEEN 4235777 AND 4235877
	Bitmap Heap Scan on sbtest6  (cost=5.44..393.31 rows=98 width=125)
	  Recheck Cond: ((k >= 4235777) AND (k <= 4235877))
	  ->  Bitmap Index Scan on k_6  (cost=0.00..5.42 rows=98 width=0)
	        Index Cond: ((k >= 4235777) AND (k <= 4235877))

table 7 : explain SELECT k, c FROM sbtest7 WHERE k BETWEEN 4235777 AND 4235877
	Bitmap Heap Scan on sbtest7  (cost=5.46..401.19 rows=100 width=125)
	  Recheck Cond: ((k >= 4235777) AND (k <= 4235877))
	  ->  Bitmap Index Scan on k_7  (cost=0.00..5.43 rows=100 width=0)
	        Index Cond: ((k >= 4235777) AND (k <= 4235877))

table 8 : explain SELECT k, c FROM sbtest8 WHERE k BETWEEN 4235777 AND 4235877
	Bitmap Heap Scan on sbtest8  (cost=5.54..432.69 rows=108 width=125)
	  Recheck Cond: ((k >= 4235777) AND (k <= 4235877))
	  ->  Bitmap Index Scan on k_8  (cost=0.00..5.51 rows=108 width=0)
	        Index Cond: ((k >= 4235777) AND (k <= 4235877))

explain: for range-notcovered :: explain SELECT k, c FROM sbtest%d WHERE k BETWEEN 4235777 AND 4235877
for range-notcovered
table 1 : explain SELECT k, c FROM sbtest1 WHERE k BETWEEN 6488464 AND 6488564
	Bitmap Heap Scan on sbtest1  (cost=5.40..377.55 rows=94 width=125)
	  Recheck Cond: ((k >= 6488464) AND (k <= 6488564))
	  ->  Bitmap Index Scan on k_1  (cost=0.00..5.38 rows=94 width=0)
	        Index Cond: ((k >= 6488464) AND (k <= 6488564))

table 2 : explain SELECT k, c FROM sbtest2 WHERE k BETWEEN 6488464 AND 6488564
	Bitmap Heap Scan on sbtest2  (cost=5.36..361.78 rows=90 width=125)
	  Recheck Cond: ((k >= 6488464) AND (k <= 6488564))
	  ->  Bitmap Index Scan on k_2  (cost=0.00..5.33 rows=90 width=0)
	        Index Cond: ((k >= 6488464) AND (k <= 6488564))

table 3 : explain SELECT k, c FROM sbtest3 WHERE k BETWEEN 6488464 AND 6488564
	Bitmap Heap Scan on sbtest3  (cost=5.57..444.49 rows=111 width=125)
	  Recheck Cond: ((k >= 6488464) AND (k <= 6488564))
	  ->  Bitmap Index Scan on k_3  (cost=0.00..5.54 rows=111 width=0)
	        Index Cond: ((k >= 6488464) AND (k <= 6488564))

table 4 : explain SELECT k, c FROM sbtest4 WHERE k BETWEEN 6488464 AND 6488564
	Bitmap Heap Scan on sbtest4  (cost=5.43..389.37 rows=97 width=125)
	  Recheck Cond: ((k >= 6488464) AND (k <= 6488564))
	  ->  Bitmap Index Scan on k_4  (cost=0.00..5.40 rows=97 width=0)
	        Index Cond: ((k >= 6488464) AND (k <= 6488564))

table 5 : explain SELECT k, c FROM sbtest5 WHERE k BETWEEN 6488464 AND 6488564
	Bitmap Heap Scan on sbtest5  (cost=5.46..401.19 rows=100 width=125)
	  Recheck Cond: ((k >= 6488464) AND (k <= 6488564))
	  ->  Bitmap Index Scan on k_5  (cost=0.00..5.43 rows=100 width=0)
	        Index Cond: ((k >= 6488464) AND (k <= 6488564))

table 6 : explain SELECT k, c FROM sbtest6 WHERE k BETWEEN 6488464 AND 6488564
	Bitmap Heap Scan on sbtest6  (cost=5.45..397.25 rows=99 width=125)
	  Recheck Cond: ((k >= 6488464) AND (k <= 6488564))
	  ->  Bitmap Index Scan on k_6  (cost=0.00..5.42 rows=99 width=0)
	        Index Cond: ((k >= 6488464) AND (k <= 6488564))

table 7 : explain SELECT k, c FROM sbtest7 WHERE k BETWEEN 6488464 AND 6488564
	Bitmap Heap Scan on sbtest7  (cost=5.47..405.13 rows=101 width=125)
	  Recheck Cond: ((k >= 6488464) AND (k <= 6488564))
	  ->  Bitmap Index Scan on k_7  (cost=0.00..5.44 rows=101 width=0)
	        Index Cond: ((k >= 6488464) AND (k <= 6488564))

table 8 : explain SELECT k, c FROM sbtest8 WHERE k BETWEEN 6488464 AND 6488564
	Bitmap Heap Scan on sbtest8  (cost=5.44..393.31 rows=98 width=125)
	  Recheck Cond: ((k >= 6488464) AND (k <= 6488564))
	  ->  Bitmap Index Scan on k_8  (cost=0.00..5.42 rows=98 width=0)
	        Index Cond: ((k >= 6488464) AND (k <= 6488564))

explain: for range-notcovered :: explain SELECT k, c FROM sbtest%d WHERE k BETWEEN 6488464 AND 6488564
explain: for range-notcovered :: explain SELECT k, c FROM sbtest%d WHERE k BETWEEN 4254971 AND 4255071
for range-notcovered
table 1 : explain SELECT k, c FROM sbtest1 WHERE k BETWEEN 7951375 AND 7951475
	Bitmap Heap Scan on sbtest1  (cost=5.48..409.07 rows=102 width=125)
	  Recheck Cond: ((k >= 7951375) AND (k <= 7951475))
	  ->  Bitmap Index Scan on k_1  (cost=0.00..5.45 rows=102 width=0)
	        Index Cond: ((k >= 7951375) AND (k <= 7951475))

table 2 : explain SELECT k, c FROM sbtest2 WHERE k BETWEEN 7951375 AND 7951475
	Bitmap Heap Scan on sbtest2  (cost=5.48..409.07 rows=102 width=125)
	  Recheck Cond: ((k >= 7951375) AND (k <= 7951475))
	  ->  Bitmap Index Scan on k_2  (cost=0.00..5.45 rows=102 width=0)
	        Index Cond: ((k >= 7951375) AND (k <= 7951475))

table 3 : explain SELECT k, c FROM sbtest3 WHERE k BETWEEN 7951375 AND 7951475
	Bitmap Heap Scan on sbtest3  (cost=5.42..385.43 rows=96 width=125)
	  Recheck Cond: ((k >= 7951375) AND (k <= 7951475))
	  ->  Bitmap Index Scan on k_3  (cost=0.00..5.39 rows=96 width=0)
	        Index Cond: ((k >= 7951375) AND (k <= 7951475))

table 4 : explain SELECT k, c FROM sbtest4 WHERE k BETWEEN 7951375 AND 7951475
	Bitmap Heap Scan on sbtest4  (cost=5.51..420.88 rows=105 width=125)
	  Recheck Cond: ((k >= 7951375) AND (k <= 7951475))
	  ->  Bitmap Index Scan on k_4  (cost=0.00..5.48 rows=105 width=0)
	        Index Cond: ((k >= 7951375) AND (k <= 7951475))

table 5 : explain SELECT k, c FROM sbtest5 WHERE k BETWEEN 7951375 AND 7951475
	Bitmap Heap Scan on sbtest5  (cost=5.49..413.00 rows=103 width=125)
	  Recheck Cond: ((k >= 7951375) AND (k <= 7951475))
	  ->  Bitmap Index Scan on k_5  (cost=0.00..5.46 rows=103 width=0)
	        Index Cond: ((k >= 7951375) AND (k <= 7951475))

table 6 : explain SELECT k, c FROM sbtest6 WHERE k BETWEEN 7951375 AND 7951475
	Bitmap Heap Scan on sbtest6  (cost=5.57..444.49 rows=111 width=125)
	  Recheck Cond: ((k >= 7951375) AND (k <= 7951475))
	  ->  Bitmap Index Scan on k_6  (cost=0.00..5.54 rows=111 width=0)
	        Index Cond: ((k >= 7951375) AND (k <= 7951475))

table 7 : explain SELECT k, c FROM sbtest7 WHERE k BETWEEN 7951375 AND 7951475
	Bitmap Heap Scan on sbtest7  (cost=5.44..393.31 rows=98 width=125)
	  Recheck Cond: ((k >= 7951375) AND (k <= 7951475))
	  ->  Bitmap Index Scan on k_7  (cost=0.00..5.42 rows=98 width=0)
	        Index Cond: ((k >= 7951375) AND (k <= 7951475))

table 8 : explain SELECT k, c FROM sbtest8 WHERE k BETWEEN 7951375 AND 7951475
	Bitmap Heap Scan on sbtest8  (cost=5.55..436.62 rows=109 width=125)
	  Recheck Cond: ((k >= 7951375) AND (k <= 7951475))
	  ->  Bitmap Index Scan on k_8  (cost=0.00..5.52 rows=109 width=0)
	        Index Cond: ((k >= 7951375) AND (k <= 7951475))

for range-notcovered
table 1 : explain SELECT k, c FROM sbtest1 WHERE k BETWEEN 4235777 AND 4235877
	Bitmap Heap Scan on sbtest1  (cost=5.47..405.13 rows=101 width=125)
	  Recheck Cond: ((k >= 4235777) AND (k <= 4235877))
	  ->  Bitmap Index Scan on k_1  (cost=0.00..5.44 rows=101 width=0)
	        Index Cond: ((k >= 4235777) AND (k <= 4235877))

table 2 : explain SELECT k, c FROM sbtest2 WHERE k BETWEEN 4235777 AND 4235877
	Bitmap Heap Scan on sbtest2  (cost=5.48..409.07 rows=102 width=125)
	  Recheck Cond: ((k >= 4235777) AND (k <= 4235877))
	  ->  Bitmap Index Scan on k_2  (cost=0.00..5.45 rows=102 width=0)
	        Index Cond: ((k >= 4235777) AND (k <= 4235877))

table 3 : explain SELECT k, c FROM sbtest3 WHERE k BETWEEN 4235777 AND 4235877
	Bitmap Heap Scan on sbtest3  (cost=5.46..401.19 rows=100 width=125)
	  Recheck Cond: ((k >= 4235777) AND (k <= 4235877))
	  ->  Bitmap Index Scan on k_3  (cost=0.00..5.43 rows=100 width=0)
	        Index Cond: ((k >= 4235777) AND (k <= 4235877))

table 4 : explain SELECT k, c FROM sbtest4 WHERE k BETWEEN 4235777 AND 4235877
	Bitmap Heap Scan on sbtest4  (cost=5.42..385.43 rows=96 width=125)
	  Recheck Cond: ((k >= 4235777) AND (k <= 4235877))
	  ->  Bitmap Index Scan on k_4  (cost=0.00..5.39 rows=96 width=0)
	        Index Cond: ((k >= 4235777) AND (k <= 4235877))

table 5 : explain SELECT k, c FROM sbtest5 WHERE k BETWEEN 4235777 AND 4235877
	Bitmap Heap Scan on sbtest5  (cost=5.48..409.07 rows=102 width=125)
	  Recheck Cond: ((k >= 4235777) AND (k <= 4235877))
	  ->  Bitmap Index Scan on k_5  (cost=0.00..5.45 rows=102 width=0)
	        Index Cond: ((k >= 4235777) AND (k <= 4235877))

table 6 : explain SELECT k, c FROM sbtest6 WHERE k BETWEEN 4235777 AND 4235877
	Bitmap Heap Scan on sbtest6  (cost=5.44..393.31 rows=98 width=125)
	  Recheck Cond: ((k >= 4235777) AND (k <= 4235877))
	  ->  Bitmap Index Scan on k_6  (cost=0.00..5.42 rows=98 width=0)
	        Index Cond: ((k >= 4235777) AND (k <= 4235877))

table 7 : explain SELECT k, c FROM sbtest7 WHERE k BETWEEN 4235777 AND 4235877
	Bitmap Heap Scan on sbtest7  (cost=5.46..401.19 rows=100 width=125)
	  Recheck Cond: ((k >= 4235777) AND (k <= 4235877))
	  ->  Bitmap Index Scan on k_7  (cost=0.00..5.43 rows=100 width=0)
	        Index Cond: ((k >= 4235777) AND (k <= 4235877))

table 8 : explain SELECT k, c FROM sbtest8 WHERE k BETWEEN 4235777 AND 4235877
	Bitmap Heap Scan on sbtest8  (cost=5.54..432.69 rows=108 width=125)
	  Recheck Cond: ((k >= 4235777) AND (k <= 4235877))
	  ->  Bitmap Index Scan on k_8  (cost=0.00..5.51 rows=108 width=0)
	        Index Cond: ((k >= 4235777) AND (k <= 4235877))

explain: for range-notcovered :: explain SELECT k, c FROM sbtest%d WHERE k BETWEEN 7951375 AND 7951475
explain: for range-notcovered :: explain SELECT k, c FROM sbtest%d WHERE k BETWEEN 4235777 AND 4235877
for range-notcovered
table 1 : explain SELECT k, c FROM sbtest1 WHERE k BETWEEN 5335034 AND 5335134
	Bitmap Heap Scan on sbtest1  (cost=5.50..416.94 rows=104 width=125)
	  Recheck Cond: ((k >= 5335034) AND (k <= 5335134))
	  ->  Bitmap Index Scan on k_1  (cost=0.00..5.47 rows=104 width=0)
	        Index Cond: ((k >= 5335034) AND (k <= 5335134))

table 2 : explain SELECT k, c FROM sbtest2 WHERE k BETWEEN 5335034 AND 5335134
	Bitmap Heap Scan on sbtest2  (cost=5.45..397.25 rows=99 width=125)
	  Recheck Cond: ((k >= 5335034) AND (k <= 5335134))
	  ->  Bitmap Index Scan on k_2  (cost=0.00..5.42 rows=99 width=0)
	        Index Cond: ((k >= 5335034) AND (k <= 5335134))

table 3 : explain SELECT k, c FROM sbtest3 WHERE k BETWEEN 5335034 AND 5335134
	Bitmap Heap Scan on sbtest3  (cost=5.50..416.94 rows=104 width=125)
	  Recheck Cond: ((k >= 5335034) AND (k <= 5335134))
	  ->  Bitmap Index Scan on k_3  (cost=0.00..5.47 rows=104 width=0)
	        Index Cond: ((k >= 5335034) AND (k <= 5335134))

table 4 : explain SELECT k, c FROM sbtest4 WHERE k BETWEEN 5335034 AND 5335134
	Bitmap Heap Scan on sbtest4  (cost=5.55..436.62 rows=109 width=125)
	  Recheck Cond: ((k >= 5335034) AND (k <= 5335134))
	  ->  Bitmap Index Scan on k_4  (cost=0.00..5.52 rows=109 width=0)
	        Index Cond: ((k >= 5335034) AND (k <= 5335134))

table 5 : explain SELECT k, c FROM sbtest5 WHERE k BETWEEN 5335034 AND 5335134
	Bitmap Heap Scan on sbtest5  (cost=5.56..440.56 rows=110 width=125)
	  Recheck Cond: ((k >= 5335034) AND (k <= 5335134))
	  ->  Bitmap Index Scan on k_5  (cost=0.00..5.53 rows=110 width=0)
	        Index Cond: ((k >= 5335034) AND (k <= 5335134))

table 6 : explain SELECT k, c FROM sbtest6 WHERE k BETWEEN 5335034 AND 5335134
	Bitmap Heap Scan on sbtest6  (cost=5.40..377.55 rows=94 width=125)
	  Recheck Cond: ((k >= 5335034) AND (k <= 5335134))
	  ->  Bitmap Index Scan on k_6  (cost=0.00..5.38 rows=94 width=0)
	        Index Cond: ((k >= 5335034) AND (k <= 5335134))

table 7 : explain SELECT k, c FROM sbtest7 WHERE k BETWEEN 5335034 AND 5335134
	Bitmap Heap Scan on sbtest7  (cost=5.46..401.19 rows=100 width=125)
	  Recheck Cond: ((k >= 5335034) AND (k <= 5335134))
	  ->  Bitmap Index Scan on k_7  (cost=0.00..5.43 rows=100 width=0)
	        Index Cond: ((k >= 5335034) AND (k <= 5335134))

table 8 : explain SELECT k, c FROM sbtest8 WHERE k BETWEEN 5335034 AND 5335134
	Bitmap Heap Scan on sbtest8  (cost=5.43..389.37 rows=97 width=125)
	  Recheck Cond: ((k >= 5335034) AND (k <= 5335134))
	  ->  Bitmap Index Scan on k_8  (cost=0.00..5.40 rows=97 width=0)
	        Index Cond: ((k >= 5335034) AND (k <= 5335134))

explain: for range-notcovered :: explain SELECT k, c FROM sbtest%d WHERE k BETWEEN 5335034 AND 5335134
for range-notcovered
table 1 : explain SELECT k, c FROM sbtest1 WHERE k BETWEEN 4254971 AND 4255071
	Bitmap Heap Scan on sbtest1  (cost=5.47..405.13 rows=101 width=125)
	  Recheck Cond: ((k >= 4254971) AND (k <= 4255071))
	  ->  Bitmap Index Scan on k_1  (cost=0.00..5.44 rows=101 width=0)
	        Index Cond: ((k >= 4254971) AND (k <= 4255071))

table 2 : explain SELECT k, c FROM sbtest2 WHERE k BETWEEN 4254971 AND 4255071
	Bitmap Heap Scan on sbtest2  (cost=5.48..409.07 rows=102 width=125)
	  Recheck Cond: ((k >= 4254971) AND (k <= 4255071))
	  ->  Bitmap Index Scan on k_2  (cost=0.00..5.45 rows=102 width=0)
	        Index Cond: ((k >= 4254971) AND (k <= 4255071))

table 3 : explain SELECT k, c FROM sbtest3 WHERE k BETWEEN 4254971 AND 4255071
	Bitmap Heap Scan on sbtest3  (cost=5.46..401.19 rows=100 width=125)
	  Recheck Cond: ((k >= 4254971) AND (k <= 4255071))
	  ->  Bitmap Index Scan on k_3  (cost=0.00..5.43 rows=100 width=0)
	        Index Cond: ((k >= 4254971) AND (k <= 4255071))

table 4 : explain SELECT k, c FROM sbtest4 WHERE k BETWEEN 4254971 AND 4255071
	Bitmap Heap Scan on sbtest4  (cost=5.42..385.43 rows=96 width=125)
	  Recheck Cond: ((k >= 4254971) AND (k <= 4255071))
	  ->  Bitmap Index Scan on k_4  (cost=0.00..5.39 rows=96 width=0)
	        Index Cond: ((k >= 4254971) AND (k <= 4255071))

table 5 : explain SELECT k, c FROM sbtest5 WHERE k BETWEEN 4254971 AND 4255071
	Bitmap Heap Scan on sbtest5  (cost=5.48..409.07 rows=102 width=125)
	  Recheck Cond: ((k >= 4254971) AND (k <= 4255071))
	  ->  Bitmap Index Scan on k_5  (cost=0.00..5.45 rows=102 width=0)
	        Index Cond: ((k >= 4254971) AND (k <= 4255071))

table 6 : explain SELECT k, c FROM sbtest6 WHERE k BETWEEN 4254971 AND 4255071
	Bitmap Heap Scan on sbtest6  (cost=5.44..393.31 rows=98 width=125)
	  Recheck Cond: ((k >= 4254971) AND (k <= 4255071))
	  ->  Bitmap Index Scan on k_6  (cost=0.00..5.42 rows=98 width=0)
	        Index Cond: ((k >= 4254971) AND (k <= 4255071))

table 7 : explain SELECT k, c FROM sbtest7 WHERE k BETWEEN 4254971 AND 4255071
	Bitmap Heap Scan on sbtest7  (cost=5.46..401.19 rows=100 width=125)
	  Recheck Cond: ((k >= 4254971) AND (k <= 4255071))
	  ->  Bitmap Index Scan on k_7  (cost=0.00..5.43 rows=100 width=0)
	        Index Cond: ((k >= 4254971) AND (k <= 4255071))

table 8 : explain SELECT k, c FROM sbtest8 WHERE k BETWEEN 4254971 AND 4255071
	Bitmap Heap Scan on sbtest8  (cost=5.54..432.69 rows=108 width=125)
	  Recheck Cond: ((k >= 4254971) AND (k <= 4255071))
	  ->  Bitmap Index Scan on k_8  (cost=0.00..5.51 rows=108 width=0)
	        Index Cond: ((k >= 4254971) AND (k <= 4255071))

explain: for range-notcovered :: explain SELECT k, c FROM sbtest%d WHERE k BETWEEN 4254971 AND 4255071
for range-notcovered
table 1 : explain SELECT k, c FROM sbtest1 WHERE k BETWEEN 6488464 AND 6488564
	Bitmap Heap Scan on sbtest1  (cost=5.40..377.55 rows=94 width=125)
	  Recheck Cond: ((k >= 6488464) AND (k <= 6488564))
	  ->  Bitmap Index Scan on k_1  (cost=0.00..5.38 rows=94 width=0)
	        Index Cond: ((k >= 6488464) AND (k <= 6488564))

table 2 : explain SELECT k, c FROM sbtest2 WHERE k BETWEEN 6488464 AND 6488564
	Bitmap Heap Scan on sbtest2  (cost=5.36..361.78 rows=90 width=125)
	  Recheck Cond: ((k >= 6488464) AND (k <= 6488564))
	  ->  Bitmap Index Scan on k_2  (cost=0.00..5.33 rows=90 width=0)
	        Index Cond: ((k >= 6488464) AND (k <= 6488564))

table 3 : explain SELECT k, c FROM sbtest3 WHERE k BETWEEN 6488464 AND 6488564
	Bitmap Heap Scan on sbtest3  (cost=5.57..444.49 rows=111 width=125)
	  Recheck Cond: ((k >= 6488464) AND (k <= 6488564))
	  ->  Bitmap Index Scan on k_3  (cost=0.00..5.54 rows=111 width=0)
	        Index Cond: ((k >= 6488464) AND (k <= 6488564))

table 4 : explain SELECT k, c FROM sbtest4 WHERE k BETWEEN 6488464 AND 6488564
	Bitmap Heap Scan on sbtest4  (cost=5.43..389.37 rows=97 width=125)
	  Recheck Cond: ((k >= 6488464) AND (k <= 6488564))
	  ->  Bitmap Index Scan on k_4  (cost=0.00..5.40 rows=97 width=0)
	        Index Cond: ((k >= 6488464) AND (k <= 6488564))

table 5 : explain SELECT k, c FROM sbtest5 WHERE k BETWEEN 6488464 AND 6488564
	Bitmap Heap Scan on sbtest5  (cost=5.46..401.19 rows=100 width=125)
	  Recheck Cond: ((k >= 6488464) AND (k <= 6488564))
	  ->  Bitmap Index Scan on k_5  (cost=0.00..5.43 rows=100 width=0)
	        Index Cond: ((k >= 6488464) AND (k <= 6488564))

table 6 : explain SELECT k, c FROM sbtest6 WHERE k BETWEEN 6488464 AND 6488564
	Bitmap Heap Scan on sbtest6  (cost=5.45..397.25 rows=99 width=125)
	  Recheck Cond: ((k >= 6488464) AND (k <= 6488564))
	  ->  Bitmap Index Scan on k_6  (cost=0.00..5.42 rows=99 width=0)
	        Index Cond: ((k >= 6488464) AND (k <= 6488564))

table 7 : explain SELECT k, c FROM sbtest7 WHERE k BETWEEN 6488464 AND 6488564
	Bitmap Heap Scan on sbtest7  (cost=5.47..405.13 rows=101 width=125)
	  Recheck Cond: ((k >= 6488464) AND (k <= 6488564))
	  ->  Bitmap Index Scan on k_7  (cost=0.00..5.44 rows=101 width=0)
	        Index Cond: ((k >= 6488464) AND (k <= 6488564))

table 8 : explain SELECT k, c FROM sbtest8 WHERE k BETWEEN 6488464 AND 6488564
	Bitmap Heap Scan on sbtest8  (cost=5.44..393.31 rows=98 width=125)
	  Recheck Cond: ((k >= 6488464) AND (k <= 6488564))
	  ->  Bitmap Index Scan on k_8  (cost=0.00..5.42 rows=98 width=0)
	        Index Cond: ((k >= 6488464) AND (k <= 6488564))

explain: for range-notcovered :: explain SELECT k, c FROM sbtest%d WHERE k BETWEEN 6488464 AND 6488564
for range-notcovered
table 1 : explain SELECT k, c FROM sbtest1 WHERE k BETWEEN 4327463 AND 4327563
	Bitmap Heap Scan on sbtest1  (cost=5.57..444.49 rows=111 width=125)
	  Recheck Cond: ((k >= 4327463) AND (k <= 4327563))
	  ->  Bitmap Index Scan on k_1  (cost=0.00..5.54 rows=111 width=0)
	        Index Cond: ((k >= 4327463) AND (k <= 4327563))

table 2 : explain SELECT k, c FROM sbtest2 WHERE k BETWEEN 4327463 AND 4327563
	Bitmap Heap Scan on sbtest2  (cost=5.42..385.43 rows=96 width=125)
	  Recheck Cond: ((k >= 4327463) AND (k <= 4327563))
	  ->  Bitmap Index Scan on k_2  (cost=0.00..5.39 rows=96 width=0)
	        Index Cond: ((k >= 4327463) AND (k <= 4327563))

table 3 : explain SELECT k, c FROM sbtest3 WHERE k BETWEEN 4327463 AND 4327563
	Bitmap Heap Scan on sbtest3  (cost=5.59..452.36 rows=113 width=125)
	  Recheck Cond: ((k >= 4327463) AND (k <= 4327563))
	  ->  Bitmap Index Scan on k_3  (cost=0.00..5.56 rows=113 width=0)
	        Index Cond: ((k >= 4327463) AND (k <= 4327563))

table 4 : explain SELECT k, c FROM sbtest4 WHERE k BETWEEN 4327463 AND 4327563
	Bitmap Heap Scan on sbtest4  (cost=5.46..401.19 rows=100 width=125)
	  Recheck Cond: ((k >= 4327463) AND (k <= 4327563))
	  ->  Bitmap Index Scan on k_4  (cost=0.00..5.43 rows=100 width=0)
	        Index Cond: ((k >= 4327463) AND (k <= 4327563))

table 5 : explain SELECT k, c FROM sbtest5 WHERE k BETWEEN 4327463 AND 4327563
	Bitmap Heap Scan on sbtest5  (cost=5.39..373.61 rows=93 width=125)
	  Recheck Cond: ((k >= 4327463) AND (k <= 4327563))
	  ->  Bitmap Index Scan on k_5  (cost=0.00..5.36 rows=93 width=0)
	        Index Cond: ((k >= 4327463) AND (k <= 4327563))

table 6 : explain SELECT k, c FROM sbtest6 WHERE k BETWEEN 4327463 AND 4327563
	Bitmap Heap Scan on sbtest6  (cost=5.51..420.88 rows=105 width=125)
	  Recheck Cond: ((k >= 4327463) AND (k <= 4327563))
	  ->  Bitmap Index Scan on k_6  (cost=0.00..5.48 rows=105 width=0)
	        Index Cond: ((k >= 4327463) AND (k <= 4327563))

table 7 : explain SELECT k, c FROM sbtest7 WHERE k BETWEEN 4327463 AND 4327563
	Bitmap Heap Scan on sbtest7  (cost=5.43..389.37 rows=97 width=125)
	  Recheck Cond: ((k >= 4327463) AND (k <= 4327563))
	  ->  Bitmap Index Scan on k_7  (cost=0.00..5.40 rows=97 width=0)
	        Index Cond: ((k >= 4327463) AND (k <= 4327563))

table 8 : explain SELECT k, c FROM sbtest8 WHERE k BETWEEN 4327463 AND 4327563
	Bitmap Heap Scan on sbtest8  (cost=5.60..456.29 rows=114 width=125)
	  Recheck Cond: ((k >= 4327463) AND (k <= 4327563))
	  ->  Bitmap Index Scan on k_8  (cost=0.00..5.58 rows=114 width=0)
	        Index Cond: ((k >= 4327463) AND (k <= 4327563))

for range-notcovered
table 1 : explain SELECT k, c FROM sbtest1 WHERE k BETWEEN 4235777 AND 4235877
	Bitmap Heap Scan on sbtest1  (cost=5.47..405.13 rows=101 width=125)
	  Recheck Cond: ((k >= 4235777) AND (k <= 4235877))
	  ->  Bitmap Index Scan on k_1  (cost=0.00..5.44 rows=101 width=0)
	        Index Cond: ((k >= 4235777) AND (k <= 4235877))

table 2 : explain SELECT k, c FROM sbtest2 WHERE k BETWEEN 4235777 AND 4235877
	Bitmap Heap Scan on sbtest2  (cost=5.48..409.07 rows=102 width=125)
	  Recheck Cond: ((k >= 4235777) AND (k <= 4235877))
	  ->  Bitmap Index Scan on k_2  (cost=0.00..5.45 rows=102 width=0)
	        Index Cond: ((k >= 4235777) AND (k <= 4235877))

table 3 : explain SELECT k, c FROM sbtest3 WHERE k BETWEEN 4235777 AND 4235877
	Bitmap Heap Scan on sbtest3  (cost=5.46..401.19 rows=100 width=125)
	  Recheck Cond: ((k >= 4235777) AND (k <= 4235877))
	  ->  Bitmap Index Scan on k_3  (cost=0.00..5.43 rows=100 width=0)
	        Index Cond: ((k >= 4235777) AND (k <= 4235877))

table 4 : explain SELECT k, c FROM sbtest4 WHERE k BETWEEN 4235777 AND 4235877
	Bitmap Heap Scan on sbtest4  (cost=5.42..385.43 rows=96 width=125)
	  Recheck Cond: ((k >= 4235777) AND (k <= 4235877))
	  ->  Bitmap Index Scan on k_4  (cost=0.00..5.39 rows=96 width=0)
	        Index Cond: ((k >= 4235777) AND (k <= 4235877))

table 5 : explain SELECT k, c FROM sbtest5 WHERE k BETWEEN 4235777 AND 4235877
	Bitmap Heap Scan on sbtest5  (cost=5.48..409.07 rows=102 width=125)
	  Recheck Cond: ((k >= 4235777) AND (k <= 4235877))
	  ->  Bitmap Index Scan on k_5  (cost=0.00..5.45 rows=102 width=0)
	        Index Cond: ((k >= 4235777) AND (k <= 4235877))

table 6 : explain SELECT k, c FROM sbtest6 WHERE k BETWEEN 4235777 AND 4235877
	Bitmap Heap Scan on sbtest6  (cost=5.44..393.31 rows=98 width=125)
	  Recheck Cond: ((k >= 4235777) AND (k <= 4235877))
	  ->  Bitmap Index Scan on k_6  (cost=0.00..5.42 rows=98 width=0)
	        Index Cond: ((k >= 4235777) AND (k <= 4235877))

table 7 : explain SELECT k, c FROM sbtest7 WHERE k BETWEEN 4235777 AND 4235877
	Bitmap Heap Scan on sbtest7  (cost=5.46..401.19 rows=100 width=125)
	  Recheck Cond: ((k >= 4235777) AND (k <= 4235877))
	  ->  Bitmap Index Scan on k_7  (cost=0.00..5.43 rows=100 width=0)
	        Index Cond: ((k >= 4235777) AND (k <= 4235877))

table 8 : explain SELECT k, c FROM sbtest8 WHERE k BETWEEN 4235777 AND 4235877
	Bitmap Heap Scan on sbtest8  (cost=5.54..432.69 rows=108 width=125)
	  Recheck Cond: ((k >= 4235777) AND (k <= 4235877))
	  ->  Bitmap Index Scan on k_8  (cost=0.00..5.51 rows=108 width=0)
	        Index Cond: ((k >= 4235777) AND (k <= 4235877))

for range-notcovered
table 1 : explain SELECT k, c FROM sbtest1 WHERE k BETWEEN 5335034 AND 5335134
	Bitmap Heap Scan on sbtest1  (cost=5.50..416.94 rows=104 width=125)
	  Recheck Cond: ((k >= 5335034) AND (k <= 5335134))
	  ->  Bitmap Index Scan on k_1  (cost=0.00..5.47 rows=104 width=0)
	        Index Cond: ((k >= 5335034) AND (k <= 5335134))

table 2 : explain SELECT k, c FROM sbtest2 WHERE k BETWEEN 5335034 AND 5335134
	Bitmap Heap Scan on sbtest2  (cost=5.45..397.25 rows=99 width=125)
	  Recheck Cond: ((k >= 5335034) AND (k <= 5335134))
	  ->  Bitmap Index Scan on k_2  (cost=0.00..5.42 rows=99 width=0)
	        Index Cond: ((k >= 5335034) AND (k <= 5335134))

table 3 : explain SELECT k, c FROM sbtest3 WHERE k BETWEEN 5335034 AND 5335134
	Bitmap Heap Scan on sbtest3  (cost=5.50..416.94 rows=104 width=125)
	  Recheck Cond: ((k >= 5335034) AND (k <= 5335134))
	  ->  Bitmap Index Scan on k_3  (cost=0.00..5.47 rows=104 width=0)
	        Index Cond: ((k >= 5335034) AND (k <= 5335134))

table 4 : explain SELECT k, c FROM sbtest4 WHERE k BETWEEN 5335034 AND 5335134
	Bitmap Heap Scan on sbtest4  (cost=5.55..436.62 rows=109 width=125)
	  Recheck Cond: ((k >= 5335034) AND (k <= 5335134))
	  ->  Bitmap Index Scan on k_4  (cost=0.00..5.52 rows=109 width=0)
	        Index Cond: ((k >= 5335034) AND (k <= 5335134))

table 5 : explain SELECT k, c FROM sbtest5 WHERE k BETWEEN 5335034 AND 5335134
	Bitmap Heap Scan on sbtest5  (cost=5.56..440.56 rows=110 width=125)
	  Recheck Cond: ((k >= 5335034) AND (k <= 5335134))
	  ->  Bitmap Index Scan on k_5  (cost=0.00..5.53 rows=110 width=0)
	        Index Cond: ((k >= 5335034) AND (k <= 5335134))

table 6 : explain SELECT k, c FROM sbtest6 WHERE k BETWEEN 5335034 AND 5335134
	Bitmap Heap Scan on sbtest6  (cost=5.40..377.55 rows=94 width=125)
	  Recheck Cond: ((k >= 5335034) AND (k <= 5335134))
	  ->  Bitmap Index Scan on k_6  (cost=0.00..5.38 rows=94 width=0)
	        Index Cond: ((k >= 5335034) AND (k <= 5335134))

table 7 : explain SELECT k, c FROM sbtest7 WHERE k BETWEEN 5335034 AND 5335134
	Bitmap Heap Scan on sbtest7  (cost=5.46..401.19 rows=100 width=125)
	  Recheck Cond: ((k >= 5335034) AND (k <= 5335134))
	  ->  Bitmap Index Scan on k_7  (cost=0.00..5.43 rows=100 width=0)
	        Index Cond: ((k >= 5335034) AND (k <= 5335134))

table 8 : explain SELECT k, c FROM sbtest8 WHERE k BETWEEN 5335034 AND 5335134
	Bitmap Heap Scan on sbtest8  (cost=5.43..389.37 rows=97 width=125)
	  Recheck Cond: ((k >= 5335034) AND (k <= 5335134))
	  ->  Bitmap Index Scan on k_8  (cost=0.00..5.40 rows=97 width=0)
	        Index Cond: ((k >= 5335034) AND (k <= 5335134))

explain: for range-notcovered :: explain SELECT k, c FROM sbtest%d WHERE k BETWEEN 4235777 AND 4235877
explain: for range-notcovered :: explain SELECT k, c FROM sbtest%d WHERE k BETWEEN 5335034 AND 5335134
for range-notcovered
table 1 : explain SELECT k, c FROM sbtest1 WHERE k BETWEEN 4275057 AND 4275157
	Bitmap Heap Scan on sbtest1  (cost=5.47..405.13 rows=101 width=125)
	  Recheck Cond: ((k >= 4275057) AND (k <= 4275157))
	  ->  Bitmap Index Scan on k_1  (cost=0.00..5.44 rows=101 width=0)
	        Index Cond: ((k >= 4275057) AND (k <= 4275157))

table 2 : explain SELECT k, c FROM sbtest2 WHERE k BETWEEN 4275057 AND 4275157
	Bitmap Heap Scan on sbtest2  (cost=5.48..409.07 rows=102 width=125)
	  Recheck Cond: ((k >= 4275057) AND (k <= 4275157))
	  ->  Bitmap Index Scan on k_2  (cost=0.00..5.45 rows=102 width=0)
	        Index Cond: ((k >= 4275057) AND (k <= 4275157))

table 3 : explain SELECT k, c FROM sbtest3 WHERE k BETWEEN 4275057 AND 4275157
	Bitmap Heap Scan on sbtest3  (cost=5.46..401.19 rows=100 width=125)
	  Recheck Cond: ((k >= 4275057) AND (k <= 4275157))
	  ->  Bitmap Index Scan on k_3  (cost=0.00..5.43 rows=100 width=0)
	        Index Cond: ((k >= 4275057) AND (k <= 4275157))

table 4 : explain SELECT k, c FROM sbtest4 WHERE k BETWEEN 4275057 AND 4275157
	Bitmap Heap Scan on sbtest4  (cost=5.46..401.19 rows=100 width=125)
	  Recheck Cond: ((k >= 4275057) AND (k <= 4275157))
	  ->  Bitmap Index Scan on k_4  (cost=0.00..5.43 rows=100 width=0)
	        Index Cond: ((k >= 4275057) AND (k <= 4275157))

table 5 : explain SELECT k, c FROM sbtest5 WHERE k BETWEEN 4275057 AND 4275157
	Bitmap Heap Scan on sbtest5  (cost=5.48..409.07 rows=102 width=125)
	  Recheck Cond: ((k >= 4275057) AND (k <= 4275157))
	  ->  Bitmap Index Scan on k_5  (cost=0.00..5.45 rows=102 width=0)
	        Index Cond: ((k >= 4275057) AND (k <= 4275157))

table 6 : explain SELECT k, c FROM sbtest6 WHERE k BETWEEN 4275057 AND 4275157
	Bitmap Heap Scan on sbtest6  (cost=5.44..393.31 rows=98 width=125)
	  Recheck Cond: ((k >= 4275057) AND (k <= 4275157))
	  ->  Bitmap Index Scan on k_6  (cost=0.00..5.42 rows=98 width=0)
	        Index Cond: ((k >= 4275057) AND (k <= 4275157))

table 7 : explain SELECT k, c FROM sbtest7 WHERE k BETWEEN 4275057 AND 4275157
	Bitmap Heap Scan on sbtest7  (cost=5.43..389.37 rows=97 width=125)
	  Recheck Cond: ((k >= 4275057) AND (k <= 4275157))
	  ->  Bitmap Index Scan on k_7  (cost=0.00..5.40 rows=97 width=0)
	        Index Cond: ((k >= 4275057) AND (k <= 4275157))

table 8 : explain SELECT k, c FROM sbtest8 WHERE k BETWEEN 4275057 AND 4275157
	Bitmap Heap Scan on sbtest8  (cost=5.54..432.69 rows=108 width=125)
	  Recheck Cond: ((k >= 4275057) AND (k <= 4275157))
	  ->  Bitmap Index Scan on k_8  (cost=0.00..5.51 rows=108 width=0)
	        Index Cond: ((k >= 4275057) AND (k <= 4275157))

explain: for range-notcovered :: explain SELECT k, c FROM sbtest%d WHERE k BETWEEN 4275057 AND 4275157
for range-notcovered
table 1 : explain SELECT k, c FROM sbtest1 WHERE k BETWEEN 4235777 AND 4235877
	Bitmap Heap Scan on sbtest1  (cost=5.47..405.13 rows=101 width=125)
	  Recheck Cond: ((k >= 4235777) AND (k <= 4235877))
	  ->  Bitmap Index Scan on k_1  (cost=0.00..5.44 rows=101 width=0)
	        Index Cond: ((k >= 4235777) AND (k <= 4235877))

table 2 : explain SELECT k, c FROM sbtest2 WHERE k BETWEEN 4235777 AND 4235877
	Bitmap Heap Scan on sbtest2  (cost=5.48..409.07 rows=102 width=125)
	  Recheck Cond: ((k >= 4235777) AND (k <= 4235877))
	  ->  Bitmap Index Scan on k_2  (cost=0.00..5.45 rows=102 width=0)
	        Index Cond: ((k >= 4235777) AND (k <= 4235877))

table 3 : explain SELECT k, c FROM sbtest3 WHERE k BETWEEN 4235777 AND 4235877
	Bitmap Heap Scan on sbtest3  (cost=5.46..401.19 rows=100 width=125)
	  Recheck Cond: ((k >= 4235777) AND (k <= 4235877))
	  ->  Bitmap Index Scan on k_3  (cost=0.00..5.43 rows=100 width=0)
	        Index Cond: ((k >= 4235777) AND (k <= 4235877))

table 4 : explain SELECT k, c FROM sbtest4 WHERE k BETWEEN 4235777 AND 4235877
	Bitmap Heap Scan on sbtest4  (cost=5.42..385.43 rows=96 width=125)
	  Recheck Cond: ((k >= 4235777) AND (k <= 4235877))
	  ->  Bitmap Index Scan on k_4  (cost=0.00..5.39 rows=96 width=0)
	        Index Cond: ((k >= 4235777) AND (k <= 4235877))

table 5 : explain SELECT k, c FROM sbtest5 WHERE k BETWEEN 4235777 AND 4235877
	Bitmap Heap Scan on sbtest5  (cost=5.48..409.07 rows=102 width=125)
	  Recheck Cond: ((k >= 4235777) AND (k <= 4235877))
	  ->  Bitmap Index Scan on k_5  (cost=0.00..5.45 rows=102 width=0)
	        Index Cond: ((k >= 4235777) AND (k <= 4235877))

table 6 : explain SELECT k, c FROM sbtest6 WHERE k BETWEEN 4235777 AND 4235877
	Bitmap Heap Scan on sbtest6  (cost=5.44..393.31 rows=98 width=125)
	  Recheck Cond: ((k >= 4235777) AND (k <= 4235877))
	  ->  Bitmap Index Scan on k_6  (cost=0.00..5.42 rows=98 width=0)
	        Index Cond: ((k >= 4235777) AND (k <= 4235877))

table 7 : explain SELECT k, c FROM sbtest7 WHERE k BETWEEN 4235777 AND 4235877
	Bitmap Heap Scan on sbtest7  (cost=5.46..401.19 rows=100 width=125)
	  Recheck Cond: ((k >= 4235777) AND (k <= 4235877))
	  ->  Bitmap Index Scan on k_7  (cost=0.00..5.43 rows=100 width=0)
	        Index Cond: ((k >= 4235777) AND (k <= 4235877))

table 8 : explain SELECT k, c FROM sbtest8 WHERE k BETWEEN 4235777 AND 4235877
	Bitmap Heap Scan on sbtest8  (cost=5.54..432.69 rows=108 width=125)
	  Recheck Cond: ((k >= 4235777) AND (k <= 4235877))
	  ->  Bitmap Index Scan on k_8  (cost=0.00..5.51 rows=108 width=0)
	        Index Cond: ((k >= 4235777) AND (k <= 4235877))

for range-notcovered
table 1 : explain SELECT k, c FROM sbtest1 WHERE k BETWEEN 1412515 AND 1412615
	Bitmap Heap Scan on sbtest1  (cost=5.47..405.13 rows=101 width=125)
	  Recheck Cond: ((k >= 1412515) AND (k <= 1412615))
	  ->  Bitmap Index Scan on k_1  (cost=0.00..5.44 rows=101 width=0)
	        Index Cond: ((k >= 1412515) AND (k <= 1412615))

table 2 : explain SELECT k, c FROM sbtest2 WHERE k BETWEEN 1412515 AND 1412615
	Bitmap Heap Scan on sbtest2  (cost=5.46..401.19 rows=100 width=125)
	  Recheck Cond: ((k >= 1412515) AND (k <= 1412615))
	  ->  Bitmap Index Scan on k_2  (cost=0.00..5.43 rows=100 width=0)
	        Index Cond: ((k >= 1412515) AND (k <= 1412615))

table 3 : explain SELECT k, c FROM sbtest3 WHERE k BETWEEN 1412515 AND 1412615
	Bitmap Heap Scan on sbtest3  (cost=5.46..401.19 rows=100 width=125)
	  Recheck Cond: ((k >= 1412515) AND (k <= 1412615))
	  ->  Bitmap Index Scan on k_3  (cost=0.00..5.43 rows=100 width=0)
	        Index Cond: ((k >= 1412515) AND (k <= 1412615))

table 4 : explain SELECT k, c FROM sbtest4 WHERE k BETWEEN 1412515 AND 1412615
	Bitmap Heap Scan on sbtest4  (cost=5.45..397.25 rows=99 width=125)
	  Recheck Cond: ((k >= 1412515) AND (k <= 1412615))
	  ->  Bitmap Index Scan on k_4  (cost=0.00..5.42 rows=99 width=0)
	        Index Cond: ((k >= 1412515) AND (k <= 1412615))

table 5 : explain SELECT k, c FROM sbtest5 WHERE k BETWEEN 1412515 AND 1412615
	Bitmap Heap Scan on sbtest5  (cost=5.44..393.31 rows=98 width=125)
	  Recheck Cond: ((k >= 1412515) AND (k <= 1412615))
	  ->  Bitmap Index Scan on k_5  (cost=0.00..5.42 rows=98 width=0)
	        Index Cond: ((k >= 1412515) AND (k <= 1412615))

table 6 : explain SELECT k, c FROM sbtest6 WHERE k BETWEEN 1412515 AND 1412615
	Bitmap Heap Scan on sbtest6  (cost=5.47..405.13 rows=101 width=125)
	  Recheck Cond: ((k >= 1412515) AND (k <= 1412615))
	  ->  Bitmap Index Scan on k_6  (cost=0.00..5.44 rows=101 width=0)
	        Index Cond: ((k >= 1412515) AND (k <= 1412615))

table 7 : explain SELECT k, c FROM sbtest7 WHERE k BETWEEN 1412515 AND 1412615
	Bitmap Heap Scan on sbtest7  (cost=5.60..456.29 rows=114 width=125)
	  Recheck Cond: ((k >= 1412515) AND (k <= 1412615))
	  ->  Bitmap Index Scan on k_7  (cost=0.00..5.58 rows=114 width=0)
	        Index Cond: ((k >= 1412515) AND (k <= 1412615))

table 8 : explain SELECT k, c FROM sbtest8 WHERE k BETWEEN 1412515 AND 1412615
	Bitmap Heap Scan on sbtest8  (cost=5.54..432.69 rows=108 width=125)
	  Recheck Cond: ((k >= 1412515) AND (k <= 1412615))
	  ->  Bitmap Index Scan on k_8  (cost=0.00..5.51 rows=108 width=0)
	        Index Cond: ((k >= 1412515) AND (k <= 1412615))

explain: for range-notcovered :: explain SELECT k, c FROM sbtest%d WHERE k BETWEEN 4235777 AND 4235877
for range-notcovered
table 1 : explain SELECT k, c FROM sbtest1 WHERE k BETWEEN 5335034 AND 5335134
	Bitmap Heap Scan on sbtest1  (cost=5.50..416.94 rows=104 width=125)
	  Recheck Cond: ((k >= 5335034) AND (k <= 5335134))
	  ->  Bitmap Index Scan on k_1  (cost=0.00..5.47 rows=104 width=0)
	        Index Cond: ((k >= 5335034) AND (k <= 5335134))

table 2 : explain SELECT k, c FROM sbtest2 WHERE k BETWEEN 5335034 AND 5335134
	Bitmap Heap Scan on sbtest2  (cost=5.45..397.25 rows=99 width=125)
	  Recheck Cond: ((k >= 5335034) AND (k <= 5335134))
	  ->  Bitmap Index Scan on k_2  (cost=0.00..5.42 rows=99 width=0)
	        Index Cond: ((k >= 5335034) AND (k <= 5335134))

table 3 : explain SELECT k, c FROM sbtest3 WHERE k BETWEEN 5335034 AND 5335134
	Bitmap Heap Scan on sbtest3  (cost=5.50..416.94 rows=104 width=125)
	  Recheck Cond: ((k >= 5335034) AND (k <= 5335134))
	  ->  Bitmap Index Scan on k_3  (cost=0.00..5.47 rows=104 width=0)
	        Index Cond: ((k >= 5335034) AND (k <= 5335134))

table 4 : explain SELECT k, c FROM sbtest4 WHERE k BETWEEN 5335034 AND 5335134
	Bitmap Heap Scan on sbtest4  (cost=5.55..436.62 rows=109 width=125)
	  Recheck Cond: ((k >= 5335034) AND (k <= 5335134))
	  ->  Bitmap Index Scan on k_4  (cost=0.00..5.52 rows=109 width=0)
	        Index Cond: ((k >= 5335034) AND (k <= 5335134))

table 5 : explain SELECT k, c FROM sbtest5 WHERE k BETWEEN 5335034 AND 5335134
	Bitmap Heap Scan on sbtest5  (cost=5.56..440.56 rows=110 width=125)
	  Recheck Cond: ((k >= 5335034) AND (k <= 5335134))
	  ->  Bitmap Index Scan on k_5  (cost=0.00..5.53 rows=110 width=0)
	        Index Cond: ((k >= 5335034) AND (k <= 5335134))

table 6 : explain SELECT k, c FROM sbtest6 WHERE k BETWEEN 5335034 AND 5335134
	Bitmap Heap Scan on sbtest6  (cost=5.40..377.55 rows=94 width=125)
	  Recheck Cond: ((k >= 5335034) AND (k <= 5335134))
	  ->  Bitmap Index Scan on k_6  (cost=0.00..5.38 rows=94 width=0)
	        Index Cond: ((k >= 5335034) AND (k <= 5335134))

table 7 : explain SELECT k, c FROM sbtest7 WHERE k BETWEEN 5335034 AND 5335134
	Bitmap Heap Scan on sbtest7  (cost=5.46..401.19 rows=100 width=125)
	  Recheck Cond: ((k >= 5335034) AND (k <= 5335134))
	  ->  Bitmap Index Scan on k_7  (cost=0.00..5.43 rows=100 width=0)
	        Index Cond: ((k >= 5335034) AND (k <= 5335134))

table 8 : explain SELECT k, c FROM sbtest8 WHERE k BETWEEN 5335034 AND 5335134
	Bitmap Heap Scan on sbtest8  (cost=5.43..389.37 rows=97 width=125)
	  Recheck Cond: ((k >= 5335034) AND (k <= 5335134))
	  ->  Bitmap Index Scan on k_8  (cost=0.00..5.40 rows=97 width=0)
	        Index Cond: ((k >= 5335034) AND (k <= 5335134))

explain: for range-notcovered :: explain SELECT k, c FROM sbtest%d WHERE k BETWEEN 5335034 AND 5335134
explain: for range-notcovered :: explain SELECT k, c FROM sbtest%d WHERE k BETWEEN 1412515 AND 1412615
for range-notcovered
table 1 : explain SELECT k, c FROM sbtest1 WHERE k BETWEEN 4275057 AND 4275157
	Bitmap Heap Scan on sbtest1  (cost=5.47..405.13 rows=101 width=125)
	  Recheck Cond: ((k >= 4275057) AND (k <= 4275157))
	  ->  Bitmap Index Scan on k_1  (cost=0.00..5.44 rows=101 width=0)
	        Index Cond: ((k >= 4275057) AND (k <= 4275157))

table 2 : explain SELECT k, c FROM sbtest2 WHERE k BETWEEN 4275057 AND 4275157
	Bitmap Heap Scan on sbtest2  (cost=5.48..409.07 rows=102 width=125)
	  Recheck Cond: ((k >= 4275057) AND (k <= 4275157))
	  ->  Bitmap Index Scan on k_2  (cost=0.00..5.45 rows=102 width=0)
	        Index Cond: ((k >= 4275057) AND (k <= 4275157))

table 3 : explain SELECT k, c FROM sbtest3 WHERE k BETWEEN 4275057 AND 4275157
	Bitmap Heap Scan on sbtest3  (cost=5.46..401.19 rows=100 width=125)
	  Recheck Cond: ((k >= 4275057) AND (k <= 4275157))
	  ->  Bitmap Index Scan on k_3  (cost=0.00..5.43 rows=100 width=0)
	        Index Cond: ((k >= 4275057) AND (k <= 4275157))

table 4 : explain SELECT k, c FROM sbtest4 WHERE k BETWEEN 4275057 AND 4275157
	Bitmap Heap Scan on sbtest4  (cost=5.46..401.19 rows=100 width=125)
	  Recheck Cond: ((k >= 4275057) AND (k <= 4275157))
	  ->  Bitmap Index Scan on k_4  (cost=0.00..5.43 rows=100 width=0)
	        Index Cond: ((k >= 4275057) AND (k <= 4275157))

table 5 : explain SELECT k, c FROM sbtest5 WHERE k BETWEEN 4275057 AND 4275157
	Bitmap Heap Scan on sbtest5  (cost=5.48..409.07 rows=102 width=125)
	  Recheck Cond: ((k >= 4275057) AND (k <= 4275157))
	  ->  Bitmap Index Scan on k_5  (cost=0.00..5.45 rows=102 width=0)
	        Index Cond: ((k >= 4275057) AND (k <= 4275157))

table 6 : explain SELECT k, c FROM sbtest6 WHERE k BETWEEN 4275057 AND 4275157
	Bitmap Heap Scan on sbtest6  (cost=5.44..393.31 rows=98 width=125)
	  Recheck Cond: ((k >= 4275057) AND (k <= 4275157))
	  ->  Bitmap Index Scan on k_6  (cost=0.00..5.42 rows=98 width=0)
	        Index Cond: ((k >= 4275057) AND (k <= 4275157))

table 7 : explain SELECT k, c FROM sbtest7 WHERE k BETWEEN 4275057 AND 4275157
	Bitmap Heap Scan on sbtest7  (cost=5.43..389.37 rows=97 width=125)
	  Recheck Cond: ((k >= 4275057) AND (k <= 4275157))
	  ->  Bitmap Index Scan on k_7  (cost=0.00..5.40 rows=97 width=0)
	        Index Cond: ((k >= 4275057) AND (k <= 4275157))

table 8 : explain SELECT k, c FROM sbtest8 WHERE k BETWEEN 4275057 AND 4275157
	Bitmap Heap Scan on sbtest8  (cost=5.54..432.69 rows=108 width=125)
	  Recheck Cond: ((k >= 4275057) AND (k <= 4275157))
	  ->  Bitmap Index Scan on k_8  (cost=0.00..5.51 rows=108 width=0)
	        Index Cond: ((k >= 4275057) AND (k <= 4275157))

explain: for range-notcovered :: explain SELECT k, c FROM sbtest%d WHERE k BETWEEN 4275057 AND 4275157
for range-notcovered
table 1 : explain SELECT k, c FROM sbtest1 WHERE k BETWEEN 4235777 AND 4235877
	Bitmap Heap Scan on sbtest1  (cost=5.47..405.13 rows=101 width=125)
	  Recheck Cond: ((k >= 4235777) AND (k <= 4235877))
	  ->  Bitmap Index Scan on k_1  (cost=0.00..5.44 rows=101 width=0)
	        Index Cond: ((k >= 4235777) AND (k <= 4235877))

table 2 : explain SELECT k, c FROM sbtest2 WHERE k BETWEEN 4235777 AND 4235877
	Bitmap Heap Scan on sbtest2  (cost=5.48..409.07 rows=102 width=125)
	  Recheck Cond: ((k >= 4235777) AND (k <= 4235877))
	  ->  Bitmap Index Scan on k_2  (cost=0.00..5.45 rows=102 width=0)
	        Index Cond: ((k >= 4235777) AND (k <= 4235877))

table 3 : explain SELECT k, c FROM sbtest3 WHERE k BETWEEN 4235777 AND 4235877
	Bitmap Heap Scan on sbtest3  (cost=5.46..401.19 rows=100 width=125)
	  Recheck Cond: ((k >= 4235777) AND (k <= 4235877))
	  ->  Bitmap Index Scan on k_3  (cost=0.00..5.43 rows=100 width=0)
	        Index Cond: ((k >= 4235777) AND (k <= 4235877))

table 4 : explain SELECT k, c FROM sbtest4 WHERE k BETWEEN 4235777 AND 4235877
	Bitmap Heap Scan on sbtest4  (cost=5.42..385.43 rows=96 width=125)
	  Recheck Cond: ((k >= 4235777) AND (k <= 4235877))
	  ->  Bitmap Index Scan on k_4  (cost=0.00..5.39 rows=96 width=0)
	        Index Cond: ((k >= 4235777) AND (k <= 4235877))

table 5 : explain SELECT k, c FROM sbtest5 WHERE k BETWEEN 4235777 AND 4235877
	Bitmap Heap Scan on sbtest5  (cost=5.48..409.07 rows=102 width=125)
	  Recheck Cond: ((k >= 4235777) AND (k <= 4235877))
	  ->  Bitmap Index Scan on k_5  (cost=0.00..5.45 rows=102 width=0)
	        Index Cond: ((k >= 4235777) AND (k <= 4235877))

table 6 : explain SELECT k, c FROM sbtest6 WHERE k BETWEEN 4235777 AND 4235877
	Bitmap Heap Scan on sbtest6  (cost=5.44..393.31 rows=98 width=125)
	  Recheck Cond: ((k >= 4235777) AND (k <= 4235877))
	  ->  Bitmap Index Scan on k_6  (cost=0.00..5.42 rows=98 width=0)
	        Index Cond: ((k >= 4235777) AND (k <= 4235877))

table 7 : explain SELECT k, c FROM sbtest7 WHERE k BETWEEN 4235777 AND 4235877
	Bitmap Heap Scan on sbtest7  (cost=5.46..401.19 rows=100 width=125)
	  Recheck Cond: ((k >= 4235777) AND (k <= 4235877))
	  ->  Bitmap Index Scan on k_7  (cost=0.00..5.43 rows=100 width=0)
	        Index Cond: ((k >= 4235777) AND (k <= 4235877))

table 8 : explain SELECT k, c FROM sbtest8 WHERE k BETWEEN 4235777 AND 4235877
	Bitmap Heap Scan on sbtest8  (cost=5.54..432.69 rows=108 width=125)
	  Recheck Cond: ((k >= 4235777) AND (k <= 4235877))
	  ->  Bitmap Index Scan on k_8  (cost=0.00..5.51 rows=108 width=0)
	        Index Cond: ((k >= 4235777) AND (k <= 4235877))

for range-notcovered
table 1 : explain SELECT k, c FROM sbtest1 WHERE k BETWEEN 6488464 AND 6488564
	Bitmap Heap Scan on sbtest1  (cost=5.40..377.55 rows=94 width=125)
	  Recheck Cond: ((k >= 6488464) AND (k <= 6488564))
	  ->  Bitmap Index Scan on k_1  (cost=0.00..5.38 rows=94 width=0)
	        Index Cond: ((k >= 6488464) AND (k <= 6488564))

table 2 : explain SELECT k, c FROM sbtest2 WHERE k BETWEEN 6488464 AND 6488564
	Bitmap Heap Scan on sbtest2  (cost=5.36..361.78 rows=90 width=125)
	  Recheck Cond: ((k >= 6488464) AND (k <= 6488564))
	  ->  Bitmap Index Scan on k_2  (cost=0.00..5.33 rows=90 width=0)
	        Index Cond: ((k >= 6488464) AND (k <= 6488564))

table 3 : explain SELECT k, c FROM sbtest3 WHERE k BETWEEN 6488464 AND 6488564
	Bitmap Heap Scan on sbtest3  (cost=5.57..444.49 rows=111 width=125)
	  Recheck Cond: ((k >= 6488464) AND (k <= 6488564))
	  ->  Bitmap Index Scan on k_3  (cost=0.00..5.54 rows=111 width=0)
	        Index Cond: ((k >= 6488464) AND (k <= 6488564))

table 4 : explain SELECT k, c FROM sbtest4 WHERE k BETWEEN 6488464 AND 6488564
	Bitmap Heap Scan on sbtest4  (cost=5.43..389.37 rows=97 width=125)
	  Recheck Cond: ((k >= 6488464) AND (k <= 6488564))
	  ->  Bitmap Index Scan on k_4  (cost=0.00..5.40 rows=97 width=0)
	        Index Cond: ((k >= 6488464) AND (k <= 6488564))

table 5 : explain SELECT k, c FROM sbtest5 WHERE k BETWEEN 6488464 AND 6488564
	Bitmap Heap Scan on sbtest5  (cost=5.46..401.19 rows=100 width=125)
	  Recheck Cond: ((k >= 6488464) AND (k <= 6488564))
	  ->  Bitmap Index Scan on k_5  (cost=0.00..5.43 rows=100 width=0)
	        Index Cond: ((k >= 6488464) AND (k <= 6488564))

table 6 : explain SELECT k, c FROM sbtest6 WHERE k BETWEEN 6488464 AND 6488564
	Bitmap Heap Scan on sbtest6  (cost=5.45..397.25 rows=99 width=125)
	  Recheck Cond: ((k >= 6488464) AND (k <= 6488564))
	  ->  Bitmap Index Scan on k_6  (cost=0.00..5.42 rows=99 width=0)
	        Index Cond: ((k >= 6488464) AND (k <= 6488564))

table 7 : explain SELECT k, c FROM sbtest7 WHERE k BETWEEN 6488464 AND 6488564
	Bitmap Heap Scan on sbtest7  (cost=5.47..405.13 rows=101 width=125)
	  Recheck Cond: ((k >= 6488464) AND (k <= 6488564))
	  ->  Bitmap Index Scan on k_7  (cost=0.00..5.44 rows=101 width=0)
	        Index Cond: ((k >= 6488464) AND (k <= 6488564))

table 8 : explain SELECT k, c FROM sbtest8 WHERE k BETWEEN 6488464 AND 6488564
	Bitmap Heap Scan on sbtest8  (cost=5.44..393.31 rows=98 width=125)
	  Recheck Cond: ((k >= 6488464) AND (k <= 6488564))
	  ->  Bitmap Index Scan on k_8  (cost=0.00..5.42 rows=98 width=0)
	        Index Cond: ((k >= 6488464) AND (k <= 6488564))

explain: for range-notcovered :: explain SELECT k, c FROM sbtest%d WHERE k BETWEEN 6950537 AND 6950637
for range-notcovered
table 1 : explain SELECT k, c FROM sbtest1 WHERE k BETWEEN 4254971 AND 4255071
	Bitmap Heap Scan on sbtest1  (cost=5.47..405.13 rows=101 width=125)
	  Recheck Cond: ((k >= 4254971) AND (k <= 4255071))
	  ->  Bitmap Index Scan on k_1  (cost=0.00..5.44 rows=101 width=0)
	        Index Cond: ((k >= 4254971) AND (k <= 4255071))

table 2 : explain SELECT k, c FROM sbtest2 WHERE k BETWEEN 4254971 AND 4255071
	Bitmap Heap Scan on sbtest2  (cost=5.48..409.07 rows=102 width=125)
	  Recheck Cond: ((k >= 4254971) AND (k <= 4255071))
	  ->  Bitmap Index Scan on k_2  (cost=0.00..5.45 rows=102 width=0)
	        Index Cond: ((k >= 4254971) AND (k <= 4255071))

table 3 : explain SELECT k, c FROM sbtest3 WHERE k BETWEEN 4254971 AND 4255071
	Bitmap Heap Scan on sbtest3  (cost=5.46..401.19 rows=100 width=125)
	  Recheck Cond: ((k >= 4254971) AND (k <= 4255071))
	  ->  Bitmap Index Scan on k_3  (cost=0.00..5.43 rows=100 width=0)
	        Index Cond: ((k >= 4254971) AND (k <= 4255071))

table 4 : explain SELECT k, c FROM sbtest4 WHERE k BETWEEN 4254971 AND 4255071
	Bitmap Heap Scan on sbtest4  (cost=5.42..385.43 rows=96 width=125)
	  Recheck Cond: ((k >= 4254971) AND (k <= 4255071))
	  ->  Bitmap Index Scan on k_4  (cost=0.00..5.39 rows=96 width=0)
	        Index Cond: ((k >= 4254971) AND (k <= 4255071))

table 5 : explain SELECT k, c FROM sbtest5 WHERE k BETWEEN 4254971 AND 4255071
	Bitmap Heap Scan on sbtest5  (cost=5.48..409.07 rows=102 width=125)
	  Recheck Cond: ((k >= 4254971) AND (k <= 4255071))
	  ->  Bitmap Index Scan on k_5  (cost=0.00..5.45 rows=102 width=0)
	        Index Cond: ((k >= 4254971) AND (k <= 4255071))

table 6 : explain SELECT k, c FROM sbtest6 WHERE k BETWEEN 4254971 AND 4255071
	Bitmap Heap Scan on sbtest6  (cost=5.44..393.31 rows=98 width=125)
	  Recheck Cond: ((k >= 4254971) AND (k <= 4255071))
	  ->  Bitmap Index Scan on k_6  (cost=0.00..5.42 rows=98 width=0)
	        Index Cond: ((k >= 4254971) AND (k <= 4255071))

table 7 : explain SELECT k, c FROM sbtest7 WHERE k BETWEEN 4254971 AND 4255071
	Bitmap Heap Scan on sbtest7  (cost=5.46..401.19 rows=100 width=125)
	  Recheck Cond: ((k >= 4254971) AND (k <= 4255071))
	  ->  Bitmap Index Scan on k_7  (cost=0.00..5.43 rows=100 width=0)
	        Index Cond: ((k >= 4254971) AND (k <= 4255071))

table 8 : explain SELECT k, c FROM sbtest8 WHERE k BETWEEN 4254971 AND 4255071
	Bitmap Heap Scan on sbtest8  (cost=5.54..432.69 rows=108 width=125)
	  Recheck Cond: ((k >= 4254971) AND (k <= 4255071))
	  ->  Bitmap Index Scan on k_8  (cost=0.00..5.51 rows=108 width=0)
	        Index Cond: ((k >= 4254971) AND (k <= 4255071))

explain: for range-notcovered :: explain SELECT k, c FROM sbtest%d WHERE k BETWEEN 6488464 AND 6488564
explain: for range-notcovered :: explain SELECT k, c FROM sbtest%d WHERE k BETWEEN 4254971 AND 4255071
for range-notcovered
table 1 : explain SELECT k, c FROM sbtest1 WHERE k BETWEEN 4137720 AND 4137820
	Bitmap Heap Scan on sbtest1  (cost=5.57..444.49 rows=111 width=125)
	  Recheck Cond: ((k >= 4137720) AND (k <= 4137820))
	  ->  Bitmap Index Scan on k_1  (cost=0.00..5.54 rows=111 width=0)
	        Index Cond: ((k >= 4137720) AND (k <= 4137820))

table 2 : explain SELECT k, c FROM sbtest2 WHERE k BETWEEN 4137720 AND 4137820
	Bitmap Heap Scan on sbtest2  (cost=5.56..440.56 rows=110 width=125)
	  Recheck Cond: ((k >= 4137720) AND (k <= 4137820))
	  ->  Bitmap Index Scan on k_2  (cost=0.00..5.53 rows=110 width=0)
	        Index Cond: ((k >= 4137720) AND (k <= 4137820))

table 3 : explain SELECT k, c FROM sbtest3 WHERE k BETWEEN 4137720 AND 4137820
	Bitmap Heap Scan on sbtest3  (cost=5.43..389.37 rows=97 width=125)
	  Recheck Cond: ((k >= 4137720) AND (k <= 4137820))
	  ->  Bitmap Index Scan on k_3  (cost=0.00..5.40 rows=97 width=0)
	        Index Cond: ((k >= 4137720) AND (k <= 4137820))

table 4 : explain SELECT k, c FROM sbtest4 WHERE k BETWEEN 4137720 AND 4137820
	Bitmap Heap Scan on sbtest4  (cost=5.43..389.37 rows=97 width=125)
	  Recheck Cond: ((k >= 4137720) AND (k <= 4137820))
	  ->  Bitmap Index Scan on k_4  (cost=0.00..5.40 rows=97 width=0)
	        Index Cond: ((k >= 4137720) AND (k <= 4137820))

table 5 : explain SELECT k, c FROM sbtest5 WHERE k BETWEEN 4137720 AND 4137820
	Bitmap Heap Scan on sbtest5  (cost=5.42..385.43 rows=96 width=125)
	  Recheck Cond: ((k >= 4137720) AND (k <= 4137820))
	  ->  Bitmap Index Scan on k_5  (cost=0.00..5.39 rows=96 width=0)
	        Index Cond: ((k >= 4137720) AND (k <= 4137820))

table 6 : explain SELECT k, c FROM sbtest6 WHERE k BETWEEN 4137720 AND 4137820
	Bitmap Heap Scan on sbtest6  (cost=5.53..428.75 rows=107 width=125)
	  Recheck Cond: ((k >= 4137720) AND (k <= 4137820))
	  ->  Bitmap Index Scan on k_6  (cost=0.00..5.50 rows=107 width=0)
	        Index Cond: ((k >= 4137720) AND (k <= 4137820))

table 7 : explain SELECT k, c FROM sbtest7 WHERE k BETWEEN 4137720 AND 4137820
	Bitmap Heap Scan on sbtest7  (cost=5.46..401.19 rows=100 width=125)
	  Recheck Cond: ((k >= 4137720) AND (k <= 4137820))
	  ->  Bitmap Index Scan on k_7  (cost=0.00..5.43 rows=100 width=0)
	        Index Cond: ((k >= 4137720) AND (k <= 4137820))

table 8 : explain SELECT k, c FROM sbtest8 WHERE k BETWEEN 4137720 AND 4137820
	Bitmap Heap Scan on sbtest8  (cost=5.50..416.94 rows=104 width=125)
	  Recheck Cond: ((k >= 4137720) AND (k <= 4137820))
	  ->  Bitmap Index Scan on k_8  (cost=0.00..5.47 rows=104 width=0)
	        Index Cond: ((k >= 4137720) AND (k <= 4137820))

for range-notcovered
table 1 : explain SELECT k, c FROM sbtest1 WHERE k BETWEEN 6536390 AND 6536490
	Bitmap Heap Scan on sbtest1  (cost=5.40..377.55 rows=94 width=125)
	  Recheck Cond: ((k >= 6536390) AND (k <= 6536490))
	  ->  Bitmap Index Scan on k_1  (cost=0.00..5.38 rows=94 width=0)
	        Index Cond: ((k >= 6536390) AND (k <= 6536490))

table 2 : explain SELECT k, c FROM sbtest2 WHERE k BETWEEN 6536390 AND 6536490
	Bitmap Heap Scan on sbtest2  (cost=5.36..361.78 rows=90 width=125)
	  Recheck Cond: ((k >= 6536390) AND (k <= 6536490))
	  ->  Bitmap Index Scan on k_2  (cost=0.00..5.33 rows=90 width=0)
	        Index Cond: ((k >= 6536390) AND (k <= 6536490))

table 3 : explain SELECT k, c FROM sbtest3 WHERE k BETWEEN 6536390 AND 6536490
	Bitmap Heap Scan on sbtest3  (cost=5.57..444.49 rows=111 width=125)
	  Recheck Cond: ((k >= 6536390) AND (k <= 6536490))
	  ->  Bitmap Index Scan on k_3  (cost=0.00..5.54 rows=111 width=0)
	        Index Cond: ((k >= 6536390) AND (k <= 6536490))

table 4 : explain SELECT k, c FROM sbtest4 WHERE k BETWEEN 6536390 AND 6536490
	Bitmap Heap Scan on sbtest4  (cost=5.43..389.37 rows=97 width=125)
	  Recheck Cond: ((k >= 6536390) AND (k <= 6536490))
	  ->  Bitmap Index Scan on k_4  (cost=0.00..5.40 rows=97 width=0)
	        Index Cond: ((k >= 6536390) AND (k <= 6536490))

table 5 : explain SELECT k, c FROM sbtest5 WHERE k BETWEEN 6536390 AND 6536490
	Bitmap Heap Scan on sbtest5  (cost=5.46..401.19 rows=100 width=125)
	  Recheck Cond: ((k >= 6536390) AND (k <= 6536490))
	  ->  Bitmap Index Scan on k_5  (cost=0.00..5.43 rows=100 width=0)
	        Index Cond: ((k >= 6536390) AND (k <= 6536490))

table 6 : explain SELECT k, c FROM sbtest6 WHERE k BETWEEN 6536390 AND 6536490
	Bitmap Heap Scan on sbtest6  (cost=5.46..401.19 rows=100 width=125)
	  Recheck Cond: ((k >= 6536390) AND (k <= 6536490))
	  ->  Bitmap Index Scan on k_6  (cost=0.00..5.43 rows=100 width=0)
	        Index Cond: ((k >= 6536390) AND (k <= 6536490))

table 7 : explain SELECT k, c FROM sbtest7 WHERE k BETWEEN 6536390 AND 6536490
	Bitmap Heap Scan on sbtest7  (cost=5.57..444.49 rows=111 width=125)
	  Recheck Cond: ((k >= 6536390) AND (k <= 6536490))
	  ->  Bitmap Index Scan on k_7  (cost=0.00..5.54 rows=111 width=0)
	        Index Cond: ((k >= 6536390) AND (k <= 6536490))

table 8 : explain SELECT k, c FROM sbtest8 WHERE k BETWEEN 6536390 AND 6536490
	Bitmap Heap Scan on sbtest8  (cost=5.46..401.19 rows=100 width=125)
	  Recheck Cond: ((k >= 6536390) AND (k <= 6536490))
	  ->  Bitmap Index Scan on k_8  (cost=0.00..5.43 rows=100 width=0)
	        Index Cond: ((k >= 6536390) AND (k <= 6536490))

explain: for range-notcovered :: explain SELECT k, c FROM sbtest%d WHERE k BETWEEN 4137720 AND 4137820
explain: for range-notcovered :: explain SELECT k, c FROM sbtest%d WHERE k BETWEEN 4235777 AND 4235877
for range-notcovered
table 1 : explain SELECT k, c FROM sbtest1 WHERE k BETWEEN 7019269 AND 7019369
	Bitmap Heap Scan on sbtest1  (cost=5.52..424.81 rows=106 width=125)
	  Recheck Cond: ((k >= 7019269) AND (k <= 7019369))
	  ->  Bitmap Index Scan on k_1  (cost=0.00..5.50 rows=106 width=0)
	        Index Cond: ((k >= 7019269) AND (k <= 7019369))

table 2 : explain SELECT k, c FROM sbtest2 WHERE k BETWEEN 7019269 AND 7019369
	Bitmap Heap Scan on sbtest2  (cost=5.45..397.25 rows=99 width=125)
	  Recheck Cond: ((k >= 7019269) AND (k <= 7019369))
	  ->  Bitmap Index Scan on k_2  (cost=0.00..5.42 rows=99 width=0)
	        Index Cond: ((k >= 7019269) AND (k <= 7019369))

table 3 : explain SELECT k, c FROM sbtest3 WHERE k BETWEEN 7019269 AND 7019369
	Bitmap Heap Scan on sbtest3  (cost=5.45..397.25 rows=99 width=125)
	  Recheck Cond: ((k >= 7019269) AND (k <= 7019369))
	  ->  Bitmap Index Scan on k_3  (cost=0.00..5.42 rows=99 width=0)
	        Index Cond: ((k >= 7019269) AND (k <= 7019369))

table 4 : explain SELECT k, c FROM sbtest4 WHERE k BETWEEN 7019269 AND 7019369
	Bitmap Heap Scan on sbtest4  (cost=5.54..432.69 rows=108 width=125)
	  Recheck Cond: ((k >= 7019269) AND (k <= 7019369))
	  ->  Bitmap Index Scan on k_4  (cost=0.00..5.51 rows=108 width=0)
	        Index Cond: ((k >= 7019269) AND (k <= 7019369))

table 5 : explain SELECT k, c FROM sbtest5 WHERE k BETWEEN 7019269 AND 7019369
	Bitmap Heap Scan on sbtest5  (cost=5.44..393.31 rows=98 width=125)
	  Recheck Cond: ((k >= 7019269) AND (k <= 7019369))
	  ->  Bitmap Index Scan on k_5  (cost=0.00..5.42 rows=98 width=0)
	        Index Cond: ((k >= 7019269) AND (k <= 7019369))

table 6 : explain SELECT k, c FROM sbtest6 WHERE k BETWEEN 7019269 AND 7019369
	Bitmap Heap Scan on sbtest6  (cost=5.47..405.13 rows=101 width=125)
	  Recheck Cond: ((k >= 7019269) AND (k <= 7019369))
	  ->  Bitmap Index Scan on k_6  (cost=0.00..5.44 rows=101 width=0)
	        Index Cond: ((k >= 7019269) AND (k <= 7019369))

table 7 : explain SELECT k, c FROM sbtest7 WHERE k BETWEEN 7019269 AND 7019369
	Bitmap Heap Scan on sbtest7  (cost=5.51..420.88 rows=105 width=125)
	  Recheck Cond: ((k >= 7019269) AND (k <= 7019369))
	  ->  Bitmap Index Scan on k_7  (cost=0.00..5.48 rows=105 width=0)
	        Index Cond: ((k >= 7019269) AND (k <= 7019369))

table 8 : explain SELECT k, c FROM sbtest8 WHERE k BETWEEN 7019269 AND 7019369
	Bitmap Heap Scan on sbtest8  (cost=5.46..401.19 rows=100 width=125)
	  Recheck Cond: ((k >= 7019269) AND (k <= 7019369))
	  ->  Bitmap Index Scan on k_8  (cost=0.00..5.43 rows=100 width=0)
	        Index Cond: ((k >= 7019269) AND (k <= 7019369))

explain: for range-notcovered :: explain SELECT k, c FROM sbtest%d WHERE k BETWEEN 6536390 AND 6536490
explain: for range-notcovered :: explain SELECT k, c FROM sbtest%d WHERE k BETWEEN 7019269 AND 7019369
for range-notcovered
table 1 : explain SELECT k, c FROM sbtest1 WHERE k BETWEEN 4254971 AND 4255071
	Bitmap Heap Scan on sbtest1  (cost=5.47..405.13 rows=101 width=125)
	  Recheck Cond: ((k >= 4254971) AND (k <= 4255071))
	  ->  Bitmap Index Scan on k_1  (cost=0.00..5.44 rows=101 width=0)
	        Index Cond: ((k >= 4254971) AND (k <= 4255071))

table 2 : explain SELECT k, c FROM sbtest2 WHERE k BETWEEN 4254971 AND 4255071
	Bitmap Heap Scan on sbtest2  (cost=5.48..409.07 rows=102 width=125)
	  Recheck Cond: ((k >= 4254971) AND (k <= 4255071))
	  ->  Bitmap Index Scan on k_2  (cost=0.00..5.45 rows=102 width=0)
	        Index Cond: ((k >= 4254971) AND (k <= 4255071))

table 3 : explain SELECT k, c FROM sbtest3 WHERE k BETWEEN 4254971 AND 4255071
	Bitmap Heap Scan on sbtest3  (cost=5.46..401.19 rows=100 width=125)
	  Recheck Cond: ((k >= 4254971) AND (k <= 4255071))
	  ->  Bitmap Index Scan on k_3  (cost=0.00..5.43 rows=100 width=0)
	        Index Cond: ((k >= 4254971) AND (k <= 4255071))

table 4 : explain SELECT k, c FROM sbtest4 WHERE k BETWEEN 4254971 AND 4255071
	Bitmap Heap Scan on sbtest4  (cost=5.42..385.43 rows=96 width=125)
	  Recheck Cond: ((k >= 4254971) AND (k <= 4255071))
	  ->  Bitmap Index Scan on k_4  (cost=0.00..5.39 rows=96 width=0)
	        Index Cond: ((k >= 4254971) AND (k <= 4255071))

table 5 : explain SELECT k, c FROM sbtest5 WHERE k BETWEEN 4254971 AND 4255071
	Bitmap Heap Scan on sbtest5  (cost=5.48..409.07 rows=102 width=125)
	  Recheck Cond: ((k >= 4254971) AND (k <= 4255071))
	  ->  Bitmap Index Scan on k_5  (cost=0.00..5.45 rows=102 width=0)
	        Index Cond: ((k >= 4254971) AND (k <= 4255071))

table 6 : explain SELECT k, c FROM sbtest6 WHERE k BETWEEN 4254971 AND 4255071
	Bitmap Heap Scan on sbtest6  (cost=5.44..393.31 rows=98 width=125)
	  Recheck Cond: ((k >= 4254971) AND (k <= 4255071))
	  ->  Bitmap Index Scan on k_6  (cost=0.00..5.42 rows=98 width=0)
	        Index Cond: ((k >= 4254971) AND (k <= 4255071))

table 7 : explain SELECT k, c FROM sbtest7 WHERE k BETWEEN 4254971 AND 4255071
	Bitmap Heap Scan on sbtest7  (cost=5.46..401.19 rows=100 width=125)
	  Recheck Cond: ((k >= 4254971) AND (k <= 4255071))
	  ->  Bitmap Index Scan on k_7  (cost=0.00..5.43 rows=100 width=0)
	        Index Cond: ((k >= 4254971) AND (k <= 4255071))

table 8 : explain SELECT k, c FROM sbtest8 WHERE k BETWEEN 4254971 AND 4255071
	Bitmap Heap Scan on sbtest8  (cost=5.54..432.69 rows=108 width=125)
	  Recheck Cond: ((k >= 4254971) AND (k <= 4255071))
	  ->  Bitmap Index Scan on k_8  (cost=0.00..5.51 rows=108 width=0)
	        Index Cond: ((k >= 4254971) AND (k <= 4255071))

explain: for range-notcovered :: explain SELECT k, c FROM sbtest%d WHERE k BETWEEN 4254971 AND 4255071
for range-notcovered
table 1 : explain SELECT k, c FROM sbtest1 WHERE k BETWEEN 1412515 AND 1412615
	Bitmap Heap Scan on sbtest1  (cost=5.47..405.13 rows=101 width=125)
	  Recheck Cond: ((k >= 1412515) AND (k <= 1412615))
	  ->  Bitmap Index Scan on k_1  (cost=0.00..5.44 rows=101 width=0)
	        Index Cond: ((k >= 1412515) AND (k <= 1412615))

table 2 : explain SELECT k, c FROM sbtest2 WHERE k BETWEEN 1412515 AND 1412615
	Bitmap Heap Scan on sbtest2  (cost=5.46..401.19 rows=100 width=125)
	  Recheck Cond: ((k >= 1412515) AND (k <= 1412615))
	  ->  Bitmap Index Scan on k_2  (cost=0.00..5.43 rows=100 width=0)
	        Index Cond: ((k >= 1412515) AND (k <= 1412615))

table 3 : explain SELECT k, c FROM sbtest3 WHERE k BETWEEN 1412515 AND 1412615
	Bitmap Heap Scan on sbtest3  (cost=5.46..401.19 rows=100 width=125)
	  Recheck Cond: ((k >= 1412515) AND (k <= 1412615))
	  ->  Bitmap Index Scan on k_3  (cost=0.00..5.43 rows=100 width=0)
	        Index Cond: ((k >= 1412515) AND (k <= 1412615))

table 4 : explain SELECT k, c FROM sbtest4 WHERE k BETWEEN 1412515 AND 1412615
	Bitmap Heap Scan on sbtest4  (cost=5.45..397.25 rows=99 width=125)
	  Recheck Cond: ((k >= 1412515) AND (k <= 1412615))
	  ->  Bitmap Index Scan on k_4  (cost=0.00..5.42 rows=99 width=0)
	        Index Cond: ((k >= 1412515) AND (k <= 1412615))

table 5 : explain SELECT k, c FROM sbtest5 WHERE k BETWEEN 1412515 AND 1412615
	Bitmap Heap Scan on sbtest5  (cost=5.44..393.31 rows=98 width=125)
	  Recheck Cond: ((k >= 1412515) AND (k <= 1412615))
	  ->  Bitmap Index Scan on k_5  (cost=0.00..5.42 rows=98 width=0)
	        Index Cond: ((k >= 1412515) AND (k <= 1412615))

table 6 : explain SELECT k, c FROM sbtest6 WHERE k BETWEEN 1412515 AND 1412615
	Bitmap Heap Scan on sbtest6  (cost=5.47..405.13 rows=101 width=125)
	  Recheck Cond: ((k >= 1412515) AND (k <= 1412615))
	  ->  Bitmap Index Scan on k_6  (cost=0.00..5.44 rows=101 width=0)
	        Index Cond: ((k >= 1412515) AND (k <= 1412615))

table 7 : explain SELECT k, c FROM sbtest7 WHERE k BETWEEN 1412515 AND 1412615
	Bitmap Heap Scan on sbtest7  (cost=5.60..456.29 rows=114 width=125)
	  Recheck Cond: ((k >= 1412515) AND (k <= 1412615))
	  ->  Bitmap Index Scan on k_7  (cost=0.00..5.58 rows=114 width=0)
	        Index Cond: ((k >= 1412515) AND (k <= 1412615))

table 8 : explain SELECT k, c FROM sbtest8 WHERE k BETWEEN 1412515 AND 1412615
	Bitmap Heap Scan on sbtest8  (cost=5.54..432.69 rows=108 width=125)
	  Recheck Cond: ((k >= 1412515) AND (k <= 1412615))
	  ->  Bitmap Index Scan on k_8  (cost=0.00..5.51 rows=108 width=0)
	        Index Cond: ((k >= 1412515) AND (k <= 1412615))

explain: for range-notcovered :: explain SELECT k, c FROM sbtest%d WHERE k BETWEEN 1412515 AND 1412615
for range-notcovered
table 1 : explain SELECT k, c FROM sbtest1 WHERE k BETWEEN 4235777 AND 4235877
	Bitmap Heap Scan on sbtest1  (cost=5.47..405.13 rows=101 width=125)
	  Recheck Cond: ((k >= 4235777) AND (k <= 4235877))
	  ->  Bitmap Index Scan on k_1  (cost=0.00..5.44 rows=101 width=0)
	        Index Cond: ((k >= 4235777) AND (k <= 4235877))

table 2 : explain SELECT k, c FROM sbtest2 WHERE k BETWEEN 4235777 AND 4235877
	Bitmap Heap Scan on sbtest2  (cost=5.48..409.07 rows=102 width=125)
	  Recheck Cond: ((k >= 4235777) AND (k <= 4235877))
	  ->  Bitmap Index Scan on k_2  (cost=0.00..5.45 rows=102 width=0)
	        Index Cond: ((k >= 4235777) AND (k <= 4235877))

table 3 : explain SELECT k, c FROM sbtest3 WHERE k BETWEEN 4235777 AND 4235877
	Bitmap Heap Scan on sbtest3  (cost=5.46..401.19 rows=100 width=125)
	  Recheck Cond: ((k >= 4235777) AND (k <= 4235877))
	  ->  Bitmap Index Scan on k_3  (cost=0.00..5.43 rows=100 width=0)
	        Index Cond: ((k >= 4235777) AND (k <= 4235877))

table 4 : explain SELECT k, c FROM sbtest4 WHERE k BETWEEN 4235777 AND 4235877
	Bitmap Heap Scan on sbtest4  (cost=5.42..385.43 rows=96 width=125)
	  Recheck Cond: ((k >= 4235777) AND (k <= 4235877))
	  ->  Bitmap Index Scan on k_4  (cost=0.00..5.39 rows=96 width=0)
	        Index Cond: ((k >= 4235777) AND (k <= 4235877))

table 5 : explain SELECT k, c FROM sbtest5 WHERE k BETWEEN 4235777 AND 4235877
	Bitmap Heap Scan on sbtest5  (cost=5.48..409.07 rows=102 width=125)
	  Recheck Cond: ((k >= 4235777) AND (k <= 4235877))
	  ->  Bitmap Index Scan on k_5  (cost=0.00..5.45 rows=102 width=0)
	        Index Cond: ((k >= 4235777) AND (k <= 4235877))

table 6 : explain SELECT k, c FROM sbtest6 WHERE k BETWEEN 4235777 AND 4235877
	Bitmap Heap Scan on sbtest6  (cost=5.44..393.31 rows=98 width=125)
	  Recheck Cond: ((k >= 4235777) AND (k <= 4235877))
	  ->  Bitmap Index Scan on k_6  (cost=0.00..5.42 rows=98 width=0)
	        Index Cond: ((k >= 4235777) AND (k <= 4235877))

table 7 : explain SELECT k, c FROM sbtest7 WHERE k BETWEEN 4235777 AND 4235877
	Bitmap Heap Scan on sbtest7  (cost=5.46..401.19 rows=100 width=125)
	  Recheck Cond: ((k >= 4235777) AND (k <= 4235877))
	  ->  Bitmap Index Scan on k_7  (cost=0.00..5.43 rows=100 width=0)
	        Index Cond: ((k >= 4235777) AND (k <= 4235877))

table 8 : explain SELECT k, c FROM sbtest8 WHERE k BETWEEN 4235777 AND 4235877
	Bitmap Heap Scan on sbtest8  (cost=5.54..432.69 rows=108 width=125)
	  Recheck Cond: ((k >= 4235777) AND (k <= 4235877))
	  ->  Bitmap Index Scan on k_8  (cost=0.00..5.51 rows=108 width=0)
	        Index Cond: ((k >= 4235777) AND (k <= 4235877))

for range-notcovered
table 1 : explain SELECT k, c FROM sbtest1 WHERE k BETWEEN 1664006 AND 1664106
	Bitmap Heap Scan on sbtest1  (cost=5.42..385.43 rows=96 width=125)
	  Recheck Cond: ((k >= 1664006) AND (k <= 1664106))
	  ->  Bitmap Index Scan on k_1  (cost=0.00..5.39 rows=96 width=0)
	        Index Cond: ((k >= 1664006) AND (k <= 1664106))

table 2 : explain SELECT k, c FROM sbtest2 WHERE k BETWEEN 1664006 AND 1664106
	Bitmap Heap Scan on sbtest2  (cost=5.53..428.75 rows=107 width=125)
	  Recheck Cond: ((k >= 1664006) AND (k <= 1664106))
	  ->  Bitmap Index Scan on k_2  (cost=0.00..5.50 rows=107 width=0)
	        Index Cond: ((k >= 1664006) AND (k <= 1664106))

table 3 : explain SELECT k, c FROM sbtest3 WHERE k BETWEEN 1664006 AND 1664106
	Bitmap Heap Scan on sbtest3  (cost=5.52..424.81 rows=106 width=125)
	  Recheck Cond: ((k >= 1664006) AND (k <= 1664106))
	  ->  Bitmap Index Scan on k_3  (cost=0.00..5.50 rows=106 width=0)
	        Index Cond: ((k >= 1664006) AND (k <= 1664106))

table 4 : explain SELECT k, c FROM sbtest4 WHERE k BETWEEN 1664006 AND 1664106
	Bitmap Heap Scan on sbtest4  (cost=5.53..428.75 rows=107 width=125)
	  Recheck Cond: ((k >= 1664006) AND (k <= 1664106))
	  ->  Bitmap Index Scan on k_4  (cost=0.00..5.50 rows=107 width=0)
	        Index Cond: ((k >= 1664006) AND (k <= 1664106))

table 5 : explain SELECT k, c FROM sbtest5 WHERE k BETWEEN 1664006 AND 1664106
	Bitmap Heap Scan on sbtest5  (cost=5.54..432.69 rows=108 width=125)
	  Recheck Cond: ((k >= 1664006) AND (k <= 1664106))
	  ->  Bitmap Index Scan on k_5  (cost=0.00..5.51 rows=108 width=0)
	        Index Cond: ((k >= 1664006) AND (k <= 1664106))

table 6 : explain SELECT k, c FROM sbtest6 WHERE k BETWEEN 1664006 AND 1664106
	Bitmap Heap Scan on sbtest6  (cost=5.56..440.56 rows=110 width=125)
	  Recheck Cond: ((k >= 1664006) AND (k <= 1664106))
	  ->  Bitmap Index Scan on k_6  (cost=0.00..5.53 rows=110 width=0)
	        Index Cond: ((k >= 1664006) AND (k <= 1664106))

table 7 : explain SELECT k, c FROM sbtest7 WHERE k BETWEEN 1664006 AND 1664106
	Bitmap Heap Scan on sbtest7  (cost=5.45..397.25 rows=99 width=125)
	  Recheck Cond: ((k >= 1664006) AND (k <= 1664106))
	  ->  Bitmap Index Scan on k_7  (cost=0.00..5.42 rows=99 width=0)
	        Index Cond: ((k >= 1664006) AND (k <= 1664106))

table 8 : explain SELECT k, c FROM sbtest8 WHERE k BETWEEN 1664006 AND 1664106
	Bitmap Heap Scan on sbtest8  (cost=5.38..369.67 rows=92 width=125)
	  Recheck Cond: ((k >= 1664006) AND (k <= 1664106))
	  ->  Bitmap Index Scan on k_8  (cost=0.00..5.35 rows=92 width=0)
	        Index Cond: ((k >= 1664006) AND (k <= 1664106))

explain: for range-notcovered :: explain SELECT k, c FROM sbtest%d WHERE k BETWEEN 4235777 AND 4235877
explain: for range-notcovered :: explain SELECT k, c FROM sbtest%d WHERE k BETWEEN 1834137 AND 1834237
for range-notcovered
table 1 : explain SELECT k, c FROM sbtest1 WHERE k BETWEEN 6488464 AND 6488564
	Bitmap Heap Scan on sbtest1  (cost=5.40..377.55 rows=94 width=125)
	  Recheck Cond: ((k >= 6488464) AND (k <= 6488564))
	  ->  Bitmap Index Scan on k_1  (cost=0.00..5.38 rows=94 width=0)
	        Index Cond: ((k >= 6488464) AND (k <= 6488564))

table 2 : explain SELECT k, c FROM sbtest2 WHERE k BETWEEN 6488464 AND 6488564
	Bitmap Heap Scan on sbtest2  (cost=5.36..361.78 rows=90 width=125)
	  Recheck Cond: ((k >= 6488464) AND (k <= 6488564))
	  ->  Bitmap Index Scan on k_2  (cost=0.00..5.33 rows=90 width=0)
	        Index Cond: ((k >= 6488464) AND (k <= 6488564))

table 3 : explain SELECT k, c FROM sbtest3 WHERE k BETWEEN 6488464 AND 6488564
	Bitmap Heap Scan on sbtest3  (cost=5.57..444.49 rows=111 width=125)
	  Recheck Cond: ((k >= 6488464) AND (k <= 6488564))
	  ->  Bitmap Index Scan on k_3  (cost=0.00..5.54 rows=111 width=0)
	        Index Cond: ((k >= 6488464) AND (k <= 6488564))

table 4 : explain SELECT k, c FROM sbtest4 WHERE k BETWEEN 6488464 AND 6488564
	Bitmap Heap Scan on sbtest4  (cost=5.43..389.37 rows=97 width=125)
	  Recheck Cond: ((k >= 6488464) AND (k <= 6488564))
	  ->  Bitmap Index Scan on k_4  (cost=0.00..5.40 rows=97 width=0)
	        Index Cond: ((k >= 6488464) AND (k <= 6488564))

table 5 : explain SELECT k, c FROM sbtest5 WHERE k BETWEEN 6488464 AND 6488564
	Bitmap Heap Scan on sbtest5  (cost=5.46..401.19 rows=100 width=125)
	  Recheck Cond: ((k >= 6488464) AND (k <= 6488564))
	  ->  Bitmap Index Scan on k_5  (cost=0.00..5.43 rows=100 width=0)
	        Index Cond: ((k >= 6488464) AND (k <= 6488564))

table 6 : explain SELECT k, c FROM sbtest6 WHERE k BETWEEN 6488464 AND 6488564
	Bitmap Heap Scan on sbtest6  (cost=5.45..397.25 rows=99 width=125)
	  Recheck Cond: ((k >= 6488464) AND (k <= 6488564))
	  ->  Bitmap Index Scan on k_6  (cost=0.00..5.42 rows=99 width=0)
	        Index Cond: ((k >= 6488464) AND (k <= 6488564))

table 7 : explain SELECT k, c FROM sbtest7 WHERE k BETWEEN 6488464 AND 6488564
	Bitmap Heap Scan on sbtest7  (cost=5.47..405.13 rows=101 width=125)
	  Recheck Cond: ((k >= 6488464) AND (k <= 6488564))
	  ->  Bitmap Index Scan on k_7  (cost=0.00..5.44 rows=101 width=0)
	        Index Cond: ((k >= 6488464) AND (k <= 6488564))

table 8 : explain SELECT k, c FROM sbtest8 WHERE k BETWEEN 6488464 AND 6488564
	Bitmap Heap Scan on sbtest8  (cost=5.44..393.31 rows=98 width=125)
	  Recheck Cond: ((k >= 6488464) AND (k <= 6488564))
	  ->  Bitmap Index Scan on k_8  (cost=0.00..5.42 rows=98 width=0)
	        Index Cond: ((k >= 6488464) AND (k <= 6488564))

for range-notcovered
table 1 : explain SELECT k, c FROM sbtest1 WHERE k BETWEEN 4254971 AND 4255071
	Bitmap Heap Scan on sbtest1  (cost=5.47..405.13 rows=101 width=125)
	  Recheck Cond: ((k >= 4254971) AND (k <= 4255071))
	  ->  Bitmap Index Scan on k_1  (cost=0.00..5.44 rows=101 width=0)
	        Index Cond: ((k >= 4254971) AND (k <= 4255071))

table 2 : explain SELECT k, c FROM sbtest2 WHERE k BETWEEN 4254971 AND 4255071
	Bitmap Heap Scan on sbtest2  (cost=5.48..409.07 rows=102 width=125)
	  Recheck Cond: ((k >= 4254971) AND (k <= 4255071))
	  ->  Bitmap Index Scan on k_2  (cost=0.00..5.45 rows=102 width=0)
	        Index Cond: ((k >= 4254971) AND (k <= 4255071))

table 3 : explain SELECT k, c FROM sbtest3 WHERE k BETWEEN 4254971 AND 4255071
	Bitmap Heap Scan on sbtest3  (cost=5.46..401.19 rows=100 width=125)
	  Recheck Cond: ((k >= 4254971) AND (k <= 4255071))
	  ->  Bitmap Index Scan on k_3  (cost=0.00..5.43 rows=100 width=0)
	        Index Cond: ((k >= 4254971) AND (k <= 4255071))

table 4 : explain SELECT k, c FROM sbtest4 WHERE k BETWEEN 4254971 AND 4255071
	Bitmap Heap Scan on sbtest4  (cost=5.42..385.43 rows=96 width=125)
	  Recheck Cond: ((k >= 4254971) AND (k <= 4255071))
	  ->  Bitmap Index Scan on k_4  (cost=0.00..5.39 rows=96 width=0)
	        Index Cond: ((k >= 4254971) AND (k <= 4255071))

table 5 : explain SELECT k, c FROM sbtest5 WHERE k BETWEEN 4254971 AND 4255071
	Bitmap Heap Scan on sbtest5  (cost=5.48..409.07 rows=102 width=125)
	  Recheck Cond: ((k >= 4254971) AND (k <= 4255071))
	  ->  Bitmap Index Scan on k_5  (cost=0.00..5.45 rows=102 width=0)
	        Index Cond: ((k >= 4254971) AND (k <= 4255071))

table 6 : explain SELECT k, c FROM sbtest6 WHERE k BETWEEN 4254971 AND 4255071
	Bitmap Heap Scan on sbtest6  (cost=5.44..393.31 rows=98 width=125)
	  Recheck Cond: ((k >= 4254971) AND (k <= 4255071))
	  ->  Bitmap Index Scan on k_6  (cost=0.00..5.42 rows=98 width=0)
	        Index Cond: ((k >= 4254971) AND (k <= 4255071))

table 7 : explain SELECT k, c FROM sbtest7 WHERE k BETWEEN 4254971 AND 4255071
	Bitmap Heap Scan on sbtest7  (cost=5.46..401.19 rows=100 width=125)
	  Recheck Cond: ((k >= 4254971) AND (k <= 4255071))
	  ->  Bitmap Index Scan on k_7  (cost=0.00..5.43 rows=100 width=0)
	        Index Cond: ((k >= 4254971) AND (k <= 4255071))

table 8 : explain SELECT k, c FROM sbtest8 WHERE k BETWEEN 4254971 AND 4255071
	Bitmap Heap Scan on sbtest8  (cost=5.54..432.69 rows=108 width=125)
	  Recheck Cond: ((k >= 4254971) AND (k <= 4255071))
	  ->  Bitmap Index Scan on k_8  (cost=0.00..5.51 rows=108 width=0)
	        Index Cond: ((k >= 4254971) AND (k <= 4255071))

explain: for range-notcovered :: explain SELECT k, c FROM sbtest%d WHERE k BETWEEN 6488464 AND 6488564
for range-notcovered
table 1 : explain SELECT k, c FROM sbtest1 WHERE k BETWEEN 4137720 AND 4137820
	Bitmap Heap Scan on sbtest1  (cost=5.57..444.49 rows=111 width=125)
	  Recheck Cond: ((k >= 4137720) AND (k <= 4137820))
	  ->  Bitmap Index Scan on k_1  (cost=0.00..5.54 rows=111 width=0)
	        Index Cond: ((k >= 4137720) AND (k <= 4137820))

table 2 : explain SELECT k, c FROM sbtest2 WHERE k BETWEEN 4137720 AND 4137820
	Bitmap Heap Scan on sbtest2  (cost=5.56..440.56 rows=110 width=125)
	  Recheck Cond: ((k >= 4137720) AND (k <= 4137820))
	  ->  Bitmap Index Scan on k_2  (cost=0.00..5.53 rows=110 width=0)
	        Index Cond: ((k >= 4137720) AND (k <= 4137820))

table 3 : explain SELECT k, c FROM sbtest3 WHERE k BETWEEN 4137720 AND 4137820
	Bitmap Heap Scan on sbtest3  (cost=5.43..389.37 rows=97 width=125)
	  Recheck Cond: ((k >= 4137720) AND (k <= 4137820))
	  ->  Bitmap Index Scan on k_3  (cost=0.00..5.40 rows=97 width=0)
	        Index Cond: ((k >= 4137720) AND (k <= 4137820))

table 4 : explain SELECT k, c FROM sbtest4 WHERE k BETWEEN 4137720 AND 4137820
	Bitmap Heap Scan on sbtest4  (cost=5.43..389.37 rows=97 width=125)
	  Recheck Cond: ((k >= 4137720) AND (k <= 4137820))
	  ->  Bitmap Index Scan on k_4  (cost=0.00..5.40 rows=97 width=0)
	        Index Cond: ((k >= 4137720) AND (k <= 4137820))

table 5 : explain SELECT k, c FROM sbtest5 WHERE k BETWEEN 4137720 AND 4137820
	Bitmap Heap Scan on sbtest5  (cost=5.42..385.43 rows=96 width=125)
	  Recheck Cond: ((k >= 4137720) AND (k <= 4137820))
	  ->  Bitmap Index Scan on k_5  (cost=0.00..5.39 rows=96 width=0)
	        Index Cond: ((k >= 4137720) AND (k <= 4137820))

table 6 : explain SELECT k, c FROM sbtest6 WHERE k BETWEEN 4137720 AND 4137820
	Bitmap Heap Scan on sbtest6  (cost=5.53..428.75 rows=107 width=125)
	  Recheck Cond: ((k >= 4137720) AND (k <= 4137820))
	  ->  Bitmap Index Scan on k_6  (cost=0.00..5.50 rows=107 width=0)
	        Index Cond: ((k >= 4137720) AND (k <= 4137820))

table 7 : explain SELECT k, c FROM sbtest7 WHERE k BETWEEN 4137720 AND 4137820
	Bitmap Heap Scan on sbtest7  (cost=5.46..401.19 rows=100 width=125)
	  Recheck Cond: ((k >= 4137720) AND (k <= 4137820))
	  ->  Bitmap Index Scan on k_7  (cost=0.00..5.43 rows=100 width=0)
	        Index Cond: ((k >= 4137720) AND (k <= 4137820))

table 8 : explain SELECT k, c FROM sbtest8 WHERE k BETWEEN 4137720 AND 4137820
	Bitmap Heap Scan on sbtest8  (cost=5.50..416.94 rows=104 width=125)
	  Recheck Cond: ((k >= 4137720) AND (k <= 4137820))
	  ->  Bitmap Index Scan on k_8  (cost=0.00..5.47 rows=104 width=0)
	        Index Cond: ((k >= 4137720) AND (k <= 4137820))

explain: for range-notcovered :: explain SELECT k, c FROM sbtest%d WHERE k BETWEEN 4137720 AND 4137820
explain: for range-notcovered :: explain SELECT k, c FROM sbtest%d WHERE k BETWEEN 1664006 AND 1664106
for range-notcovered
table 1 : explain SELECT k, c FROM sbtest1 WHERE k BETWEEN 5335034 AND 5335134
	Bitmap Heap Scan on sbtest1  (cost=5.50..416.94 rows=104 width=125)
	  Recheck Cond: ((k >= 5335034) AND (k <= 5335134))
	  ->  Bitmap Index Scan on k_1  (cost=0.00..5.47 rows=104 width=0)
	        Index Cond: ((k >= 5335034) AND (k <= 5335134))

table 2 : explain SELECT k, c FROM sbtest2 WHERE k BETWEEN 5335034 AND 5335134
	Bitmap Heap Scan on sbtest2  (cost=5.45..397.25 rows=99 width=125)
	  Recheck Cond: ((k >= 5335034) AND (k <= 5335134))
	  ->  Bitmap Index Scan on k_2  (cost=0.00..5.42 rows=99 width=0)
	        Index Cond: ((k >= 5335034) AND (k <= 5335134))

table 3 : explain SELECT k, c FROM sbtest3 WHERE k BETWEEN 5335034 AND 5335134
	Bitmap Heap Scan on sbtest3  (cost=5.50..416.94 rows=104 width=125)
	  Recheck Cond: ((k >= 5335034) AND (k <= 5335134))
	  ->  Bitmap Index Scan on k_3  (cost=0.00..5.47 rows=104 width=0)
	        Index Cond: ((k >= 5335034) AND (k <= 5335134))

table 4 : explain SELECT k, c FROM sbtest4 WHERE k BETWEEN 5335034 AND 5335134
	Bitmap Heap Scan on sbtest4  (cost=5.55..436.62 rows=109 width=125)
	  Recheck Cond: ((k >= 5335034) AND (k <= 5335134))
	  ->  Bitmap Index Scan on k_4  (cost=0.00..5.52 rows=109 width=0)
	        Index Cond: ((k >= 5335034) AND (k <= 5335134))

table 5 : explain SELECT k, c FROM sbtest5 WHERE k BETWEEN 5335034 AND 5335134
	Bitmap Heap Scan on sbtest5  (cost=5.56..440.56 rows=110 width=125)
	  Recheck Cond: ((k >= 5335034) AND (k <= 5335134))
	  ->  Bitmap Index Scan on k_5  (cost=0.00..5.53 rows=110 width=0)
	        Index Cond: ((k >= 5335034) AND (k <= 5335134))

table 6 : explain SELECT k, c FROM sbtest6 WHERE k BETWEEN 5335034 AND 5335134
	Bitmap Heap Scan on sbtest6  (cost=5.40..377.55 rows=94 width=125)
	  Recheck Cond: ((k >= 5335034) AND (k <= 5335134))
	  ->  Bitmap Index Scan on k_6  (cost=0.00..5.38 rows=94 width=0)
	        Index Cond: ((k >= 5335034) AND (k <= 5335134))

table 7 : explain SELECT k, c FROM sbtest7 WHERE k BETWEEN 5335034 AND 5335134
	Bitmap Heap Scan on sbtest7  (cost=5.46..401.19 rows=100 width=125)
	  Recheck Cond: ((k >= 5335034) AND (k <= 5335134))
	  ->  Bitmap Index Scan on k_7  (cost=0.00..5.43 rows=100 width=0)
	        Index Cond: ((k >= 5335034) AND (k <= 5335134))

table 8 : explain SELECT k, c FROM sbtest8 WHERE k BETWEEN 5335034 AND 5335134
	Bitmap Heap Scan on sbtest8  (cost=5.43..389.37 rows=97 width=125)
	  Recheck Cond: ((k >= 5335034) AND (k <= 5335134))
	  ->  Bitmap Index Scan on k_8  (cost=0.00..5.40 rows=97 width=0)
	        Index Cond: ((k >= 5335034) AND (k <= 5335134))

explain: for range-notcovered :: explain SELECT k, c FROM sbtest%d WHERE k BETWEEN 5335034 AND 5335134
for range-notcovered
table 1 : explain SELECT k, c FROM sbtest1 WHERE k BETWEEN 7951375 AND 7951475
	Bitmap Heap Scan on sbtest1  (cost=5.48..409.07 rows=102 width=125)
	  Recheck Cond: ((k >= 7951375) AND (k <= 7951475))
	  ->  Bitmap Index Scan on k_1  (cost=0.00..5.45 rows=102 width=0)
	        Index Cond: ((k >= 7951375) AND (k <= 7951475))

table 2 : explain SELECT k, c FROM sbtest2 WHERE k BETWEEN 7951375 AND 7951475
	Bitmap Heap Scan on sbtest2  (cost=5.48..409.07 rows=102 width=125)
	  Recheck Cond: ((k >= 7951375) AND (k <= 7951475))
	  ->  Bitmap Index Scan on k_2  (cost=0.00..5.45 rows=102 width=0)
	        Index Cond: ((k >= 7951375) AND (k <= 7951475))

table 3 : explain SELECT k, c FROM sbtest3 WHERE k BETWEEN 7951375 AND 7951475
	Bitmap Heap Scan on sbtest3  (cost=5.42..385.43 rows=96 width=125)
	  Recheck Cond: ((k >= 7951375) AND (k <= 7951475))
	  ->  Bitmap Index Scan on k_3  (cost=0.00..5.39 rows=96 width=0)
	        Index Cond: ((k >= 7951375) AND (k <= 7951475))

table 4 : explain SELECT k, c FROM sbtest4 WHERE k BETWEEN 7951375 AND 7951475
	Bitmap Heap Scan on sbtest4  (cost=5.51..420.88 rows=105 width=125)
	  Recheck Cond: ((k >= 7951375) AND (k <= 7951475))
	  ->  Bitmap Index Scan on k_4  (cost=0.00..5.48 rows=105 width=0)
	        Index Cond: ((k >= 7951375) AND (k <= 7951475))

table 5 : explain SELECT k, c FROM sbtest5 WHERE k BETWEEN 7951375 AND 7951475
	Bitmap Heap Scan on sbtest5  (cost=5.49..413.00 rows=103 width=125)
	  Recheck Cond: ((k >= 7951375) AND (k <= 7951475))
	  ->  Bitmap Index Scan on k_5  (cost=0.00..5.46 rows=103 width=0)
	        Index Cond: ((k >= 7951375) AND (k <= 7951475))

table 6 : explain SELECT k, c FROM sbtest6 WHERE k BETWEEN 7951375 AND 7951475
	Bitmap Heap Scan on sbtest6  (cost=5.57..444.49 rows=111 width=125)
	  Recheck Cond: ((k >= 7951375) AND (k <= 7951475))
	  ->  Bitmap Index Scan on k_6  (cost=0.00..5.54 rows=111 width=0)
	        Index Cond: ((k >= 7951375) AND (k <= 7951475))

table 7 : explain SELECT k, c FROM sbtest7 WHERE k BETWEEN 7951375 AND 7951475
	Bitmap Heap Scan on sbtest7  (cost=5.44..393.31 rows=98 width=125)
	  Recheck Cond: ((k >= 7951375) AND (k <= 7951475))
	  ->  Bitmap Index Scan on k_7  (cost=0.00..5.42 rows=98 width=0)
	        Index Cond: ((k >= 7951375) AND (k <= 7951475))

table 8 : explain SELECT k, c FROM sbtest8 WHERE k BETWEEN 7951375 AND 7951475
	Bitmap Heap Scan on sbtest8  (cost=5.55..436.62 rows=109 width=125)
	  Recheck Cond: ((k >= 7951375) AND (k <= 7951475))
	  ->  Bitmap Index Scan on k_8  (cost=0.00..5.52 rows=109 width=0)
	        Index Cond: ((k >= 7951375) AND (k <= 7951475))

for range-notcovered
table 1 : explain SELECT k, c FROM sbtest1 WHERE k BETWEEN 7019269 AND 7019369
	Bitmap Heap Scan on sbtest1  (cost=5.52..424.81 rows=106 width=125)
	  Recheck Cond: ((k >= 7019269) AND (k <= 7019369))
	  ->  Bitmap Index Scan on k_1  (cost=0.00..5.50 rows=106 width=0)
	        Index Cond: ((k >= 7019269) AND (k <= 7019369))

table 2 : explain SELECT k, c FROM sbtest2 WHERE k BETWEEN 7019269 AND 7019369
	Bitmap Heap Scan on sbtest2  (cost=5.45..397.25 rows=99 width=125)
	  Recheck Cond: ((k >= 7019269) AND (k <= 7019369))
	  ->  Bitmap Index Scan on k_2  (cost=0.00..5.42 rows=99 width=0)
	        Index Cond: ((k >= 7019269) AND (k <= 7019369))

table 3 : explain SELECT k, c FROM sbtest3 WHERE k BETWEEN 7019269 AND 7019369
	Bitmap Heap Scan on sbtest3  (cost=5.45..397.25 rows=99 width=125)
	  Recheck Cond: ((k >= 7019269) AND (k <= 7019369))
	  ->  Bitmap Index Scan on k_3  (cost=0.00..5.42 rows=99 width=0)
	        Index Cond: ((k >= 7019269) AND (k <= 7019369))

table 4 : explain SELECT k, c FROM sbtest4 WHERE k BETWEEN 7019269 AND 7019369
	Bitmap Heap Scan on sbtest4  (cost=5.54..432.69 rows=108 width=125)
	  Recheck Cond: ((k >= 7019269) AND (k <= 7019369))
	  ->  Bitmap Index Scan on k_4  (cost=0.00..5.51 rows=108 width=0)
	        Index Cond: ((k >= 7019269) AND (k <= 7019369))

table 5 : explain SELECT k, c FROM sbtest5 WHERE k BETWEEN 7019269 AND 7019369
	Bitmap Heap Scan on sbtest5  (cost=5.44..393.31 rows=98 width=125)
	  Recheck Cond: ((k >= 7019269) AND (k <= 7019369))
	  ->  Bitmap Index Scan on k_5  (cost=0.00..5.42 rows=98 width=0)
	        Index Cond: ((k >= 7019269) AND (k <= 7019369))

table 6 : explain SELECT k, c FROM sbtest6 WHERE k BETWEEN 7019269 AND 7019369
	Bitmap Heap Scan on sbtest6  (cost=5.47..405.13 rows=101 width=125)
	  Recheck Cond: ((k >= 7019269) AND (k <= 7019369))
	  ->  Bitmap Index Scan on k_6  (cost=0.00..5.44 rows=101 width=0)
	        Index Cond: ((k >= 7019269) AND (k <= 7019369))

table 7 : explain SELECT k, c FROM sbtest7 WHERE k BETWEEN 7019269 AND 7019369
	Bitmap Heap Scan on sbtest7  (cost=5.51..420.88 rows=105 width=125)
	  Recheck Cond: ((k >= 7019269) AND (k <= 7019369))
	  ->  Bitmap Index Scan on k_7  (cost=0.00..5.48 rows=105 width=0)
	        Index Cond: ((k >= 7019269) AND (k <= 7019369))

table 8 : explain SELECT k, c FROM sbtest8 WHERE k BETWEEN 7019269 AND 7019369
	Bitmap Heap Scan on sbtest8  (cost=5.46..401.19 rows=100 width=125)
	  Recheck Cond: ((k >= 7019269) AND (k <= 7019369))
	  ->  Bitmap Index Scan on k_8  (cost=0.00..5.43 rows=100 width=0)
	        Index Cond: ((k >= 7019269) AND (k <= 7019369))

for range-notcovered
table 1 : explain SELECT k, c FROM sbtest1 WHERE k BETWEEN 6536390 AND 6536490
	Bitmap Heap Scan on sbtest1  (cost=5.40..377.55 rows=94 width=125)
	  Recheck Cond: ((k >= 6536390) AND (k <= 6536490))
	  ->  Bitmap Index Scan on k_1  (cost=0.00..5.38 rows=94 width=0)
	        Index Cond: ((k >= 6536390) AND (k <= 6536490))

table 2 : explain SELECT k, c FROM sbtest2 WHERE k BETWEEN 6536390 AND 6536490
	Bitmap Heap Scan on sbtest2  (cost=5.36..361.78 rows=90 width=125)
	  Recheck Cond: ((k >= 6536390) AND (k <= 6536490))
	  ->  Bitmap Index Scan on k_2  (cost=0.00..5.33 rows=90 width=0)
	        Index Cond: ((k >= 6536390) AND (k <= 6536490))

table 3 : explain SELECT k, c FROM sbtest3 WHERE k BETWEEN 6536390 AND 6536490
	Bitmap Heap Scan on sbtest3  (cost=5.57..444.49 rows=111 width=125)
	  Recheck Cond: ((k >= 6536390) AND (k <= 6536490))
	  ->  Bitmap Index Scan on k_3  (cost=0.00..5.54 rows=111 width=0)
	        Index Cond: ((k >= 6536390) AND (k <= 6536490))

table 4 : explain SELECT k, c FROM sbtest4 WHERE k BETWEEN 6536390 AND 6536490
	Bitmap Heap Scan on sbtest4  (cost=5.43..389.37 rows=97 width=125)
	  Recheck Cond: ((k >= 6536390) AND (k <= 6536490))
	  ->  Bitmap Index Scan on k_4  (cost=0.00..5.40 rows=97 width=0)
	        Index Cond: ((k >= 6536390) AND (k <= 6536490))

table 5 : explain SELECT k, c FROM sbtest5 WHERE k BETWEEN 6536390 AND 6536490
	Bitmap Heap Scan on sbtest5  (cost=5.46..401.19 rows=100 width=125)
	  Recheck Cond: ((k >= 6536390) AND (k <= 6536490))
	  ->  Bitmap Index Scan on k_5  (cost=0.00..5.43 rows=100 width=0)
	        Index Cond: ((k >= 6536390) AND (k <= 6536490))

table 6 : explain SELECT k, c FROM sbtest6 WHERE k BETWEEN 6536390 AND 6536490
	Bitmap Heap Scan on sbtest6  (cost=5.46..401.19 rows=100 width=125)
	  Recheck Cond: ((k >= 6536390) AND (k <= 6536490))
	  ->  Bitmap Index Scan on k_6  (cost=0.00..5.43 rows=100 width=0)
	        Index Cond: ((k >= 6536390) AND (k <= 6536490))

table 7 : explain SELECT k, c FROM sbtest7 WHERE k BETWEEN 6536390 AND 6536490
	Bitmap Heap Scan on sbtest7  (cost=5.57..444.49 rows=111 width=125)
	  Recheck Cond: ((k >= 6536390) AND (k <= 6536490))
	  ->  Bitmap Index Scan on k_7  (cost=0.00..5.54 rows=111 width=0)
	        Index Cond: ((k >= 6536390) AND (k <= 6536490))

table 8 : explain SELECT k, c FROM sbtest8 WHERE k BETWEEN 6536390 AND 6536490
	Bitmap Heap Scan on sbtest8  (cost=5.46..401.19 rows=100 width=125)
	  Recheck Cond: ((k >= 6536390) AND (k <= 6536490))
	  ->  Bitmap Index Scan on k_8  (cost=0.00..5.43 rows=100 width=0)
	        Index Cond: ((k >= 6536390) AND (k <= 6536490))

explain: for range-notcovered :: explain SELECT k, c FROM sbtest%d WHERE k BETWEEN 7951375 AND 7951475
explain: for range-notcovered :: explain SELECT k, c FROM sbtest%d WHERE k BETWEEN 7019269 AND 7019369
for range-notcovered
table 1 : explain SELECT k, c FROM sbtest1 WHERE k BETWEEN 1412515 AND 1412615
	Bitmap Heap Scan on sbtest1  (cost=5.47..405.13 rows=101 width=125)
	  Recheck Cond: ((k >= 1412515) AND (k <= 1412615))
	  ->  Bitmap Index Scan on k_1  (cost=0.00..5.44 rows=101 width=0)
	        Index Cond: ((k >= 1412515) AND (k <= 1412615))

table 2 : explain SELECT k, c FROM sbtest2 WHERE k BETWEEN 1412515 AND 1412615
	Bitmap Heap Scan on sbtest2  (cost=5.46..401.19 rows=100 width=125)
	  Recheck Cond: ((k >= 1412515) AND (k <= 1412615))
	  ->  Bitmap Index Scan on k_2  (cost=0.00..5.43 rows=100 width=0)
	        Index Cond: ((k >= 1412515) AND (k <= 1412615))

table 3 : explain SELECT k, c FROM sbtest3 WHERE k BETWEEN 1412515 AND 1412615
	Bitmap Heap Scan on sbtest3  (cost=5.46..401.19 rows=100 width=125)
	  Recheck Cond: ((k >= 1412515) AND (k <= 1412615))
	  ->  Bitmap Index Scan on k_3  (cost=0.00..5.43 rows=100 width=0)
	        Index Cond: ((k >= 1412515) AND (k <= 1412615))

table 4 : explain SELECT k, c FROM sbtest4 WHERE k BETWEEN 1412515 AND 1412615
	Bitmap Heap Scan on sbtest4  (cost=5.45..397.25 rows=99 width=125)
	  Recheck Cond: ((k >= 1412515) AND (k <= 1412615))
	  ->  Bitmap Index Scan on k_4  (cost=0.00..5.42 rows=99 width=0)
	        Index Cond: ((k >= 1412515) AND (k <= 1412615))

table 5 : explain SELECT k, c FROM sbtest5 WHERE k BETWEEN 1412515 AND 1412615
	Bitmap Heap Scan on sbtest5  (cost=5.44..393.31 rows=98 width=125)
	  Recheck Cond: ((k >= 1412515) AND (k <= 1412615))
	  ->  Bitmap Index Scan on k_5  (cost=0.00..5.42 rows=98 width=0)
	        Index Cond: ((k >= 1412515) AND (k <= 1412615))

table 6 : explain SELECT k, c FROM sbtest6 WHERE k BETWEEN 1412515 AND 1412615
	Bitmap Heap Scan on sbtest6  (cost=5.47..405.13 rows=101 width=125)
	  Recheck Cond: ((k >= 1412515) AND (k <= 1412615))
	  ->  Bitmap Index Scan on k_6  (cost=0.00..5.44 rows=101 width=0)
	        Index Cond: ((k >= 1412515) AND (k <= 1412615))

table 7 : explain SELECT k, c FROM sbtest7 WHERE k BETWEEN 1412515 AND 1412615
	Bitmap Heap Scan on sbtest7  (cost=5.60..456.29 rows=114 width=125)
	  Recheck Cond: ((k >= 1412515) AND (k <= 1412615))
	  ->  Bitmap Index Scan on k_7  (cost=0.00..5.58 rows=114 width=0)
	        Index Cond: ((k >= 1412515) AND (k <= 1412615))

table 8 : explain SELECT k, c FROM sbtest8 WHERE k BETWEEN 1412515 AND 1412615
	Bitmap Heap Scan on sbtest8  (cost=5.54..432.69 rows=108 width=125)
	  Recheck Cond: ((k >= 1412515) AND (k <= 1412615))
	  ->  Bitmap Index Scan on k_8  (cost=0.00..5.51 rows=108 width=0)
	        Index Cond: ((k >= 1412515) AND (k <= 1412615))

for range-notcovered
table 1 : explain SELECT k, c FROM sbtest1 WHERE k BETWEEN 4037327 AND 4037427
	Bitmap Heap Scan on sbtest1  (cost=5.46..401.19 rows=100 width=125)
	  Recheck Cond: ((k >= 4037327) AND (k <= 4037427))
	  ->  Bitmap Index Scan on k_1  (cost=0.00..5.43 rows=100 width=0)
	        Index Cond: ((k >= 4037327) AND (k <= 4037427))

table 2 : explain SELECT k, c FROM sbtest2 WHERE k BETWEEN 4037327 AND 4037427
	Bitmap Heap Scan on sbtest2  (cost=5.49..413.00 rows=103 width=125)
	  Recheck Cond: ((k >= 4037327) AND (k <= 4037427))
	  ->  Bitmap Index Scan on k_2  (cost=0.00..5.46 rows=103 width=0)
	        Index Cond: ((k >= 4037327) AND (k <= 4037427))

table 3 : explain SELECT k, c FROM sbtest3 WHERE k BETWEEN 4037327 AND 4037427
	Bitmap Heap Scan on sbtest3  (cost=5.46..401.19 rows=100 width=125)
	  Recheck Cond: ((k >= 4037327) AND (k <= 4037427))
	  ->  Bitmap Index Scan on k_3  (cost=0.00..5.43 rows=100 width=0)
	        Index Cond: ((k >= 4037327) AND (k <= 4037427))

table 4 : explain SELECT k, c FROM sbtest4 WHERE k BETWEEN 4037327 AND 4037427
	Bitmap Heap Scan on sbtest4  (cost=5.58..448.42 rows=112 width=125)
	  Recheck Cond: ((k >= 4037327) AND (k <= 4037427))
	  ->  Bitmap Index Scan on k_4  (cost=0.00..5.55 rows=112 width=0)
	        Index Cond: ((k >= 4037327) AND (k <= 4037427))

table 5 : explain SELECT k, c FROM sbtest5 WHERE k BETWEEN 4037327 AND 4037427
	Bitmap Heap Scan on sbtest5  (cost=5.48..409.07 rows=102 width=125)
	  Recheck Cond: ((k >= 4037327) AND (k <= 4037427))
	  ->  Bitmap Index Scan on k_5  (cost=0.00..5.45 rows=102 width=0)
	        Index Cond: ((k >= 4037327) AND (k <= 4037427))

table 6 : explain SELECT k, c FROM sbtest6 WHERE k BETWEEN 4037327 AND 4037427
	Bitmap Heap Scan on sbtest6  (cost=5.43..389.37 rows=97 width=125)
	  Recheck Cond: ((k >= 4037327) AND (k <= 4037427))
	  ->  Bitmap Index Scan on k_6  (cost=0.00..5.40 rows=97 width=0)
	        Index Cond: ((k >= 4037327) AND (k <= 4037427))

table 7 : explain SELECT k, c FROM sbtest7 WHERE k BETWEEN 4037327 AND 4037427
	Bitmap Heap Scan on sbtest7  (cost=5.45..397.25 rows=99 width=125)
	  Recheck Cond: ((k >= 4037327) AND (k <= 4037427))
	  ->  Bitmap Index Scan on k_7  (cost=0.00..5.42 rows=99 width=0)
	        Index Cond: ((k >= 4037327) AND (k <= 4037427))

table 8 : explain SELECT k, c FROM sbtest8 WHERE k BETWEEN 4037327 AND 4037427
	Bitmap Heap Scan on sbtest8  (cost=5.47..405.13 rows=101 width=125)
	  Recheck Cond: ((k >= 4037327) AND (k <= 4037427))
	  ->  Bitmap Index Scan on k_8  (cost=0.00..5.44 rows=101 width=0)
	        Index Cond: ((k >= 4037327) AND (k <= 4037427))

for range-notcovered
table 1 : explain SELECT k, c FROM sbtest1 WHERE k BETWEEN 4275057 AND 4275157
	Bitmap Heap Scan on sbtest1  (cost=5.47..405.13 rows=101 width=125)
	  Recheck Cond: ((k >= 4275057) AND (k <= 4275157))
	  ->  Bitmap Index Scan on k_1  (cost=0.00..5.44 rows=101 width=0)
	        Index Cond: ((k >= 4275057) AND (k <= 4275157))

table 2 : explain SELECT k, c FROM sbtest2 WHERE k BETWEEN 4275057 AND 4275157
	Bitmap Heap Scan on sbtest2  (cost=5.48..409.07 rows=102 width=125)
	  Recheck Cond: ((k >= 4275057) AND (k <= 4275157))
	  ->  Bitmap Index Scan on k_2  (cost=0.00..5.45 rows=102 width=0)
	        Index Cond: ((k >= 4275057) AND (k <= 4275157))

table 3 : explain SELECT k, c FROM sbtest3 WHERE k BETWEEN 4275057 AND 4275157
	Bitmap Heap Scan on sbtest3  (cost=5.46..401.19 rows=100 width=125)
	  Recheck Cond: ((k >= 4275057) AND (k <= 4275157))
	  ->  Bitmap Index Scan on k_3  (cost=0.00..5.43 rows=100 width=0)
	        Index Cond: ((k >= 4275057) AND (k <= 4275157))

table 4 : explain SELECT k, c FROM sbtest4 WHERE k BETWEEN 4275057 AND 4275157
	Bitmap Heap Scan on sbtest4  (cost=5.46..401.19 rows=100 width=125)
	  Recheck Cond: ((k >= 4275057) AND (k <= 4275157))
	  ->  Bitmap Index Scan on k_4  (cost=0.00..5.43 rows=100 width=0)
	        Index Cond: ((k >= 4275057) AND (k <= 4275157))

table 5 : explain SELECT k, c FROM sbtest5 WHERE k BETWEEN 4275057 AND 4275157
	Bitmap Heap Scan on sbtest5  (cost=5.48..409.07 rows=102 width=125)
	  Recheck Cond: ((k >= 4275057) AND (k <= 4275157))
	  ->  Bitmap Index Scan on k_5  (cost=0.00..5.45 rows=102 width=0)
	        Index Cond: ((k >= 4275057) AND (k <= 4275157))

table 6 : explain SELECT k, c FROM sbtest6 WHERE k BETWEEN 4275057 AND 4275157
	Bitmap Heap Scan on sbtest6  (cost=5.44..393.31 rows=98 width=125)
	  Recheck Cond: ((k >= 4275057) AND (k <= 4275157))
	  ->  Bitmap Index Scan on k_6  (cost=0.00..5.42 rows=98 width=0)
	        Index Cond: ((k >= 4275057) AND (k <= 4275157))

table 7 : explain SELECT k, c FROM sbtest7 WHERE k BETWEEN 4275057 AND 4275157
	Bitmap Heap Scan on sbtest7  (cost=5.43..389.37 rows=97 width=125)
	  Recheck Cond: ((k >= 4275057) AND (k <= 4275157))
	  ->  Bitmap Index Scan on k_7  (cost=0.00..5.40 rows=97 width=0)
	        Index Cond: ((k >= 4275057) AND (k <= 4275157))

table 8 : explain SELECT k, c FROM sbtest8 WHERE k BETWEEN 4275057 AND 4275157
	Bitmap Heap Scan on sbtest8  (cost=5.54..432.69 rows=108 width=125)
	  Recheck Cond: ((k >= 4275057) AND (k <= 4275157))
	  ->  Bitmap Index Scan on k_8  (cost=0.00..5.51 rows=108 width=0)
	        Index Cond: ((k >= 4275057) AND (k <= 4275157))

explain: for range-notcovered :: explain SELECT k, c FROM sbtest%d WHERE k BETWEEN 6536390 AND 6536490
explain: for range-notcovered :: explain SELECT k, c FROM sbtest%d WHERE k BETWEEN 1412515 AND 1412615
explain: for range-notcovered :: explain SELECT k, c FROM sbtest%d WHERE k BETWEEN 4254971 AND 4255071
explain: for range-notcovered :: explain SELECT k, c FROM sbtest%d WHERE k BETWEEN 4037327 AND 4037427
for range-notcovered
table 1 : explain SELECT k, c FROM sbtest1 WHERE k BETWEEN 6488464 AND 6488564
	Bitmap Heap Scan on sbtest1  (cost=5.40..377.55 rows=94 width=125)
	  Recheck Cond: ((k >= 6488464) AND (k <= 6488564))
	  ->  Bitmap Index Scan on k_1  (cost=0.00..5.38 rows=94 width=0)
	        Index Cond: ((k >= 6488464) AND (k <= 6488564))

table 2 : explain SELECT k, c FROM sbtest2 WHERE k BETWEEN 6488464 AND 6488564
	Bitmap Heap Scan on sbtest2  (cost=5.36..361.78 rows=90 width=125)
	  Recheck Cond: ((k >= 6488464) AND (k <= 6488564))
	  ->  Bitmap Index Scan on k_2  (cost=0.00..5.33 rows=90 width=0)
	        Index Cond: ((k >= 6488464) AND (k <= 6488564))

table 3 : explain SELECT k, c FROM sbtest3 WHERE k BETWEEN 6488464 AND 6488564
	Bitmap Heap Scan on sbtest3  (cost=5.57..444.49 rows=111 width=125)
	  Recheck Cond: ((k >= 6488464) AND (k <= 6488564))
	  ->  Bitmap Index Scan on k_3  (cost=0.00..5.54 rows=111 width=0)
	        Index Cond: ((k >= 6488464) AND (k <= 6488564))

table 4 : explain SELECT k, c FROM sbtest4 WHERE k BETWEEN 6488464 AND 6488564
	Bitmap Heap Scan on sbtest4  (cost=5.43..389.37 rows=97 width=125)
	  Recheck Cond: ((k >= 6488464) AND (k <= 6488564))
	  ->  Bitmap Index Scan on k_4  (cost=0.00..5.40 rows=97 width=0)
	        Index Cond: ((k >= 6488464) AND (k <= 6488564))

table 5 : explain SELECT k, c FROM sbtest5 WHERE k BETWEEN 6488464 AND 6488564
	Bitmap Heap Scan on sbtest5  (cost=5.46..401.19 rows=100 width=125)
	  Recheck Cond: ((k >= 6488464) AND (k <= 6488564))
	  ->  Bitmap Index Scan on k_5  (cost=0.00..5.43 rows=100 width=0)
	        Index Cond: ((k >= 6488464) AND (k <= 6488564))

table 6 : explain SELECT k, c FROM sbtest6 WHERE k BETWEEN 6488464 AND 6488564
	Bitmap Heap Scan on sbtest6  (cost=5.45..397.25 rows=99 width=125)
	  Recheck Cond: ((k >= 6488464) AND (k <= 6488564))
	  ->  Bitmap Index Scan on k_6  (cost=0.00..5.42 rows=99 width=0)
	        Index Cond: ((k >= 6488464) AND (k <= 6488564))

table 7 : explain SELECT k, c FROM sbtest7 WHERE k BETWEEN 6488464 AND 6488564
	Bitmap Heap Scan on sbtest7  (cost=5.47..405.13 rows=101 width=125)
	  Recheck Cond: ((k >= 6488464) AND (k <= 6488564))
	  ->  Bitmap Index Scan on k_7  (cost=0.00..5.44 rows=101 width=0)
	        Index Cond: ((k >= 6488464) AND (k <= 6488564))

table 8 : explain SELECT k, c FROM sbtest8 WHERE k BETWEEN 6488464 AND 6488564
	Bitmap Heap Scan on sbtest8  (cost=5.44..393.31 rows=98 width=125)
	  Recheck Cond: ((k >= 6488464) AND (k <= 6488564))
	  ->  Bitmap Index Scan on k_8  (cost=0.00..5.42 rows=98 width=0)
	        Index Cond: ((k >= 6488464) AND (k <= 6488564))

for range-notcovered
table 1 : explain SELECT k, c FROM sbtest1 WHERE k BETWEEN 5335034 AND 5335134
	Bitmap Heap Scan on sbtest1  (cost=5.50..416.94 rows=104 width=125)
	  Recheck Cond: ((k >= 5335034) AND (k <= 5335134))
	  ->  Bitmap Index Scan on k_1  (cost=0.00..5.47 rows=104 width=0)
	        Index Cond: ((k >= 5335034) AND (k <= 5335134))

table 2 : explain SELECT k, c FROM sbtest2 WHERE k BETWEEN 5335034 AND 5335134
	Bitmap Heap Scan on sbtest2  (cost=5.45..397.25 rows=99 width=125)
	  Recheck Cond: ((k >= 5335034) AND (k <= 5335134))
	  ->  Bitmap Index Scan on k_2  (cost=0.00..5.42 rows=99 width=0)
	        Index Cond: ((k >= 5335034) AND (k <= 5335134))

table 3 : explain SELECT k, c FROM sbtest3 WHERE k BETWEEN 5335034 AND 5335134
	Bitmap Heap Scan on sbtest3  (cost=5.50..416.94 rows=104 width=125)
	  Recheck Cond: ((k >= 5335034) AND (k <= 5335134))
	  ->  Bitmap Index Scan on k_3  (cost=0.00..5.47 rows=104 width=0)
	        Index Cond: ((k >= 5335034) AND (k <= 5335134))

table 4 : explain SELECT k, c FROM sbtest4 WHERE k BETWEEN 5335034 AND 5335134
	Bitmap Heap Scan on sbtest4  (cost=5.55..436.62 rows=109 width=125)
	  Recheck Cond: ((k >= 5335034) AND (k <= 5335134))
	  ->  Bitmap Index Scan on k_4  (cost=0.00..5.52 rows=109 width=0)
	        Index Cond: ((k >= 5335034) AND (k <= 5335134))

table 5 : explain SELECT k, c FROM sbtest5 WHERE k BETWEEN 5335034 AND 5335134
	Bitmap Heap Scan on sbtest5  (cost=5.56..440.56 rows=110 width=125)
	  Recheck Cond: ((k >= 5335034) AND (k <= 5335134))
	  ->  Bitmap Index Scan on k_5  (cost=0.00..5.53 rows=110 width=0)
	        Index Cond: ((k >= 5335034) AND (k <= 5335134))

table 6 : explain SELECT k, c FROM sbtest6 WHERE k BETWEEN 5335034 AND 5335134
	Bitmap Heap Scan on sbtest6  (cost=5.40..377.55 rows=94 width=125)
	  Recheck Cond: ((k >= 5335034) AND (k <= 5335134))
	  ->  Bitmap Index Scan on k_6  (cost=0.00..5.38 rows=94 width=0)
	        Index Cond: ((k >= 5335034) AND (k <= 5335134))

table 7 : explain SELECT k, c FROM sbtest7 WHERE k BETWEEN 5335034 AND 5335134
	Bitmap Heap Scan on sbtest7  (cost=5.46..401.19 rows=100 width=125)
	  Recheck Cond: ((k >= 5335034) AND (k <= 5335134))
	  ->  Bitmap Index Scan on k_7  (cost=0.00..5.43 rows=100 width=0)
	        Index Cond: ((k >= 5335034) AND (k <= 5335134))

table 8 : explain SELECT k, c FROM sbtest8 WHERE k BETWEEN 5335034 AND 5335134
	Bitmap Heap Scan on sbtest8  (cost=5.43..389.37 rows=97 width=125)
	  Recheck Cond: ((k >= 5335034) AND (k <= 5335134))
	  ->  Bitmap Index Scan on k_8  (cost=0.00..5.40 rows=97 width=0)
	        Index Cond: ((k >= 5335034) AND (k <= 5335134))

for range-notcovered
table 1 : explain SELECT k, c FROM sbtest1 WHERE k BETWEEN 7019269 AND 7019369
	Bitmap Heap Scan on sbtest1  (cost=5.52..424.81 rows=106 width=125)
	  Recheck Cond: ((k >= 7019269) AND (k <= 7019369))
	  ->  Bitmap Index Scan on k_1  (cost=0.00..5.50 rows=106 width=0)
	        Index Cond: ((k >= 7019269) AND (k <= 7019369))

table 2 : explain SELECT k, c FROM sbtest2 WHERE k BETWEEN 7019269 AND 7019369
	Bitmap Heap Scan on sbtest2  (cost=5.45..397.25 rows=99 width=125)
	  Recheck Cond: ((k >= 7019269) AND (k <= 7019369))
	  ->  Bitmap Index Scan on k_2  (cost=0.00..5.42 rows=99 width=0)
	        Index Cond: ((k >= 7019269) AND (k <= 7019369))

table 3 : explain SELECT k, c FROM sbtest3 WHERE k BETWEEN 7019269 AND 7019369
	Bitmap Heap Scan on sbtest3  (cost=5.45..397.25 rows=99 width=125)
	  Recheck Cond: ((k >= 7019269) AND (k <= 7019369))
	  ->  Bitmap Index Scan on k_3  (cost=0.00..5.42 rows=99 width=0)
	        Index Cond: ((k >= 7019269) AND (k <= 7019369))

table 4 : explain SELECT k, c FROM sbtest4 WHERE k BETWEEN 7019269 AND 7019369
	Bitmap Heap Scan on sbtest4  (cost=5.54..432.69 rows=108 width=125)
	  Recheck Cond: ((k >= 7019269) AND (k <= 7019369))
	  ->  Bitmap Index Scan on k_4  (cost=0.00..5.51 rows=108 width=0)
	        Index Cond: ((k >= 7019269) AND (k <= 7019369))

table 5 : explain SELECT k, c FROM sbtest5 WHERE k BETWEEN 7019269 AND 7019369
	Bitmap Heap Scan on sbtest5  (cost=5.44..393.31 rows=98 width=125)
	  Recheck Cond: ((k >= 7019269) AND (k <= 7019369))
	  ->  Bitmap Index Scan on k_5  (cost=0.00..5.42 rows=98 width=0)
	        Index Cond: ((k >= 7019269) AND (k <= 7019369))

table 6 : explain SELECT k, c FROM sbtest6 WHERE k BETWEEN 7019269 AND 7019369
	Bitmap Heap Scan on sbtest6  (cost=5.47..405.13 rows=101 width=125)
	  Recheck Cond: ((k >= 7019269) AND (k <= 7019369))
	  ->  Bitmap Index Scan on k_6  (cost=0.00..5.44 rows=101 width=0)
	        Index Cond: ((k >= 7019269) AND (k <= 7019369))

table 7 : explain SELECT k, c FROM sbtest7 WHERE k BETWEEN 7019269 AND 7019369
	Bitmap Heap Scan on sbtest7  (cost=5.51..420.88 rows=105 width=125)
	  Recheck Cond: ((k >= 7019269) AND (k <= 7019369))
	  ->  Bitmap Index Scan on k_7  (cost=0.00..5.48 rows=105 width=0)
	        Index Cond: ((k >= 7019269) AND (k <= 7019369))

table 8 : explain SELECT k, c FROM sbtest8 WHERE k BETWEEN 7019269 AND 7019369
	Bitmap Heap Scan on sbtest8  (cost=5.46..401.19 rows=100 width=125)
	  Recheck Cond: ((k >= 7019269) AND (k <= 7019369))
	  ->  Bitmap Index Scan on k_8  (cost=0.00..5.43 rows=100 width=0)
	        Index Cond: ((k >= 7019269) AND (k <= 7019369))
for range-notcovered
table 1 : explain SELECT k, c FROM sbtest1 WHERE k BETWEEN 1664006 AND 1664106
	Bitmap Heap Scan on sbtest1  (cost=5.42..385.43 rows=96 width=125)
	  Recheck Cond: ((k >= 1664006) AND (k <= 1664106))
	  ->  Bitmap Index Scan on k_1  (cost=0.00..5.39 rows=96 width=0)
	        Index Cond: ((k >= 1664006) AND (k <= 1664106))

table 2 : explain SELECT k, c FROM sbtest2 WHERE k BETWEEN 1664006 AND 1664106
	Bitmap Heap Scan on sbtest2  (cost=5.53..428.75 rows=107 width=125)
	  Recheck Cond: ((k >= 1664006) AND (k <= 1664106))
	  ->  Bitmap Index Scan on k_2  (cost=0.00..5.50 rows=107 width=0)
	        Index Cond: ((k >= 1664006) AND (k <= 1664106))

table 3 : explain SELECT k, c FROM sbtest3 WHERE k BETWEEN 1664006 AND 1664106
	Bitmap Heap Scan on sbtest3  (cost=5.52..424.81 rows=106 width=125)
	  Recheck Cond: ((k >= 1664006) AND (k <= 1664106))
	  ->  Bitmap Index Scan on k_3  (cost=0.00..5.50 rows=106 width=0)
	        Index Cond: ((k >= 1664006) AND (k <= 1664106))

table 4 : explain SELECT k, c FROM sbtest4 WHERE k BETWEEN 1664006 AND 1664106
	Bitmap Heap Scan on sbtest4  (cost=5.53..428.75 rows=107 width=125)
	  Recheck Cond: ((k >= 1664006) AND (k <= 1664106))
	  ->  Bitmap Index Scan on k_4  (cost=0.00..5.50 rows=107 width=0)
	        Index Cond: ((k >= 1664006) AND (k <= 1664106))

table 5 : explain SELECT k, c FROM sbtest5 WHERE k BETWEEN 1664006 AND 1664106
	Bitmap Heap Scan on sbtest5  (cost=5.54..432.69 rows=108 width=125)
	  Recheck Cond: ((k >= 1664006) AND (k <= 1664106))
	  ->  Bitmap Index Scan on k_5  (cost=0.00..5.51 rows=108 width=0)
	        Index Cond: ((k >= 1664006) AND (k <= 1664106))

table 6 : explain SELECT k, c FROM sbtest6 WHERE k BETWEEN 1664006 AND 1664106
	Bitmap Heap Scan on sbtest6  (cost=5.56..440.56 rows=110 width=125)
	  Recheck Cond: ((k >= 1664006) AND (k <= 1664106))
	  ->  Bitmap Index Scan on k_6  (cost=0.00..5.53 rows=110 width=0)
	        Index Cond: ((k >= 1664006) AND (k <= 1664106))

table 7 : explain SELECT k, c FROM sbtest7 WHERE k BETWEEN 1664006 AND 1664106
	Bitmap Heap Scan on sbtest7  (cost=5.45..397.25 rows=99 width=125)
	  Recheck Cond: ((k >= 1664006) AND (k <= 1664106))
	  ->  Bitmap Index Scan on k_7  (cost=0.00..5.42 rows=99 width=0)
	        Index Cond: ((k >= 1664006) AND (k <= 1664106))

table 8 : explain SELECT k, c FROM sbtest8 WHERE k BETWEEN 1664006 AND 1664106
	Bitmap Heap Scan on sbtest8  (cost=5.38..369.67 rows=92 width=125)
	  Recheck Cond: ((k >= 1664006) AND (k <= 1664106))
	  ->  Bitmap Index Scan on k_8  (cost=0.00..5.35 rows=92 width=0)
	        Index Cond: ((k >= 1664006) AND (k <= 1664106))


explain: for range-notcovered :: explain SELECT k, c FROM sbtest%d WHERE k BETWEEN 5335034 AND 5335134
explain: for range-notcovered :: explain SELECT k, c FROM sbtest%d WHERE k BETWEEN 1664006 AND 1664106
explain: for range-notcovered :: explain SELECT k, c FROM sbtest%d WHERE k BETWEEN 7019269 AND 7019369
explain: for range-notcovered :: explain SELECT k, c FROM sbtest%d WHERE k BETWEEN 3195415 AND 3195515
for range-notcovered
table 1 : explain SELECT k, c FROM sbtest1 WHERE k BETWEEN 4254971 AND 4255071
	Bitmap Heap Scan on sbtest1  (cost=5.47..405.13 rows=101 width=125)
	  Recheck Cond: ((k >= 4254971) AND (k <= 4255071))
	  ->  Bitmap Index Scan on k_1  (cost=0.00..5.44 rows=101 width=0)
	        Index Cond: ((k >= 4254971) AND (k <= 4255071))

table 2 : explain SELECT k, c FROM sbtest2 WHERE k BETWEEN 4254971 AND 4255071
	Bitmap Heap Scan on sbtest2  (cost=5.48..409.07 rows=102 width=125)
	  Recheck Cond: ((k >= 4254971) AND (k <= 4255071))
	  ->  Bitmap Index Scan on k_2  (cost=0.00..5.45 rows=102 width=0)
	        Index Cond: ((k >= 4254971) AND (k <= 4255071))

table 3 : explain SELECT k, c FROM sbtest3 WHERE k BETWEEN 4254971 AND 4255071
	Bitmap Heap Scan on sbtest3  (cost=5.46..401.19 rows=100 width=125)
	  Recheck Cond: ((k >= 4254971) AND (k <= 4255071))
	  ->  Bitmap Index Scan on k_3  (cost=0.00..5.43 rows=100 width=0)
	        Index Cond: ((k >= 4254971) AND (k <= 4255071))

table 4 : explain SELECT k, c FROM sbtest4 WHERE k BETWEEN 4254971 AND 4255071
	Bitmap Heap Scan on sbtest4  (cost=5.42..385.43 rows=96 width=125)
	  Recheck Cond: ((k >= 4254971) AND (k <= 4255071))
	  ->  Bitmap Index Scan on k_4  (cost=0.00..5.39 rows=96 width=0)
	        Index Cond: ((k >= 4254971) AND (k <= 4255071))

table 5 : explain SELECT k, c FROM sbtest5 WHERE k BETWEEN 4254971 AND 4255071
	Bitmap Heap Scan on sbtest5  (cost=5.48..409.07 rows=102 width=125)
	  Recheck Cond: ((k >= 4254971) AND (k <= 4255071))
	  ->  Bitmap Index Scan on k_5  (cost=0.00..5.45 rows=102 width=0)
	        Index Cond: ((k >= 4254971) AND (k <= 4255071))

table 6 : explain SELECT k, c FROM sbtest6 WHERE k BETWEEN 4254971 AND 4255071
	Bitmap Heap Scan on sbtest6  (cost=5.44..393.31 rows=98 width=125)
	  Recheck Cond: ((k >= 4254971) AND (k <= 4255071))
	  ->  Bitmap Index Scan on k_6  (cost=0.00..5.42 rows=98 width=0)
	        Index Cond: ((k >= 4254971) AND (k <= 4255071))

table 7 : explain SELECT k, c FROM sbtest7 WHERE k BETWEEN 4254971 AND 4255071
	Bitmap Heap Scan on sbtest7  (cost=5.46..401.19 rows=100 width=125)
	  Recheck Cond: ((k >= 4254971) AND (k <= 4255071))
	  ->  Bitmap Index Scan on k_7  (cost=0.00..5.43 rows=100 width=0)
	        Index Cond: ((k >= 4254971) AND (k <= 4255071))

table 8 : explain SELECT k, c FROM sbtest8 WHERE k BETWEEN 4254971 AND 4255071
	Bitmap Heap Scan on sbtest8  (cost=5.54..432.69 rows=108 width=125)
	  Recheck Cond: ((k >= 4254971) AND (k <= 4255071))
	  ->  Bitmap Index Scan on k_8  (cost=0.00..5.51 rows=108 width=0)
	        Index Cond: ((k >= 4254971) AND (k <= 4255071))

for range-notcovered
table 1 : explain SELECT k, c FROM sbtest1 WHERE k BETWEEN 4037327 AND 4037427
	Bitmap Heap Scan on sbtest1  (cost=5.46..401.19 rows=100 width=125)
	  Recheck Cond: ((k >= 4037327) AND (k <= 4037427))
	  ->  Bitmap Index Scan on k_1  (cost=0.00..5.43 rows=100 width=0)
	        Index Cond: ((k >= 4037327) AND (k <= 4037427))

table 2 : explain SELECT k, c FROM sbtest2 WHERE k BETWEEN 4037327 AND 4037427
	Bitmap Heap Scan on sbtest2  (cost=5.49..413.00 rows=103 width=125)
	  Recheck Cond: ((k >= 4037327) AND (k <= 4037427))
	  ->  Bitmap Index Scan on k_2  (cost=0.00..5.46 rows=103 width=0)
	        Index Cond: ((k >= 4037327) AND (k <= 4037427))

table 3 : explain SELECT k, c FROM sbtest3 WHERE k BETWEEN 4037327 AND 4037427
	Bitmap Heap Scan on sbtest3  (cost=5.46..401.19 rows=100 width=125)
	  Recheck Cond: ((k >= 4037327) AND (k <= 4037427))
	  ->  Bitmap Index Scan on k_3  (cost=0.00..5.43 rows=100 width=0)
	        Index Cond: ((k >= 4037327) AND (k <= 4037427))

table 4 : explain SELECT k, c FROM sbtest4 WHERE k BETWEEN 4037327 AND 4037427
	Bitmap Heap Scan on sbtest4  (cost=5.58..448.42 rows=112 width=125)
	  Recheck Cond: ((k >= 4037327) AND (k <= 4037427))
	  ->  Bitmap Index Scan on k_4  (cost=0.00..5.55 rows=112 width=0)
	        Index Cond: ((k >= 4037327) AND (k <= 4037427))

table 5 : explain SELECT k, c FROM sbtest5 WHERE k BETWEEN 4037327 AND 4037427
	Bitmap Heap Scan on sbtest5  (cost=5.48..409.07 rows=102 width=125)
	  Recheck Cond: ((k >= 4037327) AND (k <= 4037427))
	  ->  Bitmap Index Scan on k_5  (cost=0.00..5.45 rows=102 width=0)
	        Index Cond: ((k >= 4037327) AND (k <= 4037427))

table 6 : explain SELECT k, c FROM sbtest6 WHERE k BETWEEN 4037327 AND 4037427
	Bitmap Heap Scan on sbtest6  (cost=5.43..389.37 rows=97 width=125)
	  Recheck Cond: ((k >= 4037327) AND (k <= 4037427))
	  ->  Bitmap Index Scan on k_6  (cost=0.00..5.40 rows=97 width=0)
	        Index Cond: ((k >= 4037327) AND (k <= 4037427))

table 7 : explain SELECT k, c FROM sbtest7 WHERE k BETWEEN 4037327 AND 4037427
	Bitmap Heap Scan on sbtest7  (cost=5.45..397.25 rows=99 width=125)
	  Recheck Cond: ((k >= 4037327) AND (k <= 4037427))
	  ->  Bitmap Index Scan on k_7  (cost=0.00..5.42 rows=99 width=0)
	        Index Cond: ((k >= 4037327) AND (k <= 4037427))

table 8 : explain SELECT k, c FROM sbtest8 WHERE k BETWEEN 4037327 AND 4037427
	Bitmap Heap Scan on sbtest8  (cost=5.47..405.13 rows=101 width=125)
	  Recheck Cond: ((k >= 4037327) AND (k <= 4037427))
	  ->  Bitmap Index Scan on k_8  (cost=0.00..5.44 rows=101 width=0)
	        Index Cond: ((k >= 4037327) AND (k <= 4037427))

for range-notcovered
table 1 : explain SELECT k, c FROM sbtest1 WHERE k BETWEEN 4235777 AND 4235877
	Bitmap Heap Scan on sbtest1  (cost=5.47..405.13 rows=101 width=125)
	  Recheck Cond: ((k >= 4235777) AND (k <= 4235877))
	  ->  Bitmap Index Scan on k_1  (cost=0.00..5.44 rows=101 width=0)
	        Index Cond: ((k >= 4235777) AND (k <= 4235877))

table 2 : explain SELECT k, c FROM sbtest2 WHERE k BETWEEN 4235777 AND 4235877
	Bitmap Heap Scan on sbtest2  (cost=5.48..409.07 rows=102 width=125)
	  Recheck Cond: ((k >= 4235777) AND (k <= 4235877))
	  ->  Bitmap Index Scan on k_2  (cost=0.00..5.45 rows=102 width=0)
	        Index Cond: ((k >= 4235777) AND (k <= 4235877))

table 3 : explain SELECT k, c FROM sbtest3 WHERE k BETWEEN 4235777 AND 4235877
	Bitmap Heap Scan on sbtest3  (cost=5.46..401.19 rows=100 width=125)
	  Recheck Cond: ((k >= 4235777) AND (k <= 4235877))
	  ->  Bitmap Index Scan on k_3  (cost=0.00..5.43 rows=100 width=0)
	        Index Cond: ((k >= 4235777) AND (k <= 4235877))

table 4 : explain SELECT k, c FROM sbtest4 WHERE k BETWEEN 4235777 AND 4235877
	Bitmap Heap Scan on sbtest4  (cost=5.42..385.43 rows=96 width=125)
	  Recheck Cond: ((k >= 4235777) AND (k <= 4235877))
	  ->  Bitmap Index Scan on k_4  (cost=0.00..5.39 rows=96 width=0)
	        Index Cond: ((k >= 4235777) AND (k <= 4235877))

table 5 : explain SELECT k, c FROM sbtest5 WHERE k BETWEEN 4235777 AND 4235877
	Bitmap Heap Scan on sbtest5  (cost=5.48..409.07 rows=102 width=125)
	  Recheck Cond: ((k >= 4235777) AND (k <= 4235877))
	  ->  Bitmap Index Scan on k_5  (cost=0.00..5.45 rows=102 width=0)
	        Index Cond: ((k >= 4235777) AND (k <= 4235877))

table 6 : explain SELECT k, c FROM sbtest6 WHERE k BETWEEN 4235777 AND 4235877
	Bitmap Heap Scan on sbtest6  (cost=5.44..393.31 rows=98 width=125)
	  Recheck Cond: ((k >= 4235777) AND (k <= 4235877))
	  ->  Bitmap Index Scan on k_6  (cost=0.00..5.42 rows=98 width=0)
	        Index Cond: ((k >= 4235777) AND (k <= 4235877))

table 7 : explain SELECT k, c FROM sbtest7 WHERE k BETWEEN 4235777 AND 4235877
	Bitmap Heap Scan on sbtest7  (cost=5.46..401.19 rows=100 width=125)
	  Recheck Cond: ((k >= 4235777) AND (k <= 4235877))
	  ->  Bitmap Index Scan on k_7  (cost=0.00..5.43 rows=100 width=0)
	        Index Cond: ((k >= 4235777) AND (k <= 4235877))

table 8 : explain SELECT k, c FROM sbtest8 WHERE k BETWEEN 4235777 AND 4235877
	Bitmap Heap Scan on sbtest8  (cost=5.54..432.69 rows=108 width=125)
	  Recheck Cond: ((k >= 4235777) AND (k <= 4235877))
	  ->  Bitmap Index Scan on k_8  (cost=0.00..5.51 rows=108 width=0)
	        Index Cond: ((k >= 4235777) AND (k <= 4235877))

explain: for range-notcovered :: explain SELECT k, c FROM sbtest%d WHERE k BETWEEN 4037327 AND 4037427
explain: for range-notcovered :: explain SELECT k, c FROM sbtest%d WHERE k BETWEEN 4254971 AND 4255071
for range-notcovered
table 1 : explain SELECT k, c FROM sbtest1 WHERE k BETWEEN 4137720 AND 4137820
	Bitmap Heap Scan on sbtest1  (cost=5.57..444.49 rows=111 width=125)
	  Recheck Cond: ((k >= 4137720) AND (k <= 4137820))
	  ->  Bitmap Index Scan on k_1  (cost=0.00..5.54 rows=111 width=0)
	        Index Cond: ((k >= 4137720) AND (k <= 4137820))

table 2 : explain SELECT k, c FROM sbtest2 WHERE k BETWEEN 4137720 AND 4137820
	Bitmap Heap Scan on sbtest2  (cost=5.56..440.56 rows=110 width=125)
	  Recheck Cond: ((k >= 4137720) AND (k <= 4137820))
	  ->  Bitmap Index Scan on k_2  (cost=0.00..5.53 rows=110 width=0)
	        Index Cond: ((k >= 4137720) AND (k <= 4137820))

table 3 : explain SELECT k, c FROM sbtest3 WHERE k BETWEEN 4137720 AND 4137820
	Bitmap Heap Scan on sbtest3  (cost=5.43..389.37 rows=97 width=125)
	  Recheck Cond: ((k >= 4137720) AND (k <= 4137820))
	  ->  Bitmap Index Scan on k_3  (cost=0.00..5.40 rows=97 width=0)
	        Index Cond: ((k >= 4137720) AND (k <= 4137820))

table 4 : explain SELECT k, c FROM sbtest4 WHERE k BETWEEN 4137720 AND 4137820
	Bitmap Heap Scan on sbtest4  (cost=5.43..389.37 rows=97 width=125)
	  Recheck Cond: ((k >= 4137720) AND (k <= 4137820))
	  ->  Bitmap Index Scan on k_4  (cost=0.00..5.40 rows=97 width=0)
	        Index Cond: ((k >= 4137720) AND (k <= 4137820))

table 5 : explain SELECT k, c FROM sbtest5 WHERE k BETWEEN 4137720 AND 4137820
	Bitmap Heap Scan on sbtest5  (cost=5.42..385.43 rows=96 width=125)
	  Recheck Cond: ((k >= 4137720) AND (k <= 4137820))
	  ->  Bitmap Index Scan on k_5  (cost=0.00..5.39 rows=96 width=0)
	        Index Cond: ((k >= 4137720) AND (k <= 4137820))

table 6 : explain SELECT k, c FROM sbtest6 WHERE k BETWEEN 4137720 AND 4137820
	Bitmap Heap Scan on sbtest6  (cost=5.53..428.75 rows=107 width=125)
	  Recheck Cond: ((k >= 4137720) AND (k <= 4137820))
	  ->  Bitmap Index Scan on k_6  (cost=0.00..5.50 rows=107 width=0)
	        Index Cond: ((k >= 4137720) AND (k <= 4137820))

table 7 : explain SELECT k, c FROM sbtest7 WHERE k BETWEEN 4137720 AND 4137820
	Bitmap Heap Scan on sbtest7  (cost=5.46..401.19 rows=100 width=125)
	  Recheck Cond: ((k >= 4137720) AND (k <= 4137820))
	  ->  Bitmap Index Scan on k_7  (cost=0.00..5.43 rows=100 width=0)
	        Index Cond: ((k >= 4137720) AND (k <= 4137820))

table 8 : explain SELECT k, c FROM sbtest8 WHERE k BETWEEN 4137720 AND 4137820
	Bitmap Heap Scan on sbtest8  (cost=5.50..416.94 rows=104 width=125)
	  Recheck Cond: ((k >= 4137720) AND (k <= 4137820))
	  ->  Bitmap Index Scan on k_8  (cost=0.00..5.47 rows=104 width=0)
	        Index Cond: ((k >= 4137720) AND (k <= 4137820))

explain: for range-notcovered :: explain SELECT k, c FROM sbtest%d WHERE k BETWEEN 4137720 AND 4137820
for range-notcovered
table 1 : explain SELECT k, c FROM sbtest1 WHERE k BETWEEN 5335034 AND 5335134
	Bitmap Heap Scan on sbtest1  (cost=5.50..416.94 rows=104 width=125)
	  Recheck Cond: ((k >= 5335034) AND (k <= 5335134))
	  ->  Bitmap Index Scan on k_1  (cost=0.00..5.47 rows=104 width=0)
	        Index Cond: ((k >= 5335034) AND (k <= 5335134))

table 2 : explain SELECT k, c FROM sbtest2 WHERE k BETWEEN 5335034 AND 5335134
	Bitmap Heap Scan on sbtest2  (cost=5.45..397.25 rows=99 width=125)
	  Recheck Cond: ((k >= 5335034) AND (k <= 5335134))
	  ->  Bitmap Index Scan on k_2  (cost=0.00..5.42 rows=99 width=0)
	        Index Cond: ((k >= 5335034) AND (k <= 5335134))

table 3 : explain SELECT k, c FROM sbtest3 WHERE k BETWEEN 5335034 AND 5335134
	Bitmap Heap Scan on sbtest3  (cost=5.50..416.94 rows=104 width=125)
	  Recheck Cond: ((k >= 5335034) AND (k <= 5335134))
	  ->  Bitmap Index Scan on k_3  (cost=0.00..5.47 rows=104 width=0)
	        Index Cond: ((k >= 5335034) AND (k <= 5335134))

table 4 : explain SELECT k, c FROM sbtest4 WHERE k BETWEEN 5335034 AND 5335134
	Bitmap Heap Scan on sbtest4  (cost=5.55..436.62 rows=109 width=125)
	  Recheck Cond: ((k >= 5335034) AND (k <= 5335134))
	  ->  Bitmap Index Scan on k_4  (cost=0.00..5.52 rows=109 width=0)
	        Index Cond: ((k >= 5335034) AND (k <= 5335134))

table 5 : explain SELECT k, c FROM sbtest5 WHERE k BETWEEN 5335034 AND 5335134
	Bitmap Heap Scan on sbtest5  (cost=5.56..440.56 rows=110 width=125)
	  Recheck Cond: ((k >= 5335034) AND (k <= 5335134))
	  ->  Bitmap Index Scan on k_5  (cost=0.00..5.53 rows=110 width=0)
	        Index Cond: ((k >= 5335034) AND (k <= 5335134))

table 6 : explain SELECT k, c FROM sbtest6 WHERE k BETWEEN 5335034 AND 5335134
	Bitmap Heap Scan on sbtest6  (cost=5.40..377.55 rows=94 width=125)
	  Recheck Cond: ((k >= 5335034) AND (k <= 5335134))
	  ->  Bitmap Index Scan on k_6  (cost=0.00..5.38 rows=94 width=0)
	        Index Cond: ((k >= 5335034) AND (k <= 5335134))

table 7 : explain SELECT k, c FROM sbtest7 WHERE k BETWEEN 5335034 AND 5335134
	Bitmap Heap Scan on sbtest7  (cost=5.46..401.19 rows=100 width=125)
	  Recheck Cond: ((k >= 5335034) AND (k <= 5335134))
	  ->  Bitmap Index Scan on k_7  (cost=0.00..5.43 rows=100 width=0)
	        Index Cond: ((k >= 5335034) AND (k <= 5335134))

table 8 : explain SELECT k, c FROM sbtest8 WHERE k BETWEEN 5335034 AND 5335134
	Bitmap Heap Scan on sbtest8  (cost=5.43..389.37 rows=97 width=125)
	  Recheck Cond: ((k >= 5335034) AND (k <= 5335134))
	  ->  Bitmap Index Scan on k_8  (cost=0.00..5.40 rows=97 width=0)
	        Index Cond: ((k >= 5335034) AND (k <= 5335134))

for range-notcovered
table 1 : explain SELECT k, c FROM sbtest1 WHERE k BETWEEN 6536390 AND 6536490
	Bitmap Heap Scan on sbtest1  (cost=5.40..377.55 rows=94 width=125)
	  Recheck Cond: ((k >= 6536390) AND (k <= 6536490))
	  ->  Bitmap Index Scan on k_1  (cost=0.00..5.38 rows=94 width=0)
	        Index Cond: ((k >= 6536390) AND (k <= 6536490))

table 2 : explain SELECT k, c FROM sbtest2 WHERE k BETWEEN 6536390 AND 6536490
	Bitmap Heap Scan on sbtest2  (cost=5.36..361.78 rows=90 width=125)
	  Recheck Cond: ((k >= 6536390) AND (k <= 6536490))
	  ->  Bitmap Index Scan on k_2  (cost=0.00..5.33 rows=90 width=0)
	        Index Cond: ((k >= 6536390) AND (k <= 6536490))

table 3 : explain SELECT k, c FROM sbtest3 WHERE k BETWEEN 6536390 AND 6536490
	Bitmap Heap Scan on sbtest3  (cost=5.57..444.49 rows=111 width=125)
	  Recheck Cond: ((k >= 6536390) AND (k <= 6536490))
	  ->  Bitmap Index Scan on k_3  (cost=0.00..5.54 rows=111 width=0)
	        Index Cond: ((k >= 6536390) AND (k <= 6536490))

table 4 : explain SELECT k, c FROM sbtest4 WHERE k BETWEEN 6536390 AND 6536490
	Bitmap Heap Scan on sbtest4  (cost=5.43..389.37 rows=97 width=125)
	  Recheck Cond: ((k >= 6536390) AND (k <= 6536490))
	  ->  Bitmap Index Scan on k_4  (cost=0.00..5.40 rows=97 width=0)
	        Index Cond: ((k >= 6536390) AND (k <= 6536490))

table 5 : explain SELECT k, c FROM sbtest5 WHERE k BETWEEN 6536390 AND 6536490
	Bitmap Heap Scan on sbtest5  (cost=5.46..401.19 rows=100 width=125)
	  Recheck Cond: ((k >= 6536390) AND (k <= 6536490))
	  ->  Bitmap Index Scan on k_5  (cost=0.00..5.43 rows=100 width=0)
	        Index Cond: ((k >= 6536390) AND (k <= 6536490))

table 6 : explain SELECT k, c FROM sbtest6 WHERE k BETWEEN 6536390 AND 6536490
	Bitmap Heap Scan on sbtest6  (cost=5.46..401.19 rows=100 width=125)
	  Recheck Cond: ((k >= 6536390) AND (k <= 6536490))
	  ->  Bitmap Index Scan on k_6  (cost=0.00..5.43 rows=100 width=0)
	        Index Cond: ((k >= 6536390) AND (k <= 6536490))

table 7 : explain SELECT k, c FROM sbtest7 WHERE k BETWEEN 6536390 AND 6536490
	Bitmap Heap Scan on sbtest7  (cost=5.57..444.49 rows=111 width=125)
	  Recheck Cond: ((k >= 6536390) AND (k <= 6536490))
	  ->  Bitmap Index Scan on k_7  (cost=0.00..5.54 rows=111 width=0)
	        Index Cond: ((k >= 6536390) AND (k <= 6536490))

table 8 : explain SELECT k, c FROM sbtest8 WHERE k BETWEEN 6536390 AND 6536490
	Bitmap Heap Scan on sbtest8  (cost=5.46..401.19 rows=100 width=125)
	  Recheck Cond: ((k >= 6536390) AND (k <= 6536490))
	  ->  Bitmap Index Scan on k_8  (cost=0.00..5.43 rows=100 width=0)
	        Index Cond: ((k >= 6536390) AND (k <= 6536490))

explain: for range-notcovered :: explain SELECT k, c FROM sbtest%d WHERE k BETWEEN 5335034 AND 5335134
explain: for range-notcovered :: explain SELECT k, c FROM sbtest%d WHERE k BETWEEN 6536390 AND 6536490
for range-notcovered
table 1 : explain SELECT k, c FROM sbtest1 WHERE k BETWEEN 1412515 AND 1412615
	Bitmap Heap Scan on sbtest1  (cost=5.47..405.13 rows=101 width=125)
	  Recheck Cond: ((k >= 1412515) AND (k <= 1412615))
	  ->  Bitmap Index Scan on k_1  (cost=0.00..5.44 rows=101 width=0)
	        Index Cond: ((k >= 1412515) AND (k <= 1412615))

table 2 : explain SELECT k, c FROM sbtest2 WHERE k BETWEEN 1412515 AND 1412615
	Bitmap Heap Scan on sbtest2  (cost=5.46..401.19 rows=100 width=125)
	  Recheck Cond: ((k >= 1412515) AND (k <= 1412615))
	  ->  Bitmap Index Scan on k_2  (cost=0.00..5.43 rows=100 width=0)
	        Index Cond: ((k >= 1412515) AND (k <= 1412615))

table 3 : explain SELECT k, c FROM sbtest3 WHERE k BETWEEN 1412515 AND 1412615
	Bitmap Heap Scan on sbtest3  (cost=5.46..401.19 rows=100 width=125)
	  Recheck Cond: ((k >= 1412515) AND (k <= 1412615))
	  ->  Bitmap Index Scan on k_3  (cost=0.00..5.43 rows=100 width=0)
	        Index Cond: ((k >= 1412515) AND (k <= 1412615))

table 4 : explain SELECT k, c FROM sbtest4 WHERE k BETWEEN 1412515 AND 1412615
	Bitmap Heap Scan on sbtest4  (cost=5.45..397.25 rows=99 width=125)
	  Recheck Cond: ((k >= 1412515) AND (k <= 1412615))
	  ->  Bitmap Index Scan on k_4  (cost=0.00..5.42 rows=99 width=0)
	        Index Cond: ((k >= 1412515) AND (k <= 1412615))

table 5 : explain SELECT k, c FROM sbtest5 WHERE k BETWEEN 1412515 AND 1412615
	Bitmap Heap Scan on sbtest5  (cost=5.44..393.31 rows=98 width=125)
	  Recheck Cond: ((k >= 1412515) AND (k <= 1412615))
	  ->  Bitmap Index Scan on k_5  (cost=0.00..5.42 rows=98 width=0)
	        Index Cond: ((k >= 1412515) AND (k <= 1412615))

table 6 : explain SELECT k, c FROM sbtest6 WHERE k BETWEEN 1412515 AND 1412615
	Bitmap Heap Scan on sbtest6  (cost=5.47..405.13 rows=101 width=125)
	  Recheck Cond: ((k >= 1412515) AND (k <= 1412615))
	  ->  Bitmap Index Scan on k_6  (cost=0.00..5.44 rows=101 width=0)
	        Index Cond: ((k >= 1412515) AND (k <= 1412615))

table 7 : explain SELECT k, c FROM sbtest7 WHERE k BETWEEN 1412515 AND 1412615
	Bitmap Heap Scan on sbtest7  (cost=5.60..456.29 rows=114 width=125)
	  Recheck Cond: ((k >= 1412515) AND (k <= 1412615))
	  ->  Bitmap Index Scan on k_7  (cost=0.00..5.58 rows=114 width=0)
	        Index Cond: ((k >= 1412515) AND (k <= 1412615))

table 8 : explain SELECT k, c FROM sbtest8 WHERE k BETWEEN 1412515 AND 1412615
	Bitmap Heap Scan on sbtest8  (cost=5.54..432.69 rows=108 width=125)
	  Recheck Cond: ((k >= 1412515) AND (k <= 1412615))
	  ->  Bitmap Index Scan on k_8  (cost=0.00..5.51 rows=108 width=0)
	        Index Cond: ((k >= 1412515) AND (k <= 1412615))

for range-notcovered
table 1 : explain SELECT k, c FROM sbtest1 WHERE k BETWEEN 6950537 AND 6950637
	Bitmap Heap Scan on sbtest1  (cost=5.54..432.69 rows=108 width=125)
	  Recheck Cond: ((k >= 6950537) AND (k <= 6950637))
	  ->  Bitmap Index Scan on k_1  (cost=0.00..5.51 rows=108 width=0)
	        Index Cond: ((k >= 6950537) AND (k <= 6950637))

table 2 : explain SELECT k, c FROM sbtest2 WHERE k BETWEEN 6950537 AND 6950637
	Bitmap Heap Scan on sbtest2  (cost=5.45..397.25 rows=99 width=125)
	  Recheck Cond: ((k >= 6950537) AND (k <= 6950637))
	  ->  Bitmap Index Scan on k_2  (cost=0.00..5.42 rows=99 width=0)
	        Index Cond: ((k >= 6950537) AND (k <= 6950637))

table 3 : explain SELECT k, c FROM sbtest3 WHERE k BETWEEN 6950537 AND 6950637
	Bitmap Heap Scan on sbtest3  (cost=5.53..428.75 rows=107 width=125)
	  Recheck Cond: ((k >= 6950537) AND (k <= 6950637))
	  ->  Bitmap Index Scan on k_3  (cost=0.00..5.50 rows=107 width=0)
	        Index Cond: ((k >= 6950537) AND (k <= 6950637))

table 4 : explain SELECT k, c FROM sbtest4 WHERE k BETWEEN 6950537 AND 6950637
	Bitmap Heap Scan on sbtest4  (cost=5.54..432.69 rows=108 width=125)
	  Recheck Cond: ((k >= 6950537) AND (k <= 6950637))
	  ->  Bitmap Index Scan on k_4  (cost=0.00..5.51 rows=108 width=0)
	        Index Cond: ((k >= 6950537) AND (k <= 6950637))

table 5 : explain SELECT k, c FROM sbtest5 WHERE k BETWEEN 6950537 AND 6950637
	Bitmap Heap Scan on sbtest5  (cost=5.46..401.19 rows=100 width=125)
	  Recheck Cond: ((k >= 6950537) AND (k <= 6950637))
	  ->  Bitmap Index Scan on k_5  (cost=0.00..5.43 rows=100 width=0)
	        Index Cond: ((k >= 6950537) AND (k <= 6950637))

table 6 : explain SELECT k, c FROM sbtest6 WHERE k BETWEEN 6950537 AND 6950637
	Bitmap Heap Scan on sbtest6  (cost=5.47..405.13 rows=101 width=125)
	  Recheck Cond: ((k >= 6950537) AND (k <= 6950637))
	  ->  Bitmap Index Scan on k_6  (cost=0.00..5.44 rows=101 width=0)
	        Index Cond: ((k >= 6950537) AND (k <= 6950637))

table 7 : explain SELECT k, c FROM sbtest7 WHERE k BETWEEN 6950537 AND 6950637
	Bitmap Heap Scan on sbtest7  (cost=5.46..401.19 rows=100 width=125)
	  Recheck Cond: ((k >= 6950537) AND (k <= 6950637))
	  ->  Bitmap Index Scan on k_7  (cost=0.00..5.43 rows=100 width=0)
	        Index Cond: ((k >= 6950537) AND (k <= 6950637))

table 8 : explain SELECT k, c FROM sbtest8 WHERE k BETWEEN 6950537 AND 6950637
	Bitmap Heap Scan on sbtest8  (cost=5.58..448.42 rows=112 width=125)
	  Recheck Cond: ((k >= 6950537) AND (k <= 6950637))
	  ->  Bitmap Index Scan on k_8  (cost=0.00..5.55 rows=112 width=0)
	        Index Cond: ((k >= 6950537) AND (k <= 6950637))

explain: for range-notcovered :: explain SELECT k, c FROM sbtest%d WHERE k BETWEEN 1412515 AND 1412615
explain: for range-notcovered :: explain SELECT k, c FROM sbtest%d WHERE k BETWEEN 6950537 AND 6950637
for range-notcovered
table 1 : explain SELECT k, c FROM sbtest1 WHERE k BETWEEN 7019269 AND 7019369
	Bitmap Heap Scan on sbtest1  (cost=5.52..424.81 rows=106 width=125)
	  Recheck Cond: ((k >= 7019269) AND (k <= 7019369))
	  ->  Bitmap Index Scan on k_1  (cost=0.00..5.50 rows=106 width=0)
	        Index Cond: ((k >= 7019269) AND (k <= 7019369))

table 2 : explain SELECT k, c FROM sbtest2 WHERE k BETWEEN 7019269 AND 7019369
	Bitmap Heap Scan on sbtest2  (cost=5.45..397.25 rows=99 width=125)
	  Recheck Cond: ((k >= 7019269) AND (k <= 7019369))
	  ->  Bitmap Index Scan on k_2  (cost=0.00..5.42 rows=99 width=0)
	        Index Cond: ((k >= 7019269) AND (k <= 7019369))

table 3 : explain SELECT k, c FROM sbtest3 WHERE k BETWEEN 7019269 AND 7019369
	Bitmap Heap Scan on sbtest3  (cost=5.45..397.25 rows=99 width=125)
	  Recheck Cond: ((k >= 7019269) AND (k <= 7019369))
	  ->  Bitmap Index Scan on k_3  (cost=0.00..5.42 rows=99 width=0)
	        Index Cond: ((k >= 7019269) AND (k <= 7019369))

table 4 : explain SELECT k, c FROM sbtest4 WHERE k BETWEEN 7019269 AND 7019369
	Bitmap Heap Scan on sbtest4  (cost=5.54..432.69 rows=108 width=125)
	  Recheck Cond: ((k >= 7019269) AND (k <= 7019369))
	  ->  Bitmap Index Scan on k_4  (cost=0.00..5.51 rows=108 width=0)
	        Index Cond: ((k >= 7019269) AND (k <= 7019369))

table 5 : explain SELECT k, c FROM sbtest5 WHERE k BETWEEN 7019269 AND 7019369
	Bitmap Heap Scan on sbtest5  (cost=5.44..393.31 rows=98 width=125)
	  Recheck Cond: ((k >= 7019269) AND (k <= 7019369))
	  ->  Bitmap Index Scan on k_5  (cost=0.00..5.42 rows=98 width=0)
	        Index Cond: ((k >= 7019269) AND (k <= 7019369))

table 6 : explain SELECT k, c FROM sbtest6 WHERE k BETWEEN 7019269 AND 7019369
	Bitmap Heap Scan on sbtest6  (cost=5.47..405.13 rows=101 width=125)
	  Recheck Cond: ((k >= 7019269) AND (k <= 7019369))
	  ->  Bitmap Index Scan on k_6  (cost=0.00..5.44 rows=101 width=0)
	        Index Cond: ((k >= 7019269) AND (k <= 7019369))

table 7 : explain SELECT k, c FROM sbtest7 WHERE k BETWEEN 7019269 AND 7019369
	Bitmap Heap Scan on sbtest7  (cost=5.51..420.88 rows=105 width=125)
	  Recheck Cond: ((k >= 7019269) AND (k <= 7019369))
	  ->  Bitmap Index Scan on k_7  (cost=0.00..5.48 rows=105 width=0)
	        Index Cond: ((k >= 7019269) AND (k <= 7019369))

table 8 : explain SELECT k, c FROM sbtest8 WHERE k BETWEEN 7019269 AND 7019369
	Bitmap Heap Scan on sbtest8  (cost=5.46..401.19 rows=100 width=125)
	  Recheck Cond: ((k >= 7019269) AND (k <= 7019369))
	  ->  Bitmap Index Scan on k_8  (cost=0.00..5.43 rows=100 width=0)
	        Index Cond: ((k >= 7019269) AND (k <= 7019369))

explain: for range-notcovered :: explain SELECT k, c FROM sbtest%d WHERE k BETWEEN 7019269 AND 7019369
for range-notcovered
table 1 : explain SELECT k, c FROM sbtest1 WHERE k BETWEEN 4254971 AND 4255071
	Bitmap Heap Scan on sbtest1  (cost=5.47..405.13 rows=101 width=125)
	  Recheck Cond: ((k >= 4254971) AND (k <= 4255071))
	  ->  Bitmap Index Scan on k_1  (cost=0.00..5.44 rows=101 width=0)
	        Index Cond: ((k >= 4254971) AND (k <= 4255071))

table 2 : explain SELECT k, c FROM sbtest2 WHERE k BETWEEN 4254971 AND 4255071
	Bitmap Heap Scan on sbtest2  (cost=5.48..409.07 rows=102 width=125)
	  Recheck Cond: ((k >= 4254971) AND (k <= 4255071))
	  ->  Bitmap Index Scan on k_2  (cost=0.00..5.45 rows=102 width=0)
	        Index Cond: ((k >= 4254971) AND (k <= 4255071))

table 3 : explain SELECT k, c FROM sbtest3 WHERE k BETWEEN 4254971 AND 4255071
	Bitmap Heap Scan on sbtest3  (cost=5.46..401.19 rows=100 width=125)
	  Recheck Cond: ((k >= 4254971) AND (k <= 4255071))
	  ->  Bitmap Index Scan on k_3  (cost=0.00..5.43 rows=100 width=0)
	        Index Cond: ((k >= 4254971) AND (k <= 4255071))

table 4 : explain SELECT k, c FROM sbtest4 WHERE k BETWEEN 4254971 AND 4255071
	Bitmap Heap Scan on sbtest4  (cost=5.42..385.43 rows=96 width=125)
	  Recheck Cond: ((k >= 4254971) AND (k <= 4255071))
	  ->  Bitmap Index Scan on k_4  (cost=0.00..5.39 rows=96 width=0)
	        Index Cond: ((k >= 4254971) AND (k <= 4255071))

table 5 : explain SELECT k, c FROM sbtest5 WHERE k BETWEEN 4254971 AND 4255071
	Bitmap Heap Scan on sbtest5  (cost=5.48..409.07 rows=102 width=125)
	  Recheck Cond: ((k >= 4254971) AND (k <= 4255071))
	  ->  Bitmap Index Scan on k_5  (cost=0.00..5.45 rows=102 width=0)
	        Index Cond: ((k >= 4254971) AND (k <= 4255071))

table 6 : explain SELECT k, c FROM sbtest6 WHERE k BETWEEN 4254971 AND 4255071
	Bitmap Heap Scan on sbtest6  (cost=5.44..393.31 rows=98 width=125)
	  Recheck Cond: ((k >= 4254971) AND (k <= 4255071))
	  ->  Bitmap Index Scan on k_6  (cost=0.00..5.42 rows=98 width=0)
	        Index Cond: ((k >= 4254971) AND (k <= 4255071))

table 7 : explain SELECT k, c FROM sbtest7 WHERE k BETWEEN 4254971 AND 4255071
	Bitmap Heap Scan on sbtest7  (cost=5.46..401.19 rows=100 width=125)
	  Recheck Cond: ((k >= 4254971) AND (k <= 4255071))
	  ->  Bitmap Index Scan on k_7  (cost=0.00..5.43 rows=100 width=0)
	        Index Cond: ((k >= 4254971) AND (k <= 4255071))

table 8 : explain SELECT k, c FROM sbtest8 WHERE k BETWEEN 4254971 AND 4255071
	Bitmap Heap Scan on sbtest8  (cost=5.54..432.69 rows=108 width=125)
	  Recheck Cond: ((k >= 4254971) AND (k <= 4255071))
	  ->  Bitmap Index Scan on k_8  (cost=0.00..5.51 rows=108 width=0)
	        Index Cond: ((k >= 4254971) AND (k <= 4255071))

explain: for range-notcovered :: explain SELECT k, c FROM sbtest%d WHERE k BETWEEN 6488464 AND 6488564
for range-notcovered
table 1 : explain SELECT k, c FROM sbtest1 WHERE k BETWEEN 5335034 AND 5335134
	Bitmap Heap Scan on sbtest1  (cost=5.50..416.94 rows=104 width=125)
	  Recheck Cond: ((k >= 5335034) AND (k <= 5335134))
	  ->  Bitmap Index Scan on k_1  (cost=0.00..5.47 rows=104 width=0)
	        Index Cond: ((k >= 5335034) AND (k <= 5335134))

table 2 : explain SELECT k, c FROM sbtest2 WHERE k BETWEEN 5335034 AND 5335134
	Bitmap Heap Scan on sbtest2  (cost=5.45..397.25 rows=99 width=125)
	  Recheck Cond: ((k >= 5335034) AND (k <= 5335134))
	  ->  Bitmap Index Scan on k_2  (cost=0.00..5.42 rows=99 width=0)
	        Index Cond: ((k >= 5335034) AND (k <= 5335134))

table 3 : explain SELECT k, c FROM sbtest3 WHERE k BETWEEN 5335034 AND 5335134
	Bitmap Heap Scan on sbtest3  (cost=5.50..416.94 rows=104 width=125)
	  Recheck Cond: ((k >= 5335034) AND (k <= 5335134))
	  ->  Bitmap Index Scan on k_3  (cost=0.00..5.47 rows=104 width=0)
	        Index Cond: ((k >= 5335034) AND (k <= 5335134))

table 4 : explain SELECT k, c FROM sbtest4 WHERE k BETWEEN 5335034 AND 5335134
	Bitmap Heap Scan on sbtest4  (cost=5.55..436.62 rows=109 width=125)
	  Recheck Cond: ((k >= 5335034) AND (k <= 5335134))
	  ->  Bitmap Index Scan on k_4  (cost=0.00..5.52 rows=109 width=0)
	        Index Cond: ((k >= 5335034) AND (k <= 5335134))

table 5 : explain SELECT k, c FROM sbtest5 WHERE k BETWEEN 5335034 AND 5335134
	Bitmap Heap Scan on sbtest5  (cost=5.56..440.56 rows=110 width=125)
	  Recheck Cond: ((k >= 5335034) AND (k <= 5335134))
	  ->  Bitmap Index Scan on k_5  (cost=0.00..5.53 rows=110 width=0)
	        Index Cond: ((k >= 5335034) AND (k <= 5335134))

table 6 : explain SELECT k, c FROM sbtest6 WHERE k BETWEEN 5335034 AND 5335134
	Bitmap Heap Scan on sbtest6  (cost=5.40..377.55 rows=94 width=125)
	  Recheck Cond: ((k >= 5335034) AND (k <= 5335134))
	  ->  Bitmap Index Scan on k_6  (cost=0.00..5.38 rows=94 width=0)
	        Index Cond: ((k >= 5335034) AND (k <= 5335134))

table 7 : explain SELECT k, c FROM sbtest7 WHERE k BETWEEN 5335034 AND 5335134
	Bitmap Heap Scan on sbtest7  (cost=5.46..401.19 rows=100 width=125)
	  Recheck Cond: ((k >= 5335034) AND (k <= 5335134))
	  ->  Bitmap Index Scan on k_7  (cost=0.00..5.43 rows=100 width=0)
	        Index Cond: ((k >= 5335034) AND (k <= 5335134))

table 8 : explain SELECT k, c FROM sbtest8 WHERE k BETWEEN 5335034 AND 5335134
	Bitmap Heap Scan on sbtest8  (cost=5.43..389.37 rows=97 width=125)
	  Recheck Cond: ((k >= 5335034) AND (k <= 5335134))
	  ->  Bitmap Index Scan on k_8  (cost=0.00..5.40 rows=97 width=0)
	        Index Cond: ((k >= 5335034) AND (k <= 5335134))

explain: for range-notcovered :: explain SELECT k, c FROM sbtest%d WHERE k BETWEEN 5335034 AND 5335134
for range-notcovered
table 1 : explain SELECT k, c FROM sbtest1 WHERE k BETWEEN 1664006 AND 1664106
	Bitmap Heap Scan on sbtest1  (cost=5.42..385.43 rows=96 width=125)
	  Recheck Cond: ((k >= 1664006) AND (k <= 1664106))
	  ->  Bitmap Index Scan on k_1  (cost=0.00..5.39 rows=96 width=0)
	        Index Cond: ((k >= 1664006) AND (k <= 1664106))

table 2 : explain SELECT k, c FROM sbtest2 WHERE k BETWEEN 1664006 AND 1664106
	Bitmap Heap Scan on sbtest2  (cost=5.53..428.75 rows=107 width=125)
	  Recheck Cond: ((k >= 1664006) AND (k <= 1664106))
	  ->  Bitmap Index Scan on k_2  (cost=0.00..5.50 rows=107 width=0)
	        Index Cond: ((k >= 1664006) AND (k <= 1664106))

table 3 : explain SELECT k, c FROM sbtest3 WHERE k BETWEEN 1664006 AND 1664106
	Bitmap Heap Scan on sbtest3  (cost=5.52..424.81 rows=106 width=125)
	  Recheck Cond: ((k >= 1664006) AND (k <= 1664106))
	  ->  Bitmap Index Scan on k_3  (cost=0.00..5.50 rows=106 width=0)
	        Index Cond: ((k >= 1664006) AND (k <= 1664106))

table 4 : explain SELECT k, c FROM sbtest4 WHERE k BETWEEN 1664006 AND 1664106
	Bitmap Heap Scan on sbtest4  (cost=5.53..428.75 rows=107 width=125)
	  Recheck Cond: ((k >= 1664006) AND (k <= 1664106))
	  ->  Bitmap Index Scan on k_4  (cost=0.00..5.50 rows=107 width=0)
	        Index Cond: ((k >= 1664006) AND (k <= 1664106))

table 5 : explain SELECT k, c FROM sbtest5 WHERE k BETWEEN 1664006 AND 1664106
	Bitmap Heap Scan on sbtest5  (cost=5.54..432.69 rows=108 width=125)
	  Recheck Cond: ((k >= 1664006) AND (k <= 1664106))
	  ->  Bitmap Index Scan on k_5  (cost=0.00..5.51 rows=108 width=0)
	        Index Cond: ((k >= 1664006) AND (k <= 1664106))

table 6 : explain SELECT k, c FROM sbtest6 WHERE k BETWEEN 1664006 AND 1664106
	Bitmap Heap Scan on sbtest6  (cost=5.56..440.56 rows=110 width=125)
	  Recheck Cond: ((k >= 1664006) AND (k <= 1664106))
	  ->  Bitmap Index Scan on k_6  (cost=0.00..5.53 rows=110 width=0)
	        Index Cond: ((k >= 1664006) AND (k <= 1664106))

table 7 : explain SELECT k, c FROM sbtest7 WHERE k BETWEEN 1664006 AND 1664106
	Bitmap Heap Scan on sbtest7  (cost=5.45..397.25 rows=99 width=125)
	  Recheck Cond: ((k >= 1664006) AND (k <= 1664106))
	  ->  Bitmap Index Scan on k_7  (cost=0.00..5.42 rows=99 width=0)
	        Index Cond: ((k >= 1664006) AND (k <= 1664106))

table 8 : explain SELECT k, c FROM sbtest8 WHERE k BETWEEN 1664006 AND 1664106
	Bitmap Heap Scan on sbtest8  (cost=5.38..369.67 rows=92 width=125)
	  Recheck Cond: ((k >= 1664006) AND (k <= 1664106))
	  ->  Bitmap Index Scan on k_8  (cost=0.00..5.35 rows=92 width=0)
	        Index Cond: ((k >= 1664006) AND (k <= 1664106))

for range-notcovered
table 1 : explain SELECT k, c FROM sbtest1 WHERE k BETWEEN 7951375 AND 7951475
	Bitmap Heap Scan on sbtest1  (cost=5.48..409.07 rows=102 width=125)
	  Recheck Cond: ((k >= 7951375) AND (k <= 7951475))
	  ->  Bitmap Index Scan on k_1  (cost=0.00..5.45 rows=102 width=0)
	        Index Cond: ((k >= 7951375) AND (k <= 7951475))

table 2 : explain SELECT k, c FROM sbtest2 WHERE k BETWEEN 7951375 AND 7951475
	Bitmap Heap Scan on sbtest2  (cost=5.48..409.07 rows=102 width=125)
	  Recheck Cond: ((k >= 7951375) AND (k <= 7951475))
	  ->  Bitmap Index Scan on k_2  (cost=0.00..5.45 rows=102 width=0)
	        Index Cond: ((k >= 7951375) AND (k <= 7951475))

table 3 : explain SELECT k, c FROM sbtest3 WHERE k BETWEEN 7951375 AND 7951475
	Bitmap Heap Scan on sbtest3  (cost=5.42..385.43 rows=96 width=125)
	  Recheck Cond: ((k >= 7951375) AND (k <= 7951475))
	  ->  Bitmap Index Scan on k_3  (cost=0.00..5.39 rows=96 width=0)
	        Index Cond: ((k >= 7951375) AND (k <= 7951475))

table 4 : explain SELECT k, c FROM sbtest4 WHERE k BETWEEN 7951375 AND 7951475
	Bitmap Heap Scan on sbtest4  (cost=5.51..420.88 rows=105 width=125)
	  Recheck Cond: ((k >= 7951375) AND (k <= 7951475))
	  ->  Bitmap Index Scan on k_4  (cost=0.00..5.48 rows=105 width=0)
	        Index Cond: ((k >= 7951375) AND (k <= 7951475))

table 5 : explain SELECT k, c FROM sbtest5 WHERE k BETWEEN 7951375 AND 7951475
	Bitmap Heap Scan on sbtest5  (cost=5.49..413.00 rows=103 width=125)
	  Recheck Cond: ((k >= 7951375) AND (k <= 7951475))
	  ->  Bitmap Index Scan on k_5  (cost=0.00..5.46 rows=103 width=0)
	        Index Cond: ((k >= 7951375) AND (k <= 7951475))

table 6 : explain SELECT k, c FROM sbtest6 WHERE k BETWEEN 7951375 AND 7951475
	Bitmap Heap Scan on sbtest6  (cost=5.57..444.49 rows=111 width=125)
	  Recheck Cond: ((k >= 7951375) AND (k <= 7951475))
	  ->  Bitmap Index Scan on k_6  (cost=0.00..5.54 rows=111 width=0)
	        Index Cond: ((k >= 7951375) AND (k <= 7951475))

table 7 : explain SELECT k, c FROM sbtest7 WHERE k BETWEEN 7951375 AND 7951475
	Bitmap Heap Scan on sbtest7  (cost=5.44..393.31 rows=98 width=125)
	  Recheck Cond: ((k >= 7951375) AND (k <= 7951475))
	  ->  Bitmap Index Scan on k_7  (cost=0.00..5.42 rows=98 width=0)
	        Index Cond: ((k >= 7951375) AND (k <= 7951475))

table 8 : explain SELECT k, c FROM sbtest8 WHERE k BETWEEN 7951375 AND 7951475
	Bitmap Heap Scan on sbtest8  (cost=5.55..436.62 rows=109 width=125)
	  Recheck Cond: ((k >= 7951375) AND (k <= 7951475))
	  ->  Bitmap Index Scan on k_8  (cost=0.00..5.52 rows=109 width=0)
	        Index Cond: ((k >= 7951375) AND (k <= 7951475))

for range-notcovered
table 1 : explain SELECT k, c FROM sbtest1 WHERE k BETWEEN 6950537 AND 6950637
	Bitmap Heap Scan on sbtest1  (cost=5.54..432.69 rows=108 width=125)
	  Recheck Cond: ((k >= 6950537) AND (k <= 6950637))
	  ->  Bitmap Index Scan on k_1  (cost=0.00..5.51 rows=108 width=0)
	        Index Cond: ((k >= 6950537) AND (k <= 6950637))

table 2 : explain SELECT k, c FROM sbtest2 WHERE k BETWEEN 6950537 AND 6950637
	Bitmap Heap Scan on sbtest2  (cost=5.45..397.25 rows=99 width=125)
	  Recheck Cond: ((k >= 6950537) AND (k <= 6950637))
	  ->  Bitmap Index Scan on k_2  (cost=0.00..5.42 rows=99 width=0)
	        Index Cond: ((k >= 6950537) AND (k <= 6950637))

table 3 : explain SELECT k, c FROM sbtest3 WHERE k BETWEEN 6950537 AND 6950637
	Bitmap Heap Scan on sbtest3  (cost=5.53..428.75 rows=107 width=125)
	  Recheck Cond: ((k >= 6950537) AND (k <= 6950637))
	  ->  Bitmap Index Scan on k_3  (cost=0.00..5.50 rows=107 width=0)
	        Index Cond: ((k >= 6950537) AND (k <= 6950637))

table 4 : explain SELECT k, c FROM sbtest4 WHERE k BETWEEN 6950537 AND 6950637
	Bitmap Heap Scan on sbtest4  (cost=5.54..432.69 rows=108 width=125)
	  Recheck Cond: ((k >= 6950537) AND (k <= 6950637))
	  ->  Bitmap Index Scan on k_4  (cost=0.00..5.51 rows=108 width=0)
	        Index Cond: ((k >= 6950537) AND (k <= 6950637))

table 5 : explain SELECT k, c FROM sbtest5 WHERE k BETWEEN 6950537 AND 6950637
	Bitmap Heap Scan on sbtest5  (cost=5.46..401.19 rows=100 width=125)
	  Recheck Cond: ((k >= 6950537) AND (k <= 6950637))
	  ->  Bitmap Index Scan on k_5  (cost=0.00..5.43 rows=100 width=0)
	        Index Cond: ((k >= 6950537) AND (k <= 6950637))

table 6 : explain SELECT k, c FROM sbtest6 WHERE k BETWEEN 6950537 AND 6950637
	Bitmap Heap Scan on sbtest6  (cost=5.47..405.13 rows=101 width=125)
	  Recheck Cond: ((k >= 6950537) AND (k <= 6950637))
	  ->  Bitmap Index Scan on k_6  (cost=0.00..5.44 rows=101 width=0)
	        Index Cond: ((k >= 6950537) AND (k <= 6950637))

table 7 : explain SELECT k, c FROM sbtest7 WHERE k BETWEEN 6950537 AND 6950637
	Bitmap Heap Scan on sbtest7  (cost=5.46..401.19 rows=100 width=125)
	  Recheck Cond: ((k >= 6950537) AND (k <= 6950637))
	  ->  Bitmap Index Scan on k_7  (cost=0.00..5.43 rows=100 width=0)
	        Index Cond: ((k >= 6950537) AND (k <= 6950637))

table 8 : explain SELECT k, c FROM sbtest8 WHERE k BETWEEN 6950537 AND 6950637
	Bitmap Heap Scan on sbtest8  (cost=5.58..448.42 rows=112 width=125)
	  Recheck Cond: ((k >= 6950537) AND (k <= 6950637))
	  ->  Bitmap Index Scan on k_8  (cost=0.00..5.55 rows=112 width=0)
	        Index Cond: ((k >= 6950537) AND (k <= 6950637))

for range-notcovered
table 1 : explain SELECT k, c FROM sbtest1 WHERE k BETWEEN 1412515 AND 1412615
	Bitmap Heap Scan on sbtest1  (cost=5.47..405.13 rows=101 width=125)
	  Recheck Cond: ((k >= 1412515) AND (k <= 1412615))
	  ->  Bitmap Index Scan on k_1  (cost=0.00..5.44 rows=101 width=0)
	        Index Cond: ((k >= 1412515) AND (k <= 1412615))

table 2 : explain SELECT k, c FROM sbtest2 WHERE k BETWEEN 1412515 AND 1412615
	Bitmap Heap Scan on sbtest2  (cost=5.46..401.19 rows=100 width=125)
	  Recheck Cond: ((k >= 1412515) AND (k <= 1412615))
	  ->  Bitmap Index Scan on k_2  (cost=0.00..5.43 rows=100 width=0)
	        Index Cond: ((k >= 1412515) AND (k <= 1412615))

table 3 : explain SELECT k, c FROM sbtest3 WHERE k BETWEEN 1412515 AND 1412615
	Bitmap Heap Scan on sbtest3  (cost=5.46..401.19 rows=100 width=125)
	  Recheck Cond: ((k >= 1412515) AND (k <= 1412615))
	  ->  Bitmap Index Scan on k_3  (cost=0.00..5.43 rows=100 width=0)
	        Index Cond: ((k >= 1412515) AND (k <= 1412615))

table 4 : explain SELECT k, c FROM sbtest4 WHERE k BETWEEN 1412515 AND 1412615
	Bitmap Heap Scan on sbtest4  (cost=5.45..397.25 rows=99 width=125)
	  Recheck Cond: ((k >= 1412515) AND (k <= 1412615))
	  ->  Bitmap Index Scan on k_4  (cost=0.00..5.42 rows=99 width=0)
	        Index Cond: ((k >= 1412515) AND (k <= 1412615))

table 5 : explain SELECT k, c FROM sbtest5 WHERE k BETWEEN 1412515 AND 1412615
	Bitmap Heap Scan on sbtest5  (cost=5.44..393.31 rows=98 width=125)
	  Recheck Cond: ((k >= 1412515) AND (k <= 1412615))
	  ->  Bitmap Index Scan on k_5  (cost=0.00..5.42 rows=98 width=0)
	        Index Cond: ((k >= 1412515) AND (k <= 1412615))

table 6 : explain SELECT k, c FROM sbtest6 WHERE k BETWEEN 1412515 AND 1412615
	Bitmap Heap Scan on sbtest6  (cost=5.47..405.13 rows=101 width=125)
	  Recheck Cond: ((k >= 1412515) AND (k <= 1412615))
	  ->  Bitmap Index Scan on k_6  (cost=0.00..5.44 rows=101 width=0)
	        Index Cond: ((k >= 1412515) AND (k <= 1412615))

table 7 : explain SELECT k, c FROM sbtest7 WHERE k BETWEEN 1412515 AND 1412615
	Bitmap Heap Scan on sbtest7  (cost=5.60..456.29 rows=114 width=125)
	  Recheck Cond: ((k >= 1412515) AND (k <= 1412615))
	  ->  Bitmap Index Scan on k_7  (cost=0.00..5.58 rows=114 width=0)
	        Index Cond: ((k >= 1412515) AND (k <= 1412615))

table 8 : explain SELECT k, c FROM sbtest8 WHERE k BETWEEN 1412515 AND 1412615
	Bitmap Heap Scan on sbtest8  (cost=5.54..432.69 rows=108 width=125)
	  Recheck Cond: ((k >= 1412515) AND (k <= 1412615))
	  ->  Bitmap Index Scan on k_8  (cost=0.00..5.51 rows=108 width=0)
	        Index Cond: ((k >= 1412515) AND (k <= 1412615))

for range-notcovered
table 1 : explain SELECT k, c FROM sbtest1 WHERE k BETWEEN 6536390 AND 6536490
	Bitmap Heap Scan on sbtest1  (cost=5.40..377.55 rows=94 width=125)
	  Recheck Cond: ((k >= 6536390) AND (k <= 6536490))
	  ->  Bitmap Index Scan on k_1  (cost=0.00..5.38 rows=94 width=0)
	        Index Cond: ((k >= 6536390) AND (k <= 6536490))

table 2 : explain SELECT k, c FROM sbtest2 WHERE k BETWEEN 6536390 AND 6536490
	Bitmap Heap Scan on sbtest2  (cost=5.36..361.78 rows=90 width=125)
	  Recheck Cond: ((k >= 6536390) AND (k <= 6536490))
	  ->  Bitmap Index Scan on k_2  (cost=0.00..5.33 rows=90 width=0)
	        Index Cond: ((k >= 6536390) AND (k <= 6536490))

table 3 : explain SELECT k, c FROM sbtest3 WHERE k BETWEEN 6536390 AND 6536490
	Bitmap Heap Scan on sbtest3  (cost=5.57..444.49 rows=111 width=125)
	  Recheck Cond: ((k >= 6536390) AND (k <= 6536490))
	  ->  Bitmap Index Scan on k_3  (cost=0.00..5.54 rows=111 width=0)
	        Index Cond: ((k >= 6536390) AND (k <= 6536490))

table 4 : explain SELECT k, c FROM sbtest4 WHERE k BETWEEN 6536390 AND 6536490
	Bitmap Heap Scan on sbtest4  (cost=5.43..389.37 rows=97 width=125)
	  Recheck Cond: ((k >= 6536390) AND (k <= 6536490))
	  ->  Bitmap Index Scan on k_4  (cost=0.00..5.40 rows=97 width=0)
	        Index Cond: ((k >= 6536390) AND (k <= 6536490))

table 5 : explain SELECT k, c FROM sbtest5 WHERE k BETWEEN 6536390 AND 6536490
	Bitmap Heap Scan on sbtest5  (cost=5.46..401.19 rows=100 width=125)
	  Recheck Cond: ((k >= 6536390) AND (k <= 6536490))
	  ->  Bitmap Index Scan on k_5  (cost=0.00..5.43 rows=100 width=0)
	        Index Cond: ((k >= 6536390) AND (k <= 6536490))

table 6 : explain SELECT k, c FROM sbtest6 WHERE k BETWEEN 6536390 AND 6536490
	Bitmap Heap Scan on sbtest6  (cost=5.46..401.19 rows=100 width=125)
	  Recheck Cond: ((k >= 6536390) AND (k <= 6536490))
	  ->  Bitmap Index Scan on k_6  (cost=0.00..5.43 rows=100 width=0)
	        Index Cond: ((k >= 6536390) AND (k <= 6536490))

table 7 : explain SELECT k, c FROM sbtest7 WHERE k BETWEEN 6536390 AND 6536490
	Bitmap Heap Scan on sbtest7  (cost=5.57..444.49 rows=111 width=125)
	  Recheck Cond: ((k >= 6536390) AND (k <= 6536490))
	  ->  Bitmap Index Scan on k_7  (cost=0.00..5.54 rows=111 width=0)
	        Index Cond: ((k >= 6536390) AND (k <= 6536490))

table 8 : explain SELECT k, c FROM sbtest8 WHERE k BETWEEN 6536390 AND 6536490
	Bitmap Heap Scan on sbtest8  (cost=5.46..401.19 rows=100 width=125)
	  Recheck Cond: ((k >= 6536390) AND (k <= 6536490))
	  ->  Bitmap Index Scan on k_8  (cost=0.00..5.43 rows=100 width=0)
	        Index Cond: ((k >= 6536390) AND (k <= 6536490))

for range-notcovered
table 1 : explain SELECT k, c FROM sbtest1 WHERE k BETWEEN 7019269 AND 7019369
	Bitmap Heap Scan on sbtest1  (cost=5.52..424.81 rows=106 width=125)
	  Recheck Cond: ((k >= 7019269) AND (k <= 7019369))
	  ->  Bitmap Index Scan on k_1  (cost=0.00..5.50 rows=106 width=0)
	        Index Cond: ((k >= 7019269) AND (k <= 7019369))

table 2 : explain SELECT k, c FROM sbtest2 WHERE k BETWEEN 7019269 AND 7019369
	Bitmap Heap Scan on sbtest2  (cost=5.45..397.25 rows=99 width=125)
	  Recheck Cond: ((k >= 7019269) AND (k <= 7019369))
	  ->  Bitmap Index Scan on k_2  (cost=0.00..5.42 rows=99 width=0)
	        Index Cond: ((k >= 7019269) AND (k <= 7019369))

table 3 : explain SELECT k, c FROM sbtest3 WHERE k BETWEEN 7019269 AND 7019369
	Bitmap Heap Scan on sbtest3  (cost=5.45..397.25 rows=99 width=125)
	  Recheck Cond: ((k >= 7019269) AND (k <= 7019369))
	  ->  Bitmap Index Scan on k_3  (cost=0.00..5.42 rows=99 width=0)
	        Index Cond: ((k >= 7019269) AND (k <= 7019369))

table 4 : explain SELECT k, c FROM sbtest4 WHERE k BETWEEN 7019269 AND 7019369
	Bitmap Heap Scan on sbtest4  (cost=5.54..432.69 rows=108 width=125)
	  Recheck Cond: ((k >= 7019269) AND (k <= 7019369))
	  ->  Bitmap Index Scan on k_4  (cost=0.00..5.51 rows=108 width=0)
	        Index Cond: ((k >= 7019269) AND (k <= 7019369))

table 5 : explain SELECT k, c FROM sbtest5 WHERE k BETWEEN 7019269 AND 7019369
	Bitmap Heap Scan on sbtest5  (cost=5.44..393.31 rows=98 width=125)
	  Recheck Cond: ((k >= 7019269) AND (k <= 7019369))
	  ->  Bitmap Index Scan on k_5  (cost=0.00..5.42 rows=98 width=0)
	        Index Cond: ((k >= 7019269) AND (k <= 7019369))

table 6 : explain SELECT k, c FROM sbtest6 WHERE k BETWEEN 7019269 AND 7019369
	Bitmap Heap Scan on sbtest6  (cost=5.47..405.13 rows=101 width=125)
	  Recheck Cond: ((k >= 7019269) AND (k <= 7019369))
	  ->  Bitmap Index Scan on k_6  (cost=0.00..5.44 rows=101 width=0)
	        Index Cond: ((k >= 7019269) AND (k <= 7019369))

table 7 : explain SELECT k, c FROM sbtest7 WHERE k BETWEEN 7019269 AND 7019369
	Bitmap Heap Scan on sbtest7  (cost=5.51..420.88 rows=105 width=125)
	  Recheck Cond: ((k >= 7019269) AND (k <= 7019369))
	  ->  Bitmap Index Scan on k_7  (cost=0.00..5.48 rows=105 width=0)
	        Index Cond: ((k >= 7019269) AND (k <= 7019369))

table 8 : explain SELECT k, c FROM sbtest8 WHERE k BETWEEN 7019269 AND 7019369
	Bitmap Heap Scan on sbtest8  (cost=5.46..401.19 rows=100 width=125)
	  Recheck Cond: ((k >= 7019269) AND (k <= 7019369))
	  ->  Bitmap Index Scan on k_8  (cost=0.00..5.43 rows=100 width=0)
	        Index Cond: ((k >= 7019269) AND (k <= 7019369))

explain: for range-notcovered :: explain SELECT k, c FROM sbtest%d WHERE k BETWEEN 7951375 AND 7951475
explain: for range-notcovered :: explain SELECT k, c FROM sbtest%d WHERE k BETWEEN 6536390 AND 6536490
explain: for range-notcovered :: explain SELECT k, c FROM sbtest%d WHERE k BETWEEN 4275057 AND 4275157
explain: for range-notcovered :: explain SELECT k, c FROM sbtest%d WHERE k BETWEEN 1412515 AND 1412615
explain: for range-notcovered :: explain SELECT k, c FROM sbtest%d WHERE k BETWEEN 7019269 AND 7019369
explain: for range-notcovered :: explain SELECT k, c FROM sbtest%d WHERE k BETWEEN 6950537 AND 6950637
for range-notcovered
table 1 : explain SELECT k, c FROM sbtest1 WHERE k BETWEEN 4137720 AND 4137820
	Bitmap Heap Scan on sbtest1  (cost=5.57..444.49 rows=111 width=125)
	  Recheck Cond: ((k >= 4137720) AND (k <= 4137820))
	  ->  Bitmap Index Scan on k_1  (cost=0.00..5.54 rows=111 width=0)
	        Index Cond: ((k >= 4137720) AND (k <= 4137820))

table 2 : explain SELECT k, c FROM sbtest2 WHERE k BETWEEN 4137720 AND 4137820
	Bitmap Heap Scan on sbtest2  (cost=5.56..440.56 rows=110 width=125)
	  Recheck Cond: ((k >= 4137720) AND (k <= 4137820))
	  ->  Bitmap Index Scan on k_2  (cost=0.00..5.53 rows=110 width=0)
	        Index Cond: ((k >= 4137720) AND (k <= 4137820))

table 3 : explain SELECT k, c FROM sbtest3 WHERE k BETWEEN 4137720 AND 4137820
	Bitmap Heap Scan on sbtest3  (cost=5.43..389.37 rows=97 width=125)
	  Recheck Cond: ((k >= 4137720) AND (k <= 4137820))
	  ->  Bitmap Index Scan on k_3  (cost=0.00..5.40 rows=97 width=0)
	        Index Cond: ((k >= 4137720) AND (k <= 4137820))

table 4 : explain SELECT k, c FROM sbtest4 WHERE k BETWEEN 4137720 AND 4137820
	Bitmap Heap Scan on sbtest4  (cost=5.43..389.37 rows=97 width=125)
	  Recheck Cond: ((k >= 4137720) AND (k <= 4137820))
	  ->  Bitmap Index Scan on k_4  (cost=0.00..5.40 rows=97 width=0)
	        Index Cond: ((k >= 4137720) AND (k <= 4137820))

table 5 : explain SELECT k, c FROM sbtest5 WHERE k BETWEEN 4137720 AND 4137820
	Bitmap Heap Scan on sbtest5  (cost=5.42..385.43 rows=96 width=125)
	  Recheck Cond: ((k >= 4137720) AND (k <= 4137820))
	  ->  Bitmap Index Scan on k_5  (cost=0.00..5.39 rows=96 width=0)
	        Index Cond: ((k >= 4137720) AND (k <= 4137820))

table 6 : explain SELECT k, c FROM sbtest6 WHERE k BETWEEN 4137720 AND 4137820
	Bitmap Heap Scan on sbtest6  (cost=5.53..428.75 rows=107 width=125)
	  Recheck Cond: ((k >= 4137720) AND (k <= 4137820))
	  ->  Bitmap Index Scan on k_6  (cost=0.00..5.50 rows=107 width=0)
	        Index Cond: ((k >= 4137720) AND (k <= 4137820))

table 7 : explain SELECT k, c FROM sbtest7 WHERE k BETWEEN 4137720 AND 4137820
	Bitmap Heap Scan on sbtest7  (cost=5.46..401.19 rows=100 width=125)
	  Recheck Cond: ((k >= 4137720) AND (k <= 4137820))
	  ->  Bitmap Index Scan on k_7  (cost=0.00..5.43 rows=100 width=0)
	        Index Cond: ((k >= 4137720) AND (k <= 4137820))

table 8 : explain SELECT k, c FROM sbtest8 WHERE k BETWEEN 4137720 AND 4137820
	Bitmap Heap Scan on sbtest8  (cost=5.50..416.94 rows=104 width=125)
	  Recheck Cond: ((k >= 4137720) AND (k <= 4137820))
	  ->  Bitmap Index Scan on k_8  (cost=0.00..5.47 rows=104 width=0)
	        Index Cond: ((k >= 4137720) AND (k <= 4137820))

for range-notcovered
table 1 : explain SELECT k, c FROM sbtest1 WHERE k BETWEEN 5335034 AND 5335134
	Bitmap Heap Scan on sbtest1  (cost=5.50..416.94 rows=104 width=125)
	  Recheck Cond: ((k >= 5335034) AND (k <= 5335134))
	  ->  Bitmap Index Scan on k_1  (cost=0.00..5.47 rows=104 width=0)
	        Index Cond: ((k >= 5335034) AND (k <= 5335134))

table 2 : explain SELECT k, c FROM sbtest2 WHERE k BETWEEN 5335034 AND 5335134
	Bitmap Heap Scan on sbtest2  (cost=5.45..397.25 rows=99 width=125)
	  Recheck Cond: ((k >= 5335034) AND (k <= 5335134))
	  ->  Bitmap Index Scan on k_2  (cost=0.00..5.42 rows=99 width=0)
	        Index Cond: ((k >= 5335034) AND (k <= 5335134))

table 3 : explain SELECT k, c FROM sbtest3 WHERE k BETWEEN 5335034 AND 5335134
	Bitmap Heap Scan on sbtest3  (cost=5.50..416.94 rows=104 width=125)
	  Recheck Cond: ((k >= 5335034) AND (k <= 5335134))
	  ->  Bitmap Index Scan on k_3  (cost=0.00..5.47 rows=104 width=0)
	        Index Cond: ((k >= 5335034) AND (k <= 5335134))

table 4 : explain SELECT k, c FROM sbtest4 WHERE k BETWEEN 5335034 AND 5335134
	Bitmap Heap Scan on sbtest4  (cost=5.55..436.62 rows=109 width=125)
	  Recheck Cond: ((k >= 5335034) AND (k <= 5335134))
	  ->  Bitmap Index Scan on k_4  (cost=0.00..5.52 rows=109 width=0)
	        Index Cond: ((k >= 5335034) AND (k <= 5335134))

table 5 : explain SELECT k, c FROM sbtest5 WHERE k BETWEEN 5335034 AND 5335134
	Bitmap Heap Scan on sbtest5  (cost=5.56..440.56 rows=110 width=125)
	  Recheck Cond: ((k >= 5335034) AND (k <= 5335134))
	  ->  Bitmap Index Scan on k_5  (cost=0.00..5.53 rows=110 width=0)
	        Index Cond: ((k >= 5335034) AND (k <= 5335134))

table 6 : explain SELECT k, c FROM sbtest6 WHERE k BETWEEN 5335034 AND 5335134
	Bitmap Heap Scan on sbtest6  (cost=5.40..377.55 rows=94 width=125)
	  Recheck Cond: ((k >= 5335034) AND (k <= 5335134))
	  ->  Bitmap Index Scan on k_6  (cost=0.00..5.38 rows=94 width=0)
	        Index Cond: ((k >= 5335034) AND (k <= 5335134))

table 7 : explain SELECT k, c FROM sbtest7 WHERE k BETWEEN 5335034 AND 5335134
	Bitmap Heap Scan on sbtest7  (cost=5.46..401.19 rows=100 width=125)
	  Recheck Cond: ((k >= 5335034) AND (k <= 5335134))
	  ->  Bitmap Index Scan on k_7  (cost=0.00..5.43 rows=100 width=0)
	        Index Cond: ((k >= 5335034) AND (k <= 5335134))

table 8 : explain SELECT k, c FROM sbtest8 WHERE k BETWEEN 5335034 AND 5335134
	Bitmap Heap Scan on sbtest8  (cost=5.43..389.37 rows=97 width=125)
	  Recheck Cond: ((k >= 5335034) AND (k <= 5335134))
	  ->  Bitmap Index Scan on k_8  (cost=0.00..5.40 rows=97 width=0)
	        Index Cond: ((k >= 5335034) AND (k <= 5335134))

explain: for range-notcovered :: explain SELECT k, c FROM sbtest%d WHERE k BETWEEN 4137720 AND 4137820
for range-notcovered
table 1 : explain SELECT k, c FROM sbtest1 WHERE k BETWEEN 4037327 AND 4037427
	Bitmap Heap Scan on sbtest1  (cost=5.46..401.19 rows=100 width=125)
	  Recheck Cond: ((k >= 4037327) AND (k <= 4037427))
	  ->  Bitmap Index Scan on k_1  (cost=0.00..5.43 rows=100 width=0)
	        Index Cond: ((k >= 4037327) AND (k <= 4037427))

table 2 : explain SELECT k, c FROM sbtest2 WHERE k BETWEEN 4037327 AND 4037427
	Bitmap Heap Scan on sbtest2  (cost=5.49..413.00 rows=103 width=125)
	  Recheck Cond: ((k >= 4037327) AND (k <= 4037427))
	  ->  Bitmap Index Scan on k_2  (cost=0.00..5.46 rows=103 width=0)
	        Index Cond: ((k >= 4037327) AND (k <= 4037427))

table 3 : explain SELECT k, c FROM sbtest3 WHERE k BETWEEN 4037327 AND 4037427
	Bitmap Heap Scan on sbtest3  (cost=5.46..401.19 rows=100 width=125)
	  Recheck Cond: ((k >= 4037327) AND (k <= 4037427))
	  ->  Bitmap Index Scan on k_3  (cost=0.00..5.43 rows=100 width=0)
	        Index Cond: ((k >= 4037327) AND (k <= 4037427))

table 4 : explain SELECT k, c FROM sbtest4 WHERE k BETWEEN 4037327 AND 4037427
	Bitmap Heap Scan on sbtest4  (cost=5.58..448.42 rows=112 width=125)
	  Recheck Cond: ((k >= 4037327) AND (k <= 4037427))
	  ->  Bitmap Index Scan on k_4  (cost=0.00..5.55 rows=112 width=0)
	        Index Cond: ((k >= 4037327) AND (k <= 4037427))

table 5 : explain SELECT k, c FROM sbtest5 WHERE k BETWEEN 4037327 AND 4037427
	Bitmap Heap Scan on sbtest5  (cost=5.48..409.07 rows=102 width=125)
	  Recheck Cond: ((k >= 4037327) AND (k <= 4037427))
	  ->  Bitmap Index Scan on k_5  (cost=0.00..5.45 rows=102 width=0)
	        Index Cond: ((k >= 4037327) AND (k <= 4037427))

table 6 : explain SELECT k, c FROM sbtest6 WHERE k BETWEEN 4037327 AND 4037427
	Bitmap Heap Scan on sbtest6  (cost=5.43..389.37 rows=97 width=125)
	  Recheck Cond: ((k >= 4037327) AND (k <= 4037427))
	  ->  Bitmap Index Scan on k_6  (cost=0.00..5.40 rows=97 width=0)
	        Index Cond: ((k >= 4037327) AND (k <= 4037427))

table 7 : explain SELECT k, c FROM sbtest7 WHERE k BETWEEN 4037327 AND 4037427
	Bitmap Heap Scan on sbtest7  (cost=5.45..397.25 rows=99 width=125)
	  Recheck Cond: ((k >= 4037327) AND (k <= 4037427))
	  ->  Bitmap Index Scan on k_7  (cost=0.00..5.42 rows=99 width=0)
	        Index Cond: ((k >= 4037327) AND (k <= 4037427))

table 8 : explain SELECT k, c FROM sbtest8 WHERE k BETWEEN 4037327 AND 4037427
	Bitmap Heap Scan on sbtest8  (cost=5.47..405.13 rows=101 width=125)
	  Recheck Cond: ((k >= 4037327) AND (k <= 4037427))
	  ->  Bitmap Index Scan on k_8  (cost=0.00..5.44 rows=101 width=0)
	        Index Cond: ((k >= 4037327) AND (k <= 4037427))

for range-notcovered
table 1 : explain SELECT k, c FROM sbtest1 WHERE k BETWEEN 6488464 AND 6488564
	Bitmap Heap Scan on sbtest1  (cost=5.40..377.55 rows=94 width=125)
	  Recheck Cond: ((k >= 6488464) AND (k <= 6488564))
	  ->  Bitmap Index Scan on k_1  (cost=0.00..5.38 rows=94 width=0)
	        Index Cond: ((k >= 6488464) AND (k <= 6488564))

table 2 : explain SELECT k, c FROM sbtest2 WHERE k BETWEEN 6488464 AND 6488564
	Bitmap Heap Scan on sbtest2  (cost=5.36..361.78 rows=90 width=125)
	  Recheck Cond: ((k >= 6488464) AND (k <= 6488564))
	  ->  Bitmap Index Scan on k_2  (cost=0.00..5.33 rows=90 width=0)
	        Index Cond: ((k >= 6488464) AND (k <= 6488564))

table 3 : explain SELECT k, c FROM sbtest3 WHERE k BETWEEN 6488464 AND 6488564
	Bitmap Heap Scan on sbtest3  (cost=5.57..444.49 rows=111 width=125)
	  Recheck Cond: ((k >= 6488464) AND (k <= 6488564))
	  ->  Bitmap Index Scan on k_3  (cost=0.00..5.54 rows=111 width=0)
	        Index Cond: ((k >= 6488464) AND (k <= 6488564))

table 4 : explain SELECT k, c FROM sbtest4 WHERE k BETWEEN 6488464 AND 6488564
	Bitmap Heap Scan on sbtest4  (cost=5.43..389.37 rows=97 width=125)
	  Recheck Cond: ((k >= 6488464) AND (k <= 6488564))
	  ->  Bitmap Index Scan on k_4  (cost=0.00..5.40 rows=97 width=0)
	        Index Cond: ((k >= 6488464) AND (k <= 6488564))

table 5 : explain SELECT k, c FROM sbtest5 WHERE k BETWEEN 6488464 AND 6488564
	Bitmap Heap Scan on sbtest5  (cost=5.46..401.19 rows=100 width=125)
	  Recheck Cond: ((k >= 6488464) AND (k <= 6488564))
	  ->  Bitmap Index Scan on k_5  (cost=0.00..5.43 rows=100 width=0)
	        Index Cond: ((k >= 6488464) AND (k <= 6488564))

table 6 : explain SELECT k, c FROM sbtest6 WHERE k BETWEEN 6488464 AND 6488564
	Bitmap Heap Scan on sbtest6  (cost=5.45..397.25 rows=99 width=125)
	  Recheck Cond: ((k >= 6488464) AND (k <= 6488564))
	  ->  Bitmap Index Scan on k_6  (cost=0.00..5.42 rows=99 width=0)
	        Index Cond: ((k >= 6488464) AND (k <= 6488564))

table 7 : explain SELECT k, c FROM sbtest7 WHERE k BETWEEN 6488464 AND 6488564
	Bitmap Heap Scan on sbtest7  (cost=5.47..405.13 rows=101 width=125)
	  Recheck Cond: ((k >= 6488464) AND (k <= 6488564))
	  ->  Bitmap Index Scan on k_7  (cost=0.00..5.44 rows=101 width=0)
	        Index Cond: ((k >= 6488464) AND (k <= 6488564))

table 8 : explain SELECT k, c FROM sbtest8 WHERE k BETWEEN 6488464 AND 6488564
	Bitmap Heap Scan on sbtest8  (cost=5.44..393.31 rows=98 width=125)
	  Recheck Cond: ((k >= 6488464) AND (k <= 6488564))
	  ->  Bitmap Index Scan on k_8  (cost=0.00..5.42 rows=98 width=0)
	        Index Cond: ((k >= 6488464) AND (k <= 6488564))

explain: for range-notcovered :: explain SELECT k, c FROM sbtest%d WHERE k BETWEEN 6488464 AND 6488564
explain: for range-notcovered :: explain SELECT k, c FROM sbtest%d WHERE k BETWEEN 4037327 AND 4037427
for range-notcovered
table 1 : explain SELECT k, c FROM sbtest1 WHERE k BETWEEN 7951375 AND 7951475
	Bitmap Heap Scan on sbtest1  (cost=5.48..409.07 rows=102 width=125)
	  Recheck Cond: ((k >= 7951375) AND (k <= 7951475))
	  ->  Bitmap Index Scan on k_1  (cost=0.00..5.45 rows=102 width=0)
	        Index Cond: ((k >= 7951375) AND (k <= 7951475))

table 2 : explain SELECT k, c FROM sbtest2 WHERE k BETWEEN 7951375 AND 7951475
	Bitmap Heap Scan on sbtest2  (cost=5.48..409.07 rows=102 width=125)
	  Recheck Cond: ((k >= 7951375) AND (k <= 7951475))
	  ->  Bitmap Index Scan on k_2  (cost=0.00..5.45 rows=102 width=0)
	        Index Cond: ((k >= 7951375) AND (k <= 7951475))

table 3 : explain SELECT k, c FROM sbtest3 WHERE k BETWEEN 7951375 AND 7951475
	Bitmap Heap Scan on sbtest3  (cost=5.42..385.43 rows=96 width=125)
	  Recheck Cond: ((k >= 7951375) AND (k <= 7951475))
	  ->  Bitmap Index Scan on k_3  (cost=0.00..5.39 rows=96 width=0)
	        Index Cond: ((k >= 7951375) AND (k <= 7951475))

table 4 : explain SELECT k, c FROM sbtest4 WHERE k BETWEEN 7951375 AND 7951475
	Bitmap Heap Scan on sbtest4  (cost=5.51..420.88 rows=105 width=125)
	  Recheck Cond: ((k >= 7951375) AND (k <= 7951475))
	  ->  Bitmap Index Scan on k_4  (cost=0.00..5.48 rows=105 width=0)
	        Index Cond: ((k >= 7951375) AND (k <= 7951475))

table 5 : explain SELECT k, c FROM sbtest5 WHERE k BETWEEN 7951375 AND 7951475
	Bitmap Heap Scan on sbtest5  (cost=5.49..413.00 rows=103 width=125)
	  Recheck Cond: ((k >= 7951375) AND (k <= 7951475))
	  ->  Bitmap Index Scan on k_5  (cost=0.00..5.46 rows=103 width=0)
	        Index Cond: ((k >= 7951375) AND (k <= 7951475))

table 6 : explain SELECT k, c FROM sbtest6 WHERE k BETWEEN 7951375 AND 7951475
	Bitmap Heap Scan on sbtest6  (cost=5.57..444.49 rows=111 width=125)
	  Recheck Cond: ((k >= 7951375) AND (k <= 7951475))
	  ->  Bitmap Index Scan on k_6  (cost=0.00..5.54 rows=111 width=0)
	        Index Cond: ((k >= 7951375) AND (k <= 7951475))

table 7 : explain SELECT k, c FROM sbtest7 WHERE k BETWEEN 7951375 AND 7951475
	Bitmap Heap Scan on sbtest7  (cost=5.44..393.31 rows=98 width=125)
	  Recheck Cond: ((k >= 7951375) AND (k <= 7951475))
	  ->  Bitmap Index Scan on k_7  (cost=0.00..5.42 rows=98 width=0)
	        Index Cond: ((k >= 7951375) AND (k <= 7951475))

table 8 : explain SELECT k, c FROM sbtest8 WHERE k BETWEEN 7951375 AND 7951475
	Bitmap Heap Scan on sbtest8  (cost=5.55..436.62 rows=109 width=125)
	  Recheck Cond: ((k >= 7951375) AND (k <= 7951475))
	  ->  Bitmap Index Scan on k_8  (cost=0.00..5.52 rows=109 width=0)
	        Index Cond: ((k >= 7951375) AND (k <= 7951475))

for range-notcovered
table 1 : explain SELECT k, c FROM sbtest1 WHERE k BETWEEN 4275057 AND 4275157
	Bitmap Heap Scan on sbtest1  (cost=5.47..405.13 rows=101 width=125)
	  Recheck Cond: ((k >= 4275057) AND (k <= 4275157))
	  ->  Bitmap Index Scan on k_1  (cost=0.00..5.44 rows=101 width=0)
	        Index Cond: ((k >= 4275057) AND (k <= 4275157))

table 2 : explain SELECT k, c FROM sbtest2 WHERE k BETWEEN 4275057 AND 4275157
	Bitmap Heap Scan on sbtest2  (cost=5.48..409.07 rows=102 width=125)
	  Recheck Cond: ((k >= 4275057) AND (k <= 4275157))
	  ->  Bitmap Index Scan on k_2  (cost=0.00..5.45 rows=102 width=0)
	        Index Cond: ((k >= 4275057) AND (k <= 4275157))

table 3 : explain SELECT k, c FROM sbtest3 WHERE k BETWEEN 4275057 AND 4275157
	Bitmap Heap Scan on sbtest3  (cost=5.46..401.19 rows=100 width=125)
	  Recheck Cond: ((k >= 4275057) AND (k <= 4275157))
	  ->  Bitmap Index Scan on k_3  (cost=0.00..5.43 rows=100 width=0)
	        Index Cond: ((k >= 4275057) AND (k <= 4275157))

table 4 : explain SELECT k, c FROM sbtest4 WHERE k BETWEEN 4275057 AND 4275157
	Bitmap Heap Scan on sbtest4  (cost=5.46..401.19 rows=100 width=125)
	  Recheck Cond: ((k >= 4275057) AND (k <= 4275157))
	  ->  Bitmap Index Scan on k_4  (cost=0.00..5.43 rows=100 width=0)
	        Index Cond: ((k >= 4275057) AND (k <= 4275157))

table 5 : explain SELECT k, c FROM sbtest5 WHERE k BETWEEN 4275057 AND 4275157
	Bitmap Heap Scan on sbtest5  (cost=5.48..409.07 rows=102 width=125)
	  Recheck Cond: ((k >= 4275057) AND (k <= 4275157))
	  ->  Bitmap Index Scan on k_5  (cost=0.00..5.45 rows=102 width=0)
	        Index Cond: ((k >= 4275057) AND (k <= 4275157))

table 6 : explain SELECT k, c FROM sbtest6 WHERE k BETWEEN 4275057 AND 4275157
	Bitmap Heap Scan on sbtest6  (cost=5.44..393.31 rows=98 width=125)
	  Recheck Cond: ((k >= 4275057) AND (k <= 4275157))
	  ->  Bitmap Index Scan on k_6  (cost=0.00..5.42 rows=98 width=0)
	        Index Cond: ((k >= 4275057) AND (k <= 4275157))

table 7 : explain SELECT k, c FROM sbtest7 WHERE k BETWEEN 4275057 AND 4275157
	Bitmap Heap Scan on sbtest7  (cost=5.43..389.37 rows=97 width=125)
	  Recheck Cond: ((k >= 4275057) AND (k <= 4275157))
	  ->  Bitmap Index Scan on k_7  (cost=0.00..5.40 rows=97 width=0)
	        Index Cond: ((k >= 4275057) AND (k <= 4275157))

table 8 : explain SELECT k, c FROM sbtest8 WHERE k BETWEEN 4275057 AND 4275157
	Bitmap Heap Scan on sbtest8  (cost=5.54..432.69 rows=108 width=125)
	  Recheck Cond: ((k >= 4275057) AND (k <= 4275157))
	  ->  Bitmap Index Scan on k_8  (cost=0.00..5.51 rows=108 width=0)
	        Index Cond: ((k >= 4275057) AND (k <= 4275157))

explain: for range-notcovered :: explain SELECT k, c FROM sbtest%d WHERE k BETWEEN 7951375 AND 7951475
explain: for range-notcovered :: explain SELECT k, c FROM sbtest%d WHERE k BETWEEN 1664006 AND 1664106
for range-notcovered
table 1 : explain SELECT k, c FROM sbtest1 WHERE k BETWEEN 6536390 AND 6536490
	Bitmap Heap Scan on sbtest1  (cost=5.40..377.55 rows=94 width=125)
	  Recheck Cond: ((k >= 6536390) AND (k <= 6536490))
	  ->  Bitmap Index Scan on k_1  (cost=0.00..5.38 rows=94 width=0)
	        Index Cond: ((k >= 6536390) AND (k <= 6536490))

table 2 : explain SELECT k, c FROM sbtest2 WHERE k BETWEEN 6536390 AND 6536490
	Bitmap Heap Scan on sbtest2  (cost=5.36..361.78 rows=90 width=125)
	  Recheck Cond: ((k >= 6536390) AND (k <= 6536490))
	  ->  Bitmap Index Scan on k_2  (cost=0.00..5.33 rows=90 width=0)
	        Index Cond: ((k >= 6536390) AND (k <= 6536490))

table 3 : explain SELECT k, c FROM sbtest3 WHERE k BETWEEN 6536390 AND 6536490
	Bitmap Heap Scan on sbtest3  (cost=5.57..444.49 rows=111 width=125)
	  Recheck Cond: ((k >= 6536390) AND (k <= 6536490))
	  ->  Bitmap Index Scan on k_3  (cost=0.00..5.54 rows=111 width=0)
	        Index Cond: ((k >= 6536390) AND (k <= 6536490))

table 4 : explain SELECT k, c FROM sbtest4 WHERE k BETWEEN 6536390 AND 6536490
	Bitmap Heap Scan on sbtest4  (cost=5.43..389.37 rows=97 width=125)
	  Recheck Cond: ((k >= 6536390) AND (k <= 6536490))
	  ->  Bitmap Index Scan on k_4  (cost=0.00..5.40 rows=97 width=0)
	        Index Cond: ((k >= 6536390) AND (k <= 6536490))

table 5 : explain SELECT k, c FROM sbtest5 WHERE k BETWEEN 6536390 AND 6536490
	Bitmap Heap Scan on sbtest5  (cost=5.46..401.19 rows=100 width=125)
	  Recheck Cond: ((k >= 6536390) AND (k <= 6536490))
	  ->  Bitmap Index Scan on k_5  (cost=0.00..5.43 rows=100 width=0)
	        Index Cond: ((k >= 6536390) AND (k <= 6536490))

table 6 : explain SELECT k, c FROM sbtest6 WHERE k BETWEEN 6536390 AND 6536490
	Bitmap Heap Scan on sbtest6  (cost=5.46..401.19 rows=100 width=125)
	  Recheck Cond: ((k >= 6536390) AND (k <= 6536490))
	  ->  Bitmap Index Scan on k_6  (cost=0.00..5.43 rows=100 width=0)
	        Index Cond: ((k >= 6536390) AND (k <= 6536490))

table 7 : explain SELECT k, c FROM sbtest7 WHERE k BETWEEN 6536390 AND 6536490
	Bitmap Heap Scan on sbtest7  (cost=5.57..444.49 rows=111 width=125)
	  Recheck Cond: ((k >= 6536390) AND (k <= 6536490))
	  ->  Bitmap Index Scan on k_7  (cost=0.00..5.54 rows=111 width=0)
	        Index Cond: ((k >= 6536390) AND (k <= 6536490))

table 8 : explain SELECT k, c FROM sbtest8 WHERE k BETWEEN 6536390 AND 6536490
	Bitmap Heap Scan on sbtest8  (cost=5.46..401.19 rows=100 width=125)
	  Recheck Cond: ((k >= 6536390) AND (k <= 6536490))
	  ->  Bitmap Index Scan on k_8  (cost=0.00..5.43 rows=100 width=0)
	        Index Cond: ((k >= 6536390) AND (k <= 6536490))

explain: for range-notcovered :: explain SELECT k, c FROM sbtest%d WHERE k BETWEEN 4275057 AND 4275157
for range-notcovered
table 1 : explain SELECT k, c FROM sbtest1 WHERE k BETWEEN 7019269 AND 7019369
	Bitmap Heap Scan on sbtest1  (cost=5.52..424.81 rows=106 width=125)
	  Recheck Cond: ((k >= 7019269) AND (k <= 7019369))
	  ->  Bitmap Index Scan on k_1  (cost=0.00..5.50 rows=106 width=0)
	        Index Cond: ((k >= 7019269) AND (k <= 7019369))

table 2 : explain SELECT k, c FROM sbtest2 WHERE k BETWEEN 7019269 AND 7019369
	Bitmap Heap Scan on sbtest2  (cost=5.45..397.25 rows=99 width=125)
	  Recheck Cond: ((k >= 7019269) AND (k <= 7019369))
	  ->  Bitmap Index Scan on k_2  (cost=0.00..5.42 rows=99 width=0)
	        Index Cond: ((k >= 7019269) AND (k <= 7019369))

table 3 : explain SELECT k, c FROM sbtest3 WHERE k BETWEEN 7019269 AND 7019369
	Bitmap Heap Scan on sbtest3  (cost=5.45..397.25 rows=99 width=125)
	  Recheck Cond: ((k >= 7019269) AND (k <= 7019369))
	  ->  Bitmap Index Scan on k_3  (cost=0.00..5.42 rows=99 width=0)
	        Index Cond: ((k >= 7019269) AND (k <= 7019369))

table 4 : explain SELECT k, c FROM sbtest4 WHERE k BETWEEN 7019269 AND 7019369
	Bitmap Heap Scan on sbtest4  (cost=5.54..432.69 rows=108 width=125)
	  Recheck Cond: ((k >= 7019269) AND (k <= 7019369))
	  ->  Bitmap Index Scan on k_4  (cost=0.00..5.51 rows=108 width=0)
	        Index Cond: ((k >= 7019269) AND (k <= 7019369))

table 5 : explain SELECT k, c FROM sbtest5 WHERE k BETWEEN 7019269 AND 7019369
	Bitmap Heap Scan on sbtest5  (cost=5.44..393.31 rows=98 width=125)
	  Recheck Cond: ((k >= 7019269) AND (k <= 7019369))
	  ->  Bitmap Index Scan on k_5  (cost=0.00..5.42 rows=98 width=0)
	        Index Cond: ((k >= 7019269) AND (k <= 7019369))

table 6 : explain SELECT k, c FROM sbtest6 WHERE k BETWEEN 7019269 AND 7019369
	Bitmap Heap Scan on sbtest6  (cost=5.47..405.13 rows=101 width=125)
	  Recheck Cond: ((k >= 7019269) AND (k <= 7019369))
	  ->  Bitmap Index Scan on k_6  (cost=0.00..5.44 rows=101 width=0)
	        Index Cond: ((k >= 7019269) AND (k <= 7019369))

table 7 : explain SELECT k, c FROM sbtest7 WHERE k BETWEEN 7019269 AND 7019369
	Bitmap Heap Scan on sbtest7  (cost=5.51..420.88 rows=105 width=125)
	  Recheck Cond: ((k >= 7019269) AND (k <= 7019369))
	  ->  Bitmap Index Scan on k_7  (cost=0.00..5.48 rows=105 width=0)
	        Index Cond: ((k >= 7019269) AND (k <= 7019369))

table 8 : explain SELECT k, c FROM sbtest8 WHERE k BETWEEN 7019269 AND 7019369
	Bitmap Heap Scan on sbtest8  (cost=5.46..401.19 rows=100 width=125)
	  Recheck Cond: ((k >= 7019269) AND (k <= 7019369))
	  ->  Bitmap Index Scan on k_8  (cost=0.00..5.43 rows=100 width=0)
	        Index Cond: ((k >= 7019269) AND (k <= 7019369))

explain: for range-notcovered :: explain SELECT k, c FROM sbtest%d WHERE k BETWEEN 6536390 AND 6536490
explain: for range-notcovered :: explain SELECT k, c FROM sbtest%d WHERE k BETWEEN 7019269 AND 7019369
for range-notcovered
table 1 : explain SELECT k, c FROM sbtest1 WHERE k BETWEEN 6950537 AND 6950637
	Bitmap Heap Scan on sbtest1  (cost=5.54..432.69 rows=108 width=125)
	  Recheck Cond: ((k >= 6950537) AND (k <= 6950637))
	  ->  Bitmap Index Scan on k_1  (cost=0.00..5.51 rows=108 width=0)
	        Index Cond: ((k >= 6950537) AND (k <= 6950637))

table 2 : explain SELECT k, c FROM sbtest2 WHERE k BETWEEN 6950537 AND 6950637
	Bitmap Heap Scan on sbtest2  (cost=5.45..397.25 rows=99 width=125)
	  Recheck Cond: ((k >= 6950537) AND (k <= 6950637))
	  ->  Bitmap Index Scan on k_2  (cost=0.00..5.42 rows=99 width=0)
	        Index Cond: ((k >= 6950537) AND (k <= 6950637))

table 3 : explain SELECT k, c FROM sbtest3 WHERE k BETWEEN 6950537 AND 6950637
	Bitmap Heap Scan on sbtest3  (cost=5.53..428.75 rows=107 width=125)
	  Recheck Cond: ((k >= 6950537) AND (k <= 6950637))
	  ->  Bitmap Index Scan on k_3  (cost=0.00..5.50 rows=107 width=0)
	        Index Cond: ((k >= 6950537) AND (k <= 6950637))

table 4 : explain SELECT k, c FROM sbtest4 WHERE k BETWEEN 6950537 AND 6950637
	Bitmap Heap Scan on sbtest4  (cost=5.54..432.69 rows=108 width=125)
	  Recheck Cond: ((k >= 6950537) AND (k <= 6950637))
	  ->  Bitmap Index Scan on k_4  (cost=0.00..5.51 rows=108 width=0)
	        Index Cond: ((k >= 6950537) AND (k <= 6950637))

table 5 : explain SELECT k, c FROM sbtest5 WHERE k BETWEEN 6950537 AND 6950637
	Bitmap Heap Scan on sbtest5  (cost=5.46..401.19 rows=100 width=125)
	  Recheck Cond: ((k >= 6950537) AND (k <= 6950637))
	  ->  Bitmap Index Scan on k_5  (cost=0.00..5.43 rows=100 width=0)
	        Index Cond: ((k >= 6950537) AND (k <= 6950637))

table 6 : explain SELECT k, c FROM sbtest6 WHERE k BETWEEN 6950537 AND 6950637
	Bitmap Heap Scan on sbtest6  (cost=5.47..405.13 rows=101 width=125)
	  Recheck Cond: ((k >= 6950537) AND (k <= 6950637))
	  ->  Bitmap Index Scan on k_6  (cost=0.00..5.44 rows=101 width=0)
	        Index Cond: ((k >= 6950537) AND (k <= 6950637))

table 7 : explain SELECT k, c FROM sbtest7 WHERE k BETWEEN 6950537 AND 6950637
	Bitmap Heap Scan on sbtest7  (cost=5.46..401.19 rows=100 width=125)
	  Recheck Cond: ((k >= 6950537) AND (k <= 6950637))
	  ->  Bitmap Index Scan on k_7  (cost=0.00..5.43 rows=100 width=0)
	        Index Cond: ((k >= 6950537) AND (k <= 6950637))

table 8 : explain SELECT k, c FROM sbtest8 WHERE k BETWEEN 6950537 AND 6950637
	Bitmap Heap Scan on sbtest8  (cost=5.58..448.42 rows=112 width=125)
	  Recheck Cond: ((k >= 6950537) AND (k <= 6950637))
	  ->  Bitmap Index Scan on k_8  (cost=0.00..5.55 rows=112 width=0)
	        Index Cond: ((k >= 6950537) AND (k <= 6950637))

for range-notcovered
table 1 : explain SELECT k, c FROM sbtest1 WHERE k BETWEEN 4137720 AND 4137820
	Bitmap Heap Scan on sbtest1  (cost=5.57..444.49 rows=111 width=125)
	  Recheck Cond: ((k >= 4137720) AND (k <= 4137820))
	  ->  Bitmap Index Scan on k_1  (cost=0.00..5.54 rows=111 width=0)
	        Index Cond: ((k >= 4137720) AND (k <= 4137820))

table 2 : explain SELECT k, c FROM sbtest2 WHERE k BETWEEN 4137720 AND 4137820
	Bitmap Heap Scan on sbtest2  (cost=5.56..440.56 rows=110 width=125)
	  Recheck Cond: ((k >= 4137720) AND (k <= 4137820))
	  ->  Bitmap Index Scan on k_2  (cost=0.00..5.53 rows=110 width=0)
	        Index Cond: ((k >= 4137720) AND (k <= 4137820))

table 3 : explain SELECT k, c FROM sbtest3 WHERE k BETWEEN 4137720 AND 4137820
	Bitmap Heap Scan on sbtest3  (cost=5.43..389.37 rows=97 width=125)
	  Recheck Cond: ((k >= 4137720) AND (k <= 4137820))
	  ->  Bitmap Index Scan on k_3  (cost=0.00..5.40 rows=97 width=0)
	        Index Cond: ((k >= 4137720) AND (k <= 4137820))

table 4 : explain SELECT k, c FROM sbtest4 WHERE k BETWEEN 4137720 AND 4137820
	Bitmap Heap Scan on sbtest4  (cost=5.43..389.37 rows=97 width=125)
	  Recheck Cond: ((k >= 4137720) AND (k <= 4137820))
	  ->  Bitmap Index Scan on k_4  (cost=0.00..5.40 rows=97 width=0)
	        Index Cond: ((k >= 4137720) AND (k <= 4137820))

table 5 : explain SELECT k, c FROM sbtest5 WHERE k BETWEEN 4137720 AND 4137820
	Bitmap Heap Scan on sbtest5  (cost=5.42..385.43 rows=96 width=125)
	  Recheck Cond: ((k >= 4137720) AND (k <= 4137820))
	  ->  Bitmap Index Scan on k_5  (cost=0.00..5.39 rows=96 width=0)
	        Index Cond: ((k >= 4137720) AND (k <= 4137820))

table 6 : explain SELECT k, c FROM sbtest6 WHERE k BETWEEN 4137720 AND 4137820
	Bitmap Heap Scan on sbtest6  (cost=5.53..428.75 rows=107 width=125)
	  Recheck Cond: ((k >= 4137720) AND (k <= 4137820))
	  ->  Bitmap Index Scan on k_6  (cost=0.00..5.50 rows=107 width=0)
	        Index Cond: ((k >= 4137720) AND (k <= 4137820))

table 7 : explain SELECT k, c FROM sbtest7 WHERE k BETWEEN 4137720 AND 4137820
	Bitmap Heap Scan on sbtest7  (cost=5.46..401.19 rows=100 width=125)
	  Recheck Cond: ((k >= 4137720) AND (k <= 4137820))
	  ->  Bitmap Index Scan on k_7  (cost=0.00..5.43 rows=100 width=0)
	        Index Cond: ((k >= 4137720) AND (k <= 4137820))

table 8 : explain SELECT k, c FROM sbtest8 WHERE k BETWEEN 4137720 AND 4137820
	Bitmap Heap Scan on sbtest8  (cost=5.50..416.94 rows=104 width=125)
	  Recheck Cond: ((k >= 4137720) AND (k <= 4137820))
	  ->  Bitmap Index Scan on k_8  (cost=0.00..5.47 rows=104 width=0)
	        Index Cond: ((k >= 4137720) AND (k <= 4137820))

explain: for range-notcovered :: explain SELECT k, c FROM sbtest%d WHERE k BETWEEN 4137720 AND 4137820
for range-notcovered
table 1 : explain SELECT k, c FROM sbtest1 WHERE k BETWEEN 7951375 AND 7951475
	Bitmap Heap Scan on sbtest1  (cost=5.48..409.07 rows=102 width=125)
	  Recheck Cond: ((k >= 7951375) AND (k <= 7951475))
	  ->  Bitmap Index Scan on k_1  (cost=0.00..5.45 rows=102 width=0)
	        Index Cond: ((k >= 7951375) AND (k <= 7951475))

table 2 : explain SELECT k, c FROM sbtest2 WHERE k BETWEEN 7951375 AND 7951475
	Bitmap Heap Scan on sbtest2  (cost=5.48..409.07 rows=102 width=125)
	  Recheck Cond: ((k >= 7951375) AND (k <= 7951475))
	  ->  Bitmap Index Scan on k_2  (cost=0.00..5.45 rows=102 width=0)
	        Index Cond: ((k >= 7951375) AND (k <= 7951475))

table 3 : explain SELECT k, c FROM sbtest3 WHERE k BETWEEN 7951375 AND 7951475
	Bitmap Heap Scan on sbtest3  (cost=5.42..385.43 rows=96 width=125)
	  Recheck Cond: ((k >= 7951375) AND (k <= 7951475))
	  ->  Bitmap Index Scan on k_3  (cost=0.00..5.39 rows=96 width=0)
	        Index Cond: ((k >= 7951375) AND (k <= 7951475))

table 4 : explain SELECT k, c FROM sbtest4 WHERE k BETWEEN 7951375 AND 7951475
	Bitmap Heap Scan on sbtest4  (cost=5.51..420.88 rows=105 width=125)
	  Recheck Cond: ((k >= 7951375) AND (k <= 7951475))
	  ->  Bitmap Index Scan on k_4  (cost=0.00..5.48 rows=105 width=0)
	        Index Cond: ((k >= 7951375) AND (k <= 7951475))

table 5 : explain SELECT k, c FROM sbtest5 WHERE k BETWEEN 7951375 AND 7951475
	Bitmap Heap Scan on sbtest5  (cost=5.49..413.00 rows=103 width=125)
	  Recheck Cond: ((k >= 7951375) AND (k <= 7951475))
	  ->  Bitmap Index Scan on k_5  (cost=0.00..5.46 rows=103 width=0)
	        Index Cond: ((k >= 7951375) AND (k <= 7951475))

table 6 : explain SELECT k, c FROM sbtest6 WHERE k BETWEEN 7951375 AND 7951475
	Bitmap Heap Scan on sbtest6  (cost=5.57..444.49 rows=111 width=125)
	  Recheck Cond: ((k >= 7951375) AND (k <= 7951475))
	  ->  Bitmap Index Scan on k_6  (cost=0.00..5.54 rows=111 width=0)
	        Index Cond: ((k >= 7951375) AND (k <= 7951475))

table 7 : explain SELECT k, c FROM sbtest7 WHERE k BETWEEN 7951375 AND 7951475
	Bitmap Heap Scan on sbtest7  (cost=5.44..393.31 rows=98 width=125)
	  Recheck Cond: ((k >= 7951375) AND (k <= 7951475))
	  ->  Bitmap Index Scan on k_7  (cost=0.00..5.42 rows=98 width=0)
	        Index Cond: ((k >= 7951375) AND (k <= 7951475))

table 8 : explain SELECT k, c FROM sbtest8 WHERE k BETWEEN 7951375 AND 7951475
	Bitmap Heap Scan on sbtest8  (cost=5.55..436.62 rows=109 width=125)
	  Recheck Cond: ((k >= 7951375) AND (k <= 7951475))
	  ->  Bitmap Index Scan on k_8  (cost=0.00..5.52 rows=109 width=0)
	        Index Cond: ((k >= 7951375) AND (k <= 7951475))

for range-notcovered
table 1 : explain SELECT k, c FROM sbtest1 WHERE k BETWEEN 4275057 AND 4275157
	Bitmap Heap Scan on sbtest1  (cost=5.47..405.13 rows=101 width=125)
	  Recheck Cond: ((k >= 4275057) AND (k <= 4275157))
	  ->  Bitmap Index Scan on k_1  (cost=0.00..5.44 rows=101 width=0)
	        Index Cond: ((k >= 4275057) AND (k <= 4275157))

table 2 : explain SELECT k, c FROM sbtest2 WHERE k BETWEEN 4275057 AND 4275157
	Bitmap Heap Scan on sbtest2  (cost=5.48..409.07 rows=102 width=125)
	  Recheck Cond: ((k >= 4275057) AND (k <= 4275157))
	  ->  Bitmap Index Scan on k_2  (cost=0.00..5.45 rows=102 width=0)
	        Index Cond: ((k >= 4275057) AND (k <= 4275157))

table 3 : explain SELECT k, c FROM sbtest3 WHERE k BETWEEN 4275057 AND 4275157
	Bitmap Heap Scan on sbtest3  (cost=5.46..401.19 rows=100 width=125)
	  Recheck Cond: ((k >= 4275057) AND (k <= 4275157))
	  ->  Bitmap Index Scan on k_3  (cost=0.00..5.43 rows=100 width=0)
	        Index Cond: ((k >= 4275057) AND (k <= 4275157))

table 4 : explain SELECT k, c FROM sbtest4 WHERE k BETWEEN 4275057 AND 4275157
	Bitmap Heap Scan on sbtest4  (cost=5.46..401.19 rows=100 width=125)
	  Recheck Cond: ((k >= 4275057) AND (k <= 4275157))
	  ->  Bitmap Index Scan on k_4  (cost=0.00..5.43 rows=100 width=0)
	        Index Cond: ((k >= 4275057) AND (k <= 4275157))

table 5 : explain SELECT k, c FROM sbtest5 WHERE k BETWEEN 4275057 AND 4275157
	Bitmap Heap Scan on sbtest5  (cost=5.48..409.07 rows=102 width=125)
	  Recheck Cond: ((k >= 4275057) AND (k <= 4275157))
	  ->  Bitmap Index Scan on k_5  (cost=0.00..5.45 rows=102 width=0)
	        Index Cond: ((k >= 4275057) AND (k <= 4275157))

table 6 : explain SELECT k, c FROM sbtest6 WHERE k BETWEEN 4275057 AND 4275157
	Bitmap Heap Scan on sbtest6  (cost=5.44..393.31 rows=98 width=125)
	  Recheck Cond: ((k >= 4275057) AND (k <= 4275157))
	  ->  Bitmap Index Scan on k_6  (cost=0.00..5.42 rows=98 width=0)
	        Index Cond: ((k >= 4275057) AND (k <= 4275157))

table 7 : explain SELECT k, c FROM sbtest7 WHERE k BETWEEN 4275057 AND 4275157
	Bitmap Heap Scan on sbtest7  (cost=5.43..389.37 rows=97 width=125)
	  Recheck Cond: ((k >= 4275057) AND (k <= 4275157))
	  ->  Bitmap Index Scan on k_7  (cost=0.00..5.40 rows=97 width=0)
	        Index Cond: ((k >= 4275057) AND (k <= 4275157))

table 8 : explain SELECT k, c FROM sbtest8 WHERE k BETWEEN 4275057 AND 4275157
	Bitmap Heap Scan on sbtest8  (cost=5.54..432.69 rows=108 width=125)
	  Recheck Cond: ((k >= 4275057) AND (k <= 4275157))
	  ->  Bitmap Index Scan on k_8  (cost=0.00..5.51 rows=108 width=0)
	        Index Cond: ((k >= 4275057) AND (k <= 4275157))

explain: for range-notcovered :: explain SELECT k, c FROM sbtest%d WHERE k BETWEEN 4275057 AND 4275157
for range-notcovered
table 1 : explain SELECT k, c FROM sbtest1 WHERE k BETWEEN 1412515 AND 1412615
	Bitmap Heap Scan on sbtest1  (cost=5.47..405.13 rows=101 width=125)
	  Recheck Cond: ((k >= 1412515) AND (k <= 1412615))
	  ->  Bitmap Index Scan on k_1  (cost=0.00..5.44 rows=101 width=0)
	        Index Cond: ((k >= 1412515) AND (k <= 1412615))

table 2 : explain SELECT k, c FROM sbtest2 WHERE k BETWEEN 1412515 AND 1412615
	Bitmap Heap Scan on sbtest2  (cost=5.46..401.19 rows=100 width=125)
	  Recheck Cond: ((k >= 1412515) AND (k <= 1412615))
	  ->  Bitmap Index Scan on k_2  (cost=0.00..5.43 rows=100 width=0)
	        Index Cond: ((k >= 1412515) AND (k <= 1412615))

table 3 : explain SELECT k, c FROM sbtest3 WHERE k BETWEEN 1412515 AND 1412615
	Bitmap Heap Scan on sbtest3  (cost=5.46..401.19 rows=100 width=125)
	  Recheck Cond: ((k >= 1412515) AND (k <= 1412615))
	  ->  Bitmap Index Scan on k_3  (cost=0.00..5.43 rows=100 width=0)
	        Index Cond: ((k >= 1412515) AND (k <= 1412615))

table 4 : explain SELECT k, c FROM sbtest4 WHERE k BETWEEN 1412515 AND 1412615
	Bitmap Heap Scan on sbtest4  (cost=5.45..397.25 rows=99 width=125)
	  Recheck Cond: ((k >= 1412515) AND (k <= 1412615))
	  ->  Bitmap Index Scan on k_4  (cost=0.00..5.42 rows=99 width=0)
	        Index Cond: ((k >= 1412515) AND (k <= 1412615))

table 5 : explain SELECT k, c FROM sbtest5 WHERE k BETWEEN 1412515 AND 1412615
	Bitmap Heap Scan on sbtest5  (cost=5.44..393.31 rows=98 width=125)
	  Recheck Cond: ((k >= 1412515) AND (k <= 1412615))
	  ->  Bitmap Index Scan on k_5  (cost=0.00..5.42 rows=98 width=0)
	        Index Cond: ((k >= 1412515) AND (k <= 1412615))

table 6 : explain SELECT k, c FROM sbtest6 WHERE k BETWEEN 1412515 AND 1412615
	Bitmap Heap Scan on sbtest6  (cost=5.47..405.13 rows=101 width=125)
	  Recheck Cond: ((k >= 1412515) AND (k <= 1412615))
	  ->  Bitmap Index Scan on k_6  (cost=0.00..5.44 rows=101 width=0)
	        Index Cond: ((k >= 1412515) AND (k <= 1412615))

table 7 : explain SELECT k, c FROM sbtest7 WHERE k BETWEEN 1412515 AND 1412615
	Bitmap Heap Scan on sbtest7  (cost=5.60..456.29 rows=114 width=125)
	  Recheck Cond: ((k >= 1412515) AND (k <= 1412615))
	  ->  Bitmap Index Scan on k_7  (cost=0.00..5.58 rows=114 width=0)
	        Index Cond: ((k >= 1412515) AND (k <= 1412615))

table 8 : explain SELECT k, c FROM sbtest8 WHERE k BETWEEN 1412515 AND 1412615
	Bitmap Heap Scan on sbtest8  (cost=5.54..432.69 rows=108 width=125)
	  Recheck Cond: ((k >= 1412515) AND (k <= 1412615))
	  ->  Bitmap Index Scan on k_8  (cost=0.00..5.51 rows=108 width=0)
	        Index Cond: ((k >= 1412515) AND (k <= 1412615))

for range-notcovered
table 1 : explain SELECT k, c FROM sbtest1 WHERE k BETWEEN 6536390 AND 6536490
	Bitmap Heap Scan on sbtest1  (cost=5.40..377.55 rows=94 width=125)
	  Recheck Cond: ((k >= 6536390) AND (k <= 6536490))
	  ->  Bitmap Index Scan on k_1  (cost=0.00..5.38 rows=94 width=0)
	        Index Cond: ((k >= 6536390) AND (k <= 6536490))

table 2 : explain SELECT k, c FROM sbtest2 WHERE k BETWEEN 6536390 AND 6536490
	Bitmap Heap Scan on sbtest2  (cost=5.36..361.78 rows=90 width=125)
	  Recheck Cond: ((k >= 6536390) AND (k <= 6536490))
	  ->  Bitmap Index Scan on k_2  (cost=0.00..5.33 rows=90 width=0)
	        Index Cond: ((k >= 6536390) AND (k <= 6536490))

table 3 : explain SELECT k, c FROM sbtest3 WHERE k BETWEEN 6536390 AND 6536490
	Bitmap Heap Scan on sbtest3  (cost=5.57..444.49 rows=111 width=125)
	  Recheck Cond: ((k >= 6536390) AND (k <= 6536490))
	  ->  Bitmap Index Scan on k_3  (cost=0.00..5.54 rows=111 width=0)
	        Index Cond: ((k >= 6536390) AND (k <= 6536490))

table 4 : explain SELECT k, c FROM sbtest4 WHERE k BETWEEN 6536390 AND 6536490
	Bitmap Heap Scan on sbtest4  (cost=5.43..389.37 rows=97 width=125)
	  Recheck Cond: ((k >= 6536390) AND (k <= 6536490))
	  ->  Bitmap Index Scan on k_4  (cost=0.00..5.40 rows=97 width=0)
	        Index Cond: ((k >= 6536390) AND (k <= 6536490))

table 5 : explain SELECT k, c FROM sbtest5 WHERE k BETWEEN 6536390 AND 6536490
	Bitmap Heap Scan on sbtest5  (cost=5.46..401.19 rows=100 width=125)
	  Recheck Cond: ((k >= 6536390) AND (k <= 6536490))
	  ->  Bitmap Index Scan on k_5  (cost=0.00..5.43 rows=100 width=0)
	        Index Cond: ((k >= 6536390) AND (k <= 6536490))

table 6 : explain SELECT k, c FROM sbtest6 WHERE k BETWEEN 6536390 AND 6536490
	Bitmap Heap Scan on sbtest6  (cost=5.46..401.19 rows=100 width=125)
	  Recheck Cond: ((k >= 6536390) AND (k <= 6536490))
	  ->  Bitmap Index Scan on k_6  (cost=0.00..5.43 rows=100 width=0)
	        Index Cond: ((k >= 6536390) AND (k <= 6536490))

table 7 : explain SELECT k, c FROM sbtest7 WHERE k BETWEEN 6536390 AND 6536490
	Bitmap Heap Scan on sbtest7  (cost=5.57..444.49 rows=111 width=125)
	  Recheck Cond: ((k >= 6536390) AND (k <= 6536490))
	  ->  Bitmap Index Scan on k_7  (cost=0.00..5.54 rows=111 width=0)
	        Index Cond: ((k >= 6536390) AND (k <= 6536490))

table 8 : explain SELECT k, c FROM sbtest8 WHERE k BETWEEN 6536390 AND 6536490
	Bitmap Heap Scan on sbtest8  (cost=5.46..401.19 rows=100 width=125)
	  Recheck Cond: ((k >= 6536390) AND (k <= 6536490))
	  ->  Bitmap Index Scan on k_8  (cost=0.00..5.43 rows=100 width=0)
	        Index Cond: ((k >= 6536390) AND (k <= 6536490))

for range-notcovered
table 1 : explain SELECT k, c FROM sbtest1 WHERE k BETWEEN 7019269 AND 7019369
	Bitmap Heap Scan on sbtest1  (cost=5.52..424.81 rows=106 width=125)
	  Recheck Cond: ((k >= 7019269) AND (k <= 7019369))
	  ->  Bitmap Index Scan on k_1  (cost=0.00..5.50 rows=106 width=0)
	        Index Cond: ((k >= 7019269) AND (k <= 7019369))

table 2 : explain SELECT k, c FROM sbtest2 WHERE k BETWEEN 7019269 AND 7019369
	Bitmap Heap Scan on sbtest2  (cost=5.45..397.25 rows=99 width=125)
	  Recheck Cond: ((k >= 7019269) AND (k <= 7019369))
	  ->  Bitmap Index Scan on k_2  (cost=0.00..5.42 rows=99 width=0)
	        Index Cond: ((k >= 7019269) AND (k <= 7019369))

table 3 : explain SELECT k, c FROM sbtest3 WHERE k BETWEEN 7019269 AND 7019369
	Bitmap Heap Scan on sbtest3  (cost=5.45..397.25 rows=99 width=125)
	  Recheck Cond: ((k >= 7019269) AND (k <= 7019369))
	  ->  Bitmap Index Scan on k_3  (cost=0.00..5.42 rows=99 width=0)
	        Index Cond: ((k >= 7019269) AND (k <= 7019369))

table 4 : explain SELECT k, c FROM sbtest4 WHERE k BETWEEN 7019269 AND 7019369
	Bitmap Heap Scan on sbtest4  (cost=5.54..432.69 rows=108 width=125)
	  Recheck Cond: ((k >= 7019269) AND (k <= 7019369))
	  ->  Bitmap Index Scan on k_4  (cost=0.00..5.51 rows=108 width=0)
	        Index Cond: ((k >= 7019269) AND (k <= 7019369))

table 5 : explain SELECT k, c FROM sbtest5 WHERE k BETWEEN 7019269 AND 7019369
	Bitmap Heap Scan on sbtest5  (cost=5.44..393.31 rows=98 width=125)
	  Recheck Cond: ((k >= 7019269) AND (k <= 7019369))
	  ->  Bitmap Index Scan on k_5  (cost=0.00..5.42 rows=98 width=0)
	        Index Cond: ((k >= 7019269) AND (k <= 7019369))

table 6 : explain SELECT k, c FROM sbtest6 WHERE k BETWEEN 7019269 AND 7019369
	Bitmap Heap Scan on sbtest6  (cost=5.47..405.13 rows=101 width=125)
	  Recheck Cond: ((k >= 7019269) AND (k <= 7019369))
	  ->  Bitmap Index Scan on k_6  (cost=0.00..5.44 rows=101 width=0)
	        Index Cond: ((k >= 7019269) AND (k <= 7019369))

table 7 : explain SELECT k, c FROM sbtest7 WHERE k BETWEEN 7019269 AND 7019369
	Bitmap Heap Scan on sbtest7  (cost=5.51..420.88 rows=105 width=125)
	  Recheck Cond: ((k >= 7019269) AND (k <= 7019369))
	  ->  Bitmap Index Scan on k_7  (cost=0.00..5.48 rows=105 width=0)
	        Index Cond: ((k >= 7019269) AND (k <= 7019369))

table 8 : explain SELECT k, c FROM sbtest8 WHERE k BETWEEN 7019269 AND 7019369
	Bitmap Heap Scan on sbtest8  (cost=5.46..401.19 rows=100 width=125)
	  Recheck Cond: ((k >= 7019269) AND (k <= 7019369))
	  ->  Bitmap Index Scan on k_8  (cost=0.00..5.43 rows=100 width=0)
	        Index Cond: ((k >= 7019269) AND (k <= 7019369))

explain: for range-notcovered :: explain SELECT k, c FROM sbtest%d WHERE k BETWEEN 6536390 AND 6536490
explain: for range-notcovered :: explain SELECT k, c FROM sbtest%d WHERE k BETWEEN 7019269 AND 7019369
explain: for range-notcovered :: explain SELECT k, c FROM sbtest%d WHERE k BETWEEN 1412515 AND 1412615
for range-notcovered
table 1 : explain SELECT k, c FROM sbtest1 WHERE k BETWEEN 6488464 AND 6488564
	Bitmap Heap Scan on sbtest1  (cost=5.40..377.55 rows=94 width=125)
	  Recheck Cond: ((k >= 6488464) AND (k <= 6488564))
	  ->  Bitmap Index Scan on k_1  (cost=0.00..5.38 rows=94 width=0)
	        Index Cond: ((k >= 6488464) AND (k <= 6488564))

table 2 : explain SELECT k, c FROM sbtest2 WHERE k BETWEEN 6488464 AND 6488564
	Bitmap Heap Scan on sbtest2  (cost=5.36..361.78 rows=90 width=125)
	  Recheck Cond: ((k >= 6488464) AND (k <= 6488564))
	  ->  Bitmap Index Scan on k_2  (cost=0.00..5.33 rows=90 width=0)
	        Index Cond: ((k >= 6488464) AND (k <= 6488564))

table 3 : explain SELECT k, c FROM sbtest3 WHERE k BETWEEN 6488464 AND 6488564
	Bitmap Heap Scan on sbtest3  (cost=5.57..444.49 rows=111 width=125)
	  Recheck Cond: ((k >= 6488464) AND (k <= 6488564))
	  ->  Bitmap Index Scan on k_3  (cost=0.00..5.54 rows=111 width=0)
	        Index Cond: ((k >= 6488464) AND (k <= 6488564))

table 4 : explain SELECT k, c FROM sbtest4 WHERE k BETWEEN 6488464 AND 6488564
	Bitmap Heap Scan on sbtest4  (cost=5.43..389.37 rows=97 width=125)
	  Recheck Cond: ((k >= 6488464) AND (k <= 6488564))
	  ->  Bitmap Index Scan on k_4  (cost=0.00..5.40 rows=97 width=0)
	        Index Cond: ((k >= 6488464) AND (k <= 6488564))

table 5 : explain SELECT k, c FROM sbtest5 WHERE k BETWEEN 6488464 AND 6488564
	Bitmap Heap Scan on sbtest5  (cost=5.46..401.19 rows=100 width=125)
	  Recheck Cond: ((k >= 6488464) AND (k <= 6488564))
	  ->  Bitmap Index Scan on k_5  (cost=0.00..5.43 rows=100 width=0)
	        Index Cond: ((k >= 6488464) AND (k <= 6488564))

table 6 : explain SELECT k, c FROM sbtest6 WHERE k BETWEEN 6488464 AND 6488564
	Bitmap Heap Scan on sbtest6  (cost=5.45..397.25 rows=99 width=125)
	  Recheck Cond: ((k >= 6488464) AND (k <= 6488564))
	  ->  Bitmap Index Scan on k_6  (cost=0.00..5.42 rows=99 width=0)
	        Index Cond: ((k >= 6488464) AND (k <= 6488564))

table 7 : explain SELECT k, c FROM sbtest7 WHERE k BETWEEN 6488464 AND 6488564
	Bitmap Heap Scan on sbtest7  (cost=5.47..405.13 rows=101 width=125)
	  Recheck Cond: ((k >= 6488464) AND (k <= 6488564))
	  ->  Bitmap Index Scan on k_7  (cost=0.00..5.44 rows=101 width=0)
	        Index Cond: ((k >= 6488464) AND (k <= 6488564))

table 8 : explain SELECT k, c FROM sbtest8 WHERE k BETWEEN 6488464 AND 6488564
	Bitmap Heap Scan on sbtest8  (cost=5.44..393.31 rows=98 width=125)
	  Recheck Cond: ((k >= 6488464) AND (k <= 6488564))
	  ->  Bitmap Index Scan on k_8  (cost=0.00..5.42 rows=98 width=0)
	        Index Cond: ((k >= 6488464) AND (k <= 6488564))

for range-notcovered
table 1 : explain SELECT k, c FROM sbtest1 WHERE k BETWEEN 4037327 AND 4037427
	Bitmap Heap Scan on sbtest1  (cost=5.46..401.19 rows=100 width=125)
	  Recheck Cond: ((k >= 4037327) AND (k <= 4037427))
	  ->  Bitmap Index Scan on k_1  (cost=0.00..5.43 rows=100 width=0)
	        Index Cond: ((k >= 4037327) AND (k <= 4037427))

table 2 : explain SELECT k, c FROM sbtest2 WHERE k BETWEEN 4037327 AND 4037427
	Bitmap Heap Scan on sbtest2  (cost=5.49..413.00 rows=103 width=125)
	  Recheck Cond: ((k >= 4037327) AND (k <= 4037427))
	  ->  Bitmap Index Scan on k_2  (cost=0.00..5.46 rows=103 width=0)
	        Index Cond: ((k >= 4037327) AND (k <= 4037427))

table 3 : explain SELECT k, c FROM sbtest3 WHERE k BETWEEN 4037327 AND 4037427
	Bitmap Heap Scan on sbtest3  (cost=5.46..401.19 rows=100 width=125)
	  Recheck Cond: ((k >= 4037327) AND (k <= 4037427))
	  ->  Bitmap Index Scan on k_3  (cost=0.00..5.43 rows=100 width=0)
	        Index Cond: ((k >= 4037327) AND (k <= 4037427))

table 4 : explain SELECT k, c FROM sbtest4 WHERE k BETWEEN 4037327 AND 4037427
	Bitmap Heap Scan on sbtest4  (cost=5.58..448.42 rows=112 width=125)
	  Recheck Cond: ((k >= 4037327) AND (k <= 4037427))
	  ->  Bitmap Index Scan on k_4  (cost=0.00..5.55 rows=112 width=0)
	        Index Cond: ((k >= 4037327) AND (k <= 4037427))

table 5 : explain SELECT k, c FROM sbtest5 WHERE k BETWEEN 4037327 AND 4037427
	Bitmap Heap Scan on sbtest5  (cost=5.48..409.07 rows=102 width=125)
	  Recheck Cond: ((k >= 4037327) AND (k <= 4037427))
	  ->  Bitmap Index Scan on k_5  (cost=0.00..5.45 rows=102 width=0)
	        Index Cond: ((k >= 4037327) AND (k <= 4037427))

table 6 : explain SELECT k, c FROM sbtest6 WHERE k BETWEEN 4037327 AND 4037427
	Bitmap Heap Scan on sbtest6  (cost=5.43..389.37 rows=97 width=125)
	  Recheck Cond: ((k >= 4037327) AND (k <= 4037427))
	  ->  Bitmap Index Scan on k_6  (cost=0.00..5.40 rows=97 width=0)
	        Index Cond: ((k >= 4037327) AND (k <= 4037427))

table 7 : explain SELECT k, c FROM sbtest7 WHERE k BETWEEN 4037327 AND 4037427
	Bitmap Heap Scan on sbtest7  (cost=5.45..397.25 rows=99 width=125)
	  Recheck Cond: ((k >= 4037327) AND (k <= 4037427))
	  ->  Bitmap Index Scan on k_7  (cost=0.00..5.42 rows=99 width=0)
	        Index Cond: ((k >= 4037327) AND (k <= 4037427))

table 8 : explain SELECT k, c FROM sbtest8 WHERE k BETWEEN 4037327 AND 4037427
	Bitmap Heap Scan on sbtest8  (cost=5.47..405.13 rows=101 width=125)
	  Recheck Cond: ((k >= 4037327) AND (k <= 4037427))
	  ->  Bitmap Index Scan on k_8  (cost=0.00..5.44 rows=101 width=0)
	        Index Cond: ((k >= 4037327) AND (k <= 4037427))

for range-notcovered
table 1 : explain SELECT k, c FROM sbtest1 WHERE k BETWEEN 4275057 AND 4275157
	Bitmap Heap Scan on sbtest1  (cost=5.47..405.13 rows=101 width=125)
	  Recheck Cond: ((k >= 4275057) AND (k <= 4275157))
	  ->  Bitmap Index Scan on k_1  (cost=0.00..5.44 rows=101 width=0)
	        Index Cond: ((k >= 4275057) AND (k <= 4275157))

table 2 : explain SELECT k, c FROM sbtest2 WHERE k BETWEEN 4275057 AND 4275157
	Bitmap Heap Scan on sbtest2  (cost=5.48..409.07 rows=102 width=125)
	  Recheck Cond: ((k >= 4275057) AND (k <= 4275157))
	  ->  Bitmap Index Scan on k_2  (cost=0.00..5.45 rows=102 width=0)
	        Index Cond: ((k >= 4275057) AND (k <= 4275157))

table 3 : explain SELECT k, c FROM sbtest3 WHERE k BETWEEN 4275057 AND 4275157
	Bitmap Heap Scan on sbtest3  (cost=5.46..401.19 rows=100 width=125)
	  Recheck Cond: ((k >= 4275057) AND (k <= 4275157))
	  ->  Bitmap Index Scan on k_3  (cost=0.00..5.43 rows=100 width=0)
	        Index Cond: ((k >= 4275057) AND (k <= 4275157))

table 4 : explain SELECT k, c FROM sbtest4 WHERE k BETWEEN 4275057 AND 4275157
	Bitmap Heap Scan on sbtest4  (cost=5.46..401.19 rows=100 width=125)
	  Recheck Cond: ((k >= 4275057) AND (k <= 4275157))
	  ->  Bitmap Index Scan on k_4  (cost=0.00..5.43 rows=100 width=0)
	        Index Cond: ((k >= 4275057) AND (k <= 4275157))

table 5 : explain SELECT k, c FROM sbtest5 WHERE k BETWEEN 4275057 AND 4275157
	Bitmap Heap Scan on sbtest5  (cost=5.48..409.07 rows=102 width=125)
	  Recheck Cond: ((k >= 4275057) AND (k <= 4275157))
	  ->  Bitmap Index Scan on k_5  (cost=0.00..5.45 rows=102 width=0)
	        Index Cond: ((k >= 4275057) AND (k <= 4275157))

table 6 : explain SELECT k, c FROM sbtest6 WHERE k BETWEEN 4275057 AND 4275157
	Bitmap Heap Scan on sbtest6  (cost=5.44..393.31 rows=98 width=125)
	  Recheck Cond: ((k >= 4275057) AND (k <= 4275157))
	  ->  Bitmap Index Scan on k_6  (cost=0.00..5.42 rows=98 width=0)
	        Index Cond: ((k >= 4275057) AND (k <= 4275157))

table 7 : explain SELECT k, c FROM sbtest7 WHERE k BETWEEN 4275057 AND 4275157
	Bitmap Heap Scan on sbtest7  (cost=5.43..389.37 rows=97 width=125)
	  Recheck Cond: ((k >= 4275057) AND (k <= 4275157))
	  ->  Bitmap Index Scan on k_7  (cost=0.00..5.40 rows=97 width=0)
	        Index Cond: ((k >= 4275057) AND (k <= 4275157))

table 8 : explain SELECT k, c FROM sbtest8 WHERE k BETWEEN 4275057 AND 4275157
	Bitmap Heap Scan on sbtest8  (cost=5.54..432.69 rows=108 width=125)
	  Recheck Cond: ((k >= 4275057) AND (k <= 4275157))
	  ->  Bitmap Index Scan on k_8  (cost=0.00..5.51 rows=108 width=0)
	        Index Cond: ((k >= 4275057) AND (k <= 4275157))

explain: for range-notcovered :: explain SELECT k, c FROM sbtest%d WHERE k BETWEEN 4037327 AND 4037427
explain: for range-notcovered :: explain SELECT k, c FROM sbtest%d WHERE k BETWEEN 6950537 AND 6950637
explain: for range-notcovered :: explain SELECT k, c FROM sbtest%d WHERE k BETWEEN 4275057 AND 4275157
for range-notcovered
table 1 : explain SELECT k, c FROM sbtest1 WHERE k BETWEEN 1664006 AND 1664106
	Bitmap Heap Scan on sbtest1  (cost=5.42..385.43 rows=96 width=125)
	  Recheck Cond: ((k >= 1664006) AND (k <= 1664106))
	  ->  Bitmap Index Scan on k_1  (cost=0.00..5.39 rows=96 width=0)
	        Index Cond: ((k >= 1664006) AND (k <= 1664106))

table 2 : explain SELECT k, c FROM sbtest2 WHERE k BETWEEN 1664006 AND 1664106
	Bitmap Heap Scan on sbtest2  (cost=5.53..428.75 rows=107 width=125)
	  Recheck Cond: ((k >= 1664006) AND (k <= 1664106))
	  ->  Bitmap Index Scan on k_2  (cost=0.00..5.50 rows=107 width=0)
	        Index Cond: ((k >= 1664006) AND (k <= 1664106))

table 3 : explain SELECT k, c FROM sbtest3 WHERE k BETWEEN 1664006 AND 1664106
	Bitmap Heap Scan on sbtest3  (cost=5.52..424.81 rows=106 width=125)
	  Recheck Cond: ((k >= 1664006) AND (k <= 1664106))
	  ->  Bitmap Index Scan on k_3  (cost=0.00..5.50 rows=106 width=0)
	        Index Cond: ((k >= 1664006) AND (k <= 1664106))

table 4 : explain SELECT k, c FROM sbtest4 WHERE k BETWEEN 1664006 AND 1664106
	Bitmap Heap Scan on sbtest4  (cost=5.53..428.75 rows=107 width=125)
	  Recheck Cond: ((k >= 1664006) AND (k <= 1664106))
	  ->  Bitmap Index Scan on k_4  (cost=0.00..5.50 rows=107 width=0)
	        Index Cond: ((k >= 1664006) AND (k <= 1664106))

table 5 : explain SELECT k, c FROM sbtest5 WHERE k BETWEEN 1664006 AND 1664106
	Bitmap Heap Scan on sbtest5  (cost=5.54..432.69 rows=108 width=125)
	  Recheck Cond: ((k >= 1664006) AND (k <= 1664106))
	  ->  Bitmap Index Scan on k_5  (cost=0.00..5.51 rows=108 width=0)
	        Index Cond: ((k >= 1664006) AND (k <= 1664106))

table 6 : explain SELECT k, c FROM sbtest6 WHERE k BETWEEN 1664006 AND 1664106
	Bitmap Heap Scan on sbtest6  (cost=5.56..440.56 rows=110 width=125)
	  Recheck Cond: ((k >= 1664006) AND (k <= 1664106))
	  ->  Bitmap Index Scan on k_6  (cost=0.00..5.53 rows=110 width=0)
	        Index Cond: ((k >= 1664006) AND (k <= 1664106))

table 7 : explain SELECT k, c FROM sbtest7 WHERE k BETWEEN 1664006 AND 1664106
	Bitmap Heap Scan on sbtest7  (cost=5.45..397.25 rows=99 width=125)
	  Recheck Cond: ((k >= 1664006) AND (k <= 1664106))
	  ->  Bitmap Index Scan on k_7  (cost=0.00..5.42 rows=99 width=0)
	        Index Cond: ((k >= 1664006) AND (k <= 1664106))

table 8 : explain SELECT k, c FROM sbtest8 WHERE k BETWEEN 1664006 AND 1664106
	Bitmap Heap Scan on sbtest8  (cost=5.38..369.67 rows=92 width=125)
	  Recheck Cond: ((k >= 1664006) AND (k <= 1664106))
	  ->  Bitmap Index Scan on k_8  (cost=0.00..5.35 rows=92 width=0)
	        Index Cond: ((k >= 1664006) AND (k <= 1664106))

for range-notcovered
table 1 : explain SELECT k, c FROM sbtest1 WHERE k BETWEEN 6536390 AND 6536490
	Bitmap Heap Scan on sbtest1  (cost=5.40..377.55 rows=94 width=125)
	  Recheck Cond: ((k >= 6536390) AND (k <= 6536490))
	  ->  Bitmap Index Scan on k_1  (cost=0.00..5.38 rows=94 width=0)
	        Index Cond: ((k >= 6536390) AND (k <= 6536490))

table 2 : explain SELECT k, c FROM sbtest2 WHERE k BETWEEN 6536390 AND 6536490
	Bitmap Heap Scan on sbtest2  (cost=5.36..361.78 rows=90 width=125)
	  Recheck Cond: ((k >= 6536390) AND (k <= 6536490))
	  ->  Bitmap Index Scan on k_2  (cost=0.00..5.33 rows=90 width=0)
	        Index Cond: ((k >= 6536390) AND (k <= 6536490))

table 3 : explain SELECT k, c FROM sbtest3 WHERE k BETWEEN 6536390 AND 6536490
	Bitmap Heap Scan on sbtest3  (cost=5.57..444.49 rows=111 width=125)
	  Recheck Cond: ((k >= 6536390) AND (k <= 6536490))
	  ->  Bitmap Index Scan on k_3  (cost=0.00..5.54 rows=111 width=0)
	        Index Cond: ((k >= 6536390) AND (k <= 6536490))

table 4 : explain SELECT k, c FROM sbtest4 WHERE k BETWEEN 6536390 AND 6536490
	Bitmap Heap Scan on sbtest4  (cost=5.43..389.37 rows=97 width=125)
	  Recheck Cond: ((k >= 6536390) AND (k <= 6536490))
	  ->  Bitmap Index Scan on k_4  (cost=0.00..5.40 rows=97 width=0)
	        Index Cond: ((k >= 6536390) AND (k <= 6536490))

table 5 : explain SELECT k, c FROM sbtest5 WHERE k BETWEEN 6536390 AND 6536490
	Bitmap Heap Scan on sbtest5  (cost=5.46..401.19 rows=100 width=125)
	  Recheck Cond: ((k >= 6536390) AND (k <= 6536490))
	  ->  Bitmap Index Scan on k_5  (cost=0.00..5.43 rows=100 width=0)
	        Index Cond: ((k >= 6536390) AND (k <= 6536490))

table 6 : explain SELECT k, c FROM sbtest6 WHERE k BETWEEN 6536390 AND 6536490
	Bitmap Heap Scan on sbtest6  (cost=5.46..401.19 rows=100 width=125)
	  Recheck Cond: ((k >= 6536390) AND (k <= 6536490))
	  ->  Bitmap Index Scan on k_6  (cost=0.00..5.43 rows=100 width=0)
	        Index Cond: ((k >= 6536390) AND (k <= 6536490))

table 7 : explain SELECT k, c FROM sbtest7 WHERE k BETWEEN 6536390 AND 6536490
	Bitmap Heap Scan on sbtest7  (cost=5.57..444.49 rows=111 width=125)
	  Recheck Cond: ((k >= 6536390) AND (k <= 6536490))
	  ->  Bitmap Index Scan on k_7  (cost=0.00..5.54 rows=111 width=0)
	        Index Cond: ((k >= 6536390) AND (k <= 6536490))

table 8 : explain SELECT k, c FROM sbtest8 WHERE k BETWEEN 6536390 AND 6536490
	Bitmap Heap Scan on sbtest8  (cost=5.46..401.19 rows=100 width=125)
	  Recheck Cond: ((k >= 6536390) AND (k <= 6536490))
	  ->  Bitmap Index Scan on k_8  (cost=0.00..5.43 rows=100 width=0)
	        Index Cond: ((k >= 6536390) AND (k <= 6536490))

for range-notcovered
table 1 : explain SELECT k, c FROM sbtest1 WHERE k BETWEEN 7019269 AND 7019369
	Bitmap Heap Scan on sbtest1  (cost=5.52..424.81 rows=106 width=125)
	  Recheck Cond: ((k >= 7019269) AND (k <= 7019369))
	  ->  Bitmap Index Scan on k_1  (cost=0.00..5.50 rows=106 width=0)
	        Index Cond: ((k >= 7019269) AND (k <= 7019369))

table 2 : explain SELECT k, c FROM sbtest2 WHERE k BETWEEN 7019269 AND 7019369
	Bitmap Heap Scan on sbtest2  (cost=5.45..397.25 rows=99 width=125)
	  Recheck Cond: ((k >= 7019269) AND (k <= 7019369))
	  ->  Bitmap Index Scan on k_2  (cost=0.00..5.42 rows=99 width=0)
	        Index Cond: ((k >= 7019269) AND (k <= 7019369))

table 3 : explain SELECT k, c FROM sbtest3 WHERE k BETWEEN 7019269 AND 7019369
	Bitmap Heap Scan on sbtest3  (cost=5.45..397.25 rows=99 width=125)
	  Recheck Cond: ((k >= 7019269) AND (k <= 7019369))
	  ->  Bitmap Index Scan on k_3  (cost=0.00..5.42 rows=99 width=0)
	        Index Cond: ((k >= 7019269) AND (k <= 7019369))

table 4 : explain SELECT k, c FROM sbtest4 WHERE k BETWEEN 7019269 AND 7019369
	Bitmap Heap Scan on sbtest4  (cost=5.54..432.69 rows=108 width=125)
	  Recheck Cond: ((k >= 7019269) AND (k <= 7019369))
	  ->  Bitmap Index Scan on k_4  (cost=0.00..5.51 rows=108 width=0)
	        Index Cond: ((k >= 7019269) AND (k <= 7019369))

table 5 : explain SELECT k, c FROM sbtest5 WHERE k BETWEEN 7019269 AND 7019369
	Bitmap Heap Scan on sbtest5  (cost=5.44..393.31 rows=98 width=125)
	  Recheck Cond: ((k >= 7019269) AND (k <= 7019369))
	  ->  Bitmap Index Scan on k_5  (cost=0.00..5.42 rows=98 width=0)
	        Index Cond: ((k >= 7019269) AND (k <= 7019369))

table 6 : explain SELECT k, c FROM sbtest6 WHERE k BETWEEN 7019269 AND 7019369
	Bitmap Heap Scan on sbtest6  (cost=5.47..405.13 rows=101 width=125)
	  Recheck Cond: ((k >= 7019269) AND (k <= 7019369))
	  ->  Bitmap Index Scan on k_6  (cost=0.00..5.44 rows=101 width=0)
	        Index Cond: ((k >= 7019269) AND (k <= 7019369))

table 7 : explain SELECT k, c FROM sbtest7 WHERE k BETWEEN 7019269 AND 7019369
	Bitmap Heap Scan on sbtest7  (cost=5.51..420.88 rows=105 width=125)
	  Recheck Cond: ((k >= 7019269) AND (k <= 7019369))
	  ->  Bitmap Index Scan on k_7  (cost=0.00..5.48 rows=105 width=0)
	        Index Cond: ((k >= 7019269) AND (k <= 7019369))

table 8 : explain SELECT k, c FROM sbtest8 WHERE k BETWEEN 7019269 AND 7019369
	Bitmap Heap Scan on sbtest8  (cost=5.46..401.19 rows=100 width=125)
	  Recheck Cond: ((k >= 7019269) AND (k <= 7019369))
	  ->  Bitmap Index Scan on k_8  (cost=0.00..5.43 rows=100 width=0)
	        Index Cond: ((k >= 7019269) AND (k <= 7019369))

for range-notcovered
table 1 : explain SELECT k, c FROM sbtest1 WHERE k BETWEEN 4137720 AND 4137820
	Bitmap Heap Scan on sbtest1  (cost=5.57..444.49 rows=111 width=125)
	  Recheck Cond: ((k >= 4137720) AND (k <= 4137820))
	  ->  Bitmap Index Scan on k_1  (cost=0.00..5.54 rows=111 width=0)
	        Index Cond: ((k >= 4137720) AND (k <= 4137820))

table 2 : explain SELECT k, c FROM sbtest2 WHERE k BETWEEN 4137720 AND 4137820
	Bitmap Heap Scan on sbtest2  (cost=5.56..440.56 rows=110 width=125)
	  Recheck Cond: ((k >= 4137720) AND (k <= 4137820))
	  ->  Bitmap Index Scan on k_2  (cost=0.00..5.53 rows=110 width=0)
	        Index Cond: ((k >= 4137720) AND (k <= 4137820))

table 3 : explain SELECT k, c FROM sbtest3 WHERE k BETWEEN 4137720 AND 4137820
	Bitmap Heap Scan on sbtest3  (cost=5.43..389.37 rows=97 width=125)
	  Recheck Cond: ((k >= 4137720) AND (k <= 4137820))
	  ->  Bitmap Index Scan on k_3  (cost=0.00..5.40 rows=97 width=0)
	        Index Cond: ((k >= 4137720) AND (k <= 4137820))

table 4 : explain SELECT k, c FROM sbtest4 WHERE k BETWEEN 4137720 AND 4137820
	Bitmap Heap Scan on sbtest4  (cost=5.43..389.37 rows=97 width=125)
	  Recheck Cond: ((k >= 4137720) AND (k <= 4137820))
	  ->  Bitmap Index Scan on k_4  (cost=0.00..5.40 rows=97 width=0)
	        Index Cond: ((k >= 4137720) AND (k <= 4137820))

table 5 : explain SELECT k, c FROM sbtest5 WHERE k BETWEEN 4137720 AND 4137820
	Bitmap Heap Scan on sbtest5  (cost=5.42..385.43 rows=96 width=125)
	  Recheck Cond: ((k >= 4137720) AND (k <= 4137820))
	  ->  Bitmap Index Scan on k_5  (cost=0.00..5.39 rows=96 width=0)
	        Index Cond: ((k >= 4137720) AND (k <= 4137820))

table 6 : explain SELECT k, c FROM sbtest6 WHERE k BETWEEN 4137720 AND 4137820
	Bitmap Heap Scan on sbtest6  (cost=5.53..428.75 rows=107 width=125)
	  Recheck Cond: ((k >= 4137720) AND (k <= 4137820))
	  ->  Bitmap Index Scan on k_6  (cost=0.00..5.50 rows=107 width=0)
	        Index Cond: ((k >= 4137720) AND (k <= 4137820))

table 7 : explain SELECT k, c FROM sbtest7 WHERE k BETWEEN 4137720 AND 4137820
	Bitmap Heap Scan on sbtest7  (cost=5.46..401.19 rows=100 width=125)
	  Recheck Cond: ((k >= 4137720) AND (k <= 4137820))
	  ->  Bitmap Index Scan on k_7  (cost=0.00..5.43 rows=100 width=0)
	        Index Cond: ((k >= 4137720) AND (k <= 4137820))

table 8 : explain SELECT k, c FROM sbtest8 WHERE k BETWEEN 4137720 AND 4137820
	Bitmap Heap Scan on sbtest8  (cost=5.50..416.94 rows=104 width=125)
	  Recheck Cond: ((k >= 4137720) AND (k <= 4137820))
	  ->  Bitmap Index Scan on k_8  (cost=0.00..5.47 rows=104 width=0)
	        Index Cond: ((k >= 4137720) AND (k <= 4137820))

explain: for range-notcovered :: explain SELECT k, c FROM sbtest%d WHERE k BETWEEN 6536390 AND 6536490
explain: for range-notcovered :: explain SELECT k, c FROM sbtest%d WHERE k BETWEEN 1664006 AND 1664106
explain: for range-notcovered :: explain SELECT k, c FROM sbtest%d WHERE k BETWEEN 4137720 AND 4137820
for range-notcovered
table 1 : explain SELECT k, c FROM sbtest1 WHERE k BETWEEN 4275057 AND 4275157
	Bitmap Heap Scan on sbtest1  (cost=5.47..405.13 rows=101 width=125)
	  Recheck Cond: ((k >= 4275057) AND (k <= 4275157))
	  ->  Bitmap Index Scan on k_1  (cost=0.00..5.44 rows=101 width=0)
	        Index Cond: ((k >= 4275057) AND (k <= 4275157))

table 2 : explain SELECT k, c FROM sbtest2 WHERE k BETWEEN 4275057 AND 4275157
	Bitmap Heap Scan on sbtest2  (cost=5.48..409.07 rows=102 width=125)
	  Recheck Cond: ((k >= 4275057) AND (k <= 4275157))
	  ->  Bitmap Index Scan on k_2  (cost=0.00..5.45 rows=102 width=0)
	        Index Cond: ((k >= 4275057) AND (k <= 4275157))

table 3 : explain SELECT k, c FROM sbtest3 WHERE k BETWEEN 4275057 AND 4275157
	Bitmap Heap Scan on sbtest3  (cost=5.46..401.19 rows=100 width=125)
	  Recheck Cond: ((k >= 4275057) AND (k <= 4275157))
	  ->  Bitmap Index Scan on k_3  (cost=0.00..5.43 rows=100 width=0)
	        Index Cond: ((k >= 4275057) AND (k <= 4275157))

table 4 : explain SELECT k, c FROM sbtest4 WHERE k BETWEEN 4275057 AND 4275157
	Bitmap Heap Scan on sbtest4  (cost=5.46..401.19 rows=100 width=125)
	  Recheck Cond: ((k >= 4275057) AND (k <= 4275157))
	  ->  Bitmap Index Scan on k_4  (cost=0.00..5.43 rows=100 width=0)
	        Index Cond: ((k >= 4275057) AND (k <= 4275157))

table 5 : explain SELECT k, c FROM sbtest5 WHERE k BETWEEN 4275057 AND 4275157
	Bitmap Heap Scan on sbtest5  (cost=5.48..409.07 rows=102 width=125)
	  Recheck Cond: ((k >= 4275057) AND (k <= 4275157))
	  ->  Bitmap Index Scan on k_5  (cost=0.00..5.45 rows=102 width=0)
	        Index Cond: ((k >= 4275057) AND (k <= 4275157))

table 6 : explain SELECT k, c FROM sbtest6 WHERE k BETWEEN 4275057 AND 4275157
	Bitmap Heap Scan on sbtest6  (cost=5.44..393.31 rows=98 width=125)
	  Recheck Cond: ((k >= 4275057) AND (k <= 4275157))
	  ->  Bitmap Index Scan on k_6  (cost=0.00..5.42 rows=98 width=0)
	        Index Cond: ((k >= 4275057) AND (k <= 4275157))

table 7 : explain SELECT k, c FROM sbtest7 WHERE k BETWEEN 4275057 AND 4275157
	Bitmap Heap Scan on sbtest7  (cost=5.43..389.37 rows=97 width=125)
	  Recheck Cond: ((k >= 4275057) AND (k <= 4275157))
	  ->  Bitmap Index Scan on k_7  (cost=0.00..5.40 rows=97 width=0)
	        Index Cond: ((k >= 4275057) AND (k <= 4275157))

table 8 : explain SELECT k, c FROM sbtest8 WHERE k BETWEEN 4275057 AND 4275157
	Bitmap Heap Scan on sbtest8  (cost=5.54..432.69 rows=108 width=125)
	  Recheck Cond: ((k >= 4275057) AND (k <= 4275157))
	  ->  Bitmap Index Scan on k_8  (cost=0.00..5.51 rows=108 width=0)
	        Index Cond: ((k >= 4275057) AND (k <= 4275157))

explain: for range-notcovered :: explain SELECT k, c FROM sbtest%d WHERE k BETWEEN 4275057 AND 4275157
for range-notcovered
table 1 : explain SELECT k, c FROM sbtest1 WHERE k BETWEEN 6536390 AND 6536490
	Bitmap Heap Scan on sbtest1  (cost=5.40..377.55 rows=94 width=125)
	  Recheck Cond: ((k >= 6536390) AND (k <= 6536490))
	  ->  Bitmap Index Scan on k_1  (cost=0.00..5.38 rows=94 width=0)
	        Index Cond: ((k >= 6536390) AND (k <= 6536490))

table 2 : explain SELECT k, c FROM sbtest2 WHERE k BETWEEN 6536390 AND 6536490
	Bitmap Heap Scan on sbtest2  (cost=5.36..361.78 rows=90 width=125)
	  Recheck Cond: ((k >= 6536390) AND (k <= 6536490))
	  ->  Bitmap Index Scan on k_2  (cost=0.00..5.33 rows=90 width=0)
	        Index Cond: ((k >= 6536390) AND (k <= 6536490))

table 3 : explain SELECT k, c FROM sbtest3 WHERE k BETWEEN 6536390 AND 6536490
	Bitmap Heap Scan on sbtest3  (cost=5.57..444.49 rows=111 width=125)
	  Recheck Cond: ((k >= 6536390) AND (k <= 6536490))
	  ->  Bitmap Index Scan on k_3  (cost=0.00..5.54 rows=111 width=0)
	        Index Cond: ((k >= 6536390) AND (k <= 6536490))

table 4 : explain SELECT k, c FROM sbtest4 WHERE k BETWEEN 6536390 AND 6536490
	Bitmap Heap Scan on sbtest4  (cost=5.43..389.37 rows=97 width=125)
	  Recheck Cond: ((k >= 6536390) AND (k <= 6536490))
	  ->  Bitmap Index Scan on k_4  (cost=0.00..5.40 rows=97 width=0)
	        Index Cond: ((k >= 6536390) AND (k <= 6536490))

table 5 : explain SELECT k, c FROM sbtest5 WHERE k BETWEEN 6536390 AND 6536490
	Bitmap Heap Scan on sbtest5  (cost=5.46..401.19 rows=100 width=125)
	  Recheck Cond: ((k >= 6536390) AND (k <= 6536490))
	  ->  Bitmap Index Scan on k_5  (cost=0.00..5.43 rows=100 width=0)
	        Index Cond: ((k >= 6536390) AND (k <= 6536490))

table 6 : explain SELECT k, c FROM sbtest6 WHERE k BETWEEN 6536390 AND 6536490
	Bitmap Heap Scan on sbtest6  (cost=5.46..401.19 rows=100 width=125)
	  Recheck Cond: ((k >= 6536390) AND (k <= 6536490))
	  ->  Bitmap Index Scan on k_6  (cost=0.00..5.43 rows=100 width=0)
	        Index Cond: ((k >= 6536390) AND (k <= 6536490))

table 7 : explain SELECT k, c FROM sbtest7 WHERE k BETWEEN 6536390 AND 6536490
	Bitmap Heap Scan on sbtest7  (cost=5.57..444.49 rows=111 width=125)
	  Recheck Cond: ((k >= 6536390) AND (k <= 6536490))
	  ->  Bitmap Index Scan on k_7  (cost=0.00..5.54 rows=111 width=0)
	        Index Cond: ((k >= 6536390) AND (k <= 6536490))

table 8 : explain SELECT k, c FROM sbtest8 WHERE k BETWEEN 6536390 AND 6536490
	Bitmap Heap Scan on sbtest8  (cost=5.46..401.19 rows=100 width=125)
	  Recheck Cond: ((k >= 6536390) AND (k <= 6536490))
	  ->  Bitmap Index Scan on k_8  (cost=0.00..5.43 rows=100 width=0)
	        Index Cond: ((k >= 6536390) AND (k <= 6536490))

for range-notcovered
table 1 : explain SELECT k, c FROM sbtest1 WHERE k BETWEEN 1664006 AND 1664106
	Bitmap Heap Scan on sbtest1  (cost=5.42..385.43 rows=96 width=125)
	  Recheck Cond: ((k >= 1664006) AND (k <= 1664106))
	  ->  Bitmap Index Scan on k_1  (cost=0.00..5.39 rows=96 width=0)
	        Index Cond: ((k >= 1664006) AND (k <= 1664106))

table 2 : explain SELECT k, c FROM sbtest2 WHERE k BETWEEN 1664006 AND 1664106
	Bitmap Heap Scan on sbtest2  (cost=5.53..428.75 rows=107 width=125)
	  Recheck Cond: ((k >= 1664006) AND (k <= 1664106))
	  ->  Bitmap Index Scan on k_2  (cost=0.00..5.50 rows=107 width=0)
	        Index Cond: ((k >= 1664006) AND (k <= 1664106))

table 3 : explain SELECT k, c FROM sbtest3 WHERE k BETWEEN 1664006 AND 1664106
	Bitmap Heap Scan on sbtest3  (cost=5.52..424.81 rows=106 width=125)
	  Recheck Cond: ((k >= 1664006) AND (k <= 1664106))
	  ->  Bitmap Index Scan on k_3  (cost=0.00..5.50 rows=106 width=0)
	        Index Cond: ((k >= 1664006) AND (k <= 1664106))

table 4 : explain SELECT k, c FROM sbtest4 WHERE k BETWEEN 1664006 AND 1664106
	Bitmap Heap Scan on sbtest4  (cost=5.53..428.75 rows=107 width=125)
	  Recheck Cond: ((k >= 1664006) AND (k <= 1664106))
	  ->  Bitmap Index Scan on k_4  (cost=0.00..5.50 rows=107 width=0)
	        Index Cond: ((k >= 1664006) AND (k <= 1664106))

table 5 : explain SELECT k, c FROM sbtest5 WHERE k BETWEEN 1664006 AND 1664106
	Bitmap Heap Scan on sbtest5  (cost=5.54..432.69 rows=108 width=125)
	  Recheck Cond: ((k >= 1664006) AND (k <= 1664106))
	  ->  Bitmap Index Scan on k_5  (cost=0.00..5.51 rows=108 width=0)
	        Index Cond: ((k >= 1664006) AND (k <= 1664106))

table 6 : explain SELECT k, c FROM sbtest6 WHERE k BETWEEN 1664006 AND 1664106
	Bitmap Heap Scan on sbtest6  (cost=5.56..440.56 rows=110 width=125)
	  Recheck Cond: ((k >= 1664006) AND (k <= 1664106))
	  ->  Bitmap Index Scan on k_6  (cost=0.00..5.53 rows=110 width=0)
	        Index Cond: ((k >= 1664006) AND (k <= 1664106))

table 7 : explain SELECT k, c FROM sbtest7 WHERE k BETWEEN 1664006 AND 1664106
	Bitmap Heap Scan on sbtest7  (cost=5.45..397.25 rows=99 width=125)
	  Recheck Cond: ((k >= 1664006) AND (k <= 1664106))
	  ->  Bitmap Index Scan on k_7  (cost=0.00..5.42 rows=99 width=0)
	        Index Cond: ((k >= 1664006) AND (k <= 1664106))

table 8 : explain SELECT k, c FROM sbtest8 WHERE k BETWEEN 1664006 AND 1664106
	Bitmap Heap Scan on sbtest8  (cost=5.38..369.67 rows=92 width=125)
	  Recheck Cond: ((k >= 1664006) AND (k <= 1664106))
	  ->  Bitmap Index Scan on k_8  (cost=0.00..5.35 rows=92 width=0)
	        Index Cond: ((k >= 1664006) AND (k <= 1664106))
for range-notcovered
table 1 : explain SELECT k, c FROM sbtest1 WHERE k BETWEEN 1412515 AND 1412615
	Bitmap Heap Scan on sbtest1  (cost=5.47..405.13 rows=101 width=125)
	  Recheck Cond: ((k >= 1412515) AND (k <= 1412615))
	  ->  Bitmap Index Scan on k_1  (cost=0.00..5.44 rows=101 width=0)
	        Index Cond: ((k >= 1412515) AND (k <= 1412615))

table 2 : explain SELECT k, c FROM sbtest2 WHERE k BETWEEN 1412515 AND 1412615
	Bitmap Heap Scan on sbtest2  (cost=5.46..401.19 rows=100 width=125)
	  Recheck Cond: ((k >= 1412515) AND (k <= 1412615))
	  ->  Bitmap Index Scan on k_2  (cost=0.00..5.43 rows=100 width=0)
	        Index Cond: ((k >= 1412515) AND (k <= 1412615))

table 3 : explain SELECT k, c FROM sbtest3 WHERE k BETWEEN 1412515 AND 1412615
	Bitmap Heap Scan on sbtest3  (cost=5.46..401.19 rows=100 width=125)
	  Recheck Cond: ((k >= 1412515) AND (k <= 1412615))
	  ->  Bitmap Index Scan on k_3  (cost=0.00..5.43 rows=100 width=0)
	        Index Cond: ((k >= 1412515) AND (k <= 1412615))

table 4 : explain SELECT k, c FROM sbtest4 WHERE k BETWEEN 1412515 AND 1412615
	Bitmap Heap Scan on sbtest4  (cost=5.45..397.25 rows=99 width=125)
	  Recheck Cond: ((k >= 1412515) AND (k <= 1412615))
	  ->  Bitmap Index Scan on k_4  (cost=0.00..5.42 rows=99 width=0)
	        Index Cond: ((k >= 1412515) AND (k <= 1412615))

table 5 : explain SELECT k, c FROM sbtest5 WHERE k BETWEEN 1412515 AND 1412615
	Bitmap Heap Scan on sbtest5  (cost=5.44..393.31 rows=98 width=125)
	  Recheck Cond: ((k >= 1412515) AND (k <= 1412615))
	  ->  Bitmap Index Scan on k_5  (cost=0.00..5.42 rows=98 width=0)
	        Index Cond: ((k >= 1412515) AND (k <= 1412615))

table 6 : explain SELECT k, c FROM sbtest6 WHERE k BETWEEN 1412515 AND 1412615
	Bitmap Heap Scan on sbtest6  (cost=5.47..405.13 rows=101 width=125)
	  Recheck Cond: ((k >= 1412515) AND (k <= 1412615))
	  ->  Bitmap Index Scan on k_6  (cost=0.00..5.44 rows=101 width=0)
	        Index Cond: ((k >= 1412515) AND (k <= 1412615))

table 7 : explain SELECT k, c FROM sbtest7 WHERE k BETWEEN 1412515 AND 1412615
	Bitmap Heap Scan on sbtest7  (cost=5.60..456.29 rows=114 width=125)
	  Recheck Cond: ((k >= 1412515) AND (k <= 1412615))
	  ->  Bitmap Index Scan on k_7  (cost=0.00..5.58 rows=114 width=0)
	        Index Cond: ((k >= 1412515) AND (k <= 1412615))

table 8 : explain SELECT k, c FROM sbtest8 WHERE k BETWEEN 1412515 AND 1412615
	Bitmap Heap Scan on sbtest8  (cost=5.54..432.69 rows=108 width=125)
	  Recheck Cond: ((k >= 1412515) AND (k <= 1412615))
	  ->  Bitmap Index Scan on k_8  (cost=0.00..5.51 rows=108 width=0)
	        Index Cond: ((k >= 1412515) AND (k <= 1412615))


explain: for range-notcovered :: explain SELECT k, c FROM sbtest%d WHERE k BETWEEN 1664006 AND 1664106
explain: for range-notcovered :: explain SELECT k, c FROM sbtest%d WHERE k BETWEEN 1412515 AND 1412615
for range-notcovered
table 1 : explain SELECT k, c FROM sbtest1 WHERE k BETWEEN 1834137 AND 1834237
	Bitmap Heap Scan on sbtest1  (cost=5.41..381.49 rows=95 width=125)
	  Recheck Cond: ((k >= 1834137) AND (k <= 1834237))
	  ->  Bitmap Index Scan on k_1  (cost=0.00..5.38 rows=95 width=0)
	        Index Cond: ((k >= 1834137) AND (k <= 1834237))

table 2 : explain SELECT k, c FROM sbtest2 WHERE k BETWEEN 1834137 AND 1834237
	Bitmap Heap Scan on sbtest2  (cost=5.53..428.75 rows=107 width=125)
	  Recheck Cond: ((k >= 1834137) AND (k <= 1834237))
	  ->  Bitmap Index Scan on k_2  (cost=0.00..5.50 rows=107 width=0)
	        Index Cond: ((k >= 1834137) AND (k <= 1834237))

table 3 : explain SELECT k, c FROM sbtest3 WHERE k BETWEEN 1834137 AND 1834237
	Bitmap Heap Scan on sbtest3  (cost=5.42..385.43 rows=96 width=125)
	  Recheck Cond: ((k >= 1834137) AND (k <= 1834237))
	  ->  Bitmap Index Scan on k_3  (cost=0.00..5.39 rows=96 width=0)
	        Index Cond: ((k >= 1834137) AND (k <= 1834237))

table 4 : explain SELECT k, c FROM sbtest4 WHERE k BETWEEN 1834137 AND 1834237
	Bitmap Heap Scan on sbtest4  (cost=5.49..413.00 rows=103 width=125)
	  Recheck Cond: ((k >= 1834137) AND (k <= 1834237))
	  ->  Bitmap Index Scan on k_4  (cost=0.00..5.46 rows=103 width=0)
	        Index Cond: ((k >= 1834137) AND (k <= 1834237))

table 5 : explain SELECT k, c FROM sbtest5 WHERE k BETWEEN 1834137 AND 1834237
	Bitmap Heap Scan on sbtest5  (cost=5.54..432.69 rows=108 width=125)
	  Recheck Cond: ((k >= 1834137) AND (k <= 1834237))
	  ->  Bitmap Index Scan on k_5  (cost=0.00..5.51 rows=108 width=0)
	        Index Cond: ((k >= 1834137) AND (k <= 1834237))

table 6 : explain SELECT k, c FROM sbtest6 WHERE k BETWEEN 1834137 AND 1834237
	Bitmap Heap Scan on sbtest6  (cost=5.51..420.88 rows=105 width=125)
	  Recheck Cond: ((k >= 1834137) AND (k <= 1834237))
	  ->  Bitmap Index Scan on k_6  (cost=0.00..5.48 rows=105 width=0)
	        Index Cond: ((k >= 1834137) AND (k <= 1834237))

table 7 : explain SELECT k, c FROM sbtest7 WHERE k BETWEEN 1834137 AND 1834237
	Bitmap Heap Scan on sbtest7  (cost=5.50..416.94 rows=104 width=125)
	  Recheck Cond: ((k >= 1834137) AND (k <= 1834237))
	  ->  Bitmap Index Scan on k_7  (cost=0.00..5.47 rows=104 width=0)
	        Index Cond: ((k >= 1834137) AND (k <= 1834237))

table 8 : explain SELECT k, c FROM sbtest8 WHERE k BETWEEN 1834137 AND 1834237
	Bitmap Heap Scan on sbtest8  (cost=5.54..432.69 rows=108 width=125)
	  Recheck Cond: ((k >= 1834137) AND (k <= 1834237))
	  ->  Bitmap Index Scan on k_8  (cost=0.00..5.51 rows=108 width=0)
	        Index Cond: ((k >= 1834137) AND (k <= 1834237))

for range-notcovered
table 1 : explain SELECT k, c FROM sbtest1 WHERE k BETWEEN 4037327 AND 4037427
	Bitmap Heap Scan on sbtest1  (cost=5.46..401.19 rows=100 width=125)
	  Recheck Cond: ((k >= 4037327) AND (k <= 4037427))
	  ->  Bitmap Index Scan on k_1  (cost=0.00..5.43 rows=100 width=0)
	        Index Cond: ((k >= 4037327) AND (k <= 4037427))

table 2 : explain SELECT k, c FROM sbtest2 WHERE k BETWEEN 4037327 AND 4037427
	Bitmap Heap Scan on sbtest2  (cost=5.49..413.00 rows=103 width=125)
	  Recheck Cond: ((k >= 4037327) AND (k <= 4037427))
	  ->  Bitmap Index Scan on k_2  (cost=0.00..5.46 rows=103 width=0)
	        Index Cond: ((k >= 4037327) AND (k <= 4037427))

table 3 : explain SELECT k, c FROM sbtest3 WHERE k BETWEEN 4037327 AND 4037427
	Bitmap Heap Scan on sbtest3  (cost=5.46..401.19 rows=100 width=125)
	  Recheck Cond: ((k >= 4037327) AND (k <= 4037427))
	  ->  Bitmap Index Scan on k_3  (cost=0.00..5.43 rows=100 width=0)
	        Index Cond: ((k >= 4037327) AND (k <= 4037427))

table 4 : explain SELECT k, c FROM sbtest4 WHERE k BETWEEN 4037327 AND 4037427
	Bitmap Heap Scan on sbtest4  (cost=5.58..448.42 rows=112 width=125)
	  Recheck Cond: ((k >= 4037327) AND (k <= 4037427))
	  ->  Bitmap Index Scan on k_4  (cost=0.00..5.55 rows=112 width=0)
	        Index Cond: ((k >= 4037327) AND (k <= 4037427))

table 5 : explain SELECT k, c FROM sbtest5 WHERE k BETWEEN 4037327 AND 4037427
	Bitmap Heap Scan on sbtest5  (cost=5.48..409.07 rows=102 width=125)
	  Recheck Cond: ((k >= 4037327) AND (k <= 4037427))
	  ->  Bitmap Index Scan on k_5  (cost=0.00..5.45 rows=102 width=0)
	        Index Cond: ((k >= 4037327) AND (k <= 4037427))

table 6 : explain SELECT k, c FROM sbtest6 WHERE k BETWEEN 4037327 AND 4037427
	Bitmap Heap Scan on sbtest6  (cost=5.43..389.37 rows=97 width=125)
	  Recheck Cond: ((k >= 4037327) AND (k <= 4037427))
	  ->  Bitmap Index Scan on k_6  (cost=0.00..5.40 rows=97 width=0)
	        Index Cond: ((k >= 4037327) AND (k <= 4037427))

table 7 : explain SELECT k, c FROM sbtest7 WHERE k BETWEEN 4037327 AND 4037427
	Bitmap Heap Scan on sbtest7  (cost=5.45..397.25 rows=99 width=125)
	  Recheck Cond: ((k >= 4037327) AND (k <= 4037427))
	  ->  Bitmap Index Scan on k_7  (cost=0.00..5.42 rows=99 width=0)
	        Index Cond: ((k >= 4037327) AND (k <= 4037427))

table 8 : explain SELECT k, c FROM sbtest8 WHERE k BETWEEN 4037327 AND 4037427
	Bitmap Heap Scan on sbtest8  (cost=5.47..405.13 rows=101 width=125)
	  Recheck Cond: ((k >= 4037327) AND (k <= 4037427))
	  ->  Bitmap Index Scan on k_8  (cost=0.00..5.44 rows=101 width=0)
	        Index Cond: ((k >= 4037327) AND (k <= 4037427))

for range-notcovered
table 1 : explain SELECT k, c FROM sbtest1 WHERE k BETWEEN 6950537 AND 6950637
	Bitmap Heap Scan on sbtest1  (cost=5.54..432.69 rows=108 width=125)
	  Recheck Cond: ((k >= 6950537) AND (k <= 6950637))
	  ->  Bitmap Index Scan on k_1  (cost=0.00..5.51 rows=108 width=0)
	        Index Cond: ((k >= 6950537) AND (k <= 6950637))

table 2 : explain SELECT k, c FROM sbtest2 WHERE k BETWEEN 6950537 AND 6950637
	Bitmap Heap Scan on sbtest2  (cost=5.45..397.25 rows=99 width=125)
	  Recheck Cond: ((k >= 6950537) AND (k <= 6950637))
	  ->  Bitmap Index Scan on k_2  (cost=0.00..5.42 rows=99 width=0)
	        Index Cond: ((k >= 6950537) AND (k <= 6950637))

table 3 : explain SELECT k, c FROM sbtest3 WHERE k BETWEEN 6950537 AND 6950637
	Bitmap Heap Scan on sbtest3  (cost=5.53..428.75 rows=107 width=125)
	  Recheck Cond: ((k >= 6950537) AND (k <= 6950637))
	  ->  Bitmap Index Scan on k_3  (cost=0.00..5.50 rows=107 width=0)
	        Index Cond: ((k >= 6950537) AND (k <= 6950637))

table 4 : explain SELECT k, c FROM sbtest4 WHERE k BETWEEN 6950537 AND 6950637
	Bitmap Heap Scan on sbtest4  (cost=5.54..432.69 rows=108 width=125)
	  Recheck Cond: ((k >= 6950537) AND (k <= 6950637))
	  ->  Bitmap Index Scan on k_4  (cost=0.00..5.51 rows=108 width=0)
	        Index Cond: ((k >= 6950537) AND (k <= 6950637))

table 5 : explain SELECT k, c FROM sbtest5 WHERE k BETWEEN 6950537 AND 6950637
	Bitmap Heap Scan on sbtest5  (cost=5.46..401.19 rows=100 width=125)
	  Recheck Cond: ((k >= 6950537) AND (k <= 6950637))
	  ->  Bitmap Index Scan on k_5  (cost=0.00..5.43 rows=100 width=0)
	        Index Cond: ((k >= 6950537) AND (k <= 6950637))

table 6 : explain SELECT k, c FROM sbtest6 WHERE k BETWEEN 6950537 AND 6950637
	Bitmap Heap Scan on sbtest6  (cost=5.47..405.13 rows=101 width=125)
	  Recheck Cond: ((k >= 6950537) AND (k <= 6950637))
	  ->  Bitmap Index Scan on k_6  (cost=0.00..5.44 rows=101 width=0)
	        Index Cond: ((k >= 6950537) AND (k <= 6950637))

table 7 : explain SELECT k, c FROM sbtest7 WHERE k BETWEEN 6950537 AND 6950637
	Bitmap Heap Scan on sbtest7  (cost=5.46..401.19 rows=100 width=125)
	  Recheck Cond: ((k >= 6950537) AND (k <= 6950637))
	  ->  Bitmap Index Scan on k_7  (cost=0.00..5.43 rows=100 width=0)
	        Index Cond: ((k >= 6950537) AND (k <= 6950637))

table 8 : explain SELECT k, c FROM sbtest8 WHERE k BETWEEN 6950537 AND 6950637
	Bitmap Heap Scan on sbtest8  (cost=5.58..448.42 rows=112 width=125)
	  Recheck Cond: ((k >= 6950537) AND (k <= 6950637))
	  ->  Bitmap Index Scan on k_8  (cost=0.00..5.55 rows=112 width=0)
	        Index Cond: ((k >= 6950537) AND (k <= 6950637))

for range-notcovered
table 1 : explain SELECT k, c FROM sbtest1 WHERE k BETWEEN 4275057 AND 4275157
	Bitmap Heap Scan on sbtest1  (cost=5.47..405.13 rows=101 width=125)
	  Recheck Cond: ((k >= 4275057) AND (k <= 4275157))
	  ->  Bitmap Index Scan on k_1  (cost=0.00..5.44 rows=101 width=0)
	        Index Cond: ((k >= 4275057) AND (k <= 4275157))

table 2 : explain SELECT k, c FROM sbtest2 WHERE k BETWEEN 4275057 AND 4275157
	Bitmap Heap Scan on sbtest2  (cost=5.48..409.07 rows=102 width=125)
	  Recheck Cond: ((k >= 4275057) AND (k <= 4275157))
	  ->  Bitmap Index Scan on k_2  (cost=0.00..5.45 rows=102 width=0)
	        Index Cond: ((k >= 4275057) AND (k <= 4275157))

table 3 : explain SELECT k, c FROM sbtest3 WHERE k BETWEEN 4275057 AND 4275157
	Bitmap Heap Scan on sbtest3  (cost=5.46..401.19 rows=100 width=125)
	  Recheck Cond: ((k >= 4275057) AND (k <= 4275157))
	  ->  Bitmap Index Scan on k_3  (cost=0.00..5.43 rows=100 width=0)
	        Index Cond: ((k >= 4275057) AND (k <= 4275157))

table 4 : explain SELECT k, c FROM sbtest4 WHERE k BETWEEN 4275057 AND 4275157
	Bitmap Heap Scan on sbtest4  (cost=5.46..401.19 rows=100 width=125)
	  Recheck Cond: ((k >= 4275057) AND (k <= 4275157))
	  ->  Bitmap Index Scan on k_4  (cost=0.00..5.43 rows=100 width=0)
	        Index Cond: ((k >= 4275057) AND (k <= 4275157))

table 5 : explain SELECT k, c FROM sbtest5 WHERE k BETWEEN 4275057 AND 4275157
	Bitmap Heap Scan on sbtest5  (cost=5.48..409.07 rows=102 width=125)
	  Recheck Cond: ((k >= 4275057) AND (k <= 4275157))
	  ->  Bitmap Index Scan on k_5  (cost=0.00..5.45 rows=102 width=0)
	        Index Cond: ((k >= 4275057) AND (k <= 4275157))

table 6 : explain SELECT k, c FROM sbtest6 WHERE k BETWEEN 4275057 AND 4275157
	Bitmap Heap Scan on sbtest6  (cost=5.44..393.31 rows=98 width=125)
	  Recheck Cond: ((k >= 4275057) AND (k <= 4275157))
	  ->  Bitmap Index Scan on k_6  (cost=0.00..5.42 rows=98 width=0)
	        Index Cond: ((k >= 4275057) AND (k <= 4275157))

table 7 : explain SELECT k, c FROM sbtest7 WHERE k BETWEEN 4275057 AND 4275157
	Bitmap Heap Scan on sbtest7  (cost=5.43..389.37 rows=97 width=125)
	  Recheck Cond: ((k >= 4275057) AND (k <= 4275157))
	  ->  Bitmap Index Scan on k_7  (cost=0.00..5.40 rows=97 width=0)
	        Index Cond: ((k >= 4275057) AND (k <= 4275157))

table 8 : explain SELECT k, c FROM sbtest8 WHERE k BETWEEN 4275057 AND 4275157
	Bitmap Heap Scan on sbtest8  (cost=5.54..432.69 rows=108 width=125)
	  Recheck Cond: ((k >= 4275057) AND (k <= 4275157))
	  ->  Bitmap Index Scan on k_8  (cost=0.00..5.51 rows=108 width=0)
	        Index Cond: ((k >= 4275057) AND (k <= 4275157))

explain: for range-notcovered :: explain SELECT k, c FROM sbtest%d WHERE k BETWEEN 1834137 AND 1834237
explain: for range-notcovered :: explain SELECT k, c FROM sbtest%d WHERE k BETWEEN 6950537 AND 6950637
explain: for range-notcovered :: explain SELECT k, c FROM sbtest%d WHERE k BETWEEN 4037327 AND 4037427
explain: for range-notcovered :: explain SELECT k, c FROM sbtest%d WHERE k BETWEEN 9872678 AND 9872778
for range-notcovered
table 1 : explain SELECT k, c FROM sbtest1 WHERE k BETWEEN 4137720 AND 4137820
	Bitmap Heap Scan on sbtest1  (cost=5.57..444.49 rows=111 width=125)
	  Recheck Cond: ((k >= 4137720) AND (k <= 4137820))
	  ->  Bitmap Index Scan on k_1  (cost=0.00..5.54 rows=111 width=0)
	        Index Cond: ((k >= 4137720) AND (k <= 4137820))

table 2 : explain SELECT k, c FROM sbtest2 WHERE k BETWEEN 4137720 AND 4137820
	Bitmap Heap Scan on sbtest2  (cost=5.56..440.56 rows=110 width=125)
	  Recheck Cond: ((k >= 4137720) AND (k <= 4137820))
	  ->  Bitmap Index Scan on k_2  (cost=0.00..5.53 rows=110 width=0)
	        Index Cond: ((k >= 4137720) AND (k <= 4137820))

table 3 : explain SELECT k, c FROM sbtest3 WHERE k BETWEEN 4137720 AND 4137820
	Bitmap Heap Scan on sbtest3  (cost=5.43..389.37 rows=97 width=125)
	  Recheck Cond: ((k >= 4137720) AND (k <= 4137820))
	  ->  Bitmap Index Scan on k_3  (cost=0.00..5.40 rows=97 width=0)
	        Index Cond: ((k >= 4137720) AND (k <= 4137820))

table 4 : explain SELECT k, c FROM sbtest4 WHERE k BETWEEN 4137720 AND 4137820
	Bitmap Heap Scan on sbtest4  (cost=5.43..389.37 rows=97 width=125)
	  Recheck Cond: ((k >= 4137720) AND (k <= 4137820))
	  ->  Bitmap Index Scan on k_4  (cost=0.00..5.40 rows=97 width=0)
	        Index Cond: ((k >= 4137720) AND (k <= 4137820))

table 5 : explain SELECT k, c FROM sbtest5 WHERE k BETWEEN 4137720 AND 4137820
	Bitmap Heap Scan on sbtest5  (cost=5.42..385.43 rows=96 width=125)
	  Recheck Cond: ((k >= 4137720) AND (k <= 4137820))
	  ->  Bitmap Index Scan on k_5  (cost=0.00..5.39 rows=96 width=0)
	        Index Cond: ((k >= 4137720) AND (k <= 4137820))

table 6 : explain SELECT k, c FROM sbtest6 WHERE k BETWEEN 4137720 AND 4137820
	Bitmap Heap Scan on sbtest6  (cost=5.53..428.75 rows=107 width=125)
	  Recheck Cond: ((k >= 4137720) AND (k <= 4137820))
	  ->  Bitmap Index Scan on k_6  (cost=0.00..5.50 rows=107 width=0)
	        Index Cond: ((k >= 4137720) AND (k <= 4137820))

table 7 : explain SELECT k, c FROM sbtest7 WHERE k BETWEEN 4137720 AND 4137820
	Bitmap Heap Scan on sbtest7  (cost=5.46..401.19 rows=100 width=125)
	  Recheck Cond: ((k >= 4137720) AND (k <= 4137820))
	  ->  Bitmap Index Scan on k_7  (cost=0.00..5.43 rows=100 width=0)
	        Index Cond: ((k >= 4137720) AND (k <= 4137820))

table 8 : explain SELECT k, c FROM sbtest8 WHERE k BETWEEN 4137720 AND 4137820
	Bitmap Heap Scan on sbtest8  (cost=5.50..416.94 rows=104 width=125)
	  Recheck Cond: ((k >= 4137720) AND (k <= 4137820))
	  ->  Bitmap Index Scan on k_8  (cost=0.00..5.47 rows=104 width=0)
	        Index Cond: ((k >= 4137720) AND (k <= 4137820))

for range-notcovered
table 1 : explain SELECT k, c FROM sbtest1 WHERE k BETWEEN 1664006 AND 1664106
	Bitmap Heap Scan on sbtest1  (cost=5.42..385.43 rows=96 width=125)
	  Recheck Cond: ((k >= 1664006) AND (k <= 1664106))
	  ->  Bitmap Index Scan on k_1  (cost=0.00..5.39 rows=96 width=0)
	        Index Cond: ((k >= 1664006) AND (k <= 1664106))

table 2 : explain SELECT k, c FROM sbtest2 WHERE k BETWEEN 1664006 AND 1664106
	Bitmap Heap Scan on sbtest2  (cost=5.53..428.75 rows=107 width=125)
	  Recheck Cond: ((k >= 1664006) AND (k <= 1664106))
	  ->  Bitmap Index Scan on k_2  (cost=0.00..5.50 rows=107 width=0)
	        Index Cond: ((k >= 1664006) AND (k <= 1664106))

table 3 : explain SELECT k, c FROM sbtest3 WHERE k BETWEEN 1664006 AND 1664106
	Bitmap Heap Scan on sbtest3  (cost=5.52..424.81 rows=106 width=125)
	  Recheck Cond: ((k >= 1664006) AND (k <= 1664106))
	  ->  Bitmap Index Scan on k_3  (cost=0.00..5.50 rows=106 width=0)
	        Index Cond: ((k >= 1664006) AND (k <= 1664106))

table 4 : explain SELECT k, c FROM sbtest4 WHERE k BETWEEN 1664006 AND 1664106
	Bitmap Heap Scan on sbtest4  (cost=5.53..428.75 rows=107 width=125)
	  Recheck Cond: ((k >= 1664006) AND (k <= 1664106))
	  ->  Bitmap Index Scan on k_4  (cost=0.00..5.50 rows=107 width=0)
	        Index Cond: ((k >= 1664006) AND (k <= 1664106))

table 5 : explain SELECT k, c FROM sbtest5 WHERE k BETWEEN 1664006 AND 1664106
	Bitmap Heap Scan on sbtest5  (cost=5.54..432.69 rows=108 width=125)
	  Recheck Cond: ((k >= 1664006) AND (k <= 1664106))
	  ->  Bitmap Index Scan on k_5  (cost=0.00..5.51 rows=108 width=0)
	        Index Cond: ((k >= 1664006) AND (k <= 1664106))

table 6 : explain SELECT k, c FROM sbtest6 WHERE k BETWEEN 1664006 AND 1664106
	Bitmap Heap Scan on sbtest6  (cost=5.56..440.56 rows=110 width=125)
	  Recheck Cond: ((k >= 1664006) AND (k <= 1664106))
	  ->  Bitmap Index Scan on k_6  (cost=0.00..5.53 rows=110 width=0)
	        Index Cond: ((k >= 1664006) AND (k <= 1664106))

table 7 : explain SELECT k, c FROM sbtest7 WHERE k BETWEEN 1664006 AND 1664106
	Bitmap Heap Scan on sbtest7  (cost=5.45..397.25 rows=99 width=125)
	  Recheck Cond: ((k >= 1664006) AND (k <= 1664106))
	  ->  Bitmap Index Scan on k_7  (cost=0.00..5.42 rows=99 width=0)
	        Index Cond: ((k >= 1664006) AND (k <= 1664106))

table 8 : explain SELECT k, c FROM sbtest8 WHERE k BETWEEN 1664006 AND 1664106
	Bitmap Heap Scan on sbtest8  (cost=5.38..369.67 rows=92 width=125)
	  Recheck Cond: ((k >= 1664006) AND (k <= 1664106))
	  ->  Bitmap Index Scan on k_8  (cost=0.00..5.35 rows=92 width=0)
	        Index Cond: ((k >= 1664006) AND (k <= 1664106))

explain: for range-notcovered :: explain SELECT k, c FROM sbtest%d WHERE k BETWEEN 4137720 AND 4137820
explain: for range-notcovered :: explain SELECT k, c FROM sbtest%d WHERE k BETWEEN 1664006 AND 1664106
explain: for range-notcovered :: explain SELECT k, c FROM sbtest%d WHERE k BETWEEN 6609628 AND 6609728
for range-notcovered
table 1 : explain SELECT k, c FROM sbtest1 WHERE k BETWEEN 6950537 AND 6950637
	Bitmap Heap Scan on sbtest1  (cost=5.54..432.69 rows=108 width=125)
	  Recheck Cond: ((k >= 6950537) AND (k <= 6950637))
	  ->  Bitmap Index Scan on k_1  (cost=0.00..5.51 rows=108 width=0)
	        Index Cond: ((k >= 6950537) AND (k <= 6950637))

table 2 : explain SELECT k, c FROM sbtest2 WHERE k BETWEEN 6950537 AND 6950637
	Bitmap Heap Scan on sbtest2  (cost=5.45..397.25 rows=99 width=125)
	  Recheck Cond: ((k >= 6950537) AND (k <= 6950637))
	  ->  Bitmap Index Scan on k_2  (cost=0.00..5.42 rows=99 width=0)
	        Index Cond: ((k >= 6950537) AND (k <= 6950637))

table 3 : explain SELECT k, c FROM sbtest3 WHERE k BETWEEN 6950537 AND 6950637
	Bitmap Heap Scan on sbtest3  (cost=5.53..428.75 rows=107 width=125)
	  Recheck Cond: ((k >= 6950537) AND (k <= 6950637))
	  ->  Bitmap Index Scan on k_3  (cost=0.00..5.50 rows=107 width=0)
	        Index Cond: ((k >= 6950537) AND (k <= 6950637))

table 4 : explain SELECT k, c FROM sbtest4 WHERE k BETWEEN 6950537 AND 6950637
	Bitmap Heap Scan on sbtest4  (cost=5.54..432.69 rows=108 width=125)
	  Recheck Cond: ((k >= 6950537) AND (k <= 6950637))
	  ->  Bitmap Index Scan on k_4  (cost=0.00..5.51 rows=108 width=0)
	        Index Cond: ((k >= 6950537) AND (k <= 6950637))

table 5 : explain SELECT k, c FROM sbtest5 WHERE k BETWEEN 6950537 AND 6950637
	Bitmap Heap Scan on sbtest5  (cost=5.46..401.19 rows=100 width=125)
	  Recheck Cond: ((k >= 6950537) AND (k <= 6950637))
	  ->  Bitmap Index Scan on k_5  (cost=0.00..5.43 rows=100 width=0)
	        Index Cond: ((k >= 6950537) AND (k <= 6950637))

table 6 : explain SELECT k, c FROM sbtest6 WHERE k BETWEEN 6950537 AND 6950637
	Bitmap Heap Scan on sbtest6  (cost=5.47..405.13 rows=101 width=125)
	  Recheck Cond: ((k >= 6950537) AND (k <= 6950637))
	  ->  Bitmap Index Scan on k_6  (cost=0.00..5.44 rows=101 width=0)
	        Index Cond: ((k >= 6950537) AND (k <= 6950637))

table 7 : explain SELECT k, c FROM sbtest7 WHERE k BETWEEN 6950537 AND 6950637
	Bitmap Heap Scan on sbtest7  (cost=5.46..401.19 rows=100 width=125)
	  Recheck Cond: ((k >= 6950537) AND (k <= 6950637))
	  ->  Bitmap Index Scan on k_7  (cost=0.00..5.43 rows=100 width=0)
	        Index Cond: ((k >= 6950537) AND (k <= 6950637))

table 8 : explain SELECT k, c FROM sbtest8 WHERE k BETWEEN 6950537 AND 6950637
	Bitmap Heap Scan on sbtest8  (cost=5.58..448.42 rows=112 width=125)
	  Recheck Cond: ((k >= 6950537) AND (k <= 6950637))
	  ->  Bitmap Index Scan on k_8  (cost=0.00..5.55 rows=112 width=0)
	        Index Cond: ((k >= 6950537) AND (k <= 6950637))

explain: for range-notcovered :: explain SELECT k, c FROM sbtest%d WHERE k BETWEEN 2726962 AND 2727062
explain: for range-notcovered :: explain SELECT k, c FROM sbtest%d WHERE k BETWEEN 6950537 AND 6950637
for range-notcovered
table 1 : explain SELECT k, c FROM sbtest1 WHERE k BETWEEN 1664006 AND 1664106
	Bitmap Heap Scan on sbtest1  (cost=5.42..385.43 rows=96 width=125)
	  Recheck Cond: ((k >= 1664006) AND (k <= 1664106))
	  ->  Bitmap Index Scan on k_1  (cost=0.00..5.39 rows=96 width=0)
	        Index Cond: ((k >= 1664006) AND (k <= 1664106))

table 2 : explain SELECT k, c FROM sbtest2 WHERE k BETWEEN 1664006 AND 1664106
	Bitmap Heap Scan on sbtest2  (cost=5.53..428.75 rows=107 width=125)
	  Recheck Cond: ((k >= 1664006) AND (k <= 1664106))
	  ->  Bitmap Index Scan on k_2  (cost=0.00..5.50 rows=107 width=0)
	        Index Cond: ((k >= 1664006) AND (k <= 1664106))

table 3 : explain SELECT k, c FROM sbtest3 WHERE k BETWEEN 1664006 AND 1664106
	Bitmap Heap Scan on sbtest3  (cost=5.52..424.81 rows=106 width=125)
	  Recheck Cond: ((k >= 1664006) AND (k <= 1664106))
	  ->  Bitmap Index Scan on k_3  (cost=0.00..5.50 rows=106 width=0)
	        Index Cond: ((k >= 1664006) AND (k <= 1664106))

table 4 : explain SELECT k, c FROM sbtest4 WHERE k BETWEEN 1664006 AND 1664106
	Bitmap Heap Scan on sbtest4  (cost=5.53..428.75 rows=107 width=125)
	  Recheck Cond: ((k >= 1664006) AND (k <= 1664106))
	  ->  Bitmap Index Scan on k_4  (cost=0.00..5.50 rows=107 width=0)
	        Index Cond: ((k >= 1664006) AND (k <= 1664106))

table 5 : explain SELECT k, c FROM sbtest5 WHERE k BETWEEN 1664006 AND 1664106
	Bitmap Heap Scan on sbtest5  (cost=5.54..432.69 rows=108 width=125)
	  Recheck Cond: ((k >= 1664006) AND (k <= 1664106))
	  ->  Bitmap Index Scan on k_5  (cost=0.00..5.51 rows=108 width=0)
	        Index Cond: ((k >= 1664006) AND (k <= 1664106))

table 6 : explain SELECT k, c FROM sbtest6 WHERE k BETWEEN 1664006 AND 1664106
	Bitmap Heap Scan on sbtest6  (cost=5.56..440.56 rows=110 width=125)
	  Recheck Cond: ((k >= 1664006) AND (k <= 1664106))
	  ->  Bitmap Index Scan on k_6  (cost=0.00..5.53 rows=110 width=0)
	        Index Cond: ((k >= 1664006) AND (k <= 1664106))

table 7 : explain SELECT k, c FROM sbtest7 WHERE k BETWEEN 1664006 AND 1664106
	Bitmap Heap Scan on sbtest7  (cost=5.45..397.25 rows=99 width=125)
	  Recheck Cond: ((k >= 1664006) AND (k <= 1664106))
	  ->  Bitmap Index Scan on k_7  (cost=0.00..5.42 rows=99 width=0)
	        Index Cond: ((k >= 1664006) AND (k <= 1664106))

table 8 : explain SELECT k, c FROM sbtest8 WHERE k BETWEEN 1664006 AND 1664106
	Bitmap Heap Scan on sbtest8  (cost=5.38..369.67 rows=92 width=125)
	  Recheck Cond: ((k >= 1664006) AND (k <= 1664106))
	  ->  Bitmap Index Scan on k_8  (cost=0.00..5.35 rows=92 width=0)
	        Index Cond: ((k >= 1664006) AND (k <= 1664106))

for range-notcovered
table 1 : explain SELECT k, c FROM sbtest1 WHERE k BETWEEN 1412515 AND 1412615
	Bitmap Heap Scan on sbtest1  (cost=5.47..405.13 rows=101 width=125)
	  Recheck Cond: ((k >= 1412515) AND (k <= 1412615))
	  ->  Bitmap Index Scan on k_1  (cost=0.00..5.44 rows=101 width=0)
	        Index Cond: ((k >= 1412515) AND (k <= 1412615))

table 2 : explain SELECT k, c FROM sbtest2 WHERE k BETWEEN 1412515 AND 1412615
	Bitmap Heap Scan on sbtest2  (cost=5.46..401.19 rows=100 width=125)
	  Recheck Cond: ((k >= 1412515) AND (k <= 1412615))
	  ->  Bitmap Index Scan on k_2  (cost=0.00..5.43 rows=100 width=0)
	        Index Cond: ((k >= 1412515) AND (k <= 1412615))

table 3 : explain SELECT k, c FROM sbtest3 WHERE k BETWEEN 1412515 AND 1412615
	Bitmap Heap Scan on sbtest3  (cost=5.46..401.19 rows=100 width=125)
	  Recheck Cond: ((k >= 1412515) AND (k <= 1412615))
	  ->  Bitmap Index Scan on k_3  (cost=0.00..5.43 rows=100 width=0)
	        Index Cond: ((k >= 1412515) AND (k <= 1412615))

table 4 : explain SELECT k, c FROM sbtest4 WHERE k BETWEEN 1412515 AND 1412615
	Bitmap Heap Scan on sbtest4  (cost=5.45..397.25 rows=99 width=125)
	  Recheck Cond: ((k >= 1412515) AND (k <= 1412615))
	  ->  Bitmap Index Scan on k_4  (cost=0.00..5.42 rows=99 width=0)
	        Index Cond: ((k >= 1412515) AND (k <= 1412615))

table 5 : explain SELECT k, c FROM sbtest5 WHERE k BETWEEN 1412515 AND 1412615
	Bitmap Heap Scan on sbtest5  (cost=5.44..393.31 rows=98 width=125)
	  Recheck Cond: ((k >= 1412515) AND (k <= 1412615))
	  ->  Bitmap Index Scan on k_5  (cost=0.00..5.42 rows=98 width=0)
	        Index Cond: ((k >= 1412515) AND (k <= 1412615))

table 6 : explain SELECT k, c FROM sbtest6 WHERE k BETWEEN 1412515 AND 1412615
	Bitmap Heap Scan on sbtest6  (cost=5.47..405.13 rows=101 width=125)
	  Recheck Cond: ((k >= 1412515) AND (k <= 1412615))
	  ->  Bitmap Index Scan on k_6  (cost=0.00..5.44 rows=101 width=0)
	        Index Cond: ((k >= 1412515) AND (k <= 1412615))

table 7 : explain SELECT k, c FROM sbtest7 WHERE k BETWEEN 1412515 AND 1412615
	Bitmap Heap Scan on sbtest7  (cost=5.60..456.29 rows=114 width=125)
	  Recheck Cond: ((k >= 1412515) AND (k <= 1412615))
	  ->  Bitmap Index Scan on k_7  (cost=0.00..5.58 rows=114 width=0)
	        Index Cond: ((k >= 1412515) AND (k <= 1412615))

table 8 : explain SELECT k, c FROM sbtest8 WHERE k BETWEEN 1412515 AND 1412615
	Bitmap Heap Scan on sbtest8  (cost=5.54..432.69 rows=108 width=125)
	  Recheck Cond: ((k >= 1412515) AND (k <= 1412615))
	  ->  Bitmap Index Scan on k_8  (cost=0.00..5.51 rows=108 width=0)
	        Index Cond: ((k >= 1412515) AND (k <= 1412615))

explain: for range-notcovered :: explain SELECT k, c FROM sbtest%d WHERE k BETWEEN 1664006 AND 1664106
for range-notcovered
table 1 : explain SELECT k, c FROM sbtest1 WHERE k BETWEEN 6950537 AND 6950637
	Bitmap Heap Scan on sbtest1  (cost=5.54..432.69 rows=108 width=125)
	  Recheck Cond: ((k >= 6950537) AND (k <= 6950637))
	  ->  Bitmap Index Scan on k_1  (cost=0.00..5.51 rows=108 width=0)
	        Index Cond: ((k >= 6950537) AND (k <= 6950637))

table 2 : explain SELECT k, c FROM sbtest2 WHERE k BETWEEN 6950537 AND 6950637
	Bitmap Heap Scan on sbtest2  (cost=5.45..397.25 rows=99 width=125)
	  Recheck Cond: ((k >= 6950537) AND (k <= 6950637))
	  ->  Bitmap Index Scan on k_2  (cost=0.00..5.42 rows=99 width=0)
	        Index Cond: ((k >= 6950537) AND (k <= 6950637))

table 3 : explain SELECT k, c FROM sbtest3 WHERE k BETWEEN 6950537 AND 6950637
	Bitmap Heap Scan on sbtest3  (cost=5.53..428.75 rows=107 width=125)
	  Recheck Cond: ((k >= 6950537) AND (k <= 6950637))
	  ->  Bitmap Index Scan on k_3  (cost=0.00..5.50 rows=107 width=0)
	        Index Cond: ((k >= 6950537) AND (k <= 6950637))

table 4 : explain SELECT k, c FROM sbtest4 WHERE k BETWEEN 6950537 AND 6950637
	Bitmap Heap Scan on sbtest4  (cost=5.54..432.69 rows=108 width=125)
	  Recheck Cond: ((k >= 6950537) AND (k <= 6950637))
	  ->  Bitmap Index Scan on k_4  (cost=0.00..5.51 rows=108 width=0)
	        Index Cond: ((k >= 6950537) AND (k <= 6950637))

table 5 : explain SELECT k, c FROM sbtest5 WHERE k BETWEEN 6950537 AND 6950637
	Bitmap Heap Scan on sbtest5  (cost=5.46..401.19 rows=100 width=125)
	  Recheck Cond: ((k >= 6950537) AND (k <= 6950637))
	  ->  Bitmap Index Scan on k_5  (cost=0.00..5.43 rows=100 width=0)
	        Index Cond: ((k >= 6950537) AND (k <= 6950637))

table 6 : explain SELECT k, c FROM sbtest6 WHERE k BETWEEN 6950537 AND 6950637
	Bitmap Heap Scan on sbtest6  (cost=5.47..405.13 rows=101 width=125)
	  Recheck Cond: ((k >= 6950537) AND (k <= 6950637))
	  ->  Bitmap Index Scan on k_6  (cost=0.00..5.44 rows=101 width=0)
	        Index Cond: ((k >= 6950537) AND (k <= 6950637))

table 7 : explain SELECT k, c FROM sbtest7 WHERE k BETWEEN 6950537 AND 6950637
	Bitmap Heap Scan on sbtest7  (cost=5.46..401.19 rows=100 width=125)
	  Recheck Cond: ((k >= 6950537) AND (k <= 6950637))
	  ->  Bitmap Index Scan on k_7  (cost=0.00..5.43 rows=100 width=0)
	        Index Cond: ((k >= 6950537) AND (k <= 6950637))

table 8 : explain SELECT k, c FROM sbtest8 WHERE k BETWEEN 6950537 AND 6950637
	Bitmap Heap Scan on sbtest8  (cost=5.58..448.42 rows=112 width=125)
	  Recheck Cond: ((k >= 6950537) AND (k <= 6950637))
	  ->  Bitmap Index Scan on k_8  (cost=0.00..5.55 rows=112 width=0)
	        Index Cond: ((k >= 6950537) AND (k <= 6950637))

for range-notcovered
table 1 : explain SELECT k, c FROM sbtest1 WHERE k BETWEEN 4137720 AND 4137820
	Bitmap Heap Scan on sbtest1  (cost=5.57..444.49 rows=111 width=125)
	  Recheck Cond: ((k >= 4137720) AND (k <= 4137820))
	  ->  Bitmap Index Scan on k_1  (cost=0.00..5.54 rows=111 width=0)
	        Index Cond: ((k >= 4137720) AND (k <= 4137820))

table 2 : explain SELECT k, c FROM sbtest2 WHERE k BETWEEN 4137720 AND 4137820
	Bitmap Heap Scan on sbtest2  (cost=5.56..440.56 rows=110 width=125)
	  Recheck Cond: ((k >= 4137720) AND (k <= 4137820))
	  ->  Bitmap Index Scan on k_2  (cost=0.00..5.53 rows=110 width=0)
	        Index Cond: ((k >= 4137720) AND (k <= 4137820))

table 3 : explain SELECT k, c FROM sbtest3 WHERE k BETWEEN 4137720 AND 4137820
	Bitmap Heap Scan on sbtest3  (cost=5.43..389.37 rows=97 width=125)
	  Recheck Cond: ((k >= 4137720) AND (k <= 4137820))
	  ->  Bitmap Index Scan on k_3  (cost=0.00..5.40 rows=97 width=0)
	        Index Cond: ((k >= 4137720) AND (k <= 4137820))

table 4 : explain SELECT k, c FROM sbtest4 WHERE k BETWEEN 4137720 AND 4137820
	Bitmap Heap Scan on sbtest4  (cost=5.43..389.37 rows=97 width=125)
	  Recheck Cond: ((k >= 4137720) AND (k <= 4137820))
	  ->  Bitmap Index Scan on k_4  (cost=0.00..5.40 rows=97 width=0)
	        Index Cond: ((k >= 4137720) AND (k <= 4137820))

table 5 : explain SELECT k, c FROM sbtest5 WHERE k BETWEEN 4137720 AND 4137820
	Bitmap Heap Scan on sbtest5  (cost=5.42..385.43 rows=96 width=125)
	  Recheck Cond: ((k >= 4137720) AND (k <= 4137820))
	  ->  Bitmap Index Scan on k_5  (cost=0.00..5.39 rows=96 width=0)
	        Index Cond: ((k >= 4137720) AND (k <= 4137820))

table 6 : explain SELECT k, c FROM sbtest6 WHERE k BETWEEN 4137720 AND 4137820
	Bitmap Heap Scan on sbtest6  (cost=5.53..428.75 rows=107 width=125)
	  Recheck Cond: ((k >= 4137720) AND (k <= 4137820))
	  ->  Bitmap Index Scan on k_6  (cost=0.00..5.50 rows=107 width=0)
	        Index Cond: ((k >= 4137720) AND (k <= 4137820))

table 7 : explain SELECT k, c FROM sbtest7 WHERE k BETWEEN 4137720 AND 4137820
	Bitmap Heap Scan on sbtest7  (cost=5.46..401.19 rows=100 width=125)
	  Recheck Cond: ((k >= 4137720) AND (k <= 4137820))
	  ->  Bitmap Index Scan on k_7  (cost=0.00..5.43 rows=100 width=0)
	        Index Cond: ((k >= 4137720) AND (k <= 4137820))

table 8 : explain SELECT k, c FROM sbtest8 WHERE k BETWEEN 4137720 AND 4137820
	Bitmap Heap Scan on sbtest8  (cost=5.50..416.94 rows=104 width=125)
	  Recheck Cond: ((k >= 4137720) AND (k <= 4137820))
	  ->  Bitmap Index Scan on k_8  (cost=0.00..5.47 rows=104 width=0)
	        Index Cond: ((k >= 4137720) AND (k <= 4137820))

explain: for range-notcovered :: explain SELECT k, c FROM sbtest%d WHERE k BETWEEN 6950537 AND 6950637
for range-notcovered
table 1 : explain SELECT k, c FROM sbtest1 WHERE k BETWEEN 4037327 AND 4037427
	Bitmap Heap Scan on sbtest1  (cost=5.46..401.19 rows=100 width=125)
	  Recheck Cond: ((k >= 4037327) AND (k <= 4037427))
	  ->  Bitmap Index Scan on k_1  (cost=0.00..5.43 rows=100 width=0)
	        Index Cond: ((k >= 4037327) AND (k <= 4037427))

table 2 : explain SELECT k, c FROM sbtest2 WHERE k BETWEEN 4037327 AND 4037427
	Bitmap Heap Scan on sbtest2  (cost=5.49..413.00 rows=103 width=125)
	  Recheck Cond: ((k >= 4037327) AND (k <= 4037427))
	  ->  Bitmap Index Scan on k_2  (cost=0.00..5.46 rows=103 width=0)
	        Index Cond: ((k >= 4037327) AND (k <= 4037427))

table 3 : explain SELECT k, c FROM sbtest3 WHERE k BETWEEN 4037327 AND 4037427
	Bitmap Heap Scan on sbtest3  (cost=5.46..401.19 rows=100 width=125)
	  Recheck Cond: ((k >= 4037327) AND (k <= 4037427))
	  ->  Bitmap Index Scan on k_3  (cost=0.00..5.43 rows=100 width=0)
	        Index Cond: ((k >= 4037327) AND (k <= 4037427))

table 4 : explain SELECT k, c FROM sbtest4 WHERE k BETWEEN 4037327 AND 4037427
	Bitmap Heap Scan on sbtest4  (cost=5.58..448.42 rows=112 width=125)
	  Recheck Cond: ((k >= 4037327) AND (k <= 4037427))
	  ->  Bitmap Index Scan on k_4  (cost=0.00..5.55 rows=112 width=0)
	        Index Cond: ((k >= 4037327) AND (k <= 4037427))

table 5 : explain SELECT k, c FROM sbtest5 WHERE k BETWEEN 4037327 AND 4037427
	Bitmap Heap Scan on sbtest5  (cost=5.48..409.07 rows=102 width=125)
	  Recheck Cond: ((k >= 4037327) AND (k <= 4037427))
	  ->  Bitmap Index Scan on k_5  (cost=0.00..5.45 rows=102 width=0)
	        Index Cond: ((k >= 4037327) AND (k <= 4037427))

table 6 : explain SELECT k, c FROM sbtest6 WHERE k BETWEEN 4037327 AND 4037427
	Bitmap Heap Scan on sbtest6  (cost=5.43..389.37 rows=97 width=125)
	  Recheck Cond: ((k >= 4037327) AND (k <= 4037427))
	  ->  Bitmap Index Scan on k_6  (cost=0.00..5.40 rows=97 width=0)
	        Index Cond: ((k >= 4037327) AND (k <= 4037427))

table 7 : explain SELECT k, c FROM sbtest7 WHERE k BETWEEN 4037327 AND 4037427
	Bitmap Heap Scan on sbtest7  (cost=5.45..397.25 rows=99 width=125)
	  Recheck Cond: ((k >= 4037327) AND (k <= 4037427))
	  ->  Bitmap Index Scan on k_7  (cost=0.00..5.42 rows=99 width=0)
	        Index Cond: ((k >= 4037327) AND (k <= 4037427))

table 8 : explain SELECT k, c FROM sbtest8 WHERE k BETWEEN 4037327 AND 4037427
	Bitmap Heap Scan on sbtest8  (cost=5.47..405.13 rows=101 width=125)
	  Recheck Cond: ((k >= 4037327) AND (k <= 4037427))
	  ->  Bitmap Index Scan on k_8  (cost=0.00..5.44 rows=101 width=0)
	        Index Cond: ((k >= 4037327) AND (k <= 4037427))

explain: for range-notcovered :: explain SELECT k, c FROM sbtest%d WHERE k BETWEEN 4037327 AND 4037427
for range-notcovered
table 1 : explain SELECT k, c FROM sbtest1 WHERE k BETWEEN 1664006 AND 1664106
	Bitmap Heap Scan on sbtest1  (cost=5.42..385.43 rows=96 width=125)
	  Recheck Cond: ((k >= 1664006) AND (k <= 1664106))
	  ->  Bitmap Index Scan on k_1  (cost=0.00..5.39 rows=96 width=0)
	        Index Cond: ((k >= 1664006) AND (k <= 1664106))

table 2 : explain SELECT k, c FROM sbtest2 WHERE k BETWEEN 1664006 AND 1664106
	Bitmap Heap Scan on sbtest2  (cost=5.53..428.75 rows=107 width=125)
	  Recheck Cond: ((k >= 1664006) AND (k <= 1664106))
	  ->  Bitmap Index Scan on k_2  (cost=0.00..5.50 rows=107 width=0)
	        Index Cond: ((k >= 1664006) AND (k <= 1664106))

table 3 : explain SELECT k, c FROM sbtest3 WHERE k BETWEEN 1664006 AND 1664106
	Bitmap Heap Scan on sbtest3  (cost=5.52..424.81 rows=106 width=125)
	  Recheck Cond: ((k >= 1664006) AND (k <= 1664106))
	  ->  Bitmap Index Scan on k_3  (cost=0.00..5.50 rows=106 width=0)
	        Index Cond: ((k >= 1664006) AND (k <= 1664106))

table 4 : explain SELECT k, c FROM sbtest4 WHERE k BETWEEN 1664006 AND 1664106
	Bitmap Heap Scan on sbtest4  (cost=5.53..428.75 rows=107 width=125)
	  Recheck Cond: ((k >= 1664006) AND (k <= 1664106))
	  ->  Bitmap Index Scan on k_4  (cost=0.00..5.50 rows=107 width=0)
	        Index Cond: ((k >= 1664006) AND (k <= 1664106))

table 5 : explain SELECT k, c FROM sbtest5 WHERE k BETWEEN 1664006 AND 1664106
	Bitmap Heap Scan on sbtest5  (cost=5.54..432.69 rows=108 width=125)
	  Recheck Cond: ((k >= 1664006) AND (k <= 1664106))
	  ->  Bitmap Index Scan on k_5  (cost=0.00..5.51 rows=108 width=0)
	        Index Cond: ((k >= 1664006) AND (k <= 1664106))

table 6 : explain SELECT k, c FROM sbtest6 WHERE k BETWEEN 1664006 AND 1664106
	Bitmap Heap Scan on sbtest6  (cost=5.56..440.56 rows=110 width=125)
	  Recheck Cond: ((k >= 1664006) AND (k <= 1664106))
	  ->  Bitmap Index Scan on k_6  (cost=0.00..5.53 rows=110 width=0)
	        Index Cond: ((k >= 1664006) AND (k <= 1664106))

table 7 : explain SELECT k, c FROM sbtest7 WHERE k BETWEEN 1664006 AND 1664106
	Bitmap Heap Scan on sbtest7  (cost=5.45..397.25 rows=99 width=125)
	  Recheck Cond: ((k >= 1664006) AND (k <= 1664106))
	  ->  Bitmap Index Scan on k_7  (cost=0.00..5.42 rows=99 width=0)
	        Index Cond: ((k >= 1664006) AND (k <= 1664106))

table 8 : explain SELECT k, c FROM sbtest8 WHERE k BETWEEN 1664006 AND 1664106
	Bitmap Heap Scan on sbtest8  (cost=5.38..369.67 rows=92 width=125)
	  Recheck Cond: ((k >= 1664006) AND (k <= 1664106))
	  ->  Bitmap Index Scan on k_8  (cost=0.00..5.35 rows=92 width=0)
	        Index Cond: ((k >= 1664006) AND (k <= 1664106))

for range-notcovered
table 1 : explain SELECT k, c FROM sbtest1 WHERE k BETWEEN 6950537 AND 6950637
	Bitmap Heap Scan on sbtest1  (cost=5.54..432.69 rows=108 width=125)
	  Recheck Cond: ((k >= 6950537) AND (k <= 6950637))
	  ->  Bitmap Index Scan on k_1  (cost=0.00..5.51 rows=108 width=0)
	        Index Cond: ((k >= 6950537) AND (k <= 6950637))

table 2 : explain SELECT k, c FROM sbtest2 WHERE k BETWEEN 6950537 AND 6950637
	Bitmap Heap Scan on sbtest2  (cost=5.45..397.25 rows=99 width=125)
	  Recheck Cond: ((k >= 6950537) AND (k <= 6950637))
	  ->  Bitmap Index Scan on k_2  (cost=0.00..5.42 rows=99 width=0)
	        Index Cond: ((k >= 6950537) AND (k <= 6950637))

table 3 : explain SELECT k, c FROM sbtest3 WHERE k BETWEEN 6950537 AND 6950637
	Bitmap Heap Scan on sbtest3  (cost=5.53..428.75 rows=107 width=125)
	  Recheck Cond: ((k >= 6950537) AND (k <= 6950637))
	  ->  Bitmap Index Scan on k_3  (cost=0.00..5.50 rows=107 width=0)
	        Index Cond: ((k >= 6950537) AND (k <= 6950637))

table 4 : explain SELECT k, c FROM sbtest4 WHERE k BETWEEN 6950537 AND 6950637
	Bitmap Heap Scan on sbtest4  (cost=5.54..432.69 rows=108 width=125)
	  Recheck Cond: ((k >= 6950537) AND (k <= 6950637))
	  ->  Bitmap Index Scan on k_4  (cost=0.00..5.51 rows=108 width=0)
	        Index Cond: ((k >= 6950537) AND (k <= 6950637))

table 5 : explain SELECT k, c FROM sbtest5 WHERE k BETWEEN 6950537 AND 6950637
	Bitmap Heap Scan on sbtest5  (cost=5.46..401.19 rows=100 width=125)
	  Recheck Cond: ((k >= 6950537) AND (k <= 6950637))
	  ->  Bitmap Index Scan on k_5  (cost=0.00..5.43 rows=100 width=0)
	        Index Cond: ((k >= 6950537) AND (k <= 6950637))

table 6 : explain SELECT k, c FROM sbtest6 WHERE k BETWEEN 6950537 AND 6950637
	Bitmap Heap Scan on sbtest6  (cost=5.47..405.13 rows=101 width=125)
	  Recheck Cond: ((k >= 6950537) AND (k <= 6950637))
	  ->  Bitmap Index Scan on k_6  (cost=0.00..5.44 rows=101 width=0)
	        Index Cond: ((k >= 6950537) AND (k <= 6950637))

table 7 : explain SELECT k, c FROM sbtest7 WHERE k BETWEEN 6950537 AND 6950637
	Bitmap Heap Scan on sbtest7  (cost=5.46..401.19 rows=100 width=125)
	  Recheck Cond: ((k >= 6950537) AND (k <= 6950637))
	  ->  Bitmap Index Scan on k_7  (cost=0.00..5.43 rows=100 width=0)
	        Index Cond: ((k >= 6950537) AND (k <= 6950637))

table 8 : explain SELECT k, c FROM sbtest8 WHERE k BETWEEN 6950537 AND 6950637
	Bitmap Heap Scan on sbtest8  (cost=5.58..448.42 rows=112 width=125)
	  Recheck Cond: ((k >= 6950537) AND (k <= 6950637))
	  ->  Bitmap Index Scan on k_8  (cost=0.00..5.55 rows=112 width=0)
	        Index Cond: ((k >= 6950537) AND (k <= 6950637))

explain: for range-notcovered :: explain SELECT k, c FROM sbtest%d WHERE k BETWEEN 6950537 AND 6950637
for range-notcovered
table 1 : explain SELECT k, c FROM sbtest1 WHERE k BETWEEN 3195415 AND 3195515
	Bitmap Heap Scan on sbtest1  (cost=5.47..405.13 rows=101 width=125)
	  Recheck Cond: ((k >= 3195415) AND (k <= 3195515))
	  ->  Bitmap Index Scan on k_1  (cost=0.00..5.44 rows=101 width=0)
	        Index Cond: ((k >= 3195415) AND (k <= 3195515))

table 2 : explain SELECT k, c FROM sbtest2 WHERE k BETWEEN 3195415 AND 3195515
	Bitmap Heap Scan on sbtest2  (cost=5.40..377.55 rows=94 width=125)
	  Recheck Cond: ((k >= 3195415) AND (k <= 3195515))
	  ->  Bitmap Index Scan on k_2  (cost=0.00..5.38 rows=94 width=0)
	        Index Cond: ((k >= 3195415) AND (k <= 3195515))

table 3 : explain SELECT k, c FROM sbtest3 WHERE k BETWEEN 3195415 AND 3195515
	Bitmap Heap Scan on sbtest3  (cost=5.47..405.13 rows=101 width=125)
	  Recheck Cond: ((k >= 3195415) AND (k <= 3195515))
	  ->  Bitmap Index Scan on k_3  (cost=0.00..5.44 rows=101 width=0)
	        Index Cond: ((k >= 3195415) AND (k <= 3195515))

table 4 : explain SELECT k, c FROM sbtest4 WHERE k BETWEEN 3195415 AND 3195515
	Bitmap Heap Scan on sbtest4  (cost=5.42..385.43 rows=96 width=125)
	  Recheck Cond: ((k >= 3195415) AND (k <= 3195515))
	  ->  Bitmap Index Scan on k_4  (cost=0.00..5.39 rows=96 width=0)
	        Index Cond: ((k >= 3195415) AND (k <= 3195515))

table 5 : explain SELECT k, c FROM sbtest5 WHERE k BETWEEN 3195415 AND 3195515
	Bitmap Heap Scan on sbtest5  (cost=5.41..381.49 rows=95 width=125)
	  Recheck Cond: ((k >= 3195415) AND (k <= 3195515))
	  ->  Bitmap Index Scan on k_5  (cost=0.00..5.38 rows=95 width=0)
	        Index Cond: ((k >= 3195415) AND (k <= 3195515))

table 6 : explain SELECT k, c FROM sbtest6 WHERE k BETWEEN 3195415 AND 3195515
	Bitmap Heap Scan on sbtest6  (cost=5.49..413.00 rows=103 width=125)
	  Recheck Cond: ((k >= 3195415) AND (k <= 3195515))
	  ->  Bitmap Index Scan on k_6  (cost=0.00..5.46 rows=103 width=0)
	        Index Cond: ((k >= 3195415) AND (k <= 3195515))

table 7 : explain SELECT k, c FROM sbtest7 WHERE k BETWEEN 3195415 AND 3195515
	Bitmap Heap Scan on sbtest7  (cost=5.53..428.75 rows=107 width=125)
	  Recheck Cond: ((k >= 3195415) AND (k <= 3195515))
	  ->  Bitmap Index Scan on k_7  (cost=0.00..5.50 rows=107 width=0)
	        Index Cond: ((k >= 3195415) AND (k <= 3195515))

table 8 : explain SELECT k, c FROM sbtest8 WHERE k BETWEEN 3195415 AND 3195515
	Bitmap Heap Scan on sbtest8  (cost=5.38..369.67 rows=92 width=125)
	  Recheck Cond: ((k >= 3195415) AND (k <= 3195515))
	  ->  Bitmap Index Scan on k_8  (cost=0.00..5.35 rows=92 width=0)
	        Index Cond: ((k >= 3195415) AND (k <= 3195515))

for range-notcovered
table 1 : explain SELECT k, c FROM sbtest1 WHERE k BETWEEN 4037327 AND 4037427
	Bitmap Heap Scan on sbtest1  (cost=5.46..401.19 rows=100 width=125)
	  Recheck Cond: ((k >= 4037327) AND (k <= 4037427))
	  ->  Bitmap Index Scan on k_1  (cost=0.00..5.43 rows=100 width=0)
	        Index Cond: ((k >= 4037327) AND (k <= 4037427))

table 2 : explain SELECT k, c FROM sbtest2 WHERE k BETWEEN 4037327 AND 4037427
	Bitmap Heap Scan on sbtest2  (cost=5.49..413.00 rows=103 width=125)
	  Recheck Cond: ((k >= 4037327) AND (k <= 4037427))
	  ->  Bitmap Index Scan on k_2  (cost=0.00..5.46 rows=103 width=0)
	        Index Cond: ((k >= 4037327) AND (k <= 4037427))

table 3 : explain SELECT k, c FROM sbtest3 WHERE k BETWEEN 4037327 AND 4037427
	Bitmap Heap Scan on sbtest3  (cost=5.46..401.19 rows=100 width=125)
	  Recheck Cond: ((k >= 4037327) AND (k <= 4037427))
	  ->  Bitmap Index Scan on k_3  (cost=0.00..5.43 rows=100 width=0)
	        Index Cond: ((k >= 4037327) AND (k <= 4037427))

table 4 : explain SELECT k, c FROM sbtest4 WHERE k BETWEEN 4037327 AND 4037427
	Bitmap Heap Scan on sbtest4  (cost=5.58..448.42 rows=112 width=125)
	  Recheck Cond: ((k >= 4037327) AND (k <= 4037427))
	  ->  Bitmap Index Scan on k_4  (cost=0.00..5.55 rows=112 width=0)
	        Index Cond: ((k >= 4037327) AND (k <= 4037427))

table 5 : explain SELECT k, c FROM sbtest5 WHERE k BETWEEN 4037327 AND 4037427
	Bitmap Heap Scan on sbtest5  (cost=5.48..409.07 rows=102 width=125)
	  Recheck Cond: ((k >= 4037327) AND (k <= 4037427))
	  ->  Bitmap Index Scan on k_5  (cost=0.00..5.45 rows=102 width=0)
	        Index Cond: ((k >= 4037327) AND (k <= 4037427))

table 6 : explain SELECT k, c FROM sbtest6 WHERE k BETWEEN 4037327 AND 4037427
	Bitmap Heap Scan on sbtest6  (cost=5.43..389.37 rows=97 width=125)
	  Recheck Cond: ((k >= 4037327) AND (k <= 4037427))
	  ->  Bitmap Index Scan on k_6  (cost=0.00..5.40 rows=97 width=0)
	        Index Cond: ((k >= 4037327) AND (k <= 4037427))

table 7 : explain SELECT k, c FROM sbtest7 WHERE k BETWEEN 4037327 AND 4037427
	Bitmap Heap Scan on sbtest7  (cost=5.45..397.25 rows=99 width=125)
	  Recheck Cond: ((k >= 4037327) AND (k <= 4037427))
	  ->  Bitmap Index Scan on k_7  (cost=0.00..5.42 rows=99 width=0)
	        Index Cond: ((k >= 4037327) AND (k <= 4037427))

table 8 : explain SELECT k, c FROM sbtest8 WHERE k BETWEEN 4037327 AND 4037427
	Bitmap Heap Scan on sbtest8  (cost=5.47..405.13 rows=101 width=125)
	  Recheck Cond: ((k >= 4037327) AND (k <= 4037427))
	  ->  Bitmap Index Scan on k_8  (cost=0.00..5.44 rows=101 width=0)
	        Index Cond: ((k >= 4037327) AND (k <= 4037427))

explain: for range-notcovered :: explain SELECT k, c FROM sbtest%d WHERE k BETWEEN 3195415 AND 3195515
explain: for range-notcovered :: explain SELECT k, c FROM sbtest%d WHERE k BETWEEN 4037327 AND 4037427
for range-notcovered
table 1 : explain SELECT k, c FROM sbtest1 WHERE k BETWEEN 1834137 AND 1834237
	Bitmap Heap Scan on sbtest1  (cost=5.41..381.49 rows=95 width=125)
	  Recheck Cond: ((k >= 1834137) AND (k <= 1834237))
	  ->  Bitmap Index Scan on k_1  (cost=0.00..5.38 rows=95 width=0)
	        Index Cond: ((k >= 1834137) AND (k <= 1834237))

table 2 : explain SELECT k, c FROM sbtest2 WHERE k BETWEEN 1834137 AND 1834237
	Bitmap Heap Scan on sbtest2  (cost=5.53..428.75 rows=107 width=125)
	  Recheck Cond: ((k >= 1834137) AND (k <= 1834237))
	  ->  Bitmap Index Scan on k_2  (cost=0.00..5.50 rows=107 width=0)
	        Index Cond: ((k >= 1834137) AND (k <= 1834237))

table 3 : explain SELECT k, c FROM sbtest3 WHERE k BETWEEN 1834137 AND 1834237
	Bitmap Heap Scan on sbtest3  (cost=5.42..385.43 rows=96 width=125)
	  Recheck Cond: ((k >= 1834137) AND (k <= 1834237))
	  ->  Bitmap Index Scan on k_3  (cost=0.00..5.39 rows=96 width=0)
	        Index Cond: ((k >= 1834137) AND (k <= 1834237))

table 4 : explain SELECT k, c FROM sbtest4 WHERE k BETWEEN 1834137 AND 1834237
	Bitmap Heap Scan on sbtest4  (cost=5.49..413.00 rows=103 width=125)
	  Recheck Cond: ((k >= 1834137) AND (k <= 1834237))
	  ->  Bitmap Index Scan on k_4  (cost=0.00..5.46 rows=103 width=0)
	        Index Cond: ((k >= 1834137) AND (k <= 1834237))

table 5 : explain SELECT k, c FROM sbtest5 WHERE k BETWEEN 1834137 AND 1834237
	Bitmap Heap Scan on sbtest5  (cost=5.54..432.69 rows=108 width=125)
	  Recheck Cond: ((k >= 1834137) AND (k <= 1834237))
	  ->  Bitmap Index Scan on k_5  (cost=0.00..5.51 rows=108 width=0)
	        Index Cond: ((k >= 1834137) AND (k <= 1834237))

table 6 : explain SELECT k, c FROM sbtest6 WHERE k BETWEEN 1834137 AND 1834237
	Bitmap Heap Scan on sbtest6  (cost=5.51..420.88 rows=105 width=125)
	  Recheck Cond: ((k >= 1834137) AND (k <= 1834237))
	  ->  Bitmap Index Scan on k_6  (cost=0.00..5.48 rows=105 width=0)
	        Index Cond: ((k >= 1834137) AND (k <= 1834237))

table 7 : explain SELECT k, c FROM sbtest7 WHERE k BETWEEN 1834137 AND 1834237
	Bitmap Heap Scan on sbtest7  (cost=5.50..416.94 rows=104 width=125)
	  Recheck Cond: ((k >= 1834137) AND (k <= 1834237))
	  ->  Bitmap Index Scan on k_7  (cost=0.00..5.47 rows=104 width=0)
	        Index Cond: ((k >= 1834137) AND (k <= 1834237))

table 8 : explain SELECT k, c FROM sbtest8 WHERE k BETWEEN 1834137 AND 1834237
	Bitmap Heap Scan on sbtest8  (cost=5.54..432.69 rows=108 width=125)
	  Recheck Cond: ((k >= 1834137) AND (k <= 1834237))
	  ->  Bitmap Index Scan on k_8  (cost=0.00..5.51 rows=108 width=0)
	        Index Cond: ((k >= 1834137) AND (k <= 1834237))

explain: for range-notcovered :: explain SELECT k, c FROM sbtest%d WHERE k BETWEEN 1834137 AND 1834237
explain: for range-notcovered :: explain SELECT k, c FROM sbtest%d WHERE k BETWEEN 4883326 AND 4883426
for range-notcovered
table 1 : explain SELECT k, c FROM sbtest1 WHERE k BETWEEN 4037327 AND 4037427
	Bitmap Heap Scan on sbtest1  (cost=5.46..401.19 rows=100 width=125)
	  Recheck Cond: ((k >= 4037327) AND (k <= 4037427))
	  ->  Bitmap Index Scan on k_1  (cost=0.00..5.43 rows=100 width=0)
	        Index Cond: ((k >= 4037327) AND (k <= 4037427))

table 2 : explain SELECT k, c FROM sbtest2 WHERE k BETWEEN 4037327 AND 4037427
	Bitmap Heap Scan on sbtest2  (cost=5.49..413.00 rows=103 width=125)
	  Recheck Cond: ((k >= 4037327) AND (k <= 4037427))
	  ->  Bitmap Index Scan on k_2  (cost=0.00..5.46 rows=103 width=0)
	        Index Cond: ((k >= 4037327) AND (k <= 4037427))

table 3 : explain SELECT k, c FROM sbtest3 WHERE k BETWEEN 4037327 AND 4037427
	Bitmap Heap Scan on sbtest3  (cost=5.46..401.19 rows=100 width=125)
	  Recheck Cond: ((k >= 4037327) AND (k <= 4037427))
	  ->  Bitmap Index Scan on k_3  (cost=0.00..5.43 rows=100 width=0)
	        Index Cond: ((k >= 4037327) AND (k <= 4037427))

table 4 : explain SELECT k, c FROM sbtest4 WHERE k BETWEEN 4037327 AND 4037427
	Bitmap Heap Scan on sbtest4  (cost=5.58..448.42 rows=112 width=125)
	  Recheck Cond: ((k >= 4037327) AND (k <= 4037427))
	  ->  Bitmap Index Scan on k_4  (cost=0.00..5.55 rows=112 width=0)
	        Index Cond: ((k >= 4037327) AND (k <= 4037427))

table 5 : explain SELECT k, c FROM sbtest5 WHERE k BETWEEN 4037327 AND 4037427
	Bitmap Heap Scan on sbtest5  (cost=5.48..409.07 rows=102 width=125)
	  Recheck Cond: ((k >= 4037327) AND (k <= 4037427))
	  ->  Bitmap Index Scan on k_5  (cost=0.00..5.45 rows=102 width=0)
	        Index Cond: ((k >= 4037327) AND (k <= 4037427))

table 6 : explain SELECT k, c FROM sbtest6 WHERE k BETWEEN 4037327 AND 4037427
	Bitmap Heap Scan on sbtest6  (cost=5.43..389.37 rows=97 width=125)
	  Recheck Cond: ((k >= 4037327) AND (k <= 4037427))
	  ->  Bitmap Index Scan on k_6  (cost=0.00..5.40 rows=97 width=0)
	        Index Cond: ((k >= 4037327) AND (k <= 4037427))

table 7 : explain SELECT k, c FROM sbtest7 WHERE k BETWEEN 4037327 AND 4037427
	Bitmap Heap Scan on sbtest7  (cost=5.45..397.25 rows=99 width=125)
	  Recheck Cond: ((k >= 4037327) AND (k <= 4037427))
	  ->  Bitmap Index Scan on k_7  (cost=0.00..5.42 rows=99 width=0)
	        Index Cond: ((k >= 4037327) AND (k <= 4037427))

table 8 : explain SELECT k, c FROM sbtest8 WHERE k BETWEEN 4037327 AND 4037427
	Bitmap Heap Scan on sbtest8  (cost=5.47..405.13 rows=101 width=125)
	  Recheck Cond: ((k >= 4037327) AND (k <= 4037427))
	  ->  Bitmap Index Scan on k_8  (cost=0.00..5.44 rows=101 width=0)
	        Index Cond: ((k >= 4037327) AND (k <= 4037427))

for range-notcovered
table 1 : explain SELECT k, c FROM sbtest1 WHERE k BETWEEN 3195415 AND 3195515
	Bitmap Heap Scan on sbtest1  (cost=5.47..405.13 rows=101 width=125)
	  Recheck Cond: ((k >= 3195415) AND (k <= 3195515))
	  ->  Bitmap Index Scan on k_1  (cost=0.00..5.44 rows=101 width=0)
	        Index Cond: ((k >= 3195415) AND (k <= 3195515))

table 2 : explain SELECT k, c FROM sbtest2 WHERE k BETWEEN 3195415 AND 3195515
	Bitmap Heap Scan on sbtest2  (cost=5.40..377.55 rows=94 width=125)
	  Recheck Cond: ((k >= 3195415) AND (k <= 3195515))
	  ->  Bitmap Index Scan on k_2  (cost=0.00..5.38 rows=94 width=0)
	        Index Cond: ((k >= 3195415) AND (k <= 3195515))

table 3 : explain SELECT k, c FROM sbtest3 WHERE k BETWEEN 3195415 AND 3195515
	Bitmap Heap Scan on sbtest3  (cost=5.47..405.13 rows=101 width=125)
	  Recheck Cond: ((k >= 3195415) AND (k <= 3195515))
	  ->  Bitmap Index Scan on k_3  (cost=0.00..5.44 rows=101 width=0)
	        Index Cond: ((k >= 3195415) AND (k <= 3195515))

table 4 : explain SELECT k, c FROM sbtest4 WHERE k BETWEEN 3195415 AND 3195515
	Bitmap Heap Scan on sbtest4  (cost=5.42..385.43 rows=96 width=125)
	  Recheck Cond: ((k >= 3195415) AND (k <= 3195515))
	  ->  Bitmap Index Scan on k_4  (cost=0.00..5.39 rows=96 width=0)
	        Index Cond: ((k >= 3195415) AND (k <= 3195515))

table 5 : explain SELECT k, c FROM sbtest5 WHERE k BETWEEN 3195415 AND 3195515
	Bitmap Heap Scan on sbtest5  (cost=5.41..381.49 rows=95 width=125)
	  Recheck Cond: ((k >= 3195415) AND (k <= 3195515))
	  ->  Bitmap Index Scan on k_5  (cost=0.00..5.38 rows=95 width=0)
	        Index Cond: ((k >= 3195415) AND (k <= 3195515))

table 6 : explain SELECT k, c FROM sbtest6 WHERE k BETWEEN 3195415 AND 3195515
	Bitmap Heap Scan on sbtest6  (cost=5.49..413.00 rows=103 width=125)
	  Recheck Cond: ((k >= 3195415) AND (k <= 3195515))
	  ->  Bitmap Index Scan on k_6  (cost=0.00..5.46 rows=103 width=0)
	        Index Cond: ((k >= 3195415) AND (k <= 3195515))

table 7 : explain SELECT k, c FROM sbtest7 WHERE k BETWEEN 3195415 AND 3195515
	Bitmap Heap Scan on sbtest7  (cost=5.53..428.75 rows=107 width=125)
	  Recheck Cond: ((k >= 3195415) AND (k <= 3195515))
	  ->  Bitmap Index Scan on k_7  (cost=0.00..5.50 rows=107 width=0)
	        Index Cond: ((k >= 3195415) AND (k <= 3195515))

table 8 : explain SELECT k, c FROM sbtest8 WHERE k BETWEEN 3195415 AND 3195515
	Bitmap Heap Scan on sbtest8  (cost=5.38..369.67 rows=92 width=125)
	  Recheck Cond: ((k >= 3195415) AND (k <= 3195515))
	  ->  Bitmap Index Scan on k_8  (cost=0.00..5.35 rows=92 width=0)
	        Index Cond: ((k >= 3195415) AND (k <= 3195515))

explain: for range-notcovered :: explain SELECT k, c FROM sbtest%d WHERE k BETWEEN 3195415 AND 3195515
for range-notcovered
table 1 : explain SELECT k, c FROM sbtest1 WHERE k BETWEEN 1834137 AND 1834237
	Bitmap Heap Scan on sbtest1  (cost=5.41..381.49 rows=95 width=125)
	  Recheck Cond: ((k >= 1834137) AND (k <= 1834237))
	  ->  Bitmap Index Scan on k_1  (cost=0.00..5.38 rows=95 width=0)
	        Index Cond: ((k >= 1834137) AND (k <= 1834237))

table 2 : explain SELECT k, c FROM sbtest2 WHERE k BETWEEN 1834137 AND 1834237
	Bitmap Heap Scan on sbtest2  (cost=5.53..428.75 rows=107 width=125)
	  Recheck Cond: ((k >= 1834137) AND (k <= 1834237))
	  ->  Bitmap Index Scan on k_2  (cost=0.00..5.50 rows=107 width=0)
	        Index Cond: ((k >= 1834137) AND (k <= 1834237))

table 3 : explain SELECT k, c FROM sbtest3 WHERE k BETWEEN 1834137 AND 1834237
	Bitmap Heap Scan on sbtest3  (cost=5.42..385.43 rows=96 width=125)
	  Recheck Cond: ((k >= 1834137) AND (k <= 1834237))
	  ->  Bitmap Index Scan on k_3  (cost=0.00..5.39 rows=96 width=0)
	        Index Cond: ((k >= 1834137) AND (k <= 1834237))

table 4 : explain SELECT k, c FROM sbtest4 WHERE k BETWEEN 1834137 AND 1834237
	Bitmap Heap Scan on sbtest4  (cost=5.49..413.00 rows=103 width=125)
	  Recheck Cond: ((k >= 1834137) AND (k <= 1834237))
	  ->  Bitmap Index Scan on k_4  (cost=0.00..5.46 rows=103 width=0)
	        Index Cond: ((k >= 1834137) AND (k <= 1834237))

table 5 : explain SELECT k, c FROM sbtest5 WHERE k BETWEEN 1834137 AND 1834237
	Bitmap Heap Scan on sbtest5  (cost=5.54..432.69 rows=108 width=125)
	  Recheck Cond: ((k >= 1834137) AND (k <= 1834237))
	  ->  Bitmap Index Scan on k_5  (cost=0.00..5.51 rows=108 width=0)
	        Index Cond: ((k >= 1834137) AND (k <= 1834237))

table 6 : explain SELECT k, c FROM sbtest6 WHERE k BETWEEN 1834137 AND 1834237
	Bitmap Heap Scan on sbtest6  (cost=5.51..420.88 rows=105 width=125)
	  Recheck Cond: ((k >= 1834137) AND (k <= 1834237))
	  ->  Bitmap Index Scan on k_6  (cost=0.00..5.48 rows=105 width=0)
	        Index Cond: ((k >= 1834137) AND (k <= 1834237))

table 7 : explain SELECT k, c FROM sbtest7 WHERE k BETWEEN 1834137 AND 1834237
	Bitmap Heap Scan on sbtest7  (cost=5.50..416.94 rows=104 width=125)
	  Recheck Cond: ((k >= 1834137) AND (k <= 1834237))
	  ->  Bitmap Index Scan on k_7  (cost=0.00..5.47 rows=104 width=0)
	        Index Cond: ((k >= 1834137) AND (k <= 1834237))

table 8 : explain SELECT k, c FROM sbtest8 WHERE k BETWEEN 1834137 AND 1834237
	Bitmap Heap Scan on sbtest8  (cost=5.54..432.69 rows=108 width=125)
	  Recheck Cond: ((k >= 1834137) AND (k <= 1834237))
	  ->  Bitmap Index Scan on k_8  (cost=0.00..5.51 rows=108 width=0)
	        Index Cond: ((k >= 1834137) AND (k <= 1834237))

explain: for range-notcovered :: explain SELECT k, c FROM sbtest%d WHERE k BETWEEN 1834137 AND 1834237
for range-notcovered
table 1 : explain SELECT k, c FROM sbtest1 WHERE k BETWEEN 6609628 AND 6609728
	Bitmap Heap Scan on sbtest1  (cost=5.41..381.49 rows=95 width=125)
	  Recheck Cond: ((k >= 6609628) AND (k <= 6609728))
	  ->  Bitmap Index Scan on k_1  (cost=0.00..5.38 rows=95 width=0)
	        Index Cond: ((k >= 6609628) AND (k <= 6609728))

table 2 : explain SELECT k, c FROM sbtest2 WHERE k BETWEEN 6609628 AND 6609728
	Bitmap Heap Scan on sbtest2  (cost=5.51..420.88 rows=105 width=125)
	  Recheck Cond: ((k >= 6609628) AND (k <= 6609728))
	  ->  Bitmap Index Scan on k_2  (cost=0.00..5.48 rows=105 width=0)
	        Index Cond: ((k >= 6609628) AND (k <= 6609728))

table 3 : explain SELECT k, c FROM sbtest3 WHERE k BETWEEN 6609628 AND 6609728
	Bitmap Heap Scan on sbtest3  (cost=5.49..413.00 rows=103 width=125)
	  Recheck Cond: ((k >= 6609628) AND (k <= 6609728))
	  ->  Bitmap Index Scan on k_3  (cost=0.00..5.46 rows=103 width=0)
	        Index Cond: ((k >= 6609628) AND (k <= 6609728))

table 4 : explain SELECT k, c FROM sbtest4 WHERE k BETWEEN 6609628 AND 6609728
	Bitmap Heap Scan on sbtest4  (cost=5.49..413.00 rows=103 width=125)
	  Recheck Cond: ((k >= 6609628) AND (k <= 6609728))
	  ->  Bitmap Index Scan on k_4  (cost=0.00..5.46 rows=103 width=0)
	        Index Cond: ((k >= 6609628) AND (k <= 6609728))

table 5 : explain SELECT k, c FROM sbtest5 WHERE k BETWEEN 6609628 AND 6609728
	Bitmap Heap Scan on sbtest5  (cost=5.59..452.36 rows=113 width=125)
	  Recheck Cond: ((k >= 6609628) AND (k <= 6609728))
	  ->  Bitmap Index Scan on k_5  (cost=0.00..5.56 rows=113 width=0)
	        Index Cond: ((k >= 6609628) AND (k <= 6609728))

table 6 : explain SELECT k, c FROM sbtest6 WHERE k BETWEEN 6609628 AND 6609728
	Bitmap Heap Scan on sbtest6  (cost=5.46..401.19 rows=100 width=125)
	  Recheck Cond: ((k >= 6609628) AND (k <= 6609728))
	  ->  Bitmap Index Scan on k_6  (cost=0.00..5.43 rows=100 width=0)
	        Index Cond: ((k >= 6609628) AND (k <= 6609728))

table 7 : explain SELECT k, c FROM sbtest7 WHERE k BETWEEN 6609628 AND 6609728
	Bitmap Heap Scan on sbtest7  (cost=5.49..413.00 rows=103 width=125)
	  Recheck Cond: ((k >= 6609628) AND (k <= 6609728))
	  ->  Bitmap Index Scan on k_7  (cost=0.00..5.46 rows=103 width=0)
	        Index Cond: ((k >= 6609628) AND (k <= 6609728))

table 8 : explain SELECT k, c FROM sbtest8 WHERE k BETWEEN 6609628 AND 6609728
	Bitmap Heap Scan on sbtest8  (cost=5.60..456.29 rows=114 width=125)
	  Recheck Cond: ((k >= 6609628) AND (k <= 6609728))
	  ->  Bitmap Index Scan on k_8  (cost=0.00..5.58 rows=114 width=0)
	        Index Cond: ((k >= 6609628) AND (k <= 6609728))

explain: for range-notcovered :: explain SELECT k, c FROM sbtest%d WHERE k BETWEEN 6609628 AND 6609728
for range-notcovered
table 1 : explain SELECT k, c FROM sbtest1 WHERE k BETWEEN 1834137 AND 1834237
	Bitmap Heap Scan on sbtest1  (cost=5.41..381.49 rows=95 width=125)
	  Recheck Cond: ((k >= 1834137) AND (k <= 1834237))
	  ->  Bitmap Index Scan on k_1  (cost=0.00..5.38 rows=95 width=0)
	        Index Cond: ((k >= 1834137) AND (k <= 1834237))

table 2 : explain SELECT k, c FROM sbtest2 WHERE k BETWEEN 1834137 AND 1834237
	Bitmap Heap Scan on sbtest2  (cost=5.53..428.75 rows=107 width=125)
	  Recheck Cond: ((k >= 1834137) AND (k <= 1834237))
	  ->  Bitmap Index Scan on k_2  (cost=0.00..5.50 rows=107 width=0)
	        Index Cond: ((k >= 1834137) AND (k <= 1834237))

table 3 : explain SELECT k, c FROM sbtest3 WHERE k BETWEEN 1834137 AND 1834237
	Bitmap Heap Scan on sbtest3  (cost=5.42..385.43 rows=96 width=125)
	  Recheck Cond: ((k >= 1834137) AND (k <= 1834237))
	  ->  Bitmap Index Scan on k_3  (cost=0.00..5.39 rows=96 width=0)
	        Index Cond: ((k >= 1834137) AND (k <= 1834237))

table 4 : explain SELECT k, c FROM sbtest4 WHERE k BETWEEN 1834137 AND 1834237
	Bitmap Heap Scan on sbtest4  (cost=5.49..413.00 rows=103 width=125)
	  Recheck Cond: ((k >= 1834137) AND (k <= 1834237))
	  ->  Bitmap Index Scan on k_4  (cost=0.00..5.46 rows=103 width=0)
	        Index Cond: ((k >= 1834137) AND (k <= 1834237))

table 5 : explain SELECT k, c FROM sbtest5 WHERE k BETWEEN 1834137 AND 1834237
	Bitmap Heap Scan on sbtest5  (cost=5.54..432.69 rows=108 width=125)
	  Recheck Cond: ((k >= 1834137) AND (k <= 1834237))
	  ->  Bitmap Index Scan on k_5  (cost=0.00..5.51 rows=108 width=0)
	        Index Cond: ((k >= 1834137) AND (k <= 1834237))

table 6 : explain SELECT k, c FROM sbtest6 WHERE k BETWEEN 1834137 AND 1834237
	Bitmap Heap Scan on sbtest6  (cost=5.51..420.88 rows=105 width=125)
	  Recheck Cond: ((k >= 1834137) AND (k <= 1834237))
	  ->  Bitmap Index Scan on k_6  (cost=0.00..5.48 rows=105 width=0)
	        Index Cond: ((k >= 1834137) AND (k <= 1834237))

table 7 : explain SELECT k, c FROM sbtest7 WHERE k BETWEEN 1834137 AND 1834237
	Bitmap Heap Scan on sbtest7  (cost=5.50..416.94 rows=104 width=125)
	  Recheck Cond: ((k >= 1834137) AND (k <= 1834237))
	  ->  Bitmap Index Scan on k_7  (cost=0.00..5.47 rows=104 width=0)
	        Index Cond: ((k >= 1834137) AND (k <= 1834237))

table 8 : explain SELECT k, c FROM sbtest8 WHERE k BETWEEN 1834137 AND 1834237
	Bitmap Heap Scan on sbtest8  (cost=5.54..432.69 rows=108 width=125)
	  Recheck Cond: ((k >= 1834137) AND (k <= 1834237))
	  ->  Bitmap Index Scan on k_8  (cost=0.00..5.51 rows=108 width=0)
	        Index Cond: ((k >= 1834137) AND (k <= 1834237))

explain: for range-notcovered :: explain SELECT k, c FROM sbtest%d WHERE k BETWEEN 1834137 AND 1834237
for range-notcovered
table 1 : explain SELECT k, c FROM sbtest1 WHERE k BETWEEN 6950537 AND 6950637
	Bitmap Heap Scan on sbtest1  (cost=5.54..432.69 rows=108 width=125)
	  Recheck Cond: ((k >= 6950537) AND (k <= 6950637))
	  ->  Bitmap Index Scan on k_1  (cost=0.00..5.51 rows=108 width=0)
	        Index Cond: ((k >= 6950537) AND (k <= 6950637))

table 2 : explain SELECT k, c FROM sbtest2 WHERE k BETWEEN 6950537 AND 6950637
	Bitmap Heap Scan on sbtest2  (cost=5.45..397.25 rows=99 width=125)
	  Recheck Cond: ((k >= 6950537) AND (k <= 6950637))
	  ->  Bitmap Index Scan on k_2  (cost=0.00..5.42 rows=99 width=0)
	        Index Cond: ((k >= 6950537) AND (k <= 6950637))

table 3 : explain SELECT k, c FROM sbtest3 WHERE k BETWEEN 6950537 AND 6950637
	Bitmap Heap Scan on sbtest3  (cost=5.53..428.75 rows=107 width=125)
	  Recheck Cond: ((k >= 6950537) AND (k <= 6950637))
	  ->  Bitmap Index Scan on k_3  (cost=0.00..5.50 rows=107 width=0)
	        Index Cond: ((k >= 6950537) AND (k <= 6950637))

table 4 : explain SELECT k, c FROM sbtest4 WHERE k BETWEEN 6950537 AND 6950637
	Bitmap Heap Scan on sbtest4  (cost=5.54..432.69 rows=108 width=125)
	  Recheck Cond: ((k >= 6950537) AND (k <= 6950637))
	  ->  Bitmap Index Scan on k_4  (cost=0.00..5.51 rows=108 width=0)
	        Index Cond: ((k >= 6950537) AND (k <= 6950637))

table 5 : explain SELECT k, c FROM sbtest5 WHERE k BETWEEN 6950537 AND 6950637
	Bitmap Heap Scan on sbtest5  (cost=5.46..401.19 rows=100 width=125)
	  Recheck Cond: ((k >= 6950537) AND (k <= 6950637))
	  ->  Bitmap Index Scan on k_5  (cost=0.00..5.43 rows=100 width=0)
	        Index Cond: ((k >= 6950537) AND (k <= 6950637))

table 6 : explain SELECT k, c FROM sbtest6 WHERE k BETWEEN 6950537 AND 6950637
	Bitmap Heap Scan on sbtest6  (cost=5.47..405.13 rows=101 width=125)
	  Recheck Cond: ((k >= 6950537) AND (k <= 6950637))
	  ->  Bitmap Index Scan on k_6  (cost=0.00..5.44 rows=101 width=0)
	        Index Cond: ((k >= 6950537) AND (k <= 6950637))

table 7 : explain SELECT k, c FROM sbtest7 WHERE k BETWEEN 6950537 AND 6950637
	Bitmap Heap Scan on sbtest7  (cost=5.46..401.19 rows=100 width=125)
	  Recheck Cond: ((k >= 6950537) AND (k <= 6950637))
	  ->  Bitmap Index Scan on k_7  (cost=0.00..5.43 rows=100 width=0)
	        Index Cond: ((k >= 6950537) AND (k <= 6950637))

table 8 : explain SELECT k, c FROM sbtest8 WHERE k BETWEEN 6950537 AND 6950637
	Bitmap Heap Scan on sbtest8  (cost=5.58..448.42 rows=112 width=125)
	  Recheck Cond: ((k >= 6950537) AND (k <= 6950637))
	  ->  Bitmap Index Scan on k_8  (cost=0.00..5.55 rows=112 width=0)
	        Index Cond: ((k >= 6950537) AND (k <= 6950637))

for range-notcovered
table 1 : explain SELECT k, c FROM sbtest1 WHERE k BETWEEN 6609628 AND 6609728
	Bitmap Heap Scan on sbtest1  (cost=5.41..381.49 rows=95 width=125)
	  Recheck Cond: ((k >= 6609628) AND (k <= 6609728))
	  ->  Bitmap Index Scan on k_1  (cost=0.00..5.38 rows=95 width=0)
	        Index Cond: ((k >= 6609628) AND (k <= 6609728))

table 2 : explain SELECT k, c FROM sbtest2 WHERE k BETWEEN 6609628 AND 6609728
	Bitmap Heap Scan on sbtest2  (cost=5.51..420.88 rows=105 width=125)
	  Recheck Cond: ((k >= 6609628) AND (k <= 6609728))
	  ->  Bitmap Index Scan on k_2  (cost=0.00..5.48 rows=105 width=0)
	        Index Cond: ((k >= 6609628) AND (k <= 6609728))

table 3 : explain SELECT k, c FROM sbtest3 WHERE k BETWEEN 6609628 AND 6609728
	Bitmap Heap Scan on sbtest3  (cost=5.49..413.00 rows=103 width=125)
	  Recheck Cond: ((k >= 6609628) AND (k <= 6609728))
	  ->  Bitmap Index Scan on k_3  (cost=0.00..5.46 rows=103 width=0)
	        Index Cond: ((k >= 6609628) AND (k <= 6609728))

table 4 : explain SELECT k, c FROM sbtest4 WHERE k BETWEEN 6609628 AND 6609728
	Bitmap Heap Scan on sbtest4  (cost=5.49..413.00 rows=103 width=125)
	  Recheck Cond: ((k >= 6609628) AND (k <= 6609728))
	  ->  Bitmap Index Scan on k_4  (cost=0.00..5.46 rows=103 width=0)
	        Index Cond: ((k >= 6609628) AND (k <= 6609728))

table 5 : explain SELECT k, c FROM sbtest5 WHERE k BETWEEN 6609628 AND 6609728
	Bitmap Heap Scan on sbtest5  (cost=5.59..452.36 rows=113 width=125)
	  Recheck Cond: ((k >= 6609628) AND (k <= 6609728))
	  ->  Bitmap Index Scan on k_5  (cost=0.00..5.56 rows=113 width=0)
	        Index Cond: ((k >= 6609628) AND (k <= 6609728))

table 6 : explain SELECT k, c FROM sbtest6 WHERE k BETWEEN 6609628 AND 6609728
	Bitmap Heap Scan on sbtest6  (cost=5.46..401.19 rows=100 width=125)
	  Recheck Cond: ((k >= 6609628) AND (k <= 6609728))
	  ->  Bitmap Index Scan on k_6  (cost=0.00..5.43 rows=100 width=0)
	        Index Cond: ((k >= 6609628) AND (k <= 6609728))

table 7 : explain SELECT k, c FROM sbtest7 WHERE k BETWEEN 6609628 AND 6609728
	Bitmap Heap Scan on sbtest7  (cost=5.49..413.00 rows=103 width=125)
	  Recheck Cond: ((k >= 6609628) AND (k <= 6609728))
	  ->  Bitmap Index Scan on k_7  (cost=0.00..5.46 rows=103 width=0)
	        Index Cond: ((k >= 6609628) AND (k <= 6609728))

table 8 : explain SELECT k, c FROM sbtest8 WHERE k BETWEEN 6609628 AND 6609728
	Bitmap Heap Scan on sbtest8  (cost=5.60..456.29 rows=114 width=125)
	  Recheck Cond: ((k >= 6609628) AND (k <= 6609728))
	  ->  Bitmap Index Scan on k_8  (cost=0.00..5.58 rows=114 width=0)
	        Index Cond: ((k >= 6609628) AND (k <= 6609728))

explain: for range-notcovered :: explain SELECT k, c FROM sbtest%d WHERE k BETWEEN 6609628 AND 6609728
explain: for range-notcovered :: explain SELECT k, c FROM sbtest%d WHERE k BETWEEN 699732 AND 699832
for range-notcovered
table 1 : explain SELECT k, c FROM sbtest1 WHERE k BETWEEN 6609628 AND 6609728
	Bitmap Heap Scan on sbtest1  (cost=5.41..381.49 rows=95 width=125)
	  Recheck Cond: ((k >= 6609628) AND (k <= 6609728))
	  ->  Bitmap Index Scan on k_1  (cost=0.00..5.38 rows=95 width=0)
	        Index Cond: ((k >= 6609628) AND (k <= 6609728))

table 2 : explain SELECT k, c FROM sbtest2 WHERE k BETWEEN 6609628 AND 6609728
	Bitmap Heap Scan on sbtest2  (cost=5.51..420.88 rows=105 width=125)
	  Recheck Cond: ((k >= 6609628) AND (k <= 6609728))
	  ->  Bitmap Index Scan on k_2  (cost=0.00..5.48 rows=105 width=0)
	        Index Cond: ((k >= 6609628) AND (k <= 6609728))

table 3 : explain SELECT k, c FROM sbtest3 WHERE k BETWEEN 6609628 AND 6609728
	Bitmap Heap Scan on sbtest3  (cost=5.49..413.00 rows=103 width=125)
	  Recheck Cond: ((k >= 6609628) AND (k <= 6609728))
	  ->  Bitmap Index Scan on k_3  (cost=0.00..5.46 rows=103 width=0)
	        Index Cond: ((k >= 6609628) AND (k <= 6609728))

table 4 : explain SELECT k, c FROM sbtest4 WHERE k BETWEEN 6609628 AND 6609728
	Bitmap Heap Scan on sbtest4  (cost=5.49..413.00 rows=103 width=125)
	  Recheck Cond: ((k >= 6609628) AND (k <= 6609728))
	  ->  Bitmap Index Scan on k_4  (cost=0.00..5.46 rows=103 width=0)
	        Index Cond: ((k >= 6609628) AND (k <= 6609728))

table 5 : explain SELECT k, c FROM sbtest5 WHERE k BETWEEN 6609628 AND 6609728
	Bitmap Heap Scan on sbtest5  (cost=5.59..452.36 rows=113 width=125)
	  Recheck Cond: ((k >= 6609628) AND (k <= 6609728))
	  ->  Bitmap Index Scan on k_5  (cost=0.00..5.56 rows=113 width=0)
	        Index Cond: ((k >= 6609628) AND (k <= 6609728))

table 6 : explain SELECT k, c FROM sbtest6 WHERE k BETWEEN 6609628 AND 6609728
	Bitmap Heap Scan on sbtest6  (cost=5.46..401.19 rows=100 width=125)
	  Recheck Cond: ((k >= 6609628) AND (k <= 6609728))
	  ->  Bitmap Index Scan on k_6  (cost=0.00..5.43 rows=100 width=0)
	        Index Cond: ((k >= 6609628) AND (k <= 6609728))

table 7 : explain SELECT k, c FROM sbtest7 WHERE k BETWEEN 6609628 AND 6609728
	Bitmap Heap Scan on sbtest7  (cost=5.49..413.00 rows=103 width=125)
	  Recheck Cond: ((k >= 6609628) AND (k <= 6609728))
	  ->  Bitmap Index Scan on k_7  (cost=0.00..5.46 rows=103 width=0)
	        Index Cond: ((k >= 6609628) AND (k <= 6609728))

table 8 : explain SELECT k, c FROM sbtest8 WHERE k BETWEEN 6609628 AND 6609728
	Bitmap Heap Scan on sbtest8  (cost=5.60..456.29 rows=114 width=125)
	  Recheck Cond: ((k >= 6609628) AND (k <= 6609728))
	  ->  Bitmap Index Scan on k_8  (cost=0.00..5.58 rows=114 width=0)
	        Index Cond: ((k >= 6609628) AND (k <= 6609728))

explain: for range-notcovered :: explain SELECT k, c FROM sbtest%d WHERE k BETWEEN 6609628 AND 6609728
for range-notcovered
table 1 : explain SELECT k, c FROM sbtest1 WHERE k BETWEEN 4883326 AND 4883426
	Bitmap Heap Scan on sbtest1  (cost=5.53..428.75 rows=107 width=125)
	  Recheck Cond: ((k >= 4883326) AND (k <= 4883426))
	  ->  Bitmap Index Scan on k_1  (cost=0.00..5.50 rows=107 width=0)
	        Index Cond: ((k >= 4883326) AND (k <= 4883426))

table 2 : explain SELECT k, c FROM sbtest2 WHERE k BETWEEN 4883326 AND 4883426
	Bitmap Heap Scan on sbtest2  (cost=5.51..420.88 rows=105 width=125)
	  Recheck Cond: ((k >= 4883326) AND (k <= 4883426))
	  ->  Bitmap Index Scan on k_2  (cost=0.00..5.48 rows=105 width=0)
	        Index Cond: ((k >= 4883326) AND (k <= 4883426))

table 3 : explain SELECT k, c FROM sbtest3 WHERE k BETWEEN 4883326 AND 4883426
	Bitmap Heap Scan on sbtest3  (cost=5.38..369.67 rows=92 width=125)
	  Recheck Cond: ((k >= 4883326) AND (k <= 4883426))
	  ->  Bitmap Index Scan on k_3  (cost=0.00..5.35 rows=92 width=0)
	        Index Cond: ((k >= 4883326) AND (k <= 4883426))

table 4 : explain SELECT k, c FROM sbtest4 WHERE k BETWEEN 4883326 AND 4883426
	Bitmap Heap Scan on sbtest4  (cost=5.52..424.81 rows=106 width=125)
	  Recheck Cond: ((k >= 4883326) AND (k <= 4883426))
	  ->  Bitmap Index Scan on k_4  (cost=0.00..5.50 rows=106 width=0)
	        Index Cond: ((k >= 4883326) AND (k <= 4883426))

table 5 : explain SELECT k, c FROM sbtest5 WHERE k BETWEEN 4883326 AND 4883426
	Bitmap Heap Scan on sbtest5  (cost=5.47..405.13 rows=101 width=125)
	  Recheck Cond: ((k >= 4883326) AND (k <= 4883426))
	  ->  Bitmap Index Scan on k_5  (cost=0.00..5.44 rows=101 width=0)
	        Index Cond: ((k >= 4883326) AND (k <= 4883426))

table 6 : explain SELECT k, c FROM sbtest6 WHERE k BETWEEN 4883326 AND 4883426
	Bitmap Heap Scan on sbtest6  (cost=5.52..424.81 rows=106 width=125)
	  Recheck Cond: ((k >= 4883326) AND (k <= 4883426))
	  ->  Bitmap Index Scan on k_6  (cost=0.00..5.50 rows=106 width=0)
	        Index Cond: ((k >= 4883326) AND (k <= 4883426))

table 7 : explain SELECT k, c FROM sbtest7 WHERE k BETWEEN 4883326 AND 4883426
	Bitmap Heap Scan on sbtest7  (cost=5.44..393.31 rows=98 width=125)
	  Recheck Cond: ((k >= 4883326) AND (k <= 4883426))
	  ->  Bitmap Index Scan on k_7  (cost=0.00..5.42 rows=98 width=0)
	        Index Cond: ((k >= 4883326) AND (k <= 4883426))

table 8 : explain SELECT k, c FROM sbtest8 WHERE k BETWEEN 4883326 AND 4883426
	Bitmap Heap Scan on sbtest8  (cost=5.48..409.07 rows=102 width=125)
	  Recheck Cond: ((k >= 4883326) AND (k <= 4883426))
	  ->  Bitmap Index Scan on k_8  (cost=0.00..5.45 rows=102 width=0)
	        Index Cond: ((k >= 4883326) AND (k <= 4883426))

explain: for range-notcovered :: explain SELECT k, c FROM sbtest%d WHERE k BETWEEN 4883326 AND 4883426
for range-notcovered
table 1 : explain SELECT k, c FROM sbtest1 WHERE k BETWEEN 1834137 AND 1834237
	Bitmap Heap Scan on sbtest1  (cost=5.41..381.49 rows=95 width=125)
	  Recheck Cond: ((k >= 1834137) AND (k <= 1834237))
	  ->  Bitmap Index Scan on k_1  (cost=0.00..5.38 rows=95 width=0)
	        Index Cond: ((k >= 1834137) AND (k <= 1834237))

table 2 : explain SELECT k, c FROM sbtest2 WHERE k BETWEEN 1834137 AND 1834237
	Bitmap Heap Scan on sbtest2  (cost=5.53..428.75 rows=107 width=125)
	  Recheck Cond: ((k >= 1834137) AND (k <= 1834237))
	  ->  Bitmap Index Scan on k_2  (cost=0.00..5.50 rows=107 width=0)
	        Index Cond: ((k >= 1834137) AND (k <= 1834237))

table 3 : explain SELECT k, c FROM sbtest3 WHERE k BETWEEN 1834137 AND 1834237
	Bitmap Heap Scan on sbtest3  (cost=5.42..385.43 rows=96 width=125)
	  Recheck Cond: ((k >= 1834137) AND (k <= 1834237))
	  ->  Bitmap Index Scan on k_3  (cost=0.00..5.39 rows=96 width=0)
	        Index Cond: ((k >= 1834137) AND (k <= 1834237))

table 4 : explain SELECT k, c FROM sbtest4 WHERE k BETWEEN 1834137 AND 1834237
	Bitmap Heap Scan on sbtest4  (cost=5.49..413.00 rows=103 width=125)
	  Recheck Cond: ((k >= 1834137) AND (k <= 1834237))
	  ->  Bitmap Index Scan on k_4  (cost=0.00..5.46 rows=103 width=0)
	        Index Cond: ((k >= 1834137) AND (k <= 1834237))

table 5 : explain SELECT k, c FROM sbtest5 WHERE k BETWEEN 1834137 AND 1834237
	Bitmap Heap Scan on sbtest5  (cost=5.54..432.69 rows=108 width=125)
	  Recheck Cond: ((k >= 1834137) AND (k <= 1834237))
	  ->  Bitmap Index Scan on k_5  (cost=0.00..5.51 rows=108 width=0)
	        Index Cond: ((k >= 1834137) AND (k <= 1834237))

table 6 : explain SELECT k, c FROM sbtest6 WHERE k BETWEEN 1834137 AND 1834237
	Bitmap Heap Scan on sbtest6  (cost=5.51..420.88 rows=105 width=125)
	  Recheck Cond: ((k >= 1834137) AND (k <= 1834237))
	  ->  Bitmap Index Scan on k_6  (cost=0.00..5.48 rows=105 width=0)
	        Index Cond: ((k >= 1834137) AND (k <= 1834237))

table 7 : explain SELECT k, c FROM sbtest7 WHERE k BETWEEN 1834137 AND 1834237
	Bitmap Heap Scan on sbtest7  (cost=5.50..416.94 rows=104 width=125)
	  Recheck Cond: ((k >= 1834137) AND (k <= 1834237))
	  ->  Bitmap Index Scan on k_7  (cost=0.00..5.47 rows=104 width=0)
	        Index Cond: ((k >= 1834137) AND (k <= 1834237))

table 8 : explain SELECT k, c FROM sbtest8 WHERE k BETWEEN 1834137 AND 1834237
	Bitmap Heap Scan on sbtest8  (cost=5.54..432.69 rows=108 width=125)
	  Recheck Cond: ((k >= 1834137) AND (k <= 1834237))
	  ->  Bitmap Index Scan on k_8  (cost=0.00..5.51 rows=108 width=0)
	        Index Cond: ((k >= 1834137) AND (k <= 1834237))

explain: for range-notcovered :: explain SELECT k, c FROM sbtest%d WHERE k BETWEEN 1834137 AND 1834237
for range-notcovered
table 1 : explain SELECT k, c FROM sbtest1 WHERE k BETWEEN 3195415 AND 3195515
	Bitmap Heap Scan on sbtest1  (cost=5.47..405.13 rows=101 width=125)
	  Recheck Cond: ((k >= 3195415) AND (k <= 3195515))
	  ->  Bitmap Index Scan on k_1  (cost=0.00..5.44 rows=101 width=0)
	        Index Cond: ((k >= 3195415) AND (k <= 3195515))

table 2 : explain SELECT k, c FROM sbtest2 WHERE k BETWEEN 3195415 AND 3195515
	Bitmap Heap Scan on sbtest2  (cost=5.40..377.55 rows=94 width=125)
	  Recheck Cond: ((k >= 3195415) AND (k <= 3195515))
	  ->  Bitmap Index Scan on k_2  (cost=0.00..5.38 rows=94 width=0)
	        Index Cond: ((k >= 3195415) AND (k <= 3195515))

table 3 : explain SELECT k, c FROM sbtest3 WHERE k BETWEEN 3195415 AND 3195515
	Bitmap Heap Scan on sbtest3  (cost=5.47..405.13 rows=101 width=125)
	  Recheck Cond: ((k >= 3195415) AND (k <= 3195515))
	  ->  Bitmap Index Scan on k_3  (cost=0.00..5.44 rows=101 width=0)
	        Index Cond: ((k >= 3195415) AND (k <= 3195515))

table 4 : explain SELECT k, c FROM sbtest4 WHERE k BETWEEN 3195415 AND 3195515
	Bitmap Heap Scan on sbtest4  (cost=5.42..385.43 rows=96 width=125)
	  Recheck Cond: ((k >= 3195415) AND (k <= 3195515))
	  ->  Bitmap Index Scan on k_4  (cost=0.00..5.39 rows=96 width=0)
	        Index Cond: ((k >= 3195415) AND (k <= 3195515))

table 5 : explain SELECT k, c FROM sbtest5 WHERE k BETWEEN 3195415 AND 3195515
	Bitmap Heap Scan on sbtest5  (cost=5.41..381.49 rows=95 width=125)
	  Recheck Cond: ((k >= 3195415) AND (k <= 3195515))
	  ->  Bitmap Index Scan on k_5  (cost=0.00..5.38 rows=95 width=0)
	        Index Cond: ((k >= 3195415) AND (k <= 3195515))

table 6 : explain SELECT k, c FROM sbtest6 WHERE k BETWEEN 3195415 AND 3195515
	Bitmap Heap Scan on sbtest6  (cost=5.49..413.00 rows=103 width=125)
	  Recheck Cond: ((k >= 3195415) AND (k <= 3195515))
	  ->  Bitmap Index Scan on k_6  (cost=0.00..5.46 rows=103 width=0)
	        Index Cond: ((k >= 3195415) AND (k <= 3195515))

table 7 : explain SELECT k, c FROM sbtest7 WHERE k BETWEEN 3195415 AND 3195515
	Bitmap Heap Scan on sbtest7  (cost=5.53..428.75 rows=107 width=125)
	  Recheck Cond: ((k >= 3195415) AND (k <= 3195515))
	  ->  Bitmap Index Scan on k_7  (cost=0.00..5.50 rows=107 width=0)
	        Index Cond: ((k >= 3195415) AND (k <= 3195515))

table 8 : explain SELECT k, c FROM sbtest8 WHERE k BETWEEN 3195415 AND 3195515
	Bitmap Heap Scan on sbtest8  (cost=5.38..369.67 rows=92 width=125)
	  Recheck Cond: ((k >= 3195415) AND (k <= 3195515))
	  ->  Bitmap Index Scan on k_8  (cost=0.00..5.35 rows=92 width=0)
	        Index Cond: ((k >= 3195415) AND (k <= 3195515))

explain: for range-notcovered :: explain SELECT k, c FROM sbtest%d WHERE k BETWEEN 4833028 AND 4833128
explain: for range-notcovered :: explain SELECT k, c FROM sbtest%d WHERE k BETWEEN 3195415 AND 3195515
for range-notcovered
table 1 : explain SELECT k, c FROM sbtest1 WHERE k BETWEEN 6609628 AND 6609728
	Bitmap Heap Scan on sbtest1  (cost=5.41..381.49 rows=95 width=125)
	  Recheck Cond: ((k >= 6609628) AND (k <= 6609728))
	  ->  Bitmap Index Scan on k_1  (cost=0.00..5.38 rows=95 width=0)
	        Index Cond: ((k >= 6609628) AND (k <= 6609728))

table 2 : explain SELECT k, c FROM sbtest2 WHERE k BETWEEN 6609628 AND 6609728
	Bitmap Heap Scan on sbtest2  (cost=5.51..420.88 rows=105 width=125)
	  Recheck Cond: ((k >= 6609628) AND (k <= 6609728))
	  ->  Bitmap Index Scan on k_2  (cost=0.00..5.48 rows=105 width=0)
	        Index Cond: ((k >= 6609628) AND (k <= 6609728))

table 3 : explain SELECT k, c FROM sbtest3 WHERE k BETWEEN 6609628 AND 6609728
	Bitmap Heap Scan on sbtest3  (cost=5.49..413.00 rows=103 width=125)
	  Recheck Cond: ((k >= 6609628) AND (k <= 6609728))
	  ->  Bitmap Index Scan on k_3  (cost=0.00..5.46 rows=103 width=0)
	        Index Cond: ((k >= 6609628) AND (k <= 6609728))

table 4 : explain SELECT k, c FROM sbtest4 WHERE k BETWEEN 6609628 AND 6609728
	Bitmap Heap Scan on sbtest4  (cost=5.49..413.00 rows=103 width=125)
	  Recheck Cond: ((k >= 6609628) AND (k <= 6609728))
	  ->  Bitmap Index Scan on k_4  (cost=0.00..5.46 rows=103 width=0)
	        Index Cond: ((k >= 6609628) AND (k <= 6609728))

table 5 : explain SELECT k, c FROM sbtest5 WHERE k BETWEEN 6609628 AND 6609728
	Bitmap Heap Scan on sbtest5  (cost=5.59..452.36 rows=113 width=125)
	  Recheck Cond: ((k >= 6609628) AND (k <= 6609728))
	  ->  Bitmap Index Scan on k_5  (cost=0.00..5.56 rows=113 width=0)
	        Index Cond: ((k >= 6609628) AND (k <= 6609728))

table 6 : explain SELECT k, c FROM sbtest6 WHERE k BETWEEN 6609628 AND 6609728
	Bitmap Heap Scan on sbtest6  (cost=5.46..401.19 rows=100 width=125)
	  Recheck Cond: ((k >= 6609628) AND (k <= 6609728))
	  ->  Bitmap Index Scan on k_6  (cost=0.00..5.43 rows=100 width=0)
	        Index Cond: ((k >= 6609628) AND (k <= 6609728))

table 7 : explain SELECT k, c FROM sbtest7 WHERE k BETWEEN 6609628 AND 6609728
	Bitmap Heap Scan on sbtest7  (cost=5.49..413.00 rows=103 width=125)
	  Recheck Cond: ((k >= 6609628) AND (k <= 6609728))
	  ->  Bitmap Index Scan on k_7  (cost=0.00..5.46 rows=103 width=0)
	        Index Cond: ((k >= 6609628) AND (k <= 6609728))

table 8 : explain SELECT k, c FROM sbtest8 WHERE k BETWEEN 6609628 AND 6609728
	Bitmap Heap Scan on sbtest8  (cost=5.60..456.29 rows=114 width=125)
	  Recheck Cond: ((k >= 6609628) AND (k <= 6609728))
	  ->  Bitmap Index Scan on k_8  (cost=0.00..5.58 rows=114 width=0)
	        Index Cond: ((k >= 6609628) AND (k <= 6609728))

explain: for range-notcovered :: explain SELECT k, c FROM sbtest%d WHERE k BETWEEN 6609628 AND 6609728
explain: for range-notcovered :: explain SELECT k, c FROM sbtest%d WHERE k BETWEEN 3982380 AND 3982480
for range-notcovered
table 1 : explain SELECT k, c FROM sbtest1 WHERE k BETWEEN 4883326 AND 4883426
	Bitmap Heap Scan on sbtest1  (cost=5.53..428.75 rows=107 width=125)
	  Recheck Cond: ((k >= 4883326) AND (k <= 4883426))
	  ->  Bitmap Index Scan on k_1  (cost=0.00..5.50 rows=107 width=0)
	        Index Cond: ((k >= 4883326) AND (k <= 4883426))

table 2 : explain SELECT k, c FROM sbtest2 WHERE k BETWEEN 4883326 AND 4883426
	Bitmap Heap Scan on sbtest2  (cost=5.51..420.88 rows=105 width=125)
	  Recheck Cond: ((k >= 4883326) AND (k <= 4883426))
	  ->  Bitmap Index Scan on k_2  (cost=0.00..5.48 rows=105 width=0)
	        Index Cond: ((k >= 4883326) AND (k <= 4883426))

table 3 : explain SELECT k, c FROM sbtest3 WHERE k BETWEEN 4883326 AND 4883426
	Bitmap Heap Scan on sbtest3  (cost=5.38..369.67 rows=92 width=125)
	  Recheck Cond: ((k >= 4883326) AND (k <= 4883426))
	  ->  Bitmap Index Scan on k_3  (cost=0.00..5.35 rows=92 width=0)
	        Index Cond: ((k >= 4883326) AND (k <= 4883426))

table 4 : explain SELECT k, c FROM sbtest4 WHERE k BETWEEN 4883326 AND 4883426
	Bitmap Heap Scan on sbtest4  (cost=5.52..424.81 rows=106 width=125)
	  Recheck Cond: ((k >= 4883326) AND (k <= 4883426))
	  ->  Bitmap Index Scan on k_4  (cost=0.00..5.50 rows=106 width=0)
	        Index Cond: ((k >= 4883326) AND (k <= 4883426))

table 5 : explain SELECT k, c FROM sbtest5 WHERE k BETWEEN 4883326 AND 4883426
	Bitmap Heap Scan on sbtest5  (cost=5.47..405.13 rows=101 width=125)
	  Recheck Cond: ((k >= 4883326) AND (k <= 4883426))
	  ->  Bitmap Index Scan on k_5  (cost=0.00..5.44 rows=101 width=0)
	        Index Cond: ((k >= 4883326) AND (k <= 4883426))

table 6 : explain SELECT k, c FROM sbtest6 WHERE k BETWEEN 4883326 AND 4883426
	Bitmap Heap Scan on sbtest6  (cost=5.52..424.81 rows=106 width=125)
	  Recheck Cond: ((k >= 4883326) AND (k <= 4883426))
	  ->  Bitmap Index Scan on k_6  (cost=0.00..5.50 rows=106 width=0)
	        Index Cond: ((k >= 4883326) AND (k <= 4883426))

table 7 : explain SELECT k, c FROM sbtest7 WHERE k BETWEEN 4883326 AND 4883426
	Bitmap Heap Scan on sbtest7  (cost=5.44..393.31 rows=98 width=125)
	  Recheck Cond: ((k >= 4883326) AND (k <= 4883426))
	  ->  Bitmap Index Scan on k_7  (cost=0.00..5.42 rows=98 width=0)
	        Index Cond: ((k >= 4883326) AND (k <= 4883426))

table 8 : explain SELECT k, c FROM sbtest8 WHERE k BETWEEN 4883326 AND 4883426
	Bitmap Heap Scan on sbtest8  (cost=5.48..409.07 rows=102 width=125)
	  Recheck Cond: ((k >= 4883326) AND (k <= 4883426))
	  ->  Bitmap Index Scan on k_8  (cost=0.00..5.45 rows=102 width=0)
	        Index Cond: ((k >= 4883326) AND (k <= 4883426))

explain: for range-notcovered :: explain SELECT k, c FROM sbtest%d WHERE k BETWEEN 4883326 AND 4883426
for range-notcovered
table 1 : explain SELECT k, c FROM sbtest1 WHERE k BETWEEN 2726962 AND 2727062
	Bitmap Heap Scan on sbtest1  (cost=5.47..405.13 rows=101 width=125)
	  Recheck Cond: ((k >= 2726962) AND (k <= 2727062))
	  ->  Bitmap Index Scan on k_1  (cost=0.00..5.44 rows=101 width=0)
	        Index Cond: ((k >= 2726962) AND (k <= 2727062))

table 2 : explain SELECT k, c FROM sbtest2 WHERE k BETWEEN 2726962 AND 2727062
	Bitmap Heap Scan on sbtest2  (cost=5.41..381.49 rows=95 width=125)
	  Recheck Cond: ((k >= 2726962) AND (k <= 2727062))
	  ->  Bitmap Index Scan on k_2  (cost=0.00..5.38 rows=95 width=0)
	        Index Cond: ((k >= 2726962) AND (k <= 2727062))

table 3 : explain SELECT k, c FROM sbtest3 WHERE k BETWEEN 2726962 AND 2727062
	Bitmap Heap Scan on sbtest3  (cost=5.47..405.13 rows=101 width=125)
	  Recheck Cond: ((k >= 2726962) AND (k <= 2727062))
	  ->  Bitmap Index Scan on k_3  (cost=0.00..5.44 rows=101 width=0)
	        Index Cond: ((k >= 2726962) AND (k <= 2727062))

table 4 : explain SELECT k, c FROM sbtest4 WHERE k BETWEEN 2726962 AND 2727062
	Bitmap Heap Scan on sbtest4  (cost=5.41..381.49 rows=95 width=125)
	  Recheck Cond: ((k >= 2726962) AND (k <= 2727062))
	  ->  Bitmap Index Scan on k_4  (cost=0.00..5.38 rows=95 width=0)
	        Index Cond: ((k >= 2726962) AND (k <= 2727062))

table 5 : explain SELECT k, c FROM sbtest5 WHERE k BETWEEN 2726962 AND 2727062
	Bitmap Heap Scan on sbtest5  (cost=5.46..401.19 rows=100 width=125)
	  Recheck Cond: ((k >= 2726962) AND (k <= 2727062))
	  ->  Bitmap Index Scan on k_5  (cost=0.00..5.43 rows=100 width=0)
	        Index Cond: ((k >= 2726962) AND (k <= 2727062))

table 6 : explain SELECT k, c FROM sbtest6 WHERE k BETWEEN 2726962 AND 2727062
	Bitmap Heap Scan on sbtest6  (cost=5.47..405.13 rows=101 width=125)
	  Recheck Cond: ((k >= 2726962) AND (k <= 2727062))
	  ->  Bitmap Index Scan on k_6  (cost=0.00..5.44 rows=101 width=0)
	        Index Cond: ((k >= 2726962) AND (k <= 2727062))

table 7 : explain SELECT k, c FROM sbtest7 WHERE k BETWEEN 2726962 AND 2727062
	Bitmap Heap Scan on sbtest7  (cost=5.42..385.43 rows=96 width=125)
	  Recheck Cond: ((k >= 2726962) AND (k <= 2727062))
	  ->  Bitmap Index Scan on k_7  (cost=0.00..5.39 rows=96 width=0)
	        Index Cond: ((k >= 2726962) AND (k <= 2727062))

table 8 : explain SELECT k, c FROM sbtest8 WHERE k BETWEEN 2726962 AND 2727062
	Bitmap Heap Scan on sbtest8  (cost=5.47..405.13 rows=101 width=125)
	  Recheck Cond: ((k >= 2726962) AND (k <= 2727062))
	  ->  Bitmap Index Scan on k_8  (cost=0.00..5.44 rows=101 width=0)
	        Index Cond: ((k >= 2726962) AND (k <= 2727062))

explain: for range-notcovered :: explain SELECT k, c FROM sbtest%d WHERE k BETWEEN 2726962 AND 2727062
for range-notcovered
table 1 : explain SELECT k, c FROM sbtest1 WHERE k BETWEEN 3195415 AND 3195515
	Bitmap Heap Scan on sbtest1  (cost=5.47..405.13 rows=101 width=125)
	  Recheck Cond: ((k >= 3195415) AND (k <= 3195515))
	  ->  Bitmap Index Scan on k_1  (cost=0.00..5.44 rows=101 width=0)
	        Index Cond: ((k >= 3195415) AND (k <= 3195515))

table 2 : explain SELECT k, c FROM sbtest2 WHERE k BETWEEN 3195415 AND 3195515
	Bitmap Heap Scan on sbtest2  (cost=5.40..377.55 rows=94 width=125)
	  Recheck Cond: ((k >= 3195415) AND (k <= 3195515))
	  ->  Bitmap Index Scan on k_2  (cost=0.00..5.38 rows=94 width=0)
	        Index Cond: ((k >= 3195415) AND (k <= 3195515))

table 3 : explain SELECT k, c FROM sbtest3 WHERE k BETWEEN 3195415 AND 3195515
	Bitmap Heap Scan on sbtest3  (cost=5.47..405.13 rows=101 width=125)
	  Recheck Cond: ((k >= 3195415) AND (k <= 3195515))
	  ->  Bitmap Index Scan on k_3  (cost=0.00..5.44 rows=101 width=0)
	        Index Cond: ((k >= 3195415) AND (k <= 3195515))

table 4 : explain SELECT k, c FROM sbtest4 WHERE k BETWEEN 3195415 AND 3195515
	Bitmap Heap Scan on sbtest4  (cost=5.42..385.43 rows=96 width=125)
	  Recheck Cond: ((k >= 3195415) AND (k <= 3195515))
	  ->  Bitmap Index Scan on k_4  (cost=0.00..5.39 rows=96 width=0)
	        Index Cond: ((k >= 3195415) AND (k <= 3195515))

table 5 : explain SELECT k, c FROM sbtest5 WHERE k BETWEEN 3195415 AND 3195515
	Bitmap Heap Scan on sbtest5  (cost=5.41..381.49 rows=95 width=125)
	  Recheck Cond: ((k >= 3195415) AND (k <= 3195515))
	  ->  Bitmap Index Scan on k_5  (cost=0.00..5.38 rows=95 width=0)
	        Index Cond: ((k >= 3195415) AND (k <= 3195515))

table 6 : explain SELECT k, c FROM sbtest6 WHERE k BETWEEN 3195415 AND 3195515
	Bitmap Heap Scan on sbtest6  (cost=5.49..413.00 rows=103 width=125)
	  Recheck Cond: ((k >= 3195415) AND (k <= 3195515))
	  ->  Bitmap Index Scan on k_6  (cost=0.00..5.46 rows=103 width=0)
	        Index Cond: ((k >= 3195415) AND (k <= 3195515))

table 7 : explain SELECT k, c FROM sbtest7 WHERE k BETWEEN 3195415 AND 3195515
	Bitmap Heap Scan on sbtest7  (cost=5.53..428.75 rows=107 width=125)
	  Recheck Cond: ((k >= 3195415) AND (k <= 3195515))
	  ->  Bitmap Index Scan on k_7  (cost=0.00..5.50 rows=107 width=0)
	        Index Cond: ((k >= 3195415) AND (k <= 3195515))

table 8 : explain SELECT k, c FROM sbtest8 WHERE k BETWEEN 3195415 AND 3195515
	Bitmap Heap Scan on sbtest8  (cost=5.38..369.67 rows=92 width=125)
	  Recheck Cond: ((k >= 3195415) AND (k <= 3195515))
	  ->  Bitmap Index Scan on k_8  (cost=0.00..5.35 rows=92 width=0)
	        Index Cond: ((k >= 3195415) AND (k <= 3195515))

explain: for range-notcovered :: explain SELECT k, c FROM sbtest%d WHERE k BETWEEN 3195415 AND 3195515
for range-notcovered
table 1 : explain SELECT k, c FROM sbtest1 WHERE k BETWEEN 4883326 AND 4883426
	Bitmap Heap Scan on sbtest1  (cost=5.53..428.75 rows=107 width=125)
	  Recheck Cond: ((k >= 4883326) AND (k <= 4883426))
	  ->  Bitmap Index Scan on k_1  (cost=0.00..5.50 rows=107 width=0)
	        Index Cond: ((k >= 4883326) AND (k <= 4883426))

table 2 : explain SELECT k, c FROM sbtest2 WHERE k BETWEEN 4883326 AND 4883426
	Bitmap Heap Scan on sbtest2  (cost=5.51..420.88 rows=105 width=125)
	  Recheck Cond: ((k >= 4883326) AND (k <= 4883426))
	  ->  Bitmap Index Scan on k_2  (cost=0.00..5.48 rows=105 width=0)
	        Index Cond: ((k >= 4883326) AND (k <= 4883426))

table 3 : explain SELECT k, c FROM sbtest3 WHERE k BETWEEN 4883326 AND 4883426
	Bitmap Heap Scan on sbtest3  (cost=5.38..369.67 rows=92 width=125)
	  Recheck Cond: ((k >= 4883326) AND (k <= 4883426))
	  ->  Bitmap Index Scan on k_3  (cost=0.00..5.35 rows=92 width=0)
	        Index Cond: ((k >= 4883326) AND (k <= 4883426))

table 4 : explain SELECT k, c FROM sbtest4 WHERE k BETWEEN 4883326 AND 4883426
	Bitmap Heap Scan on sbtest4  (cost=5.52..424.81 rows=106 width=125)
	  Recheck Cond: ((k >= 4883326) AND (k <= 4883426))
	  ->  Bitmap Index Scan on k_4  (cost=0.00..5.50 rows=106 width=0)
	        Index Cond: ((k >= 4883326) AND (k <= 4883426))

table 5 : explain SELECT k, c FROM sbtest5 WHERE k BETWEEN 4883326 AND 4883426
	Bitmap Heap Scan on sbtest5  (cost=5.47..405.13 rows=101 width=125)
	  Recheck Cond: ((k >= 4883326) AND (k <= 4883426))
	  ->  Bitmap Index Scan on k_5  (cost=0.00..5.44 rows=101 width=0)
	        Index Cond: ((k >= 4883326) AND (k <= 4883426))

table 6 : explain SELECT k, c FROM sbtest6 WHERE k BETWEEN 4883326 AND 4883426
	Bitmap Heap Scan on sbtest6  (cost=5.52..424.81 rows=106 width=125)
	  Recheck Cond: ((k >= 4883326) AND (k <= 4883426))
	  ->  Bitmap Index Scan on k_6  (cost=0.00..5.50 rows=106 width=0)
	        Index Cond: ((k >= 4883326) AND (k <= 4883426))

table 7 : explain SELECT k, c FROM sbtest7 WHERE k BETWEEN 4883326 AND 4883426
	Bitmap Heap Scan on sbtest7  (cost=5.44..393.31 rows=98 width=125)
	  Recheck Cond: ((k >= 4883326) AND (k <= 4883426))
	  ->  Bitmap Index Scan on k_7  (cost=0.00..5.42 rows=98 width=0)
	        Index Cond: ((k >= 4883326) AND (k <= 4883426))

table 8 : explain SELECT k, c FROM sbtest8 WHERE k BETWEEN 4883326 AND 4883426
	Bitmap Heap Scan on sbtest8  (cost=5.48..409.07 rows=102 width=125)
	  Recheck Cond: ((k >= 4883326) AND (k <= 4883426))
	  ->  Bitmap Index Scan on k_8  (cost=0.00..5.45 rows=102 width=0)
	        Index Cond: ((k >= 4883326) AND (k <= 4883426))

for range-notcovered
table 1 : explain SELECT k, c FROM sbtest1 WHERE k BETWEEN 1834137 AND 1834237
	Bitmap Heap Scan on sbtest1  (cost=5.41..381.49 rows=95 width=125)
	  Recheck Cond: ((k >= 1834137) AND (k <= 1834237))
	  ->  Bitmap Index Scan on k_1  (cost=0.00..5.38 rows=95 width=0)
	        Index Cond: ((k >= 1834137) AND (k <= 1834237))

table 2 : explain SELECT k, c FROM sbtest2 WHERE k BETWEEN 1834137 AND 1834237
	Bitmap Heap Scan on sbtest2  (cost=5.53..428.75 rows=107 width=125)
	  Recheck Cond: ((k >= 1834137) AND (k <= 1834237))
	  ->  Bitmap Index Scan on k_2  (cost=0.00..5.50 rows=107 width=0)
	        Index Cond: ((k >= 1834137) AND (k <= 1834237))

table 3 : explain SELECT k, c FROM sbtest3 WHERE k BETWEEN 1834137 AND 1834237
	Bitmap Heap Scan on sbtest3  (cost=5.42..385.43 rows=96 width=125)
	  Recheck Cond: ((k >= 1834137) AND (k <= 1834237))
	  ->  Bitmap Index Scan on k_3  (cost=0.00..5.39 rows=96 width=0)
	        Index Cond: ((k >= 1834137) AND (k <= 1834237))

table 4 : explain SELECT k, c FROM sbtest4 WHERE k BETWEEN 1834137 AND 1834237
	Bitmap Heap Scan on sbtest4  (cost=5.49..413.00 rows=103 width=125)
	  Recheck Cond: ((k >= 1834137) AND (k <= 1834237))
	  ->  Bitmap Index Scan on k_4  (cost=0.00..5.46 rows=103 width=0)
	        Index Cond: ((k >= 1834137) AND (k <= 1834237))

table 5 : explain SELECT k, c FROM sbtest5 WHERE k BETWEEN 1834137 AND 1834237
	Bitmap Heap Scan on sbtest5  (cost=5.54..432.69 rows=108 width=125)
	  Recheck Cond: ((k >= 1834137) AND (k <= 1834237))
	  ->  Bitmap Index Scan on k_5  (cost=0.00..5.51 rows=108 width=0)
	        Index Cond: ((k >= 1834137) AND (k <= 1834237))

table 6 : explain SELECT k, c FROM sbtest6 WHERE k BETWEEN 1834137 AND 1834237
	Bitmap Heap Scan on sbtest6  (cost=5.51..420.88 rows=105 width=125)
	  Recheck Cond: ((k >= 1834137) AND (k <= 1834237))
	  ->  Bitmap Index Scan on k_6  (cost=0.00..5.48 rows=105 width=0)
	        Index Cond: ((k >= 1834137) AND (k <= 1834237))

table 7 : explain SELECT k, c FROM sbtest7 WHERE k BETWEEN 1834137 AND 1834237
	Bitmap Heap Scan on sbtest7  (cost=5.50..416.94 rows=104 width=125)
	  Recheck Cond: ((k >= 1834137) AND (k <= 1834237))
	  ->  Bitmap Index Scan on k_7  (cost=0.00..5.47 rows=104 width=0)
	        Index Cond: ((k >= 1834137) AND (k <= 1834237))

table 8 : explain SELECT k, c FROM sbtest8 WHERE k BETWEEN 1834137 AND 1834237
	Bitmap Heap Scan on sbtest8  (cost=5.54..432.69 rows=108 width=125)
	  Recheck Cond: ((k >= 1834137) AND (k <= 1834237))
	  ->  Bitmap Index Scan on k_8  (cost=0.00..5.51 rows=108 width=0)
	        Index Cond: ((k >= 1834137) AND (k <= 1834237))

explain: for range-notcovered :: explain SELECT k, c FROM sbtest%d WHERE k BETWEEN 4883326 AND 4883426
explain: for range-notcovered :: explain SELECT k, c FROM sbtest%d WHERE k BETWEEN 1922472 AND 1922572
explain: for range-notcovered :: explain SELECT k, c FROM sbtest%d WHERE k BETWEEN 1834137 AND 1834237
for range-notcovered
table 1 : explain SELECT k, c FROM sbtest1 WHERE k BETWEEN 3195415 AND 3195515
	Bitmap Heap Scan on sbtest1  (cost=5.47..405.13 rows=101 width=125)
	  Recheck Cond: ((k >= 3195415) AND (k <= 3195515))
	  ->  Bitmap Index Scan on k_1  (cost=0.00..5.44 rows=101 width=0)
	        Index Cond: ((k >= 3195415) AND (k <= 3195515))

table 2 : explain SELECT k, c FROM sbtest2 WHERE k BETWEEN 3195415 AND 3195515
	Bitmap Heap Scan on sbtest2  (cost=5.40..377.55 rows=94 width=125)
	  Recheck Cond: ((k >= 3195415) AND (k <= 3195515))
	  ->  Bitmap Index Scan on k_2  (cost=0.00..5.38 rows=94 width=0)
	        Index Cond: ((k >= 3195415) AND (k <= 3195515))

table 3 : explain SELECT k, c FROM sbtest3 WHERE k BETWEEN 3195415 AND 3195515
	Bitmap Heap Scan on sbtest3  (cost=5.47..405.13 rows=101 width=125)
	  Recheck Cond: ((k >= 3195415) AND (k <= 3195515))
	  ->  Bitmap Index Scan on k_3  (cost=0.00..5.44 rows=101 width=0)
	        Index Cond: ((k >= 3195415) AND (k <= 3195515))

table 4 : explain SELECT k, c FROM sbtest4 WHERE k BETWEEN 3195415 AND 3195515
	Bitmap Heap Scan on sbtest4  (cost=5.42..385.43 rows=96 width=125)
	  Recheck Cond: ((k >= 3195415) AND (k <= 3195515))
	  ->  Bitmap Index Scan on k_4  (cost=0.00..5.39 rows=96 width=0)
	        Index Cond: ((k >= 3195415) AND (k <= 3195515))

table 5 : explain SELECT k, c FROM sbtest5 WHERE k BETWEEN 3195415 AND 3195515
	Bitmap Heap Scan on sbtest5  (cost=5.41..381.49 rows=95 width=125)
	  Recheck Cond: ((k >= 3195415) AND (k <= 3195515))
	  ->  Bitmap Index Scan on k_5  (cost=0.00..5.38 rows=95 width=0)
	        Index Cond: ((k >= 3195415) AND (k <= 3195515))

table 6 : explain SELECT k, c FROM sbtest6 WHERE k BETWEEN 3195415 AND 3195515
	Bitmap Heap Scan on sbtest6  (cost=5.49..413.00 rows=103 width=125)
	  Recheck Cond: ((k >= 3195415) AND (k <= 3195515))
	  ->  Bitmap Index Scan on k_6  (cost=0.00..5.46 rows=103 width=0)
	        Index Cond: ((k >= 3195415) AND (k <= 3195515))

table 7 : explain SELECT k, c FROM sbtest7 WHERE k BETWEEN 3195415 AND 3195515
	Bitmap Heap Scan on sbtest7  (cost=5.53..428.75 rows=107 width=125)
	  Recheck Cond: ((k >= 3195415) AND (k <= 3195515))
	  ->  Bitmap Index Scan on k_7  (cost=0.00..5.50 rows=107 width=0)
	        Index Cond: ((k >= 3195415) AND (k <= 3195515))

table 8 : explain SELECT k, c FROM sbtest8 WHERE k BETWEEN 3195415 AND 3195515
	Bitmap Heap Scan on sbtest8  (cost=5.38..369.67 rows=92 width=125)
	  Recheck Cond: ((k >= 3195415) AND (k <= 3195515))
	  ->  Bitmap Index Scan on k_8  (cost=0.00..5.35 rows=92 width=0)
	        Index Cond: ((k >= 3195415) AND (k <= 3195515))

for range-notcovered
table 1 : explain SELECT k, c FROM sbtest1 WHERE k BETWEEN 6609628 AND 6609728
	Bitmap Heap Scan on sbtest1  (cost=5.41..381.49 rows=95 width=125)
	  Recheck Cond: ((k >= 6609628) AND (k <= 6609728))
	  ->  Bitmap Index Scan on k_1  (cost=0.00..5.38 rows=95 width=0)
	        Index Cond: ((k >= 6609628) AND (k <= 6609728))

table 2 : explain SELECT k, c FROM sbtest2 WHERE k BETWEEN 6609628 AND 6609728
	Bitmap Heap Scan on sbtest2  (cost=5.51..420.88 rows=105 width=125)
	  Recheck Cond: ((k >= 6609628) AND (k <= 6609728))
	  ->  Bitmap Index Scan on k_2  (cost=0.00..5.48 rows=105 width=0)
	        Index Cond: ((k >= 6609628) AND (k <= 6609728))

table 3 : explain SELECT k, c FROM sbtest3 WHERE k BETWEEN 6609628 AND 6609728
	Bitmap Heap Scan on sbtest3  (cost=5.49..413.00 rows=103 width=125)
	  Recheck Cond: ((k >= 6609628) AND (k <= 6609728))
	  ->  Bitmap Index Scan on k_3  (cost=0.00..5.46 rows=103 width=0)
	        Index Cond: ((k >= 6609628) AND (k <= 6609728))

table 4 : explain SELECT k, c FROM sbtest4 WHERE k BETWEEN 6609628 AND 6609728
	Bitmap Heap Scan on sbtest4  (cost=5.49..413.00 rows=103 width=125)
	  Recheck Cond: ((k >= 6609628) AND (k <= 6609728))
	  ->  Bitmap Index Scan on k_4  (cost=0.00..5.46 rows=103 width=0)
	        Index Cond: ((k >= 6609628) AND (k <= 6609728))

table 5 : explain SELECT k, c FROM sbtest5 WHERE k BETWEEN 6609628 AND 6609728
	Bitmap Heap Scan on sbtest5  (cost=5.59..452.36 rows=113 width=125)
	  Recheck Cond: ((k >= 6609628) AND (k <= 6609728))
	  ->  Bitmap Index Scan on k_5  (cost=0.00..5.56 rows=113 width=0)
	        Index Cond: ((k >= 6609628) AND (k <= 6609728))

table 6 : explain SELECT k, c FROM sbtest6 WHERE k BETWEEN 6609628 AND 6609728
	Bitmap Heap Scan on sbtest6  (cost=5.46..401.19 rows=100 width=125)
	  Recheck Cond: ((k >= 6609628) AND (k <= 6609728))
	  ->  Bitmap Index Scan on k_6  (cost=0.00..5.43 rows=100 width=0)
	        Index Cond: ((k >= 6609628) AND (k <= 6609728))

table 7 : explain SELECT k, c FROM sbtest7 WHERE k BETWEEN 6609628 AND 6609728
	Bitmap Heap Scan on sbtest7  (cost=5.49..413.00 rows=103 width=125)
	  Recheck Cond: ((k >= 6609628) AND (k <= 6609728))
	  ->  Bitmap Index Scan on k_7  (cost=0.00..5.46 rows=103 width=0)
	        Index Cond: ((k >= 6609628) AND (k <= 6609728))

table 8 : explain SELECT k, c FROM sbtest8 WHERE k BETWEEN 6609628 AND 6609728
	Bitmap Heap Scan on sbtest8  (cost=5.60..456.29 rows=114 width=125)
	  Recheck Cond: ((k >= 6609628) AND (k <= 6609728))
	  ->  Bitmap Index Scan on k_8  (cost=0.00..5.58 rows=114 width=0)
	        Index Cond: ((k >= 6609628) AND (k <= 6609728))

explain: for range-notcovered :: explain SELECT k, c FROM sbtest%d WHERE k BETWEEN 3195415 AND 3195515
explain: for range-notcovered :: explain SELECT k, c FROM sbtest%d WHERE k BETWEEN 6609628 AND 6609728
for range-notcovered
table 1 : explain SELECT k, c FROM sbtest1 WHERE k BETWEEN 1834137 AND 1834237
	Bitmap Heap Scan on sbtest1  (cost=5.41..381.49 rows=95 width=125)
	  Recheck Cond: ((k >= 1834137) AND (k <= 1834237))
	  ->  Bitmap Index Scan on k_1  (cost=0.00..5.38 rows=95 width=0)
	        Index Cond: ((k >= 1834137) AND (k <= 1834237))

table 2 : explain SELECT k, c FROM sbtest2 WHERE k BETWEEN 1834137 AND 1834237
	Bitmap Heap Scan on sbtest2  (cost=5.53..428.75 rows=107 width=125)
	  Recheck Cond: ((k >= 1834137) AND (k <= 1834237))
	  ->  Bitmap Index Scan on k_2  (cost=0.00..5.50 rows=107 width=0)
	        Index Cond: ((k >= 1834137) AND (k <= 1834237))

table 3 : explain SELECT k, c FROM sbtest3 WHERE k BETWEEN 1834137 AND 1834237
	Bitmap Heap Scan on sbtest3  (cost=5.42..385.43 rows=96 width=125)
	  Recheck Cond: ((k >= 1834137) AND (k <= 1834237))
	  ->  Bitmap Index Scan on k_3  (cost=0.00..5.39 rows=96 width=0)
	        Index Cond: ((k >= 1834137) AND (k <= 1834237))

table 4 : explain SELECT k, c FROM sbtest4 WHERE k BETWEEN 1834137 AND 1834237
	Bitmap Heap Scan on sbtest4  (cost=5.49..413.00 rows=103 width=125)
	  Recheck Cond: ((k >= 1834137) AND (k <= 1834237))
	  ->  Bitmap Index Scan on k_4  (cost=0.00..5.46 rows=103 width=0)
	        Index Cond: ((k >= 1834137) AND (k <= 1834237))

table 5 : explain SELECT k, c FROM sbtest5 WHERE k BETWEEN 1834137 AND 1834237
	Bitmap Heap Scan on sbtest5  (cost=5.54..432.69 rows=108 width=125)
	  Recheck Cond: ((k >= 1834137) AND (k <= 1834237))
	  ->  Bitmap Index Scan on k_5  (cost=0.00..5.51 rows=108 width=0)
	        Index Cond: ((k >= 1834137) AND (k <= 1834237))

table 6 : explain SELECT k, c FROM sbtest6 WHERE k BETWEEN 1834137 AND 1834237
	Bitmap Heap Scan on sbtest6  (cost=5.51..420.88 rows=105 width=125)
	  Recheck Cond: ((k >= 1834137) AND (k <= 1834237))
	  ->  Bitmap Index Scan on k_6  (cost=0.00..5.48 rows=105 width=0)
	        Index Cond: ((k >= 1834137) AND (k <= 1834237))

table 7 : explain SELECT k, c FROM sbtest7 WHERE k BETWEEN 1834137 AND 1834237
	Bitmap Heap Scan on sbtest7  (cost=5.50..416.94 rows=104 width=125)
	  Recheck Cond: ((k >= 1834137) AND (k <= 1834237))
	  ->  Bitmap Index Scan on k_7  (cost=0.00..5.47 rows=104 width=0)
	        Index Cond: ((k >= 1834137) AND (k <= 1834237))

table 8 : explain SELECT k, c FROM sbtest8 WHERE k BETWEEN 1834137 AND 1834237
	Bitmap Heap Scan on sbtest8  (cost=5.54..432.69 rows=108 width=125)
	  Recheck Cond: ((k >= 1834137) AND (k <= 1834237))
	  ->  Bitmap Index Scan on k_8  (cost=0.00..5.51 rows=108 width=0)
	        Index Cond: ((k >= 1834137) AND (k <= 1834237))

for range-notcovered
table 1 : explain SELECT k, c FROM sbtest1 WHERE k BETWEEN 4883326 AND 4883426
	Bitmap Heap Scan on sbtest1  (cost=5.53..428.75 rows=107 width=125)
	  Recheck Cond: ((k >= 4883326) AND (k <= 4883426))
	  ->  Bitmap Index Scan on k_1  (cost=0.00..5.50 rows=107 width=0)
	        Index Cond: ((k >= 4883326) AND (k <= 4883426))

table 2 : explain SELECT k, c FROM sbtest2 WHERE k BETWEEN 4883326 AND 4883426
	Bitmap Heap Scan on sbtest2  (cost=5.51..420.88 rows=105 width=125)
	  Recheck Cond: ((k >= 4883326) AND (k <= 4883426))
	  ->  Bitmap Index Scan on k_2  (cost=0.00..5.48 rows=105 width=0)
	        Index Cond: ((k >= 4883326) AND (k <= 4883426))

table 3 : explain SELECT k, c FROM sbtest3 WHERE k BETWEEN 4883326 AND 4883426
	Bitmap Heap Scan on sbtest3  (cost=5.38..369.67 rows=92 width=125)
	  Recheck Cond: ((k >= 4883326) AND (k <= 4883426))
	  ->  Bitmap Index Scan on k_3  (cost=0.00..5.35 rows=92 width=0)
	        Index Cond: ((k >= 4883326) AND (k <= 4883426))

table 4 : explain SELECT k, c FROM sbtest4 WHERE k BETWEEN 4883326 AND 4883426
	Bitmap Heap Scan on sbtest4  (cost=5.52..424.81 rows=106 width=125)
	  Recheck Cond: ((k >= 4883326) AND (k <= 4883426))
	  ->  Bitmap Index Scan on k_4  (cost=0.00..5.50 rows=106 width=0)
	        Index Cond: ((k >= 4883326) AND (k <= 4883426))

table 5 : explain SELECT k, c FROM sbtest5 WHERE k BETWEEN 4883326 AND 4883426
	Bitmap Heap Scan on sbtest5  (cost=5.47..405.13 rows=101 width=125)
	  Recheck Cond: ((k >= 4883326) AND (k <= 4883426))
	  ->  Bitmap Index Scan on k_5  (cost=0.00..5.44 rows=101 width=0)
	        Index Cond: ((k >= 4883326) AND (k <= 4883426))

table 6 : explain SELECT k, c FROM sbtest6 WHERE k BETWEEN 4883326 AND 4883426
	Bitmap Heap Scan on sbtest6  (cost=5.52..424.81 rows=106 width=125)
	  Recheck Cond: ((k >= 4883326) AND (k <= 4883426))
	  ->  Bitmap Index Scan on k_6  (cost=0.00..5.50 rows=106 width=0)
	        Index Cond: ((k >= 4883326) AND (k <= 4883426))

table 7 : explain SELECT k, c FROM sbtest7 WHERE k BETWEEN 4883326 AND 4883426
	Bitmap Heap Scan on sbtest7  (cost=5.44..393.31 rows=98 width=125)
	  Recheck Cond: ((k >= 4883326) AND (k <= 4883426))
	  ->  Bitmap Index Scan on k_7  (cost=0.00..5.42 rows=98 width=0)
	        Index Cond: ((k >= 4883326) AND (k <= 4883426))

table 8 : explain SELECT k, c FROM sbtest8 WHERE k BETWEEN 4883326 AND 4883426
	Bitmap Heap Scan on sbtest8  (cost=5.48..409.07 rows=102 width=125)
	  Recheck Cond: ((k >= 4883326) AND (k <= 4883426))
	  ->  Bitmap Index Scan on k_8  (cost=0.00..5.45 rows=102 width=0)
	        Index Cond: ((k >= 4883326) AND (k <= 4883426))

explain: for range-notcovered :: explain SELECT k, c FROM sbtest%d WHERE k BETWEEN 1834137 AND 1834237
for range-notcovered
table 1 : explain SELECT k, c FROM sbtest1 WHERE k BETWEEN 9872678 AND 9872778
	Bitmap Heap Scan on sbtest1  (cost=5.45..397.25 rows=99 width=125)
	  Recheck Cond: ((k >= 9872678) AND (k <= 9872778))
	  ->  Bitmap Index Scan on k_1  (cost=0.00..5.42 rows=99 width=0)
	        Index Cond: ((k >= 9872678) AND (k <= 9872778))

table 2 : explain SELECT k, c FROM sbtest2 WHERE k BETWEEN 9872678 AND 9872778
	Bitmap Heap Scan on sbtest2  (cost=5.47..405.13 rows=101 width=125)
	  Recheck Cond: ((k >= 9872678) AND (k <= 9872778))
	  ->  Bitmap Index Scan on k_2  (cost=0.00..5.44 rows=101 width=0)
	        Index Cond: ((k >= 9872678) AND (k <= 9872778))

table 3 : explain SELECT k, c FROM sbtest3 WHERE k BETWEEN 9872678 AND 9872778
	Bitmap Heap Scan on sbtest3  (cost=5.44..393.31 rows=98 width=125)
	  Recheck Cond: ((k >= 9872678) AND (k <= 9872778))
	  ->  Bitmap Index Scan on k_3  (cost=0.00..5.42 rows=98 width=0)
	        Index Cond: ((k >= 9872678) AND (k <= 9872778))

table 4 : explain SELECT k, c FROM sbtest4 WHERE k BETWEEN 9872678 AND 9872778
	Bitmap Heap Scan on sbtest4  (cost=5.60..456.29 rows=114 width=125)
	  Recheck Cond: ((k >= 9872678) AND (k <= 9872778))
	  ->  Bitmap Index Scan on k_4  (cost=0.00..5.58 rows=114 width=0)
	        Index Cond: ((k >= 9872678) AND (k <= 9872778))

table 5 : explain SELECT k, c FROM sbtest5 WHERE k BETWEEN 9872678 AND 9872778
	Bitmap Heap Scan on sbtest5  (cost=5.45..397.25 rows=99 width=125)
	  Recheck Cond: ((k >= 9872678) AND (k <= 9872778))
	  ->  Bitmap Index Scan on k_5  (cost=0.00..5.42 rows=99 width=0)
	        Index Cond: ((k >= 9872678) AND (k <= 9872778))

table 6 : explain SELECT k, c FROM sbtest6 WHERE k BETWEEN 9872678 AND 9872778
	Bitmap Heap Scan on sbtest6  (cost=5.50..416.94 rows=104 width=125)
	  Recheck Cond: ((k >= 9872678) AND (k <= 9872778))
	  ->  Bitmap Index Scan on k_6  (cost=0.00..5.47 rows=104 width=0)
	        Index Cond: ((k >= 9872678) AND (k <= 9872778))

table 7 : explain SELECT k, c FROM sbtest7 WHERE k BETWEEN 9872678 AND 9872778
	Bitmap Heap Scan on sbtest7  (cost=5.47..405.13 rows=101 width=125)
	  Recheck Cond: ((k >= 9872678) AND (k <= 9872778))
	  ->  Bitmap Index Scan on k_7  (cost=0.00..5.44 rows=101 width=0)
	        Index Cond: ((k >= 9872678) AND (k <= 9872778))

table 8 : explain SELECT k, c FROM sbtest8 WHERE k BETWEEN 9872678 AND 9872778
	Bitmap Heap Scan on sbtest8  (cost=5.61..460.22 rows=115 width=125)
	  Recheck Cond: ((k >= 9872678) AND (k <= 9872778))
	  ->  Bitmap Index Scan on k_8  (cost=0.00..5.58 rows=115 width=0)
	        Index Cond: ((k >= 9872678) AND (k <= 9872778))

explain: for range-notcovered :: explain SELECT k, c FROM sbtest%d WHERE k BETWEEN 4883326 AND 4883426
for range-notcovered
table 1 : explain SELECT k, c FROM sbtest1 WHERE k BETWEEN 2726962 AND 2727062
	Bitmap Heap Scan on sbtest1  (cost=5.47..405.13 rows=101 width=125)
	  Recheck Cond: ((k >= 2726962) AND (k <= 2727062))
	  ->  Bitmap Index Scan on k_1  (cost=0.00..5.44 rows=101 width=0)
	        Index Cond: ((k >= 2726962) AND (k <= 2727062))

table 2 : explain SELECT k, c FROM sbtest2 WHERE k BETWEEN 2726962 AND 2727062
	Bitmap Heap Scan on sbtest2  (cost=5.41..381.49 rows=95 width=125)
	  Recheck Cond: ((k >= 2726962) AND (k <= 2727062))
	  ->  Bitmap Index Scan on k_2  (cost=0.00..5.38 rows=95 width=0)
	        Index Cond: ((k >= 2726962) AND (k <= 2727062))

table 3 : explain SELECT k, c FROM sbtest3 WHERE k BETWEEN 2726962 AND 2727062
	Bitmap Heap Scan on sbtest3  (cost=5.47..405.13 rows=101 width=125)
	  Recheck Cond: ((k >= 2726962) AND (k <= 2727062))
	  ->  Bitmap Index Scan on k_3  (cost=0.00..5.44 rows=101 width=0)
	        Index Cond: ((k >= 2726962) AND (k <= 2727062))

table 4 : explain SELECT k, c FROM sbtest4 WHERE k BETWEEN 2726962 AND 2727062
	Bitmap Heap Scan on sbtest4  (cost=5.41..381.49 rows=95 width=125)
	  Recheck Cond: ((k >= 2726962) AND (k <= 2727062))
	  ->  Bitmap Index Scan on k_4  (cost=0.00..5.38 rows=95 width=0)
	        Index Cond: ((k >= 2726962) AND (k <= 2727062))

table 5 : explain SELECT k, c FROM sbtest5 WHERE k BETWEEN 2726962 AND 2727062
	Bitmap Heap Scan on sbtest5  (cost=5.46..401.19 rows=100 width=125)
	  Recheck Cond: ((k >= 2726962) AND (k <= 2727062))
	  ->  Bitmap Index Scan on k_5  (cost=0.00..5.43 rows=100 width=0)
	        Index Cond: ((k >= 2726962) AND (k <= 2727062))

table 6 : explain SELECT k, c FROM sbtest6 WHERE k BETWEEN 2726962 AND 2727062
	Bitmap Heap Scan on sbtest6  (cost=5.47..405.13 rows=101 width=125)
	  Recheck Cond: ((k >= 2726962) AND (k <= 2727062))
	  ->  Bitmap Index Scan on k_6  (cost=0.00..5.44 rows=101 width=0)
	        Index Cond: ((k >= 2726962) AND (k <= 2727062))

table 7 : explain SELECT k, c FROM sbtest7 WHERE k BETWEEN 2726962 AND 2727062
	Bitmap Heap Scan on sbtest7  (cost=5.42..385.43 rows=96 width=125)
	  Recheck Cond: ((k >= 2726962) AND (k <= 2727062))
	  ->  Bitmap Index Scan on k_7  (cost=0.00..5.39 rows=96 width=0)
	        Index Cond: ((k >= 2726962) AND (k <= 2727062))

table 8 : explain SELECT k, c FROM sbtest8 WHERE k BETWEEN 2726962 AND 2727062
	Bitmap Heap Scan on sbtest8  (cost=5.47..405.13 rows=101 width=125)
	  Recheck Cond: ((k >= 2726962) AND (k <= 2727062))
	  ->  Bitmap Index Scan on k_8  (cost=0.00..5.44 rows=101 width=0)
	        Index Cond: ((k >= 2726962) AND (k <= 2727062))

explain: for range-notcovered :: explain SELECT k, c FROM sbtest%d WHERE k BETWEEN 2726962 AND 2727062
explain: for range-notcovered :: explain SELECT k, c FROM sbtest%d WHERE k BETWEEN 3315220 AND 3315320
explain: for range-notcovered :: explain SELECT k, c FROM sbtest%d WHERE k BETWEEN 4325893 AND 4325993
explain: for range-notcovered :: explain SELECT k, c FROM sbtest%d WHERE k BETWEEN 9872678 AND 9872778
for range-notcovered
table 1 : explain SELECT k, c FROM sbtest1 WHERE k BETWEEN 4883326 AND 4883426
	Bitmap Heap Scan on sbtest1  (cost=5.53..428.75 rows=107 width=125)
	  Recheck Cond: ((k >= 4883326) AND (k <= 4883426))
	  ->  Bitmap Index Scan on k_1  (cost=0.00..5.50 rows=107 width=0)
	        Index Cond: ((k >= 4883326) AND (k <= 4883426))

table 2 : explain SELECT k, c FROM sbtest2 WHERE k BETWEEN 4883326 AND 4883426
	Bitmap Heap Scan on sbtest2  (cost=5.51..420.88 rows=105 width=125)
	  Recheck Cond: ((k >= 4883326) AND (k <= 4883426))
	  ->  Bitmap Index Scan on k_2  (cost=0.00..5.48 rows=105 width=0)
	        Index Cond: ((k >= 4883326) AND (k <= 4883426))

table 3 : explain SELECT k, c FROM sbtest3 WHERE k BETWEEN 4883326 AND 4883426
	Bitmap Heap Scan on sbtest3  (cost=5.38..369.67 rows=92 width=125)
	  Recheck Cond: ((k >= 4883326) AND (k <= 4883426))
	  ->  Bitmap Index Scan on k_3  (cost=0.00..5.35 rows=92 width=0)
	        Index Cond: ((k >= 4883326) AND (k <= 4883426))

table 4 : explain SELECT k, c FROM sbtest4 WHERE k BETWEEN 4883326 AND 4883426
	Bitmap Heap Scan on sbtest4  (cost=5.52..424.81 rows=106 width=125)
	  Recheck Cond: ((k >= 4883326) AND (k <= 4883426))
	  ->  Bitmap Index Scan on k_4  (cost=0.00..5.50 rows=106 width=0)
	        Index Cond: ((k >= 4883326) AND (k <= 4883426))

table 5 : explain SELECT k, c FROM sbtest5 WHERE k BETWEEN 4883326 AND 4883426
	Bitmap Heap Scan on sbtest5  (cost=5.47..405.13 rows=101 width=125)
	  Recheck Cond: ((k >= 4883326) AND (k <= 4883426))
	  ->  Bitmap Index Scan on k_5  (cost=0.00..5.44 rows=101 width=0)
	        Index Cond: ((k >= 4883326) AND (k <= 4883426))

table 6 : explain SELECT k, c FROM sbtest6 WHERE k BETWEEN 4883326 AND 4883426
	Bitmap Heap Scan on sbtest6  (cost=5.52..424.81 rows=106 width=125)
	  Recheck Cond: ((k >= 4883326) AND (k <= 4883426))
	  ->  Bitmap Index Scan on k_6  (cost=0.00..5.50 rows=106 width=0)
	        Index Cond: ((k >= 4883326) AND (k <= 4883426))

table 7 : explain SELECT k, c FROM sbtest7 WHERE k BETWEEN 4883326 AND 4883426
	Bitmap Heap Scan on sbtest7  (cost=5.44..393.31 rows=98 width=125)
	  Recheck Cond: ((k >= 4883326) AND (k <= 4883426))
	  ->  Bitmap Index Scan on k_7  (cost=0.00..5.42 rows=98 width=0)
	        Index Cond: ((k >= 4883326) AND (k <= 4883426))

table 8 : explain SELECT k, c FROM sbtest8 WHERE k BETWEEN 4883326 AND 4883426
	Bitmap Heap Scan on sbtest8  (cost=5.48..409.07 rows=102 width=125)
	  Recheck Cond: ((k >= 4883326) AND (k <= 4883426))
	  ->  Bitmap Index Scan on k_8  (cost=0.00..5.45 rows=102 width=0)
	        Index Cond: ((k >= 4883326) AND (k <= 4883426))

explain: for range-notcovered :: explain SELECT k, c FROM sbtest%d WHERE k BETWEEN 4883326 AND 4883426
for range-notcovered
table 1 : explain SELECT k, c FROM sbtest1 WHERE k BETWEEN 3195415 AND 3195515
	Bitmap Heap Scan on sbtest1  (cost=5.47..405.13 rows=101 width=125)
	  Recheck Cond: ((k >= 3195415) AND (k <= 3195515))
	  ->  Bitmap Index Scan on k_1  (cost=0.00..5.44 rows=101 width=0)
	        Index Cond: ((k >= 3195415) AND (k <= 3195515))

table 2 : explain SELECT k, c FROM sbtest2 WHERE k BETWEEN 3195415 AND 3195515
	Bitmap Heap Scan on sbtest2  (cost=5.40..377.55 rows=94 width=125)
	  Recheck Cond: ((k >= 3195415) AND (k <= 3195515))
	  ->  Bitmap Index Scan on k_2  (cost=0.00..5.38 rows=94 width=0)
	        Index Cond: ((k >= 3195415) AND (k <= 3195515))

table 3 : explain SELECT k, c FROM sbtest3 WHERE k BETWEEN 3195415 AND 3195515
	Bitmap Heap Scan on sbtest3  (cost=5.47..405.13 rows=101 width=125)
	  Recheck Cond: ((k >= 3195415) AND (k <= 3195515))
	  ->  Bitmap Index Scan on k_3  (cost=0.00..5.44 rows=101 width=0)
	        Index Cond: ((k >= 3195415) AND (k <= 3195515))

table 4 : explain SELECT k, c FROM sbtest4 WHERE k BETWEEN 3195415 AND 3195515
	Bitmap Heap Scan on sbtest4  (cost=5.42..385.43 rows=96 width=125)
	  Recheck Cond: ((k >= 3195415) AND (k <= 3195515))
	  ->  Bitmap Index Scan on k_4  (cost=0.00..5.39 rows=96 width=0)
	        Index Cond: ((k >= 3195415) AND (k <= 3195515))

table 5 : explain SELECT k, c FROM sbtest5 WHERE k BETWEEN 3195415 AND 3195515
	Bitmap Heap Scan on sbtest5  (cost=5.41..381.49 rows=95 width=125)
	  Recheck Cond: ((k >= 3195415) AND (k <= 3195515))
	  ->  Bitmap Index Scan on k_5  (cost=0.00..5.38 rows=95 width=0)
	        Index Cond: ((k >= 3195415) AND (k <= 3195515))

table 6 : explain SELECT k, c FROM sbtest6 WHERE k BETWEEN 3195415 AND 3195515
	Bitmap Heap Scan on sbtest6  (cost=5.49..413.00 rows=103 width=125)
	  Recheck Cond: ((k >= 3195415) AND (k <= 3195515))
	  ->  Bitmap Index Scan on k_6  (cost=0.00..5.46 rows=103 width=0)
	        Index Cond: ((k >= 3195415) AND (k <= 3195515))

table 7 : explain SELECT k, c FROM sbtest7 WHERE k BETWEEN 3195415 AND 3195515
	Bitmap Heap Scan on sbtest7  (cost=5.53..428.75 rows=107 width=125)
	  Recheck Cond: ((k >= 3195415) AND (k <= 3195515))
	  ->  Bitmap Index Scan on k_7  (cost=0.00..5.50 rows=107 width=0)
	        Index Cond: ((k >= 3195415) AND (k <= 3195515))

table 8 : explain SELECT k, c FROM sbtest8 WHERE k BETWEEN 3195415 AND 3195515
	Bitmap Heap Scan on sbtest8  (cost=5.38..369.67 rows=92 width=125)
	  Recheck Cond: ((k >= 3195415) AND (k <= 3195515))
	  ->  Bitmap Index Scan on k_8  (cost=0.00..5.35 rows=92 width=0)
	        Index Cond: ((k >= 3195415) AND (k <= 3195515))

explain: for range-notcovered :: explain SELECT k, c FROM sbtest%d WHERE k BETWEEN 3195415 AND 3195515
for range-notcovered
table 1 : explain SELECT k, c FROM sbtest1 WHERE k BETWEEN 4833028 AND 4833128
	Bitmap Heap Scan on sbtest1  (cost=5.51..420.88 rows=105 width=125)
	  Recheck Cond: ((k >= 4833028) AND (k <= 4833128))
	  ->  Bitmap Index Scan on k_1  (cost=0.00..5.48 rows=105 width=0)
	        Index Cond: ((k >= 4833028) AND (k <= 4833128))

table 2 : explain SELECT k, c FROM sbtest2 WHERE k BETWEEN 4833028 AND 4833128
	Bitmap Heap Scan on sbtest2  (cost=5.51..420.88 rows=105 width=125)
	  Recheck Cond: ((k >= 4833028) AND (k <= 4833128))
	  ->  Bitmap Index Scan on k_2  (cost=0.00..5.48 rows=105 width=0)
	        Index Cond: ((k >= 4833028) AND (k <= 4833128))

table 3 : explain SELECT k, c FROM sbtest3 WHERE k BETWEEN 4833028 AND 4833128
	Bitmap Heap Scan on sbtest3  (cost=5.38..369.67 rows=92 width=125)
	  Recheck Cond: ((k >= 4833028) AND (k <= 4833128))
	  ->  Bitmap Index Scan on k_3  (cost=0.00..5.35 rows=92 width=0)
	        Index Cond: ((k >= 4833028) AND (k <= 4833128))

table 4 : explain SELECT k, c FROM sbtest4 WHERE k BETWEEN 4833028 AND 4833128
	Bitmap Heap Scan on sbtest4  (cost=5.45..397.25 rows=99 width=125)
	  Recheck Cond: ((k >= 4833028) AND (k <= 4833128))
	  ->  Bitmap Index Scan on k_4  (cost=0.00..5.42 rows=99 width=0)
	        Index Cond: ((k >= 4833028) AND (k <= 4833128))

table 5 : explain SELECT k, c FROM sbtest5 WHERE k BETWEEN 4833028 AND 4833128
	Bitmap Heap Scan on sbtest5  (cost=5.47..405.13 rows=101 width=125)
	  Recheck Cond: ((k >= 4833028) AND (k <= 4833128))
	  ->  Bitmap Index Scan on k_5  (cost=0.00..5.44 rows=101 width=0)
	        Index Cond: ((k >= 4833028) AND (k <= 4833128))

table 6 : explain SELECT k, c FROM sbtest6 WHERE k BETWEEN 4833028 AND 4833128
	Bitmap Heap Scan on sbtest6  (cost=5.52..424.81 rows=106 width=125)
	  Recheck Cond: ((k >= 4833028) AND (k <= 4833128))
	  ->  Bitmap Index Scan on k_6  (cost=0.00..5.50 rows=106 width=0)
	        Index Cond: ((k >= 4833028) AND (k <= 4833128))

table 7 : explain SELECT k, c FROM sbtest7 WHERE k BETWEEN 4833028 AND 4833128
	Bitmap Heap Scan on sbtest7  (cost=5.56..440.56 rows=110 width=125)
	  Recheck Cond: ((k >= 4833028) AND (k <= 4833128))
	  ->  Bitmap Index Scan on k_7  (cost=0.00..5.53 rows=110 width=0)
	        Index Cond: ((k >= 4833028) AND (k <= 4833128))

table 8 : explain SELECT k, c FROM sbtest8 WHERE k BETWEEN 4833028 AND 4833128
	Bitmap Heap Scan on sbtest8  (cost=5.48..409.07 rows=102 width=125)
	  Recheck Cond: ((k >= 4833028) AND (k <= 4833128))
	  ->  Bitmap Index Scan on k_8  (cost=0.00..5.45 rows=102 width=0)
	        Index Cond: ((k >= 4833028) AND (k <= 4833128))

for range-notcovered
table 1 : explain SELECT k, c FROM sbtest1 WHERE k BETWEEN 6609628 AND 6609728
	Bitmap Heap Scan on sbtest1  (cost=5.41..381.49 rows=95 width=125)
	  Recheck Cond: ((k >= 6609628) AND (k <= 6609728))
	  ->  Bitmap Index Scan on k_1  (cost=0.00..5.38 rows=95 width=0)
	        Index Cond: ((k >= 6609628) AND (k <= 6609728))

table 2 : explain SELECT k, c FROM sbtest2 WHERE k BETWEEN 6609628 AND 6609728
	Bitmap Heap Scan on sbtest2  (cost=5.51..420.88 rows=105 width=125)
	  Recheck Cond: ((k >= 6609628) AND (k <= 6609728))
	  ->  Bitmap Index Scan on k_2  (cost=0.00..5.48 rows=105 width=0)
	        Index Cond: ((k >= 6609628) AND (k <= 6609728))

table 3 : explain SELECT k, c FROM sbtest3 WHERE k BETWEEN 6609628 AND 6609728
	Bitmap Heap Scan on sbtest3  (cost=5.49..413.00 rows=103 width=125)
	  Recheck Cond: ((k >= 6609628) AND (k <= 6609728))
	  ->  Bitmap Index Scan on k_3  (cost=0.00..5.46 rows=103 width=0)
	        Index Cond: ((k >= 6609628) AND (k <= 6609728))

table 4 : explain SELECT k, c FROM sbtest4 WHERE k BETWEEN 6609628 AND 6609728
	Bitmap Heap Scan on sbtest4  (cost=5.49..413.00 rows=103 width=125)
	  Recheck Cond: ((k >= 6609628) AND (k <= 6609728))
	  ->  Bitmap Index Scan on k_4  (cost=0.00..5.46 rows=103 width=0)
	        Index Cond: ((k >= 6609628) AND (k <= 6609728))

table 5 : explain SELECT k, c FROM sbtest5 WHERE k BETWEEN 6609628 AND 6609728
	Bitmap Heap Scan on sbtest5  (cost=5.59..452.36 rows=113 width=125)
	  Recheck Cond: ((k >= 6609628) AND (k <= 6609728))
	  ->  Bitmap Index Scan on k_5  (cost=0.00..5.56 rows=113 width=0)
	        Index Cond: ((k >= 6609628) AND (k <= 6609728))

table 6 : explain SELECT k, c FROM sbtest6 WHERE k BETWEEN 6609628 AND 6609728
	Bitmap Heap Scan on sbtest6  (cost=5.46..401.19 rows=100 width=125)
	  Recheck Cond: ((k >= 6609628) AND (k <= 6609728))
	  ->  Bitmap Index Scan on k_6  (cost=0.00..5.43 rows=100 width=0)
	        Index Cond: ((k >= 6609628) AND (k <= 6609728))

table 7 : explain SELECT k, c FROM sbtest7 WHERE k BETWEEN 6609628 AND 6609728
	Bitmap Heap Scan on sbtest7  (cost=5.49..413.00 rows=103 width=125)
	  Recheck Cond: ((k >= 6609628) AND (k <= 6609728))
	  ->  Bitmap Index Scan on k_7  (cost=0.00..5.46 rows=103 width=0)
	        Index Cond: ((k >= 6609628) AND (k <= 6609728))

table 8 : explain SELECT k, c FROM sbtest8 WHERE k BETWEEN 6609628 AND 6609728
	Bitmap Heap Scan on sbtest8  (cost=5.60..456.29 rows=114 width=125)
	  Recheck Cond: ((k >= 6609628) AND (k <= 6609728))
	  ->  Bitmap Index Scan on k_8  (cost=0.00..5.58 rows=114 width=0)
	        Index Cond: ((k >= 6609628) AND (k <= 6609728))

explain: for range-notcovered :: explain SELECT k, c FROM sbtest%d WHERE k BETWEEN 4833028 AND 4833128
explain: for range-notcovered :: explain SELECT k, c FROM sbtest%d WHERE k BETWEEN 6609628 AND 6609728
for range-notcovered
table 1 : explain SELECT k, c FROM sbtest1 WHERE k BETWEEN 3982380 AND 3982480
	Bitmap Heap Scan on sbtest1  (cost=5.47..405.13 rows=101 width=125)
	  Recheck Cond: ((k >= 3982380) AND (k <= 3982480))
	  ->  Bitmap Index Scan on k_1  (cost=0.00..5.44 rows=101 width=0)
	        Index Cond: ((k >= 3982380) AND (k <= 3982480))

table 2 : explain SELECT k, c FROM sbtest2 WHERE k BETWEEN 3982380 AND 3982480
	Bitmap Heap Scan on sbtest2  (cost=5.54..432.69 rows=108 width=125)
	  Recheck Cond: ((k >= 3982380) AND (k <= 3982480))
	  ->  Bitmap Index Scan on k_2  (cost=0.00..5.51 rows=108 width=0)
	        Index Cond: ((k >= 3982380) AND (k <= 3982480))

table 3 : explain SELECT k, c FROM sbtest3 WHERE k BETWEEN 3982380 AND 3982480
	Bitmap Heap Scan on sbtest3  (cost=5.46..401.19 rows=100 width=125)
	  Recheck Cond: ((k >= 3982380) AND (k <= 3982480))
	  ->  Bitmap Index Scan on k_3  (cost=0.00..5.43 rows=100 width=0)
	        Index Cond: ((k >= 3982380) AND (k <= 3982480))

table 4 : explain SELECT k, c FROM sbtest4 WHERE k BETWEEN 3982380 AND 3982480
	Bitmap Heap Scan on sbtest4  (cost=5.58..448.42 rows=112 width=125)
	  Recheck Cond: ((k >= 3982380) AND (k <= 3982480))
	  ->  Bitmap Index Scan on k_4  (cost=0.00..5.55 rows=112 width=0)
	        Index Cond: ((k >= 3982380) AND (k <= 3982480))

table 5 : explain SELECT k, c FROM sbtest5 WHERE k BETWEEN 3982380 AND 3982480
	Bitmap Heap Scan on sbtest5  (cost=5.47..405.13 rows=101 width=125)
	  Recheck Cond: ((k >= 3982380) AND (k <= 3982480))
	  ->  Bitmap Index Scan on k_5  (cost=0.00..5.44 rows=101 width=0)
	        Index Cond: ((k >= 3982380) AND (k <= 3982480))

table 6 : explain SELECT k, c FROM sbtest6 WHERE k BETWEEN 3982380 AND 3982480
	Bitmap Heap Scan on sbtest6  (cost=5.44..393.31 rows=98 width=125)
	  Recheck Cond: ((k >= 3982380) AND (k <= 3982480))
	  ->  Bitmap Index Scan on k_6  (cost=0.00..5.42 rows=98 width=0)
	        Index Cond: ((k >= 3982380) AND (k <= 3982480))

table 7 : explain SELECT k, c FROM sbtest7 WHERE k BETWEEN 3982380 AND 3982480
	Bitmap Heap Scan on sbtest7  (cost=5.45..397.25 rows=99 width=125)
	  Recheck Cond: ((k >= 3982380) AND (k <= 3982480))
	  ->  Bitmap Index Scan on k_7  (cost=0.00..5.42 rows=99 width=0)
	        Index Cond: ((k >= 3982380) AND (k <= 3982480))

table 8 : explain SELECT k, c FROM sbtest8 WHERE k BETWEEN 3982380 AND 3982480
	Bitmap Heap Scan on sbtest8  (cost=5.51..420.88 rows=105 width=125)
	  Recheck Cond: ((k >= 3982380) AND (k <= 3982480))
	  ->  Bitmap Index Scan on k_8  (cost=0.00..5.48 rows=105 width=0)
	        Index Cond: ((k >= 3982380) AND (k <= 3982480))

for range-notcovered
table 1 : explain SELECT k, c FROM sbtest1 WHERE k BETWEEN 1834137 AND 1834237
	Bitmap Heap Scan on sbtest1  (cost=5.41..381.49 rows=95 width=125)
	  Recheck Cond: ((k >= 1834137) AND (k <= 1834237))
	  ->  Bitmap Index Scan on k_1  (cost=0.00..5.38 rows=95 width=0)
	        Index Cond: ((k >= 1834137) AND (k <= 1834237))

table 2 : explain SELECT k, c FROM sbtest2 WHERE k BETWEEN 1834137 AND 1834237
	Bitmap Heap Scan on sbtest2  (cost=5.53..428.75 rows=107 width=125)
	  Recheck Cond: ((k >= 1834137) AND (k <= 1834237))
	  ->  Bitmap Index Scan on k_2  (cost=0.00..5.50 rows=107 width=0)
	        Index Cond: ((k >= 1834137) AND (k <= 1834237))

table 3 : explain SELECT k, c FROM sbtest3 WHERE k BETWEEN 1834137 AND 1834237
	Bitmap Heap Scan on sbtest3  (cost=5.42..385.43 rows=96 width=125)
	  Recheck Cond: ((k >= 1834137) AND (k <= 1834237))
	  ->  Bitmap Index Scan on k_3  (cost=0.00..5.39 rows=96 width=0)
	        Index Cond: ((k >= 1834137) AND (k <= 1834237))

table 4 : explain SELECT k, c FROM sbtest4 WHERE k BETWEEN 1834137 AND 1834237
	Bitmap Heap Scan on sbtest4  (cost=5.49..413.00 rows=103 width=125)
	  Recheck Cond: ((k >= 1834137) AND (k <= 1834237))
	  ->  Bitmap Index Scan on k_4  (cost=0.00..5.46 rows=103 width=0)
	        Index Cond: ((k >= 1834137) AND (k <= 1834237))

table 5 : explain SELECT k, c FROM sbtest5 WHERE k BETWEEN 1834137 AND 1834237
	Bitmap Heap Scan on sbtest5  (cost=5.54..432.69 rows=108 width=125)
	  Recheck Cond: ((k >= 1834137) AND (k <= 1834237))
	  ->  Bitmap Index Scan on k_5  (cost=0.00..5.51 rows=108 width=0)
	        Index Cond: ((k >= 1834137) AND (k <= 1834237))

table 6 : explain SELECT k, c FROM sbtest6 WHERE k BETWEEN 1834137 AND 1834237
	Bitmap Heap Scan on sbtest6  (cost=5.51..420.88 rows=105 width=125)
	  Recheck Cond: ((k >= 1834137) AND (k <= 1834237))
	  ->  Bitmap Index Scan on k_6  (cost=0.00..5.48 rows=105 width=0)
	        Index Cond: ((k >= 1834137) AND (k <= 1834237))

table 7 : explain SELECT k, c FROM sbtest7 WHERE k BETWEEN 1834137 AND 1834237
	Bitmap Heap Scan on sbtest7  (cost=5.50..416.94 rows=104 width=125)
	  Recheck Cond: ((k >= 1834137) AND (k <= 1834237))
	  ->  Bitmap Index Scan on k_7  (cost=0.00..5.47 rows=104 width=0)
	        Index Cond: ((k >= 1834137) AND (k <= 1834237))

table 8 : explain SELECT k, c FROM sbtest8 WHERE k BETWEEN 1834137 AND 1834237
	Bitmap Heap Scan on sbtest8  (cost=5.54..432.69 rows=108 width=125)
	  Recheck Cond: ((k >= 1834137) AND (k <= 1834237))
	  ->  Bitmap Index Scan on k_8  (cost=0.00..5.51 rows=108 width=0)
	        Index Cond: ((k >= 1834137) AND (k <= 1834237))

for range-notcovered
table 1 : explain SELECT k, c FROM sbtest1 WHERE k BETWEEN 4883326 AND 4883426
	Bitmap Heap Scan on sbtest1  (cost=5.53..428.75 rows=107 width=125)
	  Recheck Cond: ((k >= 4883326) AND (k <= 4883426))
	  ->  Bitmap Index Scan on k_1  (cost=0.00..5.50 rows=107 width=0)
	        Index Cond: ((k >= 4883326) AND (k <= 4883426))

table 2 : explain SELECT k, c FROM sbtest2 WHERE k BETWEEN 4883326 AND 4883426
	Bitmap Heap Scan on sbtest2  (cost=5.51..420.88 rows=105 width=125)
	  Recheck Cond: ((k >= 4883326) AND (k <= 4883426))
	  ->  Bitmap Index Scan on k_2  (cost=0.00..5.48 rows=105 width=0)
	        Index Cond: ((k >= 4883326) AND (k <= 4883426))

table 3 : explain SELECT k, c FROM sbtest3 WHERE k BETWEEN 4883326 AND 4883426
	Bitmap Heap Scan on sbtest3  (cost=5.38..369.67 rows=92 width=125)
	  Recheck Cond: ((k >= 4883326) AND (k <= 4883426))
	  ->  Bitmap Index Scan on k_3  (cost=0.00..5.35 rows=92 width=0)
	        Index Cond: ((k >= 4883326) AND (k <= 4883426))

table 4 : explain SELECT k, c FROM sbtest4 WHERE k BETWEEN 4883326 AND 4883426
	Bitmap Heap Scan on sbtest4  (cost=5.52..424.81 rows=106 width=125)
	  Recheck Cond: ((k >= 4883326) AND (k <= 4883426))
	  ->  Bitmap Index Scan on k_4  (cost=0.00..5.50 rows=106 width=0)
	        Index Cond: ((k >= 4883326) AND (k <= 4883426))

table 5 : explain SELECT k, c FROM sbtest5 WHERE k BETWEEN 4883326 AND 4883426
	Bitmap Heap Scan on sbtest5  (cost=5.47..405.13 rows=101 width=125)
	  Recheck Cond: ((k >= 4883326) AND (k <= 4883426))
	  ->  Bitmap Index Scan on k_5  (cost=0.00..5.44 rows=101 width=0)
	        Index Cond: ((k >= 4883326) AND (k <= 4883426))

table 6 : explain SELECT k, c FROM sbtest6 WHERE k BETWEEN 4883326 AND 4883426
	Bitmap Heap Scan on sbtest6  (cost=5.52..424.81 rows=106 width=125)
	  Recheck Cond: ((k >= 4883326) AND (k <= 4883426))
	  ->  Bitmap Index Scan on k_6  (cost=0.00..5.50 rows=106 width=0)
	        Index Cond: ((k >= 4883326) AND (k <= 4883426))

table 7 : explain SELECT k, c FROM sbtest7 WHERE k BETWEEN 4883326 AND 4883426
	Bitmap Heap Scan on sbtest7  (cost=5.44..393.31 rows=98 width=125)
	  Recheck Cond: ((k >= 4883326) AND (k <= 4883426))
	  ->  Bitmap Index Scan on k_7  (cost=0.00..5.42 rows=98 width=0)
	        Index Cond: ((k >= 4883326) AND (k <= 4883426))

table 8 : explain SELECT k, c FROM sbtest8 WHERE k BETWEEN 4883326 AND 4883426
	Bitmap Heap Scan on sbtest8  (cost=5.48..409.07 rows=102 width=125)
	  Recheck Cond: ((k >= 4883326) AND (k <= 4883426))
	  ->  Bitmap Index Scan on k_8  (cost=0.00..5.45 rows=102 width=0)
	        Index Cond: ((k >= 4883326) AND (k <= 4883426))

explain: for range-notcovered :: explain SELECT k, c FROM sbtest%d WHERE k BETWEEN 3982380 AND 3982480
explain: for range-notcovered :: explain SELECT k, c FROM sbtest%d WHERE k BETWEEN 4883326 AND 4883426
for range-notcovered
table 1 : explain SELECT k, c FROM sbtest1 WHERE k BETWEEN 2726962 AND 2727062
	Bitmap Heap Scan on sbtest1  (cost=5.47..405.13 rows=101 width=125)
	  Recheck Cond: ((k >= 2726962) AND (k <= 2727062))
	  ->  Bitmap Index Scan on k_1  (cost=0.00..5.44 rows=101 width=0)
	        Index Cond: ((k >= 2726962) AND (k <= 2727062))

table 2 : explain SELECT k, c FROM sbtest2 WHERE k BETWEEN 2726962 AND 2727062
	Bitmap Heap Scan on sbtest2  (cost=5.41..381.49 rows=95 width=125)
	  Recheck Cond: ((k >= 2726962) AND (k <= 2727062))
	  ->  Bitmap Index Scan on k_2  (cost=0.00..5.38 rows=95 width=0)
	        Index Cond: ((k >= 2726962) AND (k <= 2727062))

table 3 : explain SELECT k, c FROM sbtest3 WHERE k BETWEEN 2726962 AND 2727062
	Bitmap Heap Scan on sbtest3  (cost=5.47..405.13 rows=101 width=125)
	  Recheck Cond: ((k >= 2726962) AND (k <= 2727062))
	  ->  Bitmap Index Scan on k_3  (cost=0.00..5.44 rows=101 width=0)
	        Index Cond: ((k >= 2726962) AND (k <= 2727062))

table 4 : explain SELECT k, c FROM sbtest4 WHERE k BETWEEN 2726962 AND 2727062
	Bitmap Heap Scan on sbtest4  (cost=5.41..381.49 rows=95 width=125)
	  Recheck Cond: ((k >= 2726962) AND (k <= 2727062))
	  ->  Bitmap Index Scan on k_4  (cost=0.00..5.38 rows=95 width=0)
	        Index Cond: ((k >= 2726962) AND (k <= 2727062))

table 5 : explain SELECT k, c FROM sbtest5 WHERE k BETWEEN 2726962 AND 2727062
	Bitmap Heap Scan on sbtest5  (cost=5.46..401.19 rows=100 width=125)
	  Recheck Cond: ((k >= 2726962) AND (k <= 2727062))
	  ->  Bitmap Index Scan on k_5  (cost=0.00..5.43 rows=100 width=0)
	        Index Cond: ((k >= 2726962) AND (k <= 2727062))

table 6 : explain SELECT k, c FROM sbtest6 WHERE k BETWEEN 2726962 AND 2727062
	Bitmap Heap Scan on sbtest6  (cost=5.47..405.13 rows=101 width=125)
	  Recheck Cond: ((k >= 2726962) AND (k <= 2727062))
	  ->  Bitmap Index Scan on k_6  (cost=0.00..5.44 rows=101 width=0)
	        Index Cond: ((k >= 2726962) AND (k <= 2727062))

table 7 : explain SELECT k, c FROM sbtest7 WHERE k BETWEEN 2726962 AND 2727062
	Bitmap Heap Scan on sbtest7  (cost=5.42..385.43 rows=96 width=125)
	  Recheck Cond: ((k >= 2726962) AND (k <= 2727062))
	  ->  Bitmap Index Scan on k_7  (cost=0.00..5.39 rows=96 width=0)
	        Index Cond: ((k >= 2726962) AND (k <= 2727062))

table 8 : explain SELECT k, c FROM sbtest8 WHERE k BETWEEN 2726962 AND 2727062
	Bitmap Heap Scan on sbtest8  (cost=5.47..405.13 rows=101 width=125)
	  Recheck Cond: ((k >= 2726962) AND (k <= 2727062))
	  ->  Bitmap Index Scan on k_8  (cost=0.00..5.44 rows=101 width=0)
	        Index Cond: ((k >= 2726962) AND (k <= 2727062))

explain: for range-notcovered :: explain SELECT k, c FROM sbtest%d WHERE k BETWEEN 2726962 AND 2727062
for range-notcovered
table 1 : explain SELECT k, c FROM sbtest1 WHERE k BETWEEN 6609628 AND 6609728
	Bitmap Heap Scan on sbtest1  (cost=5.41..381.49 rows=95 width=125)
	  Recheck Cond: ((k >= 6609628) AND (k <= 6609728))
	  ->  Bitmap Index Scan on k_1  (cost=0.00..5.38 rows=95 width=0)
	        Index Cond: ((k >= 6609628) AND (k <= 6609728))

table 2 : explain SELECT k, c FROM sbtest2 WHERE k BETWEEN 6609628 AND 6609728
	Bitmap Heap Scan on sbtest2  (cost=5.51..420.88 rows=105 width=125)
	  Recheck Cond: ((k >= 6609628) AND (k <= 6609728))
	  ->  Bitmap Index Scan on k_2  (cost=0.00..5.48 rows=105 width=0)
	        Index Cond: ((k >= 6609628) AND (k <= 6609728))

table 3 : explain SELECT k, c FROM sbtest3 WHERE k BETWEEN 6609628 AND 6609728
	Bitmap Heap Scan on sbtest3  (cost=5.49..413.00 rows=103 width=125)
	  Recheck Cond: ((k >= 6609628) AND (k <= 6609728))
	  ->  Bitmap Index Scan on k_3  (cost=0.00..5.46 rows=103 width=0)
	        Index Cond: ((k >= 6609628) AND (k <= 6609728))

table 4 : explain SELECT k, c FROM sbtest4 WHERE k BETWEEN 6609628 AND 6609728
	Bitmap Heap Scan on sbtest4  (cost=5.49..413.00 rows=103 width=125)
	  Recheck Cond: ((k >= 6609628) AND (k <= 6609728))
	  ->  Bitmap Index Scan on k_4  (cost=0.00..5.46 rows=103 width=0)
	        Index Cond: ((k >= 6609628) AND (k <= 6609728))

table 5 : explain SELECT k, c FROM sbtest5 WHERE k BETWEEN 6609628 AND 6609728
	Bitmap Heap Scan on sbtest5  (cost=5.59..452.36 rows=113 width=125)
	  Recheck Cond: ((k >= 6609628) AND (k <= 6609728))
	  ->  Bitmap Index Scan on k_5  (cost=0.00..5.56 rows=113 width=0)
	        Index Cond: ((k >= 6609628) AND (k <= 6609728))

table 6 : explain SELECT k, c FROM sbtest6 WHERE k BETWEEN 6609628 AND 6609728
	Bitmap Heap Scan on sbtest6  (cost=5.46..401.19 rows=100 width=125)
	  Recheck Cond: ((k >= 6609628) AND (k <= 6609728))
	  ->  Bitmap Index Scan on k_6  (cost=0.00..5.43 rows=100 width=0)
	        Index Cond: ((k >= 6609628) AND (k <= 6609728))

table 7 : explain SELECT k, c FROM sbtest7 WHERE k BETWEEN 6609628 AND 6609728
	Bitmap Heap Scan on sbtest7  (cost=5.49..413.00 rows=103 width=125)
	  Recheck Cond: ((k >= 6609628) AND (k <= 6609728))
	  ->  Bitmap Index Scan on k_7  (cost=0.00..5.46 rows=103 width=0)
	        Index Cond: ((k >= 6609628) AND (k <= 6609728))

table 8 : explain SELECT k, c FROM sbtest8 WHERE k BETWEEN 6609628 AND 6609728
	Bitmap Heap Scan on sbtest8  (cost=5.60..456.29 rows=114 width=125)
	  Recheck Cond: ((k >= 6609628) AND (k <= 6609728))
	  ->  Bitmap Index Scan on k_8  (cost=0.00..5.58 rows=114 width=0)
	        Index Cond: ((k >= 6609628) AND (k <= 6609728))

for range-notcovered
table 1 : explain SELECT k, c FROM sbtest1 WHERE k BETWEEN 4833028 AND 4833128
	Bitmap Heap Scan on sbtest1  (cost=5.51..420.88 rows=105 width=125)
	  Recheck Cond: ((k >= 4833028) AND (k <= 4833128))
	  ->  Bitmap Index Scan on k_1  (cost=0.00..5.48 rows=105 width=0)
	        Index Cond: ((k >= 4833028) AND (k <= 4833128))

table 2 : explain SELECT k, c FROM sbtest2 WHERE k BETWEEN 4833028 AND 4833128
	Bitmap Heap Scan on sbtest2  (cost=5.51..420.88 rows=105 width=125)
	  Recheck Cond: ((k >= 4833028) AND (k <= 4833128))
	  ->  Bitmap Index Scan on k_2  (cost=0.00..5.48 rows=105 width=0)
	        Index Cond: ((k >= 4833028) AND (k <= 4833128))

table 3 : explain SELECT k, c FROM sbtest3 WHERE k BETWEEN 4833028 AND 4833128
	Bitmap Heap Scan on sbtest3  (cost=5.38..369.67 rows=92 width=125)
	  Recheck Cond: ((k >= 4833028) AND (k <= 4833128))
	  ->  Bitmap Index Scan on k_3  (cost=0.00..5.35 rows=92 width=0)
	        Index Cond: ((k >= 4833028) AND (k <= 4833128))

table 4 : explain SELECT k, c FROM sbtest4 WHERE k BETWEEN 4833028 AND 4833128
	Bitmap Heap Scan on sbtest4  (cost=5.45..397.25 rows=99 width=125)
	  Recheck Cond: ((k >= 4833028) AND (k <= 4833128))
	  ->  Bitmap Index Scan on k_4  (cost=0.00..5.42 rows=99 width=0)
	        Index Cond: ((k >= 4833028) AND (k <= 4833128))

table 5 : explain SELECT k, c FROM sbtest5 WHERE k BETWEEN 4833028 AND 4833128
	Bitmap Heap Scan on sbtest5  (cost=5.47..405.13 rows=101 width=125)
	  Recheck Cond: ((k >= 4833028) AND (k <= 4833128))
	  ->  Bitmap Index Scan on k_5  (cost=0.00..5.44 rows=101 width=0)
	        Index Cond: ((k >= 4833028) AND (k <= 4833128))

table 6 : explain SELECT k, c FROM sbtest6 WHERE k BETWEEN 4833028 AND 4833128
	Bitmap Heap Scan on sbtest6  (cost=5.52..424.81 rows=106 width=125)
	  Recheck Cond: ((k >= 4833028) AND (k <= 4833128))
	  ->  Bitmap Index Scan on k_6  (cost=0.00..5.50 rows=106 width=0)
	        Index Cond: ((k >= 4833028) AND (k <= 4833128))

table 7 : explain SELECT k, c FROM sbtest7 WHERE k BETWEEN 4833028 AND 4833128
	Bitmap Heap Scan on sbtest7  (cost=5.56..440.56 rows=110 width=125)
	  Recheck Cond: ((k >= 4833028) AND (k <= 4833128))
	  ->  Bitmap Index Scan on k_7  (cost=0.00..5.53 rows=110 width=0)
	        Index Cond: ((k >= 4833028) AND (k <= 4833128))

table 8 : explain SELECT k, c FROM sbtest8 WHERE k BETWEEN 4833028 AND 4833128
	Bitmap Heap Scan on sbtest8  (cost=5.48..409.07 rows=102 width=125)
	  Recheck Cond: ((k >= 4833028) AND (k <= 4833128))
	  ->  Bitmap Index Scan on k_8  (cost=0.00..5.45 rows=102 width=0)
	        Index Cond: ((k >= 4833028) AND (k <= 4833128))

explain: for range-notcovered :: explain SELECT k, c FROM sbtest%d WHERE k BETWEEN 6609628 AND 6609728
explain: for range-notcovered :: explain SELECT k, c FROM sbtest%d WHERE k BETWEEN 4833028 AND 4833128
explain: for range-notcovered :: explain SELECT k, c FROM sbtest%d WHERE k BETWEEN 8384356 AND 8384456
for range-notcovered
table 1 : explain SELECT k, c FROM sbtest1 WHERE k BETWEEN 4883326 AND 4883426
	Bitmap Heap Scan on sbtest1  (cost=5.53..428.75 rows=107 width=125)
	  Recheck Cond: ((k >= 4883326) AND (k <= 4883426))
	  ->  Bitmap Index Scan on k_1  (cost=0.00..5.50 rows=107 width=0)
	        Index Cond: ((k >= 4883326) AND (k <= 4883426))

table 2 : explain SELECT k, c FROM sbtest2 WHERE k BETWEEN 4883326 AND 4883426
	Bitmap Heap Scan on sbtest2  (cost=5.51..420.88 rows=105 width=125)
	  Recheck Cond: ((k >= 4883326) AND (k <= 4883426))
	  ->  Bitmap Index Scan on k_2  (cost=0.00..5.48 rows=105 width=0)
	        Index Cond: ((k >= 4883326) AND (k <= 4883426))

table 3 : explain SELECT k, c FROM sbtest3 WHERE k BETWEEN 4883326 AND 4883426
	Bitmap Heap Scan on sbtest3  (cost=5.38..369.67 rows=92 width=125)
	  Recheck Cond: ((k >= 4883326) AND (k <= 4883426))
	  ->  Bitmap Index Scan on k_3  (cost=0.00..5.35 rows=92 width=0)
	        Index Cond: ((k >= 4883326) AND (k <= 4883426))

table 4 : explain SELECT k, c FROM sbtest4 WHERE k BETWEEN 4883326 AND 4883426
	Bitmap Heap Scan on sbtest4  (cost=5.52..424.81 rows=106 width=125)
	  Recheck Cond: ((k >= 4883326) AND (k <= 4883426))
	  ->  Bitmap Index Scan on k_4  (cost=0.00..5.50 rows=106 width=0)
	        Index Cond: ((k >= 4883326) AND (k <= 4883426))

table 5 : explain SELECT k, c FROM sbtest5 WHERE k BETWEEN 4883326 AND 4883426
	Bitmap Heap Scan on sbtest5  (cost=5.47..405.13 rows=101 width=125)
	  Recheck Cond: ((k >= 4883326) AND (k <= 4883426))
	  ->  Bitmap Index Scan on k_5  (cost=0.00..5.44 rows=101 width=0)
	        Index Cond: ((k >= 4883326) AND (k <= 4883426))

table 6 : explain SELECT k, c FROM sbtest6 WHERE k BETWEEN 4883326 AND 4883426
	Bitmap Heap Scan on sbtest6  (cost=5.52..424.81 rows=106 width=125)
	  Recheck Cond: ((k >= 4883326) AND (k <= 4883426))
	  ->  Bitmap Index Scan on k_6  (cost=0.00..5.50 rows=106 width=0)
	        Index Cond: ((k >= 4883326) AND (k <= 4883426))

table 7 : explain SELECT k, c FROM sbtest7 WHERE k BETWEEN 4883326 AND 4883426
	Bitmap Heap Scan on sbtest7  (cost=5.44..393.31 rows=98 width=125)
	  Recheck Cond: ((k >= 4883326) AND (k <= 4883426))
	  ->  Bitmap Index Scan on k_7  (cost=0.00..5.42 rows=98 width=0)
	        Index Cond: ((k >= 4883326) AND (k <= 4883426))

table 8 : explain SELECT k, c FROM sbtest8 WHERE k BETWEEN 4883326 AND 4883426
	Bitmap Heap Scan on sbtest8  (cost=5.48..409.07 rows=102 width=125)
	  Recheck Cond: ((k >= 4883326) AND (k <= 4883426))
	  ->  Bitmap Index Scan on k_8  (cost=0.00..5.45 rows=102 width=0)
	        Index Cond: ((k >= 4883326) AND (k <= 4883426))

for range-notcovered
table 1 : explain SELECT k, c FROM sbtest1 WHERE k BETWEEN 3982380 AND 3982480
	Bitmap Heap Scan on sbtest1  (cost=5.47..405.13 rows=101 width=125)
	  Recheck Cond: ((k >= 3982380) AND (k <= 3982480))
	  ->  Bitmap Index Scan on k_1  (cost=0.00..5.44 rows=101 width=0)
	        Index Cond: ((k >= 3982380) AND (k <= 3982480))

table 2 : explain SELECT k, c FROM sbtest2 WHERE k BETWEEN 3982380 AND 3982480
	Bitmap Heap Scan on sbtest2  (cost=5.54..432.69 rows=108 width=125)
	  Recheck Cond: ((k >= 3982380) AND (k <= 3982480))
	  ->  Bitmap Index Scan on k_2  (cost=0.00..5.51 rows=108 width=0)
	        Index Cond: ((k >= 3982380) AND (k <= 3982480))

table 3 : explain SELECT k, c FROM sbtest3 WHERE k BETWEEN 3982380 AND 3982480
	Bitmap Heap Scan on sbtest3  (cost=5.46..401.19 rows=100 width=125)
	  Recheck Cond: ((k >= 3982380) AND (k <= 3982480))
	  ->  Bitmap Index Scan on k_3  (cost=0.00..5.43 rows=100 width=0)
	        Index Cond: ((k >= 3982380) AND (k <= 3982480))

table 4 : explain SELECT k, c FROM sbtest4 WHERE k BETWEEN 3982380 AND 3982480
	Bitmap Heap Scan on sbtest4  (cost=5.58..448.42 rows=112 width=125)
	  Recheck Cond: ((k >= 3982380) AND (k <= 3982480))
	  ->  Bitmap Index Scan on k_4  (cost=0.00..5.55 rows=112 width=0)
	        Index Cond: ((k >= 3982380) AND (k <= 3982480))

table 5 : explain SELECT k, c FROM sbtest5 WHERE k BETWEEN 3982380 AND 3982480
	Bitmap Heap Scan on sbtest5  (cost=5.47..405.13 rows=101 width=125)
	  Recheck Cond: ((k >= 3982380) AND (k <= 3982480))
	  ->  Bitmap Index Scan on k_5  (cost=0.00..5.44 rows=101 width=0)
	        Index Cond: ((k >= 3982380) AND (k <= 3982480))

table 6 : explain SELECT k, c FROM sbtest6 WHERE k BETWEEN 3982380 AND 3982480
	Bitmap Heap Scan on sbtest6  (cost=5.44..393.31 rows=98 width=125)
	  Recheck Cond: ((k >= 3982380) AND (k <= 3982480))
	  ->  Bitmap Index Scan on k_6  (cost=0.00..5.42 rows=98 width=0)
	        Index Cond: ((k >= 3982380) AND (k <= 3982480))

table 7 : explain SELECT k, c FROM sbtest7 WHERE k BETWEEN 3982380 AND 3982480
	Bitmap Heap Scan on sbtest7  (cost=5.45..397.25 rows=99 width=125)
	  Recheck Cond: ((k >= 3982380) AND (k <= 3982480))
	  ->  Bitmap Index Scan on k_7  (cost=0.00..5.42 rows=99 width=0)
	        Index Cond: ((k >= 3982380) AND (k <= 3982480))

table 8 : explain SELECT k, c FROM sbtest8 WHERE k BETWEEN 3982380 AND 3982480
	Bitmap Heap Scan on sbtest8  (cost=5.51..420.88 rows=105 width=125)
	  Recheck Cond: ((k >= 3982380) AND (k <= 3982480))
	  ->  Bitmap Index Scan on k_8  (cost=0.00..5.48 rows=105 width=0)
	        Index Cond: ((k >= 3982380) AND (k <= 3982480))

explain: for range-notcovered :: explain SELECT k, c FROM sbtest%d WHERE k BETWEEN 4883326 AND 4883426
explain: for range-notcovered :: explain SELECT k, c FROM sbtest%d WHERE k BETWEEN 3982380 AND 3982480
for range-notcovered
table 1 : explain SELECT k, c FROM sbtest1 WHERE k BETWEEN 3195415 AND 3195515
	Bitmap Heap Scan on sbtest1  (cost=5.47..405.13 rows=101 width=125)
	  Recheck Cond: ((k >= 3195415) AND (k <= 3195515))
	  ->  Bitmap Index Scan on k_1  (cost=0.00..5.44 rows=101 width=0)
	        Index Cond: ((k >= 3195415) AND (k <= 3195515))

table 2 : explain SELECT k, c FROM sbtest2 WHERE k BETWEEN 3195415 AND 3195515
	Bitmap Heap Scan on sbtest2  (cost=5.40..377.55 rows=94 width=125)
	  Recheck Cond: ((k >= 3195415) AND (k <= 3195515))
	  ->  Bitmap Index Scan on k_2  (cost=0.00..5.38 rows=94 width=0)
	        Index Cond: ((k >= 3195415) AND (k <= 3195515))

table 3 : explain SELECT k, c FROM sbtest3 WHERE k BETWEEN 3195415 AND 3195515
	Bitmap Heap Scan on sbtest3  (cost=5.47..405.13 rows=101 width=125)
	  Recheck Cond: ((k >= 3195415) AND (k <= 3195515))
	  ->  Bitmap Index Scan on k_3  (cost=0.00..5.44 rows=101 width=0)
	        Index Cond: ((k >= 3195415) AND (k <= 3195515))

table 4 : explain SELECT k, c FROM sbtest4 WHERE k BETWEEN 3195415 AND 3195515
	Bitmap Heap Scan on sbtest4  (cost=5.42..385.43 rows=96 width=125)
	  Recheck Cond: ((k >= 3195415) AND (k <= 3195515))
	  ->  Bitmap Index Scan on k_4  (cost=0.00..5.39 rows=96 width=0)
	        Index Cond: ((k >= 3195415) AND (k <= 3195515))

table 5 : explain SELECT k, c FROM sbtest5 WHERE k BETWEEN 3195415 AND 3195515
	Bitmap Heap Scan on sbtest5  (cost=5.41..381.49 rows=95 width=125)
	  Recheck Cond: ((k >= 3195415) AND (k <= 3195515))
	  ->  Bitmap Index Scan on k_5  (cost=0.00..5.38 rows=95 width=0)
	        Index Cond: ((k >= 3195415) AND (k <= 3195515))

table 6 : explain SELECT k, c FROM sbtest6 WHERE k BETWEEN 3195415 AND 3195515
	Bitmap Heap Scan on sbtest6  (cost=5.49..413.00 rows=103 width=125)
	  Recheck Cond: ((k >= 3195415) AND (k <= 3195515))
	  ->  Bitmap Index Scan on k_6  (cost=0.00..5.46 rows=103 width=0)
	        Index Cond: ((k >= 3195415) AND (k <= 3195515))

table 7 : explain SELECT k, c FROM sbtest7 WHERE k BETWEEN 3195415 AND 3195515
	Bitmap Heap Scan on sbtest7  (cost=5.53..428.75 rows=107 width=125)
	  Recheck Cond: ((k >= 3195415) AND (k <= 3195515))
	  ->  Bitmap Index Scan on k_7  (cost=0.00..5.50 rows=107 width=0)
	        Index Cond: ((k >= 3195415) AND (k <= 3195515))

table 8 : explain SELECT k, c FROM sbtest8 WHERE k BETWEEN 3195415 AND 3195515
	Bitmap Heap Scan on sbtest8  (cost=5.38..369.67 rows=92 width=125)
	  Recheck Cond: ((k >= 3195415) AND (k <= 3195515))
	  ->  Bitmap Index Scan on k_8  (cost=0.00..5.35 rows=92 width=0)
	        Index Cond: ((k >= 3195415) AND (k <= 3195515))

for range-notcovered
table 1 : explain SELECT k, c FROM sbtest1 WHERE k BETWEEN 9872678 AND 9872778
	Bitmap Heap Scan on sbtest1  (cost=5.45..397.25 rows=99 width=125)
	  Recheck Cond: ((k >= 9872678) AND (k <= 9872778))
	  ->  Bitmap Index Scan on k_1  (cost=0.00..5.42 rows=99 width=0)
	        Index Cond: ((k >= 9872678) AND (k <= 9872778))

table 2 : explain SELECT k, c FROM sbtest2 WHERE k BETWEEN 9872678 AND 9872778
	Bitmap Heap Scan on sbtest2  (cost=5.47..405.13 rows=101 width=125)
	  Recheck Cond: ((k >= 9872678) AND (k <= 9872778))
	  ->  Bitmap Index Scan on k_2  (cost=0.00..5.44 rows=101 width=0)
	        Index Cond: ((k >= 9872678) AND (k <= 9872778))

table 3 : explain SELECT k, c FROM sbtest3 WHERE k BETWEEN 9872678 AND 9872778
	Bitmap Heap Scan on sbtest3  (cost=5.44..393.31 rows=98 width=125)
	  Recheck Cond: ((k >= 9872678) AND (k <= 9872778))
	  ->  Bitmap Index Scan on k_3  (cost=0.00..5.42 rows=98 width=0)
	        Index Cond: ((k >= 9872678) AND (k <= 9872778))

table 4 : explain SELECT k, c FROM sbtest4 WHERE k BETWEEN 9872678 AND 9872778
	Bitmap Heap Scan on sbtest4  (cost=5.60..456.29 rows=114 width=125)
	  Recheck Cond: ((k >= 9872678) AND (k <= 9872778))
	  ->  Bitmap Index Scan on k_4  (cost=0.00..5.58 rows=114 width=0)
	        Index Cond: ((k >= 9872678) AND (k <= 9872778))

table 5 : explain SELECT k, c FROM sbtest5 WHERE k BETWEEN 9872678 AND 9872778
	Bitmap Heap Scan on sbtest5  (cost=5.45..397.25 rows=99 width=125)
	  Recheck Cond: ((k >= 9872678) AND (k <= 9872778))
	  ->  Bitmap Index Scan on k_5  (cost=0.00..5.42 rows=99 width=0)
	        Index Cond: ((k >= 9872678) AND (k <= 9872778))

table 6 : explain SELECT k, c FROM sbtest6 WHERE k BETWEEN 9872678 AND 9872778
	Bitmap Heap Scan on sbtest6  (cost=5.50..416.94 rows=104 width=125)
	  Recheck Cond: ((k >= 9872678) AND (k <= 9872778))
	  ->  Bitmap Index Scan on k_6  (cost=0.00..5.47 rows=104 width=0)
	        Index Cond: ((k >= 9872678) AND (k <= 9872778))

table 7 : explain SELECT k, c FROM sbtest7 WHERE k BETWEEN 9872678 AND 9872778
	Bitmap Heap Scan on sbtest7  (cost=5.47..405.13 rows=101 width=125)
	  Recheck Cond: ((k >= 9872678) AND (k <= 9872778))
	  ->  Bitmap Index Scan on k_7  (cost=0.00..5.44 rows=101 width=0)
	        Index Cond: ((k >= 9872678) AND (k <= 9872778))

table 8 : explain SELECT k, c FROM sbtest8 WHERE k BETWEEN 9872678 AND 9872778
	Bitmap Heap Scan on sbtest8  (cost=5.61..460.22 rows=115 width=125)
	  Recheck Cond: ((k >= 9872678) AND (k <= 9872778))
	  ->  Bitmap Index Scan on k_8  (cost=0.00..5.58 rows=115 width=0)
	        Index Cond: ((k >= 9872678) AND (k <= 9872778))

explain: for range-notcovered :: explain SELECT k, c FROM sbtest%d WHERE k BETWEEN 3195415 AND 3195515
for range-notcovered
table 1 : explain SELECT k, c FROM sbtest1 WHERE k BETWEEN 4833028 AND 4833128
	Bitmap Heap Scan on sbtest1  (cost=5.51..420.88 rows=105 width=125)
	  Recheck Cond: ((k >= 4833028) AND (k <= 4833128))
	  ->  Bitmap Index Scan on k_1  (cost=0.00..5.48 rows=105 width=0)
	        Index Cond: ((k >= 4833028) AND (k <= 4833128))

table 2 : explain SELECT k, c FROM sbtest2 WHERE k BETWEEN 4833028 AND 4833128
	Bitmap Heap Scan on sbtest2  (cost=5.51..420.88 rows=105 width=125)
	  Recheck Cond: ((k >= 4833028) AND (k <= 4833128))
	  ->  Bitmap Index Scan on k_2  (cost=0.00..5.48 rows=105 width=0)
	        Index Cond: ((k >= 4833028) AND (k <= 4833128))

table 3 : explain SELECT k, c FROM sbtest3 WHERE k BETWEEN 4833028 AND 4833128
	Bitmap Heap Scan on sbtest3  (cost=5.38..369.67 rows=92 width=125)
	  Recheck Cond: ((k >= 4833028) AND (k <= 4833128))
	  ->  Bitmap Index Scan on k_3  (cost=0.00..5.35 rows=92 width=0)
	        Index Cond: ((k >= 4833028) AND (k <= 4833128))

table 4 : explain SELECT k, c FROM sbtest4 WHERE k BETWEEN 4833028 AND 4833128
	Bitmap Heap Scan on sbtest4  (cost=5.45..397.25 rows=99 width=125)
	  Recheck Cond: ((k >= 4833028) AND (k <= 4833128))
	  ->  Bitmap Index Scan on k_4  (cost=0.00..5.42 rows=99 width=0)
	        Index Cond: ((k >= 4833028) AND (k <= 4833128))

table 5 : explain SELECT k, c FROM sbtest5 WHERE k BETWEEN 4833028 AND 4833128
	Bitmap Heap Scan on sbtest5  (cost=5.47..405.13 rows=101 width=125)
	  Recheck Cond: ((k >= 4833028) AND (k <= 4833128))
	  ->  Bitmap Index Scan on k_5  (cost=0.00..5.44 rows=101 width=0)
	        Index Cond: ((k >= 4833028) AND (k <= 4833128))

table 6 : explain SELECT k, c FROM sbtest6 WHERE k BETWEEN 4833028 AND 4833128
	Bitmap Heap Scan on sbtest6  (cost=5.52..424.81 rows=106 width=125)
	  Recheck Cond: ((k >= 4833028) AND (k <= 4833128))
	  ->  Bitmap Index Scan on k_6  (cost=0.00..5.50 rows=106 width=0)
	        Index Cond: ((k >= 4833028) AND (k <= 4833128))

table 7 : explain SELECT k, c FROM sbtest7 WHERE k BETWEEN 4833028 AND 4833128
	Bitmap Heap Scan on sbtest7  (cost=5.56..440.56 rows=110 width=125)
	  Recheck Cond: ((k >= 4833028) AND (k <= 4833128))
	  ->  Bitmap Index Scan on k_7  (cost=0.00..5.53 rows=110 width=0)
	        Index Cond: ((k >= 4833028) AND (k <= 4833128))

table 8 : explain SELECT k, c FROM sbtest8 WHERE k BETWEEN 4833028 AND 4833128
	Bitmap Heap Scan on sbtest8  (cost=5.48..409.07 rows=102 width=125)
	  Recheck Cond: ((k >= 4833028) AND (k <= 4833128))
	  ->  Bitmap Index Scan on k_8  (cost=0.00..5.45 rows=102 width=0)
	        Index Cond: ((k >= 4833028) AND (k <= 4833128))

explain: for range-notcovered :: explain SELECT k, c FROM sbtest%d WHERE k BETWEEN 9872678 AND 9872778
explain: for range-notcovered :: explain SELECT k, c FROM sbtest%d WHERE k BETWEEN 4833028 AND 4833128
explain: for range-notcovered :: explain SELECT k, c FROM sbtest%d WHERE k BETWEEN 8521591 AND 8521691
for range-notcovered
table 1 : explain SELECT k, c FROM sbtest1 WHERE k BETWEEN 4883326 AND 4883426
	Bitmap Heap Scan on sbtest1  (cost=5.53..428.75 rows=107 width=125)
	  Recheck Cond: ((k >= 4883326) AND (k <= 4883426))
	  ->  Bitmap Index Scan on k_1  (cost=0.00..5.50 rows=107 width=0)
	        Index Cond: ((k >= 4883326) AND (k <= 4883426))

table 2 : explain SELECT k, c FROM sbtest2 WHERE k BETWEEN 4883326 AND 4883426
	Bitmap Heap Scan on sbtest2  (cost=5.51..420.88 rows=105 width=125)
	  Recheck Cond: ((k >= 4883326) AND (k <= 4883426))
	  ->  Bitmap Index Scan on k_2  (cost=0.00..5.48 rows=105 width=0)
	        Index Cond: ((k >= 4883326) AND (k <= 4883426))

table 3 : explain SELECT k, c FROM sbtest3 WHERE k BETWEEN 4883326 AND 4883426
	Bitmap Heap Scan on sbtest3  (cost=5.38..369.67 rows=92 width=125)
	  Recheck Cond: ((k >= 4883326) AND (k <= 4883426))
	  ->  Bitmap Index Scan on k_3  (cost=0.00..5.35 rows=92 width=0)
	        Index Cond: ((k >= 4883326) AND (k <= 4883426))

table 4 : explain SELECT k, c FROM sbtest4 WHERE k BETWEEN 4883326 AND 4883426
	Bitmap Heap Scan on sbtest4  (cost=5.52..424.81 rows=106 width=125)
	  Recheck Cond: ((k >= 4883326) AND (k <= 4883426))
	  ->  Bitmap Index Scan on k_4  (cost=0.00..5.50 rows=106 width=0)
	        Index Cond: ((k >= 4883326) AND (k <= 4883426))

table 5 : explain SELECT k, c FROM sbtest5 WHERE k BETWEEN 4883326 AND 4883426
	Bitmap Heap Scan on sbtest5  (cost=5.47..405.13 rows=101 width=125)
	  Recheck Cond: ((k >= 4883326) AND (k <= 4883426))
	  ->  Bitmap Index Scan on k_5  (cost=0.00..5.44 rows=101 width=0)
	        Index Cond: ((k >= 4883326) AND (k <= 4883426))

table 6 : explain SELECT k, c FROM sbtest6 WHERE k BETWEEN 4883326 AND 4883426
	Bitmap Heap Scan on sbtest6  (cost=5.52..424.81 rows=106 width=125)
	  Recheck Cond: ((k >= 4883326) AND (k <= 4883426))
	  ->  Bitmap Index Scan on k_6  (cost=0.00..5.50 rows=106 width=0)
	        Index Cond: ((k >= 4883326) AND (k <= 4883426))

table 7 : explain SELECT k, c FROM sbtest7 WHERE k BETWEEN 4883326 AND 4883426
	Bitmap Heap Scan on sbtest7  (cost=5.44..393.31 rows=98 width=125)
	  Recheck Cond: ((k >= 4883326) AND (k <= 4883426))
	  ->  Bitmap Index Scan on k_7  (cost=0.00..5.42 rows=98 width=0)
	        Index Cond: ((k >= 4883326) AND (k <= 4883426))

table 8 : explain SELECT k, c FROM sbtest8 WHERE k BETWEEN 4883326 AND 4883426
	Bitmap Heap Scan on sbtest8  (cost=5.48..409.07 rows=102 width=125)
	  Recheck Cond: ((k >= 4883326) AND (k <= 4883426))
	  ->  Bitmap Index Scan on k_8  (cost=0.00..5.45 rows=102 width=0)
	        Index Cond: ((k >= 4883326) AND (k <= 4883426))

for range-notcovered
table 1 : explain SELECT k, c FROM sbtest1 WHERE k BETWEEN 3982380 AND 3982480
	Bitmap Heap Scan on sbtest1  (cost=5.47..405.13 rows=101 width=125)
	  Recheck Cond: ((k >= 3982380) AND (k <= 3982480))
	  ->  Bitmap Index Scan on k_1  (cost=0.00..5.44 rows=101 width=0)
	        Index Cond: ((k >= 3982380) AND (k <= 3982480))

table 2 : explain SELECT k, c FROM sbtest2 WHERE k BETWEEN 3982380 AND 3982480
	Bitmap Heap Scan on sbtest2  (cost=5.54..432.69 rows=108 width=125)
	  Recheck Cond: ((k >= 3982380) AND (k <= 3982480))
	  ->  Bitmap Index Scan on k_2  (cost=0.00..5.51 rows=108 width=0)
	        Index Cond: ((k >= 3982380) AND (k <= 3982480))

table 3 : explain SELECT k, c FROM sbtest3 WHERE k BETWEEN 3982380 AND 3982480
	Bitmap Heap Scan on sbtest3  (cost=5.46..401.19 rows=100 width=125)
	  Recheck Cond: ((k >= 3982380) AND (k <= 3982480))
	  ->  Bitmap Index Scan on k_3  (cost=0.00..5.43 rows=100 width=0)
	        Index Cond: ((k >= 3982380) AND (k <= 3982480))

table 4 : explain SELECT k, c FROM sbtest4 WHERE k BETWEEN 3982380 AND 3982480
	Bitmap Heap Scan on sbtest4  (cost=5.58..448.42 rows=112 width=125)
	  Recheck Cond: ((k >= 3982380) AND (k <= 3982480))
	  ->  Bitmap Index Scan on k_4  (cost=0.00..5.55 rows=112 width=0)
	        Index Cond: ((k >= 3982380) AND (k <= 3982480))

table 5 : explain SELECT k, c FROM sbtest5 WHERE k BETWEEN 3982380 AND 3982480
	Bitmap Heap Scan on sbtest5  (cost=5.47..405.13 rows=101 width=125)
	  Recheck Cond: ((k >= 3982380) AND (k <= 3982480))
	  ->  Bitmap Index Scan on k_5  (cost=0.00..5.44 rows=101 width=0)
	        Index Cond: ((k >= 3982380) AND (k <= 3982480))

table 6 : explain SELECT k, c FROM sbtest6 WHERE k BETWEEN 3982380 AND 3982480
	Bitmap Heap Scan on sbtest6  (cost=5.44..393.31 rows=98 width=125)
	  Recheck Cond: ((k >= 3982380) AND (k <= 3982480))
	  ->  Bitmap Index Scan on k_6  (cost=0.00..5.42 rows=98 width=0)
	        Index Cond: ((k >= 3982380) AND (k <= 3982480))

table 7 : explain SELECT k, c FROM sbtest7 WHERE k BETWEEN 3982380 AND 3982480
	Bitmap Heap Scan on sbtest7  (cost=5.45..397.25 rows=99 width=125)
	  Recheck Cond: ((k >= 3982380) AND (k <= 3982480))
	  ->  Bitmap Index Scan on k_7  (cost=0.00..5.42 rows=99 width=0)
	        Index Cond: ((k >= 3982380) AND (k <= 3982480))

table 8 : explain SELECT k, c FROM sbtest8 WHERE k BETWEEN 3982380 AND 3982480
	Bitmap Heap Scan on sbtest8  (cost=5.51..420.88 rows=105 width=125)
	  Recheck Cond: ((k >= 3982380) AND (k <= 3982480))
	  ->  Bitmap Index Scan on k_8  (cost=0.00..5.48 rows=105 width=0)
	        Index Cond: ((k >= 3982380) AND (k <= 3982480))

explain: for range-notcovered :: explain SELECT k, c FROM sbtest%d WHERE k BETWEEN 3982380 AND 3982480
for range-notcovered
table 1 : explain SELECT k, c FROM sbtest1 WHERE k BETWEEN 3195415 AND 3195515
	Bitmap Heap Scan on sbtest1  (cost=5.47..405.13 rows=101 width=125)
	  Recheck Cond: ((k >= 3195415) AND (k <= 3195515))
	  ->  Bitmap Index Scan on k_1  (cost=0.00..5.44 rows=101 width=0)
	        Index Cond: ((k >= 3195415) AND (k <= 3195515))

table 2 : explain SELECT k, c FROM sbtest2 WHERE k BETWEEN 3195415 AND 3195515
	Bitmap Heap Scan on sbtest2  (cost=5.40..377.55 rows=94 width=125)
	  Recheck Cond: ((k >= 3195415) AND (k <= 3195515))
	  ->  Bitmap Index Scan on k_2  (cost=0.00..5.38 rows=94 width=0)
	        Index Cond: ((k >= 3195415) AND (k <= 3195515))

table 3 : explain SELECT k, c FROM sbtest3 WHERE k BETWEEN 3195415 AND 3195515
	Bitmap Heap Scan on sbtest3  (cost=5.47..405.13 rows=101 width=125)
	  Recheck Cond: ((k >= 3195415) AND (k <= 3195515))
	  ->  Bitmap Index Scan on k_3  (cost=0.00..5.44 rows=101 width=0)
	        Index Cond: ((k >= 3195415) AND (k <= 3195515))

table 4 : explain SELECT k, c FROM sbtest4 WHERE k BETWEEN 3195415 AND 3195515
	Bitmap Heap Scan on sbtest4  (cost=5.42..385.43 rows=96 width=125)
	  Recheck Cond: ((k >= 3195415) AND (k <= 3195515))
	  ->  Bitmap Index Scan on k_4  (cost=0.00..5.39 rows=96 width=0)
	        Index Cond: ((k >= 3195415) AND (k <= 3195515))

table 5 : explain SELECT k, c FROM sbtest5 WHERE k BETWEEN 3195415 AND 3195515
	Bitmap Heap Scan on sbtest5  (cost=5.41..381.49 rows=95 width=125)
	  Recheck Cond: ((k >= 3195415) AND (k <= 3195515))
	  ->  Bitmap Index Scan on k_5  (cost=0.00..5.38 rows=95 width=0)
	        Index Cond: ((k >= 3195415) AND (k <= 3195515))

table 6 : explain SELECT k, c FROM sbtest6 WHERE k BETWEEN 3195415 AND 3195515
	Bitmap Heap Scan on sbtest6  (cost=5.49..413.00 rows=103 width=125)
	  Recheck Cond: ((k >= 3195415) AND (k <= 3195515))
	  ->  Bitmap Index Scan on k_6  (cost=0.00..5.46 rows=103 width=0)
	        Index Cond: ((k >= 3195415) AND (k <= 3195515))

table 7 : explain SELECT k, c FROM sbtest7 WHERE k BETWEEN 3195415 AND 3195515
	Bitmap Heap Scan on sbtest7  (cost=5.53..428.75 rows=107 width=125)
	  Recheck Cond: ((k >= 3195415) AND (k <= 3195515))
	  ->  Bitmap Index Scan on k_7  (cost=0.00..5.50 rows=107 width=0)
	        Index Cond: ((k >= 3195415) AND (k <= 3195515))

table 8 : explain SELECT k, c FROM sbtest8 WHERE k BETWEEN 3195415 AND 3195515
	Bitmap Heap Scan on sbtest8  (cost=5.38..369.67 rows=92 width=125)
	  Recheck Cond: ((k >= 3195415) AND (k <= 3195515))
	  ->  Bitmap Index Scan on k_8  (cost=0.00..5.35 rows=92 width=0)
	        Index Cond: ((k >= 3195415) AND (k <= 3195515))

for range-notcovered
table 1 : explain SELECT k, c FROM sbtest1 WHERE k BETWEEN 2726962 AND 2727062
	Bitmap Heap Scan on sbtest1  (cost=5.47..405.13 rows=101 width=125)
	  Recheck Cond: ((k >= 2726962) AND (k <= 2727062))
	  ->  Bitmap Index Scan on k_1  (cost=0.00..5.44 rows=101 width=0)
	        Index Cond: ((k >= 2726962) AND (k <= 2727062))

table 2 : explain SELECT k, c FROM sbtest2 WHERE k BETWEEN 2726962 AND 2727062
	Bitmap Heap Scan on sbtest2  (cost=5.41..381.49 rows=95 width=125)
	  Recheck Cond: ((k >= 2726962) AND (k <= 2727062))
	  ->  Bitmap Index Scan on k_2  (cost=0.00..5.38 rows=95 width=0)
	        Index Cond: ((k >= 2726962) AND (k <= 2727062))

table 3 : explain SELECT k, c FROM sbtest3 WHERE k BETWEEN 2726962 AND 2727062
	Bitmap Heap Scan on sbtest3  (cost=5.47..405.13 rows=101 width=125)
	  Recheck Cond: ((k >= 2726962) AND (k <= 2727062))
	  ->  Bitmap Index Scan on k_3  (cost=0.00..5.44 rows=101 width=0)
	        Index Cond: ((k >= 2726962) AND (k <= 2727062))

table 4 : explain SELECT k, c FROM sbtest4 WHERE k BETWEEN 2726962 AND 2727062
	Bitmap Heap Scan on sbtest4  (cost=5.41..381.49 rows=95 width=125)
	  Recheck Cond: ((k >= 2726962) AND (k <= 2727062))
	  ->  Bitmap Index Scan on k_4  (cost=0.00..5.38 rows=95 width=0)
	        Index Cond: ((k >= 2726962) AND (k <= 2727062))

table 5 : explain SELECT k, c FROM sbtest5 WHERE k BETWEEN 2726962 AND 2727062
	Bitmap Heap Scan on sbtest5  (cost=5.46..401.19 rows=100 width=125)
	  Recheck Cond: ((k >= 2726962) AND (k <= 2727062))
	  ->  Bitmap Index Scan on k_5  (cost=0.00..5.43 rows=100 width=0)
	        Index Cond: ((k >= 2726962) AND (k <= 2727062))

table 6 : explain SELECT k, c FROM sbtest6 WHERE k BETWEEN 2726962 AND 2727062
	Bitmap Heap Scan on sbtest6  (cost=5.47..405.13 rows=101 width=125)
	  Recheck Cond: ((k >= 2726962) AND (k <= 2727062))
	  ->  Bitmap Index Scan on k_6  (cost=0.00..5.44 rows=101 width=0)
	        Index Cond: ((k >= 2726962) AND (k <= 2727062))

table 7 : explain SELECT k, c FROM sbtest7 WHERE k BETWEEN 2726962 AND 2727062
	Bitmap Heap Scan on sbtest7  (cost=5.42..385.43 rows=96 width=125)
	  Recheck Cond: ((k >= 2726962) AND (k <= 2727062))
	  ->  Bitmap Index Scan on k_7  (cost=0.00..5.39 rows=96 width=0)
	        Index Cond: ((k >= 2726962) AND (k <= 2727062))

table 8 : explain SELECT k, c FROM sbtest8 WHERE k BETWEEN 2726962 AND 2727062
	Bitmap Heap Scan on sbtest8  (cost=5.47..405.13 rows=101 width=125)
	  Recheck Cond: ((k >= 2726962) AND (k <= 2727062))
	  ->  Bitmap Index Scan on k_8  (cost=0.00..5.44 rows=101 width=0)
	        Index Cond: ((k >= 2726962) AND (k <= 2727062))

for range-notcovered
table 1 : explain SELECT k, c FROM sbtest1 WHERE k BETWEEN 6609628 AND 6609728
	Bitmap Heap Scan on sbtest1  (cost=5.41..381.49 rows=95 width=125)
	  Recheck Cond: ((k >= 6609628) AND (k <= 6609728))
	  ->  Bitmap Index Scan on k_1  (cost=0.00..5.38 rows=95 width=0)
	        Index Cond: ((k >= 6609628) AND (k <= 6609728))

table 2 : explain SELECT k, c FROM sbtest2 WHERE k BETWEEN 6609628 AND 6609728
	Bitmap Heap Scan on sbtest2  (cost=5.51..420.88 rows=105 width=125)
	  Recheck Cond: ((k >= 6609628) AND (k <= 6609728))
	  ->  Bitmap Index Scan on k_2  (cost=0.00..5.48 rows=105 width=0)
	        Index Cond: ((k >= 6609628) AND (k <= 6609728))

table 3 : explain SELECT k, c FROM sbtest3 WHERE k BETWEEN 6609628 AND 6609728
	Bitmap Heap Scan on sbtest3  (cost=5.49..413.00 rows=103 width=125)
	  Recheck Cond: ((k >= 6609628) AND (k <= 6609728))
	  ->  Bitmap Index Scan on k_3  (cost=0.00..5.46 rows=103 width=0)
	        Index Cond: ((k >= 6609628) AND (k <= 6609728))

table 4 : explain SELECT k, c FROM sbtest4 WHERE k BETWEEN 6609628 AND 6609728
	Bitmap Heap Scan on sbtest4  (cost=5.49..413.00 rows=103 width=125)
	  Recheck Cond: ((k >= 6609628) AND (k <= 6609728))
	  ->  Bitmap Index Scan on k_4  (cost=0.00..5.46 rows=103 width=0)
	        Index Cond: ((k >= 6609628) AND (k <= 6609728))

table 5 : explain SELECT k, c FROM sbtest5 WHERE k BETWEEN 6609628 AND 6609728
	Bitmap Heap Scan on sbtest5  (cost=5.59..452.36 rows=113 width=125)
	  Recheck Cond: ((k >= 6609628) AND (k <= 6609728))
	  ->  Bitmap Index Scan on k_5  (cost=0.00..5.56 rows=113 width=0)
	        Index Cond: ((k >= 6609628) AND (k <= 6609728))

table 6 : explain SELECT k, c FROM sbtest6 WHERE k BETWEEN 6609628 AND 6609728
	Bitmap Heap Scan on sbtest6  (cost=5.46..401.19 rows=100 width=125)
	  Recheck Cond: ((k >= 6609628) AND (k <= 6609728))
	  ->  Bitmap Index Scan on k_6  (cost=0.00..5.43 rows=100 width=0)
	        Index Cond: ((k >= 6609628) AND (k <= 6609728))

table 7 : explain SELECT k, c FROM sbtest7 WHERE k BETWEEN 6609628 AND 6609728
	Bitmap Heap Scan on sbtest7  (cost=5.49..413.00 rows=103 width=125)
	  Recheck Cond: ((k >= 6609628) AND (k <= 6609728))
	  ->  Bitmap Index Scan on k_7  (cost=0.00..5.46 rows=103 width=0)
	        Index Cond: ((k >= 6609628) AND (k <= 6609728))

table 8 : explain SELECT k, c FROM sbtest8 WHERE k BETWEEN 6609628 AND 6609728
	Bitmap Heap Scan on sbtest8  (cost=5.60..456.29 rows=114 width=125)
	  Recheck Cond: ((k >= 6609628) AND (k <= 6609728))
	  ->  Bitmap Index Scan on k_8  (cost=0.00..5.58 rows=114 width=0)
	        Index Cond: ((k >= 6609628) AND (k <= 6609728))

for range-notcovered
table 1 : explain SELECT k, c FROM sbtest1 WHERE k BETWEEN 699732 AND 699832
	Bitmap Heap Scan on sbtest1  (cost=5.50..416.94 rows=104 width=125)
	  Recheck Cond: ((k >= 699732) AND (k <= 699832))
	  ->  Bitmap Index Scan on k_1  (cost=0.00..5.47 rows=104 width=0)
	        Index Cond: ((k >= 699732) AND (k <= 699832))

table 2 : explain SELECT k, c FROM sbtest2 WHERE k BETWEEN 699732 AND 699832
	Bitmap Heap Scan on sbtest2  (cost=5.53..428.75 rows=107 width=125)
	  Recheck Cond: ((k >= 699732) AND (k <= 699832))
	  ->  Bitmap Index Scan on k_2  (cost=0.00..5.50 rows=107 width=0)
	        Index Cond: ((k >= 699732) AND (k <= 699832))

table 3 : explain SELECT k, c FROM sbtest3 WHERE k BETWEEN 699732 AND 699832
	Bitmap Heap Scan on sbtest3  (cost=5.48..409.07 rows=102 width=125)
	  Recheck Cond: ((k >= 699732) AND (k <= 699832))
	  ->  Bitmap Index Scan on k_3  (cost=0.00..5.45 rows=102 width=0)
	        Index Cond: ((k >= 699732) AND (k <= 699832))

table 4 : explain SELECT k, c FROM sbtest4 WHERE k BETWEEN 699732 AND 699832
	Bitmap Heap Scan on sbtest4  (cost=5.48..409.07 rows=102 width=125)
	  Recheck Cond: ((k >= 699732) AND (k <= 699832))
	  ->  Bitmap Index Scan on k_4  (cost=0.00..5.45 rows=102 width=0)
	        Index Cond: ((k >= 699732) AND (k <= 699832))

table 5 : explain SELECT k, c FROM sbtest5 WHERE k BETWEEN 699732 AND 699832
	Bitmap Heap Scan on sbtest5  (cost=5.39..373.61 rows=93 width=125)
	  Recheck Cond: ((k >= 699732) AND (k <= 699832))
	  ->  Bitmap Index Scan on k_5  (cost=0.00..5.36 rows=93 width=0)
	        Index Cond: ((k >= 699732) AND (k <= 699832))

table 6 : explain SELECT k, c FROM sbtest6 WHERE k BETWEEN 699732 AND 699832
	Bitmap Heap Scan on sbtest6  (cost=5.40..377.55 rows=94 width=125)
	  Recheck Cond: ((k >= 699732) AND (k <= 699832))
	  ->  Bitmap Index Scan on k_6  (cost=0.00..5.38 rows=94 width=0)
	        Index Cond: ((k >= 699732) AND (k <= 699832))

table 7 : explain SELECT k, c FROM sbtest7 WHERE k BETWEEN 699732 AND 699832
	Bitmap Heap Scan on sbtest7  (cost=5.51..420.88 rows=105 width=125)
	  Recheck Cond: ((k >= 699732) AND (k <= 699832))
	  ->  Bitmap Index Scan on k_7  (cost=0.00..5.48 rows=105 width=0)
	        Index Cond: ((k >= 699732) AND (k <= 699832))

table 8 : explain SELECT k, c FROM sbtest8 WHERE k BETWEEN 699732 AND 699832
	Bitmap Heap Scan on sbtest8  (cost=5.39..373.61 rows=93 width=125)
	  Recheck Cond: ((k >= 699732) AND (k <= 699832))
	  ->  Bitmap Index Scan on k_8  (cost=0.00..5.36 rows=93 width=0)
	        Index Cond: ((k >= 699732) AND (k <= 699832))

explain: for range-notcovered :: explain SELECT k, c FROM sbtest%d WHERE k BETWEEN 2726962 AND 2727062
explain: for range-notcovered :: explain SELECT k, c FROM sbtest%d WHERE k BETWEEN 699732 AND 699832
for range-notcovered
table 1 : explain SELECT k, c FROM sbtest1 WHERE k BETWEEN 4833028 AND 4833128
	Bitmap Heap Scan on sbtest1  (cost=5.51..420.88 rows=105 width=125)
	  Recheck Cond: ((k >= 4833028) AND (k <= 4833128))
	  ->  Bitmap Index Scan on k_1  (cost=0.00..5.48 rows=105 width=0)
	        Index Cond: ((k >= 4833028) AND (k <= 4833128))

table 2 : explain SELECT k, c FROM sbtest2 WHERE k BETWEEN 4833028 AND 4833128
	Bitmap Heap Scan on sbtest2  (cost=5.51..420.88 rows=105 width=125)
	  Recheck Cond: ((k >= 4833028) AND (k <= 4833128))
	  ->  Bitmap Index Scan on k_2  (cost=0.00..5.48 rows=105 width=0)
	        Index Cond: ((k >= 4833028) AND (k <= 4833128))

table 3 : explain SELECT k, c FROM sbtest3 WHERE k BETWEEN 4833028 AND 4833128
	Bitmap Heap Scan on sbtest3  (cost=5.38..369.67 rows=92 width=125)
	  Recheck Cond: ((k >= 4833028) AND (k <= 4833128))
	  ->  Bitmap Index Scan on k_3  (cost=0.00..5.35 rows=92 width=0)
	        Index Cond: ((k >= 4833028) AND (k <= 4833128))

table 4 : explain SELECT k, c FROM sbtest4 WHERE k BETWEEN 4833028 AND 4833128
	Bitmap Heap Scan on sbtest4  (cost=5.45..397.25 rows=99 width=125)
	  Recheck Cond: ((k >= 4833028) AND (k <= 4833128))
	  ->  Bitmap Index Scan on k_4  (cost=0.00..5.42 rows=99 width=0)
	        Index Cond: ((k >= 4833028) AND (k <= 4833128))

table 5 : explain SELECT k, c FROM sbtest5 WHERE k BETWEEN 4833028 AND 4833128
	Bitmap Heap Scan on sbtest5  (cost=5.47..405.13 rows=101 width=125)
	  Recheck Cond: ((k >= 4833028) AND (k <= 4833128))
	  ->  Bitmap Index Scan on k_5  (cost=0.00..5.44 rows=101 width=0)
	        Index Cond: ((k >= 4833028) AND (k <= 4833128))

table 6 : explain SELECT k, c FROM sbtest6 WHERE k BETWEEN 4833028 AND 4833128
	Bitmap Heap Scan on sbtest6  (cost=5.52..424.81 rows=106 width=125)
	  Recheck Cond: ((k >= 4833028) AND (k <= 4833128))
	  ->  Bitmap Index Scan on k_6  (cost=0.00..5.50 rows=106 width=0)
	        Index Cond: ((k >= 4833028) AND (k <= 4833128))

table 7 : explain SELECT k, c FROM sbtest7 WHERE k BETWEEN 4833028 AND 4833128
	Bitmap Heap Scan on sbtest7  (cost=5.56..440.56 rows=110 width=125)
	  Recheck Cond: ((k >= 4833028) AND (k <= 4833128))
	  ->  Bitmap Index Scan on k_7  (cost=0.00..5.53 rows=110 width=0)
	        Index Cond: ((k >= 4833028) AND (k <= 4833128))

table 8 : explain SELECT k, c FROM sbtest8 WHERE k BETWEEN 4833028 AND 4833128
	Bitmap Heap Scan on sbtest8  (cost=5.48..409.07 rows=102 width=125)
	  Recheck Cond: ((k >= 4833028) AND (k <= 4833128))
	  ->  Bitmap Index Scan on k_8  (cost=0.00..5.45 rows=102 width=0)
	        Index Cond: ((k >= 4833028) AND (k <= 4833128))

for range-notcovered
table 1 : explain SELECT k, c FROM sbtest1 WHERE k BETWEEN 3315220 AND 3315320
	Bitmap Heap Scan on sbtest1  (cost=5.60..456.29 rows=114 width=125)
	  Recheck Cond: ((k >= 3315220) AND (k <= 3315320))
	  ->  Bitmap Index Scan on k_1  (cost=0.00..5.58 rows=114 width=0)
	        Index Cond: ((k >= 3315220) AND (k <= 3315320))

table 2 : explain SELECT k, c FROM sbtest2 WHERE k BETWEEN 3315220 AND 3315320
	Bitmap Heap Scan on sbtest2  (cost=5.46..401.19 rows=100 width=125)
	  Recheck Cond: ((k >= 3315220) AND (k <= 3315320))
	  ->  Bitmap Index Scan on k_2  (cost=0.00..5.43 rows=100 width=0)
	        Index Cond: ((k >= 3315220) AND (k <= 3315320))

table 3 : explain SELECT k, c FROM sbtest3 WHERE k BETWEEN 3315220 AND 3315320
	Bitmap Heap Scan on sbtest3  (cost=5.52..424.81 rows=106 width=125)
	  Recheck Cond: ((k >= 3315220) AND (k <= 3315320))
	  ->  Bitmap Index Scan on k_3  (cost=0.00..5.50 rows=106 width=0)
	        Index Cond: ((k >= 3315220) AND (k <= 3315320))

table 4 : explain SELECT k, c FROM sbtest4 WHERE k BETWEEN 3315220 AND 3315320
	Bitmap Heap Scan on sbtest4  (cost=5.55..436.62 rows=109 width=125)
	  Recheck Cond: ((k >= 3315220) AND (k <= 3315320))
	  ->  Bitmap Index Scan on k_4  (cost=0.00..5.52 rows=109 width=0)
	        Index Cond: ((k >= 3315220) AND (k <= 3315320))

table 5 : explain SELECT k, c FROM sbtest5 WHERE k BETWEEN 3315220 AND 3315320
	Bitmap Heap Scan on sbtest5  (cost=5.57..444.49 rows=111 width=125)
	  Recheck Cond: ((k >= 3315220) AND (k <= 3315320))
	  ->  Bitmap Index Scan on k_5  (cost=0.00..5.54 rows=111 width=0)
	        Index Cond: ((k >= 3315220) AND (k <= 3315320))

table 6 : explain SELECT k, c FROM sbtest6 WHERE k BETWEEN 3315220 AND 3315320
	Bitmap Heap Scan on sbtest6  (cost=5.54..432.69 rows=108 width=125)
	  Recheck Cond: ((k >= 3315220) AND (k <= 3315320))
	  ->  Bitmap Index Scan on k_6  (cost=0.00..5.51 rows=108 width=0)
	        Index Cond: ((k >= 3315220) AND (k <= 3315320))

table 7 : explain SELECT k, c FROM sbtest7 WHERE k BETWEEN 3315220 AND 3315320
	Bitmap Heap Scan on sbtest7  (cost=5.41..381.49 rows=95 width=125)
	  Recheck Cond: ((k >= 3315220) AND (k <= 3315320))
	  ->  Bitmap Index Scan on k_7  (cost=0.00..5.38 rows=95 width=0)
	        Index Cond: ((k >= 3315220) AND (k <= 3315320))

table 8 : explain SELECT k, c FROM sbtest8 WHERE k BETWEEN 3315220 AND 3315320
	Bitmap Heap Scan on sbtest8  (cost=5.49..413.00 rows=103 width=125)
	  Recheck Cond: ((k >= 3315220) AND (k <= 3315320))
	  ->  Bitmap Index Scan on k_8  (cost=0.00..5.46 rows=103 width=0)
	        Index Cond: ((k >= 3315220) AND (k <= 3315320))

explain: for range-notcovered :: explain SELECT k, c FROM sbtest%d WHERE k BETWEEN 4833028 AND 4833128
explain: for range-notcovered :: explain SELECT k, c FROM sbtest%d WHERE k BETWEEN 3315220 AND 3315320
for range-notcovered
table 1 : explain SELECT k, c FROM sbtest1 WHERE k BETWEEN 3982380 AND 3982480
	Bitmap Heap Scan on sbtest1  (cost=5.47..405.13 rows=101 width=125)
	  Recheck Cond: ((k >= 3982380) AND (k <= 3982480))
	  ->  Bitmap Index Scan on k_1  (cost=0.00..5.44 rows=101 width=0)
	        Index Cond: ((k >= 3982380) AND (k <= 3982480))

table 2 : explain SELECT k, c FROM sbtest2 WHERE k BETWEEN 3982380 AND 3982480
	Bitmap Heap Scan on sbtest2  (cost=5.54..432.69 rows=108 width=125)
	  Recheck Cond: ((k >= 3982380) AND (k <= 3982480))
	  ->  Bitmap Index Scan on k_2  (cost=0.00..5.51 rows=108 width=0)
	        Index Cond: ((k >= 3982380) AND (k <= 3982480))

table 3 : explain SELECT k, c FROM sbtest3 WHERE k BETWEEN 3982380 AND 3982480
	Bitmap Heap Scan on sbtest3  (cost=5.46..401.19 rows=100 width=125)
	  Recheck Cond: ((k >= 3982380) AND (k <= 3982480))
	  ->  Bitmap Index Scan on k_3  (cost=0.00..5.43 rows=100 width=0)
	        Index Cond: ((k >= 3982380) AND (k <= 3982480))

table 4 : explain SELECT k, c FROM sbtest4 WHERE k BETWEEN 3982380 AND 3982480
	Bitmap Heap Scan on sbtest4  (cost=5.58..448.42 rows=112 width=125)
	  Recheck Cond: ((k >= 3982380) AND (k <= 3982480))
	  ->  Bitmap Index Scan on k_4  (cost=0.00..5.55 rows=112 width=0)
	        Index Cond: ((k >= 3982380) AND (k <= 3982480))

table 5 : explain SELECT k, c FROM sbtest5 WHERE k BETWEEN 3982380 AND 3982480
	Bitmap Heap Scan on sbtest5  (cost=5.47..405.13 rows=101 width=125)
	  Recheck Cond: ((k >= 3982380) AND (k <= 3982480))
	  ->  Bitmap Index Scan on k_5  (cost=0.00..5.44 rows=101 width=0)
	        Index Cond: ((k >= 3982380) AND (k <= 3982480))

table 6 : explain SELECT k, c FROM sbtest6 WHERE k BETWEEN 3982380 AND 3982480
	Bitmap Heap Scan on sbtest6  (cost=5.44..393.31 rows=98 width=125)
	  Recheck Cond: ((k >= 3982380) AND (k <= 3982480))
	  ->  Bitmap Index Scan on k_6  (cost=0.00..5.42 rows=98 width=0)
	        Index Cond: ((k >= 3982380) AND (k <= 3982480))

table 7 : explain SELECT k, c FROM sbtest7 WHERE k BETWEEN 3982380 AND 3982480
	Bitmap Heap Scan on sbtest7  (cost=5.45..397.25 rows=99 width=125)
	  Recheck Cond: ((k >= 3982380) AND (k <= 3982480))
	  ->  Bitmap Index Scan on k_7  (cost=0.00..5.42 rows=99 width=0)
	        Index Cond: ((k >= 3982380) AND (k <= 3982480))

table 8 : explain SELECT k, c FROM sbtest8 WHERE k BETWEEN 3982380 AND 3982480
	Bitmap Heap Scan on sbtest8  (cost=5.51..420.88 rows=105 width=125)
	  Recheck Cond: ((k >= 3982380) AND (k <= 3982480))
	  ->  Bitmap Index Scan on k_8  (cost=0.00..5.48 rows=105 width=0)
	        Index Cond: ((k >= 3982380) AND (k <= 3982480))

explain: for range-notcovered :: explain SELECT k, c FROM sbtest%d WHERE k BETWEEN 3982380 AND 3982480
for range-notcovered
table 1 : explain SELECT k, c FROM sbtest1 WHERE k BETWEEN 699732 AND 699832
	Bitmap Heap Scan on sbtest1  (cost=5.50..416.94 rows=104 width=125)
	  Recheck Cond: ((k >= 699732) AND (k <= 699832))
	  ->  Bitmap Index Scan on k_1  (cost=0.00..5.47 rows=104 width=0)
	        Index Cond: ((k >= 699732) AND (k <= 699832))

table 2 : explain SELECT k, c FROM sbtest2 WHERE k BETWEEN 699732 AND 699832
	Bitmap Heap Scan on sbtest2  (cost=5.53..428.75 rows=107 width=125)
	  Recheck Cond: ((k >= 699732) AND (k <= 699832))
	  ->  Bitmap Index Scan on k_2  (cost=0.00..5.50 rows=107 width=0)
	        Index Cond: ((k >= 699732) AND (k <= 699832))

table 3 : explain SELECT k, c FROM sbtest3 WHERE k BETWEEN 699732 AND 699832
	Bitmap Heap Scan on sbtest3  (cost=5.48..409.07 rows=102 width=125)
	  Recheck Cond: ((k >= 699732) AND (k <= 699832))
	  ->  Bitmap Index Scan on k_3  (cost=0.00..5.45 rows=102 width=0)
	        Index Cond: ((k >= 699732) AND (k <= 699832))

table 4 : explain SELECT k, c FROM sbtest4 WHERE k BETWEEN 699732 AND 699832
	Bitmap Heap Scan on sbtest4  (cost=5.48..409.07 rows=102 width=125)
	  Recheck Cond: ((k >= 699732) AND (k <= 699832))
	  ->  Bitmap Index Scan on k_4  (cost=0.00..5.45 rows=102 width=0)
	        Index Cond: ((k >= 699732) AND (k <= 699832))

table 5 : explain SELECT k, c FROM sbtest5 WHERE k BETWEEN 699732 AND 699832
	Bitmap Heap Scan on sbtest5  (cost=5.39..373.61 rows=93 width=125)
	  Recheck Cond: ((k >= 699732) AND (k <= 699832))
	  ->  Bitmap Index Scan on k_5  (cost=0.00..5.36 rows=93 width=0)
	        Index Cond: ((k >= 699732) AND (k <= 699832))

table 6 : explain SELECT k, c FROM sbtest6 WHERE k BETWEEN 699732 AND 699832
	Bitmap Heap Scan on sbtest6  (cost=5.40..377.55 rows=94 width=125)
	  Recheck Cond: ((k >= 699732) AND (k <= 699832))
	  ->  Bitmap Index Scan on k_6  (cost=0.00..5.38 rows=94 width=0)
	        Index Cond: ((k >= 699732) AND (k <= 699832))

table 7 : explain SELECT k, c FROM sbtest7 WHERE k BETWEEN 699732 AND 699832
	Bitmap Heap Scan on sbtest7  (cost=5.51..420.88 rows=105 width=125)
	  Recheck Cond: ((k >= 699732) AND (k <= 699832))
	  ->  Bitmap Index Scan on k_7  (cost=0.00..5.48 rows=105 width=0)
	        Index Cond: ((k >= 699732) AND (k <= 699832))

table 8 : explain SELECT k, c FROM sbtest8 WHERE k BETWEEN 699732 AND 699832
	Bitmap Heap Scan on sbtest8  (cost=5.39..373.61 rows=93 width=125)
	  Recheck Cond: ((k >= 699732) AND (k <= 699832))
	  ->  Bitmap Index Scan on k_8  (cost=0.00..5.36 rows=93 width=0)
	        Index Cond: ((k >= 699732) AND (k <= 699832))

explain: for range-notcovered :: explain SELECT k, c FROM sbtest%d WHERE k BETWEEN 699732 AND 699832
for range-notcovered
table 1 : explain SELECT k, c FROM sbtest1 WHERE k BETWEEN 4833028 AND 4833128
	Bitmap Heap Scan on sbtest1  (cost=5.51..420.88 rows=105 width=125)
	  Recheck Cond: ((k >= 4833028) AND (k <= 4833128))
	  ->  Bitmap Index Scan on k_1  (cost=0.00..5.48 rows=105 width=0)
	        Index Cond: ((k >= 4833028) AND (k <= 4833128))

table 2 : explain SELECT k, c FROM sbtest2 WHERE k BETWEEN 4833028 AND 4833128
	Bitmap Heap Scan on sbtest2  (cost=5.51..420.88 rows=105 width=125)
	  Recheck Cond: ((k >= 4833028) AND (k <= 4833128))
	  ->  Bitmap Index Scan on k_2  (cost=0.00..5.48 rows=105 width=0)
	        Index Cond: ((k >= 4833028) AND (k <= 4833128))

table 3 : explain SELECT k, c FROM sbtest3 WHERE k BETWEEN 4833028 AND 4833128
	Bitmap Heap Scan on sbtest3  (cost=5.38..369.67 rows=92 width=125)
	  Recheck Cond: ((k >= 4833028) AND (k <= 4833128))
	  ->  Bitmap Index Scan on k_3  (cost=0.00..5.35 rows=92 width=0)
	        Index Cond: ((k >= 4833028) AND (k <= 4833128))

table 4 : explain SELECT k, c FROM sbtest4 WHERE k BETWEEN 4833028 AND 4833128
	Bitmap Heap Scan on sbtest4  (cost=5.45..397.25 rows=99 width=125)
	  Recheck Cond: ((k >= 4833028) AND (k <= 4833128))
	  ->  Bitmap Index Scan on k_4  (cost=0.00..5.42 rows=99 width=0)
	        Index Cond: ((k >= 4833028) AND (k <= 4833128))

table 5 : explain SELECT k, c FROM sbtest5 WHERE k BETWEEN 4833028 AND 4833128
	Bitmap Heap Scan on sbtest5  (cost=5.47..405.13 rows=101 width=125)
	  Recheck Cond: ((k >= 4833028) AND (k <= 4833128))
	  ->  Bitmap Index Scan on k_5  (cost=0.00..5.44 rows=101 width=0)
	        Index Cond: ((k >= 4833028) AND (k <= 4833128))

table 6 : explain SELECT k, c FROM sbtest6 WHERE k BETWEEN 4833028 AND 4833128
	Bitmap Heap Scan on sbtest6  (cost=5.52..424.81 rows=106 width=125)
	  Recheck Cond: ((k >= 4833028) AND (k <= 4833128))
	  ->  Bitmap Index Scan on k_6  (cost=0.00..5.50 rows=106 width=0)
	        Index Cond: ((k >= 4833028) AND (k <= 4833128))

table 7 : explain SELECT k, c FROM sbtest7 WHERE k BETWEEN 4833028 AND 4833128
	Bitmap Heap Scan on sbtest7  (cost=5.56..440.56 rows=110 width=125)
	  Recheck Cond: ((k >= 4833028) AND (k <= 4833128))
	  ->  Bitmap Index Scan on k_7  (cost=0.00..5.53 rows=110 width=0)
	        Index Cond: ((k >= 4833028) AND (k <= 4833128))

table 8 : explain SELECT k, c FROM sbtest8 WHERE k BETWEEN 4833028 AND 4833128
	Bitmap Heap Scan on sbtest8  (cost=5.48..409.07 rows=102 width=125)
	  Recheck Cond: ((k >= 4833028) AND (k <= 4833128))
	  ->  Bitmap Index Scan on k_8  (cost=0.00..5.45 rows=102 width=0)
	        Index Cond: ((k >= 4833028) AND (k <= 4833128))

explain: for range-notcovered :: explain SELECT k, c FROM sbtest%d WHERE k BETWEEN 4833028 AND 4833128
for range-notcovered
table 1 : explain SELECT k, c FROM sbtest1 WHERE k BETWEEN 3315220 AND 3315320
	Bitmap Heap Scan on sbtest1  (cost=5.60..456.29 rows=114 width=125)
	  Recheck Cond: ((k >= 3315220) AND (k <= 3315320))
	  ->  Bitmap Index Scan on k_1  (cost=0.00..5.58 rows=114 width=0)
	        Index Cond: ((k >= 3315220) AND (k <= 3315320))

table 2 : explain SELECT k, c FROM sbtest2 WHERE k BETWEEN 3315220 AND 3315320
	Bitmap Heap Scan on sbtest2  (cost=5.46..401.19 rows=100 width=125)
	  Recheck Cond: ((k >= 3315220) AND (k <= 3315320))
	  ->  Bitmap Index Scan on k_2  (cost=0.00..5.43 rows=100 width=0)
	        Index Cond: ((k >= 3315220) AND (k <= 3315320))

table 3 : explain SELECT k, c FROM sbtest3 WHERE k BETWEEN 3315220 AND 3315320
	Bitmap Heap Scan on sbtest3  (cost=5.52..424.81 rows=106 width=125)
	  Recheck Cond: ((k >= 3315220) AND (k <= 3315320))
	  ->  Bitmap Index Scan on k_3  (cost=0.00..5.50 rows=106 width=0)
	        Index Cond: ((k >= 3315220) AND (k <= 3315320))

table 4 : explain SELECT k, c FROM sbtest4 WHERE k BETWEEN 3315220 AND 3315320
	Bitmap Heap Scan on sbtest4  (cost=5.55..436.62 rows=109 width=125)
	  Recheck Cond: ((k >= 3315220) AND (k <= 3315320))
	  ->  Bitmap Index Scan on k_4  (cost=0.00..5.52 rows=109 width=0)
	        Index Cond: ((k >= 3315220) AND (k <= 3315320))

table 5 : explain SELECT k, c FROM sbtest5 WHERE k BETWEEN 3315220 AND 3315320
	Bitmap Heap Scan on sbtest5  (cost=5.57..444.49 rows=111 width=125)
	  Recheck Cond: ((k >= 3315220) AND (k <= 3315320))
	  ->  Bitmap Index Scan on k_5  (cost=0.00..5.54 rows=111 width=0)
	        Index Cond: ((k >= 3315220) AND (k <= 3315320))

table 6 : explain SELECT k, c FROM sbtest6 WHERE k BETWEEN 3315220 AND 3315320
	Bitmap Heap Scan on sbtest6  (cost=5.54..432.69 rows=108 width=125)
	  Recheck Cond: ((k >= 3315220) AND (k <= 3315320))
	  ->  Bitmap Index Scan on k_6  (cost=0.00..5.51 rows=108 width=0)
	        Index Cond: ((k >= 3315220) AND (k <= 3315320))

table 7 : explain SELECT k, c FROM sbtest7 WHERE k BETWEEN 3315220 AND 3315320
	Bitmap Heap Scan on sbtest7  (cost=5.41..381.49 rows=95 width=125)
	  Recheck Cond: ((k >= 3315220) AND (k <= 3315320))
	  ->  Bitmap Index Scan on k_7  (cost=0.00..5.38 rows=95 width=0)
	        Index Cond: ((k >= 3315220) AND (k <= 3315320))

table 8 : explain SELECT k, c FROM sbtest8 WHERE k BETWEEN 3315220 AND 3315320
	Bitmap Heap Scan on sbtest8  (cost=5.49..413.00 rows=103 width=125)
	  Recheck Cond: ((k >= 3315220) AND (k <= 3315320))
	  ->  Bitmap Index Scan on k_8  (cost=0.00..5.46 rows=103 width=0)
	        Index Cond: ((k >= 3315220) AND (k <= 3315320))

for range-notcovered
table 1 : explain SELECT k, c FROM sbtest1 WHERE k BETWEEN 9872678 AND 9872778
	Bitmap Heap Scan on sbtest1  (cost=5.45..397.25 rows=99 width=125)
	  Recheck Cond: ((k >= 9872678) AND (k <= 9872778))
	  ->  Bitmap Index Scan on k_1  (cost=0.00..5.42 rows=99 width=0)
	        Index Cond: ((k >= 9872678) AND (k <= 9872778))

table 2 : explain SELECT k, c FROM sbtest2 WHERE k BETWEEN 9872678 AND 9872778
	Bitmap Heap Scan on sbtest2  (cost=5.47..405.13 rows=101 width=125)
	  Recheck Cond: ((k >= 9872678) AND (k <= 9872778))
	  ->  Bitmap Index Scan on k_2  (cost=0.00..5.44 rows=101 width=0)
	        Index Cond: ((k >= 9872678) AND (k <= 9872778))

table 3 : explain SELECT k, c FROM sbtest3 WHERE k BETWEEN 9872678 AND 9872778
	Bitmap Heap Scan on sbtest3  (cost=5.44..393.31 rows=98 width=125)
	  Recheck Cond: ((k >= 9872678) AND (k <= 9872778))
	  ->  Bitmap Index Scan on k_3  (cost=0.00..5.42 rows=98 width=0)
	        Index Cond: ((k >= 9872678) AND (k <= 9872778))

table 4 : explain SELECT k, c FROM sbtest4 WHERE k BETWEEN 9872678 AND 9872778
	Bitmap Heap Scan on sbtest4  (cost=5.60..456.29 rows=114 width=125)
	  Recheck Cond: ((k >= 9872678) AND (k <= 9872778))
	  ->  Bitmap Index Scan on k_4  (cost=0.00..5.58 rows=114 width=0)
	        Index Cond: ((k >= 9872678) AND (k <= 9872778))

table 5 : explain SELECT k, c FROM sbtest5 WHERE k BETWEEN 9872678 AND 9872778
	Bitmap Heap Scan on sbtest5  (cost=5.45..397.25 rows=99 width=125)
	  Recheck Cond: ((k >= 9872678) AND (k <= 9872778))
	  ->  Bitmap Index Scan on k_5  (cost=0.00..5.42 rows=99 width=0)
	        Index Cond: ((k >= 9872678) AND (k <= 9872778))

table 6 : explain SELECT k, c FROM sbtest6 WHERE k BETWEEN 9872678 AND 9872778
	Bitmap Heap Scan on sbtest6  (cost=5.50..416.94 rows=104 width=125)
	  Recheck Cond: ((k >= 9872678) AND (k <= 9872778))
	  ->  Bitmap Index Scan on k_6  (cost=0.00..5.47 rows=104 width=0)
	        Index Cond: ((k >= 9872678) AND (k <= 9872778))

table 7 : explain SELECT k, c FROM sbtest7 WHERE k BETWEEN 9872678 AND 9872778
	Bitmap Heap Scan on sbtest7  (cost=5.47..405.13 rows=101 width=125)
	  Recheck Cond: ((k >= 9872678) AND (k <= 9872778))
	  ->  Bitmap Index Scan on k_7  (cost=0.00..5.44 rows=101 width=0)
	        Index Cond: ((k >= 9872678) AND (k <= 9872778))

table 8 : explain SELECT k, c FROM sbtest8 WHERE k BETWEEN 9872678 AND 9872778
	Bitmap Heap Scan on sbtest8  (cost=5.61..460.22 rows=115 width=125)
	  Recheck Cond: ((k >= 9872678) AND (k <= 9872778))
	  ->  Bitmap Index Scan on k_8  (cost=0.00..5.58 rows=115 width=0)
	        Index Cond: ((k >= 9872678) AND (k <= 9872778))

explain: for range-notcovered :: explain SELECT k, c FROM sbtest%d WHERE k BETWEEN 3315220 AND 3315320
for range-notcovered
table 1 : explain SELECT k, c FROM sbtest1 WHERE k BETWEEN 3982380 AND 3982480
	Bitmap Heap Scan on sbtest1  (cost=5.47..405.13 rows=101 width=125)
	  Recheck Cond: ((k >= 3982380) AND (k <= 3982480))
	  ->  Bitmap Index Scan on k_1  (cost=0.00..5.44 rows=101 width=0)
	        Index Cond: ((k >= 3982380) AND (k <= 3982480))

table 2 : explain SELECT k, c FROM sbtest2 WHERE k BETWEEN 3982380 AND 3982480
	Bitmap Heap Scan on sbtest2  (cost=5.54..432.69 rows=108 width=125)
	  Recheck Cond: ((k >= 3982380) AND (k <= 3982480))
	  ->  Bitmap Index Scan on k_2  (cost=0.00..5.51 rows=108 width=0)
	        Index Cond: ((k >= 3982380) AND (k <= 3982480))

table 3 : explain SELECT k, c FROM sbtest3 WHERE k BETWEEN 3982380 AND 3982480
	Bitmap Heap Scan on sbtest3  (cost=5.46..401.19 rows=100 width=125)
	  Recheck Cond: ((k >= 3982380) AND (k <= 3982480))
	  ->  Bitmap Index Scan on k_3  (cost=0.00..5.43 rows=100 width=0)
	        Index Cond: ((k >= 3982380) AND (k <= 3982480))

table 4 : explain SELECT k, c FROM sbtest4 WHERE k BETWEEN 3982380 AND 3982480
	Bitmap Heap Scan on sbtest4  (cost=5.58..448.42 rows=112 width=125)
	  Recheck Cond: ((k >= 3982380) AND (k <= 3982480))
	  ->  Bitmap Index Scan on k_4  (cost=0.00..5.55 rows=112 width=0)
	        Index Cond: ((k >= 3982380) AND (k <= 3982480))

table 5 : explain SELECT k, c FROM sbtest5 WHERE k BETWEEN 3982380 AND 3982480
	Bitmap Heap Scan on sbtest5  (cost=5.47..405.13 rows=101 width=125)
	  Recheck Cond: ((k >= 3982380) AND (k <= 3982480))
	  ->  Bitmap Index Scan on k_5  (cost=0.00..5.44 rows=101 width=0)
	        Index Cond: ((k >= 3982380) AND (k <= 3982480))

table 6 : explain SELECT k, c FROM sbtest6 WHERE k BETWEEN 3982380 AND 3982480
	Bitmap Heap Scan on sbtest6  (cost=5.44..393.31 rows=98 width=125)
	  Recheck Cond: ((k >= 3982380) AND (k <= 3982480))
	  ->  Bitmap Index Scan on k_6  (cost=0.00..5.42 rows=98 width=0)
	        Index Cond: ((k >= 3982380) AND (k <= 3982480))

table 7 : explain SELECT k, c FROM sbtest7 WHERE k BETWEEN 3982380 AND 3982480
	Bitmap Heap Scan on sbtest7  (cost=5.45..397.25 rows=99 width=125)
	  Recheck Cond: ((k >= 3982380) AND (k <= 3982480))
	  ->  Bitmap Index Scan on k_7  (cost=0.00..5.42 rows=99 width=0)
	        Index Cond: ((k >= 3982380) AND (k <= 3982480))

table 8 : explain SELECT k, c FROM sbtest8 WHERE k BETWEEN 3982380 AND 3982480
	Bitmap Heap Scan on sbtest8  (cost=5.51..420.88 rows=105 width=125)
	  Recheck Cond: ((k >= 3982380) AND (k <= 3982480))
	  ->  Bitmap Index Scan on k_8  (cost=0.00..5.48 rows=105 width=0)
	        Index Cond: ((k >= 3982380) AND (k <= 3982480))

explain: for range-notcovered :: explain SELECT k, c FROM sbtest%d WHERE k BETWEEN 9872678 AND 9872778
explain: for range-notcovered :: explain SELECT k, c FROM sbtest%d WHERE k BETWEEN 3982380 AND 3982480
for range-notcovered
table 1 : explain SELECT k, c FROM sbtest1 WHERE k BETWEEN 2726962 AND 2727062
	Bitmap Heap Scan on sbtest1  (cost=5.47..405.13 rows=101 width=125)
	  Recheck Cond: ((k >= 2726962) AND (k <= 2727062))
	  ->  Bitmap Index Scan on k_1  (cost=0.00..5.44 rows=101 width=0)
	        Index Cond: ((k >= 2726962) AND (k <= 2727062))

table 2 : explain SELECT k, c FROM sbtest2 WHERE k BETWEEN 2726962 AND 2727062
	Bitmap Heap Scan on sbtest2  (cost=5.41..381.49 rows=95 width=125)
	  Recheck Cond: ((k >= 2726962) AND (k <= 2727062))
	  ->  Bitmap Index Scan on k_2  (cost=0.00..5.38 rows=95 width=0)
	        Index Cond: ((k >= 2726962) AND (k <= 2727062))

table 3 : explain SELECT k, c FROM sbtest3 WHERE k BETWEEN 2726962 AND 2727062
	Bitmap Heap Scan on sbtest3  (cost=5.47..405.13 rows=101 width=125)
	  Recheck Cond: ((k >= 2726962) AND (k <= 2727062))
	  ->  Bitmap Index Scan on k_3  (cost=0.00..5.44 rows=101 width=0)
	        Index Cond: ((k >= 2726962) AND (k <= 2727062))

table 4 : explain SELECT k, c FROM sbtest4 WHERE k BETWEEN 2726962 AND 2727062
	Bitmap Heap Scan on sbtest4  (cost=5.41..381.49 rows=95 width=125)
	  Recheck Cond: ((k >= 2726962) AND (k <= 2727062))
	  ->  Bitmap Index Scan on k_4  (cost=0.00..5.38 rows=95 width=0)
	        Index Cond: ((k >= 2726962) AND (k <= 2727062))

table 5 : explain SELECT k, c FROM sbtest5 WHERE k BETWEEN 2726962 AND 2727062
	Bitmap Heap Scan on sbtest5  (cost=5.46..401.19 rows=100 width=125)
	  Recheck Cond: ((k >= 2726962) AND (k <= 2727062))
	  ->  Bitmap Index Scan on k_5  (cost=0.00..5.43 rows=100 width=0)
	        Index Cond: ((k >= 2726962) AND (k <= 2727062))

table 6 : explain SELECT k, c FROM sbtest6 WHERE k BETWEEN 2726962 AND 2727062
	Bitmap Heap Scan on sbtest6  (cost=5.47..405.13 rows=101 width=125)
	  Recheck Cond: ((k >= 2726962) AND (k <= 2727062))
	  ->  Bitmap Index Scan on k_6  (cost=0.00..5.44 rows=101 width=0)
	        Index Cond: ((k >= 2726962) AND (k <= 2727062))

table 7 : explain SELECT k, c FROM sbtest7 WHERE k BETWEEN 2726962 AND 2727062
	Bitmap Heap Scan on sbtest7  (cost=5.42..385.43 rows=96 width=125)
	  Recheck Cond: ((k >= 2726962) AND (k <= 2727062))
	  ->  Bitmap Index Scan on k_7  (cost=0.00..5.39 rows=96 width=0)
	        Index Cond: ((k >= 2726962) AND (k <= 2727062))

table 8 : explain SELECT k, c FROM sbtest8 WHERE k BETWEEN 2726962 AND 2727062
	Bitmap Heap Scan on sbtest8  (cost=5.47..405.13 rows=101 width=125)
	  Recheck Cond: ((k >= 2726962) AND (k <= 2727062))
	  ->  Bitmap Index Scan on k_8  (cost=0.00..5.44 rows=101 width=0)
	        Index Cond: ((k >= 2726962) AND (k <= 2727062))

for range-notcovered
table 1 : explain SELECT k, c FROM sbtest1 WHERE k BETWEEN 699732 AND 699832
	Bitmap Heap Scan on sbtest1  (cost=5.50..416.94 rows=104 width=125)
	  Recheck Cond: ((k >= 699732) AND (k <= 699832))
	  ->  Bitmap Index Scan on k_1  (cost=0.00..5.47 rows=104 width=0)
	        Index Cond: ((k >= 699732) AND (k <= 699832))

table 2 : explain SELECT k, c FROM sbtest2 WHERE k BETWEEN 699732 AND 699832
	Bitmap Heap Scan on sbtest2  (cost=5.53..428.75 rows=107 width=125)
	  Recheck Cond: ((k >= 699732) AND (k <= 699832))
	  ->  Bitmap Index Scan on k_2  (cost=0.00..5.50 rows=107 width=0)
	        Index Cond: ((k >= 699732) AND (k <= 699832))

table 3 : explain SELECT k, c FROM sbtest3 WHERE k BETWEEN 699732 AND 699832
	Bitmap Heap Scan on sbtest3  (cost=5.48..409.07 rows=102 width=125)
	  Recheck Cond: ((k >= 699732) AND (k <= 699832))
	  ->  Bitmap Index Scan on k_3  (cost=0.00..5.45 rows=102 width=0)
	        Index Cond: ((k >= 699732) AND (k <= 699832))

table 4 : explain SELECT k, c FROM sbtest4 WHERE k BETWEEN 699732 AND 699832
	Bitmap Heap Scan on sbtest4  (cost=5.48..409.07 rows=102 width=125)
	  Recheck Cond: ((k >= 699732) AND (k <= 699832))
	  ->  Bitmap Index Scan on k_4  (cost=0.00..5.45 rows=102 width=0)
	        Index Cond: ((k >= 699732) AND (k <= 699832))

table 5 : explain SELECT k, c FROM sbtest5 WHERE k BETWEEN 699732 AND 699832
	Bitmap Heap Scan on sbtest5  (cost=5.39..373.61 rows=93 width=125)
	  Recheck Cond: ((k >= 699732) AND (k <= 699832))
	  ->  Bitmap Index Scan on k_5  (cost=0.00..5.36 rows=93 width=0)
	        Index Cond: ((k >= 699732) AND (k <= 699832))

table 6 : explain SELECT k, c FROM sbtest6 WHERE k BETWEEN 699732 AND 699832
	Bitmap Heap Scan on sbtest6  (cost=5.40..377.55 rows=94 width=125)
	  Recheck Cond: ((k >= 699732) AND (k <= 699832))
	  ->  Bitmap Index Scan on k_6  (cost=0.00..5.38 rows=94 width=0)
	        Index Cond: ((k >= 699732) AND (k <= 699832))

table 7 : explain SELECT k, c FROM sbtest7 WHERE k BETWEEN 699732 AND 699832
	Bitmap Heap Scan on sbtest7  (cost=5.51..420.88 rows=105 width=125)
	  Recheck Cond: ((k >= 699732) AND (k <= 699832))
	  ->  Bitmap Index Scan on k_7  (cost=0.00..5.48 rows=105 width=0)
	        Index Cond: ((k >= 699732) AND (k <= 699832))

table 8 : explain SELECT k, c FROM sbtest8 WHERE k BETWEEN 699732 AND 699832
	Bitmap Heap Scan on sbtest8  (cost=5.39..373.61 rows=93 width=125)
	  Recheck Cond: ((k >= 699732) AND (k <= 699832))
	  ->  Bitmap Index Scan on k_8  (cost=0.00..5.36 rows=93 width=0)
	        Index Cond: ((k >= 699732) AND (k <= 699832))

explain: for range-notcovered :: explain SELECT k, c FROM sbtest%d WHERE k BETWEEN 2726962 AND 2727062
for range-notcovered
table 1 : explain SELECT k, c FROM sbtest1 WHERE k BETWEEN 4833028 AND 4833128
	Bitmap Heap Scan on sbtest1  (cost=5.51..420.88 rows=105 width=125)
	  Recheck Cond: ((k >= 4833028) AND (k <= 4833128))
	  ->  Bitmap Index Scan on k_1  (cost=0.00..5.48 rows=105 width=0)
	        Index Cond: ((k >= 4833028) AND (k <= 4833128))

table 2 : explain SELECT k, c FROM sbtest2 WHERE k BETWEEN 4833028 AND 4833128
	Bitmap Heap Scan on sbtest2  (cost=5.51..420.88 rows=105 width=125)
	  Recheck Cond: ((k >= 4833028) AND (k <= 4833128))
	  ->  Bitmap Index Scan on k_2  (cost=0.00..5.48 rows=105 width=0)
	        Index Cond: ((k >= 4833028) AND (k <= 4833128))

table 3 : explain SELECT k, c FROM sbtest3 WHERE k BETWEEN 4833028 AND 4833128
	Bitmap Heap Scan on sbtest3  (cost=5.38..369.67 rows=92 width=125)
	  Recheck Cond: ((k >= 4833028) AND (k <= 4833128))
	  ->  Bitmap Index Scan on k_3  (cost=0.00..5.35 rows=92 width=0)
	        Index Cond: ((k >= 4833028) AND (k <= 4833128))

table 4 : explain SELECT k, c FROM sbtest4 WHERE k BETWEEN 4833028 AND 4833128
	Bitmap Heap Scan on sbtest4  (cost=5.45..397.25 rows=99 width=125)
	  Recheck Cond: ((k >= 4833028) AND (k <= 4833128))
	  ->  Bitmap Index Scan on k_4  (cost=0.00..5.42 rows=99 width=0)
	        Index Cond: ((k >= 4833028) AND (k <= 4833128))

table 5 : explain SELECT k, c FROM sbtest5 WHERE k BETWEEN 4833028 AND 4833128
	Bitmap Heap Scan on sbtest5  (cost=5.47..405.13 rows=101 width=125)
	  Recheck Cond: ((k >= 4833028) AND (k <= 4833128))
	  ->  Bitmap Index Scan on k_5  (cost=0.00..5.44 rows=101 width=0)
	        Index Cond: ((k >= 4833028) AND (k <= 4833128))

table 6 : explain SELECT k, c FROM sbtest6 WHERE k BETWEEN 4833028 AND 4833128
	Bitmap Heap Scan on sbtest6  (cost=5.52..424.81 rows=106 width=125)
	  Recheck Cond: ((k >= 4833028) AND (k <= 4833128))
	  ->  Bitmap Index Scan on k_6  (cost=0.00..5.50 rows=106 width=0)
	        Index Cond: ((k >= 4833028) AND (k <= 4833128))

table 7 : explain SELECT k, c FROM sbtest7 WHERE k BETWEEN 4833028 AND 4833128
	Bitmap Heap Scan on sbtest7  (cost=5.56..440.56 rows=110 width=125)
	  Recheck Cond: ((k >= 4833028) AND (k <= 4833128))
	  ->  Bitmap Index Scan on k_7  (cost=0.00..5.53 rows=110 width=0)
	        Index Cond: ((k >= 4833028) AND (k <= 4833128))

table 8 : explain SELECT k, c FROM sbtest8 WHERE k BETWEEN 4833028 AND 4833128
	Bitmap Heap Scan on sbtest8  (cost=5.48..409.07 rows=102 width=125)
	  Recheck Cond: ((k >= 4833028) AND (k <= 4833128))
	  ->  Bitmap Index Scan on k_8  (cost=0.00..5.45 rows=102 width=0)
	        Index Cond: ((k >= 4833028) AND (k <= 4833128))

explain: for range-notcovered :: explain SELECT k, c FROM sbtest%d WHERE k BETWEEN 699732 AND 699832
explain: for range-notcovered :: explain SELECT k, c FROM sbtest%d WHERE k BETWEEN 7219713 AND 7219813
for range-notcovered
table 1 : explain SELECT k, c FROM sbtest1 WHERE k BETWEEN 1922472 AND 1922572
	Bitmap Heap Scan on sbtest1  (cost=5.53..428.75 rows=107 width=125)
	  Recheck Cond: ((k >= 1922472) AND (k <= 1922572))
	  ->  Bitmap Index Scan on k_1  (cost=0.00..5.50 rows=107 width=0)
	        Index Cond: ((k >= 1922472) AND (k <= 1922572))

table 2 : explain SELECT k, c FROM sbtest2 WHERE k BETWEEN 1922472 AND 1922572
	Bitmap Heap Scan on sbtest2  (cost=5.58..448.42 rows=112 width=125)
	  Recheck Cond: ((k >= 1922472) AND (k <= 1922572))
	  ->  Bitmap Index Scan on k_2  (cost=0.00..5.55 rows=112 width=0)
	        Index Cond: ((k >= 1922472) AND (k <= 1922572))

table 3 : explain SELECT k, c FROM sbtest3 WHERE k BETWEEN 1922472 AND 1922572
	Bitmap Heap Scan on sbtest3  (cost=5.49..413.00 rows=103 width=125)
	  Recheck Cond: ((k >= 1922472) AND (k <= 1922572))
	  ->  Bitmap Index Scan on k_3  (cost=0.00..5.46 rows=103 width=0)
	        Index Cond: ((k >= 1922472) AND (k <= 1922572))

table 4 : explain SELECT k, c FROM sbtest4 WHERE k BETWEEN 1922472 AND 1922572
	Bitmap Heap Scan on sbtest4  (cost=5.52..424.81 rows=106 width=125)
	  Recheck Cond: ((k >= 1922472) AND (k <= 1922572))
	  ->  Bitmap Index Scan on k_4  (cost=0.00..5.50 rows=106 width=0)
	        Index Cond: ((k >= 1922472) AND (k <= 1922572))

table 5 : explain SELECT k, c FROM sbtest5 WHERE k BETWEEN 1922472 AND 1922572
	Bitmap Heap Scan on sbtest5  (cost=5.50..416.94 rows=104 width=125)
	  Recheck Cond: ((k >= 1922472) AND (k <= 1922572))
	  ->  Bitmap Index Scan on k_5  (cost=0.00..5.47 rows=104 width=0)
	        Index Cond: ((k >= 1922472) AND (k <= 1922572))

table 6 : explain SELECT k, c FROM sbtest6 WHERE k BETWEEN 1922472 AND 1922572
	Bitmap Heap Scan on sbtest6  (cost=5.43..389.37 rows=97 width=125)
	  Recheck Cond: ((k >= 1922472) AND (k <= 1922572))
	  ->  Bitmap Index Scan on k_6  (cost=0.00..5.40 rows=97 width=0)
	        Index Cond: ((k >= 1922472) AND (k <= 1922572))

table 7 : explain SELECT k, c FROM sbtest7 WHERE k BETWEEN 1922472 AND 1922572
	Bitmap Heap Scan on sbtest7  (cost=5.50..416.94 rows=104 width=125)
	  Recheck Cond: ((k >= 1922472) AND (k <= 1922572))
	  ->  Bitmap Index Scan on k_7  (cost=0.00..5.47 rows=104 width=0)
	        Index Cond: ((k >= 1922472) AND (k <= 1922572))

table 8 : explain SELECT k, c FROM sbtest8 WHERE k BETWEEN 1922472 AND 1922572
	Bitmap Heap Scan on sbtest8  (cost=5.49..413.00 rows=103 width=125)
	  Recheck Cond: ((k >= 1922472) AND (k <= 1922572))
	  ->  Bitmap Index Scan on k_8  (cost=0.00..5.46 rows=103 width=0)
	        Index Cond: ((k >= 1922472) AND (k <= 1922572))

explain: for range-notcovered :: explain SELECT k, c FROM sbtest%d WHERE k BETWEEN 4833028 AND 4833128
explain: for range-notcovered :: explain SELECT k, c FROM sbtest%d WHERE k BETWEEN 1922472 AND 1922572
for range-notcovered
table 1 : explain SELECT k, c FROM sbtest1 WHERE k BETWEEN 3315220 AND 3315320
	Bitmap Heap Scan on sbtest1  (cost=5.60..456.29 rows=114 width=125)
	  Recheck Cond: ((k >= 3315220) AND (k <= 3315320))
	  ->  Bitmap Index Scan on k_1  (cost=0.00..5.58 rows=114 width=0)
	        Index Cond: ((k >= 3315220) AND (k <= 3315320))

table 2 : explain SELECT k, c FROM sbtest2 WHERE k BETWEEN 3315220 AND 3315320
	Bitmap Heap Scan on sbtest2  (cost=5.46..401.19 rows=100 width=125)
	  Recheck Cond: ((k >= 3315220) AND (k <= 3315320))
	  ->  Bitmap Index Scan on k_2  (cost=0.00..5.43 rows=100 width=0)
	        Index Cond: ((k >= 3315220) AND (k <= 3315320))

table 3 : explain SELECT k, c FROM sbtest3 WHERE k BETWEEN 3315220 AND 3315320
	Bitmap Heap Scan on sbtest3  (cost=5.52..424.81 rows=106 width=125)
	  Recheck Cond: ((k >= 3315220) AND (k <= 3315320))
	  ->  Bitmap Index Scan on k_3  (cost=0.00..5.50 rows=106 width=0)
	        Index Cond: ((k >= 3315220) AND (k <= 3315320))

table 4 : explain SELECT k, c FROM sbtest4 WHERE k BETWEEN 3315220 AND 3315320
	Bitmap Heap Scan on sbtest4  (cost=5.55..436.62 rows=109 width=125)
	  Recheck Cond: ((k >= 3315220) AND (k <= 3315320))
	  ->  Bitmap Index Scan on k_4  (cost=0.00..5.52 rows=109 width=0)
	        Index Cond: ((k >= 3315220) AND (k <= 3315320))

table 5 : explain SELECT k, c FROM sbtest5 WHERE k BETWEEN 3315220 AND 3315320
	Bitmap Heap Scan on sbtest5  (cost=5.57..444.49 rows=111 width=125)
	  Recheck Cond: ((k >= 3315220) AND (k <= 3315320))
	  ->  Bitmap Index Scan on k_5  (cost=0.00..5.54 rows=111 width=0)
	        Index Cond: ((k >= 3315220) AND (k <= 3315320))

table 6 : explain SELECT k, c FROM sbtest6 WHERE k BETWEEN 3315220 AND 3315320
	Bitmap Heap Scan on sbtest6  (cost=5.54..432.69 rows=108 width=125)
	  Recheck Cond: ((k >= 3315220) AND (k <= 3315320))
	  ->  Bitmap Index Scan on k_6  (cost=0.00..5.51 rows=108 width=0)
	        Index Cond: ((k >= 3315220) AND (k <= 3315320))

table 7 : explain SELECT k, c FROM sbtest7 WHERE k BETWEEN 3315220 AND 3315320
	Bitmap Heap Scan on sbtest7  (cost=5.41..381.49 rows=95 width=125)
	  Recheck Cond: ((k >= 3315220) AND (k <= 3315320))
	  ->  Bitmap Index Scan on k_7  (cost=0.00..5.38 rows=95 width=0)
	        Index Cond: ((k >= 3315220) AND (k <= 3315320))

table 8 : explain SELECT k, c FROM sbtest8 WHERE k BETWEEN 3315220 AND 3315320
	Bitmap Heap Scan on sbtest8  (cost=5.49..413.00 rows=103 width=125)
	  Recheck Cond: ((k >= 3315220) AND (k <= 3315320))
	  ->  Bitmap Index Scan on k_8  (cost=0.00..5.46 rows=103 width=0)
	        Index Cond: ((k >= 3315220) AND (k <= 3315320))

for range-notcovered
table 1 : explain SELECT k, c FROM sbtest1 WHERE k BETWEEN 8384356 AND 8384456
	Bitmap Heap Scan on sbtest1  (cost=5.50..416.94 rows=104 width=125)
	  Recheck Cond: ((k >= 8384356) AND (k <= 8384456))
	  ->  Bitmap Index Scan on k_1  (cost=0.00..5.47 rows=104 width=0)
	        Index Cond: ((k >= 8384356) AND (k <= 8384456))

table 2 : explain SELECT k, c FROM sbtest2 WHERE k BETWEEN 8384356 AND 8384456
	Bitmap Heap Scan on sbtest2  (cost=5.48..409.07 rows=102 width=125)
	  Recheck Cond: ((k >= 8384356) AND (k <= 8384456))
	  ->  Bitmap Index Scan on k_2  (cost=0.00..5.45 rows=102 width=0)
	        Index Cond: ((k >= 8384356) AND (k <= 8384456))

table 3 : explain SELECT k, c FROM sbtest3 WHERE k BETWEEN 8384356 AND 8384456
	Bitmap Heap Scan on sbtest3  (cost=5.56..440.56 rows=110 width=125)
	  Recheck Cond: ((k >= 8384356) AND (k <= 8384456))
	  ->  Bitmap Index Scan on k_3  (cost=0.00..5.53 rows=110 width=0)
	        Index Cond: ((k >= 8384356) AND (k <= 8384456))

table 4 : explain SELECT k, c FROM sbtest4 WHERE k BETWEEN 8384356 AND 8384456
	Bitmap Heap Scan on sbtest4  (cost=5.53..428.75 rows=107 width=125)
	  Recheck Cond: ((k >= 8384356) AND (k <= 8384456))
	  ->  Bitmap Index Scan on k_4  (cost=0.00..5.50 rows=107 width=0)
	        Index Cond: ((k >= 8384356) AND (k <= 8384456))

table 5 : explain SELECT k, c FROM sbtest5 WHERE k BETWEEN 8384356 AND 8384456
	Bitmap Heap Scan on sbtest5  (cost=5.46..401.19 rows=100 width=125)
	  Recheck Cond: ((k >= 8384356) AND (k <= 8384456))
	  ->  Bitmap Index Scan on k_5  (cost=0.00..5.43 rows=100 width=0)
	        Index Cond: ((k >= 8384356) AND (k <= 8384456))

table 6 : explain SELECT k, c FROM sbtest6 WHERE k BETWEEN 8384356 AND 8384456
	Bitmap Heap Scan on sbtest6  (cost=5.50..416.94 rows=104 width=125)
	  Recheck Cond: ((k >= 8384356) AND (k <= 8384456))
	  ->  Bitmap Index Scan on k_6  (cost=0.00..5.47 rows=104 width=0)
	        Index Cond: ((k >= 8384356) AND (k <= 8384456))

table 7 : explain SELECT k, c FROM sbtest7 WHERE k BETWEEN 8384356 AND 8384456
	Bitmap Heap Scan on sbtest7  (cost=5.51..420.88 rows=105 width=125)
	  Recheck Cond: ((k >= 8384356) AND (k <= 8384456))
	  ->  Bitmap Index Scan on k_7  (cost=0.00..5.48 rows=105 width=0)
	        Index Cond: ((k >= 8384356) AND (k <= 8384456))

table 8 : explain SELECT k, c FROM sbtest8 WHERE k BETWEEN 8384356 AND 8384456
	Bitmap Heap Scan on sbtest8  (cost=5.42..385.43 rows=96 width=125)
	  Recheck Cond: ((k >= 8384356) AND (k <= 8384456))
	  ->  Bitmap Index Scan on k_8  (cost=0.00..5.39 rows=96 width=0)
	        Index Cond: ((k >= 8384356) AND (k <= 8384456))

explain: for range-notcovered :: explain SELECT k, c FROM sbtest%d WHERE k BETWEEN 3315220 AND 3315320
explain: for range-notcovered :: explain SELECT k, c FROM sbtest%d WHERE k BETWEEN 8384356 AND 8384456
for range-notcovered
table 1 : explain SELECT k, c FROM sbtest1 WHERE k BETWEEN 3982380 AND 3982480
	Bitmap Heap Scan on sbtest1  (cost=5.47..405.13 rows=101 width=125)
	  Recheck Cond: ((k >= 3982380) AND (k <= 3982480))
	  ->  Bitmap Index Scan on k_1  (cost=0.00..5.44 rows=101 width=0)
	        Index Cond: ((k >= 3982380) AND (k <= 3982480))

table 2 : explain SELECT k, c FROM sbtest2 WHERE k BETWEEN 3982380 AND 3982480
	Bitmap Heap Scan on sbtest2  (cost=5.54..432.69 rows=108 width=125)
	  Recheck Cond: ((k >= 3982380) AND (k <= 3982480))
	  ->  Bitmap Index Scan on k_2  (cost=0.00..5.51 rows=108 width=0)
	        Index Cond: ((k >= 3982380) AND (k <= 3982480))

table 3 : explain SELECT k, c FROM sbtest3 WHERE k BETWEEN 3982380 AND 3982480
	Bitmap Heap Scan on sbtest3  (cost=5.46..401.19 rows=100 width=125)
	  Recheck Cond: ((k >= 3982380) AND (k <= 3982480))
	  ->  Bitmap Index Scan on k_3  (cost=0.00..5.43 rows=100 width=0)
	        Index Cond: ((k >= 3982380) AND (k <= 3982480))

table 4 : explain SELECT k, c FROM sbtest4 WHERE k BETWEEN 3982380 AND 3982480
	Bitmap Heap Scan on sbtest4  (cost=5.58..448.42 rows=112 width=125)
	  Recheck Cond: ((k >= 3982380) AND (k <= 3982480))
	  ->  Bitmap Index Scan on k_4  (cost=0.00..5.55 rows=112 width=0)
	        Index Cond: ((k >= 3982380) AND (k <= 3982480))

table 5 : explain SELECT k, c FROM sbtest5 WHERE k BETWEEN 3982380 AND 3982480
	Bitmap Heap Scan on sbtest5  (cost=5.47..405.13 rows=101 width=125)
	  Recheck Cond: ((k >= 3982380) AND (k <= 3982480))
	  ->  Bitmap Index Scan on k_5  (cost=0.00..5.44 rows=101 width=0)
	        Index Cond: ((k >= 3982380) AND (k <= 3982480))

table 6 : explain SELECT k, c FROM sbtest6 WHERE k BETWEEN 3982380 AND 3982480
	Bitmap Heap Scan on sbtest6  (cost=5.44..393.31 rows=98 width=125)
	  Recheck Cond: ((k >= 3982380) AND (k <= 3982480))
	  ->  Bitmap Index Scan on k_6  (cost=0.00..5.42 rows=98 width=0)
	        Index Cond: ((k >= 3982380) AND (k <= 3982480))

table 7 : explain SELECT k, c FROM sbtest7 WHERE k BETWEEN 3982380 AND 3982480
	Bitmap Heap Scan on sbtest7  (cost=5.45..397.25 rows=99 width=125)
	  Recheck Cond: ((k >= 3982380) AND (k <= 3982480))
	  ->  Bitmap Index Scan on k_7  (cost=0.00..5.42 rows=99 width=0)
	        Index Cond: ((k >= 3982380) AND (k <= 3982480))

table 8 : explain SELECT k, c FROM sbtest8 WHERE k BETWEEN 3982380 AND 3982480
	Bitmap Heap Scan on sbtest8  (cost=5.51..420.88 rows=105 width=125)
	  Recheck Cond: ((k >= 3982380) AND (k <= 3982480))
	  ->  Bitmap Index Scan on k_8  (cost=0.00..5.48 rows=105 width=0)
	        Index Cond: ((k >= 3982380) AND (k <= 3982480))

explain: for range-notcovered :: explain SELECT k, c FROM sbtest%d WHERE k BETWEEN 3982380 AND 3982480
for range-notcovered
table 1 : explain SELECT k, c FROM sbtest1 WHERE k BETWEEN 4325893 AND 4325993
	Bitmap Heap Scan on sbtest1  (cost=5.57..444.49 rows=111 width=125)
	  Recheck Cond: ((k >= 4325893) AND (k <= 4325993))
	  ->  Bitmap Index Scan on k_1  (cost=0.00..5.54 rows=111 width=0)
	        Index Cond: ((k >= 4325893) AND (k <= 4325993))

table 2 : explain SELECT k, c FROM sbtest2 WHERE k BETWEEN 4325893 AND 4325993
	Bitmap Heap Scan on sbtest2  (cost=5.42..385.43 rows=96 width=125)
	  Recheck Cond: ((k >= 4325893) AND (k <= 4325993))
	  ->  Bitmap Index Scan on k_2  (cost=0.00..5.39 rows=96 width=0)
	        Index Cond: ((k >= 4325893) AND (k <= 4325993))

table 3 : explain SELECT k, c FROM sbtest3 WHERE k BETWEEN 4325893 AND 4325993
	Bitmap Heap Scan on sbtest3  (cost=5.59..452.36 rows=113 width=125)
	  Recheck Cond: ((k >= 4325893) AND (k <= 4325993))
	  ->  Bitmap Index Scan on k_3  (cost=0.00..5.56 rows=113 width=0)
	        Index Cond: ((k >= 4325893) AND (k <= 4325993))

table 4 : explain SELECT k, c FROM sbtest4 WHERE k BETWEEN 4325893 AND 4325993
	Bitmap Heap Scan on sbtest4  (cost=5.46..401.19 rows=100 width=125)
	  Recheck Cond: ((k >= 4325893) AND (k <= 4325993))
	  ->  Bitmap Index Scan on k_4  (cost=0.00..5.43 rows=100 width=0)
	        Index Cond: ((k >= 4325893) AND (k <= 4325993))

table 5 : explain SELECT k, c FROM sbtest5 WHERE k BETWEEN 4325893 AND 4325993
	Bitmap Heap Scan on sbtest5  (cost=5.39..373.61 rows=93 width=125)
	  Recheck Cond: ((k >= 4325893) AND (k <= 4325993))
	  ->  Bitmap Index Scan on k_5  (cost=0.00..5.36 rows=93 width=0)
	        Index Cond: ((k >= 4325893) AND (k <= 4325993))

table 6 : explain SELECT k, c FROM sbtest6 WHERE k BETWEEN 4325893 AND 4325993
	Bitmap Heap Scan on sbtest6  (cost=5.51..420.88 rows=105 width=125)
	  Recheck Cond: ((k >= 4325893) AND (k <= 4325993))
	  ->  Bitmap Index Scan on k_6  (cost=0.00..5.48 rows=105 width=0)
	        Index Cond: ((k >= 4325893) AND (k <= 4325993))

table 7 : explain SELECT k, c FROM sbtest7 WHERE k BETWEEN 4325893 AND 4325993
	Bitmap Heap Scan on sbtest7  (cost=5.43..389.37 rows=97 width=125)
	  Recheck Cond: ((k >= 4325893) AND (k <= 4325993))
	  ->  Bitmap Index Scan on k_7  (cost=0.00..5.40 rows=97 width=0)
	        Index Cond: ((k >= 4325893) AND (k <= 4325993))

table 8 : explain SELECT k, c FROM sbtest8 WHERE k BETWEEN 4325893 AND 4325993
	Bitmap Heap Scan on sbtest8  (cost=5.60..456.29 rows=114 width=125)
	  Recheck Cond: ((k >= 4325893) AND (k <= 4325993))
	  ->  Bitmap Index Scan on k_8  (cost=0.00..5.58 rows=114 width=0)
	        Index Cond: ((k >= 4325893) AND (k <= 4325993))

for range-notcovered
table 1 : explain SELECT k, c FROM sbtest1 WHERE k BETWEEN 4833028 AND 4833128
	Bitmap Heap Scan on sbtest1  (cost=5.51..420.88 rows=105 width=125)
	  Recheck Cond: ((k >= 4833028) AND (k <= 4833128))
	  ->  Bitmap Index Scan on k_1  (cost=0.00..5.48 rows=105 width=0)
	        Index Cond: ((k >= 4833028) AND (k <= 4833128))

table 2 : explain SELECT k, c FROM sbtest2 WHERE k BETWEEN 4833028 AND 4833128
	Bitmap Heap Scan on sbtest2  (cost=5.51..420.88 rows=105 width=125)
	  Recheck Cond: ((k >= 4833028) AND (k <= 4833128))
	  ->  Bitmap Index Scan on k_2  (cost=0.00..5.48 rows=105 width=0)
	        Index Cond: ((k >= 4833028) AND (k <= 4833128))

table 3 : explain SELECT k, c FROM sbtest3 WHERE k BETWEEN 4833028 AND 4833128
	Bitmap Heap Scan on sbtest3  (cost=5.38..369.67 rows=92 width=125)
	  Recheck Cond: ((k >= 4833028) AND (k <= 4833128))
	  ->  Bitmap Index Scan on k_3  (cost=0.00..5.35 rows=92 width=0)
	        Index Cond: ((k >= 4833028) AND (k <= 4833128))

table 4 : explain SELECT k, c FROM sbtest4 WHERE k BETWEEN 4833028 AND 4833128
	Bitmap Heap Scan on sbtest4  (cost=5.45..397.25 rows=99 width=125)
	  Recheck Cond: ((k >= 4833028) AND (k <= 4833128))
	  ->  Bitmap Index Scan on k_4  (cost=0.00..5.42 rows=99 width=0)
	        Index Cond: ((k >= 4833028) AND (k <= 4833128))

table 5 : explain SELECT k, c FROM sbtest5 WHERE k BETWEEN 4833028 AND 4833128
	Bitmap Heap Scan on sbtest5  (cost=5.47..405.13 rows=101 width=125)
	  Recheck Cond: ((k >= 4833028) AND (k <= 4833128))
	  ->  Bitmap Index Scan on k_5  (cost=0.00..5.44 rows=101 width=0)
	        Index Cond: ((k >= 4833028) AND (k <= 4833128))

table 6 : explain SELECT k, c FROM sbtest6 WHERE k BETWEEN 4833028 AND 4833128
	Bitmap Heap Scan on sbtest6  (cost=5.52..424.81 rows=106 width=125)
	  Recheck Cond: ((k >= 4833028) AND (k <= 4833128))
	  ->  Bitmap Index Scan on k_6  (cost=0.00..5.50 rows=106 width=0)
	        Index Cond: ((k >= 4833028) AND (k <= 4833128))

table 7 : explain SELECT k, c FROM sbtest7 WHERE k BETWEEN 4833028 AND 4833128
	Bitmap Heap Scan on sbtest7  (cost=5.56..440.56 rows=110 width=125)
	  Recheck Cond: ((k >= 4833028) AND (k <= 4833128))
	  ->  Bitmap Index Scan on k_7  (cost=0.00..5.53 rows=110 width=0)
	        Index Cond: ((k >= 4833028) AND (k <= 4833128))

table 8 : explain SELECT k, c FROM sbtest8 WHERE k BETWEEN 4833028 AND 4833128
	Bitmap Heap Scan on sbtest8  (cost=5.48..409.07 rows=102 width=125)
	  Recheck Cond: ((k >= 4833028) AND (k <= 4833128))
	  ->  Bitmap Index Scan on k_8  (cost=0.00..5.45 rows=102 width=0)
	        Index Cond: ((k >= 4833028) AND (k <= 4833128))

explain: for range-notcovered :: explain SELECT k, c FROM sbtest%d WHERE k BETWEEN 4325893 AND 4325993
for range-notcovered
table 1 : explain SELECT k, c FROM sbtest1 WHERE k BETWEEN 699732 AND 699832
	Bitmap Heap Scan on sbtest1  (cost=5.50..416.94 rows=104 width=125)
	  Recheck Cond: ((k >= 699732) AND (k <= 699832))
	  ->  Bitmap Index Scan on k_1  (cost=0.00..5.47 rows=104 width=0)
	        Index Cond: ((k >= 699732) AND (k <= 699832))

table 2 : explain SELECT k, c FROM sbtest2 WHERE k BETWEEN 699732 AND 699832
	Bitmap Heap Scan on sbtest2  (cost=5.53..428.75 rows=107 width=125)
	  Recheck Cond: ((k >= 699732) AND (k <= 699832))
	  ->  Bitmap Index Scan on k_2  (cost=0.00..5.50 rows=107 width=0)
	        Index Cond: ((k >= 699732) AND (k <= 699832))

table 3 : explain SELECT k, c FROM sbtest3 WHERE k BETWEEN 699732 AND 699832
	Bitmap Heap Scan on sbtest3  (cost=5.48..409.07 rows=102 width=125)
	  Recheck Cond: ((k >= 699732) AND (k <= 699832))
	  ->  Bitmap Index Scan on k_3  (cost=0.00..5.45 rows=102 width=0)
	        Index Cond: ((k >= 699732) AND (k <= 699832))

table 4 : explain SELECT k, c FROM sbtest4 WHERE k BETWEEN 699732 AND 699832
	Bitmap Heap Scan on sbtest4  (cost=5.48..409.07 rows=102 width=125)
	  Recheck Cond: ((k >= 699732) AND (k <= 699832))
	  ->  Bitmap Index Scan on k_4  (cost=0.00..5.45 rows=102 width=0)
	        Index Cond: ((k >= 699732) AND (k <= 699832))

table 5 : explain SELECT k, c FROM sbtest5 WHERE k BETWEEN 699732 AND 699832
	Bitmap Heap Scan on sbtest5  (cost=5.39..373.61 rows=93 width=125)
	  Recheck Cond: ((k >= 699732) AND (k <= 699832))
	  ->  Bitmap Index Scan on k_5  (cost=0.00..5.36 rows=93 width=0)
	        Index Cond: ((k >= 699732) AND (k <= 699832))

table 6 : explain SELECT k, c FROM sbtest6 WHERE k BETWEEN 699732 AND 699832
	Bitmap Heap Scan on sbtest6  (cost=5.40..377.55 rows=94 width=125)
	  Recheck Cond: ((k >= 699732) AND (k <= 699832))
	  ->  Bitmap Index Scan on k_6  (cost=0.00..5.38 rows=94 width=0)
	        Index Cond: ((k >= 699732) AND (k <= 699832))

table 7 : explain SELECT k, c FROM sbtest7 WHERE k BETWEEN 699732 AND 699832
	Bitmap Heap Scan on sbtest7  (cost=5.51..420.88 rows=105 width=125)
	  Recheck Cond: ((k >= 699732) AND (k <= 699832))
	  ->  Bitmap Index Scan on k_7  (cost=0.00..5.48 rows=105 width=0)
	        Index Cond: ((k >= 699732) AND (k <= 699832))

table 8 : explain SELECT k, c FROM sbtest8 WHERE k BETWEEN 699732 AND 699832
	Bitmap Heap Scan on sbtest8  (cost=5.39..373.61 rows=93 width=125)
	  Recheck Cond: ((k >= 699732) AND (k <= 699832))
	  ->  Bitmap Index Scan on k_8  (cost=0.00..5.36 rows=93 width=0)
	        Index Cond: ((k >= 699732) AND (k <= 699832))

explain: for range-notcovered :: explain SELECT k, c FROM sbtest%d WHERE k BETWEEN 4833028 AND 4833128
explain: for range-notcovered :: explain SELECT k, c FROM sbtest%d WHERE k BETWEEN 4910083 AND 4910183
explain: for range-notcovered :: explain SELECT k, c FROM sbtest%d WHERE k BETWEEN 699732 AND 699832
for range-notcovered
table 1 : explain SELECT k, c FROM sbtest1 WHERE k BETWEEN 1922472 AND 1922572
	Bitmap Heap Scan on sbtest1  (cost=5.53..428.75 rows=107 width=125)
	  Recheck Cond: ((k >= 1922472) AND (k <= 1922572))
	  ->  Bitmap Index Scan on k_1  (cost=0.00..5.50 rows=107 width=0)
	        Index Cond: ((k >= 1922472) AND (k <= 1922572))

table 2 : explain SELECT k, c FROM sbtest2 WHERE k BETWEEN 1922472 AND 1922572
	Bitmap Heap Scan on sbtest2  (cost=5.58..448.42 rows=112 width=125)
	  Recheck Cond: ((k >= 1922472) AND (k <= 1922572))
	  ->  Bitmap Index Scan on k_2  (cost=0.00..5.55 rows=112 width=0)
	        Index Cond: ((k >= 1922472) AND (k <= 1922572))

table 3 : explain SELECT k, c FROM sbtest3 WHERE k BETWEEN 1922472 AND 1922572
	Bitmap Heap Scan on sbtest3  (cost=5.49..413.00 rows=103 width=125)
	  Recheck Cond: ((k >= 1922472) AND (k <= 1922572))
	  ->  Bitmap Index Scan on k_3  (cost=0.00..5.46 rows=103 width=0)
	        Index Cond: ((k >= 1922472) AND (k <= 1922572))

table 4 : explain SELECT k, c FROM sbtest4 WHERE k BETWEEN 1922472 AND 1922572
	Bitmap Heap Scan on sbtest4  (cost=5.52..424.81 rows=106 width=125)
	  Recheck Cond: ((k >= 1922472) AND (k <= 1922572))
	  ->  Bitmap Index Scan on k_4  (cost=0.00..5.50 rows=106 width=0)
	        Index Cond: ((k >= 1922472) AND (k <= 1922572))

table 5 : explain SELECT k, c FROM sbtest5 WHERE k BETWEEN 1922472 AND 1922572
	Bitmap Heap Scan on sbtest5  (cost=5.50..416.94 rows=104 width=125)
	  Recheck Cond: ((k >= 1922472) AND (k <= 1922572))
	  ->  Bitmap Index Scan on k_5  (cost=0.00..5.47 rows=104 width=0)
	        Index Cond: ((k >= 1922472) AND (k <= 1922572))

table 6 : explain SELECT k, c FROM sbtest6 WHERE k BETWEEN 1922472 AND 1922572
	Bitmap Heap Scan on sbtest6  (cost=5.43..389.37 rows=97 width=125)
	  Recheck Cond: ((k >= 1922472) AND (k <= 1922572))
	  ->  Bitmap Index Scan on k_6  (cost=0.00..5.40 rows=97 width=0)
	        Index Cond: ((k >= 1922472) AND (k <= 1922572))

table 7 : explain SELECT k, c FROM sbtest7 WHERE k BETWEEN 1922472 AND 1922572
	Bitmap Heap Scan on sbtest7  (cost=5.50..416.94 rows=104 width=125)
	  Recheck Cond: ((k >= 1922472) AND (k <= 1922572))
	  ->  Bitmap Index Scan on k_7  (cost=0.00..5.47 rows=104 width=0)
	        Index Cond: ((k >= 1922472) AND (k <= 1922572))

table 8 : explain SELECT k, c FROM sbtest8 WHERE k BETWEEN 1922472 AND 1922572
	Bitmap Heap Scan on sbtest8  (cost=5.49..413.00 rows=103 width=125)
	  Recheck Cond: ((k >= 1922472) AND (k <= 1922572))
	  ->  Bitmap Index Scan on k_8  (cost=0.00..5.46 rows=103 width=0)
	        Index Cond: ((k >= 1922472) AND (k <= 1922572))

explain: for range-notcovered :: explain SELECT k, c FROM sbtest%d WHERE k BETWEEN 1922472 AND 1922572
for range-notcovered
table 1 : explain SELECT k, c FROM sbtest1 WHERE k BETWEEN 3315220 AND 3315320
	Bitmap Heap Scan on sbtest1  (cost=5.60..456.29 rows=114 width=125)
	  Recheck Cond: ((k >= 3315220) AND (k <= 3315320))
	  ->  Bitmap Index Scan on k_1  (cost=0.00..5.58 rows=114 width=0)
	        Index Cond: ((k >= 3315220) AND (k <= 3315320))

table 2 : explain SELECT k, c FROM sbtest2 WHERE k BETWEEN 3315220 AND 3315320
	Bitmap Heap Scan on sbtest2  (cost=5.46..401.19 rows=100 width=125)
	  Recheck Cond: ((k >= 3315220) AND (k <= 3315320))
	  ->  Bitmap Index Scan on k_2  (cost=0.00..5.43 rows=100 width=0)
	        Index Cond: ((k >= 3315220) AND (k <= 3315320))

table 3 : explain SELECT k, c FROM sbtest3 WHERE k BETWEEN 3315220 AND 3315320
	Bitmap Heap Scan on sbtest3  (cost=5.52..424.81 rows=106 width=125)
	  Recheck Cond: ((k >= 3315220) AND (k <= 3315320))
	  ->  Bitmap Index Scan on k_3  (cost=0.00..5.50 rows=106 width=0)
	        Index Cond: ((k >= 3315220) AND (k <= 3315320))

table 4 : explain SELECT k, c FROM sbtest4 WHERE k BETWEEN 3315220 AND 3315320
	Bitmap Heap Scan on sbtest4  (cost=5.55..436.62 rows=109 width=125)
	  Recheck Cond: ((k >= 3315220) AND (k <= 3315320))
	  ->  Bitmap Index Scan on k_4  (cost=0.00..5.52 rows=109 width=0)
	        Index Cond: ((k >= 3315220) AND (k <= 3315320))

table 5 : explain SELECT k, c FROM sbtest5 WHERE k BETWEEN 3315220 AND 3315320
	Bitmap Heap Scan on sbtest5  (cost=5.57..444.49 rows=111 width=125)
	  Recheck Cond: ((k >= 3315220) AND (k <= 3315320))
	  ->  Bitmap Index Scan on k_5  (cost=0.00..5.54 rows=111 width=0)
	        Index Cond: ((k >= 3315220) AND (k <= 3315320))

table 6 : explain SELECT k, c FROM sbtest6 WHERE k BETWEEN 3315220 AND 3315320
	Bitmap Heap Scan on sbtest6  (cost=5.54..432.69 rows=108 width=125)
	  Recheck Cond: ((k >= 3315220) AND (k <= 3315320))
	  ->  Bitmap Index Scan on k_6  (cost=0.00..5.51 rows=108 width=0)
	        Index Cond: ((k >= 3315220) AND (k <= 3315320))

table 7 : explain SELECT k, c FROM sbtest7 WHERE k BETWEEN 3315220 AND 3315320
	Bitmap Heap Scan on sbtest7  (cost=5.41..381.49 rows=95 width=125)
	  Recheck Cond: ((k >= 3315220) AND (k <= 3315320))
	  ->  Bitmap Index Scan on k_7  (cost=0.00..5.38 rows=95 width=0)
	        Index Cond: ((k >= 3315220) AND (k <= 3315320))

table 8 : explain SELECT k, c FROM sbtest8 WHERE k BETWEEN 3315220 AND 3315320
	Bitmap Heap Scan on sbtest8  (cost=5.49..413.00 rows=103 width=125)
	  Recheck Cond: ((k >= 3315220) AND (k <= 3315320))
	  ->  Bitmap Index Scan on k_8  (cost=0.00..5.46 rows=103 width=0)
	        Index Cond: ((k >= 3315220) AND (k <= 3315320))

for range-notcovered
table 1 : explain SELECT k, c FROM sbtest1 WHERE k BETWEEN 8384356 AND 8384456
	Bitmap Heap Scan on sbtest1  (cost=5.50..416.94 rows=104 width=125)
	  Recheck Cond: ((k >= 8384356) AND (k <= 8384456))
	  ->  Bitmap Index Scan on k_1  (cost=0.00..5.47 rows=104 width=0)
	        Index Cond: ((k >= 8384356) AND (k <= 8384456))

table 2 : explain SELECT k, c FROM sbtest2 WHERE k BETWEEN 8384356 AND 8384456
	Bitmap Heap Scan on sbtest2  (cost=5.48..409.07 rows=102 width=125)
	  Recheck Cond: ((k >= 8384356) AND (k <= 8384456))
	  ->  Bitmap Index Scan on k_2  (cost=0.00..5.45 rows=102 width=0)
	        Index Cond: ((k >= 8384356) AND (k <= 8384456))

table 3 : explain SELECT k, c FROM sbtest3 WHERE k BETWEEN 8384356 AND 8384456
	Bitmap Heap Scan on sbtest3  (cost=5.56..440.56 rows=110 width=125)
	  Recheck Cond: ((k >= 8384356) AND (k <= 8384456))
	  ->  Bitmap Index Scan on k_3  (cost=0.00..5.53 rows=110 width=0)
	        Index Cond: ((k >= 8384356) AND (k <= 8384456))

table 4 : explain SELECT k, c FROM sbtest4 WHERE k BETWEEN 8384356 AND 8384456
	Bitmap Heap Scan on sbtest4  (cost=5.53..428.75 rows=107 width=125)
	  Recheck Cond: ((k >= 8384356) AND (k <= 8384456))
	  ->  Bitmap Index Scan on k_4  (cost=0.00..5.50 rows=107 width=0)
	        Index Cond: ((k >= 8384356) AND (k <= 8384456))

table 5 : explain SELECT k, c FROM sbtest5 WHERE k BETWEEN 8384356 AND 8384456
	Bitmap Heap Scan on sbtest5  (cost=5.46..401.19 rows=100 width=125)
	  Recheck Cond: ((k >= 8384356) AND (k <= 8384456))
	  ->  Bitmap Index Scan on k_5  (cost=0.00..5.43 rows=100 width=0)
	        Index Cond: ((k >= 8384356) AND (k <= 8384456))

table 6 : explain SELECT k, c FROM sbtest6 WHERE k BETWEEN 8384356 AND 8384456
	Bitmap Heap Scan on sbtest6  (cost=5.50..416.94 rows=104 width=125)
	  Recheck Cond: ((k >= 8384356) AND (k <= 8384456))
	  ->  Bitmap Index Scan on k_6  (cost=0.00..5.47 rows=104 width=0)
	        Index Cond: ((k >= 8384356) AND (k <= 8384456))

table 7 : explain SELECT k, c FROM sbtest7 WHERE k BETWEEN 8384356 AND 8384456
	Bitmap Heap Scan on sbtest7  (cost=5.51..420.88 rows=105 width=125)
	  Recheck Cond: ((k >= 8384356) AND (k <= 8384456))
	  ->  Bitmap Index Scan on k_7  (cost=0.00..5.48 rows=105 width=0)
	        Index Cond: ((k >= 8384356) AND (k <= 8384456))

table 8 : explain SELECT k, c FROM sbtest8 WHERE k BETWEEN 8384356 AND 8384456
	Bitmap Heap Scan on sbtest8  (cost=5.42..385.43 rows=96 width=125)
	  Recheck Cond: ((k >= 8384356) AND (k <= 8384456))
	  ->  Bitmap Index Scan on k_8  (cost=0.00..5.39 rows=96 width=0)
	        Index Cond: ((k >= 8384356) AND (k <= 8384456))

for range-notcovered
table 1 : explain SELECT k, c FROM sbtest1 WHERE k BETWEEN 3982380 AND 3982480
	Bitmap Heap Scan on sbtest1  (cost=5.47..405.13 rows=101 width=125)
	  Recheck Cond: ((k >= 3982380) AND (k <= 3982480))
	  ->  Bitmap Index Scan on k_1  (cost=0.00..5.44 rows=101 width=0)
	        Index Cond: ((k >= 3982380) AND (k <= 3982480))

table 2 : explain SELECT k, c FROM sbtest2 WHERE k BETWEEN 3982380 AND 3982480
	Bitmap Heap Scan on sbtest2  (cost=5.54..432.69 rows=108 width=125)
	  Recheck Cond: ((k >= 3982380) AND (k <= 3982480))
	  ->  Bitmap Index Scan on k_2  (cost=0.00..5.51 rows=108 width=0)
	        Index Cond: ((k >= 3982380) AND (k <= 3982480))

table 3 : explain SELECT k, c FROM sbtest3 WHERE k BETWEEN 3982380 AND 3982480
	Bitmap Heap Scan on sbtest3  (cost=5.46..401.19 rows=100 width=125)
	  Recheck Cond: ((k >= 3982380) AND (k <= 3982480))
	  ->  Bitmap Index Scan on k_3  (cost=0.00..5.43 rows=100 width=0)
	        Index Cond: ((k >= 3982380) AND (k <= 3982480))

table 4 : explain SELECT k, c FROM sbtest4 WHERE k BETWEEN 3982380 AND 3982480
	Bitmap Heap Scan on sbtest4  (cost=5.58..448.42 rows=112 width=125)
	  Recheck Cond: ((k >= 3982380) AND (k <= 3982480))
	  ->  Bitmap Index Scan on k_4  (cost=0.00..5.55 rows=112 width=0)
	        Index Cond: ((k >= 3982380) AND (k <= 3982480))

table 5 : explain SELECT k, c FROM sbtest5 WHERE k BETWEEN 3982380 AND 3982480
	Bitmap Heap Scan on sbtest5  (cost=5.47..405.13 rows=101 width=125)
	  Recheck Cond: ((k >= 3982380) AND (k <= 3982480))
	  ->  Bitmap Index Scan on k_5  (cost=0.00..5.44 rows=101 width=0)
	        Index Cond: ((k >= 3982380) AND (k <= 3982480))

table 6 : explain SELECT k, c FROM sbtest6 WHERE k BETWEEN 3982380 AND 3982480
	Bitmap Heap Scan on sbtest6  (cost=5.44..393.31 rows=98 width=125)
	  Recheck Cond: ((k >= 3982380) AND (k <= 3982480))
	  ->  Bitmap Index Scan on k_6  (cost=0.00..5.42 rows=98 width=0)
	        Index Cond: ((k >= 3982380) AND (k <= 3982480))

table 7 : explain SELECT k, c FROM sbtest7 WHERE k BETWEEN 3982380 AND 3982480
	Bitmap Heap Scan on sbtest7  (cost=5.45..397.25 rows=99 width=125)
	  Recheck Cond: ((k >= 3982380) AND (k <= 3982480))
	  ->  Bitmap Index Scan on k_7  (cost=0.00..5.42 rows=99 width=0)
	        Index Cond: ((k >= 3982380) AND (k <= 3982480))

table 8 : explain SELECT k, c FROM sbtest8 WHERE k BETWEEN 3982380 AND 3982480
	Bitmap Heap Scan on sbtest8  (cost=5.51..420.88 rows=105 width=125)
	  Recheck Cond: ((k >= 3982380) AND (k <= 3982480))
	  ->  Bitmap Index Scan on k_8  (cost=0.00..5.48 rows=105 width=0)
	        Index Cond: ((k >= 3982380) AND (k <= 3982480))

explain: for range-notcovered :: explain SELECT k, c FROM sbtest%d WHERE k BETWEEN 3315220 AND 3315320
explain: for range-notcovered :: explain SELECT k, c FROM sbtest%d WHERE k BETWEEN 8384356 AND 8384456
explain: for range-notcovered :: explain SELECT k, c FROM sbtest%d WHERE k BETWEEN 3982380 AND 3982480
for range-notcovered
table 1 : explain SELECT k, c FROM sbtest1 WHERE k BETWEEN 9872678 AND 9872778
	Bitmap Heap Scan on sbtest1  (cost=5.45..397.25 rows=99 width=125)
	  Recheck Cond: ((k >= 9872678) AND (k <= 9872778))
	  ->  Bitmap Index Scan on k_1  (cost=0.00..5.42 rows=99 width=0)
	        Index Cond: ((k >= 9872678) AND (k <= 9872778))

table 2 : explain SELECT k, c FROM sbtest2 WHERE k BETWEEN 9872678 AND 9872778
	Bitmap Heap Scan on sbtest2  (cost=5.47..405.13 rows=101 width=125)
	  Recheck Cond: ((k >= 9872678) AND (k <= 9872778))
	  ->  Bitmap Index Scan on k_2  (cost=0.00..5.44 rows=101 width=0)
	        Index Cond: ((k >= 9872678) AND (k <= 9872778))

table 3 : explain SELECT k, c FROM sbtest3 WHERE k BETWEEN 9872678 AND 9872778
	Bitmap Heap Scan on sbtest3  (cost=5.44..393.31 rows=98 width=125)
	  Recheck Cond: ((k >= 9872678) AND (k <= 9872778))
	  ->  Bitmap Index Scan on k_3  (cost=0.00..5.42 rows=98 width=0)
	        Index Cond: ((k >= 9872678) AND (k <= 9872778))

table 4 : explain SELECT k, c FROM sbtest4 WHERE k BETWEEN 9872678 AND 9872778
	Bitmap Heap Scan on sbtest4  (cost=5.60..456.29 rows=114 width=125)
	  Recheck Cond: ((k >= 9872678) AND (k <= 9872778))
	  ->  Bitmap Index Scan on k_4  (cost=0.00..5.58 rows=114 width=0)
	        Index Cond: ((k >= 9872678) AND (k <= 9872778))

table 5 : explain SELECT k, c FROM sbtest5 WHERE k BETWEEN 9872678 AND 9872778
	Bitmap Heap Scan on sbtest5  (cost=5.45..397.25 rows=99 width=125)
	  Recheck Cond: ((k >= 9872678) AND (k <= 9872778))
	  ->  Bitmap Index Scan on k_5  (cost=0.00..5.42 rows=99 width=0)
	        Index Cond: ((k >= 9872678) AND (k <= 9872778))

table 6 : explain SELECT k, c FROM sbtest6 WHERE k BETWEEN 9872678 AND 9872778
	Bitmap Heap Scan on sbtest6  (cost=5.50..416.94 rows=104 width=125)
	  Recheck Cond: ((k >= 9872678) AND (k <= 9872778))
	  ->  Bitmap Index Scan on k_6  (cost=0.00..5.47 rows=104 width=0)
	        Index Cond: ((k >= 9872678) AND (k <= 9872778))

table 7 : explain SELECT k, c FROM sbtest7 WHERE k BETWEEN 9872678 AND 9872778
	Bitmap Heap Scan on sbtest7  (cost=5.47..405.13 rows=101 width=125)
	  Recheck Cond: ((k >= 9872678) AND (k <= 9872778))
	  ->  Bitmap Index Scan on k_7  (cost=0.00..5.44 rows=101 width=0)
	        Index Cond: ((k >= 9872678) AND (k <= 9872778))

table 8 : explain SELECT k, c FROM sbtest8 WHERE k BETWEEN 9872678 AND 9872778
	Bitmap Heap Scan on sbtest8  (cost=5.61..460.22 rows=115 width=125)
	  Recheck Cond: ((k >= 9872678) AND (k <= 9872778))
	  ->  Bitmap Index Scan on k_8  (cost=0.00..5.58 rows=115 width=0)
	        Index Cond: ((k >= 9872678) AND (k <= 9872778))

for range-notcovered
table 1 : explain SELECT k, c FROM sbtest1 WHERE k BETWEEN 2726962 AND 2727062
	Bitmap Heap Scan on sbtest1  (cost=5.47..405.13 rows=101 width=125)
	  Recheck Cond: ((k >= 2726962) AND (k <= 2727062))
	  ->  Bitmap Index Scan on k_1  (cost=0.00..5.44 rows=101 width=0)
	        Index Cond: ((k >= 2726962) AND (k <= 2727062))

table 2 : explain SELECT k, c FROM sbtest2 WHERE k BETWEEN 2726962 AND 2727062
	Bitmap Heap Scan on sbtest2  (cost=5.41..381.49 rows=95 width=125)
	  Recheck Cond: ((k >= 2726962) AND (k <= 2727062))
	  ->  Bitmap Index Scan on k_2  (cost=0.00..5.38 rows=95 width=0)
	        Index Cond: ((k >= 2726962) AND (k <= 2727062))

table 3 : explain SELECT k, c FROM sbtest3 WHERE k BETWEEN 2726962 AND 2727062
	Bitmap Heap Scan on sbtest3  (cost=5.47..405.13 rows=101 width=125)
	  Recheck Cond: ((k >= 2726962) AND (k <= 2727062))
	  ->  Bitmap Index Scan on k_3  (cost=0.00..5.44 rows=101 width=0)
	        Index Cond: ((k >= 2726962) AND (k <= 2727062))

table 4 : explain SELECT k, c FROM sbtest4 WHERE k BETWEEN 2726962 AND 2727062
	Bitmap Heap Scan on sbtest4  (cost=5.41..381.49 rows=95 width=125)
	  Recheck Cond: ((k >= 2726962) AND (k <= 2727062))
	  ->  Bitmap Index Scan on k_4  (cost=0.00..5.38 rows=95 width=0)
	        Index Cond: ((k >= 2726962) AND (k <= 2727062))

table 5 : explain SELECT k, c FROM sbtest5 WHERE k BETWEEN 2726962 AND 2727062
	Bitmap Heap Scan on sbtest5  (cost=5.46..401.19 rows=100 width=125)
	  Recheck Cond: ((k >= 2726962) AND (k <= 2727062))
	  ->  Bitmap Index Scan on k_5  (cost=0.00..5.43 rows=100 width=0)
	        Index Cond: ((k >= 2726962) AND (k <= 2727062))

table 6 : explain SELECT k, c FROM sbtest6 WHERE k BETWEEN 2726962 AND 2727062
	Bitmap Heap Scan on sbtest6  (cost=5.47..405.13 rows=101 width=125)
	  Recheck Cond: ((k >= 2726962) AND (k <= 2727062))
	  ->  Bitmap Index Scan on k_6  (cost=0.00..5.44 rows=101 width=0)
	        Index Cond: ((k >= 2726962) AND (k <= 2727062))

table 7 : explain SELECT k, c FROM sbtest7 WHERE k BETWEEN 2726962 AND 2727062
	Bitmap Heap Scan on sbtest7  (cost=5.42..385.43 rows=96 width=125)
	  Recheck Cond: ((k >= 2726962) AND (k <= 2727062))
	  ->  Bitmap Index Scan on k_7  (cost=0.00..5.39 rows=96 width=0)
	        Index Cond: ((k >= 2726962) AND (k <= 2727062))

table 8 : explain SELECT k, c FROM sbtest8 WHERE k BETWEEN 2726962 AND 2727062
	Bitmap Heap Scan on sbtest8  (cost=5.47..405.13 rows=101 width=125)
	  Recheck Cond: ((k >= 2726962) AND (k <= 2727062))
	  ->  Bitmap Index Scan on k_8  (cost=0.00..5.44 rows=101 width=0)
	        Index Cond: ((k >= 2726962) AND (k <= 2727062))

explain: for range-notcovered :: explain SELECT k, c FROM sbtest%d WHERE k BETWEEN 9872678 AND 9872778
explain: for range-notcovered :: explain SELECT k, c FROM sbtest%d WHERE k BETWEEN 2726962 AND 2727062
for range-notcovered
table 1 : explain SELECT k, c FROM sbtest1 WHERE k BETWEEN 699732 AND 699832
	Bitmap Heap Scan on sbtest1  (cost=5.50..416.94 rows=104 width=125)
	  Recheck Cond: ((k >= 699732) AND (k <= 699832))
	  ->  Bitmap Index Scan on k_1  (cost=0.00..5.47 rows=104 width=0)
	        Index Cond: ((k >= 699732) AND (k <= 699832))

table 2 : explain SELECT k, c FROM sbtest2 WHERE k BETWEEN 699732 AND 699832
	Bitmap Heap Scan on sbtest2  (cost=5.53..428.75 rows=107 width=125)
	  Recheck Cond: ((k >= 699732) AND (k <= 699832))
	  ->  Bitmap Index Scan on k_2  (cost=0.00..5.50 rows=107 width=0)
	        Index Cond: ((k >= 699732) AND (k <= 699832))

table 3 : explain SELECT k, c FROM sbtest3 WHERE k BETWEEN 699732 AND 699832
	Bitmap Heap Scan on sbtest3  (cost=5.48..409.07 rows=102 width=125)
	  Recheck Cond: ((k >= 699732) AND (k <= 699832))
	  ->  Bitmap Index Scan on k_3  (cost=0.00..5.45 rows=102 width=0)
	        Index Cond: ((k >= 699732) AND (k <= 699832))

table 4 : explain SELECT k, c FROM sbtest4 WHERE k BETWEEN 699732 AND 699832
	Bitmap Heap Scan on sbtest4  (cost=5.48..409.07 rows=102 width=125)
	  Recheck Cond: ((k >= 699732) AND (k <= 699832))
	  ->  Bitmap Index Scan on k_4  (cost=0.00..5.45 rows=102 width=0)
	        Index Cond: ((k >= 699732) AND (k <= 699832))

table 5 : explain SELECT k, c FROM sbtest5 WHERE k BETWEEN 699732 AND 699832
	Bitmap Heap Scan on sbtest5  (cost=5.39..373.61 rows=93 width=125)
	  Recheck Cond: ((k >= 699732) AND (k <= 699832))
	  ->  Bitmap Index Scan on k_5  (cost=0.00..5.36 rows=93 width=0)
	        Index Cond: ((k >= 699732) AND (k <= 699832))

table 6 : explain SELECT k, c FROM sbtest6 WHERE k BETWEEN 699732 AND 699832
	Bitmap Heap Scan on sbtest6  (cost=5.40..377.55 rows=94 width=125)
	  Recheck Cond: ((k >= 699732) AND (k <= 699832))
	  ->  Bitmap Index Scan on k_6  (cost=0.00..5.38 rows=94 width=0)
	        Index Cond: ((k >= 699732) AND (k <= 699832))

table 7 : explain SELECT k, c FROM sbtest7 WHERE k BETWEEN 699732 AND 699832
	Bitmap Heap Scan on sbtest7  (cost=5.51..420.88 rows=105 width=125)
	  Recheck Cond: ((k >= 699732) AND (k <= 699832))
	  ->  Bitmap Index Scan on k_7  (cost=0.00..5.48 rows=105 width=0)
	        Index Cond: ((k >= 699732) AND (k <= 699832))

table 8 : explain SELECT k, c FROM sbtest8 WHERE k BETWEEN 699732 AND 699832
	Bitmap Heap Scan on sbtest8  (cost=5.39..373.61 rows=93 width=125)
	  Recheck Cond: ((k >= 699732) AND (k <= 699832))
	  ->  Bitmap Index Scan on k_8  (cost=0.00..5.36 rows=93 width=0)
	        Index Cond: ((k >= 699732) AND (k <= 699832))

for range-notcovered
table 1 : explain SELECT k, c FROM sbtest1 WHERE k BETWEEN 4833028 AND 4833128
	Bitmap Heap Scan on sbtest1  (cost=5.51..420.88 rows=105 width=125)
	  Recheck Cond: ((k >= 4833028) AND (k <= 4833128))
	  ->  Bitmap Index Scan on k_1  (cost=0.00..5.48 rows=105 width=0)
	        Index Cond: ((k >= 4833028) AND (k <= 4833128))

table 2 : explain SELECT k, c FROM sbtest2 WHERE k BETWEEN 4833028 AND 4833128
	Bitmap Heap Scan on sbtest2  (cost=5.51..420.88 rows=105 width=125)
	  Recheck Cond: ((k >= 4833028) AND (k <= 4833128))
	  ->  Bitmap Index Scan on k_2  (cost=0.00..5.48 rows=105 width=0)
	        Index Cond: ((k >= 4833028) AND (k <= 4833128))

table 3 : explain SELECT k, c FROM sbtest3 WHERE k BETWEEN 4833028 AND 4833128
	Bitmap Heap Scan on sbtest3  (cost=5.38..369.67 rows=92 width=125)
	  Recheck Cond: ((k >= 4833028) AND (k <= 4833128))
	  ->  Bitmap Index Scan on k_3  (cost=0.00..5.35 rows=92 width=0)
	        Index Cond: ((k >= 4833028) AND (k <= 4833128))

table 4 : explain SELECT k, c FROM sbtest4 WHERE k BETWEEN 4833028 AND 4833128
	Bitmap Heap Scan on sbtest4  (cost=5.45..397.25 rows=99 width=125)
	  Recheck Cond: ((k >= 4833028) AND (k <= 4833128))
	  ->  Bitmap Index Scan on k_4  (cost=0.00..5.42 rows=99 width=0)
	        Index Cond: ((k >= 4833028) AND (k <= 4833128))

table 5 : explain SELECT k, c FROM sbtest5 WHERE k BETWEEN 4833028 AND 4833128
	Bitmap Heap Scan on sbtest5  (cost=5.47..405.13 rows=101 width=125)
	  Recheck Cond: ((k >= 4833028) AND (k <= 4833128))
	  ->  Bitmap Index Scan on k_5  (cost=0.00..5.44 rows=101 width=0)
	        Index Cond: ((k >= 4833028) AND (k <= 4833128))

table 6 : explain SELECT k, c FROM sbtest6 WHERE k BETWEEN 4833028 AND 4833128
	Bitmap Heap Scan on sbtest6  (cost=5.52..424.81 rows=106 width=125)
	  Recheck Cond: ((k >= 4833028) AND (k <= 4833128))
	  ->  Bitmap Index Scan on k_6  (cost=0.00..5.50 rows=106 width=0)
	        Index Cond: ((k >= 4833028) AND (k <= 4833128))

table 7 : explain SELECT k, c FROM sbtest7 WHERE k BETWEEN 4833028 AND 4833128
	Bitmap Heap Scan on sbtest7  (cost=5.56..440.56 rows=110 width=125)
	  Recheck Cond: ((k >= 4833028) AND (k <= 4833128))
	  ->  Bitmap Index Scan on k_7  (cost=0.00..5.53 rows=110 width=0)
	        Index Cond: ((k >= 4833028) AND (k <= 4833128))

table 8 : explain SELECT k, c FROM sbtest8 WHERE k BETWEEN 4833028 AND 4833128
	Bitmap Heap Scan on sbtest8  (cost=5.48..409.07 rows=102 width=125)
	  Recheck Cond: ((k >= 4833028) AND (k <= 4833128))
	  ->  Bitmap Index Scan on k_8  (cost=0.00..5.45 rows=102 width=0)
	        Index Cond: ((k >= 4833028) AND (k <= 4833128))

explain: for range-notcovered :: explain SELECT k, c FROM sbtest%d WHERE k BETWEEN 699732 AND 699832
for range-notcovered
table 1 : explain SELECT k, c FROM sbtest1 WHERE k BETWEEN 1922472 AND 1922572
	Bitmap Heap Scan on sbtest1  (cost=5.53..428.75 rows=107 width=125)
	  Recheck Cond: ((k >= 1922472) AND (k <= 1922572))
	  ->  Bitmap Index Scan on k_1  (cost=0.00..5.50 rows=107 width=0)
	        Index Cond: ((k >= 1922472) AND (k <= 1922572))

table 2 : explain SELECT k, c FROM sbtest2 WHERE k BETWEEN 1922472 AND 1922572
	Bitmap Heap Scan on sbtest2  (cost=5.58..448.42 rows=112 width=125)
	  Recheck Cond: ((k >= 1922472) AND (k <= 1922572))
	  ->  Bitmap Index Scan on k_2  (cost=0.00..5.55 rows=112 width=0)
	        Index Cond: ((k >= 1922472) AND (k <= 1922572))

table 3 : explain SELECT k, c FROM sbtest3 WHERE k BETWEEN 1922472 AND 1922572
	Bitmap Heap Scan on sbtest3  (cost=5.49..413.00 rows=103 width=125)
	  Recheck Cond: ((k >= 1922472) AND (k <= 1922572))
	  ->  Bitmap Index Scan on k_3  (cost=0.00..5.46 rows=103 width=0)
	        Index Cond: ((k >= 1922472) AND (k <= 1922572))

table 4 : explain SELECT k, c FROM sbtest4 WHERE k BETWEEN 1922472 AND 1922572
	Bitmap Heap Scan on sbtest4  (cost=5.52..424.81 rows=106 width=125)
	  Recheck Cond: ((k >= 1922472) AND (k <= 1922572))
	  ->  Bitmap Index Scan on k_4  (cost=0.00..5.50 rows=106 width=0)
	        Index Cond: ((k >= 1922472) AND (k <= 1922572))

table 5 : explain SELECT k, c FROM sbtest5 WHERE k BETWEEN 1922472 AND 1922572
	Bitmap Heap Scan on sbtest5  (cost=5.50..416.94 rows=104 width=125)
	  Recheck Cond: ((k >= 1922472) AND (k <= 1922572))
	  ->  Bitmap Index Scan on k_5  (cost=0.00..5.47 rows=104 width=0)
	        Index Cond: ((k >= 1922472) AND (k <= 1922572))

table 6 : explain SELECT k, c FROM sbtest6 WHERE k BETWEEN 1922472 AND 1922572
	Bitmap Heap Scan on sbtest6  (cost=5.43..389.37 rows=97 width=125)
	  Recheck Cond: ((k >= 1922472) AND (k <= 1922572))
	  ->  Bitmap Index Scan on k_6  (cost=0.00..5.40 rows=97 width=0)
	        Index Cond: ((k >= 1922472) AND (k <= 1922572))

table 7 : explain SELECT k, c FROM sbtest7 WHERE k BETWEEN 1922472 AND 1922572
	Bitmap Heap Scan on sbtest7  (cost=5.50..416.94 rows=104 width=125)
	  Recheck Cond: ((k >= 1922472) AND (k <= 1922572))
	  ->  Bitmap Index Scan on k_7  (cost=0.00..5.47 rows=104 width=0)
	        Index Cond: ((k >= 1922472) AND (k <= 1922572))

table 8 : explain SELECT k, c FROM sbtest8 WHERE k BETWEEN 1922472 AND 1922572
	Bitmap Heap Scan on sbtest8  (cost=5.49..413.00 rows=103 width=125)
	  Recheck Cond: ((k >= 1922472) AND (k <= 1922572))
	  ->  Bitmap Index Scan on k_8  (cost=0.00..5.46 rows=103 width=0)
	        Index Cond: ((k >= 1922472) AND (k <= 1922572))

for range-notcovered
table 1 : explain SELECT k, c FROM sbtest1 WHERE k BETWEEN 3315220 AND 3315320
	Bitmap Heap Scan on sbtest1  (cost=5.60..456.29 rows=114 width=125)
	  Recheck Cond: ((k >= 3315220) AND (k <= 3315320))
	  ->  Bitmap Index Scan on k_1  (cost=0.00..5.58 rows=114 width=0)
	        Index Cond: ((k >= 3315220) AND (k <= 3315320))

table 2 : explain SELECT k, c FROM sbtest2 WHERE k BETWEEN 3315220 AND 3315320
	Bitmap Heap Scan on sbtest2  (cost=5.46..401.19 rows=100 width=125)
	  Recheck Cond: ((k >= 3315220) AND (k <= 3315320))
	  ->  Bitmap Index Scan on k_2  (cost=0.00..5.43 rows=100 width=0)
	        Index Cond: ((k >= 3315220) AND (k <= 3315320))

table 3 : explain SELECT k, c FROM sbtest3 WHERE k BETWEEN 3315220 AND 3315320
	Bitmap Heap Scan on sbtest3  (cost=5.52..424.81 rows=106 width=125)
	  Recheck Cond: ((k >= 3315220) AND (k <= 3315320))
	  ->  Bitmap Index Scan on k_3  (cost=0.00..5.50 rows=106 width=0)
	        Index Cond: ((k >= 3315220) AND (k <= 3315320))

table 4 : explain SELECT k, c FROM sbtest4 WHERE k BETWEEN 3315220 AND 3315320
	Bitmap Heap Scan on sbtest4  (cost=5.55..436.62 rows=109 width=125)
	  Recheck Cond: ((k >= 3315220) AND (k <= 3315320))
	  ->  Bitmap Index Scan on k_4  (cost=0.00..5.52 rows=109 width=0)
	        Index Cond: ((k >= 3315220) AND (k <= 3315320))

table 5 : explain SELECT k, c FROM sbtest5 WHERE k BETWEEN 3315220 AND 3315320
	Bitmap Heap Scan on sbtest5  (cost=5.57..444.49 rows=111 width=125)
	  Recheck Cond: ((k >= 3315220) AND (k <= 3315320))
	  ->  Bitmap Index Scan on k_5  (cost=0.00..5.54 rows=111 width=0)
	        Index Cond: ((k >= 3315220) AND (k <= 3315320))

table 6 : explain SELECT k, c FROM sbtest6 WHERE k BETWEEN 3315220 AND 3315320
	Bitmap Heap Scan on sbtest6  (cost=5.54..432.69 rows=108 width=125)
	  Recheck Cond: ((k >= 3315220) AND (k <= 3315320))
	  ->  Bitmap Index Scan on k_6  (cost=0.00..5.51 rows=108 width=0)
	        Index Cond: ((k >= 3315220) AND (k <= 3315320))

table 7 : explain SELECT k, c FROM sbtest7 WHERE k BETWEEN 3315220 AND 3315320
	Bitmap Heap Scan on sbtest7  (cost=5.41..381.49 rows=95 width=125)
	  Recheck Cond: ((k >= 3315220) AND (k <= 3315320))
	  ->  Bitmap Index Scan on k_7  (cost=0.00..5.38 rows=95 width=0)
	        Index Cond: ((k >= 3315220) AND (k <= 3315320))

table 8 : explain SELECT k, c FROM sbtest8 WHERE k BETWEEN 3315220 AND 3315320
	Bitmap Heap Scan on sbtest8  (cost=5.49..413.00 rows=103 width=125)
	  Recheck Cond: ((k >= 3315220) AND (k <= 3315320))
	  ->  Bitmap Index Scan on k_8  (cost=0.00..5.46 rows=103 width=0)
	        Index Cond: ((k >= 3315220) AND (k <= 3315320))

explain: for range-notcovered :: explain SELECT k, c FROM sbtest%d WHERE k BETWEEN 1922472 AND 1922572
for range-notcovered
table 1 : explain SELECT k, c FROM sbtest1 WHERE k BETWEEN 4325893 AND 4325993
	Bitmap Heap Scan on sbtest1  (cost=5.57..444.49 rows=111 width=125)
	  Recheck Cond: ((k >= 4325893) AND (k <= 4325993))
	  ->  Bitmap Index Scan on k_1  (cost=0.00..5.54 rows=111 width=0)
	        Index Cond: ((k >= 4325893) AND (k <= 4325993))

table 2 : explain SELECT k, c FROM sbtest2 WHERE k BETWEEN 4325893 AND 4325993
	Bitmap Heap Scan on sbtest2  (cost=5.42..385.43 rows=96 width=125)
	  Recheck Cond: ((k >= 4325893) AND (k <= 4325993))
	  ->  Bitmap Index Scan on k_2  (cost=0.00..5.39 rows=96 width=0)
	        Index Cond: ((k >= 4325893) AND (k <= 4325993))

table 3 : explain SELECT k, c FROM sbtest3 WHERE k BETWEEN 4325893 AND 4325993
	Bitmap Heap Scan on sbtest3  (cost=5.59..452.36 rows=113 width=125)
	  Recheck Cond: ((k >= 4325893) AND (k <= 4325993))
	  ->  Bitmap Index Scan on k_3  (cost=0.00..5.56 rows=113 width=0)
	        Index Cond: ((k >= 4325893) AND (k <= 4325993))

table 4 : explain SELECT k, c FROM sbtest4 WHERE k BETWEEN 4325893 AND 4325993
	Bitmap Heap Scan on sbtest4  (cost=5.46..401.19 rows=100 width=125)
	  Recheck Cond: ((k >= 4325893) AND (k <= 4325993))
	  ->  Bitmap Index Scan on k_4  (cost=0.00..5.43 rows=100 width=0)
	        Index Cond: ((k >= 4325893) AND (k <= 4325993))

table 5 : explain SELECT k, c FROM sbtest5 WHERE k BETWEEN 4325893 AND 4325993
	Bitmap Heap Scan on sbtest5  (cost=5.39..373.61 rows=93 width=125)
	  Recheck Cond: ((k >= 4325893) AND (k <= 4325993))
	  ->  Bitmap Index Scan on k_5  (cost=0.00..5.36 rows=93 width=0)
	        Index Cond: ((k >= 4325893) AND (k <= 4325993))

table 6 : explain SELECT k, c FROM sbtest6 WHERE k BETWEEN 4325893 AND 4325993
	Bitmap Heap Scan on sbtest6  (cost=5.51..420.88 rows=105 width=125)
	  Recheck Cond: ((k >= 4325893) AND (k <= 4325993))
	  ->  Bitmap Index Scan on k_6  (cost=0.00..5.48 rows=105 width=0)
	        Index Cond: ((k >= 4325893) AND (k <= 4325993))

table 7 : explain SELECT k, c FROM sbtest7 WHERE k BETWEEN 4325893 AND 4325993
	Bitmap Heap Scan on sbtest7  (cost=5.43..389.37 rows=97 width=125)
	  Recheck Cond: ((k >= 4325893) AND (k <= 4325993))
	  ->  Bitmap Index Scan on k_7  (cost=0.00..5.40 rows=97 width=0)
	        Index Cond: ((k >= 4325893) AND (k <= 4325993))

table 8 : explain SELECT k, c FROM sbtest8 WHERE k BETWEEN 4325893 AND 4325993
	Bitmap Heap Scan on sbtest8  (cost=5.60..456.29 rows=114 width=125)
	  Recheck Cond: ((k >= 4325893) AND (k <= 4325993))
	  ->  Bitmap Index Scan on k_8  (cost=0.00..5.58 rows=114 width=0)
	        Index Cond: ((k >= 4325893) AND (k <= 4325993))

for range-notcovered
table 1 : explain SELECT k, c FROM sbtest1 WHERE k BETWEEN 3982380 AND 3982480
	Bitmap Heap Scan on sbtest1  (cost=5.47..405.13 rows=101 width=125)
	  Recheck Cond: ((k >= 3982380) AND (k <= 3982480))
	  ->  Bitmap Index Scan on k_1  (cost=0.00..5.44 rows=101 width=0)
	        Index Cond: ((k >= 3982380) AND (k <= 3982480))

table 2 : explain SELECT k, c FROM sbtest2 WHERE k BETWEEN 3982380 AND 3982480
	Bitmap Heap Scan on sbtest2  (cost=5.54..432.69 rows=108 width=125)
	  Recheck Cond: ((k >= 3982380) AND (k <= 3982480))
	  ->  Bitmap Index Scan on k_2  (cost=0.00..5.51 rows=108 width=0)
	        Index Cond: ((k >= 3982380) AND (k <= 3982480))

table 3 : explain SELECT k, c FROM sbtest3 WHERE k BETWEEN 3982380 AND 3982480
	Bitmap Heap Scan on sbtest3  (cost=5.46..401.19 rows=100 width=125)
	  Recheck Cond: ((k >= 3982380) AND (k <= 3982480))
	  ->  Bitmap Index Scan on k_3  (cost=0.00..5.43 rows=100 width=0)
	        Index Cond: ((k >= 3982380) AND (k <= 3982480))

table 4 : explain SELECT k, c FROM sbtest4 WHERE k BETWEEN 3982380 AND 3982480
	Bitmap Heap Scan on sbtest4  (cost=5.58..448.42 rows=112 width=125)
	  Recheck Cond: ((k >= 3982380) AND (k <= 3982480))
	  ->  Bitmap Index Scan on k_4  (cost=0.00..5.55 rows=112 width=0)
	        Index Cond: ((k >= 3982380) AND (k <= 3982480))

table 5 : explain SELECT k, c FROM sbtest5 WHERE k BETWEEN 3982380 AND 3982480
	Bitmap Heap Scan on sbtest5  (cost=5.47..405.13 rows=101 width=125)
	  Recheck Cond: ((k >= 3982380) AND (k <= 3982480))
	  ->  Bitmap Index Scan on k_5  (cost=0.00..5.44 rows=101 width=0)
	        Index Cond: ((k >= 3982380) AND (k <= 3982480))

table 6 : explain SELECT k, c FROM sbtest6 WHERE k BETWEEN 3982380 AND 3982480
	Bitmap Heap Scan on sbtest6  (cost=5.44..393.31 rows=98 width=125)
	  Recheck Cond: ((k >= 3982380) AND (k <= 3982480))
	  ->  Bitmap Index Scan on k_6  (cost=0.00..5.42 rows=98 width=0)
	        Index Cond: ((k >= 3982380) AND (k <= 3982480))

table 7 : explain SELECT k, c FROM sbtest7 WHERE k BETWEEN 3982380 AND 3982480
	Bitmap Heap Scan on sbtest7  (cost=5.45..397.25 rows=99 width=125)
	  Recheck Cond: ((k >= 3982380) AND (k <= 3982480))
	  ->  Bitmap Index Scan on k_7  (cost=0.00..5.42 rows=99 width=0)
	        Index Cond: ((k >= 3982380) AND (k <= 3982480))

table 8 : explain SELECT k, c FROM sbtest8 WHERE k BETWEEN 3982380 AND 3982480
	Bitmap Heap Scan on sbtest8  (cost=5.51..420.88 rows=105 width=125)
	  Recheck Cond: ((k >= 3982380) AND (k <= 3982480))
	  ->  Bitmap Index Scan on k_8  (cost=0.00..5.48 rows=105 width=0)
	        Index Cond: ((k >= 3982380) AND (k <= 3982480))

explain: for range-notcovered :: explain SELECT k, c FROM sbtest%d WHERE k BETWEEN 3315220 AND 3315320
for range-notcovered
table 1 : explain SELECT k, c FROM sbtest1 WHERE k BETWEEN 8384356 AND 8384456
	Bitmap Heap Scan on sbtest1  (cost=5.50..416.94 rows=104 width=125)
	  Recheck Cond: ((k >= 8384356) AND (k <= 8384456))
	  ->  Bitmap Index Scan on k_1  (cost=0.00..5.47 rows=104 width=0)
	        Index Cond: ((k >= 8384356) AND (k <= 8384456))

table 2 : explain SELECT k, c FROM sbtest2 WHERE k BETWEEN 8384356 AND 8384456
	Bitmap Heap Scan on sbtest2  (cost=5.48..409.07 rows=102 width=125)
	  Recheck Cond: ((k >= 8384356) AND (k <= 8384456))
	  ->  Bitmap Index Scan on k_2  (cost=0.00..5.45 rows=102 width=0)
	        Index Cond: ((k >= 8384356) AND (k <= 8384456))

table 3 : explain SELECT k, c FROM sbtest3 WHERE k BETWEEN 8384356 AND 8384456
	Bitmap Heap Scan on sbtest3  (cost=5.56..440.56 rows=110 width=125)
	  Recheck Cond: ((k >= 8384356) AND (k <= 8384456))
	  ->  Bitmap Index Scan on k_3  (cost=0.00..5.53 rows=110 width=0)
	        Index Cond: ((k >= 8384356) AND (k <= 8384456))

table 4 : explain SELECT k, c FROM sbtest4 WHERE k BETWEEN 8384356 AND 8384456
	Bitmap Heap Scan on sbtest4  (cost=5.53..428.75 rows=107 width=125)
	  Recheck Cond: ((k >= 8384356) AND (k <= 8384456))
	  ->  Bitmap Index Scan on k_4  (cost=0.00..5.50 rows=107 width=0)
	        Index Cond: ((k >= 8384356) AND (k <= 8384456))

table 5 : explain SELECT k, c FROM sbtest5 WHERE k BETWEEN 8384356 AND 8384456
	Bitmap Heap Scan on sbtest5  (cost=5.46..401.19 rows=100 width=125)
	  Recheck Cond: ((k >= 8384356) AND (k <= 8384456))
	  ->  Bitmap Index Scan on k_5  (cost=0.00..5.43 rows=100 width=0)
	        Index Cond: ((k >= 8384356) AND (k <= 8384456))

table 6 : explain SELECT k, c FROM sbtest6 WHERE k BETWEEN 8384356 AND 8384456
	Bitmap Heap Scan on sbtest6  (cost=5.50..416.94 rows=104 width=125)
	  Recheck Cond: ((k >= 8384356) AND (k <= 8384456))
	  ->  Bitmap Index Scan on k_6  (cost=0.00..5.47 rows=104 width=0)
	        Index Cond: ((k >= 8384356) AND (k <= 8384456))

table 7 : explain SELECT k, c FROM sbtest7 WHERE k BETWEEN 8384356 AND 8384456
	Bitmap Heap Scan on sbtest7  (cost=5.51..420.88 rows=105 width=125)
	  Recheck Cond: ((k >= 8384356) AND (k <= 8384456))
	  ->  Bitmap Index Scan on k_7  (cost=0.00..5.48 rows=105 width=0)
	        Index Cond: ((k >= 8384356) AND (k <= 8384456))

table 8 : explain SELECT k, c FROM sbtest8 WHERE k BETWEEN 8384356 AND 8384456
	Bitmap Heap Scan on sbtest8  (cost=5.42..385.43 rows=96 width=125)
	  Recheck Cond: ((k >= 8384356) AND (k <= 8384456))
	  ->  Bitmap Index Scan on k_8  (cost=0.00..5.39 rows=96 width=0)
	        Index Cond: ((k >= 8384356) AND (k <= 8384456))

explain: for range-notcovered :: explain SELECT k, c FROM sbtest%d WHERE k BETWEEN 4325893 AND 4325993
explain: for range-notcovered :: explain SELECT k, c FROM sbtest%d WHERE k BETWEEN 8384356 AND 8384456
for range-notcovered
table 1 : explain SELECT k, c FROM sbtest1 WHERE k BETWEEN 8521591 AND 8521691
	Bitmap Heap Scan on sbtest1  (cost=5.45..397.25 rows=99 width=125)
	  Recheck Cond: ((k >= 8521591) AND (k <= 8521691))
	  ->  Bitmap Index Scan on k_1  (cost=0.00..5.42 rows=99 width=0)
	        Index Cond: ((k >= 8521591) AND (k <= 8521691))

table 2 : explain SELECT k, c FROM sbtest2 WHERE k BETWEEN 8521591 AND 8521691
	Bitmap Heap Scan on sbtest2  (cost=5.53..428.75 rows=107 width=125)
	  Recheck Cond: ((k >= 8521591) AND (k <= 8521691))
	  ->  Bitmap Index Scan on k_2  (cost=0.00..5.50 rows=107 width=0)
	        Index Cond: ((k >= 8521591) AND (k <= 8521691))

table 3 : explain SELECT k, c FROM sbtest3 WHERE k BETWEEN 8521591 AND 8521691
	Bitmap Heap Scan on sbtest3  (cost=5.43..389.37 rows=97 width=125)
	  Recheck Cond: ((k >= 8521591) AND (k <= 8521691))
	  ->  Bitmap Index Scan on k_3  (cost=0.00..5.40 rows=97 width=0)
	        Index Cond: ((k >= 8521591) AND (k <= 8521691))

table 4 : explain SELECT k, c FROM sbtest4 WHERE k BETWEEN 8521591 AND 8521691
	Bitmap Heap Scan on sbtest4  (cost=5.52..424.81 rows=106 width=125)
	  Recheck Cond: ((k >= 8521591) AND (k <= 8521691))
	  ->  Bitmap Index Scan on k_4  (cost=0.00..5.50 rows=106 width=0)
	        Index Cond: ((k >= 8521591) AND (k <= 8521691))

table 5 : explain SELECT k, c FROM sbtest5 WHERE k BETWEEN 8521591 AND 8521691
	Bitmap Heap Scan on sbtest5  (cost=5.56..440.56 rows=110 width=125)
	  Recheck Cond: ((k >= 8521591) AND (k <= 8521691))
	  ->  Bitmap Index Scan on k_5  (cost=0.00..5.53 rows=110 width=0)
	        Index Cond: ((k >= 8521591) AND (k <= 8521691))

table 6 : explain SELECT k, c FROM sbtest6 WHERE k BETWEEN 8521591 AND 8521691
	Bitmap Heap Scan on sbtest6  (cost=5.61..460.22 rows=115 width=125)
	  Recheck Cond: ((k >= 8521591) AND (k <= 8521691))
	  ->  Bitmap Index Scan on k_6  (cost=0.00..5.58 rows=115 width=0)
	        Index Cond: ((k >= 8521591) AND (k <= 8521691))

table 7 : explain SELECT k, c FROM sbtest7 WHERE k BETWEEN 8521591 AND 8521691
	Bitmap Heap Scan on sbtest7  (cost=5.43..389.37 rows=97 width=125)
	  Recheck Cond: ((k >= 8521591) AND (k <= 8521691))
	  ->  Bitmap Index Scan on k_7  (cost=0.00..5.40 rows=97 width=0)
	        Index Cond: ((k >= 8521591) AND (k <= 8521691))

table 8 : explain SELECT k, c FROM sbtest8 WHERE k BETWEEN 8521591 AND 8521691
	Bitmap Heap Scan on sbtest8  (cost=5.50..416.94 rows=104 width=125)
	  Recheck Cond: ((k >= 8521591) AND (k <= 8521691))
	  ->  Bitmap Index Scan on k_8  (cost=0.00..5.47 rows=104 width=0)
	        Index Cond: ((k >= 8521591) AND (k <= 8521691))

explain: for range-notcovered :: explain SELECT k, c FROM sbtest%d WHERE k BETWEEN 8521591 AND 8521691
for range-notcovered
table 1 : explain SELECT k, c FROM sbtest1 WHERE k BETWEEN 699732 AND 699832
	Bitmap Heap Scan on sbtest1  (cost=5.50..416.94 rows=104 width=125)
	  Recheck Cond: ((k >= 699732) AND (k <= 699832))
	  ->  Bitmap Index Scan on k_1  (cost=0.00..5.47 rows=104 width=0)
	        Index Cond: ((k >= 699732) AND (k <= 699832))

table 2 : explain SELECT k, c FROM sbtest2 WHERE k BETWEEN 699732 AND 699832
	Bitmap Heap Scan on sbtest2  (cost=5.53..428.75 rows=107 width=125)
	  Recheck Cond: ((k >= 699732) AND (k <= 699832))
	  ->  Bitmap Index Scan on k_2  (cost=0.00..5.50 rows=107 width=0)
	        Index Cond: ((k >= 699732) AND (k <= 699832))

table 3 : explain SELECT k, c FROM sbtest3 WHERE k BETWEEN 699732 AND 699832
	Bitmap Heap Scan on sbtest3  (cost=5.48..409.07 rows=102 width=125)
	  Recheck Cond: ((k >= 699732) AND (k <= 699832))
	  ->  Bitmap Index Scan on k_3  (cost=0.00..5.45 rows=102 width=0)
	        Index Cond: ((k >= 699732) AND (k <= 699832))

table 4 : explain SELECT k, c FROM sbtest4 WHERE k BETWEEN 699732 AND 699832
	Bitmap Heap Scan on sbtest4  (cost=5.48..409.07 rows=102 width=125)
	  Recheck Cond: ((k >= 699732) AND (k <= 699832))
	  ->  Bitmap Index Scan on k_4  (cost=0.00..5.45 rows=102 width=0)
	        Index Cond: ((k >= 699732) AND (k <= 699832))

table 5 : explain SELECT k, c FROM sbtest5 WHERE k BETWEEN 699732 AND 699832
	Bitmap Heap Scan on sbtest5  (cost=5.39..373.61 rows=93 width=125)
	  Recheck Cond: ((k >= 699732) AND (k <= 699832))
	  ->  Bitmap Index Scan on k_5  (cost=0.00..5.36 rows=93 width=0)
	        Index Cond: ((k >= 699732) AND (k <= 699832))

table 6 : explain SELECT k, c FROM sbtest6 WHERE k BETWEEN 699732 AND 699832
	Bitmap Heap Scan on sbtest6  (cost=5.40..377.55 rows=94 width=125)
	  Recheck Cond: ((k >= 699732) AND (k <= 699832))
	  ->  Bitmap Index Scan on k_6  (cost=0.00..5.38 rows=94 width=0)
	        Index Cond: ((k >= 699732) AND (k <= 699832))

table 7 : explain SELECT k, c FROM sbtest7 WHERE k BETWEEN 699732 AND 699832
	Bitmap Heap Scan on sbtest7  (cost=5.51..420.88 rows=105 width=125)
	  Recheck Cond: ((k >= 699732) AND (k <= 699832))
	  ->  Bitmap Index Scan on k_7  (cost=0.00..5.48 rows=105 width=0)
	        Index Cond: ((k >= 699732) AND (k <= 699832))

table 8 : explain SELECT k, c FROM sbtest8 WHERE k BETWEEN 699732 AND 699832
	Bitmap Heap Scan on sbtest8  (cost=5.39..373.61 rows=93 width=125)
	  Recheck Cond: ((k >= 699732) AND (k <= 699832))
	  ->  Bitmap Index Scan on k_8  (cost=0.00..5.36 rows=93 width=0)
	        Index Cond: ((k >= 699732) AND (k <= 699832))

explain: for range-notcovered :: explain SELECT k, c FROM sbtest%d WHERE k BETWEEN 699732 AND 699832
for range-notcovered
table 1 : explain SELECT k, c FROM sbtest1 WHERE k BETWEEN 1922472 AND 1922572
	Bitmap Heap Scan on sbtest1  (cost=5.53..428.75 rows=107 width=125)
	  Recheck Cond: ((k >= 1922472) AND (k <= 1922572))
	  ->  Bitmap Index Scan on k_1  (cost=0.00..5.50 rows=107 width=0)
	        Index Cond: ((k >= 1922472) AND (k <= 1922572))

table 2 : explain SELECT k, c FROM sbtest2 WHERE k BETWEEN 1922472 AND 1922572
	Bitmap Heap Scan on sbtest2  (cost=5.58..448.42 rows=112 width=125)
	  Recheck Cond: ((k >= 1922472) AND (k <= 1922572))
	  ->  Bitmap Index Scan on k_2  (cost=0.00..5.55 rows=112 width=0)
	        Index Cond: ((k >= 1922472) AND (k <= 1922572))

table 3 : explain SELECT k, c FROM sbtest3 WHERE k BETWEEN 1922472 AND 1922572
	Bitmap Heap Scan on sbtest3  (cost=5.49..413.00 rows=103 width=125)
	  Recheck Cond: ((k >= 1922472) AND (k <= 1922572))
	  ->  Bitmap Index Scan on k_3  (cost=0.00..5.46 rows=103 width=0)
	        Index Cond: ((k >= 1922472) AND (k <= 1922572))

table 4 : explain SELECT k, c FROM sbtest4 WHERE k BETWEEN 1922472 AND 1922572
	Bitmap Heap Scan on sbtest4  (cost=5.52..424.81 rows=106 width=125)
	  Recheck Cond: ((k >= 1922472) AND (k <= 1922572))
	  ->  Bitmap Index Scan on k_4  (cost=0.00..5.50 rows=106 width=0)
	        Index Cond: ((k >= 1922472) AND (k <= 1922572))

table 5 : explain SELECT k, c FROM sbtest5 WHERE k BETWEEN 1922472 AND 1922572
	Bitmap Heap Scan on sbtest5  (cost=5.50..416.94 rows=104 width=125)
	  Recheck Cond: ((k >= 1922472) AND (k <= 1922572))
	  ->  Bitmap Index Scan on k_5  (cost=0.00..5.47 rows=104 width=0)
	        Index Cond: ((k >= 1922472) AND (k <= 1922572))

table 6 : explain SELECT k, c FROM sbtest6 WHERE k BETWEEN 1922472 AND 1922572
	Bitmap Heap Scan on sbtest6  (cost=5.43..389.37 rows=97 width=125)
	  Recheck Cond: ((k >= 1922472) AND (k <= 1922572))
	  ->  Bitmap Index Scan on k_6  (cost=0.00..5.40 rows=97 width=0)
	        Index Cond: ((k >= 1922472) AND (k <= 1922572))

table 7 : explain SELECT k, c FROM sbtest7 WHERE k BETWEEN 1922472 AND 1922572
	Bitmap Heap Scan on sbtest7  (cost=5.50..416.94 rows=104 width=125)
	  Recheck Cond: ((k >= 1922472) AND (k <= 1922572))
	  ->  Bitmap Index Scan on k_7  (cost=0.00..5.47 rows=104 width=0)
	        Index Cond: ((k >= 1922472) AND (k <= 1922572))

table 8 : explain SELECT k, c FROM sbtest8 WHERE k BETWEEN 1922472 AND 1922572
	Bitmap Heap Scan on sbtest8  (cost=5.49..413.00 rows=103 width=125)
	  Recheck Cond: ((k >= 1922472) AND (k <= 1922572))
	  ->  Bitmap Index Scan on k_8  (cost=0.00..5.46 rows=103 width=0)
	        Index Cond: ((k >= 1922472) AND (k <= 1922572))

for range-notcovered
table 1 : explain SELECT k, c FROM sbtest1 WHERE k BETWEEN 3315220 AND 3315320
	Bitmap Heap Scan on sbtest1  (cost=5.60..456.29 rows=114 width=125)
	  Recheck Cond: ((k >= 3315220) AND (k <= 3315320))
	  ->  Bitmap Index Scan on k_1  (cost=0.00..5.58 rows=114 width=0)
	        Index Cond: ((k >= 3315220) AND (k <= 3315320))

table 2 : explain SELECT k, c FROM sbtest2 WHERE k BETWEEN 3315220 AND 3315320
	Bitmap Heap Scan on sbtest2  (cost=5.46..401.19 rows=100 width=125)
	  Recheck Cond: ((k >= 3315220) AND (k <= 3315320))
	  ->  Bitmap Index Scan on k_2  (cost=0.00..5.43 rows=100 width=0)
	        Index Cond: ((k >= 3315220) AND (k <= 3315320))

table 3 : explain SELECT k, c FROM sbtest3 WHERE k BETWEEN 3315220 AND 3315320
	Bitmap Heap Scan on sbtest3  (cost=5.52..424.81 rows=106 width=125)
	  Recheck Cond: ((k >= 3315220) AND (k <= 3315320))
	  ->  Bitmap Index Scan on k_3  (cost=0.00..5.50 rows=106 width=0)
	        Index Cond: ((k >= 3315220) AND (k <= 3315320))

table 4 : explain SELECT k, c FROM sbtest4 WHERE k BETWEEN 3315220 AND 3315320
	Bitmap Heap Scan on sbtest4  (cost=5.55..436.62 rows=109 width=125)
	  Recheck Cond: ((k >= 3315220) AND (k <= 3315320))
	  ->  Bitmap Index Scan on k_4  (cost=0.00..5.52 rows=109 width=0)
	        Index Cond: ((k >= 3315220) AND (k <= 3315320))

table 5 : explain SELECT k, c FROM sbtest5 WHERE k BETWEEN 3315220 AND 3315320
	Bitmap Heap Scan on sbtest5  (cost=5.57..444.49 rows=111 width=125)
	  Recheck Cond: ((k >= 3315220) AND (k <= 3315320))
	  ->  Bitmap Index Scan on k_5  (cost=0.00..5.54 rows=111 width=0)
	        Index Cond: ((k >= 3315220) AND (k <= 3315320))

table 6 : explain SELECT k, c FROM sbtest6 WHERE k BETWEEN 3315220 AND 3315320
	Bitmap Heap Scan on sbtest6  (cost=5.54..432.69 rows=108 width=125)
	  Recheck Cond: ((k >= 3315220) AND (k <= 3315320))
	  ->  Bitmap Index Scan on k_6  (cost=0.00..5.51 rows=108 width=0)
	        Index Cond: ((k >= 3315220) AND (k <= 3315320))

table 7 : explain SELECT k, c FROM sbtest7 WHERE k BETWEEN 3315220 AND 3315320
	Bitmap Heap Scan on sbtest7  (cost=5.41..381.49 rows=95 width=125)
	  Recheck Cond: ((k >= 3315220) AND (k <= 3315320))
	  ->  Bitmap Index Scan on k_7  (cost=0.00..5.38 rows=95 width=0)
	        Index Cond: ((k >= 3315220) AND (k <= 3315320))

table 8 : explain SELECT k, c FROM sbtest8 WHERE k BETWEEN 3315220 AND 3315320
	Bitmap Heap Scan on sbtest8  (cost=5.49..413.00 rows=103 width=125)
	  Recheck Cond: ((k >= 3315220) AND (k <= 3315320))
	  ->  Bitmap Index Scan on k_8  (cost=0.00..5.46 rows=103 width=0)
	        Index Cond: ((k >= 3315220) AND (k <= 3315320))

explain: for range-notcovered :: explain SELECT k, c FROM sbtest%d WHERE k BETWEEN 1922472 AND 1922572
explain: for range-notcovered :: explain SELECT k, c FROM sbtest%d WHERE k BETWEEN 3315220 AND 3315320
for range-notcovered
table 1 : explain SELECT k, c FROM sbtest1 WHERE k BETWEEN 2726962 AND 2727062
	Bitmap Heap Scan on sbtest1  (cost=5.47..405.13 rows=101 width=125)
	  Recheck Cond: ((k >= 2726962) AND (k <= 2727062))
	  ->  Bitmap Index Scan on k_1  (cost=0.00..5.44 rows=101 width=0)
	        Index Cond: ((k >= 2726962) AND (k <= 2727062))

table 2 : explain SELECT k, c FROM sbtest2 WHERE k BETWEEN 2726962 AND 2727062
	Bitmap Heap Scan on sbtest2  (cost=5.41..381.49 rows=95 width=125)
	  Recheck Cond: ((k >= 2726962) AND (k <= 2727062))
	  ->  Bitmap Index Scan on k_2  (cost=0.00..5.38 rows=95 width=0)
	        Index Cond: ((k >= 2726962) AND (k <= 2727062))

table 3 : explain SELECT k, c FROM sbtest3 WHERE k BETWEEN 2726962 AND 2727062
	Bitmap Heap Scan on sbtest3  (cost=5.47..405.13 rows=101 width=125)
	  Recheck Cond: ((k >= 2726962) AND (k <= 2727062))
	  ->  Bitmap Index Scan on k_3  (cost=0.00..5.44 rows=101 width=0)
	        Index Cond: ((k >= 2726962) AND (k <= 2727062))

table 4 : explain SELECT k, c FROM sbtest4 WHERE k BETWEEN 2726962 AND 2727062
	Bitmap Heap Scan on sbtest4  (cost=5.41..381.49 rows=95 width=125)
	  Recheck Cond: ((k >= 2726962) AND (k <= 2727062))
	  ->  Bitmap Index Scan on k_4  (cost=0.00..5.38 rows=95 width=0)
	        Index Cond: ((k >= 2726962) AND (k <= 2727062))

table 5 : explain SELECT k, c FROM sbtest5 WHERE k BETWEEN 2726962 AND 2727062
	Bitmap Heap Scan on sbtest5  (cost=5.46..401.19 rows=100 width=125)
	  Recheck Cond: ((k >= 2726962) AND (k <= 2727062))
	  ->  Bitmap Index Scan on k_5  (cost=0.00..5.43 rows=100 width=0)
	        Index Cond: ((k >= 2726962) AND (k <= 2727062))

table 6 : explain SELECT k, c FROM sbtest6 WHERE k BETWEEN 2726962 AND 2727062
	Bitmap Heap Scan on sbtest6  (cost=5.47..405.13 rows=101 width=125)
	  Recheck Cond: ((k >= 2726962) AND (k <= 2727062))
	  ->  Bitmap Index Scan on k_6  (cost=0.00..5.44 rows=101 width=0)
	        Index Cond: ((k >= 2726962) AND (k <= 2727062))

table 7 : explain SELECT k, c FROM sbtest7 WHERE k BETWEEN 2726962 AND 2727062
	Bitmap Heap Scan on sbtest7  (cost=5.42..385.43 rows=96 width=125)
	  Recheck Cond: ((k >= 2726962) AND (k <= 2727062))
	  ->  Bitmap Index Scan on k_7  (cost=0.00..5.39 rows=96 width=0)
	        Index Cond: ((k >= 2726962) AND (k <= 2727062))

table 8 : explain SELECT k, c FROM sbtest8 WHERE k BETWEEN 2726962 AND 2727062
	Bitmap Heap Scan on sbtest8  (cost=5.47..405.13 rows=101 width=125)
	  Recheck Cond: ((k >= 2726962) AND (k <= 2727062))
	  ->  Bitmap Index Scan on k_8  (cost=0.00..5.44 rows=101 width=0)
	        Index Cond: ((k >= 2726962) AND (k <= 2727062))

explain: for range-notcovered :: explain SELECT k, c FROM sbtest%d WHERE k BETWEEN 2726962 AND 2727062
for range-notcovered
table 1 : explain SELECT k, c FROM sbtest1 WHERE k BETWEEN 8521591 AND 8521691
	Bitmap Heap Scan on sbtest1  (cost=5.45..397.25 rows=99 width=125)
	  Recheck Cond: ((k >= 8521591) AND (k <= 8521691))
	  ->  Bitmap Index Scan on k_1  (cost=0.00..5.42 rows=99 width=0)
	        Index Cond: ((k >= 8521591) AND (k <= 8521691))

table 2 : explain SELECT k, c FROM sbtest2 WHERE k BETWEEN 8521591 AND 8521691
	Bitmap Heap Scan on sbtest2  (cost=5.53..428.75 rows=107 width=125)
	  Recheck Cond: ((k >= 8521591) AND (k <= 8521691))
	  ->  Bitmap Index Scan on k_2  (cost=0.00..5.50 rows=107 width=0)
	        Index Cond: ((k >= 8521591) AND (k <= 8521691))

table 3 : explain SELECT k, c FROM sbtest3 WHERE k BETWEEN 8521591 AND 8521691
	Bitmap Heap Scan on sbtest3  (cost=5.43..389.37 rows=97 width=125)
	  Recheck Cond: ((k >= 8521591) AND (k <= 8521691))
	  ->  Bitmap Index Scan on k_3  (cost=0.00..5.40 rows=97 width=0)
	        Index Cond: ((k >= 8521591) AND (k <= 8521691))

table 4 : explain SELECT k, c FROM sbtest4 WHERE k BETWEEN 8521591 AND 8521691
	Bitmap Heap Scan on sbtest4  (cost=5.52..424.81 rows=106 width=125)
	  Recheck Cond: ((k >= 8521591) AND (k <= 8521691))
	  ->  Bitmap Index Scan on k_4  (cost=0.00..5.50 rows=106 width=0)
	        Index Cond: ((k >= 8521591) AND (k <= 8521691))

table 5 : explain SELECT k, c FROM sbtest5 WHERE k BETWEEN 8521591 AND 8521691
	Bitmap Heap Scan on sbtest5  (cost=5.56..440.56 rows=110 width=125)
	  Recheck Cond: ((k >= 8521591) AND (k <= 8521691))
	  ->  Bitmap Index Scan on k_5  (cost=0.00..5.53 rows=110 width=0)
	        Index Cond: ((k >= 8521591) AND (k <= 8521691))

table 6 : explain SELECT k, c FROM sbtest6 WHERE k BETWEEN 8521591 AND 8521691
	Bitmap Heap Scan on sbtest6  (cost=5.61..460.22 rows=115 width=125)
	  Recheck Cond: ((k >= 8521591) AND (k <= 8521691))
	  ->  Bitmap Index Scan on k_6  (cost=0.00..5.58 rows=115 width=0)
	        Index Cond: ((k >= 8521591) AND (k <= 8521691))

table 7 : explain SELECT k, c FROM sbtest7 WHERE k BETWEEN 8521591 AND 8521691
	Bitmap Heap Scan on sbtest7  (cost=5.43..389.37 rows=97 width=125)
	  Recheck Cond: ((k >= 8521591) AND (k <= 8521691))
	  ->  Bitmap Index Scan on k_7  (cost=0.00..5.40 rows=97 width=0)
	        Index Cond: ((k >= 8521591) AND (k <= 8521691))

table 8 : explain SELECT k, c FROM sbtest8 WHERE k BETWEEN 8521591 AND 8521691
	Bitmap Heap Scan on sbtest8  (cost=5.50..416.94 rows=104 width=125)
	  Recheck Cond: ((k >= 8521591) AND (k <= 8521691))
	  ->  Bitmap Index Scan on k_8  (cost=0.00..5.47 rows=104 width=0)
	        Index Cond: ((k >= 8521591) AND (k <= 8521691))

for range-notcovered
table 1 : explain SELECT k, c FROM sbtest1 WHERE k BETWEEN 699732 AND 699832
	Bitmap Heap Scan on sbtest1  (cost=5.50..416.94 rows=104 width=125)
	  Recheck Cond: ((k >= 699732) AND (k <= 699832))
	  ->  Bitmap Index Scan on k_1  (cost=0.00..5.47 rows=104 width=0)
	        Index Cond: ((k >= 699732) AND (k <= 699832))

table 2 : explain SELECT k, c FROM sbtest2 WHERE k BETWEEN 699732 AND 699832
	Bitmap Heap Scan on sbtest2  (cost=5.53..428.75 rows=107 width=125)
	  Recheck Cond: ((k >= 699732) AND (k <= 699832))
	  ->  Bitmap Index Scan on k_2  (cost=0.00..5.50 rows=107 width=0)
	        Index Cond: ((k >= 699732) AND (k <= 699832))

table 3 : explain SELECT k, c FROM sbtest3 WHERE k BETWEEN 699732 AND 699832
	Bitmap Heap Scan on sbtest3  (cost=5.48..409.07 rows=102 width=125)
	  Recheck Cond: ((k >= 699732) AND (k <= 699832))
	  ->  Bitmap Index Scan on k_3  (cost=0.00..5.45 rows=102 width=0)
	        Index Cond: ((k >= 699732) AND (k <= 699832))

table 4 : explain SELECT k, c FROM sbtest4 WHERE k BETWEEN 699732 AND 699832
	Bitmap Heap Scan on sbtest4  (cost=5.48..409.07 rows=102 width=125)
	  Recheck Cond: ((k >= 699732) AND (k <= 699832))
	  ->  Bitmap Index Scan on k_4  (cost=0.00..5.45 rows=102 width=0)
	        Index Cond: ((k >= 699732) AND (k <= 699832))

table 5 : explain SELECT k, c FROM sbtest5 WHERE k BETWEEN 699732 AND 699832
	Bitmap Heap Scan on sbtest5  (cost=5.39..373.61 rows=93 width=125)
	  Recheck Cond: ((k >= 699732) AND (k <= 699832))
	  ->  Bitmap Index Scan on k_5  (cost=0.00..5.36 rows=93 width=0)
	        Index Cond: ((k >= 699732) AND (k <= 699832))

table 6 : explain SELECT k, c FROM sbtest6 WHERE k BETWEEN 699732 AND 699832
	Bitmap Heap Scan on sbtest6  (cost=5.40..377.55 rows=94 width=125)
	  Recheck Cond: ((k >= 699732) AND (k <= 699832))
	  ->  Bitmap Index Scan on k_6  (cost=0.00..5.38 rows=94 width=0)
	        Index Cond: ((k >= 699732) AND (k <= 699832))

table 7 : explain SELECT k, c FROM sbtest7 WHERE k BETWEEN 699732 AND 699832
	Bitmap Heap Scan on sbtest7  (cost=5.51..420.88 rows=105 width=125)
	  Recheck Cond: ((k >= 699732) AND (k <= 699832))
	  ->  Bitmap Index Scan on k_7  (cost=0.00..5.48 rows=105 width=0)
	        Index Cond: ((k >= 699732) AND (k <= 699832))

table 8 : explain SELECT k, c FROM sbtest8 WHERE k BETWEEN 699732 AND 699832
	Bitmap Heap Scan on sbtest8  (cost=5.39..373.61 rows=93 width=125)
	  Recheck Cond: ((k >= 699732) AND (k <= 699832))
	  ->  Bitmap Index Scan on k_8  (cost=0.00..5.36 rows=93 width=0)
	        Index Cond: ((k >= 699732) AND (k <= 699832))

for range-notcovered
table 1 : explain SELECT k, c FROM sbtest1 WHERE k BETWEEN 9872678 AND 9872778
	Bitmap Heap Scan on sbtest1  (cost=5.45..397.25 rows=99 width=125)
	  Recheck Cond: ((k >= 9872678) AND (k <= 9872778))
	  ->  Bitmap Index Scan on k_1  (cost=0.00..5.42 rows=99 width=0)
	        Index Cond: ((k >= 9872678) AND (k <= 9872778))

table 2 : explain SELECT k, c FROM sbtest2 WHERE k BETWEEN 9872678 AND 9872778
	Bitmap Heap Scan on sbtest2  (cost=5.47..405.13 rows=101 width=125)
	  Recheck Cond: ((k >= 9872678) AND (k <= 9872778))
	  ->  Bitmap Index Scan on k_2  (cost=0.00..5.44 rows=101 width=0)
	        Index Cond: ((k >= 9872678) AND (k <= 9872778))

table 3 : explain SELECT k, c FROM sbtest3 WHERE k BETWEEN 9872678 AND 9872778
	Bitmap Heap Scan on sbtest3  (cost=5.44..393.31 rows=98 width=125)
	  Recheck Cond: ((k >= 9872678) AND (k <= 9872778))
	  ->  Bitmap Index Scan on k_3  (cost=0.00..5.42 rows=98 width=0)
	        Index Cond: ((k >= 9872678) AND (k <= 9872778))

table 4 : explain SELECT k, c FROM sbtest4 WHERE k BETWEEN 9872678 AND 9872778
	Bitmap Heap Scan on sbtest4  (cost=5.60..456.29 rows=114 width=125)
	  Recheck Cond: ((k >= 9872678) AND (k <= 9872778))
	  ->  Bitmap Index Scan on k_4  (cost=0.00..5.58 rows=114 width=0)
	        Index Cond: ((k >= 9872678) AND (k <= 9872778))

table 5 : explain SELECT k, c FROM sbtest5 WHERE k BETWEEN 9872678 AND 9872778
	Bitmap Heap Scan on sbtest5  (cost=5.45..397.25 rows=99 width=125)
	  Recheck Cond: ((k >= 9872678) AND (k <= 9872778))
	  ->  Bitmap Index Scan on k_5  (cost=0.00..5.42 rows=99 width=0)
	        Index Cond: ((k >= 9872678) AND (k <= 9872778))

table 6 : explain SELECT k, c FROM sbtest6 WHERE k BETWEEN 9872678 AND 9872778
	Bitmap Heap Scan on sbtest6  (cost=5.50..416.94 rows=104 width=125)
	  Recheck Cond: ((k >= 9872678) AND (k <= 9872778))
	  ->  Bitmap Index Scan on k_6  (cost=0.00..5.47 rows=104 width=0)
	        Index Cond: ((k >= 9872678) AND (k <= 9872778))

table 7 : explain SELECT k, c FROM sbtest7 WHERE k BETWEEN 9872678 AND 9872778
	Bitmap Heap Scan on sbtest7  (cost=5.47..405.13 rows=101 width=125)
	  Recheck Cond: ((k >= 9872678) AND (k <= 9872778))
	  ->  Bitmap Index Scan on k_7  (cost=0.00..5.44 rows=101 width=0)
	        Index Cond: ((k >= 9872678) AND (k <= 9872778))

table 8 : explain SELECT k, c FROM sbtest8 WHERE k BETWEEN 9872678 AND 9872778
	Bitmap Heap Scan on sbtest8  (cost=5.61..460.22 rows=115 width=125)
	  Recheck Cond: ((k >= 9872678) AND (k <= 9872778))
	  ->  Bitmap Index Scan on k_8  (cost=0.00..5.58 rows=115 width=0)
	        Index Cond: ((k >= 9872678) AND (k <= 9872778))

explain: for range-notcovered :: explain SELECT k, c FROM sbtest%d WHERE k BETWEEN 8521591 AND 8521691
for range-notcovered
table 1 : explain SELECT k, c FROM sbtest1 WHERE k BETWEEN 7219713 AND 7219813
	Bitmap Heap Scan on sbtest1  (cost=5.41..381.49 rows=95 width=125)
	  Recheck Cond: ((k >= 7219713) AND (k <= 7219813))
	  ->  Bitmap Index Scan on k_1  (cost=0.00..5.38 rows=95 width=0)
	        Index Cond: ((k >= 7219713) AND (k <= 7219813))

table 2 : explain SELECT k, c FROM sbtest2 WHERE k BETWEEN 7219713 AND 7219813
	Bitmap Heap Scan on sbtest2  (cost=5.48..409.07 rows=102 width=125)
	  Recheck Cond: ((k >= 7219713) AND (k <= 7219813))
	  ->  Bitmap Index Scan on k_2  (cost=0.00..5.45 rows=102 width=0)
	        Index Cond: ((k >= 7219713) AND (k <= 7219813))

table 3 : explain SELECT k, c FROM sbtest3 WHERE k BETWEEN 7219713 AND 7219813
	Bitmap Heap Scan on sbtest3  (cost=5.45..397.25 rows=99 width=125)
	  Recheck Cond: ((k >= 7219713) AND (k <= 7219813))
	  ->  Bitmap Index Scan on k_3  (cost=0.00..5.42 rows=99 width=0)
	        Index Cond: ((k >= 7219713) AND (k <= 7219813))

table 4 : explain SELECT k, c FROM sbtest4 WHERE k BETWEEN 7219713 AND 7219813
	Bitmap Heap Scan on sbtest4  (cost=5.47..405.13 rows=101 width=125)
	  Recheck Cond: ((k >= 7219713) AND (k <= 7219813))
	  ->  Bitmap Index Scan on k_4  (cost=0.00..5.44 rows=101 width=0)
	        Index Cond: ((k >= 7219713) AND (k <= 7219813))

table 5 : explain SELECT k, c FROM sbtest5 WHERE k BETWEEN 7219713 AND 7219813
	Bitmap Heap Scan on sbtest5  (cost=5.40..377.55 rows=94 width=125)
	  Recheck Cond: ((k >= 7219713) AND (k <= 7219813))
	  ->  Bitmap Index Scan on k_5  (cost=0.00..5.38 rows=94 width=0)
	        Index Cond: ((k >= 7219713) AND (k <= 7219813))

table 6 : explain SELECT k, c FROM sbtest6 WHERE k BETWEEN 7219713 AND 7219813
	Bitmap Heap Scan on sbtest6  (cost=5.55..436.62 rows=109 width=125)
	  Recheck Cond: ((k >= 7219713) AND (k <= 7219813))
	  ->  Bitmap Index Scan on k_6  (cost=0.00..5.52 rows=109 width=0)
	        Index Cond: ((k >= 7219713) AND (k <= 7219813))

table 7 : explain SELECT k, c FROM sbtest7 WHERE k BETWEEN 7219713 AND 7219813
	Bitmap Heap Scan on sbtest7  (cost=5.46..401.19 rows=100 width=125)
	  Recheck Cond: ((k >= 7219713) AND (k <= 7219813))
	  ->  Bitmap Index Scan on k_7  (cost=0.00..5.43 rows=100 width=0)
	        Index Cond: ((k >= 7219713) AND (k <= 7219813))

table 8 : explain SELECT k, c FROM sbtest8 WHERE k BETWEEN 7219713 AND 7219813
	Bitmap Heap Scan on sbtest8  (cost=5.48..409.07 rows=102 width=125)
	  Recheck Cond: ((k >= 7219713) AND (k <= 7219813))
	  ->  Bitmap Index Scan on k_8  (cost=0.00..5.45 rows=102 width=0)
	        Index Cond: ((k >= 7219713) AND (k <= 7219813))

explain: for range-notcovered :: explain SELECT k, c FROM sbtest%d WHERE k BETWEEN 699732 AND 699832
explain: for range-notcovered :: explain SELECT k, c FROM sbtest%d WHERE k BETWEEN 7219713 AND 7219813
explain: for range-notcovered :: explain SELECT k, c FROM sbtest%d WHERE k BETWEEN 9872678 AND 9872778
for range-notcovered
table 1 : explain SELECT k, c FROM sbtest1 WHERE k BETWEEN 1922472 AND 1922572
	Bitmap Heap Scan on sbtest1  (cost=5.53..428.75 rows=107 width=125)
	  Recheck Cond: ((k >= 1922472) AND (k <= 1922572))
	  ->  Bitmap Index Scan on k_1  (cost=0.00..5.50 rows=107 width=0)
	        Index Cond: ((k >= 1922472) AND (k <= 1922572))

table 2 : explain SELECT k, c FROM sbtest2 WHERE k BETWEEN 1922472 AND 1922572
	Bitmap Heap Scan on sbtest2  (cost=5.58..448.42 rows=112 width=125)
	  Recheck Cond: ((k >= 1922472) AND (k <= 1922572))
	  ->  Bitmap Index Scan on k_2  (cost=0.00..5.55 rows=112 width=0)
	        Index Cond: ((k >= 1922472) AND (k <= 1922572))

table 3 : explain SELECT k, c FROM sbtest3 WHERE k BETWEEN 1922472 AND 1922572
	Bitmap Heap Scan on sbtest3  (cost=5.49..413.00 rows=103 width=125)
	  Recheck Cond: ((k >= 1922472) AND (k <= 1922572))
	  ->  Bitmap Index Scan on k_3  (cost=0.00..5.46 rows=103 width=0)
	        Index Cond: ((k >= 1922472) AND (k <= 1922572))

table 4 : explain SELECT k, c FROM sbtest4 WHERE k BETWEEN 1922472 AND 1922572
	Bitmap Heap Scan on sbtest4  (cost=5.52..424.81 rows=106 width=125)
	  Recheck Cond: ((k >= 1922472) AND (k <= 1922572))
	  ->  Bitmap Index Scan on k_4  (cost=0.00..5.50 rows=106 width=0)
	        Index Cond: ((k >= 1922472) AND (k <= 1922572))

table 5 : explain SELECT k, c FROM sbtest5 WHERE k BETWEEN 1922472 AND 1922572
	Bitmap Heap Scan on sbtest5  (cost=5.50..416.94 rows=104 width=125)
	  Recheck Cond: ((k >= 1922472) AND (k <= 1922572))
	  ->  Bitmap Index Scan on k_5  (cost=0.00..5.47 rows=104 width=0)
	        Index Cond: ((k >= 1922472) AND (k <= 1922572))

table 6 : explain SELECT k, c FROM sbtest6 WHERE k BETWEEN 1922472 AND 1922572
	Bitmap Heap Scan on sbtest6  (cost=5.43..389.37 rows=97 width=125)
	  Recheck Cond: ((k >= 1922472) AND (k <= 1922572))
	  ->  Bitmap Index Scan on k_6  (cost=0.00..5.40 rows=97 width=0)
	        Index Cond: ((k >= 1922472) AND (k <= 1922572))

table 7 : explain SELECT k, c FROM sbtest7 WHERE k BETWEEN 1922472 AND 1922572
	Bitmap Heap Scan on sbtest7  (cost=5.50..416.94 rows=104 width=125)
	  Recheck Cond: ((k >= 1922472) AND (k <= 1922572))
	  ->  Bitmap Index Scan on k_7  (cost=0.00..5.47 rows=104 width=0)
	        Index Cond: ((k >= 1922472) AND (k <= 1922572))

table 8 : explain SELECT k, c FROM sbtest8 WHERE k BETWEEN 1922472 AND 1922572
	Bitmap Heap Scan on sbtest8  (cost=5.49..413.00 rows=103 width=125)
	  Recheck Cond: ((k >= 1922472) AND (k <= 1922572))
	  ->  Bitmap Index Scan on k_8  (cost=0.00..5.46 rows=103 width=0)
	        Index Cond: ((k >= 1922472) AND (k <= 1922572))

explain: for range-notcovered :: explain SELECT k, c FROM sbtest%d WHERE k BETWEEN 1922472 AND 1922572
for range-notcovered
table 1 : explain SELECT k, c FROM sbtest1 WHERE k BETWEEN 3315220 AND 3315320
	Bitmap Heap Scan on sbtest1  (cost=5.60..456.29 rows=114 width=125)
	  Recheck Cond: ((k >= 3315220) AND (k <= 3315320))
	  ->  Bitmap Index Scan on k_1  (cost=0.00..5.58 rows=114 width=0)
	        Index Cond: ((k >= 3315220) AND (k <= 3315320))

table 2 : explain SELECT k, c FROM sbtest2 WHERE k BETWEEN 3315220 AND 3315320
	Bitmap Heap Scan on sbtest2  (cost=5.46..401.19 rows=100 width=125)
	  Recheck Cond: ((k >= 3315220) AND (k <= 3315320))
	  ->  Bitmap Index Scan on k_2  (cost=0.00..5.43 rows=100 width=0)
	        Index Cond: ((k >= 3315220) AND (k <= 3315320))

table 3 : explain SELECT k, c FROM sbtest3 WHERE k BETWEEN 3315220 AND 3315320
	Bitmap Heap Scan on sbtest3  (cost=5.52..424.81 rows=106 width=125)
	  Recheck Cond: ((k >= 3315220) AND (k <= 3315320))
	  ->  Bitmap Index Scan on k_3  (cost=0.00..5.50 rows=106 width=0)
	        Index Cond: ((k >= 3315220) AND (k <= 3315320))

table 4 : explain SELECT k, c FROM sbtest4 WHERE k BETWEEN 3315220 AND 3315320
	Bitmap Heap Scan on sbtest4  (cost=5.55..436.62 rows=109 width=125)
	  Recheck Cond: ((k >= 3315220) AND (k <= 3315320))
	  ->  Bitmap Index Scan on k_4  (cost=0.00..5.52 rows=109 width=0)
	        Index Cond: ((k >= 3315220) AND (k <= 3315320))

table 5 : explain SELECT k, c FROM sbtest5 WHERE k BETWEEN 3315220 AND 3315320
	Bitmap Heap Scan on sbtest5  (cost=5.57..444.49 rows=111 width=125)
	  Recheck Cond: ((k >= 3315220) AND (k <= 3315320))
	  ->  Bitmap Index Scan on k_5  (cost=0.00..5.54 rows=111 width=0)
	        Index Cond: ((k >= 3315220) AND (k <= 3315320))

table 6 : explain SELECT k, c FROM sbtest6 WHERE k BETWEEN 3315220 AND 3315320
	Bitmap Heap Scan on sbtest6  (cost=5.54..432.69 rows=108 width=125)
	  Recheck Cond: ((k >= 3315220) AND (k <= 3315320))
	  ->  Bitmap Index Scan on k_6  (cost=0.00..5.51 rows=108 width=0)
	        Index Cond: ((k >= 3315220) AND (k <= 3315320))

table 7 : explain SELECT k, c FROM sbtest7 WHERE k BETWEEN 3315220 AND 3315320
	Bitmap Heap Scan on sbtest7  (cost=5.41..381.49 rows=95 width=125)
	  Recheck Cond: ((k >= 3315220) AND (k <= 3315320))
	  ->  Bitmap Index Scan on k_7  (cost=0.00..5.38 rows=95 width=0)
	        Index Cond: ((k >= 3315220) AND (k <= 3315320))

table 8 : explain SELECT k, c FROM sbtest8 WHERE k BETWEEN 3315220 AND 3315320
	Bitmap Heap Scan on sbtest8  (cost=5.49..413.00 rows=103 width=125)
	  Recheck Cond: ((k >= 3315220) AND (k <= 3315320))
	  ->  Bitmap Index Scan on k_8  (cost=0.00..5.46 rows=103 width=0)
	        Index Cond: ((k >= 3315220) AND (k <= 3315320))

explain: for range-notcovered :: explain SELECT k, c FROM sbtest%d WHERE k BETWEEN 3315220 AND 3315320
explain: for range-notcovered :: explain SELECT k, c FROM sbtest%d WHERE k BETWEEN 4704310 AND 4704410
for range-notcovered
table 1 : explain SELECT k, c FROM sbtest1 WHERE k BETWEEN 8384356 AND 8384456
	Bitmap Heap Scan on sbtest1  (cost=5.50..416.94 rows=104 width=125)
	  Recheck Cond: ((k >= 8384356) AND (k <= 8384456))
	  ->  Bitmap Index Scan on k_1  (cost=0.00..5.47 rows=104 width=0)
	        Index Cond: ((k >= 8384356) AND (k <= 8384456))

table 2 : explain SELECT k, c FROM sbtest2 WHERE k BETWEEN 8384356 AND 8384456
	Bitmap Heap Scan on sbtest2  (cost=5.48..409.07 rows=102 width=125)
	  Recheck Cond: ((k >= 8384356) AND (k <= 8384456))
	  ->  Bitmap Index Scan on k_2  (cost=0.00..5.45 rows=102 width=0)
	        Index Cond: ((k >= 8384356) AND (k <= 8384456))

table 3 : explain SELECT k, c FROM sbtest3 WHERE k BETWEEN 8384356 AND 8384456
	Bitmap Heap Scan on sbtest3  (cost=5.56..440.56 rows=110 width=125)
	  Recheck Cond: ((k >= 8384356) AND (k <= 8384456))
	  ->  Bitmap Index Scan on k_3  (cost=0.00..5.53 rows=110 width=0)
	        Index Cond: ((k >= 8384356) AND (k <= 8384456))

table 4 : explain SELECT k, c FROM sbtest4 WHERE k BETWEEN 8384356 AND 8384456
	Bitmap Heap Scan on sbtest4  (cost=5.53..428.75 rows=107 width=125)
	  Recheck Cond: ((k >= 8384356) AND (k <= 8384456))
	  ->  Bitmap Index Scan on k_4  (cost=0.00..5.50 rows=107 width=0)
	        Index Cond: ((k >= 8384356) AND (k <= 8384456))

table 5 : explain SELECT k, c FROM sbtest5 WHERE k BETWEEN 8384356 AND 8384456
	Bitmap Heap Scan on sbtest5  (cost=5.46..401.19 rows=100 width=125)
	  Recheck Cond: ((k >= 8384356) AND (k <= 8384456))
	  ->  Bitmap Index Scan on k_5  (cost=0.00..5.43 rows=100 width=0)
	        Index Cond: ((k >= 8384356) AND (k <= 8384456))

table 6 : explain SELECT k, c FROM sbtest6 WHERE k BETWEEN 8384356 AND 8384456
	Bitmap Heap Scan on sbtest6  (cost=5.50..416.94 rows=104 width=125)
	  Recheck Cond: ((k >= 8384356) AND (k <= 8384456))
	  ->  Bitmap Index Scan on k_6  (cost=0.00..5.47 rows=104 width=0)
	        Index Cond: ((k >= 8384356) AND (k <= 8384456))

table 7 : explain SELECT k, c FROM sbtest7 WHERE k BETWEEN 8384356 AND 8384456
	Bitmap Heap Scan on sbtest7  (cost=5.51..420.88 rows=105 width=125)
	  Recheck Cond: ((k >= 8384356) AND (k <= 8384456))
	  ->  Bitmap Index Scan on k_7  (cost=0.00..5.48 rows=105 width=0)
	        Index Cond: ((k >= 8384356) AND (k <= 8384456))

table 8 : explain SELECT k, c FROM sbtest8 WHERE k BETWEEN 8384356 AND 8384456
	Bitmap Heap Scan on sbtest8  (cost=5.42..385.43 rows=96 width=125)
	  Recheck Cond: ((k >= 8384356) AND (k <= 8384456))
	  ->  Bitmap Index Scan on k_8  (cost=0.00..5.39 rows=96 width=0)
	        Index Cond: ((k >= 8384356) AND (k <= 8384456))

for range-notcovered
table 1 : explain SELECT k, c FROM sbtest1 WHERE k BETWEEN 4910083 AND 4910183
	Bitmap Heap Scan on sbtest1  (cost=5.53..428.75 rows=107 width=125)
	  Recheck Cond: ((k >= 4910083) AND (k <= 4910183))
	  ->  Bitmap Index Scan on k_1  (cost=0.00..5.50 rows=107 width=0)
	        Index Cond: ((k >= 4910083) AND (k <= 4910183))

table 2 : explain SELECT k, c FROM sbtest2 WHERE k BETWEEN 4910083 AND 4910183
	Bitmap Heap Scan on sbtest2  (cost=5.51..420.88 rows=105 width=125)
	  Recheck Cond: ((k >= 4910083) AND (k <= 4910183))
	  ->  Bitmap Index Scan on k_2  (cost=0.00..5.48 rows=105 width=0)
	        Index Cond: ((k >= 4910083) AND (k <= 4910183))

table 3 : explain SELECT k, c FROM sbtest3 WHERE k BETWEEN 4910083 AND 4910183
	Bitmap Heap Scan on sbtest3  (cost=5.47..405.13 rows=101 width=125)
	  Recheck Cond: ((k >= 4910083) AND (k <= 4910183))
	  ->  Bitmap Index Scan on k_3  (cost=0.00..5.44 rows=101 width=0)
	        Index Cond: ((k >= 4910083) AND (k <= 4910183))

table 4 : explain SELECT k, c FROM sbtest4 WHERE k BETWEEN 4910083 AND 4910183
	Bitmap Heap Scan on sbtest4  (cost=5.52..424.81 rows=106 width=125)
	  Recheck Cond: ((k >= 4910083) AND (k <= 4910183))
	  ->  Bitmap Index Scan on k_4  (cost=0.00..5.50 rows=106 width=0)
	        Index Cond: ((k >= 4910083) AND (k <= 4910183))

table 5 : explain SELECT k, c FROM sbtest5 WHERE k BETWEEN 4910083 AND 4910183
	Bitmap Heap Scan on sbtest5  (cost=5.47..405.13 rows=101 width=125)
	  Recheck Cond: ((k >= 4910083) AND (k <= 4910183))
	  ->  Bitmap Index Scan on k_5  (cost=0.00..5.44 rows=101 width=0)
	        Index Cond: ((k >= 4910083) AND (k <= 4910183))

table 6 : explain SELECT k, c FROM sbtest6 WHERE k BETWEEN 4910083 AND 4910183
	Bitmap Heap Scan on sbtest6  (cost=5.41..381.49 rows=95 width=125)
	  Recheck Cond: ((k >= 4910083) AND (k <= 4910183))
	  ->  Bitmap Index Scan on k_6  (cost=0.00..5.38 rows=95 width=0)
	        Index Cond: ((k >= 4910083) AND (k <= 4910183))

table 7 : explain SELECT k, c FROM sbtest7 WHERE k BETWEEN 4910083 AND 4910183
	Bitmap Heap Scan on sbtest7  (cost=5.44..393.31 rows=98 width=125)
	  Recheck Cond: ((k >= 4910083) AND (k <= 4910183))
	  ->  Bitmap Index Scan on k_7  (cost=0.00..5.42 rows=98 width=0)
	        Index Cond: ((k >= 4910083) AND (k <= 4910183))

table 8 : explain SELECT k, c FROM sbtest8 WHERE k BETWEEN 4910083 AND 4910183
	Bitmap Heap Scan on sbtest8  (cost=5.48..409.07 rows=102 width=125)
	  Recheck Cond: ((k >= 4910083) AND (k <= 4910183))
	  ->  Bitmap Index Scan on k_8  (cost=0.00..5.45 rows=102 width=0)
	        Index Cond: ((k >= 4910083) AND (k <= 4910183))

for range-notcovered
table 1 : explain SELECT k, c FROM sbtest1 WHERE k BETWEEN 4325893 AND 4325993
	Bitmap Heap Scan on sbtest1  (cost=5.57..444.49 rows=111 width=125)
	  Recheck Cond: ((k >= 4325893) AND (k <= 4325993))
	  ->  Bitmap Index Scan on k_1  (cost=0.00..5.54 rows=111 width=0)
	        Index Cond: ((k >= 4325893) AND (k <= 4325993))

table 2 : explain SELECT k, c FROM sbtest2 WHERE k BETWEEN 4325893 AND 4325993
	Bitmap Heap Scan on sbtest2  (cost=5.42..385.43 rows=96 width=125)
	  Recheck Cond: ((k >= 4325893) AND (k <= 4325993))
	  ->  Bitmap Index Scan on k_2  (cost=0.00..5.39 rows=96 width=0)
	        Index Cond: ((k >= 4325893) AND (k <= 4325993))

table 3 : explain SELECT k, c FROM sbtest3 WHERE k BETWEEN 4325893 AND 4325993
	Bitmap Heap Scan on sbtest3  (cost=5.59..452.36 rows=113 width=125)
	  Recheck Cond: ((k >= 4325893) AND (k <= 4325993))
	  ->  Bitmap Index Scan on k_3  (cost=0.00..5.56 rows=113 width=0)
	        Index Cond: ((k >= 4325893) AND (k <= 4325993))

table 4 : explain SELECT k, c FROM sbtest4 WHERE k BETWEEN 4325893 AND 4325993
	Bitmap Heap Scan on sbtest4  (cost=5.46..401.19 rows=100 width=125)
	  Recheck Cond: ((k >= 4325893) AND (k <= 4325993))
	  ->  Bitmap Index Scan on k_4  (cost=0.00..5.43 rows=100 width=0)
	        Index Cond: ((k >= 4325893) AND (k <= 4325993))

table 5 : explain SELECT k, c FROM sbtest5 WHERE k BETWEEN 4325893 AND 4325993
	Bitmap Heap Scan on sbtest5  (cost=5.39..373.61 rows=93 width=125)
	  Recheck Cond: ((k >= 4325893) AND (k <= 4325993))
	  ->  Bitmap Index Scan on k_5  (cost=0.00..5.36 rows=93 width=0)
	        Index Cond: ((k >= 4325893) AND (k <= 4325993))

table 6 : explain SELECT k, c FROM sbtest6 WHERE k BETWEEN 4325893 AND 4325993
	Bitmap Heap Scan on sbtest6  (cost=5.51..420.88 rows=105 width=125)
	  Recheck Cond: ((k >= 4325893) AND (k <= 4325993))
	  ->  Bitmap Index Scan on k_6  (cost=0.00..5.48 rows=105 width=0)
	        Index Cond: ((k >= 4325893) AND (k <= 4325993))

table 7 : explain SELECT k, c FROM sbtest7 WHERE k BETWEEN 4325893 AND 4325993
	Bitmap Heap Scan on sbtest7  (cost=5.43..389.37 rows=97 width=125)
	  Recheck Cond: ((k >= 4325893) AND (k <= 4325993))
	  ->  Bitmap Index Scan on k_7  (cost=0.00..5.40 rows=97 width=0)
	        Index Cond: ((k >= 4325893) AND (k <= 4325993))

table 8 : explain SELECT k, c FROM sbtest8 WHERE k BETWEEN 4325893 AND 4325993
	Bitmap Heap Scan on sbtest8  (cost=5.60..456.29 rows=114 width=125)
	  Recheck Cond: ((k >= 4325893) AND (k <= 4325993))
	  ->  Bitmap Index Scan on k_8  (cost=0.00..5.58 rows=114 width=0)
	        Index Cond: ((k >= 4325893) AND (k <= 4325993))

explain: for range-notcovered :: explain SELECT k, c FROM sbtest%d WHERE k BETWEEN 4910083 AND 4910183
explain: for range-notcovered :: explain SELECT k, c FROM sbtest%d WHERE k BETWEEN 8384356 AND 8384456
for range-notcovered
table 1 : explain SELECT k, c FROM sbtest1 WHERE k BETWEEN 699732 AND 699832
	Bitmap Heap Scan on sbtest1  (cost=5.50..416.94 rows=104 width=125)
	  Recheck Cond: ((k >= 699732) AND (k <= 699832))
	  ->  Bitmap Index Scan on k_1  (cost=0.00..5.47 rows=104 width=0)
	        Index Cond: ((k >= 699732) AND (k <= 699832))

table 2 : explain SELECT k, c FROM sbtest2 WHERE k BETWEEN 699732 AND 699832
	Bitmap Heap Scan on sbtest2  (cost=5.53..428.75 rows=107 width=125)
	  Recheck Cond: ((k >= 699732) AND (k <= 699832))
	  ->  Bitmap Index Scan on k_2  (cost=0.00..5.50 rows=107 width=0)
	        Index Cond: ((k >= 699732) AND (k <= 699832))

table 3 : explain SELECT k, c FROM sbtest3 WHERE k BETWEEN 699732 AND 699832
	Bitmap Heap Scan on sbtest3  (cost=5.48..409.07 rows=102 width=125)
	  Recheck Cond: ((k >= 699732) AND (k <= 699832))
	  ->  Bitmap Index Scan on k_3  (cost=0.00..5.45 rows=102 width=0)
	        Index Cond: ((k >= 699732) AND (k <= 699832))

table 4 : explain SELECT k, c FROM sbtest4 WHERE k BETWEEN 699732 AND 699832
	Bitmap Heap Scan on sbtest4  (cost=5.48..409.07 rows=102 width=125)
	  Recheck Cond: ((k >= 699732) AND (k <= 699832))
	  ->  Bitmap Index Scan on k_4  (cost=0.00..5.45 rows=102 width=0)
	        Index Cond: ((k >= 699732) AND (k <= 699832))

table 5 : explain SELECT k, c FROM sbtest5 WHERE k BETWEEN 699732 AND 699832
	Bitmap Heap Scan on sbtest5  (cost=5.39..373.61 rows=93 width=125)
	  Recheck Cond: ((k >= 699732) AND (k <= 699832))
	  ->  Bitmap Index Scan on k_5  (cost=0.00..5.36 rows=93 width=0)
	        Index Cond: ((k >= 699732) AND (k <= 699832))

table 6 : explain SELECT k, c FROM sbtest6 WHERE k BETWEEN 699732 AND 699832
	Bitmap Heap Scan on sbtest6  (cost=5.40..377.55 rows=94 width=125)
	  Recheck Cond: ((k >= 699732) AND (k <= 699832))
	  ->  Bitmap Index Scan on k_6  (cost=0.00..5.38 rows=94 width=0)
	        Index Cond: ((k >= 699732) AND (k <= 699832))

table 7 : explain SELECT k, c FROM sbtest7 WHERE k BETWEEN 699732 AND 699832
	Bitmap Heap Scan on sbtest7  (cost=5.51..420.88 rows=105 width=125)
	  Recheck Cond: ((k >= 699732) AND (k <= 699832))
	  ->  Bitmap Index Scan on k_7  (cost=0.00..5.48 rows=105 width=0)
	        Index Cond: ((k >= 699732) AND (k <= 699832))

table 8 : explain SELECT k, c FROM sbtest8 WHERE k BETWEEN 699732 AND 699832
	Bitmap Heap Scan on sbtest8  (cost=5.39..373.61 rows=93 width=125)
	  Recheck Cond: ((k >= 699732) AND (k <= 699832))
	  ->  Bitmap Index Scan on k_8  (cost=0.00..5.36 rows=93 width=0)
	        Index Cond: ((k >= 699732) AND (k <= 699832))

for range-notcovered
table 1 : explain SELECT k, c FROM sbtest1 WHERE k BETWEEN 8521591 AND 8521691
	Bitmap Heap Scan on sbtest1  (cost=5.45..397.25 rows=99 width=125)
	  Recheck Cond: ((k >= 8521591) AND (k <= 8521691))
	  ->  Bitmap Index Scan on k_1  (cost=0.00..5.42 rows=99 width=0)
	        Index Cond: ((k >= 8521591) AND (k <= 8521691))

table 2 : explain SELECT k, c FROM sbtest2 WHERE k BETWEEN 8521591 AND 8521691
	Bitmap Heap Scan on sbtest2  (cost=5.53..428.75 rows=107 width=125)
	  Recheck Cond: ((k >= 8521591) AND (k <= 8521691))
	  ->  Bitmap Index Scan on k_2  (cost=0.00..5.50 rows=107 width=0)
	        Index Cond: ((k >= 8521591) AND (k <= 8521691))

table 3 : explain SELECT k, c FROM sbtest3 WHERE k BETWEEN 8521591 AND 8521691
	Bitmap Heap Scan on sbtest3  (cost=5.43..389.37 rows=97 width=125)
	  Recheck Cond: ((k >= 8521591) AND (k <= 8521691))
	  ->  Bitmap Index Scan on k_3  (cost=0.00..5.40 rows=97 width=0)
	        Index Cond: ((k >= 8521591) AND (k <= 8521691))

table 4 : explain SELECT k, c FROM sbtest4 WHERE k BETWEEN 8521591 AND 8521691
	Bitmap Heap Scan on sbtest4  (cost=5.52..424.81 rows=106 width=125)
	  Recheck Cond: ((k >= 8521591) AND (k <= 8521691))
	  ->  Bitmap Index Scan on k_4  (cost=0.00..5.50 rows=106 width=0)
	        Index Cond: ((k >= 8521591) AND (k <= 8521691))

table 5 : explain SELECT k, c FROM sbtest5 WHERE k BETWEEN 8521591 AND 8521691
	Bitmap Heap Scan on sbtest5  (cost=5.56..440.56 rows=110 width=125)
	  Recheck Cond: ((k >= 8521591) AND (k <= 8521691))
	  ->  Bitmap Index Scan on k_5  (cost=0.00..5.53 rows=110 width=0)
	        Index Cond: ((k >= 8521591) AND (k <= 8521691))

table 6 : explain SELECT k, c FROM sbtest6 WHERE k BETWEEN 8521591 AND 8521691
	Bitmap Heap Scan on sbtest6  (cost=5.61..460.22 rows=115 width=125)
	  Recheck Cond: ((k >= 8521591) AND (k <= 8521691))
	  ->  Bitmap Index Scan on k_6  (cost=0.00..5.58 rows=115 width=0)
	        Index Cond: ((k >= 8521591) AND (k <= 8521691))

table 7 : explain SELECT k, c FROM sbtest7 WHERE k BETWEEN 8521591 AND 8521691
	Bitmap Heap Scan on sbtest7  (cost=5.43..389.37 rows=97 width=125)
	  Recheck Cond: ((k >= 8521591) AND (k <= 8521691))
	  ->  Bitmap Index Scan on k_7  (cost=0.00..5.40 rows=97 width=0)
	        Index Cond: ((k >= 8521591) AND (k <= 8521691))

table 8 : explain SELECT k, c FROM sbtest8 WHERE k BETWEEN 8521591 AND 8521691
	Bitmap Heap Scan on sbtest8  (cost=5.50..416.94 rows=104 width=125)
	  Recheck Cond: ((k >= 8521591) AND (k <= 8521691))
	  ->  Bitmap Index Scan on k_8  (cost=0.00..5.47 rows=104 width=0)
	        Index Cond: ((k >= 8521591) AND (k <= 8521691))

explain: for range-notcovered :: explain SELECT k, c FROM sbtest%d WHERE k BETWEEN 8521591 AND 8521691
explain: for range-notcovered :: explain SELECT k, c FROM sbtest%d WHERE k BETWEEN 4325893 AND 4325993
for range-notcovered
table 1 : explain SELECT k, c FROM sbtest1 WHERE k BETWEEN 7219713 AND 7219813
	Bitmap Heap Scan on sbtest1  (cost=5.41..381.49 rows=95 width=125)
	  Recheck Cond: ((k >= 7219713) AND (k <= 7219813))
	  ->  Bitmap Index Scan on k_1  (cost=0.00..5.38 rows=95 width=0)
	        Index Cond: ((k >= 7219713) AND (k <= 7219813))

table 2 : explain SELECT k, c FROM sbtest2 WHERE k BETWEEN 7219713 AND 7219813
	Bitmap Heap Scan on sbtest2  (cost=5.48..409.07 rows=102 width=125)
	  Recheck Cond: ((k >= 7219713) AND (k <= 7219813))
	  ->  Bitmap Index Scan on k_2  (cost=0.00..5.45 rows=102 width=0)
	        Index Cond: ((k >= 7219713) AND (k <= 7219813))

table 3 : explain SELECT k, c FROM sbtest3 WHERE k BETWEEN 7219713 AND 7219813
	Bitmap Heap Scan on sbtest3  (cost=5.45..397.25 rows=99 width=125)
	  Recheck Cond: ((k >= 7219713) AND (k <= 7219813))
	  ->  Bitmap Index Scan on k_3  (cost=0.00..5.42 rows=99 width=0)
	        Index Cond: ((k >= 7219713) AND (k <= 7219813))

table 4 : explain SELECT k, c FROM sbtest4 WHERE k BETWEEN 7219713 AND 7219813
	Bitmap Heap Scan on sbtest4  (cost=5.47..405.13 rows=101 width=125)
	  Recheck Cond: ((k >= 7219713) AND (k <= 7219813))
	  ->  Bitmap Index Scan on k_4  (cost=0.00..5.44 rows=101 width=0)
	        Index Cond: ((k >= 7219713) AND (k <= 7219813))

table 5 : explain SELECT k, c FROM sbtest5 WHERE k BETWEEN 7219713 AND 7219813
	Bitmap Heap Scan on sbtest5  (cost=5.40..377.55 rows=94 width=125)
	  Recheck Cond: ((k >= 7219713) AND (k <= 7219813))
	  ->  Bitmap Index Scan on k_5  (cost=0.00..5.38 rows=94 width=0)
	        Index Cond: ((k >= 7219713) AND (k <= 7219813))

table 6 : explain SELECT k, c FROM sbtest6 WHERE k BETWEEN 7219713 AND 7219813
	Bitmap Heap Scan on sbtest6  (cost=5.55..436.62 rows=109 width=125)
	  Recheck Cond: ((k >= 7219713) AND (k <= 7219813))
	  ->  Bitmap Index Scan on k_6  (cost=0.00..5.52 rows=109 width=0)
	        Index Cond: ((k >= 7219713) AND (k <= 7219813))

table 7 : explain SELECT k, c FROM sbtest7 WHERE k BETWEEN 7219713 AND 7219813
	Bitmap Heap Scan on sbtest7  (cost=5.46..401.19 rows=100 width=125)
	  Recheck Cond: ((k >= 7219713) AND (k <= 7219813))
	  ->  Bitmap Index Scan on k_7  (cost=0.00..5.43 rows=100 width=0)
	        Index Cond: ((k >= 7219713) AND (k <= 7219813))

table 8 : explain SELECT k, c FROM sbtest8 WHERE k BETWEEN 7219713 AND 7219813
	Bitmap Heap Scan on sbtest8  (cost=5.48..409.07 rows=102 width=125)
	  Recheck Cond: ((k >= 7219713) AND (k <= 7219813))
	  ->  Bitmap Index Scan on k_8  (cost=0.00..5.45 rows=102 width=0)
	        Index Cond: ((k >= 7219713) AND (k <= 7219813))

for range-notcovered
table 1 : explain SELECT k, c FROM sbtest1 WHERE k BETWEEN 1922472 AND 1922572
	Bitmap Heap Scan on sbtest1  (cost=5.53..428.75 rows=107 width=125)
	  Recheck Cond: ((k >= 1922472) AND (k <= 1922572))
	  ->  Bitmap Index Scan on k_1  (cost=0.00..5.50 rows=107 width=0)
	        Index Cond: ((k >= 1922472) AND (k <= 1922572))

table 2 : explain SELECT k, c FROM sbtest2 WHERE k BETWEEN 1922472 AND 1922572
	Bitmap Heap Scan on sbtest2  (cost=5.58..448.42 rows=112 width=125)
	  Recheck Cond: ((k >= 1922472) AND (k <= 1922572))
	  ->  Bitmap Index Scan on k_2  (cost=0.00..5.55 rows=112 width=0)
	        Index Cond: ((k >= 1922472) AND (k <= 1922572))

table 3 : explain SELECT k, c FROM sbtest3 WHERE k BETWEEN 1922472 AND 1922572
	Bitmap Heap Scan on sbtest3  (cost=5.49..413.00 rows=103 width=125)
	  Recheck Cond: ((k >= 1922472) AND (k <= 1922572))
	  ->  Bitmap Index Scan on k_3  (cost=0.00..5.46 rows=103 width=0)
	        Index Cond: ((k >= 1922472) AND (k <= 1922572))

table 4 : explain SELECT k, c FROM sbtest4 WHERE k BETWEEN 1922472 AND 1922572
	Bitmap Heap Scan on sbtest4  (cost=5.52..424.81 rows=106 width=125)
	  Recheck Cond: ((k >= 1922472) AND (k <= 1922572))
	  ->  Bitmap Index Scan on k_4  (cost=0.00..5.50 rows=106 width=0)
	        Index Cond: ((k >= 1922472) AND (k <= 1922572))

table 5 : explain SELECT k, c FROM sbtest5 WHERE k BETWEEN 1922472 AND 1922572
	Bitmap Heap Scan on sbtest5  (cost=5.50..416.94 rows=104 width=125)
	  Recheck Cond: ((k >= 1922472) AND (k <= 1922572))
	  ->  Bitmap Index Scan on k_5  (cost=0.00..5.47 rows=104 width=0)
	        Index Cond: ((k >= 1922472) AND (k <= 1922572))

table 6 : explain SELECT k, c FROM sbtest6 WHERE k BETWEEN 1922472 AND 1922572
	Bitmap Heap Scan on sbtest6  (cost=5.43..389.37 rows=97 width=125)
	  Recheck Cond: ((k >= 1922472) AND (k <= 1922572))
	  ->  Bitmap Index Scan on k_6  (cost=0.00..5.40 rows=97 width=0)
	        Index Cond: ((k >= 1922472) AND (k <= 1922572))

table 7 : explain SELECT k, c FROM sbtest7 WHERE k BETWEEN 1922472 AND 1922572
	Bitmap Heap Scan on sbtest7  (cost=5.50..416.94 rows=104 width=125)
	  Recheck Cond: ((k >= 1922472) AND (k <= 1922572))
	  ->  Bitmap Index Scan on k_7  (cost=0.00..5.47 rows=104 width=0)
	        Index Cond: ((k >= 1922472) AND (k <= 1922572))

table 8 : explain SELECT k, c FROM sbtest8 WHERE k BETWEEN 1922472 AND 1922572
	Bitmap Heap Scan on sbtest8  (cost=5.49..413.00 rows=103 width=125)
	  Recheck Cond: ((k >= 1922472) AND (k <= 1922572))
	  ->  Bitmap Index Scan on k_8  (cost=0.00..5.46 rows=103 width=0)
	        Index Cond: ((k >= 1922472) AND (k <= 1922572))

explain: for range-notcovered :: explain SELECT k, c FROM sbtest%d WHERE k BETWEEN 2708735 AND 2708835
explain: for range-notcovered :: explain SELECT k, c FROM sbtest%d WHERE k BETWEEN 6716982 AND 6717082
explain: for range-notcovered :: explain SELECT k, c FROM sbtest%d WHERE k BETWEEN 6098075 AND 6098175
explain: for range-notcovered :: explain SELECT k, c FROM sbtest%d WHERE k BETWEEN 7219713 AND 7219813
explain: for range-notcovered :: explain SELECT k, c FROM sbtest%d WHERE k BETWEEN 1922472 AND 1922572
for range-notcovered
table 1 : explain SELECT k, c FROM sbtest1 WHERE k BETWEEN 3315220 AND 3315320
	Bitmap Heap Scan on sbtest1  (cost=5.60..456.29 rows=114 width=125)
	  Recheck Cond: ((k >= 3315220) AND (k <= 3315320))
	  ->  Bitmap Index Scan on k_1  (cost=0.00..5.58 rows=114 width=0)
	        Index Cond: ((k >= 3315220) AND (k <= 3315320))

table 2 : explain SELECT k, c FROM sbtest2 WHERE k BETWEEN 3315220 AND 3315320
	Bitmap Heap Scan on sbtest2  (cost=5.46..401.19 rows=100 width=125)
	  Recheck Cond: ((k >= 3315220) AND (k <= 3315320))
	  ->  Bitmap Index Scan on k_2  (cost=0.00..5.43 rows=100 width=0)
	        Index Cond: ((k >= 3315220) AND (k <= 3315320))

table 3 : explain SELECT k, c FROM sbtest3 WHERE k BETWEEN 3315220 AND 3315320
	Bitmap Heap Scan on sbtest3  (cost=5.52..424.81 rows=106 width=125)
	  Recheck Cond: ((k >= 3315220) AND (k <= 3315320))
	  ->  Bitmap Index Scan on k_3  (cost=0.00..5.50 rows=106 width=0)
	        Index Cond: ((k >= 3315220) AND (k <= 3315320))

table 4 : explain SELECT k, c FROM sbtest4 WHERE k BETWEEN 3315220 AND 3315320
	Bitmap Heap Scan on sbtest4  (cost=5.55..436.62 rows=109 width=125)
	  Recheck Cond: ((k >= 3315220) AND (k <= 3315320))
	  ->  Bitmap Index Scan on k_4  (cost=0.00..5.52 rows=109 width=0)
	        Index Cond: ((k >= 3315220) AND (k <= 3315320))

table 5 : explain SELECT k, c FROM sbtest5 WHERE k BETWEEN 3315220 AND 3315320
	Bitmap Heap Scan on sbtest5  (cost=5.57..444.49 rows=111 width=125)
	  Recheck Cond: ((k >= 3315220) AND (k <= 3315320))
	  ->  Bitmap Index Scan on k_5  (cost=0.00..5.54 rows=111 width=0)
	        Index Cond: ((k >= 3315220) AND (k <= 3315320))

table 6 : explain SELECT k, c FROM sbtest6 WHERE k BETWEEN 3315220 AND 3315320
	Bitmap Heap Scan on sbtest6  (cost=5.54..432.69 rows=108 width=125)
	  Recheck Cond: ((k >= 3315220) AND (k <= 3315320))
	  ->  Bitmap Index Scan on k_6  (cost=0.00..5.51 rows=108 width=0)
	        Index Cond: ((k >= 3315220) AND (k <= 3315320))

table 7 : explain SELECT k, c FROM sbtest7 WHERE k BETWEEN 3315220 AND 3315320
	Bitmap Heap Scan on sbtest7  (cost=5.41..381.49 rows=95 width=125)
	  Recheck Cond: ((k >= 3315220) AND (k <= 3315320))
	  ->  Bitmap Index Scan on k_7  (cost=0.00..5.38 rows=95 width=0)
	        Index Cond: ((k >= 3315220) AND (k <= 3315320))

table 8 : explain SELECT k, c FROM sbtest8 WHERE k BETWEEN 3315220 AND 3315320
	Bitmap Heap Scan on sbtest8  (cost=5.49..413.00 rows=103 width=125)
	  Recheck Cond: ((k >= 3315220) AND (k <= 3315320))
	  ->  Bitmap Index Scan on k_8  (cost=0.00..5.46 rows=103 width=0)
	        Index Cond: ((k >= 3315220) AND (k <= 3315320))

for range-notcovered
table 1 : explain SELECT k, c FROM sbtest1 WHERE k BETWEEN 2726962 AND 2727062
	Bitmap Heap Scan on sbtest1  (cost=5.47..405.13 rows=101 width=125)
	  Recheck Cond: ((k >= 2726962) AND (k <= 2727062))
	  ->  Bitmap Index Scan on k_1  (cost=0.00..5.44 rows=101 width=0)
	        Index Cond: ((k >= 2726962) AND (k <= 2727062))

table 2 : explain SELECT k, c FROM sbtest2 WHERE k BETWEEN 2726962 AND 2727062
	Bitmap Heap Scan on sbtest2  (cost=5.41..381.49 rows=95 width=125)
	  Recheck Cond: ((k >= 2726962) AND (k <= 2727062))
	  ->  Bitmap Index Scan on k_2  (cost=0.00..5.38 rows=95 width=0)
	        Index Cond: ((k >= 2726962) AND (k <= 2727062))

table 3 : explain SELECT k, c FROM sbtest3 WHERE k BETWEEN 2726962 AND 2727062
	Bitmap Heap Scan on sbtest3  (cost=5.47..405.13 rows=101 width=125)
	  Recheck Cond: ((k >= 2726962) AND (k <= 2727062))
	  ->  Bitmap Index Scan on k_3  (cost=0.00..5.44 rows=101 width=0)
	        Index Cond: ((k >= 2726962) AND (k <= 2727062))

table 4 : explain SELECT k, c FROM sbtest4 WHERE k BETWEEN 2726962 AND 2727062
	Bitmap Heap Scan on sbtest4  (cost=5.41..381.49 rows=95 width=125)
	  Recheck Cond: ((k >= 2726962) AND (k <= 2727062))
	  ->  Bitmap Index Scan on k_4  (cost=0.00..5.38 rows=95 width=0)
	        Index Cond: ((k >= 2726962) AND (k <= 2727062))

table 5 : explain SELECT k, c FROM sbtest5 WHERE k BETWEEN 2726962 AND 2727062
	Bitmap Heap Scan on sbtest5  (cost=5.46..401.19 rows=100 width=125)
	  Recheck Cond: ((k >= 2726962) AND (k <= 2727062))
	  ->  Bitmap Index Scan on k_5  (cost=0.00..5.43 rows=100 width=0)
	        Index Cond: ((k >= 2726962) AND (k <= 2727062))

table 6 : explain SELECT k, c FROM sbtest6 WHERE k BETWEEN 2726962 AND 2727062
	Bitmap Heap Scan on sbtest6  (cost=5.47..405.13 rows=101 width=125)
	  Recheck Cond: ((k >= 2726962) AND (k <= 2727062))
	  ->  Bitmap Index Scan on k_6  (cost=0.00..5.44 rows=101 width=0)
	        Index Cond: ((k >= 2726962) AND (k <= 2727062))

table 7 : explain SELECT k, c FROM sbtest7 WHERE k BETWEEN 2726962 AND 2727062
	Bitmap Heap Scan on sbtest7  (cost=5.42..385.43 rows=96 width=125)
	  Recheck Cond: ((k >= 2726962) AND (k <= 2727062))
	  ->  Bitmap Index Scan on k_7  (cost=0.00..5.39 rows=96 width=0)
	        Index Cond: ((k >= 2726962) AND (k <= 2727062))

table 8 : explain SELECT k, c FROM sbtest8 WHERE k BETWEEN 2726962 AND 2727062
	Bitmap Heap Scan on sbtest8  (cost=5.47..405.13 rows=101 width=125)
	  Recheck Cond: ((k >= 2726962) AND (k <= 2727062))
	  ->  Bitmap Index Scan on k_8  (cost=0.00..5.44 rows=101 width=0)
	        Index Cond: ((k >= 2726962) AND (k <= 2727062))

for range-notcovered
table 1 : explain SELECT k, c FROM sbtest1 WHERE k BETWEEN 4910083 AND 4910183
	Bitmap Heap Scan on sbtest1  (cost=5.53..428.75 rows=107 width=125)
	  Recheck Cond: ((k >= 4910083) AND (k <= 4910183))
	  ->  Bitmap Index Scan on k_1  (cost=0.00..5.50 rows=107 width=0)
	        Index Cond: ((k >= 4910083) AND (k <= 4910183))

table 2 : explain SELECT k, c FROM sbtest2 WHERE k BETWEEN 4910083 AND 4910183
	Bitmap Heap Scan on sbtest2  (cost=5.51..420.88 rows=105 width=125)
	  Recheck Cond: ((k >= 4910083) AND (k <= 4910183))
	  ->  Bitmap Index Scan on k_2  (cost=0.00..5.48 rows=105 width=0)
	        Index Cond: ((k >= 4910083) AND (k <= 4910183))

table 3 : explain SELECT k, c FROM sbtest3 WHERE k BETWEEN 4910083 AND 4910183
	Bitmap Heap Scan on sbtest3  (cost=5.47..405.13 rows=101 width=125)
	  Recheck Cond: ((k >= 4910083) AND (k <= 4910183))
	  ->  Bitmap Index Scan on k_3  (cost=0.00..5.44 rows=101 width=0)
	        Index Cond: ((k >= 4910083) AND (k <= 4910183))

table 4 : explain SELECT k, c FROM sbtest4 WHERE k BETWEEN 4910083 AND 4910183
	Bitmap Heap Scan on sbtest4  (cost=5.52..424.81 rows=106 width=125)
	  Recheck Cond: ((k >= 4910083) AND (k <= 4910183))
	  ->  Bitmap Index Scan on k_4  (cost=0.00..5.50 rows=106 width=0)
	        Index Cond: ((k >= 4910083) AND (k <= 4910183))

table 5 : explain SELECT k, c FROM sbtest5 WHERE k BETWEEN 4910083 AND 4910183
	Bitmap Heap Scan on sbtest5  (cost=5.47..405.13 rows=101 width=125)
	  Recheck Cond: ((k >= 4910083) AND (k <= 4910183))
	  ->  Bitmap Index Scan on k_5  (cost=0.00..5.44 rows=101 width=0)
	        Index Cond: ((k >= 4910083) AND (k <= 4910183))

table 6 : explain SELECT k, c FROM sbtest6 WHERE k BETWEEN 4910083 AND 4910183
	Bitmap Heap Scan on sbtest6  (cost=5.41..381.49 rows=95 width=125)
	  Recheck Cond: ((k >= 4910083) AND (k <= 4910183))
	  ->  Bitmap Index Scan on k_6  (cost=0.00..5.38 rows=95 width=0)
	        Index Cond: ((k >= 4910083) AND (k <= 4910183))

table 7 : explain SELECT k, c FROM sbtest7 WHERE k BETWEEN 4910083 AND 4910183
	Bitmap Heap Scan on sbtest7  (cost=5.44..393.31 rows=98 width=125)
	  Recheck Cond: ((k >= 4910083) AND (k <= 4910183))
	  ->  Bitmap Index Scan on k_7  (cost=0.00..5.42 rows=98 width=0)
	        Index Cond: ((k >= 4910083) AND (k <= 4910183))

table 8 : explain SELECT k, c FROM sbtest8 WHERE k BETWEEN 4910083 AND 4910183
	Bitmap Heap Scan on sbtest8  (cost=5.48..409.07 rows=102 width=125)
	  Recheck Cond: ((k >= 4910083) AND (k <= 4910183))
	  ->  Bitmap Index Scan on k_8  (cost=0.00..5.45 rows=102 width=0)
	        Index Cond: ((k >= 4910083) AND (k <= 4910183))

explain: for range-notcovered :: explain SELECT k, c FROM sbtest%d WHERE k BETWEEN 4910083 AND 4910183
for range-notcovered
table 1 : explain SELECT k, c FROM sbtest1 WHERE k BETWEEN 8521591 AND 8521691
	Bitmap Heap Scan on sbtest1  (cost=5.45..397.25 rows=99 width=125)
	  Recheck Cond: ((k >= 8521591) AND (k <= 8521691))
	  ->  Bitmap Index Scan on k_1  (cost=0.00..5.42 rows=99 width=0)
	        Index Cond: ((k >= 8521591) AND (k <= 8521691))

table 2 : explain SELECT k, c FROM sbtest2 WHERE k BETWEEN 8521591 AND 8521691
	Bitmap Heap Scan on sbtest2  (cost=5.53..428.75 rows=107 width=125)
	  Recheck Cond: ((k >= 8521591) AND (k <= 8521691))
	  ->  Bitmap Index Scan on k_2  (cost=0.00..5.50 rows=107 width=0)
	        Index Cond: ((k >= 8521591) AND (k <= 8521691))

table 3 : explain SELECT k, c FROM sbtest3 WHERE k BETWEEN 8521591 AND 8521691
	Bitmap Heap Scan on sbtest3  (cost=5.43..389.37 rows=97 width=125)
	  Recheck Cond: ((k >= 8521591) AND (k <= 8521691))
	  ->  Bitmap Index Scan on k_3  (cost=0.00..5.40 rows=97 width=0)
	        Index Cond: ((k >= 8521591) AND (k <= 8521691))

table 4 : explain SELECT k, c FROM sbtest4 WHERE k BETWEEN 8521591 AND 8521691
	Bitmap Heap Scan on sbtest4  (cost=5.52..424.81 rows=106 width=125)
	  Recheck Cond: ((k >= 8521591) AND (k <= 8521691))
	  ->  Bitmap Index Scan on k_4  (cost=0.00..5.50 rows=106 width=0)
	        Index Cond: ((k >= 8521591) AND (k <= 8521691))

table 5 : explain SELECT k, c FROM sbtest5 WHERE k BETWEEN 8521591 AND 8521691
	Bitmap Heap Scan on sbtest5  (cost=5.56..440.56 rows=110 width=125)
	  Recheck Cond: ((k >= 8521591) AND (k <= 8521691))
	  ->  Bitmap Index Scan on k_5  (cost=0.00..5.53 rows=110 width=0)
	        Index Cond: ((k >= 8521591) AND (k <= 8521691))

table 6 : explain SELECT k, c FROM sbtest6 WHERE k BETWEEN 8521591 AND 8521691
	Bitmap Heap Scan on sbtest6  (cost=5.61..460.22 rows=115 width=125)
	  Recheck Cond: ((k >= 8521591) AND (k <= 8521691))
	  ->  Bitmap Index Scan on k_6  (cost=0.00..5.58 rows=115 width=0)
	        Index Cond: ((k >= 8521591) AND (k <= 8521691))

table 7 : explain SELECT k, c FROM sbtest7 WHERE k BETWEEN 8521591 AND 8521691
	Bitmap Heap Scan on sbtest7  (cost=5.43..389.37 rows=97 width=125)
	  Recheck Cond: ((k >= 8521591) AND (k <= 8521691))
	  ->  Bitmap Index Scan on k_7  (cost=0.00..5.40 rows=97 width=0)
	        Index Cond: ((k >= 8521591) AND (k <= 8521691))

table 8 : explain SELECT k, c FROM sbtest8 WHERE k BETWEEN 8521591 AND 8521691
	Bitmap Heap Scan on sbtest8  (cost=5.50..416.94 rows=104 width=125)
	  Recheck Cond: ((k >= 8521591) AND (k <= 8521691))
	  ->  Bitmap Index Scan on k_8  (cost=0.00..5.47 rows=104 width=0)
	        Index Cond: ((k >= 8521591) AND (k <= 8521691))

explain: for range-notcovered :: explain SELECT k, c FROM sbtest%d WHERE k BETWEEN 8521591 AND 8521691
for range-notcovered
table 1 : explain SELECT k, c FROM sbtest1 WHERE k BETWEEN 1922472 AND 1922572
	Bitmap Heap Scan on sbtest1  (cost=5.53..428.75 rows=107 width=125)
	  Recheck Cond: ((k >= 1922472) AND (k <= 1922572))
	  ->  Bitmap Index Scan on k_1  (cost=0.00..5.50 rows=107 width=0)
	        Index Cond: ((k >= 1922472) AND (k <= 1922572))

table 2 : explain SELECT k, c FROM sbtest2 WHERE k BETWEEN 1922472 AND 1922572
	Bitmap Heap Scan on sbtest2  (cost=5.58..448.42 rows=112 width=125)
	  Recheck Cond: ((k >= 1922472) AND (k <= 1922572))
	  ->  Bitmap Index Scan on k_2  (cost=0.00..5.55 rows=112 width=0)
	        Index Cond: ((k >= 1922472) AND (k <= 1922572))

table 3 : explain SELECT k, c FROM sbtest3 WHERE k BETWEEN 1922472 AND 1922572
	Bitmap Heap Scan on sbtest3  (cost=5.49..413.00 rows=103 width=125)
	  Recheck Cond: ((k >= 1922472) AND (k <= 1922572))
	  ->  Bitmap Index Scan on k_3  (cost=0.00..5.46 rows=103 width=0)
	        Index Cond: ((k >= 1922472) AND (k <= 1922572))

table 4 : explain SELECT k, c FROM sbtest4 WHERE k BETWEEN 1922472 AND 1922572
	Bitmap Heap Scan on sbtest4  (cost=5.52..424.81 rows=106 width=125)
	  Recheck Cond: ((k >= 1922472) AND (k <= 1922572))
	  ->  Bitmap Index Scan on k_4  (cost=0.00..5.50 rows=106 width=0)
	        Index Cond: ((k >= 1922472) AND (k <= 1922572))

table 5 : explain SELECT k, c FROM sbtest5 WHERE k BETWEEN 1922472 AND 1922572
	Bitmap Heap Scan on sbtest5  (cost=5.50..416.94 rows=104 width=125)
	  Recheck Cond: ((k >= 1922472) AND (k <= 1922572))
	  ->  Bitmap Index Scan on k_5  (cost=0.00..5.47 rows=104 width=0)
	        Index Cond: ((k >= 1922472) AND (k <= 1922572))

table 6 : explain SELECT k, c FROM sbtest6 WHERE k BETWEEN 1922472 AND 1922572
	Bitmap Heap Scan on sbtest6  (cost=5.43..389.37 rows=97 width=125)
	  Recheck Cond: ((k >= 1922472) AND (k <= 1922572))
	  ->  Bitmap Index Scan on k_6  (cost=0.00..5.40 rows=97 width=0)
	        Index Cond: ((k >= 1922472) AND (k <= 1922572))

table 7 : explain SELECT k, c FROM sbtest7 WHERE k BETWEEN 1922472 AND 1922572
	Bitmap Heap Scan on sbtest7  (cost=5.50..416.94 rows=104 width=125)
	  Recheck Cond: ((k >= 1922472) AND (k <= 1922572))
	  ->  Bitmap Index Scan on k_7  (cost=0.00..5.47 rows=104 width=0)
	        Index Cond: ((k >= 1922472) AND (k <= 1922572))

table 8 : explain SELECT k, c FROM sbtest8 WHERE k BETWEEN 1922472 AND 1922572
	Bitmap Heap Scan on sbtest8  (cost=5.49..413.00 rows=103 width=125)
	  Recheck Cond: ((k >= 1922472) AND (k <= 1922572))
	  ->  Bitmap Index Scan on k_8  (cost=0.00..5.46 rows=103 width=0)
	        Index Cond: ((k >= 1922472) AND (k <= 1922572))

for range-notcovered
table 1 : explain SELECT k, c FROM sbtest1 WHERE k BETWEEN 7219713 AND 7219813
	Bitmap Heap Scan on sbtest1  (cost=5.41..381.49 rows=95 width=125)
	  Recheck Cond: ((k >= 7219713) AND (k <= 7219813))
	  ->  Bitmap Index Scan on k_1  (cost=0.00..5.38 rows=95 width=0)
	        Index Cond: ((k >= 7219713) AND (k <= 7219813))

table 2 : explain SELECT k, c FROM sbtest2 WHERE k BETWEEN 7219713 AND 7219813
	Bitmap Heap Scan on sbtest2  (cost=5.48..409.07 rows=102 width=125)
	  Recheck Cond: ((k >= 7219713) AND (k <= 7219813))
	  ->  Bitmap Index Scan on k_2  (cost=0.00..5.45 rows=102 width=0)
	        Index Cond: ((k >= 7219713) AND (k <= 7219813))

table 3 : explain SELECT k, c FROM sbtest3 WHERE k BETWEEN 7219713 AND 7219813
	Bitmap Heap Scan on sbtest3  (cost=5.45..397.25 rows=99 width=125)
	  Recheck Cond: ((k >= 7219713) AND (k <= 7219813))
	  ->  Bitmap Index Scan on k_3  (cost=0.00..5.42 rows=99 width=0)
	        Index Cond: ((k >= 7219713) AND (k <= 7219813))

table 4 : explain SELECT k, c FROM sbtest4 WHERE k BETWEEN 7219713 AND 7219813
	Bitmap Heap Scan on sbtest4  (cost=5.47..405.13 rows=101 width=125)
	  Recheck Cond: ((k >= 7219713) AND (k <= 7219813))
	  ->  Bitmap Index Scan on k_4  (cost=0.00..5.44 rows=101 width=0)
	        Index Cond: ((k >= 7219713) AND (k <= 7219813))

table 5 : explain SELECT k, c FROM sbtest5 WHERE k BETWEEN 7219713 AND 7219813
	Bitmap Heap Scan on sbtest5  (cost=5.40..377.55 rows=94 width=125)
	  Recheck Cond: ((k >= 7219713) AND (k <= 7219813))
	  ->  Bitmap Index Scan on k_5  (cost=0.00..5.38 rows=94 width=0)
	        Index Cond: ((k >= 7219713) AND (k <= 7219813))

table 6 : explain SELECT k, c FROM sbtest6 WHERE k BETWEEN 7219713 AND 7219813
	Bitmap Heap Scan on sbtest6  (cost=5.55..436.62 rows=109 width=125)
	  Recheck Cond: ((k >= 7219713) AND (k <= 7219813))
	  ->  Bitmap Index Scan on k_6  (cost=0.00..5.52 rows=109 width=0)
	        Index Cond: ((k >= 7219713) AND (k <= 7219813))

table 7 : explain SELECT k, c FROM sbtest7 WHERE k BETWEEN 7219713 AND 7219813
	Bitmap Heap Scan on sbtest7  (cost=5.46..401.19 rows=100 width=125)
	  Recheck Cond: ((k >= 7219713) AND (k <= 7219813))
	  ->  Bitmap Index Scan on k_7  (cost=0.00..5.43 rows=100 width=0)
	        Index Cond: ((k >= 7219713) AND (k <= 7219813))

table 8 : explain SELECT k, c FROM sbtest8 WHERE k BETWEEN 7219713 AND 7219813
	Bitmap Heap Scan on sbtest8  (cost=5.48..409.07 rows=102 width=125)
	  Recheck Cond: ((k >= 7219713) AND (k <= 7219813))
	  ->  Bitmap Index Scan on k_8  (cost=0.00..5.45 rows=102 width=0)
	        Index Cond: ((k >= 7219713) AND (k <= 7219813))

explain: for range-notcovered :: explain SELECT k, c FROM sbtest%d WHERE k BETWEEN 1922472 AND 1922572
explain: for range-notcovered :: explain SELECT k, c FROM sbtest%d WHERE k BETWEEN 3876485 AND 3876585
explain: for range-notcovered :: explain SELECT k, c FROM sbtest%d WHERE k BETWEEN 7219713 AND 7219813
for range-notcovered
table 1 : explain SELECT k, c FROM sbtest1 WHERE k BETWEEN 9872678 AND 9872778
	Bitmap Heap Scan on sbtest1  (cost=5.45..397.25 rows=99 width=125)
	  Recheck Cond: ((k >= 9872678) AND (k <= 9872778))
	  ->  Bitmap Index Scan on k_1  (cost=0.00..5.42 rows=99 width=0)
	        Index Cond: ((k >= 9872678) AND (k <= 9872778))

table 2 : explain SELECT k, c FROM sbtest2 WHERE k BETWEEN 9872678 AND 9872778
	Bitmap Heap Scan on sbtest2  (cost=5.47..405.13 rows=101 width=125)
	  Recheck Cond: ((k >= 9872678) AND (k <= 9872778))
	  ->  Bitmap Index Scan on k_2  (cost=0.00..5.44 rows=101 width=0)
	        Index Cond: ((k >= 9872678) AND (k <= 9872778))

table 3 : explain SELECT k, c FROM sbtest3 WHERE k BETWEEN 9872678 AND 9872778
	Bitmap Heap Scan on sbtest3  (cost=5.44..393.31 rows=98 width=125)
	  Recheck Cond: ((k >= 9872678) AND (k <= 9872778))
	  ->  Bitmap Index Scan on k_3  (cost=0.00..5.42 rows=98 width=0)
	        Index Cond: ((k >= 9872678) AND (k <= 9872778))

table 4 : explain SELECT k, c FROM sbtest4 WHERE k BETWEEN 9872678 AND 9872778
	Bitmap Heap Scan on sbtest4  (cost=5.60..456.29 rows=114 width=125)
	  Recheck Cond: ((k >= 9872678) AND (k <= 9872778))
	  ->  Bitmap Index Scan on k_4  (cost=0.00..5.58 rows=114 width=0)
	        Index Cond: ((k >= 9872678) AND (k <= 9872778))

table 5 : explain SELECT k, c FROM sbtest5 WHERE k BETWEEN 9872678 AND 9872778
	Bitmap Heap Scan on sbtest5  (cost=5.45..397.25 rows=99 width=125)
	  Recheck Cond: ((k >= 9872678) AND (k <= 9872778))
	  ->  Bitmap Index Scan on k_5  (cost=0.00..5.42 rows=99 width=0)
	        Index Cond: ((k >= 9872678) AND (k <= 9872778))

table 6 : explain SELECT k, c FROM sbtest6 WHERE k BETWEEN 9872678 AND 9872778
	Bitmap Heap Scan on sbtest6  (cost=5.50..416.94 rows=104 width=125)
	  Recheck Cond: ((k >= 9872678) AND (k <= 9872778))
	  ->  Bitmap Index Scan on k_6  (cost=0.00..5.47 rows=104 width=0)
	        Index Cond: ((k >= 9872678) AND (k <= 9872778))

table 7 : explain SELECT k, c FROM sbtest7 WHERE k BETWEEN 9872678 AND 9872778
	Bitmap Heap Scan on sbtest7  (cost=5.47..405.13 rows=101 width=125)
	  Recheck Cond: ((k >= 9872678) AND (k <= 9872778))
	  ->  Bitmap Index Scan on k_7  (cost=0.00..5.44 rows=101 width=0)
	        Index Cond: ((k >= 9872678) AND (k <= 9872778))

table 8 : explain SELECT k, c FROM sbtest8 WHERE k BETWEEN 9872678 AND 9872778
	Bitmap Heap Scan on sbtest8  (cost=5.61..460.22 rows=115 width=125)
	  Recheck Cond: ((k >= 9872678) AND (k <= 9872778))
	  ->  Bitmap Index Scan on k_8  (cost=0.00..5.58 rows=115 width=0)
	        Index Cond: ((k >= 9872678) AND (k <= 9872778))

explain: for range-notcovered :: explain SELECT k, c FROM sbtest%d WHERE k BETWEEN 9872678 AND 9872778
for range-notcovered
table 1 : explain SELECT k, c FROM sbtest1 WHERE k BETWEEN 8384356 AND 8384456
	Bitmap Heap Scan on sbtest1  (cost=5.50..416.94 rows=104 width=125)
	  Recheck Cond: ((k >= 8384356) AND (k <= 8384456))
	  ->  Bitmap Index Scan on k_1  (cost=0.00..5.47 rows=104 width=0)
	        Index Cond: ((k >= 8384356) AND (k <= 8384456))

table 2 : explain SELECT k, c FROM sbtest2 WHERE k BETWEEN 8384356 AND 8384456
	Bitmap Heap Scan on sbtest2  (cost=5.48..409.07 rows=102 width=125)
	  Recheck Cond: ((k >= 8384356) AND (k <= 8384456))
	  ->  Bitmap Index Scan on k_2  (cost=0.00..5.45 rows=102 width=0)
	        Index Cond: ((k >= 8384356) AND (k <= 8384456))

table 3 : explain SELECT k, c FROM sbtest3 WHERE k BETWEEN 8384356 AND 8384456
	Bitmap Heap Scan on sbtest3  (cost=5.56..440.56 rows=110 width=125)
	  Recheck Cond: ((k >= 8384356) AND (k <= 8384456))
	  ->  Bitmap Index Scan on k_3  (cost=0.00..5.53 rows=110 width=0)
	        Index Cond: ((k >= 8384356) AND (k <= 8384456))

table 4 : explain SELECT k, c FROM sbtest4 WHERE k BETWEEN 8384356 AND 8384456
	Bitmap Heap Scan on sbtest4  (cost=5.53..428.75 rows=107 width=125)
	  Recheck Cond: ((k >= 8384356) AND (k <= 8384456))
	  ->  Bitmap Index Scan on k_4  (cost=0.00..5.50 rows=107 width=0)
	        Index Cond: ((k >= 8384356) AND (k <= 8384456))

table 5 : explain SELECT k, c FROM sbtest5 WHERE k BETWEEN 8384356 AND 8384456
	Bitmap Heap Scan on sbtest5  (cost=5.46..401.19 rows=100 width=125)
	  Recheck Cond: ((k >= 8384356) AND (k <= 8384456))
	  ->  Bitmap Index Scan on k_5  (cost=0.00..5.43 rows=100 width=0)
	        Index Cond: ((k >= 8384356) AND (k <= 8384456))

table 6 : explain SELECT k, c FROM sbtest6 WHERE k BETWEEN 8384356 AND 8384456
	Bitmap Heap Scan on sbtest6  (cost=5.50..416.94 rows=104 width=125)
	  Recheck Cond: ((k >= 8384356) AND (k <= 8384456))
	  ->  Bitmap Index Scan on k_6  (cost=0.00..5.47 rows=104 width=0)
	        Index Cond: ((k >= 8384356) AND (k <= 8384456))

table 7 : explain SELECT k, c FROM sbtest7 WHERE k BETWEEN 8384356 AND 8384456
	Bitmap Heap Scan on sbtest7  (cost=5.51..420.88 rows=105 width=125)
	  Recheck Cond: ((k >= 8384356) AND (k <= 8384456))
	  ->  Bitmap Index Scan on k_7  (cost=0.00..5.48 rows=105 width=0)
	        Index Cond: ((k >= 8384356) AND (k <= 8384456))

table 8 : explain SELECT k, c FROM sbtest8 WHERE k BETWEEN 8384356 AND 8384456
	Bitmap Heap Scan on sbtest8  (cost=5.42..385.43 rows=96 width=125)
	  Recheck Cond: ((k >= 8384356) AND (k <= 8384456))
	  ->  Bitmap Index Scan on k_8  (cost=0.00..5.39 rows=96 width=0)
	        Index Cond: ((k >= 8384356) AND (k <= 8384456))

for range-notcovered
table 1 : explain SELECT k, c FROM sbtest1 WHERE k BETWEEN 4910083 AND 4910183
	Bitmap Heap Scan on sbtest1  (cost=5.53..428.75 rows=107 width=125)
	  Recheck Cond: ((k >= 4910083) AND (k <= 4910183))
	  ->  Bitmap Index Scan on k_1  (cost=0.00..5.50 rows=107 width=0)
	        Index Cond: ((k >= 4910083) AND (k <= 4910183))

table 2 : explain SELECT k, c FROM sbtest2 WHERE k BETWEEN 4910083 AND 4910183
	Bitmap Heap Scan on sbtest2  (cost=5.51..420.88 rows=105 width=125)
	  Recheck Cond: ((k >= 4910083) AND (k <= 4910183))
	  ->  Bitmap Index Scan on k_2  (cost=0.00..5.48 rows=105 width=0)
	        Index Cond: ((k >= 4910083) AND (k <= 4910183))

table 3 : explain SELECT k, c FROM sbtest3 WHERE k BETWEEN 4910083 AND 4910183
	Bitmap Heap Scan on sbtest3  (cost=5.47..405.13 rows=101 width=125)
	  Recheck Cond: ((k >= 4910083) AND (k <= 4910183))
	  ->  Bitmap Index Scan on k_3  (cost=0.00..5.44 rows=101 width=0)
	        Index Cond: ((k >= 4910083) AND (k <= 4910183))

table 4 : explain SELECT k, c FROM sbtest4 WHERE k BETWEEN 4910083 AND 4910183
	Bitmap Heap Scan on sbtest4  (cost=5.52..424.81 rows=106 width=125)
	  Recheck Cond: ((k >= 4910083) AND (k <= 4910183))
	  ->  Bitmap Index Scan on k_4  (cost=0.00..5.50 rows=106 width=0)
	        Index Cond: ((k >= 4910083) AND (k <= 4910183))

table 5 : explain SELECT k, c FROM sbtest5 WHERE k BETWEEN 4910083 AND 4910183
	Bitmap Heap Scan on sbtest5  (cost=5.47..405.13 rows=101 width=125)
	  Recheck Cond: ((k >= 4910083) AND (k <= 4910183))
	  ->  Bitmap Index Scan on k_5  (cost=0.00..5.44 rows=101 width=0)
	        Index Cond: ((k >= 4910083) AND (k <= 4910183))

table 6 : explain SELECT k, c FROM sbtest6 WHERE k BETWEEN 4910083 AND 4910183
	Bitmap Heap Scan on sbtest6  (cost=5.41..381.49 rows=95 width=125)
	  Recheck Cond: ((k >= 4910083) AND (k <= 4910183))
	  ->  Bitmap Index Scan on k_6  (cost=0.00..5.38 rows=95 width=0)
	        Index Cond: ((k >= 4910083) AND (k <= 4910183))

table 7 : explain SELECT k, c FROM sbtest7 WHERE k BETWEEN 4910083 AND 4910183
	Bitmap Heap Scan on sbtest7  (cost=5.44..393.31 rows=98 width=125)
	  Recheck Cond: ((k >= 4910083) AND (k <= 4910183))
	  ->  Bitmap Index Scan on k_7  (cost=0.00..5.42 rows=98 width=0)
	        Index Cond: ((k >= 4910083) AND (k <= 4910183))

table 8 : explain SELECT k, c FROM sbtest8 WHERE k BETWEEN 4910083 AND 4910183
	Bitmap Heap Scan on sbtest8  (cost=5.48..409.07 rows=102 width=125)
	  Recheck Cond: ((k >= 4910083) AND (k <= 4910183))
	  ->  Bitmap Index Scan on k_8  (cost=0.00..5.45 rows=102 width=0)
	        Index Cond: ((k >= 4910083) AND (k <= 4910183))

for range-notcovered
table 1 : explain SELECT k, c FROM sbtest1 WHERE k BETWEEN 4325893 AND 4325993
	Bitmap Heap Scan on sbtest1  (cost=5.57..444.49 rows=111 width=125)
	  Recheck Cond: ((k >= 4325893) AND (k <= 4325993))
	  ->  Bitmap Index Scan on k_1  (cost=0.00..5.54 rows=111 width=0)
	        Index Cond: ((k >= 4325893) AND (k <= 4325993))

table 2 : explain SELECT k, c FROM sbtest2 WHERE k BETWEEN 4325893 AND 4325993
	Bitmap Heap Scan on sbtest2  (cost=5.42..385.43 rows=96 width=125)
	  Recheck Cond: ((k >= 4325893) AND (k <= 4325993))
	  ->  Bitmap Index Scan on k_2  (cost=0.00..5.39 rows=96 width=0)
	        Index Cond: ((k >= 4325893) AND (k <= 4325993))

table 3 : explain SELECT k, c FROM sbtest3 WHERE k BETWEEN 4325893 AND 4325993
	Bitmap Heap Scan on sbtest3  (cost=5.59..452.36 rows=113 width=125)
	  Recheck Cond: ((k >= 4325893) AND (k <= 4325993))
	  ->  Bitmap Index Scan on k_3  (cost=0.00..5.56 rows=113 width=0)
	        Index Cond: ((k >= 4325893) AND (k <= 4325993))

table 4 : explain SELECT k, c FROM sbtest4 WHERE k BETWEEN 4325893 AND 4325993
	Bitmap Heap Scan on sbtest4  (cost=5.46..401.19 rows=100 width=125)
	  Recheck Cond: ((k >= 4325893) AND (k <= 4325993))
	  ->  Bitmap Index Scan on k_4  (cost=0.00..5.43 rows=100 width=0)
	        Index Cond: ((k >= 4325893) AND (k <= 4325993))

table 5 : explain SELECT k, c FROM sbtest5 WHERE k BETWEEN 4325893 AND 4325993
	Bitmap Heap Scan on sbtest5  (cost=5.39..373.61 rows=93 width=125)
	  Recheck Cond: ((k >= 4325893) AND (k <= 4325993))
	  ->  Bitmap Index Scan on k_5  (cost=0.00..5.36 rows=93 width=0)
	        Index Cond: ((k >= 4325893) AND (k <= 4325993))

table 6 : explain SELECT k, c FROM sbtest6 WHERE k BETWEEN 4325893 AND 4325993
	Bitmap Heap Scan on sbtest6  (cost=5.51..420.88 rows=105 width=125)
	  Recheck Cond: ((k >= 4325893) AND (k <= 4325993))
	  ->  Bitmap Index Scan on k_6  (cost=0.00..5.48 rows=105 width=0)
	        Index Cond: ((k >= 4325893) AND (k <= 4325993))

table 7 : explain SELECT k, c FROM sbtest7 WHERE k BETWEEN 4325893 AND 4325993
	Bitmap Heap Scan on sbtest7  (cost=5.43..389.37 rows=97 width=125)
	  Recheck Cond: ((k >= 4325893) AND (k <= 4325993))
	  ->  Bitmap Index Scan on k_7  (cost=0.00..5.40 rows=97 width=0)
	        Index Cond: ((k >= 4325893) AND (k <= 4325993))

table 8 : explain SELECT k, c FROM sbtest8 WHERE k BETWEEN 4325893 AND 4325993
	Bitmap Heap Scan on sbtest8  (cost=5.60..456.29 rows=114 width=125)
	  Recheck Cond: ((k >= 4325893) AND (k <= 4325993))
	  ->  Bitmap Index Scan on k_8  (cost=0.00..5.58 rows=114 width=0)
	        Index Cond: ((k >= 4325893) AND (k <= 4325993))

explain: for range-notcovered :: explain SELECT k, c FROM sbtest%d WHERE k BETWEEN 8384356 AND 8384456
for range-notcovered
table 1 : explain SELECT k, c FROM sbtest1 WHERE k BETWEEN 8521591 AND 8521691
	Bitmap Heap Scan on sbtest1  (cost=5.45..397.25 rows=99 width=125)
	  Recheck Cond: ((k >= 8521591) AND (k <= 8521691))
	  ->  Bitmap Index Scan on k_1  (cost=0.00..5.42 rows=99 width=0)
	        Index Cond: ((k >= 8521591) AND (k <= 8521691))

table 2 : explain SELECT k, c FROM sbtest2 WHERE k BETWEEN 8521591 AND 8521691
	Bitmap Heap Scan on sbtest2  (cost=5.53..428.75 rows=107 width=125)
	  Recheck Cond: ((k >= 8521591) AND (k <= 8521691))
	  ->  Bitmap Index Scan on k_2  (cost=0.00..5.50 rows=107 width=0)
	        Index Cond: ((k >= 8521591) AND (k <= 8521691))

table 3 : explain SELECT k, c FROM sbtest3 WHERE k BETWEEN 8521591 AND 8521691
	Bitmap Heap Scan on sbtest3  (cost=5.43..389.37 rows=97 width=125)
	  Recheck Cond: ((k >= 8521591) AND (k <= 8521691))
	  ->  Bitmap Index Scan on k_3  (cost=0.00..5.40 rows=97 width=0)
	        Index Cond: ((k >= 8521591) AND (k <= 8521691))

table 4 : explain SELECT k, c FROM sbtest4 WHERE k BETWEEN 8521591 AND 8521691
	Bitmap Heap Scan on sbtest4  (cost=5.52..424.81 rows=106 width=125)
	  Recheck Cond: ((k >= 8521591) AND (k <= 8521691))
	  ->  Bitmap Index Scan on k_4  (cost=0.00..5.50 rows=106 width=0)
	        Index Cond: ((k >= 8521591) AND (k <= 8521691))

table 5 : explain SELECT k, c FROM sbtest5 WHERE k BETWEEN 8521591 AND 8521691
	Bitmap Heap Scan on sbtest5  (cost=5.56..440.56 rows=110 width=125)
	  Recheck Cond: ((k >= 8521591) AND (k <= 8521691))
	  ->  Bitmap Index Scan on k_5  (cost=0.00..5.53 rows=110 width=0)
	        Index Cond: ((k >= 8521591) AND (k <= 8521691))

table 6 : explain SELECT k, c FROM sbtest6 WHERE k BETWEEN 8521591 AND 8521691
	Bitmap Heap Scan on sbtest6  (cost=5.61..460.22 rows=115 width=125)
	  Recheck Cond: ((k >= 8521591) AND (k <= 8521691))
	  ->  Bitmap Index Scan on k_6  (cost=0.00..5.58 rows=115 width=0)
	        Index Cond: ((k >= 8521591) AND (k <= 8521691))

table 7 : explain SELECT k, c FROM sbtest7 WHERE k BETWEEN 8521591 AND 8521691
	Bitmap Heap Scan on sbtest7  (cost=5.43..389.37 rows=97 width=125)
	  Recheck Cond: ((k >= 8521591) AND (k <= 8521691))
	  ->  Bitmap Index Scan on k_7  (cost=0.00..5.40 rows=97 width=0)
	        Index Cond: ((k >= 8521591) AND (k <= 8521691))

table 8 : explain SELECT k, c FROM sbtest8 WHERE k BETWEEN 8521591 AND 8521691
	Bitmap Heap Scan on sbtest8  (cost=5.50..416.94 rows=104 width=125)
	  Recheck Cond: ((k >= 8521591) AND (k <= 8521691))
	  ->  Bitmap Index Scan on k_8  (cost=0.00..5.47 rows=104 width=0)
	        Index Cond: ((k >= 8521591) AND (k <= 8521691))

explain: for range-notcovered :: explain SELECT k, c FROM sbtest%d WHERE k BETWEEN 4910083 AND 4910183
explain: for range-notcovered :: explain SELECT k, c FROM sbtest%d WHERE k BETWEEN 8521591 AND 8521691
explain: for range-notcovered :: explain SELECT k, c FROM sbtest%d WHERE k BETWEEN 4325893 AND 4325993
for range-notcovered
table 1 : explain SELECT k, c FROM sbtest1 WHERE k BETWEEN 1922472 AND 1922572
	Bitmap Heap Scan on sbtest1  (cost=5.53..428.75 rows=107 width=125)
	  Recheck Cond: ((k >= 1922472) AND (k <= 1922572))
	  ->  Bitmap Index Scan on k_1  (cost=0.00..5.50 rows=107 width=0)
	        Index Cond: ((k >= 1922472) AND (k <= 1922572))

table 2 : explain SELECT k, c FROM sbtest2 WHERE k BETWEEN 1922472 AND 1922572
	Bitmap Heap Scan on sbtest2  (cost=5.58..448.42 rows=112 width=125)
	  Recheck Cond: ((k >= 1922472) AND (k <= 1922572))
	  ->  Bitmap Index Scan on k_2  (cost=0.00..5.55 rows=112 width=0)
	        Index Cond: ((k >= 1922472) AND (k <= 1922572))

table 3 : explain SELECT k, c FROM sbtest3 WHERE k BETWEEN 1922472 AND 1922572
	Bitmap Heap Scan on sbtest3  (cost=5.49..413.00 rows=103 width=125)
	  Recheck Cond: ((k >= 1922472) AND (k <= 1922572))
	  ->  Bitmap Index Scan on k_3  (cost=0.00..5.46 rows=103 width=0)
	        Index Cond: ((k >= 1922472) AND (k <= 1922572))

table 4 : explain SELECT k, c FROM sbtest4 WHERE k BETWEEN 1922472 AND 1922572
	Bitmap Heap Scan on sbtest4  (cost=5.52..424.81 rows=106 width=125)
	  Recheck Cond: ((k >= 1922472) AND (k <= 1922572))
	  ->  Bitmap Index Scan on k_4  (cost=0.00..5.50 rows=106 width=0)
	        Index Cond: ((k >= 1922472) AND (k <= 1922572))

table 5 : explain SELECT k, c FROM sbtest5 WHERE k BETWEEN 1922472 AND 1922572
	Bitmap Heap Scan on sbtest5  (cost=5.50..416.94 rows=104 width=125)
	  Recheck Cond: ((k >= 1922472) AND (k <= 1922572))
	  ->  Bitmap Index Scan on k_5  (cost=0.00..5.47 rows=104 width=0)
	        Index Cond: ((k >= 1922472) AND (k <= 1922572))

table 6 : explain SELECT k, c FROM sbtest6 WHERE k BETWEEN 1922472 AND 1922572
	Bitmap Heap Scan on sbtest6  (cost=5.43..389.37 rows=97 width=125)
	  Recheck Cond: ((k >= 1922472) AND (k <= 1922572))
	  ->  Bitmap Index Scan on k_6  (cost=0.00..5.40 rows=97 width=0)
	        Index Cond: ((k >= 1922472) AND (k <= 1922572))

table 7 : explain SELECT k, c FROM sbtest7 WHERE k BETWEEN 1922472 AND 1922572
	Bitmap Heap Scan on sbtest7  (cost=5.50..416.94 rows=104 width=125)
	  Recheck Cond: ((k >= 1922472) AND (k <= 1922572))
	  ->  Bitmap Index Scan on k_7  (cost=0.00..5.47 rows=104 width=0)
	        Index Cond: ((k >= 1922472) AND (k <= 1922572))

table 8 : explain SELECT k, c FROM sbtest8 WHERE k BETWEEN 1922472 AND 1922572
	Bitmap Heap Scan on sbtest8  (cost=5.49..413.00 rows=103 width=125)
	  Recheck Cond: ((k >= 1922472) AND (k <= 1922572))
	  ->  Bitmap Index Scan on k_8  (cost=0.00..5.46 rows=103 width=0)
	        Index Cond: ((k >= 1922472) AND (k <= 1922572))

for range-notcovered
table 1 : explain SELECT k, c FROM sbtest1 WHERE k BETWEEN 7219713 AND 7219813
	Bitmap Heap Scan on sbtest1  (cost=5.41..381.49 rows=95 width=125)
	  Recheck Cond: ((k >= 7219713) AND (k <= 7219813))
	  ->  Bitmap Index Scan on k_1  (cost=0.00..5.38 rows=95 width=0)
	        Index Cond: ((k >= 7219713) AND (k <= 7219813))

table 2 : explain SELECT k, c FROM sbtest2 WHERE k BETWEEN 7219713 AND 7219813
	Bitmap Heap Scan on sbtest2  (cost=5.48..409.07 rows=102 width=125)
	  Recheck Cond: ((k >= 7219713) AND (k <= 7219813))
	  ->  Bitmap Index Scan on k_2  (cost=0.00..5.45 rows=102 width=0)
	        Index Cond: ((k >= 7219713) AND (k <= 7219813))

table 3 : explain SELECT k, c FROM sbtest3 WHERE k BETWEEN 7219713 AND 7219813
	Bitmap Heap Scan on sbtest3  (cost=5.45..397.25 rows=99 width=125)
	  Recheck Cond: ((k >= 7219713) AND (k <= 7219813))
	  ->  Bitmap Index Scan on k_3  (cost=0.00..5.42 rows=99 width=0)
	        Index Cond: ((k >= 7219713) AND (k <= 7219813))

table 4 : explain SELECT k, c FROM sbtest4 WHERE k BETWEEN 7219713 AND 7219813
	Bitmap Heap Scan on sbtest4  (cost=5.47..405.13 rows=101 width=125)
	  Recheck Cond: ((k >= 7219713) AND (k <= 7219813))
	  ->  Bitmap Index Scan on k_4  (cost=0.00..5.44 rows=101 width=0)
	        Index Cond: ((k >= 7219713) AND (k <= 7219813))

table 5 : explain SELECT k, c FROM sbtest5 WHERE k BETWEEN 7219713 AND 7219813
	Bitmap Heap Scan on sbtest5  (cost=5.40..377.55 rows=94 width=125)
	  Recheck Cond: ((k >= 7219713) AND (k <= 7219813))
	  ->  Bitmap Index Scan on k_5  (cost=0.00..5.38 rows=94 width=0)
	        Index Cond: ((k >= 7219713) AND (k <= 7219813))

table 6 : explain SELECT k, c FROM sbtest6 WHERE k BETWEEN 7219713 AND 7219813
	Bitmap Heap Scan on sbtest6  (cost=5.55..436.62 rows=109 width=125)
	  Recheck Cond: ((k >= 7219713) AND (k <= 7219813))
	  ->  Bitmap Index Scan on k_6  (cost=0.00..5.52 rows=109 width=0)
	        Index Cond: ((k >= 7219713) AND (k <= 7219813))

table 7 : explain SELECT k, c FROM sbtest7 WHERE k BETWEEN 7219713 AND 7219813
	Bitmap Heap Scan on sbtest7  (cost=5.46..401.19 rows=100 width=125)
	  Recheck Cond: ((k >= 7219713) AND (k <= 7219813))
	  ->  Bitmap Index Scan on k_7  (cost=0.00..5.43 rows=100 width=0)
	        Index Cond: ((k >= 7219713) AND (k <= 7219813))

table 8 : explain SELECT k, c FROM sbtest8 WHERE k BETWEEN 7219713 AND 7219813
	Bitmap Heap Scan on sbtest8  (cost=5.48..409.07 rows=102 width=125)
	  Recheck Cond: ((k >= 7219713) AND (k <= 7219813))
	  ->  Bitmap Index Scan on k_8  (cost=0.00..5.45 rows=102 width=0)
	        Index Cond: ((k >= 7219713) AND (k <= 7219813))

explain: for range-notcovered :: explain SELECT k, c FROM sbtest%d WHERE k BETWEEN 7219713 AND 7219813
for range-notcovered
table 1 : explain SELECT k, c FROM sbtest1 WHERE k BETWEEN 9872678 AND 9872778
	Bitmap Heap Scan on sbtest1  (cost=5.45..397.25 rows=99 width=125)
	  Recheck Cond: ((k >= 9872678) AND (k <= 9872778))
	  ->  Bitmap Index Scan on k_1  (cost=0.00..5.42 rows=99 width=0)
	        Index Cond: ((k >= 9872678) AND (k <= 9872778))

table 2 : explain SELECT k, c FROM sbtest2 WHERE k BETWEEN 9872678 AND 9872778
	Bitmap Heap Scan on sbtest2  (cost=5.47..405.13 rows=101 width=125)
	  Recheck Cond: ((k >= 9872678) AND (k <= 9872778))
	  ->  Bitmap Index Scan on k_2  (cost=0.00..5.44 rows=101 width=0)
	        Index Cond: ((k >= 9872678) AND (k <= 9872778))

table 3 : explain SELECT k, c FROM sbtest3 WHERE k BETWEEN 9872678 AND 9872778
	Bitmap Heap Scan on sbtest3  (cost=5.44..393.31 rows=98 width=125)
	  Recheck Cond: ((k >= 9872678) AND (k <= 9872778))
	  ->  Bitmap Index Scan on k_3  (cost=0.00..5.42 rows=98 width=0)
	        Index Cond: ((k >= 9872678) AND (k <= 9872778))

table 4 : explain SELECT k, c FROM sbtest4 WHERE k BETWEEN 9872678 AND 9872778
	Bitmap Heap Scan on sbtest4  (cost=5.60..456.29 rows=114 width=125)
	  Recheck Cond: ((k >= 9872678) AND (k <= 9872778))
	  ->  Bitmap Index Scan on k_4  (cost=0.00..5.58 rows=114 width=0)
	        Index Cond: ((k >= 9872678) AND (k <= 9872778))

table 5 : explain SELECT k, c FROM sbtest5 WHERE k BETWEEN 9872678 AND 9872778
	Bitmap Heap Scan on sbtest5  (cost=5.45..397.25 rows=99 width=125)
	  Recheck Cond: ((k >= 9872678) AND (k <= 9872778))
	  ->  Bitmap Index Scan on k_5  (cost=0.00..5.42 rows=99 width=0)
	        Index Cond: ((k >= 9872678) AND (k <= 9872778))

table 6 : explain SELECT k, c FROM sbtest6 WHERE k BETWEEN 9872678 AND 9872778
	Bitmap Heap Scan on sbtest6  (cost=5.50..416.94 rows=104 width=125)
	  Recheck Cond: ((k >= 9872678) AND (k <= 9872778))
	  ->  Bitmap Index Scan on k_6  (cost=0.00..5.47 rows=104 width=0)
	        Index Cond: ((k >= 9872678) AND (k <= 9872778))

table 7 : explain SELECT k, c FROM sbtest7 WHERE k BETWEEN 9872678 AND 9872778
	Bitmap Heap Scan on sbtest7  (cost=5.47..405.13 rows=101 width=125)
	  Recheck Cond: ((k >= 9872678) AND (k <= 9872778))
	  ->  Bitmap Index Scan on k_7  (cost=0.00..5.44 rows=101 width=0)
	        Index Cond: ((k >= 9872678) AND (k <= 9872778))

table 8 : explain SELECT k, c FROM sbtest8 WHERE k BETWEEN 9872678 AND 9872778
	Bitmap Heap Scan on sbtest8  (cost=5.61..460.22 rows=115 width=125)
	  Recheck Cond: ((k >= 9872678) AND (k <= 9872778))
	  ->  Bitmap Index Scan on k_8  (cost=0.00..5.58 rows=115 width=0)
	        Index Cond: ((k >= 9872678) AND (k <= 9872778))

explain: for range-notcovered :: explain SELECT k, c FROM sbtest%d WHERE k BETWEEN 9872678 AND 9872778
for range-notcovered
table 1 : explain SELECT k, c FROM sbtest1 WHERE k BETWEEN 8521591 AND 8521691
	Bitmap Heap Scan on sbtest1  (cost=5.45..397.25 rows=99 width=125)
	  Recheck Cond: ((k >= 8521591) AND (k <= 8521691))
	  ->  Bitmap Index Scan on k_1  (cost=0.00..5.42 rows=99 width=0)
	        Index Cond: ((k >= 8521591) AND (k <= 8521691))

table 2 : explain SELECT k, c FROM sbtest2 WHERE k BETWEEN 8521591 AND 8521691
	Bitmap Heap Scan on sbtest2  (cost=5.53..428.75 rows=107 width=125)
	  Recheck Cond: ((k >= 8521591) AND (k <= 8521691))
	  ->  Bitmap Index Scan on k_2  (cost=0.00..5.50 rows=107 width=0)
	        Index Cond: ((k >= 8521591) AND (k <= 8521691))

table 3 : explain SELECT k, c FROM sbtest3 WHERE k BETWEEN 8521591 AND 8521691
	Bitmap Heap Scan on sbtest3  (cost=5.43..389.37 rows=97 width=125)
	  Recheck Cond: ((k >= 8521591) AND (k <= 8521691))
	  ->  Bitmap Index Scan on k_3  (cost=0.00..5.40 rows=97 width=0)
	        Index Cond: ((k >= 8521591) AND (k <= 8521691))

table 4 : explain SELECT k, c FROM sbtest4 WHERE k BETWEEN 8521591 AND 8521691
	Bitmap Heap Scan on sbtest4  (cost=5.52..424.81 rows=106 width=125)
	  Recheck Cond: ((k >= 8521591) AND (k <= 8521691))
	  ->  Bitmap Index Scan on k_4  (cost=0.00..5.50 rows=106 width=0)
	        Index Cond: ((k >= 8521591) AND (k <= 8521691))

table 5 : explain SELECT k, c FROM sbtest5 WHERE k BETWEEN 8521591 AND 8521691
	Bitmap Heap Scan on sbtest5  (cost=5.56..440.56 rows=110 width=125)
	  Recheck Cond: ((k >= 8521591) AND (k <= 8521691))
	  ->  Bitmap Index Scan on k_5  (cost=0.00..5.53 rows=110 width=0)
	        Index Cond: ((k >= 8521591) AND (k <= 8521691))

table 6 : explain SELECT k, c FROM sbtest6 WHERE k BETWEEN 8521591 AND 8521691
	Bitmap Heap Scan on sbtest6  (cost=5.61..460.22 rows=115 width=125)
	  Recheck Cond: ((k >= 8521591) AND (k <= 8521691))
	  ->  Bitmap Index Scan on k_6  (cost=0.00..5.58 rows=115 width=0)
	        Index Cond: ((k >= 8521591) AND (k <= 8521691))

table 7 : explain SELECT k, c FROM sbtest7 WHERE k BETWEEN 8521591 AND 8521691
	Bitmap Heap Scan on sbtest7  (cost=5.43..389.37 rows=97 width=125)
	  Recheck Cond: ((k >= 8521591) AND (k <= 8521691))
	  ->  Bitmap Index Scan on k_7  (cost=0.00..5.40 rows=97 width=0)
	        Index Cond: ((k >= 8521591) AND (k <= 8521691))

table 8 : explain SELECT k, c FROM sbtest8 WHERE k BETWEEN 8521591 AND 8521691
	Bitmap Heap Scan on sbtest8  (cost=5.50..416.94 rows=104 width=125)
	  Recheck Cond: ((k >= 8521591) AND (k <= 8521691))
	  ->  Bitmap Index Scan on k_8  (cost=0.00..5.47 rows=104 width=0)
	        Index Cond: ((k >= 8521591) AND (k <= 8521691))

for range-notcovered
table 1 : explain SELECT k, c FROM sbtest1 WHERE k BETWEEN 4704310 AND 4704410
	Bitmap Heap Scan on sbtest1  (cost=5.52..424.81 rows=106 width=125)
	  Recheck Cond: ((k >= 4704310) AND (k <= 4704410))
	  ->  Bitmap Index Scan on k_1  (cost=0.00..5.50 rows=106 width=0)
	        Index Cond: ((k >= 4704310) AND (k <= 4704410))

table 2 : explain SELECT k, c FROM sbtest2 WHERE k BETWEEN 4704310 AND 4704410
	Bitmap Heap Scan on sbtest2  (cost=5.35..357.84 rows=89 width=125)
	  Recheck Cond: ((k >= 4704310) AND (k <= 4704410))
	  ->  Bitmap Index Scan on k_2  (cost=0.00..5.32 rows=89 width=0)
	        Index Cond: ((k >= 4704310) AND (k <= 4704410))

table 3 : explain SELECT k, c FROM sbtest3 WHERE k BETWEEN 4704310 AND 4704410
	Bitmap Heap Scan on sbtest3  (cost=5.47..405.13 rows=101 width=125)
	  Recheck Cond: ((k >= 4704310) AND (k <= 4704410))
	  ->  Bitmap Index Scan on k_3  (cost=0.00..5.44 rows=101 width=0)
	        Index Cond: ((k >= 4704310) AND (k <= 4704410))

table 4 : explain SELECT k, c FROM sbtest4 WHERE k BETWEEN 4704310 AND 4704410
	Bitmap Heap Scan on sbtest4  (cost=5.48..409.07 rows=102 width=125)
	  Recheck Cond: ((k >= 4704310) AND (k <= 4704410))
	  ->  Bitmap Index Scan on k_4  (cost=0.00..5.45 rows=102 width=0)
	        Index Cond: ((k >= 4704310) AND (k <= 4704410))

table 5 : explain SELECT k, c FROM sbtest5 WHERE k BETWEEN 4704310 AND 4704410
	Bitmap Heap Scan on sbtest5  (cost=5.43..389.37 rows=97 width=125)
	  Recheck Cond: ((k >= 4704310) AND (k <= 4704410))
	  ->  Bitmap Index Scan on k_5  (cost=0.00..5.40 rows=97 width=0)
	        Index Cond: ((k >= 4704310) AND (k <= 4704410))

table 6 : explain SELECT k, c FROM sbtest6 WHERE k BETWEEN 4704310 AND 4704410
	Bitmap Heap Scan on sbtest6  (cost=5.48..409.07 rows=102 width=125)
	  Recheck Cond: ((k >= 4704310) AND (k <= 4704410))
	  ->  Bitmap Index Scan on k_6  (cost=0.00..5.45 rows=102 width=0)
	        Index Cond: ((k >= 4704310) AND (k <= 4704410))

table 7 : explain SELECT k, c FROM sbtest7 WHERE k BETWEEN 4704310 AND 4704410
	Bitmap Heap Scan on sbtest7  (cost=5.51..420.88 rows=105 width=125)
	  Recheck Cond: ((k >= 4704310) AND (k <= 4704410))
	  ->  Bitmap Index Scan on k_7  (cost=0.00..5.48 rows=105 width=0)
	        Index Cond: ((k >= 4704310) AND (k <= 4704410))

table 8 : explain SELECT k, c FROM sbtest8 WHERE k BETWEEN 4704310 AND 4704410
	Bitmap Heap Scan on sbtest8  (cost=5.58..448.42 rows=112 width=125)
	  Recheck Cond: ((k >= 4704310) AND (k <= 4704410))
	  ->  Bitmap Index Scan on k_8  (cost=0.00..5.55 rows=112 width=0)
	        Index Cond: ((k >= 4704310) AND (k <= 4704410))

explain: for range-notcovered :: explain SELECT k, c FROM sbtest%d WHERE k BETWEEN 8521591 AND 8521691
explain: for range-notcovered :: explain SELECT k, c FROM sbtest%d WHERE k BETWEEN 4704310 AND 4704410
for range-notcovered
table 1 : explain SELECT k, c FROM sbtest1 WHERE k BETWEEN 4910083 AND 4910183
	Bitmap Heap Scan on sbtest1  (cost=5.53..428.75 rows=107 width=125)
	  Recheck Cond: ((k >= 4910083) AND (k <= 4910183))
	  ->  Bitmap Index Scan on k_1  (cost=0.00..5.50 rows=107 width=0)
	        Index Cond: ((k >= 4910083) AND (k <= 4910183))

table 2 : explain SELECT k, c FROM sbtest2 WHERE k BETWEEN 4910083 AND 4910183
	Bitmap Heap Scan on sbtest2  (cost=5.51..420.88 rows=105 width=125)
	  Recheck Cond: ((k >= 4910083) AND (k <= 4910183))
	  ->  Bitmap Index Scan on k_2  (cost=0.00..5.48 rows=105 width=0)
	        Index Cond: ((k >= 4910083) AND (k <= 4910183))

table 3 : explain SELECT k, c FROM sbtest3 WHERE k BETWEEN 4910083 AND 4910183
	Bitmap Heap Scan on sbtest3  (cost=5.47..405.13 rows=101 width=125)
	  Recheck Cond: ((k >= 4910083) AND (k <= 4910183))
	  ->  Bitmap Index Scan on k_3  (cost=0.00..5.44 rows=101 width=0)
	        Index Cond: ((k >= 4910083) AND (k <= 4910183))

table 4 : explain SELECT k, c FROM sbtest4 WHERE k BETWEEN 4910083 AND 4910183
	Bitmap Heap Scan on sbtest4  (cost=5.52..424.81 rows=106 width=125)
	  Recheck Cond: ((k >= 4910083) AND (k <= 4910183))
	  ->  Bitmap Index Scan on k_4  (cost=0.00..5.50 rows=106 width=0)
	        Index Cond: ((k >= 4910083) AND (k <= 4910183))

table 5 : explain SELECT k, c FROM sbtest5 WHERE k BETWEEN 4910083 AND 4910183
	Bitmap Heap Scan on sbtest5  (cost=5.47..405.13 rows=101 width=125)
	  Recheck Cond: ((k >= 4910083) AND (k <= 4910183))
	  ->  Bitmap Index Scan on k_5  (cost=0.00..5.44 rows=101 width=0)
	        Index Cond: ((k >= 4910083) AND (k <= 4910183))

table 6 : explain SELECT k, c FROM sbtest6 WHERE k BETWEEN 4910083 AND 4910183
	Bitmap Heap Scan on sbtest6  (cost=5.41..381.49 rows=95 width=125)
	  Recheck Cond: ((k >= 4910083) AND (k <= 4910183))
	  ->  Bitmap Index Scan on k_6  (cost=0.00..5.38 rows=95 width=0)
	        Index Cond: ((k >= 4910083) AND (k <= 4910183))

table 7 : explain SELECT k, c FROM sbtest7 WHERE k BETWEEN 4910083 AND 4910183
	Bitmap Heap Scan on sbtest7  (cost=5.44..393.31 rows=98 width=125)
	  Recheck Cond: ((k >= 4910083) AND (k <= 4910183))
	  ->  Bitmap Index Scan on k_7  (cost=0.00..5.42 rows=98 width=0)
	        Index Cond: ((k >= 4910083) AND (k <= 4910183))

table 8 : explain SELECT k, c FROM sbtest8 WHERE k BETWEEN 4910083 AND 4910183
	Bitmap Heap Scan on sbtest8  (cost=5.48..409.07 rows=102 width=125)
	  Recheck Cond: ((k >= 4910083) AND (k <= 4910183))
	  ->  Bitmap Index Scan on k_8  (cost=0.00..5.45 rows=102 width=0)
	        Index Cond: ((k >= 4910083) AND (k <= 4910183))

explain: for range-notcovered :: explain SELECT k, c FROM sbtest%d WHERE k BETWEEN 4910083 AND 4910183
for range-notcovered
table 1 : explain SELECT k, c FROM sbtest1 WHERE k BETWEEN 7219713 AND 7219813
	Bitmap Heap Scan on sbtest1  (cost=5.41..381.49 rows=95 width=125)
	  Recheck Cond: ((k >= 7219713) AND (k <= 7219813))
	  ->  Bitmap Index Scan on k_1  (cost=0.00..5.38 rows=95 width=0)
	        Index Cond: ((k >= 7219713) AND (k <= 7219813))

table 2 : explain SELECT k, c FROM sbtest2 WHERE k BETWEEN 7219713 AND 7219813
	Bitmap Heap Scan on sbtest2  (cost=5.48..409.07 rows=102 width=125)
	  Recheck Cond: ((k >= 7219713) AND (k <= 7219813))
	  ->  Bitmap Index Scan on k_2  (cost=0.00..5.45 rows=102 width=0)
	        Index Cond: ((k >= 7219713) AND (k <= 7219813))

table 3 : explain SELECT k, c FROM sbtest3 WHERE k BETWEEN 7219713 AND 7219813
	Bitmap Heap Scan on sbtest3  (cost=5.45..397.25 rows=99 width=125)
	  Recheck Cond: ((k >= 7219713) AND (k <= 7219813))
	  ->  Bitmap Index Scan on k_3  (cost=0.00..5.42 rows=99 width=0)
	        Index Cond: ((k >= 7219713) AND (k <= 7219813))

table 4 : explain SELECT k, c FROM sbtest4 WHERE k BETWEEN 7219713 AND 7219813
	Bitmap Heap Scan on sbtest4  (cost=5.47..405.13 rows=101 width=125)
	  Recheck Cond: ((k >= 7219713) AND (k <= 7219813))
	  ->  Bitmap Index Scan on k_4  (cost=0.00..5.44 rows=101 width=0)
	        Index Cond: ((k >= 7219713) AND (k <= 7219813))

table 5 : explain SELECT k, c FROM sbtest5 WHERE k BETWEEN 7219713 AND 7219813
	Bitmap Heap Scan on sbtest5  (cost=5.40..377.55 rows=94 width=125)
	  Recheck Cond: ((k >= 7219713) AND (k <= 7219813))
	  ->  Bitmap Index Scan on k_5  (cost=0.00..5.38 rows=94 width=0)
	        Index Cond: ((k >= 7219713) AND (k <= 7219813))

table 6 : explain SELECT k, c FROM sbtest6 WHERE k BETWEEN 7219713 AND 7219813
	Bitmap Heap Scan on sbtest6  (cost=5.55..436.62 rows=109 width=125)
	  Recheck Cond: ((k >= 7219713) AND (k <= 7219813))
	  ->  Bitmap Index Scan on k_6  (cost=0.00..5.52 rows=109 width=0)
	        Index Cond: ((k >= 7219713) AND (k <= 7219813))

table 7 : explain SELECT k, c FROM sbtest7 WHERE k BETWEEN 7219713 AND 7219813
	Bitmap Heap Scan on sbtest7  (cost=5.46..401.19 rows=100 width=125)
	  Recheck Cond: ((k >= 7219713) AND (k <= 7219813))
	  ->  Bitmap Index Scan on k_7  (cost=0.00..5.43 rows=100 width=0)
	        Index Cond: ((k >= 7219713) AND (k <= 7219813))

table 8 : explain SELECT k, c FROM sbtest8 WHERE k BETWEEN 7219713 AND 7219813
	Bitmap Heap Scan on sbtest8  (cost=5.48..409.07 rows=102 width=125)
	  Recheck Cond: ((k >= 7219713) AND (k <= 7219813))
	  ->  Bitmap Index Scan on k_8  (cost=0.00..5.45 rows=102 width=0)
	        Index Cond: ((k >= 7219713) AND (k <= 7219813))

for range-notcovered
table 1 : explain SELECT k, c FROM sbtest1 WHERE k BETWEEN 8384356 AND 8384456
	Bitmap Heap Scan on sbtest1  (cost=5.50..416.94 rows=104 width=125)
	  Recheck Cond: ((k >= 8384356) AND (k <= 8384456))
	  ->  Bitmap Index Scan on k_1  (cost=0.00..5.47 rows=104 width=0)
	        Index Cond: ((k >= 8384356) AND (k <= 8384456))

table 2 : explain SELECT k, c FROM sbtest2 WHERE k BETWEEN 8384356 AND 8384456
	Bitmap Heap Scan on sbtest2  (cost=5.48..409.07 rows=102 width=125)
	  Recheck Cond: ((k >= 8384356) AND (k <= 8384456))
	  ->  Bitmap Index Scan on k_2  (cost=0.00..5.45 rows=102 width=0)
	        Index Cond: ((k >= 8384356) AND (k <= 8384456))

table 3 : explain SELECT k, c FROM sbtest3 WHERE k BETWEEN 8384356 AND 8384456
	Bitmap Heap Scan on sbtest3  (cost=5.56..440.56 rows=110 width=125)
	  Recheck Cond: ((k >= 8384356) AND (k <= 8384456))
	  ->  Bitmap Index Scan on k_3  (cost=0.00..5.53 rows=110 width=0)
	        Index Cond: ((k >= 8384356) AND (k <= 8384456))

table 4 : explain SELECT k, c FROM sbtest4 WHERE k BETWEEN 8384356 AND 8384456
	Bitmap Heap Scan on sbtest4  (cost=5.53..428.75 rows=107 width=125)
	  Recheck Cond: ((k >= 8384356) AND (k <= 8384456))
	  ->  Bitmap Index Scan on k_4  (cost=0.00..5.50 rows=107 width=0)
	        Index Cond: ((k >= 8384356) AND (k <= 8384456))

table 5 : explain SELECT k, c FROM sbtest5 WHERE k BETWEEN 8384356 AND 8384456
	Bitmap Heap Scan on sbtest5  (cost=5.46..401.19 rows=100 width=125)
	  Recheck Cond: ((k >= 8384356) AND (k <= 8384456))
	  ->  Bitmap Index Scan on k_5  (cost=0.00..5.43 rows=100 width=0)
	        Index Cond: ((k >= 8384356) AND (k <= 8384456))

table 6 : explain SELECT k, c FROM sbtest6 WHERE k BETWEEN 8384356 AND 8384456
	Bitmap Heap Scan on sbtest6  (cost=5.50..416.94 rows=104 width=125)
	  Recheck Cond: ((k >= 8384356) AND (k <= 8384456))
	  ->  Bitmap Index Scan on k_6  (cost=0.00..5.47 rows=104 width=0)
	        Index Cond: ((k >= 8384356) AND (k <= 8384456))

table 7 : explain SELECT k, c FROM sbtest7 WHERE k BETWEEN 8384356 AND 8384456
	Bitmap Heap Scan on sbtest7  (cost=5.51..420.88 rows=105 width=125)
	  Recheck Cond: ((k >= 8384356) AND (k <= 8384456))
	  ->  Bitmap Index Scan on k_7  (cost=0.00..5.48 rows=105 width=0)
	        Index Cond: ((k >= 8384356) AND (k <= 8384456))

table 8 : explain SELECT k, c FROM sbtest8 WHERE k BETWEEN 8384356 AND 8384456
	Bitmap Heap Scan on sbtest8  (cost=5.42..385.43 rows=96 width=125)
	  Recheck Cond: ((k >= 8384356) AND (k <= 8384456))
	  ->  Bitmap Index Scan on k_8  (cost=0.00..5.39 rows=96 width=0)
	        Index Cond: ((k >= 8384356) AND (k <= 8384456))

explain: for range-notcovered :: explain SELECT k, c FROM sbtest%d WHERE k BETWEEN 7219713 AND 7219813
explain: for range-notcovered :: explain SELECT k, c FROM sbtest%d WHERE k BETWEEN 8384356 AND 8384456
for range-notcovered
table 1 : explain SELECT k, c FROM sbtest1 WHERE k BETWEEN 9872678 AND 9872778
	Bitmap Heap Scan on sbtest1  (cost=5.45..397.25 rows=99 width=125)
	  Recheck Cond: ((k >= 9872678) AND (k <= 9872778))
	  ->  Bitmap Index Scan on k_1  (cost=0.00..5.42 rows=99 width=0)
	        Index Cond: ((k >= 9872678) AND (k <= 9872778))

table 2 : explain SELECT k, c FROM sbtest2 WHERE k BETWEEN 9872678 AND 9872778
	Bitmap Heap Scan on sbtest2  (cost=5.47..405.13 rows=101 width=125)
	  Recheck Cond: ((k >= 9872678) AND (k <= 9872778))
	  ->  Bitmap Index Scan on k_2  (cost=0.00..5.44 rows=101 width=0)
	        Index Cond: ((k >= 9872678) AND (k <= 9872778))

table 3 : explain SELECT k, c FROM sbtest3 WHERE k BETWEEN 9872678 AND 9872778
	Bitmap Heap Scan on sbtest3  (cost=5.44..393.31 rows=98 width=125)
	  Recheck Cond: ((k >= 9872678) AND (k <= 9872778))
	  ->  Bitmap Index Scan on k_3  (cost=0.00..5.42 rows=98 width=0)
	        Index Cond: ((k >= 9872678) AND (k <= 9872778))

table 4 : explain SELECT k, c FROM sbtest4 WHERE k BETWEEN 9872678 AND 9872778
	Bitmap Heap Scan on sbtest4  (cost=5.60..456.29 rows=114 width=125)
	  Recheck Cond: ((k >= 9872678) AND (k <= 9872778))
	  ->  Bitmap Index Scan on k_4  (cost=0.00..5.58 rows=114 width=0)
	        Index Cond: ((k >= 9872678) AND (k <= 9872778))

table 5 : explain SELECT k, c FROM sbtest5 WHERE k BETWEEN 9872678 AND 9872778
	Bitmap Heap Scan on sbtest5  (cost=5.45..397.25 rows=99 width=125)
	  Recheck Cond: ((k >= 9872678) AND (k <= 9872778))
	  ->  Bitmap Index Scan on k_5  (cost=0.00..5.42 rows=99 width=0)
	        Index Cond: ((k >= 9872678) AND (k <= 9872778))

table 6 : explain SELECT k, c FROM sbtest6 WHERE k BETWEEN 9872678 AND 9872778
	Bitmap Heap Scan on sbtest6  (cost=5.50..416.94 rows=104 width=125)
	  Recheck Cond: ((k >= 9872678) AND (k <= 9872778))
	  ->  Bitmap Index Scan on k_6  (cost=0.00..5.47 rows=104 width=0)
	        Index Cond: ((k >= 9872678) AND (k <= 9872778))

table 7 : explain SELECT k, c FROM sbtest7 WHERE k BETWEEN 9872678 AND 9872778
	Bitmap Heap Scan on sbtest7  (cost=5.47..405.13 rows=101 width=125)
	  Recheck Cond: ((k >= 9872678) AND (k <= 9872778))
	  ->  Bitmap Index Scan on k_7  (cost=0.00..5.44 rows=101 width=0)
	        Index Cond: ((k >= 9872678) AND (k <= 9872778))

table 8 : explain SELECT k, c FROM sbtest8 WHERE k BETWEEN 9872678 AND 9872778
	Bitmap Heap Scan on sbtest8  (cost=5.61..460.22 rows=115 width=125)
	  Recheck Cond: ((k >= 9872678) AND (k <= 9872778))
	  ->  Bitmap Index Scan on k_8  (cost=0.00..5.58 rows=115 width=0)
	        Index Cond: ((k >= 9872678) AND (k <= 9872778))

for range-notcovered
table 1 : explain SELECT k, c FROM sbtest1 WHERE k BETWEEN 4325893 AND 4325993
	Bitmap Heap Scan on sbtest1  (cost=5.57..444.49 rows=111 width=125)
	  Recheck Cond: ((k >= 4325893) AND (k <= 4325993))
	  ->  Bitmap Index Scan on k_1  (cost=0.00..5.54 rows=111 width=0)
	        Index Cond: ((k >= 4325893) AND (k <= 4325993))

table 2 : explain SELECT k, c FROM sbtest2 WHERE k BETWEEN 4325893 AND 4325993
	Bitmap Heap Scan on sbtest2  (cost=5.42..385.43 rows=96 width=125)
	  Recheck Cond: ((k >= 4325893) AND (k <= 4325993))
	  ->  Bitmap Index Scan on k_2  (cost=0.00..5.39 rows=96 width=0)
	        Index Cond: ((k >= 4325893) AND (k <= 4325993))

table 3 : explain SELECT k, c FROM sbtest3 WHERE k BETWEEN 4325893 AND 4325993
	Bitmap Heap Scan on sbtest3  (cost=5.59..452.36 rows=113 width=125)
	  Recheck Cond: ((k >= 4325893) AND (k <= 4325993))
	  ->  Bitmap Index Scan on k_3  (cost=0.00..5.56 rows=113 width=0)
	        Index Cond: ((k >= 4325893) AND (k <= 4325993))

table 4 : explain SELECT k, c FROM sbtest4 WHERE k BETWEEN 4325893 AND 4325993
	Bitmap Heap Scan on sbtest4  (cost=5.46..401.19 rows=100 width=125)
	  Recheck Cond: ((k >= 4325893) AND (k <= 4325993))
	  ->  Bitmap Index Scan on k_4  (cost=0.00..5.43 rows=100 width=0)
	        Index Cond: ((k >= 4325893) AND (k <= 4325993))

table 5 : explain SELECT k, c FROM sbtest5 WHERE k BETWEEN 4325893 AND 4325993
	Bitmap Heap Scan on sbtest5  (cost=5.39..373.61 rows=93 width=125)
	  Recheck Cond: ((k >= 4325893) AND (k <= 4325993))
	  ->  Bitmap Index Scan on k_5  (cost=0.00..5.36 rows=93 width=0)
	        Index Cond: ((k >= 4325893) AND (k <= 4325993))

table 6 : explain SELECT k, c FROM sbtest6 WHERE k BETWEEN 4325893 AND 4325993
	Bitmap Heap Scan on sbtest6  (cost=5.51..420.88 rows=105 width=125)
	  Recheck Cond: ((k >= 4325893) AND (k <= 4325993))
	  ->  Bitmap Index Scan on k_6  (cost=0.00..5.48 rows=105 width=0)
	        Index Cond: ((k >= 4325893) AND (k <= 4325993))

table 7 : explain SELECT k, c FROM sbtest7 WHERE k BETWEEN 4325893 AND 4325993
	Bitmap Heap Scan on sbtest7  (cost=5.43..389.37 rows=97 width=125)
	  Recheck Cond: ((k >= 4325893) AND (k <= 4325993))
	  ->  Bitmap Index Scan on k_7  (cost=0.00..5.40 rows=97 width=0)
	        Index Cond: ((k >= 4325893) AND (k <= 4325993))

table 8 : explain SELECT k, c FROM sbtest8 WHERE k BETWEEN 4325893 AND 4325993
	Bitmap Heap Scan on sbtest8  (cost=5.60..456.29 rows=114 width=125)
	  Recheck Cond: ((k >= 4325893) AND (k <= 4325993))
	  ->  Bitmap Index Scan on k_8  (cost=0.00..5.58 rows=114 width=0)
	        Index Cond: ((k >= 4325893) AND (k <= 4325993))

for range-notcovered
table 1 : explain SELECT k, c FROM sbtest1 WHERE k BETWEEN 8521591 AND 8521691
	Bitmap Heap Scan on sbtest1  (cost=5.45..397.25 rows=99 width=125)
	  Recheck Cond: ((k >= 8521591) AND (k <= 8521691))
	  ->  Bitmap Index Scan on k_1  (cost=0.00..5.42 rows=99 width=0)
	        Index Cond: ((k >= 8521591) AND (k <= 8521691))

table 2 : explain SELECT k, c FROM sbtest2 WHERE k BETWEEN 8521591 AND 8521691
	Bitmap Heap Scan on sbtest2  (cost=5.53..428.75 rows=107 width=125)
	  Recheck Cond: ((k >= 8521591) AND (k <= 8521691))
	  ->  Bitmap Index Scan on k_2  (cost=0.00..5.50 rows=107 width=0)
	        Index Cond: ((k >= 8521591) AND (k <= 8521691))

table 3 : explain SELECT k, c FROM sbtest3 WHERE k BETWEEN 8521591 AND 8521691
	Bitmap Heap Scan on sbtest3  (cost=5.43..389.37 rows=97 width=125)
	  Recheck Cond: ((k >= 8521591) AND (k <= 8521691))
	  ->  Bitmap Index Scan on k_3  (cost=0.00..5.40 rows=97 width=0)
	        Index Cond: ((k >= 8521591) AND (k <= 8521691))

table 4 : explain SELECT k, c FROM sbtest4 WHERE k BETWEEN 8521591 AND 8521691
	Bitmap Heap Scan on sbtest4  (cost=5.52..424.81 rows=106 width=125)
	  Recheck Cond: ((k >= 8521591) AND (k <= 8521691))
	  ->  Bitmap Index Scan on k_4  (cost=0.00..5.50 rows=106 width=0)
	        Index Cond: ((k >= 8521591) AND (k <= 8521691))

table 5 : explain SELECT k, c FROM sbtest5 WHERE k BETWEEN 8521591 AND 8521691
	Bitmap Heap Scan on sbtest5  (cost=5.56..440.56 rows=110 width=125)
	  Recheck Cond: ((k >= 8521591) AND (k <= 8521691))
	  ->  Bitmap Index Scan on k_5  (cost=0.00..5.53 rows=110 width=0)
	        Index Cond: ((k >= 8521591) AND (k <= 8521691))

table 6 : explain SELECT k, c FROM sbtest6 WHERE k BETWEEN 8521591 AND 8521691
	Bitmap Heap Scan on sbtest6  (cost=5.61..460.22 rows=115 width=125)
	  Recheck Cond: ((k >= 8521591) AND (k <= 8521691))
	  ->  Bitmap Index Scan on k_6  (cost=0.00..5.58 rows=115 width=0)
	        Index Cond: ((k >= 8521591) AND (k <= 8521691))

table 7 : explain SELECT k, c FROM sbtest7 WHERE k BETWEEN 8521591 AND 8521691
	Bitmap Heap Scan on sbtest7  (cost=5.43..389.37 rows=97 width=125)
	  Recheck Cond: ((k >= 8521591) AND (k <= 8521691))
	  ->  Bitmap Index Scan on k_7  (cost=0.00..5.40 rows=97 width=0)
	        Index Cond: ((k >= 8521591) AND (k <= 8521691))

table 8 : explain SELECT k, c FROM sbtest8 WHERE k BETWEEN 8521591 AND 8521691
	Bitmap Heap Scan on sbtest8  (cost=5.50..416.94 rows=104 width=125)
	  Recheck Cond: ((k >= 8521591) AND (k <= 8521691))
	  ->  Bitmap Index Scan on k_8  (cost=0.00..5.47 rows=104 width=0)
	        Index Cond: ((k >= 8521591) AND (k <= 8521691))

explain: for range-notcovered :: explain SELECT k, c FROM sbtest%d WHERE k BETWEEN 4325893 AND 4325993
explain: for range-notcovered :: explain SELECT k, c FROM sbtest%d WHERE k BETWEEN 8521591 AND 8521691
for range-notcovered
table 1 : explain SELECT k, c FROM sbtest1 WHERE k BETWEEN 4704310 AND 4704410
	Bitmap Heap Scan on sbtest1  (cost=5.52..424.81 rows=106 width=125)
	  Recheck Cond: ((k >= 4704310) AND (k <= 4704410))
	  ->  Bitmap Index Scan on k_1  (cost=0.00..5.50 rows=106 width=0)
	        Index Cond: ((k >= 4704310) AND (k <= 4704410))

table 2 : explain SELECT k, c FROM sbtest2 WHERE k BETWEEN 4704310 AND 4704410
	Bitmap Heap Scan on sbtest2  (cost=5.35..357.84 rows=89 width=125)
	  Recheck Cond: ((k >= 4704310) AND (k <= 4704410))
	  ->  Bitmap Index Scan on k_2  (cost=0.00..5.32 rows=89 width=0)
	        Index Cond: ((k >= 4704310) AND (k <= 4704410))

table 3 : explain SELECT k, c FROM sbtest3 WHERE k BETWEEN 4704310 AND 4704410
	Bitmap Heap Scan on sbtest3  (cost=5.47..405.13 rows=101 width=125)
	  Recheck Cond: ((k >= 4704310) AND (k <= 4704410))
	  ->  Bitmap Index Scan on k_3  (cost=0.00..5.44 rows=101 width=0)
	        Index Cond: ((k >= 4704310) AND (k <= 4704410))

table 4 : explain SELECT k, c FROM sbtest4 WHERE k BETWEEN 4704310 AND 4704410
	Bitmap Heap Scan on sbtest4  (cost=5.48..409.07 rows=102 width=125)
	  Recheck Cond: ((k >= 4704310) AND (k <= 4704410))
	  ->  Bitmap Index Scan on k_4  (cost=0.00..5.45 rows=102 width=0)
	        Index Cond: ((k >= 4704310) AND (k <= 4704410))

table 5 : explain SELECT k, c FROM sbtest5 WHERE k BETWEEN 4704310 AND 4704410
	Bitmap Heap Scan on sbtest5  (cost=5.43..389.37 rows=97 width=125)
	  Recheck Cond: ((k >= 4704310) AND (k <= 4704410))
	  ->  Bitmap Index Scan on k_5  (cost=0.00..5.40 rows=97 width=0)
	        Index Cond: ((k >= 4704310) AND (k <= 4704410))

table 6 : explain SELECT k, c FROM sbtest6 WHERE k BETWEEN 4704310 AND 4704410
	Bitmap Heap Scan on sbtest6  (cost=5.48..409.07 rows=102 width=125)
	  Recheck Cond: ((k >= 4704310) AND (k <= 4704410))
	  ->  Bitmap Index Scan on k_6  (cost=0.00..5.45 rows=102 width=0)
	        Index Cond: ((k >= 4704310) AND (k <= 4704410))

table 7 : explain SELECT k, c FROM sbtest7 WHERE k BETWEEN 4704310 AND 4704410
	Bitmap Heap Scan on sbtest7  (cost=5.51..420.88 rows=105 width=125)
	  Recheck Cond: ((k >= 4704310) AND (k <= 4704410))
	  ->  Bitmap Index Scan on k_7  (cost=0.00..5.48 rows=105 width=0)
	        Index Cond: ((k >= 4704310) AND (k <= 4704410))

table 8 : explain SELECT k, c FROM sbtest8 WHERE k BETWEEN 4704310 AND 4704410
	Bitmap Heap Scan on sbtest8  (cost=5.58..448.42 rows=112 width=125)
	  Recheck Cond: ((k >= 4704310) AND (k <= 4704410))
	  ->  Bitmap Index Scan on k_8  (cost=0.00..5.55 rows=112 width=0)
	        Index Cond: ((k >= 4704310) AND (k <= 4704410))

for range-notcovered
table 1 : explain SELECT k, c FROM sbtest1 WHERE k BETWEEN 2708735 AND 2708835
	Bitmap Heap Scan on sbtest1  (cost=5.47..405.13 rows=101 width=125)
	  Recheck Cond: ((k >= 2708735) AND (k <= 2708835))
	  ->  Bitmap Index Scan on k_1  (cost=0.00..5.44 rows=101 width=0)
	        Index Cond: ((k >= 2708735) AND (k <= 2708835))

table 2 : explain SELECT k, c FROM sbtest2 WHERE k BETWEEN 2708735 AND 2708835
	Bitmap Heap Scan on sbtest2  (cost=5.41..381.49 rows=95 width=125)
	  Recheck Cond: ((k >= 2708735) AND (k <= 2708835))
	  ->  Bitmap Index Scan on k_2  (cost=0.00..5.38 rows=95 width=0)
	        Index Cond: ((k >= 2708735) AND (k <= 2708835))

table 3 : explain SELECT k, c FROM sbtest3 WHERE k BETWEEN 2708735 AND 2708835
	Bitmap Heap Scan on sbtest3  (cost=5.47..405.13 rows=101 width=125)
	  Recheck Cond: ((k >= 2708735) AND (k <= 2708835))
	  ->  Bitmap Index Scan on k_3  (cost=0.00..5.44 rows=101 width=0)
	        Index Cond: ((k >= 2708735) AND (k <= 2708835))

table 4 : explain SELECT k, c FROM sbtest4 WHERE k BETWEEN 2708735 AND 2708835
	Bitmap Heap Scan on sbtest4  (cost=5.41..381.49 rows=95 width=125)
	  Recheck Cond: ((k >= 2708735) AND (k <= 2708835))
	  ->  Bitmap Index Scan on k_4  (cost=0.00..5.38 rows=95 width=0)
	        Index Cond: ((k >= 2708735) AND (k <= 2708835))

table 5 : explain SELECT k, c FROM sbtest5 WHERE k BETWEEN 2708735 AND 2708835
	Bitmap Heap Scan on sbtest5  (cost=5.46..401.19 rows=100 width=125)
	  Recheck Cond: ((k >= 2708735) AND (k <= 2708835))
	  ->  Bitmap Index Scan on k_5  (cost=0.00..5.43 rows=100 width=0)
	        Index Cond: ((k >= 2708735) AND (k <= 2708835))

table 6 : explain SELECT k, c FROM sbtest6 WHERE k BETWEEN 2708735 AND 2708835
	Bitmap Heap Scan on sbtest6  (cost=5.47..405.13 rows=101 width=125)
	  Recheck Cond: ((k >= 2708735) AND (k <= 2708835))
	  ->  Bitmap Index Scan on k_6  (cost=0.00..5.44 rows=101 width=0)
	        Index Cond: ((k >= 2708735) AND (k <= 2708835))

table 7 : explain SELECT k, c FROM sbtest7 WHERE k BETWEEN 2708735 AND 2708835
	Bitmap Heap Scan on sbtest7  (cost=5.42..385.43 rows=96 width=125)
	  Recheck Cond: ((k >= 2708735) AND (k <= 2708835))
	  ->  Bitmap Index Scan on k_7  (cost=0.00..5.39 rows=96 width=0)
	        Index Cond: ((k >= 2708735) AND (k <= 2708835))

table 8 : explain SELECT k, c FROM sbtest8 WHERE k BETWEEN 2708735 AND 2708835
	Bitmap Heap Scan on sbtest8  (cost=5.47..405.13 rows=101 width=125)
	  Recheck Cond: ((k >= 2708735) AND (k <= 2708835))
	  ->  Bitmap Index Scan on k_8  (cost=0.00..5.44 rows=101 width=0)
	        Index Cond: ((k >= 2708735) AND (k <= 2708835))
for range-notcovered
table 1 : explain SELECT k, c FROM sbtest1 WHERE k BETWEEN 6098075 AND 6098175
	Bitmap Heap Scan on sbtest1  (cost=5.40..377.55 rows=94 width=125)
	  Recheck Cond: ((k >= 6098075) AND (k <= 6098175))
	  ->  Bitmap Index Scan on k_1  (cost=0.00..5.38 rows=94 width=0)
	        Index Cond: ((k >= 6098075) AND (k <= 6098175))

table 2 : explain SELECT k, c FROM sbtest2 WHERE k BETWEEN 6098075 AND 6098175
	Bitmap Heap Scan on sbtest2  (cost=5.47..405.13 rows=101 width=125)
	  Recheck Cond: ((k >= 6098075) AND (k <= 6098175))
	  ->  Bitmap Index Scan on k_2  (cost=0.00..5.44 rows=101 width=0)
	        Index Cond: ((k >= 6098075) AND (k <= 6098175))

table 3 : explain SELECT k, c FROM sbtest3 WHERE k BETWEEN 6098075 AND 6098175
	Bitmap Heap Scan on sbtest3  (cost=5.49..413.00 rows=103 width=125)
	  Recheck Cond: ((k >= 6098075) AND (k <= 6098175))
	  ->  Bitmap Index Scan on k_3  (cost=0.00..5.46 rows=103 width=0)
	        Index Cond: ((k >= 6098075) AND (k <= 6098175))

table 4 : explain SELECT k, c FROM sbtest4 WHERE k BETWEEN 6098075 AND 6098175
	Bitmap Heap Scan on sbtest4  (cost=5.56..440.56 rows=110 width=125)
	  Recheck Cond: ((k >= 6098075) AND (k <= 6098175))
	  ->  Bitmap Index Scan on k_4  (cost=0.00..5.53 rows=110 width=0)
	        Index Cond: ((k >= 6098075) AND (k <= 6098175))

table 5 : explain SELECT k, c FROM sbtest5 WHERE k BETWEEN 6098075 AND 6098175
	Bitmap Heap Scan on sbtest5  (cost=5.43..389.37 rows=97 width=125)
	  Recheck Cond: ((k >= 6098075) AND (k <= 6098175))
	  ->  Bitmap Index Scan on k_5  (cost=0.00..5.40 rows=97 width=0)
	        Index Cond: ((k >= 6098075) AND (k <= 6098175))

table 6 : explain SELECT k, c FROM sbtest6 WHERE k BETWEEN 6098075 AND 6098175
	Bitmap Heap Scan on sbtest6  (cost=5.41..381.49 rows=95 width=125)
	  Recheck Cond: ((k >= 6098075) AND (k <= 6098175))
	  ->  Bitmap Index Scan on k_6  (cost=0.00..5.38 rows=95 width=0)
	        Index Cond: ((k >= 6098075) AND (k <= 6098175))

table 7 : explain SELECT k, c FROM sbtest7 WHERE k BETWEEN 6098075 AND 6098175
	Bitmap Heap Scan on sbtest7  (cost=5.51..420.88 rows=105 width=125)
	  Recheck Cond: ((k >= 6098075) AND (k <= 6098175))
	  ->  Bitmap Index Scan on k_7  (cost=0.00..5.48 rows=105 width=0)
	        Index Cond: ((k >= 6098075) AND (k <= 6098175))

table 8 : explain SELECT k, c FROM sbtest8 WHERE k BETWEEN 6098075 AND 6098175
	Bitmap Heap Scan on sbtest8  (cost=5.50..416.94 rows=104 width=125)
	  Recheck Cond: ((k >= 6098075) AND (k <= 6098175))
	  ->  Bitmap Index Scan on k_8  (cost=0.00..5.47 rows=104 width=0)
	        Index Cond: ((k >= 6098075) AND (k <= 6098175))


explain: for range-notcovered :: explain SELECT k, c FROM sbtest%d WHERE k BETWEEN 4704310 AND 4704410
for range-notcovered
table 1 : explain SELECT k, c FROM sbtest1 WHERE k BETWEEN 6716982 AND 6717082
	Bitmap Heap Scan on sbtest1  (cost=5.52..424.81 rows=106 width=125)
	  Recheck Cond: ((k >= 6716982) AND (k <= 6717082))
	  ->  Bitmap Index Scan on k_1  (cost=0.00..5.50 rows=106 width=0)
	        Index Cond: ((k >= 6716982) AND (k <= 6717082))

table 2 : explain SELECT k, c FROM sbtest2 WHERE k BETWEEN 6716982 AND 6717082
	Bitmap Heap Scan on sbtest2  (cost=5.45..397.25 rows=99 width=125)
	  Recheck Cond: ((k >= 6716982) AND (k <= 6717082))
	  ->  Bitmap Index Scan on k_2  (cost=0.00..5.42 rows=99 width=0)
	        Index Cond: ((k >= 6716982) AND (k <= 6717082))

table 3 : explain SELECT k, c FROM sbtest3 WHERE k BETWEEN 6716982 AND 6717082
	Bitmap Heap Scan on sbtest3  (cost=5.51..420.88 rows=105 width=125)
	  Recheck Cond: ((k >= 6716982) AND (k <= 6717082))
	  ->  Bitmap Index Scan on k_3  (cost=0.00..5.48 rows=105 width=0)
	        Index Cond: ((k >= 6716982) AND (k <= 6717082))

table 4 : explain SELECT k, c FROM sbtest4 WHERE k BETWEEN 6716982 AND 6717082
	Bitmap Heap Scan on sbtest4  (cost=5.47..405.13 rows=101 width=125)
	  Recheck Cond: ((k >= 6716982) AND (k <= 6717082))
	  ->  Bitmap Index Scan on k_4  (cost=0.00..5.44 rows=101 width=0)
	        Index Cond: ((k >= 6716982) AND (k <= 6717082))

table 5 : explain SELECT k, c FROM sbtest5 WHERE k BETWEEN 6716982 AND 6717082
	Bitmap Heap Scan on sbtest5  (cost=5.51..420.88 rows=105 width=125)
	  Recheck Cond: ((k >= 6716982) AND (k <= 6717082))
	  ->  Bitmap Index Scan on k_5  (cost=0.00..5.48 rows=105 width=0)
	        Index Cond: ((k >= 6716982) AND (k <= 6717082))

table 6 : explain SELECT k, c FROM sbtest6 WHERE k BETWEEN 6716982 AND 6717082
	Bitmap Heap Scan on sbtest6  (cost=5.44..393.31 rows=98 width=125)
	  Recheck Cond: ((k >= 6716982) AND (k <= 6717082))
	  ->  Bitmap Index Scan on k_6  (cost=0.00..5.42 rows=98 width=0)
	        Index Cond: ((k >= 6716982) AND (k <= 6717082))

table 7 : explain SELECT k, c FROM sbtest7 WHERE k BETWEEN 6716982 AND 6717082
	Bitmap Heap Scan on sbtest7  (cost=5.39..373.61 rows=93 width=125)
	  Recheck Cond: ((k >= 6716982) AND (k <= 6717082))
	  ->  Bitmap Index Scan on k_7  (cost=0.00..5.36 rows=93 width=0)
	        Index Cond: ((k >= 6716982) AND (k <= 6717082))

table 8 : explain SELECT k, c FROM sbtest8 WHERE k BETWEEN 6716982 AND 6717082
	Bitmap Heap Scan on sbtest8  (cost=5.50..416.94 rows=104 width=125)
	  Recheck Cond: ((k >= 6716982) AND (k <= 6717082))
	  ->  Bitmap Index Scan on k_8  (cost=0.00..5.47 rows=104 width=0)
	        Index Cond: ((k >= 6716982) AND (k <= 6717082))
explain: for range-notcovered :: explain SELECT k, c FROM sbtest%d WHERE k BETWEEN 6098075 AND 6098175for range-notcovered
table 1 : explain SELECT k, c FROM sbtest1 WHERE k BETWEEN 4910083 AND 4910183
	Bitmap Heap Scan on sbtest1  (cost=5.53..428.75 rows=107 width=125)
	  Recheck Cond: ((k >= 4910083) AND (k <= 4910183))
	  ->  Bitmap Index Scan on k_1  (cost=0.00..5.50 rows=107 width=0)
	        Index Cond: ((k >= 4910083) AND (k <= 4910183))

table 2 : explain SELECT k, c FROM sbtest2 WHERE k BETWEEN 4910083 AND 4910183
	Bitmap Heap Scan on sbtest2  (cost=5.51..420.88 rows=105 width=125)
	  Recheck Cond: ((k >= 4910083) AND (k <= 4910183))
	  ->  Bitmap Index Scan on k_2  (cost=0.00..5.48 rows=105 width=0)
	        Index Cond: ((k >= 4910083) AND (k <= 4910183))

table 3 : explain SELECT k, c FROM sbtest3 WHERE k BETWEEN 4910083 AND 4910183
	Bitmap Heap Scan on sbtest3  (cost=5.47..405.13 rows=101 width=125)
	  Recheck Cond: ((k >= 4910083) AND (k <= 4910183))
	  ->  Bitmap Index Scan on k_3  (cost=0.00..5.44 rows=101 width=0)
	        Index Cond: ((k >= 4910083) AND (k <= 4910183))

table 4 : explain SELECT k, c FROM sbtest4 WHERE k BETWEEN 4910083 AND 4910183
	Bitmap Heap Scan on sbtest4  (cost=5.52..424.81 rows=106 width=125)
	  Recheck Cond: ((k >= 4910083) AND (k <= 4910183))
	  ->  Bitmap Index Scan on k_4  (cost=0.00..5.50 rows=106 width=0)
	        Index Cond: ((k >= 4910083) AND (k <= 4910183))

table 5 : explain SELECT k, c FROM sbtest5 WHERE k BETWEEN 4910083 AND 4910183
	Bitmap Heap Scan on sbtest5  (cost=5.47..405.13 rows=101 width=125)
	  Recheck Cond: ((k >= 4910083) AND (k <= 4910183))
	  ->  Bitmap Index Scan on k_5  (cost=0.00..5.44 rows=101 width=0)
	        Index Cond: ((k >= 4910083) AND (k <= 4910183))

table 6 : explain SELECT k, c FROM sbtest6 WHERE k BETWEEN 4910083 AND 4910183
	Bitmap Heap Scan on sbtest6  (cost=5.41..381.49 rows=95 width=125)
	  Recheck Cond: ((k >= 4910083) AND (k <= 4910183))
	  ->  Bitmap Index Scan on k_6  (cost=0.00..5.38 rows=95 width=0)
	        Index Cond: ((k >= 4910083) AND (k <= 4910183))

table 7 : explain SELECT k, c FROM sbtest7 WHERE k BETWEEN 4910083 AND 4910183
	Bitmap Heap Scan on sbtest7  (cost=5.44..393.31 rows=98 width=125)
	  Recheck Cond: ((k >= 4910083) AND (k <= 4910183))
	  ->  Bitmap Index Scan on k_7  (cost=0.00..5.42 rows=98 width=0)
	        Index Cond: ((k >= 4910083) AND (k <= 4910183))

table 8 : explain SELECT k, c FROM sbtest8 WHERE k BETWEEN 4910083 AND 4910183
	Bitmap Heap Scan on sbtest8  (cost=5.48..409.07 rows=102 width=125)
	  Recheck Cond: ((k >= 4910083) AND (k <= 4910183))
	  ->  Bitmap Index Scan on k_8  (cost=0.00..5.45 rows=102 width=0)
	        Index Cond: ((k >= 4910083) AND (k <= 4910183))


for range-notcovered
table 1 : explain SELECT k, c FROM sbtest1 WHERE k BETWEEN 7219713 AND 7219813
	Bitmap Heap Scan on sbtest1  (cost=5.41..381.49 rows=95 width=125)
	  Recheck Cond: ((k >= 7219713) AND (k <= 7219813))
	  ->  Bitmap Index Scan on k_1  (cost=0.00..5.38 rows=95 width=0)
	        Index Cond: ((k >= 7219713) AND (k <= 7219813))

table 2 : explain SELECT k, c FROM sbtest2 WHERE k BETWEEN 7219713 AND 7219813
	Bitmap Heap Scan on sbtest2  (cost=5.48..409.07 rows=102 width=125)
	  Recheck Cond: ((k >= 7219713) AND (k <= 7219813))
	  ->  Bitmap Index Scan on k_2  (cost=0.00..5.45 rows=102 width=0)
	        Index Cond: ((k >= 7219713) AND (k <= 7219813))

table 3 : explain SELECT k, c FROM sbtest3 WHERE k BETWEEN 7219713 AND 7219813
	Bitmap Heap Scan on sbtest3  (cost=5.45..397.25 rows=99 width=125)
	  Recheck Cond: ((k >= 7219713) AND (k <= 7219813))
	  ->  Bitmap Index Scan on k_3  (cost=0.00..5.42 rows=99 width=0)
	        Index Cond: ((k >= 7219713) AND (k <= 7219813))

table 4 : explain SELECT k, c FROM sbtest4 WHERE k BETWEEN 7219713 AND 7219813
	Bitmap Heap Scan on sbtest4  (cost=5.47..405.13 rows=101 width=125)
	  Recheck Cond: ((k >= 7219713) AND (k <= 7219813))
	  ->  Bitmap Index Scan on k_4  (cost=0.00..5.44 rows=101 width=0)
	        Index Cond: ((k >= 7219713) AND (k <= 7219813))

table 5 : explain SELECT k, c FROM sbtest5 WHERE k BETWEEN 7219713 AND 7219813
	Bitmap Heap Scan on sbtest5  (cost=5.40..377.55 rows=94 width=125)
	  Recheck Cond: ((k >= 7219713) AND (k <= 7219813))
	  ->  Bitmap Index Scan on k_5  (cost=0.00..5.38 rows=94 width=0)
	        Index Cond: ((k >= 7219713) AND (k <= 7219813))

table 6 : explain SELECT k, c FROM sbtest6 WHERE k BETWEEN 7219713 AND 7219813
	Bitmap Heap Scan on sbtest6  (cost=5.55..436.62 rows=109 width=125)
	  Recheck Cond: ((k >= 7219713) AND (k <= 7219813))
	  ->  Bitmap Index Scan on k_6  (cost=0.00..5.52 rows=109 width=0)
	        Index Cond: ((k >= 7219713) AND (k <= 7219813))

table 7 : explain SELECT k, c FROM sbtest7 WHERE k BETWEEN 7219713 AND 7219813
	Bitmap Heap Scan on sbtest7  (cost=5.46..401.19 rows=100 width=125)
	  Recheck Cond: ((k >= 7219713) AND (k <= 7219813))
	  ->  Bitmap Index Scan on k_7  (cost=0.00..5.43 rows=100 width=0)
	        Index Cond: ((k >= 7219713) AND (k <= 7219813))

table 8 : explain SELECT k, c FROM sbtest8 WHERE k BETWEEN 7219713 AND 7219813
	Bitmap Heap Scan on sbtest8  (cost=5.48..409.07 rows=102 width=125)
	  Recheck Cond: ((k >= 7219713) AND (k <= 7219813))
	  ->  Bitmap Index Scan on k_8  (cost=0.00..5.45 rows=102 width=0)
	        Index Cond: ((k >= 7219713) AND (k <= 7219813))


explain: for range-notcovered :: explain SELECT k, c FROM sbtest%d WHERE k BETWEEN 7219713 AND 7219813
explain: for range-notcovered :: explain SELECT k, c FROM sbtest%d WHERE k BETWEEN 6716982 AND 6717082
explain: for range-notcovered :: explain SELECT k, c FROM sbtest%d WHERE k BETWEEN 4910083 AND 4910183
for range-notcovered
table 1 : explain SELECT k, c FROM sbtest1 WHERE k BETWEEN 8521591 AND 8521691
	Bitmap Heap Scan on sbtest1  (cost=5.45..397.25 rows=99 width=125)
	  Recheck Cond: ((k >= 8521591) AND (k <= 8521691))
	  ->  Bitmap Index Scan on k_1  (cost=0.00..5.42 rows=99 width=0)
	        Index Cond: ((k >= 8521591) AND (k <= 8521691))

table 2 : explain SELECT k, c FROM sbtest2 WHERE k BETWEEN 8521591 AND 8521691
	Bitmap Heap Scan on sbtest2  (cost=5.53..428.75 rows=107 width=125)
	  Recheck Cond: ((k >= 8521591) AND (k <= 8521691))
	  ->  Bitmap Index Scan on k_2  (cost=0.00..5.50 rows=107 width=0)
	        Index Cond: ((k >= 8521591) AND (k <= 8521691))

table 3 : explain SELECT k, c FROM sbtest3 WHERE k BETWEEN 8521591 AND 8521691
	Bitmap Heap Scan on sbtest3  (cost=5.43..389.37 rows=97 width=125)
	  Recheck Cond: ((k >= 8521591) AND (k <= 8521691))
	  ->  Bitmap Index Scan on k_3  (cost=0.00..5.40 rows=97 width=0)
	        Index Cond: ((k >= 8521591) AND (k <= 8521691))

table 4 : explain SELECT k, c FROM sbtest4 WHERE k BETWEEN 8521591 AND 8521691
	Bitmap Heap Scan on sbtest4  (cost=5.52..424.81 rows=106 width=125)
	  Recheck Cond: ((k >= 8521591) AND (k <= 8521691))
	  ->  Bitmap Index Scan on k_4  (cost=0.00..5.50 rows=106 width=0)
	        Index Cond: ((k >= 8521591) AND (k <= 8521691))

table 5 : explain SELECT k, c FROM sbtest5 WHERE k BETWEEN 8521591 AND 8521691
	Bitmap Heap Scan on sbtest5  (cost=5.56..440.56 rows=110 width=125)
	  Recheck Cond: ((k >= 8521591) AND (k <= 8521691))
	  ->  Bitmap Index Scan on k_5  (cost=0.00..5.53 rows=110 width=0)
	        Index Cond: ((k >= 8521591) AND (k <= 8521691))

table 6 : explain SELECT k, c FROM sbtest6 WHERE k BETWEEN 8521591 AND 8521691
	Bitmap Heap Scan on sbtest6  (cost=5.61..460.22 rows=115 width=125)
	  Recheck Cond: ((k >= 8521591) AND (k <= 8521691))
	  ->  Bitmap Index Scan on k_6  (cost=0.00..5.58 rows=115 width=0)
	        Index Cond: ((k >= 8521591) AND (k <= 8521691))

table 7 : explain SELECT k, c FROM sbtest7 WHERE k BETWEEN 8521591 AND 8521691
	Bitmap Heap Scan on sbtest7  (cost=5.43..389.37 rows=97 width=125)
	  Recheck Cond: ((k >= 8521591) AND (k <= 8521691))
	  ->  Bitmap Index Scan on k_7  (cost=0.00..5.40 rows=97 width=0)
	        Index Cond: ((k >= 8521591) AND (k <= 8521691))

table 8 : explain SELECT k, c FROM sbtest8 WHERE k BETWEEN 8521591 AND 8521691
	Bitmap Heap Scan on sbtest8  (cost=5.50..416.94 rows=104 width=125)
	  Recheck Cond: ((k >= 8521591) AND (k <= 8521691))
	  ->  Bitmap Index Scan on k_8  (cost=0.00..5.47 rows=104 width=0)
	        Index Cond: ((k >= 8521591) AND (k <= 8521691))

for range-notcovered
table 1 : explain SELECT k, c FROM sbtest1 WHERE k BETWEEN 8384356 AND 8384456
	Bitmap Heap Scan on sbtest1  (cost=5.50..416.94 rows=104 width=125)
	  Recheck Cond: ((k >= 8384356) AND (k <= 8384456))
	  ->  Bitmap Index Scan on k_1  (cost=0.00..5.47 rows=104 width=0)
	        Index Cond: ((k >= 8384356) AND (k <= 8384456))

table 2 : explain SELECT k, c FROM sbtest2 WHERE k BETWEEN 8384356 AND 8384456
	Bitmap Heap Scan on sbtest2  (cost=5.48..409.07 rows=102 width=125)
	  Recheck Cond: ((k >= 8384356) AND (k <= 8384456))
	  ->  Bitmap Index Scan on k_2  (cost=0.00..5.45 rows=102 width=0)
	        Index Cond: ((k >= 8384356) AND (k <= 8384456))

table 3 : explain SELECT k, c FROM sbtest3 WHERE k BETWEEN 8384356 AND 8384456
	Bitmap Heap Scan on sbtest3  (cost=5.56..440.56 rows=110 width=125)
	  Recheck Cond: ((k >= 8384356) AND (k <= 8384456))
	  ->  Bitmap Index Scan on k_3  (cost=0.00..5.53 rows=110 width=0)
	        Index Cond: ((k >= 8384356) AND (k <= 8384456))

table 4 : explain SELECT k, c FROM sbtest4 WHERE k BETWEEN 8384356 AND 8384456
	Bitmap Heap Scan on sbtest4  (cost=5.53..428.75 rows=107 width=125)
	  Recheck Cond: ((k >= 8384356) AND (k <= 8384456))
	  ->  Bitmap Index Scan on k_4  (cost=0.00..5.50 rows=107 width=0)
	        Index Cond: ((k >= 8384356) AND (k <= 8384456))

table 5 : explain SELECT k, c FROM sbtest5 WHERE k BETWEEN 8384356 AND 8384456
	Bitmap Heap Scan on sbtest5  (cost=5.46..401.19 rows=100 width=125)
	  Recheck Cond: ((k >= 8384356) AND (k <= 8384456))
	  ->  Bitmap Index Scan on k_5  (cost=0.00..5.43 rows=100 width=0)
	        Index Cond: ((k >= 8384356) AND (k <= 8384456))

table 6 : explain SELECT k, c FROM sbtest6 WHERE k BETWEEN 8384356 AND 8384456
	Bitmap Heap Scan on sbtest6  (cost=5.50..416.94 rows=104 width=125)
	  Recheck Cond: ((k >= 8384356) AND (k <= 8384456))
	  ->  Bitmap Index Scan on k_6  (cost=0.00..5.47 rows=104 width=0)
	        Index Cond: ((k >= 8384356) AND (k <= 8384456))

table 7 : explain SELECT k, c FROM sbtest7 WHERE k BETWEEN 8384356 AND 8384456
	Bitmap Heap Scan on sbtest7  (cost=5.51..420.88 rows=105 width=125)
	  Recheck Cond: ((k >= 8384356) AND (k <= 8384456))
	  ->  Bitmap Index Scan on k_7  (cost=0.00..5.48 rows=105 width=0)
	        Index Cond: ((k >= 8384356) AND (k <= 8384456))

table 8 : explain SELECT k, c FROM sbtest8 WHERE k BETWEEN 8384356 AND 8384456
	Bitmap Heap Scan on sbtest8  (cost=5.42..385.43 rows=96 width=125)
	  Recheck Cond: ((k >= 8384356) AND (k <= 8384456))
	  ->  Bitmap Index Scan on k_8  (cost=0.00..5.39 rows=96 width=0)
	        Index Cond: ((k >= 8384356) AND (k <= 8384456))

explain: for range-notcovered :: explain SELECT k, c FROM sbtest%d WHERE k BETWEEN 2708735 AND 2708835
explain: for range-notcovered :: explain SELECT k, c FROM sbtest%d WHERE k BETWEEN 8384356 AND 8384456
for range-notcovered
table 1 : explain SELECT k, c FROM sbtest1 WHERE k BETWEEN 3876485 AND 3876585
	Bitmap Heap Scan on sbtest1  (cost=5.45..397.25 rows=99 width=125)
	  Recheck Cond: ((k >= 3876485) AND (k <= 3876585))
	  ->  Bitmap Index Scan on k_1  (cost=0.00..5.42 rows=99 width=0)
	        Index Cond: ((k >= 3876485) AND (k <= 3876585))

table 2 : explain SELECT k, c FROM sbtest2 WHERE k BETWEEN 3876485 AND 3876585
	Bitmap Heap Scan on sbtest2  (cost=5.41..381.49 rows=95 width=125)
	  Recheck Cond: ((k >= 3876485) AND (k <= 3876585))
	  ->  Bitmap Index Scan on k_2  (cost=0.00..5.38 rows=95 width=0)
	        Index Cond: ((k >= 3876485) AND (k <= 3876585))

table 3 : explain SELECT k, c FROM sbtest3 WHERE k BETWEEN 3876485 AND 3876585
	Bitmap Heap Scan on sbtest3  (cost=5.47..405.13 rows=101 width=125)
	  Recheck Cond: ((k >= 3876485) AND (k <= 3876585))
	  ->  Bitmap Index Scan on k_3  (cost=0.00..5.44 rows=101 width=0)
	        Index Cond: ((k >= 3876485) AND (k <= 3876585))

table 4 : explain SELECT k, c FROM sbtest4 WHERE k BETWEEN 3876485 AND 3876585
	Bitmap Heap Scan on sbtest4  (cost=5.38..369.67 rows=92 width=125)
	  Recheck Cond: ((k >= 3876485) AND (k <= 3876585))
	  ->  Bitmap Index Scan on k_4  (cost=0.00..5.35 rows=92 width=0)
	        Index Cond: ((k >= 3876485) AND (k <= 3876585))

table 5 : explain SELECT k, c FROM sbtest5 WHERE k BETWEEN 3876485 AND 3876585
	Bitmap Heap Scan on sbtest5  (cost=5.40..377.55 rows=94 width=125)
	  Recheck Cond: ((k >= 3876485) AND (k <= 3876585))
	  ->  Bitmap Index Scan on k_5  (cost=0.00..5.38 rows=94 width=0)
	        Index Cond: ((k >= 3876485) AND (k <= 3876585))

table 6 : explain SELECT k, c FROM sbtest6 WHERE k BETWEEN 3876485 AND 3876585
	Bitmap Heap Scan on sbtest6  (cost=5.48..409.07 rows=102 width=125)
	  Recheck Cond: ((k >= 3876485) AND (k <= 3876585))
	  ->  Bitmap Index Scan on k_6  (cost=0.00..5.45 rows=102 width=0)
	        Index Cond: ((k >= 3876485) AND (k <= 3876585))

table 7 : explain SELECT k, c FROM sbtest7 WHERE k BETWEEN 3876485 AND 3876585
	Bitmap Heap Scan on sbtest7  (cost=5.55..436.62 rows=109 width=125)
	  Recheck Cond: ((k >= 3876485) AND (k <= 3876585))
	  ->  Bitmap Index Scan on k_7  (cost=0.00..5.52 rows=109 width=0)
	        Index Cond: ((k >= 3876485) AND (k <= 3876585))

table 8 : explain SELECT k, c FROM sbtest8 WHERE k BETWEEN 3876485 AND 3876585
	Bitmap Heap Scan on sbtest8  (cost=5.50..416.94 rows=104 width=125)
	  Recheck Cond: ((k >= 3876485) AND (k <= 3876585))
	  ->  Bitmap Index Scan on k_8  (cost=0.00..5.47 rows=104 width=0)
	        Index Cond: ((k >= 3876485) AND (k <= 3876585))

for range-notcovered
table 1 : explain SELECT k, c FROM sbtest1 WHERE k BETWEEN 6098075 AND 6098175
	Bitmap Heap Scan on sbtest1  (cost=5.40..377.55 rows=94 width=125)
	  Recheck Cond: ((k >= 6098075) AND (k <= 6098175))
	  ->  Bitmap Index Scan on k_1  (cost=0.00..5.38 rows=94 width=0)
	        Index Cond: ((k >= 6098075) AND (k <= 6098175))

table 2 : explain SELECT k, c FROM sbtest2 WHERE k BETWEEN 6098075 AND 6098175
	Bitmap Heap Scan on sbtest2  (cost=5.47..405.13 rows=101 width=125)
	  Recheck Cond: ((k >= 6098075) AND (k <= 6098175))
	  ->  Bitmap Index Scan on k_2  (cost=0.00..5.44 rows=101 width=0)
	        Index Cond: ((k >= 6098075) AND (k <= 6098175))

table 3 : explain SELECT k, c FROM sbtest3 WHERE k BETWEEN 6098075 AND 6098175
	Bitmap Heap Scan on sbtest3  (cost=5.49..413.00 rows=103 width=125)
	  Recheck Cond: ((k >= 6098075) AND (k <= 6098175))
	  ->  Bitmap Index Scan on k_3  (cost=0.00..5.46 rows=103 width=0)
	        Index Cond: ((k >= 6098075) AND (k <= 6098175))

table 4 : explain SELECT k, c FROM sbtest4 WHERE k BETWEEN 6098075 AND 6098175
	Bitmap Heap Scan on sbtest4  (cost=5.56..440.56 rows=110 width=125)
	  Recheck Cond: ((k >= 6098075) AND (k <= 6098175))
	  ->  Bitmap Index Scan on k_4  (cost=0.00..5.53 rows=110 width=0)
	        Index Cond: ((k >= 6098075) AND (k <= 6098175))

table 5 : explain SELECT k, c FROM sbtest5 WHERE k BETWEEN 6098075 AND 6098175
	Bitmap Heap Scan on sbtest5  (cost=5.43..389.37 rows=97 width=125)
	  Recheck Cond: ((k >= 6098075) AND (k <= 6098175))
	  ->  Bitmap Index Scan on k_5  (cost=0.00..5.40 rows=97 width=0)
	        Index Cond: ((k >= 6098075) AND (k <= 6098175))

table 6 : explain SELECT k, c FROM sbtest6 WHERE k BETWEEN 6098075 AND 6098175
	Bitmap Heap Scan on sbtest6  (cost=5.41..381.49 rows=95 width=125)
	  Recheck Cond: ((k >= 6098075) AND (k <= 6098175))
	  ->  Bitmap Index Scan on k_6  (cost=0.00..5.38 rows=95 width=0)
	        Index Cond: ((k >= 6098075) AND (k <= 6098175))

table 7 : explain SELECT k, c FROM sbtest7 WHERE k BETWEEN 6098075 AND 6098175
	Bitmap Heap Scan on sbtest7  (cost=5.51..420.88 rows=105 width=125)
	  Recheck Cond: ((k >= 6098075) AND (k <= 6098175))
	  ->  Bitmap Index Scan on k_7  (cost=0.00..5.48 rows=105 width=0)
	        Index Cond: ((k >= 6098075) AND (k <= 6098175))

table 8 : explain SELECT k, c FROM sbtest8 WHERE k BETWEEN 6098075 AND 6098175
	Bitmap Heap Scan on sbtest8  (cost=5.50..416.94 rows=104 width=125)
	  Recheck Cond: ((k >= 6098075) AND (k <= 6098175))
	  ->  Bitmap Index Scan on k_8  (cost=0.00..5.47 rows=104 width=0)
	        Index Cond: ((k >= 6098075) AND (k <= 6098175))

for range-notcovered
table 1 : explain SELECT k, c FROM sbtest1 WHERE k BETWEEN 7219713 AND 7219813
	Bitmap Heap Scan on sbtest1  (cost=5.41..381.49 rows=95 width=125)
	  Recheck Cond: ((k >= 7219713) AND (k <= 7219813))
	  ->  Bitmap Index Scan on k_1  (cost=0.00..5.38 rows=95 width=0)
	        Index Cond: ((k >= 7219713) AND (k <= 7219813))

table 2 : explain SELECT k, c FROM sbtest2 WHERE k BETWEEN 7219713 AND 7219813
	Bitmap Heap Scan on sbtest2  (cost=5.48..409.07 rows=102 width=125)
	  Recheck Cond: ((k >= 7219713) AND (k <= 7219813))
	  ->  Bitmap Index Scan on k_2  (cost=0.00..5.45 rows=102 width=0)
	        Index Cond: ((k >= 7219713) AND (k <= 7219813))

table 3 : explain SELECT k, c FROM sbtest3 WHERE k BETWEEN 7219713 AND 7219813
	Bitmap Heap Scan on sbtest3  (cost=5.45..397.25 rows=99 width=125)
	  Recheck Cond: ((k >= 7219713) AND (k <= 7219813))
	  ->  Bitmap Index Scan on k_3  (cost=0.00..5.42 rows=99 width=0)
	        Index Cond: ((k >= 7219713) AND (k <= 7219813))

table 4 : explain SELECT k, c FROM sbtest4 WHERE k BETWEEN 7219713 AND 7219813
	Bitmap Heap Scan on sbtest4  (cost=5.47..405.13 rows=101 width=125)
	  Recheck Cond: ((k >= 7219713) AND (k <= 7219813))
	  ->  Bitmap Index Scan on k_4  (cost=0.00..5.44 rows=101 width=0)
	        Index Cond: ((k >= 7219713) AND (k <= 7219813))

table 5 : explain SELECT k, c FROM sbtest5 WHERE k BETWEEN 7219713 AND 7219813
	Bitmap Heap Scan on sbtest5  (cost=5.40..377.55 rows=94 width=125)
	  Recheck Cond: ((k >= 7219713) AND (k <= 7219813))
	  ->  Bitmap Index Scan on k_5  (cost=0.00..5.38 rows=94 width=0)
	        Index Cond: ((k >= 7219713) AND (k <= 7219813))

table 6 : explain SELECT k, c FROM sbtest6 WHERE k BETWEEN 7219713 AND 7219813
	Bitmap Heap Scan on sbtest6  (cost=5.55..436.62 rows=109 width=125)
	  Recheck Cond: ((k >= 7219713) AND (k <= 7219813))
	  ->  Bitmap Index Scan on k_6  (cost=0.00..5.52 rows=109 width=0)
	        Index Cond: ((k >= 7219713) AND (k <= 7219813))

table 7 : explain SELECT k, c FROM sbtest7 WHERE k BETWEEN 7219713 AND 7219813
	Bitmap Heap Scan on sbtest7  (cost=5.46..401.19 rows=100 width=125)
	  Recheck Cond: ((k >= 7219713) AND (k <= 7219813))
	  ->  Bitmap Index Scan on k_7  (cost=0.00..5.43 rows=100 width=0)
	        Index Cond: ((k >= 7219713) AND (k <= 7219813))

table 8 : explain SELECT k, c FROM sbtest8 WHERE k BETWEEN 7219713 AND 7219813
	Bitmap Heap Scan on sbtest8  (cost=5.48..409.07 rows=102 width=125)
	  Recheck Cond: ((k >= 7219713) AND (k <= 7219813))
	  ->  Bitmap Index Scan on k_8  (cost=0.00..5.45 rows=102 width=0)
	        Index Cond: ((k >= 7219713) AND (k <= 7219813))

explain: for range-notcovered :: explain SELECT k, c FROM sbtest%d WHERE k BETWEEN 3876485 AND 3876585
explain: for range-notcovered :: explain SELECT k, c FROM sbtest%d WHERE k BETWEEN 6098075 AND 6098175
explain: for range-notcovered :: explain SELECT k, c FROM sbtest%d WHERE k BETWEEN 7219713 AND 7219813
for range-notcovered
table 1 : explain SELECT k, c FROM sbtest1 WHERE k BETWEEN 4910083 AND 4910183
	Bitmap Heap Scan on sbtest1  (cost=5.53..428.75 rows=107 width=125)
	  Recheck Cond: ((k >= 4910083) AND (k <= 4910183))
	  ->  Bitmap Index Scan on k_1  (cost=0.00..5.50 rows=107 width=0)
	        Index Cond: ((k >= 4910083) AND (k <= 4910183))

table 2 : explain SELECT k, c FROM sbtest2 WHERE k BETWEEN 4910083 AND 4910183
	Bitmap Heap Scan on sbtest2  (cost=5.51..420.88 rows=105 width=125)
	  Recheck Cond: ((k >= 4910083) AND (k <= 4910183))
	  ->  Bitmap Index Scan on k_2  (cost=0.00..5.48 rows=105 width=0)
	        Index Cond: ((k >= 4910083) AND (k <= 4910183))

table 3 : explain SELECT k, c FROM sbtest3 WHERE k BETWEEN 4910083 AND 4910183
	Bitmap Heap Scan on sbtest3  (cost=5.47..405.13 rows=101 width=125)
	  Recheck Cond: ((k >= 4910083) AND (k <= 4910183))
	  ->  Bitmap Index Scan on k_3  (cost=0.00..5.44 rows=101 width=0)
	        Index Cond: ((k >= 4910083) AND (k <= 4910183))

table 4 : explain SELECT k, c FROM sbtest4 WHERE k BETWEEN 4910083 AND 4910183
	Bitmap Heap Scan on sbtest4  (cost=5.52..424.81 rows=106 width=125)
	  Recheck Cond: ((k >= 4910083) AND (k <= 4910183))
	  ->  Bitmap Index Scan on k_4  (cost=0.00..5.50 rows=106 width=0)
	        Index Cond: ((k >= 4910083) AND (k <= 4910183))

table 5 : explain SELECT k, c FROM sbtest5 WHERE k BETWEEN 4910083 AND 4910183
	Bitmap Heap Scan on sbtest5  (cost=5.47..405.13 rows=101 width=125)
	  Recheck Cond: ((k >= 4910083) AND (k <= 4910183))
	  ->  Bitmap Index Scan on k_5  (cost=0.00..5.44 rows=101 width=0)
	        Index Cond: ((k >= 4910083) AND (k <= 4910183))

table 6 : explain SELECT k, c FROM sbtest6 WHERE k BETWEEN 4910083 AND 4910183
	Bitmap Heap Scan on sbtest6  (cost=5.41..381.49 rows=95 width=125)
	  Recheck Cond: ((k >= 4910083) AND (k <= 4910183))
	  ->  Bitmap Index Scan on k_6  (cost=0.00..5.38 rows=95 width=0)
	        Index Cond: ((k >= 4910083) AND (k <= 4910183))

table 7 : explain SELECT k, c FROM sbtest7 WHERE k BETWEEN 4910083 AND 4910183
	Bitmap Heap Scan on sbtest7  (cost=5.44..393.31 rows=98 width=125)
	  Recheck Cond: ((k >= 4910083) AND (k <= 4910183))
	  ->  Bitmap Index Scan on k_7  (cost=0.00..5.42 rows=98 width=0)
	        Index Cond: ((k >= 4910083) AND (k <= 4910183))

table 8 : explain SELECT k, c FROM sbtest8 WHERE k BETWEEN 4910083 AND 4910183
	Bitmap Heap Scan on sbtest8  (cost=5.48..409.07 rows=102 width=125)
	  Recheck Cond: ((k >= 4910083) AND (k <= 4910183))
	  ->  Bitmap Index Scan on k_8  (cost=0.00..5.45 rows=102 width=0)
	        Index Cond: ((k >= 4910083) AND (k <= 4910183))

for range-notcovered
table 1 : explain SELECT k, c FROM sbtest1 WHERE k BETWEEN 6716982 AND 6717082
	Bitmap Heap Scan on sbtest1  (cost=5.52..424.81 rows=106 width=125)
	  Recheck Cond: ((k >= 6716982) AND (k <= 6717082))
	  ->  Bitmap Index Scan on k_1  (cost=0.00..5.50 rows=106 width=0)
	        Index Cond: ((k >= 6716982) AND (k <= 6717082))

table 2 : explain SELECT k, c FROM sbtest2 WHERE k BETWEEN 6716982 AND 6717082
	Bitmap Heap Scan on sbtest2  (cost=5.45..397.25 rows=99 width=125)
	  Recheck Cond: ((k >= 6716982) AND (k <= 6717082))
	  ->  Bitmap Index Scan on k_2  (cost=0.00..5.42 rows=99 width=0)
	        Index Cond: ((k >= 6716982) AND (k <= 6717082))

table 3 : explain SELECT k, c FROM sbtest3 WHERE k BETWEEN 6716982 AND 6717082
	Bitmap Heap Scan on sbtest3  (cost=5.51..420.88 rows=105 width=125)
	  Recheck Cond: ((k >= 6716982) AND (k <= 6717082))
	  ->  Bitmap Index Scan on k_3  (cost=0.00..5.48 rows=105 width=0)
	        Index Cond: ((k >= 6716982) AND (k <= 6717082))

table 4 : explain SELECT k, c FROM sbtest4 WHERE k BETWEEN 6716982 AND 6717082
	Bitmap Heap Scan on sbtest4  (cost=5.47..405.13 rows=101 width=125)
	  Recheck Cond: ((k >= 6716982) AND (k <= 6717082))
	  ->  Bitmap Index Scan on k_4  (cost=0.00..5.44 rows=101 width=0)
	        Index Cond: ((k >= 6716982) AND (k <= 6717082))

table 5 : explain SELECT k, c FROM sbtest5 WHERE k BETWEEN 6716982 AND 6717082
	Bitmap Heap Scan on sbtest5  (cost=5.51..420.88 rows=105 width=125)
	  Recheck Cond: ((k >= 6716982) AND (k <= 6717082))
	  ->  Bitmap Index Scan on k_5  (cost=0.00..5.48 rows=105 width=0)
	        Index Cond: ((k >= 6716982) AND (k <= 6717082))

table 6 : explain SELECT k, c FROM sbtest6 WHERE k BETWEEN 6716982 AND 6717082
	Bitmap Heap Scan on sbtest6  (cost=5.44..393.31 rows=98 width=125)
	  Recheck Cond: ((k >= 6716982) AND (k <= 6717082))
	  ->  Bitmap Index Scan on k_6  (cost=0.00..5.42 rows=98 width=0)
	        Index Cond: ((k >= 6716982) AND (k <= 6717082))

table 7 : explain SELECT k, c FROM sbtest7 WHERE k BETWEEN 6716982 AND 6717082
	Bitmap Heap Scan on sbtest7  (cost=5.39..373.61 rows=93 width=125)
	  Recheck Cond: ((k >= 6716982) AND (k <= 6717082))
	  ->  Bitmap Index Scan on k_7  (cost=0.00..5.36 rows=93 width=0)
	        Index Cond: ((k >= 6716982) AND (k <= 6717082))

table 8 : explain SELECT k, c FROM sbtest8 WHERE k BETWEEN 6716982 AND 6717082
	Bitmap Heap Scan on sbtest8  (cost=5.50..416.94 rows=104 width=125)
	  Recheck Cond: ((k >= 6716982) AND (k <= 6717082))
	  ->  Bitmap Index Scan on k_8  (cost=0.00..5.47 rows=104 width=0)
	        Index Cond: ((k >= 6716982) AND (k <= 6717082))

for range-notcovered
table 1 : explain SELECT k, c FROM sbtest1 WHERE k BETWEEN 4325893 AND 4325993
	Bitmap Heap Scan on sbtest1  (cost=5.57..444.49 rows=111 width=125)
	  Recheck Cond: ((k >= 4325893) AND (k <= 4325993))
	  ->  Bitmap Index Scan on k_1  (cost=0.00..5.54 rows=111 width=0)
	        Index Cond: ((k >= 4325893) AND (k <= 4325993))

table 2 : explain SELECT k, c FROM sbtest2 WHERE k BETWEEN 4325893 AND 4325993
	Bitmap Heap Scan on sbtest2  (cost=5.42..385.43 rows=96 width=125)
	  Recheck Cond: ((k >= 4325893) AND (k <= 4325993))
	  ->  Bitmap Index Scan on k_2  (cost=0.00..5.39 rows=96 width=0)
	        Index Cond: ((k >= 4325893) AND (k <= 4325993))

table 3 : explain SELECT k, c FROM sbtest3 WHERE k BETWEEN 4325893 AND 4325993
	Bitmap Heap Scan on sbtest3  (cost=5.59..452.36 rows=113 width=125)
	  Recheck Cond: ((k >= 4325893) AND (k <= 4325993))
	  ->  Bitmap Index Scan on k_3  (cost=0.00..5.56 rows=113 width=0)
	        Index Cond: ((k >= 4325893) AND (k <= 4325993))

table 4 : explain SELECT k, c FROM sbtest4 WHERE k BETWEEN 4325893 AND 4325993
	Bitmap Heap Scan on sbtest4  (cost=5.46..401.19 rows=100 width=125)
	  Recheck Cond: ((k >= 4325893) AND (k <= 4325993))
	  ->  Bitmap Index Scan on k_4  (cost=0.00..5.43 rows=100 width=0)
	        Index Cond: ((k >= 4325893) AND (k <= 4325993))

table 5 : explain SELECT k, c FROM sbtest5 WHERE k BETWEEN 4325893 AND 4325993
	Bitmap Heap Scan on sbtest5  (cost=5.39..373.61 rows=93 width=125)
	  Recheck Cond: ((k >= 4325893) AND (k <= 4325993))
	  ->  Bitmap Index Scan on k_5  (cost=0.00..5.36 rows=93 width=0)
	        Index Cond: ((k >= 4325893) AND (k <= 4325993))

table 6 : explain SELECT k, c FROM sbtest6 WHERE k BETWEEN 4325893 AND 4325993
	Bitmap Heap Scan on sbtest6  (cost=5.51..420.88 rows=105 width=125)
	  Recheck Cond: ((k >= 4325893) AND (k <= 4325993))
	  ->  Bitmap Index Scan on k_6  (cost=0.00..5.48 rows=105 width=0)
	        Index Cond: ((k >= 4325893) AND (k <= 4325993))

table 7 : explain SELECT k, c FROM sbtest7 WHERE k BETWEEN 4325893 AND 4325993
	Bitmap Heap Scan on sbtest7  (cost=5.43..389.37 rows=97 width=125)
	  Recheck Cond: ((k >= 4325893) AND (k <= 4325993))
	  ->  Bitmap Index Scan on k_7  (cost=0.00..5.40 rows=97 width=0)
	        Index Cond: ((k >= 4325893) AND (k <= 4325993))

table 8 : explain SELECT k, c FROM sbtest8 WHERE k BETWEEN 4325893 AND 4325993
	Bitmap Heap Scan on sbtest8  (cost=5.60..456.29 rows=114 width=125)
	  Recheck Cond: ((k >= 4325893) AND (k <= 4325993))
	  ->  Bitmap Index Scan on k_8  (cost=0.00..5.58 rows=114 width=0)
	        Index Cond: ((k >= 4325893) AND (k <= 4325993))

explain: for range-notcovered :: explain SELECT k, c FROM sbtest%d WHERE k BETWEEN 6716982 AND 6717082
explain: for range-notcovered :: explain SELECT k, c FROM sbtest%d WHERE k BETWEEN 4910083 AND 4910183
explain: for range-notcovered :: explain SELECT k, c FROM sbtest%d WHERE k BETWEEN 4325893 AND 4325993
for range-notcovered
table 1 : explain SELECT k, c FROM sbtest1 WHERE k BETWEEN 4704310 AND 4704410
	Bitmap Heap Scan on sbtest1  (cost=5.52..424.81 rows=106 width=125)
	  Recheck Cond: ((k >= 4704310) AND (k <= 4704410))
	  ->  Bitmap Index Scan on k_1  (cost=0.00..5.50 rows=106 width=0)
	        Index Cond: ((k >= 4704310) AND (k <= 4704410))

table 2 : explain SELECT k, c FROM sbtest2 WHERE k BETWEEN 4704310 AND 4704410
	Bitmap Heap Scan on sbtest2  (cost=5.35..357.84 rows=89 width=125)
	  Recheck Cond: ((k >= 4704310) AND (k <= 4704410))
	  ->  Bitmap Index Scan on k_2  (cost=0.00..5.32 rows=89 width=0)
	        Index Cond: ((k >= 4704310) AND (k <= 4704410))

table 3 : explain SELECT k, c FROM sbtest3 WHERE k BETWEEN 4704310 AND 4704410
	Bitmap Heap Scan on sbtest3  (cost=5.47..405.13 rows=101 width=125)
	  Recheck Cond: ((k >= 4704310) AND (k <= 4704410))
	  ->  Bitmap Index Scan on k_3  (cost=0.00..5.44 rows=101 width=0)
	        Index Cond: ((k >= 4704310) AND (k <= 4704410))

table 4 : explain SELECT k, c FROM sbtest4 WHERE k BETWEEN 4704310 AND 4704410
	Bitmap Heap Scan on sbtest4  (cost=5.48..409.07 rows=102 width=125)
	  Recheck Cond: ((k >= 4704310) AND (k <= 4704410))
	  ->  Bitmap Index Scan on k_4  (cost=0.00..5.45 rows=102 width=0)
	        Index Cond: ((k >= 4704310) AND (k <= 4704410))

table 5 : explain SELECT k, c FROM sbtest5 WHERE k BETWEEN 4704310 AND 4704410
	Bitmap Heap Scan on sbtest5  (cost=5.43..389.37 rows=97 width=125)
	  Recheck Cond: ((k >= 4704310) AND (k <= 4704410))
	  ->  Bitmap Index Scan on k_5  (cost=0.00..5.40 rows=97 width=0)
	        Index Cond: ((k >= 4704310) AND (k <= 4704410))

table 6 : explain SELECT k, c FROM sbtest6 WHERE k BETWEEN 4704310 AND 4704410
	Bitmap Heap Scan on sbtest6  (cost=5.48..409.07 rows=102 width=125)
	  Recheck Cond: ((k >= 4704310) AND (k <= 4704410))
	  ->  Bitmap Index Scan on k_6  (cost=0.00..5.45 rows=102 width=0)
	        Index Cond: ((k >= 4704310) AND (k <= 4704410))

table 7 : explain SELECT k, c FROM sbtest7 WHERE k BETWEEN 4704310 AND 4704410
	Bitmap Heap Scan on sbtest7  (cost=5.51..420.88 rows=105 width=125)
	  Recheck Cond: ((k >= 4704310) AND (k <= 4704410))
	  ->  Bitmap Index Scan on k_7  (cost=0.00..5.48 rows=105 width=0)
	        Index Cond: ((k >= 4704310) AND (k <= 4704410))

table 8 : explain SELECT k, c FROM sbtest8 WHERE k BETWEEN 4704310 AND 4704410
	Bitmap Heap Scan on sbtest8  (cost=5.58..448.42 rows=112 width=125)
	  Recheck Cond: ((k >= 4704310) AND (k <= 4704410))
	  ->  Bitmap Index Scan on k_8  (cost=0.00..5.55 rows=112 width=0)
	        Index Cond: ((k >= 4704310) AND (k <= 4704410))

explain: for range-notcovered :: explain SELECT k, c FROM sbtest%d WHERE k BETWEEN 4704310 AND 4704410
for range-notcovered
table 1 : explain SELECT k, c FROM sbtest1 WHERE k BETWEEN 7219713 AND 7219813
	Bitmap Heap Scan on sbtest1  (cost=5.41..381.49 rows=95 width=125)
	  Recheck Cond: ((k >= 7219713) AND (k <= 7219813))
	  ->  Bitmap Index Scan on k_1  (cost=0.00..5.38 rows=95 width=0)
	        Index Cond: ((k >= 7219713) AND (k <= 7219813))

table 2 : explain SELECT k, c FROM sbtest2 WHERE k BETWEEN 7219713 AND 7219813
	Bitmap Heap Scan on sbtest2  (cost=5.48..409.07 rows=102 width=125)
	  Recheck Cond: ((k >= 7219713) AND (k <= 7219813))
	  ->  Bitmap Index Scan on k_2  (cost=0.00..5.45 rows=102 width=0)
	        Index Cond: ((k >= 7219713) AND (k <= 7219813))

table 3 : explain SELECT k, c FROM sbtest3 WHERE k BETWEEN 7219713 AND 7219813
	Bitmap Heap Scan on sbtest3  (cost=5.45..397.25 rows=99 width=125)
	  Recheck Cond: ((k >= 7219713) AND (k <= 7219813))
	  ->  Bitmap Index Scan on k_3  (cost=0.00..5.42 rows=99 width=0)
	        Index Cond: ((k >= 7219713) AND (k <= 7219813))

table 4 : explain SELECT k, c FROM sbtest4 WHERE k BETWEEN 7219713 AND 7219813
	Bitmap Heap Scan on sbtest4  (cost=5.47..405.13 rows=101 width=125)
	  Recheck Cond: ((k >= 7219713) AND (k <= 7219813))
	  ->  Bitmap Index Scan on k_4  (cost=0.00..5.44 rows=101 width=0)
	        Index Cond: ((k >= 7219713) AND (k <= 7219813))

table 5 : explain SELECT k, c FROM sbtest5 WHERE k BETWEEN 7219713 AND 7219813
	Bitmap Heap Scan on sbtest5  (cost=5.40..377.55 rows=94 width=125)
	  Recheck Cond: ((k >= 7219713) AND (k <= 7219813))
	  ->  Bitmap Index Scan on k_5  (cost=0.00..5.38 rows=94 width=0)
	        Index Cond: ((k >= 7219713) AND (k <= 7219813))

table 6 : explain SELECT k, c FROM sbtest6 WHERE k BETWEEN 7219713 AND 7219813
	Bitmap Heap Scan on sbtest6  (cost=5.55..436.62 rows=109 width=125)
	  Recheck Cond: ((k >= 7219713) AND (k <= 7219813))
	  ->  Bitmap Index Scan on k_6  (cost=0.00..5.52 rows=109 width=0)
	        Index Cond: ((k >= 7219713) AND (k <= 7219813))

table 7 : explain SELECT k, c FROM sbtest7 WHERE k BETWEEN 7219713 AND 7219813
	Bitmap Heap Scan on sbtest7  (cost=5.46..401.19 rows=100 width=125)
	  Recheck Cond: ((k >= 7219713) AND (k <= 7219813))
	  ->  Bitmap Index Scan on k_7  (cost=0.00..5.43 rows=100 width=0)
	        Index Cond: ((k >= 7219713) AND (k <= 7219813))

table 8 : explain SELECT k, c FROM sbtest8 WHERE k BETWEEN 7219713 AND 7219813
	Bitmap Heap Scan on sbtest8  (cost=5.48..409.07 rows=102 width=125)
	  Recheck Cond: ((k >= 7219713) AND (k <= 7219813))
	  ->  Bitmap Index Scan on k_8  (cost=0.00..5.45 rows=102 width=0)
	        Index Cond: ((k >= 7219713) AND (k <= 7219813))

for range-notcovered
table 1 : explain SELECT k, c FROM sbtest1 WHERE k BETWEEN 3876485 AND 3876585
	Bitmap Heap Scan on sbtest1  (cost=5.45..397.25 rows=99 width=125)
	  Recheck Cond: ((k >= 3876485) AND (k <= 3876585))
	  ->  Bitmap Index Scan on k_1  (cost=0.00..5.42 rows=99 width=0)
	        Index Cond: ((k >= 3876485) AND (k <= 3876585))

table 2 : explain SELECT k, c FROM sbtest2 WHERE k BETWEEN 3876485 AND 3876585
	Bitmap Heap Scan on sbtest2  (cost=5.41..381.49 rows=95 width=125)
	  Recheck Cond: ((k >= 3876485) AND (k <= 3876585))
	  ->  Bitmap Index Scan on k_2  (cost=0.00..5.38 rows=95 width=0)
	        Index Cond: ((k >= 3876485) AND (k <= 3876585))

table 3 : explain SELECT k, c FROM sbtest3 WHERE k BETWEEN 3876485 AND 3876585
	Bitmap Heap Scan on sbtest3  (cost=5.47..405.13 rows=101 width=125)
	  Recheck Cond: ((k >= 3876485) AND (k <= 3876585))
	  ->  Bitmap Index Scan on k_3  (cost=0.00..5.44 rows=101 width=0)
	        Index Cond: ((k >= 3876485) AND (k <= 3876585))

table 4 : explain SELECT k, c FROM sbtest4 WHERE k BETWEEN 3876485 AND 3876585
	Bitmap Heap Scan on sbtest4  (cost=5.38..369.67 rows=92 width=125)
	  Recheck Cond: ((k >= 3876485) AND (k <= 3876585))
	  ->  Bitmap Index Scan on k_4  (cost=0.00..5.35 rows=92 width=0)
	        Index Cond: ((k >= 3876485) AND (k <= 3876585))

table 5 : explain SELECT k, c FROM sbtest5 WHERE k BETWEEN 3876485 AND 3876585
	Bitmap Heap Scan on sbtest5  (cost=5.40..377.55 rows=94 width=125)
	  Recheck Cond: ((k >= 3876485) AND (k <= 3876585))
	  ->  Bitmap Index Scan on k_5  (cost=0.00..5.38 rows=94 width=0)
	        Index Cond: ((k >= 3876485) AND (k <= 3876585))

table 6 : explain SELECT k, c FROM sbtest6 WHERE k BETWEEN 3876485 AND 3876585
	Bitmap Heap Scan on sbtest6  (cost=5.48..409.07 rows=102 width=125)
	  Recheck Cond: ((k >= 3876485) AND (k <= 3876585))
	  ->  Bitmap Index Scan on k_6  (cost=0.00..5.45 rows=102 width=0)
	        Index Cond: ((k >= 3876485) AND (k <= 3876585))

table 7 : explain SELECT k, c FROM sbtest7 WHERE k BETWEEN 3876485 AND 3876585
	Bitmap Heap Scan on sbtest7  (cost=5.55..436.62 rows=109 width=125)
	  Recheck Cond: ((k >= 3876485) AND (k <= 3876585))
	  ->  Bitmap Index Scan on k_7  (cost=0.00..5.52 rows=109 width=0)
	        Index Cond: ((k >= 3876485) AND (k <= 3876585))

table 8 : explain SELECT k, c FROM sbtest8 WHERE k BETWEEN 3876485 AND 3876585
	Bitmap Heap Scan on sbtest8  (cost=5.50..416.94 rows=104 width=125)
	  Recheck Cond: ((k >= 3876485) AND (k <= 3876585))
	  ->  Bitmap Index Scan on k_8  (cost=0.00..5.47 rows=104 width=0)
	        Index Cond: ((k >= 3876485) AND (k <= 3876585))

for range-notcovered
table 1 : explain SELECT k, c FROM sbtest1 WHERE k BETWEEN 6098075 AND 6098175
	Bitmap Heap Scan on sbtest1  (cost=5.40..377.55 rows=94 width=125)
	  Recheck Cond: ((k >= 6098075) AND (k <= 6098175))
	  ->  Bitmap Index Scan on k_1  (cost=0.00..5.38 rows=94 width=0)
	        Index Cond: ((k >= 6098075) AND (k <= 6098175))

table 2 : explain SELECT k, c FROM sbtest2 WHERE k BETWEEN 6098075 AND 6098175
	Bitmap Heap Scan on sbtest2  (cost=5.47..405.13 rows=101 width=125)
	  Recheck Cond: ((k >= 6098075) AND (k <= 6098175))
	  ->  Bitmap Index Scan on k_2  (cost=0.00..5.44 rows=101 width=0)
	        Index Cond: ((k >= 6098075) AND (k <= 6098175))

table 3 : explain SELECT k, c FROM sbtest3 WHERE k BETWEEN 6098075 AND 6098175
	Bitmap Heap Scan on sbtest3  (cost=5.49..413.00 rows=103 width=125)
	  Recheck Cond: ((k >= 6098075) AND (k <= 6098175))
	  ->  Bitmap Index Scan on k_3  (cost=0.00..5.46 rows=103 width=0)
	        Index Cond: ((k >= 6098075) AND (k <= 6098175))

table 4 : explain SELECT k, c FROM sbtest4 WHERE k BETWEEN 6098075 AND 6098175
	Bitmap Heap Scan on sbtest4  (cost=5.56..440.56 rows=110 width=125)
	  Recheck Cond: ((k >= 6098075) AND (k <= 6098175))
	  ->  Bitmap Index Scan on k_4  (cost=0.00..5.53 rows=110 width=0)
	        Index Cond: ((k >= 6098075) AND (k <= 6098175))

table 5 : explain SELECT k, c FROM sbtest5 WHERE k BETWEEN 6098075 AND 6098175
	Bitmap Heap Scan on sbtest5  (cost=5.43..389.37 rows=97 width=125)
	  Recheck Cond: ((k >= 6098075) AND (k <= 6098175))
	  ->  Bitmap Index Scan on k_5  (cost=0.00..5.40 rows=97 width=0)
	        Index Cond: ((k >= 6098075) AND (k <= 6098175))

table 6 : explain SELECT k, c FROM sbtest6 WHERE k BETWEEN 6098075 AND 6098175
	Bitmap Heap Scan on sbtest6  (cost=5.41..381.49 rows=95 width=125)
	  Recheck Cond: ((k >= 6098075) AND (k <= 6098175))
	  ->  Bitmap Index Scan on k_6  (cost=0.00..5.38 rows=95 width=0)
	        Index Cond: ((k >= 6098075) AND (k <= 6098175))

table 7 : explain SELECT k, c FROM sbtest7 WHERE k BETWEEN 6098075 AND 6098175
	Bitmap Heap Scan on sbtest7  (cost=5.51..420.88 rows=105 width=125)
	  Recheck Cond: ((k >= 6098075) AND (k <= 6098175))
	  ->  Bitmap Index Scan on k_7  (cost=0.00..5.48 rows=105 width=0)
	        Index Cond: ((k >= 6098075) AND (k <= 6098175))

table 8 : explain SELECT k, c FROM sbtest8 WHERE k BETWEEN 6098075 AND 6098175
	Bitmap Heap Scan on sbtest8  (cost=5.50..416.94 rows=104 width=125)
	  Recheck Cond: ((k >= 6098075) AND (k <= 6098175))
	  ->  Bitmap Index Scan on k_8  (cost=0.00..5.47 rows=104 width=0)
	        Index Cond: ((k >= 6098075) AND (k <= 6098175))

explain: for range-notcovered :: explain SELECT k, c FROM sbtest%d WHERE k BETWEEN 3876485 AND 3876585
explain: for range-notcovered :: explain SELECT k, c FROM sbtest%d WHERE k BETWEEN 6098075 AND 6098175
for range-notcovered
table 1 : explain SELECT k, c FROM sbtest1 WHERE k BETWEEN 8384356 AND 8384456
	Bitmap Heap Scan on sbtest1  (cost=5.50..416.94 rows=104 width=125)
	  Recheck Cond: ((k >= 8384356) AND (k <= 8384456))
	  ->  Bitmap Index Scan on k_1  (cost=0.00..5.47 rows=104 width=0)
	        Index Cond: ((k >= 8384356) AND (k <= 8384456))

table 2 : explain SELECT k, c FROM sbtest2 WHERE k BETWEEN 8384356 AND 8384456
	Bitmap Heap Scan on sbtest2  (cost=5.48..409.07 rows=102 width=125)
	  Recheck Cond: ((k >= 8384356) AND (k <= 8384456))
	  ->  Bitmap Index Scan on k_2  (cost=0.00..5.45 rows=102 width=0)
	        Index Cond: ((k >= 8384356) AND (k <= 8384456))

table 3 : explain SELECT k, c FROM sbtest3 WHERE k BETWEEN 8384356 AND 8384456
	Bitmap Heap Scan on sbtest3  (cost=5.56..440.56 rows=110 width=125)
	  Recheck Cond: ((k >= 8384356) AND (k <= 8384456))
	  ->  Bitmap Index Scan on k_3  (cost=0.00..5.53 rows=110 width=0)
	        Index Cond: ((k >= 8384356) AND (k <= 8384456))

table 4 : explain SELECT k, c FROM sbtest4 WHERE k BETWEEN 8384356 AND 8384456
	Bitmap Heap Scan on sbtest4  (cost=5.53..428.75 rows=107 width=125)
	  Recheck Cond: ((k >= 8384356) AND (k <= 8384456))
	  ->  Bitmap Index Scan on k_4  (cost=0.00..5.50 rows=107 width=0)
	        Index Cond: ((k >= 8384356) AND (k <= 8384456))

table 5 : explain SELECT k, c FROM sbtest5 WHERE k BETWEEN 8384356 AND 8384456
	Bitmap Heap Scan on sbtest5  (cost=5.46..401.19 rows=100 width=125)
	  Recheck Cond: ((k >= 8384356) AND (k <= 8384456))
	  ->  Bitmap Index Scan on k_5  (cost=0.00..5.43 rows=100 width=0)
	        Index Cond: ((k >= 8384356) AND (k <= 8384456))

table 6 : explain SELECT k, c FROM sbtest6 WHERE k BETWEEN 8384356 AND 8384456
	Bitmap Heap Scan on sbtest6  (cost=5.50..416.94 rows=104 width=125)
	  Recheck Cond: ((k >= 8384356) AND (k <= 8384456))
	  ->  Bitmap Index Scan on k_6  (cost=0.00..5.47 rows=104 width=0)
	        Index Cond: ((k >= 8384356) AND (k <= 8384456))

table 7 : explain SELECT k, c FROM sbtest7 WHERE k BETWEEN 8384356 AND 8384456
	Bitmap Heap Scan on sbtest7  (cost=5.51..420.88 rows=105 width=125)
	  Recheck Cond: ((k >= 8384356) AND (k <= 8384456))
	  ->  Bitmap Index Scan on k_7  (cost=0.00..5.48 rows=105 width=0)
	        Index Cond: ((k >= 8384356) AND (k <= 8384456))

table 8 : explain SELECT k, c FROM sbtest8 WHERE k BETWEEN 8384356 AND 8384456
	Bitmap Heap Scan on sbtest8  (cost=5.42..385.43 rows=96 width=125)
	  Recheck Cond: ((k >= 8384356) AND (k <= 8384456))
	  ->  Bitmap Index Scan on k_8  (cost=0.00..5.39 rows=96 width=0)
	        Index Cond: ((k >= 8384356) AND (k <= 8384456))

for range-notcovered
table 1 : explain SELECT k, c FROM sbtest1 WHERE k BETWEEN 6716982 AND 6717082
	Bitmap Heap Scan on sbtest1  (cost=5.52..424.81 rows=106 width=125)
	  Recheck Cond: ((k >= 6716982) AND (k <= 6717082))
	  ->  Bitmap Index Scan on k_1  (cost=0.00..5.50 rows=106 width=0)
	        Index Cond: ((k >= 6716982) AND (k <= 6717082))

table 2 : explain SELECT k, c FROM sbtest2 WHERE k BETWEEN 6716982 AND 6717082
	Bitmap Heap Scan on sbtest2  (cost=5.45..397.25 rows=99 width=125)
	  Recheck Cond: ((k >= 6716982) AND (k <= 6717082))
	  ->  Bitmap Index Scan on k_2  (cost=0.00..5.42 rows=99 width=0)
	        Index Cond: ((k >= 6716982) AND (k <= 6717082))

table 3 : explain SELECT k, c FROM sbtest3 WHERE k BETWEEN 6716982 AND 6717082
	Bitmap Heap Scan on sbtest3  (cost=5.51..420.88 rows=105 width=125)
	  Recheck Cond: ((k >= 6716982) AND (k <= 6717082))
	  ->  Bitmap Index Scan on k_3  (cost=0.00..5.48 rows=105 width=0)
	        Index Cond: ((k >= 6716982) AND (k <= 6717082))

table 4 : explain SELECT k, c FROM sbtest4 WHERE k BETWEEN 6716982 AND 6717082
	Bitmap Heap Scan on sbtest4  (cost=5.47..405.13 rows=101 width=125)
	  Recheck Cond: ((k >= 6716982) AND (k <= 6717082))
	  ->  Bitmap Index Scan on k_4  (cost=0.00..5.44 rows=101 width=0)
	        Index Cond: ((k >= 6716982) AND (k <= 6717082))

table 5 : explain SELECT k, c FROM sbtest5 WHERE k BETWEEN 6716982 AND 6717082
	Bitmap Heap Scan on sbtest5  (cost=5.51..420.88 rows=105 width=125)
	  Recheck Cond: ((k >= 6716982) AND (k <= 6717082))
	  ->  Bitmap Index Scan on k_5  (cost=0.00..5.48 rows=105 width=0)
	        Index Cond: ((k >= 6716982) AND (k <= 6717082))

table 6 : explain SELECT k, c FROM sbtest6 WHERE k BETWEEN 6716982 AND 6717082
	Bitmap Heap Scan on sbtest6  (cost=5.44..393.31 rows=98 width=125)
	  Recheck Cond: ((k >= 6716982) AND (k <= 6717082))
	  ->  Bitmap Index Scan on k_6  (cost=0.00..5.42 rows=98 width=0)
	        Index Cond: ((k >= 6716982) AND (k <= 6717082))

table 7 : explain SELECT k, c FROM sbtest7 WHERE k BETWEEN 6716982 AND 6717082
	Bitmap Heap Scan on sbtest7  (cost=5.39..373.61 rows=93 width=125)
	  Recheck Cond: ((k >= 6716982) AND (k <= 6717082))
	  ->  Bitmap Index Scan on k_7  (cost=0.00..5.36 rows=93 width=0)
	        Index Cond: ((k >= 6716982) AND (k <= 6717082))

table 8 : explain SELECT k, c FROM sbtest8 WHERE k BETWEEN 6716982 AND 6717082
	Bitmap Heap Scan on sbtest8  (cost=5.50..416.94 rows=104 width=125)
	  Recheck Cond: ((k >= 6716982) AND (k <= 6717082))
	  ->  Bitmap Index Scan on k_8  (cost=0.00..5.47 rows=104 width=0)
	        Index Cond: ((k >= 6716982) AND (k <= 6717082))

for range-notcovered
table 1 : explain SELECT k, c FROM sbtest1 WHERE k BETWEEN 4910083 AND 4910183
	Bitmap Heap Scan on sbtest1  (cost=5.53..428.75 rows=107 width=125)
	  Recheck Cond: ((k >= 4910083) AND (k <= 4910183))
	  ->  Bitmap Index Scan on k_1  (cost=0.00..5.50 rows=107 width=0)
	        Index Cond: ((k >= 4910083) AND (k <= 4910183))

table 2 : explain SELECT k, c FROM sbtest2 WHERE k BETWEEN 4910083 AND 4910183
	Bitmap Heap Scan on sbtest2  (cost=5.51..420.88 rows=105 width=125)
	  Recheck Cond: ((k >= 4910083) AND (k <= 4910183))
	  ->  Bitmap Index Scan on k_2  (cost=0.00..5.48 rows=105 width=0)
	        Index Cond: ((k >= 4910083) AND (k <= 4910183))

table 3 : explain SELECT k, c FROM sbtest3 WHERE k BETWEEN 4910083 AND 4910183
	Bitmap Heap Scan on sbtest3  (cost=5.47..405.13 rows=101 width=125)
	  Recheck Cond: ((k >= 4910083) AND (k <= 4910183))
	  ->  Bitmap Index Scan on k_3  (cost=0.00..5.44 rows=101 width=0)
	        Index Cond: ((k >= 4910083) AND (k <= 4910183))

table 4 : explain SELECT k, c FROM sbtest4 WHERE k BETWEEN 4910083 AND 4910183
	Bitmap Heap Scan on sbtest4  (cost=5.52..424.81 rows=106 width=125)
	  Recheck Cond: ((k >= 4910083) AND (k <= 4910183))
	  ->  Bitmap Index Scan on k_4  (cost=0.00..5.50 rows=106 width=0)
	        Index Cond: ((k >= 4910083) AND (k <= 4910183))

table 5 : explain SELECT k, c FROM sbtest5 WHERE k BETWEEN 4910083 AND 4910183
	Bitmap Heap Scan on sbtest5  (cost=5.47..405.13 rows=101 width=125)
	  Recheck Cond: ((k >= 4910083) AND (k <= 4910183))
	  ->  Bitmap Index Scan on k_5  (cost=0.00..5.44 rows=101 width=0)
	        Index Cond: ((k >= 4910083) AND (k <= 4910183))

table 6 : explain SELECT k, c FROM sbtest6 WHERE k BETWEEN 4910083 AND 4910183
	Bitmap Heap Scan on sbtest6  (cost=5.41..381.49 rows=95 width=125)
	  Recheck Cond: ((k >= 4910083) AND (k <= 4910183))
	  ->  Bitmap Index Scan on k_6  (cost=0.00..5.38 rows=95 width=0)
	        Index Cond: ((k >= 4910083) AND (k <= 4910183))

table 7 : explain SELECT k, c FROM sbtest7 WHERE k BETWEEN 4910083 AND 4910183
	Bitmap Heap Scan on sbtest7  (cost=5.44..393.31 rows=98 width=125)
	  Recheck Cond: ((k >= 4910083) AND (k <= 4910183))
	  ->  Bitmap Index Scan on k_7  (cost=0.00..5.42 rows=98 width=0)
	        Index Cond: ((k >= 4910083) AND (k <= 4910183))

table 8 : explain SELECT k, c FROM sbtest8 WHERE k BETWEEN 4910083 AND 4910183
	Bitmap Heap Scan on sbtest8  (cost=5.48..409.07 rows=102 width=125)
	  Recheck Cond: ((k >= 4910083) AND (k <= 4910183))
	  ->  Bitmap Index Scan on k_8  (cost=0.00..5.45 rows=102 width=0)
	        Index Cond: ((k >= 4910083) AND (k <= 4910183))

explain: for range-notcovered :: explain SELECT k, c FROM sbtest%d WHERE k BETWEEN 6716982 AND 6717082
explain: for range-notcovered :: explain SELECT k, c FROM sbtest%d WHERE k BETWEEN 4910083 AND 4910183
for range-notcovered
table 1 : explain SELECT k, c FROM sbtest1 WHERE k BETWEEN 2708735 AND 2708835
	Bitmap Heap Scan on sbtest1  (cost=5.47..405.13 rows=101 width=125)
	  Recheck Cond: ((k >= 2708735) AND (k <= 2708835))
	  ->  Bitmap Index Scan on k_1  (cost=0.00..5.44 rows=101 width=0)
	        Index Cond: ((k >= 2708735) AND (k <= 2708835))

table 2 : explain SELECT k, c FROM sbtest2 WHERE k BETWEEN 2708735 AND 2708835
	Bitmap Heap Scan on sbtest2  (cost=5.41..381.49 rows=95 width=125)
	  Recheck Cond: ((k >= 2708735) AND (k <= 2708835))
	  ->  Bitmap Index Scan on k_2  (cost=0.00..5.38 rows=95 width=0)
	        Index Cond: ((k >= 2708735) AND (k <= 2708835))

table 3 : explain SELECT k, c FROM sbtest3 WHERE k BETWEEN 2708735 AND 2708835
	Bitmap Heap Scan on sbtest3  (cost=5.47..405.13 rows=101 width=125)
	  Recheck Cond: ((k >= 2708735) AND (k <= 2708835))
	  ->  Bitmap Index Scan on k_3  (cost=0.00..5.44 rows=101 width=0)
	        Index Cond: ((k >= 2708735) AND (k <= 2708835))

table 4 : explain SELECT k, c FROM sbtest4 WHERE k BETWEEN 2708735 AND 2708835
	Bitmap Heap Scan on sbtest4  (cost=5.41..381.49 rows=95 width=125)
	  Recheck Cond: ((k >= 2708735) AND (k <= 2708835))
	  ->  Bitmap Index Scan on k_4  (cost=0.00..5.38 rows=95 width=0)
	        Index Cond: ((k >= 2708735) AND (k <= 2708835))

table 5 : explain SELECT k, c FROM sbtest5 WHERE k BETWEEN 2708735 AND 2708835
	Bitmap Heap Scan on sbtest5  (cost=5.46..401.19 rows=100 width=125)
	  Recheck Cond: ((k >= 2708735) AND (k <= 2708835))
	  ->  Bitmap Index Scan on k_5  (cost=0.00..5.43 rows=100 width=0)
	        Index Cond: ((k >= 2708735) AND (k <= 2708835))

table 6 : explain SELECT k, c FROM sbtest6 WHERE k BETWEEN 2708735 AND 2708835
	Bitmap Heap Scan on sbtest6  (cost=5.47..405.13 rows=101 width=125)
	  Recheck Cond: ((k >= 2708735) AND (k <= 2708835))
	  ->  Bitmap Index Scan on k_6  (cost=0.00..5.44 rows=101 width=0)
	        Index Cond: ((k >= 2708735) AND (k <= 2708835))

table 7 : explain SELECT k, c FROM sbtest7 WHERE k BETWEEN 2708735 AND 2708835
	Bitmap Heap Scan on sbtest7  (cost=5.42..385.43 rows=96 width=125)
	  Recheck Cond: ((k >= 2708735) AND (k <= 2708835))
	  ->  Bitmap Index Scan on k_7  (cost=0.00..5.39 rows=96 width=0)
	        Index Cond: ((k >= 2708735) AND (k <= 2708835))

table 8 : explain SELECT k, c FROM sbtest8 WHERE k BETWEEN 2708735 AND 2708835
	Bitmap Heap Scan on sbtest8  (cost=5.47..405.13 rows=101 width=125)
	  Recheck Cond: ((k >= 2708735) AND (k <= 2708835))
	  ->  Bitmap Index Scan on k_8  (cost=0.00..5.44 rows=101 width=0)
	        Index Cond: ((k >= 2708735) AND (k <= 2708835))

explain: for range-notcovered :: explain SELECT k, c FROM sbtest%d WHERE k BETWEEN 2708735 AND 2708835
for range-notcovered
table 1 : explain SELECT k, c FROM sbtest1 WHERE k BETWEEN 4325893 AND 4325993
	Bitmap Heap Scan on sbtest1  (cost=5.57..444.49 rows=111 width=125)
	  Recheck Cond: ((k >= 4325893) AND (k <= 4325993))
	  ->  Bitmap Index Scan on k_1  (cost=0.00..5.54 rows=111 width=0)
	        Index Cond: ((k >= 4325893) AND (k <= 4325993))

table 2 : explain SELECT k, c FROM sbtest2 WHERE k BETWEEN 4325893 AND 4325993
	Bitmap Heap Scan on sbtest2  (cost=5.42..385.43 rows=96 width=125)
	  Recheck Cond: ((k >= 4325893) AND (k <= 4325993))
	  ->  Bitmap Index Scan on k_2  (cost=0.00..5.39 rows=96 width=0)
	        Index Cond: ((k >= 4325893) AND (k <= 4325993))

table 3 : explain SELECT k, c FROM sbtest3 WHERE k BETWEEN 4325893 AND 4325993
	Bitmap Heap Scan on sbtest3  (cost=5.59..452.36 rows=113 width=125)
	  Recheck Cond: ((k >= 4325893) AND (k <= 4325993))
	  ->  Bitmap Index Scan on k_3  (cost=0.00..5.56 rows=113 width=0)
	        Index Cond: ((k >= 4325893) AND (k <= 4325993))

table 4 : explain SELECT k, c FROM sbtest4 WHERE k BETWEEN 4325893 AND 4325993
	Bitmap Heap Scan on sbtest4  (cost=5.46..401.19 rows=100 width=125)
	  Recheck Cond: ((k >= 4325893) AND (k <= 4325993))
	  ->  Bitmap Index Scan on k_4  (cost=0.00..5.43 rows=100 width=0)
	        Index Cond: ((k >= 4325893) AND (k <= 4325993))

table 5 : explain SELECT k, c FROM sbtest5 WHERE k BETWEEN 4325893 AND 4325993
	Bitmap Heap Scan on sbtest5  (cost=5.39..373.61 rows=93 width=125)
	  Recheck Cond: ((k >= 4325893) AND (k <= 4325993))
	  ->  Bitmap Index Scan on k_5  (cost=0.00..5.36 rows=93 width=0)
	        Index Cond: ((k >= 4325893) AND (k <= 4325993))

table 6 : explain SELECT k, c FROM sbtest6 WHERE k BETWEEN 4325893 AND 4325993
	Bitmap Heap Scan on sbtest6  (cost=5.51..420.88 rows=105 width=125)
	  Recheck Cond: ((k >= 4325893) AND (k <= 4325993))
	  ->  Bitmap Index Scan on k_6  (cost=0.00..5.48 rows=105 width=0)
	        Index Cond: ((k >= 4325893) AND (k <= 4325993))

table 7 : explain SELECT k, c FROM sbtest7 WHERE k BETWEEN 4325893 AND 4325993
	Bitmap Heap Scan on sbtest7  (cost=5.43..389.37 rows=97 width=125)
	  Recheck Cond: ((k >= 4325893) AND (k <= 4325993))
	  ->  Bitmap Index Scan on k_7  (cost=0.00..5.40 rows=97 width=0)
	        Index Cond: ((k >= 4325893) AND (k <= 4325993))

table 8 : explain SELECT k, c FROM sbtest8 WHERE k BETWEEN 4325893 AND 4325993
	Bitmap Heap Scan on sbtest8  (cost=5.60..456.29 rows=114 width=125)
	  Recheck Cond: ((k >= 4325893) AND (k <= 4325993))
	  ->  Bitmap Index Scan on k_8  (cost=0.00..5.58 rows=114 width=0)
	        Index Cond: ((k >= 4325893) AND (k <= 4325993))

for range-notcovered
table 1 : explain SELECT k, c FROM sbtest1 WHERE k BETWEEN 3876485 AND 3876585
	Bitmap Heap Scan on sbtest1  (cost=5.45..397.25 rows=99 width=125)
	  Recheck Cond: ((k >= 3876485) AND (k <= 3876585))
	  ->  Bitmap Index Scan on k_1  (cost=0.00..5.42 rows=99 width=0)
	        Index Cond: ((k >= 3876485) AND (k <= 3876585))

table 2 : explain SELECT k, c FROM sbtest2 WHERE k BETWEEN 3876485 AND 3876585
	Bitmap Heap Scan on sbtest2  (cost=5.41..381.49 rows=95 width=125)
	  Recheck Cond: ((k >= 3876485) AND (k <= 3876585))
	  ->  Bitmap Index Scan on k_2  (cost=0.00..5.38 rows=95 width=0)
	        Index Cond: ((k >= 3876485) AND (k <= 3876585))

table 3 : explain SELECT k, c FROM sbtest3 WHERE k BETWEEN 3876485 AND 3876585
	Bitmap Heap Scan on sbtest3  (cost=5.47..405.13 rows=101 width=125)
	  Recheck Cond: ((k >= 3876485) AND (k <= 3876585))
	  ->  Bitmap Index Scan on k_3  (cost=0.00..5.44 rows=101 width=0)
	        Index Cond: ((k >= 3876485) AND (k <= 3876585))

table 4 : explain SELECT k, c FROM sbtest4 WHERE k BETWEEN 3876485 AND 3876585
	Bitmap Heap Scan on sbtest4  (cost=5.38..369.67 rows=92 width=125)
	  Recheck Cond: ((k >= 3876485) AND (k <= 3876585))
	  ->  Bitmap Index Scan on k_4  (cost=0.00..5.35 rows=92 width=0)
	        Index Cond: ((k >= 3876485) AND (k <= 3876585))

table 5 : explain SELECT k, c FROM sbtest5 WHERE k BETWEEN 3876485 AND 3876585
	Bitmap Heap Scan on sbtest5  (cost=5.40..377.55 rows=94 width=125)
	  Recheck Cond: ((k >= 3876485) AND (k <= 3876585))
	  ->  Bitmap Index Scan on k_5  (cost=0.00..5.38 rows=94 width=0)
	        Index Cond: ((k >= 3876485) AND (k <= 3876585))

table 6 : explain SELECT k, c FROM sbtest6 WHERE k BETWEEN 3876485 AND 3876585
	Bitmap Heap Scan on sbtest6  (cost=5.48..409.07 rows=102 width=125)
	  Recheck Cond: ((k >= 3876485) AND (k <= 3876585))
	  ->  Bitmap Index Scan on k_6  (cost=0.00..5.45 rows=102 width=0)
	        Index Cond: ((k >= 3876485) AND (k <= 3876585))

table 7 : explain SELECT k, c FROM sbtest7 WHERE k BETWEEN 3876485 AND 3876585
	Bitmap Heap Scan on sbtest7  (cost=5.55..436.62 rows=109 width=125)
	  Recheck Cond: ((k >= 3876485) AND (k <= 3876585))
	  ->  Bitmap Index Scan on k_7  (cost=0.00..5.52 rows=109 width=0)
	        Index Cond: ((k >= 3876485) AND (k <= 3876585))

table 8 : explain SELECT k, c FROM sbtest8 WHERE k BETWEEN 3876485 AND 3876585
	Bitmap Heap Scan on sbtest8  (cost=5.50..416.94 rows=104 width=125)
	  Recheck Cond: ((k >= 3876485) AND (k <= 3876585))
	  ->  Bitmap Index Scan on k_8  (cost=0.00..5.47 rows=104 width=0)
	        Index Cond: ((k >= 3876485) AND (k <= 3876585))

for range-notcovered
table 1 : explain SELECT k, c FROM sbtest1 WHERE k BETWEEN 6098075 AND 6098175
	Bitmap Heap Scan on sbtest1  (cost=5.40..377.55 rows=94 width=125)
	  Recheck Cond: ((k >= 6098075) AND (k <= 6098175))
	  ->  Bitmap Index Scan on k_1  (cost=0.00..5.38 rows=94 width=0)
	        Index Cond: ((k >= 6098075) AND (k <= 6098175))

table 2 : explain SELECT k, c FROM sbtest2 WHERE k BETWEEN 6098075 AND 6098175
	Bitmap Heap Scan on sbtest2  (cost=5.47..405.13 rows=101 width=125)
	  Recheck Cond: ((k >= 6098075) AND (k <= 6098175))
	  ->  Bitmap Index Scan on k_2  (cost=0.00..5.44 rows=101 width=0)
	        Index Cond: ((k >= 6098075) AND (k <= 6098175))

table 3 : explain SELECT k, c FROM sbtest3 WHERE k BETWEEN 6098075 AND 6098175
	Bitmap Heap Scan on sbtest3  (cost=5.49..413.00 rows=103 width=125)
	  Recheck Cond: ((k >= 6098075) AND (k <= 6098175))
	  ->  Bitmap Index Scan on k_3  (cost=0.00..5.46 rows=103 width=0)
	        Index Cond: ((k >= 6098075) AND (k <= 6098175))

table 4 : explain SELECT k, c FROM sbtest4 WHERE k BETWEEN 6098075 AND 6098175
	Bitmap Heap Scan on sbtest4  (cost=5.56..440.56 rows=110 width=125)
	  Recheck Cond: ((k >= 6098075) AND (k <= 6098175))
	  ->  Bitmap Index Scan on k_4  (cost=0.00..5.53 rows=110 width=0)
	        Index Cond: ((k >= 6098075) AND (k <= 6098175))

table 5 : explain SELECT k, c FROM sbtest5 WHERE k BETWEEN 6098075 AND 6098175
	Bitmap Heap Scan on sbtest5  (cost=5.43..389.37 rows=97 width=125)
	  Recheck Cond: ((k >= 6098075) AND (k <= 6098175))
	  ->  Bitmap Index Scan on k_5  (cost=0.00..5.40 rows=97 width=0)
	        Index Cond: ((k >= 6098075) AND (k <= 6098175))

table 6 : explain SELECT k, c FROM sbtest6 WHERE k BETWEEN 6098075 AND 6098175
	Bitmap Heap Scan on sbtest6  (cost=5.41..381.49 rows=95 width=125)
	  Recheck Cond: ((k >= 6098075) AND (k <= 6098175))
	  ->  Bitmap Index Scan on k_6  (cost=0.00..5.38 rows=95 width=0)
	        Index Cond: ((k >= 6098075) AND (k <= 6098175))

table 7 : explain SELECT k, c FROM sbtest7 WHERE k BETWEEN 6098075 AND 6098175
	Bitmap Heap Scan on sbtest7  (cost=5.51..420.88 rows=105 width=125)
	  Recheck Cond: ((k >= 6098075) AND (k <= 6098175))
	  ->  Bitmap Index Scan on k_7  (cost=0.00..5.48 rows=105 width=0)
	        Index Cond: ((k >= 6098075) AND (k <= 6098175))

table 8 : explain SELECT k, c FROM sbtest8 WHERE k BETWEEN 6098075 AND 6098175
	Bitmap Heap Scan on sbtest8  (cost=5.50..416.94 rows=104 width=125)
	  Recheck Cond: ((k >= 6098075) AND (k <= 6098175))
	  ->  Bitmap Index Scan on k_8  (cost=0.00..5.47 rows=104 width=0)
	        Index Cond: ((k >= 6098075) AND (k <= 6098175))

explain: for range-notcovered :: explain SELECT k, c FROM sbtest%d WHERE k BETWEEN 4325893 AND 4325993
explain: for range-notcovered :: explain SELECT k, c FROM sbtest%d WHERE k BETWEEN 3876485 AND 3876585
explain: for range-notcovered :: explain SELECT k, c FROM sbtest%d WHERE k BETWEEN 6098075 AND 6098175
for range-notcovered
table 1 : explain SELECT k, c FROM sbtest1 WHERE k BETWEEN 6716982 AND 6717082
	Bitmap Heap Scan on sbtest1  (cost=5.52..424.81 rows=106 width=125)
	  Recheck Cond: ((k >= 6716982) AND (k <= 6717082))
	  ->  Bitmap Index Scan on k_1  (cost=0.00..5.50 rows=106 width=0)
	        Index Cond: ((k >= 6716982) AND (k <= 6717082))

table 2 : explain SELECT k, c FROM sbtest2 WHERE k BETWEEN 6716982 AND 6717082
	Bitmap Heap Scan on sbtest2  (cost=5.45..397.25 rows=99 width=125)
	  Recheck Cond: ((k >= 6716982) AND (k <= 6717082))
	  ->  Bitmap Index Scan on k_2  (cost=0.00..5.42 rows=99 width=0)
	        Index Cond: ((k >= 6716982) AND (k <= 6717082))

table 3 : explain SELECT k, c FROM sbtest3 WHERE k BETWEEN 6716982 AND 6717082
	Bitmap Heap Scan on sbtest3  (cost=5.51..420.88 rows=105 width=125)
	  Recheck Cond: ((k >= 6716982) AND (k <= 6717082))
	  ->  Bitmap Index Scan on k_3  (cost=0.00..5.48 rows=105 width=0)
	        Index Cond: ((k >= 6716982) AND (k <= 6717082))

table 4 : explain SELECT k, c FROM sbtest4 WHERE k BETWEEN 6716982 AND 6717082
	Bitmap Heap Scan on sbtest4  (cost=5.47..405.13 rows=101 width=125)
	  Recheck Cond: ((k >= 6716982) AND (k <= 6717082))
	  ->  Bitmap Index Scan on k_4  (cost=0.00..5.44 rows=101 width=0)
	        Index Cond: ((k >= 6716982) AND (k <= 6717082))

table 5 : explain SELECT k, c FROM sbtest5 WHERE k BETWEEN 6716982 AND 6717082
	Bitmap Heap Scan on sbtest5  (cost=5.51..420.88 rows=105 width=125)
	  Recheck Cond: ((k >= 6716982) AND (k <= 6717082))
	  ->  Bitmap Index Scan on k_5  (cost=0.00..5.48 rows=105 width=0)
	        Index Cond: ((k >= 6716982) AND (k <= 6717082))

table 6 : explain SELECT k, c FROM sbtest6 WHERE k BETWEEN 6716982 AND 6717082
	Bitmap Heap Scan on sbtest6  (cost=5.44..393.31 rows=98 width=125)
	  Recheck Cond: ((k >= 6716982) AND (k <= 6717082))
	  ->  Bitmap Index Scan on k_6  (cost=0.00..5.42 rows=98 width=0)
	        Index Cond: ((k >= 6716982) AND (k <= 6717082))

table 7 : explain SELECT k, c FROM sbtest7 WHERE k BETWEEN 6716982 AND 6717082
	Bitmap Heap Scan on sbtest7  (cost=5.39..373.61 rows=93 width=125)
	  Recheck Cond: ((k >= 6716982) AND (k <= 6717082))
	  ->  Bitmap Index Scan on k_7  (cost=0.00..5.36 rows=93 width=0)
	        Index Cond: ((k >= 6716982) AND (k <= 6717082))

table 8 : explain SELECT k, c FROM sbtest8 WHERE k BETWEEN 6716982 AND 6717082
	Bitmap Heap Scan on sbtest8  (cost=5.50..416.94 rows=104 width=125)
	  Recheck Cond: ((k >= 6716982) AND (k <= 6717082))
	  ->  Bitmap Index Scan on k_8  (cost=0.00..5.47 rows=104 width=0)
	        Index Cond: ((k >= 6716982) AND (k <= 6717082))

explain: for range-notcovered :: explain SELECT k, c FROM sbtest%d WHERE k BETWEEN 6716982 AND 6717082
for range-notcovered
table 1 : explain SELECT k, c FROM sbtest1 WHERE k BETWEEN 4704310 AND 4704410
	Bitmap Heap Scan on sbtest1  (cost=5.52..424.81 rows=106 width=125)
	  Recheck Cond: ((k >= 4704310) AND (k <= 4704410))
	  ->  Bitmap Index Scan on k_1  (cost=0.00..5.50 rows=106 width=0)
	        Index Cond: ((k >= 4704310) AND (k <= 4704410))

table 2 : explain SELECT k, c FROM sbtest2 WHERE k BETWEEN 4704310 AND 4704410
	Bitmap Heap Scan on sbtest2  (cost=5.35..357.84 rows=89 width=125)
	  Recheck Cond: ((k >= 4704310) AND (k <= 4704410))
	  ->  Bitmap Index Scan on k_2  (cost=0.00..5.32 rows=89 width=0)
	        Index Cond: ((k >= 4704310) AND (k <= 4704410))

table 3 : explain SELECT k, c FROM sbtest3 WHERE k BETWEEN 4704310 AND 4704410
	Bitmap Heap Scan on sbtest3  (cost=5.47..405.13 rows=101 width=125)
	  Recheck Cond: ((k >= 4704310) AND (k <= 4704410))
	  ->  Bitmap Index Scan on k_3  (cost=0.00..5.44 rows=101 width=0)
	        Index Cond: ((k >= 4704310) AND (k <= 4704410))

table 4 : explain SELECT k, c FROM sbtest4 WHERE k BETWEEN 4704310 AND 4704410
	Bitmap Heap Scan on sbtest4  (cost=5.48..409.07 rows=102 width=125)
	  Recheck Cond: ((k >= 4704310) AND (k <= 4704410))
	  ->  Bitmap Index Scan on k_4  (cost=0.00..5.45 rows=102 width=0)
	        Index Cond: ((k >= 4704310) AND (k <= 4704410))

table 5 : explain SELECT k, c FROM sbtest5 WHERE k BETWEEN 4704310 AND 4704410
	Bitmap Heap Scan on sbtest5  (cost=5.43..389.37 rows=97 width=125)
	  Recheck Cond: ((k >= 4704310) AND (k <= 4704410))
	  ->  Bitmap Index Scan on k_5  (cost=0.00..5.40 rows=97 width=0)
	        Index Cond: ((k >= 4704310) AND (k <= 4704410))

table 6 : explain SELECT k, c FROM sbtest6 WHERE k BETWEEN 4704310 AND 4704410
	Bitmap Heap Scan on sbtest6  (cost=5.48..409.07 rows=102 width=125)
	  Recheck Cond: ((k >= 4704310) AND (k <= 4704410))
	  ->  Bitmap Index Scan on k_6  (cost=0.00..5.45 rows=102 width=0)
	        Index Cond: ((k >= 4704310) AND (k <= 4704410))

table 7 : explain SELECT k, c FROM sbtest7 WHERE k BETWEEN 4704310 AND 4704410
	Bitmap Heap Scan on sbtest7  (cost=5.51..420.88 rows=105 width=125)
	  Recheck Cond: ((k >= 4704310) AND (k <= 4704410))
	  ->  Bitmap Index Scan on k_7  (cost=0.00..5.48 rows=105 width=0)
	        Index Cond: ((k >= 4704310) AND (k <= 4704410))

table 8 : explain SELECT k, c FROM sbtest8 WHERE k BETWEEN 4704310 AND 4704410
	Bitmap Heap Scan on sbtest8  (cost=5.58..448.42 rows=112 width=125)
	  Recheck Cond: ((k >= 4704310) AND (k <= 4704410))
	  ->  Bitmap Index Scan on k_8  (cost=0.00..5.55 rows=112 width=0)
	        Index Cond: ((k >= 4704310) AND (k <= 4704410))

for range-notcovered
table 1 : explain SELECT k, c FROM sbtest1 WHERE k BETWEEN 4910083 AND 4910183
	Bitmap Heap Scan on sbtest1  (cost=5.53..428.75 rows=107 width=125)
	  Recheck Cond: ((k >= 4910083) AND (k <= 4910183))
	  ->  Bitmap Index Scan on k_1  (cost=0.00..5.50 rows=107 width=0)
	        Index Cond: ((k >= 4910083) AND (k <= 4910183))

table 2 : explain SELECT k, c FROM sbtest2 WHERE k BETWEEN 4910083 AND 4910183
	Bitmap Heap Scan on sbtest2  (cost=5.51..420.88 rows=105 width=125)
	  Recheck Cond: ((k >= 4910083) AND (k <= 4910183))
	  ->  Bitmap Index Scan on k_2  (cost=0.00..5.48 rows=105 width=0)
	        Index Cond: ((k >= 4910083) AND (k <= 4910183))

table 3 : explain SELECT k, c FROM sbtest3 WHERE k BETWEEN 4910083 AND 4910183
	Bitmap Heap Scan on sbtest3  (cost=5.47..405.13 rows=101 width=125)
	  Recheck Cond: ((k >= 4910083) AND (k <= 4910183))
	  ->  Bitmap Index Scan on k_3  (cost=0.00..5.44 rows=101 width=0)
	        Index Cond: ((k >= 4910083) AND (k <= 4910183))

table 4 : explain SELECT k, c FROM sbtest4 WHERE k BETWEEN 4910083 AND 4910183
	Bitmap Heap Scan on sbtest4  (cost=5.52..424.81 rows=106 width=125)
	  Recheck Cond: ((k >= 4910083) AND (k <= 4910183))
	  ->  Bitmap Index Scan on k_4  (cost=0.00..5.50 rows=106 width=0)
	        Index Cond: ((k >= 4910083) AND (k <= 4910183))

table 5 : explain SELECT k, c FROM sbtest5 WHERE k BETWEEN 4910083 AND 4910183
	Bitmap Heap Scan on sbtest5  (cost=5.47..405.13 rows=101 width=125)
	  Recheck Cond: ((k >= 4910083) AND (k <= 4910183))
	  ->  Bitmap Index Scan on k_5  (cost=0.00..5.44 rows=101 width=0)
	        Index Cond: ((k >= 4910083) AND (k <= 4910183))

table 6 : explain SELECT k, c FROM sbtest6 WHERE k BETWEEN 4910083 AND 4910183
	Bitmap Heap Scan on sbtest6  (cost=5.41..381.49 rows=95 width=125)
	  Recheck Cond: ((k >= 4910083) AND (k <= 4910183))
	  ->  Bitmap Index Scan on k_6  (cost=0.00..5.38 rows=95 width=0)
	        Index Cond: ((k >= 4910083) AND (k <= 4910183))

table 7 : explain SELECT k, c FROM sbtest7 WHERE k BETWEEN 4910083 AND 4910183
	Bitmap Heap Scan on sbtest7  (cost=5.44..393.31 rows=98 width=125)
	  Recheck Cond: ((k >= 4910083) AND (k <= 4910183))
	  ->  Bitmap Index Scan on k_7  (cost=0.00..5.42 rows=98 width=0)
	        Index Cond: ((k >= 4910083) AND (k <= 4910183))

table 8 : explain SELECT k, c FROM sbtest8 WHERE k BETWEEN 4910083 AND 4910183
	Bitmap Heap Scan on sbtest8  (cost=5.48..409.07 rows=102 width=125)
	  Recheck Cond: ((k >= 4910083) AND (k <= 4910183))
	  ->  Bitmap Index Scan on k_8  (cost=0.00..5.45 rows=102 width=0)
	        Index Cond: ((k >= 4910083) AND (k <= 4910183))

for range-notcovered
table 1 : explain SELECT k, c FROM sbtest1 WHERE k BETWEEN 4325893 AND 4325993
	Bitmap Heap Scan on sbtest1  (cost=5.57..444.49 rows=111 width=125)
	  Recheck Cond: ((k >= 4325893) AND (k <= 4325993))
	  ->  Bitmap Index Scan on k_1  (cost=0.00..5.54 rows=111 width=0)
	        Index Cond: ((k >= 4325893) AND (k <= 4325993))

table 2 : explain SELECT k, c FROM sbtest2 WHERE k BETWEEN 4325893 AND 4325993
	Bitmap Heap Scan on sbtest2  (cost=5.42..385.43 rows=96 width=125)
	  Recheck Cond: ((k >= 4325893) AND (k <= 4325993))
	  ->  Bitmap Index Scan on k_2  (cost=0.00..5.39 rows=96 width=0)
	        Index Cond: ((k >= 4325893) AND (k <= 4325993))

table 3 : explain SELECT k, c FROM sbtest3 WHERE k BETWEEN 4325893 AND 4325993
	Bitmap Heap Scan on sbtest3  (cost=5.59..452.36 rows=113 width=125)
	  Recheck Cond: ((k >= 4325893) AND (k <= 4325993))
	  ->  Bitmap Index Scan on k_3  (cost=0.00..5.56 rows=113 width=0)
	        Index Cond: ((k >= 4325893) AND (k <= 4325993))

table 4 : explain SELECT k, c FROM sbtest4 WHERE k BETWEEN 4325893 AND 4325993
	Bitmap Heap Scan on sbtest4  (cost=5.46..401.19 rows=100 width=125)
	  Recheck Cond: ((k >= 4325893) AND (k <= 4325993))
	  ->  Bitmap Index Scan on k_4  (cost=0.00..5.43 rows=100 width=0)
	        Index Cond: ((k >= 4325893) AND (k <= 4325993))

table 5 : explain SELECT k, c FROM sbtest5 WHERE k BETWEEN 4325893 AND 4325993
	Bitmap Heap Scan on sbtest5  (cost=5.39..373.61 rows=93 width=125)
	  Recheck Cond: ((k >= 4325893) AND (k <= 4325993))
	  ->  Bitmap Index Scan on k_5  (cost=0.00..5.36 rows=93 width=0)
	        Index Cond: ((k >= 4325893) AND (k <= 4325993))

table 6 : explain SELECT k, c FROM sbtest6 WHERE k BETWEEN 4325893 AND 4325993
	Bitmap Heap Scan on sbtest6  (cost=5.51..420.88 rows=105 width=125)
	  Recheck Cond: ((k >= 4325893) AND (k <= 4325993))
	  ->  Bitmap Index Scan on k_6  (cost=0.00..5.48 rows=105 width=0)
	        Index Cond: ((k >= 4325893) AND (k <= 4325993))

table 7 : explain SELECT k, c FROM sbtest7 WHERE k BETWEEN 4325893 AND 4325993
	Bitmap Heap Scan on sbtest7  (cost=5.43..389.37 rows=97 width=125)
	  Recheck Cond: ((k >= 4325893) AND (k <= 4325993))
	  ->  Bitmap Index Scan on k_7  (cost=0.00..5.40 rows=97 width=0)
	        Index Cond: ((k >= 4325893) AND (k <= 4325993))

table 8 : explain SELECT k, c FROM sbtest8 WHERE k BETWEEN 4325893 AND 4325993
	Bitmap Heap Scan on sbtest8  (cost=5.60..456.29 rows=114 width=125)
	  Recheck Cond: ((k >= 4325893) AND (k <= 4325993))
	  ->  Bitmap Index Scan on k_8  (cost=0.00..5.58 rows=114 width=0)
	        Index Cond: ((k >= 4325893) AND (k <= 4325993))

explain: for range-notcovered :: explain SELECT k, c FROM sbtest%d WHERE k BETWEEN 4704310 AND 4704410
for range-notcovered
table 1 : explain SELECT k, c FROM sbtest1 WHERE k BETWEEN 6098075 AND 6098175
	Bitmap Heap Scan on sbtest1  (cost=5.40..377.55 rows=94 width=125)
	  Recheck Cond: ((k >= 6098075) AND (k <= 6098175))
	  ->  Bitmap Index Scan on k_1  (cost=0.00..5.38 rows=94 width=0)
	        Index Cond: ((k >= 6098075) AND (k <= 6098175))

table 2 : explain SELECT k, c FROM sbtest2 WHERE k BETWEEN 6098075 AND 6098175
	Bitmap Heap Scan on sbtest2  (cost=5.47..405.13 rows=101 width=125)
	  Recheck Cond: ((k >= 6098075) AND (k <= 6098175))
	  ->  Bitmap Index Scan on k_2  (cost=0.00..5.44 rows=101 width=0)
	        Index Cond: ((k >= 6098075) AND (k <= 6098175))

table 3 : explain SELECT k, c FROM sbtest3 WHERE k BETWEEN 6098075 AND 6098175
	Bitmap Heap Scan on sbtest3  (cost=5.49..413.00 rows=103 width=125)
	  Recheck Cond: ((k >= 6098075) AND (k <= 6098175))
	  ->  Bitmap Index Scan on k_3  (cost=0.00..5.46 rows=103 width=0)
	        Index Cond: ((k >= 6098075) AND (k <= 6098175))

table 4 : explain SELECT k, c FROM sbtest4 WHERE k BETWEEN 6098075 AND 6098175
	Bitmap Heap Scan on sbtest4  (cost=5.56..440.56 rows=110 width=125)
	  Recheck Cond: ((k >= 6098075) AND (k <= 6098175))
	  ->  Bitmap Index Scan on k_4  (cost=0.00..5.53 rows=110 width=0)
	        Index Cond: ((k >= 6098075) AND (k <= 6098175))

table 5 : explain SELECT k, c FROM sbtest5 WHERE k BETWEEN 6098075 AND 6098175
	Bitmap Heap Scan on sbtest5  (cost=5.43..389.37 rows=97 width=125)
	  Recheck Cond: ((k >= 6098075) AND (k <= 6098175))
	  ->  Bitmap Index Scan on k_5  (cost=0.00..5.40 rows=97 width=0)
	        Index Cond: ((k >= 6098075) AND (k <= 6098175))

table 6 : explain SELECT k, c FROM sbtest6 WHERE k BETWEEN 6098075 AND 6098175
	Bitmap Heap Scan on sbtest6  (cost=5.41..381.49 rows=95 width=125)
	  Recheck Cond: ((k >= 6098075) AND (k <= 6098175))
	  ->  Bitmap Index Scan on k_6  (cost=0.00..5.38 rows=95 width=0)
	        Index Cond: ((k >= 6098075) AND (k <= 6098175))

table 7 : explain SELECT k, c FROM sbtest7 WHERE k BETWEEN 6098075 AND 6098175
	Bitmap Heap Scan on sbtest7  (cost=5.51..420.88 rows=105 width=125)
	  Recheck Cond: ((k >= 6098075) AND (k <= 6098175))
	  ->  Bitmap Index Scan on k_7  (cost=0.00..5.48 rows=105 width=0)
	        Index Cond: ((k >= 6098075) AND (k <= 6098175))

table 8 : explain SELECT k, c FROM sbtest8 WHERE k BETWEEN 6098075 AND 6098175
	Bitmap Heap Scan on sbtest8  (cost=5.50..416.94 rows=104 width=125)
	  Recheck Cond: ((k >= 6098075) AND (k <= 6098175))
	  ->  Bitmap Index Scan on k_8  (cost=0.00..5.47 rows=104 width=0)
	        Index Cond: ((k >= 6098075) AND (k <= 6098175))

explain: for range-notcovered :: explain SELECT k, c FROM sbtest%d WHERE k BETWEEN 6098075 AND 6098175
for range-notcovered
table 1 : explain SELECT k, c FROM sbtest1 WHERE k BETWEEN 3876485 AND 3876585
	Bitmap Heap Scan on sbtest1  (cost=5.45..397.25 rows=99 width=125)
	  Recheck Cond: ((k >= 3876485) AND (k <= 3876585))
	  ->  Bitmap Index Scan on k_1  (cost=0.00..5.42 rows=99 width=0)
	        Index Cond: ((k >= 3876485) AND (k <= 3876585))

table 2 : explain SELECT k, c FROM sbtest2 WHERE k BETWEEN 3876485 AND 3876585
	Bitmap Heap Scan on sbtest2  (cost=5.41..381.49 rows=95 width=125)
	  Recheck Cond: ((k >= 3876485) AND (k <= 3876585))
	  ->  Bitmap Index Scan on k_2  (cost=0.00..5.38 rows=95 width=0)
	        Index Cond: ((k >= 3876485) AND (k <= 3876585))

table 3 : explain SELECT k, c FROM sbtest3 WHERE k BETWEEN 3876485 AND 3876585
	Bitmap Heap Scan on sbtest3  (cost=5.47..405.13 rows=101 width=125)
	  Recheck Cond: ((k >= 3876485) AND (k <= 3876585))
	  ->  Bitmap Index Scan on k_3  (cost=0.00..5.44 rows=101 width=0)
	        Index Cond: ((k >= 3876485) AND (k <= 3876585))

table 4 : explain SELECT k, c FROM sbtest4 WHERE k BETWEEN 3876485 AND 3876585
	Bitmap Heap Scan on sbtest4  (cost=5.38..369.67 rows=92 width=125)
	  Recheck Cond: ((k >= 3876485) AND (k <= 3876585))
	  ->  Bitmap Index Scan on k_4  (cost=0.00..5.35 rows=92 width=0)
	        Index Cond: ((k >= 3876485) AND (k <= 3876585))

table 5 : explain SELECT k, c FROM sbtest5 WHERE k BETWEEN 3876485 AND 3876585
	Bitmap Heap Scan on sbtest5  (cost=5.40..377.55 rows=94 width=125)
	  Recheck Cond: ((k >= 3876485) AND (k <= 3876585))
	  ->  Bitmap Index Scan on k_5  (cost=0.00..5.38 rows=94 width=0)
	        Index Cond: ((k >= 3876485) AND (k <= 3876585))

table 6 : explain SELECT k, c FROM sbtest6 WHERE k BETWEEN 3876485 AND 3876585
	Bitmap Heap Scan on sbtest6  (cost=5.48..409.07 rows=102 width=125)
	  Recheck Cond: ((k >= 3876485) AND (k <= 3876585))
	  ->  Bitmap Index Scan on k_6  (cost=0.00..5.45 rows=102 width=0)
	        Index Cond: ((k >= 3876485) AND (k <= 3876585))

table 7 : explain SELECT k, c FROM sbtest7 WHERE k BETWEEN 3876485 AND 3876585
	Bitmap Heap Scan on sbtest7  (cost=5.55..436.62 rows=109 width=125)
	  Recheck Cond: ((k >= 3876485) AND (k <= 3876585))
	  ->  Bitmap Index Scan on k_7  (cost=0.00..5.52 rows=109 width=0)
	        Index Cond: ((k >= 3876485) AND (k <= 3876585))

table 8 : explain SELECT k, c FROM sbtest8 WHERE k BETWEEN 3876485 AND 3876585
	Bitmap Heap Scan on sbtest8  (cost=5.50..416.94 rows=104 width=125)
	  Recheck Cond: ((k >= 3876485) AND (k <= 3876585))
	  ->  Bitmap Index Scan on k_8  (cost=0.00..5.47 rows=104 width=0)
	        Index Cond: ((k >= 3876485) AND (k <= 3876585))

explain: for range-notcovered :: explain SELECT k, c FROM sbtest%d WHERE k BETWEEN 3876485 AND 3876585
for range-notcovered
table 1 : explain SELECT k, c FROM sbtest1 WHERE k BETWEEN 6716982 AND 6717082
	Bitmap Heap Scan on sbtest1  (cost=5.52..424.81 rows=106 width=125)
	  Recheck Cond: ((k >= 6716982) AND (k <= 6717082))
	  ->  Bitmap Index Scan on k_1  (cost=0.00..5.50 rows=106 width=0)
	        Index Cond: ((k >= 6716982) AND (k <= 6717082))

table 2 : explain SELECT k, c FROM sbtest2 WHERE k BETWEEN 6716982 AND 6717082
	Bitmap Heap Scan on sbtest2  (cost=5.45..397.25 rows=99 width=125)
	  Recheck Cond: ((k >= 6716982) AND (k <= 6717082))
	  ->  Bitmap Index Scan on k_2  (cost=0.00..5.42 rows=99 width=0)
	        Index Cond: ((k >= 6716982) AND (k <= 6717082))

table 3 : explain SELECT k, c FROM sbtest3 WHERE k BETWEEN 6716982 AND 6717082
	Bitmap Heap Scan on sbtest3  (cost=5.51..420.88 rows=105 width=125)
	  Recheck Cond: ((k >= 6716982) AND (k <= 6717082))
	  ->  Bitmap Index Scan on k_3  (cost=0.00..5.48 rows=105 width=0)
	        Index Cond: ((k >= 6716982) AND (k <= 6717082))

table 4 : explain SELECT k, c FROM sbtest4 WHERE k BETWEEN 6716982 AND 6717082
	Bitmap Heap Scan on sbtest4  (cost=5.47..405.13 rows=101 width=125)
	  Recheck Cond: ((k >= 6716982) AND (k <= 6717082))
	  ->  Bitmap Index Scan on k_4  (cost=0.00..5.44 rows=101 width=0)
	        Index Cond: ((k >= 6716982) AND (k <= 6717082))

table 5 : explain SELECT k, c FROM sbtest5 WHERE k BETWEEN 6716982 AND 6717082
	Bitmap Heap Scan on sbtest5  (cost=5.51..420.88 rows=105 width=125)
	  Recheck Cond: ((k >= 6716982) AND (k <= 6717082))
	  ->  Bitmap Index Scan on k_5  (cost=0.00..5.48 rows=105 width=0)
	        Index Cond: ((k >= 6716982) AND (k <= 6717082))

table 6 : explain SELECT k, c FROM sbtest6 WHERE k BETWEEN 6716982 AND 6717082
	Bitmap Heap Scan on sbtest6  (cost=5.44..393.31 rows=98 width=125)
	  Recheck Cond: ((k >= 6716982) AND (k <= 6717082))
	  ->  Bitmap Index Scan on k_6  (cost=0.00..5.42 rows=98 width=0)
	        Index Cond: ((k >= 6716982) AND (k <= 6717082))

table 7 : explain SELECT k, c FROM sbtest7 WHERE k BETWEEN 6716982 AND 6717082
	Bitmap Heap Scan on sbtest7  (cost=5.39..373.61 rows=93 width=125)
	  Recheck Cond: ((k >= 6716982) AND (k <= 6717082))
	  ->  Bitmap Index Scan on k_7  (cost=0.00..5.36 rows=93 width=0)
	        Index Cond: ((k >= 6716982) AND (k <= 6717082))

table 8 : explain SELECT k, c FROM sbtest8 WHERE k BETWEEN 6716982 AND 6717082
	Bitmap Heap Scan on sbtest8  (cost=5.50..416.94 rows=104 width=125)
	  Recheck Cond: ((k >= 6716982) AND (k <= 6717082))
	  ->  Bitmap Index Scan on k_8  (cost=0.00..5.47 rows=104 width=0)
	        Index Cond: ((k >= 6716982) AND (k <= 6717082))

explain: for range-notcovered :: explain SELECT k, c FROM sbtest%d WHERE k BETWEEN 6716982 AND 6717082
for range-notcovered
table 1 : explain SELECT k, c FROM sbtest1 WHERE k BETWEEN 2708735 AND 2708835
	Bitmap Heap Scan on sbtest1  (cost=5.47..405.13 rows=101 width=125)
	  Recheck Cond: ((k >= 2708735) AND (k <= 2708835))
	  ->  Bitmap Index Scan on k_1  (cost=0.00..5.44 rows=101 width=0)
	        Index Cond: ((k >= 2708735) AND (k <= 2708835))

table 2 : explain SELECT k, c FROM sbtest2 WHERE k BETWEEN 2708735 AND 2708835
	Bitmap Heap Scan on sbtest2  (cost=5.41..381.49 rows=95 width=125)
	  Recheck Cond: ((k >= 2708735) AND (k <= 2708835))
	  ->  Bitmap Index Scan on k_2  (cost=0.00..5.38 rows=95 width=0)
	        Index Cond: ((k >= 2708735) AND (k <= 2708835))

table 3 : explain SELECT k, c FROM sbtest3 WHERE k BETWEEN 2708735 AND 2708835
	Bitmap Heap Scan on sbtest3  (cost=5.47..405.13 rows=101 width=125)
	  Recheck Cond: ((k >= 2708735) AND (k <= 2708835))
	  ->  Bitmap Index Scan on k_3  (cost=0.00..5.44 rows=101 width=0)
	        Index Cond: ((k >= 2708735) AND (k <= 2708835))

table 4 : explain SELECT k, c FROM sbtest4 WHERE k BETWEEN 2708735 AND 2708835
	Bitmap Heap Scan on sbtest4  (cost=5.41..381.49 rows=95 width=125)
	  Recheck Cond: ((k >= 2708735) AND (k <= 2708835))
	  ->  Bitmap Index Scan on k_4  (cost=0.00..5.38 rows=95 width=0)
	        Index Cond: ((k >= 2708735) AND (k <= 2708835))

table 5 : explain SELECT k, c FROM sbtest5 WHERE k BETWEEN 2708735 AND 2708835
	Bitmap Heap Scan on sbtest5  (cost=5.46..401.19 rows=100 width=125)
	  Recheck Cond: ((k >= 2708735) AND (k <= 2708835))
	  ->  Bitmap Index Scan on k_5  (cost=0.00..5.43 rows=100 width=0)
	        Index Cond: ((k >= 2708735) AND (k <= 2708835))

table 6 : explain SELECT k, c FROM sbtest6 WHERE k BETWEEN 2708735 AND 2708835
	Bitmap Heap Scan on sbtest6  (cost=5.47..405.13 rows=101 width=125)
	  Recheck Cond: ((k >= 2708735) AND (k <= 2708835))
	  ->  Bitmap Index Scan on k_6  (cost=0.00..5.44 rows=101 width=0)
	        Index Cond: ((k >= 2708735) AND (k <= 2708835))

table 7 : explain SELECT k, c FROM sbtest7 WHERE k BETWEEN 2708735 AND 2708835
	Bitmap Heap Scan on sbtest7  (cost=5.42..385.43 rows=96 width=125)
	  Recheck Cond: ((k >= 2708735) AND (k <= 2708835))
	  ->  Bitmap Index Scan on k_7  (cost=0.00..5.39 rows=96 width=0)
	        Index Cond: ((k >= 2708735) AND (k <= 2708835))

table 8 : explain SELECT k, c FROM sbtest8 WHERE k BETWEEN 2708735 AND 2708835
	Bitmap Heap Scan on sbtest8  (cost=5.47..405.13 rows=101 width=125)
	  Recheck Cond: ((k >= 2708735) AND (k <= 2708835))
	  ->  Bitmap Index Scan on k_8  (cost=0.00..5.44 rows=101 width=0)
	        Index Cond: ((k >= 2708735) AND (k <= 2708835))

for range-notcovered
table 1 : explain SELECT k, c FROM sbtest1 WHERE k BETWEEN 6098075 AND 6098175
	Bitmap Heap Scan on sbtest1  (cost=5.40..377.55 rows=94 width=125)
	  Recheck Cond: ((k >= 6098075) AND (k <= 6098175))
	  ->  Bitmap Index Scan on k_1  (cost=0.00..5.38 rows=94 width=0)
	        Index Cond: ((k >= 6098075) AND (k <= 6098175))

table 2 : explain SELECT k, c FROM sbtest2 WHERE k BETWEEN 6098075 AND 6098175
	Bitmap Heap Scan on sbtest2  (cost=5.47..405.13 rows=101 width=125)
	  Recheck Cond: ((k >= 6098075) AND (k <= 6098175))
	  ->  Bitmap Index Scan on k_2  (cost=0.00..5.44 rows=101 width=0)
	        Index Cond: ((k >= 6098075) AND (k <= 6098175))

table 3 : explain SELECT k, c FROM sbtest3 WHERE k BETWEEN 6098075 AND 6098175
	Bitmap Heap Scan on sbtest3  (cost=5.49..413.00 rows=103 width=125)
	  Recheck Cond: ((k >= 6098075) AND (k <= 6098175))
	  ->  Bitmap Index Scan on k_3  (cost=0.00..5.46 rows=103 width=0)
	        Index Cond: ((k >= 6098075) AND (k <= 6098175))

table 4 : explain SELECT k, c FROM sbtest4 WHERE k BETWEEN 6098075 AND 6098175
	Bitmap Heap Scan on sbtest4  (cost=5.56..440.56 rows=110 width=125)
	  Recheck Cond: ((k >= 6098075) AND (k <= 6098175))
	  ->  Bitmap Index Scan on k_4  (cost=0.00..5.53 rows=110 width=0)
	        Index Cond: ((k >= 6098075) AND (k <= 6098175))

table 5 : explain SELECT k, c FROM sbtest5 WHERE k BETWEEN 6098075 AND 6098175
	Bitmap Heap Scan on sbtest5  (cost=5.43..389.37 rows=97 width=125)
	  Recheck Cond: ((k >= 6098075) AND (k <= 6098175))
	  ->  Bitmap Index Scan on k_5  (cost=0.00..5.40 rows=97 width=0)
	        Index Cond: ((k >= 6098075) AND (k <= 6098175))

table 6 : explain SELECT k, c FROM sbtest6 WHERE k BETWEEN 6098075 AND 6098175
	Bitmap Heap Scan on sbtest6  (cost=5.41..381.49 rows=95 width=125)
	  Recheck Cond: ((k >= 6098075) AND (k <= 6098175))
	  ->  Bitmap Index Scan on k_6  (cost=0.00..5.38 rows=95 width=0)
	        Index Cond: ((k >= 6098075) AND (k <= 6098175))

table 7 : explain SELECT k, c FROM sbtest7 WHERE k BETWEEN 6098075 AND 6098175
	Bitmap Heap Scan on sbtest7  (cost=5.51..420.88 rows=105 width=125)
	  Recheck Cond: ((k >= 6098075) AND (k <= 6098175))
	  ->  Bitmap Index Scan on k_7  (cost=0.00..5.48 rows=105 width=0)
	        Index Cond: ((k >= 6098075) AND (k <= 6098175))

table 8 : explain SELECT k, c FROM sbtest8 WHERE k BETWEEN 6098075 AND 6098175
	Bitmap Heap Scan on sbtest8  (cost=5.50..416.94 rows=104 width=125)
	  Recheck Cond: ((k >= 6098075) AND (k <= 6098175))
	  ->  Bitmap Index Scan on k_8  (cost=0.00..5.47 rows=104 width=0)
	        Index Cond: ((k >= 6098075) AND (k <= 6098175))

for range-notcovered
table 1 : explain SELECT k, c FROM sbtest1 WHERE k BETWEEN 3876485 AND 3876585
	Bitmap Heap Scan on sbtest1  (cost=5.45..397.25 rows=99 width=125)
	  Recheck Cond: ((k >= 3876485) AND (k <= 3876585))
	  ->  Bitmap Index Scan on k_1  (cost=0.00..5.42 rows=99 width=0)
	        Index Cond: ((k >= 3876485) AND (k <= 3876585))

table 2 : explain SELECT k, c FROM sbtest2 WHERE k BETWEEN 3876485 AND 3876585
	Bitmap Heap Scan on sbtest2  (cost=5.41..381.49 rows=95 width=125)
	  Recheck Cond: ((k >= 3876485) AND (k <= 3876585))
	  ->  Bitmap Index Scan on k_2  (cost=0.00..5.38 rows=95 width=0)
	        Index Cond: ((k >= 3876485) AND (k <= 3876585))

table 3 : explain SELECT k, c FROM sbtest3 WHERE k BETWEEN 3876485 AND 3876585
	Bitmap Heap Scan on sbtest3  (cost=5.47..405.13 rows=101 width=125)
	  Recheck Cond: ((k >= 3876485) AND (k <= 3876585))
	  ->  Bitmap Index Scan on k_3  (cost=0.00..5.44 rows=101 width=0)
	        Index Cond: ((k >= 3876485) AND (k <= 3876585))

table 4 : explain SELECT k, c FROM sbtest4 WHERE k BETWEEN 3876485 AND 3876585
	Bitmap Heap Scan on sbtest4  (cost=5.38..369.67 rows=92 width=125)
	  Recheck Cond: ((k >= 3876485) AND (k <= 3876585))
	  ->  Bitmap Index Scan on k_4  (cost=0.00..5.35 rows=92 width=0)
	        Index Cond: ((k >= 3876485) AND (k <= 3876585))

table 5 : explain SELECT k, c FROM sbtest5 WHERE k BETWEEN 3876485 AND 3876585
	Bitmap Heap Scan on sbtest5  (cost=5.40..377.55 rows=94 width=125)
	  Recheck Cond: ((k >= 3876485) AND (k <= 3876585))
	  ->  Bitmap Index Scan on k_5  (cost=0.00..5.38 rows=94 width=0)
	        Index Cond: ((k >= 3876485) AND (k <= 3876585))

table 6 : explain SELECT k, c FROM sbtest6 WHERE k BETWEEN 3876485 AND 3876585
	Bitmap Heap Scan on sbtest6  (cost=5.48..409.07 rows=102 width=125)
	  Recheck Cond: ((k >= 3876485) AND (k <= 3876585))
	  ->  Bitmap Index Scan on k_6  (cost=0.00..5.45 rows=102 width=0)
	        Index Cond: ((k >= 3876485) AND (k <= 3876585))

table 7 : explain SELECT k, c FROM sbtest7 WHERE k BETWEEN 3876485 AND 3876585
	Bitmap Heap Scan on sbtest7  (cost=5.55..436.62 rows=109 width=125)
	  Recheck Cond: ((k >= 3876485) AND (k <= 3876585))
	  ->  Bitmap Index Scan on k_7  (cost=0.00..5.52 rows=109 width=0)
	        Index Cond: ((k >= 3876485) AND (k <= 3876585))

table 8 : explain SELECT k, c FROM sbtest8 WHERE k BETWEEN 3876485 AND 3876585
	Bitmap Heap Scan on sbtest8  (cost=5.50..416.94 rows=104 width=125)
	  Recheck Cond: ((k >= 3876485) AND (k <= 3876585))
	  ->  Bitmap Index Scan on k_8  (cost=0.00..5.47 rows=104 width=0)
	        Index Cond: ((k >= 3876485) AND (k <= 3876585))

explain: for range-notcovered :: explain SELECT k, c FROM sbtest%d WHERE k BETWEEN 2708735 AND 2708835
explain: for range-notcovered :: explain SELECT k, c FROM sbtest%d WHERE k BETWEEN 6098075 AND 6098175
explain: for range-notcovered :: explain SELECT k, c FROM sbtest%d WHERE k BETWEEN 3876485 AND 3876585
for range-notcovered
table 1 : explain SELECT k, c FROM sbtest1 WHERE k BETWEEN 6716982 AND 6717082
	Bitmap Heap Scan on sbtest1  (cost=5.52..424.81 rows=106 width=125)
	  Recheck Cond: ((k >= 6716982) AND (k <= 6717082))
	  ->  Bitmap Index Scan on k_1  (cost=0.00..5.50 rows=106 width=0)
	        Index Cond: ((k >= 6716982) AND (k <= 6717082))

table 2 : explain SELECT k, c FROM sbtest2 WHERE k BETWEEN 6716982 AND 6717082
	Bitmap Heap Scan on sbtest2  (cost=5.45..397.25 rows=99 width=125)
	  Recheck Cond: ((k >= 6716982) AND (k <= 6717082))
	  ->  Bitmap Index Scan on k_2  (cost=0.00..5.42 rows=99 width=0)
	        Index Cond: ((k >= 6716982) AND (k <= 6717082))

table 3 : explain SELECT k, c FROM sbtest3 WHERE k BETWEEN 6716982 AND 6717082
	Bitmap Heap Scan on sbtest3  (cost=5.51..420.88 rows=105 width=125)
	  Recheck Cond: ((k >= 6716982) AND (k <= 6717082))
	  ->  Bitmap Index Scan on k_3  (cost=0.00..5.48 rows=105 width=0)
	        Index Cond: ((k >= 6716982) AND (k <= 6717082))

table 4 : explain SELECT k, c FROM sbtest4 WHERE k BETWEEN 6716982 AND 6717082
	Bitmap Heap Scan on sbtest4  (cost=5.47..405.13 rows=101 width=125)
	  Recheck Cond: ((k >= 6716982) AND (k <= 6717082))
	  ->  Bitmap Index Scan on k_4  (cost=0.00..5.44 rows=101 width=0)
	        Index Cond: ((k >= 6716982) AND (k <= 6717082))

table 5 : explain SELECT k, c FROM sbtest5 WHERE k BETWEEN 6716982 AND 6717082
	Bitmap Heap Scan on sbtest5  (cost=5.51..420.88 rows=105 width=125)
	  Recheck Cond: ((k >= 6716982) AND (k <= 6717082))
	  ->  Bitmap Index Scan on k_5  (cost=0.00..5.48 rows=105 width=0)
	        Index Cond: ((k >= 6716982) AND (k <= 6717082))

table 6 : explain SELECT k, c FROM sbtest6 WHERE k BETWEEN 6716982 AND 6717082
	Bitmap Heap Scan on sbtest6  (cost=5.44..393.31 rows=98 width=125)
	  Recheck Cond: ((k >= 6716982) AND (k <= 6717082))
	  ->  Bitmap Index Scan on k_6  (cost=0.00..5.42 rows=98 width=0)
	        Index Cond: ((k >= 6716982) AND (k <= 6717082))

table 7 : explain SELECT k, c FROM sbtest7 WHERE k BETWEEN 6716982 AND 6717082
	Bitmap Heap Scan on sbtest7  (cost=5.39..373.61 rows=93 width=125)
	  Recheck Cond: ((k >= 6716982) AND (k <= 6717082))
	  ->  Bitmap Index Scan on k_7  (cost=0.00..5.36 rows=93 width=0)
	        Index Cond: ((k >= 6716982) AND (k <= 6717082))

table 8 : explain SELECT k, c FROM sbtest8 WHERE k BETWEEN 6716982 AND 6717082
	Bitmap Heap Scan on sbtest8  (cost=5.50..416.94 rows=104 width=125)
	  Recheck Cond: ((k >= 6716982) AND (k <= 6717082))
	  ->  Bitmap Index Scan on k_8  (cost=0.00..5.47 rows=104 width=0)
	        Index Cond: ((k >= 6716982) AND (k <= 6717082))

explain: for range-notcovered :: explain SELECT k, c FROM sbtest%d WHERE k BETWEEN 6716982 AND 6717082
for range-notcovered
table 1 : explain SELECT k, c FROM sbtest1 WHERE k BETWEEN 4704310 AND 4704410
	Bitmap Heap Scan on sbtest1  (cost=5.52..424.81 rows=106 width=125)
	  Recheck Cond: ((k >= 4704310) AND (k <= 4704410))
	  ->  Bitmap Index Scan on k_1  (cost=0.00..5.50 rows=106 width=0)
	        Index Cond: ((k >= 4704310) AND (k <= 4704410))

table 2 : explain SELECT k, c FROM sbtest2 WHERE k BETWEEN 4704310 AND 4704410
	Bitmap Heap Scan on sbtest2  (cost=5.35..357.84 rows=89 width=125)
	  Recheck Cond: ((k >= 4704310) AND (k <= 4704410))
	  ->  Bitmap Index Scan on k_2  (cost=0.00..5.32 rows=89 width=0)
	        Index Cond: ((k >= 4704310) AND (k <= 4704410))

table 3 : explain SELECT k, c FROM sbtest3 WHERE k BETWEEN 4704310 AND 4704410
	Bitmap Heap Scan on sbtest3  (cost=5.47..405.13 rows=101 width=125)
	  Recheck Cond: ((k >= 4704310) AND (k <= 4704410))
	  ->  Bitmap Index Scan on k_3  (cost=0.00..5.44 rows=101 width=0)
	        Index Cond: ((k >= 4704310) AND (k <= 4704410))

table 4 : explain SELECT k, c FROM sbtest4 WHERE k BETWEEN 4704310 AND 4704410
	Bitmap Heap Scan on sbtest4  (cost=5.48..409.07 rows=102 width=125)
	  Recheck Cond: ((k >= 4704310) AND (k <= 4704410))
	  ->  Bitmap Index Scan on k_4  (cost=0.00..5.45 rows=102 width=0)
	        Index Cond: ((k >= 4704310) AND (k <= 4704410))

table 5 : explain SELECT k, c FROM sbtest5 WHERE k BETWEEN 4704310 AND 4704410
	Bitmap Heap Scan on sbtest5  (cost=5.43..389.37 rows=97 width=125)
	  Recheck Cond: ((k >= 4704310) AND (k <= 4704410))
	  ->  Bitmap Index Scan on k_5  (cost=0.00..5.40 rows=97 width=0)
	        Index Cond: ((k >= 4704310) AND (k <= 4704410))

table 6 : explain SELECT k, c FROM sbtest6 WHERE k BETWEEN 4704310 AND 4704410
	Bitmap Heap Scan on sbtest6  (cost=5.48..409.07 rows=102 width=125)
	  Recheck Cond: ((k >= 4704310) AND (k <= 4704410))
	  ->  Bitmap Index Scan on k_6  (cost=0.00..5.45 rows=102 width=0)
	        Index Cond: ((k >= 4704310) AND (k <= 4704410))

table 7 : explain SELECT k, c FROM sbtest7 WHERE k BETWEEN 4704310 AND 4704410
	Bitmap Heap Scan on sbtest7  (cost=5.51..420.88 rows=105 width=125)
	  Recheck Cond: ((k >= 4704310) AND (k <= 4704410))
	  ->  Bitmap Index Scan on k_7  (cost=0.00..5.48 rows=105 width=0)
	        Index Cond: ((k >= 4704310) AND (k <= 4704410))

table 8 : explain SELECT k, c FROM sbtest8 WHERE k BETWEEN 4704310 AND 4704410
	Bitmap Heap Scan on sbtest8  (cost=5.58..448.42 rows=112 width=125)
	  Recheck Cond: ((k >= 4704310) AND (k <= 4704410))
	  ->  Bitmap Index Scan on k_8  (cost=0.00..5.55 rows=112 width=0)
	        Index Cond: ((k >= 4704310) AND (k <= 4704410))

for range-notcovered
table 1 : explain SELECT k, c FROM sbtest1 WHERE k BETWEEN 6098075 AND 6098175
	Bitmap Heap Scan on sbtest1  (cost=5.40..377.55 rows=94 width=125)
	  Recheck Cond: ((k >= 6098075) AND (k <= 6098175))
	  ->  Bitmap Index Scan on k_1  (cost=0.00..5.38 rows=94 width=0)
	        Index Cond: ((k >= 6098075) AND (k <= 6098175))

table 2 : explain SELECT k, c FROM sbtest2 WHERE k BETWEEN 6098075 AND 6098175
	Bitmap Heap Scan on sbtest2  (cost=5.47..405.13 rows=101 width=125)
	  Recheck Cond: ((k >= 6098075) AND (k <= 6098175))
	  ->  Bitmap Index Scan on k_2  (cost=0.00..5.44 rows=101 width=0)
	        Index Cond: ((k >= 6098075) AND (k <= 6098175))

table 3 : explain SELECT k, c FROM sbtest3 WHERE k BETWEEN 6098075 AND 6098175
	Bitmap Heap Scan on sbtest3  (cost=5.49..413.00 rows=103 width=125)
	  Recheck Cond: ((k >= 6098075) AND (k <= 6098175))
	  ->  Bitmap Index Scan on k_3  (cost=0.00..5.46 rows=103 width=0)
	        Index Cond: ((k >= 6098075) AND (k <= 6098175))

table 4 : explain SELECT k, c FROM sbtest4 WHERE k BETWEEN 6098075 AND 6098175
	Bitmap Heap Scan on sbtest4  (cost=5.56..440.56 rows=110 width=125)
	  Recheck Cond: ((k >= 6098075) AND (k <= 6098175))
	  ->  Bitmap Index Scan on k_4  (cost=0.00..5.53 rows=110 width=0)
	        Index Cond: ((k >= 6098075) AND (k <= 6098175))

table 5 : explain SELECT k, c FROM sbtest5 WHERE k BETWEEN 6098075 AND 6098175
	Bitmap Heap Scan on sbtest5  (cost=5.43..389.37 rows=97 width=125)
	  Recheck Cond: ((k >= 6098075) AND (k <= 6098175))
	  ->  Bitmap Index Scan on k_5  (cost=0.00..5.40 rows=97 width=0)
	        Index Cond: ((k >= 6098075) AND (k <= 6098175))

table 6 : explain SELECT k, c FROM sbtest6 WHERE k BETWEEN 6098075 AND 6098175
	Bitmap Heap Scan on sbtest6  (cost=5.41..381.49 rows=95 width=125)
	  Recheck Cond: ((k >= 6098075) AND (k <= 6098175))
	  ->  Bitmap Index Scan on k_6  (cost=0.00..5.38 rows=95 width=0)
	        Index Cond: ((k >= 6098075) AND (k <= 6098175))

table 7 : explain SELECT k, c FROM sbtest7 WHERE k BETWEEN 6098075 AND 6098175
	Bitmap Heap Scan on sbtest7  (cost=5.51..420.88 rows=105 width=125)
	  Recheck Cond: ((k >= 6098075) AND (k <= 6098175))
	  ->  Bitmap Index Scan on k_7  (cost=0.00..5.48 rows=105 width=0)
	        Index Cond: ((k >= 6098075) AND (k <= 6098175))

table 8 : explain SELECT k, c FROM sbtest8 WHERE k BETWEEN 6098075 AND 6098175
	Bitmap Heap Scan on sbtest8  (cost=5.50..416.94 rows=104 width=125)
	  Recheck Cond: ((k >= 6098075) AND (k <= 6098175))
	  ->  Bitmap Index Scan on k_8  (cost=0.00..5.47 rows=104 width=0)
	        Index Cond: ((k >= 6098075) AND (k <= 6098175))

for range-notcovered
table 1 : explain SELECT k, c FROM sbtest1 WHERE k BETWEEN 3876485 AND 3876585
	Bitmap Heap Scan on sbtest1  (cost=5.45..397.25 rows=99 width=125)
	  Recheck Cond: ((k >= 3876485) AND (k <= 3876585))
	  ->  Bitmap Index Scan on k_1  (cost=0.00..5.42 rows=99 width=0)
	        Index Cond: ((k >= 3876485) AND (k <= 3876585))

table 2 : explain SELECT k, c FROM sbtest2 WHERE k BETWEEN 3876485 AND 3876585
	Bitmap Heap Scan on sbtest2  (cost=5.41..381.49 rows=95 width=125)
	  Recheck Cond: ((k >= 3876485) AND (k <= 3876585))
	  ->  Bitmap Index Scan on k_2  (cost=0.00..5.38 rows=95 width=0)
	        Index Cond: ((k >= 3876485) AND (k <= 3876585))

table 3 : explain SELECT k, c FROM sbtest3 WHERE k BETWEEN 3876485 AND 3876585
	Bitmap Heap Scan on sbtest3  (cost=5.47..405.13 rows=101 width=125)
	  Recheck Cond: ((k >= 3876485) AND (k <= 3876585))
	  ->  Bitmap Index Scan on k_3  (cost=0.00..5.44 rows=101 width=0)
	        Index Cond: ((k >= 3876485) AND (k <= 3876585))

table 4 : explain SELECT k, c FROM sbtest4 WHERE k BETWEEN 3876485 AND 3876585
	Bitmap Heap Scan on sbtest4  (cost=5.38..369.67 rows=92 width=125)
	  Recheck Cond: ((k >= 3876485) AND (k <= 3876585))
	  ->  Bitmap Index Scan on k_4  (cost=0.00..5.35 rows=92 width=0)
	        Index Cond: ((k >= 3876485) AND (k <= 3876585))

table 5 : explain SELECT k, c FROM sbtest5 WHERE k BETWEEN 3876485 AND 3876585
	Bitmap Heap Scan on sbtest5  (cost=5.40..377.55 rows=94 width=125)
	  Recheck Cond: ((k >= 3876485) AND (k <= 3876585))
	  ->  Bitmap Index Scan on k_5  (cost=0.00..5.38 rows=94 width=0)
	        Index Cond: ((k >= 3876485) AND (k <= 3876585))

table 6 : explain SELECT k, c FROM sbtest6 WHERE k BETWEEN 3876485 AND 3876585
	Bitmap Heap Scan on sbtest6  (cost=5.48..409.07 rows=102 width=125)
	  Recheck Cond: ((k >= 3876485) AND (k <= 3876585))
	  ->  Bitmap Index Scan on k_6  (cost=0.00..5.45 rows=102 width=0)
	        Index Cond: ((k >= 3876485) AND (k <= 3876585))

table 7 : explain SELECT k, c FROM sbtest7 WHERE k BETWEEN 3876485 AND 3876585
	Bitmap Heap Scan on sbtest7  (cost=5.55..436.62 rows=109 width=125)
	  Recheck Cond: ((k >= 3876485) AND (k <= 3876585))
	  ->  Bitmap Index Scan on k_7  (cost=0.00..5.52 rows=109 width=0)
	        Index Cond: ((k >= 3876485) AND (k <= 3876585))

table 8 : explain SELECT k, c FROM sbtest8 WHERE k BETWEEN 3876485 AND 3876585
	Bitmap Heap Scan on sbtest8  (cost=5.50..416.94 rows=104 width=125)
	  Recheck Cond: ((k >= 3876485) AND (k <= 3876585))
	  ->  Bitmap Index Scan on k_8  (cost=0.00..5.47 rows=104 width=0)
	        Index Cond: ((k >= 3876485) AND (k <= 3876585))
explain: for range-notcovered :: explain SELECT k, c FROM sbtest%d WHERE k BETWEEN 4704310 AND 4704410explain: for range-notcovered :: explain SELECT k, c FROM sbtest%d WHERE k BETWEEN 6098075 AND 6098175


explain: for range-notcovered :: explain SELECT k, c FROM sbtest%d WHERE k BETWEEN 3876485 AND 3876585
for range-notcovered
table 1 : explain SELECT k, c FROM sbtest1 WHERE k BETWEEN 6716982 AND 6717082
	Bitmap Heap Scan on sbtest1  (cost=5.52..424.81 rows=106 width=125)
	  Recheck Cond: ((k >= 6716982) AND (k <= 6717082))
	  ->  Bitmap Index Scan on k_1  (cost=0.00..5.50 rows=106 width=0)
	        Index Cond: ((k >= 6716982) AND (k <= 6717082))

table 2 : explain SELECT k, c FROM sbtest2 WHERE k BETWEEN 6716982 AND 6717082
	Bitmap Heap Scan on sbtest2  (cost=5.45..397.25 rows=99 width=125)
	  Recheck Cond: ((k >= 6716982) AND (k <= 6717082))
	  ->  Bitmap Index Scan on k_2  (cost=0.00..5.42 rows=99 width=0)
	        Index Cond: ((k >= 6716982) AND (k <= 6717082))

table 3 : explain SELECT k, c FROM sbtest3 WHERE k BETWEEN 6716982 AND 6717082
	Bitmap Heap Scan on sbtest3  (cost=5.51..420.88 rows=105 width=125)
	  Recheck Cond: ((k >= 6716982) AND (k <= 6717082))
	  ->  Bitmap Index Scan on k_3  (cost=0.00..5.48 rows=105 width=0)
	        Index Cond: ((k >= 6716982) AND (k <= 6717082))

table 4 : explain SELECT k, c FROM sbtest4 WHERE k BETWEEN 6716982 AND 6717082
	Bitmap Heap Scan on sbtest4  (cost=5.47..405.13 rows=101 width=125)
	  Recheck Cond: ((k >= 6716982) AND (k <= 6717082))
	  ->  Bitmap Index Scan on k_4  (cost=0.00..5.44 rows=101 width=0)
	        Index Cond: ((k >= 6716982) AND (k <= 6717082))

table 5 : explain SELECT k, c FROM sbtest5 WHERE k BETWEEN 6716982 AND 6717082
	Bitmap Heap Scan on sbtest5  (cost=5.51..420.88 rows=105 width=125)
	  Recheck Cond: ((k >= 6716982) AND (k <= 6717082))
	  ->  Bitmap Index Scan on k_5  (cost=0.00..5.48 rows=105 width=0)
	        Index Cond: ((k >= 6716982) AND (k <= 6717082))

table 6 : explain SELECT k, c FROM sbtest6 WHERE k BETWEEN 6716982 AND 6717082
	Bitmap Heap Scan on sbtest6  (cost=5.44..393.31 rows=98 width=125)
	  Recheck Cond: ((k >= 6716982) AND (k <= 6717082))
	  ->  Bitmap Index Scan on k_6  (cost=0.00..5.42 rows=98 width=0)
	        Index Cond: ((k >= 6716982) AND (k <= 6717082))

table 7 : explain SELECT k, c FROM sbtest7 WHERE k BETWEEN 6716982 AND 6717082
	Bitmap Heap Scan on sbtest7  (cost=5.39..373.61 rows=93 width=125)
	  Recheck Cond: ((k >= 6716982) AND (k <= 6717082))
	  ->  Bitmap Index Scan on k_7  (cost=0.00..5.36 rows=93 width=0)
	        Index Cond: ((k >= 6716982) AND (k <= 6717082))

table 8 : explain SELECT k, c FROM sbtest8 WHERE k BETWEEN 6716982 AND 6717082
	Bitmap Heap Scan on sbtest8  (cost=5.50..416.94 rows=104 width=125)
	  Recheck Cond: ((k >= 6716982) AND (k <= 6717082))
	  ->  Bitmap Index Scan on k_8  (cost=0.00..5.47 rows=104 width=0)
	        Index Cond: ((k >= 6716982) AND (k <= 6717082))

explain: for range-notcovered :: explain SELECT k, c FROM sbtest%d WHERE k BETWEEN 6716982 AND 6717082
for range-notcovered
table 1 : explain SELECT k, c FROM sbtest1 WHERE k BETWEEN 2708735 AND 2708835
	Bitmap Heap Scan on sbtest1  (cost=5.47..405.13 rows=101 width=125)
	  Recheck Cond: ((k >= 2708735) AND (k <= 2708835))
	  ->  Bitmap Index Scan on k_1  (cost=0.00..5.44 rows=101 width=0)
	        Index Cond: ((k >= 2708735) AND (k <= 2708835))

table 2 : explain SELECT k, c FROM sbtest2 WHERE k BETWEEN 2708735 AND 2708835
	Bitmap Heap Scan on sbtest2  (cost=5.41..381.49 rows=95 width=125)
	  Recheck Cond: ((k >= 2708735) AND (k <= 2708835))
	  ->  Bitmap Index Scan on k_2  (cost=0.00..5.38 rows=95 width=0)
	        Index Cond: ((k >= 2708735) AND (k <= 2708835))

table 3 : explain SELECT k, c FROM sbtest3 WHERE k BETWEEN 2708735 AND 2708835
	Bitmap Heap Scan on sbtest3  (cost=5.47..405.13 rows=101 width=125)
	  Recheck Cond: ((k >= 2708735) AND (k <= 2708835))
	  ->  Bitmap Index Scan on k_3  (cost=0.00..5.44 rows=101 width=0)
	        Index Cond: ((k >= 2708735) AND (k <= 2708835))

table 4 : explain SELECT k, c FROM sbtest4 WHERE k BETWEEN 2708735 AND 2708835
	Bitmap Heap Scan on sbtest4  (cost=5.41..381.49 rows=95 width=125)
	  Recheck Cond: ((k >= 2708735) AND (k <= 2708835))
	  ->  Bitmap Index Scan on k_4  (cost=0.00..5.38 rows=95 width=0)
	        Index Cond: ((k >= 2708735) AND (k <= 2708835))

table 5 : explain SELECT k, c FROM sbtest5 WHERE k BETWEEN 2708735 AND 2708835
	Bitmap Heap Scan on sbtest5  (cost=5.46..401.19 rows=100 width=125)
	  Recheck Cond: ((k >= 2708735) AND (k <= 2708835))
	  ->  Bitmap Index Scan on k_5  (cost=0.00..5.43 rows=100 width=0)
	        Index Cond: ((k >= 2708735) AND (k <= 2708835))

table 6 : explain SELECT k, c FROM sbtest6 WHERE k BETWEEN 2708735 AND 2708835
	Bitmap Heap Scan on sbtest6  (cost=5.47..405.13 rows=101 width=125)
	  Recheck Cond: ((k >= 2708735) AND (k <= 2708835))
	  ->  Bitmap Index Scan on k_6  (cost=0.00..5.44 rows=101 width=0)
	        Index Cond: ((k >= 2708735) AND (k <= 2708835))

table 7 : explain SELECT k, c FROM sbtest7 WHERE k BETWEEN 2708735 AND 2708835
	Bitmap Heap Scan on sbtest7  (cost=5.42..385.43 rows=96 width=125)
	  Recheck Cond: ((k >= 2708735) AND (k <= 2708835))
	  ->  Bitmap Index Scan on k_7  (cost=0.00..5.39 rows=96 width=0)
	        Index Cond: ((k >= 2708735) AND (k <= 2708835))

table 8 : explain SELECT k, c FROM sbtest8 WHERE k BETWEEN 2708735 AND 2708835
	Bitmap Heap Scan on sbtest8  (cost=5.47..405.13 rows=101 width=125)
	  Recheck Cond: ((k >= 2708735) AND (k <= 2708835))
	  ->  Bitmap Index Scan on k_8  (cost=0.00..5.44 rows=101 width=0)
	        Index Cond: ((k >= 2708735) AND (k <= 2708835))

explain: for range-notcovered :: explain SELECT k, c FROM sbtest%d WHERE k BETWEEN 2708735 AND 2708835
for range-notcovered
table 1 : explain SELECT k, c FROM sbtest1 WHERE k BETWEEN 3876485 AND 3876585
	Bitmap Heap Scan on sbtest1  (cost=5.45..397.25 rows=99 width=125)
	  Recheck Cond: ((k >= 3876485) AND (k <= 3876585))
	  ->  Bitmap Index Scan on k_1  (cost=0.00..5.42 rows=99 width=0)
	        Index Cond: ((k >= 3876485) AND (k <= 3876585))

table 2 : explain SELECT k, c FROM sbtest2 WHERE k BETWEEN 3876485 AND 3876585
	Bitmap Heap Scan on sbtest2  (cost=5.41..381.49 rows=95 width=125)
	  Recheck Cond: ((k >= 3876485) AND (k <= 3876585))
	  ->  Bitmap Index Scan on k_2  (cost=0.00..5.38 rows=95 width=0)
	        Index Cond: ((k >= 3876485) AND (k <= 3876585))

table 3 : explain SELECT k, c FROM sbtest3 WHERE k BETWEEN 3876485 AND 3876585
	Bitmap Heap Scan on sbtest3  (cost=5.47..405.13 rows=101 width=125)
	  Recheck Cond: ((k >= 3876485) AND (k <= 3876585))
	  ->  Bitmap Index Scan on k_3  (cost=0.00..5.44 rows=101 width=0)
	        Index Cond: ((k >= 3876485) AND (k <= 3876585))

table 4 : explain SELECT k, c FROM sbtest4 WHERE k BETWEEN 3876485 AND 3876585
	Bitmap Heap Scan on sbtest4  (cost=5.38..369.67 rows=92 width=125)
	  Recheck Cond: ((k >= 3876485) AND (k <= 3876585))
	  ->  Bitmap Index Scan on k_4  (cost=0.00..5.35 rows=92 width=0)
	        Index Cond: ((k >= 3876485) AND (k <= 3876585))

table 5 : explain SELECT k, c FROM sbtest5 WHERE k BETWEEN 3876485 AND 3876585
	Bitmap Heap Scan on sbtest5  (cost=5.40..377.55 rows=94 width=125)
	  Recheck Cond: ((k >= 3876485) AND (k <= 3876585))
	  ->  Bitmap Index Scan on k_5  (cost=0.00..5.38 rows=94 width=0)
	        Index Cond: ((k >= 3876485) AND (k <= 3876585))

table 6 : explain SELECT k, c FROM sbtest6 WHERE k BETWEEN 3876485 AND 3876585
	Bitmap Heap Scan on sbtest6  (cost=5.48..409.07 rows=102 width=125)
	  Recheck Cond: ((k >= 3876485) AND (k <= 3876585))
	  ->  Bitmap Index Scan on k_6  (cost=0.00..5.45 rows=102 width=0)
	        Index Cond: ((k >= 3876485) AND (k <= 3876585))

table 7 : explain SELECT k, c FROM sbtest7 WHERE k BETWEEN 3876485 AND 3876585
	Bitmap Heap Scan on sbtest7  (cost=5.55..436.62 rows=109 width=125)
	  Recheck Cond: ((k >= 3876485) AND (k <= 3876585))
	  ->  Bitmap Index Scan on k_7  (cost=0.00..5.52 rows=109 width=0)
	        Index Cond: ((k >= 3876485) AND (k <= 3876585))

table 8 : explain SELECT k, c FROM sbtest8 WHERE k BETWEEN 3876485 AND 3876585
	Bitmap Heap Scan on sbtest8  (cost=5.50..416.94 rows=104 width=125)
	  Recheck Cond: ((k >= 3876485) AND (k <= 3876585))
	  ->  Bitmap Index Scan on k_8  (cost=0.00..5.47 rows=104 width=0)
	        Index Cond: ((k >= 3876485) AND (k <= 3876585))

explain: for range-notcovered :: explain SELECT k, c FROM sbtest%d WHERE k BETWEEN 3876485 AND 3876585
for range-notcovered
table 1 : explain SELECT k, c FROM sbtest1 WHERE k BETWEEN 6098075 AND 6098175
	Bitmap Heap Scan on sbtest1  (cost=5.40..377.55 rows=94 width=125)
	  Recheck Cond: ((k >= 6098075) AND (k <= 6098175))
	  ->  Bitmap Index Scan on k_1  (cost=0.00..5.38 rows=94 width=0)
	        Index Cond: ((k >= 6098075) AND (k <= 6098175))

table 2 : explain SELECT k, c FROM sbtest2 WHERE k BETWEEN 6098075 AND 6098175
	Bitmap Heap Scan on sbtest2  (cost=5.47..405.13 rows=101 width=125)
	  Recheck Cond: ((k >= 6098075) AND (k <= 6098175))
	  ->  Bitmap Index Scan on k_2  (cost=0.00..5.44 rows=101 width=0)
	        Index Cond: ((k >= 6098075) AND (k <= 6098175))

table 3 : explain SELECT k, c FROM sbtest3 WHERE k BETWEEN 6098075 AND 6098175
	Bitmap Heap Scan on sbtest3  (cost=5.49..413.00 rows=103 width=125)
	  Recheck Cond: ((k >= 6098075) AND (k <= 6098175))
	  ->  Bitmap Index Scan on k_3  (cost=0.00..5.46 rows=103 width=0)
	        Index Cond: ((k >= 6098075) AND (k <= 6098175))

table 4 : explain SELECT k, c FROM sbtest4 WHERE k BETWEEN 6098075 AND 6098175
	Bitmap Heap Scan on sbtest4  (cost=5.56..440.56 rows=110 width=125)
	  Recheck Cond: ((k >= 6098075) AND (k <= 6098175))
	  ->  Bitmap Index Scan on k_4  (cost=0.00..5.53 rows=110 width=0)
	        Index Cond: ((k >= 6098075) AND (k <= 6098175))

table 5 : explain SELECT k, c FROM sbtest5 WHERE k BETWEEN 6098075 AND 6098175
	Bitmap Heap Scan on sbtest5  (cost=5.43..389.37 rows=97 width=125)
	  Recheck Cond: ((k >= 6098075) AND (k <= 6098175))
	  ->  Bitmap Index Scan on k_5  (cost=0.00..5.40 rows=97 width=0)
	        Index Cond: ((k >= 6098075) AND (k <= 6098175))

table 6 : explain SELECT k, c FROM sbtest6 WHERE k BETWEEN 6098075 AND 6098175
	Bitmap Heap Scan on sbtest6  (cost=5.41..381.49 rows=95 width=125)
	  Recheck Cond: ((k >= 6098075) AND (k <= 6098175))
	  ->  Bitmap Index Scan on k_6  (cost=0.00..5.38 rows=95 width=0)
	        Index Cond: ((k >= 6098075) AND (k <= 6098175))

table 7 : explain SELECT k, c FROM sbtest7 WHERE k BETWEEN 6098075 AND 6098175
	Bitmap Heap Scan on sbtest7  (cost=5.51..420.88 rows=105 width=125)
	  Recheck Cond: ((k >= 6098075) AND (k <= 6098175))
	  ->  Bitmap Index Scan on k_7  (cost=0.00..5.48 rows=105 width=0)
	        Index Cond: ((k >= 6098075) AND (k <= 6098175))

table 8 : explain SELECT k, c FROM sbtest8 WHERE k BETWEEN 6098075 AND 6098175
	Bitmap Heap Scan on sbtest8  (cost=5.50..416.94 rows=104 width=125)
	  Recheck Cond: ((k >= 6098075) AND (k <= 6098175))
	  ->  Bitmap Index Scan on k_8  (cost=0.00..5.47 rows=104 width=0)
	        Index Cond: ((k >= 6098075) AND (k <= 6098175))

for range-notcovered
table 1 : explain SELECT k, c FROM sbtest1 WHERE k BETWEEN 6716982 AND 6717082
	Bitmap Heap Scan on sbtest1  (cost=5.52..424.81 rows=106 width=125)
	  Recheck Cond: ((k >= 6716982) AND (k <= 6717082))
	  ->  Bitmap Index Scan on k_1  (cost=0.00..5.50 rows=106 width=0)
	        Index Cond: ((k >= 6716982) AND (k <= 6717082))

table 2 : explain SELECT k, c FROM sbtest2 WHERE k BETWEEN 6716982 AND 6717082
	Bitmap Heap Scan on sbtest2  (cost=5.45..397.25 rows=99 width=125)
	  Recheck Cond: ((k >= 6716982) AND (k <= 6717082))
	  ->  Bitmap Index Scan on k_2  (cost=0.00..5.42 rows=99 width=0)
	        Index Cond: ((k >= 6716982) AND (k <= 6717082))

table 3 : explain SELECT k, c FROM sbtest3 WHERE k BETWEEN 6716982 AND 6717082
	Bitmap Heap Scan on sbtest3  (cost=5.51..420.88 rows=105 width=125)
	  Recheck Cond: ((k >= 6716982) AND (k <= 6717082))
	  ->  Bitmap Index Scan on k_3  (cost=0.00..5.48 rows=105 width=0)
	        Index Cond: ((k >= 6716982) AND (k <= 6717082))

table 4 : explain SELECT k, c FROM sbtest4 WHERE k BETWEEN 6716982 AND 6717082
	Bitmap Heap Scan on sbtest4  (cost=5.47..405.13 rows=101 width=125)
	  Recheck Cond: ((k >= 6716982) AND (k <= 6717082))
	  ->  Bitmap Index Scan on k_4  (cost=0.00..5.44 rows=101 width=0)
	        Index Cond: ((k >= 6716982) AND (k <= 6717082))

table 5 : explain SELECT k, c FROM sbtest5 WHERE k BETWEEN 6716982 AND 6717082
	Bitmap Heap Scan on sbtest5  (cost=5.51..420.88 rows=105 width=125)
	  Recheck Cond: ((k >= 6716982) AND (k <= 6717082))
	  ->  Bitmap Index Scan on k_5  (cost=0.00..5.48 rows=105 width=0)
	        Index Cond: ((k >= 6716982) AND (k <= 6717082))

table 6 : explain SELECT k, c FROM sbtest6 WHERE k BETWEEN 6716982 AND 6717082
	Bitmap Heap Scan on sbtest6  (cost=5.44..393.31 rows=98 width=125)
	  Recheck Cond: ((k >= 6716982) AND (k <= 6717082))
	  ->  Bitmap Index Scan on k_6  (cost=0.00..5.42 rows=98 width=0)
	        Index Cond: ((k >= 6716982) AND (k <= 6717082))

table 7 : explain SELECT k, c FROM sbtest7 WHERE k BETWEEN 6716982 AND 6717082
	Bitmap Heap Scan on sbtest7  (cost=5.39..373.61 rows=93 width=125)
	  Recheck Cond: ((k >= 6716982) AND (k <= 6717082))
	  ->  Bitmap Index Scan on k_7  (cost=0.00..5.36 rows=93 width=0)
	        Index Cond: ((k >= 6716982) AND (k <= 6717082))

table 8 : explain SELECT k, c FROM sbtest8 WHERE k BETWEEN 6716982 AND 6717082
	Bitmap Heap Scan on sbtest8  (cost=5.50..416.94 rows=104 width=125)
	  Recheck Cond: ((k >= 6716982) AND (k <= 6717082))
	  ->  Bitmap Index Scan on k_8  (cost=0.00..5.47 rows=104 width=0)
	        Index Cond: ((k >= 6716982) AND (k <= 6717082))

for range-notcovered
table 1 : explain SELECT k, c FROM sbtest1 WHERE k BETWEEN 4704310 AND 4704410
	Bitmap Heap Scan on sbtest1  (cost=5.52..424.81 rows=106 width=125)
	  Recheck Cond: ((k >= 4704310) AND (k <= 4704410))
	  ->  Bitmap Index Scan on k_1  (cost=0.00..5.50 rows=106 width=0)
	        Index Cond: ((k >= 4704310) AND (k <= 4704410))

table 2 : explain SELECT k, c FROM sbtest2 WHERE k BETWEEN 4704310 AND 4704410
	Bitmap Heap Scan on sbtest2  (cost=5.35..357.84 rows=89 width=125)
	  Recheck Cond: ((k >= 4704310) AND (k <= 4704410))
	  ->  Bitmap Index Scan on k_2  (cost=0.00..5.32 rows=89 width=0)
	        Index Cond: ((k >= 4704310) AND (k <= 4704410))

table 3 : explain SELECT k, c FROM sbtest3 WHERE k BETWEEN 4704310 AND 4704410
	Bitmap Heap Scan on sbtest3  (cost=5.47..405.13 rows=101 width=125)
	  Recheck Cond: ((k >= 4704310) AND (k <= 4704410))
	  ->  Bitmap Index Scan on k_3  (cost=0.00..5.44 rows=101 width=0)
	        Index Cond: ((k >= 4704310) AND (k <= 4704410))

table 4 : explain SELECT k, c FROM sbtest4 WHERE k BETWEEN 4704310 AND 4704410
	Bitmap Heap Scan on sbtest4  (cost=5.48..409.07 rows=102 width=125)
	  Recheck Cond: ((k >= 4704310) AND (k <= 4704410))
	  ->  Bitmap Index Scan on k_4  (cost=0.00..5.45 rows=102 width=0)
	        Index Cond: ((k >= 4704310) AND (k <= 4704410))

table 5 : explain SELECT k, c FROM sbtest5 WHERE k BETWEEN 4704310 AND 4704410
	Bitmap Heap Scan on sbtest5  (cost=5.43..389.37 rows=97 width=125)
	  Recheck Cond: ((k >= 4704310) AND (k <= 4704410))
	  ->  Bitmap Index Scan on k_5  (cost=0.00..5.40 rows=97 width=0)
	        Index Cond: ((k >= 4704310) AND (k <= 4704410))

table 6 : explain SELECT k, c FROM sbtest6 WHERE k BETWEEN 4704310 AND 4704410
	Bitmap Heap Scan on sbtest6  (cost=5.48..409.07 rows=102 width=125)
	  Recheck Cond: ((k >= 4704310) AND (k <= 4704410))
	  ->  Bitmap Index Scan on k_6  (cost=0.00..5.45 rows=102 width=0)
	        Index Cond: ((k >= 4704310) AND (k <= 4704410))

table 7 : explain SELECT k, c FROM sbtest7 WHERE k BETWEEN 4704310 AND 4704410
	Bitmap Heap Scan on sbtest7  (cost=5.51..420.88 rows=105 width=125)
	  Recheck Cond: ((k >= 4704310) AND (k <= 4704410))
	  ->  Bitmap Index Scan on k_7  (cost=0.00..5.48 rows=105 width=0)
	        Index Cond: ((k >= 4704310) AND (k <= 4704410))

table 8 : explain SELECT k, c FROM sbtest8 WHERE k BETWEEN 4704310 AND 4704410
	Bitmap Heap Scan on sbtest8  (cost=5.58..448.42 rows=112 width=125)
	  Recheck Cond: ((k >= 4704310) AND (k <= 4704410))
	  ->  Bitmap Index Scan on k_8  (cost=0.00..5.55 rows=112 width=0)
	        Index Cond: ((k >= 4704310) AND (k <= 4704410))

for range-notcovered
table 1 : explain SELECT k, c FROM sbtest1 WHERE k BETWEEN 3876485 AND 3876585
	Bitmap Heap Scan on sbtest1  (cost=5.45..397.25 rows=99 width=125)
	  Recheck Cond: ((k >= 3876485) AND (k <= 3876585))
	  ->  Bitmap Index Scan on k_1  (cost=0.00..5.42 rows=99 width=0)
	        Index Cond: ((k >= 3876485) AND (k <= 3876585))

table 2 : explain SELECT k, c FROM sbtest2 WHERE k BETWEEN 3876485 AND 3876585
	Bitmap Heap Scan on sbtest2  (cost=5.41..381.49 rows=95 width=125)
	  Recheck Cond: ((k >= 3876485) AND (k <= 3876585))
	  ->  Bitmap Index Scan on k_2  (cost=0.00..5.38 rows=95 width=0)
	        Index Cond: ((k >= 3876485) AND (k <= 3876585))

table 3 : explain SELECT k, c FROM sbtest3 WHERE k BETWEEN 3876485 AND 3876585
	Bitmap Heap Scan on sbtest3  (cost=5.47..405.13 rows=101 width=125)
	  Recheck Cond: ((k >= 3876485) AND (k <= 3876585))
	  ->  Bitmap Index Scan on k_3  (cost=0.00..5.44 rows=101 width=0)
	        Index Cond: ((k >= 3876485) AND (k <= 3876585))

table 4 : explain SELECT k, c FROM sbtest4 WHERE k BETWEEN 3876485 AND 3876585
	Bitmap Heap Scan on sbtest4  (cost=5.38..369.67 rows=92 width=125)
	  Recheck Cond: ((k >= 3876485) AND (k <= 3876585))
	  ->  Bitmap Index Scan on k_4  (cost=0.00..5.35 rows=92 width=0)
	        Index Cond: ((k >= 3876485) AND (k <= 3876585))

table 5 : explain SELECT k, c FROM sbtest5 WHERE k BETWEEN 3876485 AND 3876585
	Bitmap Heap Scan on sbtest5  (cost=5.40..377.55 rows=94 width=125)
	  Recheck Cond: ((k >= 3876485) AND (k <= 3876585))
	  ->  Bitmap Index Scan on k_5  (cost=0.00..5.38 rows=94 width=0)
	        Index Cond: ((k >= 3876485) AND (k <= 3876585))

table 6 : explain SELECT k, c FROM sbtest6 WHERE k BETWEEN 3876485 AND 3876585
	Bitmap Heap Scan on sbtest6  (cost=5.48..409.07 rows=102 width=125)
	  Recheck Cond: ((k >= 3876485) AND (k <= 3876585))
	  ->  Bitmap Index Scan on k_6  (cost=0.00..5.45 rows=102 width=0)
	        Index Cond: ((k >= 3876485) AND (k <= 3876585))

table 7 : explain SELECT k, c FROM sbtest7 WHERE k BETWEEN 3876485 AND 3876585
	Bitmap Heap Scan on sbtest7  (cost=5.55..436.62 rows=109 width=125)
	  Recheck Cond: ((k >= 3876485) AND (k <= 3876585))
	  ->  Bitmap Index Scan on k_7  (cost=0.00..5.52 rows=109 width=0)
	        Index Cond: ((k >= 3876485) AND (k <= 3876585))

table 8 : explain SELECT k, c FROM sbtest8 WHERE k BETWEEN 3876485 AND 3876585
	Bitmap Heap Scan on sbtest8  (cost=5.50..416.94 rows=104 width=125)
	  Recheck Cond: ((k >= 3876485) AND (k <= 3876585))
	  ->  Bitmap Index Scan on k_8  (cost=0.00..5.47 rows=104 width=0)
	        Index Cond: ((k >= 3876485) AND (k <= 3876585))

explain: for range-notcovered :: explain SELECT k, c FROM sbtest%d WHERE k BETWEEN 4704310 AND 4704410
for range-notcovered
table 1 : explain SELECT k, c FROM sbtest1 WHERE k BETWEEN 2708735 AND 2708835
	Bitmap Heap Scan on sbtest1  (cost=5.47..405.13 rows=101 width=125)
	  Recheck Cond: ((k >= 2708735) AND (k <= 2708835))
	  ->  Bitmap Index Scan on k_1  (cost=0.00..5.44 rows=101 width=0)
	        Index Cond: ((k >= 2708735) AND (k <= 2708835))

table 2 : explain SELECT k, c FROM sbtest2 WHERE k BETWEEN 2708735 AND 2708835
	Bitmap Heap Scan on sbtest2  (cost=5.41..381.49 rows=95 width=125)
	  Recheck Cond: ((k >= 2708735) AND (k <= 2708835))
	  ->  Bitmap Index Scan on k_2  (cost=0.00..5.38 rows=95 width=0)
	        Index Cond: ((k >= 2708735) AND (k <= 2708835))

table 3 : explain SELECT k, c FROM sbtest3 WHERE k BETWEEN 2708735 AND 2708835
	Bitmap Heap Scan on sbtest3  (cost=5.47..405.13 rows=101 width=125)
	  Recheck Cond: ((k >= 2708735) AND (k <= 2708835))
	  ->  Bitmap Index Scan on k_3  (cost=0.00..5.44 rows=101 width=0)
	        Index Cond: ((k >= 2708735) AND (k <= 2708835))

table 4 : explain SELECT k, c FROM sbtest4 WHERE k BETWEEN 2708735 AND 2708835
	Bitmap Heap Scan on sbtest4  (cost=5.41..381.49 rows=95 width=125)
	  Recheck Cond: ((k >= 2708735) AND (k <= 2708835))
	  ->  Bitmap Index Scan on k_4  (cost=0.00..5.38 rows=95 width=0)
	        Index Cond: ((k >= 2708735) AND (k <= 2708835))

table 5 : explain SELECT k, c FROM sbtest5 WHERE k BETWEEN 2708735 AND 2708835
	Bitmap Heap Scan on sbtest5  (cost=5.46..401.19 rows=100 width=125)
	  Recheck Cond: ((k >= 2708735) AND (k <= 2708835))
	  ->  Bitmap Index Scan on k_5  (cost=0.00..5.43 rows=100 width=0)
	        Index Cond: ((k >= 2708735) AND (k <= 2708835))

table 6 : explain SELECT k, c FROM sbtest6 WHERE k BETWEEN 2708735 AND 2708835
	Bitmap Heap Scan on sbtest6  (cost=5.47..405.13 rows=101 width=125)
	  Recheck Cond: ((k >= 2708735) AND (k <= 2708835))
	  ->  Bitmap Index Scan on k_6  (cost=0.00..5.44 rows=101 width=0)
	        Index Cond: ((k >= 2708735) AND (k <= 2708835))

table 7 : explain SELECT k, c FROM sbtest7 WHERE k BETWEEN 2708735 AND 2708835
	Bitmap Heap Scan on sbtest7  (cost=5.42..385.43 rows=96 width=125)
	  Recheck Cond: ((k >= 2708735) AND (k <= 2708835))
	  ->  Bitmap Index Scan on k_7  (cost=0.00..5.39 rows=96 width=0)
	        Index Cond: ((k >= 2708735) AND (k <= 2708835))

table 8 : explain SELECT k, c FROM sbtest8 WHERE k BETWEEN 2708735 AND 2708835
	Bitmap Heap Scan on sbtest8  (cost=5.47..405.13 rows=101 width=125)
	  Recheck Cond: ((k >= 2708735) AND (k <= 2708835))
	  ->  Bitmap Index Scan on k_8  (cost=0.00..5.44 rows=101 width=0)
	        Index Cond: ((k >= 2708735) AND (k <= 2708835))

explain: for range-notcovered :: explain SELECT k, c FROM sbtest%d WHERE k BETWEEN 2708735 AND 2708835
for range-notcovered
table 1 : explain SELECT k, c FROM sbtest1 WHERE k BETWEEN 4704310 AND 4704410
	Bitmap Heap Scan on sbtest1  (cost=5.52..424.81 rows=106 width=125)
	  Recheck Cond: ((k >= 4704310) AND (k <= 4704410))
	  ->  Bitmap Index Scan on k_1  (cost=0.00..5.50 rows=106 width=0)
	        Index Cond: ((k >= 4704310) AND (k <= 4704410))

table 2 : explain SELECT k, c FROM sbtest2 WHERE k BETWEEN 4704310 AND 4704410
	Bitmap Heap Scan on sbtest2  (cost=5.35..357.84 rows=89 width=125)
	  Recheck Cond: ((k >= 4704310) AND (k <= 4704410))
	  ->  Bitmap Index Scan on k_2  (cost=0.00..5.32 rows=89 width=0)
	        Index Cond: ((k >= 4704310) AND (k <= 4704410))

table 3 : explain SELECT k, c FROM sbtest3 WHERE k BETWEEN 4704310 AND 4704410
	Bitmap Heap Scan on sbtest3  (cost=5.47..405.13 rows=101 width=125)
	  Recheck Cond: ((k >= 4704310) AND (k <= 4704410))
	  ->  Bitmap Index Scan on k_3  (cost=0.00..5.44 rows=101 width=0)
	        Index Cond: ((k >= 4704310) AND (k <= 4704410))

table 4 : explain SELECT k, c FROM sbtest4 WHERE k BETWEEN 4704310 AND 4704410
	Bitmap Heap Scan on sbtest4  (cost=5.48..409.07 rows=102 width=125)
	  Recheck Cond: ((k >= 4704310) AND (k <= 4704410))
	  ->  Bitmap Index Scan on k_4  (cost=0.00..5.45 rows=102 width=0)
	        Index Cond: ((k >= 4704310) AND (k <= 4704410))

table 5 : explain SELECT k, c FROM sbtest5 WHERE k BETWEEN 4704310 AND 4704410
	Bitmap Heap Scan on sbtest5  (cost=5.43..389.37 rows=97 width=125)
	  Recheck Cond: ((k >= 4704310) AND (k <= 4704410))
	  ->  Bitmap Index Scan on k_5  (cost=0.00..5.40 rows=97 width=0)
	        Index Cond: ((k >= 4704310) AND (k <= 4704410))

table 6 : explain SELECT k, c FROM sbtest6 WHERE k BETWEEN 4704310 AND 4704410
	Bitmap Heap Scan on sbtest6  (cost=5.48..409.07 rows=102 width=125)
	  Recheck Cond: ((k >= 4704310) AND (k <= 4704410))
	  ->  Bitmap Index Scan on k_6  (cost=0.00..5.45 rows=102 width=0)
	        Index Cond: ((k >= 4704310) AND (k <= 4704410))

table 7 : explain SELECT k, c FROM sbtest7 WHERE k BETWEEN 4704310 AND 4704410
	Bitmap Heap Scan on sbtest7  (cost=5.51..420.88 rows=105 width=125)
	  Recheck Cond: ((k >= 4704310) AND (k <= 4704410))
	  ->  Bitmap Index Scan on k_7  (cost=0.00..5.48 rows=105 width=0)
	        Index Cond: ((k >= 4704310) AND (k <= 4704410))

table 8 : explain SELECT k, c FROM sbtest8 WHERE k BETWEEN 4704310 AND 4704410
	Bitmap Heap Scan on sbtest8  (cost=5.58..448.42 rows=112 width=125)
	  Recheck Cond: ((k >= 4704310) AND (k <= 4704410))
	  ->  Bitmap Index Scan on k_8  (cost=0.00..5.55 rows=112 width=0)
	        Index Cond: ((k >= 4704310) AND (k <= 4704410))

explain: for range-notcovered :: explain SELECT k, c FROM sbtest%d WHERE k BETWEEN 4704310 AND 4704410
for range-notcovered
table 1 : explain SELECT k, c FROM sbtest1 WHERE k BETWEEN 2708735 AND 2708835
	Bitmap Heap Scan on sbtest1  (cost=5.47..405.13 rows=101 width=125)
	  Recheck Cond: ((k >= 2708735) AND (k <= 2708835))
	  ->  Bitmap Index Scan on k_1  (cost=0.00..5.44 rows=101 width=0)
	        Index Cond: ((k >= 2708735) AND (k <= 2708835))

table 2 : explain SELECT k, c FROM sbtest2 WHERE k BETWEEN 2708735 AND 2708835
	Bitmap Heap Scan on sbtest2  (cost=5.41..381.49 rows=95 width=125)
	  Recheck Cond: ((k >= 2708735) AND (k <= 2708835))
	  ->  Bitmap Index Scan on k_2  (cost=0.00..5.38 rows=95 width=0)
	        Index Cond: ((k >= 2708735) AND (k <= 2708835))

table 3 : explain SELECT k, c FROM sbtest3 WHERE k BETWEEN 2708735 AND 2708835
	Bitmap Heap Scan on sbtest3  (cost=5.47..405.13 rows=101 width=125)
	  Recheck Cond: ((k >= 2708735) AND (k <= 2708835))
	  ->  Bitmap Index Scan on k_3  (cost=0.00..5.44 rows=101 width=0)
	        Index Cond: ((k >= 2708735) AND (k <= 2708835))

table 4 : explain SELECT k, c FROM sbtest4 WHERE k BETWEEN 2708735 AND 2708835
	Bitmap Heap Scan on sbtest4  (cost=5.41..381.49 rows=95 width=125)
	  Recheck Cond: ((k >= 2708735) AND (k <= 2708835))
	  ->  Bitmap Index Scan on k_4  (cost=0.00..5.38 rows=95 width=0)
	        Index Cond: ((k >= 2708735) AND (k <= 2708835))

table 5 : explain SELECT k, c FROM sbtest5 WHERE k BETWEEN 2708735 AND 2708835
	Bitmap Heap Scan on sbtest5  (cost=5.46..401.19 rows=100 width=125)
	  Recheck Cond: ((k >= 2708735) AND (k <= 2708835))
	  ->  Bitmap Index Scan on k_5  (cost=0.00..5.43 rows=100 width=0)
	        Index Cond: ((k >= 2708735) AND (k <= 2708835))

table 6 : explain SELECT k, c FROM sbtest6 WHERE k BETWEEN 2708735 AND 2708835
	Bitmap Heap Scan on sbtest6  (cost=5.47..405.13 rows=101 width=125)
	  Recheck Cond: ((k >= 2708735) AND (k <= 2708835))
	  ->  Bitmap Index Scan on k_6  (cost=0.00..5.44 rows=101 width=0)
	        Index Cond: ((k >= 2708735) AND (k <= 2708835))

table 7 : explain SELECT k, c FROM sbtest7 WHERE k BETWEEN 2708735 AND 2708835
	Bitmap Heap Scan on sbtest7  (cost=5.42..385.43 rows=96 width=125)
	  Recheck Cond: ((k >= 2708735) AND (k <= 2708835))
	  ->  Bitmap Index Scan on k_7  (cost=0.00..5.39 rows=96 width=0)
	        Index Cond: ((k >= 2708735) AND (k <= 2708835))

table 8 : explain SELECT k, c FROM sbtest8 WHERE k BETWEEN 2708735 AND 2708835
	Bitmap Heap Scan on sbtest8  (cost=5.47..405.13 rows=101 width=125)
	  Recheck Cond: ((k >= 2708735) AND (k <= 2708835))
	  ->  Bitmap Index Scan on k_8  (cost=0.00..5.44 rows=101 width=0)
	        Index Cond: ((k >= 2708735) AND (k <= 2708835))

explain: for range-notcovered :: explain SELECT k, c FROM sbtest%d WHERE k BETWEEN 2708735 AND 2708835
for range-notcovered
table 1 : explain SELECT k, c FROM sbtest1 WHERE k BETWEEN 4704310 AND 4704410
	Bitmap Heap Scan on sbtest1  (cost=5.52..424.81 rows=106 width=125)
	  Recheck Cond: ((k >= 4704310) AND (k <= 4704410))
	  ->  Bitmap Index Scan on k_1  (cost=0.00..5.50 rows=106 width=0)
	        Index Cond: ((k >= 4704310) AND (k <= 4704410))

table 2 : explain SELECT k, c FROM sbtest2 WHERE k BETWEEN 4704310 AND 4704410
	Bitmap Heap Scan on sbtest2  (cost=5.35..357.84 rows=89 width=125)
	  Recheck Cond: ((k >= 4704310) AND (k <= 4704410))
	  ->  Bitmap Index Scan on k_2  (cost=0.00..5.32 rows=89 width=0)
	        Index Cond: ((k >= 4704310) AND (k <= 4704410))

table 3 : explain SELECT k, c FROM sbtest3 WHERE k BETWEEN 4704310 AND 4704410
	Bitmap Heap Scan on sbtest3  (cost=5.47..405.13 rows=101 width=125)
	  Recheck Cond: ((k >= 4704310) AND (k <= 4704410))
	  ->  Bitmap Index Scan on k_3  (cost=0.00..5.44 rows=101 width=0)
	        Index Cond: ((k >= 4704310) AND (k <= 4704410))

table 4 : explain SELECT k, c FROM sbtest4 WHERE k BETWEEN 4704310 AND 4704410
	Bitmap Heap Scan on sbtest4  (cost=5.48..409.07 rows=102 width=125)
	  Recheck Cond: ((k >= 4704310) AND (k <= 4704410))
	  ->  Bitmap Index Scan on k_4  (cost=0.00..5.45 rows=102 width=0)
	        Index Cond: ((k >= 4704310) AND (k <= 4704410))

table 5 : explain SELECT k, c FROM sbtest5 WHERE k BETWEEN 4704310 AND 4704410
	Bitmap Heap Scan on sbtest5  (cost=5.43..389.37 rows=97 width=125)
	  Recheck Cond: ((k >= 4704310) AND (k <= 4704410))
	  ->  Bitmap Index Scan on k_5  (cost=0.00..5.40 rows=97 width=0)
	        Index Cond: ((k >= 4704310) AND (k <= 4704410))

table 6 : explain SELECT k, c FROM sbtest6 WHERE k BETWEEN 4704310 AND 4704410
	Bitmap Heap Scan on sbtest6  (cost=5.48..409.07 rows=102 width=125)
	  Recheck Cond: ((k >= 4704310) AND (k <= 4704410))
	  ->  Bitmap Index Scan on k_6  (cost=0.00..5.45 rows=102 width=0)
	        Index Cond: ((k >= 4704310) AND (k <= 4704410))

table 7 : explain SELECT k, c FROM sbtest7 WHERE k BETWEEN 4704310 AND 4704410
	Bitmap Heap Scan on sbtest7  (cost=5.51..420.88 rows=105 width=125)
	  Recheck Cond: ((k >= 4704310) AND (k <= 4704410))
	  ->  Bitmap Index Scan on k_7  (cost=0.00..5.48 rows=105 width=0)
	        Index Cond: ((k >= 4704310) AND (k <= 4704410))

table 8 : explain SELECT k, c FROM sbtest8 WHERE k BETWEEN 4704310 AND 4704410
	Bitmap Heap Scan on sbtest8  (cost=5.58..448.42 rows=112 width=125)
	  Recheck Cond: ((k >= 4704310) AND (k <= 4704410))
	  ->  Bitmap Index Scan on k_8  (cost=0.00..5.55 rows=112 width=0)
	        Index Cond: ((k >= 4704310) AND (k <= 4704410))

for range-notcovered
table 1 : explain SELECT k, c FROM sbtest1 WHERE k BETWEEN 2708735 AND 2708835
	Bitmap Heap Scan on sbtest1  (cost=5.47..405.13 rows=101 width=125)
	  Recheck Cond: ((k >= 2708735) AND (k <= 2708835))
	  ->  Bitmap Index Scan on k_1  (cost=0.00..5.44 rows=101 width=0)
	        Index Cond: ((k >= 2708735) AND (k <= 2708835))

table 2 : explain SELECT k, c FROM sbtest2 WHERE k BETWEEN 2708735 AND 2708835
	Bitmap Heap Scan on sbtest2  (cost=5.41..381.49 rows=95 width=125)
	  Recheck Cond: ((k >= 2708735) AND (k <= 2708835))
	  ->  Bitmap Index Scan on k_2  (cost=0.00..5.38 rows=95 width=0)
	        Index Cond: ((k >= 2708735) AND (k <= 2708835))

table 3 : explain SELECT k, c FROM sbtest3 WHERE k BETWEEN 2708735 AND 2708835
	Bitmap Heap Scan on sbtest3  (cost=5.47..405.13 rows=101 width=125)
	  Recheck Cond: ((k >= 2708735) AND (k <= 2708835))
	  ->  Bitmap Index Scan on k_3  (cost=0.00..5.44 rows=101 width=0)
	        Index Cond: ((k >= 2708735) AND (k <= 2708835))

table 4 : explain SELECT k, c FROM sbtest4 WHERE k BETWEEN 2708735 AND 2708835
	Bitmap Heap Scan on sbtest4  (cost=5.41..381.49 rows=95 width=125)
	  Recheck Cond: ((k >= 2708735) AND (k <= 2708835))
	  ->  Bitmap Index Scan on k_4  (cost=0.00..5.38 rows=95 width=0)
	        Index Cond: ((k >= 2708735) AND (k <= 2708835))

table 5 : explain SELECT k, c FROM sbtest5 WHERE k BETWEEN 2708735 AND 2708835
	Bitmap Heap Scan on sbtest5  (cost=5.46..401.19 rows=100 width=125)
	  Recheck Cond: ((k >= 2708735) AND (k <= 2708835))
	  ->  Bitmap Index Scan on k_5  (cost=0.00..5.43 rows=100 width=0)
	        Index Cond: ((k >= 2708735) AND (k <= 2708835))

table 6 : explain SELECT k, c FROM sbtest6 WHERE k BETWEEN 2708735 AND 2708835
	Bitmap Heap Scan on sbtest6  (cost=5.47..405.13 rows=101 width=125)
	  Recheck Cond: ((k >= 2708735) AND (k <= 2708835))
	  ->  Bitmap Index Scan on k_6  (cost=0.00..5.44 rows=101 width=0)
	        Index Cond: ((k >= 2708735) AND (k <= 2708835))

table 7 : explain SELECT k, c FROM sbtest7 WHERE k BETWEEN 2708735 AND 2708835
	Bitmap Heap Scan on sbtest7  (cost=5.42..385.43 rows=96 width=125)
	  Recheck Cond: ((k >= 2708735) AND (k <= 2708835))
	  ->  Bitmap Index Scan on k_7  (cost=0.00..5.39 rows=96 width=0)
	        Index Cond: ((k >= 2708735) AND (k <= 2708835))

table 8 : explain SELECT k, c FROM sbtest8 WHERE k BETWEEN 2708735 AND 2708835
	Bitmap Heap Scan on sbtest8  (cost=5.47..405.13 rows=101 width=125)
	  Recheck Cond: ((k >= 2708735) AND (k <= 2708835))
	  ->  Bitmap Index Scan on k_8  (cost=0.00..5.44 rows=101 width=0)
	        Index Cond: ((k >= 2708735) AND (k <= 2708835))

explain: for range-notcovered :: explain SELECT k, c FROM sbtest%d WHERE k BETWEEN 2708735 AND 2708835
for range-notcovered
table 1 : explain SELECT k, c FROM sbtest1 WHERE k BETWEEN 2708735 AND 2708835
	Bitmap Heap Scan on sbtest1  (cost=5.47..405.13 rows=101 width=125)
	  Recheck Cond: ((k >= 2708735) AND (k <= 2708835))
	  ->  Bitmap Index Scan on k_1  (cost=0.00..5.44 rows=101 width=0)
	        Index Cond: ((k >= 2708735) AND (k <= 2708835))

table 2 : explain SELECT k, c FROM sbtest2 WHERE k BETWEEN 2708735 AND 2708835
	Bitmap Heap Scan on sbtest2  (cost=5.41..381.49 rows=95 width=125)
	  Recheck Cond: ((k >= 2708735) AND (k <= 2708835))
	  ->  Bitmap Index Scan on k_2  (cost=0.00..5.38 rows=95 width=0)
	        Index Cond: ((k >= 2708735) AND (k <= 2708835))

table 3 : explain SELECT k, c FROM sbtest3 WHERE k BETWEEN 2708735 AND 2708835
	Bitmap Heap Scan on sbtest3  (cost=5.47..405.13 rows=101 width=125)
	  Recheck Cond: ((k >= 2708735) AND (k <= 2708835))
	  ->  Bitmap Index Scan on k_3  (cost=0.00..5.44 rows=101 width=0)
	        Index Cond: ((k >= 2708735) AND (k <= 2708835))

table 4 : explain SELECT k, c FROM sbtest4 WHERE k BETWEEN 2708735 AND 2708835
	Bitmap Heap Scan on sbtest4  (cost=5.41..381.49 rows=95 width=125)
	  Recheck Cond: ((k >= 2708735) AND (k <= 2708835))
	  ->  Bitmap Index Scan on k_4  (cost=0.00..5.38 rows=95 width=0)
	        Index Cond: ((k >= 2708735) AND (k <= 2708835))

table 5 : explain SELECT k, c FROM sbtest5 WHERE k BETWEEN 2708735 AND 2708835
	Bitmap Heap Scan on sbtest5  (cost=5.46..401.19 rows=100 width=125)
	  Recheck Cond: ((k >= 2708735) AND (k <= 2708835))
	  ->  Bitmap Index Scan on k_5  (cost=0.00..5.43 rows=100 width=0)
	        Index Cond: ((k >= 2708735) AND (k <= 2708835))

table 6 : explain SELECT k, c FROM sbtest6 WHERE k BETWEEN 2708735 AND 2708835
	Bitmap Heap Scan on sbtest6  (cost=5.47..405.13 rows=101 width=125)
	  Recheck Cond: ((k >= 2708735) AND (k <= 2708835))
	  ->  Bitmap Index Scan on k_6  (cost=0.00..5.44 rows=101 width=0)
	        Index Cond: ((k >= 2708735) AND (k <= 2708835))

table 7 : explain SELECT k, c FROM sbtest7 WHERE k BETWEEN 2708735 AND 2708835
	Bitmap Heap Scan on sbtest7  (cost=5.42..385.43 rows=96 width=125)
	  Recheck Cond: ((k >= 2708735) AND (k <= 2708835))
	  ->  Bitmap Index Scan on k_7  (cost=0.00..5.39 rows=96 width=0)
	        Index Cond: ((k >= 2708735) AND (k <= 2708835))

table 8 : explain SELECT k, c FROM sbtest8 WHERE k BETWEEN 2708735 AND 2708835
	Bitmap Heap Scan on sbtest8  (cost=5.47..405.13 rows=101 width=125)
	  Recheck Cond: ((k >= 2708735) AND (k <= 2708835))
	  ->  Bitmap Index Scan on k_8  (cost=0.00..5.44 rows=101 width=0)
	        Index Cond: ((k >= 2708735) AND (k <= 2708835))

Threads started!

Warming up for 5 seconds...

SQL statistics:
    queries performed:
        read:                            104294277
        write:                           0
        other:                           0
        total:                           104294277
    transactions:                        104294277 (165544.91 per sec.)
    queries:                             104294277 (165544.91 per sec.)
    ignored errors:                      0      (0.00 per sec.)
    reconnects:                          0      (0.00 per sec.)

Throughput:
    events/s (eps):                      165544.9119
    time elapsed:                        630.0060s
    total number of events:              104294277

Latency (ms):
         min:                                    0.07
         avg:                                    0.24
         max:                                   20.29
         95th percentile:                        0.28
         sum:                             25158801.45

Threads fairness:
    events (avg/stddev):           2607354.1250/8864.68
    execution time (avg/stddev):   628.9700/0.03

