LUA_PATH=/home/mdcallag/git/mytools/bench/sysbench.lua/lua/?.lua /home/mdcallag/git/mytools/bench/sysbench.lua/lua/sysbench --db-driver=pgsql --range-size=100 --table-size=10000000 --tables=8 --threads=40 --events=0 --warmup-time=5 --time=630 --pgsql_conn_id=true /home/mdcallag/git/mytools/bench/sysbench.lua/lua/oltp_point_select.lua run --pgsql-user=root --pgsql-password=pw --pgsql-host=127.0.0.1 --pgsql-db=ib --rand-type=uniform --skip-trx
48 CPUs
sysbench 1.1.0-9072687 (using bundled LuaJIT 2.1.0-beta3)

Running the test with following options:
Number of threads: 40
Warmup time: 5s
Initializing random number generator from current time


Initializing worker threads...

explain: for point_selects :: explain SELECT c FROM sbtest%u WHERE id=%u
explain: for point_selects :: explain SELECT c FROM sbtest%u WHERE id=%u
explain: for point_selects :: explain SELECT c FROM sbtest%u WHERE id=%u
explain: for point_selects :: explain SELECT c FROM sbtest%u WHERE id=%u
explain: for point_selects :: explain SELECT c FROM sbtest%u WHERE id=%u
for point_selects
table 1 : explain SELECT c FROM sbtest1 WHERE id=8116649
	Index Scan using sbtest1_pkey on sbtest1  (cost=0.43..8.45 rows=1 width=121)
	  Index Cond: (id = 8116649)

table 2 : explain SELECT c FROM sbtest2 WHERE id=2395878
	Index Scan using sbtest2_pkey on sbtest2  (cost=0.43..8.45 rows=1 width=121)
	  Index Cond: (id = 2395878)

table 3 : explain SELECT c FROM sbtest3 WHERE id=7068520
	Index Scan using sbtest3_pkey on sbtest3  (cost=0.43..8.45 rows=1 width=121)
	  Index Cond: (id = 7068520)

table 4 : explain SELECT c FROM sbtest4 WHERE id=2825559
	Index Scan using sbtest4_pkey on sbtest4  (cost=0.43..8.45 rows=1 width=121)
	  Index Cond: (id = 2825559)

table 5 : explain SELECT c FROM sbtest5 WHERE id=1842518
	Index Scan using sbtest5_pkey on sbtest5  (cost=0.43..8.45 rows=1 width=121)
	  Index Cond: (id = 1842518)

table 6 : explain SELECT c FROM sbtest6 WHERE id=7575702
	Index Scan using sbtest6_pkey on sbtest6  (cost=0.43..8.45 rows=1 width=121)
	  Index Cond: (id = 7575702)

table 7 : explain SELECT c FROM sbtest7 WHERE id=6050544
	Index Scan using sbtest7_pkey on sbtest7  (cost=0.43..8.45 rows=1 width=121)
	  Index Cond: (id = 6050544)

table 8 : explain SELECT c FROM sbtest8 WHERE id=8231099
	Index Scan using sbtest8_pkey on sbtest8  (cost=0.43..8.45 rows=1 width=121)
	  Index Cond: (id = 8231099)

for point_selects
table 1 : explain SELECT c FROM sbtest1 WHERE id=4271984
	Index Scan using sbtest1_pkey on sbtest1  (cost=0.43..8.45 rows=1 width=121)
	  Index Cond: (id = 4271984)

table 2 : explain SELECT c FROM sbtest2 WHERE id=3335384
	Index Scan using sbtest2_pkey on sbtest2  (cost=0.43..8.45 rows=1 width=121)
	  Index Cond: (id = 3335384)

table 3 : explain SELECT c FROM sbtest3 WHERE id=328490
	Index Scan using sbtest3_pkey on sbtest3  (cost=0.43..8.45 rows=1 width=121)
	  Index Cond: (id = 328490)

table 4 : explain SELECT c FROM sbtest4 WHERE id=5754704
	Index Scan using sbtest4_pkey on sbtest4  (cost=0.43..8.45 rows=1 width=121)
	  Index Cond: (id = 5754704)

table 5 : explain SELECT c FROM sbtest5 WHERE id=3791527
	Index Scan using sbtest5_pkey on sbtest5  (cost=0.43..8.45 rows=1 width=121)
	  Index Cond: (id = 3791527)

table 6 : explain SELECT c FROM sbtest6 WHERE id=5292630
	Index Scan using sbtest6_pkey on sbtest6  (cost=0.43..8.45 rows=1 width=121)
	  Index Cond: (id = 5292630)

table 7 : explain SELECT c FROM sbtest7 WHERE id=4636044
	Index Scan using sbtest7_pkey on sbtest7  (cost=0.43..8.45 rows=1 width=121)
	  Index Cond: (id = 4636044)

table 8 : explain SELECT c FROM sbtest8 WHERE id=9830428
	Index Scan using sbtest8_pkey on sbtest8  (cost=0.43..8.45 rows=1 width=121)
	  Index Cond: (id = 9830428)

for point_selects
table 1 : explain SELECT c FROM sbtest1 WHERE id=6864530
	Index Scan using sbtest1_pkey on sbtest1  (cost=0.43..8.45 rows=1 width=121)
	  Index Cond: (id = 6864530)

table 2 : explain SELECT c FROM sbtest2 WHERE id=7403113
	Index Scan using sbtest2_pkey on sbtest2  (cost=0.43..8.45 rows=1 width=121)
	  Index Cond: (id = 7403113)

table 3 : explain SELECT c FROM sbtest3 WHERE id=7911589
	Index Scan using sbtest3_pkey on sbtest3  (cost=0.43..8.45 rows=1 width=121)
	  Index Cond: (id = 7911589)

table 4 : explain SELECT c FROM sbtest4 WHERE id=8092267
	Index Scan using sbtest4_pkey on sbtest4  (cost=0.43..8.45 rows=1 width=121)
	  Index Cond: (id = 8092267)

table 5 : explain SELECT c FROM sbtest5 WHERE id=3496025
	Index Scan using sbtest5_pkey on sbtest5  (cost=0.43..8.45 rows=1 width=121)
	  Index Cond: (id = 3496025)

table 6 : explain SELECT c FROM sbtest6 WHERE id=7103826
	Index Scan using sbtest6_pkey on sbtest6  (cost=0.43..8.45 rows=1 width=121)
	  Index Cond: (id = 7103826)

table 7 : explain SELECT c FROM sbtest7 WHERE id=8791971
	Index Scan using sbtest7_pkey on sbtest7  (cost=0.43..8.45 rows=1 width=121)
	  Index Cond: (id = 8791971)

table 8 : explain SELECT c FROM sbtest8 WHERE id=9672210
	Index Scan using sbtest8_pkey on sbtest8  (cost=0.43..8.45 rows=1 width=121)
	  Index Cond: (id = 9672210)

explain: for point_selects :: explain SELECT c FROM sbtest%u WHERE id=%u
for point_selects
table 1 : explain SELECT c FROM sbtest1 WHERE id=9906024
	Index Scan using sbtest1_pkey on sbtest1  (cost=0.43..8.45 rows=1 width=121)
	  Index Cond: (id = 9906024)

table 2 : explain SELECT c FROM sbtest2 WHERE id=251143
	Index Scan using sbtest2_pkey on sbtest2  (cost=0.43..8.45 rows=1 width=121)
	  Index Cond: (id = 251143)

table 3 : explain SELECT c FROM sbtest3 WHERE id=7193859
	Index Scan using sbtest3_pkey on sbtest3  (cost=0.43..8.45 rows=1 width=121)
	  Index Cond: (id = 7193859)

table 4 : explain SELECT c FROM sbtest4 WHERE id=2243117
	Index Scan using sbtest4_pkey on sbtest4  (cost=0.43..8.45 rows=1 width=121)
	  Index Cond: (id = 2243117)

table 5 : explain SELECT c FROM sbtest5 WHERE id=8147218
	Index Scan using sbtest5_pkey on sbtest5  (cost=0.43..8.45 rows=1 width=121)
	  Index Cond: (id = 8147218)

table 6 : explain SELECT c FROM sbtest6 WHERE id=3950162
	Index Scan using sbtest6_pkey on sbtest6  (cost=0.43..8.45 rows=1 width=121)
	  Index Cond: (id = 3950162)

table 7 : explain SELECT c FROM sbtest7 WHERE id=2578898
	Index Scan using sbtest7_pkey on sbtest7  (cost=0.43..8.45 rows=1 width=121)
	  Index Cond: (id = 2578898)

table 8 : explain SELECT c FROM sbtest8 WHERE id=3945434
	Index Scan using sbtest8_pkey on sbtest8  (cost=0.43..8.45 rows=1 width=121)
	  Index Cond: (id = 3945434)

explain: for point_selects :: explain SELECT c FROM sbtest%u WHERE id=%u
explain: for point_selects :: explain SELECT c FROM sbtest%u WHERE id=%u
explain: for point_selects :: explain SELECT c FROM sbtest%u WHERE id=%u
for point_selects
table 1 : explain SELECT c FROM sbtest1 WHERE id=7955068
	Index Scan using sbtest1_pkey on sbtest1  (cost=0.43..8.45 rows=1 width=121)
	  Index Cond: (id = 7955068)

table 2 : explain SELECT c FROM sbtest2 WHERE id=6813777
	Index Scan using sbtest2_pkey on sbtest2  (cost=0.43..8.45 rows=1 width=121)
	  Index Cond: (id = 6813777)

table 3 : explain SELECT c FROM sbtest3 WHERE id=4421129
	Index Scan using sbtest3_pkey on sbtest3  (cost=0.43..8.45 rows=1 width=121)
	  Index Cond: (id = 4421129)

table 4 : explain SELECT c FROM sbtest4 WHERE id=9540970
	Index Scan using sbtest4_pkey on sbtest4  (cost=0.43..8.45 rows=1 width=121)
	  Index Cond: (id = 9540970)

table 5 : explain SELECT c FROM sbtest5 WHERE id=7928046
	Index Scan using sbtest5_pkey on sbtest5  (cost=0.43..8.45 rows=1 width=121)
	  Index Cond: (id = 7928046)

table 6 : explain SELECT c FROM sbtest6 WHERE id=7364968
	Index Scan using sbtest6_pkey on sbtest6  (cost=0.43..8.45 rows=1 width=121)
	  Index Cond: (id = 7364968)

table 7 : explain SELECT c FROM sbtest7 WHERE id=5332780
	Index Scan using sbtest7_pkey on sbtest7  (cost=0.43..8.45 rows=1 width=121)
	  Index Cond: (id = 5332780)

table 8 : explain SELECT c FROM sbtest8 WHERE id=8165204
	Index Scan using sbtest8_pkey on sbtest8  (cost=0.43..8.45 rows=1 width=121)
	  Index Cond: (id = 8165204)

explain: for point_selects :: explain SELECT c FROM sbtest%u WHERE id=%u
for point_selects
table 1 : explain SELECT c FROM sbtest1 WHERE id=9449673
	Index Scan using sbtest1_pkey on sbtest1  (cost=0.43..8.45 rows=1 width=121)
	  Index Cond: (id = 9449673)

table 2 : explain SELECT c FROM sbtest2 WHERE id=748691
	Index Scan using sbtest2_pkey on sbtest2  (cost=0.43..8.45 rows=1 width=121)
	  Index Cond: (id = 748691)

table 3 : explain SELECT c FROM sbtest3 WHERE id=9482676
	Index Scan using sbtest3_pkey on sbtest3  (cost=0.43..8.45 rows=1 width=121)
	  Index Cond: (id = 9482676)

table 4 : explain SELECT c FROM sbtest4 WHERE id=4744853
	Index Scan using sbtest4_pkey on sbtest4  (cost=0.43..8.45 rows=1 width=121)
	  Index Cond: (id = 4744853)

table 5 : explain SELECT c FROM sbtest5 WHERE id=3730762
	Index Scan using sbtest5_pkey on sbtest5  (cost=0.43..8.45 rows=1 width=121)
	  Index Cond: (id = 3730762)

table 6 : explain SELECT c FROM sbtest6 WHERE id=9757134
	Index Scan using sbtest6_pkey on sbtest6  (cost=0.43..8.45 rows=1 width=121)
	  Index Cond: (id = 9757134)

table 7 : explain SELECT c FROM sbtest7 WHERE id=4861828
	Index Scan using sbtest7_pkey on sbtest7  (cost=0.43..8.45 rows=1 width=121)
	  Index Cond: (id = 4861828)

table 8 : explain SELECT c FROM sbtest8 WHERE id=8023843
	Index Scan using sbtest8_pkey on sbtest8  (cost=0.43..8.45 rows=1 width=121)
	  Index Cond: (id = 8023843)

for point_selects
table 1 : explain SELECT c FROM sbtest1 WHERE id=9897792
	Index Scan using sbtest1_pkey on sbtest1  (cost=0.43..8.45 rows=1 width=121)
	  Index Cond: (id = 9897792)

table 2 : explain SELECT c FROM sbtest2 WHERE id=8003932
	Index Scan using sbtest2_pkey on sbtest2  (cost=0.43..8.45 rows=1 width=121)
	  Index Cond: (id = 8003932)

table 3 : explain SELECT c FROM sbtest3 WHERE id=9006022
	Index Scan using sbtest3_pkey on sbtest3  (cost=0.43..8.45 rows=1 width=121)
	  Index Cond: (id = 9006022)

table 4 : explain SELECT c FROM sbtest4 WHERE id=1066959
	Index Scan using sbtest4_pkey on sbtest4  (cost=0.43..8.45 rows=1 width=121)
	  Index Cond: (id = 1066959)

table 5 : explain SELECT c FROM sbtest5 WHERE id=8593117
	Index Scan using sbtest5_pkey on sbtest5  (cost=0.43..8.45 rows=1 width=121)
	  Index Cond: (id = 8593117)

table 6 : explain SELECT c FROM sbtest6 WHERE id=1262440
	Index Scan using sbtest6_pkey on sbtest6  (cost=0.43..8.45 rows=1 width=121)
	  Index Cond: (id = 1262440)

table 7 : explain SELECT c FROM sbtest7 WHERE id=2101300
	Index Scan using sbtest7_pkey on sbtest7  (cost=0.43..8.45 rows=1 width=121)
	  Index Cond: (id = 2101300)

table 8 : explain SELECT c FROM sbtest8 WHERE id=1353252
	Index Scan using sbtest8_pkey on sbtest8  (cost=0.43..8.45 rows=1 width=121)
	  Index Cond: (id = 1353252)

for point_selects
table 1 : explain SELECT c FROM sbtest1 WHERE id=4929620
	Index Scan using sbtest1_pkey on sbtest1  (cost=0.43..8.45 rows=1 width=121)
	  Index Cond: (id = 4929620)

table 2 : explain SELECT c FROM sbtest2 WHERE id=7166279
	Index Scan using sbtest2_pkey on sbtest2  (cost=0.43..8.45 rows=1 width=121)
	  Index Cond: (id = 7166279)

table 3 : explain SELECT c FROM sbtest3 WHERE id=7917044
	Index Scan using sbtest3_pkey on sbtest3  (cost=0.43..8.45 rows=1 width=121)
	  Index Cond: (id = 7917044)

table 4 : explain SELECT c FROM sbtest4 WHERE id=2141747
	Index Scan using sbtest4_pkey on sbtest4  (cost=0.43..8.45 rows=1 width=121)
	  Index Cond: (id = 2141747)

table 5 : explain SELECT c FROM sbtest5 WHERE id=5839987
	Index Scan using sbtest5_pkey on sbtest5  (cost=0.43..8.45 rows=1 width=121)
	  Index Cond: (id = 5839987)

table 6 : explain SELECT c FROM sbtest6 WHERE id=2644909
	Index Scan using sbtest6_pkey on sbtest6  (cost=0.43..8.45 rows=1 width=121)
	  Index Cond: (id = 2644909)

table 7 : explain SELECT c FROM sbtest7 WHERE id=8354098
	Index Scan using sbtest7_pkey on sbtest7  (cost=0.43..8.45 rows=1 width=121)
	  Index Cond: (id = 8354098)

table 8 : explain SELECT c FROM sbtest8 WHERE id=4921949
	Index Scan using sbtest8_pkey on sbtest8  (cost=0.43..8.45 rows=1 width=121)
	  Index Cond: (id = 4921949)

explain: for point_selects :: explain SELECT c FROM sbtest%u WHERE id=%u
explain: for point_selects :: explain SELECT c FROM sbtest%u WHERE id=%u
for point_selects
table 1 : explain SELECT c FROM sbtest1 WHERE id=3642296
	Index Scan using sbtest1_pkey on sbtest1  (cost=0.43..8.45 rows=1 width=121)
	  Index Cond: (id = 3642296)

table 2 : explain SELECT c FROM sbtest2 WHERE id=3755039
	Index Scan using sbtest2_pkey on sbtest2  (cost=0.43..8.45 rows=1 width=121)
	  Index Cond: (id = 3755039)

table 3 : explain SELECT c FROM sbtest3 WHERE id=6440622
	Index Scan using sbtest3_pkey on sbtest3  (cost=0.43..8.45 rows=1 width=121)
	  Index Cond: (id = 6440622)

table 4 : explain SELECT c FROM sbtest4 WHERE id=4034885
	Index Scan using sbtest4_pkey on sbtest4  (cost=0.43..8.45 rows=1 width=121)
	  Index Cond: (id = 4034885)

table 5 : explain SELECT c FROM sbtest5 WHERE id=3517449
	Index Scan using sbtest5_pkey on sbtest5  (cost=0.43..8.45 rows=1 width=121)
	  Index Cond: (id = 3517449)

table 6 : explain SELECT c FROM sbtest6 WHERE id=5853712
	Index Scan using sbtest6_pkey on sbtest6  (cost=0.43..8.45 rows=1 width=121)
	  Index Cond: (id = 5853712)

table 7 : explain SELECT c FROM sbtest7 WHERE id=5801958
	Index Scan using sbtest7_pkey on sbtest7  (cost=0.43..8.45 rows=1 width=121)
	  Index Cond: (id = 5801958)

table 8 : explain SELECT c FROM sbtest8 WHERE id=8677712
	Index Scan using sbtest8_pkey on sbtest8  (cost=0.43..8.45 rows=1 width=121)
	  Index Cond: (id = 8677712)

explain: for point_selects :: explain SELECT c FROM sbtest%u WHERE id=%u
explain: for point_selects :: explain SELECT c FROM sbtest%u WHERE id=%u
for point_selects
table 1 : explain SELECT c FROM sbtest1 WHERE id=4839273
	Index Scan using sbtest1_pkey on sbtest1  (cost=0.43..8.45 rows=1 width=121)
	  Index Cond: (id = 4839273)

table 2 : explain SELECT c FROM sbtest2 WHERE id=2692860
	Index Scan using sbtest2_pkey on sbtest2  (cost=0.43..8.45 rows=1 width=121)
	  Index Cond: (id = 2692860)

table 3 : explain SELECT c FROM sbtest3 WHERE id=9051509
	Index Scan using sbtest3_pkey on sbtest3  (cost=0.43..8.45 rows=1 width=121)
	  Index Cond: (id = 9051509)

table 4 : explain SELECT c FROM sbtest4 WHERE id=480629
	Index Scan using sbtest4_pkey on sbtest4  (cost=0.43..8.45 rows=1 width=121)
	  Index Cond: (id = 480629)

table 5 : explain SELECT c FROM sbtest5 WHERE id=1365475
	Index Scan using sbtest5_pkey on sbtest5  (cost=0.43..8.45 rows=1 width=121)
	  Index Cond: (id = 1365475)

table 6 : explain SELECT c FROM sbtest6 WHERE id=3854591
	Index Scan using sbtest6_pkey on sbtest6  (cost=0.43..8.45 rows=1 width=121)
	  Index Cond: (id = 3854591)

table 7 : explain SELECT c FROM sbtest7 WHERE id=9753167
	Index Scan using sbtest7_pkey on sbtest7  (cost=0.43..8.45 rows=1 width=121)
	  Index Cond: (id = 9753167)

table 8 : explain SELECT c FROM sbtest8 WHERE id=6449555
	Index Scan using sbtest8_pkey on sbtest8  (cost=0.43..8.45 rows=1 width=121)
	  Index Cond: (id = 6449555)

explain: for point_selects :: explain SELECT c FROM sbtest%u WHERE id=%u
for point_selects
table 1 : explain SELECT c FROM sbtest1 WHERE id=7839777
	Index Scan using sbtest1_pkey on sbtest1  (cost=0.43..8.45 rows=1 width=121)
	  Index Cond: (id = 7839777)

table 2 : explain SELECT c FROM sbtest2 WHERE id=4857184
	Index Scan using sbtest2_pkey on sbtest2  (cost=0.43..8.45 rows=1 width=121)
	  Index Cond: (id = 4857184)

table 3 : explain SELECT c FROM sbtest3 WHERE id=5880795
	Index Scan using sbtest3_pkey on sbtest3  (cost=0.43..8.45 rows=1 width=121)
	  Index Cond: (id = 5880795)

table 4 : explain SELECT c FROM sbtest4 WHERE id=4561674
	Index Scan using sbtest4_pkey on sbtest4  (cost=0.43..8.45 rows=1 width=121)
	  Index Cond: (id = 4561674)

table 5 : explain SELECT c FROM sbtest5 WHERE id=8698430
	Index Scan using sbtest5_pkey on sbtest5  (cost=0.43..8.45 rows=1 width=121)
	  Index Cond: (id = 8698430)

table 6 : explain SELECT c FROM sbtest6 WHERE id=5964216
	Index Scan using sbtest6_pkey on sbtest6  (cost=0.43..8.45 rows=1 width=121)
	  Index Cond: (id = 5964216)

table 7 : explain SELECT c FROM sbtest7 WHERE id=5422624
	Index Scan using sbtest7_pkey on sbtest7  (cost=0.43..8.45 rows=1 width=121)
	  Index Cond: (id = 5422624)

table 8 : explain SELECT c FROM sbtest8 WHERE id=1633903
	Index Scan using sbtest8_pkey on sbtest8  (cost=0.43..8.45 rows=1 width=121)
	  Index Cond: (id = 1633903)

for point_selects
table 1 : explain SELECT c FROM sbtest1 WHERE id=1497972
	Index Scan using sbtest1_pkey on sbtest1  (cost=0.43..8.45 rows=1 width=121)
	  Index Cond: (id = 1497972)

table 2 : explain SELECT c FROM sbtest2 WHERE id=5201071
	Index Scan using sbtest2_pkey on sbtest2  (cost=0.43..8.45 rows=1 width=121)
	  Index Cond: (id = 5201071)

table 3 : explain SELECT c FROM sbtest3 WHERE id=2057659
	Index Scan using sbtest3_pkey on sbtest3  (cost=0.43..8.45 rows=1 width=121)
	  Index Cond: (id = 2057659)

table 4 : explain SELECT c FROM sbtest4 WHERE id=4354284
	Index Scan using sbtest4_pkey on sbtest4  (cost=0.43..8.45 rows=1 width=121)
	  Index Cond: (id = 4354284)

table 5 : explain SELECT c FROM sbtest5 WHERE id=9750660
	Index Scan using sbtest5_pkey on sbtest5  (cost=0.43..8.45 rows=1 width=121)
	  Index Cond: (id = 9750660)

table 6 : explain SELECT c FROM sbtest6 WHERE id=1397956
	Index Scan using sbtest6_pkey on sbtest6  (cost=0.43..8.45 rows=1 width=121)
	  Index Cond: (id = 1397956)

table 7 : explain SELECT c FROM sbtest7 WHERE id=4588191
	Index Scan using sbtest7_pkey on sbtest7  (cost=0.43..8.45 rows=1 width=121)
	  Index Cond: (id = 4588191)

table 8 : explain SELECT c FROM sbtest8 WHERE id=5073513
	Index Scan using sbtest8_pkey on sbtest8  (cost=0.43..8.45 rows=1 width=121)
	  Index Cond: (id = 5073513)

for point_selects
table 1 : explain SELECT c FROM sbtest1 WHERE id=2815204
	Index Scan using sbtest1_pkey on sbtest1  (cost=0.43..8.45 rows=1 width=121)
	  Index Cond: (id = 2815204)

table 2 : explain SELECT c FROM sbtest2 WHERE id=3800584
	Index Scan using sbtest2_pkey on sbtest2  (cost=0.43..8.45 rows=1 width=121)
	  Index Cond: (id = 3800584)

table 3 : explain SELECT c FROM sbtest3 WHERE id=2626755
	Index Scan using sbtest3_pkey on sbtest3  (cost=0.43..8.45 rows=1 width=121)
	  Index Cond: (id = 2626755)

table 4 : explain SELECT c FROM sbtest4 WHERE id=7005650
	Index Scan using sbtest4_pkey on sbtest4  (cost=0.43..8.45 rows=1 width=121)
	  Index Cond: (id = 7005650)

table 5 : explain SELECT c FROM sbtest5 WHERE id=4225148
	Index Scan using sbtest5_pkey on sbtest5  (cost=0.43..8.45 rows=1 width=121)
	  Index Cond: (id = 4225148)

table 6 : explain SELECT c FROM sbtest6 WHERE id=2236359
	Index Scan using sbtest6_pkey on sbtest6  (cost=0.43..8.45 rows=1 width=121)
	  Index Cond: (id = 2236359)

table 7 : explain SELECT c FROM sbtest7 WHERE id=3505292
	Index Scan using sbtest7_pkey on sbtest7  (cost=0.43..8.45 rows=1 width=121)
	  Index Cond: (id = 3505292)

table 8 : explain SELECT c FROM sbtest8 WHERE id=2382444
	Index Scan using sbtest8_pkey on sbtest8  (cost=0.43..8.45 rows=1 width=121)
	  Index Cond: (id = 2382444)

for point_selects
table 1 : explain SELECT c FROM sbtest1 WHERE id=1133489
	Index Scan using sbtest1_pkey on sbtest1  (cost=0.43..8.45 rows=1 width=121)
	  Index Cond: (id = 1133489)

table 2 : explain SELECT c FROM sbtest2 WHERE id=1872369
	Index Scan using sbtest2_pkey on sbtest2  (cost=0.43..8.45 rows=1 width=121)
	  Index Cond: (id = 1872369)

table 3 : explain SELECT c FROM sbtest3 WHERE id=4160070
	Index Scan using sbtest3_pkey on sbtest3  (cost=0.43..8.45 rows=1 width=121)
	  Index Cond: (id = 4160070)

table 4 : explain SELECT c FROM sbtest4 WHERE id=770379
	Index Scan using sbtest4_pkey on sbtest4  (cost=0.43..8.45 rows=1 width=121)
	  Index Cond: (id = 770379)

table 5 : explain SELECT c FROM sbtest5 WHERE id=2610615
	Index Scan using sbtest5_pkey on sbtest5  (cost=0.43..8.45 rows=1 width=121)
	  Index Cond: (id = 2610615)

table 6 : explain SELECT c FROM sbtest6 WHERE id=7213704
	Index Scan using sbtest6_pkey on sbtest6  (cost=0.43..8.45 rows=1 width=121)
	  Index Cond: (id = 7213704)

table 7 : explain SELECT c FROM sbtest7 WHERE id=796784
	Index Scan using sbtest7_pkey on sbtest7  (cost=0.43..8.45 rows=1 width=121)
	  Index Cond: (id = 796784)

table 8 : explain SELECT c FROM sbtest8 WHERE id=7626974
	Index Scan using sbtest8_pkey on sbtest8  (cost=0.43..8.45 rows=1 width=121)
	  Index Cond: (id = 7626974)

explain: for point_selects :: explain SELECT c FROM sbtest%u WHERE id=%u
for point_selects
table 1 : explain SELECT c FROM sbtest1 WHERE id=2447772
	Index Scan using sbtest1_pkey on sbtest1  (cost=0.43..8.45 rows=1 width=121)
	  Index Cond: (id = 2447772)

table 2 : explain SELECT c FROM sbtest2 WHERE id=8995959
	Index Scan using sbtest2_pkey on sbtest2  (cost=0.43..8.45 rows=1 width=121)
	  Index Cond: (id = 8995959)

table 3 : explain SELECT c FROM sbtest3 WHERE id=6394477
	Index Scan using sbtest3_pkey on sbtest3  (cost=0.43..8.45 rows=1 width=121)
	  Index Cond: (id = 6394477)

table 4 : explain SELECT c FROM sbtest4 WHERE id=9112204
	Index Scan using sbtest4_pkey on sbtest4  (cost=0.43..8.45 rows=1 width=121)
	  Index Cond: (id = 9112204)

table 5 : explain SELECT c FROM sbtest5 WHERE id=7877475
	Index Scan using sbtest5_pkey on sbtest5  (cost=0.43..8.45 rows=1 width=121)
	  Index Cond: (id = 7877475)

table 6 : explain SELECT c FROM sbtest6 WHERE id=5043684
	Index Scan using sbtest6_pkey on sbtest6  (cost=0.43..8.45 rows=1 width=121)
	  Index Cond: (id = 5043684)

table 7 : explain SELECT c FROM sbtest7 WHERE id=5841000
	Index Scan using sbtest7_pkey on sbtest7  (cost=0.43..8.45 rows=1 width=121)
	  Index Cond: (id = 5841000)

table 8 : explain SELECT c FROM sbtest8 WHERE id=8470736
	Index Scan using sbtest8_pkey on sbtest8  (cost=0.43..8.45 rows=1 width=121)
	  Index Cond: (id = 8470736)

explain: for point_selects :: explain SELECT c FROM sbtest%u WHERE id=%u
for point_selects
table 1 : explain SELECT c FROM sbtest1 WHERE id=1721401
	Index Scan using sbtest1_pkey on sbtest1  (cost=0.43..8.45 rows=1 width=121)
	  Index Cond: (id = 1721401)

table 2 : explain SELECT c FROM sbtest2 WHERE id=8583555
	Index Scan using sbtest2_pkey on sbtest2  (cost=0.43..8.45 rows=1 width=121)
	  Index Cond: (id = 8583555)

table 3 : explain SELECT c FROM sbtest3 WHERE id=5728655
	Index Scan using sbtest3_pkey on sbtest3  (cost=0.43..8.45 rows=1 width=121)
	  Index Cond: (id = 5728655)

table 4 : explain SELECT c FROM sbtest4 WHERE id=8012066
	Index Scan using sbtest4_pkey on sbtest4  (cost=0.43..8.45 rows=1 width=121)
	  Index Cond: (id = 8012066)

table 5 : explain SELECT c FROM sbtest5 WHERE id=2138863
	Index Scan using sbtest5_pkey on sbtest5  (cost=0.43..8.45 rows=1 width=121)
	  Index Cond: (id = 2138863)

table 6 : explain SELECT c FROM sbtest6 WHERE id=7186877
	Index Scan using sbtest6_pkey on sbtest6  (cost=0.43..8.45 rows=1 width=121)
	  Index Cond: (id = 7186877)

table 7 : explain SELECT c FROM sbtest7 WHERE id=869156
	Index Scan using sbtest7_pkey on sbtest7  (cost=0.43..8.45 rows=1 width=121)
	  Index Cond: (id = 869156)

table 8 : explain SELECT c FROM sbtest8 WHERE id=1392520
	Index Scan using sbtest8_pkey on sbtest8  (cost=0.43..8.45 rows=1 width=121)
	  Index Cond: (id = 1392520)

explain: for point_selects :: explain SELECT c FROM sbtest%u WHERE id=%u
explain: for point_selects :: explain SELECT c FROM sbtest%u WHERE id=%u
explain: for point_selects :: explain SELECT c FROM sbtest%u WHERE id=%u
for point_selects
table 1 : explain SELECT c FROM sbtest1 WHERE id=8742556
	Index Scan using sbtest1_pkey on sbtest1  (cost=0.43..8.45 rows=1 width=121)
	  Index Cond: (id = 8742556)

table 2 : explain SELECT c FROM sbtest2 WHERE id=5226498
	Index Scan using sbtest2_pkey on sbtest2  (cost=0.43..8.45 rows=1 width=121)
	  Index Cond: (id = 5226498)

table 3 : explain SELECT c FROM sbtest3 WHERE id=7145770
	Index Scan using sbtest3_pkey on sbtest3  (cost=0.43..8.45 rows=1 width=121)
	  Index Cond: (id = 7145770)

table 4 : explain SELECT c FROM sbtest4 WHERE id=8350228
	Index Scan using sbtest4_pkey on sbtest4  (cost=0.43..8.45 rows=1 width=121)
	  Index Cond: (id = 8350228)

table 5 : explain SELECT c FROM sbtest5 WHERE id=711467
	Index Scan using sbtest5_pkey on sbtest5  (cost=0.43..8.45 rows=1 width=121)
	  Index Cond: (id = 711467)

table 6 : explain SELECT c FROM sbtest6 WHERE id=3591191
	Index Scan using sbtest6_pkey on sbtest6  (cost=0.43..8.45 rows=1 width=121)
	  Index Cond: (id = 3591191)

table 7 : explain SELECT c FROM sbtest7 WHERE id=4938957
	Index Scan using sbtest7_pkey on sbtest7  (cost=0.43..8.45 rows=1 width=121)
	  Index Cond: (id = 4938957)

table 8 : explain SELECT c FROM sbtest8 WHERE id=6940034
	Index Scan using sbtest8_pkey on sbtest8  (cost=0.43..8.45 rows=1 width=121)
	  Index Cond: (id = 6940034)

explain: for point_selects :: explain SELECT c FROM sbtest%u WHERE id=%u
for point_selects
table 1 : explain SELECT c FROM sbtest1 WHERE id=8575993
	Index Scan using sbtest1_pkey on sbtest1  (cost=0.43..8.45 rows=1 width=121)
	  Index Cond: (id = 8575993)

table 2 : explain SELECT c FROM sbtest2 WHERE id=9519406
	Index Scan using sbtest2_pkey on sbtest2  (cost=0.43..8.45 rows=1 width=121)
	  Index Cond: (id = 9519406)

table 3 : explain SELECT c FROM sbtest3 WHERE id=7709363
	Index Scan using sbtest3_pkey on sbtest3  (cost=0.43..8.45 rows=1 width=121)
	  Index Cond: (id = 7709363)

table 4 : explain SELECT c FROM sbtest4 WHERE id=5712058
	Index Scan using sbtest4_pkey on sbtest4  (cost=0.43..8.45 rows=1 width=121)
	  Index Cond: (id = 5712058)

table 5 : explain SELECT c FROM sbtest5 WHERE id=5116087
	Index Scan using sbtest5_pkey on sbtest5  (cost=0.43..8.45 rows=1 width=121)
	  Index Cond: (id = 5116087)

table 6 : explain SELECT c FROM sbtest6 WHERE id=4886507
	Index Scan using sbtest6_pkey on sbtest6  (cost=0.43..8.45 rows=1 width=121)
	  Index Cond: (id = 4886507)

table 7 : explain SELECT c FROM sbtest7 WHERE id=4917691
	Index Scan using sbtest7_pkey on sbtest7  (cost=0.43..8.45 rows=1 width=121)
	  Index Cond: (id = 4917691)

table 8 : explain SELECT c FROM sbtest8 WHERE id=7122369
	Index Scan using sbtest8_pkey on sbtest8  (cost=0.43..8.45 rows=1 width=121)
	  Index Cond: (id = 7122369)

explain: for point_selects :: explain SELECT c FROM sbtest%u WHERE id=%u
explain: for point_selects :: explain SELECT c FROM sbtest%u WHERE id=%u
for point_selects
table 1 : explain SELECT c FROM sbtest1 WHERE id=4086012
	Index Scan using sbtest1_pkey on sbtest1  (cost=0.43..8.45 rows=1 width=121)
	  Index Cond: (id = 4086012)

table 2 : explain SELECT c FROM sbtest2 WHERE id=3048533
	Index Scan using sbtest2_pkey on sbtest2  (cost=0.43..8.45 rows=1 width=121)
	  Index Cond: (id = 3048533)

table 3 : explain SELECT c FROM sbtest3 WHERE id=1569271
	Index Scan using sbtest3_pkey on sbtest3  (cost=0.43..8.45 rows=1 width=121)
	  Index Cond: (id = 1569271)

table 4 : explain SELECT c FROM sbtest4 WHERE id=6538802
	Index Scan using sbtest4_pkey on sbtest4  (cost=0.43..8.45 rows=1 width=121)
	  Index Cond: (id = 6538802)

table 5 : explain SELECT c FROM sbtest5 WHERE id=9746577
	Index Scan using sbtest5_pkey on sbtest5  (cost=0.43..8.45 rows=1 width=121)
	  Index Cond: (id = 9746577)

table 6 : explain SELECT c FROM sbtest6 WHERE id=95915
	Index Scan using sbtest6_pkey on sbtest6  (cost=0.43..8.45 rows=1 width=121)
	  Index Cond: (id = 95915)

table 7 : explain SELECT c FROM sbtest7 WHERE id=2781658
	Index Scan using sbtest7_pkey on sbtest7  (cost=0.43..8.45 rows=1 width=121)
	  Index Cond: (id = 2781658)

table 8 : explain SELECT c FROM sbtest8 WHERE id=5943345
	Index Scan using sbtest8_pkey on sbtest8  (cost=0.43..8.45 rows=1 width=121)
	  Index Cond: (id = 5943345)

for point_selects
table 1 : explain SELECT c FROM sbtest1 WHERE id=4778084
	Index Scan using sbtest1_pkey on sbtest1  (cost=0.43..8.45 rows=1 width=121)
	  Index Cond: (id = 4778084)

table 2 : explain SELECT c FROM sbtest2 WHERE id=1830094
	Index Scan using sbtest2_pkey on sbtest2  (cost=0.43..8.45 rows=1 width=121)
	  Index Cond: (id = 1830094)

table 3 : explain SELECT c FROM sbtest3 WHERE id=4366290
	Index Scan using sbtest3_pkey on sbtest3  (cost=0.43..8.45 rows=1 width=121)
	  Index Cond: (id = 4366290)

table 4 : explain SELECT c FROM sbtest4 WHERE id=3554944
	Index Scan using sbtest4_pkey on sbtest4  (cost=0.43..8.45 rows=1 width=121)
	  Index Cond: (id = 3554944)

table 5 : explain SELECT c FROM sbtest5 WHERE id=3901676
	Index Scan using sbtest5_pkey on sbtest5  (cost=0.43..8.45 rows=1 width=121)
	  Index Cond: (id = 3901676)

table 6 : explain SELECT c FROM sbtest6 WHERE id=3532487
	Index Scan using sbtest6_pkey on sbtest6  (cost=0.43..8.45 rows=1 width=121)
	  Index Cond: (id = 3532487)

table 7 : explain SELECT c FROM sbtest7 WHERE id=5392438
	Index Scan using sbtest7_pkey on sbtest7  (cost=0.43..8.45 rows=1 width=121)
	  Index Cond: (id = 5392438)

table 8 : explain SELECT c FROM sbtest8 WHERE id=9660638
	Index Scan using sbtest8_pkey on sbtest8  (cost=0.43..8.45 rows=1 width=121)
	  Index Cond: (id = 9660638)

explain: for point_selects :: explain SELECT c FROM sbtest%u WHERE id=%u
for point_selects
table 1 : explain SELECT c FROM sbtest1 WHERE id=5473971
	Index Scan using sbtest1_pkey on sbtest1  (cost=0.43..8.45 rows=1 width=121)
	  Index Cond: (id = 5473971)

table 2 : explain SELECT c FROM sbtest2 WHERE id=7548138
	Index Scan using sbtest2_pkey on sbtest2  (cost=0.43..8.45 rows=1 width=121)
	  Index Cond: (id = 7548138)

table 3 : explain SELECT c FROM sbtest3 WHERE id=8383064
	Index Scan using sbtest3_pkey on sbtest3  (cost=0.43..8.45 rows=1 width=121)
	  Index Cond: (id = 8383064)

table 4 : explain SELECT c FROM sbtest4 WHERE id=6439716
	Index Scan using sbtest4_pkey on sbtest4  (cost=0.43..8.45 rows=1 width=121)
	  Index Cond: (id = 6439716)

table 5 : explain SELECT c FROM sbtest5 WHERE id=9643370
	Index Scan using sbtest5_pkey on sbtest5  (cost=0.43..8.45 rows=1 width=121)
	  Index Cond: (id = 9643370)

table 6 : explain SELECT c FROM sbtest6 WHERE id=1899986
	Index Scan using sbtest6_pkey on sbtest6  (cost=0.43..8.45 rows=1 width=121)
	  Index Cond: (id = 1899986)

table 7 : explain SELECT c FROM sbtest7 WHERE id=7035251
	Index Scan using sbtest7_pkey on sbtest7  (cost=0.43..8.45 rows=1 width=121)
	  Index Cond: (id = 7035251)

table 8 : explain SELECT c FROM sbtest8 WHERE id=7596581
	Index Scan using sbtest8_pkey on sbtest8  (cost=0.43..8.45 rows=1 width=121)
	  Index Cond: (id = 7596581)

explain: for point_selects :: explain SELECT c FROM sbtest%u WHERE id=%u
explain: for point_selects :: explain SELECT c FROM sbtest%u WHERE id=%u
explain: for point_selects :: explain SELECT c FROM sbtest%u WHERE id=%u
for point_selects
table 1 : explain SELECT c FROM sbtest1 WHERE id=8286861
	Index Scan using sbtest1_pkey on sbtest1  (cost=0.43..8.45 rows=1 width=121)
	  Index Cond: (id = 8286861)

table 2 : explain SELECT c FROM sbtest2 WHERE id=750266
	Index Scan using sbtest2_pkey on sbtest2  (cost=0.43..8.45 rows=1 width=121)
	  Index Cond: (id = 750266)

table 3 : explain SELECT c FROM sbtest3 WHERE id=6324357
	Index Scan using sbtest3_pkey on sbtest3  (cost=0.43..8.45 rows=1 width=121)
	  Index Cond: (id = 6324357)

table 4 : explain SELECT c FROM sbtest4 WHERE id=5613302
	Index Scan using sbtest4_pkey on sbtest4  (cost=0.43..8.45 rows=1 width=121)
	  Index Cond: (id = 5613302)

table 5 : explain SELECT c FROM sbtest5 WHERE id=257979
	Index Scan using sbtest5_pkey on sbtest5  (cost=0.43..8.45 rows=1 width=121)
	  Index Cond: (id = 257979)

table 6 : explain SELECT c FROM sbtest6 WHERE id=5114979
	Index Scan using sbtest6_pkey on sbtest6  (cost=0.43..8.45 rows=1 width=121)
	  Index Cond: (id = 5114979)

table 7 : explain SELECT c FROM sbtest7 WHERE id=6605365
	Index Scan using sbtest7_pkey on sbtest7  (cost=0.43..8.45 rows=1 width=121)
	  Index Cond: (id = 6605365)

table 8 : explain SELECT c FROM sbtest8 WHERE id=5426393
	Index Scan using sbtest8_pkey on sbtest8  (cost=0.43..8.45 rows=1 width=121)
	  Index Cond: (id = 5426393)

explain: for point_selects :: explain SELECT c FROM sbtest%u WHERE id=%u
for point_selects
table 1 : explain SELECT c FROM sbtest1 WHERE id=9321304
	Index Scan using sbtest1_pkey on sbtest1  (cost=0.43..8.45 rows=1 width=121)
	  Index Cond: (id = 9321304)

table 2 : explain SELECT c FROM sbtest2 WHERE id=9483845
	Index Scan using sbtest2_pkey on sbtest2  (cost=0.43..8.45 rows=1 width=121)
	  Index Cond: (id = 9483845)

table 3 : explain SELECT c FROM sbtest3 WHERE id=8331617
	Index Scan using sbtest3_pkey on sbtest3  (cost=0.43..8.45 rows=1 width=121)
	  Index Cond: (id = 8331617)

table 4 : explain SELECT c FROM sbtest4 WHERE id=4377141
	Index Scan using sbtest4_pkey on sbtest4  (cost=0.43..8.45 rows=1 width=121)
	  Index Cond: (id = 4377141)

table 5 : explain SELECT c FROM sbtest5 WHERE id=9241395
	Index Scan using sbtest5_pkey on sbtest5  (cost=0.43..8.45 rows=1 width=121)
	  Index Cond: (id = 9241395)

table 6 : explain SELECT c FROM sbtest6 WHERE id=9349255
	Index Scan using sbtest6_pkey on sbtest6  (cost=0.43..8.45 rows=1 width=121)
	  Index Cond: (id = 9349255)

table 7 : explain SELECT c FROM sbtest7 WHERE id=456414
	Index Scan using sbtest7_pkey on sbtest7  (cost=0.43..8.45 rows=1 width=121)
	  Index Cond: (id = 456414)

table 8 : explain SELECT c FROM sbtest8 WHERE id=4661941
	Index Scan using sbtest8_pkey on sbtest8  (cost=0.43..8.45 rows=1 width=121)
	  Index Cond: (id = 4661941)

for point_selects
table 1 : explain SELECT c FROM sbtest1 WHERE id=4180430
	Index Scan using sbtest1_pkey on sbtest1  (cost=0.43..8.45 rows=1 width=121)
	  Index Cond: (id = 4180430)

table 2 : explain SELECT c FROM sbtest2 WHERE id=638996
	Index Scan using sbtest2_pkey on sbtest2  (cost=0.43..8.45 rows=1 width=121)
	  Index Cond: (id = 638996)

table 3 : explain SELECT c FROM sbtest3 WHERE id=2613099
	Index Scan using sbtest3_pkey on sbtest3  (cost=0.43..8.45 rows=1 width=121)
	  Index Cond: (id = 2613099)

table 4 : explain SELECT c FROM sbtest4 WHERE id=3088212
	Index Scan using sbtest4_pkey on sbtest4  (cost=0.43..8.45 rows=1 width=121)
	  Index Cond: (id = 3088212)

table 5 : explain SELECT c FROM sbtest5 WHERE id=2407953
	Index Scan using sbtest5_pkey on sbtest5  (cost=0.43..8.45 rows=1 width=121)
	  Index Cond: (id = 2407953)

table 6 : explain SELECT c FROM sbtest6 WHERE id=9033970
	Index Scan using sbtest6_pkey on sbtest6  (cost=0.43..8.45 rows=1 width=121)
	  Index Cond: (id = 9033970)

table 7 : explain SELECT c FROM sbtest7 WHERE id=2426968
	Index Scan using sbtest7_pkey on sbtest7  (cost=0.43..8.45 rows=1 width=121)
	  Index Cond: (id = 2426968)

table 8 : explain SELECT c FROM sbtest8 WHERE id=2072285
	Index Scan using sbtest8_pkey on sbtest8  (cost=0.43..8.45 rows=1 width=121)
	  Index Cond: (id = 2072285)

explain: for point_selects :: explain SELECT c FROM sbtest%u WHERE id=%u
for point_selects
table 1 : explain SELECT c FROM sbtest1 WHERE id=5406032
	Index Scan using sbtest1_pkey on sbtest1  (cost=0.43..8.45 rows=1 width=121)
	  Index Cond: (id = 5406032)

table 2 : explain SELECT c FROM sbtest2 WHERE id=3439136
	Index Scan using sbtest2_pkey on sbtest2  (cost=0.43..8.45 rows=1 width=121)
	  Index Cond: (id = 3439136)

table 3 : explain SELECT c FROM sbtest3 WHERE id=5962671
	Index Scan using sbtest3_pkey on sbtest3  (cost=0.43..8.45 rows=1 width=121)
	  Index Cond: (id = 5962671)

table 4 : explain SELECT c FROM sbtest4 WHERE id=2021517
	Index Scan using sbtest4_pkey on sbtest4  (cost=0.43..8.45 rows=1 width=121)
	  Index Cond: (id = 2021517)

table 5 : explain SELECT c FROM sbtest5 WHERE id=4620063
	Index Scan using sbtest5_pkey on sbtest5  (cost=0.43..8.45 rows=1 width=121)
	  Index Cond: (id = 4620063)

table 6 : explain SELECT c FROM sbtest6 WHERE id=4225552
	Index Scan using sbtest6_pkey on sbtest6  (cost=0.43..8.45 rows=1 width=121)
	  Index Cond: (id = 4225552)

table 7 : explain SELECT c FROM sbtest7 WHERE id=4976188
	Index Scan using sbtest7_pkey on sbtest7  (cost=0.43..8.45 rows=1 width=121)
	  Index Cond: (id = 4976188)

table 8 : explain SELECT c FROM sbtest8 WHERE id=3626743
	Index Scan using sbtest8_pkey on sbtest8  (cost=0.43..8.45 rows=1 width=121)
	  Index Cond: (id = 3626743)

for point_selects
table 1 : explain SELECT c FROM sbtest1 WHERE id=5794159
	Index Scan using sbtest1_pkey on sbtest1  (cost=0.43..8.45 rows=1 width=121)
	  Index Cond: (id = 5794159)

table 2 : explain SELECT c FROM sbtest2 WHERE id=5781750
	Index Scan using sbtest2_pkey on sbtest2  (cost=0.43..8.45 rows=1 width=121)
	  Index Cond: (id = 5781750)

table 3 : explain SELECT c FROM sbtest3 WHERE id=5347797
	Index Scan using sbtest3_pkey on sbtest3  (cost=0.43..8.45 rows=1 width=121)
	  Index Cond: (id = 5347797)

table 4 : explain SELECT c FROM sbtest4 WHERE id=8048676
	Index Scan using sbtest4_pkey on sbtest4  (cost=0.43..8.45 rows=1 width=121)
	  Index Cond: (id = 8048676)

table 5 : explain SELECT c FROM sbtest5 WHERE id=5823513
	Index Scan using sbtest5_pkey on sbtest5  (cost=0.43..8.45 rows=1 width=121)
	  Index Cond: (id = 5823513)

table 6 : explain SELECT c FROM sbtest6 WHERE id=3017226
	Index Scan using sbtest6_pkey on sbtest6  (cost=0.43..8.45 rows=1 width=121)
	  Index Cond: (id = 3017226)

table 7 : explain SELECT c FROM sbtest7 WHERE id=8736032
	Index Scan using sbtest7_pkey on sbtest7  (cost=0.43..8.45 rows=1 width=121)
	  Index Cond: (id = 8736032)

table 8 : explain SELECT c FROM sbtest8 WHERE id=5028935
	Index Scan using sbtest8_pkey on sbtest8  (cost=0.43..8.45 rows=1 width=121)
	  Index Cond: (id = 5028935)

for point_selects
table 1 : explain SELECT c FROM sbtest1 WHERE id=9798280
	Index Scan using sbtest1_pkey on sbtest1  (cost=0.43..8.45 rows=1 width=121)
	  Index Cond: (id = 9798280)

table 2 : explain SELECT c FROM sbtest2 WHERE id=4757113
	Index Scan using sbtest2_pkey on sbtest2  (cost=0.43..8.45 rows=1 width=121)
	  Index Cond: (id = 4757113)

table 3 : explain SELECT c FROM sbtest3 WHERE id=8407769
	Index Scan using sbtest3_pkey on sbtest3  (cost=0.43..8.45 rows=1 width=121)
	  Index Cond: (id = 8407769)

table 4 : explain SELECT c FROM sbtest4 WHERE id=9736359
	Index Scan using sbtest4_pkey on sbtest4  (cost=0.43..8.45 rows=1 width=121)
	  Index Cond: (id = 9736359)

table 5 : explain SELECT c FROM sbtest5 WHERE id=752101
	Index Scan using sbtest5_pkey on sbtest5  (cost=0.43..8.45 rows=1 width=121)
	  Index Cond: (id = 752101)

table 6 : explain SELECT c FROM sbtest6 WHERE id=9210915
	Index Scan using sbtest6_pkey on sbtest6  (cost=0.43..8.45 rows=1 width=121)
	  Index Cond: (id = 9210915)

table 7 : explain SELECT c FROM sbtest7 WHERE id=4516989
	Index Scan using sbtest7_pkey on sbtest7  (cost=0.43..8.45 rows=1 width=121)
	  Index Cond: (id = 4516989)

table 8 : explain SELECT c FROM sbtest8 WHERE id=3380472
	Index Scan using sbtest8_pkey on sbtest8  (cost=0.43..8.45 rows=1 width=121)
	  Index Cond: (id = 3380472)

explain: for point_selects :: explain SELECT c FROM sbtest%u WHERE id=%u
explain: for point_selects :: explain SELECT c FROM sbtest%u WHERE id=%u
explain: for point_selects :: explain SELECT c FROM sbtest%u WHERE id=%u
for point_selects
table 1 : explain SELECT c FROM sbtest1 WHERE id=8006552
	Index Scan using sbtest1_pkey on sbtest1  (cost=0.43..8.45 rows=1 width=121)
	  Index Cond: (id = 8006552)

table 2 : explain SELECT c FROM sbtest2 WHERE id=3020085
	Index Scan using sbtest2_pkey on sbtest2  (cost=0.43..8.45 rows=1 width=121)
	  Index Cond: (id = 3020085)

table 3 : explain SELECT c FROM sbtest3 WHERE id=5596258
	Index Scan using sbtest3_pkey on sbtest3  (cost=0.43..8.45 rows=1 width=121)
	  Index Cond: (id = 5596258)

table 4 : explain SELECT c FROM sbtest4 WHERE id=6646869
	Index Scan using sbtest4_pkey on sbtest4  (cost=0.43..8.45 rows=1 width=121)
	  Index Cond: (id = 6646869)

table 5 : explain SELECT c FROM sbtest5 WHERE id=9382694
	Index Scan using sbtest5_pkey on sbtest5  (cost=0.43..8.45 rows=1 width=121)
	  Index Cond: (id = 9382694)

table 6 : explain SELECT c FROM sbtest6 WHERE id=8798332
	Index Scan using sbtest6_pkey on sbtest6  (cost=0.43..8.45 rows=1 width=121)
	  Index Cond: (id = 8798332)

table 7 : explain SELECT c FROM sbtest7 WHERE id=912858
	Index Scan using sbtest7_pkey on sbtest7  (cost=0.43..8.45 rows=1 width=121)
	  Index Cond: (id = 912858)

table 8 : explain SELECT c FROM sbtest8 WHERE id=4832501
	Index Scan using sbtest8_pkey on sbtest8  (cost=0.43..8.45 rows=1 width=121)
	  Index Cond: (id = 4832501)

for point_selects
table 1 : explain SELECT c FROM sbtest1 WHERE id=4530229
	Index Scan using sbtest1_pkey on sbtest1  (cost=0.43..8.45 rows=1 width=121)
	  Index Cond: (id = 4530229)

table 2 : explain SELECT c FROM sbtest2 WHERE id=2712828
	Index Scan using sbtest2_pkey on sbtest2  (cost=0.43..8.45 rows=1 width=121)
	  Index Cond: (id = 2712828)

table 3 : explain SELECT c FROM sbtest3 WHERE id=233854
	Index Scan using sbtest3_pkey on sbtest3  (cost=0.43..8.45 rows=1 width=121)
	  Index Cond: (id = 233854)

table 4 : explain SELECT c FROM sbtest4 WHERE id=7843597
	Index Scan using sbtest4_pkey on sbtest4  (cost=0.43..8.45 rows=1 width=121)
	  Index Cond: (id = 7843597)

table 5 : explain SELECT c FROM sbtest5 WHERE id=2101483
	Index Scan using sbtest5_pkey on sbtest5  (cost=0.43..8.45 rows=1 width=121)
	  Index Cond: (id = 2101483)

table 6 : explain SELECT c FROM sbtest6 WHERE id=5148899
	Index Scan using sbtest6_pkey on sbtest6  (cost=0.43..8.45 rows=1 width=121)
	  Index Cond: (id = 5148899)

table 7 : explain SELECT c FROM sbtest7 WHERE id=8964500
	Index Scan using sbtest7_pkey on sbtest7  (cost=0.43..8.45 rows=1 width=121)
	  Index Cond: (id = 8964500)

table 8 : explain SELECT c FROM sbtest8 WHERE id=4836508
	Index Scan using sbtest8_pkey on sbtest8  (cost=0.43..8.45 rows=1 width=121)
	  Index Cond: (id = 4836508)

for point_selects
table 1 : explain SELECT c FROM sbtest1 WHERE id=850629
	Index Scan using sbtest1_pkey on sbtest1  (cost=0.43..8.45 rows=1 width=121)
	  Index Cond: (id = 850629)

table 2 : explain SELECT c FROM sbtest2 WHERE id=252363
	Index Scan using sbtest2_pkey on sbtest2  (cost=0.43..8.45 rows=1 width=121)
	  Index Cond: (id = 252363)

table 3 : explain SELECT c FROM sbtest3 WHERE id=7731045
	Index Scan using sbtest3_pkey on sbtest3  (cost=0.43..8.45 rows=1 width=121)
	  Index Cond: (id = 7731045)

table 4 : explain SELECT c FROM sbtest4 WHERE id=7566435
	Index Scan using sbtest4_pkey on sbtest4  (cost=0.43..8.45 rows=1 width=121)
	  Index Cond: (id = 7566435)

table 5 : explain SELECT c FROM sbtest5 WHERE id=6650003
	Index Scan using sbtest5_pkey on sbtest5  (cost=0.43..8.45 rows=1 width=121)
	  Index Cond: (id = 6650003)

table 6 : explain SELECT c FROM sbtest6 WHERE id=8498112
	Index Scan using sbtest6_pkey on sbtest6  (cost=0.43..8.45 rows=1 width=121)
	  Index Cond: (id = 8498112)

table 7 : explain SELECT c FROM sbtest7 WHERE id=453374
	Index Scan using sbtest7_pkey on sbtest7  (cost=0.43..8.45 rows=1 width=121)
	  Index Cond: (id = 453374)

table 8 : explain SELECT c FROM sbtest8 WHERE id=9817117
	Index Scan using sbtest8_pkey on sbtest8  (cost=0.43..8.45 rows=1 width=121)
	  Index Cond: (id = 9817117)

for point_selects
table 1 : explain SELECT c FROM sbtest1 WHERE id=4154842
	Index Scan using sbtest1_pkey on sbtest1  (cost=0.43..8.45 rows=1 width=121)
	  Index Cond: (id = 4154842)

table 2 : explain SELECT c FROM sbtest2 WHERE id=2739041
	Index Scan using sbtest2_pkey on sbtest2  (cost=0.43..8.45 rows=1 width=121)
	  Index Cond: (id = 2739041)

table 3 : explain SELECT c FROM sbtest3 WHERE id=4159262
	Index Scan using sbtest3_pkey on sbtest3  (cost=0.43..8.45 rows=1 width=121)
	  Index Cond: (id = 4159262)

table 4 : explain SELECT c FROM sbtest4 WHERE id=2650715
	Index Scan using sbtest4_pkey on sbtest4  (cost=0.43..8.45 rows=1 width=121)
	  Index Cond: (id = 2650715)

table 5 : explain SELECT c FROM sbtest5 WHERE id=9999948
	Index Scan using sbtest5_pkey on sbtest5  (cost=0.43..8.45 rows=1 width=121)
	  Index Cond: (id = 9999948)

table 6 : explain SELECT c FROM sbtest6 WHERE id=1954363
	Index Scan using sbtest6_pkey on sbtest6  (cost=0.43..8.45 rows=1 width=121)
	  Index Cond: (id = 1954363)

table 7 : explain SELECT c FROM sbtest7 WHERE id=9495932
	Index Scan using sbtest7_pkey on sbtest7  (cost=0.43..8.45 rows=1 width=121)
	  Index Cond: (id = 9495932)

table 8 : explain SELECT c FROM sbtest8 WHERE id=264750
	Index Scan using sbtest8_pkey on sbtest8  (cost=0.43..8.45 rows=1 width=121)
	  Index Cond: (id = 264750)

explain: for point_selects :: explain SELECT c FROM sbtest%u WHERE id=%u
explain: for point_selects :: explain SELECT c FROM sbtest%u WHERE id=%u
for point_selects
table 1 : explain SELECT c FROM sbtest1 WHERE id=8878412
	Index Scan using sbtest1_pkey on sbtest1  (cost=0.43..8.45 rows=1 width=121)
	  Index Cond: (id = 8878412)

table 2 : explain SELECT c FROM sbtest2 WHERE id=1470353
	Index Scan using sbtest2_pkey on sbtest2  (cost=0.43..8.45 rows=1 width=121)
	  Index Cond: (id = 1470353)

table 3 : explain SELECT c FROM sbtest3 WHERE id=639566
	Index Scan using sbtest3_pkey on sbtest3  (cost=0.43..8.45 rows=1 width=121)
	  Index Cond: (id = 639566)

table 4 : explain SELECT c FROM sbtest4 WHERE id=2838260
	Index Scan using sbtest4_pkey on sbtest4  (cost=0.43..8.45 rows=1 width=121)
	  Index Cond: (id = 2838260)

table 5 : explain SELECT c FROM sbtest5 WHERE id=3779748
	Index Scan using sbtest5_pkey on sbtest5  (cost=0.43..8.45 rows=1 width=121)
	  Index Cond: (id = 3779748)

table 6 : explain SELECT c FROM sbtest6 WHERE id=979112
	Index Scan using sbtest6_pkey on sbtest6  (cost=0.43..8.45 rows=1 width=121)
	  Index Cond: (id = 979112)

table 7 : explain SELECT c FROM sbtest7 WHERE id=780394
	Index Scan using sbtest7_pkey on sbtest7  (cost=0.43..8.45 rows=1 width=121)
	  Index Cond: (id = 780394)

table 8 : explain SELECT c FROM sbtest8 WHERE id=3232974
	Index Scan using sbtest8_pkey on sbtest8  (cost=0.43..8.45 rows=1 width=121)
	  Index Cond: (id = 3232974)

explain: for point_selects :: explain SELECT c FROM sbtest%u WHERE id=%u
explain: for point_selects :: explain SELECT c FROM sbtest%u WHERE id=%u
explain: for point_selects :: explain SELECT c FROM sbtest%u WHERE id=%u
for point_selects
table 1 : explain SELECT c FROM sbtest1 WHERE id=3172945
	Index Scan using sbtest1_pkey on sbtest1  (cost=0.43..8.45 rows=1 width=121)
	  Index Cond: (id = 3172945)

table 2 : explain SELECT c FROM sbtest2 WHERE id=5084772
	Index Scan using sbtest2_pkey on sbtest2  (cost=0.43..8.45 rows=1 width=121)
	  Index Cond: (id = 5084772)

table 3 : explain SELECT c FROM sbtest3 WHERE id=3262856
	Index Scan using sbtest3_pkey on sbtest3  (cost=0.43..8.45 rows=1 width=121)
	  Index Cond: (id = 3262856)

table 4 : explain SELECT c FROM sbtest4 WHERE id=5036859
	Index Scan using sbtest4_pkey on sbtest4  (cost=0.43..8.45 rows=1 width=121)
	  Index Cond: (id = 5036859)

table 5 : explain SELECT c FROM sbtest5 WHERE id=6836115
	Index Scan using sbtest5_pkey on sbtest5  (cost=0.43..8.45 rows=1 width=121)
	  Index Cond: (id = 6836115)

table 6 : explain SELECT c FROM sbtest6 WHERE id=1881034
	Index Scan using sbtest6_pkey on sbtest6  (cost=0.43..8.45 rows=1 width=121)
	  Index Cond: (id = 1881034)

table 7 : explain SELECT c FROM sbtest7 WHERE id=7370326
	Index Scan using sbtest7_pkey on sbtest7  (cost=0.43..8.45 rows=1 width=121)
	  Index Cond: (id = 7370326)

table 8 : explain SELECT c FROM sbtest8 WHERE id=8662844
	Index Scan using sbtest8_pkey on sbtest8  (cost=0.43..8.45 rows=1 width=121)
	  Index Cond: (id = 8662844)

for point_selects
table 1 : explain SELECT c FROM sbtest1 WHERE id=8659676
	Index Scan using sbtest1_pkey on sbtest1  (cost=0.43..8.45 rows=1 width=121)
	  Index Cond: (id = 8659676)

table 2 : explain SELECT c FROM sbtest2 WHERE id=428145
	Index Scan using sbtest2_pkey on sbtest2  (cost=0.43..8.45 rows=1 width=121)
	  Index Cond: (id = 428145)

table 3 : explain SELECT c FROM sbtest3 WHERE id=6971768
	Index Scan using sbtest3_pkey on sbtest3  (cost=0.43..8.45 rows=1 width=121)
	  Index Cond: (id = 6971768)

table 4 : explain SELECT c FROM sbtest4 WHERE id=9437196
	Index Scan using sbtest4_pkey on sbtest4  (cost=0.43..8.45 rows=1 width=121)
	  Index Cond: (id = 9437196)

table 5 : explain SELECT c FROM sbtest5 WHERE id=3551803
	Index Scan using sbtest5_pkey on sbtest5  (cost=0.43..8.45 rows=1 width=121)
	  Index Cond: (id = 3551803)

table 6 : explain SELECT c FROM sbtest6 WHERE id=4448805
	Index Scan using sbtest6_pkey on sbtest6  (cost=0.43..8.45 rows=1 width=121)
	  Index Cond: (id = 4448805)

table 7 : explain SELECT c FROM sbtest7 WHERE id=843768
	Index Scan using sbtest7_pkey on sbtest7  (cost=0.43..8.45 rows=1 width=121)
	  Index Cond: (id = 843768)

table 8 : explain SELECT c FROM sbtest8 WHERE id=9655083
	Index Scan using sbtest8_pkey on sbtest8  (cost=0.43..8.45 rows=1 width=121)
	  Index Cond: (id = 9655083)

explain: for point_selects :: explain SELECT c FROM sbtest%u WHERE id=%u
for point_selects
table 1 : explain SELECT c FROM sbtest1 WHERE id=7081257
	Index Scan using sbtest1_pkey on sbtest1  (cost=0.43..8.45 rows=1 width=121)
	  Index Cond: (id = 7081257)

table 2 : explain SELECT c FROM sbtest2 WHERE id=6644127
	Index Scan using sbtest2_pkey on sbtest2  (cost=0.43..8.45 rows=1 width=121)
	  Index Cond: (id = 6644127)

table 3 : explain SELECT c FROM sbtest3 WHERE id=5180591
	Index Scan using sbtest3_pkey on sbtest3  (cost=0.43..8.45 rows=1 width=121)
	  Index Cond: (id = 5180591)

table 4 : explain SELECT c FROM sbtest4 WHERE id=9301356
	Index Scan using sbtest4_pkey on sbtest4  (cost=0.43..8.45 rows=1 width=121)
	  Index Cond: (id = 9301356)

table 5 : explain SELECT c FROM sbtest5 WHERE id=8497960
	Index Scan using sbtest5_pkey on sbtest5  (cost=0.43..8.45 rows=1 width=121)
	  Index Cond: (id = 8497960)

table 6 : explain SELECT c FROM sbtest6 WHERE id=3806184
	Index Scan using sbtest6_pkey on sbtest6  (cost=0.43..8.45 rows=1 width=121)
	  Index Cond: (id = 3806184)

table 7 : explain SELECT c FROM sbtest7 WHERE id=4405668
	Index Scan using sbtest7_pkey on sbtest7  (cost=0.43..8.45 rows=1 width=121)
	  Index Cond: (id = 4405668)

table 8 : explain SELECT c FROM sbtest8 WHERE id=6728295
	Index Scan using sbtest8_pkey on sbtest8  (cost=0.43..8.45 rows=1 width=121)
	  Index Cond: (id = 6728295)

explain: for point_selects :: explain SELECT c FROM sbtest%u WHERE id=%u
explain: for point_selects :: explain SELECT c FROM sbtest%u WHERE id=%u
for point_selects
table 1 : explain SELECT c FROM sbtest1 WHERE id=6468164
	Index Scan using sbtest1_pkey on sbtest1  (cost=0.43..8.45 rows=1 width=121)
	  Index Cond: (id = 6468164)

table 2 : explain SELECT c FROM sbtest2 WHERE id=6678805
	Index Scan using sbtest2_pkey on sbtest2  (cost=0.43..8.45 rows=1 width=121)
	  Index Cond: (id = 6678805)

table 3 : explain SELECT c FROM sbtest3 WHERE id=6559640
	Index Scan using sbtest3_pkey on sbtest3  (cost=0.43..8.45 rows=1 width=121)
	  Index Cond: (id = 6559640)

table 4 : explain SELECT c FROM sbtest4 WHERE id=4633408
	Index Scan using sbtest4_pkey on sbtest4  (cost=0.43..8.45 rows=1 width=121)
	  Index Cond: (id = 4633408)

table 5 : explain SELECT c FROM sbtest5 WHERE id=474653
	Index Scan using sbtest5_pkey on sbtest5  (cost=0.43..8.45 rows=1 width=121)
	  Index Cond: (id = 474653)

table 6 : explain SELECT c FROM sbtest6 WHERE id=6362009
	Index Scan using sbtest6_pkey on sbtest6  (cost=0.43..8.45 rows=1 width=121)
	  Index Cond: (id = 6362009)

table 7 : explain SELECT c FROM sbtest7 WHERE id=1505703
	Index Scan using sbtest7_pkey on sbtest7  (cost=0.43..8.45 rows=1 width=121)
	  Index Cond: (id = 1505703)

table 8 : explain SELECT c FROM sbtest8 WHERE id=9567690
	Index Scan using sbtest8_pkey on sbtest8  (cost=0.43..8.45 rows=1 width=121)
	  Index Cond: (id = 9567690)

for point_selects
table 1 : explain SELECT c FROM sbtest1 WHERE id=2812828
	Index Scan using sbtest1_pkey on sbtest1  (cost=0.43..8.45 rows=1 width=121)
	  Index Cond: (id = 2812828)

table 2 : explain SELECT c FROM sbtest2 WHERE id=8038568
	Index Scan using sbtest2_pkey on sbtest2  (cost=0.43..8.45 rows=1 width=121)
	  Index Cond: (id = 8038568)

table 3 : explain SELECT c FROM sbtest3 WHERE id=9971690
	Index Scan using sbtest3_pkey on sbtest3  (cost=0.43..8.45 rows=1 width=121)
	  Index Cond: (id = 9971690)

table 4 : explain SELECT c FROM sbtest4 WHERE id=50325
	Index Scan using sbtest4_pkey on sbtest4  (cost=0.43..8.45 rows=1 width=121)
	  Index Cond: (id = 50325)

table 5 : explain SELECT c FROM sbtest5 WHERE id=4742863
	Index Scan using sbtest5_pkey on sbtest5  (cost=0.43..8.45 rows=1 width=121)
	  Index Cond: (id = 4742863)

table 6 : explain SELECT c FROM sbtest6 WHERE id=15019
	Index Scan using sbtest6_pkey on sbtest6  (cost=0.43..8.45 rows=1 width=121)
	  Index Cond: (id = 15019)

table 7 : explain SELECT c FROM sbtest7 WHERE id=9832751
	Index Scan using sbtest7_pkey on sbtest7  (cost=0.43..8.45 rows=1 width=121)
	  Index Cond: (id = 9832751)

table 8 : explain SELECT c FROM sbtest8 WHERE id=1529138
	Index Scan using sbtest8_pkey on sbtest8  (cost=0.43..8.45 rows=1 width=121)
	  Index Cond: (id = 1529138)

for point_selects
table 1 : explain SELECT c FROM sbtest1 WHERE id=2432732
	Index Scan using sbtest1_pkey on sbtest1  (cost=0.43..8.45 rows=1 width=121)
	  Index Cond: (id = 2432732)

table 2 : explain SELECT c FROM sbtest2 WHERE id=1643938
	Index Scan using sbtest2_pkey on sbtest2  (cost=0.43..8.45 rows=1 width=121)
	  Index Cond: (id = 1643938)

table 3 : explain SELECT c FROM sbtest3 WHERE id=7711460
	Index Scan using sbtest3_pkey on sbtest3  (cost=0.43..8.45 rows=1 width=121)
	  Index Cond: (id = 7711460)

table 4 : explain SELECT c FROM sbtest4 WHERE id=667150
	Index Scan using sbtest4_pkey on sbtest4  (cost=0.43..8.45 rows=1 width=121)
	  Index Cond: (id = 667150)

table 5 : explain SELECT c FROM sbtest5 WHERE id=9243474
	Index Scan using sbtest5_pkey on sbtest5  (cost=0.43..8.45 rows=1 width=121)
	  Index Cond: (id = 9243474)

table 6 : explain SELECT c FROM sbtest6 WHERE id=3071690
	Index Scan using sbtest6_pkey on sbtest6  (cost=0.43..8.45 rows=1 width=121)
	  Index Cond: (id = 3071690)

table 7 : explain SELECT c FROM sbtest7 WHERE id=8539552
	Index Scan using sbtest7_pkey on sbtest7  (cost=0.43..8.45 rows=1 width=121)
	  Index Cond: (id = 8539552)

table 8 : explain SELECT c FROM sbtest8 WHERE id=3056216
	Index Scan using sbtest8_pkey on sbtest8  (cost=0.43..8.45 rows=1 width=121)
	  Index Cond: (id = 3056216)

for point_selects
table 1 : explain SELECT c FROM sbtest1 WHERE id=5977452
	Index Scan using sbtest1_pkey on sbtest1  (cost=0.43..8.45 rows=1 width=121)
	  Index Cond: (id = 5977452)

table 2 : explain SELECT c FROM sbtest2 WHERE id=98895
	Index Scan using sbtest2_pkey on sbtest2  (cost=0.43..8.45 rows=1 width=121)
	  Index Cond: (id = 98895)

table 3 : explain SELECT c FROM sbtest3 WHERE id=6684705
	Index Scan using sbtest3_pkey on sbtest3  (cost=0.43..8.45 rows=1 width=121)
	  Index Cond: (id = 6684705)

table 4 : explain SELECT c FROM sbtest4 WHERE id=2889487
	Index Scan using sbtest4_pkey on sbtest4  (cost=0.43..8.45 rows=1 width=121)
	  Index Cond: (id = 2889487)

table 5 : explain SELECT c FROM sbtest5 WHERE id=3912121
	Index Scan using sbtest5_pkey on sbtest5  (cost=0.43..8.45 rows=1 width=121)
	  Index Cond: (id = 3912121)

table 6 : explain SELECT c FROM sbtest6 WHERE id=963188
	Index Scan using sbtest6_pkey on sbtest6  (cost=0.43..8.45 rows=1 width=121)
	  Index Cond: (id = 963188)

table 7 : explain SELECT c FROM sbtest7 WHERE id=7881909
	Index Scan using sbtest7_pkey on sbtest7  (cost=0.43..8.45 rows=1 width=121)
	  Index Cond: (id = 7881909)

table 8 : explain SELECT c FROM sbtest8 WHERE id=2677852
	Index Scan using sbtest8_pkey on sbtest8  (cost=0.43..8.45 rows=1 width=121)
	  Index Cond: (id = 2677852)

for point_selects
table 1 : explain SELECT c FROM sbtest1 WHERE id=194292
	Index Scan using sbtest1_pkey on sbtest1  (cost=0.43..8.45 rows=1 width=121)
	  Index Cond: (id = 194292)

table 2 : explain SELECT c FROM sbtest2 WHERE id=7519652
	Index Scan using sbtest2_pkey on sbtest2  (cost=0.43..8.45 rows=1 width=121)
	  Index Cond: (id = 7519652)

table 3 : explain SELECT c FROM sbtest3 WHERE id=1990978
	Index Scan using sbtest3_pkey on sbtest3  (cost=0.43..8.45 rows=1 width=121)
	  Index Cond: (id = 1990978)

table 4 : explain SELECT c FROM sbtest4 WHERE id=3329130
	Index Scan using sbtest4_pkey on sbtest4  (cost=0.43..8.45 rows=1 width=121)
	  Index Cond: (id = 3329130)

table 5 : explain SELECT c FROM sbtest5 WHERE id=747440
	Index Scan using sbtest5_pkey on sbtest5  (cost=0.43..8.45 rows=1 width=121)
	  Index Cond: (id = 747440)

table 6 : explain SELECT c FROM sbtest6 WHERE id=6500315
	Index Scan using sbtest6_pkey on sbtest6  (cost=0.43..8.45 rows=1 width=121)
	  Index Cond: (id = 6500315)

table 7 : explain SELECT c FROM sbtest7 WHERE id=5036488
	Index Scan using sbtest7_pkey on sbtest7  (cost=0.43..8.45 rows=1 width=121)
	  Index Cond: (id = 5036488)

table 8 : explain SELECT c FROM sbtest8 WHERE id=1965189
	Index Scan using sbtest8_pkey on sbtest8  (cost=0.43..8.45 rows=1 width=121)
	  Index Cond: (id = 1965189)

Threads started!

Warming up for 5 seconds...

SQL statistics:
    queries performed:
        read:                            659709926
        write:                           0
        other:                           0
        total:                           659709926
    transactions:                        659709926 (1047137.23 per sec.)
    queries:                             659709926 (1047137.23 per sec.)
    ignored errors:                      0      (0.00 per sec.)
    reconnects:                          0      (0.00 per sec.)

Throughput:
    events/s (eps):                      1047137.2333
    time elapsed:                        630.0130s
    total number of events:              659709926

Latency (ms):
         min:                                    0.03
         avg:                                    0.04
         max:                                   20.05
         95th percentile:                        0.04
         sum:                             25028062.88

Threads fairness:
    events (avg/stddev):           16492730.8000/384057.20
    execution time (avg/stddev):   625.7016/0.09

