LUA_PATH=/home/mdcallag/git/mytools/bench/sysbench.lua/lua/?.lua /home/mdcallag/git/mytools/bench/sysbench.lua/lua/sysbench --db-driver=pgsql --range-size=100 --table-size=10000000 --tables=8 --threads=40 --events=0 --warmup-time=5 --time=630 --pgsql_conn_id=true /home/mdcallag/git/mytools/bench/sysbench.lua/lua/oltp_range_covered.lua run --pgsql-user=root --pgsql-password=pw --pgsql-host=127.0.0.1 --pgsql-db=ib --rand-type=uniform --random-points=100 --skip-trx --covered=false
48 CPUs
sysbench 1.1.0-9072687 (using bundled LuaJIT 2.1.0-beta3)

Running the test with following options:
Number of threads: 40
Warmup time: 5s
Initializing random number generator from current time


Initializing worker threads...

explain: for range-notcovered :: explain SELECT id, c FROM sbtest%d WHERE id BETWEEN 8327304 AND 8327404
explain: for range-notcovered :: explain SELECT id, c FROM sbtest%d WHERE id BETWEEN 3102780 AND 3102880
explain: for range-notcovered :: explain SELECT id, c FROM sbtest%d WHERE id BETWEEN 6550680 AND 6550780
explain: for range-notcovered :: explain SELECT id, c FROM sbtest%d WHERE id BETWEEN 3504794 AND 3504894
for range-notcovered
table 1 : explain SELECT id, c FROM sbtest1 WHERE id BETWEEN 3102780 AND 3102880
	Index Scan using sbtest1_pkey on sbtest1  (cost=0.43..432.69 rows=109 width=125)
	  Index Cond: ((id >= 3102780) AND (id <= 3102880))

table 2 : explain SELECT id, c FROM sbtest2 WHERE id BETWEEN 3102780 AND 3102880
	Index Scan using sbtest2_pkey on sbtest2  (cost=0.43..409.98 rows=103 width=125)
	  Index Cond: ((id >= 3102780) AND (id <= 3102880))

table 3 : explain SELECT id, c FROM sbtest3 WHERE id BETWEEN 3102780 AND 3102880
	Index Scan using sbtest3_pkey on sbtest3  (cost=0.43..397.44 rows=100 width=125)
	  Index Cond: ((id >= 3102780) AND (id <= 3102880))

table 4 : explain SELECT id, c FROM sbtest4 WHERE id BETWEEN 3102780 AND 3102880
	Index Scan using sbtest4_pkey on sbtest4  (cost=0.43..415.10 rows=104 width=125)
	  Index Cond: ((id >= 3102780) AND (id <= 3102880))

table 5 : explain SELECT id, c FROM sbtest5 WHERE id BETWEEN 3102780 AND 3102880
	Index Scan using sbtest5_pkey on sbtest5  (cost=0.43..421.43 rows=106 width=125)
	  Index Cond: ((id >= 3102780) AND (id <= 3102880))

table 6 : explain SELECT id, c FROM sbtest6 WHERE id BETWEEN 3102780 AND 3102880
	Index Scan using sbtest6_pkey on sbtest6  (cost=0.43..413.08 rows=104 width=125)
	  Index Cond: ((id >= 3102780) AND (id <= 3102880))

table 7 : explain SELECT id, c FROM sbtest7 WHERE id BETWEEN 3102780 AND 3102880
	Index Scan using sbtest7_pkey on sbtest7  (cost=0.43..361.88 rows=91 width=125)
	  Index Cond: ((id >= 3102780) AND (id <= 3102880))

table 8 : explain SELECT id, c FROM sbtest8 WHERE id BETWEEN 3102780 AND 3102880
	Index Scan using sbtest8_pkey on sbtest8  (cost=0.43..385.41 rows=97 width=125)
	  Index Cond: ((id >= 3102780) AND (id <= 3102880))

explain: for range-notcovered :: explain SELECT id, c FROM sbtest%d WHERE id BETWEEN 3102780 AND 3102880
for range-notcovered
table 1 : explain SELECT id, c FROM sbtest1 WHERE id BETWEEN 3102780 AND 3102880
	Index Scan using sbtest1_pkey on sbtest1  (cost=0.43..432.69 rows=109 width=125)
	  Index Cond: ((id >= 3102780) AND (id <= 3102880))

table 2 : explain SELECT id, c FROM sbtest2 WHERE id BETWEEN 3102780 AND 3102880
	Index Scan using sbtest2_pkey on sbtest2  (cost=0.43..409.98 rows=103 width=125)
	  Index Cond: ((id >= 3102780) AND (id <= 3102880))

table 3 : explain SELECT id, c FROM sbtest3 WHERE id BETWEEN 3102780 AND 3102880
	Index Scan using sbtest3_pkey on sbtest3  (cost=0.43..397.44 rows=100 width=125)
	  Index Cond: ((id >= 3102780) AND (id <= 3102880))

table 4 : explain SELECT id, c FROM sbtest4 WHERE id BETWEEN 3102780 AND 3102880
	Index Scan using sbtest4_pkey on sbtest4  (cost=0.43..415.10 rows=104 width=125)
	  Index Cond: ((id >= 3102780) AND (id <= 3102880))

table 5 : explain SELECT id, c FROM sbtest5 WHERE id BETWEEN 3102780 AND 3102880
	Index Scan using sbtest5_pkey on sbtest5  (cost=0.43..421.43 rows=106 width=125)
	  Index Cond: ((id >= 3102780) AND (id <= 3102880))

table 6 : explain SELECT id, c FROM sbtest6 WHERE id BETWEEN 3102780 AND 3102880
	Index Scan using sbtest6_pkey on sbtest6  (cost=0.43..413.08 rows=104 width=125)
	  Index Cond: ((id >= 3102780) AND (id <= 3102880))

table 7 : explain SELECT id, c FROM sbtest7 WHERE id BETWEEN 3102780 AND 3102880
	Index Scan using sbtest7_pkey on sbtest7  (cost=0.43..361.88 rows=91 width=125)
	  Index Cond: ((id >= 3102780) AND (id <= 3102880))

table 8 : explain SELECT id, c FROM sbtest8 WHERE id BETWEEN 3102780 AND 3102880
	Index Scan using sbtest8_pkey on sbtest8  (cost=0.43..385.41 rows=97 width=125)
	  Index Cond: ((id >= 3102780) AND (id <= 3102880))

explain: for range-notcovered :: explain SELECT id, c FROM sbtest%d WHERE id BETWEEN 3102780 AND 3102880
for range-notcovered
table 1 : explain SELECT id, c FROM sbtest1 WHERE id BETWEEN 3102780 AND 3102880
	Index Scan using sbtest1_pkey on sbtest1  (cost=0.43..432.69 rows=109 width=125)
	  Index Cond: ((id >= 3102780) AND (id <= 3102880))

table 2 : explain SELECT id, c FROM sbtest2 WHERE id BETWEEN 3102780 AND 3102880
	Index Scan using sbtest2_pkey on sbtest2  (cost=0.43..409.98 rows=103 width=125)
	  Index Cond: ((id >= 3102780) AND (id <= 3102880))

table 3 : explain SELECT id, c FROM sbtest3 WHERE id BETWEEN 3102780 AND 3102880
	Index Scan using sbtest3_pkey on sbtest3  (cost=0.43..397.44 rows=100 width=125)
	  Index Cond: ((id >= 3102780) AND (id <= 3102880))

table 4 : explain SELECT id, c FROM sbtest4 WHERE id BETWEEN 3102780 AND 3102880
	Index Scan using sbtest4_pkey on sbtest4  (cost=0.43..415.10 rows=104 width=125)
	  Index Cond: ((id >= 3102780) AND (id <= 3102880))

table 5 : explain SELECT id, c FROM sbtest5 WHERE id BETWEEN 3102780 AND 3102880
	Index Scan using sbtest5_pkey on sbtest5  (cost=0.43..421.43 rows=106 width=125)
	  Index Cond: ((id >= 3102780) AND (id <= 3102880))

table 6 : explain SELECT id, c FROM sbtest6 WHERE id BETWEEN 3102780 AND 3102880
	Index Scan using sbtest6_pkey on sbtest6  (cost=0.43..413.08 rows=104 width=125)
	  Index Cond: ((id >= 3102780) AND (id <= 3102880))

table 7 : explain SELECT id, c FROM sbtest7 WHERE id BETWEEN 3102780 AND 3102880
	Index Scan using sbtest7_pkey on sbtest7  (cost=0.43..361.88 rows=91 width=125)
	  Index Cond: ((id >= 3102780) AND (id <= 3102880))

table 8 : explain SELECT id, c FROM sbtest8 WHERE id BETWEEN 3102780 AND 3102880
	Index Scan using sbtest8_pkey on sbtest8  (cost=0.43..385.41 rows=97 width=125)
	  Index Cond: ((id >= 3102780) AND (id <= 3102880))

explain: for range-notcovered :: explain SELECT id, c FROM sbtest%d WHERE id BETWEEN 3102780 AND 3102880
for range-notcovered
table 1 : explain SELECT id, c FROM sbtest1 WHERE id BETWEEN 3102780 AND 3102880
	Index Scan using sbtest1_pkey on sbtest1  (cost=0.43..432.69 rows=109 width=125)
	  Index Cond: ((id >= 3102780) AND (id <= 3102880))

table 2 : explain SELECT id, c FROM sbtest2 WHERE id BETWEEN 3102780 AND 3102880
	Index Scan using sbtest2_pkey on sbtest2  (cost=0.43..409.98 rows=103 width=125)
	  Index Cond: ((id >= 3102780) AND (id <= 3102880))

table 3 : explain SELECT id, c FROM sbtest3 WHERE id BETWEEN 3102780 AND 3102880
	Index Scan using sbtest3_pkey on sbtest3  (cost=0.43..397.44 rows=100 width=125)
	  Index Cond: ((id >= 3102780) AND (id <= 3102880))

table 4 : explain SELECT id, c FROM sbtest4 WHERE id BETWEEN 3102780 AND 3102880
	Index Scan using sbtest4_pkey on sbtest4  (cost=0.43..415.10 rows=104 width=125)
	  Index Cond: ((id >= 3102780) AND (id <= 3102880))

table 5 : explain SELECT id, c FROM sbtest5 WHERE id BETWEEN 3102780 AND 3102880
	Index Scan using sbtest5_pkey on sbtest5  (cost=0.43..421.43 rows=106 width=125)
	  Index Cond: ((id >= 3102780) AND (id <= 3102880))

table 6 : explain SELECT id, c FROM sbtest6 WHERE id BETWEEN 3102780 AND 3102880
	Index Scan using sbtest6_pkey on sbtest6  (cost=0.43..413.08 rows=104 width=125)
	  Index Cond: ((id >= 3102780) AND (id <= 3102880))

table 7 : explain SELECT id, c FROM sbtest7 WHERE id BETWEEN 3102780 AND 3102880
	Index Scan using sbtest7_pkey on sbtest7  (cost=0.43..361.88 rows=91 width=125)
	  Index Cond: ((id >= 3102780) AND (id <= 3102880))

table 8 : explain SELECT id, c FROM sbtest8 WHERE id BETWEEN 3102780 AND 3102880
	Index Scan using sbtest8_pkey on sbtest8  (cost=0.43..385.41 rows=97 width=125)
	  Index Cond: ((id >= 3102780) AND (id <= 3102880))

explain: for range-notcovered :: explain SELECT id, c FROM sbtest%d WHERE id BETWEEN 3102780 AND 3102880
explain: for range-notcovered :: explain SELECT id, c FROM sbtest%d WHERE id BETWEEN 6280231 AND 6280331
for range-notcovered
table 1 : explain SELECT id, c FROM sbtest1 WHERE id BETWEEN 3504794 AND 3504894
	Index Scan using sbtest1_pkey on sbtest1  (cost=0.43..420.91 rows=106 width=125)
	  Index Cond: ((id >= 3504794) AND (id <= 3504894))

table 2 : explain SELECT id, c FROM sbtest2 WHERE id BETWEEN 3504794 AND 3504894
	Index Scan using sbtest2_pkey on sbtest2  (cost=0.43..409.98 rows=103 width=125)
	  Index Cond: ((id >= 3504794) AND (id <= 3504894))

table 3 : explain SELECT id, c FROM sbtest3 WHERE id BETWEEN 3504794 AND 3504894
	Index Scan using sbtest3_pkey on sbtest3  (cost=0.43..401.37 rows=101 width=125)
	  Index Cond: ((id >= 3504794) AND (id <= 3504894))

table 4 : explain SELECT id, c FROM sbtest4 WHERE id BETWEEN 3504794 AND 3504894
	Index Scan using sbtest4_pkey on sbtest4  (cost=0.43..422.99 rows=106 width=125)
	  Index Cond: ((id >= 3504794) AND (id <= 3504894))

table 5 : explain SELECT id, c FROM sbtest5 WHERE id BETWEEN 3504794 AND 3504894
	Index Scan using sbtest5_pkey on sbtest5  (cost=0.43..366.35 rows=92 width=125)
	  Index Cond: ((id >= 3504794) AND (id <= 3504894))

table 6 : explain SELECT id, c FROM sbtest6 WHERE id BETWEEN 3504794 AND 3504894
	Index Scan using sbtest6_pkey on sbtest6  (cost=0.43..428.79 rows=108 width=125)
	  Index Cond: ((id >= 3504794) AND (id <= 3504894))

table 7 : explain SELECT id, c FROM sbtest7 WHERE id BETWEEN 3504794 AND 3504894
	Index Scan using sbtest7_pkey on sbtest7  (cost=0.43..405.09 rows=102 width=125)
	  Index Cond: ((id >= 3504794) AND (id <= 3504894))

table 8 : explain SELECT id, c FROM sbtest8 WHERE id BETWEEN 3504794 AND 3504894
	Index Scan using sbtest8_pkey on sbtest8  (cost=0.43..381.48 rows=96 width=125)
	  Index Cond: ((id >= 3504794) AND (id <= 3504894))

explain: for range-notcovered :: explain SELECT id, c FROM sbtest%d WHERE id BETWEEN 3504794 AND 3504894
for range-notcovered
table 1 : explain SELECT id, c FROM sbtest1 WHERE id BETWEEN 3102780 AND 3102880
	Index Scan using sbtest1_pkey on sbtest1  (cost=0.43..432.69 rows=109 width=125)
	  Index Cond: ((id >= 3102780) AND (id <= 3102880))

table 2 : explain SELECT id, c FROM sbtest2 WHERE id BETWEEN 3102780 AND 3102880
	Index Scan using sbtest2_pkey on sbtest2  (cost=0.43..409.98 rows=103 width=125)
	  Index Cond: ((id >= 3102780) AND (id <= 3102880))

table 3 : explain SELECT id, c FROM sbtest3 WHERE id BETWEEN 3102780 AND 3102880
	Index Scan using sbtest3_pkey on sbtest3  (cost=0.43..397.44 rows=100 width=125)
	  Index Cond: ((id >= 3102780) AND (id <= 3102880))

table 4 : explain SELECT id, c FROM sbtest4 WHERE id BETWEEN 3102780 AND 3102880
	Index Scan using sbtest4_pkey on sbtest4  (cost=0.43..415.10 rows=104 width=125)
	  Index Cond: ((id >= 3102780) AND (id <= 3102880))

table 5 : explain SELECT id, c FROM sbtest5 WHERE id BETWEEN 3102780 AND 3102880
	Index Scan using sbtest5_pkey on sbtest5  (cost=0.43..421.43 rows=106 width=125)
	  Index Cond: ((id >= 3102780) AND (id <= 3102880))

table 6 : explain SELECT id, c FROM sbtest6 WHERE id BETWEEN 3102780 AND 3102880
	Index Scan using sbtest6_pkey on sbtest6  (cost=0.43..413.08 rows=104 width=125)
	  Index Cond: ((id >= 3102780) AND (id <= 3102880))

table 7 : explain SELECT id, c FROM sbtest7 WHERE id BETWEEN 3102780 AND 3102880
	Index Scan using sbtest7_pkey on sbtest7  (cost=0.43..361.88 rows=91 width=125)
	  Index Cond: ((id >= 3102780) AND (id <= 3102880))

table 8 : explain SELECT id, c FROM sbtest8 WHERE id BETWEEN 3102780 AND 3102880
	Index Scan using sbtest8_pkey on sbtest8  (cost=0.43..385.41 rows=97 width=125)
	  Index Cond: ((id >= 3102780) AND (id <= 3102880))

explain: for range-notcovered :: explain SELECT id, c FROM sbtest%d WHERE id BETWEEN 3102780 AND 3102880
for range-notcovered
table 1 : explain SELECT id, c FROM sbtest1 WHERE id BETWEEN 8327304 AND 8327404
	Index Scan using sbtest1_pkey on sbtest1  (cost=0.43..393.42 rows=99 width=125)
	  Index Cond: ((id >= 8327304) AND (id <= 8327404))

table 2 : explain SELECT id, c FROM sbtest2 WHERE id BETWEEN 8327304 AND 8327404
	Index Scan using sbtest2_pkey on sbtest2  (cost=0.43..402.11 rows=101 width=125)
	  Index Cond: ((id >= 8327304) AND (id <= 8327404))

table 3 : explain SELECT id, c FROM sbtest3 WHERE id BETWEEN 8327304 AND 8327404
	Index Scan using sbtest3_pkey on sbtest3  (cost=0.43..385.65 rows=97 width=125)
	  Index Cond: ((id >= 8327304) AND (id <= 8327404))

table 4 : explain SELECT id, c FROM sbtest4 WHERE id BETWEEN 8327304 AND 8327404
	Index Scan using sbtest4_pkey on sbtest4  (cost=0.43..403.25 rows=101 width=125)
	  Index Cond: ((id >= 8327304) AND (id <= 8327404))

table 5 : explain SELECT id, c FROM sbtest5 WHERE id BETWEEN 8327304 AND 8327404
	Index Scan using sbtest5_pkey on sbtest5  (cost=0.43..425.36 rows=107 width=125)
	  Index Cond: ((id >= 8327304) AND (id <= 8327404))

table 6 : explain SELECT id, c FROM sbtest6 WHERE id BETWEEN 8327304 AND 8327404
	Index Scan using sbtest6_pkey on sbtest6  (cost=0.43..393.44 rows=99 width=125)
	  Index Cond: ((id >= 8327304) AND (id <= 8327404))

table 7 : explain SELECT id, c FROM sbtest7 WHERE id BETWEEN 8327304 AND 8327404
	Index Scan using sbtest7_pkey on sbtest7  (cost=0.43..393.31 rows=99 width=125)
	  Index Cond: ((id >= 8327304) AND (id <= 8327404))

table 8 : explain SELECT id, c FROM sbtest8 WHERE id BETWEEN 8327304 AND 8327404
	Index Scan using sbtest8_pkey on sbtest8  (cost=0.43..377.56 rows=95 width=125)
	  Index Cond: ((id >= 8327304) AND (id <= 8327404))

explain: for range-notcovered :: explain SELECT id, c FROM sbtest%d WHERE id BETWEEN 8327304 AND 8327404
for range-notcovered
table 1 : explain SELECT id, c FROM sbtest1 WHERE id BETWEEN 3102780 AND 3102880
	Index Scan using sbtest1_pkey on sbtest1  (cost=0.43..432.69 rows=109 width=125)
	  Index Cond: ((id >= 3102780) AND (id <= 3102880))

table 2 : explain SELECT id, c FROM sbtest2 WHERE id BETWEEN 3102780 AND 3102880
	Index Scan using sbtest2_pkey on sbtest2  (cost=0.43..409.98 rows=103 width=125)
	  Index Cond: ((id >= 3102780) AND (id <= 3102880))

table 3 : explain SELECT id, c FROM sbtest3 WHERE id BETWEEN 3102780 AND 3102880
	Index Scan using sbtest3_pkey on sbtest3  (cost=0.43..397.44 rows=100 width=125)
	  Index Cond: ((id >= 3102780) AND (id <= 3102880))

table 4 : explain SELECT id, c FROM sbtest4 WHERE id BETWEEN 3102780 AND 3102880
	Index Scan using sbtest4_pkey on sbtest4  (cost=0.43..415.10 rows=104 width=125)
	  Index Cond: ((id >= 3102780) AND (id <= 3102880))

table 5 : explain SELECT id, c FROM sbtest5 WHERE id BETWEEN 3102780 AND 3102880
	Index Scan using sbtest5_pkey on sbtest5  (cost=0.43..421.43 rows=106 width=125)
	  Index Cond: ((id >= 3102780) AND (id <= 3102880))

table 6 : explain SELECT id, c FROM sbtest6 WHERE id BETWEEN 3102780 AND 3102880
	Index Scan using sbtest6_pkey on sbtest6  (cost=0.43..413.08 rows=104 width=125)
	  Index Cond: ((id >= 3102780) AND (id <= 3102880))

table 7 : explain SELECT id, c FROM sbtest7 WHERE id BETWEEN 3102780 AND 3102880
	Index Scan using sbtest7_pkey on sbtest7  (cost=0.43..361.88 rows=91 width=125)
	  Index Cond: ((id >= 3102780) AND (id <= 3102880))

table 8 : explain SELECT id, c FROM sbtest8 WHERE id BETWEEN 3102780 AND 3102880
	Index Scan using sbtest8_pkey on sbtest8  (cost=0.43..385.41 rows=97 width=125)
	  Index Cond: ((id >= 3102780) AND (id <= 3102880))

explain: for range-notcovered :: explain SELECT id, c FROM sbtest%d WHERE id BETWEEN 3102780 AND 3102880
for range-notcovered
table 1 : explain SELECT id, c FROM sbtest1 WHERE id BETWEEN 3504794 AND 3504894
	Index Scan using sbtest1_pkey on sbtest1  (cost=0.43..420.91 rows=106 width=125)
	  Index Cond: ((id >= 3504794) AND (id <= 3504894))

table 2 : explain SELECT id, c FROM sbtest2 WHERE id BETWEEN 3504794 AND 3504894
	Index Scan using sbtest2_pkey on sbtest2  (cost=0.43..409.98 rows=103 width=125)
	  Index Cond: ((id >= 3504794) AND (id <= 3504894))

table 3 : explain SELECT id, c FROM sbtest3 WHERE id BETWEEN 3504794 AND 3504894
	Index Scan using sbtest3_pkey on sbtest3  (cost=0.43..401.37 rows=101 width=125)
	  Index Cond: ((id >= 3504794) AND (id <= 3504894))

table 4 : explain SELECT id, c FROM sbtest4 WHERE id BETWEEN 3504794 AND 3504894
	Index Scan using sbtest4_pkey on sbtest4  (cost=0.43..422.99 rows=106 width=125)
	  Index Cond: ((id >= 3504794) AND (id <= 3504894))

table 5 : explain SELECT id, c FROM sbtest5 WHERE id BETWEEN 3504794 AND 3504894
	Index Scan using sbtest5_pkey on sbtest5  (cost=0.43..366.35 rows=92 width=125)
	  Index Cond: ((id >= 3504794) AND (id <= 3504894))

table 6 : explain SELECT id, c FROM sbtest6 WHERE id BETWEEN 3504794 AND 3504894
	Index Scan using sbtest6_pkey on sbtest6  (cost=0.43..428.79 rows=108 width=125)
	  Index Cond: ((id >= 3504794) AND (id <= 3504894))

table 7 : explain SELECT id, c FROM sbtest7 WHERE id BETWEEN 3504794 AND 3504894
	Index Scan using sbtest7_pkey on sbtest7  (cost=0.43..405.09 rows=102 width=125)
	  Index Cond: ((id >= 3504794) AND (id <= 3504894))

table 8 : explain SELECT id, c FROM sbtest8 WHERE id BETWEEN 3504794 AND 3504894
	Index Scan using sbtest8_pkey on sbtest8  (cost=0.43..381.48 rows=96 width=125)
	  Index Cond: ((id >= 3504794) AND (id <= 3504894))

explain: for range-notcovered :: explain SELECT id, c FROM sbtest%d WHERE id BETWEEN 3504794 AND 3504894
for range-notcovered
table 1 : explain SELECT id, c FROM sbtest1 WHERE id BETWEEN 8327304 AND 8327404
	Index Scan using sbtest1_pkey on sbtest1  (cost=0.43..393.42 rows=99 width=125)
	  Index Cond: ((id >= 8327304) AND (id <= 8327404))

table 2 : explain SELECT id, c FROM sbtest2 WHERE id BETWEEN 8327304 AND 8327404
	Index Scan using sbtest2_pkey on sbtest2  (cost=0.43..402.11 rows=101 width=125)
	  Index Cond: ((id >= 8327304) AND (id <= 8327404))

table 3 : explain SELECT id, c FROM sbtest3 WHERE id BETWEEN 8327304 AND 8327404
	Index Scan using sbtest3_pkey on sbtest3  (cost=0.43..385.65 rows=97 width=125)
	  Index Cond: ((id >= 8327304) AND (id <= 8327404))

table 4 : explain SELECT id, c FROM sbtest4 WHERE id BETWEEN 8327304 AND 8327404
	Index Scan using sbtest4_pkey on sbtest4  (cost=0.43..403.25 rows=101 width=125)
	  Index Cond: ((id >= 8327304) AND (id <= 8327404))

table 5 : explain SELECT id, c FROM sbtest5 WHERE id BETWEEN 8327304 AND 8327404
	Index Scan using sbtest5_pkey on sbtest5  (cost=0.43..425.36 rows=107 width=125)
	  Index Cond: ((id >= 8327304) AND (id <= 8327404))

table 6 : explain SELECT id, c FROM sbtest6 WHERE id BETWEEN 8327304 AND 8327404
	Index Scan using sbtest6_pkey on sbtest6  (cost=0.43..393.44 rows=99 width=125)
	  Index Cond: ((id >= 8327304) AND (id <= 8327404))

table 7 : explain SELECT id, c FROM sbtest7 WHERE id BETWEEN 8327304 AND 8327404
	Index Scan using sbtest7_pkey on sbtest7  (cost=0.43..393.31 rows=99 width=125)
	  Index Cond: ((id >= 8327304) AND (id <= 8327404))

table 8 : explain SELECT id, c FROM sbtest8 WHERE id BETWEEN 8327304 AND 8327404
	Index Scan using sbtest8_pkey on sbtest8  (cost=0.43..377.56 rows=95 width=125)
	  Index Cond: ((id >= 8327304) AND (id <= 8327404))

explain: for range-notcovered :: explain SELECT id, c FROM sbtest%d WHERE id BETWEEN 8327304 AND 8327404
for range-notcovered
table 1 : explain SELECT id, c FROM sbtest1 WHERE id BETWEEN 3102780 AND 3102880
	Index Scan using sbtest1_pkey on sbtest1  (cost=0.43..432.69 rows=109 width=125)
	  Index Cond: ((id >= 3102780) AND (id <= 3102880))

table 2 : explain SELECT id, c FROM sbtest2 WHERE id BETWEEN 3102780 AND 3102880
	Index Scan using sbtest2_pkey on sbtest2  (cost=0.43..409.98 rows=103 width=125)
	  Index Cond: ((id >= 3102780) AND (id <= 3102880))

table 3 : explain SELECT id, c FROM sbtest3 WHERE id BETWEEN 3102780 AND 3102880
	Index Scan using sbtest3_pkey on sbtest3  (cost=0.43..397.44 rows=100 width=125)
	  Index Cond: ((id >= 3102780) AND (id <= 3102880))

table 4 : explain SELECT id, c FROM sbtest4 WHERE id BETWEEN 3102780 AND 3102880
	Index Scan using sbtest4_pkey on sbtest4  (cost=0.43..415.10 rows=104 width=125)
	  Index Cond: ((id >= 3102780) AND (id <= 3102880))

table 5 : explain SELECT id, c FROM sbtest5 WHERE id BETWEEN 3102780 AND 3102880
	Index Scan using sbtest5_pkey on sbtest5  (cost=0.43..421.43 rows=106 width=125)
	  Index Cond: ((id >= 3102780) AND (id <= 3102880))

table 6 : explain SELECT id, c FROM sbtest6 WHERE id BETWEEN 3102780 AND 3102880
	Index Scan using sbtest6_pkey on sbtest6  (cost=0.43..413.08 rows=104 width=125)
	  Index Cond: ((id >= 3102780) AND (id <= 3102880))

table 7 : explain SELECT id, c FROM sbtest7 WHERE id BETWEEN 3102780 AND 3102880
	Index Scan using sbtest7_pkey on sbtest7  (cost=0.43..361.88 rows=91 width=125)
	  Index Cond: ((id >= 3102780) AND (id <= 3102880))

table 8 : explain SELECT id, c FROM sbtest8 WHERE id BETWEEN 3102780 AND 3102880
	Index Scan using sbtest8_pkey on sbtest8  (cost=0.43..385.41 rows=97 width=125)
	  Index Cond: ((id >= 3102780) AND (id <= 3102880))

explain: for range-notcovered :: explain SELECT id, c FROM sbtest%d WHERE id BETWEEN 3102780 AND 3102880
for range-notcovered
table 1 : explain SELECT id, c FROM sbtest1 WHERE id BETWEEN 8327304 AND 8327404
	Index Scan using sbtest1_pkey on sbtest1  (cost=0.43..393.42 rows=99 width=125)
	  Index Cond: ((id >= 8327304) AND (id <= 8327404))

table 2 : explain SELECT id, c FROM sbtest2 WHERE id BETWEEN 8327304 AND 8327404
	Index Scan using sbtest2_pkey on sbtest2  (cost=0.43..402.11 rows=101 width=125)
	  Index Cond: ((id >= 8327304) AND (id <= 8327404))

table 3 : explain SELECT id, c FROM sbtest3 WHERE id BETWEEN 8327304 AND 8327404
	Index Scan using sbtest3_pkey on sbtest3  (cost=0.43..385.65 rows=97 width=125)
	  Index Cond: ((id >= 8327304) AND (id <= 8327404))

table 4 : explain SELECT id, c FROM sbtest4 WHERE id BETWEEN 8327304 AND 8327404
	Index Scan using sbtest4_pkey on sbtest4  (cost=0.43..403.25 rows=101 width=125)
	  Index Cond: ((id >= 8327304) AND (id <= 8327404))

table 5 : explain SELECT id, c FROM sbtest5 WHERE id BETWEEN 8327304 AND 8327404
	Index Scan using sbtest5_pkey on sbtest5  (cost=0.43..425.36 rows=107 width=125)
	  Index Cond: ((id >= 8327304) AND (id <= 8327404))

table 6 : explain SELECT id, c FROM sbtest6 WHERE id BETWEEN 8327304 AND 8327404
	Index Scan using sbtest6_pkey on sbtest6  (cost=0.43..393.44 rows=99 width=125)
	  Index Cond: ((id >= 8327304) AND (id <= 8327404))

table 7 : explain SELECT id, c FROM sbtest7 WHERE id BETWEEN 8327304 AND 8327404
	Index Scan using sbtest7_pkey on sbtest7  (cost=0.43..393.31 rows=99 width=125)
	  Index Cond: ((id >= 8327304) AND (id <= 8327404))

table 8 : explain SELECT id, c FROM sbtest8 WHERE id BETWEEN 8327304 AND 8327404
	Index Scan using sbtest8_pkey on sbtest8  (cost=0.43..377.56 rows=95 width=125)
	  Index Cond: ((id >= 8327304) AND (id <= 8327404))

explain: for range-notcovered :: explain SELECT id, c FROM sbtest%d WHERE id BETWEEN 8327304 AND 8327404
for range-notcovered
table 1 : explain SELECT id, c FROM sbtest1 WHERE id BETWEEN 8327304 AND 8327404
	Index Scan using sbtest1_pkey on sbtest1  (cost=0.43..393.42 rows=99 width=125)
	  Index Cond: ((id >= 8327304) AND (id <= 8327404))

table 2 : explain SELECT id, c FROM sbtest2 WHERE id BETWEEN 8327304 AND 8327404
	Index Scan using sbtest2_pkey on sbtest2  (cost=0.43..402.11 rows=101 width=125)
	  Index Cond: ((id >= 8327304) AND (id <= 8327404))

table 3 : explain SELECT id, c FROM sbtest3 WHERE id BETWEEN 8327304 AND 8327404
	Index Scan using sbtest3_pkey on sbtest3  (cost=0.43..385.65 rows=97 width=125)
	  Index Cond: ((id >= 8327304) AND (id <= 8327404))

table 4 : explain SELECT id, c FROM sbtest4 WHERE id BETWEEN 8327304 AND 8327404
	Index Scan using sbtest4_pkey on sbtest4  (cost=0.43..403.25 rows=101 width=125)
	  Index Cond: ((id >= 8327304) AND (id <= 8327404))

table 5 : explain SELECT id, c FROM sbtest5 WHERE id BETWEEN 8327304 AND 8327404
	Index Scan using sbtest5_pkey on sbtest5  (cost=0.43..425.36 rows=107 width=125)
	  Index Cond: ((id >= 8327304) AND (id <= 8327404))

table 6 : explain SELECT id, c FROM sbtest6 WHERE id BETWEEN 8327304 AND 8327404
	Index Scan using sbtest6_pkey on sbtest6  (cost=0.43..393.44 rows=99 width=125)
	  Index Cond: ((id >= 8327304) AND (id <= 8327404))

table 7 : explain SELECT id, c FROM sbtest7 WHERE id BETWEEN 8327304 AND 8327404
	Index Scan using sbtest7_pkey on sbtest7  (cost=0.43..393.31 rows=99 width=125)
	  Index Cond: ((id >= 8327304) AND (id <= 8327404))

table 8 : explain SELECT id, c FROM sbtest8 WHERE id BETWEEN 8327304 AND 8327404
	Index Scan using sbtest8_pkey on sbtest8  (cost=0.43..377.56 rows=95 width=125)
	  Index Cond: ((id >= 8327304) AND (id <= 8327404))

explain: for range-notcovered :: explain SELECT id, c FROM sbtest%d WHERE id BETWEEN 8327304 AND 8327404
for range-notcovered
table 1 : explain SELECT id, c FROM sbtest1 WHERE id BETWEEN 3102780 AND 3102880
	Index Scan using sbtest1_pkey on sbtest1  (cost=0.43..432.69 rows=109 width=125)
	  Index Cond: ((id >= 3102780) AND (id <= 3102880))

table 2 : explain SELECT id, c FROM sbtest2 WHERE id BETWEEN 3102780 AND 3102880
	Index Scan using sbtest2_pkey on sbtest2  (cost=0.43..409.98 rows=103 width=125)
	  Index Cond: ((id >= 3102780) AND (id <= 3102880))

table 3 : explain SELECT id, c FROM sbtest3 WHERE id BETWEEN 3102780 AND 3102880
	Index Scan using sbtest3_pkey on sbtest3  (cost=0.43..397.44 rows=100 width=125)
	  Index Cond: ((id >= 3102780) AND (id <= 3102880))

table 4 : explain SELECT id, c FROM sbtest4 WHERE id BETWEEN 3102780 AND 3102880
	Index Scan using sbtest4_pkey on sbtest4  (cost=0.43..415.10 rows=104 width=125)
	  Index Cond: ((id >= 3102780) AND (id <= 3102880))

table 5 : explain SELECT id, c FROM sbtest5 WHERE id BETWEEN 3102780 AND 3102880
	Index Scan using sbtest5_pkey on sbtest5  (cost=0.43..421.43 rows=106 width=125)
	  Index Cond: ((id >= 3102780) AND (id <= 3102880))

table 6 : explain SELECT id, c FROM sbtest6 WHERE id BETWEEN 3102780 AND 3102880
	Index Scan using sbtest6_pkey on sbtest6  (cost=0.43..413.08 rows=104 width=125)
	  Index Cond: ((id >= 3102780) AND (id <= 3102880))

table 7 : explain SELECT id, c FROM sbtest7 WHERE id BETWEEN 3102780 AND 3102880
	Index Scan using sbtest7_pkey on sbtest7  (cost=0.43..361.88 rows=91 width=125)
	  Index Cond: ((id >= 3102780) AND (id <= 3102880))

table 8 : explain SELECT id, c FROM sbtest8 WHERE id BETWEEN 3102780 AND 3102880
	Index Scan using sbtest8_pkey on sbtest8  (cost=0.43..385.41 rows=97 width=125)
	  Index Cond: ((id >= 3102780) AND (id <= 3102880))

for range-notcovered
table 1 : explain SELECT id, c FROM sbtest1 WHERE id BETWEEN 3504794 AND 3504894
	Index Scan using sbtest1_pkey on sbtest1  (cost=0.43..420.91 rows=106 width=125)
	  Index Cond: ((id >= 3504794) AND (id <= 3504894))

table 2 : explain SELECT id, c FROM sbtest2 WHERE id BETWEEN 3504794 AND 3504894
	Index Scan using sbtest2_pkey on sbtest2  (cost=0.43..409.98 rows=103 width=125)
	  Index Cond: ((id >= 3504794) AND (id <= 3504894))

table 3 : explain SELECT id, c FROM sbtest3 WHERE id BETWEEN 3504794 AND 3504894
	Index Scan using sbtest3_pkey on sbtest3  (cost=0.43..401.37 rows=101 width=125)
	  Index Cond: ((id >= 3504794) AND (id <= 3504894))

table 4 : explain SELECT id, c FROM sbtest4 WHERE id BETWEEN 3504794 AND 3504894
	Index Scan using sbtest4_pkey on sbtest4  (cost=0.43..422.99 rows=106 width=125)
	  Index Cond: ((id >= 3504794) AND (id <= 3504894))

table 5 : explain SELECT id, c FROM sbtest5 WHERE id BETWEEN 3504794 AND 3504894
	Index Scan using sbtest5_pkey on sbtest5  (cost=0.43..366.35 rows=92 width=125)
	  Index Cond: ((id >= 3504794) AND (id <= 3504894))

table 6 : explain SELECT id, c FROM sbtest6 WHERE id BETWEEN 3504794 AND 3504894
	Index Scan using sbtest6_pkey on sbtest6  (cost=0.43..428.79 rows=108 width=125)
	  Index Cond: ((id >= 3504794) AND (id <= 3504894))

table 7 : explain SELECT id, c FROM sbtest7 WHERE id BETWEEN 3504794 AND 3504894
	Index Scan using sbtest7_pkey on sbtest7  (cost=0.43..405.09 rows=102 width=125)
	  Index Cond: ((id >= 3504794) AND (id <= 3504894))

table 8 : explain SELECT id, c FROM sbtest8 WHERE id BETWEEN 3504794 AND 3504894
	Index Scan using sbtest8_pkey on sbtest8  (cost=0.43..381.48 rows=96 width=125)
	  Index Cond: ((id >= 3504794) AND (id <= 3504894))

for range-notcovered
table 1 : explain SELECT id, c FROM sbtest1 WHERE id BETWEEN 8327304 AND 8327404
	Index Scan using sbtest1_pkey on sbtest1  (cost=0.43..393.42 rows=99 width=125)
	  Index Cond: ((id >= 8327304) AND (id <= 8327404))

table 2 : explain SELECT id, c FROM sbtest2 WHERE id BETWEEN 8327304 AND 8327404
	Index Scan using sbtest2_pkey on sbtest2  (cost=0.43..402.11 rows=101 width=125)
	  Index Cond: ((id >= 8327304) AND (id <= 8327404))

table 3 : explain SELECT id, c FROM sbtest3 WHERE id BETWEEN 8327304 AND 8327404
	Index Scan using sbtest3_pkey on sbtest3  (cost=0.43..385.65 rows=97 width=125)
	  Index Cond: ((id >= 8327304) AND (id <= 8327404))

table 4 : explain SELECT id, c FROM sbtest4 WHERE id BETWEEN 8327304 AND 8327404
	Index Scan using sbtest4_pkey on sbtest4  (cost=0.43..403.25 rows=101 width=125)
	  Index Cond: ((id >= 8327304) AND (id <= 8327404))

table 5 : explain SELECT id, c FROM sbtest5 WHERE id BETWEEN 8327304 AND 8327404
	Index Scan using sbtest5_pkey on sbtest5  (cost=0.43..425.36 rows=107 width=125)
	  Index Cond: ((id >= 8327304) AND (id <= 8327404))

table 6 : explain SELECT id, c FROM sbtest6 WHERE id BETWEEN 8327304 AND 8327404
	Index Scan using sbtest6_pkey on sbtest6  (cost=0.43..393.44 rows=99 width=125)
	  Index Cond: ((id >= 8327304) AND (id <= 8327404))

table 7 : explain SELECT id, c FROM sbtest7 WHERE id BETWEEN 8327304 AND 8327404
	Index Scan using sbtest7_pkey on sbtest7  (cost=0.43..393.31 rows=99 width=125)
	  Index Cond: ((id >= 8327304) AND (id <= 8327404))

table 8 : explain SELECT id, c FROM sbtest8 WHERE id BETWEEN 8327304 AND 8327404
	Index Scan using sbtest8_pkey on sbtest8  (cost=0.43..377.56 rows=95 width=125)
	  Index Cond: ((id >= 8327304) AND (id <= 8327404))

explain: for range-notcovered :: explain SELECT id, c FROM sbtest%d WHERE id BETWEEN 3504794 AND 3504894
explain: for range-notcovered :: explain SELECT id, c FROM sbtest%d WHERE id BETWEEN 8327304 AND 8327404
explain: for range-notcovered :: explain SELECT id, c FROM sbtest%d WHERE id BETWEEN 4799115 AND 4799215
for range-notcovered
table 1 : explain SELECT id, c FROM sbtest1 WHERE id BETWEEN 8327304 AND 8327404
	Index Scan using sbtest1_pkey on sbtest1  (cost=0.43..393.42 rows=99 width=125)
	  Index Cond: ((id >= 8327304) AND (id <= 8327404))

table 2 : explain SELECT id, c FROM sbtest2 WHERE id BETWEEN 8327304 AND 8327404
	Index Scan using sbtest2_pkey on sbtest2  (cost=0.43..402.11 rows=101 width=125)
	  Index Cond: ((id >= 8327304) AND (id <= 8327404))

table 3 : explain SELECT id, c FROM sbtest3 WHERE id BETWEEN 8327304 AND 8327404
	Index Scan using sbtest3_pkey on sbtest3  (cost=0.43..385.65 rows=97 width=125)
	  Index Cond: ((id >= 8327304) AND (id <= 8327404))

table 4 : explain SELECT id, c FROM sbtest4 WHERE id BETWEEN 8327304 AND 8327404
	Index Scan using sbtest4_pkey on sbtest4  (cost=0.43..403.25 rows=101 width=125)
	  Index Cond: ((id >= 8327304) AND (id <= 8327404))

table 5 : explain SELECT id, c FROM sbtest5 WHERE id BETWEEN 8327304 AND 8327404
	Index Scan using sbtest5_pkey on sbtest5  (cost=0.43..425.36 rows=107 width=125)
	  Index Cond: ((id >= 8327304) AND (id <= 8327404))

table 6 : explain SELECT id, c FROM sbtest6 WHERE id BETWEEN 8327304 AND 8327404
	Index Scan using sbtest6_pkey on sbtest6  (cost=0.43..393.44 rows=99 width=125)
	  Index Cond: ((id >= 8327304) AND (id <= 8327404))

table 7 : explain SELECT id, c FROM sbtest7 WHERE id BETWEEN 8327304 AND 8327404
	Index Scan using sbtest7_pkey on sbtest7  (cost=0.43..393.31 rows=99 width=125)
	  Index Cond: ((id >= 8327304) AND (id <= 8327404))

table 8 : explain SELECT id, c FROM sbtest8 WHERE id BETWEEN 8327304 AND 8327404
	Index Scan using sbtest8_pkey on sbtest8  (cost=0.43..377.56 rows=95 width=125)
	  Index Cond: ((id >= 8327304) AND (id <= 8327404))

explain: for range-notcovered :: explain SELECT id, c FROM sbtest%d WHERE id BETWEEN 8327304 AND 8327404
for range-notcovered
table 1 : explain SELECT id, c FROM sbtest1 WHERE id BETWEEN 3504794 AND 3504894
	Index Scan using sbtest1_pkey on sbtest1  (cost=0.43..420.91 rows=106 width=125)
	  Index Cond: ((id >= 3504794) AND (id <= 3504894))

table 2 : explain SELECT id, c FROM sbtest2 WHERE id BETWEEN 3504794 AND 3504894
	Index Scan using sbtest2_pkey on sbtest2  (cost=0.43..409.98 rows=103 width=125)
	  Index Cond: ((id >= 3504794) AND (id <= 3504894))

table 3 : explain SELECT id, c FROM sbtest3 WHERE id BETWEEN 3504794 AND 3504894
	Index Scan using sbtest3_pkey on sbtest3  (cost=0.43..401.37 rows=101 width=125)
	  Index Cond: ((id >= 3504794) AND (id <= 3504894))

table 4 : explain SELECT id, c FROM sbtest4 WHERE id BETWEEN 3504794 AND 3504894
	Index Scan using sbtest4_pkey on sbtest4  (cost=0.43..422.99 rows=106 width=125)
	  Index Cond: ((id >= 3504794) AND (id <= 3504894))

table 5 : explain SELECT id, c FROM sbtest5 WHERE id BETWEEN 3504794 AND 3504894
	Index Scan using sbtest5_pkey on sbtest5  (cost=0.43..366.35 rows=92 width=125)
	  Index Cond: ((id >= 3504794) AND (id <= 3504894))

table 6 : explain SELECT id, c FROM sbtest6 WHERE id BETWEEN 3504794 AND 3504894
	Index Scan using sbtest6_pkey on sbtest6  (cost=0.43..428.79 rows=108 width=125)
	  Index Cond: ((id >= 3504794) AND (id <= 3504894))

table 7 : explain SELECT id, c FROM sbtest7 WHERE id BETWEEN 3504794 AND 3504894
	Index Scan using sbtest7_pkey on sbtest7  (cost=0.43..405.09 rows=102 width=125)
	  Index Cond: ((id >= 3504794) AND (id <= 3504894))

table 8 : explain SELECT id, c FROM sbtest8 WHERE id BETWEEN 3504794 AND 3504894
	Index Scan using sbtest8_pkey on sbtest8  (cost=0.43..381.48 rows=96 width=125)
	  Index Cond: ((id >= 3504794) AND (id <= 3504894))

explain: for range-notcovered :: explain SELECT id, c FROM sbtest%d WHERE id BETWEEN 3504794 AND 3504894
for range-notcovered
table 1 : explain SELECT id, c FROM sbtest1 WHERE id BETWEEN 8327304 AND 8327404
	Index Scan using sbtest1_pkey on sbtest1  (cost=0.43..393.42 rows=99 width=125)
	  Index Cond: ((id >= 8327304) AND (id <= 8327404))

table 2 : explain SELECT id, c FROM sbtest2 WHERE id BETWEEN 8327304 AND 8327404
	Index Scan using sbtest2_pkey on sbtest2  (cost=0.43..402.11 rows=101 width=125)
	  Index Cond: ((id >= 8327304) AND (id <= 8327404))

table 3 : explain SELECT id, c FROM sbtest3 WHERE id BETWEEN 8327304 AND 8327404
	Index Scan using sbtest3_pkey on sbtest3  (cost=0.43..385.65 rows=97 width=125)
	  Index Cond: ((id >= 8327304) AND (id <= 8327404))

table 4 : explain SELECT id, c FROM sbtest4 WHERE id BETWEEN 8327304 AND 8327404
	Index Scan using sbtest4_pkey on sbtest4  (cost=0.43..403.25 rows=101 width=125)
	  Index Cond: ((id >= 8327304) AND (id <= 8327404))

table 5 : explain SELECT id, c FROM sbtest5 WHERE id BETWEEN 8327304 AND 8327404
	Index Scan using sbtest5_pkey on sbtest5  (cost=0.43..425.36 rows=107 width=125)
	  Index Cond: ((id >= 8327304) AND (id <= 8327404))

table 6 : explain SELECT id, c FROM sbtest6 WHERE id BETWEEN 8327304 AND 8327404
	Index Scan using sbtest6_pkey on sbtest6  (cost=0.43..393.44 rows=99 width=125)
	  Index Cond: ((id >= 8327304) AND (id <= 8327404))

table 7 : explain SELECT id, c FROM sbtest7 WHERE id BETWEEN 8327304 AND 8327404
	Index Scan using sbtest7_pkey on sbtest7  (cost=0.43..393.31 rows=99 width=125)
	  Index Cond: ((id >= 8327304) AND (id <= 8327404))

table 8 : explain SELECT id, c FROM sbtest8 WHERE id BETWEEN 8327304 AND 8327404
	Index Scan using sbtest8_pkey on sbtest8  (cost=0.43..377.56 rows=95 width=125)
	  Index Cond: ((id >= 8327304) AND (id <= 8327404))

for range-notcovered
table 1 : explain SELECT id, c FROM sbtest1 WHERE id BETWEEN 3504794 AND 3504894
	Index Scan using sbtest1_pkey on sbtest1  (cost=0.43..420.91 rows=106 width=125)
	  Index Cond: ((id >= 3504794) AND (id <= 3504894))

table 2 : explain SELECT id, c FROM sbtest2 WHERE id BETWEEN 3504794 AND 3504894
	Index Scan using sbtest2_pkey on sbtest2  (cost=0.43..409.98 rows=103 width=125)
	  Index Cond: ((id >= 3504794) AND (id <= 3504894))

table 3 : explain SELECT id, c FROM sbtest3 WHERE id BETWEEN 3504794 AND 3504894
	Index Scan using sbtest3_pkey on sbtest3  (cost=0.43..401.37 rows=101 width=125)
	  Index Cond: ((id >= 3504794) AND (id <= 3504894))

table 4 : explain SELECT id, c FROM sbtest4 WHERE id BETWEEN 3504794 AND 3504894
	Index Scan using sbtest4_pkey on sbtest4  (cost=0.43..422.99 rows=106 width=125)
	  Index Cond: ((id >= 3504794) AND (id <= 3504894))

table 5 : explain SELECT id, c FROM sbtest5 WHERE id BETWEEN 3504794 AND 3504894
	Index Scan using sbtest5_pkey on sbtest5  (cost=0.43..366.35 rows=92 width=125)
	  Index Cond: ((id >= 3504794) AND (id <= 3504894))

table 6 : explain SELECT id, c FROM sbtest6 WHERE id BETWEEN 3504794 AND 3504894
	Index Scan using sbtest6_pkey on sbtest6  (cost=0.43..428.79 rows=108 width=125)
	  Index Cond: ((id >= 3504794) AND (id <= 3504894))

table 7 : explain SELECT id, c FROM sbtest7 WHERE id BETWEEN 3504794 AND 3504894
	Index Scan using sbtest7_pkey on sbtest7  (cost=0.43..405.09 rows=102 width=125)
	  Index Cond: ((id >= 3504794) AND (id <= 3504894))

table 8 : explain SELECT id, c FROM sbtest8 WHERE id BETWEEN 3504794 AND 3504894
	Index Scan using sbtest8_pkey on sbtest8  (cost=0.43..381.48 rows=96 width=125)
	  Index Cond: ((id >= 3504794) AND (id <= 3504894))

explain: for range-notcovered :: explain SELECT id, c FROM sbtest%d WHERE id BETWEEN 8327304 AND 8327404
explain: for range-notcovered :: explain SELECT id, c FROM sbtest%d WHERE id BETWEEN 3504794 AND 3504894
explain: for range-notcovered :: explain SELECT id, c FROM sbtest%d WHERE id BETWEEN 4271628 AND 4271728
for range-notcovered
table 1 : explain SELECT id, c FROM sbtest1 WHERE id BETWEEN 3504794 AND 3504894
	Index Scan using sbtest1_pkey on sbtest1  (cost=0.43..420.91 rows=106 width=125)
	  Index Cond: ((id >= 3504794) AND (id <= 3504894))

table 2 : explain SELECT id, c FROM sbtest2 WHERE id BETWEEN 3504794 AND 3504894
	Index Scan using sbtest2_pkey on sbtest2  (cost=0.43..409.98 rows=103 width=125)
	  Index Cond: ((id >= 3504794) AND (id <= 3504894))

table 3 : explain SELECT id, c FROM sbtest3 WHERE id BETWEEN 3504794 AND 3504894
	Index Scan using sbtest3_pkey on sbtest3  (cost=0.43..401.37 rows=101 width=125)
	  Index Cond: ((id >= 3504794) AND (id <= 3504894))

table 4 : explain SELECT id, c FROM sbtest4 WHERE id BETWEEN 3504794 AND 3504894
	Index Scan using sbtest4_pkey on sbtest4  (cost=0.43..422.99 rows=106 width=125)
	  Index Cond: ((id >= 3504794) AND (id <= 3504894))

table 5 : explain SELECT id, c FROM sbtest5 WHERE id BETWEEN 3504794 AND 3504894
	Index Scan using sbtest5_pkey on sbtest5  (cost=0.43..366.35 rows=92 width=125)
	  Index Cond: ((id >= 3504794) AND (id <= 3504894))

table 6 : explain SELECT id, c FROM sbtest6 WHERE id BETWEEN 3504794 AND 3504894
	Index Scan using sbtest6_pkey on sbtest6  (cost=0.43..428.79 rows=108 width=125)
	  Index Cond: ((id >= 3504794) AND (id <= 3504894))

table 7 : explain SELECT id, c FROM sbtest7 WHERE id BETWEEN 3504794 AND 3504894
	Index Scan using sbtest7_pkey on sbtest7  (cost=0.43..405.09 rows=102 width=125)
	  Index Cond: ((id >= 3504794) AND (id <= 3504894))

table 8 : explain SELECT id, c FROM sbtest8 WHERE id BETWEEN 3504794 AND 3504894
	Index Scan using sbtest8_pkey on sbtest8  (cost=0.43..381.48 rows=96 width=125)
	  Index Cond: ((id >= 3504794) AND (id <= 3504894))

explain: for range-notcovered :: explain SELECT id, c FROM sbtest%d WHERE id BETWEEN 3504794 AND 3504894
for range-notcovered
table 1 : explain SELECT id, c FROM sbtest1 WHERE id BETWEEN 3504794 AND 3504894
	Index Scan using sbtest1_pkey on sbtest1  (cost=0.43..420.91 rows=106 width=125)
	  Index Cond: ((id >= 3504794) AND (id <= 3504894))

table 2 : explain SELECT id, c FROM sbtest2 WHERE id BETWEEN 3504794 AND 3504894
	Index Scan using sbtest2_pkey on sbtest2  (cost=0.43..409.98 rows=103 width=125)
	  Index Cond: ((id >= 3504794) AND (id <= 3504894))

table 3 : explain SELECT id, c FROM sbtest3 WHERE id BETWEEN 3504794 AND 3504894
	Index Scan using sbtest3_pkey on sbtest3  (cost=0.43..401.37 rows=101 width=125)
	  Index Cond: ((id >= 3504794) AND (id <= 3504894))

table 4 : explain SELECT id, c FROM sbtest4 WHERE id BETWEEN 3504794 AND 3504894
	Index Scan using sbtest4_pkey on sbtest4  (cost=0.43..422.99 rows=106 width=125)
	  Index Cond: ((id >= 3504794) AND (id <= 3504894))

table 5 : explain SELECT id, c FROM sbtest5 WHERE id BETWEEN 3504794 AND 3504894
	Index Scan using sbtest5_pkey on sbtest5  (cost=0.43..366.35 rows=92 width=125)
	  Index Cond: ((id >= 3504794) AND (id <= 3504894))

table 6 : explain SELECT id, c FROM sbtest6 WHERE id BETWEEN 3504794 AND 3504894
	Index Scan using sbtest6_pkey on sbtest6  (cost=0.43..428.79 rows=108 width=125)
	  Index Cond: ((id >= 3504794) AND (id <= 3504894))

table 7 : explain SELECT id, c FROM sbtest7 WHERE id BETWEEN 3504794 AND 3504894
	Index Scan using sbtest7_pkey on sbtest7  (cost=0.43..405.09 rows=102 width=125)
	  Index Cond: ((id >= 3504794) AND (id <= 3504894))

table 8 : explain SELECT id, c FROM sbtest8 WHERE id BETWEEN 3504794 AND 3504894
	Index Scan using sbtest8_pkey on sbtest8  (cost=0.43..381.48 rows=96 width=125)
	  Index Cond: ((id >= 3504794) AND (id <= 3504894))

explain: for range-notcovered :: explain SELECT id, c FROM sbtest%d WHERE id BETWEEN 3504794 AND 3504894
for range-notcovered
table 1 : explain SELECT id, c FROM sbtest1 WHERE id BETWEEN 6280231 AND 6280331
	Index Scan using sbtest1_pkey on sbtest1  (cost=0.43..397.35 rows=100 width=125)
	  Index Cond: ((id >= 6280231) AND (id <= 6280331))

table 2 : explain SELECT id, c FROM sbtest2 WHERE id BETWEEN 6280231 AND 6280331
	Index Scan using sbtest2_pkey on sbtest2  (cost=0.43..402.11 rows=101 width=125)
	  Index Cond: ((id >= 6280231) AND (id <= 6280331))

table 3 : explain SELECT id, c FROM sbtest3 WHERE id BETWEEN 6280231 AND 6280331
	Index Scan using sbtest3_pkey on sbtest3  (cost=0.43..440.65 rows=111 width=125)
	  Index Cond: ((id >= 6280231) AND (id <= 6280331))

table 4 : explain SELECT id, c FROM sbtest4 WHERE id BETWEEN 6280231 AND 6280331
	Index Scan using sbtest4_pkey on sbtest4  (cost=0.43..422.99 rows=106 width=125)
	  Index Cond: ((id >= 6280231) AND (id <= 6280331))

table 5 : explain SELECT id, c FROM sbtest5 WHERE id BETWEEN 6280231 AND 6280331
	Index Scan using sbtest5_pkey on sbtest5  (cost=0.43..405.70 rows=102 width=125)
	  Index Cond: ((id >= 6280231) AND (id <= 6280331))

table 6 : explain SELECT id, c FROM sbtest6 WHERE id BETWEEN 6280231 AND 6280331
	Index Scan using sbtest6_pkey on sbtest6  (cost=0.43..405.23 rows=102 width=125)
	  Index Cond: ((id >= 6280231) AND (id <= 6280331))

table 7 : explain SELECT id, c FROM sbtest7 WHERE id BETWEEN 6280231 AND 6280331
	Index Scan using sbtest7_pkey on sbtest7  (cost=0.43..377.61 rows=95 width=125)
	  Index Cond: ((id >= 6280231) AND (id <= 6280331))

table 8 : explain SELECT id, c FROM sbtest8 WHERE id BETWEEN 6280231 AND 6280331
	Index Scan using sbtest8_pkey on sbtest8  (cost=0.43..389.33 rows=98 width=125)
	  Index Cond: ((id >= 6280231) AND (id <= 6280331))

for range-notcovered
table 1 : explain SELECT id, c FROM sbtest1 WHERE id BETWEEN 6550680 AND 6550780
	Index Scan using sbtest1_pkey on sbtest1  (cost=0.43..401.27 rows=101 width=125)
	  Index Cond: ((id >= 6550680) AND (id <= 6550780))

table 2 : explain SELECT id, c FROM sbtest2 WHERE id BETWEEN 6550680 AND 6550780
	Index Scan using sbtest2_pkey on sbtest2  (cost=0.43..398.18 rows=100 width=125)
	  Index Cond: ((id >= 6550680) AND (id <= 6550780))

table 3 : explain SELECT id, c FROM sbtest3 WHERE id BETWEEN 6550680 AND 6550780
	Index Scan using sbtest3_pkey on sbtest3  (cost=0.43..381.72 rows=96 width=125)
	  Index Cond: ((id >= 6550680) AND (id <= 6550780))

table 4 : explain SELECT id, c FROM sbtest4 WHERE id BETWEEN 6550680 AND 6550780
	Index Scan using sbtest4_pkey on sbtest4  (cost=0.43..383.52 rows=96 width=125)
	  Index Cond: ((id >= 6550680) AND (id <= 6550780))

table 5 : explain SELECT id, c FROM sbtest5 WHERE id BETWEEN 6550680 AND 6550780
	Index Scan using sbtest5_pkey on sbtest5  (cost=0.43..409.63 rows=103 width=125)
	  Index Cond: ((id >= 6550680) AND (id <= 6550780))

table 6 : explain SELECT id, c FROM sbtest6 WHERE id BETWEEN 6550680 AND 6550780
	Index Scan using sbtest6_pkey on sbtest6  (cost=0.43..405.23 rows=102 width=125)
	  Index Cond: ((id >= 6550680) AND (id <= 6550780))

table 7 : explain SELECT id, c FROM sbtest7 WHERE id BETWEEN 6550680 AND 6550780
	Index Scan using sbtest7_pkey on sbtest7  (cost=0.43..436.50 rows=110 width=125)
	  Index Cond: ((id >= 6550680) AND (id <= 6550780))

table 8 : explain SELECT id, c FROM sbtest8 WHERE id BETWEEN 6550680 AND 6550780
	Index Scan using sbtest8_pkey on sbtest8  (cost=0.43..401.11 rows=101 width=125)
	  Index Cond: ((id >= 6550680) AND (id <= 6550780))

explain: for range-notcovered :: explain SELECT id, c FROM sbtest%d WHERE id BETWEEN 6280231 AND 6280331
explain: for range-notcovered :: explain SELECT id, c FROM sbtest%d WHERE id BETWEEN 6550680 AND 6550780
for range-notcovered
table 1 : explain SELECT id, c FROM sbtest1 WHERE id BETWEEN 3504794 AND 3504894
	Index Scan using sbtest1_pkey on sbtest1  (cost=0.43..420.91 rows=106 width=125)
	  Index Cond: ((id >= 3504794) AND (id <= 3504894))

table 2 : explain SELECT id, c FROM sbtest2 WHERE id BETWEEN 3504794 AND 3504894
	Index Scan using sbtest2_pkey on sbtest2  (cost=0.43..409.98 rows=103 width=125)
	  Index Cond: ((id >= 3504794) AND (id <= 3504894))

table 3 : explain SELECT id, c FROM sbtest3 WHERE id BETWEEN 3504794 AND 3504894
	Index Scan using sbtest3_pkey on sbtest3  (cost=0.43..401.37 rows=101 width=125)
	  Index Cond: ((id >= 3504794) AND (id <= 3504894))

table 4 : explain SELECT id, c FROM sbtest4 WHERE id BETWEEN 3504794 AND 3504894
	Index Scan using sbtest4_pkey on sbtest4  (cost=0.43..422.99 rows=106 width=125)
	  Index Cond: ((id >= 3504794) AND (id <= 3504894))

table 5 : explain SELECT id, c FROM sbtest5 WHERE id BETWEEN 3504794 AND 3504894
	Index Scan using sbtest5_pkey on sbtest5  (cost=0.43..366.35 rows=92 width=125)
	  Index Cond: ((id >= 3504794) AND (id <= 3504894))

table 6 : explain SELECT id, c FROM sbtest6 WHERE id BETWEEN 3504794 AND 3504894
	Index Scan using sbtest6_pkey on sbtest6  (cost=0.43..428.79 rows=108 width=125)
	  Index Cond: ((id >= 3504794) AND (id <= 3504894))

table 7 : explain SELECT id, c FROM sbtest7 WHERE id BETWEEN 3504794 AND 3504894
	Index Scan using sbtest7_pkey on sbtest7  (cost=0.43..405.09 rows=102 width=125)
	  Index Cond: ((id >= 3504794) AND (id <= 3504894))

table 8 : explain SELECT id, c FROM sbtest8 WHERE id BETWEEN 3504794 AND 3504894
	Index Scan using sbtest8_pkey on sbtest8  (cost=0.43..381.48 rows=96 width=125)
	  Index Cond: ((id >= 3504794) AND (id <= 3504894))

for range-notcovered
table 1 : explain SELECT id, c FROM sbtest1 WHERE id BETWEEN 6280231 AND 6280331
	Index Scan using sbtest1_pkey on sbtest1  (cost=0.43..397.35 rows=100 width=125)
	  Index Cond: ((id >= 6280231) AND (id <= 6280331))

table 2 : explain SELECT id, c FROM sbtest2 WHERE id BETWEEN 6280231 AND 6280331
	Index Scan using sbtest2_pkey on sbtest2  (cost=0.43..402.11 rows=101 width=125)
	  Index Cond: ((id >= 6280231) AND (id <= 6280331))

table 3 : explain SELECT id, c FROM sbtest3 WHERE id BETWEEN 6280231 AND 6280331
	Index Scan using sbtest3_pkey on sbtest3  (cost=0.43..440.65 rows=111 width=125)
	  Index Cond: ((id >= 6280231) AND (id <= 6280331))

table 4 : explain SELECT id, c FROM sbtest4 WHERE id BETWEEN 6280231 AND 6280331
	Index Scan using sbtest4_pkey on sbtest4  (cost=0.43..422.99 rows=106 width=125)
	  Index Cond: ((id >= 6280231) AND (id <= 6280331))

table 5 : explain SELECT id, c FROM sbtest5 WHERE id BETWEEN 6280231 AND 6280331
	Index Scan using sbtest5_pkey on sbtest5  (cost=0.43..405.70 rows=102 width=125)
	  Index Cond: ((id >= 6280231) AND (id <= 6280331))

table 6 : explain SELECT id, c FROM sbtest6 WHERE id BETWEEN 6280231 AND 6280331
	Index Scan using sbtest6_pkey on sbtest6  (cost=0.43..405.23 rows=102 width=125)
	  Index Cond: ((id >= 6280231) AND (id <= 6280331))

table 7 : explain SELECT id, c FROM sbtest7 WHERE id BETWEEN 6280231 AND 6280331
	Index Scan using sbtest7_pkey on sbtest7  (cost=0.43..377.61 rows=95 width=125)
	  Index Cond: ((id >= 6280231) AND (id <= 6280331))

table 8 : explain SELECT id, c FROM sbtest8 WHERE id BETWEEN 6280231 AND 6280331
	Index Scan using sbtest8_pkey on sbtest8  (cost=0.43..389.33 rows=98 width=125)
	  Index Cond: ((id >= 6280231) AND (id <= 6280331))

explain: for range-notcovered :: explain SELECT id, c FROM sbtest%d WHERE id BETWEEN 6280231 AND 6280331
explain: for range-notcovered :: explain SELECT id, c FROM sbtest%d WHERE id BETWEEN 7163080 AND 7163180
for range-notcovered
table 1 : explain SELECT id, c FROM sbtest1 WHERE id BETWEEN 6550680 AND 6550780
	Index Scan using sbtest1_pkey on sbtest1  (cost=0.43..401.27 rows=101 width=125)
	  Index Cond: ((id >= 6550680) AND (id <= 6550780))

table 2 : explain SELECT id, c FROM sbtest2 WHERE id BETWEEN 6550680 AND 6550780
	Index Scan using sbtest2_pkey on sbtest2  (cost=0.43..398.18 rows=100 width=125)
	  Index Cond: ((id >= 6550680) AND (id <= 6550780))

table 3 : explain SELECT id, c FROM sbtest3 WHERE id BETWEEN 6550680 AND 6550780
	Index Scan using sbtest3_pkey on sbtest3  (cost=0.43..381.72 rows=96 width=125)
	  Index Cond: ((id >= 6550680) AND (id <= 6550780))

table 4 : explain SELECT id, c FROM sbtest4 WHERE id BETWEEN 6550680 AND 6550780
	Index Scan using sbtest4_pkey on sbtest4  (cost=0.43..383.52 rows=96 width=125)
	  Index Cond: ((id >= 6550680) AND (id <= 6550780))

table 5 : explain SELECT id, c FROM sbtest5 WHERE id BETWEEN 6550680 AND 6550780
	Index Scan using sbtest5_pkey on sbtest5  (cost=0.43..409.63 rows=103 width=125)
	  Index Cond: ((id >= 6550680) AND (id <= 6550780))

table 6 : explain SELECT id, c FROM sbtest6 WHERE id BETWEEN 6550680 AND 6550780
	Index Scan using sbtest6_pkey on sbtest6  (cost=0.43..405.23 rows=102 width=125)
	  Index Cond: ((id >= 6550680) AND (id <= 6550780))

table 7 : explain SELECT id, c FROM sbtest7 WHERE id BETWEEN 6550680 AND 6550780
	Index Scan using sbtest7_pkey on sbtest7  (cost=0.43..436.50 rows=110 width=125)
	  Index Cond: ((id >= 6550680) AND (id <= 6550780))

table 8 : explain SELECT id, c FROM sbtest8 WHERE id BETWEEN 6550680 AND 6550780
	Index Scan using sbtest8_pkey on sbtest8  (cost=0.43..401.11 rows=101 width=125)
	  Index Cond: ((id >= 6550680) AND (id <= 6550780))

explain: for range-notcovered :: explain SELECT id, c FROM sbtest%d WHERE id BETWEEN 6550680 AND 6550780
for range-notcovered
table 1 : explain SELECT id, c FROM sbtest1 WHERE id BETWEEN 6280231 AND 6280331
	Index Scan using sbtest1_pkey on sbtest1  (cost=0.43..397.35 rows=100 width=125)
	  Index Cond: ((id >= 6280231) AND (id <= 6280331))

table 2 : explain SELECT id, c FROM sbtest2 WHERE id BETWEEN 6280231 AND 6280331
	Index Scan using sbtest2_pkey on sbtest2  (cost=0.43..402.11 rows=101 width=125)
	  Index Cond: ((id >= 6280231) AND (id <= 6280331))

table 3 : explain SELECT id, c FROM sbtest3 WHERE id BETWEEN 6280231 AND 6280331
	Index Scan using sbtest3_pkey on sbtest3  (cost=0.43..440.65 rows=111 width=125)
	  Index Cond: ((id >= 6280231) AND (id <= 6280331))

table 4 : explain SELECT id, c FROM sbtest4 WHERE id BETWEEN 6280231 AND 6280331
	Index Scan using sbtest4_pkey on sbtest4  (cost=0.43..422.99 rows=106 width=125)
	  Index Cond: ((id >= 6280231) AND (id <= 6280331))

table 5 : explain SELECT id, c FROM sbtest5 WHERE id BETWEEN 6280231 AND 6280331
	Index Scan using sbtest5_pkey on sbtest5  (cost=0.43..405.70 rows=102 width=125)
	  Index Cond: ((id >= 6280231) AND (id <= 6280331))

table 6 : explain SELECT id, c FROM sbtest6 WHERE id BETWEEN 6280231 AND 6280331
	Index Scan using sbtest6_pkey on sbtest6  (cost=0.43..405.23 rows=102 width=125)
	  Index Cond: ((id >= 6280231) AND (id <= 6280331))

table 7 : explain SELECT id, c FROM sbtest7 WHERE id BETWEEN 6280231 AND 6280331
	Index Scan using sbtest7_pkey on sbtest7  (cost=0.43..377.61 rows=95 width=125)
	  Index Cond: ((id >= 6280231) AND (id <= 6280331))

table 8 : explain SELECT id, c FROM sbtest8 WHERE id BETWEEN 6280231 AND 6280331
	Index Scan using sbtest8_pkey on sbtest8  (cost=0.43..389.33 rows=98 width=125)
	  Index Cond: ((id >= 6280231) AND (id <= 6280331))

explain: for range-notcovered :: explain SELECT id, c FROM sbtest%d WHERE id BETWEEN 6280231 AND 6280331
for range-notcovered
table 1 : explain SELECT id, c FROM sbtest1 WHERE id BETWEEN 6550680 AND 6550780
	Index Scan using sbtest1_pkey on sbtest1  (cost=0.43..401.27 rows=101 width=125)
	  Index Cond: ((id >= 6550680) AND (id <= 6550780))

table 2 : explain SELECT id, c FROM sbtest2 WHERE id BETWEEN 6550680 AND 6550780
	Index Scan using sbtest2_pkey on sbtest2  (cost=0.43..398.18 rows=100 width=125)
	  Index Cond: ((id >= 6550680) AND (id <= 6550780))

table 3 : explain SELECT id, c FROM sbtest3 WHERE id BETWEEN 6550680 AND 6550780
	Index Scan using sbtest3_pkey on sbtest3  (cost=0.43..381.72 rows=96 width=125)
	  Index Cond: ((id >= 6550680) AND (id <= 6550780))

table 4 : explain SELECT id, c FROM sbtest4 WHERE id BETWEEN 6550680 AND 6550780
	Index Scan using sbtest4_pkey on sbtest4  (cost=0.43..383.52 rows=96 width=125)
	  Index Cond: ((id >= 6550680) AND (id <= 6550780))

table 5 : explain SELECT id, c FROM sbtest5 WHERE id BETWEEN 6550680 AND 6550780
	Index Scan using sbtest5_pkey on sbtest5  (cost=0.43..409.63 rows=103 width=125)
	  Index Cond: ((id >= 6550680) AND (id <= 6550780))

table 6 : explain SELECT id, c FROM sbtest6 WHERE id BETWEEN 6550680 AND 6550780
	Index Scan using sbtest6_pkey on sbtest6  (cost=0.43..405.23 rows=102 width=125)
	  Index Cond: ((id >= 6550680) AND (id <= 6550780))

table 7 : explain SELECT id, c FROM sbtest7 WHERE id BETWEEN 6550680 AND 6550780
	Index Scan using sbtest7_pkey on sbtest7  (cost=0.43..436.50 rows=110 width=125)
	  Index Cond: ((id >= 6550680) AND (id <= 6550780))

table 8 : explain SELECT id, c FROM sbtest8 WHERE id BETWEEN 6550680 AND 6550780
	Index Scan using sbtest8_pkey on sbtest8  (cost=0.43..401.11 rows=101 width=125)
	  Index Cond: ((id >= 6550680) AND (id <= 6550780))

explain: for range-notcovered :: explain SELECT id, c FROM sbtest%d WHERE id BETWEEN 6550680 AND 6550780
for range-notcovered
table 1 : explain SELECT id, c FROM sbtest1 WHERE id BETWEEN 6280231 AND 6280331
	Index Scan using sbtest1_pkey on sbtest1  (cost=0.43..397.35 rows=100 width=125)
	  Index Cond: ((id >= 6280231) AND (id <= 6280331))

table 2 : explain SELECT id, c FROM sbtest2 WHERE id BETWEEN 6280231 AND 6280331
	Index Scan using sbtest2_pkey on sbtest2  (cost=0.43..402.11 rows=101 width=125)
	  Index Cond: ((id >= 6280231) AND (id <= 6280331))

table 3 : explain SELECT id, c FROM sbtest3 WHERE id BETWEEN 6280231 AND 6280331
	Index Scan using sbtest3_pkey on sbtest3  (cost=0.43..440.65 rows=111 width=125)
	  Index Cond: ((id >= 6280231) AND (id <= 6280331))

table 4 : explain SELECT id, c FROM sbtest4 WHERE id BETWEEN 6280231 AND 6280331
	Index Scan using sbtest4_pkey on sbtest4  (cost=0.43..422.99 rows=106 width=125)
	  Index Cond: ((id >= 6280231) AND (id <= 6280331))

table 5 : explain SELECT id, c FROM sbtest5 WHERE id BETWEEN 6280231 AND 6280331
	Index Scan using sbtest5_pkey on sbtest5  (cost=0.43..405.70 rows=102 width=125)
	  Index Cond: ((id >= 6280231) AND (id <= 6280331))

table 6 : explain SELECT id, c FROM sbtest6 WHERE id BETWEEN 6280231 AND 6280331
	Index Scan using sbtest6_pkey on sbtest6  (cost=0.43..405.23 rows=102 width=125)
	  Index Cond: ((id >= 6280231) AND (id <= 6280331))

table 7 : explain SELECT id, c FROM sbtest7 WHERE id BETWEEN 6280231 AND 6280331
	Index Scan using sbtest7_pkey on sbtest7  (cost=0.43..377.61 rows=95 width=125)
	  Index Cond: ((id >= 6280231) AND (id <= 6280331))

table 8 : explain SELECT id, c FROM sbtest8 WHERE id BETWEEN 6280231 AND 6280331
	Index Scan using sbtest8_pkey on sbtest8  (cost=0.43..389.33 rows=98 width=125)
	  Index Cond: ((id >= 6280231) AND (id <= 6280331))

explain: for range-notcovered :: explain SELECT id, c FROM sbtest%d WHERE id BETWEEN 6280231 AND 6280331
for range-notcovered
table 1 : explain SELECT id, c FROM sbtest1 WHERE id BETWEEN 6550680 AND 6550780
	Index Scan using sbtest1_pkey on sbtest1  (cost=0.43..401.27 rows=101 width=125)
	  Index Cond: ((id >= 6550680) AND (id <= 6550780))

table 2 : explain SELECT id, c FROM sbtest2 WHERE id BETWEEN 6550680 AND 6550780
	Index Scan using sbtest2_pkey on sbtest2  (cost=0.43..398.18 rows=100 width=125)
	  Index Cond: ((id >= 6550680) AND (id <= 6550780))

table 3 : explain SELECT id, c FROM sbtest3 WHERE id BETWEEN 6550680 AND 6550780
	Index Scan using sbtest3_pkey on sbtest3  (cost=0.43..381.72 rows=96 width=125)
	  Index Cond: ((id >= 6550680) AND (id <= 6550780))

table 4 : explain SELECT id, c FROM sbtest4 WHERE id BETWEEN 6550680 AND 6550780
	Index Scan using sbtest4_pkey on sbtest4  (cost=0.43..383.52 rows=96 width=125)
	  Index Cond: ((id >= 6550680) AND (id <= 6550780))

table 5 : explain SELECT id, c FROM sbtest5 WHERE id BETWEEN 6550680 AND 6550780
	Index Scan using sbtest5_pkey on sbtest5  (cost=0.43..409.63 rows=103 width=125)
	  Index Cond: ((id >= 6550680) AND (id <= 6550780))

table 6 : explain SELECT id, c FROM sbtest6 WHERE id BETWEEN 6550680 AND 6550780
	Index Scan using sbtest6_pkey on sbtest6  (cost=0.43..405.23 rows=102 width=125)
	  Index Cond: ((id >= 6550680) AND (id <= 6550780))

table 7 : explain SELECT id, c FROM sbtest7 WHERE id BETWEEN 6550680 AND 6550780
	Index Scan using sbtest7_pkey on sbtest7  (cost=0.43..436.50 rows=110 width=125)
	  Index Cond: ((id >= 6550680) AND (id <= 6550780))

table 8 : explain SELECT id, c FROM sbtest8 WHERE id BETWEEN 6550680 AND 6550780
	Index Scan using sbtest8_pkey on sbtest8  (cost=0.43..401.11 rows=101 width=125)
	  Index Cond: ((id >= 6550680) AND (id <= 6550780))

explain: for range-notcovered :: explain SELECT id, c FROM sbtest%d WHERE id BETWEEN 6550680 AND 6550780
for range-notcovered
table 1 : explain SELECT id, c FROM sbtest1 WHERE id BETWEEN 6280231 AND 6280331
	Index Scan using sbtest1_pkey on sbtest1  (cost=0.43..397.35 rows=100 width=125)
	  Index Cond: ((id >= 6280231) AND (id <= 6280331))

table 2 : explain SELECT id, c FROM sbtest2 WHERE id BETWEEN 6280231 AND 6280331
	Index Scan using sbtest2_pkey on sbtest2  (cost=0.43..402.11 rows=101 width=125)
	  Index Cond: ((id >= 6280231) AND (id <= 6280331))

table 3 : explain SELECT id, c FROM sbtest3 WHERE id BETWEEN 6280231 AND 6280331
	Index Scan using sbtest3_pkey on sbtest3  (cost=0.43..440.65 rows=111 width=125)
	  Index Cond: ((id >= 6280231) AND (id <= 6280331))

table 4 : explain SELECT id, c FROM sbtest4 WHERE id BETWEEN 6280231 AND 6280331
	Index Scan using sbtest4_pkey on sbtest4  (cost=0.43..422.99 rows=106 width=125)
	  Index Cond: ((id >= 6280231) AND (id <= 6280331))

table 5 : explain SELECT id, c FROM sbtest5 WHERE id BETWEEN 6280231 AND 6280331
	Index Scan using sbtest5_pkey on sbtest5  (cost=0.43..405.70 rows=102 width=125)
	  Index Cond: ((id >= 6280231) AND (id <= 6280331))

table 6 : explain SELECT id, c FROM sbtest6 WHERE id BETWEEN 6280231 AND 6280331
	Index Scan using sbtest6_pkey on sbtest6  (cost=0.43..405.23 rows=102 width=125)
	  Index Cond: ((id >= 6280231) AND (id <= 6280331))

table 7 : explain SELECT id, c FROM sbtest7 WHERE id BETWEEN 6280231 AND 6280331
	Index Scan using sbtest7_pkey on sbtest7  (cost=0.43..377.61 rows=95 width=125)
	  Index Cond: ((id >= 6280231) AND (id <= 6280331))

table 8 : explain SELECT id, c FROM sbtest8 WHERE id BETWEEN 6280231 AND 6280331
	Index Scan using sbtest8_pkey on sbtest8  (cost=0.43..389.33 rows=98 width=125)
	  Index Cond: ((id >= 6280231) AND (id <= 6280331))

explain: for range-notcovered :: explain SELECT id, c FROM sbtest%d WHERE id BETWEEN 5798280 AND 5798380
explain: for range-notcovered :: explain SELECT id, c FROM sbtest%d WHERE id BETWEEN 6280231 AND 6280331
for range-notcovered
table 1 : explain SELECT id, c FROM sbtest1 WHERE id BETWEEN 4799115 AND 4799215
	Index Scan using sbtest1_pkey on sbtest1  (cost=0.43..354.12 rows=89 width=125)
	  Index Cond: ((id >= 4799115) AND (id <= 4799215))

table 2 : explain SELECT id, c FROM sbtest2 WHERE id BETWEEN 4799115 AND 4799215
	Index Scan using sbtest2_pkey on sbtest2  (cost=0.43..402.11 rows=101 width=125)
	  Index Cond: ((id >= 4799115) AND (id <= 4799215))

table 3 : explain SELECT id, c FROM sbtest3 WHERE id BETWEEN 4799115 AND 4799215
	Index Scan using sbtest3_pkey on sbtest3  (cost=0.43..405.29 rows=102 width=125)
	  Index Cond: ((id >= 4799115) AND (id <= 4799215))

table 4 : explain SELECT id, c FROM sbtest4 WHERE id BETWEEN 4799115 AND 4799215
	Index Scan using sbtest4_pkey on sbtest4  (cost=0.43..383.52 rows=96 width=125)
	  Index Cond: ((id >= 4799115) AND (id <= 4799215))

table 5 : explain SELECT id, c FROM sbtest5 WHERE id BETWEEN 4799115 AND 4799215
	Index Scan using sbtest5_pkey on sbtest5  (cost=0.43..378.17 rows=95 width=125)
	  Index Cond: ((id >= 4799115) AND (id <= 4799215))

table 6 : explain SELECT id, c FROM sbtest6 WHERE id BETWEEN 4799115 AND 4799215
	Index Scan using sbtest6_pkey on sbtest6  (cost=0.43..417.01 rows=105 width=125)
	  Index Cond: ((id >= 4799115) AND (id <= 4799215))

table 7 : explain SELECT id, c FROM sbtest7 WHERE id BETWEEN 4799115 AND 4799215
	Index Scan using sbtest7_pkey on sbtest7  (cost=0.43..381.53 rows=96 width=125)
	  Index Cond: ((id >= 4799115) AND (id <= 4799215))

table 8 : explain SELECT id, c FROM sbtest8 WHERE id BETWEEN 4799115 AND 4799215
	Index Scan using sbtest8_pkey on sbtest8  (cost=0.43..393.26 rows=99 width=125)
	  Index Cond: ((id >= 4799115) AND (id <= 4799215))

for range-notcovered
table 1 : explain SELECT id, c FROM sbtest1 WHERE id BETWEEN 8327304 AND 8327404
	Index Scan using sbtest1_pkey on sbtest1  (cost=0.43..393.42 rows=99 width=125)
	  Index Cond: ((id >= 8327304) AND (id <= 8327404))

table 2 : explain SELECT id, c FROM sbtest2 WHERE id BETWEEN 8327304 AND 8327404
	Index Scan using sbtest2_pkey on sbtest2  (cost=0.43..402.11 rows=101 width=125)
	  Index Cond: ((id >= 8327304) AND (id <= 8327404))

table 3 : explain SELECT id, c FROM sbtest3 WHERE id BETWEEN 8327304 AND 8327404
	Index Scan using sbtest3_pkey on sbtest3  (cost=0.43..385.65 rows=97 width=125)
	  Index Cond: ((id >= 8327304) AND (id <= 8327404))

table 4 : explain SELECT id, c FROM sbtest4 WHERE id BETWEEN 8327304 AND 8327404
	Index Scan using sbtest4_pkey on sbtest4  (cost=0.43..403.25 rows=101 width=125)
	  Index Cond: ((id >= 8327304) AND (id <= 8327404))

table 5 : explain SELECT id, c FROM sbtest5 WHERE id BETWEEN 8327304 AND 8327404
	Index Scan using sbtest5_pkey on sbtest5  (cost=0.43..425.36 rows=107 width=125)
	  Index Cond: ((id >= 8327304) AND (id <= 8327404))

table 6 : explain SELECT id, c FROM sbtest6 WHERE id BETWEEN 8327304 AND 8327404
	Index Scan using sbtest6_pkey on sbtest6  (cost=0.43..393.44 rows=99 width=125)
	  Index Cond: ((id >= 8327304) AND (id <= 8327404))

table 7 : explain SELECT id, c FROM sbtest7 WHERE id BETWEEN 8327304 AND 8327404
	Index Scan using sbtest7_pkey on sbtest7  (cost=0.43..393.31 rows=99 width=125)
	  Index Cond: ((id >= 8327304) AND (id <= 8327404))

table 8 : explain SELECT id, c FROM sbtest8 WHERE id BETWEEN 8327304 AND 8327404
	Index Scan using sbtest8_pkey on sbtest8  (cost=0.43..377.56 rows=95 width=125)
	  Index Cond: ((id >= 8327304) AND (id <= 8327404))

explain: for range-notcovered :: explain SELECT id, c FROM sbtest%d WHERE id BETWEEN 4799115 AND 4799215
explain: for range-notcovered :: explain SELECT id, c FROM sbtest%d WHERE id BETWEEN 5075735 AND 5075835
for range-notcovered
table 1 : explain SELECT id, c FROM sbtest1 WHERE id BETWEEN 6280231 AND 6280331
	Index Scan using sbtest1_pkey on sbtest1  (cost=0.43..397.35 rows=100 width=125)
	  Index Cond: ((id >= 6280231) AND (id <= 6280331))

table 2 : explain SELECT id, c FROM sbtest2 WHERE id BETWEEN 6280231 AND 6280331
	Index Scan using sbtest2_pkey on sbtest2  (cost=0.43..402.11 rows=101 width=125)
	  Index Cond: ((id >= 6280231) AND (id <= 6280331))

table 3 : explain SELECT id, c FROM sbtest3 WHERE id BETWEEN 6280231 AND 6280331
	Index Scan using sbtest3_pkey on sbtest3  (cost=0.43..440.65 rows=111 width=125)
	  Index Cond: ((id >= 6280231) AND (id <= 6280331))

table 4 : explain SELECT id, c FROM sbtest4 WHERE id BETWEEN 6280231 AND 6280331
	Index Scan using sbtest4_pkey on sbtest4  (cost=0.43..422.99 rows=106 width=125)
	  Index Cond: ((id >= 6280231) AND (id <= 6280331))

table 5 : explain SELECT id, c FROM sbtest5 WHERE id BETWEEN 6280231 AND 6280331
	Index Scan using sbtest5_pkey on sbtest5  (cost=0.43..405.70 rows=102 width=125)
	  Index Cond: ((id >= 6280231) AND (id <= 6280331))

table 6 : explain SELECT id, c FROM sbtest6 WHERE id BETWEEN 6280231 AND 6280331
	Index Scan using sbtest6_pkey on sbtest6  (cost=0.43..405.23 rows=102 width=125)
	  Index Cond: ((id >= 6280231) AND (id <= 6280331))

table 7 : explain SELECT id, c FROM sbtest7 WHERE id BETWEEN 6280231 AND 6280331
	Index Scan using sbtest7_pkey on sbtest7  (cost=0.43..377.61 rows=95 width=125)
	  Index Cond: ((id >= 6280231) AND (id <= 6280331))

table 8 : explain SELECT id, c FROM sbtest8 WHERE id BETWEEN 6280231 AND 6280331
	Index Scan using sbtest8_pkey on sbtest8  (cost=0.43..389.33 rows=98 width=125)
	  Index Cond: ((id >= 6280231) AND (id <= 6280331))

explain: for range-notcovered :: explain SELECT id, c FROM sbtest%d WHERE id BETWEEN 6280231 AND 6280331
for range-notcovered
table 1 : explain SELECT id, c FROM sbtest1 WHERE id BETWEEN 4799115 AND 4799215
	Index Scan using sbtest1_pkey on sbtest1  (cost=0.43..354.12 rows=89 width=125)
	  Index Cond: ((id >= 4799115) AND (id <= 4799215))

table 2 : explain SELECT id, c FROM sbtest2 WHERE id BETWEEN 4799115 AND 4799215
	Index Scan using sbtest2_pkey on sbtest2  (cost=0.43..402.11 rows=101 width=125)
	  Index Cond: ((id >= 4799115) AND (id <= 4799215))

table 3 : explain SELECT id, c FROM sbtest3 WHERE id BETWEEN 4799115 AND 4799215
	Index Scan using sbtest3_pkey on sbtest3  (cost=0.43..405.29 rows=102 width=125)
	  Index Cond: ((id >= 4799115) AND (id <= 4799215))

table 4 : explain SELECT id, c FROM sbtest4 WHERE id BETWEEN 4799115 AND 4799215
	Index Scan using sbtest4_pkey on sbtest4  (cost=0.43..383.52 rows=96 width=125)
	  Index Cond: ((id >= 4799115) AND (id <= 4799215))

table 5 : explain SELECT id, c FROM sbtest5 WHERE id BETWEEN 4799115 AND 4799215
	Index Scan using sbtest5_pkey on sbtest5  (cost=0.43..378.17 rows=95 width=125)
	  Index Cond: ((id >= 4799115) AND (id <= 4799215))

table 6 : explain SELECT id, c FROM sbtest6 WHERE id BETWEEN 4799115 AND 4799215
	Index Scan using sbtest6_pkey on sbtest6  (cost=0.43..417.01 rows=105 width=125)
	  Index Cond: ((id >= 4799115) AND (id <= 4799215))

table 7 : explain SELECT id, c FROM sbtest7 WHERE id BETWEEN 4799115 AND 4799215
	Index Scan using sbtest7_pkey on sbtest7  (cost=0.43..381.53 rows=96 width=125)
	  Index Cond: ((id >= 4799115) AND (id <= 4799215))

table 8 : explain SELECT id, c FROM sbtest8 WHERE id BETWEEN 4799115 AND 4799215
	Index Scan using sbtest8_pkey on sbtest8  (cost=0.43..393.26 rows=99 width=125)
	  Index Cond: ((id >= 4799115) AND (id <= 4799215))

explain: for range-notcovered :: explain SELECT id, c FROM sbtest%d WHERE id BETWEEN 4799115 AND 4799215
for range-notcovered
table 1 : explain SELECT id, c FROM sbtest1 WHERE id BETWEEN 6280231 AND 6280331
	Index Scan using sbtest1_pkey on sbtest1  (cost=0.43..397.35 rows=100 width=125)
	  Index Cond: ((id >= 6280231) AND (id <= 6280331))

table 2 : explain SELECT id, c FROM sbtest2 WHERE id BETWEEN 6280231 AND 6280331
	Index Scan using sbtest2_pkey on sbtest2  (cost=0.43..402.11 rows=101 width=125)
	  Index Cond: ((id >= 6280231) AND (id <= 6280331))

table 3 : explain SELECT id, c FROM sbtest3 WHERE id BETWEEN 6280231 AND 6280331
	Index Scan using sbtest3_pkey on sbtest3  (cost=0.43..440.65 rows=111 width=125)
	  Index Cond: ((id >= 6280231) AND (id <= 6280331))

table 4 : explain SELECT id, c FROM sbtest4 WHERE id BETWEEN 6280231 AND 6280331
	Index Scan using sbtest4_pkey on sbtest4  (cost=0.43..422.99 rows=106 width=125)
	  Index Cond: ((id >= 6280231) AND (id <= 6280331))

table 5 : explain SELECT id, c FROM sbtest5 WHERE id BETWEEN 6280231 AND 6280331
	Index Scan using sbtest5_pkey on sbtest5  (cost=0.43..405.70 rows=102 width=125)
	  Index Cond: ((id >= 6280231) AND (id <= 6280331))

table 6 : explain SELECT id, c FROM sbtest6 WHERE id BETWEEN 6280231 AND 6280331
	Index Scan using sbtest6_pkey on sbtest6  (cost=0.43..405.23 rows=102 width=125)
	  Index Cond: ((id >= 6280231) AND (id <= 6280331))

table 7 : explain SELECT id, c FROM sbtest7 WHERE id BETWEEN 6280231 AND 6280331
	Index Scan using sbtest7_pkey on sbtest7  (cost=0.43..377.61 rows=95 width=125)
	  Index Cond: ((id >= 6280231) AND (id <= 6280331))

table 8 : explain SELECT id, c FROM sbtest8 WHERE id BETWEEN 6280231 AND 6280331
	Index Scan using sbtest8_pkey on sbtest8  (cost=0.43..389.33 rows=98 width=125)
	  Index Cond: ((id >= 6280231) AND (id <= 6280331))

explain: for range-notcovered :: explain SELECT id, c FROM sbtest%d WHERE id BETWEEN 6280231 AND 6280331
for range-notcovered
table 1 : explain SELECT id, c FROM sbtest1 WHERE id BETWEEN 4799115 AND 4799215
	Index Scan using sbtest1_pkey on sbtest1  (cost=0.43..354.12 rows=89 width=125)
	  Index Cond: ((id >= 4799115) AND (id <= 4799215))

table 2 : explain SELECT id, c FROM sbtest2 WHERE id BETWEEN 4799115 AND 4799215
	Index Scan using sbtest2_pkey on sbtest2  (cost=0.43..402.11 rows=101 width=125)
	  Index Cond: ((id >= 4799115) AND (id <= 4799215))

table 3 : explain SELECT id, c FROM sbtest3 WHERE id BETWEEN 4799115 AND 4799215
	Index Scan using sbtest3_pkey on sbtest3  (cost=0.43..405.29 rows=102 width=125)
	  Index Cond: ((id >= 4799115) AND (id <= 4799215))

table 4 : explain SELECT id, c FROM sbtest4 WHERE id BETWEEN 4799115 AND 4799215
	Index Scan using sbtest4_pkey on sbtest4  (cost=0.43..383.52 rows=96 width=125)
	  Index Cond: ((id >= 4799115) AND (id <= 4799215))

table 5 : explain SELECT id, c FROM sbtest5 WHERE id BETWEEN 4799115 AND 4799215
	Index Scan using sbtest5_pkey on sbtest5  (cost=0.43..378.17 rows=95 width=125)
	  Index Cond: ((id >= 4799115) AND (id <= 4799215))

table 6 : explain SELECT id, c FROM sbtest6 WHERE id BETWEEN 4799115 AND 4799215
	Index Scan using sbtest6_pkey on sbtest6  (cost=0.43..417.01 rows=105 width=125)
	  Index Cond: ((id >= 4799115) AND (id <= 4799215))

table 7 : explain SELECT id, c FROM sbtest7 WHERE id BETWEEN 4799115 AND 4799215
	Index Scan using sbtest7_pkey on sbtest7  (cost=0.43..381.53 rows=96 width=125)
	  Index Cond: ((id >= 4799115) AND (id <= 4799215))

table 8 : explain SELECT id, c FROM sbtest8 WHERE id BETWEEN 4799115 AND 4799215
	Index Scan using sbtest8_pkey on sbtest8  (cost=0.43..393.26 rows=99 width=125)
	  Index Cond: ((id >= 4799115) AND (id <= 4799215))

explain: for range-notcovered :: explain SELECT id, c FROM sbtest%d WHERE id BETWEEN 4799115 AND 4799215
explain: for range-notcovered :: explain SELECT id, c FROM sbtest%d WHERE id BETWEEN 8184432 AND 8184532
for range-notcovered
table 1 : explain SELECT id, c FROM sbtest1 WHERE id BETWEEN 4799115 AND 4799215
	Index Scan using sbtest1_pkey on sbtest1  (cost=0.43..354.12 rows=89 width=125)
	  Index Cond: ((id >= 4799115) AND (id <= 4799215))

table 2 : explain SELECT id, c FROM sbtest2 WHERE id BETWEEN 4799115 AND 4799215
	Index Scan using sbtest2_pkey on sbtest2  (cost=0.43..402.11 rows=101 width=125)
	  Index Cond: ((id >= 4799115) AND (id <= 4799215))

table 3 : explain SELECT id, c FROM sbtest3 WHERE id BETWEEN 4799115 AND 4799215
	Index Scan using sbtest3_pkey on sbtest3  (cost=0.43..405.29 rows=102 width=125)
	  Index Cond: ((id >= 4799115) AND (id <= 4799215))

table 4 : explain SELECT id, c FROM sbtest4 WHERE id BETWEEN 4799115 AND 4799215
	Index Scan using sbtest4_pkey on sbtest4  (cost=0.43..383.52 rows=96 width=125)
	  Index Cond: ((id >= 4799115) AND (id <= 4799215))

table 5 : explain SELECT id, c FROM sbtest5 WHERE id BETWEEN 4799115 AND 4799215
	Index Scan using sbtest5_pkey on sbtest5  (cost=0.43..378.17 rows=95 width=125)
	  Index Cond: ((id >= 4799115) AND (id <= 4799215))

table 6 : explain SELECT id, c FROM sbtest6 WHERE id BETWEEN 4799115 AND 4799215
	Index Scan using sbtest6_pkey on sbtest6  (cost=0.43..417.01 rows=105 width=125)
	  Index Cond: ((id >= 4799115) AND (id <= 4799215))

table 7 : explain SELECT id, c FROM sbtest7 WHERE id BETWEEN 4799115 AND 4799215
	Index Scan using sbtest7_pkey on sbtest7  (cost=0.43..381.53 rows=96 width=125)
	  Index Cond: ((id >= 4799115) AND (id <= 4799215))

table 8 : explain SELECT id, c FROM sbtest8 WHERE id BETWEEN 4799115 AND 4799215
	Index Scan using sbtest8_pkey on sbtest8  (cost=0.43..393.26 rows=99 width=125)
	  Index Cond: ((id >= 4799115) AND (id <= 4799215))

explain: for range-notcovered :: explain SELECT id, c FROM sbtest%d WHERE id BETWEEN 4799115 AND 4799215
explain: for range-notcovered :: explain SELECT id, c FROM sbtest%d WHERE id BETWEEN 4324024 AND 4324124
for range-notcovered
table 1 : explain SELECT id, c FROM sbtest1 WHERE id BETWEEN 4271628 AND 4271728
	Index Scan using sbtest1_pkey on sbtest1  (cost=0.43..401.27 rows=101 width=125)
	  Index Cond: ((id >= 4271628) AND (id <= 4271728))

table 2 : explain SELECT id, c FROM sbtest2 WHERE id BETWEEN 4271628 AND 4271728
	Index Scan using sbtest2_pkey on sbtest2  (cost=0.43..398.18 rows=100 width=125)
	  Index Cond: ((id >= 4271628) AND (id <= 4271728))

table 3 : explain SELECT id, c FROM sbtest3 WHERE id BETWEEN 4271628 AND 4271728
	Index Scan using sbtest3_pkey on sbtest3  (cost=0.43..385.65 rows=97 width=125)
	  Index Cond: ((id >= 4271628) AND (id <= 4271728))

table 4 : explain SELECT id, c FROM sbtest4 WHERE id BETWEEN 4271628 AND 4271728
	Index Scan using sbtest4_pkey on sbtest4  (cost=0.43..438.78 rows=110 width=125)
	  Index Cond: ((id >= 4271628) AND (id <= 4271728))

table 5 : explain SELECT id, c FROM sbtest5 WHERE id BETWEEN 4271628 AND 4271728
	Index Scan using sbtest5_pkey on sbtest5  (cost=0.43..397.83 rows=100 width=125)
	  Index Cond: ((id >= 4271628) AND (id <= 4271728))

table 6 : explain SELECT id, c FROM sbtest6 WHERE id BETWEEN 4271628 AND 4271728
	Index Scan using sbtest6_pkey on sbtest6  (cost=0.43..401.30 rows=101 width=125)
	  Index Cond: ((id >= 4271628) AND (id <= 4271728))

table 7 : explain SELECT id, c FROM sbtest7 WHERE id BETWEEN 4271628 AND 4271728
	Index Scan using sbtest7_pkey on sbtest7  (cost=0.43..389.39 rows=98 width=125)
	  Index Cond: ((id >= 4271628) AND (id <= 4271728))

table 8 : explain SELECT id, c FROM sbtest8 WHERE id BETWEEN 4271628 AND 4271728
	Index Scan using sbtest8_pkey on sbtest8  (cost=0.43..416.82 rows=105 width=125)
	  Index Cond: ((id >= 4271628) AND (id <= 4271728))

explain: for range-notcovered :: explain SELECT id, c FROM sbtest%d WHERE id BETWEEN 4271628 AND 4271728
for range-notcovered
table 1 : explain SELECT id, c FROM sbtest1 WHERE id BETWEEN 4271628 AND 4271728
	Index Scan using sbtest1_pkey on sbtest1  (cost=0.43..401.27 rows=101 width=125)
	  Index Cond: ((id >= 4271628) AND (id <= 4271728))

table 2 : explain SELECT id, c FROM sbtest2 WHERE id BETWEEN 4271628 AND 4271728
	Index Scan using sbtest2_pkey on sbtest2  (cost=0.43..398.18 rows=100 width=125)
	  Index Cond: ((id >= 4271628) AND (id <= 4271728))

table 3 : explain SELECT id, c FROM sbtest3 WHERE id BETWEEN 4271628 AND 4271728
	Index Scan using sbtest3_pkey on sbtest3  (cost=0.43..385.65 rows=97 width=125)
	  Index Cond: ((id >= 4271628) AND (id <= 4271728))

table 4 : explain SELECT id, c FROM sbtest4 WHERE id BETWEEN 4271628 AND 4271728
	Index Scan using sbtest4_pkey on sbtest4  (cost=0.43..438.78 rows=110 width=125)
	  Index Cond: ((id >= 4271628) AND (id <= 4271728))

table 5 : explain SELECT id, c FROM sbtest5 WHERE id BETWEEN 4271628 AND 4271728
	Index Scan using sbtest5_pkey on sbtest5  (cost=0.43..397.83 rows=100 width=125)
	  Index Cond: ((id >= 4271628) AND (id <= 4271728))

table 6 : explain SELECT id, c FROM sbtest6 WHERE id BETWEEN 4271628 AND 4271728
	Index Scan using sbtest6_pkey on sbtest6  (cost=0.43..401.30 rows=101 width=125)
	  Index Cond: ((id >= 4271628) AND (id <= 4271728))

table 7 : explain SELECT id, c FROM sbtest7 WHERE id BETWEEN 4271628 AND 4271728
	Index Scan using sbtest7_pkey on sbtest7  (cost=0.43..389.39 rows=98 width=125)
	  Index Cond: ((id >= 4271628) AND (id <= 4271728))

table 8 : explain SELECT id, c FROM sbtest8 WHERE id BETWEEN 4271628 AND 4271728
	Index Scan using sbtest8_pkey on sbtest8  (cost=0.43..416.82 rows=105 width=125)
	  Index Cond: ((id >= 4271628) AND (id <= 4271728))

explain: for range-notcovered :: explain SELECT id, c FROM sbtest%d WHERE id BETWEEN 4271628 AND 4271728
for range-notcovered
table 1 : explain SELECT id, c FROM sbtest1 WHERE id BETWEEN 5075735 AND 5075835
	Index Scan using sbtest1_pkey on sbtest1  (cost=0.43..436.62 rows=110 width=125)
	  Index Cond: ((id >= 5075735) AND (id <= 5075835))

table 2 : explain SELECT id, c FROM sbtest2 WHERE id BETWEEN 5075735 AND 5075835
	Index Scan using sbtest2_pkey on sbtest2  (cost=0.43..382.43 rows=96 width=125)
	  Index Cond: ((id >= 5075735) AND (id <= 5075835))

table 3 : explain SELECT id, c FROM sbtest3 WHERE id BETWEEN 5075735 AND 5075835
	Index Scan using sbtest3_pkey on sbtest3  (cost=0.43..440.65 rows=111 width=125)
	  Index Cond: ((id >= 5075735) AND (id <= 5075835))

table 4 : explain SELECT id, c FROM sbtest4 WHERE id BETWEEN 5075735 AND 5075835
	Index Scan using sbtest4_pkey on sbtest4  (cost=0.43..391.41 rows=98 width=125)
	  Index Cond: ((id >= 5075735) AND (id <= 5075835))

table 5 : explain SELECT id, c FROM sbtest5 WHERE id BETWEEN 5075735 AND 5075835
	Index Scan using sbtest5_pkey on sbtest5  (cost=0.43..397.83 rows=100 width=125)
	  Index Cond: ((id >= 5075735) AND (id <= 5075835))

table 6 : explain SELECT id, c FROM sbtest6 WHERE id BETWEEN 5075735 AND 5075835
	Index Scan using sbtest6_pkey on sbtest6  (cost=0.43..436.65 rows=110 width=125)
	  Index Cond: ((id >= 5075735) AND (id <= 5075835))

table 7 : explain SELECT id, c FROM sbtest7 WHERE id BETWEEN 5075735 AND 5075835
	Index Scan using sbtest7_pkey on sbtest7  (cost=0.43..405.09 rows=102 width=125)
	  Index Cond: ((id >= 5075735) AND (id <= 5075835))

table 8 : explain SELECT id, c FROM sbtest8 WHERE id BETWEEN 5075735 AND 5075835
	Index Scan using sbtest8_pkey on sbtest8  (cost=0.43..369.71 rows=93 width=125)
	  Index Cond: ((id >= 5075735) AND (id <= 5075835))

explain: for range-notcovered :: explain SELECT id, c FROM sbtest%d WHERE id BETWEEN 5075735 AND 5075835
for range-notcovered
table 1 : explain SELECT id, c FROM sbtest1 WHERE id BETWEEN 4271628 AND 4271728
	Index Scan using sbtest1_pkey on sbtest1  (cost=0.43..401.27 rows=101 width=125)
	  Index Cond: ((id >= 4271628) AND (id <= 4271728))

table 2 : explain SELECT id, c FROM sbtest2 WHERE id BETWEEN 4271628 AND 4271728
	Index Scan using sbtest2_pkey on sbtest2  (cost=0.43..398.18 rows=100 width=125)
	  Index Cond: ((id >= 4271628) AND (id <= 4271728))

table 3 : explain SELECT id, c FROM sbtest3 WHERE id BETWEEN 4271628 AND 4271728
	Index Scan using sbtest3_pkey on sbtest3  (cost=0.43..385.65 rows=97 width=125)
	  Index Cond: ((id >= 4271628) AND (id <= 4271728))

table 4 : explain SELECT id, c FROM sbtest4 WHERE id BETWEEN 4271628 AND 4271728
	Index Scan using sbtest4_pkey on sbtest4  (cost=0.43..438.78 rows=110 width=125)
	  Index Cond: ((id >= 4271628) AND (id <= 4271728))

table 5 : explain SELECT id, c FROM sbtest5 WHERE id BETWEEN 4271628 AND 4271728
	Index Scan using sbtest5_pkey on sbtest5  (cost=0.43..397.83 rows=100 width=125)
	  Index Cond: ((id >= 4271628) AND (id <= 4271728))

table 6 : explain SELECT id, c FROM sbtest6 WHERE id BETWEEN 4271628 AND 4271728
	Index Scan using sbtest6_pkey on sbtest6  (cost=0.43..401.30 rows=101 width=125)
	  Index Cond: ((id >= 4271628) AND (id <= 4271728))

table 7 : explain SELECT id, c FROM sbtest7 WHERE id BETWEEN 4271628 AND 4271728
	Index Scan using sbtest7_pkey on sbtest7  (cost=0.43..389.39 rows=98 width=125)
	  Index Cond: ((id >= 4271628) AND (id <= 4271728))

table 8 : explain SELECT id, c FROM sbtest8 WHERE id BETWEEN 4271628 AND 4271728
	Index Scan using sbtest8_pkey on sbtest8  (cost=0.43..416.82 rows=105 width=125)
	  Index Cond: ((id >= 4271628) AND (id <= 4271728))

explain: for range-notcovered :: explain SELECT id, c FROM sbtest%d WHERE id BETWEEN 4271628 AND 4271728
for range-notcovered
table 1 : explain SELECT id, c FROM sbtest1 WHERE id BETWEEN 5075735 AND 5075835
	Index Scan using sbtest1_pkey on sbtest1  (cost=0.43..436.62 rows=110 width=125)
	  Index Cond: ((id >= 5075735) AND (id <= 5075835))

table 2 : explain SELECT id, c FROM sbtest2 WHERE id BETWEEN 5075735 AND 5075835
	Index Scan using sbtest2_pkey on sbtest2  (cost=0.43..382.43 rows=96 width=125)
	  Index Cond: ((id >= 5075735) AND (id <= 5075835))

table 3 : explain SELECT id, c FROM sbtest3 WHERE id BETWEEN 5075735 AND 5075835
	Index Scan using sbtest3_pkey on sbtest3  (cost=0.43..440.65 rows=111 width=125)
	  Index Cond: ((id >= 5075735) AND (id <= 5075835))

table 4 : explain SELECT id, c FROM sbtest4 WHERE id BETWEEN 5075735 AND 5075835
	Index Scan using sbtest4_pkey on sbtest4  (cost=0.43..391.41 rows=98 width=125)
	  Index Cond: ((id >= 5075735) AND (id <= 5075835))

table 5 : explain SELECT id, c FROM sbtest5 WHERE id BETWEEN 5075735 AND 5075835
	Index Scan using sbtest5_pkey on sbtest5  (cost=0.43..397.83 rows=100 width=125)
	  Index Cond: ((id >= 5075735) AND (id <= 5075835))

table 6 : explain SELECT id, c FROM sbtest6 WHERE id BETWEEN 5075735 AND 5075835
	Index Scan using sbtest6_pkey on sbtest6  (cost=0.43..436.65 rows=110 width=125)
	  Index Cond: ((id >= 5075735) AND (id <= 5075835))

table 7 : explain SELECT id, c FROM sbtest7 WHERE id BETWEEN 5075735 AND 5075835
	Index Scan using sbtest7_pkey on sbtest7  (cost=0.43..405.09 rows=102 width=125)
	  Index Cond: ((id >= 5075735) AND (id <= 5075835))

table 8 : explain SELECT id, c FROM sbtest8 WHERE id BETWEEN 5075735 AND 5075835
	Index Scan using sbtest8_pkey on sbtest8  (cost=0.43..369.71 rows=93 width=125)
	  Index Cond: ((id >= 5075735) AND (id <= 5075835))

for range-notcovered
table 1 : explain SELECT id, c FROM sbtest1 WHERE id BETWEEN 7163080 AND 7163180
	Index Scan using sbtest1_pkey on sbtest1  (cost=0.43..401.27 rows=101 width=125)
	  Index Cond: ((id >= 7163080) AND (id <= 7163180))

table 2 : explain SELECT id, c FROM sbtest2 WHERE id BETWEEN 7163080 AND 7163180
	Index Scan using sbtest2_pkey on sbtest2  (cost=0.43..402.11 rows=101 width=125)
	  Index Cond: ((id >= 7163080) AND (id <= 7163180))

table 3 : explain SELECT id, c FROM sbtest3 WHERE id BETWEEN 7163080 AND 7163180
	Index Scan using sbtest3_pkey on sbtest3  (cost=0.43..381.72 rows=96 width=125)
	  Index Cond: ((id >= 7163080) AND (id <= 7163180))

table 4 : explain SELECT id, c FROM sbtest4 WHERE id BETWEEN 7163080 AND 7163180
	Index Scan using sbtest4_pkey on sbtest4  (cost=0.43..415.10 rows=104 width=125)
	  Index Cond: ((id >= 7163080) AND (id <= 7163180))

table 5 : explain SELECT id, c FROM sbtest5 WHERE id BETWEEN 7163080 AND 7163180
	Index Scan using sbtest5_pkey on sbtest5  (cost=0.43..409.63 rows=103 width=125)
	  Index Cond: ((id >= 7163080) AND (id <= 7163180))

table 6 : explain SELECT id, c FROM sbtest6 WHERE id BETWEEN 7163080 AND 7163180
	Index Scan using sbtest6_pkey on sbtest6  (cost=0.43..440.58 rows=111 width=125)
	  Index Cond: ((id >= 7163080) AND (id <= 7163180))

table 7 : explain SELECT id, c FROM sbtest7 WHERE id BETWEEN 7163080 AND 7163180
	Index Scan using sbtest7_pkey on sbtest7  (cost=0.43..389.39 rows=98 width=125)
	  Index Cond: ((id >= 7163080) AND (id <= 7163180))

table 8 : explain SELECT id, c FROM sbtest8 WHERE id BETWEEN 7163080 AND 7163180
	Index Scan using sbtest8_pkey on sbtest8  (cost=0.43..475.70 rows=120 width=125)
	  Index Cond: ((id >= 7163080) AND (id <= 7163180))

for range-notcovered
table 1 : explain SELECT id, c FROM sbtest1 WHERE id BETWEEN 6550680 AND 6550780
	Index Scan using sbtest1_pkey on sbtest1  (cost=0.43..401.27 rows=101 width=125)
	  Index Cond: ((id >= 6550680) AND (id <= 6550780))

table 2 : explain SELECT id, c FROM sbtest2 WHERE id BETWEEN 6550680 AND 6550780
	Index Scan using sbtest2_pkey on sbtest2  (cost=0.43..398.18 rows=100 width=125)
	  Index Cond: ((id >= 6550680) AND (id <= 6550780))

table 3 : explain SELECT id, c FROM sbtest3 WHERE id BETWEEN 6550680 AND 6550780
	Index Scan using sbtest3_pkey on sbtest3  (cost=0.43..381.72 rows=96 width=125)
	  Index Cond: ((id >= 6550680) AND (id <= 6550780))

table 4 : explain SELECT id, c FROM sbtest4 WHERE id BETWEEN 6550680 AND 6550780
	Index Scan using sbtest4_pkey on sbtest4  (cost=0.43..383.52 rows=96 width=125)
	  Index Cond: ((id >= 6550680) AND (id <= 6550780))

table 5 : explain SELECT id, c FROM sbtest5 WHERE id BETWEEN 6550680 AND 6550780
	Index Scan using sbtest5_pkey on sbtest5  (cost=0.43..409.63 rows=103 width=125)
	  Index Cond: ((id >= 6550680) AND (id <= 6550780))

table 6 : explain SELECT id, c FROM sbtest6 WHERE id BETWEEN 6550680 AND 6550780
	Index Scan using sbtest6_pkey on sbtest6  (cost=0.43..405.23 rows=102 width=125)
	  Index Cond: ((id >= 6550680) AND (id <= 6550780))

table 7 : explain SELECT id, c FROM sbtest7 WHERE id BETWEEN 6550680 AND 6550780
	Index Scan using sbtest7_pkey on sbtest7  (cost=0.43..436.50 rows=110 width=125)
	  Index Cond: ((id >= 6550680) AND (id <= 6550780))

table 8 : explain SELECT id, c FROM sbtest8 WHERE id BETWEEN 6550680 AND 6550780
	Index Scan using sbtest8_pkey on sbtest8  (cost=0.43..401.11 rows=101 width=125)
	  Index Cond: ((id >= 6550680) AND (id <= 6550780))

explain: for range-notcovered :: explain SELECT id, c FROM sbtest%d WHERE id BETWEEN 5075735 AND 5075835
for range-notcovered
table 1 : explain SELECT id, c FROM sbtest1 WHERE id BETWEEN 4799115 AND 4799215
	Index Scan using sbtest1_pkey on sbtest1  (cost=0.43..354.12 rows=89 width=125)
	  Index Cond: ((id >= 4799115) AND (id <= 4799215))

table 2 : explain SELECT id, c FROM sbtest2 WHERE id BETWEEN 4799115 AND 4799215
	Index Scan using sbtest2_pkey on sbtest2  (cost=0.43..402.11 rows=101 width=125)
	  Index Cond: ((id >= 4799115) AND (id <= 4799215))

table 3 : explain SELECT id, c FROM sbtest3 WHERE id BETWEEN 4799115 AND 4799215
	Index Scan using sbtest3_pkey on sbtest3  (cost=0.43..405.29 rows=102 width=125)
	  Index Cond: ((id >= 4799115) AND (id <= 4799215))

table 4 : explain SELECT id, c FROM sbtest4 WHERE id BETWEEN 4799115 AND 4799215
	Index Scan using sbtest4_pkey on sbtest4  (cost=0.43..383.52 rows=96 width=125)
	  Index Cond: ((id >= 4799115) AND (id <= 4799215))

table 5 : explain SELECT id, c FROM sbtest5 WHERE id BETWEEN 4799115 AND 4799215
	Index Scan using sbtest5_pkey on sbtest5  (cost=0.43..378.17 rows=95 width=125)
	  Index Cond: ((id >= 4799115) AND (id <= 4799215))

table 6 : explain SELECT id, c FROM sbtest6 WHERE id BETWEEN 4799115 AND 4799215
	Index Scan using sbtest6_pkey on sbtest6  (cost=0.43..417.01 rows=105 width=125)
	  Index Cond: ((id >= 4799115) AND (id <= 4799215))

table 7 : explain SELECT id, c FROM sbtest7 WHERE id BETWEEN 4799115 AND 4799215
	Index Scan using sbtest7_pkey on sbtest7  (cost=0.43..381.53 rows=96 width=125)
	  Index Cond: ((id >= 4799115) AND (id <= 4799215))

table 8 : explain SELECT id, c FROM sbtest8 WHERE id BETWEEN 4799115 AND 4799215
	Index Scan using sbtest8_pkey on sbtest8  (cost=0.43..393.26 rows=99 width=125)
	  Index Cond: ((id >= 4799115) AND (id <= 4799215))

explain: for range-notcovered :: explain SELECT id, c FROM sbtest%d WHERE id BETWEEN 4799115 AND 4799215
explain: for range-notcovered :: explain SELECT id, c FROM sbtest%d WHERE id BETWEEN 6550680 AND 6550780
explain: for range-notcovered :: explain SELECT id, c FROM sbtest%d WHERE id BETWEEN 7163080 AND 7163180
for range-notcovered
table 1 : explain SELECT id, c FROM sbtest1 WHERE id BETWEEN 6280231 AND 6280331
	Index Scan using sbtest1_pkey on sbtest1  (cost=0.43..397.35 rows=100 width=125)
	  Index Cond: ((id >= 6280231) AND (id <= 6280331))

table 2 : explain SELECT id, c FROM sbtest2 WHERE id BETWEEN 6280231 AND 6280331
	Index Scan using sbtest2_pkey on sbtest2  (cost=0.43..402.11 rows=101 width=125)
	  Index Cond: ((id >= 6280231) AND (id <= 6280331))

table 3 : explain SELECT id, c FROM sbtest3 WHERE id BETWEEN 6280231 AND 6280331
	Index Scan using sbtest3_pkey on sbtest3  (cost=0.43..440.65 rows=111 width=125)
	  Index Cond: ((id >= 6280231) AND (id <= 6280331))

table 4 : explain SELECT id, c FROM sbtest4 WHERE id BETWEEN 6280231 AND 6280331
	Index Scan using sbtest4_pkey on sbtest4  (cost=0.43..422.99 rows=106 width=125)
	  Index Cond: ((id >= 6280231) AND (id <= 6280331))

table 5 : explain SELECT id, c FROM sbtest5 WHERE id BETWEEN 6280231 AND 6280331
	Index Scan using sbtest5_pkey on sbtest5  (cost=0.43..405.70 rows=102 width=125)
	  Index Cond: ((id >= 6280231) AND (id <= 6280331))

table 6 : explain SELECT id, c FROM sbtest6 WHERE id BETWEEN 6280231 AND 6280331
	Index Scan using sbtest6_pkey on sbtest6  (cost=0.43..405.23 rows=102 width=125)
	  Index Cond: ((id >= 6280231) AND (id <= 6280331))

table 7 : explain SELECT id, c FROM sbtest7 WHERE id BETWEEN 6280231 AND 6280331
	Index Scan using sbtest7_pkey on sbtest7  (cost=0.43..377.61 rows=95 width=125)
	  Index Cond: ((id >= 6280231) AND (id <= 6280331))

table 8 : explain SELECT id, c FROM sbtest8 WHERE id BETWEEN 6280231 AND 6280331
	Index Scan using sbtest8_pkey on sbtest8  (cost=0.43..389.33 rows=98 width=125)
	  Index Cond: ((id >= 6280231) AND (id <= 6280331))

for range-notcovered
table 1 : explain SELECT id, c FROM sbtest1 WHERE id BETWEEN 4271628 AND 4271728
	Index Scan using sbtest1_pkey on sbtest1  (cost=0.43..401.27 rows=101 width=125)
	  Index Cond: ((id >= 4271628) AND (id <= 4271728))

table 2 : explain SELECT id, c FROM sbtest2 WHERE id BETWEEN 4271628 AND 4271728
	Index Scan using sbtest2_pkey on sbtest2  (cost=0.43..398.18 rows=100 width=125)
	  Index Cond: ((id >= 4271628) AND (id <= 4271728))

table 3 : explain SELECT id, c FROM sbtest3 WHERE id BETWEEN 4271628 AND 4271728
	Index Scan using sbtest3_pkey on sbtest3  (cost=0.43..385.65 rows=97 width=125)
	  Index Cond: ((id >= 4271628) AND (id <= 4271728))

table 4 : explain SELECT id, c FROM sbtest4 WHERE id BETWEEN 4271628 AND 4271728
	Index Scan using sbtest4_pkey on sbtest4  (cost=0.43..438.78 rows=110 width=125)
	  Index Cond: ((id >= 4271628) AND (id <= 4271728))

table 5 : explain SELECT id, c FROM sbtest5 WHERE id BETWEEN 4271628 AND 4271728
	Index Scan using sbtest5_pkey on sbtest5  (cost=0.43..397.83 rows=100 width=125)
	  Index Cond: ((id >= 4271628) AND (id <= 4271728))

table 6 : explain SELECT id, c FROM sbtest6 WHERE id BETWEEN 4271628 AND 4271728
	Index Scan using sbtest6_pkey on sbtest6  (cost=0.43..401.30 rows=101 width=125)
	  Index Cond: ((id >= 4271628) AND (id <= 4271728))

table 7 : explain SELECT id, c FROM sbtest7 WHERE id BETWEEN 4271628 AND 4271728
	Index Scan using sbtest7_pkey on sbtest7  (cost=0.43..389.39 rows=98 width=125)
	  Index Cond: ((id >= 4271628) AND (id <= 4271728))

table 8 : explain SELECT id, c FROM sbtest8 WHERE id BETWEEN 4271628 AND 4271728
	Index Scan using sbtest8_pkey on sbtest8  (cost=0.43..416.82 rows=105 width=125)
	  Index Cond: ((id >= 4271628) AND (id <= 4271728))

explain: for range-notcovered :: explain SELECT id, c FROM sbtest%d WHERE id BETWEEN 4271628 AND 4271728
for range-notcovered
table 1 : explain SELECT id, c FROM sbtest1 WHERE id BETWEEN 4799115 AND 4799215
	Index Scan using sbtest1_pkey on sbtest1  (cost=0.43..354.12 rows=89 width=125)
	  Index Cond: ((id >= 4799115) AND (id <= 4799215))

table 2 : explain SELECT id, c FROM sbtest2 WHERE id BETWEEN 4799115 AND 4799215
	Index Scan using sbtest2_pkey on sbtest2  (cost=0.43..402.11 rows=101 width=125)
	  Index Cond: ((id >= 4799115) AND (id <= 4799215))

table 3 : explain SELECT id, c FROM sbtest3 WHERE id BETWEEN 4799115 AND 4799215
	Index Scan using sbtest3_pkey on sbtest3  (cost=0.43..405.29 rows=102 width=125)
	  Index Cond: ((id >= 4799115) AND (id <= 4799215))

table 4 : explain SELECT id, c FROM sbtest4 WHERE id BETWEEN 4799115 AND 4799215
	Index Scan using sbtest4_pkey on sbtest4  (cost=0.43..383.52 rows=96 width=125)
	  Index Cond: ((id >= 4799115) AND (id <= 4799215))

table 5 : explain SELECT id, c FROM sbtest5 WHERE id BETWEEN 4799115 AND 4799215
	Index Scan using sbtest5_pkey on sbtest5  (cost=0.43..378.17 rows=95 width=125)
	  Index Cond: ((id >= 4799115) AND (id <= 4799215))

table 6 : explain SELECT id, c FROM sbtest6 WHERE id BETWEEN 4799115 AND 4799215
	Index Scan using sbtest6_pkey on sbtest6  (cost=0.43..417.01 rows=105 width=125)
	  Index Cond: ((id >= 4799115) AND (id <= 4799215))

table 7 : explain SELECT id, c FROM sbtest7 WHERE id BETWEEN 4799115 AND 4799215
	Index Scan using sbtest7_pkey on sbtest7  (cost=0.43..381.53 rows=96 width=125)
	  Index Cond: ((id >= 4799115) AND (id <= 4799215))

table 8 : explain SELECT id, c FROM sbtest8 WHERE id BETWEEN 4799115 AND 4799215
	Index Scan using sbtest8_pkey on sbtest8  (cost=0.43..393.26 rows=99 width=125)
	  Index Cond: ((id >= 4799115) AND (id <= 4799215))

explain: for range-notcovered :: explain SELECT id, c FROM sbtest%d WHERE id BETWEEN 4799115 AND 4799215
for range-notcovered
table 1 : explain SELECT id, c FROM sbtest1 WHERE id BETWEEN 6550680 AND 6550780
	Index Scan using sbtest1_pkey on sbtest1  (cost=0.43..401.27 rows=101 width=125)
	  Index Cond: ((id >= 6550680) AND (id <= 6550780))

table 2 : explain SELECT id, c FROM sbtest2 WHERE id BETWEEN 6550680 AND 6550780
	Index Scan using sbtest2_pkey on sbtest2  (cost=0.43..398.18 rows=100 width=125)
	  Index Cond: ((id >= 6550680) AND (id <= 6550780))

table 3 : explain SELECT id, c FROM sbtest3 WHERE id BETWEEN 6550680 AND 6550780
	Index Scan using sbtest3_pkey on sbtest3  (cost=0.43..381.72 rows=96 width=125)
	  Index Cond: ((id >= 6550680) AND (id <= 6550780))

table 4 : explain SELECT id, c FROM sbtest4 WHERE id BETWEEN 6550680 AND 6550780
	Index Scan using sbtest4_pkey on sbtest4  (cost=0.43..383.52 rows=96 width=125)
	  Index Cond: ((id >= 6550680) AND (id <= 6550780))

table 5 : explain SELECT id, c FROM sbtest5 WHERE id BETWEEN 6550680 AND 6550780
	Index Scan using sbtest5_pkey on sbtest5  (cost=0.43..409.63 rows=103 width=125)
	  Index Cond: ((id >= 6550680) AND (id <= 6550780))

table 6 : explain SELECT id, c FROM sbtest6 WHERE id BETWEEN 6550680 AND 6550780
	Index Scan using sbtest6_pkey on sbtest6  (cost=0.43..405.23 rows=102 width=125)
	  Index Cond: ((id >= 6550680) AND (id <= 6550780))

table 7 : explain SELECT id, c FROM sbtest7 WHERE id BETWEEN 6550680 AND 6550780
	Index Scan using sbtest7_pkey on sbtest7  (cost=0.43..436.50 rows=110 width=125)
	  Index Cond: ((id >= 6550680) AND (id <= 6550780))

table 8 : explain SELECT id, c FROM sbtest8 WHERE id BETWEEN 6550680 AND 6550780
	Index Scan using sbtest8_pkey on sbtest8  (cost=0.43..401.11 rows=101 width=125)
	  Index Cond: ((id >= 6550680) AND (id <= 6550780))

explain: for range-notcovered :: explain SELECT id, c FROM sbtest%d WHERE id BETWEEN 6550680 AND 6550780
for range-notcovered
table 1 : explain SELECT id, c FROM sbtest1 WHERE id BETWEEN 5075735 AND 5075835
	Index Scan using sbtest1_pkey on sbtest1  (cost=0.43..436.62 rows=110 width=125)
	  Index Cond: ((id >= 5075735) AND (id <= 5075835))

table 2 : explain SELECT id, c FROM sbtest2 WHERE id BETWEEN 5075735 AND 5075835
	Index Scan using sbtest2_pkey on sbtest2  (cost=0.43..382.43 rows=96 width=125)
	  Index Cond: ((id >= 5075735) AND (id <= 5075835))

table 3 : explain SELECT id, c FROM sbtest3 WHERE id BETWEEN 5075735 AND 5075835
	Index Scan using sbtest3_pkey on sbtest3  (cost=0.43..440.65 rows=111 width=125)
	  Index Cond: ((id >= 5075735) AND (id <= 5075835))

table 4 : explain SELECT id, c FROM sbtest4 WHERE id BETWEEN 5075735 AND 5075835
	Index Scan using sbtest4_pkey on sbtest4  (cost=0.43..391.41 rows=98 width=125)
	  Index Cond: ((id >= 5075735) AND (id <= 5075835))

table 5 : explain SELECT id, c FROM sbtest5 WHERE id BETWEEN 5075735 AND 5075835
	Index Scan using sbtest5_pkey on sbtest5  (cost=0.43..397.83 rows=100 width=125)
	  Index Cond: ((id >= 5075735) AND (id <= 5075835))

table 6 : explain SELECT id, c FROM sbtest6 WHERE id BETWEEN 5075735 AND 5075835
	Index Scan using sbtest6_pkey on sbtest6  (cost=0.43..436.65 rows=110 width=125)
	  Index Cond: ((id >= 5075735) AND (id <= 5075835))

table 7 : explain SELECT id, c FROM sbtest7 WHERE id BETWEEN 5075735 AND 5075835
	Index Scan using sbtest7_pkey on sbtest7  (cost=0.43..405.09 rows=102 width=125)
	  Index Cond: ((id >= 5075735) AND (id <= 5075835))

table 8 : explain SELECT id, c FROM sbtest8 WHERE id BETWEEN 5075735 AND 5075835
	Index Scan using sbtest8_pkey on sbtest8  (cost=0.43..369.71 rows=93 width=125)
	  Index Cond: ((id >= 5075735) AND (id <= 5075835))

for range-notcovered
table 1 : explain SELECT id, c FROM sbtest1 WHERE id BETWEEN 4271628 AND 4271728
	Index Scan using sbtest1_pkey on sbtest1  (cost=0.43..401.27 rows=101 width=125)
	  Index Cond: ((id >= 4271628) AND (id <= 4271728))

table 2 : explain SELECT id, c FROM sbtest2 WHERE id BETWEEN 4271628 AND 4271728
	Index Scan using sbtest2_pkey on sbtest2  (cost=0.43..398.18 rows=100 width=125)
	  Index Cond: ((id >= 4271628) AND (id <= 4271728))

table 3 : explain SELECT id, c FROM sbtest3 WHERE id BETWEEN 4271628 AND 4271728
	Index Scan using sbtest3_pkey on sbtest3  (cost=0.43..385.65 rows=97 width=125)
	  Index Cond: ((id >= 4271628) AND (id <= 4271728))

table 4 : explain SELECT id, c FROM sbtest4 WHERE id BETWEEN 4271628 AND 4271728
	Index Scan using sbtest4_pkey on sbtest4  (cost=0.43..438.78 rows=110 width=125)
	  Index Cond: ((id >= 4271628) AND (id <= 4271728))

table 5 : explain SELECT id, c FROM sbtest5 WHERE id BETWEEN 4271628 AND 4271728
	Index Scan using sbtest5_pkey on sbtest5  (cost=0.43..397.83 rows=100 width=125)
	  Index Cond: ((id >= 4271628) AND (id <= 4271728))

table 6 : explain SELECT id, c FROM sbtest6 WHERE id BETWEEN 4271628 AND 4271728
	Index Scan using sbtest6_pkey on sbtest6  (cost=0.43..401.30 rows=101 width=125)
	  Index Cond: ((id >= 4271628) AND (id <= 4271728))

table 7 : explain SELECT id, c FROM sbtest7 WHERE id BETWEEN 4271628 AND 4271728
	Index Scan using sbtest7_pkey on sbtest7  (cost=0.43..389.39 rows=98 width=125)
	  Index Cond: ((id >= 4271628) AND (id <= 4271728))

table 8 : explain SELECT id, c FROM sbtest8 WHERE id BETWEEN 4271628 AND 4271728
	Index Scan using sbtest8_pkey on sbtest8  (cost=0.43..416.82 rows=105 width=125)
	  Index Cond: ((id >= 4271628) AND (id <= 4271728))

explain: for range-notcovered :: explain SELECT id, c FROM sbtest%d WHERE id BETWEEN 5075735 AND 5075835
explain: for range-notcovered :: explain SELECT id, c FROM sbtest%d WHERE id BETWEEN 4271628 AND 4271728
for range-notcovered
table 1 : explain SELECT id, c FROM sbtest1 WHERE id BETWEEN 7163080 AND 7163180
	Index Scan using sbtest1_pkey on sbtest1  (cost=0.43..401.27 rows=101 width=125)
	  Index Cond: ((id >= 7163080) AND (id <= 7163180))

table 2 : explain SELECT id, c FROM sbtest2 WHERE id BETWEEN 7163080 AND 7163180
	Index Scan using sbtest2_pkey on sbtest2  (cost=0.43..402.11 rows=101 width=125)
	  Index Cond: ((id >= 7163080) AND (id <= 7163180))

table 3 : explain SELECT id, c FROM sbtest3 WHERE id BETWEEN 7163080 AND 7163180
	Index Scan using sbtest3_pkey on sbtest3  (cost=0.43..381.72 rows=96 width=125)
	  Index Cond: ((id >= 7163080) AND (id <= 7163180))

table 4 : explain SELECT id, c FROM sbtest4 WHERE id BETWEEN 7163080 AND 7163180
	Index Scan using sbtest4_pkey on sbtest4  (cost=0.43..415.10 rows=104 width=125)
	  Index Cond: ((id >= 7163080) AND (id <= 7163180))

table 5 : explain SELECT id, c FROM sbtest5 WHERE id BETWEEN 7163080 AND 7163180
	Index Scan using sbtest5_pkey on sbtest5  (cost=0.43..409.63 rows=103 width=125)
	  Index Cond: ((id >= 7163080) AND (id <= 7163180))

table 6 : explain SELECT id, c FROM sbtest6 WHERE id BETWEEN 7163080 AND 7163180
	Index Scan using sbtest6_pkey on sbtest6  (cost=0.43..440.58 rows=111 width=125)
	  Index Cond: ((id >= 7163080) AND (id <= 7163180))

table 7 : explain SELECT id, c FROM sbtest7 WHERE id BETWEEN 7163080 AND 7163180
	Index Scan using sbtest7_pkey on sbtest7  (cost=0.43..389.39 rows=98 width=125)
	  Index Cond: ((id >= 7163080) AND (id <= 7163180))

table 8 : explain SELECT id, c FROM sbtest8 WHERE id BETWEEN 7163080 AND 7163180
	Index Scan using sbtest8_pkey on sbtest8  (cost=0.43..475.70 rows=120 width=125)
	  Index Cond: ((id >= 7163080) AND (id <= 7163180))

explain: for range-notcovered :: explain SELECT id, c FROM sbtest%d WHERE id BETWEEN 7163080 AND 7163180
for range-notcovered
table 1 : explain SELECT id, c FROM sbtest1 WHERE id BETWEEN 4799115 AND 4799215
	Index Scan using sbtest1_pkey on sbtest1  (cost=0.43..354.12 rows=89 width=125)
	  Index Cond: ((id >= 4799115) AND (id <= 4799215))

table 2 : explain SELECT id, c FROM sbtest2 WHERE id BETWEEN 4799115 AND 4799215
	Index Scan using sbtest2_pkey on sbtest2  (cost=0.43..402.11 rows=101 width=125)
	  Index Cond: ((id >= 4799115) AND (id <= 4799215))

table 3 : explain SELECT id, c FROM sbtest3 WHERE id BETWEEN 4799115 AND 4799215
	Index Scan using sbtest3_pkey on sbtest3  (cost=0.43..405.29 rows=102 width=125)
	  Index Cond: ((id >= 4799115) AND (id <= 4799215))

table 4 : explain SELECT id, c FROM sbtest4 WHERE id BETWEEN 4799115 AND 4799215
	Index Scan using sbtest4_pkey on sbtest4  (cost=0.43..383.52 rows=96 width=125)
	  Index Cond: ((id >= 4799115) AND (id <= 4799215))

table 5 : explain SELECT id, c FROM sbtest5 WHERE id BETWEEN 4799115 AND 4799215
	Index Scan using sbtest5_pkey on sbtest5  (cost=0.43..378.17 rows=95 width=125)
	  Index Cond: ((id >= 4799115) AND (id <= 4799215))

table 6 : explain SELECT id, c FROM sbtest6 WHERE id BETWEEN 4799115 AND 4799215
	Index Scan using sbtest6_pkey on sbtest6  (cost=0.43..417.01 rows=105 width=125)
	  Index Cond: ((id >= 4799115) AND (id <= 4799215))

table 7 : explain SELECT id, c FROM sbtest7 WHERE id BETWEEN 4799115 AND 4799215
	Index Scan using sbtest7_pkey on sbtest7  (cost=0.43..381.53 rows=96 width=125)
	  Index Cond: ((id >= 4799115) AND (id <= 4799215))

table 8 : explain SELECT id, c FROM sbtest8 WHERE id BETWEEN 4799115 AND 4799215
	Index Scan using sbtest8_pkey on sbtest8  (cost=0.43..393.26 rows=99 width=125)
	  Index Cond: ((id >= 4799115) AND (id <= 4799215))

explain: for range-notcovered :: explain SELECT id, c FROM sbtest%d WHERE id BETWEEN 4799115 AND 4799215
for range-notcovered
table 1 : explain SELECT id, c FROM sbtest1 WHERE id BETWEEN 6550680 AND 6550780
	Index Scan using sbtest1_pkey on sbtest1  (cost=0.43..401.27 rows=101 width=125)
	  Index Cond: ((id >= 6550680) AND (id <= 6550780))

table 2 : explain SELECT id, c FROM sbtest2 WHERE id BETWEEN 6550680 AND 6550780
	Index Scan using sbtest2_pkey on sbtest2  (cost=0.43..398.18 rows=100 width=125)
	  Index Cond: ((id >= 6550680) AND (id <= 6550780))

table 3 : explain SELECT id, c FROM sbtest3 WHERE id BETWEEN 6550680 AND 6550780
	Index Scan using sbtest3_pkey on sbtest3  (cost=0.43..381.72 rows=96 width=125)
	  Index Cond: ((id >= 6550680) AND (id <= 6550780))

table 4 : explain SELECT id, c FROM sbtest4 WHERE id BETWEEN 6550680 AND 6550780
	Index Scan using sbtest4_pkey on sbtest4  (cost=0.43..383.52 rows=96 width=125)
	  Index Cond: ((id >= 6550680) AND (id <= 6550780))

table 5 : explain SELECT id, c FROM sbtest5 WHERE id BETWEEN 6550680 AND 6550780
	Index Scan using sbtest5_pkey on sbtest5  (cost=0.43..409.63 rows=103 width=125)
	  Index Cond: ((id >= 6550680) AND (id <= 6550780))

table 6 : explain SELECT id, c FROM sbtest6 WHERE id BETWEEN 6550680 AND 6550780
	Index Scan using sbtest6_pkey on sbtest6  (cost=0.43..405.23 rows=102 width=125)
	  Index Cond: ((id >= 6550680) AND (id <= 6550780))

table 7 : explain SELECT id, c FROM sbtest7 WHERE id BETWEEN 6550680 AND 6550780
	Index Scan using sbtest7_pkey on sbtest7  (cost=0.43..436.50 rows=110 width=125)
	  Index Cond: ((id >= 6550680) AND (id <= 6550780))

table 8 : explain SELECT id, c FROM sbtest8 WHERE id BETWEEN 6550680 AND 6550780
	Index Scan using sbtest8_pkey on sbtest8  (cost=0.43..401.11 rows=101 width=125)
	  Index Cond: ((id >= 6550680) AND (id <= 6550780))

for range-notcovered
table 1 : explain SELECT id, c FROM sbtest1 WHERE id BETWEEN 5075735 AND 5075835
	Index Scan using sbtest1_pkey on sbtest1  (cost=0.43..436.62 rows=110 width=125)
	  Index Cond: ((id >= 5075735) AND (id <= 5075835))

table 2 : explain SELECT id, c FROM sbtest2 WHERE id BETWEEN 5075735 AND 5075835
	Index Scan using sbtest2_pkey on sbtest2  (cost=0.43..382.43 rows=96 width=125)
	  Index Cond: ((id >= 5075735) AND (id <= 5075835))

table 3 : explain SELECT id, c FROM sbtest3 WHERE id BETWEEN 5075735 AND 5075835
	Index Scan using sbtest3_pkey on sbtest3  (cost=0.43..440.65 rows=111 width=125)
	  Index Cond: ((id >= 5075735) AND (id <= 5075835))

table 4 : explain SELECT id, c FROM sbtest4 WHERE id BETWEEN 5075735 AND 5075835
	Index Scan using sbtest4_pkey on sbtest4  (cost=0.43..391.41 rows=98 width=125)
	  Index Cond: ((id >= 5075735) AND (id <= 5075835))

table 5 : explain SELECT id, c FROM sbtest5 WHERE id BETWEEN 5075735 AND 5075835
	Index Scan using sbtest5_pkey on sbtest5  (cost=0.43..397.83 rows=100 width=125)
	  Index Cond: ((id >= 5075735) AND (id <= 5075835))

table 6 : explain SELECT id, c FROM sbtest6 WHERE id BETWEEN 5075735 AND 5075835
	Index Scan using sbtest6_pkey on sbtest6  (cost=0.43..436.65 rows=110 width=125)
	  Index Cond: ((id >= 5075735) AND (id <= 5075835))

table 7 : explain SELECT id, c FROM sbtest7 WHERE id BETWEEN 5075735 AND 5075835
	Index Scan using sbtest7_pkey on sbtest7  (cost=0.43..405.09 rows=102 width=125)
	  Index Cond: ((id >= 5075735) AND (id <= 5075835))

table 8 : explain SELECT id, c FROM sbtest8 WHERE id BETWEEN 5075735 AND 5075835
	Index Scan using sbtest8_pkey on sbtest8  (cost=0.43..369.71 rows=93 width=125)
	  Index Cond: ((id >= 5075735) AND (id <= 5075835))

explain: for range-notcovered :: explain SELECT id, c FROM sbtest%d WHERE id BETWEEN 6550680 AND 6550780
explain: for range-notcovered :: explain SELECT id, c FROM sbtest%d WHERE id BETWEEN 5075735 AND 5075835
for range-notcovered
table 1 : explain SELECT id, c FROM sbtest1 WHERE id BETWEEN 5798280 AND 5798380
	Index Scan using sbtest1_pkey on sbtest1  (cost=0.43..346.27 rows=87 width=125)
	  Index Cond: ((id >= 5798280) AND (id <= 5798380))

table 2 : explain SELECT id, c FROM sbtest2 WHERE id BETWEEN 5798280 AND 5798380
	Index Scan using sbtest2_pkey on sbtest2  (cost=0.43..386.37 rows=97 width=125)
	  Index Cond: ((id >= 5798280) AND (id <= 5798380))

table 3 : explain SELECT id, c FROM sbtest3 WHERE id BETWEEN 5798280 AND 5798380
	Index Scan using sbtest3_pkey on sbtest3  (cost=0.43..389.58 rows=98 width=125)
	  Index Cond: ((id >= 5798280) AND (id <= 5798380))

table 4 : explain SELECT id, c FROM sbtest4 WHERE id BETWEEN 5798280 AND 5798380
	Index Scan using sbtest4_pkey on sbtest4  (cost=0.43..375.62 rows=94 width=125)
	  Index Cond: ((id >= 5798280) AND (id <= 5798380))

table 5 : explain SELECT id, c FROM sbtest5 WHERE id BETWEEN 5798280 AND 5798380
	Index Scan using sbtest5_pkey on sbtest5  (cost=0.43..409.63 rows=103 width=125)
	  Index Cond: ((id >= 5798280) AND (id <= 5798380))

table 6 : explain SELECT id, c FROM sbtest6 WHERE id BETWEEN 5798280 AND 5798380
	Index Scan using sbtest6_pkey on sbtest6  (cost=0.43..354.14 rows=89 width=125)
	  Index Cond: ((id >= 5798280) AND (id <= 5798380))

table 7 : explain SELECT id, c FROM sbtest7 WHERE id BETWEEN 5798280 AND 5798380
	Index Scan using sbtest7_pkey on sbtest7  (cost=0.43..444.35 rows=112 width=125)
	  Index Cond: ((id >= 5798280) AND (id <= 5798380))

table 8 : explain SELECT id, c FROM sbtest8 WHERE id BETWEEN 5798280 AND 5798380
	Index Scan using sbtest8_pkey on sbtest8  (cost=0.43..424.67 rows=107 width=125)
	  Index Cond: ((id >= 5798280) AND (id <= 5798380))

explain: for range-notcovered :: explain SELECT id, c FROM sbtest%d WHERE id BETWEEN 5798280 AND 5798380
for range-notcovered
table 1 : explain SELECT id, c FROM sbtest1 WHERE id BETWEEN 4799115 AND 4799215
	Index Scan using sbtest1_pkey on sbtest1  (cost=0.43..354.12 rows=89 width=125)
	  Index Cond: ((id >= 4799115) AND (id <= 4799215))

table 2 : explain SELECT id, c FROM sbtest2 WHERE id BETWEEN 4799115 AND 4799215
	Index Scan using sbtest2_pkey on sbtest2  (cost=0.43..402.11 rows=101 width=125)
	  Index Cond: ((id >= 4799115) AND (id <= 4799215))

table 3 : explain SELECT id, c FROM sbtest3 WHERE id BETWEEN 4799115 AND 4799215
	Index Scan using sbtest3_pkey on sbtest3  (cost=0.43..405.29 rows=102 width=125)
	  Index Cond: ((id >= 4799115) AND (id <= 4799215))

table 4 : explain SELECT id, c FROM sbtest4 WHERE id BETWEEN 4799115 AND 4799215
	Index Scan using sbtest4_pkey on sbtest4  (cost=0.43..383.52 rows=96 width=125)
	  Index Cond: ((id >= 4799115) AND (id <= 4799215))

table 5 : explain SELECT id, c FROM sbtest5 WHERE id BETWEEN 4799115 AND 4799215
	Index Scan using sbtest5_pkey on sbtest5  (cost=0.43..378.17 rows=95 width=125)
	  Index Cond: ((id >= 4799115) AND (id <= 4799215))

table 6 : explain SELECT id, c FROM sbtest6 WHERE id BETWEEN 4799115 AND 4799215
	Index Scan using sbtest6_pkey on sbtest6  (cost=0.43..417.01 rows=105 width=125)
	  Index Cond: ((id >= 4799115) AND (id <= 4799215))

table 7 : explain SELECT id, c FROM sbtest7 WHERE id BETWEEN 4799115 AND 4799215
	Index Scan using sbtest7_pkey on sbtest7  (cost=0.43..381.53 rows=96 width=125)
	  Index Cond: ((id >= 4799115) AND (id <= 4799215))

table 8 : explain SELECT id, c FROM sbtest8 WHERE id BETWEEN 4799115 AND 4799215
	Index Scan using sbtest8_pkey on sbtest8  (cost=0.43..393.26 rows=99 width=125)
	  Index Cond: ((id >= 4799115) AND (id <= 4799215))

for range-notcovered
table 1 : explain SELECT id, c FROM sbtest1 WHERE id BETWEEN 7163080 AND 7163180
	Index Scan using sbtest1_pkey on sbtest1  (cost=0.43..401.27 rows=101 width=125)
	  Index Cond: ((id >= 7163080) AND (id <= 7163180))

table 2 : explain SELECT id, c FROM sbtest2 WHERE id BETWEEN 7163080 AND 7163180
	Index Scan using sbtest2_pkey on sbtest2  (cost=0.43..402.11 rows=101 width=125)
	  Index Cond: ((id >= 7163080) AND (id <= 7163180))

table 3 : explain SELECT id, c FROM sbtest3 WHERE id BETWEEN 7163080 AND 7163180
	Index Scan using sbtest3_pkey on sbtest3  (cost=0.43..381.72 rows=96 width=125)
	  Index Cond: ((id >= 7163080) AND (id <= 7163180))

table 4 : explain SELECT id, c FROM sbtest4 WHERE id BETWEEN 7163080 AND 7163180
	Index Scan using sbtest4_pkey on sbtest4  (cost=0.43..415.10 rows=104 width=125)
	  Index Cond: ((id >= 7163080) AND (id <= 7163180))

table 5 : explain SELECT id, c FROM sbtest5 WHERE id BETWEEN 7163080 AND 7163180
	Index Scan using sbtest5_pkey on sbtest5  (cost=0.43..409.63 rows=103 width=125)
	  Index Cond: ((id >= 7163080) AND (id <= 7163180))

table 6 : explain SELECT id, c FROM sbtest6 WHERE id BETWEEN 7163080 AND 7163180
	Index Scan using sbtest6_pkey on sbtest6  (cost=0.43..440.58 rows=111 width=125)
	  Index Cond: ((id >= 7163080) AND (id <= 7163180))

table 7 : explain SELECT id, c FROM sbtest7 WHERE id BETWEEN 7163080 AND 7163180
	Index Scan using sbtest7_pkey on sbtest7  (cost=0.43..389.39 rows=98 width=125)
	  Index Cond: ((id >= 7163080) AND (id <= 7163180))

table 8 : explain SELECT id, c FROM sbtest8 WHERE id BETWEEN 7163080 AND 7163180
	Index Scan using sbtest8_pkey on sbtest8  (cost=0.43..475.70 rows=120 width=125)
	  Index Cond: ((id >= 7163080) AND (id <= 7163180))

for range-notcovered
table 1 : explain SELECT id, c FROM sbtest1 WHERE id BETWEEN 5798280 AND 5798380
	Index Scan using sbtest1_pkey on sbtest1  (cost=0.43..346.27 rows=87 width=125)
	  Index Cond: ((id >= 5798280) AND (id <= 5798380))

table 2 : explain SELECT id, c FROM sbtest2 WHERE id BETWEEN 5798280 AND 5798380
	Index Scan using sbtest2_pkey on sbtest2  (cost=0.43..386.37 rows=97 width=125)
	  Index Cond: ((id >= 5798280) AND (id <= 5798380))

table 3 : explain SELECT id, c FROM sbtest3 WHERE id BETWEEN 5798280 AND 5798380
	Index Scan using sbtest3_pkey on sbtest3  (cost=0.43..389.58 rows=98 width=125)
	  Index Cond: ((id >= 5798280) AND (id <= 5798380))

table 4 : explain SELECT id, c FROM sbtest4 WHERE id BETWEEN 5798280 AND 5798380
	Index Scan using sbtest4_pkey on sbtest4  (cost=0.43..375.62 rows=94 width=125)
	  Index Cond: ((id >= 5798280) AND (id <= 5798380))

table 5 : explain SELECT id, c FROM sbtest5 WHERE id BETWEEN 5798280 AND 5798380
	Index Scan using sbtest5_pkey on sbtest5  (cost=0.43..409.63 rows=103 width=125)
	  Index Cond: ((id >= 5798280) AND (id <= 5798380))

table 6 : explain SELECT id, c FROM sbtest6 WHERE id BETWEEN 5798280 AND 5798380
	Index Scan using sbtest6_pkey on sbtest6  (cost=0.43..354.14 rows=89 width=125)
	  Index Cond: ((id >= 5798280) AND (id <= 5798380))

table 7 : explain SELECT id, c FROM sbtest7 WHERE id BETWEEN 5798280 AND 5798380
	Index Scan using sbtest7_pkey on sbtest7  (cost=0.43..444.35 rows=112 width=125)
	  Index Cond: ((id >= 5798280) AND (id <= 5798380))

table 8 : explain SELECT id, c FROM sbtest8 WHERE id BETWEEN 5798280 AND 5798380
	Index Scan using sbtest8_pkey on sbtest8  (cost=0.43..424.67 rows=107 width=125)
	  Index Cond: ((id >= 5798280) AND (id <= 5798380))

explain: for range-notcovered :: explain SELECT id, c FROM sbtest%d WHERE id BETWEEN 5798280 AND 5798380
for range-notcovered
table 1 : explain SELECT id, c FROM sbtest1 WHERE id BETWEEN 8184432 AND 8184532
	Index Scan using sbtest1_pkey on sbtest1  (cost=0.43..397.35 rows=100 width=125)
	  Index Cond: ((id >= 8184432) AND (id <= 8184532))

table 2 : explain SELECT id, c FROM sbtest2 WHERE id BETWEEN 8184432 AND 8184532
	Index Scan using sbtest2_pkey on sbtest2  (cost=0.43..409.98 rows=103 width=125)
	  Index Cond: ((id >= 8184432) AND (id <= 8184532))

table 3 : explain SELECT id, c FROM sbtest3 WHERE id BETWEEN 8184432 AND 8184532
	Index Scan using sbtest3_pkey on sbtest3  (cost=0.43..424.94 rows=107 width=125)
	  Index Cond: ((id >= 8184432) AND (id <= 8184532))

table 4 : explain SELECT id, c FROM sbtest4 WHERE id BETWEEN 8184432 AND 8184532
	Index Scan using sbtest4_pkey on sbtest4  (cost=0.43..411.15 rows=103 width=125)
	  Index Cond: ((id >= 8184432) AND (id <= 8184532))

table 5 : explain SELECT id, c FROM sbtest5 WHERE id BETWEEN 8184432 AND 8184532
	Index Scan using sbtest5_pkey on sbtest5  (cost=0.43..409.63 rows=103 width=125)
	  Index Cond: ((id >= 8184432) AND (id <= 8184532))

table 6 : explain SELECT id, c FROM sbtest6 WHERE id BETWEEN 8184432 AND 8184532
	Index Scan using sbtest6_pkey on sbtest6  (cost=0.43..420.94 rows=106 width=125)
	  Index Cond: ((id >= 8184432) AND (id <= 8184532))

table 7 : explain SELECT id, c FROM sbtest7 WHERE id BETWEEN 8184432 AND 8184532
	Index Scan using sbtest7_pkey on sbtest7  (cost=0.43..420.80 rows=106 width=125)
	  Index Cond: ((id >= 8184432) AND (id <= 8184532))

table 8 : explain SELECT id, c FROM sbtest8 WHERE id BETWEEN 8184432 AND 8184532
	Index Scan using sbtest8_pkey on sbtest8  (cost=0.43..373.63 rows=94 width=125)
	  Index Cond: ((id >= 8184432) AND (id <= 8184532))

explain: for range-notcovered :: explain SELECT id, c FROM sbtest%d WHERE id BETWEEN 8184432 AND 8184532
for range-notcovered
table 1 : explain SELECT id, c FROM sbtest1 WHERE id BETWEEN 6550680 AND 6550780
	Index Scan using sbtest1_pkey on sbtest1  (cost=0.43..401.27 rows=101 width=125)
	  Index Cond: ((id >= 6550680) AND (id <= 6550780))

table 2 : explain SELECT id, c FROM sbtest2 WHERE id BETWEEN 6550680 AND 6550780
	Index Scan using sbtest2_pkey on sbtest2  (cost=0.43..398.18 rows=100 width=125)
	  Index Cond: ((id >= 6550680) AND (id <= 6550780))

table 3 : explain SELECT id, c FROM sbtest3 WHERE id BETWEEN 6550680 AND 6550780
	Index Scan using sbtest3_pkey on sbtest3  (cost=0.43..381.72 rows=96 width=125)
	  Index Cond: ((id >= 6550680) AND (id <= 6550780))

table 4 : explain SELECT id, c FROM sbtest4 WHERE id BETWEEN 6550680 AND 6550780
	Index Scan using sbtest4_pkey on sbtest4  (cost=0.43..383.52 rows=96 width=125)
	  Index Cond: ((id >= 6550680) AND (id <= 6550780))

table 5 : explain SELECT id, c FROM sbtest5 WHERE id BETWEEN 6550680 AND 6550780
	Index Scan using sbtest5_pkey on sbtest5  (cost=0.43..409.63 rows=103 width=125)
	  Index Cond: ((id >= 6550680) AND (id <= 6550780))

table 6 : explain SELECT id, c FROM sbtest6 WHERE id BETWEEN 6550680 AND 6550780
	Index Scan using sbtest6_pkey on sbtest6  (cost=0.43..405.23 rows=102 width=125)
	  Index Cond: ((id >= 6550680) AND (id <= 6550780))

table 7 : explain SELECT id, c FROM sbtest7 WHERE id BETWEEN 6550680 AND 6550780
	Index Scan using sbtest7_pkey on sbtest7  (cost=0.43..436.50 rows=110 width=125)
	  Index Cond: ((id >= 6550680) AND (id <= 6550780))

table 8 : explain SELECT id, c FROM sbtest8 WHERE id BETWEEN 6550680 AND 6550780
	Index Scan using sbtest8_pkey on sbtest8  (cost=0.43..401.11 rows=101 width=125)
	  Index Cond: ((id >= 6550680) AND (id <= 6550780))

for range-notcovered
table 1 : explain SELECT id, c FROM sbtest1 WHERE id BETWEEN 5798280 AND 5798380
	Index Scan using sbtest1_pkey on sbtest1  (cost=0.43..346.27 rows=87 width=125)
	  Index Cond: ((id >= 5798280) AND (id <= 5798380))

table 2 : explain SELECT id, c FROM sbtest2 WHERE id BETWEEN 5798280 AND 5798380
	Index Scan using sbtest2_pkey on sbtest2  (cost=0.43..386.37 rows=97 width=125)
	  Index Cond: ((id >= 5798280) AND (id <= 5798380))

table 3 : explain SELECT id, c FROM sbtest3 WHERE id BETWEEN 5798280 AND 5798380
	Index Scan using sbtest3_pkey on sbtest3  (cost=0.43..389.58 rows=98 width=125)
	  Index Cond: ((id >= 5798280) AND (id <= 5798380))

table 4 : explain SELECT id, c FROM sbtest4 WHERE id BETWEEN 5798280 AND 5798380
	Index Scan using sbtest4_pkey on sbtest4  (cost=0.43..375.62 rows=94 width=125)
	  Index Cond: ((id >= 5798280) AND (id <= 5798380))

table 5 : explain SELECT id, c FROM sbtest5 WHERE id BETWEEN 5798280 AND 5798380
	Index Scan using sbtest5_pkey on sbtest5  (cost=0.43..409.63 rows=103 width=125)
	  Index Cond: ((id >= 5798280) AND (id <= 5798380))

table 6 : explain SELECT id, c FROM sbtest6 WHERE id BETWEEN 5798280 AND 5798380
	Index Scan using sbtest6_pkey on sbtest6  (cost=0.43..354.14 rows=89 width=125)
	  Index Cond: ((id >= 5798280) AND (id <= 5798380))

table 7 : explain SELECT id, c FROM sbtest7 WHERE id BETWEEN 5798280 AND 5798380
	Index Scan using sbtest7_pkey on sbtest7  (cost=0.43..444.35 rows=112 width=125)
	  Index Cond: ((id >= 5798280) AND (id <= 5798380))

table 8 : explain SELECT id, c FROM sbtest8 WHERE id BETWEEN 5798280 AND 5798380
	Index Scan using sbtest8_pkey on sbtest8  (cost=0.43..424.67 rows=107 width=125)
	  Index Cond: ((id >= 5798280) AND (id <= 5798380))

explain: for range-notcovered :: explain SELECT id, c FROM sbtest%d WHERE id BETWEEN 5798280 AND 5798380
explain: for range-notcovered :: explain SELECT id, c FROM sbtest%d WHERE id BETWEEN 7163080 AND 7163180
for range-notcovered
table 1 : explain SELECT id, c FROM sbtest1 WHERE id BETWEEN 5798280 AND 5798380
	Index Scan using sbtest1_pkey on sbtest1  (cost=0.43..346.27 rows=87 width=125)
	  Index Cond: ((id >= 5798280) AND (id <= 5798380))

table 2 : explain SELECT id, c FROM sbtest2 WHERE id BETWEEN 5798280 AND 5798380
	Index Scan using sbtest2_pkey on sbtest2  (cost=0.43..386.37 rows=97 width=125)
	  Index Cond: ((id >= 5798280) AND (id <= 5798380))

table 3 : explain SELECT id, c FROM sbtest3 WHERE id BETWEEN 5798280 AND 5798380
	Index Scan using sbtest3_pkey on sbtest3  (cost=0.43..389.58 rows=98 width=125)
	  Index Cond: ((id >= 5798280) AND (id <= 5798380))

table 4 : explain SELECT id, c FROM sbtest4 WHERE id BETWEEN 5798280 AND 5798380
	Index Scan using sbtest4_pkey on sbtest4  (cost=0.43..375.62 rows=94 width=125)
	  Index Cond: ((id >= 5798280) AND (id <= 5798380))

table 5 : explain SELECT id, c FROM sbtest5 WHERE id BETWEEN 5798280 AND 5798380
	Index Scan using sbtest5_pkey on sbtest5  (cost=0.43..409.63 rows=103 width=125)
	  Index Cond: ((id >= 5798280) AND (id <= 5798380))

table 6 : explain SELECT id, c FROM sbtest6 WHERE id BETWEEN 5798280 AND 5798380
	Index Scan using sbtest6_pkey on sbtest6  (cost=0.43..354.14 rows=89 width=125)
	  Index Cond: ((id >= 5798280) AND (id <= 5798380))

table 7 : explain SELECT id, c FROM sbtest7 WHERE id BETWEEN 5798280 AND 5798380
	Index Scan using sbtest7_pkey on sbtest7  (cost=0.43..444.35 rows=112 width=125)
	  Index Cond: ((id >= 5798280) AND (id <= 5798380))

table 8 : explain SELECT id, c FROM sbtest8 WHERE id BETWEEN 5798280 AND 5798380
	Index Scan using sbtest8_pkey on sbtest8  (cost=0.43..424.67 rows=107 width=125)
	  Index Cond: ((id >= 5798280) AND (id <= 5798380))

explain: for range-notcovered :: explain SELECT id, c FROM sbtest%d WHERE id BETWEEN 5798280 AND 5798380
for range-notcovered
table 1 : explain SELECT id, c FROM sbtest1 WHERE id BETWEEN 7163080 AND 7163180
	Index Scan using sbtest1_pkey on sbtest1  (cost=0.43..401.27 rows=101 width=125)
	  Index Cond: ((id >= 7163080) AND (id <= 7163180))

table 2 : explain SELECT id, c FROM sbtest2 WHERE id BETWEEN 7163080 AND 7163180
	Index Scan using sbtest2_pkey on sbtest2  (cost=0.43..402.11 rows=101 width=125)
	  Index Cond: ((id >= 7163080) AND (id <= 7163180))

table 3 : explain SELECT id, c FROM sbtest3 WHERE id BETWEEN 7163080 AND 7163180
	Index Scan using sbtest3_pkey on sbtest3  (cost=0.43..381.72 rows=96 width=125)
	  Index Cond: ((id >= 7163080) AND (id <= 7163180))

table 4 : explain SELECT id, c FROM sbtest4 WHERE id BETWEEN 7163080 AND 7163180
	Index Scan using sbtest4_pkey on sbtest4  (cost=0.43..415.10 rows=104 width=125)
	  Index Cond: ((id >= 7163080) AND (id <= 7163180))

table 5 : explain SELECT id, c FROM sbtest5 WHERE id BETWEEN 7163080 AND 7163180
	Index Scan using sbtest5_pkey on sbtest5  (cost=0.43..409.63 rows=103 width=125)
	  Index Cond: ((id >= 7163080) AND (id <= 7163180))

table 6 : explain SELECT id, c FROM sbtest6 WHERE id BETWEEN 7163080 AND 7163180
	Index Scan using sbtest6_pkey on sbtest6  (cost=0.43..440.58 rows=111 width=125)
	  Index Cond: ((id >= 7163080) AND (id <= 7163180))

table 7 : explain SELECT id, c FROM sbtest7 WHERE id BETWEEN 7163080 AND 7163180
	Index Scan using sbtest7_pkey on sbtest7  (cost=0.43..389.39 rows=98 width=125)
	  Index Cond: ((id >= 7163080) AND (id <= 7163180))

table 8 : explain SELECT id, c FROM sbtest8 WHERE id BETWEEN 7163080 AND 7163180
	Index Scan using sbtest8_pkey on sbtest8  (cost=0.43..475.70 rows=120 width=125)
	  Index Cond: ((id >= 7163080) AND (id <= 7163180))

explain: for range-notcovered :: explain SELECT id, c FROM sbtest%d WHERE id BETWEEN 7163080 AND 7163180
for range-notcovered
table 1 : explain SELECT id, c FROM sbtest1 WHERE id BETWEEN 5798280 AND 5798380
	Index Scan using sbtest1_pkey on sbtest1  (cost=0.43..346.27 rows=87 width=125)
	  Index Cond: ((id >= 5798280) AND (id <= 5798380))

table 2 : explain SELECT id, c FROM sbtest2 WHERE id BETWEEN 5798280 AND 5798380
	Index Scan using sbtest2_pkey on sbtest2  (cost=0.43..386.37 rows=97 width=125)
	  Index Cond: ((id >= 5798280) AND (id <= 5798380))

table 3 : explain SELECT id, c FROM sbtest3 WHERE id BETWEEN 5798280 AND 5798380
	Index Scan using sbtest3_pkey on sbtest3  (cost=0.43..389.58 rows=98 width=125)
	  Index Cond: ((id >= 5798280) AND (id <= 5798380))

table 4 : explain SELECT id, c FROM sbtest4 WHERE id BETWEEN 5798280 AND 5798380
	Index Scan using sbtest4_pkey on sbtest4  (cost=0.43..375.62 rows=94 width=125)
	  Index Cond: ((id >= 5798280) AND (id <= 5798380))

table 5 : explain SELECT id, c FROM sbtest5 WHERE id BETWEEN 5798280 AND 5798380
	Index Scan using sbtest5_pkey on sbtest5  (cost=0.43..409.63 rows=103 width=125)
	  Index Cond: ((id >= 5798280) AND (id <= 5798380))

table 6 : explain SELECT id, c FROM sbtest6 WHERE id BETWEEN 5798280 AND 5798380
	Index Scan using sbtest6_pkey on sbtest6  (cost=0.43..354.14 rows=89 width=125)
	  Index Cond: ((id >= 5798280) AND (id <= 5798380))

table 7 : explain SELECT id, c FROM sbtest7 WHERE id BETWEEN 5798280 AND 5798380
	Index Scan using sbtest7_pkey on sbtest7  (cost=0.43..444.35 rows=112 width=125)
	  Index Cond: ((id >= 5798280) AND (id <= 5798380))

table 8 : explain SELECT id, c FROM sbtest8 WHERE id BETWEEN 5798280 AND 5798380
	Index Scan using sbtest8_pkey on sbtest8  (cost=0.43..424.67 rows=107 width=125)
	  Index Cond: ((id >= 5798280) AND (id <= 5798380))

explain: for range-notcovered :: explain SELECT id, c FROM sbtest%d WHERE id BETWEEN 5798280 AND 5798380
for range-notcovered
table 1 : explain SELECT id, c FROM sbtest1 WHERE id BETWEEN 8184432 AND 8184532
	Index Scan using sbtest1_pkey on sbtest1  (cost=0.43..397.35 rows=100 width=125)
	  Index Cond: ((id >= 8184432) AND (id <= 8184532))

table 2 : explain SELECT id, c FROM sbtest2 WHERE id BETWEEN 8184432 AND 8184532
	Index Scan using sbtest2_pkey on sbtest2  (cost=0.43..409.98 rows=103 width=125)
	  Index Cond: ((id >= 8184432) AND (id <= 8184532))

table 3 : explain SELECT id, c FROM sbtest3 WHERE id BETWEEN 8184432 AND 8184532
	Index Scan using sbtest3_pkey on sbtest3  (cost=0.43..424.94 rows=107 width=125)
	  Index Cond: ((id >= 8184432) AND (id <= 8184532))

table 4 : explain SELECT id, c FROM sbtest4 WHERE id BETWEEN 8184432 AND 8184532
	Index Scan using sbtest4_pkey on sbtest4  (cost=0.43..411.15 rows=103 width=125)
	  Index Cond: ((id >= 8184432) AND (id <= 8184532))

table 5 : explain SELECT id, c FROM sbtest5 WHERE id BETWEEN 8184432 AND 8184532
	Index Scan using sbtest5_pkey on sbtest5  (cost=0.43..409.63 rows=103 width=125)
	  Index Cond: ((id >= 8184432) AND (id <= 8184532))

table 6 : explain SELECT id, c FROM sbtest6 WHERE id BETWEEN 8184432 AND 8184532
	Index Scan using sbtest6_pkey on sbtest6  (cost=0.43..420.94 rows=106 width=125)
	  Index Cond: ((id >= 8184432) AND (id <= 8184532))

table 7 : explain SELECT id, c FROM sbtest7 WHERE id BETWEEN 8184432 AND 8184532
	Index Scan using sbtest7_pkey on sbtest7  (cost=0.43..420.80 rows=106 width=125)
	  Index Cond: ((id >= 8184432) AND (id <= 8184532))

table 8 : explain SELECT id, c FROM sbtest8 WHERE id BETWEEN 8184432 AND 8184532
	Index Scan using sbtest8_pkey on sbtest8  (cost=0.43..373.63 rows=94 width=125)
	  Index Cond: ((id >= 8184432) AND (id <= 8184532))

explain: for range-notcovered :: explain SELECT id, c FROM sbtest%d WHERE id BETWEEN 3714675 AND 3714775
explain: for range-notcovered :: explain SELECT id, c FROM sbtest%d WHERE id BETWEEN 8184432 AND 8184532
for range-notcovered
table 1 : explain SELECT id, c FROM sbtest1 WHERE id BETWEEN 5798280 AND 5798380
	Index Scan using sbtest1_pkey on sbtest1  (cost=0.43..346.27 rows=87 width=125)
	  Index Cond: ((id >= 5798280) AND (id <= 5798380))

table 2 : explain SELECT id, c FROM sbtest2 WHERE id BETWEEN 5798280 AND 5798380
	Index Scan using sbtest2_pkey on sbtest2  (cost=0.43..386.37 rows=97 width=125)
	  Index Cond: ((id >= 5798280) AND (id <= 5798380))

table 3 : explain SELECT id, c FROM sbtest3 WHERE id BETWEEN 5798280 AND 5798380
	Index Scan using sbtest3_pkey on sbtest3  (cost=0.43..389.58 rows=98 width=125)
	  Index Cond: ((id >= 5798280) AND (id <= 5798380))

table 4 : explain SELECT id, c FROM sbtest4 WHERE id BETWEEN 5798280 AND 5798380
	Index Scan using sbtest4_pkey on sbtest4  (cost=0.43..375.62 rows=94 width=125)
	  Index Cond: ((id >= 5798280) AND (id <= 5798380))

table 5 : explain SELECT id, c FROM sbtest5 WHERE id BETWEEN 5798280 AND 5798380
	Index Scan using sbtest5_pkey on sbtest5  (cost=0.43..409.63 rows=103 width=125)
	  Index Cond: ((id >= 5798280) AND (id <= 5798380))

table 6 : explain SELECT id, c FROM sbtest6 WHERE id BETWEEN 5798280 AND 5798380
	Index Scan using sbtest6_pkey on sbtest6  (cost=0.43..354.14 rows=89 width=125)
	  Index Cond: ((id >= 5798280) AND (id <= 5798380))

table 7 : explain SELECT id, c FROM sbtest7 WHERE id BETWEEN 5798280 AND 5798380
	Index Scan using sbtest7_pkey on sbtest7  (cost=0.43..444.35 rows=112 width=125)
	  Index Cond: ((id >= 5798280) AND (id <= 5798380))

table 8 : explain SELECT id, c FROM sbtest8 WHERE id BETWEEN 5798280 AND 5798380
	Index Scan using sbtest8_pkey on sbtest8  (cost=0.43..424.67 rows=107 width=125)
	  Index Cond: ((id >= 5798280) AND (id <= 5798380))

explain: for range-notcovered :: explain SELECT id, c FROM sbtest%d WHERE id BETWEEN 5798280 AND 5798380
explain: for range-notcovered :: explain SELECT id, c FROM sbtest%d WHERE id BETWEEN 2642712 AND 2642812
for range-notcovered
table 1 : explain SELECT id, c FROM sbtest1 WHERE id BETWEEN 7163080 AND 7163180
	Index Scan using sbtest1_pkey on sbtest1  (cost=0.43..401.27 rows=101 width=125)
	  Index Cond: ((id >= 7163080) AND (id <= 7163180))

table 2 : explain SELECT id, c FROM sbtest2 WHERE id BETWEEN 7163080 AND 7163180
	Index Scan using sbtest2_pkey on sbtest2  (cost=0.43..402.11 rows=101 width=125)
	  Index Cond: ((id >= 7163080) AND (id <= 7163180))

table 3 : explain SELECT id, c FROM sbtest3 WHERE id BETWEEN 7163080 AND 7163180
	Index Scan using sbtest3_pkey on sbtest3  (cost=0.43..381.72 rows=96 width=125)
	  Index Cond: ((id >= 7163080) AND (id <= 7163180))

table 4 : explain SELECT id, c FROM sbtest4 WHERE id BETWEEN 7163080 AND 7163180
	Index Scan using sbtest4_pkey on sbtest4  (cost=0.43..415.10 rows=104 width=125)
	  Index Cond: ((id >= 7163080) AND (id <= 7163180))

table 5 : explain SELECT id, c FROM sbtest5 WHERE id BETWEEN 7163080 AND 7163180
	Index Scan using sbtest5_pkey on sbtest5  (cost=0.43..409.63 rows=103 width=125)
	  Index Cond: ((id >= 7163080) AND (id <= 7163180))

table 6 : explain SELECT id, c FROM sbtest6 WHERE id BETWEEN 7163080 AND 7163180
	Index Scan using sbtest6_pkey on sbtest6  (cost=0.43..440.58 rows=111 width=125)
	  Index Cond: ((id >= 7163080) AND (id <= 7163180))

table 7 : explain SELECT id, c FROM sbtest7 WHERE id BETWEEN 7163080 AND 7163180
	Index Scan using sbtest7_pkey on sbtest7  (cost=0.43..389.39 rows=98 width=125)
	  Index Cond: ((id >= 7163080) AND (id <= 7163180))

table 8 : explain SELECT id, c FROM sbtest8 WHERE id BETWEEN 7163080 AND 7163180
	Index Scan using sbtest8_pkey on sbtest8  (cost=0.43..475.70 rows=120 width=125)
	  Index Cond: ((id >= 7163080) AND (id <= 7163180))

explain: for range-notcovered :: explain SELECT id, c FROM sbtest%d WHERE id BETWEEN 7163080 AND 7163180
for range-notcovered
table 1 : explain SELECT id, c FROM sbtest1 WHERE id BETWEEN 8184432 AND 8184532
	Index Scan using sbtest1_pkey on sbtest1  (cost=0.43..397.35 rows=100 width=125)
	  Index Cond: ((id >= 8184432) AND (id <= 8184532))

table 2 : explain SELECT id, c FROM sbtest2 WHERE id BETWEEN 8184432 AND 8184532
	Index Scan using sbtest2_pkey on sbtest2  (cost=0.43..409.98 rows=103 width=125)
	  Index Cond: ((id >= 8184432) AND (id <= 8184532))

table 3 : explain SELECT id, c FROM sbtest3 WHERE id BETWEEN 8184432 AND 8184532
	Index Scan using sbtest3_pkey on sbtest3  (cost=0.43..424.94 rows=107 width=125)
	  Index Cond: ((id >= 8184432) AND (id <= 8184532))

table 4 : explain SELECT id, c FROM sbtest4 WHERE id BETWEEN 8184432 AND 8184532
	Index Scan using sbtest4_pkey on sbtest4  (cost=0.43..411.15 rows=103 width=125)
	  Index Cond: ((id >= 8184432) AND (id <= 8184532))

table 5 : explain SELECT id, c FROM sbtest5 WHERE id BETWEEN 8184432 AND 8184532
	Index Scan using sbtest5_pkey on sbtest5  (cost=0.43..409.63 rows=103 width=125)
	  Index Cond: ((id >= 8184432) AND (id <= 8184532))

table 6 : explain SELECT id, c FROM sbtest6 WHERE id BETWEEN 8184432 AND 8184532
	Index Scan using sbtest6_pkey on sbtest6  (cost=0.43..420.94 rows=106 width=125)
	  Index Cond: ((id >= 8184432) AND (id <= 8184532))

table 7 : explain SELECT id, c FROM sbtest7 WHERE id BETWEEN 8184432 AND 8184532
	Index Scan using sbtest7_pkey on sbtest7  (cost=0.43..420.80 rows=106 width=125)
	  Index Cond: ((id >= 8184432) AND (id <= 8184532))

table 8 : explain SELECT id, c FROM sbtest8 WHERE id BETWEEN 8184432 AND 8184532
	Index Scan using sbtest8_pkey on sbtest8  (cost=0.43..373.63 rows=94 width=125)
	  Index Cond: ((id >= 8184432) AND (id <= 8184532))

explain: for range-notcovered :: explain SELECT id, c FROM sbtest%d WHERE id BETWEEN 8184432 AND 8184532
for range-notcovered
table 1 : explain SELECT id, c FROM sbtest1 WHERE id BETWEEN 5798280 AND 5798380
	Index Scan using sbtest1_pkey on sbtest1  (cost=0.43..346.27 rows=87 width=125)
	  Index Cond: ((id >= 5798280) AND (id <= 5798380))

table 2 : explain SELECT id, c FROM sbtest2 WHERE id BETWEEN 5798280 AND 5798380
	Index Scan using sbtest2_pkey on sbtest2  (cost=0.43..386.37 rows=97 width=125)
	  Index Cond: ((id >= 5798280) AND (id <= 5798380))

table 3 : explain SELECT id, c FROM sbtest3 WHERE id BETWEEN 5798280 AND 5798380
	Index Scan using sbtest3_pkey on sbtest3  (cost=0.43..389.58 rows=98 width=125)
	  Index Cond: ((id >= 5798280) AND (id <= 5798380))

table 4 : explain SELECT id, c FROM sbtest4 WHERE id BETWEEN 5798280 AND 5798380
	Index Scan using sbtest4_pkey on sbtest4  (cost=0.43..375.62 rows=94 width=125)
	  Index Cond: ((id >= 5798280) AND (id <= 5798380))

table 5 : explain SELECT id, c FROM sbtest5 WHERE id BETWEEN 5798280 AND 5798380
	Index Scan using sbtest5_pkey on sbtest5  (cost=0.43..409.63 rows=103 width=125)
	  Index Cond: ((id >= 5798280) AND (id <= 5798380))

table 6 : explain SELECT id, c FROM sbtest6 WHERE id BETWEEN 5798280 AND 5798380
	Index Scan using sbtest6_pkey on sbtest6  (cost=0.43..354.14 rows=89 width=125)
	  Index Cond: ((id >= 5798280) AND (id <= 5798380))

table 7 : explain SELECT id, c FROM sbtest7 WHERE id BETWEEN 5798280 AND 5798380
	Index Scan using sbtest7_pkey on sbtest7  (cost=0.43..444.35 rows=112 width=125)
	  Index Cond: ((id >= 5798280) AND (id <= 5798380))

table 8 : explain SELECT id, c FROM sbtest8 WHERE id BETWEEN 5798280 AND 5798380
	Index Scan using sbtest8_pkey on sbtest8  (cost=0.43..424.67 rows=107 width=125)
	  Index Cond: ((id >= 5798280) AND (id <= 5798380))

explain: for range-notcovered :: explain SELECT id, c FROM sbtest%d WHERE id BETWEEN 5798280 AND 5798380
for range-notcovered
table 1 : explain SELECT id, c FROM sbtest1 WHERE id BETWEEN 7163080 AND 7163180
	Index Scan using sbtest1_pkey on sbtest1  (cost=0.43..401.27 rows=101 width=125)
	  Index Cond: ((id >= 7163080) AND (id <= 7163180))

table 2 : explain SELECT id, c FROM sbtest2 WHERE id BETWEEN 7163080 AND 7163180
	Index Scan using sbtest2_pkey on sbtest2  (cost=0.43..402.11 rows=101 width=125)
	  Index Cond: ((id >= 7163080) AND (id <= 7163180))

table 3 : explain SELECT id, c FROM sbtest3 WHERE id BETWEEN 7163080 AND 7163180
	Index Scan using sbtest3_pkey on sbtest3  (cost=0.43..381.72 rows=96 width=125)
	  Index Cond: ((id >= 7163080) AND (id <= 7163180))

table 4 : explain SELECT id, c FROM sbtest4 WHERE id BETWEEN 7163080 AND 7163180
	Index Scan using sbtest4_pkey on sbtest4  (cost=0.43..415.10 rows=104 width=125)
	  Index Cond: ((id >= 7163080) AND (id <= 7163180))

table 5 : explain SELECT id, c FROM sbtest5 WHERE id BETWEEN 7163080 AND 7163180
	Index Scan using sbtest5_pkey on sbtest5  (cost=0.43..409.63 rows=103 width=125)
	  Index Cond: ((id >= 7163080) AND (id <= 7163180))

table 6 : explain SELECT id, c FROM sbtest6 WHERE id BETWEEN 7163080 AND 7163180
	Index Scan using sbtest6_pkey on sbtest6  (cost=0.43..440.58 rows=111 width=125)
	  Index Cond: ((id >= 7163080) AND (id <= 7163180))

table 7 : explain SELECT id, c FROM sbtest7 WHERE id BETWEEN 7163080 AND 7163180
	Index Scan using sbtest7_pkey on sbtest7  (cost=0.43..389.39 rows=98 width=125)
	  Index Cond: ((id >= 7163080) AND (id <= 7163180))

table 8 : explain SELECT id, c FROM sbtest8 WHERE id BETWEEN 7163080 AND 7163180
	Index Scan using sbtest8_pkey on sbtest8  (cost=0.43..475.70 rows=120 width=125)
	  Index Cond: ((id >= 7163080) AND (id <= 7163180))

for range-notcovered
table 1 : explain SELECT id, c FROM sbtest1 WHERE id BETWEEN 8184432 AND 8184532
	Index Scan using sbtest1_pkey on sbtest1  (cost=0.43..397.35 rows=100 width=125)
	  Index Cond: ((id >= 8184432) AND (id <= 8184532))

table 2 : explain SELECT id, c FROM sbtest2 WHERE id BETWEEN 8184432 AND 8184532
	Index Scan using sbtest2_pkey on sbtest2  (cost=0.43..409.98 rows=103 width=125)
	  Index Cond: ((id >= 8184432) AND (id <= 8184532))

table 3 : explain SELECT id, c FROM sbtest3 WHERE id BETWEEN 8184432 AND 8184532
	Index Scan using sbtest3_pkey on sbtest3  (cost=0.43..424.94 rows=107 width=125)
	  Index Cond: ((id >= 8184432) AND (id <= 8184532))

table 4 : explain SELECT id, c FROM sbtest4 WHERE id BETWEEN 8184432 AND 8184532
	Index Scan using sbtest4_pkey on sbtest4  (cost=0.43..411.15 rows=103 width=125)
	  Index Cond: ((id >= 8184432) AND (id <= 8184532))

table 5 : explain SELECT id, c FROM sbtest5 WHERE id BETWEEN 8184432 AND 8184532
	Index Scan using sbtest5_pkey on sbtest5  (cost=0.43..409.63 rows=103 width=125)
	  Index Cond: ((id >= 8184432) AND (id <= 8184532))

table 6 : explain SELECT id, c FROM sbtest6 WHERE id BETWEEN 8184432 AND 8184532
	Index Scan using sbtest6_pkey on sbtest6  (cost=0.43..420.94 rows=106 width=125)
	  Index Cond: ((id >= 8184432) AND (id <= 8184532))

table 7 : explain SELECT id, c FROM sbtest7 WHERE id BETWEEN 8184432 AND 8184532
	Index Scan using sbtest7_pkey on sbtest7  (cost=0.43..420.80 rows=106 width=125)
	  Index Cond: ((id >= 8184432) AND (id <= 8184532))

table 8 : explain SELECT id, c FROM sbtest8 WHERE id BETWEEN 8184432 AND 8184532
	Index Scan using sbtest8_pkey on sbtest8  (cost=0.43..373.63 rows=94 width=125)
	  Index Cond: ((id >= 8184432) AND (id <= 8184532))

explain: for range-notcovered :: explain SELECT id, c FROM sbtest%d WHERE id BETWEEN 7163080 AND 7163180
explain: for range-notcovered :: explain SELECT id, c FROM sbtest%d WHERE id BETWEEN 8184432 AND 8184532
for range-notcovered
table 1 : explain SELECT id, c FROM sbtest1 WHERE id BETWEEN 5798280 AND 5798380
	Index Scan using sbtest1_pkey on sbtest1  (cost=0.43..346.27 rows=87 width=125)
	  Index Cond: ((id >= 5798280) AND (id <= 5798380))

table 2 : explain SELECT id, c FROM sbtest2 WHERE id BETWEEN 5798280 AND 5798380
	Index Scan using sbtest2_pkey on sbtest2  (cost=0.43..386.37 rows=97 width=125)
	  Index Cond: ((id >= 5798280) AND (id <= 5798380))

table 3 : explain SELECT id, c FROM sbtest3 WHERE id BETWEEN 5798280 AND 5798380
	Index Scan using sbtest3_pkey on sbtest3  (cost=0.43..389.58 rows=98 width=125)
	  Index Cond: ((id >= 5798280) AND (id <= 5798380))

table 4 : explain SELECT id, c FROM sbtest4 WHERE id BETWEEN 5798280 AND 5798380
	Index Scan using sbtest4_pkey on sbtest4  (cost=0.43..375.62 rows=94 width=125)
	  Index Cond: ((id >= 5798280) AND (id <= 5798380))

table 5 : explain SELECT id, c FROM sbtest5 WHERE id BETWEEN 5798280 AND 5798380
	Index Scan using sbtest5_pkey on sbtest5  (cost=0.43..409.63 rows=103 width=125)
	  Index Cond: ((id >= 5798280) AND (id <= 5798380))

table 6 : explain SELECT id, c FROM sbtest6 WHERE id BETWEEN 5798280 AND 5798380
	Index Scan using sbtest6_pkey on sbtest6  (cost=0.43..354.14 rows=89 width=125)
	  Index Cond: ((id >= 5798280) AND (id <= 5798380))

table 7 : explain SELECT id, c FROM sbtest7 WHERE id BETWEEN 5798280 AND 5798380
	Index Scan using sbtest7_pkey on sbtest7  (cost=0.43..444.35 rows=112 width=125)
	  Index Cond: ((id >= 5798280) AND (id <= 5798380))

table 8 : explain SELECT id, c FROM sbtest8 WHERE id BETWEEN 5798280 AND 5798380
	Index Scan using sbtest8_pkey on sbtest8  (cost=0.43..424.67 rows=107 width=125)
	  Index Cond: ((id >= 5798280) AND (id <= 5798380))

for range-notcovered
table 1 : explain SELECT id, c FROM sbtest1 WHERE id BETWEEN 4271628 AND 4271728
	Index Scan using sbtest1_pkey on sbtest1  (cost=0.43..401.27 rows=101 width=125)
	  Index Cond: ((id >= 4271628) AND (id <= 4271728))

table 2 : explain SELECT id, c FROM sbtest2 WHERE id BETWEEN 4271628 AND 4271728
	Index Scan using sbtest2_pkey on sbtest2  (cost=0.43..398.18 rows=100 width=125)
	  Index Cond: ((id >= 4271628) AND (id <= 4271728))

table 3 : explain SELECT id, c FROM sbtest3 WHERE id BETWEEN 4271628 AND 4271728
	Index Scan using sbtest3_pkey on sbtest3  (cost=0.43..385.65 rows=97 width=125)
	  Index Cond: ((id >= 4271628) AND (id <= 4271728))

table 4 : explain SELECT id, c FROM sbtest4 WHERE id BETWEEN 4271628 AND 4271728
	Index Scan using sbtest4_pkey on sbtest4  (cost=0.43..438.78 rows=110 width=125)
	  Index Cond: ((id >= 4271628) AND (id <= 4271728))

table 5 : explain SELECT id, c FROM sbtest5 WHERE id BETWEEN 4271628 AND 4271728
	Index Scan using sbtest5_pkey on sbtest5  (cost=0.43..397.83 rows=100 width=125)
	  Index Cond: ((id >= 4271628) AND (id <= 4271728))

table 6 : explain SELECT id, c FROM sbtest6 WHERE id BETWEEN 4271628 AND 4271728
	Index Scan using sbtest6_pkey on sbtest6  (cost=0.43..401.30 rows=101 width=125)
	  Index Cond: ((id >= 4271628) AND (id <= 4271728))

table 7 : explain SELECT id, c FROM sbtest7 WHERE id BETWEEN 4271628 AND 4271728
	Index Scan using sbtest7_pkey on sbtest7  (cost=0.43..389.39 rows=98 width=125)
	  Index Cond: ((id >= 4271628) AND (id <= 4271728))

table 8 : explain SELECT id, c FROM sbtest8 WHERE id BETWEEN 4271628 AND 4271728
	Index Scan using sbtest8_pkey on sbtest8  (cost=0.43..416.82 rows=105 width=125)
	  Index Cond: ((id >= 4271628) AND (id <= 4271728))

explain: for range-notcovered :: explain SELECT id, c FROM sbtest%d WHERE id BETWEEN 4271628 AND 4271728
for range-notcovered
table 1 : explain SELECT id, c FROM sbtest1 WHERE id BETWEEN 8184432 AND 8184532
	Index Scan using sbtest1_pkey on sbtest1  (cost=0.43..397.35 rows=100 width=125)
	  Index Cond: ((id >= 8184432) AND (id <= 8184532))

table 2 : explain SELECT id, c FROM sbtest2 WHERE id BETWEEN 8184432 AND 8184532
	Index Scan using sbtest2_pkey on sbtest2  (cost=0.43..409.98 rows=103 width=125)
	  Index Cond: ((id >= 8184432) AND (id <= 8184532))

table 3 : explain SELECT id, c FROM sbtest3 WHERE id BETWEEN 8184432 AND 8184532
	Index Scan using sbtest3_pkey on sbtest3  (cost=0.43..424.94 rows=107 width=125)
	  Index Cond: ((id >= 8184432) AND (id <= 8184532))

table 4 : explain SELECT id, c FROM sbtest4 WHERE id BETWEEN 8184432 AND 8184532
	Index Scan using sbtest4_pkey on sbtest4  (cost=0.43..411.15 rows=103 width=125)
	  Index Cond: ((id >= 8184432) AND (id <= 8184532))

table 5 : explain SELECT id, c FROM sbtest5 WHERE id BETWEEN 8184432 AND 8184532
	Index Scan using sbtest5_pkey on sbtest5  (cost=0.43..409.63 rows=103 width=125)
	  Index Cond: ((id >= 8184432) AND (id <= 8184532))

table 6 : explain SELECT id, c FROM sbtest6 WHERE id BETWEEN 8184432 AND 8184532
	Index Scan using sbtest6_pkey on sbtest6  (cost=0.43..420.94 rows=106 width=125)
	  Index Cond: ((id >= 8184432) AND (id <= 8184532))

table 7 : explain SELECT id, c FROM sbtest7 WHERE id BETWEEN 8184432 AND 8184532
	Index Scan using sbtest7_pkey on sbtest7  (cost=0.43..420.80 rows=106 width=125)
	  Index Cond: ((id >= 8184432) AND (id <= 8184532))

table 8 : explain SELECT id, c FROM sbtest8 WHERE id BETWEEN 8184432 AND 8184532
	Index Scan using sbtest8_pkey on sbtest8  (cost=0.43..373.63 rows=94 width=125)
	  Index Cond: ((id >= 8184432) AND (id <= 8184532))

explain: for range-notcovered :: explain SELECT id, c FROM sbtest%d WHERE id BETWEEN 7698809 AND 7698909
explain: for range-notcovered :: explain SELECT id, c FROM sbtest%d WHERE id BETWEEN 8184432 AND 8184532
explain: for range-notcovered :: explain SELECT id, c FROM sbtest%d WHERE id BETWEEN 6617825 AND 6617925
for range-notcovered
table 1 : explain SELECT id, c FROM sbtest1 WHERE id BETWEEN 4271628 AND 4271728
	Index Scan using sbtest1_pkey on sbtest1  (cost=0.43..401.27 rows=101 width=125)
	  Index Cond: ((id >= 4271628) AND (id <= 4271728))

table 2 : explain SELECT id, c FROM sbtest2 WHERE id BETWEEN 4271628 AND 4271728
	Index Scan using sbtest2_pkey on sbtest2  (cost=0.43..398.18 rows=100 width=125)
	  Index Cond: ((id >= 4271628) AND (id <= 4271728))

table 3 : explain SELECT id, c FROM sbtest3 WHERE id BETWEEN 4271628 AND 4271728
	Index Scan using sbtest3_pkey on sbtest3  (cost=0.43..385.65 rows=97 width=125)
	  Index Cond: ((id >= 4271628) AND (id <= 4271728))

table 4 : explain SELECT id, c FROM sbtest4 WHERE id BETWEEN 4271628 AND 4271728
	Index Scan using sbtest4_pkey on sbtest4  (cost=0.43..438.78 rows=110 width=125)
	  Index Cond: ((id >= 4271628) AND (id <= 4271728))

table 5 : explain SELECT id, c FROM sbtest5 WHERE id BETWEEN 4271628 AND 4271728
	Index Scan using sbtest5_pkey on sbtest5  (cost=0.43..397.83 rows=100 width=125)
	  Index Cond: ((id >= 4271628) AND (id <= 4271728))

table 6 : explain SELECT id, c FROM sbtest6 WHERE id BETWEEN 4271628 AND 4271728
	Index Scan using sbtest6_pkey on sbtest6  (cost=0.43..401.30 rows=101 width=125)
	  Index Cond: ((id >= 4271628) AND (id <= 4271728))

table 7 : explain SELECT id, c FROM sbtest7 WHERE id BETWEEN 4271628 AND 4271728
	Index Scan using sbtest7_pkey on sbtest7  (cost=0.43..389.39 rows=98 width=125)
	  Index Cond: ((id >= 4271628) AND (id <= 4271728))

table 8 : explain SELECT id, c FROM sbtest8 WHERE id BETWEEN 4271628 AND 4271728
	Index Scan using sbtest8_pkey on sbtest8  (cost=0.43..416.82 rows=105 width=125)
	  Index Cond: ((id >= 4271628) AND (id <= 4271728))

explain: for range-notcovered :: explain SELECT id, c FROM sbtest%d WHERE id BETWEEN 4271628 AND 4271728
for range-notcovered
table 1 : explain SELECT id, c FROM sbtest1 WHERE id BETWEEN 8184432 AND 8184532
	Index Scan using sbtest1_pkey on sbtest1  (cost=0.43..397.35 rows=100 width=125)
	  Index Cond: ((id >= 8184432) AND (id <= 8184532))

table 2 : explain SELECT id, c FROM sbtest2 WHERE id BETWEEN 8184432 AND 8184532
	Index Scan using sbtest2_pkey on sbtest2  (cost=0.43..409.98 rows=103 width=125)
	  Index Cond: ((id >= 8184432) AND (id <= 8184532))

table 3 : explain SELECT id, c FROM sbtest3 WHERE id BETWEEN 8184432 AND 8184532
	Index Scan using sbtest3_pkey on sbtest3  (cost=0.43..424.94 rows=107 width=125)
	  Index Cond: ((id >= 8184432) AND (id <= 8184532))

table 4 : explain SELECT id, c FROM sbtest4 WHERE id BETWEEN 8184432 AND 8184532
	Index Scan using sbtest4_pkey on sbtest4  (cost=0.43..411.15 rows=103 width=125)
	  Index Cond: ((id >= 8184432) AND (id <= 8184532))

table 5 : explain SELECT id, c FROM sbtest5 WHERE id BETWEEN 8184432 AND 8184532
	Index Scan using sbtest5_pkey on sbtest5  (cost=0.43..409.63 rows=103 width=125)
	  Index Cond: ((id >= 8184432) AND (id <= 8184532))

table 6 : explain SELECT id, c FROM sbtest6 WHERE id BETWEEN 8184432 AND 8184532
	Index Scan using sbtest6_pkey on sbtest6  (cost=0.43..420.94 rows=106 width=125)
	  Index Cond: ((id >= 8184432) AND (id <= 8184532))

table 7 : explain SELECT id, c FROM sbtest7 WHERE id BETWEEN 8184432 AND 8184532
	Index Scan using sbtest7_pkey on sbtest7  (cost=0.43..420.80 rows=106 width=125)
	  Index Cond: ((id >= 8184432) AND (id <= 8184532))

table 8 : explain SELECT id, c FROM sbtest8 WHERE id BETWEEN 8184432 AND 8184532
	Index Scan using sbtest8_pkey on sbtest8  (cost=0.43..373.63 rows=94 width=125)
	  Index Cond: ((id >= 8184432) AND (id <= 8184532))

explain: for range-notcovered :: explain SELECT id, c FROM sbtest%d WHERE id BETWEEN 8184432 AND 8184532
for range-notcovered
table 1 : explain SELECT id, c FROM sbtest1 WHERE id BETWEEN 5075735 AND 5075835
	Index Scan using sbtest1_pkey on sbtest1  (cost=0.43..436.62 rows=110 width=125)
	  Index Cond: ((id >= 5075735) AND (id <= 5075835))

table 2 : explain SELECT id, c FROM sbtest2 WHERE id BETWEEN 5075735 AND 5075835
	Index Scan using sbtest2_pkey on sbtest2  (cost=0.43..382.43 rows=96 width=125)
	  Index Cond: ((id >= 5075735) AND (id <= 5075835))

table 3 : explain SELECT id, c FROM sbtest3 WHERE id BETWEEN 5075735 AND 5075835
	Index Scan using sbtest3_pkey on sbtest3  (cost=0.43..440.65 rows=111 width=125)
	  Index Cond: ((id >= 5075735) AND (id <= 5075835))

table 4 : explain SELECT id, c FROM sbtest4 WHERE id BETWEEN 5075735 AND 5075835
	Index Scan using sbtest4_pkey on sbtest4  (cost=0.43..391.41 rows=98 width=125)
	  Index Cond: ((id >= 5075735) AND (id <= 5075835))

table 5 : explain SELECT id, c FROM sbtest5 WHERE id BETWEEN 5075735 AND 5075835
	Index Scan using sbtest5_pkey on sbtest5  (cost=0.43..397.83 rows=100 width=125)
	  Index Cond: ((id >= 5075735) AND (id <= 5075835))

table 6 : explain SELECT id, c FROM sbtest6 WHERE id BETWEEN 5075735 AND 5075835
	Index Scan using sbtest6_pkey on sbtest6  (cost=0.43..436.65 rows=110 width=125)
	  Index Cond: ((id >= 5075735) AND (id <= 5075835))

table 7 : explain SELECT id, c FROM sbtest7 WHERE id BETWEEN 5075735 AND 5075835
	Index Scan using sbtest7_pkey on sbtest7  (cost=0.43..405.09 rows=102 width=125)
	  Index Cond: ((id >= 5075735) AND (id <= 5075835))

table 8 : explain SELECT id, c FROM sbtest8 WHERE id BETWEEN 5075735 AND 5075835
	Index Scan using sbtest8_pkey on sbtest8  (cost=0.43..369.71 rows=93 width=125)
	  Index Cond: ((id >= 5075735) AND (id <= 5075835))

explain: for range-notcovered :: explain SELECT id, c FROM sbtest%d WHERE id BETWEEN 5075735 AND 5075835
for range-notcovered
table 1 : explain SELECT id, c FROM sbtest1 WHERE id BETWEEN 7163080 AND 7163180
	Index Scan using sbtest1_pkey on sbtest1  (cost=0.43..401.27 rows=101 width=125)
	  Index Cond: ((id >= 7163080) AND (id <= 7163180))

table 2 : explain SELECT id, c FROM sbtest2 WHERE id BETWEEN 7163080 AND 7163180
	Index Scan using sbtest2_pkey on sbtest2  (cost=0.43..402.11 rows=101 width=125)
	  Index Cond: ((id >= 7163080) AND (id <= 7163180))

table 3 : explain SELECT id, c FROM sbtest3 WHERE id BETWEEN 7163080 AND 7163180
	Index Scan using sbtest3_pkey on sbtest3  (cost=0.43..381.72 rows=96 width=125)
	  Index Cond: ((id >= 7163080) AND (id <= 7163180))

table 4 : explain SELECT id, c FROM sbtest4 WHERE id BETWEEN 7163080 AND 7163180
	Index Scan using sbtest4_pkey on sbtest4  (cost=0.43..415.10 rows=104 width=125)
	  Index Cond: ((id >= 7163080) AND (id <= 7163180))

table 5 : explain SELECT id, c FROM sbtest5 WHERE id BETWEEN 7163080 AND 7163180
	Index Scan using sbtest5_pkey on sbtest5  (cost=0.43..409.63 rows=103 width=125)
	  Index Cond: ((id >= 7163080) AND (id <= 7163180))

table 6 : explain SELECT id, c FROM sbtest6 WHERE id BETWEEN 7163080 AND 7163180
	Index Scan using sbtest6_pkey on sbtest6  (cost=0.43..440.58 rows=111 width=125)
	  Index Cond: ((id >= 7163080) AND (id <= 7163180))

table 7 : explain SELECT id, c FROM sbtest7 WHERE id BETWEEN 7163080 AND 7163180
	Index Scan using sbtest7_pkey on sbtest7  (cost=0.43..389.39 rows=98 width=125)
	  Index Cond: ((id >= 7163080) AND (id <= 7163180))

table 8 : explain SELECT id, c FROM sbtest8 WHERE id BETWEEN 7163080 AND 7163180
	Index Scan using sbtest8_pkey on sbtest8  (cost=0.43..475.70 rows=120 width=125)
	  Index Cond: ((id >= 7163080) AND (id <= 7163180))

explain: for range-notcovered :: explain SELECT id, c FROM sbtest%d WHERE id BETWEEN 7163080 AND 7163180
for range-notcovered
table 1 : explain SELECT id, c FROM sbtest1 WHERE id BETWEEN 8184432 AND 8184532
	Index Scan using sbtest1_pkey on sbtest1  (cost=0.43..397.35 rows=100 width=125)
	  Index Cond: ((id >= 8184432) AND (id <= 8184532))

table 2 : explain SELECT id, c FROM sbtest2 WHERE id BETWEEN 8184432 AND 8184532
	Index Scan using sbtest2_pkey on sbtest2  (cost=0.43..409.98 rows=103 width=125)
	  Index Cond: ((id >= 8184432) AND (id <= 8184532))

table 3 : explain SELECT id, c FROM sbtest3 WHERE id BETWEEN 8184432 AND 8184532
	Index Scan using sbtest3_pkey on sbtest3  (cost=0.43..424.94 rows=107 width=125)
	  Index Cond: ((id >= 8184432) AND (id <= 8184532))

table 4 : explain SELECT id, c FROM sbtest4 WHERE id BETWEEN 8184432 AND 8184532
	Index Scan using sbtest4_pkey on sbtest4  (cost=0.43..411.15 rows=103 width=125)
	  Index Cond: ((id >= 8184432) AND (id <= 8184532))

table 5 : explain SELECT id, c FROM sbtest5 WHERE id BETWEEN 8184432 AND 8184532
	Index Scan using sbtest5_pkey on sbtest5  (cost=0.43..409.63 rows=103 width=125)
	  Index Cond: ((id >= 8184432) AND (id <= 8184532))

table 6 : explain SELECT id, c FROM sbtest6 WHERE id BETWEEN 8184432 AND 8184532
	Index Scan using sbtest6_pkey on sbtest6  (cost=0.43..420.94 rows=106 width=125)
	  Index Cond: ((id >= 8184432) AND (id <= 8184532))

table 7 : explain SELECT id, c FROM sbtest7 WHERE id BETWEEN 8184432 AND 8184532
	Index Scan using sbtest7_pkey on sbtest7  (cost=0.43..420.80 rows=106 width=125)
	  Index Cond: ((id >= 8184432) AND (id <= 8184532))

table 8 : explain SELECT id, c FROM sbtest8 WHERE id BETWEEN 8184432 AND 8184532
	Index Scan using sbtest8_pkey on sbtest8  (cost=0.43..373.63 rows=94 width=125)
	  Index Cond: ((id >= 8184432) AND (id <= 8184532))

explain: for range-notcovered :: explain SELECT id, c FROM sbtest%d WHERE id BETWEEN 8184432 AND 8184532
for range-notcovered
table 1 : explain SELECT id, c FROM sbtest1 WHERE id BETWEEN 7163080 AND 7163180
	Index Scan using sbtest1_pkey on sbtest1  (cost=0.43..401.27 rows=101 width=125)
	  Index Cond: ((id >= 7163080) AND (id <= 7163180))

table 2 : explain SELECT id, c FROM sbtest2 WHERE id BETWEEN 7163080 AND 7163180
	Index Scan using sbtest2_pkey on sbtest2  (cost=0.43..402.11 rows=101 width=125)
	  Index Cond: ((id >= 7163080) AND (id <= 7163180))

table 3 : explain SELECT id, c FROM sbtest3 WHERE id BETWEEN 7163080 AND 7163180
	Index Scan using sbtest3_pkey on sbtest3  (cost=0.43..381.72 rows=96 width=125)
	  Index Cond: ((id >= 7163080) AND (id <= 7163180))

table 4 : explain SELECT id, c FROM sbtest4 WHERE id BETWEEN 7163080 AND 7163180
	Index Scan using sbtest4_pkey on sbtest4  (cost=0.43..415.10 rows=104 width=125)
	  Index Cond: ((id >= 7163080) AND (id <= 7163180))

table 5 : explain SELECT id, c FROM sbtest5 WHERE id BETWEEN 7163080 AND 7163180
	Index Scan using sbtest5_pkey on sbtest5  (cost=0.43..409.63 rows=103 width=125)
	  Index Cond: ((id >= 7163080) AND (id <= 7163180))

table 6 : explain SELECT id, c FROM sbtest6 WHERE id BETWEEN 7163080 AND 7163180
	Index Scan using sbtest6_pkey on sbtest6  (cost=0.43..440.58 rows=111 width=125)
	  Index Cond: ((id >= 7163080) AND (id <= 7163180))

table 7 : explain SELECT id, c FROM sbtest7 WHERE id BETWEEN 7163080 AND 7163180
	Index Scan using sbtest7_pkey on sbtest7  (cost=0.43..389.39 rows=98 width=125)
	  Index Cond: ((id >= 7163080) AND (id <= 7163180))

table 8 : explain SELECT id, c FROM sbtest8 WHERE id BETWEEN 7163080 AND 7163180
	Index Scan using sbtest8_pkey on sbtest8  (cost=0.43..475.70 rows=120 width=125)
	  Index Cond: ((id >= 7163080) AND (id <= 7163180))

for range-notcovered
table 1 : explain SELECT id, c FROM sbtest1 WHERE id BETWEEN 5075735 AND 5075835
	Index Scan using sbtest1_pkey on sbtest1  (cost=0.43..436.62 rows=110 width=125)
	  Index Cond: ((id >= 5075735) AND (id <= 5075835))

table 2 : explain SELECT id, c FROM sbtest2 WHERE id BETWEEN 5075735 AND 5075835
	Index Scan using sbtest2_pkey on sbtest2  (cost=0.43..382.43 rows=96 width=125)
	  Index Cond: ((id >= 5075735) AND (id <= 5075835))

table 3 : explain SELECT id, c FROM sbtest3 WHERE id BETWEEN 5075735 AND 5075835
	Index Scan using sbtest3_pkey on sbtest3  (cost=0.43..440.65 rows=111 width=125)
	  Index Cond: ((id >= 5075735) AND (id <= 5075835))

table 4 : explain SELECT id, c FROM sbtest4 WHERE id BETWEEN 5075735 AND 5075835
	Index Scan using sbtest4_pkey on sbtest4  (cost=0.43..391.41 rows=98 width=125)
	  Index Cond: ((id >= 5075735) AND (id <= 5075835))

table 5 : explain SELECT id, c FROM sbtest5 WHERE id BETWEEN 5075735 AND 5075835
	Index Scan using sbtest5_pkey on sbtest5  (cost=0.43..397.83 rows=100 width=125)
	  Index Cond: ((id >= 5075735) AND (id <= 5075835))

table 6 : explain SELECT id, c FROM sbtest6 WHERE id BETWEEN 5075735 AND 5075835
	Index Scan using sbtest6_pkey on sbtest6  (cost=0.43..436.65 rows=110 width=125)
	  Index Cond: ((id >= 5075735) AND (id <= 5075835))

table 7 : explain SELECT id, c FROM sbtest7 WHERE id BETWEEN 5075735 AND 5075835
	Index Scan using sbtest7_pkey on sbtest7  (cost=0.43..405.09 rows=102 width=125)
	  Index Cond: ((id >= 5075735) AND (id <= 5075835))

table 8 : explain SELECT id, c FROM sbtest8 WHERE id BETWEEN 5075735 AND 5075835
	Index Scan using sbtest8_pkey on sbtest8  (cost=0.43..369.71 rows=93 width=125)
	  Index Cond: ((id >= 5075735) AND (id <= 5075835))

explain: for range-notcovered :: explain SELECT id, c FROM sbtest%d WHERE id BETWEEN 5075735 AND 5075835
for range-notcovered
table 1 : explain SELECT id, c FROM sbtest1 WHERE id BETWEEN 4271628 AND 4271728
	Index Scan using sbtest1_pkey on sbtest1  (cost=0.43..401.27 rows=101 width=125)
	  Index Cond: ((id >= 4271628) AND (id <= 4271728))

table 2 : explain SELECT id, c FROM sbtest2 WHERE id BETWEEN 4271628 AND 4271728
	Index Scan using sbtest2_pkey on sbtest2  (cost=0.43..398.18 rows=100 width=125)
	  Index Cond: ((id >= 4271628) AND (id <= 4271728))

table 3 : explain SELECT id, c FROM sbtest3 WHERE id BETWEEN 4271628 AND 4271728
	Index Scan using sbtest3_pkey on sbtest3  (cost=0.43..385.65 rows=97 width=125)
	  Index Cond: ((id >= 4271628) AND (id <= 4271728))

table 4 : explain SELECT id, c FROM sbtest4 WHERE id BETWEEN 4271628 AND 4271728
	Index Scan using sbtest4_pkey on sbtest4  (cost=0.43..438.78 rows=110 width=125)
	  Index Cond: ((id >= 4271628) AND (id <= 4271728))

table 5 : explain SELECT id, c FROM sbtest5 WHERE id BETWEEN 4271628 AND 4271728
	Index Scan using sbtest5_pkey on sbtest5  (cost=0.43..397.83 rows=100 width=125)
	  Index Cond: ((id >= 4271628) AND (id <= 4271728))

table 6 : explain SELECT id, c FROM sbtest6 WHERE id BETWEEN 4271628 AND 4271728
	Index Scan using sbtest6_pkey on sbtest6  (cost=0.43..401.30 rows=101 width=125)
	  Index Cond: ((id >= 4271628) AND (id <= 4271728))

table 7 : explain SELECT id, c FROM sbtest7 WHERE id BETWEEN 4271628 AND 4271728
	Index Scan using sbtest7_pkey on sbtest7  (cost=0.43..389.39 rows=98 width=125)
	  Index Cond: ((id >= 4271628) AND (id <= 4271728))

table 8 : explain SELECT id, c FROM sbtest8 WHERE id BETWEEN 4271628 AND 4271728
	Index Scan using sbtest8_pkey on sbtest8  (cost=0.43..416.82 rows=105 width=125)
	  Index Cond: ((id >= 4271628) AND (id <= 4271728))

for range-notcovered
table 1 : explain SELECT id, c FROM sbtest1 WHERE id BETWEEN 8184432 AND 8184532
	Index Scan using sbtest1_pkey on sbtest1  (cost=0.43..397.35 rows=100 width=125)
	  Index Cond: ((id >= 8184432) AND (id <= 8184532))

table 2 : explain SELECT id, c FROM sbtest2 WHERE id BETWEEN 8184432 AND 8184532
	Index Scan using sbtest2_pkey on sbtest2  (cost=0.43..409.98 rows=103 width=125)
	  Index Cond: ((id >= 8184432) AND (id <= 8184532))

table 3 : explain SELECT id, c FROM sbtest3 WHERE id BETWEEN 8184432 AND 8184532
	Index Scan using sbtest3_pkey on sbtest3  (cost=0.43..424.94 rows=107 width=125)
	  Index Cond: ((id >= 8184432) AND (id <= 8184532))

table 4 : explain SELECT id, c FROM sbtest4 WHERE id BETWEEN 8184432 AND 8184532
	Index Scan using sbtest4_pkey on sbtest4  (cost=0.43..411.15 rows=103 width=125)
	  Index Cond: ((id >= 8184432) AND (id <= 8184532))

table 5 : explain SELECT id, c FROM sbtest5 WHERE id BETWEEN 8184432 AND 8184532
	Index Scan using sbtest5_pkey on sbtest5  (cost=0.43..409.63 rows=103 width=125)
	  Index Cond: ((id >= 8184432) AND (id <= 8184532))

table 6 : explain SELECT id, c FROM sbtest6 WHERE id BETWEEN 8184432 AND 8184532
	Index Scan using sbtest6_pkey on sbtest6  (cost=0.43..420.94 rows=106 width=125)
	  Index Cond: ((id >= 8184432) AND (id <= 8184532))

table 7 : explain SELECT id, c FROM sbtest7 WHERE id BETWEEN 8184432 AND 8184532
	Index Scan using sbtest7_pkey on sbtest7  (cost=0.43..420.80 rows=106 width=125)
	  Index Cond: ((id >= 8184432) AND (id <= 8184532))

table 8 : explain SELECT id, c FROM sbtest8 WHERE id BETWEEN 8184432 AND 8184532
	Index Scan using sbtest8_pkey on sbtest8  (cost=0.43..373.63 rows=94 width=125)
	  Index Cond: ((id >= 8184432) AND (id <= 8184532))

for range-notcovered
table 1 : explain SELECT id, c FROM sbtest1 WHERE id BETWEEN 5075735 AND 5075835
	Index Scan using sbtest1_pkey on sbtest1  (cost=0.43..436.62 rows=110 width=125)
	  Index Cond: ((id >= 5075735) AND (id <= 5075835))

table 2 : explain SELECT id, c FROM sbtest2 WHERE id BETWEEN 5075735 AND 5075835
	Index Scan using sbtest2_pkey on sbtest2  (cost=0.43..382.43 rows=96 width=125)
	  Index Cond: ((id >= 5075735) AND (id <= 5075835))

table 3 : explain SELECT id, c FROM sbtest3 WHERE id BETWEEN 5075735 AND 5075835
	Index Scan using sbtest3_pkey on sbtest3  (cost=0.43..440.65 rows=111 width=125)
	  Index Cond: ((id >= 5075735) AND (id <= 5075835))

table 4 : explain SELECT id, c FROM sbtest4 WHERE id BETWEEN 5075735 AND 5075835
	Index Scan using sbtest4_pkey on sbtest4  (cost=0.43..391.41 rows=98 width=125)
	  Index Cond: ((id >= 5075735) AND (id <= 5075835))

table 5 : explain SELECT id, c FROM sbtest5 WHERE id BETWEEN 5075735 AND 5075835
	Index Scan using sbtest5_pkey on sbtest5  (cost=0.43..397.83 rows=100 width=125)
	  Index Cond: ((id >= 5075735) AND (id <= 5075835))

table 6 : explain SELECT id, c FROM sbtest6 WHERE id BETWEEN 5075735 AND 5075835
	Index Scan using sbtest6_pkey on sbtest6  (cost=0.43..436.65 rows=110 width=125)
	  Index Cond: ((id >= 5075735) AND (id <= 5075835))

table 7 : explain SELECT id, c FROM sbtest7 WHERE id BETWEEN 5075735 AND 5075835
	Index Scan using sbtest7_pkey on sbtest7  (cost=0.43..405.09 rows=102 width=125)
	  Index Cond: ((id >= 5075735) AND (id <= 5075835))

table 8 : explain SELECT id, c FROM sbtest8 WHERE id BETWEEN 5075735 AND 5075835
	Index Scan using sbtest8_pkey on sbtest8  (cost=0.43..369.71 rows=93 width=125)
	  Index Cond: ((id >= 5075735) AND (id <= 5075835))

explain: for range-notcovered :: explain SELECT id, c FROM sbtest%d WHERE id BETWEEN 5075735 AND 5075835
explain: for range-notcovered :: explain SELECT id, c FROM sbtest%d WHERE id BETWEEN 7336763 AND 7336863
explain: for range-notcovered :: explain SELECT id, c FROM sbtest%d WHERE id BETWEEN 9146038 AND 9146138
for range-notcovered
table 1 : explain SELECT id, c FROM sbtest1 WHERE id BETWEEN 2642712 AND 2642812
	Index Scan using sbtest1_pkey on sbtest1  (cost=0.43..397.35 rows=100 width=125)
	  Index Cond: ((id >= 2642712) AND (id <= 2642812))

table 2 : explain SELECT id, c FROM sbtest2 WHERE id BETWEEN 2642712 AND 2642812
	Index Scan using sbtest2_pkey on sbtest2  (cost=0.43..409.98 rows=103 width=125)
	  Index Cond: ((id >= 2642712) AND (id <= 2642812))

table 3 : explain SELECT id, c FROM sbtest3 WHERE id BETWEEN 2642712 AND 2642812
	Index Scan using sbtest3_pkey on sbtest3  (cost=0.43..421.01 rows=106 width=125)
	  Index Cond: ((id >= 2642712) AND (id <= 2642812))

table 4 : explain SELECT id, c FROM sbtest4 WHERE id BETWEEN 2642712 AND 2642812
	Index Scan using sbtest4_pkey on sbtest4  (cost=0.43..387.47 rows=97 width=125)
	  Index Cond: ((id >= 2642712) AND (id <= 2642812))

table 5 : explain SELECT id, c FROM sbtest5 WHERE id BETWEEN 2642712 AND 2642812
	Index Scan using sbtest5_pkey on sbtest5  (cost=0.43..405.70 rows=102 width=125)
	  Index Cond: ((id >= 2642712) AND (id <= 2642812))

table 6 : explain SELECT id, c FROM sbtest6 WHERE id BETWEEN 2642712 AND 2642812
	Index Scan using sbtest6_pkey on sbtest6  (cost=0.43..373.80 rows=94 width=125)
	  Index Cond: ((id >= 2642712) AND (id <= 2642812))

table 7 : explain SELECT id, c FROM sbtest7 WHERE id BETWEEN 2642712 AND 2642812
	Index Scan using sbtest7_pkey on sbtest7  (cost=0.43..416.87 rows=105 width=125)
	  Index Cond: ((id >= 2642712) AND (id <= 2642812))

table 8 : explain SELECT id, c FROM sbtest8 WHERE id BETWEEN 2642712 AND 2642812
	Index Scan using sbtest8_pkey on sbtest8  (cost=0.43..401.11 rows=101 width=125)
	  Index Cond: ((id >= 2642712) AND (id <= 2642812))

for range-notcovered
table 1 : explain SELECT id, c FROM sbtest1 WHERE id BETWEEN 3714675 AND 3714775
	Index Scan using sbtest1_pkey on sbtest1  (cost=0.43..381.64 rows=96 width=125)
	  Index Cond: ((id >= 3714675) AND (id <= 3714775))

table 2 : explain SELECT id, c FROM sbtest2 WHERE id BETWEEN 3714675 AND 3714775
	Index Scan using sbtest2_pkey on sbtest2  (cost=0.43..433.60 rows=109 width=125)
	  Index Cond: ((id >= 3714675) AND (id <= 3714775))

table 3 : explain SELECT id, c FROM sbtest3 WHERE id BETWEEN 3714675 AND 3714775
	Index Scan using sbtest3_pkey on sbtest3  (cost=0.43..358.13 rows=90 width=125)
	  Index Cond: ((id >= 3714675) AND (id <= 3714775))

table 4 : explain SELECT id, c FROM sbtest4 WHERE id BETWEEN 3714675 AND 3714775
	Index Scan using sbtest4_pkey on sbtest4  (cost=0.43..446.68 rows=112 width=125)
	  Index Cond: ((id >= 3714675) AND (id <= 3714775))

table 5 : explain SELECT id, c FROM sbtest5 WHERE id BETWEEN 3714675 AND 3714775
	Index Scan using sbtest5_pkey on sbtest5  (cost=0.43..354.55 rows=89 width=125)
	  Index Cond: ((id >= 3714675) AND (id <= 3714775))

table 6 : explain SELECT id, c FROM sbtest6 WHERE id BETWEEN 3714675 AND 3714775
	Index Scan using sbtest6_pkey on sbtest6  (cost=0.43..393.44 rows=99 width=125)
	  Index Cond: ((id >= 3714675) AND (id <= 3714775))

table 7 : explain SELECT id, c FROM sbtest7 WHERE id BETWEEN 3714675 AND 3714775
	Index Scan using sbtest7_pkey on sbtest7  (cost=0.43..416.87 rows=105 width=125)
	  Index Cond: ((id >= 3714675) AND (id <= 3714775))

table 8 : explain SELECT id, c FROM sbtest8 WHERE id BETWEEN 3714675 AND 3714775
	Index Scan using sbtest8_pkey on sbtest8  (cost=0.43..412.89 rows=104 width=125)
	  Index Cond: ((id >= 3714675) AND (id <= 3714775))

explain: for range-notcovered :: explain SELECT id, c FROM sbtest%d WHERE id BETWEEN 2642712 AND 2642812
explain: for range-notcovered :: explain SELECT id, c FROM sbtest%d WHERE id BETWEEN 3714675 AND 3714775
explain: for range-notcovered :: explain SELECT id, c FROM sbtest%d WHERE id BETWEEN 6705801 AND 6705901
for range-notcovered
table 1 : explain SELECT id, c FROM sbtest1 WHERE id BETWEEN 7698809 AND 7698909
	Index Scan using sbtest1_pkey on sbtest1  (cost=0.43..377.71 rows=95 width=125)
	  Index Cond: ((id >= 7698809) AND (id <= 7698909))

table 2 : explain SELECT id, c FROM sbtest2 WHERE id BETWEEN 7698809 AND 7698909
	Index Scan using sbtest2_pkey on sbtest2  (cost=0.43..409.98 rows=103 width=125)
	  Index Cond: ((id >= 7698809) AND (id <= 7698909))

table 3 : explain SELECT id, c FROM sbtest3 WHERE id BETWEEN 7698809 AND 7698909
	Index Scan using sbtest3_pkey on sbtest3  (cost=0.43..365.99 rows=92 width=125)
	  Index Cond: ((id >= 7698809) AND (id <= 7698909))

table 4 : explain SELECT id, c FROM sbtest4 WHERE id BETWEEN 7698809 AND 7698909
	Index Scan using sbtest4_pkey on sbtest4  (cost=0.43..411.15 rows=103 width=125)
	  Index Cond: ((id >= 7698809) AND (id <= 7698909))

table 5 : explain SELECT id, c FROM sbtest5 WHERE id BETWEEN 7698809 AND 7698909
	Index Scan using sbtest5_pkey on sbtest5  (cost=0.43..425.36 rows=107 width=125)
	  Index Cond: ((id >= 7698809) AND (id <= 7698909))

table 6 : explain SELECT id, c FROM sbtest6 WHERE id BETWEEN 7698809 AND 7698909
	Index Scan using sbtest6_pkey on sbtest6  (cost=0.43..440.58 rows=111 width=125)
	  Index Cond: ((id >= 7698809) AND (id <= 7698909))

table 7 : explain SELECT id, c FROM sbtest7 WHERE id BETWEEN 7698809 AND 7698909
	Index Scan using sbtest7_pkey on sbtest7  (cost=0.43..412.94 rows=104 width=125)
	  Index Cond: ((id >= 7698809) AND (id <= 7698909))

table 8 : explain SELECT id, c FROM sbtest8 WHERE id BETWEEN 7698809 AND 7698909
	Index Scan using sbtest8_pkey on sbtest8  (cost=0.43..397.19 rows=100 width=125)
	  Index Cond: ((id >= 7698809) AND (id <= 7698909))

explain: for range-notcovered :: explain SELECT id, c FROM sbtest%d WHERE id BETWEEN 7698809 AND 7698909
for range-notcovered
table 1 : explain SELECT id, c FROM sbtest1 WHERE id BETWEEN 2642712 AND 2642812
	Index Scan using sbtest1_pkey on sbtest1  (cost=0.43..397.35 rows=100 width=125)
	  Index Cond: ((id >= 2642712) AND (id <= 2642812))

table 2 : explain SELECT id, c FROM sbtest2 WHERE id BETWEEN 2642712 AND 2642812
	Index Scan using sbtest2_pkey on sbtest2  (cost=0.43..409.98 rows=103 width=125)
	  Index Cond: ((id >= 2642712) AND (id <= 2642812))

table 3 : explain SELECT id, c FROM sbtest3 WHERE id BETWEEN 2642712 AND 2642812
	Index Scan using sbtest3_pkey on sbtest3  (cost=0.43..421.01 rows=106 width=125)
	  Index Cond: ((id >= 2642712) AND (id <= 2642812))

table 4 : explain SELECT id, c FROM sbtest4 WHERE id BETWEEN 2642712 AND 2642812
	Index Scan using sbtest4_pkey on sbtest4  (cost=0.43..387.47 rows=97 width=125)
	  Index Cond: ((id >= 2642712) AND (id <= 2642812))

table 5 : explain SELECT id, c FROM sbtest5 WHERE id BETWEEN 2642712 AND 2642812
	Index Scan using sbtest5_pkey on sbtest5  (cost=0.43..405.70 rows=102 width=125)
	  Index Cond: ((id >= 2642712) AND (id <= 2642812))

table 6 : explain SELECT id, c FROM sbtest6 WHERE id BETWEEN 2642712 AND 2642812
	Index Scan using sbtest6_pkey on sbtest6  (cost=0.43..373.80 rows=94 width=125)
	  Index Cond: ((id >= 2642712) AND (id <= 2642812))

table 7 : explain SELECT id, c FROM sbtest7 WHERE id BETWEEN 2642712 AND 2642812
	Index Scan using sbtest7_pkey on sbtest7  (cost=0.43..416.87 rows=105 width=125)
	  Index Cond: ((id >= 2642712) AND (id <= 2642812))

table 8 : explain SELECT id, c FROM sbtest8 WHERE id BETWEEN 2642712 AND 2642812
	Index Scan using sbtest8_pkey on sbtest8  (cost=0.43..401.11 rows=101 width=125)
	  Index Cond: ((id >= 2642712) AND (id <= 2642812))

for range-notcovered
table 1 : explain SELECT id, c FROM sbtest1 WHERE id BETWEEN 3714675 AND 3714775
	Index Scan using sbtest1_pkey on sbtest1  (cost=0.43..381.64 rows=96 width=125)
	  Index Cond: ((id >= 3714675) AND (id <= 3714775))

table 2 : explain SELECT id, c FROM sbtest2 WHERE id BETWEEN 3714675 AND 3714775
	Index Scan using sbtest2_pkey on sbtest2  (cost=0.43..433.60 rows=109 width=125)
	  Index Cond: ((id >= 3714675) AND (id <= 3714775))

table 3 : explain SELECT id, c FROM sbtest3 WHERE id BETWEEN 3714675 AND 3714775
	Index Scan using sbtest3_pkey on sbtest3  (cost=0.43..358.13 rows=90 width=125)
	  Index Cond: ((id >= 3714675) AND (id <= 3714775))

table 4 : explain SELECT id, c FROM sbtest4 WHERE id BETWEEN 3714675 AND 3714775
	Index Scan using sbtest4_pkey on sbtest4  (cost=0.43..446.68 rows=112 width=125)
	  Index Cond: ((id >= 3714675) AND (id <= 3714775))

table 5 : explain SELECT id, c FROM sbtest5 WHERE id BETWEEN 3714675 AND 3714775
	Index Scan using sbtest5_pkey on sbtest5  (cost=0.43..354.55 rows=89 width=125)
	  Index Cond: ((id >= 3714675) AND (id <= 3714775))

table 6 : explain SELECT id, c FROM sbtest6 WHERE id BETWEEN 3714675 AND 3714775
	Index Scan using sbtest6_pkey on sbtest6  (cost=0.43..393.44 rows=99 width=125)
	  Index Cond: ((id >= 3714675) AND (id <= 3714775))

table 7 : explain SELECT id, c FROM sbtest7 WHERE id BETWEEN 3714675 AND 3714775
	Index Scan using sbtest7_pkey on sbtest7  (cost=0.43..416.87 rows=105 width=125)
	  Index Cond: ((id >= 3714675) AND (id <= 3714775))

table 8 : explain SELECT id, c FROM sbtest8 WHERE id BETWEEN 3714675 AND 3714775
	Index Scan using sbtest8_pkey on sbtest8  (cost=0.43..412.89 rows=104 width=125)
	  Index Cond: ((id >= 3714675) AND (id <= 3714775))

explain: for range-notcovered :: explain SELECT id, c FROM sbtest%d WHERE id BETWEEN 2642712 AND 2642812
explain: for range-notcovered :: explain SELECT id, c FROM sbtest%d WHERE id BETWEEN 3714675 AND 3714775
for range-notcovered
table 1 : explain SELECT id, c FROM sbtest1 WHERE id BETWEEN 4324024 AND 4324124
	Index Scan using sbtest1_pkey on sbtest1  (cost=0.43..401.27 rows=101 width=125)
	  Index Cond: ((id >= 4324024) AND (id <= 4324124))

table 2 : explain SELECT id, c FROM sbtest2 WHERE id BETWEEN 4324024 AND 4324124
	Index Scan using sbtest2_pkey on sbtest2  (cost=0.43..398.18 rows=100 width=125)
	  Index Cond: ((id >= 4324024) AND (id <= 4324124))

table 3 : explain SELECT id, c FROM sbtest3 WHERE id BETWEEN 4324024 AND 4324124
	Index Scan using sbtest3_pkey on sbtest3  (cost=0.43..385.65 rows=97 width=125)
	  Index Cond: ((id >= 4324024) AND (id <= 4324124))

table 4 : explain SELECT id, c FROM sbtest4 WHERE id BETWEEN 4324024 AND 4324124
	Index Scan using sbtest4_pkey on sbtest4  (cost=0.43..422.99 rows=106 width=125)
	  Index Cond: ((id >= 4324024) AND (id <= 4324124))

table 5 : explain SELECT id, c FROM sbtest5 WHERE id BETWEEN 4324024 AND 4324124
	Index Scan using sbtest5_pkey on sbtest5  (cost=0.43..397.83 rows=100 width=125)
	  Index Cond: ((id >= 4324024) AND (id <= 4324124))

table 6 : explain SELECT id, c FROM sbtest6 WHERE id BETWEEN 4324024 AND 4324124
	Index Scan using sbtest6_pkey on sbtest6  (cost=0.43..405.23 rows=102 width=125)
	  Index Cond: ((id >= 4324024) AND (id <= 4324124))

table 7 : explain SELECT id, c FROM sbtest7 WHERE id BETWEEN 4324024 AND 4324124
	Index Scan using sbtest7_pkey on sbtest7  (cost=0.43..389.39 rows=98 width=125)
	  Index Cond: ((id >= 4324024) AND (id <= 4324124))

table 8 : explain SELECT id, c FROM sbtest8 WHERE id BETWEEN 4324024 AND 4324124
	Index Scan using sbtest8_pkey on sbtest8  (cost=0.43..416.82 rows=105 width=125)
	  Index Cond: ((id >= 4324024) AND (id <= 4324124))

explain: for range-notcovered :: explain SELECT id, c FROM sbtest%d WHERE id BETWEEN 4324024 AND 4324124
for range-notcovered
table 1 : explain SELECT id, c FROM sbtest1 WHERE id BETWEEN 7698809 AND 7698909
	Index Scan using sbtest1_pkey on sbtest1  (cost=0.43..377.71 rows=95 width=125)
	  Index Cond: ((id >= 7698809) AND (id <= 7698909))

table 2 : explain SELECT id, c FROM sbtest2 WHERE id BETWEEN 7698809 AND 7698909
	Index Scan using sbtest2_pkey on sbtest2  (cost=0.43..409.98 rows=103 width=125)
	  Index Cond: ((id >= 7698809) AND (id <= 7698909))

table 3 : explain SELECT id, c FROM sbtest3 WHERE id BETWEEN 7698809 AND 7698909
	Index Scan using sbtest3_pkey on sbtest3  (cost=0.43..365.99 rows=92 width=125)
	  Index Cond: ((id >= 7698809) AND (id <= 7698909))

table 4 : explain SELECT id, c FROM sbtest4 WHERE id BETWEEN 7698809 AND 7698909
	Index Scan using sbtest4_pkey on sbtest4  (cost=0.43..411.15 rows=103 width=125)
	  Index Cond: ((id >= 7698809) AND (id <= 7698909))

table 5 : explain SELECT id, c FROM sbtest5 WHERE id BETWEEN 7698809 AND 7698909
	Index Scan using sbtest5_pkey on sbtest5  (cost=0.43..425.36 rows=107 width=125)
	  Index Cond: ((id >= 7698809) AND (id <= 7698909))

table 6 : explain SELECT id, c FROM sbtest6 WHERE id BETWEEN 7698809 AND 7698909
	Index Scan using sbtest6_pkey on sbtest6  (cost=0.43..440.58 rows=111 width=125)
	  Index Cond: ((id >= 7698809) AND (id <= 7698909))

table 7 : explain SELECT id, c FROM sbtest7 WHERE id BETWEEN 7698809 AND 7698909
	Index Scan using sbtest7_pkey on sbtest7  (cost=0.43..412.94 rows=104 width=125)
	  Index Cond: ((id >= 7698809) AND (id <= 7698909))

table 8 : explain SELECT id, c FROM sbtest8 WHERE id BETWEEN 7698809 AND 7698909
	Index Scan using sbtest8_pkey on sbtest8  (cost=0.43..397.19 rows=100 width=125)
	  Index Cond: ((id >= 7698809) AND (id <= 7698909))

explain: for range-notcovered :: explain SELECT id, c FROM sbtest%d WHERE id BETWEEN 7698809 AND 7698909
for range-notcovered
table 1 : explain SELECT id, c FROM sbtest1 WHERE id BETWEEN 3714675 AND 3714775
	Index Scan using sbtest1_pkey on sbtest1  (cost=0.43..381.64 rows=96 width=125)
	  Index Cond: ((id >= 3714675) AND (id <= 3714775))

table 2 : explain SELECT id, c FROM sbtest2 WHERE id BETWEEN 3714675 AND 3714775
	Index Scan using sbtest2_pkey on sbtest2  (cost=0.43..433.60 rows=109 width=125)
	  Index Cond: ((id >= 3714675) AND (id <= 3714775))

table 3 : explain SELECT id, c FROM sbtest3 WHERE id BETWEEN 3714675 AND 3714775
	Index Scan using sbtest3_pkey on sbtest3  (cost=0.43..358.13 rows=90 width=125)
	  Index Cond: ((id >= 3714675) AND (id <= 3714775))

table 4 : explain SELECT id, c FROM sbtest4 WHERE id BETWEEN 3714675 AND 3714775
	Index Scan using sbtest4_pkey on sbtest4  (cost=0.43..446.68 rows=112 width=125)
	  Index Cond: ((id >= 3714675) AND (id <= 3714775))

table 5 : explain SELECT id, c FROM sbtest5 WHERE id BETWEEN 3714675 AND 3714775
	Index Scan using sbtest5_pkey on sbtest5  (cost=0.43..354.55 rows=89 width=125)
	  Index Cond: ((id >= 3714675) AND (id <= 3714775))

table 6 : explain SELECT id, c FROM sbtest6 WHERE id BETWEEN 3714675 AND 3714775
	Index Scan using sbtest6_pkey on sbtest6  (cost=0.43..393.44 rows=99 width=125)
	  Index Cond: ((id >= 3714675) AND (id <= 3714775))

table 7 : explain SELECT id, c FROM sbtest7 WHERE id BETWEEN 3714675 AND 3714775
	Index Scan using sbtest7_pkey on sbtest7  (cost=0.43..416.87 rows=105 width=125)
	  Index Cond: ((id >= 3714675) AND (id <= 3714775))

table 8 : explain SELECT id, c FROM sbtest8 WHERE id BETWEEN 3714675 AND 3714775
	Index Scan using sbtest8_pkey on sbtest8  (cost=0.43..412.89 rows=104 width=125)
	  Index Cond: ((id >= 3714675) AND (id <= 3714775))

explain: for range-notcovered :: explain SELECT id, c FROM sbtest%d WHERE id BETWEEN 3714675 AND 3714775
for range-notcovered
table 1 : explain SELECT id, c FROM sbtest1 WHERE id BETWEEN 4324024 AND 4324124
	Index Scan using sbtest1_pkey on sbtest1  (cost=0.43..401.27 rows=101 width=125)
	  Index Cond: ((id >= 4324024) AND (id <= 4324124))

table 2 : explain SELECT id, c FROM sbtest2 WHERE id BETWEEN 4324024 AND 4324124
	Index Scan using sbtest2_pkey on sbtest2  (cost=0.43..398.18 rows=100 width=125)
	  Index Cond: ((id >= 4324024) AND (id <= 4324124))

table 3 : explain SELECT id, c FROM sbtest3 WHERE id BETWEEN 4324024 AND 4324124
	Index Scan using sbtest3_pkey on sbtest3  (cost=0.43..385.65 rows=97 width=125)
	  Index Cond: ((id >= 4324024) AND (id <= 4324124))

table 4 : explain SELECT id, c FROM sbtest4 WHERE id BETWEEN 4324024 AND 4324124
	Index Scan using sbtest4_pkey on sbtest4  (cost=0.43..422.99 rows=106 width=125)
	  Index Cond: ((id >= 4324024) AND (id <= 4324124))

table 5 : explain SELECT id, c FROM sbtest5 WHERE id BETWEEN 4324024 AND 4324124
	Index Scan using sbtest5_pkey on sbtest5  (cost=0.43..397.83 rows=100 width=125)
	  Index Cond: ((id >= 4324024) AND (id <= 4324124))

table 6 : explain SELECT id, c FROM sbtest6 WHERE id BETWEEN 4324024 AND 4324124
	Index Scan using sbtest6_pkey on sbtest6  (cost=0.43..405.23 rows=102 width=125)
	  Index Cond: ((id >= 4324024) AND (id <= 4324124))

table 7 : explain SELECT id, c FROM sbtest7 WHERE id BETWEEN 4324024 AND 4324124
	Index Scan using sbtest7_pkey on sbtest7  (cost=0.43..389.39 rows=98 width=125)
	  Index Cond: ((id >= 4324024) AND (id <= 4324124))

table 8 : explain SELECT id, c FROM sbtest8 WHERE id BETWEEN 4324024 AND 4324124
	Index Scan using sbtest8_pkey on sbtest8  (cost=0.43..416.82 rows=105 width=125)
	  Index Cond: ((id >= 4324024) AND (id <= 4324124))

explain: for range-notcovered :: explain SELECT id, c FROM sbtest%d WHERE id BETWEEN 4324024 AND 4324124
for range-notcovered
table 1 : explain SELECT id, c FROM sbtest1 WHERE id BETWEEN 5075735 AND 5075835
	Index Scan using sbtest1_pkey on sbtest1  (cost=0.43..436.62 rows=110 width=125)
	  Index Cond: ((id >= 5075735) AND (id <= 5075835))

table 2 : explain SELECT id, c FROM sbtest2 WHERE id BETWEEN 5075735 AND 5075835
	Index Scan using sbtest2_pkey on sbtest2  (cost=0.43..382.43 rows=96 width=125)
	  Index Cond: ((id >= 5075735) AND (id <= 5075835))

table 3 : explain SELECT id, c FROM sbtest3 WHERE id BETWEEN 5075735 AND 5075835
	Index Scan using sbtest3_pkey on sbtest3  (cost=0.43..440.65 rows=111 width=125)
	  Index Cond: ((id >= 5075735) AND (id <= 5075835))

table 4 : explain SELECT id, c FROM sbtest4 WHERE id BETWEEN 5075735 AND 5075835
	Index Scan using sbtest4_pkey on sbtest4  (cost=0.43..391.41 rows=98 width=125)
	  Index Cond: ((id >= 5075735) AND (id <= 5075835))

table 5 : explain SELECT id, c FROM sbtest5 WHERE id BETWEEN 5075735 AND 5075835
	Index Scan using sbtest5_pkey on sbtest5  (cost=0.43..397.83 rows=100 width=125)
	  Index Cond: ((id >= 5075735) AND (id <= 5075835))

table 6 : explain SELECT id, c FROM sbtest6 WHERE id BETWEEN 5075735 AND 5075835
	Index Scan using sbtest6_pkey on sbtest6  (cost=0.43..436.65 rows=110 width=125)
	  Index Cond: ((id >= 5075735) AND (id <= 5075835))

table 7 : explain SELECT id, c FROM sbtest7 WHERE id BETWEEN 5075735 AND 5075835
	Index Scan using sbtest7_pkey on sbtest7  (cost=0.43..405.09 rows=102 width=125)
	  Index Cond: ((id >= 5075735) AND (id <= 5075835))

table 8 : explain SELECT id, c FROM sbtest8 WHERE id BETWEEN 5075735 AND 5075835
	Index Scan using sbtest8_pkey on sbtest8  (cost=0.43..369.71 rows=93 width=125)
	  Index Cond: ((id >= 5075735) AND (id <= 5075835))

for range-notcovered
table 1 : explain SELECT id, c FROM sbtest1 WHERE id BETWEEN 7698809 AND 7698909
	Index Scan using sbtest1_pkey on sbtest1  (cost=0.43..377.71 rows=95 width=125)
	  Index Cond: ((id >= 7698809) AND (id <= 7698909))

table 2 : explain SELECT id, c FROM sbtest2 WHERE id BETWEEN 7698809 AND 7698909
	Index Scan using sbtest2_pkey on sbtest2  (cost=0.43..409.98 rows=103 width=125)
	  Index Cond: ((id >= 7698809) AND (id <= 7698909))

table 3 : explain SELECT id, c FROM sbtest3 WHERE id BETWEEN 7698809 AND 7698909
	Index Scan using sbtest3_pkey on sbtest3  (cost=0.43..365.99 rows=92 width=125)
	  Index Cond: ((id >= 7698809) AND (id <= 7698909))

table 4 : explain SELECT id, c FROM sbtest4 WHERE id BETWEEN 7698809 AND 7698909
	Index Scan using sbtest4_pkey on sbtest4  (cost=0.43..411.15 rows=103 width=125)
	  Index Cond: ((id >= 7698809) AND (id <= 7698909))

table 5 : explain SELECT id, c FROM sbtest5 WHERE id BETWEEN 7698809 AND 7698909
	Index Scan using sbtest5_pkey on sbtest5  (cost=0.43..425.36 rows=107 width=125)
	  Index Cond: ((id >= 7698809) AND (id <= 7698909))

table 6 : explain SELECT id, c FROM sbtest6 WHERE id BETWEEN 7698809 AND 7698909
	Index Scan using sbtest6_pkey on sbtest6  (cost=0.43..440.58 rows=111 width=125)
	  Index Cond: ((id >= 7698809) AND (id <= 7698909))

table 7 : explain SELECT id, c FROM sbtest7 WHERE id BETWEEN 7698809 AND 7698909
	Index Scan using sbtest7_pkey on sbtest7  (cost=0.43..412.94 rows=104 width=125)
	  Index Cond: ((id >= 7698809) AND (id <= 7698909))

table 8 : explain SELECT id, c FROM sbtest8 WHERE id BETWEEN 7698809 AND 7698909
	Index Scan using sbtest8_pkey on sbtest8  (cost=0.43..397.19 rows=100 width=125)
	  Index Cond: ((id >= 7698809) AND (id <= 7698909))

explain: for range-notcovered :: explain SELECT id, c FROM sbtest%d WHERE id BETWEEN 7698809 AND 7698909
for range-notcovered
table 1 : explain SELECT id, c FROM sbtest1 WHERE id BETWEEN 3714675 AND 3714775
	Index Scan using sbtest1_pkey on sbtest1  (cost=0.43..381.64 rows=96 width=125)
	  Index Cond: ((id >= 3714675) AND (id <= 3714775))

table 2 : explain SELECT id, c FROM sbtest2 WHERE id BETWEEN 3714675 AND 3714775
	Index Scan using sbtest2_pkey on sbtest2  (cost=0.43..433.60 rows=109 width=125)
	  Index Cond: ((id >= 3714675) AND (id <= 3714775))

table 3 : explain SELECT id, c FROM sbtest3 WHERE id BETWEEN 3714675 AND 3714775
	Index Scan using sbtest3_pkey on sbtest3  (cost=0.43..358.13 rows=90 width=125)
	  Index Cond: ((id >= 3714675) AND (id <= 3714775))

table 4 : explain SELECT id, c FROM sbtest4 WHERE id BETWEEN 3714675 AND 3714775
	Index Scan using sbtest4_pkey on sbtest4  (cost=0.43..446.68 rows=112 width=125)
	  Index Cond: ((id >= 3714675) AND (id <= 3714775))

table 5 : explain SELECT id, c FROM sbtest5 WHERE id BETWEEN 3714675 AND 3714775
	Index Scan using sbtest5_pkey on sbtest5  (cost=0.43..354.55 rows=89 width=125)
	  Index Cond: ((id >= 3714675) AND (id <= 3714775))

table 6 : explain SELECT id, c FROM sbtest6 WHERE id BETWEEN 3714675 AND 3714775
	Index Scan using sbtest6_pkey on sbtest6  (cost=0.43..393.44 rows=99 width=125)
	  Index Cond: ((id >= 3714675) AND (id <= 3714775))

table 7 : explain SELECT id, c FROM sbtest7 WHERE id BETWEEN 3714675 AND 3714775
	Index Scan using sbtest7_pkey on sbtest7  (cost=0.43..416.87 rows=105 width=125)
	  Index Cond: ((id >= 3714675) AND (id <= 3714775))

table 8 : explain SELECT id, c FROM sbtest8 WHERE id BETWEEN 3714675 AND 3714775
	Index Scan using sbtest8_pkey on sbtest8  (cost=0.43..412.89 rows=104 width=125)
	  Index Cond: ((id >= 3714675) AND (id <= 3714775))

explain: for range-notcovered :: explain SELECT id, c FROM sbtest%d WHERE id BETWEEN 4442383 AND 4442483
for range-notcovered
table 1 : explain SELECT id, c FROM sbtest1 WHERE id BETWEEN 2642712 AND 2642812
	Index Scan using sbtest1_pkey on sbtest1  (cost=0.43..397.35 rows=100 width=125)
	  Index Cond: ((id >= 2642712) AND (id <= 2642812))

table 2 : explain SELECT id, c FROM sbtest2 WHERE id BETWEEN 2642712 AND 2642812
	Index Scan using sbtest2_pkey on sbtest2  (cost=0.43..409.98 rows=103 width=125)
	  Index Cond: ((id >= 2642712) AND (id <= 2642812))

table 3 : explain SELECT id, c FROM sbtest3 WHERE id BETWEEN 2642712 AND 2642812
	Index Scan using sbtest3_pkey on sbtest3  (cost=0.43..421.01 rows=106 width=125)
	  Index Cond: ((id >= 2642712) AND (id <= 2642812))

table 4 : explain SELECT id, c FROM sbtest4 WHERE id BETWEEN 2642712 AND 2642812
	Index Scan using sbtest4_pkey on sbtest4  (cost=0.43..387.47 rows=97 width=125)
	  Index Cond: ((id >= 2642712) AND (id <= 2642812))

table 5 : explain SELECT id, c FROM sbtest5 WHERE id BETWEEN 2642712 AND 2642812
	Index Scan using sbtest5_pkey on sbtest5  (cost=0.43..405.70 rows=102 width=125)
	  Index Cond: ((id >= 2642712) AND (id <= 2642812))

table 6 : explain SELECT id, c FROM sbtest6 WHERE id BETWEEN 2642712 AND 2642812
	Index Scan using sbtest6_pkey on sbtest6  (cost=0.43..373.80 rows=94 width=125)
	  Index Cond: ((id >= 2642712) AND (id <= 2642812))

table 7 : explain SELECT id, c FROM sbtest7 WHERE id BETWEEN 2642712 AND 2642812
	Index Scan using sbtest7_pkey on sbtest7  (cost=0.43..416.87 rows=105 width=125)
	  Index Cond: ((id >= 2642712) AND (id <= 2642812))

table 8 : explain SELECT id, c FROM sbtest8 WHERE id BETWEEN 2642712 AND 2642812
	Index Scan using sbtest8_pkey on sbtest8  (cost=0.43..401.11 rows=101 width=125)
	  Index Cond: ((id >= 2642712) AND (id <= 2642812))

explain: for range-notcovered :: explain SELECT id, c FROM sbtest%d WHERE id BETWEEN 3714675 AND 3714775
explain: for range-notcovered :: explain SELECT id, c FROM sbtest%d WHERE id BETWEEN 2642712 AND 2642812
explain: for range-notcovered :: explain SELECT id, c FROM sbtest%d WHERE id BETWEEN 6333226 AND 6333326
for range-notcovered
table 1 : explain SELECT id, c FROM sbtest1 WHERE id BETWEEN 7698809 AND 7698909
	Index Scan using sbtest1_pkey on sbtest1  (cost=0.43..377.71 rows=95 width=125)
	  Index Cond: ((id >= 7698809) AND (id <= 7698909))

table 2 : explain SELECT id, c FROM sbtest2 WHERE id BETWEEN 7698809 AND 7698909
	Index Scan using sbtest2_pkey on sbtest2  (cost=0.43..409.98 rows=103 width=125)
	  Index Cond: ((id >= 7698809) AND (id <= 7698909))

table 3 : explain SELECT id, c FROM sbtest3 WHERE id BETWEEN 7698809 AND 7698909
	Index Scan using sbtest3_pkey on sbtest3  (cost=0.43..365.99 rows=92 width=125)
	  Index Cond: ((id >= 7698809) AND (id <= 7698909))

table 4 : explain SELECT id, c FROM sbtest4 WHERE id BETWEEN 7698809 AND 7698909
	Index Scan using sbtest4_pkey on sbtest4  (cost=0.43..411.15 rows=103 width=125)
	  Index Cond: ((id >= 7698809) AND (id <= 7698909))

table 5 : explain SELECT id, c FROM sbtest5 WHERE id BETWEEN 7698809 AND 7698909
	Index Scan using sbtest5_pkey on sbtest5  (cost=0.43..425.36 rows=107 width=125)
	  Index Cond: ((id >= 7698809) AND (id <= 7698909))

table 6 : explain SELECT id, c FROM sbtest6 WHERE id BETWEEN 7698809 AND 7698909
	Index Scan using sbtest6_pkey on sbtest6  (cost=0.43..440.58 rows=111 width=125)
	  Index Cond: ((id >= 7698809) AND (id <= 7698909))

table 7 : explain SELECT id, c FROM sbtest7 WHERE id BETWEEN 7698809 AND 7698909
	Index Scan using sbtest7_pkey on sbtest7  (cost=0.43..412.94 rows=104 width=125)
	  Index Cond: ((id >= 7698809) AND (id <= 7698909))

table 8 : explain SELECT id, c FROM sbtest8 WHERE id BETWEEN 7698809 AND 7698909
	Index Scan using sbtest8_pkey on sbtest8  (cost=0.43..397.19 rows=100 width=125)
	  Index Cond: ((id >= 7698809) AND (id <= 7698909))

explain: for range-notcovered :: explain SELECT id, c FROM sbtest%d WHERE id BETWEEN 7698809 AND 7698909
explain: for range-notcovered :: explain SELECT id, c FROM sbtest%d WHERE id BETWEEN 3467950 AND 3468050
for range-notcovered
table 1 : explain SELECT id, c FROM sbtest1 WHERE id BETWEEN 3714675 AND 3714775
	Index Scan using sbtest1_pkey on sbtest1  (cost=0.43..381.64 rows=96 width=125)
	  Index Cond: ((id >= 3714675) AND (id <= 3714775))

table 2 : explain SELECT id, c FROM sbtest2 WHERE id BETWEEN 3714675 AND 3714775
	Index Scan using sbtest2_pkey on sbtest2  (cost=0.43..433.60 rows=109 width=125)
	  Index Cond: ((id >= 3714675) AND (id <= 3714775))

table 3 : explain SELECT id, c FROM sbtest3 WHERE id BETWEEN 3714675 AND 3714775
	Index Scan using sbtest3_pkey on sbtest3  (cost=0.43..358.13 rows=90 width=125)
	  Index Cond: ((id >= 3714675) AND (id <= 3714775))

table 4 : explain SELECT id, c FROM sbtest4 WHERE id BETWEEN 3714675 AND 3714775
	Index Scan using sbtest4_pkey on sbtest4  (cost=0.43..446.68 rows=112 width=125)
	  Index Cond: ((id >= 3714675) AND (id <= 3714775))

table 5 : explain SELECT id, c FROM sbtest5 WHERE id BETWEEN 3714675 AND 3714775
	Index Scan using sbtest5_pkey on sbtest5  (cost=0.43..354.55 rows=89 width=125)
	  Index Cond: ((id >= 3714675) AND (id <= 3714775))

table 6 : explain SELECT id, c FROM sbtest6 WHERE id BETWEEN 3714675 AND 3714775
	Index Scan using sbtest6_pkey on sbtest6  (cost=0.43..393.44 rows=99 width=125)
	  Index Cond: ((id >= 3714675) AND (id <= 3714775))

table 7 : explain SELECT id, c FROM sbtest7 WHERE id BETWEEN 3714675 AND 3714775
	Index Scan using sbtest7_pkey on sbtest7  (cost=0.43..416.87 rows=105 width=125)
	  Index Cond: ((id >= 3714675) AND (id <= 3714775))

table 8 : explain SELECT id, c FROM sbtest8 WHERE id BETWEEN 3714675 AND 3714775
	Index Scan using sbtest8_pkey on sbtest8  (cost=0.43..412.89 rows=104 width=125)
	  Index Cond: ((id >= 3714675) AND (id <= 3714775))

explain: for range-notcovered :: explain SELECT id, c FROM sbtest%d WHERE id BETWEEN 3714675 AND 3714775
for range-notcovered
table 1 : explain SELECT id, c FROM sbtest1 WHERE id BETWEEN 6617825 AND 6617925
	Index Scan using sbtest1_pkey on sbtest1  (cost=0.43..393.42 rows=99 width=125)
	  Index Cond: ((id >= 6617825) AND (id <= 6617925))

table 2 : explain SELECT id, c FROM sbtest2 WHERE id BETWEEN 6617825 AND 6617925
	Index Scan using sbtest2_pkey on sbtest2  (cost=0.43..433.60 rows=109 width=125)
	  Index Cond: ((id >= 6617825) AND (id <= 6617925))

table 3 : explain SELECT id, c FROM sbtest3 WHERE id BETWEEN 6617825 AND 6617925
	Index Scan using sbtest3_pkey on sbtest3  (cost=0.43..381.72 rows=96 width=125)
	  Index Cond: ((id >= 6617825) AND (id <= 6617925))

table 4 : explain SELECT id, c FROM sbtest4 WHERE id BETWEEN 6617825 AND 6617925
	Index Scan using sbtest4_pkey on sbtest4  (cost=0.43..387.47 rows=97 width=125)
	  Index Cond: ((id >= 6617825) AND (id <= 6617925))

table 5 : explain SELECT id, c FROM sbtest5 WHERE id BETWEEN 6617825 AND 6617925
	Index Scan using sbtest5_pkey on sbtest5  (cost=0.43..421.43 rows=106 width=125)
	  Index Cond: ((id >= 6617825) AND (id <= 6617925))

table 6 : explain SELECT id, c FROM sbtest6 WHERE id BETWEEN 6617825 AND 6617925
	Index Scan using sbtest6_pkey on sbtest6  (cost=0.43..432.72 rows=109 width=125)
	  Index Cond: ((id >= 6617825) AND (id <= 6617925))

table 7 : explain SELECT id, c FROM sbtest7 WHERE id BETWEEN 6617825 AND 6617925
	Index Scan using sbtest7_pkey on sbtest7  (cost=0.43..436.50 rows=110 width=125)
	  Index Cond: ((id >= 6617825) AND (id <= 6617925))

table 8 : explain SELECT id, c FROM sbtest8 WHERE id BETWEEN 6617825 AND 6617925
	Index Scan using sbtest8_pkey on sbtest8  (cost=0.43..401.11 rows=101 width=125)
	  Index Cond: ((id >= 6617825) AND (id <= 6617925))

explain: for range-notcovered :: explain SELECT id, c FROM sbtest%d WHERE id BETWEEN 6617825 AND 6617925
for range-notcovered
table 1 : explain SELECT id, c FROM sbtest1 WHERE id BETWEEN 6705801 AND 6705901
	Index Scan using sbtest1_pkey on sbtest1  (cost=0.43..416.98 rows=105 width=125)
	  Index Cond: ((id >= 6705801) AND (id <= 6705901))

table 2 : explain SELECT id, c FROM sbtest2 WHERE id BETWEEN 6705801 AND 6705901
	Index Scan using sbtest2_pkey on sbtest2  (cost=0.43..366.67 rows=92 width=125)
	  Index Cond: ((id >= 6705801) AND (id <= 6705901))

table 3 : explain SELECT id, c FROM sbtest3 WHERE id BETWEEN 6705801 AND 6705901
	Index Scan using sbtest3_pkey on sbtest3  (cost=0.43..417.08 rows=105 width=125)
	  Index Cond: ((id >= 6705801) AND (id <= 6705901))

table 4 : explain SELECT id, c FROM sbtest4 WHERE id BETWEEN 6705801 AND 6705901
	Index Scan using sbtest4_pkey on sbtest4  (cost=0.43..387.47 rows=97 width=125)
	  Index Cond: ((id >= 6705801) AND (id <= 6705901))

table 5 : explain SELECT id, c FROM sbtest5 WHERE id BETWEEN 6705801 AND 6705901
	Index Scan using sbtest5_pkey on sbtest5  (cost=0.43..409.63 rows=103 width=125)
	  Index Cond: ((id >= 6705801) AND (id <= 6705901))

table 6 : explain SELECT id, c FROM sbtest6 WHERE id BETWEEN 6705801 AND 6705901
	Index Scan using sbtest6_pkey on sbtest6  (cost=0.43..362.00 rows=91 width=125)
	  Index Cond: ((id >= 6705801) AND (id <= 6705901))

table 7 : explain SELECT id, c FROM sbtest7 WHERE id BETWEEN 6705801 AND 6705901
	Index Scan using sbtest7_pkey on sbtest7  (cost=0.43..401.16 rows=101 width=125)
	  Index Cond: ((id >= 6705801) AND (id <= 6705901))

table 8 : explain SELECT id, c FROM sbtest8 WHERE id BETWEEN 6705801 AND 6705901
	Index Scan using sbtest8_pkey on sbtest8  (cost=0.43..412.89 rows=104 width=125)
	  Index Cond: ((id >= 6705801) AND (id <= 6705901))

explain: for range-notcovered :: explain SELECT id, c FROM sbtest%d WHERE id BETWEEN 6705801 AND 6705901
for range-notcovered
table 1 : explain SELECT id, c FROM sbtest1 WHERE id BETWEEN 2642712 AND 2642812
	Index Scan using sbtest1_pkey on sbtest1  (cost=0.43..397.35 rows=100 width=125)
	  Index Cond: ((id >= 2642712) AND (id <= 2642812))

table 2 : explain SELECT id, c FROM sbtest2 WHERE id BETWEEN 2642712 AND 2642812
	Index Scan using sbtest2_pkey on sbtest2  (cost=0.43..409.98 rows=103 width=125)
	  Index Cond: ((id >= 2642712) AND (id <= 2642812))

table 3 : explain SELECT id, c FROM sbtest3 WHERE id BETWEEN 2642712 AND 2642812
	Index Scan using sbtest3_pkey on sbtest3  (cost=0.43..421.01 rows=106 width=125)
	  Index Cond: ((id >= 2642712) AND (id <= 2642812))

table 4 : explain SELECT id, c FROM sbtest4 WHERE id BETWEEN 2642712 AND 2642812
	Index Scan using sbtest4_pkey on sbtest4  (cost=0.43..387.47 rows=97 width=125)
	  Index Cond: ((id >= 2642712) AND (id <= 2642812))

table 5 : explain SELECT id, c FROM sbtest5 WHERE id BETWEEN 2642712 AND 2642812
	Index Scan using sbtest5_pkey on sbtest5  (cost=0.43..405.70 rows=102 width=125)
	  Index Cond: ((id >= 2642712) AND (id <= 2642812))

table 6 : explain SELECT id, c FROM sbtest6 WHERE id BETWEEN 2642712 AND 2642812
	Index Scan using sbtest6_pkey on sbtest6  (cost=0.43..373.80 rows=94 width=125)
	  Index Cond: ((id >= 2642712) AND (id <= 2642812))

table 7 : explain SELECT id, c FROM sbtest7 WHERE id BETWEEN 2642712 AND 2642812
	Index Scan using sbtest7_pkey on sbtest7  (cost=0.43..416.87 rows=105 width=125)
	  Index Cond: ((id >= 2642712) AND (id <= 2642812))

table 8 : explain SELECT id, c FROM sbtest8 WHERE id BETWEEN 2642712 AND 2642812
	Index Scan using sbtest8_pkey on sbtest8  (cost=0.43..401.11 rows=101 width=125)
	  Index Cond: ((id >= 2642712) AND (id <= 2642812))

explain: for range-notcovered :: explain SELECT id, c FROM sbtest%d WHERE id BETWEEN 2642712 AND 2642812
for range-notcovered
table 1 : explain SELECT id, c FROM sbtest1 WHERE id BETWEEN 7698809 AND 7698909
	Index Scan using sbtest1_pkey on sbtest1  (cost=0.43..377.71 rows=95 width=125)
	  Index Cond: ((id >= 7698809) AND (id <= 7698909))

table 2 : explain SELECT id, c FROM sbtest2 WHERE id BETWEEN 7698809 AND 7698909
	Index Scan using sbtest2_pkey on sbtest2  (cost=0.43..409.98 rows=103 width=125)
	  Index Cond: ((id >= 7698809) AND (id <= 7698909))

table 3 : explain SELECT id, c FROM sbtest3 WHERE id BETWEEN 7698809 AND 7698909
	Index Scan using sbtest3_pkey on sbtest3  (cost=0.43..365.99 rows=92 width=125)
	  Index Cond: ((id >= 7698809) AND (id <= 7698909))

table 4 : explain SELECT id, c FROM sbtest4 WHERE id BETWEEN 7698809 AND 7698909
	Index Scan using sbtest4_pkey on sbtest4  (cost=0.43..411.15 rows=103 width=125)
	  Index Cond: ((id >= 7698809) AND (id <= 7698909))

table 5 : explain SELECT id, c FROM sbtest5 WHERE id BETWEEN 7698809 AND 7698909
	Index Scan using sbtest5_pkey on sbtest5  (cost=0.43..425.36 rows=107 width=125)
	  Index Cond: ((id >= 7698809) AND (id <= 7698909))

table 6 : explain SELECT id, c FROM sbtest6 WHERE id BETWEEN 7698809 AND 7698909
	Index Scan using sbtest6_pkey on sbtest6  (cost=0.43..440.58 rows=111 width=125)
	  Index Cond: ((id >= 7698809) AND (id <= 7698909))

table 7 : explain SELECT id, c FROM sbtest7 WHERE id BETWEEN 7698809 AND 7698909
	Index Scan using sbtest7_pkey on sbtest7  (cost=0.43..412.94 rows=104 width=125)
	  Index Cond: ((id >= 7698809) AND (id <= 7698909))

table 8 : explain SELECT id, c FROM sbtest8 WHERE id BETWEEN 7698809 AND 7698909
	Index Scan using sbtest8_pkey on sbtest8  (cost=0.43..397.19 rows=100 width=125)
	  Index Cond: ((id >= 7698809) AND (id <= 7698909))

explain: for range-notcovered :: explain SELECT id, c FROM sbtest%d WHERE id BETWEEN 7698809 AND 7698909
explain: for range-notcovered :: explain SELECT id, c FROM sbtest%d WHERE id BETWEEN 4737367 AND 4737467
for range-notcovered
table 1 : explain SELECT id, c FROM sbtest1 WHERE id BETWEEN 3714675 AND 3714775
	Index Scan using sbtest1_pkey on sbtest1  (cost=0.43..381.64 rows=96 width=125)
	  Index Cond: ((id >= 3714675) AND (id <= 3714775))

table 2 : explain SELECT id, c FROM sbtest2 WHERE id BETWEEN 3714675 AND 3714775
	Index Scan using sbtest2_pkey on sbtest2  (cost=0.43..433.60 rows=109 width=125)
	  Index Cond: ((id >= 3714675) AND (id <= 3714775))

table 3 : explain SELECT id, c FROM sbtest3 WHERE id BETWEEN 3714675 AND 3714775
	Index Scan using sbtest3_pkey on sbtest3  (cost=0.43..358.13 rows=90 width=125)
	  Index Cond: ((id >= 3714675) AND (id <= 3714775))

table 4 : explain SELECT id, c FROM sbtest4 WHERE id BETWEEN 3714675 AND 3714775
	Index Scan using sbtest4_pkey on sbtest4  (cost=0.43..446.68 rows=112 width=125)
	  Index Cond: ((id >= 3714675) AND (id <= 3714775))

table 5 : explain SELECT id, c FROM sbtest5 WHERE id BETWEEN 3714675 AND 3714775
	Index Scan using sbtest5_pkey on sbtest5  (cost=0.43..354.55 rows=89 width=125)
	  Index Cond: ((id >= 3714675) AND (id <= 3714775))

table 6 : explain SELECT id, c FROM sbtest6 WHERE id BETWEEN 3714675 AND 3714775
	Index Scan using sbtest6_pkey on sbtest6  (cost=0.43..393.44 rows=99 width=125)
	  Index Cond: ((id >= 3714675) AND (id <= 3714775))

table 7 : explain SELECT id, c FROM sbtest7 WHERE id BETWEEN 3714675 AND 3714775
	Index Scan using sbtest7_pkey on sbtest7  (cost=0.43..416.87 rows=105 width=125)
	  Index Cond: ((id >= 3714675) AND (id <= 3714775))

table 8 : explain SELECT id, c FROM sbtest8 WHERE id BETWEEN 3714675 AND 3714775
	Index Scan using sbtest8_pkey on sbtest8  (cost=0.43..412.89 rows=104 width=125)
	  Index Cond: ((id >= 3714675) AND (id <= 3714775))

explain: for range-notcovered :: explain SELECT id, c FROM sbtest%d WHERE id BETWEEN 3714675 AND 3714775
for range-notcovered
table 1 : explain SELECT id, c FROM sbtest1 WHERE id BETWEEN 6617825 AND 6617925
	Index Scan using sbtest1_pkey on sbtest1  (cost=0.43..393.42 rows=99 width=125)
	  Index Cond: ((id >= 6617825) AND (id <= 6617925))

table 2 : explain SELECT id, c FROM sbtest2 WHERE id BETWEEN 6617825 AND 6617925
	Index Scan using sbtest2_pkey on sbtest2  (cost=0.43..433.60 rows=109 width=125)
	  Index Cond: ((id >= 6617825) AND (id <= 6617925))

table 3 : explain SELECT id, c FROM sbtest3 WHERE id BETWEEN 6617825 AND 6617925
	Index Scan using sbtest3_pkey on sbtest3  (cost=0.43..381.72 rows=96 width=125)
	  Index Cond: ((id >= 6617825) AND (id <= 6617925))

table 4 : explain SELECT id, c FROM sbtest4 WHERE id BETWEEN 6617825 AND 6617925
	Index Scan using sbtest4_pkey on sbtest4  (cost=0.43..387.47 rows=97 width=125)
	  Index Cond: ((id >= 6617825) AND (id <= 6617925))

table 5 : explain SELECT id, c FROM sbtest5 WHERE id BETWEEN 6617825 AND 6617925
	Index Scan using sbtest5_pkey on sbtest5  (cost=0.43..421.43 rows=106 width=125)
	  Index Cond: ((id >= 6617825) AND (id <= 6617925))

table 6 : explain SELECT id, c FROM sbtest6 WHERE id BETWEEN 6617825 AND 6617925
	Index Scan using sbtest6_pkey on sbtest6  (cost=0.43..432.72 rows=109 width=125)
	  Index Cond: ((id >= 6617825) AND (id <= 6617925))

table 7 : explain SELECT id, c FROM sbtest7 WHERE id BETWEEN 6617825 AND 6617925
	Index Scan using sbtest7_pkey on sbtest7  (cost=0.43..436.50 rows=110 width=125)
	  Index Cond: ((id >= 6617825) AND (id <= 6617925))

table 8 : explain SELECT id, c FROM sbtest8 WHERE id BETWEEN 6617825 AND 6617925
	Index Scan using sbtest8_pkey on sbtest8  (cost=0.43..401.11 rows=101 width=125)
	  Index Cond: ((id >= 6617825) AND (id <= 6617925))

explain: for range-notcovered :: explain SELECT id, c FROM sbtest%d WHERE id BETWEEN 6617825 AND 6617925
for range-notcovered
table 1 : explain SELECT id, c FROM sbtest1 WHERE id BETWEEN 6705801 AND 6705901
	Index Scan using sbtest1_pkey on sbtest1  (cost=0.43..416.98 rows=105 width=125)
	  Index Cond: ((id >= 6705801) AND (id <= 6705901))

table 2 : explain SELECT id, c FROM sbtest2 WHERE id BETWEEN 6705801 AND 6705901
	Index Scan using sbtest2_pkey on sbtest2  (cost=0.43..366.67 rows=92 width=125)
	  Index Cond: ((id >= 6705801) AND (id <= 6705901))

table 3 : explain SELECT id, c FROM sbtest3 WHERE id BETWEEN 6705801 AND 6705901
	Index Scan using sbtest3_pkey on sbtest3  (cost=0.43..417.08 rows=105 width=125)
	  Index Cond: ((id >= 6705801) AND (id <= 6705901))

table 4 : explain SELECT id, c FROM sbtest4 WHERE id BETWEEN 6705801 AND 6705901
	Index Scan using sbtest4_pkey on sbtest4  (cost=0.43..387.47 rows=97 width=125)
	  Index Cond: ((id >= 6705801) AND (id <= 6705901))

table 5 : explain SELECT id, c FROM sbtest5 WHERE id BETWEEN 6705801 AND 6705901
	Index Scan using sbtest5_pkey on sbtest5  (cost=0.43..409.63 rows=103 width=125)
	  Index Cond: ((id >= 6705801) AND (id <= 6705901))

table 6 : explain SELECT id, c FROM sbtest6 WHERE id BETWEEN 6705801 AND 6705901
	Index Scan using sbtest6_pkey on sbtest6  (cost=0.43..362.00 rows=91 width=125)
	  Index Cond: ((id >= 6705801) AND (id <= 6705901))

table 7 : explain SELECT id, c FROM sbtest7 WHERE id BETWEEN 6705801 AND 6705901
	Index Scan using sbtest7_pkey on sbtest7  (cost=0.43..401.16 rows=101 width=125)
	  Index Cond: ((id >= 6705801) AND (id <= 6705901))

table 8 : explain SELECT id, c FROM sbtest8 WHERE id BETWEEN 6705801 AND 6705901
	Index Scan using sbtest8_pkey on sbtest8  (cost=0.43..412.89 rows=104 width=125)
	  Index Cond: ((id >= 6705801) AND (id <= 6705901))

explain: for range-notcovered :: explain SELECT id, c FROM sbtest%d WHERE id BETWEEN 6705801 AND 6705901
for range-notcovered
table 1 : explain SELECT id, c FROM sbtest1 WHERE id BETWEEN 7698809 AND 7698909
	Index Scan using sbtest1_pkey on sbtest1  (cost=0.43..377.71 rows=95 width=125)
	  Index Cond: ((id >= 7698809) AND (id <= 7698909))

table 2 : explain SELECT id, c FROM sbtest2 WHERE id BETWEEN 7698809 AND 7698909
	Index Scan using sbtest2_pkey on sbtest2  (cost=0.43..409.98 rows=103 width=125)
	  Index Cond: ((id >= 7698809) AND (id <= 7698909))

table 3 : explain SELECT id, c FROM sbtest3 WHERE id BETWEEN 7698809 AND 7698909
	Index Scan using sbtest3_pkey on sbtest3  (cost=0.43..365.99 rows=92 width=125)
	  Index Cond: ((id >= 7698809) AND (id <= 7698909))

table 4 : explain SELECT id, c FROM sbtest4 WHERE id BETWEEN 7698809 AND 7698909
	Index Scan using sbtest4_pkey on sbtest4  (cost=0.43..411.15 rows=103 width=125)
	  Index Cond: ((id >= 7698809) AND (id <= 7698909))

table 5 : explain SELECT id, c FROM sbtest5 WHERE id BETWEEN 7698809 AND 7698909
	Index Scan using sbtest5_pkey on sbtest5  (cost=0.43..425.36 rows=107 width=125)
	  Index Cond: ((id >= 7698809) AND (id <= 7698909))

table 6 : explain SELECT id, c FROM sbtest6 WHERE id BETWEEN 7698809 AND 7698909
	Index Scan using sbtest6_pkey on sbtest6  (cost=0.43..440.58 rows=111 width=125)
	  Index Cond: ((id >= 7698809) AND (id <= 7698909))

table 7 : explain SELECT id, c FROM sbtest7 WHERE id BETWEEN 7698809 AND 7698909
	Index Scan using sbtest7_pkey on sbtest7  (cost=0.43..412.94 rows=104 width=125)
	  Index Cond: ((id >= 7698809) AND (id <= 7698909))

table 8 : explain SELECT id, c FROM sbtest8 WHERE id BETWEEN 7698809 AND 7698909
	Index Scan using sbtest8_pkey on sbtest8  (cost=0.43..397.19 rows=100 width=125)
	  Index Cond: ((id >= 7698809) AND (id <= 7698909))

explain: for range-notcovered :: explain SELECT id, c FROM sbtest%d WHERE id BETWEEN 7698809 AND 7698909
for range-notcovered
table 1 : explain SELECT id, c FROM sbtest1 WHERE id BETWEEN 6617825 AND 6617925
	Index Scan using sbtest1_pkey on sbtest1  (cost=0.43..393.42 rows=99 width=125)
	  Index Cond: ((id >= 6617825) AND (id <= 6617925))

table 2 : explain SELECT id, c FROM sbtest2 WHERE id BETWEEN 6617825 AND 6617925
	Index Scan using sbtest2_pkey on sbtest2  (cost=0.43..433.60 rows=109 width=125)
	  Index Cond: ((id >= 6617825) AND (id <= 6617925))

table 3 : explain SELECT id, c FROM sbtest3 WHERE id BETWEEN 6617825 AND 6617925
	Index Scan using sbtest3_pkey on sbtest3  (cost=0.43..381.72 rows=96 width=125)
	  Index Cond: ((id >= 6617825) AND (id <= 6617925))

table 4 : explain SELECT id, c FROM sbtest4 WHERE id BETWEEN 6617825 AND 6617925
	Index Scan using sbtest4_pkey on sbtest4  (cost=0.43..387.47 rows=97 width=125)
	  Index Cond: ((id >= 6617825) AND (id <= 6617925))

table 5 : explain SELECT id, c FROM sbtest5 WHERE id BETWEEN 6617825 AND 6617925
	Index Scan using sbtest5_pkey on sbtest5  (cost=0.43..421.43 rows=106 width=125)
	  Index Cond: ((id >= 6617825) AND (id <= 6617925))

table 6 : explain SELECT id, c FROM sbtest6 WHERE id BETWEEN 6617825 AND 6617925
	Index Scan using sbtest6_pkey on sbtest6  (cost=0.43..432.72 rows=109 width=125)
	  Index Cond: ((id >= 6617825) AND (id <= 6617925))

table 7 : explain SELECT id, c FROM sbtest7 WHERE id BETWEEN 6617825 AND 6617925
	Index Scan using sbtest7_pkey on sbtest7  (cost=0.43..436.50 rows=110 width=125)
	  Index Cond: ((id >= 6617825) AND (id <= 6617925))

table 8 : explain SELECT id, c FROM sbtest8 WHERE id BETWEEN 6617825 AND 6617925
	Index Scan using sbtest8_pkey on sbtest8  (cost=0.43..401.11 rows=101 width=125)
	  Index Cond: ((id >= 6617825) AND (id <= 6617925))

explain: for range-notcovered :: explain SELECT id, c FROM sbtest%d WHERE id BETWEEN 6617825 AND 6617925
for range-notcovered
table 1 : explain SELECT id, c FROM sbtest1 WHERE id BETWEEN 6705801 AND 6705901
	Index Scan using sbtest1_pkey on sbtest1  (cost=0.43..416.98 rows=105 width=125)
	  Index Cond: ((id >= 6705801) AND (id <= 6705901))

table 2 : explain SELECT id, c FROM sbtest2 WHERE id BETWEEN 6705801 AND 6705901
	Index Scan using sbtest2_pkey on sbtest2  (cost=0.43..366.67 rows=92 width=125)
	  Index Cond: ((id >= 6705801) AND (id <= 6705901))

table 3 : explain SELECT id, c FROM sbtest3 WHERE id BETWEEN 6705801 AND 6705901
	Index Scan using sbtest3_pkey on sbtest3  (cost=0.43..417.08 rows=105 width=125)
	  Index Cond: ((id >= 6705801) AND (id <= 6705901))

table 4 : explain SELECT id, c FROM sbtest4 WHERE id BETWEEN 6705801 AND 6705901
	Index Scan using sbtest4_pkey on sbtest4  (cost=0.43..387.47 rows=97 width=125)
	  Index Cond: ((id >= 6705801) AND (id <= 6705901))

table 5 : explain SELECT id, c FROM sbtest5 WHERE id BETWEEN 6705801 AND 6705901
	Index Scan using sbtest5_pkey on sbtest5  (cost=0.43..409.63 rows=103 width=125)
	  Index Cond: ((id >= 6705801) AND (id <= 6705901))

table 6 : explain SELECT id, c FROM sbtest6 WHERE id BETWEEN 6705801 AND 6705901
	Index Scan using sbtest6_pkey on sbtest6  (cost=0.43..362.00 rows=91 width=125)
	  Index Cond: ((id >= 6705801) AND (id <= 6705901))

table 7 : explain SELECT id, c FROM sbtest7 WHERE id BETWEEN 6705801 AND 6705901
	Index Scan using sbtest7_pkey on sbtest7  (cost=0.43..401.16 rows=101 width=125)
	  Index Cond: ((id >= 6705801) AND (id <= 6705901))

table 8 : explain SELECT id, c FROM sbtest8 WHERE id BETWEEN 6705801 AND 6705901
	Index Scan using sbtest8_pkey on sbtest8  (cost=0.43..412.89 rows=104 width=125)
	  Index Cond: ((id >= 6705801) AND (id <= 6705901))

for range-notcovered
table 1 : explain SELECT id, c FROM sbtest1 WHERE id BETWEEN 2642712 AND 2642812
	Index Scan using sbtest1_pkey on sbtest1  (cost=0.43..397.35 rows=100 width=125)
	  Index Cond: ((id >= 2642712) AND (id <= 2642812))

table 2 : explain SELECT id, c FROM sbtest2 WHERE id BETWEEN 2642712 AND 2642812
	Index Scan using sbtest2_pkey on sbtest2  (cost=0.43..409.98 rows=103 width=125)
	  Index Cond: ((id >= 2642712) AND (id <= 2642812))

table 3 : explain SELECT id, c FROM sbtest3 WHERE id BETWEEN 2642712 AND 2642812
	Index Scan using sbtest3_pkey on sbtest3  (cost=0.43..421.01 rows=106 width=125)
	  Index Cond: ((id >= 2642712) AND (id <= 2642812))

table 4 : explain SELECT id, c FROM sbtest4 WHERE id BETWEEN 2642712 AND 2642812
	Index Scan using sbtest4_pkey on sbtest4  (cost=0.43..387.47 rows=97 width=125)
	  Index Cond: ((id >= 2642712) AND (id <= 2642812))

table 5 : explain SELECT id, c FROM sbtest5 WHERE id BETWEEN 2642712 AND 2642812
	Index Scan using sbtest5_pkey on sbtest5  (cost=0.43..405.70 rows=102 width=125)
	  Index Cond: ((id >= 2642712) AND (id <= 2642812))

table 6 : explain SELECT id, c FROM sbtest6 WHERE id BETWEEN 2642712 AND 2642812
	Index Scan using sbtest6_pkey on sbtest6  (cost=0.43..373.80 rows=94 width=125)
	  Index Cond: ((id >= 2642712) AND (id <= 2642812))

table 7 : explain SELECT id, c FROM sbtest7 WHERE id BETWEEN 2642712 AND 2642812
	Index Scan using sbtest7_pkey on sbtest7  (cost=0.43..416.87 rows=105 width=125)
	  Index Cond: ((id >= 2642712) AND (id <= 2642812))

table 8 : explain SELECT id, c FROM sbtest8 WHERE id BETWEEN 2642712 AND 2642812
	Index Scan using sbtest8_pkey on sbtest8  (cost=0.43..401.11 rows=101 width=125)
	  Index Cond: ((id >= 2642712) AND (id <= 2642812))

explain: for range-notcovered :: explain SELECT id, c FROM sbtest%d WHERE id BETWEEN 6705801 AND 6705901
explain: for range-notcovered :: explain SELECT id, c FROM sbtest%d WHERE id BETWEEN 2642712 AND 2642812
for range-notcovered
table 1 : explain SELECT id, c FROM sbtest1 WHERE id BETWEEN 7698809 AND 7698909
	Index Scan using sbtest1_pkey on sbtest1  (cost=0.43..377.71 rows=95 width=125)
	  Index Cond: ((id >= 7698809) AND (id <= 7698909))

table 2 : explain SELECT id, c FROM sbtest2 WHERE id BETWEEN 7698809 AND 7698909
	Index Scan using sbtest2_pkey on sbtest2  (cost=0.43..409.98 rows=103 width=125)
	  Index Cond: ((id >= 7698809) AND (id <= 7698909))

table 3 : explain SELECT id, c FROM sbtest3 WHERE id BETWEEN 7698809 AND 7698909
	Index Scan using sbtest3_pkey on sbtest3  (cost=0.43..365.99 rows=92 width=125)
	  Index Cond: ((id >= 7698809) AND (id <= 7698909))

table 4 : explain SELECT id, c FROM sbtest4 WHERE id BETWEEN 7698809 AND 7698909
	Index Scan using sbtest4_pkey on sbtest4  (cost=0.43..411.15 rows=103 width=125)
	  Index Cond: ((id >= 7698809) AND (id <= 7698909))

table 5 : explain SELECT id, c FROM sbtest5 WHERE id BETWEEN 7698809 AND 7698909
	Index Scan using sbtest5_pkey on sbtest5  (cost=0.43..425.36 rows=107 width=125)
	  Index Cond: ((id >= 7698809) AND (id <= 7698909))

table 6 : explain SELECT id, c FROM sbtest6 WHERE id BETWEEN 7698809 AND 7698909
	Index Scan using sbtest6_pkey on sbtest6  (cost=0.43..440.58 rows=111 width=125)
	  Index Cond: ((id >= 7698809) AND (id <= 7698909))

table 7 : explain SELECT id, c FROM sbtest7 WHERE id BETWEEN 7698809 AND 7698909
	Index Scan using sbtest7_pkey on sbtest7  (cost=0.43..412.94 rows=104 width=125)
	  Index Cond: ((id >= 7698809) AND (id <= 7698909))

table 8 : explain SELECT id, c FROM sbtest8 WHERE id BETWEEN 7698809 AND 7698909
	Index Scan using sbtest8_pkey on sbtest8  (cost=0.43..397.19 rows=100 width=125)
	  Index Cond: ((id >= 7698809) AND (id <= 7698909))

explain: for range-notcovered :: explain SELECT id, c FROM sbtest%d WHERE id BETWEEN 7698809 AND 7698909
for range-notcovered
table 1 : explain SELECT id, c FROM sbtest1 WHERE id BETWEEN 6617825 AND 6617925
	Index Scan using sbtest1_pkey on sbtest1  (cost=0.43..393.42 rows=99 width=125)
	  Index Cond: ((id >= 6617825) AND (id <= 6617925))

table 2 : explain SELECT id, c FROM sbtest2 WHERE id BETWEEN 6617825 AND 6617925
	Index Scan using sbtest2_pkey on sbtest2  (cost=0.43..433.60 rows=109 width=125)
	  Index Cond: ((id >= 6617825) AND (id <= 6617925))

table 3 : explain SELECT id, c FROM sbtest3 WHERE id BETWEEN 6617825 AND 6617925
	Index Scan using sbtest3_pkey on sbtest3  (cost=0.43..381.72 rows=96 width=125)
	  Index Cond: ((id >= 6617825) AND (id <= 6617925))

table 4 : explain SELECT id, c FROM sbtest4 WHERE id BETWEEN 6617825 AND 6617925
	Index Scan using sbtest4_pkey on sbtest4  (cost=0.43..387.47 rows=97 width=125)
	  Index Cond: ((id >= 6617825) AND (id <= 6617925))

table 5 : explain SELECT id, c FROM sbtest5 WHERE id BETWEEN 6617825 AND 6617925
	Index Scan using sbtest5_pkey on sbtest5  (cost=0.43..421.43 rows=106 width=125)
	  Index Cond: ((id >= 6617825) AND (id <= 6617925))

table 6 : explain SELECT id, c FROM sbtest6 WHERE id BETWEEN 6617825 AND 6617925
	Index Scan using sbtest6_pkey on sbtest6  (cost=0.43..432.72 rows=109 width=125)
	  Index Cond: ((id >= 6617825) AND (id <= 6617925))

table 7 : explain SELECT id, c FROM sbtest7 WHERE id BETWEEN 6617825 AND 6617925
	Index Scan using sbtest7_pkey on sbtest7  (cost=0.43..436.50 rows=110 width=125)
	  Index Cond: ((id >= 6617825) AND (id <= 6617925))

table 8 : explain SELECT id, c FROM sbtest8 WHERE id BETWEEN 6617825 AND 6617925
	Index Scan using sbtest8_pkey on sbtest8  (cost=0.43..401.11 rows=101 width=125)
	  Index Cond: ((id >= 6617825) AND (id <= 6617925))

explain: for range-notcovered :: explain SELECT id, c FROM sbtest%d WHERE id BETWEEN 6617825 AND 6617925
for range-notcovered
table 1 : explain SELECT id, c FROM sbtest1 WHERE id BETWEEN 4442383 AND 4442483
	Index Scan using sbtest1_pkey on sbtest1  (cost=0.43..389.49 rows=98 width=125)
	  Index Cond: ((id >= 4442383) AND (id <= 4442483))

table 2 : explain SELECT id, c FROM sbtest2 WHERE id BETWEEN 4442383 AND 4442483
	Index Scan using sbtest2_pkey on sbtest2  (cost=0.43..406.05 rows=102 width=125)
	  Index Cond: ((id >= 4442383) AND (id <= 4442483))

table 3 : explain SELECT id, c FROM sbtest3 WHERE id BETWEEN 4442383 AND 4442483
	Index Scan using sbtest3_pkey on sbtest3  (cost=0.43..401.37 rows=101 width=125)
	  Index Cond: ((id >= 4442383) AND (id <= 4442483))

table 4 : explain SELECT id, c FROM sbtest4 WHERE id BETWEEN 4442383 AND 4442483
	Index Scan using sbtest4_pkey on sbtest4  (cost=0.43..391.41 rows=98 width=125)
	  Index Cond: ((id >= 4442383) AND (id <= 4442483))

table 5 : explain SELECT id, c FROM sbtest5 WHERE id BETWEEN 4442383 AND 4442483
	Index Scan using sbtest5_pkey on sbtest5  (cost=0.43..437.16 rows=110 width=125)
	  Index Cond: ((id >= 4442383) AND (id <= 4442483))

table 6 : explain SELECT id, c FROM sbtest6 WHERE id BETWEEN 4442383 AND 4442483
	Index Scan using sbtest6_pkey on sbtest6  (cost=0.43..424.86 rows=107 width=125)
	  Index Cond: ((id >= 4442383) AND (id <= 4442483))

table 7 : explain SELECT id, c FROM sbtest7 WHERE id BETWEEN 4442383 AND 4442483
	Index Scan using sbtest7_pkey on sbtest7  (cost=0.43..420.80 rows=106 width=125)
	  Index Cond: ((id >= 4442383) AND (id <= 4442483))

table 8 : explain SELECT id, c FROM sbtest8 WHERE id BETWEEN 4442383 AND 4442483
	Index Scan using sbtest8_pkey on sbtest8  (cost=0.43..408.96 rows=103 width=125)
	  Index Cond: ((id >= 4442383) AND (id <= 4442483))

for range-notcovered
table 1 : explain SELECT id, c FROM sbtest1 WHERE id BETWEEN 6705801 AND 6705901
	Index Scan using sbtest1_pkey on sbtest1  (cost=0.43..416.98 rows=105 width=125)
	  Index Cond: ((id >= 6705801) AND (id <= 6705901))

table 2 : explain SELECT id, c FROM sbtest2 WHERE id BETWEEN 6705801 AND 6705901
	Index Scan using sbtest2_pkey on sbtest2  (cost=0.43..366.67 rows=92 width=125)
	  Index Cond: ((id >= 6705801) AND (id <= 6705901))

table 3 : explain SELECT id, c FROM sbtest3 WHERE id BETWEEN 6705801 AND 6705901
	Index Scan using sbtest3_pkey on sbtest3  (cost=0.43..417.08 rows=105 width=125)
	  Index Cond: ((id >= 6705801) AND (id <= 6705901))

table 4 : explain SELECT id, c FROM sbtest4 WHERE id BETWEEN 6705801 AND 6705901
	Index Scan using sbtest4_pkey on sbtest4  (cost=0.43..387.47 rows=97 width=125)
	  Index Cond: ((id >= 6705801) AND (id <= 6705901))

table 5 : explain SELECT id, c FROM sbtest5 WHERE id BETWEEN 6705801 AND 6705901
	Index Scan using sbtest5_pkey on sbtest5  (cost=0.43..409.63 rows=103 width=125)
	  Index Cond: ((id >= 6705801) AND (id <= 6705901))

table 6 : explain SELECT id, c FROM sbtest6 WHERE id BETWEEN 6705801 AND 6705901
	Index Scan using sbtest6_pkey on sbtest6  (cost=0.43..362.00 rows=91 width=125)
	  Index Cond: ((id >= 6705801) AND (id <= 6705901))

table 7 : explain SELECT id, c FROM sbtest7 WHERE id BETWEEN 6705801 AND 6705901
	Index Scan using sbtest7_pkey on sbtest7  (cost=0.43..401.16 rows=101 width=125)
	  Index Cond: ((id >= 6705801) AND (id <= 6705901))

table 8 : explain SELECT id, c FROM sbtest8 WHERE id BETWEEN 6705801 AND 6705901
	Index Scan using sbtest8_pkey on sbtest8  (cost=0.43..412.89 rows=104 width=125)
	  Index Cond: ((id >= 6705801) AND (id <= 6705901))

explain: for range-notcovered :: explain SELECT id, c FROM sbtest%d WHERE id BETWEEN 4442383 AND 4442483
explain: for range-notcovered :: explain SELECT id, c FROM sbtest%d WHERE id BETWEEN 6705801 AND 6705901
for range-notcovered
table 1 : explain SELECT id, c FROM sbtest1 WHERE id BETWEEN 3467950 AND 3468050
	Index Scan using sbtest1_pkey on sbtest1  (cost=0.43..420.91 rows=106 width=125)
	  Index Cond: ((id >= 3467950) AND (id <= 3468050))

table 2 : explain SELECT id, c FROM sbtest2 WHERE id BETWEEN 3467950 AND 3468050
	Index Scan using sbtest2_pkey on sbtest2  (cost=0.43..409.98 rows=103 width=125)
	  Index Cond: ((id >= 3467950) AND (id <= 3468050))

table 3 : explain SELECT id, c FROM sbtest3 WHERE id BETWEEN 3467950 AND 3468050
	Index Scan using sbtest3_pkey on sbtest3  (cost=0.43..401.37 rows=101 width=125)
	  Index Cond: ((id >= 3467950) AND (id <= 3468050))

table 4 : explain SELECT id, c FROM sbtest4 WHERE id BETWEEN 3467950 AND 3468050
	Index Scan using sbtest4_pkey on sbtest4  (cost=0.43..422.99 rows=106 width=125)
	  Index Cond: ((id >= 3467950) AND (id <= 3468050))

table 5 : explain SELECT id, c FROM sbtest5 WHERE id BETWEEN 3467950 AND 3468050
	Index Scan using sbtest5_pkey on sbtest5  (cost=0.43..401.76 rows=101 width=125)
	  Index Cond: ((id >= 3467950) AND (id <= 3468050))

table 6 : explain SELECT id, c FROM sbtest6 WHERE id BETWEEN 3467950 AND 3468050
	Index Scan using sbtest6_pkey on sbtest6  (cost=0.43..350.21 rows=88 width=125)
	  Index Cond: ((id >= 3467950) AND (id <= 3468050))

table 7 : explain SELECT id, c FROM sbtest7 WHERE id BETWEEN 3467950 AND 3468050
	Index Scan using sbtest7_pkey on sbtest7  (cost=0.43..405.09 rows=102 width=125)
	  Index Cond: ((id >= 3467950) AND (id <= 3468050))

table 8 : explain SELECT id, c FROM sbtest8 WHERE id BETWEEN 3467950 AND 3468050
	Index Scan using sbtest8_pkey on sbtest8  (cost=0.43..381.48 rows=96 width=125)
	  Index Cond: ((id >= 3467950) AND (id <= 3468050))

for range-notcovered
table 1 : explain SELECT id, c FROM sbtest1 WHERE id BETWEEN 7698809 AND 7698909
	Index Scan using sbtest1_pkey on sbtest1  (cost=0.43..377.71 rows=95 width=125)
	  Index Cond: ((id >= 7698809) AND (id <= 7698909))

table 2 : explain SELECT id, c FROM sbtest2 WHERE id BETWEEN 7698809 AND 7698909
	Index Scan using sbtest2_pkey on sbtest2  (cost=0.43..409.98 rows=103 width=125)
	  Index Cond: ((id >= 7698809) AND (id <= 7698909))

table 3 : explain SELECT id, c FROM sbtest3 WHERE id BETWEEN 7698809 AND 7698909
	Index Scan using sbtest3_pkey on sbtest3  (cost=0.43..365.99 rows=92 width=125)
	  Index Cond: ((id >= 7698809) AND (id <= 7698909))

table 4 : explain SELECT id, c FROM sbtest4 WHERE id BETWEEN 7698809 AND 7698909
	Index Scan using sbtest4_pkey on sbtest4  (cost=0.43..411.15 rows=103 width=125)
	  Index Cond: ((id >= 7698809) AND (id <= 7698909))

table 5 : explain SELECT id, c FROM sbtest5 WHERE id BETWEEN 7698809 AND 7698909
	Index Scan using sbtest5_pkey on sbtest5  (cost=0.43..425.36 rows=107 width=125)
	  Index Cond: ((id >= 7698809) AND (id <= 7698909))

table 6 : explain SELECT id, c FROM sbtest6 WHERE id BETWEEN 7698809 AND 7698909
	Index Scan using sbtest6_pkey on sbtest6  (cost=0.43..440.58 rows=111 width=125)
	  Index Cond: ((id >= 7698809) AND (id <= 7698909))

table 7 : explain SELECT id, c FROM sbtest7 WHERE id BETWEEN 7698809 AND 7698909
	Index Scan using sbtest7_pkey on sbtest7  (cost=0.43..412.94 rows=104 width=125)
	  Index Cond: ((id >= 7698809) AND (id <= 7698909))

table 8 : explain SELECT id, c FROM sbtest8 WHERE id BETWEEN 7698809 AND 7698909
	Index Scan using sbtest8_pkey on sbtest8  (cost=0.43..397.19 rows=100 width=125)
	  Index Cond: ((id >= 7698809) AND (id <= 7698909))

explain: for range-notcovered :: explain SELECT id, c FROM sbtest%d WHERE id BETWEEN 3467950 AND 3468050
for range-notcovered
table 1 : explain SELECT id, c FROM sbtest1 WHERE id BETWEEN 2642712 AND 2642812
	Index Scan using sbtest1_pkey on sbtest1  (cost=0.43..397.35 rows=100 width=125)
	  Index Cond: ((id >= 2642712) AND (id <= 2642812))

table 2 : explain SELECT id, c FROM sbtest2 WHERE id BETWEEN 2642712 AND 2642812
	Index Scan using sbtest2_pkey on sbtest2  (cost=0.43..409.98 rows=103 width=125)
	  Index Cond: ((id >= 2642712) AND (id <= 2642812))

table 3 : explain SELECT id, c FROM sbtest3 WHERE id BETWEEN 2642712 AND 2642812
	Index Scan using sbtest3_pkey on sbtest3  (cost=0.43..421.01 rows=106 width=125)
	  Index Cond: ((id >= 2642712) AND (id <= 2642812))

table 4 : explain SELECT id, c FROM sbtest4 WHERE id BETWEEN 2642712 AND 2642812
	Index Scan using sbtest4_pkey on sbtest4  (cost=0.43..387.47 rows=97 width=125)
	  Index Cond: ((id >= 2642712) AND (id <= 2642812))

table 5 : explain SELECT id, c FROM sbtest5 WHERE id BETWEEN 2642712 AND 2642812
	Index Scan using sbtest5_pkey on sbtest5  (cost=0.43..405.70 rows=102 width=125)
	  Index Cond: ((id >= 2642712) AND (id <= 2642812))

table 6 : explain SELECT id, c FROM sbtest6 WHERE id BETWEEN 2642712 AND 2642812
	Index Scan using sbtest6_pkey on sbtest6  (cost=0.43..373.80 rows=94 width=125)
	  Index Cond: ((id >= 2642712) AND (id <= 2642812))

table 7 : explain SELECT id, c FROM sbtest7 WHERE id BETWEEN 2642712 AND 2642812
	Index Scan using sbtest7_pkey on sbtest7  (cost=0.43..416.87 rows=105 width=125)
	  Index Cond: ((id >= 2642712) AND (id <= 2642812))

table 8 : explain SELECT id, c FROM sbtest8 WHERE id BETWEEN 2642712 AND 2642812
	Index Scan using sbtest8_pkey on sbtest8  (cost=0.43..401.11 rows=101 width=125)
	  Index Cond: ((id >= 2642712) AND (id <= 2642812))

for range-notcovered
table 1 : explain SELECT id, c FROM sbtest1 WHERE id BETWEEN 6617825 AND 6617925
	Index Scan using sbtest1_pkey on sbtest1  (cost=0.43..393.42 rows=99 width=125)
	  Index Cond: ((id >= 6617825) AND (id <= 6617925))

table 2 : explain SELECT id, c FROM sbtest2 WHERE id BETWEEN 6617825 AND 6617925
	Index Scan using sbtest2_pkey on sbtest2  (cost=0.43..433.60 rows=109 width=125)
	  Index Cond: ((id >= 6617825) AND (id <= 6617925))

table 3 : explain SELECT id, c FROM sbtest3 WHERE id BETWEEN 6617825 AND 6617925
	Index Scan using sbtest3_pkey on sbtest3  (cost=0.43..381.72 rows=96 width=125)
	  Index Cond: ((id >= 6617825) AND (id <= 6617925))

table 4 : explain SELECT id, c FROM sbtest4 WHERE id BETWEEN 6617825 AND 6617925
	Index Scan using sbtest4_pkey on sbtest4  (cost=0.43..387.47 rows=97 width=125)
	  Index Cond: ((id >= 6617825) AND (id <= 6617925))

table 5 : explain SELECT id, c FROM sbtest5 WHERE id BETWEEN 6617825 AND 6617925
	Index Scan using sbtest5_pkey on sbtest5  (cost=0.43..421.43 rows=106 width=125)
	  Index Cond: ((id >= 6617825) AND (id <= 6617925))

table 6 : explain SELECT id, c FROM sbtest6 WHERE id BETWEEN 6617825 AND 6617925
	Index Scan using sbtest6_pkey on sbtest6  (cost=0.43..432.72 rows=109 width=125)
	  Index Cond: ((id >= 6617825) AND (id <= 6617925))

table 7 : explain SELECT id, c FROM sbtest7 WHERE id BETWEEN 6617825 AND 6617925
	Index Scan using sbtest7_pkey on sbtest7  (cost=0.43..436.50 rows=110 width=125)
	  Index Cond: ((id >= 6617825) AND (id <= 6617925))

table 8 : explain SELECT id, c FROM sbtest8 WHERE id BETWEEN 6617825 AND 6617925
	Index Scan using sbtest8_pkey on sbtest8  (cost=0.43..401.11 rows=101 width=125)
	  Index Cond: ((id >= 6617825) AND (id <= 6617925))

explain: for range-notcovered :: explain SELECT id, c FROM sbtest%d WHERE id BETWEEN 6617825 AND 6617925
for range-notcovered
table 1 : explain SELECT id, c FROM sbtest1 WHERE id BETWEEN 6705801 AND 6705901
	Index Scan using sbtest1_pkey on sbtest1  (cost=0.43..416.98 rows=105 width=125)
	  Index Cond: ((id >= 6705801) AND (id <= 6705901))

table 2 : explain SELECT id, c FROM sbtest2 WHERE id BETWEEN 6705801 AND 6705901
	Index Scan using sbtest2_pkey on sbtest2  (cost=0.43..366.67 rows=92 width=125)
	  Index Cond: ((id >= 6705801) AND (id <= 6705901))

table 3 : explain SELECT id, c FROM sbtest3 WHERE id BETWEEN 6705801 AND 6705901
	Index Scan using sbtest3_pkey on sbtest3  (cost=0.43..417.08 rows=105 width=125)
	  Index Cond: ((id >= 6705801) AND (id <= 6705901))

table 4 : explain SELECT id, c FROM sbtest4 WHERE id BETWEEN 6705801 AND 6705901
	Index Scan using sbtest4_pkey on sbtest4  (cost=0.43..387.47 rows=97 width=125)
	  Index Cond: ((id >= 6705801) AND (id <= 6705901))

table 5 : explain SELECT id, c FROM sbtest5 WHERE id BETWEEN 6705801 AND 6705901
	Index Scan using sbtest5_pkey on sbtest5  (cost=0.43..409.63 rows=103 width=125)
	  Index Cond: ((id >= 6705801) AND (id <= 6705901))

table 6 : explain SELECT id, c FROM sbtest6 WHERE id BETWEEN 6705801 AND 6705901
	Index Scan using sbtest6_pkey on sbtest6  (cost=0.43..362.00 rows=91 width=125)
	  Index Cond: ((id >= 6705801) AND (id <= 6705901))

table 7 : explain SELECT id, c FROM sbtest7 WHERE id BETWEEN 6705801 AND 6705901
	Index Scan using sbtest7_pkey on sbtest7  (cost=0.43..401.16 rows=101 width=125)
	  Index Cond: ((id >= 6705801) AND (id <= 6705901))

table 8 : explain SELECT id, c FROM sbtest8 WHERE id BETWEEN 6705801 AND 6705901
	Index Scan using sbtest8_pkey on sbtest8  (cost=0.43..412.89 rows=104 width=125)
	  Index Cond: ((id >= 6705801) AND (id <= 6705901))

explain: for range-notcovered :: explain SELECT id, c FROM sbtest%d WHERE id BETWEEN 2642712 AND 2642812for range-notcovered
table 1 : explain SELECT id, c FROM sbtest1 WHERE id BETWEEN 4442383 AND 4442483
	Index Scan using sbtest1_pkey on sbtest1  (cost=0.43..389.49 rows=98 width=125)
	  Index Cond: ((id >= 4442383) AND (id <= 4442483))

table 2 : explain SELECT id, c FROM sbtest2 WHERE id BETWEEN 4442383 AND 4442483
	Index Scan using sbtest2_pkey on sbtest2  (cost=0.43..406.05 rows=102 width=125)
	  Index Cond: ((id >= 4442383) AND (id <= 4442483))

table 3 : explain SELECT id, c FROM sbtest3 WHERE id BETWEEN 4442383 AND 4442483
	Index Scan using sbtest3_pkey on sbtest3  (cost=0.43..401.37 rows=101 width=125)
	  Index Cond: ((id >= 4442383) AND (id <= 4442483))

table 4 : explain SELECT id, c FROM sbtest4 WHERE id BETWEEN 4442383 AND 4442483
	Index Scan using sbtest4_pkey on sbtest4  (cost=0.43..391.41 rows=98 width=125)
	  Index Cond: ((id >= 4442383) AND (id <= 4442483))

table 5 : explain SELECT id, c FROM sbtest5 WHERE id BETWEEN 4442383 AND 4442483
	Index Scan using sbtest5_pkey on sbtest5  (cost=0.43..437.16 rows=110 width=125)
	  Index Cond: ((id >= 4442383) AND (id <= 4442483))

table 6 : explain SELECT id, c FROM sbtest6 WHERE id BETWEEN 4442383 AND 4442483
	Index Scan using sbtest6_pkey on sbtest6  (cost=0.43..424.86 rows=107 width=125)
	  Index Cond: ((id >= 4442383) AND (id <= 4442483))

table 7 : explain SELECT id, c FROM sbtest7 WHERE id BETWEEN 4442383 AND 4442483
	Index Scan using sbtest7_pkey on sbtest7  (cost=0.43..420.80 rows=106 width=125)
	  Index Cond: ((id >= 4442383) AND (id <= 4442483))

table 8 : explain SELECT id, c FROM sbtest8 WHERE id BETWEEN 4442383 AND 4442483
	Index Scan using sbtest8_pkey on sbtest8  (cost=0.43..408.96 rows=103 width=125)
	  Index Cond: ((id >= 4442383) AND (id <= 4442483))


explain: for range-notcovered :: explain SELECT id, c FROM sbtest%d WHERE id BETWEEN 6705801 AND 6705901
explain: for range-notcovered :: explain SELECT id, c FROM sbtest%d WHERE id BETWEEN 4442383 AND 4442483
for range-notcovered
table 1 : explain SELECT id, c FROM sbtest1 WHERE id BETWEEN 3467950 AND 3468050
	Index Scan using sbtest1_pkey on sbtest1  (cost=0.43..420.91 rows=106 width=125)
	  Index Cond: ((id >= 3467950) AND (id <= 3468050))

table 2 : explain SELECT id, c FROM sbtest2 WHERE id BETWEEN 3467950 AND 3468050
	Index Scan using sbtest2_pkey on sbtest2  (cost=0.43..409.98 rows=103 width=125)
	  Index Cond: ((id >= 3467950) AND (id <= 3468050))

table 3 : explain SELECT id, c FROM sbtest3 WHERE id BETWEEN 3467950 AND 3468050
	Index Scan using sbtest3_pkey on sbtest3  (cost=0.43..401.37 rows=101 width=125)
	  Index Cond: ((id >= 3467950) AND (id <= 3468050))

table 4 : explain SELECT id, c FROM sbtest4 WHERE id BETWEEN 3467950 AND 3468050
	Index Scan using sbtest4_pkey on sbtest4  (cost=0.43..422.99 rows=106 width=125)
	  Index Cond: ((id >= 3467950) AND (id <= 3468050))

table 5 : explain SELECT id, c FROM sbtest5 WHERE id BETWEEN 3467950 AND 3468050
	Index Scan using sbtest5_pkey on sbtest5  (cost=0.43..401.76 rows=101 width=125)
	  Index Cond: ((id >= 3467950) AND (id <= 3468050))

table 6 : explain SELECT id, c FROM sbtest6 WHERE id BETWEEN 3467950 AND 3468050
	Index Scan using sbtest6_pkey on sbtest6  (cost=0.43..350.21 rows=88 width=125)
	  Index Cond: ((id >= 3467950) AND (id <= 3468050))

table 7 : explain SELECT id, c FROM sbtest7 WHERE id BETWEEN 3467950 AND 3468050
	Index Scan using sbtest7_pkey on sbtest7  (cost=0.43..405.09 rows=102 width=125)
	  Index Cond: ((id >= 3467950) AND (id <= 3468050))

table 8 : explain SELECT id, c FROM sbtest8 WHERE id BETWEEN 3467950 AND 3468050
	Index Scan using sbtest8_pkey on sbtest8  (cost=0.43..381.48 rows=96 width=125)
	  Index Cond: ((id >= 3467950) AND (id <= 3468050))
for range-notcovered
table 1 : explain SELECT id, c FROM sbtest1 WHERE id BETWEEN 3714675 AND 3714775
	Index Scan using sbtest1_pkey on sbtest1  (cost=0.43..381.64 rows=96 width=125)
	  Index Cond: ((id >= 3714675) AND (id <= 3714775))

table 2 : explain SELECT id, c FROM sbtest2 WHERE id BETWEEN 3714675 AND 3714775
	Index Scan using sbtest2_pkey on sbtest2  (cost=0.43..433.60 rows=109 width=125)
	  Index Cond: ((id >= 3714675) AND (id <= 3714775))

table 3 : explain SELECT id, c FROM sbtest3 WHERE id BETWEEN 3714675 AND 3714775
	Index Scan using sbtest3_pkey on sbtest3  (cost=0.43..358.13 rows=90 width=125)
	  Index Cond: ((id >= 3714675) AND (id <= 3714775))

table 4 : explain SELECT id, c FROM sbtest4 WHERE id BETWEEN 3714675 AND 3714775
	Index Scan using sbtest4_pkey on sbtest4  (cost=0.43..446.68 rows=112 width=125)
	  Index Cond: ((id >= 3714675) AND (id <= 3714775))

table 5 : explain SELECT id, c FROM sbtest5 WHERE id BETWEEN 3714675 AND 3714775
	Index Scan using sbtest5_pkey on sbtest5  (cost=0.43..354.55 rows=89 width=125)
	  Index Cond: ((id >= 3714675) AND (id <= 3714775))

table 6 : explain SELECT id, c FROM sbtest6 WHERE id BETWEEN 3714675 AND 3714775
	Index Scan using sbtest6_pkey on sbtest6  (cost=0.43..393.44 rows=99 width=125)
	  Index Cond: ((id >= 3714675) AND (id <= 3714775))

table 7 : explain SELECT id, c FROM sbtest7 WHERE id BETWEEN 3714675 AND 3714775
	Index Scan using sbtest7_pkey on sbtest7  (cost=0.43..416.87 rows=105 width=125)
	  Index Cond: ((id >= 3714675) AND (id <= 3714775))

table 8 : explain SELECT id, c FROM sbtest8 WHERE id BETWEEN 3714675 AND 3714775
	Index Scan using sbtest8_pkey on sbtest8  (cost=0.43..412.89 rows=104 width=125)
	  Index Cond: ((id >= 3714675) AND (id <= 3714775))


explain: for range-notcovered :: explain SELECT id, c FROM sbtest%d WHERE id BETWEEN 3714675 AND 3714775
explain: for range-notcovered :: explain SELECT id, c FROM sbtest%d WHERE id BETWEEN 3467950 AND 3468050
for range-notcovered
table 1 : explain SELECT id, c FROM sbtest1 WHERE id BETWEEN 6617825 AND 6617925
	Index Scan using sbtest1_pkey on sbtest1  (cost=0.43..393.42 rows=99 width=125)
	  Index Cond: ((id >= 6617825) AND (id <= 6617925))

table 2 : explain SELECT id, c FROM sbtest2 WHERE id BETWEEN 6617825 AND 6617925
	Index Scan using sbtest2_pkey on sbtest2  (cost=0.43..433.60 rows=109 width=125)
	  Index Cond: ((id >= 6617825) AND (id <= 6617925))

table 3 : explain SELECT id, c FROM sbtest3 WHERE id BETWEEN 6617825 AND 6617925
	Index Scan using sbtest3_pkey on sbtest3  (cost=0.43..381.72 rows=96 width=125)
	  Index Cond: ((id >= 6617825) AND (id <= 6617925))

table 4 : explain SELECT id, c FROM sbtest4 WHERE id BETWEEN 6617825 AND 6617925
	Index Scan using sbtest4_pkey on sbtest4  (cost=0.43..387.47 rows=97 width=125)
	  Index Cond: ((id >= 6617825) AND (id <= 6617925))

table 5 : explain SELECT id, c FROM sbtest5 WHERE id BETWEEN 6617825 AND 6617925
	Index Scan using sbtest5_pkey on sbtest5  (cost=0.43..421.43 rows=106 width=125)
	  Index Cond: ((id >= 6617825) AND (id <= 6617925))

table 6 : explain SELECT id, c FROM sbtest6 WHERE id BETWEEN 6617825 AND 6617925
	Index Scan using sbtest6_pkey on sbtest6  (cost=0.43..432.72 rows=109 width=125)
	  Index Cond: ((id >= 6617825) AND (id <= 6617925))

table 7 : explain SELECT id, c FROM sbtest7 WHERE id BETWEEN 6617825 AND 6617925
	Index Scan using sbtest7_pkey on sbtest7  (cost=0.43..436.50 rows=110 width=125)
	  Index Cond: ((id >= 6617825) AND (id <= 6617925))

table 8 : explain SELECT id, c FROM sbtest8 WHERE id BETWEEN 6617825 AND 6617925
	Index Scan using sbtest8_pkey on sbtest8  (cost=0.43..401.11 rows=101 width=125)
	  Index Cond: ((id >= 6617825) AND (id <= 6617925))

explain: for range-notcovered :: explain SELECT id, c FROM sbtest%d WHERE id BETWEEN 6617825 AND 6617925
for range-notcovered
table 1 : explain SELECT id, c FROM sbtest1 WHERE id BETWEEN 4737367 AND 4737467
	Index Scan using sbtest1_pkey on sbtest1  (cost=0.43..369.83 rows=93 width=125)
	  Index Cond: ((id >= 4737367) AND (id <= 4737467))

table 2 : explain SELECT id, c FROM sbtest2 WHERE id BETWEEN 4737367 AND 4737467
	Index Scan using sbtest2_pkey on sbtest2  (cost=0.43..406.05 rows=102 width=125)
	  Index Cond: ((id >= 4737367) AND (id <= 4737467))

table 3 : explain SELECT id, c FROM sbtest3 WHERE id BETWEEN 4737367 AND 4737467
	Index Scan using sbtest3_pkey on sbtest3  (cost=0.43..405.29 rows=102 width=125)
	  Index Cond: ((id >= 4737367) AND (id <= 4737467))

table 4 : explain SELECT id, c FROM sbtest4 WHERE id BETWEEN 4737367 AND 4737467
	Index Scan using sbtest4_pkey on sbtest4  (cost=0.43..383.52 rows=96 width=125)
	  Index Cond: ((id >= 4737367) AND (id <= 4737467))

table 5 : explain SELECT id, c FROM sbtest5 WHERE id BETWEEN 4737367 AND 4737467
	Index Scan using sbtest5_pkey on sbtest5  (cost=0.43..378.17 rows=95 width=125)
	  Index Cond: ((id >= 4737367) AND (id <= 4737467))

table 6 : explain SELECT id, c FROM sbtest6 WHERE id BETWEEN 4737367 AND 4737467
	Index Scan using sbtest6_pkey on sbtest6  (cost=0.43..393.44 rows=99 width=125)
	  Index Cond: ((id >= 4737367) AND (id <= 4737467))

table 7 : explain SELECT id, c FROM sbtest7 WHERE id BETWEEN 4737367 AND 4737467
	Index Scan using sbtest7_pkey on sbtest7  (cost=0.43..381.53 rows=96 width=125)
	  Index Cond: ((id >= 4737367) AND (id <= 4737467))

table 8 : explain SELECT id, c FROM sbtest8 WHERE id BETWEEN 4737367 AND 4737467
	Index Scan using sbtest8_pkey on sbtest8  (cost=0.43..412.89 rows=104 width=125)
	  Index Cond: ((id >= 4737367) AND (id <= 4737467))

explain: for range-notcovered :: explain SELECT id, c FROM sbtest%d WHERE id BETWEEN 4737367 AND 4737467
for range-notcovered
table 1 : explain SELECT id, c FROM sbtest1 WHERE id BETWEEN 6705801 AND 6705901
	Index Scan using sbtest1_pkey on sbtest1  (cost=0.43..416.98 rows=105 width=125)
	  Index Cond: ((id >= 6705801) AND (id <= 6705901))

table 2 : explain SELECT id, c FROM sbtest2 WHERE id BETWEEN 6705801 AND 6705901
	Index Scan using sbtest2_pkey on sbtest2  (cost=0.43..366.67 rows=92 width=125)
	  Index Cond: ((id >= 6705801) AND (id <= 6705901))

table 3 : explain SELECT id, c FROM sbtest3 WHERE id BETWEEN 6705801 AND 6705901
	Index Scan using sbtest3_pkey on sbtest3  (cost=0.43..417.08 rows=105 width=125)
	  Index Cond: ((id >= 6705801) AND (id <= 6705901))

table 4 : explain SELECT id, c FROM sbtest4 WHERE id BETWEEN 6705801 AND 6705901
	Index Scan using sbtest4_pkey on sbtest4  (cost=0.43..387.47 rows=97 width=125)
	  Index Cond: ((id >= 6705801) AND (id <= 6705901))

table 5 : explain SELECT id, c FROM sbtest5 WHERE id BETWEEN 6705801 AND 6705901
	Index Scan using sbtest5_pkey on sbtest5  (cost=0.43..409.63 rows=103 width=125)
	  Index Cond: ((id >= 6705801) AND (id <= 6705901))

table 6 : explain SELECT id, c FROM sbtest6 WHERE id BETWEEN 6705801 AND 6705901
	Index Scan using sbtest6_pkey on sbtest6  (cost=0.43..362.00 rows=91 width=125)
	  Index Cond: ((id >= 6705801) AND (id <= 6705901))

table 7 : explain SELECT id, c FROM sbtest7 WHERE id BETWEEN 6705801 AND 6705901
	Index Scan using sbtest7_pkey on sbtest7  (cost=0.43..401.16 rows=101 width=125)
	  Index Cond: ((id >= 6705801) AND (id <= 6705901))

table 8 : explain SELECT id, c FROM sbtest8 WHERE id BETWEEN 6705801 AND 6705901
	Index Scan using sbtest8_pkey on sbtest8  (cost=0.43..412.89 rows=104 width=125)
	  Index Cond: ((id >= 6705801) AND (id <= 6705901))

for range-notcovered
table 1 : explain SELECT id, c FROM sbtest1 WHERE id BETWEEN 4442383 AND 4442483
	Index Scan using sbtest1_pkey on sbtest1  (cost=0.43..389.49 rows=98 width=125)
	  Index Cond: ((id >= 4442383) AND (id <= 4442483))

table 2 : explain SELECT id, c FROM sbtest2 WHERE id BETWEEN 4442383 AND 4442483
	Index Scan using sbtest2_pkey on sbtest2  (cost=0.43..406.05 rows=102 width=125)
	  Index Cond: ((id >= 4442383) AND (id <= 4442483))

table 3 : explain SELECT id, c FROM sbtest3 WHERE id BETWEEN 4442383 AND 4442483
	Index Scan using sbtest3_pkey on sbtest3  (cost=0.43..401.37 rows=101 width=125)
	  Index Cond: ((id >= 4442383) AND (id <= 4442483))

table 4 : explain SELECT id, c FROM sbtest4 WHERE id BETWEEN 4442383 AND 4442483
	Index Scan using sbtest4_pkey on sbtest4  (cost=0.43..391.41 rows=98 width=125)
	  Index Cond: ((id >= 4442383) AND (id <= 4442483))

table 5 : explain SELECT id, c FROM sbtest5 WHERE id BETWEEN 4442383 AND 4442483
	Index Scan using sbtest5_pkey on sbtest5  (cost=0.43..437.16 rows=110 width=125)
	  Index Cond: ((id >= 4442383) AND (id <= 4442483))

table 6 : explain SELECT id, c FROM sbtest6 WHERE id BETWEEN 4442383 AND 4442483
	Index Scan using sbtest6_pkey on sbtest6  (cost=0.43..424.86 rows=107 width=125)
	  Index Cond: ((id >= 4442383) AND (id <= 4442483))

table 7 : explain SELECT id, c FROM sbtest7 WHERE id BETWEEN 4442383 AND 4442483
	Index Scan using sbtest7_pkey on sbtest7  (cost=0.43..420.80 rows=106 width=125)
	  Index Cond: ((id >= 4442383) AND (id <= 4442483))

table 8 : explain SELECT id, c FROM sbtest8 WHERE id BETWEEN 4442383 AND 4442483
	Index Scan using sbtest8_pkey on sbtest8  (cost=0.43..408.96 rows=103 width=125)
	  Index Cond: ((id >= 4442383) AND (id <= 4442483))

explain: for range-notcovered :: explain SELECT id, c FROM sbtest%d WHERE id BETWEEN 6705801 AND 6705901
explain: for range-notcovered :: explain SELECT id, c FROM sbtest%d WHERE id BETWEEN 4442383 AND 4442483
for range-notcovered
table 1 : explain SELECT id, c FROM sbtest1 WHERE id BETWEEN 2642712 AND 2642812
	Index Scan using sbtest1_pkey on sbtest1  (cost=0.43..397.35 rows=100 width=125)
	  Index Cond: ((id >= 2642712) AND (id <= 2642812))

table 2 : explain SELECT id, c FROM sbtest2 WHERE id BETWEEN 2642712 AND 2642812
	Index Scan using sbtest2_pkey on sbtest2  (cost=0.43..409.98 rows=103 width=125)
	  Index Cond: ((id >= 2642712) AND (id <= 2642812))

table 3 : explain SELECT id, c FROM sbtest3 WHERE id BETWEEN 2642712 AND 2642812
	Index Scan using sbtest3_pkey on sbtest3  (cost=0.43..421.01 rows=106 width=125)
	  Index Cond: ((id >= 2642712) AND (id <= 2642812))

table 4 : explain SELECT id, c FROM sbtest4 WHERE id BETWEEN 2642712 AND 2642812
	Index Scan using sbtest4_pkey on sbtest4  (cost=0.43..387.47 rows=97 width=125)
	  Index Cond: ((id >= 2642712) AND (id <= 2642812))

table 5 : explain SELECT id, c FROM sbtest5 WHERE id BETWEEN 2642712 AND 2642812
	Index Scan using sbtest5_pkey on sbtest5  (cost=0.43..405.70 rows=102 width=125)
	  Index Cond: ((id >= 2642712) AND (id <= 2642812))

table 6 : explain SELECT id, c FROM sbtest6 WHERE id BETWEEN 2642712 AND 2642812
	Index Scan using sbtest6_pkey on sbtest6  (cost=0.43..373.80 rows=94 width=125)
	  Index Cond: ((id >= 2642712) AND (id <= 2642812))

table 7 : explain SELECT id, c FROM sbtest7 WHERE id BETWEEN 2642712 AND 2642812
	Index Scan using sbtest7_pkey on sbtest7  (cost=0.43..416.87 rows=105 width=125)
	  Index Cond: ((id >= 2642712) AND (id <= 2642812))

table 8 : explain SELECT id, c FROM sbtest8 WHERE id BETWEEN 2642712 AND 2642812
	Index Scan using sbtest8_pkey on sbtest8  (cost=0.43..401.11 rows=101 width=125)
	  Index Cond: ((id >= 2642712) AND (id <= 2642812))
for range-notcovered
table 1 : explain SELECT id, c FROM sbtest1 WHERE id BETWEEN 3467950 AND 3468050
	Index Scan using sbtest1_pkey on sbtest1  (cost=0.43..420.91 rows=106 width=125)
	  Index Cond: ((id >= 3467950) AND (id <= 3468050))

table 2 : explain SELECT id, c FROM sbtest2 WHERE id BETWEEN 3467950 AND 3468050
	Index Scan using sbtest2_pkey on sbtest2  (cost=0.43..409.98 rows=103 width=125)
	  Index Cond: ((id >= 3467950) AND (id <= 3468050))

table 3 : explain SELECT id, c FROM sbtest3 WHERE id BETWEEN 3467950 AND 3468050
	Index Scan using sbtest3_pkey on sbtest3  (cost=0.43..401.37 rows=101 width=125)
	  Index Cond: ((id >= 3467950) AND (id <= 3468050))

table 4 : explain SELECT id, c FROM sbtest4 WHERE id BETWEEN 3467950 AND 3468050
	Index Scan using sbtest4_pkey on sbtest4  (cost=0.43..422.99 rows=106 width=125)
	  Index Cond: ((id >= 3467950) AND (id <= 3468050))

table 5 : explain SELECT id, c FROM sbtest5 WHERE id BETWEEN 3467950 AND 3468050
	Index Scan using sbtest5_pkey on sbtest5  (cost=0.43..401.76 rows=101 width=125)
	  Index Cond: ((id >= 3467950) AND (id <= 3468050))

table 6 : explain SELECT id, c FROM sbtest6 WHERE id BETWEEN 3467950 AND 3468050
	Index Scan using sbtest6_pkey on sbtest6  (cost=0.43..350.21 rows=88 width=125)
	  Index Cond: ((id >= 3467950) AND (id <= 3468050))

table 7 : explain SELECT id, c FROM sbtest7 WHERE id BETWEEN 3467950 AND 3468050
	Index Scan using sbtest7_pkey on sbtest7  (cost=0.43..405.09 rows=102 width=125)
	  Index Cond: ((id >= 3467950) AND (id <= 3468050))

table 8 : explain SELECT id, c FROM sbtest8 WHERE id BETWEEN 3467950 AND 3468050
	Index Scan using sbtest8_pkey on sbtest8  (cost=0.43..381.48 rows=96 width=125)
	  Index Cond: ((id >= 3467950) AND (id <= 3468050))


explain: for range-notcovered :: explain SELECT id, c FROM sbtest%d WHERE id BETWEEN 3467950 AND 3468050for range-notcovered
table 1 : explain SELECT id, c FROM sbtest1 WHERE id BETWEEN 3714675 AND 3714775
	Index Scan using sbtest1_pkey on sbtest1  (cost=0.43..381.64 rows=96 width=125)
	  Index Cond: ((id >= 3714675) AND (id <= 3714775))

table 2 : explain SELECT id, c FROM sbtest2 WHERE id BETWEEN 3714675 AND 3714775
	Index Scan using sbtest2_pkey on sbtest2  (cost=0.43..433.60 rows=109 width=125)
	  Index Cond: ((id >= 3714675) AND (id <= 3714775))

table 3 : explain SELECT id, c FROM sbtest3 WHERE id BETWEEN 3714675 AND 3714775
	Index Scan using sbtest3_pkey on sbtest3  (cost=0.43..358.13 rows=90 width=125)
	  Index Cond: ((id >= 3714675) AND (id <= 3714775))

table 4 : explain SELECT id, c FROM sbtest4 WHERE id BETWEEN 3714675 AND 3714775
	Index Scan using sbtest4_pkey on sbtest4  (cost=0.43..446.68 rows=112 width=125)
	  Index Cond: ((id >= 3714675) AND (id <= 3714775))

table 5 : explain SELECT id, c FROM sbtest5 WHERE id BETWEEN 3714675 AND 3714775
	Index Scan using sbtest5_pkey on sbtest5  (cost=0.43..354.55 rows=89 width=125)
	  Index Cond: ((id >= 3714675) AND (id <= 3714775))

table 6 : explain SELECT id, c FROM sbtest6 WHERE id BETWEEN 3714675 AND 3714775
	Index Scan using sbtest6_pkey on sbtest6  (cost=0.43..393.44 rows=99 width=125)
	  Index Cond: ((id >= 3714675) AND (id <= 3714775))

table 7 : explain SELECT id, c FROM sbtest7 WHERE id BETWEEN 3714675 AND 3714775
	Index Scan using sbtest7_pkey on sbtest7  (cost=0.43..416.87 rows=105 width=125)
	  Index Cond: ((id >= 3714675) AND (id <= 3714775))

table 8 : explain SELECT id, c FROM sbtest8 WHERE id BETWEEN 3714675 AND 3714775
	Index Scan using sbtest8_pkey on sbtest8  (cost=0.43..412.89 rows=104 width=125)
	  Index Cond: ((id >= 3714675) AND (id <= 3714775))


explain: for range-notcovered :: explain SELECT id, c FROM sbtest%d WHERE id BETWEEN 2642712 AND 2642812
for range-notcovered
table 1 : explain SELECT id, c FROM sbtest1 WHERE id BETWEEN 6617825 AND 6617925
	Index Scan using sbtest1_pkey on sbtest1  (cost=0.43..393.42 rows=99 width=125)
	  Index Cond: ((id >= 6617825) AND (id <= 6617925))

table 2 : explain SELECT id, c FROM sbtest2 WHERE id BETWEEN 6617825 AND 6617925
	Index Scan using sbtest2_pkey on sbtest2  (cost=0.43..433.60 rows=109 width=125)
	  Index Cond: ((id >= 6617825) AND (id <= 6617925))

table 3 : explain SELECT id, c FROM sbtest3 WHERE id BETWEEN 6617825 AND 6617925
	Index Scan using sbtest3_pkey on sbtest3  (cost=0.43..381.72 rows=96 width=125)
	  Index Cond: ((id >= 6617825) AND (id <= 6617925))

table 4 : explain SELECT id, c FROM sbtest4 WHERE id BETWEEN 6617825 AND 6617925
	Index Scan using sbtest4_pkey on sbtest4  (cost=0.43..387.47 rows=97 width=125)
	  Index Cond: ((id >= 6617825) AND (id <= 6617925))

table 5 : explain SELECT id, c FROM sbtest5 WHERE id BETWEEN 6617825 AND 6617925
	Index Scan using sbtest5_pkey on sbtest5  (cost=0.43..421.43 rows=106 width=125)
	  Index Cond: ((id >= 6617825) AND (id <= 6617925))

table 6 : explain SELECT id, c FROM sbtest6 WHERE id BETWEEN 6617825 AND 6617925
	Index Scan using sbtest6_pkey on sbtest6  (cost=0.43..432.72 rows=109 width=125)
	  Index Cond: ((id >= 6617825) AND (id <= 6617925))

table 7 : explain SELECT id, c FROM sbtest7 WHERE id BETWEEN 6617825 AND 6617925
	Index Scan using sbtest7_pkey on sbtest7  (cost=0.43..436.50 rows=110 width=125)
	  Index Cond: ((id >= 6617825) AND (id <= 6617925))

table 8 : explain SELECT id, c FROM sbtest8 WHERE id BETWEEN 6617825 AND 6617925
	Index Scan using sbtest8_pkey on sbtest8  (cost=0.43..401.11 rows=101 width=125)
	  Index Cond: ((id >= 6617825) AND (id <= 6617925))

explain: for range-notcovered :: explain SELECT id, c FROM sbtest%d WHERE id BETWEEN 6617825 AND 6617925
for range-notcovered
table 1 : explain SELECT id, c FROM sbtest1 WHERE id BETWEEN 4737367 AND 4737467
	Index Scan using sbtest1_pkey on sbtest1  (cost=0.43..369.83 rows=93 width=125)
	  Index Cond: ((id >= 4737367) AND (id <= 4737467))

table 2 : explain SELECT id, c FROM sbtest2 WHERE id BETWEEN 4737367 AND 4737467
	Index Scan using sbtest2_pkey on sbtest2  (cost=0.43..406.05 rows=102 width=125)
	  Index Cond: ((id >= 4737367) AND (id <= 4737467))

table 3 : explain SELECT id, c FROM sbtest3 WHERE id BETWEEN 4737367 AND 4737467
	Index Scan using sbtest3_pkey on sbtest3  (cost=0.43..405.29 rows=102 width=125)
	  Index Cond: ((id >= 4737367) AND (id <= 4737467))

table 4 : explain SELECT id, c FROM sbtest4 WHERE id BETWEEN 4737367 AND 4737467
	Index Scan using sbtest4_pkey on sbtest4  (cost=0.43..383.52 rows=96 width=125)
	  Index Cond: ((id >= 4737367) AND (id <= 4737467))

table 5 : explain SELECT id, c FROM sbtest5 WHERE id BETWEEN 4737367 AND 4737467
	Index Scan using sbtest5_pkey on sbtest5  (cost=0.43..378.17 rows=95 width=125)
	  Index Cond: ((id >= 4737367) AND (id <= 4737467))

table 6 : explain SELECT id, c FROM sbtest6 WHERE id BETWEEN 4737367 AND 4737467
	Index Scan using sbtest6_pkey on sbtest6  (cost=0.43..393.44 rows=99 width=125)
	  Index Cond: ((id >= 4737367) AND (id <= 4737467))

table 7 : explain SELECT id, c FROM sbtest7 WHERE id BETWEEN 4737367 AND 4737467
	Index Scan using sbtest7_pkey on sbtest7  (cost=0.43..381.53 rows=96 width=125)
	  Index Cond: ((id >= 4737367) AND (id <= 4737467))

table 8 : explain SELECT id, c FROM sbtest8 WHERE id BETWEEN 4737367 AND 4737467
	Index Scan using sbtest8_pkey on sbtest8  (cost=0.43..412.89 rows=104 width=125)
	  Index Cond: ((id >= 4737367) AND (id <= 4737467))

for range-notcovered
table 1 : explain SELECT id, c FROM sbtest1 WHERE id BETWEEN 6705801 AND 6705901
	Index Scan using sbtest1_pkey on sbtest1  (cost=0.43..416.98 rows=105 width=125)
	  Index Cond: ((id >= 6705801) AND (id <= 6705901))

table 2 : explain SELECT id, c FROM sbtest2 WHERE id BETWEEN 6705801 AND 6705901
	Index Scan using sbtest2_pkey on sbtest2  (cost=0.43..366.67 rows=92 width=125)
	  Index Cond: ((id >= 6705801) AND (id <= 6705901))

table 3 : explain SELECT id, c FROM sbtest3 WHERE id BETWEEN 6705801 AND 6705901
	Index Scan using sbtest3_pkey on sbtest3  (cost=0.43..417.08 rows=105 width=125)
	  Index Cond: ((id >= 6705801) AND (id <= 6705901))

table 4 : explain SELECT id, c FROM sbtest4 WHERE id BETWEEN 6705801 AND 6705901
	Index Scan using sbtest4_pkey on sbtest4  (cost=0.43..387.47 rows=97 width=125)
	  Index Cond: ((id >= 6705801) AND (id <= 6705901))

table 5 : explain SELECT id, c FROM sbtest5 WHERE id BETWEEN 6705801 AND 6705901
	Index Scan using sbtest5_pkey on sbtest5  (cost=0.43..409.63 rows=103 width=125)
	  Index Cond: ((id >= 6705801) AND (id <= 6705901))

table 6 : explain SELECT id, c FROM sbtest6 WHERE id BETWEEN 6705801 AND 6705901
	Index Scan using sbtest6_pkey on sbtest6  (cost=0.43..362.00 rows=91 width=125)
	  Index Cond: ((id >= 6705801) AND (id <= 6705901))

table 7 : explain SELECT id, c FROM sbtest7 WHERE id BETWEEN 6705801 AND 6705901
	Index Scan using sbtest7_pkey on sbtest7  (cost=0.43..401.16 rows=101 width=125)
	  Index Cond: ((id >= 6705801) AND (id <= 6705901))

table 8 : explain SELECT id, c FROM sbtest8 WHERE id BETWEEN 6705801 AND 6705901
	Index Scan using sbtest8_pkey on sbtest8  (cost=0.43..412.89 rows=104 width=125)
	  Index Cond: ((id >= 6705801) AND (id <= 6705901))

for range-notcovered
table 1 : explain SELECT id, c FROM sbtest1 WHERE id BETWEEN 4442383 AND 4442483
	Index Scan using sbtest1_pkey on sbtest1  (cost=0.43..389.49 rows=98 width=125)
	  Index Cond: ((id >= 4442383) AND (id <= 4442483))

table 2 : explain SELECT id, c FROM sbtest2 WHERE id BETWEEN 4442383 AND 4442483
	Index Scan using sbtest2_pkey on sbtest2  (cost=0.43..406.05 rows=102 width=125)
	  Index Cond: ((id >= 4442383) AND (id <= 4442483))

table 3 : explain SELECT id, c FROM sbtest3 WHERE id BETWEEN 4442383 AND 4442483
	Index Scan using sbtest3_pkey on sbtest3  (cost=0.43..401.37 rows=101 width=125)
	  Index Cond: ((id >= 4442383) AND (id <= 4442483))

table 4 : explain SELECT id, c FROM sbtest4 WHERE id BETWEEN 4442383 AND 4442483
	Index Scan using sbtest4_pkey on sbtest4  (cost=0.43..391.41 rows=98 width=125)
	  Index Cond: ((id >= 4442383) AND (id <= 4442483))

table 5 : explain SELECT id, c FROM sbtest5 WHERE id BETWEEN 4442383 AND 4442483
	Index Scan using sbtest5_pkey on sbtest5  (cost=0.43..437.16 rows=110 width=125)
	  Index Cond: ((id >= 4442383) AND (id <= 4442483))

table 6 : explain SELECT id, c FROM sbtest6 WHERE id BETWEEN 4442383 AND 4442483
	Index Scan using sbtest6_pkey on sbtest6  (cost=0.43..424.86 rows=107 width=125)
	  Index Cond: ((id >= 4442383) AND (id <= 4442483))

table 7 : explain SELECT id, c FROM sbtest7 WHERE id BETWEEN 4442383 AND 4442483
	Index Scan using sbtest7_pkey on sbtest7  (cost=0.43..420.80 rows=106 width=125)
	  Index Cond: ((id >= 4442383) AND (id <= 4442483))

table 8 : explain SELECT id, c FROM sbtest8 WHERE id BETWEEN 4442383 AND 4442483
	Index Scan using sbtest8_pkey on sbtest8  (cost=0.43..408.96 rows=103 width=125)
	  Index Cond: ((id >= 4442383) AND (id <= 4442483))

explain: for range-notcovered :: explain SELECT id, c FROM sbtest%d WHERE id BETWEEN 4737367 AND 4737467
explain: for range-notcovered :: explain SELECT id, c FROM sbtest%d WHERE id BETWEEN 6705801 AND 6705901
for range-notcovered
table 1 : explain SELECT id, c FROM sbtest1 WHERE id BETWEEN 9146038 AND 9146138
	Index Scan using sbtest1_pkey on sbtest1  (cost=0.43..409.13 rows=103 width=125)
	  Index Cond: ((id >= 9146038) AND (id <= 9146138))

table 2 : explain SELECT id, c FROM sbtest2 WHERE id BETWEEN 9146038 AND 9146138
	Index Scan using sbtest2_pkey on sbtest2  (cost=0.43..417.86 rows=105 width=125)
	  Index Cond: ((id >= 9146038) AND (id <= 9146138))

table 3 : explain SELECT id, c FROM sbtest3 WHERE id BETWEEN 9146038 AND 9146138
	Index Scan using sbtest3_pkey on sbtest3  (cost=0.43..421.01 rows=106 width=125)
	  Index Cond: ((id >= 9146038) AND (id <= 9146138))

table 4 : explain SELECT id, c FROM sbtest4 WHERE id BETWEEN 9146038 AND 9146138
	Index Scan using sbtest4_pkey on sbtest4  (cost=0.43..359.81 rows=90 width=125)
	  Index Cond: ((id >= 9146038) AND (id <= 9146138))

table 5 : explain SELECT id, c FROM sbtest5 WHERE id BETWEEN 9146038 AND 9146138
	Index Scan using sbtest5_pkey on sbtest5  (cost=0.43..389.97 rows=98 width=125)
	  Index Cond: ((id >= 9146038) AND (id <= 9146138))

table 6 : explain SELECT id, c FROM sbtest6 WHERE id BETWEEN 9146038 AND 9146138
	Index Scan using sbtest6_pkey on sbtest6  (cost=0.43..432.72 rows=109 width=125)
	  Index Cond: ((id >= 9146038) AND (id <= 9146138))

table 7 : explain SELECT id, c FROM sbtest7 WHERE id BETWEEN 9146038 AND 9146138
	Index Scan using sbtest7_pkey on sbtest7  (cost=0.43..393.31 rows=99 width=125)
	  Index Cond: ((id >= 9146038) AND (id <= 9146138))

table 8 : explain SELECT id, c FROM sbtest8 WHERE id BETWEEN 9146038 AND 9146138
	Index Scan using sbtest8_pkey on sbtest8  (cost=0.43..416.82 rows=105 width=125)
	  Index Cond: ((id >= 9146038) AND (id <= 9146138))

explain: for range-notcovered :: explain SELECT id, c FROM sbtest%d WHERE id BETWEEN 4442383 AND 4442483
for range-notcovered
table 1 : explain SELECT id, c FROM sbtest1 WHERE id BETWEEN 3467950 AND 3468050
	Index Scan using sbtest1_pkey on sbtest1  (cost=0.43..420.91 rows=106 width=125)
	  Index Cond: ((id >= 3467950) AND (id <= 3468050))

table 2 : explain SELECT id, c FROM sbtest2 WHERE id BETWEEN 3467950 AND 3468050
	Index Scan using sbtest2_pkey on sbtest2  (cost=0.43..409.98 rows=103 width=125)
	  Index Cond: ((id >= 3467950) AND (id <= 3468050))

table 3 : explain SELECT id, c FROM sbtest3 WHERE id BETWEEN 3467950 AND 3468050
	Index Scan using sbtest3_pkey on sbtest3  (cost=0.43..401.37 rows=101 width=125)
	  Index Cond: ((id >= 3467950) AND (id <= 3468050))

table 4 : explain SELECT id, c FROM sbtest4 WHERE id BETWEEN 3467950 AND 3468050
	Index Scan using sbtest4_pkey on sbtest4  (cost=0.43..422.99 rows=106 width=125)
	  Index Cond: ((id >= 3467950) AND (id <= 3468050))

table 5 : explain SELECT id, c FROM sbtest5 WHERE id BETWEEN 3467950 AND 3468050
	Index Scan using sbtest5_pkey on sbtest5  (cost=0.43..401.76 rows=101 width=125)
	  Index Cond: ((id >= 3467950) AND (id <= 3468050))

table 6 : explain SELECT id, c FROM sbtest6 WHERE id BETWEEN 3467950 AND 3468050
	Index Scan using sbtest6_pkey on sbtest6  (cost=0.43..350.21 rows=88 width=125)
	  Index Cond: ((id >= 3467950) AND (id <= 3468050))

table 7 : explain SELECT id, c FROM sbtest7 WHERE id BETWEEN 3467950 AND 3468050
	Index Scan using sbtest7_pkey on sbtest7  (cost=0.43..405.09 rows=102 width=125)
	  Index Cond: ((id >= 3467950) AND (id <= 3468050))

table 8 : explain SELECT id, c FROM sbtest8 WHERE id BETWEEN 3467950 AND 3468050
	Index Scan using sbtest8_pkey on sbtest8  (cost=0.43..381.48 rows=96 width=125)
	  Index Cond: ((id >= 3467950) AND (id <= 3468050))

explain: for range-notcovered :: explain SELECT id, c FROM sbtest%d WHERE id BETWEEN 3467950 AND 3468050
for range-notcovered
table 1 : explain SELECT id, c FROM sbtest1 WHERE id BETWEEN 6617825 AND 6617925
	Index Scan using sbtest1_pkey on sbtest1  (cost=0.43..393.42 rows=99 width=125)
	  Index Cond: ((id >= 6617825) AND (id <= 6617925))

table 2 : explain SELECT id, c FROM sbtest2 WHERE id BETWEEN 6617825 AND 6617925
	Index Scan using sbtest2_pkey on sbtest2  (cost=0.43..433.60 rows=109 width=125)
	  Index Cond: ((id >= 6617825) AND (id <= 6617925))

table 3 : explain SELECT id, c FROM sbtest3 WHERE id BETWEEN 6617825 AND 6617925
	Index Scan using sbtest3_pkey on sbtest3  (cost=0.43..381.72 rows=96 width=125)
	  Index Cond: ((id >= 6617825) AND (id <= 6617925))

table 4 : explain SELECT id, c FROM sbtest4 WHERE id BETWEEN 6617825 AND 6617925
	Index Scan using sbtest4_pkey on sbtest4  (cost=0.43..387.47 rows=97 width=125)
	  Index Cond: ((id >= 6617825) AND (id <= 6617925))

table 5 : explain SELECT id, c FROM sbtest5 WHERE id BETWEEN 6617825 AND 6617925
	Index Scan using sbtest5_pkey on sbtest5  (cost=0.43..421.43 rows=106 width=125)
	  Index Cond: ((id >= 6617825) AND (id <= 6617925))

table 6 : explain SELECT id, c FROM sbtest6 WHERE id BETWEEN 6617825 AND 6617925
	Index Scan using sbtest6_pkey on sbtest6  (cost=0.43..432.72 rows=109 width=125)
	  Index Cond: ((id >= 6617825) AND (id <= 6617925))

table 7 : explain SELECT id, c FROM sbtest7 WHERE id BETWEEN 6617825 AND 6617925
	Index Scan using sbtest7_pkey on sbtest7  (cost=0.43..436.50 rows=110 width=125)
	  Index Cond: ((id >= 6617825) AND (id <= 6617925))

table 8 : explain SELECT id, c FROM sbtest8 WHERE id BETWEEN 6617825 AND 6617925
	Index Scan using sbtest8_pkey on sbtest8  (cost=0.43..401.11 rows=101 width=125)
	  Index Cond: ((id >= 6617825) AND (id <= 6617925))

explain: for range-notcovered :: explain SELECT id, c FROM sbtest%d WHERE id BETWEEN 6315371 AND 6315471
for range-notcovered
table 1 : explain SELECT id, c FROM sbtest1 WHERE id BETWEEN 4737367 AND 4737467
	Index Scan using sbtest1_pkey on sbtest1  (cost=0.43..369.83 rows=93 width=125)
	  Index Cond: ((id >= 4737367) AND (id <= 4737467))

table 2 : explain SELECT id, c FROM sbtest2 WHERE id BETWEEN 4737367 AND 4737467
	Index Scan using sbtest2_pkey on sbtest2  (cost=0.43..406.05 rows=102 width=125)
	  Index Cond: ((id >= 4737367) AND (id <= 4737467))

table 3 : explain SELECT id, c FROM sbtest3 WHERE id BETWEEN 4737367 AND 4737467
	Index Scan using sbtest3_pkey on sbtest3  (cost=0.43..405.29 rows=102 width=125)
	  Index Cond: ((id >= 4737367) AND (id <= 4737467))

table 4 : explain SELECT id, c FROM sbtest4 WHERE id BETWEEN 4737367 AND 4737467
	Index Scan using sbtest4_pkey on sbtest4  (cost=0.43..383.52 rows=96 width=125)
	  Index Cond: ((id >= 4737367) AND (id <= 4737467))

table 5 : explain SELECT id, c FROM sbtest5 WHERE id BETWEEN 4737367 AND 4737467
	Index Scan using sbtest5_pkey on sbtest5  (cost=0.43..378.17 rows=95 width=125)
	  Index Cond: ((id >= 4737367) AND (id <= 4737467))

table 6 : explain SELECT id, c FROM sbtest6 WHERE id BETWEEN 4737367 AND 4737467
	Index Scan using sbtest6_pkey on sbtest6  (cost=0.43..393.44 rows=99 width=125)
	  Index Cond: ((id >= 4737367) AND (id <= 4737467))

table 7 : explain SELECT id, c FROM sbtest7 WHERE id BETWEEN 4737367 AND 4737467
	Index Scan using sbtest7_pkey on sbtest7  (cost=0.43..381.53 rows=96 width=125)
	  Index Cond: ((id >= 4737367) AND (id <= 4737467))

table 8 : explain SELECT id, c FROM sbtest8 WHERE id BETWEEN 4737367 AND 4737467
	Index Scan using sbtest8_pkey on sbtest8  (cost=0.43..412.89 rows=104 width=125)
	  Index Cond: ((id >= 4737367) AND (id <= 4737467))

explain: for range-notcovered :: explain SELECT id, c FROM sbtest%d WHERE id BETWEEN 4737367 AND 4737467
explain: for range-notcovered :: explain SELECT id, c FROM sbtest%d WHERE id BETWEEN 9146038 AND 9146138
for range-notcovered
table 1 : explain SELECT id, c FROM sbtest1 WHERE id BETWEEN 3467950 AND 3468050
	Index Scan using sbtest1_pkey on sbtest1  (cost=0.43..420.91 rows=106 width=125)
	  Index Cond: ((id >= 3467950) AND (id <= 3468050))

table 2 : explain SELECT id, c FROM sbtest2 WHERE id BETWEEN 3467950 AND 3468050
	Index Scan using sbtest2_pkey on sbtest2  (cost=0.43..409.98 rows=103 width=125)
	  Index Cond: ((id >= 3467950) AND (id <= 3468050))

table 3 : explain SELECT id, c FROM sbtest3 WHERE id BETWEEN 3467950 AND 3468050
	Index Scan using sbtest3_pkey on sbtest3  (cost=0.43..401.37 rows=101 width=125)
	  Index Cond: ((id >= 3467950) AND (id <= 3468050))

table 4 : explain SELECT id, c FROM sbtest4 WHERE id BETWEEN 3467950 AND 3468050
	Index Scan using sbtest4_pkey on sbtest4  (cost=0.43..422.99 rows=106 width=125)
	  Index Cond: ((id >= 3467950) AND (id <= 3468050))

table 5 : explain SELECT id, c FROM sbtest5 WHERE id BETWEEN 3467950 AND 3468050
	Index Scan using sbtest5_pkey on sbtest5  (cost=0.43..401.76 rows=101 width=125)
	  Index Cond: ((id >= 3467950) AND (id <= 3468050))

table 6 : explain SELECT id, c FROM sbtest6 WHERE id BETWEEN 3467950 AND 3468050
	Index Scan using sbtest6_pkey on sbtest6  (cost=0.43..350.21 rows=88 width=125)
	  Index Cond: ((id >= 3467950) AND (id <= 3468050))

table 7 : explain SELECT id, c FROM sbtest7 WHERE id BETWEEN 3467950 AND 3468050
	Index Scan using sbtest7_pkey on sbtest7  (cost=0.43..405.09 rows=102 width=125)
	  Index Cond: ((id >= 3467950) AND (id <= 3468050))

table 8 : explain SELECT id, c FROM sbtest8 WHERE id BETWEEN 3467950 AND 3468050
	Index Scan using sbtest8_pkey on sbtest8  (cost=0.43..381.48 rows=96 width=125)
	  Index Cond: ((id >= 3467950) AND (id <= 3468050))

explain: for range-notcovered :: explain SELECT id, c FROM sbtest%d WHERE id BETWEEN 3467950 AND 3468050
explain: for range-notcovered :: explain SELECT id, c FROM sbtest%d WHERE id BETWEEN 6264515 AND 6264615
for range-notcovered
table 1 : explain SELECT id, c FROM sbtest1 WHERE id BETWEEN 7336763 AND 7336863
	Index Scan using sbtest1_pkey on sbtest1  (cost=0.43..385.56 rows=97 width=125)
	  Index Cond: ((id >= 7336763) AND (id <= 7336863))

table 2 : explain SELECT id, c FROM sbtest2 WHERE id BETWEEN 7336763 AND 7336863
	Index Scan using sbtest2_pkey on sbtest2  (cost=0.43..406.05 rows=102 width=125)
	  Index Cond: ((id >= 7336763) AND (id <= 7336863))

table 3 : explain SELECT id, c FROM sbtest3 WHERE id BETWEEN 7336763 AND 7336863
	Index Scan using sbtest3_pkey on sbtest3  (cost=0.43..421.01 rows=106 width=125)
	  Index Cond: ((id >= 7336763) AND (id <= 7336863))

table 4 : explain SELECT id, c FROM sbtest4 WHERE id BETWEEN 7336763 AND 7336863
	Index Scan using sbtest4_pkey on sbtest4  (cost=0.43..399.31 rows=100 width=125)
	  Index Cond: ((id >= 7336763) AND (id <= 7336863))

table 5 : explain SELECT id, c FROM sbtest5 WHERE id BETWEEN 7336763 AND 7336863
	Index Scan using sbtest5_pkey on sbtest5  (cost=0.43..397.83 rows=100 width=125)
	  Index Cond: ((id >= 7336763) AND (id <= 7336863))

table 6 : explain SELECT id, c FROM sbtest6 WHERE id BETWEEN 7336763 AND 7336863
	Index Scan using sbtest6_pkey on sbtest6  (cost=0.43..393.44 rows=99 width=125)
	  Index Cond: ((id >= 7336763) AND (id <= 7336863))

table 7 : explain SELECT id, c FROM sbtest7 WHERE id BETWEEN 7336763 AND 7336863
	Index Scan using sbtest7_pkey on sbtest7  (cost=0.43..409.02 rows=103 width=125)
	  Index Cond: ((id >= 7336763) AND (id <= 7336863))

table 8 : explain SELECT id, c FROM sbtest8 WHERE id BETWEEN 7336763 AND 7336863
	Index Scan using sbtest8_pkey on sbtest8  (cost=0.43..405.04 rows=102 width=125)
	  Index Cond: ((id >= 7336763) AND (id <= 7336863))

explain: for range-notcovered :: explain SELECT id, c FROM sbtest%d WHERE id BETWEEN 7336763 AND 7336863
for range-notcovered
table 1 : explain SELECT id, c FROM sbtest1 WHERE id BETWEEN 4737367 AND 4737467
	Index Scan using sbtest1_pkey on sbtest1  (cost=0.43..369.83 rows=93 width=125)
	  Index Cond: ((id >= 4737367) AND (id <= 4737467))

table 2 : explain SELECT id, c FROM sbtest2 WHERE id BETWEEN 4737367 AND 4737467
	Index Scan using sbtest2_pkey on sbtest2  (cost=0.43..406.05 rows=102 width=125)
	  Index Cond: ((id >= 4737367) AND (id <= 4737467))

table 3 : explain SELECT id, c FROM sbtest3 WHERE id BETWEEN 4737367 AND 4737467
	Index Scan using sbtest3_pkey on sbtest3  (cost=0.43..405.29 rows=102 width=125)
	  Index Cond: ((id >= 4737367) AND (id <= 4737467))

table 4 : explain SELECT id, c FROM sbtest4 WHERE id BETWEEN 4737367 AND 4737467
	Index Scan using sbtest4_pkey on sbtest4  (cost=0.43..383.52 rows=96 width=125)
	  Index Cond: ((id >= 4737367) AND (id <= 4737467))

table 5 : explain SELECT id, c FROM sbtest5 WHERE id BETWEEN 4737367 AND 4737467
	Index Scan using sbtest5_pkey on sbtest5  (cost=0.43..378.17 rows=95 width=125)
	  Index Cond: ((id >= 4737367) AND (id <= 4737467))

table 6 : explain SELECT id, c FROM sbtest6 WHERE id BETWEEN 4737367 AND 4737467
	Index Scan using sbtest6_pkey on sbtest6  (cost=0.43..393.44 rows=99 width=125)
	  Index Cond: ((id >= 4737367) AND (id <= 4737467))

table 7 : explain SELECT id, c FROM sbtest7 WHERE id BETWEEN 4737367 AND 4737467
	Index Scan using sbtest7_pkey on sbtest7  (cost=0.43..381.53 rows=96 width=125)
	  Index Cond: ((id >= 4737367) AND (id <= 4737467))

table 8 : explain SELECT id, c FROM sbtest8 WHERE id BETWEEN 4737367 AND 4737467
	Index Scan using sbtest8_pkey on sbtest8  (cost=0.43..412.89 rows=104 width=125)
	  Index Cond: ((id >= 4737367) AND (id <= 4737467))

for range-notcovered
table 1 : explain SELECT id, c FROM sbtest1 WHERE id BETWEEN 6705801 AND 6705901
	Index Scan using sbtest1_pkey on sbtest1  (cost=0.43..416.98 rows=105 width=125)
	  Index Cond: ((id >= 6705801) AND (id <= 6705901))

table 2 : explain SELECT id, c FROM sbtest2 WHERE id BETWEEN 6705801 AND 6705901
	Index Scan using sbtest2_pkey on sbtest2  (cost=0.43..366.67 rows=92 width=125)
	  Index Cond: ((id >= 6705801) AND (id <= 6705901))

table 3 : explain SELECT id, c FROM sbtest3 WHERE id BETWEEN 6705801 AND 6705901
	Index Scan using sbtest3_pkey on sbtest3  (cost=0.43..417.08 rows=105 width=125)
	  Index Cond: ((id >= 6705801) AND (id <= 6705901))

table 4 : explain SELECT id, c FROM sbtest4 WHERE id BETWEEN 6705801 AND 6705901
	Index Scan using sbtest4_pkey on sbtest4  (cost=0.43..387.47 rows=97 width=125)
	  Index Cond: ((id >= 6705801) AND (id <= 6705901))

table 5 : explain SELECT id, c FROM sbtest5 WHERE id BETWEEN 6705801 AND 6705901
	Index Scan using sbtest5_pkey on sbtest5  (cost=0.43..409.63 rows=103 width=125)
	  Index Cond: ((id >= 6705801) AND (id <= 6705901))

table 6 : explain SELECT id, c FROM sbtest6 WHERE id BETWEEN 6705801 AND 6705901
	Index Scan using sbtest6_pkey on sbtest6  (cost=0.43..362.00 rows=91 width=125)
	  Index Cond: ((id >= 6705801) AND (id <= 6705901))

table 7 : explain SELECT id, c FROM sbtest7 WHERE id BETWEEN 6705801 AND 6705901
	Index Scan using sbtest7_pkey on sbtest7  (cost=0.43..401.16 rows=101 width=125)
	  Index Cond: ((id >= 6705801) AND (id <= 6705901))

table 8 : explain SELECT id, c FROM sbtest8 WHERE id BETWEEN 6705801 AND 6705901
	Index Scan using sbtest8_pkey on sbtest8  (cost=0.43..412.89 rows=104 width=125)
	  Index Cond: ((id >= 6705801) AND (id <= 6705901))

explain: for range-notcovered :: explain SELECT id, c FROM sbtest%d WHERE id BETWEEN 4737367 AND 4737467
for range-notcovered
table 1 : explain SELECT id, c FROM sbtest1 WHERE id BETWEEN 2642712 AND 2642812
	Index Scan using sbtest1_pkey on sbtest1  (cost=0.43..397.35 rows=100 width=125)
	  Index Cond: ((id >= 2642712) AND (id <= 2642812))

table 2 : explain SELECT id, c FROM sbtest2 WHERE id BETWEEN 2642712 AND 2642812
	Index Scan using sbtest2_pkey on sbtest2  (cost=0.43..409.98 rows=103 width=125)
	  Index Cond: ((id >= 2642712) AND (id <= 2642812))

table 3 : explain SELECT id, c FROM sbtest3 WHERE id BETWEEN 2642712 AND 2642812
	Index Scan using sbtest3_pkey on sbtest3  (cost=0.43..421.01 rows=106 width=125)
	  Index Cond: ((id >= 2642712) AND (id <= 2642812))

table 4 : explain SELECT id, c FROM sbtest4 WHERE id BETWEEN 2642712 AND 2642812
	Index Scan using sbtest4_pkey on sbtest4  (cost=0.43..387.47 rows=97 width=125)
	  Index Cond: ((id >= 2642712) AND (id <= 2642812))

table 5 : explain SELECT id, c FROM sbtest5 WHERE id BETWEEN 2642712 AND 2642812
	Index Scan using sbtest5_pkey on sbtest5  (cost=0.43..405.70 rows=102 width=125)
	  Index Cond: ((id >= 2642712) AND (id <= 2642812))

table 6 : explain SELECT id, c FROM sbtest6 WHERE id BETWEEN 2642712 AND 2642812
	Index Scan using sbtest6_pkey on sbtest6  (cost=0.43..373.80 rows=94 width=125)
	  Index Cond: ((id >= 2642712) AND (id <= 2642812))

table 7 : explain SELECT id, c FROM sbtest7 WHERE id BETWEEN 2642712 AND 2642812
	Index Scan using sbtest7_pkey on sbtest7  (cost=0.43..416.87 rows=105 width=125)
	  Index Cond: ((id >= 2642712) AND (id <= 2642812))

table 8 : explain SELECT id, c FROM sbtest8 WHERE id BETWEEN 2642712 AND 2642812
	Index Scan using sbtest8_pkey on sbtest8  (cost=0.43..401.11 rows=101 width=125)
	  Index Cond: ((id >= 2642712) AND (id <= 2642812))

for range-notcovered
table 1 : explain SELECT id, c FROM sbtest1 WHERE id BETWEEN 3467950 AND 3468050
	Index Scan using sbtest1_pkey on sbtest1  (cost=0.43..420.91 rows=106 width=125)
	  Index Cond: ((id >= 3467950) AND (id <= 3468050))

table 2 : explain SELECT id, c FROM sbtest2 WHERE id BETWEEN 3467950 AND 3468050
	Index Scan using sbtest2_pkey on sbtest2  (cost=0.43..409.98 rows=103 width=125)
	  Index Cond: ((id >= 3467950) AND (id <= 3468050))

table 3 : explain SELECT id, c FROM sbtest3 WHERE id BETWEEN 3467950 AND 3468050
	Index Scan using sbtest3_pkey on sbtest3  (cost=0.43..401.37 rows=101 width=125)
	  Index Cond: ((id >= 3467950) AND (id <= 3468050))

table 4 : explain SELECT id, c FROM sbtest4 WHERE id BETWEEN 3467950 AND 3468050
	Index Scan using sbtest4_pkey on sbtest4  (cost=0.43..422.99 rows=106 width=125)
	  Index Cond: ((id >= 3467950) AND (id <= 3468050))

table 5 : explain SELECT id, c FROM sbtest5 WHERE id BETWEEN 3467950 AND 3468050
	Index Scan using sbtest5_pkey on sbtest5  (cost=0.43..401.76 rows=101 width=125)
	  Index Cond: ((id >= 3467950) AND (id <= 3468050))

table 6 : explain SELECT id, c FROM sbtest6 WHERE id BETWEEN 3467950 AND 3468050
	Index Scan using sbtest6_pkey on sbtest6  (cost=0.43..350.21 rows=88 width=125)
	  Index Cond: ((id >= 3467950) AND (id <= 3468050))

table 7 : explain SELECT id, c FROM sbtest7 WHERE id BETWEEN 3467950 AND 3468050
	Index Scan using sbtest7_pkey on sbtest7  (cost=0.43..405.09 rows=102 width=125)
	  Index Cond: ((id >= 3467950) AND (id <= 3468050))

table 8 : explain SELECT id, c FROM sbtest8 WHERE id BETWEEN 3467950 AND 3468050
	Index Scan using sbtest8_pkey on sbtest8  (cost=0.43..381.48 rows=96 width=125)
	  Index Cond: ((id >= 3467950) AND (id <= 3468050))

explain: for range-notcovered :: explain SELECT id, c FROM sbtest%d WHERE id BETWEEN 3467950 AND 3468050
for range-notcovered
table 1 : explain SELECT id, c FROM sbtest1 WHERE id BETWEEN 7336763 AND 7336863
	Index Scan using sbtest1_pkey on sbtest1  (cost=0.43..385.56 rows=97 width=125)
	  Index Cond: ((id >= 7336763) AND (id <= 7336863))

table 2 : explain SELECT id, c FROM sbtest2 WHERE id BETWEEN 7336763 AND 7336863
	Index Scan using sbtest2_pkey on sbtest2  (cost=0.43..406.05 rows=102 width=125)
	  Index Cond: ((id >= 7336763) AND (id <= 7336863))

table 3 : explain SELECT id, c FROM sbtest3 WHERE id BETWEEN 7336763 AND 7336863
	Index Scan using sbtest3_pkey on sbtest3  (cost=0.43..421.01 rows=106 width=125)
	  Index Cond: ((id >= 7336763) AND (id <= 7336863))

table 4 : explain SELECT id, c FROM sbtest4 WHERE id BETWEEN 7336763 AND 7336863
	Index Scan using sbtest4_pkey on sbtest4  (cost=0.43..399.31 rows=100 width=125)
	  Index Cond: ((id >= 7336763) AND (id <= 7336863))

table 5 : explain SELECT id, c FROM sbtest5 WHERE id BETWEEN 7336763 AND 7336863
	Index Scan using sbtest5_pkey on sbtest5  (cost=0.43..397.83 rows=100 width=125)
	  Index Cond: ((id >= 7336763) AND (id <= 7336863))

table 6 : explain SELECT id, c FROM sbtest6 WHERE id BETWEEN 7336763 AND 7336863
	Index Scan using sbtest6_pkey on sbtest6  (cost=0.43..393.44 rows=99 width=125)
	  Index Cond: ((id >= 7336763) AND (id <= 7336863))

table 7 : explain SELECT id, c FROM sbtest7 WHERE id BETWEEN 7336763 AND 7336863
	Index Scan using sbtest7_pkey on sbtest7  (cost=0.43..409.02 rows=103 width=125)
	  Index Cond: ((id >= 7336763) AND (id <= 7336863))

table 8 : explain SELECT id, c FROM sbtest8 WHERE id BETWEEN 7336763 AND 7336863
	Index Scan using sbtest8_pkey on sbtest8  (cost=0.43..405.04 rows=102 width=125)
	  Index Cond: ((id >= 7336763) AND (id <= 7336863))

explain: for range-notcovered :: explain SELECT id, c FROM sbtest%d WHERE id BETWEEN 7336763 AND 7336863
for range-notcovered
table 1 : explain SELECT id, c FROM sbtest1 WHERE id BETWEEN 4737367 AND 4737467
	Index Scan using sbtest1_pkey on sbtest1  (cost=0.43..369.83 rows=93 width=125)
	  Index Cond: ((id >= 4737367) AND (id <= 4737467))

table 2 : explain SELECT id, c FROM sbtest2 WHERE id BETWEEN 4737367 AND 4737467
	Index Scan using sbtest2_pkey on sbtest2  (cost=0.43..406.05 rows=102 width=125)
	  Index Cond: ((id >= 4737367) AND (id <= 4737467))

table 3 : explain SELECT id, c FROM sbtest3 WHERE id BETWEEN 4737367 AND 4737467
	Index Scan using sbtest3_pkey on sbtest3  (cost=0.43..405.29 rows=102 width=125)
	  Index Cond: ((id >= 4737367) AND (id <= 4737467))

table 4 : explain SELECT id, c FROM sbtest4 WHERE id BETWEEN 4737367 AND 4737467
	Index Scan using sbtest4_pkey on sbtest4  (cost=0.43..383.52 rows=96 width=125)
	  Index Cond: ((id >= 4737367) AND (id <= 4737467))

table 5 : explain SELECT id, c FROM sbtest5 WHERE id BETWEEN 4737367 AND 4737467
	Index Scan using sbtest5_pkey on sbtest5  (cost=0.43..378.17 rows=95 width=125)
	  Index Cond: ((id >= 4737367) AND (id <= 4737467))

table 6 : explain SELECT id, c FROM sbtest6 WHERE id BETWEEN 4737367 AND 4737467
	Index Scan using sbtest6_pkey on sbtest6  (cost=0.43..393.44 rows=99 width=125)
	  Index Cond: ((id >= 4737367) AND (id <= 4737467))

table 7 : explain SELECT id, c FROM sbtest7 WHERE id BETWEEN 4737367 AND 4737467
	Index Scan using sbtest7_pkey on sbtest7  (cost=0.43..381.53 rows=96 width=125)
	  Index Cond: ((id >= 4737367) AND (id <= 4737467))

table 8 : explain SELECT id, c FROM sbtest8 WHERE id BETWEEN 4737367 AND 4737467
	Index Scan using sbtest8_pkey on sbtest8  (cost=0.43..412.89 rows=104 width=125)
	  Index Cond: ((id >= 4737367) AND (id <= 4737467))

explain: for range-notcovered :: explain SELECT id, c FROM sbtest%d WHERE id BETWEEN 4737367 AND 4737467
for range-notcovered
table 1 : explain SELECT id, c FROM sbtest1 WHERE id BETWEEN 4442383 AND 4442483
	Index Scan using sbtest1_pkey on sbtest1  (cost=0.43..389.49 rows=98 width=125)
	  Index Cond: ((id >= 4442383) AND (id <= 4442483))

table 2 : explain SELECT id, c FROM sbtest2 WHERE id BETWEEN 4442383 AND 4442483
	Index Scan using sbtest2_pkey on sbtest2  (cost=0.43..406.05 rows=102 width=125)
	  Index Cond: ((id >= 4442383) AND (id <= 4442483))

table 3 : explain SELECT id, c FROM sbtest3 WHERE id BETWEEN 4442383 AND 4442483
	Index Scan using sbtest3_pkey on sbtest3  (cost=0.43..401.37 rows=101 width=125)
	  Index Cond: ((id >= 4442383) AND (id <= 4442483))

table 4 : explain SELECT id, c FROM sbtest4 WHERE id BETWEEN 4442383 AND 4442483
	Index Scan using sbtest4_pkey on sbtest4  (cost=0.43..391.41 rows=98 width=125)
	  Index Cond: ((id >= 4442383) AND (id <= 4442483))

table 5 : explain SELECT id, c FROM sbtest5 WHERE id BETWEEN 4442383 AND 4442483
	Index Scan using sbtest5_pkey on sbtest5  (cost=0.43..437.16 rows=110 width=125)
	  Index Cond: ((id >= 4442383) AND (id <= 4442483))

table 6 : explain SELECT id, c FROM sbtest6 WHERE id BETWEEN 4442383 AND 4442483
	Index Scan using sbtest6_pkey on sbtest6  (cost=0.43..424.86 rows=107 width=125)
	  Index Cond: ((id >= 4442383) AND (id <= 4442483))

table 7 : explain SELECT id, c FROM sbtest7 WHERE id BETWEEN 4442383 AND 4442483
	Index Scan using sbtest7_pkey on sbtest7  (cost=0.43..420.80 rows=106 width=125)
	  Index Cond: ((id >= 4442383) AND (id <= 4442483))

table 8 : explain SELECT id, c FROM sbtest8 WHERE id BETWEEN 4442383 AND 4442483
	Index Scan using sbtest8_pkey on sbtest8  (cost=0.43..408.96 rows=103 width=125)
	  Index Cond: ((id >= 4442383) AND (id <= 4442483))

explain: for range-notcovered :: explain SELECT id, c FROM sbtest%d WHERE id BETWEEN 4442383 AND 4442483
for range-notcovered
table 1 : explain SELECT id, c FROM sbtest1 WHERE id BETWEEN 3467950 AND 3468050
	Index Scan using sbtest1_pkey on sbtest1  (cost=0.43..420.91 rows=106 width=125)
	  Index Cond: ((id >= 3467950) AND (id <= 3468050))

table 2 : explain SELECT id, c FROM sbtest2 WHERE id BETWEEN 3467950 AND 3468050
	Index Scan using sbtest2_pkey on sbtest2  (cost=0.43..409.98 rows=103 width=125)
	  Index Cond: ((id >= 3467950) AND (id <= 3468050))

table 3 : explain SELECT id, c FROM sbtest3 WHERE id BETWEEN 3467950 AND 3468050
	Index Scan using sbtest3_pkey on sbtest3  (cost=0.43..401.37 rows=101 width=125)
	  Index Cond: ((id >= 3467950) AND (id <= 3468050))

table 4 : explain SELECT id, c FROM sbtest4 WHERE id BETWEEN 3467950 AND 3468050
	Index Scan using sbtest4_pkey on sbtest4  (cost=0.43..422.99 rows=106 width=125)
	  Index Cond: ((id >= 3467950) AND (id <= 3468050))

table 5 : explain SELECT id, c FROM sbtest5 WHERE id BETWEEN 3467950 AND 3468050
	Index Scan using sbtest5_pkey on sbtest5  (cost=0.43..401.76 rows=101 width=125)
	  Index Cond: ((id >= 3467950) AND (id <= 3468050))

table 6 : explain SELECT id, c FROM sbtest6 WHERE id BETWEEN 3467950 AND 3468050
	Index Scan using sbtest6_pkey on sbtest6  (cost=0.43..350.21 rows=88 width=125)
	  Index Cond: ((id >= 3467950) AND (id <= 3468050))

table 7 : explain SELECT id, c FROM sbtest7 WHERE id BETWEEN 3467950 AND 3468050
	Index Scan using sbtest7_pkey on sbtest7  (cost=0.43..405.09 rows=102 width=125)
	  Index Cond: ((id >= 3467950) AND (id <= 3468050))

table 8 : explain SELECT id, c FROM sbtest8 WHERE id BETWEEN 3467950 AND 3468050
	Index Scan using sbtest8_pkey on sbtest8  (cost=0.43..381.48 rows=96 width=125)
	  Index Cond: ((id >= 3467950) AND (id <= 3468050))

explain: for range-notcovered :: explain SELECT id, c FROM sbtest%d WHERE id BETWEEN 3467950 AND 3468050
for range-notcovered
table 1 : explain SELECT id, c FROM sbtest1 WHERE id BETWEEN 7336763 AND 7336863
	Index Scan using sbtest1_pkey on sbtest1  (cost=0.43..385.56 rows=97 width=125)
	  Index Cond: ((id >= 7336763) AND (id <= 7336863))

table 2 : explain SELECT id, c FROM sbtest2 WHERE id BETWEEN 7336763 AND 7336863
	Index Scan using sbtest2_pkey on sbtest2  (cost=0.43..406.05 rows=102 width=125)
	  Index Cond: ((id >= 7336763) AND (id <= 7336863))

table 3 : explain SELECT id, c FROM sbtest3 WHERE id BETWEEN 7336763 AND 7336863
	Index Scan using sbtest3_pkey on sbtest3  (cost=0.43..421.01 rows=106 width=125)
	  Index Cond: ((id >= 7336763) AND (id <= 7336863))

table 4 : explain SELECT id, c FROM sbtest4 WHERE id BETWEEN 7336763 AND 7336863
	Index Scan using sbtest4_pkey on sbtest4  (cost=0.43..399.31 rows=100 width=125)
	  Index Cond: ((id >= 7336763) AND (id <= 7336863))

table 5 : explain SELECT id, c FROM sbtest5 WHERE id BETWEEN 7336763 AND 7336863
	Index Scan using sbtest5_pkey on sbtest5  (cost=0.43..397.83 rows=100 width=125)
	  Index Cond: ((id >= 7336763) AND (id <= 7336863))

table 6 : explain SELECT id, c FROM sbtest6 WHERE id BETWEEN 7336763 AND 7336863
	Index Scan using sbtest6_pkey on sbtest6  (cost=0.43..393.44 rows=99 width=125)
	  Index Cond: ((id >= 7336763) AND (id <= 7336863))

table 7 : explain SELECT id, c FROM sbtest7 WHERE id BETWEEN 7336763 AND 7336863
	Index Scan using sbtest7_pkey on sbtest7  (cost=0.43..409.02 rows=103 width=125)
	  Index Cond: ((id >= 7336763) AND (id <= 7336863))

table 8 : explain SELECT id, c FROM sbtest8 WHERE id BETWEEN 7336763 AND 7336863
	Index Scan using sbtest8_pkey on sbtest8  (cost=0.43..405.04 rows=102 width=125)
	  Index Cond: ((id >= 7336763) AND (id <= 7336863))

explain: for range-notcovered :: explain SELECT id, c FROM sbtest%d WHERE id BETWEEN 7591153 AND 7591253
explain: for range-notcovered :: explain SELECT id, c FROM sbtest%d WHERE id BETWEEN 7336763 AND 7336863
for range-notcovered
table 1 : explain SELECT id, c FROM sbtest1 WHERE id BETWEEN 4737367 AND 4737467
	Index Scan using sbtest1_pkey on sbtest1  (cost=0.43..369.83 rows=93 width=125)
	  Index Cond: ((id >= 4737367) AND (id <= 4737467))

table 2 : explain SELECT id, c FROM sbtest2 WHERE id BETWEEN 4737367 AND 4737467
	Index Scan using sbtest2_pkey on sbtest2  (cost=0.43..406.05 rows=102 width=125)
	  Index Cond: ((id >= 4737367) AND (id <= 4737467))

table 3 : explain SELECT id, c FROM sbtest3 WHERE id BETWEEN 4737367 AND 4737467
	Index Scan using sbtest3_pkey on sbtest3  (cost=0.43..405.29 rows=102 width=125)
	  Index Cond: ((id >= 4737367) AND (id <= 4737467))

table 4 : explain SELECT id, c FROM sbtest4 WHERE id BETWEEN 4737367 AND 4737467
	Index Scan using sbtest4_pkey on sbtest4  (cost=0.43..383.52 rows=96 width=125)
	  Index Cond: ((id >= 4737367) AND (id <= 4737467))

table 5 : explain SELECT id, c FROM sbtest5 WHERE id BETWEEN 4737367 AND 4737467
	Index Scan using sbtest5_pkey on sbtest5  (cost=0.43..378.17 rows=95 width=125)
	  Index Cond: ((id >= 4737367) AND (id <= 4737467))

table 6 : explain SELECT id, c FROM sbtest6 WHERE id BETWEEN 4737367 AND 4737467
	Index Scan using sbtest6_pkey on sbtest6  (cost=0.43..393.44 rows=99 width=125)
	  Index Cond: ((id >= 4737367) AND (id <= 4737467))

table 7 : explain SELECT id, c FROM sbtest7 WHERE id BETWEEN 4737367 AND 4737467
	Index Scan using sbtest7_pkey on sbtest7  (cost=0.43..381.53 rows=96 width=125)
	  Index Cond: ((id >= 4737367) AND (id <= 4737467))

table 8 : explain SELECT id, c FROM sbtest8 WHERE id BETWEEN 4737367 AND 4737467
	Index Scan using sbtest8_pkey on sbtest8  (cost=0.43..412.89 rows=104 width=125)
	  Index Cond: ((id >= 4737367) AND (id <= 4737467))

explain: for range-notcovered :: explain SELECT id, c FROM sbtest%d WHERE id BETWEEN 4737367 AND 4737467
for range-notcovered
table 1 : explain SELECT id, c FROM sbtest1 WHERE id BETWEEN 9146038 AND 9146138
	Index Scan using sbtest1_pkey on sbtest1  (cost=0.43..409.13 rows=103 width=125)
	  Index Cond: ((id >= 9146038) AND (id <= 9146138))

table 2 : explain SELECT id, c FROM sbtest2 WHERE id BETWEEN 9146038 AND 9146138
	Index Scan using sbtest2_pkey on sbtest2  (cost=0.43..417.86 rows=105 width=125)
	  Index Cond: ((id >= 9146038) AND (id <= 9146138))

table 3 : explain SELECT id, c FROM sbtest3 WHERE id BETWEEN 9146038 AND 9146138
	Index Scan using sbtest3_pkey on sbtest3  (cost=0.43..421.01 rows=106 width=125)
	  Index Cond: ((id >= 9146038) AND (id <= 9146138))

table 4 : explain SELECT id, c FROM sbtest4 WHERE id BETWEEN 9146038 AND 9146138
	Index Scan using sbtest4_pkey on sbtest4  (cost=0.43..359.81 rows=90 width=125)
	  Index Cond: ((id >= 9146038) AND (id <= 9146138))

table 5 : explain SELECT id, c FROM sbtest5 WHERE id BETWEEN 9146038 AND 9146138
	Index Scan using sbtest5_pkey on sbtest5  (cost=0.43..389.97 rows=98 width=125)
	  Index Cond: ((id >= 9146038) AND (id <= 9146138))

table 6 : explain SELECT id, c FROM sbtest6 WHERE id BETWEEN 9146038 AND 9146138
	Index Scan using sbtest6_pkey on sbtest6  (cost=0.43..432.72 rows=109 width=125)
	  Index Cond: ((id >= 9146038) AND (id <= 9146138))

table 7 : explain SELECT id, c FROM sbtest7 WHERE id BETWEEN 9146038 AND 9146138
	Index Scan using sbtest7_pkey on sbtest7  (cost=0.43..393.31 rows=99 width=125)
	  Index Cond: ((id >= 9146038) AND (id <= 9146138))

table 8 : explain SELECT id, c FROM sbtest8 WHERE id BETWEEN 9146038 AND 9146138
	Index Scan using sbtest8_pkey on sbtest8  (cost=0.43..416.82 rows=105 width=125)
	  Index Cond: ((id >= 9146038) AND (id <= 9146138))

explain: for range-notcovered :: explain SELECT id, c FROM sbtest%d WHERE id BETWEEN 9146038 AND 9146138
for range-notcovered
table 1 : explain SELECT id, c FROM sbtest1 WHERE id BETWEEN 3467950 AND 3468050
	Index Scan using sbtest1_pkey on sbtest1  (cost=0.43..420.91 rows=106 width=125)
	  Index Cond: ((id >= 3467950) AND (id <= 3468050))

table 2 : explain SELECT id, c FROM sbtest2 WHERE id BETWEEN 3467950 AND 3468050
	Index Scan using sbtest2_pkey on sbtest2  (cost=0.43..409.98 rows=103 width=125)
	  Index Cond: ((id >= 3467950) AND (id <= 3468050))

table 3 : explain SELECT id, c FROM sbtest3 WHERE id BETWEEN 3467950 AND 3468050
	Index Scan using sbtest3_pkey on sbtest3  (cost=0.43..401.37 rows=101 width=125)
	  Index Cond: ((id >= 3467950) AND (id <= 3468050))

table 4 : explain SELECT id, c FROM sbtest4 WHERE id BETWEEN 3467950 AND 3468050
	Index Scan using sbtest4_pkey on sbtest4  (cost=0.43..422.99 rows=106 width=125)
	  Index Cond: ((id >= 3467950) AND (id <= 3468050))

table 5 : explain SELECT id, c FROM sbtest5 WHERE id BETWEEN 3467950 AND 3468050
	Index Scan using sbtest5_pkey on sbtest5  (cost=0.43..401.76 rows=101 width=125)
	  Index Cond: ((id >= 3467950) AND (id <= 3468050))

table 6 : explain SELECT id, c FROM sbtest6 WHERE id BETWEEN 3467950 AND 3468050
	Index Scan using sbtest6_pkey on sbtest6  (cost=0.43..350.21 rows=88 width=125)
	  Index Cond: ((id >= 3467950) AND (id <= 3468050))

table 7 : explain SELECT id, c FROM sbtest7 WHERE id BETWEEN 3467950 AND 3468050
	Index Scan using sbtest7_pkey on sbtest7  (cost=0.43..405.09 rows=102 width=125)
	  Index Cond: ((id >= 3467950) AND (id <= 3468050))

table 8 : explain SELECT id, c FROM sbtest8 WHERE id BETWEEN 3467950 AND 3468050
	Index Scan using sbtest8_pkey on sbtest8  (cost=0.43..381.48 rows=96 width=125)
	  Index Cond: ((id >= 3467950) AND (id <= 3468050))

for range-notcovered
table 1 : explain SELECT id, c FROM sbtest1 WHERE id BETWEEN 7336763 AND 7336863
	Index Scan using sbtest1_pkey on sbtest1  (cost=0.43..385.56 rows=97 width=125)
	  Index Cond: ((id >= 7336763) AND (id <= 7336863))

table 2 : explain SELECT id, c FROM sbtest2 WHERE id BETWEEN 7336763 AND 7336863
	Index Scan using sbtest2_pkey on sbtest2  (cost=0.43..406.05 rows=102 width=125)
	  Index Cond: ((id >= 7336763) AND (id <= 7336863))

table 3 : explain SELECT id, c FROM sbtest3 WHERE id BETWEEN 7336763 AND 7336863
	Index Scan using sbtest3_pkey on sbtest3  (cost=0.43..421.01 rows=106 width=125)
	  Index Cond: ((id >= 7336763) AND (id <= 7336863))

table 4 : explain SELECT id, c FROM sbtest4 WHERE id BETWEEN 7336763 AND 7336863
	Index Scan using sbtest4_pkey on sbtest4  (cost=0.43..399.31 rows=100 width=125)
	  Index Cond: ((id >= 7336763) AND (id <= 7336863))

table 5 : explain SELECT id, c FROM sbtest5 WHERE id BETWEEN 7336763 AND 7336863
	Index Scan using sbtest5_pkey on sbtest5  (cost=0.43..397.83 rows=100 width=125)
	  Index Cond: ((id >= 7336763) AND (id <= 7336863))

table 6 : explain SELECT id, c FROM sbtest6 WHERE id BETWEEN 7336763 AND 7336863
	Index Scan using sbtest6_pkey on sbtest6  (cost=0.43..393.44 rows=99 width=125)
	  Index Cond: ((id >= 7336763) AND (id <= 7336863))

table 7 : explain SELECT id, c FROM sbtest7 WHERE id BETWEEN 7336763 AND 7336863
	Index Scan using sbtest7_pkey on sbtest7  (cost=0.43..409.02 rows=103 width=125)
	  Index Cond: ((id >= 7336763) AND (id <= 7336863))

table 8 : explain SELECT id, c FROM sbtest8 WHERE id BETWEEN 7336763 AND 7336863
	Index Scan using sbtest8_pkey on sbtest8  (cost=0.43..405.04 rows=102 width=125)
	  Index Cond: ((id >= 7336763) AND (id <= 7336863))

explain: for range-notcovered :: explain SELECT id, c FROM sbtest%d WHERE id BETWEEN 7336763 AND 7336863
for range-notcovered
table 1 : explain SELECT id, c FROM sbtest1 WHERE id BETWEEN 4737367 AND 4737467
	Index Scan using sbtest1_pkey on sbtest1  (cost=0.43..369.83 rows=93 width=125)
	  Index Cond: ((id >= 4737367) AND (id <= 4737467))

table 2 : explain SELECT id, c FROM sbtest2 WHERE id BETWEEN 4737367 AND 4737467
	Index Scan using sbtest2_pkey on sbtest2  (cost=0.43..406.05 rows=102 width=125)
	  Index Cond: ((id >= 4737367) AND (id <= 4737467))

table 3 : explain SELECT id, c FROM sbtest3 WHERE id BETWEEN 4737367 AND 4737467
	Index Scan using sbtest3_pkey on sbtest3  (cost=0.43..405.29 rows=102 width=125)
	  Index Cond: ((id >= 4737367) AND (id <= 4737467))

table 4 : explain SELECT id, c FROM sbtest4 WHERE id BETWEEN 4737367 AND 4737467
	Index Scan using sbtest4_pkey on sbtest4  (cost=0.43..383.52 rows=96 width=125)
	  Index Cond: ((id >= 4737367) AND (id <= 4737467))

table 5 : explain SELECT id, c FROM sbtest5 WHERE id BETWEEN 4737367 AND 4737467
	Index Scan using sbtest5_pkey on sbtest5  (cost=0.43..378.17 rows=95 width=125)
	  Index Cond: ((id >= 4737367) AND (id <= 4737467))

table 6 : explain SELECT id, c FROM sbtest6 WHERE id BETWEEN 4737367 AND 4737467
	Index Scan using sbtest6_pkey on sbtest6  (cost=0.43..393.44 rows=99 width=125)
	  Index Cond: ((id >= 4737367) AND (id <= 4737467))

table 7 : explain SELECT id, c FROM sbtest7 WHERE id BETWEEN 4737367 AND 4737467
	Index Scan using sbtest7_pkey on sbtest7  (cost=0.43..381.53 rows=96 width=125)
	  Index Cond: ((id >= 4737367) AND (id <= 4737467))

table 8 : explain SELECT id, c FROM sbtest8 WHERE id BETWEEN 4737367 AND 4737467
	Index Scan using sbtest8_pkey on sbtest8  (cost=0.43..412.89 rows=104 width=125)
	  Index Cond: ((id >= 4737367) AND (id <= 4737467))

for range-notcovered
table 1 : explain SELECT id, c FROM sbtest1 WHERE id BETWEEN 4324024 AND 4324124
	Index Scan using sbtest1_pkey on sbtest1  (cost=0.43..401.27 rows=101 width=125)
	  Index Cond: ((id >= 4324024) AND (id <= 4324124))

table 2 : explain SELECT id, c FROM sbtest2 WHERE id BETWEEN 4324024 AND 4324124
	Index Scan using sbtest2_pkey on sbtest2  (cost=0.43..398.18 rows=100 width=125)
	  Index Cond: ((id >= 4324024) AND (id <= 4324124))

table 3 : explain SELECT id, c FROM sbtest3 WHERE id BETWEEN 4324024 AND 4324124
	Index Scan using sbtest3_pkey on sbtest3  (cost=0.43..385.65 rows=97 width=125)
	  Index Cond: ((id >= 4324024) AND (id <= 4324124))

table 4 : explain SELECT id, c FROM sbtest4 WHERE id BETWEEN 4324024 AND 4324124
	Index Scan using sbtest4_pkey on sbtest4  (cost=0.43..422.99 rows=106 width=125)
	  Index Cond: ((id >= 4324024) AND (id <= 4324124))

table 5 : explain SELECT id, c FROM sbtest5 WHERE id BETWEEN 4324024 AND 4324124
	Index Scan using sbtest5_pkey on sbtest5  (cost=0.43..397.83 rows=100 width=125)
	  Index Cond: ((id >= 4324024) AND (id <= 4324124))

table 6 : explain SELECT id, c FROM sbtest6 WHERE id BETWEEN 4324024 AND 4324124
	Index Scan using sbtest6_pkey on sbtest6  (cost=0.43..405.23 rows=102 width=125)
	  Index Cond: ((id >= 4324024) AND (id <= 4324124))

table 7 : explain SELECT id, c FROM sbtest7 WHERE id BETWEEN 4324024 AND 4324124
	Index Scan using sbtest7_pkey on sbtest7  (cost=0.43..389.39 rows=98 width=125)
	  Index Cond: ((id >= 4324024) AND (id <= 4324124))

table 8 : explain SELECT id, c FROM sbtest8 WHERE id BETWEEN 4324024 AND 4324124
	Index Scan using sbtest8_pkey on sbtest8  (cost=0.43..416.82 rows=105 width=125)
	  Index Cond: ((id >= 4324024) AND (id <= 4324124))

explain: for range-notcovered :: explain SELECT id, c FROM sbtest%d WHERE id BETWEEN 4737367 AND 4737467
explain: for range-notcovered :: explain SELECT id, c FROM sbtest%d WHERE id BETWEEN 4324024 AND 4324124
for range-notcovered
table 1 : explain SELECT id, c FROM sbtest1 WHERE id BETWEEN 4442383 AND 4442483
	Index Scan using sbtest1_pkey on sbtest1  (cost=0.43..389.49 rows=98 width=125)
	  Index Cond: ((id >= 4442383) AND (id <= 4442483))

table 2 : explain SELECT id, c FROM sbtest2 WHERE id BETWEEN 4442383 AND 4442483
	Index Scan using sbtest2_pkey on sbtest2  (cost=0.43..406.05 rows=102 width=125)
	  Index Cond: ((id >= 4442383) AND (id <= 4442483))

table 3 : explain SELECT id, c FROM sbtest3 WHERE id BETWEEN 4442383 AND 4442483
	Index Scan using sbtest3_pkey on sbtest3  (cost=0.43..401.37 rows=101 width=125)
	  Index Cond: ((id >= 4442383) AND (id <= 4442483))

table 4 : explain SELECT id, c FROM sbtest4 WHERE id BETWEEN 4442383 AND 4442483
	Index Scan using sbtest4_pkey on sbtest4  (cost=0.43..391.41 rows=98 width=125)
	  Index Cond: ((id >= 4442383) AND (id <= 4442483))

table 5 : explain SELECT id, c FROM sbtest5 WHERE id BETWEEN 4442383 AND 4442483
	Index Scan using sbtest5_pkey on sbtest5  (cost=0.43..437.16 rows=110 width=125)
	  Index Cond: ((id >= 4442383) AND (id <= 4442483))

table 6 : explain SELECT id, c FROM sbtest6 WHERE id BETWEEN 4442383 AND 4442483
	Index Scan using sbtest6_pkey on sbtest6  (cost=0.43..424.86 rows=107 width=125)
	  Index Cond: ((id >= 4442383) AND (id <= 4442483))

table 7 : explain SELECT id, c FROM sbtest7 WHERE id BETWEEN 4442383 AND 4442483
	Index Scan using sbtest7_pkey on sbtest7  (cost=0.43..420.80 rows=106 width=125)
	  Index Cond: ((id >= 4442383) AND (id <= 4442483))

table 8 : explain SELECT id, c FROM sbtest8 WHERE id BETWEEN 4442383 AND 4442483
	Index Scan using sbtest8_pkey on sbtest8  (cost=0.43..408.96 rows=103 width=125)
	  Index Cond: ((id >= 4442383) AND (id <= 4442483))

for range-notcovered
table 1 : explain SELECT id, c FROM sbtest1 WHERE id BETWEEN 6315371 AND 6315471
	Index Scan using sbtest1_pkey on sbtest1  (cost=0.43..428.77 rows=108 width=125)
	  Index Cond: ((id >= 6315371) AND (id <= 6315471))

table 2 : explain SELECT id, c FROM sbtest2 WHERE id BETWEEN 6315371 AND 6315471
	Index Scan using sbtest2_pkey on sbtest2  (cost=0.43..429.66 rows=108 width=125)
	  Index Cond: ((id >= 6315371) AND (id <= 6315471))

table 3 : explain SELECT id, c FROM sbtest3 WHERE id BETWEEN 6315371 AND 6315471
	Index Scan using sbtest3_pkey on sbtest3  (cost=0.43..385.65 rows=97 width=125)
	  Index Cond: ((id >= 6315371) AND (id <= 6315471))

table 4 : explain SELECT id, c FROM sbtest4 WHERE id BETWEEN 6315371 AND 6315471
	Index Scan using sbtest4_pkey on sbtest4  (cost=0.43..446.68 rows=112 width=125)
	  Index Cond: ((id >= 6315371) AND (id <= 6315471))

table 5 : explain SELECT id, c FROM sbtest5 WHERE id BETWEEN 6315371 AND 6315471
	Index Scan using sbtest5_pkey on sbtest5  (cost=0.43..397.83 rows=100 width=125)
	  Index Cond: ((id >= 6315371) AND (id <= 6315471))

table 6 : explain SELECT id, c FROM sbtest6 WHERE id BETWEEN 6315371 AND 6315471
	Index Scan using sbtest6_pkey on sbtest6  (cost=0.43..409.15 rows=103 width=125)
	  Index Cond: ((id >= 6315371) AND (id <= 6315471))

table 7 : explain SELECT id, c FROM sbtest7 WHERE id BETWEEN 6315371 AND 6315471
	Index Scan using sbtest7_pkey on sbtest7  (cost=0.43..377.61 rows=95 width=125)
	  Index Cond: ((id >= 6315371) AND (id <= 6315471))

table 8 : explain SELECT id, c FROM sbtest8 WHERE id BETWEEN 6315371 AND 6315471
	Index Scan using sbtest8_pkey on sbtest8  (cost=0.43..389.33 rows=98 width=125)
	  Index Cond: ((id >= 6315371) AND (id <= 6315471))

explain: for range-notcovered :: explain SELECT id, c FROM sbtest%d WHERE id BETWEEN 6315371 AND 6315471
explain: for range-notcovered :: explain SELECT id, c FROM sbtest%d WHERE id BETWEEN 4442383 AND 4442483
for range-notcovered
table 1 : explain SELECT id, c FROM sbtest1 WHERE id BETWEEN 7336763 AND 7336863
	Index Scan using sbtest1_pkey on sbtest1  (cost=0.43..385.56 rows=97 width=125)
	  Index Cond: ((id >= 7336763) AND (id <= 7336863))

table 2 : explain SELECT id, c FROM sbtest2 WHERE id BETWEEN 7336763 AND 7336863
	Index Scan using sbtest2_pkey on sbtest2  (cost=0.43..406.05 rows=102 width=125)
	  Index Cond: ((id >= 7336763) AND (id <= 7336863))

table 3 : explain SELECT id, c FROM sbtest3 WHERE id BETWEEN 7336763 AND 7336863
	Index Scan using sbtest3_pkey on sbtest3  (cost=0.43..421.01 rows=106 width=125)
	  Index Cond: ((id >= 7336763) AND (id <= 7336863))

table 4 : explain SELECT id, c FROM sbtest4 WHERE id BETWEEN 7336763 AND 7336863
	Index Scan using sbtest4_pkey on sbtest4  (cost=0.43..399.31 rows=100 width=125)
	  Index Cond: ((id >= 7336763) AND (id <= 7336863))

table 5 : explain SELECT id, c FROM sbtest5 WHERE id BETWEEN 7336763 AND 7336863
	Index Scan using sbtest5_pkey on sbtest5  (cost=0.43..397.83 rows=100 width=125)
	  Index Cond: ((id >= 7336763) AND (id <= 7336863))

table 6 : explain SELECT id, c FROM sbtest6 WHERE id BETWEEN 7336763 AND 7336863
	Index Scan using sbtest6_pkey on sbtest6  (cost=0.43..393.44 rows=99 width=125)
	  Index Cond: ((id >= 7336763) AND (id <= 7336863))

table 7 : explain SELECT id, c FROM sbtest7 WHERE id BETWEEN 7336763 AND 7336863
	Index Scan using sbtest7_pkey on sbtest7  (cost=0.43..409.02 rows=103 width=125)
	  Index Cond: ((id >= 7336763) AND (id <= 7336863))

table 8 : explain SELECT id, c FROM sbtest8 WHERE id BETWEEN 7336763 AND 7336863
	Index Scan using sbtest8_pkey on sbtest8  (cost=0.43..405.04 rows=102 width=125)
	  Index Cond: ((id >= 7336763) AND (id <= 7336863))

explain: for range-notcovered :: explain SELECT id, c FROM sbtest%d WHERE id BETWEEN 7336763 AND 7336863
for range-notcovered
table 1 : explain SELECT id, c FROM sbtest1 WHERE id BETWEEN 4737367 AND 4737467
	Index Scan using sbtest1_pkey on sbtest1  (cost=0.43..369.83 rows=93 width=125)
	  Index Cond: ((id >= 4737367) AND (id <= 4737467))

table 2 : explain SELECT id, c FROM sbtest2 WHERE id BETWEEN 4737367 AND 4737467
	Index Scan using sbtest2_pkey on sbtest2  (cost=0.43..406.05 rows=102 width=125)
	  Index Cond: ((id >= 4737367) AND (id <= 4737467))

table 3 : explain SELECT id, c FROM sbtest3 WHERE id BETWEEN 4737367 AND 4737467
	Index Scan using sbtest3_pkey on sbtest3  (cost=0.43..405.29 rows=102 width=125)
	  Index Cond: ((id >= 4737367) AND (id <= 4737467))

table 4 : explain SELECT id, c FROM sbtest4 WHERE id BETWEEN 4737367 AND 4737467
	Index Scan using sbtest4_pkey on sbtest4  (cost=0.43..383.52 rows=96 width=125)
	  Index Cond: ((id >= 4737367) AND (id <= 4737467))

table 5 : explain SELECT id, c FROM sbtest5 WHERE id BETWEEN 4737367 AND 4737467
	Index Scan using sbtest5_pkey on sbtest5  (cost=0.43..378.17 rows=95 width=125)
	  Index Cond: ((id >= 4737367) AND (id <= 4737467))

table 6 : explain SELECT id, c FROM sbtest6 WHERE id BETWEEN 4737367 AND 4737467
	Index Scan using sbtest6_pkey on sbtest6  (cost=0.43..393.44 rows=99 width=125)
	  Index Cond: ((id >= 4737367) AND (id <= 4737467))

table 7 : explain SELECT id, c FROM sbtest7 WHERE id BETWEEN 4737367 AND 4737467
	Index Scan using sbtest7_pkey on sbtest7  (cost=0.43..381.53 rows=96 width=125)
	  Index Cond: ((id >= 4737367) AND (id <= 4737467))

table 8 : explain SELECT id, c FROM sbtest8 WHERE id BETWEEN 4737367 AND 4737467
	Index Scan using sbtest8_pkey on sbtest8  (cost=0.43..412.89 rows=104 width=125)
	  Index Cond: ((id >= 4737367) AND (id <= 4737467))

for range-notcovered
table 1 : explain SELECT id, c FROM sbtest1 WHERE id BETWEEN 4324024 AND 4324124
	Index Scan using sbtest1_pkey on sbtest1  (cost=0.43..401.27 rows=101 width=125)
	  Index Cond: ((id >= 4324024) AND (id <= 4324124))

table 2 : explain SELECT id, c FROM sbtest2 WHERE id BETWEEN 4324024 AND 4324124
	Index Scan using sbtest2_pkey on sbtest2  (cost=0.43..398.18 rows=100 width=125)
	  Index Cond: ((id >= 4324024) AND (id <= 4324124))

table 3 : explain SELECT id, c FROM sbtest3 WHERE id BETWEEN 4324024 AND 4324124
	Index Scan using sbtest3_pkey on sbtest3  (cost=0.43..385.65 rows=97 width=125)
	  Index Cond: ((id >= 4324024) AND (id <= 4324124))

table 4 : explain SELECT id, c FROM sbtest4 WHERE id BETWEEN 4324024 AND 4324124
	Index Scan using sbtest4_pkey on sbtest4  (cost=0.43..422.99 rows=106 width=125)
	  Index Cond: ((id >= 4324024) AND (id <= 4324124))

table 5 : explain SELECT id, c FROM sbtest5 WHERE id BETWEEN 4324024 AND 4324124
	Index Scan using sbtest5_pkey on sbtest5  (cost=0.43..397.83 rows=100 width=125)
	  Index Cond: ((id >= 4324024) AND (id <= 4324124))

table 6 : explain SELECT id, c FROM sbtest6 WHERE id BETWEEN 4324024 AND 4324124
	Index Scan using sbtest6_pkey on sbtest6  (cost=0.43..405.23 rows=102 width=125)
	  Index Cond: ((id >= 4324024) AND (id <= 4324124))

table 7 : explain SELECT id, c FROM sbtest7 WHERE id BETWEEN 4324024 AND 4324124
	Index Scan using sbtest7_pkey on sbtest7  (cost=0.43..389.39 rows=98 width=125)
	  Index Cond: ((id >= 4324024) AND (id <= 4324124))

table 8 : explain SELECT id, c FROM sbtest8 WHERE id BETWEEN 4324024 AND 4324124
	Index Scan using sbtest8_pkey on sbtest8  (cost=0.43..416.82 rows=105 width=125)
	  Index Cond: ((id >= 4324024) AND (id <= 4324124))

for range-notcovered
table 1 : explain SELECT id, c FROM sbtest1 WHERE id BETWEEN 9146038 AND 9146138
	Index Scan using sbtest1_pkey on sbtest1  (cost=0.43..409.13 rows=103 width=125)
	  Index Cond: ((id >= 9146038) AND (id <= 9146138))

table 2 : explain SELECT id, c FROM sbtest2 WHERE id BETWEEN 9146038 AND 9146138
	Index Scan using sbtest2_pkey on sbtest2  (cost=0.43..417.86 rows=105 width=125)
	  Index Cond: ((id >= 9146038) AND (id <= 9146138))

table 3 : explain SELECT id, c FROM sbtest3 WHERE id BETWEEN 9146038 AND 9146138
	Index Scan using sbtest3_pkey on sbtest3  (cost=0.43..421.01 rows=106 width=125)
	  Index Cond: ((id >= 9146038) AND (id <= 9146138))

table 4 : explain SELECT id, c FROM sbtest4 WHERE id BETWEEN 9146038 AND 9146138
	Index Scan using sbtest4_pkey on sbtest4  (cost=0.43..359.81 rows=90 width=125)
	  Index Cond: ((id >= 9146038) AND (id <= 9146138))

table 5 : explain SELECT id, c FROM sbtest5 WHERE id BETWEEN 9146038 AND 9146138
	Index Scan using sbtest5_pkey on sbtest5  (cost=0.43..389.97 rows=98 width=125)
	  Index Cond: ((id >= 9146038) AND (id <= 9146138))

table 6 : explain SELECT id, c FROM sbtest6 WHERE id BETWEEN 9146038 AND 9146138
	Index Scan using sbtest6_pkey on sbtest6  (cost=0.43..432.72 rows=109 width=125)
	  Index Cond: ((id >= 9146038) AND (id <= 9146138))

table 7 : explain SELECT id, c FROM sbtest7 WHERE id BETWEEN 9146038 AND 9146138
	Index Scan using sbtest7_pkey on sbtest7  (cost=0.43..393.31 rows=99 width=125)
	  Index Cond: ((id >= 9146038) AND (id <= 9146138))

table 8 : explain SELECT id, c FROM sbtest8 WHERE id BETWEEN 9146038 AND 9146138
	Index Scan using sbtest8_pkey on sbtest8  (cost=0.43..416.82 rows=105 width=125)
	  Index Cond: ((id >= 9146038) AND (id <= 9146138))

explain: for range-notcovered :: explain SELECT id, c FROM sbtest%d WHERE id BETWEEN 4324024 AND 4324124
explain: for range-notcovered :: explain SELECT id, c FROM sbtest%d WHERE id BETWEEN 9146038 AND 9146138
for range-notcovered
table 1 : explain SELECT id, c FROM sbtest1 WHERE id BETWEEN 6315371 AND 6315471
	Index Scan using sbtest1_pkey on sbtest1  (cost=0.43..428.77 rows=108 width=125)
	  Index Cond: ((id >= 6315371) AND (id <= 6315471))

table 2 : explain SELECT id, c FROM sbtest2 WHERE id BETWEEN 6315371 AND 6315471
	Index Scan using sbtest2_pkey on sbtest2  (cost=0.43..429.66 rows=108 width=125)
	  Index Cond: ((id >= 6315371) AND (id <= 6315471))

table 3 : explain SELECT id, c FROM sbtest3 WHERE id BETWEEN 6315371 AND 6315471
	Index Scan using sbtest3_pkey on sbtest3  (cost=0.43..385.65 rows=97 width=125)
	  Index Cond: ((id >= 6315371) AND (id <= 6315471))

table 4 : explain SELECT id, c FROM sbtest4 WHERE id BETWEEN 6315371 AND 6315471
	Index Scan using sbtest4_pkey on sbtest4  (cost=0.43..446.68 rows=112 width=125)
	  Index Cond: ((id >= 6315371) AND (id <= 6315471))

table 5 : explain SELECT id, c FROM sbtest5 WHERE id BETWEEN 6315371 AND 6315471
	Index Scan using sbtest5_pkey on sbtest5  (cost=0.43..397.83 rows=100 width=125)
	  Index Cond: ((id >= 6315371) AND (id <= 6315471))

table 6 : explain SELECT id, c FROM sbtest6 WHERE id BETWEEN 6315371 AND 6315471
	Index Scan using sbtest6_pkey on sbtest6  (cost=0.43..409.15 rows=103 width=125)
	  Index Cond: ((id >= 6315371) AND (id <= 6315471))

table 7 : explain SELECT id, c FROM sbtest7 WHERE id BETWEEN 6315371 AND 6315471
	Index Scan using sbtest7_pkey on sbtest7  (cost=0.43..377.61 rows=95 width=125)
	  Index Cond: ((id >= 6315371) AND (id <= 6315471))

table 8 : explain SELECT id, c FROM sbtest8 WHERE id BETWEEN 6315371 AND 6315471
	Index Scan using sbtest8_pkey on sbtest8  (cost=0.43..389.33 rows=98 width=125)
	  Index Cond: ((id >= 6315371) AND (id <= 6315471))

explain: for range-notcovered :: explain SELECT id, c FROM sbtest%d WHERE id BETWEEN 6315371 AND 6315471
for range-notcovered
table 1 : explain SELECT id, c FROM sbtest1 WHERE id BETWEEN 6264515 AND 6264615
	Index Scan using sbtest1_pkey on sbtest1  (cost=0.43..397.35 rows=100 width=125)
	  Index Cond: ((id >= 6264515) AND (id <= 6264615))

table 2 : explain SELECT id, c FROM sbtest2 WHERE id BETWEEN 6264515 AND 6264615
	Index Scan using sbtest2_pkey on sbtest2  (cost=0.43..402.11 rows=101 width=125)
	  Index Cond: ((id >= 6264515) AND (id <= 6264615))

table 3 : explain SELECT id, c FROM sbtest3 WHERE id BETWEEN 6264515 AND 6264615
	Index Scan using sbtest3_pkey on sbtest3  (cost=0.43..440.65 rows=111 width=125)
	  Index Cond: ((id >= 6264515) AND (id <= 6264615))

table 4 : explain SELECT id, c FROM sbtest4 WHERE id BETWEEN 6264515 AND 6264615
	Index Scan using sbtest4_pkey on sbtest4  (cost=0.43..422.99 rows=106 width=125)
	  Index Cond: ((id >= 6264515) AND (id <= 6264615))

table 5 : explain SELECT id, c FROM sbtest5 WHERE id BETWEEN 6264515 AND 6264615
	Index Scan using sbtest5_pkey on sbtest5  (cost=0.43..405.70 rows=102 width=125)
	  Index Cond: ((id >= 6264515) AND (id <= 6264615))

table 6 : explain SELECT id, c FROM sbtest6 WHERE id BETWEEN 6264515 AND 6264615
	Index Scan using sbtest6_pkey on sbtest6  (cost=0.43..405.23 rows=102 width=125)
	  Index Cond: ((id >= 6264515) AND (id <= 6264615))

table 7 : explain SELECT id, c FROM sbtest7 WHERE id BETWEEN 6264515 AND 6264615
	Index Scan using sbtest7_pkey on sbtest7  (cost=0.43..377.61 rows=95 width=125)
	  Index Cond: ((id >= 6264515) AND (id <= 6264615))

table 8 : explain SELECT id, c FROM sbtest8 WHERE id BETWEEN 6264515 AND 6264615
	Index Scan using sbtest8_pkey on sbtest8  (cost=0.43..389.33 rows=98 width=125)
	  Index Cond: ((id >= 6264515) AND (id <= 6264615))

for range-notcovered
table 1 : explain SELECT id, c FROM sbtest1 WHERE id BETWEEN 7336763 AND 7336863
	Index Scan using sbtest1_pkey on sbtest1  (cost=0.43..385.56 rows=97 width=125)
	  Index Cond: ((id >= 7336763) AND (id <= 7336863))

table 2 : explain SELECT id, c FROM sbtest2 WHERE id BETWEEN 7336763 AND 7336863
	Index Scan using sbtest2_pkey on sbtest2  (cost=0.43..406.05 rows=102 width=125)
	  Index Cond: ((id >= 7336763) AND (id <= 7336863))

table 3 : explain SELECT id, c FROM sbtest3 WHERE id BETWEEN 7336763 AND 7336863
	Index Scan using sbtest3_pkey on sbtest3  (cost=0.43..421.01 rows=106 width=125)
	  Index Cond: ((id >= 7336763) AND (id <= 7336863))

table 4 : explain SELECT id, c FROM sbtest4 WHERE id BETWEEN 7336763 AND 7336863
	Index Scan using sbtest4_pkey on sbtest4  (cost=0.43..399.31 rows=100 width=125)
	  Index Cond: ((id >= 7336763) AND (id <= 7336863))

table 5 : explain SELECT id, c FROM sbtest5 WHERE id BETWEEN 7336763 AND 7336863
	Index Scan using sbtest5_pkey on sbtest5  (cost=0.43..397.83 rows=100 width=125)
	  Index Cond: ((id >= 7336763) AND (id <= 7336863))

table 6 : explain SELECT id, c FROM sbtest6 WHERE id BETWEEN 7336763 AND 7336863
	Index Scan using sbtest6_pkey on sbtest6  (cost=0.43..393.44 rows=99 width=125)
	  Index Cond: ((id >= 7336763) AND (id <= 7336863))

table 7 : explain SELECT id, c FROM sbtest7 WHERE id BETWEEN 7336763 AND 7336863
	Index Scan using sbtest7_pkey on sbtest7  (cost=0.43..409.02 rows=103 width=125)
	  Index Cond: ((id >= 7336763) AND (id <= 7336863))

table 8 : explain SELECT id, c FROM sbtest8 WHERE id BETWEEN 7336763 AND 7336863
	Index Scan using sbtest8_pkey on sbtest8  (cost=0.43..405.04 rows=102 width=125)
	  Index Cond: ((id >= 7336763) AND (id <= 7336863))

explain: for range-notcovered :: explain SELECT id, c FROM sbtest%d WHERE id BETWEEN 6264515 AND 6264615
explain: for range-notcovered :: explain SELECT id, c FROM sbtest%d WHERE id BETWEEN 7336763 AND 7336863
for range-notcovered
table 1 : explain SELECT id, c FROM sbtest1 WHERE id BETWEEN 4324024 AND 4324124
	Index Scan using sbtest1_pkey on sbtest1  (cost=0.43..401.27 rows=101 width=125)
	  Index Cond: ((id >= 4324024) AND (id <= 4324124))

table 2 : explain SELECT id, c FROM sbtest2 WHERE id BETWEEN 4324024 AND 4324124
	Index Scan using sbtest2_pkey on sbtest2  (cost=0.43..398.18 rows=100 width=125)
	  Index Cond: ((id >= 4324024) AND (id <= 4324124))

table 3 : explain SELECT id, c FROM sbtest3 WHERE id BETWEEN 4324024 AND 4324124
	Index Scan using sbtest3_pkey on sbtest3  (cost=0.43..385.65 rows=97 width=125)
	  Index Cond: ((id >= 4324024) AND (id <= 4324124))

table 4 : explain SELECT id, c FROM sbtest4 WHERE id BETWEEN 4324024 AND 4324124
	Index Scan using sbtest4_pkey on sbtest4  (cost=0.43..422.99 rows=106 width=125)
	  Index Cond: ((id >= 4324024) AND (id <= 4324124))

table 5 : explain SELECT id, c FROM sbtest5 WHERE id BETWEEN 4324024 AND 4324124
	Index Scan using sbtest5_pkey on sbtest5  (cost=0.43..397.83 rows=100 width=125)
	  Index Cond: ((id >= 4324024) AND (id <= 4324124))

table 6 : explain SELECT id, c FROM sbtest6 WHERE id BETWEEN 4324024 AND 4324124
	Index Scan using sbtest6_pkey on sbtest6  (cost=0.43..405.23 rows=102 width=125)
	  Index Cond: ((id >= 4324024) AND (id <= 4324124))

table 7 : explain SELECT id, c FROM sbtest7 WHERE id BETWEEN 4324024 AND 4324124
	Index Scan using sbtest7_pkey on sbtest7  (cost=0.43..389.39 rows=98 width=125)
	  Index Cond: ((id >= 4324024) AND (id <= 4324124))

table 8 : explain SELECT id, c FROM sbtest8 WHERE id BETWEEN 4324024 AND 4324124
	Index Scan using sbtest8_pkey on sbtest8  (cost=0.43..416.82 rows=105 width=125)
	  Index Cond: ((id >= 4324024) AND (id <= 4324124))

explain: for range-notcovered :: explain SELECT id, c FROM sbtest%d WHERE id BETWEEN 4324024 AND 4324124
for range-notcovered
table 1 : explain SELECT id, c FROM sbtest1 WHERE id BETWEEN 4442383 AND 4442483
	Index Scan using sbtest1_pkey on sbtest1  (cost=0.43..389.49 rows=98 width=125)
	  Index Cond: ((id >= 4442383) AND (id <= 4442483))

table 2 : explain SELECT id, c FROM sbtest2 WHERE id BETWEEN 4442383 AND 4442483
	Index Scan using sbtest2_pkey on sbtest2  (cost=0.43..406.05 rows=102 width=125)
	  Index Cond: ((id >= 4442383) AND (id <= 4442483))

table 3 : explain SELECT id, c FROM sbtest3 WHERE id BETWEEN 4442383 AND 4442483
	Index Scan using sbtest3_pkey on sbtest3  (cost=0.43..401.37 rows=101 width=125)
	  Index Cond: ((id >= 4442383) AND (id <= 4442483))

table 4 : explain SELECT id, c FROM sbtest4 WHERE id BETWEEN 4442383 AND 4442483
	Index Scan using sbtest4_pkey on sbtest4  (cost=0.43..391.41 rows=98 width=125)
	  Index Cond: ((id >= 4442383) AND (id <= 4442483))

table 5 : explain SELECT id, c FROM sbtest5 WHERE id BETWEEN 4442383 AND 4442483
	Index Scan using sbtest5_pkey on sbtest5  (cost=0.43..437.16 rows=110 width=125)
	  Index Cond: ((id >= 4442383) AND (id <= 4442483))

table 6 : explain SELECT id, c FROM sbtest6 WHERE id BETWEEN 4442383 AND 4442483
	Index Scan using sbtest6_pkey on sbtest6  (cost=0.43..424.86 rows=107 width=125)
	  Index Cond: ((id >= 4442383) AND (id <= 4442483))

table 7 : explain SELECT id, c FROM sbtest7 WHERE id BETWEEN 4442383 AND 4442483
	Index Scan using sbtest7_pkey on sbtest7  (cost=0.43..420.80 rows=106 width=125)
	  Index Cond: ((id >= 4442383) AND (id <= 4442483))

table 8 : explain SELECT id, c FROM sbtest8 WHERE id BETWEEN 4442383 AND 4442483
	Index Scan using sbtest8_pkey on sbtest8  (cost=0.43..408.96 rows=103 width=125)
	  Index Cond: ((id >= 4442383) AND (id <= 4442483))

for range-notcovered
table 1 : explain SELECT id, c FROM sbtest1 WHERE id BETWEEN 6315371 AND 6315471
	Index Scan using sbtest1_pkey on sbtest1  (cost=0.43..428.77 rows=108 width=125)
	  Index Cond: ((id >= 6315371) AND (id <= 6315471))

table 2 : explain SELECT id, c FROM sbtest2 WHERE id BETWEEN 6315371 AND 6315471
	Index Scan using sbtest2_pkey on sbtest2  (cost=0.43..429.66 rows=108 width=125)
	  Index Cond: ((id >= 6315371) AND (id <= 6315471))

table 3 : explain SELECT id, c FROM sbtest3 WHERE id BETWEEN 6315371 AND 6315471
	Index Scan using sbtest3_pkey on sbtest3  (cost=0.43..385.65 rows=97 width=125)
	  Index Cond: ((id >= 6315371) AND (id <= 6315471))

table 4 : explain SELECT id, c FROM sbtest4 WHERE id BETWEEN 6315371 AND 6315471
	Index Scan using sbtest4_pkey on sbtest4  (cost=0.43..446.68 rows=112 width=125)
	  Index Cond: ((id >= 6315371) AND (id <= 6315471))

table 5 : explain SELECT id, c FROM sbtest5 WHERE id BETWEEN 6315371 AND 6315471
	Index Scan using sbtest5_pkey on sbtest5  (cost=0.43..397.83 rows=100 width=125)
	  Index Cond: ((id >= 6315371) AND (id <= 6315471))

table 6 : explain SELECT id, c FROM sbtest6 WHERE id BETWEEN 6315371 AND 6315471
	Index Scan using sbtest6_pkey on sbtest6  (cost=0.43..409.15 rows=103 width=125)
	  Index Cond: ((id >= 6315371) AND (id <= 6315471))

table 7 : explain SELECT id, c FROM sbtest7 WHERE id BETWEEN 6315371 AND 6315471
	Index Scan using sbtest7_pkey on sbtest7  (cost=0.43..377.61 rows=95 width=125)
	  Index Cond: ((id >= 6315371) AND (id <= 6315471))

table 8 : explain SELECT id, c FROM sbtest8 WHERE id BETWEEN 6315371 AND 6315471
	Index Scan using sbtest8_pkey on sbtest8  (cost=0.43..389.33 rows=98 width=125)
	  Index Cond: ((id >= 6315371) AND (id <= 6315471))

explain: for range-notcovered :: explain SELECT id, c FROM sbtest%d WHERE id BETWEEN 6315371 AND 6315471
explain: for range-notcovered :: explain SELECT id, c FROM sbtest%d WHERE id BETWEEN 4442383 AND 4442483
for range-notcovered
table 1 : explain SELECT id, c FROM sbtest1 WHERE id BETWEEN 7336763 AND 7336863
	Index Scan using sbtest1_pkey on sbtest1  (cost=0.43..385.56 rows=97 width=125)
	  Index Cond: ((id >= 7336763) AND (id <= 7336863))

table 2 : explain SELECT id, c FROM sbtest2 WHERE id BETWEEN 7336763 AND 7336863
	Index Scan using sbtest2_pkey on sbtest2  (cost=0.43..406.05 rows=102 width=125)
	  Index Cond: ((id >= 7336763) AND (id <= 7336863))

table 3 : explain SELECT id, c FROM sbtest3 WHERE id BETWEEN 7336763 AND 7336863
	Index Scan using sbtest3_pkey on sbtest3  (cost=0.43..421.01 rows=106 width=125)
	  Index Cond: ((id >= 7336763) AND (id <= 7336863))

table 4 : explain SELECT id, c FROM sbtest4 WHERE id BETWEEN 7336763 AND 7336863
	Index Scan using sbtest4_pkey on sbtest4  (cost=0.43..399.31 rows=100 width=125)
	  Index Cond: ((id >= 7336763) AND (id <= 7336863))

table 5 : explain SELECT id, c FROM sbtest5 WHERE id BETWEEN 7336763 AND 7336863
	Index Scan using sbtest5_pkey on sbtest5  (cost=0.43..397.83 rows=100 width=125)
	  Index Cond: ((id >= 7336763) AND (id <= 7336863))

table 6 : explain SELECT id, c FROM sbtest6 WHERE id BETWEEN 7336763 AND 7336863
	Index Scan using sbtest6_pkey on sbtest6  (cost=0.43..393.44 rows=99 width=125)
	  Index Cond: ((id >= 7336763) AND (id <= 7336863))

table 7 : explain SELECT id, c FROM sbtest7 WHERE id BETWEEN 7336763 AND 7336863
	Index Scan using sbtest7_pkey on sbtest7  (cost=0.43..409.02 rows=103 width=125)
	  Index Cond: ((id >= 7336763) AND (id <= 7336863))

table 8 : explain SELECT id, c FROM sbtest8 WHERE id BETWEEN 7336763 AND 7336863
	Index Scan using sbtest8_pkey on sbtest8  (cost=0.43..405.04 rows=102 width=125)
	  Index Cond: ((id >= 7336763) AND (id <= 7336863))

for range-notcovered
table 1 : explain SELECT id, c FROM sbtest1 WHERE id BETWEEN 6264515 AND 6264615
	Index Scan using sbtest1_pkey on sbtest1  (cost=0.43..397.35 rows=100 width=125)
	  Index Cond: ((id >= 6264515) AND (id <= 6264615))

table 2 : explain SELECT id, c FROM sbtest2 WHERE id BETWEEN 6264515 AND 6264615
	Index Scan using sbtest2_pkey on sbtest2  (cost=0.43..402.11 rows=101 width=125)
	  Index Cond: ((id >= 6264515) AND (id <= 6264615))

table 3 : explain SELECT id, c FROM sbtest3 WHERE id BETWEEN 6264515 AND 6264615
	Index Scan using sbtest3_pkey on sbtest3  (cost=0.43..440.65 rows=111 width=125)
	  Index Cond: ((id >= 6264515) AND (id <= 6264615))

table 4 : explain SELECT id, c FROM sbtest4 WHERE id BETWEEN 6264515 AND 6264615
	Index Scan using sbtest4_pkey on sbtest4  (cost=0.43..422.99 rows=106 width=125)
	  Index Cond: ((id >= 6264515) AND (id <= 6264615))

table 5 : explain SELECT id, c FROM sbtest5 WHERE id BETWEEN 6264515 AND 6264615
	Index Scan using sbtest5_pkey on sbtest5  (cost=0.43..405.70 rows=102 width=125)
	  Index Cond: ((id >= 6264515) AND (id <= 6264615))

table 6 : explain SELECT id, c FROM sbtest6 WHERE id BETWEEN 6264515 AND 6264615
	Index Scan using sbtest6_pkey on sbtest6  (cost=0.43..405.23 rows=102 width=125)
	  Index Cond: ((id >= 6264515) AND (id <= 6264615))

table 7 : explain SELECT id, c FROM sbtest7 WHERE id BETWEEN 6264515 AND 6264615
	Index Scan using sbtest7_pkey on sbtest7  (cost=0.43..377.61 rows=95 width=125)
	  Index Cond: ((id >= 6264515) AND (id <= 6264615))

table 8 : explain SELECT id, c FROM sbtest8 WHERE id BETWEEN 6264515 AND 6264615
	Index Scan using sbtest8_pkey on sbtest8  (cost=0.43..389.33 rows=98 width=125)
	  Index Cond: ((id >= 6264515) AND (id <= 6264615))

explain: for range-notcovered :: explain SELECT id, c FROM sbtest%d WHERE id BETWEEN 7336763 AND 7336863
explain: for range-notcovered :: explain SELECT id, c FROM sbtest%d WHERE id BETWEEN 6264515 AND 6264615
for range-notcovered
table 1 : explain SELECT id, c FROM sbtest1 WHERE id BETWEEN 4324024 AND 4324124
	Index Scan using sbtest1_pkey on sbtest1  (cost=0.43..401.27 rows=101 width=125)
	  Index Cond: ((id >= 4324024) AND (id <= 4324124))

table 2 : explain SELECT id, c FROM sbtest2 WHERE id BETWEEN 4324024 AND 4324124
	Index Scan using sbtest2_pkey on sbtest2  (cost=0.43..398.18 rows=100 width=125)
	  Index Cond: ((id >= 4324024) AND (id <= 4324124))

table 3 : explain SELECT id, c FROM sbtest3 WHERE id BETWEEN 4324024 AND 4324124
	Index Scan using sbtest3_pkey on sbtest3  (cost=0.43..385.65 rows=97 width=125)
	  Index Cond: ((id >= 4324024) AND (id <= 4324124))

table 4 : explain SELECT id, c FROM sbtest4 WHERE id BETWEEN 4324024 AND 4324124
	Index Scan using sbtest4_pkey on sbtest4  (cost=0.43..422.99 rows=106 width=125)
	  Index Cond: ((id >= 4324024) AND (id <= 4324124))

table 5 : explain SELECT id, c FROM sbtest5 WHERE id BETWEEN 4324024 AND 4324124
	Index Scan using sbtest5_pkey on sbtest5  (cost=0.43..397.83 rows=100 width=125)
	  Index Cond: ((id >= 4324024) AND (id <= 4324124))

table 6 : explain SELECT id, c FROM sbtest6 WHERE id BETWEEN 4324024 AND 4324124
	Index Scan using sbtest6_pkey on sbtest6  (cost=0.43..405.23 rows=102 width=125)
	  Index Cond: ((id >= 4324024) AND (id <= 4324124))

table 7 : explain SELECT id, c FROM sbtest7 WHERE id BETWEEN 4324024 AND 4324124
	Index Scan using sbtest7_pkey on sbtest7  (cost=0.43..389.39 rows=98 width=125)
	  Index Cond: ((id >= 4324024) AND (id <= 4324124))

table 8 : explain SELECT id, c FROM sbtest8 WHERE id BETWEEN 4324024 AND 4324124
	Index Scan using sbtest8_pkey on sbtest8  (cost=0.43..416.82 rows=105 width=125)
	  Index Cond: ((id >= 4324024) AND (id <= 4324124))

explain: for range-notcovered :: explain SELECT id, c FROM sbtest%d WHERE id BETWEEN 4324024 AND 4324124
for range-notcovered
table 1 : explain SELECT id, c FROM sbtest1 WHERE id BETWEEN 7591153 AND 7591253
	Index Scan using sbtest1_pkey on sbtest1  (cost=0.43..448.40 rows=113 width=125)
	  Index Cond: ((id >= 7591153) AND (id <= 7591253))

table 2 : explain SELECT id, c FROM sbtest2 WHERE id BETWEEN 7591153 AND 7591253
	Index Scan using sbtest2_pkey on sbtest2  (cost=0.43..406.05 rows=102 width=125)
	  Index Cond: ((id >= 7591153) AND (id <= 7591253))

table 3 : explain SELECT id, c FROM sbtest3 WHERE id BETWEEN 7591153 AND 7591253
	Index Scan using sbtest3_pkey on sbtest3  (cost=0.43..354.20 rows=89 width=125)
	  Index Cond: ((id >= 7591153) AND (id <= 7591253))

table 4 : explain SELECT id, c FROM sbtest4 WHERE id BETWEEN 7591153 AND 7591253
	Index Scan using sbtest4_pkey on sbtest4  (cost=0.43..415.10 rows=104 width=125)
	  Index Cond: ((id >= 7591153) AND (id <= 7591253))

table 5 : explain SELECT id, c FROM sbtest5 WHERE id BETWEEN 7591153 AND 7591253
	Index Scan using sbtest5_pkey on sbtest5  (cost=0.43..386.03 rows=97 width=125)
	  Index Cond: ((id >= 7591153) AND (id <= 7591253))

table 6 : explain SELECT id, c FROM sbtest6 WHERE id BETWEEN 7591153 AND 7591253
	Index Scan using sbtest6_pkey on sbtest6  (cost=0.43..381.66 rows=96 width=125)
	  Index Cond: ((id >= 7591153) AND (id <= 7591253))

table 7 : explain SELECT id, c FROM sbtest7 WHERE id BETWEEN 7591153 AND 7591253
	Index Scan using sbtest7_pkey on sbtest7  (cost=0.43..401.16 rows=101 width=125)
	  Index Cond: ((id >= 7591153) AND (id <= 7591253))

table 8 : explain SELECT id, c FROM sbtest8 WHERE id BETWEEN 7591153 AND 7591253
	Index Scan using sbtest8_pkey on sbtest8  (cost=0.43..401.11 rows=101 width=125)
	  Index Cond: ((id >= 7591153) AND (id <= 7591253))

explain: for range-notcovered :: explain SELECT id, c FROM sbtest%d WHERE id BETWEEN 7591153 AND 7591253
for range-notcovered
table 1 : explain SELECT id, c FROM sbtest1 WHERE id BETWEEN 9146038 AND 9146138
	Index Scan using sbtest1_pkey on sbtest1  (cost=0.43..409.13 rows=103 width=125)
	  Index Cond: ((id >= 9146038) AND (id <= 9146138))

table 2 : explain SELECT id, c FROM sbtest2 WHERE id BETWEEN 9146038 AND 9146138
	Index Scan using sbtest2_pkey on sbtest2  (cost=0.43..417.86 rows=105 width=125)
	  Index Cond: ((id >= 9146038) AND (id <= 9146138))

table 3 : explain SELECT id, c FROM sbtest3 WHERE id BETWEEN 9146038 AND 9146138
	Index Scan using sbtest3_pkey on sbtest3  (cost=0.43..421.01 rows=106 width=125)
	  Index Cond: ((id >= 9146038) AND (id <= 9146138))

table 4 : explain SELECT id, c FROM sbtest4 WHERE id BETWEEN 9146038 AND 9146138
	Index Scan using sbtest4_pkey on sbtest4  (cost=0.43..359.81 rows=90 width=125)
	  Index Cond: ((id >= 9146038) AND (id <= 9146138))

table 5 : explain SELECT id, c FROM sbtest5 WHERE id BETWEEN 9146038 AND 9146138
	Index Scan using sbtest5_pkey on sbtest5  (cost=0.43..389.97 rows=98 width=125)
	  Index Cond: ((id >= 9146038) AND (id <= 9146138))

table 6 : explain SELECT id, c FROM sbtest6 WHERE id BETWEEN 9146038 AND 9146138
	Index Scan using sbtest6_pkey on sbtest6  (cost=0.43..432.72 rows=109 width=125)
	  Index Cond: ((id >= 9146038) AND (id <= 9146138))

table 7 : explain SELECT id, c FROM sbtest7 WHERE id BETWEEN 9146038 AND 9146138
	Index Scan using sbtest7_pkey on sbtest7  (cost=0.43..393.31 rows=99 width=125)
	  Index Cond: ((id >= 9146038) AND (id <= 9146138))

table 8 : explain SELECT id, c FROM sbtest8 WHERE id BETWEEN 9146038 AND 9146138
	Index Scan using sbtest8_pkey on sbtest8  (cost=0.43..416.82 rows=105 width=125)
	  Index Cond: ((id >= 9146038) AND (id <= 9146138))

for range-notcovered
table 1 : explain SELECT id, c FROM sbtest1 WHERE id BETWEEN 6315371 AND 6315471
	Index Scan using sbtest1_pkey on sbtest1  (cost=0.43..428.77 rows=108 width=125)
	  Index Cond: ((id >= 6315371) AND (id <= 6315471))

table 2 : explain SELECT id, c FROM sbtest2 WHERE id BETWEEN 6315371 AND 6315471
	Index Scan using sbtest2_pkey on sbtest2  (cost=0.43..429.66 rows=108 width=125)
	  Index Cond: ((id >= 6315371) AND (id <= 6315471))

table 3 : explain SELECT id, c FROM sbtest3 WHERE id BETWEEN 6315371 AND 6315471
	Index Scan using sbtest3_pkey on sbtest3  (cost=0.43..385.65 rows=97 width=125)
	  Index Cond: ((id >= 6315371) AND (id <= 6315471))

table 4 : explain SELECT id, c FROM sbtest4 WHERE id BETWEEN 6315371 AND 6315471
	Index Scan using sbtest4_pkey on sbtest4  (cost=0.43..446.68 rows=112 width=125)
	  Index Cond: ((id >= 6315371) AND (id <= 6315471))

table 5 : explain SELECT id, c FROM sbtest5 WHERE id BETWEEN 6315371 AND 6315471
	Index Scan using sbtest5_pkey on sbtest5  (cost=0.43..397.83 rows=100 width=125)
	  Index Cond: ((id >= 6315371) AND (id <= 6315471))

table 6 : explain SELECT id, c FROM sbtest6 WHERE id BETWEEN 6315371 AND 6315471
	Index Scan using sbtest6_pkey on sbtest6  (cost=0.43..409.15 rows=103 width=125)
	  Index Cond: ((id >= 6315371) AND (id <= 6315471))

table 7 : explain SELECT id, c FROM sbtest7 WHERE id BETWEEN 6315371 AND 6315471
	Index Scan using sbtest7_pkey on sbtest7  (cost=0.43..377.61 rows=95 width=125)
	  Index Cond: ((id >= 6315371) AND (id <= 6315471))

table 8 : explain SELECT id, c FROM sbtest8 WHERE id BETWEEN 6315371 AND 6315471
	Index Scan using sbtest8_pkey on sbtest8  (cost=0.43..389.33 rows=98 width=125)
	  Index Cond: ((id >= 6315371) AND (id <= 6315471))

explain: for range-notcovered :: explain SELECT id, c FROM sbtest%d WHERE id BETWEEN 6315371 AND 6315471
explain: for range-notcovered :: explain SELECT id, c FROM sbtest%d WHERE id BETWEEN 9146038 AND 9146138
for range-notcovered
table 1 : explain SELECT id, c FROM sbtest1 WHERE id BETWEEN 7336763 AND 7336863
	Index Scan using sbtest1_pkey on sbtest1  (cost=0.43..385.56 rows=97 width=125)
	  Index Cond: ((id >= 7336763) AND (id <= 7336863))

table 2 : explain SELECT id, c FROM sbtest2 WHERE id BETWEEN 7336763 AND 7336863
	Index Scan using sbtest2_pkey on sbtest2  (cost=0.43..406.05 rows=102 width=125)
	  Index Cond: ((id >= 7336763) AND (id <= 7336863))

table 3 : explain SELECT id, c FROM sbtest3 WHERE id BETWEEN 7336763 AND 7336863
	Index Scan using sbtest3_pkey on sbtest3  (cost=0.43..421.01 rows=106 width=125)
	  Index Cond: ((id >= 7336763) AND (id <= 7336863))

table 4 : explain SELECT id, c FROM sbtest4 WHERE id BETWEEN 7336763 AND 7336863
	Index Scan using sbtest4_pkey on sbtest4  (cost=0.43..399.31 rows=100 width=125)
	  Index Cond: ((id >= 7336763) AND (id <= 7336863))

table 5 : explain SELECT id, c FROM sbtest5 WHERE id BETWEEN 7336763 AND 7336863
	Index Scan using sbtest5_pkey on sbtest5  (cost=0.43..397.83 rows=100 width=125)
	  Index Cond: ((id >= 7336763) AND (id <= 7336863))

table 6 : explain SELECT id, c FROM sbtest6 WHERE id BETWEEN 7336763 AND 7336863
	Index Scan using sbtest6_pkey on sbtest6  (cost=0.43..393.44 rows=99 width=125)
	  Index Cond: ((id >= 7336763) AND (id <= 7336863))

table 7 : explain SELECT id, c FROM sbtest7 WHERE id BETWEEN 7336763 AND 7336863
	Index Scan using sbtest7_pkey on sbtest7  (cost=0.43..409.02 rows=103 width=125)
	  Index Cond: ((id >= 7336763) AND (id <= 7336863))

table 8 : explain SELECT id, c FROM sbtest8 WHERE id BETWEEN 7336763 AND 7336863
	Index Scan using sbtest8_pkey on sbtest8  (cost=0.43..405.04 rows=102 width=125)
	  Index Cond: ((id >= 7336763) AND (id <= 7336863))

for range-notcovered
table 1 : explain SELECT id, c FROM sbtest1 WHERE id BETWEEN 6264515 AND 6264615
	Index Scan using sbtest1_pkey on sbtest1  (cost=0.43..397.35 rows=100 width=125)
	  Index Cond: ((id >= 6264515) AND (id <= 6264615))

table 2 : explain SELECT id, c FROM sbtest2 WHERE id BETWEEN 6264515 AND 6264615
	Index Scan using sbtest2_pkey on sbtest2  (cost=0.43..402.11 rows=101 width=125)
	  Index Cond: ((id >= 6264515) AND (id <= 6264615))

table 3 : explain SELECT id, c FROM sbtest3 WHERE id BETWEEN 6264515 AND 6264615
	Index Scan using sbtest3_pkey on sbtest3  (cost=0.43..440.65 rows=111 width=125)
	  Index Cond: ((id >= 6264515) AND (id <= 6264615))

table 4 : explain SELECT id, c FROM sbtest4 WHERE id BETWEEN 6264515 AND 6264615
	Index Scan using sbtest4_pkey on sbtest4  (cost=0.43..422.99 rows=106 width=125)
	  Index Cond: ((id >= 6264515) AND (id <= 6264615))

table 5 : explain SELECT id, c FROM sbtest5 WHERE id BETWEEN 6264515 AND 6264615
	Index Scan using sbtest5_pkey on sbtest5  (cost=0.43..405.70 rows=102 width=125)
	  Index Cond: ((id >= 6264515) AND (id <= 6264615))

table 6 : explain SELECT id, c FROM sbtest6 WHERE id BETWEEN 6264515 AND 6264615
	Index Scan using sbtest6_pkey on sbtest6  (cost=0.43..405.23 rows=102 width=125)
	  Index Cond: ((id >= 6264515) AND (id <= 6264615))

table 7 : explain SELECT id, c FROM sbtest7 WHERE id BETWEEN 6264515 AND 6264615
	Index Scan using sbtest7_pkey on sbtest7  (cost=0.43..377.61 rows=95 width=125)
	  Index Cond: ((id >= 6264515) AND (id <= 6264615))

table 8 : explain SELECT id, c FROM sbtest8 WHERE id BETWEEN 6264515 AND 6264615
	Index Scan using sbtest8_pkey on sbtest8  (cost=0.43..389.33 rows=98 width=125)
	  Index Cond: ((id >= 6264515) AND (id <= 6264615))

for range-notcovered
table 1 : explain SELECT id, c FROM sbtest1 WHERE id BETWEEN 4324024 AND 4324124
	Index Scan using sbtest1_pkey on sbtest1  (cost=0.43..401.27 rows=101 width=125)
	  Index Cond: ((id >= 4324024) AND (id <= 4324124))

table 2 : explain SELECT id, c FROM sbtest2 WHERE id BETWEEN 4324024 AND 4324124
	Index Scan using sbtest2_pkey on sbtest2  (cost=0.43..398.18 rows=100 width=125)
	  Index Cond: ((id >= 4324024) AND (id <= 4324124))

table 3 : explain SELECT id, c FROM sbtest3 WHERE id BETWEEN 4324024 AND 4324124
	Index Scan using sbtest3_pkey on sbtest3  (cost=0.43..385.65 rows=97 width=125)
	  Index Cond: ((id >= 4324024) AND (id <= 4324124))

table 4 : explain SELECT id, c FROM sbtest4 WHERE id BETWEEN 4324024 AND 4324124
	Index Scan using sbtest4_pkey on sbtest4  (cost=0.43..422.99 rows=106 width=125)
	  Index Cond: ((id >= 4324024) AND (id <= 4324124))

table 5 : explain SELECT id, c FROM sbtest5 WHERE id BETWEEN 4324024 AND 4324124
	Index Scan using sbtest5_pkey on sbtest5  (cost=0.43..397.83 rows=100 width=125)
	  Index Cond: ((id >= 4324024) AND (id <= 4324124))

table 6 : explain SELECT id, c FROM sbtest6 WHERE id BETWEEN 4324024 AND 4324124
	Index Scan using sbtest6_pkey on sbtest6  (cost=0.43..405.23 rows=102 width=125)
	  Index Cond: ((id >= 4324024) AND (id <= 4324124))

table 7 : explain SELECT id, c FROM sbtest7 WHERE id BETWEEN 4324024 AND 4324124
	Index Scan using sbtest7_pkey on sbtest7  (cost=0.43..389.39 rows=98 width=125)
	  Index Cond: ((id >= 4324024) AND (id <= 4324124))

table 8 : explain SELECT id, c FROM sbtest8 WHERE id BETWEEN 4324024 AND 4324124
	Index Scan using sbtest8_pkey on sbtest8  (cost=0.43..416.82 rows=105 width=125)
	  Index Cond: ((id >= 4324024) AND (id <= 4324124))

explain: for range-notcovered :: explain SELECT id, c FROM sbtest%d WHERE id BETWEEN 4324024 AND 4324124
explain: for range-notcovered :: explain SELECT id, c FROM sbtest%d WHERE id BETWEEN 6264515 AND 6264615
explain: for range-notcovered :: explain SELECT id, c FROM sbtest%d WHERE id BETWEEN 5716803 AND 5716903
for range-notcovered
table 1 : explain SELECT id, c FROM sbtest1 WHERE id BETWEEN 7591153 AND 7591253
	Index Scan using sbtest1_pkey on sbtest1  (cost=0.43..448.40 rows=113 width=125)
	  Index Cond: ((id >= 7591153) AND (id <= 7591253))

table 2 : explain SELECT id, c FROM sbtest2 WHERE id BETWEEN 7591153 AND 7591253
	Index Scan using sbtest2_pkey on sbtest2  (cost=0.43..406.05 rows=102 width=125)
	  Index Cond: ((id >= 7591153) AND (id <= 7591253))

table 3 : explain SELECT id, c FROM sbtest3 WHERE id BETWEEN 7591153 AND 7591253
	Index Scan using sbtest3_pkey on sbtest3  (cost=0.43..354.20 rows=89 width=125)
	  Index Cond: ((id >= 7591153) AND (id <= 7591253))

table 4 : explain SELECT id, c FROM sbtest4 WHERE id BETWEEN 7591153 AND 7591253
	Index Scan using sbtest4_pkey on sbtest4  (cost=0.43..415.10 rows=104 width=125)
	  Index Cond: ((id >= 7591153) AND (id <= 7591253))

table 5 : explain SELECT id, c FROM sbtest5 WHERE id BETWEEN 7591153 AND 7591253
	Index Scan using sbtest5_pkey on sbtest5  (cost=0.43..386.03 rows=97 width=125)
	  Index Cond: ((id >= 7591153) AND (id <= 7591253))

table 6 : explain SELECT id, c FROM sbtest6 WHERE id BETWEEN 7591153 AND 7591253
	Index Scan using sbtest6_pkey on sbtest6  (cost=0.43..381.66 rows=96 width=125)
	  Index Cond: ((id >= 7591153) AND (id <= 7591253))

table 7 : explain SELECT id, c FROM sbtest7 WHERE id BETWEEN 7591153 AND 7591253
	Index Scan using sbtest7_pkey on sbtest7  (cost=0.43..401.16 rows=101 width=125)
	  Index Cond: ((id >= 7591153) AND (id <= 7591253))

table 8 : explain SELECT id, c FROM sbtest8 WHERE id BETWEEN 7591153 AND 7591253
	Index Scan using sbtest8_pkey on sbtest8  (cost=0.43..401.11 rows=101 width=125)
	  Index Cond: ((id >= 7591153) AND (id <= 7591253))

explain: for range-notcovered :: explain SELECT id, c FROM sbtest%d WHERE id BETWEEN 7591153 AND 7591253
for range-notcovered
table 1 : explain SELECT id, c FROM sbtest1 WHERE id BETWEEN 6315371 AND 6315471
	Index Scan using sbtest1_pkey on sbtest1  (cost=0.43..428.77 rows=108 width=125)
	  Index Cond: ((id >= 6315371) AND (id <= 6315471))

table 2 : explain SELECT id, c FROM sbtest2 WHERE id BETWEEN 6315371 AND 6315471
	Index Scan using sbtest2_pkey on sbtest2  (cost=0.43..429.66 rows=108 width=125)
	  Index Cond: ((id >= 6315371) AND (id <= 6315471))

table 3 : explain SELECT id, c FROM sbtest3 WHERE id BETWEEN 6315371 AND 6315471
	Index Scan using sbtest3_pkey on sbtest3  (cost=0.43..385.65 rows=97 width=125)
	  Index Cond: ((id >= 6315371) AND (id <= 6315471))

table 4 : explain SELECT id, c FROM sbtest4 WHERE id BETWEEN 6315371 AND 6315471
	Index Scan using sbtest4_pkey on sbtest4  (cost=0.43..446.68 rows=112 width=125)
	  Index Cond: ((id >= 6315371) AND (id <= 6315471))

table 5 : explain SELECT id, c FROM sbtest5 WHERE id BETWEEN 6315371 AND 6315471
	Index Scan using sbtest5_pkey on sbtest5  (cost=0.43..397.83 rows=100 width=125)
	  Index Cond: ((id >= 6315371) AND (id <= 6315471))

table 6 : explain SELECT id, c FROM sbtest6 WHERE id BETWEEN 6315371 AND 6315471
	Index Scan using sbtest6_pkey on sbtest6  (cost=0.43..409.15 rows=103 width=125)
	  Index Cond: ((id >= 6315371) AND (id <= 6315471))

table 7 : explain SELECT id, c FROM sbtest7 WHERE id BETWEEN 6315371 AND 6315471
	Index Scan using sbtest7_pkey on sbtest7  (cost=0.43..377.61 rows=95 width=125)
	  Index Cond: ((id >= 6315371) AND (id <= 6315471))

table 8 : explain SELECT id, c FROM sbtest8 WHERE id BETWEEN 6315371 AND 6315471
	Index Scan using sbtest8_pkey on sbtest8  (cost=0.43..389.33 rows=98 width=125)
	  Index Cond: ((id >= 6315371) AND (id <= 6315471))

for range-notcovered
table 1 : explain SELECT id, c FROM sbtest1 WHERE id BETWEEN 4442383 AND 4442483
	Index Scan using sbtest1_pkey on sbtest1  (cost=0.43..389.49 rows=98 width=125)
	  Index Cond: ((id >= 4442383) AND (id <= 4442483))

table 2 : explain SELECT id, c FROM sbtest2 WHERE id BETWEEN 4442383 AND 4442483
	Index Scan using sbtest2_pkey on sbtest2  (cost=0.43..406.05 rows=102 width=125)
	  Index Cond: ((id >= 4442383) AND (id <= 4442483))

table 3 : explain SELECT id, c FROM sbtest3 WHERE id BETWEEN 4442383 AND 4442483
	Index Scan using sbtest3_pkey on sbtest3  (cost=0.43..401.37 rows=101 width=125)
	  Index Cond: ((id >= 4442383) AND (id <= 4442483))

table 4 : explain SELECT id, c FROM sbtest4 WHERE id BETWEEN 4442383 AND 4442483
	Index Scan using sbtest4_pkey on sbtest4  (cost=0.43..391.41 rows=98 width=125)
	  Index Cond: ((id >= 4442383) AND (id <= 4442483))

table 5 : explain SELECT id, c FROM sbtest5 WHERE id BETWEEN 4442383 AND 4442483
	Index Scan using sbtest5_pkey on sbtest5  (cost=0.43..437.16 rows=110 width=125)
	  Index Cond: ((id >= 4442383) AND (id <= 4442483))

table 6 : explain SELECT id, c FROM sbtest6 WHERE id BETWEEN 4442383 AND 4442483
	Index Scan using sbtest6_pkey on sbtest6  (cost=0.43..424.86 rows=107 width=125)
	  Index Cond: ((id >= 4442383) AND (id <= 4442483))

table 7 : explain SELECT id, c FROM sbtest7 WHERE id BETWEEN 4442383 AND 4442483
	Index Scan using sbtest7_pkey on sbtest7  (cost=0.43..420.80 rows=106 width=125)
	  Index Cond: ((id >= 4442383) AND (id <= 4442483))

table 8 : explain SELECT id, c FROM sbtest8 WHERE id BETWEEN 4442383 AND 4442483
	Index Scan using sbtest8_pkey on sbtest8  (cost=0.43..408.96 rows=103 width=125)
	  Index Cond: ((id >= 4442383) AND (id <= 4442483))

explain: for range-notcovered :: explain SELECT id, c FROM sbtest%d WHERE id BETWEEN 6315371 AND 6315471
for range-notcovered
table 1 : explain SELECT id, c FROM sbtest1 WHERE id BETWEEN 4324024 AND 4324124
	Index Scan using sbtest1_pkey on sbtest1  (cost=0.43..401.27 rows=101 width=125)
	  Index Cond: ((id >= 4324024) AND (id <= 4324124))

table 2 : explain SELECT id, c FROM sbtest2 WHERE id BETWEEN 4324024 AND 4324124
	Index Scan using sbtest2_pkey on sbtest2  (cost=0.43..398.18 rows=100 width=125)
	  Index Cond: ((id >= 4324024) AND (id <= 4324124))

table 3 : explain SELECT id, c FROM sbtest3 WHERE id BETWEEN 4324024 AND 4324124
	Index Scan using sbtest3_pkey on sbtest3  (cost=0.43..385.65 rows=97 width=125)
	  Index Cond: ((id >= 4324024) AND (id <= 4324124))

table 4 : explain SELECT id, c FROM sbtest4 WHERE id BETWEEN 4324024 AND 4324124
	Index Scan using sbtest4_pkey on sbtest4  (cost=0.43..422.99 rows=106 width=125)
	  Index Cond: ((id >= 4324024) AND (id <= 4324124))

table 5 : explain SELECT id, c FROM sbtest5 WHERE id BETWEEN 4324024 AND 4324124
	Index Scan using sbtest5_pkey on sbtest5  (cost=0.43..397.83 rows=100 width=125)
	  Index Cond: ((id >= 4324024) AND (id <= 4324124))

table 6 : explain SELECT id, c FROM sbtest6 WHERE id BETWEEN 4324024 AND 4324124
	Index Scan using sbtest6_pkey on sbtest6  (cost=0.43..405.23 rows=102 width=125)
	  Index Cond: ((id >= 4324024) AND (id <= 4324124))

table 7 : explain SELECT id, c FROM sbtest7 WHERE id BETWEEN 4324024 AND 4324124
	Index Scan using sbtest7_pkey on sbtest7  (cost=0.43..389.39 rows=98 width=125)
	  Index Cond: ((id >= 4324024) AND (id <= 4324124))

table 8 : explain SELECT id, c FROM sbtest8 WHERE id BETWEEN 4324024 AND 4324124
	Index Scan using sbtest8_pkey on sbtest8  (cost=0.43..416.82 rows=105 width=125)
	  Index Cond: ((id >= 4324024) AND (id <= 4324124))

explain: for range-notcovered :: explain SELECT id, c FROM sbtest%d WHERE id BETWEEN 871061 AND 871161
for range-notcovered
table 1 : explain SELECT id, c FROM sbtest1 WHERE id BETWEEN 9146038 AND 9146138
	Index Scan using sbtest1_pkey on sbtest1  (cost=0.43..409.13 rows=103 width=125)
	  Index Cond: ((id >= 9146038) AND (id <= 9146138))

table 2 : explain SELECT id, c FROM sbtest2 WHERE id BETWEEN 9146038 AND 9146138
	Index Scan using sbtest2_pkey on sbtest2  (cost=0.43..417.86 rows=105 width=125)
	  Index Cond: ((id >= 9146038) AND (id <= 9146138))

table 3 : explain SELECT id, c FROM sbtest3 WHERE id BETWEEN 9146038 AND 9146138
	Index Scan using sbtest3_pkey on sbtest3  (cost=0.43..421.01 rows=106 width=125)
	  Index Cond: ((id >= 9146038) AND (id <= 9146138))

table 4 : explain SELECT id, c FROM sbtest4 WHERE id BETWEEN 9146038 AND 9146138
	Index Scan using sbtest4_pkey on sbtest4  (cost=0.43..359.81 rows=90 width=125)
	  Index Cond: ((id >= 9146038) AND (id <= 9146138))

table 5 : explain SELECT id, c FROM sbtest5 WHERE id BETWEEN 9146038 AND 9146138
	Index Scan using sbtest5_pkey on sbtest5  (cost=0.43..389.97 rows=98 width=125)
	  Index Cond: ((id >= 9146038) AND (id <= 9146138))

table 6 : explain SELECT id, c FROM sbtest6 WHERE id BETWEEN 9146038 AND 9146138
	Index Scan using sbtest6_pkey on sbtest6  (cost=0.43..432.72 rows=109 width=125)
	  Index Cond: ((id >= 9146038) AND (id <= 9146138))

table 7 : explain SELECT id, c FROM sbtest7 WHERE id BETWEEN 9146038 AND 9146138
	Index Scan using sbtest7_pkey on sbtest7  (cost=0.43..393.31 rows=99 width=125)
	  Index Cond: ((id >= 9146038) AND (id <= 9146138))

table 8 : explain SELECT id, c FROM sbtest8 WHERE id BETWEEN 9146038 AND 9146138
	Index Scan using sbtest8_pkey on sbtest8  (cost=0.43..416.82 rows=105 width=125)
	  Index Cond: ((id >= 9146038) AND (id <= 9146138))

for range-notcovered
table 1 : explain SELECT id, c FROM sbtest1 WHERE id BETWEEN 7591153 AND 7591253
	Index Scan using sbtest1_pkey on sbtest1  (cost=0.43..448.40 rows=113 width=125)
	  Index Cond: ((id >= 7591153) AND (id <= 7591253))

table 2 : explain SELECT id, c FROM sbtest2 WHERE id BETWEEN 7591153 AND 7591253
	Index Scan using sbtest2_pkey on sbtest2  (cost=0.43..406.05 rows=102 width=125)
	  Index Cond: ((id >= 7591153) AND (id <= 7591253))

table 3 : explain SELECT id, c FROM sbtest3 WHERE id BETWEEN 7591153 AND 7591253
	Index Scan using sbtest3_pkey on sbtest3  (cost=0.43..354.20 rows=89 width=125)
	  Index Cond: ((id >= 7591153) AND (id <= 7591253))

table 4 : explain SELECT id, c FROM sbtest4 WHERE id BETWEEN 7591153 AND 7591253
	Index Scan using sbtest4_pkey on sbtest4  (cost=0.43..415.10 rows=104 width=125)
	  Index Cond: ((id >= 7591153) AND (id <= 7591253))

table 5 : explain SELECT id, c FROM sbtest5 WHERE id BETWEEN 7591153 AND 7591253
	Index Scan using sbtest5_pkey on sbtest5  (cost=0.43..386.03 rows=97 width=125)
	  Index Cond: ((id >= 7591153) AND (id <= 7591253))

table 6 : explain SELECT id, c FROM sbtest6 WHERE id BETWEEN 7591153 AND 7591253
	Index Scan using sbtest6_pkey on sbtest6  (cost=0.43..381.66 rows=96 width=125)
	  Index Cond: ((id >= 7591153) AND (id <= 7591253))

table 7 : explain SELECT id, c FROM sbtest7 WHERE id BETWEEN 7591153 AND 7591253
	Index Scan using sbtest7_pkey on sbtest7  (cost=0.43..401.16 rows=101 width=125)
	  Index Cond: ((id >= 7591153) AND (id <= 7591253))

table 8 : explain SELECT id, c FROM sbtest8 WHERE id BETWEEN 7591153 AND 7591253
	Index Scan using sbtest8_pkey on sbtest8  (cost=0.43..401.11 rows=101 width=125)
	  Index Cond: ((id >= 7591153) AND (id <= 7591253))

explain: for range-notcovered :: explain SELECT id, c FROM sbtest%d WHERE id BETWEEN 9146038 AND 9146138
explain: for range-notcovered :: explain SELECT id, c FROM sbtest%d WHERE id BETWEEN 7591153 AND 7591253
for range-notcovered
table 1 : explain SELECT id, c FROM sbtest1 WHERE id BETWEEN 6315371 AND 6315471
	Index Scan using sbtest1_pkey on sbtest1  (cost=0.43..428.77 rows=108 width=125)
	  Index Cond: ((id >= 6315371) AND (id <= 6315471))

table 2 : explain SELECT id, c FROM sbtest2 WHERE id BETWEEN 6315371 AND 6315471
	Index Scan using sbtest2_pkey on sbtest2  (cost=0.43..429.66 rows=108 width=125)
	  Index Cond: ((id >= 6315371) AND (id <= 6315471))

table 3 : explain SELECT id, c FROM sbtest3 WHERE id BETWEEN 6315371 AND 6315471
	Index Scan using sbtest3_pkey on sbtest3  (cost=0.43..385.65 rows=97 width=125)
	  Index Cond: ((id >= 6315371) AND (id <= 6315471))

table 4 : explain SELECT id, c FROM sbtest4 WHERE id BETWEEN 6315371 AND 6315471
	Index Scan using sbtest4_pkey on sbtest4  (cost=0.43..446.68 rows=112 width=125)
	  Index Cond: ((id >= 6315371) AND (id <= 6315471))

table 5 : explain SELECT id, c FROM sbtest5 WHERE id BETWEEN 6315371 AND 6315471
	Index Scan using sbtest5_pkey on sbtest5  (cost=0.43..397.83 rows=100 width=125)
	  Index Cond: ((id >= 6315371) AND (id <= 6315471))

table 6 : explain SELECT id, c FROM sbtest6 WHERE id BETWEEN 6315371 AND 6315471
	Index Scan using sbtest6_pkey on sbtest6  (cost=0.43..409.15 rows=103 width=125)
	  Index Cond: ((id >= 6315371) AND (id <= 6315471))

table 7 : explain SELECT id, c FROM sbtest7 WHERE id BETWEEN 6315371 AND 6315471
	Index Scan using sbtest7_pkey on sbtest7  (cost=0.43..377.61 rows=95 width=125)
	  Index Cond: ((id >= 6315371) AND (id <= 6315471))

table 8 : explain SELECT id, c FROM sbtest8 WHERE id BETWEEN 6315371 AND 6315471
	Index Scan using sbtest8_pkey on sbtest8  (cost=0.43..389.33 rows=98 width=125)
	  Index Cond: ((id >= 6315371) AND (id <= 6315471))

explain: for range-notcovered :: explain SELECT id, c FROM sbtest%d WHERE id BETWEEN 6315371 AND 6315471
for range-notcovered
table 1 : explain SELECT id, c FROM sbtest1 WHERE id BETWEEN 7591153 AND 7591253
	Index Scan using sbtest1_pkey on sbtest1  (cost=0.43..448.40 rows=113 width=125)
	  Index Cond: ((id >= 7591153) AND (id <= 7591253))

table 2 : explain SELECT id, c FROM sbtest2 WHERE id BETWEEN 7591153 AND 7591253
	Index Scan using sbtest2_pkey on sbtest2  (cost=0.43..406.05 rows=102 width=125)
	  Index Cond: ((id >= 7591153) AND (id <= 7591253))

table 3 : explain SELECT id, c FROM sbtest3 WHERE id BETWEEN 7591153 AND 7591253
	Index Scan using sbtest3_pkey on sbtest3  (cost=0.43..354.20 rows=89 width=125)
	  Index Cond: ((id >= 7591153) AND (id <= 7591253))

table 4 : explain SELECT id, c FROM sbtest4 WHERE id BETWEEN 7591153 AND 7591253
	Index Scan using sbtest4_pkey on sbtest4  (cost=0.43..415.10 rows=104 width=125)
	  Index Cond: ((id >= 7591153) AND (id <= 7591253))

table 5 : explain SELECT id, c FROM sbtest5 WHERE id BETWEEN 7591153 AND 7591253
	Index Scan using sbtest5_pkey on sbtest5  (cost=0.43..386.03 rows=97 width=125)
	  Index Cond: ((id >= 7591153) AND (id <= 7591253))

table 6 : explain SELECT id, c FROM sbtest6 WHERE id BETWEEN 7591153 AND 7591253
	Index Scan using sbtest6_pkey on sbtest6  (cost=0.43..381.66 rows=96 width=125)
	  Index Cond: ((id >= 7591153) AND (id <= 7591253))

table 7 : explain SELECT id, c FROM sbtest7 WHERE id BETWEEN 7591153 AND 7591253
	Index Scan using sbtest7_pkey on sbtest7  (cost=0.43..401.16 rows=101 width=125)
	  Index Cond: ((id >= 7591153) AND (id <= 7591253))

table 8 : explain SELECT id, c FROM sbtest8 WHERE id BETWEEN 7591153 AND 7591253
	Index Scan using sbtest8_pkey on sbtest8  (cost=0.43..401.11 rows=101 width=125)
	  Index Cond: ((id >= 7591153) AND (id <= 7591253))
for range-notcovered
table 1 : explain SELECT id, c FROM sbtest1 WHERE id BETWEEN 9146038 AND 9146138
	Index Scan using sbtest1_pkey on sbtest1  (cost=0.43..409.13 rows=103 width=125)
	  Index Cond: ((id >= 9146038) AND (id <= 9146138))

table 2 : explain SELECT id, c FROM sbtest2 WHERE id BETWEEN 9146038 AND 9146138
	Index Scan using sbtest2_pkey on sbtest2  (cost=0.43..417.86 rows=105 width=125)
	  Index Cond: ((id >= 9146038) AND (id <= 9146138))

table 3 : explain SELECT id, c FROM sbtest3 WHERE id BETWEEN 9146038 AND 9146138
	Index Scan using sbtest3_pkey on sbtest3  (cost=0.43..421.01 rows=106 width=125)
	  Index Cond: ((id >= 9146038) AND (id <= 9146138))

table 4 : explain SELECT id, c FROM sbtest4 WHERE id BETWEEN 9146038 AND 9146138
	Index Scan using sbtest4_pkey on sbtest4  (cost=0.43..359.81 rows=90 width=125)
	  Index Cond: ((id >= 9146038) AND (id <= 9146138))

table 5 : explain SELECT id, c FROM sbtest5 WHERE id BETWEEN 9146038 AND 9146138
	Index Scan using sbtest5_pkey on sbtest5  (cost=0.43..389.97 rows=98 width=125)
	  Index Cond: ((id >= 9146038) AND (id <= 9146138))

table 6 : explain SELECT id, c FROM sbtest6 WHERE id BETWEEN 9146038 AND 9146138
	Index Scan using sbtest6_pkey on sbtest6  (cost=0.43..432.72 rows=109 width=125)
	  Index Cond: ((id >= 9146038) AND (id <= 9146138))

table 7 : explain SELECT id, c FROM sbtest7 WHERE id BETWEEN 9146038 AND 9146138
	Index Scan using sbtest7_pkey on sbtest7  (cost=0.43..393.31 rows=99 width=125)
	  Index Cond: ((id >= 9146038) AND (id <= 9146138))

table 8 : explain SELECT id, c FROM sbtest8 WHERE id BETWEEN 9146038 AND 9146138
	Index Scan using sbtest8_pkey on sbtest8  (cost=0.43..416.82 rows=105 width=125)
	  Index Cond: ((id >= 9146038) AND (id <= 9146138))


for range-notcovered
table 1 : explain SELECT id, c FROM sbtest1 WHERE id BETWEEN 6333226 AND 6333326
	Index Scan using sbtest1_pkey on sbtest1  (cost=0.43..428.77 rows=108 width=125)
	  Index Cond: ((id >= 6333226) AND (id <= 6333326))

table 2 : explain SELECT id, c FROM sbtest2 WHERE id BETWEEN 6333226 AND 6333326
	Index Scan using sbtest2_pkey on sbtest2  (cost=0.43..429.66 rows=108 width=125)
	  Index Cond: ((id >= 6333226) AND (id <= 6333326))

table 3 : explain SELECT id, c FROM sbtest3 WHERE id BETWEEN 6333226 AND 6333326
	Index Scan using sbtest3_pkey on sbtest3  (cost=0.43..385.65 rows=97 width=125)
	  Index Cond: ((id >= 6333226) AND (id <= 6333326))

table 4 : explain SELECT id, c FROM sbtest4 WHERE id BETWEEN 6333226 AND 6333326
	Index Scan using sbtest4_pkey on sbtest4  (cost=0.43..446.68 rows=112 width=125)
	  Index Cond: ((id >= 6333226) AND (id <= 6333326))

table 5 : explain SELECT id, c FROM sbtest5 WHERE id BETWEEN 6333226 AND 6333326
	Index Scan using sbtest5_pkey on sbtest5  (cost=0.43..397.83 rows=100 width=125)
	  Index Cond: ((id >= 6333226) AND (id <= 6333326))

table 6 : explain SELECT id, c FROM sbtest6 WHERE id BETWEEN 6333226 AND 6333326
	Index Scan using sbtest6_pkey on sbtest6  (cost=0.43..409.15 rows=103 width=125)
	  Index Cond: ((id >= 6333226) AND (id <= 6333326))

table 7 : explain SELECT id, c FROM sbtest7 WHERE id BETWEEN 6333226 AND 6333326
	Index Scan using sbtest7_pkey on sbtest7  (cost=0.43..377.61 rows=95 width=125)
	  Index Cond: ((id >= 6333226) AND (id <= 6333326))

table 8 : explain SELECT id, c FROM sbtest8 WHERE id BETWEEN 6333226 AND 6333326
	Index Scan using sbtest8_pkey on sbtest8  (cost=0.43..389.33 rows=98 width=125)
	  Index Cond: ((id >= 6333226) AND (id <= 6333326))

explain: for range-notcovered :: explain SELECT id, c FROM sbtest%d WHERE id BETWEEN 9146038 AND 9146138
explain: for range-notcovered :: explain SELECT id, c FROM sbtest%d WHERE id BETWEEN 7591153 AND 7591253
for range-notcovered
table 1 : explain SELECT id, c FROM sbtest1 WHERE id BETWEEN 6315371 AND 6315471
	Index Scan using sbtest1_pkey on sbtest1  (cost=0.43..428.77 rows=108 width=125)
	  Index Cond: ((id >= 6315371) AND (id <= 6315471))

table 2 : explain SELECT id, c FROM sbtest2 WHERE id BETWEEN 6315371 AND 6315471
	Index Scan using sbtest2_pkey on sbtest2  (cost=0.43..429.66 rows=108 width=125)
	  Index Cond: ((id >= 6315371) AND (id <= 6315471))

table 3 : explain SELECT id, c FROM sbtest3 WHERE id BETWEEN 6315371 AND 6315471
	Index Scan using sbtest3_pkey on sbtest3  (cost=0.43..385.65 rows=97 width=125)
	  Index Cond: ((id >= 6315371) AND (id <= 6315471))

table 4 : explain SELECT id, c FROM sbtest4 WHERE id BETWEEN 6315371 AND 6315471
	Index Scan using sbtest4_pkey on sbtest4  (cost=0.43..446.68 rows=112 width=125)
	  Index Cond: ((id >= 6315371) AND (id <= 6315471))

table 5 : explain SELECT id, c FROM sbtest5 WHERE id BETWEEN 6315371 AND 6315471
	Index Scan using sbtest5_pkey on sbtest5  (cost=0.43..397.83 rows=100 width=125)
	  Index Cond: ((id >= 6315371) AND (id <= 6315471))

table 6 : explain SELECT id, c FROM sbtest6 WHERE id BETWEEN 6315371 AND 6315471
	Index Scan using sbtest6_pkey on sbtest6  (cost=0.43..409.15 rows=103 width=125)
	  Index Cond: ((id >= 6315371) AND (id <= 6315471))

table 7 : explain SELECT id, c FROM sbtest7 WHERE id BETWEEN 6315371 AND 6315471
	Index Scan using sbtest7_pkey on sbtest7  (cost=0.43..377.61 rows=95 width=125)
	  Index Cond: ((id >= 6315371) AND (id <= 6315471))

table 8 : explain SELECT id, c FROM sbtest8 WHERE id BETWEEN 6315371 AND 6315471
	Index Scan using sbtest8_pkey on sbtest8  (cost=0.43..389.33 rows=98 width=125)
	  Index Cond: ((id >= 6315371) AND (id <= 6315471))

explain: for range-notcovered :: explain SELECT id, c FROM sbtest%d WHERE id BETWEEN 6333226 AND 6333326
explain: for range-notcovered :: explain SELECT id, c FROM sbtest%d WHERE id BETWEEN 6315371 AND 6315471
for range-notcovered
table 1 : explain SELECT id, c FROM sbtest1 WHERE id BETWEEN 9146038 AND 9146138
	Index Scan using sbtest1_pkey on sbtest1  (cost=0.43..409.13 rows=103 width=125)
	  Index Cond: ((id >= 9146038) AND (id <= 9146138))

table 2 : explain SELECT id, c FROM sbtest2 WHERE id BETWEEN 9146038 AND 9146138
	Index Scan using sbtest2_pkey on sbtest2  (cost=0.43..417.86 rows=105 width=125)
	  Index Cond: ((id >= 9146038) AND (id <= 9146138))

table 3 : explain SELECT id, c FROM sbtest3 WHERE id BETWEEN 9146038 AND 9146138
	Index Scan using sbtest3_pkey on sbtest3  (cost=0.43..421.01 rows=106 width=125)
	  Index Cond: ((id >= 9146038) AND (id <= 9146138))

table 4 : explain SELECT id, c FROM sbtest4 WHERE id BETWEEN 9146038 AND 9146138
	Index Scan using sbtest4_pkey on sbtest4  (cost=0.43..359.81 rows=90 width=125)
	  Index Cond: ((id >= 9146038) AND (id <= 9146138))

table 5 : explain SELECT id, c FROM sbtest5 WHERE id BETWEEN 9146038 AND 9146138
	Index Scan using sbtest5_pkey on sbtest5  (cost=0.43..389.97 rows=98 width=125)
	  Index Cond: ((id >= 9146038) AND (id <= 9146138))

table 6 : explain SELECT id, c FROM sbtest6 WHERE id BETWEEN 9146038 AND 9146138
	Index Scan using sbtest6_pkey on sbtest6  (cost=0.43..432.72 rows=109 width=125)
	  Index Cond: ((id >= 9146038) AND (id <= 9146138))

table 7 : explain SELECT id, c FROM sbtest7 WHERE id BETWEEN 9146038 AND 9146138
	Index Scan using sbtest7_pkey on sbtest7  (cost=0.43..393.31 rows=99 width=125)
	  Index Cond: ((id >= 9146038) AND (id <= 9146138))

table 8 : explain SELECT id, c FROM sbtest8 WHERE id BETWEEN 9146038 AND 9146138
	Index Scan using sbtest8_pkey on sbtest8  (cost=0.43..416.82 rows=105 width=125)
	  Index Cond: ((id >= 9146038) AND (id <= 9146138))

for range-notcovered
table 1 : explain SELECT id, c FROM sbtest1 WHERE id BETWEEN 7591153 AND 7591253
	Index Scan using sbtest1_pkey on sbtest1  (cost=0.43..448.40 rows=113 width=125)
	  Index Cond: ((id >= 7591153) AND (id <= 7591253))

table 2 : explain SELECT id, c FROM sbtest2 WHERE id BETWEEN 7591153 AND 7591253
	Index Scan using sbtest2_pkey on sbtest2  (cost=0.43..406.05 rows=102 width=125)
	  Index Cond: ((id >= 7591153) AND (id <= 7591253))

table 3 : explain SELECT id, c FROM sbtest3 WHERE id BETWEEN 7591153 AND 7591253
	Index Scan using sbtest3_pkey on sbtest3  (cost=0.43..354.20 rows=89 width=125)
	  Index Cond: ((id >= 7591153) AND (id <= 7591253))

table 4 : explain SELECT id, c FROM sbtest4 WHERE id BETWEEN 7591153 AND 7591253
	Index Scan using sbtest4_pkey on sbtest4  (cost=0.43..415.10 rows=104 width=125)
	  Index Cond: ((id >= 7591153) AND (id <= 7591253))

table 5 : explain SELECT id, c FROM sbtest5 WHERE id BETWEEN 7591153 AND 7591253
	Index Scan using sbtest5_pkey on sbtest5  (cost=0.43..386.03 rows=97 width=125)
	  Index Cond: ((id >= 7591153) AND (id <= 7591253))

table 6 : explain SELECT id, c FROM sbtest6 WHERE id BETWEEN 7591153 AND 7591253
	Index Scan using sbtest6_pkey on sbtest6  (cost=0.43..381.66 rows=96 width=125)
	  Index Cond: ((id >= 7591153) AND (id <= 7591253))

table 7 : explain SELECT id, c FROM sbtest7 WHERE id BETWEEN 7591153 AND 7591253
	Index Scan using sbtest7_pkey on sbtest7  (cost=0.43..401.16 rows=101 width=125)
	  Index Cond: ((id >= 7591153) AND (id <= 7591253))

table 8 : explain SELECT id, c FROM sbtest8 WHERE id BETWEEN 7591153 AND 7591253
	Index Scan using sbtest8_pkey on sbtest8  (cost=0.43..401.11 rows=101 width=125)
	  Index Cond: ((id >= 7591153) AND (id <= 7591253))

explain: for range-notcovered :: explain SELECT id, c FROM sbtest%d WHERE id BETWEEN 9146038 AND 9146138
explain: for range-notcovered :: explain SELECT id, c FROM sbtest%d WHERE id BETWEEN 7591153 AND 7591253
for range-notcovered
table 1 : explain SELECT id, c FROM sbtest1 WHERE id BETWEEN 6264515 AND 6264615
	Index Scan using sbtest1_pkey on sbtest1  (cost=0.43..397.35 rows=100 width=125)
	  Index Cond: ((id >= 6264515) AND (id <= 6264615))

table 2 : explain SELECT id, c FROM sbtest2 WHERE id BETWEEN 6264515 AND 6264615
	Index Scan using sbtest2_pkey on sbtest2  (cost=0.43..402.11 rows=101 width=125)
	  Index Cond: ((id >= 6264515) AND (id <= 6264615))

table 3 : explain SELECT id, c FROM sbtest3 WHERE id BETWEEN 6264515 AND 6264615
	Index Scan using sbtest3_pkey on sbtest3  (cost=0.43..440.65 rows=111 width=125)
	  Index Cond: ((id >= 6264515) AND (id <= 6264615))

table 4 : explain SELECT id, c FROM sbtest4 WHERE id BETWEEN 6264515 AND 6264615
	Index Scan using sbtest4_pkey on sbtest4  (cost=0.43..422.99 rows=106 width=125)
	  Index Cond: ((id >= 6264515) AND (id <= 6264615))

table 5 : explain SELECT id, c FROM sbtest5 WHERE id BETWEEN 6264515 AND 6264615
	Index Scan using sbtest5_pkey on sbtest5  (cost=0.43..405.70 rows=102 width=125)
	  Index Cond: ((id >= 6264515) AND (id <= 6264615))

table 6 : explain SELECT id, c FROM sbtest6 WHERE id BETWEEN 6264515 AND 6264615
	Index Scan using sbtest6_pkey on sbtest6  (cost=0.43..405.23 rows=102 width=125)
	  Index Cond: ((id >= 6264515) AND (id <= 6264615))

table 7 : explain SELECT id, c FROM sbtest7 WHERE id BETWEEN 6264515 AND 6264615
	Index Scan using sbtest7_pkey on sbtest7  (cost=0.43..377.61 rows=95 width=125)
	  Index Cond: ((id >= 6264515) AND (id <= 6264615))

table 8 : explain SELECT id, c FROM sbtest8 WHERE id BETWEEN 6264515 AND 6264615
	Index Scan using sbtest8_pkey on sbtest8  (cost=0.43..389.33 rows=98 width=125)
	  Index Cond: ((id >= 6264515) AND (id <= 6264615))

explain: for range-notcovered :: explain SELECT id, c FROM sbtest%d WHERE id BETWEEN 6264515 AND 6264615
for range-notcovered
table 1 : explain SELECT id, c FROM sbtest1 WHERE id BETWEEN 9146038 AND 9146138
	Index Scan using sbtest1_pkey on sbtest1  (cost=0.43..409.13 rows=103 width=125)
	  Index Cond: ((id >= 9146038) AND (id <= 9146138))

table 2 : explain SELECT id, c FROM sbtest2 WHERE id BETWEEN 9146038 AND 9146138
	Index Scan using sbtest2_pkey on sbtest2  (cost=0.43..417.86 rows=105 width=125)
	  Index Cond: ((id >= 9146038) AND (id <= 9146138))

table 3 : explain SELECT id, c FROM sbtest3 WHERE id BETWEEN 9146038 AND 9146138
	Index Scan using sbtest3_pkey on sbtest3  (cost=0.43..421.01 rows=106 width=125)
	  Index Cond: ((id >= 9146038) AND (id <= 9146138))

table 4 : explain SELECT id, c FROM sbtest4 WHERE id BETWEEN 9146038 AND 9146138
	Index Scan using sbtest4_pkey on sbtest4  (cost=0.43..359.81 rows=90 width=125)
	  Index Cond: ((id >= 9146038) AND (id <= 9146138))

table 5 : explain SELECT id, c FROM sbtest5 WHERE id BETWEEN 9146038 AND 9146138
	Index Scan using sbtest5_pkey on sbtest5  (cost=0.43..389.97 rows=98 width=125)
	  Index Cond: ((id >= 9146038) AND (id <= 9146138))

table 6 : explain SELECT id, c FROM sbtest6 WHERE id BETWEEN 9146038 AND 9146138
	Index Scan using sbtest6_pkey on sbtest6  (cost=0.43..432.72 rows=109 width=125)
	  Index Cond: ((id >= 9146038) AND (id <= 9146138))

table 7 : explain SELECT id, c FROM sbtest7 WHERE id BETWEEN 9146038 AND 9146138
	Index Scan using sbtest7_pkey on sbtest7  (cost=0.43..393.31 rows=99 width=125)
	  Index Cond: ((id >= 9146038) AND (id <= 9146138))

table 8 : explain SELECT id, c FROM sbtest8 WHERE id BETWEEN 9146038 AND 9146138
	Index Scan using sbtest8_pkey on sbtest8  (cost=0.43..416.82 rows=105 width=125)
	  Index Cond: ((id >= 9146038) AND (id <= 9146138))

for range-notcovered
table 1 : explain SELECT id, c FROM sbtest1 WHERE id BETWEEN 5716803 AND 5716903
	Index Scan using sbtest1_pkey on sbtest1  (cost=0.43..346.27 rows=87 width=125)
	  Index Cond: ((id >= 5716803) AND (id <= 5716903))

table 2 : explain SELECT id, c FROM sbtest2 WHERE id BETWEEN 5716803 AND 5716903
	Index Scan using sbtest2_pkey on sbtest2  (cost=0.43..398.18 rows=100 width=125)
	  Index Cond: ((id >= 5716803) AND (id <= 5716903))

table 3 : explain SELECT id, c FROM sbtest3 WHERE id BETWEEN 5716803 AND 5716903
	Index Scan using sbtest3_pkey on sbtest3  (cost=0.43..389.58 rows=98 width=125)
	  Index Cond: ((id >= 5716803) AND (id <= 5716903))

table 4 : explain SELECT id, c FROM sbtest4 WHERE id BETWEEN 5716803 AND 5716903
	Index Scan using sbtest4_pkey on sbtest4  (cost=0.43..375.62 rows=94 width=125)
	  Index Cond: ((id >= 5716803) AND (id <= 5716903))

table 5 : explain SELECT id, c FROM sbtest5 WHERE id BETWEEN 5716803 AND 5716903
	Index Scan using sbtest5_pkey on sbtest5  (cost=0.43..386.03 rows=97 width=125)
	  Index Cond: ((id >= 5716803) AND (id <= 5716903))

table 6 : explain SELECT id, c FROM sbtest6 WHERE id BETWEEN 5716803 AND 5716903
	Index Scan using sbtest6_pkey on sbtest6  (cost=0.43..389.51 rows=98 width=125)
	  Index Cond: ((id >= 5716803) AND (id <= 5716903))

table 7 : explain SELECT id, c FROM sbtest7 WHERE id BETWEEN 5716803 AND 5716903
	Index Scan using sbtest7_pkey on sbtest7  (cost=0.43..397.24 rows=100 width=125)
	  Index Cond: ((id >= 5716803) AND (id <= 5716903))

table 8 : explain SELECT id, c FROM sbtest8 WHERE id BETWEEN 5716803 AND 5716903
	Index Scan using sbtest8_pkey on sbtest8  (cost=0.43..444.30 rows=112 width=125)
	  Index Cond: ((id >= 5716803) AND (id <= 5716903))

for range-notcovered
table 1 : explain SELECT id, c FROM sbtest1 WHERE id BETWEEN 7591153 AND 7591253
	Index Scan using sbtest1_pkey on sbtest1  (cost=0.43..448.40 rows=113 width=125)
	  Index Cond: ((id >= 7591153) AND (id <= 7591253))

table 2 : explain SELECT id, c FROM sbtest2 WHERE id BETWEEN 7591153 AND 7591253
	Index Scan using sbtest2_pkey on sbtest2  (cost=0.43..406.05 rows=102 width=125)
	  Index Cond: ((id >= 7591153) AND (id <= 7591253))

table 3 : explain SELECT id, c FROM sbtest3 WHERE id BETWEEN 7591153 AND 7591253
	Index Scan using sbtest3_pkey on sbtest3  (cost=0.43..354.20 rows=89 width=125)
	  Index Cond: ((id >= 7591153) AND (id <= 7591253))

table 4 : explain SELECT id, c FROM sbtest4 WHERE id BETWEEN 7591153 AND 7591253
	Index Scan using sbtest4_pkey on sbtest4  (cost=0.43..415.10 rows=104 width=125)
	  Index Cond: ((id >= 7591153) AND (id <= 7591253))

table 5 : explain SELECT id, c FROM sbtest5 WHERE id BETWEEN 7591153 AND 7591253
	Index Scan using sbtest5_pkey on sbtest5  (cost=0.43..386.03 rows=97 width=125)
	  Index Cond: ((id >= 7591153) AND (id <= 7591253))

table 6 : explain SELECT id, c FROM sbtest6 WHERE id BETWEEN 7591153 AND 7591253
	Index Scan using sbtest6_pkey on sbtest6  (cost=0.43..381.66 rows=96 width=125)
	  Index Cond: ((id >= 7591153) AND (id <= 7591253))

table 7 : explain SELECT id, c FROM sbtest7 WHERE id BETWEEN 7591153 AND 7591253
	Index Scan using sbtest7_pkey on sbtest7  (cost=0.43..401.16 rows=101 width=125)
	  Index Cond: ((id >= 7591153) AND (id <= 7591253))

table 8 : explain SELECT id, c FROM sbtest8 WHERE id BETWEEN 7591153 AND 7591253
	Index Scan using sbtest8_pkey on sbtest8  (cost=0.43..401.11 rows=101 width=125)
	  Index Cond: ((id >= 7591153) AND (id <= 7591253))

explain: for range-notcovered :: explain SELECT id, c FROM sbtest%d WHERE id BETWEEN 1983626 AND 1983726
explain: for range-notcovered :: explain SELECT id, c FROM sbtest%d WHERE id BETWEEN 7591153 AND 7591253
explain: for range-notcovered :: explain SELECT id, c FROM sbtest%d WHERE id BETWEEN 5716803 AND 5716903
for range-notcovered
table 1 : explain SELECT id, c FROM sbtest1 WHERE id BETWEEN 6264515 AND 6264615
	Index Scan using sbtest1_pkey on sbtest1  (cost=0.43..397.35 rows=100 width=125)
	  Index Cond: ((id >= 6264515) AND (id <= 6264615))

table 2 : explain SELECT id, c FROM sbtest2 WHERE id BETWEEN 6264515 AND 6264615
	Index Scan using sbtest2_pkey on sbtest2  (cost=0.43..402.11 rows=101 width=125)
	  Index Cond: ((id >= 6264515) AND (id <= 6264615))

table 3 : explain SELECT id, c FROM sbtest3 WHERE id BETWEEN 6264515 AND 6264615
	Index Scan using sbtest3_pkey on sbtest3  (cost=0.43..440.65 rows=111 width=125)
	  Index Cond: ((id >= 6264515) AND (id <= 6264615))

table 4 : explain SELECT id, c FROM sbtest4 WHERE id BETWEEN 6264515 AND 6264615
	Index Scan using sbtest4_pkey on sbtest4  (cost=0.43..422.99 rows=106 width=125)
	  Index Cond: ((id >= 6264515) AND (id <= 6264615))

table 5 : explain SELECT id, c FROM sbtest5 WHERE id BETWEEN 6264515 AND 6264615
	Index Scan using sbtest5_pkey on sbtest5  (cost=0.43..405.70 rows=102 width=125)
	  Index Cond: ((id >= 6264515) AND (id <= 6264615))

table 6 : explain SELECT id, c FROM sbtest6 WHERE id BETWEEN 6264515 AND 6264615
	Index Scan using sbtest6_pkey on sbtest6  (cost=0.43..405.23 rows=102 width=125)
	  Index Cond: ((id >= 6264515) AND (id <= 6264615))

table 7 : explain SELECT id, c FROM sbtest7 WHERE id BETWEEN 6264515 AND 6264615
	Index Scan using sbtest7_pkey on sbtest7  (cost=0.43..377.61 rows=95 width=125)
	  Index Cond: ((id >= 6264515) AND (id <= 6264615))

table 8 : explain SELECT id, c FROM sbtest8 WHERE id BETWEEN 6264515 AND 6264615
	Index Scan using sbtest8_pkey on sbtest8  (cost=0.43..389.33 rows=98 width=125)
	  Index Cond: ((id >= 6264515) AND (id <= 6264615))

for range-notcovered
table 1 : explain SELECT id, c FROM sbtest1 WHERE id BETWEEN 6315371 AND 6315471
	Index Scan using sbtest1_pkey on sbtest1  (cost=0.43..428.77 rows=108 width=125)
	  Index Cond: ((id >= 6315371) AND (id <= 6315471))

table 2 : explain SELECT id, c FROM sbtest2 WHERE id BETWEEN 6315371 AND 6315471
	Index Scan using sbtest2_pkey on sbtest2  (cost=0.43..429.66 rows=108 width=125)
	  Index Cond: ((id >= 6315371) AND (id <= 6315471))

table 3 : explain SELECT id, c FROM sbtest3 WHERE id BETWEEN 6315371 AND 6315471
	Index Scan using sbtest3_pkey on sbtest3  (cost=0.43..385.65 rows=97 width=125)
	  Index Cond: ((id >= 6315371) AND (id <= 6315471))

table 4 : explain SELECT id, c FROM sbtest4 WHERE id BETWEEN 6315371 AND 6315471
	Index Scan using sbtest4_pkey on sbtest4  (cost=0.43..446.68 rows=112 width=125)
	  Index Cond: ((id >= 6315371) AND (id <= 6315471))

table 5 : explain SELECT id, c FROM sbtest5 WHERE id BETWEEN 6315371 AND 6315471
	Index Scan using sbtest5_pkey on sbtest5  (cost=0.43..397.83 rows=100 width=125)
	  Index Cond: ((id >= 6315371) AND (id <= 6315471))

table 6 : explain SELECT id, c FROM sbtest6 WHERE id BETWEEN 6315371 AND 6315471
	Index Scan using sbtest6_pkey on sbtest6  (cost=0.43..409.15 rows=103 width=125)
	  Index Cond: ((id >= 6315371) AND (id <= 6315471))

table 7 : explain SELECT id, c FROM sbtest7 WHERE id BETWEEN 6315371 AND 6315471
	Index Scan using sbtest7_pkey on sbtest7  (cost=0.43..377.61 rows=95 width=125)
	  Index Cond: ((id >= 6315371) AND (id <= 6315471))

table 8 : explain SELECT id, c FROM sbtest8 WHERE id BETWEEN 6315371 AND 6315471
	Index Scan using sbtest8_pkey on sbtest8  (cost=0.43..389.33 rows=98 width=125)
	  Index Cond: ((id >= 6315371) AND (id <= 6315471))

for range-notcovered
table 1 : explain SELECT id, c FROM sbtest1 WHERE id BETWEEN 6333226 AND 6333326
	Index Scan using sbtest1_pkey on sbtest1  (cost=0.43..428.77 rows=108 width=125)
	  Index Cond: ((id >= 6333226) AND (id <= 6333326))

table 2 : explain SELECT id, c FROM sbtest2 WHERE id BETWEEN 6333226 AND 6333326
	Index Scan using sbtest2_pkey on sbtest2  (cost=0.43..429.66 rows=108 width=125)
	  Index Cond: ((id >= 6333226) AND (id <= 6333326))

table 3 : explain SELECT id, c FROM sbtest3 WHERE id BETWEEN 6333226 AND 6333326
	Index Scan using sbtest3_pkey on sbtest3  (cost=0.43..385.65 rows=97 width=125)
	  Index Cond: ((id >= 6333226) AND (id <= 6333326))

table 4 : explain SELECT id, c FROM sbtest4 WHERE id BETWEEN 6333226 AND 6333326
	Index Scan using sbtest4_pkey on sbtest4  (cost=0.43..446.68 rows=112 width=125)
	  Index Cond: ((id >= 6333226) AND (id <= 6333326))

table 5 : explain SELECT id, c FROM sbtest5 WHERE id BETWEEN 6333226 AND 6333326
	Index Scan using sbtest5_pkey on sbtest5  (cost=0.43..397.83 rows=100 width=125)
	  Index Cond: ((id >= 6333226) AND (id <= 6333326))

table 6 : explain SELECT id, c FROM sbtest6 WHERE id BETWEEN 6333226 AND 6333326
	Index Scan using sbtest6_pkey on sbtest6  (cost=0.43..409.15 rows=103 width=125)
	  Index Cond: ((id >= 6333226) AND (id <= 6333326))

table 7 : explain SELECT id, c FROM sbtest7 WHERE id BETWEEN 6333226 AND 6333326
	Index Scan using sbtest7_pkey on sbtest7  (cost=0.43..377.61 rows=95 width=125)
	  Index Cond: ((id >= 6333226) AND (id <= 6333326))

table 8 : explain SELECT id, c FROM sbtest8 WHERE id BETWEEN 6333226 AND 6333326
	Index Scan using sbtest8_pkey on sbtest8  (cost=0.43..389.33 rows=98 width=125)
	  Index Cond: ((id >= 6333226) AND (id <= 6333326))

explain: for range-notcovered :: explain SELECT id, c FROM sbtest%d WHERE id BETWEEN 6264515 AND 6264615
explain: for range-notcovered :: explain SELECT id, c FROM sbtest%d WHERE id BETWEEN 6333226 AND 6333326
explain: for range-notcovered :: explain SELECT id, c FROM sbtest%d WHERE id BETWEEN 7513736 AND 7513836
explain: for range-notcovered :: explain SELECT id, c FROM sbtest%d WHERE id BETWEEN 8468968 AND 8469068
for range-notcovered
table 1 : explain SELECT id, c FROM sbtest1 WHERE id BETWEEN 871061 AND 871161
	Index Scan using sbtest1_pkey on sbtest1  (cost=0.43..393.42 rows=99 width=125)
	  Index Cond: ((id >= 871061) AND (id <= 871161))

table 2 : explain SELECT id, c FROM sbtest2 WHERE id BETWEEN 871061 AND 871161
	Index Scan using sbtest2_pkey on sbtest2  (cost=0.43..409.98 rows=103 width=125)
	  Index Cond: ((id >= 871061) AND (id <= 871161))

table 3 : explain SELECT id, c FROM sbtest3 WHERE id BETWEEN 871061 AND 871161
	Index Scan using sbtest3_pkey on sbtest3  (cost=0.43..405.29 rows=102 width=125)
	  Index Cond: ((id >= 871061) AND (id <= 871161))

table 4 : explain SELECT id, c FROM sbtest4 WHERE id BETWEEN 871061 AND 871161
	Index Scan using sbtest4_pkey on sbtest4  (cost=0.43..375.62 rows=94 width=125)
	  Index Cond: ((id >= 871061) AND (id <= 871161))

table 5 : explain SELECT id, c FROM sbtest5 WHERE id BETWEEN 871061 AND 871161
	Index Scan using sbtest5_pkey on sbtest5  (cost=0.43..393.90 rows=99 width=125)
	  Index Cond: ((id >= 871061) AND (id <= 871161))

table 6 : explain SELECT id, c FROM sbtest6 WHERE id BETWEEN 871061 AND 871161
	Index Scan using sbtest6_pkey on sbtest6  (cost=0.43..409.15 rows=103 width=125)
	  Index Cond: ((id >= 871061) AND (id <= 871161))

table 7 : explain SELECT id, c FROM sbtest7 WHERE id BETWEEN 871061 AND 871161
	Index Scan using sbtest7_pkey on sbtest7  (cost=0.43..420.80 rows=106 width=125)
	  Index Cond: ((id >= 871061) AND (id <= 871161))

table 8 : explain SELECT id, c FROM sbtest8 WHERE id BETWEEN 871061 AND 871161
	Index Scan using sbtest8_pkey on sbtest8  (cost=0.43..412.89 rows=104 width=125)
	  Index Cond: ((id >= 871061) AND (id <= 871161))

for range-notcovered
table 1 : explain SELECT id, c FROM sbtest1 WHERE id BETWEEN 7591153 AND 7591253
	Index Scan using sbtest1_pkey on sbtest1  (cost=0.43..448.40 rows=113 width=125)
	  Index Cond: ((id >= 7591153) AND (id <= 7591253))

table 2 : explain SELECT id, c FROM sbtest2 WHERE id BETWEEN 7591153 AND 7591253
	Index Scan using sbtest2_pkey on sbtest2  (cost=0.43..406.05 rows=102 width=125)
	  Index Cond: ((id >= 7591153) AND (id <= 7591253))

table 3 : explain SELECT id, c FROM sbtest3 WHERE id BETWEEN 7591153 AND 7591253
	Index Scan using sbtest3_pkey on sbtest3  (cost=0.43..354.20 rows=89 width=125)
	  Index Cond: ((id >= 7591153) AND (id <= 7591253))

table 4 : explain SELECT id, c FROM sbtest4 WHERE id BETWEEN 7591153 AND 7591253
	Index Scan using sbtest4_pkey on sbtest4  (cost=0.43..415.10 rows=104 width=125)
	  Index Cond: ((id >= 7591153) AND (id <= 7591253))

table 5 : explain SELECT id, c FROM sbtest5 WHERE id BETWEEN 7591153 AND 7591253
	Index Scan using sbtest5_pkey on sbtest5  (cost=0.43..386.03 rows=97 width=125)
	  Index Cond: ((id >= 7591153) AND (id <= 7591253))

table 6 : explain SELECT id, c FROM sbtest6 WHERE id BETWEEN 7591153 AND 7591253
	Index Scan using sbtest6_pkey on sbtest6  (cost=0.43..381.66 rows=96 width=125)
	  Index Cond: ((id >= 7591153) AND (id <= 7591253))

table 7 : explain SELECT id, c FROM sbtest7 WHERE id BETWEEN 7591153 AND 7591253
	Index Scan using sbtest7_pkey on sbtest7  (cost=0.43..401.16 rows=101 width=125)
	  Index Cond: ((id >= 7591153) AND (id <= 7591253))

table 8 : explain SELECT id, c FROM sbtest8 WHERE id BETWEEN 7591153 AND 7591253
	Index Scan using sbtest8_pkey on sbtest8  (cost=0.43..401.11 rows=101 width=125)
	  Index Cond: ((id >= 7591153) AND (id <= 7591253))

explain: for range-notcovered :: explain SELECT id, c FROM sbtest%d WHERE id BETWEEN 871061 AND 871161
for range-notcovered
table 1 : explain SELECT id, c FROM sbtest1 WHERE id BETWEEN 5716803 AND 5716903
	Index Scan using sbtest1_pkey on sbtest1  (cost=0.43..346.27 rows=87 width=125)
	  Index Cond: ((id >= 5716803) AND (id <= 5716903))

table 2 : explain SELECT id, c FROM sbtest2 WHERE id BETWEEN 5716803 AND 5716903
	Index Scan using sbtest2_pkey on sbtest2  (cost=0.43..398.18 rows=100 width=125)
	  Index Cond: ((id >= 5716803) AND (id <= 5716903))

table 3 : explain SELECT id, c FROM sbtest3 WHERE id BETWEEN 5716803 AND 5716903
	Index Scan using sbtest3_pkey on sbtest3  (cost=0.43..389.58 rows=98 width=125)
	  Index Cond: ((id >= 5716803) AND (id <= 5716903))

table 4 : explain SELECT id, c FROM sbtest4 WHERE id BETWEEN 5716803 AND 5716903
	Index Scan using sbtest4_pkey on sbtest4  (cost=0.43..375.62 rows=94 width=125)
	  Index Cond: ((id >= 5716803) AND (id <= 5716903))

table 5 : explain SELECT id, c FROM sbtest5 WHERE id BETWEEN 5716803 AND 5716903
	Index Scan using sbtest5_pkey on sbtest5  (cost=0.43..386.03 rows=97 width=125)
	  Index Cond: ((id >= 5716803) AND (id <= 5716903))

table 6 : explain SELECT id, c FROM sbtest6 WHERE id BETWEEN 5716803 AND 5716903
	Index Scan using sbtest6_pkey on sbtest6  (cost=0.43..389.51 rows=98 width=125)
	  Index Cond: ((id >= 5716803) AND (id <= 5716903))

table 7 : explain SELECT id, c FROM sbtest7 WHERE id BETWEEN 5716803 AND 5716903
	Index Scan using sbtest7_pkey on sbtest7  (cost=0.43..397.24 rows=100 width=125)
	  Index Cond: ((id >= 5716803) AND (id <= 5716903))

table 8 : explain SELECT id, c FROM sbtest8 WHERE id BETWEEN 5716803 AND 5716903
	Index Scan using sbtest8_pkey on sbtest8  (cost=0.43..444.30 rows=112 width=125)
	  Index Cond: ((id >= 5716803) AND (id <= 5716903))

explain: for range-notcovered :: explain SELECT id, c FROM sbtest%d WHERE id BETWEEN 7591153 AND 7591253
explain: for range-notcovered :: explain SELECT id, c FROM sbtest%d WHERE id BETWEEN 5716803 AND 5716903
for range-notcovered
table 1 : explain SELECT id, c FROM sbtest1 WHERE id BETWEEN 6333226 AND 6333326
	Index Scan using sbtest1_pkey on sbtest1  (cost=0.43..428.77 rows=108 width=125)
	  Index Cond: ((id >= 6333226) AND (id <= 6333326))

table 2 : explain SELECT id, c FROM sbtest2 WHERE id BETWEEN 6333226 AND 6333326
	Index Scan using sbtest2_pkey on sbtest2  (cost=0.43..429.66 rows=108 width=125)
	  Index Cond: ((id >= 6333226) AND (id <= 6333326))

table 3 : explain SELECT id, c FROM sbtest3 WHERE id BETWEEN 6333226 AND 6333326
	Index Scan using sbtest3_pkey on sbtest3  (cost=0.43..385.65 rows=97 width=125)
	  Index Cond: ((id >= 6333226) AND (id <= 6333326))

table 4 : explain SELECT id, c FROM sbtest4 WHERE id BETWEEN 6333226 AND 6333326
	Index Scan using sbtest4_pkey on sbtest4  (cost=0.43..446.68 rows=112 width=125)
	  Index Cond: ((id >= 6333226) AND (id <= 6333326))

table 5 : explain SELECT id, c FROM sbtest5 WHERE id BETWEEN 6333226 AND 6333326
	Index Scan using sbtest5_pkey on sbtest5  (cost=0.43..397.83 rows=100 width=125)
	  Index Cond: ((id >= 6333226) AND (id <= 6333326))

table 6 : explain SELECT id, c FROM sbtest6 WHERE id BETWEEN 6333226 AND 6333326
	Index Scan using sbtest6_pkey on sbtest6  (cost=0.43..409.15 rows=103 width=125)
	  Index Cond: ((id >= 6333226) AND (id <= 6333326))

table 7 : explain SELECT id, c FROM sbtest7 WHERE id BETWEEN 6333226 AND 6333326
	Index Scan using sbtest7_pkey on sbtest7  (cost=0.43..377.61 rows=95 width=125)
	  Index Cond: ((id >= 6333226) AND (id <= 6333326))

table 8 : explain SELECT id, c FROM sbtest8 WHERE id BETWEEN 6333226 AND 6333326
	Index Scan using sbtest8_pkey on sbtest8  (cost=0.43..389.33 rows=98 width=125)
	  Index Cond: ((id >= 6333226) AND (id <= 6333326))

for range-notcovered
table 1 : explain SELECT id, c FROM sbtest1 WHERE id BETWEEN 6264515 AND 6264615
	Index Scan using sbtest1_pkey on sbtest1  (cost=0.43..397.35 rows=100 width=125)
	  Index Cond: ((id >= 6264515) AND (id <= 6264615))

table 2 : explain SELECT id, c FROM sbtest2 WHERE id BETWEEN 6264515 AND 6264615
	Index Scan using sbtest2_pkey on sbtest2  (cost=0.43..402.11 rows=101 width=125)
	  Index Cond: ((id >= 6264515) AND (id <= 6264615))

table 3 : explain SELECT id, c FROM sbtest3 WHERE id BETWEEN 6264515 AND 6264615
	Index Scan using sbtest3_pkey on sbtest3  (cost=0.43..440.65 rows=111 width=125)
	  Index Cond: ((id >= 6264515) AND (id <= 6264615))

table 4 : explain SELECT id, c FROM sbtest4 WHERE id BETWEEN 6264515 AND 6264615
	Index Scan using sbtest4_pkey on sbtest4  (cost=0.43..422.99 rows=106 width=125)
	  Index Cond: ((id >= 6264515) AND (id <= 6264615))

table 5 : explain SELECT id, c FROM sbtest5 WHERE id BETWEEN 6264515 AND 6264615
	Index Scan using sbtest5_pkey on sbtest5  (cost=0.43..405.70 rows=102 width=125)
	  Index Cond: ((id >= 6264515) AND (id <= 6264615))

table 6 : explain SELECT id, c FROM sbtest6 WHERE id BETWEEN 6264515 AND 6264615
	Index Scan using sbtest6_pkey on sbtest6  (cost=0.43..405.23 rows=102 width=125)
	  Index Cond: ((id >= 6264515) AND (id <= 6264615))

table 7 : explain SELECT id, c FROM sbtest7 WHERE id BETWEEN 6264515 AND 6264615
	Index Scan using sbtest7_pkey on sbtest7  (cost=0.43..377.61 rows=95 width=125)
	  Index Cond: ((id >= 6264515) AND (id <= 6264615))

table 8 : explain SELECT id, c FROM sbtest8 WHERE id BETWEEN 6264515 AND 6264615
	Index Scan using sbtest8_pkey on sbtest8  (cost=0.43..389.33 rows=98 width=125)
	  Index Cond: ((id >= 6264515) AND (id <= 6264615))

explain: for range-notcovered :: explain SELECT id, c FROM sbtest%d WHERE id BETWEEN 6333226 AND 6333326
explain: for range-notcovered :: explain SELECT id, c FROM sbtest%d WHERE id BETWEEN 6264515 AND 6264615
explain: for range-notcovered :: explain SELECT id, c FROM sbtest%d WHERE id BETWEEN 2237819 AND 2237919
for range-notcovered
table 1 : explain SELECT id, c FROM sbtest1 WHERE id BETWEEN 871061 AND 871161
	Index Scan using sbtest1_pkey on sbtest1  (cost=0.43..393.42 rows=99 width=125)
	  Index Cond: ((id >= 871061) AND (id <= 871161))

table 2 : explain SELECT id, c FROM sbtest2 WHERE id BETWEEN 871061 AND 871161
	Index Scan using sbtest2_pkey on sbtest2  (cost=0.43..409.98 rows=103 width=125)
	  Index Cond: ((id >= 871061) AND (id <= 871161))

table 3 : explain SELECT id, c FROM sbtest3 WHERE id BETWEEN 871061 AND 871161
	Index Scan using sbtest3_pkey on sbtest3  (cost=0.43..405.29 rows=102 width=125)
	  Index Cond: ((id >= 871061) AND (id <= 871161))

table 4 : explain SELECT id, c FROM sbtest4 WHERE id BETWEEN 871061 AND 871161
	Index Scan using sbtest4_pkey on sbtest4  (cost=0.43..375.62 rows=94 width=125)
	  Index Cond: ((id >= 871061) AND (id <= 871161))

table 5 : explain SELECT id, c FROM sbtest5 WHERE id BETWEEN 871061 AND 871161
	Index Scan using sbtest5_pkey on sbtest5  (cost=0.43..393.90 rows=99 width=125)
	  Index Cond: ((id >= 871061) AND (id <= 871161))

table 6 : explain SELECT id, c FROM sbtest6 WHERE id BETWEEN 871061 AND 871161
	Index Scan using sbtest6_pkey on sbtest6  (cost=0.43..409.15 rows=103 width=125)
	  Index Cond: ((id >= 871061) AND (id <= 871161))

table 7 : explain SELECT id, c FROM sbtest7 WHERE id BETWEEN 871061 AND 871161
	Index Scan using sbtest7_pkey on sbtest7  (cost=0.43..420.80 rows=106 width=125)
	  Index Cond: ((id >= 871061) AND (id <= 871161))

table 8 : explain SELECT id, c FROM sbtest8 WHERE id BETWEEN 871061 AND 871161
	Index Scan using sbtest8_pkey on sbtest8  (cost=0.43..412.89 rows=104 width=125)
	  Index Cond: ((id >= 871061) AND (id <= 871161))

for range-notcovered
table 1 : explain SELECT id, c FROM sbtest1 WHERE id BETWEEN 5716803 AND 5716903
	Index Scan using sbtest1_pkey on sbtest1  (cost=0.43..346.27 rows=87 width=125)
	  Index Cond: ((id >= 5716803) AND (id <= 5716903))

table 2 : explain SELECT id, c FROM sbtest2 WHERE id BETWEEN 5716803 AND 5716903
	Index Scan using sbtest2_pkey on sbtest2  (cost=0.43..398.18 rows=100 width=125)
	  Index Cond: ((id >= 5716803) AND (id <= 5716903))

table 3 : explain SELECT id, c FROM sbtest3 WHERE id BETWEEN 5716803 AND 5716903
	Index Scan using sbtest3_pkey on sbtest3  (cost=0.43..389.58 rows=98 width=125)
	  Index Cond: ((id >= 5716803) AND (id <= 5716903))

table 4 : explain SELECT id, c FROM sbtest4 WHERE id BETWEEN 5716803 AND 5716903
	Index Scan using sbtest4_pkey on sbtest4  (cost=0.43..375.62 rows=94 width=125)
	  Index Cond: ((id >= 5716803) AND (id <= 5716903))

table 5 : explain SELECT id, c FROM sbtest5 WHERE id BETWEEN 5716803 AND 5716903
	Index Scan using sbtest5_pkey on sbtest5  (cost=0.43..386.03 rows=97 width=125)
	  Index Cond: ((id >= 5716803) AND (id <= 5716903))

table 6 : explain SELECT id, c FROM sbtest6 WHERE id BETWEEN 5716803 AND 5716903
	Index Scan using sbtest6_pkey on sbtest6  (cost=0.43..389.51 rows=98 width=125)
	  Index Cond: ((id >= 5716803) AND (id <= 5716903))

table 7 : explain SELECT id, c FROM sbtest7 WHERE id BETWEEN 5716803 AND 5716903
	Index Scan using sbtest7_pkey on sbtest7  (cost=0.43..397.24 rows=100 width=125)
	  Index Cond: ((id >= 5716803) AND (id <= 5716903))

table 8 : explain SELECT id, c FROM sbtest8 WHERE id BETWEEN 5716803 AND 5716903
	Index Scan using sbtest8_pkey on sbtest8  (cost=0.43..444.30 rows=112 width=125)
	  Index Cond: ((id >= 5716803) AND (id <= 5716903))

for range-notcovered
table 1 : explain SELECT id, c FROM sbtest1 WHERE id BETWEEN 7591153 AND 7591253
	Index Scan using sbtest1_pkey on sbtest1  (cost=0.43..448.40 rows=113 width=125)
	  Index Cond: ((id >= 7591153) AND (id <= 7591253))

table 2 : explain SELECT id, c FROM sbtest2 WHERE id BETWEEN 7591153 AND 7591253
	Index Scan using sbtest2_pkey on sbtest2  (cost=0.43..406.05 rows=102 width=125)
	  Index Cond: ((id >= 7591153) AND (id <= 7591253))

table 3 : explain SELECT id, c FROM sbtest3 WHERE id BETWEEN 7591153 AND 7591253
	Index Scan using sbtest3_pkey on sbtest3  (cost=0.43..354.20 rows=89 width=125)
	  Index Cond: ((id >= 7591153) AND (id <= 7591253))

table 4 : explain SELECT id, c FROM sbtest4 WHERE id BETWEEN 7591153 AND 7591253
	Index Scan using sbtest4_pkey on sbtest4  (cost=0.43..415.10 rows=104 width=125)
	  Index Cond: ((id >= 7591153) AND (id <= 7591253))

table 5 : explain SELECT id, c FROM sbtest5 WHERE id BETWEEN 7591153 AND 7591253
	Index Scan using sbtest5_pkey on sbtest5  (cost=0.43..386.03 rows=97 width=125)
	  Index Cond: ((id >= 7591153) AND (id <= 7591253))

table 6 : explain SELECT id, c FROM sbtest6 WHERE id BETWEEN 7591153 AND 7591253
	Index Scan using sbtest6_pkey on sbtest6  (cost=0.43..381.66 rows=96 width=125)
	  Index Cond: ((id >= 7591153) AND (id <= 7591253))

table 7 : explain SELECT id, c FROM sbtest7 WHERE id BETWEEN 7591153 AND 7591253
	Index Scan using sbtest7_pkey on sbtest7  (cost=0.43..401.16 rows=101 width=125)
	  Index Cond: ((id >= 7591153) AND (id <= 7591253))

table 8 : explain SELECT id, c FROM sbtest8 WHERE id BETWEEN 7591153 AND 7591253
	Index Scan using sbtest8_pkey on sbtest8  (cost=0.43..401.11 rows=101 width=125)
	  Index Cond: ((id >= 7591153) AND (id <= 7591253))

explain: for range-notcovered :: explain SELECT id, c FROM sbtest%d WHERE id BETWEEN 871061 AND 871161
explain: for range-notcovered :: explain SELECT id, c FROM sbtest%d WHERE id BETWEEN 5716803 AND 5716903
for range-notcovered
table 1 : explain SELECT id, c FROM sbtest1 WHERE id BETWEEN 6333226 AND 6333326
	Index Scan using sbtest1_pkey on sbtest1  (cost=0.43..428.77 rows=108 width=125)
	  Index Cond: ((id >= 6333226) AND (id <= 6333326))

table 2 : explain SELECT id, c FROM sbtest2 WHERE id BETWEEN 6333226 AND 6333326
	Index Scan using sbtest2_pkey on sbtest2  (cost=0.43..429.66 rows=108 width=125)
	  Index Cond: ((id >= 6333226) AND (id <= 6333326))

table 3 : explain SELECT id, c FROM sbtest3 WHERE id BETWEEN 6333226 AND 6333326
	Index Scan using sbtest3_pkey on sbtest3  (cost=0.43..385.65 rows=97 width=125)
	  Index Cond: ((id >= 6333226) AND (id <= 6333326))

table 4 : explain SELECT id, c FROM sbtest4 WHERE id BETWEEN 6333226 AND 6333326
	Index Scan using sbtest4_pkey on sbtest4  (cost=0.43..446.68 rows=112 width=125)
	  Index Cond: ((id >= 6333226) AND (id <= 6333326))

table 5 : explain SELECT id, c FROM sbtest5 WHERE id BETWEEN 6333226 AND 6333326
	Index Scan using sbtest5_pkey on sbtest5  (cost=0.43..397.83 rows=100 width=125)
	  Index Cond: ((id >= 6333226) AND (id <= 6333326))

table 6 : explain SELECT id, c FROM sbtest6 WHERE id BETWEEN 6333226 AND 6333326
	Index Scan using sbtest6_pkey on sbtest6  (cost=0.43..409.15 rows=103 width=125)
	  Index Cond: ((id >= 6333226) AND (id <= 6333326))

table 7 : explain SELECT id, c FROM sbtest7 WHERE id BETWEEN 6333226 AND 6333326
	Index Scan using sbtest7_pkey on sbtest7  (cost=0.43..377.61 rows=95 width=125)
	  Index Cond: ((id >= 6333226) AND (id <= 6333326))

table 8 : explain SELECT id, c FROM sbtest8 WHERE id BETWEEN 6333226 AND 6333326
	Index Scan using sbtest8_pkey on sbtest8  (cost=0.43..389.33 rows=98 width=125)
	  Index Cond: ((id >= 6333226) AND (id <= 6333326))

explain: for range-notcovered :: explain SELECT id, c FROM sbtest%d WHERE id BETWEEN 6333226 AND 6333326
for range-notcovered
table 1 : explain SELECT id, c FROM sbtest1 WHERE id BETWEEN 871061 AND 871161
	Index Scan using sbtest1_pkey on sbtest1  (cost=0.43..393.42 rows=99 width=125)
	  Index Cond: ((id >= 871061) AND (id <= 871161))

table 2 : explain SELECT id, c FROM sbtest2 WHERE id BETWEEN 871061 AND 871161
	Index Scan using sbtest2_pkey on sbtest2  (cost=0.43..409.98 rows=103 width=125)
	  Index Cond: ((id >= 871061) AND (id <= 871161))

table 3 : explain SELECT id, c FROM sbtest3 WHERE id BETWEEN 871061 AND 871161
	Index Scan using sbtest3_pkey on sbtest3  (cost=0.43..405.29 rows=102 width=125)
	  Index Cond: ((id >= 871061) AND (id <= 871161))

table 4 : explain SELECT id, c FROM sbtest4 WHERE id BETWEEN 871061 AND 871161
	Index Scan using sbtest4_pkey on sbtest4  (cost=0.43..375.62 rows=94 width=125)
	  Index Cond: ((id >= 871061) AND (id <= 871161))

table 5 : explain SELECT id, c FROM sbtest5 WHERE id BETWEEN 871061 AND 871161
	Index Scan using sbtest5_pkey on sbtest5  (cost=0.43..393.90 rows=99 width=125)
	  Index Cond: ((id >= 871061) AND (id <= 871161))

table 6 : explain SELECT id, c FROM sbtest6 WHERE id BETWEEN 871061 AND 871161
	Index Scan using sbtest6_pkey on sbtest6  (cost=0.43..409.15 rows=103 width=125)
	  Index Cond: ((id >= 871061) AND (id <= 871161))

table 7 : explain SELECT id, c FROM sbtest7 WHERE id BETWEEN 871061 AND 871161
	Index Scan using sbtest7_pkey on sbtest7  (cost=0.43..420.80 rows=106 width=125)
	  Index Cond: ((id >= 871061) AND (id <= 871161))

table 8 : explain SELECT id, c FROM sbtest8 WHERE id BETWEEN 871061 AND 871161
	Index Scan using sbtest8_pkey on sbtest8  (cost=0.43..412.89 rows=104 width=125)
	  Index Cond: ((id >= 871061) AND (id <= 871161))

for range-notcovered
table 1 : explain SELECT id, c FROM sbtest1 WHERE id BETWEEN 5716803 AND 5716903
	Index Scan using sbtest1_pkey on sbtest1  (cost=0.43..346.27 rows=87 width=125)
	  Index Cond: ((id >= 5716803) AND (id <= 5716903))

table 2 : explain SELECT id, c FROM sbtest2 WHERE id BETWEEN 5716803 AND 5716903
	Index Scan using sbtest2_pkey on sbtest2  (cost=0.43..398.18 rows=100 width=125)
	  Index Cond: ((id >= 5716803) AND (id <= 5716903))

table 3 : explain SELECT id, c FROM sbtest3 WHERE id BETWEEN 5716803 AND 5716903
	Index Scan using sbtest3_pkey on sbtest3  (cost=0.43..389.58 rows=98 width=125)
	  Index Cond: ((id >= 5716803) AND (id <= 5716903))

table 4 : explain SELECT id, c FROM sbtest4 WHERE id BETWEEN 5716803 AND 5716903
	Index Scan using sbtest4_pkey on sbtest4  (cost=0.43..375.62 rows=94 width=125)
	  Index Cond: ((id >= 5716803) AND (id <= 5716903))

table 5 : explain SELECT id, c FROM sbtest5 WHERE id BETWEEN 5716803 AND 5716903
	Index Scan using sbtest5_pkey on sbtest5  (cost=0.43..386.03 rows=97 width=125)
	  Index Cond: ((id >= 5716803) AND (id <= 5716903))

table 6 : explain SELECT id, c FROM sbtest6 WHERE id BETWEEN 5716803 AND 5716903
	Index Scan using sbtest6_pkey on sbtest6  (cost=0.43..389.51 rows=98 width=125)
	  Index Cond: ((id >= 5716803) AND (id <= 5716903))

table 7 : explain SELECT id, c FROM sbtest7 WHERE id BETWEEN 5716803 AND 5716903
	Index Scan using sbtest7_pkey on sbtest7  (cost=0.43..397.24 rows=100 width=125)
	  Index Cond: ((id >= 5716803) AND (id <= 5716903))

table 8 : explain SELECT id, c FROM sbtest8 WHERE id BETWEEN 5716803 AND 5716903
	Index Scan using sbtest8_pkey on sbtest8  (cost=0.43..444.30 rows=112 width=125)
	  Index Cond: ((id >= 5716803) AND (id <= 5716903))

explain: for range-notcovered :: explain SELECT id, c FROM sbtest%d WHERE id BETWEEN 871061 AND 871161
explain: for range-notcovered :: explain SELECT id, c FROM sbtest%d WHERE id BETWEEN 5716803 AND 5716903
explain: for range-notcovered :: explain SELECT id, c FROM sbtest%d WHERE id BETWEEN 5468836 AND 5468936
for range-notcovered
table 1 : explain SELECT id, c FROM sbtest1 WHERE id BETWEEN 6264515 AND 6264615
	Index Scan using sbtest1_pkey on sbtest1  (cost=0.43..397.35 rows=100 width=125)
	  Index Cond: ((id >= 6264515) AND (id <= 6264615))

table 2 : explain SELECT id, c FROM sbtest2 WHERE id BETWEEN 6264515 AND 6264615
	Index Scan using sbtest2_pkey on sbtest2  (cost=0.43..402.11 rows=101 width=125)
	  Index Cond: ((id >= 6264515) AND (id <= 6264615))

table 3 : explain SELECT id, c FROM sbtest3 WHERE id BETWEEN 6264515 AND 6264615
	Index Scan using sbtest3_pkey on sbtest3  (cost=0.43..440.65 rows=111 width=125)
	  Index Cond: ((id >= 6264515) AND (id <= 6264615))

table 4 : explain SELECT id, c FROM sbtest4 WHERE id BETWEEN 6264515 AND 6264615
	Index Scan using sbtest4_pkey on sbtest4  (cost=0.43..422.99 rows=106 width=125)
	  Index Cond: ((id >= 6264515) AND (id <= 6264615))

table 5 : explain SELECT id, c FROM sbtest5 WHERE id BETWEEN 6264515 AND 6264615
	Index Scan using sbtest5_pkey on sbtest5  (cost=0.43..405.70 rows=102 width=125)
	  Index Cond: ((id >= 6264515) AND (id <= 6264615))

table 6 : explain SELECT id, c FROM sbtest6 WHERE id BETWEEN 6264515 AND 6264615
	Index Scan using sbtest6_pkey on sbtest6  (cost=0.43..405.23 rows=102 width=125)
	  Index Cond: ((id >= 6264515) AND (id <= 6264615))

table 7 : explain SELECT id, c FROM sbtest7 WHERE id BETWEEN 6264515 AND 6264615
	Index Scan using sbtest7_pkey on sbtest7  (cost=0.43..377.61 rows=95 width=125)
	  Index Cond: ((id >= 6264515) AND (id <= 6264615))

table 8 : explain SELECT id, c FROM sbtest8 WHERE id BETWEEN 6264515 AND 6264615
	Index Scan using sbtest8_pkey on sbtest8  (cost=0.43..389.33 rows=98 width=125)
	  Index Cond: ((id >= 6264515) AND (id <= 6264615))

for range-notcovered
table 1 : explain SELECT id, c FROM sbtest1 WHERE id BETWEEN 6333226 AND 6333326
	Index Scan using sbtest1_pkey on sbtest1  (cost=0.43..428.77 rows=108 width=125)
	  Index Cond: ((id >= 6333226) AND (id <= 6333326))

table 2 : explain SELECT id, c FROM sbtest2 WHERE id BETWEEN 6333226 AND 6333326
	Index Scan using sbtest2_pkey on sbtest2  (cost=0.43..429.66 rows=108 width=125)
	  Index Cond: ((id >= 6333226) AND (id <= 6333326))

table 3 : explain SELECT id, c FROM sbtest3 WHERE id BETWEEN 6333226 AND 6333326
	Index Scan using sbtest3_pkey on sbtest3  (cost=0.43..385.65 rows=97 width=125)
	  Index Cond: ((id >= 6333226) AND (id <= 6333326))

table 4 : explain SELECT id, c FROM sbtest4 WHERE id BETWEEN 6333226 AND 6333326
	Index Scan using sbtest4_pkey on sbtest4  (cost=0.43..446.68 rows=112 width=125)
	  Index Cond: ((id >= 6333226) AND (id <= 6333326))

table 5 : explain SELECT id, c FROM sbtest5 WHERE id BETWEEN 6333226 AND 6333326
	Index Scan using sbtest5_pkey on sbtest5  (cost=0.43..397.83 rows=100 width=125)
	  Index Cond: ((id >= 6333226) AND (id <= 6333326))

table 6 : explain SELECT id, c FROM sbtest6 WHERE id BETWEEN 6333226 AND 6333326
	Index Scan using sbtest6_pkey on sbtest6  (cost=0.43..409.15 rows=103 width=125)
	  Index Cond: ((id >= 6333226) AND (id <= 6333326))

table 7 : explain SELECT id, c FROM sbtest7 WHERE id BETWEEN 6333226 AND 6333326
	Index Scan using sbtest7_pkey on sbtest7  (cost=0.43..377.61 rows=95 width=125)
	  Index Cond: ((id >= 6333226) AND (id <= 6333326))

table 8 : explain SELECT id, c FROM sbtest8 WHERE id BETWEEN 6333226 AND 6333326
	Index Scan using sbtest8_pkey on sbtest8  (cost=0.43..389.33 rows=98 width=125)
	  Index Cond: ((id >= 6333226) AND (id <= 6333326))

explain: for range-notcovered :: explain SELECT id, c FROM sbtest%d WHERE id BETWEEN 6264515 AND 6264615
explain: for range-notcovered :: explain SELECT id, c FROM sbtest%d WHERE id BETWEEN 6333226 AND 6333326
for range-notcovered
table 1 : explain SELECT id, c FROM sbtest1 WHERE id BETWEEN 871061 AND 871161
	Index Scan using sbtest1_pkey on sbtest1  (cost=0.43..393.42 rows=99 width=125)
	  Index Cond: ((id >= 871061) AND (id <= 871161))

table 2 : explain SELECT id, c FROM sbtest2 WHERE id BETWEEN 871061 AND 871161
	Index Scan using sbtest2_pkey on sbtest2  (cost=0.43..409.98 rows=103 width=125)
	  Index Cond: ((id >= 871061) AND (id <= 871161))

table 3 : explain SELECT id, c FROM sbtest3 WHERE id BETWEEN 871061 AND 871161
	Index Scan using sbtest3_pkey on sbtest3  (cost=0.43..405.29 rows=102 width=125)
	  Index Cond: ((id >= 871061) AND (id <= 871161))

table 4 : explain SELECT id, c FROM sbtest4 WHERE id BETWEEN 871061 AND 871161
	Index Scan using sbtest4_pkey on sbtest4  (cost=0.43..375.62 rows=94 width=125)
	  Index Cond: ((id >= 871061) AND (id <= 871161))

table 5 : explain SELECT id, c FROM sbtest5 WHERE id BETWEEN 871061 AND 871161
	Index Scan using sbtest5_pkey on sbtest5  (cost=0.43..393.90 rows=99 width=125)
	  Index Cond: ((id >= 871061) AND (id <= 871161))

table 6 : explain SELECT id, c FROM sbtest6 WHERE id BETWEEN 871061 AND 871161
	Index Scan using sbtest6_pkey on sbtest6  (cost=0.43..409.15 rows=103 width=125)
	  Index Cond: ((id >= 871061) AND (id <= 871161))

table 7 : explain SELECT id, c FROM sbtest7 WHERE id BETWEEN 871061 AND 871161
	Index Scan using sbtest7_pkey on sbtest7  (cost=0.43..420.80 rows=106 width=125)
	  Index Cond: ((id >= 871061) AND (id <= 871161))

table 8 : explain SELECT id, c FROM sbtest8 WHERE id BETWEEN 871061 AND 871161
	Index Scan using sbtest8_pkey on sbtest8  (cost=0.43..412.89 rows=104 width=125)
	  Index Cond: ((id >= 871061) AND (id <= 871161))

explain: for range-notcovered :: explain SELECT id, c FROM sbtest%d WHERE id BETWEEN 871061 AND 871161
for range-notcovered
table 1 : explain SELECT id, c FROM sbtest1 WHERE id BETWEEN 5716803 AND 5716903
	Index Scan using sbtest1_pkey on sbtest1  (cost=0.43..346.27 rows=87 width=125)
	  Index Cond: ((id >= 5716803) AND (id <= 5716903))

table 2 : explain SELECT id, c FROM sbtest2 WHERE id BETWEEN 5716803 AND 5716903
	Index Scan using sbtest2_pkey on sbtest2  (cost=0.43..398.18 rows=100 width=125)
	  Index Cond: ((id >= 5716803) AND (id <= 5716903))

table 3 : explain SELECT id, c FROM sbtest3 WHERE id BETWEEN 5716803 AND 5716903
	Index Scan using sbtest3_pkey on sbtest3  (cost=0.43..389.58 rows=98 width=125)
	  Index Cond: ((id >= 5716803) AND (id <= 5716903))

table 4 : explain SELECT id, c FROM sbtest4 WHERE id BETWEEN 5716803 AND 5716903
	Index Scan using sbtest4_pkey on sbtest4  (cost=0.43..375.62 rows=94 width=125)
	  Index Cond: ((id >= 5716803) AND (id <= 5716903))

table 5 : explain SELECT id, c FROM sbtest5 WHERE id BETWEEN 5716803 AND 5716903
	Index Scan using sbtest5_pkey on sbtest5  (cost=0.43..386.03 rows=97 width=125)
	  Index Cond: ((id >= 5716803) AND (id <= 5716903))

table 6 : explain SELECT id, c FROM sbtest6 WHERE id BETWEEN 5716803 AND 5716903
	Index Scan using sbtest6_pkey on sbtest6  (cost=0.43..389.51 rows=98 width=125)
	  Index Cond: ((id >= 5716803) AND (id <= 5716903))

table 7 : explain SELECT id, c FROM sbtest7 WHERE id BETWEEN 5716803 AND 5716903
	Index Scan using sbtest7_pkey on sbtest7  (cost=0.43..397.24 rows=100 width=125)
	  Index Cond: ((id >= 5716803) AND (id <= 5716903))

table 8 : explain SELECT id, c FROM sbtest8 WHERE id BETWEEN 5716803 AND 5716903
	Index Scan using sbtest8_pkey on sbtest8  (cost=0.43..444.30 rows=112 width=125)
	  Index Cond: ((id >= 5716803) AND (id <= 5716903))

explain: for range-notcovered :: explain SELECT id, c FROM sbtest%d WHERE id BETWEEN 5716803 AND 5716903
for range-notcovered
table 1 : explain SELECT id, c FROM sbtest1 WHERE id BETWEEN 1983626 AND 1983726
	Index Scan using sbtest1_pkey on sbtest1  (cost=0.43..354.12 rows=89 width=125)
	  Index Cond: ((id >= 1983626) AND (id <= 1983726))

table 2 : explain SELECT id, c FROM sbtest2 WHERE id BETWEEN 1983626 AND 1983726
	Index Scan using sbtest2_pkey on sbtest2  (cost=0.43..402.11 rows=101 width=125)
	  Index Cond: ((id >= 1983626) AND (id <= 1983726))

table 3 : explain SELECT id, c FROM sbtest3 WHERE id BETWEEN 1983626 AND 1983726
	Index Scan using sbtest3_pkey on sbtest3  (cost=0.43..397.44 rows=100 width=125)
	  Index Cond: ((id >= 1983626) AND (id <= 1983726))

table 4 : explain SELECT id, c FROM sbtest4 WHERE id BETWEEN 1983626 AND 1983726
	Index Scan using sbtest4_pkey on sbtest4  (cost=0.43..391.41 rows=98 width=125)
	  Index Cond: ((id >= 1983626) AND (id <= 1983726))

table 5 : explain SELECT id, c FROM sbtest5 WHERE id BETWEEN 1983626 AND 1983726
	Index Scan using sbtest5_pkey on sbtest5  (cost=0.43..378.17 rows=95 width=125)
	  Index Cond: ((id >= 1983626) AND (id <= 1983726))

table 6 : explain SELECT id, c FROM sbtest6 WHERE id BETWEEN 1983626 AND 1983726
	Index Scan using sbtest6_pkey on sbtest6  (cost=0.43..409.15 rows=103 width=125)
	  Index Cond: ((id >= 1983626) AND (id <= 1983726))

table 7 : explain SELECT id, c FROM sbtest7 WHERE id BETWEEN 1983626 AND 1983726
	Index Scan using sbtest7_pkey on sbtest7  (cost=0.43..436.50 rows=110 width=125)
	  Index Cond: ((id >= 1983626) AND (id <= 1983726))

table 8 : explain SELECT id, c FROM sbtest8 WHERE id BETWEEN 1983626 AND 1983726
	Index Scan using sbtest8_pkey on sbtest8  (cost=0.43..393.26 rows=99 width=125)
	  Index Cond: ((id >= 1983626) AND (id <= 1983726))

explain: for range-notcovered :: explain SELECT id, c FROM sbtest%d WHERE id BETWEEN 1983626 AND 1983726
for range-notcovered
table 1 : explain SELECT id, c FROM sbtest1 WHERE id BETWEEN 6264515 AND 6264615
	Index Scan using sbtest1_pkey on sbtest1  (cost=0.43..397.35 rows=100 width=125)
	  Index Cond: ((id >= 6264515) AND (id <= 6264615))

table 2 : explain SELECT id, c FROM sbtest2 WHERE id BETWEEN 6264515 AND 6264615
	Index Scan using sbtest2_pkey on sbtest2  (cost=0.43..402.11 rows=101 width=125)
	  Index Cond: ((id >= 6264515) AND (id <= 6264615))

table 3 : explain SELECT id, c FROM sbtest3 WHERE id BETWEEN 6264515 AND 6264615
	Index Scan using sbtest3_pkey on sbtest3  (cost=0.43..440.65 rows=111 width=125)
	  Index Cond: ((id >= 6264515) AND (id <= 6264615))

table 4 : explain SELECT id, c FROM sbtest4 WHERE id BETWEEN 6264515 AND 6264615
	Index Scan using sbtest4_pkey on sbtest4  (cost=0.43..422.99 rows=106 width=125)
	  Index Cond: ((id >= 6264515) AND (id <= 6264615))

table 5 : explain SELECT id, c FROM sbtest5 WHERE id BETWEEN 6264515 AND 6264615
	Index Scan using sbtest5_pkey on sbtest5  (cost=0.43..405.70 rows=102 width=125)
	  Index Cond: ((id >= 6264515) AND (id <= 6264615))

table 6 : explain SELECT id, c FROM sbtest6 WHERE id BETWEEN 6264515 AND 6264615
	Index Scan using sbtest6_pkey on sbtest6  (cost=0.43..405.23 rows=102 width=125)
	  Index Cond: ((id >= 6264515) AND (id <= 6264615))

table 7 : explain SELECT id, c FROM sbtest7 WHERE id BETWEEN 6264515 AND 6264615
	Index Scan using sbtest7_pkey on sbtest7  (cost=0.43..377.61 rows=95 width=125)
	  Index Cond: ((id >= 6264515) AND (id <= 6264615))

table 8 : explain SELECT id, c FROM sbtest8 WHERE id BETWEEN 6264515 AND 6264615
	Index Scan using sbtest8_pkey on sbtest8  (cost=0.43..389.33 rows=98 width=125)
	  Index Cond: ((id >= 6264515) AND (id <= 6264615))

for range-notcovered
table 1 : explain SELECT id, c FROM sbtest1 WHERE id BETWEEN 6333226 AND 6333326
	Index Scan using sbtest1_pkey on sbtest1  (cost=0.43..428.77 rows=108 width=125)
	  Index Cond: ((id >= 6333226) AND (id <= 6333326))

table 2 : explain SELECT id, c FROM sbtest2 WHERE id BETWEEN 6333226 AND 6333326
	Index Scan using sbtest2_pkey on sbtest2  (cost=0.43..429.66 rows=108 width=125)
	  Index Cond: ((id >= 6333226) AND (id <= 6333326))

table 3 : explain SELECT id, c FROM sbtest3 WHERE id BETWEEN 6333226 AND 6333326
	Index Scan using sbtest3_pkey on sbtest3  (cost=0.43..385.65 rows=97 width=125)
	  Index Cond: ((id >= 6333226) AND (id <= 6333326))

table 4 : explain SELECT id, c FROM sbtest4 WHERE id BETWEEN 6333226 AND 6333326
	Index Scan using sbtest4_pkey on sbtest4  (cost=0.43..446.68 rows=112 width=125)
	  Index Cond: ((id >= 6333226) AND (id <= 6333326))

table 5 : explain SELECT id, c FROM sbtest5 WHERE id BETWEEN 6333226 AND 6333326
	Index Scan using sbtest5_pkey on sbtest5  (cost=0.43..397.83 rows=100 width=125)
	  Index Cond: ((id >= 6333226) AND (id <= 6333326))

table 6 : explain SELECT id, c FROM sbtest6 WHERE id BETWEEN 6333226 AND 6333326
	Index Scan using sbtest6_pkey on sbtest6  (cost=0.43..409.15 rows=103 width=125)
	  Index Cond: ((id >= 6333226) AND (id <= 6333326))

table 7 : explain SELECT id, c FROM sbtest7 WHERE id BETWEEN 6333226 AND 6333326
	Index Scan using sbtest7_pkey on sbtest7  (cost=0.43..377.61 rows=95 width=125)
	  Index Cond: ((id >= 6333226) AND (id <= 6333326))

table 8 : explain SELECT id, c FROM sbtest8 WHERE id BETWEEN 6333226 AND 6333326
	Index Scan using sbtest8_pkey on sbtest8  (cost=0.43..389.33 rows=98 width=125)
	  Index Cond: ((id >= 6333226) AND (id <= 6333326))

explain: for range-notcovered :: explain SELECT id, c FROM sbtest%d WHERE id BETWEEN 6333226 AND 6333326
for range-notcovered
table 1 : explain SELECT id, c FROM sbtest1 WHERE id BETWEEN 871061 AND 871161
	Index Scan using sbtest1_pkey on sbtest1  (cost=0.43..393.42 rows=99 width=125)
	  Index Cond: ((id >= 871061) AND (id <= 871161))

table 2 : explain SELECT id, c FROM sbtest2 WHERE id BETWEEN 871061 AND 871161
	Index Scan using sbtest2_pkey on sbtest2  (cost=0.43..409.98 rows=103 width=125)
	  Index Cond: ((id >= 871061) AND (id <= 871161))

table 3 : explain SELECT id, c FROM sbtest3 WHERE id BETWEEN 871061 AND 871161
	Index Scan using sbtest3_pkey on sbtest3  (cost=0.43..405.29 rows=102 width=125)
	  Index Cond: ((id >= 871061) AND (id <= 871161))

table 4 : explain SELECT id, c FROM sbtest4 WHERE id BETWEEN 871061 AND 871161
	Index Scan using sbtest4_pkey on sbtest4  (cost=0.43..375.62 rows=94 width=125)
	  Index Cond: ((id >= 871061) AND (id <= 871161))

table 5 : explain SELECT id, c FROM sbtest5 WHERE id BETWEEN 871061 AND 871161
	Index Scan using sbtest5_pkey on sbtest5  (cost=0.43..393.90 rows=99 width=125)
	  Index Cond: ((id >= 871061) AND (id <= 871161))

table 6 : explain SELECT id, c FROM sbtest6 WHERE id BETWEEN 871061 AND 871161
	Index Scan using sbtest6_pkey on sbtest6  (cost=0.43..409.15 rows=103 width=125)
	  Index Cond: ((id >= 871061) AND (id <= 871161))

table 7 : explain SELECT id, c FROM sbtest7 WHERE id BETWEEN 871061 AND 871161
	Index Scan using sbtest7_pkey on sbtest7  (cost=0.43..420.80 rows=106 width=125)
	  Index Cond: ((id >= 871061) AND (id <= 871161))

table 8 : explain SELECT id, c FROM sbtest8 WHERE id BETWEEN 871061 AND 871161
	Index Scan using sbtest8_pkey on sbtest8  (cost=0.43..412.89 rows=104 width=125)
	  Index Cond: ((id >= 871061) AND (id <= 871161))

explain: for range-notcovered :: explain SELECT id, c FROM sbtest%d WHERE id BETWEEN 871061 AND 871161
for range-notcovered
table 1 : explain SELECT id, c FROM sbtest1 WHERE id BETWEEN 5716803 AND 5716903
	Index Scan using sbtest1_pkey on sbtest1  (cost=0.43..346.27 rows=87 width=125)
	  Index Cond: ((id >= 5716803) AND (id <= 5716903))

table 2 : explain SELECT id, c FROM sbtest2 WHERE id BETWEEN 5716803 AND 5716903
	Index Scan using sbtest2_pkey on sbtest2  (cost=0.43..398.18 rows=100 width=125)
	  Index Cond: ((id >= 5716803) AND (id <= 5716903))

table 3 : explain SELECT id, c FROM sbtest3 WHERE id BETWEEN 5716803 AND 5716903
	Index Scan using sbtest3_pkey on sbtest3  (cost=0.43..389.58 rows=98 width=125)
	  Index Cond: ((id >= 5716803) AND (id <= 5716903))

table 4 : explain SELECT id, c FROM sbtest4 WHERE id BETWEEN 5716803 AND 5716903
	Index Scan using sbtest4_pkey on sbtest4  (cost=0.43..375.62 rows=94 width=125)
	  Index Cond: ((id >= 5716803) AND (id <= 5716903))

table 5 : explain SELECT id, c FROM sbtest5 WHERE id BETWEEN 5716803 AND 5716903
	Index Scan using sbtest5_pkey on sbtest5  (cost=0.43..386.03 rows=97 width=125)
	  Index Cond: ((id >= 5716803) AND (id <= 5716903))

table 6 : explain SELECT id, c FROM sbtest6 WHERE id BETWEEN 5716803 AND 5716903
	Index Scan using sbtest6_pkey on sbtest6  (cost=0.43..389.51 rows=98 width=125)
	  Index Cond: ((id >= 5716803) AND (id <= 5716903))

table 7 : explain SELECT id, c FROM sbtest7 WHERE id BETWEEN 5716803 AND 5716903
	Index Scan using sbtest7_pkey on sbtest7  (cost=0.43..397.24 rows=100 width=125)
	  Index Cond: ((id >= 5716803) AND (id <= 5716903))

table 8 : explain SELECT id, c FROM sbtest8 WHERE id BETWEEN 5716803 AND 5716903
	Index Scan using sbtest8_pkey on sbtest8  (cost=0.43..444.30 rows=112 width=125)
	  Index Cond: ((id >= 5716803) AND (id <= 5716903))

for range-notcovered
table 1 : explain SELECT id, c FROM sbtest1 WHERE id BETWEEN 7513736 AND 7513836
	Index Scan using sbtest1_pkey on sbtest1  (cost=0.43..413.06 rows=104 width=125)
	  Index Cond: ((id >= 7513736) AND (id <= 7513836))

table 2 : explain SELECT id, c FROM sbtest2 WHERE id BETWEEN 7513736 AND 7513836
	Index Scan using sbtest2_pkey on sbtest2  (cost=0.43..406.05 rows=102 width=125)
	  Index Cond: ((id >= 7513736) AND (id <= 7513836))

table 3 : explain SELECT id, c FROM sbtest3 WHERE id BETWEEN 7513736 AND 7513836
	Index Scan using sbtest3_pkey on sbtest3  (cost=0.43..354.20 rows=89 width=125)
	  Index Cond: ((id >= 7513736) AND (id <= 7513836))

table 4 : explain SELECT id, c FROM sbtest4 WHERE id BETWEEN 7513736 AND 7513836
	Index Scan using sbtest4_pkey on sbtest4  (cost=0.43..415.10 rows=104 width=125)
	  Index Cond: ((id >= 7513736) AND (id <= 7513836))

table 5 : explain SELECT id, c FROM sbtest5 WHERE id BETWEEN 7513736 AND 7513836
	Index Scan using sbtest5_pkey on sbtest5  (cost=0.43..429.29 rows=108 width=125)
	  Index Cond: ((id >= 7513736) AND (id <= 7513836))

table 6 : explain SELECT id, c FROM sbtest6 WHERE id BETWEEN 7513736 AND 7513836
	Index Scan using sbtest6_pkey on sbtest6  (cost=0.43..401.30 rows=101 width=125)
	  Index Cond: ((id >= 7513736) AND (id <= 7513836))

table 7 : explain SELECT id, c FROM sbtest7 WHERE id BETWEEN 7513736 AND 7513836
	Index Scan using sbtest7_pkey on sbtest7  (cost=0.43..436.50 rows=110 width=125)
	  Index Cond: ((id >= 7513736) AND (id <= 7513836))

table 8 : explain SELECT id, c FROM sbtest8 WHERE id BETWEEN 7513736 AND 7513836
	Index Scan using sbtest8_pkey on sbtest8  (cost=0.43..401.11 rows=101 width=125)
	  Index Cond: ((id >= 7513736) AND (id <= 7513836))

explain: for range-notcovered :: explain SELECT id, c FROM sbtest%d WHERE id BETWEEN 5716803 AND 5716903
explain: for range-notcovered :: explain SELECT id, c FROM sbtest%d WHERE id BETWEEN 7513736 AND 7513836
for range-notcovered
table 1 : explain SELECT id, c FROM sbtest1 WHERE id BETWEEN 1983626 AND 1983726
	Index Scan using sbtest1_pkey on sbtest1  (cost=0.43..354.12 rows=89 width=125)
	  Index Cond: ((id >= 1983626) AND (id <= 1983726))

table 2 : explain SELECT id, c FROM sbtest2 WHERE id BETWEEN 1983626 AND 1983726
	Index Scan using sbtest2_pkey on sbtest2  (cost=0.43..402.11 rows=101 width=125)
	  Index Cond: ((id >= 1983626) AND (id <= 1983726))

table 3 : explain SELECT id, c FROM sbtest3 WHERE id BETWEEN 1983626 AND 1983726
	Index Scan using sbtest3_pkey on sbtest3  (cost=0.43..397.44 rows=100 width=125)
	  Index Cond: ((id >= 1983626) AND (id <= 1983726))

table 4 : explain SELECT id, c FROM sbtest4 WHERE id BETWEEN 1983626 AND 1983726
	Index Scan using sbtest4_pkey on sbtest4  (cost=0.43..391.41 rows=98 width=125)
	  Index Cond: ((id >= 1983626) AND (id <= 1983726))

table 5 : explain SELECT id, c FROM sbtest5 WHERE id BETWEEN 1983626 AND 1983726
	Index Scan using sbtest5_pkey on sbtest5  (cost=0.43..378.17 rows=95 width=125)
	  Index Cond: ((id >= 1983626) AND (id <= 1983726))

table 6 : explain SELECT id, c FROM sbtest6 WHERE id BETWEEN 1983626 AND 1983726
	Index Scan using sbtest6_pkey on sbtest6  (cost=0.43..409.15 rows=103 width=125)
	  Index Cond: ((id >= 1983626) AND (id <= 1983726))

table 7 : explain SELECT id, c FROM sbtest7 WHERE id BETWEEN 1983626 AND 1983726
	Index Scan using sbtest7_pkey on sbtest7  (cost=0.43..436.50 rows=110 width=125)
	  Index Cond: ((id >= 1983626) AND (id <= 1983726))

table 8 : explain SELECT id, c FROM sbtest8 WHERE id BETWEEN 1983626 AND 1983726
	Index Scan using sbtest8_pkey on sbtest8  (cost=0.43..393.26 rows=99 width=125)
	  Index Cond: ((id >= 1983626) AND (id <= 1983726))

for range-notcovered
table 1 : explain SELECT id, c FROM sbtest1 WHERE id BETWEEN 8468968 AND 8469068
	Index Scan using sbtest1_pkey on sbtest1  (cost=0.43..409.13 rows=103 width=125)
	  Index Cond: ((id >= 8468968) AND (id <= 8469068))

table 2 : explain SELECT id, c FROM sbtest2 WHERE id BETWEEN 8468968 AND 8469068
	Index Scan using sbtest2_pkey on sbtest2  (cost=0.43..433.60 rows=109 width=125)
	  Index Cond: ((id >= 8468968) AND (id <= 8469068))

table 3 : explain SELECT id, c FROM sbtest3 WHERE id BETWEEN 8468968 AND 8469068
	Index Scan using sbtest3_pkey on sbtest3  (cost=0.43..417.08 rows=105 width=125)
	  Index Cond: ((id >= 8468968) AND (id <= 8469068))

table 4 : explain SELECT id, c FROM sbtest4 WHERE id BETWEEN 8468968 AND 8469068
	Index Scan using sbtest4_pkey on sbtest4  (cost=0.43..363.76 rows=91 width=125)
	  Index Cond: ((id >= 8468968) AND (id <= 8469068))

table 5 : explain SELECT id, c FROM sbtest5 WHERE id BETWEEN 8468968 AND 8469068
	Index Scan using sbtest5_pkey on sbtest5  (cost=0.43..397.83 rows=100 width=125)
	  Index Cond: ((id >= 8468968) AND (id <= 8469068))

table 6 : explain SELECT id, c FROM sbtest6 WHERE id BETWEEN 8468968 AND 8469068
	Index Scan using sbtest6_pkey on sbtest6  (cost=0.43..405.23 rows=102 width=125)
	  Index Cond: ((id >= 8468968) AND (id <= 8469068))

table 7 : explain SELECT id, c FROM sbtest7 WHERE id BETWEEN 8468968 AND 8469068
	Index Scan using sbtest7_pkey on sbtest7  (cost=0.43..377.61 rows=95 width=125)
	  Index Cond: ((id >= 8468968) AND (id <= 8469068))

table 8 : explain SELECT id, c FROM sbtest8 WHERE id BETWEEN 8468968 AND 8469068
	Index Scan using sbtest8_pkey on sbtest8  (cost=0.43..412.89 rows=104 width=125)
	  Index Cond: ((id >= 8468968) AND (id <= 8469068))

explain: for range-notcovered :: explain SELECT id, c FROM sbtest%d WHERE id BETWEEN 1983626 AND 1983726
explain: for range-notcovered :: explain SELECT id, c FROM sbtest%d WHERE id BETWEEN 8693488 AND 8693588
explain: for range-notcovered :: explain SELECT id, c FROM sbtest%d WHERE id BETWEEN 8468968 AND 8469068
for range-notcovered
table 1 : explain SELECT id, c FROM sbtest1 WHERE id BETWEEN 6333226 AND 6333326
	Index Scan using sbtest1_pkey on sbtest1  (cost=0.43..428.77 rows=108 width=125)
	  Index Cond: ((id >= 6333226) AND (id <= 6333326))

table 2 : explain SELECT id, c FROM sbtest2 WHERE id BETWEEN 6333226 AND 6333326
	Index Scan using sbtest2_pkey on sbtest2  (cost=0.43..429.66 rows=108 width=125)
	  Index Cond: ((id >= 6333226) AND (id <= 6333326))

table 3 : explain SELECT id, c FROM sbtest3 WHERE id BETWEEN 6333226 AND 6333326
	Index Scan using sbtest3_pkey on sbtest3  (cost=0.43..385.65 rows=97 width=125)
	  Index Cond: ((id >= 6333226) AND (id <= 6333326))

table 4 : explain SELECT id, c FROM sbtest4 WHERE id BETWEEN 6333226 AND 6333326
	Index Scan using sbtest4_pkey on sbtest4  (cost=0.43..446.68 rows=112 width=125)
	  Index Cond: ((id >= 6333226) AND (id <= 6333326))

table 5 : explain SELECT id, c FROM sbtest5 WHERE id BETWEEN 6333226 AND 6333326
	Index Scan using sbtest5_pkey on sbtest5  (cost=0.43..397.83 rows=100 width=125)
	  Index Cond: ((id >= 6333226) AND (id <= 6333326))

table 6 : explain SELECT id, c FROM sbtest6 WHERE id BETWEEN 6333226 AND 6333326
	Index Scan using sbtest6_pkey on sbtest6  (cost=0.43..409.15 rows=103 width=125)
	  Index Cond: ((id >= 6333226) AND (id <= 6333326))

table 7 : explain SELECT id, c FROM sbtest7 WHERE id BETWEEN 6333226 AND 6333326
	Index Scan using sbtest7_pkey on sbtest7  (cost=0.43..377.61 rows=95 width=125)
	  Index Cond: ((id >= 6333226) AND (id <= 6333326))

table 8 : explain SELECT id, c FROM sbtest8 WHERE id BETWEEN 6333226 AND 6333326
	Index Scan using sbtest8_pkey on sbtest8  (cost=0.43..389.33 rows=98 width=125)
	  Index Cond: ((id >= 6333226) AND (id <= 6333326))

explain: for range-notcovered :: explain SELECT id, c FROM sbtest%d WHERE id BETWEEN 6333226 AND 6333326
for range-notcovered
table 1 : explain SELECT id, c FROM sbtest1 WHERE id BETWEEN 2237819 AND 2237919
	Index Scan using sbtest1_pkey on sbtest1  (cost=0.43..397.35 rows=100 width=125)
	  Index Cond: ((id >= 2237819) AND (id <= 2237919))

table 2 : explain SELECT id, c FROM sbtest2 WHERE id BETWEEN 2237819 AND 2237919
	Index Scan using sbtest2_pkey on sbtest2  (cost=0.43..398.18 rows=100 width=125)
	  Index Cond: ((id >= 2237819) AND (id <= 2237919))

table 3 : explain SELECT id, c FROM sbtest3 WHERE id BETWEEN 2237819 AND 2237919
	Index Scan using sbtest3_pkey on sbtest3  (cost=0.43..436.72 rows=110 width=125)
	  Index Cond: ((id >= 2237819) AND (id <= 2237919))

table 4 : explain SELECT id, c FROM sbtest4 WHERE id BETWEEN 2237819 AND 2237919
	Index Scan using sbtest4_pkey on sbtest4  (cost=0.43..387.47 rows=97 width=125)
	  Index Cond: ((id >= 2237819) AND (id <= 2237919))

table 5 : explain SELECT id, c FROM sbtest5 WHERE id BETWEEN 2237819 AND 2237919
	Index Scan using sbtest5_pkey on sbtest5  (cost=0.43..409.63 rows=103 width=125)
	  Index Cond: ((id >= 2237819) AND (id <= 2237919))

table 6 : explain SELECT id, c FROM sbtest6 WHERE id BETWEEN 2237819 AND 2237919
	Index Scan using sbtest6_pkey on sbtest6  (cost=0.43..417.01 rows=105 width=125)
	  Index Cond: ((id >= 2237819) AND (id <= 2237919))

table 7 : explain SELECT id, c FROM sbtest7 WHERE id BETWEEN 2237819 AND 2237919
	Index Scan using sbtest7_pkey on sbtest7  (cost=0.43..424.72 rows=107 width=125)
	  Index Cond: ((id >= 2237819) AND (id <= 2237919))

table 8 : explain SELECT id, c FROM sbtest8 WHERE id BETWEEN 2237819 AND 2237919
	Index Scan using sbtest8_pkey on sbtest8  (cost=0.43..365.76 rows=92 width=125)
	  Index Cond: ((id >= 2237819) AND (id <= 2237919))

for range-notcovered
table 1 : explain SELECT id, c FROM sbtest1 WHERE id BETWEEN 871061 AND 871161
	Index Scan using sbtest1_pkey on sbtest1  (cost=0.43..393.42 rows=99 width=125)
	  Index Cond: ((id >= 871061) AND (id <= 871161))

table 2 : explain SELECT id, c FROM sbtest2 WHERE id BETWEEN 871061 AND 871161
	Index Scan using sbtest2_pkey on sbtest2  (cost=0.43..409.98 rows=103 width=125)
	  Index Cond: ((id >= 871061) AND (id <= 871161))

table 3 : explain SELECT id, c FROM sbtest3 WHERE id BETWEEN 871061 AND 871161
	Index Scan using sbtest3_pkey on sbtest3  (cost=0.43..405.29 rows=102 width=125)
	  Index Cond: ((id >= 871061) AND (id <= 871161))

table 4 : explain SELECT id, c FROM sbtest4 WHERE id BETWEEN 871061 AND 871161
	Index Scan using sbtest4_pkey on sbtest4  (cost=0.43..375.62 rows=94 width=125)
	  Index Cond: ((id >= 871061) AND (id <= 871161))

table 5 : explain SELECT id, c FROM sbtest5 WHERE id BETWEEN 871061 AND 871161
	Index Scan using sbtest5_pkey on sbtest5  (cost=0.43..393.90 rows=99 width=125)
	  Index Cond: ((id >= 871061) AND (id <= 871161))

table 6 : explain SELECT id, c FROM sbtest6 WHERE id BETWEEN 871061 AND 871161
	Index Scan using sbtest6_pkey on sbtest6  (cost=0.43..409.15 rows=103 width=125)
	  Index Cond: ((id >= 871061) AND (id <= 871161))

table 7 : explain SELECT id, c FROM sbtest7 WHERE id BETWEEN 871061 AND 871161
	Index Scan using sbtest7_pkey on sbtest7  (cost=0.43..420.80 rows=106 width=125)
	  Index Cond: ((id >= 871061) AND (id <= 871161))

table 8 : explain SELECT id, c FROM sbtest8 WHERE id BETWEEN 871061 AND 871161
	Index Scan using sbtest8_pkey on sbtest8  (cost=0.43..412.89 rows=104 width=125)
	  Index Cond: ((id >= 871061) AND (id <= 871161))

explain: for range-notcovered :: explain SELECT id, c FROM sbtest%d WHERE id BETWEEN 2237819 AND 2237919
explain: for range-notcovered :: explain SELECT id, c FROM sbtest%d WHERE id BETWEEN 871061 AND 871161
for range-notcovered
table 1 : explain SELECT id, c FROM sbtest1 WHERE id BETWEEN 5716803 AND 5716903
	Index Scan using sbtest1_pkey on sbtest1  (cost=0.43..346.27 rows=87 width=125)
	  Index Cond: ((id >= 5716803) AND (id <= 5716903))

table 2 : explain SELECT id, c FROM sbtest2 WHERE id BETWEEN 5716803 AND 5716903
	Index Scan using sbtest2_pkey on sbtest2  (cost=0.43..398.18 rows=100 width=125)
	  Index Cond: ((id >= 5716803) AND (id <= 5716903))

table 3 : explain SELECT id, c FROM sbtest3 WHERE id BETWEEN 5716803 AND 5716903
	Index Scan using sbtest3_pkey on sbtest3  (cost=0.43..389.58 rows=98 width=125)
	  Index Cond: ((id >= 5716803) AND (id <= 5716903))

table 4 : explain SELECT id, c FROM sbtest4 WHERE id BETWEEN 5716803 AND 5716903
	Index Scan using sbtest4_pkey on sbtest4  (cost=0.43..375.62 rows=94 width=125)
	  Index Cond: ((id >= 5716803) AND (id <= 5716903))

table 5 : explain SELECT id, c FROM sbtest5 WHERE id BETWEEN 5716803 AND 5716903
	Index Scan using sbtest5_pkey on sbtest5  (cost=0.43..386.03 rows=97 width=125)
	  Index Cond: ((id >= 5716803) AND (id <= 5716903))

table 6 : explain SELECT id, c FROM sbtest6 WHERE id BETWEEN 5716803 AND 5716903
	Index Scan using sbtest6_pkey on sbtest6  (cost=0.43..389.51 rows=98 width=125)
	  Index Cond: ((id >= 5716803) AND (id <= 5716903))

table 7 : explain SELECT id, c FROM sbtest7 WHERE id BETWEEN 5716803 AND 5716903
	Index Scan using sbtest7_pkey on sbtest7  (cost=0.43..397.24 rows=100 width=125)
	  Index Cond: ((id >= 5716803) AND (id <= 5716903))

table 8 : explain SELECT id, c FROM sbtest8 WHERE id BETWEEN 5716803 AND 5716903
	Index Scan using sbtest8_pkey on sbtest8  (cost=0.43..444.30 rows=112 width=125)
	  Index Cond: ((id >= 5716803) AND (id <= 5716903))

explain: for range-notcovered :: explain SELECT id, c FROM sbtest%d WHERE id BETWEEN 5029292 AND 5029392
explain: for range-notcovered :: explain SELECT id, c FROM sbtest%d WHERE id BETWEEN 5716803 AND 5716903
for range-notcovered
table 1 : explain SELECT id, c FROM sbtest1 WHERE id BETWEEN 7513736 AND 7513836
	Index Scan using sbtest1_pkey on sbtest1  (cost=0.43..413.06 rows=104 width=125)
	  Index Cond: ((id >= 7513736) AND (id <= 7513836))

table 2 : explain SELECT id, c FROM sbtest2 WHERE id BETWEEN 7513736 AND 7513836
	Index Scan using sbtest2_pkey on sbtest2  (cost=0.43..406.05 rows=102 width=125)
	  Index Cond: ((id >= 7513736) AND (id <= 7513836))

table 3 : explain SELECT id, c FROM sbtest3 WHERE id BETWEEN 7513736 AND 7513836
	Index Scan using sbtest3_pkey on sbtest3  (cost=0.43..354.20 rows=89 width=125)
	  Index Cond: ((id >= 7513736) AND (id <= 7513836))

table 4 : explain SELECT id, c FROM sbtest4 WHERE id BETWEEN 7513736 AND 7513836
	Index Scan using sbtest4_pkey on sbtest4  (cost=0.43..415.10 rows=104 width=125)
	  Index Cond: ((id >= 7513736) AND (id <= 7513836))

table 5 : explain SELECT id, c FROM sbtest5 WHERE id BETWEEN 7513736 AND 7513836
	Index Scan using sbtest5_pkey on sbtest5  (cost=0.43..429.29 rows=108 width=125)
	  Index Cond: ((id >= 7513736) AND (id <= 7513836))

table 6 : explain SELECT id, c FROM sbtest6 WHERE id BETWEEN 7513736 AND 7513836
	Index Scan using sbtest6_pkey on sbtest6  (cost=0.43..401.30 rows=101 width=125)
	  Index Cond: ((id >= 7513736) AND (id <= 7513836))

table 7 : explain SELECT id, c FROM sbtest7 WHERE id BETWEEN 7513736 AND 7513836
	Index Scan using sbtest7_pkey on sbtest7  (cost=0.43..436.50 rows=110 width=125)
	  Index Cond: ((id >= 7513736) AND (id <= 7513836))

table 8 : explain SELECT id, c FROM sbtest8 WHERE id BETWEEN 7513736 AND 7513836
	Index Scan using sbtest8_pkey on sbtest8  (cost=0.43..401.11 rows=101 width=125)
	  Index Cond: ((id >= 7513736) AND (id <= 7513836))

for range-notcovered
table 1 : explain SELECT id, c FROM sbtest1 WHERE id BETWEEN 1983626 AND 1983726
	Index Scan using sbtest1_pkey on sbtest1  (cost=0.43..354.12 rows=89 width=125)
	  Index Cond: ((id >= 1983626) AND (id <= 1983726))

table 2 : explain SELECT id, c FROM sbtest2 WHERE id BETWEEN 1983626 AND 1983726
	Index Scan using sbtest2_pkey on sbtest2  (cost=0.43..402.11 rows=101 width=125)
	  Index Cond: ((id >= 1983626) AND (id <= 1983726))

table 3 : explain SELECT id, c FROM sbtest3 WHERE id BETWEEN 1983626 AND 1983726
	Index Scan using sbtest3_pkey on sbtest3  (cost=0.43..397.44 rows=100 width=125)
	  Index Cond: ((id >= 1983626) AND (id <= 1983726))

table 4 : explain SELECT id, c FROM sbtest4 WHERE id BETWEEN 1983626 AND 1983726
	Index Scan using sbtest4_pkey on sbtest4  (cost=0.43..391.41 rows=98 width=125)
	  Index Cond: ((id >= 1983626) AND (id <= 1983726))

table 5 : explain SELECT id, c FROM sbtest5 WHERE id BETWEEN 1983626 AND 1983726
	Index Scan using sbtest5_pkey on sbtest5  (cost=0.43..378.17 rows=95 width=125)
	  Index Cond: ((id >= 1983626) AND (id <= 1983726))

table 6 : explain SELECT id, c FROM sbtest6 WHERE id BETWEEN 1983626 AND 1983726
	Index Scan using sbtest6_pkey on sbtest6  (cost=0.43..409.15 rows=103 width=125)
	  Index Cond: ((id >= 1983626) AND (id <= 1983726))

table 7 : explain SELECT id, c FROM sbtest7 WHERE id BETWEEN 1983626 AND 1983726
	Index Scan using sbtest7_pkey on sbtest7  (cost=0.43..436.50 rows=110 width=125)
	  Index Cond: ((id >= 1983626) AND (id <= 1983726))

table 8 : explain SELECT id, c FROM sbtest8 WHERE id BETWEEN 1983626 AND 1983726
	Index Scan using sbtest8_pkey on sbtest8  (cost=0.43..393.26 rows=99 width=125)
	  Index Cond: ((id >= 1983626) AND (id <= 1983726))

explain: for range-notcovered :: explain SELECT id, c FROM sbtest%d WHERE id BETWEEN 7513736 AND 7513836
explain: for range-notcovered :: explain SELECT id, c FROM sbtest%d WHERE id BETWEEN 1983626 AND 1983726
for range-notcovered
table 1 : explain SELECT id, c FROM sbtest1 WHERE id BETWEEN 8468968 AND 8469068
	Index Scan using sbtest1_pkey on sbtest1  (cost=0.43..409.13 rows=103 width=125)
	  Index Cond: ((id >= 8468968) AND (id <= 8469068))

table 2 : explain SELECT id, c FROM sbtest2 WHERE id BETWEEN 8468968 AND 8469068
	Index Scan using sbtest2_pkey on sbtest2  (cost=0.43..433.60 rows=109 width=125)
	  Index Cond: ((id >= 8468968) AND (id <= 8469068))

table 3 : explain SELECT id, c FROM sbtest3 WHERE id BETWEEN 8468968 AND 8469068
	Index Scan using sbtest3_pkey on sbtest3  (cost=0.43..417.08 rows=105 width=125)
	  Index Cond: ((id >= 8468968) AND (id <= 8469068))

table 4 : explain SELECT id, c FROM sbtest4 WHERE id BETWEEN 8468968 AND 8469068
	Index Scan using sbtest4_pkey on sbtest4  (cost=0.43..363.76 rows=91 width=125)
	  Index Cond: ((id >= 8468968) AND (id <= 8469068))

table 5 : explain SELECT id, c FROM sbtest5 WHERE id BETWEEN 8468968 AND 8469068
	Index Scan using sbtest5_pkey on sbtest5  (cost=0.43..397.83 rows=100 width=125)
	  Index Cond: ((id >= 8468968) AND (id <= 8469068))

table 6 : explain SELECT id, c FROM sbtest6 WHERE id BETWEEN 8468968 AND 8469068
	Index Scan using sbtest6_pkey on sbtest6  (cost=0.43..405.23 rows=102 width=125)
	  Index Cond: ((id >= 8468968) AND (id <= 8469068))

table 7 : explain SELECT id, c FROM sbtest7 WHERE id BETWEEN 8468968 AND 8469068
	Index Scan using sbtest7_pkey on sbtest7  (cost=0.43..377.61 rows=95 width=125)
	  Index Cond: ((id >= 8468968) AND (id <= 8469068))

table 8 : explain SELECT id, c FROM sbtest8 WHERE id BETWEEN 8468968 AND 8469068
	Index Scan using sbtest8_pkey on sbtest8  (cost=0.43..412.89 rows=104 width=125)
	  Index Cond: ((id >= 8468968) AND (id <= 8469068))

for range-notcovered
table 1 : explain SELECT id, c FROM sbtest1 WHERE id BETWEEN 6333226 AND 6333326
	Index Scan using sbtest1_pkey on sbtest1  (cost=0.43..428.77 rows=108 width=125)
	  Index Cond: ((id >= 6333226) AND (id <= 6333326))

table 2 : explain SELECT id, c FROM sbtest2 WHERE id BETWEEN 6333226 AND 6333326
	Index Scan using sbtest2_pkey on sbtest2  (cost=0.43..429.66 rows=108 width=125)
	  Index Cond: ((id >= 6333226) AND (id <= 6333326))

table 3 : explain SELECT id, c FROM sbtest3 WHERE id BETWEEN 6333226 AND 6333326
	Index Scan using sbtest3_pkey on sbtest3  (cost=0.43..385.65 rows=97 width=125)
	  Index Cond: ((id >= 6333226) AND (id <= 6333326))

table 4 : explain SELECT id, c FROM sbtest4 WHERE id BETWEEN 6333226 AND 6333326
	Index Scan using sbtest4_pkey on sbtest4  (cost=0.43..446.68 rows=112 width=125)
	  Index Cond: ((id >= 6333226) AND (id <= 6333326))

table 5 : explain SELECT id, c FROM sbtest5 WHERE id BETWEEN 6333226 AND 6333326
	Index Scan using sbtest5_pkey on sbtest5  (cost=0.43..397.83 rows=100 width=125)
	  Index Cond: ((id >= 6333226) AND (id <= 6333326))

table 6 : explain SELECT id, c FROM sbtest6 WHERE id BETWEEN 6333226 AND 6333326
	Index Scan using sbtest6_pkey on sbtest6  (cost=0.43..409.15 rows=103 width=125)
	  Index Cond: ((id >= 6333226) AND (id <= 6333326))

table 7 : explain SELECT id, c FROM sbtest7 WHERE id BETWEEN 6333226 AND 6333326
	Index Scan using sbtest7_pkey on sbtest7  (cost=0.43..377.61 rows=95 width=125)
	  Index Cond: ((id >= 6333226) AND (id <= 6333326))

table 8 : explain SELECT id, c FROM sbtest8 WHERE id BETWEEN 6333226 AND 6333326
	Index Scan using sbtest8_pkey on sbtest8  (cost=0.43..389.33 rows=98 width=125)
	  Index Cond: ((id >= 6333226) AND (id <= 6333326))

explain: for range-notcovered :: explain SELECT id, c FROM sbtest%d WHERE id BETWEEN 8468968 AND 8469068
for range-notcovered
table 1 : explain SELECT id, c FROM sbtest1 WHERE id BETWEEN 871061 AND 871161
	Index Scan using sbtest1_pkey on sbtest1  (cost=0.43..393.42 rows=99 width=125)
	  Index Cond: ((id >= 871061) AND (id <= 871161))

table 2 : explain SELECT id, c FROM sbtest2 WHERE id BETWEEN 871061 AND 871161
	Index Scan using sbtest2_pkey on sbtest2  (cost=0.43..409.98 rows=103 width=125)
	  Index Cond: ((id >= 871061) AND (id <= 871161))

table 3 : explain SELECT id, c FROM sbtest3 WHERE id BETWEEN 871061 AND 871161
	Index Scan using sbtest3_pkey on sbtest3  (cost=0.43..405.29 rows=102 width=125)
	  Index Cond: ((id >= 871061) AND (id <= 871161))

table 4 : explain SELECT id, c FROM sbtest4 WHERE id BETWEEN 871061 AND 871161
	Index Scan using sbtest4_pkey on sbtest4  (cost=0.43..375.62 rows=94 width=125)
	  Index Cond: ((id >= 871061) AND (id <= 871161))

table 5 : explain SELECT id, c FROM sbtest5 WHERE id BETWEEN 871061 AND 871161
	Index Scan using sbtest5_pkey on sbtest5  (cost=0.43..393.90 rows=99 width=125)
	  Index Cond: ((id >= 871061) AND (id <= 871161))

table 6 : explain SELECT id, c FROM sbtest6 WHERE id BETWEEN 871061 AND 871161
	Index Scan using sbtest6_pkey on sbtest6  (cost=0.43..409.15 rows=103 width=125)
	  Index Cond: ((id >= 871061) AND (id <= 871161))

table 7 : explain SELECT id, c FROM sbtest7 WHERE id BETWEEN 871061 AND 871161
	Index Scan using sbtest7_pkey on sbtest7  (cost=0.43..420.80 rows=106 width=125)
	  Index Cond: ((id >= 871061) AND (id <= 871161))

table 8 : explain SELECT id, c FROM sbtest8 WHERE id BETWEEN 871061 AND 871161
	Index Scan using sbtest8_pkey on sbtest8  (cost=0.43..412.89 rows=104 width=125)
	  Index Cond: ((id >= 871061) AND (id <= 871161))

for range-notcovered
table 1 : explain SELECT id, c FROM sbtest1 WHERE id BETWEEN 2237819 AND 2237919
	Index Scan using sbtest1_pkey on sbtest1  (cost=0.43..397.35 rows=100 width=125)
	  Index Cond: ((id >= 2237819) AND (id <= 2237919))

table 2 : explain SELECT id, c FROM sbtest2 WHERE id BETWEEN 2237819 AND 2237919
	Index Scan using sbtest2_pkey on sbtest2  (cost=0.43..398.18 rows=100 width=125)
	  Index Cond: ((id >= 2237819) AND (id <= 2237919))

table 3 : explain SELECT id, c FROM sbtest3 WHERE id BETWEEN 2237819 AND 2237919
	Index Scan using sbtest3_pkey on sbtest3  (cost=0.43..436.72 rows=110 width=125)
	  Index Cond: ((id >= 2237819) AND (id <= 2237919))

table 4 : explain SELECT id, c FROM sbtest4 WHERE id BETWEEN 2237819 AND 2237919
	Index Scan using sbtest4_pkey on sbtest4  (cost=0.43..387.47 rows=97 width=125)
	  Index Cond: ((id >= 2237819) AND (id <= 2237919))

table 5 : explain SELECT id, c FROM sbtest5 WHERE id BETWEEN 2237819 AND 2237919
	Index Scan using sbtest5_pkey on sbtest5  (cost=0.43..409.63 rows=103 width=125)
	  Index Cond: ((id >= 2237819) AND (id <= 2237919))

table 6 : explain SELECT id, c FROM sbtest6 WHERE id BETWEEN 2237819 AND 2237919
	Index Scan using sbtest6_pkey on sbtest6  (cost=0.43..417.01 rows=105 width=125)
	  Index Cond: ((id >= 2237819) AND (id <= 2237919))

table 7 : explain SELECT id, c FROM sbtest7 WHERE id BETWEEN 2237819 AND 2237919
	Index Scan using sbtest7_pkey on sbtest7  (cost=0.43..424.72 rows=107 width=125)
	  Index Cond: ((id >= 2237819) AND (id <= 2237919))

table 8 : explain SELECT id, c FROM sbtest8 WHERE id BETWEEN 2237819 AND 2237919
	Index Scan using sbtest8_pkey on sbtest8  (cost=0.43..365.76 rows=92 width=125)
	  Index Cond: ((id >= 2237819) AND (id <= 2237919))

explain: for range-notcovered :: explain SELECT id, c FROM sbtest%d WHERE id BETWEEN 871061 AND 871161
for range-notcovered
table 1 : explain SELECT id, c FROM sbtest1 WHERE id BETWEEN 5716803 AND 5716903
	Index Scan using sbtest1_pkey on sbtest1  (cost=0.43..346.27 rows=87 width=125)
	  Index Cond: ((id >= 5716803) AND (id <= 5716903))

table 2 : explain SELECT id, c FROM sbtest2 WHERE id BETWEEN 5716803 AND 5716903
	Index Scan using sbtest2_pkey on sbtest2  (cost=0.43..398.18 rows=100 width=125)
	  Index Cond: ((id >= 5716803) AND (id <= 5716903))

table 3 : explain SELECT id, c FROM sbtest3 WHERE id BETWEEN 5716803 AND 5716903
	Index Scan using sbtest3_pkey on sbtest3  (cost=0.43..389.58 rows=98 width=125)
	  Index Cond: ((id >= 5716803) AND (id <= 5716903))

table 4 : explain SELECT id, c FROM sbtest4 WHERE id BETWEEN 5716803 AND 5716903
	Index Scan using sbtest4_pkey on sbtest4  (cost=0.43..375.62 rows=94 width=125)
	  Index Cond: ((id >= 5716803) AND (id <= 5716903))

table 5 : explain SELECT id, c FROM sbtest5 WHERE id BETWEEN 5716803 AND 5716903
	Index Scan using sbtest5_pkey on sbtest5  (cost=0.43..386.03 rows=97 width=125)
	  Index Cond: ((id >= 5716803) AND (id <= 5716903))

table 6 : explain SELECT id, c FROM sbtest6 WHERE id BETWEEN 5716803 AND 5716903
	Index Scan using sbtest6_pkey on sbtest6  (cost=0.43..389.51 rows=98 width=125)
	  Index Cond: ((id >= 5716803) AND (id <= 5716903))

table 7 : explain SELECT id, c FROM sbtest7 WHERE id BETWEEN 5716803 AND 5716903
	Index Scan using sbtest7_pkey on sbtest7  (cost=0.43..397.24 rows=100 width=125)
	  Index Cond: ((id >= 5716803) AND (id <= 5716903))

table 8 : explain SELECT id, c FROM sbtest8 WHERE id BETWEEN 5716803 AND 5716903
	Index Scan using sbtest8_pkey on sbtest8  (cost=0.43..444.30 rows=112 width=125)
	  Index Cond: ((id >= 5716803) AND (id <= 5716903))

explain: for range-notcovered :: explain SELECT id, c FROM sbtest%d WHERE id BETWEEN 2237819 AND 2237919
for range-notcovered
table 1 : explain SELECT id, c FROM sbtest1 WHERE id BETWEEN 7513736 AND 7513836
	Index Scan using sbtest1_pkey on sbtest1  (cost=0.43..413.06 rows=104 width=125)
	  Index Cond: ((id >= 7513736) AND (id <= 7513836))

table 2 : explain SELECT id, c FROM sbtest2 WHERE id BETWEEN 7513736 AND 7513836
	Index Scan using sbtest2_pkey on sbtest2  (cost=0.43..406.05 rows=102 width=125)
	  Index Cond: ((id >= 7513736) AND (id <= 7513836))

table 3 : explain SELECT id, c FROM sbtest3 WHERE id BETWEEN 7513736 AND 7513836
	Index Scan using sbtest3_pkey on sbtest3  (cost=0.43..354.20 rows=89 width=125)
	  Index Cond: ((id >= 7513736) AND (id <= 7513836))

table 4 : explain SELECT id, c FROM sbtest4 WHERE id BETWEEN 7513736 AND 7513836
	Index Scan using sbtest4_pkey on sbtest4  (cost=0.43..415.10 rows=104 width=125)
	  Index Cond: ((id >= 7513736) AND (id <= 7513836))

table 5 : explain SELECT id, c FROM sbtest5 WHERE id BETWEEN 7513736 AND 7513836
	Index Scan using sbtest5_pkey on sbtest5  (cost=0.43..429.29 rows=108 width=125)
	  Index Cond: ((id >= 7513736) AND (id <= 7513836))

table 6 : explain SELECT id, c FROM sbtest6 WHERE id BETWEEN 7513736 AND 7513836
	Index Scan using sbtest6_pkey on sbtest6  (cost=0.43..401.30 rows=101 width=125)
	  Index Cond: ((id >= 7513736) AND (id <= 7513836))

table 7 : explain SELECT id, c FROM sbtest7 WHERE id BETWEEN 7513736 AND 7513836
	Index Scan using sbtest7_pkey on sbtest7  (cost=0.43..436.50 rows=110 width=125)
	  Index Cond: ((id >= 7513736) AND (id <= 7513836))

table 8 : explain SELECT id, c FROM sbtest8 WHERE id BETWEEN 7513736 AND 7513836
	Index Scan using sbtest8_pkey on sbtest8  (cost=0.43..401.11 rows=101 width=125)
	  Index Cond: ((id >= 7513736) AND (id <= 7513836))

for range-notcovered
table 1 : explain SELECT id, c FROM sbtest1 WHERE id BETWEEN 1983626 AND 1983726
	Index Scan using sbtest1_pkey on sbtest1  (cost=0.43..354.12 rows=89 width=125)
	  Index Cond: ((id >= 1983626) AND (id <= 1983726))

table 2 : explain SELECT id, c FROM sbtest2 WHERE id BETWEEN 1983626 AND 1983726
	Index Scan using sbtest2_pkey on sbtest2  (cost=0.43..402.11 rows=101 width=125)
	  Index Cond: ((id >= 1983626) AND (id <= 1983726))

table 3 : explain SELECT id, c FROM sbtest3 WHERE id BETWEEN 1983626 AND 1983726
	Index Scan using sbtest3_pkey on sbtest3  (cost=0.43..397.44 rows=100 width=125)
	  Index Cond: ((id >= 1983626) AND (id <= 1983726))

table 4 : explain SELECT id, c FROM sbtest4 WHERE id BETWEEN 1983626 AND 1983726
	Index Scan using sbtest4_pkey on sbtest4  (cost=0.43..391.41 rows=98 width=125)
	  Index Cond: ((id >= 1983626) AND (id <= 1983726))

table 5 : explain SELECT id, c FROM sbtest5 WHERE id BETWEEN 1983626 AND 1983726
	Index Scan using sbtest5_pkey on sbtest5  (cost=0.43..378.17 rows=95 width=125)
	  Index Cond: ((id >= 1983626) AND (id <= 1983726))

table 6 : explain SELECT id, c FROM sbtest6 WHERE id BETWEEN 1983626 AND 1983726
	Index Scan using sbtest6_pkey on sbtest6  (cost=0.43..409.15 rows=103 width=125)
	  Index Cond: ((id >= 1983626) AND (id <= 1983726))

table 7 : explain SELECT id, c FROM sbtest7 WHERE id BETWEEN 1983626 AND 1983726
	Index Scan using sbtest7_pkey on sbtest7  (cost=0.43..436.50 rows=110 width=125)
	  Index Cond: ((id >= 1983626) AND (id <= 1983726))

table 8 : explain SELECT id, c FROM sbtest8 WHERE id BETWEEN 1983626 AND 1983726
	Index Scan using sbtest8_pkey on sbtest8  (cost=0.43..393.26 rows=99 width=125)
	  Index Cond: ((id >= 1983626) AND (id <= 1983726))

explain: for range-notcovered :: explain SELECT id, c FROM sbtest%d WHERE id BETWEEN 7513736 AND 7513836
explain: for range-notcovered :: explain SELECT id, c FROM sbtest%d WHERE id BETWEEN 1983626 AND 1983726
for range-notcovered
table 1 : explain SELECT id, c FROM sbtest1 WHERE id BETWEEN 8468968 AND 8469068
	Index Scan using sbtest1_pkey on sbtest1  (cost=0.43..409.13 rows=103 width=125)
	  Index Cond: ((id >= 8468968) AND (id <= 8469068))

table 2 : explain SELECT id, c FROM sbtest2 WHERE id BETWEEN 8468968 AND 8469068
	Index Scan using sbtest2_pkey on sbtest2  (cost=0.43..433.60 rows=109 width=125)
	  Index Cond: ((id >= 8468968) AND (id <= 8469068))

table 3 : explain SELECT id, c FROM sbtest3 WHERE id BETWEEN 8468968 AND 8469068
	Index Scan using sbtest3_pkey on sbtest3  (cost=0.43..417.08 rows=105 width=125)
	  Index Cond: ((id >= 8468968) AND (id <= 8469068))

table 4 : explain SELECT id, c FROM sbtest4 WHERE id BETWEEN 8468968 AND 8469068
	Index Scan using sbtest4_pkey on sbtest4  (cost=0.43..363.76 rows=91 width=125)
	  Index Cond: ((id >= 8468968) AND (id <= 8469068))

table 5 : explain SELECT id, c FROM sbtest5 WHERE id BETWEEN 8468968 AND 8469068
	Index Scan using sbtest5_pkey on sbtest5  (cost=0.43..397.83 rows=100 width=125)
	  Index Cond: ((id >= 8468968) AND (id <= 8469068))

table 6 : explain SELECT id, c FROM sbtest6 WHERE id BETWEEN 8468968 AND 8469068
	Index Scan using sbtest6_pkey on sbtest6  (cost=0.43..405.23 rows=102 width=125)
	  Index Cond: ((id >= 8468968) AND (id <= 8469068))

table 7 : explain SELECT id, c FROM sbtest7 WHERE id BETWEEN 8468968 AND 8469068
	Index Scan using sbtest7_pkey on sbtest7  (cost=0.43..377.61 rows=95 width=125)
	  Index Cond: ((id >= 8468968) AND (id <= 8469068))

table 8 : explain SELECT id, c FROM sbtest8 WHERE id BETWEEN 8468968 AND 8469068
	Index Scan using sbtest8_pkey on sbtest8  (cost=0.43..412.89 rows=104 width=125)
	  Index Cond: ((id >= 8468968) AND (id <= 8469068))

explain: for range-notcovered :: explain SELECT id, c FROM sbtest%d WHERE id BETWEEN 8468968 AND 8469068
for range-notcovered
table 1 : explain SELECT id, c FROM sbtest1 WHERE id BETWEEN 2237819 AND 2237919
	Index Scan using sbtest1_pkey on sbtest1  (cost=0.43..397.35 rows=100 width=125)
	  Index Cond: ((id >= 2237819) AND (id <= 2237919))

table 2 : explain SELECT id, c FROM sbtest2 WHERE id BETWEEN 2237819 AND 2237919
	Index Scan using sbtest2_pkey on sbtest2  (cost=0.43..398.18 rows=100 width=125)
	  Index Cond: ((id >= 2237819) AND (id <= 2237919))

table 3 : explain SELECT id, c FROM sbtest3 WHERE id BETWEEN 2237819 AND 2237919
	Index Scan using sbtest3_pkey on sbtest3  (cost=0.43..436.72 rows=110 width=125)
	  Index Cond: ((id >= 2237819) AND (id <= 2237919))

table 4 : explain SELECT id, c FROM sbtest4 WHERE id BETWEEN 2237819 AND 2237919
	Index Scan using sbtest4_pkey on sbtest4  (cost=0.43..387.47 rows=97 width=125)
	  Index Cond: ((id >= 2237819) AND (id <= 2237919))

table 5 : explain SELECT id, c FROM sbtest5 WHERE id BETWEEN 2237819 AND 2237919
	Index Scan using sbtest5_pkey on sbtest5  (cost=0.43..409.63 rows=103 width=125)
	  Index Cond: ((id >= 2237819) AND (id <= 2237919))

table 6 : explain SELECT id, c FROM sbtest6 WHERE id BETWEEN 2237819 AND 2237919
	Index Scan using sbtest6_pkey on sbtest6  (cost=0.43..417.01 rows=105 width=125)
	  Index Cond: ((id >= 2237819) AND (id <= 2237919))

table 7 : explain SELECT id, c FROM sbtest7 WHERE id BETWEEN 2237819 AND 2237919
	Index Scan using sbtest7_pkey on sbtest7  (cost=0.43..424.72 rows=107 width=125)
	  Index Cond: ((id >= 2237819) AND (id <= 2237919))

table 8 : explain SELECT id, c FROM sbtest8 WHERE id BETWEEN 2237819 AND 2237919
	Index Scan using sbtest8_pkey on sbtest8  (cost=0.43..365.76 rows=92 width=125)
	  Index Cond: ((id >= 2237819) AND (id <= 2237919))

for range-notcovered
table 1 : explain SELECT id, c FROM sbtest1 WHERE id BETWEEN 871061 AND 871161
	Index Scan using sbtest1_pkey on sbtest1  (cost=0.43..393.42 rows=99 width=125)
	  Index Cond: ((id >= 871061) AND (id <= 871161))

table 2 : explain SELECT id, c FROM sbtest2 WHERE id BETWEEN 871061 AND 871161
	Index Scan using sbtest2_pkey on sbtest2  (cost=0.43..409.98 rows=103 width=125)
	  Index Cond: ((id >= 871061) AND (id <= 871161))

table 3 : explain SELECT id, c FROM sbtest3 WHERE id BETWEEN 871061 AND 871161
	Index Scan using sbtest3_pkey on sbtest3  (cost=0.43..405.29 rows=102 width=125)
	  Index Cond: ((id >= 871061) AND (id <= 871161))

table 4 : explain SELECT id, c FROM sbtest4 WHERE id BETWEEN 871061 AND 871161
	Index Scan using sbtest4_pkey on sbtest4  (cost=0.43..375.62 rows=94 width=125)
	  Index Cond: ((id >= 871061) AND (id <= 871161))

table 5 : explain SELECT id, c FROM sbtest5 WHERE id BETWEEN 871061 AND 871161
	Index Scan using sbtest5_pkey on sbtest5  (cost=0.43..393.90 rows=99 width=125)
	  Index Cond: ((id >= 871061) AND (id <= 871161))

table 6 : explain SELECT id, c FROM sbtest6 WHERE id BETWEEN 871061 AND 871161
	Index Scan using sbtest6_pkey on sbtest6  (cost=0.43..409.15 rows=103 width=125)
	  Index Cond: ((id >= 871061) AND (id <= 871161))

table 7 : explain SELECT id, c FROM sbtest7 WHERE id BETWEEN 871061 AND 871161
	Index Scan using sbtest7_pkey on sbtest7  (cost=0.43..420.80 rows=106 width=125)
	  Index Cond: ((id >= 871061) AND (id <= 871161))

table 8 : explain SELECT id, c FROM sbtest8 WHERE id BETWEEN 871061 AND 871161
	Index Scan using sbtest8_pkey on sbtest8  (cost=0.43..412.89 rows=104 width=125)
	  Index Cond: ((id >= 871061) AND (id <= 871161))

explain: for range-notcovered :: explain SELECT id, c FROM sbtest%d WHERE id BETWEEN 2237819 AND 2237919
for range-notcovered
table 1 : explain SELECT id, c FROM sbtest1 WHERE id BETWEEN 7513736 AND 7513836
	Index Scan using sbtest1_pkey on sbtest1  (cost=0.43..413.06 rows=104 width=125)
	  Index Cond: ((id >= 7513736) AND (id <= 7513836))

table 2 : explain SELECT id, c FROM sbtest2 WHERE id BETWEEN 7513736 AND 7513836
	Index Scan using sbtest2_pkey on sbtest2  (cost=0.43..406.05 rows=102 width=125)
	  Index Cond: ((id >= 7513736) AND (id <= 7513836))

table 3 : explain SELECT id, c FROM sbtest3 WHERE id BETWEEN 7513736 AND 7513836
	Index Scan using sbtest3_pkey on sbtest3  (cost=0.43..354.20 rows=89 width=125)
	  Index Cond: ((id >= 7513736) AND (id <= 7513836))

table 4 : explain SELECT id, c FROM sbtest4 WHERE id BETWEEN 7513736 AND 7513836
	Index Scan using sbtest4_pkey on sbtest4  (cost=0.43..415.10 rows=104 width=125)
	  Index Cond: ((id >= 7513736) AND (id <= 7513836))

table 5 : explain SELECT id, c FROM sbtest5 WHERE id BETWEEN 7513736 AND 7513836
	Index Scan using sbtest5_pkey on sbtest5  (cost=0.43..429.29 rows=108 width=125)
	  Index Cond: ((id >= 7513736) AND (id <= 7513836))

table 6 : explain SELECT id, c FROM sbtest6 WHERE id BETWEEN 7513736 AND 7513836
	Index Scan using sbtest6_pkey on sbtest6  (cost=0.43..401.30 rows=101 width=125)
	  Index Cond: ((id >= 7513736) AND (id <= 7513836))

table 7 : explain SELECT id, c FROM sbtest7 WHERE id BETWEEN 7513736 AND 7513836
	Index Scan using sbtest7_pkey on sbtest7  (cost=0.43..436.50 rows=110 width=125)
	  Index Cond: ((id >= 7513736) AND (id <= 7513836))

table 8 : explain SELECT id, c FROM sbtest8 WHERE id BETWEEN 7513736 AND 7513836
	Index Scan using sbtest8_pkey on sbtest8  (cost=0.43..401.11 rows=101 width=125)
	  Index Cond: ((id >= 7513736) AND (id <= 7513836))

for range-notcovered
table 1 : explain SELECT id, c FROM sbtest1 WHERE id BETWEEN 1983626 AND 1983726
	Index Scan using sbtest1_pkey on sbtest1  (cost=0.43..354.12 rows=89 width=125)
	  Index Cond: ((id >= 1983626) AND (id <= 1983726))

table 2 : explain SELECT id, c FROM sbtest2 WHERE id BETWEEN 1983626 AND 1983726
	Index Scan using sbtest2_pkey on sbtest2  (cost=0.43..402.11 rows=101 width=125)
	  Index Cond: ((id >= 1983626) AND (id <= 1983726))

table 3 : explain SELECT id, c FROM sbtest3 WHERE id BETWEEN 1983626 AND 1983726
	Index Scan using sbtest3_pkey on sbtest3  (cost=0.43..397.44 rows=100 width=125)
	  Index Cond: ((id >= 1983626) AND (id <= 1983726))

table 4 : explain SELECT id, c FROM sbtest4 WHERE id BETWEEN 1983626 AND 1983726
	Index Scan using sbtest4_pkey on sbtest4  (cost=0.43..391.41 rows=98 width=125)
	  Index Cond: ((id >= 1983626) AND (id <= 1983726))

table 5 : explain SELECT id, c FROM sbtest5 WHERE id BETWEEN 1983626 AND 1983726
	Index Scan using sbtest5_pkey on sbtest5  (cost=0.43..378.17 rows=95 width=125)
	  Index Cond: ((id >= 1983626) AND (id <= 1983726))

table 6 : explain SELECT id, c FROM sbtest6 WHERE id BETWEEN 1983626 AND 1983726
	Index Scan using sbtest6_pkey on sbtest6  (cost=0.43..409.15 rows=103 width=125)
	  Index Cond: ((id >= 1983626) AND (id <= 1983726))

table 7 : explain SELECT id, c FROM sbtest7 WHERE id BETWEEN 1983626 AND 1983726
	Index Scan using sbtest7_pkey on sbtest7  (cost=0.43..436.50 rows=110 width=125)
	  Index Cond: ((id >= 1983626) AND (id <= 1983726))

table 8 : explain SELECT id, c FROM sbtest8 WHERE id BETWEEN 1983626 AND 1983726
	Index Scan using sbtest8_pkey on sbtest8  (cost=0.43..393.26 rows=99 width=125)
	  Index Cond: ((id >= 1983626) AND (id <= 1983726))

explain: for range-notcovered :: explain SELECT id, c FROM sbtest%d WHERE id BETWEEN 7513736 AND 7513836
explain: for range-notcovered :: explain SELECT id, c FROM sbtest%d WHERE id BETWEEN 1983626 AND 1983726
for range-notcovered
table 1 : explain SELECT id, c FROM sbtest1 WHERE id BETWEEN 8468968 AND 8469068
	Index Scan using sbtest1_pkey on sbtest1  (cost=0.43..409.13 rows=103 width=125)
	  Index Cond: ((id >= 8468968) AND (id <= 8469068))

table 2 : explain SELECT id, c FROM sbtest2 WHERE id BETWEEN 8468968 AND 8469068
	Index Scan using sbtest2_pkey on sbtest2  (cost=0.43..433.60 rows=109 width=125)
	  Index Cond: ((id >= 8468968) AND (id <= 8469068))

table 3 : explain SELECT id, c FROM sbtest3 WHERE id BETWEEN 8468968 AND 8469068
	Index Scan using sbtest3_pkey on sbtest3  (cost=0.43..417.08 rows=105 width=125)
	  Index Cond: ((id >= 8468968) AND (id <= 8469068))

table 4 : explain SELECT id, c FROM sbtest4 WHERE id BETWEEN 8468968 AND 8469068
	Index Scan using sbtest4_pkey on sbtest4  (cost=0.43..363.76 rows=91 width=125)
	  Index Cond: ((id >= 8468968) AND (id <= 8469068))

table 5 : explain SELECT id, c FROM sbtest5 WHERE id BETWEEN 8468968 AND 8469068
	Index Scan using sbtest5_pkey on sbtest5  (cost=0.43..397.83 rows=100 width=125)
	  Index Cond: ((id >= 8468968) AND (id <= 8469068))

table 6 : explain SELECT id, c FROM sbtest6 WHERE id BETWEEN 8468968 AND 8469068
	Index Scan using sbtest6_pkey on sbtest6  (cost=0.43..405.23 rows=102 width=125)
	  Index Cond: ((id >= 8468968) AND (id <= 8469068))

table 7 : explain SELECT id, c FROM sbtest7 WHERE id BETWEEN 8468968 AND 8469068
	Index Scan using sbtest7_pkey on sbtest7  (cost=0.43..377.61 rows=95 width=125)
	  Index Cond: ((id >= 8468968) AND (id <= 8469068))

table 8 : explain SELECT id, c FROM sbtest8 WHERE id BETWEEN 8468968 AND 8469068
	Index Scan using sbtest8_pkey on sbtest8  (cost=0.43..412.89 rows=104 width=125)
	  Index Cond: ((id >= 8468968) AND (id <= 8469068))

explain: for range-notcovered :: explain SELECT id, c FROM sbtest%d WHERE id BETWEEN 8468968 AND 8469068
for range-notcovered
table 1 : explain SELECT id, c FROM sbtest1 WHERE id BETWEEN 2237819 AND 2237919
	Index Scan using sbtest1_pkey on sbtest1  (cost=0.43..397.35 rows=100 width=125)
	  Index Cond: ((id >= 2237819) AND (id <= 2237919))

table 2 : explain SELECT id, c FROM sbtest2 WHERE id BETWEEN 2237819 AND 2237919
	Index Scan using sbtest2_pkey on sbtest2  (cost=0.43..398.18 rows=100 width=125)
	  Index Cond: ((id >= 2237819) AND (id <= 2237919))

table 3 : explain SELECT id, c FROM sbtest3 WHERE id BETWEEN 2237819 AND 2237919
	Index Scan using sbtest3_pkey on sbtest3  (cost=0.43..436.72 rows=110 width=125)
	  Index Cond: ((id >= 2237819) AND (id <= 2237919))

table 4 : explain SELECT id, c FROM sbtest4 WHERE id BETWEEN 2237819 AND 2237919
	Index Scan using sbtest4_pkey on sbtest4  (cost=0.43..387.47 rows=97 width=125)
	  Index Cond: ((id >= 2237819) AND (id <= 2237919))

table 5 : explain SELECT id, c FROM sbtest5 WHERE id BETWEEN 2237819 AND 2237919
	Index Scan using sbtest5_pkey on sbtest5  (cost=0.43..409.63 rows=103 width=125)
	  Index Cond: ((id >= 2237819) AND (id <= 2237919))

table 6 : explain SELECT id, c FROM sbtest6 WHERE id BETWEEN 2237819 AND 2237919
	Index Scan using sbtest6_pkey on sbtest6  (cost=0.43..417.01 rows=105 width=125)
	  Index Cond: ((id >= 2237819) AND (id <= 2237919))

table 7 : explain SELECT id, c FROM sbtest7 WHERE id BETWEEN 2237819 AND 2237919
	Index Scan using sbtest7_pkey on sbtest7  (cost=0.43..424.72 rows=107 width=125)
	  Index Cond: ((id >= 2237819) AND (id <= 2237919))

table 8 : explain SELECT id, c FROM sbtest8 WHERE id BETWEEN 2237819 AND 2237919
	Index Scan using sbtest8_pkey on sbtest8  (cost=0.43..365.76 rows=92 width=125)
	  Index Cond: ((id >= 2237819) AND (id <= 2237919))

explain: for range-notcovered :: explain SELECT id, c FROM sbtest%d WHERE id BETWEEN 2237819 AND 2237919
for range-notcovered
table 1 : explain SELECT id, c FROM sbtest1 WHERE id BETWEEN 7513736 AND 7513836
	Index Scan using sbtest1_pkey on sbtest1  (cost=0.43..413.06 rows=104 width=125)
	  Index Cond: ((id >= 7513736) AND (id <= 7513836))

table 2 : explain SELECT id, c FROM sbtest2 WHERE id BETWEEN 7513736 AND 7513836
	Index Scan using sbtest2_pkey on sbtest2  (cost=0.43..406.05 rows=102 width=125)
	  Index Cond: ((id >= 7513736) AND (id <= 7513836))

table 3 : explain SELECT id, c FROM sbtest3 WHERE id BETWEEN 7513736 AND 7513836
	Index Scan using sbtest3_pkey on sbtest3  (cost=0.43..354.20 rows=89 width=125)
	  Index Cond: ((id >= 7513736) AND (id <= 7513836))

table 4 : explain SELECT id, c FROM sbtest4 WHERE id BETWEEN 7513736 AND 7513836
	Index Scan using sbtest4_pkey on sbtest4  (cost=0.43..415.10 rows=104 width=125)
	  Index Cond: ((id >= 7513736) AND (id <= 7513836))

table 5 : explain SELECT id, c FROM sbtest5 WHERE id BETWEEN 7513736 AND 7513836
	Index Scan using sbtest5_pkey on sbtest5  (cost=0.43..429.29 rows=108 width=125)
	  Index Cond: ((id >= 7513736) AND (id <= 7513836))

table 6 : explain SELECT id, c FROM sbtest6 WHERE id BETWEEN 7513736 AND 7513836
	Index Scan using sbtest6_pkey on sbtest6  (cost=0.43..401.30 rows=101 width=125)
	  Index Cond: ((id >= 7513736) AND (id <= 7513836))

table 7 : explain SELECT id, c FROM sbtest7 WHERE id BETWEEN 7513736 AND 7513836
	Index Scan using sbtest7_pkey on sbtest7  (cost=0.43..436.50 rows=110 width=125)
	  Index Cond: ((id >= 7513736) AND (id <= 7513836))

table 8 : explain SELECT id, c FROM sbtest8 WHERE id BETWEEN 7513736 AND 7513836
	Index Scan using sbtest8_pkey on sbtest8  (cost=0.43..401.11 rows=101 width=125)
	  Index Cond: ((id >= 7513736) AND (id <= 7513836))

for range-notcovered
table 1 : explain SELECT id, c FROM sbtest1 WHERE id BETWEEN 1983626 AND 1983726
	Index Scan using sbtest1_pkey on sbtest1  (cost=0.43..354.12 rows=89 width=125)
	  Index Cond: ((id >= 1983626) AND (id <= 1983726))

table 2 : explain SELECT id, c FROM sbtest2 WHERE id BETWEEN 1983626 AND 1983726
	Index Scan using sbtest2_pkey on sbtest2  (cost=0.43..402.11 rows=101 width=125)
	  Index Cond: ((id >= 1983626) AND (id <= 1983726))

table 3 : explain SELECT id, c FROM sbtest3 WHERE id BETWEEN 1983626 AND 1983726
	Index Scan using sbtest3_pkey on sbtest3  (cost=0.43..397.44 rows=100 width=125)
	  Index Cond: ((id >= 1983626) AND (id <= 1983726))

table 4 : explain SELECT id, c FROM sbtest4 WHERE id BETWEEN 1983626 AND 1983726
	Index Scan using sbtest4_pkey on sbtest4  (cost=0.43..391.41 rows=98 width=125)
	  Index Cond: ((id >= 1983626) AND (id <= 1983726))

table 5 : explain SELECT id, c FROM sbtest5 WHERE id BETWEEN 1983626 AND 1983726
	Index Scan using sbtest5_pkey on sbtest5  (cost=0.43..378.17 rows=95 width=125)
	  Index Cond: ((id >= 1983626) AND (id <= 1983726))

table 6 : explain SELECT id, c FROM sbtest6 WHERE id BETWEEN 1983626 AND 1983726
	Index Scan using sbtest6_pkey on sbtest6  (cost=0.43..409.15 rows=103 width=125)
	  Index Cond: ((id >= 1983626) AND (id <= 1983726))

table 7 : explain SELECT id, c FROM sbtest7 WHERE id BETWEEN 1983626 AND 1983726
	Index Scan using sbtest7_pkey on sbtest7  (cost=0.43..436.50 rows=110 width=125)
	  Index Cond: ((id >= 1983626) AND (id <= 1983726))

table 8 : explain SELECT id, c FROM sbtest8 WHERE id BETWEEN 1983626 AND 1983726
	Index Scan using sbtest8_pkey on sbtest8  (cost=0.43..393.26 rows=99 width=125)
	  Index Cond: ((id >= 1983626) AND (id <= 1983726))

explain: for range-notcovered :: explain SELECT id, c FROM sbtest%d WHERE id BETWEEN 3285377 AND 3285477
explain: for range-notcovered :: explain SELECT id, c FROM sbtest%d WHERE id BETWEEN 1983626 AND 1983726
explain: for range-notcovered :: explain SELECT id, c FROM sbtest%d WHERE id BETWEEN 7513736 AND 7513836
for range-notcovered
table 1 : explain SELECT id, c FROM sbtest1 WHERE id BETWEEN 8468968 AND 8469068
	Index Scan using sbtest1_pkey on sbtest1  (cost=0.43..409.13 rows=103 width=125)
	  Index Cond: ((id >= 8468968) AND (id <= 8469068))

table 2 : explain SELECT id, c FROM sbtest2 WHERE id BETWEEN 8468968 AND 8469068
	Index Scan using sbtest2_pkey on sbtest2  (cost=0.43..433.60 rows=109 width=125)
	  Index Cond: ((id >= 8468968) AND (id <= 8469068))

table 3 : explain SELECT id, c FROM sbtest3 WHERE id BETWEEN 8468968 AND 8469068
	Index Scan using sbtest3_pkey on sbtest3  (cost=0.43..417.08 rows=105 width=125)
	  Index Cond: ((id >= 8468968) AND (id <= 8469068))

table 4 : explain SELECT id, c FROM sbtest4 WHERE id BETWEEN 8468968 AND 8469068
	Index Scan using sbtest4_pkey on sbtest4  (cost=0.43..363.76 rows=91 width=125)
	  Index Cond: ((id >= 8468968) AND (id <= 8469068))

table 5 : explain SELECT id, c FROM sbtest5 WHERE id BETWEEN 8468968 AND 8469068
	Index Scan using sbtest5_pkey on sbtest5  (cost=0.43..397.83 rows=100 width=125)
	  Index Cond: ((id >= 8468968) AND (id <= 8469068))

table 6 : explain SELECT id, c FROM sbtest6 WHERE id BETWEEN 8468968 AND 8469068
	Index Scan using sbtest6_pkey on sbtest6  (cost=0.43..405.23 rows=102 width=125)
	  Index Cond: ((id >= 8468968) AND (id <= 8469068))

table 7 : explain SELECT id, c FROM sbtest7 WHERE id BETWEEN 8468968 AND 8469068
	Index Scan using sbtest7_pkey on sbtest7  (cost=0.43..377.61 rows=95 width=125)
	  Index Cond: ((id >= 8468968) AND (id <= 8469068))

table 8 : explain SELECT id, c FROM sbtest8 WHERE id BETWEEN 8468968 AND 8469068
	Index Scan using sbtest8_pkey on sbtest8  (cost=0.43..412.89 rows=104 width=125)
	  Index Cond: ((id >= 8468968) AND (id <= 8469068))

for range-notcovered
table 1 : explain SELECT id, c FROM sbtest1 WHERE id BETWEEN 8693488 AND 8693588
	Index Scan using sbtest1_pkey on sbtest1  (cost=0.43..365.90 rows=92 width=125)
	  Index Cond: ((id >= 8693488) AND (id <= 8693588))

table 2 : explain SELECT id, c FROM sbtest2 WHERE id BETWEEN 8693488 AND 8693588
	Index Scan using sbtest2_pkey on sbtest2  (cost=0.43..374.56 rows=94 width=125)
	  Index Cond: ((id >= 8693488) AND (id <= 8693588))

table 3 : explain SELECT id, c FROM sbtest3 WHERE id BETWEEN 8693488 AND 8693588
	Index Scan using sbtest3_pkey on sbtest3  (cost=0.43..440.65 rows=111 width=125)
	  Index Cond: ((id >= 8693488) AND (id <= 8693588))

table 4 : explain SELECT id, c FROM sbtest4 WHERE id BETWEEN 8693488 AND 8693588
	Index Scan using sbtest4_pkey on sbtest4  (cost=0.43..415.10 rows=104 width=125)
	  Index Cond: ((id >= 8693488) AND (id <= 8693588))

table 5 : explain SELECT id, c FROM sbtest5 WHERE id BETWEEN 8693488 AND 8693588
	Index Scan using sbtest5_pkey on sbtest5  (cost=0.43..378.17 rows=95 width=125)
	  Index Cond: ((id >= 8693488) AND (id <= 8693588))

table 6 : explain SELECT id, c FROM sbtest6 WHERE id BETWEEN 8693488 AND 8693588
	Index Scan using sbtest6_pkey on sbtest6  (cost=0.43..440.58 rows=111 width=125)
	  Index Cond: ((id >= 8693488) AND (id <= 8693588))

table 7 : explain SELECT id, c FROM sbtest7 WHERE id BETWEEN 8693488 AND 8693588
	Index Scan using sbtest7_pkey on sbtest7  (cost=0.43..377.61 rows=95 width=125)
	  Index Cond: ((id >= 8693488) AND (id <= 8693588))

table 8 : explain SELECT id, c FROM sbtest8 WHERE id BETWEEN 8693488 AND 8693588
	Index Scan using sbtest8_pkey on sbtest8  (cost=0.43..416.82 rows=105 width=125)
	  Index Cond: ((id >= 8693488) AND (id <= 8693588))

explain: for range-notcovered :: explain SELECT id, c FROM sbtest%d WHERE id BETWEEN 8468968 AND 8469068
explain: for range-notcovered :: explain SELECT id, c FROM sbtest%d WHERE id BETWEEN 8693488 AND 8693588
for range-notcovered
table 1 : explain SELECT id, c FROM sbtest1 WHERE id BETWEEN 2237819 AND 2237919
	Index Scan using sbtest1_pkey on sbtest1  (cost=0.43..397.35 rows=100 width=125)
	  Index Cond: ((id >= 2237819) AND (id <= 2237919))

table 2 : explain SELECT id, c FROM sbtest2 WHERE id BETWEEN 2237819 AND 2237919
	Index Scan using sbtest2_pkey on sbtest2  (cost=0.43..398.18 rows=100 width=125)
	  Index Cond: ((id >= 2237819) AND (id <= 2237919))

table 3 : explain SELECT id, c FROM sbtest3 WHERE id BETWEEN 2237819 AND 2237919
	Index Scan using sbtest3_pkey on sbtest3  (cost=0.43..436.72 rows=110 width=125)
	  Index Cond: ((id >= 2237819) AND (id <= 2237919))

table 4 : explain SELECT id, c FROM sbtest4 WHERE id BETWEEN 2237819 AND 2237919
	Index Scan using sbtest4_pkey on sbtest4  (cost=0.43..387.47 rows=97 width=125)
	  Index Cond: ((id >= 2237819) AND (id <= 2237919))

table 5 : explain SELECT id, c FROM sbtest5 WHERE id BETWEEN 2237819 AND 2237919
	Index Scan using sbtest5_pkey on sbtest5  (cost=0.43..409.63 rows=103 width=125)
	  Index Cond: ((id >= 2237819) AND (id <= 2237919))

table 6 : explain SELECT id, c FROM sbtest6 WHERE id BETWEEN 2237819 AND 2237919
	Index Scan using sbtest6_pkey on sbtest6  (cost=0.43..417.01 rows=105 width=125)
	  Index Cond: ((id >= 2237819) AND (id <= 2237919))

table 7 : explain SELECT id, c FROM sbtest7 WHERE id BETWEEN 2237819 AND 2237919
	Index Scan using sbtest7_pkey on sbtest7  (cost=0.43..424.72 rows=107 width=125)
	  Index Cond: ((id >= 2237819) AND (id <= 2237919))

table 8 : explain SELECT id, c FROM sbtest8 WHERE id BETWEEN 2237819 AND 2237919
	Index Scan using sbtest8_pkey on sbtest8  (cost=0.43..365.76 rows=92 width=125)
	  Index Cond: ((id >= 2237819) AND (id <= 2237919))

explain: for range-notcovered :: explain SELECT id, c FROM sbtest%d WHERE id BETWEEN 2237819 AND 2237919
for range-notcovered
table 1 : explain SELECT id, c FROM sbtest1 WHERE id BETWEEN 1983626 AND 1983726
	Index Scan using sbtest1_pkey on sbtest1  (cost=0.43..354.12 rows=89 width=125)
	  Index Cond: ((id >= 1983626) AND (id <= 1983726))

table 2 : explain SELECT id, c FROM sbtest2 WHERE id BETWEEN 1983626 AND 1983726
	Index Scan using sbtest2_pkey on sbtest2  (cost=0.43..402.11 rows=101 width=125)
	  Index Cond: ((id >= 1983626) AND (id <= 1983726))

table 3 : explain SELECT id, c FROM sbtest3 WHERE id BETWEEN 1983626 AND 1983726
	Index Scan using sbtest3_pkey on sbtest3  (cost=0.43..397.44 rows=100 width=125)
	  Index Cond: ((id >= 1983626) AND (id <= 1983726))

table 4 : explain SELECT id, c FROM sbtest4 WHERE id BETWEEN 1983626 AND 1983726
	Index Scan using sbtest4_pkey on sbtest4  (cost=0.43..391.41 rows=98 width=125)
	  Index Cond: ((id >= 1983626) AND (id <= 1983726))

table 5 : explain SELECT id, c FROM sbtest5 WHERE id BETWEEN 1983626 AND 1983726
	Index Scan using sbtest5_pkey on sbtest5  (cost=0.43..378.17 rows=95 width=125)
	  Index Cond: ((id >= 1983626) AND (id <= 1983726))

table 6 : explain SELECT id, c FROM sbtest6 WHERE id BETWEEN 1983626 AND 1983726
	Index Scan using sbtest6_pkey on sbtest6  (cost=0.43..409.15 rows=103 width=125)
	  Index Cond: ((id >= 1983626) AND (id <= 1983726))

table 7 : explain SELECT id, c FROM sbtest7 WHERE id BETWEEN 1983626 AND 1983726
	Index Scan using sbtest7_pkey on sbtest7  (cost=0.43..436.50 rows=110 width=125)
	  Index Cond: ((id >= 1983626) AND (id <= 1983726))

table 8 : explain SELECT id, c FROM sbtest8 WHERE id BETWEEN 1983626 AND 1983726
	Index Scan using sbtest8_pkey on sbtest8  (cost=0.43..393.26 rows=99 width=125)
	  Index Cond: ((id >= 1983626) AND (id <= 1983726))

for range-notcovered
table 1 : explain SELECT id, c FROM sbtest1 WHERE id BETWEEN 5029292 AND 5029392
	Index Scan using sbtest1_pkey on sbtest1  (cost=0.43..436.62 rows=110 width=125)
	  Index Cond: ((id >= 5029292) AND (id <= 5029392))

table 2 : explain SELECT id, c FROM sbtest2 WHERE id BETWEEN 5029292 AND 5029392
	Index Scan using sbtest2_pkey on sbtest2  (cost=0.43..433.60 rows=109 width=125)
	  Index Cond: ((id >= 5029292) AND (id <= 5029392))

table 3 : explain SELECT id, c FROM sbtest3 WHERE id BETWEEN 5029292 AND 5029392
	Index Scan using sbtest3_pkey on sbtest3  (cost=0.43..440.65 rows=111 width=125)
	  Index Cond: ((id >= 5029292) AND (id <= 5029392))

table 4 : explain SELECT id, c FROM sbtest4 WHERE id BETWEEN 5029292 AND 5029392
	Index Scan using sbtest4_pkey on sbtest4  (cost=0.43..391.41 rows=98 width=125)
	  Index Cond: ((id >= 5029292) AND (id <= 5029392))

table 5 : explain SELECT id, c FROM sbtest5 WHERE id BETWEEN 5029292 AND 5029392
	Index Scan using sbtest5_pkey on sbtest5  (cost=0.43..397.83 rows=100 width=125)
	  Index Cond: ((id >= 5029292) AND (id <= 5029392))

table 6 : explain SELECT id, c FROM sbtest6 WHERE id BETWEEN 5029292 AND 5029392
	Index Scan using sbtest6_pkey on sbtest6  (cost=0.43..381.66 rows=96 width=125)
	  Index Cond: ((id >= 5029292) AND (id <= 5029392))

table 7 : explain SELECT id, c FROM sbtest7 WHERE id BETWEEN 5029292 AND 5029392
	Index Scan using sbtest7_pkey on sbtest7  (cost=0.43..436.50 rows=110 width=125)
	  Index Cond: ((id >= 5029292) AND (id <= 5029392))

table 8 : explain SELECT id, c FROM sbtest8 WHERE id BETWEEN 5029292 AND 5029392
	Index Scan using sbtest8_pkey on sbtest8  (cost=0.43..416.82 rows=105 width=125)
	  Index Cond: ((id >= 5029292) AND (id <= 5029392))

for range-notcovered
table 1 : explain SELECT id, c FROM sbtest1 WHERE id BETWEEN 7513736 AND 7513836
	Index Scan using sbtest1_pkey on sbtest1  (cost=0.43..413.06 rows=104 width=125)
	  Index Cond: ((id >= 7513736) AND (id <= 7513836))

table 2 : explain SELECT id, c FROM sbtest2 WHERE id BETWEEN 7513736 AND 7513836
	Index Scan using sbtest2_pkey on sbtest2  (cost=0.43..406.05 rows=102 width=125)
	  Index Cond: ((id >= 7513736) AND (id <= 7513836))

table 3 : explain SELECT id, c FROM sbtest3 WHERE id BETWEEN 7513736 AND 7513836
	Index Scan using sbtest3_pkey on sbtest3  (cost=0.43..354.20 rows=89 width=125)
	  Index Cond: ((id >= 7513736) AND (id <= 7513836))

table 4 : explain SELECT id, c FROM sbtest4 WHERE id BETWEEN 7513736 AND 7513836
	Index Scan using sbtest4_pkey on sbtest4  (cost=0.43..415.10 rows=104 width=125)
	  Index Cond: ((id >= 7513736) AND (id <= 7513836))

table 5 : explain SELECT id, c FROM sbtest5 WHERE id BETWEEN 7513736 AND 7513836
	Index Scan using sbtest5_pkey on sbtest5  (cost=0.43..429.29 rows=108 width=125)
	  Index Cond: ((id >= 7513736) AND (id <= 7513836))

table 6 : explain SELECT id, c FROM sbtest6 WHERE id BETWEEN 7513736 AND 7513836
	Index Scan using sbtest6_pkey on sbtest6  (cost=0.43..401.30 rows=101 width=125)
	  Index Cond: ((id >= 7513736) AND (id <= 7513836))

table 7 : explain SELECT id, c FROM sbtest7 WHERE id BETWEEN 7513736 AND 7513836
	Index Scan using sbtest7_pkey on sbtest7  (cost=0.43..436.50 rows=110 width=125)
	  Index Cond: ((id >= 7513736) AND (id <= 7513836))

table 8 : explain SELECT id, c FROM sbtest8 WHERE id BETWEEN 7513736 AND 7513836
	Index Scan using sbtest8_pkey on sbtest8  (cost=0.43..401.11 rows=101 width=125)
	  Index Cond: ((id >= 7513736) AND (id <= 7513836))

explain: for range-notcovered :: explain SELECT id, c FROM sbtest%d WHERE id BETWEEN 1983626 AND 1983726
explain: for range-notcovered :: explain SELECT id, c FROM sbtest%d WHERE id BETWEEN 5029292 AND 5029392
explain: for range-notcovered :: explain SELECT id, c FROM sbtest%d WHERE id BETWEEN 7513736 AND 7513836
for range-notcovered
table 1 : explain SELECT id, c FROM sbtest1 WHERE id BETWEEN 8468968 AND 8469068
	Index Scan using sbtest1_pkey on sbtest1  (cost=0.43..409.13 rows=103 width=125)
	  Index Cond: ((id >= 8468968) AND (id <= 8469068))

table 2 : explain SELECT id, c FROM sbtest2 WHERE id BETWEEN 8468968 AND 8469068
	Index Scan using sbtest2_pkey on sbtest2  (cost=0.43..433.60 rows=109 width=125)
	  Index Cond: ((id >= 8468968) AND (id <= 8469068))

table 3 : explain SELECT id, c FROM sbtest3 WHERE id BETWEEN 8468968 AND 8469068
	Index Scan using sbtest3_pkey on sbtest3  (cost=0.43..417.08 rows=105 width=125)
	  Index Cond: ((id >= 8468968) AND (id <= 8469068))

table 4 : explain SELECT id, c FROM sbtest4 WHERE id BETWEEN 8468968 AND 8469068
	Index Scan using sbtest4_pkey on sbtest4  (cost=0.43..363.76 rows=91 width=125)
	  Index Cond: ((id >= 8468968) AND (id <= 8469068))

table 5 : explain SELECT id, c FROM sbtest5 WHERE id BETWEEN 8468968 AND 8469068
	Index Scan using sbtest5_pkey on sbtest5  (cost=0.43..397.83 rows=100 width=125)
	  Index Cond: ((id >= 8468968) AND (id <= 8469068))

table 6 : explain SELECT id, c FROM sbtest6 WHERE id BETWEEN 8468968 AND 8469068
	Index Scan using sbtest6_pkey on sbtest6  (cost=0.43..405.23 rows=102 width=125)
	  Index Cond: ((id >= 8468968) AND (id <= 8469068))

table 7 : explain SELECT id, c FROM sbtest7 WHERE id BETWEEN 8468968 AND 8469068
	Index Scan using sbtest7_pkey on sbtest7  (cost=0.43..377.61 rows=95 width=125)
	  Index Cond: ((id >= 8468968) AND (id <= 8469068))

table 8 : explain SELECT id, c FROM sbtest8 WHERE id BETWEEN 8468968 AND 8469068
	Index Scan using sbtest8_pkey on sbtest8  (cost=0.43..412.89 rows=104 width=125)
	  Index Cond: ((id >= 8468968) AND (id <= 8469068))

explain: for range-notcovered :: explain SELECT id, c FROM sbtest%d WHERE id BETWEEN 8468968 AND 8469068
explain: for range-notcovered :: explain SELECT id, c FROM sbtest%d WHERE id BETWEEN 4549993 AND 4550093
for range-notcovered
table 1 : explain SELECT id, c FROM sbtest1 WHERE id BETWEEN 8693488 AND 8693588
	Index Scan using sbtest1_pkey on sbtest1  (cost=0.43..365.90 rows=92 width=125)
	  Index Cond: ((id >= 8693488) AND (id <= 8693588))

table 2 : explain SELECT id, c FROM sbtest2 WHERE id BETWEEN 8693488 AND 8693588
	Index Scan using sbtest2_pkey on sbtest2  (cost=0.43..374.56 rows=94 width=125)
	  Index Cond: ((id >= 8693488) AND (id <= 8693588))

table 3 : explain SELECT id, c FROM sbtest3 WHERE id BETWEEN 8693488 AND 8693588
	Index Scan using sbtest3_pkey on sbtest3  (cost=0.43..440.65 rows=111 width=125)
	  Index Cond: ((id >= 8693488) AND (id <= 8693588))

table 4 : explain SELECT id, c FROM sbtest4 WHERE id BETWEEN 8693488 AND 8693588
	Index Scan using sbtest4_pkey on sbtest4  (cost=0.43..415.10 rows=104 width=125)
	  Index Cond: ((id >= 8693488) AND (id <= 8693588))

table 5 : explain SELECT id, c FROM sbtest5 WHERE id BETWEEN 8693488 AND 8693588
	Index Scan using sbtest5_pkey on sbtest5  (cost=0.43..378.17 rows=95 width=125)
	  Index Cond: ((id >= 8693488) AND (id <= 8693588))

table 6 : explain SELECT id, c FROM sbtest6 WHERE id BETWEEN 8693488 AND 8693588
	Index Scan using sbtest6_pkey on sbtest6  (cost=0.43..440.58 rows=111 width=125)
	  Index Cond: ((id >= 8693488) AND (id <= 8693588))

table 7 : explain SELECT id, c FROM sbtest7 WHERE id BETWEEN 8693488 AND 8693588
	Index Scan using sbtest7_pkey on sbtest7  (cost=0.43..377.61 rows=95 width=125)
	  Index Cond: ((id >= 8693488) AND (id <= 8693588))

table 8 : explain SELECT id, c FROM sbtest8 WHERE id BETWEEN 8693488 AND 8693588
	Index Scan using sbtest8_pkey on sbtest8  (cost=0.43..416.82 rows=105 width=125)
	  Index Cond: ((id >= 8693488) AND (id <= 8693588))

explain: for range-notcovered :: explain SELECT id, c FROM sbtest%d WHERE id BETWEEN 8693488 AND 8693588
for range-notcovered
table 1 : explain SELECT id, c FROM sbtest1 WHERE id BETWEEN 2237819 AND 2237919
	Index Scan using sbtest1_pkey on sbtest1  (cost=0.43..397.35 rows=100 width=125)
	  Index Cond: ((id >= 2237819) AND (id <= 2237919))

table 2 : explain SELECT id, c FROM sbtest2 WHERE id BETWEEN 2237819 AND 2237919
	Index Scan using sbtest2_pkey on sbtest2  (cost=0.43..398.18 rows=100 width=125)
	  Index Cond: ((id >= 2237819) AND (id <= 2237919))

table 3 : explain SELECT id, c FROM sbtest3 WHERE id BETWEEN 2237819 AND 2237919
	Index Scan using sbtest3_pkey on sbtest3  (cost=0.43..436.72 rows=110 width=125)
	  Index Cond: ((id >= 2237819) AND (id <= 2237919))

table 4 : explain SELECT id, c FROM sbtest4 WHERE id BETWEEN 2237819 AND 2237919
	Index Scan using sbtest4_pkey on sbtest4  (cost=0.43..387.47 rows=97 width=125)
	  Index Cond: ((id >= 2237819) AND (id <= 2237919))

table 5 : explain SELECT id, c FROM sbtest5 WHERE id BETWEEN 2237819 AND 2237919
	Index Scan using sbtest5_pkey on sbtest5  (cost=0.43..409.63 rows=103 width=125)
	  Index Cond: ((id >= 2237819) AND (id <= 2237919))

table 6 : explain SELECT id, c FROM sbtest6 WHERE id BETWEEN 2237819 AND 2237919
	Index Scan using sbtest6_pkey on sbtest6  (cost=0.43..417.01 rows=105 width=125)
	  Index Cond: ((id >= 2237819) AND (id <= 2237919))

table 7 : explain SELECT id, c FROM sbtest7 WHERE id BETWEEN 2237819 AND 2237919
	Index Scan using sbtest7_pkey on sbtest7  (cost=0.43..424.72 rows=107 width=125)
	  Index Cond: ((id >= 2237819) AND (id <= 2237919))

table 8 : explain SELECT id, c FROM sbtest8 WHERE id BETWEEN 2237819 AND 2237919
	Index Scan using sbtest8_pkey on sbtest8  (cost=0.43..365.76 rows=92 width=125)
	  Index Cond: ((id >= 2237819) AND (id <= 2237919))

explain: for range-notcovered :: explain SELECT id, c FROM sbtest%d WHERE id BETWEEN 2237819 AND 2237919
for range-notcovered
table 1 : explain SELECT id, c FROM sbtest1 WHERE id BETWEEN 1983626 AND 1983726
	Index Scan using sbtest1_pkey on sbtest1  (cost=0.43..354.12 rows=89 width=125)
	  Index Cond: ((id >= 1983626) AND (id <= 1983726))

table 2 : explain SELECT id, c FROM sbtest2 WHERE id BETWEEN 1983626 AND 1983726
	Index Scan using sbtest2_pkey on sbtest2  (cost=0.43..402.11 rows=101 width=125)
	  Index Cond: ((id >= 1983626) AND (id <= 1983726))

table 3 : explain SELECT id, c FROM sbtest3 WHERE id BETWEEN 1983626 AND 1983726
	Index Scan using sbtest3_pkey on sbtest3  (cost=0.43..397.44 rows=100 width=125)
	  Index Cond: ((id >= 1983626) AND (id <= 1983726))

table 4 : explain SELECT id, c FROM sbtest4 WHERE id BETWEEN 1983626 AND 1983726
	Index Scan using sbtest4_pkey on sbtest4  (cost=0.43..391.41 rows=98 width=125)
	  Index Cond: ((id >= 1983626) AND (id <= 1983726))

table 5 : explain SELECT id, c FROM sbtest5 WHERE id BETWEEN 1983626 AND 1983726
	Index Scan using sbtest5_pkey on sbtest5  (cost=0.43..378.17 rows=95 width=125)
	  Index Cond: ((id >= 1983626) AND (id <= 1983726))

table 6 : explain SELECT id, c FROM sbtest6 WHERE id BETWEEN 1983626 AND 1983726
	Index Scan using sbtest6_pkey on sbtest6  (cost=0.43..409.15 rows=103 width=125)
	  Index Cond: ((id >= 1983626) AND (id <= 1983726))

table 7 : explain SELECT id, c FROM sbtest7 WHERE id BETWEEN 1983626 AND 1983726
	Index Scan using sbtest7_pkey on sbtest7  (cost=0.43..436.50 rows=110 width=125)
	  Index Cond: ((id >= 1983626) AND (id <= 1983726))

table 8 : explain SELECT id, c FROM sbtest8 WHERE id BETWEEN 1983626 AND 1983726
	Index Scan using sbtest8_pkey on sbtest8  (cost=0.43..393.26 rows=99 width=125)
	  Index Cond: ((id >= 1983626) AND (id <= 1983726))

for range-notcovered
table 1 : explain SELECT id, c FROM sbtest1 WHERE id BETWEEN 7513736 AND 7513836
	Index Scan using sbtest1_pkey on sbtest1  (cost=0.43..413.06 rows=104 width=125)
	  Index Cond: ((id >= 7513736) AND (id <= 7513836))

table 2 : explain SELECT id, c FROM sbtest2 WHERE id BETWEEN 7513736 AND 7513836
	Index Scan using sbtest2_pkey on sbtest2  (cost=0.43..406.05 rows=102 width=125)
	  Index Cond: ((id >= 7513736) AND (id <= 7513836))

table 3 : explain SELECT id, c FROM sbtest3 WHERE id BETWEEN 7513736 AND 7513836
	Index Scan using sbtest3_pkey on sbtest3  (cost=0.43..354.20 rows=89 width=125)
	  Index Cond: ((id >= 7513736) AND (id <= 7513836))

table 4 : explain SELECT id, c FROM sbtest4 WHERE id BETWEEN 7513736 AND 7513836
	Index Scan using sbtest4_pkey on sbtest4  (cost=0.43..415.10 rows=104 width=125)
	  Index Cond: ((id >= 7513736) AND (id <= 7513836))

table 5 : explain SELECT id, c FROM sbtest5 WHERE id BETWEEN 7513736 AND 7513836
	Index Scan using sbtest5_pkey on sbtest5  (cost=0.43..429.29 rows=108 width=125)
	  Index Cond: ((id >= 7513736) AND (id <= 7513836))

table 6 : explain SELECT id, c FROM sbtest6 WHERE id BETWEEN 7513736 AND 7513836
	Index Scan using sbtest6_pkey on sbtest6  (cost=0.43..401.30 rows=101 width=125)
	  Index Cond: ((id >= 7513736) AND (id <= 7513836))

table 7 : explain SELECT id, c FROM sbtest7 WHERE id BETWEEN 7513736 AND 7513836
	Index Scan using sbtest7_pkey on sbtest7  (cost=0.43..436.50 rows=110 width=125)
	  Index Cond: ((id >= 7513736) AND (id <= 7513836))

table 8 : explain SELECT id, c FROM sbtest8 WHERE id BETWEEN 7513736 AND 7513836
	Index Scan using sbtest8_pkey on sbtest8  (cost=0.43..401.11 rows=101 width=125)
	  Index Cond: ((id >= 7513736) AND (id <= 7513836))

for range-notcovered
table 1 : explain SELECT id, c FROM sbtest1 WHERE id BETWEEN 5029292 AND 5029392
	Index Scan using sbtest1_pkey on sbtest1  (cost=0.43..436.62 rows=110 width=125)
	  Index Cond: ((id >= 5029292) AND (id <= 5029392))

table 2 : explain SELECT id, c FROM sbtest2 WHERE id BETWEEN 5029292 AND 5029392
	Index Scan using sbtest2_pkey on sbtest2  (cost=0.43..433.60 rows=109 width=125)
	  Index Cond: ((id >= 5029292) AND (id <= 5029392))

table 3 : explain SELECT id, c FROM sbtest3 WHERE id BETWEEN 5029292 AND 5029392
	Index Scan using sbtest3_pkey on sbtest3  (cost=0.43..440.65 rows=111 width=125)
	  Index Cond: ((id >= 5029292) AND (id <= 5029392))

table 4 : explain SELECT id, c FROM sbtest4 WHERE id BETWEEN 5029292 AND 5029392
	Index Scan using sbtest4_pkey on sbtest4  (cost=0.43..391.41 rows=98 width=125)
	  Index Cond: ((id >= 5029292) AND (id <= 5029392))

table 5 : explain SELECT id, c FROM sbtest5 WHERE id BETWEEN 5029292 AND 5029392
	Index Scan using sbtest5_pkey on sbtest5  (cost=0.43..397.83 rows=100 width=125)
	  Index Cond: ((id >= 5029292) AND (id <= 5029392))

table 6 : explain SELECT id, c FROM sbtest6 WHERE id BETWEEN 5029292 AND 5029392
	Index Scan using sbtest6_pkey on sbtest6  (cost=0.43..381.66 rows=96 width=125)
	  Index Cond: ((id >= 5029292) AND (id <= 5029392))

table 7 : explain SELECT id, c FROM sbtest7 WHERE id BETWEEN 5029292 AND 5029392
	Index Scan using sbtest7_pkey on sbtest7  (cost=0.43..436.50 rows=110 width=125)
	  Index Cond: ((id >= 5029292) AND (id <= 5029392))

table 8 : explain SELECT id, c FROM sbtest8 WHERE id BETWEEN 5029292 AND 5029392
	Index Scan using sbtest8_pkey on sbtest8  (cost=0.43..416.82 rows=105 width=125)
	  Index Cond: ((id >= 5029292) AND (id <= 5029392))

explain: for range-notcovered :: explain SELECT id, c FROM sbtest%d WHERE id BETWEEN 7513736 AND 7513836
explain: for range-notcovered :: explain SELECT id, c FROM sbtest%d WHERE id BETWEEN 5029292 AND 5029392
for range-notcovered
table 1 : explain SELECT id, c FROM sbtest1 WHERE id BETWEEN 8468968 AND 8469068
	Index Scan using sbtest1_pkey on sbtest1  (cost=0.43..409.13 rows=103 width=125)
	  Index Cond: ((id >= 8468968) AND (id <= 8469068))

table 2 : explain SELECT id, c FROM sbtest2 WHERE id BETWEEN 8468968 AND 8469068
	Index Scan using sbtest2_pkey on sbtest2  (cost=0.43..433.60 rows=109 width=125)
	  Index Cond: ((id >= 8468968) AND (id <= 8469068))

table 3 : explain SELECT id, c FROM sbtest3 WHERE id BETWEEN 8468968 AND 8469068
	Index Scan using sbtest3_pkey on sbtest3  (cost=0.43..417.08 rows=105 width=125)
	  Index Cond: ((id >= 8468968) AND (id <= 8469068))

table 4 : explain SELECT id, c FROM sbtest4 WHERE id BETWEEN 8468968 AND 8469068
	Index Scan using sbtest4_pkey on sbtest4  (cost=0.43..363.76 rows=91 width=125)
	  Index Cond: ((id >= 8468968) AND (id <= 8469068))

table 5 : explain SELECT id, c FROM sbtest5 WHERE id BETWEEN 8468968 AND 8469068
	Index Scan using sbtest5_pkey on sbtest5  (cost=0.43..397.83 rows=100 width=125)
	  Index Cond: ((id >= 8468968) AND (id <= 8469068))

table 6 : explain SELECT id, c FROM sbtest6 WHERE id BETWEEN 8468968 AND 8469068
	Index Scan using sbtest6_pkey on sbtest6  (cost=0.43..405.23 rows=102 width=125)
	  Index Cond: ((id >= 8468968) AND (id <= 8469068))

table 7 : explain SELECT id, c FROM sbtest7 WHERE id BETWEEN 8468968 AND 8469068
	Index Scan using sbtest7_pkey on sbtest7  (cost=0.43..377.61 rows=95 width=125)
	  Index Cond: ((id >= 8468968) AND (id <= 8469068))

table 8 : explain SELECT id, c FROM sbtest8 WHERE id BETWEEN 8468968 AND 8469068
	Index Scan using sbtest8_pkey on sbtest8  (cost=0.43..412.89 rows=104 width=125)
	  Index Cond: ((id >= 8468968) AND (id <= 8469068))

explain: for range-notcovered :: explain SELECT id, c FROM sbtest%d WHERE id BETWEEN 8468968 AND 8469068
for range-notcovered
table 1 : explain SELECT id, c FROM sbtest1 WHERE id BETWEEN 8693488 AND 8693588
	Index Scan using sbtest1_pkey on sbtest1  (cost=0.43..365.90 rows=92 width=125)
	  Index Cond: ((id >= 8693488) AND (id <= 8693588))

table 2 : explain SELECT id, c FROM sbtest2 WHERE id BETWEEN 8693488 AND 8693588
	Index Scan using sbtest2_pkey on sbtest2  (cost=0.43..374.56 rows=94 width=125)
	  Index Cond: ((id >= 8693488) AND (id <= 8693588))

table 3 : explain SELECT id, c FROM sbtest3 WHERE id BETWEEN 8693488 AND 8693588
	Index Scan using sbtest3_pkey on sbtest3  (cost=0.43..440.65 rows=111 width=125)
	  Index Cond: ((id >= 8693488) AND (id <= 8693588))

table 4 : explain SELECT id, c FROM sbtest4 WHERE id BETWEEN 8693488 AND 8693588
	Index Scan using sbtest4_pkey on sbtest4  (cost=0.43..415.10 rows=104 width=125)
	  Index Cond: ((id >= 8693488) AND (id <= 8693588))

table 5 : explain SELECT id, c FROM sbtest5 WHERE id BETWEEN 8693488 AND 8693588
	Index Scan using sbtest5_pkey on sbtest5  (cost=0.43..378.17 rows=95 width=125)
	  Index Cond: ((id >= 8693488) AND (id <= 8693588))

table 6 : explain SELECT id, c FROM sbtest6 WHERE id BETWEEN 8693488 AND 8693588
	Index Scan using sbtest6_pkey on sbtest6  (cost=0.43..440.58 rows=111 width=125)
	  Index Cond: ((id >= 8693488) AND (id <= 8693588))

table 7 : explain SELECT id, c FROM sbtest7 WHERE id BETWEEN 8693488 AND 8693588
	Index Scan using sbtest7_pkey on sbtest7  (cost=0.43..377.61 rows=95 width=125)
	  Index Cond: ((id >= 8693488) AND (id <= 8693588))

table 8 : explain SELECT id, c FROM sbtest8 WHERE id BETWEEN 8693488 AND 8693588
	Index Scan using sbtest8_pkey on sbtest8  (cost=0.43..416.82 rows=105 width=125)
	  Index Cond: ((id >= 8693488) AND (id <= 8693588))

explain: for range-notcovered :: explain SELECT id, c FROM sbtest%d WHERE id BETWEEN 8693488 AND 8693588
for range-notcovered
table 1 : explain SELECT id, c FROM sbtest1 WHERE id BETWEEN 2237819 AND 2237919
	Index Scan using sbtest1_pkey on sbtest1  (cost=0.43..397.35 rows=100 width=125)
	  Index Cond: ((id >= 2237819) AND (id <= 2237919))

table 2 : explain SELECT id, c FROM sbtest2 WHERE id BETWEEN 2237819 AND 2237919
	Index Scan using sbtest2_pkey on sbtest2  (cost=0.43..398.18 rows=100 width=125)
	  Index Cond: ((id >= 2237819) AND (id <= 2237919))

table 3 : explain SELECT id, c FROM sbtest3 WHERE id BETWEEN 2237819 AND 2237919
	Index Scan using sbtest3_pkey on sbtest3  (cost=0.43..436.72 rows=110 width=125)
	  Index Cond: ((id >= 2237819) AND (id <= 2237919))

table 4 : explain SELECT id, c FROM sbtest4 WHERE id BETWEEN 2237819 AND 2237919
	Index Scan using sbtest4_pkey on sbtest4  (cost=0.43..387.47 rows=97 width=125)
	  Index Cond: ((id >= 2237819) AND (id <= 2237919))

table 5 : explain SELECT id, c FROM sbtest5 WHERE id BETWEEN 2237819 AND 2237919
	Index Scan using sbtest5_pkey on sbtest5  (cost=0.43..409.63 rows=103 width=125)
	  Index Cond: ((id >= 2237819) AND (id <= 2237919))

table 6 : explain SELECT id, c FROM sbtest6 WHERE id BETWEEN 2237819 AND 2237919
	Index Scan using sbtest6_pkey on sbtest6  (cost=0.43..417.01 rows=105 width=125)
	  Index Cond: ((id >= 2237819) AND (id <= 2237919))

table 7 : explain SELECT id, c FROM sbtest7 WHERE id BETWEEN 2237819 AND 2237919
	Index Scan using sbtest7_pkey on sbtest7  (cost=0.43..424.72 rows=107 width=125)
	  Index Cond: ((id >= 2237819) AND (id <= 2237919))

table 8 : explain SELECT id, c FROM sbtest8 WHERE id BETWEEN 2237819 AND 2237919
	Index Scan using sbtest8_pkey on sbtest8  (cost=0.43..365.76 rows=92 width=125)
	  Index Cond: ((id >= 2237819) AND (id <= 2237919))

explain: for range-notcovered :: explain SELECT id, c FROM sbtest%d WHERE id BETWEEN 2237819 AND 2237919
for range-notcovered
table 1 : explain SELECT id, c FROM sbtest1 WHERE id BETWEEN 7513736 AND 7513836
	Index Scan using sbtest1_pkey on sbtest1  (cost=0.43..413.06 rows=104 width=125)
	  Index Cond: ((id >= 7513736) AND (id <= 7513836))

table 2 : explain SELECT id, c FROM sbtest2 WHERE id BETWEEN 7513736 AND 7513836
	Index Scan using sbtest2_pkey on sbtest2  (cost=0.43..406.05 rows=102 width=125)
	  Index Cond: ((id >= 7513736) AND (id <= 7513836))

table 3 : explain SELECT id, c FROM sbtest3 WHERE id BETWEEN 7513736 AND 7513836
	Index Scan using sbtest3_pkey on sbtest3  (cost=0.43..354.20 rows=89 width=125)
	  Index Cond: ((id >= 7513736) AND (id <= 7513836))

table 4 : explain SELECT id, c FROM sbtest4 WHERE id BETWEEN 7513736 AND 7513836
	Index Scan using sbtest4_pkey on sbtest4  (cost=0.43..415.10 rows=104 width=125)
	  Index Cond: ((id >= 7513736) AND (id <= 7513836))

table 5 : explain SELECT id, c FROM sbtest5 WHERE id BETWEEN 7513736 AND 7513836
	Index Scan using sbtest5_pkey on sbtest5  (cost=0.43..429.29 rows=108 width=125)
	  Index Cond: ((id >= 7513736) AND (id <= 7513836))

table 6 : explain SELECT id, c FROM sbtest6 WHERE id BETWEEN 7513736 AND 7513836
	Index Scan using sbtest6_pkey on sbtest6  (cost=0.43..401.30 rows=101 width=125)
	  Index Cond: ((id >= 7513736) AND (id <= 7513836))

table 7 : explain SELECT id, c FROM sbtest7 WHERE id BETWEEN 7513736 AND 7513836
	Index Scan using sbtest7_pkey on sbtest7  (cost=0.43..436.50 rows=110 width=125)
	  Index Cond: ((id >= 7513736) AND (id <= 7513836))

table 8 : explain SELECT id, c FROM sbtest8 WHERE id BETWEEN 7513736 AND 7513836
	Index Scan using sbtest8_pkey on sbtest8  (cost=0.43..401.11 rows=101 width=125)
	  Index Cond: ((id >= 7513736) AND (id <= 7513836))

for range-notcovered
table 1 : explain SELECT id, c FROM sbtest1 WHERE id BETWEEN 5029292 AND 5029392
	Index Scan using sbtest1_pkey on sbtest1  (cost=0.43..436.62 rows=110 width=125)
	  Index Cond: ((id >= 5029292) AND (id <= 5029392))

table 2 : explain SELECT id, c FROM sbtest2 WHERE id BETWEEN 5029292 AND 5029392
	Index Scan using sbtest2_pkey on sbtest2  (cost=0.43..433.60 rows=109 width=125)
	  Index Cond: ((id >= 5029292) AND (id <= 5029392))

table 3 : explain SELECT id, c FROM sbtest3 WHERE id BETWEEN 5029292 AND 5029392
	Index Scan using sbtest3_pkey on sbtest3  (cost=0.43..440.65 rows=111 width=125)
	  Index Cond: ((id >= 5029292) AND (id <= 5029392))

table 4 : explain SELECT id, c FROM sbtest4 WHERE id BETWEEN 5029292 AND 5029392
	Index Scan using sbtest4_pkey on sbtest4  (cost=0.43..391.41 rows=98 width=125)
	  Index Cond: ((id >= 5029292) AND (id <= 5029392))

table 5 : explain SELECT id, c FROM sbtest5 WHERE id BETWEEN 5029292 AND 5029392
	Index Scan using sbtest5_pkey on sbtest5  (cost=0.43..397.83 rows=100 width=125)
	  Index Cond: ((id >= 5029292) AND (id <= 5029392))

table 6 : explain SELECT id, c FROM sbtest6 WHERE id BETWEEN 5029292 AND 5029392
	Index Scan using sbtest6_pkey on sbtest6  (cost=0.43..381.66 rows=96 width=125)
	  Index Cond: ((id >= 5029292) AND (id <= 5029392))

table 7 : explain SELECT id, c FROM sbtest7 WHERE id BETWEEN 5029292 AND 5029392
	Index Scan using sbtest7_pkey on sbtest7  (cost=0.43..436.50 rows=110 width=125)
	  Index Cond: ((id >= 5029292) AND (id <= 5029392))

table 8 : explain SELECT id, c FROM sbtest8 WHERE id BETWEEN 5029292 AND 5029392
	Index Scan using sbtest8_pkey on sbtest8  (cost=0.43..416.82 rows=105 width=125)
	  Index Cond: ((id >= 5029292) AND (id <= 5029392))

explain: for range-notcovered :: explain SELECT id, c FROM sbtest%d WHERE id BETWEEN 5029292 AND 5029392
for range-notcovered
table 1 : explain SELECT id, c FROM sbtest1 WHERE id BETWEEN 8468968 AND 8469068
	Index Scan using sbtest1_pkey on sbtest1  (cost=0.43..409.13 rows=103 width=125)
	  Index Cond: ((id >= 8468968) AND (id <= 8469068))

table 2 : explain SELECT id, c FROM sbtest2 WHERE id BETWEEN 8468968 AND 8469068
	Index Scan using sbtest2_pkey on sbtest2  (cost=0.43..433.60 rows=109 width=125)
	  Index Cond: ((id >= 8468968) AND (id <= 8469068))

table 3 : explain SELECT id, c FROM sbtest3 WHERE id BETWEEN 8468968 AND 8469068
	Index Scan using sbtest3_pkey on sbtest3  (cost=0.43..417.08 rows=105 width=125)
	  Index Cond: ((id >= 8468968) AND (id <= 8469068))

table 4 : explain SELECT id, c FROM sbtest4 WHERE id BETWEEN 8468968 AND 8469068
	Index Scan using sbtest4_pkey on sbtest4  (cost=0.43..363.76 rows=91 width=125)
	  Index Cond: ((id >= 8468968) AND (id <= 8469068))

table 5 : explain SELECT id, c FROM sbtest5 WHERE id BETWEEN 8468968 AND 8469068
	Index Scan using sbtest5_pkey on sbtest5  (cost=0.43..397.83 rows=100 width=125)
	  Index Cond: ((id >= 8468968) AND (id <= 8469068))

table 6 : explain SELECT id, c FROM sbtest6 WHERE id BETWEEN 8468968 AND 8469068
	Index Scan using sbtest6_pkey on sbtest6  (cost=0.43..405.23 rows=102 width=125)
	  Index Cond: ((id >= 8468968) AND (id <= 8469068))

table 7 : explain SELECT id, c FROM sbtest7 WHERE id BETWEEN 8468968 AND 8469068
	Index Scan using sbtest7_pkey on sbtest7  (cost=0.43..377.61 rows=95 width=125)
	  Index Cond: ((id >= 8468968) AND (id <= 8469068))

table 8 : explain SELECT id, c FROM sbtest8 WHERE id BETWEEN 8468968 AND 8469068
	Index Scan using sbtest8_pkey on sbtest8  (cost=0.43..412.89 rows=104 width=125)
	  Index Cond: ((id >= 8468968) AND (id <= 8469068))

for range-notcovered
table 1 : explain SELECT id, c FROM sbtest1 WHERE id BETWEEN 8693488 AND 8693588
	Index Scan using sbtest1_pkey on sbtest1  (cost=0.43..365.90 rows=92 width=125)
	  Index Cond: ((id >= 8693488) AND (id <= 8693588))

table 2 : explain SELECT id, c FROM sbtest2 WHERE id BETWEEN 8693488 AND 8693588
	Index Scan using sbtest2_pkey on sbtest2  (cost=0.43..374.56 rows=94 width=125)
	  Index Cond: ((id >= 8693488) AND (id <= 8693588))

table 3 : explain SELECT id, c FROM sbtest3 WHERE id BETWEEN 8693488 AND 8693588
	Index Scan using sbtest3_pkey on sbtest3  (cost=0.43..440.65 rows=111 width=125)
	  Index Cond: ((id >= 8693488) AND (id <= 8693588))

table 4 : explain SELECT id, c FROM sbtest4 WHERE id BETWEEN 8693488 AND 8693588
	Index Scan using sbtest4_pkey on sbtest4  (cost=0.43..415.10 rows=104 width=125)
	  Index Cond: ((id >= 8693488) AND (id <= 8693588))

table 5 : explain SELECT id, c FROM sbtest5 WHERE id BETWEEN 8693488 AND 8693588
	Index Scan using sbtest5_pkey on sbtest5  (cost=0.43..378.17 rows=95 width=125)
	  Index Cond: ((id >= 8693488) AND (id <= 8693588))

table 6 : explain SELECT id, c FROM sbtest6 WHERE id BETWEEN 8693488 AND 8693588
	Index Scan using sbtest6_pkey on sbtest6  (cost=0.43..440.58 rows=111 width=125)
	  Index Cond: ((id >= 8693488) AND (id <= 8693588))

table 7 : explain SELECT id, c FROM sbtest7 WHERE id BETWEEN 8693488 AND 8693588
	Index Scan using sbtest7_pkey on sbtest7  (cost=0.43..377.61 rows=95 width=125)
	  Index Cond: ((id >= 8693488) AND (id <= 8693588))

table 8 : explain SELECT id, c FROM sbtest8 WHERE id BETWEEN 8693488 AND 8693588
	Index Scan using sbtest8_pkey on sbtest8  (cost=0.43..416.82 rows=105 width=125)
	  Index Cond: ((id >= 8693488) AND (id <= 8693588))

explain: for range-notcovered :: explain SELECT id, c FROM sbtest%d WHERE id BETWEEN 8693488 AND 8693588
for range-notcovered
table 1 : explain SELECT id, c FROM sbtest1 WHERE id BETWEEN 2237819 AND 2237919
	Index Scan using sbtest1_pkey on sbtest1  (cost=0.43..397.35 rows=100 width=125)
	  Index Cond: ((id >= 2237819) AND (id <= 2237919))

table 2 : explain SELECT id, c FROM sbtest2 WHERE id BETWEEN 2237819 AND 2237919
	Index Scan using sbtest2_pkey on sbtest2  (cost=0.43..398.18 rows=100 width=125)
	  Index Cond: ((id >= 2237819) AND (id <= 2237919))

table 3 : explain SELECT id, c FROM sbtest3 WHERE id BETWEEN 2237819 AND 2237919
	Index Scan using sbtest3_pkey on sbtest3  (cost=0.43..436.72 rows=110 width=125)
	  Index Cond: ((id >= 2237819) AND (id <= 2237919))

table 4 : explain SELECT id, c FROM sbtest4 WHERE id BETWEEN 2237819 AND 2237919
	Index Scan using sbtest4_pkey on sbtest4  (cost=0.43..387.47 rows=97 width=125)
	  Index Cond: ((id >= 2237819) AND (id <= 2237919))

table 5 : explain SELECT id, c FROM sbtest5 WHERE id BETWEEN 2237819 AND 2237919
	Index Scan using sbtest5_pkey on sbtest5  (cost=0.43..409.63 rows=103 width=125)
	  Index Cond: ((id >= 2237819) AND (id <= 2237919))

table 6 : explain SELECT id, c FROM sbtest6 WHERE id BETWEEN 2237819 AND 2237919
	Index Scan using sbtest6_pkey on sbtest6  (cost=0.43..417.01 rows=105 width=125)
	  Index Cond: ((id >= 2237819) AND (id <= 2237919))

table 7 : explain SELECT id, c FROM sbtest7 WHERE id BETWEEN 2237819 AND 2237919
	Index Scan using sbtest7_pkey on sbtest7  (cost=0.43..424.72 rows=107 width=125)
	  Index Cond: ((id >= 2237819) AND (id <= 2237919))

table 8 : explain SELECT id, c FROM sbtest8 WHERE id BETWEEN 2237819 AND 2237919
	Index Scan using sbtest8_pkey on sbtest8  (cost=0.43..365.76 rows=92 width=125)
	  Index Cond: ((id >= 2237819) AND (id <= 2237919))

for range-notcovered
table 1 : explain SELECT id, c FROM sbtest1 WHERE id BETWEEN 3285377 AND 3285477
	Index Scan using sbtest1_pkey on sbtest1  (cost=0.43..428.77 rows=108 width=125)
	  Index Cond: ((id >= 3285377) AND (id <= 3285477))

table 2 : explain SELECT id, c FROM sbtest2 WHERE id BETWEEN 3285377 AND 3285477
	Index Scan using sbtest2_pkey on sbtest2  (cost=0.43..417.86 rows=105 width=125)
	  Index Cond: ((id >= 3285377) AND (id <= 3285477))

table 3 : explain SELECT id, c FROM sbtest3 WHERE id BETWEEN 3285377 AND 3285477
	Index Scan using sbtest3_pkey on sbtest3  (cost=0.43..409.22 rows=103 width=125)
	  Index Cond: ((id >= 3285377) AND (id <= 3285477))

table 4 : explain SELECT id, c FROM sbtest4 WHERE id BETWEEN 3285377 AND 3285477
	Index Scan using sbtest4_pkey on sbtest4  (cost=0.43..403.25 rows=101 width=125)
	  Index Cond: ((id >= 3285377) AND (id <= 3285477))

table 5 : explain SELECT id, c FROM sbtest5 WHERE id BETWEEN 3285377 AND 3285477
	Index Scan using sbtest5_pkey on sbtest5  (cost=0.43..413.56 rows=104 width=125)
	  Index Cond: ((id >= 3285377) AND (id <= 3285477))

table 6 : explain SELECT id, c FROM sbtest6 WHERE id BETWEEN 3285377 AND 3285477
	Index Scan using sbtest6_pkey on sbtest6  (cost=0.43..365.93 rows=92 width=125)
	  Index Cond: ((id >= 3285377) AND (id <= 3285477))

table 7 : explain SELECT id, c FROM sbtest7 WHERE id BETWEEN 3285377 AND 3285477
	Index Scan using sbtest7_pkey on sbtest7  (cost=0.43..409.02 rows=103 width=125)
	  Index Cond: ((id >= 3285377) AND (id <= 3285477))

table 8 : explain SELECT id, c FROM sbtest8 WHERE id BETWEEN 3285377 AND 3285477
	Index Scan using sbtest8_pkey on sbtest8  (cost=0.43..369.68 rows=93 width=125)
	  Index Cond: ((id >= 3285377) AND (id <= 3285477))

explain: for range-notcovered :: explain SELECT id, c FROM sbtest%d WHERE id BETWEEN 3285377 AND 3285477
for range-notcovered
table 1 : explain SELECT id, c FROM sbtest1 WHERE id BETWEEN 5029292 AND 5029392
	Index Scan using sbtest1_pkey on sbtest1  (cost=0.43..436.62 rows=110 width=125)
	  Index Cond: ((id >= 5029292) AND (id <= 5029392))

table 2 : explain SELECT id, c FROM sbtest2 WHERE id BETWEEN 5029292 AND 5029392
	Index Scan using sbtest2_pkey on sbtest2  (cost=0.43..433.60 rows=109 width=125)
	  Index Cond: ((id >= 5029292) AND (id <= 5029392))

table 3 : explain SELECT id, c FROM sbtest3 WHERE id BETWEEN 5029292 AND 5029392
	Index Scan using sbtest3_pkey on sbtest3  (cost=0.43..440.65 rows=111 width=125)
	  Index Cond: ((id >= 5029292) AND (id <= 5029392))

table 4 : explain SELECT id, c FROM sbtest4 WHERE id BETWEEN 5029292 AND 5029392
	Index Scan using sbtest4_pkey on sbtest4  (cost=0.43..391.41 rows=98 width=125)
	  Index Cond: ((id >= 5029292) AND (id <= 5029392))

table 5 : explain SELECT id, c FROM sbtest5 WHERE id BETWEEN 5029292 AND 5029392
	Index Scan using sbtest5_pkey on sbtest5  (cost=0.43..397.83 rows=100 width=125)
	  Index Cond: ((id >= 5029292) AND (id <= 5029392))

table 6 : explain SELECT id, c FROM sbtest6 WHERE id BETWEEN 5029292 AND 5029392
	Index Scan using sbtest6_pkey on sbtest6  (cost=0.43..381.66 rows=96 width=125)
	  Index Cond: ((id >= 5029292) AND (id <= 5029392))

table 7 : explain SELECT id, c FROM sbtest7 WHERE id BETWEEN 5029292 AND 5029392
	Index Scan using sbtest7_pkey on sbtest7  (cost=0.43..436.50 rows=110 width=125)
	  Index Cond: ((id >= 5029292) AND (id <= 5029392))

table 8 : explain SELECT id, c FROM sbtest8 WHERE id BETWEEN 5029292 AND 5029392
	Index Scan using sbtest8_pkey on sbtest8  (cost=0.43..416.82 rows=105 width=125)
	  Index Cond: ((id >= 5029292) AND (id <= 5029392))

explain: for range-notcovered :: explain SELECT id, c FROM sbtest%d WHERE id BETWEEN 5029292 AND 5029392
for range-notcovered
table 1 : explain SELECT id, c FROM sbtest1 WHERE id BETWEEN 8693488 AND 8693588
	Index Scan using sbtest1_pkey on sbtest1  (cost=0.43..365.90 rows=92 width=125)
	  Index Cond: ((id >= 8693488) AND (id <= 8693588))

table 2 : explain SELECT id, c FROM sbtest2 WHERE id BETWEEN 8693488 AND 8693588
	Index Scan using sbtest2_pkey on sbtest2  (cost=0.43..374.56 rows=94 width=125)
	  Index Cond: ((id >= 8693488) AND (id <= 8693588))

table 3 : explain SELECT id, c FROM sbtest3 WHERE id BETWEEN 8693488 AND 8693588
	Index Scan using sbtest3_pkey on sbtest3  (cost=0.43..440.65 rows=111 width=125)
	  Index Cond: ((id >= 8693488) AND (id <= 8693588))

table 4 : explain SELECT id, c FROM sbtest4 WHERE id BETWEEN 8693488 AND 8693588
	Index Scan using sbtest4_pkey on sbtest4  (cost=0.43..415.10 rows=104 width=125)
	  Index Cond: ((id >= 8693488) AND (id <= 8693588))

table 5 : explain SELECT id, c FROM sbtest5 WHERE id BETWEEN 8693488 AND 8693588
	Index Scan using sbtest5_pkey on sbtest5  (cost=0.43..378.17 rows=95 width=125)
	  Index Cond: ((id >= 8693488) AND (id <= 8693588))

table 6 : explain SELECT id, c FROM sbtest6 WHERE id BETWEEN 8693488 AND 8693588
	Index Scan using sbtest6_pkey on sbtest6  (cost=0.43..440.58 rows=111 width=125)
	  Index Cond: ((id >= 8693488) AND (id <= 8693588))

table 7 : explain SELECT id, c FROM sbtest7 WHERE id BETWEEN 8693488 AND 8693588
	Index Scan using sbtest7_pkey on sbtest7  (cost=0.43..377.61 rows=95 width=125)
	  Index Cond: ((id >= 8693488) AND (id <= 8693588))

table 8 : explain SELECT id, c FROM sbtest8 WHERE id BETWEEN 8693488 AND 8693588
	Index Scan using sbtest8_pkey on sbtest8  (cost=0.43..416.82 rows=105 width=125)
	  Index Cond: ((id >= 8693488) AND (id <= 8693588))

explain: for range-notcovered :: explain SELECT id, c FROM sbtest%d WHERE id BETWEEN 8693488 AND 8693588
for range-notcovered
table 1 : explain SELECT id, c FROM sbtest1 WHERE id BETWEEN 3285377 AND 3285477
	Index Scan using sbtest1_pkey on sbtest1  (cost=0.43..428.77 rows=108 width=125)
	  Index Cond: ((id >= 3285377) AND (id <= 3285477))

table 2 : explain SELECT id, c FROM sbtest2 WHERE id BETWEEN 3285377 AND 3285477
	Index Scan using sbtest2_pkey on sbtest2  (cost=0.43..417.86 rows=105 width=125)
	  Index Cond: ((id >= 3285377) AND (id <= 3285477))

table 3 : explain SELECT id, c FROM sbtest3 WHERE id BETWEEN 3285377 AND 3285477
	Index Scan using sbtest3_pkey on sbtest3  (cost=0.43..409.22 rows=103 width=125)
	  Index Cond: ((id >= 3285377) AND (id <= 3285477))

table 4 : explain SELECT id, c FROM sbtest4 WHERE id BETWEEN 3285377 AND 3285477
	Index Scan using sbtest4_pkey on sbtest4  (cost=0.43..403.25 rows=101 width=125)
	  Index Cond: ((id >= 3285377) AND (id <= 3285477))

table 5 : explain SELECT id, c FROM sbtest5 WHERE id BETWEEN 3285377 AND 3285477
	Index Scan using sbtest5_pkey on sbtest5  (cost=0.43..413.56 rows=104 width=125)
	  Index Cond: ((id >= 3285377) AND (id <= 3285477))

table 6 : explain SELECT id, c FROM sbtest6 WHERE id BETWEEN 3285377 AND 3285477
	Index Scan using sbtest6_pkey on sbtest6  (cost=0.43..365.93 rows=92 width=125)
	  Index Cond: ((id >= 3285377) AND (id <= 3285477))

table 7 : explain SELECT id, c FROM sbtest7 WHERE id BETWEEN 3285377 AND 3285477
	Index Scan using sbtest7_pkey on sbtest7  (cost=0.43..409.02 rows=103 width=125)
	  Index Cond: ((id >= 3285377) AND (id <= 3285477))

table 8 : explain SELECT id, c FROM sbtest8 WHERE id BETWEEN 3285377 AND 3285477
	Index Scan using sbtest8_pkey on sbtest8  (cost=0.43..369.68 rows=93 width=125)
	  Index Cond: ((id >= 3285377) AND (id <= 3285477))

explain: for range-notcovered :: explain SELECT id, c FROM sbtest%d WHERE id BETWEEN 3285377 AND 3285477
for range-notcovered
table 1 : explain SELECT id, c FROM sbtest1 WHERE id BETWEEN 5029292 AND 5029392
	Index Scan using sbtest1_pkey on sbtest1  (cost=0.43..436.62 rows=110 width=125)
	  Index Cond: ((id >= 5029292) AND (id <= 5029392))

table 2 : explain SELECT id, c FROM sbtest2 WHERE id BETWEEN 5029292 AND 5029392
	Index Scan using sbtest2_pkey on sbtest2  (cost=0.43..433.60 rows=109 width=125)
	  Index Cond: ((id >= 5029292) AND (id <= 5029392))

table 3 : explain SELECT id, c FROM sbtest3 WHERE id BETWEEN 5029292 AND 5029392
	Index Scan using sbtest3_pkey on sbtest3  (cost=0.43..440.65 rows=111 width=125)
	  Index Cond: ((id >= 5029292) AND (id <= 5029392))

table 4 : explain SELECT id, c FROM sbtest4 WHERE id BETWEEN 5029292 AND 5029392
	Index Scan using sbtest4_pkey on sbtest4  (cost=0.43..391.41 rows=98 width=125)
	  Index Cond: ((id >= 5029292) AND (id <= 5029392))

table 5 : explain SELECT id, c FROM sbtest5 WHERE id BETWEEN 5029292 AND 5029392
	Index Scan using sbtest5_pkey on sbtest5  (cost=0.43..397.83 rows=100 width=125)
	  Index Cond: ((id >= 5029292) AND (id <= 5029392))

table 6 : explain SELECT id, c FROM sbtest6 WHERE id BETWEEN 5029292 AND 5029392
	Index Scan using sbtest6_pkey on sbtest6  (cost=0.43..381.66 rows=96 width=125)
	  Index Cond: ((id >= 5029292) AND (id <= 5029392))

table 7 : explain SELECT id, c FROM sbtest7 WHERE id BETWEEN 5029292 AND 5029392
	Index Scan using sbtest7_pkey on sbtest7  (cost=0.43..436.50 rows=110 width=125)
	  Index Cond: ((id >= 5029292) AND (id <= 5029392))

table 8 : explain SELECT id, c FROM sbtest8 WHERE id BETWEEN 5029292 AND 5029392
	Index Scan using sbtest8_pkey on sbtest8  (cost=0.43..416.82 rows=105 width=125)
	  Index Cond: ((id >= 5029292) AND (id <= 5029392))

explain: for range-notcovered :: explain SELECT id, c FROM sbtest%d WHERE id BETWEEN 5029292 AND 5029392
for range-notcovered
table 1 : explain SELECT id, c FROM sbtest1 WHERE id BETWEEN 8693488 AND 8693588
	Index Scan using sbtest1_pkey on sbtest1  (cost=0.43..365.90 rows=92 width=125)
	  Index Cond: ((id >= 8693488) AND (id <= 8693588))

table 2 : explain SELECT id, c FROM sbtest2 WHERE id BETWEEN 8693488 AND 8693588
	Index Scan using sbtest2_pkey on sbtest2  (cost=0.43..374.56 rows=94 width=125)
	  Index Cond: ((id >= 8693488) AND (id <= 8693588))

table 3 : explain SELECT id, c FROM sbtest3 WHERE id BETWEEN 8693488 AND 8693588
	Index Scan using sbtest3_pkey on sbtest3  (cost=0.43..440.65 rows=111 width=125)
	  Index Cond: ((id >= 8693488) AND (id <= 8693588))

table 4 : explain SELECT id, c FROM sbtest4 WHERE id BETWEEN 8693488 AND 8693588
	Index Scan using sbtest4_pkey on sbtest4  (cost=0.43..415.10 rows=104 width=125)
	  Index Cond: ((id >= 8693488) AND (id <= 8693588))

table 5 : explain SELECT id, c FROM sbtest5 WHERE id BETWEEN 8693488 AND 8693588
	Index Scan using sbtest5_pkey on sbtest5  (cost=0.43..378.17 rows=95 width=125)
	  Index Cond: ((id >= 8693488) AND (id <= 8693588))

table 6 : explain SELECT id, c FROM sbtest6 WHERE id BETWEEN 8693488 AND 8693588
	Index Scan using sbtest6_pkey on sbtest6  (cost=0.43..440.58 rows=111 width=125)
	  Index Cond: ((id >= 8693488) AND (id <= 8693588))

table 7 : explain SELECT id, c FROM sbtest7 WHERE id BETWEEN 8693488 AND 8693588
	Index Scan using sbtest7_pkey on sbtest7  (cost=0.43..377.61 rows=95 width=125)
	  Index Cond: ((id >= 8693488) AND (id <= 8693588))

table 8 : explain SELECT id, c FROM sbtest8 WHERE id BETWEEN 8693488 AND 8693588
	Index Scan using sbtest8_pkey on sbtest8  (cost=0.43..416.82 rows=105 width=125)
	  Index Cond: ((id >= 8693488) AND (id <= 8693588))

explain: for range-notcovered :: explain SELECT id, c FROM sbtest%d WHERE id BETWEEN 8693488 AND 8693588
for range-notcovered
table 1 : explain SELECT id, c FROM sbtest1 WHERE id BETWEEN 3285377 AND 3285477
	Index Scan using sbtest1_pkey on sbtest1  (cost=0.43..428.77 rows=108 width=125)
	  Index Cond: ((id >= 3285377) AND (id <= 3285477))

table 2 : explain SELECT id, c FROM sbtest2 WHERE id BETWEEN 3285377 AND 3285477
	Index Scan using sbtest2_pkey on sbtest2  (cost=0.43..417.86 rows=105 width=125)
	  Index Cond: ((id >= 3285377) AND (id <= 3285477))

table 3 : explain SELECT id, c FROM sbtest3 WHERE id BETWEEN 3285377 AND 3285477
	Index Scan using sbtest3_pkey on sbtest3  (cost=0.43..409.22 rows=103 width=125)
	  Index Cond: ((id >= 3285377) AND (id <= 3285477))

table 4 : explain SELECT id, c FROM sbtest4 WHERE id BETWEEN 3285377 AND 3285477
	Index Scan using sbtest4_pkey on sbtest4  (cost=0.43..403.25 rows=101 width=125)
	  Index Cond: ((id >= 3285377) AND (id <= 3285477))

table 5 : explain SELECT id, c FROM sbtest5 WHERE id BETWEEN 3285377 AND 3285477
	Index Scan using sbtest5_pkey on sbtest5  (cost=0.43..413.56 rows=104 width=125)
	  Index Cond: ((id >= 3285377) AND (id <= 3285477))

table 6 : explain SELECT id, c FROM sbtest6 WHERE id BETWEEN 3285377 AND 3285477
	Index Scan using sbtest6_pkey on sbtest6  (cost=0.43..365.93 rows=92 width=125)
	  Index Cond: ((id >= 3285377) AND (id <= 3285477))

table 7 : explain SELECT id, c FROM sbtest7 WHERE id BETWEEN 3285377 AND 3285477
	Index Scan using sbtest7_pkey on sbtest7  (cost=0.43..409.02 rows=103 width=125)
	  Index Cond: ((id >= 3285377) AND (id <= 3285477))

table 8 : explain SELECT id, c FROM sbtest8 WHERE id BETWEEN 3285377 AND 3285477
	Index Scan using sbtest8_pkey on sbtest8  (cost=0.43..369.68 rows=93 width=125)
	  Index Cond: ((id >= 3285377) AND (id <= 3285477))

for range-notcovered
table 1 : explain SELECT id, c FROM sbtest1 WHERE id BETWEEN 4549993 AND 4550093
	Index Scan using sbtest1_pkey on sbtest1  (cost=0.43..385.56 rows=97 width=125)
	  Index Cond: ((id >= 4549993) AND (id <= 4550093))

table 2 : explain SELECT id, c FROM sbtest2 WHERE id BETWEEN 4549993 AND 4550093
	Index Scan using sbtest2_pkey on sbtest2  (cost=0.43..366.67 rows=92 width=125)
	  Index Cond: ((id >= 4549993) AND (id <= 4550093))

table 3 : explain SELECT id, c FROM sbtest3 WHERE id BETWEEN 4549993 AND 4550093
	Index Scan using sbtest3_pkey on sbtest3  (cost=0.43..389.58 rows=98 width=125)
	  Index Cond: ((id >= 4549993) AND (id <= 4550093))

table 4 : explain SELECT id, c FROM sbtest4 WHERE id BETWEEN 4549993 AND 4550093
	Index Scan using sbtest4_pkey on sbtest4  (cost=0.43..450.62 rows=113 width=125)
	  Index Cond: ((id >= 4549993) AND (id <= 4550093))

table 5 : explain SELECT id, c FROM sbtest5 WHERE id BETWEEN 4549993 AND 4550093
	Index Scan using sbtest5_pkey on sbtest5  (cost=0.43..429.29 rows=108 width=125)
	  Index Cond: ((id >= 4549993) AND (id <= 4550093))

table 6 : explain SELECT id, c FROM sbtest6 WHERE id BETWEEN 4549993 AND 4550093
	Index Scan using sbtest6_pkey on sbtest6  (cost=0.43..424.86 rows=107 width=125)
	  Index Cond: ((id >= 4549993) AND (id <= 4550093))

table 7 : explain SELECT id, c FROM sbtest7 WHERE id BETWEEN 4549993 AND 4550093
	Index Scan using sbtest7_pkey on sbtest7  (cost=0.43..412.94 rows=104 width=125)
	  Index Cond: ((id >= 4549993) AND (id <= 4550093))

table 8 : explain SELECT id, c FROM sbtest8 WHERE id BETWEEN 4549993 AND 4550093
	Index Scan using sbtest8_pkey on sbtest8  (cost=0.43..389.33 rows=98 width=125)
	  Index Cond: ((id >= 4549993) AND (id <= 4550093))

explain: for range-notcovered :: explain SELECT id, c FROM sbtest%d WHERE id BETWEEN 3285377 AND 3285477
explain: for range-notcovered :: explain SELECT id, c FROM sbtest%d WHERE id BETWEEN 4549993 AND 4550093
for range-notcovered
table 1 : explain SELECT id, c FROM sbtest1 WHERE id BETWEEN 5029292 AND 5029392
	Index Scan using sbtest1_pkey on sbtest1  (cost=0.43..436.62 rows=110 width=125)
	  Index Cond: ((id >= 5029292) AND (id <= 5029392))

table 2 : explain SELECT id, c FROM sbtest2 WHERE id BETWEEN 5029292 AND 5029392
	Index Scan using sbtest2_pkey on sbtest2  (cost=0.43..433.60 rows=109 width=125)
	  Index Cond: ((id >= 5029292) AND (id <= 5029392))

table 3 : explain SELECT id, c FROM sbtest3 WHERE id BETWEEN 5029292 AND 5029392
	Index Scan using sbtest3_pkey on sbtest3  (cost=0.43..440.65 rows=111 width=125)
	  Index Cond: ((id >= 5029292) AND (id <= 5029392))

table 4 : explain SELECT id, c FROM sbtest4 WHERE id BETWEEN 5029292 AND 5029392
	Index Scan using sbtest4_pkey on sbtest4  (cost=0.43..391.41 rows=98 width=125)
	  Index Cond: ((id >= 5029292) AND (id <= 5029392))

table 5 : explain SELECT id, c FROM sbtest5 WHERE id BETWEEN 5029292 AND 5029392
	Index Scan using sbtest5_pkey on sbtest5  (cost=0.43..397.83 rows=100 width=125)
	  Index Cond: ((id >= 5029292) AND (id <= 5029392))

table 6 : explain SELECT id, c FROM sbtest6 WHERE id BETWEEN 5029292 AND 5029392
	Index Scan using sbtest6_pkey on sbtest6  (cost=0.43..381.66 rows=96 width=125)
	  Index Cond: ((id >= 5029292) AND (id <= 5029392))

table 7 : explain SELECT id, c FROM sbtest7 WHERE id BETWEEN 5029292 AND 5029392
	Index Scan using sbtest7_pkey on sbtest7  (cost=0.43..436.50 rows=110 width=125)
	  Index Cond: ((id >= 5029292) AND (id <= 5029392))

table 8 : explain SELECT id, c FROM sbtest8 WHERE id BETWEEN 5029292 AND 5029392
	Index Scan using sbtest8_pkey on sbtest8  (cost=0.43..416.82 rows=105 width=125)
	  Index Cond: ((id >= 5029292) AND (id <= 5029392))

explain: for range-notcovered :: explain SELECT id, c FROM sbtest%d WHERE id BETWEEN 6090448 AND 6090548
explain: for range-notcovered :: explain SELECT id, c FROM sbtest%d WHERE id BETWEEN 5029292 AND 5029392
for range-notcovered
table 1 : explain SELECT id, c FROM sbtest1 WHERE id BETWEEN 8693488 AND 8693588
	Index Scan using sbtest1_pkey on sbtest1  (cost=0.43..365.90 rows=92 width=125)
	  Index Cond: ((id >= 8693488) AND (id <= 8693588))

table 2 : explain SELECT id, c FROM sbtest2 WHERE id BETWEEN 8693488 AND 8693588
	Index Scan using sbtest2_pkey on sbtest2  (cost=0.43..374.56 rows=94 width=125)
	  Index Cond: ((id >= 8693488) AND (id <= 8693588))

table 3 : explain SELECT id, c FROM sbtest3 WHERE id BETWEEN 8693488 AND 8693588
	Index Scan using sbtest3_pkey on sbtest3  (cost=0.43..440.65 rows=111 width=125)
	  Index Cond: ((id >= 8693488) AND (id <= 8693588))

table 4 : explain SELECT id, c FROM sbtest4 WHERE id BETWEEN 8693488 AND 8693588
	Index Scan using sbtest4_pkey on sbtest4  (cost=0.43..415.10 rows=104 width=125)
	  Index Cond: ((id >= 8693488) AND (id <= 8693588))

table 5 : explain SELECT id, c FROM sbtest5 WHERE id BETWEEN 8693488 AND 8693588
	Index Scan using sbtest5_pkey on sbtest5  (cost=0.43..378.17 rows=95 width=125)
	  Index Cond: ((id >= 8693488) AND (id <= 8693588))

table 6 : explain SELECT id, c FROM sbtest6 WHERE id BETWEEN 8693488 AND 8693588
	Index Scan using sbtest6_pkey on sbtest6  (cost=0.43..440.58 rows=111 width=125)
	  Index Cond: ((id >= 8693488) AND (id <= 8693588))

table 7 : explain SELECT id, c FROM sbtest7 WHERE id BETWEEN 8693488 AND 8693588
	Index Scan using sbtest7_pkey on sbtest7  (cost=0.43..377.61 rows=95 width=125)
	  Index Cond: ((id >= 8693488) AND (id <= 8693588))

table 8 : explain SELECT id, c FROM sbtest8 WHERE id BETWEEN 8693488 AND 8693588
	Index Scan using sbtest8_pkey on sbtest8  (cost=0.43..416.82 rows=105 width=125)
	  Index Cond: ((id >= 8693488) AND (id <= 8693588))

explain: for range-notcovered :: explain SELECT id, c FROM sbtest%d WHERE id BETWEEN 3142001 AND 3142101
explain: for range-notcovered :: explain SELECT id, c FROM sbtest%d WHERE id BETWEEN 8693488 AND 8693588
for range-notcovered
table 1 : explain SELECT id, c FROM sbtest1 WHERE id BETWEEN 3285377 AND 3285477
	Index Scan using sbtest1_pkey on sbtest1  (cost=0.43..428.77 rows=108 width=125)
	  Index Cond: ((id >= 3285377) AND (id <= 3285477))

table 2 : explain SELECT id, c FROM sbtest2 WHERE id BETWEEN 3285377 AND 3285477
	Index Scan using sbtest2_pkey on sbtest2  (cost=0.43..417.86 rows=105 width=125)
	  Index Cond: ((id >= 3285377) AND (id <= 3285477))

table 3 : explain SELECT id, c FROM sbtest3 WHERE id BETWEEN 3285377 AND 3285477
	Index Scan using sbtest3_pkey on sbtest3  (cost=0.43..409.22 rows=103 width=125)
	  Index Cond: ((id >= 3285377) AND (id <= 3285477))

table 4 : explain SELECT id, c FROM sbtest4 WHERE id BETWEEN 3285377 AND 3285477
	Index Scan using sbtest4_pkey on sbtest4  (cost=0.43..403.25 rows=101 width=125)
	  Index Cond: ((id >= 3285377) AND (id <= 3285477))

table 5 : explain SELECT id, c FROM sbtest5 WHERE id BETWEEN 3285377 AND 3285477
	Index Scan using sbtest5_pkey on sbtest5  (cost=0.43..413.56 rows=104 width=125)
	  Index Cond: ((id >= 3285377) AND (id <= 3285477))

table 6 : explain SELECT id, c FROM sbtest6 WHERE id BETWEEN 3285377 AND 3285477
	Index Scan using sbtest6_pkey on sbtest6  (cost=0.43..365.93 rows=92 width=125)
	  Index Cond: ((id >= 3285377) AND (id <= 3285477))

table 7 : explain SELECT id, c FROM sbtest7 WHERE id BETWEEN 3285377 AND 3285477
	Index Scan using sbtest7_pkey on sbtest7  (cost=0.43..409.02 rows=103 width=125)
	  Index Cond: ((id >= 3285377) AND (id <= 3285477))

table 8 : explain SELECT id, c FROM sbtest8 WHERE id BETWEEN 3285377 AND 3285477
	Index Scan using sbtest8_pkey on sbtest8  (cost=0.43..369.68 rows=93 width=125)
	  Index Cond: ((id >= 3285377) AND (id <= 3285477))

explain: for range-notcovered :: explain SELECT id, c FROM sbtest%d WHERE id BETWEEN 3285377 AND 3285477
for range-notcovered
table 1 : explain SELECT id, c FROM sbtest1 WHERE id BETWEEN 4549993 AND 4550093
	Index Scan using sbtest1_pkey on sbtest1  (cost=0.43..385.56 rows=97 width=125)
	  Index Cond: ((id >= 4549993) AND (id <= 4550093))

table 2 : explain SELECT id, c FROM sbtest2 WHERE id BETWEEN 4549993 AND 4550093
	Index Scan using sbtest2_pkey on sbtest2  (cost=0.43..366.67 rows=92 width=125)
	  Index Cond: ((id >= 4549993) AND (id <= 4550093))

table 3 : explain SELECT id, c FROM sbtest3 WHERE id BETWEEN 4549993 AND 4550093
	Index Scan using sbtest3_pkey on sbtest3  (cost=0.43..389.58 rows=98 width=125)
	  Index Cond: ((id >= 4549993) AND (id <= 4550093))

table 4 : explain SELECT id, c FROM sbtest4 WHERE id BETWEEN 4549993 AND 4550093
	Index Scan using sbtest4_pkey on sbtest4  (cost=0.43..450.62 rows=113 width=125)
	  Index Cond: ((id >= 4549993) AND (id <= 4550093))

table 5 : explain SELECT id, c FROM sbtest5 WHERE id BETWEEN 4549993 AND 4550093
	Index Scan using sbtest5_pkey on sbtest5  (cost=0.43..429.29 rows=108 width=125)
	  Index Cond: ((id >= 4549993) AND (id <= 4550093))

table 6 : explain SELECT id, c FROM sbtest6 WHERE id BETWEEN 4549993 AND 4550093
	Index Scan using sbtest6_pkey on sbtest6  (cost=0.43..424.86 rows=107 width=125)
	  Index Cond: ((id >= 4549993) AND (id <= 4550093))

table 7 : explain SELECT id, c FROM sbtest7 WHERE id BETWEEN 4549993 AND 4550093
	Index Scan using sbtest7_pkey on sbtest7  (cost=0.43..412.94 rows=104 width=125)
	  Index Cond: ((id >= 4549993) AND (id <= 4550093))

table 8 : explain SELECT id, c FROM sbtest8 WHERE id BETWEEN 4549993 AND 4550093
	Index Scan using sbtest8_pkey on sbtest8  (cost=0.43..389.33 rows=98 width=125)
	  Index Cond: ((id >= 4549993) AND (id <= 4550093))

for range-notcovered
table 1 : explain SELECT id, c FROM sbtest1 WHERE id BETWEEN 5029292 AND 5029392
	Index Scan using sbtest1_pkey on sbtest1  (cost=0.43..436.62 rows=110 width=125)
	  Index Cond: ((id >= 5029292) AND (id <= 5029392))

table 2 : explain SELECT id, c FROM sbtest2 WHERE id BETWEEN 5029292 AND 5029392
	Index Scan using sbtest2_pkey on sbtest2  (cost=0.43..433.60 rows=109 width=125)
	  Index Cond: ((id >= 5029292) AND (id <= 5029392))

table 3 : explain SELECT id, c FROM sbtest3 WHERE id BETWEEN 5029292 AND 5029392
	Index Scan using sbtest3_pkey on sbtest3  (cost=0.43..440.65 rows=111 width=125)
	  Index Cond: ((id >= 5029292) AND (id <= 5029392))

table 4 : explain SELECT id, c FROM sbtest4 WHERE id BETWEEN 5029292 AND 5029392
	Index Scan using sbtest4_pkey on sbtest4  (cost=0.43..391.41 rows=98 width=125)
	  Index Cond: ((id >= 5029292) AND (id <= 5029392))

table 5 : explain SELECT id, c FROM sbtest5 WHERE id BETWEEN 5029292 AND 5029392
	Index Scan using sbtest5_pkey on sbtest5  (cost=0.43..397.83 rows=100 width=125)
	  Index Cond: ((id >= 5029292) AND (id <= 5029392))

table 6 : explain SELECT id, c FROM sbtest6 WHERE id BETWEEN 5029292 AND 5029392
	Index Scan using sbtest6_pkey on sbtest6  (cost=0.43..381.66 rows=96 width=125)
	  Index Cond: ((id >= 5029292) AND (id <= 5029392))

table 7 : explain SELECT id, c FROM sbtest7 WHERE id BETWEEN 5029292 AND 5029392
	Index Scan using sbtest7_pkey on sbtest7  (cost=0.43..436.50 rows=110 width=125)
	  Index Cond: ((id >= 5029292) AND (id <= 5029392))

table 8 : explain SELECT id, c FROM sbtest8 WHERE id BETWEEN 5029292 AND 5029392
	Index Scan using sbtest8_pkey on sbtest8  (cost=0.43..416.82 rows=105 width=125)
	  Index Cond: ((id >= 5029292) AND (id <= 5029392))

explain: for range-notcovered :: explain SELECT id, c FROM sbtest%d WHERE id BETWEEN 4549993 AND 4550093
explain: for range-notcovered :: explain SELECT id, c FROM sbtest%d WHERE id BETWEEN 5029292 AND 5029392
for range-notcovered
table 1 : explain SELECT id, c FROM sbtest1 WHERE id BETWEEN 8693488 AND 8693588
	Index Scan using sbtest1_pkey on sbtest1  (cost=0.43..365.90 rows=92 width=125)
	  Index Cond: ((id >= 8693488) AND (id <= 8693588))

table 2 : explain SELECT id, c FROM sbtest2 WHERE id BETWEEN 8693488 AND 8693588
	Index Scan using sbtest2_pkey on sbtest2  (cost=0.43..374.56 rows=94 width=125)
	  Index Cond: ((id >= 8693488) AND (id <= 8693588))

table 3 : explain SELECT id, c FROM sbtest3 WHERE id BETWEEN 8693488 AND 8693588
	Index Scan using sbtest3_pkey on sbtest3  (cost=0.43..440.65 rows=111 width=125)
	  Index Cond: ((id >= 8693488) AND (id <= 8693588))

table 4 : explain SELECT id, c FROM sbtest4 WHERE id BETWEEN 8693488 AND 8693588
	Index Scan using sbtest4_pkey on sbtest4  (cost=0.43..415.10 rows=104 width=125)
	  Index Cond: ((id >= 8693488) AND (id <= 8693588))

table 5 : explain SELECT id, c FROM sbtest5 WHERE id BETWEEN 8693488 AND 8693588
	Index Scan using sbtest5_pkey on sbtest5  (cost=0.43..378.17 rows=95 width=125)
	  Index Cond: ((id >= 8693488) AND (id <= 8693588))

table 6 : explain SELECT id, c FROM sbtest6 WHERE id BETWEEN 8693488 AND 8693588
	Index Scan using sbtest6_pkey on sbtest6  (cost=0.43..440.58 rows=111 width=125)
	  Index Cond: ((id >= 8693488) AND (id <= 8693588))

table 7 : explain SELECT id, c FROM sbtest7 WHERE id BETWEEN 8693488 AND 8693588
	Index Scan using sbtest7_pkey on sbtest7  (cost=0.43..377.61 rows=95 width=125)
	  Index Cond: ((id >= 8693488) AND (id <= 8693588))

table 8 : explain SELECT id, c FROM sbtest8 WHERE id BETWEEN 8693488 AND 8693588
	Index Scan using sbtest8_pkey on sbtest8  (cost=0.43..416.82 rows=105 width=125)
	  Index Cond: ((id >= 8693488) AND (id <= 8693588))

for range-notcovered
table 1 : explain SELECT id, c FROM sbtest1 WHERE id BETWEEN 5468836 AND 5468936
	Index Scan using sbtest1_pkey on sbtest1  (cost=0.43..377.71 rows=95 width=125)
	  Index Cond: ((id >= 5468836) AND (id <= 5468936))

table 2 : explain SELECT id, c FROM sbtest2 WHERE id BETWEEN 5468836 AND 5468936
	Index Scan using sbtest2_pkey on sbtest2  (cost=0.43..346.99 rows=87 width=125)
	  Index Cond: ((id >= 5468836) AND (id <= 5468936))

table 3 : explain SELECT id, c FROM sbtest3 WHERE id BETWEEN 5468836 AND 5468936
	Index Scan using sbtest3_pkey on sbtest3  (cost=0.43..444.58 rows=112 width=125)
	  Index Cond: ((id >= 5468836) AND (id <= 5468936))

table 4 : explain SELECT id, c FROM sbtest4 WHERE id BETWEEN 5468836 AND 5468936
	Index Scan using sbtest4_pkey on sbtest4  (cost=0.43..462.47 rows=116 width=125)
	  Index Cond: ((id >= 5468836) AND (id <= 5468936))

table 5 : explain SELECT id, c FROM sbtest5 WHERE id BETWEEN 5468836 AND 5468936
	Index Scan using sbtest5_pkey on sbtest5  (cost=0.43..389.97 rows=98 width=125)
	  Index Cond: ((id >= 5468836) AND (id <= 5468936))

table 6 : explain SELECT id, c FROM sbtest6 WHERE id BETWEEN 5468836 AND 5468936
	Index Scan using sbtest6_pkey on sbtest6  (cost=0.43..389.51 rows=98 width=125)
	  Index Cond: ((id >= 5468836) AND (id <= 5468936))

table 7 : explain SELECT id, c FROM sbtest7 WHERE id BETWEEN 5468836 AND 5468936
	Index Scan using sbtest7_pkey on sbtest7  (cost=0.43..389.39 rows=98 width=125)
	  Index Cond: ((id >= 5468836) AND (id <= 5468936))

table 8 : explain SELECT id, c FROM sbtest8 WHERE id BETWEEN 5468836 AND 5468936
	Index Scan using sbtest8_pkey on sbtest8  (cost=0.43..456.07 rows=115 width=125)
	  Index Cond: ((id >= 5468836) AND (id <= 5468936))

explain: for range-notcovered :: explain SELECT id, c FROM sbtest%d WHERE id BETWEEN 2730446 AND 2730546
explain: for range-notcovered :: explain SELECT id, c FROM sbtest%d WHERE id BETWEEN 5468836 AND 5468936
for range-notcovered
table 1 : explain SELECT id, c FROM sbtest1 WHERE id BETWEEN 3285377 AND 3285477
	Index Scan using sbtest1_pkey on sbtest1  (cost=0.43..428.77 rows=108 width=125)
	  Index Cond: ((id >= 3285377) AND (id <= 3285477))

table 2 : explain SELECT id, c FROM sbtest2 WHERE id BETWEEN 3285377 AND 3285477
	Index Scan using sbtest2_pkey on sbtest2  (cost=0.43..417.86 rows=105 width=125)
	  Index Cond: ((id >= 3285377) AND (id <= 3285477))

table 3 : explain SELECT id, c FROM sbtest3 WHERE id BETWEEN 3285377 AND 3285477
	Index Scan using sbtest3_pkey on sbtest3  (cost=0.43..409.22 rows=103 width=125)
	  Index Cond: ((id >= 3285377) AND (id <= 3285477))

table 4 : explain SELECT id, c FROM sbtest4 WHERE id BETWEEN 3285377 AND 3285477
	Index Scan using sbtest4_pkey on sbtest4  (cost=0.43..403.25 rows=101 width=125)
	  Index Cond: ((id >= 3285377) AND (id <= 3285477))

table 5 : explain SELECT id, c FROM sbtest5 WHERE id BETWEEN 3285377 AND 3285477
	Index Scan using sbtest5_pkey on sbtest5  (cost=0.43..413.56 rows=104 width=125)
	  Index Cond: ((id >= 3285377) AND (id <= 3285477))

table 6 : explain SELECT id, c FROM sbtest6 WHERE id BETWEEN 3285377 AND 3285477
	Index Scan using sbtest6_pkey on sbtest6  (cost=0.43..365.93 rows=92 width=125)
	  Index Cond: ((id >= 3285377) AND (id <= 3285477))

table 7 : explain SELECT id, c FROM sbtest7 WHERE id BETWEEN 3285377 AND 3285477
	Index Scan using sbtest7_pkey on sbtest7  (cost=0.43..409.02 rows=103 width=125)
	  Index Cond: ((id >= 3285377) AND (id <= 3285477))

table 8 : explain SELECT id, c FROM sbtest8 WHERE id BETWEEN 3285377 AND 3285477
	Index Scan using sbtest8_pkey on sbtest8  (cost=0.43..369.68 rows=93 width=125)
	  Index Cond: ((id >= 3285377) AND (id <= 3285477))

explain: for range-notcovered :: explain SELECT id, c FROM sbtest%d WHERE id BETWEEN 3285377 AND 3285477
for range-notcovered
table 1 : explain SELECT id, c FROM sbtest1 WHERE id BETWEEN 5029292 AND 5029392
	Index Scan using sbtest1_pkey on sbtest1  (cost=0.43..436.62 rows=110 width=125)
	  Index Cond: ((id >= 5029292) AND (id <= 5029392))

table 2 : explain SELECT id, c FROM sbtest2 WHERE id BETWEEN 5029292 AND 5029392
	Index Scan using sbtest2_pkey on sbtest2  (cost=0.43..433.60 rows=109 width=125)
	  Index Cond: ((id >= 5029292) AND (id <= 5029392))

table 3 : explain SELECT id, c FROM sbtest3 WHERE id BETWEEN 5029292 AND 5029392
	Index Scan using sbtest3_pkey on sbtest3  (cost=0.43..440.65 rows=111 width=125)
	  Index Cond: ((id >= 5029292) AND (id <= 5029392))

table 4 : explain SELECT id, c FROM sbtest4 WHERE id BETWEEN 5029292 AND 5029392
	Index Scan using sbtest4_pkey on sbtest4  (cost=0.43..391.41 rows=98 width=125)
	  Index Cond: ((id >= 5029292) AND (id <= 5029392))

table 5 : explain SELECT id, c FROM sbtest5 WHERE id BETWEEN 5029292 AND 5029392
	Index Scan using sbtest5_pkey on sbtest5  (cost=0.43..397.83 rows=100 width=125)
	  Index Cond: ((id >= 5029292) AND (id <= 5029392))

table 6 : explain SELECT id, c FROM sbtest6 WHERE id BETWEEN 5029292 AND 5029392
	Index Scan using sbtest6_pkey on sbtest6  (cost=0.43..381.66 rows=96 width=125)
	  Index Cond: ((id >= 5029292) AND (id <= 5029392))

table 7 : explain SELECT id, c FROM sbtest7 WHERE id BETWEEN 5029292 AND 5029392
	Index Scan using sbtest7_pkey on sbtest7  (cost=0.43..436.50 rows=110 width=125)
	  Index Cond: ((id >= 5029292) AND (id <= 5029392))

table 8 : explain SELECT id, c FROM sbtest8 WHERE id BETWEEN 5029292 AND 5029392
	Index Scan using sbtest8_pkey on sbtest8  (cost=0.43..416.82 rows=105 width=125)
	  Index Cond: ((id >= 5029292) AND (id <= 5029392))

for range-notcovered
table 1 : explain SELECT id, c FROM sbtest1 WHERE id BETWEEN 4549993 AND 4550093
	Index Scan using sbtest1_pkey on sbtest1  (cost=0.43..385.56 rows=97 width=125)
	  Index Cond: ((id >= 4549993) AND (id <= 4550093))

table 2 : explain SELECT id, c FROM sbtest2 WHERE id BETWEEN 4549993 AND 4550093
	Index Scan using sbtest2_pkey on sbtest2  (cost=0.43..366.67 rows=92 width=125)
	  Index Cond: ((id >= 4549993) AND (id <= 4550093))

table 3 : explain SELECT id, c FROM sbtest3 WHERE id BETWEEN 4549993 AND 4550093
	Index Scan using sbtest3_pkey on sbtest3  (cost=0.43..389.58 rows=98 width=125)
	  Index Cond: ((id >= 4549993) AND (id <= 4550093))

table 4 : explain SELECT id, c FROM sbtest4 WHERE id BETWEEN 4549993 AND 4550093
	Index Scan using sbtest4_pkey on sbtest4  (cost=0.43..450.62 rows=113 width=125)
	  Index Cond: ((id >= 4549993) AND (id <= 4550093))

table 5 : explain SELECT id, c FROM sbtest5 WHERE id BETWEEN 4549993 AND 4550093
	Index Scan using sbtest5_pkey on sbtest5  (cost=0.43..429.29 rows=108 width=125)
	  Index Cond: ((id >= 4549993) AND (id <= 4550093))

table 6 : explain SELECT id, c FROM sbtest6 WHERE id BETWEEN 4549993 AND 4550093
	Index Scan using sbtest6_pkey on sbtest6  (cost=0.43..424.86 rows=107 width=125)
	  Index Cond: ((id >= 4549993) AND (id <= 4550093))

table 7 : explain SELECT id, c FROM sbtest7 WHERE id BETWEEN 4549993 AND 4550093
	Index Scan using sbtest7_pkey on sbtest7  (cost=0.43..412.94 rows=104 width=125)
	  Index Cond: ((id >= 4549993) AND (id <= 4550093))

table 8 : explain SELECT id, c FROM sbtest8 WHERE id BETWEEN 4549993 AND 4550093
	Index Scan using sbtest8_pkey on sbtest8  (cost=0.43..389.33 rows=98 width=125)
	  Index Cond: ((id >= 4549993) AND (id <= 4550093))

explain: for range-notcovered :: explain SELECT id, c FROM sbtest%d WHERE id BETWEEN 4549993 AND 4550093
for range-notcovered
table 1 : explain SELECT id, c FROM sbtest1 WHERE id BETWEEN 5468836 AND 5468936
	Index Scan using sbtest1_pkey on sbtest1  (cost=0.43..377.71 rows=95 width=125)
	  Index Cond: ((id >= 5468836) AND (id <= 5468936))

table 2 : explain SELECT id, c FROM sbtest2 WHERE id BETWEEN 5468836 AND 5468936
	Index Scan using sbtest2_pkey on sbtest2  (cost=0.43..346.99 rows=87 width=125)
	  Index Cond: ((id >= 5468836) AND (id <= 5468936))

table 3 : explain SELECT id, c FROM sbtest3 WHERE id BETWEEN 5468836 AND 5468936
	Index Scan using sbtest3_pkey on sbtest3  (cost=0.43..444.58 rows=112 width=125)
	  Index Cond: ((id >= 5468836) AND (id <= 5468936))

table 4 : explain SELECT id, c FROM sbtest4 WHERE id BETWEEN 5468836 AND 5468936
	Index Scan using sbtest4_pkey on sbtest4  (cost=0.43..462.47 rows=116 width=125)
	  Index Cond: ((id >= 5468836) AND (id <= 5468936))

table 5 : explain SELECT id, c FROM sbtest5 WHERE id BETWEEN 5468836 AND 5468936
	Index Scan using sbtest5_pkey on sbtest5  (cost=0.43..389.97 rows=98 width=125)
	  Index Cond: ((id >= 5468836) AND (id <= 5468936))

table 6 : explain SELECT id, c FROM sbtest6 WHERE id BETWEEN 5468836 AND 5468936
	Index Scan using sbtest6_pkey on sbtest6  (cost=0.43..389.51 rows=98 width=125)
	  Index Cond: ((id >= 5468836) AND (id <= 5468936))

table 7 : explain SELECT id, c FROM sbtest7 WHERE id BETWEEN 5468836 AND 5468936
	Index Scan using sbtest7_pkey on sbtest7  (cost=0.43..389.39 rows=98 width=125)
	  Index Cond: ((id >= 5468836) AND (id <= 5468936))

table 8 : explain SELECT id, c FROM sbtest8 WHERE id BETWEEN 5468836 AND 5468936
	Index Scan using sbtest8_pkey on sbtest8  (cost=0.43..456.07 rows=115 width=125)
	  Index Cond: ((id >= 5468836) AND (id <= 5468936))

explain: for range-notcovered :: explain SELECT id, c FROM sbtest%d WHERE id BETWEEN 5468836 AND 5468936
for range-notcovered
table 1 : explain SELECT id, c FROM sbtest1 WHERE id BETWEEN 3285377 AND 3285477
	Index Scan using sbtest1_pkey on sbtest1  (cost=0.43..428.77 rows=108 width=125)
	  Index Cond: ((id >= 3285377) AND (id <= 3285477))

table 2 : explain SELECT id, c FROM sbtest2 WHERE id BETWEEN 3285377 AND 3285477
	Index Scan using sbtest2_pkey on sbtest2  (cost=0.43..417.86 rows=105 width=125)
	  Index Cond: ((id >= 3285377) AND (id <= 3285477))

table 3 : explain SELECT id, c FROM sbtest3 WHERE id BETWEEN 3285377 AND 3285477
	Index Scan using sbtest3_pkey on sbtest3  (cost=0.43..409.22 rows=103 width=125)
	  Index Cond: ((id >= 3285377) AND (id <= 3285477))

table 4 : explain SELECT id, c FROM sbtest4 WHERE id BETWEEN 3285377 AND 3285477
	Index Scan using sbtest4_pkey on sbtest4  (cost=0.43..403.25 rows=101 width=125)
	  Index Cond: ((id >= 3285377) AND (id <= 3285477))

table 5 : explain SELECT id, c FROM sbtest5 WHERE id BETWEEN 3285377 AND 3285477
	Index Scan using sbtest5_pkey on sbtest5  (cost=0.43..413.56 rows=104 width=125)
	  Index Cond: ((id >= 3285377) AND (id <= 3285477))

table 6 : explain SELECT id, c FROM sbtest6 WHERE id BETWEEN 3285377 AND 3285477
	Index Scan using sbtest6_pkey on sbtest6  (cost=0.43..365.93 rows=92 width=125)
	  Index Cond: ((id >= 3285377) AND (id <= 3285477))

table 7 : explain SELECT id, c FROM sbtest7 WHERE id BETWEEN 3285377 AND 3285477
	Index Scan using sbtest7_pkey on sbtest7  (cost=0.43..409.02 rows=103 width=125)
	  Index Cond: ((id >= 3285377) AND (id <= 3285477))

table 8 : explain SELECT id, c FROM sbtest8 WHERE id BETWEEN 3285377 AND 3285477
	Index Scan using sbtest8_pkey on sbtest8  (cost=0.43..369.68 rows=93 width=125)
	  Index Cond: ((id >= 3285377) AND (id <= 3285477))

explain: for range-notcovered :: explain SELECT id, c FROM sbtest%d WHERE id BETWEEN 3285377 AND 3285477
for range-notcovered
table 1 : explain SELECT id, c FROM sbtest1 WHERE id BETWEEN 4549993 AND 4550093
	Index Scan using sbtest1_pkey on sbtest1  (cost=0.43..385.56 rows=97 width=125)
	  Index Cond: ((id >= 4549993) AND (id <= 4550093))

table 2 : explain SELECT id, c FROM sbtest2 WHERE id BETWEEN 4549993 AND 4550093
	Index Scan using sbtest2_pkey on sbtest2  (cost=0.43..366.67 rows=92 width=125)
	  Index Cond: ((id >= 4549993) AND (id <= 4550093))

table 3 : explain SELECT id, c FROM sbtest3 WHERE id BETWEEN 4549993 AND 4550093
	Index Scan using sbtest3_pkey on sbtest3  (cost=0.43..389.58 rows=98 width=125)
	  Index Cond: ((id >= 4549993) AND (id <= 4550093))

table 4 : explain SELECT id, c FROM sbtest4 WHERE id BETWEEN 4549993 AND 4550093
	Index Scan using sbtest4_pkey on sbtest4  (cost=0.43..450.62 rows=113 width=125)
	  Index Cond: ((id >= 4549993) AND (id <= 4550093))

table 5 : explain SELECT id, c FROM sbtest5 WHERE id BETWEEN 4549993 AND 4550093
	Index Scan using sbtest5_pkey on sbtest5  (cost=0.43..429.29 rows=108 width=125)
	  Index Cond: ((id >= 4549993) AND (id <= 4550093))

table 6 : explain SELECT id, c FROM sbtest6 WHERE id BETWEEN 4549993 AND 4550093
	Index Scan using sbtest6_pkey on sbtest6  (cost=0.43..424.86 rows=107 width=125)
	  Index Cond: ((id >= 4549993) AND (id <= 4550093))

table 7 : explain SELECT id, c FROM sbtest7 WHERE id BETWEEN 4549993 AND 4550093
	Index Scan using sbtest7_pkey on sbtest7  (cost=0.43..412.94 rows=104 width=125)
	  Index Cond: ((id >= 4549993) AND (id <= 4550093))

table 8 : explain SELECT id, c FROM sbtest8 WHERE id BETWEEN 4549993 AND 4550093
	Index Scan using sbtest8_pkey on sbtest8  (cost=0.43..389.33 rows=98 width=125)
	  Index Cond: ((id >= 4549993) AND (id <= 4550093))

explain: for range-notcovered :: explain SELECT id, c FROM sbtest%d WHERE id BETWEEN 4549993 AND 4550093
for range-notcovered
table 1 : explain SELECT id, c FROM sbtest1 WHERE id BETWEEN 5468836 AND 5468936
	Index Scan using sbtest1_pkey on sbtest1  (cost=0.43..377.71 rows=95 width=125)
	  Index Cond: ((id >= 5468836) AND (id <= 5468936))

table 2 : explain SELECT id, c FROM sbtest2 WHERE id BETWEEN 5468836 AND 5468936
	Index Scan using sbtest2_pkey on sbtest2  (cost=0.43..346.99 rows=87 width=125)
	  Index Cond: ((id >= 5468836) AND (id <= 5468936))

table 3 : explain SELECT id, c FROM sbtest3 WHERE id BETWEEN 5468836 AND 5468936
	Index Scan using sbtest3_pkey on sbtest3  (cost=0.43..444.58 rows=112 width=125)
	  Index Cond: ((id >= 5468836) AND (id <= 5468936))

table 4 : explain SELECT id, c FROM sbtest4 WHERE id BETWEEN 5468836 AND 5468936
	Index Scan using sbtest4_pkey on sbtest4  (cost=0.43..462.47 rows=116 width=125)
	  Index Cond: ((id >= 5468836) AND (id <= 5468936))

table 5 : explain SELECT id, c FROM sbtest5 WHERE id BETWEEN 5468836 AND 5468936
	Index Scan using sbtest5_pkey on sbtest5  (cost=0.43..389.97 rows=98 width=125)
	  Index Cond: ((id >= 5468836) AND (id <= 5468936))

table 6 : explain SELECT id, c FROM sbtest6 WHERE id BETWEEN 5468836 AND 5468936
	Index Scan using sbtest6_pkey on sbtest6  (cost=0.43..389.51 rows=98 width=125)
	  Index Cond: ((id >= 5468836) AND (id <= 5468936))

table 7 : explain SELECT id, c FROM sbtest7 WHERE id BETWEEN 5468836 AND 5468936
	Index Scan using sbtest7_pkey on sbtest7  (cost=0.43..389.39 rows=98 width=125)
	  Index Cond: ((id >= 5468836) AND (id <= 5468936))

table 8 : explain SELECT id, c FROM sbtest8 WHERE id BETWEEN 5468836 AND 5468936
	Index Scan using sbtest8_pkey on sbtest8  (cost=0.43..456.07 rows=115 width=125)
	  Index Cond: ((id >= 5468836) AND (id <= 5468936))

explain: for range-notcovered :: explain SELECT id, c FROM sbtest%d WHERE id BETWEEN 5468836 AND 5468936
for range-notcovered
table 1 : explain SELECT id, c FROM sbtest1 WHERE id BETWEEN 3285377 AND 3285477
	Index Scan using sbtest1_pkey on sbtest1  (cost=0.43..428.77 rows=108 width=125)
	  Index Cond: ((id >= 3285377) AND (id <= 3285477))

table 2 : explain SELECT id, c FROM sbtest2 WHERE id BETWEEN 3285377 AND 3285477
	Index Scan using sbtest2_pkey on sbtest2  (cost=0.43..417.86 rows=105 width=125)
	  Index Cond: ((id >= 3285377) AND (id <= 3285477))

table 3 : explain SELECT id, c FROM sbtest3 WHERE id BETWEEN 3285377 AND 3285477
	Index Scan using sbtest3_pkey on sbtest3  (cost=0.43..409.22 rows=103 width=125)
	  Index Cond: ((id >= 3285377) AND (id <= 3285477))

table 4 : explain SELECT id, c FROM sbtest4 WHERE id BETWEEN 3285377 AND 3285477
	Index Scan using sbtest4_pkey on sbtest4  (cost=0.43..403.25 rows=101 width=125)
	  Index Cond: ((id >= 3285377) AND (id <= 3285477))

table 5 : explain SELECT id, c FROM sbtest5 WHERE id BETWEEN 3285377 AND 3285477
	Index Scan using sbtest5_pkey on sbtest5  (cost=0.43..413.56 rows=104 width=125)
	  Index Cond: ((id >= 3285377) AND (id <= 3285477))

table 6 : explain SELECT id, c FROM sbtest6 WHERE id BETWEEN 3285377 AND 3285477
	Index Scan using sbtest6_pkey on sbtest6  (cost=0.43..365.93 rows=92 width=125)
	  Index Cond: ((id >= 3285377) AND (id <= 3285477))

table 7 : explain SELECT id, c FROM sbtest7 WHERE id BETWEEN 3285377 AND 3285477
	Index Scan using sbtest7_pkey on sbtest7  (cost=0.43..409.02 rows=103 width=125)
	  Index Cond: ((id >= 3285377) AND (id <= 3285477))

table 8 : explain SELECT id, c FROM sbtest8 WHERE id BETWEEN 3285377 AND 3285477
	Index Scan using sbtest8_pkey on sbtest8  (cost=0.43..369.68 rows=93 width=125)
	  Index Cond: ((id >= 3285377) AND (id <= 3285477))

explain: for range-notcovered :: explain SELECT id, c FROM sbtest%d WHERE id BETWEEN 3285377 AND 3285477
for range-notcovered
table 1 : explain SELECT id, c FROM sbtest1 WHERE id BETWEEN 4549993 AND 4550093
	Index Scan using sbtest1_pkey on sbtest1  (cost=0.43..385.56 rows=97 width=125)
	  Index Cond: ((id >= 4549993) AND (id <= 4550093))

table 2 : explain SELECT id, c FROM sbtest2 WHERE id BETWEEN 4549993 AND 4550093
	Index Scan using sbtest2_pkey on sbtest2  (cost=0.43..366.67 rows=92 width=125)
	  Index Cond: ((id >= 4549993) AND (id <= 4550093))

table 3 : explain SELECT id, c FROM sbtest3 WHERE id BETWEEN 4549993 AND 4550093
	Index Scan using sbtest3_pkey on sbtest3  (cost=0.43..389.58 rows=98 width=125)
	  Index Cond: ((id >= 4549993) AND (id <= 4550093))

table 4 : explain SELECT id, c FROM sbtest4 WHERE id BETWEEN 4549993 AND 4550093
	Index Scan using sbtest4_pkey on sbtest4  (cost=0.43..450.62 rows=113 width=125)
	  Index Cond: ((id >= 4549993) AND (id <= 4550093))

table 5 : explain SELECT id, c FROM sbtest5 WHERE id BETWEEN 4549993 AND 4550093
	Index Scan using sbtest5_pkey on sbtest5  (cost=0.43..429.29 rows=108 width=125)
	  Index Cond: ((id >= 4549993) AND (id <= 4550093))

table 6 : explain SELECT id, c FROM sbtest6 WHERE id BETWEEN 4549993 AND 4550093
	Index Scan using sbtest6_pkey on sbtest6  (cost=0.43..424.86 rows=107 width=125)
	  Index Cond: ((id >= 4549993) AND (id <= 4550093))

table 7 : explain SELECT id, c FROM sbtest7 WHERE id BETWEEN 4549993 AND 4550093
	Index Scan using sbtest7_pkey on sbtest7  (cost=0.43..412.94 rows=104 width=125)
	  Index Cond: ((id >= 4549993) AND (id <= 4550093))

table 8 : explain SELECT id, c FROM sbtest8 WHERE id BETWEEN 4549993 AND 4550093
	Index Scan using sbtest8_pkey on sbtest8  (cost=0.43..389.33 rows=98 width=125)
	  Index Cond: ((id >= 4549993) AND (id <= 4550093))

explain: for range-notcovered :: explain SELECT id, c FROM sbtest%d WHERE id BETWEEN 4549993 AND 4550093
for range-notcovered
table 1 : explain SELECT id, c FROM sbtest1 WHERE id BETWEEN 6090448 AND 6090548
	Index Scan using sbtest1_pkey on sbtest1  (cost=0.43..385.56 rows=97 width=125)
	  Index Cond: ((id >= 6090448) AND (id <= 6090548))

table 2 : explain SELECT id, c FROM sbtest2 WHERE id BETWEEN 6090448 AND 6090548
	Index Scan using sbtest2_pkey on sbtest2  (cost=0.43..398.18 rows=100 width=125)
	  Index Cond: ((id >= 6090448) AND (id <= 6090548))

table 3 : explain SELECT id, c FROM sbtest3 WHERE id BETWEEN 6090448 AND 6090548
	Index Scan using sbtest3_pkey on sbtest3  (cost=0.43..385.65 rows=97 width=125)
	  Index Cond: ((id >= 6090448) AND (id <= 6090548))

table 4 : explain SELECT id, c FROM sbtest4 WHERE id BETWEEN 6090448 AND 6090548
	Index Scan using sbtest4_pkey on sbtest4  (cost=0.43..407.20 rows=102 width=125)
	  Index Cond: ((id >= 6090448) AND (id <= 6090548))

table 5 : explain SELECT id, c FROM sbtest5 WHERE id BETWEEN 6090448 AND 6090548
	Index Scan using sbtest5_pkey on sbtest5  (cost=0.43..448.95 rows=113 width=125)
	  Index Cond: ((id >= 6090448) AND (id <= 6090548))

table 6 : explain SELECT id, c FROM sbtest6 WHERE id BETWEEN 6090448 AND 6090548
	Index Scan using sbtest6_pkey on sbtest6  (cost=0.43..369.88 rows=93 width=125)
	  Index Cond: ((id >= 6090448) AND (id <= 6090548))

table 7 : explain SELECT id, c FROM sbtest7 WHERE id BETWEEN 6090448 AND 6090548
	Index Scan using sbtest7_pkey on sbtest7  (cost=0.43..373.68 rows=94 width=125)
	  Index Cond: ((id >= 6090448) AND (id <= 6090548))

table 8 : explain SELECT id, c FROM sbtest8 WHERE id BETWEEN 6090448 AND 6090548
	Index Scan using sbtest8_pkey on sbtest8  (cost=0.43..389.33 rows=98 width=125)
	  Index Cond: ((id >= 6090448) AND (id <= 6090548))

for range-notcovered
table 1 : explain SELECT id, c FROM sbtest1 WHERE id BETWEEN 5468836 AND 5468936
	Index Scan using sbtest1_pkey on sbtest1  (cost=0.43..377.71 rows=95 width=125)
	  Index Cond: ((id >= 5468836) AND (id <= 5468936))

table 2 : explain SELECT id, c FROM sbtest2 WHERE id BETWEEN 5468836 AND 5468936
	Index Scan using sbtest2_pkey on sbtest2  (cost=0.43..346.99 rows=87 width=125)
	  Index Cond: ((id >= 5468836) AND (id <= 5468936))

table 3 : explain SELECT id, c FROM sbtest3 WHERE id BETWEEN 5468836 AND 5468936
	Index Scan using sbtest3_pkey on sbtest3  (cost=0.43..444.58 rows=112 width=125)
	  Index Cond: ((id >= 5468836) AND (id <= 5468936))

table 4 : explain SELECT id, c FROM sbtest4 WHERE id BETWEEN 5468836 AND 5468936
	Index Scan using sbtest4_pkey on sbtest4  (cost=0.43..462.47 rows=116 width=125)
	  Index Cond: ((id >= 5468836) AND (id <= 5468936))

table 5 : explain SELECT id, c FROM sbtest5 WHERE id BETWEEN 5468836 AND 5468936
	Index Scan using sbtest5_pkey on sbtest5  (cost=0.43..389.97 rows=98 width=125)
	  Index Cond: ((id >= 5468836) AND (id <= 5468936))

table 6 : explain SELECT id, c FROM sbtest6 WHERE id BETWEEN 5468836 AND 5468936
	Index Scan using sbtest6_pkey on sbtest6  (cost=0.43..389.51 rows=98 width=125)
	  Index Cond: ((id >= 5468836) AND (id <= 5468936))

table 7 : explain SELECT id, c FROM sbtest7 WHERE id BETWEEN 5468836 AND 5468936
	Index Scan using sbtest7_pkey on sbtest7  (cost=0.43..389.39 rows=98 width=125)
	  Index Cond: ((id >= 5468836) AND (id <= 5468936))

table 8 : explain SELECT id, c FROM sbtest8 WHERE id BETWEEN 5468836 AND 5468936
	Index Scan using sbtest8_pkey on sbtest8  (cost=0.43..456.07 rows=115 width=125)
	  Index Cond: ((id >= 5468836) AND (id <= 5468936))

explain: for range-notcovered :: explain SELECT id, c FROM sbtest%d WHERE id BETWEEN 5468836 AND 5468936
explain: for range-notcovered :: explain SELECT id, c FROM sbtest%d WHERE id BETWEEN 6090448 AND 6090548
for range-notcovered
table 1 : explain SELECT id, c FROM sbtest1 WHERE id BETWEEN 3142001 AND 3142101
	Index Scan using sbtest1_pkey on sbtest1  (cost=0.43..432.69 rows=109 width=125)
	  Index Cond: ((id >= 3142001) AND (id <= 3142101))

table 2 : explain SELECT id, c FROM sbtest2 WHERE id BETWEEN 3142001 AND 3142101
	Index Scan using sbtest2_pkey on sbtest2  (cost=0.43..409.98 rows=103 width=125)
	  Index Cond: ((id >= 3142001) AND (id <= 3142101))

table 3 : explain SELECT id, c FROM sbtest3 WHERE id BETWEEN 3142001 AND 3142101
	Index Scan using sbtest3_pkey on sbtest3  (cost=0.43..440.65 rows=111 width=125)
	  Index Cond: ((id >= 3142001) AND (id <= 3142101))

table 4 : explain SELECT id, c FROM sbtest4 WHERE id BETWEEN 3142001 AND 3142101
	Index Scan using sbtest4_pkey on sbtest4  (cost=0.43..426.94 rows=107 width=125)
	  Index Cond: ((id >= 3142001) AND (id <= 3142101))

table 5 : explain SELECT id, c FROM sbtest5 WHERE id BETWEEN 3142001 AND 3142101
	Index Scan using sbtest5_pkey on sbtest5  (cost=0.43..421.43 rows=106 width=125)
	  Index Cond: ((id >= 3142001) AND (id <= 3142101))

table 6 : explain SELECT id, c FROM sbtest6 WHERE id BETWEEN 3142001 AND 3142101
	Index Scan using sbtest6_pkey on sbtest6  (cost=0.43..413.08 rows=104 width=125)
	  Index Cond: ((id >= 3142001) AND (id <= 3142101))

table 7 : explain SELECT id, c FROM sbtest7 WHERE id BETWEEN 3142001 AND 3142101
	Index Scan using sbtest7_pkey on sbtest7  (cost=0.43..361.88 rows=91 width=125)
	  Index Cond: ((id >= 3142001) AND (id <= 3142101))

table 8 : explain SELECT id, c FROM sbtest8 WHERE id BETWEEN 3142001 AND 3142101
	Index Scan using sbtest8_pkey on sbtest8  (cost=0.43..393.26 rows=99 width=125)
	  Index Cond: ((id >= 3142001) AND (id <= 3142101))

explain: for range-notcovered :: explain SELECT id, c FROM sbtest%d WHERE id BETWEEN 3142001 AND 3142101
for range-notcovered
table 1 : explain SELECT id, c FROM sbtest1 WHERE id BETWEEN 3285377 AND 3285477
	Index Scan using sbtest1_pkey on sbtest1  (cost=0.43..428.77 rows=108 width=125)
	  Index Cond: ((id >= 3285377) AND (id <= 3285477))

table 2 : explain SELECT id, c FROM sbtest2 WHERE id BETWEEN 3285377 AND 3285477
	Index Scan using sbtest2_pkey on sbtest2  (cost=0.43..417.86 rows=105 width=125)
	  Index Cond: ((id >= 3285377) AND (id <= 3285477))

table 3 : explain SELECT id, c FROM sbtest3 WHERE id BETWEEN 3285377 AND 3285477
	Index Scan using sbtest3_pkey on sbtest3  (cost=0.43..409.22 rows=103 width=125)
	  Index Cond: ((id >= 3285377) AND (id <= 3285477))

table 4 : explain SELECT id, c FROM sbtest4 WHERE id BETWEEN 3285377 AND 3285477
	Index Scan using sbtest4_pkey on sbtest4  (cost=0.43..403.25 rows=101 width=125)
	  Index Cond: ((id >= 3285377) AND (id <= 3285477))

table 5 : explain SELECT id, c FROM sbtest5 WHERE id BETWEEN 3285377 AND 3285477
	Index Scan using sbtest5_pkey on sbtest5  (cost=0.43..413.56 rows=104 width=125)
	  Index Cond: ((id >= 3285377) AND (id <= 3285477))

table 6 : explain SELECT id, c FROM sbtest6 WHERE id BETWEEN 3285377 AND 3285477
	Index Scan using sbtest6_pkey on sbtest6  (cost=0.43..365.93 rows=92 width=125)
	  Index Cond: ((id >= 3285377) AND (id <= 3285477))

table 7 : explain SELECT id, c FROM sbtest7 WHERE id BETWEEN 3285377 AND 3285477
	Index Scan using sbtest7_pkey on sbtest7  (cost=0.43..409.02 rows=103 width=125)
	  Index Cond: ((id >= 3285377) AND (id <= 3285477))

table 8 : explain SELECT id, c FROM sbtest8 WHERE id BETWEEN 3285377 AND 3285477
	Index Scan using sbtest8_pkey on sbtest8  (cost=0.43..369.68 rows=93 width=125)
	  Index Cond: ((id >= 3285377) AND (id <= 3285477))

for range-notcovered
table 1 : explain SELECT id, c FROM sbtest1 WHERE id BETWEEN 4549993 AND 4550093
	Index Scan using sbtest1_pkey on sbtest1  (cost=0.43..385.56 rows=97 width=125)
	  Index Cond: ((id >= 4549993) AND (id <= 4550093))

table 2 : explain SELECT id, c FROM sbtest2 WHERE id BETWEEN 4549993 AND 4550093
	Index Scan using sbtest2_pkey on sbtest2  (cost=0.43..366.67 rows=92 width=125)
	  Index Cond: ((id >= 4549993) AND (id <= 4550093))

table 3 : explain SELECT id, c FROM sbtest3 WHERE id BETWEEN 4549993 AND 4550093
	Index Scan using sbtest3_pkey on sbtest3  (cost=0.43..389.58 rows=98 width=125)
	  Index Cond: ((id >= 4549993) AND (id <= 4550093))

table 4 : explain SELECT id, c FROM sbtest4 WHERE id BETWEEN 4549993 AND 4550093
	Index Scan using sbtest4_pkey on sbtest4  (cost=0.43..450.62 rows=113 width=125)
	  Index Cond: ((id >= 4549993) AND (id <= 4550093))

table 5 : explain SELECT id, c FROM sbtest5 WHERE id BETWEEN 4549993 AND 4550093
	Index Scan using sbtest5_pkey on sbtest5  (cost=0.43..429.29 rows=108 width=125)
	  Index Cond: ((id >= 4549993) AND (id <= 4550093))

table 6 : explain SELECT id, c FROM sbtest6 WHERE id BETWEEN 4549993 AND 4550093
	Index Scan using sbtest6_pkey on sbtest6  (cost=0.43..424.86 rows=107 width=125)
	  Index Cond: ((id >= 4549993) AND (id <= 4550093))

table 7 : explain SELECT id, c FROM sbtest7 WHERE id BETWEEN 4549993 AND 4550093
	Index Scan using sbtest7_pkey on sbtest7  (cost=0.43..412.94 rows=104 width=125)
	  Index Cond: ((id >= 4549993) AND (id <= 4550093))

table 8 : explain SELECT id, c FROM sbtest8 WHERE id BETWEEN 4549993 AND 4550093
	Index Scan using sbtest8_pkey on sbtest8  (cost=0.43..389.33 rows=98 width=125)
	  Index Cond: ((id >= 4549993) AND (id <= 4550093))

explain: for range-notcovered :: explain SELECT id, c FROM sbtest%d WHERE id BETWEEN 4549993 AND 4550093
for range-notcovered
table 1 : explain SELECT id, c FROM sbtest1 WHERE id BETWEEN 5468836 AND 5468936
	Index Scan using sbtest1_pkey on sbtest1  (cost=0.43..377.71 rows=95 width=125)
	  Index Cond: ((id >= 5468836) AND (id <= 5468936))

table 2 : explain SELECT id, c FROM sbtest2 WHERE id BETWEEN 5468836 AND 5468936
	Index Scan using sbtest2_pkey on sbtest2  (cost=0.43..346.99 rows=87 width=125)
	  Index Cond: ((id >= 5468836) AND (id <= 5468936))

table 3 : explain SELECT id, c FROM sbtest3 WHERE id BETWEEN 5468836 AND 5468936
	Index Scan using sbtest3_pkey on sbtest3  (cost=0.43..444.58 rows=112 width=125)
	  Index Cond: ((id >= 5468836) AND (id <= 5468936))

table 4 : explain SELECT id, c FROM sbtest4 WHERE id BETWEEN 5468836 AND 5468936
	Index Scan using sbtest4_pkey on sbtest4  (cost=0.43..462.47 rows=116 width=125)
	  Index Cond: ((id >= 5468836) AND (id <= 5468936))

table 5 : explain SELECT id, c FROM sbtest5 WHERE id BETWEEN 5468836 AND 5468936
	Index Scan using sbtest5_pkey on sbtest5  (cost=0.43..389.97 rows=98 width=125)
	  Index Cond: ((id >= 5468836) AND (id <= 5468936))

table 6 : explain SELECT id, c FROM sbtest6 WHERE id BETWEEN 5468836 AND 5468936
	Index Scan using sbtest6_pkey on sbtest6  (cost=0.43..389.51 rows=98 width=125)
	  Index Cond: ((id >= 5468836) AND (id <= 5468936))

table 7 : explain SELECT id, c FROM sbtest7 WHERE id BETWEEN 5468836 AND 5468936
	Index Scan using sbtest7_pkey on sbtest7  (cost=0.43..389.39 rows=98 width=125)
	  Index Cond: ((id >= 5468836) AND (id <= 5468936))

table 8 : explain SELECT id, c FROM sbtest8 WHERE id BETWEEN 5468836 AND 5468936
	Index Scan using sbtest8_pkey on sbtest8  (cost=0.43..456.07 rows=115 width=125)
	  Index Cond: ((id >= 5468836) AND (id <= 5468936))

for range-notcovered
table 1 : explain SELECT id, c FROM sbtest1 WHERE id BETWEEN 6090448 AND 6090548
	Index Scan using sbtest1_pkey on sbtest1  (cost=0.43..385.56 rows=97 width=125)
	  Index Cond: ((id >= 6090448) AND (id <= 6090548))

table 2 : explain SELECT id, c FROM sbtest2 WHERE id BETWEEN 6090448 AND 6090548
	Index Scan using sbtest2_pkey on sbtest2  (cost=0.43..398.18 rows=100 width=125)
	  Index Cond: ((id >= 6090448) AND (id <= 6090548))

table 3 : explain SELECT id, c FROM sbtest3 WHERE id BETWEEN 6090448 AND 6090548
	Index Scan using sbtest3_pkey on sbtest3  (cost=0.43..385.65 rows=97 width=125)
	  Index Cond: ((id >= 6090448) AND (id <= 6090548))

table 4 : explain SELECT id, c FROM sbtest4 WHERE id BETWEEN 6090448 AND 6090548
	Index Scan using sbtest4_pkey on sbtest4  (cost=0.43..407.20 rows=102 width=125)
	  Index Cond: ((id >= 6090448) AND (id <= 6090548))

table 5 : explain SELECT id, c FROM sbtest5 WHERE id BETWEEN 6090448 AND 6090548
	Index Scan using sbtest5_pkey on sbtest5  (cost=0.43..448.95 rows=113 width=125)
	  Index Cond: ((id >= 6090448) AND (id <= 6090548))

table 6 : explain SELECT id, c FROM sbtest6 WHERE id BETWEEN 6090448 AND 6090548
	Index Scan using sbtest6_pkey on sbtest6  (cost=0.43..369.88 rows=93 width=125)
	  Index Cond: ((id >= 6090448) AND (id <= 6090548))

table 7 : explain SELECT id, c FROM sbtest7 WHERE id BETWEEN 6090448 AND 6090548
	Index Scan using sbtest7_pkey on sbtest7  (cost=0.43..373.68 rows=94 width=125)
	  Index Cond: ((id >= 6090448) AND (id <= 6090548))

table 8 : explain SELECT id, c FROM sbtest8 WHERE id BETWEEN 6090448 AND 6090548
	Index Scan using sbtest8_pkey on sbtest8  (cost=0.43..389.33 rows=98 width=125)
	  Index Cond: ((id >= 6090448) AND (id <= 6090548))

for range-notcovered
table 1 : explain SELECT id, c FROM sbtest1 WHERE id BETWEEN 2730446 AND 2730546
	Index Scan using sbtest1_pkey on sbtest1  (cost=0.43..389.49 rows=98 width=125)
	  Index Cond: ((id >= 2730446) AND (id <= 2730546))

table 2 : explain SELECT id, c FROM sbtest2 WHERE id BETWEEN 2730446 AND 2730546
	Index Scan using sbtest2_pkey on sbtest2  (cost=0.43..421.79 rows=106 width=125)
	  Index Cond: ((id >= 2730446) AND (id <= 2730546))

table 3 : explain SELECT id, c FROM sbtest3 WHERE id BETWEEN 2730446 AND 2730546
	Index Scan using sbtest3_pkey on sbtest3  (cost=0.43..405.29 rows=102 width=125)
	  Index Cond: ((id >= 2730446) AND (id <= 2730546))

table 4 : explain SELECT id, c FROM sbtest4 WHERE id BETWEEN 2730446 AND 2730546
	Index Scan using sbtest4_pkey on sbtest4  (cost=0.43..438.78 rows=110 width=125)
	  Index Cond: ((id >= 2730446) AND (id <= 2730546))

table 5 : explain SELECT id, c FROM sbtest5 WHERE id BETWEEN 2730446 AND 2730546
	Index Scan using sbtest5_pkey on sbtest5  (cost=0.43..425.36 rows=107 width=125)
	  Index Cond: ((id >= 2730446) AND (id <= 2730546))

table 6 : explain SELECT id, c FROM sbtest6 WHERE id BETWEEN 2730446 AND 2730546
	Index Scan using sbtest6_pkey on sbtest6  (cost=0.43..417.01 rows=105 width=125)
	  Index Cond: ((id >= 2730446) AND (id <= 2730546))

table 7 : explain SELECT id, c FROM sbtest7 WHERE id BETWEEN 2730446 AND 2730546
	Index Scan using sbtest7_pkey on sbtest7  (cost=0.43..420.80 rows=106 width=125)
	  Index Cond: ((id >= 2730446) AND (id <= 2730546))

table 8 : explain SELECT id, c FROM sbtest8 WHERE id BETWEEN 2730446 AND 2730546
	Index Scan using sbtest8_pkey on sbtest8  (cost=0.43..365.76 rows=92 width=125)
	  Index Cond: ((id >= 2730446) AND (id <= 2730546))

explain: for range-notcovered :: explain SELECT id, c FROM sbtest%d WHERE id BETWEEN 6090448 AND 6090548
explain: for range-notcovered :: explain SELECT id, c FROM sbtest%d WHERE id BETWEEN 5468836 AND 5468936
for range-notcovered
table 1 : explain SELECT id, c FROM sbtest1 WHERE id BETWEEN 3142001 AND 3142101
	Index Scan using sbtest1_pkey on sbtest1  (cost=0.43..432.69 rows=109 width=125)
	  Index Cond: ((id >= 3142001) AND (id <= 3142101))

table 2 : explain SELECT id, c FROM sbtest2 WHERE id BETWEEN 3142001 AND 3142101
	Index Scan using sbtest2_pkey on sbtest2  (cost=0.43..409.98 rows=103 width=125)
	  Index Cond: ((id >= 3142001) AND (id <= 3142101))

table 3 : explain SELECT id, c FROM sbtest3 WHERE id BETWEEN 3142001 AND 3142101
	Index Scan using sbtest3_pkey on sbtest3  (cost=0.43..440.65 rows=111 width=125)
	  Index Cond: ((id >= 3142001) AND (id <= 3142101))

table 4 : explain SELECT id, c FROM sbtest4 WHERE id BETWEEN 3142001 AND 3142101
	Index Scan using sbtest4_pkey on sbtest4  (cost=0.43..426.94 rows=107 width=125)
	  Index Cond: ((id >= 3142001) AND (id <= 3142101))

table 5 : explain SELECT id, c FROM sbtest5 WHERE id BETWEEN 3142001 AND 3142101
	Index Scan using sbtest5_pkey on sbtest5  (cost=0.43..421.43 rows=106 width=125)
	  Index Cond: ((id >= 3142001) AND (id <= 3142101))

table 6 : explain SELECT id, c FROM sbtest6 WHERE id BETWEEN 3142001 AND 3142101
	Index Scan using sbtest6_pkey on sbtest6  (cost=0.43..413.08 rows=104 width=125)
	  Index Cond: ((id >= 3142001) AND (id <= 3142101))

table 7 : explain SELECT id, c FROM sbtest7 WHERE id BETWEEN 3142001 AND 3142101
	Index Scan using sbtest7_pkey on sbtest7  (cost=0.43..361.88 rows=91 width=125)
	  Index Cond: ((id >= 3142001) AND (id <= 3142101))

table 8 : explain SELECT id, c FROM sbtest8 WHERE id BETWEEN 3142001 AND 3142101
	Index Scan using sbtest8_pkey on sbtest8  (cost=0.43..393.26 rows=99 width=125)
	  Index Cond: ((id >= 3142001) AND (id <= 3142101))

explain: for range-notcovered :: explain SELECT id, c FROM sbtest%d WHERE id BETWEEN 2730446 AND 2730546
explain: for range-notcovered :: explain SELECT id, c FROM sbtest%d WHERE id BETWEEN 3142001 AND 3142101
for range-notcovered
table 1 : explain SELECT id, c FROM sbtest1 WHERE id BETWEEN 4549993 AND 4550093
	Index Scan using sbtest1_pkey on sbtest1  (cost=0.43..385.56 rows=97 width=125)
	  Index Cond: ((id >= 4549993) AND (id <= 4550093))

table 2 : explain SELECT id, c FROM sbtest2 WHERE id BETWEEN 4549993 AND 4550093
	Index Scan using sbtest2_pkey on sbtest2  (cost=0.43..366.67 rows=92 width=125)
	  Index Cond: ((id >= 4549993) AND (id <= 4550093))

table 3 : explain SELECT id, c FROM sbtest3 WHERE id BETWEEN 4549993 AND 4550093
	Index Scan using sbtest3_pkey on sbtest3  (cost=0.43..389.58 rows=98 width=125)
	  Index Cond: ((id >= 4549993) AND (id <= 4550093))

table 4 : explain SELECT id, c FROM sbtest4 WHERE id BETWEEN 4549993 AND 4550093
	Index Scan using sbtest4_pkey on sbtest4  (cost=0.43..450.62 rows=113 width=125)
	  Index Cond: ((id >= 4549993) AND (id <= 4550093))

table 5 : explain SELECT id, c FROM sbtest5 WHERE id BETWEEN 4549993 AND 4550093
	Index Scan using sbtest5_pkey on sbtest5  (cost=0.43..429.29 rows=108 width=125)
	  Index Cond: ((id >= 4549993) AND (id <= 4550093))

table 6 : explain SELECT id, c FROM sbtest6 WHERE id BETWEEN 4549993 AND 4550093
	Index Scan using sbtest6_pkey on sbtest6  (cost=0.43..424.86 rows=107 width=125)
	  Index Cond: ((id >= 4549993) AND (id <= 4550093))

table 7 : explain SELECT id, c FROM sbtest7 WHERE id BETWEEN 4549993 AND 4550093
	Index Scan using sbtest7_pkey on sbtest7  (cost=0.43..412.94 rows=104 width=125)
	  Index Cond: ((id >= 4549993) AND (id <= 4550093))

table 8 : explain SELECT id, c FROM sbtest8 WHERE id BETWEEN 4549993 AND 4550093
	Index Scan using sbtest8_pkey on sbtest8  (cost=0.43..389.33 rows=98 width=125)
	  Index Cond: ((id >= 4549993) AND (id <= 4550093))

explain: for range-notcovered :: explain SELECT id, c FROM sbtest%d WHERE id BETWEEN 4549993 AND 4550093
for range-notcovered
table 1 : explain SELECT id, c FROM sbtest1 WHERE id BETWEEN 6090448 AND 6090548
	Index Scan using sbtest1_pkey on sbtest1  (cost=0.43..385.56 rows=97 width=125)
	  Index Cond: ((id >= 6090448) AND (id <= 6090548))

table 2 : explain SELECT id, c FROM sbtest2 WHERE id BETWEEN 6090448 AND 6090548
	Index Scan using sbtest2_pkey on sbtest2  (cost=0.43..398.18 rows=100 width=125)
	  Index Cond: ((id >= 6090448) AND (id <= 6090548))

table 3 : explain SELECT id, c FROM sbtest3 WHERE id BETWEEN 6090448 AND 6090548
	Index Scan using sbtest3_pkey on sbtest3  (cost=0.43..385.65 rows=97 width=125)
	  Index Cond: ((id >= 6090448) AND (id <= 6090548))

table 4 : explain SELECT id, c FROM sbtest4 WHERE id BETWEEN 6090448 AND 6090548
	Index Scan using sbtest4_pkey on sbtest4  (cost=0.43..407.20 rows=102 width=125)
	  Index Cond: ((id >= 6090448) AND (id <= 6090548))

table 5 : explain SELECT id, c FROM sbtest5 WHERE id BETWEEN 6090448 AND 6090548
	Index Scan using sbtest5_pkey on sbtest5  (cost=0.43..448.95 rows=113 width=125)
	  Index Cond: ((id >= 6090448) AND (id <= 6090548))

table 6 : explain SELECT id, c FROM sbtest6 WHERE id BETWEEN 6090448 AND 6090548
	Index Scan using sbtest6_pkey on sbtest6  (cost=0.43..369.88 rows=93 width=125)
	  Index Cond: ((id >= 6090448) AND (id <= 6090548))

table 7 : explain SELECT id, c FROM sbtest7 WHERE id BETWEEN 6090448 AND 6090548
	Index Scan using sbtest7_pkey on sbtest7  (cost=0.43..373.68 rows=94 width=125)
	  Index Cond: ((id >= 6090448) AND (id <= 6090548))

table 8 : explain SELECT id, c FROM sbtest8 WHERE id BETWEEN 6090448 AND 6090548
	Index Scan using sbtest8_pkey on sbtest8  (cost=0.43..389.33 rows=98 width=125)
	  Index Cond: ((id >= 6090448) AND (id <= 6090548))

explain: for range-notcovered :: explain SELECT id, c FROM sbtest%d WHERE id BETWEEN 6090448 AND 6090548
for range-notcovered
table 1 : explain SELECT id, c FROM sbtest1 WHERE id BETWEEN 5468836 AND 5468936
	Index Scan using sbtest1_pkey on sbtest1  (cost=0.43..377.71 rows=95 width=125)
	  Index Cond: ((id >= 5468836) AND (id <= 5468936))

table 2 : explain SELECT id, c FROM sbtest2 WHERE id BETWEEN 5468836 AND 5468936
	Index Scan using sbtest2_pkey on sbtest2  (cost=0.43..346.99 rows=87 width=125)
	  Index Cond: ((id >= 5468836) AND (id <= 5468936))

table 3 : explain SELECT id, c FROM sbtest3 WHERE id BETWEEN 5468836 AND 5468936
	Index Scan using sbtest3_pkey on sbtest3  (cost=0.43..444.58 rows=112 width=125)
	  Index Cond: ((id >= 5468836) AND (id <= 5468936))

table 4 : explain SELECT id, c FROM sbtest4 WHERE id BETWEEN 5468836 AND 5468936
	Index Scan using sbtest4_pkey on sbtest4  (cost=0.43..462.47 rows=116 width=125)
	  Index Cond: ((id >= 5468836) AND (id <= 5468936))

table 5 : explain SELECT id, c FROM sbtest5 WHERE id BETWEEN 5468836 AND 5468936
	Index Scan using sbtest5_pkey on sbtest5  (cost=0.43..389.97 rows=98 width=125)
	  Index Cond: ((id >= 5468836) AND (id <= 5468936))

table 6 : explain SELECT id, c FROM sbtest6 WHERE id BETWEEN 5468836 AND 5468936
	Index Scan using sbtest6_pkey on sbtest6  (cost=0.43..389.51 rows=98 width=125)
	  Index Cond: ((id >= 5468836) AND (id <= 5468936))

table 7 : explain SELECT id, c FROM sbtest7 WHERE id BETWEEN 5468836 AND 5468936
	Index Scan using sbtest7_pkey on sbtest7  (cost=0.43..389.39 rows=98 width=125)
	  Index Cond: ((id >= 5468836) AND (id <= 5468936))

table 8 : explain SELECT id, c FROM sbtest8 WHERE id BETWEEN 5468836 AND 5468936
	Index Scan using sbtest8_pkey on sbtest8  (cost=0.43..456.07 rows=115 width=125)
	  Index Cond: ((id >= 5468836) AND (id <= 5468936))

for range-notcovered
table 1 : explain SELECT id, c FROM sbtest1 WHERE id BETWEEN 3142001 AND 3142101
	Index Scan using sbtest1_pkey on sbtest1  (cost=0.43..432.69 rows=109 width=125)
	  Index Cond: ((id >= 3142001) AND (id <= 3142101))

table 2 : explain SELECT id, c FROM sbtest2 WHERE id BETWEEN 3142001 AND 3142101
	Index Scan using sbtest2_pkey on sbtest2  (cost=0.43..409.98 rows=103 width=125)
	  Index Cond: ((id >= 3142001) AND (id <= 3142101))

table 3 : explain SELECT id, c FROM sbtest3 WHERE id BETWEEN 3142001 AND 3142101
	Index Scan using sbtest3_pkey on sbtest3  (cost=0.43..440.65 rows=111 width=125)
	  Index Cond: ((id >= 3142001) AND (id <= 3142101))

table 4 : explain SELECT id, c FROM sbtest4 WHERE id BETWEEN 3142001 AND 3142101
	Index Scan using sbtest4_pkey on sbtest4  (cost=0.43..426.94 rows=107 width=125)
	  Index Cond: ((id >= 3142001) AND (id <= 3142101))

table 5 : explain SELECT id, c FROM sbtest5 WHERE id BETWEEN 3142001 AND 3142101
	Index Scan using sbtest5_pkey on sbtest5  (cost=0.43..421.43 rows=106 width=125)
	  Index Cond: ((id >= 3142001) AND (id <= 3142101))

table 6 : explain SELECT id, c FROM sbtest6 WHERE id BETWEEN 3142001 AND 3142101
	Index Scan using sbtest6_pkey on sbtest6  (cost=0.43..413.08 rows=104 width=125)
	  Index Cond: ((id >= 3142001) AND (id <= 3142101))

table 7 : explain SELECT id, c FROM sbtest7 WHERE id BETWEEN 3142001 AND 3142101
	Index Scan using sbtest7_pkey on sbtest7  (cost=0.43..361.88 rows=91 width=125)
	  Index Cond: ((id >= 3142001) AND (id <= 3142101))

table 8 : explain SELECT id, c FROM sbtest8 WHERE id BETWEEN 3142001 AND 3142101
	Index Scan using sbtest8_pkey on sbtest8  (cost=0.43..393.26 rows=99 width=125)
	  Index Cond: ((id >= 3142001) AND (id <= 3142101))

explain: for range-notcovered :: explain SELECT id, c FROM sbtest%d WHERE id BETWEEN 5468836 AND 5468936
for range-notcovered
table 1 : explain SELECT id, c FROM sbtest1 WHERE id BETWEEN 2730446 AND 2730546
	Index Scan using sbtest1_pkey on sbtest1  (cost=0.43..389.49 rows=98 width=125)
	  Index Cond: ((id >= 2730446) AND (id <= 2730546))

table 2 : explain SELECT id, c FROM sbtest2 WHERE id BETWEEN 2730446 AND 2730546
	Index Scan using sbtest2_pkey on sbtest2  (cost=0.43..421.79 rows=106 width=125)
	  Index Cond: ((id >= 2730446) AND (id <= 2730546))

table 3 : explain SELECT id, c FROM sbtest3 WHERE id BETWEEN 2730446 AND 2730546
	Index Scan using sbtest3_pkey on sbtest3  (cost=0.43..405.29 rows=102 width=125)
	  Index Cond: ((id >= 2730446) AND (id <= 2730546))

table 4 : explain SELECT id, c FROM sbtest4 WHERE id BETWEEN 2730446 AND 2730546
	Index Scan using sbtest4_pkey on sbtest4  (cost=0.43..438.78 rows=110 width=125)
	  Index Cond: ((id >= 2730446) AND (id <= 2730546))

table 5 : explain SELECT id, c FROM sbtest5 WHERE id BETWEEN 2730446 AND 2730546
	Index Scan using sbtest5_pkey on sbtest5  (cost=0.43..425.36 rows=107 width=125)
	  Index Cond: ((id >= 2730446) AND (id <= 2730546))

table 6 : explain SELECT id, c FROM sbtest6 WHERE id BETWEEN 2730446 AND 2730546
	Index Scan using sbtest6_pkey on sbtest6  (cost=0.43..417.01 rows=105 width=125)
	  Index Cond: ((id >= 2730446) AND (id <= 2730546))

table 7 : explain SELECT id, c FROM sbtest7 WHERE id BETWEEN 2730446 AND 2730546
	Index Scan using sbtest7_pkey on sbtest7  (cost=0.43..420.80 rows=106 width=125)
	  Index Cond: ((id >= 2730446) AND (id <= 2730546))

table 8 : explain SELECT id, c FROM sbtest8 WHERE id BETWEEN 2730446 AND 2730546
	Index Scan using sbtest8_pkey on sbtest8  (cost=0.43..365.76 rows=92 width=125)
	  Index Cond: ((id >= 2730446) AND (id <= 2730546))

explain: for range-notcovered :: explain SELECT id, c FROM sbtest%d WHERE id BETWEEN 3142001 AND 3142101
explain: for range-notcovered :: explain SELECT id, c FROM sbtest%d WHERE id BETWEEN 2730446 AND 2730546
for range-notcovered
table 1 : explain SELECT id, c FROM sbtest1 WHERE id BETWEEN 4549993 AND 4550093
	Index Scan using sbtest1_pkey on sbtest1  (cost=0.43..385.56 rows=97 width=125)
	  Index Cond: ((id >= 4549993) AND (id <= 4550093))

table 2 : explain SELECT id, c FROM sbtest2 WHERE id BETWEEN 4549993 AND 4550093
	Index Scan using sbtest2_pkey on sbtest2  (cost=0.43..366.67 rows=92 width=125)
	  Index Cond: ((id >= 4549993) AND (id <= 4550093))

table 3 : explain SELECT id, c FROM sbtest3 WHERE id BETWEEN 4549993 AND 4550093
	Index Scan using sbtest3_pkey on sbtest3  (cost=0.43..389.58 rows=98 width=125)
	  Index Cond: ((id >= 4549993) AND (id <= 4550093))

table 4 : explain SELECT id, c FROM sbtest4 WHERE id BETWEEN 4549993 AND 4550093
	Index Scan using sbtest4_pkey on sbtest4  (cost=0.43..450.62 rows=113 width=125)
	  Index Cond: ((id >= 4549993) AND (id <= 4550093))

table 5 : explain SELECT id, c FROM sbtest5 WHERE id BETWEEN 4549993 AND 4550093
	Index Scan using sbtest5_pkey on sbtest5  (cost=0.43..429.29 rows=108 width=125)
	  Index Cond: ((id >= 4549993) AND (id <= 4550093))

table 6 : explain SELECT id, c FROM sbtest6 WHERE id BETWEEN 4549993 AND 4550093
	Index Scan using sbtest6_pkey on sbtest6  (cost=0.43..424.86 rows=107 width=125)
	  Index Cond: ((id >= 4549993) AND (id <= 4550093))

table 7 : explain SELECT id, c FROM sbtest7 WHERE id BETWEEN 4549993 AND 4550093
	Index Scan using sbtest7_pkey on sbtest7  (cost=0.43..412.94 rows=104 width=125)
	  Index Cond: ((id >= 4549993) AND (id <= 4550093))

table 8 : explain SELECT id, c FROM sbtest8 WHERE id BETWEEN 4549993 AND 4550093
	Index Scan using sbtest8_pkey on sbtest8  (cost=0.43..389.33 rows=98 width=125)
	  Index Cond: ((id >= 4549993) AND (id <= 4550093))

for range-notcovered
table 1 : explain SELECT id, c FROM sbtest1 WHERE id BETWEEN 6090448 AND 6090548
	Index Scan using sbtest1_pkey on sbtest1  (cost=0.43..385.56 rows=97 width=125)
	  Index Cond: ((id >= 6090448) AND (id <= 6090548))

table 2 : explain SELECT id, c FROM sbtest2 WHERE id BETWEEN 6090448 AND 6090548
	Index Scan using sbtest2_pkey on sbtest2  (cost=0.43..398.18 rows=100 width=125)
	  Index Cond: ((id >= 6090448) AND (id <= 6090548))

table 3 : explain SELECT id, c FROM sbtest3 WHERE id BETWEEN 6090448 AND 6090548
	Index Scan using sbtest3_pkey on sbtest3  (cost=0.43..385.65 rows=97 width=125)
	  Index Cond: ((id >= 6090448) AND (id <= 6090548))

table 4 : explain SELECT id, c FROM sbtest4 WHERE id BETWEEN 6090448 AND 6090548
	Index Scan using sbtest4_pkey on sbtest4  (cost=0.43..407.20 rows=102 width=125)
	  Index Cond: ((id >= 6090448) AND (id <= 6090548))

table 5 : explain SELECT id, c FROM sbtest5 WHERE id BETWEEN 6090448 AND 6090548
	Index Scan using sbtest5_pkey on sbtest5  (cost=0.43..448.95 rows=113 width=125)
	  Index Cond: ((id >= 6090448) AND (id <= 6090548))

table 6 : explain SELECT id, c FROM sbtest6 WHERE id BETWEEN 6090448 AND 6090548
	Index Scan using sbtest6_pkey on sbtest6  (cost=0.43..369.88 rows=93 width=125)
	  Index Cond: ((id >= 6090448) AND (id <= 6090548))

table 7 : explain SELECT id, c FROM sbtest7 WHERE id BETWEEN 6090448 AND 6090548
	Index Scan using sbtest7_pkey on sbtest7  (cost=0.43..373.68 rows=94 width=125)
	  Index Cond: ((id >= 6090448) AND (id <= 6090548))

table 8 : explain SELECT id, c FROM sbtest8 WHERE id BETWEEN 6090448 AND 6090548
	Index Scan using sbtest8_pkey on sbtest8  (cost=0.43..389.33 rows=98 width=125)
	  Index Cond: ((id >= 6090448) AND (id <= 6090548))

for range-notcovered
table 1 : explain SELECT id, c FROM sbtest1 WHERE id BETWEEN 5468836 AND 5468936
	Index Scan using sbtest1_pkey on sbtest1  (cost=0.43..377.71 rows=95 width=125)
	  Index Cond: ((id >= 5468836) AND (id <= 5468936))

table 2 : explain SELECT id, c FROM sbtest2 WHERE id BETWEEN 5468836 AND 5468936
	Index Scan using sbtest2_pkey on sbtest2  (cost=0.43..346.99 rows=87 width=125)
	  Index Cond: ((id >= 5468836) AND (id <= 5468936))

table 3 : explain SELECT id, c FROM sbtest3 WHERE id BETWEEN 5468836 AND 5468936
	Index Scan using sbtest3_pkey on sbtest3  (cost=0.43..444.58 rows=112 width=125)
	  Index Cond: ((id >= 5468836) AND (id <= 5468936))

table 4 : explain SELECT id, c FROM sbtest4 WHERE id BETWEEN 5468836 AND 5468936
	Index Scan using sbtest4_pkey on sbtest4  (cost=0.43..462.47 rows=116 width=125)
	  Index Cond: ((id >= 5468836) AND (id <= 5468936))

table 5 : explain SELECT id, c FROM sbtest5 WHERE id BETWEEN 5468836 AND 5468936
	Index Scan using sbtest5_pkey on sbtest5  (cost=0.43..389.97 rows=98 width=125)
	  Index Cond: ((id >= 5468836) AND (id <= 5468936))

table 6 : explain SELECT id, c FROM sbtest6 WHERE id BETWEEN 5468836 AND 5468936
	Index Scan using sbtest6_pkey on sbtest6  (cost=0.43..389.51 rows=98 width=125)
	  Index Cond: ((id >= 5468836) AND (id <= 5468936))

table 7 : explain SELECT id, c FROM sbtest7 WHERE id BETWEEN 5468836 AND 5468936
	Index Scan using sbtest7_pkey on sbtest7  (cost=0.43..389.39 rows=98 width=125)
	  Index Cond: ((id >= 5468836) AND (id <= 5468936))

table 8 : explain SELECT id, c FROM sbtest8 WHERE id BETWEEN 5468836 AND 5468936
	Index Scan using sbtest8_pkey on sbtest8  (cost=0.43..456.07 rows=115 width=125)
	  Index Cond: ((id >= 5468836) AND (id <= 5468936))

explain: for range-notcovered :: explain SELECT id, c FROM sbtest%d WHERE id BETWEEN 6090448 AND 6090548
for range-notcovered
table 1 : explain SELECT id, c FROM sbtest1 WHERE id BETWEEN 3142001 AND 3142101
	Index Scan using sbtest1_pkey on sbtest1  (cost=0.43..432.69 rows=109 width=125)
	  Index Cond: ((id >= 3142001) AND (id <= 3142101))

table 2 : explain SELECT id, c FROM sbtest2 WHERE id BETWEEN 3142001 AND 3142101
	Index Scan using sbtest2_pkey on sbtest2  (cost=0.43..409.98 rows=103 width=125)
	  Index Cond: ((id >= 3142001) AND (id <= 3142101))

table 3 : explain SELECT id, c FROM sbtest3 WHERE id BETWEEN 3142001 AND 3142101
	Index Scan using sbtest3_pkey on sbtest3  (cost=0.43..440.65 rows=111 width=125)
	  Index Cond: ((id >= 3142001) AND (id <= 3142101))

table 4 : explain SELECT id, c FROM sbtest4 WHERE id BETWEEN 3142001 AND 3142101
	Index Scan using sbtest4_pkey on sbtest4  (cost=0.43..426.94 rows=107 width=125)
	  Index Cond: ((id >= 3142001) AND (id <= 3142101))

table 5 : explain SELECT id, c FROM sbtest5 WHERE id BETWEEN 3142001 AND 3142101
	Index Scan using sbtest5_pkey on sbtest5  (cost=0.43..421.43 rows=106 width=125)
	  Index Cond: ((id >= 3142001) AND (id <= 3142101))

table 6 : explain SELECT id, c FROM sbtest6 WHERE id BETWEEN 3142001 AND 3142101
	Index Scan using sbtest6_pkey on sbtest6  (cost=0.43..413.08 rows=104 width=125)
	  Index Cond: ((id >= 3142001) AND (id <= 3142101))

table 7 : explain SELECT id, c FROM sbtest7 WHERE id BETWEEN 3142001 AND 3142101
	Index Scan using sbtest7_pkey on sbtest7  (cost=0.43..361.88 rows=91 width=125)
	  Index Cond: ((id >= 3142001) AND (id <= 3142101))

table 8 : explain SELECT id, c FROM sbtest8 WHERE id BETWEEN 3142001 AND 3142101
	Index Scan using sbtest8_pkey on sbtest8  (cost=0.43..393.26 rows=99 width=125)
	  Index Cond: ((id >= 3142001) AND (id <= 3142101))

explain: for range-notcovered :: explain SELECT id, c FROM sbtest%d WHERE id BETWEEN 5468836 AND 5468936
for range-notcovered
table 1 : explain SELECT id, c FROM sbtest1 WHERE id BETWEEN 2730446 AND 2730546
	Index Scan using sbtest1_pkey on sbtest1  (cost=0.43..389.49 rows=98 width=125)
	  Index Cond: ((id >= 2730446) AND (id <= 2730546))

table 2 : explain SELECT id, c FROM sbtest2 WHERE id BETWEEN 2730446 AND 2730546
	Index Scan using sbtest2_pkey on sbtest2  (cost=0.43..421.79 rows=106 width=125)
	  Index Cond: ((id >= 2730446) AND (id <= 2730546))

table 3 : explain SELECT id, c FROM sbtest3 WHERE id BETWEEN 2730446 AND 2730546
	Index Scan using sbtest3_pkey on sbtest3  (cost=0.43..405.29 rows=102 width=125)
	  Index Cond: ((id >= 2730446) AND (id <= 2730546))

table 4 : explain SELECT id, c FROM sbtest4 WHERE id BETWEEN 2730446 AND 2730546
	Index Scan using sbtest4_pkey on sbtest4  (cost=0.43..438.78 rows=110 width=125)
	  Index Cond: ((id >= 2730446) AND (id <= 2730546))

table 5 : explain SELECT id, c FROM sbtest5 WHERE id BETWEEN 2730446 AND 2730546
	Index Scan using sbtest5_pkey on sbtest5  (cost=0.43..425.36 rows=107 width=125)
	  Index Cond: ((id >= 2730446) AND (id <= 2730546))

table 6 : explain SELECT id, c FROM sbtest6 WHERE id BETWEEN 2730446 AND 2730546
	Index Scan using sbtest6_pkey on sbtest6  (cost=0.43..417.01 rows=105 width=125)
	  Index Cond: ((id >= 2730446) AND (id <= 2730546))

table 7 : explain SELECT id, c FROM sbtest7 WHERE id BETWEEN 2730446 AND 2730546
	Index Scan using sbtest7_pkey on sbtest7  (cost=0.43..420.80 rows=106 width=125)
	  Index Cond: ((id >= 2730446) AND (id <= 2730546))

table 8 : explain SELECT id, c FROM sbtest8 WHERE id BETWEEN 2730446 AND 2730546
	Index Scan using sbtest8_pkey on sbtest8  (cost=0.43..365.76 rows=92 width=125)
	  Index Cond: ((id >= 2730446) AND (id <= 2730546))

explain: for range-notcovered :: explain SELECT id, c FROM sbtest%d WHERE id BETWEEN 3142001 AND 3142101
explain: for range-notcovered :: explain SELECT id, c FROM sbtest%d WHERE id BETWEEN 2730446 AND 2730546
for range-notcovered
table 1 : explain SELECT id, c FROM sbtest1 WHERE id BETWEEN 6090448 AND 6090548
	Index Scan using sbtest1_pkey on sbtest1  (cost=0.43..385.56 rows=97 width=125)
	  Index Cond: ((id >= 6090448) AND (id <= 6090548))

table 2 : explain SELECT id, c FROM sbtest2 WHERE id BETWEEN 6090448 AND 6090548
	Index Scan using sbtest2_pkey on sbtest2  (cost=0.43..398.18 rows=100 width=125)
	  Index Cond: ((id >= 6090448) AND (id <= 6090548))

table 3 : explain SELECT id, c FROM sbtest3 WHERE id BETWEEN 6090448 AND 6090548
	Index Scan using sbtest3_pkey on sbtest3  (cost=0.43..385.65 rows=97 width=125)
	  Index Cond: ((id >= 6090448) AND (id <= 6090548))

table 4 : explain SELECT id, c FROM sbtest4 WHERE id BETWEEN 6090448 AND 6090548
	Index Scan using sbtest4_pkey on sbtest4  (cost=0.43..407.20 rows=102 width=125)
	  Index Cond: ((id >= 6090448) AND (id <= 6090548))

table 5 : explain SELECT id, c FROM sbtest5 WHERE id BETWEEN 6090448 AND 6090548
	Index Scan using sbtest5_pkey on sbtest5  (cost=0.43..448.95 rows=113 width=125)
	  Index Cond: ((id >= 6090448) AND (id <= 6090548))

table 6 : explain SELECT id, c FROM sbtest6 WHERE id BETWEEN 6090448 AND 6090548
	Index Scan using sbtest6_pkey on sbtest6  (cost=0.43..369.88 rows=93 width=125)
	  Index Cond: ((id >= 6090448) AND (id <= 6090548))

table 7 : explain SELECT id, c FROM sbtest7 WHERE id BETWEEN 6090448 AND 6090548
	Index Scan using sbtest7_pkey on sbtest7  (cost=0.43..373.68 rows=94 width=125)
	  Index Cond: ((id >= 6090448) AND (id <= 6090548))

table 8 : explain SELECT id, c FROM sbtest8 WHERE id BETWEEN 6090448 AND 6090548
	Index Scan using sbtest8_pkey on sbtest8  (cost=0.43..389.33 rows=98 width=125)
	  Index Cond: ((id >= 6090448) AND (id <= 6090548))

explain: for range-notcovered :: explain SELECT id, c FROM sbtest%d WHERE id BETWEEN 6090448 AND 6090548
for range-notcovered
table 1 : explain SELECT id, c FROM sbtest1 WHERE id BETWEEN 5468836 AND 5468936
	Index Scan using sbtest1_pkey on sbtest1  (cost=0.43..377.71 rows=95 width=125)
	  Index Cond: ((id >= 5468836) AND (id <= 5468936))

table 2 : explain SELECT id, c FROM sbtest2 WHERE id BETWEEN 5468836 AND 5468936
	Index Scan using sbtest2_pkey on sbtest2  (cost=0.43..346.99 rows=87 width=125)
	  Index Cond: ((id >= 5468836) AND (id <= 5468936))

table 3 : explain SELECT id, c FROM sbtest3 WHERE id BETWEEN 5468836 AND 5468936
	Index Scan using sbtest3_pkey on sbtest3  (cost=0.43..444.58 rows=112 width=125)
	  Index Cond: ((id >= 5468836) AND (id <= 5468936))

table 4 : explain SELECT id, c FROM sbtest4 WHERE id BETWEEN 5468836 AND 5468936
	Index Scan using sbtest4_pkey on sbtest4  (cost=0.43..462.47 rows=116 width=125)
	  Index Cond: ((id >= 5468836) AND (id <= 5468936))

table 5 : explain SELECT id, c FROM sbtest5 WHERE id BETWEEN 5468836 AND 5468936
	Index Scan using sbtest5_pkey on sbtest5  (cost=0.43..389.97 rows=98 width=125)
	  Index Cond: ((id >= 5468836) AND (id <= 5468936))

table 6 : explain SELECT id, c FROM sbtest6 WHERE id BETWEEN 5468836 AND 5468936
	Index Scan using sbtest6_pkey on sbtest6  (cost=0.43..389.51 rows=98 width=125)
	  Index Cond: ((id >= 5468836) AND (id <= 5468936))

table 7 : explain SELECT id, c FROM sbtest7 WHERE id BETWEEN 5468836 AND 5468936
	Index Scan using sbtest7_pkey on sbtest7  (cost=0.43..389.39 rows=98 width=125)
	  Index Cond: ((id >= 5468836) AND (id <= 5468936))

table 8 : explain SELECT id, c FROM sbtest8 WHERE id BETWEEN 5468836 AND 5468936
	Index Scan using sbtest8_pkey on sbtest8  (cost=0.43..456.07 rows=115 width=125)
	  Index Cond: ((id >= 5468836) AND (id <= 5468936))

for range-notcovered
table 1 : explain SELECT id, c FROM sbtest1 WHERE id BETWEEN 3142001 AND 3142101
	Index Scan using sbtest1_pkey on sbtest1  (cost=0.43..432.69 rows=109 width=125)
	  Index Cond: ((id >= 3142001) AND (id <= 3142101))

table 2 : explain SELECT id, c FROM sbtest2 WHERE id BETWEEN 3142001 AND 3142101
	Index Scan using sbtest2_pkey on sbtest2  (cost=0.43..409.98 rows=103 width=125)
	  Index Cond: ((id >= 3142001) AND (id <= 3142101))

table 3 : explain SELECT id, c FROM sbtest3 WHERE id BETWEEN 3142001 AND 3142101
	Index Scan using sbtest3_pkey on sbtest3  (cost=0.43..440.65 rows=111 width=125)
	  Index Cond: ((id >= 3142001) AND (id <= 3142101))

table 4 : explain SELECT id, c FROM sbtest4 WHERE id BETWEEN 3142001 AND 3142101
	Index Scan using sbtest4_pkey on sbtest4  (cost=0.43..426.94 rows=107 width=125)
	  Index Cond: ((id >= 3142001) AND (id <= 3142101))

table 5 : explain SELECT id, c FROM sbtest5 WHERE id BETWEEN 3142001 AND 3142101
	Index Scan using sbtest5_pkey on sbtest5  (cost=0.43..421.43 rows=106 width=125)
	  Index Cond: ((id >= 3142001) AND (id <= 3142101))

table 6 : explain SELECT id, c FROM sbtest6 WHERE id BETWEEN 3142001 AND 3142101
	Index Scan using sbtest6_pkey on sbtest6  (cost=0.43..413.08 rows=104 width=125)
	  Index Cond: ((id >= 3142001) AND (id <= 3142101))

table 7 : explain SELECT id, c FROM sbtest7 WHERE id BETWEEN 3142001 AND 3142101
	Index Scan using sbtest7_pkey on sbtest7  (cost=0.43..361.88 rows=91 width=125)
	  Index Cond: ((id >= 3142001) AND (id <= 3142101))

table 8 : explain SELECT id, c FROM sbtest8 WHERE id BETWEEN 3142001 AND 3142101
	Index Scan using sbtest8_pkey on sbtest8  (cost=0.43..393.26 rows=99 width=125)
	  Index Cond: ((id >= 3142001) AND (id <= 3142101))

for range-notcovered
table 1 : explain SELECT id, c FROM sbtest1 WHERE id BETWEEN 2730446 AND 2730546
	Index Scan using sbtest1_pkey on sbtest1  (cost=0.43..389.49 rows=98 width=125)
	  Index Cond: ((id >= 2730446) AND (id <= 2730546))

table 2 : explain SELECT id, c FROM sbtest2 WHERE id BETWEEN 2730446 AND 2730546
	Index Scan using sbtest2_pkey on sbtest2  (cost=0.43..421.79 rows=106 width=125)
	  Index Cond: ((id >= 2730446) AND (id <= 2730546))

table 3 : explain SELECT id, c FROM sbtest3 WHERE id BETWEEN 2730446 AND 2730546
	Index Scan using sbtest3_pkey on sbtest3  (cost=0.43..405.29 rows=102 width=125)
	  Index Cond: ((id >= 2730446) AND (id <= 2730546))

table 4 : explain SELECT id, c FROM sbtest4 WHERE id BETWEEN 2730446 AND 2730546
	Index Scan using sbtest4_pkey on sbtest4  (cost=0.43..438.78 rows=110 width=125)
	  Index Cond: ((id >= 2730446) AND (id <= 2730546))

table 5 : explain SELECT id, c FROM sbtest5 WHERE id BETWEEN 2730446 AND 2730546
	Index Scan using sbtest5_pkey on sbtest5  (cost=0.43..425.36 rows=107 width=125)
	  Index Cond: ((id >= 2730446) AND (id <= 2730546))

table 6 : explain SELECT id, c FROM sbtest6 WHERE id BETWEEN 2730446 AND 2730546
	Index Scan using sbtest6_pkey on sbtest6  (cost=0.43..417.01 rows=105 width=125)
	  Index Cond: ((id >= 2730446) AND (id <= 2730546))

table 7 : explain SELECT id, c FROM sbtest7 WHERE id BETWEEN 2730446 AND 2730546
	Index Scan using sbtest7_pkey on sbtest7  (cost=0.43..420.80 rows=106 width=125)
	  Index Cond: ((id >= 2730446) AND (id <= 2730546))

table 8 : explain SELECT id, c FROM sbtest8 WHERE id BETWEEN 2730446 AND 2730546
	Index Scan using sbtest8_pkey on sbtest8  (cost=0.43..365.76 rows=92 width=125)
	  Index Cond: ((id >= 2730446) AND (id <= 2730546))

explain: for range-notcovered :: explain SELECT id, c FROM sbtest%d WHERE id BETWEEN 3142001 AND 3142101
explain: for range-notcovered :: explain SELECT id, c FROM sbtest%d WHERE id BETWEEN 2730446 AND 2730546
for range-notcovered
table 1 : explain SELECT id, c FROM sbtest1 WHERE id BETWEEN 6090448 AND 6090548
	Index Scan using sbtest1_pkey on sbtest1  (cost=0.43..385.56 rows=97 width=125)
	  Index Cond: ((id >= 6090448) AND (id <= 6090548))

table 2 : explain SELECT id, c FROM sbtest2 WHERE id BETWEEN 6090448 AND 6090548
	Index Scan using sbtest2_pkey on sbtest2  (cost=0.43..398.18 rows=100 width=125)
	  Index Cond: ((id >= 6090448) AND (id <= 6090548))

table 3 : explain SELECT id, c FROM sbtest3 WHERE id BETWEEN 6090448 AND 6090548
	Index Scan using sbtest3_pkey on sbtest3  (cost=0.43..385.65 rows=97 width=125)
	  Index Cond: ((id >= 6090448) AND (id <= 6090548))

table 4 : explain SELECT id, c FROM sbtest4 WHERE id BETWEEN 6090448 AND 6090548
	Index Scan using sbtest4_pkey on sbtest4  (cost=0.43..407.20 rows=102 width=125)
	  Index Cond: ((id >= 6090448) AND (id <= 6090548))

table 5 : explain SELECT id, c FROM sbtest5 WHERE id BETWEEN 6090448 AND 6090548
	Index Scan using sbtest5_pkey on sbtest5  (cost=0.43..448.95 rows=113 width=125)
	  Index Cond: ((id >= 6090448) AND (id <= 6090548))

table 6 : explain SELECT id, c FROM sbtest6 WHERE id BETWEEN 6090448 AND 6090548
	Index Scan using sbtest6_pkey on sbtest6  (cost=0.43..369.88 rows=93 width=125)
	  Index Cond: ((id >= 6090448) AND (id <= 6090548))

table 7 : explain SELECT id, c FROM sbtest7 WHERE id BETWEEN 6090448 AND 6090548
	Index Scan using sbtest7_pkey on sbtest7  (cost=0.43..373.68 rows=94 width=125)
	  Index Cond: ((id >= 6090448) AND (id <= 6090548))

table 8 : explain SELECT id, c FROM sbtest8 WHERE id BETWEEN 6090448 AND 6090548
	Index Scan using sbtest8_pkey on sbtest8  (cost=0.43..389.33 rows=98 width=125)
	  Index Cond: ((id >= 6090448) AND (id <= 6090548))

explain: for range-notcovered :: explain SELECT id, c FROM sbtest%d WHERE id BETWEEN 6090448 AND 6090548
for range-notcovered
table 1 : explain SELECT id, c FROM sbtest1 WHERE id BETWEEN 3142001 AND 3142101
	Index Scan using sbtest1_pkey on sbtest1  (cost=0.43..432.69 rows=109 width=125)
	  Index Cond: ((id >= 3142001) AND (id <= 3142101))

table 2 : explain SELECT id, c FROM sbtest2 WHERE id BETWEEN 3142001 AND 3142101
	Index Scan using sbtest2_pkey on sbtest2  (cost=0.43..409.98 rows=103 width=125)
	  Index Cond: ((id >= 3142001) AND (id <= 3142101))

table 3 : explain SELECT id, c FROM sbtest3 WHERE id BETWEEN 3142001 AND 3142101
	Index Scan using sbtest3_pkey on sbtest3  (cost=0.43..440.65 rows=111 width=125)
	  Index Cond: ((id >= 3142001) AND (id <= 3142101))

table 4 : explain SELECT id, c FROM sbtest4 WHERE id BETWEEN 3142001 AND 3142101
	Index Scan using sbtest4_pkey on sbtest4  (cost=0.43..426.94 rows=107 width=125)
	  Index Cond: ((id >= 3142001) AND (id <= 3142101))

table 5 : explain SELECT id, c FROM sbtest5 WHERE id BETWEEN 3142001 AND 3142101
	Index Scan using sbtest5_pkey on sbtest5  (cost=0.43..421.43 rows=106 width=125)
	  Index Cond: ((id >= 3142001) AND (id <= 3142101))

table 6 : explain SELECT id, c FROM sbtest6 WHERE id BETWEEN 3142001 AND 3142101
	Index Scan using sbtest6_pkey on sbtest6  (cost=0.43..413.08 rows=104 width=125)
	  Index Cond: ((id >= 3142001) AND (id <= 3142101))

table 7 : explain SELECT id, c FROM sbtest7 WHERE id BETWEEN 3142001 AND 3142101
	Index Scan using sbtest7_pkey on sbtest7  (cost=0.43..361.88 rows=91 width=125)
	  Index Cond: ((id >= 3142001) AND (id <= 3142101))

table 8 : explain SELECT id, c FROM sbtest8 WHERE id BETWEEN 3142001 AND 3142101
	Index Scan using sbtest8_pkey on sbtest8  (cost=0.43..393.26 rows=99 width=125)
	  Index Cond: ((id >= 3142001) AND (id <= 3142101))

for range-notcovered
table 1 : explain SELECT id, c FROM sbtest1 WHERE id BETWEEN 2730446 AND 2730546
	Index Scan using sbtest1_pkey on sbtest1  (cost=0.43..389.49 rows=98 width=125)
	  Index Cond: ((id >= 2730446) AND (id <= 2730546))

table 2 : explain SELECT id, c FROM sbtest2 WHERE id BETWEEN 2730446 AND 2730546
	Index Scan using sbtest2_pkey on sbtest2  (cost=0.43..421.79 rows=106 width=125)
	  Index Cond: ((id >= 2730446) AND (id <= 2730546))

table 3 : explain SELECT id, c FROM sbtest3 WHERE id BETWEEN 2730446 AND 2730546
	Index Scan using sbtest3_pkey on sbtest3  (cost=0.43..405.29 rows=102 width=125)
	  Index Cond: ((id >= 2730446) AND (id <= 2730546))

table 4 : explain SELECT id, c FROM sbtest4 WHERE id BETWEEN 2730446 AND 2730546
	Index Scan using sbtest4_pkey on sbtest4  (cost=0.43..438.78 rows=110 width=125)
	  Index Cond: ((id >= 2730446) AND (id <= 2730546))

table 5 : explain SELECT id, c FROM sbtest5 WHERE id BETWEEN 2730446 AND 2730546
	Index Scan using sbtest5_pkey on sbtest5  (cost=0.43..425.36 rows=107 width=125)
	  Index Cond: ((id >= 2730446) AND (id <= 2730546))

table 6 : explain SELECT id, c FROM sbtest6 WHERE id BETWEEN 2730446 AND 2730546
	Index Scan using sbtest6_pkey on sbtest6  (cost=0.43..417.01 rows=105 width=125)
	  Index Cond: ((id >= 2730446) AND (id <= 2730546))

table 7 : explain SELECT id, c FROM sbtest7 WHERE id BETWEEN 2730446 AND 2730546
	Index Scan using sbtest7_pkey on sbtest7  (cost=0.43..420.80 rows=106 width=125)
	  Index Cond: ((id >= 2730446) AND (id <= 2730546))

table 8 : explain SELECT id, c FROM sbtest8 WHERE id BETWEEN 2730446 AND 2730546
	Index Scan using sbtest8_pkey on sbtest8  (cost=0.43..365.76 rows=92 width=125)
	  Index Cond: ((id >= 2730446) AND (id <= 2730546))

explain: for range-notcovered :: explain SELECT id, c FROM sbtest%d WHERE id BETWEEN 3142001 AND 3142101
explain: for range-notcovered :: explain SELECT id, c FROM sbtest%d WHERE id BETWEEN 2730446 AND 2730546
for range-notcovered
table 1 : explain SELECT id, c FROM sbtest1 WHERE id BETWEEN 6090448 AND 6090548
	Index Scan using sbtest1_pkey on sbtest1  (cost=0.43..385.56 rows=97 width=125)
	  Index Cond: ((id >= 6090448) AND (id <= 6090548))

table 2 : explain SELECT id, c FROM sbtest2 WHERE id BETWEEN 6090448 AND 6090548
	Index Scan using sbtest2_pkey on sbtest2  (cost=0.43..398.18 rows=100 width=125)
	  Index Cond: ((id >= 6090448) AND (id <= 6090548))

table 3 : explain SELECT id, c FROM sbtest3 WHERE id BETWEEN 6090448 AND 6090548
	Index Scan using sbtest3_pkey on sbtest3  (cost=0.43..385.65 rows=97 width=125)
	  Index Cond: ((id >= 6090448) AND (id <= 6090548))

table 4 : explain SELECT id, c FROM sbtest4 WHERE id BETWEEN 6090448 AND 6090548
	Index Scan using sbtest4_pkey on sbtest4  (cost=0.43..407.20 rows=102 width=125)
	  Index Cond: ((id >= 6090448) AND (id <= 6090548))

table 5 : explain SELECT id, c FROM sbtest5 WHERE id BETWEEN 6090448 AND 6090548
	Index Scan using sbtest5_pkey on sbtest5  (cost=0.43..448.95 rows=113 width=125)
	  Index Cond: ((id >= 6090448) AND (id <= 6090548))

table 6 : explain SELECT id, c FROM sbtest6 WHERE id BETWEEN 6090448 AND 6090548
	Index Scan using sbtest6_pkey on sbtest6  (cost=0.43..369.88 rows=93 width=125)
	  Index Cond: ((id >= 6090448) AND (id <= 6090548))

table 7 : explain SELECT id, c FROM sbtest7 WHERE id BETWEEN 6090448 AND 6090548
	Index Scan using sbtest7_pkey on sbtest7  (cost=0.43..373.68 rows=94 width=125)
	  Index Cond: ((id >= 6090448) AND (id <= 6090548))

table 8 : explain SELECT id, c FROM sbtest8 WHERE id BETWEEN 6090448 AND 6090548
	Index Scan using sbtest8_pkey on sbtest8  (cost=0.43..389.33 rows=98 width=125)
	  Index Cond: ((id >= 6090448) AND (id <= 6090548))

explain: for range-notcovered :: explain SELECT id, c FROM sbtest%d WHERE id BETWEEN 6090448 AND 6090548
for range-notcovered
table 1 : explain SELECT id, c FROM sbtest1 WHERE id BETWEEN 3142001 AND 3142101
	Index Scan using sbtest1_pkey on sbtest1  (cost=0.43..432.69 rows=109 width=125)
	  Index Cond: ((id >= 3142001) AND (id <= 3142101))

table 2 : explain SELECT id, c FROM sbtest2 WHERE id BETWEEN 3142001 AND 3142101
	Index Scan using sbtest2_pkey on sbtest2  (cost=0.43..409.98 rows=103 width=125)
	  Index Cond: ((id >= 3142001) AND (id <= 3142101))

table 3 : explain SELECT id, c FROM sbtest3 WHERE id BETWEEN 3142001 AND 3142101
	Index Scan using sbtest3_pkey on sbtest3  (cost=0.43..440.65 rows=111 width=125)
	  Index Cond: ((id >= 3142001) AND (id <= 3142101))

table 4 : explain SELECT id, c FROM sbtest4 WHERE id BETWEEN 3142001 AND 3142101
	Index Scan using sbtest4_pkey on sbtest4  (cost=0.43..426.94 rows=107 width=125)
	  Index Cond: ((id >= 3142001) AND (id <= 3142101))

table 5 : explain SELECT id, c FROM sbtest5 WHERE id BETWEEN 3142001 AND 3142101
	Index Scan using sbtest5_pkey on sbtest5  (cost=0.43..421.43 rows=106 width=125)
	  Index Cond: ((id >= 3142001) AND (id <= 3142101))

table 6 : explain SELECT id, c FROM sbtest6 WHERE id BETWEEN 3142001 AND 3142101
	Index Scan using sbtest6_pkey on sbtest6  (cost=0.43..413.08 rows=104 width=125)
	  Index Cond: ((id >= 3142001) AND (id <= 3142101))

table 7 : explain SELECT id, c FROM sbtest7 WHERE id BETWEEN 3142001 AND 3142101
	Index Scan using sbtest7_pkey on sbtest7  (cost=0.43..361.88 rows=91 width=125)
	  Index Cond: ((id >= 3142001) AND (id <= 3142101))

table 8 : explain SELECT id, c FROM sbtest8 WHERE id BETWEEN 3142001 AND 3142101
	Index Scan using sbtest8_pkey on sbtest8  (cost=0.43..393.26 rows=99 width=125)
	  Index Cond: ((id >= 3142001) AND (id <= 3142101))

for range-notcovered
table 1 : explain SELECT id, c FROM sbtest1 WHERE id BETWEEN 2730446 AND 2730546
	Index Scan using sbtest1_pkey on sbtest1  (cost=0.43..389.49 rows=98 width=125)
	  Index Cond: ((id >= 2730446) AND (id <= 2730546))

table 2 : explain SELECT id, c FROM sbtest2 WHERE id BETWEEN 2730446 AND 2730546
	Index Scan using sbtest2_pkey on sbtest2  (cost=0.43..421.79 rows=106 width=125)
	  Index Cond: ((id >= 2730446) AND (id <= 2730546))

table 3 : explain SELECT id, c FROM sbtest3 WHERE id BETWEEN 2730446 AND 2730546
	Index Scan using sbtest3_pkey on sbtest3  (cost=0.43..405.29 rows=102 width=125)
	  Index Cond: ((id >= 2730446) AND (id <= 2730546))

table 4 : explain SELECT id, c FROM sbtest4 WHERE id BETWEEN 2730446 AND 2730546
	Index Scan using sbtest4_pkey on sbtest4  (cost=0.43..438.78 rows=110 width=125)
	  Index Cond: ((id >= 2730446) AND (id <= 2730546))

table 5 : explain SELECT id, c FROM sbtest5 WHERE id BETWEEN 2730446 AND 2730546
	Index Scan using sbtest5_pkey on sbtest5  (cost=0.43..425.36 rows=107 width=125)
	  Index Cond: ((id >= 2730446) AND (id <= 2730546))

table 6 : explain SELECT id, c FROM sbtest6 WHERE id BETWEEN 2730446 AND 2730546
	Index Scan using sbtest6_pkey on sbtest6  (cost=0.43..417.01 rows=105 width=125)
	  Index Cond: ((id >= 2730446) AND (id <= 2730546))

table 7 : explain SELECT id, c FROM sbtest7 WHERE id BETWEEN 2730446 AND 2730546
	Index Scan using sbtest7_pkey on sbtest7  (cost=0.43..420.80 rows=106 width=125)
	  Index Cond: ((id >= 2730446) AND (id <= 2730546))

table 8 : explain SELECT id, c FROM sbtest8 WHERE id BETWEEN 2730446 AND 2730546
	Index Scan using sbtest8_pkey on sbtest8  (cost=0.43..365.76 rows=92 width=125)
	  Index Cond: ((id >= 2730446) AND (id <= 2730546))

explain: for range-notcovered :: explain SELECT id, c FROM sbtest%d WHERE id BETWEEN 3142001 AND 3142101
explain: for range-notcovered :: explain SELECT id, c FROM sbtest%d WHERE id BETWEEN 2730446 AND 2730546
for range-notcovered
table 1 : explain SELECT id, c FROM sbtest1 WHERE id BETWEEN 6090448 AND 6090548
	Index Scan using sbtest1_pkey on sbtest1  (cost=0.43..385.56 rows=97 width=125)
	  Index Cond: ((id >= 6090448) AND (id <= 6090548))

table 2 : explain SELECT id, c FROM sbtest2 WHERE id BETWEEN 6090448 AND 6090548
	Index Scan using sbtest2_pkey on sbtest2  (cost=0.43..398.18 rows=100 width=125)
	  Index Cond: ((id >= 6090448) AND (id <= 6090548))

table 3 : explain SELECT id, c FROM sbtest3 WHERE id BETWEEN 6090448 AND 6090548
	Index Scan using sbtest3_pkey on sbtest3  (cost=0.43..385.65 rows=97 width=125)
	  Index Cond: ((id >= 6090448) AND (id <= 6090548))

table 4 : explain SELECT id, c FROM sbtest4 WHERE id BETWEEN 6090448 AND 6090548
	Index Scan using sbtest4_pkey on sbtest4  (cost=0.43..407.20 rows=102 width=125)
	  Index Cond: ((id >= 6090448) AND (id <= 6090548))

table 5 : explain SELECT id, c FROM sbtest5 WHERE id BETWEEN 6090448 AND 6090548
	Index Scan using sbtest5_pkey on sbtest5  (cost=0.43..448.95 rows=113 width=125)
	  Index Cond: ((id >= 6090448) AND (id <= 6090548))

table 6 : explain SELECT id, c FROM sbtest6 WHERE id BETWEEN 6090448 AND 6090548
	Index Scan using sbtest6_pkey on sbtest6  (cost=0.43..369.88 rows=93 width=125)
	  Index Cond: ((id >= 6090448) AND (id <= 6090548))

table 7 : explain SELECT id, c FROM sbtest7 WHERE id BETWEEN 6090448 AND 6090548
	Index Scan using sbtest7_pkey on sbtest7  (cost=0.43..373.68 rows=94 width=125)
	  Index Cond: ((id >= 6090448) AND (id <= 6090548))

table 8 : explain SELECT id, c FROM sbtest8 WHERE id BETWEEN 6090448 AND 6090548
	Index Scan using sbtest8_pkey on sbtest8  (cost=0.43..389.33 rows=98 width=125)
	  Index Cond: ((id >= 6090448) AND (id <= 6090548))

for range-notcovered
table 1 : explain SELECT id, c FROM sbtest1 WHERE id BETWEEN 3142001 AND 3142101
	Index Scan using sbtest1_pkey on sbtest1  (cost=0.43..432.69 rows=109 width=125)
	  Index Cond: ((id >= 3142001) AND (id <= 3142101))

table 2 : explain SELECT id, c FROM sbtest2 WHERE id BETWEEN 3142001 AND 3142101
	Index Scan using sbtest2_pkey on sbtest2  (cost=0.43..409.98 rows=103 width=125)
	  Index Cond: ((id >= 3142001) AND (id <= 3142101))

table 3 : explain SELECT id, c FROM sbtest3 WHERE id BETWEEN 3142001 AND 3142101
	Index Scan using sbtest3_pkey on sbtest3  (cost=0.43..440.65 rows=111 width=125)
	  Index Cond: ((id >= 3142001) AND (id <= 3142101))

table 4 : explain SELECT id, c FROM sbtest4 WHERE id BETWEEN 3142001 AND 3142101
	Index Scan using sbtest4_pkey on sbtest4  (cost=0.43..426.94 rows=107 width=125)
	  Index Cond: ((id >= 3142001) AND (id <= 3142101))

table 5 : explain SELECT id, c FROM sbtest5 WHERE id BETWEEN 3142001 AND 3142101
	Index Scan using sbtest5_pkey on sbtest5  (cost=0.43..421.43 rows=106 width=125)
	  Index Cond: ((id >= 3142001) AND (id <= 3142101))

table 6 : explain SELECT id, c FROM sbtest6 WHERE id BETWEEN 3142001 AND 3142101
	Index Scan using sbtest6_pkey on sbtest6  (cost=0.43..413.08 rows=104 width=125)
	  Index Cond: ((id >= 3142001) AND (id <= 3142101))

table 7 : explain SELECT id, c FROM sbtest7 WHERE id BETWEEN 3142001 AND 3142101
	Index Scan using sbtest7_pkey on sbtest7  (cost=0.43..361.88 rows=91 width=125)
	  Index Cond: ((id >= 3142001) AND (id <= 3142101))

table 8 : explain SELECT id, c FROM sbtest8 WHERE id BETWEEN 3142001 AND 3142101
	Index Scan using sbtest8_pkey on sbtest8  (cost=0.43..393.26 rows=99 width=125)
	  Index Cond: ((id >= 3142001) AND (id <= 3142101))

for range-notcovered
table 1 : explain SELECT id, c FROM sbtest1 WHERE id BETWEEN 2730446 AND 2730546
	Index Scan using sbtest1_pkey on sbtest1  (cost=0.43..389.49 rows=98 width=125)
	  Index Cond: ((id >= 2730446) AND (id <= 2730546))

table 2 : explain SELECT id, c FROM sbtest2 WHERE id BETWEEN 2730446 AND 2730546
	Index Scan using sbtest2_pkey on sbtest2  (cost=0.43..421.79 rows=106 width=125)
	  Index Cond: ((id >= 2730446) AND (id <= 2730546))

table 3 : explain SELECT id, c FROM sbtest3 WHERE id BETWEEN 2730446 AND 2730546
	Index Scan using sbtest3_pkey on sbtest3  (cost=0.43..405.29 rows=102 width=125)
	  Index Cond: ((id >= 2730446) AND (id <= 2730546))

table 4 : explain SELECT id, c FROM sbtest4 WHERE id BETWEEN 2730446 AND 2730546
	Index Scan using sbtest4_pkey on sbtest4  (cost=0.43..438.78 rows=110 width=125)
	  Index Cond: ((id >= 2730446) AND (id <= 2730546))

table 5 : explain SELECT id, c FROM sbtest5 WHERE id BETWEEN 2730446 AND 2730546
	Index Scan using sbtest5_pkey on sbtest5  (cost=0.43..425.36 rows=107 width=125)
	  Index Cond: ((id >= 2730446) AND (id <= 2730546))

table 6 : explain SELECT id, c FROM sbtest6 WHERE id BETWEEN 2730446 AND 2730546
	Index Scan using sbtest6_pkey on sbtest6  (cost=0.43..417.01 rows=105 width=125)
	  Index Cond: ((id >= 2730446) AND (id <= 2730546))

table 7 : explain SELECT id, c FROM sbtest7 WHERE id BETWEEN 2730446 AND 2730546
	Index Scan using sbtest7_pkey on sbtest7  (cost=0.43..420.80 rows=106 width=125)
	  Index Cond: ((id >= 2730446) AND (id <= 2730546))

table 8 : explain SELECT id, c FROM sbtest8 WHERE id BETWEEN 2730446 AND 2730546
	Index Scan using sbtest8_pkey on sbtest8  (cost=0.43..365.76 rows=92 width=125)
	  Index Cond: ((id >= 2730446) AND (id <= 2730546))

explain: for range-notcovered :: explain SELECT id, c FROM sbtest%d WHERE id BETWEEN 2730446 AND 2730546
for range-notcovered
table 1 : explain SELECT id, c FROM sbtest1 WHERE id BETWEEN 2730446 AND 2730546
	Index Scan using sbtest1_pkey on sbtest1  (cost=0.43..389.49 rows=98 width=125)
	  Index Cond: ((id >= 2730446) AND (id <= 2730546))

table 2 : explain SELECT id, c FROM sbtest2 WHERE id BETWEEN 2730446 AND 2730546
	Index Scan using sbtest2_pkey on sbtest2  (cost=0.43..421.79 rows=106 width=125)
	  Index Cond: ((id >= 2730446) AND (id <= 2730546))

table 3 : explain SELECT id, c FROM sbtest3 WHERE id BETWEEN 2730446 AND 2730546
	Index Scan using sbtest3_pkey on sbtest3  (cost=0.43..405.29 rows=102 width=125)
	  Index Cond: ((id >= 2730446) AND (id <= 2730546))

table 4 : explain SELECT id, c FROM sbtest4 WHERE id BETWEEN 2730446 AND 2730546
	Index Scan using sbtest4_pkey on sbtest4  (cost=0.43..438.78 rows=110 width=125)
	  Index Cond: ((id >= 2730446) AND (id <= 2730546))

table 5 : explain SELECT id, c FROM sbtest5 WHERE id BETWEEN 2730446 AND 2730546
	Index Scan using sbtest5_pkey on sbtest5  (cost=0.43..425.36 rows=107 width=125)
	  Index Cond: ((id >= 2730446) AND (id <= 2730546))

table 6 : explain SELECT id, c FROM sbtest6 WHERE id BETWEEN 2730446 AND 2730546
	Index Scan using sbtest6_pkey on sbtest6  (cost=0.43..417.01 rows=105 width=125)
	  Index Cond: ((id >= 2730446) AND (id <= 2730546))

table 7 : explain SELECT id, c FROM sbtest7 WHERE id BETWEEN 2730446 AND 2730546
	Index Scan using sbtest7_pkey on sbtest7  (cost=0.43..420.80 rows=106 width=125)
	  Index Cond: ((id >= 2730446) AND (id <= 2730546))

table 8 : explain SELECT id, c FROM sbtest8 WHERE id BETWEEN 2730446 AND 2730546
	Index Scan using sbtest8_pkey on sbtest8  (cost=0.43..365.76 rows=92 width=125)
	  Index Cond: ((id >= 2730446) AND (id <= 2730546))

Threads started!

Warming up for 5 seconds...

SQL statistics:
    queries performed:
        read:                            121386138
        write:                           0
        other:                           0
        total:                           121386138
    transactions:                        121386138 (192674.73 per sec.)
    queries:                             121386138 (192674.73 per sec.)
    ignored errors:                      0      (0.00 per sec.)
    reconnects:                          0      (0.00 per sec.)

Throughput:
    events/s (eps):                      192674.7304
    time elapsed:                        630.0057s
    total number of events:              121386138

Latency (ms):
         min:                                    0.07
         avg:                                    0.21
         max:                                   24.21
         95th percentile:                        0.22
         sum:                             25158290.49

Threads fairness:
    events (avg/stddev):           3034649.1500/8264.40
    execution time (avg/stddev):   628.9573/0.05

