LUA_PATH=/home/mdcallag/git/mytools/bench/sysbench.lua/lua/?.lua /home/mdcallag/git/mytools/bench/sysbench.lua/lua/sysbench --db-driver=pgsql --range-size=10 --table-size=10000000 --tables=8 --threads=40 --events=0 --warmup-time=5 --time=630 --pgsql_conn_id=true /home/mdcallag/git/mytools/bench/sysbench.lua/lua/oltp_inlist_select.lua run --pgsql-user=root --pgsql-password=pw --pgsql-host=127.0.0.1 --pgsql-db=ib --rand-type=uniform --random-points=10 --skip-trx
48 CPUs
sysbench 1.1.0-9072687 (using bundled LuaJIT 2.1.0-beta3)

Running the test with following options:
Number of threads: 40
Warmup time: 5s
Initializing random number generator from current time


Initializing worker threads...

explain: for select-inlist :: explain SELECT c FROM sbtest%d WHERE id IN ( 8214221, 3320869, 6943443, 2476825, 8241321, 5192198, 977950, 8801667, 8323130, 2891833)
for select-inlist
table 1 : explain SELECT c FROM sbtest1 WHERE id IN ( 8214221, 3320869, 6943443, 2476825, 8241321, 5192198, 977950, 8801667, 8323130, 2891833)
	Index Scan using sbtest1_pkey on sbtest1  (cost=0.43..83.69 rows=10 width=121)
	  Index Cond: (id = ANY ('{8214221,3320869,6943443,2476825,8241321,5192198,977950,8801667,8323130,2891833}'::integer[]))

table 2 : explain SELECT c FROM sbtest2 WHERE id IN ( 8214221, 3320869, 6943443, 2476825, 8241321, 5192198, 977950, 8801667, 8323130, 2891833)
	Index Scan using sbtest2_pkey on sbtest2  (cost=0.43..83.77 rows=10 width=121)
	  Index Cond: (id = ANY ('{8214221,3320869,6943443,2476825,8241321,5192198,977950,8801667,8323130,2891833}'::integer[]))

table 3 : explain SELECT c FROM sbtest3 WHERE id IN ( 8214221, 3320869, 6943443, 2476825, 8241321, 5192198, 977950, 8801667, 8323130, 2891833)
	Index Scan using sbtest3_pkey on sbtest3  (cost=0.43..83.70 rows=10 width=121)
	  Index Cond: (id = ANY ('{8214221,3320869,6943443,2476825,8241321,5192198,977950,8801667,8323130,2891833}'::integer[]))

table 4 : explain SELECT c FROM sbtest4 WHERE id IN ( 8214221, 3320869, 6943443, 2476825, 8241321, 5192198, 977950, 8801667, 8323130, 2891833)
	Index Scan using sbtest4_pkey on sbtest4  (cost=0.43..83.87 rows=10 width=121)
	  Index Cond: (id = ANY ('{8214221,3320869,6943443,2476825,8241321,5192198,977950,8801667,8323130,2891833}'::integer[]))

table 5 : explain SELECT c FROM sbtest5 WHERE id IN ( 8214221, 3320869, 6943443, 2476825, 8241321, 5192198, 977950, 8801667, 8323130, 2891833)
	Index Scan using sbtest5_pkey on sbtest5  (cost=0.43..83.74 rows=10 width=121)
	  Index Cond: (id = ANY ('{8214221,3320869,6943443,2476825,8241321,5192198,977950,8801667,8323130,2891833}'::integer[]))

table 6 : explain SELECT c FROM sbtest6 WHERE id IN ( 8214221, 3320869, 6943443, 2476825, 8241321, 5192198, 977950, 8801667, 8323130, 2891833)
	Index Scan using sbtest6_pkey on sbtest6  (cost=0.43..83.69 rows=10 width=121)
	  Index Cond: (id = ANY ('{8214221,3320869,6943443,2476825,8241321,5192198,977950,8801667,8323130,2891833}'::integer[]))

table 7 : explain SELECT c FROM sbtest7 WHERE id IN ( 8214221, 3320869, 6943443, 2476825, 8241321, 5192198, 977950, 8801667, 8323130, 2891833)
	Index Scan using sbtest7_pkey on sbtest7  (cost=0.43..83.68 rows=10 width=121)
	  Index Cond: (id = ANY ('{8214221,3320869,6943443,2476825,8241321,5192198,977950,8801667,8323130,2891833}'::integer[]))

table 8 : explain SELECT c FROM sbtest8 WHERE id IN ( 8214221, 3320869, 6943443, 2476825, 8241321, 5192198, 977950, 8801667, 8323130, 2891833)
	Index Scan using sbtest8_pkey on sbtest8  (cost=0.43..83.68 rows=10 width=121)
	  Index Cond: (id = ANY ('{8214221,3320869,6943443,2476825,8241321,5192198,977950,8801667,8323130,2891833}'::integer[]))

explain: for select-inlist :: explain SELECT c FROM sbtest%d WHERE id IN ( 566402, 3671192, 7941430, 137014, 4737833, 7015439, 9111927, 8363000, 164935, 7470606)
explain: for select-inlist :: explain SELECT c FROM sbtest%d WHERE id IN ( 4533788, 5411076, 2077370, 3009010, 4343041, 2246975, 615972, 322407, 8820609, 6325178)
explain: for select-inlist :: explain SELECT c FROM sbtest%d WHERE id IN ( 6807320, 4029966, 5605275, 1042113, 4252587, 4098099, 776334, 2316351, 7727428, 5097426)
explain: for select-inlist :: explain SELECT c FROM sbtest%d WHERE id IN ( 9558484, 1447060, 961890, 6192001, 9643762, 1028902, 3242143, 8466840, 4318379, 9780950)
for select-inlist
table 1 : explain SELECT c FROM sbtest1 WHERE id IN ( 4533788, 5411076, 2077370, 3009010, 4343041, 2246975, 615972, 322407, 8820609, 6325178)
	Index Scan using sbtest1_pkey on sbtest1  (cost=0.43..83.69 rows=10 width=121)
	  Index Cond: (id = ANY ('{4533788,5411076,2077370,3009010,4343041,2246975,615972,322407,8820609,6325178}'::integer[]))

table 2 : explain SELECT c FROM sbtest2 WHERE id IN ( 4533788, 5411076, 2077370, 3009010, 4343041, 2246975, 615972, 322407, 8820609, 6325178)
	Index Scan using sbtest2_pkey on sbtest2  (cost=0.43..83.77 rows=10 width=121)
	  Index Cond: (id = ANY ('{4533788,5411076,2077370,3009010,4343041,2246975,615972,322407,8820609,6325178}'::integer[]))

table 3 : explain SELECT c FROM sbtest3 WHERE id IN ( 4533788, 5411076, 2077370, 3009010, 4343041, 2246975, 615972, 322407, 8820609, 6325178)
	Index Scan using sbtest3_pkey on sbtest3  (cost=0.43..83.70 rows=10 width=121)
	  Index Cond: (id = ANY ('{4533788,5411076,2077370,3009010,4343041,2246975,615972,322407,8820609,6325178}'::integer[]))

table 4 : explain SELECT c FROM sbtest4 WHERE id IN ( 4533788, 5411076, 2077370, 3009010, 4343041, 2246975, 615972, 322407, 8820609, 6325178)
	Index Scan using sbtest4_pkey on sbtest4  (cost=0.43..83.87 rows=10 width=121)
	  Index Cond: (id = ANY ('{4533788,5411076,2077370,3009010,4343041,2246975,615972,322407,8820609,6325178}'::integer[]))

table 5 : explain SELECT c FROM sbtest5 WHERE id IN ( 4533788, 5411076, 2077370, 3009010, 4343041, 2246975, 615972, 322407, 8820609, 6325178)
	Index Scan using sbtest5_pkey on sbtest5  (cost=0.43..83.74 rows=10 width=121)
	  Index Cond: (id = ANY ('{4533788,5411076,2077370,3009010,4343041,2246975,615972,322407,8820609,6325178}'::integer[]))

table 6 : explain SELECT c FROM sbtest6 WHERE id IN ( 4533788, 5411076, 2077370, 3009010, 4343041, 2246975, 615972, 322407, 8820609, 6325178)
	Index Scan using sbtest6_pkey on sbtest6  (cost=0.43..83.69 rows=10 width=121)
	  Index Cond: (id = ANY ('{4533788,5411076,2077370,3009010,4343041,2246975,615972,322407,8820609,6325178}'::integer[]))

table 7 : explain SELECT c FROM sbtest7 WHERE id IN ( 4533788, 5411076, 2077370, 3009010, 4343041, 2246975, 615972, 322407, 8820609, 6325178)
	Index Scan using sbtest7_pkey on sbtest7  (cost=0.43..83.68 rows=10 width=121)
	  Index Cond: (id = ANY ('{4533788,5411076,2077370,3009010,4343041,2246975,615972,322407,8820609,6325178}'::integer[]))

table 8 : explain SELECT c FROM sbtest8 WHERE id IN ( 4533788, 5411076, 2077370, 3009010, 4343041, 2246975, 615972, 322407, 8820609, 6325178)
	Index Scan using sbtest8_pkey on sbtest8  (cost=0.43..83.68 rows=10 width=121)
	  Index Cond: (id = ANY ('{4533788,5411076,2077370,3009010,4343041,2246975,615972,322407,8820609,6325178}'::integer[]))

for select-inlist
table 1 : explain SELECT c FROM sbtest1 WHERE id IN ( 566402, 3671192, 7941430, 137014, 4737833, 7015439, 9111927, 8363000, 164935, 7470606)
	Index Scan using sbtest1_pkey on sbtest1  (cost=0.43..83.69 rows=10 width=121)
	  Index Cond: (id = ANY ('{566402,3671192,7941430,137014,4737833,7015439,9111927,8363000,164935,7470606}'::integer[]))

table 2 : explain SELECT c FROM sbtest2 WHERE id IN ( 566402, 3671192, 7941430, 137014, 4737833, 7015439, 9111927, 8363000, 164935, 7470606)
	Index Scan using sbtest2_pkey on sbtest2  (cost=0.43..83.77 rows=10 width=121)
	  Index Cond: (id = ANY ('{566402,3671192,7941430,137014,4737833,7015439,9111927,8363000,164935,7470606}'::integer[]))

table 3 : explain SELECT c FROM sbtest3 WHERE id IN ( 566402, 3671192, 7941430, 137014, 4737833, 7015439, 9111927, 8363000, 164935, 7470606)
	Index Scan using sbtest3_pkey on sbtest3  (cost=0.43..83.70 rows=10 width=121)
	  Index Cond: (id = ANY ('{566402,3671192,7941430,137014,4737833,7015439,9111927,8363000,164935,7470606}'::integer[]))

table 4 : explain SELECT c FROM sbtest4 WHERE id IN ( 566402, 3671192, 7941430, 137014, 4737833, 7015439, 9111927, 8363000, 164935, 7470606)
	Index Scan using sbtest4_pkey on sbtest4  (cost=0.43..83.87 rows=10 width=121)
	  Index Cond: (id = ANY ('{566402,3671192,7941430,137014,4737833,7015439,9111927,8363000,164935,7470606}'::integer[]))

table 5 : explain SELECT c FROM sbtest5 WHERE id IN ( 566402, 3671192, 7941430, 137014, 4737833, 7015439, 9111927, 8363000, 164935, 7470606)
	Index Scan using sbtest5_pkey on sbtest5  (cost=0.43..83.74 rows=10 width=121)
	  Index Cond: (id = ANY ('{566402,3671192,7941430,137014,4737833,7015439,9111927,8363000,164935,7470606}'::integer[]))

table 6 : explain SELECT c FROM sbtest6 WHERE id IN ( 566402, 3671192, 7941430, 137014, 4737833, 7015439, 9111927, 8363000, 164935, 7470606)
	Index Scan using sbtest6_pkey on sbtest6  (cost=0.43..83.69 rows=10 width=121)
	  Index Cond: (id = ANY ('{566402,3671192,7941430,137014,4737833,7015439,9111927,8363000,164935,7470606}'::integer[]))

table 7 : explain SELECT c FROM sbtest7 WHERE id IN ( 566402, 3671192, 7941430, 137014, 4737833, 7015439, 9111927, 8363000, 164935, 7470606)
	Index Scan using sbtest7_pkey on sbtest7  (cost=0.43..83.68 rows=10 width=121)
	  Index Cond: (id = ANY ('{566402,3671192,7941430,137014,4737833,7015439,9111927,8363000,164935,7470606}'::integer[]))

table 8 : explain SELECT c FROM sbtest8 WHERE id IN ( 566402, 3671192, 7941430, 137014, 4737833, 7015439, 9111927, 8363000, 164935, 7470606)
	Index Scan using sbtest8_pkey on sbtest8  (cost=0.43..83.68 rows=10 width=121)
	  Index Cond: (id = ANY ('{566402,3671192,7941430,137014,4737833,7015439,9111927,8363000,164935,7470606}'::integer[]))

for select-inlist
table 1 : explain SELECT c FROM sbtest1 WHERE id IN ( 6807320, 4029966, 5605275, 1042113, 4252587, 4098099, 776334, 2316351, 7727428, 5097426)
	Index Scan using sbtest1_pkey on sbtest1  (cost=0.43..83.69 rows=10 width=121)
	  Index Cond: (id = ANY ('{6807320,4029966,5605275,1042113,4252587,4098099,776334,2316351,7727428,5097426}'::integer[]))

table 2 : explain SELECT c FROM sbtest2 WHERE id IN ( 6807320, 4029966, 5605275, 1042113, 4252587, 4098099, 776334, 2316351, 7727428, 5097426)
	Index Scan using sbtest2_pkey on sbtest2  (cost=0.43..83.77 rows=10 width=121)
	  Index Cond: (id = ANY ('{6807320,4029966,5605275,1042113,4252587,4098099,776334,2316351,7727428,5097426}'::integer[]))

table 3 : explain SELECT c FROM sbtest3 WHERE id IN ( 6807320, 4029966, 5605275, 1042113, 4252587, 4098099, 776334, 2316351, 7727428, 5097426)
	Index Scan using sbtest3_pkey on sbtest3  (cost=0.43..83.70 rows=10 width=121)
	  Index Cond: (id = ANY ('{6807320,4029966,5605275,1042113,4252587,4098099,776334,2316351,7727428,5097426}'::integer[]))

table 4 : explain SELECT c FROM sbtest4 WHERE id IN ( 6807320, 4029966, 5605275, 1042113, 4252587, 4098099, 776334, 2316351, 7727428, 5097426)
	Index Scan using sbtest4_pkey on sbtest4  (cost=0.43..83.87 rows=10 width=121)
	  Index Cond: (id = ANY ('{6807320,4029966,5605275,1042113,4252587,4098099,776334,2316351,7727428,5097426}'::integer[]))

table 5 : explain SELECT c FROM sbtest5 WHERE id IN ( 6807320, 4029966, 5605275, 1042113, 4252587, 4098099, 776334, 2316351, 7727428, 5097426)
	Index Scan using sbtest5_pkey on sbtest5  (cost=0.43..83.74 rows=10 width=121)
	  Index Cond: (id = ANY ('{6807320,4029966,5605275,1042113,4252587,4098099,776334,2316351,7727428,5097426}'::integer[]))

table 6 : explain SELECT c FROM sbtest6 WHERE id IN ( 6807320, 4029966, 5605275, 1042113, 4252587, 4098099, 776334, 2316351, 7727428, 5097426)
	Index Scan using sbtest6_pkey on sbtest6  (cost=0.43..83.69 rows=10 width=121)
	  Index Cond: (id = ANY ('{6807320,4029966,5605275,1042113,4252587,4098099,776334,2316351,7727428,5097426}'::integer[]))

table 7 : explain SELECT c FROM sbtest7 WHERE id IN ( 6807320, 4029966, 5605275, 1042113, 4252587, 4098099, 776334, 2316351, 7727428, 5097426)
	Index Scan using sbtest7_pkey on sbtest7  (cost=0.43..83.68 rows=10 width=121)
	  Index Cond: (id = ANY ('{6807320,4029966,5605275,1042113,4252587,4098099,776334,2316351,7727428,5097426}'::integer[]))

table 8 : explain SELECT c FROM sbtest8 WHERE id IN ( 6807320, 4029966, 5605275, 1042113, 4252587, 4098099, 776334, 2316351, 7727428, 5097426)
	Index Scan using sbtest8_pkey on sbtest8  (cost=0.43..83.68 rows=10 width=121)
	  Index Cond: (id = ANY ('{6807320,4029966,5605275,1042113,4252587,4098099,776334,2316351,7727428,5097426}'::integer[]))

for select-inlist
table 1 : explain SELECT c FROM sbtest1 WHERE id IN ( 9558484, 1447060, 961890, 6192001, 9643762, 1028902, 3242143, 8466840, 4318379, 9780950)
	Index Scan using sbtest1_pkey on sbtest1  (cost=0.43..83.69 rows=10 width=121)
	  Index Cond: (id = ANY ('{9558484,1447060,961890,6192001,9643762,1028902,3242143,8466840,4318379,9780950}'::integer[]))

table 2 : explain SELECT c FROM sbtest2 WHERE id IN ( 9558484, 1447060, 961890, 6192001, 9643762, 1028902, 3242143, 8466840, 4318379, 9780950)
	Index Scan using sbtest2_pkey on sbtest2  (cost=0.43..83.77 rows=10 width=121)
	  Index Cond: (id = ANY ('{9558484,1447060,961890,6192001,9643762,1028902,3242143,8466840,4318379,9780950}'::integer[]))

table 3 : explain SELECT c FROM sbtest3 WHERE id IN ( 9558484, 1447060, 961890, 6192001, 9643762, 1028902, 3242143, 8466840, 4318379, 9780950)
	Index Scan using sbtest3_pkey on sbtest3  (cost=0.43..83.70 rows=10 width=121)
	  Index Cond: (id = ANY ('{9558484,1447060,961890,6192001,9643762,1028902,3242143,8466840,4318379,9780950}'::integer[]))

table 4 : explain SELECT c FROM sbtest4 WHERE id IN ( 9558484, 1447060, 961890, 6192001, 9643762, 1028902, 3242143, 8466840, 4318379, 9780950)
	Index Scan using sbtest4_pkey on sbtest4  (cost=0.43..83.87 rows=10 width=121)
	  Index Cond: (id = ANY ('{9558484,1447060,961890,6192001,9643762,1028902,3242143,8466840,4318379,9780950}'::integer[]))

table 5 : explain SELECT c FROM sbtest5 WHERE id IN ( 9558484, 1447060, 961890, 6192001, 9643762, 1028902, 3242143, 8466840, 4318379, 9780950)
	Index Scan using sbtest5_pkey on sbtest5  (cost=0.43..83.74 rows=10 width=121)
	  Index Cond: (id = ANY ('{9558484,1447060,961890,6192001,9643762,1028902,3242143,8466840,4318379,9780950}'::integer[]))

table 6 : explain SELECT c FROM sbtest6 WHERE id IN ( 9558484, 1447060, 961890, 6192001, 9643762, 1028902, 3242143, 8466840, 4318379, 9780950)
	Index Scan using sbtest6_pkey on sbtest6  (cost=0.43..83.69 rows=10 width=121)
	  Index Cond: (id = ANY ('{9558484,1447060,961890,6192001,9643762,1028902,3242143,8466840,4318379,9780950}'::integer[]))

table 7 : explain SELECT c FROM sbtest7 WHERE id IN ( 9558484, 1447060, 961890, 6192001, 9643762, 1028902, 3242143, 8466840, 4318379, 9780950)
	Index Scan using sbtest7_pkey on sbtest7  (cost=0.43..83.68 rows=10 width=121)
	  Index Cond: (id = ANY ('{9558484,1447060,961890,6192001,9643762,1028902,3242143,8466840,4318379,9780950}'::integer[]))

table 8 : explain SELECT c FROM sbtest8 WHERE id IN ( 9558484, 1447060, 961890, 6192001, 9643762, 1028902, 3242143, 8466840, 4318379, 9780950)
	Index Scan using sbtest8_pkey on sbtest8  (cost=0.43..83.68 rows=10 width=121)
	  Index Cond: (id = ANY ('{9558484,1447060,961890,6192001,9643762,1028902,3242143,8466840,4318379,9780950}'::integer[]))

explain: for select-inlist :: explain SELECT c FROM sbtest%d WHERE id IN ( 7473337, 1702436, 472353, 8704781, 7831603, 8703134, 9337901, 4442686, 7829931, 7279924)
explain: for select-inlist :: explain SELECT c FROM sbtest%d WHERE id IN ( 4732403, 4171274, 5374180, 4562421, 3607219, 4187777, 6244678, 1229500, 5420193, 1618953)
for select-inlist
table 1 : explain SELECT c FROM sbtest1 WHERE id IN ( 7473337, 1702436, 472353, 8704781, 7831603, 8703134, 9337901, 4442686, 7829931, 7279924)
	Index Scan using sbtest1_pkey on sbtest1  (cost=0.43..83.69 rows=10 width=121)
	  Index Cond: (id = ANY ('{7473337,1702436,472353,8704781,7831603,8703134,9337901,4442686,7829931,7279924}'::integer[]))

table 2 : explain SELECT c FROM sbtest2 WHERE id IN ( 7473337, 1702436, 472353, 8704781, 7831603, 8703134, 9337901, 4442686, 7829931, 7279924)
	Index Scan using sbtest2_pkey on sbtest2  (cost=0.43..83.77 rows=10 width=121)
	  Index Cond: (id = ANY ('{7473337,1702436,472353,8704781,7831603,8703134,9337901,4442686,7829931,7279924}'::integer[]))

table 3 : explain SELECT c FROM sbtest3 WHERE id IN ( 7473337, 1702436, 472353, 8704781, 7831603, 8703134, 9337901, 4442686, 7829931, 7279924)
	Index Scan using sbtest3_pkey on sbtest3  (cost=0.43..83.70 rows=10 width=121)
	  Index Cond: (id = ANY ('{7473337,1702436,472353,8704781,7831603,8703134,9337901,4442686,7829931,7279924}'::integer[]))

table 4 : explain SELECT c FROM sbtest4 WHERE id IN ( 7473337, 1702436, 472353, 8704781, 7831603, 8703134, 9337901, 4442686, 7829931, 7279924)
	Index Scan using sbtest4_pkey on sbtest4  (cost=0.43..83.87 rows=10 width=121)
	  Index Cond: (id = ANY ('{7473337,1702436,472353,8704781,7831603,8703134,9337901,4442686,7829931,7279924}'::integer[]))

table 5 : explain SELECT c FROM sbtest5 WHERE id IN ( 7473337, 1702436, 472353, 8704781, 7831603, 8703134, 9337901, 4442686, 7829931, 7279924)
	Index Scan using sbtest5_pkey on sbtest5  (cost=0.43..83.74 rows=10 width=121)
	  Index Cond: (id = ANY ('{7473337,1702436,472353,8704781,7831603,8703134,9337901,4442686,7829931,7279924}'::integer[]))

table 6 : explain SELECT c FROM sbtest6 WHERE id IN ( 7473337, 1702436, 472353, 8704781, 7831603, 8703134, 9337901, 4442686, 7829931, 7279924)
	Index Scan using sbtest6_pkey on sbtest6  (cost=0.43..83.69 rows=10 width=121)
	  Index Cond: (id = ANY ('{7473337,1702436,472353,8704781,7831603,8703134,9337901,4442686,7829931,7279924}'::integer[]))

table 7 : explain SELECT c FROM sbtest7 WHERE id IN ( 7473337, 1702436, 472353, 8704781, 7831603, 8703134, 9337901, 4442686, 7829931, 7279924)
	Index Scan using sbtest7_pkey on sbtest7  (cost=0.43..83.68 rows=10 width=121)
	  Index Cond: (id = ANY ('{7473337,1702436,472353,8704781,7831603,8703134,9337901,4442686,7829931,7279924}'::integer[]))

table 8 : explain SELECT c FROM sbtest8 WHERE id IN ( 7473337, 1702436, 472353, 8704781, 7831603, 8703134, 9337901, 4442686, 7829931, 7279924)
	Index Scan using sbtest8_pkey on sbtest8  (cost=0.43..83.68 rows=10 width=121)
	  Index Cond: (id = ANY ('{7473337,1702436,472353,8704781,7831603,8703134,9337901,4442686,7829931,7279924}'::integer[]))

explain: for select-inlist :: explain SELECT c FROM sbtest%d WHERE id IN ( 1400453, 4636408, 3961198, 7775917, 3365110, 9687223, 5484351, 4304579, 3708106, 7632036)
for select-inlist
table 1 : explain SELECT c FROM sbtest1 WHERE id IN ( 4732403, 4171274, 5374180, 4562421, 3607219, 4187777, 6244678, 1229500, 5420193, 1618953)
	Index Scan using sbtest1_pkey on sbtest1  (cost=0.43..83.69 rows=10 width=121)
	  Index Cond: (id = ANY ('{4732403,4171274,5374180,4562421,3607219,4187777,6244678,1229500,5420193,1618953}'::integer[]))

table 2 : explain SELECT c FROM sbtest2 WHERE id IN ( 4732403, 4171274, 5374180, 4562421, 3607219, 4187777, 6244678, 1229500, 5420193, 1618953)
	Index Scan using sbtest2_pkey on sbtest2  (cost=0.43..83.77 rows=10 width=121)
	  Index Cond: (id = ANY ('{4732403,4171274,5374180,4562421,3607219,4187777,6244678,1229500,5420193,1618953}'::integer[]))

table 3 : explain SELECT c FROM sbtest3 WHERE id IN ( 4732403, 4171274, 5374180, 4562421, 3607219, 4187777, 6244678, 1229500, 5420193, 1618953)
	Index Scan using sbtest3_pkey on sbtest3  (cost=0.43..83.70 rows=10 width=121)
	  Index Cond: (id = ANY ('{4732403,4171274,5374180,4562421,3607219,4187777,6244678,1229500,5420193,1618953}'::integer[]))

table 4 : explain SELECT c FROM sbtest4 WHERE id IN ( 4732403, 4171274, 5374180, 4562421, 3607219, 4187777, 6244678, 1229500, 5420193, 1618953)
	Index Scan using sbtest4_pkey on sbtest4  (cost=0.43..83.87 rows=10 width=121)
	  Index Cond: (id = ANY ('{4732403,4171274,5374180,4562421,3607219,4187777,6244678,1229500,5420193,1618953}'::integer[]))

table 5 : explain SELECT c FROM sbtest5 WHERE id IN ( 4732403, 4171274, 5374180, 4562421, 3607219, 4187777, 6244678, 1229500, 5420193, 1618953)
	Index Scan using sbtest5_pkey on sbtest5  (cost=0.43..83.74 rows=10 width=121)
	  Index Cond: (id = ANY ('{4732403,4171274,5374180,4562421,3607219,4187777,6244678,1229500,5420193,1618953}'::integer[]))

table 6 : explain SELECT c FROM sbtest6 WHERE id IN ( 4732403, 4171274, 5374180, 4562421, 3607219, 4187777, 6244678, 1229500, 5420193, 1618953)
	Index Scan using sbtest6_pkey on sbtest6  (cost=0.43..83.69 rows=10 width=121)
	  Index Cond: (id = ANY ('{4732403,4171274,5374180,4562421,3607219,4187777,6244678,1229500,5420193,1618953}'::integer[]))

table 7 : explain SELECT c FROM sbtest7 WHERE id IN ( 4732403, 4171274, 5374180, 4562421, 3607219, 4187777, 6244678, 1229500, 5420193, 1618953)
	Index Scan using sbtest7_pkey on sbtest7  (cost=0.43..83.68 rows=10 width=121)
	  Index Cond: (id = ANY ('{4732403,4171274,5374180,4562421,3607219,4187777,6244678,1229500,5420193,1618953}'::integer[]))

table 8 : explain SELECT c FROM sbtest8 WHERE id IN ( 4732403, 4171274, 5374180, 4562421, 3607219, 4187777, 6244678, 1229500, 5420193, 1618953)
	Index Scan using sbtest8_pkey on sbtest8  (cost=0.43..83.68 rows=10 width=121)
	  Index Cond: (id = ANY ('{4732403,4171274,5374180,4562421,3607219,4187777,6244678,1229500,5420193,1618953}'::integer[]))

explain: for select-inlist :: explain SELECT c FROM sbtest%d WHERE id IN ( 5062119, 7434896, 6289101, 6782542, 3718547, 7412030, 7194219, 9251673, 7069159, 3731697)
for select-inlist
table 1 : explain SELECT c FROM sbtest1 WHERE id IN ( 1400453, 4636408, 3961198, 7775917, 3365110, 9687223, 5484351, 4304579, 3708106, 7632036)
	Index Scan using sbtest1_pkey on sbtest1  (cost=0.43..83.69 rows=10 width=121)
	  Index Cond: (id = ANY ('{1400453,4636408,3961198,7775917,3365110,9687223,5484351,4304579,3708106,7632036}'::integer[]))

table 2 : explain SELECT c FROM sbtest2 WHERE id IN ( 1400453, 4636408, 3961198, 7775917, 3365110, 9687223, 5484351, 4304579, 3708106, 7632036)
	Index Scan using sbtest2_pkey on sbtest2  (cost=0.43..83.77 rows=10 width=121)
	  Index Cond: (id = ANY ('{1400453,4636408,3961198,7775917,3365110,9687223,5484351,4304579,3708106,7632036}'::integer[]))

table 3 : explain SELECT c FROM sbtest3 WHERE id IN ( 1400453, 4636408, 3961198, 7775917, 3365110, 9687223, 5484351, 4304579, 3708106, 7632036)
	Index Scan using sbtest3_pkey on sbtest3  (cost=0.43..83.70 rows=10 width=121)
	  Index Cond: (id = ANY ('{1400453,4636408,3961198,7775917,3365110,9687223,5484351,4304579,3708106,7632036}'::integer[]))

table 4 : explain SELECT c FROM sbtest4 WHERE id IN ( 1400453, 4636408, 3961198, 7775917, 3365110, 9687223, 5484351, 4304579, 3708106, 7632036)
	Index Scan using sbtest4_pkey on sbtest4  (cost=0.43..83.87 rows=10 width=121)
	  Index Cond: (id = ANY ('{1400453,4636408,3961198,7775917,3365110,9687223,5484351,4304579,3708106,7632036}'::integer[]))

table 5 : explain SELECT c FROM sbtest5 WHERE id IN ( 1400453, 4636408, 3961198, 7775917, 3365110, 9687223, 5484351, 4304579, 3708106, 7632036)
	Index Scan using sbtest5_pkey on sbtest5  (cost=0.43..83.74 rows=10 width=121)
	  Index Cond: (id = ANY ('{1400453,4636408,3961198,7775917,3365110,9687223,5484351,4304579,3708106,7632036}'::integer[]))

table 6 : explain SELECT c FROM sbtest6 WHERE id IN ( 1400453, 4636408, 3961198, 7775917, 3365110, 9687223, 5484351, 4304579, 3708106, 7632036)
	Index Scan using sbtest6_pkey on sbtest6  (cost=0.43..83.69 rows=10 width=121)
	  Index Cond: (id = ANY ('{1400453,4636408,3961198,7775917,3365110,9687223,5484351,4304579,3708106,7632036}'::integer[]))

table 7 : explain SELECT c FROM sbtest7 WHERE id IN ( 1400453, 4636408, 3961198, 7775917, 3365110, 9687223, 5484351, 4304579, 3708106, 7632036)
	Index Scan using sbtest7_pkey on sbtest7  (cost=0.43..83.68 rows=10 width=121)
	  Index Cond: (id = ANY ('{1400453,4636408,3961198,7775917,3365110,9687223,5484351,4304579,3708106,7632036}'::integer[]))

table 8 : explain SELECT c FROM sbtest8 WHERE id IN ( 1400453, 4636408, 3961198, 7775917, 3365110, 9687223, 5484351, 4304579, 3708106, 7632036)
	Index Scan using sbtest8_pkey on sbtest8  (cost=0.43..83.68 rows=10 width=121)
	  Index Cond: (id = ANY ('{1400453,4636408,3961198,7775917,3365110,9687223,5484351,4304579,3708106,7632036}'::integer[]))

explain: for select-inlist :: explain SELECT c FROM sbtest%d WHERE id IN ( 8360407, 9445786, 5477351, 217000, 9381449, 7746556, 6605590, 9459830, 2532912, 7039712)
explain: for select-inlist :: explain SELECT c FROM sbtest%d WHERE id IN ( 8878596, 3902214, 1591465, 1274519, 6518521, 1355941, 9252521, 2063002, 6911649, 6870505)
explain: for select-inlist :: explain SELECT c FROM sbtest%d WHERE id IN ( 8396391, 697219, 4920421, 5487264, 9367729, 4744060, 5167315, 3312040, 6214142, 860432)
for select-inlist
table 1 : explain SELECT c FROM sbtest1 WHERE id IN ( 5062119, 7434896, 6289101, 6782542, 3718547, 7412030, 7194219, 9251673, 7069159, 3731697)
	Index Scan using sbtest1_pkey on sbtest1  (cost=0.43..83.69 rows=10 width=121)
	  Index Cond: (id = ANY ('{5062119,7434896,6289101,6782542,3718547,7412030,7194219,9251673,7069159,3731697}'::integer[]))

table 2 : explain SELECT c FROM sbtest2 WHERE id IN ( 5062119, 7434896, 6289101, 6782542, 3718547, 7412030, 7194219, 9251673, 7069159, 3731697)
	Index Scan using sbtest2_pkey on sbtest2  (cost=0.43..83.77 rows=10 width=121)
	  Index Cond: (id = ANY ('{5062119,7434896,6289101,6782542,3718547,7412030,7194219,9251673,7069159,3731697}'::integer[]))

table 3 : explain SELECT c FROM sbtest3 WHERE id IN ( 5062119, 7434896, 6289101, 6782542, 3718547, 7412030, 7194219, 9251673, 7069159, 3731697)
	Index Scan using sbtest3_pkey on sbtest3  (cost=0.43..83.70 rows=10 width=121)
	  Index Cond: (id = ANY ('{5062119,7434896,6289101,6782542,3718547,7412030,7194219,9251673,7069159,3731697}'::integer[]))

table 4 : explain SELECT c FROM sbtest4 WHERE id IN ( 5062119, 7434896, 6289101, 6782542, 3718547, 7412030, 7194219, 9251673, 7069159, 3731697)
	Index Scan using sbtest4_pkey on sbtest4  (cost=0.43..83.87 rows=10 width=121)
	  Index Cond: (id = ANY ('{5062119,7434896,6289101,6782542,3718547,7412030,7194219,9251673,7069159,3731697}'::integer[]))

table 5 : explain SELECT c FROM sbtest5 WHERE id IN ( 5062119, 7434896, 6289101, 6782542, 3718547, 7412030, 7194219, 9251673, 7069159, 3731697)
	Index Scan using sbtest5_pkey on sbtest5  (cost=0.43..83.74 rows=10 width=121)
	  Index Cond: (id = ANY ('{5062119,7434896,6289101,6782542,3718547,7412030,7194219,9251673,7069159,3731697}'::integer[]))

table 6 : explain SELECT c FROM sbtest6 WHERE id IN ( 5062119, 7434896, 6289101, 6782542, 3718547, 7412030, 7194219, 9251673, 7069159, 3731697)
	Index Scan using sbtest6_pkey on sbtest6  (cost=0.43..83.69 rows=10 width=121)
	  Index Cond: (id = ANY ('{5062119,7434896,6289101,6782542,3718547,7412030,7194219,9251673,7069159,3731697}'::integer[]))

table 7 : explain SELECT c FROM sbtest7 WHERE id IN ( 5062119, 7434896, 6289101, 6782542, 3718547, 7412030, 7194219, 9251673, 7069159, 3731697)
	Index Scan using sbtest7_pkey on sbtest7  (cost=0.43..83.68 rows=10 width=121)
	  Index Cond: (id = ANY ('{5062119,7434896,6289101,6782542,3718547,7412030,7194219,9251673,7069159,3731697}'::integer[]))

table 8 : explain SELECT c FROM sbtest8 WHERE id IN ( 5062119, 7434896, 6289101, 6782542, 3718547, 7412030, 7194219, 9251673, 7069159, 3731697)
	Index Scan using sbtest8_pkey on sbtest8  (cost=0.43..83.68 rows=10 width=121)
	  Index Cond: (id = ANY ('{5062119,7434896,6289101,6782542,3718547,7412030,7194219,9251673,7069159,3731697}'::integer[]))

explain: for select-inlist :: explain SELECT c FROM sbtest%d WHERE id IN ( 177464, 6414438, 9895299, 3623829, 5216981, 2585569, 9045219, 712128, 5983158, 7897744)
explain: for select-inlist :: explain SELECT c FROM sbtest%d WHERE id IN ( 9777744, 209517, 2110185, 1818081, 8051782, 3648364, 8632531, 564490, 1474315, 5649225)
for select-inlist
table 1 : explain SELECT c FROM sbtest1 WHERE id IN ( 8396391, 697219, 4920421, 5487264, 9367729, 4744060, 5167315, 3312040, 6214142, 860432)
	Index Scan using sbtest1_pkey on sbtest1  (cost=0.43..83.69 rows=10 width=121)
	  Index Cond: (id = ANY ('{8396391,697219,4920421,5487264,9367729,4744060,5167315,3312040,6214142,860432}'::integer[]))

table 2 : explain SELECT c FROM sbtest2 WHERE id IN ( 8396391, 697219, 4920421, 5487264, 9367729, 4744060, 5167315, 3312040, 6214142, 860432)
	Index Scan using sbtest2_pkey on sbtest2  (cost=0.43..83.77 rows=10 width=121)
	  Index Cond: (id = ANY ('{8396391,697219,4920421,5487264,9367729,4744060,5167315,3312040,6214142,860432}'::integer[]))

table 3 : explain SELECT c FROM sbtest3 WHERE id IN ( 8396391, 697219, 4920421, 5487264, 9367729, 4744060, 5167315, 3312040, 6214142, 860432)
	Index Scan using sbtest3_pkey on sbtest3  (cost=0.43..83.70 rows=10 width=121)
	  Index Cond: (id = ANY ('{8396391,697219,4920421,5487264,9367729,4744060,5167315,3312040,6214142,860432}'::integer[]))

table 4 : explain SELECT c FROM sbtest4 WHERE id IN ( 8396391, 697219, 4920421, 5487264, 9367729, 4744060, 5167315, 3312040, 6214142, 860432)
	Index Scan using sbtest4_pkey on sbtest4  (cost=0.43..83.87 rows=10 width=121)
	  Index Cond: (id = ANY ('{8396391,697219,4920421,5487264,9367729,4744060,5167315,3312040,6214142,860432}'::integer[]))

table 5 : explain SELECT c FROM sbtest5 WHERE id IN ( 8396391, 697219, 4920421, 5487264, 9367729, 4744060, 5167315, 3312040, 6214142, 860432)
	Index Scan using sbtest5_pkey on sbtest5  (cost=0.43..83.74 rows=10 width=121)
	  Index Cond: (id = ANY ('{8396391,697219,4920421,5487264,9367729,4744060,5167315,3312040,6214142,860432}'::integer[]))

table 6 : explain SELECT c FROM sbtest6 WHERE id IN ( 8396391, 697219, 4920421, 5487264, 9367729, 4744060, 5167315, 3312040, 6214142, 860432)
	Index Scan using sbtest6_pkey on sbtest6  (cost=0.43..83.69 rows=10 width=121)
	  Index Cond: (id = ANY ('{8396391,697219,4920421,5487264,9367729,4744060,5167315,3312040,6214142,860432}'::integer[]))

table 7 : explain SELECT c FROM sbtest7 WHERE id IN ( 8396391, 697219, 4920421, 5487264, 9367729, 4744060, 5167315, 3312040, 6214142, 860432)
	Index Scan using sbtest7_pkey on sbtest7  (cost=0.43..83.68 rows=10 width=121)
	  Index Cond: (id = ANY ('{8396391,697219,4920421,5487264,9367729,4744060,5167315,3312040,6214142,860432}'::integer[]))

table 8 : explain SELECT c FROM sbtest8 WHERE id IN ( 8396391, 697219, 4920421, 5487264, 9367729, 4744060, 5167315, 3312040, 6214142, 860432)
	Index Scan using sbtest8_pkey on sbtest8  (cost=0.43..83.68 rows=10 width=121)
	  Index Cond: (id = ANY ('{8396391,697219,4920421,5487264,9367729,4744060,5167315,3312040,6214142,860432}'::integer[]))

for select-inlist
table 1 : explain SELECT c FROM sbtest1 WHERE id IN ( 8360407, 9445786, 5477351, 217000, 9381449, 7746556, 6605590, 9459830, 2532912, 7039712)
	Index Scan using sbtest1_pkey on sbtest1  (cost=0.43..83.69 rows=10 width=121)
	  Index Cond: (id = ANY ('{8360407,9445786,5477351,217000,9381449,7746556,6605590,9459830,2532912,7039712}'::integer[]))

table 2 : explain SELECT c FROM sbtest2 WHERE id IN ( 8360407, 9445786, 5477351, 217000, 9381449, 7746556, 6605590, 9459830, 2532912, 7039712)
	Index Scan using sbtest2_pkey on sbtest2  (cost=0.43..83.77 rows=10 width=121)
	  Index Cond: (id = ANY ('{8360407,9445786,5477351,217000,9381449,7746556,6605590,9459830,2532912,7039712}'::integer[]))

table 3 : explain SELECT c FROM sbtest3 WHERE id IN ( 8360407, 9445786, 5477351, 217000, 9381449, 7746556, 6605590, 9459830, 2532912, 7039712)
	Index Scan using sbtest3_pkey on sbtest3  (cost=0.43..83.70 rows=10 width=121)
	  Index Cond: (id = ANY ('{8360407,9445786,5477351,217000,9381449,7746556,6605590,9459830,2532912,7039712}'::integer[]))

table 4 : explain SELECT c FROM sbtest4 WHERE id IN ( 8360407, 9445786, 5477351, 217000, 9381449, 7746556, 6605590, 9459830, 2532912, 7039712)
	Index Scan using sbtest4_pkey on sbtest4  (cost=0.43..83.87 rows=10 width=121)
	  Index Cond: (id = ANY ('{8360407,9445786,5477351,217000,9381449,7746556,6605590,9459830,2532912,7039712}'::integer[]))

table 5 : explain SELECT c FROM sbtest5 WHERE id IN ( 8360407, 9445786, 5477351, 217000, 9381449, 7746556, 6605590, 9459830, 2532912, 7039712)
	Index Scan using sbtest5_pkey on sbtest5  (cost=0.43..83.74 rows=10 width=121)
	  Index Cond: (id = ANY ('{8360407,9445786,5477351,217000,9381449,7746556,6605590,9459830,2532912,7039712}'::integer[]))

table 6 : explain SELECT c FROM sbtest6 WHERE id IN ( 8360407, 9445786, 5477351, 217000, 9381449, 7746556, 6605590, 9459830, 2532912, 7039712)
	Index Scan using sbtest6_pkey on sbtest6  (cost=0.43..83.69 rows=10 width=121)
	  Index Cond: (id = ANY ('{8360407,9445786,5477351,217000,9381449,7746556,6605590,9459830,2532912,7039712}'::integer[]))

table 7 : explain SELECT c FROM sbtest7 WHERE id IN ( 8360407, 9445786, 5477351, 217000, 9381449, 7746556, 6605590, 9459830, 2532912, 7039712)
	Index Scan using sbtest7_pkey on sbtest7  (cost=0.43..83.68 rows=10 width=121)
	  Index Cond: (id = ANY ('{8360407,9445786,5477351,217000,9381449,7746556,6605590,9459830,2532912,7039712}'::integer[]))

table 8 : explain SELECT c FROM sbtest8 WHERE id IN ( 8360407, 9445786, 5477351, 217000, 9381449, 7746556, 6605590, 9459830, 2532912, 7039712)
	Index Scan using sbtest8_pkey on sbtest8  (cost=0.43..83.68 rows=10 width=121)
	  Index Cond: (id = ANY ('{8360407,9445786,5477351,217000,9381449,7746556,6605590,9459830,2532912,7039712}'::integer[]))

for select-inlist
table 1 : explain SELECT c FROM sbtest1 WHERE id IN ( 8878596, 3902214, 1591465, 1274519, 6518521, 1355941, 9252521, 2063002, 6911649, 6870505)
	Index Scan using sbtest1_pkey on sbtest1  (cost=0.43..83.69 rows=10 width=121)
	  Index Cond: (id = ANY ('{8878596,3902214,1591465,1274519,6518521,1355941,9252521,2063002,6911649,6870505}'::integer[]))

table 2 : explain SELECT c FROM sbtest2 WHERE id IN ( 8878596, 3902214, 1591465, 1274519, 6518521, 1355941, 9252521, 2063002, 6911649, 6870505)
	Index Scan using sbtest2_pkey on sbtest2  (cost=0.43..83.77 rows=10 width=121)
	  Index Cond: (id = ANY ('{8878596,3902214,1591465,1274519,6518521,1355941,9252521,2063002,6911649,6870505}'::integer[]))

table 3 : explain SELECT c FROM sbtest3 WHERE id IN ( 8878596, 3902214, 1591465, 1274519, 6518521, 1355941, 9252521, 2063002, 6911649, 6870505)
	Index Scan using sbtest3_pkey on sbtest3  (cost=0.43..83.70 rows=10 width=121)
	  Index Cond: (id = ANY ('{8878596,3902214,1591465,1274519,6518521,1355941,9252521,2063002,6911649,6870505}'::integer[]))

table 4 : explain SELECT c FROM sbtest4 WHERE id IN ( 8878596, 3902214, 1591465, 1274519, 6518521, 1355941, 9252521, 2063002, 6911649, 6870505)
	Index Scan using sbtest4_pkey on sbtest4  (cost=0.43..83.87 rows=10 width=121)
	  Index Cond: (id = ANY ('{8878596,3902214,1591465,1274519,6518521,1355941,9252521,2063002,6911649,6870505}'::integer[]))

table 5 : explain SELECT c FROM sbtest5 WHERE id IN ( 8878596, 3902214, 1591465, 1274519, 6518521, 1355941, 9252521, 2063002, 6911649, 6870505)
	Index Scan using sbtest5_pkey on sbtest5  (cost=0.43..83.74 rows=10 width=121)
	  Index Cond: (id = ANY ('{8878596,3902214,1591465,1274519,6518521,1355941,9252521,2063002,6911649,6870505}'::integer[]))

table 6 : explain SELECT c FROM sbtest6 WHERE id IN ( 8878596, 3902214, 1591465, 1274519, 6518521, 1355941, 9252521, 2063002, 6911649, 6870505)
	Index Scan using sbtest6_pkey on sbtest6  (cost=0.43..83.69 rows=10 width=121)
	  Index Cond: (id = ANY ('{8878596,3902214,1591465,1274519,6518521,1355941,9252521,2063002,6911649,6870505}'::integer[]))

table 7 : explain SELECT c FROM sbtest7 WHERE id IN ( 8878596, 3902214, 1591465, 1274519, 6518521, 1355941, 9252521, 2063002, 6911649, 6870505)
	Index Scan using sbtest7_pkey on sbtest7  (cost=0.43..83.68 rows=10 width=121)
	  Index Cond: (id = ANY ('{8878596,3902214,1591465,1274519,6518521,1355941,9252521,2063002,6911649,6870505}'::integer[]))

table 8 : explain SELECT c FROM sbtest8 WHERE id IN ( 8878596, 3902214, 1591465, 1274519, 6518521, 1355941, 9252521, 2063002, 6911649, 6870505)
	Index Scan using sbtest8_pkey on sbtest8  (cost=0.43..83.68 rows=10 width=121)
	  Index Cond: (id = ANY ('{8878596,3902214,1591465,1274519,6518521,1355941,9252521,2063002,6911649,6870505}'::integer[]))

explain: for select-inlist :: explain SELECT c FROM sbtest%d WHERE id IN ( 1526594, 7955003, 2163470, 7073400, 2912260, 7715701, 4877672, 1616097, 1255931, 4623402)
explain: for select-inlist :: explain SELECT c FROM sbtest%d WHERE id IN ( 6561999, 5974742, 8032813, 4402524, 1757158, 4359312, 7134291, 6090760, 4126932, 7632173)
explain: for select-inlist :: explain SELECT c FROM sbtest%d WHERE id IN ( 2755854, 7898685, 7394547, 1093966, 3176371, 3333546, 2115339, 621976, 4146239, 2313211)
for select-inlist
table 1 : explain SELECT c FROM sbtest1 WHERE id IN ( 177464, 6414438, 9895299, 3623829, 5216981, 2585569, 9045219, 712128, 5983158, 7897744)
	Index Scan using sbtest1_pkey on sbtest1  (cost=0.43..83.69 rows=10 width=121)
	  Index Cond: (id = ANY ('{177464,6414438,9895299,3623829,5216981,2585569,9045219,712128,5983158,7897744}'::integer[]))

table 2 : explain SELECT c FROM sbtest2 WHERE id IN ( 177464, 6414438, 9895299, 3623829, 5216981, 2585569, 9045219, 712128, 5983158, 7897744)
	Index Scan using sbtest2_pkey on sbtest2  (cost=0.43..83.77 rows=10 width=121)
	  Index Cond: (id = ANY ('{177464,6414438,9895299,3623829,5216981,2585569,9045219,712128,5983158,7897744}'::integer[]))

table 3 : explain SELECT c FROM sbtest3 WHERE id IN ( 177464, 6414438, 9895299, 3623829, 5216981, 2585569, 9045219, 712128, 5983158, 7897744)
	Index Scan using sbtest3_pkey on sbtest3  (cost=0.43..83.70 rows=10 width=121)
	  Index Cond: (id = ANY ('{177464,6414438,9895299,3623829,5216981,2585569,9045219,712128,5983158,7897744}'::integer[]))

table 4 : explain SELECT c FROM sbtest4 WHERE id IN ( 177464, 6414438, 9895299, 3623829, 5216981, 2585569, 9045219, 712128, 5983158, 7897744)
	Index Scan using sbtest4_pkey on sbtest4  (cost=0.43..83.87 rows=10 width=121)
	  Index Cond: (id = ANY ('{177464,6414438,9895299,3623829,5216981,2585569,9045219,712128,5983158,7897744}'::integer[]))

table 5 : explain SELECT c FROM sbtest5 WHERE id IN ( 177464, 6414438, 9895299, 3623829, 5216981, 2585569, 9045219, 712128, 5983158, 7897744)
	Index Scan using sbtest5_pkey on sbtest5  (cost=0.43..83.74 rows=10 width=121)
	  Index Cond: (id = ANY ('{177464,6414438,9895299,3623829,5216981,2585569,9045219,712128,5983158,7897744}'::integer[]))

table 6 : explain SELECT c FROM sbtest6 WHERE id IN ( 177464, 6414438, 9895299, 3623829, 5216981, 2585569, 9045219, 712128, 5983158, 7897744)
	Index Scan using sbtest6_pkey on sbtest6  (cost=0.43..83.69 rows=10 width=121)
	  Index Cond: (id = ANY ('{177464,6414438,9895299,3623829,5216981,2585569,9045219,712128,5983158,7897744}'::integer[]))

table 7 : explain SELECT c FROM sbtest7 WHERE id IN ( 177464, 6414438, 9895299, 3623829, 5216981, 2585569, 9045219, 712128, 5983158, 7897744)
	Index Scan using sbtest7_pkey on sbtest7  (cost=0.43..83.68 rows=10 width=121)
	  Index Cond: (id = ANY ('{177464,6414438,9895299,3623829,5216981,2585569,9045219,712128,5983158,7897744}'::integer[]))

table 8 : explain SELECT c FROM sbtest8 WHERE id IN ( 177464, 6414438, 9895299, 3623829, 5216981, 2585569, 9045219, 712128, 5983158, 7897744)
	Index Scan using sbtest8_pkey on sbtest8  (cost=0.43..83.68 rows=10 width=121)
	  Index Cond: (id = ANY ('{177464,6414438,9895299,3623829,5216981,2585569,9045219,712128,5983158,7897744}'::integer[]))

explain: for select-inlist :: explain SELECT c FROM sbtest%d WHERE id IN ( 2496988, 4548410, 2299983, 4034330, 2327142, 4203609, 7299313, 7360204, 981617, 5551258)
explain: for select-inlist :: explain SELECT c FROM sbtest%d WHERE id IN ( 8189035, 3114253, 3858985, 8603866, 9715679, 2681191, 595199, 7481497, 9791700, 2018387)
for select-inlist
table 1 : explain SELECT c FROM sbtest1 WHERE id IN ( 9777744, 209517, 2110185, 1818081, 8051782, 3648364, 8632531, 564490, 1474315, 5649225)
	Index Scan using sbtest1_pkey on sbtest1  (cost=0.43..83.69 rows=10 width=121)
	  Index Cond: (id = ANY ('{9777744,209517,2110185,1818081,8051782,3648364,8632531,564490,1474315,5649225}'::integer[]))

table 2 : explain SELECT c FROM sbtest2 WHERE id IN ( 9777744, 209517, 2110185, 1818081, 8051782, 3648364, 8632531, 564490, 1474315, 5649225)
	Index Scan using sbtest2_pkey on sbtest2  (cost=0.43..83.77 rows=10 width=121)
	  Index Cond: (id = ANY ('{9777744,209517,2110185,1818081,8051782,3648364,8632531,564490,1474315,5649225}'::integer[]))

table 3 : explain SELECT c FROM sbtest3 WHERE id IN ( 9777744, 209517, 2110185, 1818081, 8051782, 3648364, 8632531, 564490, 1474315, 5649225)
	Index Scan using sbtest3_pkey on sbtest3  (cost=0.43..83.70 rows=10 width=121)
	  Index Cond: (id = ANY ('{9777744,209517,2110185,1818081,8051782,3648364,8632531,564490,1474315,5649225}'::integer[]))

table 4 : explain SELECT c FROM sbtest4 WHERE id IN ( 9777744, 209517, 2110185, 1818081, 8051782, 3648364, 8632531, 564490, 1474315, 5649225)
	Index Scan using sbtest4_pkey on sbtest4  (cost=0.43..83.87 rows=10 width=121)
	  Index Cond: (id = ANY ('{9777744,209517,2110185,1818081,8051782,3648364,8632531,564490,1474315,5649225}'::integer[]))

table 5 : explain SELECT c FROM sbtest5 WHERE id IN ( 9777744, 209517, 2110185, 1818081, 8051782, 3648364, 8632531, 564490, 1474315, 5649225)
	Index Scan using sbtest5_pkey on sbtest5  (cost=0.43..83.74 rows=10 width=121)
	  Index Cond: (id = ANY ('{9777744,209517,2110185,1818081,8051782,3648364,8632531,564490,1474315,5649225}'::integer[]))

table 6 : explain SELECT c FROM sbtest6 WHERE id IN ( 9777744, 209517, 2110185, 1818081, 8051782, 3648364, 8632531, 564490, 1474315, 5649225)
	Index Scan using sbtest6_pkey on sbtest6  (cost=0.43..83.69 rows=10 width=121)
	  Index Cond: (id = ANY ('{9777744,209517,2110185,1818081,8051782,3648364,8632531,564490,1474315,5649225}'::integer[]))

table 7 : explain SELECT c FROM sbtest7 WHERE id IN ( 9777744, 209517, 2110185, 1818081, 8051782, 3648364, 8632531, 564490, 1474315, 5649225)
	Index Scan using sbtest7_pkey on sbtest7  (cost=0.43..83.68 rows=10 width=121)
	  Index Cond: (id = ANY ('{9777744,209517,2110185,1818081,8051782,3648364,8632531,564490,1474315,5649225}'::integer[]))

table 8 : explain SELECT c FROM sbtest8 WHERE id IN ( 9777744, 209517, 2110185, 1818081, 8051782, 3648364, 8632531, 564490, 1474315, 5649225)
	Index Scan using sbtest8_pkey on sbtest8  (cost=0.43..83.68 rows=10 width=121)
	  Index Cond: (id = ANY ('{9777744,209517,2110185,1818081,8051782,3648364,8632531,564490,1474315,5649225}'::integer[]))

explain: for select-inlist :: explain SELECT c FROM sbtest%d WHERE id IN ( 3697010, 5689865, 2856153, 44477, 7668894, 765423, 9289186, 1119851, 4700644, 5500157)
for select-inlist
table 1 : explain SELECT c FROM sbtest1 WHERE id IN ( 1526594, 7955003, 2163470, 7073400, 2912260, 7715701, 4877672, 1616097, 1255931, 4623402)
	Index Scan using sbtest1_pkey on sbtest1  (cost=0.43..83.69 rows=10 width=121)
	  Index Cond: (id = ANY ('{1526594,7955003,2163470,7073400,2912260,7715701,4877672,1616097,1255931,4623402}'::integer[]))

table 2 : explain SELECT c FROM sbtest2 WHERE id IN ( 1526594, 7955003, 2163470, 7073400, 2912260, 7715701, 4877672, 1616097, 1255931, 4623402)
	Index Scan using sbtest2_pkey on sbtest2  (cost=0.43..83.77 rows=10 width=121)
	  Index Cond: (id = ANY ('{1526594,7955003,2163470,7073400,2912260,7715701,4877672,1616097,1255931,4623402}'::integer[]))

table 3 : explain SELECT c FROM sbtest3 WHERE id IN ( 1526594, 7955003, 2163470, 7073400, 2912260, 7715701, 4877672, 1616097, 1255931, 4623402)
	Index Scan using sbtest3_pkey on sbtest3  (cost=0.43..83.70 rows=10 width=121)
	  Index Cond: (id = ANY ('{1526594,7955003,2163470,7073400,2912260,7715701,4877672,1616097,1255931,4623402}'::integer[]))

table 4 : explain SELECT c FROM sbtest4 WHERE id IN ( 1526594, 7955003, 2163470, 7073400, 2912260, 7715701, 4877672, 1616097, 1255931, 4623402)
	Index Scan using sbtest4_pkey on sbtest4  (cost=0.43..83.87 rows=10 width=121)
	  Index Cond: (id = ANY ('{1526594,7955003,2163470,7073400,2912260,7715701,4877672,1616097,1255931,4623402}'::integer[]))

table 5 : explain SELECT c FROM sbtest5 WHERE id IN ( 1526594, 7955003, 2163470, 7073400, 2912260, 7715701, 4877672, 1616097, 1255931, 4623402)
	Index Scan using sbtest5_pkey on sbtest5  (cost=0.43..83.74 rows=10 width=121)
	  Index Cond: (id = ANY ('{1526594,7955003,2163470,7073400,2912260,7715701,4877672,1616097,1255931,4623402}'::integer[]))

table 6 : explain SELECT c FROM sbtest6 WHERE id IN ( 1526594, 7955003, 2163470, 7073400, 2912260, 7715701, 4877672, 1616097, 1255931, 4623402)
	Index Scan using sbtest6_pkey on sbtest6  (cost=0.43..83.69 rows=10 width=121)
	  Index Cond: (id = ANY ('{1526594,7955003,2163470,7073400,2912260,7715701,4877672,1616097,1255931,4623402}'::integer[]))

table 7 : explain SELECT c FROM sbtest7 WHERE id IN ( 1526594, 7955003, 2163470, 7073400, 2912260, 7715701, 4877672, 1616097, 1255931, 4623402)
	Index Scan using sbtest7_pkey on sbtest7  (cost=0.43..83.68 rows=10 width=121)
	  Index Cond: (id = ANY ('{1526594,7955003,2163470,7073400,2912260,7715701,4877672,1616097,1255931,4623402}'::integer[]))

table 8 : explain SELECT c FROM sbtest8 WHERE id IN ( 1526594, 7955003, 2163470, 7073400, 2912260, 7715701, 4877672, 1616097, 1255931, 4623402)
	Index Scan using sbtest8_pkey on sbtest8  (cost=0.43..83.68 rows=10 width=121)
	  Index Cond: (id = ANY ('{1526594,7955003,2163470,7073400,2912260,7715701,4877672,1616097,1255931,4623402}'::integer[]))

for select-inlist
table 1 : explain SELECT c FROM sbtest1 WHERE id IN ( 8189035, 3114253, 3858985, 8603866, 9715679, 2681191, 595199, 7481497, 9791700, 2018387)
	Index Scan using sbtest1_pkey on sbtest1  (cost=0.43..83.69 rows=10 width=121)
	  Index Cond: (id = ANY ('{8189035,3114253,3858985,8603866,9715679,2681191,595199,7481497,9791700,2018387}'::integer[]))

table 2 : explain SELECT c FROM sbtest2 WHERE id IN ( 8189035, 3114253, 3858985, 8603866, 9715679, 2681191, 595199, 7481497, 9791700, 2018387)
	Index Scan using sbtest2_pkey on sbtest2  (cost=0.43..83.77 rows=10 width=121)
	  Index Cond: (id = ANY ('{8189035,3114253,3858985,8603866,9715679,2681191,595199,7481497,9791700,2018387}'::integer[]))

table 3 : explain SELECT c FROM sbtest3 WHERE id IN ( 8189035, 3114253, 3858985, 8603866, 9715679, 2681191, 595199, 7481497, 9791700, 2018387)
	Index Scan using sbtest3_pkey on sbtest3  (cost=0.43..83.70 rows=10 width=121)
	  Index Cond: (id = ANY ('{8189035,3114253,3858985,8603866,9715679,2681191,595199,7481497,9791700,2018387}'::integer[]))

table 4 : explain SELECT c FROM sbtest4 WHERE id IN ( 8189035, 3114253, 3858985, 8603866, 9715679, 2681191, 595199, 7481497, 9791700, 2018387)
	Index Scan using sbtest4_pkey on sbtest4  (cost=0.43..83.87 rows=10 width=121)
	  Index Cond: (id = ANY ('{8189035,3114253,3858985,8603866,9715679,2681191,595199,7481497,9791700,2018387}'::integer[]))

table 5 : explain SELECT c FROM sbtest5 WHERE id IN ( 8189035, 3114253, 3858985, 8603866, 9715679, 2681191, 595199, 7481497, 9791700, 2018387)
	Index Scan using sbtest5_pkey on sbtest5  (cost=0.43..83.74 rows=10 width=121)
	  Index Cond: (id = ANY ('{8189035,3114253,3858985,8603866,9715679,2681191,595199,7481497,9791700,2018387}'::integer[]))

table 6 : explain SELECT c FROM sbtest6 WHERE id IN ( 8189035, 3114253, 3858985, 8603866, 9715679, 2681191, 595199, 7481497, 9791700, 2018387)
	Index Scan using sbtest6_pkey on sbtest6  (cost=0.43..83.69 rows=10 width=121)
	  Index Cond: (id = ANY ('{8189035,3114253,3858985,8603866,9715679,2681191,595199,7481497,9791700,2018387}'::integer[]))

table 7 : explain SELECT c FROM sbtest7 WHERE id IN ( 8189035, 3114253, 3858985, 8603866, 9715679, 2681191, 595199, 7481497, 9791700, 2018387)
	Index Scan using sbtest7_pkey on sbtest7  (cost=0.43..83.68 rows=10 width=121)
	  Index Cond: (id = ANY ('{8189035,3114253,3858985,8603866,9715679,2681191,595199,7481497,9791700,2018387}'::integer[]))

table 8 : explain SELECT c FROM sbtest8 WHERE id IN ( 8189035, 3114253, 3858985, 8603866, 9715679, 2681191, 595199, 7481497, 9791700, 2018387)
	Index Scan using sbtest8_pkey on sbtest8  (cost=0.43..83.68 rows=10 width=121)
	  Index Cond: (id = ANY ('{8189035,3114253,3858985,8603866,9715679,2681191,595199,7481497,9791700,2018387}'::integer[]))

for select-inlist
table 1 : explain SELECT c FROM sbtest1 WHERE id IN ( 2496988, 4548410, 2299983, 4034330, 2327142, 4203609, 7299313, 7360204, 981617, 5551258)
	Index Scan using sbtest1_pkey on sbtest1  (cost=0.43..83.69 rows=10 width=121)
	  Index Cond: (id = ANY ('{2496988,4548410,2299983,4034330,2327142,4203609,7299313,7360204,981617,5551258}'::integer[]))

table 2 : explain SELECT c FROM sbtest2 WHERE id IN ( 2496988, 4548410, 2299983, 4034330, 2327142, 4203609, 7299313, 7360204, 981617, 5551258)
	Index Scan using sbtest2_pkey on sbtest2  (cost=0.43..83.77 rows=10 width=121)
	  Index Cond: (id = ANY ('{2496988,4548410,2299983,4034330,2327142,4203609,7299313,7360204,981617,5551258}'::integer[]))

table 3 : explain SELECT c FROM sbtest3 WHERE id IN ( 2496988, 4548410, 2299983, 4034330, 2327142, 4203609, 7299313, 7360204, 981617, 5551258)
	Index Scan using sbtest3_pkey on sbtest3  (cost=0.43..83.70 rows=10 width=121)
	  Index Cond: (id = ANY ('{2496988,4548410,2299983,4034330,2327142,4203609,7299313,7360204,981617,5551258}'::integer[]))

table 4 : explain SELECT c FROM sbtest4 WHERE id IN ( 2496988, 4548410, 2299983, 4034330, 2327142, 4203609, 7299313, 7360204, 981617, 5551258)
	Index Scan using sbtest4_pkey on sbtest4  (cost=0.43..83.87 rows=10 width=121)
	  Index Cond: (id = ANY ('{2496988,4548410,2299983,4034330,2327142,4203609,7299313,7360204,981617,5551258}'::integer[]))

table 5 : explain SELECT c FROM sbtest5 WHERE id IN ( 2496988, 4548410, 2299983, 4034330, 2327142, 4203609, 7299313, 7360204, 981617, 5551258)
	Index Scan using sbtest5_pkey on sbtest5  (cost=0.43..83.74 rows=10 width=121)
	  Index Cond: (id = ANY ('{2496988,4548410,2299983,4034330,2327142,4203609,7299313,7360204,981617,5551258}'::integer[]))

table 6 : explain SELECT c FROM sbtest6 WHERE id IN ( 2496988, 4548410, 2299983, 4034330, 2327142, 4203609, 7299313, 7360204, 981617, 5551258)
	Index Scan using sbtest6_pkey on sbtest6  (cost=0.43..83.69 rows=10 width=121)
	  Index Cond: (id = ANY ('{2496988,4548410,2299983,4034330,2327142,4203609,7299313,7360204,981617,5551258}'::integer[]))

table 7 : explain SELECT c FROM sbtest7 WHERE id IN ( 2496988, 4548410, 2299983, 4034330, 2327142, 4203609, 7299313, 7360204, 981617, 5551258)
	Index Scan using sbtest7_pkey on sbtest7  (cost=0.43..83.68 rows=10 width=121)
	  Index Cond: (id = ANY ('{2496988,4548410,2299983,4034330,2327142,4203609,7299313,7360204,981617,5551258}'::integer[]))

table 8 : explain SELECT c FROM sbtest8 WHERE id IN ( 2496988, 4548410, 2299983, 4034330, 2327142, 4203609, 7299313, 7360204, 981617, 5551258)
	Index Scan using sbtest8_pkey on sbtest8  (cost=0.43..83.68 rows=10 width=121)
	  Index Cond: (id = ANY ('{2496988,4548410,2299983,4034330,2327142,4203609,7299313,7360204,981617,5551258}'::integer[]))

explain: for select-inlist :: explain SELECT c FROM sbtest%d WHERE id IN ( 6622282, 8113819, 3756859, 4041008, 521700, 4674476, 3674697, 1716859, 6842018, 3983051)
explain: for select-inlist :: explain SELECT c FROM sbtest%d WHERE id IN ( 5423067, 8038484, 9050428, 8013856, 368008, 94561, 1023079, 3474894, 7395322, 5675250)
explain: for select-inlist :: explain SELECT c FROM sbtest%d WHERE id IN ( 882733, 8250100, 5732996, 2804505, 884820, 7050667, 9331692, 3666780, 2409539, 140310)
explain: for select-inlist :: explain SELECT c FROM sbtest%d WHERE id IN ( 3083200, 2847986, 1794295, 1162721, 9313259, 6308304, 8797019, 1964926, 592779, 3328636)
explain: for select-inlist :: explain SELECT c FROM sbtest%d WHERE id IN ( 3631075, 7481065, 6526430, 6615258, 8000536, 4549762, 9163313, 432299, 7620537, 452101)explain: for select-inlist :: explain SELECT c FROM sbtest%d WHERE id IN ( 1621225, 1706309, 9360308, 4172587, 5838531, 1692585, 9305160, 4390186, 1838549, 6143027)

for select-inlist
table 1 : explain SELECT c FROM sbtest1 WHERE id IN ( 6561999, 5974742, 8032813, 4402524, 1757158, 4359312, 7134291, 6090760, 4126932, 7632173)
	Index Scan using sbtest1_pkey on sbtest1  (cost=0.43..83.69 rows=10 width=121)
	  Index Cond: (id = ANY ('{6561999,5974742,8032813,4402524,1757158,4359312,7134291,6090760,4126932,7632173}'::integer[]))

table 2 : explain SELECT c FROM sbtest2 WHERE id IN ( 6561999, 5974742, 8032813, 4402524, 1757158, 4359312, 7134291, 6090760, 4126932, 7632173)
	Index Scan using sbtest2_pkey on sbtest2  (cost=0.43..83.77 rows=10 width=121)
	  Index Cond: (id = ANY ('{6561999,5974742,8032813,4402524,1757158,4359312,7134291,6090760,4126932,7632173}'::integer[]))

table 3 : explain SELECT c FROM sbtest3 WHERE id IN ( 6561999, 5974742, 8032813, 4402524, 1757158, 4359312, 7134291, 6090760, 4126932, 7632173)
	Index Scan using sbtest3_pkey on sbtest3  (cost=0.43..83.70 rows=10 width=121)
	  Index Cond: (id = ANY ('{6561999,5974742,8032813,4402524,1757158,4359312,7134291,6090760,4126932,7632173}'::integer[]))

table 4 : explain SELECT c FROM sbtest4 WHERE id IN ( 6561999, 5974742, 8032813, 4402524, 1757158, 4359312, 7134291, 6090760, 4126932, 7632173)
	Index Scan using sbtest4_pkey on sbtest4  (cost=0.43..83.87 rows=10 width=121)
	  Index Cond: (id = ANY ('{6561999,5974742,8032813,4402524,1757158,4359312,7134291,6090760,4126932,7632173}'::integer[]))

table 5 : explain SELECT c FROM sbtest5 WHERE id IN ( 6561999, 5974742, 8032813, 4402524, 1757158, 4359312, 7134291, 6090760, 4126932, 7632173)
	Index Scan using sbtest5_pkey on sbtest5  (cost=0.43..83.74 rows=10 width=121)
	  Index Cond: (id = ANY ('{6561999,5974742,8032813,4402524,1757158,4359312,7134291,6090760,4126932,7632173}'::integer[]))

table 6 : explain SELECT c FROM sbtest6 WHERE id IN ( 6561999, 5974742, 8032813, 4402524, 1757158, 4359312, 7134291, 6090760, 4126932, 7632173)
	Index Scan using sbtest6_pkey on sbtest6  (cost=0.43..83.69 rows=10 width=121)
	  Index Cond: (id = ANY ('{6561999,5974742,8032813,4402524,1757158,4359312,7134291,6090760,4126932,7632173}'::integer[]))

table 7 : explain SELECT c FROM sbtest7 WHERE id IN ( 6561999, 5974742, 8032813, 4402524, 1757158, 4359312, 7134291, 6090760, 4126932, 7632173)
	Index Scan using sbtest7_pkey on sbtest7  (cost=0.43..83.68 rows=10 width=121)
	  Index Cond: (id = ANY ('{6561999,5974742,8032813,4402524,1757158,4359312,7134291,6090760,4126932,7632173}'::integer[]))

table 8 : explain SELECT c FROM sbtest8 WHERE id IN ( 6561999, 5974742, 8032813, 4402524, 1757158, 4359312, 7134291, 6090760, 4126932, 7632173)
	Index Scan using sbtest8_pkey on sbtest8  (cost=0.43..83.68 rows=10 width=121)
	  Index Cond: (id = ANY ('{6561999,5974742,8032813,4402524,1757158,4359312,7134291,6090760,4126932,7632173}'::integer[]))

explain: for select-inlist :: explain SELECT c FROM sbtest%d WHERE id IN ( 9170281, 3929222, 2542866, 816441, 3758892, 2574256, 8020734, 2493138, 1454194, 8696197)
for select-inlist
table 1 : explain SELECT c FROM sbtest1 WHERE id IN ( 2755854, 7898685, 7394547, 1093966, 3176371, 3333546, 2115339, 621976, 4146239, 2313211)
	Index Scan using sbtest1_pkey on sbtest1  (cost=0.43..83.69 rows=10 width=121)
	  Index Cond: (id = ANY ('{2755854,7898685,7394547,1093966,3176371,3333546,2115339,621976,4146239,2313211}'::integer[]))

table 2 : explain SELECT c FROM sbtest2 WHERE id IN ( 2755854, 7898685, 7394547, 1093966, 3176371, 3333546, 2115339, 621976, 4146239, 2313211)
	Index Scan using sbtest2_pkey on sbtest2  (cost=0.43..83.77 rows=10 width=121)
	  Index Cond: (id = ANY ('{2755854,7898685,7394547,1093966,3176371,3333546,2115339,621976,4146239,2313211}'::integer[]))

table 3 : explain SELECT c FROM sbtest3 WHERE id IN ( 2755854, 7898685, 7394547, 1093966, 3176371, 3333546, 2115339, 621976, 4146239, 2313211)
	Index Scan using sbtest3_pkey on sbtest3  (cost=0.43..83.70 rows=10 width=121)
	  Index Cond: (id = ANY ('{2755854,7898685,7394547,1093966,3176371,3333546,2115339,621976,4146239,2313211}'::integer[]))

table 4 : explain SELECT c FROM sbtest4 WHERE id IN ( 2755854, 7898685, 7394547, 1093966, 3176371, 3333546, 2115339, 621976, 4146239, 2313211)
	Index Scan using sbtest4_pkey on sbtest4  (cost=0.43..83.87 rows=10 width=121)
	  Index Cond: (id = ANY ('{2755854,7898685,7394547,1093966,3176371,3333546,2115339,621976,4146239,2313211}'::integer[]))

table 5 : explain SELECT c FROM sbtest5 WHERE id IN ( 2755854, 7898685, 7394547, 1093966, 3176371, 3333546, 2115339, 621976, 4146239, 2313211)
	Index Scan using sbtest5_pkey on sbtest5  (cost=0.43..83.74 rows=10 width=121)
	  Index Cond: (id = ANY ('{2755854,7898685,7394547,1093966,3176371,3333546,2115339,621976,4146239,2313211}'::integer[]))

table 6 : explain SELECT c FROM sbtest6 WHERE id IN ( 2755854, 7898685, 7394547, 1093966, 3176371, 3333546, 2115339, 621976, 4146239, 2313211)
	Index Scan using sbtest6_pkey on sbtest6  (cost=0.43..83.69 rows=10 width=121)
	  Index Cond: (id = ANY ('{2755854,7898685,7394547,1093966,3176371,3333546,2115339,621976,4146239,2313211}'::integer[]))

table 7 : explain SELECT c FROM sbtest7 WHERE id IN ( 2755854, 7898685, 7394547, 1093966, 3176371, 3333546, 2115339, 621976, 4146239, 2313211)
	Index Scan using sbtest7_pkey on sbtest7  (cost=0.43..83.68 rows=10 width=121)
	  Index Cond: (id = ANY ('{2755854,7898685,7394547,1093966,3176371,3333546,2115339,621976,4146239,2313211}'::integer[]))

table 8 : explain SELECT c FROM sbtest8 WHERE id IN ( 2755854, 7898685, 7394547, 1093966, 3176371, 3333546, 2115339, 621976, 4146239, 2313211)
	Index Scan using sbtest8_pkey on sbtest8  (cost=0.43..83.68 rows=10 width=121)
	  Index Cond: (id = ANY ('{2755854,7898685,7394547,1093966,3176371,3333546,2115339,621976,4146239,2313211}'::integer[]))

for select-inlist
table 1 : explain SELECT c FROM sbtest1 WHERE id IN ( 5423067, 8038484, 9050428, 8013856, 368008, 94561, 1023079, 3474894, 7395322, 5675250)
	Index Scan using sbtest1_pkey on sbtest1  (cost=0.43..83.69 rows=10 width=121)
	  Index Cond: (id = ANY ('{5423067,8038484,9050428,8013856,368008,94561,1023079,3474894,7395322,5675250}'::integer[]))

table 2 : explain SELECT c FROM sbtest2 WHERE id IN ( 5423067, 8038484, 9050428, 8013856, 368008, 94561, 1023079, 3474894, 7395322, 5675250)
	Index Scan using sbtest2_pkey on sbtest2  (cost=0.43..83.77 rows=10 width=121)
	  Index Cond: (id = ANY ('{5423067,8038484,9050428,8013856,368008,94561,1023079,3474894,7395322,5675250}'::integer[]))

table 3 : explain SELECT c FROM sbtest3 WHERE id IN ( 5423067, 8038484, 9050428, 8013856, 368008, 94561, 1023079, 3474894, 7395322, 5675250)
	Index Scan using sbtest3_pkey on sbtest3  (cost=0.43..83.70 rows=10 width=121)
	  Index Cond: (id = ANY ('{5423067,8038484,9050428,8013856,368008,94561,1023079,3474894,7395322,5675250}'::integer[]))

table 4 : explain SELECT c FROM sbtest4 WHERE id IN ( 5423067, 8038484, 9050428, 8013856, 368008, 94561, 1023079, 3474894, 7395322, 5675250)
	Index Scan using sbtest4_pkey on sbtest4  (cost=0.43..83.87 rows=10 width=121)
	  Index Cond: (id = ANY ('{5423067,8038484,9050428,8013856,368008,94561,1023079,3474894,7395322,5675250}'::integer[]))

table 5 : explain SELECT c FROM sbtest5 WHERE id IN ( 5423067, 8038484, 9050428, 8013856, 368008, 94561, 1023079, 3474894, 7395322, 5675250)
	Index Scan using sbtest5_pkey on sbtest5  (cost=0.43..83.74 rows=10 width=121)
	  Index Cond: (id = ANY ('{5423067,8038484,9050428,8013856,368008,94561,1023079,3474894,7395322,5675250}'::integer[]))

table 6 : explain SELECT c FROM sbtest6 WHERE id IN ( 5423067, 8038484, 9050428, 8013856, 368008, 94561, 1023079, 3474894, 7395322, 5675250)
	Index Scan using sbtest6_pkey on sbtest6  (cost=0.43..83.69 rows=10 width=121)
	  Index Cond: (id = ANY ('{5423067,8038484,9050428,8013856,368008,94561,1023079,3474894,7395322,5675250}'::integer[]))

table 7 : explain SELECT c FROM sbtest7 WHERE id IN ( 5423067, 8038484, 9050428, 8013856, 368008, 94561, 1023079, 3474894, 7395322, 5675250)
	Index Scan using sbtest7_pkey on sbtest7  (cost=0.43..83.68 rows=10 width=121)
	  Index Cond: (id = ANY ('{5423067,8038484,9050428,8013856,368008,94561,1023079,3474894,7395322,5675250}'::integer[]))

table 8 : explain SELECT c FROM sbtest8 WHERE id IN ( 5423067, 8038484, 9050428, 8013856, 368008, 94561, 1023079, 3474894, 7395322, 5675250)
	Index Scan using sbtest8_pkey on sbtest8  (cost=0.43..83.68 rows=10 width=121)
	  Index Cond: (id = ANY ('{5423067,8038484,9050428,8013856,368008,94561,1023079,3474894,7395322,5675250}'::integer[]))

explain: for select-inlist :: explain SELECT c FROM sbtest%d WHERE id IN ( 8415123, 7109640, 4598055, 5295123, 8931746, 3682395, 221623, 2119901, 6831153, 2705354)
for select-inlist
table 1 : explain SELECT c FROM sbtest1 WHERE id IN ( 882733, 8250100, 5732996, 2804505, 884820, 7050667, 9331692, 3666780, 2409539, 140310)
	Index Scan using sbtest1_pkey on sbtest1  (cost=0.43..83.69 rows=10 width=121)
	  Index Cond: (id = ANY ('{882733,8250100,5732996,2804505,884820,7050667,9331692,3666780,2409539,140310}'::integer[]))

table 2 : explain SELECT c FROM sbtest2 WHERE id IN ( 882733, 8250100, 5732996, 2804505, 884820, 7050667, 9331692, 3666780, 2409539, 140310)
	Index Scan using sbtest2_pkey on sbtest2  (cost=0.43..83.77 rows=10 width=121)
	  Index Cond: (id = ANY ('{882733,8250100,5732996,2804505,884820,7050667,9331692,3666780,2409539,140310}'::integer[]))

table 3 : explain SELECT c FROM sbtest3 WHERE id IN ( 882733, 8250100, 5732996, 2804505, 884820, 7050667, 9331692, 3666780, 2409539, 140310)
	Index Scan using sbtest3_pkey on sbtest3  (cost=0.43..83.70 rows=10 width=121)
	  Index Cond: (id = ANY ('{882733,8250100,5732996,2804505,884820,7050667,9331692,3666780,2409539,140310}'::integer[]))

table 4 : explain SELECT c FROM sbtest4 WHERE id IN ( 882733, 8250100, 5732996, 2804505, 884820, 7050667, 9331692, 3666780, 2409539, 140310)
	Index Scan using sbtest4_pkey on sbtest4  (cost=0.43..83.87 rows=10 width=121)
	  Index Cond: (id = ANY ('{882733,8250100,5732996,2804505,884820,7050667,9331692,3666780,2409539,140310}'::integer[]))

table 5 : explain SELECT c FROM sbtest5 WHERE id IN ( 882733, 8250100, 5732996, 2804505, 884820, 7050667, 9331692, 3666780, 2409539, 140310)
	Index Scan using sbtest5_pkey on sbtest5  (cost=0.43..83.74 rows=10 width=121)
	  Index Cond: (id = ANY ('{882733,8250100,5732996,2804505,884820,7050667,9331692,3666780,2409539,140310}'::integer[]))

table 6 : explain SELECT c FROM sbtest6 WHERE id IN ( 882733, 8250100, 5732996, 2804505, 884820, 7050667, 9331692, 3666780, 2409539, 140310)
	Index Scan using sbtest6_pkey on sbtest6  (cost=0.43..83.69 rows=10 width=121)
	  Index Cond: (id = ANY ('{882733,8250100,5732996,2804505,884820,7050667,9331692,3666780,2409539,140310}'::integer[]))

table 7 : explain SELECT c FROM sbtest7 WHERE id IN ( 882733, 8250100, 5732996, 2804505, 884820, 7050667, 9331692, 3666780, 2409539, 140310)
	Index Scan using sbtest7_pkey on sbtest7  (cost=0.43..83.68 rows=10 width=121)
	  Index Cond: (id = ANY ('{882733,8250100,5732996,2804505,884820,7050667,9331692,3666780,2409539,140310}'::integer[]))

table 8 : explain SELECT c FROM sbtest8 WHERE id IN ( 882733, 8250100, 5732996, 2804505, 884820, 7050667, 9331692, 3666780, 2409539, 140310)
	Index Scan using sbtest8_pkey on sbtest8  (cost=0.43..83.68 rows=10 width=121)
	  Index Cond: (id = ANY ('{882733,8250100,5732996,2804505,884820,7050667,9331692,3666780,2409539,140310}'::integer[]))

for select-inlist
table 1 : explain SELECT c FROM sbtest1 WHERE id IN ( 3083200, 2847986, 1794295, 1162721, 9313259, 6308304, 8797019, 1964926, 592779, 3328636)
	Index Scan using sbtest1_pkey on sbtest1  (cost=0.43..83.69 rows=10 width=121)
	  Index Cond: (id = ANY ('{3083200,2847986,1794295,1162721,9313259,6308304,8797019,1964926,592779,3328636}'::integer[]))

table 2 : explain SELECT c FROM sbtest2 WHERE id IN ( 3083200, 2847986, 1794295, 1162721, 9313259, 6308304, 8797019, 1964926, 592779, 3328636)
	Index Scan using sbtest2_pkey on sbtest2  (cost=0.43..83.77 rows=10 width=121)
	  Index Cond: (id = ANY ('{3083200,2847986,1794295,1162721,9313259,6308304,8797019,1964926,592779,3328636}'::integer[]))

table 3 : explain SELECT c FROM sbtest3 WHERE id IN ( 3083200, 2847986, 1794295, 1162721, 9313259, 6308304, 8797019, 1964926, 592779, 3328636)
	Index Scan using sbtest3_pkey on sbtest3  (cost=0.43..83.70 rows=10 width=121)
	  Index Cond: (id = ANY ('{3083200,2847986,1794295,1162721,9313259,6308304,8797019,1964926,592779,3328636}'::integer[]))

table 4 : explain SELECT c FROM sbtest4 WHERE id IN ( 3083200, 2847986, 1794295, 1162721, 9313259, 6308304, 8797019, 1964926, 592779, 3328636)
	Index Scan using sbtest4_pkey on sbtest4  (cost=0.43..83.87 rows=10 width=121)
	  Index Cond: (id = ANY ('{3083200,2847986,1794295,1162721,9313259,6308304,8797019,1964926,592779,3328636}'::integer[]))

table 5 : explain SELECT c FROM sbtest5 WHERE id IN ( 3083200, 2847986, 1794295, 1162721, 9313259, 6308304, 8797019, 1964926, 592779, 3328636)
	Index Scan using sbtest5_pkey on sbtest5  (cost=0.43..83.74 rows=10 width=121)
	  Index Cond: (id = ANY ('{3083200,2847986,1794295,1162721,9313259,6308304,8797019,1964926,592779,3328636}'::integer[]))

table 6 : explain SELECT c FROM sbtest6 WHERE id IN ( 3083200, 2847986, 1794295, 1162721, 9313259, 6308304, 8797019, 1964926, 592779, 3328636)
	Index Scan using sbtest6_pkey on sbtest6  (cost=0.43..83.69 rows=10 width=121)
	  Index Cond: (id = ANY ('{3083200,2847986,1794295,1162721,9313259,6308304,8797019,1964926,592779,3328636}'::integer[]))

table 7 : explain SELECT c FROM sbtest7 WHERE id IN ( 3083200, 2847986, 1794295, 1162721, 9313259, 6308304, 8797019, 1964926, 592779, 3328636)
	Index Scan using sbtest7_pkey on sbtest7  (cost=0.43..83.68 rows=10 width=121)
	  Index Cond: (id = ANY ('{3083200,2847986,1794295,1162721,9313259,6308304,8797019,1964926,592779,3328636}'::integer[]))

table 8 : explain SELECT c FROM sbtest8 WHERE id IN ( 3083200, 2847986, 1794295, 1162721, 9313259, 6308304, 8797019, 1964926, 592779, 3328636)
	Index Scan using sbtest8_pkey on sbtest8  (cost=0.43..83.68 rows=10 width=121)
	  Index Cond: (id = ANY ('{3083200,2847986,1794295,1162721,9313259,6308304,8797019,1964926,592779,3328636}'::integer[]))

for select-inlist
table 1 : explain SELECT c FROM sbtest1 WHERE id IN ( 3631075, 7481065, 6526430, 6615258, 8000536, 4549762, 9163313, 432299, 7620537, 452101)
	Index Scan using sbtest1_pkey on sbtest1  (cost=0.43..83.69 rows=10 width=121)
	  Index Cond: (id = ANY ('{3631075,7481065,6526430,6615258,8000536,4549762,9163313,432299,7620537,452101}'::integer[]))

table 2 : explain SELECT c FROM sbtest2 WHERE id IN ( 3631075, 7481065, 6526430, 6615258, 8000536, 4549762, 9163313, 432299, 7620537, 452101)
	Index Scan using sbtest2_pkey on sbtest2  (cost=0.43..83.77 rows=10 width=121)
	  Index Cond: (id = ANY ('{3631075,7481065,6526430,6615258,8000536,4549762,9163313,432299,7620537,452101}'::integer[]))

table 3 : explain SELECT c FROM sbtest3 WHERE id IN ( 3631075, 7481065, 6526430, 6615258, 8000536, 4549762, 9163313, 432299, 7620537, 452101)
	Index Scan using sbtest3_pkey on sbtest3  (cost=0.43..83.70 rows=10 width=121)
	  Index Cond: (id = ANY ('{3631075,7481065,6526430,6615258,8000536,4549762,9163313,432299,7620537,452101}'::integer[]))

table 4 : explain SELECT c FROM sbtest4 WHERE id IN ( 3631075, 7481065, 6526430, 6615258, 8000536, 4549762, 9163313, 432299, 7620537, 452101)
	Index Scan using sbtest4_pkey on sbtest4  (cost=0.43..83.87 rows=10 width=121)
	  Index Cond: (id = ANY ('{3631075,7481065,6526430,6615258,8000536,4549762,9163313,432299,7620537,452101}'::integer[]))

table 5 : explain SELECT c FROM sbtest5 WHERE id IN ( 3631075, 7481065, 6526430, 6615258, 8000536, 4549762, 9163313, 432299, 7620537, 452101)
	Index Scan using sbtest5_pkey on sbtest5  (cost=0.43..83.74 rows=10 width=121)
	  Index Cond: (id = ANY ('{3631075,7481065,6526430,6615258,8000536,4549762,9163313,432299,7620537,452101}'::integer[]))

table 6 : explain SELECT c FROM sbtest6 WHERE id IN ( 3631075, 7481065, 6526430, 6615258, 8000536, 4549762, 9163313, 432299, 7620537, 452101)
	Index Scan using sbtest6_pkey on sbtest6  (cost=0.43..83.69 rows=10 width=121)
	  Index Cond: (id = ANY ('{3631075,7481065,6526430,6615258,8000536,4549762,9163313,432299,7620537,452101}'::integer[]))

table 7 : explain SELECT c FROM sbtest7 WHERE id IN ( 3631075, 7481065, 6526430, 6615258, 8000536, 4549762, 9163313, 432299, 7620537, 452101)
	Index Scan using sbtest7_pkey on sbtest7  (cost=0.43..83.68 rows=10 width=121)
	  Index Cond: (id = ANY ('{3631075,7481065,6526430,6615258,8000536,4549762,9163313,432299,7620537,452101}'::integer[]))

table 8 : explain SELECT c FROM sbtest8 WHERE id IN ( 3631075, 7481065, 6526430, 6615258, 8000536, 4549762, 9163313, 432299, 7620537, 452101)
	Index Scan using sbtest8_pkey on sbtest8  (cost=0.43..83.68 rows=10 width=121)
	  Index Cond: (id = ANY ('{3631075,7481065,6526430,6615258,8000536,4549762,9163313,432299,7620537,452101}'::integer[]))

for select-inlist
table 1 : explain SELECT c FROM sbtest1 WHERE id IN ( 3697010, 5689865, 2856153, 44477, 7668894, 765423, 9289186, 1119851, 4700644, 5500157)
	Index Scan using sbtest1_pkey on sbtest1  (cost=0.43..83.69 rows=10 width=121)
	  Index Cond: (id = ANY ('{3697010,5689865,2856153,44477,7668894,765423,9289186,1119851,4700644,5500157}'::integer[]))

table 2 : explain SELECT c FROM sbtest2 WHERE id IN ( 3697010, 5689865, 2856153, 44477, 7668894, 765423, 9289186, 1119851, 4700644, 5500157)
	Index Scan using sbtest2_pkey on sbtest2  (cost=0.43..83.77 rows=10 width=121)
	  Index Cond: (id = ANY ('{3697010,5689865,2856153,44477,7668894,765423,9289186,1119851,4700644,5500157}'::integer[]))

table 3 : explain SELECT c FROM sbtest3 WHERE id IN ( 3697010, 5689865, 2856153, 44477, 7668894, 765423, 9289186, 1119851, 4700644, 5500157)
	Index Scan using sbtest3_pkey on sbtest3  (cost=0.43..83.70 rows=10 width=121)
	  Index Cond: (id = ANY ('{3697010,5689865,2856153,44477,7668894,765423,9289186,1119851,4700644,5500157}'::integer[]))

table 4 : explain SELECT c FROM sbtest4 WHERE id IN ( 3697010, 5689865, 2856153, 44477, 7668894, 765423, 9289186, 1119851, 4700644, 5500157)
	Index Scan using sbtest4_pkey on sbtest4  (cost=0.43..83.87 rows=10 width=121)
	  Index Cond: (id = ANY ('{3697010,5689865,2856153,44477,7668894,765423,9289186,1119851,4700644,5500157}'::integer[]))

table 5 : explain SELECT c FROM sbtest5 WHERE id IN ( 3697010, 5689865, 2856153, 44477, 7668894, 765423, 9289186, 1119851, 4700644, 5500157)
	Index Scan using sbtest5_pkey on sbtest5  (cost=0.43..83.74 rows=10 width=121)
	  Index Cond: (id = ANY ('{3697010,5689865,2856153,44477,7668894,765423,9289186,1119851,4700644,5500157}'::integer[]))

table 6 : explain SELECT c FROM sbtest6 WHERE id IN ( 3697010, 5689865, 2856153, 44477, 7668894, 765423, 9289186, 1119851, 4700644, 5500157)
	Index Scan using sbtest6_pkey on sbtest6  (cost=0.43..83.69 rows=10 width=121)
	  Index Cond: (id = ANY ('{3697010,5689865,2856153,44477,7668894,765423,9289186,1119851,4700644,5500157}'::integer[]))

table 7 : explain SELECT c FROM sbtest7 WHERE id IN ( 3697010, 5689865, 2856153, 44477, 7668894, 765423, 9289186, 1119851, 4700644, 5500157)
	Index Scan using sbtest7_pkey on sbtest7  (cost=0.43..83.68 rows=10 width=121)
	  Index Cond: (id = ANY ('{3697010,5689865,2856153,44477,7668894,765423,9289186,1119851,4700644,5500157}'::integer[]))

table 8 : explain SELECT c FROM sbtest8 WHERE id IN ( 3697010, 5689865, 2856153, 44477, 7668894, 765423, 9289186, 1119851, 4700644, 5500157)
	Index Scan using sbtest8_pkey on sbtest8  (cost=0.43..83.68 rows=10 width=121)
	  Index Cond: (id = ANY ('{3697010,5689865,2856153,44477,7668894,765423,9289186,1119851,4700644,5500157}'::integer[]))

explain: for select-inlist :: explain SELECT c FROM sbtest%d WHERE id IN ( 6664522, 1901620, 5229454, 5999375, 3068506, 3855703, 2389345, 7249407, 92676, 9175687)
explain: for select-inlist :: explain SELECT c FROM sbtest%d WHERE id IN ( 8472845, 7145015, 621173, 9148289, 9412488, 5618756, 3249611, 4173946, 4280053, 1394082)
explain: for select-inlist :: explain SELECT c FROM sbtest%d WHERE id IN ( 2742312, 5678616, 3637487, 4730224, 9078236, 6240579, 8242745, 2887139, 7029075, 9212478)
for select-inlist
table 1 : explain SELECT c FROM sbtest1 WHERE id IN ( 6622282, 8113819, 3756859, 4041008, 521700, 4674476, 3674697, 1716859, 6842018, 3983051)
	Index Scan using sbtest1_pkey on sbtest1  (cost=0.43..83.69 rows=10 width=121)
	  Index Cond: (id = ANY ('{6622282,8113819,3756859,4041008,521700,4674476,3674697,1716859,6842018,3983051}'::integer[]))

table 2 : explain SELECT c FROM sbtest2 WHERE id IN ( 6622282, 8113819, 3756859, 4041008, 521700, 4674476, 3674697, 1716859, 6842018, 3983051)
	Index Scan using sbtest2_pkey on sbtest2  (cost=0.43..83.77 rows=10 width=121)
	  Index Cond: (id = ANY ('{6622282,8113819,3756859,4041008,521700,4674476,3674697,1716859,6842018,3983051}'::integer[]))

table 3 : explain SELECT c FROM sbtest3 WHERE id IN ( 6622282, 8113819, 3756859, 4041008, 521700, 4674476, 3674697, 1716859, 6842018, 3983051)
	Index Scan using sbtest3_pkey on sbtest3  (cost=0.43..83.70 rows=10 width=121)
	  Index Cond: (id = ANY ('{6622282,8113819,3756859,4041008,521700,4674476,3674697,1716859,6842018,3983051}'::integer[]))

table 4 : explain SELECT c FROM sbtest4 WHERE id IN ( 6622282, 8113819, 3756859, 4041008, 521700, 4674476, 3674697, 1716859, 6842018, 3983051)
	Index Scan using sbtest4_pkey on sbtest4  (cost=0.43..83.87 rows=10 width=121)
	  Index Cond: (id = ANY ('{6622282,8113819,3756859,4041008,521700,4674476,3674697,1716859,6842018,3983051}'::integer[]))

table 5 : explain SELECT c FROM sbtest5 WHERE id IN ( 6622282, 8113819, 3756859, 4041008, 521700, 4674476, 3674697, 1716859, 6842018, 3983051)
	Index Scan using sbtest5_pkey on sbtest5  (cost=0.43..83.74 rows=10 width=121)
	  Index Cond: (id = ANY ('{6622282,8113819,3756859,4041008,521700,4674476,3674697,1716859,6842018,3983051}'::integer[]))

table 6 : explain SELECT c FROM sbtest6 WHERE id IN ( 6622282, 8113819, 3756859, 4041008, 521700, 4674476, 3674697, 1716859, 6842018, 3983051)
	Index Scan using sbtest6_pkey on sbtest6  (cost=0.43..83.69 rows=10 width=121)
	  Index Cond: (id = ANY ('{6622282,8113819,3756859,4041008,521700,4674476,3674697,1716859,6842018,3983051}'::integer[]))

table 7 : explain SELECT c FROM sbtest7 WHERE id IN ( 6622282, 8113819, 3756859, 4041008, 521700, 4674476, 3674697, 1716859, 6842018, 3983051)
	Index Scan using sbtest7_pkey on sbtest7  (cost=0.43..83.68 rows=10 width=121)
	  Index Cond: (id = ANY ('{6622282,8113819,3756859,4041008,521700,4674476,3674697,1716859,6842018,3983051}'::integer[]))

table 8 : explain SELECT c FROM sbtest8 WHERE id IN ( 6622282, 8113819, 3756859, 4041008, 521700, 4674476, 3674697, 1716859, 6842018, 3983051)
	Index Scan using sbtest8_pkey on sbtest8  (cost=0.43..83.68 rows=10 width=121)
	  Index Cond: (id = ANY ('{6622282,8113819,3756859,4041008,521700,4674476,3674697,1716859,6842018,3983051}'::integer[]))

for select-inlist
table 1 : explain SELECT c FROM sbtest1 WHERE id IN ( 9170281, 3929222, 2542866, 816441, 3758892, 2574256, 8020734, 2493138, 1454194, 8696197)
	Index Scan using sbtest1_pkey on sbtest1  (cost=0.43..83.69 rows=10 width=121)
	  Index Cond: (id = ANY ('{9170281,3929222,2542866,816441,3758892,2574256,8020734,2493138,1454194,8696197}'::integer[]))

table 2 : explain SELECT c FROM sbtest2 WHERE id IN ( 9170281, 3929222, 2542866, 816441, 3758892, 2574256, 8020734, 2493138, 1454194, 8696197)
	Index Scan using sbtest2_pkey on sbtest2  (cost=0.43..83.77 rows=10 width=121)
	  Index Cond: (id = ANY ('{9170281,3929222,2542866,816441,3758892,2574256,8020734,2493138,1454194,8696197}'::integer[]))

table 3 : explain SELECT c FROM sbtest3 WHERE id IN ( 9170281, 3929222, 2542866, 816441, 3758892, 2574256, 8020734, 2493138, 1454194, 8696197)
	Index Scan using sbtest3_pkey on sbtest3  (cost=0.43..83.70 rows=10 width=121)
	  Index Cond: (id = ANY ('{9170281,3929222,2542866,816441,3758892,2574256,8020734,2493138,1454194,8696197}'::integer[]))

table 4 : explain SELECT c FROM sbtest4 WHERE id IN ( 9170281, 3929222, 2542866, 816441, 3758892, 2574256, 8020734, 2493138, 1454194, 8696197)
	Index Scan using sbtest4_pkey on sbtest4  (cost=0.43..83.87 rows=10 width=121)
	  Index Cond: (id = ANY ('{9170281,3929222,2542866,816441,3758892,2574256,8020734,2493138,1454194,8696197}'::integer[]))

table 5 : explain SELECT c FROM sbtest5 WHERE id IN ( 9170281, 3929222, 2542866, 816441, 3758892, 2574256, 8020734, 2493138, 1454194, 8696197)
	Index Scan using sbtest5_pkey on sbtest5  (cost=0.43..83.74 rows=10 width=121)
	  Index Cond: (id = ANY ('{9170281,3929222,2542866,816441,3758892,2574256,8020734,2493138,1454194,8696197}'::integer[]))

table 6 : explain SELECT c FROM sbtest6 WHERE id IN ( 9170281, 3929222, 2542866, 816441, 3758892, 2574256, 8020734, 2493138, 1454194, 8696197)
	Index Scan using sbtest6_pkey on sbtest6  (cost=0.43..83.69 rows=10 width=121)
	  Index Cond: (id = ANY ('{9170281,3929222,2542866,816441,3758892,2574256,8020734,2493138,1454194,8696197}'::integer[]))

table 7 : explain SELECT c FROM sbtest7 WHERE id IN ( 9170281, 3929222, 2542866, 816441, 3758892, 2574256, 8020734, 2493138, 1454194, 8696197)
	Index Scan using sbtest7_pkey on sbtest7  (cost=0.43..83.68 rows=10 width=121)
	  Index Cond: (id = ANY ('{9170281,3929222,2542866,816441,3758892,2574256,8020734,2493138,1454194,8696197}'::integer[]))

table 8 : explain SELECT c FROM sbtest8 WHERE id IN ( 9170281, 3929222, 2542866, 816441, 3758892, 2574256, 8020734, 2493138, 1454194, 8696197)
	Index Scan using sbtest8_pkey on sbtest8  (cost=0.43..83.68 rows=10 width=121)
	  Index Cond: (id = ANY ('{9170281,3929222,2542866,816441,3758892,2574256,8020734,2493138,1454194,8696197}'::integer[]))

for select-inlist
table 1 : explain SELECT c FROM sbtest1 WHERE id IN ( 8415123, 7109640, 4598055, 5295123, 8931746, 3682395, 221623, 2119901, 6831153, 2705354)
	Index Scan using sbtest1_pkey on sbtest1  (cost=0.43..83.69 rows=10 width=121)
	  Index Cond: (id = ANY ('{8415123,7109640,4598055,5295123,8931746,3682395,221623,2119901,6831153,2705354}'::integer[]))

table 2 : explain SELECT c FROM sbtest2 WHERE id IN ( 8415123, 7109640, 4598055, 5295123, 8931746, 3682395, 221623, 2119901, 6831153, 2705354)
	Index Scan using sbtest2_pkey on sbtest2  (cost=0.43..83.77 rows=10 width=121)
	  Index Cond: (id = ANY ('{8415123,7109640,4598055,5295123,8931746,3682395,221623,2119901,6831153,2705354}'::integer[]))

table 3 : explain SELECT c FROM sbtest3 WHERE id IN ( 8415123, 7109640, 4598055, 5295123, 8931746, 3682395, 221623, 2119901, 6831153, 2705354)
	Index Scan using sbtest3_pkey on sbtest3  (cost=0.43..83.70 rows=10 width=121)
	  Index Cond: (id = ANY ('{8415123,7109640,4598055,5295123,8931746,3682395,221623,2119901,6831153,2705354}'::integer[]))

table 4 : explain SELECT c FROM sbtest4 WHERE id IN ( 8415123, 7109640, 4598055, 5295123, 8931746, 3682395, 221623, 2119901, 6831153, 2705354)
	Index Scan using sbtest4_pkey on sbtest4  (cost=0.43..83.87 rows=10 width=121)
	  Index Cond: (id = ANY ('{8415123,7109640,4598055,5295123,8931746,3682395,221623,2119901,6831153,2705354}'::integer[]))

table 5 : explain SELECT c FROM sbtest5 WHERE id IN ( 8415123, 7109640, 4598055, 5295123, 8931746, 3682395, 221623, 2119901, 6831153, 2705354)
	Index Scan using sbtest5_pkey on sbtest5  (cost=0.43..83.74 rows=10 width=121)
	  Index Cond: (id = ANY ('{8415123,7109640,4598055,5295123,8931746,3682395,221623,2119901,6831153,2705354}'::integer[]))

table 6 : explain SELECT c FROM sbtest6 WHERE id IN ( 8415123, 7109640, 4598055, 5295123, 8931746, 3682395, 221623, 2119901, 6831153, 2705354)
	Index Scan using sbtest6_pkey on sbtest6  (cost=0.43..83.69 rows=10 width=121)
	  Index Cond: (id = ANY ('{8415123,7109640,4598055,5295123,8931746,3682395,221623,2119901,6831153,2705354}'::integer[]))

table 7 : explain SELECT c FROM sbtest7 WHERE id IN ( 8415123, 7109640, 4598055, 5295123, 8931746, 3682395, 221623, 2119901, 6831153, 2705354)
	Index Scan using sbtest7_pkey on sbtest7  (cost=0.43..83.68 rows=10 width=121)
	  Index Cond: (id = ANY ('{8415123,7109640,4598055,5295123,8931746,3682395,221623,2119901,6831153,2705354}'::integer[]))

table 8 : explain SELECT c FROM sbtest8 WHERE id IN ( 8415123, 7109640, 4598055, 5295123, 8931746, 3682395, 221623, 2119901, 6831153, 2705354)
	Index Scan using sbtest8_pkey on sbtest8  (cost=0.43..83.68 rows=10 width=121)
	  Index Cond: (id = ANY ('{8415123,7109640,4598055,5295123,8931746,3682395,221623,2119901,6831153,2705354}'::integer[]))

for select-inlist
table 1 : explain SELECT c FROM sbtest1 WHERE id IN ( 1621225, 1706309, 9360308, 4172587, 5838531, 1692585, 9305160, 4390186, 1838549, 6143027)
	Index Scan using sbtest1_pkey on sbtest1  (cost=0.43..83.69 rows=10 width=121)
	  Index Cond: (id = ANY ('{1621225,1706309,9360308,4172587,5838531,1692585,9305160,4390186,1838549,6143027}'::integer[]))

table 2 : explain SELECT c FROM sbtest2 WHERE id IN ( 1621225, 1706309, 9360308, 4172587, 5838531, 1692585, 9305160, 4390186, 1838549, 6143027)
	Index Scan using sbtest2_pkey on sbtest2  (cost=0.43..83.77 rows=10 width=121)
	  Index Cond: (id = ANY ('{1621225,1706309,9360308,4172587,5838531,1692585,9305160,4390186,1838549,6143027}'::integer[]))

table 3 : explain SELECT c FROM sbtest3 WHERE id IN ( 1621225, 1706309, 9360308, 4172587, 5838531, 1692585, 9305160, 4390186, 1838549, 6143027)
	Index Scan using sbtest3_pkey on sbtest3  (cost=0.43..83.70 rows=10 width=121)
	  Index Cond: (id = ANY ('{1621225,1706309,9360308,4172587,5838531,1692585,9305160,4390186,1838549,6143027}'::integer[]))

table 4 : explain SELECT c FROM sbtest4 WHERE id IN ( 1621225, 1706309, 9360308, 4172587, 5838531, 1692585, 9305160, 4390186, 1838549, 6143027)
	Index Scan using sbtest4_pkey on sbtest4  (cost=0.43..83.87 rows=10 width=121)
	  Index Cond: (id = ANY ('{1621225,1706309,9360308,4172587,5838531,1692585,9305160,4390186,1838549,6143027}'::integer[]))

table 5 : explain SELECT c FROM sbtest5 WHERE id IN ( 1621225, 1706309, 9360308, 4172587, 5838531, 1692585, 9305160, 4390186, 1838549, 6143027)
	Index Scan using sbtest5_pkey on sbtest5  (cost=0.43..83.74 rows=10 width=121)
	  Index Cond: (id = ANY ('{1621225,1706309,9360308,4172587,5838531,1692585,9305160,4390186,1838549,6143027}'::integer[]))

table 6 : explain SELECT c FROM sbtest6 WHERE id IN ( 1621225, 1706309, 9360308, 4172587, 5838531, 1692585, 9305160, 4390186, 1838549, 6143027)
	Index Scan using sbtest6_pkey on sbtest6  (cost=0.43..83.69 rows=10 width=121)
	  Index Cond: (id = ANY ('{1621225,1706309,9360308,4172587,5838531,1692585,9305160,4390186,1838549,6143027}'::integer[]))

table 7 : explain SELECT c FROM sbtest7 WHERE id IN ( 1621225, 1706309, 9360308, 4172587, 5838531, 1692585, 9305160, 4390186, 1838549, 6143027)
	Index Scan using sbtest7_pkey on sbtest7  (cost=0.43..83.68 rows=10 width=121)
	  Index Cond: (id = ANY ('{1621225,1706309,9360308,4172587,5838531,1692585,9305160,4390186,1838549,6143027}'::integer[]))

table 8 : explain SELECT c FROM sbtest8 WHERE id IN ( 1621225, 1706309, 9360308, 4172587, 5838531, 1692585, 9305160, 4390186, 1838549, 6143027)
	Index Scan using sbtest8_pkey on sbtest8  (cost=0.43..83.68 rows=10 width=121)
	  Index Cond: (id = ANY ('{1621225,1706309,9360308,4172587,5838531,1692585,9305160,4390186,1838549,6143027}'::integer[]))

for select-inlist
table 1 : explain SELECT c FROM sbtest1 WHERE id IN ( 6664522, 1901620, 5229454, 5999375, 3068506, 3855703, 2389345, 7249407, 92676, 9175687)
	Index Scan using sbtest1_pkey on sbtest1  (cost=0.43..83.69 rows=10 width=121)
	  Index Cond: (id = ANY ('{6664522,1901620,5229454,5999375,3068506,3855703,2389345,7249407,92676,9175687}'::integer[]))

table 2 : explain SELECT c FROM sbtest2 WHERE id IN ( 6664522, 1901620, 5229454, 5999375, 3068506, 3855703, 2389345, 7249407, 92676, 9175687)
	Index Scan using sbtest2_pkey on sbtest2  (cost=0.43..83.77 rows=10 width=121)
	  Index Cond: (id = ANY ('{6664522,1901620,5229454,5999375,3068506,3855703,2389345,7249407,92676,9175687}'::integer[]))

table 3 : explain SELECT c FROM sbtest3 WHERE id IN ( 6664522, 1901620, 5229454, 5999375, 3068506, 3855703, 2389345, 7249407, 92676, 9175687)
	Index Scan using sbtest3_pkey on sbtest3  (cost=0.43..83.70 rows=10 width=121)
	  Index Cond: (id = ANY ('{6664522,1901620,5229454,5999375,3068506,3855703,2389345,7249407,92676,9175687}'::integer[]))

table 4 : explain SELECT c FROM sbtest4 WHERE id IN ( 6664522, 1901620, 5229454, 5999375, 3068506, 3855703, 2389345, 7249407, 92676, 9175687)
	Index Scan using sbtest4_pkey on sbtest4  (cost=0.43..83.87 rows=10 width=121)
	  Index Cond: (id = ANY ('{6664522,1901620,5229454,5999375,3068506,3855703,2389345,7249407,92676,9175687}'::integer[]))

table 5 : explain SELECT c FROM sbtest5 WHERE id IN ( 6664522, 1901620, 5229454, 5999375, 3068506, 3855703, 2389345, 7249407, 92676, 9175687)
	Index Scan using sbtest5_pkey on sbtest5  (cost=0.43..83.74 rows=10 width=121)
	  Index Cond: (id = ANY ('{6664522,1901620,5229454,5999375,3068506,3855703,2389345,7249407,92676,9175687}'::integer[]))

table 6 : explain SELECT c FROM sbtest6 WHERE id IN ( 6664522, 1901620, 5229454, 5999375, 3068506, 3855703, 2389345, 7249407, 92676, 9175687)
	Index Scan using sbtest6_pkey on sbtest6  (cost=0.43..83.69 rows=10 width=121)
	  Index Cond: (id = ANY ('{6664522,1901620,5229454,5999375,3068506,3855703,2389345,7249407,92676,9175687}'::integer[]))

table 7 : explain SELECT c FROM sbtest7 WHERE id IN ( 6664522, 1901620, 5229454, 5999375, 3068506, 3855703, 2389345, 7249407, 92676, 9175687)
	Index Scan using sbtest7_pkey on sbtest7  (cost=0.43..83.68 rows=10 width=121)
	  Index Cond: (id = ANY ('{6664522,1901620,5229454,5999375,3068506,3855703,2389345,7249407,92676,9175687}'::integer[]))

table 8 : explain SELECT c FROM sbtest8 WHERE id IN ( 6664522, 1901620, 5229454, 5999375, 3068506, 3855703, 2389345, 7249407, 92676, 9175687)
	Index Scan using sbtest8_pkey on sbtest8  (cost=0.43..83.68 rows=10 width=121)
	  Index Cond: (id = ANY ('{6664522,1901620,5229454,5999375,3068506,3855703,2389345,7249407,92676,9175687}'::integer[]))

explain: for select-inlist :: explain SELECT c FROM sbtest%d WHERE id IN ( 8407159, 9676236, 3535021, 5146942, 9788125, 9352609, 4562207, 9105699, 8392287, 6260127)
for select-inlist
table 1 : explain SELECT c FROM sbtest1 WHERE id IN ( 8472845, 7145015, 621173, 9148289, 9412488, 5618756, 3249611, 4173946, 4280053, 1394082)
	Index Scan using sbtest1_pkey on sbtest1  (cost=0.43..83.69 rows=10 width=121)
	  Index Cond: (id = ANY ('{8472845,7145015,621173,9148289,9412488,5618756,3249611,4173946,4280053,1394082}'::integer[]))

table 2 : explain SELECT c FROM sbtest2 WHERE id IN ( 8472845, 7145015, 621173, 9148289, 9412488, 5618756, 3249611, 4173946, 4280053, 1394082)
	Index Scan using sbtest2_pkey on sbtest2  (cost=0.43..83.77 rows=10 width=121)
	  Index Cond: (id = ANY ('{8472845,7145015,621173,9148289,9412488,5618756,3249611,4173946,4280053,1394082}'::integer[]))

table 3 : explain SELECT c FROM sbtest3 WHERE id IN ( 8472845, 7145015, 621173, 9148289, 9412488, 5618756, 3249611, 4173946, 4280053, 1394082)
	Index Scan using sbtest3_pkey on sbtest3  (cost=0.43..83.70 rows=10 width=121)
	  Index Cond: (id = ANY ('{8472845,7145015,621173,9148289,9412488,5618756,3249611,4173946,4280053,1394082}'::integer[]))

table 4 : explain SELECT c FROM sbtest4 WHERE id IN ( 8472845, 7145015, 621173, 9148289, 9412488, 5618756, 3249611, 4173946, 4280053, 1394082)
	Index Scan using sbtest4_pkey on sbtest4  (cost=0.43..83.87 rows=10 width=121)
	  Index Cond: (id = ANY ('{8472845,7145015,621173,9148289,9412488,5618756,3249611,4173946,4280053,1394082}'::integer[]))

table 5 : explain SELECT c FROM sbtest5 WHERE id IN ( 8472845, 7145015, 621173, 9148289, 9412488, 5618756, 3249611, 4173946, 4280053, 1394082)
	Index Scan using sbtest5_pkey on sbtest5  (cost=0.43..83.74 rows=10 width=121)
	  Index Cond: (id = ANY ('{8472845,7145015,621173,9148289,9412488,5618756,3249611,4173946,4280053,1394082}'::integer[]))

table 6 : explain SELECT c FROM sbtest6 WHERE id IN ( 8472845, 7145015, 621173, 9148289, 9412488, 5618756, 3249611, 4173946, 4280053, 1394082)
	Index Scan using sbtest6_pkey on sbtest6  (cost=0.43..83.69 rows=10 width=121)
	  Index Cond: (id = ANY ('{8472845,7145015,621173,9148289,9412488,5618756,3249611,4173946,4280053,1394082}'::integer[]))

table 7 : explain SELECT c FROM sbtest7 WHERE id IN ( 8472845, 7145015, 621173, 9148289, 9412488, 5618756, 3249611, 4173946, 4280053, 1394082)
	Index Scan using sbtest7_pkey on sbtest7  (cost=0.43..83.68 rows=10 width=121)
	  Index Cond: (id = ANY ('{8472845,7145015,621173,9148289,9412488,5618756,3249611,4173946,4280053,1394082}'::integer[]))

table 8 : explain SELECT c FROM sbtest8 WHERE id IN ( 8472845, 7145015, 621173, 9148289, 9412488, 5618756, 3249611, 4173946, 4280053, 1394082)
	Index Scan using sbtest8_pkey on sbtest8  (cost=0.43..83.68 rows=10 width=121)
	  Index Cond: (id = ANY ('{8472845,7145015,621173,9148289,9412488,5618756,3249611,4173946,4280053,1394082}'::integer[]))

explain: for select-inlist :: explain SELECT c FROM sbtest%d WHERE id IN ( 9910979, 6941046, 3650394, 2238360, 3067333, 913504, 3332382, 4969447, 6620312, 3151036)
explain: for select-inlist :: explain SELECT c FROM sbtest%d WHERE id IN ( 9732537, 6235738, 8142865, 3533608, 8272588, 6850527, 6505035, 9870838, 7990071, 1970773)
explain: for select-inlist :: explain SELECT c FROM sbtest%d WHERE id IN ( 2721328, 4417474, 2439739, 2628431, 5471529, 3532664, 1160767, 4462878, 5432402, 8008919)
explain: for select-inlist :: explain SELECT c FROM sbtest%d WHERE id IN ( 4496047, 3725636, 3339542, 9599085, 9121146, 8713999, 3402095, 1528476, 1712316, 1724462)
for select-inlist
table 1 : explain SELECT c FROM sbtest1 WHERE id IN ( 9910979, 6941046, 3650394, 2238360, 3067333, 913504, 3332382, 4969447, 6620312, 3151036)
	Index Scan using sbtest1_pkey on sbtest1  (cost=0.43..83.69 rows=10 width=121)
	  Index Cond: (id = ANY ('{9910979,6941046,3650394,2238360,3067333,913504,3332382,4969447,6620312,3151036}'::integer[]))

table 2 : explain SELECT c FROM sbtest2 WHERE id IN ( 9910979, 6941046, 3650394, 2238360, 3067333, 913504, 3332382, 4969447, 6620312, 3151036)
	Index Scan using sbtest2_pkey on sbtest2  (cost=0.43..83.77 rows=10 width=121)
	  Index Cond: (id = ANY ('{9910979,6941046,3650394,2238360,3067333,913504,3332382,4969447,6620312,3151036}'::integer[]))

table 3 : explain SELECT c FROM sbtest3 WHERE id IN ( 9910979, 6941046, 3650394, 2238360, 3067333, 913504, 3332382, 4969447, 6620312, 3151036)
	Index Scan using sbtest3_pkey on sbtest3  (cost=0.43..83.70 rows=10 width=121)
	  Index Cond: (id = ANY ('{9910979,6941046,3650394,2238360,3067333,913504,3332382,4969447,6620312,3151036}'::integer[]))

table 4 : explain SELECT c FROM sbtest4 WHERE id IN ( 9910979, 6941046, 3650394, 2238360, 3067333, 913504, 3332382, 4969447, 6620312, 3151036)
	Index Scan using sbtest4_pkey on sbtest4  (cost=0.43..83.87 rows=10 width=121)
	  Index Cond: (id = ANY ('{9910979,6941046,3650394,2238360,3067333,913504,3332382,4969447,6620312,3151036}'::integer[]))

table 5 : explain SELECT c FROM sbtest5 WHERE id IN ( 9910979, 6941046, 3650394, 2238360, 3067333, 913504, 3332382, 4969447, 6620312, 3151036)
	Index Scan using sbtest5_pkey on sbtest5  (cost=0.43..83.74 rows=10 width=121)
	  Index Cond: (id = ANY ('{9910979,6941046,3650394,2238360,3067333,913504,3332382,4969447,6620312,3151036}'::integer[]))

table 6 : explain SELECT c FROM sbtest6 WHERE id IN ( 9910979, 6941046, 3650394, 2238360, 3067333, 913504, 3332382, 4969447, 6620312, 3151036)
	Index Scan using sbtest6_pkey on sbtest6  (cost=0.43..83.69 rows=10 width=121)
	  Index Cond: (id = ANY ('{9910979,6941046,3650394,2238360,3067333,913504,3332382,4969447,6620312,3151036}'::integer[]))

table 7 : explain SELECT c FROM sbtest7 WHERE id IN ( 9910979, 6941046, 3650394, 2238360, 3067333, 913504, 3332382, 4969447, 6620312, 3151036)
	Index Scan using sbtest7_pkey on sbtest7  (cost=0.43..83.68 rows=10 width=121)
	  Index Cond: (id = ANY ('{9910979,6941046,3650394,2238360,3067333,913504,3332382,4969447,6620312,3151036}'::integer[]))

table 8 : explain SELECT c FROM sbtest8 WHERE id IN ( 9910979, 6941046, 3650394, 2238360, 3067333, 913504, 3332382, 4969447, 6620312, 3151036)
	Index Scan using sbtest8_pkey on sbtest8  (cost=0.43..83.68 rows=10 width=121)
	  Index Cond: (id = ANY ('{9910979,6941046,3650394,2238360,3067333,913504,3332382,4969447,6620312,3151036}'::integer[]))

for select-inlist
table 1 : explain SELECT c FROM sbtest1 WHERE id IN ( 2742312, 5678616, 3637487, 4730224, 9078236, 6240579, 8242745, 2887139, 7029075, 9212478)
	Index Scan using sbtest1_pkey on sbtest1  (cost=0.43..83.69 rows=10 width=121)
	  Index Cond: (id = ANY ('{2742312,5678616,3637487,4730224,9078236,6240579,8242745,2887139,7029075,9212478}'::integer[]))

table 2 : explain SELECT c FROM sbtest2 WHERE id IN ( 2742312, 5678616, 3637487, 4730224, 9078236, 6240579, 8242745, 2887139, 7029075, 9212478)
	Index Scan using sbtest2_pkey on sbtest2  (cost=0.43..83.77 rows=10 width=121)
	  Index Cond: (id = ANY ('{2742312,5678616,3637487,4730224,9078236,6240579,8242745,2887139,7029075,9212478}'::integer[]))

table 3 : explain SELECT c FROM sbtest3 WHERE id IN ( 2742312, 5678616, 3637487, 4730224, 9078236, 6240579, 8242745, 2887139, 7029075, 9212478)
	Index Scan using sbtest3_pkey on sbtest3  (cost=0.43..83.70 rows=10 width=121)
	  Index Cond: (id = ANY ('{2742312,5678616,3637487,4730224,9078236,6240579,8242745,2887139,7029075,9212478}'::integer[]))

table 4 : explain SELECT c FROM sbtest4 WHERE id IN ( 2742312, 5678616, 3637487, 4730224, 9078236, 6240579, 8242745, 2887139, 7029075, 9212478)
	Index Scan using sbtest4_pkey on sbtest4  (cost=0.43..83.87 rows=10 width=121)
	  Index Cond: (id = ANY ('{2742312,5678616,3637487,4730224,9078236,6240579,8242745,2887139,7029075,9212478}'::integer[]))

table 5 : explain SELECT c FROM sbtest5 WHERE id IN ( 2742312, 5678616, 3637487, 4730224, 9078236, 6240579, 8242745, 2887139, 7029075, 9212478)
	Index Scan using sbtest5_pkey on sbtest5  (cost=0.43..83.74 rows=10 width=121)
	  Index Cond: (id = ANY ('{2742312,5678616,3637487,4730224,9078236,6240579,8242745,2887139,7029075,9212478}'::integer[]))

table 6 : explain SELECT c FROM sbtest6 WHERE id IN ( 2742312, 5678616, 3637487, 4730224, 9078236, 6240579, 8242745, 2887139, 7029075, 9212478)
	Index Scan using sbtest6_pkey on sbtest6  (cost=0.43..83.69 rows=10 width=121)
	  Index Cond: (id = ANY ('{2742312,5678616,3637487,4730224,9078236,6240579,8242745,2887139,7029075,9212478}'::integer[]))

table 7 : explain SELECT c FROM sbtest7 WHERE id IN ( 2742312, 5678616, 3637487, 4730224, 9078236, 6240579, 8242745, 2887139, 7029075, 9212478)
	Index Scan using sbtest7_pkey on sbtest7  (cost=0.43..83.68 rows=10 width=121)
	  Index Cond: (id = ANY ('{2742312,5678616,3637487,4730224,9078236,6240579,8242745,2887139,7029075,9212478}'::integer[]))

table 8 : explain SELECT c FROM sbtest8 WHERE id IN ( 2742312, 5678616, 3637487, 4730224, 9078236, 6240579, 8242745, 2887139, 7029075, 9212478)
	Index Scan using sbtest8_pkey on sbtest8  (cost=0.43..83.68 rows=10 width=121)
	  Index Cond: (id = ANY ('{2742312,5678616,3637487,4730224,9078236,6240579,8242745,2887139,7029075,9212478}'::integer[]))

explain: for select-inlist :: explain SELECT c FROM sbtest%d WHERE id IN ( 2303089, 3909204, 2006107, 9582090, 9475981, 1046372, 2341643, 8960000, 8110764, 950376)
for select-inlist
table 1 : explain SELECT c FROM sbtest1 WHERE id IN ( 9732537, 6235738, 8142865, 3533608, 8272588, 6850527, 6505035, 9870838, 7990071, 1970773)
	Index Scan using sbtest1_pkey on sbtest1  (cost=0.43..83.69 rows=10 width=121)
	  Index Cond: (id = ANY ('{9732537,6235738,8142865,3533608,8272588,6850527,6505035,9870838,7990071,1970773}'::integer[]))

table 2 : explain SELECT c FROM sbtest2 WHERE id IN ( 9732537, 6235738, 8142865, 3533608, 8272588, 6850527, 6505035, 9870838, 7990071, 1970773)
	Index Scan using sbtest2_pkey on sbtest2  (cost=0.43..83.77 rows=10 width=121)
	  Index Cond: (id = ANY ('{9732537,6235738,8142865,3533608,8272588,6850527,6505035,9870838,7990071,1970773}'::integer[]))

table 3 : explain SELECT c FROM sbtest3 WHERE id IN ( 9732537, 6235738, 8142865, 3533608, 8272588, 6850527, 6505035, 9870838, 7990071, 1970773)
	Index Scan using sbtest3_pkey on sbtest3  (cost=0.43..83.70 rows=10 width=121)
	  Index Cond: (id = ANY ('{9732537,6235738,8142865,3533608,8272588,6850527,6505035,9870838,7990071,1970773}'::integer[]))

table 4 : explain SELECT c FROM sbtest4 WHERE id IN ( 9732537, 6235738, 8142865, 3533608, 8272588, 6850527, 6505035, 9870838, 7990071, 1970773)
	Index Scan using sbtest4_pkey on sbtest4  (cost=0.43..83.87 rows=10 width=121)
	  Index Cond: (id = ANY ('{9732537,6235738,8142865,3533608,8272588,6850527,6505035,9870838,7990071,1970773}'::integer[]))

table 5 : explain SELECT c FROM sbtest5 WHERE id IN ( 9732537, 6235738, 8142865, 3533608, 8272588, 6850527, 6505035, 9870838, 7990071, 1970773)
	Index Scan using sbtest5_pkey on sbtest5  (cost=0.43..83.74 rows=10 width=121)
	  Index Cond: (id = ANY ('{9732537,6235738,8142865,3533608,8272588,6850527,6505035,9870838,7990071,1970773}'::integer[]))

table 6 : explain SELECT c FROM sbtest6 WHERE id IN ( 9732537, 6235738, 8142865, 3533608, 8272588, 6850527, 6505035, 9870838, 7990071, 1970773)
	Index Scan using sbtest6_pkey on sbtest6  (cost=0.43..83.69 rows=10 width=121)
	  Index Cond: (id = ANY ('{9732537,6235738,8142865,3533608,8272588,6850527,6505035,9870838,7990071,1970773}'::integer[]))

table 7 : explain SELECT c FROM sbtest7 WHERE id IN ( 9732537, 6235738, 8142865, 3533608, 8272588, 6850527, 6505035, 9870838, 7990071, 1970773)
	Index Scan using sbtest7_pkey on sbtest7  (cost=0.43..83.68 rows=10 width=121)
	  Index Cond: (id = ANY ('{9732537,6235738,8142865,3533608,8272588,6850527,6505035,9870838,7990071,1970773}'::integer[]))

table 8 : explain SELECT c FROM sbtest8 WHERE id IN ( 9732537, 6235738, 8142865, 3533608, 8272588, 6850527, 6505035, 9870838, 7990071, 1970773)
	Index Scan using sbtest8_pkey on sbtest8  (cost=0.43..83.68 rows=10 width=121)
	  Index Cond: (id = ANY ('{9732537,6235738,8142865,3533608,8272588,6850527,6505035,9870838,7990071,1970773}'::integer[]))

for select-inlist
table 1 : explain SELECT c FROM sbtest1 WHERE id IN ( 8407159, 9676236, 3535021, 5146942, 9788125, 9352609, 4562207, 9105699, 8392287, 6260127)
	Index Scan using sbtest1_pkey on sbtest1  (cost=0.43..83.69 rows=10 width=121)
	  Index Cond: (id = ANY ('{8407159,9676236,3535021,5146942,9788125,9352609,4562207,9105699,8392287,6260127}'::integer[]))

table 2 : explain SELECT c FROM sbtest2 WHERE id IN ( 8407159, 9676236, 3535021, 5146942, 9788125, 9352609, 4562207, 9105699, 8392287, 6260127)
	Index Scan using sbtest2_pkey on sbtest2  (cost=0.43..83.77 rows=10 width=121)
	  Index Cond: (id = ANY ('{8407159,9676236,3535021,5146942,9788125,9352609,4562207,9105699,8392287,6260127}'::integer[]))

table 3 : explain SELECT c FROM sbtest3 WHERE id IN ( 8407159, 9676236, 3535021, 5146942, 9788125, 9352609, 4562207, 9105699, 8392287, 6260127)
	Index Scan using sbtest3_pkey on sbtest3  (cost=0.43..83.70 rows=10 width=121)
	  Index Cond: (id = ANY ('{8407159,9676236,3535021,5146942,9788125,9352609,4562207,9105699,8392287,6260127}'::integer[]))

table 4 : explain SELECT c FROM sbtest4 WHERE id IN ( 8407159, 9676236, 3535021, 5146942, 9788125, 9352609, 4562207, 9105699, 8392287, 6260127)
	Index Scan using sbtest4_pkey on sbtest4  (cost=0.43..83.87 rows=10 width=121)
	  Index Cond: (id = ANY ('{8407159,9676236,3535021,5146942,9788125,9352609,4562207,9105699,8392287,6260127}'::integer[]))

table 5 : explain SELECT c FROM sbtest5 WHERE id IN ( 8407159, 9676236, 3535021, 5146942, 9788125, 9352609, 4562207, 9105699, 8392287, 6260127)
	Index Scan using sbtest5_pkey on sbtest5  (cost=0.43..83.74 rows=10 width=121)
	  Index Cond: (id = ANY ('{8407159,9676236,3535021,5146942,9788125,9352609,4562207,9105699,8392287,6260127}'::integer[]))

table 6 : explain SELECT c FROM sbtest6 WHERE id IN ( 8407159, 9676236, 3535021, 5146942, 9788125, 9352609, 4562207, 9105699, 8392287, 6260127)
	Index Scan using sbtest6_pkey on sbtest6  (cost=0.43..83.69 rows=10 width=121)
	  Index Cond: (id = ANY ('{8407159,9676236,3535021,5146942,9788125,9352609,4562207,9105699,8392287,6260127}'::integer[]))

table 7 : explain SELECT c FROM sbtest7 WHERE id IN ( 8407159, 9676236, 3535021, 5146942, 9788125, 9352609, 4562207, 9105699, 8392287, 6260127)
	Index Scan using sbtest7_pkey on sbtest7  (cost=0.43..83.68 rows=10 width=121)
	  Index Cond: (id = ANY ('{8407159,9676236,3535021,5146942,9788125,9352609,4562207,9105699,8392287,6260127}'::integer[]))

table 8 : explain SELECT c FROM sbtest8 WHERE id IN ( 8407159, 9676236, 3535021, 5146942, 9788125, 9352609, 4562207, 9105699, 8392287, 6260127)
	Index Scan using sbtest8_pkey on sbtest8  (cost=0.43..83.68 rows=10 width=121)
	  Index Cond: (id = ANY ('{8407159,9676236,3535021,5146942,9788125,9352609,4562207,9105699,8392287,6260127}'::integer[]))

explain: for select-inlist :: explain SELECT c FROM sbtest%d WHERE id IN ( 2841375, 6166177, 4374938, 8311365, 1990455, 8141589, 6090367, 8125663, 1749941, 2646145)
for select-inlist
table 1 : explain SELECT c FROM sbtest1 WHERE id IN ( 2721328, 4417474, 2439739, 2628431, 5471529, 3532664, 1160767, 4462878, 5432402, 8008919)
	Index Scan using sbtest1_pkey on sbtest1  (cost=0.43..83.69 rows=10 width=121)
	  Index Cond: (id = ANY ('{2721328,4417474,2439739,2628431,5471529,3532664,1160767,4462878,5432402,8008919}'::integer[]))

table 2 : explain SELECT c FROM sbtest2 WHERE id IN ( 2721328, 4417474, 2439739, 2628431, 5471529, 3532664, 1160767, 4462878, 5432402, 8008919)
	Index Scan using sbtest2_pkey on sbtest2  (cost=0.43..83.77 rows=10 width=121)
	  Index Cond: (id = ANY ('{2721328,4417474,2439739,2628431,5471529,3532664,1160767,4462878,5432402,8008919}'::integer[]))

table 3 : explain SELECT c FROM sbtest3 WHERE id IN ( 2721328, 4417474, 2439739, 2628431, 5471529, 3532664, 1160767, 4462878, 5432402, 8008919)
	Index Scan using sbtest3_pkey on sbtest3  (cost=0.43..83.70 rows=10 width=121)
	  Index Cond: (id = ANY ('{2721328,4417474,2439739,2628431,5471529,3532664,1160767,4462878,5432402,8008919}'::integer[]))

table 4 : explain SELECT c FROM sbtest4 WHERE id IN ( 2721328, 4417474, 2439739, 2628431, 5471529, 3532664, 1160767, 4462878, 5432402, 8008919)
	Index Scan using sbtest4_pkey on sbtest4  (cost=0.43..83.87 rows=10 width=121)
	  Index Cond: (id = ANY ('{2721328,4417474,2439739,2628431,5471529,3532664,1160767,4462878,5432402,8008919}'::integer[]))

table 5 : explain SELECT c FROM sbtest5 WHERE id IN ( 2721328, 4417474, 2439739, 2628431, 5471529, 3532664, 1160767, 4462878, 5432402, 8008919)
	Index Scan using sbtest5_pkey on sbtest5  (cost=0.43..83.74 rows=10 width=121)
	  Index Cond: (id = ANY ('{2721328,4417474,2439739,2628431,5471529,3532664,1160767,4462878,5432402,8008919}'::integer[]))

table 6 : explain SELECT c FROM sbtest6 WHERE id IN ( 2721328, 4417474, 2439739, 2628431, 5471529, 3532664, 1160767, 4462878, 5432402, 8008919)
	Index Scan using sbtest6_pkey on sbtest6  (cost=0.43..83.69 rows=10 width=121)
	  Index Cond: (id = ANY ('{2721328,4417474,2439739,2628431,5471529,3532664,1160767,4462878,5432402,8008919}'::integer[]))

table 7 : explain SELECT c FROM sbtest7 WHERE id IN ( 2721328, 4417474, 2439739, 2628431, 5471529, 3532664, 1160767, 4462878, 5432402, 8008919)
	Index Scan using sbtest7_pkey on sbtest7  (cost=0.43..83.68 rows=10 width=121)
	  Index Cond: (id = ANY ('{2721328,4417474,2439739,2628431,5471529,3532664,1160767,4462878,5432402,8008919}'::integer[]))

table 8 : explain SELECT c FROM sbtest8 WHERE id IN ( 2721328, 4417474, 2439739, 2628431, 5471529, 3532664, 1160767, 4462878, 5432402, 8008919)
	Index Scan using sbtest8_pkey on sbtest8  (cost=0.43..83.68 rows=10 width=121)
	  Index Cond: (id = ANY ('{2721328,4417474,2439739,2628431,5471529,3532664,1160767,4462878,5432402,8008919}'::integer[]))

for select-inlist
table 1 : explain SELECT c FROM sbtest1 WHERE id IN ( 4496047, 3725636, 3339542, 9599085, 9121146, 8713999, 3402095, 1528476, 1712316, 1724462)
	Index Scan using sbtest1_pkey on sbtest1  (cost=0.43..83.69 rows=10 width=121)
	  Index Cond: (id = ANY ('{4496047,3725636,3339542,9599085,9121146,8713999,3402095,1528476,1712316,1724462}'::integer[]))

table 2 : explain SELECT c FROM sbtest2 WHERE id IN ( 4496047, 3725636, 3339542, 9599085, 9121146, 8713999, 3402095, 1528476, 1712316, 1724462)
	Index Scan using sbtest2_pkey on sbtest2  (cost=0.43..83.77 rows=10 width=121)
	  Index Cond: (id = ANY ('{4496047,3725636,3339542,9599085,9121146,8713999,3402095,1528476,1712316,1724462}'::integer[]))

table 3 : explain SELECT c FROM sbtest3 WHERE id IN ( 4496047, 3725636, 3339542, 9599085, 9121146, 8713999, 3402095, 1528476, 1712316, 1724462)
	Index Scan using sbtest3_pkey on sbtest3  (cost=0.43..83.70 rows=10 width=121)
	  Index Cond: (id = ANY ('{4496047,3725636,3339542,9599085,9121146,8713999,3402095,1528476,1712316,1724462}'::integer[]))

table 4 : explain SELECT c FROM sbtest4 WHERE id IN ( 4496047, 3725636, 3339542, 9599085, 9121146, 8713999, 3402095, 1528476, 1712316, 1724462)
	Index Scan using sbtest4_pkey on sbtest4  (cost=0.43..83.87 rows=10 width=121)
	  Index Cond: (id = ANY ('{4496047,3725636,3339542,9599085,9121146,8713999,3402095,1528476,1712316,1724462}'::integer[]))

table 5 : explain SELECT c FROM sbtest5 WHERE id IN ( 4496047, 3725636, 3339542, 9599085, 9121146, 8713999, 3402095, 1528476, 1712316, 1724462)
	Index Scan using sbtest5_pkey on sbtest5  (cost=0.43..83.74 rows=10 width=121)
	  Index Cond: (id = ANY ('{4496047,3725636,3339542,9599085,9121146,8713999,3402095,1528476,1712316,1724462}'::integer[]))

table 6 : explain SELECT c FROM sbtest6 WHERE id IN ( 4496047, 3725636, 3339542, 9599085, 9121146, 8713999, 3402095, 1528476, 1712316, 1724462)
	Index Scan using sbtest6_pkey on sbtest6  (cost=0.43..83.69 rows=10 width=121)
	  Index Cond: (id = ANY ('{4496047,3725636,3339542,9599085,9121146,8713999,3402095,1528476,1712316,1724462}'::integer[]))

table 7 : explain SELECT c FROM sbtest7 WHERE id IN ( 4496047, 3725636, 3339542, 9599085, 9121146, 8713999, 3402095, 1528476, 1712316, 1724462)
	Index Scan using sbtest7_pkey on sbtest7  (cost=0.43..83.68 rows=10 width=121)
	  Index Cond: (id = ANY ('{4496047,3725636,3339542,9599085,9121146,8713999,3402095,1528476,1712316,1724462}'::integer[]))

table 8 : explain SELECT c FROM sbtest8 WHERE id IN ( 4496047, 3725636, 3339542, 9599085, 9121146, 8713999, 3402095, 1528476, 1712316, 1724462)
	Index Scan using sbtest8_pkey on sbtest8  (cost=0.43..83.68 rows=10 width=121)
	  Index Cond: (id = ANY ('{4496047,3725636,3339542,9599085,9121146,8713999,3402095,1528476,1712316,1724462}'::integer[]))

explain: for select-inlist :: explain SELECT c FROM sbtest%d WHERE id IN ( 4275480, 4849233, 1699960, 6510968, 7140466, 5642046, 4341288, 1346811, 9180493, 5896761)
explain: for select-inlist :: explain SELECT c FROM sbtest%d WHERE id IN ( 6847951, 4144625, 4809997, 5105500, 171913, 4294791, 3915317, 2626139, 401348, 5543170)
for select-inlist
table 1 : explain SELECT c FROM sbtest1 WHERE id IN ( 2303089, 3909204, 2006107, 9582090, 9475981, 1046372, 2341643, 8960000, 8110764, 950376)
	Index Scan using sbtest1_pkey on sbtest1  (cost=0.43..83.69 rows=10 width=121)
	  Index Cond: (id = ANY ('{2303089,3909204,2006107,9582090,9475981,1046372,2341643,8960000,8110764,950376}'::integer[]))

table 2 : explain SELECT c FROM sbtest2 WHERE id IN ( 2303089, 3909204, 2006107, 9582090, 9475981, 1046372, 2341643, 8960000, 8110764, 950376)
	Index Scan using sbtest2_pkey on sbtest2  (cost=0.43..83.77 rows=10 width=121)
	  Index Cond: (id = ANY ('{2303089,3909204,2006107,9582090,9475981,1046372,2341643,8960000,8110764,950376}'::integer[]))

table 3 : explain SELECT c FROM sbtest3 WHERE id IN ( 2303089, 3909204, 2006107, 9582090, 9475981, 1046372, 2341643, 8960000, 8110764, 950376)
	Index Scan using sbtest3_pkey on sbtest3  (cost=0.43..83.70 rows=10 width=121)
	  Index Cond: (id = ANY ('{2303089,3909204,2006107,9582090,9475981,1046372,2341643,8960000,8110764,950376}'::integer[]))

table 4 : explain SELECT c FROM sbtest4 WHERE id IN ( 2303089, 3909204, 2006107, 9582090, 9475981, 1046372, 2341643, 8960000, 8110764, 950376)
	Index Scan using sbtest4_pkey on sbtest4  (cost=0.43..83.87 rows=10 width=121)
	  Index Cond: (id = ANY ('{2303089,3909204,2006107,9582090,9475981,1046372,2341643,8960000,8110764,950376}'::integer[]))

table 5 : explain SELECT c FROM sbtest5 WHERE id IN ( 2303089, 3909204, 2006107, 9582090, 9475981, 1046372, 2341643, 8960000, 8110764, 950376)
	Index Scan using sbtest5_pkey on sbtest5  (cost=0.43..83.74 rows=10 width=121)
	  Index Cond: (id = ANY ('{2303089,3909204,2006107,9582090,9475981,1046372,2341643,8960000,8110764,950376}'::integer[]))

table 6 : explain SELECT c FROM sbtest6 WHERE id IN ( 2303089, 3909204, 2006107, 9582090, 9475981, 1046372, 2341643, 8960000, 8110764, 950376)
	Index Scan using sbtest6_pkey on sbtest6  (cost=0.43..83.69 rows=10 width=121)
	  Index Cond: (id = ANY ('{2303089,3909204,2006107,9582090,9475981,1046372,2341643,8960000,8110764,950376}'::integer[]))

table 7 : explain SELECT c FROM sbtest7 WHERE id IN ( 2303089, 3909204, 2006107, 9582090, 9475981, 1046372, 2341643, 8960000, 8110764, 950376)
	Index Scan using sbtest7_pkey on sbtest7  (cost=0.43..83.68 rows=10 width=121)
	  Index Cond: (id = ANY ('{2303089,3909204,2006107,9582090,9475981,1046372,2341643,8960000,8110764,950376}'::integer[]))

table 8 : explain SELECT c FROM sbtest8 WHERE id IN ( 2303089, 3909204, 2006107, 9582090, 9475981, 1046372, 2341643, 8960000, 8110764, 950376)
	Index Scan using sbtest8_pkey on sbtest8  (cost=0.43..83.68 rows=10 width=121)
	  Index Cond: (id = ANY ('{2303089,3909204,2006107,9582090,9475981,1046372,2341643,8960000,8110764,950376}'::integer[]))

for select-inlist
table 1 : explain SELECT c FROM sbtest1 WHERE id IN ( 6847951, 4144625, 4809997, 5105500, 171913, 4294791, 3915317, 2626139, 401348, 5543170)
	Index Scan using sbtest1_pkey on sbtest1  (cost=0.43..83.69 rows=10 width=121)
	  Index Cond: (id = ANY ('{6847951,4144625,4809997,5105500,171913,4294791,3915317,2626139,401348,5543170}'::integer[]))

table 2 : explain SELECT c FROM sbtest2 WHERE id IN ( 6847951, 4144625, 4809997, 5105500, 171913, 4294791, 3915317, 2626139, 401348, 5543170)
	Index Scan using sbtest2_pkey on sbtest2  (cost=0.43..83.77 rows=10 width=121)
	  Index Cond: (id = ANY ('{6847951,4144625,4809997,5105500,171913,4294791,3915317,2626139,401348,5543170}'::integer[]))

table 3 : explain SELECT c FROM sbtest3 WHERE id IN ( 6847951, 4144625, 4809997, 5105500, 171913, 4294791, 3915317, 2626139, 401348, 5543170)
	Index Scan using sbtest3_pkey on sbtest3  (cost=0.43..83.70 rows=10 width=121)
	  Index Cond: (id = ANY ('{6847951,4144625,4809997,5105500,171913,4294791,3915317,2626139,401348,5543170}'::integer[]))

table 4 : explain SELECT c FROM sbtest4 WHERE id IN ( 6847951, 4144625, 4809997, 5105500, 171913, 4294791, 3915317, 2626139, 401348, 5543170)
	Index Scan using sbtest4_pkey on sbtest4  (cost=0.43..83.87 rows=10 width=121)
	  Index Cond: (id = ANY ('{6847951,4144625,4809997,5105500,171913,4294791,3915317,2626139,401348,5543170}'::integer[]))

table 5 : explain SELECT c FROM sbtest5 WHERE id IN ( 6847951, 4144625, 4809997, 5105500, 171913, 4294791, 3915317, 2626139, 401348, 5543170)
	Index Scan using sbtest5_pkey on sbtest5  (cost=0.43..83.74 rows=10 width=121)
	  Index Cond: (id = ANY ('{6847951,4144625,4809997,5105500,171913,4294791,3915317,2626139,401348,5543170}'::integer[]))

table 6 : explain SELECT c FROM sbtest6 WHERE id IN ( 6847951, 4144625, 4809997, 5105500, 171913, 4294791, 3915317, 2626139, 401348, 5543170)
	Index Scan using sbtest6_pkey on sbtest6  (cost=0.43..83.69 rows=10 width=121)
	  Index Cond: (id = ANY ('{6847951,4144625,4809997,5105500,171913,4294791,3915317,2626139,401348,5543170}'::integer[]))

table 7 : explain SELECT c FROM sbtest7 WHERE id IN ( 6847951, 4144625, 4809997, 5105500, 171913, 4294791, 3915317, 2626139, 401348, 5543170)
	Index Scan using sbtest7_pkey on sbtest7  (cost=0.43..83.68 rows=10 width=121)
	  Index Cond: (id = ANY ('{6847951,4144625,4809997,5105500,171913,4294791,3915317,2626139,401348,5543170}'::integer[]))

table 8 : explain SELECT c FROM sbtest8 WHERE id IN ( 6847951, 4144625, 4809997, 5105500, 171913, 4294791, 3915317, 2626139, 401348, 5543170)
	Index Scan using sbtest8_pkey on sbtest8  (cost=0.43..83.68 rows=10 width=121)
	  Index Cond: (id = ANY ('{6847951,4144625,4809997,5105500,171913,4294791,3915317,2626139,401348,5543170}'::integer[]))

for select-inlist
table 1 : explain SELECT c FROM sbtest1 WHERE id IN ( 4275480, 4849233, 1699960, 6510968, 7140466, 5642046, 4341288, 1346811, 9180493, 5896761)
	Index Scan using sbtest1_pkey on sbtest1  (cost=0.43..83.69 rows=10 width=121)
	  Index Cond: (id = ANY ('{4275480,4849233,1699960,6510968,7140466,5642046,4341288,1346811,9180493,5896761}'::integer[]))

table 2 : explain SELECT c FROM sbtest2 WHERE id IN ( 4275480, 4849233, 1699960, 6510968, 7140466, 5642046, 4341288, 1346811, 9180493, 5896761)
	Index Scan using sbtest2_pkey on sbtest2  (cost=0.43..83.77 rows=10 width=121)
	  Index Cond: (id = ANY ('{4275480,4849233,1699960,6510968,7140466,5642046,4341288,1346811,9180493,5896761}'::integer[]))

table 3 : explain SELECT c FROM sbtest3 WHERE id IN ( 4275480, 4849233, 1699960, 6510968, 7140466, 5642046, 4341288, 1346811, 9180493, 5896761)
	Index Scan using sbtest3_pkey on sbtest3  (cost=0.43..83.70 rows=10 width=121)
	  Index Cond: (id = ANY ('{4275480,4849233,1699960,6510968,7140466,5642046,4341288,1346811,9180493,5896761}'::integer[]))

table 4 : explain SELECT c FROM sbtest4 WHERE id IN ( 4275480, 4849233, 1699960, 6510968, 7140466, 5642046, 4341288, 1346811, 9180493, 5896761)
	Index Scan using sbtest4_pkey on sbtest4  (cost=0.43..83.87 rows=10 width=121)
	  Index Cond: (id = ANY ('{4275480,4849233,1699960,6510968,7140466,5642046,4341288,1346811,9180493,5896761}'::integer[]))

table 5 : explain SELECT c FROM sbtest5 WHERE id IN ( 4275480, 4849233, 1699960, 6510968, 7140466, 5642046, 4341288, 1346811, 9180493, 5896761)
	Index Scan using sbtest5_pkey on sbtest5  (cost=0.43..83.74 rows=10 width=121)
	  Index Cond: (id = ANY ('{4275480,4849233,1699960,6510968,7140466,5642046,4341288,1346811,9180493,5896761}'::integer[]))

table 6 : explain SELECT c FROM sbtest6 WHERE id IN ( 4275480, 4849233, 1699960, 6510968, 7140466, 5642046, 4341288, 1346811, 9180493, 5896761)
	Index Scan using sbtest6_pkey on sbtest6  (cost=0.43..83.69 rows=10 width=121)
	  Index Cond: (id = ANY ('{4275480,4849233,1699960,6510968,7140466,5642046,4341288,1346811,9180493,5896761}'::integer[]))

table 7 : explain SELECT c FROM sbtest7 WHERE id IN ( 4275480, 4849233, 1699960, 6510968, 7140466, 5642046, 4341288, 1346811, 9180493, 5896761)
	Index Scan using sbtest7_pkey on sbtest7  (cost=0.43..83.68 rows=10 width=121)
	  Index Cond: (id = ANY ('{4275480,4849233,1699960,6510968,7140466,5642046,4341288,1346811,9180493,5896761}'::integer[]))

table 8 : explain SELECT c FROM sbtest8 WHERE id IN ( 4275480, 4849233, 1699960, 6510968, 7140466, 5642046, 4341288, 1346811, 9180493, 5896761)
	Index Scan using sbtest8_pkey on sbtest8  (cost=0.43..83.68 rows=10 width=121)
	  Index Cond: (id = ANY ('{4275480,4849233,1699960,6510968,7140466,5642046,4341288,1346811,9180493,5896761}'::integer[]))

for select-inlist
table 1 : explain SELECT c FROM sbtest1 WHERE id IN ( 2841375, 6166177, 4374938, 8311365, 1990455, 8141589, 6090367, 8125663, 1749941, 2646145)
	Index Scan using sbtest1_pkey on sbtest1  (cost=0.43..83.69 rows=10 width=121)
	  Index Cond: (id = ANY ('{2841375,6166177,4374938,8311365,1990455,8141589,6090367,8125663,1749941,2646145}'::integer[]))

table 2 : explain SELECT c FROM sbtest2 WHERE id IN ( 2841375, 6166177, 4374938, 8311365, 1990455, 8141589, 6090367, 8125663, 1749941, 2646145)
	Index Scan using sbtest2_pkey on sbtest2  (cost=0.43..83.77 rows=10 width=121)
	  Index Cond: (id = ANY ('{2841375,6166177,4374938,8311365,1990455,8141589,6090367,8125663,1749941,2646145}'::integer[]))

table 3 : explain SELECT c FROM sbtest3 WHERE id IN ( 2841375, 6166177, 4374938, 8311365, 1990455, 8141589, 6090367, 8125663, 1749941, 2646145)
	Index Scan using sbtest3_pkey on sbtest3  (cost=0.43..83.70 rows=10 width=121)
	  Index Cond: (id = ANY ('{2841375,6166177,4374938,8311365,1990455,8141589,6090367,8125663,1749941,2646145}'::integer[]))

table 4 : explain SELECT c FROM sbtest4 WHERE id IN ( 2841375, 6166177, 4374938, 8311365, 1990455, 8141589, 6090367, 8125663, 1749941, 2646145)
	Index Scan using sbtest4_pkey on sbtest4  (cost=0.43..83.87 rows=10 width=121)
	  Index Cond: (id = ANY ('{2841375,6166177,4374938,8311365,1990455,8141589,6090367,8125663,1749941,2646145}'::integer[]))

table 5 : explain SELECT c FROM sbtest5 WHERE id IN ( 2841375, 6166177, 4374938, 8311365, 1990455, 8141589, 6090367, 8125663, 1749941, 2646145)
	Index Scan using sbtest5_pkey on sbtest5  (cost=0.43..83.74 rows=10 width=121)
	  Index Cond: (id = ANY ('{2841375,6166177,4374938,8311365,1990455,8141589,6090367,8125663,1749941,2646145}'::integer[]))

table 6 : explain SELECT c FROM sbtest6 WHERE id IN ( 2841375, 6166177, 4374938, 8311365, 1990455, 8141589, 6090367, 8125663, 1749941, 2646145)
	Index Scan using sbtest6_pkey on sbtest6  (cost=0.43..83.69 rows=10 width=121)
	  Index Cond: (id = ANY ('{2841375,6166177,4374938,8311365,1990455,8141589,6090367,8125663,1749941,2646145}'::integer[]))

table 7 : explain SELECT c FROM sbtest7 WHERE id IN ( 2841375, 6166177, 4374938, 8311365, 1990455, 8141589, 6090367, 8125663, 1749941, 2646145)
	Index Scan using sbtest7_pkey on sbtest7  (cost=0.43..83.68 rows=10 width=121)
	  Index Cond: (id = ANY ('{2841375,6166177,4374938,8311365,1990455,8141589,6090367,8125663,1749941,2646145}'::integer[]))

table 8 : explain SELECT c FROM sbtest8 WHERE id IN ( 2841375, 6166177, 4374938, 8311365, 1990455, 8141589, 6090367, 8125663, 1749941, 2646145)
	Index Scan using sbtest8_pkey on sbtest8  (cost=0.43..83.68 rows=10 width=121)
	  Index Cond: (id = ANY ('{2841375,6166177,4374938,8311365,1990455,8141589,6090367,8125663,1749941,2646145}'::integer[]))

Threads started!

Warming up for 5 seconds...

SQL statistics:
    queries performed:
        read:                            300084214
        write:                           0
        other:                           0
        total:                           300084214
    transactions:                        300084214 (476317.69 per sec.)
    queries:                             300084214 (476317.69 per sec.)
    ignored errors:                      0      (0.00 per sec.)
    reconnects:                          0      (0.00 per sec.)

Throughput:
    events/s (eps):                      476317.6872
    time elapsed:                        630.0086s
    total number of events:              300084214

Latency (ms):
         min:                                    0.07
         avg:                                    0.08
         max:                                   24.15
         95th percentile:                        0.09
         sum:                             25046293.06

Threads fairness:
    events (avg/stddev):           7502098.5750/49802.85
    execution time (avg/stddev):   626.1573/0.07

