LUA_PATH=/home/mdcallag/git/mytools/bench/sysbench.lua/lua/?.lua /home/mdcallag/git/mytools/bench/sysbench.lua/lua/sysbench --db-driver=pgsql --range-size=1000 --table-size=10000000 --tables=8 --threads=40 --events=0 --warmup-time=5 --time=630 --pgsql_conn_id=true /home/mdcallag/git/mytools/bench/sysbench.lua/lua/oltp_read_only.lua run --pgsql-user=root --pgsql-password=pw --pgsql-host=127.0.0.1 --pgsql-db=ib --rand-type=uniform --simple-ranges=0 --sum-ranges=0 --order-ranges=1 --distinct-ranges=0
48 CPUs
sysbench 1.1.0-9072687 (using bundled LuaJIT 2.1.0-beta3)

Running the test with following options:
Number of threads: 40
Warmup time: 5s
Initializing random number generator from current time


Initializing worker threads...

explain: for point_selects :: explain SELECT c FROM sbtest%u WHERE id=%u
explain: for point_selects :: explain SELECT c FROM sbtest%u WHERE id=%u
explain: for point_selects :: explain SELECT c FROM sbtest%u WHERE id=%u
explain: for point_selects :: explain SELECT c FROM sbtest%u WHERE id=%u
explain: for point_selects :: explain SELECT c FROM sbtest%u WHERE id=%u
for point_selects
table 1 : explain SELECT c FROM sbtest1 WHERE id=7384117
	Index Scan using sbtest1_pkey on sbtest1  (cost=0.43..8.45 rows=1 width=121)
	  Index Cond: (id = 7384117)

table 2 : explain SELECT c FROM sbtest2 WHERE id=4979312
	Index Scan using sbtest2_pkey on sbtest2  (cost=0.43..8.45 rows=1 width=121)
	  Index Cond: (id = 4979312)

table 3 : explain SELECT c FROM sbtest3 WHERE id=5512528
	Index Scan using sbtest3_pkey on sbtest3  (cost=0.43..8.45 rows=1 width=121)
	  Index Cond: (id = 5512528)

table 4 : explain SELECT c FROM sbtest4 WHERE id=2590984
	Index Scan using sbtest4_pkey on sbtest4  (cost=0.43..8.45 rows=1 width=121)
	  Index Cond: (id = 2590984)

table 5 : explain SELECT c FROM sbtest5 WHERE id=9954095
	Index Scan using sbtest5_pkey on sbtest5  (cost=0.43..8.45 rows=1 width=121)
	  Index Cond: (id = 9954095)

table 6 : explain SELECT c FROM sbtest6 WHERE id=5788235
	Index Scan using sbtest6_pkey on sbtest6  (cost=0.43..8.45 rows=1 width=121)
	  Index Cond: (id = 5788235)

table 7 : explain SELECT c FROM sbtest7 WHERE id=3443040
	Index Scan using sbtest7_pkey on sbtest7  (cost=0.43..8.45 rows=1 width=121)
	  Index Cond: (id = 3443040)

table 8 : explain SELECT c FROM sbtest8 WHERE id=1790429
	Index Scan using sbtest8_pkey on sbtest8  (cost=0.43..8.45 rows=1 width=121)
	  Index Cond: (id = 1790429)

explain: for point_selects :: explain SELECT c FROM sbtest%u WHERE id=%u
for point_selects
table 1 : explain SELECT c FROM sbtest1 WHERE id=4829450
	Index Scan using sbtest1_pkey on sbtest1  (cost=0.43..8.45 rows=1 width=121)
	  Index Cond: (id = 4829450)

table 2 : explain SELECT c FROM sbtest2 WHERE id=4333309
	Index Scan using sbtest2_pkey on sbtest2  (cost=0.43..8.45 rows=1 width=121)
	  Index Cond: (id = 4333309)

table 3 : explain SELECT c FROM sbtest3 WHERE id=9210347
	Index Scan using sbtest3_pkey on sbtest3  (cost=0.43..8.45 rows=1 width=121)
	  Index Cond: (id = 9210347)

table 4 : explain SELECT c FROM sbtest4 WHERE id=2992692
	Index Scan using sbtest4_pkey on sbtest4  (cost=0.43..8.45 rows=1 width=121)
	  Index Cond: (id = 2992692)

table 5 : explain SELECT c FROM sbtest5 WHERE id=2605641
	Index Scan using sbtest5_pkey on sbtest5  (cost=0.43..8.45 rows=1 width=121)
	  Index Cond: (id = 2605641)

table 6 : explain SELECT c FROM sbtest6 WHERE id=4411037
	Index Scan using sbtest6_pkey on sbtest6  (cost=0.43..8.45 rows=1 width=121)
	  Index Cond: (id = 4411037)

table 7 : explain SELECT c FROM sbtest7 WHERE id=9844174
	Index Scan using sbtest7_pkey on sbtest7  (cost=0.43..8.45 rows=1 width=121)
	  Index Cond: (id = 9844174)

table 8 : explain SELECT c FROM sbtest8 WHERE id=1964618
	Index Scan using sbtest8_pkey on sbtest8  (cost=0.43..8.45 rows=1 width=121)
	  Index Cond: (id = 1964618)

for point_selects
table 1 : explain SELECT c FROM sbtest1 WHERE id=1333307
	Index Scan using sbtest1_pkey on sbtest1  (cost=0.43..8.45 rows=1 width=121)
	  Index Cond: (id = 1333307)

table 2 : explain SELECT c FROM sbtest2 WHERE id=7396803
	Index Scan using sbtest2_pkey on sbtest2  (cost=0.43..8.45 rows=1 width=121)
	  Index Cond: (id = 7396803)

table 3 : explain SELECT c FROM sbtest3 WHERE id=1593853
	Index Scan using sbtest3_pkey on sbtest3  (cost=0.43..8.45 rows=1 width=121)
	  Index Cond: (id = 1593853)

table 4 : explain SELECT c FROM sbtest4 WHERE id=3858197
	Index Scan using sbtest4_pkey on sbtest4  (cost=0.43..8.45 rows=1 width=121)
	  Index Cond: (id = 3858197)

table 5 : explain SELECT c FROM sbtest5 WHERE id=5277002
	Index Scan using sbtest5_pkey on sbtest5  (cost=0.43..8.45 rows=1 width=121)
	  Index Cond: (id = 5277002)

table 6 : explain SELECT c FROM sbtest6 WHERE id=8140649
	Index Scan using sbtest6_pkey on sbtest6  (cost=0.43..8.45 rows=1 width=121)
	  Index Cond: (id = 8140649)

table 7 : explain SELECT c FROM sbtest7 WHERE id=8045359
	Index Scan using sbtest7_pkey on sbtest7  (cost=0.43..8.45 rows=1 width=121)
	  Index Cond: (id = 8045359)

table 8 : explain SELECT c FROM sbtest8 WHERE id=5707311
	Index Scan using sbtest8_pkey on sbtest8  (cost=0.43..8.45 rows=1 width=121)
	  Index Cond: (id = 5707311)

for point_selects
table 1 : explain SELECT c FROM sbtest1 WHERE id=9594804
	Index Scan using sbtest1_pkey on sbtest1  (cost=0.43..8.45 rows=1 width=121)
	  Index Cond: (id = 9594804)

table 2 : explain SELECT c FROM sbtest2 WHERE id=1917892
	Index Scan using sbtest2_pkey on sbtest2  (cost=0.43..8.45 rows=1 width=121)
	  Index Cond: (id = 1917892)

table 3 : explain SELECT c FROM sbtest3 WHERE id=7722714
	Index Scan using sbtest3_pkey on sbtest3  (cost=0.43..8.45 rows=1 width=121)
	  Index Cond: (id = 7722714)

table 4 : explain SELECT c FROM sbtest4 WHERE id=7098747
	Index Scan using sbtest4_pkey on sbtest4  (cost=0.43..8.45 rows=1 width=121)
	  Index Cond: (id = 7098747)

table 5 : explain SELECT c FROM sbtest5 WHERE id=1942213
	Index Scan using sbtest5_pkey on sbtest5  (cost=0.43..8.45 rows=1 width=121)
	  Index Cond: (id = 1942213)

table 6 : explain SELECT c FROM sbtest6 WHERE id=9815733
	Index Scan using sbtest6_pkey on sbtest6  (cost=0.43..8.45 rows=1 width=121)
	  Index Cond: (id = 9815733)

table 7 : explain SELECT c FROM sbtest7 WHERE id=453618
	Index Scan using sbtest7_pkey on sbtest7  (cost=0.43..8.45 rows=1 width=121)
	  Index Cond: (id = 453618)

table 8 : explain SELECT c FROM sbtest8 WHERE id=6059362
	Index Scan using sbtest8_pkey on sbtest8  (cost=0.43..8.45 rows=1 width=121)
	  Index Cond: (id = 6059362)

for point_selects
table 1 : explain SELECT c FROM sbtest1 WHERE id=4100087
	Index Scan using sbtest1_pkey on sbtest1  (cost=0.43..8.45 rows=1 width=121)
	  Index Cond: (id = 4100087)

table 2 : explain SELECT c FROM sbtest2 WHERE id=267217
	Index Scan using sbtest2_pkey on sbtest2  (cost=0.43..8.45 rows=1 width=121)
	  Index Cond: (id = 267217)

table 3 : explain SELECT c FROM sbtest3 WHERE id=7514245
	Index Scan using sbtest3_pkey on sbtest3  (cost=0.43..8.45 rows=1 width=121)
	  Index Cond: (id = 7514245)

table 4 : explain SELECT c FROM sbtest4 WHERE id=3957425
	Index Scan using sbtest4_pkey on sbtest4  (cost=0.43..8.45 rows=1 width=121)
	  Index Cond: (id = 3957425)

table 5 : explain SELECT c FROM sbtest5 WHERE id=7317203
	Index Scan using sbtest5_pkey on sbtest5  (cost=0.43..8.45 rows=1 width=121)
	  Index Cond: (id = 7317203)

table 6 : explain SELECT c FROM sbtest6 WHERE id=5070946
	Index Scan using sbtest6_pkey on sbtest6  (cost=0.43..8.45 rows=1 width=121)
	  Index Cond: (id = 5070946)

table 7 : explain SELECT c FROM sbtest7 WHERE id=5028514
	Index Scan using sbtest7_pkey on sbtest7  (cost=0.43..8.45 rows=1 width=121)
	  Index Cond: (id = 5028514)

table 8 : explain SELECT c FROM sbtest8 WHERE id=1795969
	Index Scan using sbtest8_pkey on sbtest8  (cost=0.43..8.45 rows=1 width=121)
	  Index Cond: (id = 1795969)

for: simple_ranges
table 1 : explain SELECT c FROM sbtest1 WHERE id BETWEEN 3965380 AND 3966379
	Bitmap Heap Scan on sbtest1  (cost=30.73..3889.93 rows=1004 width=121)
	  Recheck Cond: ((id >= 3965380) AND (id <= 3966379))
	  ->  Bitmap Index Scan on sbtest1_pkey  (cost=0.00..30.47 rows=1004 width=0)
	        Index Cond: ((id >= 3965380) AND (id <= 3966379))

table 2 : explain SELECT c FROM sbtest2 WHERE id BETWEEN 7970252 AND 7971251
	Bitmap Heap Scan on sbtest2  (cost=35.06..4018.49 rows=1037 width=121)
	  Recheck Cond: ((id >= 7970252) AND (id <= 7971251))
	  ->  Bitmap Index Scan on sbtest2_pkey  (cost=0.00..34.81 rows=1037 width=0)
	        Index Cond: ((id >= 7970252) AND (id <= 7971251))

table 3 : explain SELECT c FROM sbtest3 WHERE id BETWEEN 6463824 AND 6464823
	Bitmap Heap Scan on sbtest3  (cost=30.79..3912.38 rows=1010 width=121)
	  Recheck Cond: ((id >= 6463824) AND (id <= 6464823))
	  ->  Bitmap Index Scan on sbtest3_pkey  (cost=0.00..30.54 rows=1010 width=0)
	        Index Cond: ((id >= 6463824) AND (id <= 6464823))

table 4 : explain SELECT c FROM sbtest4 WHERE id BETWEEN 3556339 AND 3557338
	Bitmap Heap Scan on sbtest4  (cost=30.66..3867.63 rows=998 width=121)
	  Recheck Cond: ((id >= 3556339) AND (id <= 3557338))
	  ->  Bitmap Index Scan on sbtest4_pkey  (cost=0.00..30.41 rows=998 width=0)
	        Index Cond: ((id >= 3556339) AND (id <= 3557338))

table 5 : explain SELECT c FROM sbtest5 WHERE id BETWEEN 1961626 AND 1962625
	Bitmap Heap Scan on sbtest5  (cost=35.44..4157.92 rows=1074 width=121)
	  Recheck Cond: ((id >= 1961626) AND (id <= 1962625))
	  ->  Bitmap Index Scan on sbtest5_pkey  (cost=0.00..35.18 rows=1074 width=0)
	        Index Cond: ((id >= 1961626) AND (id <= 1962625))

table 6 : explain SELECT c FROM sbtest6 WHERE id BETWEEN 6777926 AND 6778925
	Bitmap Heap Scan on sbtest6  (cost=29.63..3485.14 rows=897 width=121)
	  Recheck Cond: ((id >= 6777926) AND (id <= 6778925))
	  ->  Bitmap Index Scan on sbtest6_pkey  (cost=0.00..29.40 rows=897 width=0)
	        Index Cond: ((id >= 6777926) AND (id <= 6778925))

table 7 : explain SELECT c FROM sbtest7 WHERE id BETWEEN 91440 AND 92439
	Bitmap Heap Scan on sbtest7  (cost=30.02..3629.31 rows=935 width=121)
	  Recheck Cond: ((id >= 91440) AND (id <= 92439))
	  ->  Bitmap Index Scan on sbtest7_pkey  (cost=0.00..29.79 rows=935 width=0)
	        Index Cond: ((id >= 91440) AND (id <= 92439))

table 8 : explain SELECT c FROM sbtest8 WHERE id BETWEEN 8102748 AND 8103747
	Bitmap Heap Scan on sbtest8  (cost=29.99..3617.94 rows=932 width=121)
	  Recheck Cond: ((id >= 8102748) AND (id <= 8103747))
	  ->  Bitmap Index Scan on sbtest8_pkey  (cost=0.00..29.75 rows=932 width=0)
	        Index Cond: ((id >= 8102748) AND (id <= 8103747))

for: simple_ranges
table 1 : explain SELECT c FROM sbtest1 WHERE id BETWEEN 4502982 AND 4503981
	Bitmap Heap Scan on sbtest1  (cost=30.33..3742.64 rows=965 width=121)
	  Recheck Cond: ((id >= 4502982) AND (id <= 4503981))
	  ->  Bitmap Index Scan on sbtest1_pkey  (cost=0.00..30.08 rows=965 width=0)
	        Index Cond: ((id >= 4502982) AND (id <= 4503981))

table 2 : explain SELECT c FROM sbtest2 WHERE id BETWEEN 2359364 AND 2360363
	Bitmap Heap Scan on sbtest2  (cost=35.28..4097.63 rows=1058 width=121)
	  Recheck Cond: ((id >= 2359364) AND (id <= 2360363))
	  ->  Bitmap Index Scan on sbtest2_pkey  (cost=0.00..35.02 rows=1058 width=0)
	        Index Cond: ((id >= 2359364) AND (id <= 2360363))

table 3 : explain SELECT c FROM sbtest3 WHERE id BETWEEN 3185260 AND 3186259
	Bitmap Heap Scan on sbtest3  (cost=35.69..4247.95 rows=1098 width=121)
	  Recheck Cond: ((id >= 3185260) AND (id <= 3186259))
	  ->  Bitmap Index Scan on sbtest3_pkey  (cost=0.00..35.42 rows=1098 width=0)
	        Index Cond: ((id >= 3185260) AND (id <= 3186259))

table 4 : explain SELECT c FROM sbtest4 WHERE id BETWEEN 5905395 AND 5906394
	Bitmap Heap Scan on sbtest4  (cost=30.85..3935.57 rows=1016 width=121)
	  Recheck Cond: ((id >= 5905395) AND (id <= 5906394))
	  ->  Bitmap Index Scan on sbtest4_pkey  (cost=0.00..30.59 rows=1016 width=0)
	        Index Cond: ((id >= 5905395) AND (id <= 5906394))

table 5 : explain SELECT c FROM sbtest5 WHERE id BETWEEN 556281 AND 557280
	Bitmap Heap Scan on sbtest5  (cost=35.74..4267.07 rows=1103 width=121)
	  Recheck Cond: ((id >= 556281) AND (id <= 557280))
	  ->  Bitmap Index Scan on sbtest5_pkey  (cost=0.00..35.47 rows=1103 width=0)
	        Index Cond: ((id >= 556281) AND (id <= 557280))

table 6 : explain SELECT c FROM sbtest6 WHERE id BETWEEN 7953025 AND 7954024
	Bitmap Heap Scan on sbtest6  (cost=30.02..3628.98 rows=935 width=121)
	  Recheck Cond: ((id >= 7953025) AND (id <= 7954024))
	  ->  Bitmap Index Scan on sbtest6_pkey  (cost=0.00..29.79 rows=935 width=0)
	        Index Cond: ((id >= 7953025) AND (id <= 7954024))

table 7 : explain SELECT c FROM sbtest7 WHERE id BETWEEN 237081 AND 238080
	Bitmap Heap Scan on sbtest7  (cost=30.60..3844.75 rows=992 width=121)
	  Recheck Cond: ((id >= 237081) AND (id <= 238080))
	  ->  Bitmap Index Scan on sbtest7_pkey  (cost=0.00..30.36 rows=992 width=0)
	        Index Cond: ((id >= 237081) AND (id <= 238080))

table 8 : explain SELECT c FROM sbtest8 WHERE id BETWEEN 4612842 AND 4613841
	Bitmap Heap Scan on sbtest8  (cost=30.38..3761.63 rows=970 width=121)
	  Recheck Cond: ((id >= 4612842) AND (id <= 4613841))
	  ->  Bitmap Index Scan on sbtest8_pkey  (cost=0.00..30.14 rows=970 width=0)
	        Index Cond: ((id >= 4612842) AND (id <= 4613841))

for: simple_ranges
table 1 : explain SELECT c FROM sbtest1 WHERE id BETWEEN 1310128 AND 1311127
	Bitmap Heap Scan on sbtest1  (cost=30.39..3765.31 rows=971 width=121)
	  Recheck Cond: ((id >= 1310128) AND (id <= 1311127))
	  ->  Bitmap Index Scan on sbtest1_pkey  (cost=0.00..30.14 rows=971 width=0)
	        Index Cond: ((id >= 1310128) AND (id <= 1311127))

table 2 : explain SELECT c FROM sbtest2 WHERE id BETWEEN 3784681 AND 3785680
	Bitmap Heap Scan on sbtest2  (cost=35.55..4195.55 rows=1084 width=121)
	  Recheck Cond: ((id >= 3784681) AND (id <= 3785680))
	  ->  Bitmap Index Scan on sbtest2_pkey  (cost=0.00..35.28 rows=1084 width=0)
	        Index Cond: ((id >= 3784681) AND (id <= 3785680))

table 3 : explain SELECT c FROM sbtest3 WHERE id BETWEEN 8324066 AND 8325065
	Bitmap Heap Scan on sbtest3  (cost=30.30..3731.12 rows=962 width=121)
	  Recheck Cond: ((id >= 8324066) AND (id <= 8325065))
	  ->  Bitmap Index Scan on sbtest3_pkey  (cost=0.00..30.05 rows=962 width=0)
	        Index Cond: ((id >= 8324066) AND (id <= 8325065))

table 4 : explain SELECT c FROM sbtest4 WHERE id BETWEEN 7975054 AND 7976053
	Bitmap Heap Scan on sbtest4  (cost=30.22..3705.17 rows=955 width=121)
	  Recheck Cond: ((id >= 7975054) AND (id <= 7976053))
	  ->  Bitmap Index Scan on sbtest4_pkey  (cost=0.00..29.98 rows=955 width=0)
	        Index Cond: ((id >= 7975054) AND (id <= 7976053))

table 5 : explain SELECT c FROM sbtest5 WHERE id BETWEEN 1719772 AND 1720771
	Bitmap Heap Scan on sbtest5  (cost=35.25..4086.35 rows=1055 width=121)
	  Recheck Cond: ((id >= 1719772) AND (id <= 1720771))
	  ->  Bitmap Index Scan on sbtest5_pkey  (cost=0.00..34.98 rows=1055 width=0)
	        Index Cond: ((id >= 1719772) AND (id <= 1720771))

table 6 : explain SELECT c FROM sbtest6 WHERE id BETWEEN 7516692 AND 7517691
	Bitmap Heap Scan on sbtest6  (cost=30.17..3685.70 rows=950 width=121)
	  Recheck Cond: ((id >= 7516692) AND (id <= 7517691))
	  ->  Bitmap Index Scan on sbtest6_pkey  (cost=0.00..29.93 rows=950 width=0)
	        Index Cond: ((id >= 7516692) AND (id <= 7517691))

table 7 : explain SELECT c FROM sbtest7 WHERE id BETWEEN 1044874 AND 1045873
	Bitmap Heap Scan on sbtest7  (cost=29.89..3580.12 rows=922 width=121)
	  Recheck Cond: ((id >= 1044874) AND (id <= 1045873))
	  ->  Bitmap Index Scan on sbtest7_pkey  (cost=0.00..29.65 rows=922 width=0)
	        Index Cond: ((id >= 1044874) AND (id <= 1045873))

table 8 : explain SELECT c FROM sbtest8 WHERE id BETWEEN 5774475 AND 5775474
	Bitmap Heap Scan on sbtest8  (cost=35.33..4116.50 rows=1063 width=121)
	  Recheck Cond: ((id >= 5774475) AND (id <= 5775474))
	  ->  Bitmap Index Scan on sbtest8_pkey  (cost=0.00..35.07 rows=1063 width=0)
	        Index Cond: ((id >= 5774475) AND (id <= 5775474))

for: simple_ranges
table 1 : explain SELECT c FROM sbtest1 WHERE id BETWEEN 5990379 AND 5991378
	Bitmap Heap Scan on sbtest1  (cost=30.96..3976.70 rows=1027 width=121)
	  Recheck Cond: ((id >= 5990379) AND (id <= 5991378))
	  ->  Bitmap Index Scan on sbtest1_pkey  (cost=0.00..30.70 rows=1027 width=0)
	        Index Cond: ((id >= 5990379) AND (id <= 5991378))

table 2 : explain SELECT c FROM sbtest2 WHERE id BETWEEN 6371292 AND 6372291
	Bitmap Heap Scan on sbtest2  (cost=35.35..4124.00 rows=1065 width=121)
	  Recheck Cond: ((id >= 6371292) AND (id <= 6372291))
	  ->  Bitmap Index Scan on sbtest2_pkey  (cost=0.00..35.09 rows=1065 width=0)
	        Index Cond: ((id >= 6371292) AND (id <= 6372291))

table 3 : explain SELECT c FROM sbtest3 WHERE id BETWEEN 7284178 AND 7285177
	Bitmap Heap Scan on sbtest3  (cost=36.24..4447.21 rows=1152 width=121)
	  Recheck Cond: ((id >= 7284178) AND (id <= 7285177))
	  ->  Bitmap Index Scan on sbtest3_pkey  (cost=0.00..35.95 rows=1152 width=0)
	        Index Cond: ((id >= 7284178) AND (id <= 7285177))

table 4 : explain SELECT c FROM sbtest4 WHERE id BETWEEN 6800428 AND 6801427
	Bitmap Heap Scan on sbtest4  (cost=35.24..4082.86 rows=1054 width=121)
	  Recheck Cond: ((id >= 6800428) AND (id <= 6801427))
	  ->  Bitmap Index Scan on sbtest4_pkey  (cost=0.00..34.98 rows=1054 width=0)
	        Index Cond: ((id >= 6800428) AND (id <= 6801427))

table 5 : explain SELECT c FROM sbtest5 WHERE id BETWEEN 8759358 AND 8760357
	Bitmap Heap Scan on sbtest5  (cost=30.08..3651.98 rows=941 width=121)
	  Recheck Cond: ((id >= 8759358) AND (id <= 8760357))
	  ->  Bitmap Index Scan on sbtest5_pkey  (cost=0.00..29.84 rows=941 width=0)
	        Index Cond: ((id >= 8759358) AND (id <= 8760357))

table 6 : explain SELECT c FROM sbtest6 WHERE id BETWEEN 5116613 AND 5117612
	Bitmap Heap Scan on sbtest6  (cost=35.64..4229.05 rows=1093 width=121)
	  Recheck Cond: ((id >= 5116613) AND (id <= 5117612))
	  ->  Bitmap Index Scan on sbtest6_pkey  (cost=0.00..35.37 rows=1093 width=0)
	        Index Cond: ((id >= 5116613) AND (id <= 5117612))

table 7 : explain SELECT c FROM sbtest7 WHERE id BETWEEN 2231391 AND 2232390
	Bitmap Heap Scan on sbtest7  (cost=35.28..4097.68 rows=1058 width=121)
	  Recheck Cond: ((id >= 2231391) AND (id <= 2232390))
	  ->  Bitmap Index Scan on sbtest7_pkey  (cost=0.00..35.02 rows=1058 width=0)
	        Index Cond: ((id >= 2231391) AND (id <= 2232390))

table 8 : explain SELECT c FROM sbtest8 WHERE id BETWEEN 8841918 AND 8842917
	Bitmap Heap Scan on sbtest8  (cost=34.94..3973.26 rows=1025 width=121)
	  Recheck Cond: ((id >= 8841918) AND (id <= 8842917))
	  ->  Bitmap Index Scan on sbtest8_pkey  (cost=0.00..34.69 rows=1025 width=0)
	        Index Cond: ((id >= 8841918) AND (id <= 8842917))

explain: for point_selects :: explain SELECT c FROM sbtest%u WHERE id=%u
explain: for point_selects :: explain SELECT c FROM sbtest%u WHERE id=%u
for: simple_ranges
table 1 : explain SELECT c FROM sbtest1 WHERE id BETWEEN 4422990 AND 4423989
	Bitmap Heap Scan on sbtest1  (cost=30.36..3753.98 rows=968 width=121)
	  Recheck Cond: ((id >= 4422990) AND (id <= 4423989))
	  ->  Bitmap Index Scan on sbtest1_pkey  (cost=0.00..30.11 rows=968 width=0)
	        Index Cond: ((id >= 4422990) AND (id <= 4423989))

table 2 : explain SELECT c FROM sbtest2 WHERE id BETWEEN 5635576 AND 5636575
	Bitmap Heap Scan on sbtest2  (cost=30.17..3686.00 rows=950 width=121)
	  Recheck Cond: ((id >= 5635576) AND (id <= 5636575))
	  ->  Bitmap Index Scan on sbtest2_pkey  (cost=0.00..29.93 rows=950 width=0)
	        Index Cond: ((id >= 5635576) AND (id <= 5636575))

table 3 : explain SELECT c FROM sbtest3 WHERE id BETWEEN 3544575 AND 3545574
	Bitmap Heap Scan on sbtest3  (cost=31.12..4033.06 rows=1042 width=121)
	  Recheck Cond: ((id >= 3544575) AND (id <= 3545574))
	  ->  Bitmap Index Scan on sbtest3_pkey  (cost=0.00..30.86 rows=1042 width=0)
	        Index Cond: ((id >= 3544575) AND (id <= 3545574))

table 4 : explain SELECT c FROM sbtest4 WHERE id BETWEEN 1334804 AND 1335803
	Bitmap Heap Scan on sbtest4  (cost=29.94..3599.25 rows=927 width=121)
	  Recheck Cond: ((id >= 1334804) AND (id <= 1335803))
	  ->  Bitmap Index Scan on sbtest4_pkey  (cost=0.00..29.70 rows=927 width=0)
	        Index Cond: ((id >= 1334804) AND (id <= 1335803))

table 5 : explain SELECT c FROM sbtest5 WHERE id BETWEEN 2759888 AND 2760887
	Bitmap Heap Scan on sbtest5  (cost=35.26..4090.11 rows=1056 width=121)
	  Recheck Cond: ((id >= 2759888) AND (id <= 2760887))
	  ->  Bitmap Index Scan on sbtest5_pkey  (cost=0.00..35.00 rows=1056 width=0)
	        Index Cond: ((id >= 2759888) AND (id <= 2760887))

table 6 : explain SELECT c FROM sbtest6 WHERE id BETWEEN 2416423 AND 2417422
	Bitmap Heap Scan on sbtest6  (cost=35.12..4036.99 rows=1042 width=121)
	  Recheck Cond: ((id >= 2416423) AND (id <= 2417422))
	  ->  Bitmap Index Scan on sbtest6_pkey  (cost=0.00..34.86 rows=1042 width=0)
	        Index Cond: ((id >= 2416423) AND (id <= 2417422))

table 7 : explain SELECT c FROM sbtest7 WHERE id BETWEEN 4382140 AND 4383139
	Bitmap Heap Scan on sbtest7  (cost=35.46..4165.48 rows=1076 width=121)
	  Recheck Cond: ((id >= 4382140) AND (id <= 4383139))
	  ->  Bitmap Index Scan on sbtest7_pkey  (cost=0.00..35.20 rows=1076 width=0)
	        Index Cond: ((id >= 4382140) AND (id <= 4383139))

table 8 : explain SELECT c FROM sbtest8 WHERE id BETWEEN 9622765 AND 9623764
	Bitmap Heap Scan on sbtest8  (cost=29.87..3572.53 rows=920 width=121)
	  Recheck Cond: ((id >= 9622765) AND (id <= 9623764))
	  ->  Bitmap Index Scan on sbtest8_pkey  (cost=0.00..29.64 rows=920 width=0)
	        Index Cond: ((id >= 9622765) AND (id <= 9623764))

for point_selects
table 1 : explain SELECT c FROM sbtest1 WHERE id=7200220
	Index Scan using sbtest1_pkey on sbtest1  (cost=0.43..8.45 rows=1 width=121)
	  Index Cond: (id = 7200220)

table 2 : explain SELECT c FROM sbtest2 WHERE id=4315017
	Index Scan using sbtest2_pkey on sbtest2  (cost=0.43..8.45 rows=1 width=121)
	  Index Cond: (id = 4315017)

table 3 : explain SELECT c FROM sbtest3 WHERE id=7984017
	Index Scan using sbtest3_pkey on sbtest3  (cost=0.43..8.45 rows=1 width=121)
	  Index Cond: (id = 7984017)

table 4 : explain SELECT c FROM sbtest4 WHERE id=7659797
	Index Scan using sbtest4_pkey on sbtest4  (cost=0.43..8.45 rows=1 width=121)
	  Index Cond: (id = 7659797)

table 5 : explain SELECT c FROM sbtest5 WHERE id=7522967
	Index Scan using sbtest5_pkey on sbtest5  (cost=0.43..8.45 rows=1 width=121)
	  Index Cond: (id = 7522967)

table 6 : explain SELECT c FROM sbtest6 WHERE id=5963312
	Index Scan using sbtest6_pkey on sbtest6  (cost=0.43..8.45 rows=1 width=121)
	  Index Cond: (id = 5963312)

table 7 : explain SELECT c FROM sbtest7 WHERE id=7091610
	Index Scan using sbtest7_pkey on sbtest7  (cost=0.43..8.45 rows=1 width=121)
	  Index Cond: (id = 7091610)

table 8 : explain SELECT c FROM sbtest8 WHERE id=5653818
	Index Scan using sbtest8_pkey on sbtest8  (cost=0.43..8.45 rows=1 width=121)
	  Index Cond: (id = 5653818)

explain: for point_selects :: explain SELECT c FROM sbtest%u WHERE id=%u
for point_selects
table 1 : explain SELECT c FROM sbtest1 WHERE id=5012377
	Index Scan using sbtest1_pkey on sbtest1  (cost=0.43..8.45 rows=1 width=121)
	  Index Cond: (id = 5012377)

table 2 : explain SELECT c FROM sbtest2 WHERE id=7356389
	Index Scan using sbtest2_pkey on sbtest2  (cost=0.43..8.45 rows=1 width=121)
	  Index Cond: (id = 7356389)

table 3 : explain SELECT c FROM sbtest3 WHERE id=7047837
	Index Scan using sbtest3_pkey on sbtest3  (cost=0.43..8.45 rows=1 width=121)
	  Index Cond: (id = 7047837)

table 4 : explain SELECT c FROM sbtest4 WHERE id=448386
	Index Scan using sbtest4_pkey on sbtest4  (cost=0.43..8.45 rows=1 width=121)
	  Index Cond: (id = 448386)

table 5 : explain SELECT c FROM sbtest5 WHERE id=1423747
	Index Scan using sbtest5_pkey on sbtest5  (cost=0.43..8.45 rows=1 width=121)
	  Index Cond: (id = 1423747)

table 6 : explain SELECT c FROM sbtest6 WHERE id=2974457
	Index Scan using sbtest6_pkey on sbtest6  (cost=0.43..8.45 rows=1 width=121)
	  Index Cond: (id = 2974457)

table 7 : explain SELECT c FROM sbtest7 WHERE id=5184577
	Index Scan using sbtest7_pkey on sbtest7  (cost=0.43..8.45 rows=1 width=121)
	  Index Cond: (id = 5184577)

table 8 : explain SELECT c FROM sbtest8 WHERE id=8672787
	Index Scan using sbtest8_pkey on sbtest8  (cost=0.43..8.45 rows=1 width=121)
	  Index Cond: (id = 8672787)

explain: for point_selects :: explain SELECT c FROM sbtest%u WHERE id=%u
for: simple_ranges
table 1 : explain SELECT c FROM sbtest1 WHERE id BETWEEN 8207522 AND 8208521
	Bitmap Heap Scan on sbtest1  (cost=35.63..4225.58 rows=1092 width=121)
	  Recheck Cond: ((id >= 8207522) AND (id <= 8208521))
	  ->  Bitmap Index Scan on sbtest1_pkey  (cost=0.00..35.36 rows=1092 width=0)
	        Index Cond: ((id >= 8207522) AND (id <= 8208521))

table 2 : explain SELECT c FROM sbtest2 WHERE id BETWEEN 9991829 AND 9992828
	Bitmap Heap Scan on sbtest2  (cost=30.15..3678.44 rows=948 width=121)
	  Recheck Cond: ((id >= 9991829) AND (id <= 9992828))
	  ->  Bitmap Index Scan on sbtest2_pkey  (cost=0.00..29.91 rows=948 width=0)
	        Index Cond: ((id >= 9991829) AND (id <= 9992828))

table 3 : explain SELECT c FROM sbtest3 WHERE id BETWEEN 3006367 AND 3007366
	Bitmap Heap Scan on sbtest3  (cost=35.59..4210.32 rows=1088 width=121)
	  Recheck Cond: ((id >= 3006367) AND (id <= 3007366))
	  ->  Bitmap Index Scan on sbtest3_pkey  (cost=0.00..35.32 rows=1088 width=0)
	        Index Cond: ((id >= 3006367) AND (id <= 3007366))

table 4 : explain SELECT c FROM sbtest4 WHERE id BETWEEN 9803491 AND 9804490
	Bitmap Heap Scan on sbtest4  (cost=30.70..3878.95 rows=1001 width=121)
	  Recheck Cond: ((id >= 9803491) AND (id <= 9804490))
	  ->  Bitmap Index Scan on sbtest4_pkey  (cost=0.00..30.44 rows=1001 width=0)
	        Index Cond: ((id >= 9803491) AND (id <= 9804490))

table 5 : explain SELECT c FROM sbtest5 WHERE id BETWEEN 545740 AND 546739
	Bitmap Heap Scan on sbtest5  (cost=35.74..4267.07 rows=1103 width=121)
	  Recheck Cond: ((id >= 545740) AND (id <= 546739))
	  ->  Bitmap Index Scan on sbtest5_pkey  (cost=0.00..35.47 rows=1103 width=0)
	        Index Cond: ((id >= 545740) AND (id <= 546739))

table 6 : explain SELECT c FROM sbtest6 WHERE id BETWEEN 5070617 AND 5071616
	Bitmap Heap Scan on sbtest6  (cost=35.64..4229.05 rows=1093 width=121)
	  Recheck Cond: ((id >= 5070617) AND (id <= 5071616))
	  ->  Bitmap Index Scan on sbtest6_pkey  (cost=0.00..35.37 rows=1093 width=0)
	        Index Cond: ((id >= 5070617) AND (id <= 5071616))

table 7 : explain SELECT c FROM sbtest7 WHERE id BETWEEN 7166151 AND 7167150
	Bitmap Heap Scan on sbtest7  (cost=30.34..3746.53 rows=966 width=121)
	  Recheck Cond: ((id >= 7166151) AND (id <= 7167150))
	  ->  Bitmap Index Scan on sbtest7_pkey  (cost=0.00..30.09 rows=966 width=0)
	        Index Cond: ((id >= 7166151) AND (id <= 7167150))

table 8 : explain SELECT c FROM sbtest8 WHERE id BETWEEN 3819216 AND 3820215
	Bitmap Heap Scan on sbtest8  (cost=30.21..3701.15 rows=954 width=121)
	  Recheck Cond: ((id >= 3819216) AND (id <= 3820215))
	  ->  Bitmap Index Scan on sbtest8_pkey  (cost=0.00..29.97 rows=954 width=0)
	        Index Cond: ((id >= 3819216) AND (id <= 3820215))

for: simple_ranges
table 1 : explain SELECT c FROM sbtest1 WHERE id BETWEEN 9209272 AND 9210271
	Bitmap Heap Scan on sbtest1  (cost=30.89..3950.30 rows=1020 width=121)
	  Recheck Cond: ((id >= 9209272) AND (id <= 9210271))
	  ->  Bitmap Index Scan on sbtest1_pkey  (cost=0.00..30.64 rows=1020 width=0)
	        Index Cond: ((id >= 9209272) AND (id <= 9210271))

table 2 : explain SELECT c FROM sbtest2 WHERE id BETWEEN 9848861 AND 9849860
	Bitmap Heap Scan on sbtest2  (cost=30.25..3716.25 rows=958 width=121)
	  Recheck Cond: ((id >= 9848861) AND (id <= 9849860))
	  ->  Bitmap Index Scan on sbtest2_pkey  (cost=0.00..30.01 rows=958 width=0)
	        Index Cond: ((id >= 9848861) AND (id <= 9849860))

table 3 : explain SELECT c FROM sbtest3 WHERE id BETWEEN 6193569 AND 6194568
	Bitmap Heap Scan on sbtest3  (cost=30.97..3980.28 rows=1028 width=121)
	  Recheck Cond: ((id >= 6193569) AND (id <= 6194568))
	  ->  Bitmap Index Scan on sbtest3_pkey  (cost=0.00..30.71 rows=1028 width=0)
	        Index Cond: ((id >= 6193569) AND (id <= 6194568))

table 4 : explain SELECT c FROM sbtest4 WHERE id BETWEEN 7840360 AND 7841359
	Bitmap Heap Scan on sbtest4  (cost=36.06..4383.96 rows=1134 width=121)
	  Recheck Cond: ((id >= 7840360) AND (id <= 7841359))
	  ->  Bitmap Index Scan on sbtest4_pkey  (cost=0.00..35.78 rows=1134 width=0)
	        Index Cond: ((id >= 7840360) AND (id <= 7841359))

table 5 : explain SELECT c FROM sbtest5 WHERE id BETWEEN 2426203 AND 2427202
	Bitmap Heap Scan on sbtest5  (cost=30.14..3674.67 rows=947 width=121)
	  Recheck Cond: ((id >= 2426203) AND (id <= 2427202))
	  ->  Bitmap Index Scan on sbtest5_pkey  (cost=0.00..29.90 rows=947 width=0)
	        Index Cond: ((id >= 2426203) AND (id <= 2427202))

table 6 : explain SELECT c FROM sbtest6 WHERE id BETWEEN 2799121 AND 2800120
	Bitmap Heap Scan on sbtest6  (cost=34.92..3965.35 rows=1023 width=121)
	  Recheck Cond: ((id >= 2799121) AND (id <= 2800120))
	  ->  Bitmap Index Scan on sbtest6_pkey  (cost=0.00..34.67 rows=1023 width=0)
	        Index Cond: ((id >= 2799121) AND (id <= 2800120))

table 7 : explain SELECT c FROM sbtest7 WHERE id BETWEEN 2838974 AND 2839973
	Bitmap Heap Scan on sbtest7  (cost=29.89..3580.12 rows=922 width=121)
	  Recheck Cond: ((id >= 2838974) AND (id <= 2839973))
	  ->  Bitmap Index Scan on sbtest7_pkey  (cost=0.00..29.65 rows=922 width=0)
	        Index Cond: ((id >= 2838974) AND (id <= 2839973))

table 8 : explain SELECT c FROM sbtest8 WHERE id BETWEEN 1331971 AND 1332970
	Bitmap Heap Scan on sbtest8  (cost=30.08..3651.99 rows=941 width=121)
	  Recheck Cond: ((id >= 1331971) AND (id <= 1332970))
	  ->  Bitmap Index Scan on sbtest8_pkey  (cost=0.00..29.84 rows=941 width=0)
	        Index Cond: ((id >= 1331971) AND (id <= 1332970))

explain: for point_selects :: explain SELECT c FROM sbtest%u WHERE id=%u
explain: for point_selects :: explain SELECT c FROM sbtest%u WHERE id=%u
for point_selects
table 1 : explain SELECT c FROM sbtest1 WHERE id=3284439
	Index Scan using sbtest1_pkey on sbtest1  (cost=0.43..8.45 rows=1 width=121)
	  Index Cond: (id = 3284439)

table 2 : explain SELECT c FROM sbtest2 WHERE id=5750424
	Index Scan using sbtest2_pkey on sbtest2  (cost=0.43..8.45 rows=1 width=121)
	  Index Cond: (id = 5750424)

table 3 : explain SELECT c FROM sbtest3 WHERE id=3333339
	Index Scan using sbtest3_pkey on sbtest3  (cost=0.43..8.45 rows=1 width=121)
	  Index Cond: (id = 3333339)

table 4 : explain SELECT c FROM sbtest4 WHERE id=2781224
	Index Scan using sbtest4_pkey on sbtest4  (cost=0.43..8.45 rows=1 width=121)
	  Index Cond: (id = 2781224)

table 5 : explain SELECT c FROM sbtest5 WHERE id=1641716
	Index Scan using sbtest5_pkey on sbtest5  (cost=0.43..8.45 rows=1 width=121)
	  Index Cond: (id = 1641716)

table 6 : explain SELECT c FROM sbtest6 WHERE id=9674478
	Index Scan using sbtest6_pkey on sbtest6  (cost=0.43..8.45 rows=1 width=121)
	  Index Cond: (id = 9674478)

table 7 : explain SELECT c FROM sbtest7 WHERE id=2461809
	Index Scan using sbtest7_pkey on sbtest7  (cost=0.43..8.45 rows=1 width=121)
	  Index Cond: (id = 2461809)

table 8 : explain SELECT c FROM sbtest8 WHERE id=587455
	Index Scan using sbtest8_pkey on sbtest8  (cost=0.43..8.45 rows=1 width=121)
	  Index Cond: (id = 587455)

for: sum_ranges
table 1 : explain SELECT SUM(k) FROM sbtest1 WHERE id BETWEEN 1102392 AND 1103391
	Aggregate  (cost=3994.37..3994.38 rows=1 width=8)
	  ->  Bitmap Heap Scan on sbtest1  (cost=31.00..3991.79 rows=1031 width=4)
	        Recheck Cond: ((id >= 1102392) AND (id <= 1103391))
	        ->  Bitmap Index Scan on sbtest1_pkey  (cost=0.00..30.75 rows=1031 width=0)
	              Index Cond: ((id >= 1102392) AND (id <= 1103391))

table 2 : explain SELECT SUM(k) FROM sbtest2 WHERE id BETWEEN 7349455 AND 7350454
	Aggregate  (cost=3911.39..3911.40 rows=1 width=8)
	  ->  Bitmap Heap Scan on sbtest2  (cost=30.78..3908.87 rows=1009 width=4)
	        Recheck Cond: ((id >= 7349455) AND (id <= 7350454))
	        ->  Bitmap Index Scan on sbtest2_pkey  (cost=0.00..30.52 rows=1009 width=0)
	              Index Cond: ((id >= 7349455) AND (id <= 7350454))

table 3 : explain SELECT SUM(k) FROM sbtest3 WHERE id BETWEEN 2948844 AND 2949843
	Aggregate  (cost=4213.04..4213.05 rows=1 width=8)
	  ->  Bitmap Heap Scan on sbtest3  (cost=35.59..4210.32 rows=1088 width=4)
	        Recheck Cond: ((id >= 2948844) AND (id <= 2949843))
	        ->  Bitmap Index Scan on sbtest3_pkey  (cost=0.00..35.32 rows=1088 width=0)
	              Index Cond: ((id >= 2948844) AND (id <= 2949843))

table 4 : explain SELECT SUM(k) FROM sbtest4 WHERE id BETWEEN 3424219 AND 3425218
	Aggregate  (cost=4077.95..4077.96 rows=1 width=8)
	  ->  Bitmap Heap Scan on sbtest4  (cost=35.22..4075.32 rows=1052 width=4)
	        Recheck Cond: ((id >= 3424219) AND (id <= 3425218))
	        ->  Bitmap Index Scan on sbtest4_pkey  (cost=0.00..34.95 rows=1052 width=0)
	              Index Cond: ((id >= 3424219) AND (id <= 3425218))

table 5 : explain SELECT SUM(k) FROM sbtest5 WHERE id BETWEEN 9591081 AND 9592080
	Aggregate  (cost=3718.66..3718.67 rows=1 width=8)
	  ->  Bitmap Heap Scan on sbtest5  (cost=30.25..3716.26 rows=958 width=4)
	        Recheck Cond: ((id >= 9591081) AND (id <= 9592080))
	        ->  Bitmap Index Scan on sbtest5_pkey  (cost=0.00..30.01 rows=958 width=0)
	              Index Cond: ((id >= 9591081) AND (id <= 9592080))

table 6 : explain SELECT SUM(k) FROM sbtest6 WHERE id BETWEEN 7079768 AND 7080767
	Aggregate  (cost=3532.86..3532.87 rows=1 width=8)
	  ->  Bitmap Heap Scan on sbtest6  (cost=29.75..3530.58 rows=909 width=4)
	        Recheck Cond: ((id >= 7079768) AND (id <= 7080767))
	        ->  Bitmap Index Scan on sbtest6_pkey  (cost=0.00..29.52 rows=909 width=0)
	              Index Cond: ((id >= 7079768) AND (id <= 7080767))

table 7 : explain SELECT SUM(k) FROM sbtest7 WHERE id BETWEEN 1602941 AND 1603940
	Aggregate  (cost=4160.64..4160.65 rows=1 width=8)
	  ->  Bitmap Heap Scan on sbtest7  (cost=35.44..4157.95 rows=1074 width=4)
	        Recheck Cond: ((id >= 1602941) AND (id <= 1603940))
	        ->  Bitmap Index Scan on sbtest7_pkey  (cost=0.00..35.18 rows=1074 width=0)
	              Index Cond: ((id >= 1602941) AND (id <= 1603940))

table 8 : explain SELECT SUM(k) FROM sbtest8 WHERE id BETWEEN 271222 AND 272221
	Aggregate  (cost=4251.02..4251.03 rows=1 width=8)
	  ->  Bitmap Heap Scan on sbtest8  (cost=35.69..4248.27 rows=1098 width=4)
	        Recheck Cond: ((id >= 271222) AND (id <= 272221))
	        ->  Bitmap Index Scan on sbtest8_pkey  (cost=0.00..35.42 rows=1098 width=0)
	              Index Cond: ((id >= 271222) AND (id <= 272221))

for: simple_ranges
table 1 : explain SELECT c FROM sbtest1 WHERE id BETWEEN 9261943 AND 9262942
	Bitmap Heap Scan on sbtest1  (cost=30.82..3923.89 rows=1013 width=121)
	  Recheck Cond: ((id >= 9261943) AND (id <= 9262942))
	  ->  Bitmap Index Scan on sbtest1_pkey  (cost=0.00..30.57 rows=1013 width=0)
	        Index Cond: ((id >= 9261943) AND (id <= 9262942))

table 2 : explain SELECT c FROM sbtest2 WHERE id BETWEEN 5635797 AND 5636796
	Bitmap Heap Scan on sbtest2  (cost=30.17..3686.00 rows=950 width=121)
	  Recheck Cond: ((id >= 5635797) AND (id <= 5636796))
	  ->  Bitmap Index Scan on sbtest2_pkey  (cost=0.00..29.93 rows=950 width=0)
	        Index Cond: ((id >= 5635797) AND (id <= 5636796))

table 3 : explain SELECT c FROM sbtest3 WHERE id BETWEEN 7070472 AND 7071471
	Bitmap Heap Scan on sbtest3  (cost=30.55..3825.57 rows=987 width=121)
	  Recheck Cond: ((id >= 7070472) AND (id <= 7071471))
	  ->  Bitmap Index Scan on sbtest3_pkey  (cost=0.00..30.30 rows=987 width=0)
	        Index Cond: ((id >= 7070472) AND (id <= 7071471))

table 4 : explain SELECT c FROM sbtest4 WHERE id BETWEEN 7166578 AND 7167577
	Bitmap Heap Scan on sbtest4  (cost=30.98..3984.61 rows=1029 width=121)
	  Recheck Cond: ((id >= 7166578) AND (id <= 7167577))
	  ->  Bitmap Index Scan on sbtest4_pkey  (cost=0.00..30.72 rows=1029 width=0)
	        Index Cond: ((id >= 7166578) AND (id <= 7167577))

table 5 : explain SELECT c FROM sbtest5 WHERE id BETWEEN 6724969 AND 6725968
	Bitmap Heap Scan on sbtest5  (cost=30.92..3961.71 rows=1023 width=121)
	  Recheck Cond: ((id >= 6724969) AND (id <= 6725968))
	  ->  Bitmap Index Scan on sbtest5_pkey  (cost=0.00..30.66 rows=1023 width=0)
	        Index Cond: ((id >= 6724969) AND (id <= 6725968))

table 6 : explain SELECT c FROM sbtest6 WHERE id BETWEEN 1340338 AND 1341337
	Bitmap Heap Scan on sbtest6  (cost=34.96..3980.44 rows=1027 width=121)
	  Recheck Cond: ((id >= 1340338) AND (id <= 1341337))
	  ->  Bitmap Index Scan on sbtest6_pkey  (cost=0.00..34.70 rows=1027 width=0)
	        Index Cond: ((id >= 1340338) AND (id <= 1341337))

table 7 : explain SELECT c FROM sbtest7 WHERE id BETWEEN 5516720 AND 5517719
	Bitmap Heap Scan on sbtest7  (cost=30.35..3750.31 rows=967 width=121)
	  Recheck Cond: ((id >= 5516720) AND (id <= 5517719))
	  ->  Bitmap Index Scan on sbtest7_pkey  (cost=0.00..30.11 rows=967 width=0)
	        Index Cond: ((id >= 5516720) AND (id <= 5517719))

table 8 : explain SELECT c FROM sbtest8 WHERE id BETWEEN 6655767 AND 6656766
	Bitmap Heap Scan on sbtest8  (cost=35.01..3999.66 rows=1032 width=121)
	  Recheck Cond: ((id >= 6655767) AND (id <= 6656766))
	  ->  Bitmap Index Scan on sbtest8_pkey  (cost=0.00..34.76 rows=1032 width=0)
	        Index Cond: ((id >= 6655767) AND (id <= 6656766))

for: sum_ranges
table 1 : explain SELECT SUM(k) FROM sbtest1 WHERE id BETWEEN 434442 AND 435441
	Aggregate  (cost=3998.14..3998.15 rows=1 width=8)
	  ->  Bitmap Heap Scan on sbtest1  (cost=31.01..3995.56 rows=1032 width=4)
	        Recheck Cond: ((id >= 434442) AND (id <= 435441))
	        ->  Bitmap Index Scan on sbtest1_pkey  (cost=0.00..30.75 rows=1032 width=0)
	              Index Cond: ((id >= 434442) AND (id <= 435441))

table 2 : explain SELECT SUM(k) FROM sbtest2 WHERE id BETWEEN 7272631 AND 7273630
	Aggregate  (cost=3684.59..3684.60 rows=1 width=8)
	  ->  Bitmap Heap Scan on sbtest2  (cost=30.16..3682.22 rows=949 width=4)
	        Recheck Cond: ((id >= 7272631) AND (id <= 7273630))
	        ->  Bitmap Index Scan on sbtest2_pkey  (cost=0.00..29.93 rows=949 width=0)
	              Index Cond: ((id >= 7272631) AND (id <= 7273630))

table 3 : explain SELECT SUM(k) FROM sbtest3 WHERE id BETWEEN 9646610 AND 9647609
	Aggregate  (cost=3744.87..3744.88 rows=1 width=8)
	  ->  Bitmap Heap Scan on sbtest3  (cost=30.33..3742.46 rows=965 width=4)
	        Recheck Cond: ((id >= 9646610) AND (id <= 9647609))
	        ->  Bitmap Index Scan on sbtest3_pkey  (cost=0.00..30.08 rows=965 width=0)
	              Index Cond: ((id >= 9646610) AND (id <= 9647609))

table 4 : explain SELECT SUM(k) FROM sbtest4 WHERE id BETWEEN 3789154 AND 3790153
	Aggregate  (cost=4285.19..4285.20 rows=1 width=8)
	  ->  Bitmap Heap Scan on sbtest4  (cost=35.78..4282.43 rows=1107 width=4)
	        Recheck Cond: ((id >= 3789154) AND (id <= 3790153))
	        ->  Bitmap Index Scan on sbtest4_pkey  (cost=0.00..35.51 rows=1107 width=0)
	              Index Cond: ((id >= 3789154) AND (id <= 3790153))

table 5 : explain SELECT SUM(k) FROM sbtest5 WHERE id BETWEEN 5355761 AND 5356760
	Aggregate  (cost=4028.41..4028.42 rows=1 width=8)
	  ->  Bitmap Heap Scan on sbtest5  (cost=31.09..4025.81 rows=1040 width=4)
	        Recheck Cond: ((id >= 5355761) AND (id <= 5356760))
	        ->  Bitmap Index Scan on sbtest5_pkey  (cost=0.00..30.83 rows=1040 width=0)
	              Index Cond: ((id >= 5355761) AND (id <= 5356760))

table 6 : explain SELECT SUM(k) FROM sbtest6 WHERE id BETWEEN 1524606 AND 1525605
	Aggregate  (cost=3706.99..3707.00 rows=1 width=8)
	  ->  Bitmap Heap Scan on sbtest6  (cost=30.22..3704.60 rows=955 width=4)
	        Recheck Cond: ((id >= 1524606) AND (id <= 1525605))
	        ->  Bitmap Index Scan on sbtest6_pkey  (cost=0.00..29.98 rows=955 width=0)
	              Index Cond: ((id >= 1524606) AND (id <= 1525605))

table 7 : explain SELECT SUM(k) FROM sbtest7 WHERE id BETWEEN 2750155 AND 2751154
	Aggregate  (cost=4066.39..4066.40 rows=1 width=8)
	  ->  Bitmap Heap Scan on sbtest7  (cost=35.19..4063.77 rows=1049 width=4)
	        Recheck Cond: ((id >= 2750155) AND (id <= 2751154))
	        ->  Bitmap Index Scan on sbtest7_pkey  (cost=0.00..34.93 rows=1049 width=0)
	              Index Cond: ((id >= 2750155) AND (id <= 2751154))

table 8 : explain SELECT SUM(k) FROM sbtest8 WHERE id BETWEEN 5893860 AND 5894859
	Aggregate  (cost=3945.40..3945.41 rows=1 width=8)
	  ->  Bitmap Heap Scan on sbtest8  (cost=30.87..3942.86 rows=1018 width=4)
	        Recheck Cond: ((id >= 5893860) AND (id <= 5894859))
	        ->  Bitmap Index Scan on sbtest8_pkey  (cost=0.00..30.61 rows=1018 width=0)
	              Index Cond: ((id >= 5893860) AND (id <= 5894859))

for point_selects
table 1 : explain SELECT c FROM sbtest1 WHERE id=1712537
	Index Scan using sbtest1_pkey on sbtest1  (cost=0.43..8.45 rows=1 width=121)
	  Index Cond: (id = 1712537)

table 2 : explain SELECT c FROM sbtest2 WHERE id=4198221
	Index Scan using sbtest2_pkey on sbtest2  (cost=0.43..8.45 rows=1 width=121)
	  Index Cond: (id = 4198221)

table 3 : explain SELECT c FROM sbtest3 WHERE id=7074527
	Index Scan using sbtest3_pkey on sbtest3  (cost=0.43..8.45 rows=1 width=121)
	  Index Cond: (id = 7074527)

table 4 : explain SELECT c FROM sbtest4 WHERE id=8188620
	Index Scan using sbtest4_pkey on sbtest4  (cost=0.43..8.45 rows=1 width=121)
	  Index Cond: (id = 8188620)

table 5 : explain SELECT c FROM sbtest5 WHERE id=5103939
	Index Scan using sbtest5_pkey on sbtest5  (cost=0.43..8.45 rows=1 width=121)
	  Index Cond: (id = 5103939)

table 6 : explain SELECT c FROM sbtest6 WHERE id=9985727
	Index Scan using sbtest6_pkey on sbtest6  (cost=0.43..8.45 rows=1 width=121)
	  Index Cond: (id = 9985727)

table 7 : explain SELECT c FROM sbtest7 WHERE id=1021676
	Index Scan using sbtest7_pkey on sbtest7  (cost=0.43..8.45 rows=1 width=121)
	  Index Cond: (id = 1021676)

table 8 : explain SELECT c FROM sbtest8 WHERE id=1939103
	Index Scan using sbtest8_pkey on sbtest8  (cost=0.43..8.45 rows=1 width=121)
	  Index Cond: (id = 1939103)

for point_selects
table 1 : explain SELECT c FROM sbtest1 WHERE id=8293942
	Index Scan using sbtest1_pkey on sbtest1  (cost=0.43..8.45 rows=1 width=121)
	  Index Cond: (id = 8293942)

table 2 : explain SELECT c FROM sbtest2 WHERE id=6943506
	Index Scan using sbtest2_pkey on sbtest2  (cost=0.43..8.45 rows=1 width=121)
	  Index Cond: (id = 6943506)

table 3 : explain SELECT c FROM sbtest3 WHERE id=8567379
	Index Scan using sbtest3_pkey on sbtest3  (cost=0.43..8.45 rows=1 width=121)
	  Index Cond: (id = 8567379)

table 4 : explain SELECT c FROM sbtest4 WHERE id=2818101
	Index Scan using sbtest4_pkey on sbtest4  (cost=0.43..8.45 rows=1 width=121)
	  Index Cond: (id = 2818101)

table 5 : explain SELECT c FROM sbtest5 WHERE id=8148753
	Index Scan using sbtest5_pkey on sbtest5  (cost=0.43..8.45 rows=1 width=121)
	  Index Cond: (id = 8148753)

table 6 : explain SELECT c FROM sbtest6 WHERE id=7132061
	Index Scan using sbtest6_pkey on sbtest6  (cost=0.43..8.45 rows=1 width=121)
	  Index Cond: (id = 7132061)

table 7 : explain SELECT c FROM sbtest7 WHERE id=6195301
	Index Scan using sbtest7_pkey on sbtest7  (cost=0.43..8.45 rows=1 width=121)
	  Index Cond: (id = 6195301)

table 8 : explain SELECT c FROM sbtest8 WHERE id=8557040
	Index Scan using sbtest8_pkey on sbtest8  (cost=0.43..8.45 rows=1 width=121)
	  Index Cond: (id = 8557040)

explain: for point_selects :: explain SELECT c FROM sbtest%u WHERE id=%u
for point_selects
table 1 : explain SELECT c FROM sbtest1 WHERE id=7476918
	Index Scan using sbtest1_pkey on sbtest1  (cost=0.43..8.45 rows=1 width=121)
	  Index Cond: (id = 7476918)

table 2 : explain SELECT c FROM sbtest2 WHERE id=59837
	Index Scan using sbtest2_pkey on sbtest2  (cost=0.43..8.45 rows=1 width=121)
	  Index Cond: (id = 59837)

table 3 : explain SELECT c FROM sbtest3 WHERE id=5303071
	Index Scan using sbtest3_pkey on sbtest3  (cost=0.43..8.45 rows=1 width=121)
	  Index Cond: (id = 5303071)

table 4 : explain SELECT c FROM sbtest4 WHERE id=5613085
	Index Scan using sbtest4_pkey on sbtest4  (cost=0.43..8.45 rows=1 width=121)
	  Index Cond: (id = 5613085)

table 5 : explain SELECT c FROM sbtest5 WHERE id=6934271
	Index Scan using sbtest5_pkey on sbtest5  (cost=0.43..8.45 rows=1 width=121)
	  Index Cond: (id = 6934271)

table 6 : explain SELECT c FROM sbtest6 WHERE id=8739944
	Index Scan using sbtest6_pkey on sbtest6  (cost=0.43..8.45 rows=1 width=121)
	  Index Cond: (id = 8739944)

table 7 : explain SELECT c FROM sbtest7 WHERE id=5829893
	Index Scan using sbtest7_pkey on sbtest7  (cost=0.43..8.45 rows=1 width=121)
	  Index Cond: (id = 5829893)

table 8 : explain SELECT c FROM sbtest8 WHERE id=7690626
	Index Scan using sbtest8_pkey on sbtest8  (cost=0.43..8.45 rows=1 width=121)
	  Index Cond: (id = 7690626)

for point_selects
table 1 : explain SELECT c FROM sbtest1 WHERE id=507767
	Index Scan using sbtest1_pkey on sbtest1  (cost=0.43..8.45 rows=1 width=121)
	  Index Cond: (id = 507767)

table 2 : explain SELECT c FROM sbtest2 WHERE id=975053
	Index Scan using sbtest2_pkey on sbtest2  (cost=0.43..8.45 rows=1 width=121)
	  Index Cond: (id = 975053)

table 3 : explain SELECT c FROM sbtest3 WHERE id=117392
	Index Scan using sbtest3_pkey on sbtest3  (cost=0.43..8.45 rows=1 width=121)
	  Index Cond: (id = 117392)

table 4 : explain SELECT c FROM sbtest4 WHERE id=1999768
	Index Scan using sbtest4_pkey on sbtest4  (cost=0.43..8.45 rows=1 width=121)
	  Index Cond: (id = 1999768)

table 5 : explain SELECT c FROM sbtest5 WHERE id=9705163
	Index Scan using sbtest5_pkey on sbtest5  (cost=0.43..8.45 rows=1 width=121)
	  Index Cond: (id = 9705163)

table 6 : explain SELECT c FROM sbtest6 WHERE id=1071390
	Index Scan using sbtest6_pkey on sbtest6  (cost=0.43..8.45 rows=1 width=121)
	  Index Cond: (id = 1071390)

table 7 : explain SELECT c FROM sbtest7 WHERE id=9184968
	Index Scan using sbtest7_pkey on sbtest7  (cost=0.43..8.45 rows=1 width=121)
	  Index Cond: (id = 9184968)

table 8 : explain SELECT c FROM sbtest8 WHERE id=3437721
	Index Scan using sbtest8_pkey on sbtest8  (cost=0.43..8.45 rows=1 width=121)
	  Index Cond: (id = 3437721)

for: sum_ranges
table 1 : explain SELECT SUM(k) FROM sbtest1 WHERE id BETWEEN 97591 AND 98590
	Aggregate  (cost=3786.64..3786.65 rows=1 width=8)
	  ->  Bitmap Heap Scan on sbtest1  (cost=30.44..3784.20 rows=976 width=4)
	        Recheck Cond: ((id >= 97591) AND (id <= 98590))
	        ->  Bitmap Index Scan on sbtest1_pkey  (cost=0.00..30.19 rows=976 width=0)
	              Index Cond: ((id >= 97591) AND (id <= 98590))

table 2 : explain SELECT SUM(k) FROM sbtest2 WHERE id BETWEEN 1073586 AND 1074585
	Aggregate  (cost=3650.54..3650.55 rows=1 width=8)
	  ->  Bitmap Heap Scan on sbtest2  (cost=30.07..3648.19 rows=940 width=4)
	        Recheck Cond: ((id >= 1073586) AND (id <= 1074585))
	        ->  Bitmap Index Scan on sbtest2_pkey  (cost=0.00..29.83 rows=940 width=0)
	              Index Cond: ((id >= 1073586) AND (id <= 1074585))

table 3 : explain SELECT SUM(k) FROM sbtest3 WHERE id BETWEEN 4363598 AND 4364597
	Aggregate  (cost=3918.68..3918.69 rows=1 width=8)
	  ->  Bitmap Heap Scan on sbtest3  (cost=30.80..3916.16 rows=1011 width=4)
	        Recheck Cond: ((id >= 4363598) AND (id <= 4364597))
	        ->  Bitmap Index Scan on sbtest3_pkey  (cost=0.00..30.54 rows=1011 width=0)
	              Index Cond: ((id >= 4363598) AND (id <= 4364597))

table 4 : explain SELECT SUM(k) FROM sbtest4 WHERE id BETWEEN 7563790 AND 7564789
	Aggregate  (cost=3998.50..3998.51 rows=1 width=8)
	  ->  Bitmap Heap Scan on sbtest4  (cost=31.01..3995.92 rows=1032 width=4)
	        Recheck Cond: ((id >= 7563790) AND (id <= 7564789))
	        ->  Bitmap Index Scan on sbtest4_pkey  (cost=0.00..30.75 rows=1032 width=0)
	              Index Cond: ((id >= 7563790) AND (id <= 7564789))

table 5 : explain SELECT SUM(k) FROM sbtest5 WHERE id BETWEEN 9707657 AND 9708656
	Aggregate  (cost=3930.29..3930.30 rows=1 width=8)
	  ->  Bitmap Heap Scan on sbtest5  (cost=30.83..3927.75 rows=1014 width=4)
	        Recheck Cond: ((id >= 9707657) AND (id <= 9708656))
	        ->  Bitmap Index Scan on sbtest5_pkey  (cost=0.00..30.57 rows=1014 width=0)
	              Index Cond: ((id >= 9707657) AND (id <= 9708656))

table 6 : explain SELECT SUM(k) FROM sbtest6 WHERE id BETWEEN 9627161 AND 9628160
	Aggregate  (cost=3752.37..3752.38 rows=1 width=8)
	  ->  Bitmap Heap Scan on sbtest6  (cost=30.35..3749.95 rows=967 width=4)
	        Recheck Cond: ((id >= 9627161) AND (id <= 9628160))
	        ->  Bitmap Index Scan on sbtest6_pkey  (cost=0.00..30.11 rows=967 width=0)
	              Index Cond: ((id >= 9627161) AND (id <= 9628160))

table 7 : explain SELECT SUM(k) FROM sbtest7 WHERE id BETWEEN 3007995 AND 3008994
	Aggregate  (cost=3582.43..3582.44 rows=1 width=8)
	  ->  Bitmap Heap Scan on sbtest7  (cost=29.89..3580.12 rows=922 width=4)
	        Recheck Cond: ((id >= 3007995) AND (id <= 3008994))
	        ->  Bitmap Index Scan on sbtest7_pkey  (cost=0.00..29.65 rows=922 width=0)
	              Index Cond: ((id >= 3007995) AND (id <= 3008994))

table 8 : explain SELECT SUM(k) FROM sbtest8 WHERE id BETWEEN 5214825 AND 5215824
	Aggregate  (cost=3998.47..3998.48 rows=1 width=8)
	  ->  Bitmap Heap Scan on sbtest8  (cost=35.00..3995.89 rows=1031 width=4)
	        Recheck Cond: ((id >= 5214825) AND (id <= 5215824))
	        ->  Bitmap Index Scan on sbtest8_pkey  (cost=0.00..34.75 rows=1031 width=0)
	              Index Cond: ((id >= 5214825) AND (id <= 5215824))

for: simple_ranges
table 1 : explain SELECT c FROM sbtest1 WHERE id BETWEEN 5102124 AND 5103123
	Bitmap Heap Scan on sbtest1  (cost=29.77..3538.38 rows=911 width=121)
	  Recheck Cond: ((id >= 5102124) AND (id <= 5103123))
	  ->  Bitmap Index Scan on sbtest1_pkey  (cost=0.00..29.54 rows=911 width=0)
	        Index Cond: ((id >= 5102124) AND (id <= 5103123))

table 2 : explain SELECT c FROM sbtest2 WHERE id BETWEEN 8091194 AND 8092193
	Bitmap Heap Scan on sbtest2  (cost=30.85..3935.28 rows=1016 width=121)
	  Recheck Cond: ((id >= 8091194) AND (id <= 8092193))
	  ->  Bitmap Index Scan on sbtest2_pkey  (cost=0.00..30.59 rows=1016 width=0)
	        Index Cond: ((id >= 8091194) AND (id <= 8092193))

table 3 : explain SELECT c FROM sbtest3 WHERE id BETWEEN 2767693 AND 2768692
	Bitmap Heap Scan on sbtest3  (cost=30.75..3897.29 rows=1006 width=121)
	  Recheck Cond: ((id >= 2767693) AND (id <= 2768692))
	  ->  Bitmap Index Scan on sbtest3_pkey  (cost=0.00..30.50 rows=1006 width=0)
	        Index Cond: ((id >= 2767693) AND (id <= 2768692))

table 4 : explain SELECT c FROM sbtest4 WHERE id BETWEEN 4375743 AND 4376742
	Bitmap Heap Scan on sbtest4  (cost=35.17..4056.48 rows=1047 width=121)
	  Recheck Cond: ((id >= 4375743) AND (id <= 4376742))
	  ->  Bitmap Index Scan on sbtest4_pkey  (cost=0.00..34.91 rows=1047 width=0)
	        Index Cond: ((id >= 4375743) AND (id <= 4376742))

table 5 : explain SELECT c FROM sbtest5 WHERE id BETWEEN 974035 AND 975034
	Bitmap Heap Scan on sbtest5  (cost=35.28..4097.65 rows=1058 width=121)
	  Recheck Cond: ((id >= 974035) AND (id <= 975034))
	  ->  Bitmap Index Scan on sbtest5_pkey  (cost=0.00..35.02 rows=1058 width=0)
	        Index Cond: ((id >= 974035) AND (id <= 975034))

table 6 : explain SELECT c FROM sbtest6 WHERE id BETWEEN 6847425 AND 6848424
	Bitmap Heap Scan on sbtest6  (cost=30.75..3897.22 rows=1006 width=121)
	  Recheck Cond: ((id >= 6847425) AND (id <= 6848424))
	  ->  Bitmap Index Scan on sbtest6_pkey  (cost=0.00..30.50 rows=1006 width=0)
	        Index Cond: ((id >= 6847425) AND (id <= 6848424))

table 7 : explain SELECT c FROM sbtest7 WHERE id BETWEEN 5573744 AND 5574743
	Bitmap Heap Scan on sbtest7  (cost=35.62..4221.95 rows=1091 width=121)
	  Recheck Cond: ((id >= 5573744) AND (id <= 5574743))
	  ->  Bitmap Index Scan on sbtest7_pkey  (cost=0.00..35.34 rows=1091 width=0)
	        Index Cond: ((id >= 5573744) AND (id <= 5574743))

table 8 : explain SELECT c FROM sbtest8 WHERE id BETWEEN 1654588 AND 1655587
	Bitmap Heap Scan on sbtest8  (cost=34.93..3969.49 rows=1024 width=121)
	  Recheck Cond: ((id >= 1654588) AND (id <= 1655587))
	  ->  Bitmap Index Scan on sbtest8_pkey  (cost=0.00..34.68 rows=1024 width=0)
	        Index Cond: ((id >= 1654588) AND (id <= 1655587))

for: sum_ranges
table 1 : explain SELECT SUM(k) FROM sbtest1 WHERE id BETWEEN 2126154 AND 2127153
	Aggregate  (cost=3873.55..3873.56 rows=1 width=8)
	  ->  Bitmap Heap Scan on sbtest1  (cost=30.67..3871.06 rows=999 width=4)
	        Recheck Cond: ((id >= 2126154) AND (id <= 2127153))
	        ->  Bitmap Index Scan on sbtest1_pkey  (cost=0.00..30.43 rows=999 width=0)
	              Index Cond: ((id >= 2126154) AND (id <= 2127153))

table 2 : explain SELECT SUM(k) FROM sbtest2 WHERE id BETWEEN 3463182 AND 3464181
	Aggregate  (cost=3934.05..3934.06 rows=1 width=8)
	  ->  Bitmap Heap Scan on sbtest2  (cost=30.84..3931.51 rows=1015 width=4)
	        Recheck Cond: ((id >= 3463182) AND (id <= 3464181))
	        ->  Bitmap Index Scan on sbtest2_pkey  (cost=0.00..30.58 rows=1015 width=0)
	              Index Cond: ((id >= 3463182) AND (id <= 3464181))

table 3 : explain SELECT SUM(k) FROM sbtest3 WHERE id BETWEEN 6302306 AND 6303305
	Aggregate  (cost=4239.40..4239.41 rows=1 width=8)
	  ->  Bitmap Heap Scan on sbtest3  (cost=35.66..4236.66 rows=1095 width=4)
	        Recheck Cond: ((id >= 6302306) AND (id <= 6303305))
	        ->  Bitmap Index Scan on sbtest3_pkey  (cost=0.00..35.39 rows=1095 width=0)
	              Index Cond: ((id >= 6302306) AND (id <= 6303305))

table 4 : explain SELECT SUM(k) FROM sbtest4 WHERE id BETWEEN 3741587 AND 3742586
	Aggregate  (cost=4285.19..4285.20 rows=1 width=8)
	  ->  Bitmap Heap Scan on sbtest4  (cost=35.78..4282.43 rows=1107 width=4)
	        Recheck Cond: ((id >= 3741587) AND (id <= 3742586))
	        ->  Bitmap Index Scan on sbtest4_pkey  (cost=0.00..35.51 rows=1107 width=0)
	              Index Cond: ((id >= 3741587) AND (id <= 3742586))

table 5 : explain SELECT SUM(k) FROM sbtest5 WHERE id BETWEEN 3472088 AND 3473087
	Aggregate  (cost=3892.53..3892.54 rows=1 width=8)
	  ->  Bitmap Heap Scan on sbtest5  (cost=30.73..3890.02 rows=1004 width=4)
	        Recheck Cond: ((id >= 3472088) AND (id <= 3473087))
	        ->  Bitmap Index Scan on sbtest5_pkey  (cost=0.00..30.47 rows=1004 width=0)
	              Index Cond: ((id >= 3472088) AND (id <= 3473087))

table 6 : explain SELECT SUM(k) FROM sbtest6 WHERE id BETWEEN 8629913 AND 8630912
	Aggregate  (cost=4250.61..4250.62 rows=1 width=8)
	  ->  Bitmap Heap Scan on sbtest6  (cost=35.69..4247.87 rows=1098 width=4)
	        Recheck Cond: ((id >= 8629913) AND (id <= 8630912))
	        ->  Bitmap Index Scan on sbtest6_pkey  (cost=0.00..35.42 rows=1098 width=0)
	              Index Cond: ((id >= 8629913) AND (id <= 8630912))

table 7 : explain SELECT SUM(k) FROM sbtest7 WHERE id BETWEEN 8486479 AND 8487478
	Aggregate  (cost=3646.79..3646.80 rows=1 width=8)
	  ->  Bitmap Heap Scan on sbtest7  (cost=30.06..3644.44 rows=939 width=4)
	        Recheck Cond: ((id >= 8486479) AND (id <= 8487478))
	        ->  Bitmap Index Scan on sbtest7_pkey  (cost=0.00..29.82 rows=939 width=0)
	              Index Cond: ((id >= 8486479) AND (id <= 8487478))

table 8 : explain SELECT SUM(k) FROM sbtest8 WHERE id BETWEEN 3565800 AND 3566799
	Aggregate  (cost=3627.85..3627.86 rows=1 width=8)
	  ->  Bitmap Heap Scan on sbtest8  (cost=30.01..3625.51 rows=934 width=4)
	        Recheck Cond: ((id >= 3565800) AND (id <= 3566799))
	        ->  Bitmap Index Scan on sbtest8_pkey  (cost=0.00..29.77 rows=934 width=0)
	              Index Cond: ((id >= 3565800) AND (id <= 3566799))

for: simple_ranges
table 1 : explain SELECT c FROM sbtest1 WHERE id BETWEEN 6441464 AND 6442463
	Bitmap Heap Scan on sbtest1  (cost=31.17..4052.11 rows=1047 width=121)
	  Recheck Cond: ((id >= 6441464) AND (id <= 6442463))
	  ->  Bitmap Index Scan on sbtest1_pkey  (cost=0.00..30.90 rows=1047 width=0)
	        Index Cond: ((id >= 6441464) AND (id <= 6442463))

table 2 : explain SELECT c FROM sbtest2 WHERE id BETWEEN 5155455 AND 5156454
	Bitmap Heap Scan on sbtest2  (cost=30.15..3678.44 rows=948 width=121)
	  Recheck Cond: ((id >= 5155455) AND (id <= 5156454))
	  ->  Bitmap Index Scan on sbtest2_pkey  (cost=0.00..29.91 rows=948 width=0)
	        Index Cond: ((id >= 5155455) AND (id <= 5156454))

table 3 : explain SELECT c FROM sbtest3 WHERE id BETWEEN 6527029 AND 6528028
	Bitmap Heap Scan on sbtest3  (cost=30.21..3700.89 rows=954 width=121)
	  Recheck Cond: ((id >= 6527029) AND (id <= 6528028))
	  ->  Bitmap Index Scan on sbtest3_pkey  (cost=0.00..29.97 rows=954 width=0)
	        Index Cond: ((id >= 6527029) AND (id <= 6528028))

table 4 : explain SELECT c FROM sbtest4 WHERE id BETWEEN 4714491 AND 4715490
	Bitmap Heap Scan on sbtest4  (cost=30.19..3693.82 rows=952 width=121)
	  Recheck Cond: ((id >= 4714491) AND (id <= 4715490))
	  ->  Bitmap Index Scan on sbtest4_pkey  (cost=0.00..29.95 rows=952 width=0)
	        Index Cond: ((id >= 4714491) AND (id <= 4715490))

table 5 : explain SELECT c FROM sbtest5 WHERE id BETWEEN 2703512 AND 2704511
	Bitmap Heap Scan on sbtest5  (cost=35.26..4090.11 rows=1056 width=121)
	  Recheck Cond: ((id >= 2703512) AND (id <= 2704511))
	  ->  Bitmap Index Scan on sbtest5_pkey  (cost=0.00..35.00 rows=1056 width=0)
	        Index Cond: ((id >= 2703512) AND (id <= 2704511))

table 6 : explain SELECT c FROM sbtest6 WHERE id BETWEEN 7606663 AND 7607662
	Bitmap Heap Scan on sbtest6  (cost=30.17..3685.70 rows=950 width=121)
	  Recheck Cond: ((id >= 7606663) AND (id <= 7607662))
	  ->  Bitmap Index Scan on sbtest6_pkey  (cost=0.00..29.93 rows=950 width=0)
	        Index Cond: ((id >= 7606663) AND (id <= 7607662))

table 7 : explain SELECT c FROM sbtest7 WHERE id BETWEEN 2326338 AND 2327337
	Bitmap Heap Scan on sbtest7  (cost=30.70..3878.72 rows=1001 width=121)
	  Recheck Cond: ((id >= 2326338) AND (id <= 2327337))
	  ->  Bitmap Index Scan on sbtest7_pkey  (cost=0.00..30.44 rows=1001 width=0)
	        Index Cond: ((id >= 2326338) AND (id <= 2327337))

table 8 : explain SELECT c FROM sbtest8 WHERE id BETWEEN 1501331 AND 1502330
	Bitmap Heap Scan on sbtest8  (cost=35.17..4056.21 rows=1047 width=121)
	  Recheck Cond: ((id >= 1501331) AND (id <= 1502330))
	  ->  Bitmap Index Scan on sbtest8_pkey  (cost=0.00..34.91 rows=1047 width=0)
	        Index Cond: ((id >= 1501331) AND (id <= 1502330))

explain: for point_selects :: explain SELECT c FROM sbtest%u WHERE id=%u
for: simple_ranges
table 1 : explain SELECT c FROM sbtest1 WHERE id BETWEEN 9575463 AND 9576462
	Bitmap Heap Scan on sbtest1  (cost=30.39..3765.31 rows=971 width=121)
	  Recheck Cond: ((id >= 9575463) AND (id <= 9576462))
	  ->  Bitmap Index Scan on sbtest1_pkey  (cost=0.00..30.14 rows=971 width=0)
	        Index Cond: ((id >= 9575463) AND (id <= 9576462))

table 2 : explain SELECT c FROM sbtest2 WHERE id BETWEEN 4236508 AND 4237507
	Bitmap Heap Scan on sbtest2  (cost=30.56..3829.60 rows=988 width=121)
	  Recheck Cond: ((id >= 4236508) AND (id <= 4237507))
	  ->  Bitmap Index Scan on sbtest2_pkey  (cost=0.00..30.32 rows=988 width=0)
	        Index Cond: ((id >= 4236508) AND (id <= 4237507))

table 3 : explain SELECT c FROM sbtest3 WHERE id BETWEEN 4669232 AND 4670231
	Bitmap Heap Scan on sbtest3  (cost=35.38..4135.02 rows=1068 width=121)
	  Recheck Cond: ((id >= 4669232) AND (id <= 4670231))
	  ->  Bitmap Index Scan on sbtest3_pkey  (cost=0.00..35.12 rows=1068 width=0)
	        Index Cond: ((id >= 4669232) AND (id <= 4670231))

table 4 : explain SELECT c FROM sbtest4 WHERE id BETWEEN 6775399 AND 6776398
	Bitmap Heap Scan on sbtest4  (cost=30.26..3720.29 rows=959 width=121)
	  Recheck Cond: ((id >= 6775399) AND (id <= 6776398))
	  ->  Bitmap Index Scan on sbtest4_pkey  (cost=0.00..30.02 rows=959 width=0)
	        Index Cond: ((id >= 6775399) AND (id <= 6776398))

table 5 : explain SELECT c FROM sbtest5 WHERE id BETWEEN 9132269 AND 9133268
	Bitmap Heap Scan on sbtest5  (cost=30.35..3750.28 rows=967 width=121)
	  Recheck Cond: ((id >= 9132269) AND (id <= 9133268))
	  ->  Bitmap Index Scan on sbtest5_pkey  (cost=0.00..30.11 rows=967 width=0)
	        Index Cond: ((id >= 9132269) AND (id <= 9133268))

table 6 : explain SELECT c FROM sbtest6 WHERE id BETWEEN 681162 AND 682161
	Bitmap Heap Scan on sbtest6  (cost=29.99..3617.63 rows=932 width=121)
	  Recheck Cond: ((id >= 681162) AND (id <= 682161))
	  ->  Bitmap Index Scan on sbtest6_pkey  (cost=0.00..29.75 rows=932 width=0)
	        Index Cond: ((id >= 681162) AND (id <= 682161))

table 7 : explain SELECT c FROM sbtest7 WHERE id BETWEEN 7461017 AND 7462016
	Bitmap Heap Scan on sbtest7  (cost=35.57..4203.13 rows=1086 width=121)
	  Recheck Cond: ((id >= 7461017) AND (id <= 7462016))
	  ->  Bitmap Index Scan on sbtest7_pkey  (cost=0.00..35.30 rows=1086 width=0)
	        Index Cond: ((id >= 7461017) AND (id <= 7462016))

table 8 : explain SELECT c FROM sbtest8 WHERE id BETWEEN 1320263 AND 1321262
	Bitmap Heap Scan on sbtest8  (cost=30.08..3651.99 rows=941 width=121)
	  Recheck Cond: ((id >= 1320263) AND (id <= 1321262))
	  ->  Bitmap Index Scan on sbtest8_pkey  (cost=0.00..29.84 rows=941 width=0)
	        Index Cond: ((id >= 1320263) AND (id <= 1321262))

explain: for point_selects :: explain SELECT c FROM sbtest%u WHERE id=%u
for: sum_ranges
table 1 : explain SELECT SUM(k) FROM sbtest1 WHERE id BETWEEN 2006400 AND 2007399
	Aggregate  (cost=3438.31..3438.32 rows=1 width=8)
	  ->  Bitmap Heap Scan on sbtest1  (cost=29.50..3436.10 rows=884 width=4)
	        Recheck Cond: ((id >= 2006400) AND (id <= 2007399))
	        ->  Bitmap Index Scan on sbtest1_pkey  (cost=0.00..29.27 rows=884 width=0)
	              Index Cond: ((id >= 2006400) AND (id <= 2007399))

table 2 : explain SELECT SUM(k) FROM sbtest2 WHERE id BETWEEN 536328 AND 537327
	Aggregate  (cost=3824.51..3824.52 rows=1 width=8)
	  ->  Bitmap Heap Scan on sbtest2  (cost=30.54..3822.04 rows=986 width=4)
	        Recheck Cond: ((id >= 536328) AND (id <= 537327))
	        ->  Bitmap Index Scan on sbtest2_pkey  (cost=0.00..30.29 rows=986 width=0)
	              Index Cond: ((id >= 536328) AND (id <= 537327))

table 3 : explain SELECT SUM(k) FROM sbtest3 WHERE id BETWEEN 5754120 AND 5755119
	Aggregate  (cost=3771.34..3771.35 rows=1 width=8)
	  ->  Bitmap Heap Scan on sbtest3  (cost=30.40..3768.91 rows=972 width=4)
	        Recheck Cond: ((id >= 5754120) AND (id <= 5755119))
	        ->  Bitmap Index Scan on sbtest3_pkey  (cost=0.00..30.15 rows=972 width=0)
	              Index Cond: ((id >= 5754120) AND (id <= 5755119))

table 4 : explain SELECT SUM(k) FROM sbtest4 WHERE id BETWEEN 4143426 AND 4144425
	Aggregate  (cost=3737.82..3737.83 rows=1 width=8)
	  ->  Bitmap Heap Scan on sbtest4  (cost=30.31..3735.41 rows=963 width=4)
	        Recheck Cond: ((id >= 4143426) AND (id <= 4144425))
	        ->  Bitmap Index Scan on sbtest4_pkey  (cost=0.00..30.07 rows=963 width=0)
	              Index Cond: ((id >= 4143426) AND (id <= 4144425))

table 5 : explain SELECT SUM(k) FROM sbtest5 WHERE id BETWEEN 6799415 AND 6800414
	Aggregate  (cost=3824.52..3824.53 rows=1 width=8)
	  ->  Bitmap Heap Scan on sbtest5  (cost=30.54..3822.06 rows=986 width=4)
	        Recheck Cond: ((id >= 6799415) AND (id <= 6800414))
	        ->  Bitmap Index Scan on sbtest5_pkey  (cost=0.00..30.29 rows=986 width=0)
	              Index Cond: ((id >= 6799415) AND (id <= 6800414))

table 6 : explain SELECT SUM(k) FROM sbtest6 WHERE id BETWEEN 5259306 AND 5260305
	Aggregate  (cost=4028.28..4028.29 rows=1 width=8)
	  ->  Bitmap Heap Scan on sbtest6  (cost=35.08..4025.68 rows=1039 width=4)
	        Recheck Cond: ((id >= 5259306) AND (id <= 5260305))
	        ->  Bitmap Index Scan on sbtest6_pkey  (cost=0.00..34.83 rows=1039 width=0)
	              Index Cond: ((id >= 5259306) AND (id <= 5260305))

table 7 : explain SELECT SUM(k) FROM sbtest7 WHERE id BETWEEN 30270 AND 31269
	Aggregate  (cost=3631.65..3631.66 rows=1 width=8)
	  ->  Bitmap Heap Scan on sbtest7  (cost=30.02..3629.31 rows=935 width=4)
	        Recheck Cond: ((id >= 30270) AND (id <= 31269))
	        ->  Bitmap Index Scan on sbtest7_pkey  (cost=0.00..29.79 rows=935 width=0)
	              Index Cond: ((id >= 30270) AND (id <= 31269))

table 8 : explain SELECT SUM(k) FROM sbtest8 WHERE id BETWEEN 7415030 AND 7416029
	Aggregate  (cost=4013.56..4013.57 rows=1 width=8)
	  ->  Bitmap Heap Scan on sbtest8  (cost=35.04..4010.97 rows=1035 width=4)
	        Recheck Cond: ((id >= 7415030) AND (id <= 7416029))
	        ->  Bitmap Index Scan on sbtest8_pkey  (cost=0.00..34.79 rows=1035 width=0)
	              Index Cond: ((id >= 7415030) AND (id <= 7416029))

explain: for point_selects :: explain SELECT c FROM sbtest%u WHERE id=%u
explain: for point_selects :: explain SELECT c FROM sbtest%u WHERE id=%u
explain: for point_selects :: explain SELECT c FROM sbtest%u WHERE id=%u
explain: for point_selects :: explain SELECT c FROM sbtest%u WHERE id=%u
for: order_ranges
table 1 : explain SELECT c FROM sbtest1 WHERE id BETWEEN 5528700 AND 5529699 ORDER BY c
	Sort  (cost=4028.08..4030.64 rows=1027 width=121)
	  Sort Key: c
	  ->  Bitmap Heap Scan on sbtest1  (cost=30.96..3976.70 rows=1027 width=121)
	        Recheck Cond: ((id >= 5528700) AND (id <= 5529699))
	        ->  Bitmap Index Scan on sbtest1_pkey  (cost=0.00..30.70 rows=1027 width=0)
	              Index Cond: ((id >= 5528700) AND (id <= 5529699))

table 2 : explain SELECT c FROM sbtest2 WHERE id BETWEEN 5903978 AND 5904977 ORDER BY c
	Sort  (cost=3748.34..3750.72 rows=954 width=121)
	  Sort Key: c
	  ->  Bitmap Heap Scan on sbtest2  (cost=30.21..3701.13 rows=954 width=121)
	        Recheck Cond: ((id >= 5903978) AND (id <= 5904977))
	        ->  Bitmap Index Scan on sbtest2_pkey  (cost=0.00..29.97 rows=954 width=0)
	              Index Cond: ((id >= 5903978) AND (id <= 5904977))

table 3 : explain SELECT c FROM sbtest3 WHERE id BETWEEN 3460552 AND 3461551 ORDER BY c
	Sort  (cost=3932.14..3934.64 rows=1002 width=121)
	  Sort Key: c
	  ->  Bitmap Heap Scan on sbtest3  (cost=30.71..3882.19 rows=1002 width=121)
	        Recheck Cond: ((id >= 3460552) AND (id <= 3461551))
	        ->  Bitmap Index Scan on sbtest3_pkey  (cost=0.00..30.45 rows=1002 width=0)
	              Index Cond: ((id >= 3460552) AND (id <= 3461551))

table 4 : explain SELECT c FROM sbtest4 WHERE id BETWEEN 603973 AND 604972 ORDER BY c
	Sort  (cost=4116.65..4119.27 rows=1049 width=121)
	  Sort Key: c
	  ->  Bitmap Heap Scan on sbtest4  (cost=35.19..4064.02 rows=1049 width=121)
	        Recheck Cond: ((id >= 603973) AND (id <= 604972))
	        ->  Bitmap Index Scan on sbtest4_pkey  (cost=0.00..34.93 rows=1049 width=0)
	              Index Cond: ((id >= 603973) AND (id <= 604972))

table 5 : explain SELECT c FROM sbtest5 WHERE id BETWEEN 844177 AND 845176 ORDER BY c
	Sort  (cost=3836.58..3839.02 rows=977 width=121)
	  Sort Key: c
	  ->  Bitmap Heap Scan on sbtest5  (cost=30.45..3788.06 rows=977 width=121)
	        Recheck Cond: ((id >= 844177) AND (id <= 845176))
	        ->  Bitmap Index Scan on sbtest5_pkey  (cost=0.00..30.20 rows=977 width=0)
	              Index Cond: ((id >= 844177) AND (id <= 845176))

table 6 : explain SELECT c FROM sbtest6 WHERE id BETWEEN 5709881 AND 5710880 ORDER BY c
	Sort  (cost=3797.90..3800.32 rows=967 width=121)
	  Sort Key: c
	  ->  Bitmap Heap Scan on sbtest6  (cost=30.35..3749.95 rows=967 width=121)
	        Recheck Cond: ((id >= 5709881) AND (id <= 5710880))
	        ->  Bitmap Index Scan on sbtest6_pkey  (cost=0.00..30.11 rows=967 width=0)
	              Index Cond: ((id >= 5709881) AND (id <= 5710880))

table 7 : explain SELECT c FROM sbtest7 WHERE id BETWEEN 6507429 AND 6508428 ORDER BY c
	Sort  (cost=3740.71..3743.09 rows=952 width=121)
	  Sort Key: c
	  ->  Bitmap Heap Scan on sbtest7  (cost=30.19..3693.61 rows=952 width=121)
	        Recheck Cond: ((id >= 6507429) AND (id <= 6508428))
	        ->  Bitmap Index Scan on sbtest7_pkey  (cost=0.00..29.95 rows=952 width=0)
	              Index Cond: ((id >= 6507429) AND (id <= 6508428))

table 8 : explain SELECT c FROM sbtest8 WHERE id BETWEEN 1112304 AND 1113303 ORDER BY c
	Sort  (cost=3721.50..3723.87 rows=947 width=121)
	  Sort Key: c
	  ->  Bitmap Heap Scan on sbtest8  (cost=30.14..3674.68 rows=947 width=121)
	        Recheck Cond: ((id >= 1112304) AND (id <= 1113303))
	        ->  Bitmap Index Scan on sbtest8_pkey  (cost=0.00..29.90 rows=947 width=0)
	              Index Cond: ((id >= 1112304) AND (id <= 1113303))

for: simple_ranges
table 1 : explain SELECT c FROM sbtest1 WHERE id BETWEEN 1333485 AND 1334484
	Bitmap Heap Scan on sbtest1  (cost=30.39..3765.31 rows=971 width=121)
	  Recheck Cond: ((id >= 1333485) AND (id <= 1334484))
	  ->  Bitmap Index Scan on sbtest1_pkey  (cost=0.00..30.14 rows=971 width=0)
	        Index Cond: ((id >= 1333485) AND (id <= 1334484))

table 2 : explain SELECT c FROM sbtest2 WHERE id BETWEEN 3212607 AND 3213606
	Bitmap Heap Scan on sbtest2  (cost=35.73..4263.29 rows=1102 width=121)
	  Recheck Cond: ((id >= 3212607) AND (id <= 3213606))
	  ->  Bitmap Index Scan on sbtest2_pkey  (cost=0.00..35.45 rows=1102 width=0)
	        Index Cond: ((id >= 3212607) AND (id <= 3213606))

table 3 : explain SELECT c FROM sbtest3 WHERE id BETWEEN 8257751 AND 8258750
	Bitmap Heap Scan on sbtest3  (cost=29.62..3481.41 rows=896 width=121)
	  Recheck Cond: ((id >= 8257751) AND (id <= 8258750))
	  ->  Bitmap Index Scan on sbtest3_pkey  (cost=0.00..29.39 rows=896 width=0)
	        Index Cond: ((id >= 8257751) AND (id <= 8258750))

table 4 : explain SELECT c FROM sbtest4 WHERE id BETWEEN 4319654 AND 4320653
	Bitmap Heap Scan on sbtest4  (cost=35.17..4056.48 rows=1047 width=121)
	  Recheck Cond: ((id >= 4319654) AND (id <= 4320653))
	  ->  Bitmap Index Scan on sbtest4_pkey  (cost=0.00..34.91 rows=1047 width=0)
	        Index Cond: ((id >= 4319654) AND (id <= 4320653))

table 5 : explain SELECT c FROM sbtest5 WHERE id BETWEEN 4274012 AND 4275011
	Bitmap Heap Scan on sbtest5  (cost=30.54..3822.06 rows=986 width=121)
	  Recheck Cond: ((id >= 4274012) AND (id <= 4275011))
	  ->  Bitmap Index Scan on sbtest5_pkey  (cost=0.00..30.29 rows=986 width=0)
	        Index Cond: ((id >= 4274012) AND (id <= 4275011))

table 6 : explain SELECT c FROM sbtest6 WHERE id BETWEEN 8651435 AND 8652434
	Bitmap Heap Scan on sbtest6  (cost=35.69..4247.87 rows=1098 width=121)
	  Recheck Cond: ((id >= 8651435) AND (id <= 8652434))
	  ->  Bitmap Index Scan on sbtest6_pkey  (cost=0.00..35.42 rows=1098 width=0)
	        Index Cond: ((id >= 8651435) AND (id <= 8652434))

table 7 : explain SELECT c FROM sbtest7 WHERE id BETWEEN 6621491 AND 6622490
	Bitmap Heap Scan on sbtest7  (cost=35.59..4210.66 rows=1088 width=121)
	  Recheck Cond: ((id >= 6621491) AND (id <= 6622490))
	  ->  Bitmap Index Scan on sbtest7_pkey  (cost=0.00..35.32 rows=1088 width=0)
	        Index Cond: ((id >= 6621491) AND (id <= 6622490))

table 8 : explain SELECT c FROM sbtest8 WHERE id BETWEEN 8040478 AND 8041477
	Bitmap Heap Scan on sbtest8  (cost=30.33..3742.73 rows=965 width=121)
	  Recheck Cond: ((id >= 8040478) AND (id <= 8041477))
	  ->  Bitmap Index Scan on sbtest8_pkey  (cost=0.00..30.08 rows=965 width=0)
	        Index Cond: ((id >= 8040478) AND (id <= 8041477))

explain: for point_selects :: explain SELECT c FROM sbtest%u WHERE id=%u
for: sum_ranges
table 1 : explain SELECT SUM(k) FROM sbtest1 WHERE id BETWEEN 5867306 AND 5868305
	Aggregate  (cost=3899.99..3900.00 rows=1 width=8)
	  ->  Bitmap Heap Scan on sbtest1  (cost=30.75..3897.48 rows=1006 width=4)
	        Recheck Cond: ((id >= 5867306) AND (id <= 5868305))
	        ->  Bitmap Index Scan on sbtest1_pkey  (cost=0.00..30.50 rows=1006 width=0)
	              Index Cond: ((id >= 5867306) AND (id <= 5868305))

table 2 : explain SELECT SUM(k) FROM sbtest2 WHERE id BETWEEN 6950821 AND 6951820
	Aggregate  (cost=3616.47..3616.48 rows=1 width=8)
	  ->  Bitmap Heap Scan on sbtest2  (cost=29.98..3614.14 rows=931 width=4)
	        Recheck Cond: ((id >= 6950821) AND (id <= 6951820))
	        ->  Bitmap Index Scan on sbtest2_pkey  (cost=0.00..29.75 rows=931 width=0)
	              Index Cond: ((id >= 6950821) AND (id <= 6951820))

table 3 : explain SELECT SUM(k) FROM sbtest3 WHERE id BETWEEN 7201062 AND 7202061
	Aggregate  (cost=3676.79..3676.80 rows=1 width=8)
	  ->  Bitmap Heap Scan on sbtest3  (cost=30.14..3674.42 rows=947 width=4)
	        Recheck Cond: ((id >= 7201062) AND (id <= 7202061))
	        ->  Bitmap Index Scan on sbtest3_pkey  (cost=0.00..29.90 rows=947 width=0)
	              Index Cond: ((id >= 7201062) AND (id <= 7202061))

table 4 : explain SELECT SUM(k) FROM sbtest4 WHERE id BETWEEN 476430 AND 477429
	Aggregate  (cost=3824.78..3824.79 rows=1 width=8)
	  ->  Bitmap Heap Scan on sbtest4  (cost=30.54..3822.31 rows=986 width=4)
	        Recheck Cond: ((id >= 476430) AND (id <= 477429))
	        ->  Bitmap Index Scan on sbtest4_pkey  (cost=0.00..30.29 rows=986 width=0)
	              Index Cond: ((id >= 476430) AND (id <= 477429))

table 5 : explain SELECT SUM(k) FROM sbtest5 WHERE id BETWEEN 5669890 AND 5670889
	Aggregate  (cost=3737.57..3737.58 rows=1 width=8)
	  ->  Bitmap Heap Scan on sbtest5  (cost=30.31..3735.16 rows=963 width=4)
	        Recheck Cond: ((id >= 5669890) AND (id <= 5670889))
	        ->  Bitmap Index Scan on sbtest5_pkey  (cost=0.00..30.07 rows=963 width=0)
	              Index Cond: ((id >= 5669890) AND (id <= 5670889))

table 6 : explain SELECT SUM(k) FROM sbtest6 WHERE id BETWEEN 8623775 AND 8624774
	Aggregate  (cost=4250.61..4250.62 rows=1 width=8)
	  ->  Bitmap Heap Scan on sbtest6  (cost=35.69..4247.87 rows=1098 width=4)
	        Recheck Cond: ((id >= 8623775) AND (id <= 8624774))
	        ->  Bitmap Index Scan on sbtest6_pkey  (cost=0.00..35.42 rows=1098 width=0)
	              Index Cond: ((id >= 8623775) AND (id <= 8624774))

table 7 : explain SELECT SUM(k) FROM sbtest7 WHERE id BETWEEN 7405902 AND 7406901
	Aggregate  (cost=3669.50..3669.51 rows=1 width=8)
	  ->  Bitmap Heap Scan on sbtest7  (cost=30.12..3667.14 rows=945 width=4)
	        Recheck Cond: ((id >= 7405902) AND (id <= 7406901))
	        ->  Bitmap Index Scan on sbtest7_pkey  (cost=0.00..29.89 rows=945 width=0)
	              Index Cond: ((id >= 7405902) AND (id <= 7406901))

table 8 : explain SELECT SUM(k) FROM sbtest8 WHERE id BETWEEN 2622477 AND 2623476
	Aggregate  (cost=3881.21..3881.22 rows=1 width=8)
	  ->  Bitmap Heap Scan on sbtest8  (cost=30.70..3878.70 rows=1001 width=4)
	        Recheck Cond: ((id >= 2622477) AND (id <= 2623476))
	        ->  Bitmap Index Scan on sbtest8_pkey  (cost=0.00..30.44 rows=1001 width=0)
	              Index Cond: ((id >= 2622477) AND (id <= 2623476))

for: sum_ranges
table 1 : explain SELECT SUM(k) FROM sbtest1 WHERE id BETWEEN 9551823 AND 9552822
	Aggregate  (cost=3767.74..3767.75 rows=1 width=8)
	  ->  Bitmap Heap Scan on sbtest1  (cost=30.39..3765.31 rows=971 width=4)
	        Recheck Cond: ((id >= 9551823) AND (id <= 9552822))
	        ->  Bitmap Index Scan on sbtest1_pkey  (cost=0.00..30.14 rows=971 width=0)
	              Index Cond: ((id >= 9551823) AND (id <= 9552822))

table 2 : explain SELECT SUM(k) FROM sbtest2 WHERE id BETWEEN 4639535 AND 4640534
	Aggregate  (cost=3548.29..3548.30 rows=1 width=8)
	  ->  Bitmap Heap Scan on sbtest2  (cost=29.79..3546.01 rows=913 width=4)
	        Recheck Cond: ((id >= 4639535) AND (id <= 4640534))
	        ->  Bitmap Index Scan on sbtest2_pkey  (cost=0.00..29.57 rows=913 width=0)
	              Index Cond: ((id >= 4639535) AND (id <= 4640534))

table 3 : explain SELECT SUM(k) FROM sbtest3 WHERE id BETWEEN 6208307 AND 6209306
	Aggregate  (cost=3982.85..3982.86 rows=1 width=8)
	  ->  Bitmap Heap Scan on sbtest3  (cost=30.97..3980.28 rows=1028 width=4)
	        Recheck Cond: ((id >= 6208307) AND (id <= 6209306))
	        ->  Bitmap Index Scan on sbtest3_pkey  (cost=0.00..30.71 rows=1028 width=0)
	              Index Cond: ((id >= 6208307) AND (id <= 6209306))

table 4 : explain SELECT SUM(k) FROM sbtest4 WHERE id BETWEEN 1156432 AND 1157431
	Aggregate  (cost=4236.24..4236.25 rows=1 width=8)
	  ->  Bitmap Heap Scan on sbtest4  (cost=35.65..4233.51 rows=1094 width=4)
	        Recheck Cond: ((id >= 1156432) AND (id <= 1157431))
	        ->  Bitmap Index Scan on sbtest4_pkey  (cost=0.00..35.38 rows=1094 width=0)
	              Index Cond: ((id >= 1156432) AND (id <= 1157431))

table 5 : explain SELECT SUM(k) FROM sbtest5 WHERE id BETWEEN 6569214 AND 6570213
	Aggregate  (cost=3956.71..3956.72 rows=1 width=8)
	  ->  Bitmap Heap Scan on sbtest5  (cost=30.90..3954.16 rows=1021 width=4)
	        Recheck Cond: ((id >= 6569214) AND (id <= 6570213))
	        ->  Bitmap Index Scan on sbtest5_pkey  (cost=0.00..30.64 rows=1021 width=0)
	              Index Cond: ((id >= 6569214) AND (id <= 6570213))

table 6 : explain SELECT SUM(k) FROM sbtest6 WHERE id BETWEEN 354715 AND 355714
	Aggregate  (cost=4096.15..4096.16 rows=1 width=8)
	  ->  Bitmap Heap Scan on sbtest6  (cost=35.27..4093.51 rows=1057 width=4)
	        Recheck Cond: ((id >= 354715) AND (id <= 355714))
	        ->  Bitmap Index Scan on sbtest6_pkey  (cost=0.00..35.01 rows=1057 width=0)
	              Index Cond: ((id >= 354715) AND (id <= 355714))

table 7 : explain SELECT SUM(k) FROM sbtest7 WHERE id BETWEEN 983882 AND 984881
	Aggregate  (cost=3582.43..3582.44 rows=1 width=8)
	  ->  Bitmap Heap Scan on sbtest7  (cost=29.89..3580.12 rows=922 width=4)
	        Recheck Cond: ((id >= 983882) AND (id <= 984881))
	        ->  Bitmap Index Scan on sbtest7_pkey  (cost=0.00..29.65 rows=922 width=0)
	              Index Cond: ((id >= 983882) AND (id <= 984881))

table 8 : explain SELECT SUM(k) FROM sbtest8 WHERE id BETWEEN 315424 AND 316423
	Aggregate  (cost=3726.23..3726.24 rows=1 width=8)
	  ->  Bitmap Heap Scan on sbtest8  (cost=30.27..3723.83 rows=960 width=4)
	        Recheck Cond: ((id >= 315424) AND (id <= 316423))
	        ->  Bitmap Index Scan on sbtest8_pkey  (cost=0.00..30.04 rows=960 width=0)
	              Index Cond: ((id >= 315424) AND (id <= 316423))

for: sum_ranges
table 1 : explain SELECT SUM(k) FROM sbtest1 WHERE id BETWEEN 7313082 AND 7314081
	Aggregate  (cost=3718.58..3718.59 rows=1 width=8)
	  ->  Bitmap Heap Scan on sbtest1  (cost=30.25..3716.18 rows=958 width=4)
	        Recheck Cond: ((id >= 7313082) AND (id <= 7314081))
	        ->  Bitmap Index Scan on sbtest1_pkey  (cost=0.00..30.01 rows=958 width=0)
	              Index Cond: ((id >= 7313082) AND (id <= 7314081))

table 2 : explain SELECT SUM(k) FROM sbtest2 WHERE id BETWEEN 28070 AND 29069
	Aggregate  (cost=3578.60..3578.61 rows=1 width=8)
	  ->  Bitmap Heap Scan on sbtest2  (cost=29.88..3576.29 rows=921 width=4)
	        Recheck Cond: ((id >= 28070) AND (id <= 29069))
	        ->  Bitmap Index Scan on sbtest2_pkey  (cost=0.00..29.64 rows=921 width=0)
	              Index Cond: ((id >= 28070) AND (id <= 29069))

table 3 : explain SELECT SUM(k) FROM sbtest3 WHERE id BETWEEN 3108398 AND 3109397
	Aggregate  (cost=3839.37..3839.38 rows=1 width=8)
	  ->  Bitmap Heap Scan on sbtest3  (cost=30.58..3836.89 rows=990 width=4)
	        Recheck Cond: ((id >= 3108398) AND (id <= 3109397))
	        ->  Bitmap Index Scan on sbtest3_pkey  (cost=0.00..30.33 rows=990 width=0)
	              Index Cond: ((id >= 3108398) AND (id <= 3109397))

table 4 : explain SELECT SUM(k) FROM sbtest4 WHERE id BETWEEN 9461763 AND 9462762
	Aggregate  (cost=3945.66..3945.67 rows=1 width=8)
	  ->  Bitmap Heap Scan on sbtest4  (cost=30.87..3943.11 rows=1018 width=4)
	        Recheck Cond: ((id >= 9461763) AND (id <= 9462762))
	        ->  Bitmap Index Scan on sbtest4_pkey  (cost=0.00..30.61 rows=1018 width=0)
	              Index Cond: ((id >= 9461763) AND (id <= 9462762))

table 5 : explain SELECT SUM(k) FROM sbtest5 WHERE id BETWEEN 5205541 AND 5206540
	Aggregate  (cost=3741.35..3741.36 rows=1 width=8)
	  ->  Bitmap Heap Scan on sbtest5  (cost=30.32..3738.94 rows=964 width=4)
	        Recheck Cond: ((id >= 5205541) AND (id <= 5206540))
	        ->  Bitmap Index Scan on sbtest5_pkey  (cost=0.00..30.07 rows=964 width=0)
	              Index Cond: ((id >= 5205541) AND (id <= 5206540))

table 6 : explain SELECT SUM(k) FROM sbtest6 WHERE id BETWEEN 3336920 AND 3337919
	Aggregate  (cost=3548.01..3548.02 rows=1 width=8)
	  ->  Bitmap Heap Scan on sbtest6  (cost=29.79..3545.73 rows=913 width=4)
	        Recheck Cond: ((id >= 3336920) AND (id <= 3337919))
	        ->  Bitmap Index Scan on sbtest6_pkey  (cost=0.00..29.57 rows=913 width=0)
	              Index Cond: ((id >= 3336920) AND (id <= 3337919))

table 7 : explain SELECT SUM(k) FROM sbtest7 WHERE id BETWEEN 532299 AND 533298
	Aggregate  (cost=4009.81..4009.82 rows=1 width=8)
	  ->  Bitmap Heap Scan on sbtest7  (cost=35.03..4007.22 rows=1034 width=4)
	        Recheck Cond: ((id >= 532299) AND (id <= 533298))
	        ->  Bitmap Index Scan on sbtest7_pkey  (cost=0.00..34.78 rows=1034 width=0)
	              Index Cond: ((id >= 532299) AND (id <= 533298))

table 8 : explain SELECT SUM(k) FROM sbtest8 WHERE id BETWEEN 5784128 AND 5785127
	Aggregate  (cost=4119.16..4119.17 rows=1 width=8)
	  ->  Bitmap Heap Scan on sbtest8  (cost=35.33..4116.50 rows=1063 width=4)
	        Recheck Cond: ((id >= 5784128) AND (id <= 5785127))
	        ->  Bitmap Index Scan on sbtest8_pkey  (cost=0.00..35.07 rows=1063 width=0)
	              Index Cond: ((id >= 5784128) AND (id <= 5785127))

for: order_ranges
table 1 : explain SELECT c FROM sbtest1 WHERE id BETWEEN 5054885 AND 5055884 ORDER BY c
	Sort  (cost=4253.94..4256.65 rows=1085 width=121)
	  Sort Key: c
	  ->  Bitmap Heap Scan on sbtest1  (cost=35.56..4199.24 rows=1085 width=121)
	        Recheck Cond: ((id >= 5054885) AND (id <= 5055884))
	        ->  Bitmap Index Scan on sbtest1_pkey  (cost=0.00..35.29 rows=1085 width=0)
	              Index Cond: ((id >= 5054885) AND (id <= 5055884))

table 2 : explain SELECT c FROM sbtest2 WHERE id BETWEEN 2338447 AND 2339446 ORDER BY c
	Sort  (cost=4150.78..4153.43 rows=1058 width=121)
	  Sort Key: c
	  ->  Bitmap Heap Scan on sbtest2  (cost=35.28..4097.63 rows=1058 width=121)
	        Recheck Cond: ((id >= 2338447) AND (id <= 2339446))
	        ->  Bitmap Index Scan on sbtest2_pkey  (cost=0.00..35.02 rows=1058 width=0)
	              Index Cond: ((id >= 2338447) AND (id <= 2339446))

table 3 : explain SELECT c FROM sbtest3 WHERE id BETWEEN 9674769 AND 9675768 ORDER BY c
	Sort  (cost=3790.30..3792.71 rows=965 width=121)
	  Sort Key: c
	  ->  Bitmap Heap Scan on sbtest3  (cost=30.33..3742.46 rows=965 width=121)
	        Recheck Cond: ((id >= 9674769) AND (id <= 9675768))
	        ->  Bitmap Index Scan on sbtest3_pkey  (cost=0.00..30.08 rows=965 width=0)
	              Index Cond: ((id >= 9674769) AND (id <= 9675768))

table 4 : explain SELECT c FROM sbtest4 WHERE id BETWEEN 3227497 AND 3228496 ORDER BY c
	Sort  (cost=3928.84..3931.34 rows=1001 width=121)
	  Sort Key: c
	  ->  Bitmap Heap Scan on sbtest4  (cost=30.70..3878.95 rows=1001 width=121)
	        Recheck Cond: ((id >= 3227497) AND (id <= 3228496))
	        ->  Bitmap Index Scan on sbtest4_pkey  (cost=0.00..30.44 rows=1001 width=0)
	              Index Cond: ((id >= 3227497) AND (id <= 3228496))

table 5 : explain SELECT c FROM sbtest5 WHERE id BETWEEN 9611652 AND 9612651 ORDER BY c
	Sort  (cost=4154.62..4157.27 rows=1059 width=121)
	  Sort Key: c
	  ->  Bitmap Heap Scan on sbtest5  (cost=35.29..4101.42 rows=1059 width=121)
	        Recheck Cond: ((id >= 9611652) AND (id <= 9612651))
	        ->  Bitmap Index Scan on sbtest5_pkey  (cost=0.00..35.03 rows=1059 width=0)
	              Index Cond: ((id >= 9611652) AND (id <= 9612651))

table 6 : explain SELECT c FROM sbtest6 WHERE id BETWEEN 8378409 AND 8379408 ORDER BY c
	Sort  (cost=3843.92..3846.37 rows=979 width=121)
	  Sort Key: c
	  ->  Bitmap Heap Scan on sbtest6  (cost=30.47..3795.29 rows=979 width=121)
	        Recheck Cond: ((id >= 8378409) AND (id <= 8379408))
	        ->  Bitmap Index Scan on sbtest6_pkey  (cost=0.00..30.22 rows=979 width=0)
	              Index Cond: ((id >= 8378409) AND (id <= 8379408))

table 7 : explain SELECT c FROM sbtest7 WHERE id BETWEEN 9082519 AND 9083518 ORDER BY c
	Sort  (cost=3848.12..3850.57 rows=980 width=121)
	  Sort Key: c
	  ->  Bitmap Heap Scan on sbtest7  (cost=30.48..3799.43 rows=980 width=121)
	        Recheck Cond: ((id >= 9082519) AND (id <= 9083518))
	        ->  Bitmap Index Scan on sbtest7_pkey  (cost=0.00..30.23 rows=980 width=0)
	              Index Cond: ((id >= 9082519) AND (id <= 9083518))

table 8 : explain SELECT c FROM sbtest8 WHERE id BETWEEN 4223177 AND 4224176 ORDER BY c
	Sort  (cost=3836.59..3839.03 rows=977 width=121)
	  Sort Key: c
	  ->  Bitmap Heap Scan on sbtest8  (cost=30.45..3788.07 rows=977 width=121)
	        Recheck Cond: ((id >= 4223177) AND (id <= 4224176))
	        ->  Bitmap Index Scan on sbtest8_pkey  (cost=0.00..30.20 rows=977 width=0)
	              Index Cond: ((id >= 4223177) AND (id <= 4224176))

for: order_ranges
table 1 : explain SELECT c FROM sbtest1 WHERE id BETWEEN 4344609 AND 4345608 ORDER BY c
	Sort  (cost=3936.16..3938.66 rows=1003 width=121)
	  Sort Key: c
	  ->  Bitmap Heap Scan on sbtest1  (cost=30.72..3886.16 rows=1003 width=121)
	        Recheck Cond: ((id >= 4344609) AND (id <= 4345608))
	        ->  Bitmap Index Scan on sbtest1_pkey  (cost=0.00..30.46 rows=1003 width=0)
	              Index Cond: ((id >= 4344609) AND (id <= 4345608))

table 2 : explain SELECT c FROM sbtest2 WHERE id BETWEEN 6567653 AND 6568652 ORDER BY c
	Sort  (cost=3878.74..3881.21 rows=988 width=121)
	  Sort Key: c
	  ->  Bitmap Heap Scan on sbtest2  (cost=30.56..3829.60 rows=988 width=121)
	        Recheck Cond: ((id >= 6567653) AND (id <= 6568652))
	        ->  Bitmap Index Scan on sbtest2_pkey  (cost=0.00..30.32 rows=988 width=0)
	              Index Cond: ((id >= 6567653) AND (id <= 6568652))

table 3 : explain SELECT c FROM sbtest3 WHERE id BETWEEN 1441000 AND 1441999 ORDER BY c
	Sort  (cost=4119.90..4122.53 rows=1050 width=121)
	  Sort Key: c
	  ->  Bitmap Heap Scan on sbtest3  (cost=35.20..4067.21 rows=1050 width=121)
	        Recheck Cond: ((id >= 1441000) AND (id <= 1441999))
	        ->  Bitmap Index Scan on sbtest3_pkey  (cost=0.00..34.94 rows=1050 width=0)
	              Index Cond: ((id >= 1441000) AND (id <= 1441999))

table 4 : explain SELECT c FROM sbtest4 WHERE id BETWEEN 4338497 AND 4339496 ORDER BY c
	Sort  (cost=4109.00..4111.61 rows=1047 width=121)
	  Sort Key: c
	  ->  Bitmap Heap Scan on sbtest4  (cost=35.17..4056.48 rows=1047 width=121)
	        Recheck Cond: ((id >= 4338497) AND (id <= 4339496))
	        ->  Bitmap Index Scan on sbtest4_pkey  (cost=0.00..34.91 rows=1047 width=0)
	              Index Cond: ((id >= 4338497) AND (id <= 4339496))

table 5 : explain SELECT c FROM sbtest5 WHERE id BETWEEN 5429628 AND 5430627 ORDER BY c
	Sort  (cost=3805.90..3808.32 rows=969 width=121)
	  Sort Key: c
	  ->  Bitmap Heap Scan on sbtest5  (cost=30.37..3757.84 rows=969 width=121)
	        Recheck Cond: ((id >= 5429628) AND (id <= 5430627))
	        ->  Bitmap Index Scan on sbtest5_pkey  (cost=0.00..30.12 rows=969 width=0)
	              Index Cond: ((id >= 5429628) AND (id <= 5430627))

table 6 : explain SELECT c FROM sbtest6 WHERE id BETWEEN 7479403 AND 7480402 ORDER BY c
	Sort  (cost=3909.08..3911.57 rows=996 width=121)
	  Sort Key: c
	  ->  Bitmap Heap Scan on sbtest6  (cost=30.64..3859.48 rows=996 width=121)
	        Recheck Cond: ((id >= 7479403) AND (id <= 7480402))
	        ->  Bitmap Index Scan on sbtest6_pkey  (cost=0.00..30.39 rows=996 width=0)
	              Index Cond: ((id >= 7479403) AND (id <= 7480402))

table 7 : explain SELECT c FROM sbtest7 WHERE id BETWEEN 3722530 AND 3723529 ORDER BY c
	Sort  (cost=4074.31..4076.90 rows=1038 width=121)
	  Sort Key: c
	  ->  Bitmap Heap Scan on sbtest7  (cost=35.07..4022.31 rows=1038 width=121)
	        Recheck Cond: ((id >= 3722530) AND (id <= 3723529))
	        ->  Bitmap Index Scan on sbtest7_pkey  (cost=0.00..34.82 rows=1038 width=0)
	              Index Cond: ((id >= 3722530) AND (id <= 3723529))

table 8 : explain SELECT c FROM sbtest8 WHERE id BETWEEN 6299624 AND 6300623 ORDER BY c
	Sort  (cost=3809.75..3812.17 rows=970 width=121)
	  Sort Key: c
	  ->  Bitmap Heap Scan on sbtest8  (cost=30.38..3761.63 rows=970 width=121)
	        Recheck Cond: ((id >= 6299624) AND (id <= 6300623))
	        ->  Bitmap Index Scan on sbtest8_pkey  (cost=0.00..30.14 rows=970 width=0)
	              Index Cond: ((id >= 6299624) AND (id <= 6300623))

for point_selects
table 1 : explain SELECT c FROM sbtest1 WHERE id=7174630
	Index Scan using sbtest1_pkey on sbtest1  (cost=0.43..8.45 rows=1 width=121)
	  Index Cond: (id = 7174630)

table 2 : explain SELECT c FROM sbtest2 WHERE id=6259267
	Index Scan using sbtest2_pkey on sbtest2  (cost=0.43..8.45 rows=1 width=121)
	  Index Cond: (id = 6259267)

table 3 : explain SELECT c FROM sbtest3 WHERE id=8882702
	Index Scan using sbtest3_pkey on sbtest3  (cost=0.43..8.45 rows=1 width=121)
	  Index Cond: (id = 8882702)

table 4 : explain SELECT c FROM sbtest4 WHERE id=1916123
	Index Scan using sbtest4_pkey on sbtest4  (cost=0.43..8.45 rows=1 width=121)
	  Index Cond: (id = 1916123)

table 5 : explain SELECT c FROM sbtest5 WHERE id=2128414
	Index Scan using sbtest5_pkey on sbtest5  (cost=0.43..8.45 rows=1 width=121)
	  Index Cond: (id = 2128414)

table 6 : explain SELECT c FROM sbtest6 WHERE id=5374556
	Index Scan using sbtest6_pkey on sbtest6  (cost=0.43..8.45 rows=1 width=121)
	  Index Cond: (id = 5374556)

table 7 : explain SELECT c FROM sbtest7 WHERE id=1527082
	Index Scan using sbtest7_pkey on sbtest7  (cost=0.43..8.45 rows=1 width=121)
	  Index Cond: (id = 1527082)

table 8 : explain SELECT c FROM sbtest8 WHERE id=7425348
	Index Scan using sbtest8_pkey on sbtest8  (cost=0.43..8.45 rows=1 width=121)
	  Index Cond: (id = 7425348)

for: distinct_ranges
table 1 : explain SELECT DISTINCT c FROM sbtest1 WHERE id BETWEEN 6598591 AND 6599590 ORDER BY c
	Unique  (cost=3859.50..3864.42 rows=983 width=121)
	  ->  Sort  (cost=3859.50..3861.96 rows=983 width=121)
	        Sort Key: c
	        ->  Bitmap Heap Scan on sbtest1  (cost=30.51..3810.64 rows=983 width=121)
	              Recheck Cond: ((id >= 6598591) AND (id <= 6599590))
	              ->  Bitmap Index Scan on sbtest1_pkey  (cost=0.00..30.26 rows=983 width=0)
	                    Index Cond: ((id >= 6598591) AND (id <= 6599590))

table 2 : explain SELECT DISTINCT c FROM sbtest2 WHERE id BETWEEN 506428 AND 507427 ORDER BY c
	Unique  (cost=3871.07..3876.00 rows=986 width=121)
	  ->  Sort  (cost=3871.07..3873.54 rows=986 width=121)
	        Sort Key: c
	        ->  Bitmap Heap Scan on sbtest2  (cost=30.54..3822.04 rows=986 width=121)
	              Recheck Cond: ((id >= 506428) AND (id <= 507427))
	              ->  Bitmap Index Scan on sbtest2_pkey  (cost=0.00..30.29 rows=986 width=0)
	                    Index Cond: ((id >= 506428) AND (id <= 507427))

table 3 : explain SELECT DISTINCT c FROM sbtest3 WHERE id BETWEEN 5782733 AND 5783732 ORDER BY c
	Unique  (cost=3817.14..3822.00 rows=972 width=121)
	  ->  Sort  (cost=3817.14..3819.57 rows=972 width=121)
	        Sort Key: c
	        ->  Bitmap Heap Scan on sbtest3  (cost=30.40..3768.91 rows=972 width=121)
	              Recheck Cond: ((id >= 5782733) AND (id <= 5783732))
	              ->  Bitmap Index Scan on sbtest3_pkey  (cost=0.00..30.15 rows=972 width=0)
	                    Index Cond: ((id >= 5782733) AND (id <= 5783732))

table 4 : explain SELECT DISTINCT c FROM sbtest4 WHERE id BETWEEN 2317321 AND 2318320 ORDER BY c
	Unique  (cost=4051.41..4056.57 rows=1033 width=121)
	  ->  Sort  (cost=4051.41..4053.99 rows=1033 width=121)
	        Sort Key: c
	        ->  Bitmap Heap Scan on sbtest4  (cost=31.02..3999.69 rows=1033 width=121)
	              Recheck Cond: ((id >= 2317321) AND (id <= 2318320))
	              ->  Bitmap Index Scan on sbtest4_pkey  (cost=0.00..30.76 rows=1033 width=0)
	                    Index Cond: ((id >= 2317321) AND (id <= 2318320))

table 5 : explain SELECT DISTINCT c FROM sbtest5 WHERE id BETWEEN 2870799 AND 2871798 ORDER BY c
	Unique  (cost=3767.54..3772.33 rows=959 width=121)
	  ->  Sort  (cost=3767.54..3769.94 rows=959 width=121)
	        Sort Key: c
	        ->  Bitmap Heap Scan on sbtest5  (cost=30.26..3720.04 rows=959 width=121)
	              Recheck Cond: ((id >= 2870799) AND (id <= 2871798))
	              ->  Bitmap Index Scan on sbtest5_pkey  (cost=0.00..30.02 rows=959 width=0)
	                    Index Cond: ((id >= 2870799) AND (id <= 2871798))

table 6 : explain SELECT DISTINCT c FROM sbtest6 WHERE id BETWEEN 1065670 AND 1066669 ORDER BY c
	Unique  (cost=4177.20..4182.52 rows=1065 width=121)
	  ->  Sort  (cost=4177.20..4179.86 rows=1065 width=121)
	        Sort Key: c
	        ->  Bitmap Heap Scan on sbtest6  (cost=35.35..4123.65 rows=1065 width=121)
	              Recheck Cond: ((id >= 1065670) AND (id <= 1066669))
	              ->  Bitmap Index Scan on sbtest6_pkey  (cost=0.00..35.09 rows=1065 width=0)
	                    Index Cond: ((id >= 1065670) AND (id <= 1066669))

table 7 : explain SELECT DISTINCT c FROM sbtest7 WHERE id BETWEEN 916427 AND 917426 ORDER BY c
	Unique  (cost=4437.40..4443.07 rows=1133 width=121)
	  ->  Sort  (cost=4437.40..4440.23 rows=1133 width=121)
	        Sort Key: c
	        ->  Bitmap Heap Scan on sbtest7  (cost=36.05..4379.93 rows=1133 width=121)
	              Recheck Cond: ((id >= 916427) AND (id <= 917426))
	              ->  Bitmap Index Scan on sbtest7_pkey  (cost=0.00..35.77 rows=1133 width=0)
	                    Index Cond: ((id >= 916427) AND (id <= 917426))

table 8 : explain SELECT DISTINCT c FROM sbtest8 WHERE id BETWEEN 1035073 AND 1036072 ORDER BY c
	Unique  (cost=3986.05..3991.13 rows=1016 width=121)
	  ->  Sort  (cost=3986.05..3988.59 rows=1016 width=121)
	        Sort Key: c
	        ->  Bitmap Heap Scan on sbtest8  (cost=30.85..3935.31 rows=1016 width=121)
	              Recheck Cond: ((id >= 1035073) AND (id <= 1036072))
	              ->  Bitmap Index Scan on sbtest8_pkey  (cost=0.00..30.59 rows=1016 width=0)
	                    Index Cond: ((id >= 1035073) AND (id <= 1036072))

for: order_ranges
table 1 : explain SELECT c FROM sbtest1 WHERE id BETWEEN 6809106 AND 6810105 ORDER BY c
	Sort  (cost=3821.16..3823.59 rows=973 width=121)
	  Sort Key: c
	  ->  Bitmap Heap Scan on sbtest1  (cost=30.41..3772.87 rows=973 width=121)
	        Recheck Cond: ((id >= 6809106) AND (id <= 6810105))
	        ->  Bitmap Index Scan on sbtest1_pkey  (cost=0.00..30.16 rows=973 width=0)
	              Index Cond: ((id >= 6809106) AND (id <= 6810105))

table 2 : explain SELECT c FROM sbtest2 WHERE id BETWEEN 4799851 AND 4800850 ORDER BY c
	Sort  (cost=3932.40..3934.90 rows=1002 width=121)
	  Sort Key: c
	  ->  Bitmap Heap Scan on sbtest2  (cost=30.71..3882.45 rows=1002 width=121)
	        Recheck Cond: ((id >= 4799851) AND (id <= 4800850))
	        ->  Bitmap Index Scan on sbtest2_pkey  (cost=0.00..30.45 rows=1002 width=0)
	              Index Cond: ((id >= 4799851) AND (id <= 4800850))

table 3 : explain SELECT c FROM sbtest3 WHERE id BETWEEN 5133905 AND 5134904 ORDER BY c
	Sort  (cost=4280.48..4283.21 rows=1092 width=121)
	  Sort Key: c
	  ->  Bitmap Heap Scan on sbtest3  (cost=35.63..4225.37 rows=1092 width=121)
	        Recheck Cond: ((id >= 5133905) AND (id <= 5134904))
	        ->  Bitmap Index Scan on sbtest3_pkey  (cost=0.00..35.36 rows=1092 width=0)
	              Index Cond: ((id >= 5133905) AND (id <= 5134904))

table 4 : explain SELECT c FROM sbtest4 WHERE id BETWEEN 4571317 AND 4572316 ORDER BY c
	Sort  (cost=4384.23..4387.03 rows=1119 width=121)
	  Sort Key: c
	  ->  Bitmap Heap Scan on sbtest4  (cost=35.90..4327.56 rows=1119 width=121)
	        Recheck Cond: ((id >= 4571317) AND (id <= 4572316))
	        ->  Bitmap Index Scan on sbtest4_pkey  (cost=0.00..35.62 rows=1119 width=0)
	              Index Cond: ((id >= 4571317) AND (id <= 4572316))

table 5 : explain SELECT c FROM sbtest5 WHERE id BETWEEN 9788134 AND 9789133 ORDER BY c
	Sort  (cost=3978.38..3980.92 rows=1014 width=121)
	  Sort Key: c
	  ->  Bitmap Heap Scan on sbtest5  (cost=30.83..3927.75 rows=1014 width=121)
	        Recheck Cond: ((id >= 9788134) AND (id <= 9789133))
	        ->  Bitmap Index Scan on sbtest5_pkey  (cost=0.00..30.57 rows=1014 width=0)
	              Index Cond: ((id >= 9788134) AND (id <= 9789133))

table 6 : explain SELECT c FROM sbtest6 WHERE id BETWEEN 8458380 AND 8459379 ORDER BY c
	Sort  (cost=3978.20..3980.74 rows=1013 width=121)
	  Sort Key: c
	  ->  Bitmap Heap Scan on sbtest6  (cost=34.82..3927.63 rows=1013 width=121)
	        Recheck Cond: ((id >= 8458380) AND (id <= 8459379))
	        ->  Bitmap Index Scan on sbtest6_pkey  (cost=0.00..34.57 rows=1013 width=0)
	              Index Cond: ((id >= 8458380) AND (id <= 8459379))

table 7 : explain SELECT c FROM sbtest7 WHERE id BETWEEN 1520752 AND 1521751 ORDER BY c
	Sort  (cost=3782.92..3785.32 rows=963 width=121)
	  Sort Key: c
	  ->  Bitmap Heap Scan on sbtest7  (cost=30.31..3735.19 rows=963 width=121)
	        Recheck Cond: ((id >= 1520752) AND (id <= 1521751))
	        ->  Bitmap Index Scan on sbtest7_pkey  (cost=0.00..30.07 rows=963 width=0)
	              Index Cond: ((id >= 1520752) AND (id <= 1521751))

table 8 : explain SELECT c FROM sbtest8 WHERE id BETWEEN 5822808 AND 5823807 ORDER BY c
	Sort  (cost=4169.94..4172.59 rows=1063 width=121)
	  Sort Key: c
	  ->  Bitmap Heap Scan on sbtest8  (cost=35.33..4116.50 rows=1063 width=121)
	        Recheck Cond: ((id >= 5822808) AND (id <= 5823807))
	        ->  Bitmap Index Scan on sbtest8_pkey  (cost=0.00..35.07 rows=1063 width=0)
	              Index Cond: ((id >= 5822808) AND (id <= 5823807))

for: distinct_ranges
table 1 : explain SELECT DISTINCT c FROM sbtest1 WHERE id BETWEEN 5152537 AND 5153536 ORDER BY c
	Unique  (cost=3583.16..3587.71 rows=911 width=121)
	  ->  Sort  (cost=3583.16..3585.44 rows=911 width=121)
	        Sort Key: c
	        ->  Bitmap Heap Scan on sbtest1  (cost=29.77..3538.38 rows=911 width=121)
	              Recheck Cond: ((id >= 5152537) AND (id <= 5153536))
	              ->  Bitmap Index Scan on sbtest1_pkey  (cost=0.00..29.54 rows=911 width=0)
	                    Index Cond: ((id >= 5152537) AND (id <= 5153536))

table 2 : explain SELECT DISTINCT c FROM sbtest2 WHERE id BETWEEN 338574 AND 339573 ORDER BY c
	Unique  (cost=3897.91..3902.87 rows=993 width=121)
	  ->  Sort  (cost=3897.91..3900.39 rows=993 width=121)
	        Sort Key: c
	        ->  Bitmap Heap Scan on sbtest2  (cost=30.61..3848.48 rows=993 width=121)
	              Recheck Cond: ((id >= 338574) AND (id <= 339573))
	              ->  Bitmap Index Scan on sbtest2_pkey  (cost=0.00..30.36 rows=993 width=0)
	                    Index Cond: ((id >= 338574) AND (id <= 339573))

table 3 : explain SELECT DISTINCT c FROM sbtest3 WHERE id BETWEEN 7465954 AND 7466953 ORDER BY c
	Unique  (cost=4211.68..4217.05 rows=1074 width=121)
	  ->  Sort  (cost=4211.68..4214.37 rows=1074 width=121)
	        Sort Key: c
	        ->  Bitmap Heap Scan on sbtest3  (cost=35.44..4157.61 rows=1074 width=121)
	              Recheck Cond: ((id >= 7465954) AND (id <= 7466953))
	              ->  Bitmap Index Scan on sbtest3_pkey  (cost=0.00..35.18 rows=1074 width=0)
	                    Index Cond: ((id >= 7465954) AND (id <= 7466953))

table 4 : explain SELECT DISTINCT c FROM sbtest4 WHERE id BETWEEN 1015128 AND 1016127 ORDER BY c
	Unique  (cost=3714.05..3718.78 rows=945 width=121)
	  ->  Sort  (cost=3714.05..3716.42 rows=945 width=121)
	        Sort Key: c
	        ->  Bitmap Heap Scan on sbtest4  (cost=30.12..3667.35 rows=945 width=121)
	              Recheck Cond: ((id >= 1015128) AND (id <= 1016127))
	              ->  Bitmap Index Scan on sbtest4_pkey  (cost=0.00..29.89 rows=945 width=0)
	                    Index Cond: ((id >= 1015128) AND (id <= 1016127))

table 5 : explain SELECT DISTINCT c FROM sbtest5 WHERE id BETWEEN 3884334 AND 3885333 ORDER BY c
	Unique  (cost=3571.71..3576.25 rows=908 width=121)
	  ->  Sort  (cost=3571.71..3573.98 rows=908 width=121)
	        Sort Key: c
	        ->  Bitmap Heap Scan on sbtest5  (cost=29.74..3527.09 rows=908 width=121)
	              Recheck Cond: ((id >= 3884334) AND (id <= 3885333))
	              ->  Bitmap Index Scan on sbtest5_pkey  (cost=0.00..29.51 rows=908 width=0)
	                    Index Cond: ((id >= 3884334) AND (id <= 3885333))

table 6 : explain SELECT DISTINCT c FROM sbtest6 WHERE id BETWEEN 5598578 AND 5599577 ORDER BY c
	Unique  (cost=3675.11..3679.79 rows=935 width=121)
	  ->  Sort  (cost=3675.11..3677.45 rows=935 width=121)
	        Sort Key: c
	        ->  Bitmap Heap Scan on sbtest6  (cost=30.02..3628.98 rows=935 width=121)
	              Recheck Cond: ((id >= 5598578) AND (id <= 5599577))
	              ->  Bitmap Index Scan on sbtest6_pkey  (cost=0.00..29.79 rows=935 width=0)
	                    Index Cond: ((id >= 5598578) AND (id <= 5599577))

table 7 : explain SELECT DISTINCT c FROM sbtest7 WHERE id BETWEEN 5337272 AND 5338271 ORDER BY c
	Unique  (cost=3821.27..3826.14 rows=973 width=121)
	  ->  Sort  (cost=3821.27..3823.71 rows=973 width=121)
	        Sort Key: c
	        ->  Bitmap Heap Scan on sbtest7  (cost=30.41..3772.98 rows=973 width=121)
	              Recheck Cond: ((id >= 5337272) AND (id <= 5338271))
	              ->  Bitmap Index Scan on sbtest7_pkey  (cost=0.00..30.16 rows=973 width=0)
	                    Index Cond: ((id >= 5337272) AND (id <= 5338271))

table 8 : explain SELECT DISTINCT c FROM sbtest8 WHERE id BETWEEN 7472549 AND 7473548 ORDER BY c
	Unique  (cost=4062.80..4067.98 rows=1035 width=121)
	  ->  Sort  (cost=4062.80..4065.39 rows=1035 width=121)
	        Sort Key: c
	        ->  Bitmap Heap Scan on sbtest8  (cost=35.04..4010.97 rows=1035 width=121)
	              Recheck Cond: ((id >= 7472549) AND (id <= 7473548))
	              ->  Bitmap Index Scan on sbtest8_pkey  (cost=0.00..34.79 rows=1035 width=0)
	                    Index Cond: ((id >= 7472549) AND (id <= 7473548))

explain: for point_selects :: explain SELECT c FROM sbtest%u WHERE id=%u
for: simple_ranges
table 1 : explain SELECT c FROM sbtest1 WHERE id BETWEEN 9389629 AND 9390628
	Bitmap Heap Scan on sbtest1  (cost=31.24..4078.49 rows=1054 width=121)
	  Recheck Cond: ((id >= 9389629) AND (id <= 9390628))
	  ->  Bitmap Index Scan on sbtest1_pkey  (cost=0.00..30.97 rows=1054 width=0)
	        Index Cond: ((id >= 9389629) AND (id <= 9390628))

table 2 : explain SELECT c FROM sbtest2 WHERE id BETWEEN 5831683 AND 5832682
	Bitmap Heap Scan on sbtest2  (cost=30.27..3723.81 rows=960 width=121)
	  Recheck Cond: ((id >= 5831683) AND (id <= 5832682))
	  ->  Bitmap Index Scan on sbtest2_pkey  (cost=0.00..30.04 rows=960 width=0)
	        Index Cond: ((id >= 5831683) AND (id <= 5832682))

table 3 : explain SELECT c FROM sbtest3 WHERE id BETWEEN 645657 AND 646656
	Bitmap Heap Scan on sbtest3  (cost=30.15..3678.20 rows=948 width=121)
	  Recheck Cond: ((id >= 645657) AND (id <= 646656))
	  ->  Bitmap Index Scan on sbtest3_pkey  (cost=0.00..29.91 rows=948 width=0)
	        Index Cond: ((id >= 645657) AND (id <= 646656))

table 4 : explain SELECT c FROM sbtest4 WHERE id BETWEEN 8693364 AND 8694363
	Bitmap Heap Scan on sbtest4  (cost=31.00..3992.15 rows=1031 width=121)
	  Recheck Cond: ((id >= 8693364) AND (id <= 8694363))
	  ->  Bitmap Index Scan on sbtest4_pkey  (cost=0.00..30.75 rows=1031 width=0)
	        Index Cond: ((id >= 8693364) AND (id <= 8694363))

table 5 : explain SELECT c FROM sbtest5 WHERE id BETWEEN 8528867 AND 8529866
	Bitmap Heap Scan on sbtest5  (cost=36.37..4492.62 rows=1164 width=121)
	  Recheck Cond: ((id >= 8528867) AND (id <= 8529866))
	  ->  Bitmap Index Scan on sbtest5_pkey  (cost=0.00..36.08 rows=1164 width=0)
	        Index Cond: ((id >= 8528867) AND (id <= 8529866))

table 6 : explain SELECT c FROM sbtest6 WHERE id BETWEEN 1581700 AND 1582699
	Bitmap Heap Scan on sbtest6  (cost=30.54..3821.72 rows=986 width=121)
	  Recheck Cond: ((id >= 1581700) AND (id <= 1582699))
	  ->  Bitmap Index Scan on sbtest6_pkey  (cost=0.00..30.29 rows=986 width=0)
	        Index Cond: ((id >= 1581700) AND (id <= 1582699))

table 7 : explain SELECT c FROM sbtest7 WHERE id BETWEEN 4868034 AND 4869033
	Bitmap Heap Scan on sbtest7  (cost=30.65..3863.62 rows=997 width=121)
	  Recheck Cond: ((id >= 4868034) AND (id <= 4869033))
	  ->  Bitmap Index Scan on sbtest7_pkey  (cost=0.00..30.40 rows=997 width=0)
	        Index Cond: ((id >= 4868034) AND (id <= 4869033))

table 8 : explain SELECT c FROM sbtest8 WHERE id BETWEEN 2121609 AND 2122608
	Bitmap Heap Scan on sbtest8  (cost=35.39..4139.10 rows=1069 width=121)
	  Recheck Cond: ((id >= 2121609) AND (id <= 2122608))
	  ->  Bitmap Index Scan on sbtest8_pkey  (cost=0.00..35.12 rows=1069 width=0)
	        Index Cond: ((id >= 2121609) AND (id <= 2122608))

for: order_ranges
table 1 : explain SELECT c FROM sbtest1 WHERE id BETWEEN 761982 AND 762981 ORDER BY c
	Sort  (cost=3510.13..3512.36 rows=892 width=121)
	  Sort Key: c
	  ->  Bitmap Heap Scan on sbtest1  (cost=29.58..3466.42 rows=892 width=121)
	        Recheck Cond: ((id >= 761982) AND (id <= 762981))
	        ->  Bitmap Index Scan on sbtest1_pkey  (cost=0.00..29.36 rows=892 width=0)
	              Index Cond: ((id >= 761982) AND (id <= 762981))

table 2 : explain SELECT c FROM sbtest2 WHERE id BETWEEN 8591210 AND 8592209 ORDER BY c
	Sort  (cost=3671.57..3673.90 rows=934 width=121)
	  Sort Key: c
	  ->  Bitmap Heap Scan on sbtest2  (cost=30.01..3625.49 rows=934 width=121)
	        Recheck Cond: ((id >= 8591210) AND (id <= 8592209))
	        ->  Bitmap Index Scan on sbtest2_pkey  (cost=0.00..29.77 rows=934 width=0)
	              Index Cond: ((id >= 8591210) AND (id <= 8592209))

table 3 : explain SELECT c FROM sbtest3 WHERE id BETWEEN 5835537 AND 5836536 ORDER BY c
	Sort  (cost=3966.61..3969.14 rows=1011 width=121)
	  Sort Key: c
	  ->  Bitmap Heap Scan on sbtest3  (cost=30.80..3916.16 rows=1011 width=121)
	        Recheck Cond: ((id >= 5835537) AND (id <= 5836536))
	        ->  Bitmap Index Scan on sbtest3_pkey  (cost=0.00..30.54 rows=1011 width=0)
	              Index Cond: ((id >= 5835537) AND (id <= 5836536))

table 4 : explain SELECT c FROM sbtest4 WHERE id BETWEEN 4978384 AND 4979383 ORDER BY c
	Sort  (cost=3725.57..3727.94 rows=948 width=121)
	  Sort Key: c
	  ->  Bitmap Heap Scan on sbtest4  (cost=30.15..3678.70 rows=948 width=121)
	        Recheck Cond: ((id >= 4978384) AND (id <= 4979383))
	        ->  Bitmap Index Scan on sbtest4_pkey  (cost=0.00..29.91 rows=948 width=0)
	              Index Cond: ((id >= 4978384) AND (id <= 4979383))

table 5 : explain SELECT c FROM sbtest5 WHERE id BETWEEN 351603 AND 352602 ORDER BY c
	Sort  (cost=4296.07..4298.81 rows=1096 width=121)
	  Sort Key: c
	  ->  Bitmap Heap Scan on sbtest5  (cost=35.67..4240.73 rows=1096 width=121)
	        Recheck Cond: ((id >= 351603) AND (id <= 352602))
	        ->  Bitmap Index Scan on sbtest5_pkey  (cost=0.00..35.40 rows=1096 width=0)
	              Index Cond: ((id >= 351603) AND (id <= 352602))

table 6 : explain SELECT c FROM sbtest6 WHERE id BETWEEN 2012100 AND 2013099 ORDER BY c
	Sort  (cost=3989.69..3992.23 rows=1016 width=121)
	  Sort Key: c
	  ->  Bitmap Heap Scan on sbtest6  (cost=34.85..3938.95 rows=1016 width=121)
	        Recheck Cond: ((id >= 2012100) AND (id <= 2013099))
	        ->  Bitmap Index Scan on sbtest6_pkey  (cost=0.00..34.59 rows=1016 width=0)
	              Index Cond: ((id >= 2012100) AND (id <= 2013099))

table 7 : explain SELECT c FROM sbtest7 WHERE id BETWEEN 9636841 AND 9637840 ORDER BY c
	Sort  (cost=4005.22..4007.78 rows=1021 width=121)
	  Sort Key: c
	  ->  Bitmap Heap Scan on sbtest7  (cost=30.90..3954.19 rows=1021 width=121)
	        Recheck Cond: ((id >= 9636841) AND (id <= 9637840))
	        ->  Bitmap Index Scan on sbtest7_pkey  (cost=0.00..30.64 rows=1021 width=0)
	              Index Cond: ((id >= 9636841) AND (id <= 9637840))

table 8 : explain SELECT c FROM sbtest8 WHERE id BETWEEN 2768811 AND 2769810 ORDER BY c
	Sort  (cost=3567.87..3570.14 rows=907 width=121)
	  Sort Key: c
	  ->  Bitmap Heap Scan on sbtest8  (cost=29.73..3523.32 rows=907 width=121)
	        Recheck Cond: ((id >= 2768811) AND (id <= 2769810))
	        ->  Bitmap Index Scan on sbtest8_pkey  (cost=0.00..29.50 rows=907 width=0)
	              Index Cond: ((id >= 2768811) AND (id <= 2769810))

for: order_ranges
table 1 : explain SELECT c FROM sbtest1 WHERE id BETWEEN 7578454 AND 7579453 ORDER BY c
	Sort  (cost=4028.08..4030.64 rows=1027 width=121)
	  Sort Key: c
	  ->  Bitmap Heap Scan on sbtest1  (cost=30.96..3976.70 rows=1027 width=121)
	        Recheck Cond: ((id >= 7578454) AND (id <= 7579453))
	        ->  Bitmap Index Scan on sbtest1_pkey  (cost=0.00..30.70 rows=1027 width=0)
	              Index Cond: ((id >= 7578454) AND (id <= 7579453))

table 2 : explain SELECT c FROM sbtest2 WHERE id BETWEEN 6184328 AND 6185327 ORDER BY c
	Sort  (cost=4124.00..4126.63 rows=1051 width=121)
	  Sort Key: c
	  ->  Bitmap Heap Scan on sbtest2  (cost=35.21..4071.26 rows=1051 width=121)
	        Recheck Cond: ((id >= 6184328) AND (id <= 6185327))
	        ->  Bitmap Index Scan on sbtest2_pkey  (cost=0.00..34.95 rows=1051 width=0)
	              Index Cond: ((id >= 6184328) AND (id <= 6185327))

table 3 : explain SELECT c FROM sbtest3 WHERE id BETWEEN 9618757 AND 9619756 ORDER BY c
	Sort  (cost=3797.97..3800.39 rows=967 width=121)
	  Sort Key: c
	  ->  Bitmap Heap Scan on sbtest3  (cost=30.35..3750.02 rows=967 width=121)
	        Recheck Cond: ((id >= 9618757) AND (id <= 9619756))
	        ->  Bitmap Index Scan on sbtest3_pkey  (cost=0.00..30.11 rows=967 width=0)
	              Index Cond: ((id >= 9618757) AND (id <= 9619756))

table 4 : explain SELECT c FROM sbtest4 WHERE id BETWEEN 8462358 AND 8463357 ORDER BY c
	Sort  (cost=3552.71..3554.97 rows=903 width=121)
	  Sort Key: c
	  ->  Bitmap Heap Scan on sbtest4  (cost=29.69..3508.38 rows=903 width=121)
	        Recheck Cond: ((id >= 8462358) AND (id <= 8463357))
	        ->  Bitmap Index Scan on sbtest4_pkey  (cost=0.00..29.46 rows=903 width=0)
	              Index Cond: ((id >= 8462358) AND (id <= 8463357))

table 5 : explain SELECT c FROM sbtest5 WHERE id BETWEEN 3984776 AND 3985775 ORDER BY c
	Sort  (cost=3905.59..3908.07 rows=995 width=121)
	  Sort Key: c
	  ->  Bitmap Heap Scan on sbtest5  (cost=30.63..3856.04 rows=995 width=121)
	        Recheck Cond: ((id >= 3984776) AND (id <= 3985775))
	        ->  Bitmap Index Scan on sbtest5_pkey  (cost=0.00..30.39 rows=995 width=0)
	              Index Cond: ((id >= 3984776) AND (id <= 3985775))

table 6 : explain SELECT c FROM sbtest6 WHERE id BETWEEN 6458702 AND 6459701 ORDER BY c
	Sort  (cost=3778.73..3781.13 rows=962 width=121)
	  Sort Key: c
	  ->  Bitmap Heap Scan on sbtest6  (cost=30.30..3731.06 rows=962 width=121)
	        Recheck Cond: ((id >= 6458702) AND (id <= 6459701))
	        ->  Bitmap Index Scan on sbtest6_pkey  (cost=0.00..30.05 rows=962 width=0)
	              Index Cond: ((id >= 6458702) AND (id <= 6459701))

table 7 : explain SELECT c FROM sbtest7 WHERE id BETWEEN 2960148 AND 2961147 ORDER BY c
	Sort  (cost=3625.52..3627.83 rows=922 width=121)
	  Sort Key: c
	  ->  Bitmap Heap Scan on sbtest7  (cost=29.89..3580.12 rows=922 width=121)
	        Recheck Cond: ((id >= 2960148) AND (id <= 2961147))
	        ->  Bitmap Index Scan on sbtest7_pkey  (cost=0.00..29.65 rows=922 width=0)
	              Index Cond: ((id >= 2960148) AND (id <= 2961147))

table 8 : explain SELECT c FROM sbtest8 WHERE id BETWEEN 1391941 AND 1392940 ORDER BY c
	Sort  (cost=3663.91..3666.24 rows=932 width=121)
	  Sort Key: c
	  ->  Bitmap Heap Scan on sbtest8  (cost=29.99..3617.94 rows=932 width=121)
	        Recheck Cond: ((id >= 1391941) AND (id <= 1392940))
	        ->  Bitmap Index Scan on sbtest8_pkey  (cost=0.00..29.75 rows=932 width=0)
	              Index Cond: ((id >= 1391941) AND (id <= 1392940))

explain: for point_selects :: explain SELECT c FROM sbtest%u WHERE id=%u
for: distinct_ranges
table 1 : explain SELECT DISTINCT c FROM sbtest1 WHERE id BETWEEN 8251776 AND 8252775 ORDER BY c
	Unique  (cost=4280.69..4286.15 rows=1092 width=121)
	  ->  Sort  (cost=4280.69..4283.42 rows=1092 width=121)
	        Sort Key: c
	        ->  Bitmap Heap Scan on sbtest1  (cost=35.63..4225.58 rows=1092 width=121)
	              Recheck Cond: ((id >= 8251776) AND (id <= 8252775))
	              ->  Bitmap Index Scan on sbtest1_pkey  (cost=0.00..35.36 rows=1092 width=0)
	                    Index Cond: ((id >= 8251776) AND (id <= 8252775))

table 2 : explain SELECT DISTINCT c FROM sbtest2 WHERE id BETWEEN 3306426 AND 3307425 ORDER BY c
	Unique  (cost=4085.74..4090.94 rows=1041 width=121)
	  ->  Sort  (cost=4085.74..4088.34 rows=1041 width=121)
	        Sort Key: c
	        ->  Bitmap Heap Scan on sbtest2  (cost=35.11..4033.57 rows=1041 width=121)
	              Recheck Cond: ((id >= 3306426) AND (id <= 3307425))
	              ->  Bitmap Index Scan on sbtest2_pkey  (cost=0.00..34.84 rows=1041 width=0)
	                    Index Cond: ((id >= 3306426) AND (id <= 3307425))

table 3 : explain SELECT DISTINCT c FROM sbtest3 WHERE id BETWEEN 5941969 AND 5942968 ORDER BY c
	Unique  (cost=3698.21..3702.91 rows=941 width=121)
	  ->  Sort  (cost=3698.21..3700.56 rows=941 width=121)
	        Sort Key: c
	        ->  Bitmap Heap Scan on sbtest3  (cost=30.08..3651.73 rows=941 width=121)
	              Recheck Cond: ((id >= 5941969) AND (id <= 5942968))
	              ->  Bitmap Index Scan on sbtest3_pkey  (cost=0.00..29.84 rows=941 width=0)
	                    Index Cond: ((id >= 5941969) AND (id <= 5942968))

table 4 : explain SELECT DISTINCT c FROM sbtest4 WHERE id BETWEEN 5295839 AND 5296838 ORDER BY c
	Unique  (cost=3775.46..3780.26 rows=961 width=121)
	  ->  Sort  (cost=3775.46..3777.86 rows=961 width=121)
	        Sort Key: c
	        ->  Bitmap Heap Scan on sbtest4  (cost=30.29..3727.85 rows=961 width=121)
	              Recheck Cond: ((id >= 5295839) AND (id <= 5296838))
	              ->  Bitmap Index Scan on sbtest4_pkey  (cost=0.00..30.04 rows=961 width=0)
	                    Index Cond: ((id >= 5295839) AND (id <= 5296838))

table 5 : explain SELECT DISTINCT c FROM sbtest5 WHERE id BETWEEN 3969322 AND 3970321 ORDER BY c
	Unique  (cost=3905.59..3910.56 rows=995 width=121)
	  ->  Sort  (cost=3905.59..3908.07 rows=995 width=121)
	        Sort Key: c
	        ->  Bitmap Heap Scan on sbtest5  (cost=30.63..3856.04 rows=995 width=121)
	              Recheck Cond: ((id >= 3969322) AND (id <= 3970321))
	              ->  Bitmap Index Scan on sbtest5_pkey  (cost=0.00..30.39 rows=995 width=0)
	                    Index Cond: ((id >= 3969322) AND (id <= 3970321))

table 6 : explain SELECT DISTINCT c FROM sbtest6 WHERE id BETWEEN 9009928 AND 9010927 ORDER BY c
	Unique  (cost=3893.75..3898.71 rows=992 width=121)
	  ->  Sort  (cost=3893.75..3896.23 rows=992 width=121)
	        Sort Key: c
	        ->  Bitmap Heap Scan on sbtest6  (cost=30.60..3844.38 rows=992 width=121)
	              Recheck Cond: ((id >= 9009928) AND (id <= 9010927))
	              ->  Bitmap Index Scan on sbtest6_pkey  (cost=0.00..30.36 rows=992 width=0)
	                    Index Cond: ((id >= 9009928) AND (id <= 9010927))

table 7 : explain SELECT DISTINCT c FROM sbtest7 WHERE id BETWEEN 85893 AND 86892 ORDER BY c
	Unique  (cost=3675.45..3680.13 rows=935 width=121)
	  ->  Sort  (cost=3675.45..3677.79 rows=935 width=121)
	        Sort Key: c
	        ->  Bitmap Heap Scan on sbtest7  (cost=30.02..3629.31 rows=935 width=121)
	              Recheck Cond: ((id >= 85893) AND (id <= 86892))
	              ->  Bitmap Index Scan on sbtest7_pkey  (cost=0.00..29.79 rows=935 width=0)
	                    Index Cond: ((id >= 85893) AND (id <= 86892))

table 8 : explain SELECT DISTINCT c FROM sbtest8 WHERE id BETWEEN 3855078 AND 3856077 ORDER BY c
	Unique  (cost=4154.64..4159.93 rows=1059 width=121)
	  ->  Sort  (cost=4154.64..4157.28 rows=1059 width=121)
	        Sort Key: c
	        ->  Bitmap Heap Scan on sbtest8  (cost=35.29..4101.43 rows=1059 width=121)
	              Recheck Cond: ((id >= 3855078) AND (id <= 3856077))
	              ->  Bitmap Index Scan on sbtest8_pkey  (cost=0.00..35.03 rows=1059 width=0)
	                    Index Cond: ((id >= 3855078) AND (id <= 3856077))

for: order_ranges
table 1 : explain SELECT c FROM sbtest1 WHERE id BETWEEN 9492372 AND 9493371 ORDER BY c
	Sort  (cost=4162.00..4164.66 rows=1062 width=121)
	  Sort Key: c
	  ->  Bitmap Heap Scan on sbtest1  (cost=31.32..4108.63 rows=1062 width=121)
	        Recheck Cond: ((id >= 9492372) AND (id <= 9493371))
	        ->  Bitmap Index Scan on sbtest1_pkey  (cost=0.00..31.05 rows=1062 width=0)
	              Index Cond: ((id >= 9492372) AND (id <= 9493371))

table 2 : explain SELECT c FROM sbtest2 WHERE id BETWEEN 5704691 AND 5705690 ORDER BY c
	Sort  (cost=3878.74..3881.21 rows=988 width=121)
	  Sort Key: c
	  ->  Bitmap Heap Scan on sbtest2  (cost=30.56..3829.60 rows=988 width=121)
	        Recheck Cond: ((id >= 5704691) AND (id <= 5705690))
	        ->  Bitmap Index Scan on sbtest2_pkey  (cost=0.00..30.32 rows=988 width=0)
	              Index Cond: ((id >= 5704691) AND (id <= 5705690))

table 3 : explain SELECT c FROM sbtest3 WHERE id BETWEEN 6495786 AND 6496785 ORDER BY c
	Sort  (cost=3962.78..3965.31 rows=1010 width=121)
	  Sort Key: c
	  ->  Bitmap Heap Scan on sbtest3  (cost=30.79..3912.38 rows=1010 width=121)
	        Recheck Cond: ((id >= 6495786) AND (id <= 6496785))
	        ->  Bitmap Index Scan on sbtest3_pkey  (cost=0.00..30.54 rows=1010 width=0)
	              Index Cond: ((id >= 6495786) AND (id <= 6496785))

table 4 : explain SELECT c FROM sbtest4 WHERE id BETWEEN 9978113 AND 9979112 ORDER BY c
	Sort  (cost=3856.01..3858.46 rows=982 width=121)
	  Sort Key: c
	  ->  Bitmap Heap Scan on sbtest4  (cost=30.50..3807.20 rows=982 width=121)
	        Recheck Cond: ((id >= 9978113) AND (id <= 9979112))
	        ->  Bitmap Index Scan on sbtest4_pkey  (cost=0.00..30.25 rows=982 width=0)
	              Index Cond: ((id >= 9978113) AND (id <= 9979112))

table 5 : explain SELECT c FROM sbtest5 WHERE id BETWEEN 3487658 AND 3488657 ORDER BY c
	Sort  (cost=3940.07..3942.58 rows=1004 width=121)
	  Sort Key: c
	  ->  Bitmap Heap Scan on sbtest5  (cost=30.73..3890.02 rows=1004 width=121)
	        Recheck Cond: ((id >= 3487658) AND (id <= 3488657))
	        ->  Bitmap Index Scan on sbtest5_pkey  (cost=0.00..30.47 rows=1004 width=0)
	              Index Cond: ((id >= 3487658) AND (id <= 3488657))

table 6 : explain SELECT c FROM sbtest6 WHERE id BETWEEN 2534703 AND 2535702 ORDER BY c
	Sort  (cost=3866.92..3869.38 rows=985 width=121)
	  Sort Key: c
	  ->  Bitmap Heap Scan on sbtest6  (cost=30.53..3817.95 rows=985 width=121)
	        Recheck Cond: ((id >= 2534703) AND (id <= 2535702))
	        ->  Bitmap Index Scan on sbtest6_pkey  (cost=0.00..30.29 rows=985 width=0)
	              Index Cond: ((id >= 2534703) AND (id <= 2535702))

table 7 : explain SELECT c FROM sbtest7 WHERE id BETWEEN 4360054 AND 4361053 ORDER BY c
	Sort  (cost=4219.67..4222.36 rows=1076 width=121)
	  Sort Key: c
	  ->  Bitmap Heap Scan on sbtest7  (cost=35.46..4165.48 rows=1076 width=121)
	        Recheck Cond: ((id >= 4360054) AND (id <= 4361053))
	        ->  Bitmap Index Scan on sbtest7_pkey  (cost=0.00..35.20 rows=1076 width=0)
	              Index Cond: ((id >= 4360054) AND (id <= 4361053))

table 8 : explain SELECT c FROM sbtest8 WHERE id BETWEEN 5527065 AND 5528064 ORDER BY c
	Sort  (cost=4456.54..4459.39 rows=1139 width=121)
	  Sort Key: c
	  ->  Bitmap Heap Scan on sbtest8  (cost=36.11..4398.72 rows=1139 width=121)
	        Recheck Cond: ((id >= 5527065) AND (id <= 5528064))
	        ->  Bitmap Index Scan on sbtest8_pkey  (cost=0.00..35.83 rows=1139 width=0)
	              Index Cond: ((id >= 5527065) AND (id <= 5528064))

for point_selects
table 1 : explain SELECT c FROM sbtest1 WHERE id=7746191
	Index Scan using sbtest1_pkey on sbtest1  (cost=0.43..8.45 rows=1 width=121)
	  Index Cond: (id = 7746191)

table 2 : explain SELECT c FROM sbtest2 WHERE id=5650127
	Index Scan using sbtest2_pkey on sbtest2  (cost=0.43..8.45 rows=1 width=121)
	  Index Cond: (id = 5650127)

table 3 : explain SELECT c FROM sbtest3 WHERE id=1074412
	Index Scan using sbtest3_pkey on sbtest3  (cost=0.43..8.45 rows=1 width=121)
	  Index Cond: (id = 1074412)

table 4 : explain SELECT c FROM sbtest4 WHERE id=5426191
	Index Scan using sbtest4_pkey on sbtest4  (cost=0.43..8.45 rows=1 width=121)
	  Index Cond: (id = 5426191)

table 5 : explain SELECT c FROM sbtest5 WHERE id=3863485
	Index Scan using sbtest5_pkey on sbtest5  (cost=0.43..8.45 rows=1 width=121)
	  Index Cond: (id = 3863485)

table 6 : explain SELECT c FROM sbtest6 WHERE id=9102982
	Index Scan using sbtest6_pkey on sbtest6  (cost=0.43..8.45 rows=1 width=121)
	  Index Cond: (id = 9102982)

table 7 : explain SELECT c FROM sbtest7 WHERE id=3674296
	Index Scan using sbtest7_pkey on sbtest7  (cost=0.43..8.45 rows=1 width=121)
	  Index Cond: (id = 3674296)

table 8 : explain SELECT c FROM sbtest8 WHERE id=5424331
	Index Scan using sbtest8_pkey on sbtest8  (cost=0.43..8.45 rows=1 width=121)
	  Index Cond: (id = 5424331)

for point_selects
table 1 : explain SELECT c FROM sbtest1 WHERE id=3008425
	Index Scan using sbtest1_pkey on sbtest1  (cost=0.43..8.45 rows=1 width=121)
	  Index Cond: (id = 3008425)

table 2 : explain SELECT c FROM sbtest2 WHERE id=9916900
	Index Scan using sbtest2_pkey on sbtest2  (cost=0.43..8.45 rows=1 width=121)
	  Index Cond: (id = 9916900)

table 3 : explain SELECT c FROM sbtest3 WHERE id=3704086
	Index Scan using sbtest3_pkey on sbtest3  (cost=0.43..8.45 rows=1 width=121)
	  Index Cond: (id = 3704086)

table 4 : explain SELECT c FROM sbtest4 WHERE id=8337479
	Index Scan using sbtest4_pkey on sbtest4  (cost=0.43..8.45 rows=1 width=121)
	  Index Cond: (id = 8337479)

table 5 : explain SELECT c FROM sbtest5 WHERE id=9746305
	Index Scan using sbtest5_pkey on sbtest5  (cost=0.43..8.45 rows=1 width=121)
	  Index Cond: (id = 9746305)

table 6 : explain SELECT c FROM sbtest6 WHERE id=9314638
	Index Scan using sbtest6_pkey on sbtest6  (cost=0.43..8.45 rows=1 width=121)
	  Index Cond: (id = 9314638)

table 7 : explain SELECT c FROM sbtest7 WHERE id=5478397
	Index Scan using sbtest7_pkey on sbtest7  (cost=0.43..8.45 rows=1 width=121)
	  Index Cond: (id = 5478397)

table 8 : explain SELECT c FROM sbtest8 WHERE id=351078
	Index Scan using sbtest8_pkey on sbtest8  (cost=0.43..8.45 rows=1 width=121)
	  Index Cond: (id = 351078)

for point_selects
table 1 : explain SELECT c FROM sbtest1 WHERE id=9932798
	Index Scan using sbtest1_pkey on sbtest1  (cost=0.43..8.45 rows=1 width=121)
	  Index Cond: (id = 9932798)

table 2 : explain SELECT c FROM sbtest2 WHERE id=4852744
	Index Scan using sbtest2_pkey on sbtest2  (cost=0.43..8.45 rows=1 width=121)
	  Index Cond: (id = 4852744)

table 3 : explain SELECT c FROM sbtest3 WHERE id=9630301
	Index Scan using sbtest3_pkey on sbtest3  (cost=0.43..8.45 rows=1 width=121)
	  Index Cond: (id = 9630301)

table 4 : explain SELECT c FROM sbtest4 WHERE id=5138454
	Index Scan using sbtest4_pkey on sbtest4  (cost=0.43..8.45 rows=1 width=121)
	  Index Cond: (id = 5138454)

table 5 : explain SELECT c FROM sbtest5 WHERE id=6418609
	Index Scan using sbtest5_pkey on sbtest5  (cost=0.43..8.45 rows=1 width=121)
	  Index Cond: (id = 6418609)

table 6 : explain SELECT c FROM sbtest6 WHERE id=5675095
	Index Scan using sbtest6_pkey on sbtest6  (cost=0.43..8.45 rows=1 width=121)
	  Index Cond: (id = 5675095)

table 7 : explain SELECT c FROM sbtest7 WHERE id=7970498
	Index Scan using sbtest7_pkey on sbtest7  (cost=0.43..8.45 rows=1 width=121)
	  Index Cond: (id = 7970498)

table 8 : explain SELECT c FROM sbtest8 WHERE id=6158067
	Index Scan using sbtest8_pkey on sbtest8  (cost=0.43..8.45 rows=1 width=121)
	  Index Cond: (id = 6158067)

for: sum_ranges
table 1 : explain SELECT SUM(k) FROM sbtest1 WHERE id BETWEEN 3303011 AND 3304010
	Aggregate  (cost=4145.43..4145.44 rows=1 width=8)
	  ->  Bitmap Heap Scan on sbtest1  (cost=35.40..4142.76 rows=1070 width=4)
	        Recheck Cond: ((id >= 3303011) AND (id <= 3304010))
	        ->  Bitmap Index Scan on sbtest1_pkey  (cost=0.00..35.14 rows=1070 width=0)
	              Index Cond: ((id >= 3303011) AND (id <= 3304010))

table 2 : explain SELECT SUM(k) FROM sbtest2 WHERE id BETWEEN 2099291 AND 2100290
	Aggregate  (cost=3608.89..3608.90 rows=1 width=8)
	  ->  Bitmap Heap Scan on sbtest2  (cost=29.96..3606.57 rows=929 width=4)
	        Recheck Cond: ((id >= 2099291) AND (id <= 2100290))
	        ->  Bitmap Index Scan on sbtest2_pkey  (cost=0.00..29.72 rows=929 width=0)
	              Index Cond: ((id >= 2099291) AND (id <= 2100290))

table 3 : explain SELECT SUM(k) FROM sbtest3 WHERE id BETWEEN 6402285 AND 6403284
	Aggregate  (cost=3733.53..3733.54 rows=1 width=8)
	  ->  Bitmap Heap Scan on sbtest3  (cost=30.30..3731.12 rows=962 width=4)
	        Recheck Cond: ((id >= 6402285) AND (id <= 6403284))
	        ->  Bitmap Index Scan on sbtest3_pkey  (cost=0.00..30.05 rows=962 width=0)
	              Index Cond: ((id >= 6402285) AND (id <= 6403284))

table 4 : explain SELECT SUM(k) FROM sbtest4 WHERE id BETWEEN 1250992 AND 1251991
	Aggregate  (cost=3964.53..3964.54 rows=1 width=8)
	  ->  Bitmap Heap Scan on sbtest4  (cost=30.92..3961.98 rows=1023 width=4)
	        Recheck Cond: ((id >= 1250992) AND (id <= 1251991))
	        ->  Bitmap Index Scan on sbtest4_pkey  (cost=0.00..30.66 rows=1023 width=0)
	              Index Cond: ((id >= 1250992) AND (id <= 1251991))

table 5 : explain SELECT SUM(k) FROM sbtest5 WHERE id BETWEEN 885170 AND 886169
	Aggregate  (cost=4100.30..4100.31 rows=1 width=8)
	  ->  Bitmap Heap Scan on sbtest5  (cost=35.28..4097.65 rows=1058 width=4)
	        Recheck Cond: ((id >= 885170) AND (id <= 886169))
	        ->  Bitmap Index Scan on sbtest5_pkey  (cost=0.00..35.02 rows=1058 width=0)
	              Index Cond: ((id >= 885170) AND (id <= 886169))

table 6 : explain SELECT SUM(k) FROM sbtest6 WHERE id BETWEEN 7147347 AND 7148346
	Aggregate  (cost=4254.38..4254.39 rows=1 width=8)
	  ->  Bitmap Heap Scan on sbtest6  (cost=35.70..4251.63 rows=1099 width=4)
	        Recheck Cond: ((id >= 7147347) AND (id <= 7148346))
	        ->  Bitmap Index Scan on sbtest6_pkey  (cost=0.00..35.43 rows=1099 width=0)
	              Index Cond: ((id >= 7147347) AND (id <= 7148346))

table 7 : explain SELECT SUM(k) FROM sbtest7 WHERE id BETWEEN 5793022 AND 5794021
	Aggregate  (cost=4281.16..4281.17 rows=1 width=8)
	  ->  Bitmap Heap Scan on sbtest7  (cost=35.77..4278.40 rows=1106 width=4)
	        Recheck Cond: ((id >= 5793022) AND (id <= 5794021))
	        ->  Bitmap Index Scan on sbtest7_pkey  (cost=0.00..35.50 rows=1106 width=0)
	              Index Cond: ((id >= 5793022) AND (id <= 5794021))

table 8 : explain SELECT SUM(k) FROM sbtest8 WHERE id BETWEEN 494454 AND 495453
	Aggregate  (cost=4096.54..4096.55 rows=1 width=8)
	  ->  Bitmap Heap Scan on sbtest8  (cost=35.27..4093.89 rows=1057 width=4)
	        Recheck Cond: ((id >= 494454) AND (id <= 495453))
	        ->  Bitmap Index Scan on sbtest8_pkey  (cost=0.00..35.01 rows=1057 width=0)
	              Index Cond: ((id >= 494454) AND (id <= 495453))

for point_selects
table 1 : explain SELECT c FROM sbtest1 WHERE id=7358812
	Index Scan using sbtest1_pkey on sbtest1  (cost=0.43..8.45 rows=1 width=121)
	  Index Cond: (id = 7358812)

table 2 : explain SELECT c FROM sbtest2 WHERE id=8116584
	Index Scan using sbtest2_pkey on sbtest2  (cost=0.43..8.45 rows=1 width=121)
	  Index Cond: (id = 8116584)

table 3 : explain SELECT c FROM sbtest3 WHERE id=6568058
	Index Scan using sbtest3_pkey on sbtest3  (cost=0.43..8.45 rows=1 width=121)
	  Index Cond: (id = 6568058)

table 4 : explain SELECT c FROM sbtest4 WHERE id=6800654
	Index Scan using sbtest4_pkey on sbtest4  (cost=0.43..8.45 rows=1 width=121)
	  Index Cond: (id = 6800654)

table 5 : explain SELECT c FROM sbtest5 WHERE id=635052
	Index Scan using sbtest5_pkey on sbtest5  (cost=0.43..8.45 rows=1 width=121)
	  Index Cond: (id = 635052)

table 6 : explain SELECT c FROM sbtest6 WHERE id=595893
	Index Scan using sbtest6_pkey on sbtest6  (cost=0.43..8.45 rows=1 width=121)
	  Index Cond: (id = 595893)

table 7 : explain SELECT c FROM sbtest7 WHERE id=3417379
	Index Scan using sbtest7_pkey on sbtest7  (cost=0.43..8.45 rows=1 width=121)
	  Index Cond: (id = 3417379)

table 8 : explain SELECT c FROM sbtest8 WHERE id=4197406
	Index Scan using sbtest8_pkey on sbtest8  (cost=0.43..8.45 rows=1 width=121)
	  Index Cond: (id = 4197406)

for: sum_ranges
table 1 : explain SELECT SUM(k) FROM sbtest1 WHERE id BETWEEN 9283389 AND 9284388
	Aggregate  (cost=3926.43..3926.44 rows=1 width=8)
	  ->  Bitmap Heap Scan on sbtest1  (cost=30.82..3923.89 rows=1013 width=4)
	        Recheck Cond: ((id >= 9283389) AND (id <= 9284388))
	        ->  Bitmap Index Scan on sbtest1_pkey  (cost=0.00..30.57 rows=1013 width=0)
	              Index Cond: ((id >= 9283389) AND (id <= 9284388))

table 2 : explain SELECT SUM(k) FROM sbtest2 WHERE id BETWEEN 2621946 AND 2622945
	Aggregate  (cost=3956.70..3956.71 rows=1 width=8)
	  ->  Bitmap Heap Scan on sbtest2  (cost=30.90..3954.15 rows=1021 width=4)
	        Recheck Cond: ((id >= 2621946) AND (id <= 2622945))
	        ->  Bitmap Index Scan on sbtest2_pkey  (cost=0.00..30.64 rows=1021 width=0)
	              Index Cond: ((id >= 2621946) AND (id <= 2622945))

table 3 : explain SELECT SUM(k) FROM sbtest3 WHERE id BETWEEN 3293007 AND 3294006
	Aggregate  (cost=3941.33..3941.34 rows=1 width=8)
	  ->  Bitmap Heap Scan on sbtest3  (cost=30.86..3938.79 rows=1017 width=4)
	        Recheck Cond: ((id >= 3293007) AND (id <= 3294006))
	        ->  Bitmap Index Scan on sbtest3_pkey  (cost=0.00..30.61 rows=1017 width=0)
	              Index Cond: ((id >= 3293007) AND (id <= 3294006))

table 4 : explain SELECT SUM(k) FROM sbtest4 WHERE id BETWEEN 6102185 AND 6103184
	Aggregate  (cost=4273.90..4273.91 rows=1 width=8)
	  ->  Bitmap Heap Scan on sbtest4  (cost=35.75..4271.14 rows=1104 width=4)
	        Recheck Cond: ((id >= 6102185) AND (id <= 6103184))
	        ->  Bitmap Index Scan on sbtest4_pkey  (cost=0.00..35.48 rows=1104 width=0)
	              Index Cond: ((id >= 6102185) AND (id <= 6103184))

table 5 : explain SELECT SUM(k) FROM sbtest5 WHERE id BETWEEN 9222934 AND 9223933
	Aggregate  (cost=4024.64..4024.65 rows=1 width=8)
	  ->  Bitmap Heap Scan on sbtest5  (cost=31.08..4022.04 rows=1039 width=4)
	        Recheck Cond: ((id >= 9222934) AND (id <= 9223933))
	        ->  Bitmap Index Scan on sbtest5_pkey  (cost=0.00..30.82 rows=1039 width=0)
	              Index Cond: ((id >= 9222934) AND (id <= 9223933))

table 6 : explain SELECT SUM(k) FROM sbtest6 WHERE id BETWEEN 4595869 AND 4596868
	Aggregate  (cost=3930.16..3930.17 rows=1 width=8)
	  ->  Bitmap Heap Scan on sbtest6  (cost=34.82..3927.63 rows=1013 width=4)
	        Recheck Cond: ((id >= 4595869) AND (id <= 4596868))
	        ->  Bitmap Index Scan on sbtest6_pkey  (cost=0.00..34.57 rows=1013 width=0)
	              Index Cond: ((id >= 4595869) AND (id <= 4596868))

table 7 : explain SELECT SUM(k) FROM sbtest7 WHERE id BETWEEN 7993598 AND 7994597
	Aggregate  (cost=3726.25..3726.26 rows=1 width=8)
	  ->  Bitmap Heap Scan on sbtest7  (cost=30.27..3723.85 rows=960 width=4)
	        Recheck Cond: ((id >= 7993598) AND (id <= 7994597))
	        ->  Bitmap Index Scan on sbtest7_pkey  (cost=0.00..30.04 rows=960 width=0)
	              Index Cond: ((id >= 7993598) AND (id <= 7994597))

table 8 : explain SELECT SUM(k) FROM sbtest8 WHERE id BETWEEN 4098548 AND 4099547
	Aggregate  (cost=3881.21..3881.22 rows=1 width=8)
	  ->  Bitmap Heap Scan on sbtest8  (cost=30.70..3878.70 rows=1001 width=4)
	        Recheck Cond: ((id >= 4098548) AND (id <= 4099547))
	        ->  Bitmap Index Scan on sbtest8_pkey  (cost=0.00..30.44 rows=1001 width=0)
	              Index Cond: ((id >= 4098548) AND (id <= 4099547))

for: simple_ranges
table 1 : explain SELECT c FROM sbtest1 WHERE id BETWEEN 1128678 AND 1129677
	Bitmap Heap Scan on sbtest1  (cost=31.00..3991.79 rows=1031 width=121)
	  Recheck Cond: ((id >= 1128678) AND (id <= 1129677))
	  ->  Bitmap Index Scan on sbtest1_pkey  (cost=0.00..30.75 rows=1031 width=0)
	        Index Cond: ((id >= 1128678) AND (id <= 1129677))

table 2 : explain SELECT c FROM sbtest2 WHERE id BETWEEN 9185029 AND 9186028
	Bitmap Heap Scan on sbtest2  (cost=35.05..4014.72 rows=1036 width=121)
	  Recheck Cond: ((id >= 9185029) AND (id <= 9186028))
	  ->  Bitmap Index Scan on sbtest2_pkey  (cost=0.00..34.80 rows=1036 width=0)
	        Index Cond: ((id >= 9185029) AND (id <= 9186028))

table 3 : explain SELECT c FROM sbtest3 WHERE id BETWEEN 8252298 AND 8253297
	Bitmap Heap Scan on sbtest3  (cost=29.62..3481.41 rows=896 width=121)
	  Recheck Cond: ((id >= 8252298) AND (id <= 8253297))
	  ->  Bitmap Index Scan on sbtest3_pkey  (cost=0.00..29.39 rows=896 width=0)
	        Index Cond: ((id >= 8252298) AND (id <= 8253297))

table 4 : explain SELECT c FROM sbtest4 WHERE id BETWEEN 2702611 AND 2703610
	Bitmap Heap Scan on sbtest4  (cost=30.24..3712.73 rows=957 width=121)
	  Recheck Cond: ((id >= 2702611) AND (id <= 2703610))
	  ->  Bitmap Index Scan on sbtest4_pkey  (cost=0.00..30.00 rows=957 width=0)
	        Index Cond: ((id >= 2702611) AND (id <= 2703610))

table 5 : explain SELECT c FROM sbtest5 WHERE id BETWEEN 985317 AND 986316
	Bitmap Heap Scan on sbtest5  (cost=30.44..3784.29 rows=976 width=121)
	  Recheck Cond: ((id >= 985317) AND (id <= 986316))
	  ->  Bitmap Index Scan on sbtest5_pkey  (cost=0.00..30.19 rows=976 width=0)
	        Index Cond: ((id >= 985317) AND (id <= 986316))

table 6 : explain SELECT c FROM sbtest6 WHERE id BETWEEN 3938370 AND 3939369
	Bitmap Heap Scan on sbtest6  (cost=30.76..3900.99 rows=1007 width=121)
	  Recheck Cond: ((id >= 3938370) AND (id <= 3939369))
	  ->  Bitmap Index Scan on sbtest6_pkey  (cost=0.00..30.50 rows=1007 width=0)
	        Index Cond: ((id >= 3938370) AND (id <= 3939369))

table 7 : explain SELECT c FROM sbtest7 WHERE id BETWEEN 4642338 AND 4643337
	Bitmap Heap Scan on sbtest7  (cost=30.74..3893.82 rows=1005 width=121)
	  Recheck Cond: ((id >= 4642338) AND (id <= 4643337))
	  ->  Bitmap Index Scan on sbtest7_pkey  (cost=0.00..30.48 rows=1005 width=0)
	        Index Cond: ((id >= 4642338) AND (id <= 4643337))

table 8 : explain SELECT c FROM sbtest8 WHERE id BETWEEN 560756 AND 561755
	Bitmap Heap Scan on sbtest8  (cost=35.27..4093.89 rows=1057 width=121)
	  Recheck Cond: ((id >= 560756) AND (id <= 561755))
	  ->  Bitmap Index Scan on sbtest8_pkey  (cost=0.00..35.01 rows=1057 width=0)
	        Index Cond: ((id >= 560756) AND (id <= 561755))

for: distinct_ranges
table 1 : explain SELECT DISTINCT c FROM sbtest1 WHERE id BETWEEN 766348 AND 767347 ORDER BY c
	Unique  (cost=3510.13..3514.59 rows=892 width=121)
	  ->  Sort  (cost=3510.13..3512.36 rows=892 width=121)
	        Sort Key: c
	        ->  Bitmap Heap Scan on sbtest1  (cost=29.58..3466.42 rows=892 width=121)
	              Recheck Cond: ((id >= 766348) AND (id <= 767347))
	              ->  Bitmap Index Scan on sbtest1_pkey  (cost=0.00..29.36 rows=892 width=0)
	                    Index Cond: ((id >= 766348) AND (id <= 767347))

table 2 : explain SELECT DISTINCT c FROM sbtest2 WHERE id BETWEEN 2449467 AND 2450466 ORDER BY c
	Unique  (cost=3851.90..3856.81 rows=981 width=121)
	  ->  Sort  (cost=3851.90..3854.36 rows=981 width=121)
	        Sort Key: c
	        ->  Bitmap Heap Scan on sbtest2  (cost=30.49..3803.16 rows=981 width=121)
	              Recheck Cond: ((id >= 2449467) AND (id <= 2450466))
	              ->  Bitmap Index Scan on sbtest2_pkey  (cost=0.00..30.25 rows=981 width=0)
	                    Index Cond: ((id >= 2449467) AND (id <= 2450466))

table 3 : explain SELECT DISTINCT c FROM sbtest3 WHERE id BETWEEN 4928477 AND 4929476 ORDER BY c
	Unique  (cost=4158.15..4163.45 rows=1060 width=121)
	  ->  Sort  (cost=4158.15..4160.80 rows=1060 width=121)
	        Sort Key: c
	        ->  Bitmap Heap Scan on sbtest3  (cost=35.30..4104.89 rows=1060 width=121)
	              Recheck Cond: ((id >= 4928477) AND (id <= 4929476))
	              ->  Bitmap Index Scan on sbtest3_pkey  (cost=0.00..35.04 rows=1060 width=0)
	                    Index Cond: ((id >= 4928477) AND (id <= 4929476))

table 4 : explain SELECT DISTINCT c FROM sbtest4 WHERE id BETWEEN 1504632 AND 1505631 ORDER BY c
	Unique  (cost=3825.33..3830.20 rows=974 width=121)
	  ->  Sort  (cost=3825.33..3827.76 rows=974 width=121)
	        Sort Key: c
	        ->  Bitmap Heap Scan on sbtest4  (cost=30.42..3776.98 rows=974 width=121)
	              Recheck Cond: ((id >= 1504632) AND (id <= 1505631))
	              ->  Bitmap Index Scan on sbtest4_pkey  (cost=0.00..30.18 rows=974 width=0)
	                    Index Cond: ((id >= 1504632) AND (id <= 1505631))

table 5 : explain SELECT DISTINCT c FROM sbtest5 WHERE id BETWEEN 1685345 AND 1686344 ORDER BY c
	Unique  (cost=4093.24..4098.46 rows=1044 width=121)
	  ->  Sort  (cost=4093.24..4095.85 rows=1044 width=121)
	        Sort Key: c
	        ->  Bitmap Heap Scan on sbtest5  (cost=31.14..4040.89 rows=1044 width=121)
	              Recheck Cond: ((id >= 1685345) AND (id <= 1686344))
	              ->  Bitmap Index Scan on sbtest5_pkey  (cost=0.00..30.87 rows=1044 width=0)
	                    Index Cond: ((id >= 1685345) AND (id <= 1686344))

table 6 : explain SELECT DISTINCT c FROM sbtest6 WHERE id BETWEEN 1448416 AND 1449415 ORDER BY c
	Unique  (cost=4150.43..4155.72 rows=1058 width=121)
	  ->  Sort  (cost=4150.43..4153.07 rows=1058 width=121)
	        Sort Key: c
	        ->  Bitmap Heap Scan on sbtest6  (cost=35.28..4097.28 rows=1058 width=121)
	              Recheck Cond: ((id >= 1448416) AND (id <= 1449415))
	              ->  Bitmap Index Scan on sbtest6_pkey  (cost=0.00..35.02 rows=1058 width=0)
	                    Index Cond: ((id >= 1448416) AND (id <= 1449415))

table 7 : explain SELECT DISTINCT c FROM sbtest7 WHERE id BETWEEN 6421586 AND 6422585 ORDER BY c
	Unique  (cost=4055.17..4060.33 rows=1033 width=121)
	  ->  Sort  (cost=4055.17..4057.75 rows=1033 width=121)
	        Sort Key: c
	        ->  Bitmap Heap Scan on sbtest7  (cost=35.02..4003.45 rows=1033 width=121)
	              Recheck Cond: ((id >= 6421586) AND (id <= 6422585))
	              ->  Bitmap Index Scan on sbtest7_pkey  (cost=0.00..34.77 rows=1033 width=0)
	                    Index Cond: ((id >= 6421586) AND (id <= 6422585))

table 8 : explain SELECT DISTINCT c FROM sbtest8 WHERE id BETWEEN 9780262 AND 9781261 ORDER BY c
	Unique  (cost=3587.09..3591.65 rows=912 width=121)
	  ->  Sort  (cost=3587.09..3589.37 rows=912 width=121)
	        Sort Key: c
	        ->  Bitmap Heap Scan on sbtest8  (cost=29.78..3542.25 rows=912 width=121)
	              Recheck Cond: ((id >= 9780262) AND (id <= 9781261))
	              ->  Bitmap Index Scan on sbtest8_pkey  (cost=0.00..29.55 rows=912 width=0)
	                    Index Cond: ((id >= 9780262) AND (id <= 9781261))

for: sum_ranges
table 1 : explain SELECT SUM(k) FROM sbtest1 WHERE id BETWEEN 2468924 AND 2469923
	Aggregate  (cost=4273.50..4273.51 rows=1 width=8)
	  ->  Bitmap Heap Scan on sbtest1  (cost=35.75..4270.74 rows=1104 width=4)
	        Recheck Cond: ((id >= 2468924) AND (id <= 2469923))
	        ->  Bitmap Index Scan on sbtest1_pkey  (cost=0.00..35.48 rows=1104 width=0)
	              Index Cond: ((id >= 2468924) AND (id <= 2469923))

table 2 : explain SELECT SUM(k) FROM sbtest2 WHERE id BETWEEN 4283865 AND 4284864
	Aggregate  (cost=3835.84..3835.85 rows=1 width=8)
	  ->  Bitmap Heap Scan on sbtest2  (cost=30.57..3833.37 rows=989 width=4)
	        Recheck Cond: ((id >= 4283865) AND (id <= 4284864))
	        ->  Bitmap Index Scan on sbtest2_pkey  (cost=0.00..30.32 rows=989 width=0)
	              Index Cond: ((id >= 4283865) AND (id <= 4284864))

table 3 : explain SELECT SUM(k) FROM sbtest3 WHERE id BETWEEN 2255672 AND 2256671
	Aggregate  (cost=4205.50..4205.51 rows=1 width=8)
	  ->  Bitmap Heap Scan on sbtest3  (cost=35.57..4202.79 rows=1086 width=4)
	        Recheck Cond: ((id >= 2255672) AND (id <= 2256671))
	        ->  Bitmap Index Scan on sbtest3_pkey  (cost=0.00..35.30 rows=1086 width=0)
	              Index Cond: ((id >= 2255672) AND (id <= 2256671))

table 4 : explain SELECT SUM(k) FROM sbtest4 WHERE id BETWEEN 6043817 AND 6044816
	Aggregate  (cost=3923.00..3923.01 rows=1 width=8)
	  ->  Bitmap Heap Scan on sbtest4  (cost=30.81..3920.47 rows=1012 width=4)
	        Recheck Cond: ((id >= 6043817) AND (id <= 6044816))
	        ->  Bitmap Index Scan on sbtest4_pkey  (cost=0.00..30.55 rows=1012 width=0)
	              Index Cond: ((id >= 6043817) AND (id <= 6044816))

table 5 : explain SELECT SUM(k) FROM sbtest5 WHERE id BETWEEN 9899953 AND 9900952
	Aggregate  (cost=3745.13..3745.14 rows=1 width=8)
	  ->  Bitmap Heap Scan on sbtest5  (cost=30.33..3742.72 rows=965 width=4)
	        Recheck Cond: ((id >= 9899953) AND (id <= 9900952))
	        ->  Bitmap Index Scan on sbtest5_pkey  (cost=0.00..30.08 rows=965 width=0)
	              Index Cond: ((id >= 9899953) AND (id <= 9900952))

table 6 : explain SELECT SUM(k) FROM sbtest6 WHERE id BETWEEN 1321347 AND 1322346
	Aggregate  (cost=3983.00..3983.01 rows=1 width=8)
	  ->  Bitmap Heap Scan on sbtest6  (cost=34.96..3980.44 rows=1027 width=4)
	        Recheck Cond: ((id >= 1321347) AND (id <= 1322346))
	        ->  Bitmap Index Scan on sbtest6_pkey  (cost=0.00..34.70 rows=1027 width=0)
	              Index Cond: ((id >= 1321347) AND (id <= 1322346))

table 7 : explain SELECT SUM(k) FROM sbtest7 WHERE id BETWEEN 613657 AND 614656
	Aggregate  (cost=4281.16..4281.17 rows=1 width=8)
	  ->  Bitmap Heap Scan on sbtest7  (cost=35.77..4278.40 rows=1106 width=4)
	        Recheck Cond: ((id >= 613657) AND (id <= 614656))
	        ->  Bitmap Index Scan on sbtest7_pkey  (cost=0.00..35.50 rows=1106 width=0)
	              Index Cond: ((id >= 613657) AND (id <= 614656))

table 8 : explain SELECT SUM(k) FROM sbtest8 WHERE id BETWEEN 3321768 AND 3322767
	Aggregate  (cost=3571.05..3571.06 rows=1 width=8)
	  ->  Bitmap Heap Scan on sbtest8  (cost=29.85..3568.75 rows=919 width=4)
	        Recheck Cond: ((id >= 3321768) AND (id <= 3322767))
	        ->  Bitmap Index Scan on sbtest8_pkey  (cost=0.00..29.62 rows=919 width=0)
	              Index Cond: ((id >= 3321768) AND (id <= 3322767))

for: distinct_ranges
table 1 : explain SELECT DISTINCT c FROM sbtest1 WHERE id BETWEEN 5493343 AND 5494342 ORDER BY c
	Unique  (cost=3690.70..3695.40 rows=939 width=121)
	  ->  Sort  (cost=3690.70..3693.05 rows=939 width=121)
	        Sort Key: c
	        ->  Bitmap Heap Scan on sbtest1  (cost=30.06..3644.34 rows=939 width=121)
	              Recheck Cond: ((id >= 5493343) AND (id <= 5494342))
	              ->  Bitmap Index Scan on sbtest1_pkey  (cost=0.00..29.82 rows=939 width=0)
	                    Index Cond: ((id >= 5493343) AND (id <= 5494342))

table 2 : explain SELECT DISTINCT c FROM sbtest2 WHERE id BETWEEN 609053 AND 610052 ORDER BY c
	Unique  (cost=4223.44..4228.82 rows=1077 width=121)
	  ->  Sort  (cost=4223.44..4226.13 rows=1077 width=121)
	        Sort Key: c
	        ->  Bitmap Heap Scan on sbtest2  (cost=35.47..4169.20 rows=1077 width=121)
	              Recheck Cond: ((id >= 609053) AND (id <= 610052))
	              ->  Bitmap Index Scan on sbtest2_pkey  (cost=0.00..35.20 rows=1077 width=0)
	                    Index Cond: ((id >= 609053) AND (id <= 610052))

table 3 : explain SELECT DISTINCT c FROM sbtest3 WHERE id BETWEEN 3910974 AND 3911973 ORDER BY c
	Unique  (cost=4058.50..4063.68 rows=1035 width=121)
	  ->  Sort  (cost=4058.50..4061.09 rows=1035 width=121)
	        Sort Key: c
	        ->  Bitmap Heap Scan on sbtest3  (cost=31.04..4006.67 rows=1035 width=121)
	              Recheck Cond: ((id >= 3910974) AND (id <= 3911973))
	              ->  Bitmap Index Scan on sbtest3_pkey  (cost=0.00..30.79 rows=1035 width=0)
	                    Index Cond: ((id >= 3910974) AND (id <= 3911973))

table 4 : explain SELECT DISTINCT c FROM sbtest4 WHERE id BETWEEN 4366461 AND 4367460 ORDER BY c
	Unique  (cost=4109.00..4114.23 rows=1047 width=121)
	  ->  Sort  (cost=4109.00..4111.61 rows=1047 width=121)
	        Sort Key: c
	        ->  Bitmap Heap Scan on sbtest4  (cost=35.17..4056.48 rows=1047 width=121)
	              Recheck Cond: ((id >= 4366461) AND (id <= 4367460))
	              ->  Bitmap Index Scan on sbtest4_pkey  (cost=0.00..34.91 rows=1047 width=0)
	                    Index Cond: ((id >= 4366461) AND (id <= 4367460))

table 5 : explain SELECT DISTINCT c FROM sbtest5 WHERE id BETWEEN 2787696 AND 2788695 ORDER BY c
	Unique  (cost=3767.54..3772.33 rows=959 width=121)
	  ->  Sort  (cost=3767.54..3769.94 rows=959 width=121)
	        Sort Key: c
	        ->  Bitmap Heap Scan on sbtest5  (cost=30.26..3720.04 rows=959 width=121)
	              Recheck Cond: ((id >= 2787696) AND (id <= 2788695))
	              ->  Bitmap Index Scan on sbtest5_pkey  (cost=0.00..30.02 rows=959 width=0)
	                    Index Cond: ((id >= 2787696) AND (id <= 2788695))

table 6 : explain SELECT DISTINCT c FROM sbtest6 WHERE id BETWEEN 1356282 AND 1357281 ORDER BY c
	Unique  (cost=4031.81..4036.94 rows=1027 width=121)
	  ->  Sort  (cost=4031.81..4034.38 rows=1027 width=121)
	        Sort Key: c
	        ->  Bitmap Heap Scan on sbtest6  (cost=34.96..3980.44 rows=1027 width=121)
	              Recheck Cond: ((id >= 1356282) AND (id <= 1357281))
	              ->  Bitmap Index Scan on sbtest6_pkey  (cost=0.00..34.70 rows=1027 width=0)
	                    Index Cond: ((id >= 1356282) AND (id <= 1357281))

table 7 : explain SELECT DISTINCT c FROM sbtest7 WHERE id BETWEEN 8809034 AND 8810033 ORDER BY c
	Unique  (cost=3809.77..3814.62 rows=970 width=121)
	  ->  Sort  (cost=3809.77..3812.19 rows=970 width=121)
	        Sort Key: c
	        ->  Bitmap Heap Scan on sbtest7  (cost=30.38..3761.65 rows=970 width=121)
	              Recheck Cond: ((id >= 8809034) AND (id <= 8810033))
	              ->  Bitmap Index Scan on sbtest7_pkey  (cost=0.00..30.14 rows=970 width=0)
	                    Index Cond: ((id >= 8809034) AND (id <= 8810033))

table 8 : explain SELECT DISTINCT c FROM sbtest8 WHERE id BETWEEN 7740062 AND 7741061 ORDER BY c
	Unique  (cost=4307.55..4313.04 rows=1099 width=121)
	  ->  Sort  (cost=4307.55..4310.29 rows=1099 width=121)
	        Sort Key: c
	        ->  Bitmap Heap Scan on sbtest8  (cost=35.70..4252.04 rows=1099 width=121)
	              Recheck Cond: ((id >= 7740062) AND (id <= 7741061))
	              ->  Bitmap Index Scan on sbtest8_pkey  (cost=0.00..35.43 rows=1099 width=0)
	                    Index Cond: ((id >= 7740062) AND (id <= 7741061))

for: distinct_ranges
table 1 : explain SELECT DISTINCT c FROM sbtest1 WHERE id BETWEEN 3315019 AND 3316018 ORDER BY c
	Unique  (cost=4196.60..4201.95 rows=1070 width=121)
	  ->  Sort  (cost=4196.60..4199.27 rows=1070 width=121)
	        Sort Key: c
	        ->  Bitmap Heap Scan on sbtest1  (cost=35.40..4142.76 rows=1070 width=121)
	              Recheck Cond: ((id >= 3315019) AND (id <= 3316018))
	              ->  Bitmap Index Scan on sbtest1_pkey  (cost=0.00..35.14 rows=1070 width=0)
	                    Index Cond: ((id >= 3315019) AND (id <= 3316018))

table 2 : explain SELECT DISTINCT c FROM sbtest2 WHERE id BETWEEN 4779500 AND 4780499 ORDER BY c
	Unique  (cost=3932.40..3937.41 rows=1002 width=121)
	  ->  Sort  (cost=3932.40..3934.90 rows=1002 width=121)
	        Sort Key: c
	        ->  Bitmap Heap Scan on sbtest2  (cost=30.71..3882.45 rows=1002 width=121)
	              Recheck Cond: ((id >= 4779500) AND (id <= 4780499))
	              ->  Bitmap Index Scan on sbtest2_pkey  (cost=0.00..30.45 rows=1002 width=0)
	                    Index Cond: ((id >= 4779500) AND (id <= 4780499))

table 3 : explain SELECT DISTINCT c FROM sbtest3 WHERE id BETWEEN 6821635 AND 6822634 ORDER BY c
	Unique  (cost=4119.90..4125.15 rows=1050 width=121)
	  ->  Sort  (cost=4119.90..4122.53 rows=1050 width=121)
	        Sort Key: c
	        ->  Bitmap Heap Scan on sbtest3  (cost=35.20..4067.21 rows=1050 width=121)
	              Recheck Cond: ((id >= 6821635) AND (id <= 6822634))
	              ->  Bitmap Index Scan on sbtest3_pkey  (cost=0.00..34.94 rows=1050 width=0)
	                    Index Cond: ((id >= 6821635) AND (id <= 6822634))

table 4 : explain SELECT DISTINCT c FROM sbtest4 WHERE id BETWEEN 1673962 AND 1674961 ORDER BY c
	Unique  (cost=4174.04..4179.36 rows=1064 width=121)
	  ->  Sort  (cost=4174.04..4176.70 rows=1064 width=121)
	        Sort Key: c
	        ->  Bitmap Heap Scan on sbtest4  (cost=35.34..4120.54 rows=1064 width=121)
	              Recheck Cond: ((id >= 1673962) AND (id <= 1674961))
	              ->  Bitmap Index Scan on sbtest4_pkey  (cost=0.00..35.08 rows=1064 width=0)
	                    Index Cond: ((id >= 1673962) AND (id <= 1674961))

table 5 : explain SELECT DISTINCT c FROM sbtest5 WHERE id BETWEEN 4015422 AND 4016421 ORDER BY c
	Unique  (cost=3905.59..3910.56 rows=995 width=121)
	  ->  Sort  (cost=3905.59..3908.07 rows=995 width=121)
	        Sort Key: c
	        ->  Bitmap Heap Scan on sbtest5  (cost=30.63..3856.04 rows=995 width=121)
	              Recheck Cond: ((id >= 4015422) AND (id <= 4016421))
	              ->  Bitmap Index Scan on sbtest5_pkey  (cost=0.00..30.39 rows=995 width=0)
	                    Index Cond: ((id >= 4015422) AND (id <= 4016421))

table 6 : explain SELECT DISTINCT c FROM sbtest6 WHERE id BETWEEN 7203594 AND 7204593 ORDER BY c
	Unique  (cost=4307.14..4312.63 rows=1099 width=121)
	  ->  Sort  (cost=4307.14..4309.89 rows=1099 width=121)
	        Sort Key: c
	        ->  Bitmap Heap Scan on sbtest6  (cost=35.70..4251.63 rows=1099 width=121)
	              Recheck Cond: ((id >= 7203594) AND (id <= 7204593))
	              ->  Bitmap Index Scan on sbtest6_pkey  (cost=0.00..35.43 rows=1099 width=0)
	                    Index Cond: ((id >= 7203594) AND (id <= 7204593))

table 7 : explain SELECT DISTINCT c FROM sbtest7 WHERE id BETWEEN 4282104 AND 4283103 ORDER BY c
	Unique  (cost=3805.93..3810.78 rows=969 width=121)
	  ->  Sort  (cost=3805.93..3808.35 rows=969 width=121)
	        Sort Key: c
	        ->  Bitmap Heap Scan on sbtest7  (cost=30.37..3757.87 rows=969 width=121)
	              Recheck Cond: ((id >= 4282104) AND (id <= 4283103))
	              ->  Bitmap Index Scan on sbtest7_pkey  (cost=0.00..30.12 rows=969 width=0)
	                    Index Cond: ((id >= 4282104) AND (id <= 4283103))

table 8 : explain SELECT DISTINCT c FROM sbtest8 WHERE id BETWEEN 2275351 AND 2276350 ORDER BY c
	Unique  (cost=3571.71..3576.25 rows=908 width=121)
	  ->  Sort  (cost=3571.71..3573.98 rows=908 width=121)
	        Sort Key: c
	        ->  Bitmap Heap Scan on sbtest8  (cost=29.74..3527.10 rows=908 width=121)
	              Recheck Cond: ((id >= 2275351) AND (id <= 2276350))
	              ->  Bitmap Index Scan on sbtest8_pkey  (cost=0.00..29.51 rows=908 width=0)
	                    Index Cond: ((id >= 2275351) AND (id <= 2276350))

explain: for point_selects :: explain SELECT c FROM sbtest%u WHERE id=%u
for: order_ranges
table 1 : explain SELECT c FROM sbtest1 WHERE id BETWEEN 8311027 AND 8312026 ORDER BY c
	Sort  (cost=3844.17..3846.62 rows=979 width=121)
	  Sort Key: c
	  ->  Bitmap Heap Scan on sbtest1  (cost=30.47..3795.53 rows=979 width=121)
	        Recheck Cond: ((id >= 8311027) AND (id <= 8312026))
	        ->  Bitmap Index Scan on sbtest1_pkey  (cost=0.00..30.22 rows=979 width=0)
	              Index Cond: ((id >= 8311027) AND (id <= 8312026))

table 2 : explain SELECT c FROM sbtest2 WHERE id BETWEEN 1772593 AND 1773592 ORDER BY c
	Sort  (cost=3871.07..3873.54 rows=986 width=121)
	  Sort Key: c
	  ->  Bitmap Heap Scan on sbtest2  (cost=30.54..3822.04 rows=986 width=121)
	        Recheck Cond: ((id >= 1772593) AND (id <= 1773592))
	        ->  Bitmap Index Scan on sbtest2_pkey  (cost=0.00..30.29 rows=986 width=0)
	              Index Cond: ((id >= 1772593) AND (id <= 1773592))

table 3 : explain SELECT c FROM sbtest3 WHERE id BETWEEN 7118863 AND 7119862 ORDER BY c
	Sort  (cost=3721.24..3723.60 rows=947 width=121)
	  Sort Key: c
	  ->  Bitmap Heap Scan on sbtest3  (cost=30.14..3674.42 rows=947 width=121)
	        Recheck Cond: ((id >= 7118863) AND (id <= 7119862))
	        ->  Bitmap Index Scan on sbtest3_pkey  (cost=0.00..29.90 rows=947 width=0)
	              Index Cond: ((id >= 7118863) AND (id <= 7119862))

table 4 : explain SELECT c FROM sbtest4 WHERE id BETWEEN 8598151 AND 8599150 ORDER BY c
	Sort  (cost=4112.82..4115.44 rows=1048 width=121)
	  Sort Key: c
	  ->  Bitmap Heap Scan on sbtest4  (cost=35.18..4060.25 rows=1048 width=121)
	        Recheck Cond: ((id >= 8598151) AND (id <= 8599150))
	        ->  Bitmap Index Scan on sbtest4_pkey  (cost=0.00..34.92 rows=1048 width=0)
	              Index Cond: ((id >= 8598151) AND (id <= 8599150))

table 5 : explain SELECT c FROM sbtest5 WHERE id BETWEEN 7659534 AND 7660533 ORDER BY c
	Sort  (cost=3763.70..3766.10 rows=958 width=121)
	  Sort Key: c
	  ->  Bitmap Heap Scan on sbtest5  (cost=30.25..3716.26 rows=958 width=121)
	        Recheck Cond: ((id >= 7659534) AND (id <= 7660533))
	        ->  Bitmap Index Scan on sbtest5_pkey  (cost=0.00..30.01 rows=958 width=0)
	              Index Cond: ((id >= 7659534) AND (id <= 7660533))

table 6 : explain SELECT c FROM sbtest6 WHERE id BETWEEN 4256532 AND 4257531 ORDER BY c
	Sort  (cost=3935.90..3938.41 rows=1003 width=121)
	  Sort Key: c
	  ->  Bitmap Heap Scan on sbtest6  (cost=30.72..3885.90 rows=1003 width=121)
	        Recheck Cond: ((id >= 4256532) AND (id <= 4257531))
	        ->  Bitmap Index Scan on sbtest6_pkey  (cost=0.00..30.46 rows=1003 width=0)
	              Index Cond: ((id >= 4256532) AND (id <= 4257531))

table 7 : explain SELECT c FROM sbtest7 WHERE id BETWEEN 1435494 AND 1436493 ORDER BY c
	Sort  (cost=3594.79..3597.07 rows=914 width=121)
	  Sort Key: c
	  ->  Bitmap Heap Scan on sbtest7  (cost=29.80..3549.84 rows=914 width=121)
	        Recheck Cond: ((id >= 1435494) AND (id <= 1436493))
	        ->  Bitmap Index Scan on sbtest7_pkey  (cost=0.00..29.57 rows=914 width=0)
	              Index Cond: ((id >= 1435494) AND (id <= 1436493))

table 8 : explain SELECT c FROM sbtest8 WHERE id BETWEEN 3783379 AND 3784378 ORDER BY c
	Sort  (cost=3748.36..3750.75 rows=954 width=121)
	  Sort Key: c
	  ->  Bitmap Heap Scan on sbtest8  (cost=30.21..3701.15 rows=954 width=121)
	        Recheck Cond: ((id >= 3783379) AND (id <= 3784378))
	        ->  Bitmap Index Scan on sbtest8_pkey  (cost=0.00..29.97 rows=954 width=0)
	              Index Cond: ((id >= 3783379) AND (id <= 3784378))

for: distinct_ranges
table 1 : explain SELECT DISTINCT c FROM sbtest1 WHERE id BETWEEN 1469450 AND 1470449 ORDER BY c
	Unique  (cost=3993.61..3998.70 rows=1018 width=121)
	  ->  Sort  (cost=3993.61..3996.16 rows=1018 width=121)
	        Sort Key: c
	        ->  Bitmap Heap Scan on sbtest1  (cost=30.87..3942.76 rows=1018 width=121)
	              Recheck Cond: ((id >= 1469450) AND (id <= 1470449))
	              ->  Bitmap Index Scan on sbtest1_pkey  (cost=0.00..30.61 rows=1018 width=0)
	                    Index Cond: ((id >= 1469450) AND (id <= 1470449))

table 2 : explain SELECT DISTINCT c FROM sbtest2 WHERE id BETWEEN 8959265 AND 8960264 ORDER BY c
	Unique  (cost=3721.48..3726.21 rows=947 width=121)
	  ->  Sort  (cost=3721.48..3723.84 rows=947 width=121)
	        Sort Key: c
	        ->  Bitmap Heap Scan on sbtest2  (cost=30.14..3674.66 rows=947 width=121)
	              Recheck Cond: ((id >= 8959265) AND (id <= 8960264))
	              ->  Bitmap Index Scan on sbtest2_pkey  (cost=0.00..29.90 rows=947 width=0)
	                    Index Cond: ((id >= 8959265) AND (id <= 8960264))

table 3 : explain SELECT DISTINCT c FROM sbtest3 WHERE id BETWEEN 3288327 AND 3289326 ORDER BY c
	Unique  (cost=3989.59..3994.68 rows=1017 width=121)
	  ->  Sort  (cost=3989.59..3992.13 rows=1017 width=121)
	        Sort Key: c
	        ->  Bitmap Heap Scan on sbtest3  (cost=30.86..3938.79 rows=1017 width=121)
	              Recheck Cond: ((id >= 3288327) AND (id <= 3289326))
	              ->  Bitmap Index Scan on sbtest3_pkey  (cost=0.00..30.61 rows=1017 width=0)
	                    Index Cond: ((id >= 3288327) AND (id <= 3289326))

table 4 : explain SELECT DISTINCT c FROM sbtest4 WHERE id BETWEEN 9298302 AND 9299301 ORDER BY c
	Unique  (cost=3809.99..3814.84 rows=970 width=121)
	  ->  Sort  (cost=3809.99..3812.41 rows=970 width=121)
	        Sort Key: c
	        ->  Bitmap Heap Scan on sbtest4  (cost=30.38..3761.87 rows=970 width=121)
	              Recheck Cond: ((id >= 9298302) AND (id <= 9299301))
	              ->  Bitmap Index Scan on sbtest4_pkey  (cost=0.00..30.14 rows=970 width=0)
	                    Index Cond: ((id >= 9298302) AND (id <= 9299301))

table 5 : explain SELECT DISTINCT c FROM sbtest5 WHERE id BETWEEN 7153085 AND 7154084 ORDER BY c
	Unique  (cost=4009.02..4014.13 rows=1022 width=121)
	  ->  Sort  (cost=4009.02..4011.57 rows=1022 width=121)
	        Sort Key: c
	        ->  Bitmap Heap Scan on sbtest5  (cost=30.91..3957.93 rows=1022 width=121)
	              Recheck Cond: ((id >= 7153085) AND (id <= 7154084))
	              ->  Bitmap Index Scan on sbtest5_pkey  (cost=0.00..30.65 rows=1022 width=0)
	                    Index Cond: ((id >= 7153085) AND (id <= 7154084))

table 6 : explain SELECT DISTINCT c FROM sbtest6 WHERE id BETWEEN 7821635 AND 7822634 ORDER BY c
	Unique  (cost=3605.99..3610.57 rows=917 width=121)
	  ->  Sort  (cost=3605.99..3608.28 rows=917 width=121)
	        Sort Key: c
	        ->  Bitmap Heap Scan on sbtest6  (cost=29.83..3560.87 rows=917 width=121)
	              Recheck Cond: ((id >= 7821635) AND (id <= 7822634))
	              ->  Bitmap Index Scan on sbtest6_pkey  (cost=0.00..29.61 rows=917 width=0)
	                    Index Cond: ((id >= 7821635) AND (id <= 7822634))

table 7 : explain SELECT DISTINCT c FROM sbtest7 WHERE id BETWEEN 4837251 AND 4838250 ORDER BY c
	Unique  (cost=3913.28..3918.27 rows=997 width=121)
	  ->  Sort  (cost=3913.28..3915.77 rows=997 width=121)
	        Sort Key: c
	        ->  Bitmap Heap Scan on sbtest7  (cost=30.65..3863.62 rows=997 width=121)
	              Recheck Cond: ((id >= 4837251) AND (id <= 4838250))
	              ->  Bitmap Index Scan on sbtest7_pkey  (cost=0.00..30.40 rows=997 width=0)
	                    Index Cond: ((id >= 4837251) AND (id <= 4838250))

table 8 : explain SELECT DISTINCT c FROM sbtest8 WHERE id BETWEEN 4515380 AND 4516379 ORDER BY c
	Unique  (cost=3886.43..3891.38 rows=990 width=121)
	  ->  Sort  (cost=3886.43..3888.91 rows=990 width=121)
	        Sort Key: c
	        ->  Bitmap Heap Scan on sbtest8  (cost=30.58..3837.17 rows=990 width=121)
	              Recheck Cond: ((id >= 4515380) AND (id <= 4516379))
	              ->  Bitmap Index Scan on sbtest8_pkey  (cost=0.00..30.33 rows=990 width=0)
	                    Index Cond: ((id >= 4515380) AND (id <= 4516379))

for: simple_ranges
table 1 : explain SELECT c FROM sbtest1 WHERE id BETWEEN 9882943 AND 9883942
	Bitmap Heap Scan on sbtest1  (cost=30.82..3923.89 rows=1013 width=121)
	  Recheck Cond: ((id >= 9882943) AND (id <= 9883942))
	  ->  Bitmap Index Scan on sbtest1_pkey  (cost=0.00..30.57 rows=1013 width=0)
	        Index Cond: ((id >= 9882943) AND (id <= 9883942))

table 2 : explain SELECT c FROM sbtest2 WHERE id BETWEEN 3366635 AND 3367634
	Bitmap Heap Scan on sbtest2  (cost=30.90..3954.15 rows=1021 width=121)
	  Recheck Cond: ((id >= 3366635) AND (id <= 3367634))
	  ->  Bitmap Index Scan on sbtest2_pkey  (cost=0.00..30.64 rows=1021 width=0)
	        Index Cond: ((id >= 3366635) AND (id <= 3367634))

table 3 : explain SELECT c FROM sbtest3 WHERE id BETWEEN 4966790 AND 4967789
	Bitmap Heap Scan on sbtest3  (cost=35.30..4104.89 rows=1060 width=121)
	  Recheck Cond: ((id >= 4966790) AND (id <= 4967789))
	  ->  Bitmap Index Scan on sbtest3_pkey  (cost=0.00..35.04 rows=1060 width=0)
	        Index Cond: ((id >= 4966790) AND (id <= 4967789))

table 4 : explain SELECT c FROM sbtest4 WHERE id BETWEEN 3330633 AND 3331632
	Bitmap Heap Scan on sbtest4  (cost=29.98..3614.39 rows=931 width=121)
	  Recheck Cond: ((id >= 3330633) AND (id <= 3331632))
	  ->  Bitmap Index Scan on sbtest4_pkey  (cost=0.00..29.75 rows=931 width=0)
	        Index Cond: ((id >= 3330633) AND (id <= 3331632))

table 5 : explain SELECT c FROM sbtest5 WHERE id BETWEEN 985102 AND 986101
	Bitmap Heap Scan on sbtest5  (cost=30.44..3784.29 rows=976 width=121)
	  Recheck Cond: ((id >= 985102) AND (id <= 986101))
	  ->  Bitmap Index Scan on sbtest5_pkey  (cost=0.00..30.19 rows=976 width=0)
	        Index Cond: ((id >= 985102) AND (id <= 986101))

table 6 : explain SELECT c FROM sbtest6 WHERE id BETWEEN 5371958 AND 5372957
	Bitmap Heap Scan on sbtest6  (cost=30.02..3628.98 rows=935 width=121)
	  Recheck Cond: ((id >= 5371958) AND (id <= 5372957))
	  ->  Bitmap Index Scan on sbtest6_pkey  (cost=0.00..29.79 rows=935 width=0)
	        Index Cond: ((id >= 5371958) AND (id <= 5372957))

table 7 : explain SELECT c FROM sbtest7 WHERE id BETWEEN 891769 AND 892768
	Bitmap Heap Scan on sbtest7  (cost=36.05..4379.93 rows=1133 width=121)
	  Recheck Cond: ((id >= 891769) AND (id <= 892768))
	  ->  Bitmap Index Scan on sbtest7_pkey  (cost=0.00..35.77 rows=1133 width=0)
	        Index Cond: ((id >= 891769) AND (id <= 892768))

table 8 : explain SELECT c FROM sbtest8 WHERE id BETWEEN 785394 AND 786393
	Bitmap Heap Scan on sbtest8  (cost=35.01..3999.66 rows=1032 width=121)
	  Recheck Cond: ((id >= 785394) AND (id <= 786393))
	  ->  Bitmap Index Scan on sbtest8_pkey  (cost=0.00..34.76 rows=1032 width=0)
	        Index Cond: ((id >= 785394) AND (id <= 786393))

for: order_ranges
table 1 : explain SELECT c FROM sbtest1 WHERE id BETWEEN 684836 AND 685835 ORDER BY c
	Sort  (cost=4039.56..4042.14 rows=1030 width=121)
	  Sort Key: c
	  ->  Bitmap Heap Scan on sbtest1  (cost=30.99..3988.02 rows=1030 width=121)
	        Recheck Cond: ((id >= 684836) AND (id <= 685835))
	        ->  Bitmap Index Scan on sbtest1_pkey  (cost=0.00..30.73 rows=1030 width=0)
	              Index Cond: ((id >= 684836) AND (id <= 685835))

table 2 : explain SELECT c FROM sbtest2 WHERE id BETWEEN 4972802 AND 4973801 ORDER BY c
	Sort  (cost=4223.44..4226.13 rows=1077 width=121)
	  Sort Key: c
	  ->  Bitmap Heap Scan on sbtest2  (cost=35.47..4169.20 rows=1077 width=121)
	        Recheck Cond: ((id >= 4972802) AND (id <= 4973801))
	        ->  Bitmap Index Scan on sbtest2_pkey  (cost=0.00..35.20 rows=1077 width=0)
	              Index Cond: ((id >= 4972802) AND (id <= 4973801))

table 3 : explain SELECT c FROM sbtest3 WHERE id BETWEEN 9949816 AND 9950815 ORDER BY c
	Sort  (cost=4234.62..4237.32 rows=1080 width=121)
	  Sort Key: c
	  ->  Bitmap Heap Scan on sbtest3  (cost=35.51..4180.20 rows=1080 width=121)
	        Recheck Cond: ((id >= 9949816) AND (id <= 9950815))
	        ->  Bitmap Index Scan on sbtest3_pkey  (cost=0.00..35.23 rows=1080 width=0)
	              Index Cond: ((id >= 9949816) AND (id <= 9950815))

table 4 : explain SELECT c FROM sbtest4 WHERE id BETWEEN 6239044 AND 6240043 ORDER BY c
	Sort  (cost=4112.82..4115.44 rows=1048 width=121)
	  Sort Key: c
	  ->  Bitmap Heap Scan on sbtest4  (cost=35.18..4060.25 rows=1048 width=121)
	        Recheck Cond: ((id >= 6239044) AND (id <= 6240043))
	        ->  Bitmap Index Scan on sbtest4_pkey  (cost=0.00..34.92 rows=1048 width=0)
	              Index Cond: ((id >= 6239044) AND (id <= 6240043))

table 5 : explain SELECT c FROM sbtest5 WHERE id BETWEEN 7350246 AND 7351245 ORDER BY c
	Sort  (cost=3901.75..3904.24 rows=994 width=121)
	  Sort Key: c
	  ->  Bitmap Heap Scan on sbtest5  (cost=30.62..3852.27 rows=994 width=121)
	        Recheck Cond: ((id >= 7350246) AND (id <= 7351245))
	        ->  Bitmap Index Scan on sbtest5_pkey  (cost=0.00..30.37 rows=994 width=0)
	              Index Cond: ((id >= 7350246) AND (id <= 7351245))

table 6 : explain SELECT c FROM sbtest6 WHERE id BETWEEN 1069910 AND 1070909 ORDER BY c
	Sort  (cost=4177.20..4179.86 rows=1065 width=121)
	  Sort Key: c
	  ->  Bitmap Heap Scan on sbtest6  (cost=35.35..4123.65 rows=1065 width=121)
	        Recheck Cond: ((id >= 1069910) AND (id <= 1070909))
	        ->  Bitmap Index Scan on sbtest6_pkey  (cost=0.00..35.09 rows=1065 width=0)
	              Index Cond: ((id >= 1069910) AND (id <= 1070909))

table 7 : explain SELECT c FROM sbtest7 WHERE id BETWEEN 8254270 AND 8255269 ORDER BY c
	Sort  (cost=3844.28..3846.73 rows=979 width=121)
	  Sort Key: c
	  ->  Bitmap Heap Scan on sbtest7  (cost=30.47..3795.65 rows=979 width=121)
	        Recheck Cond: ((id >= 8254270) AND (id <= 8255269))
	        ->  Bitmap Index Scan on sbtest7_pkey  (cost=0.00..30.22 rows=979 width=0)
	              Index Cond: ((id >= 8254270) AND (id <= 8255269))

table 8 : explain SELECT c FROM sbtest8 WHERE id BETWEEN 2465762 AND 2466761 ORDER BY c
	Sort  (cost=3414.05..3416.21 rows=867 width=121)
	  Sort Key: c
	  ->  Bitmap Heap Scan on sbtest8  (cost=29.32..3371.74 rows=867 width=121)
	        Recheck Cond: ((id >= 2465762) AND (id <= 2466761))
	        ->  Bitmap Index Scan on sbtest8_pkey  (cost=0.00..29.11 rows=867 width=0)
	              Index Cond: ((id >= 2465762) AND (id <= 2466761))

for: order_ranges
table 1 : explain SELECT c FROM sbtest1 WHERE id BETWEEN 8014371 AND 8015370 ORDER BY c
	Sort  (cost=3794.31..3796.73 rows=966 width=121)
	  Sort Key: c
	  ->  Bitmap Heap Scan on sbtest1  (cost=30.34..3746.42 rows=966 width=121)
	        Recheck Cond: ((id >= 8014371) AND (id <= 8015370))
	        ->  Bitmap Index Scan on sbtest1_pkey  (cost=0.00..30.09 rows=966 width=0)
	              Index Cond: ((id >= 8014371) AND (id <= 8015370))

table 2 : explain SELECT c FROM sbtest2 WHERE id BETWEEN 3159807 AND 3160806 ORDER BY c
	Sort  (cost=3997.52..4000.06 rows=1019 width=121)
	  Sort Key: c
	  ->  Bitmap Heap Scan on sbtest2  (cost=30.88..3946.60 rows=1019 width=121)
	        Recheck Cond: ((id >= 3159807) AND (id <= 3160806))
	        ->  Bitmap Index Scan on sbtest2_pkey  (cost=0.00..30.62 rows=1019 width=0)
	              Index Cond: ((id >= 3159807) AND (id <= 3160806))

table 3 : explain SELECT c FROM sbtest3 WHERE id BETWEEN 8461880 AND 8462879 ORDER BY c
	Sort  (cost=4077.64..4080.24 rows=1040 width=121)
	  Sort Key: c
	  ->  Bitmap Heap Scan on sbtest3  (cost=31.09..4025.52 rows=1040 width=121)
	        Recheck Cond: ((id >= 8461880) AND (id <= 8462879))
	        ->  Bitmap Index Scan on sbtest3_pkey  (cost=0.00..30.83 rows=1040 width=0)
	              Index Cond: ((id >= 8461880) AND (id <= 8462879))

table 4 : explain SELECT c FROM sbtest4 WHERE id BETWEEN 3091225 AND 3092224 ORDER BY c
	Sort  (cost=4039.92..4042.50 rows=1030 width=121)
	  Sort Key: c
	  ->  Bitmap Heap Scan on sbtest4  (cost=30.99..3988.38 rows=1030 width=121)
	        Recheck Cond: ((id >= 3091225) AND (id <= 3092224))
	        ->  Bitmap Index Scan on sbtest4_pkey  (cost=0.00..30.73 rows=1030 width=0)
	              Index Cond: ((id >= 3091225) AND (id <= 3092224))

table 5 : explain SELECT c FROM sbtest5 WHERE id BETWEEN 2987604 AND 2988603 ORDER BY c
	Sort  (cost=3859.59..3862.05 rows=983 width=121)
	  Sort Key: c
	  ->  Bitmap Heap Scan on sbtest5  (cost=30.51..3810.73 rows=983 width=121)
	        Recheck Cond: ((id >= 2987604) AND (id <= 2988603))
	        ->  Bitmap Index Scan on sbtest5_pkey  (cost=0.00..30.26 rows=983 width=0)
	              Index Cond: ((id >= 2987604) AND (id <= 2988603))

table 6 : explain SELECT c FROM sbtest6 WHERE id BETWEEN 4669233 AND 4670232 ORDER BY c
	Sort  (cost=3840.09..3842.53 rows=978 width=121)
	  Sort Key: c
	  ->  Bitmap Heap Scan on sbtest6  (cost=30.46..3791.51 rows=978 width=121)
	        Recheck Cond: ((id >= 4669233) AND (id <= 4670232))
	        ->  Bitmap Index Scan on sbtest6_pkey  (cost=0.00..30.21 rows=978 width=0)
	              Index Cond: ((id >= 4669233) AND (id <= 4670232))

table 7 : explain SELECT c FROM sbtest7 WHERE id BETWEEN 6005470 AND 6006469 ORDER BY c
	Sort  (cost=3779.08..3781.48 rows=962 width=121)
	  Sort Key: c
	  ->  Bitmap Heap Scan on sbtest7  (cost=30.30..3731.41 rows=962 width=121)
	        Recheck Cond: ((id >= 6005470) AND (id <= 6006469))
	        ->  Bitmap Index Scan on sbtest7_pkey  (cost=0.00..30.05 rows=962 width=0)
	              Index Cond: ((id >= 6005470) AND (id <= 6006469))

table 8 : explain SELECT c FROM sbtest8 WHERE id BETWEEN 9246533 AND 9247532 ORDER BY c
	Sort  (cost=3683.11..3685.45 rows=937 width=121)
	  Sort Key: c
	  ->  Bitmap Heap Scan on sbtest8  (cost=30.04..3636.86 rows=937 width=121)
	        Recheck Cond: ((id >= 9246533) AND (id <= 9247532))
	        ->  Bitmap Index Scan on sbtest8_pkey  (cost=0.00..29.80 rows=937 width=0)
	              Index Cond: ((id >= 9246533) AND (id <= 9247532))

for: order_ranges
table 1 : explain SELECT c FROM sbtest1 WHERE id BETWEEN 3621491 AND 3622490 ORDER BY c
	Sort  (cost=3625.42..3627.72 rows=922 width=121)
	  Sort Key: c
	  ->  Bitmap Heap Scan on sbtest1  (cost=29.89..3580.02 rows=922 width=121)
	        Recheck Cond: ((id >= 3621491) AND (id <= 3622490))
	        ->  Bitmap Index Scan on sbtest1_pkey  (cost=0.00..29.65 rows=922 width=0)
	              Index Cond: ((id >= 3621491) AND (id <= 3622490))

table 2 : explain SELECT c FROM sbtest2 WHERE id BETWEEN 5244755 AND 5245754 ORDER BY c
	Sort  (cost=3863.41..3865.87 rows=984 width=121)
	  Sort Key: c
	  ->  Bitmap Heap Scan on sbtest2  (cost=30.52..3814.49 rows=984 width=121)
	        Recheck Cond: ((id >= 5244755) AND (id <= 5245754))
	        ->  Bitmap Index Scan on sbtest2_pkey  (cost=0.00..30.27 rows=984 width=0)
	              Index Cond: ((id >= 5244755) AND (id <= 5245754))

table 3 : explain SELECT c FROM sbtest3 WHERE id BETWEEN 7386664 AND 7387663 ORDER BY c
	Sort  (cost=4108.42..4111.04 rows=1047 width=121)
	  Sort Key: c
	  ->  Bitmap Heap Scan on sbtest3  (cost=35.17..4055.91 rows=1047 width=121)
	        Recheck Cond: ((id >= 7386664) AND (id <= 7387663))
	        ->  Bitmap Index Scan on sbtest3_pkey  (cost=0.00..34.91 rows=1047 width=0)
	              Index Cond: ((id >= 7386664) AND (id <= 7387663))

table 4 : explain SELECT c FROM sbtest4 WHERE id BETWEEN 7499416 AND 7500415 ORDER BY c
	Sort  (cost=4047.58..4050.16 rows=1032 width=121)
	  Sort Key: c
	  ->  Bitmap Heap Scan on sbtest4  (cost=31.01..3995.92 rows=1032 width=121)
	        Recheck Cond: ((id >= 7499416) AND (id <= 7500415))
	        ->  Bitmap Index Scan on sbtest4_pkey  (cost=0.00..30.75 rows=1032 width=0)
	              Index Cond: ((id >= 7499416) AND (id <= 7500415))

table 5 : explain SELECT c FROM sbtest5 WHERE id BETWEEN 7465385 AND 7466384 ORDER BY c
	Sort  (cost=3894.09..3896.57 rows=992 width=121)
	  Sort Key: c
	  ->  Bitmap Heap Scan on sbtest5  (cost=30.60..3844.72 rows=992 width=121)
	        Recheck Cond: ((id >= 7465385) AND (id <= 7466384))
	        ->  Bitmap Index Scan on sbtest5_pkey  (cost=0.00..30.36 rows=992 width=0)
	              Index Cond: ((id >= 7465385) AND (id <= 7466384))

table 6 : explain SELECT c FROM sbtest6 WHERE id BETWEEN 5723561 AND 5724560 ORDER BY c
	Sort  (cost=3797.90..3800.32 rows=967 width=121)
	  Sort Key: c
	  ->  Bitmap Heap Scan on sbtest6  (cost=30.35..3749.95 rows=967 width=121)
	        Recheck Cond: ((id >= 5723561) AND (id <= 5724560))
	        ->  Bitmap Index Scan on sbtest6_pkey  (cost=0.00..30.11 rows=967 width=0)
	              Index Cond: ((id >= 5723561) AND (id <= 5724560))

table 7 : explain SELECT c FROM sbtest7 WHERE id BETWEEN 5035741 AND 5036740 ORDER BY c
	Sort  (cost=3947.77..3950.28 rows=1006 width=121)
	  Sort Key: c
	  ->  Bitmap Heap Scan on sbtest7  (cost=30.75..3897.60 rows=1006 width=121)
	        Recheck Cond: ((id >= 5035741) AND (id <= 5036740))
	        ->  Bitmap Index Scan on sbtest7_pkey  (cost=0.00..30.50 rows=1006 width=0)
	              Index Cond: ((id >= 5035741) AND (id <= 5036740))

table 8 : explain SELECT c FROM sbtest8 WHERE id BETWEEN 1911593 AND 1912592 ORDER BY c
	Sort  (cost=3844.26..3846.71 rows=979 width=121)
	  Sort Key: c
	  ->  Bitmap Heap Scan on sbtest8  (cost=30.47..3795.63 rows=979 width=121)
	        Recheck Cond: ((id >= 1911593) AND (id <= 1912592))
	        ->  Bitmap Index Scan on sbtest8_pkey  (cost=0.00..30.22 rows=979 width=0)
	              Index Cond: ((id >= 1911593) AND (id <= 1912592))

for point_selects
table 1 : explain SELECT c FROM sbtest1 WHERE id=8368732
	Index Scan using sbtest1_pkey on sbtest1  (cost=0.43..8.45 rows=1 width=121)
	  Index Cond: (id = 8368732)

table 2 : explain SELECT c FROM sbtest2 WHERE id=5237564
	Index Scan using sbtest2_pkey on sbtest2  (cost=0.43..8.45 rows=1 width=121)
	  Index Cond: (id = 5237564)

table 3 : explain SELECT c FROM sbtest3 WHERE id=5320326
	Index Scan using sbtest3_pkey on sbtest3  (cost=0.43..8.45 rows=1 width=121)
	  Index Cond: (id = 5320326)

table 4 : explain SELECT c FROM sbtest4 WHERE id=988857
	Index Scan using sbtest4_pkey on sbtest4  (cost=0.43..8.45 rows=1 width=121)
	  Index Cond: (id = 988857)

table 5 : explain SELECT c FROM sbtest5 WHERE id=4460488
	Index Scan using sbtest5_pkey on sbtest5  (cost=0.43..8.45 rows=1 width=121)
	  Index Cond: (id = 4460488)

table 6 : explain SELECT c FROM sbtest6 WHERE id=4930044
	Index Scan using sbtest6_pkey on sbtest6  (cost=0.43..8.45 rows=1 width=121)
	  Index Cond: (id = 4930044)

table 7 : explain SELECT c FROM sbtest7 WHERE id=9419253
	Index Scan using sbtest7_pkey on sbtest7  (cost=0.43..8.45 rows=1 width=121)
	  Index Cond: (id = 9419253)

table 8 : explain SELECT c FROM sbtest8 WHERE id=5690222
	Index Scan using sbtest8_pkey on sbtest8  (cost=0.43..8.45 rows=1 width=121)
	  Index Cond: (id = 5690222)

for: sum_ranges
table 1 : explain SELECT SUM(k) FROM sbtest1 WHERE id BETWEEN 2068195 AND 2069194
	Aggregate  (cost=3438.31..3438.32 rows=1 width=8)
	  ->  Bitmap Heap Scan on sbtest1  (cost=29.50..3436.10 rows=884 width=4)
	        Recheck Cond: ((id >= 2068195) AND (id <= 2069194))
	        ->  Bitmap Index Scan on sbtest1_pkey  (cost=0.00..29.27 rows=884 width=0)
	              Index Cond: ((id >= 2068195) AND (id <= 2069194))

table 2 : explain SELECT SUM(k) FROM sbtest2 WHERE id BETWEEN 9892348 AND 9893347
	Aggregate  (cost=3718.64..3718.65 rows=1 width=8)
	  ->  Bitmap Heap Scan on sbtest2  (cost=30.25..3716.25 rows=958 width=4)
	        Recheck Cond: ((id >= 9892348) AND (id <= 9893347))
	        ->  Bitmap Index Scan on sbtest2_pkey  (cost=0.00..30.01 rows=958 width=0)
	              Index Cond: ((id >= 9892348) AND (id <= 9893347))

table 3 : explain SELECT SUM(k) FROM sbtest3 WHERE id BETWEEN 6611202 AND 6612201
	Aggregate  (cost=3703.27..3703.28 rows=1 width=8)
	  ->  Bitmap Heap Scan on sbtest3  (cost=30.21..3700.89 rows=954 width=4)
	        Recheck Cond: ((id >= 6611202) AND (id <= 6612201))
	        ->  Bitmap Index Scan on sbtest3_pkey  (cost=0.00..29.97 rows=954 width=0)
	              Index Cond: ((id >= 6611202) AND (id <= 6612201))

table 4 : explain SELECT SUM(k) FROM sbtest4 WHERE id BETWEEN 293914 AND 294913
	Aggregate  (cost=4032.46..4032.47 rows=1 width=8)
	  ->  Bitmap Heap Scan on sbtest4  (cost=31.11..4029.86 rows=1041 width=4)
	        Recheck Cond: ((id >= 293914) AND (id <= 294913))
	        ->  Bitmap Index Scan on sbtest4_pkey  (cost=0.00..30.84 rows=1041 width=0)
	              Index Cond: ((id >= 293914) AND (id <= 294913))

table 5 : explain SELECT SUM(k) FROM sbtest5 WHERE id BETWEEN 4171652 AND 4172651
	Aggregate  (cost=4051.04..4051.05 rows=1 width=8)
	  ->  Bitmap Heap Scan on sbtest5  (cost=31.16..4048.43 rows=1046 width=4)
	        Recheck Cond: ((id >= 4171652) AND (id <= 4172651))
	        ->  Bitmap Index Scan on sbtest5_pkey  (cost=0.00..30.89 rows=1046 width=0)
	              Index Cond: ((id >= 4171652) AND (id <= 4172651))

table 6 : explain SELECT SUM(k) FROM sbtest6 WHERE id BETWEEN 921200 AND 922199
	Aggregate  (cost=3986.78..3986.79 rows=1 width=8)
	  ->  Bitmap Heap Scan on sbtest6  (cost=34.97..3984.21 rows=1028 width=4)
	        Recheck Cond: ((id >= 921200) AND (id <= 922199))
	        ->  Bitmap Index Scan on sbtest6_pkey  (cost=0.00..34.72 rows=1028 width=0)
	              Index Cond: ((id >= 921200) AND (id <= 922199))

table 7 : explain SELECT SUM(k) FROM sbtest7 WHERE id BETWEEN 8378069 AND 8379068
	Aggregate  (cost=3854.78..3854.79 rows=1 width=8)
	  ->  Bitmap Heap Scan on sbtest7  (cost=30.62..3852.30 rows=994 width=4)
	        Recheck Cond: ((id >= 8378069) AND (id <= 8379068))
	        ->  Bitmap Index Scan on sbtest7_pkey  (cost=0.00..30.37 rows=994 width=0)
	              Index Cond: ((id >= 8378069) AND (id <= 8379068))

table 8 : explain SELECT SUM(k) FROM sbtest8 WHERE id BETWEEN 3947590 AND 3948589
	Aggregate  (cost=3495.26..3495.27 rows=1 width=8)
	  ->  Bitmap Heap Scan on sbtest8  (cost=29.65..3493.02 rows=899 width=4)
	        Recheck Cond: ((id >= 3947590) AND (id <= 3948589))
	        ->  Bitmap Index Scan on sbtest8_pkey  (cost=0.00..29.43 rows=899 width=0)
	              Index Cond: ((id >= 3947590) AND (id <= 3948589))

for: distinct_ranges
table 1 : explain SELECT DISTINCT c FROM sbtest1 WHERE id BETWEEN 5605672 AND 5606671 ORDER BY c
	Unique  (cost=4028.08..4033.21 rows=1027 width=121)
	  ->  Sort  (cost=4028.08..4030.64 rows=1027 width=121)
	        Sort Key: c
	        ->  Bitmap Heap Scan on sbtest1  (cost=30.96..3976.70 rows=1027 width=121)
	              Recheck Cond: ((id >= 5605672) AND (id <= 5606671))
	              ->  Bitmap Index Scan on sbtest1_pkey  (cost=0.00..30.70 rows=1027 width=0)
	                    Index Cond: ((id >= 5605672) AND (id <= 5606671))

table 2 : explain SELECT DISTINCT c FROM sbtest2 WHERE id BETWEEN 7931789 AND 7932788 ORDER BY c
	Unique  (cost=4070.43..4075.62 rows=1037 width=121)
	  ->  Sort  (cost=4070.43..4073.02 rows=1037 width=121)
	        Sort Key: c
	        ->  Bitmap Heap Scan on sbtest2  (cost=35.06..4018.49 rows=1037 width=121)
	              Recheck Cond: ((id >= 7931789) AND (id <= 7932788))
	              ->  Bitmap Index Scan on sbtest2_pkey  (cost=0.00..34.81 rows=1037 width=0)
	                    Index Cond: ((id >= 7931789) AND (id <= 7932788))

table 3 : explain SELECT DISTINCT c FROM sbtest3 WHERE id BETWEEN 5605732 AND 5606731 ORDER BY c
	Unique  (cost=3782.63..3787.44 rows=963 width=121)
	  ->  Sort  (cost=3782.63..3785.03 rows=963 width=121)
	        Sort Key: c
	        ->  Bitmap Heap Scan on sbtest3  (cost=30.31..3734.90 rows=963 width=121)
	              Recheck Cond: ((id >= 5605732) AND (id <= 5606731))
	              ->  Bitmap Index Scan on sbtest3_pkey  (cost=0.00..30.07 rows=963 width=0)
	                    Index Cond: ((id >= 5605732) AND (id <= 5606731))

table 4 : explain SELECT DISTINCT c FROM sbtest4 WHERE id BETWEEN 7083486 AND 7084485 ORDER BY c
	Unique  (cost=4036.10..4041.24 rows=1029 width=121)
	  ->  Sort  (cost=4036.10..4038.67 rows=1029 width=121)
	        Sort Key: c
	        ->  Bitmap Heap Scan on sbtest4  (cost=30.98..3984.61 rows=1029 width=121)
	              Recheck Cond: ((id >= 7083486) AND (id <= 7084485))
	              ->  Bitmap Index Scan on sbtest4_pkey  (cost=0.00..30.72 rows=1029 width=0)
	                    Index Cond: ((id >= 7083486) AND (id <= 7084485))

table 5 : explain SELECT DISTINCT c FROM sbtest5 WHERE id BETWEEN 7596152 AND 7597151 ORDER BY c
	Unique  (cost=3763.70..3768.49 rows=958 width=121)
	  ->  Sort  (cost=3763.70..3766.10 rows=958 width=121)
	        Sort Key: c
	        ->  Bitmap Heap Scan on sbtest5  (cost=30.25..3716.26 rows=958 width=121)
	              Recheck Cond: ((id >= 7596152) AND (id <= 7597151))
	              ->  Bitmap Index Scan on sbtest5_pkey  (cost=0.00..30.01 rows=958 width=0)
	                    Index Cond: ((id >= 7596152) AND (id <= 7597151))

table 6 : explain SELECT DISTINCT c FROM sbtest6 WHERE id BETWEEN 7088774 AND 7089773 ORDER BY c
	Unique  (cost=3575.25..3579.80 rows=909 width=121)
	  ->  Sort  (cost=3575.25..3577.52 rows=909 width=121)
	        Sort Key: c
	        ->  Bitmap Heap Scan on sbtest6  (cost=29.75..3530.58 rows=909 width=121)
	              Recheck Cond: ((id >= 7088774) AND (id <= 7089773))
	              ->  Bitmap Index Scan on sbtest6_pkey  (cost=0.00..29.52 rows=909 width=0)
	                    Index Cond: ((id >= 7088774) AND (id <= 7089773))

table 7 : explain SELECT DISTINCT c FROM sbtest7 WHERE id BETWEEN 8413247 AND 8414246 ORDER BY c
	Unique  (cost=3901.78..3906.75 rows=994 width=121)
	  ->  Sort  (cost=3901.78..3904.27 rows=994 width=121)
	        Sort Key: c
	        ->  Bitmap Heap Scan on sbtest7  (cost=30.62..3852.30 rows=994 width=121)
	              Recheck Cond: ((id >= 8413247) AND (id <= 8414246))
	              ->  Bitmap Index Scan on sbtest7_pkey  (cost=0.00..30.37 rows=994 width=0)
	                    Index Cond: ((id >= 8413247) AND (id <= 8414246))

table 8 : explain SELECT DISTINCT c FROM sbtest8 WHERE id BETWEEN 7576014 AND 7577013 ORDER BY c
	Unique  (cost=3932.42..3937.43 rows=1002 width=121)
	  ->  Sort  (cost=3932.42..3934.93 rows=1002 width=121)
	        Sort Key: c
	        ->  Bitmap Heap Scan on sbtest8  (cost=30.71..3882.48 rows=1002 width=121)
	              Recheck Cond: ((id >= 7576014) AND (id <= 7577013))
	              ->  Bitmap Index Scan on sbtest8_pkey  (cost=0.00..30.45 rows=1002 width=0)
	                    Index Cond: ((id >= 7576014) AND (id <= 7577013))

for: distinct_ranges
table 1 : explain SELECT DISTINCT c FROM sbtest1 WHERE id BETWEEN 1302998 AND 1303997 ORDER BY c
	Unique  (cost=3813.49..3818.34 rows=971 width=121)
	  ->  Sort  (cost=3813.49..3815.92 rows=971 width=121)
	        Sort Key: c
	        ->  Bitmap Heap Scan on sbtest1  (cost=30.39..3765.31 rows=971 width=121)
	              Recheck Cond: ((id >= 1302998) AND (id <= 1303997))
	              ->  Bitmap Index Scan on sbtest1_pkey  (cost=0.00..30.14 rows=971 width=0)
	                    Index Cond: ((id >= 1302998) AND (id <= 1303997))

table 2 : explain SELECT DISTINCT c FROM sbtest2 WHERE id BETWEEN 780631 AND 781630 ORDER BY c
	Unique  (cost=4085.74..4090.94 rows=1041 width=121)
	  ->  Sort  (cost=4085.74..4088.34 rows=1041 width=121)
	        Sort Key: c
	        ->  Bitmap Heap Scan on sbtest2  (cost=35.11..4033.57 rows=1041 width=121)
	              Recheck Cond: ((id >= 780631) AND (id <= 781630))
	              ->  Bitmap Index Scan on sbtest2_pkey  (cost=0.00..34.84 rows=1041 width=0)
	                    Index Cond: ((id >= 780631) AND (id <= 781630))

table 3 : explain SELECT DISTINCT c FROM sbtest3 WHERE id BETWEEN 5923245 AND 5924244 ORDER BY c
	Unique  (cost=3698.21..3702.91 rows=941 width=121)
	  ->  Sort  (cost=3698.21..3700.56 rows=941 width=121)
	        Sort Key: c
	        ->  Bitmap Heap Scan on sbtest3  (cost=30.08..3651.73 rows=941 width=121)
	              Recheck Cond: ((id >= 5923245) AND (id <= 5924244))
	              ->  Bitmap Index Scan on sbtest3_pkey  (cost=0.00..29.84 rows=941 width=0)
	                    Index Cond: ((id >= 5923245) AND (id <= 5924244))

table 4 : explain SELECT DISTINCT c FROM sbtest4 WHERE id BETWEEN 2878545 AND 2879544 ORDER BY c
	Unique  (cost=3859.84..3864.76 rows=983 width=121)
	  ->  Sort  (cost=3859.84..3862.30 rows=983 width=121)
	        Sort Key: c
	        ->  Bitmap Heap Scan on sbtest4  (cost=30.51..3810.98 rows=983 width=121)
	              Recheck Cond: ((id >= 2878545) AND (id <= 2879544))
	              ->  Bitmap Index Scan on sbtest4_pkey  (cost=0.00..30.26 rows=983 width=0)
	                    Index Cond: ((id >= 2878545) AND (id <= 2879544))

table 5 : explain SELECT DISTINCT c FROM sbtest5 WHERE id BETWEEN 406345 AND 407344 ORDER BY c
	Unique  (cost=3713.81..3718.54 rows=945 width=121)
	  ->  Sort  (cost=3713.81..3716.18 rows=945 width=121)
	        Sort Key: c
	        ->  Bitmap Heap Scan on sbtest5  (cost=30.12..3667.11 rows=945 width=121)
	              Recheck Cond: ((id >= 406345) AND (id <= 407344))
	              ->  Bitmap Index Scan on sbtest5_pkey  (cost=0.00..29.89 rows=945 width=0)
	                    Index Cond: ((id >= 406345) AND (id <= 407344))

table 6 : explain SELECT DISTINCT c FROM sbtest6 WHERE id BETWEEN 4486238 AND 4487237 ORDER BY c
	Unique  (cost=4150.43..4155.72 rows=1058 width=121)
	  ->  Sort  (cost=4150.43..4153.07 rows=1058 width=121)
	        Sort Key: c
	        ->  Bitmap Heap Scan on sbtest6  (cost=35.28..4097.28 rows=1058 width=121)
	              Recheck Cond: ((id >= 4486238) AND (id <= 4487237))
	              ->  Bitmap Index Scan on sbtest6_pkey  (cost=0.00..35.02 rows=1058 width=0)
	                    Index Cond: ((id >= 4486238) AND (id <= 4487237))

table 7 : explain SELECT DISTINCT c FROM sbtest7 WHERE id BETWEEN 956192 AND 957191 ORDER BY c
	Unique  (cost=4437.40..4443.07 rows=1133 width=121)
	  ->  Sort  (cost=4437.40..4440.23 rows=1133 width=121)
	        Sort Key: c
	        ->  Bitmap Heap Scan on sbtest7  (cost=36.05..4379.93 rows=1133 width=121)
	              Recheck Cond: ((id >= 956192) AND (id <= 957191))
	              ->  Bitmap Index Scan on sbtest7_pkey  (cost=0.00..35.77 rows=1133 width=0)
	                    Index Cond: ((id >= 956192) AND (id <= 957191))

table 8 : explain SELECT DISTINCT c FROM sbtest8 WHERE id BETWEEN 6269178 AND 6270177 ORDER BY c
	Unique  (cost=3809.75..3814.60 rows=970 width=121)
	  ->  Sort  (cost=3809.75..3812.17 rows=970 width=121)
	        Sort Key: c
	        ->  Bitmap Heap Scan on sbtest8  (cost=30.38..3761.63 rows=970 width=121)
	              Recheck Cond: ((id >= 6269178) AND (id <= 6270177))
	              ->  Bitmap Index Scan on sbtest8_pkey  (cost=0.00..30.14 rows=970 width=0)
	                    Index Cond: ((id >= 6269178) AND (id <= 6270177))

for: distinct_ranges
table 1 : explain SELECT DISTINCT c FROM sbtest1 WHERE id BETWEEN 2271737 AND 2272736 ORDER BY c
	Unique  (cost=3871.00..3875.93 rows=986 width=121)
	  ->  Sort  (cost=3871.00..3873.47 rows=986 width=121)
	        Sort Key: c
	        ->  Bitmap Heap Scan on sbtest1  (cost=30.54..3821.97 rows=986 width=121)
	              Recheck Cond: ((id >= 2271737) AND (id <= 2272736))
	              ->  Bitmap Index Scan on sbtest1_pkey  (cost=0.00..30.29 rows=986 width=0)
	                    Index Cond: ((id >= 2271737) AND (id <= 2272736))

table 2 : explain SELECT DISTINCT c FROM sbtest2 WHERE id BETWEEN 5980987 AND 5981986 ORDER BY c
	Unique  (cost=3748.34..3753.11 rows=954 width=121)
	  ->  Sort  (cost=3748.34..3750.72 rows=954 width=121)
	        Sort Key: c
	        ->  Bitmap Heap Scan on sbtest2  (cost=30.21..3701.13 rows=954 width=121)
	              Recheck Cond: ((id >= 5980987) AND (id <= 5981986))
	              ->  Bitmap Index Scan on sbtest2_pkey  (cost=0.00..29.97 rows=954 width=0)
	                    Index Cond: ((id >= 5980987) AND (id <= 5981986))

table 3 : explain SELECT DISTINCT c FROM sbtest3 WHERE id BETWEEN 9610508 AND 9611507 ORDER BY c
	Unique  (cost=3897.65..3902.61 rows=993 width=121)
	  ->  Sort  (cost=3897.65..3900.13 rows=993 width=121)
	        Sort Key: c
	        ->  Bitmap Heap Scan on sbtest3  (cost=30.61..3848.22 rows=993 width=121)
	              Recheck Cond: ((id >= 9610508) AND (id <= 9611507))
	              ->  Bitmap Index Scan on sbtest3_pkey  (cost=0.00..30.36 rows=993 width=0)
	                    Index Cond: ((id >= 9610508) AND (id <= 9611507))

table 4 : explain SELECT DISTINCT c FROM sbtest4 WHERE id BETWEEN 3260713 AND 3261712 ORDER BY c
	Unique  (cost=3928.84..3933.85 rows=1001 width=121)
	  ->  Sort  (cost=3928.84..3931.34 rows=1001 width=121)
	        Sort Key: c
	        ->  Bitmap Heap Scan on sbtest4  (cost=30.70..3878.95 rows=1001 width=121)
	              Recheck Cond: ((id >= 3260713) AND (id <= 3261712))
	              ->  Bitmap Index Scan on sbtest4_pkey  (cost=0.00..30.44 rows=1001 width=0)
	                    Index Cond: ((id >= 3260713) AND (id <= 3261712))

table 5 : explain SELECT DISTINCT c FROM sbtest5 WHERE id BETWEEN 1965785 AND 1966784 ORDER BY c
	Unique  (cost=4211.99..4217.36 rows=1074 width=121)
	  ->  Sort  (cost=4211.99..4214.67 rows=1074 width=121)
	        Sort Key: c
	        ->  Bitmap Heap Scan on sbtest5  (cost=35.44..4157.92 rows=1074 width=121)
	              Recheck Cond: ((id >= 1965785) AND (id <= 1966784))
	              ->  Bitmap Index Scan on sbtest5_pkey  (cost=0.00..35.18 rows=1074 width=0)
	                    Index Cond: ((id >= 1965785) AND (id <= 1966784))

table 6 : explain SELECT DISTINCT c FROM sbtest6 WHERE id BETWEEN 6211797 AND 6212796 ORDER BY c
	Unique  (cost=3962.71..3967.76 rows=1010 width=121)
	  ->  Sort  (cost=3962.71..3965.24 rows=1010 width=121)
	        Sort Key: c
	        ->  Bitmap Heap Scan on sbtest6  (cost=30.79..3912.31 rows=1010 width=121)
	              Recheck Cond: ((id >= 6211797) AND (id <= 6212796))
	              ->  Bitmap Index Scan on sbtest6_pkey  (cost=0.00..30.54 rows=1010 width=0)
	                    Index Cond: ((id >= 6211797) AND (id <= 6212796))

table 7 : explain SELECT DISTINCT c FROM sbtest7 WHERE id BETWEEN 9101375 AND 9102374 ORDER BY c
	Unique  (cost=3848.12..3853.02 rows=980 width=121)
	  ->  Sort  (cost=3848.12..3850.57 rows=980 width=121)
	        Sort Key: c
	        ->  Bitmap Heap Scan on sbtest7  (cost=30.48..3799.43 rows=980 width=121)
	              Recheck Cond: ((id >= 9101375) AND (id <= 9102374))
	              ->  Bitmap Index Scan on sbtest7_pkey  (cost=0.00..30.23 rows=980 width=0)
	                    Index Cond: ((id >= 9101375) AND (id <= 9102374))

table 8 : explain SELECT DISTINCT c FROM sbtest8 WHERE id BETWEEN 3150119 AND 3151118 ORDER BY c
	Unique  (cost=3851.93..3856.84 rows=981 width=121)
	  ->  Sort  (cost=3851.93..3854.38 rows=981 width=121)
	        Sort Key: c
	        ->  Bitmap Heap Scan on sbtest8  (cost=30.49..3803.18 rows=981 width=121)
	              Recheck Cond: ((id >= 3150119) AND (id <= 3151118))
	              ->  Bitmap Index Scan on sbtest8_pkey  (cost=0.00..30.25 rows=981 width=0)
	                    Index Cond: ((id >= 3150119) AND (id <= 3151118))

for: sum_ranges
table 1 : explain SELECT SUM(k) FROM sbtest1 WHERE id BETWEEN 2459352 AND 2460351
	Aggregate  (cost=4273.50..4273.51 rows=1 width=8)
	  ->  Bitmap Heap Scan on sbtest1  (cost=35.75..4270.74 rows=1104 width=4)
	        Recheck Cond: ((id >= 2459352) AND (id <= 2460351))
	        ->  Bitmap Index Scan on sbtest1_pkey  (cost=0.00..35.48 rows=1104 width=0)
	              Index Cond: ((id >= 2459352) AND (id <= 2460351))

table 2 : explain SELECT SUM(k) FROM sbtest2 WHERE id BETWEEN 5478159 AND 5479158
	Aggregate  (cost=3347.32..3347.33 rows=1 width=8)
	  ->  Bitmap Heap Scan on sbtest2  (cost=29.25..3345.17 rows=860 width=4)
	        Recheck Cond: ((id >= 5478159) AND (id <= 5479158))
	        ->  Bitmap Index Scan on sbtest2_pkey  (cost=0.00..29.04 rows=860 width=0)
	              Index Cond: ((id >= 5478159) AND (id <= 5479158))

table 3 : explain SELECT SUM(k) FROM sbtest3 WHERE id BETWEEN 1257861 AND 1258860
	Aggregate  (cost=3880.92..3880.93 rows=1 width=8)
	  ->  Bitmap Heap Scan on sbtest3  (cost=30.70..3878.42 rows=1001 width=4)
	        Recheck Cond: ((id >= 1257861) AND (id <= 1258860))
	        ->  Bitmap Index Scan on sbtest3_pkey  (cost=0.00..30.44 rows=1001 width=0)
	              Index Cond: ((id >= 1257861) AND (id <= 1258860))

table 4 : explain SELECT SUM(k) FROM sbtest4 WHERE id BETWEEN 6959191 AND 6960190
	Aggregate  (cost=3972.08..3972.09 rows=1 width=8)
	  ->  Bitmap Heap Scan on sbtest4  (cost=30.94..3969.52 rows=1025 width=4)
	        Recheck Cond: ((id >= 6959191) AND (id <= 6960190))
	        ->  Bitmap Index Scan on sbtest4_pkey  (cost=0.00..30.68 rows=1025 width=0)
	              Index Cond: ((id >= 6959191) AND (id <= 6960190))

table 5 : explain SELECT SUM(k) FROM sbtest5 WHERE id BETWEEN 117690 AND 118689
	Aggregate  (cost=4303.71..4303.72 rows=1 width=8)
	  ->  Bitmap Heap Scan on sbtest5  (cost=35.83..4300.93 rows=1112 width=4)
	        Recheck Cond: ((id >= 117690) AND (id <= 118689))
	        ->  Bitmap Index Scan on sbtest5_pkey  (cost=0.00..35.56 rows=1112 width=0)
	              Index Cond: ((id >= 117690) AND (id <= 118689))

table 6 : explain SELECT SUM(k) FROM sbtest6 WHERE id BETWEEN 7998725 AND 7999724
	Aggregate  (cost=3631.31..3631.32 rows=1 width=8)
	  ->  Bitmap Heap Scan on sbtest6  (cost=30.02..3628.98 rows=935 width=4)
	        Recheck Cond: ((id >= 7998725) AND (id <= 7999724))
	        ->  Bitmap Index Scan on sbtest6_pkey  (cost=0.00..29.79 rows=935 width=0)
	              Index Cond: ((id >= 7998725) AND (id <= 7999724))

table 7 : explain SELECT SUM(k) FROM sbtest7 WHERE id BETWEEN 5208612 AND 5209611
	Aggregate  (cost=4232.21..4232.22 rows=1 width=8)
	  ->  Bitmap Heap Scan on sbtest7  (cost=35.64..4229.48 rows=1093 width=4)
	        Recheck Cond: ((id >= 5208612) AND (id <= 5209611))
	        ->  Bitmap Index Scan on sbtest7_pkey  (cost=0.00..35.37 rows=1093 width=0)
	              Index Cond: ((id >= 5208612) AND (id <= 5209611))

table 8 : explain SELECT SUM(k) FROM sbtest8 WHERE id BETWEEN 6196168 AND 6197167
	Aggregate  (cost=4006.01..4006.02 rows=1 width=8)
	  ->  Bitmap Heap Scan on sbtest8  (cost=35.02..4003.43 rows=1033 width=4)
	        Recheck Cond: ((id >= 6196168) AND (id <= 6197167))
	        ->  Bitmap Index Scan on sbtest8_pkey  (cost=0.00..34.77 rows=1033 width=0)
	              Index Cond: ((id >= 6196168) AND (id <= 6197167))

for: simple_ranges
table 1 : explain SELECT c FROM sbtest1 WHERE id BETWEEN 653801 AND 654800
	Bitmap Heap Scan on sbtest1  (cost=30.99..3988.02 rows=1030 width=121)
	  Recheck Cond: ((id >= 653801) AND (id <= 654800))
	  ->  Bitmap Index Scan on sbtest1_pkey  (cost=0.00..30.73 rows=1030 width=0)
	        Index Cond: ((id >= 653801) AND (id <= 654800))

table 2 : explain SELECT c FROM sbtest2 WHERE id BETWEEN 4524817 AND 4525816
	Bitmap Heap Scan on sbtest2  (cost=35.12..4037.34 rows=1042 width=121)
	  Recheck Cond: ((id >= 4524817) AND (id <= 4525816))
	  ->  Bitmap Index Scan on sbtest2_pkey  (cost=0.00..34.86 rows=1042 width=0)
	        Index Cond: ((id >= 4524817) AND (id <= 4525816))

table 3 : explain SELECT c FROM sbtest3 WHERE id BETWEEN 3015364 AND 3016363
	Bitmap Heap Scan on sbtest3  (cost=30.58..3836.89 rows=990 width=121)
	  Recheck Cond: ((id >= 3015364) AND (id <= 3016363))
	  ->  Bitmap Index Scan on sbtest3_pkey  (cost=0.00..30.33 rows=990 width=0)
	        Index Cond: ((id >= 3015364) AND (id <= 3016363))

table 4 : explain SELECT c FROM sbtest4 WHERE id BETWEEN 1372628 AND 1373627
	Bitmap Heap Scan on sbtest4  (cost=29.94..3599.25 rows=927 width=121)
	  Recheck Cond: ((id >= 1372628) AND (id <= 1373627))
	  ->  Bitmap Index Scan on sbtest4_pkey  (cost=0.00..29.70 rows=927 width=0)
	        Index Cond: ((id >= 1372628) AND (id <= 1373627))

table 5 : explain SELECT c FROM sbtest5 WHERE id BETWEEN 2291442 AND 2292441
	Bitmap Heap Scan on sbtest5  (cost=30.92..3961.71 rows=1023 width=121)
	  Recheck Cond: ((id >= 2291442) AND (id <= 2292441))
	  ->  Bitmap Index Scan on sbtest5_pkey  (cost=0.00..30.66 rows=1023 width=0)
	        Index Cond: ((id >= 2291442) AND (id <= 2292441))

table 6 : explain SELECT c FROM sbtest6 WHERE id BETWEEN 8121370 AND 8122369
	Bitmap Heap Scan on sbtest6  (cost=35.20..4067.14 rows=1050 width=121)
	  Recheck Cond: ((id >= 8121370) AND (id <= 8122369))
	  ->  Bitmap Index Scan on sbtest6_pkey  (cost=0.00..34.94 rows=1050 width=0)
	        Index Cond: ((id >= 8121370) AND (id <= 8122369))

table 7 : explain SELECT c FROM sbtest7 WHERE id BETWEEN 1309109 AND 1310108
	Bitmap Heap Scan on sbtest7  (cost=35.17..4056.23 rows=1047 width=121)
	  Recheck Cond: ((id >= 1309109) AND (id <= 1310108))
	  ->  Bitmap Index Scan on sbtest7_pkey  (cost=0.00..34.91 rows=1047 width=0)
	        Index Cond: ((id >= 1309109) AND (id <= 1310108))

table 8 : explain SELECT c FROM sbtest8 WHERE id BETWEEN 7149535 AND 7150534
	Bitmap Heap Scan on sbtest8  (cost=36.67..4605.24 rows=1194 width=121)
	  Recheck Cond: ((id >= 7149535) AND (id <= 7150534))
	  ->  Bitmap Index Scan on sbtest8_pkey  (cost=0.00..36.38 rows=1194 width=0)
	        Index Cond: ((id >= 7149535) AND (id <= 7150534))

for: simple_ranges
table 1 : explain SELECT c FROM sbtest1 WHERE id BETWEEN 5180100 AND 5181099
	Bitmap Heap Scan on sbtest1  (cost=29.77..3538.38 rows=911 width=121)
	  Recheck Cond: ((id >= 5180100) AND (id <= 5181099))
	  ->  Bitmap Index Scan on sbtest1_pkey  (cost=0.00..29.54 rows=911 width=0)
	        Index Cond: ((id >= 5180100) AND (id <= 5181099))

table 2 : explain SELECT c FROM sbtest2 WHERE id BETWEEN 5230290 AND 5231289
	Bitmap Heap Scan on sbtest2  (cost=30.52..3814.49 rows=984 width=121)
	  Recheck Cond: ((id >= 5230290) AND (id <= 5231289))
	  ->  Bitmap Index Scan on sbtest2_pkey  (cost=0.00..30.27 rows=984 width=0)
	        Index Cond: ((id >= 5230290) AND (id <= 5231289))

table 3 : explain SELECT c FROM sbtest3 WHERE id BETWEEN 953923 AND 954922
	Bitmap Heap Scan on sbtest3  (cost=30.08..3651.73 rows=941 width=121)
	  Recheck Cond: ((id >= 953923) AND (id <= 954922))
	  ->  Bitmap Index Scan on sbtest3_pkey  (cost=0.00..29.84 rows=941 width=0)
	        Index Cond: ((id >= 953923) AND (id <= 954922))

table 4 : explain SELECT c FROM sbtest4 WHERE id BETWEEN 8352512 AND 8353511
	Bitmap Heap Scan on sbtest4  (cost=30.72..3886.50 rows=1003 width=121)
	  Recheck Cond: ((id >= 8352512) AND (id <= 8353511))
	  ->  Bitmap Index Scan on sbtest4_pkey  (cost=0.00..30.46 rows=1003 width=0)
	        Index Cond: ((id >= 8352512) AND (id <= 8353511))

table 5 : explain SELECT c FROM sbtest5 WHERE id BETWEEN 2527895 AND 2528894
	Bitmap Heap Scan on sbtest5  (cost=30.60..3844.72 rows=992 width=121)
	  Recheck Cond: ((id >= 2527895) AND (id <= 2528894))
	  ->  Bitmap Index Scan on sbtest5_pkey  (cost=0.00..30.36 rows=992 width=0)
	        Index Cond: ((id >= 2527895) AND (id <= 2528894))

table 6 : explain SELECT c FROM sbtest6 WHERE id BETWEEN 8733195 AND 8734194
	Bitmap Heap Scan on sbtest6  (cost=30.20..3697.04 rows=953 width=121)
	  Recheck Cond: ((id >= 8733195) AND (id <= 8734194))
	  ->  Bitmap Index Scan on sbtest6_pkey  (cost=0.00..29.96 rows=953 width=0)
	        Index Cond: ((id >= 8733195) AND (id <= 8734194))

table 7 : explain SELECT c FROM sbtest7 WHERE id BETWEEN 7163702 AND 7164701
	Bitmap Heap Scan on sbtest7  (cost=30.34..3746.53 rows=966 width=121)
	  Recheck Cond: ((id >= 7163702) AND (id <= 7164701))
	  ->  Bitmap Index Scan on sbtest7_pkey  (cost=0.00..30.09 rows=966 width=0)
	        Index Cond: ((id >= 7163702) AND (id <= 7164701))

table 8 : explain SELECT c FROM sbtest8 WHERE id BETWEEN 9271610 AND 9272609
	Bitmap Heap Scan on sbtest8  (cost=30.04..3636.86 rows=937 width=121)
	  Recheck Cond: ((id >= 9271610) AND (id <= 9272609))
	  ->  Bitmap Index Scan on sbtest8_pkey  (cost=0.00..29.80 rows=937 width=0)
	        Index Cond: ((id >= 9271610) AND (id <= 9272609))

for: distinct_ranges
table 1 : explain SELECT DISTINCT c FROM sbtest1 WHERE id BETWEEN 9460490 AND 9461489 ORDER BY c
	Unique  (cost=4162.00..4167.31 rows=1062 width=121)
	  ->  Sort  (cost=4162.00..4164.66 rows=1062 width=121)
	        Sort Key: c
	        ->  Bitmap Heap Scan on sbtest1  (cost=31.32..4108.63 rows=1062 width=121)
	              Recheck Cond: ((id >= 9460490) AND (id <= 9461489))
	              ->  Bitmap Index Scan on sbtest1_pkey  (cost=0.00..31.05 rows=1062 width=0)
	                    Index Cond: ((id >= 9460490) AND (id <= 9461489))

table 2 : explain SELECT DISTINCT c FROM sbtest2 WHERE id BETWEEN 7595029 AND 7596028 ORDER BY c
	Unique  (cost=3970.71..3975.77 rows=1012 width=121)
	  ->  Sort  (cost=3970.71..3973.24 rows=1012 width=121)
	        Sort Key: c
	        ->  Bitmap Heap Scan on sbtest2  (cost=30.81..3920.19 rows=1012 width=121)
	              Recheck Cond: ((id >= 7595029) AND (id <= 7596028))
	              ->  Bitmap Index Scan on sbtest2_pkey  (cost=0.00..30.55 rows=1012 width=0)
	                    Index Cond: ((id >= 7595029) AND (id <= 7596028))

table 3 : explain SELECT DISTINCT c FROM sbtest3 WHERE id BETWEEN 8663756 AND 8664755 ORDER BY c
	Unique  (cost=4303.40..4308.89 rows=1098 width=121)
	  ->  Sort  (cost=4303.40..4306.14 rows=1098 width=121)
	        Sort Key: c
	        ->  Bitmap Heap Scan on sbtest3  (cost=35.69..4247.95 rows=1098 width=121)
	              Recheck Cond: ((id >= 8663756) AND (id <= 8664755))
	              ->  Bitmap Index Scan on sbtest3_pkey  (cost=0.00..35.42 rows=1098 width=0)
	                    Index Cond: ((id >= 8663756) AND (id <= 8664755))

table 4 : explain SELECT DISTINCT c FROM sbtest4 WHERE id BETWEEN 1279442 AND 1280441 ORDER BY c
	Unique  (cost=4013.12..4018.23 rows=1023 width=121)
	  ->  Sort  (cost=4013.12..4015.68 rows=1023 width=121)
	        Sort Key: c
	        ->  Bitmap Heap Scan on sbtest4  (cost=30.92..3961.98 rows=1023 width=121)
	              Recheck Cond: ((id >= 1279442) AND (id <= 1280441))
	              ->  Bitmap Index Scan on sbtest4_pkey  (cost=0.00..30.66 rows=1023 width=0)
	                    Index Cond: ((id >= 1279442) AND (id <= 1280441))

table 5 : explain SELECT DISTINCT c FROM sbtest5 WHERE id BETWEEN 7638147 AND 7639146 ORDER BY c
	Unique  (cost=3763.70..3768.49 rows=958 width=121)
	  ->  Sort  (cost=3763.70..3766.10 rows=958 width=121)
	        Sort Key: c
	        ->  Bitmap Heap Scan on sbtest5  (cost=30.25..3716.26 rows=958 width=121)
	              Recheck Cond: ((id >= 7638147) AND (id <= 7639146))
	              ->  Bitmap Index Scan on sbtest5_pkey  (cost=0.00..30.01 rows=958 width=0)
	                    Index Cond: ((id >= 7638147) AND (id <= 7639146))

table 6 : explain SELECT DISTINCT c FROM sbtest6 WHERE id BETWEEN 5594956 AND 5595955 ORDER BY c
	Unique  (cost=3675.11..3679.79 rows=935 width=121)
	  ->  Sort  (cost=3675.11..3677.45 rows=935 width=121)
	        Sort Key: c
	        ->  Bitmap Heap Scan on sbtest6  (cost=30.02..3628.98 rows=935 width=121)
	              Recheck Cond: ((id >= 5594956) AND (id <= 5595955))
	              ->  Bitmap Index Scan on sbtest6_pkey  (cost=0.00..29.79 rows=935 width=0)
	                    Index Cond: ((id >= 5594956) AND (id <= 5595955))

table 7 : explain SELECT DISTINCT c FROM sbtest7 WHERE id BETWEEN 4709288 AND 4710287 ORDER BY c
	Unique  (cost=3943.94..3948.96 rows=1005 width=121)
	  ->  Sort  (cost=3943.94..3946.45 rows=1005 width=121)
	        Sort Key: c
	        ->  Bitmap Heap Scan on sbtest7  (cost=30.74..3893.82 rows=1005 width=121)
	              Recheck Cond: ((id >= 4709288) AND (id <= 4710287))
	              ->  Bitmap Index Scan on sbtest7_pkey  (cost=0.00..30.48 rows=1005 width=0)
	                    Index Cond: ((id >= 4709288) AND (id <= 4710287))

table 8 : explain SELECT DISTINCT c FROM sbtest8 WHERE id BETWEEN 7927278 AND 7928277 ORDER BY c
	Unique  (cost=3970.73..3975.79 rows=1012 width=121)
	  ->  Sort  (cost=3970.73..3973.26 rows=1012 width=121)
	        Sort Key: c
	        ->  Bitmap Heap Scan on sbtest8  (cost=30.81..3920.22 rows=1012 width=121)
	              Recheck Cond: ((id >= 7927278) AND (id <= 7928277))
	              ->  Bitmap Index Scan on sbtest8_pkey  (cost=0.00..30.55 rows=1012 width=0)
	                    Index Cond: ((id >= 7927278) AND (id <= 7928277))

for: simple_ranges
table 1 : explain SELECT c FROM sbtest1 WHERE id BETWEEN 482987 AND 483986
	Bitmap Heap Scan on sbtest1  (cost=29.70..3511.87 rows=904 width=121)
	  Recheck Cond: ((id >= 482987) AND (id <= 483986))
	  ->  Bitmap Index Scan on sbtest1_pkey  (cost=0.00..29.47 rows=904 width=0)
	        Index Cond: ((id >= 482987) AND (id <= 483986))

table 2 : explain SELECT c FROM sbtest2 WHERE id BETWEEN 1760292 AND 1761291
	Bitmap Heap Scan on sbtest2  (cost=30.54..3822.04 rows=986 width=121)
	  Recheck Cond: ((id >= 1760292) AND (id <= 1761291))
	  ->  Bitmap Index Scan on sbtest2_pkey  (cost=0.00..30.29 rows=986 width=0)
	        Index Cond: ((id >= 1760292) AND (id <= 1761291))

table 3 : explain SELECT c FROM sbtest3 WHERE id BETWEEN 5883274 AND 5884273
	Bitmap Heap Scan on sbtest3  (cost=30.80..3916.16 rows=1011 width=121)
	  Recheck Cond: ((id >= 5883274) AND (id <= 5884273))
	  ->  Bitmap Index Scan on sbtest3_pkey  (cost=0.00..30.54 rows=1011 width=0)
	        Index Cond: ((id >= 5883274) AND (id <= 5884273))

table 4 : explain SELECT c FROM sbtest4 WHERE id BETWEEN 8290943 AND 8291942
	Bitmap Heap Scan on sbtest4  (cost=30.72..3886.50 rows=1003 width=121)
	  Recheck Cond: ((id >= 8290943) AND (id <= 8291942))
	  ->  Bitmap Index Scan on sbtest4_pkey  (cost=0.00..30.46 rows=1003 width=0)
	        Index Cond: ((id >= 8290943) AND (id <= 8291942))

table 5 : explain SELECT c FROM sbtest5 WHERE id BETWEEN 5773151 AND 5774150
	Bitmap Heap Scan on sbtest5  (cost=30.89..3950.39 rows=1020 width=121)
	  Recheck Cond: ((id >= 5773151) AND (id <= 5774150))
	  ->  Bitmap Index Scan on sbtest5_pkey  (cost=0.00..30.64 rows=1020 width=0)
	        Index Cond: ((id >= 5773151) AND (id <= 5774150))

table 6 : explain SELECT c FROM sbtest6 WHERE id BETWEEN 9194011 AND 9195010
	Bitmap Heap Scan on sbtest6  (cost=35.49..4176.36 rows=1079 width=121)
	  Recheck Cond: ((id >= 9194011) AND (id <= 9195010))
	  ->  Bitmap Index Scan on sbtest6_pkey  (cost=0.00..35.23 rows=1079 width=0)
	        Index Cond: ((id >= 9194011) AND (id <= 9195010))

table 7 : explain SELECT c FROM sbtest7 WHERE id BETWEEN 9450348 AND 9451347
	Bitmap Heap Scan on sbtest7  (cost=29.80..3549.84 rows=914 width=121)
	  Recheck Cond: ((id >= 9450348) AND (id <= 9451347))
	  ->  Bitmap Index Scan on sbtest7_pkey  (cost=0.00..29.57 rows=914 width=0)
	        Index Cond: ((id >= 9450348) AND (id <= 9451347))

table 8 : explain SELECT c FROM sbtest8 WHERE id BETWEEN 5420717 AND 5421716
	Bitmap Heap Scan on sbtest8  (cost=29.76..3534.68 rows=910 width=121)
	  Recheck Cond: ((id >= 5420717) AND (id <= 5421716))
	  ->  Bitmap Index Scan on sbtest8_pkey  (cost=0.00..29.54 rows=910 width=0)
	        Index Cond: ((id >= 5420717) AND (id <= 5421716))

for point_selects
table 1 : explain SELECT c FROM sbtest1 WHERE id=1756884
	Index Scan using sbtest1_pkey on sbtest1  (cost=0.43..8.45 rows=1 width=121)
	  Index Cond: (id = 1756884)

table 2 : explain SELECT c FROM sbtest2 WHERE id=5723662
	Index Scan using sbtest2_pkey on sbtest2  (cost=0.43..8.45 rows=1 width=121)
	  Index Cond: (id = 5723662)

table 3 : explain SELECT c FROM sbtest3 WHERE id=1750837
	Index Scan using sbtest3_pkey on sbtest3  (cost=0.43..8.45 rows=1 width=121)
	  Index Cond: (id = 1750837)

table 4 : explain SELECT c FROM sbtest4 WHERE id=5870798
	Index Scan using sbtest4_pkey on sbtest4  (cost=0.43..8.45 rows=1 width=121)
	  Index Cond: (id = 5870798)

table 5 : explain SELECT c FROM sbtest5 WHERE id=6899791
	Index Scan using sbtest5_pkey on sbtest5  (cost=0.43..8.45 rows=1 width=121)
	  Index Cond: (id = 6899791)

table 6 : explain SELECT c FROM sbtest6 WHERE id=2413744
	Index Scan using sbtest6_pkey on sbtest6  (cost=0.43..8.45 rows=1 width=121)
	  Index Cond: (id = 2413744)

table 7 : explain SELECT c FROM sbtest7 WHERE id=1447794
	Index Scan using sbtest7_pkey on sbtest7  (cost=0.43..8.45 rows=1 width=121)
	  Index Cond: (id = 1447794)

table 8 : explain SELECT c FROM sbtest8 WHERE id=5893071
	Index Scan using sbtest8_pkey on sbtest8  (cost=0.43..8.45 rows=1 width=121)
	  Index Cond: (id = 5893071)

for: sum_ranges
table 1 : explain SELECT SUM(k) FROM sbtest1 WHERE id BETWEEN 6798673 AND 6799672
	Aggregate  (cost=3775.30..3775.31 rows=1 width=8)
	  ->  Bitmap Heap Scan on sbtest1  (cost=30.41..3772.87 rows=973 width=4)
	        Recheck Cond: ((id >= 6798673) AND (id <= 6799672))
	        ->  Bitmap Index Scan on sbtest1_pkey  (cost=0.00..30.16 rows=973 width=0)
	              Index Cond: ((id >= 6798673) AND (id <= 6799672))

table 2 : explain SELECT SUM(k) FROM sbtest2 WHERE id BETWEEN 612113 AND 613112
	Aggregate  (cost=4171.89..4171.90 rows=1 width=8)
	  ->  Bitmap Heap Scan on sbtest2  (cost=35.47..4169.20 rows=1077 width=4)
	        Recheck Cond: ((id >= 612113) AND (id <= 613112))
	        ->  Bitmap Index Scan on sbtest2_pkey  (cost=0.00..35.20 rows=1077 width=0)
	              Index Cond: ((id >= 612113) AND (id <= 613112))

table 3 : explain SELECT SUM(k) FROM sbtest3 WHERE id BETWEEN 8093885 AND 8094884
	Aggregate  (cost=3559.43..3559.44 rows=1 width=8)
	  ->  Bitmap Heap Scan on sbtest3  (cost=29.82..3557.14 rows=916 width=4)
	        Recheck Cond: ((id >= 8093885) AND (id <= 8094884))
	        ->  Bitmap Index Scan on sbtest3_pkey  (cost=0.00..29.59 rows=916 width=0)
	              Index Cond: ((id >= 8093885) AND (id <= 8094884))

table 4 : explain SELECT SUM(k) FROM sbtest4 WHERE id BETWEEN 6799174 AND 6800173
	Aggregate  (cost=4085.50..4085.51 rows=1 width=8)
	  ->  Bitmap Heap Scan on sbtest4  (cost=35.24..4082.86 rows=1054 width=4)
	        Recheck Cond: ((id >= 6799174) AND (id <= 6800173))
	        ->  Bitmap Index Scan on sbtest4_pkey  (cost=0.00..34.98 rows=1054 width=0)
	              Index Cond: ((id >= 6799174) AND (id <= 6800173))

table 5 : explain SELECT SUM(k) FROM sbtest5 WHERE id BETWEEN 5632151 AND 5633150
	Aggregate  (cost=3415.63..3415.64 rows=1 width=8)
	  ->  Bitmap Heap Scan on sbtest5  (cost=29.43..3413.43 rows=878 width=4)
	        Recheck Cond: ((id >= 5632151) AND (id <= 5633150))
	        ->  Bitmap Index Scan on sbtest5_pkey  (cost=0.00..29.21 rows=878 width=0)
	              Index Cond: ((id >= 5632151) AND (id <= 5633150))

table 6 : explain SELECT SUM(k) FROM sbtest6 WHERE id BETWEEN 3553723 AND 3554722
	Aggregate  (cost=4137.61..4137.62 rows=1 width=8)
	  ->  Bitmap Heap Scan on sbtest6  (cost=35.38..4134.94 rows=1068 width=4)
	        Recheck Cond: ((id >= 3553723) AND (id <= 3554722))
	        ->  Bitmap Index Scan on sbtest6_pkey  (cost=0.00..35.12 rows=1068 width=0)
	              Index Cond: ((id >= 3553723) AND (id <= 3554722))

table 7 : explain SELECT SUM(k) FROM sbtest7 WHERE id BETWEEN 9872236 AND 9873235
	Aggregate  (cost=3502.86..3502.87 rows=1 width=8)
	  ->  Bitmap Heap Scan on sbtest7  (cost=29.67..3500.61 rows=901 width=4)
	        Recheck Cond: ((id >= 9872236) AND (id <= 9873235))
	        ->  Bitmap Index Scan on sbtest7_pkey  (cost=0.00..29.44 rows=901 width=0)
	              Index Cond: ((id >= 9872236) AND (id <= 9873235))

table 8 : explain SELECT SUM(k) FROM sbtest8 WHERE id BETWEEN 6469496 AND 6470495
	Aggregate  (cost=4017.33..4017.34 rows=1 width=8)
	  ->  Bitmap Heap Scan on sbtest8  (cost=35.05..4014.74 rows=1036 width=4)
	        Recheck Cond: ((id >= 6469496) AND (id <= 6470495))
	        ->  Bitmap Index Scan on sbtest8_pkey  (cost=0.00..34.80 rows=1036 width=0)
	              Index Cond: ((id >= 6469496) AND (id <= 6470495))

for point_selects
table 1 : explain SELECT c FROM sbtest1 WHERE id=7495390
	Index Scan using sbtest1_pkey on sbtest1  (cost=0.43..8.45 rows=1 width=121)
	  Index Cond: (id = 7495390)

table 2 : explain SELECT c FROM sbtest2 WHERE id=1737267
	Index Scan using sbtest2_pkey on sbtest2  (cost=0.43..8.45 rows=1 width=121)
	  Index Cond: (id = 1737267)

table 3 : explain SELECT c FROM sbtest3 WHERE id=1525298
	Index Scan using sbtest3_pkey on sbtest3  (cost=0.43..8.45 rows=1 width=121)
	  Index Cond: (id = 1525298)

table 4 : explain SELECT c FROM sbtest4 WHERE id=9183384
	Index Scan using sbtest4_pkey on sbtest4  (cost=0.43..8.45 rows=1 width=121)
	  Index Cond: (id = 9183384)

table 5 : explain SELECT c FROM sbtest5 WHERE id=7480264
	Index Scan using sbtest5_pkey on sbtest5  (cost=0.43..8.45 rows=1 width=121)
	  Index Cond: (id = 7480264)

table 6 : explain SELECT c FROM sbtest6 WHERE id=6744082
	Index Scan using sbtest6_pkey on sbtest6  (cost=0.43..8.45 rows=1 width=121)
	  Index Cond: (id = 6744082)

table 7 : explain SELECT c FROM sbtest7 WHERE id=4122094
	Index Scan using sbtest7_pkey on sbtest7  (cost=0.43..8.45 rows=1 width=121)
	  Index Cond: (id = 4122094)

table 8 : explain SELECT c FROM sbtest8 WHERE id=4548572
	Index Scan using sbtest8_pkey on sbtest8  (cost=0.43..8.45 rows=1 width=121)
	  Index Cond: (id = 4548572)

for: order_ranges
table 1 : explain SELECT c FROM sbtest1 WHERE id BETWEEN 2920714 AND 2921713 ORDER BY c
	Sort  (cost=3947.65..3950.16 rows=1006 width=121)
	  Sort Key: c
	  ->  Bitmap Heap Scan on sbtest1  (cost=30.75..3897.48 rows=1006 width=121)
	        Recheck Cond: ((id >= 2920714) AND (id <= 2921713))
	        ->  Bitmap Index Scan on sbtest1_pkey  (cost=0.00..30.50 rows=1006 width=0)
	              Index Cond: ((id >= 2920714) AND (id <= 2921713))

table 2 : explain SELECT c FROM sbtest2 WHERE id BETWEEN 8780216 AND 8781215 ORDER BY c
	Sort  (cost=3997.52..4000.06 rows=1019 width=121)
	  Sort Key: c
	  ->  Bitmap Heap Scan on sbtest2  (cost=30.88..3946.60 rows=1019 width=121)
	        Recheck Cond: ((id >= 8780216) AND (id <= 8781215))
	        ->  Bitmap Index Scan on sbtest2_pkey  (cost=0.00..30.62 rows=1019 width=0)
	              Index Cond: ((id >= 8780216) AND (id <= 8781215))

table 3 : explain SELECT c FROM sbtest3 WHERE id BETWEEN 1312788 AND 1313787 ORDER BY c
	Sort  (cost=3928.30..3930.81 rows=1001 width=121)
	  Sort Key: c
	  ->  Bitmap Heap Scan on sbtest3  (cost=30.70..3878.42 rows=1001 width=121)
	        Recheck Cond: ((id >= 1312788) AND (id <= 1313787))
	        ->  Bitmap Index Scan on sbtest3_pkey  (cost=0.00..30.44 rows=1001 width=0)
	              Index Cond: ((id >= 1312788) AND (id <= 1313787))

table 4 : explain SELECT c FROM sbtest4 WHERE id BETWEEN 1612827 AND 1613826 ORDER BY c
	Sort  (cost=4174.04..4176.70 rows=1064 width=121)
	  Sort Key: c
	  ->  Bitmap Heap Scan on sbtest4  (cost=35.34..4120.54 rows=1064 width=121)
	        Recheck Cond: ((id >= 1612827) AND (id <= 1613826))
	        ->  Bitmap Index Scan on sbtest4_pkey  (cost=0.00..35.08 rows=1064 width=0)
	              Index Cond: ((id >= 1612827) AND (id <= 1613826))

table 5 : explain SELECT c FROM sbtest5 WHERE id BETWEEN 329266 AND 330265 ORDER BY c
	Sort  (cost=4296.07..4298.81 rows=1096 width=121)
	  Sort Key: c
	  ->  Bitmap Heap Scan on sbtest5  (cost=35.67..4240.73 rows=1096 width=121)
	        Recheck Cond: ((id >= 329266) AND (id <= 330265))
	        ->  Bitmap Index Scan on sbtest5_pkey  (cost=0.00..35.40 rows=1096 width=0)
	              Index Cond: ((id >= 329266) AND (id <= 330265))

table 6 : explain SELECT c FROM sbtest6 WHERE id BETWEEN 4764533 AND 4765532 ORDER BY c
	Sort  (cost=4077.74..4080.34 rows=1039 width=121)
	  Sort Key: c
	  ->  Bitmap Heap Scan on sbtest6  (cost=35.08..4025.68 rows=1039 width=121)
	        Recheck Cond: ((id >= 4764533) AND (id <= 4765532))
	        ->  Bitmap Index Scan on sbtest6_pkey  (cost=0.00..34.83 rows=1039 width=0)
	              Index Cond: ((id >= 4764533) AND (id <= 4765532))

table 7 : explain SELECT c FROM sbtest7 WHERE id BETWEEN 4309676 AND 4310675 ORDER BY c
	Sort  (cost=3805.93..3808.35 rows=969 width=121)
	  Sort Key: c
	  ->  Bitmap Heap Scan on sbtest7  (cost=30.37..3757.87 rows=969 width=121)
	        Recheck Cond: ((id >= 4309676) AND (id <= 4310675))
	        ->  Bitmap Index Scan on sbtest7_pkey  (cost=0.00..30.12 rows=969 width=0)
	              Index Cond: ((id >= 4309676) AND (id <= 4310675))

table 8 : explain SELECT c FROM sbtest8 WHERE id BETWEEN 3390839 AND 3391838 ORDER BY c
	Sort  (cost=3771.39..3773.79 rows=960 width=121)
	  Sort Key: c
	  ->  Bitmap Heap Scan on sbtest8  (cost=30.27..3723.83 rows=960 width=121)
	        Recheck Cond: ((id >= 3390839) AND (id <= 3391838))
	        ->  Bitmap Index Scan on sbtest8_pkey  (cost=0.00..30.04 rows=960 width=0)
	              Index Cond: ((id >= 3390839) AND (id <= 3391838))

for: order_ranges
table 1 : explain SELECT c FROM sbtest1 WHERE id BETWEEN 483169 AND 484168 ORDER BY c
	Sort  (cost=3556.26..3558.52 rows=904 width=121)
	  Sort Key: c
	  ->  Bitmap Heap Scan on sbtest1  (cost=29.70..3511.87 rows=904 width=121)
	        Recheck Cond: ((id >= 483169) AND (id <= 484168))
	        ->  Bitmap Index Scan on sbtest1_pkey  (cost=0.00..29.47 rows=904 width=0)
	              Index Cond: ((id >= 483169) AND (id <= 484168))

table 2 : explain SELECT c FROM sbtest2 WHERE id BETWEEN 8972994 AND 8973993 ORDER BY c
	Sort  (cost=3721.48..3723.84 rows=947 width=121)
	  Sort Key: c
	  ->  Bitmap Heap Scan on sbtest2  (cost=30.14..3674.66 rows=947 width=121)
	        Recheck Cond: ((id >= 8972994) AND (id <= 8973993))
	        ->  Bitmap Index Scan on sbtest2_pkey  (cost=0.00..29.90 rows=947 width=0)
	              Index Cond: ((id >= 8972994) AND (id <= 8973993))

table 3 : explain SELECT c FROM sbtest3 WHERE id BETWEEN 5099802 AND 5100801 ORDER BY c
	Sort  (cost=4295.76..4298.50 rows=1096 width=121)
	  Sort Key: c
	  ->  Bitmap Heap Scan on sbtest3  (cost=35.67..4240.42 rows=1096 width=121)
	        Recheck Cond: ((id >= 5099802) AND (id <= 5100801))
	        ->  Bitmap Index Scan on sbtest3_pkey  (cost=0.00..35.40 rows=1096 width=0)
	              Index Cond: ((id >= 5099802) AND (id <= 5100801))

table 4 : explain SELECT c FROM sbtest4 WHERE id BETWEEN 2216849 AND 2217848 ORDER BY c
	Sort  (cost=3767.78..3770.18 rows=959 width=121)
	  Sort Key: c
	  ->  Bitmap Heap Scan on sbtest4  (cost=30.26..3720.29 rows=959 width=121)
	        Recheck Cond: ((id >= 2216849) AND (id <= 2217848))
	        ->  Bitmap Index Scan on sbtest4_pkey  (cost=0.00..30.02 rows=959 width=0)
	              Index Cond: ((id >= 2216849) AND (id <= 2217848))

table 5 : explain SELECT c FROM sbtest5 WHERE id BETWEEN 3292429 AND 3293428 ORDER BY c
	Sort  (cost=3575.55..3577.82 rows=909 width=121)
	  Sort Key: c
	  ->  Bitmap Heap Scan on sbtest5  (cost=29.75..3530.88 rows=909 width=121)
	        Recheck Cond: ((id >= 3292429) AND (id <= 3293428))
	        ->  Bitmap Index Scan on sbtest5_pkey  (cost=0.00..29.52 rows=909 width=0)
	              Index Cond: ((id >= 3292429) AND (id <= 3293428))

table 6 : explain SELECT c FROM sbtest6 WHERE id BETWEEN 7003568 AND 7004567 ORDER BY c
	Sort  (cost=3713.50..3715.86 rows=945 width=121)
	  Sort Key: c
	  ->  Bitmap Heap Scan on sbtest6  (cost=30.12..3666.80 rows=945 width=121)
	        Recheck Cond: ((id >= 7003568) AND (id <= 7004567))
	        ->  Bitmap Index Scan on sbtest6_pkey  (cost=0.00..29.89 rows=945 width=0)
	              Index Cond: ((id >= 7003568) AND (id <= 7004567))

table 7 : explain SELECT c FROM sbtest7 WHERE id BETWEEN 9695225 AND 9696224 ORDER BY c
	Sort  (cost=3982.24..3984.78 rows=1015 width=121)
	  Sort Key: c
	  ->  Bitmap Heap Scan on sbtest7  (cost=30.84..3931.56 rows=1015 width=121)
	        Recheck Cond: ((id >= 9695225) AND (id <= 9696224))
	        ->  Bitmap Index Scan on sbtest7_pkey  (cost=0.00..30.58 rows=1015 width=0)
	              Index Cond: ((id >= 9695225) AND (id <= 9696224))

table 8 : explain SELECT c FROM sbtest8 WHERE id BETWEEN 850213 AND 851212 ORDER BY c
	Sort  (cost=4051.32..4053.90 rows=1032 width=121)
	  Sort Key: c
	  ->  Bitmap Heap Scan on sbtest8  (cost=35.01..3999.66 rows=1032 width=121)
	        Recheck Cond: ((id >= 850213) AND (id <= 851212))
	        ->  Bitmap Index Scan on sbtest8_pkey  (cost=0.00..34.76 rows=1032 width=0)
	              Index Cond: ((id >= 850213) AND (id <= 851212))

explain: for point_selects :: explain SELECT c FROM sbtest%u WHERE id=%u
for point_selects
table 1 : explain SELECT c FROM sbtest1 WHERE id=556087
	Index Scan using sbtest1_pkey on sbtest1  (cost=0.43..8.45 rows=1 width=121)
	  Index Cond: (id = 556087)

table 2 : explain SELECT c FROM sbtest2 WHERE id=838531
	Index Scan using sbtest2_pkey on sbtest2  (cost=0.43..8.45 rows=1 width=121)
	  Index Cond: (id = 838531)

table 3 : explain SELECT c FROM sbtest3 WHERE id=2388840
	Index Scan using sbtest3_pkey on sbtest3  (cost=0.43..8.45 rows=1 width=121)
	  Index Cond: (id = 2388840)

table 4 : explain SELECT c FROM sbtest4 WHERE id=3196093
	Index Scan using sbtest4_pkey on sbtest4  (cost=0.43..8.45 rows=1 width=121)
	  Index Cond: (id = 3196093)

table 5 : explain SELECT c FROM sbtest5 WHERE id=3099739
	Index Scan using sbtest5_pkey on sbtest5  (cost=0.43..8.45 rows=1 width=121)
	  Index Cond: (id = 3099739)

table 6 : explain SELECT c FROM sbtest6 WHERE id=4399857
	Index Scan using sbtest6_pkey on sbtest6  (cost=0.43..8.45 rows=1 width=121)
	  Index Cond: (id = 4399857)

table 7 : explain SELECT c FROM sbtest7 WHERE id=9985887
	Index Scan using sbtest7_pkey on sbtest7  (cost=0.43..8.45 rows=1 width=121)
	  Index Cond: (id = 9985887)

table 8 : explain SELECT c FROM sbtest8 WHERE id=4077264
	Index Scan using sbtest8_pkey on sbtest8  (cost=0.43..8.45 rows=1 width=121)
	  Index Cond: (id = 4077264)

for: simple_ranges
table 1 : explain SELECT c FROM sbtest1 WHERE id BETWEEN 4627571 AND 4628570
	Bitmap Heap Scan on sbtest1  (cost=30.60..3844.63 rows=992 width=121)
	  Recheck Cond: ((id >= 4627571) AND (id <= 4628570))
	  ->  Bitmap Index Scan on sbtest1_pkey  (cost=0.00..30.36 rows=992 width=0)
	        Index Cond: ((id >= 4627571) AND (id <= 4628570))

table 2 : explain SELECT c FROM sbtest2 WHERE id BETWEEN 3463302 AND 3464301
	Bitmap Heap Scan on sbtest2  (cost=30.84..3931.51 rows=1015 width=121)
	  Recheck Cond: ((id >= 3463302) AND (id <= 3464301))
	  ->  Bitmap Index Scan on sbtest2_pkey  (cost=0.00..30.58 rows=1015 width=0)
	        Index Cond: ((id >= 3463302) AND (id <= 3464301))

table 3 : explain SELECT c FROM sbtest3 WHERE id BETWEEN 6396860 AND 6397859
	Bitmap Heap Scan on sbtest3  (cost=30.30..3731.12 rows=962 width=121)
	  Recheck Cond: ((id >= 6396860) AND (id <= 6397859))
	  ->  Bitmap Index Scan on sbtest3_pkey  (cost=0.00..30.05 rows=962 width=0)
	        Index Cond: ((id >= 6396860) AND (id <= 6397859))

table 4 : explain SELECT c FROM sbtest4 WHERE id BETWEEN 6287774 AND 6288773
	Bitmap Heap Scan on sbtest4  (cost=35.80..4289.95 rows=1109 width=121)
	  Recheck Cond: ((id >= 6287774) AND (id <= 6288773))
	  ->  Bitmap Index Scan on sbtest4_pkey  (cost=0.00..35.53 rows=1109 width=0)
	        Index Cond: ((id >= 6287774) AND (id <= 6288773))

table 5 : explain SELECT c FROM sbtest5 WHERE id BETWEEN 9800184 AND 9801183
	Bitmap Heap Scan on sbtest5  (cost=30.39..3765.39 rows=971 width=121)
	  Recheck Cond: ((id >= 9800184) AND (id <= 9801183))
	  ->  Bitmap Index Scan on sbtest5_pkey  (cost=0.00..30.14 rows=971 width=0)
	        Index Cond: ((id >= 9800184) AND (id <= 9801183))

table 6 : explain SELECT c FROM sbtest6 WHERE id BETWEEN 4079773 AND 4080772
	Bitmap Heap Scan on sbtest6  (cost=30.04..3636.54 rows=937 width=121)
	  Recheck Cond: ((id >= 4079773) AND (id <= 4080772))
	  ->  Bitmap Index Scan on sbtest6_pkey  (cost=0.00..29.80 rows=937 width=0)
	        Index Cond: ((id >= 4079773) AND (id <= 4080772))

table 7 : explain SELECT c FROM sbtest7 WHERE id BETWEEN 954944 AND 955943
	Bitmap Heap Scan on sbtest7  (cost=36.05..4379.93 rows=1133 width=121)
	  Recheck Cond: ((id >= 954944) AND (id <= 955943))
	  ->  Bitmap Index Scan on sbtest7_pkey  (cost=0.00..35.77 rows=1133 width=0)
	        Index Cond: ((id >= 954944) AND (id <= 955943))

table 8 : explain SELECT c FROM sbtest8 WHERE id BETWEEN 546039 AND 547038
	Bitmap Heap Scan on sbtest8  (cost=35.27..4093.89 rows=1057 width=121)
	  Recheck Cond: ((id >= 546039) AND (id <= 547038))
	  ->  Bitmap Index Scan on sbtest8_pkey  (cost=0.00..35.01 rows=1057 width=0)
	        Index Cond: ((id >= 546039) AND (id <= 547038))

for: sum_ranges
table 1 : explain SELECT SUM(k) FROM sbtest1 WHERE id BETWEEN 7416234 AND 7417233
	Aggregate  (cost=3930.20..3930.21 rows=1 width=8)
	  ->  Bitmap Heap Scan on sbtest1  (cost=30.83..3927.67 rows=1014 width=4)
	        Recheck Cond: ((id >= 7416234) AND (id <= 7417233))
	        ->  Bitmap Index Scan on sbtest1_pkey  (cost=0.00..30.57 rows=1014 width=0)
	              Index Cond: ((id >= 7416234) AND (id <= 7417233))

table 2 : explain SELECT SUM(k) FROM sbtest2 WHERE id BETWEEN 1372120 AND 1373119
	Aggregate  (cost=4017.31..4017.32 rows=1 width=8)
	  ->  Bitmap Heap Scan on sbtest2  (cost=35.05..4014.72 rows=1036 width=4)
	        Recheck Cond: ((id >= 1372120) AND (id <= 1373119))
	        ->  Bitmap Index Scan on sbtest2_pkey  (cost=0.00..34.80 rows=1036 width=0)
	              Index Cond: ((id >= 1372120) AND (id <= 1373119))

table 3 : explain SELECT SUM(k) FROM sbtest3 WHERE id BETWEEN 299191 AND 300190
	Aggregate  (cost=3828.03..3828.04 rows=1 width=8)
	  ->  Bitmap Heap Scan on sbtest3  (cost=30.55..3825.57 rows=987 width=4)
	        Recheck Cond: ((id >= 299191) AND (id <= 300190))
	        ->  Bitmap Index Scan on sbtest3_pkey  (cost=0.00..30.30 rows=987 width=0)
	              Index Cond: ((id >= 299191) AND (id <= 300190))

table 4 : explain SELECT SUM(k) FROM sbtest4 WHERE id BETWEEN 1001135 AND 1002134
	Aggregate  (cost=3669.71..3669.72 rows=1 width=8)
	  ->  Bitmap Heap Scan on sbtest4  (cost=30.12..3667.35 rows=945 width=4)
	        Recheck Cond: ((id >= 1001135) AND (id <= 1002134))
	        ->  Bitmap Index Scan on sbtest4_pkey  (cost=0.00..29.89 rows=945 width=0)
	              Index Cond: ((id >= 1001135) AND (id <= 1002134))

table 5 : explain SELECT SUM(k) FROM sbtest5 WHERE id BETWEEN 2805126 AND 2806125
	Aggregate  (cost=3722.44..3722.45 rows=1 width=8)
	  ->  Bitmap Heap Scan on sbtest5  (cost=30.26..3720.04 rows=959 width=4)
	        Recheck Cond: ((id >= 2805126) AND (id <= 2806125))
	        ->  Bitmap Index Scan on sbtest5_pkey  (cost=0.00..30.02 rows=959 width=0)
	              Index Cond: ((id >= 2805126) AND (id <= 2806125))

table 6 : explain SELECT SUM(k) FROM sbtest6 WHERE id BETWEEN 4023530 AND 4024529
	Aggregate  (cost=3809.07..3809.08 rows=1 width=8)
	  ->  Bitmap Heap Scan on sbtest6  (cost=30.50..3806.62 rows=982 width=4)
	        Recheck Cond: ((id >= 4023530) AND (id <= 4024529))
	        ->  Bitmap Index Scan on sbtest6_pkey  (cost=0.00..30.25 rows=982 width=0)
	              Index Cond: ((id >= 4023530) AND (id <= 4024529))

table 7 : explain SELECT SUM(k) FROM sbtest7 WHERE id BETWEEN 5426423 AND 5427422
	Aggregate  (cost=3775.41..3775.42 rows=1 width=8)
	  ->  Bitmap Heap Scan on sbtest7  (cost=30.41..3772.98 rows=973 width=4)
	        Recheck Cond: ((id >= 5426423) AND (id <= 5427422))
	        ->  Bitmap Index Scan on sbtest7_pkey  (cost=0.00..30.16 rows=973 width=0)
	              Index Cond: ((id >= 5426423) AND (id <= 5427422))

table 8 : explain SELECT SUM(k) FROM sbtest8 WHERE id BETWEEN 6758593 AND 6759592
	Aggregate  (cost=3650.56..3650.57 rows=1 width=8)
	  ->  Bitmap Heap Scan on sbtest8  (cost=30.07..3648.21 rows=940 width=4)
	        Recheck Cond: ((id >= 6758593) AND (id <= 6759592))
	        ->  Bitmap Index Scan on sbtest8_pkey  (cost=0.00..29.83 rows=940 width=0)
	              Index Cond: ((id >= 6758593) AND (id <= 6759592))

for: simple_ranges
table 1 : explain SELECT c FROM sbtest1 WHERE id BETWEEN 7497254 AND 7498253
	Bitmap Heap Scan on sbtest1  (cost=30.96..3976.70 rows=1027 width=121)
	  Recheck Cond: ((id >= 7497254) AND (id <= 7498253))
	  ->  Bitmap Index Scan on sbtest1_pkey  (cost=0.00..30.70 rows=1027 width=0)
	        Index Cond: ((id >= 7497254) AND (id <= 7498253))

table 2 : explain SELECT c FROM sbtest2 WHERE id BETWEEN 8568501 AND 8569500
	Bitmap Heap Scan on sbtest2  (cost=30.04..3636.84 rows=937 width=121)
	  Recheck Cond: ((id >= 8568501) AND (id <= 8569500))
	  ->  Bitmap Index Scan on sbtest2_pkey  (cost=0.00..29.80 rows=937 width=0)
	        Index Cond: ((id >= 8568501) AND (id <= 8569500))

table 3 : explain SELECT c FROM sbtest3 WHERE id BETWEEN 9353911 AND 9354910
	Bitmap Heap Scan on sbtest3  (cost=29.87..3572.28 rows=920 width=121)
	  Recheck Cond: ((id >= 9353911) AND (id <= 9354910))
	  ->  Bitmap Index Scan on sbtest3_pkey  (cost=0.00..29.64 rows=920 width=0)
	        Index Cond: ((id >= 9353911) AND (id <= 9354910))

table 4 : explain SELECT c FROM sbtest4 WHERE id BETWEEN 950911 AND 951910
	Bitmap Heap Scan on sbtest4  (cost=30.36..3754.31 rows=968 width=121)
	  Recheck Cond: ((id >= 950911) AND (id <= 951910))
	  ->  Bitmap Index Scan on sbtest4_pkey  (cost=0.00..30.11 rows=968 width=0)
	        Index Cond: ((id >= 950911) AND (id <= 951910))

table 5 : explain SELECT c FROM sbtest5 WHERE id BETWEEN 7217716 AND 7218715
	Bitmap Heap Scan on sbtest5  (cost=30.45..3788.06 rows=977 width=121)
	  Recheck Cond: ((id >= 7217716) AND (id <= 7218715))
	  ->  Bitmap Index Scan on sbtest5_pkey  (cost=0.00..30.20 rows=977 width=0)
	        Index Cond: ((id >= 7217716) AND (id <= 7218715))

table 6 : explain SELECT c FROM sbtest6 WHERE id BETWEEN 2038034 AND 2039033
	Bitmap Heap Scan on sbtest6  (cost=34.85..3938.95 rows=1016 width=121)
	  Recheck Cond: ((id >= 2038034) AND (id <= 2039033))
	  ->  Bitmap Index Scan on sbtest6_pkey  (cost=0.00..34.59 rows=1016 width=0)
	        Index Cond: ((id >= 2038034) AND (id <= 2039033))

table 7 : explain SELECT c FROM sbtest7 WHERE id BETWEEN 6934677 AND 6935676
	Bitmap Heap Scan on sbtest7  (cost=30.87..3942.88 rows=1018 width=121)
	  Recheck Cond: ((id >= 6934677) AND (id <= 6935676))
	  ->  Bitmap Index Scan on sbtest7_pkey  (cost=0.00..30.61 rows=1018 width=0)
	        Index Cond: ((id >= 6934677) AND (id <= 6935676))

table 8 : explain SELECT c FROM sbtest8 WHERE id BETWEEN 131290 AND 132289
	Bitmap Heap Scan on sbtest8  (cost=35.60..4214.40 rows=1089 width=121)
	  Recheck Cond: ((id >= 131290) AND (id <= 132289))
	  ->  Bitmap Index Scan on sbtest8_pkey  (cost=0.00..35.33 rows=1089 width=0)
	        Index Cond: ((id >= 131290) AND (id <= 132289))

for: distinct_ranges
table 1 : explain SELECT DISTINCT c FROM sbtest1 WHERE id BETWEEN 8384788 AND 8385787 ORDER BY c
	Unique  (cost=3985.95..3991.03 rows=1016 width=121)
	  ->  Sort  (cost=3985.95..3988.49 rows=1016 width=121)
	        Sort Key: c
	        ->  Bitmap Heap Scan on sbtest1  (cost=30.85..3935.21 rows=1016 width=121)
	              Recheck Cond: ((id >= 8384788) AND (id <= 8385787))
	              ->  Bitmap Index Scan on sbtest1_pkey  (cost=0.00..30.59 rows=1016 width=0)
	                    Index Cond: ((id >= 8384788) AND (id <= 8385787))

table 2 : explain SELECT DISTINCT c FROM sbtest2 WHERE id BETWEEN 9871302 AND 9872301 ORDER BY c
	Unique  (cost=3763.69..3768.48 rows=958 width=121)
	  ->  Sort  (cost=3763.69..3766.08 rows=958 width=121)
	        Sort Key: c
	        ->  Bitmap Heap Scan on sbtest2  (cost=30.25..3716.25 rows=958 width=121)
	              Recheck Cond: ((id >= 9871302) AND (id <= 9872301))
	              ->  Bitmap Index Scan on sbtest2_pkey  (cost=0.00..30.01 rows=958 width=0)
	                    Index Cond: ((id >= 9871302) AND (id <= 9872301))

table 3 : explain SELECT DISTINCT c FROM sbtest3 WHERE id BETWEEN 5510612 AND 5511611 ORDER BY c
	Unique  (cost=3782.63..3787.44 rows=963 width=121)
	  ->  Sort  (cost=3782.63..3785.03 rows=963 width=121)
	        Sort Key: c
	        ->  Bitmap Heap Scan on sbtest3  (cost=30.31..3734.90 rows=963 width=121)
	              Recheck Cond: ((id >= 5510612) AND (id <= 5511611))
	              ->  Bitmap Index Scan on sbtest3_pkey  (cost=0.00..30.07 rows=963 width=0)
	                    Index Cond: ((id >= 5510612) AND (id <= 5511611))

table 4 : explain SELECT DISTINCT c FROM sbtest4 WHERE id BETWEEN 9815281 AND 9816280 ORDER BY c
	Unique  (cost=3928.84..3933.85 rows=1001 width=121)
	  ->  Sort  (cost=3928.84..3931.34 rows=1001 width=121)
	        Sort Key: c
	        ->  Bitmap Heap Scan on sbtest4  (cost=30.70..3878.95 rows=1001 width=121)
	              Recheck Cond: ((id >= 9815281) AND (id <= 9816280))
	              ->  Bitmap Index Scan on sbtest4_pkey  (cost=0.00..30.44 rows=1001 width=0)
	                    Index Cond: ((id >= 9815281) AND (id <= 9816280))

table 5 : explain SELECT DISTINCT c FROM sbtest5 WHERE id BETWEEN 6640056 AND 6641055 ORDER BY c
	Unique  (cost=4131.67..4136.94 rows=1053 width=121)
	  ->  Sort  (cost=4131.67..4134.31 rows=1053 width=121)
	        Sort Key: c
	        ->  Bitmap Heap Scan on sbtest5  (cost=35.23..4078.81 rows=1053 width=121)
	              Recheck Cond: ((id >= 6640056) AND (id <= 6641055))
	              ->  Bitmap Index Scan on sbtest5_pkey  (cost=0.00..34.97 rows=1053 width=0)
	                    Index Cond: ((id >= 6640056) AND (id <= 6641055))

table 6 : explain SELECT DISTINCT c FROM sbtest6 WHERE id BETWEEN 7554318 AND 7555317 ORDER BY c
	Unique  (cost=3732.69..3737.44 rows=950 width=121)
	  ->  Sort  (cost=3732.69..3735.06 rows=950 width=121)
	        Sort Key: c
	        ->  Bitmap Heap Scan on sbtest6  (cost=30.17..3685.70 rows=950 width=121)
	              Recheck Cond: ((id >= 7554318) AND (id <= 7555317))
	              ->  Bitmap Index Scan on sbtest6_pkey  (cost=0.00..29.93 rows=950 width=0)
	                    Index Cond: ((id >= 7554318) AND (id <= 7555317))

table 7 : explain SELECT DISTINCT c FROM sbtest7 WHERE id BETWEEN 5831401 AND 5832400 ORDER BY c
	Unique  (cost=3759.89..3764.68 rows=957 width=121)
	  ->  Sort  (cost=3759.89..3762.29 rows=957 width=121)
	        Sort Key: c
	        ->  Bitmap Heap Scan on sbtest7  (cost=30.24..3712.51 rows=957 width=121)
	              Recheck Cond: ((id >= 5831401) AND (id <= 5832400))
	              ->  Bitmap Index Scan on sbtest7_pkey  (cost=0.00..30.00 rows=957 width=0)
	                    Index Cond: ((id >= 5831401) AND (id <= 5832400))

table 8 : explain SELECT DISTINCT c FROM sbtest8 WHERE id BETWEEN 8978691 AND 8979690 ORDER BY c
	Unique  (cost=4154.64..4159.93 rows=1059 width=121)
	  ->  Sort  (cost=4154.64..4157.28 rows=1059 width=121)
	        Sort Key: c
	        ->  Bitmap Heap Scan on sbtest8  (cost=35.29..4101.43 rows=1059 width=121)
	              Recheck Cond: ((id >= 8978691) AND (id <= 8979690))
	              ->  Bitmap Index Scan on sbtest8_pkey  (cost=0.00..35.03 rows=1059 width=0)
	                    Index Cond: ((id >= 8978691) AND (id <= 8979690))

for: order_ranges
table 1 : explain SELECT c FROM sbtest1 WHERE id BETWEEN 1074299 AND 1075298 ORDER BY c
	Sort  (cost=4246.30..4249.00 rows=1083 width=121)
	  Sort Key: c
	  ->  Bitmap Heap Scan on sbtest1  (cost=35.54..4191.71 rows=1083 width=121)
	        Recheck Cond: ((id >= 1074299) AND (id <= 1075298))
	        ->  Bitmap Index Scan on sbtest1_pkey  (cost=0.00..35.27 rows=1083 width=0)
	              Index Cond: ((id >= 1074299) AND (id <= 1075298))

table 2 : explain SELECT c FROM sbtest2 WHERE id BETWEEN 322014 AND 323013 ORDER BY c
	Sort  (cost=3897.91..3900.39 rows=993 width=121)
	  Sort Key: c
	  ->  Bitmap Heap Scan on sbtest2  (cost=30.61..3848.48 rows=993 width=121)
	        Recheck Cond: ((id >= 322014) AND (id <= 323013))
	        ->  Bitmap Index Scan on sbtest2_pkey  (cost=0.00..30.36 rows=993 width=0)
	              Index Cond: ((id >= 322014) AND (id <= 323013))

table 3 : explain SELECT c FROM sbtest3 WHERE id BETWEEN 2731528 AND 2732527 ORDER BY c
	Sort  (cost=3947.46..3949.97 rows=1006 width=121)
	  Sort Key: c
	  ->  Bitmap Heap Scan on sbtest3  (cost=30.75..3897.29 rows=1006 width=121)
	        Recheck Cond: ((id >= 2731528) AND (id <= 2732527))
	        ->  Bitmap Index Scan on sbtest3_pkey  (cost=0.00..30.50 rows=1006 width=0)
	              Index Cond: ((id >= 2731528) AND (id <= 2732527))

table 4 : explain SELECT c FROM sbtest4 WHERE id BETWEEN 4815752 AND 4816751 ORDER BY c
	Sort  (cost=3733.25..3735.62 rows=950 width=121)
	  Sort Key: c
	  ->  Bitmap Heap Scan on sbtest4  (cost=30.17..3686.26 rows=950 width=121)
	        Recheck Cond: ((id >= 4815752) AND (id <= 4816751))
	        ->  Bitmap Index Scan on sbtest4_pkey  (cost=0.00..29.93 rows=950 width=0)
	              Index Cond: ((id >= 4815752) AND (id <= 4816751))

table 5 : explain SELECT c FROM sbtest5 WHERE id BETWEEN 4197042 AND 4198041 ORDER BY c
	Sort  (cost=4100.89..4103.50 rows=1046 width=121)
	  Sort Key: c
	  ->  Bitmap Heap Scan on sbtest5  (cost=31.16..4048.43 rows=1046 width=121)
	        Recheck Cond: ((id >= 4197042) AND (id <= 4198041))
	        ->  Bitmap Index Scan on sbtest5_pkey  (cost=0.00..30.89 rows=1046 width=0)
	              Index Cond: ((id >= 4197042) AND (id <= 4198041))

table 6 : explain SELECT c FROM sbtest6 WHERE id BETWEEN 758402 AND 759401 ORDER BY c
	Sort  (cost=3982.03..3984.57 rows=1014 width=121)
	  Sort Key: c
	  ->  Bitmap Heap Scan on sbtest6  (cost=34.83..3931.40 rows=1014 width=121)
	        Recheck Cond: ((id >= 758402) AND (id <= 759401))
	        ->  Bitmap Index Scan on sbtest6_pkey  (cost=0.00..34.58 rows=1014 width=0)
	              Index Cond: ((id >= 758402) AND (id <= 759401))

table 7 : explain SELECT c FROM sbtest7 WHERE id BETWEEN 949828 AND 950827 ORDER BY c
	Sort  (cost=4437.40..4440.23 rows=1133 width=121)
	  Sort Key: c
	  ->  Bitmap Heap Scan on sbtest7  (cost=36.05..4379.93 rows=1133 width=121)
	        Recheck Cond: ((id >= 949828) AND (id <= 950827))
	        ->  Bitmap Index Scan on sbtest7_pkey  (cost=0.00..35.77 rows=1133 width=0)
	              Index Cond: ((id >= 949828) AND (id <= 950827))

table 8 : explain SELECT c FROM sbtest8 WHERE id BETWEEN 696384 AND 697383 ORDER BY c
	Sort  (cost=3901.76..3904.25 rows=994 width=121)
	  Sort Key: c
	  ->  Bitmap Heap Scan on sbtest8  (cost=30.62..3852.28 rows=994 width=121)
	        Recheck Cond: ((id >= 696384) AND (id <= 697383))
	        ->  Bitmap Index Scan on sbtest8_pkey  (cost=0.00..30.37 rows=994 width=0)
	              Index Cond: ((id >= 696384) AND (id <= 697383))

for: distinct_ranges
table 1 : explain SELECT DISTINCT c FROM sbtest1 WHERE id BETWEEN 6269725 AND 6270724 ORDER BY c
	Unique  (cost=3897.84..3902.80 rows=993 width=121)
	  ->  Sort  (cost=3897.84..3900.32 rows=993 width=121)
	        Sort Key: c
	        ->  Bitmap Heap Scan on sbtest1  (cost=30.61..3848.41 rows=993 width=121)
	              Recheck Cond: ((id >= 6269725) AND (id <= 6270724))
	              ->  Bitmap Index Scan on sbtest1_pkey  (cost=0.00..30.36 rows=993 width=0)
	                    Index Cond: ((id >= 6269725) AND (id <= 6270724))

table 2 : explain SELECT DISTINCT c FROM sbtest2 WHERE id BETWEEN 4725310 AND 4726309 ORDER BY c
	Unique  (cost=3963.04..3968.09 rows=1010 width=121)
	  ->  Sort  (cost=3963.04..3965.57 rows=1010 width=121)
	        Sort Key: c
	        ->  Bitmap Heap Scan on sbtest2  (cost=30.79..3912.64 rows=1010 width=121)
	              Recheck Cond: ((id >= 4725310) AND (id <= 4726309))
	              ->  Bitmap Index Scan on sbtest2_pkey  (cost=0.00..30.54 rows=1010 width=0)
	                    Index Cond: ((id >= 4725310) AND (id <= 4726309))

table 3 : explain SELECT DISTINCT c FROM sbtest3 WHERE id BETWEEN 7447955 AND 7448954 ORDER BY c
	Unique  (cost=4211.68..4217.05 rows=1074 width=121)
	  ->  Sort  (cost=4211.68..4214.37 rows=1074 width=121)
	        Sort Key: c
	        ->  Bitmap Heap Scan on sbtest3  (cost=35.44..4157.61 rows=1074 width=121)
	              Recheck Cond: ((id >= 7447955) AND (id <= 7448954))
	              ->  Bitmap Index Scan on sbtest3_pkey  (cost=0.00..35.18 rows=1074 width=0)
	                    Index Cond: ((id >= 7447955) AND (id <= 7448954))

table 4 : explain SELECT DISTINCT c FROM sbtest4 WHERE id BETWEEN 3180039 AND 3181038 ORDER BY c
	Unique  (cost=4162.56..4167.87 rows=1061 width=121)
	  ->  Sort  (cost=4162.56..4165.21 rows=1061 width=121)
	        Sort Key: c
	        ->  Bitmap Heap Scan on sbtest4  (cost=35.31..4109.24 rows=1061 width=121)
	              Recheck Cond: ((id >= 3180039) AND (id <= 3181038))
	              ->  Bitmap Index Scan on sbtest4_pkey  (cost=0.00..35.05 rows=1061 width=0)
	                    Index Cond: ((id >= 3180039) AND (id <= 3181038))

table 5 : explain SELECT DISTINCT c FROM sbtest5 WHERE id BETWEEN 7366335 AND 7367334 ORDER BY c
	Unique  (cost=3901.75..3906.72 rows=994 width=121)
	  ->  Sort  (cost=3901.75..3904.24 rows=994 width=121)
	        Sort Key: c
	        ->  Bitmap Heap Scan on sbtest5  (cost=30.62..3852.27 rows=994 width=121)
	              Recheck Cond: ((id >= 7366335) AND (id <= 7367334))
	              ->  Bitmap Index Scan on sbtest5_pkey  (cost=0.00..30.37 rows=994 width=0)
	                    Index Cond: ((id >= 7366335) AND (id <= 7367334))

table 6 : explain SELECT DISTINCT c FROM sbtest6 WHERE id BETWEEN 8194768 AND 8195767 ORDER BY c
	Unique  (cost=4119.83..4125.08 rows=1050 width=121)
	  ->  Sort  (cost=4119.83..4122.45 rows=1050 width=121)
	        Sort Key: c
	        ->  Bitmap Heap Scan on sbtest6  (cost=35.20..4067.14 rows=1050 width=121)
	              Recheck Cond: ((id >= 8194768) AND (id <= 8195767))
	              ->  Bitmap Index Scan on sbtest6_pkey  (cost=0.00..34.94 rows=1050 width=0)
	                    Index Cond: ((id >= 8194768) AND (id <= 8195767))

table 7 : explain SELECT DISTINCT c FROM sbtest7 WHERE id BETWEEN 4924776 AND 4925775 ORDER BY c
	Unique  (cost=3913.28..3918.27 rows=997 width=121)
	  ->  Sort  (cost=3913.28..3915.77 rows=997 width=121)
	        Sort Key: c
	        ->  Bitmap Heap Scan on sbtest7  (cost=30.65..3863.62 rows=997 width=121)
	              Recheck Cond: ((id >= 4924776) AND (id <= 4925775))
	              ->  Bitmap Index Scan on sbtest7_pkey  (cost=0.00..30.40 rows=997 width=0)
	                    Index Cond: ((id >= 4924776) AND (id <= 4925775))

table 8 : explain SELECT DISTINCT c FROM sbtest8 WHERE id BETWEEN 2634251 AND 2635250 ORDER BY c
	Unique  (cost=3928.59..3933.59 rows=1001 width=121)
	  ->  Sort  (cost=3928.59..3931.09 rows=1001 width=121)
	        Sort Key: c
	        ->  Bitmap Heap Scan on sbtest8  (cost=30.70..3878.70 rows=1001 width=121)
	              Recheck Cond: ((id >= 2634251) AND (id <= 2635250))
	              ->  Bitmap Index Scan on sbtest8_pkey  (cost=0.00..30.44 rows=1001 width=0)
	                    Index Cond: ((id >= 2634251) AND (id <= 2635250))

explain: for point_selects :: explain SELECT c FROM sbtest%u WHERE id=%u
for: sum_ranges
table 1 : explain SELECT SUM(k) FROM sbtest1 WHERE id BETWEEN 9555643 AND 9556642
	Aggregate  (cost=3767.74..3767.75 rows=1 width=8)
	  ->  Bitmap Heap Scan on sbtest1  (cost=30.39..3765.31 rows=971 width=4)
	        Recheck Cond: ((id >= 9555643) AND (id <= 9556642))
	        ->  Bitmap Index Scan on sbtest1_pkey  (cost=0.00..30.14 rows=971 width=0)
	              Index Cond: ((id >= 9555643) AND (id <= 9556642))

table 2 : explain SELECT SUM(k) FROM sbtest2 WHERE id BETWEEN 1639211 AND 1640210
	Aggregate  (cost=3665.67..3665.68 rows=1 width=8)
	  ->  Bitmap Heap Scan on sbtest2  (cost=30.11..3663.31 rows=944 width=4)
	        Recheck Cond: ((id >= 1639211) AND (id <= 1640210))
	        ->  Bitmap Index Scan on sbtest2_pkey  (cost=0.00..29.87 rows=944 width=0)
	              Index Cond: ((id >= 1639211) AND (id <= 1640210))

table 3 : explain SELECT SUM(k) FROM sbtest3 WHERE id BETWEEN 4706253 AND 4707252
	Aggregate  (cost=4137.69..4137.70 rows=1 width=8)
	  ->  Bitmap Heap Scan on sbtest3  (cost=35.38..4135.02 rows=1068 width=4)
	        Recheck Cond: ((id >= 4706253) AND (id <= 4707252))
	        ->  Bitmap Index Scan on sbtest3_pkey  (cost=0.00..35.12 rows=1068 width=0)
	              Index Cond: ((id >= 4706253) AND (id <= 4707252))

table 4 : explain SELECT SUM(k) FROM sbtest4 WHERE id BETWEEN 8242085 AND 8243084
	Aggregate  (cost=3968.31..3968.32 rows=1 width=8)
	  ->  Bitmap Heap Scan on sbtest4  (cost=30.93..3965.75 rows=1024 width=4)
	        Recheck Cond: ((id >= 8242085) AND (id <= 8243084))
	        ->  Bitmap Index Scan on sbtest4_pkey  (cost=0.00..30.68 rows=1024 width=0)
	              Index Cond: ((id >= 8242085) AND (id <= 8243084))

table 5 : explain SELECT SUM(k) FROM sbtest5 WHERE id BETWEEN 8031537 AND 8032536
	Aggregate  (cost=3971.81..3971.82 rows=1 width=8)
	  ->  Bitmap Heap Scan on sbtest5  (cost=30.94..3969.25 rows=1025 width=4)
	        Recheck Cond: ((id >= 8031537) AND (id <= 8032536))
	        ->  Bitmap Index Scan on sbtest5_pkey  (cost=0.00..30.68 rows=1025 width=0)
	              Index Cond: ((id >= 8031537) AND (id <= 8032536))

table 6 : explain SELECT SUM(k) FROM sbtest6 WHERE id BETWEEN 9541665 AND 9542664
	Aggregate  (cost=3930.16..3930.17 rows=1 width=8)
	  ->  Bitmap Heap Scan on sbtest6  (cost=34.82..3927.63 rows=1013 width=4)
	        Recheck Cond: ((id >= 9541665) AND (id <= 9542664))
	        ->  Bitmap Index Scan on sbtest6_pkey  (cost=0.00..34.57 rows=1013 width=0)
	              Index Cond: ((id >= 9541665) AND (id <= 9542664))

table 7 : explain SELECT SUM(k) FROM sbtest7 WHERE id BETWEEN 495831 AND 496830
	Aggregate  (cost=3896.33..3896.34 rows=1 width=8)
	  ->  Bitmap Heap Scan on sbtest7  (cost=30.74..3893.82 rows=1005 width=4)
	        Recheck Cond: ((id >= 495831) AND (id <= 496830))
	        ->  Bitmap Index Scan on sbtest7_pkey  (cost=0.00..30.48 rows=1005 width=0)
	              Index Cond: ((id >= 495831) AND (id <= 496830))

table 8 : explain SELECT SUM(k) FROM sbtest8 WHERE id BETWEEN 4182797 AND 4183796
	Aggregate  (cost=3790.52..3790.53 rows=1 width=8)
	  ->  Bitmap Heap Scan on sbtest8  (cost=30.45..3788.07 rows=977 width=4)
	        Recheck Cond: ((id >= 4182797) AND (id <= 4183796))
	        ->  Bitmap Index Scan on sbtest8_pkey  (cost=0.00..30.20 rows=977 width=0)
	              Index Cond: ((id >= 4182797) AND (id <= 4183796))

for: sum_ranges
table 1 : explain SELECT SUM(k) FROM sbtest1 WHERE id BETWEEN 4624011 AND 4625010
	Aggregate  (cost=3847.11..3847.12 rows=1 width=8)
	  ->  Bitmap Heap Scan on sbtest1  (cost=30.60..3844.63 rows=992 width=4)
	        Recheck Cond: ((id >= 4624011) AND (id <= 4625010))
	        ->  Bitmap Index Scan on sbtest1_pkey  (cost=0.00..30.36 rows=992 width=0)
	              Index Cond: ((id >= 4624011) AND (id <= 4625010))

table 2 : explain SELECT SUM(k) FROM sbtest2 WHERE id BETWEEN 5496090 AND 5497089
	Aggregate  (cost=3347.32..3347.33 rows=1 width=8)
	  ->  Bitmap Heap Scan on sbtest2  (cost=29.25..3345.17 rows=860 width=4)
	        Recheck Cond: ((id >= 5496090) AND (id <= 5497089))
	        ->  Bitmap Index Scan on sbtest2_pkey  (cost=0.00..29.04 rows=860 width=0)
	              Index Cond: ((id >= 5496090) AND (id <= 5497089))

table 3 : explain SELECT SUM(k) FROM sbtest3 WHERE id BETWEEN 520111 AND 521110
	Aggregate  (cost=3699.49..3699.50 rows=1 width=8)
	  ->  Bitmap Heap Scan on sbtest3  (cost=30.20..3697.11 rows=953 width=4)
	        Recheck Cond: ((id >= 520111) AND (id <= 521110))
	        ->  Bitmap Index Scan on sbtest3_pkey  (cost=0.00..29.96 rows=953 width=0)
	              Index Cond: ((id >= 520111) AND (id <= 521110))

table 4 : explain SELECT SUM(k) FROM sbtest4 WHERE id BETWEEN 2845457 AND 2846456
	Aggregate  (cost=3813.44..3813.45 rows=1 width=8)
	  ->  Bitmap Heap Scan on sbtest4  (cost=30.51..3810.98 rows=983 width=4)
	        Recheck Cond: ((id >= 2845457) AND (id <= 2846456))
	        ->  Bitmap Index Scan on sbtest4_pkey  (cost=0.00..30.26 rows=983 width=0)
	              Index Cond: ((id >= 2845457) AND (id <= 2846456))

table 5 : explain SELECT SUM(k) FROM sbtest5 WHERE id BETWEEN 5062698 AND 5063697
	Aggregate  (cost=3858.53..3858.54 rows=1 width=8)
	  ->  Bitmap Heap Scan on sbtest5  (cost=30.63..3856.04 rows=995 width=4)
	        Recheck Cond: ((id >= 5062698) AND (id <= 5063697))
	        ->  Bitmap Index Scan on sbtest5_pkey  (cost=0.00..30.39 rows=995 width=0)
	              Index Cond: ((id >= 5062698) AND (id <= 5063697))

table 6 : explain SELECT SUM(k) FROM sbtest6 WHERE id BETWEEN 4763703 AND 4764702
	Aggregate  (cost=4024.51..4024.52 rows=1 width=8)
	  ->  Bitmap Heap Scan on sbtest6  (cost=35.07..4021.91 rows=1038 width=4)
	        Recheck Cond: ((id >= 4763703) AND (id <= 4764702))
	        ->  Bitmap Index Scan on sbtest6_pkey  (cost=0.00..34.82 rows=1038 width=0)
	              Index Cond: ((id >= 4763703) AND (id <= 4764702))

table 7 : explain SELECT SUM(k) FROM sbtest7 WHERE id BETWEEN 7717856 AND 7718855
	Aggregate  (cost=3975.62..3975.63 rows=1 width=8)
	  ->  Bitmap Heap Scan on sbtest7  (cost=30.95..3973.05 rows=1026 width=4)
	        Recheck Cond: ((id >= 7717856) AND (id <= 7718855))
	        ->  Bitmap Index Scan on sbtest7_pkey  (cost=0.00..30.69 rows=1026 width=0)
	              Index Cond: ((id >= 7717856) AND (id <= 7718855))

table 8 : explain SELECT SUM(k) FROM sbtest8 WHERE id BETWEEN 5710878 AND 5711877
	Aggregate  (cost=4307.49..4307.50 rows=1 width=8)
	  ->  Bitmap Heap Scan on sbtest8  (cost=35.84..4304.70 rows=1113 width=4)
	        Recheck Cond: ((id >= 5710878) AND (id <= 5711877))
	        ->  Bitmap Index Scan on sbtest8_pkey  (cost=0.00..35.57 rows=1113 width=0)
	              Index Cond: ((id >= 5710878) AND (id <= 5711877))

for: order_ranges
table 1 : explain SELECT c FROM sbtest1 WHERE id BETWEEN 9476009 AND 9477008 ORDER BY c
	Sort  (cost=4162.00..4164.66 rows=1062 width=121)
	  Sort Key: c
	  ->  Bitmap Heap Scan on sbtest1  (cost=31.32..4108.63 rows=1062 width=121)
	        Recheck Cond: ((id >= 9476009) AND (id <= 9477008))
	        ->  Bitmap Index Scan on sbtest1_pkey  (cost=0.00..31.05 rows=1062 width=0)
	              Index Cond: ((id >= 9476009) AND (id <= 9477008))

table 2 : explain SELECT c FROM sbtest2 WHERE id BETWEEN 1937604 AND 1938603 ORDER BY c
	Sort  (cost=3936.23..3938.73 rows=1003 width=121)
	  Sort Key: c
	  ->  Bitmap Heap Scan on sbtest2  (cost=30.72..3886.23 rows=1003 width=121)
	        Recheck Cond: ((id >= 1937604) AND (id <= 1938603))
	        ->  Bitmap Index Scan on sbtest2_pkey  (cost=0.00..30.46 rows=1003 width=0)
	              Index Cond: ((id >= 1937604) AND (id <= 1938603))

table 3 : explain SELECT c FROM sbtest3 WHERE id BETWEEN 5694832 AND 5695831 ORDER BY c
	Sort  (cost=3985.76..3988.30 rows=1016 width=121)
	  Sort Key: c
	  ->  Bitmap Heap Scan on sbtest3  (cost=30.85..3935.02 rows=1016 width=121)
	        Recheck Cond: ((id >= 5694832) AND (id <= 5695831))
	        ->  Bitmap Index Scan on sbtest3_pkey  (cost=0.00..30.59 rows=1016 width=0)
	              Index Cond: ((id >= 5694832) AND (id <= 5695831))

table 4 : explain SELECT c FROM sbtest4 WHERE id BETWEEN 4030800 AND 4031799 ORDER BY c
	Sort  (cost=4269.62..4272.34 rows=1089 width=121)
	  Sort Key: c
	  ->  Bitmap Heap Scan on sbtest4  (cost=35.60..4214.69 rows=1089 width=121)
	        Recheck Cond: ((id >= 4030800) AND (id <= 4031799))
	        ->  Bitmap Index Scan on sbtest4_pkey  (cost=0.00..35.33 rows=1089 width=0)
	              Index Cond: ((id >= 4030800) AND (id <= 4031799))

table 5 : explain SELECT c FROM sbtest5 WHERE id BETWEEN 4913169 AND 4914168 ORDER BY c
	Sort  (cost=3836.58..3839.02 rows=977 width=121)
	  Sort Key: c
	  ->  Bitmap Heap Scan on sbtest5  (cost=30.45..3788.06 rows=977 width=121)
	        Recheck Cond: ((id >= 4913169) AND (id <= 4914168))
	        ->  Bitmap Index Scan on sbtest5_pkey  (cost=0.00..30.20 rows=977 width=0)
	              Index Cond: ((id >= 4913169) AND (id <= 4914168))

table 6 : explain SELECT c FROM sbtest6 WHERE id BETWEEN 193212 AND 194211 ORDER BY c
	Sort  (cost=4104.52..4107.14 rows=1046 width=121)
	  Sort Key: c
	  ->  Bitmap Heap Scan on sbtest6  (cost=35.16..4052.06 rows=1046 width=121)
	        Recheck Cond: ((id >= 193212) AND (id <= 194211))
	        ->  Bitmap Index Scan on sbtest6_pkey  (cost=0.00..34.90 rows=1046 width=0)
	              Index Cond: ((id >= 193212) AND (id <= 194211))

table 7 : explain SELECT c FROM sbtest7 WHERE id BETWEEN 4363236 AND 4364235 ORDER BY c
	Sort  (cost=4219.67..4222.36 rows=1076 width=121)
	  Sort Key: c
	  ->  Bitmap Heap Scan on sbtest7  (cost=35.46..4165.48 rows=1076 width=121)
	        Recheck Cond: ((id >= 4363236) AND (id <= 4364235))
	        ->  Bitmap Index Scan on sbtest7_pkey  (cost=0.00..35.20 rows=1076 width=0)
	              Index Cond: ((id >= 4363236) AND (id <= 4364235))

table 8 : explain SELECT c FROM sbtest8 WHERE id BETWEEN 8618374 AND 8619373 ORDER BY c
	Sort  (cost=3936.25..3938.76 rows=1003 width=121)
	  Sort Key: c
	  ->  Bitmap Heap Scan on sbtest8  (cost=30.72..3886.25 rows=1003 width=121)
	        Recheck Cond: ((id >= 8618374) AND (id <= 8619373))
	        ->  Bitmap Index Scan on sbtest8_pkey  (cost=0.00..30.46 rows=1003 width=0)
	              Index Cond: ((id >= 8618374) AND (id <= 8619373))

for: sum_ranges
table 1 : explain SELECT SUM(k) FROM sbtest1 WHERE id BETWEEN 4215376 AND 4216375
	Aggregate  (cost=3971.72..3971.73 rows=1 width=8)
	  ->  Bitmap Heap Scan on sbtest1  (cost=30.94..3969.16 rows=1025 width=4)
	        Recheck Cond: ((id >= 4215376) AND (id <= 4216375))
	        ->  Bitmap Index Scan on sbtest1_pkey  (cost=0.00..30.68 rows=1025 width=0)
	              Index Cond: ((id >= 4215376) AND (id <= 4216375))

table 2 : explain SELECT SUM(k) FROM sbtest2 WHERE id BETWEEN 6382801 AND 6383800
	Aggregate  (cost=4126.67..4126.68 rows=1 width=8)
	  ->  Bitmap Heap Scan on sbtest2  (cost=35.35..4124.00 rows=1065 width=4)
	        Recheck Cond: ((id >= 6382801) AND (id <= 6383800))
	        ->  Bitmap Index Scan on sbtest2_pkey  (cost=0.00..35.09 rows=1065 width=0)
	              Index Cond: ((id >= 6382801) AND (id <= 6383800))

table 3 : explain SELECT SUM(k) FROM sbtest3 WHERE id BETWEEN 6397790 AND 6398789
	Aggregate  (cost=3733.53..3733.54 rows=1 width=8)
	  ->  Bitmap Heap Scan on sbtest3  (cost=30.30..3731.12 rows=962 width=4)
	        Recheck Cond: ((id >= 6397790) AND (id <= 6398789))
	        ->  Bitmap Index Scan on sbtest3_pkey  (cost=0.00..30.05 rows=962 width=0)
	              Index Cond: ((id >= 6397790) AND (id <= 6398789))

table 4 : explain SELECT SUM(k) FROM sbtest4 WHERE id BETWEEN 1827065 AND 1828064
	Aggregate  (cost=3790.76..3790.77 rows=1 width=8)
	  ->  Bitmap Heap Scan on sbtest4  (cost=30.45..3788.32 rows=977 width=4)
	        Recheck Cond: ((id >= 1827065) AND (id <= 1828064))
	        ->  Bitmap Index Scan on sbtest4_pkey  (cost=0.00..30.20 rows=977 width=0)
	              Index Cond: ((id >= 1827065) AND (id <= 1828064))

table 5 : explain SELECT SUM(k) FROM sbtest5 WHERE id BETWEEN 9069618 AND 9070617
	Aggregate  (cost=4085.21..4085.22 rows=1 width=8)
	  ->  Bitmap Heap Scan on sbtest5  (cost=35.24..4082.58 rows=1054 width=4)
	        Recheck Cond: ((id >= 9069618) AND (id <= 9070617))
	        ->  Bitmap Index Scan on sbtest5_pkey  (cost=0.00..34.98 rows=1054 width=0)
	              Index Cond: ((id >= 9069618) AND (id <= 9070617))

table 6 : explain SELECT SUM(k) FROM sbtest6 WHERE id BETWEEN 1920792 AND 1921791
	Aggregate  (cost=3937.71..3937.72 rows=1 width=8)
	  ->  Bitmap Heap Scan on sbtest6  (cost=34.84..3935.18 rows=1015 width=4)
	        Recheck Cond: ((id >= 1920792) AND (id <= 1921791))
	        ->  Bitmap Index Scan on sbtest6_pkey  (cost=0.00..34.59 rows=1015 width=0)
	              Index Cond: ((id >= 1920792) AND (id <= 1921791))

table 7 : explain SELECT SUM(k) FROM sbtest7 WHERE id BETWEEN 541358 AND 542357
	Aggregate  (cost=4009.81..4009.82 rows=1 width=8)
	  ->  Bitmap Heap Scan on sbtest7  (cost=35.03..4007.22 rows=1034 width=4)
	        Recheck Cond: ((id >= 541358) AND (id <= 542357))
	        ->  Bitmap Index Scan on sbtest7_pkey  (cost=0.00..34.78 rows=1034 width=0)
	              Index Cond: ((id >= 541358) AND (id <= 542357))

table 8 : explain SELECT SUM(k) FROM sbtest8 WHERE id BETWEEN 820382 AND 821381
	Aggregate  (cost=4002.24..4002.25 rows=1 width=8)
	  ->  Bitmap Heap Scan on sbtest8  (cost=35.01..3999.66 rows=1032 width=4)
	        Recheck Cond: ((id >= 820382) AND (id <= 821381))
	        ->  Bitmap Index Scan on sbtest8_pkey  (cost=0.00..34.76 rows=1032 width=0)
	              Index Cond: ((id >= 820382) AND (id <= 821381))

for point_selects
table 1 : explain SELECT c FROM sbtest1 WHERE id=2887364
	Index Scan using sbtest1_pkey on sbtest1  (cost=0.43..8.45 rows=1 width=121)
	  Index Cond: (id = 2887364)

table 2 : explain SELECT c FROM sbtest2 WHERE id=1831845
	Index Scan using sbtest2_pkey on sbtest2  (cost=0.43..8.45 rows=1 width=121)
	  Index Cond: (id = 1831845)

table 3 : explain SELECT c FROM sbtest3 WHERE id=6636208
	Index Scan using sbtest3_pkey on sbtest3  (cost=0.43..8.45 rows=1 width=121)
	  Index Cond: (id = 6636208)

table 4 : explain SELECT c FROM sbtest4 WHERE id=6299870
	Index Scan using sbtest4_pkey on sbtest4  (cost=0.43..8.45 rows=1 width=121)
	  Index Cond: (id = 6299870)

table 5 : explain SELECT c FROM sbtest5 WHERE id=9098523
	Index Scan using sbtest5_pkey on sbtest5  (cost=0.43..8.45 rows=1 width=121)
	  Index Cond: (id = 9098523)

table 6 : explain SELECT c FROM sbtest6 WHERE id=7110414
	Index Scan using sbtest6_pkey on sbtest6  (cost=0.43..8.45 rows=1 width=121)
	  Index Cond: (id = 7110414)

table 7 : explain SELECT c FROM sbtest7 WHERE id=7341817
	Index Scan using sbtest7_pkey on sbtest7  (cost=0.43..8.45 rows=1 width=121)
	  Index Cond: (id = 7341817)

table 8 : explain SELECT c FROM sbtest8 WHERE id=9500150
	Index Scan using sbtest8_pkey on sbtest8  (cost=0.43..8.45 rows=1 width=121)
	  Index Cond: (id = 9500150)

explain: for point_selects :: explain SELECT c FROM sbtest%u WHERE id=%u
for: distinct_ranges
table 1 : explain SELECT DISTINCT c FROM sbtest1 WHERE id BETWEEN 3537374 AND 3538373 ORDER BY c
	Unique  (cost=4112.28..4117.52 rows=1049 width=121)
	  ->  Sort  (cost=4112.28..4114.90 rows=1049 width=121)
	        Sort Key: c
	        ->  Bitmap Heap Scan on sbtest1  (cost=31.19..4059.64 rows=1049 width=121)
	              Recheck Cond: ((id >= 3537374) AND (id <= 3538373))
	              ->  Bitmap Index Scan on sbtest1_pkey  (cost=0.00..30.93 rows=1049 width=0)
	                    Index Cond: ((id >= 3537374) AND (id <= 3538373))

table 2 : explain SELECT DISTINCT c FROM sbtest2 WHERE id BETWEEN 4077882 AND 4078881 ORDER BY c
	Unique  (cost=3660.05..3664.70 rows=931 width=121)
	  ->  Sort  (cost=3660.05..3662.38 rows=931 width=121)
	        Sort Key: c
	        ->  Bitmap Heap Scan on sbtest2  (cost=29.98..3614.14 rows=931 width=121)
	              Recheck Cond: ((id >= 4077882) AND (id <= 4078881))
	              ->  Bitmap Index Scan on sbtest2_pkey  (cost=0.00..29.75 rows=931 width=0)
	                    Index Cond: ((id >= 4077882) AND (id <= 4078881))

table 3 : explain SELECT DISTINCT c FROM sbtest3 WHERE id BETWEEN 3500025 AND 3501024 ORDER BY c
	Unique  (cost=3932.14..3937.15 rows=1002 width=121)
	  ->  Sort  (cost=3932.14..3934.64 rows=1002 width=121)
	        Sort Key: c
	        ->  Bitmap Heap Scan on sbtest3  (cost=30.71..3882.19 rows=1002 width=121)
	              Recheck Cond: ((id >= 3500025) AND (id <= 3501024))
	              ->  Bitmap Index Scan on sbtest3_pkey  (cost=0.00..30.45 rows=1002 width=0)
	                    Index Cond: ((id >= 3500025) AND (id <= 3501024))

table 4 : explain SELECT DISTINCT c FROM sbtest4 WHERE id BETWEEN 8763835 AND 8764834 ORDER BY c
	Unique  (cost=3806.15..3811.00 rows=969 width=121)
	  ->  Sort  (cost=3806.15..3808.57 rows=969 width=121)
	        Sort Key: c
	        ->  Bitmap Heap Scan on sbtest4  (cost=30.37..3758.09 rows=969 width=121)
	              Recheck Cond: ((id >= 8763835) AND (id <= 8764834))
	              ->  Bitmap Index Scan on sbtest4_pkey  (cost=0.00..30.12 rows=969 width=0)
	                    Index Cond: ((id >= 8763835) AND (id <= 8764834))

table 5 : explain SELECT DISTINCT c FROM sbtest5 WHERE id BETWEEN 2403404 AND 2404403 ORDER BY c
	Unique  (cost=3721.49..3726.22 rows=947 width=121)
	  ->  Sort  (cost=3721.49..3723.86 rows=947 width=121)
	        Sort Key: c
	        ->  Bitmap Heap Scan on sbtest5  (cost=30.14..3674.67 rows=947 width=121)
	              Recheck Cond: ((id >= 2403404) AND (id <= 2404403))
	              ->  Bitmap Index Scan on sbtest5_pkey  (cost=0.00..29.90 rows=947 width=0)
	                    Index Cond: ((id >= 2403404) AND (id <= 2404403))

table 6 : explain SELECT DISTINCT c FROM sbtest6 WHERE id BETWEEN 4840404 AND 4841403 ORDER BY c
	Unique  (cost=4077.74..4082.93 rows=1039 width=121)
	  ->  Sort  (cost=4077.74..4080.34 rows=1039 width=121)
	        Sort Key: c
	        ->  Bitmap Heap Scan on sbtest6  (cost=35.08..4025.68 rows=1039 width=121)
	              Recheck Cond: ((id >= 4840404) AND (id <= 4841403))
	              ->  Bitmap Index Scan on sbtest6_pkey  (cost=0.00..34.83 rows=1039 width=0)
	                    Index Cond: ((id >= 4840404) AND (id <= 4841403))

table 7 : explain SELECT DISTINCT c FROM sbtest7 WHERE id BETWEEN 2896317 AND 2897316 ORDER BY c
	Unique  (cost=4425.95..4431.60 rows=1130 width=121)
	  ->  Sort  (cost=4425.95..4428.78 rows=1130 width=121)
	        Sort Key: c
	        ->  Bitmap Heap Scan on sbtest7  (cost=36.02..4368.65 rows=1130 width=121)
	              Recheck Cond: ((id >= 2896317) AND (id <= 2897316))
	              ->  Bitmap Index Scan on sbtest7_pkey  (cost=0.00..35.73 rows=1130 width=0)
	                    Index Cond: ((id >= 2896317) AND (id <= 2897316))

table 8 : explain SELECT DISTINCT c FROM sbtest8 WHERE id BETWEEN 755545 AND 756544 ORDER BY c
	Unique  (cost=3901.76..3906.73 rows=994 width=121)
	  ->  Sort  (cost=3901.76..3904.25 rows=994 width=121)
	        Sort Key: c
	        ->  Bitmap Heap Scan on sbtest8  (cost=30.62..3852.28 rows=994 width=121)
	              Recheck Cond: ((id >= 755545) AND (id <= 756544))
	              ->  Bitmap Index Scan on sbtest8_pkey  (cost=0.00..30.37 rows=994 width=0)
	                    Index Cond: ((id >= 755545) AND (id <= 756544))

for: sum_ranges
table 1 : explain SELECT SUM(k) FROM sbtest1 WHERE id BETWEEN 6671383 AND 6672382
	Aggregate  (cost=3813.10..3813.11 rows=1 width=8)
	  ->  Bitmap Heap Scan on sbtest1  (cost=30.51..3810.64 rows=983 width=4)
	        Recheck Cond: ((id >= 6671383) AND (id <= 6672382))
	        ->  Bitmap Index Scan on sbtest1_pkey  (cost=0.00..30.26 rows=983 width=0)
	              Index Cond: ((id >= 6671383) AND (id <= 6672382))

table 2 : explain SELECT SUM(k) FROM sbtest2 WHERE id BETWEEN 5529800 AND 5530799
	Aggregate  (cost=3347.32..3347.33 rows=1 width=8)
	  ->  Bitmap Heap Scan on sbtest2  (cost=29.25..3345.17 rows=860 width=4)
	        Recheck Cond: ((id >= 5529800) AND (id <= 5530799))
	        ->  Bitmap Index Scan on sbtest2_pkey  (cost=0.00..29.04 rows=860 width=0)
	              Index Cond: ((id >= 5529800) AND (id <= 5530799))

table 3 : explain SELECT SUM(k) FROM sbtest3 WHERE id BETWEEN 4450215 AND 4451214
	Aggregate  (cost=3858.26..3858.27 rows=1 width=8)
	  ->  Bitmap Heap Scan on sbtest3  (cost=30.63..3855.77 rows=995 width=4)
	        Recheck Cond: ((id >= 4450215) AND (id <= 4451214))
	        ->  Bitmap Index Scan on sbtest3_pkey  (cost=0.00..30.39 rows=995 width=0)
	              Index Cond: ((id >= 4450215) AND (id <= 4451214))

table 4 : explain SELECT SUM(k) FROM sbtest4 WHERE id BETWEEN 2567106 AND 2568105
	Aggregate  (cost=3658.36..3658.37 rows=1 width=8)
	  ->  Bitmap Heap Scan on sbtest4  (cost=30.09..3656.00 rows=942 width=4)
	        Recheck Cond: ((id >= 2567106) AND (id <= 2568105))
	        ->  Bitmap Index Scan on sbtest4_pkey  (cost=0.00..29.86 rows=942 width=0)
	              Index Cond: ((id >= 2567106) AND (id <= 2568105))

table 5 : explain SELECT SUM(k) FROM sbtest5 WHERE id BETWEEN 5151230 AND 5152229
	Aggregate  (cost=3741.35..3741.36 rows=1 width=8)
	  ->  Bitmap Heap Scan on sbtest5  (cost=30.32..3738.94 rows=964 width=4)
	        Recheck Cond: ((id >= 5151230) AND (id <= 5152229))
	        ->  Bitmap Index Scan on sbtest5_pkey  (cost=0.00..30.07 rows=964 width=0)
	              Index Cond: ((id >= 5151230) AND (id <= 5152229))

table 6 : explain SELECT SUM(k) FROM sbtest6 WHERE id BETWEEN 3986162 AND 3987161
	Aggregate  (cost=3809.07..3809.08 rows=1 width=8)
	  ->  Bitmap Heap Scan on sbtest6  (cost=30.50..3806.62 rows=982 width=4)
	        Recheck Cond: ((id >= 3986162) AND (id <= 3987161))
	        ->  Bitmap Index Scan on sbtest6_pkey  (cost=0.00..30.25 rows=982 width=0)
	              Index Cond: ((id >= 3986162) AND (id <= 3987161))

table 7 : explain SELECT SUM(k) FROM sbtest7 WHERE id BETWEEN 2902343 AND 2903342
	Aggregate  (cost=4371.47..4371.48 rows=1 width=8)
	  ->  Bitmap Heap Scan on sbtest7  (cost=36.02..4368.65 rows=1130 width=4)
	        Recheck Cond: ((id >= 2902343) AND (id <= 2903342))
	        ->  Bitmap Index Scan on sbtest7_pkey  (cost=0.00..35.73 rows=1130 width=0)
	              Index Cond: ((id >= 2902343) AND (id <= 2903342))

table 8 : explain SELECT SUM(k) FROM sbtest8 WHERE id BETWEEN 8195889 AND 8196888
	Aggregate  (cost=3854.76..3854.77 rows=1 width=8)
	  ->  Bitmap Heap Scan on sbtest8  (cost=30.62..3852.28 rows=994 width=4)
	        Recheck Cond: ((id >= 8195889) AND (id <= 8196888))
	        ->  Bitmap Index Scan on sbtest8_pkey  (cost=0.00..30.37 rows=994 width=0)
	              Index Cond: ((id >= 8195889) AND (id <= 8196888))

for: sum_ranges
table 1 : explain SELECT SUM(k) FROM sbtest1 WHERE id BETWEEN 1756771 AND 1757770
	Aggregate  (cost=3862.22..3862.23 rows=1 width=8)
	  ->  Bitmap Heap Scan on sbtest1  (cost=30.64..3859.73 rows=996 width=4)
	        Recheck Cond: ((id >= 1756771) AND (id <= 1757770))
	        ->  Bitmap Index Scan on sbtest1_pkey  (cost=0.00..30.39 rows=996 width=0)
	              Index Cond: ((id >= 1756771) AND (id <= 1757770))

table 2 : explain SELECT SUM(k) FROM sbtest2 WHERE id BETWEEN 9009823 AND 9010822
	Aggregate  (cost=3835.84..3835.85 rows=1 width=8)
	  ->  Bitmap Heap Scan on sbtest2  (cost=30.57..3833.37 rows=989 width=4)
	        Recheck Cond: ((id >= 9009823) AND (id <= 9010822))
	        ->  Bitmap Index Scan on sbtest2_pkey  (cost=0.00..30.32 rows=989 width=0)
	              Index Cond: ((id >= 9009823) AND (id <= 9010822))

table 3 : explain SELECT SUM(k) FROM sbtest3 WHERE id BETWEEN 5366 AND 6365
	Aggregate  (cost=4205.50..4205.51 rows=1 width=8)
	  ->  Bitmap Heap Scan on sbtest3  (cost=35.57..4202.79 rows=1086 width=4)
	        Recheck Cond: ((id >= 5366) AND (id <= 6365))
	        ->  Bitmap Index Scan on sbtest3_pkey  (cost=0.00..35.30 rows=1086 width=0)
	              Index Cond: ((id >= 5366) AND (id <= 6365))

table 4 : explain SELECT SUM(k) FROM sbtest4 WHERE id BETWEEN 3370578 AND 3371577
	Aggregate  (cost=3616.71..3616.72 rows=1 width=8)
	  ->  Bitmap Heap Scan on sbtest4  (cost=29.98..3614.39 rows=931 width=4)
	        Recheck Cond: ((id >= 3370578) AND (id <= 3371577))
	        ->  Bitmap Index Scan on sbtest4_pkey  (cost=0.00..29.75 rows=931 width=0)
	              Index Cond: ((id >= 3370578) AND (id <= 3371577))

table 5 : explain SELECT SUM(k) FROM sbtest5 WHERE id BETWEEN 778999 AND 779998
	Aggregate  (cost=3790.51..3790.52 rows=1 width=8)
	  ->  Bitmap Heap Scan on sbtest5  (cost=30.45..3788.06 rows=977 width=4)
	        Recheck Cond: ((id >= 778999) AND (id <= 779998))
	        ->  Bitmap Index Scan on sbtest5_pkey  (cost=0.00..30.20 rows=977 width=0)
	              Index Cond: ((id >= 778999) AND (id <= 779998))

table 6 : explain SELECT SUM(k) FROM sbtest6 WHERE id BETWEEN 4700280 AND 4701279
	Aggregate  (cost=3793.96..3793.97 rows=1 width=8)
	  ->  Bitmap Heap Scan on sbtest6  (cost=30.46..3791.51 rows=978 width=4)
	        Recheck Cond: ((id >= 4700280) AND (id <= 4701279))
	        ->  Bitmap Index Scan on sbtest6_pkey  (cost=0.00..30.21 rows=978 width=0)
	              Index Cond: ((id >= 4700280) AND (id <= 4701279))

table 7 : explain SELECT SUM(k) FROM sbtest7 WHERE id BETWEEN 7624894 AND 7625893
	Aggregate  (cost=3866.12..3866.13 rows=1 width=8)
	  ->  Bitmap Heap Scan on sbtest7  (cost=30.65..3863.62 rows=997 width=4)
	        Recheck Cond: ((id >= 7624894) AND (id <= 7625893))
	        ->  Bitmap Index Scan on sbtest7_pkey  (cost=0.00..30.40 rows=997 width=0)
	              Index Cond: ((id >= 7624894) AND (id <= 7625893))

table 8 : explain SELECT SUM(k) FROM sbtest8 WHERE id BETWEEN 6331053 AND 6332052
	Aggregate  (cost=3764.05..3764.06 rows=1 width=8)
	  ->  Bitmap Heap Scan on sbtest8  (cost=30.38..3761.63 rows=970 width=4)
	        Recheck Cond: ((id >= 6331053) AND (id <= 6332052))
	        ->  Bitmap Index Scan on sbtest8_pkey  (cost=0.00..30.14 rows=970 width=0)
	              Index Cond: ((id >= 6331053) AND (id <= 6332052))

for: distinct_ranges
table 1 : explain SELECT DISTINCT c FROM sbtest1 WHERE id BETWEEN 5506410 AND 5507409 ORDER BY c
	Unique  (cost=3690.70..3695.40 rows=939 width=121)
	  ->  Sort  (cost=3690.70..3693.05 rows=939 width=121)
	        Sort Key: c
	        ->  Bitmap Heap Scan on sbtest1  (cost=30.06..3644.34 rows=939 width=121)
	              Recheck Cond: ((id >= 5506410) AND (id <= 5507409))
	              ->  Bitmap Index Scan on sbtest1_pkey  (cost=0.00..29.82 rows=939 width=0)
	                    Index Cond: ((id >= 5506410) AND (id <= 5507409))

table 2 : explain SELECT DISTINCT c FROM sbtest2 WHERE id BETWEEN 8802136 AND 8803135 ORDER BY c
	Unique  (cost=3874.91..3879.84 rows=987 width=121)
	  ->  Sort  (cost=3874.91..3877.37 rows=987 width=121)
	        Sort Key: c
	        ->  Bitmap Heap Scan on sbtest2  (cost=30.55..3825.82 rows=987 width=121)
	              Recheck Cond: ((id >= 8802136) AND (id <= 8803135))
	              ->  Bitmap Index Scan on sbtest2_pkey  (cost=0.00..30.30 rows=987 width=0)
	                    Index Cond: ((id >= 8802136) AND (id <= 8803135))

table 3 : explain SELECT DISTINCT c FROM sbtest3 WHERE id BETWEEN 4075425 AND 4076424 ORDER BY c
	Unique  (cost=3970.44..3975.50 rows=1012 width=121)
	  ->  Sort  (cost=3970.44..3972.97 rows=1012 width=121)
	        Sort Key: c
	        ->  Bitmap Heap Scan on sbtest3  (cost=30.81..3919.93 rows=1012 width=121)
	              Recheck Cond: ((id >= 4075425) AND (id <= 4076424))
	              ->  Bitmap Index Scan on sbtest3_pkey  (cost=0.00..30.55 rows=1012 width=0)
	                    Index Cond: ((id >= 4075425) AND (id <= 4076424))

table 4 : explain SELECT DISTINCT c FROM sbtest4 WHERE id BETWEEN 3685231 AND 3686230 ORDER BY c
	Unique  (cost=4036.10..4041.24 rows=1029 width=121)
	  ->  Sort  (cost=4036.10..4038.67 rows=1029 width=121)
	        Sort Key: c
	        ->  Bitmap Heap Scan on sbtest4  (cost=30.98..3984.61 rows=1029 width=121)
	              Recheck Cond: ((id >= 3685231) AND (id <= 3686230))
	              ->  Bitmap Index Scan on sbtest4_pkey  (cost=0.00..30.72 rows=1029 width=0)
	                    Index Cond: ((id >= 3685231) AND (id <= 3686230))

table 5 : explain SELECT DISTINCT c FROM sbtest5 WHERE id BETWEEN 2328956 AND 2329955 ORDER BY c
	Unique  (cost=4012.85..4017.96 rows=1023 width=121)
	  ->  Sort  (cost=4012.85..4015.41 rows=1023 width=121)
	        Sort Key: c
	        ->  Bitmap Heap Scan on sbtest5  (cost=30.92..3961.71 rows=1023 width=121)
	              Recheck Cond: ((id >= 2328956) AND (id <= 2329955))
	              ->  Bitmap Index Scan on sbtest5_pkey  (cost=0.00..30.66 rows=1023 width=0)
	                    Index Cond: ((id >= 2328956) AND (id <= 2329955))

table 6 : explain SELECT DISTINCT c FROM sbtest6 WHERE id BETWEEN 7652569 AND 7653568 ORDER BY c
	Unique  (cost=4299.50..4304.98 rows=1097 width=121)
	  ->  Sort  (cost=4299.50..4302.24 rows=1097 width=121)
	        Sort Key: c
	        ->  Bitmap Heap Scan on sbtest6  (cost=35.68..4244.10 rows=1097 width=121)
	              Recheck Cond: ((id >= 7652569) AND (id <= 7653568))
	              ->  Bitmap Index Scan on sbtest6_pkey  (cost=0.00..35.41 rows=1097 width=0)
	                    Index Cond: ((id >= 7652569) AND (id <= 7653568))

table 7 : explain SELECT DISTINCT c FROM sbtest7 WHERE id BETWEEN 5831992 AND 5832991 ORDER BY c
	Unique  (cost=3759.89..3764.68 rows=957 width=121)
	  ->  Sort  (cost=3759.89..3762.29 rows=957 width=121)
	        Sort Key: c
	        ->  Bitmap Heap Scan on sbtest7  (cost=30.24..3712.51 rows=957 width=121)
	              Recheck Cond: ((id >= 5831992) AND (id <= 5832991))
	              ->  Bitmap Index Scan on sbtest7_pkey  (cost=0.00..30.00 rows=957 width=0)
	                    Index Cond: ((id >= 5831992) AND (id <= 5832991))

table 8 : explain SELECT DISTINCT c FROM sbtest8 WHERE id BETWEEN 5068489 AND 5069488 ORDER BY c
	Unique  (cost=3637.03..3641.65 rows=925 width=121)
	  ->  Sort  (cost=3637.03..3639.34 rows=925 width=121)
	        Sort Key: c
	        ->  Bitmap Heap Scan on sbtest8  (cost=29.92..3591.46 rows=925 width=121)
	              Recheck Cond: ((id >= 5068489) AND (id <= 5069488))
	              ->  Bitmap Index Scan on sbtest8_pkey  (cost=0.00..29.68 rows=925 width=0)
	                    Index Cond: ((id >= 5068489) AND (id <= 5069488))

for: simple_ranges
table 1 : explain SELECT c FROM sbtest1 WHERE id BETWEEN 2603246 AND 2604245
	Bitmap Heap Scan on sbtest1  (cost=30.56..3829.53 rows=988 width=121)
	  Recheck Cond: ((id >= 2603246) AND (id <= 2604245))
	  ->  Bitmap Index Scan on sbtest1_pkey  (cost=0.00..30.32 rows=988 width=0)
	        Index Cond: ((id >= 2603246) AND (id <= 2604245))

table 2 : explain SELECT c FROM sbtest2 WHERE id BETWEEN 6970667 AND 6971666
	Bitmap Heap Scan on sbtest2  (cost=29.98..3614.14 rows=931 width=121)
	  Recheck Cond: ((id >= 6970667) AND (id <= 6971666))
	  ->  Bitmap Index Scan on sbtest2_pkey  (cost=0.00..29.75 rows=931 width=0)
	        Index Cond: ((id >= 6970667) AND (id <= 6971666))

table 3 : explain SELECT c FROM sbtest3 WHERE id BETWEEN 3574031 AND 3575030
	Bitmap Heap Scan on sbtest3  (cost=31.12..4033.06 rows=1042 width=121)
	  Recheck Cond: ((id >= 3574031) AND (id <= 3575030))
	  ->  Bitmap Index Scan on sbtest3_pkey  (cost=0.00..30.86 rows=1042 width=0)
	        Index Cond: ((id >= 3574031) AND (id <= 3575030))

table 4 : explain SELECT c FROM sbtest4 WHERE id BETWEEN 8109110 AND 8110109
	Bitmap Heap Scan on sbtest4  (cost=30.54..3822.31 rows=986 width=121)
	  Recheck Cond: ((id >= 8109110) AND (id <= 8110109))
	  ->  Bitmap Index Scan on sbtest4_pkey  (cost=0.00..30.29 rows=986 width=0)
	        Index Cond: ((id >= 8109110) AND (id <= 8110109))

table 5 : explain SELECT c FROM sbtest5 WHERE id BETWEEN 3558486 AND 3559485
	Bitmap Heap Scan on sbtest5  (cost=29.78..3542.24 rows=912 width=121)
	  Recheck Cond: ((id >= 3558486) AND (id <= 3559485))
	  ->  Bitmap Index Scan on sbtest5_pkey  (cost=0.00..29.55 rows=912 width=0)
	        Index Cond: ((id >= 3558486) AND (id <= 3559485))

table 6 : explain SELECT c FROM sbtest6 WHERE id BETWEEN 1966989 AND 1967988
	Bitmap Heap Scan on sbtest6  (cost=34.84..3935.18 rows=1015 width=121)
	  Recheck Cond: ((id >= 1966989) AND (id <= 1967988))
	  ->  Bitmap Index Scan on sbtest6_pkey  (cost=0.00..34.59 rows=1015 width=0)
	        Index Cond: ((id >= 1966989) AND (id <= 1967988))

table 7 : explain SELECT c FROM sbtest7 WHERE id BETWEEN 9360437 AND 9361436
	Bitmap Heap Scan on sbtest7  (cost=35.03..4007.22 rows=1034 width=121)
	  Recheck Cond: ((id >= 9360437) AND (id <= 9361436))
	  ->  Bitmap Index Scan on sbtest7_pkey  (cost=0.00..34.78 rows=1034 width=0)
	        Index Cond: ((id >= 9360437) AND (id <= 9361436))

table 8 : explain SELECT c FROM sbtest8 WHERE id BETWEEN 5200303 AND 5201302
	Bitmap Heap Scan on sbtest8  (cost=35.00..3995.89 rows=1031 width=121)
	  Recheck Cond: ((id >= 5200303) AND (id <= 5201302))
	  ->  Bitmap Index Scan on sbtest8_pkey  (cost=0.00..34.75 rows=1031 width=0)
	        Index Cond: ((id >= 5200303) AND (id <= 5201302))

for: order_ranges
table 1 : explain SELECT c FROM sbtest1 WHERE id BETWEEN 4550232 AND 4551231 ORDER BY c
	Sort  (cost=3790.48..3792.89 rows=965 width=121)
	  Sort Key: c
	  ->  Bitmap Heap Scan on sbtest1  (cost=30.33..3742.64 rows=965 width=121)
	        Recheck Cond: ((id >= 4550232) AND (id <= 4551231))
	        ->  Bitmap Index Scan on sbtest1_pkey  (cost=0.00..30.08 rows=965 width=0)
	              Index Cond: ((id >= 4550232) AND (id <= 4551231))

table 2 : explain SELECT c FROM sbtest2 WHERE id BETWEEN 5991666 AND 5992665 ORDER BY c
	Sort  (cost=3748.34..3750.72 rows=954 width=121)
	  Sort Key: c
	  ->  Bitmap Heap Scan on sbtest2  (cost=30.21..3701.13 rows=954 width=121)
	        Recheck Cond: ((id >= 5991666) AND (id <= 5992665))
	        ->  Bitmap Index Scan on sbtest2_pkey  (cost=0.00..29.97 rows=954 width=0)
	              Index Cond: ((id >= 5991666) AND (id <= 5992665))

table 3 : explain SELECT c FROM sbtest3 WHERE id BETWEEN 150519 AND 151518 ORDER BY c
	Sort  (cost=3725.07..3727.44 rows=948 width=121)
	  Sort Key: c
	  ->  Bitmap Heap Scan on sbtest3  (cost=30.15..3678.20 rows=948 width=121)
	        Recheck Cond: ((id >= 150519) AND (id <= 151518))
	        ->  Bitmap Index Scan on sbtest3_pkey  (cost=0.00..29.91 rows=948 width=0)
	              Index Cond: ((id >= 150519) AND (id <= 151518))

table 4 : explain SELECT c FROM sbtest4 WHERE id BETWEEN 7738779 AND 7739778 ORDER BY c
	Sort  (cost=3990.14..3992.68 rows=1017 width=121)
	  Sort Key: c
	  ->  Bitmap Heap Scan on sbtest4  (cost=30.86..3939.34 rows=1017 width=121)
	        Recheck Cond: ((id >= 7738779) AND (id <= 7739778))
	        ->  Bitmap Index Scan on sbtest4_pkey  (cost=0.00..30.61 rows=1017 width=0)
	              Index Cond: ((id >= 7738779) AND (id <= 7739778))

table 5 : explain SELECT c FROM sbtest5 WHERE id BETWEEN 3484277 AND 3485276 ORDER BY c
	Sort  (cost=3940.07..3942.58 rows=1004 width=121)
	  Sort Key: c
	  ->  Bitmap Heap Scan on sbtest5  (cost=30.73..3890.02 rows=1004 width=121)
	        Recheck Cond: ((id >= 3484277) AND (id <= 3485276))
	        ->  Bitmap Index Scan on sbtest5_pkey  (cost=0.00..30.47 rows=1004 width=0)
	              Index Cond: ((id >= 3484277) AND (id <= 3485276))

table 6 : explain SELECT c FROM sbtest6 WHERE id BETWEEN 9202277 AND 9203276 ORDER BY c
	Sort  (cost=4158.08..4160.73 rows=1060 width=121)
	  Sort Key: c
	  ->  Bitmap Heap Scan on sbtest6  (cost=35.30..4104.81 rows=1060 width=121)
	        Recheck Cond: ((id >= 9202277) AND (id <= 9203276))
	        ->  Bitmap Index Scan on sbtest6_pkey  (cost=0.00..35.04 rows=1060 width=0)
	              Index Cond: ((id >= 9202277) AND (id <= 9203276))

table 7 : explain SELECT c FROM sbtest7 WHERE id BETWEEN 3059846 AND 3060845 ORDER BY c
	Sort  (cost=3625.52..3627.83 rows=922 width=121)
	  Sort Key: c
	  ->  Bitmap Heap Scan on sbtest7  (cost=29.89..3580.12 rows=922 width=121)
	        Recheck Cond: ((id >= 3059846) AND (id <= 3060845))
	        ->  Bitmap Index Scan on sbtest7_pkey  (cost=0.00..29.65 rows=922 width=0)
	              Index Cond: ((id >= 3059846) AND (id <= 3060845))

table 8 : explain SELECT c FROM sbtest8 WHERE id BETWEEN 9659672 AND 9660671 ORDER BY c
	Sort  (cost=3617.82..3620.12 rows=920 width=121)
	  Sort Key: c
	  ->  Bitmap Heap Scan on sbtest8  (cost=29.87..3572.53 rows=920 width=121)
	        Recheck Cond: ((id >= 9659672) AND (id <= 9660671))
	        ->  Bitmap Index Scan on sbtest8_pkey  (cost=0.00..29.64 rows=920 width=0)
	              Index Cond: ((id >= 9659672) AND (id <= 9660671))

for point_selects
table 1 : explain SELECT c FROM sbtest1 WHERE id=3977675
	Index Scan using sbtest1_pkey on sbtest1  (cost=0.43..8.45 rows=1 width=121)
	  Index Cond: (id = 3977675)

table 2 : explain SELECT c FROM sbtest2 WHERE id=3458133
	Index Scan using sbtest2_pkey on sbtest2  (cost=0.43..8.45 rows=1 width=121)
	  Index Cond: (id = 3458133)

table 3 : explain SELECT c FROM sbtest3 WHERE id=8301668
	Index Scan using sbtest3_pkey on sbtest3  (cost=0.43..8.45 rows=1 width=121)
	  Index Cond: (id = 8301668)

table 4 : explain SELECT c FROM sbtest4 WHERE id=9576676
	Index Scan using sbtest4_pkey on sbtest4  (cost=0.43..8.45 rows=1 width=121)
	  Index Cond: (id = 9576676)

table 5 : explain SELECT c FROM sbtest5 WHERE id=9213993
	Index Scan using sbtest5_pkey on sbtest5  (cost=0.43..8.45 rows=1 width=121)
	  Index Cond: (id = 9213993)

table 6 : explain SELECT c FROM sbtest6 WHERE id=1271251
	Index Scan using sbtest6_pkey on sbtest6  (cost=0.43..8.45 rows=1 width=121)
	  Index Cond: (id = 1271251)

table 7 : explain SELECT c FROM sbtest7 WHERE id=6738364
	Index Scan using sbtest7_pkey on sbtest7  (cost=0.43..8.45 rows=1 width=121)
	  Index Cond: (id = 6738364)

table 8 : explain SELECT c FROM sbtest8 WHERE id=5095511
	Index Scan using sbtest8_pkey on sbtest8  (cost=0.43..8.45 rows=1 width=121)
	  Index Cond: (id = 5095511)

for: order_ranges
table 1 : explain SELECT c FROM sbtest1 WHERE id BETWEEN 9962341 AND 9963340 ORDER BY c
	Sort  (cost=4043.39..4045.97 rows=1031 width=121)
	  Sort Key: c
	  ->  Bitmap Heap Scan on sbtest1  (cost=31.00..3991.79 rows=1031 width=121)
	        Recheck Cond: ((id >= 9962341) AND (id <= 9963340))
	        ->  Bitmap Index Scan on sbtest1_pkey  (cost=0.00..30.75 rows=1031 width=0)
	              Index Cond: ((id >= 9962341) AND (id <= 9963340))

table 2 : explain SELECT c FROM sbtest2 WHERE id BETWEEN 324085 AND 325084 ORDER BY c
	Sort  (cost=3897.91..3900.39 rows=993 width=121)
	  Sort Key: c
	  ->  Bitmap Heap Scan on sbtest2  (cost=30.61..3848.48 rows=993 width=121)
	        Recheck Cond: ((id >= 324085) AND (id <= 325084))
	        ->  Bitmap Index Scan on sbtest2_pkey  (cost=0.00..30.36 rows=993 width=0)
	              Index Cond: ((id >= 324085) AND (id <= 325084))

table 3 : explain SELECT c FROM sbtest3 WHERE id BETWEEN 9431163 AND 9432162 ORDER BY c
	Sort  (cost=3617.57..3619.87 rows=920 width=121)
	  Sort Key: c
	  ->  Bitmap Heap Scan on sbtest3  (cost=29.87..3572.28 rows=920 width=121)
	        Recheck Cond: ((id >= 9431163) AND (id <= 9432162))
	        ->  Bitmap Index Scan on sbtest3_pkey  (cost=0.00..29.64 rows=920 width=0)
	              Index Cond: ((id >= 9431163) AND (id <= 9432162))

table 4 : explain SELECT c FROM sbtest4 WHERE id BETWEEN 7050767 AND 7051766 ORDER BY c
	Sort  (cost=4361.32..4364.10 rows=1113 width=121)
	  Sort Key: c
	  ->  Bitmap Heap Scan on sbtest4  (cost=35.84..4305.00 rows=1113 width=121)
	        Recheck Cond: ((id >= 7050767) AND (id <= 7051766))
	        ->  Bitmap Index Scan on sbtest4_pkey  (cost=0.00..35.57 rows=1113 width=0)
	              Index Cond: ((id >= 7050767) AND (id <= 7051766))

table 5 : explain SELECT c FROM sbtest5 WHERE id BETWEEN 7954802 AND 7955801 ORDER BY c
	Sort  (cost=3986.04..3988.58 rows=1016 width=121)
	  Sort Key: c
	  ->  Bitmap Heap Scan on sbtest5  (cost=30.85..3935.30 rows=1016 width=121)
	        Recheck Cond: ((id >= 7954802) AND (id <= 7955801))
	        ->  Bitmap Index Scan on sbtest5_pkey  (cost=0.00..30.59 rows=1016 width=0)
	              Index Cond: ((id >= 7954802) AND (id <= 7955801))

table 6 : explain SELECT c FROM sbtest6 WHERE id BETWEEN 3170448 AND 3171447 ORDER BY c
	Sort  (cost=4184.84..4187.51 rows=1067 width=121)
	  Sort Key: c
	  ->  Bitmap Heap Scan on sbtest6  (cost=35.37..4131.18 rows=1067 width=121)
	        Recheck Cond: ((id >= 3170448) AND (id <= 3171447))
	        ->  Bitmap Index Scan on sbtest6_pkey  (cost=0.00..35.11 rows=1067 width=0)
	              Index Cond: ((id >= 3170448) AND (id <= 3171447))

table 7 : explain SELECT c FROM sbtest7 WHERE id BETWEEN 9285397 AND 9286396 ORDER BY c
	Sort  (cost=3406.37..3408.53 rows=865 width=121)
	  Sort Key: c
	  ->  Bitmap Heap Scan on sbtest7  (cost=29.30..3364.17 rows=865 width=121)
	        Recheck Cond: ((id >= 9285397) AND (id <= 9286396))
	        ->  Bitmap Index Scan on sbtest7_pkey  (cost=0.00..29.08 rows=865 width=0)
	              Index Cond: ((id >= 9285397) AND (id <= 9286396))

table 8 : explain SELECT c FROM sbtest8 WHERE id BETWEEN 4221308 AND 4222307 ORDER BY c
	Sort  (cost=3836.59..3839.03 rows=977 width=121)
	  Sort Key: c
	  ->  Bitmap Heap Scan on sbtest8  (cost=30.45..3788.07 rows=977 width=121)
	        Recheck Cond: ((id >= 4221308) AND (id <= 4222307))
	        ->  Bitmap Index Scan on sbtest8_pkey  (cost=0.00..30.20 rows=977 width=0)
	              Index Cond: ((id >= 4221308) AND (id <= 4222307))

for point_selects
table 1 : explain SELECT c FROM sbtest1 WHERE id=5649666
	Index Scan using sbtest1_pkey on sbtest1  (cost=0.43..8.45 rows=1 width=121)
	  Index Cond: (id = 5649666)

table 2 : explain SELECT c FROM sbtest2 WHERE id=4696744
	Index Scan using sbtest2_pkey on sbtest2  (cost=0.43..8.45 rows=1 width=121)
	  Index Cond: (id = 4696744)

table 3 : explain SELECT c FROM sbtest3 WHERE id=2595509
	Index Scan using sbtest3_pkey on sbtest3  (cost=0.43..8.45 rows=1 width=121)
	  Index Cond: (id = 2595509)

table 4 : explain SELECT c FROM sbtest4 WHERE id=812499
	Index Scan using sbtest4_pkey on sbtest4  (cost=0.43..8.45 rows=1 width=121)
	  Index Cond: (id = 812499)

table 5 : explain SELECT c FROM sbtest5 WHERE id=7257904
	Index Scan using sbtest5_pkey on sbtest5  (cost=0.43..8.45 rows=1 width=121)
	  Index Cond: (id = 7257904)

table 6 : explain SELECT c FROM sbtest6 WHERE id=6366536
	Index Scan using sbtest6_pkey on sbtest6  (cost=0.43..8.45 rows=1 width=121)
	  Index Cond: (id = 6366536)

table 7 : explain SELECT c FROM sbtest7 WHERE id=8136306
	Index Scan using sbtest7_pkey on sbtest7  (cost=0.43..8.45 rows=1 width=121)
	  Index Cond: (id = 8136306)

table 8 : explain SELECT c FROM sbtest8 WHERE id=6376752
	Index Scan using sbtest8_pkey on sbtest8  (cost=0.43..8.45 rows=1 width=121)
	  Index Cond: (id = 6376752)

for: order_ranges
table 1 : explain SELECT c FROM sbtest1 WHERE id BETWEEN 5535265 AND 5536264 ORDER BY c
	Sort  (cost=4028.08..4030.64 rows=1027 width=121)
	  Sort Key: c
	  ->  Bitmap Heap Scan on sbtest1  (cost=30.96..3976.70 rows=1027 width=121)
	        Recheck Cond: ((id >= 5535265) AND (id <= 5536264))
	        ->  Bitmap Index Scan on sbtest1_pkey  (cost=0.00..30.70 rows=1027 width=0)
	              Index Cond: ((id >= 5535265) AND (id <= 5536264))

table 2 : explain SELECT c FROM sbtest2 WHERE id BETWEEN 6346268 AND 6347267 ORDER BY c
	Sort  (cost=4177.56..4180.22 rows=1065 width=121)
	  Sort Key: c
	  ->  Bitmap Heap Scan on sbtest2  (cost=35.35..4124.00 rows=1065 width=121)
	        Recheck Cond: ((id >= 6346268) AND (id <= 6347267))
	        ->  Bitmap Index Scan on sbtest2_pkey  (cost=0.00..35.09 rows=1065 width=0)
	              Index Cond: ((id >= 6346268) AND (id <= 6347267))

table 3 : explain SELECT c FROM sbtest3 WHERE id BETWEEN 4883215 AND 4884214 ORDER BY c
	Sort  (cost=3882.32..3884.79 rows=989 width=121)
	  Sort Key: c
	  ->  Bitmap Heap Scan on sbtest3  (cost=30.57..3833.12 rows=989 width=121)
	        Recheck Cond: ((id >= 4883215) AND (id <= 4884214))
	        ->  Bitmap Index Scan on sbtest3_pkey  (cost=0.00..30.32 rows=989 width=0)
	              Index Cond: ((id >= 4883215) AND (id <= 4884214))

table 4 : explain SELECT c FROM sbtest4 WHERE id BETWEEN 2408614 AND 2409613 ORDER BY c
	Sort  (cost=4196.98..4199.66 rows=1070 width=121)
	  Sort Key: c
	  ->  Bitmap Heap Scan on sbtest4  (cost=35.40..4143.14 rows=1070 width=121)
	        Recheck Cond: ((id >= 2408614) AND (id <= 2409613))
	        ->  Bitmap Index Scan on sbtest4_pkey  (cost=0.00..35.14 rows=1070 width=0)
	              Index Cond: ((id >= 2408614) AND (id <= 2409613))

table 5 : explain SELECT c FROM sbtest5 WHERE id BETWEEN 3999839 AND 4000838 ORDER BY c
	Sort  (cost=3905.59..3908.07 rows=995 width=121)
	  Sort Key: c
	  ->  Bitmap Heap Scan on sbtest5  (cost=30.63..3856.04 rows=995 width=121)
	        Recheck Cond: ((id >= 3999839) AND (id <= 4000838))
	        ->  Bitmap Index Scan on sbtest5_pkey  (cost=0.00..30.39 rows=995 width=0)
	              Index Cond: ((id >= 3999839) AND (id <= 4000838))

table 6 : explain SELECT c FROM sbtest6 WHERE id BETWEEN 4080211 AND 4081210 ORDER BY c
	Sort  (cost=3682.79..3685.13 rows=937 width=121)
	  Sort Key: c
	  ->  Bitmap Heap Scan on sbtest6  (cost=30.04..3636.54 rows=937 width=121)
	        Recheck Cond: ((id >= 4080211) AND (id <= 4081210))
	        ->  Bitmap Index Scan on sbtest6_pkey  (cost=0.00..29.80 rows=937 width=0)
	              Index Cond: ((id >= 4080211) AND (id <= 4081210))

table 7 : explain SELECT c FROM sbtest7 WHERE id BETWEEN 4412951 AND 4413950 ORDER BY c
	Sort  (cost=4219.67..4222.36 rows=1076 width=121)
	  Sort Key: c
	  ->  Bitmap Heap Scan on sbtest7  (cost=35.46..4165.48 rows=1076 width=121)
	        Recheck Cond: ((id >= 4412951) AND (id <= 4413950))
	        ->  Bitmap Index Scan on sbtest7_pkey  (cost=0.00..35.20 rows=1076 width=0)
	              Index Cond: ((id >= 4412951) AND (id <= 4413950))

table 8 : explain SELECT c FROM sbtest8 WHERE id BETWEEN 6940975 AND 6941974 ORDER BY c
	Sort  (cost=3617.82..3620.12 rows=920 width=121)
	  Sort Key: c
	  ->  Bitmap Heap Scan on sbtest8  (cost=29.87..3572.53 rows=920 width=121)
	        Recheck Cond: ((id >= 6940975) AND (id <= 6941974))
	        ->  Bitmap Index Scan on sbtest8_pkey  (cost=0.00..29.64 rows=920 width=0)
	              Index Cond: ((id >= 6940975) AND (id <= 6941974))

for: distinct_ranges
table 1 : explain SELECT DISTINCT c FROM sbtest1 WHERE id BETWEEN 7563609 AND 7564608 ORDER BY c
	Unique  (cost=4028.08..4033.21 rows=1027 width=121)
	  ->  Sort  (cost=4028.08..4030.64 rows=1027 width=121)
	        Sort Key: c
	        ->  Bitmap Heap Scan on sbtest1  (cost=30.96..3976.70 rows=1027 width=121)
	              Recheck Cond: ((id >= 7563609) AND (id <= 7564608))
	              ->  Bitmap Index Scan on sbtest1_pkey  (cost=0.00..30.70 rows=1027 width=0)
	                    Index Cond: ((id >= 7563609) AND (id <= 7564608))

table 2 : explain SELECT DISTINCT c FROM sbtest2 WHERE id BETWEEN 7462488 AND 7463487 ORDER BY c
	Unique  (cost=4070.43..4075.62 rows=1037 width=121)
	  ->  Sort  (cost=4070.43..4073.02 rows=1037 width=121)
	        Sort Key: c
	        ->  Bitmap Heap Scan on sbtest2  (cost=35.06..4018.49 rows=1037 width=121)
	              Recheck Cond: ((id >= 7462488) AND (id <= 7463487))
	              ->  Bitmap Index Scan on sbtest2_pkey  (cost=0.00..34.81 rows=1037 width=0)
	                    Index Cond: ((id >= 7462488) AND (id <= 7463487))

table 3 : explain SELECT DISTINCT c FROM sbtest3 WHERE id BETWEEN 2171690 AND 2172689 ORDER BY c
	Unique  (cost=3843.99..3848.88 rows=979 width=121)
	  ->  Sort  (cost=3843.99..3846.43 rows=979 width=121)
	        Sort Key: c
	        ->  Bitmap Heap Scan on sbtest3  (cost=30.47..3795.35 rows=979 width=121)
	              Recheck Cond: ((id >= 2171690) AND (id <= 2172689))
	              ->  Bitmap Index Scan on sbtest3_pkey  (cost=0.00..30.22 rows=979 width=0)
	                    Index Cond: ((id >= 2171690) AND (id <= 2172689))

table 4 : explain SELECT DISTINCT c FROM sbtest4 WHERE id BETWEEN 2533972 AND 2534971 ORDER BY c
	Unique  (cost=3702.54..3707.25 rows=942 width=121)
	  ->  Sort  (cost=3702.54..3704.89 rows=942 width=121)
	        Sort Key: c
	        ->  Bitmap Heap Scan on sbtest4  (cost=30.09..3656.00 rows=942 width=121)
	              Recheck Cond: ((id >= 2533972) AND (id <= 2534971))
	              ->  Bitmap Index Scan on sbtest4_pkey  (cost=0.00..29.86 rows=942 width=0)
	                    Index Cond: ((id >= 2533972) AND (id <= 2534971))

table 5 : explain SELECT DISTINCT c FROM sbtest5 WHERE id BETWEEN 1156524 AND 1157523 ORDER BY c
	Unique  (cost=4031.99..4037.13 rows=1028 width=121)
	  ->  Sort  (cost=4031.99..4034.56 rows=1028 width=121)
	        Sort Key: c
	        ->  Bitmap Heap Scan on sbtest5  (cost=30.97..3980.56 rows=1028 width=121)
	              Recheck Cond: ((id >= 1156524) AND (id <= 1157523))
	              ->  Bitmap Index Scan on sbtest5_pkey  (cost=0.00..30.71 rows=1028 width=0)
	                    Index Cond: ((id >= 1156524) AND (id <= 1157523))

table 6 : explain SELECT DISTINCT c FROM sbtest6 WHERE id BETWEEN 9068877 AND 9069876 ORDER BY c
	Unique  (cost=4165.72..4171.03 rows=1062 width=121)
	  ->  Sort  (cost=4165.72..4168.38 rows=1062 width=121)
	        Sort Key: c
	        ->  Bitmap Heap Scan on sbtest6  (cost=35.32..4112.35 rows=1062 width=121)
	              Recheck Cond: ((id >= 9068877) AND (id <= 9069876))
	              ->  Bitmap Index Scan on sbtest6_pkey  (cost=0.00..35.06 rows=1062 width=0)
	                    Index Cond: ((id >= 9068877) AND (id <= 9069876))

table 7 : explain SELECT DISTINCT c FROM sbtest7 WHERE id BETWEEN 536980 AND 537979 ORDER BY c
	Unique  (cost=4059.00..4064.17 rows=1034 width=121)
	  ->  Sort  (cost=4059.00..4061.58 rows=1034 width=121)
	        Sort Key: c
	        ->  Bitmap Heap Scan on sbtest7  (cost=35.03..4007.22 rows=1034 width=121)
	              Recheck Cond: ((id >= 536980) AND (id <= 537979))
	              ->  Bitmap Index Scan on sbtest7_pkey  (cost=0.00..34.78 rows=1034 width=0)
	                    Index Cond: ((id >= 536980) AND (id <= 537979))

table 8 : explain SELECT DISTINCT c FROM sbtest8 WHERE id BETWEEN 2784519 AND 2785518 ORDER BY c
	Unique  (cost=3567.87..3572.41 rows=907 width=121)
	  ->  Sort  (cost=3567.87..3570.14 rows=907 width=121)
	        Sort Key: c
	        ->  Bitmap Heap Scan on sbtest8  (cost=29.73..3523.32 rows=907 width=121)
	              Recheck Cond: ((id >= 2784519) AND (id <= 2785518))
	              ->  Bitmap Index Scan on sbtest8_pkey  (cost=0.00..29.50 rows=907 width=0)
	                    Index Cond: ((id >= 2784519) AND (id <= 2785518))

for: order_ranges
table 1 : explain SELECT c FROM sbtest1 WHERE id BETWEEN 6586304 AND 6587303 ORDER BY c
	Sort  (cost=3917.00..3919.49 rows=998 width=121)
	  Sort Key: c
	  ->  Bitmap Heap Scan on sbtest1  (cost=30.66..3867.28 rows=998 width=121)
	        Recheck Cond: ((id >= 6586304) AND (id <= 6587303))
	        ->  Bitmap Index Scan on sbtest1_pkey  (cost=0.00..30.41 rows=998 width=0)
	              Index Cond: ((id >= 6586304) AND (id <= 6587303))

table 2 : explain SELECT c FROM sbtest2 WHERE id BETWEEN 6058036 AND 6059035 ORDER BY c
	Sort  (cost=3886.41..3888.88 rows=990 width=121)
	  Sort Key: c
	  ->  Bitmap Heap Scan on sbtest2  (cost=30.58..3837.15 rows=990 width=121)
	        Recheck Cond: ((id >= 6058036) AND (id <= 6059035))
	        ->  Bitmap Index Scan on sbtest2_pkey  (cost=0.00..30.33 rows=990 width=0)
	              Index Cond: ((id >= 6058036) AND (id <= 6059035))

table 3 : explain SELECT c FROM sbtest3 WHERE id BETWEEN 6439633 AND 6440632 ORDER BY c
	Sort  (cost=3962.78..3965.31 rows=1010 width=121)
	  Sort Key: c
	  ->  Bitmap Heap Scan on sbtest3  (cost=30.79..3912.38 rows=1010 width=121)
	        Recheck Cond: ((id >= 6439633) AND (id <= 6440632))
	        ->  Bitmap Index Scan on sbtest3_pkey  (cost=0.00..30.54 rows=1010 width=0)
	              Index Cond: ((id >= 6439633) AND (id <= 6440632))

table 4 : explain SELECT c FROM sbtest4 WHERE id BETWEEN 6251199 AND 6252198 ORDER BY c
	Sort  (cost=4112.82..4115.44 rows=1048 width=121)
	  Sort Key: c
	  ->  Bitmap Heap Scan on sbtest4  (cost=35.18..4060.25 rows=1048 width=121)
	        Recheck Cond: ((id >= 6251199) AND (id <= 6252198))
	        ->  Bitmap Index Scan on sbtest4_pkey  (cost=0.00..34.92 rows=1048 width=0)
	              Index Cond: ((id >= 6251199) AND (id <= 6252198))

table 5 : explain SELECT c FROM sbtest5 WHERE id BETWEEN 4242126 AND 4243125 ORDER BY c
	Sort  (cost=3871.09..3873.55 rows=986 width=121)
	  Sort Key: c
	  ->  Bitmap Heap Scan on sbtest5  (cost=30.54..3822.06 rows=986 width=121)
	        Recheck Cond: ((id >= 4242126) AND (id <= 4243125))
	        ->  Bitmap Index Scan on sbtest5_pkey  (cost=0.00..30.29 rows=986 width=0)
	              Index Cond: ((id >= 4242126) AND (id <= 4243125))

table 6 : explain SELECT c FROM sbtest6 WHERE id BETWEEN 3721786 AND 3722785 ORDER BY c
	Sort  (cost=3832.42..3834.86 rows=976 width=121)
	  Sort Key: c
	  ->  Bitmap Heap Scan on sbtest6  (cost=30.44..3783.96 rows=976 width=121)
	        Recheck Cond: ((id >= 3721786) AND (id <= 3722785))
	        ->  Bitmap Index Scan on sbtest6_pkey  (cost=0.00..30.19 rows=976 width=0)
	              Index Cond: ((id >= 3721786) AND (id <= 3722785))

table 7 : explain SELECT c FROM sbtest7 WHERE id BETWEEN 2656496 AND 2657495 ORDER BY c
	Sort  (cost=4070.48..4073.07 rows=1037 width=121)
	  Sort Key: c
	  ->  Bitmap Heap Scan on sbtest7  (cost=35.06..4018.54 rows=1037 width=121)
	        Recheck Cond: ((id >= 2656496) AND (id <= 2657495))
	        ->  Bitmap Index Scan on sbtest7_pkey  (cost=0.00..34.81 rows=1037 width=0)
	              Index Cond: ((id >= 2656496) AND (id <= 2657495))

table 8 : explain SELECT c FROM sbtest8 WHERE id BETWEEN 1055744 AND 1056743 ORDER BY c
	Sort  (cost=3986.05..3988.59 rows=1016 width=121)
	  Sort Key: c
	  ->  Bitmap Heap Scan on sbtest8  (cost=30.85..3935.31 rows=1016 width=121)
	        Recheck Cond: ((id >= 1055744) AND (id <= 1056743))
	        ->  Bitmap Index Scan on sbtest8_pkey  (cost=0.00..30.59 rows=1016 width=0)
	              Index Cond: ((id >= 1055744) AND (id <= 1056743))

for point_selects
table 1 : explain SELECT c FROM sbtest1 WHERE id=6938646
	Index Scan using sbtest1_pkey on sbtest1  (cost=0.43..8.45 rows=1 width=121)
	  Index Cond: (id = 6938646)

table 2 : explain SELECT c FROM sbtest2 WHERE id=62629
	Index Scan using sbtest2_pkey on sbtest2  (cost=0.43..8.45 rows=1 width=121)
	  Index Cond: (id = 62629)

table 3 : explain SELECT c FROM sbtest3 WHERE id=9184912
	Index Scan using sbtest3_pkey on sbtest3  (cost=0.43..8.45 rows=1 width=121)
	  Index Cond: (id = 9184912)

table 4 : explain SELECT c FROM sbtest4 WHERE id=5852608
	Index Scan using sbtest4_pkey on sbtest4  (cost=0.43..8.45 rows=1 width=121)
	  Index Cond: (id = 5852608)

table 5 : explain SELECT c FROM sbtest5 WHERE id=4269220
	Index Scan using sbtest5_pkey on sbtest5  (cost=0.43..8.45 rows=1 width=121)
	  Index Cond: (id = 4269220)

table 6 : explain SELECT c FROM sbtest6 WHERE id=6160533
	Index Scan using sbtest6_pkey on sbtest6  (cost=0.43..8.45 rows=1 width=121)
	  Index Cond: (id = 6160533)

table 7 : explain SELECT c FROM sbtest7 WHERE id=4861119
	Index Scan using sbtest7_pkey on sbtest7  (cost=0.43..8.45 rows=1 width=121)
	  Index Cond: (id = 4861119)

table 8 : explain SELECT c FROM sbtest8 WHERE id=365453
	Index Scan using sbtest8_pkey on sbtest8  (cost=0.43..8.45 rows=1 width=121)
	  Index Cond: (id = 365453)

for: order_ranges
table 1 : explain SELECT c FROM sbtest1 WHERE id BETWEEN 2351068 AND 2352067 ORDER BY c
	Sort  (cost=3943.82..3946.33 rows=1005 width=121)
	  Sort Key: c
	  ->  Bitmap Heap Scan on sbtest1  (cost=30.74..3893.70 rows=1005 width=121)
	        Recheck Cond: ((id >= 2351068) AND (id <= 2352067))
	        ->  Bitmap Index Scan on sbtest1_pkey  (cost=0.00..30.48 rows=1005 width=0)
	              Index Cond: ((id >= 2351068) AND (id <= 2352067))

table 2 : explain SELECT c FROM sbtest2 WHERE id BETWEEN 7191373 AND 7192372 ORDER BY c
	Sort  (cost=3940.06..3942.57 rows=1004 width=121)
	  Sort Key: c
	  ->  Bitmap Heap Scan on sbtest2  (cost=30.73..3890.00 rows=1004 width=121)
	        Recheck Cond: ((id >= 7191373) AND (id <= 7192372))
	        ->  Bitmap Index Scan on sbtest2_pkey  (cost=0.00..30.47 rows=1004 width=0)
	              Index Cond: ((id >= 7191373) AND (id <= 7192372))

table 3 : explain SELECT c FROM sbtest3 WHERE id BETWEEN 1293418 AND 1294417 ORDER BY c
	Sort  (cost=3928.30..3930.81 rows=1001 width=121)
	  Sort Key: c
	  ->  Bitmap Heap Scan on sbtest3  (cost=30.70..3878.42 rows=1001 width=121)
	        Recheck Cond: ((id >= 1293418) AND (id <= 1294417))
	        ->  Bitmap Index Scan on sbtest3_pkey  (cost=0.00..30.44 rows=1001 width=0)
	              Index Cond: ((id >= 1293418) AND (id <= 1294417))

table 4 : explain SELECT c FROM sbtest4 WHERE id BETWEEN 7379281 AND 7380280 ORDER BY c
	Sort  (cost=4059.07..4061.65 rows=1035 width=121)
	  Sort Key: c
	  ->  Bitmap Heap Scan on sbtest4  (cost=31.04..4007.24 rows=1035 width=121)
	        Recheck Cond: ((id >= 7379281) AND (id <= 7380280))
	        ->  Bitmap Index Scan on sbtest4_pkey  (cost=0.00..30.79 rows=1035 width=0)
	              Index Cond: ((id >= 7379281) AND (id <= 7380280))

table 5 : explain SELECT c FROM sbtest5 WHERE id BETWEEN 6886031 AND 6887030 ORDER BY c
	Sort  (cost=3686.94..3689.29 rows=938 width=121)
	  Sort Key: c
	  ->  Bitmap Heap Scan on sbtest5  (cost=30.05..3640.63 rows=938 width=121)
	        Recheck Cond: ((id >= 6886031) AND (id <= 6887030))
	        ->  Bitmap Index Scan on sbtest5_pkey  (cost=0.00..29.82 rows=938 width=0)
	              Index Cond: ((id >= 6886031) AND (id <= 6887030))

table 6 : explain SELECT c FROM sbtest6 WHERE id BETWEEN 3042597 AND 3043596 ORDER BY c
	Sort  (cost=3878.42..3880.89 rows=988 width=121)
	  Sort Key: c
	  ->  Bitmap Heap Scan on sbtest6  (cost=30.56..3829.27 rows=988 width=121)
	        Recheck Cond: ((id >= 3042597) AND (id <= 3043596))
	        ->  Bitmap Index Scan on sbtest6_pkey  (cost=0.00..30.32 rows=988 width=0)
	              Index Cond: ((id >= 3042597) AND (id <= 3043596))

table 7 : explain SELECT c FROM sbtest7 WHERE id BETWEEN 7362869 AND 7363868 ORDER BY c
	Sort  (cost=3713.84..3716.20 rows=945 width=121)
	  Sort Key: c
	  ->  Bitmap Heap Scan on sbtest7  (cost=30.12..3667.14 rows=945 width=121)
	        Recheck Cond: ((id >= 7362869) AND (id <= 7363868))
	        ->  Bitmap Index Scan on sbtest7_pkey  (cost=0.00..29.89 rows=945 width=0)
	              Index Cond: ((id >= 7362869) AND (id <= 7363868))

table 8 : explain SELECT c FROM sbtest8 WHERE id BETWEEN 6919088 AND 6920087 ORDER BY c
	Sort  (cost=4124.03..4126.66 rows=1051 width=121)
	  Sort Key: c
	  ->  Bitmap Heap Scan on sbtest8  (cost=35.21..4071.29 rows=1051 width=121)
	        Recheck Cond: ((id >= 6919088) AND (id <= 6920087))
	        ->  Bitmap Index Scan on sbtest8_pkey  (cost=0.00..34.95 rows=1051 width=0)
	              Index Cond: ((id >= 6919088) AND (id <= 6920087))

for: simple_ranges
table 1 : explain SELECT c FROM sbtest1 WHERE id BETWEEN 1167290 AND 1168289
	Bitmap Heap Scan on sbtest1  (cost=31.00..3991.79 rows=1031 width=121)
	  Recheck Cond: ((id >= 1167290) AND (id <= 1168289))
	  ->  Bitmap Index Scan on sbtest1_pkey  (cost=0.00..30.75 rows=1031 width=0)
	        Index Cond: ((id >= 1167290) AND (id <= 1168289))

table 2 : explain SELECT c FROM sbtest2 WHERE id BETWEEN 4511401 AND 4512400
	Bitmap Heap Scan on sbtest2  (cost=35.12..4037.34 rows=1042 width=121)
	  Recheck Cond: ((id >= 4511401) AND (id <= 4512400))
	  ->  Bitmap Index Scan on sbtest2_pkey  (cost=0.00..34.86 rows=1042 width=0)
	        Index Cond: ((id >= 4511401) AND (id <= 4512400))

table 3 : explain SELECT c FROM sbtest3 WHERE id BETWEEN 4224830 AND 4225829
	Bitmap Heap Scan on sbtest3  (cost=30.24..3712.23 rows=957 width=121)
	  Recheck Cond: ((id >= 4224830) AND (id <= 4225829))
	  ->  Bitmap Index Scan on sbtest3_pkey  (cost=0.00..30.00 rows=957 width=0)
	        Index Cond: ((id >= 4224830) AND (id <= 4225829))

table 4 : explain SELECT c FROM sbtest4 WHERE id BETWEEN 9661088 AND 9662087
	Bitmap Heap Scan on sbtest4  (cost=29.53..3447.76 rows=887 width=121)
	  Recheck Cond: ((id >= 9661088) AND (id <= 9662087))
	  ->  Bitmap Index Scan on sbtest4_pkey  (cost=0.00..29.30 rows=887 width=0)
	        Index Cond: ((id >= 9661088) AND (id <= 9662087))

table 5 : explain SELECT c FROM sbtest5 WHERE id BETWEEN 7797498 AND 7798497
	Bitmap Heap Scan on sbtest5  (cost=30.74..3893.79 rows=1005 width=121)
	  Recheck Cond: ((id >= 7797498) AND (id <= 7798497))
	  ->  Bitmap Index Scan on sbtest5_pkey  (cost=0.00..30.48 rows=1005 width=0)
	        Index Cond: ((id >= 7797498) AND (id <= 7798497))

table 6 : explain SELECT c FROM sbtest6 WHERE id BETWEEN 7444947 AND 7445946
	Bitmap Heap Scan on sbtest6  (cost=30.64..3859.48 rows=996 width=121)
	  Recheck Cond: ((id >= 7444947) AND (id <= 7445946))
	  ->  Bitmap Index Scan on sbtest6_pkey  (cost=0.00..30.39 rows=996 width=0)
	        Index Cond: ((id >= 7444947) AND (id <= 7445946))

table 7 : explain SELECT c FROM sbtest7 WHERE id BETWEEN 4531540 AND 4532539
	Bitmap Heap Scan on sbtest7  (cost=35.21..4071.31 rows=1051 width=121)
	  Recheck Cond: ((id >= 4531540) AND (id <= 4532539))
	  ->  Bitmap Index Scan on sbtest7_pkey  (cost=0.00..34.95 rows=1051 width=0)
	        Index Cond: ((id >= 4531540) AND (id <= 4532539))

table 8 : explain SELECT c FROM sbtest8 WHERE id BETWEEN 3034043 AND 3035042
	Bitmap Heap Scan on sbtest8  (cost=30.24..3712.49 rows=957 width=121)
	  Recheck Cond: ((id >= 3034043) AND (id <= 3035042))
	  ->  Bitmap Index Scan on sbtest8_pkey  (cost=0.00..30.00 rows=957 width=0)
	        Index Cond: ((id >= 3034043) AND (id <= 3035042))

for: simple_ranges
table 1 : explain SELECT c FROM sbtest1 WHERE id BETWEEN 1153223 AND 1154222
	Bitmap Heap Scan on sbtest1  (cost=31.00..3991.79 rows=1031 width=121)
	  Recheck Cond: ((id >= 1153223) AND (id <= 1154222))
	  ->  Bitmap Index Scan on sbtest1_pkey  (cost=0.00..30.75 rows=1031 width=0)
	        Index Cond: ((id >= 1153223) AND (id <= 1154222))

table 2 : explain SELECT c FROM sbtest2 WHERE id BETWEEN 2050039 AND 2051038
	Bitmap Heap Scan on sbtest2  (cost=29.96..3606.57 rows=929 width=121)
	  Recheck Cond: ((id >= 2050039) AND (id <= 2051038))
	  ->  Bitmap Index Scan on sbtest2_pkey  (cost=0.00..29.72 rows=929 width=0)
	        Index Cond: ((id >= 2050039) AND (id <= 2051038))

table 3 : explain SELECT c FROM sbtest3 WHERE id BETWEEN 2505675 AND 2506674
	Bitmap Heap Scan on sbtest3  (cost=30.72..3885.97 rows=1003 width=121)
	  Recheck Cond: ((id >= 2505675) AND (id <= 2506674))
	  ->  Bitmap Index Scan on sbtest3_pkey  (cost=0.00..30.46 rows=1003 width=0)
	        Index Cond: ((id >= 2505675) AND (id <= 2506674))

table 4 : explain SELECT c FROM sbtest4 WHERE id BETWEEN 5749340 AND 5750339
	Bitmap Heap Scan on sbtest4  (cost=29.93..3595.46 rows=926 width=121)
	  Recheck Cond: ((id >= 5749340) AND (id <= 5750339))
	  ->  Bitmap Index Scan on sbtest4_pkey  (cost=0.00..29.69 rows=926 width=0)
	        Index Cond: ((id >= 5749340) AND (id <= 5750339))

table 5 : explain SELECT c FROM sbtest5 WHERE id BETWEEN 7912211 AND 7913210
	Bitmap Heap Scan on sbtest5  (cost=30.85..3935.30 rows=1016 width=121)
	  Recheck Cond: ((id >= 7912211) AND (id <= 7913210))
	  ->  Bitmap Index Scan on sbtest5_pkey  (cost=0.00..30.59 rows=1016 width=0)
	        Index Cond: ((id >= 7912211) AND (id <= 7913210))

table 6 : explain SELECT c FROM sbtest6 WHERE id BETWEEN 5889672 AND 5890671
	Bitmap Heap Scan on sbtest6  (cost=29.56..3458.62 rows=890 width=121)
	  Recheck Cond: ((id >= 5889672) AND (id <= 5890671))
	  ->  Bitmap Index Scan on sbtest6_pkey  (cost=0.00..29.33 rows=890 width=0)
	        Index Cond: ((id >= 5889672) AND (id <= 5890671))

table 7 : explain SELECT c FROM sbtest7 WHERE id BETWEEN 2361197 AND 2362196
	Bitmap Heap Scan on sbtest7  (cost=30.20..3697.39 rows=953 width=121)
	  Recheck Cond: ((id >= 2361197) AND (id <= 2362196))
	  ->  Bitmap Index Scan on sbtest7_pkey  (cost=0.00..29.96 rows=953 width=0)
	        Index Cond: ((id >= 2361197) AND (id <= 2362196))

table 8 : explain SELECT c FROM sbtest8 WHERE id BETWEEN 1652128 AND 1653127
	Bitmap Heap Scan on sbtest8  (cost=34.93..3969.49 rows=1024 width=121)
	  Recheck Cond: ((id >= 1652128) AND (id <= 1653127))
	  ->  Bitmap Index Scan on sbtest8_pkey  (cost=0.00..34.68 rows=1024 width=0)
	        Index Cond: ((id >= 1652128) AND (id <= 1653127))

for: distinct_ranges
table 1 : explain SELECT DISTINCT c FROM sbtest1 WHERE id BETWEEN 8401948 AND 8402947 ORDER BY c
	Unique  (cost=3985.95..3991.03 rows=1016 width=121)
	  ->  Sort  (cost=3985.95..3988.49 rows=1016 width=121)
	        Sort Key: c
	        ->  Bitmap Heap Scan on sbtest1  (cost=30.85..3935.21 rows=1016 width=121)
	              Recheck Cond: ((id >= 8401948) AND (id <= 8402947))
	              ->  Bitmap Index Scan on sbtest1_pkey  (cost=0.00..30.59 rows=1016 width=0)
	                    Index Cond: ((id >= 8401948) AND (id <= 8402947))

table 2 : explain SELECT DISTINCT c FROM sbtest2 WHERE id BETWEEN 8545772 AND 8546771 ORDER BY c
	Unique  (cost=3683.09..3687.77 rows=937 width=121)
	  ->  Sort  (cost=3683.09..3685.43 rows=937 width=121)
	        Sort Key: c
	        ->  Bitmap Heap Scan on sbtest2  (cost=30.04..3636.84 rows=937 width=121)
	              Recheck Cond: ((id >= 8545772) AND (id <= 8546771))
	              ->  Bitmap Index Scan on sbtest2_pkey  (cost=0.00..29.80 rows=937 width=0)
	                    Index Cond: ((id >= 8545772) AND (id <= 8546771))

table 3 : explain SELECT DISTINCT c FROM sbtest3 WHERE id BETWEEN 3823458 AND 3824457 ORDER BY c
	Unique  (cost=4058.50..4063.68 rows=1035 width=121)
	  ->  Sort  (cost=4058.50..4061.09 rows=1035 width=121)
	        Sort Key: c
	        ->  Bitmap Heap Scan on sbtest3  (cost=31.04..4006.67 rows=1035 width=121)
	              Recheck Cond: ((id >= 3823458) AND (id <= 3824457))
	              ->  Bitmap Index Scan on sbtest3_pkey  (cost=0.00..30.79 rows=1035 width=0)
	                    Index Cond: ((id >= 3823458) AND (id <= 3824457))

table 4 : explain SELECT DISTINCT c FROM sbtest4 WHERE id BETWEEN 4827652 AND 4828651 ORDER BY c
	Unique  (cost=3733.25..3738.00 rows=950 width=121)
	  ->  Sort  (cost=3733.25..3735.62 rows=950 width=121)
	        Sort Key: c
	        ->  Bitmap Heap Scan on sbtest4  (cost=30.17..3686.26 rows=950 width=121)
	              Recheck Cond: ((id >= 4827652) AND (id <= 4828651))
	              ->  Bitmap Index Scan on sbtest4_pkey  (cost=0.00..29.93 rows=950 width=0)
	                    Index Cond: ((id >= 4827652) AND (id <= 4828651))

table 5 : explain SELECT DISTINCT c FROM sbtest5 WHERE id BETWEEN 6578238 AND 6579237 ORDER BY c
	Unique  (cost=4005.19..4010.30 rows=1021 width=121)
	  ->  Sort  (cost=4005.19..4007.74 rows=1021 width=121)
	        Sort Key: c
	        ->  Bitmap Heap Scan on sbtest5  (cost=30.90..3954.16 rows=1021 width=121)
	              Recheck Cond: ((id >= 6578238) AND (id <= 6579237))
	              ->  Bitmap Index Scan on sbtest5_pkey  (cost=0.00..30.64 rows=1021 width=0)
	                    Index Cond: ((id >= 6578238) AND (id <= 6579237))

table 6 : explain SELECT DISTINCT c FROM sbtest6 WHERE id BETWEEN 2890123 AND 2891122 ORDER BY c
	Unique  (cost=4184.84..4190.18 rows=1067 width=121)
	  ->  Sort  (cost=4184.84..4187.51 rows=1067 width=121)
	        Sort Key: c
	        ->  Bitmap Heap Scan on sbtest6  (cost=35.37..4131.18 rows=1067 width=121)
	              Recheck Cond: ((id >= 2890123) AND (id <= 2891122))
	              ->  Bitmap Index Scan on sbtest6_pkey  (cost=0.00..35.11 rows=1067 width=0)
	                    Index Cond: ((id >= 2890123) AND (id <= 2891122))

table 7 : explain SELECT DISTINCT c FROM sbtest7 WHERE id BETWEEN 2168949 AND 2169948 ORDER BY c
	Unique  (cost=4150.83..4156.12 rows=1058 width=121)
	  ->  Sort  (cost=4150.83..4153.48 rows=1058 width=121)
	        Sort Key: c
	        ->  Bitmap Heap Scan on sbtest7  (cost=35.28..4097.68 rows=1058 width=121)
	              Recheck Cond: ((id >= 2168949) AND (id <= 2169948))
	              ->  Bitmap Index Scan on sbtest7_pkey  (cost=0.00..35.02 rows=1058 width=0)
	                    Index Cond: ((id >= 2168949) AND (id <= 2169948))

table 8 : explain SELECT DISTINCT c FROM sbtest8 WHERE id BETWEEN 6760518 AND 6761517 ORDER BY c
	Unique  (cost=3694.63..3699.33 rows=940 width=121)
	  ->  Sort  (cost=3694.63..3696.98 rows=940 width=121)
	        Sort Key: c
	        ->  Bitmap Heap Scan on sbtest8  (cost=30.07..3648.21 rows=940 width=121)
	              Recheck Cond: ((id >= 6760518) AND (id <= 6761517))
	              ->  Bitmap Index Scan on sbtest8_pkey  (cost=0.00..29.83 rows=940 width=0)
	                    Index Cond: ((id >= 6760518) AND (id <= 6761517))

for: distinct_ranges
table 1 : explain SELECT DISTINCT c FROM sbtest1 WHERE id BETWEEN 7840346 AND 7841345 ORDER BY c
	Unique  (cost=3897.84..3902.80 rows=993 width=121)
	  ->  Sort  (cost=3897.84..3900.32 rows=993 width=121)
	        Sort Key: c
	        ->  Bitmap Heap Scan on sbtest1  (cost=30.61..3848.41 rows=993 width=121)
	              Recheck Cond: ((id >= 7840346) AND (id <= 7841345))
	              ->  Bitmap Index Scan on sbtest1_pkey  (cost=0.00..30.36 rows=993 width=0)
	                    Index Cond: ((id >= 7840346) AND (id <= 7841345))

table 2 : explain SELECT DISTINCT c FROM sbtest2 WHERE id BETWEEN 8989156 AND 8990155 ORDER BY c
	Unique  (cost=3721.48..3726.21 rows=947 width=121)
	  ->  Sort  (cost=3721.48..3723.84 rows=947 width=121)
	        Sort Key: c
	        ->  Bitmap Heap Scan on sbtest2  (cost=30.14..3674.66 rows=947 width=121)
	              Recheck Cond: ((id >= 8989156) AND (id <= 8990155))
	              ->  Bitmap Index Scan on sbtest2_pkey  (cost=0.00..29.90 rows=947 width=0)
	                    Index Cond: ((id >= 8989156) AND (id <= 8990155))

table 3 : explain SELECT DISTINCT c FROM sbtest3 WHERE id BETWEEN 546297 AND 547296 ORDER BY c
	Unique  (cost=3744.26..3749.03 rows=953 width=121)
	  ->  Sort  (cost=3744.26..3746.64 rows=953 width=121)
	        Sort Key: c
	        ->  Bitmap Heap Scan on sbtest3  (cost=30.20..3697.11 rows=953 width=121)
	              Recheck Cond: ((id >= 546297) AND (id <= 547296))
	              ->  Bitmap Index Scan on sbtest3_pkey  (cost=0.00..29.96 rows=953 width=0)
	                    Index Cond: ((id >= 546297) AND (id <= 547296))

table 4 : explain SELECT DISTINCT c FROM sbtest4 WHERE id BETWEEN 8991812 AND 8992811 ORDER BY c
	Unique  (cost=3978.65..3983.72 rows=1014 width=121)
	  ->  Sort  (cost=3978.65..3981.18 rows=1014 width=121)
	        Sort Key: c
	        ->  Bitmap Heap Scan on sbtest4  (cost=30.83..3928.02 rows=1014 width=121)
	              Recheck Cond: ((id >= 8991812) AND (id <= 8992811))
	              ->  Bitmap Index Scan on sbtest4_pkey  (cost=0.00..30.57 rows=1014 width=0)
	                    Index Cond: ((id >= 8991812) AND (id <= 8992811))

table 5 : explain SELECT DISTINCT c FROM sbtest5 WHERE id BETWEEN 4792956 AND 4793955 ORDER BY c
	Unique  (cost=3709.97..3714.69 rows=944 width=121)
	  ->  Sort  (cost=3709.97..3712.33 rows=944 width=121)
	        Sort Key: c
	        ->  Bitmap Heap Scan on sbtest5  (cost=30.11..3663.33 rows=944 width=121)
	              Recheck Cond: ((id >= 4792956) AND (id <= 4793955))
	              ->  Bitmap Index Scan on sbtest5_pkey  (cost=0.00..29.87 rows=944 width=0)
	                    Index Cond: ((id >= 4792956) AND (id <= 4793955))

table 6 : explain SELECT DISTINCT c FROM sbtest6 WHERE id BETWEEN 7071394 AND 7072393 ORDER BY c
	Unique  (cost=3575.25..3579.80 rows=909 width=121)
	  ->  Sort  (cost=3575.25..3577.52 rows=909 width=121)
	        Sort Key: c
	        ->  Bitmap Heap Scan on sbtest6  (cost=29.75..3530.58 rows=909 width=121)
	              Recheck Cond: ((id >= 7071394) AND (id <= 7072393))
	              ->  Bitmap Index Scan on sbtest6_pkey  (cost=0.00..29.52 rows=909 width=0)
	                    Index Cond: ((id >= 7071394) AND (id <= 7072393))

table 7 : explain SELECT DISTINCT c FROM sbtest7 WHERE id BETWEEN 514270 AND 515269 ORDER BY c
	Unique  (cost=4059.00..4064.17 rows=1034 width=121)
	  ->  Sort  (cost=4059.00..4061.58 rows=1034 width=121)
	        Sort Key: c
	        ->  Bitmap Heap Scan on sbtest7  (cost=35.03..4007.22 rows=1034 width=121)
	              Recheck Cond: ((id >= 514270) AND (id <= 515269))
	              ->  Bitmap Index Scan on sbtest7_pkey  (cost=0.00..34.78 rows=1034 width=0)
	                    Index Cond: ((id >= 514270) AND (id <= 515269))

table 8 : explain SELECT DISTINCT c FROM sbtest8 WHERE id BETWEEN 4835316 AND 4836315 ORDER BY c
	Unique  (cost=3851.93..3856.84 rows=981 width=121)
	  ->  Sort  (cost=3851.93..3854.38 rows=981 width=121)
	        Sort Key: c
	        ->  Bitmap Heap Scan on sbtest8  (cost=30.49..3803.18 rows=981 width=121)
	              Recheck Cond: ((id >= 4835316) AND (id <= 4836315))
	              ->  Bitmap Index Scan on sbtest8_pkey  (cost=0.00..30.25 rows=981 width=0)
	                    Index Cond: ((id >= 4835316) AND (id <= 4836315))

for: simple_ranges
table 1 : explain SELECT c FROM sbtest1 WHERE id BETWEEN 1722991 AND 1723990
	Bitmap Heap Scan on sbtest1  (cost=30.64..3859.73 rows=996 width=121)
	  Recheck Cond: ((id >= 1722991) AND (id <= 1723990))
	  ->  Bitmap Index Scan on sbtest1_pkey  (cost=0.00..30.39 rows=996 width=0)
	        Index Cond: ((id >= 1722991) AND (id <= 1723990))

table 2 : explain SELECT c FROM sbtest2 WHERE id BETWEEN 1099752 AND 1100751
	Bitmap Heap Scan on sbtest2  (cost=29.99..3617.92 rows=932 width=121)
	  Recheck Cond: ((id >= 1099752) AND (id <= 1100751))
	  ->  Bitmap Index Scan on sbtest2_pkey  (cost=0.00..29.75 rows=932 width=0)
	        Index Cond: ((id >= 1099752) AND (id <= 1100751))

table 3 : explain SELECT c FROM sbtest3 WHERE id BETWEEN 1680168 AND 1681167
	Bitmap Heap Scan on sbtest3  (cost=30.63..3855.77 rows=995 width=121)
	  Recheck Cond: ((id >= 1680168) AND (id <= 1681167))
	  ->  Bitmap Index Scan on sbtest3_pkey  (cost=0.00..30.39 rows=995 width=0)
	        Index Cond: ((id >= 1680168) AND (id <= 1681167))

table 4 : explain SELECT c FROM sbtest4 WHERE id BETWEEN 7854847 AND 7855846
	Bitmap Heap Scan on sbtest4  (cost=36.06..4383.96 rows=1134 width=121)
	  Recheck Cond: ((id >= 7854847) AND (id <= 7855846))
	  ->  Bitmap Index Scan on sbtest4_pkey  (cost=0.00..35.78 rows=1134 width=0)
	        Index Cond: ((id >= 7854847) AND (id <= 7855846))

table 5 : explain SELECT c FROM sbtest5 WHERE id BETWEEN 9898557 AND 9899556
	Bitmap Heap Scan on sbtest5  (cost=30.33..3742.72 rows=965 width=121)
	  Recheck Cond: ((id >= 9898557) AND (id <= 9899556))
	  ->  Bitmap Index Scan on sbtest5_pkey  (cost=0.00..30.08 rows=965 width=0)
	        Index Cond: ((id >= 9898557) AND (id <= 9899556))

table 6 : explain SELECT c FROM sbtest6 WHERE id BETWEEN 6049746 AND 6050745
	Bitmap Heap Scan on sbtest6  (cost=29.91..3587.36 rows=924 width=121)
	  Recheck Cond: ((id >= 6049746) AND (id <= 6050745))
	  ->  Bitmap Index Scan on sbtest6_pkey  (cost=0.00..29.68 rows=924 width=0)
	        Index Cond: ((id >= 6049746) AND (id <= 6050745))

table 7 : explain SELECT c FROM sbtest7 WHERE id BETWEEN 8809877 AND 8810876
	Bitmap Heap Scan on sbtest7  (cost=30.38..3761.65 rows=970 width=121)
	  Recheck Cond: ((id >= 8809877) AND (id <= 8810876))
	  ->  Bitmap Index Scan on sbtest7_pkey  (cost=0.00..30.14 rows=970 width=0)
	        Index Cond: ((id >= 8809877) AND (id <= 8810876))

table 8 : explain SELECT c FROM sbtest8 WHERE id BETWEEN 333924 AND 334923
	Bitmap Heap Scan on sbtest8  (cost=30.27..3723.83 rows=960 width=121)
	  Recheck Cond: ((id >= 333924) AND (id <= 334923))
	  ->  Bitmap Index Scan on sbtest8_pkey  (cost=0.00..30.04 rows=960 width=0)
	        Index Cond: ((id >= 333924) AND (id <= 334923))

for: simple_ranges
table 1 : explain SELECT c FROM sbtest1 WHERE id BETWEEN 7162823 AND 7163822
	Bitmap Heap Scan on sbtest1  (cost=30.71..3882.38 rows=1002 width=121)
	  Recheck Cond: ((id >= 7162823) AND (id <= 7163822))
	  ->  Bitmap Index Scan on sbtest1_pkey  (cost=0.00..30.45 rows=1002 width=0)
	        Index Cond: ((id >= 7162823) AND (id <= 7163822))

table 2 : explain SELECT c FROM sbtest2 WHERE id BETWEEN 4412843 AND 4413842
	Bitmap Heap Scan on sbtest2  (cost=30.78..3908.87 rows=1009 width=121)
	  Recheck Cond: ((id >= 4412843) AND (id <= 4413842))
	  ->  Bitmap Index Scan on sbtest2_pkey  (cost=0.00..30.52 rows=1009 width=0)
	        Index Cond: ((id >= 4412843) AND (id <= 4413842))

table 3 : explain SELECT c FROM sbtest3 WHERE id BETWEEN 6576255 AND 6577254
	Bitmap Heap Scan on sbtest3  (cost=30.21..3700.89 rows=954 width=121)
	  Recheck Cond: ((id >= 6576255) AND (id <= 6577254))
	  ->  Bitmap Index Scan on sbtest3_pkey  (cost=0.00..29.97 rows=954 width=0)
	        Index Cond: ((id >= 6576255) AND (id <= 6577254))

table 4 : explain SELECT c FROM sbtest4 WHERE id BETWEEN 6245704 AND 6246703
	Bitmap Heap Scan on sbtest4  (cost=35.18..4060.25 rows=1048 width=121)
	  Recheck Cond: ((id >= 6245704) AND (id <= 6246703))
	  ->  Bitmap Index Scan on sbtest4_pkey  (cost=0.00..34.92 rows=1048 width=0)
	        Index Cond: ((id >= 6245704) AND (id <= 6246703))

table 5 : explain SELECT c FROM sbtest5 WHERE id BETWEEN 6244116 AND 6245115
	Bitmap Heap Scan on sbtest5  (cost=30.80..3916.43 rows=1011 width=121)
	  Recheck Cond: ((id >= 6244116) AND (id <= 6245115))
	  ->  Bitmap Index Scan on sbtest5_pkey  (cost=0.00..30.54 rows=1011 width=0)
	        Index Cond: ((id >= 6244116) AND (id <= 6245115))

table 6 : explain SELECT c FROM sbtest6 WHERE id BETWEEN 2001424 AND 2002423
	Bitmap Heap Scan on sbtest6  (cost=34.85..3938.95 rows=1016 width=121)
	  Recheck Cond: ((id >= 2001424) AND (id <= 2002423))
	  ->  Bitmap Index Scan on sbtest6_pkey  (cost=0.00..34.59 rows=1016 width=0)
	        Index Cond: ((id >= 2001424) AND (id <= 2002423))

table 7 : explain SELECT c FROM sbtest7 WHERE id BETWEEN 1219440 AND 1220439
	Bitmap Heap Scan on sbtest7  (cost=30.43..3780.54 rows=975 width=121)
	  Recheck Cond: ((id >= 1219440) AND (id <= 1220439))
	  ->  Bitmap Index Scan on sbtest7_pkey  (cost=0.00..30.18 rows=975 width=0)
	        Index Cond: ((id >= 1219440) AND (id <= 1220439))

table 8 : explain SELECT c FROM sbtest8 WHERE id BETWEEN 4340394 AND 4341393
	Bitmap Heap Scan on sbtest8  (cost=35.09..4029.82 rows=1040 width=121)
	  Recheck Cond: ((id >= 4340394) AND (id <= 4341393))
	  ->  Bitmap Index Scan on sbtest8_pkey  (cost=0.00..34.84 rows=1040 width=0)
	        Index Cond: ((id >= 4340394) AND (id <= 4341393))

explain: for point_selects :: explain SELECT c FROM sbtest%u WHERE id=%u
explain: for point_selects :: explain SELECT c FROM sbtest%u WHERE id=%u
for: sum_ranges
table 1 : explain SELECT SUM(k) FROM sbtest1 WHERE id BETWEEN 7330884 AND 7331883
	Aggregate  (cost=3718.58..3718.59 rows=1 width=8)
	  ->  Bitmap Heap Scan on sbtest1  (cost=30.25..3716.18 rows=958 width=4)
	        Recheck Cond: ((id >= 7330884) AND (id <= 7331883))
	        ->  Bitmap Index Scan on sbtest1_pkey  (cost=0.00..30.01 rows=958 width=0)
	              Index Cond: ((id >= 7330884) AND (id <= 7331883))

table 2 : explain SELECT SUM(k) FROM sbtest2 WHERE id BETWEEN 6415298 AND 6416297
	Aggregate  (cost=3533.14..3533.15 rows=1 width=8)
	  ->  Bitmap Heap Scan on sbtest2  (cost=29.75..3530.87 rows=909 width=4)
	        Recheck Cond: ((id >= 6415298) AND (id <= 6416297))
	        ->  Bitmap Index Scan on sbtest2_pkey  (cost=0.00..29.52 rows=909 width=0)
	              Index Cond: ((id >= 6415298) AND (id <= 6416297))

table 3 : explain SELECT SUM(k) FROM sbtest3 WHERE id BETWEEN 3806803 AND 3807802
	Aggregate  (cost=3896.03..3896.04 rows=1 width=8)
	  ->  Bitmap Heap Scan on sbtest3  (cost=30.74..3893.51 rows=1005 width=4)
	        Recheck Cond: ((id >= 3806803) AND (id <= 3807802))
	        ->  Bitmap Index Scan on sbtest3_pkey  (cost=0.00..30.48 rows=1005 width=0)
	              Index Cond: ((id >= 3806803) AND (id <= 3807802))

table 4 : explain SELECT SUM(k) FROM sbtest4 WHERE id BETWEEN 3431196 AND 3432195
	Aggregate  (cost=4077.95..4077.96 rows=1 width=8)
	  ->  Bitmap Heap Scan on sbtest4  (cost=35.22..4075.32 rows=1052 width=4)
	        Recheck Cond: ((id >= 3431196) AND (id <= 3432195))
	        ->  Bitmap Index Scan on sbtest4_pkey  (cost=0.00..34.95 rows=1052 width=0)
	              Index Cond: ((id >= 3431196) AND (id <= 3432195))

table 5 : explain SELECT SUM(k) FROM sbtest5 WHERE id BETWEEN 1173829 AND 1174828
	Aggregate  (cost=3983.13..3983.14 rows=1 width=8)
	  ->  Bitmap Heap Scan on sbtest5  (cost=30.97..3980.56 rows=1028 width=4)
	        Recheck Cond: ((id >= 1173829) AND (id <= 1174828))
	        ->  Bitmap Index Scan on sbtest5_pkey  (cost=0.00..30.71 rows=1028 width=0)
	              Index Cond: ((id >= 1173829) AND (id <= 1174828))

table 6 : explain SELECT SUM(k) FROM sbtest6 WHERE id BETWEEN 177882 AND 178881
	Aggregate  (cost=4054.68..4054.69 rows=1 width=8)
	  ->  Bitmap Heap Scan on sbtest6  (cost=35.16..4052.06 rows=1046 width=4)
	        Recheck Cond: ((id >= 177882) AND (id <= 178881))
	        ->  Bitmap Index Scan on sbtest6_pkey  (cost=0.00..34.90 rows=1046 width=0)
	              Index Cond: ((id >= 177882) AND (id <= 178881))

table 7 : explain SELECT SUM(k) FROM sbtest7 WHERE id BETWEEN 6928668 AND 6929667
	Aggregate  (cost=3956.75..3956.76 rows=1 width=8)
	  ->  Bitmap Heap Scan on sbtest7  (cost=30.90..3954.19 rows=1021 width=4)
	        Recheck Cond: ((id >= 6928668) AND (id <= 6929667))
	        ->  Bitmap Index Scan on sbtest7_pkey  (cost=0.00..30.64 rows=1021 width=0)
	              Index Cond: ((id >= 6928668) AND (id <= 6929667))

table 8 : explain SELECT SUM(k) FROM sbtest8 WHERE id BETWEEN 2535763 AND 2536762
	Aggregate  (cost=4281.14..4281.15 rows=1 width=8)
	  ->  Bitmap Heap Scan on sbtest8  (cost=35.77..4278.37 rows=1106 width=4)
	        Recheck Cond: ((id >= 2535763) AND (id <= 2536762))
	        ->  Bitmap Index Scan on sbtest8_pkey  (cost=0.00..35.50 rows=1106 width=0)
	              Index Cond: ((id >= 2535763) AND (id <= 2536762))

for: sum_ranges
table 1 : explain SELECT SUM(k) FROM sbtest1 WHERE id BETWEEN 1590401 AND 1591400
	Aggregate  (cost=4209.48..4209.49 rows=1 width=8)
	  ->  Bitmap Heap Scan on sbtest1  (cost=35.58..4206.76 rows=1087 width=4)
	        Recheck Cond: ((id >= 1590401) AND (id <= 1591400))
	        ->  Bitmap Index Scan on sbtest1_pkey  (cost=0.00..35.31 rows=1087 width=0)
	              Index Cond: ((id >= 1590401) AND (id <= 1591400))

table 2 : explain SELECT SUM(k) FROM sbtest2 WHERE id BETWEEN 7764487 AND 7765486
	Aggregate  (cost=4047.48..4047.49 rows=1 width=8)
	  ->  Bitmap Heap Scan on sbtest2  (cost=35.14..4044.87 rows=1044 width=4)
	        Recheck Cond: ((id >= 7764487) AND (id <= 7765486))
	        ->  Bitmap Index Scan on sbtest2_pkey  (cost=0.00..34.88 rows=1044 width=0)
	              Index Cond: ((id >= 7764487) AND (id <= 7765486))

table 3 : explain SELECT SUM(k) FROM sbtest3 WHERE id BETWEEN 2876904 AND 2877903
	Aggregate  (cost=3567.01..3567.02 rows=1 width=8)
	  ->  Bitmap Heap Scan on sbtest3  (cost=29.84..3564.71 rows=918 width=4)
	        Recheck Cond: ((id >= 2876904) AND (id <= 2877903))
	        ->  Bitmap Index Scan on sbtest3_pkey  (cost=0.00..29.61 rows=918 width=0)
	              Index Cond: ((id >= 2876904) AND (id <= 2877903))

table 4 : explain SELECT SUM(k) FROM sbtest4 WHERE id BETWEEN 2425575 AND 2426574
	Aggregate  (cost=4251.31..4251.32 rows=1 width=8)
	  ->  Bitmap Heap Scan on sbtest4  (cost=35.69..4248.56 rows=1098 width=4)
	        Recheck Cond: ((id >= 2425575) AND (id <= 2426574))
	        ->  Bitmap Index Scan on sbtest4_pkey  (cost=0.00..35.42 rows=1098 width=0)
	              Index Cond: ((id >= 2425575) AND (id <= 2426574))

table 5 : explain SELECT SUM(k) FROM sbtest5 WHERE id BETWEEN 6683729 AND 6684728
	Aggregate  (cost=4081.44..4081.45 rows=1 width=8)
	  ->  Bitmap Heap Scan on sbtest5  (cost=35.23..4078.81 rows=1053 width=4)
	        Recheck Cond: ((id >= 6683729) AND (id <= 6684728))
	        ->  Bitmap Index Scan on sbtest5_pkey  (cost=0.00..34.97 rows=1053 width=0)
	              Index Cond: ((id >= 6683729) AND (id <= 6684728))

table 6 : explain SELECT SUM(k) FROM sbtest6 WHERE id BETWEEN 4889802 AND 4890801
	Aggregate  (cost=3790.18..3790.19 rows=1 width=8)
	  ->  Bitmap Heap Scan on sbtest6  (cost=30.45..3787.73 rows=977 width=4)
	        Recheck Cond: ((id >= 4889802) AND (id <= 4890801))
	        ->  Bitmap Index Scan on sbtest6_pkey  (cost=0.00..30.20 rows=977 width=0)
	              Index Cond: ((id >= 4889802) AND (id <= 4890801))

table 7 : explain SELECT SUM(k) FROM sbtest7 WHERE id BETWEEN 5663382 AND 5664381
	Aggregate  (cost=3854.78..3854.79 rows=1 width=8)
	  ->  Bitmap Heap Scan on sbtest7  (cost=30.62..3852.30 rows=994 width=4)
	        Recheck Cond: ((id >= 5663382) AND (id <= 5664381))
	        ->  Bitmap Index Scan on sbtest7_pkey  (cost=0.00..30.37 rows=994 width=0)
	              Index Cond: ((id >= 5663382) AND (id <= 5664381))

table 8 : explain SELECT SUM(k) FROM sbtest8 WHERE id BETWEEN 5813704 AND 5814703
	Aggregate  (cost=4119.16..4119.17 rows=1 width=8)
	  ->  Bitmap Heap Scan on sbtest8  (cost=35.33..4116.50 rows=1063 width=4)
	        Recheck Cond: ((id >= 5813704) AND (id <= 5814703))
	        ->  Bitmap Index Scan on sbtest8_pkey  (cost=0.00..35.07 rows=1063 width=0)
	              Index Cond: ((id >= 5813704) AND (id <= 5814703))

for: sum_ranges
table 1 : explain SELECT SUM(k) FROM sbtest1 WHERE id BETWEEN 6626012 AND 6627011
	Aggregate  (cost=3813.10..3813.11 rows=1 width=8)
	  ->  Bitmap Heap Scan on sbtest1  (cost=30.51..3810.64 rows=983 width=4)
	        Recheck Cond: ((id >= 6626012) AND (id <= 6627011))
	        ->  Bitmap Index Scan on sbtest1_pkey  (cost=0.00..30.26 rows=983 width=0)
	              Index Cond: ((id >= 6626012) AND (id <= 6627011))

table 2 : explain SELECT SUM(k) FROM sbtest2 WHERE id BETWEEN 8621610 AND 8622609
	Aggregate  (cost=3627.82..3627.83 rows=1 width=8)
	  ->  Bitmap Heap Scan on sbtest2  (cost=30.01..3625.49 rows=934 width=4)
	        Recheck Cond: ((id >= 8621610) AND (id <= 8622609))
	        ->  Bitmap Index Scan on sbtest2_pkey  (cost=0.00..29.77 rows=934 width=0)
	              Index Cond: ((id >= 8621610) AND (id <= 8622609))

table 3 : explain SELECT SUM(k) FROM sbtest3 WHERE id BETWEEN 402730 AND 403729
	Aggregate  (cost=3990.40..3990.41 rows=1 width=8)
	  ->  Bitmap Heap Scan on sbtest3  (cost=30.99..3987.82 rows=1030 width=4)
	        Recheck Cond: ((id >= 402730) AND (id <= 403729))
	        ->  Bitmap Index Scan on sbtest3_pkey  (cost=0.00..30.73 rows=1030 width=0)
	              Index Cond: ((id >= 402730) AND (id <= 403729))

table 4 : explain SELECT SUM(k) FROM sbtest4 WHERE id BETWEEN 7748041 AND 7749040
	Aggregate  (cost=3941.88..3941.89 rows=1 width=8)
	  ->  Bitmap Heap Scan on sbtest4  (cost=30.86..3939.34 rows=1017 width=4)
	        Recheck Cond: ((id >= 7748041) AND (id <= 7749040))
	        ->  Bitmap Index Scan on sbtest4_pkey  (cost=0.00..30.61 rows=1017 width=0)
	              Index Cond: ((id >= 7748041) AND (id <= 7749040))

table 5 : explain SELECT SUM(k) FROM sbtest5 WHERE id BETWEEN 70660 AND 71659
	Aggregate  (cost=3877.42..3877.43 rows=1 width=8)
	  ->  Bitmap Heap Scan on sbtest5  (cost=30.68..3874.92 rows=1000 width=4)
	        Recheck Cond: ((id >= 70660) AND (id <= 71659))
	        ->  Bitmap Index Scan on sbtest5_pkey  (cost=0.00..30.43 rows=1000 width=0)
	              Index Cond: ((id >= 70660) AND (id <= 71659))

table 6 : explain SELECT SUM(k) FROM sbtest6 WHERE id BETWEEN 5368677 AND 5369676
	Aggregate  (cost=3631.31..3631.32 rows=1 width=8)
	  ->  Bitmap Heap Scan on sbtest6  (cost=30.02..3628.98 rows=935 width=4)
	        Recheck Cond: ((id >= 5368677) AND (id <= 5369676))
	        ->  Bitmap Index Scan on sbtest6_pkey  (cost=0.00..29.79 rows=935 width=0)
	              Index Cond: ((id >= 5368677) AND (id <= 5369676))

table 7 : explain SELECT SUM(k) FROM sbtest7 WHERE id BETWEEN 4343592 AND 4344591
	Aggregate  (cost=3760.29..3760.30 rows=1 width=8)
	  ->  Bitmap Heap Scan on sbtest7  (cost=30.37..3757.87 rows=969 width=4)
	        Recheck Cond: ((id >= 4343592) AND (id <= 4344591))
	        ->  Bitmap Index Scan on sbtest7_pkey  (cost=0.00..30.12 rows=969 width=0)
	              Index Cond: ((id >= 4343592) AND (id <= 4344591))

table 8 : explain SELECT SUM(k) FROM sbtest8 WHERE id BETWEEN 9971832 AND 9972831
	Aggregate  (cost=3548.32..3548.33 rows=1 width=8)
	  ->  Bitmap Heap Scan on sbtest8  (cost=29.79..3546.03 rows=913 width=4)
	        Recheck Cond: ((id >= 9971832) AND (id <= 9972831))
	        ->  Bitmap Index Scan on sbtest8_pkey  (cost=0.00..29.57 rows=913 width=0)
	              Index Cond: ((id >= 9971832) AND (id <= 9972831))

for: distinct_ranges
table 1 : explain SELECT DISTINCT c FROM sbtest1 WHERE id BETWEEN 9583911 AND 9584910 ORDER BY c
	Unique  (cost=3813.49..3818.34 rows=971 width=121)
	  ->  Sort  (cost=3813.49..3815.92 rows=971 width=121)
	        Sort Key: c
	        ->  Bitmap Heap Scan on sbtest1  (cost=30.39..3765.31 rows=971 width=121)
	              Recheck Cond: ((id >= 9583911) AND (id <= 9584910))
	              ->  Bitmap Index Scan on sbtest1_pkey  (cost=0.00..30.14 rows=971 width=0)
	                    Index Cond: ((id >= 9583911) AND (id <= 9584910))

table 2 : explain SELECT DISTINCT c FROM sbtest2 WHERE id BETWEEN 8667772 AND 8668771 ORDER BY c
	Unique  (cost=3671.57..3676.24 rows=934 width=121)
	  ->  Sort  (cost=3671.57..3673.90 rows=934 width=121)
	        Sort Key: c
	        ->  Bitmap Heap Scan on sbtest2  (cost=30.01..3625.49 rows=934 width=121)
	              Recheck Cond: ((id >= 8667772) AND (id <= 8668771))
	              ->  Bitmap Index Scan on sbtest2_pkey  (cost=0.00..29.77 rows=934 width=0)
	                    Index Cond: ((id >= 8667772) AND (id <= 8668771))

table 3 : explain SELECT DISTINCT c FROM sbtest3 WHERE id BETWEEN 4728742 AND 4729741 ORDER BY c
	Unique  (cost=3966.61..3971.67 rows=1011 width=121)
	  ->  Sort  (cost=3966.61..3969.14 rows=1011 width=121)
	        Sort Key: c
	        ->  Bitmap Heap Scan on sbtest3  (cost=30.80..3916.16 rows=1011 width=121)
	              Recheck Cond: ((id >= 4728742) AND (id <= 4729741))
	              ->  Bitmap Index Scan on sbtest3_pkey  (cost=0.00..30.54 rows=1011 width=0)
	                    Index Cond: ((id >= 4728742) AND (id <= 4729741))

table 4 : explain SELECT DISTINCT c FROM sbtest4 WHERE id BETWEEN 2050059 AND 2051058 ORDER BY c
	Unique  (cost=3629.57..3634.18 rows=923 width=121)
	  ->  Sort  (cost=3629.57..3631.88 rows=923 width=121)
	        Sort Key: c
	        ->  Bitmap Heap Scan on sbtest4  (cost=29.90..3584.11 rows=923 width=121)
	              Recheck Cond: ((id >= 2050059) AND (id <= 2051058))
	              ->  Bitmap Index Scan on sbtest4_pkey  (cost=0.00..29.66 rows=923 width=0)
	                    Index Cond: ((id >= 2050059) AND (id <= 2051058))

table 5 : explain SELECT DISTINCT c FROM sbtest5 WHERE id BETWEEN 9333849 AND 9334848 ORDER BY c
	Unique  (cost=3959.23..3964.27 rows=1009 width=121)
	  ->  Sort  (cost=3959.23..3961.75 rows=1009 width=121)
	        Sort Key: c
	        ->  Bitmap Heap Scan on sbtest5  (cost=30.78..3908.89 rows=1009 width=121)
	              Recheck Cond: ((id >= 9333849) AND (id <= 9334848))
	              ->  Bitmap Index Scan on sbtest5_pkey  (cost=0.00..30.52 rows=1009 width=0)
	                    Index Cond: ((id >= 9333849) AND (id <= 9334848))

table 6 : explain SELECT DISTINCT c FROM sbtest6 WHERE id BETWEEN 6281311 AND 6282310 ORDER BY c
	Unique  (cost=3962.71..3967.76 rows=1010 width=121)
	  ->  Sort  (cost=3962.71..3965.24 rows=1010 width=121)
	        Sort Key: c
	        ->  Bitmap Heap Scan on sbtest6  (cost=30.79..3912.31 rows=1010 width=121)
	              Recheck Cond: ((id >= 6281311) AND (id <= 6282310))
	              ->  Bitmap Index Scan on sbtest6_pkey  (cost=0.00..30.54 rows=1010 width=0)
	                    Index Cond: ((id >= 6281311) AND (id <= 6282310))

table 7 : explain SELECT DISTINCT c FROM sbtest7 WHERE id BETWEEN 9585741 AND 9586740 ORDER BY c
	Unique  (cost=3917.11..3922.10 rows=998 width=121)
	  ->  Sort  (cost=3917.11..3919.61 rows=998 width=121)
	        Sort Key: c
	        ->  Bitmap Heap Scan on sbtest7  (cost=30.66..3867.40 rows=998 width=121)
	              Recheck Cond: ((id >= 9585741) AND (id <= 9586740))
	              ->  Bitmap Index Scan on sbtest7_pkey  (cost=0.00..30.41 rows=998 width=0)
	                    Index Cond: ((id >= 9585741) AND (id <= 9586740))

table 8 : explain SELECT DISTINCT c FROM sbtest8 WHERE id BETWEEN 2950013 AND 2951012 ORDER BY c
	Unique  (cost=3752.20..3756.98 rows=955 width=121)
	  ->  Sort  (cost=3752.20..3754.59 rows=955 width=121)
	        Sort Key: c
	        ->  Bitmap Heap Scan on sbtest8  (cost=30.22..3704.93 rows=955 width=121)
	              Recheck Cond: ((id >= 2950013) AND (id <= 2951012))
	              ->  Bitmap Index Scan on sbtest8_pkey  (cost=0.00..29.98 rows=955 width=0)
	                    Index Cond: ((id >= 2950013) AND (id <= 2951012))

explain: for point_selects :: explain SELECT c FROM sbtest%u WHERE id=%u
for: sum_ranges
table 1 : explain SELECT SUM(k) FROM sbtest1 WHERE id BETWEEN 202479 AND 203478
	Aggregate  (cost=4311.13..4311.14 rows=1 width=8)
	  ->  Bitmap Heap Scan on sbtest1  (cost=35.85..4308.35 rows=1114 width=4)
	        Recheck Cond: ((id >= 202479) AND (id <= 203478))
	        ->  Bitmap Index Scan on sbtest1_pkey  (cost=0.00..35.58 rows=1114 width=0)
	              Index Cond: ((id >= 202479) AND (id <= 203478))

table 2 : explain SELECT SUM(k) FROM sbtest2 WHERE id BETWEEN 6888690 AND 6889689
	Aggregate  (cost=3828.29..3828.30 rows=1 width=8)
	  ->  Bitmap Heap Scan on sbtest2  (cost=30.55..3825.82 rows=987 width=4)
	        Recheck Cond: ((id >= 6888690) AND (id <= 6889689))
	        ->  Bitmap Index Scan on sbtest2_pkey  (cost=0.00..30.30 rows=987 width=0)
	              Index Cond: ((id >= 6888690) AND (id <= 6889689))

table 3 : explain SELECT SUM(k) FROM sbtest3 WHERE id BETWEEN 8674364 AND 8675363
	Aggregate  (cost=4250.69..4250.70 rows=1 width=8)
	  ->  Bitmap Heap Scan on sbtest3  (cost=35.69..4247.95 rows=1098 width=4)
	        Recheck Cond: ((id >= 8674364) AND (id <= 8675363))
	        ->  Bitmap Index Scan on sbtest3_pkey  (cost=0.00..35.42 rows=1098 width=0)
	              Index Cond: ((id >= 8674364) AND (id <= 8675363))

table 4 : explain SELECT SUM(k) FROM sbtest4 WHERE id BETWEEN 2357981 AND 2358980
	Aggregate  (cost=4002.28..4002.29 rows=1 width=8)
	  ->  Bitmap Heap Scan on sbtest4  (cost=31.02..3999.69 rows=1033 width=4)
	        Recheck Cond: ((id >= 2357981) AND (id <= 2358980))
	        ->  Bitmap Index Scan on sbtest4_pkey  (cost=0.00..30.76 rows=1033 width=0)
	              Index Cond: ((id >= 2357981) AND (id <= 2358980))

table 5 : explain SELECT SUM(k) FROM sbtest5 WHERE id BETWEEN 6290684 AND 6291683
	Aggregate  (cost=3918.96..3918.97 rows=1 width=8)
	  ->  Bitmap Heap Scan on sbtest5  (cost=30.80..3916.43 rows=1011 width=4)
	        Recheck Cond: ((id >= 6290684) AND (id <= 6291683))
	        ->  Bitmap Index Scan on sbtest5_pkey  (cost=0.00..30.54 rows=1011 width=0)
	              Index Cond: ((id >= 6290684) AND (id <= 6291683))

table 6 : explain SELECT SUM(k) FROM sbtest6 WHERE id BETWEEN 7722025 AND 7723024
	Aggregate  (cost=4115.00..4115.01 rows=1 width=8)
	  ->  Bitmap Heap Scan on sbtest6  (cost=35.32..4112.35 rows=1062 width=4)
	        Recheck Cond: ((id >= 7722025) AND (id <= 7723024))
	        ->  Bitmap Index Scan on sbtest6_pkey  (cost=0.00..35.06 rows=1062 width=0)
	              Index Cond: ((id >= 7722025) AND (id <= 7723024))

table 7 : explain SELECT SUM(k) FROM sbtest7 WHERE id BETWEEN 1743694 AND 1744693
	Aggregate  (cost=4578.21..4578.22 rows=1 width=8)
	  ->  Bitmap Heap Scan on sbtest7  (cost=36.59..4575.25 rows=1186 width=4)
	        Recheck Cond: ((id >= 1743694) AND (id <= 1744693))
	        ->  Bitmap Index Scan on sbtest7_pkey  (cost=0.00..36.30 rows=1186 width=0)
	              Index Cond: ((id >= 1743694) AND (id <= 1744693))

table 8 : explain SELECT SUM(k) FROM sbtest8 WHERE id BETWEEN 6093118 AND 6094117
	Aggregate  (cost=3764.05..3764.06 rows=1 width=8)
	  ->  Bitmap Heap Scan on sbtest8  (cost=30.38..3761.63 rows=970 width=4)
	        Recheck Cond: ((id >= 6093118) AND (id <= 6094117))
	        ->  Bitmap Index Scan on sbtest8_pkey  (cost=0.00..30.14 rows=970 width=0)
	              Index Cond: ((id >= 6093118) AND (id <= 6094117))

for: distinct_ranges
table 1 : explain SELECT DISTINCT c FROM sbtest1 WHERE id BETWEEN 9604598 AND 9605597 ORDER BY c
	Unique  (cost=4112.28..4117.52 rows=1049 width=121)
	  ->  Sort  (cost=4112.28..4114.90 rows=1049 width=121)
	        Sort Key: c
	        ->  Bitmap Heap Scan on sbtest1  (cost=31.19..4059.64 rows=1049 width=121)
	              Recheck Cond: ((id >= 9604598) AND (id <= 9605597))
	              ->  Bitmap Index Scan on sbtest1_pkey  (cost=0.00..30.93 rows=1049 width=0)
	                    Index Cond: ((id >= 9604598) AND (id <= 9605597))

table 2 : explain SELECT DISTINCT c FROM sbtest2 WHERE id BETWEEN 7688175 AND 7689174 ORDER BY c
	Unique  (cost=4005.17..4010.28 rows=1021 width=121)
	  ->  Sort  (cost=4005.17..4007.73 rows=1021 width=121)
	        Sort Key: c
	        ->  Bitmap Heap Scan on sbtest2  (cost=30.90..3954.15 rows=1021 width=121)
	              Recheck Cond: ((id >= 7688175) AND (id <= 7689174))
	              ->  Bitmap Index Scan on sbtest2_pkey  (cost=0.00..30.64 rows=1021 width=0)
	                    Index Cond: ((id >= 7688175) AND (id <= 7689174))

table 3 : explain SELECT DISTINCT c FROM sbtest3 WHERE id BETWEEN 1140888 AND 1141887 ORDER BY c
	Unique  (cost=3705.88..3710.60 rows=943 width=121)
	  ->  Sort  (cost=3705.88..3708.24 rows=943 width=121)
	        Sort Key: c
	        ->  Bitmap Heap Scan on sbtest3  (cost=30.10..3659.30 rows=943 width=121)
	              Recheck Cond: ((id >= 1140888) AND (id <= 1141887))
	              ->  Bitmap Index Scan on sbtest3_pkey  (cost=0.00..29.86 rows=943 width=0)
	                    Index Cond: ((id >= 1140888) AND (id <= 1141887))

table 4 : explain SELECT DISTINCT c FROM sbtest4 WHERE id BETWEEN 9803096 AND 9804095 ORDER BY c
	Unique  (cost=3928.84..3933.85 rows=1001 width=121)
	  ->  Sort  (cost=3928.84..3931.34 rows=1001 width=121)
	        Sort Key: c
	        ->  Bitmap Heap Scan on sbtest4  (cost=30.70..3878.95 rows=1001 width=121)
	              Recheck Cond: ((id >= 9803096) AND (id <= 9804095))
	              ->  Bitmap Index Scan on sbtest4_pkey  (cost=0.00..30.44 rows=1001 width=0)
	                    Index Cond: ((id >= 9803096) AND (id <= 9804095))

table 5 : explain SELECT DISTINCT c FROM sbtest5 WHERE id BETWEEN 8624424 AND 8625423 ORDER BY c
	Unique  (cost=4001.36..4006.46 rows=1020 width=121)
	  ->  Sort  (cost=4001.36..4003.91 rows=1020 width=121)
	        Sort Key: c
	        ->  Bitmap Heap Scan on sbtest5  (cost=30.89..3950.39 rows=1020 width=121)
	              Recheck Cond: ((id >= 8624424) AND (id <= 8625423))
	              ->  Bitmap Index Scan on sbtest5_pkey  (cost=0.00..30.64 rows=1020 width=0)
	                    Index Cond: ((id >= 8624424) AND (id <= 8625423))

table 6 : explain SELECT DISTINCT c FROM sbtest6 WHERE id BETWEEN 7581294 AND 7582293 ORDER BY c
	Unique  (cost=3732.69..3737.44 rows=950 width=121)
	  ->  Sort  (cost=3732.69..3735.06 rows=950 width=121)
	        Sort Key: c
	        ->  Bitmap Heap Scan on sbtest6  (cost=30.17..3685.70 rows=950 width=121)
	              Recheck Cond: ((id >= 7581294) AND (id <= 7582293))
	              ->  Bitmap Index Scan on sbtest6_pkey  (cost=0.00..29.93 rows=950 width=0)
	                    Index Cond: ((id >= 7581294) AND (id <= 7582293))

table 7 : explain SELECT DISTINCT c FROM sbtest7 WHERE id BETWEEN 8889564 AND 8890563 ORDER BY c
	Unique  (cost=3710.00..3714.72 rows=944 width=121)
	  ->  Sort  (cost=3710.00..3712.36 rows=944 width=121)
	        Sort Key: c
	        ->  Bitmap Heap Scan on sbtest7  (cost=30.11..3663.36 rows=944 width=121)
	              Recheck Cond: ((id >= 8889564) AND (id <= 8890563))
	              ->  Bitmap Index Scan on sbtest7_pkey  (cost=0.00..29.87 rows=944 width=0)
	                    Index Cond: ((id >= 8889564) AND (id <= 8890563))

table 8 : explain SELECT DISTINCT c FROM sbtest8 WHERE id BETWEEN 9832718 AND 9833717 ORDER BY c
	Unique  (cost=3867.27..3872.19 rows=985 width=121)
	  ->  Sort  (cost=3867.27..3869.73 rows=985 width=121)
	        Sort Key: c
	        ->  Bitmap Heap Scan on sbtest8  (cost=30.53..3818.29 rows=985 width=121)
	              Recheck Cond: ((id >= 9832718) AND (id <= 9833717))
	              ->  Bitmap Index Scan on sbtest8_pkey  (cost=0.00..30.29 rows=985 width=0)
	                    Index Cond: ((id >= 9832718) AND (id <= 9833717))

for: order_ranges
table 1 : explain SELECT c FROM sbtest1 WHERE id BETWEEN 7801452 AND 7802451 ORDER BY c
	Sort  (cost=3897.84..3900.32 rows=993 width=121)
	  Sort Key: c
	  ->  Bitmap Heap Scan on sbtest1  (cost=30.61..3848.41 rows=993 width=121)
	        Recheck Cond: ((id >= 7801452) AND (id <= 7802451))
	        ->  Bitmap Index Scan on sbtest1_pkey  (cost=0.00..30.36 rows=993 width=0)
	              Index Cond: ((id >= 7801452) AND (id <= 7802451))

table 2 : explain SELECT c FROM sbtest2 WHERE id BETWEEN 4151600 AND 4152599 ORDER BY c
	Sort  (cost=3878.74..3881.21 rows=988 width=121)
	  Sort Key: c
	  ->  Bitmap Heap Scan on sbtest2  (cost=30.56..3829.60 rows=988 width=121)
	        Recheck Cond: ((id >= 4151600) AND (id <= 4152599))
	        ->  Bitmap Index Scan on sbtest2_pkey  (cost=0.00..30.32 rows=988 width=0)
	              Index Cond: ((id >= 4151600) AND (id <= 4152599))

table 3 : explain SELECT c FROM sbtest3 WHERE id BETWEEN 6307435 AND 6308434 ORDER BY c
	Sort  (cost=4291.94..4294.67 rows=1095 width=121)
	  Sort Key: c
	  ->  Bitmap Heap Scan on sbtest3  (cost=35.66..4236.66 rows=1095 width=121)
	        Recheck Cond: ((id >= 6307435) AND (id <= 6308434))
	        ->  Bitmap Index Scan on sbtest3_pkey  (cost=0.00..35.39 rows=1095 width=0)
	              Index Cond: ((id >= 6307435) AND (id <= 6308434))

table 4 : explain SELECT c FROM sbtest4 WHERE id BETWEEN 301866 AND 302865 ORDER BY c
	Sort  (cost=4082.03..4084.64 rows=1041 width=121)
	  Sort Key: c
	  ->  Bitmap Heap Scan on sbtest4  (cost=31.11..4029.86 rows=1041 width=121)
	        Recheck Cond: ((id >= 301866) AND (id <= 302865))
	        ->  Bitmap Index Scan on sbtest4_pkey  (cost=0.00..30.84 rows=1041 width=0)
	              Index Cond: ((id >= 301866) AND (id <= 302865))

table 5 : explain SELECT c FROM sbtest5 WHERE id BETWEEN 3966169 AND 3967168 ORDER BY c
	Sort  (cost=3905.59..3908.07 rows=995 width=121)
	  Sort Key: c
	  ->  Bitmap Heap Scan on sbtest5  (cost=30.63..3856.04 rows=995 width=121)
	        Recheck Cond: ((id >= 3966169) AND (id <= 3967168))
	        ->  Bitmap Index Scan on sbtest5_pkey  (cost=0.00..30.39 rows=995 width=0)
	              Index Cond: ((id >= 3966169) AND (id <= 3967168))

table 6 : explain SELECT c FROM sbtest6 WHERE id BETWEEN 616825 AND 617824 ORDER BY c
	Sort  (cost=3663.59..3665.92 rows=932 width=121)
	  Sort Key: c
	  ->  Bitmap Heap Scan on sbtest6  (cost=29.99..3617.63 rows=932 width=121)
	        Recheck Cond: ((id >= 616825) AND (id <= 617824))
	        ->  Bitmap Index Scan on sbtest6_pkey  (cost=0.00..29.75 rows=932 width=0)
	              Index Cond: ((id >= 616825) AND (id <= 617824))

table 7 : explain SELECT c FROM sbtest7 WHERE id BETWEEN 9223528 AND 9224527 ORDER BY c
	Sort  (cost=3406.37..3408.53 rows=865 width=121)
	  Sort Key: c
	  ->  Bitmap Heap Scan on sbtest7  (cost=29.30..3364.17 rows=865 width=121)
	        Recheck Cond: ((id >= 9223528) AND (id <= 9224527))
	        ->  Bitmap Index Scan on sbtest7_pkey  (cost=0.00..29.08 rows=865 width=0)
	              Index Cond: ((id >= 9223528) AND (id <= 9224527))

table 8 : explain SELECT c FROM sbtest8 WHERE id BETWEEN 1008751 AND 1009750 ORDER BY c
	Sort  (cost=3986.05..3988.59 rows=1016 width=121)
	  Sort Key: c
	  ->  Bitmap Heap Scan on sbtest8  (cost=30.85..3935.31 rows=1016 width=121)
	        Recheck Cond: ((id >= 1008751) AND (id <= 1009750))
	        ->  Bitmap Index Scan on sbtest8_pkey  (cost=0.00..30.59 rows=1016 width=0)
	              Index Cond: ((id >= 1008751) AND (id <= 1009750))

for point_selects
table 1 : explain SELECT c FROM sbtest1 WHERE id=6943267
	Index Scan using sbtest1_pkey on sbtest1  (cost=0.43..8.45 rows=1 width=121)
	  Index Cond: (id = 6943267)

table 2 : explain SELECT c FROM sbtest2 WHERE id=1620039
	Index Scan using sbtest2_pkey on sbtest2  (cost=0.43..8.45 rows=1 width=121)
	  Index Cond: (id = 1620039)

table 3 : explain SELECT c FROM sbtest3 WHERE id=8666931
	Index Scan using sbtest3_pkey on sbtest3  (cost=0.43..8.45 rows=1 width=121)
	  Index Cond: (id = 8666931)

table 4 : explain SELECT c FROM sbtest4 WHERE id=2632828
	Index Scan using sbtest4_pkey on sbtest4  (cost=0.43..8.45 rows=1 width=121)
	  Index Cond: (id = 2632828)

table 5 : explain SELECT c FROM sbtest5 WHERE id=3702616
	Index Scan using sbtest5_pkey on sbtest5  (cost=0.43..8.45 rows=1 width=121)
	  Index Cond: (id = 3702616)

table 6 : explain SELECT c FROM sbtest6 WHERE id=3727940
	Index Scan using sbtest6_pkey on sbtest6  (cost=0.43..8.45 rows=1 width=121)
	  Index Cond: (id = 3727940)

table 7 : explain SELECT c FROM sbtest7 WHERE id=6689296
	Index Scan using sbtest7_pkey on sbtest7  (cost=0.43..8.45 rows=1 width=121)
	  Index Cond: (id = 6689296)

table 8 : explain SELECT c FROM sbtest8 WHERE id=402289
	Index Scan using sbtest8_pkey on sbtest8  (cost=0.43..8.45 rows=1 width=121)
	  Index Cond: (id = 402289)

for point_selects
table 1 : explain SELECT c FROM sbtest1 WHERE id=8942558
	Index Scan using sbtest1_pkey on sbtest1  (cost=0.43..8.45 rows=1 width=121)
	  Index Cond: (id = 8942558)

table 2 : explain SELECT c FROM sbtest2 WHERE id=4330741
	Index Scan using sbtest2_pkey on sbtest2  (cost=0.43..8.45 rows=1 width=121)
	  Index Cond: (id = 4330741)

table 3 : explain SELECT c FROM sbtest3 WHERE id=5871613
	Index Scan using sbtest3_pkey on sbtest3  (cost=0.43..8.45 rows=1 width=121)
	  Index Cond: (id = 5871613)

table 4 : explain SELECT c FROM sbtest4 WHERE id=5892922
	Index Scan using sbtest4_pkey on sbtest4  (cost=0.43..8.45 rows=1 width=121)
	  Index Cond: (id = 5892922)

table 5 : explain SELECT c FROM sbtest5 WHERE id=2619100
	Index Scan using sbtest5_pkey on sbtest5  (cost=0.43..8.45 rows=1 width=121)
	  Index Cond: (id = 2619100)

table 6 : explain SELECT c FROM sbtest6 WHERE id=1453612
	Index Scan using sbtest6_pkey on sbtest6  (cost=0.43..8.45 rows=1 width=121)
	  Index Cond: (id = 1453612)

table 7 : explain SELECT c FROM sbtest7 WHERE id=4720594
	Index Scan using sbtest7_pkey on sbtest7  (cost=0.43..8.45 rows=1 width=121)
	  Index Cond: (id = 4720594)

table 8 : explain SELECT c FROM sbtest8 WHERE id=2224927
	Index Scan using sbtest8_pkey on sbtest8  (cost=0.43..8.45 rows=1 width=121)
	  Index Cond: (id = 2224927)

for: order_ranges
table 1 : explain SELECT c FROM sbtest1 WHERE id BETWEEN 7260205 AND 7261204 ORDER BY c
	Sort  (cost=4035.73..4038.30 rows=1029 width=121)
	  Sort Key: c
	  ->  Bitmap Heap Scan on sbtest1  (cost=30.98..3984.25 rows=1029 width=121)
	        Recheck Cond: ((id >= 7260205) AND (id <= 7261204))
	        ->  Bitmap Index Scan on sbtest1_pkey  (cost=0.00..30.72 rows=1029 width=0)
	              Index Cond: ((id >= 7260205) AND (id <= 7261204))

table 2 : explain SELECT c FROM sbtest2 WHERE id BETWEEN 5042087 AND 5043086 ORDER BY c
	Sort  (cost=4223.44..4226.13 rows=1077 width=121)
	  Sort Key: c
	  ->  Bitmap Heap Scan on sbtest2  (cost=35.47..4169.20 rows=1077 width=121)
	        Recheck Cond: ((id >= 5042087) AND (id <= 5043086))
	        ->  Bitmap Index Scan on sbtest2_pkey  (cost=0.00..35.20 rows=1077 width=0)
	              Index Cond: ((id >= 5042087) AND (id <= 5043086))

table 3 : explain SELECT c FROM sbtest3 WHERE id BETWEEN 4970611 AND 4971610 ORDER BY c
	Sort  (cost=4158.15..4160.80 rows=1060 width=121)
	  Sort Key: c
	  ->  Bitmap Heap Scan on sbtest3  (cost=35.30..4104.89 rows=1060 width=121)
	        Recheck Cond: ((id >= 4970611) AND (id <= 4971610))
	        ->  Bitmap Index Scan on sbtest3_pkey  (cost=0.00..35.04 rows=1060 width=0)
	              Index Cond: ((id >= 4970611) AND (id <= 4971610))

table 4 : explain SELECT c FROM sbtest4 WHERE id BETWEEN 2162135 AND 2163134 ORDER BY c
	Sort  (cost=3932.67..3935.18 rows=1002 width=121)
	  Sort Key: c
	  ->  Bitmap Heap Scan on sbtest4  (cost=30.71..3882.73 rows=1002 width=121)
	        Recheck Cond: ((id >= 2162135) AND (id <= 2163134))
	        ->  Bitmap Index Scan on sbtest4_pkey  (cost=0.00..30.45 rows=1002 width=0)
	              Index Cond: ((id >= 2162135) AND (id <= 2163134))

table 5 : explain SELECT c FROM sbtest5 WHERE id BETWEEN 1468756 AND 1469755 ORDER BY c
	Sort  (cost=3629.34..3631.64 rows=923 width=121)
	  Sort Key: c
	  ->  Bitmap Heap Scan on sbtest5  (cost=29.90..3583.88 rows=923 width=121)
	        Recheck Cond: ((id >= 1468756) AND (id <= 1469755))
	        ->  Bitmap Index Scan on sbtest5_pkey  (cost=0.00..29.66 rows=923 width=0)
	              Index Cond: ((id >= 1468756) AND (id <= 1469755))

table 6 : explain SELECT c FROM sbtest6 WHERE id BETWEEN 5092649 AND 5093648 ORDER BY c
	Sort  (cost=4284.22..4286.95 rows=1093 width=121)
	  Sort Key: c
	  ->  Bitmap Heap Scan on sbtest6  (cost=35.64..4229.05 rows=1093 width=121)
	        Recheck Cond: ((id >= 5092649) AND (id <= 5093648))
	        ->  Bitmap Index Scan on sbtest6_pkey  (cost=0.00..35.37 rows=1093 width=0)
	              Index Cond: ((id >= 5092649) AND (id <= 5093648))

table 7 : explain SELECT c FROM sbtest7 WHERE id BETWEEN 6010774 AND 6011773 ORDER BY c
	Sort  (cost=3779.08..3781.48 rows=962 width=121)
	  Sort Key: c
	  ->  Bitmap Heap Scan on sbtest7  (cost=30.30..3731.41 rows=962 width=121)
	        Recheck Cond: ((id >= 6010774) AND (id <= 6011773))
	        ->  Bitmap Index Scan on sbtest7_pkey  (cost=0.00..30.05 rows=962 width=0)
	              Index Cond: ((id >= 6010774) AND (id <= 6011773))

table 8 : explain SELECT c FROM sbtest8 WHERE id BETWEEN 2505153 AND 2506152 ORDER BY c
	Sort  (cost=3414.05..3416.21 rows=867 width=121)
	  Sort Key: c
	  ->  Bitmap Heap Scan on sbtest8  (cost=29.32..3371.74 rows=867 width=121)
	        Recheck Cond: ((id >= 2505153) AND (id <= 2506152))
	        ->  Bitmap Index Scan on sbtest8_pkey  (cost=0.00..29.11 rows=867 width=0)
	              Index Cond: ((id >= 2505153) AND (id <= 2506152))

for point_selects
table 1 : explain SELECT c FROM sbtest1 WHERE id=7611767
	Index Scan using sbtest1_pkey on sbtest1  (cost=0.43..8.45 rows=1 width=121)
	  Index Cond: (id = 7611767)

table 2 : explain SELECT c FROM sbtest2 WHERE id=1920259
	Index Scan using sbtest2_pkey on sbtest2  (cost=0.43..8.45 rows=1 width=121)
	  Index Cond: (id = 1920259)

table 3 : explain SELECT c FROM sbtest3 WHERE id=6873084
	Index Scan using sbtest3_pkey on sbtest3  (cost=0.43..8.45 rows=1 width=121)
	  Index Cond: (id = 6873084)

table 4 : explain SELECT c FROM sbtest4 WHERE id=2879800
	Index Scan using sbtest4_pkey on sbtest4  (cost=0.43..8.45 rows=1 width=121)
	  Index Cond: (id = 2879800)

table 5 : explain SELECT c FROM sbtest5 WHERE id=9370870
	Index Scan using sbtest5_pkey on sbtest5  (cost=0.43..8.45 rows=1 width=121)
	  Index Cond: (id = 9370870)

table 6 : explain SELECT c FROM sbtest6 WHERE id=6570372
	Index Scan using sbtest6_pkey on sbtest6  (cost=0.43..8.45 rows=1 width=121)
	  Index Cond: (id = 6570372)

table 7 : explain SELECT c FROM sbtest7 WHERE id=4577598
	Index Scan using sbtest7_pkey on sbtest7  (cost=0.43..8.45 rows=1 width=121)
	  Index Cond: (id = 4577598)

table 8 : explain SELECT c FROM sbtest8 WHERE id=8155065
	Index Scan using sbtest8_pkey on sbtest8  (cost=0.43..8.45 rows=1 width=121)
	  Index Cond: (id = 8155065)

for: order_ranges
table 1 : explain SELECT c FROM sbtest1 WHERE id BETWEEN 2081931 AND 2082930 ORDER BY c
	Sort  (cost=3479.37..3481.58 rows=884 width=121)
	  Sort Key: c
	  ->  Bitmap Heap Scan on sbtest1  (cost=29.50..3436.10 rows=884 width=121)
	        Recheck Cond: ((id >= 2081931) AND (id <= 2082930))
	        ->  Bitmap Index Scan on sbtest1_pkey  (cost=0.00..29.27 rows=884 width=0)
	              Index Cond: ((id >= 2081931) AND (id <= 2082930))

table 2 : explain SELECT c FROM sbtest2 WHERE id BETWEEN 6175261 AND 6176260 ORDER BY c
	Sort  (cost=4124.00..4126.63 rows=1051 width=121)
	  Sort Key: c
	  ->  Bitmap Heap Scan on sbtest2  (cost=35.21..4071.26 rows=1051 width=121)
	        Recheck Cond: ((id >= 6175261) AND (id <= 6176260))
	        ->  Bitmap Index Scan on sbtest2_pkey  (cost=0.00..34.95 rows=1051 width=0)
	              Index Cond: ((id >= 6175261) AND (id <= 6176260))

table 3 : explain SELECT c FROM sbtest3 WHERE id BETWEEN 4168562 AND 4169561 ORDER BY c
	Sort  (cost=3759.61..3762.00 rows=957 width=121)
	  Sort Key: c
	  ->  Bitmap Heap Scan on sbtest3  (cost=30.24..3712.23 rows=957 width=121)
	        Recheck Cond: ((id >= 4168562) AND (id <= 4169561))
	        ->  Bitmap Index Scan on sbtest3_pkey  (cost=0.00..30.00 rows=957 width=0)
	              Index Cond: ((id >= 4168562) AND (id <= 4169561))

table 4 : explain SELECT c FROM sbtest4 WHERE id BETWEEN 7888734 AND 7889733 ORDER BY c
	Sort  (cost=4223.75..4226.44 rows=1077 width=121)
	  Sort Key: c
	  ->  Bitmap Heap Scan on sbtest4  (cost=35.47..4169.51 rows=1077 width=121)
	        Recheck Cond: ((id >= 7888734) AND (id <= 7889733))
	        ->  Bitmap Index Scan on sbtest4_pkey  (cost=0.00..35.20 rows=1077 width=0)
	              Index Cond: ((id >= 7888734) AND (id <= 7889733))

table 5 : explain SELECT c FROM sbtest5 WHERE id BETWEEN 3650684 AND 3651683 ORDER BY c
	Sort  (cost=3871.09..3873.55 rows=986 width=121)
	  Sort Key: c
	  ->  Bitmap Heap Scan on sbtest5  (cost=30.54..3822.06 rows=986 width=121)
	        Recheck Cond: ((id >= 3650684) AND (id <= 3651683))
	        ->  Bitmap Index Scan on sbtest5_pkey  (cost=0.00..30.29 rows=986 width=0)
	              Index Cond: ((id >= 3650684) AND (id <= 3651683))

table 6 : explain SELECT c FROM sbtest6 WHERE id BETWEEN 3684318 AND 3685317 ORDER BY c
	Sort  (cost=3832.42..3834.86 rows=976 width=121)
	  Sort Key: c
	  ->  Bitmap Heap Scan on sbtest6  (cost=30.44..3783.96 rows=976 width=121)
	        Recheck Cond: ((id >= 3684318) AND (id <= 3685317))
	        ->  Bitmap Index Scan on sbtest6_pkey  (cost=0.00..30.19 rows=976 width=0)
	              Index Cond: ((id >= 3684318) AND (id <= 3685317))

table 7 : explain SELECT c FROM sbtest7 WHERE id BETWEEN 462499 AND 463498 ORDER BY c
	Sort  (cost=3943.94..3946.45 rows=1005 width=121)
	  Sort Key: c
	  ->  Bitmap Heap Scan on sbtest7  (cost=30.74..3893.82 rows=1005 width=121)
	        Recheck Cond: ((id >= 462499) AND (id <= 463498))
	        ->  Bitmap Index Scan on sbtest7_pkey  (cost=0.00..30.48 rows=1005 width=0)
	              Index Cond: ((id >= 462499) AND (id <= 463498))

table 8 : explain SELECT c FROM sbtest8 WHERE id BETWEEN 2719154 AND 2720153 ORDER BY c
	Sort  (cost=3567.87..3570.14 rows=907 width=121)
	  Sort Key: c
	  ->  Bitmap Heap Scan on sbtest8  (cost=29.73..3523.32 rows=907 width=121)
	        Recheck Cond: ((id >= 2719154) AND (id <= 2720153))
	        ->  Bitmap Index Scan on sbtest8_pkey  (cost=0.00..29.50 rows=907 width=0)
	              Index Cond: ((id >= 2719154) AND (id <= 2720153))

for: sum_ranges
table 1 : explain SELECT SUM(k) FROM sbtest1 WHERE id BETWEEN 9512575 AND 9513574
	Aggregate  (cost=3767.74..3767.75 rows=1 width=8)
	  ->  Bitmap Heap Scan on sbtest1  (cost=30.39..3765.31 rows=971 width=4)
	        Recheck Cond: ((id >= 9512575) AND (id <= 9513574))
	        ->  Bitmap Index Scan on sbtest1_pkey  (cost=0.00..30.14 rows=971 width=0)
	              Index Cond: ((id >= 9512575) AND (id <= 9513574))

table 2 : explain SELECT SUM(k) FROM sbtest2 WHERE id BETWEEN 31012 AND 32011
	Aggregate  (cost=3578.60..3578.61 rows=1 width=8)
	  ->  Bitmap Heap Scan on sbtest2  (cost=29.88..3576.29 rows=921 width=4)
	        Recheck Cond: ((id >= 31012) AND (id <= 32011))
	        ->  Bitmap Index Scan on sbtest2_pkey  (cost=0.00..29.64 rows=921 width=0)
	              Index Cond: ((id >= 31012) AND (id <= 32011))

table 3 : explain SELECT SUM(k) FROM sbtest3 WHERE id BETWEEN 1658754 AND 1659753
	Aggregate  (cost=3858.26..3858.27 rows=1 width=8)
	  ->  Bitmap Heap Scan on sbtest3  (cost=30.63..3855.77 rows=995 width=4)
	        Recheck Cond: ((id >= 1658754) AND (id <= 1659753))
	        ->  Bitmap Index Scan on sbtest3_pkey  (cost=0.00..30.39 rows=995 width=0)
	              Index Cond: ((id >= 1658754) AND (id <= 1659753))

table 4 : explain SELECT SUM(k) FROM sbtest4 WHERE id BETWEEN 330712 AND 331711
	Aggregate  (cost=4032.46..4032.47 rows=1 width=8)
	  ->  Bitmap Heap Scan on sbtest4  (cost=31.11..4029.86 rows=1041 width=4)
	        Recheck Cond: ((id >= 330712) AND (id <= 331711))
	        ->  Bitmap Index Scan on sbtest4_pkey  (cost=0.00..30.84 rows=1041 width=0)
	              Index Cond: ((id >= 330712) AND (id <= 331711))

table 5 : explain SELECT SUM(k) FROM sbtest5 WHERE id BETWEEN 1347709 AND 1348708
	Aggregate  (cost=3968.04..3968.05 rows=1 width=8)
	  ->  Bitmap Heap Scan on sbtest5  (cost=30.93..3965.48 rows=1024 width=4)
	        Recheck Cond: ((id >= 1347709) AND (id <= 1348708))
	        ->  Bitmap Index Scan on sbtest5_pkey  (cost=0.00..30.68 rows=1024 width=0)
	              Index Cond: ((id >= 1347709) AND (id <= 1348708))

table 6 : explain SELECT SUM(k) FROM sbtest6 WHERE id BETWEEN 2015091 AND 2016090
	Aggregate  (cost=3941.49..3941.50 rows=1 width=8)
	  ->  Bitmap Heap Scan on sbtest6  (cost=34.85..3938.95 rows=1016 width=4)
	        Recheck Cond: ((id >= 2015091) AND (id <= 2016090))
	        ->  Bitmap Index Scan on sbtest6_pkey  (cost=0.00..34.59 rows=1016 width=0)
	              Index Cond: ((id >= 2015091) AND (id <= 2016090))

table 7 : explain SELECT SUM(k) FROM sbtest7 WHERE id BETWEEN 954352 AND 955351
	Aggregate  (cost=4382.76..4382.77 rows=1 width=8)
	  ->  Bitmap Heap Scan on sbtest7  (cost=36.05..4379.93 rows=1133 width=4)
	        Recheck Cond: ((id >= 954352) AND (id <= 955351))
	        ->  Bitmap Index Scan on sbtest7_pkey  (cost=0.00..35.77 rows=1133 width=0)
	              Index Cond: ((id >= 954352) AND (id <= 955351))

table 8 : explain SELECT SUM(k) FROM sbtest8 WHERE id BETWEEN 9842607 AND 9843606
	Aggregate  (cost=3820.75..3820.76 rows=1 width=8)
	  ->  Bitmap Heap Scan on sbtest8  (cost=30.53..3818.29 rows=985 width=4)
	        Recheck Cond: ((id >= 9842607) AND (id <= 9843606))
	        ->  Bitmap Index Scan on sbtest8_pkey  (cost=0.00..30.29 rows=985 width=0)
	              Index Cond: ((id >= 9842607) AND (id <= 9843606))

for: distinct_ranges
table 1 : explain SELECT DISTINCT c FROM sbtest1 WHERE id BETWEEN 9126920 AND 9127919 ORDER BY c
	Unique  (cost=4001.27..4006.37 rows=1020 width=121)
	  ->  Sort  (cost=4001.27..4003.82 rows=1020 width=121)
	        Sort Key: c
	        ->  Bitmap Heap Scan on sbtest1  (cost=30.89..3950.30 rows=1020 width=121)
	              Recheck Cond: ((id >= 9126920) AND (id <= 9127919))
	              ->  Bitmap Index Scan on sbtest1_pkey  (cost=0.00..30.64 rows=1020 width=0)
	                    Index Cond: ((id >= 9126920) AND (id <= 9127919))

table 2 : explain SELECT DISTINCT c FROM sbtest2 WHERE id BETWEEN 1731072 AND 1732071 ORDER BY c
	Unique  (cost=3871.07..3876.00 rows=986 width=121)
	  ->  Sort  (cost=3871.07..3873.54 rows=986 width=121)
	        Sort Key: c
	        ->  Bitmap Heap Scan on sbtest2  (cost=30.54..3822.04 rows=986 width=121)
	              Recheck Cond: ((id >= 1731072) AND (id <= 1732071))
	              ->  Bitmap Index Scan on sbtest2_pkey  (cost=0.00..30.29 rows=986 width=0)
	                    Index Cond: ((id >= 1731072) AND (id <= 1732071))

table 3 : explain SELECT DISTINCT c FROM sbtest3 WHERE id BETWEEN 9173513 AND 9174512 ORDER BY c
	Unique  (cost=4108.42..4113.66 rows=1047 width=121)
	  ->  Sort  (cost=4108.42..4111.04 rows=1047 width=121)
	        Sort Key: c
	        ->  Bitmap Heap Scan on sbtest3  (cost=35.17..4055.91 rows=1047 width=121)
	              Recheck Cond: ((id >= 9173513) AND (id <= 9174512))
	              ->  Bitmap Index Scan on sbtest3_pkey  (cost=0.00..34.91 rows=1047 width=0)
	                    Index Cond: ((id >= 9173513) AND (id <= 9174512))

table 4 : explain SELECT DISTINCT c FROM sbtest4 WHERE id BETWEEN 2965092 AND 2966091 ORDER BY c
	Unique  (cost=3671.82..3676.49 rows=934 width=121)
	  ->  Sort  (cost=3671.82..3674.15 rows=934 width=121)
	        Sort Key: c
	        ->  Bitmap Heap Scan on sbtest4  (cost=30.01..3625.74 rows=934 width=121)
	              Recheck Cond: ((id >= 2965092) AND (id <= 2966091))
	              ->  Bitmap Index Scan on sbtest4_pkey  (cost=0.00..29.77 rows=934 width=0)
	                    Index Cond: ((id >= 2965092) AND (id <= 2966091))

table 5 : explain SELECT DISTINCT c FROM sbtest5 WHERE id BETWEEN 9599146 AND 9600145 ORDER BY c
	Unique  (cost=4154.62..4159.92 rows=1059 width=121)
	  ->  Sort  (cost=4154.62..4157.27 rows=1059 width=121)
	        Sort Key: c
	        ->  Bitmap Heap Scan on sbtest5  (cost=35.29..4101.42 rows=1059 width=121)
	              Recheck Cond: ((id >= 9599146) AND (id <= 9600145))
	              ->  Bitmap Index Scan on sbtest5_pkey  (cost=0.00..35.03 rows=1059 width=0)
	                    Index Cond: ((id >= 9599146) AND (id <= 9600145))

table 6 : explain SELECT DISTINCT c FROM sbtest6 WHERE id BETWEEN 4795762 AND 4796761 ORDER BY c
	Unique  (cost=4077.74..4082.93 rows=1039 width=121)
	  ->  Sort  (cost=4077.74..4080.34 rows=1039 width=121)
	        Sort Key: c
	        ->  Bitmap Heap Scan on sbtest6  (cost=35.08..4025.68 rows=1039 width=121)
	              Recheck Cond: ((id >= 4795762) AND (id <= 4796761))
	              ->  Bitmap Index Scan on sbtest6_pkey  (cost=0.00..34.83 rows=1039 width=0)
	                    Index Cond: ((id >= 4795762) AND (id <= 4796761))

table 7 : explain SELECT DISTINCT c FROM sbtest7 WHERE id BETWEEN 8134365 AND 8135364 ORDER BY c
	Unique  (cost=3966.92..3971.98 rows=1011 width=121)
	  ->  Sort  (cost=3966.92..3969.45 rows=1011 width=121)
	        Sort Key: c
	        ->  Bitmap Heap Scan on sbtest7  (cost=30.80..3916.47 rows=1011 width=121)
	              Recheck Cond: ((id >= 8134365) AND (id <= 8135364))
	              ->  Bitmap Index Scan on sbtest7_pkey  (cost=0.00..30.54 rows=1011 width=0)
	                    Index Cond: ((id >= 8134365) AND (id <= 8135364))

table 8 : explain SELECT DISTINCT c FROM sbtest8 WHERE id BETWEEN 3842669 AND 3843668 ORDER BY c
	Unique  (cost=3748.36..3753.13 rows=954 width=121)
	  ->  Sort  (cost=3748.36..3750.75 rows=954 width=121)
	        Sort Key: c
	        ->  Bitmap Heap Scan on sbtest8  (cost=30.21..3701.15 rows=954 width=121)
	              Recheck Cond: ((id >= 3842669) AND (id <= 3843668))
	              ->  Bitmap Index Scan on sbtest8_pkey  (cost=0.00..29.97 rows=954 width=0)
	                    Index Cond: ((id >= 3842669) AND (id <= 3843668))

for: simple_ranges
table 1 : explain SELECT c FROM sbtest1 WHERE id BETWEEN 812932 AND 813931
	Bitmap Heap Scan on sbtest1  (cost=30.47..3795.53 rows=979 width=121)
	  Recheck Cond: ((id >= 812932) AND (id <= 813931))
	  ->  Bitmap Index Scan on sbtest1_pkey  (cost=0.00..30.22 rows=979 width=0)
	        Index Cond: ((id >= 812932) AND (id <= 813931))

table 2 : explain SELECT c FROM sbtest2 WHERE id BETWEEN 7641169 AND 7642168
	Bitmap Heap Scan on sbtest2  (cost=30.90..3954.15 rows=1021 width=121)
	  Recheck Cond: ((id >= 7641169) AND (id <= 7642168))
	  ->  Bitmap Index Scan on sbtest2_pkey  (cost=0.00..30.64 rows=1021 width=0)
	        Index Cond: ((id >= 7641169) AND (id <= 7642168))

table 3 : explain SELECT c FROM sbtest3 WHERE id BETWEEN 5178638 AND 5179637
	Bitmap Heap Scan on sbtest3  (cost=35.63..4225.37 rows=1092 width=121)
	  Recheck Cond: ((id >= 5178638) AND (id <= 5179637))
	  ->  Bitmap Index Scan on sbtest3_pkey  (cost=0.00..35.36 rows=1092 width=0)
	        Index Cond: ((id >= 5178638) AND (id <= 5179637))

table 4 : explain SELECT c FROM sbtest4 WHERE id BETWEEN 5554155 AND 5555154
	Bitmap Heap Scan on sbtest4  (cost=30.98..3984.61 rows=1029 width=121)
	  Recheck Cond: ((id >= 5554155) AND (id <= 5555154))
	  ->  Bitmap Index Scan on sbtest4_pkey  (cost=0.00..30.72 rows=1029 width=0)
	        Index Cond: ((id >= 5554155) AND (id <= 5555154))

table 5 : explain SELECT c FROM sbtest5 WHERE id BETWEEN 4433383 AND 4434382
	Bitmap Heap Scan on sbtest5  (cost=30.43..3780.51 rows=975 width=121)
	  Recheck Cond: ((id >= 4433383) AND (id <= 4434382))
	  ->  Bitmap Index Scan on sbtest5_pkey  (cost=0.00..30.18 rows=975 width=0)
	        Index Cond: ((id >= 4433383) AND (id <= 4434382))

table 6 : explain SELECT c FROM sbtest6 WHERE id BETWEEN 2112604 AND 2113603
	Bitmap Heap Scan on sbtest6  (cost=34.93..3969.12 rows=1024 width=121)
	  Recheck Cond: ((id >= 2112604) AND (id <= 2113603))
	  ->  Bitmap Index Scan on sbtest6_pkey  (cost=0.00..34.68 rows=1024 width=0)
	        Index Cond: ((id >= 2112604) AND (id <= 2113603))

table 7 : explain SELECT c FROM sbtest7 WHERE id BETWEEN 9777579 AND 9778578
	Bitmap Heap Scan on sbtest7  (cost=30.56..3829.64 rows=988 width=121)
	  Recheck Cond: ((id >= 9777579) AND (id <= 9778578))
	  ->  Bitmap Index Scan on sbtest7_pkey  (cost=0.00..30.32 rows=988 width=0)
	        Index Cond: ((id >= 9777579) AND (id <= 9778578))

table 8 : explain SELECT c FROM sbtest8 WHERE id BETWEEN 1949027 AND 1950026
	Bitmap Heap Scan on sbtest8  (cost=30.47..3795.63 rows=979 width=121)
	  Recheck Cond: ((id >= 1949027) AND (id <= 1950026))
	  ->  Bitmap Index Scan on sbtest8_pkey  (cost=0.00..30.22 rows=979 width=0)
	        Index Cond: ((id >= 1949027) AND (id <= 1950026))

for: order_ranges
table 1 : explain SELECT c FROM sbtest1 WHERE id BETWEEN 8944501 AND 8945500 ORDER BY c
	Sort  (cost=3863.34..3865.80 rows=984 width=121)
	  Sort Key: c
	  ->  Bitmap Heap Scan on sbtest1  (cost=30.52..3814.42 rows=984 width=121)
	        Recheck Cond: ((id >= 8944501) AND (id <= 8945500))
	        ->  Bitmap Index Scan on sbtest1_pkey  (cost=0.00..30.27 rows=984 width=0)
	              Index Cond: ((id >= 8944501) AND (id <= 8945500))

table 2 : explain SELECT c FROM sbtest2 WHERE id BETWEEN 2134522 AND 2135521 ORDER BY c
	Sort  (cost=3943.89..3946.40 rows=1005 width=121)
	  Sort Key: c
	  ->  Bitmap Heap Scan on sbtest2  (cost=30.74..3893.78 rows=1005 width=121)
	        Recheck Cond: ((id >= 2134522) AND (id <= 2135521))
	        ->  Bitmap Index Scan on sbtest2_pkey  (cost=0.00..30.48 rows=1005 width=0)
	              Index Cond: ((id >= 2134522) AND (id <= 2135521))

table 3 : explain SELECT c FROM sbtest3 WHERE id BETWEEN 9468076 AND 9469075 ORDER BY c
	Sort  (cost=4681.13..4684.12 rows=1198 width=121)
	  Sort Key: c
	  ->  Bitmap Heap Scan on sbtest3  (cost=36.71..4619.87 rows=1198 width=121)
	        Recheck Cond: ((id >= 9468076) AND (id <= 9469075))
	        ->  Bitmap Index Scan on sbtest3_pkey  (cost=0.00..36.42 rows=1198 width=0)
	              Index Cond: ((id >= 9468076) AND (id <= 9469075))

table 4 : explain SELECT c FROM sbtest4 WHERE id BETWEEN 1122742 AND 1123741 ORDER BY c
	Sort  (cost=4288.73..4291.46 rows=1094 width=121)
	  Sort Key: c
	  ->  Bitmap Heap Scan on sbtest4  (cost=35.65..4233.51 rows=1094 width=121)
	        Recheck Cond: ((id >= 1122742) AND (id <= 1123741))
	        ->  Bitmap Index Scan on sbtest4_pkey  (cost=0.00..35.38 rows=1094 width=0)
	              Index Cond: ((id >= 1122742) AND (id <= 1123741))

table 5 : explain SELECT c FROM sbtest5 WHERE id BETWEEN 2185248 AND 2186247 ORDER BY c
	Sort  (cost=3982.21..3984.75 rows=1015 width=121)
	  Sort Key: c
	  ->  Bitmap Heap Scan on sbtest5  (cost=30.84..3931.53 rows=1015 width=121)
	        Recheck Cond: ((id >= 2185248) AND (id <= 2186247))
	        ->  Bitmap Index Scan on sbtest5_pkey  (cost=0.00..30.58 rows=1015 width=0)
	              Index Cond: ((id >= 2185248) AND (id <= 2186247))

table 6 : explain SELECT c FROM sbtest6 WHERE id BETWEEN 1041415 AND 1042414 ORDER BY c
	Sort  (cost=4177.20..4179.86 rows=1065 width=121)
	  Sort Key: c
	  ->  Bitmap Heap Scan on sbtest6  (cost=35.35..4123.65 rows=1065 width=121)
	        Recheck Cond: ((id >= 1041415) AND (id <= 1042414))
	        ->  Bitmap Index Scan on sbtest6_pkey  (cost=0.00..35.09 rows=1065 width=0)
	              Index Cond: ((id >= 1041415) AND (id <= 1042414))

table 7 : explain SELECT c FROM sbtest7 WHERE id BETWEEN 8830707 AND 8831706 ORDER BY c
	Sort  (cost=3809.77..3812.19 rows=970 width=121)
	  Sort Key: c
	  ->  Bitmap Heap Scan on sbtest7  (cost=30.38..3761.65 rows=970 width=121)
	        Recheck Cond: ((id >= 8830707) AND (id <= 8831706))
	        ->  Bitmap Index Scan on sbtest7_pkey  (cost=0.00..30.14 rows=970 width=0)
	              Index Cond: ((id >= 8830707) AND (id <= 8831706))

table 8 : explain SELECT c FROM sbtest8 WHERE id BETWEEN 2499118 AND 2500117 ORDER BY c
	Sort  (cost=3414.05..3416.21 rows=867 width=121)
	  Sort Key: c
	  ->  Bitmap Heap Scan on sbtest8  (cost=29.32..3371.74 rows=867 width=121)
	        Recheck Cond: ((id >= 2499118) AND (id <= 2500117))
	        ->  Bitmap Index Scan on sbtest8_pkey  (cost=0.00..29.11 rows=867 width=0)
	              Index Cond: ((id >= 2499118) AND (id <= 2500117))

for: simple_ranges
table 1 : explain SELECT c FROM sbtest1 WHERE id BETWEEN 683966 AND 684965
	Bitmap Heap Scan on sbtest1  (cost=30.99..3988.02 rows=1030 width=121)
	  Recheck Cond: ((id >= 683966) AND (id <= 684965))
	  ->  Bitmap Index Scan on sbtest1_pkey  (cost=0.00..30.73 rows=1030 width=0)
	        Index Cond: ((id >= 683966) AND (id <= 684965))

table 2 : explain SELECT c FROM sbtest2 WHERE id BETWEEN 8508575 AND 8509574
	Bitmap Heap Scan on sbtest2  (cost=30.04..3636.84 rows=937 width=121)
	  Recheck Cond: ((id >= 8508575) AND (id <= 8509574))
	  ->  Bitmap Index Scan on sbtest2_pkey  (cost=0.00..29.80 rows=937 width=0)
	        Index Cond: ((id >= 8508575) AND (id <= 8509574))

table 3 : explain SELECT c FROM sbtest3 WHERE id BETWEEN 654867 AND 655866
	Bitmap Heap Scan on sbtest3  (cost=30.15..3678.20 rows=948 width=121)
	  Recheck Cond: ((id >= 654867) AND (id <= 655866))
	  ->  Bitmap Index Scan on sbtest3_pkey  (cost=0.00..29.91 rows=948 width=0)
	        Index Cond: ((id >= 654867) AND (id <= 655866))

table 4 : explain SELECT c FROM sbtest4 WHERE id BETWEEN 3854729 AND 3855728
	Bitmap Heap Scan on sbtest4  (cost=30.66..3867.63 rows=998 width=121)
	  Recheck Cond: ((id >= 3854729) AND (id <= 3855728))
	  ->  Bitmap Index Scan on sbtest4_pkey  (cost=0.00..30.41 rows=998 width=0)
	        Index Cond: ((id >= 3854729) AND (id <= 3855728))

table 5 : explain SELECT c FROM sbtest5 WHERE id BETWEEN 7213874 AND 7214873
	Bitmap Heap Scan on sbtest5  (cost=30.45..3788.06 rows=977 width=121)
	  Recheck Cond: ((id >= 7213874) AND (id <= 7214873))
	  ->  Bitmap Index Scan on sbtest5_pkey  (cost=0.00..30.20 rows=977 width=0)
	        Index Cond: ((id >= 7213874) AND (id <= 7214873))

table 6 : explain SELECT c FROM sbtest6 WHERE id BETWEEN 9361145 AND 9362144
	Bitmap Heap Scan on sbtest6  (cost=29.82..3557.08 rows=916 width=121)
	  Recheck Cond: ((id >= 9361145) AND (id <= 9362144))
	  ->  Bitmap Index Scan on sbtest6_pkey  (cost=0.00..29.59 rows=916 width=0)
	        Index Cond: ((id >= 9361145) AND (id <= 9362144))

table 7 : explain SELECT c FROM sbtest7 WHERE id BETWEEN 516006 AND 517005
	Bitmap Heap Scan on sbtest7  (cost=35.03..4007.22 rows=1034 width=121)
	  Recheck Cond: ((id >= 516006) AND (id <= 517005))
	  ->  Bitmap Index Scan on sbtest7_pkey  (cost=0.00..34.78 rows=1034 width=0)
	        Index Cond: ((id >= 516006) AND (id <= 517005))

table 8 : explain SELECT c FROM sbtest8 WHERE id BETWEEN 5360768 AND 5361767
	Bitmap Heap Scan on sbtest8  (cost=29.76..3534.68 rows=910 width=121)
	  Recheck Cond: ((id >= 5360768) AND (id <= 5361767))
	  ->  Bitmap Index Scan on sbtest8_pkey  (cost=0.00..29.54 rows=910 width=0)
	        Index Cond: ((id >= 5360768) AND (id <= 5361767))

for point_selects
table 1 : explain SELECT c FROM sbtest1 WHERE id=5210912
	Index Scan using sbtest1_pkey on sbtest1  (cost=0.43..8.45 rows=1 width=121)
	  Index Cond: (id = 5210912)

table 2 : explain SELECT c FROM sbtest2 WHERE id=1484412
	Index Scan using sbtest2_pkey on sbtest2  (cost=0.43..8.45 rows=1 width=121)
	  Index Cond: (id = 1484412)

table 3 : explain SELECT c FROM sbtest3 WHERE id=9529677
	Index Scan using sbtest3_pkey on sbtest3  (cost=0.43..8.45 rows=1 width=121)
	  Index Cond: (id = 9529677)

table 4 : explain SELECT c FROM sbtest4 WHERE id=9220823
	Index Scan using sbtest4_pkey on sbtest4  (cost=0.43..8.45 rows=1 width=121)
	  Index Cond: (id = 9220823)

table 5 : explain SELECT c FROM sbtest5 WHERE id=7688504
	Index Scan using sbtest5_pkey on sbtest5  (cost=0.43..8.45 rows=1 width=121)
	  Index Cond: (id = 7688504)

table 6 : explain SELECT c FROM sbtest6 WHERE id=2099330
	Index Scan using sbtest6_pkey on sbtest6  (cost=0.43..8.45 rows=1 width=121)
	  Index Cond: (id = 2099330)

table 7 : explain SELECT c FROM sbtest7 WHERE id=7532461
	Index Scan using sbtest7_pkey on sbtest7  (cost=0.43..8.45 rows=1 width=121)
	  Index Cond: (id = 7532461)

table 8 : explain SELECT c FROM sbtest8 WHERE id=4338649
	Index Scan using sbtest8_pkey on sbtest8  (cost=0.43..8.45 rows=1 width=121)
	  Index Cond: (id = 4338649)

for: distinct_ranges
table 1 : explain SELECT DISTINCT c FROM sbtest1 WHERE id BETWEEN 6880359 AND 6881358 ORDER BY c
	Unique  (cost=3821.16..3826.02 rows=973 width=121)
	  ->  Sort  (cost=3821.16..3823.59 rows=973 width=121)
	        Sort Key: c
	        ->  Bitmap Heap Scan on sbtest1  (cost=30.41..3772.87 rows=973 width=121)
	              Recheck Cond: ((id >= 6880359) AND (id <= 6881358))
	              ->  Bitmap Index Scan on sbtest1_pkey  (cost=0.00..30.16 rows=973 width=0)
	                    Index Cond: ((id >= 6880359) AND (id <= 6881358))

table 2 : explain SELECT DISTINCT c FROM sbtest2 WHERE id BETWEEN 6839727 AND 6840726 ORDER BY c
	Unique  (cost=3874.91..3879.84 rows=987 width=121)
	  ->  Sort  (cost=3874.91..3877.37 rows=987 width=121)
	        Sort Key: c
	        ->  Bitmap Heap Scan on sbtest2  (cost=30.55..3825.82 rows=987 width=121)
	              Recheck Cond: ((id >= 6839727) AND (id <= 6840726))
	              ->  Bitmap Index Scan on sbtest2_pkey  (cost=0.00..30.30 rows=987 width=0)
	                    Index Cond: ((id >= 6839727) AND (id <= 6840726))

table 3 : explain SELECT DISTINCT c FROM sbtest3 WHERE id BETWEEN 1799210 AND 1800209 ORDER BY c
	Unique  (cost=3893.82..3898.78 rows=992 width=121)
	  ->  Sort  (cost=3893.82..3896.30 rows=992 width=121)
	        Sort Key: c
	        ->  Bitmap Heap Scan on sbtest3  (cost=30.60..3844.44 rows=992 width=121)
	              Recheck Cond: ((id >= 1799210) AND (id <= 1800209))
	              ->  Bitmap Index Scan on sbtest3_pkey  (cost=0.00..30.36 rows=992 width=0)
	                    Index Cond: ((id >= 1799210) AND (id <= 1800209))

table 4 : explain SELECT DISTINCT c FROM sbtest4 WHERE id BETWEEN 6182774 AND 6183773 ORDER BY c
	Unique  (cost=4326.94..4332.46 rows=1104 width=121)
	  ->  Sort  (cost=4326.94..4329.70 rows=1104 width=121)
	        Sort Key: c
	        ->  Bitmap Heap Scan on sbtest4  (cost=35.75..4271.14 rows=1104 width=121)
	              Recheck Cond: ((id >= 6182774) AND (id <= 6183773))
	              ->  Bitmap Index Scan on sbtest4_pkey  (cost=0.00..35.48 rows=1104 width=0)
	                    Index Cond: ((id >= 6182774) AND (id <= 6183773))

table 5 : explain SELECT DISTINCT c FROM sbtest5 WHERE id BETWEEN 8797098 AND 8798097 ORDER BY c
	Unique  (cost=3660.06..3664.72 rows=931 width=121)
	  ->  Sort  (cost=3660.06..3662.39 rows=931 width=121)
	        Sort Key: c
	        ->  Bitmap Heap Scan on sbtest5  (cost=29.98..3614.15 rows=931 width=121)
	              Recheck Cond: ((id >= 8797098) AND (id <= 8798097))
	              ->  Bitmap Index Scan on sbtest5_pkey  (cost=0.00..29.75 rows=931 width=0)
	                    Index Cond: ((id >= 8797098) AND (id <= 8798097))

table 6 : explain SELECT DISTINCT c FROM sbtest6 WHERE id BETWEEN 2323115 AND 2324114 ORDER BY c
	Unique  (cost=4085.39..4090.60 rows=1041 width=121)
	  ->  Sort  (cost=4085.39..4088.00 rows=1041 width=121)
	        Sort Key: c
	        ->  Bitmap Heap Scan on sbtest6  (cost=35.11..4033.22 rows=1041 width=121)
	              Recheck Cond: ((id >= 2323115) AND (id <= 2324114))
	              ->  Bitmap Index Scan on sbtest6_pkey  (cost=0.00..34.84 rows=1041 width=0)
	                    Index Cond: ((id >= 2323115) AND (id <= 2324114))

table 7 : explain SELECT DISTINCT c FROM sbtest7 WHERE id BETWEEN 8907897 AND 8908896 ORDER BY c
	Unique  (cost=3710.00..3714.72 rows=944 width=121)
	  ->  Sort  (cost=3710.00..3712.36 rows=944 width=121)
	        Sort Key: c
	        ->  Bitmap Heap Scan on sbtest7  (cost=30.11..3663.36 rows=944 width=121)
	              Recheck Cond: ((id >= 8907897) AND (id <= 8908896))
	              ->  Bitmap Index Scan on sbtest7_pkey  (cost=0.00..29.87 rows=944 width=0)
	                    Index Cond: ((id >= 8907897) AND (id <= 8908896))

table 8 : explain SELECT DISTINCT c FROM sbtest8 WHERE id BETWEEN 6678505 AND 6679504 ORDER BY c
	Unique  (cost=4051.32..4056.48 rows=1032 width=121)
	  ->  Sort  (cost=4051.32..4053.90 rows=1032 width=121)
	        Sort Key: c
	        ->  Bitmap Heap Scan on sbtest8  (cost=35.01..3999.66 rows=1032 width=121)
	              Recheck Cond: ((id >= 6678505) AND (id <= 6679504))
	              ->  Bitmap Index Scan on sbtest8_pkey  (cost=0.00..34.76 rows=1032 width=0)
	                    Index Cond: ((id >= 6678505) AND (id <= 6679504))

for: simple_ranges
table 1 : explain SELECT c FROM sbtest1 WHERE id BETWEEN 5603981 AND 5604980
	Bitmap Heap Scan on sbtest1  (cost=30.96..3976.70 rows=1027 width=121)
	  Recheck Cond: ((id >= 5603981) AND (id <= 5604980))
	  ->  Bitmap Index Scan on sbtest1_pkey  (cost=0.00..30.70 rows=1027 width=0)
	        Index Cond: ((id >= 5603981) AND (id <= 5604980))

table 2 : explain SELECT c FROM sbtest2 WHERE id BETWEEN 8078668 AND 8079667
	Bitmap Heap Scan on sbtest2  (cost=35.99..4357.32 rows=1127 width=121)
	  Recheck Cond: ((id >= 8078668) AND (id <= 8079667))
	  ->  Bitmap Index Scan on sbtest2_pkey  (cost=0.00..35.70 rows=1127 width=0)
	        Index Cond: ((id >= 8078668) AND (id <= 8079667))

table 3 : explain SELECT c FROM sbtest3 WHERE id BETWEEN 8487282 AND 8488281
	Bitmap Heap Scan on sbtest3  (cost=31.09..4025.52 rows=1040 width=121)
	  Recheck Cond: ((id >= 8487282) AND (id <= 8488281))
	  ->  Bitmap Index Scan on sbtest3_pkey  (cost=0.00..30.83 rows=1040 width=0)
	        Index Cond: ((id >= 8487282) AND (id <= 8488281))

table 4 : explain SELECT c FROM sbtest4 WHERE id BETWEEN 4908188 AND 4909187
	Bitmap Heap Scan on sbtest4  (cost=30.15..3678.70 rows=948 width=121)
	  Recheck Cond: ((id >= 4908188) AND (id <= 4909187))
	  ->  Bitmap Index Scan on sbtest4_pkey  (cost=0.00..29.91 rows=948 width=0)
	        Index Cond: ((id >= 4908188) AND (id <= 4909187))

table 5 : explain SELECT c FROM sbtest5 WHERE id BETWEEN 4145103 AND 4146102
	Bitmap Heap Scan on sbtest5  (cost=31.16..4048.43 rows=1046 width=121)
	  Recheck Cond: ((id >= 4145103) AND (id <= 4146102))
	  ->  Bitmap Index Scan on sbtest5_pkey  (cost=0.00..30.89 rows=1046 width=0)
	        Index Cond: ((id >= 4145103) AND (id <= 4146102))

table 6 : explain SELECT c FROM sbtest6 WHERE id BETWEEN 4900528 AND 4901527
	Bitmap Heap Scan on sbtest6  (cost=30.45..3787.73 rows=977 width=121)
	  Recheck Cond: ((id >= 4900528) AND (id <= 4901527))
	  ->  Bitmap Index Scan on sbtest6_pkey  (cost=0.00..30.20 rows=977 width=0)
	        Index Cond: ((id >= 4900528) AND (id <= 4901527))

table 7 : explain SELECT c FROM sbtest7 WHERE id BETWEEN 1117354 AND 1118353
	Bitmap Heap Scan on sbtest7  (cost=30.37..3757.87 rows=969 width=121)
	  Recheck Cond: ((id >= 1117354) AND (id <= 1118353))
	  ->  Bitmap Index Scan on sbtest7_pkey  (cost=0.00..30.12 rows=969 width=0)
	        Index Cond: ((id >= 1117354) AND (id <= 1118353))

table 8 : explain SELECT c FROM sbtest8 WHERE id BETWEEN 1937182 AND 1938181
	Bitmap Heap Scan on sbtest8  (cost=30.47..3795.63 rows=979 width=121)
	  Recheck Cond: ((id >= 1937182) AND (id <= 1938181))
	  ->  Bitmap Index Scan on sbtest8_pkey  (cost=0.00..30.22 rows=979 width=0)
	        Index Cond: ((id >= 1937182) AND (id <= 1938181))

explain: for point_selects :: explain SELECT c FROM sbtest%u WHERE id=%u
for: distinct_ranges
table 1 : explain SELECT DISTINCT c FROM sbtest1 WHERE id BETWEEN 4675130 AND 4676129 ORDER BY c
	Unique  (cost=3606.21..3610.80 rows=917 width=121)
	  ->  Sort  (cost=3606.21..3608.50 rows=917 width=121)
	        Sort Key: c
	        ->  Bitmap Heap Scan on sbtest1  (cost=29.83..3561.09 rows=917 width=121)
	              Recheck Cond: ((id >= 4675130) AND (id <= 4676129))
	              ->  Bitmap Index Scan on sbtest1_pkey  (cost=0.00..29.61 rows=917 width=0)
	                    Index Cond: ((id >= 4675130) AND (id <= 4676129))

table 2 : explain SELECT DISTINCT c FROM sbtest2 WHERE id BETWEEN 5060890 AND 5061889 ORDER BY c
	Unique  (cost=3725.31..3730.05 rows=948 width=121)
	  ->  Sort  (cost=3725.31..3727.68 rows=948 width=121)
	        Sort Key: c
	        ->  Bitmap Heap Scan on sbtest2  (cost=30.15..3678.44 rows=948 width=121)
	              Recheck Cond: ((id >= 5060890) AND (id <= 5061889))
	              ->  Bitmap Index Scan on sbtest2_pkey  (cost=0.00..29.91 rows=948 width=0)
	                    Index Cond: ((id >= 5060890) AND (id <= 5061889))

table 3 : explain SELECT DISTINCT c FROM sbtest3 WHERE id BETWEEN 4664880 AND 4665879 ORDER BY c
	Unique  (cost=4188.74..4194.08 rows=1068 width=121)
	  ->  Sort  (cost=4188.74..4191.41 rows=1068 width=121)
	        Sort Key: c
	        ->  Bitmap Heap Scan on sbtest3  (cost=35.38..4135.02 rows=1068 width=121)
	              Recheck Cond: ((id >= 4664880) AND (id <= 4665879))
	              ->  Bitmap Index Scan on sbtest3_pkey  (cost=0.00..35.12 rows=1068 width=0)
	                    Index Cond: ((id >= 4664880) AND (id <= 4665879))

table 4 : explain SELECT DISTINCT c FROM sbtest4 WHERE id BETWEEN 5056676 AND 5057675 ORDER BY c
	Unique  (cost=3813.82..3818.68 rows=971 width=121)
	  ->  Sort  (cost=3813.82..3816.25 rows=971 width=121)
	        Sort Key: c
	        ->  Bitmap Heap Scan on sbtest4  (cost=30.39..3765.64 rows=971 width=121)
	              Recheck Cond: ((id >= 5056676) AND (id <= 5057675))
	              ->  Bitmap Index Scan on sbtest4_pkey  (cost=0.00..30.14 rows=971 width=0)
	                    Index Cond: ((id >= 5056676) AND (id <= 5057675))

table 5 : explain SELECT DISTINCT c FROM sbtest5 WHERE id BETWEEN 8994267 AND 8995266 ORDER BY c
	Unique  (cost=3982.21..3987.29 rows=1015 width=121)
	  ->  Sort  (cost=3982.21..3984.75 rows=1015 width=121)
	        Sort Key: c
	        ->  Bitmap Heap Scan on sbtest5  (cost=30.84..3931.53 rows=1015 width=121)
	              Recheck Cond: ((id >= 8994267) AND (id <= 8995266))
	              ->  Bitmap Index Scan on sbtest5_pkey  (cost=0.00..30.58 rows=1015 width=0)
	                    Index Cond: ((id >= 8994267) AND (id <= 8995266))

table 6 : explain SELECT DISTINCT c FROM sbtest6 WHERE id BETWEEN 4896470 AND 4897469 ORDER BY c
	Unique  (cost=3836.25..3841.14 rows=977 width=121)
	  ->  Sort  (cost=3836.25..3838.69 rows=977 width=121)
	        Sort Key: c
	        ->  Bitmap Heap Scan on sbtest6  (cost=30.45..3787.73 rows=977 width=121)
	              Recheck Cond: ((id >= 4896470) AND (id <= 4897469))
	              ->  Bitmap Index Scan on sbtest6_pkey  (cost=0.00..30.20 rows=977 width=0)
	                    Index Cond: ((id >= 4896470) AND (id <= 4897469))

table 7 : explain SELECT DISTINCT c FROM sbtest7 WHERE id BETWEEN 5036143 AND 5037142 ORDER BY c
	Unique  (cost=3947.77..3952.80 rows=1006 width=121)
	  ->  Sort  (cost=3947.77..3950.28 rows=1006 width=121)
	        Sort Key: c
	        ->  Bitmap Heap Scan on sbtest7  (cost=30.75..3897.60 rows=1006 width=121)
	              Recheck Cond: ((id >= 5036143) AND (id <= 5037142))
	              ->  Bitmap Index Scan on sbtest7_pkey  (cost=0.00..30.50 rows=1006 width=0)
	                    Index Cond: ((id >= 5036143) AND (id <= 5037142))

table 8 : explain SELECT DISTINCT c FROM sbtest8 WHERE id BETWEEN 9149989 AND 9150988 ORDER BY c
	Unique  (cost=4081.94..4087.14 rows=1040 width=121)
	  ->  Sort  (cost=4081.94..4084.54 rows=1040 width=121)
	        Sort Key: c
	        ->  Bitmap Heap Scan on sbtest8  (cost=35.09..4029.82 rows=1040 width=121)
	              Recheck Cond: ((id >= 9149989) AND (id <= 9150988))
	              ->  Bitmap Index Scan on sbtest8_pkey  (cost=0.00..34.84 rows=1040 width=0)
	                    Index Cond: ((id >= 9149989) AND (id <= 9150988))

explain: for point_selects :: explain SELECT c FROM sbtest%u WHERE id=%u
explain: for point_selects :: explain SELECT c FROM sbtest%u WHERE id=%u
for: sum_ranges
table 1 : explain SELECT SUM(k) FROM sbtest1 WHERE id BETWEEN 3524960 AND 3525959
	Aggregate  (cost=4062.27..4062.28 rows=1 width=8)
	  ->  Bitmap Heap Scan on sbtest1  (cost=31.19..4059.64 rows=1049 width=4)
	        Recheck Cond: ((id >= 3524960) AND (id <= 3525959))
	        ->  Bitmap Index Scan on sbtest1_pkey  (cost=0.00..30.93 rows=1049 width=0)
	              Index Cond: ((id >= 3524960) AND (id <= 3525959))

table 2 : explain SELECT SUM(k) FROM sbtest2 WHERE id BETWEEN 6572861 AND 6573860
	Aggregate  (cost=3832.07..3832.08 rows=1 width=8)
	  ->  Bitmap Heap Scan on sbtest2  (cost=30.56..3829.60 rows=988 width=4)
	        Recheck Cond: ((id >= 6572861) AND (id <= 6573860))
	        ->  Bitmap Index Scan on sbtest2_pkey  (cost=0.00..30.32 rows=988 width=0)
	              Index Cond: ((id >= 6572861) AND (id <= 6573860))

table 3 : explain SELECT SUM(k) FROM sbtest3 WHERE id BETWEEN 7215329 AND 7216328
	Aggregate  (cost=4450.09..4450.10 rows=1 width=8)
	  ->  Bitmap Heap Scan on sbtest3  (cost=36.24..4447.21 rows=1152 width=4)
	        Recheck Cond: ((id >= 7215329) AND (id <= 7216328))
	        ->  Bitmap Index Scan on sbtest3_pkey  (cost=0.00..35.95 rows=1152 width=0)
	              Index Cond: ((id >= 7215329) AND (id <= 7216328))

table 4 : explain SELECT SUM(k) FROM sbtest4 WHERE id BETWEEN 8151753 AND 8152752
	Aggregate  (cost=3824.78..3824.79 rows=1 width=8)
	  ->  Bitmap Heap Scan on sbtest4  (cost=30.54..3822.31 rows=986 width=4)
	        Recheck Cond: ((id >= 8151753) AND (id <= 8152752))
	        ->  Bitmap Index Scan on sbtest4_pkey  (cost=0.00..30.29 rows=986 width=0)
	              Index Cond: ((id >= 8151753) AND (id <= 8152752))

table 5 : explain SELECT SUM(k) FROM sbtest5 WHERE id BETWEEN 3270051 AND 3271050
	Aggregate  (cost=3994.46..3994.47 rows=1 width=8)
	  ->  Bitmap Heap Scan on sbtest5  (cost=31.00..3991.88 rows=1031 width=4)
	        Recheck Cond: ((id >= 3270051) AND (id <= 3271050))
	        ->  Bitmap Index Scan on sbtest5_pkey  (cost=0.00..30.75 rows=1031 width=0)
	              Index Cond: ((id >= 3270051) AND (id <= 3271050))

table 6 : explain SELECT SUM(k) FROM sbtest6 WHERE id BETWEEN 3845225 AND 3846224
	Aggregate  (cost=3949.04..3949.05 rows=1 width=8)
	  ->  Bitmap Heap Scan on sbtest6  (cost=34.87..3946.49 rows=1018 width=4)
	        Recheck Cond: ((id >= 3845225) AND (id <= 3846224))
	        ->  Bitmap Index Scan on sbtest6_pkey  (cost=0.00..34.62 rows=1018 width=0)
	              Index Cond: ((id >= 3845225) AND (id <= 3846224))

table 7 : explain SELECT SUM(k) FROM sbtest7 WHERE id BETWEEN 2812417 AND 2813416
	Aggregate  (cost=3582.43..3582.44 rows=1 width=8)
	  ->  Bitmap Heap Scan on sbtest7  (cost=29.89..3580.12 rows=922 width=4)
	        Recheck Cond: ((id >= 2812417) AND (id <= 2813416))
	        ->  Bitmap Index Scan on sbtest7_pkey  (cost=0.00..29.65 rows=922 width=0)
	              Index Cond: ((id >= 2812417) AND (id <= 2813416))

table 8 : explain SELECT SUM(k) FROM sbtest8 WHERE id BETWEEN 4964291 AND 4965290
	Aggregate  (cost=4032.42..4032.43 rows=1 width=8)
	  ->  Bitmap Heap Scan on sbtest8  (cost=35.09..4029.82 rows=1040 width=4)
	        Recheck Cond: ((id >= 4964291) AND (id <= 4965290))
	        ->  Bitmap Index Scan on sbtest8_pkey  (cost=0.00..34.84 rows=1040 width=0)
	              Index Cond: ((id >= 4964291) AND (id <= 4965290))

for: sum_ranges
table 1 : explain SELECT SUM(k) FROM sbtest1 WHERE id BETWEEN 4819167 AND 4820166
	Aggregate  (cost=3426.94..3426.95 rows=1 width=8)
	  ->  Bitmap Heap Scan on sbtest1  (cost=29.47..3424.73 rows=881 width=4)
	        Recheck Cond: ((id >= 4819167) AND (id <= 4820166))
	        ->  Bitmap Index Scan on sbtest1_pkey  (cost=0.00..29.25 rows=881 width=0)
	              Index Cond: ((id >= 4819167) AND (id <= 4820166))

table 2 : explain SELECT SUM(k) FROM sbtest2 WHERE id BETWEEN 5548207 AND 5549206
	Aggregate  (cost=3347.32..3347.33 rows=1 width=8)
	  ->  Bitmap Heap Scan on sbtest2  (cost=29.25..3345.17 rows=860 width=4)
	        Recheck Cond: ((id >= 5548207) AND (id <= 5549206))
	        ->  Bitmap Index Scan on sbtest2_pkey  (cost=0.00..29.04 rows=860 width=0)
	              Index Cond: ((id >= 5548207) AND (id <= 5549206))

table 3 : explain SELECT SUM(k) FROM sbtest3 WHERE id BETWEEN 9948033 AND 9949032
	Aggregate  (cost=4182.90..4182.91 rows=1 width=8)
	  ->  Bitmap Heap Scan on sbtest3  (cost=35.51..4180.20 rows=1080 width=4)
	        Recheck Cond: ((id >= 9948033) AND (id <= 9949032))
	        ->  Bitmap Index Scan on sbtest3_pkey  (cost=0.00..35.23 rows=1080 width=0)
	              Index Cond: ((id >= 9948033) AND (id <= 9949032))

table 4 : explain SELECT SUM(k) FROM sbtest4 WHERE id BETWEEN 5663288 AND 5664287
	Aggregate  (cost=3749.16..3749.17 rows=1 width=8)
	  ->  Bitmap Heap Scan on sbtest4  (cost=30.34..3746.75 rows=966 width=4)
	        Recheck Cond: ((id >= 5663288) AND (id <= 5664287))
	        ->  Bitmap Index Scan on sbtest4_pkey  (cost=0.00..30.09 rows=966 width=0)
	              Index Cond: ((id >= 5663288) AND (id <= 5664287))

table 5 : explain SELECT SUM(k) FROM sbtest5 WHERE id BETWEEN 1246589 AND 1247588
	Aggregate  (cost=3960.49..3960.50 rows=1 width=8)
	  ->  Bitmap Heap Scan on sbtest5  (cost=30.91..3957.93 rows=1022 width=4)
	        Recheck Cond: ((id >= 1246589) AND (id <= 1247588))
	        ->  Bitmap Index Scan on sbtest5_pkey  (cost=0.00..30.65 rows=1022 width=0)
	              Index Cond: ((id >= 1246589) AND (id <= 1247588))

table 6 : explain SELECT SUM(k) FROM sbtest6 WHERE id BETWEEN 60546 AND 61545
	Aggregate  (cost=3646.45..3646.46 rows=1 width=8)
	  ->  Bitmap Heap Scan on sbtest6  (cost=30.06..3644.11 rows=939 width=4)
	        Recheck Cond: ((id >= 60546) AND (id <= 61545))
	        ->  Bitmap Index Scan on sbtest6_pkey  (cost=0.00..29.82 rows=939 width=0)
	              Index Cond: ((id >= 60546) AND (id <= 61545))

table 7 : explain SELECT SUM(k) FROM sbtest7 WHERE id BETWEEN 4878150 AND 4879149
	Aggregate  (cost=3866.12..3866.13 rows=1 width=8)
	  ->  Bitmap Heap Scan on sbtest7  (cost=30.65..3863.62 rows=997 width=4)
	        Recheck Cond: ((id >= 4878150) AND (id <= 4879149))
	        ->  Bitmap Index Scan on sbtest7_pkey  (cost=0.00..30.40 rows=997 width=0)
	              Index Cond: ((id >= 4878150) AND (id <= 4879149))

table 8 : explain SELECT SUM(k) FROM sbtest8 WHERE id BETWEEN 2382721 AND 2383720
	Aggregate  (cost=3918.97..3918.98 rows=1 width=8)
	  ->  Bitmap Heap Scan on sbtest8  (cost=30.80..3916.44 rows=1011 width=4)
	        Recheck Cond: ((id >= 2382721) AND (id <= 2383720))
	        ->  Bitmap Index Scan on sbtest8_pkey  (cost=0.00..30.54 rows=1011 width=0)
	              Index Cond: ((id >= 2382721) AND (id <= 2383720))

for: sum_ranges
table 1 : explain SELECT SUM(k) FROM sbtest1 WHERE id BETWEEN 770264 AND 771263
	Aggregate  (cost=3468.65..3468.66 rows=1 width=8)
	  ->  Bitmap Heap Scan on sbtest1  (cost=29.58..3466.42 rows=892 width=4)
	        Recheck Cond: ((id >= 770264) AND (id <= 771263))
	        ->  Bitmap Index Scan on sbtest1_pkey  (cost=0.00..29.36 rows=892 width=0)
	              Index Cond: ((id >= 770264) AND (id <= 771263))

table 2 : explain SELECT SUM(k) FROM sbtest2 WHERE id BETWEEN 1485343 AND 1486342
	Aggregate  (cost=3764.03..3764.04 rows=1 width=8)
	  ->  Bitmap Heap Scan on sbtest2  (cost=30.38..3761.60 rows=970 width=4)
	        Recheck Cond: ((id >= 1485343) AND (id <= 1486342))
	        ->  Bitmap Index Scan on sbtest2_pkey  (cost=0.00..30.14 rows=970 width=0)
	              Index Cond: ((id >= 1485343) AND (id <= 1486342))

table 3 : explain SELECT SUM(k) FROM sbtest3 WHERE id BETWEEN 6452852 AND 6453851
	Aggregate  (cost=3914.91..3914.92 rows=1 width=8)
	  ->  Bitmap Heap Scan on sbtest3  (cost=30.79..3912.38 rows=1010 width=4)
	        Recheck Cond: ((id >= 6452852) AND (id <= 6453851))
	        ->  Bitmap Index Scan on sbtest3_pkey  (cost=0.00..30.54 rows=1010 width=0)
	              Index Cond: ((id >= 6452852) AND (id <= 6453851))

table 4 : explain SELECT SUM(k) FROM sbtest4 WHERE id BETWEEN 8042466 AND 8043465
	Aggregate  (cost=3707.55..3707.56 rows=1 width=8)
	  ->  Bitmap Heap Scan on sbtest4  (cost=30.22..3705.17 rows=955 width=4)
	        Recheck Cond: ((id >= 8042466) AND (id <= 8043465))
	        ->  Bitmap Index Scan on sbtest4_pkey  (cost=0.00..29.98 rows=955 width=0)
	              Index Cond: ((id >= 8042466) AND (id <= 8043465))

table 5 : explain SELECT SUM(k) FROM sbtest5 WHERE id BETWEEN 9071155 AND 9072154
	Aggregate  (cost=4085.21..4085.22 rows=1 width=8)
	  ->  Bitmap Heap Scan on sbtest5  (cost=35.24..4082.58 rows=1054 width=4)
	        Recheck Cond: ((id >= 9071155) AND (id <= 9072154))
	        ->  Bitmap Index Scan on sbtest5_pkey  (cost=0.00..34.98 rows=1054 width=0)
	              Index Cond: ((id >= 9071155) AND (id <= 9072154))

table 6 : explain SELECT SUM(k) FROM sbtest6 WHERE id BETWEEN 3718860 AND 3719859
	Aggregate  (cost=3786.40..3786.41 rows=1 width=8)
	  ->  Bitmap Heap Scan on sbtest6  (cost=30.44..3783.96 rows=976 width=4)
	        Recheck Cond: ((id >= 3718860) AND (id <= 3719859))
	        ->  Bitmap Index Scan on sbtest6_pkey  (cost=0.00..30.19 rows=976 width=0)
	              Index Cond: ((id >= 3718860) AND (id <= 3719859))

table 7 : explain SELECT SUM(k) FROM sbtest7 WHERE id BETWEEN 7209438 AND 7210437
	Aggregate  (cost=3748.94..3748.95 rows=1 width=8)
	  ->  Bitmap Heap Scan on sbtest7  (cost=30.34..3746.53 rows=966 width=4)
	        Recheck Cond: ((id >= 7209438) AND (id <= 7210437))
	        ->  Bitmap Index Scan on sbtest7_pkey  (cost=0.00..30.09 rows=966 width=0)
	              Index Cond: ((id >= 7209438) AND (id <= 7210437))

table 8 : explain SELECT SUM(k) FROM sbtest8 WHERE id BETWEEN 3311770 AND 3312769
	Aggregate  (cost=3571.05..3571.06 rows=1 width=8)
	  ->  Bitmap Heap Scan on sbtest8  (cost=29.85..3568.75 rows=919 width=4)
	        Recheck Cond: ((id >= 3311770) AND (id <= 3312769))
	        ->  Bitmap Index Scan on sbtest8_pkey  (cost=0.00..29.62 rows=919 width=0)
	              Index Cond: ((id >= 3311770) AND (id <= 3312769))

for: order_ranges
table 1 : explain SELECT c FROM sbtest1 WHERE id BETWEEN 4123108 AND 4124107 ORDER BY c
	Sort  (cost=3863.34..3865.80 rows=984 width=121)
	  Sort Key: c
	  ->  Bitmap Heap Scan on sbtest1  (cost=30.52..3814.42 rows=984 width=121)
	        Recheck Cond: ((id >= 4123108) AND (id <= 4124107))
	        ->  Bitmap Index Scan on sbtest1_pkey  (cost=0.00..30.27 rows=984 width=0)
	              Index Cond: ((id >= 4123108) AND (id <= 4124107))

table 2 : explain SELECT c FROM sbtest2 WHERE id BETWEEN 2677808 AND 2678807 ORDER BY c
	Sort  (cost=4005.17..4007.73 rows=1021 width=121)
	  Sort Key: c
	  ->  Bitmap Heap Scan on sbtest2  (cost=30.90..3954.15 rows=1021 width=121)
	        Recheck Cond: ((id >= 2677808) AND (id <= 2678807))
	        ->  Bitmap Index Scan on sbtest2_pkey  (cost=0.00..30.64 rows=1021 width=0)
	              Index Cond: ((id >= 2677808) AND (id <= 2678807))

table 3 : explain SELECT c FROM sbtest3 WHERE id BETWEEN 7881456 AND 7882455 ORDER BY c
	Sort  (cost=4356.87..4359.65 rows=1112 width=121)
	  Sort Key: c
	  ->  Bitmap Heap Scan on sbtest3  (cost=35.83..4300.61 rows=1112 width=121)
	        Recheck Cond: ((id >= 7881456) AND (id <= 7882455))
	        ->  Bitmap Index Scan on sbtest3_pkey  (cost=0.00..35.56 rows=1112 width=0)
	              Index Cond: ((id >= 7881456) AND (id <= 7882455))

table 4 : explain SELECT c FROM sbtest4 WHERE id BETWEEN 6373880 AND 6374879 ORDER BY c
	Sort  (cost=4346.04..4348.81 rows=1109 width=121)
	  Sort Key: c
	  ->  Bitmap Heap Scan on sbtest4  (cost=35.80..4289.95 rows=1109 width=121)
	        Recheck Cond: ((id >= 6373880) AND (id <= 6374879))
	        ->  Bitmap Index Scan on sbtest4_pkey  (cost=0.00..35.53 rows=1109 width=0)
	              Index Cond: ((id >= 6373880) AND (id <= 6374879))

table 5 : explain SELECT c FROM sbtest5 WHERE id BETWEEN 4278972 AND 4279971 ORDER BY c
	Sort  (cost=3871.09..3873.55 rows=986 width=121)
	  Sort Key: c
	  ->  Bitmap Heap Scan on sbtest5  (cost=30.54..3822.06 rows=986 width=121)
	        Recheck Cond: ((id >= 4278972) AND (id <= 4279971))
	        ->  Bitmap Index Scan on sbtest5_pkey  (cost=0.00..30.29 rows=986 width=0)
	              Index Cond: ((id >= 4278972) AND (id <= 4279971))

table 6 : explain SELECT c FROM sbtest6 WHERE id BETWEEN 8946453 AND 8947452 ORDER BY c
	Sort  (cost=3893.75..3896.23 rows=992 width=121)
	  Sort Key: c
	  ->  Bitmap Heap Scan on sbtest6  (cost=30.60..3844.38 rows=992 width=121)
	        Recheck Cond: ((id >= 8946453) AND (id <= 8947452))
	        ->  Bitmap Index Scan on sbtest6_pkey  (cost=0.00..30.36 rows=992 width=0)
	              Index Cond: ((id >= 8946453) AND (id <= 8947452))

table 7 : explain SELECT c FROM sbtest7 WHERE id BETWEEN 6123127 AND 6124126 ORDER BY c
	Sort  (cost=3663.93..3666.26 rows=932 width=121)
	  Sort Key: c
	  ->  Bitmap Heap Scan on sbtest7  (cost=29.99..3617.96 rows=932 width=121)
	        Recheck Cond: ((id >= 6123127) AND (id <= 6124126))
	        ->  Bitmap Index Scan on sbtest7_pkey  (cost=0.00..29.75 rows=932 width=0)
	              Index Cond: ((id >= 6123127) AND (id <= 6124126))

table 8 : explain SELECT c FROM sbtest8 WHERE id BETWEEN 4783275 AND 4784274 ORDER BY c
	Sort  (cost=3851.93..3854.38 rows=981 width=121)
	  Sort Key: c
	  ->  Bitmap Heap Scan on sbtest8  (cost=30.49..3803.18 rows=981 width=121)
	        Recheck Cond: ((id >= 4783275) AND (id <= 4784274))
	        ->  Bitmap Index Scan on sbtest8_pkey  (cost=0.00..30.25 rows=981 width=0)
	              Index Cond: ((id >= 4783275) AND (id <= 4784274))

for: distinct_ranges
table 1 : explain SELECT DISTINCT c FROM sbtest1 WHERE id BETWEEN 3016024 AND 3017023 ORDER BY c
	Unique  (cost=4047.22..4052.38 rows=1032 width=121)
	  ->  Sort  (cost=4047.22..4049.80 rows=1032 width=121)
	        Sort Key: c
	        ->  Bitmap Heap Scan on sbtest1  (cost=31.01..3995.56 rows=1032 width=121)
	              Recheck Cond: ((id >= 3016024) AND (id <= 3017023))
	              ->  Bitmap Index Scan on sbtest1_pkey  (cost=0.00..30.75 rows=1032 width=0)
	                    Index Cond: ((id >= 3016024) AND (id <= 3017023))

table 2 : explain SELECT DISTINCT c FROM sbtest2 WHERE id BETWEEN 5360586 AND 5361585 ORDER BY c
	Unique  (cost=3817.39..3822.25 rows=972 width=121)
	  ->  Sort  (cost=3817.39..3819.82 rows=972 width=121)
	        Sort Key: c
	        ->  Bitmap Heap Scan on sbtest2  (cost=30.40..3769.16 rows=972 width=121)
	              Recheck Cond: ((id >= 5360586) AND (id <= 5361585))
	              ->  Bitmap Index Scan on sbtest2_pkey  (cost=0.00..30.15 rows=972 width=0)
	                    Index Cond: ((id >= 5360586) AND (id <= 5361585))

table 3 : explain SELECT DISTINCT c FROM sbtest3 WHERE id BETWEEN 219675 AND 220674 ORDER BY c
	Unique  (cost=3851.65..3856.56 rows=981 width=121)
	  ->  Sort  (cost=3851.65..3854.11 rows=981 width=121)
	        Sort Key: c
	        ->  Bitmap Heap Scan on sbtest3  (cost=30.49..3802.91 rows=981 width=121)
	              Recheck Cond: ((id >= 219675) AND (id <= 220674))
	              ->  Bitmap Index Scan on sbtest3_pkey  (cost=0.00..30.25 rows=981 width=0)
	                    Index Cond: ((id >= 219675) AND (id <= 220674))

table 4 : explain SELECT DISTINCT c FROM sbtest4 WHERE id BETWEEN 5161696 AND 5162695 ORDER BY c
	Unique  (cost=3698.70..3703.40 rows=941 width=121)
	  ->  Sort  (cost=3698.70..3701.05 rows=941 width=121)
	        Sort Key: c
	        ->  Bitmap Heap Scan on sbtest4  (cost=30.08..3652.22 rows=941 width=121)
	              Recheck Cond: ((id >= 5161696) AND (id <= 5162695))
	              ->  Bitmap Index Scan on sbtest4_pkey  (cost=0.00..29.84 rows=941 width=0)
	                    Index Cond: ((id >= 5161696) AND (id <= 5162695))

table 5 : explain SELECT DISTINCT c FROM sbtest5 WHERE id BETWEEN 2236694 AND 2237693 ORDER BY c
	Unique  (cost=3982.21..3987.29 rows=1015 width=121)
	  ->  Sort  (cost=3982.21..3984.75 rows=1015 width=121)
	        Sort Key: c
	        ->  Bitmap Heap Scan on sbtest5  (cost=30.84..3931.53 rows=1015 width=121)
	              Recheck Cond: ((id >= 2236694) AND (id <= 2237693))
	              ->  Bitmap Index Scan on sbtest5_pkey  (cost=0.00..30.58 rows=1015 width=0)
	                    Index Cond: ((id >= 2236694) AND (id <= 2237693))

table 6 : explain SELECT DISTINCT c FROM sbtest6 WHERE id BETWEEN 2234115 AND 2235114 ORDER BY c
	Unique  (cost=4096.87..4102.09 rows=1044 width=121)
	  ->  Sort  (cost=4096.87..4099.48 rows=1044 width=121)
	        Sort Key: c
	        ->  Bitmap Heap Scan on sbtest6  (cost=35.14..4044.53 rows=1044 width=121)
	              Recheck Cond: ((id >= 2234115) AND (id <= 2235114))
	              ->  Bitmap Index Scan on sbtest6_pkey  (cost=0.00..34.88 rows=1044 width=0)
	                    Index Cond: ((id >= 2234115) AND (id <= 2235114))

table 7 : explain SELECT DISTINCT c FROM sbtest7 WHERE id BETWEEN 2998577 AND 2999576 ORDER BY c
	Unique  (cost=3625.52..3630.13 rows=922 width=121)
	  ->  Sort  (cost=3625.52..3627.83 rows=922 width=121)
	        Sort Key: c
	        ->  Bitmap Heap Scan on sbtest7  (cost=29.89..3580.12 rows=922 width=121)
	              Recheck Cond: ((id >= 2998577) AND (id <= 2999576))
	              ->  Bitmap Index Scan on sbtest7_pkey  (cost=0.00..29.65 rows=922 width=0)
	                    Index Cond: ((id >= 2998577) AND (id <= 2999576))

table 8 : explain SELECT DISTINCT c FROM sbtest8 WHERE id BETWEEN 5926714 AND 5927713 ORDER BY c
	Unique  (cost=3993.71..3998.80 rows=1018 width=121)
	  ->  Sort  (cost=3993.71..3996.26 rows=1018 width=121)
	        Sort Key: c
	        ->  Bitmap Heap Scan on sbtest8  (cost=30.87..3942.86 rows=1018 width=121)
	              Recheck Cond: ((id >= 5926714) AND (id <= 5927713))
	              ->  Bitmap Index Scan on sbtest8_pkey  (cost=0.00..30.61 rows=1018 width=0)
	                    Index Cond: ((id >= 5926714) AND (id <= 5927713))

for: order_ranges
table 1 : explain SELECT c FROM sbtest1 WHERE id BETWEEN 4213323 AND 4214322 ORDER BY c
	Sort  (cost=4020.42..4022.98 rows=1025 width=121)
	  Sort Key: c
	  ->  Bitmap Heap Scan on sbtest1  (cost=30.94..3969.16 rows=1025 width=121)
	        Recheck Cond: ((id >= 4213323) AND (id <= 4214322))
	        ->  Bitmap Index Scan on sbtest1_pkey  (cost=0.00..30.68 rows=1025 width=0)
	              Index Cond: ((id >= 4213323) AND (id <= 4214322))

table 2 : explain SELECT c FROM sbtest2 WHERE id BETWEEN 3708529 AND 3709528 ORDER BY c
	Sort  (cost=4223.44..4226.13 rows=1077 width=121)
	  Sort Key: c
	  ->  Bitmap Heap Scan on sbtest2  (cost=35.47..4169.20 rows=1077 width=121)
	        Recheck Cond: ((id >= 3708529) AND (id <= 3709528))
	        ->  Bitmap Index Scan on sbtest2_pkey  (cost=0.00..35.20 rows=1077 width=0)
	              Index Cond: ((id >= 3708529) AND (id <= 3709528))

table 3 : explain SELECT c FROM sbtest3 WHERE id BETWEEN 7880455 AND 7881454 ORDER BY c
	Sort  (cost=4356.87..4359.65 rows=1112 width=121)
	  Sort Key: c
	  ->  Bitmap Heap Scan on sbtest3  (cost=35.83..4300.61 rows=1112 width=121)
	        Recheck Cond: ((id >= 7880455) AND (id <= 7881454))
	        ->  Bitmap Index Scan on sbtest3_pkey  (cost=0.00..35.56 rows=1112 width=0)
	              Index Cond: ((id >= 7880455) AND (id <= 7881454))

table 4 : explain SELECT c FROM sbtest4 WHERE id BETWEEN 7441530 AND 7442529 ORDER BY c
	Sort  (cost=4059.07..4061.65 rows=1035 width=121)
	  Sort Key: c
	  ->  Bitmap Heap Scan on sbtest4  (cost=31.04..4007.24 rows=1035 width=121)
	        Recheck Cond: ((id >= 7441530) AND (id <= 7442529))
	        ->  Bitmap Index Scan on sbtest4_pkey  (cost=0.00..30.79 rows=1035 width=0)
	              Index Cond: ((id >= 7441530) AND (id <= 7442529))

table 5 : explain SELECT c FROM sbtest5 WHERE id BETWEEN 6644296 AND 6645295 ORDER BY c
	Sort  (cost=4131.67..4134.31 rows=1053 width=121)
	  Sort Key: c
	  ->  Bitmap Heap Scan on sbtest5  (cost=35.23..4078.81 rows=1053 width=121)
	        Recheck Cond: ((id >= 6644296) AND (id <= 6645295))
	        ->  Bitmap Index Scan on sbtest5_pkey  (cost=0.00..34.97 rows=1053 width=0)
	              Index Cond: ((id >= 6644296) AND (id <= 6645295))

table 6 : explain SELECT c FROM sbtest6 WHERE id BETWEEN 5580330 AND 5581329 ORDER BY c
	Sort  (cost=3675.11..3677.45 rows=935 width=121)
	  Sort Key: c
	  ->  Bitmap Heap Scan on sbtest6  (cost=30.02..3628.98 rows=935 width=121)
	        Recheck Cond: ((id >= 5580330) AND (id <= 5581329))
	        ->  Bitmap Index Scan on sbtest6_pkey  (cost=0.00..29.79 rows=935 width=0)
	              Index Cond: ((id >= 5580330) AND (id <= 5581329))

table 7 : explain SELECT c FROM sbtest7 WHERE id BETWEEN 1793814 AND 1794813 ORDER BY c
	Sort  (cost=3621.68..3623.98 rows=921 width=121)
	  Sort Key: c
	  ->  Bitmap Heap Scan on sbtest7  (cost=29.88..3576.34 rows=921 width=121)
	        Recheck Cond: ((id >= 1793814) AND (id <= 1794813))
	        ->  Bitmap Index Scan on sbtest7_pkey  (cost=0.00..29.64 rows=921 width=0)
	              Index Cond: ((id >= 1793814) AND (id <= 1794813))

table 8 : explain SELECT c FROM sbtest8 WHERE id BETWEEN 8745164 AND 8746163 ORDER BY c
	Sort  (cost=4070.46..4073.05 rows=1037 width=121)
	  Sort Key: c
	  ->  Bitmap Heap Scan on sbtest8  (cost=35.06..4018.51 rows=1037 width=121)
	        Recheck Cond: ((id >= 8745164) AND (id <= 8746163))
	        ->  Bitmap Index Scan on sbtest8_pkey  (cost=0.00..34.81 rows=1037 width=0)
	              Index Cond: ((id >= 8745164) AND (id <= 8746163))

explain: for point_selects :: explain SELECT c FROM sbtest%u WHERE id=%u
for point_selects
table 1 : explain SELECT c FROM sbtest1 WHERE id=8657312
	Index Scan using sbtest1_pkey on sbtest1  (cost=0.43..8.45 rows=1 width=121)
	  Index Cond: (id = 8657312)

table 2 : explain SELECT c FROM sbtest2 WHERE id=6052586
	Index Scan using sbtest2_pkey on sbtest2  (cost=0.43..8.45 rows=1 width=121)
	  Index Cond: (id = 6052586)

table 3 : explain SELECT c FROM sbtest3 WHERE id=2348003
	Index Scan using sbtest3_pkey on sbtest3  (cost=0.43..8.45 rows=1 width=121)
	  Index Cond: (id = 2348003)

table 4 : explain SELECT c FROM sbtest4 WHERE id=8670219
	Index Scan using sbtest4_pkey on sbtest4  (cost=0.43..8.45 rows=1 width=121)
	  Index Cond: (id = 8670219)

table 5 : explain SELECT c FROM sbtest5 WHERE id=519156
	Index Scan using sbtest5_pkey on sbtest5  (cost=0.43..8.45 rows=1 width=121)
	  Index Cond: (id = 519156)

table 6 : explain SELECT c FROM sbtest6 WHERE id=4921148
	Index Scan using sbtest6_pkey on sbtest6  (cost=0.43..8.45 rows=1 width=121)
	  Index Cond: (id = 4921148)

table 7 : explain SELECT c FROM sbtest7 WHERE id=7847171
	Index Scan using sbtest7_pkey on sbtest7  (cost=0.43..8.45 rows=1 width=121)
	  Index Cond: (id = 7847171)

table 8 : explain SELECT c FROM sbtest8 WHERE id=443895
	Index Scan using sbtest8_pkey on sbtest8  (cost=0.43..8.45 rows=1 width=121)
	  Index Cond: (id = 443895)

explain: for point_selects :: explain SELECT c FROM sbtest%u WHERE id=%u
for: order_ranges
table 1 : explain SELECT c FROM sbtest1 WHERE id BETWEEN 8043732 AND 8044731 ORDER BY c
	Sort  (cost=3794.31..3796.73 rows=966 width=121)
	  Sort Key: c
	  ->  Bitmap Heap Scan on sbtest1  (cost=30.34..3746.42 rows=966 width=121)
	        Recheck Cond: ((id >= 8043732) AND (id <= 8044731))
	        ->  Bitmap Index Scan on sbtest1_pkey  (cost=0.00..30.09 rows=966 width=0)
	              Index Cond: ((id >= 8043732) AND (id <= 8044731))

table 2 : explain SELECT c FROM sbtest2 WHERE id BETWEEN 8609644 AND 8610643 ORDER BY c
	Sort  (cost=3671.57..3673.90 rows=934 width=121)
	  Sort Key: c
	  ->  Bitmap Heap Scan on sbtest2  (cost=30.01..3625.49 rows=934 width=121)
	        Recheck Cond: ((id >= 8609644) AND (id <= 8610643))
	        ->  Bitmap Index Scan on sbtest2_pkey  (cost=0.00..29.77 rows=934 width=0)
	              Index Cond: ((id >= 8609644) AND (id <= 8610643))

table 3 : explain SELECT c FROM sbtest3 WHERE id BETWEEN 9730676 AND 9731675 ORDER BY c
	Sort  (cost=4425.59..4428.41 rows=1130 width=121)
	  Sort Key: c
	  ->  Bitmap Heap Scan on sbtest3  (cost=36.02..4368.28 rows=1130 width=121)
	        Recheck Cond: ((id >= 9730676) AND (id <= 9731675))
	        ->  Bitmap Index Scan on sbtest3_pkey  (cost=0.00..35.73 rows=1130 width=0)
	              Index Cond: ((id >= 9730676) AND (id <= 9731675))

table 4 : explain SELECT c FROM sbtest4 WHERE id BETWEEN 2743155 AND 2744154 ORDER BY c
	Sort  (cost=4261.98..4264.69 rows=1087 width=121)
	  Sort Key: c
	  ->  Bitmap Heap Scan on sbtest4  (cost=35.58..4207.16 rows=1087 width=121)
	        Recheck Cond: ((id >= 2743155) AND (id <= 2744154))
	        ->  Bitmap Index Scan on sbtest4_pkey  (cost=0.00..35.31 rows=1087 width=0)
	              Index Cond: ((id >= 2743155) AND (id <= 2744154))

table 5 : explain SELECT c FROM sbtest5 WHERE id BETWEEN 2776883 AND 2777882 ORDER BY c
	Sort  (cost=4143.15..4145.79 rows=1056 width=121)
	  Sort Key: c
	  ->  Bitmap Heap Scan on sbtest5  (cost=35.26..4090.11 rows=1056 width=121)
	        Recheck Cond: ((id >= 2776883) AND (id <= 2777882))
	        ->  Bitmap Index Scan on sbtest5_pkey  (cost=0.00..35.00 rows=1056 width=0)
	              Index Cond: ((id >= 2776883) AND (id <= 2777882))

table 6 : explain SELECT c FROM sbtest6 WHERE id BETWEEN 9169251 AND 9170250 ORDER BY c
	Sort  (cost=4230.72..4233.42 rows=1079 width=121)
	  Sort Key: c
	  ->  Bitmap Heap Scan on sbtest6  (cost=35.49..4176.36 rows=1079 width=121)
	        Recheck Cond: ((id >= 9169251) AND (id <= 9170250))
	        ->  Bitmap Index Scan on sbtest6_pkey  (cost=0.00..35.23 rows=1079 width=0)
	              Index Cond: ((id >= 9169251) AND (id <= 9170250))

table 7 : explain SELECT c FROM sbtest7 WHERE id BETWEEN 3440347 AND 3441346 ORDER BY c
	Sort  (cost=4108.75..4111.37 rows=1047 width=121)
	  Sort Key: c
	  ->  Bitmap Heap Scan on sbtest7  (cost=35.17..4056.23 rows=1047 width=121)
	        Recheck Cond: ((id >= 3440347) AND (id <= 3441346))
	        ->  Bitmap Index Scan on sbtest7_pkey  (cost=0.00..34.91 rows=1047 width=0)
	              Index Cond: ((id >= 3440347) AND (id <= 3441346))

table 8 : explain SELECT c FROM sbtest8 WHERE id BETWEEN 7436312 AND 7437311 ORDER BY c
	Sort  (cost=4062.80..4065.39 rows=1035 width=121)
	  Sort Key: c
	  ->  Bitmap Heap Scan on sbtest8  (cost=35.04..4010.97 rows=1035 width=121)
	        Recheck Cond: ((id >= 7436312) AND (id <= 7437311))
	        ->  Bitmap Index Scan on sbtest8_pkey  (cost=0.00..34.79 rows=1035 width=0)
	              Index Cond: ((id >= 7436312) AND (id <= 7437311))

for point_selects
table 1 : explain SELECT c FROM sbtest1 WHERE id=1436644
	Index Scan using sbtest1_pkey on sbtest1  (cost=0.43..8.45 rows=1 width=121)
	  Index Cond: (id = 1436644)

table 2 : explain SELECT c FROM sbtest2 WHERE id=1102687
	Index Scan using sbtest2_pkey on sbtest2  (cost=0.43..8.45 rows=1 width=121)
	  Index Cond: (id = 1102687)

table 3 : explain SELECT c FROM sbtest3 WHERE id=8669360
	Index Scan using sbtest3_pkey on sbtest3  (cost=0.43..8.45 rows=1 width=121)
	  Index Cond: (id = 8669360)

table 4 : explain SELECT c FROM sbtest4 WHERE id=6107512
	Index Scan using sbtest4_pkey on sbtest4  (cost=0.43..8.45 rows=1 width=121)
	  Index Cond: (id = 6107512)

table 5 : explain SELECT c FROM sbtest5 WHERE id=779885
	Index Scan using sbtest5_pkey on sbtest5  (cost=0.43..8.45 rows=1 width=121)
	  Index Cond: (id = 779885)

table 6 : explain SELECT c FROM sbtest6 WHERE id=9899768
	Index Scan using sbtest6_pkey on sbtest6  (cost=0.43..8.45 rows=1 width=121)
	  Index Cond: (id = 9899768)

table 7 : explain SELECT c FROM sbtest7 WHERE id=4918331
	Index Scan using sbtest7_pkey on sbtest7  (cost=0.43..8.45 rows=1 width=121)
	  Index Cond: (id = 4918331)

table 8 : explain SELECT c FROM sbtest8 WHERE id=3457385
	Index Scan using sbtest8_pkey on sbtest8  (cost=0.43..8.45 rows=1 width=121)
	  Index Cond: (id = 3457385)

for: order_ranges
table 1 : explain SELECT c FROM sbtest1 WHERE id BETWEEN 7088997 AND 7089996 ORDER BY c
	Sort  (cost=4054.87..4057.46 rows=1034 width=121)
	  Sort Key: c
	  ->  Bitmap Heap Scan on sbtest1  (cost=31.03..4003.10 rows=1034 width=121)
	        Recheck Cond: ((id >= 7088997) AND (id <= 7089996))
	        ->  Bitmap Index Scan on sbtest1_pkey  (cost=0.00..30.77 rows=1034 width=0)
	              Index Cond: ((id >= 7088997) AND (id <= 7089996))

table 2 : explain SELECT c FROM sbtest2 WHERE id BETWEEN 7355175 AND 7356174 ORDER BY c
	Sort  (cost=3959.21..3961.74 rows=1009 width=121)
	  Sort Key: c
	  ->  Bitmap Heap Scan on sbtest2  (cost=30.78..3908.87 rows=1009 width=121)
	        Recheck Cond: ((id >= 7355175) AND (id <= 7356174))
	        ->  Bitmap Index Scan on sbtest2_pkey  (cost=0.00..30.52 rows=1009 width=0)
	              Index Cond: ((id >= 7355175) AND (id <= 7356174))

table 3 : explain SELECT c FROM sbtest3 WHERE id BETWEEN 9516220 AND 9517219 ORDER BY c
	Sort  (cost=4681.13..4684.12 rows=1198 width=121)
	  Sort Key: c
	  ->  Bitmap Heap Scan on sbtest3  (cost=36.71..4619.87 rows=1198 width=121)
	        Recheck Cond: ((id >= 9516220) AND (id <= 9517219))
	        ->  Bitmap Index Scan on sbtest3_pkey  (cost=0.00..36.42 rows=1198 width=0)
	              Index Cond: ((id >= 9516220) AND (id <= 9517219))

table 4 : explain SELECT c FROM sbtest4 WHERE id BETWEEN 7090072 AND 7091071 ORDER BY c
	Sort  (cost=4036.10..4038.67 rows=1029 width=121)
	  Sort Key: c
	  ->  Bitmap Heap Scan on sbtest4  (cost=30.98..3984.61 rows=1029 width=121)
	        Recheck Cond: ((id >= 7090072) AND (id <= 7091071))
	        ->  Bitmap Index Scan on sbtest4_pkey  (cost=0.00..30.72 rows=1029 width=0)
	              Index Cond: ((id >= 7090072) AND (id <= 7091071))

table 5 : explain SELECT c FROM sbtest5 WHERE id BETWEEN 6528305 AND 6529304 ORDER BY c
	Sort  (cost=4005.19..4007.74 rows=1021 width=121)
	  Sort Key: c
	  ->  Bitmap Heap Scan on sbtest5  (cost=30.90..3954.16 rows=1021 width=121)
	        Recheck Cond: ((id >= 6528305) AND (id <= 6529304))
	        ->  Bitmap Index Scan on sbtest5_pkey  (cost=0.00..30.64 rows=1021 width=0)
	              Index Cond: ((id >= 6528305) AND (id <= 6529304))

table 6 : explain SELECT c FROM sbtest6 WHERE id BETWEEN 9394792 AND 9395791 ORDER BY c
	Sort  (cost=3602.15..3604.44 rows=916 width=121)
	  Sort Key: c
	  ->  Bitmap Heap Scan on sbtest6  (cost=29.82..3557.08 rows=916 width=121)
	        Recheck Cond: ((id >= 9394792) AND (id <= 9395791))
	        ->  Bitmap Index Scan on sbtest6_pkey  (cost=0.00..29.59 rows=916 width=0)
	              Index Cond: ((id >= 9394792) AND (id <= 9395791))

table 7 : explain SELECT c FROM sbtest7 WHERE id BETWEEN 7489829 AND 7490828 ORDER BY c
	Sort  (cost=4257.89..4260.61 rows=1086 width=121)
	  Sort Key: c
	  ->  Bitmap Heap Scan on sbtest7  (cost=35.57..4203.13 rows=1086 width=121)
	        Recheck Cond: ((id >= 7489829) AND (id <= 7490828))
	        ->  Bitmap Index Scan on sbtest7_pkey  (cost=0.00..35.30 rows=1086 width=0)
	              Index Cond: ((id >= 7489829) AND (id <= 7490828))

table 8 : explain SELECT c FROM sbtest8 WHERE id BETWEEN 6146694 AND 6147693 ORDER BY c
	Sort  (cost=4055.15..4057.73 rows=1033 width=121)
	  Sort Key: c
	  ->  Bitmap Heap Scan on sbtest8  (cost=35.02..4003.43 rows=1033 width=121)
	        Recheck Cond: ((id >= 6146694) AND (id <= 6147693))
	        ->  Bitmap Index Scan on sbtest8_pkey  (cost=0.00..34.77 rows=1033 width=0)
	              Index Cond: ((id >= 6146694) AND (id <= 6147693))

for point_selects
table 1 : explain SELECT c FROM sbtest1 WHERE id=9172656
	Index Scan using sbtest1_pkey on sbtest1  (cost=0.43..8.45 rows=1 width=121)
	  Index Cond: (id = 9172656)

table 2 : explain SELECT c FROM sbtest2 WHERE id=4971449
	Index Scan using sbtest2_pkey on sbtest2  (cost=0.43..8.45 rows=1 width=121)
	  Index Cond: (id = 4971449)

table 3 : explain SELECT c FROM sbtest3 WHERE id=7962188
	Index Scan using sbtest3_pkey on sbtest3  (cost=0.43..8.45 rows=1 width=121)
	  Index Cond: (id = 7962188)

table 4 : explain SELECT c FROM sbtest4 WHERE id=2408594
	Index Scan using sbtest4_pkey on sbtest4  (cost=0.43..8.45 rows=1 width=121)
	  Index Cond: (id = 2408594)

table 5 : explain SELECT c FROM sbtest5 WHERE id=6467065
	Index Scan using sbtest5_pkey on sbtest5  (cost=0.43..8.45 rows=1 width=121)
	  Index Cond: (id = 6467065)

table 6 : explain SELECT c FROM sbtest6 WHERE id=2337952
	Index Scan using sbtest6_pkey on sbtest6  (cost=0.43..8.45 rows=1 width=121)
	  Index Cond: (id = 2337952)

table 7 : explain SELECT c FROM sbtest7 WHERE id=3344414
	Index Scan using sbtest7_pkey on sbtest7  (cost=0.43..8.45 rows=1 width=121)
	  Index Cond: (id = 3344414)

table 8 : explain SELECT c FROM sbtest8 WHERE id=6963733
	Index Scan using sbtest8_pkey on sbtest8  (cost=0.43..8.45 rows=1 width=121)
	  Index Cond: (id = 6963733)

explain: for point_selects :: explain SELECT c FROM sbtest%u WHERE id=%u
for: simple_ranges
table 1 : explain SELECT c FROM sbtest1 WHERE id BETWEEN 947126 AND 948125
	Bitmap Heap Scan on sbtest1  (cost=29.94..3598.94 rows=927 width=121)
	  Recheck Cond: ((id >= 947126) AND (id <= 948125))
	  ->  Bitmap Index Scan on sbtest1_pkey  (cost=0.00..29.70 rows=927 width=0)
	        Index Cond: ((id >= 947126) AND (id <= 948125))

table 2 : explain SELECT c FROM sbtest2 WHERE id BETWEEN 1886996 AND 1887995
	Bitmap Heap Scan on sbtest2  (cost=30.51..3810.71 rows=983 width=121)
	  Recheck Cond: ((id >= 1886996) AND (id <= 1887995))
	  ->  Bitmap Index Scan on sbtest2_pkey  (cost=0.00..30.26 rows=983 width=0)
	        Index Cond: ((id >= 1886996) AND (id <= 1887995))

table 3 : explain SELECT c FROM sbtest3 WHERE id BETWEEN 2732122 AND 2733121
	Bitmap Heap Scan on sbtest3  (cost=30.75..3897.29 rows=1006 width=121)
	  Recheck Cond: ((id >= 2732122) AND (id <= 2733121))
	  ->  Bitmap Index Scan on sbtest3_pkey  (cost=0.00..30.50 rows=1006 width=0)
	        Index Cond: ((id >= 2732122) AND (id <= 2733121))

table 4 : explain SELECT c FROM sbtest4 WHERE id BETWEEN 5178807 AND 5179806
	Bitmap Heap Scan on sbtest4  (cost=30.08..3652.22 rows=941 width=121)
	  Recheck Cond: ((id >= 5178807) AND (id <= 5179806))
	  ->  Bitmap Index Scan on sbtest4_pkey  (cost=0.00..29.84 rows=941 width=0)
	        Index Cond: ((id >= 5178807) AND (id <= 5179806))

table 5 : explain SELECT c FROM sbtest5 WHERE id BETWEEN 4280482 AND 4281481
	Bitmap Heap Scan on sbtest5  (cost=30.54..3822.06 rows=986 width=121)
	  Recheck Cond: ((id >= 4280482) AND (id <= 4281481))
	  ->  Bitmap Index Scan on sbtest5_pkey  (cost=0.00..30.29 rows=986 width=0)
	        Index Cond: ((id >= 4280482) AND (id <= 4281481))

table 6 : explain SELECT c FROM sbtest6 WHERE id BETWEEN 9578963 AND 9579962
	Bitmap Heap Scan on sbtest6  (cost=34.82..3927.63 rows=1013 width=121)
	  Recheck Cond: ((id >= 9578963) AND (id <= 9579962))
	  ->  Bitmap Index Scan on sbtest6_pkey  (cost=0.00..34.57 rows=1013 width=0)
	        Index Cond: ((id >= 9578963) AND (id <= 9579962))

table 7 : explain SELECT c FROM sbtest7 WHERE id BETWEEN 8632470 AND 8633469
	Bitmap Heap Scan on sbtest7  (cost=30.05..3640.66 rows=938 width=121)
	  Recheck Cond: ((id >= 8632470) AND (id <= 8633469))
	  ->  Bitmap Index Scan on sbtest7_pkey  (cost=0.00..29.82 rows=938 width=0)
	        Index Cond: ((id >= 8632470) AND (id <= 8633469))

table 8 : explain SELECT c FROM sbtest8 WHERE id BETWEEN 7770743 AND 7771742
	Bitmap Heap Scan on sbtest8  (cost=35.70..4252.04 rows=1099 width=121)
	  Recheck Cond: ((id >= 7770743) AND (id <= 7771742))
	  ->  Bitmap Index Scan on sbtest8_pkey  (cost=0.00..35.43 rows=1099 width=0)
	        Index Cond: ((id >= 7770743) AND (id <= 7771742))

for: distinct_ranges
table 1 : explain SELECT DISTINCT c FROM sbtest1 WHERE id BETWEEN 3574125 AND 3575124 ORDER BY c
	Unique  (cost=3625.42..3630.03 rows=922 width=121)
	  ->  Sort  (cost=3625.42..3627.72 rows=922 width=121)
	        Sort Key: c
	        ->  Bitmap Heap Scan on sbtest1  (cost=29.89..3580.02 rows=922 width=121)
	              Recheck Cond: ((id >= 3574125) AND (id <= 3575124))
	              ->  Bitmap Index Scan on sbtest1_pkey  (cost=0.00..29.65 rows=922 width=0)
	                    Index Cond: ((id >= 3574125) AND (id <= 3575124))

table 2 : explain SELECT DISTINCT c FROM sbtest2 WHERE id BETWEEN 5716249 AND 5717248 ORDER BY c
	Unique  (cost=3878.74..3883.68 rows=988 width=121)
	  ->  Sort  (cost=3878.74..3881.21 rows=988 width=121)
	        Sort Key: c
	        ->  Bitmap Heap Scan on sbtest2  (cost=30.56..3829.60 rows=988 width=121)
	              Recheck Cond: ((id >= 5716249) AND (id <= 5717248))
	              ->  Bitmap Index Scan on sbtest2_pkey  (cost=0.00..30.32 rows=988 width=0)
	                    Index Cond: ((id >= 5716249) AND (id <= 5717248))

table 3 : explain SELECT DISTINCT c FROM sbtest3 WHERE id BETWEEN 3190348 AND 3191347 ORDER BY c
	Unique  (cost=4303.40..4308.89 rows=1098 width=121)
	  ->  Sort  (cost=4303.40..4306.14 rows=1098 width=121)
	        Sort Key: c
	        ->  Bitmap Heap Scan on sbtest3  (cost=35.69..4247.95 rows=1098 width=121)
	              Recheck Cond: ((id >= 3190348) AND (id <= 3191347))
	              ->  Bitmap Index Scan on sbtest3_pkey  (cost=0.00..35.42 rows=1098 width=0)
	                    Index Cond: ((id >= 3190348) AND (id <= 3191347))

table 4 : explain SELECT DISTINCT c FROM sbtest4 WHERE id BETWEEN 3898945 AND 3899944 ORDER BY c
	Unique  (cost=3917.34..3922.33 rows=998 width=121)
	  ->  Sort  (cost=3917.34..3919.84 rows=998 width=121)
	        Sort Key: c
	        ->  Bitmap Heap Scan on sbtest4  (cost=30.66..3867.63 rows=998 width=121)
	              Recheck Cond: ((id >= 3898945) AND (id <= 3899944))
	              ->  Bitmap Index Scan on sbtest4_pkey  (cost=0.00..30.41 rows=998 width=0)
	                    Index Cond: ((id >= 3898945) AND (id <= 3899944))

table 5 : explain SELECT DISTINCT c FROM sbtest5 WHERE id BETWEEN 4013584 AND 4014583 ORDER BY c
	Unique  (cost=3905.59..3910.56 rows=995 width=121)
	  ->  Sort  (cost=3905.59..3908.07 rows=995 width=121)
	        Sort Key: c
	        ->  Bitmap Heap Scan on sbtest5  (cost=30.63..3856.04 rows=995 width=121)
	              Recheck Cond: ((id >= 4013584) AND (id <= 4014583))
	              ->  Bitmap Index Scan on sbtest5_pkey  (cost=0.00..30.39 rows=995 width=0)
	                    Index Cond: ((id >= 4013584) AND (id <= 4014583))

table 6 : explain SELECT DISTINCT c FROM sbtest6 WHERE id BETWEEN 2458337 AND 2459336 ORDER BY c
	Unique  (cost=4089.22..4094.43 rows=1042 width=121)
	  ->  Sort  (cost=4089.22..4091.82 rows=1042 width=121)
	        Sort Key: c
	        ->  Bitmap Heap Scan on sbtest6  (cost=35.12..4036.99 rows=1042 width=121)
	              Recheck Cond: ((id >= 2458337) AND (id <= 2459336))
	              ->  Bitmap Index Scan on sbtest6_pkey  (cost=0.00..34.86 rows=1042 width=0)
	                    Index Cond: ((id >= 2458337) AND (id <= 2459336))

table 7 : explain SELECT DISTINCT c FROM sbtest7 WHERE id BETWEEN 9163171 AND 9164170 ORDER BY c
	Unique  (cost=3848.12..3853.02 rows=980 width=121)
	  ->  Sort  (cost=3848.12..3850.57 rows=980 width=121)
	        Sort Key: c
	        ->  Bitmap Heap Scan on sbtest7  (cost=30.48..3799.43 rows=980 width=121)
	              Recheck Cond: ((id >= 9163171) AND (id <= 9164170))
	              ->  Bitmap Index Scan on sbtest7_pkey  (cost=0.00..30.23 rows=980 width=0)
	                    Index Cond: ((id >= 9163171) AND (id <= 9164170))

table 8 : explain SELECT DISTINCT c FROM sbtest8 WHERE id BETWEEN 4609834 AND 4610833 ORDER BY c
	Unique  (cost=3809.75..3814.60 rows=970 width=121)
	  ->  Sort  (cost=3809.75..3812.17 rows=970 width=121)
	        Sort Key: c
	        ->  Bitmap Heap Scan on sbtest8  (cost=30.38..3761.63 rows=970 width=121)
	              Recheck Cond: ((id >= 4609834) AND (id <= 4610833))
	              ->  Bitmap Index Scan on sbtest8_pkey  (cost=0.00..30.14 rows=970 width=0)
	                    Index Cond: ((id >= 4609834) AND (id <= 4610833))

for: distinct_ranges
table 1 : explain SELECT DISTINCT c FROM sbtest1 WHERE id BETWEEN 3508814 AND 3509813 ORDER BY c
	Unique  (cost=4112.28..4117.52 rows=1049 width=121)
	  ->  Sort  (cost=4112.28..4114.90 rows=1049 width=121)
	        Sort Key: c
	        ->  Bitmap Heap Scan on sbtest1  (cost=31.19..4059.64 rows=1049 width=121)
	              Recheck Cond: ((id >= 3508814) AND (id <= 3509813))
	              ->  Bitmap Index Scan on sbtest1_pkey  (cost=0.00..30.93 rows=1049 width=0)
	                    Index Cond: ((id >= 3508814) AND (id <= 3509813))

table 2 : explain SELECT DISTINCT c FROM sbtest2 WHERE id BETWEEN 2529002 AND 2530001 ORDER BY c
	Unique  (cost=4280.77..4286.23 rows=1092 width=121)
	  ->  Sort  (cost=4280.77..4283.50 rows=1092 width=121)
	        Sort Key: c
	        ->  Bitmap Heap Scan on sbtest2  (cost=35.63..4225.66 rows=1092 width=121)
	              Recheck Cond: ((id >= 2529002) AND (id <= 2530001))
	              ->  Bitmap Index Scan on sbtest2_pkey  (cost=0.00..35.36 rows=1092 width=0)
	                    Index Cond: ((id >= 2529002) AND (id <= 2530001))

table 3 : explain SELECT DISTINCT c FROM sbtest3 WHERE id BETWEEN 7534970 AND 7535969 ORDER BY c
	Unique  (cost=3479.21..3483.63 rows=884 width=121)
	  ->  Sort  (cost=3479.21..3481.42 rows=884 width=121)
	        Sort Key: c
	        ->  Bitmap Heap Scan on sbtest3  (cost=29.50..3435.95 rows=884 width=121)
	              Recheck Cond: ((id >= 7534970) AND (id <= 7535969))
	              ->  Bitmap Index Scan on sbtest3_pkey  (cost=0.00..29.27 rows=884 width=0)
	                    Index Cond: ((id >= 7534970) AND (id <= 7535969))

table 4 : explain SELECT DISTINCT c FROM sbtest4 WHERE id BETWEEN 7832945 AND 7833944 ORDER BY c
	Unique  (cost=4441.50..4447.17 rows=1134 width=121)
	  ->  Sort  (cost=4441.50..4444.33 rows=1134 width=121)
	        Sort Key: c
	        ->  Bitmap Heap Scan on sbtest4  (cost=36.06..4383.96 rows=1134 width=121)
	              Recheck Cond: ((id >= 7832945) AND (id <= 7833944))
	              ->  Bitmap Index Scan on sbtest4_pkey  (cost=0.00..35.78 rows=1134 width=0)
	                    Index Cond: ((id >= 7832945) AND (id <= 7833944))

table 5 : explain SELECT DISTINCT c FROM sbtest5 WHERE id BETWEEN 16383 AND 17382 ORDER BY c
	Unique  (cost=3924.75..3929.75 rows=1000 width=121)
	  ->  Sort  (cost=3924.75..3927.25 rows=1000 width=121)
	        Sort Key: c
	        ->  Bitmap Heap Scan on sbtest5  (cost=30.68..3874.92 rows=1000 width=121)
	              Recheck Cond: ((id >= 16383) AND (id <= 17382))
	              ->  Bitmap Index Scan on sbtest5_pkey  (cost=0.00..30.43 rows=1000 width=0)
	                    Index Cond: ((id >= 16383) AND (id <= 17382))

table 6 : explain SELECT DISTINCT c FROM sbtest6 WHERE id BETWEEN 3026421 AND 3027420 ORDER BY c
	Unique  (cost=3878.42..3883.36 rows=988 width=121)
	  ->  Sort  (cost=3878.42..3880.89 rows=988 width=121)
	        Sort Key: c
	        ->  Bitmap Heap Scan on sbtest6  (cost=30.56..3829.27 rows=988 width=121)
	              Recheck Cond: ((id >= 3026421) AND (id <= 3027420))
	              ->  Bitmap Index Scan on sbtest6_pkey  (cost=0.00..30.32 rows=988 width=0)
	                    Index Cond: ((id >= 3026421) AND (id <= 3027420))

table 7 : explain SELECT DISTINCT c FROM sbtest7 WHERE id BETWEEN 6843241 AND 6844240 ORDER BY c
	Unique  (cost=4051.34..4056.50 rows=1032 width=121)
	  ->  Sort  (cost=4051.34..4053.92 rows=1032 width=121)
	        Sort Key: c
	        ->  Bitmap Heap Scan on sbtest7  (cost=35.01..3999.68 rows=1032 width=121)
	              Recheck Cond: ((id >= 6843241) AND (id <= 6844240))
	              ->  Bitmap Index Scan on sbtest7_pkey  (cost=0.00..34.76 rows=1032 width=0)
	                    Index Cond: ((id >= 6843241) AND (id <= 6844240))

table 8 : explain SELECT DISTINCT c FROM sbtest8 WHERE id BETWEEN 3727583 AND 3728582 ORDER BY c
	Unique  (cost=4055.15..4060.31 rows=1033 width=121)
	  ->  Sort  (cost=4055.15..4057.73 rows=1033 width=121)
	        Sort Key: c
	        ->  Bitmap Heap Scan on sbtest8  (cost=35.02..4003.43 rows=1033 width=121)
	              Recheck Cond: ((id >= 3727583) AND (id <= 3728582))
	              ->  Bitmap Index Scan on sbtest8_pkey  (cost=0.00..34.77 rows=1033 width=0)
	                    Index Cond: ((id >= 3727583) AND (id <= 3728582))

for: simple_ranges
table 1 : explain SELECT c FROM sbtest1 WHERE id BETWEEN 6083836 AND 6084835
	Bitmap Heap Scan on sbtest1  (cost=30.30..3731.30 rows=962 width=121)
	  Recheck Cond: ((id >= 6083836) AND (id <= 6084835))
	  ->  Bitmap Index Scan on sbtest1_pkey  (cost=0.00..30.05 rows=962 width=0)
	        Index Cond: ((id >= 6083836) AND (id <= 6084835))

table 2 : explain SELECT c FROM sbtest2 WHERE id BETWEEN 1408002 AND 1409001
	Bitmap Heap Scan on sbtest2  (cost=35.16..4052.41 rows=1046 width=121)
	  Recheck Cond: ((id >= 1408002) AND (id <= 1409001))
	  ->  Bitmap Index Scan on sbtest2_pkey  (cost=0.00..34.90 rows=1046 width=0)
	        Index Cond: ((id >= 1408002) AND (id <= 1409001))

table 3 : explain SELECT c FROM sbtest3 WHERE id BETWEEN 9657955 AND 9658954
	Bitmap Heap Scan on sbtest3  (cost=30.33..3742.46 rows=965 width=121)
	  Recheck Cond: ((id >= 9657955) AND (id <= 9658954))
	  ->  Bitmap Index Scan on sbtest3_pkey  (cost=0.00..30.08 rows=965 width=0)
	        Index Cond: ((id >= 9657955) AND (id <= 9658954))

table 4 : explain SELECT c FROM sbtest4 WHERE id BETWEEN 4363180 AND 4364179
	Bitmap Heap Scan on sbtest4  (cost=35.17..4056.48 rows=1047 width=121)
	  Recheck Cond: ((id >= 4363180) AND (id <= 4364179))
	  ->  Bitmap Index Scan on sbtest4_pkey  (cost=0.00..34.91 rows=1047 width=0)
	        Index Cond: ((id >= 4363180) AND (id <= 4364179))

table 5 : explain SELECT c FROM sbtest5 WHERE id BETWEEN 6566164 AND 6567163
	Bitmap Heap Scan on sbtest5  (cost=30.90..3954.16 rows=1021 width=121)
	  Recheck Cond: ((id >= 6566164) AND (id <= 6567163))
	  ->  Bitmap Index Scan on sbtest5_pkey  (cost=0.00..30.64 rows=1021 width=0)
	        Index Cond: ((id >= 6566164) AND (id <= 6567163))

table 6 : explain SELECT c FROM sbtest6 WHERE id BETWEEN 6604120 AND 6605119
	Bitmap Heap Scan on sbtest6  (cost=35.53..4187.65 rows=1082 width=121)
	  Recheck Cond: ((id >= 6604120) AND (id <= 6605119))
	  ->  Bitmap Index Scan on sbtest6_pkey  (cost=0.00..35.26 rows=1082 width=0)
	        Index Cond: ((id >= 6604120) AND (id <= 6605119))

table 7 : explain SELECT c FROM sbtest7 WHERE id BETWEEN 3417889 AND 3418888
	Bitmap Heap Scan on sbtest7  (cost=35.17..4056.23 rows=1047 width=121)
	  Recheck Cond: ((id >= 3417889) AND (id <= 3418888))
	  ->  Bitmap Index Scan on sbtest7_pkey  (cost=0.00..34.91 rows=1047 width=0)
	        Index Cond: ((id >= 3417889) AND (id <= 3418888))

table 8 : explain SELECT c FROM sbtest8 WHERE id BETWEEN 3043365 AND 3044364
	Bitmap Heap Scan on sbtest8  (cost=30.24..3712.49 rows=957 width=121)
	  Recheck Cond: ((id >= 3043365) AND (id <= 3044364))
	  ->  Bitmap Index Scan on sbtest8_pkey  (cost=0.00..30.00 rows=957 width=0)
	        Index Cond: ((id >= 3043365) AND (id <= 3044364))

for: distinct_ranges
table 1 : explain SELECT DISTINCT c FROM sbtest1 WHERE id BETWEEN 3377221 AND 3378220 ORDER BY c
	Unique  (cost=4208.07..4213.43 rows=1073 width=121)
	  ->  Sort  (cost=4208.07..4210.75 rows=1073 width=121)
	        Sort Key: c
	        ->  Bitmap Heap Scan on sbtest1  (cost=35.43..4154.06 rows=1073 width=121)
	              Recheck Cond: ((id >= 3377221) AND (id <= 3378220))
	              ->  Bitmap Index Scan on sbtest1_pkey  (cost=0.00..35.17 rows=1073 width=0)
	                    Index Cond: ((id >= 3377221) AND (id <= 3378220))

table 2 : explain SELECT DISTINCT c FROM sbtest2 WHERE id BETWEEN 6075269 AND 6076268 ORDER BY c
	Unique  (cost=3886.41..3891.36 rows=990 width=121)
	  ->  Sort  (cost=3886.41..3888.88 rows=990 width=121)
	        Sort Key: c
	        ->  Bitmap Heap Scan on sbtest2  (cost=30.58..3837.15 rows=990 width=121)
	              Recheck Cond: ((id >= 6075269) AND (id <= 6076268))
	              ->  Bitmap Index Scan on sbtest2_pkey  (cost=0.00..30.33 rows=990 width=0)
	                    Index Cond: ((id >= 6075269) AND (id <= 6076268))

table 3 : explain SELECT DISTINCT c FROM sbtest3 WHERE id BETWEEN 821369 AND 822368 ORDER BY c
	Unique  (cost=3951.29..3956.33 rows=1007 width=121)
	  ->  Sort  (cost=3951.29..3953.81 rows=1007 width=121)
	        Sort Key: c
	        ->  Bitmap Heap Scan on sbtest3  (cost=30.76..3901.06 rows=1007 width=121)
	              Recheck Cond: ((id >= 821369) AND (id <= 822368))
	              ->  Bitmap Index Scan on sbtest3_pkey  (cost=0.00..30.50 rows=1007 width=0)
	                    Index Cond: ((id >= 821369) AND (id <= 822368))

table 4 : explain SELECT DISTINCT c FROM sbtest4 WHERE id BETWEEN 798803 AND 799802 ORDER BY c
	Unique  (cost=3660.30..3664.95 rows=931 width=121)
	  ->  Sort  (cost=3660.30..3662.62 rows=931 width=121)
	        Sort Key: c
	        ->  Bitmap Heap Scan on sbtest4  (cost=29.98..3614.39 rows=931 width=121)
	              Recheck Cond: ((id >= 798803) AND (id <= 799802))
	              ->  Bitmap Index Scan on sbtest4_pkey  (cost=0.00..29.75 rows=931 width=0)
	                    Index Cond: ((id >= 798803) AND (id <= 799802))

table 5 : explain SELECT DISTINCT c FROM sbtest5 WHERE id BETWEEN 2622122 AND 2623121 ORDER BY c
	Unique  (cost=3963.06..3968.11 rows=1010 width=121)
	  ->  Sort  (cost=3963.06..3965.58 rows=1010 width=121)
	        Sort Key: c
	        ->  Bitmap Heap Scan on sbtest5  (cost=30.79..3912.66 rows=1010 width=121)
	              Recheck Cond: ((id >= 2622122) AND (id <= 2623121))
	              ->  Bitmap Index Scan on sbtest5_pkey  (cost=0.00..30.54 rows=1010 width=0)
	                    Index Cond: ((id >= 2622122) AND (id <= 2623121))

table 6 : explain SELECT DISTINCT c FROM sbtest6 WHERE id BETWEEN 8458193 AND 8459192 ORDER BY c
	Unique  (cost=3978.20..3983.27 rows=1013 width=121)
	  ->  Sort  (cost=3978.20..3980.74 rows=1013 width=121)
	        Sort Key: c
	        ->  Bitmap Heap Scan on sbtest6  (cost=34.82..3927.63 rows=1013 width=121)
	              Recheck Cond: ((id >= 8458193) AND (id <= 8459192))
	              ->  Bitmap Index Scan on sbtest6_pkey  (cost=0.00..34.57 rows=1013 width=0)
	                    Index Cond: ((id >= 8458193) AND (id <= 8459192))

table 7 : explain SELECT DISTINCT c FROM sbtest7 WHERE id BETWEEN 5540346 AND 5541345 ORDER BY c
	Unique  (cost=4277.00..4282.46 rows=1091 width=121)
	  ->  Sort  (cost=4277.00..4279.73 rows=1091 width=121)
	        Sort Key: c
	        ->  Bitmap Heap Scan on sbtest7  (cost=35.62..4221.95 rows=1091 width=121)
	              Recheck Cond: ((id >= 5540346) AND (id <= 5541345))
	              ->  Bitmap Index Scan on sbtest7_pkey  (cost=0.00..35.34 rows=1091 width=0)
	                    Index Cond: ((id >= 5540346) AND (id <= 5541345))

table 8 : explain SELECT DISTINCT c FROM sbtest8 WHERE id BETWEEN 6289620 AND 6290619 ORDER BY c
	Unique  (cost=3809.75..3814.60 rows=970 width=121)
	  ->  Sort  (cost=3809.75..3812.17 rows=970 width=121)
	        Sort Key: c
	        ->  Bitmap Heap Scan on sbtest8  (cost=30.38..3761.63 rows=970 width=121)
	              Recheck Cond: ((id >= 6289620) AND (id <= 6290619))
	              ->  Bitmap Index Scan on sbtest8_pkey  (cost=0.00..30.14 rows=970 width=0)
	                    Index Cond: ((id >= 6289620) AND (id <= 6290619))

for: distinct_ranges
table 1 : explain SELECT DISTINCT c FROM sbtest1 WHERE id BETWEEN 142436 AND 143435 ORDER BY c
	Unique  (cost=4100.80..4106.03 rows=1046 width=121)
	  ->  Sort  (cost=4100.80..4103.41 rows=1046 width=121)
	        Sort Key: c
	        ->  Bitmap Heap Scan on sbtest1  (cost=31.16..4048.34 rows=1046 width=121)
	              Recheck Cond: ((id >= 142436) AND (id <= 143435))
	              ->  Bitmap Index Scan on sbtest1_pkey  (cost=0.00..30.89 rows=1046 width=0)
	                    Index Cond: ((id >= 142436) AND (id <= 143435))

table 2 : explain SELECT DISTINCT c FROM sbtest2 WHERE id BETWEEN 7276165 AND 7277164 ORDER BY c
	Unique  (cost=3729.15..3733.90 rows=949 width=121)
	  ->  Sort  (cost=3729.15..3731.52 rows=949 width=121)
	        Sort Key: c
	        ->  Bitmap Heap Scan on sbtest2  (cost=30.16..3682.22 rows=949 width=121)
	              Recheck Cond: ((id >= 7276165) AND (id <= 7277164))
	              ->  Bitmap Index Scan on sbtest2_pkey  (cost=0.00..29.93 rows=949 width=0)
	                    Index Cond: ((id >= 7276165) AND (id <= 7277164))

table 3 : explain SELECT DISTINCT c FROM sbtest3 WHERE id BETWEEN 1802712 AND 1803711 ORDER BY c
	Unique  (cost=3893.82..3898.78 rows=992 width=121)
	  ->  Sort  (cost=3893.82..3896.30 rows=992 width=121)
	        Sort Key: c
	        ->  Bitmap Heap Scan on sbtest3  (cost=30.60..3844.44 rows=992 width=121)
	              Recheck Cond: ((id >= 1802712) AND (id <= 1803711))
	              ->  Bitmap Index Scan on sbtest3_pkey  (cost=0.00..30.36 rows=992 width=0)
	                    Index Cond: ((id >= 1802712) AND (id <= 1803711))

table 4 : explain SELECT DISTINCT c FROM sbtest4 WHERE id BETWEEN 2130346 AND 2131345 ORDER BY c
	Unique  (cost=3932.67..3937.68 rows=1002 width=121)
	  ->  Sort  (cost=3932.67..3935.18 rows=1002 width=121)
	        Sort Key: c
	        ->  Bitmap Heap Scan on sbtest4  (cost=30.71..3882.73 rows=1002 width=121)
	              Recheck Cond: ((id >= 2130346) AND (id <= 2131345))
	              ->  Bitmap Index Scan on sbtest4_pkey  (cost=0.00..30.45 rows=1002 width=0)
	                    Index Cond: ((id >= 2130346) AND (id <= 2131345))

table 5 : explain SELECT DISTINCT c FROM sbtest5 WHERE id BETWEEN 5686838 AND 5687837 ORDER BY c
	Unique  (cost=3782.89..3787.70 rows=963 width=121)
	  ->  Sort  (cost=3782.89..3785.29 rows=963 width=121)
	        Sort Key: c
	        ->  Bitmap Heap Scan on sbtest5  (cost=30.31..3735.16 rows=963 width=121)
	              Recheck Cond: ((id >= 5686838) AND (id <= 5687837))
	              ->  Bitmap Index Scan on sbtest5_pkey  (cost=0.00..30.07 rows=963 width=0)
	                    Index Cond: ((id >= 5686838) AND (id <= 5687837))

table 6 : explain SELECT DISTINCT c FROM sbtest6 WHERE id BETWEEN 7067255 AND 7068254 ORDER BY c
	Unique  (cost=3575.25..3579.80 rows=909 width=121)
	  ->  Sort  (cost=3575.25..3577.52 rows=909 width=121)
	        Sort Key: c
	        ->  Bitmap Heap Scan on sbtest6  (cost=29.75..3530.58 rows=909 width=121)
	              Recheck Cond: ((id >= 7067255) AND (id <= 7068254))
	              ->  Bitmap Index Scan on sbtest6_pkey  (cost=0.00..29.52 rows=909 width=0)
	                    Index Cond: ((id >= 7067255) AND (id <= 7068254))

table 7 : explain SELECT DISTINCT c FROM sbtest7 WHERE id BETWEEN 809508 AND 810507 ORDER BY c
	Unique  (cost=4131.71..4136.97 rows=1053 width=121)
	  ->  Sort  (cost=4131.71..4134.34 rows=1053 width=121)
	        Sort Key: c
	        ->  Bitmap Heap Scan on sbtest7  (cost=35.23..4078.84 rows=1053 width=121)
	              Recheck Cond: ((id >= 809508) AND (id <= 810507))
	              ->  Bitmap Index Scan on sbtest7_pkey  (cost=0.00..34.97 rows=1053 width=0)
	                    Index Cond: ((id >= 809508) AND (id <= 810507))

table 8 : explain SELECT DISTINCT c FROM sbtest8 WHERE id BETWEEN 7300008 AND 7301007 ORDER BY c
	Unique  (cost=4364.84..4370.41 rows=1114 width=121)
	  ->  Sort  (cost=4364.84..4367.63 rows=1114 width=121)
	        Sort Key: c
	        ->  Bitmap Heap Scan on sbtest8  (cost=35.85..4308.46 rows=1114 width=121)
	              Recheck Cond: ((id >= 7300008) AND (id <= 7301007))
	              ->  Bitmap Index Scan on sbtest8_pkey  (cost=0.00..35.58 rows=1114 width=0)
	                    Index Cond: ((id >= 7300008) AND (id <= 7301007))

for: simple_ranges
table 1 : explain SELECT c FROM sbtest1 WHERE id BETWEEN 281402 AND 282401
	Bitmap Heap Scan on sbtest1  (cost=35.85..4308.35 rows=1114 width=121)
	  Recheck Cond: ((id >= 281402) AND (id <= 282401))
	  ->  Bitmap Index Scan on sbtest1_pkey  (cost=0.00..35.58 rows=1114 width=0)
	        Index Cond: ((id >= 281402) AND (id <= 282401))

table 2 : explain SELECT c FROM sbtest2 WHERE id BETWEEN 372848 AND 373847
	Bitmap Heap Scan on sbtest2  (cost=30.61..3848.48 rows=993 width=121)
	  Recheck Cond: ((id >= 372848) AND (id <= 373847))
	  ->  Bitmap Index Scan on sbtest2_pkey  (cost=0.00..30.36 rows=993 width=0)
	        Index Cond: ((id >= 372848) AND (id <= 373847))

table 3 : explain SELECT c FROM sbtest3 WHERE id BETWEEN 2931399 AND 2932398
	Bitmap Heap Scan on sbtest3  (cost=35.59..4210.32 rows=1088 width=121)
	  Recheck Cond: ((id >= 2931399) AND (id <= 2932398))
	  ->  Bitmap Index Scan on sbtest3_pkey  (cost=0.00..35.32 rows=1088 width=0)
	        Index Cond: ((id >= 2931399) AND (id <= 2932398))

table 4 : explain SELECT c FROM sbtest4 WHERE id BETWEEN 8429895 AND 8430894
	Bitmap Heap Scan on sbtest4  (cost=30.56..3829.87 rows=988 width=121)
	  Recheck Cond: ((id >= 8429895) AND (id <= 8430894))
	  ->  Bitmap Index Scan on sbtest4_pkey  (cost=0.00..30.32 rows=988 width=0)
	        Index Cond: ((id >= 8429895) AND (id <= 8430894))

table 5 : explain SELECT c FROM sbtest5 WHERE id BETWEEN 998198 AND 999197
	Bitmap Heap Scan on sbtest5  (cost=30.44..3784.29 rows=976 width=121)
	  Recheck Cond: ((id >= 998198) AND (id <= 999197))
	  ->  Bitmap Index Scan on sbtest5_pkey  (cost=0.00..30.19 rows=976 width=0)
	        Index Cond: ((id >= 998198) AND (id <= 999197))

table 6 : explain SELECT c FROM sbtest6 WHERE id BETWEEN 287024 AND 288023
	Bitmap Heap Scan on sbtest6  (cost=35.37..4131.18 rows=1067 width=121)
	  Recheck Cond: ((id >= 287024) AND (id <= 288023))
	  ->  Bitmap Index Scan on sbtest6_pkey  (cost=0.00..35.11 rows=1067 width=0)
	        Index Cond: ((id >= 287024) AND (id <= 288023))

table 7 : explain SELECT c FROM sbtest7 WHERE id BETWEEN 8713878 AND 8714877
	Bitmap Heap Scan on sbtest7  (cost=30.07..3648.23 rows=940 width=121)
	  Recheck Cond: ((id >= 8713878) AND (id <= 8714877))
	  ->  Bitmap Index Scan on sbtest7_pkey  (cost=0.00..29.83 rows=940 width=0)
	        Index Cond: ((id >= 8713878) AND (id <= 8714877))

table 8 : explain SELECT c FROM sbtest8 WHERE id BETWEEN 2679946 AND 2680945
	Bitmap Heap Scan on sbtest8  (cost=30.70..3878.70 rows=1001 width=121)
	  Recheck Cond: ((id >= 2679946) AND (id <= 2680945))
	  ->  Bitmap Index Scan on sbtest8_pkey  (cost=0.00..30.44 rows=1001 width=0)
	        Index Cond: ((id >= 2679946) AND (id <= 2680945))

for: simple_ranges
table 1 : explain SELECT c FROM sbtest1 WHERE id BETWEEN 5110870 AND 5111869
	Bitmap Heap Scan on sbtest1  (cost=29.77..3538.38 rows=911 width=121)
	  Recheck Cond: ((id >= 5110870) AND (id <= 5111869))
	  ->  Bitmap Index Scan on sbtest1_pkey  (cost=0.00..29.54 rows=911 width=0)
	        Index Cond: ((id >= 5110870) AND (id <= 5111869))

table 2 : explain SELECT c FROM sbtest2 WHERE id BETWEEN 7686000 AND 7686999
	Bitmap Heap Scan on sbtest2  (cost=30.90..3954.15 rows=1021 width=121)
	  Recheck Cond: ((id >= 7686000) AND (id <= 7686999))
	  ->  Bitmap Index Scan on sbtest2_pkey  (cost=0.00..30.64 rows=1021 width=0)
	        Index Cond: ((id >= 7686000) AND (id <= 7686999))

table 3 : explain SELECT c FROM sbtest3 WHERE id BETWEEN 9272330 AND 9273329
	Bitmap Heap Scan on sbtest3  (cost=30.38..3761.35 rows=970 width=121)
	  Recheck Cond: ((id >= 9272330) AND (id <= 9273329))
	  ->  Bitmap Index Scan on sbtest3_pkey  (cost=0.00..30.14 rows=970 width=0)
	        Index Cond: ((id >= 9272330) AND (id <= 9273329))

table 4 : explain SELECT c FROM sbtest4 WHERE id BETWEEN 795235 AND 796234
	Bitmap Heap Scan on sbtest4  (cost=29.98..3614.39 rows=931 width=121)
	  Recheck Cond: ((id >= 795235) AND (id <= 796234))
	  ->  Bitmap Index Scan on sbtest4_pkey  (cost=0.00..29.75 rows=931 width=0)
	        Index Cond: ((id >= 795235) AND (id <= 796234))

table 5 : explain SELECT c FROM sbtest5 WHERE id BETWEEN 7032689 AND 7033688
	Bitmap Heap Scan on sbtest5  (cost=31.17..4052.20 rows=1047 width=121)
	  Recheck Cond: ((id >= 7032689) AND (id <= 7033688))
	  ->  Bitmap Index Scan on sbtest5_pkey  (cost=0.00..30.90 rows=1047 width=0)
	        Index Cond: ((id >= 7032689) AND (id <= 7033688))

table 6 : explain SELECT c FROM sbtest6 WHERE id BETWEEN 6881125 AND 6882124
	Bitmap Heap Scan on sbtest6  (cost=30.75..3897.22 rows=1006 width=121)
	  Recheck Cond: ((id >= 6881125) AND (id <= 6882124))
	  ->  Bitmap Index Scan on sbtest6_pkey  (cost=0.00..30.50 rows=1006 width=0)
	        Index Cond: ((id >= 6881125) AND (id <= 6882124))

table 7 : explain SELECT c FROM sbtest7 WHERE id BETWEEN 6052228 AND 6053227
	Bitmap Heap Scan on sbtest7  (cost=29.99..3617.96 rows=932 width=121)
	  Recheck Cond: ((id >= 6052228) AND (id <= 6053227))
	  ->  Bitmap Index Scan on sbtest7_pkey  (cost=0.00..29.75 rows=932 width=0)
	        Index Cond: ((id >= 6052228) AND (id <= 6053227))

table 8 : explain SELECT c FROM sbtest8 WHERE id BETWEEN 72113 AND 73112
	Bitmap Heap Scan on sbtest8  (cost=30.73..3890.03 rows=1004 width=121)
	  Recheck Cond: ((id >= 72113) AND (id <= 73112))
	  ->  Bitmap Index Scan on sbtest8_pkey  (cost=0.00..30.47 rows=1004 width=0)
	        Index Cond: ((id >= 72113) AND (id <= 73112))

for point_selects
table 1 : explain SELECT c FROM sbtest1 WHERE id=7812106
	Index Scan using sbtest1_pkey on sbtest1  (cost=0.43..8.45 rows=1 width=121)
	  Index Cond: (id = 7812106)

table 2 : explain SELECT c FROM sbtest2 WHERE id=5885963
	Index Scan using sbtest2_pkey on sbtest2  (cost=0.43..8.45 rows=1 width=121)
	  Index Cond: (id = 5885963)

table 3 : explain SELECT c FROM sbtest3 WHERE id=461281
	Index Scan using sbtest3_pkey on sbtest3  (cost=0.43..8.45 rows=1 width=121)
	  Index Cond: (id = 461281)

table 4 : explain SELECT c FROM sbtest4 WHERE id=6305232
	Index Scan using sbtest4_pkey on sbtest4  (cost=0.43..8.45 rows=1 width=121)
	  Index Cond: (id = 6305232)

table 5 : explain SELECT c FROM sbtest5 WHERE id=3311231
	Index Scan using sbtest5_pkey on sbtest5  (cost=0.43..8.45 rows=1 width=121)
	  Index Cond: (id = 3311231)

table 6 : explain SELECT c FROM sbtest6 WHERE id=5841703
	Index Scan using sbtest6_pkey on sbtest6  (cost=0.43..8.45 rows=1 width=121)
	  Index Cond: (id = 5841703)

table 7 : explain SELECT c FROM sbtest7 WHERE id=3476517
	Index Scan using sbtest7_pkey on sbtest7  (cost=0.43..8.45 rows=1 width=121)
	  Index Cond: (id = 3476517)

table 8 : explain SELECT c FROM sbtest8 WHERE id=5709818
	Index Scan using sbtest8_pkey on sbtest8  (cost=0.43..8.45 rows=1 width=121)
	  Index Cond: (id = 5709818)

for: sum_ranges
table 1 : explain SELECT SUM(k) FROM sbtest1 WHERE id BETWEEN 6925188 AND 6926187
	Aggregate  (cost=3998.14..3998.15 rows=1 width=8)
	  ->  Bitmap Heap Scan on sbtest1  (cost=31.01..3995.56 rows=1032 width=4)
	        Recheck Cond: ((id >= 6925188) AND (id <= 6926187))
	        ->  Bitmap Index Scan on sbtest1_pkey  (cost=0.00..30.75 rows=1032 width=0)
	              Index Cond: ((id >= 6925188) AND (id <= 6926187))

table 2 : explain SELECT SUM(k) FROM sbtest2 WHERE id BETWEEN 6179152 AND 6180151
	Aggregate  (cost=4073.88..4073.89 rows=1 width=8)
	  ->  Bitmap Heap Scan on sbtest2  (cost=35.21..4071.26 rows=1051 width=4)
	        Recheck Cond: ((id >= 6179152) AND (id <= 6180151))
	        ->  Bitmap Index Scan on sbtest2_pkey  (cost=0.00..34.95 rows=1051 width=0)
	              Index Cond: ((id >= 6179152) AND (id <= 6180151))

table 3 : explain SELECT SUM(k) FROM sbtest3 WHERE id BETWEEN 6691567 AND 6692566
	Aggregate  (cost=4016.81..4016.82 rows=1 width=8)
	  ->  Bitmap Heap Scan on sbtest3  (cost=31.06..4014.21 rows=1037 width=4)
	        Recheck Cond: ((id >= 6691567) AND (id <= 6692566))
	        ->  Bitmap Index Scan on sbtest3_pkey  (cost=0.00..30.80 rows=1037 width=0)
	              Index Cond: ((id >= 6691567) AND (id <= 6692566))

table 4 : explain SELECT SUM(k) FROM sbtest4 WHERE id BETWEEN 9981930 AND 9982929
	Aggregate  (cost=3809.66..3809.67 rows=1 width=8)
	  ->  Bitmap Heap Scan on sbtest4  (cost=30.50..3807.20 rows=982 width=4)
	        Recheck Cond: ((id >= 9981930) AND (id <= 9982929))
	        ->  Bitmap Index Scan on sbtest4_pkey  (cost=0.00..30.25 rows=982 width=0)
	              Index Cond: ((id >= 9981930) AND (id <= 9982929))

table 5 : explain SELECT SUM(k) FROM sbtest5 WHERE id BETWEEN 5722449 AND 5723448
	Aggregate  (cost=3737.57..3737.58 rows=1 width=8)
	  ->  Bitmap Heap Scan on sbtest5  (cost=30.31..3735.16 rows=963 width=4)
	        Recheck Cond: ((id >= 5722449) AND (id <= 5723448))
	        ->  Bitmap Index Scan on sbtest5_pkey  (cost=0.00..30.07 rows=963 width=0)
	              Index Cond: ((id >= 5722449) AND (id <= 5723448))

table 6 : explain SELECT SUM(k) FROM sbtest6 WHERE id BETWEEN 9202988 AND 9203987
	Aggregate  (cost=4107.46..4107.47 rows=1 width=8)
	  ->  Bitmap Heap Scan on sbtest6  (cost=35.30..4104.81 rows=1060 width=4)
	        Recheck Cond: ((id >= 9202988) AND (id <= 9203987))
	        ->  Bitmap Index Scan on sbtest6_pkey  (cost=0.00..35.04 rows=1060 width=0)
	              Index Cond: ((id >= 9202988) AND (id <= 9203987))

table 7 : explain SELECT SUM(k) FROM sbtest7 WHERE id BETWEEN 7015344 AND 7016343
	Aggregate  (cost=3945.42..3945.43 rows=1 width=8)
	  ->  Bitmap Heap Scan on sbtest7  (cost=30.87..3942.88 rows=1018 width=4)
	        Recheck Cond: ((id >= 7015344) AND (id <= 7016343))
	        ->  Bitmap Index Scan on sbtest7_pkey  (cost=0.00..30.61 rows=1018 width=0)
	              Index Cond: ((id >= 7015344) AND (id <= 7016343))

table 8 : explain SELECT SUM(k) FROM sbtest8 WHERE id BETWEEN 9890893 AND 9891892
	Aggregate  (cost=3548.32..3548.33 rows=1 width=8)
	  ->  Bitmap Heap Scan on sbtest8  (cost=29.79..3546.03 rows=913 width=4)
	        Recheck Cond: ((id >= 9890893) AND (id <= 9891892))
	        ->  Bitmap Index Scan on sbtest8_pkey  (cost=0.00..29.57 rows=913 width=0)
	              Index Cond: ((id >= 9890893) AND (id <= 9891892))

for point_selects
table 1 : explain SELECT c FROM sbtest1 WHERE id=3866450
	Index Scan using sbtest1_pkey on sbtest1  (cost=0.43..8.45 rows=1 width=121)
	  Index Cond: (id = 3866450)

table 2 : explain SELECT c FROM sbtest2 WHERE id=187553
	Index Scan using sbtest2_pkey on sbtest2  (cost=0.43..8.45 rows=1 width=121)
	  Index Cond: (id = 187553)

table 3 : explain SELECT c FROM sbtest3 WHERE id=3138407
	Index Scan using sbtest3_pkey on sbtest3  (cost=0.43..8.45 rows=1 width=121)
	  Index Cond: (id = 3138407)

table 4 : explain SELECT c FROM sbtest4 WHERE id=9682904
	Index Scan using sbtest4_pkey on sbtest4  (cost=0.43..8.45 rows=1 width=121)
	  Index Cond: (id = 9682904)

table 5 : explain SELECT c FROM sbtest5 WHERE id=4257090
	Index Scan using sbtest5_pkey on sbtest5  (cost=0.43..8.45 rows=1 width=121)
	  Index Cond: (id = 4257090)

table 6 : explain SELECT c FROM sbtest6 WHERE id=3685664
	Index Scan using sbtest6_pkey on sbtest6  (cost=0.43..8.45 rows=1 width=121)
	  Index Cond: (id = 3685664)

table 7 : explain SELECT c FROM sbtest7 WHERE id=8571431
	Index Scan using sbtest7_pkey on sbtest7  (cost=0.43..8.45 rows=1 width=121)
	  Index Cond: (id = 8571431)

table 8 : explain SELECT c FROM sbtest8 WHERE id=2818975
	Index Scan using sbtest8_pkey on sbtest8  (cost=0.43..8.45 rows=1 width=121)
	  Index Cond: (id = 2818975)

explain: for point_selects :: explain SELECT c FROM sbtest%u WHERE id=%u
explain: for point_selects :: explain SELECT c FROM sbtest%u WHERE id=%u
explain: for point_selects :: explain SELECT c FROM sbtest%u WHERE id=%u
for point_selects
table 1 : explain SELECT c FROM sbtest1 WHERE id=1009465
	Index Scan using sbtest1_pkey on sbtest1  (cost=0.43..8.45 rows=1 width=121)
	  Index Cond: (id = 1009465)

table 2 : explain SELECT c FROM sbtest2 WHERE id=1826881
	Index Scan using sbtest2_pkey on sbtest2  (cost=0.43..8.45 rows=1 width=121)
	  Index Cond: (id = 1826881)

table 3 : explain SELECT c FROM sbtest3 WHERE id=6854871
	Index Scan using sbtest3_pkey on sbtest3  (cost=0.43..8.45 rows=1 width=121)
	  Index Cond: (id = 6854871)

table 4 : explain SELECT c FROM sbtest4 WHERE id=8454908
	Index Scan using sbtest4_pkey on sbtest4  (cost=0.43..8.45 rows=1 width=121)
	  Index Cond: (id = 8454908)

table 5 : explain SELECT c FROM sbtest5 WHERE id=1564977
	Index Scan using sbtest5_pkey on sbtest5  (cost=0.43..8.45 rows=1 width=121)
	  Index Cond: (id = 1564977)

table 6 : explain SELECT c FROM sbtest6 WHERE id=1838060
	Index Scan using sbtest6_pkey on sbtest6  (cost=0.43..8.45 rows=1 width=121)
	  Index Cond: (id = 1838060)

table 7 : explain SELECT c FROM sbtest7 WHERE id=3265315
	Index Scan using sbtest7_pkey on sbtest7  (cost=0.43..8.45 rows=1 width=121)
	  Index Cond: (id = 3265315)

table 8 : explain SELECT c FROM sbtest8 WHERE id=4239268
	Index Scan using sbtest8_pkey on sbtest8  (cost=0.43..8.45 rows=1 width=121)
	  Index Cond: (id = 4239268)

for: sum_ranges
table 1 : explain SELECT SUM(k) FROM sbtest1 WHERE id BETWEEN 3663744 AND 3664743
	Aggregate  (cost=3582.32..3582.33 rows=1 width=8)
	  ->  Bitmap Heap Scan on sbtest1  (cost=29.89..3580.02 rows=922 width=4)
	        Recheck Cond: ((id >= 3663744) AND (id <= 3664743))
	        ->  Bitmap Index Scan on sbtest1_pkey  (cost=0.00..29.65 rows=922 width=0)
	              Index Cond: ((id >= 3663744) AND (id <= 3664743))

table 2 : explain SELECT SUM(k) FROM sbtest2 WHERE id BETWEEN 5122793 AND 5123792
	Aggregate  (cost=3680.81..3680.82 rows=1 width=8)
	  ->  Bitmap Heap Scan on sbtest2  (cost=30.15..3678.44 rows=948 width=4)
	        Recheck Cond: ((id >= 5122793) AND (id <= 5123792))
	        ->  Bitmap Index Scan on sbtest2_pkey  (cost=0.00..29.91 rows=948 width=0)
	              Index Cond: ((id >= 5122793) AND (id <= 5123792))

table 3 : explain SELECT SUM(k) FROM sbtest3 WHERE id BETWEEN 3924433 AND 3925432
	Aggregate  (cost=3695.71..3695.72 rows=1 width=8)
	  ->  Bitmap Heap Scan on sbtest3  (cost=30.19..3693.33 rows=952 width=4)
	        Recheck Cond: ((id >= 3924433) AND (id <= 3925432))
	        ->  Bitmap Index Scan on sbtest3_pkey  (cost=0.00..29.95 rows=952 width=0)
	              Index Cond: ((id >= 3924433) AND (id <= 3925432))

table 4 : explain SELECT SUM(k) FROM sbtest4 WHERE id BETWEEN 3557418 AND 3558417
	Aggregate  (cost=3870.12..3870.13 rows=1 width=8)
	  ->  Bitmap Heap Scan on sbtest4  (cost=30.66..3867.63 rows=998 width=4)
	        Recheck Cond: ((id >= 3557418) AND (id <= 3558417))
	        ->  Bitmap Index Scan on sbtest4_pkey  (cost=0.00..30.41 rows=998 width=0)
	              Index Cond: ((id >= 3557418) AND (id <= 3558417))

table 5 : explain SELECT SUM(k) FROM sbtest5 WHERE id BETWEEN 7415888 AND 7416887
	Aggregate  (cost=3847.20..3847.21 rows=1 width=8)
	  ->  Bitmap Heap Scan on sbtest5  (cost=30.60..3844.72 rows=992 width=4)
	        Recheck Cond: ((id >= 7415888) AND (id <= 7416887))
	        ->  Bitmap Index Scan on sbtest5_pkey  (cost=0.00..30.36 rows=992 width=0)
	              Index Cond: ((id >= 7415888) AND (id <= 7416887))

table 6 : explain SELECT SUM(k) FROM sbtest6 WHERE id BETWEEN 7772934 AND 7773933
	Aggregate  (cost=4115.00..4115.01 rows=1 width=8)
	  ->  Bitmap Heap Scan on sbtest6  (cost=35.32..4112.35 rows=1062 width=4)
	        Recheck Cond: ((id >= 7772934) AND (id <= 7773933))
	        ->  Bitmap Index Scan on sbtest6_pkey  (cost=0.00..35.06 rows=1062 width=0)
	              Index Cond: ((id >= 7772934) AND (id <= 7773933))

table 7 : explain SELECT SUM(k) FROM sbtest7 WHERE id BETWEEN 8212837 AND 8213836
	Aggregate  (cost=4073.93..4073.94 rows=1 width=8)
	  ->  Bitmap Heap Scan on sbtest7  (cost=35.21..4071.31 rows=1051 width=4)
	        Recheck Cond: ((id >= 8212837) AND (id <= 8213836))
	        ->  Bitmap Index Scan on sbtest7_pkey  (cost=0.00..34.95 rows=1051 width=0)
	              Index Cond: ((id >= 8212837) AND (id <= 8213836))

table 8 : explain SELECT SUM(k) FROM sbtest8 WHERE id BETWEEN 5467919 AND 5468918
	Aggregate  (cost=4401.57..4401.58 rows=1 width=8)
	  ->  Bitmap Heap Scan on sbtest8  (cost=36.11..4398.72 rows=1139 width=4)
	        Recheck Cond: ((id >= 5467919) AND (id <= 5468918))
	        ->  Bitmap Index Scan on sbtest8_pkey  (cost=0.00..35.83 rows=1139 width=0)
	              Index Cond: ((id >= 5467919) AND (id <= 5468918))

for: sum_ranges
table 1 : explain SELECT SUM(k) FROM sbtest1 WHERE id BETWEEN 2461641 AND 2462640
	Aggregate  (cost=4273.50..4273.51 rows=1 width=8)
	  ->  Bitmap Heap Scan on sbtest1  (cost=35.75..4270.74 rows=1104 width=4)
	        Recheck Cond: ((id >= 2461641) AND (id <= 2462640))
	        ->  Bitmap Index Scan on sbtest1_pkey  (cost=0.00..35.48 rows=1104 width=0)
	              Index Cond: ((id >= 2461641) AND (id <= 2462640))

table 2 : explain SELECT SUM(k) FROM sbtest2 WHERE id BETWEEN 5107670 AND 5108669
	Aggregate  (cost=3680.81..3680.82 rows=1 width=8)
	  ->  Bitmap Heap Scan on sbtest2  (cost=30.15..3678.44 rows=948 width=4)
	        Recheck Cond: ((id >= 5107670) AND (id <= 5108669))
	        ->  Bitmap Index Scan on sbtest2_pkey  (cost=0.00..29.91 rows=948 width=0)
	              Index Cond: ((id >= 5107670) AND (id <= 5108669))

table 3 : explain SELECT SUM(k) FROM sbtest3 WHERE id BETWEEN 3048917 AND 3049916
	Aggregate  (cost=3839.37..3839.38 rows=1 width=8)
	  ->  Bitmap Heap Scan on sbtest3  (cost=30.58..3836.89 rows=990 width=4)
	        Recheck Cond: ((id >= 3048917) AND (id <= 3049916))
	        ->  Bitmap Index Scan on sbtest3_pkey  (cost=0.00..30.33 rows=990 width=0)
	              Index Cond: ((id >= 3048917) AND (id <= 3049916))

table 4 : explain SELECT SUM(k) FROM sbtest4 WHERE id BETWEEN 2138656 AND 2139655
	Aggregate  (cost=3885.23..3885.24 rows=1 width=8)
	  ->  Bitmap Heap Scan on sbtest4  (cost=30.71..3882.73 rows=1002 width=4)
	        Recheck Cond: ((id >= 2138656) AND (id <= 2139655))
	        ->  Bitmap Index Scan on sbtest4_pkey  (cost=0.00..30.45 rows=1002 width=0)
	              Index Cond: ((id >= 2138656) AND (id <= 2139655))

table 5 : explain SELECT SUM(k) FROM sbtest5 WHERE id BETWEEN 9838457 AND 9839456
	Aggregate  (cost=3767.82..3767.83 rows=1 width=8)
	  ->  Bitmap Heap Scan on sbtest5  (cost=30.39..3765.39 rows=971 width=4)
	        Recheck Cond: ((id >= 9838457) AND (id <= 9839456))
	        ->  Bitmap Index Scan on sbtest5_pkey  (cost=0.00..30.14 rows=971 width=0)
	              Index Cond: ((id >= 9838457) AND (id <= 9839456))

table 6 : explain SELECT SUM(k) FROM sbtest6 WHERE id BETWEEN 6279478 AND 6280477
	Aggregate  (cost=3914.84..3914.85 rows=1 width=8)
	  ->  Bitmap Heap Scan on sbtest6  (cost=30.79..3912.31 rows=1010 width=4)
	        Recheck Cond: ((id >= 6279478) AND (id <= 6280477))
	        ->  Bitmap Index Scan on sbtest6_pkey  (cost=0.00..30.54 rows=1010 width=0)
	              Index Cond: ((id >= 6279478) AND (id <= 6280477))

table 7 : explain SELECT SUM(k) FROM sbtest7 WHERE id BETWEEN 5476051 AND 5477050
	Aggregate  (cost=3752.73..3752.74 rows=1 width=8)
	  ->  Bitmap Heap Scan on sbtest7  (cost=30.35..3750.31 rows=967 width=4)
	        Recheck Cond: ((id >= 5476051) AND (id <= 5477050))
	        ->  Bitmap Index Scan on sbtest7_pkey  (cost=0.00..30.11 rows=967 width=0)
	              Index Cond: ((id >= 5476051) AND (id <= 5477050))

table 8 : explain SELECT SUM(k) FROM sbtest8 WHERE id BETWEEN 6406721 AND 6407720
	Aggregate  (cost=4273.61..4273.62 rows=1 width=8)
	  ->  Bitmap Heap Scan on sbtest8  (cost=35.75..4270.85 rows=1104 width=4)
	        Recheck Cond: ((id >= 6406721) AND (id <= 6407720))
	        ->  Bitmap Index Scan on sbtest8_pkey  (cost=0.00..35.48 rows=1104 width=0)
	              Index Cond: ((id >= 6406721) AND (id <= 6407720))

for: simple_ranges
table 1 : explain SELECT c FROM sbtest1 WHERE id BETWEEN 1768734 AND 1769733
	Bitmap Heap Scan on sbtest1  (cost=30.64..3859.73 rows=996 width=121)
	  Recheck Cond: ((id >= 1768734) AND (id <= 1769733))
	  ->  Bitmap Index Scan on sbtest1_pkey  (cost=0.00..30.39 rows=996 width=0)
	        Index Cond: ((id >= 1768734) AND (id <= 1769733))

table 2 : explain SELECT c FROM sbtest2 WHERE id BETWEEN 2457781 AND 2458780
	Bitmap Heap Scan on sbtest2  (cost=30.49..3803.16 rows=981 width=121)
	  Recheck Cond: ((id >= 2457781) AND (id <= 2458780))
	  ->  Bitmap Index Scan on sbtest2_pkey  (cost=0.00..30.25 rows=981 width=0)
	        Index Cond: ((id >= 2457781) AND (id <= 2458780))

table 3 : explain SELECT c FROM sbtest3 WHERE id BETWEEN 1697545 AND 1698544
	Bitmap Heap Scan on sbtest3  (cost=30.63..3855.77 rows=995 width=121)
	  Recheck Cond: ((id >= 1697545) AND (id <= 1698544))
	  ->  Bitmap Index Scan on sbtest3_pkey  (cost=0.00..30.39 rows=995 width=0)
	        Index Cond: ((id >= 1697545) AND (id <= 1698544))

table 4 : explain SELECT c FROM sbtest4 WHERE id BETWEEN 6969319 AND 6970318
	Bitmap Heap Scan on sbtest4  (cost=30.94..3969.52 rows=1025 width=121)
	  Recheck Cond: ((id >= 6969319) AND (id <= 6970318))
	  ->  Bitmap Index Scan on sbtest4_pkey  (cost=0.00..30.68 rows=1025 width=0)
	        Index Cond: ((id >= 6969319) AND (id <= 6970318))

table 5 : explain SELECT c FROM sbtest5 WHERE id BETWEEN 5935375 AND 5936374
	Bitmap Heap Scan on sbtest5  (cost=29.83..3561.17 rows=917 width=121)
	  Recheck Cond: ((id >= 5935375) AND (id <= 5936374))
	  ->  Bitmap Index Scan on sbtest5_pkey  (cost=0.00..29.61 rows=917 width=0)
	        Index Cond: ((id >= 5935375) AND (id <= 5936374))

table 6 : explain SELECT c FROM sbtest6 WHERE id BETWEEN 9462491 AND 9463490
	Bitmap Heap Scan on sbtest6  (cost=30.09..3655.45 rows=942 width=121)
	  Recheck Cond: ((id >= 9462491) AND (id <= 9463490))
	  ->  Bitmap Index Scan on sbtest6_pkey  (cost=0.00..29.86 rows=942 width=0)
	        Index Cond: ((id >= 9462491) AND (id <= 9463490))

table 7 : explain SELECT c FROM sbtest7 WHERE id BETWEEN 4619266 AND 4620265
	Bitmap Heap Scan on sbtest7  (cost=30.95..3973.05 rows=1026 width=121)
	  Recheck Cond: ((id >= 4619266) AND (id <= 4620265))
	  ->  Bitmap Index Scan on sbtest7_pkey  (cost=0.00..30.69 rows=1026 width=0)
	        Index Cond: ((id >= 4619266) AND (id <= 4620265))

table 8 : explain SELECT c FROM sbtest8 WHERE id BETWEEN 4104518 AND 4105517
	Bitmap Heap Scan on sbtest8  (cost=30.70..3878.70 rows=1001 width=121)
	  Recheck Cond: ((id >= 4104518) AND (id <= 4105517))
	  ->  Bitmap Index Scan on sbtest8_pkey  (cost=0.00..30.44 rows=1001 width=0)
	        Index Cond: ((id >= 4104518) AND (id <= 4105517))

for: sum_ranges
table 1 : explain SELECT SUM(k) FROM sbtest1 WHERE id BETWEEN 8405935 AND 8406934
	Aggregate  (cost=3937.75..3937.76 rows=1 width=8)
	  ->  Bitmap Heap Scan on sbtest1  (cost=30.85..3935.21 rows=1016 width=4)
	        Recheck Cond: ((id >= 8405935) AND (id <= 8406934))
	        ->  Bitmap Index Scan on sbtest1_pkey  (cost=0.00..30.59 rows=1016 width=0)
	              Index Cond: ((id >= 8405935) AND (id <= 8406934))

table 2 : explain SELECT SUM(k) FROM sbtest2 WHERE id BETWEEN 9855186 AND 9856185
	Aggregate  (cost=3718.64..3718.65 rows=1 width=8)
	  ->  Bitmap Heap Scan on sbtest2  (cost=30.25..3716.25 rows=958 width=4)
	        Recheck Cond: ((id >= 9855186) AND (id <= 9856185))
	        ->  Bitmap Index Scan on sbtest2_pkey  (cost=0.00..30.01 rows=958 width=0)
	              Index Cond: ((id >= 9855186) AND (id <= 9856185))

table 3 : explain SELECT SUM(k) FROM sbtest3 WHERE id BETWEEN 215113 AND 216112
	Aggregate  (cost=3805.36..3805.37 rows=1 width=8)
	  ->  Bitmap Heap Scan on sbtest3  (cost=30.49..3802.91 rows=981 width=4)
	        Recheck Cond: ((id >= 215113) AND (id <= 216112))
	        ->  Bitmap Index Scan on sbtest3_pkey  (cost=0.00..30.25 rows=981 width=0)
	              Index Cond: ((id >= 215113) AND (id <= 216112))

table 4 : explain SELECT SUM(k) FROM sbtest4 WHERE id BETWEEN 1606643 AND 1607642
	Aggregate  (cost=4123.20..4123.21 rows=1 width=8)
	  ->  Bitmap Heap Scan on sbtest4  (cost=35.34..4120.54 rows=1064 width=4)
	        Recheck Cond: ((id >= 1606643) AND (id <= 1607642))
	        ->  Bitmap Index Scan on sbtest4_pkey  (cost=0.00..35.08 rows=1064 width=0)
	              Index Cond: ((id >= 1606643) AND (id <= 1607642))

table 5 : explain SELECT SUM(k) FROM sbtest5 WHERE id BETWEEN 5252246 AND 5253245
	Aggregate  (cost=4232.18..4232.19 rows=1 width=8)
	  ->  Bitmap Heap Scan on sbtest5  (cost=35.64..4229.45 rows=1093 width=4)
	        Recheck Cond: ((id >= 5252246) AND (id <= 5253245))
	        ->  Bitmap Index Scan on sbtest5_pkey  (cost=0.00..35.37 rows=1093 width=0)
	              Index Cond: ((id >= 5252246) AND (id <= 5253245))

table 6 : explain SELECT SUM(k) FROM sbtest6 WHERE id BETWEEN 9257293 AND 9258292
	Aggregate  (cost=4107.46..4107.47 rows=1 width=8)
	  ->  Bitmap Heap Scan on sbtest6  (cost=35.30..4104.81 rows=1060 width=4)
	        Recheck Cond: ((id >= 9257293) AND (id <= 9258292))
	        ->  Bitmap Index Scan on sbtest6_pkey  (cost=0.00..35.04 rows=1060 width=0)
	              Index Cond: ((id >= 9257293) AND (id <= 9258292))

table 7 : explain SELECT SUM(k) FROM sbtest7 WHERE id BETWEEN 7114494 AND 7115493
	Aggregate  (cost=3616.51..3616.52 rows=1 width=8)
	  ->  Bitmap Heap Scan on sbtest7  (cost=29.98..3614.18 rows=931 width=4)
	        Recheck Cond: ((id >= 7114494) AND (id <= 7115493))
	        ->  Bitmap Index Scan on sbtest7_pkey  (cost=0.00..29.75 rows=931 width=0)
	              Index Cond: ((id >= 7114494) AND (id <= 7115493))

table 8 : explain SELECT SUM(k) FROM sbtest8 WHERE id BETWEEN 8570350 AND 8571349
	Aggregate  (cost=4149.31..4149.32 rows=1 width=8)
	  ->  Bitmap Heap Scan on sbtest8  (cost=35.41..4146.63 rows=1071 width=4)
	        Recheck Cond: ((id >= 8570350) AND (id <= 8571349))
	        ->  Bitmap Index Scan on sbtest8_pkey  (cost=0.00..35.15 rows=1071 width=0)
	              Index Cond: ((id >= 8570350) AND (id <= 8571349))

for: order_ranges
table 1 : explain SELECT c FROM sbtest1 WHERE id BETWEEN 9164875 AND 9165874 ORDER BY c
	Sort  (cost=4001.27..4003.82 rows=1020 width=121)
	  Sort Key: c
	  ->  Bitmap Heap Scan on sbtest1  (cost=30.89..3950.30 rows=1020 width=121)
	        Recheck Cond: ((id >= 9164875) AND (id <= 9165874))
	        ->  Bitmap Index Scan on sbtest1_pkey  (cost=0.00..30.64 rows=1020 width=0)
	              Index Cond: ((id >= 9164875) AND (id <= 9165874))

table 2 : explain SELECT c FROM sbtest2 WHERE id BETWEEN 4024869 AND 4025868 ORDER BY c
	Sort  (cost=3832.73..3835.17 rows=976 width=121)
	  Sort Key: c
	  ->  Bitmap Heap Scan on sbtest2  (cost=30.44..3784.27 rows=976 width=121)
	        Recheck Cond: ((id >= 4024869) AND (id <= 4025868))
	        ->  Bitmap Index Scan on sbtest2_pkey  (cost=0.00..30.19 rows=976 width=0)
	              Index Cond: ((id >= 4024869) AND (id <= 4025868))

table 3 : explain SELECT c FROM sbtest3 WHERE id BETWEEN 9791424 AND 9792423 ORDER BY c
	Sort  (cost=4425.59..4428.41 rows=1130 width=121)
	  Sort Key: c
	  ->  Bitmap Heap Scan on sbtest3  (cost=36.02..4368.28 rows=1130 width=121)
	        Recheck Cond: ((id >= 9791424) AND (id <= 9792423))
	        ->  Bitmap Index Scan on sbtest3_pkey  (cost=0.00..35.73 rows=1130 width=0)
	              Index Cond: ((id >= 9791424) AND (id <= 9792423))

table 4 : explain SELECT c FROM sbtest4 WHERE id BETWEEN 2955496 AND 2956495 ORDER BY c
	Sort  (cost=3671.82..3674.15 rows=934 width=121)
	  Sort Key: c
	  ->  Bitmap Heap Scan on sbtest4  (cost=30.01..3625.74 rows=934 width=121)
	        Recheck Cond: ((id >= 2955496) AND (id <= 2956495))
	        ->  Bitmap Index Scan on sbtest4_pkey  (cost=0.00..29.77 rows=934 width=0)
	              Index Cond: ((id >= 2955496) AND (id <= 2956495))

table 5 : explain SELECT c FROM sbtest5 WHERE id BETWEEN 3806055 AND 3807054 ORDER BY c
	Sort  (cost=3448.67..3450.86 rows=876 width=121)
	  Sort Key: c
	  ->  Bitmap Heap Scan on sbtest5  (cost=29.41..3405.85 rows=876 width=121)
	        Recheck Cond: ((id >= 3806055) AND (id <= 3807054))
	        ->  Bitmap Index Scan on sbtest5_pkey  (cost=0.00..29.19 rows=876 width=0)
	              Index Cond: ((id >= 3806055) AND (id <= 3807054))

table 6 : explain SELECT c FROM sbtest6 WHERE id BETWEEN 8451452 AND 8452451 ORDER BY c
	Sort  (cost=3978.20..3980.74 rows=1013 width=121)
	  Sort Key: c
	  ->  Bitmap Heap Scan on sbtest6  (cost=34.82..3927.63 rows=1013 width=121)
	        Recheck Cond: ((id >= 8451452) AND (id <= 8452451))
	        ->  Bitmap Index Scan on sbtest6_pkey  (cost=0.00..34.57 rows=1013 width=0)
	              Index Cond: ((id >= 8451452) AND (id <= 8452451))

table 7 : explain SELECT c FROM sbtest7 WHERE id BETWEEN 2990238 AND 2991237 ORDER BY c
	Sort  (cost=3625.52..3627.83 rows=922 width=121)
	  Sort Key: c
	  ->  Bitmap Heap Scan on sbtest7  (cost=29.89..3580.12 rows=922 width=121)
	        Recheck Cond: ((id >= 2990238) AND (id <= 2991237))
	        ->  Bitmap Index Scan on sbtest7_pkey  (cost=0.00..29.65 rows=922 width=0)
	              Index Cond: ((id >= 2990238) AND (id <= 2991237))

table 8 : explain SELECT c FROM sbtest8 WHERE id BETWEEN 6163931 AND 6164930 ORDER BY c
	Sort  (cost=4055.15..4057.73 rows=1033 width=121)
	  Sort Key: c
	  ->  Bitmap Heap Scan on sbtest8  (cost=35.02..4003.43 rows=1033 width=121)
	        Recheck Cond: ((id >= 6163931) AND (id <= 6164930))
	        ->  Bitmap Index Scan on sbtest8_pkey  (cost=0.00..34.77 rows=1033 width=0)
	              Index Cond: ((id >= 6163931) AND (id <= 6164930))

for: simple_ranges
table 1 : explain SELECT c FROM sbtest1 WHERE id BETWEEN 2379608 AND 2380607
	Bitmap Heap Scan on sbtest1  (cost=30.74..3893.70 rows=1005 width=121)
	  Recheck Cond: ((id >= 2379608) AND (id <= 2380607))
	  ->  Bitmap Index Scan on sbtest1_pkey  (cost=0.00..30.48 rows=1005 width=0)
	        Index Cond: ((id >= 2379608) AND (id <= 2380607))

table 2 : explain SELECT c FROM sbtest2 WHERE id BETWEEN 2623880 AND 2624879
	Bitmap Heap Scan on sbtest2  (cost=30.90..3954.15 rows=1021 width=121)
	  Recheck Cond: ((id >= 2623880) AND (id <= 2624879))
	  ->  Bitmap Index Scan on sbtest2_pkey  (cost=0.00..30.64 rows=1021 width=0)
	        Index Cond: ((id >= 2623880) AND (id <= 2624879))

table 3 : explain SELECT c FROM sbtest3 WHERE id BETWEEN 3285484 AND 3286483
	Bitmap Heap Scan on sbtest3  (cost=30.86..3938.79 rows=1017 width=121)
	  Recheck Cond: ((id >= 3285484) AND (id <= 3286483))
	  ->  Bitmap Index Scan on sbtest3_pkey  (cost=0.00..30.61 rows=1017 width=0)
	        Index Cond: ((id >= 3285484) AND (id <= 3286483))

table 4 : explain SELECT c FROM sbtest4 WHERE id BETWEEN 3577575 AND 3578574
	Bitmap Heap Scan on sbtest4  (cost=30.66..3867.63 rows=998 width=121)
	  Recheck Cond: ((id >= 3577575) AND (id <= 3578574))
	  ->  Bitmap Index Scan on sbtest4_pkey  (cost=0.00..30.41 rows=998 width=0)
	        Index Cond: ((id >= 3577575) AND (id <= 3578574))

table 5 : explain SELECT c FROM sbtest5 WHERE id BETWEEN 6075852 AND 6076851
	Bitmap Heap Scan on sbtest5  (cost=35.95..4342.29 rows=1123 width=121)
	  Recheck Cond: ((id >= 6075852) AND (id <= 6076851))
	  ->  Bitmap Index Scan on sbtest5_pkey  (cost=0.00..35.67 rows=1123 width=0)
	        Index Cond: ((id >= 6075852) AND (id <= 6076851))

table 6 : explain SELECT c FROM sbtest6 WHERE id BETWEEN 7373109 AND 7374108
	Bitmap Heap Scan on sbtest6  (cost=30.49..3802.84 rows=981 width=121)
	  Recheck Cond: ((id >= 7373109) AND (id <= 7374108))
	  ->  Bitmap Index Scan on sbtest6_pkey  (cost=0.00..30.25 rows=981 width=0)
	        Index Cond: ((id >= 7373109) AND (id <= 7374108))

table 7 : explain SELECT c FROM sbtest7 WHERE id BETWEEN 7736540 AND 7737539
	Bitmap Heap Scan on sbtest7  (cost=30.04..3636.88 rows=937 width=121)
	  Recheck Cond: ((id >= 7736540) AND (id <= 7737539))
	  ->  Bitmap Index Scan on sbtest7_pkey  (cost=0.00..29.80 rows=937 width=0)
	        Index Cond: ((id >= 7736540) AND (id <= 7737539))

table 8 : explain SELECT c FROM sbtest8 WHERE id BETWEEN 8142118 AND 8143117
	Bitmap Heap Scan on sbtest8  (cost=29.99..3617.94 rows=932 width=121)
	  Recheck Cond: ((id >= 8142118) AND (id <= 8143117))
	  ->  Bitmap Index Scan on sbtest8_pkey  (cost=0.00..29.75 rows=932 width=0)
	        Index Cond: ((id >= 8142118) AND (id <= 8143117))

for: simple_ranges
table 1 : explain SELECT c FROM sbtest1 WHERE id BETWEEN 6332220 AND 6333219
	Bitmap Heap Scan on sbtest1  (cost=35.39..4138.99 rows=1069 width=121)
	  Recheck Cond: ((id >= 6332220) AND (id <= 6333219))
	  ->  Bitmap Index Scan on sbtest1_pkey  (cost=0.00..35.12 rows=1069 width=0)
	        Index Cond: ((id >= 6332220) AND (id <= 6333219))

table 2 : explain SELECT c FROM sbtest2 WHERE id BETWEEN 1381039 AND 1382038
	Bitmap Heap Scan on sbtest2  (cost=35.05..4014.72 rows=1036 width=121)
	  Recheck Cond: ((id >= 1381039) AND (id <= 1382038))
	  ->  Bitmap Index Scan on sbtest2_pkey  (cost=0.00..34.80 rows=1036 width=0)
	        Index Cond: ((id >= 1381039) AND (id <= 1382038))

table 3 : explain SELECT c FROM sbtest3 WHERE id BETWEEN 2230426 AND 2231425
	Bitmap Heap Scan on sbtest3  (cost=30.47..3795.35 rows=979 width=121)
	  Recheck Cond: ((id >= 2230426) AND (id <= 2231425))
	  ->  Bitmap Index Scan on sbtest3_pkey  (cost=0.00..30.22 rows=979 width=0)
	        Index Cond: ((id >= 2230426) AND (id <= 2231425))

table 4 : explain SELECT c FROM sbtest4 WHERE id BETWEEN 8848902 AND 8849901
	Bitmap Heap Scan on sbtest4  (cost=30.37..3758.09 rows=969 width=121)
	  Recheck Cond: ((id >= 8848902) AND (id <= 8849901))
	  ->  Bitmap Index Scan on sbtest4_pkey  (cost=0.00..30.12 rows=969 width=0)
	        Index Cond: ((id >= 8848902) AND (id <= 8849901))

table 5 : explain SELECT c FROM sbtest5 WHERE id BETWEEN 3400281 AND 3401280
	Bitmap Heap Scan on sbtest5  (cost=30.73..3890.02 rows=1004 width=121)
	  Recheck Cond: ((id >= 3400281) AND (id <= 3401280))
	  ->  Bitmap Index Scan on sbtest5_pkey  (cost=0.00..30.47 rows=1004 width=0)
	        Index Cond: ((id >= 3400281) AND (id <= 3401280))

table 6 : explain SELECT c FROM sbtest6 WHERE id BETWEEN 116447 AND 117446
	Bitmap Heap Scan on sbtest6  (cost=35.16..4052.06 rows=1046 width=121)
	  Recheck Cond: ((id >= 116447) AND (id <= 117446))
	  ->  Bitmap Index Scan on sbtest6_pkey  (cost=0.00..34.90 rows=1046 width=0)
	        Index Cond: ((id >= 116447) AND (id <= 117446))

table 7 : explain SELECT c FROM sbtest7 WHERE id BETWEEN 1298133 AND 1299132
	Bitmap Heap Scan on sbtest7  (cost=35.17..4056.23 rows=1047 width=121)
	  Recheck Cond: ((id >= 1298133) AND (id <= 1299132))
	  ->  Bitmap Index Scan on sbtest7_pkey  (cost=0.00..34.91 rows=1047 width=0)
	        Index Cond: ((id >= 1298133) AND (id <= 1299132))

table 8 : explain SELECT c FROM sbtest8 WHERE id BETWEEN 2031621 AND 2032620
	Bitmap Heap Scan on sbtest8  (cost=30.31..3735.17 rows=963 width=121)
	  Recheck Cond: ((id >= 2031621) AND (id <= 2032620))
	  ->  Bitmap Index Scan on sbtest8_pkey  (cost=0.00..30.07 rows=963 width=0)
	        Index Cond: ((id >= 2031621) AND (id <= 2032620))

for: order_ranges
table 1 : explain SELECT c FROM sbtest1 WHERE id BETWEEN 5760964 AND 5761963 ORDER BY c
	Sort  (cost=3398.58..3400.73 rows=863 width=121)
	  Sort Key: c
	  ->  Bitmap Heap Scan on sbtest1  (cost=29.28..3356.49 rows=863 width=121)
	        Recheck Cond: ((id >= 5760964) AND (id <= 5761963))
	        ->  Bitmap Index Scan on sbtest1_pkey  (cost=0.00..29.07 rows=863 width=0)
	              Index Cond: ((id >= 5760964) AND (id <= 5761963))

table 2 : explain SELECT c FROM sbtest2 WHERE id BETWEEN 6380402 AND 6381401 ORDER BY c
	Sort  (cost=4177.56..4180.22 rows=1065 width=121)
	  Sort Key: c
	  ->  Bitmap Heap Scan on sbtest2  (cost=35.35..4124.00 rows=1065 width=121)
	        Recheck Cond: ((id >= 6380402) AND (id <= 6381401))
	        ->  Bitmap Index Scan on sbtest2_pkey  (cost=0.00..35.09 rows=1065 width=0)
	              Index Cond: ((id >= 6380402) AND (id <= 6381401))

table 3 : explain SELECT c FROM sbtest3 WHERE id BETWEEN 6954676 AND 6955675 ORDER BY c
	Sort  (cost=4158.15..4160.80 rows=1060 width=121)
	  Sort Key: c
	  ->  Bitmap Heap Scan on sbtest3  (cost=35.30..4104.89 rows=1060 width=121)
	        Recheck Cond: ((id >= 6954676) AND (id <= 6955675))
	        ->  Bitmap Index Scan on sbtest3_pkey  (cost=0.00..35.04 rows=1060 width=0)
	              Index Cond: ((id >= 6954676) AND (id <= 6955675))

table 4 : explain SELECT c FROM sbtest4 WHERE id BETWEEN 4521960 AND 4522959 ORDER BY c
	Sort  (cost=4384.23..4387.03 rows=1119 width=121)
	  Sort Key: c
	  ->  Bitmap Heap Scan on sbtest4  (cost=35.90..4327.56 rows=1119 width=121)
	        Recheck Cond: ((id >= 4521960) AND (id <= 4522959))
	        ->  Bitmap Index Scan on sbtest4_pkey  (cost=0.00..35.62 rows=1119 width=0)
	              Index Cond: ((id >= 4521960) AND (id <= 4522959))

table 5 : explain SELECT c FROM sbtest5 WHERE id BETWEEN 3836624 AND 3837623 ORDER BY c
	Sort  (cost=3571.71..3573.98 rows=908 width=121)
	  Sort Key: c
	  ->  Bitmap Heap Scan on sbtest5  (cost=29.74..3527.09 rows=908 width=121)
	        Recheck Cond: ((id >= 3836624) AND (id <= 3837623))
	        ->  Bitmap Index Scan on sbtest5_pkey  (cost=0.00..29.51 rows=908 width=0)
	              Index Cond: ((id >= 3836624) AND (id <= 3837623))

table 6 : explain SELECT c FROM sbtest6 WHERE id BETWEEN 2140134 AND 2141133 ORDER BY c
	Sort  (cost=4020.32..4022.88 rows=1024 width=121)
	  Sort Key: c
	  ->  Bitmap Heap Scan on sbtest6  (cost=34.93..3969.12 rows=1024 width=121)
	        Recheck Cond: ((id >= 2140134) AND (id <= 2141133))
	        ->  Bitmap Index Scan on sbtest6_pkey  (cost=0.00..34.68 rows=1024 width=0)
	              Index Cond: ((id >= 2140134) AND (id <= 2141133))

table 7 : explain SELECT c FROM sbtest7 WHERE id BETWEEN 2416132 AND 2417131 ORDER BY c
	Sort  (cost=3652.41..3654.73 rows=929 width=121)
	  Sort Key: c
	  ->  Bitmap Heap Scan on sbtest7  (cost=29.96..3606.61 rows=929 width=121)
	        Recheck Cond: ((id >= 2416132) AND (id <= 2417131))
	        ->  Bitmap Index Scan on sbtest7_pkey  (cost=0.00..29.72 rows=929 width=0)
	              Index Cond: ((id >= 2416132) AND (id <= 2417131))

table 8 : explain SELECT c FROM sbtest8 WHERE id BETWEEN 1482934 AND 1483933 ORDER BY c
	Sort  (cost=3663.91..3666.24 rows=932 width=121)
	  Sort Key: c
	  ->  Bitmap Heap Scan on sbtest8  (cost=29.99..3617.94 rows=932 width=121)
	        Recheck Cond: ((id >= 1482934) AND (id <= 1483933))
	        ->  Bitmap Index Scan on sbtest8_pkey  (cost=0.00..29.75 rows=932 width=0)
	              Index Cond: ((id >= 1482934) AND (id <= 1483933))

for: order_ranges
table 1 : explain SELECT c FROM sbtest1 WHERE id BETWEEN 5472490 AND 5473489 ORDER BY c
	Sort  (cost=3690.70..3693.05 rows=939 width=121)
	  Sort Key: c
	  ->  Bitmap Heap Scan on sbtest1  (cost=30.06..3644.34 rows=939 width=121)
	        Recheck Cond: ((id >= 5472490) AND (id <= 5473489))
	        ->  Bitmap Index Scan on sbtest1_pkey  (cost=0.00..29.82 rows=939 width=0)
	              Index Cond: ((id >= 5472490) AND (id <= 5473489))

table 2 : explain SELECT c FROM sbtest2 WHERE id BETWEEN 9000365 AND 9001364 ORDER BY c
	Sort  (cost=3721.48..3723.84 rows=947 width=121)
	  Sort Key: c
	  ->  Bitmap Heap Scan on sbtest2  (cost=30.14..3674.66 rows=947 width=121)
	        Recheck Cond: ((id >= 9000365) AND (id <= 9001364))
	        ->  Bitmap Index Scan on sbtest2_pkey  (cost=0.00..29.90 rows=947 width=0)
	              Index Cond: ((id >= 9000365) AND (id <= 9001364))

table 3 : explain SELECT c FROM sbtest3 WHERE id BETWEEN 2428500 AND 2429499 ORDER BY c
	Sort  (cost=3935.97..3938.47 rows=1003 width=121)
	  Sort Key: c
	  ->  Bitmap Heap Scan on sbtest3  (cost=30.72..3885.97 rows=1003 width=121)
	        Recheck Cond: ((id >= 2428500) AND (id <= 2429499))
	        ->  Bitmap Index Scan on sbtest3_pkey  (cost=0.00..30.46 rows=1003 width=0)
	              Index Cond: ((id >= 2428500) AND (id <= 2429499))

table 4 : explain SELECT c FROM sbtest4 WHERE id BETWEEN 7228545 AND 7229544 ORDER BY c
	Sort  (cost=3691.02..3693.36 rows=939 width=121)
	  Sort Key: c
	  ->  Bitmap Heap Scan on sbtest4  (cost=30.06..3644.65 rows=939 width=121)
	        Recheck Cond: ((id >= 7228545) AND (id <= 7229544))
	        ->  Bitmap Index Scan on sbtest4_pkey  (cost=0.00..29.82 rows=939 width=0)
	              Index Cond: ((id >= 7228545) AND (id <= 7229544))

table 5 : explain SELECT c FROM sbtest5 WHERE id BETWEEN 8992490 AND 8993489 ORDER BY c
	Sort  (cost=3756.03..3758.42 rows=956 width=121)
	  Sort Key: c
	  ->  Bitmap Heap Scan on sbtest5  (cost=30.23..3708.70 rows=956 width=121)
	        Recheck Cond: ((id >= 8992490) AND (id <= 8993489))
	        ->  Bitmap Index Scan on sbtest5_pkey  (cost=0.00..30.00 rows=956 width=0)
	              Index Cond: ((id >= 8992490) AND (id <= 8993489))

table 6 : explain SELECT c FROM sbtest6 WHERE id BETWEEN 5249305 AND 5250304 ORDER BY c
	Sort  (cost=4089.22..4091.82 rows=1042 width=121)
	  Sort Key: c
	  ->  Bitmap Heap Scan on sbtest6  (cost=35.12..4036.99 rows=1042 width=121)
	        Recheck Cond: ((id >= 5249305) AND (id <= 5250304))
	        ->  Bitmap Index Scan on sbtest6_pkey  (cost=0.00..34.86 rows=1042 width=0)
	              Index Cond: ((id >= 5249305) AND (id <= 5250304))

table 7 : explain SELECT c FROM sbtest7 WHERE id BETWEEN 2989581 AND 2990580 ORDER BY c
	Sort  (cost=3625.52..3627.83 rows=922 width=121)
	  Sort Key: c
	  ->  Bitmap Heap Scan on sbtest7  (cost=29.89..3580.12 rows=922 width=121)
	        Recheck Cond: ((id >= 2989581) AND (id <= 2990580))
	        ->  Bitmap Index Scan on sbtest7_pkey  (cost=0.00..29.65 rows=922 width=0)
	              Index Cond: ((id >= 2989581) AND (id <= 2990580))

table 8 : explain SELECT c FROM sbtest8 WHERE id BETWEEN 6771200 AND 6772199 ORDER BY c
	Sort  (cost=3694.63..3696.98 rows=940 width=121)
	  Sort Key: c
	  ->  Bitmap Heap Scan on sbtest8  (cost=30.07..3648.21 rows=940 width=121)
	        Recheck Cond: ((id >= 6771200) AND (id <= 6772199))
	        ->  Bitmap Index Scan on sbtest8_pkey  (cost=0.00..29.83 rows=940 width=0)
	              Index Cond: ((id >= 6771200) AND (id <= 6772199))

for: order_ranges
table 1 : explain SELECT c FROM sbtest1 WHERE id BETWEEN 2448880 AND 2449879 ORDER BY c
	Sort  (cost=4326.53..4329.29 rows=1104 width=121)
	  Sort Key: c
	  ->  Bitmap Heap Scan on sbtest1  (cost=35.75..4270.74 rows=1104 width=121)
	        Recheck Cond: ((id >= 2448880) AND (id <= 2449879))
	        ->  Bitmap Index Scan on sbtest1_pkey  (cost=0.00..35.48 rows=1104 width=0)
	              Index Cond: ((id >= 2448880) AND (id <= 2449879))

table 2 : explain SELECT c FROM sbtest2 WHERE id BETWEEN 5927346 AND 5928345 ORDER BY c
	Sort  (cost=3748.34..3750.72 rows=954 width=121)
	  Sort Key: c
	  ->  Bitmap Heap Scan on sbtest2  (cost=30.21..3701.13 rows=954 width=121)
	        Recheck Cond: ((id >= 5927346) AND (id <= 5928345))
	        ->  Bitmap Index Scan on sbtest2_pkey  (cost=0.00..29.97 rows=954 width=0)
	              Index Cond: ((id >= 5927346) AND (id <= 5928345))

table 3 : explain SELECT c FROM sbtest3 WHERE id BETWEEN 9266201 AND 9267200 ORDER BY c
	Sort  (cost=3809.48..3811.90 rows=970 width=121)
	  Sort Key: c
	  ->  Bitmap Heap Scan on sbtest3  (cost=30.38..3761.35 rows=970 width=121)
	        Recheck Cond: ((id >= 9266201) AND (id <= 9267200))
	        ->  Bitmap Index Scan on sbtest3_pkey  (cost=0.00..30.14 rows=970 width=0)
	              Index Cond: ((id >= 9266201) AND (id <= 9267200))

table 4 : explain SELECT c FROM sbtest4 WHERE id BETWEEN 5593565 AND 5594564 ORDER BY c
	Sort  (cost=3794.64..3797.06 rows=966 width=121)
	  Sort Key: c
	  ->  Bitmap Heap Scan on sbtest4  (cost=30.34..3746.75 rows=966 width=121)
	        Recheck Cond: ((id >= 5593565) AND (id <= 5594564))
	        ->  Bitmap Index Scan on sbtest4_pkey  (cost=0.00..30.09 rows=966 width=0)
	              Index Cond: ((id >= 5593565) AND (id <= 5594564))

table 5 : explain SELECT c FROM sbtest5 WHERE id BETWEEN 9357927 AND 9358926 ORDER BY c
	Sort  (cost=3959.23..3961.75 rows=1009 width=121)
	  Sort Key: c
	  ->  Bitmap Heap Scan on sbtest5  (cost=30.78..3908.89 rows=1009 width=121)
	        Recheck Cond: ((id >= 9357927) AND (id <= 9358926))
	        ->  Bitmap Index Scan on sbtest5_pkey  (cost=0.00..30.52 rows=1009 width=0)
	              Index Cond: ((id >= 9357927) AND (id <= 9358926))

table 6 : explain SELECT c FROM sbtest6 WHERE id BETWEEN 633736 AND 634735 ORDER BY c
	Sort  (cost=3663.59..3665.92 rows=932 width=121)
	  Sort Key: c
	  ->  Bitmap Heap Scan on sbtest6  (cost=29.99..3617.63 rows=932 width=121)
	        Recheck Cond: ((id >= 633736) AND (id <= 634735))
	        ->  Bitmap Index Scan on sbtest6_pkey  (cost=0.00..29.75 rows=932 width=0)
	              Index Cond: ((id >= 633736) AND (id <= 634735))

table 7 : explain SELECT c FROM sbtest7 WHERE id BETWEEN 3230668 AND 3231667 ORDER BY c
	Sort  (cost=4452.75..4455.60 rows=1138 width=121)
	  Sort Key: c
	  ->  Bitmap Heap Scan on sbtest7  (cost=36.10..4394.98 rows=1138 width=121)
	        Recheck Cond: ((id >= 3230668) AND (id <= 3231667))
	        ->  Bitmap Index Scan on sbtest7_pkey  (cost=0.00..35.82 rows=1138 width=0)
	              Index Cond: ((id >= 3230668) AND (id <= 3231667))

table 8 : explain SELECT c FROM sbtest8 WHERE id BETWEEN 2888736 AND 2889735 ORDER BY c
	Sort  (cost=3928.59..3931.09 rows=1001 width=121)
	  Sort Key: c
	  ->  Bitmap Heap Scan on sbtest8  (cost=30.70..3878.70 rows=1001 width=121)
	        Recheck Cond: ((id >= 2888736) AND (id <= 2889735))
	        ->  Bitmap Index Scan on sbtest8_pkey  (cost=0.00..30.44 rows=1001 width=0)
	              Index Cond: ((id >= 2888736) AND (id <= 2889735))

for: sum_ranges
table 1 : explain SELECT SUM(k) FROM sbtest1 WHERE id BETWEEN 7913332 AND 7914331
	Aggregate  (cost=3888.66..3888.67 rows=1 width=8)
	  ->  Bitmap Heap Scan on sbtest1  (cost=30.72..3886.16 rows=1003 width=4)
	        Recheck Cond: ((id >= 7913332) AND (id <= 7914331))
	        ->  Bitmap Index Scan on sbtest1_pkey  (cost=0.00..30.46 rows=1003 width=0)
	              Index Cond: ((id >= 7913332) AND (id <= 7914331))

table 2 : explain SELECT SUM(k) FROM sbtest2 WHERE id BETWEEN 5611991 AND 5612990
	Aggregate  (cost=3688.38..3688.39 rows=1 width=8)
	  ->  Bitmap Heap Scan on sbtest2  (cost=30.17..3686.00 rows=950 width=4)
	        Recheck Cond: ((id >= 5611991) AND (id <= 5612990))
	        ->  Bitmap Index Scan on sbtest2_pkey  (cost=0.00..29.93 rows=950 width=0)
	              Index Cond: ((id >= 5611991) AND (id <= 5612990))

table 3 : explain SELECT SUM(k) FROM sbtest3 WHERE id BETWEEN 2797603 AND 2798602
	Aggregate  (cost=3899.80..3899.81 rows=1 width=8)
	  ->  Bitmap Heap Scan on sbtest3  (cost=30.75..3897.29 rows=1006 width=4)
	        Recheck Cond: ((id >= 2797603) AND (id <= 2798602))
	        ->  Bitmap Index Scan on sbtest3_pkey  (cost=0.00..30.50 rows=1006 width=0)
	              Index Cond: ((id >= 2797603) AND (id <= 2798602))

table 4 : explain SELECT SUM(k) FROM sbtest4 WHERE id BETWEEN 5728837 AND 5729836
	Aggregate  (cost=3597.78..3597.79 rows=1 width=8)
	  ->  Bitmap Heap Scan on sbtest4  (cost=29.93..3595.46 rows=926 width=4)
	        Recheck Cond: ((id >= 5728837) AND (id <= 5729836))
	        ->  Bitmap Index Scan on sbtest4_pkey  (cost=0.00..29.69 rows=926 width=0)
	              Index Cond: ((id >= 5728837) AND (id <= 5729836))

table 5 : explain SELECT SUM(k) FROM sbtest5 WHERE id BETWEEN 2885526 AND 2886525
	Aggregate  (cost=3722.44..3722.45 rows=1 width=8)
	  ->  Bitmap Heap Scan on sbtest5  (cost=30.26..3720.04 rows=959 width=4)
	        Recheck Cond: ((id >= 2885526) AND (id <= 2886525))
	        ->  Bitmap Index Scan on sbtest5_pkey  (cost=0.00..30.02 rows=959 width=0)
	              Index Cond: ((id >= 2885526) AND (id <= 2886525))

table 6 : explain SELECT SUM(k) FROM sbtest6 WHERE id BETWEEN 7821340 AND 7822339
	Aggregate  (cost=3563.16..3563.17 rows=1 width=8)
	  ->  Bitmap Heap Scan on sbtest6  (cost=29.83..3560.87 rows=917 width=4)
	        Recheck Cond: ((id >= 7821340) AND (id <= 7822339))
	        ->  Bitmap Index Scan on sbtest6_pkey  (cost=0.00..29.61 rows=917 width=0)
	              Index Cond: ((id >= 7821340) AND (id <= 7822339))

table 7 : explain SELECT SUM(k) FROM sbtest7 WHERE id BETWEEN 2931193 AND 2932192
	Aggregate  (cost=4371.47..4371.48 rows=1 width=8)
	  ->  Bitmap Heap Scan on sbtest7  (cost=36.02..4368.65 rows=1130 width=4)
	        Recheck Cond: ((id >= 2931193) AND (id <= 2932192))
	        ->  Bitmap Index Scan on sbtest7_pkey  (cost=0.00..35.73 rows=1130 width=0)
	              Index Cond: ((id >= 2931193) AND (id <= 2932192))

table 8 : explain SELECT SUM(k) FROM sbtest8 WHERE id BETWEEN 2720497 AND 2721496
	Aggregate  (cost=3525.58..3525.59 rows=1 width=8)
	  ->  Bitmap Heap Scan on sbtest8  (cost=29.73..3523.32 rows=907 width=4)
	        Recheck Cond: ((id >= 2720497) AND (id <= 2721496))
	        ->  Bitmap Index Scan on sbtest8_pkey  (cost=0.00..29.50 rows=907 width=0)
	              Index Cond: ((id >= 2720497) AND (id <= 2721496))

for point_selects
table 1 : explain SELECT c FROM sbtest1 WHERE id=6288400
	Index Scan using sbtest1_pkey on sbtest1  (cost=0.43..8.45 rows=1 width=121)
	  Index Cond: (id = 6288400)

table 2 : explain SELECT c FROM sbtest2 WHERE id=3853606
	Index Scan using sbtest2_pkey on sbtest2  (cost=0.43..8.45 rows=1 width=121)
	  Index Cond: (id = 3853606)

table 3 : explain SELECT c FROM sbtest3 WHERE id=4914428
	Index Scan using sbtest3_pkey on sbtest3  (cost=0.43..8.45 rows=1 width=121)
	  Index Cond: (id = 4914428)

table 4 : explain SELECT c FROM sbtest4 WHERE id=9930577
	Index Scan using sbtest4_pkey on sbtest4  (cost=0.43..8.45 rows=1 width=121)
	  Index Cond: (id = 9930577)

table 5 : explain SELECT c FROM sbtest5 WHERE id=4908916
	Index Scan using sbtest5_pkey on sbtest5  (cost=0.43..8.45 rows=1 width=121)
	  Index Cond: (id = 4908916)

table 6 : explain SELECT c FROM sbtest6 WHERE id=7531022
	Index Scan using sbtest6_pkey on sbtest6  (cost=0.43..8.45 rows=1 width=121)
	  Index Cond: (id = 7531022)

table 7 : explain SELECT c FROM sbtest7 WHERE id=9148512
	Index Scan using sbtest7_pkey on sbtest7  (cost=0.43..8.45 rows=1 width=121)
	  Index Cond: (id = 9148512)

table 8 : explain SELECT c FROM sbtest8 WHERE id=203464
	Index Scan using sbtest8_pkey on sbtest8  (cost=0.43..8.45 rows=1 width=121)
	  Index Cond: (id = 203464)

for point_selects
table 1 : explain SELECT c FROM sbtest1 WHERE id=5237508
	Index Scan using sbtest1_pkey on sbtest1  (cost=0.43..8.45 rows=1 width=121)
	  Index Cond: (id = 5237508)

table 2 : explain SELECT c FROM sbtest2 WHERE id=4492924
	Index Scan using sbtest2_pkey on sbtest2  (cost=0.43..8.45 rows=1 width=121)
	  Index Cond: (id = 4492924)

table 3 : explain SELECT c FROM sbtest3 WHERE id=3553581
	Index Scan using sbtest3_pkey on sbtest3  (cost=0.43..8.45 rows=1 width=121)
	  Index Cond: (id = 3553581)

table 4 : explain SELECT c FROM sbtest4 WHERE id=9789605
	Index Scan using sbtest4_pkey on sbtest4  (cost=0.43..8.45 rows=1 width=121)
	  Index Cond: (id = 9789605)

table 5 : explain SELECT c FROM sbtest5 WHERE id=5771437
	Index Scan using sbtest5_pkey on sbtest5  (cost=0.43..8.45 rows=1 width=121)
	  Index Cond: (id = 5771437)

table 6 : explain SELECT c FROM sbtest6 WHERE id=8227029
	Index Scan using sbtest6_pkey on sbtest6  (cost=0.43..8.45 rows=1 width=121)
	  Index Cond: (id = 8227029)

table 7 : explain SELECT c FROM sbtest7 WHERE id=5534210
	Index Scan using sbtest7_pkey on sbtest7  (cost=0.43..8.45 rows=1 width=121)
	  Index Cond: (id = 5534210)

table 8 : explain SELECT c FROM sbtest8 WHERE id=4560892
	Index Scan using sbtest8_pkey on sbtest8  (cost=0.43..8.45 rows=1 width=121)
	  Index Cond: (id = 4560892)

for: distinct_ranges
table 1 : explain SELECT DISTINCT c FROM sbtest1 WHERE id BETWEEN 3844476 AND 3845475 ORDER BY c
	Unique  (cost=3943.82..3948.84 rows=1005 width=121)
	  ->  Sort  (cost=3943.82..3946.33 rows=1005 width=121)
	        Sort Key: c
	        ->  Bitmap Heap Scan on sbtest1  (cost=30.74..3893.70 rows=1005 width=121)
	              Recheck Cond: ((id >= 3844476) AND (id <= 3845475))
	              ->  Bitmap Index Scan on sbtest1_pkey  (cost=0.00..30.48 rows=1005 width=0)
	                    Index Cond: ((id >= 3844476) AND (id <= 3845475))

table 2 : explain SELECT DISTINCT c FROM sbtest2 WHERE id BETWEEN 240621 AND 241620 ORDER BY c
	Unique  (cost=4162.26..4167.56 rows=1061 width=121)
	  ->  Sort  (cost=4162.26..4164.91 rows=1061 width=121)
	        Sort Key: c
	        ->  Bitmap Heap Scan on sbtest2  (cost=35.31..4108.94 rows=1061 width=121)
	              Recheck Cond: ((id >= 240621) AND (id <= 241620))
	              ->  Bitmap Index Scan on sbtest2_pkey  (cost=0.00..35.05 rows=1061 width=0)
	                    Index Cond: ((id >= 240621) AND (id <= 241620))

table 3 : explain SELECT DISTINCT c FROM sbtest3 WHERE id BETWEEN 8202334 AND 8203333 ORDER BY c
	Unique  (cost=3525.35..3529.83 rows=896 width=121)
	  ->  Sort  (cost=3525.35..3527.59 rows=896 width=121)
	        Sort Key: c
	        ->  Bitmap Heap Scan on sbtest3  (cost=29.62..3481.41 rows=896 width=121)
	              Recheck Cond: ((id >= 8202334) AND (id <= 8203333))
	              ->  Bitmap Index Scan on sbtest3_pkey  (cost=0.00..29.39 rows=896 width=0)
	                    Index Cond: ((id >= 8202334) AND (id <= 8203333))

table 4 : explain SELECT DISTINCT c FROM sbtest4 WHERE id BETWEEN 2429991 AND 2430990 ORDER BY c
	Unique  (cost=4304.01..4309.50 rows=1098 width=121)
	  ->  Sort  (cost=4304.01..4306.76 rows=1098 width=121)
	        Sort Key: c
	        ->  Bitmap Heap Scan on sbtest4  (cost=35.69..4248.56 rows=1098 width=121)
	              Recheck Cond: ((id >= 2429991) AND (id <= 2430990))
	              ->  Bitmap Index Scan on sbtest4_pkey  (cost=0.00..35.42 rows=1098 width=0)
	                    Index Cond: ((id >= 2429991) AND (id <= 2430990))

table 5 : explain SELECT DISTINCT c FROM sbtest5 WHERE id BETWEEN 5055948 AND 5056947 ORDER BY c
	Unique  (cost=3905.59..3910.56 rows=995 width=121)
	  ->  Sort  (cost=3905.59..3908.07 rows=995 width=121)
	        Sort Key: c
	        ->  Bitmap Heap Scan on sbtest5  (cost=30.63..3856.04 rows=995 width=121)
	              Recheck Cond: ((id >= 5055948) AND (id <= 5056947))
	              ->  Bitmap Index Scan on sbtest5_pkey  (cost=0.00..30.39 rows=995 width=0)
	                    Index Cond: ((id >= 5055948) AND (id <= 5056947))

table 6 : explain SELECT DISTINCT c FROM sbtest6 WHERE id BETWEEN 6583347 AND 6584346 ORDER BY c
	Unique  (cost=3955.05..3960.09 rows=1008 width=121)
	  ->  Sort  (cost=3955.05..3957.57 rows=1008 width=121)
	        Sort Key: c
	        ->  Bitmap Heap Scan on sbtest6  (cost=30.77..3904.77 rows=1008 width=121)
	              Recheck Cond: ((id >= 6583347) AND (id <= 6584346))
	              ->  Bitmap Index Scan on sbtest6_pkey  (cost=0.00..30.51 rows=1008 width=0)
	                    Index Cond: ((id >= 6583347) AND (id <= 6584346))

table 7 : explain SELECT DISTINCT c FROM sbtest7 WHERE id BETWEEN 4948555 AND 4949554 ORDER BY c
	Unique  (cost=4265.54..4270.98 rows=1088 width=121)
	  ->  Sort  (cost=4265.54..4268.26 rows=1088 width=121)
	        Sort Key: c
	        ->  Bitmap Heap Scan on sbtest7  (cost=35.59..4210.66 rows=1088 width=121)
	              Recheck Cond: ((id >= 4948555) AND (id <= 4949554))
	              ->  Bitmap Index Scan on sbtest7_pkey  (cost=0.00..35.32 rows=1088 width=0)
	                    Index Cond: ((id >= 4948555) AND (id <= 4949554))

table 8 : explain SELECT DISTINCT c FROM sbtest8 WHERE id BETWEEN 2041890 AND 2042889 ORDER BY c
	Unique  (cost=3782.90..3787.71 rows=963 width=121)
	  ->  Sort  (cost=3782.90..3785.30 rows=963 width=121)
	        Sort Key: c
	        ->  Bitmap Heap Scan on sbtest8  (cost=30.31..3735.17 rows=963 width=121)
	              Recheck Cond: ((id >= 2041890) AND (id <= 2042889))
	              ->  Bitmap Index Scan on sbtest8_pkey  (cost=0.00..30.07 rows=963 width=0)
	                    Index Cond: ((id >= 2041890) AND (id <= 2042889))
for point_selects
table 1 : explain SELECT c FROM sbtest1 WHERE id=9458220
	Index Scan using sbtest1_pkey on sbtest1  (cost=0.43..8.45 rows=1 width=121)
	  Index Cond: (id = 9458220)

table 2 : explain SELECT c FROM sbtest2 WHERE id=7152625
	Index Scan using sbtest2_pkey on sbtest2  (cost=0.43..8.45 rows=1 width=121)
	  Index Cond: (id = 7152625)

table 3 : explain SELECT c FROM sbtest3 WHERE id=320089
	Index Scan using sbtest3_pkey on sbtest3  (cost=0.43..8.45 rows=1 width=121)
	  Index Cond: (id = 320089)

table 4 : explain SELECT c FROM sbtest4 WHERE id=1746660
	Index Scan using sbtest4_pkey on sbtest4  (cost=0.43..8.45 rows=1 width=121)
	  Index Cond: (id = 1746660)

table 5 : explain SELECT c FROM sbtest5 WHERE id=9349341
	Index Scan using sbtest5_pkey on sbtest5  (cost=0.43..8.45 rows=1 width=121)
	  Index Cond: (id = 9349341)

table 6 : explain SELECT c FROM sbtest6 WHERE id=9430184
	Index Scan using sbtest6_pkey on sbtest6  (cost=0.43..8.45 rows=1 width=121)
	  Index Cond: (id = 9430184)

table 7 : explain SELECT c FROM sbtest7 WHERE id=8039122
	Index Scan using sbtest7_pkey on sbtest7  (cost=0.43..8.45 rows=1 width=121)
	  Index Cond: (id = 8039122)

table 8 : explain SELECT c FROM sbtest8 WHERE id=411030
	Index Scan using sbtest8_pkey on sbtest8  (cost=0.43..8.45 rows=1 width=121)
	  Index Cond: (id = 411030)


for: distinct_ranges
table 1 : explain SELECT DISTINCT c FROM sbtest1 WHERE id BETWEEN 3459883 AND 3460882 ORDER BY c
	Unique  (cost=4208.07..4213.43 rows=1073 width=121)
	  ->  Sort  (cost=4208.07..4210.75 rows=1073 width=121)
	        Sort Key: c
	        ->  Bitmap Heap Scan on sbtest1  (cost=35.43..4154.06 rows=1073 width=121)
	              Recheck Cond: ((id >= 3459883) AND (id <= 3460882))
	              ->  Bitmap Index Scan on sbtest1_pkey  (cost=0.00..35.17 rows=1073 width=0)
	                    Index Cond: ((id >= 3459883) AND (id <= 3460882))

table 2 : explain SELECT DISTINCT c FROM sbtest2 WHERE id BETWEEN 3086143 AND 3087142 ORDER BY c
	Unique  (cost=3997.52..4002.61 rows=1019 width=121)
	  ->  Sort  (cost=3997.52..4000.06 rows=1019 width=121)
	        Sort Key: c
	        ->  Bitmap Heap Scan on sbtest2  (cost=30.88..3946.60 rows=1019 width=121)
	              Recheck Cond: ((id >= 3086143) AND (id <= 3087142))
	              ->  Bitmap Index Scan on sbtest2_pkey  (cost=0.00..30.62 rows=1019 width=0)
	                    Index Cond: ((id >= 3086143) AND (id <= 3087142))

table 3 : explain SELECT DISTINCT c FROM sbtest3 WHERE id BETWEEN 2956830 AND 2957829 ORDER BY c
	Unique  (cost=4265.19..4270.63 rows=1088 width=121)
	  ->  Sort  (cost=4265.19..4267.91 rows=1088 width=121)
	        Sort Key: c
	        ->  Bitmap Heap Scan on sbtest3  (cost=35.59..4210.32 rows=1088 width=121)
	              Recheck Cond: ((id >= 2956830) AND (id <= 2957829))
	              ->  Bitmap Index Scan on sbtest3_pkey  (cost=0.00..35.32 rows=1088 width=0)
	                    Index Cond: ((id >= 2956830) AND (id <= 2957829))

table 4 : explain SELECT DISTINCT c FROM sbtest4 WHERE id BETWEEN 8106193 AND 8107192 ORDER BY c
	Unique  (cost=3871.34..3876.27 rows=986 width=121)
	  ->  Sort  (cost=3871.34..3873.81 rows=986 width=121)
	        Sort Key: c
	        ->  Bitmap Heap Scan on sbtest4  (cost=30.54..3822.31 rows=986 width=121)
	              Recheck Cond: ((id >= 8106193) AND (id <= 8107192))
	              ->  Bitmap Index Scan on sbtest4_pkey  (cost=0.00..30.29 rows=986 width=0)
	                    Index Cond: ((id >= 8106193) AND (id <= 8107192))

table 5 : explain SELECT DISTINCT c FROM sbtest5 WHERE id BETWEEN 8811405 AND 8812404 ORDER BY c
	Unique  (cost=3660.06..3664.72 rows=931 width=121)
	  ->  Sort  (cost=3660.06..3662.39 rows=931 width=121)
	        Sort Key: c
	        ->  Bitmap Heap Scan on sbtest5  (cost=29.98..3614.15 rows=931 width=121)
	              Recheck Cond: ((id >= 8811405) AND (id <= 8812404))
	              ->  Bitmap Index Scan on sbtest5_pkey  (cost=0.00..29.75 rows=931 width=0)
	                    Index Cond: ((id >= 8811405) AND (id <= 8812404))

table 6 : explain SELECT DISTINCT c FROM sbtest6 WHERE id BETWEEN 5775532 AND 5776531 ORDER BY c
	Unique  (cost=3456.08..3460.47 rows=878 width=121)
	  ->  Sort  (cost=3456.08..3458.27 rows=878 width=121)
	        Sort Key: c
	        ->  Bitmap Heap Scan on sbtest6  (cost=29.43..3413.15 rows=878 width=121)
	              Recheck Cond: ((id >= 5775532) AND (id <= 5776531))
	              ->  Bitmap Index Scan on sbtest6_pkey  (cost=0.00..29.21 rows=878 width=0)
	                    Index Cond: ((id >= 5775532) AND (id <= 5776531))

table 7 : explain SELECT DISTINCT c FROM sbtest7 WHERE id BETWEEN 6541283 AND 6542282 ORDER BY c
	Unique  (cost=3740.71..3745.47 rows=952 width=121)
	  ->  Sort  (cost=3740.71..3743.09 rows=952 width=121)
	        Sort Key: c
	        ->  Bitmap Heap Scan on sbtest7  (cost=30.19..3693.61 rows=952 width=121)
	              Recheck Cond: ((id >= 6541283) AND (id <= 6542282))
	              ->  Bitmap Index Scan on sbtest7_pkey  (cost=0.00..29.95 rows=952 width=0)
	                    Index Cond: ((id >= 6541283) AND (id <= 6542282))

table 8 : explain SELECT DISTINCT c FROM sbtest8 WHERE id BETWEEN 7674406 AND 7675405 ORDER BY c
	Unique  (cost=3878.77..3883.71 rows=988 width=121)
	  ->  Sort  (cost=3878.77..3881.24 rows=988 width=121)
	        Sort Key: c
	        ->  Bitmap Heap Scan on sbtest8  (cost=30.56..3829.62 rows=988 width=121)
	              Recheck Cond: ((id >= 7674406) AND (id <= 7675405))
	              ->  Bitmap Index Scan on sbtest8_pkey  (cost=0.00..30.32 rows=988 width=0)
	                    Index Cond: ((id >= 7674406) AND (id <= 7675405))

for: sum_ranges
table 1 : explain SELECT SUM(k) FROM sbtest1 WHERE id BETWEEN 825442 AND 826441
	Aggregate  (cost=3797.98..3797.99 rows=1 width=8)
	  ->  Bitmap Heap Scan on sbtest1  (cost=30.47..3795.53 rows=979 width=4)
	        Recheck Cond: ((id >= 825442) AND (id <= 826441))
	        ->  Bitmap Index Scan on sbtest1_pkey  (cost=0.00..30.22 rows=979 width=0)
	              Index Cond: ((id >= 825442) AND (id <= 826441))

table 2 : explain SELECT SUM(k) FROM sbtest2 WHERE id BETWEEN 2509906 AND 2510905
	Aggregate  (cost=4228.39..4228.40 rows=1 width=8)
	  ->  Bitmap Heap Scan on sbtest2  (cost=35.63..4225.66 rows=1092 width=4)
	        Recheck Cond: ((id >= 2509906) AND (id <= 2510905))
	        ->  Bitmap Index Scan on sbtest2_pkey  (cost=0.00..35.36 rows=1092 width=0)
	              Index Cond: ((id >= 2509906) AND (id <= 2510905))

table 3 : explain SELECT SUM(k) FROM sbtest3 WHERE id BETWEEN 3008480 AND 3009479
	Aggregate  (cost=4213.04..4213.05 rows=1 width=8)
	  ->  Bitmap Heap Scan on sbtest3  (cost=35.59..4210.32 rows=1088 width=4)
	        Recheck Cond: ((id >= 3008480) AND (id <= 3009479))
	        ->  Bitmap Index Scan on sbtest3_pkey  (cost=0.00..35.32 rows=1088 width=0)
	              Index Cond: ((id >= 3008480) AND (id <= 3009479))

table 4 : explain SELECT SUM(k) FROM sbtest4 WHERE id BETWEEN 4571595 AND 4572594
	Aggregate  (cost=4330.36..4330.37 rows=1 width=8)
	  ->  Bitmap Heap Scan on sbtest4  (cost=35.90..4327.56 rows=1119 width=4)
	        Recheck Cond: ((id >= 4571595) AND (id <= 4572594))
	        ->  Bitmap Index Scan on sbtest4_pkey  (cost=0.00..35.62 rows=1119 width=0)
	              Index Cond: ((id >= 4571595) AND (id <= 4572594))

table 5 : explain SELECT SUM(k) FROM sbtest5 WHERE id BETWEEN 6549386 AND 6550385
	Aggregate  (cost=3956.71..3956.72 rows=1 width=8)
	  ->  Bitmap Heap Scan on sbtest5  (cost=30.90..3954.16 rows=1021 width=4)
	        Recheck Cond: ((id >= 6549386) AND (id <= 6550385))
	        ->  Bitmap Index Scan on sbtest5_pkey  (cost=0.00..30.64 rows=1021 width=0)
	              Index Cond: ((id >= 6549386) AND (id <= 6550385))

table 6 : explain SELECT SUM(k) FROM sbtest6 WHERE id BETWEEN 961170 AND 962169
	Aggregate  (cost=3986.78..3986.79 rows=1 width=8)
	  ->  Bitmap Heap Scan on sbtest6  (cost=34.97..3984.21 rows=1028 width=4)
	        Recheck Cond: ((id >= 961170) AND (id <= 962169))
	        ->  Bitmap Index Scan on sbtest6_pkey  (cost=0.00..34.72 rows=1028 width=0)
	              Index Cond: ((id >= 961170) AND (id <= 962169))

table 7 : explain SELECT SUM(k) FROM sbtest7 WHERE id BETWEEN 7100129 AND 7101128
	Aggregate  (cost=3616.51..3616.52 rows=1 width=8)
	  ->  Bitmap Heap Scan on sbtest7  (cost=29.98..3614.18 rows=931 width=4)
	        Recheck Cond: ((id >= 7100129) AND (id <= 7101128))
	        ->  Bitmap Index Scan on sbtest7_pkey  (cost=0.00..29.75 rows=931 width=0)
	              Index Cond: ((id >= 7100129) AND (id <= 7101128))

table 8 : explain SELECT SUM(k) FROM sbtest8 WHERE id BETWEEN 3594980 AND 3595979
	Aggregate  (cost=3627.85..3627.86 rows=1 width=8)
	  ->  Bitmap Heap Scan on sbtest8  (cost=30.01..3625.51 rows=934 width=4)
	        Recheck Cond: ((id >= 3594980) AND (id <= 3595979))
	        ->  Bitmap Index Scan on sbtest8_pkey  (cost=0.00..29.77 rows=934 width=0)
	              Index Cond: ((id >= 3594980) AND (id <= 3595979))

for: sum_ranges
table 1 : explain SELECT SUM(k) FROM sbtest1 WHERE id BETWEEN 5925217 AND 5926216
	Aggregate  (cost=3979.27..3979.28 rows=1 width=8)
	  ->  Bitmap Heap Scan on sbtest1  (cost=30.96..3976.70 rows=1027 width=4)
	        Recheck Cond: ((id >= 5925217) AND (id <= 5926216))
	        ->  Bitmap Index Scan on sbtest1_pkey  (cost=0.00..30.70 rows=1027 width=0)
	              Index Cond: ((id >= 5925217) AND (id <= 5926216))

table 2 : explain SELECT SUM(k) FROM sbtest2 WHERE id BETWEEN 2749682 AND 2750681
	Aggregate  (cost=4062.57..4062.58 rows=1 width=8)
	  ->  Bitmap Heap Scan on sbtest2  (cost=35.18..4059.95 rows=1048 width=4)
	        Recheck Cond: ((id >= 2749682) AND (id <= 2750681))
	        ->  Bitmap Index Scan on sbtest2_pkey  (cost=0.00..34.92 rows=1048 width=0)
	              Index Cond: ((id >= 2749682) AND (id <= 2750681))

table 3 : explain SELECT SUM(k) FROM sbtest3 WHERE id BETWEEN 4754669 AND 4755668
	Aggregate  (cost=3918.68..3918.69 rows=1 width=8)
	  ->  Bitmap Heap Scan on sbtest3  (cost=30.80..3916.16 rows=1011 width=4)
	        Recheck Cond: ((id >= 4754669) AND (id <= 4755668))
	        ->  Bitmap Index Scan on sbtest3_pkey  (cost=0.00..30.54 rows=1011 width=0)
	              Index Cond: ((id >= 4754669) AND (id <= 4755668))

table 4 : explain SELECT SUM(k) FROM sbtest4 WHERE id BETWEEN 3570884 AND 3571883
	Aggregate  (cost=3870.12..3870.13 rows=1 width=8)
	  ->  Bitmap Heap Scan on sbtest4  (cost=30.66..3867.63 rows=998 width=4)
	        Recheck Cond: ((id >= 3570884) AND (id <= 3571883))
	        ->  Bitmap Index Scan on sbtest4_pkey  (cost=0.00..30.41 rows=998 width=0)
	              Index Cond: ((id >= 3570884) AND (id <= 3571883))

table 5 : explain SELECT SUM(k) FROM sbtest5 WHERE id BETWEEN 9002398 AND 9003397
	Aggregate  (cost=4085.21..4085.22 rows=1 width=8)
	  ->  Bitmap Heap Scan on sbtest5  (cost=35.24..4082.58 rows=1054 width=4)
	        Recheck Cond: ((id >= 9002398) AND (id <= 9003397))
	        ->  Bitmap Index Scan on sbtest5_pkey  (cost=0.00..34.98 rows=1054 width=0)
	              Index Cond: ((id >= 9002398) AND (id <= 9003397))

table 6 : explain SELECT SUM(k) FROM sbtest6 WHERE id BETWEEN 7447387 AND 7448386
	Aggregate  (cost=3861.97..3861.98 rows=1 width=8)
	  ->  Bitmap Heap Scan on sbtest6  (cost=30.64..3859.48 rows=996 width=4)
	        Recheck Cond: ((id >= 7447387) AND (id <= 7448386))
	        ->  Bitmap Index Scan on sbtest6_pkey  (cost=0.00..30.39 rows=996 width=0)
	              Index Cond: ((id >= 7447387) AND (id <= 7448386))

table 7 : explain SELECT SUM(k) FROM sbtest7 WHERE id BETWEEN 5542683 AND 5543682
	Aggregate  (cost=4224.68..4224.69 rows=1 width=8)
	  ->  Bitmap Heap Scan on sbtest7  (cost=35.62..4221.95 rows=1091 width=4)
	        Recheck Cond: ((id >= 5542683) AND (id <= 5543682))
	        ->  Bitmap Index Scan on sbtest7_pkey  (cost=0.00..35.34 rows=1091 width=0)
	              Index Cond: ((id >= 5542683) AND (id <= 5543682))

table 8 : explain SELECT SUM(k) FROM sbtest8 WHERE id BETWEEN 5873978 AND 5874977
	Aggregate  (cost=3945.40..3945.41 rows=1 width=8)
	  ->  Bitmap Heap Scan on sbtest8  (cost=30.87..3942.86 rows=1018 width=4)
	        Recheck Cond: ((id >= 5873978) AND (id <= 5874977))
	        ->  Bitmap Index Scan on sbtest8_pkey  (cost=0.00..30.61 rows=1018 width=0)
	              Index Cond: ((id >= 5873978) AND (id <= 5874977))

explain: for point_selects :: explain SELECT c FROM sbtest%u WHERE id=%u
explain: for point_selects :: explain SELECT c FROM sbtest%u WHERE id=%u
for: distinct_ranges
table 1 : explain SELECT DISTINCT c FROM sbtest1 WHERE id BETWEEN 9728075 AND 9729074 ORDER BY c
	Unique  (cost=3686.86..3691.55 rows=938 width=121)
	  ->  Sort  (cost=3686.86..3689.21 rows=938 width=121)
	        Sort Key: c
	        ->  Bitmap Heap Scan on sbtest1  (cost=30.05..3640.56 rows=938 width=121)
	              Recheck Cond: ((id >= 9728075) AND (id <= 9729074))
	              ->  Bitmap Index Scan on sbtest1_pkey  (cost=0.00..29.82 rows=938 width=0)
	                    Index Cond: ((id >= 9728075) AND (id <= 9729074))

table 2 : explain SELECT DISTINCT c FROM sbtest2 WHERE id BETWEEN 348513 AND 349512 ORDER BY c
	Unique  (cost=3897.91..3902.87 rows=993 width=121)
	  ->  Sort  (cost=3897.91..3900.39 rows=993 width=121)
	        Sort Key: c
	        ->  Bitmap Heap Scan on sbtest2  (cost=30.61..3848.48 rows=993 width=121)
	              Recheck Cond: ((id >= 348513) AND (id <= 349512))
	              ->  Bitmap Index Scan on sbtest2_pkey  (cost=0.00..30.36 rows=993 width=0)
	                    Index Cond: ((id >= 348513) AND (id <= 349512))

table 3 : explain SELECT DISTINCT c FROM sbtest3 WHERE id BETWEEN 1010428 AND 1011427 ORDER BY c
	Unique  (cost=3698.21..3702.91 rows=941 width=121)
	  ->  Sort  (cost=3698.21..3700.56 rows=941 width=121)
	        Sort Key: c
	        ->  Bitmap Heap Scan on sbtest3  (cost=30.08..3651.73 rows=941 width=121)
	              Recheck Cond: ((id >= 1010428) AND (id <= 1011427))
	              ->  Bitmap Index Scan on sbtest3_pkey  (cost=0.00..29.84 rows=941 width=0)
	                    Index Cond: ((id >= 1010428) AND (id <= 1011427))

table 4 : explain SELECT DISTINCT c FROM sbtest4 WHERE id BETWEEN 8836132 AND 8837131 ORDER BY c
	Unique  (cost=3806.15..3811.00 rows=969 width=121)
	  ->  Sort  (cost=3806.15..3808.57 rows=969 width=121)
	        Sort Key: c
	        ->  Bitmap Heap Scan on sbtest4  (cost=30.37..3758.09 rows=969 width=121)
	              Recheck Cond: ((id >= 8836132) AND (id <= 8837131))
	              ->  Bitmap Index Scan on sbtest4_pkey  (cost=0.00..30.12 rows=969 width=0)
	                    Index Cond: ((id >= 8836132) AND (id <= 8837131))

table 5 : explain SELECT DISTINCT c FROM sbtest5 WHERE id BETWEEN 7115619 AND 7116618 ORDER BY c
	Unique  (cost=4009.02..4014.13 rows=1022 width=121)
	  ->  Sort  (cost=4009.02..4011.57 rows=1022 width=121)
	        Sort Key: c
	        ->  Bitmap Heap Scan on sbtest5  (cost=30.91..3957.93 rows=1022 width=121)
	              Recheck Cond: ((id >= 7115619) AND (id <= 7116618))
	              ->  Bitmap Index Scan on sbtest5_pkey  (cost=0.00..30.65 rows=1022 width=0)
	                    Index Cond: ((id >= 7115619) AND (id <= 7116618))

table 6 : explain SELECT DISTINCT c FROM sbtest6 WHERE id BETWEEN 1163340 AND 1164339 ORDER BY c
	Unique  (cost=3751.87..3756.65 rows=955 width=121)
	  ->  Sort  (cost=3751.87..3754.26 rows=955 width=121)
	        Sort Key: c
	        ->  Bitmap Heap Scan on sbtest6  (cost=30.22..3704.60 rows=955 width=121)
	              Recheck Cond: ((id >= 1163340) AND (id <= 1164339))
	              ->  Bitmap Index Scan on sbtest6_pkey  (cost=0.00..29.98 rows=955 width=0)
	                    Index Cond: ((id >= 1163340) AND (id <= 1164339))

table 7 : explain SELECT DISTINCT c FROM sbtest7 WHERE id BETWEEN 8073511 AND 8074510 ORDER BY c
	Unique  (cost=3966.92..3971.98 rows=1011 width=121)
	  ->  Sort  (cost=3966.92..3969.45 rows=1011 width=121)
	        Sort Key: c
	        ->  Bitmap Heap Scan on sbtest7  (cost=30.80..3916.47 rows=1011 width=121)
	              Recheck Cond: ((id >= 8073511) AND (id <= 8074510))
	              ->  Bitmap Index Scan on sbtest7_pkey  (cost=0.00..30.54 rows=1011 width=0)
	                    Index Cond: ((id >= 8073511) AND (id <= 8074510))

table 8 : explain SELECT DISTINCT c FROM sbtest8 WHERE id BETWEEN 4083211 AND 4084210 ORDER BY c
	Unique  (cost=3928.59..3933.59 rows=1001 width=121)
	  ->  Sort  (cost=3928.59..3931.09 rows=1001 width=121)
	        Sort Key: c
	        ->  Bitmap Heap Scan on sbtest8  (cost=30.70..3878.70 rows=1001 width=121)
	              Recheck Cond: ((id >= 4083211) AND (id <= 4084210))
	              ->  Bitmap Index Scan on sbtest8_pkey  (cost=0.00..30.44 rows=1001 width=0)
	                    Index Cond: ((id >= 4083211) AND (id <= 4084210))

for: distinct_ranges
table 1 : explain SELECT DISTINCT c FROM sbtest1 WHERE id BETWEEN 793889 AND 794888 ORDER BY c
	Unique  (cost=3510.13..3514.59 rows=892 width=121)
	  ->  Sort  (cost=3510.13..3512.36 rows=892 width=121)
	        Sort Key: c
	        ->  Bitmap Heap Scan on sbtest1  (cost=29.58..3466.42 rows=892 width=121)
	              Recheck Cond: ((id >= 793889) AND (id <= 794888))
	              ->  Bitmap Index Scan on sbtest1_pkey  (cost=0.00..29.36 rows=892 width=0)
	                    Index Cond: ((id >= 793889) AND (id <= 794888))

table 2 : explain SELECT DISTINCT c FROM sbtest2 WHERE id BETWEEN 9378718 AND 9379717 ORDER BY c
	Unique  (cost=4257.84..4263.27 rows=1086 width=121)
	  ->  Sort  (cost=4257.84..4260.56 rows=1086 width=121)
	        Sort Key: c
	        ->  Bitmap Heap Scan on sbtest2  (cost=35.57..4203.08 rows=1086 width=121)
	              Recheck Cond: ((id >= 9378718) AND (id <= 9379717))
	              ->  Bitmap Index Scan on sbtest2_pkey  (cost=0.00..35.30 rows=1086 width=0)
	                    Index Cond: ((id >= 9378718) AND (id <= 9379717))

table 3 : explain SELECT DISTINCT c FROM sbtest3 WHERE id BETWEEN 2257264 AND 2258263 ORDER BY c
	Unique  (cost=4257.55..4262.98 rows=1086 width=121)
	  ->  Sort  (cost=4257.55..4260.26 rows=1086 width=121)
	        Sort Key: c
	        ->  Bitmap Heap Scan on sbtest3  (cost=35.57..4202.79 rows=1086 width=121)
	              Recheck Cond: ((id >= 2257264) AND (id <= 2258263))
	              ->  Bitmap Index Scan on sbtest3_pkey  (cost=0.00..35.30 rows=1086 width=0)
	                    Index Cond: ((id >= 2257264) AND (id <= 2258263))

table 4 : explain SELECT DISTINCT c FROM sbtest4 WHERE id BETWEEN 3417522 AND 3418521 ORDER BY c
	Unique  (cost=4128.13..4133.39 rows=1052 width=121)
	  ->  Sort  (cost=4128.13..4130.76 rows=1052 width=121)
	        Sort Key: c
	        ->  Bitmap Heap Scan on sbtest4  (cost=35.22..4075.32 rows=1052 width=121)
	              Recheck Cond: ((id >= 3417522) AND (id <= 3418521))
	              ->  Bitmap Index Scan on sbtest4_pkey  (cost=0.00..34.95 rows=1052 width=0)
	                    Index Cond: ((id >= 3417522) AND (id <= 3418521))

table 5 : explain SELECT DISTINCT c FROM sbtest5 WHERE id BETWEEN 9180168 AND 9181167 ORDER BY c
	Unique  (cost=3798.23..3803.06 rows=967 width=121)
	  ->  Sort  (cost=3798.23..3800.65 rows=967 width=121)
	        Sort Key: c
	        ->  Bitmap Heap Scan on sbtest5  (cost=30.35..3750.28 rows=967 width=121)
	              Recheck Cond: ((id >= 9180168) AND (id <= 9181167))
	              ->  Bitmap Index Scan on sbtest5_pkey  (cost=0.00..30.11 rows=967 width=0)
	                    Index Cond: ((id >= 9180168) AND (id <= 9181167))

table 6 : explain SELECT DISTINCT c FROM sbtest6 WHERE id BETWEEN 7227843 AND 7228842 ORDER BY c
	Unique  (cost=3889.92..3894.87 rows=991 width=121)
	  ->  Sort  (cost=3889.92..3892.40 rows=991 width=121)
	        Sort Key: c
	        ->  Bitmap Heap Scan on sbtest6  (cost=30.59..3840.60 rows=991 width=121)
	              Recheck Cond: ((id >= 7227843) AND (id <= 7228842))
	              ->  Bitmap Index Scan on sbtest6_pkey  (cost=0.00..30.34 rows=991 width=0)
	                    Index Cond: ((id >= 7227843) AND (id <= 7228842))

table 7 : explain SELECT DISTINCT c FROM sbtest7 WHERE id BETWEEN 4324551 AND 4325550 ORDER BY c
	Unique  (cost=3805.93..3810.78 rows=969 width=121)
	  ->  Sort  (cost=3805.93..3808.35 rows=969 width=121)
	        Sort Key: c
	        ->  Bitmap Heap Scan on sbtest7  (cost=30.37..3757.87 rows=969 width=121)
	              Recheck Cond: ((id >= 4324551) AND (id <= 4325550))
	              ->  Bitmap Index Scan on sbtest7_pkey  (cost=0.00..30.12 rows=969 width=0)
	                    Index Cond: ((id >= 4324551) AND (id <= 4325550))

table 8 : explain SELECT DISTINCT c FROM sbtest8 WHERE id BETWEEN 8396925 AND 8397924 ORDER BY c
	Unique  (cost=3694.63..3699.33 rows=940 width=121)
	  ->  Sort  (cost=3694.63..3696.98 rows=940 width=121)
	        Sort Key: c
	        ->  Bitmap Heap Scan on sbtest8  (cost=30.07..3648.21 rows=940 width=121)
	              Recheck Cond: ((id >= 8396925) AND (id <= 8397924))
	              ->  Bitmap Index Scan on sbtest8_pkey  (cost=0.00..29.83 rows=940 width=0)
	                    Index Cond: ((id >= 8396925) AND (id <= 8397924))

for: order_ranges
table 1 : explain SELECT c FROM sbtest1 WHERE id BETWEEN 7689085 AND 7690084 ORDER BY c
	Sort  (cost=3702.22..3704.57 rows=942 width=121)
	  Sort Key: c
	  ->  Bitmap Heap Scan on sbtest1  (cost=30.09..3655.69 rows=942 width=121)
	        Recheck Cond: ((id >= 7689085) AND (id <= 7690084))
	        ->  Bitmap Index Scan on sbtest1_pkey  (cost=0.00..29.86 rows=942 width=0)
	              Index Cond: ((id >= 7689085) AND (id <= 7690084))

table 2 : explain SELECT c FROM sbtest2 WHERE id BETWEEN 3363151 AND 3364150 ORDER BY c
	Sort  (cost=4005.17..4007.73 rows=1021 width=121)
	  Sort Key: c
	  ->  Bitmap Heap Scan on sbtest2  (cost=30.90..3954.15 rows=1021 width=121)
	        Recheck Cond: ((id >= 3363151) AND (id <= 3364150))
	        ->  Bitmap Index Scan on sbtest2_pkey  (cost=0.00..30.64 rows=1021 width=0)
	              Index Cond: ((id >= 3363151) AND (id <= 3364150))

table 3 : explain SELECT c FROM sbtest3 WHERE id BETWEEN 6757063 AND 6758062 ORDER BY c
	Sort  (cost=4012.57..4015.12 rows=1023 width=121)
	  Sort Key: c
	  ->  Bitmap Heap Scan on sbtest3  (cost=30.92..3961.42 rows=1023 width=121)
	        Recheck Cond: ((id >= 6757063) AND (id <= 6758062))
	        ->  Bitmap Index Scan on sbtest3_pkey  (cost=0.00..30.66 rows=1023 width=0)
	              Index Cond: ((id >= 6757063) AND (id <= 6758062))

table 4 : explain SELECT c FROM sbtest4 WHERE id BETWEEN 7920358 AND 7921357 ORDER BY c
	Sort  (cost=4223.75..4226.44 rows=1077 width=121)
	  Sort Key: c
	  ->  Bitmap Heap Scan on sbtest4  (cost=35.47..4169.51 rows=1077 width=121)
	        Recheck Cond: ((id >= 7920358) AND (id <= 7921357))
	        ->  Bitmap Index Scan on sbtest4_pkey  (cost=0.00..35.20 rows=1077 width=0)
	              Index Cond: ((id >= 7920358) AND (id <= 7921357))

table 5 : explain SELECT c FROM sbtest5 WHERE id BETWEEN 9501489 AND 9502488 ORDER BY c
	Sort  (cost=3763.70..3766.10 rows=958 width=121)
	  Sort Key: c
	  ->  Bitmap Heap Scan on sbtest5  (cost=30.25..3716.26 rows=958 width=121)
	        Recheck Cond: ((id >= 9501489) AND (id <= 9502488))
	        ->  Bitmap Index Scan on sbtest5_pkey  (cost=0.00..30.01 rows=958 width=0)
	              Index Cond: ((id >= 9501489) AND (id <= 9502488))

table 6 : explain SELECT c FROM sbtest6 WHERE id BETWEEN 5507840 AND 5508839 ORDER BY c
	Sort  (cost=3809.41..3811.84 rows=970 width=121)
	  Sort Key: c
	  ->  Bitmap Heap Scan on sbtest6  (cost=30.38..3761.29 rows=970 width=121)
	        Recheck Cond: ((id >= 5507840) AND (id <= 5508839))
	        ->  Bitmap Index Scan on sbtest6_pkey  (cost=0.00..30.14 rows=970 width=0)
	              Index Cond: ((id >= 5507840) AND (id <= 5508839))

table 7 : explain SELECT c FROM sbtest7 WHERE id BETWEEN 962686 AND 963685 ORDER BY c
	Sort  (cost=4437.40..4440.23 rows=1133 width=121)
	  Sort Key: c
	  ->  Bitmap Heap Scan on sbtest7  (cost=36.05..4379.93 rows=1133 width=121)
	        Recheck Cond: ((id >= 962686) AND (id <= 963685))
	        ->  Bitmap Index Scan on sbtest7_pkey  (cost=0.00..35.77 rows=1133 width=0)
	              Index Cond: ((id >= 962686) AND (id <= 963685))

table 8 : explain SELECT c FROM sbtest8 WHERE id BETWEEN 2268737 AND 2269736 ORDER BY c
	Sort  (cost=3571.71..3573.98 rows=908 width=121)
	  Sort Key: c
	  ->  Bitmap Heap Scan on sbtest8  (cost=29.74..3527.10 rows=908 width=121)
	        Recheck Cond: ((id >= 2268737) AND (id <= 2269736))
	        ->  Bitmap Index Scan on sbtest8_pkey  (cost=0.00..29.51 rows=908 width=0)
	              Index Cond: ((id >= 2268737) AND (id <= 2269736))

for: simple_ranges
table 1 : explain SELECT c FROM sbtest1 WHERE id BETWEEN 5475338 AND 5476337
	Bitmap Heap Scan on sbtest1  (cost=30.06..3644.34 rows=939 width=121)
	  Recheck Cond: ((id >= 5475338) AND (id <= 5476337))
	  ->  Bitmap Index Scan on sbtest1_pkey  (cost=0.00..29.82 rows=939 width=0)
	        Index Cond: ((id >= 5475338) AND (id <= 5476337))

table 2 : explain SELECT c FROM sbtest2 WHERE id BETWEEN 8158224 AND 8159223
	Bitmap Heap Scan on sbtest2  (cost=30.85..3935.28 rows=1016 width=121)
	  Recheck Cond: ((id >= 8158224) AND (id <= 8159223))
	  ->  Bitmap Index Scan on sbtest2_pkey  (cost=0.00..30.59 rows=1016 width=0)
	        Index Cond: ((id >= 8158224) AND (id <= 8159223))

table 3 : explain SELECT c FROM sbtest3 WHERE id BETWEEN 7338969 AND 7339968
	Bitmap Heap Scan on sbtest3  (cost=35.17..4055.91 rows=1047 width=121)
	  Recheck Cond: ((id >= 7338969) AND (id <= 7339968))
	  ->  Bitmap Index Scan on sbtest3_pkey  (cost=0.00..34.91 rows=1047 width=0)
	        Index Cond: ((id >= 7338969) AND (id <= 7339968))

table 4 : explain SELECT c FROM sbtest4 WHERE id BETWEEN 1790374 AND 1791373
	Bitmap Heap Scan on sbtest4  (cost=35.24..4082.86 rows=1054 width=121)
	  Recheck Cond: ((id >= 1790374) AND (id <= 1791373))
	  ->  Bitmap Index Scan on sbtest4_pkey  (cost=0.00..34.98 rows=1054 width=0)
	        Index Cond: ((id >= 1790374) AND (id <= 1791373))

table 5 : explain SELECT c FROM sbtest5 WHERE id BETWEEN 2713227 AND 2714226
	Bitmap Heap Scan on sbtest5  (cost=35.26..4090.11 rows=1056 width=121)
	  Recheck Cond: ((id >= 2713227) AND (id <= 2714226))
	  ->  Bitmap Index Scan on sbtest5_pkey  (cost=0.00..35.00 rows=1056 width=0)
	        Index Cond: ((id >= 2713227) AND (id <= 2714226))

table 6 : explain SELECT c FROM sbtest6 WHERE id BETWEEN 9333952 AND 9334951
	Bitmap Heap Scan on sbtest6  (cost=29.82..3557.08 rows=916 width=121)
	  Recheck Cond: ((id >= 9333952) AND (id <= 9334951))
	  ->  Bitmap Index Scan on sbtest6_pkey  (cost=0.00..29.59 rows=916 width=0)
	        Index Cond: ((id >= 9333952) AND (id <= 9334951))

table 7 : explain SELECT c FROM sbtest7 WHERE id BETWEEN 558409 AND 559408
	Bitmap Heap Scan on sbtest7  (cost=35.03..4007.22 rows=1034 width=121)
	  Recheck Cond: ((id >= 558409) AND (id <= 559408))
	  ->  Bitmap Index Scan on sbtest7_pkey  (cost=0.00..34.78 rows=1034 width=0)
	        Index Cond: ((id >= 558409) AND (id <= 559408))

table 8 : explain SELECT c FROM sbtest8 WHERE id BETWEEN 7165140 AND 7166139
	Bitmap Heap Scan on sbtest8  (cost=36.67..4605.24 rows=1194 width=121)
	  Recheck Cond: ((id >= 7165140) AND (id <= 7166139))
	  ->  Bitmap Index Scan on sbtest8_pkey  (cost=0.00..36.38 rows=1194 width=0)
	        Index Cond: ((id >= 7165140) AND (id <= 7166139))

for: simple_ranges
table 1 : explain SELECT c FROM sbtest1 WHERE id BETWEEN 9976580 AND 9977579
	Bitmap Heap Scan on sbtest1  (cost=31.00..3991.79 rows=1031 width=121)
	  Recheck Cond: ((id >= 9976580) AND (id <= 9977579))
	  ->  Bitmap Index Scan on sbtest1_pkey  (cost=0.00..30.75 rows=1031 width=0)
	        Index Cond: ((id >= 9976580) AND (id <= 9977579))

table 2 : explain SELECT c FROM sbtest2 WHERE id BETWEEN 7058445 AND 7059444
	Bitmap Heap Scan on sbtest2  (cost=35.12..4037.34 rows=1042 width=121)
	  Recheck Cond: ((id >= 7058445) AND (id <= 7059444))
	  ->  Bitmap Index Scan on sbtest2_pkey  (cost=0.00..34.86 rows=1042 width=0)
	        Index Cond: ((id >= 7058445) AND (id <= 7059444))

table 3 : explain SELECT c FROM sbtest3 WHERE id BETWEEN 7516744 AND 7517743
	Bitmap Heap Scan on sbtest3  (cost=29.50..3435.95 rows=884 width=121)
	  Recheck Cond: ((id >= 7516744) AND (id <= 7517743))
	  ->  Bitmap Index Scan on sbtest3_pkey  (cost=0.00..29.27 rows=884 width=0)
	        Index Cond: ((id >= 7516744) AND (id <= 7517743))

table 4 : explain SELECT c FROM sbtest4 WHERE id BETWEEN 2964313 AND 2965312
	Bitmap Heap Scan on sbtest4  (cost=30.01..3625.74 rows=934 width=121)
	  Recheck Cond: ((id >= 2964313) AND (id <= 2965312))
	  ->  Bitmap Index Scan on sbtest4_pkey  (cost=0.00..29.77 rows=934 width=0)
	        Index Cond: ((id >= 2964313) AND (id <= 2965312))

table 5 : explain SELECT c FROM sbtest5 WHERE id BETWEEN 4070434 AND 4071433
	Bitmap Heap Scan on sbtest5  (cost=35.46..4165.45 rows=1076 width=121)
	  Recheck Cond: ((id >= 4070434) AND (id <= 4071433))
	  ->  Bitmap Index Scan on sbtest5_pkey  (cost=0.00..35.20 rows=1076 width=0)
	        Index Cond: ((id >= 4070434) AND (id <= 4071433))

table 6 : explain SELECT c FROM sbtest6 WHERE id BETWEEN 3760436 AND 3761435
	Bitmap Heap Scan on sbtest6  (cost=30.44..3783.96 rows=976 width=121)
	  Recheck Cond: ((id >= 3760436) AND (id <= 3761435))
	  ->  Bitmap Index Scan on sbtest6_pkey  (cost=0.00..30.19 rows=976 width=0)
	        Index Cond: ((id >= 3760436) AND (id <= 3761435))

table 7 : explain SELECT c FROM sbtest7 WHERE id BETWEEN 7971984 AND 7972983
	Bitmap Heap Scan on sbtest7  (cost=30.27..3723.85 rows=960 width=121)
	  Recheck Cond: ((id >= 7971984) AND (id <= 7972983))
	  ->  Bitmap Index Scan on sbtest7_pkey  (cost=0.00..30.04 rows=960 width=0)
	        Index Cond: ((id >= 7971984) AND (id <= 7972983))

table 8 : explain SELECT c FROM sbtest8 WHERE id BETWEEN 7781500 AND 7782499
	Bitmap Heap Scan on sbtest8  (cost=35.70..4252.04 rows=1099 width=121)
	  Recheck Cond: ((id >= 7781500) AND (id <= 7782499))
	  ->  Bitmap Index Scan on sbtest8_pkey  (cost=0.00..35.43 rows=1099 width=0)
	        Index Cond: ((id >= 7781500) AND (id <= 7782499))

for: simple_ranges
table 1 : explain SELECT c FROM sbtest1 WHERE id BETWEEN 7113374 AND 7114373
	Bitmap Heap Scan on sbtest1  (cost=30.71..3882.38 rows=1002 width=121)
	  Recheck Cond: ((id >= 7113374) AND (id <= 7114373))
	  ->  Bitmap Index Scan on sbtest1_pkey  (cost=0.00..30.45 rows=1002 width=0)
	        Index Cond: ((id >= 7113374) AND (id <= 7114373))

table 2 : explain SELECT c FROM sbtest2 WHERE id BETWEEN 5972622 AND 5973621
	Bitmap Heap Scan on sbtest2  (cost=30.21..3701.13 rows=954 width=121)
	  Recheck Cond: ((id >= 5972622) AND (id <= 5973621))
	  ->  Bitmap Index Scan on sbtest2_pkey  (cost=0.00..29.97 rows=954 width=0)
	        Index Cond: ((id >= 5972622) AND (id <= 5973621))

table 3 : explain SELECT c FROM sbtest3 WHERE id BETWEEN 6961048 AND 6962047
	Bitmap Heap Scan on sbtest3  (cost=35.30..4104.89 rows=1060 width=121)
	  Recheck Cond: ((id >= 6961048) AND (id <= 6962047))
	  ->  Bitmap Index Scan on sbtest3_pkey  (cost=0.00..35.04 rows=1060 width=0)
	        Index Cond: ((id >= 6961048) AND (id <= 6962047))

table 4 : explain SELECT c FROM sbtest4 WHERE id BETWEEN 3861648 AND 3862647
	Bitmap Heap Scan on sbtest4  (cost=30.66..3867.63 rows=998 width=121)
	  Recheck Cond: ((id >= 3861648) AND (id <= 3862647))
	  ->  Bitmap Index Scan on sbtest4_pkey  (cost=0.00..30.41 rows=998 width=0)
	        Index Cond: ((id >= 3861648) AND (id <= 3862647))

table 5 : explain SELECT c FROM sbtest5 WHERE id BETWEEN 6885230 AND 6886229
	Bitmap Heap Scan on sbtest5  (cost=30.05..3640.63 rows=938 width=121)
	  Recheck Cond: ((id >= 6885230) AND (id <= 6886229))
	  ->  Bitmap Index Scan on sbtest5_pkey  (cost=0.00..29.82 rows=938 width=0)
	        Index Cond: ((id >= 6885230) AND (id <= 6886229))

table 6 : explain SELECT c FROM sbtest6 WHERE id BETWEEN 4019836 AND 4020835
	Bitmap Heap Scan on sbtest6  (cost=30.50..3806.62 rows=982 width=121)
	  Recheck Cond: ((id >= 4019836) AND (id <= 4020835))
	  ->  Bitmap Index Scan on sbtest6_pkey  (cost=0.00..30.25 rows=982 width=0)
	        Index Cond: ((id >= 4019836) AND (id <= 4020835))

table 7 : explain SELECT c FROM sbtest7 WHERE id BETWEEN 521593 AND 522592
	Bitmap Heap Scan on sbtest7  (cost=35.03..4007.22 rows=1034 width=121)
	  Recheck Cond: ((id >= 521593) AND (id <= 522592))
	  ->  Bitmap Index Scan on sbtest7_pkey  (cost=0.00..34.78 rows=1034 width=0)
	        Index Cond: ((id >= 521593) AND (id <= 522592))

table 8 : explain SELECT c FROM sbtest8 WHERE id BETWEEN 756824 AND 757823
	Bitmap Heap Scan on sbtest8  (cost=30.62..3852.28 rows=994 width=121)
	  Recheck Cond: ((id >= 756824) AND (id <= 757823))
	  ->  Bitmap Index Scan on sbtest8_pkey  (cost=0.00..30.37 rows=994 width=0)
	        Index Cond: ((id >= 756824) AND (id <= 757823))

for: order_ranges
table 1 : explain SELECT c FROM sbtest1 WHERE id BETWEEN 5212088 AND 5213087 ORDER BY c
	Sort  (cost=3801.98..3804.40 rows=968 width=121)
	  Sort Key: c
	  ->  Bitmap Heap Scan on sbtest1  (cost=30.36..3753.98 rows=968 width=121)
	        Recheck Cond: ((id >= 5212088) AND (id <= 5213087))
	        ->  Bitmap Index Scan on sbtest1_pkey  (cost=0.00..30.11 rows=968 width=0)
	              Index Cond: ((id >= 5212088) AND (id <= 5213087))

table 2 : explain SELECT c FROM sbtest2 WHERE id BETWEEN 8683360 AND 8684359 ORDER BY c
	Sort  (cost=3671.57..3673.90 rows=934 width=121)
	  Sort Key: c
	  ->  Bitmap Heap Scan on sbtest2  (cost=30.01..3625.49 rows=934 width=121)
	        Recheck Cond: ((id >= 8683360) AND (id <= 8684359))
	        ->  Bitmap Index Scan on sbtest2_pkey  (cost=0.00..29.77 rows=934 width=0)
	              Index Cond: ((id >= 8683360) AND (id <= 8684359))

table 3 : explain SELECT c FROM sbtest3 WHERE id BETWEEN 7967273 AND 7968272 ORDER BY c
	Sort  (cost=3951.29..3953.81 rows=1007 width=121)
	  Sort Key: c
	  ->  Bitmap Heap Scan on sbtest3  (cost=30.76..3901.06 rows=1007 width=121)
	        Recheck Cond: ((id >= 7967273) AND (id <= 7968272))
	        ->  Bitmap Index Scan on sbtest3_pkey  (cost=0.00..30.50 rows=1007 width=0)
	              Index Cond: ((id >= 7967273) AND (id <= 7968272))

table 4 : explain SELECT c FROM sbtest4 WHERE id BETWEEN 1911693 AND 1912692 ORDER BY c
	Sort  (cost=3809.99..3812.41 rows=970 width=121)
	  Sort Key: c
	  ->  Bitmap Heap Scan on sbtest4  (cost=30.38..3761.87 rows=970 width=121)
	        Recheck Cond: ((id >= 1911693) AND (id <= 1912692))
	        ->  Bitmap Index Scan on sbtest4_pkey  (cost=0.00..30.14 rows=970 width=0)
	              Index Cond: ((id >= 1911693) AND (id <= 1912692))

table 5 : explain SELECT c FROM sbtest5 WHERE id BETWEEN 5498366 AND 5499365 ORDER BY c
	Sort  (cost=3805.90..3808.32 rows=969 width=121)
	  Sort Key: c
	  ->  Bitmap Heap Scan on sbtest5  (cost=30.37..3757.84 rows=969 width=121)
	        Recheck Cond: ((id >= 5498366) AND (id <= 5499365))
	        ->  Bitmap Index Scan on sbtest5_pkey  (cost=0.00..30.12 rows=969 width=0)
	              Index Cond: ((id >= 5498366) AND (id <= 5499365))

table 6 : explain SELECT c FROM sbtest6 WHERE id BETWEEN 1358507 AND 1359506 ORDER BY c
	Sort  (cost=4031.81..4034.38 rows=1027 width=121)
	  Sort Key: c
	  ->  Bitmap Heap Scan on sbtest6  (cost=34.96..3980.44 rows=1027 width=121)
	        Recheck Cond: ((id >= 1358507) AND (id <= 1359506))
	        ->  Bitmap Index Scan on sbtest6_pkey  (cost=0.00..34.70 rows=1027 width=0)
	              Index Cond: ((id >= 1358507) AND (id <= 1359506))

table 7 : explain SELECT c FROM sbtest7 WHERE id BETWEEN 5761052 AND 5762051 ORDER BY c
	Sort  (cost=4334.31..4337.08 rows=1106 width=121)
	  Sort Key: c
	  ->  Bitmap Heap Scan on sbtest7  (cost=35.77..4278.40 rows=1106 width=121)
	        Recheck Cond: ((id >= 5761052) AND (id <= 5762051))
	        ->  Bitmap Index Scan on sbtest7_pkey  (cost=0.00..35.50 rows=1106 width=0)
	              Index Cond: ((id >= 5761052) AND (id <= 5762051))

table 8 : explain SELECT c FROM sbtest8 WHERE id BETWEEN 5474488 AND 5475487 ORDER BY c
	Sort  (cost=4456.54..4459.39 rows=1139 width=121)
	  Sort Key: c
	  ->  Bitmap Heap Scan on sbtest8  (cost=36.11..4398.72 rows=1139 width=121)
	        Recheck Cond: ((id >= 5474488) AND (id <= 5475487))
	        ->  Bitmap Index Scan on sbtest8_pkey  (cost=0.00..35.83 rows=1139 width=0)
	              Index Cond: ((id >= 5474488) AND (id <= 5475487))

for: order_ranges
table 1 : explain SELECT c FROM sbtest1 WHERE id BETWEEN 7719791 AND 7720790 ORDER BY c
	Sort  (cost=3702.22..3704.57 rows=942 width=121)
	  Sort Key: c
	  ->  Bitmap Heap Scan on sbtest1  (cost=30.09..3655.69 rows=942 width=121)
	        Recheck Cond: ((id >= 7719791) AND (id <= 7720790))
	        ->  Bitmap Index Scan on sbtest1_pkey  (cost=0.00..29.86 rows=942 width=0)
	              Index Cond: ((id >= 7719791) AND (id <= 7720790))

table 2 : explain SELECT c FROM sbtest2 WHERE id BETWEEN 4289958 AND 4290957 ORDER BY c
	Sort  (cost=3882.57..3885.05 rows=989 width=121)
	  Sort Key: c
	  ->  Bitmap Heap Scan on sbtest2  (cost=30.57..3833.37 rows=989 width=121)
	        Recheck Cond: ((id >= 4289958) AND (id <= 4290957))
	        ->  Bitmap Index Scan on sbtest2_pkey  (cost=0.00..30.32 rows=989 width=0)
	              Index Cond: ((id >= 4289958) AND (id <= 4290957))

table 3 : explain SELECT c FROM sbtest3 WHERE id BETWEEN 7532197 AND 7533196 ORDER BY c
	Sort  (cost=3479.21..3481.42 rows=884 width=121)
	  Sort Key: c
	  ->  Bitmap Heap Scan on sbtest3  (cost=29.50..3435.95 rows=884 width=121)
	        Recheck Cond: ((id >= 7532197) AND (id <= 7533196))
	        ->  Bitmap Index Scan on sbtest3_pkey  (cost=0.00..29.27 rows=884 width=0)
	              Index Cond: ((id >= 7532197) AND (id <= 7533196))

table 4 : explain SELECT c FROM sbtest4 WHERE id BETWEEN 7799734 AND 7800733 ORDER BY c
	Sort  (cost=4441.50..4444.33 rows=1134 width=121)
	  Sort Key: c
	  ->  Bitmap Heap Scan on sbtest4  (cost=36.06..4383.96 rows=1134 width=121)
	        Recheck Cond: ((id >= 7799734) AND (id <= 7800733))
	        ->  Bitmap Index Scan on sbtest4_pkey  (cost=0.00..35.78 rows=1134 width=0)
	              Index Cond: ((id >= 7799734) AND (id <= 7800733))

table 5 : explain SELECT c FROM sbtest5 WHERE id BETWEEN 394713 AND 395712 ORDER BY c
	Sort  (cost=3713.81..3716.18 rows=945 width=121)
	  Sort Key: c
	  ->  Bitmap Heap Scan on sbtest5  (cost=30.12..3667.11 rows=945 width=121)
	        Recheck Cond: ((id >= 394713) AND (id <= 395712))
	        ->  Bitmap Index Scan on sbtest5_pkey  (cost=0.00..29.89 rows=945 width=0)
	              Index Cond: ((id >= 394713) AND (id <= 395712))

table 6 : explain SELECT c FROM sbtest6 WHERE id BETWEEN 4142673 AND 4143672 ORDER BY c
	Sort  (cost=3682.79..3685.13 rows=937 width=121)
	  Sort Key: c
	  ->  Bitmap Heap Scan on sbtest6  (cost=30.04..3636.54 rows=937 width=121)
	        Recheck Cond: ((id >= 4142673) AND (id <= 4143672))
	        ->  Bitmap Index Scan on sbtest6_pkey  (cost=0.00..29.80 rows=937 width=0)
	              Index Cond: ((id >= 4142673) AND (id <= 4143672))

table 7 : explain SELECT c FROM sbtest7 WHERE id BETWEEN 5883828 AND 5884827 ORDER BY c
	Sort  (cost=3759.89..3762.29 rows=957 width=121)
	  Sort Key: c
	  ->  Bitmap Heap Scan on sbtest7  (cost=30.24..3712.51 rows=957 width=121)
	        Recheck Cond: ((id >= 5883828) AND (id <= 5884827))
	        ->  Bitmap Index Scan on sbtest7_pkey  (cost=0.00..30.00 rows=957 width=0)
	              Index Cond: ((id >= 5883828) AND (id <= 5884827))

table 8 : explain SELECT c FROM sbtest8 WHERE id BETWEEN 8065423 AND 8066422 ORDER BY c
	Sort  (cost=3790.57..3792.98 rows=965 width=121)
	  Sort Key: c
	  ->  Bitmap Heap Scan on sbtest8  (cost=30.33..3742.73 rows=965 width=121)
	        Recheck Cond: ((id >= 8065423) AND (id <= 8066422))
	        ->  Bitmap Index Scan on sbtest8_pkey  (cost=0.00..30.08 rows=965 width=0)
	              Index Cond: ((id >= 8065423) AND (id <= 8066422))

for: distinct_ranges
table 1 : explain SELECT DISTINCT c FROM sbtest1 WHERE id BETWEEN 6709197 AND 6710196 ORDER BY c
	Unique  (cost=4062.53..4067.71 rows=1036 width=121)
	  ->  Sort  (cost=4062.53..4065.12 rows=1036 width=121)
	        Sort Key: c
	        ->  Bitmap Heap Scan on sbtest1  (cost=31.05..4010.64 rows=1036 width=121)
	              Recheck Cond: ((id >= 6709197) AND (id <= 6710196))
	              ->  Bitmap Index Scan on sbtest1_pkey  (cost=0.00..30.79 rows=1036 width=0)
	                    Index Cond: ((id >= 6709197) AND (id <= 6710196))

table 2 : explain SELECT DISTINCT c FROM sbtest2 WHERE id BETWEEN 4031680 AND 4032679 ORDER BY c
	Unique  (cost=3832.73..3837.61 rows=976 width=121)
	  ->  Sort  (cost=3832.73..3835.17 rows=976 width=121)
	        Sort Key: c
	        ->  Bitmap Heap Scan on sbtest2  (cost=30.44..3784.27 rows=976 width=121)
	              Recheck Cond: ((id >= 4031680) AND (id <= 4032679))
	              ->  Bitmap Index Scan on sbtest2_pkey  (cost=0.00..30.19 rows=976 width=0)
	                    Index Cond: ((id >= 4031680) AND (id <= 4032679))

table 3 : explain SELECT DISTINCT c FROM sbtest3 WHERE id BETWEEN 602733 AND 603732 ORDER BY c
	Unique  (cost=3725.07..3729.81 rows=948 width=121)
	  ->  Sort  (cost=3725.07..3727.44 rows=948 width=121)
	        Sort Key: c
	        ->  Bitmap Heap Scan on sbtest3  (cost=30.15..3678.20 rows=948 width=121)
	              Recheck Cond: ((id >= 602733) AND (id <= 603732))
	              ->  Bitmap Index Scan on sbtest3_pkey  (cost=0.00..29.91 rows=948 width=0)
	                    Index Cond: ((id >= 602733) AND (id <= 603732))

table 4 : explain SELECT DISTINCT c FROM sbtest4 WHERE id BETWEEN 9596097 AND 9597096 ORDER BY c
	Unique  (cost=3491.19..3495.63 rows=887 width=121)
	  ->  Sort  (cost=3491.19..3493.41 rows=887 width=121)
	        Sort Key: c
	        ->  Bitmap Heap Scan on sbtest4  (cost=29.53..3447.76 rows=887 width=121)
	              Recheck Cond: ((id >= 9596097) AND (id <= 9597096))
	              ->  Bitmap Index Scan on sbtest4_pkey  (cost=0.00..29.30 rows=887 width=0)
	                    Index Cond: ((id >= 9596097) AND (id <= 9597096))

table 5 : explain SELECT DISTINCT c FROM sbtest5 WHERE id BETWEEN 6311975 AND 6312974 ORDER BY c
	Unique  (cost=3966.89..3971.95 rows=1011 width=121)
	  ->  Sort  (cost=3966.89..3969.42 rows=1011 width=121)
	        Sort Key: c
	        ->  Bitmap Heap Scan on sbtest5  (cost=30.80..3916.43 rows=1011 width=121)
	              Recheck Cond: ((id >= 6311975) AND (id <= 6312974))
	              ->  Bitmap Index Scan on sbtest5_pkey  (cost=0.00..30.54 rows=1011 width=0)
	                    Index Cond: ((id >= 6311975) AND (id <= 6312974))

table 6 : explain SELECT DISTINCT c FROM sbtest6 WHERE id BETWEEN 797481 AND 798480 ORDER BY c
	Unique  (cost=4001.18..4006.27 rows=1019 width=121)
	  ->  Sort  (cost=4001.18..4003.73 rows=1019 width=121)
	        Sort Key: c
	        ->  Bitmap Heap Scan on sbtest6  (cost=34.88..3950.27 rows=1019 width=121)
	              Recheck Cond: ((id >= 797481) AND (id <= 798480))
	              ->  Bitmap Index Scan on sbtest6_pkey  (cost=0.00..34.62 rows=1019 width=0)
	                    Index Cond: ((id >= 797481) AND (id <= 798480))

table 7 : explain SELECT DISTINCT c FROM sbtest7 WHERE id BETWEEN 969830 AND 970829 ORDER BY c
	Unique  (cost=3625.52..3630.13 rows=922 width=121)
	  ->  Sort  (cost=3625.52..3627.83 rows=922 width=121)
	        Sort Key: c
	        ->  Bitmap Heap Scan on sbtest7  (cost=29.89..3580.12 rows=922 width=121)
	              Recheck Cond: ((id >= 969830) AND (id <= 970829))
	              ->  Bitmap Index Scan on sbtest7_pkey  (cost=0.00..29.65 rows=922 width=0)
	                    Index Cond: ((id >= 969830) AND (id <= 970829))

table 8 : explain SELECT DISTINCT c FROM sbtest8 WHERE id BETWEEN 2713680 AND 2714679 ORDER BY c
	Unique  (cost=3567.87..3572.41 rows=907 width=121)
	  ->  Sort  (cost=3567.87..3570.14 rows=907 width=121)
	        Sort Key: c
	        ->  Bitmap Heap Scan on sbtest8  (cost=29.73..3523.32 rows=907 width=121)
	              Recheck Cond: ((id >= 2713680) AND (id <= 2714679))
	              ->  Bitmap Index Scan on sbtest8_pkey  (cost=0.00..29.50 rows=907 width=0)
	                    Index Cond: ((id >= 2713680) AND (id <= 2714679))

for: sum_ranges
table 1 : explain SELECT SUM(k) FROM sbtest1 WHERE id BETWEEN 9455255 AND 9456254
	Aggregate  (cost=4111.28..4111.29 rows=1 width=8)
	  ->  Bitmap Heap Scan on sbtest1  (cost=31.32..4108.63 rows=1062 width=4)
	        Recheck Cond: ((id >= 9455255) AND (id <= 9456254))
	        ->  Bitmap Index Scan on sbtest1_pkey  (cost=0.00..31.05 rows=1062 width=0)
	              Index Cond: ((id >= 9455255) AND (id <= 9456254))

table 2 : explain SELECT SUM(k) FROM sbtest2 WHERE id BETWEEN 8450072 AND 8451071
	Aggregate  (cost=4198.26..4198.27 rows=1 width=8)
	  ->  Bitmap Heap Scan on sbtest2  (cost=35.55..4195.55 rows=1084 width=4)
	        Recheck Cond: ((id >= 8450072) AND (id <= 8451071))
	        ->  Bitmap Index Scan on sbtest2_pkey  (cost=0.00..35.28 rows=1084 width=0)
	              Index Cond: ((id >= 8450072) AND (id <= 8451071))

table 3 : explain SELECT SUM(k) FROM sbtest3 WHERE id BETWEEN 6067547 AND 6068546
	Aggregate  (cost=3725.97..3725.98 rows=1 width=8)
	  ->  Bitmap Heap Scan on sbtest3  (cost=30.27..3723.57 rows=960 width=4)
	        Recheck Cond: ((id >= 6067547) AND (id <= 6068546))
	        ->  Bitmap Index Scan on sbtest3_pkey  (cost=0.00..30.04 rows=960 width=0)
	              Index Cond: ((id >= 6067547) AND (id <= 6068546))

table 4 : explain SELECT SUM(k) FROM sbtest4 WHERE id BETWEEN 6706268 AND 6707267
	Aggregate  (cost=3722.69..3722.70 rows=1 width=8)
	  ->  Bitmap Heap Scan on sbtest4  (cost=30.26..3720.29 rows=959 width=4)
	        Recheck Cond: ((id >= 6706268) AND (id <= 6707267))
	        ->  Bitmap Index Scan on sbtest4_pkey  (cost=0.00..30.02 rows=959 width=0)
	              Index Cond: ((id >= 6706268) AND (id <= 6707267))

table 5 : explain SELECT SUM(k) FROM sbtest5 WHERE id BETWEEN 4776330 AND 4777329
	Aggregate  (cost=3665.69..3665.70 rows=1 width=8)
	  ->  Bitmap Heap Scan on sbtest5  (cost=30.11..3663.33 rows=944 width=4)
	        Recheck Cond: ((id >= 4776330) AND (id <= 4777329))
	        ->  Bitmap Index Scan on sbtest5_pkey  (cost=0.00..29.87 rows=944 width=0)
	              Index Cond: ((id >= 4776330) AND (id <= 4777329))

table 6 : explain SELECT SUM(k) FROM sbtest6 WHERE id BETWEEN 8843859 AND 8844858
	Aggregate  (cost=3873.30..3873.31 rows=1 width=8)
	  ->  Bitmap Heap Scan on sbtest6  (cost=30.67..3870.80 rows=999 width=4)
	        Recheck Cond: ((id >= 8843859) AND (id <= 8844858))
	        ->  Bitmap Index Scan on sbtest6_pkey  (cost=0.00..30.43 rows=999 width=0)
	              Index Cond: ((id >= 8843859) AND (id <= 8844858))

table 7 : explain SELECT SUM(k) FROM sbtest7 WHERE id BETWEEN 8545675 AND 8546674
	Aggregate  (cost=3646.79..3646.80 rows=1 width=8)
	  ->  Bitmap Heap Scan on sbtest7  (cost=30.06..3644.44 rows=939 width=4)
	        Recheck Cond: ((id >= 8545675) AND (id <= 8546674))
	        ->  Bitmap Index Scan on sbtest7_pkey  (cost=0.00..29.82 rows=939 width=0)
	              Index Cond: ((id >= 8545675) AND (id <= 8546674))

table 8 : explain SELECT SUM(k) FROM sbtest8 WHERE id BETWEEN 9366278 AND 9367277
	Aggregate  (cost=3798.08..3798.09 rows=1 width=8)
	  ->  Bitmap Heap Scan on sbtest8  (cost=30.47..3795.63 rows=979 width=4)
	        Recheck Cond: ((id >= 9366278) AND (id <= 9367277))
	        ->  Bitmap Index Scan on sbtest8_pkey  (cost=0.00..30.22 rows=979 width=0)
	              Index Cond: ((id >= 9366278) AND (id <= 9367277))

for: sum_ranges
table 1 : explain SELECT SUM(k) FROM sbtest1 WHERE id BETWEEN 2547757 AND 2548756
	Aggregate  (cost=3661.82..3661.83 rows=1 width=8)
	  ->  Bitmap Heap Scan on sbtest1  (cost=30.10..3659.47 rows=943 width=4)
	        Recheck Cond: ((id >= 2547757) AND (id <= 2548756))
	        ->  Bitmap Index Scan on sbtest1_pkey  (cost=0.00..29.86 rows=943 width=0)
	              Index Cond: ((id >= 2547757) AND (id <= 2548756))

table 2 : explain SELECT SUM(k) FROM sbtest2 WHERE id BETWEEN 8214952 AND 8215951
	Aggregate  (cost=3752.68..3752.69 rows=1 width=8)
	  ->  Bitmap Heap Scan on sbtest2  (cost=30.35..3750.26 rows=967 width=4)
	        Recheck Cond: ((id >= 8214952) AND (id <= 8215951))
	        ->  Bitmap Index Scan on sbtest2_pkey  (cost=0.00..30.11 rows=967 width=0)
	              Index Cond: ((id >= 8214952) AND (id <= 8215951))

table 3 : explain SELECT SUM(k) FROM sbtest3 WHERE id BETWEEN 4126388 AND 4127387
	Aggregate  (cost=3714.62..3714.63 rows=1 width=8)
	  ->  Bitmap Heap Scan on sbtest3  (cost=30.24..3712.23 rows=957 width=4)
	        Recheck Cond: ((id >= 4126388) AND (id <= 4127387))
	        ->  Bitmap Index Scan on sbtest3_pkey  (cost=0.00..30.00 rows=957 width=0)
	              Index Cond: ((id >= 4126388) AND (id <= 4127387))

table 4 : explain SELECT SUM(k) FROM sbtest4 WHERE id BETWEEN 2804886 AND 2805885
	Aggregate  (cost=3813.44..3813.45 rows=1 width=8)
	  ->  Bitmap Heap Scan on sbtest4  (cost=30.51..3810.98 rows=983 width=4)
	        Recheck Cond: ((id >= 2804886) AND (id <= 2805885))
	        ->  Bitmap Index Scan on sbtest4_pkey  (cost=0.00..30.26 rows=983 width=0)
	              Index Cond: ((id >= 2804886) AND (id <= 2805885))

table 5 : explain SELECT SUM(k) FROM sbtest5 WHERE id BETWEEN 4281595 AND 4282594
	Aggregate  (cost=3824.52..3824.53 rows=1 width=8)
	  ->  Bitmap Heap Scan on sbtest5  (cost=30.54..3822.06 rows=986 width=4)
	        Recheck Cond: ((id >= 4281595) AND (id <= 4282594))
	        ->  Bitmap Index Scan on sbtest5_pkey  (cost=0.00..30.29 rows=986 width=0)
	              Index Cond: ((id >= 4281595) AND (id <= 4282594))

table 6 : explain SELECT SUM(k) FROM sbtest6 WHERE id BETWEEN 4470030 AND 4471029
	Aggregate  (cost=4099.92..4099.93 rows=1 width=8)
	  ->  Bitmap Heap Scan on sbtest6  (cost=35.28..4097.28 rows=1058 width=4)
	        Recheck Cond: ((id >= 4470030) AND (id <= 4471029))
	        ->  Bitmap Index Scan on sbtest6_pkey  (cost=0.00..35.02 rows=1058 width=0)
	              Index Cond: ((id >= 4470030) AND (id <= 4471029))

table 7 : explain SELECT SUM(k) FROM sbtest7 WHERE id BETWEEN 3081717 AND 3082716
	Aggregate  (cost=3502.86..3502.87 rows=1 width=8)
	  ->  Bitmap Heap Scan on sbtest7  (cost=29.67..3500.61 rows=901 width=4)
	        Recheck Cond: ((id >= 3081717) AND (id <= 3082716))
	        ->  Bitmap Index Scan on sbtest7_pkey  (cost=0.00..29.44 rows=901 width=0)
	              Index Cond: ((id >= 3081717) AND (id <= 3082716))

table 8 : explain SELECT SUM(k) FROM sbtest8 WHERE id BETWEEN 3348300 AND 3349299
	Aggregate  (cost=3726.23..3726.24 rows=1 width=8)
	  ->  Bitmap Heap Scan on sbtest8  (cost=30.27..3723.83 rows=960 width=4)
	        Recheck Cond: ((id >= 3348300) AND (id <= 3349299))
	        ->  Bitmap Index Scan on sbtest8_pkey  (cost=0.00..30.04 rows=960 width=0)
	              Index Cond: ((id >= 3348300) AND (id <= 3349299))

for: sum_ranges
table 1 : explain SELECT SUM(k) FROM sbtest1 WHERE id BETWEEN 5785464 AND 5786463
	Aggregate  (cost=3358.65..3358.66 rows=1 width=8)
	  ->  Bitmap Heap Scan on sbtest1  (cost=29.28..3356.49 rows=863 width=4)
	        Recheck Cond: ((id >= 5785464) AND (id <= 5786463))
	        ->  Bitmap Index Scan on sbtest1_pkey  (cost=0.00..29.07 rows=863 width=0)
	              Index Cond: ((id >= 5785464) AND (id <= 5786463))

table 2 : explain SELECT SUM(k) FROM sbtest2 WHERE id BETWEEN 6592731 AND 6593730
	Aggregate  (cost=3832.07..3832.08 rows=1 width=8)
	  ->  Bitmap Heap Scan on sbtest2  (cost=30.56..3829.60 rows=988 width=4)
	        Recheck Cond: ((id >= 6592731) AND (id <= 6593730))
	        ->  Bitmap Index Scan on sbtest2_pkey  (cost=0.00..30.32 rows=988 width=0)
	              Index Cond: ((id >= 6592731) AND (id <= 6593730))

table 3 : explain SELECT SUM(k) FROM sbtest3 WHERE id BETWEEN 2407912 AND 2408911
	Aggregate  (cost=4190.44..4190.45 rows=1 width=8)
	  ->  Bitmap Heap Scan on sbtest3  (cost=35.53..4187.73 rows=1082 width=4)
	        Recheck Cond: ((id >= 2407912) AND (id <= 2408911))
	        ->  Bitmap Index Scan on sbtest3_pkey  (cost=0.00..35.26 rows=1082 width=0)
	              Index Cond: ((id >= 2407912) AND (id <= 2408911))

table 4 : explain SELECT SUM(k) FROM sbtest4 WHERE id BETWEEN 6561681 AND 6562680
	Aggregate  (cost=3696.20..3696.21 rows=1 width=8)
	  ->  Bitmap Heap Scan on sbtest4  (cost=30.19..3693.82 rows=952 width=4)
	        Recheck Cond: ((id >= 6561681) AND (id <= 6562680))
	        ->  Bitmap Index Scan on sbtest4_pkey  (cost=0.00..29.95 rows=952 width=0)
	              Index Cond: ((id >= 6561681) AND (id <= 6562680))

table 5 : explain SELECT SUM(k) FROM sbtest5 WHERE id BETWEEN 858969 AND 859968
	Aggregate  (cost=3790.51..3790.52 rows=1 width=8)
	  ->  Bitmap Heap Scan on sbtest5  (cost=30.45..3788.06 rows=977 width=4)
	        Recheck Cond: ((id >= 858969) AND (id <= 859968))
	        ->  Bitmap Index Scan on sbtest5_pkey  (cost=0.00..30.20 rows=977 width=0)
	              Index Cond: ((id >= 858969) AND (id <= 859968))

table 6 : explain SELECT SUM(k) FROM sbtest6 WHERE id BETWEEN 1243709 AND 1244708
	Aggregate  (cost=3930.16..3930.17 rows=1 width=8)
	  ->  Bitmap Heap Scan on sbtest6  (cost=34.82..3927.63 rows=1013 width=4)
	        Recheck Cond: ((id >= 1243709) AND (id <= 1244708))
	        ->  Bitmap Index Scan on sbtest6_pkey  (cost=0.00..34.57 rows=1013 width=0)
	              Index Cond: ((id >= 1243709) AND (id <= 1244708))

table 7 : explain SELECT SUM(k) FROM sbtest7 WHERE id BETWEEN 278668 AND 279667
	Aggregate  (cost=3847.23..3847.24 rows=1 width=8)
	  ->  Bitmap Heap Scan on sbtest7  (cost=30.60..3844.75 rows=992 width=4)
	        Recheck Cond: ((id >= 278668) AND (id <= 279667))
	        ->  Bitmap Index Scan on sbtest7_pkey  (cost=0.00..30.36 rows=992 width=0)
	              Index Cond: ((id >= 278668) AND (id <= 279667))

table 8 : explain SELECT SUM(k) FROM sbtest8 WHERE id BETWEEN 8564013 AND 8565012
	Aggregate  (cost=4149.31..4149.32 rows=1 width=8)
	  ->  Bitmap Heap Scan on sbtest8  (cost=35.41..4146.63 rows=1071 width=4)
	        Recheck Cond: ((id >= 8564013) AND (id <= 8565012))
	        ->  Bitmap Index Scan on sbtest8_pkey  (cost=0.00..35.15 rows=1071 width=0)
	              Index Cond: ((id >= 8564013) AND (id <= 8565012))

for point_selects
table 1 : explain SELECT c FROM sbtest1 WHERE id=2391255
	Index Scan using sbtest1_pkey on sbtest1  (cost=0.43..8.45 rows=1 width=121)
	  Index Cond: (id = 2391255)

table 2 : explain SELECT c FROM sbtest2 WHERE id=2813833
	Index Scan using sbtest2_pkey on sbtest2  (cost=0.43..8.45 rows=1 width=121)
	  Index Cond: (id = 2813833)

table 3 : explain SELECT c FROM sbtest3 WHERE id=936059
	Index Scan using sbtest3_pkey on sbtest3  (cost=0.43..8.45 rows=1 width=121)
	  Index Cond: (id = 936059)

table 4 : explain SELECT c FROM sbtest4 WHERE id=9651028
	Index Scan using sbtest4_pkey on sbtest4  (cost=0.43..8.45 rows=1 width=121)
	  Index Cond: (id = 9651028)

table 5 : explain SELECT c FROM sbtest5 WHERE id=1656885
	Index Scan using sbtest5_pkey on sbtest5  (cost=0.43..8.45 rows=1 width=121)
	  Index Cond: (id = 1656885)

table 6 : explain SELECT c FROM sbtest6 WHERE id=7481752
	Index Scan using sbtest6_pkey on sbtest6  (cost=0.43..8.45 rows=1 width=121)
	  Index Cond: (id = 7481752)

table 7 : explain SELECT c FROM sbtest7 WHERE id=9536083
	Index Scan using sbtest7_pkey on sbtest7  (cost=0.43..8.45 rows=1 width=121)
	  Index Cond: (id = 9536083)

table 8 : explain SELECT c FROM sbtest8 WHERE id=491981
	Index Scan using sbtest8_pkey on sbtest8  (cost=0.43..8.45 rows=1 width=121)
	  Index Cond: (id = 491981)

for point_selects
table 1 : explain SELECT c FROM sbtest1 WHERE id=9746739
	Index Scan using sbtest1_pkey on sbtest1  (cost=0.43..8.45 rows=1 width=121)
	  Index Cond: (id = 9746739)

table 2 : explain SELECT c FROM sbtest2 WHERE id=2323221
	Index Scan using sbtest2_pkey on sbtest2  (cost=0.43..8.45 rows=1 width=121)
	  Index Cond: (id = 2323221)

table 3 : explain SELECT c FROM sbtest3 WHERE id=2002304
	Index Scan using sbtest3_pkey on sbtest3  (cost=0.43..8.45 rows=1 width=121)
	  Index Cond: (id = 2002304)

table 4 : explain SELECT c FROM sbtest4 WHERE id=3214108
	Index Scan using sbtest4_pkey on sbtest4  (cost=0.43..8.45 rows=1 width=121)
	  Index Cond: (id = 3214108)

table 5 : explain SELECT c FROM sbtest5 WHERE id=9771746
	Index Scan using sbtest5_pkey on sbtest5  (cost=0.43..8.45 rows=1 width=121)
	  Index Cond: (id = 9771746)

table 6 : explain SELECT c FROM sbtest6 WHERE id=4068751
	Index Scan using sbtest6_pkey on sbtest6  (cost=0.43..8.45 rows=1 width=121)
	  Index Cond: (id = 4068751)

table 7 : explain SELECT c FROM sbtest7 WHERE id=4006914
	Index Scan using sbtest7_pkey on sbtest7  (cost=0.43..8.45 rows=1 width=121)
	  Index Cond: (id = 4006914)

table 8 : explain SELECT c FROM sbtest8 WHERE id=1439461
	Index Scan using sbtest8_pkey on sbtest8  (cost=0.43..8.45 rows=1 width=121)
	  Index Cond: (id = 1439461)

for: distinct_ranges
table 1 : explain SELECT DISTINCT c FROM sbtest1 WHERE id BETWEEN 7369719 AND 7370718 ORDER BY c
	Unique  (cost=3763.62..3768.41 rows=958 width=121)
	  ->  Sort  (cost=3763.62..3766.02 rows=958 width=121)
	        Sort Key: c
	        ->  Bitmap Heap Scan on sbtest1  (cost=30.25..3716.18 rows=958 width=121)
	              Recheck Cond: ((id >= 7369719) AND (id <= 7370718))
	              ->  Bitmap Index Scan on sbtest1_pkey  (cost=0.00..30.01 rows=958 width=0)
	                    Index Cond: ((id >= 7369719) AND (id <= 7370718))

table 2 : explain SELECT DISTINCT c FROM sbtest2 WHERE id BETWEEN 8792178 AND 8793177 ORDER BY c
	Unique  (cost=3997.52..4002.61 rows=1019 width=121)
	  ->  Sort  (cost=3997.52..4000.06 rows=1019 width=121)
	        Sort Key: c
	        ->  Bitmap Heap Scan on sbtest2  (cost=30.88..3946.60 rows=1019 width=121)
	              Recheck Cond: ((id >= 8792178) AND (id <= 8793177))
	              ->  Bitmap Index Scan on sbtest2_pkey  (cost=0.00..30.62 rows=1019 width=0)
	                    Index Cond: ((id >= 8792178) AND (id <= 8793177))

table 3 : explain SELECT DISTINCT c FROM sbtest3 WHERE id BETWEEN 5840645 AND 5841644 ORDER BY c
	Unique  (cost=3966.61..3971.67 rows=1011 width=121)
	  ->  Sort  (cost=3966.61..3969.14 rows=1011 width=121)
	        Sort Key: c
	        ->  Bitmap Heap Scan on sbtest3  (cost=30.80..3916.16 rows=1011 width=121)
	              Recheck Cond: ((id >= 5840645) AND (id <= 5841644))
	              ->  Bitmap Index Scan on sbtest3_pkey  (cost=0.00..30.54 rows=1011 width=0)
	                    Index Cond: ((id >= 5840645) AND (id <= 5841644))

table 4 : explain SELECT DISTINCT c FROM sbtest4 WHERE id BETWEEN 1771381 AND 1772380 ORDER BY c
	Unique  (cost=4135.78..4141.05 rows=1054 width=121)
	  ->  Sort  (cost=4135.78..4138.42 rows=1054 width=121)
	        Sort Key: c
	        ->  Bitmap Heap Scan on sbtest4  (cost=35.24..4082.86 rows=1054 width=121)
	              Recheck Cond: ((id >= 1771381) AND (id <= 1772380))
	              ->  Bitmap Index Scan on sbtest4_pkey  (cost=0.00..34.98 rows=1054 width=0)
	                    Index Cond: ((id >= 1771381) AND (id <= 1772380))

table 5 : explain SELECT DISTINCT c FROM sbtest5 WHERE id BETWEEN 2192818 AND 2193817 ORDER BY c
	Unique  (cost=3982.21..3987.29 rows=1015 width=121)
	  ->  Sort  (cost=3982.21..3984.75 rows=1015 width=121)
	        Sort Key: c
	        ->  Bitmap Heap Scan on sbtest5  (cost=30.84..3931.53 rows=1015 width=121)
	              Recheck Cond: ((id >= 2192818) AND (id <= 2193817))
	              ->  Bitmap Index Scan on sbtest5_pkey  (cost=0.00..30.58 rows=1015 width=0)
	                    Index Cond: ((id >= 2192818) AND (id <= 2193817))

table 6 : explain SELECT DISTINCT c FROM sbtest6 WHERE id BETWEEN 6149692 AND 6150691 ORDER BY c
	Unique  (cost=3836.25..3841.14 rows=977 width=121)
	  ->  Sort  (cost=3836.25..3838.69 rows=977 width=121)
	        Sort Key: c
	        ->  Bitmap Heap Scan on sbtest6  (cost=30.45..3787.73 rows=977 width=121)
	              Recheck Cond: ((id >= 6149692) AND (id <= 6150691))
	              ->  Bitmap Index Scan on sbtest6_pkey  (cost=0.00..30.20 rows=977 width=0)
	                    Index Cond: ((id >= 6149692) AND (id <= 6150691))

table 7 : explain SELECT DISTINCT c FROM sbtest7 WHERE id BETWEEN 5015912 AND 5016911 ORDER BY c
	Unique  (cost=4265.54..4270.98 rows=1088 width=121)
	  ->  Sort  (cost=4265.54..4268.26 rows=1088 width=121)
	        Sort Key: c
	        ->  Bitmap Heap Scan on sbtest7  (cost=35.59..4210.66 rows=1088 width=121)
	              Recheck Cond: ((id >= 5015912) AND (id <= 5016911))
	              ->  Bitmap Index Scan on sbtest7_pkey  (cost=0.00..35.32 rows=1088 width=0)
	                    Index Cond: ((id >= 5015912) AND (id <= 5016911))

table 8 : explain SELECT DISTINCT c FROM sbtest8 WHERE id BETWEEN 4678832 AND 4679831 ORDER BY c
	Unique  (cost=4032.18..4037.31 rows=1027 width=121)
	  ->  Sort  (cost=4032.18..4034.74 rows=1027 width=121)
	        Sort Key: c
	        ->  Bitmap Heap Scan on sbtest8  (cost=34.96..3980.80 rows=1027 width=121)
	              Recheck Cond: ((id >= 4678832) AND (id <= 4679831))
	              ->  Bitmap Index Scan on sbtest8_pkey  (cost=0.00..34.70 rows=1027 width=0)
	                    Index Cond: ((id >= 4678832) AND (id <= 4679831))

for: distinct_ranges
table 1 : explain SELECT DISTINCT c FROM sbtest1 WHERE id BETWEEN 2121164 AND 2122163 ORDER BY c
	Unique  (cost=3920.83..3925.82 rows=999 width=121)
	  ->  Sort  (cost=3920.83..3923.33 rows=999 width=121)
	        Sort Key: c
	        ->  Bitmap Heap Scan on sbtest1  (cost=30.67..3871.06 rows=999 width=121)
	              Recheck Cond: ((id >= 2121164) AND (id <= 2122163))
	              ->  Bitmap Index Scan on sbtest1_pkey  (cost=0.00..30.43 rows=999 width=0)
	                    Index Cond: ((id >= 2121164) AND (id <= 2122163))

table 2 : explain SELECT DISTINCT c FROM sbtest2 WHERE id BETWEEN 4119435 AND 4120434 ORDER BY c
	Unique  (cost=3660.05..3664.70 rows=931 width=121)
	  ->  Sort  (cost=3660.05..3662.38 rows=931 width=121)
	        Sort Key: c
	        ->  Bitmap Heap Scan on sbtest2  (cost=29.98..3614.14 rows=931 width=121)
	              Recheck Cond: ((id >= 4119435) AND (id <= 4120434))
	              ->  Bitmap Index Scan on sbtest2_pkey  (cost=0.00..29.75 rows=931 width=0)
	                    Index Cond: ((id >= 4119435) AND (id <= 4120434))

table 3 : explain SELECT DISTINCT c FROM sbtest3 WHERE id BETWEEN 2560320 AND 2561319 ORDER BY c
	Unique  (cost=4024.05..4029.18 rows=1026 width=121)
	  ->  Sort  (cost=4024.05..4026.62 rows=1026 width=121)
	        Sort Key: c
	        ->  Bitmap Heap Scan on sbtest3  (cost=30.95..3972.74 rows=1026 width=121)
	              Recheck Cond: ((id >= 2560320) AND (id <= 2561319))
	              ->  Bitmap Index Scan on sbtest3_pkey  (cost=0.00..30.69 rows=1026 width=0)
	                    Index Cond: ((id >= 2560320) AND (id <= 2561319))

table 4 : explain SELECT DISTINCT c FROM sbtest4 WHERE id BETWEEN 81255 AND 82254 ORDER BY c
	Unique  (cost=3974.82..3979.88 rows=1013 width=121)
	  ->  Sort  (cost=3974.82..3977.35 rows=1013 width=121)
	        Sort Key: c
	        ->  Bitmap Heap Scan on sbtest4  (cost=30.82..3924.25 rows=1013 width=121)
	              Recheck Cond: ((id >= 81255) AND (id <= 82254))
	              ->  Bitmap Index Scan on sbtest4_pkey  (cost=0.00..30.57 rows=1013 width=0)
	                    Index Cond: ((id >= 81255) AND (id <= 82254))

table 5 : explain SELECT DISTINCT c FROM sbtest5 WHERE id BETWEEN 9472076 AND 9473075 ORDER BY c
	Unique  (cost=3825.08..3829.95 rows=974 width=121)
	  ->  Sort  (cost=3825.08..3827.51 rows=974 width=121)
	        Sort Key: c
	        ->  Bitmap Heap Scan on sbtest5  (cost=30.42..3776.73 rows=974 width=121)
	              Recheck Cond: ((id >= 9472076) AND (id <= 9473075))
	              ->  Bitmap Index Scan on sbtest5_pkey  (cost=0.00..30.18 rows=974 width=0)
	                    Index Cond: ((id >= 9472076) AND (id <= 9473075))

table 6 : explain SELECT DISTINCT c FROM sbtest6 WHERE id BETWEEN 4514243 AND 4515242 ORDER BY c
	Unique  (cost=4150.43..4155.72 rows=1058 width=121)
	  ->  Sort  (cost=4150.43..4153.07 rows=1058 width=121)
	        Sort Key: c
	        ->  Bitmap Heap Scan on sbtest6  (cost=35.28..4097.28 rows=1058 width=121)
	              Recheck Cond: ((id >= 4514243) AND (id <= 4515242))
	              ->  Bitmap Index Scan on sbtest6_pkey  (cost=0.00..35.02 rows=1058 width=0)
	                    Index Cond: ((id >= 4514243) AND (id <= 4515242))

table 7 : explain SELECT DISTINCT c FROM sbtest7 WHERE id BETWEEN 8082721 AND 8083720 ORDER BY c
	Unique  (cost=3966.92..3971.98 rows=1011 width=121)
	  ->  Sort  (cost=3966.92..3969.45 rows=1011 width=121)
	        Sort Key: c
	        ->  Bitmap Heap Scan on sbtest7  (cost=30.80..3916.47 rows=1011 width=121)
	              Recheck Cond: ((id >= 8082721) AND (id <= 8083720))
	              ->  Bitmap Index Scan on sbtest7_pkey  (cost=0.00..30.54 rows=1011 width=0)
	                    Index Cond: ((id >= 8082721) AND (id <= 8083720))

table 8 : explain SELECT DISTINCT c FROM sbtest8 WHERE id BETWEEN 2883563 AND 2884562 ORDER BY c
	Unique  (cost=3928.59..3933.59 rows=1001 width=121)
	  ->  Sort  (cost=3928.59..3931.09 rows=1001 width=121)
	        Sort Key: c
	        ->  Bitmap Heap Scan on sbtest8  (cost=30.70..3878.70 rows=1001 width=121)
	              Recheck Cond: ((id >= 2883563) AND (id <= 2884562))
	              ->  Bitmap Index Scan on sbtest8_pkey  (cost=0.00..30.44 rows=1001 width=0)
	                    Index Cond: ((id >= 2883563) AND (id <= 2884562))

for: simple_ranges
table 1 : explain SELECT c FROM sbtest1 WHERE id BETWEEN 8715620 AND 8716619
	Bitmap Heap Scan on sbtest1  (cost=30.11..3663.25 rows=944 width=121)
	  Recheck Cond: ((id >= 8715620) AND (id <= 8716619))
	  ->  Bitmap Index Scan on sbtest1_pkey  (cost=0.00..29.87 rows=944 width=0)
	        Index Cond: ((id >= 8715620) AND (id <= 8716619))

table 2 : explain SELECT c FROM sbtest2 WHERE id BETWEEN 5442459 AND 5443458
	Bitmap Heap Scan on sbtest2  (cost=30.71..3882.45 rows=1002 width=121)
	  Recheck Cond: ((id >= 5442459) AND (id <= 5443458))
	  ->  Bitmap Index Scan on sbtest2_pkey  (cost=0.00..30.45 rows=1002 width=0)
	        Index Cond: ((id >= 5442459) AND (id <= 5443458))

table 3 : explain SELECT c FROM sbtest3 WHERE id BETWEEN 1614320 AND 1615319
	Bitmap Heap Scan on sbtest3  (cost=30.62..3852.00 rows=994 width=121)
	  Recheck Cond: ((id >= 1614320) AND (id <= 1615319))
	  ->  Bitmap Index Scan on sbtest3_pkey  (cost=0.00..30.37 rows=994 width=0)
	        Index Cond: ((id >= 1614320) AND (id <= 1615319))

table 4 : explain SELECT c FROM sbtest4 WHERE id BETWEEN 1643018 AND 1644017
	Bitmap Heap Scan on sbtest4  (cost=35.34..4120.54 rows=1064 width=121)
	  Recheck Cond: ((id >= 1643018) AND (id <= 1644017))
	  ->  Bitmap Index Scan on sbtest4_pkey  (cost=0.00..35.08 rows=1064 width=0)
	        Index Cond: ((id >= 1643018) AND (id <= 1644017))

table 5 : explain SELECT c FROM sbtest5 WHERE id BETWEEN 3863436 AND 3864435
	Bitmap Heap Scan on sbtest5  (cost=29.74..3527.09 rows=908 width=121)
	  Recheck Cond: ((id >= 3863436) AND (id <= 3864435))
	  ->  Bitmap Index Scan on sbtest5_pkey  (cost=0.00..29.51 rows=908 width=0)
	        Index Cond: ((id >= 3863436) AND (id <= 3864435))

table 6 : explain SELECT c FROM sbtest6 WHERE id BETWEEN 7121916 AND 7122915
	Bitmap Heap Scan on sbtest6  (cost=35.70..4251.63 rows=1099 width=121)
	  Recheck Cond: ((id >= 7121916) AND (id <= 7122915))
	  ->  Bitmap Index Scan on sbtest6_pkey  (cost=0.00..35.43 rows=1099 width=0)
	        Index Cond: ((id >= 7121916) AND (id <= 7122915))

table 7 : explain SELECT c FROM sbtest7 WHERE id BETWEEN 3904056 AND 3905055
	Bitmap Heap Scan on sbtest7  (cost=30.15..3678.48 rows=948 width=121)
	  Recheck Cond: ((id >= 3904056) AND (id <= 3905055))
	  ->  Bitmap Index Scan on sbtest7_pkey  (cost=0.00..29.91 rows=948 width=0)
	        Index Cond: ((id >= 3904056) AND (id <= 3905055))

table 8 : explain SELECT c FROM sbtest8 WHERE id BETWEEN 9235107 AND 9236106
	Bitmap Heap Scan on sbtest8  (cost=30.04..3636.86 rows=937 width=121)
	  Recheck Cond: ((id >= 9235107) AND (id <= 9236106))
	  ->  Bitmap Index Scan on sbtest8_pkey  (cost=0.00..29.80 rows=937 width=0)
	        Index Cond: ((id >= 9235107) AND (id <= 9236106))

for: simple_ranges
table 1 : explain SELECT c FROM sbtest1 WHERE id BETWEEN 7498579 AND 7499578
	Bitmap Heap Scan on sbtest1  (cost=30.96..3976.70 rows=1027 width=121)
	  Recheck Cond: ((id >= 7498579) AND (id <= 7499578))
	  ->  Bitmap Index Scan on sbtest1_pkey  (cost=0.00..30.70 rows=1027 width=0)
	        Index Cond: ((id >= 7498579) AND (id <= 7499578))

table 2 : explain SELECT c FROM sbtest2 WHERE id BETWEEN 7511565 AND 7512564
	Bitmap Heap Scan on sbtest2  (cost=30.81..3920.19 rows=1012 width=121)
	  Recheck Cond: ((id >= 7511565) AND (id <= 7512564))
	  ->  Bitmap Index Scan on sbtest2_pkey  (cost=0.00..30.55 rows=1012 width=0)
	        Index Cond: ((id >= 7511565) AND (id <= 7512564))

table 3 : explain SELECT c FROM sbtest3 WHERE id BETWEEN 2726491 AND 2727490
	Bitmap Heap Scan on sbtest3  (cost=30.75..3897.29 rows=1006 width=121)
	  Recheck Cond: ((id >= 2726491) AND (id <= 2727490))
	  ->  Bitmap Index Scan on sbtest3_pkey  (cost=0.00..30.50 rows=1006 width=0)
	        Index Cond: ((id >= 2726491) AND (id <= 2727490))

table 4 : explain SELECT c FROM sbtest4 WHERE id BETWEEN 7371315 AND 7372314
	Bitmap Heap Scan on sbtest4  (cost=30.60..3844.97 rows=992 width=121)
	  Recheck Cond: ((id >= 7371315) AND (id <= 7372314))
	  ->  Bitmap Index Scan on sbtest4_pkey  (cost=0.00..30.36 rows=992 width=0)
	        Index Cond: ((id >= 7371315) AND (id <= 7372314))

table 5 : explain SELECT c FROM sbtest5 WHERE id BETWEEN 5740939 AND 5741938
	Bitmap Heap Scan on sbtest5  (cost=30.89..3950.39 rows=1020 width=121)
	  Recheck Cond: ((id >= 5740939) AND (id <= 5741938))
	  ->  Bitmap Index Scan on sbtest5_pkey  (cost=0.00..30.64 rows=1020 width=0)
	        Index Cond: ((id >= 5740939) AND (id <= 5741938))

table 6 : explain SELECT c FROM sbtest6 WHERE id BETWEEN 4294018 AND 4295017
	Bitmap Heap Scan on sbtest6  (cost=34.83..3931.40 rows=1014 width=121)
	  Recheck Cond: ((id >= 4294018) AND (id <= 4295017))
	  ->  Bitmap Index Scan on sbtest6_pkey  (cost=0.00..34.58 rows=1014 width=0)
	        Index Cond: ((id >= 4294018) AND (id <= 4295017))

table 7 : explain SELECT c FROM sbtest7 WHERE id BETWEEN 6896393 AND 6897392
	Bitmap Heap Scan on sbtest7  (cost=35.01..3999.68 rows=1032 width=121)
	  Recheck Cond: ((id >= 6896393) AND (id <= 6897392))
	  ->  Bitmap Index Scan on sbtest7_pkey  (cost=0.00..34.76 rows=1032 width=0)
	        Index Cond: ((id >= 6896393) AND (id <= 6897392))

table 8 : explain SELECT c FROM sbtest8 WHERE id BETWEEN 9790364 AND 9791363
	Bitmap Heap Scan on sbtest8  (cost=30.53..3818.29 rows=985 width=121)
	  Recheck Cond: ((id >= 9790364) AND (id <= 9791363))
	  ->  Bitmap Index Scan on sbtest8_pkey  (cost=0.00..30.29 rows=985 width=0)
	        Index Cond: ((id >= 9790364) AND (id <= 9791363))

for: order_ranges
table 1 : explain SELECT c FROM sbtest1 WHERE id BETWEEN 9350576 AND 9351575 ORDER BY c
	Sort  (cost=4131.40..4134.04 rows=1054 width=121)
	  Sort Key: c
	  ->  Bitmap Heap Scan on sbtest1  (cost=31.24..4078.49 rows=1054 width=121)
	        Recheck Cond: ((id >= 9350576) AND (id <= 9351575))
	        ->  Bitmap Index Scan on sbtest1_pkey  (cost=0.00..30.97 rows=1054 width=0)
	              Index Cond: ((id >= 9350576) AND (id <= 9351575))

table 2 : explain SELECT c FROM sbtest2 WHERE id BETWEEN 9246512 AND 9247511 ORDER BY c
	Sort  (cost=4211.97..4214.66 rows=1074 width=121)
	  Sort Key: c
	  ->  Bitmap Heap Scan on sbtest2  (cost=35.44..4157.90 rows=1074 width=121)
	        Recheck Cond: ((id >= 9246512) AND (id <= 9247511))
	        ->  Bitmap Index Scan on sbtest2_pkey  (cost=0.00..35.18 rows=1074 width=0)
	              Index Cond: ((id >= 9246512) AND (id <= 9247511))

table 3 : explain SELECT c FROM sbtest3 WHERE id BETWEEN 6985927 AND 6986926 ORDER BY c
	Sort  (cost=4158.15..4160.80 rows=1060 width=121)
	  Sort Key: c
	  ->  Bitmap Heap Scan on sbtest3  (cost=35.30..4104.89 rows=1060 width=121)
	        Recheck Cond: ((id >= 6985927) AND (id <= 6986926))
	        ->  Bitmap Index Scan on sbtest3_pkey  (cost=0.00..35.04 rows=1060 width=0)
	              Index Cond: ((id >= 6985927) AND (id <= 6986926))

table 4 : explain SELECT c FROM sbtest4 WHERE id BETWEEN 1194904 AND 1195903 ORDER BY c
	Sort  (cost=4288.73..4291.46 rows=1094 width=121)
	  Sort Key: c
	  ->  Bitmap Heap Scan on sbtest4  (cost=35.65..4233.51 rows=1094 width=121)
	        Recheck Cond: ((id >= 1194904) AND (id <= 1195903))
	        ->  Bitmap Index Scan on sbtest4_pkey  (cost=0.00..35.38 rows=1094 width=0)
	              Index Cond: ((id >= 1194904) AND (id <= 1195903))

table 5 : explain SELECT c FROM sbtest5 WHERE id BETWEEN 5126299 AND 5127298 ORDER BY c
	Sort  (cost=3786.72..3789.13 rows=964 width=121)
	  Sort Key: c
	  ->  Bitmap Heap Scan on sbtest5  (cost=30.32..3738.94 rows=964 width=121)
	        Recheck Cond: ((id >= 5126299) AND (id <= 5127298))
	        ->  Bitmap Index Scan on sbtest5_pkey  (cost=0.00..30.07 rows=964 width=0)
	              Index Cond: ((id >= 5126299) AND (id <= 5127298))

table 6 : explain SELECT c FROM sbtest6 WHERE id BETWEEN 7669352 AND 7670351 ORDER BY c
	Sort  (cost=4299.50..4302.24 rows=1097 width=121)
	  Sort Key: c
	  ->  Bitmap Heap Scan on sbtest6  (cost=35.68..4244.10 rows=1097 width=121)
	        Recheck Cond: ((id >= 7669352) AND (id <= 7670351))
	        ->  Bitmap Index Scan on sbtest6_pkey  (cost=0.00..35.41 rows=1097 width=0)
	              Index Cond: ((id >= 7669352) AND (id <= 7670351))

table 7 : explain SELECT c FROM sbtest7 WHERE id BETWEEN 7139225 AND 7140224 ORDER BY c
	Sort  (cost=3794.42..3796.84 rows=966 width=121)
	  Sort Key: c
	  ->  Bitmap Heap Scan on sbtest7  (cost=30.34..3746.53 rows=966 width=121)
	        Recheck Cond: ((id >= 7139225) AND (id <= 7140224))
	        ->  Bitmap Index Scan on sbtest7_pkey  (cost=0.00..30.09 rows=966 width=0)
	              Index Cond: ((id >= 7139225) AND (id <= 7140224))

table 8 : explain SELECT c FROM sbtest8 WHERE id BETWEEN 1616231 AND 1617230 ORDER BY c
	Sort  (cost=4020.69..4023.25 rows=1024 width=121)
	  Sort Key: c
	  ->  Bitmap Heap Scan on sbtest8  (cost=34.93..3969.49 rows=1024 width=121)
	        Recheck Cond: ((id >= 1616231) AND (id <= 1617230))
	        ->  Bitmap Index Scan on sbtest8_pkey  (cost=0.00..34.68 rows=1024 width=0)
	              Index Cond: ((id >= 1616231) AND (id <= 1617230))

for: order_ranges
table 1 : explain SELECT c FROM sbtest1 WHERE id BETWEEN 7038020 AND 7039019 ORDER BY c
	Sort  (cost=4054.87..4057.46 rows=1034 width=121)
	  Sort Key: c
	  ->  Bitmap Heap Scan on sbtest1  (cost=31.03..4003.10 rows=1034 width=121)
	        Recheck Cond: ((id >= 7038020) AND (id <= 7039019))
	        ->  Bitmap Index Scan on sbtest1_pkey  (cost=0.00..30.77 rows=1034 width=0)
	              Index Cond: ((id >= 7038020) AND (id <= 7039019))

table 2 : explain SELECT c FROM sbtest2 WHERE id BETWEEN 3009095 AND 3010094 ORDER BY c
	Sort  (cost=3974.54..3977.07 rows=1013 width=121)
	  Sort Key: c
	  ->  Bitmap Heap Scan on sbtest2  (cost=30.82..3923.96 rows=1013 width=121)
	        Recheck Cond: ((id >= 3009095) AND (id <= 3010094))
	        ->  Bitmap Index Scan on sbtest2_pkey  (cost=0.00..30.57 rows=1013 width=0)
	              Index Cond: ((id >= 3009095) AND (id <= 3010094))

table 3 : explain SELECT c FROM sbtest3 WHERE id BETWEEN 8655307 AND 8656306 ORDER BY c
	Sort  (cost=4303.40..4306.14 rows=1098 width=121)
	  Sort Key: c
	  ->  Bitmap Heap Scan on sbtest3  (cost=35.69..4247.95 rows=1098 width=121)
	        Recheck Cond: ((id >= 8655307) AND (id <= 8656306))
	        ->  Bitmap Index Scan on sbtest3_pkey  (cost=0.00..35.42 rows=1098 width=0)
	              Index Cond: ((id >= 8655307) AND (id <= 8656306))

table 4 : explain SELECT c FROM sbtest4 WHERE id BETWEEN 2453869 AND 2454868 ORDER BY c
	Sort  (cost=4304.01..4306.76 rows=1098 width=121)
	  Sort Key: c
	  ->  Bitmap Heap Scan on sbtest4  (cost=35.69..4248.56 rows=1098 width=121)
	        Recheck Cond: ((id >= 2453869) AND (id <= 2454868))
	        ->  Bitmap Index Scan on sbtest4_pkey  (cost=0.00..35.42 rows=1098 width=0)
	              Index Cond: ((id >= 2453869) AND (id <= 2454868))

table 5 : explain SELECT c FROM sbtest5 WHERE id BETWEEN 5027492 AND 5028491 ORDER BY c
	Sort  (cost=3905.59..3908.07 rows=995 width=121)
	  Sort Key: c
	  ->  Bitmap Heap Scan on sbtest5  (cost=30.63..3856.04 rows=995 width=121)
	        Recheck Cond: ((id >= 5027492) AND (id <= 5028491))
	        ->  Bitmap Index Scan on sbtest5_pkey  (cost=0.00..30.39 rows=995 width=0)
	              Index Cond: ((id >= 5027492) AND (id <= 5028491))

table 6 : explain SELECT c FROM sbtest6 WHERE id BETWEEN 5106413 AND 5107412 ORDER BY c
	Sort  (cost=4284.22..4286.95 rows=1093 width=121)
	  Sort Key: c
	  ->  Bitmap Heap Scan on sbtest6  (cost=35.64..4229.05 rows=1093 width=121)
	        Recheck Cond: ((id >= 5106413) AND (id <= 5107412))
	        ->  Bitmap Index Scan on sbtest6_pkey  (cost=0.00..35.37 rows=1093 width=0)
	              Index Cond: ((id >= 5106413) AND (id <= 5107412))

table 7 : explain SELECT c FROM sbtest7 WHERE id BETWEEN 9559414 AND 9560413 ORDER BY c
	Sort  (cost=3917.11..3919.61 rows=998 width=121)
	  Sort Key: c
	  ->  Bitmap Heap Scan on sbtest7  (cost=30.66..3867.40 rows=998 width=121)
	        Recheck Cond: ((id >= 9559414) AND (id <= 9560413))
	        ->  Bitmap Index Scan on sbtest7_pkey  (cost=0.00..30.41 rows=998 width=0)
	              Index Cond: ((id >= 9559414) AND (id <= 9560413))

table 8 : explain SELECT c FROM sbtest8 WHERE id BETWEEN 4679830 AND 4680829 ORDER BY c
	Sort  (cost=4032.18..4034.74 rows=1027 width=121)
	  Sort Key: c
	  ->  Bitmap Heap Scan on sbtest8  (cost=34.96..3980.80 rows=1027 width=121)
	        Recheck Cond: ((id >= 4679830) AND (id <= 4680829))
	        ->  Bitmap Index Scan on sbtest8_pkey  (cost=0.00..34.70 rows=1027 width=0)
	              Index Cond: ((id >= 4679830) AND (id <= 4680829))

for: order_ranges
table 1 : explain SELECT c FROM sbtest1 WHERE id BETWEEN 1349016 AND 1350015 ORDER BY c
	Sort  (cost=3813.49..3815.92 rows=971 width=121)
	  Sort Key: c
	  ->  Bitmap Heap Scan on sbtest1  (cost=30.39..3765.31 rows=971 width=121)
	        Recheck Cond: ((id >= 1349016) AND (id <= 1350015))
	        ->  Bitmap Index Scan on sbtest1_pkey  (cost=0.00..30.14 rows=971 width=0)
	              Index Cond: ((id >= 1349016) AND (id <= 1350015))

table 2 : explain SELECT c FROM sbtest2 WHERE id BETWEEN 3254788 AND 3255787 ORDER BY c
	Sort  (cost=4318.98..4321.73 rows=1102 width=121)
	  Sort Key: c
	  ->  Bitmap Heap Scan on sbtest2  (cost=35.73..4263.29 rows=1102 width=121)
	        Recheck Cond: ((id >= 3254788) AND (id <= 3255787))
	        ->  Bitmap Index Scan on sbtest2_pkey  (cost=0.00..35.45 rows=1102 width=0)
	              Index Cond: ((id >= 3254788) AND (id <= 3255787))

table 3 : explain SELECT c FROM sbtest3 WHERE id BETWEEN 6512757 AND 6513756 ORDER BY c
	Sort  (cost=3962.78..3965.31 rows=1010 width=121)
	  Sort Key: c
	  ->  Bitmap Heap Scan on sbtest3  (cost=30.79..3912.38 rows=1010 width=121)
	        Recheck Cond: ((id >= 6512757) AND (id <= 6513756))
	        ->  Bitmap Index Scan on sbtest3_pkey  (cost=0.00..30.54 rows=1010 width=0)
	              Index Cond: ((id >= 6512757) AND (id <= 6513756))

table 4 : explain SELECT c FROM sbtest4 WHERE id BETWEEN 8160515 AND 8161514 ORDER BY c
	Sort  (cost=4016.95..4019.51 rows=1024 width=121)
	  Sort Key: c
	  ->  Bitmap Heap Scan on sbtest4  (cost=30.93..3965.75 rows=1024 width=121)
	        Recheck Cond: ((id >= 8160515) AND (id <= 8161514))
	        ->  Bitmap Index Scan on sbtest4_pkey  (cost=0.00..30.68 rows=1024 width=0)
	              Index Cond: ((id >= 8160515) AND (id <= 8161514))

table 5 : explain SELECT c FROM sbtest5 WHERE id BETWEEN 9432770 AND 9433769 ORDER BY c
	Sort  (cost=3825.08..3827.51 rows=974 width=121)
	  Sort Key: c
	  ->  Bitmap Heap Scan on sbtest5  (cost=30.42..3776.73 rows=974 width=121)
	        Recheck Cond: ((id >= 9432770) AND (id <= 9433769))
	        ->  Bitmap Index Scan on sbtest5_pkey  (cost=0.00..30.18 rows=974 width=0)
	              Index Cond: ((id >= 9432770) AND (id <= 9433769))

table 6 : explain SELECT c FROM sbtest6 WHERE id BETWEEN 9373796 AND 9374795 ORDER BY c
	Sort  (cost=3602.15..3604.44 rows=916 width=121)
	  Sort Key: c
	  ->  Bitmap Heap Scan on sbtest6  (cost=29.82..3557.08 rows=916 width=121)
	        Recheck Cond: ((id >= 9373796) AND (id <= 9374795))
	        ->  Bitmap Index Scan on sbtest6_pkey  (cost=0.00..29.59 rows=916 width=0)
	              Index Cond: ((id >= 9373796) AND (id <= 9374795))

table 7 : explain SELECT c FROM sbtest7 WHERE id BETWEEN 3947740 AND 3948739 ORDER BY c
	Sort  (cost=3725.36..3727.73 rows=948 width=121)
	  Sort Key: c
	  ->  Bitmap Heap Scan on sbtest7  (cost=30.15..3678.48 rows=948 width=121)
	        Recheck Cond: ((id >= 3947740) AND (id <= 3948739))
	        ->  Bitmap Index Scan on sbtest7_pkey  (cost=0.00..29.91 rows=948 width=0)
	              Index Cond: ((id >= 3947740) AND (id <= 3948739))

table 8 : explain SELECT c FROM sbtest8 WHERE id BETWEEN 1651195 AND 1652194 ORDER BY c
	Sort  (cost=4020.69..4023.25 rows=1024 width=121)
	  Sort Key: c
	  ->  Bitmap Heap Scan on sbtest8  (cost=34.93..3969.49 rows=1024 width=121)
	        Recheck Cond: ((id >= 1651195) AND (id <= 1652194))
	        ->  Bitmap Index Scan on sbtest8_pkey  (cost=0.00..34.68 rows=1024 width=0)
	              Index Cond: ((id >= 1651195) AND (id <= 1652194))

for: distinct_ranges
table 1 : explain SELECT DISTINCT c FROM sbtest1 WHERE id BETWEEN 7365437 AND 7366436 ORDER BY c
	Unique  (cost=3763.62..3768.41 rows=958 width=121)
	  ->  Sort  (cost=3763.62..3766.02 rows=958 width=121)
	        Sort Key: c
	        ->  Bitmap Heap Scan on sbtest1  (cost=30.25..3716.18 rows=958 width=121)
	              Recheck Cond: ((id >= 7365437) AND (id <= 7366436))
	              ->  Bitmap Index Scan on sbtest1_pkey  (cost=0.00..30.01 rows=958 width=0)
	                    Index Cond: ((id >= 7365437) AND (id <= 7366436))

table 2 : explain SELECT DISTINCT c FROM sbtest2 WHERE id BETWEEN 4083240 AND 4084239 ORDER BY c
	Unique  (cost=3660.05..3664.70 rows=931 width=121)
	  ->  Sort  (cost=3660.05..3662.38 rows=931 width=121)
	        Sort Key: c
	        ->  Bitmap Heap Scan on sbtest2  (cost=29.98..3614.14 rows=931 width=121)
	              Recheck Cond: ((id >= 4083240) AND (id <= 4084239))
	              ->  Bitmap Index Scan on sbtest2_pkey  (cost=0.00..29.75 rows=931 width=0)
	                    Index Cond: ((id >= 4083240) AND (id <= 4084239))

table 3 : explain SELECT DISTINCT c FROM sbtest3 WHERE id BETWEEN 1064981 AND 1065980 ORDER BY c
	Unique  (cost=4096.77..4102.00 rows=1045 width=121)
	  ->  Sort  (cost=4096.77..4099.38 rows=1045 width=121)
	        Sort Key: c
	        ->  Bitmap Heap Scan on sbtest3  (cost=31.15..4044.37 rows=1045 width=121)
	              Recheck Cond: ((id >= 1064981) AND (id <= 1065980))
	              ->  Bitmap Index Scan on sbtest3_pkey  (cost=0.00..30.89 rows=1045 width=0)
	                    Index Cond: ((id >= 1064981) AND (id <= 1065980))

table 4 : explain SELECT DISTINCT c FROM sbtest4 WHERE id BETWEEN 3433540 AND 3434539 ORDER BY c
	Unique  (cost=4128.13..4133.39 rows=1052 width=121)
	  ->  Sort  (cost=4128.13..4130.76 rows=1052 width=121)
	        Sort Key: c
	        ->  Bitmap Heap Scan on sbtest4  (cost=35.22..4075.32 rows=1052 width=121)
	              Recheck Cond: ((id >= 3433540) AND (id <= 3434539))
	              ->  Bitmap Index Scan on sbtest4_pkey  (cost=0.00..34.95 rows=1052 width=0)
	                    Index Cond: ((id >= 3433540) AND (id <= 3434539))

table 5 : explain SELECT DISTINCT c FROM sbtest5 WHERE id BETWEEN 9107075 AND 9108074 ORDER BY c
	Unique  (cost=3798.23..3803.06 rows=967 width=121)
	  ->  Sort  (cost=3798.23..3800.65 rows=967 width=121)
	        Sort Key: c
	        ->  Bitmap Heap Scan on sbtest5  (cost=30.35..3750.28 rows=967 width=121)
	              Recheck Cond: ((id >= 9107075) AND (id <= 9108074))
	              ->  Bitmap Index Scan on sbtest5_pkey  (cost=0.00..30.11 rows=967 width=0)
	                    Index Cond: ((id >= 9107075) AND (id <= 9108074))

table 6 : explain SELECT DISTINCT c FROM sbtest6 WHERE id BETWEEN 504169 AND 505168 ORDER BY c
	Unique  (cost=4169.55..4174.86 rows=1063 width=121)
	  ->  Sort  (cost=4169.55..4172.21 rows=1063 width=121)
	        Sort Key: c
	        ->  Bitmap Heap Scan on sbtest6  (cost=35.33..4116.11 rows=1063 width=121)
	              Recheck Cond: ((id >= 504169) AND (id <= 505168))
	              ->  Bitmap Index Scan on sbtest6_pkey  (cost=0.00..35.07 rows=1063 width=0)
	                    Index Cond: ((id >= 504169) AND (id <= 505168))

table 7 : explain SELECT DISTINCT c FROM sbtest7 WHERE id BETWEEN 8278236 AND 8279235 ORDER BY c
	Unique  (cost=3844.28..3849.18 rows=979 width=121)
	  ->  Sort  (cost=3844.28..3846.73 rows=979 width=121)
	        Sort Key: c
	        ->  Bitmap Heap Scan on sbtest7  (cost=30.47..3795.65 rows=979 width=121)
	              Recheck Cond: ((id >= 8278236) AND (id <= 8279235))
	              ->  Bitmap Index Scan on sbtest7_pkey  (cost=0.00..30.22 rows=979 width=0)
	                    Index Cond: ((id >= 8278236) AND (id <= 8279235))

table 8 : explain SELECT DISTINCT c FROM sbtest8 WHERE id BETWEEN 4119506 AND 4120505 ORDER BY c
	Unique  (cost=3928.59..3933.59 rows=1001 width=121)
	  ->  Sort  (cost=3928.59..3931.09 rows=1001 width=121)
	        Sort Key: c
	        ->  Bitmap Heap Scan on sbtest8  (cost=30.70..3878.70 rows=1001 width=121)
	              Recheck Cond: ((id >= 4119506) AND (id <= 4120505))
	              ->  Bitmap Index Scan on sbtest8_pkey  (cost=0.00..30.44 rows=1001 width=0)
	                    Index Cond: ((id >= 4119506) AND (id <= 4120505))

for: distinct_ranges
table 1 : explain SELECT DISTINCT c FROM sbtest1 WHERE id BETWEEN 5691292 AND 5692291 ORDER BY c
	Unique  (cost=4334.17..4339.70 rows=1106 width=121)
	  ->  Sort  (cost=4334.17..4336.94 rows=1106 width=121)
	        Sort Key: c
	        ->  Bitmap Heap Scan on sbtest1  (cost=35.77..4278.26 rows=1106 width=121)
	              Recheck Cond: ((id >= 5691292) AND (id <= 5692291))
	              ->  Bitmap Index Scan on sbtest1_pkey  (cost=0.00..35.50 rows=1106 width=0)
	                    Index Cond: ((id >= 5691292) AND (id <= 5692291))

table 2 : explain SELECT DISTINCT c FROM sbtest2 WHERE id BETWEEN 7426893 AND 7427892 ORDER BY c
	Unique  (cost=4070.43..4075.62 rows=1037 width=121)
	  ->  Sort  (cost=4070.43..4073.02 rows=1037 width=121)
	        Sort Key: c
	        ->  Bitmap Heap Scan on sbtest2  (cost=35.06..4018.49 rows=1037 width=121)
	              Recheck Cond: ((id >= 7426893) AND (id <= 7427892))
	              ->  Bitmap Index Scan on sbtest2_pkey  (cost=0.00..34.81 rows=1037 width=0)
	                    Index Cond: ((id >= 7426893) AND (id <= 7427892))

table 3 : explain SELECT DISTINCT c FROM sbtest3 WHERE id BETWEEN 9970093 AND 9971092 ORDER BY c
	Unique  (cost=4234.62..4240.02 rows=1080 width=121)
	  ->  Sort  (cost=4234.62..4237.32 rows=1080 width=121)
	        Sort Key: c
	        ->  Bitmap Heap Scan on sbtest3  (cost=35.51..4180.20 rows=1080 width=121)
	              Recheck Cond: ((id >= 9970093) AND (id <= 9971092))
	              ->  Bitmap Index Scan on sbtest3_pkey  (cost=0.00..35.23 rows=1080 width=0)
	                    Index Cond: ((id >= 9970093) AND (id <= 9971092))

table 4 : explain SELECT DISTINCT c FROM sbtest4 WHERE id BETWEEN 8524312 AND 8525311 ORDER BY c
	Unique  (cost=3552.71..3557.23 rows=903 width=121)
	  ->  Sort  (cost=3552.71..3554.97 rows=903 width=121)
	        Sort Key: c
	        ->  Bitmap Heap Scan on sbtest4  (cost=29.69..3508.38 rows=903 width=121)
	              Recheck Cond: ((id >= 8524312) AND (id <= 8525311))
	              ->  Bitmap Index Scan on sbtest4_pkey  (cost=0.00..29.46 rows=903 width=0)
	                    Index Cond: ((id >= 8524312) AND (id <= 8525311))

table 5 : explain SELECT DISTINCT c FROM sbtest5 WHERE id BETWEEN 303033 AND 304032 ORDER BY c
	Unique  (cost=4296.07..4301.55 rows=1096 width=121)
	  ->  Sort  (cost=4296.07..4298.81 rows=1096 width=121)
	        Sort Key: c
	        ->  Bitmap Heap Scan on sbtest5  (cost=35.67..4240.73 rows=1096 width=121)
	              Recheck Cond: ((id >= 303033) AND (id <= 304032))
	              ->  Bitmap Index Scan on sbtest5_pkey  (cost=0.00..35.40 rows=1096 width=0)
	                    Index Cond: ((id >= 303033) AND (id <= 304032))

table 6 : explain SELECT DISTINCT c FROM sbtest6 WHERE id BETWEEN 8549380 AND 8550379 ORDER BY c
	Unique  (cost=3874.59..3879.52 rows=987 width=121)
	  ->  Sort  (cost=3874.59..3877.05 rows=987 width=121)
	        Sort Key: c
	        ->  Bitmap Heap Scan on sbtest6  (cost=30.55..3825.50 rows=987 width=121)
	              Recheck Cond: ((id >= 8549380) AND (id <= 8550379))
	              ->  Bitmap Index Scan on sbtest6_pkey  (cost=0.00..30.30 rows=987 width=0)
	                    Index Cond: ((id >= 8549380) AND (id <= 8550379))

table 7 : explain SELECT DISTINCT c FROM sbtest7 WHERE id BETWEEN 7173052 AND 7174051 ORDER BY c
	Unique  (cost=3794.42..3799.25 rows=966 width=121)
	  ->  Sort  (cost=3794.42..3796.84 rows=966 width=121)
	        Sort Key: c
	        ->  Bitmap Heap Scan on sbtest7  (cost=30.34..3746.53 rows=966 width=121)
	              Recheck Cond: ((id >= 7173052) AND (id <= 7174051))
	              ->  Bitmap Index Scan on sbtest7_pkey  (cost=0.00..30.09 rows=966 width=0)
	                    Index Cond: ((id >= 7173052) AND (id <= 7174051))

table 8 : explain SELECT DISTINCT c FROM sbtest8 WHERE id BETWEEN 5683912 AND 5684911 ORDER BY c
	Unique  (cost=4361.02..4366.59 rows=1113 width=121)
	  ->  Sort  (cost=4361.02..4363.80 rows=1113 width=121)
	        Sort Key: c
	        ->  Bitmap Heap Scan on sbtest8  (cost=35.84..4304.70 rows=1113 width=121)
	              Recheck Cond: ((id >= 5683912) AND (id <= 5684911))
	              ->  Bitmap Index Scan on sbtest8_pkey  (cost=0.00..35.57 rows=1113 width=0)
	                    Index Cond: ((id >= 5683912) AND (id <= 5684911))

for: distinct_ranges
table 1 : explain SELECT DISTINCT c FROM sbtest1 WHERE id BETWEEN 8895487 AND 8896486 ORDER BY c
	Unique  (cost=3778.97..3783.78 rows=962 width=121)
	  ->  Sort  (cost=3778.97..3781.37 rows=962 width=121)
	        Sort Key: c
	        ->  Bitmap Heap Scan on sbtest1  (cost=30.30..3731.30 rows=962 width=121)
	              Recheck Cond: ((id >= 8895487) AND (id <= 8896486))
	              ->  Bitmap Index Scan on sbtest1_pkey  (cost=0.00..30.05 rows=962 width=0)
	                    Index Cond: ((id >= 8895487) AND (id <= 8896486))

table 2 : explain SELECT DISTINCT c FROM sbtest2 WHERE id BETWEEN 3806294 AND 3807293 ORDER BY c
	Unique  (cost=4250.20..4255.62 rows=1084 width=121)
	  ->  Sort  (cost=4250.20..4252.91 rows=1084 width=121)
	        Sort Key: c
	        ->  Bitmap Heap Scan on sbtest2  (cost=35.55..4195.55 rows=1084 width=121)
	              Recheck Cond: ((id >= 3806294) AND (id <= 3807293))
	              ->  Bitmap Index Scan on sbtest2_pkey  (cost=0.00..35.28 rows=1084 width=0)
	                    Index Cond: ((id >= 3806294) AND (id <= 3807293))

table 3 : explain SELECT DISTINCT c FROM sbtest3 WHERE id BETWEEN 8751986 AND 8752985 ORDER BY c
	Unique  (cost=3751.94..3756.71 rows=955 width=121)
	  ->  Sort  (cost=3751.94..3754.32 rows=955 width=121)
	        Sort Key: c
	        ->  Bitmap Heap Scan on sbtest3  (cost=30.22..3704.67 rows=955 width=121)
	              Recheck Cond: ((id >= 8751986) AND (id <= 8752985))
	              ->  Bitmap Index Scan on sbtest3_pkey  (cost=0.00..29.98 rows=955 width=0)
	                    Index Cond: ((id >= 8751986) AND (id <= 8752985))

table 4 : explain SELECT DISTINCT c FROM sbtest4 WHERE id BETWEEN 6247017 AND 6248016 ORDER BY c
	Unique  (cost=4112.82..4118.06 rows=1048 width=121)
	  ->  Sort  (cost=4112.82..4115.44 rows=1048 width=121)
	        Sort Key: c
	        ->  Bitmap Heap Scan on sbtest4  (cost=35.18..4060.25 rows=1048 width=121)
	              Recheck Cond: ((id >= 6247017) AND (id <= 6248016))
	              ->  Bitmap Index Scan on sbtest4_pkey  (cost=0.00..34.92 rows=1048 width=0)
	                    Index Cond: ((id >= 6247017) AND (id <= 6248016))

table 5 : explain SELECT DISTINCT c FROM sbtest5 WHERE id BETWEEN 9739425 AND 9740424 ORDER BY c
	Unique  (cost=3978.38..3983.45 rows=1014 width=121)
	  ->  Sort  (cost=3978.38..3980.92 rows=1014 width=121)
	        Sort Key: c
	        ->  Bitmap Heap Scan on sbtest5  (cost=30.83..3927.75 rows=1014 width=121)
	              Recheck Cond: ((id >= 9739425) AND (id <= 9740424))
	              ->  Bitmap Index Scan on sbtest5_pkey  (cost=0.00..30.57 rows=1014 width=0)
	                    Index Cond: ((id >= 9739425) AND (id <= 9740424))

table 6 : explain SELECT DISTINCT c FROM sbtest6 WHERE id BETWEEN 9964413 AND 9965412 ORDER BY c
	Unique  (cost=3828.58..3833.46 rows=975 width=121)
	  ->  Sort  (cost=3828.58..3831.02 rows=975 width=121)
	        Sort Key: c
	        ->  Bitmap Heap Scan on sbtest6  (cost=30.43..3780.18 rows=975 width=121)
	              Recheck Cond: ((id >= 9964413) AND (id <= 9965412))
	              ->  Bitmap Index Scan on sbtest6_pkey  (cost=0.00..30.18 rows=975 width=0)
	                    Index Cond: ((id >= 9964413) AND (id <= 9965412))

table 7 : explain SELECT DISTINCT c FROM sbtest7 WHERE id BETWEEN 4368870 AND 4369869 ORDER BY c
	Unique  (cost=4219.67..4225.05 rows=1076 width=121)
	  ->  Sort  (cost=4219.67..4222.36 rows=1076 width=121)
	        Sort Key: c
	        ->  Bitmap Heap Scan on sbtest7  (cost=35.46..4165.48 rows=1076 width=121)
	              Recheck Cond: ((id >= 4368870) AND (id <= 4369869))
	              ->  Bitmap Index Scan on sbtest7_pkey  (cost=0.00..35.20 rows=1076 width=0)
	                    Index Cond: ((id >= 4368870) AND (id <= 4369869))

table 8 : explain SELECT DISTINCT c FROM sbtest8 WHERE id BETWEEN 5841613 AND 5842612 ORDER BY c
	Unique  (cost=4169.94..4175.25 rows=1063 width=121)
	  ->  Sort  (cost=4169.94..4172.59 rows=1063 width=121)
	        Sort Key: c
	        ->  Bitmap Heap Scan on sbtest8  (cost=35.33..4116.50 rows=1063 width=121)
	              Recheck Cond: ((id >= 5841613) AND (id <= 5842612))
	              ->  Bitmap Index Scan on sbtest8_pkey  (cost=0.00..35.07 rows=1063 width=0)
	                    Index Cond: ((id >= 5841613) AND (id <= 5842612))

for: sum_ranges
table 1 : explain SELECT SUM(k) FROM sbtest1 WHERE id BETWEEN 552653 AND 553652
	Aggregate  (cost=3514.13..3514.14 rows=1 width=8)
	  ->  Bitmap Heap Scan on sbtest1  (cost=29.70..3511.87 rows=904 width=4)
	        Recheck Cond: ((id >= 552653) AND (id <= 553652))
	        ->  Bitmap Index Scan on sbtest1_pkey  (cost=0.00..29.47 rows=904 width=0)
	              Index Cond: ((id >= 552653) AND (id <= 553652))

table 2 : explain SELECT SUM(k) FROM sbtest2 WHERE id BETWEEN 5090006 AND 5091005
	Aggregate  (cost=3680.81..3680.82 rows=1 width=8)
	  ->  Bitmap Heap Scan on sbtest2  (cost=30.15..3678.44 rows=948 width=4)
	        Recheck Cond: ((id >= 5090006) AND (id <= 5091005))
	        ->  Bitmap Index Scan on sbtest2_pkey  (cost=0.00..29.91 rows=948 width=0)
	              Index Cond: ((id >= 5090006) AND (id <= 5091005))

table 3 : explain SELECT SUM(k) FROM sbtest3 WHERE id BETWEEN 7294328 AND 7295327
	Aggregate  (cost=4450.09..4450.10 rows=1 width=8)
	  ->  Bitmap Heap Scan on sbtest3  (cost=36.24..4447.21 rows=1152 width=4)
	        Recheck Cond: ((id >= 7294328) AND (id <= 7295327))
	        ->  Bitmap Index Scan on sbtest3_pkey  (cost=0.00..35.95 rows=1152 width=0)
	              Index Cond: ((id >= 7294328) AND (id <= 7295327))

table 4 : explain SELECT SUM(k) FROM sbtest4 WHERE id BETWEEN 6100640 AND 6101639
	Aggregate  (cost=4273.90..4273.91 rows=1 width=8)
	  ->  Bitmap Heap Scan on sbtest4  (cost=35.75..4271.14 rows=1104 width=4)
	        Recheck Cond: ((id >= 6100640) AND (id <= 6101639))
	        ->  Bitmap Index Scan on sbtest4_pkey  (cost=0.00..35.48 rows=1104 width=0)
	              Index Cond: ((id >= 6100640) AND (id <= 6101639))

table 5 : explain SELECT SUM(k) FROM sbtest5 WHERE id BETWEEN 5929734 AND 5930733
	Aggregate  (cost=4088.98..4088.99 rows=1 width=8)
	  ->  Bitmap Heap Scan on sbtest5  (cost=35.25..4086.35 rows=1055 width=4)
	        Recheck Cond: ((id >= 5929734) AND (id <= 5930733))
	        ->  Bitmap Index Scan on sbtest5_pkey  (cost=0.00..34.98 rows=1055 width=0)
	              Index Cond: ((id >= 5929734) AND (id <= 5930733))

table 6 : explain SELECT SUM(k) FROM sbtest6 WHERE id BETWEEN 9415778 AND 9416777
	Aggregate  (cost=3657.81..3657.82 rows=1 width=8)
	  ->  Bitmap Heap Scan on sbtest6  (cost=30.09..3655.45 rows=942 width=4)
	        Recheck Cond: ((id >= 9415778) AND (id <= 9416777))
	        ->  Bitmap Index Scan on sbtest6_pkey  (cost=0.00..29.86 rows=942 width=0)
	              Index Cond: ((id >= 9415778) AND (id <= 9416777))

table 7 : explain SELECT SUM(k) FROM sbtest7 WHERE id BETWEEN 9731208 AND 9732207
	Aggregate  (cost=3832.11..3832.12 rows=1 width=8)
	  ->  Bitmap Heap Scan on sbtest7  (cost=30.56..3829.64 rows=988 width=4)
	        Recheck Cond: ((id >= 9731208) AND (id <= 9732207))
	        ->  Bitmap Index Scan on sbtest7_pkey  (cost=0.00..30.32 rows=988 width=0)
	              Index Cond: ((id >= 9731208) AND (id <= 9732207))

table 8 : explain SELECT SUM(k) FROM sbtest8 WHERE id BETWEEN 7929704 AND 7930703
	Aggregate  (cost=3922.75..3922.76 rows=1 width=8)
	  ->  Bitmap Heap Scan on sbtest8  (cost=30.81..3920.22 rows=1012 width=4)
	        Recheck Cond: ((id >= 7929704) AND (id <= 7930703))
	        ->  Bitmap Index Scan on sbtest8_pkey  (cost=0.00..30.55 rows=1012 width=0)
	              Index Cond: ((id >= 7929704) AND (id <= 7930703))

for: sum_ranges
table 1 : explain SELECT SUM(k) FROM sbtest1 WHERE id BETWEEN 4721833 AND 4722832
	Aggregate  (cost=3563.38..3563.39 rows=1 width=8)
	  ->  Bitmap Heap Scan on sbtest1  (cost=29.83..3561.09 rows=917 width=4)
	        Recheck Cond: ((id >= 4721833) AND (id <= 4722832))
	        ->  Bitmap Index Scan on sbtest1_pkey  (cost=0.00..29.61 rows=917 width=0)
	              Index Cond: ((id >= 4721833) AND (id <= 4722832))

table 2 : explain SELECT SUM(k) FROM sbtest2 WHERE id BETWEEN 34085 AND 35084
	Aggregate  (cost=3578.60..3578.61 rows=1 width=8)
	  ->  Bitmap Heap Scan on sbtest2  (cost=29.88..3576.29 rows=921 width=4)
	        Recheck Cond: ((id >= 34085) AND (id <= 35084))
	        ->  Bitmap Index Scan on sbtest2_pkey  (cost=0.00..29.64 rows=921 width=0)
	              Index Cond: ((id >= 34085) AND (id <= 35084))

table 3 : explain SELECT SUM(k) FROM sbtest3 WHERE id BETWEEN 7139787 AND 7140786
	Aggregate  (cost=3676.79..3676.80 rows=1 width=8)
	  ->  Bitmap Heap Scan on sbtest3  (cost=30.14..3674.42 rows=947 width=4)
	        Recheck Cond: ((id >= 7139787) AND (id <= 7140786))
	        ->  Bitmap Index Scan on sbtest3_pkey  (cost=0.00..29.90 rows=947 width=0)
	              Index Cond: ((id >= 7139787) AND (id <= 7140786))

table 4 : explain SELECT SUM(k) FROM sbtest4 WHERE id BETWEEN 2746279 AND 2747278
	Aggregate  (cost=4209.88..4209.89 rows=1 width=8)
	  ->  Bitmap Heap Scan on sbtest4  (cost=35.58..4207.16 rows=1087 width=4)
	        Recheck Cond: ((id >= 2746279) AND (id <= 2747278))
	        ->  Bitmap Index Scan on sbtest4_pkey  (cost=0.00..35.31 rows=1087 width=0)
	              Index Cond: ((id >= 2746279) AND (id <= 2747278))

table 5 : explain SELECT SUM(k) FROM sbtest5 WHERE id BETWEEN 7467755 AND 7468754
	Aggregate  (cost=3847.20..3847.21 rows=1 width=8)
	  ->  Bitmap Heap Scan on sbtest5  (cost=30.60..3844.72 rows=992 width=4)
	        Recheck Cond: ((id >= 7467755) AND (id <= 7468754))
	        ->  Bitmap Index Scan on sbtest5_pkey  (cost=0.00..30.36 rows=992 width=0)
	              Index Cond: ((id >= 7467755) AND (id <= 7468754))

table 6 : explain SELECT SUM(k) FROM sbtest6 WHERE id BETWEEN 149209 AND 150208
	Aggregate  (cost=4054.68..4054.69 rows=1 width=8)
	  ->  Bitmap Heap Scan on sbtest6  (cost=35.16..4052.06 rows=1046 width=4)
	        Recheck Cond: ((id >= 149209) AND (id <= 150208))
	        ->  Bitmap Index Scan on sbtest6_pkey  (cost=0.00..34.90 rows=1046 width=0)
	              Index Cond: ((id >= 149209) AND (id <= 150208))

table 7 : explain SELECT SUM(k) FROM sbtest7 WHERE id BETWEEN 5683234 AND 5684233
	Aggregate  (cost=3854.78..3854.79 rows=1 width=8)
	  ->  Bitmap Heap Scan on sbtest7  (cost=30.62..3852.30 rows=994 width=4)
	        Recheck Cond: ((id >= 5683234) AND (id <= 5684233))
	        ->  Bitmap Index Scan on sbtest7_pkey  (cost=0.00..30.37 rows=994 width=0)
	              Index Cond: ((id >= 5683234) AND (id <= 5684233))

table 8 : explain SELECT SUM(k) FROM sbtest8 WHERE id BETWEEN 1641140 AND 1642139
	Aggregate  (cost=3972.05..3972.06 rows=1 width=8)
	  ->  Bitmap Heap Scan on sbtest8  (cost=34.93..3969.49 rows=1024 width=4)
	        Recheck Cond: ((id >= 1641140) AND (id <= 1642139))
	        ->  Bitmap Index Scan on sbtest8_pkey  (cost=0.00..34.68 rows=1024 width=0)
	              Index Cond: ((id >= 1641140) AND (id <= 1642139))

for: order_ranges
table 1 : explain SELECT c FROM sbtest1 WHERE id BETWEEN 6482434 AND 6483433 ORDER BY c
	Sort  (cost=4104.62..4107.24 rows=1047 width=121)
	  Sort Key: c
	  ->  Bitmap Heap Scan on sbtest1  (cost=31.17..4052.11 rows=1047 width=121)
	        Recheck Cond: ((id >= 6482434) AND (id <= 6483433))
	        ->  Bitmap Index Scan on sbtest1_pkey  (cost=0.00..30.90 rows=1047 width=0)
	              Index Cond: ((id >= 6482434) AND (id <= 6483433))

table 2 : explain SELECT c FROM sbtest2 WHERE id BETWEEN 6738905 AND 6739904 ORDER BY c
	Sort  (cost=3571.69..3573.96 rows=908 width=121)
	  Sort Key: c
	  ->  Bitmap Heap Scan on sbtest2  (cost=29.74..3527.08 rows=908 width=121)
	        Recheck Cond: ((id >= 6738905) AND (id <= 6739904))
	        ->  Bitmap Index Scan on sbtest2_pkey  (cost=0.00..29.51 rows=908 width=0)
	              Index Cond: ((id >= 6738905) AND (id <= 6739904))

table 3 : explain SELECT c FROM sbtest3 WHERE id BETWEEN 1441000 AND 1441999 ORDER BY c
	Sort  (cost=4119.90..4122.53 rows=1050 width=121)
	  Sort Key: c
	  ->  Bitmap Heap Scan on sbtest3  (cost=35.20..4067.21 rows=1050 width=121)
	        Recheck Cond: ((id >= 1441000) AND (id <= 1441999))
	        ->  Bitmap Index Scan on sbtest3_pkey  (cost=0.00..34.94 rows=1050 width=0)
	              Index Cond: ((id >= 1441000) AND (id <= 1441999))

table 4 : explain SELECT c FROM sbtest4 WHERE id BETWEEN 7106724 AND 7107723 ORDER BY c
	Sort  (cost=4036.10..4038.67 rows=1029 width=121)
	  Sort Key: c
	  ->  Bitmap Heap Scan on sbtest4  (cost=30.98..3984.61 rows=1029 width=121)
	        Recheck Cond: ((id >= 7106724) AND (id <= 7107723))
	        ->  Bitmap Index Scan on sbtest4_pkey  (cost=0.00..30.72 rows=1029 width=0)
	              Index Cond: ((id >= 7106724) AND (id <= 7107723))

table 5 : explain SELECT c FROM sbtest5 WHERE id BETWEEN 8704872 AND 8705871 ORDER BY c
	Sort  (cost=3698.46..3700.81 rows=941 width=121)
	  Sort Key: c
	  ->  Bitmap Heap Scan on sbtest5  (cost=30.08..3651.98 rows=941 width=121)
	        Recheck Cond: ((id >= 8704872) AND (id <= 8705871))
	        ->  Bitmap Index Scan on sbtest5_pkey  (cost=0.00..29.84 rows=941 width=0)
	              Index Cond: ((id >= 8704872) AND (id <= 8705871))

table 6 : explain SELECT c FROM sbtest6 WHERE id BETWEEN 8122605 AND 8123604 ORDER BY c
	Sort  (cost=4119.83..4122.45 rows=1050 width=121)
	  Sort Key: c
	  ->  Bitmap Heap Scan on sbtest6  (cost=35.20..4067.14 rows=1050 width=121)
	        Recheck Cond: ((id >= 8122605) AND (id <= 8123604))
	        ->  Bitmap Index Scan on sbtest6_pkey  (cost=0.00..34.94 rows=1050 width=0)
	              Index Cond: ((id >= 8122605) AND (id <= 8123604))

table 7 : explain SELECT c FROM sbtest7 WHERE id BETWEEN 3615564 AND 3616563 ORDER BY c
	Sort  (cost=3859.62..3862.08 rows=983 width=121)
	  Sort Key: c
	  ->  Bitmap Heap Scan on sbtest7  (cost=30.51..3810.76 rows=983 width=121)
	        Recheck Cond: ((id >= 3615564) AND (id <= 3616563))
	        ->  Bitmap Index Scan on sbtest7_pkey  (cost=0.00..30.26 rows=983 width=0)
	              Index Cond: ((id >= 3615564) AND (id <= 3616563))

table 8 : explain SELECT c FROM sbtest8 WHERE id BETWEEN 4264449 AND 4265448 ORDER BY c
	Sort  (cost=4081.94..4084.54 rows=1040 width=121)
	  Sort Key: c
	  ->  Bitmap Heap Scan on sbtest8  (cost=35.09..4029.82 rows=1040 width=121)
	        Recheck Cond: ((id >= 4264449) AND (id <= 4265448))
	        ->  Bitmap Index Scan on sbtest8_pkey  (cost=0.00..34.84 rows=1040 width=0)
	              Index Cond: ((id >= 4264449) AND (id <= 4265448))

for: order_ranges
table 1 : explain SELECT c FROM sbtest1 WHERE id BETWEEN 9722694 AND 9723693 ORDER BY c
	Sort  (cost=3686.86..3689.21 rows=938 width=121)
	  Sort Key: c
	  ->  Bitmap Heap Scan on sbtest1  (cost=30.05..3640.56 rows=938 width=121)
	        Recheck Cond: ((id >= 9722694) AND (id <= 9723693))
	        ->  Bitmap Index Scan on sbtest1_pkey  (cost=0.00..29.82 rows=938 width=0)
	              Index Cond: ((id >= 9722694) AND (id <= 9723693))

table 2 : explain SELECT c FROM sbtest2 WHERE id BETWEEN 3491998 AND 3492997 ORDER BY c
	Sort  (cost=3982.20..3984.73 rows=1015 width=121)
	  Sort Key: c
	  ->  Bitmap Heap Scan on sbtest2  (cost=30.84..3931.51 rows=1015 width=121)
	        Recheck Cond: ((id >= 3491998) AND (id <= 3492997))
	        ->  Bitmap Index Scan on sbtest2_pkey  (cost=0.00..30.58 rows=1015 width=0)
	              Index Cond: ((id >= 3491998) AND (id <= 3492997))

table 3 : explain SELECT c FROM sbtest3 WHERE id BETWEEN 7986878 AND 7987877 ORDER BY c
	Sort  (cost=3951.29..3953.81 rows=1007 width=121)
	  Sort Key: c
	  ->  Bitmap Heap Scan on sbtest3  (cost=30.76..3901.06 rows=1007 width=121)
	        Recheck Cond: ((id >= 7986878) AND (id <= 7987877))
	        ->  Bitmap Index Scan on sbtest3_pkey  (cost=0.00..30.50 rows=1007 width=0)
	              Index Cond: ((id >= 7986878) AND (id <= 7987877))

table 4 : explain SELECT c FROM sbtest4 WHERE id BETWEEN 7014311 AND 7015310 ORDER BY c
	Sort  (cost=4361.32..4364.10 rows=1113 width=121)
	  Sort Key: c
	  ->  Bitmap Heap Scan on sbtest4  (cost=35.84..4305.00 rows=1113 width=121)
	        Recheck Cond: ((id >= 7014311) AND (id <= 7015310))
	        ->  Bitmap Index Scan on sbtest4_pkey  (cost=0.00..35.57 rows=1113 width=0)
	              Index Cond: ((id >= 7014311) AND (id <= 7015310))

table 5 : explain SELECT c FROM sbtest5 WHERE id BETWEEN 6491146 AND 6492145 ORDER BY c
	Sort  (cost=4234.92..4237.62 rows=1080 width=121)
	  Sort Key: c
	  ->  Bitmap Heap Scan on sbtest5  (cost=35.51..4180.51 rows=1080 width=121)
	        Recheck Cond: ((id >= 6491146) AND (id <= 6492145))
	        ->  Bitmap Index Scan on sbtest5_pkey  (cost=0.00..35.23 rows=1080 width=0)
	              Index Cond: ((id >= 6491146) AND (id <= 6492145))

table 6 : explain SELECT c FROM sbtest6 WHERE id BETWEEN 8683380 AND 8684379 ORDER BY c
	Sort  (cost=4303.32..4306.06 rows=1098 width=121)
	  Sort Key: c
	  ->  Bitmap Heap Scan on sbtest6  (cost=35.69..4247.87 rows=1098 width=121)
	        Recheck Cond: ((id >= 8683380) AND (id <= 8684379))
	        ->  Bitmap Index Scan on sbtest6_pkey  (cost=0.00..35.42 rows=1098 width=0)
	              Index Cond: ((id >= 8683380) AND (id <= 8684379))

table 7 : explain SELECT c FROM sbtest7 WHERE id BETWEEN 1513812 AND 1514811 ORDER BY c
	Sort  (cost=3782.92..3785.32 rows=963 width=121)
	  Sort Key: c
	  ->  Bitmap Heap Scan on sbtest7  (cost=30.31..3735.19 rows=963 width=121)
	        Recheck Cond: ((id >= 1513812) AND (id <= 1514811))
	        ->  Bitmap Index Scan on sbtest7_pkey  (cost=0.00..30.07 rows=963 width=0)
	              Index Cond: ((id >= 1513812) AND (id <= 1514811))

table 8 : explain SELECT c FROM sbtest8 WHERE id BETWEEN 3780183 AND 3781182 ORDER BY c
	Sort  (cost=3748.36..3750.75 rows=954 width=121)
	  Sort Key: c
	  ->  Bitmap Heap Scan on sbtest8  (cost=30.21..3701.15 rows=954 width=121)
	        Recheck Cond: ((id >= 3780183) AND (id <= 3781182))
	        ->  Bitmap Index Scan on sbtest8_pkey  (cost=0.00..29.97 rows=954 width=0)
	              Index Cond: ((id >= 3780183) AND (id <= 3781182))

for: distinct_ranges
table 1 : explain SELECT DISTINCT c FROM sbtest1 WHERE id BETWEEN 5380791 AND 5381790 ORDER BY c
	Unique  (cost=3917.00..3921.99 rows=998 width=121)
	  ->  Sort  (cost=3917.00..3919.49 rows=998 width=121)
	        Sort Key: c
	        ->  Bitmap Heap Scan on sbtest1  (cost=30.66..3867.28 rows=998 width=121)
	              Recheck Cond: ((id >= 5380791) AND (id <= 5381790))
	              ->  Bitmap Index Scan on sbtest1_pkey  (cost=0.00..30.41 rows=998 width=0)
	                    Index Cond: ((id >= 5380791) AND (id <= 5381790))

table 2 : explain SELECT DISTINCT c FROM sbtest2 WHERE id BETWEEN 3158377 AND 3159376 ORDER BY c
	Unique  (cost=3997.52..4002.61 rows=1019 width=121)
	  ->  Sort  (cost=3997.52..4000.06 rows=1019 width=121)
	        Sort Key: c
	        ->  Bitmap Heap Scan on sbtest2  (cost=30.88..3946.60 rows=1019 width=121)
	              Recheck Cond: ((id >= 3158377) AND (id <= 3159376))
	              ->  Bitmap Index Scan on sbtest2_pkey  (cost=0.00..30.62 rows=1019 width=0)
	                    Index Cond: ((id >= 3158377) AND (id <= 3159376))

table 3 : explain SELECT DISTINCT c FROM sbtest3 WHERE id BETWEEN 2598570 AND 2599569 ORDER BY c
	Unique  (cost=4024.05..4029.18 rows=1026 width=121)
	  ->  Sort  (cost=4024.05..4026.62 rows=1026 width=121)
	        Sort Key: c
	        ->  Bitmap Heap Scan on sbtest3  (cost=30.95..3972.74 rows=1026 width=121)
	              Recheck Cond: ((id >= 2598570) AND (id <= 2599569))
	              ->  Bitmap Index Scan on sbtest3_pkey  (cost=0.00..30.69 rows=1026 width=0)
	                    Index Cond: ((id >= 2598570) AND (id <= 2599569))

table 4 : explain SELECT DISTINCT c FROM sbtest4 WHERE id BETWEEN 9138013 AND 9139012 ORDER BY c
	Unique  (cost=3498.89..3503.33 rows=889 width=121)
	  ->  Sort  (cost=3498.89..3501.11 rows=889 width=121)
	        Sort Key: c
	        ->  Bitmap Heap Scan on sbtest4  (cost=29.55..3455.34 rows=889 width=121)
	              Recheck Cond: ((id >= 9138013) AND (id <= 9139012))
	              ->  Bitmap Index Scan on sbtest4_pkey  (cost=0.00..29.32 rows=889 width=0)
	                    Index Cond: ((id >= 9138013) AND (id <= 9139012))

table 5 : explain SELECT DISTINCT c FROM sbtest5 WHERE id BETWEEN 3704520 AND 3705519 ORDER BY c
	Unique  (cost=3871.09..3876.02 rows=986 width=121)
	  ->  Sort  (cost=3871.09..3873.55 rows=986 width=121)
	        Sort Key: c
	        ->  Bitmap Heap Scan on sbtest5  (cost=30.54..3822.06 rows=986 width=121)
	              Recheck Cond: ((id >= 3704520) AND (id <= 3705519))
	              ->  Bitmap Index Scan on sbtest5_pkey  (cost=0.00..30.29 rows=986 width=0)
	                    Index Cond: ((id >= 3704520) AND (id <= 3705519))

table 6 : explain SELECT DISTINCT c FROM sbtest6 WHERE id BETWEEN 8223016 AND 8224015 ORDER BY c
	Unique  (cost=3709.66..3714.38 rows=944 width=121)
	  ->  Sort  (cost=3709.66..3712.02 rows=944 width=121)
	        Sort Key: c
	        ->  Bitmap Heap Scan on sbtest6  (cost=30.11..3663.01 rows=944 width=121)
	              Recheck Cond: ((id >= 8223016) AND (id <= 8224015))
	              ->  Bitmap Index Scan on sbtest6_pkey  (cost=0.00..29.87 rows=944 width=0)
	                    Index Cond: ((id >= 8223016) AND (id <= 8224015))

table 7 : explain SELECT DISTINCT c FROM sbtest7 WHERE id BETWEEN 3266839 AND 3267838 ORDER BY c
	Unique  (cost=4001.39..4006.49 rows=1020 width=121)
	  ->  Sort  (cost=4001.39..4003.94 rows=1020 width=121)
	        Sort Key: c
	        ->  Bitmap Heap Scan on sbtest7  (cost=30.89..3950.42 rows=1020 width=121)
	              Recheck Cond: ((id >= 3266839) AND (id <= 3267838))
	              ->  Bitmap Index Scan on sbtest7_pkey  (cost=0.00..30.64 rows=1020 width=0)
	                    Index Cond: ((id >= 3266839) AND (id <= 3267838))

table 8 : explain SELECT DISTINCT c FROM sbtest8 WHERE id BETWEEN 3532738 AND 3533737 ORDER BY c
	Unique  (cost=3740.69..3745.45 rows=952 width=121)
	  ->  Sort  (cost=3740.69..3743.07 rows=952 width=121)
	        Sort Key: c
	        ->  Bitmap Heap Scan on sbtest8  (cost=30.19..3693.59 rows=952 width=121)
	              Recheck Cond: ((id >= 3532738) AND (id <= 3533737))
	              ->  Bitmap Index Scan on sbtest8_pkey  (cost=0.00..29.95 rows=952 width=0)
	                    Index Cond: ((id >= 3532738) AND (id <= 3533737))

for: distinct_ranges
table 1 : explain SELECT DISTINCT c FROM sbtest1 WHERE id BETWEEN 1762248 AND 1763247 ORDER BY c
	Unique  (cost=3909.33..3914.31 rows=996 width=121)
	  ->  Sort  (cost=3909.33..3911.82 rows=996 width=121)
	        Sort Key: c
	        ->  Bitmap Heap Scan on sbtest1  (cost=30.64..3859.73 rows=996 width=121)
	              Recheck Cond: ((id >= 1762248) AND (id <= 1763247))
	              ->  Bitmap Index Scan on sbtest1_pkey  (cost=0.00..30.39 rows=996 width=0)
	                    Index Cond: ((id >= 1762248) AND (id <= 1763247))

table 2 : explain SELECT DISTINCT c FROM sbtest2 WHERE id BETWEEN 6934772 AND 6935771 ORDER BY c
	Unique  (cost=3660.05..3664.70 rows=931 width=121)
	  ->  Sort  (cost=3660.05..3662.38 rows=931 width=121)
	        Sort Key: c
	        ->  Bitmap Heap Scan on sbtest2  (cost=29.98..3614.14 rows=931 width=121)
	              Recheck Cond: ((id >= 6934772) AND (id <= 6935771))
	              ->  Bitmap Index Scan on sbtest2_pkey  (cost=0.00..29.75 rows=931 width=0)
	                    Index Cond: ((id >= 6934772) AND (id <= 6935771))

table 3 : explain SELECT DISTINCT c FROM sbtest3 WHERE id BETWEEN 4329118 AND 4330117 ORDER BY c
	Unique  (cost=3966.61..3971.67 rows=1011 width=121)
	  ->  Sort  (cost=3966.61..3969.14 rows=1011 width=121)
	        Sort Key: c
	        ->  Bitmap Heap Scan on sbtest3  (cost=30.80..3916.16 rows=1011 width=121)
	              Recheck Cond: ((id >= 4329118) AND (id <= 4330117))
	              ->  Bitmap Index Scan on sbtest3_pkey  (cost=0.00..30.54 rows=1011 width=0)
	                    Index Cond: ((id >= 4329118) AND (id <= 4330117))

table 4 : explain SELECT DISTINCT c FROM sbtest4 WHERE id BETWEEN 6691740 AND 6692739 ORDER BY c
	Unique  (cost=3767.78..3772.58 rows=959 width=121)
	  ->  Sort  (cost=3767.78..3770.18 rows=959 width=121)
	        Sort Key: c
	        ->  Bitmap Heap Scan on sbtest4  (cost=30.26..3720.29 rows=959 width=121)
	              Recheck Cond: ((id >= 6691740) AND (id <= 6692739))
	              ->  Bitmap Index Scan on sbtest4_pkey  (cost=0.00..30.02 rows=959 width=0)
	                    Index Cond: ((id >= 6691740) AND (id <= 6692739))

table 5 : explain SELECT DISTINCT c FROM sbtest5 WHERE id BETWEEN 62363 AND 63362 ORDER BY c
	Unique  (cost=3924.75..3929.75 rows=1000 width=121)
	  ->  Sort  (cost=3924.75..3927.25 rows=1000 width=121)
	        Sort Key: c
	        ->  Bitmap Heap Scan on sbtest5  (cost=30.68..3874.92 rows=1000 width=121)
	              Recheck Cond: ((id >= 62363) AND (id <= 63362))
	              ->  Bitmap Index Scan on sbtest5_pkey  (cost=0.00..30.43 rows=1000 width=0)
	                    Index Cond: ((id >= 62363) AND (id <= 63362))

table 6 : explain SELECT DISTINCT c FROM sbtest6 WHERE id BETWEEN 8198295 AND 8199294 ORDER BY c
	Unique  (cost=4119.83..4125.08 rows=1050 width=121)
	  ->  Sort  (cost=4119.83..4122.45 rows=1050 width=121)
	        Sort Key: c
	        ->  Bitmap Heap Scan on sbtest6  (cost=35.20..4067.14 rows=1050 width=121)
	              Recheck Cond: ((id >= 8198295) AND (id <= 8199294))
	              ->  Bitmap Index Scan on sbtest6_pkey  (cost=0.00..34.94 rows=1050 width=0)
	                    Index Cond: ((id >= 8198295) AND (id <= 8199294))

table 7 : explain SELECT DISTINCT c FROM sbtest7 WHERE id BETWEEN 3262133 AND 3263132 ORDER BY c
	Unique  (cost=4265.54..4270.98 rows=1088 width=121)
	  ->  Sort  (cost=4265.54..4268.26 rows=1088 width=121)
	        Sort Key: c
	        ->  Bitmap Heap Scan on sbtest7  (cost=35.59..4210.66 rows=1088 width=121)
	              Recheck Cond: ((id >= 3262133) AND (id <= 3263132))
	              ->  Bitmap Index Scan on sbtest7_pkey  (cost=0.00..35.32 rows=1088 width=0)
	                    Index Cond: ((id >= 3262133) AND (id <= 3263132))

table 8 : explain SELECT DISTINCT c FROM sbtest8 WHERE id BETWEEN 1384460 AND 1385459 ORDER BY c
	Unique  (cost=3663.91..3668.57 rows=932 width=121)
	  ->  Sort  (cost=3663.91..3666.24 rows=932 width=121)
	        Sort Key: c
	        ->  Bitmap Heap Scan on sbtest8  (cost=29.99..3617.94 rows=932 width=121)
	              Recheck Cond: ((id >= 1384460) AND (id <= 1385459))
	              ->  Bitmap Index Scan on sbtest8_pkey  (cost=0.00..29.75 rows=932 width=0)
	                    Index Cond: ((id >= 1384460) AND (id <= 1385459))

Threads started!

Warming up for 5 seconds...

SQL statistics:
    queries performed:
        read:                            91026345
        write:                           0
        other:                           16550271
        total:                           107576616
    transactions:                        8275155 (13134.97 per sec.)
    queries:                             107576616 (170754.03 per sec.)
    ignored errors:                      0      (0.00 per sec.)
    reconnects:                          0      (0.00 per sec.)

Throughput:
    events/s (eps):                      13134.9737
    time elapsed:                        630.0096s
    total number of events:              8275155

Latency (ms):
         min:                                    0.51
         avg:                                    3.04
         max:                                   26.98
         95th percentile:                        3.19
         sum:                             25191140.88

Threads fairness:
    events (avg/stddev):           206878.6000/332.09
    execution time (avg/stddev):   629.7785/0.00

