LUA_PATH=/home/mdcallag/git/mytools/bench/sysbench.lua/lua/?.lua /home/mdcallag/git/mytools/bench/sysbench.lua/lua/sysbench --db-driver=pgsql --range-size=1000 --table-size=10000000 --tables=8 --threads=40 --events=0 --warmup-time=5 --time=630 --pgsql_conn_id=true /home/mdcallag/git/mytools/bench/sysbench.lua/lua/oltp_read_only_count.lua run --pgsql-user=root --pgsql-password=pw --pgsql-host=127.0.0.1 --pgsql-db=ib --rand-type=uniform --skip-trx
48 CPUs
sysbench 1.1.0-9072687 (using bundled LuaJIT 2.1.0-beta3)

Running the test with following options:
Number of threads: 40
Warmup time: 5s
Initializing random number generator from current time


Initializing worker threads...

for: count_ranges
table 1 : explain SELECT count(c) FROM sbtest1 WHERE id BETWEEN 173053 AND 174052
	Aggregate  (cost=4050.95..4050.96 rows=1 width=8)
	  ->  Bitmap Heap Scan on sbtest1  (cost=31.16..4048.34 rows=1046 width=121)
	        Recheck Cond: ((id >= 173053) AND (id <= 174052))
	        ->  Bitmap Index Scan on sbtest1_pkey  (cost=0.00..30.89 rows=1046 width=0)
	              Index Cond: ((id >= 173053) AND (id <= 174052))

table 2 : explain SELECT count(c) FROM sbtest2 WHERE id BETWEEN 8508512 AND 8509511
	Aggregate  (cost=3639.18..3639.19 rows=1 width=8)
	  ->  Bitmap Heap Scan on sbtest2  (cost=30.04..3636.84 rows=937 width=121)
	        Recheck Cond: ((id >= 8508512) AND (id <= 8509511))
	        ->  Bitmap Index Scan on sbtest2_pkey  (cost=0.00..29.80 rows=937 width=0)
	              Index Cond: ((id >= 8508512) AND (id <= 8509511))

table 3 : explain SELECT count(c) FROM sbtest3 WHERE id BETWEEN 7334117 AND 7335116
	Aggregate  (cost=4058.52..4058.53 rows=1 width=8)
	  ->  Bitmap Heap Scan on sbtest3  (cost=35.17..4055.91 rows=1047 width=121)
	        Recheck Cond: ((id >= 7334117) AND (id <= 7335116))
	        ->  Bitmap Index Scan on sbtest3_pkey  (cost=0.00..34.91 rows=1047 width=0)
	              Index Cond: ((id >= 7334117) AND (id <= 7335116))

table 4 : explain SELECT count(c) FROM sbtest4 WHERE id BETWEEN 7067885 AND 7068884
	Aggregate  (cost=4307.78..4307.79 rows=1 width=8)
	  ->  Bitmap Heap Scan on sbtest4  (cost=35.84..4305.00 rows=1113 width=121)
	        Recheck Cond: ((id >= 7067885) AND (id <= 7068884))
	        ->  Bitmap Index Scan on sbtest4_pkey  (cost=0.00..35.57 rows=1113 width=0)
	              Index Cond: ((id >= 7067885) AND (id <= 7068884))

table 5 : explain SELECT count(c) FROM sbtest5 WHERE id BETWEEN 1877834 AND 1878833
	Aggregate  (cost=3730.01..3730.02 rows=1 width=8)
	  ->  Bitmap Heap Scan on sbtest5  (cost=30.29..3727.60 rows=961 width=121)
	        Recheck Cond: ((id >= 1877834) AND (id <= 1878833))
	        ->  Bitmap Index Scan on sbtest5_pkey  (cost=0.00..30.04 rows=961 width=0)
	              Index Cond: ((id >= 1877834) AND (id <= 1878833))

table 6 : explain SELECT count(c) FROM sbtest6 WHERE id BETWEEN 2217162 AND 2218161
	Aggregate  (cost=4047.14..4047.15 rows=1 width=8)
	  ->  Bitmap Heap Scan on sbtest6  (cost=35.14..4044.53 rows=1044 width=121)
	        Recheck Cond: ((id >= 2217162) AND (id <= 2218161))
	        ->  Bitmap Index Scan on sbtest6_pkey  (cost=0.00..34.88 rows=1044 width=0)
	              Index Cond: ((id >= 2217162) AND (id <= 2218161))

table 7 : explain SELECT count(c) FROM sbtest7 WHERE id BETWEEN 8894989 AND 8895988
	Aggregate  (cost=3665.72..3665.73 rows=1 width=8)
	  ->  Bitmap Heap Scan on sbtest7  (cost=30.11..3663.36 rows=944 width=121)
	        Recheck Cond: ((id >= 8894989) AND (id <= 8895988))
	        ->  Bitmap Index Scan on sbtest7_pkey  (cost=0.00..29.87 rows=944 width=0)
	              Index Cond: ((id >= 8894989) AND (id <= 8895988))

table 8 : explain SELECT count(c) FROM sbtest8 WHERE id BETWEEN 4459646 AND 4460645
	Aggregate  (cost=3839.65..3839.66 rows=1 width=8)
	  ->  Bitmap Heap Scan on sbtest8  (cost=30.58..3837.17 rows=990 width=121)
	        Recheck Cond: ((id >= 4459646) AND (id <= 4460645))
	        ->  Bitmap Index Scan on sbtest8_pkey  (cost=0.00..30.33 rows=990 width=0)
	              Index Cond: ((id >= 4459646) AND (id <= 4460645))

for: count_ranges
table 1 : explain SELECT count(c) FROM sbtest1 WHERE id BETWEEN 3950027 AND 3951026
	Aggregate  (cost=3892.44..3892.45 rows=1 width=8)
	  ->  Bitmap Heap Scan on sbtest1  (cost=30.73..3889.93 rows=1004 width=121)
	        Recheck Cond: ((id >= 3950027) AND (id <= 3951026))
	        ->  Bitmap Index Scan on sbtest1_pkey  (cost=0.00..30.47 rows=1004 width=0)
	              Index Cond: ((id >= 3950027) AND (id <= 3951026))

table 2 : explain SELECT count(c) FROM sbtest2 WHERE id BETWEEN 5096222 AND 5097221
	Aggregate  (cost=3680.81..3680.82 rows=1 width=8)
	  ->  Bitmap Heap Scan on sbtest2  (cost=30.15..3678.44 rows=948 width=121)
	        Recheck Cond: ((id >= 5096222) AND (id <= 5097221))
	        ->  Bitmap Index Scan on sbtest2_pkey  (cost=0.00..29.91 rows=948 width=0)
	              Index Cond: ((id >= 5096222) AND (id <= 5097221))

table 3 : explain SELECT count(c) FROM sbtest3 WHERE id BETWEEN 2347338 AND 2348337
	Aggregate  (cost=4190.44..4190.45 rows=1 width=8)
	  ->  Bitmap Heap Scan on sbtest3  (cost=35.53..4187.73 rows=1082 width=121)
	        Recheck Cond: ((id >= 2347338) AND (id <= 2348337))
	        ->  Bitmap Index Scan on sbtest3_pkey  (cost=0.00..35.26 rows=1082 width=0)
	              Index Cond: ((id >= 2347338) AND (id <= 2348337))

table 4 : explain SELECT count(c) FROM sbtest4 WHERE id BETWEEN 872332 AND 873331
	Aggregate  (cost=3616.71..3616.72 rows=1 width=8)
	  ->  Bitmap Heap Scan on sbtest4  (cost=29.98..3614.39 rows=931 width=121)
	        Recheck Cond: ((id >= 872332) AND (id <= 873331))
	        ->  Bitmap Index Scan on sbtest4_pkey  (cost=0.00..29.75 rows=931 width=0)
	              Index Cond: ((id >= 872332) AND (id <= 873331))

table 5 : explain SELECT count(c) FROM sbtest5 WHERE id BETWEEN 187886 AND 188885
	Aggregate  (cost=4303.71..4303.72 rows=1 width=8)
	  ->  Bitmap Heap Scan on sbtest5  (cost=35.83..4300.93 rows=1112 width=121)
	        Recheck Cond: ((id >= 187886) AND (id <= 188885))
	        ->  Bitmap Index Scan on sbtest5_pkey  (cost=0.00..35.56 rows=1112 width=0)
	              Index Cond: ((id >= 187886) AND (id <= 188885))

table 6 : explain SELECT count(c) FROM sbtest6 WHERE id BETWEEN 162025 AND 163024
	Aggregate  (cost=4054.68..4054.69 rows=1 width=8)
	  ->  Bitmap Heap Scan on sbtest6  (cost=35.16..4052.06 rows=1046 width=121)
	        Recheck Cond: ((id >= 162025) AND (id <= 163024))
	        ->  Bitmap Index Scan on sbtest6_pkey  (cost=0.00..34.90 rows=1046 width=0)
	              Index Cond: ((id >= 162025) AND (id <= 163024))

table 7 : explain SELECT count(c) FROM sbtest7 WHERE id BETWEEN 3813685 AND 3814684
	Aggregate  (cost=4104.10..4104.11 rows=1 width=8)
	  ->  Bitmap Heap Scan on sbtest7  (cost=35.29..4101.45 rows=1059 width=121)
	        Recheck Cond: ((id >= 3813685) AND (id <= 3814684))
	        ->  Bitmap Index Scan on sbtest7_pkey  (cost=0.00..35.03 rows=1059 width=0)
	              Index Cond: ((id >= 3813685) AND (id <= 3814684))

table 8 : explain SELECT count(c) FROM sbtest8 WHERE id BETWEEN 4083254 AND 4084253
	Aggregate  (cost=3881.21..3881.22 rows=1 width=8)
	  ->  Bitmap Heap Scan on sbtest8  (cost=30.70..3878.70 rows=1001 width=121)
	        Recheck Cond: ((id >= 4083254) AND (id <= 4084253))
	        ->  Bitmap Index Scan on sbtest8_pkey  (cost=0.00..30.44 rows=1001 width=0)
	              Index Cond: ((id >= 4083254) AND (id <= 4084253))

for: count_ranges
table 1 : explain SELECT count(c) FROM sbtest1 WHERE id BETWEEN 9913301 AND 9914300
	Aggregate  (cost=3994.37..3994.38 rows=1 width=8)
	  ->  Bitmap Heap Scan on sbtest1  (cost=31.00..3991.79 rows=1031 width=121)
	        Recheck Cond: ((id >= 9913301) AND (id <= 9914300))
	        ->  Bitmap Index Scan on sbtest1_pkey  (cost=0.00..30.75 rows=1031 width=0)
	              Index Cond: ((id >= 9913301) AND (id <= 9914300))

table 2 : explain SELECT count(c) FROM sbtest2 WHERE id BETWEEN 5083332 AND 5084331
	Aggregate  (cost=3680.81..3680.82 rows=1 width=8)
	  ->  Bitmap Heap Scan on sbtest2  (cost=30.15..3678.44 rows=948 width=121)
	        Recheck Cond: ((id >= 5083332) AND (id <= 5084331))
	        ->  Bitmap Index Scan on sbtest2_pkey  (cost=0.00..29.91 rows=948 width=0)
	              Index Cond: ((id >= 5083332) AND (id <= 5084331))

table 3 : explain SELECT count(c) FROM sbtest3 WHERE id BETWEEN 4016554 AND 4017553
	Aggregate  (cost=3695.71..3695.72 rows=1 width=8)
	  ->  Bitmap Heap Scan on sbtest3  (cost=30.19..3693.33 rows=952 width=121)
	        Recheck Cond: ((id >= 4016554) AND (id <= 4017553))
	        ->  Bitmap Index Scan on sbtest3_pkey  (cost=0.00..29.95 rows=952 width=0)
	              Index Cond: ((id >= 4016554) AND (id <= 4017553))

table 4 : explain SELECT count(c) FROM sbtest4 WHERE id BETWEEN 4205594 AND 4206593
	Aggregate  (cost=4209.88..4209.89 rows=1 width=8)
	  ->  Bitmap Heap Scan on sbtest4  (cost=35.58..4207.16 rows=1087 width=121)
	        Recheck Cond: ((id >= 4205594) AND (id <= 4206593))
	        ->  Bitmap Index Scan on sbtest4_pkey  (cost=0.00..35.31 rows=1087 width=0)
	              Index Cond: ((id >= 4205594) AND (id <= 4206593))

table 5 : explain SELECT count(c) FROM sbtest5 WHERE id BETWEEN 1816954 AND 1817953
	Aggregate  (cost=3730.01..3730.02 rows=1 width=8)
	  ->  Bitmap Heap Scan on sbtest5  (cost=30.29..3727.60 rows=961 width=121)
	        Recheck Cond: ((id >= 1816954) AND (id <= 1817953))
	        ->  Bitmap Index Scan on sbtest5_pkey  (cost=0.00..30.04 rows=961 width=0)
	              Index Cond: ((id >= 1816954) AND (id <= 1817953))

table 6 : explain SELECT count(c) FROM sbtest6 WHERE id BETWEEN 5379335 AND 5380334
	Aggregate  (cost=3631.31..3631.32 rows=1 width=8)
	  ->  Bitmap Heap Scan on sbtest6  (cost=30.02..3628.98 rows=935 width=121)
	        Recheck Cond: ((id >= 5379335) AND (id <= 5380334))
	        ->  Bitmap Index Scan on sbtest6_pkey  (cost=0.00..29.79 rows=935 width=0)
	              Index Cond: ((id >= 5379335) AND (id <= 5380334))

table 7 : explain SELECT count(c) FROM sbtest7 WHERE id BETWEEN 7081785 AND 7082784
	Aggregate  (cost=3616.51..3616.52 rows=1 width=8)
	  ->  Bitmap Heap Scan on sbtest7  (cost=29.98..3614.18 rows=931 width=121)
	        Recheck Cond: ((id >= 7081785) AND (id <= 7082784))
	        ->  Bitmap Index Scan on sbtest7_pkey  (cost=0.00..29.75 rows=931 width=0)
	              Index Cond: ((id >= 7081785) AND (id <= 7082784))

table 8 : explain SELECT count(c) FROM sbtest8 WHERE id BETWEEN 7095469 AND 7096468
	Aggregate  (cost=3998.47..3998.48 rows=1 width=8)
	  ->  Bitmap Heap Scan on sbtest8  (cost=35.00..3995.89 rows=1031 width=121)
	        Recheck Cond: ((id >= 7095469) AND (id <= 7096468))
	        ->  Bitmap Index Scan on sbtest8_pkey  (cost=0.00..34.75 rows=1031 width=0)
	              Index Cond: ((id >= 7095469) AND (id <= 7096468))

for: count_ranges
table 1 : explain SELECT count(c) FROM sbtest1 WHERE id BETWEEN 7228834 AND 7229833
	Aggregate  (cost=3986.82..3986.83 rows=1 width=8)
	  ->  Bitmap Heap Scan on sbtest1  (cost=30.98..3984.25 rows=1029 width=121)
	        Recheck Cond: ((id >= 7228834) AND (id <= 7229833))
	        ->  Bitmap Index Scan on sbtest1_pkey  (cost=0.00..30.72 rows=1029 width=0)
	              Index Cond: ((id >= 7228834) AND (id <= 7229833))

table 2 : explain SELECT count(c) FROM sbtest2 WHERE id BETWEEN 4961964 AND 4962963
	Aggregate  (cost=3869.85..3869.86 rows=1 width=8)
	  ->  Bitmap Heap Scan on sbtest2  (cost=30.66..3867.35 rows=998 width=121)
	        Recheck Cond: ((id >= 4961964) AND (id <= 4962963))
	        ->  Bitmap Index Scan on sbtest2_pkey  (cost=0.00..30.41 rows=998 width=0)
	              Index Cond: ((id >= 4961964) AND (id <= 4962963))

table 3 : explain SELECT count(c) FROM sbtest3 WHERE id BETWEEN 2661121 AND 2662120
	Aggregate  (cost=4077.38..4077.39 rows=1 width=8)
	  ->  Bitmap Heap Scan on sbtest3  (cost=35.22..4074.75 rows=1052 width=121)
	        Recheck Cond: ((id >= 2661121) AND (id <= 2662120))
	        ->  Bitmap Index Scan on sbtest3_pkey  (cost=0.00..34.95 rows=1052 width=0)
	              Index Cond: ((id >= 2661121) AND (id <= 2662120))

table 4 : explain SELECT count(c) FROM sbtest4 WHERE id BETWEEN 2173446 AND 2174445
	Aggregate  (cost=3885.23..3885.24 rows=1 width=8)
	  ->  Bitmap Heap Scan on sbtest4  (cost=30.71..3882.73 rows=1002 width=121)
	        Recheck Cond: ((id >= 2173446) AND (id <= 2174445))
	        ->  Bitmap Index Scan on sbtest4_pkey  (cost=0.00..30.45 rows=1002 width=0)
	              Index Cond: ((id >= 2173446) AND (id <= 2174445))

table 5 : explain SELECT count(c) FROM sbtest5 WHERE id BETWEEN 202123 AND 203122
	Aggregate  (cost=3745.13..3745.14 rows=1 width=8)
	  ->  Bitmap Heap Scan on sbtest5  (cost=30.33..3742.72 rows=965 width=121)
	        Recheck Cond: ((id >= 202123) AND (id <= 203122))
	        ->  Bitmap Index Scan on sbtest5_pkey  (cost=0.00..30.08 rows=965 width=0)
	              Index Cond: ((id >= 202123) AND (id <= 203122))

table 6 : explain SELECT count(c) FROM sbtest6 WHERE id BETWEEN 5613170 AND 5614169
	Aggregate  (cost=3631.31..3631.32 rows=1 width=8)
	  ->  Bitmap Heap Scan on sbtest6  (cost=30.02..3628.98 rows=935 width=121)
	        Recheck Cond: ((id >= 5613170) AND (id <= 5614169))
	        ->  Bitmap Index Scan on sbtest6_pkey  (cost=0.00..29.79 rows=935 width=0)
	              Index Cond: ((id >= 5613170) AND (id <= 5614169))

table 7 : explain SELECT count(c) FROM sbtest7 WHERE id BETWEEN 205852 AND 206851
	Aggregate  (cost=3847.23..3847.24 rows=1 width=8)
	  ->  Bitmap Heap Scan on sbtest7  (cost=30.60..3844.75 rows=992 width=121)
	        Recheck Cond: ((id >= 205852) AND (id <= 206851))
	        ->  Bitmap Index Scan on sbtest7_pkey  (cost=0.00..30.36 rows=992 width=0)
	              Index Cond: ((id >= 205852) AND (id <= 206851))

table 8 : explain SELECT count(c) FROM sbtest8 WHERE id BETWEEN 4140429 AND 4141428
	Aggregate  (cost=3881.21..3881.22 rows=1 width=8)
	  ->  Bitmap Heap Scan on sbtest8  (cost=30.70..3878.70 rows=1001 width=121)
	        Recheck Cond: ((id >= 4140429) AND (id <= 4141428))
	        ->  Bitmap Index Scan on sbtest8_pkey  (cost=0.00..30.44 rows=1001 width=0)
	              Index Cond: ((id >= 4140429) AND (id <= 4141428))

for: count_ranges
table 1 : explain SELECT count(c) FROM sbtest1 WHERE id BETWEEN 1577141 AND 1578140
	Aggregate  (cost=4250.91..4250.92 rows=1 width=8)
	  ->  Bitmap Heap Scan on sbtest1  (cost=35.69..4248.16 rows=1098 width=121)
	        Recheck Cond: ((id >= 1577141) AND (id <= 1578140))
	        ->  Bitmap Index Scan on sbtest1_pkey  (cost=0.00..35.42 rows=1098 width=0)
	              Index Cond: ((id >= 1577141) AND (id <= 1578140))

table 2 : explain SELECT count(c) FROM sbtest2 WHERE id BETWEEN 1702823 AND 1703822
	Aggregate  (cost=3824.51..3824.52 rows=1 width=8)
	  ->  Bitmap Heap Scan on sbtest2  (cost=30.54..3822.04 rows=986 width=121)
	        Recheck Cond: ((id >= 1702823) AND (id <= 1703822))
	        ->  Bitmap Index Scan on sbtest2_pkey  (cost=0.00..30.29 rows=986 width=0)
	              Index Cond: ((id >= 1702823) AND (id <= 1703822))

table 3 : explain SELECT count(c) FROM sbtest3 WHERE id BETWEEN 7087944 AND 7088943
	Aggregate  (cost=3828.03..3828.04 rows=1 width=8)
	  ->  Bitmap Heap Scan on sbtest3  (cost=30.55..3825.57 rows=987 width=121)
	        Recheck Cond: ((id >= 7087944) AND (id <= 7088943))
	        ->  Bitmap Index Scan on sbtest3_pkey  (cost=0.00..30.30 rows=987 width=0)
	              Index Cond: ((id >= 7087944) AND (id <= 7088943))

table 4 : explain SELECT count(c) FROM sbtest4 WHERE id BETWEEN 6084392 AND 6085391
	Aggregate  (cost=3923.00..3923.01 rows=1 width=8)
	  ->  Bitmap Heap Scan on sbtest4  (cost=30.81..3920.47 rows=1012 width=121)
	        Recheck Cond: ((id >= 6084392) AND (id <= 6085391))
	        ->  Bitmap Index Scan on sbtest4_pkey  (cost=0.00..30.55 rows=1012 width=0)
	              Index Cond: ((id >= 6084392) AND (id <= 6085391))

table 5 : explain SELECT count(c) FROM sbtest5 WHERE id BETWEEN 2312693 AND 2313692
	Aggregate  (cost=3964.26..3964.27 rows=1 width=8)
	  ->  Bitmap Heap Scan on sbtest5  (cost=30.92..3961.71 rows=1023 width=121)
	        Recheck Cond: ((id >= 2312693) AND (id <= 2313692))
	        ->  Bitmap Index Scan on sbtest5_pkey  (cost=0.00..30.66 rows=1023 width=0)
	              Index Cond: ((id >= 2312693) AND (id <= 2313692))

table 6 : explain SELECT count(c) FROM sbtest6 WHERE id BETWEEN 5136263 AND 5137262
	Aggregate  (cost=4231.79..4231.80 rows=1 width=8)
	  ->  Bitmap Heap Scan on sbtest6  (cost=35.64..4229.05 rows=1093 width=121)
	        Recheck Cond: ((id >= 5136263) AND (id <= 5137262))
	        ->  Bitmap Index Scan on sbtest6_pkey  (cost=0.00..35.37 rows=1093 width=0)
	              Index Cond: ((id >= 5136263) AND (id <= 5137262))

table 7 : explain SELECT count(c) FROM sbtest7 WHERE id BETWEEN 6269550 AND 6270549
	Aggregate  (cost=3650.58..3650.59 rows=1 width=8)
	  ->  Bitmap Heap Scan on sbtest7  (cost=30.07..3648.23 rows=940 width=121)
	        Recheck Cond: ((id >= 6269550) AND (id <= 6270549))
	        ->  Bitmap Index Scan on sbtest7_pkey  (cost=0.00..29.83 rows=940 width=0)
	              Index Cond: ((id >= 6269550) AND (id <= 6270549))

table 8 : explain SELECT count(c) FROM sbtest8 WHERE id BETWEEN 1462740 AND 1463739
	Aggregate  (cost=3620.27..3620.28 rows=1 width=8)
	  ->  Bitmap Heap Scan on sbtest8  (cost=29.99..3617.94 rows=932 width=121)
	        Recheck Cond: ((id >= 1462740) AND (id <= 1463739))
	        ->  Bitmap Index Scan on sbtest8_pkey  (cost=0.00..29.75 rows=932 width=0)
	              Index Cond: ((id >= 1462740) AND (id <= 1463739))

for: count_ranges
table 1 : explain SELECT count(c) FROM sbtest1 WHERE id BETWEEN 4006069 AND 4007068
	Aggregate  (cost=4111.28..4111.29 rows=1 width=8)
	  ->  Bitmap Heap Scan on sbtest1  (cost=31.32..4108.63 rows=1062 width=121)
	        Recheck Cond: ((id >= 4006069) AND (id <= 4007068))
	        ->  Bitmap Index Scan on sbtest1_pkey  (cost=0.00..31.05 rows=1062 width=0)
	              Index Cond: ((id >= 4006069) AND (id <= 4007068))

table 2 : explain SELECT count(c) FROM sbtest2 WHERE id BETWEEN 4310598 AND 4311597
	Aggregate  (cost=3835.84..3835.85 rows=1 width=8)
	  ->  Bitmap Heap Scan on sbtest2  (cost=30.57..3833.37 rows=989 width=121)
	        Recheck Cond: ((id >= 4310598) AND (id <= 4311597))
	        ->  Bitmap Index Scan on sbtest2_pkey  (cost=0.00..30.32 rows=989 width=0)
	              Index Cond: ((id >= 4310598) AND (id <= 4311597))

table 3 : explain SELECT count(c) FROM sbtest3 WHERE id BETWEEN 9745107 AND 9746106
	Aggregate  (cost=4371.11..4371.12 rows=1 width=8)
	  ->  Bitmap Heap Scan on sbtest3  (cost=36.02..4368.28 rows=1130 width=121)
	        Recheck Cond: ((id >= 9745107) AND (id <= 9746106))
	        ->  Bitmap Index Scan on sbtest3_pkey  (cost=0.00..35.73 rows=1130 width=0)
	              Index Cond: ((id >= 9745107) AND (id <= 9746106))

table 4 : explain SELECT count(c) FROM sbtest4 WHERE id BETWEEN 7043661 AND 7044660
	Aggregate  (cost=4307.78..4307.79 rows=1 width=8)
	  ->  Bitmap Heap Scan on sbtest4  (cost=35.84..4305.00 rows=1113 width=121)
	        Recheck Cond: ((id >= 7043661) AND (id <= 7044660))
	        ->  Bitmap Index Scan on sbtest4_pkey  (cost=0.00..35.57 rows=1113 width=0)
	              Index Cond: ((id >= 7043661) AND (id <= 7044660))

table 5 : explain SELECT count(c) FROM sbtest5 WHERE id BETWEEN 8264352 AND 8265351
	Aggregate  (cost=3631.62..3631.63 rows=1 width=8)
	  ->  Bitmap Heap Scan on sbtest5  (cost=30.02..3629.29 rows=935 width=121)
	        Recheck Cond: ((id >= 8264352) AND (id <= 8265351))
	        ->  Bitmap Index Scan on sbtest5_pkey  (cost=0.00..29.79 rows=935 width=0)
	              Index Cond: ((id >= 8264352) AND (id <= 8265351))

table 6 : explain SELECT count(c) FROM sbtest6 WHERE id BETWEEN 3153126 AND 3154125
	Aggregate  (cost=3998.10..3998.11 rows=1 width=8)
	  ->  Bitmap Heap Scan on sbtest6  (cost=35.00..3995.52 rows=1031 width=121)
	        Recheck Cond: ((id >= 3153126) AND (id <= 3154125))
	        ->  Bitmap Index Scan on sbtest6_pkey  (cost=0.00..34.75 rows=1031 width=0)
	              Index Cond: ((id >= 3153126) AND (id <= 3154125))

table 7 : explain SELECT count(c) FROM sbtest7 WHERE id BETWEEN 4879363 AND 4880362
	Aggregate  (cost=3866.12..3866.13 rows=1 width=8)
	  ->  Bitmap Heap Scan on sbtest7  (cost=30.65..3863.62 rows=997 width=121)
	        Recheck Cond: ((id >= 4879363) AND (id <= 4880362))
	        ->  Bitmap Index Scan on sbtest7_pkey  (cost=0.00..30.40 rows=997 width=0)
	              Index Cond: ((id >= 4879363) AND (id <= 4880362))

table 8 : explain SELECT count(c) FROM sbtest8 WHERE id BETWEEN 4025026 AND 4026025
	Aggregate  (cost=3495.26..3495.27 rows=1 width=8)
	  ->  Bitmap Heap Scan on sbtest8  (cost=29.65..3493.02 rows=899 width=121)
	        Recheck Cond: ((id >= 4025026) AND (id <= 4026025))
	        ->  Bitmap Index Scan on sbtest8_pkey  (cost=0.00..29.43 rows=899 width=0)
	              Index Cond: ((id >= 4025026) AND (id <= 4026025))

for: count_ranges
table 1 : explain SELECT count(c) FROM sbtest1 WHERE id BETWEEN 1217426 AND 1218425
	Aggregate  (cost=4224.55..4224.56 rows=1 width=8)
	  ->  Bitmap Heap Scan on sbtest1  (cost=35.62..4221.82 rows=1091 width=121)
	        Recheck Cond: ((id >= 1217426) AND (id <= 1218425))
	        ->  Bitmap Index Scan on sbtest1_pkey  (cost=0.00..35.34 rows=1091 width=0)
	              Index Cond: ((id >= 1217426) AND (id <= 1218425))

table 2 : explain SELECT count(c) FROM sbtest2 WHERE id BETWEEN 6482994 AND 6483993
	Aggregate  (cost=3533.14..3533.15 rows=1 width=8)
	  ->  Bitmap Heap Scan on sbtest2  (cost=29.75..3530.87 rows=909 width=121)
	        Recheck Cond: ((id >= 6482994) AND (id <= 6483993))
	        ->  Bitmap Index Scan on sbtest2_pkey  (cost=0.00..29.52 rows=909 width=0)
	              Index Cond: ((id >= 6482994) AND (id <= 6483993))

table 3 : explain SELECT count(c) FROM sbtest3 WHERE id BETWEEN 1439686 AND 1440685
	Aggregate  (cost=4069.84..4069.85 rows=1 width=8)
	  ->  Bitmap Heap Scan on sbtest3  (cost=35.20..4067.21 rows=1050 width=121)
	        Recheck Cond: ((id >= 1439686) AND (id <= 1440685))
	        ->  Bitmap Index Scan on sbtest3_pkey  (cost=0.00..34.94 rows=1050 width=0)
	              Index Cond: ((id >= 1439686) AND (id <= 1440685))

table 4 : explain SELECT count(c) FROM sbtest4 WHERE id BETWEEN 1322122 AND 1323121
	Aggregate  (cost=3601.57..3601.58 rows=1 width=8)
	  ->  Bitmap Heap Scan on sbtest4  (cost=29.94..3599.25 rows=927 width=121)
	        Recheck Cond: ((id >= 1322122) AND (id <= 1323121))
	        ->  Bitmap Index Scan on sbtest4_pkey  (cost=0.00..29.70 rows=927 width=0)
	              Index Cond: ((id >= 1322122) AND (id <= 1323121))

table 5 : explain SELECT count(c) FROM sbtest5 WHERE id BETWEEN 9263042 AND 9264041
	Aggregate  (cost=4024.64..4024.65 rows=1 width=8)
	  ->  Bitmap Heap Scan on sbtest5  (cost=31.08..4022.04 rows=1039 width=121)
	        Recheck Cond: ((id >= 9263042) AND (id <= 9264041))
	        ->  Bitmap Index Scan on sbtest5_pkey  (cost=0.00..30.82 rows=1039 width=0)
	              Index Cond: ((id >= 9263042) AND (id <= 9264041))

table 6 : explain SELECT count(c) FROM sbtest6 WHERE id BETWEEN 4275595 AND 4276594
	Aggregate  (cost=3888.41..3888.42 rows=1 width=8)
	  ->  Bitmap Heap Scan on sbtest6  (cost=30.72..3885.90 rows=1003 width=121)
	        Recheck Cond: ((id >= 4275595) AND (id <= 4276594))
	        ->  Bitmap Index Scan on sbtest6_pkey  (cost=0.00..30.46 rows=1003 width=0)
	              Index Cond: ((id >= 4275595) AND (id <= 4276594))

table 7 : explain SELECT count(c) FROM sbtest7 WHERE id BETWEEN 6726115 AND 6727114
	Aggregate  (cost=3896.33..3896.34 rows=1 width=8)
	  ->  Bitmap Heap Scan on sbtest7  (cost=30.74..3893.82 rows=1005 width=121)
	        Recheck Cond: ((id >= 6726115) AND (id <= 6727114))
	        ->  Bitmap Index Scan on sbtest7_pkey  (cost=0.00..30.48 rows=1005 width=0)
	              Index Cond: ((id >= 6726115) AND (id <= 6727114))

table 8 : explain SELECT count(c) FROM sbtest8 WHERE id BETWEEN 100728 AND 101727
	Aggregate  (cost=4217.13..4217.14 rows=1 width=8)
	  ->  Bitmap Heap Scan on sbtest8  (cost=35.60..4214.40 rows=1089 width=121)
	        Recheck Cond: ((id >= 100728) AND (id <= 101727))
	        ->  Bitmap Index Scan on sbtest8_pkey  (cost=0.00..35.33 rows=1089 width=0)
	              Index Cond: ((id >= 100728) AND (id <= 101727))

for: count_ranges
table 1 : explain SELECT count(c) FROM sbtest1 WHERE id BETWEEN 5546642 AND 5547641
	Aggregate  (cost=3979.27..3979.28 rows=1 width=8)
	  ->  Bitmap Heap Scan on sbtest1  (cost=30.96..3976.70 rows=1027 width=121)
	        Recheck Cond: ((id >= 5546642) AND (id <= 5547641))
	        ->  Bitmap Index Scan on sbtest1_pkey  (cost=0.00..30.70 rows=1027 width=0)
	              Index Cond: ((id >= 5546642) AND (id <= 5547641))

table 2 : explain SELECT count(c) FROM sbtest2 WHERE id BETWEEN 5346791 AND 5347790
	Aggregate  (cost=3771.59..3771.60 rows=1 width=8)
	  ->  Bitmap Heap Scan on sbtest2  (cost=30.40..3769.16 rows=972 width=121)
	        Recheck Cond: ((id >= 5346791) AND (id <= 5347790))
	        ->  Bitmap Index Scan on sbtest2_pkey  (cost=0.00..30.15 rows=972 width=0)
	              Index Cond: ((id >= 5346791) AND (id <= 5347790))

table 3 : explain SELECT count(c) FROM sbtest3 WHERE id BETWEEN 8079793 AND 8080792
	Aggregate  (cost=3559.43..3559.44 rows=1 width=8)
	  ->  Bitmap Heap Scan on sbtest3  (cost=29.82..3557.14 rows=916 width=121)
	        Recheck Cond: ((id >= 8079793) AND (id <= 8080792))
	        ->  Bitmap Index Scan on sbtest3_pkey  (cost=0.00..29.59 rows=916 width=0)
	              Index Cond: ((id >= 8079793) AND (id <= 8080792))

table 4 : explain SELECT count(c) FROM sbtest4 WHERE id BETWEEN 4973310 AND 4974309
	Aggregate  (cost=3681.07..3681.08 rows=1 width=8)
	  ->  Bitmap Heap Scan on sbtest4  (cost=30.15..3678.70 rows=948 width=121)
	        Recheck Cond: ((id >= 4973310) AND (id <= 4974309))
	        ->  Bitmap Index Scan on sbtest4_pkey  (cost=0.00..29.91 rows=948 width=0)
	              Index Cond: ((id >= 4973310) AND (id <= 4974309))

table 5 : explain SELECT count(c) FROM sbtest5 WHERE id BETWEEN 8406208 AND 8407207
	Aggregate  (cost=3843.42..3843.43 rows=1 width=8)
	  ->  Bitmap Heap Scan on sbtest5  (cost=30.59..3840.94 rows=991 width=121)
	        Recheck Cond: ((id >= 8406208) AND (id <= 8407207))
	        ->  Bitmap Index Scan on sbtest5_pkey  (cost=0.00..30.34 rows=991 width=0)
	              Index Cond: ((id >= 8406208) AND (id <= 8407207))

table 6 : explain SELECT count(c) FROM sbtest6 WHERE id BETWEEN 3602270 AND 3603269
	Aggregate  (cost=3812.85..3812.86 rows=1 width=8)
	  ->  Bitmap Heap Scan on sbtest6  (cost=30.51..3810.39 rows=983 width=121)
	        Recheck Cond: ((id >= 3602270) AND (id <= 3603269))
	        ->  Bitmap Index Scan on sbtest6_pkey  (cost=0.00..30.26 rows=983 width=0)
	              Index Cond: ((id >= 3602270) AND (id <= 3603269))

table 7 : explain SELECT count(c) FROM sbtest7 WHERE id BETWEEN 8341294 AND 8342293
	Aggregate  (cost=3798.10..3798.11 rows=1 width=8)
	  ->  Bitmap Heap Scan on sbtest7  (cost=30.47..3795.65 rows=979 width=121)
	        Recheck Cond: ((id >= 8341294) AND (id <= 8342293))
	        ->  Bitmap Index Scan on sbtest7_pkey  (cost=0.00..30.22 rows=979 width=0)
	              Index Cond: ((id >= 8341294) AND (id <= 8342293))

table 8 : explain SELECT count(c) FROM sbtest8 WHERE id BETWEEN 312930 AND 313929
	Aggregate  (cost=3726.23..3726.24 rows=1 width=8)
	  ->  Bitmap Heap Scan on sbtest8  (cost=30.27..3723.83 rows=960 width=121)
	        Recheck Cond: ((id >= 312930) AND (id <= 313929))
	        ->  Bitmap Index Scan on sbtest8_pkey  (cost=0.00..30.04 rows=960 width=0)
	              Index Cond: ((id >= 312930) AND (id <= 313929))

for: count_ranges
table 1 : explain SELECT count(c) FROM sbtest1 WHERE id BETWEEN 1661117 AND 1662116
	Aggregate  (cost=4209.48..4209.49 rows=1 width=8)
	  ->  Bitmap Heap Scan on sbtest1  (cost=35.58..4206.76 rows=1087 width=121)
	        Recheck Cond: ((id >= 1661117) AND (id <= 1662116))
	        ->  Bitmap Index Scan on sbtest1_pkey  (cost=0.00..35.31 rows=1087 width=0)
	              Index Cond: ((id >= 1661117) AND (id <= 1662116))

table 2 : explain SELECT count(c) FROM sbtest2 WHERE id BETWEEN 2198308 AND 2199307
	Aggregate  (cost=3896.29..3896.30 rows=1 width=8)
	  ->  Bitmap Heap Scan on sbtest2  (cost=30.74..3893.78 rows=1005 width=121)
	        Recheck Cond: ((id >= 2198308) AND (id <= 2199307))
	        ->  Bitmap Index Scan on sbtest2_pkey  (cost=0.00..30.48 rows=1005 width=0)
	              Index Cond: ((id >= 2198308) AND (id <= 2199307))

table 3 : explain SELECT count(c) FROM sbtest3 WHERE id BETWEEN 8328485 AND 8329484
	Aggregate  (cost=3733.53..3733.54 rows=1 width=8)
	  ->  Bitmap Heap Scan on sbtest3  (cost=30.30..3731.12 rows=962 width=121)
	        Recheck Cond: ((id >= 8328485) AND (id <= 8329484))
	        ->  Bitmap Index Scan on sbtest3_pkey  (cost=0.00..30.05 rows=962 width=0)
	              Index Cond: ((id >= 8328485) AND (id <= 8329484))

table 4 : explain SELECT count(c) FROM sbtest4 WHERE id BETWEEN 2531373 AND 2532372
	Aggregate  (cost=3658.36..3658.37 rows=1 width=8)
	  ->  Bitmap Heap Scan on sbtest4  (cost=30.09..3656.00 rows=942 width=121)
	        Recheck Cond: ((id >= 2531373) AND (id <= 2532372))
	        ->  Bitmap Index Scan on sbtest4_pkey  (cost=0.00..29.86 rows=942 width=0)
	              Index Cond: ((id >= 2531373) AND (id <= 2532372))

table 5 : explain SELECT count(c) FROM sbtest5 WHERE id BETWEEN 1634011 AND 1635010
	Aggregate  (cost=3824.52..3824.53 rows=1 width=8)
	  ->  Bitmap Heap Scan on sbtest5  (cost=30.54..3822.06 rows=986 width=121)
	        Recheck Cond: ((id >= 1634011) AND (id <= 1635010))
	        ->  Bitmap Index Scan on sbtest5_pkey  (cost=0.00..30.29 rows=986 width=0)
	              Index Cond: ((id >= 1634011) AND (id <= 1635010))

table 6 : explain SELECT count(c) FROM sbtest6 WHERE id BETWEEN 600547 AND 601546
	Aggregate  (cost=3619.96..3619.97 rows=1 width=8)
	  ->  Bitmap Heap Scan on sbtest6  (cost=29.99..3617.63 rows=932 width=121)
	        Recheck Cond: ((id >= 600547) AND (id <= 601546))
	        ->  Bitmap Index Scan on sbtest6_pkey  (cost=0.00..29.75 rows=932 width=0)
	              Index Cond: ((id >= 600547) AND (id <= 601546))

table 7 : explain SELECT count(c) FROM sbtest7 WHERE id BETWEEN 3800496 AND 3801495
	Aggregate  (cost=4104.10..4104.11 rows=1 width=8)
	  ->  Bitmap Heap Scan on sbtest7  (cost=35.29..4101.45 rows=1059 width=121)
	        Recheck Cond: ((id >= 3800496) AND (id <= 3801495))
	        ->  Bitmap Index Scan on sbtest7_pkey  (cost=0.00..35.03 rows=1059 width=0)
	              Index Cond: ((id >= 3800496) AND (id <= 3801495))

table 8 : explain SELECT count(c) FROM sbtest8 WHERE id BETWEEN 1293300 AND 1294299
	Aggregate  (cost=3654.34..3654.35 rows=1 width=8)
	  ->  Bitmap Heap Scan on sbtest8  (cost=30.08..3651.99 rows=941 width=121)
	        Recheck Cond: ((id >= 1293300) AND (id <= 1294299))
	        ->  Bitmap Index Scan on sbtest8_pkey  (cost=0.00..29.84 rows=941 width=0)
	              Index Cond: ((id >= 1293300) AND (id <= 1294299))

for: count_ranges
table 1 : explain SELECT count(c) FROM sbtest1 WHERE id BETWEEN 6258817 AND 6259816
	Aggregate  (cost=3850.89..3850.90 rows=1 width=8)
	  ->  Bitmap Heap Scan on sbtest1  (cost=30.61..3848.41 rows=993 width=121)
	        Recheck Cond: ((id >= 6258817) AND (id <= 6259816))
	        ->  Bitmap Index Scan on sbtest1_pkey  (cost=0.00..30.36 rows=993 width=0)
	              Index Cond: ((id >= 6258817) AND (id <= 6259816))

table 2 : explain SELECT count(c) FROM sbtest2 WHERE id BETWEEN 9519342 AND 9520341
	Aggregate  (cost=3718.64..3718.65 rows=1 width=8)
	  ->  Bitmap Heap Scan on sbtest2  (cost=30.25..3716.25 rows=958 width=121)
	        Recheck Cond: ((id >= 9519342) AND (id <= 9520341))
	        ->  Bitmap Index Scan on sbtest2_pkey  (cost=0.00..30.01 rows=958 width=0)
	              Index Cond: ((id >= 9519342) AND (id <= 9520341))

table 3 : explain SELECT count(c) FROM sbtest3 WHERE id BETWEEN 2077662 AND 2078661
	Aggregate  (cost=3918.68..3918.69 rows=1 width=8)
	  ->  Bitmap Heap Scan on sbtest3  (cost=30.80..3916.16 rows=1011 width=121)
	        Recheck Cond: ((id >= 2077662) AND (id <= 2078661))
	        ->  Bitmap Index Scan on sbtest3_pkey  (cost=0.00..30.54 rows=1011 width=0)
	              Index Cond: ((id >= 2077662) AND (id <= 2078661))

table 4 : explain SELECT count(c) FROM sbtest4 WHERE id BETWEEN 4389864 AND 4390863
	Aggregate  (cost=3764.29..3764.30 rows=1 width=8)
	  ->  Bitmap Heap Scan on sbtest4  (cost=30.38..3761.87 rows=970 width=121)
	        Recheck Cond: ((id >= 4389864) AND (id <= 4390863))
	        ->  Bitmap Index Scan on sbtest4_pkey  (cost=0.00..30.14 rows=970 width=0)
	              Index Cond: ((id >= 4389864) AND (id <= 4390863))

table 5 : explain SELECT count(c) FROM sbtest5 WHERE id BETWEEN 4351923 AND 4352922
	Aggregate  (cost=3673.26..3673.27 rows=1 width=8)
	  ->  Bitmap Heap Scan on sbtest5  (cost=30.13..3670.89 rows=946 width=121)
	        Recheck Cond: ((id >= 4351923) AND (id <= 4352922))
	        ->  Bitmap Index Scan on sbtest5_pkey  (cost=0.00..29.89 rows=946 width=0)
	              Index Cond: ((id >= 4351923) AND (id <= 4352922))

table 6 : explain SELECT count(c) FROM sbtest6 WHERE id BETWEEN 9667588 AND 9668587
	Aggregate  (cost=3752.37..3752.38 rows=1 width=8)
	  ->  Bitmap Heap Scan on sbtest6  (cost=30.35..3749.95 rows=967 width=121)
	        Recheck Cond: ((id >= 9667588) AND (id <= 9668587))
	        ->  Bitmap Index Scan on sbtest6_pkey  (cost=0.00..30.11 rows=967 width=0)
	              Index Cond: ((id >= 9667588) AND (id <= 9668587))

table 7 : explain SELECT count(c) FROM sbtest7 WHERE id BETWEEN 9677026 AND 9678025
	Aggregate  (cost=3956.75..3956.76 rows=1 width=8)
	  ->  Bitmap Heap Scan on sbtest7  (cost=30.90..3954.19 rows=1021 width=121)
	        Recheck Cond: ((id >= 9677026) AND (id <= 9678025))
	        ->  Bitmap Index Scan on sbtest7_pkey  (cost=0.00..30.64 rows=1021 width=0)
	              Index Cond: ((id >= 9677026) AND (id <= 9678025))

table 8 : explain SELECT count(c) FROM sbtest8 WHERE id BETWEEN 6957149 AND 6958148
	Aggregate  (cost=3574.83..3574.84 rows=1 width=8)
	  ->  Bitmap Heap Scan on sbtest8  (cost=29.87..3572.53 rows=920 width=121)
	        Recheck Cond: ((id >= 6957149) AND (id <= 6958148))
	        ->  Bitmap Index Scan on sbtest8_pkey  (cost=0.00..29.64 rows=920 width=0)
	              Index Cond: ((id >= 6957149) AND (id <= 6958148))

for: count_ranges
table 1 : explain SELECT count(c) FROM sbtest1 WHERE id BETWEEN 4091269 AND 4092268
	Aggregate  (cost=3816.88..3816.89 rows=1 width=8)
	  ->  Bitmap Heap Scan on sbtest1  (cost=30.52..3814.42 rows=984 width=121)
	        Recheck Cond: ((id >= 4091269) AND (id <= 4092268))
	        ->  Bitmap Index Scan on sbtest1_pkey  (cost=0.00..30.27 rows=984 width=0)
	              Index Cond: ((id >= 4091269) AND (id <= 4092268))

table 2 : explain SELECT count(c) FROM sbtest2 WHERE id BETWEEN 5445925 AND 5446924
	Aggregate  (cost=3884.96..3884.97 rows=1 width=8)
	  ->  Bitmap Heap Scan on sbtest2  (cost=30.71..3882.45 rows=1002 width=121)
	        Recheck Cond: ((id >= 5445925) AND (id <= 5446924))
	        ->  Bitmap Index Scan on sbtest2_pkey  (cost=0.00..30.45 rows=1002 width=0)
	              Index Cond: ((id >= 5445925) AND (id <= 5446924))

table 3 : explain SELECT count(c) FROM sbtest3 WHERE id BETWEEN 6622893 AND 6623892
	Aggregate  (cost=4016.81..4016.82 rows=1 width=8)
	  ->  Bitmap Heap Scan on sbtest3  (cost=31.06..4014.21 rows=1037 width=121)
	        Recheck Cond: ((id >= 6622893) AND (id <= 6623892))
	        ->  Bitmap Index Scan on sbtest3_pkey  (cost=0.00..30.80 rows=1037 width=0)
	              Index Cond: ((id >= 6622893) AND (id <= 6623892))

table 4 : explain SELECT count(c) FROM sbtest4 WHERE id BETWEEN 4286189 AND 4287188
	Aggregate  (cost=4059.10..4059.11 rows=1 width=8)
	  ->  Bitmap Heap Scan on sbtest4  (cost=35.17..4056.48 rows=1047 width=121)
	        Recheck Cond: ((id >= 4286189) AND (id <= 4287188))
	        ->  Bitmap Index Scan on sbtest4_pkey  (cost=0.00..34.91 rows=1047 width=0)
	              Index Cond: ((id >= 4286189) AND (id <= 4287188))

table 5 : explain SELECT count(c) FROM sbtest5 WHERE id BETWEEN 1070827 AND 1071826
	Aggregate  (cost=3786.73..3786.74 rows=1 width=8)
	  ->  Bitmap Heap Scan on sbtest5  (cost=30.44..3784.29 rows=976 width=121)
	        Recheck Cond: ((id >= 1070827) AND (id <= 1071826))
	        ->  Bitmap Index Scan on sbtest5_pkey  (cost=0.00..30.19 rows=976 width=0)
	              Index Cond: ((id >= 1070827) AND (id <= 1071826))

table 6 : explain SELECT count(c) FROM sbtest6 WHERE id BETWEEN 9379842 AND 9380841
	Aggregate  (cost=3559.37..3559.38 rows=1 width=8)
	  ->  Bitmap Heap Scan on sbtest6  (cost=29.82..3557.08 rows=916 width=121)
	        Recheck Cond: ((id >= 9379842) AND (id <= 9380841))
	        ->  Bitmap Index Scan on sbtest6_pkey  (cost=0.00..29.59 rows=916 width=0)
	              Index Cond: ((id >= 9379842) AND (id <= 9380841))

table 7 : explain SELECT count(c) FROM sbtest7 WHERE id BETWEEN 4004932 AND 4005931
	Aggregate  (cost=3907.66..3907.67 rows=1 width=8)
	  ->  Bitmap Heap Scan on sbtest7  (cost=30.77..3905.14 rows=1008 width=121)
	        Recheck Cond: ((id >= 4004932) AND (id <= 4005931))
	        ->  Bitmap Index Scan on sbtest7_pkey  (cost=0.00..30.51 rows=1008 width=0)
	              Index Cond: ((id >= 4004932) AND (id <= 4005931))

table 8 : explain SELECT count(c) FROM sbtest8 WHERE id BETWEEN 9275466 AND 9276465
	Aggregate  (cost=3639.20..3639.21 rows=1 width=8)
	  ->  Bitmap Heap Scan on sbtest8  (cost=30.04..3636.86 rows=937 width=121)
	        Recheck Cond: ((id >= 9275466) AND (id <= 9276465))
	        ->  Bitmap Index Scan on sbtest8_pkey  (cost=0.00..29.80 rows=937 width=0)
	              Index Cond: ((id >= 9275466) AND (id <= 9276465))

for: count_ranges
table 1 : explain SELECT count(c) FROM sbtest1 WHERE id BETWEEN 1838602 AND 1839601
	Aggregate  (cost=3684.53..3684.54 rows=1 width=8)
	  ->  Bitmap Heap Scan on sbtest1  (cost=30.16..3682.16 rows=949 width=121)
	        Recheck Cond: ((id >= 1838602) AND (id <= 1839601))
	        ->  Bitmap Index Scan on sbtest1_pkey  (cost=0.00..29.93 rows=949 width=0)
	              Index Cond: ((id >= 1838602) AND (id <= 1839601))

table 2 : explain SELECT count(c) FROM sbtest2 WHERE id BETWEEN 77940 AND 78939
	Aggregate  (cost=3578.60..3578.61 rows=1 width=8)
	  ->  Bitmap Heap Scan on sbtest2  (cost=29.88..3576.29 rows=921 width=121)
	        Recheck Cond: ((id >= 77940) AND (id <= 78939))
	        ->  Bitmap Index Scan on sbtest2_pkey  (cost=0.00..29.64 rows=921 width=0)
	              Index Cond: ((id >= 77940) AND (id <= 78939))

table 3 : explain SELECT count(c) FROM sbtest3 WHERE id BETWEEN 4117538 AND 4118537
	Aggregate  (cost=3714.62..3714.63 rows=1 width=8)
	  ->  Bitmap Heap Scan on sbtest3  (cost=30.24..3712.23 rows=957 width=121)
	        Recheck Cond: ((id >= 4117538) AND (id <= 4118537))
	        ->  Bitmap Index Scan on sbtest3_pkey  (cost=0.00..30.00 rows=957 width=0)
	              Index Cond: ((id >= 4117538) AND (id <= 4118537))

table 4 : explain SELECT count(c) FROM sbtest4 WHERE id BETWEEN 5113575 AND 5114574
	Aggregate  (cost=3654.57..3654.58 rows=1 width=8)
	  ->  Bitmap Heap Scan on sbtest4  (cost=30.08..3652.22 rows=941 width=121)
	        Recheck Cond: ((id >= 5113575) AND (id <= 5114574))
	        ->  Bitmap Index Scan on sbtest4_pkey  (cost=0.00..29.84 rows=941 width=0)
	              Index Cond: ((id >= 5113575) AND (id <= 5114574))

table 5 : explain SELECT count(c) FROM sbtest5 WHERE id BETWEEN 7004198 AND 7005197
	Aggregate  (cost=4054.82..4054.83 rows=1 width=8)
	  ->  Bitmap Heap Scan on sbtest5  (cost=31.17..4052.20 rows=1047 width=121)
	        Recheck Cond: ((id >= 7004198) AND (id <= 7005197))
	        ->  Bitmap Index Scan on sbtest5_pkey  (cost=0.00..30.90 rows=1047 width=0)
	              Index Cond: ((id >= 7004198) AND (id <= 7005197))

table 6 : explain SELECT count(c) FROM sbtest6 WHERE id BETWEEN 6019013 AND 6020012
	Aggregate  (cost=3589.67..3589.68 rows=1 width=8)
	  ->  Bitmap Heap Scan on sbtest6  (cost=29.91..3587.36 rows=924 width=121)
	        Recheck Cond: ((id >= 6019013) AND (id <= 6020012))
	        ->  Bitmap Index Scan on sbtest6_pkey  (cost=0.00..29.68 rows=924 width=0)
	              Index Cond: ((id >= 6019013) AND (id <= 6020012))

table 7 : explain SELECT count(c) FROM sbtest7 WHERE id BETWEEN 5280320 AND 5281319
	Aggregate  (cost=3571.06..3571.07 rows=1 width=8)
	  ->  Bitmap Heap Scan on sbtest7  (cost=29.85..3568.77 rows=919 width=121)
	        Recheck Cond: ((id >= 5280320) AND (id <= 5281319))
	        ->  Bitmap Index Scan on sbtest7_pkey  (cost=0.00..29.62 rows=919 width=0)
	              Index Cond: ((id >= 5280320) AND (id <= 5281319))

table 8 : explain SELECT count(c) FROM sbtest8 WHERE id BETWEEN 4180687 AND 4181686
	Aggregate  (cost=3790.52..3790.53 rows=1 width=8)
	  ->  Bitmap Heap Scan on sbtest8  (cost=30.45..3788.07 rows=977 width=121)
	        Recheck Cond: ((id >= 4180687) AND (id <= 4181686))
	        ->  Bitmap Index Scan on sbtest8_pkey  (cost=0.00..30.20 rows=977 width=0)
	              Index Cond: ((id >= 4180687) AND (id <= 4181686))

for: count_ranges
table 1 : explain SELECT count(c) FROM sbtest1 WHERE id BETWEEN 2947829 AND 2948828
	Aggregate  (cost=3899.99..3900.00 rows=1 width=8)
	  ->  Bitmap Heap Scan on sbtest1  (cost=30.75..3897.48 rows=1006 width=121)
	        Recheck Cond: ((id >= 2947829) AND (id <= 2948828))
	        ->  Bitmap Index Scan on sbtest1_pkey  (cost=0.00..30.50 rows=1006 width=0)
	              Index Cond: ((id >= 2947829) AND (id <= 2948828))

table 2 : explain SELECT count(c) FROM sbtest2 WHERE id BETWEEN 6664421 AND 6665420
	Aggregate  (cost=4168.12..4168.13 rows=1 width=8)
	  ->  Bitmap Heap Scan on sbtest2  (cost=35.46..4165.43 rows=1076 width=121)
	        Recheck Cond: ((id >= 6664421) AND (id <= 6665420))
	        ->  Bitmap Index Scan on sbtest2_pkey  (cost=0.00..35.20 rows=1076 width=0)
	              Index Cond: ((id >= 6664421) AND (id <= 6665420))

table 3 : explain SELECT count(c) FROM sbtest3 WHERE id BETWEEN 3297084 AND 3298083
	Aggregate  (cost=3941.33..3941.34 rows=1 width=8)
	  ->  Bitmap Heap Scan on sbtest3  (cost=30.86..3938.79 rows=1017 width=121)
	        Recheck Cond: ((id >= 3297084) AND (id <= 3298083))
	        ->  Bitmap Index Scan on sbtest3_pkey  (cost=0.00..30.61 rows=1017 width=0)
	              Index Cond: ((id >= 3297084) AND (id <= 3298083))

table 4 : explain SELECT count(c) FROM sbtest4 WHERE id BETWEEN 3297803 AND 3298802
	Aggregate  (cost=3881.46..3881.47 rows=1 width=8)
	  ->  Bitmap Heap Scan on sbtest4  (cost=30.70..3878.95 rows=1001 width=121)
	        Recheck Cond: ((id >= 3297803) AND (id <= 3298802))
	        ->  Bitmap Index Scan on sbtest4_pkey  (cost=0.00..30.44 rows=1001 width=0)
	              Index Cond: ((id >= 3297803) AND (id <= 3298802))

table 5 : explain SELECT count(c) FROM sbtest5 WHERE id BETWEEN 1095447 AND 1096446
	Aggregate  (cost=3983.13..3983.14 rows=1 width=8)
	  ->  Bitmap Heap Scan on sbtest5  (cost=30.97..3980.56 rows=1028 width=121)
	        Recheck Cond: ((id >= 1095447) AND (id <= 1096446))
	        ->  Bitmap Index Scan on sbtest5_pkey  (cost=0.00..30.71 rows=1028 width=0)
	              Index Cond: ((id >= 1095447) AND (id <= 1096446))

table 6 : explain SELECT count(c) FROM sbtest6 WHERE id BETWEEN 7292850 AND 7293849
	Aggregate  (cost=3843.08..3843.09 rows=1 width=8)
	  ->  Bitmap Heap Scan on sbtest6  (cost=30.59..3840.60 rows=991 width=121)
	        Recheck Cond: ((id >= 7292850) AND (id <= 7293849))
	        ->  Bitmap Index Scan on sbtest6_pkey  (cost=0.00..30.34 rows=991 width=0)
	              Index Cond: ((id >= 7292850) AND (id <= 7293849))

table 7 : explain SELECT count(c) FROM sbtest7 WHERE id BETWEEN 5386507 AND 5387506
	Aggregate  (cost=3775.41..3775.42 rows=1 width=8)
	  ->  Bitmap Heap Scan on sbtest7  (cost=30.41..3772.98 rows=973 width=121)
	        Recheck Cond: ((id >= 5386507) AND (id <= 5387506))
	        ->  Bitmap Index Scan on sbtest7_pkey  (cost=0.00..30.16 rows=973 width=0)
	              Index Cond: ((id >= 5386507) AND (id <= 5387506))

table 8 : explain SELECT count(c) FROM sbtest8 WHERE id BETWEEN 98435 AND 99434
	Aggregate  (cost=3892.54..3892.55 rows=1 width=8)
	  ->  Bitmap Heap Scan on sbtest8  (cost=30.73..3890.03 rows=1004 width=121)
	        Recheck Cond: ((id >= 98435) AND (id <= 99434))
	        ->  Bitmap Index Scan on sbtest8_pkey  (cost=0.00..30.47 rows=1004 width=0)
	              Index Cond: ((id >= 98435) AND (id <= 99434))

for: count_ranges
table 1 : explain SELECT count(c) FROM sbtest1 WHERE id BETWEEN 8005666 AND 8006665
	Aggregate  (cost=3748.83..3748.84 rows=1 width=8)
	  ->  Bitmap Heap Scan on sbtest1  (cost=30.34..3746.42 rows=966 width=121)
	        Recheck Cond: ((id >= 8005666) AND (id <= 8006665))
	        ->  Bitmap Index Scan on sbtest1_pkey  (cost=0.00..30.09 rows=966 width=0)
	              Index Cond: ((id >= 8005666) AND (id <= 8006665))

table 2 : explain SELECT count(c) FROM sbtest2 WHERE id BETWEEN 992780 AND 993779
	Aggregate  (cost=3650.54..3650.55 rows=1 width=8)
	  ->  Bitmap Heap Scan on sbtest2  (cost=30.07..3648.19 rows=940 width=121)
	        Recheck Cond: ((id >= 992780) AND (id <= 993779))
	        ->  Bitmap Index Scan on sbtest2_pkey  (cost=0.00..29.83 rows=940 width=0)
	              Index Cond: ((id >= 992780) AND (id <= 993779))

table 3 : explain SELECT count(c) FROM sbtest3 WHERE id BETWEEN 3408354 AND 3409353
	Aggregate  (cost=3884.70..3884.71 rows=1 width=8)
	  ->  Bitmap Heap Scan on sbtest3  (cost=30.71..3882.19 rows=1002 width=121)
	        Recheck Cond: ((id >= 3408354) AND (id <= 3409353))
	        ->  Bitmap Index Scan on sbtest3_pkey  (cost=0.00..30.45 rows=1002 width=0)
	              Index Cond: ((id >= 3408354) AND (id <= 3409353))

table 4 : explain SELECT count(c) FROM sbtest4 WHERE id BETWEEN 313467 AND 314466
	Aggregate  (cost=4032.46..4032.47 rows=1 width=8)
	  ->  Bitmap Heap Scan on sbtest4  (cost=31.11..4029.86 rows=1041 width=121)
	        Recheck Cond: ((id >= 313467) AND (id <= 314466))
	        ->  Bitmap Index Scan on sbtest4_pkey  (cost=0.00..30.84 rows=1041 width=0)
	              Index Cond: ((id >= 313467) AND (id <= 314466))

table 5 : explain SELECT count(c) FROM sbtest5 WHERE id BETWEEN 2289298 AND 2290297
	Aggregate  (cost=3964.26..3964.27 rows=1 width=8)
	  ->  Bitmap Heap Scan on sbtest5  (cost=30.92..3961.71 rows=1023 width=121)
	        Recheck Cond: ((id >= 2289298) AND (id <= 2290297))
	        ->  Bitmap Index Scan on sbtest5_pkey  (cost=0.00..30.66 rows=1023 width=0)
	              Index Cond: ((id >= 2289298) AND (id <= 2290297))

table 6 : explain SELECT count(c) FROM sbtest6 WHERE id BETWEEN 2376163 AND 2377162
	Aggregate  (cost=4039.59..4039.60 rows=1 width=8)
	  ->  Bitmap Heap Scan on sbtest6  (cost=35.12..4036.99 rows=1042 width=121)
	        Recheck Cond: ((id >= 2376163) AND (id <= 2377162))
	        ->  Bitmap Index Scan on sbtest6_pkey  (cost=0.00..34.86 rows=1042 width=0)
	              Index Cond: ((id >= 2376163) AND (id <= 2377162))

table 7 : explain SELECT count(c) FROM sbtest7 WHERE id BETWEEN 5480070 AND 5481069
	Aggregate  (cost=3752.73..3752.74 rows=1 width=8)
	  ->  Bitmap Heap Scan on sbtest7  (cost=30.35..3750.31 rows=967 width=121)
	        Recheck Cond: ((id >= 5480070) AND (id <= 5481069))
	        ->  Bitmap Index Scan on sbtest7_pkey  (cost=0.00..30.11 rows=967 width=0)
	              Index Cond: ((id >= 5480070) AND (id <= 5481069))

table 8 : explain SELECT count(c) FROM sbtest8 WHERE id BETWEEN 3177117 AND 3178116
	Aggregate  (cost=3805.64..3805.65 rows=1 width=8)
	  ->  Bitmap Heap Scan on sbtest8  (cost=30.49..3803.18 rows=981 width=121)
	        Recheck Cond: ((id >= 3177117) AND (id <= 3178116))
	        ->  Bitmap Index Scan on sbtest8_pkey  (cost=0.00..30.25 rows=981 width=0)
	              Index Cond: ((id >= 3177117) AND (id <= 3178116))

for: count_ranges
table 1 : explain SELECT count(c) FROM sbtest1 WHERE id BETWEEN 5791414 AND 5792413
	Aggregate  (cost=3358.65..3358.66 rows=1 width=8)
	  ->  Bitmap Heap Scan on sbtest1  (cost=29.28..3356.49 rows=863 width=121)
	        Recheck Cond: ((id >= 5791414) AND (id <= 5792413))
	        ->  Bitmap Index Scan on sbtest1_pkey  (cost=0.00..29.07 rows=863 width=0)
	              Index Cond: ((id >= 5791414) AND (id <= 5792413))

table 2 : explain SELECT count(c) FROM sbtest2 WHERE id BETWEEN 4172921 AND 4173920
	Aggregate  (cost=3832.07..3832.08 rows=1 width=8)
	  ->  Bitmap Heap Scan on sbtest2  (cost=30.56..3829.60 rows=988 width=121)
	        Recheck Cond: ((id >= 4172921) AND (id <= 4173920))
	        ->  Bitmap Index Scan on sbtest2_pkey  (cost=0.00..30.32 rows=988 width=0)
	              Index Cond: ((id >= 4172921) AND (id <= 4173920))

table 3 : explain SELECT count(c) FROM sbtest3 WHERE id BETWEEN 137516 AND 138515
	Aggregate  (cost=3680.57..3680.58 rows=1 width=8)
	  ->  Bitmap Heap Scan on sbtest3  (cost=30.15..3678.20 rows=948 width=121)
	        Recheck Cond: ((id >= 137516) AND (id <= 138515))
	        ->  Bitmap Index Scan on sbtest3_pkey  (cost=0.00..29.91 rows=948 width=0)
	              Index Cond: ((id >= 137516) AND (id <= 138515))

table 4 : explain SELECT count(c) FROM sbtest4 WHERE id BETWEEN 5594373 AND 5595372
	Aggregate  (cost=3749.16..3749.17 rows=1 width=8)
	  ->  Bitmap Heap Scan on sbtest4  (cost=30.34..3746.75 rows=966 width=121)
	        Recheck Cond: ((id >= 5594373) AND (id <= 5595372))
	        ->  Bitmap Index Scan on sbtest4_pkey  (cost=0.00..30.09 rows=966 width=0)
	              Index Cond: ((id >= 5594373) AND (id <= 5595372))

table 5 : explain SELECT count(c) FROM sbtest5 WHERE id BETWEEN 1143243 AND 1144242
	Aggregate  (cost=3983.13..3983.14 rows=1 width=8)
	  ->  Bitmap Heap Scan on sbtest5  (cost=30.97..3980.56 rows=1028 width=121)
	        Recheck Cond: ((id >= 1143243) AND (id <= 1144242))
	        ->  Bitmap Index Scan on sbtest5_pkey  (cost=0.00..30.71 rows=1028 width=0)
	              Index Cond: ((id >= 1143243) AND (id <= 1144242))

table 6 : explain SELECT count(c) FROM sbtest6 WHERE id BETWEEN 4975461 AND 4976460
	Aggregate  (cost=3699.42..3699.43 rows=1 width=8)
	  ->  Bitmap Heap Scan on sbtest6  (cost=30.20..3697.04 rows=953 width=121)
	        Recheck Cond: ((id >= 4975461) AND (id <= 4976460))
	        ->  Bitmap Index Scan on sbtest6_pkey  (cost=0.00..29.96 rows=953 width=0)
	              Index Cond: ((id >= 4975461) AND (id <= 4976460))

table 7 : explain SELECT count(c) FROM sbtest7 WHERE id BETWEEN 8568578 AND 8569577
	Aggregate  (cost=3643.01..3643.02 rows=1 width=8)
	  ->  Bitmap Heap Scan on sbtest7  (cost=30.05..3640.66 rows=938 width=121)
	        Recheck Cond: ((id >= 8568578) AND (id <= 8569577))
	        ->  Bitmap Index Scan on sbtest7_pkey  (cost=0.00..29.82 rows=938 width=0)
	              Index Cond: ((id >= 8568578) AND (id <= 8569577))

table 8 : explain SELECT count(c) FROM sbtest8 WHERE id BETWEEN 7254889 AND 7255888
	Aggregate  (cost=4311.25..4311.26 rows=1 width=8)
	  ->  Bitmap Heap Scan on sbtest8  (cost=35.85..4308.46 rows=1114 width=121)
	        Recheck Cond: ((id >= 7254889) AND (id <= 7255888))
	        ->  Bitmap Index Scan on sbtest8_pkey  (cost=0.00..35.58 rows=1114 width=0)
	              Index Cond: ((id >= 7254889) AND (id <= 7255888))

for: count_ranges
table 1 : explain SELECT count(c) FROM sbtest1 WHERE id BETWEEN 4492059 AND 4493058
	Aggregate  (cost=3745.05..3745.06 rows=1 width=8)
	  ->  Bitmap Heap Scan on sbtest1  (cost=30.33..3742.64 rows=965 width=121)
	        Recheck Cond: ((id >= 4492059) AND (id <= 4493058))
	        ->  Bitmap Index Scan on sbtest1_pkey  (cost=0.00..30.08 rows=965 width=0)
	              Index Cond: ((id >= 4492059) AND (id <= 4493058))

table 2 : explain SELECT count(c) FROM sbtest2 WHERE id BETWEEN 462985 AND 463984
	Aggregate  (cost=4333.80..4333.81 rows=1 width=8)
	  ->  Bitmap Heap Scan on sbtest2  (cost=35.92..4331.00 rows=1120 width=121)
	        Recheck Cond: ((id >= 462985) AND (id <= 463984))
	        ->  Bitmap Index Scan on sbtest2_pkey  (cost=0.00..35.64 rows=1120 width=0)
	              Index Cond: ((id >= 462985) AND (id <= 463984))

table 3 : explain SELECT count(c) FROM sbtest3 WHERE id BETWEEN 403452 AND 404451
	Aggregate  (cost=3990.40..3990.41 rows=1 width=8)
	  ->  Bitmap Heap Scan on sbtest3  (cost=30.99..3987.82 rows=1030 width=121)
	        Recheck Cond: ((id >= 403452) AND (id <= 404451))
	        ->  Bitmap Index Scan on sbtest3_pkey  (cost=0.00..30.73 rows=1030 width=0)
	              Index Cond: ((id >= 403452) AND (id <= 404451))

table 4 : explain SELECT count(c) FROM sbtest4 WHERE id BETWEEN 2675725 AND 2676724
	Aggregate  (cost=3715.12..3715.13 rows=1 width=8)
	  ->  Bitmap Heap Scan on sbtest4  (cost=30.24..3712.73 rows=957 width=121)
	        Recheck Cond: ((id >= 2675725) AND (id <= 2676724))
	        ->  Bitmap Index Scan on sbtest4_pkey  (cost=0.00..30.00 rows=957 width=0)
	              Index Cond: ((id >= 2675725) AND (id <= 2676724))

table 5 : explain SELECT count(c) FROM sbtest5 WHERE id BETWEEN 2019399 AND 2020398
	Aggregate  (cost=3650.55..3650.56 rows=1 width=8)
	  ->  Bitmap Heap Scan on sbtest5  (cost=30.07..3648.20 rows=940 width=121)
	        Recheck Cond: ((id >= 2019399) AND (id <= 2020398))
	        ->  Bitmap Index Scan on sbtest5_pkey  (cost=0.00..29.83 rows=940 width=0)
	              Index Cond: ((id >= 2019399) AND (id <= 2020398))

table 6 : explain SELECT count(c) FROM sbtest6 WHERE id BETWEEN 6397738 AND 6398737
	Aggregate  (cost=3941.49..3941.50 rows=1 width=8)
	  ->  Bitmap Heap Scan on sbtest6  (cost=34.85..3938.95 rows=1016 width=121)
	        Recheck Cond: ((id >= 6397738) AND (id <= 6398737))
	        ->  Bitmap Index Scan on sbtest6_pkey  (cost=0.00..34.59 rows=1016 width=0)
	              Index Cond: ((id >= 6397738) AND (id <= 6398737))

table 7 : explain SELECT count(c) FROM sbtest7 WHERE id BETWEEN 7528437 AND 7529436
	Aggregate  (cost=4205.85..4205.86 rows=1 width=8)
	  ->  Bitmap Heap Scan on sbtest7  (cost=35.57..4203.13 rows=1086 width=121)
	        Recheck Cond: ((id >= 7528437) AND (id <= 7529436))
	        ->  Bitmap Index Scan on sbtest7_pkey  (cost=0.00..35.30 rows=1086 width=0)
	              Index Cond: ((id >= 7528437) AND (id <= 7529436))

table 8 : explain SELECT count(c) FROM sbtest8 WHERE id BETWEEN 1737325 AND 1738324
	Aggregate  (cost=3801.86..3801.87 rows=1 width=8)
	  ->  Bitmap Heap Scan on sbtest8  (cost=30.48..3799.41 rows=980 width=121)
	        Recheck Cond: ((id >= 1737325) AND (id <= 1738324))
	        ->  Bitmap Index Scan on sbtest8_pkey  (cost=0.00..30.23 rows=980 width=0)
	              Index Cond: ((id >= 1737325) AND (id <= 1738324))

for: count_ranges
table 1 : explain SELECT count(c) FROM sbtest1 WHERE id BETWEEN 6843209 AND 6844208
	Aggregate  (cost=3775.30..3775.31 rows=1 width=8)
	  ->  Bitmap Heap Scan on sbtest1  (cost=30.41..3772.87 rows=973 width=121)
	        Recheck Cond: ((id >= 6843209) AND (id <= 6844208))
	        ->  Bitmap Index Scan on sbtest1_pkey  (cost=0.00..30.16 rows=973 width=0)
	              Index Cond: ((id >= 6843209) AND (id <= 6844208))

table 2 : explain SELECT count(c) FROM sbtest2 WHERE id BETWEEN 7416855 AND 7417854
	Aggregate  (cost=4021.08..4021.09 rows=1 width=8)
	  ->  Bitmap Heap Scan on sbtest2  (cost=35.06..4018.49 rows=1037 width=121)
	        Recheck Cond: ((id >= 7416855) AND (id <= 7417854))
	        ->  Bitmap Index Scan on sbtest2_pkey  (cost=0.00..34.81 rows=1037 width=0)
	              Index Cond: ((id >= 7416855) AND (id <= 7417854))

table 3 : explain SELECT count(c) FROM sbtest3 WHERE id BETWEEN 646883 AND 647882
	Aggregate  (cost=3680.57..3680.58 rows=1 width=8)
	  ->  Bitmap Heap Scan on sbtest3  (cost=30.15..3678.20 rows=948 width=121)
	        Recheck Cond: ((id >= 646883) AND (id <= 647882))
	        ->  Bitmap Index Scan on sbtest3_pkey  (cost=0.00..29.91 rows=948 width=0)
	              Index Cond: ((id >= 646883) AND (id <= 647882))

table 4 : explain SELECT count(c) FROM sbtest4 WHERE id BETWEEN 6818640 AND 6819639
	Aggregate  (cost=4085.50..4085.51 rows=1 width=8)
	  ->  Bitmap Heap Scan on sbtest4  (cost=35.24..4082.86 rows=1054 width=121)
	        Recheck Cond: ((id >= 6818640) AND (id <= 6819639))
	        ->  Bitmap Index Scan on sbtest4_pkey  (cost=0.00..34.98 rows=1054 width=0)
	              Index Cond: ((id >= 6818640) AND (id <= 6819639))

table 5 : explain SELECT count(c) FROM sbtest5 WHERE id BETWEEN 4575717 AND 4576716
	Aggregate  (cost=4137.99..4138.00 rows=1 width=8)
	  ->  Bitmap Heap Scan on sbtest5  (cost=35.38..4135.32 rows=1068 width=121)
	        Recheck Cond: ((id >= 4575717) AND (id <= 4576716))
	        ->  Bitmap Index Scan on sbtest5_pkey  (cost=0.00..35.12 rows=1068 width=0)
	              Index Cond: ((id >= 4575717) AND (id <= 4576716))

table 6 : explain SELECT count(c) FROM sbtest6 WHERE id BETWEEN 82849 AND 83848
	Aggregate  (cost=3646.45..3646.46 rows=1 width=8)
	  ->  Bitmap Heap Scan on sbtest6  (cost=30.06..3644.11 rows=939 width=121)
	        Recheck Cond: ((id >= 82849) AND (id <= 83848))
	        ->  Bitmap Index Scan on sbtest6_pkey  (cost=0.00..29.82 rows=939 width=0)
	              Index Cond: ((id >= 82849) AND (id <= 83848))

table 7 : explain SELECT count(c) FROM sbtest7 WHERE id BETWEEN 1634663 AND 1635662
	Aggregate  (cost=4160.64..4160.65 rows=1 width=8)
	  ->  Bitmap Heap Scan on sbtest7  (cost=35.44..4157.95 rows=1074 width=121)
	        Recheck Cond: ((id >= 1634663) AND (id <= 1635662))
	        ->  Bitmap Index Scan on sbtest7_pkey  (cost=0.00..35.18 rows=1074 width=0)
	              Index Cond: ((id >= 1634663) AND (id <= 1635662))

table 8 : explain SELECT count(c) FROM sbtest8 WHERE id BETWEEN 2089719 AND 2090718
	Aggregate  (cost=4036.20..4036.21 rows=1 width=8)
	  ->  Bitmap Heap Scan on sbtest8  (cost=35.11..4033.59 rows=1041 width=121)
	        Recheck Cond: ((id >= 2089719) AND (id <= 2090718))
	        ->  Bitmap Index Scan on sbtest8_pkey  (cost=0.00..34.84 rows=1041 width=0)
	              Index Cond: ((id >= 2089719) AND (id <= 2090718))

for: count_ranges
table 1 : explain SELECT count(c) FROM sbtest1 WHERE id BETWEEN 7199037 AND 7200036
	Aggregate  (cost=3986.82..3986.83 rows=1 width=8)
	  ->  Bitmap Heap Scan on sbtest1  (cost=30.98..3984.25 rows=1029 width=121)
	        Recheck Cond: ((id >= 7199037) AND (id <= 7200036))
	        ->  Bitmap Index Scan on sbtest1_pkey  (cost=0.00..30.72 rows=1029 width=0)
	              Index Cond: ((id >= 7199037) AND (id <= 7200036))

table 2 : explain SELECT count(c) FROM sbtest2 WHERE id BETWEEN 1987154 AND 1988153
	Aggregate  (cost=3888.73..3888.74 rows=1 width=8)
	  ->  Bitmap Heap Scan on sbtest2  (cost=30.72..3886.23 rows=1003 width=121)
	        Recheck Cond: ((id >= 1987154) AND (id <= 1988153))
	        ->  Bitmap Index Scan on sbtest2_pkey  (cost=0.00..30.46 rows=1003 width=0)
	              Index Cond: ((id >= 1987154) AND (id <= 1988153))

table 3 : explain SELECT count(c) FROM sbtest3 WHERE id BETWEEN 8222723 AND 8223722
	Aggregate  (cost=3483.65..3483.66 rows=1 width=8)
	  ->  Bitmap Heap Scan on sbtest3  (cost=29.62..3481.41 rows=896 width=121)
	        Recheck Cond: ((id >= 8222723) AND (id <= 8223722))
	        ->  Bitmap Index Scan on sbtest3_pkey  (cost=0.00..29.39 rows=896 width=0)
	              Index Cond: ((id >= 8222723) AND (id <= 8223722))

table 4 : explain SELECT count(c) FROM sbtest4 WHERE id BETWEEN 6774353 AND 6775352
	Aggregate  (cost=3722.69..3722.70 rows=1 width=8)
	  ->  Bitmap Heap Scan on sbtest4  (cost=30.26..3720.29 rows=959 width=121)
	        Recheck Cond: ((id >= 6774353) AND (id <= 6775352))
	        ->  Bitmap Index Scan on sbtest4_pkey  (cost=0.00..30.02 rows=959 width=0)
	              Index Cond: ((id >= 6774353) AND (id <= 6775352))

table 5 : explain SELECT count(c) FROM sbtest5 WHERE id BETWEEN 3255476 AND 3256475
	Aggregate  (cost=3994.46..3994.47 rows=1 width=8)
	  ->  Bitmap Heap Scan on sbtest5  (cost=31.00..3991.88 rows=1031 width=121)
	        Recheck Cond: ((id >= 3255476) AND (id <= 3256475))
	        ->  Bitmap Index Scan on sbtest5_pkey  (cost=0.00..30.75 rows=1031 width=0)
	              Index Cond: ((id >= 3255476) AND (id <= 3256475))

table 6 : explain SELECT count(c) FROM sbtest6 WHERE id BETWEEN 9160805 AND 9161804
	Aggregate  (cost=4179.06..4179.07 rows=1 width=8)
	  ->  Bitmap Heap Scan on sbtest6  (cost=35.49..4176.36 rows=1079 width=121)
	        Recheck Cond: ((id >= 9160805) AND (id <= 9161804))
	        ->  Bitmap Index Scan on sbtest6_pkey  (cost=0.00..35.23 rows=1079 width=0)
	              Index Cond: ((id >= 9160805) AND (id <= 9161804))

table 7 : explain SELECT count(c) FROM sbtest7 WHERE id BETWEEN 1736946 AND 1737945
	Aggregate  (cost=4578.21..4578.22 rows=1 width=8)
	  ->  Bitmap Heap Scan on sbtest7  (cost=36.59..4575.25 rows=1186 width=121)
	        Recheck Cond: ((id >= 1736946) AND (id <= 1737945))
	        ->  Bitmap Index Scan on sbtest7_pkey  (cost=0.00..36.30 rows=1186 width=0)
	              Index Cond: ((id >= 1736946) AND (id <= 1737945))

table 8 : explain SELECT count(c) FROM sbtest8 WHERE id BETWEEN 847948 AND 848947
	Aggregate  (cost=4002.24..4002.25 rows=1 width=8)
	  ->  Bitmap Heap Scan on sbtest8  (cost=35.01..3999.66 rows=1032 width=121)
	        Recheck Cond: ((id >= 847948) AND (id <= 848947))
	        ->  Bitmap Index Scan on sbtest8_pkey  (cost=0.00..34.76 rows=1032 width=0)
	              Index Cond: ((id >= 847948) AND (id <= 848947))

for: count_ranges
table 1 : explain SELECT count(c) FROM sbtest1 WHERE id BETWEEN 6736314 AND 6737313
	Aggregate  (cost=4013.23..4013.24 rows=1 width=8)
	  ->  Bitmap Heap Scan on sbtest1  (cost=31.05..4010.64 rows=1036 width=121)
	        Recheck Cond: ((id >= 6736314) AND (id <= 6737313))
	        ->  Bitmap Index Scan on sbtest1_pkey  (cost=0.00..30.79 rows=1036 width=0)
	              Index Cond: ((id >= 6736314) AND (id <= 6737313))

table 2 : explain SELECT count(c) FROM sbtest2 WHERE id BETWEEN 6938371 AND 6939370
	Aggregate  (cost=3616.47..3616.48 rows=1 width=8)
	  ->  Bitmap Heap Scan on sbtest2  (cost=29.98..3614.14 rows=931 width=121)
	        Recheck Cond: ((id >= 6938371) AND (id <= 6939370))
	        ->  Bitmap Index Scan on sbtest2_pkey  (cost=0.00..29.75 rows=931 width=0)
	              Index Cond: ((id >= 6938371) AND (id <= 6939370))

table 3 : explain SELECT count(c) FROM sbtest3 WHERE id BETWEEN 5992172 AND 5993171
	Aggregate  (cost=3654.08..3654.09 rows=1 width=8)
	  ->  Bitmap Heap Scan on sbtest3  (cost=30.08..3651.73 rows=941 width=121)
	        Recheck Cond: ((id >= 5992172) AND (id <= 5993171))
	        ->  Bitmap Index Scan on sbtest3_pkey  (cost=0.00..29.84 rows=941 width=0)
	              Index Cond: ((id >= 5992172) AND (id <= 5993171))

table 4 : explain SELECT count(c) FROM sbtest4 WHERE id BETWEEN 1757312 AND 1758311
	Aggregate  (cost=4085.50..4085.51 rows=1 width=8)
	  ->  Bitmap Heap Scan on sbtest4  (cost=35.24..4082.86 rows=1054 width=121)
	        Recheck Cond: ((id >= 1757312) AND (id <= 1758311))
	        ->  Bitmap Index Scan on sbtest4_pkey  (cost=0.00..34.98 rows=1054 width=0)
	              Index Cond: ((id >= 1757312) AND (id <= 1758311))

table 5 : explain SELECT count(c) FROM sbtest5 WHERE id BETWEEN 1843604 AND 1844603
	Aggregate  (cost=3730.01..3730.02 rows=1 width=8)
	  ->  Bitmap Heap Scan on sbtest5  (cost=30.29..3727.60 rows=961 width=121)
	        Recheck Cond: ((id >= 1843604) AND (id <= 1844603))
	        ->  Bitmap Index Scan on sbtest5_pkey  (cost=0.00..30.04 rows=961 width=0)
	              Index Cond: ((id >= 1843604) AND (id <= 1844603))

table 6 : explain SELECT count(c) FROM sbtest6 WHERE id BETWEEN 2799651 AND 2800650
	Aggregate  (cost=3967.91..3967.92 rows=1 width=8)
	  ->  Bitmap Heap Scan on sbtest6  (cost=34.92..3965.35 rows=1023 width=121)
	        Recheck Cond: ((id >= 2799651) AND (id <= 2800650))
	        ->  Bitmap Index Scan on sbtest6_pkey  (cost=0.00..34.67 rows=1023 width=0)
	              Index Cond: ((id >= 2799651) AND (id <= 2800650))

table 7 : explain SELECT count(c) FROM sbtest7 WHERE id BETWEEN 9975905 AND 9976904
	Aggregate  (cost=4251.04..4251.05 rows=1 width=8)
	  ->  Bitmap Heap Scan on sbtest7  (cost=35.69..4248.30 rows=1098 width=121)
	        Recheck Cond: ((id >= 9975905) AND (id <= 9976904))
	        ->  Bitmap Index Scan on sbtest7_pkey  (cost=0.00..35.42 rows=1098 width=0)
	              Index Cond: ((id >= 9975905) AND (id <= 9976904))

table 8 : explain SELECT count(c) FROM sbtest8 WHERE id BETWEEN 4862757 AND 4863756
	Aggregate  (cost=3624.06..3624.07 rows=1 width=8)
	  ->  Bitmap Heap Scan on sbtest8  (cost=30.00..3621.73 rows=933 width=121)
	        Recheck Cond: ((id >= 4862757) AND (id <= 4863756))
	        ->  Bitmap Index Scan on sbtest8_pkey  (cost=0.00..29.76 rows=933 width=0)
	              Index Cond: ((id >= 4862757) AND (id <= 4863756))

for: count_ranges
table 1 : explain SELECT count(c) FROM sbtest1 WHERE id BETWEEN 3846607 AND 3847606
	Aggregate  (cost=3896.22..3896.23 rows=1 width=8)
	  ->  Bitmap Heap Scan on sbtest1  (cost=30.74..3893.70 rows=1005 width=121)
	        Recheck Cond: ((id >= 3846607) AND (id <= 3847606))
	        ->  Bitmap Index Scan on sbtest1_pkey  (cost=0.00..30.48 rows=1005 width=0)
	              Index Cond: ((id >= 3846607) AND (id <= 3847606))

table 2 : explain SELECT count(c) FROM sbtest2 WHERE id BETWEEN 4560524 AND 4561523
	Aggregate  (cost=3548.29..3548.30 rows=1 width=8)
	  ->  Bitmap Heap Scan on sbtest2  (cost=29.79..3546.01 rows=913 width=121)
	        Recheck Cond: ((id >= 4560524) AND (id <= 4561523))
	        ->  Bitmap Index Scan on sbtest2_pkey  (cost=0.00..29.57 rows=913 width=0)
	              Index Cond: ((id >= 4560524) AND (id <= 4561523))

table 3 : explain SELECT count(c) FROM sbtest3 WHERE id BETWEEN 4341659 AND 4342658
	Aggregate  (cost=3918.68..3918.69 rows=1 width=8)
	  ->  Bitmap Heap Scan on sbtest3  (cost=30.80..3916.16 rows=1011 width=121)
	        Recheck Cond: ((id >= 4341659) AND (id <= 4342658))
	        ->  Bitmap Index Scan on sbtest3_pkey  (cost=0.00..30.54 rows=1011 width=0)
	              Index Cond: ((id >= 4341659) AND (id <= 4342658))

table 4 : explain SELECT count(c) FROM sbtest4 WHERE id BETWEEN 4798378 AND 4799377
	Aggregate  (cost=3688.63..3688.64 rows=1 width=8)
	  ->  Bitmap Heap Scan on sbtest4  (cost=30.17..3686.26 rows=950 width=121)
	        Recheck Cond: ((id >= 4798378) AND (id <= 4799377))
	        ->  Bitmap Index Scan on sbtest4_pkey  (cost=0.00..29.93 rows=950 width=0)
	              Index Cond: ((id >= 4798378) AND (id <= 4799377))

table 5 : explain SELECT count(c) FROM sbtest5 WHERE id BETWEEN 8587741 AND 8588740
	Aggregate  (cost=3952.94..3952.95 rows=1 width=8)
	  ->  Bitmap Heap Scan on sbtest5  (cost=30.89..3950.39 rows=1020 width=121)
	        Recheck Cond: ((id >= 8587741) AND (id <= 8588740))
	        ->  Bitmap Index Scan on sbtest5_pkey  (cost=0.00..30.64 rows=1020 width=0)
	              Index Cond: ((id >= 8587741) AND (id <= 8588740))

table 6 : explain SELECT count(c) FROM sbtest6 WHERE id BETWEEN 7635200 AND 7636199
	Aggregate  (cost=4246.85..4246.86 rows=1 width=8)
	  ->  Bitmap Heap Scan on sbtest6  (cost=35.68..4244.10 rows=1097 width=121)
	        Recheck Cond: ((id >= 7635200) AND (id <= 7636199))
	        ->  Bitmap Index Scan on sbtest6_pkey  (cost=0.00..35.41 rows=1097 width=0)
	              Index Cond: ((id >= 7635200) AND (id <= 7636199))

table 7 : explain SELECT count(c) FROM sbtest7 WHERE id BETWEEN 7976737 AND 7977736
	Aggregate  (cost=3726.25..3726.26 rows=1 width=8)
	  ->  Bitmap Heap Scan on sbtest7  (cost=30.27..3723.85 rows=960 width=121)
	        Recheck Cond: ((id >= 7976737) AND (id <= 7977736))
	        ->  Bitmap Index Scan on sbtest7_pkey  (cost=0.00..30.04 rows=960 width=0)
	              Index Cond: ((id >= 7976737) AND (id <= 7977736))

table 8 : explain SELECT count(c) FROM sbtest8 WHERE id BETWEEN 7475876 AND 7476875
	Aggregate  (cost=4013.56..4013.57 rows=1 width=8)
	  ->  Bitmap Heap Scan on sbtest8  (cost=35.04..4010.97 rows=1035 width=121)
	        Recheck Cond: ((id >= 7475876) AND (id <= 7476875))
	        ->  Bitmap Index Scan on sbtest8_pkey  (cost=0.00..34.79 rows=1035 width=0)
	              Index Cond: ((id >= 7475876) AND (id <= 7476875))

for: count_ranges
table 1 : explain SELECT count(c) FROM sbtest1 WHERE id BETWEEN 3699632 AND 3700631
	Aggregate  (cost=3703.45..3703.46 rows=1 width=8)
	  ->  Bitmap Heap Scan on sbtest1  (cost=30.21..3701.06 rows=954 width=121)
	        Recheck Cond: ((id >= 3699632) AND (id <= 3700631))
	        ->  Bitmap Index Scan on sbtest1_pkey  (cost=0.00..29.97 rows=954 width=0)
	              Index Cond: ((id >= 3699632) AND (id <= 3700631))

table 2 : explain SELECT count(c) FROM sbtest2 WHERE id BETWEEN 3149301 AND 3150300
	Aggregate  (cost=3949.15..3949.16 rows=1 width=8)
	  ->  Bitmap Heap Scan on sbtest2  (cost=30.88..3946.60 rows=1019 width=121)
	        Recheck Cond: ((id >= 3149301) AND (id <= 3150300))
	        ->  Bitmap Index Scan on sbtest2_pkey  (cost=0.00..30.62 rows=1019 width=0)
	              Index Cond: ((id >= 3149301) AND (id <= 3150300))

table 3 : explain SELECT count(c) FROM sbtest3 WHERE id BETWEEN 45094 AND 46093
	Aggregate  (cost=4205.50..4205.51 rows=1 width=8)
	  ->  Bitmap Heap Scan on sbtest3  (cost=35.57..4202.79 rows=1086 width=121)
	        Recheck Cond: ((id >= 45094) AND (id <= 46093))
	        ->  Bitmap Index Scan on sbtest3_pkey  (cost=0.00..35.30 rows=1086 width=0)
	              Index Cond: ((id >= 45094) AND (id <= 46093))

table 4 : explain SELECT count(c) FROM sbtest4 WHERE id BETWEEN 6109970 AND 6110969
	Aggregate  (cost=4273.90..4273.91 rows=1 width=8)
	  ->  Bitmap Heap Scan on sbtest4  (cost=35.75..4271.14 rows=1104 width=121)
	        Recheck Cond: ((id >= 6109970) AND (id <= 6110969))
	        ->  Bitmap Index Scan on sbtest4_pkey  (cost=0.00..35.48 rows=1104 width=0)
	              Index Cond: ((id >= 6109970) AND (id <= 6110969))

table 5 : explain SELECT count(c) FROM sbtest5 WHERE id BETWEEN 1352670 AND 1353669
	Aggregate  (cost=3968.04..3968.05 rows=1 width=8)
	  ->  Bitmap Heap Scan on sbtest5  (cost=30.93..3965.48 rows=1024 width=121)
	        Recheck Cond: ((id >= 1352670) AND (id <= 1353669))
	        ->  Bitmap Index Scan on sbtest5_pkey  (cost=0.00..30.68 rows=1024 width=0)
	              Index Cond: ((id >= 1352670) AND (id <= 1353669))

table 6 : explain SELECT count(c) FROM sbtest6 WHERE id BETWEEN 6159043 AND 6160042
	Aggregate  (cost=3790.18..3790.19 rows=1 width=8)
	  ->  Bitmap Heap Scan on sbtest6  (cost=30.45..3787.73 rows=977 width=121)
	        Recheck Cond: ((id >= 6159043) AND (id <= 6160042))
	        ->  Bitmap Index Scan on sbtest6_pkey  (cost=0.00..30.20 rows=977 width=0)
	              Index Cond: ((id >= 6159043) AND (id <= 6160042))

table 7 : explain SELECT count(c) FROM sbtest7 WHERE id BETWEEN 408601 AND 409600
	Aggregate  (cost=3896.33..3896.34 rows=1 width=8)
	  ->  Bitmap Heap Scan on sbtest7  (cost=30.74..3893.82 rows=1005 width=121)
	        Recheck Cond: ((id >= 408601) AND (id <= 409600))
	        ->  Bitmap Index Scan on sbtest7_pkey  (cost=0.00..30.48 rows=1005 width=0)
	              Index Cond: ((id >= 408601) AND (id <= 409600))

table 8 : explain SELECT count(c) FROM sbtest8 WHERE id BETWEEN 9079650 AND 9080649
	Aggregate  (cost=4032.42..4032.43 rows=1 width=8)
	  ->  Bitmap Heap Scan on sbtest8  (cost=35.09..4029.82 rows=1040 width=121)
	        Recheck Cond: ((id >= 9079650) AND (id <= 9080649))
	        ->  Bitmap Index Scan on sbtest8_pkey  (cost=0.00..34.84 rows=1040 width=0)
	              Index Cond: ((id >= 9079650) AND (id <= 9080649))

for: count_ranges
table 1 : explain SELECT count(c) FROM sbtest1 WHERE id BETWEEN 6196752 AND 6197751
	Aggregate  (cost=4201.95..4201.96 rows=1 width=8)
	  ->  Bitmap Heap Scan on sbtest1  (cost=35.56..4199.24 rows=1085 width=121)
	        Recheck Cond: ((id >= 6196752) AND (id <= 6197751))
	        ->  Bitmap Index Scan on sbtest1_pkey  (cost=0.00..35.29 rows=1085 width=0)
	              Index Cond: ((id >= 6196752) AND (id <= 6197751))

table 2 : explain SELECT count(c) FROM sbtest2 WHERE id BETWEEN 9643000 AND 9643999
	Aggregate  (cost=3915.17..3915.18 rows=1 width=8)
	  ->  Bitmap Heap Scan on sbtest2  (cost=30.79..3912.64 rows=1010 width=121)
	        Recheck Cond: ((id >= 9643000) AND (id <= 9643999))
	        ->  Bitmap Index Scan on sbtest2_pkey  (cost=0.00..30.54 rows=1010 width=0)
	              Index Cond: ((id >= 9643000) AND (id <= 9643999))

table 3 : explain SELECT count(c) FROM sbtest3 WHERE id BETWEEN 5246679 AND 5247678
	Aggregate  (cost=3354.70..3354.71 rows=1 width=8)
	  ->  Bitmap Heap Scan on sbtest3  (cost=29.27..3352.55 rows=862 width=121)
	        Recheck Cond: ((id >= 5246679) AND (id <= 5247678))
	        ->  Bitmap Index Scan on sbtest3_pkey  (cost=0.00..29.05 rows=862 width=0)
	              Index Cond: ((id >= 5246679) AND (id <= 5247678))

table 4 : explain SELECT count(c) FROM sbtest4 WHERE id BETWEEN 1244560 AND 1245559
	Aggregate  (cost=3964.53..3964.54 rows=1 width=8)
	  ->  Bitmap Heap Scan on sbtest4  (cost=30.92..3961.98 rows=1023 width=121)
	        Recheck Cond: ((id >= 1244560) AND (id <= 1245559))
	        ->  Bitmap Index Scan on sbtest4_pkey  (cost=0.00..30.66 rows=1023 width=0)
	              Index Cond: ((id >= 1244560) AND (id <= 1245559))

table 5 : explain SELECT count(c) FROM sbtest5 WHERE id BETWEEN 740523 AND 741522
	Aggregate  (cost=4243.47..4243.48 rows=1 width=8)
	  ->  Bitmap Heap Scan on sbtest5  (cost=35.67..4240.73 rows=1096 width=121)
	        Recheck Cond: ((id >= 740523) AND (id <= 741522))
	        ->  Bitmap Index Scan on sbtest5_pkey  (cost=0.00..35.40 rows=1096 width=0)
	              Index Cond: ((id >= 740523) AND (id <= 741522))

table 6 : explain SELECT count(c) FROM sbtest6 WHERE id BETWEEN 3082142 AND 3083141
	Aggregate  (cost=3998.10..3998.11 rows=1 width=8)
	  ->  Bitmap Heap Scan on sbtest6  (cost=35.00..3995.52 rows=1031 width=121)
	        Recheck Cond: ((id >= 3082142) AND (id <= 3083141))
	        ->  Bitmap Index Scan on sbtest6_pkey  (cost=0.00..34.75 rows=1031 width=0)
	              Index Cond: ((id >= 3082142) AND (id <= 3083141))

table 7 : explain SELECT count(c) FROM sbtest7 WHERE id BETWEEN 3907559 AND 3908558
	Aggregate  (cost=3680.85..3680.86 rows=1 width=8)
	  ->  Bitmap Heap Scan on sbtest7  (cost=30.15..3678.48 rows=948 width=121)
	        Recheck Cond: ((id >= 3907559) AND (id <= 3908558))
	        ->  Bitmap Index Scan on sbtest7_pkey  (cost=0.00..29.91 rows=948 width=0)
	              Index Cond: ((id >= 3907559) AND (id <= 3908558))

table 8 : explain SELECT count(c) FROM sbtest8 WHERE id BETWEEN 9211659 AND 9212658
	Aggregate  (cost=3639.20..3639.21 rows=1 width=8)
	  ->  Bitmap Heap Scan on sbtest8  (cost=30.04..3636.86 rows=937 width=121)
	        Recheck Cond: ((id >= 9211659) AND (id <= 9212658))
	        ->  Bitmap Index Scan on sbtest8_pkey  (cost=0.00..29.80 rows=937 width=0)
	              Index Cond: ((id >= 9211659) AND (id <= 9212658))

for: count_ranges
table 1 : explain SELECT count(c) FROM sbtest1 WHERE id BETWEEN 9949195 AND 9950194
	Aggregate  (cost=3994.37..3994.38 rows=1 width=8)
	  ->  Bitmap Heap Scan on sbtest1  (cost=31.00..3991.79 rows=1031 width=121)
	        Recheck Cond: ((id >= 9949195) AND (id <= 9950194))
	        ->  Bitmap Index Scan on sbtest1_pkey  (cost=0.00..30.75 rows=1031 width=0)
	              Index Cond: ((id >= 9949195) AND (id <= 9950194))

table 2 : explain SELECT count(c) FROM sbtest2 WHERE id BETWEEN 4914586 AND 4915585
	Aggregate  (cost=3559.66..3559.67 rows=1 width=8)
	  ->  Bitmap Heap Scan on sbtest2  (cost=29.82..3557.37 rows=916 width=121)
	        Recheck Cond: ((id >= 4914586) AND (id <= 4915585))
	        ->  Bitmap Index Scan on sbtest2_pkey  (cost=0.00..29.59 rows=916 width=0)
	              Index Cond: ((id >= 4914586) AND (id <= 4915585))

table 3 : explain SELECT count(c) FROM sbtest3 WHERE id BETWEEN 7625251 AND 7626250
	Aggregate  (cost=4145.23..4145.24 rows=1 width=8)
	  ->  Bitmap Heap Scan on sbtest3  (cost=35.40..4142.55 rows=1070 width=121)
	        Recheck Cond: ((id >= 7625251) AND (id <= 7626250))
	        ->  Bitmap Index Scan on sbtest3_pkey  (cost=0.00..35.14 rows=1070 width=0)
	              Index Cond: ((id >= 7625251) AND (id <= 7626250))

table 4 : explain SELECT count(c) FROM sbtest4 WHERE id BETWEEN 2484418 AND 2485417
	Aggregate  (cost=4251.31..4251.32 rows=1 width=8)
	  ->  Bitmap Heap Scan on sbtest4  (cost=35.69..4248.56 rows=1098 width=121)
	        Recheck Cond: ((id >= 2484418) AND (id <= 2485417))
	        ->  Bitmap Index Scan on sbtest4_pkey  (cost=0.00..35.42 rows=1098 width=0)
	              Index Cond: ((id >= 2484418) AND (id <= 2485417))

table 5 : explain SELECT count(c) FROM sbtest5 WHERE id BETWEEN 107347 AND 108346
	Aggregate  (cost=4303.71..4303.72 rows=1 width=8)
	  ->  Bitmap Heap Scan on sbtest5  (cost=35.83..4300.93 rows=1112 width=121)
	        Recheck Cond: ((id >= 107347) AND (id <= 108346))
	        ->  Bitmap Index Scan on sbtest5_pkey  (cost=0.00..35.56 rows=1112 width=0)
	              Index Cond: ((id >= 107347) AND (id <= 108346))

table 6 : explain SELECT count(c) FROM sbtest6 WHERE id BETWEEN 6722799 AND 6723798
	Aggregate  (cost=3487.38..3487.39 rows=1 width=8)
	  ->  Bitmap Heap Scan on sbtest6  (cost=29.63..3485.14 rows=897 width=121)
	        Recheck Cond: ((id >= 6722799) AND (id <= 6723798))
	        ->  Bitmap Index Scan on sbtest6_pkey  (cost=0.00..29.40 rows=897 width=0)
	              Index Cond: ((id >= 6722799) AND (id <= 6723798))

table 7 : explain SELECT count(c) FROM sbtest7 WHERE id BETWEEN 6600366 AND 6601365
	Aggregate  (cost=4213.38..4213.39 rows=1 width=8)
	  ->  Bitmap Heap Scan on sbtest7  (cost=35.59..4210.66 rows=1088 width=121)
	        Recheck Cond: ((id >= 6600366) AND (id <= 6601365))
	        ->  Bitmap Index Scan on sbtest7_pkey  (cost=0.00..35.32 rows=1088 width=0)
	              Index Cond: ((id >= 6600366) AND (id <= 6601365))

table 8 : explain SELECT count(c) FROM sbtest8 WHERE id BETWEEN 8443962 AND 8444961
	Aggregate  (cost=3987.15..3987.16 rows=1 width=8)
	  ->  Bitmap Heap Scan on sbtest8  (cost=34.97..3984.58 rows=1028 width=121)
	        Recheck Cond: ((id >= 8443962) AND (id <= 8444961))
	        ->  Bitmap Index Scan on sbtest8_pkey  (cost=0.00..34.72 rows=1028 width=0)
	              Index Cond: ((id >= 8443962) AND (id <= 8444961))

for: count_ranges
table 1 : explain SELECT count(c) FROM sbtest1 WHERE id BETWEEN 354731 AND 355730
	Aggregate  (cost=4168.04..4168.05 rows=1 width=8)
	  ->  Bitmap Heap Scan on sbtest1  (cost=35.46..4165.35 rows=1076 width=121)
	        Recheck Cond: ((id >= 354731) AND (id <= 355730))
	        ->  Bitmap Index Scan on sbtest1_pkey  (cost=0.00..35.20 rows=1076 width=0)
	              Index Cond: ((id >= 354731) AND (id <= 355730))

table 2 : explain SELECT count(c) FROM sbtest2 WHERE id BETWEEN 2368848 AND 2369847
	Aggregate  (cost=4100.28..4100.29 rows=1 width=8)
	  ->  Bitmap Heap Scan on sbtest2  (cost=35.28..4097.63 rows=1058 width=121)
	        Recheck Cond: ((id >= 2368848) AND (id <= 2369847))
	        ->  Bitmap Index Scan on sbtest2_pkey  (cost=0.00..35.02 rows=1058 width=0)
	              Index Cond: ((id >= 2368848) AND (id <= 2369847))

table 3 : explain SELECT count(c) FROM sbtest3 WHERE id BETWEEN 1901009 AND 1902008
	Aggregate  (cost=3782.68..3782.69 rows=1 width=8)
	  ->  Bitmap Heap Scan on sbtest3  (cost=30.43..3780.24 rows=975 width=121)
	        Recheck Cond: ((id >= 1901009) AND (id <= 1902008))
	        ->  Bitmap Index Scan on sbtest3_pkey  (cost=0.00..30.18 rows=975 width=0)
	              Index Cond: ((id >= 1901009) AND (id <= 1902008))

table 4 : explain SELECT count(c) FROM sbtest4 WHERE id BETWEEN 4043234 AND 4044233
	Aggregate  (cost=4217.41..4217.42 rows=1 width=8)
	  ->  Bitmap Heap Scan on sbtest4  (cost=35.60..4214.69 rows=1089 width=121)
	        Recheck Cond: ((id >= 4043234) AND (id <= 4044233))
	        ->  Bitmap Index Scan on sbtest4_pkey  (cost=0.00..35.33 rows=1089 width=0)
	              Index Cond: ((id >= 4043234) AND (id <= 4044233))

table 5 : explain SELECT count(c) FROM sbtest5 WHERE id BETWEEN 9164313 AND 9165312
	Aggregate  (cost=3752.70..3752.71 rows=1 width=8)
	  ->  Bitmap Heap Scan on sbtest5  (cost=30.35..3750.28 rows=967 width=121)
	        Recheck Cond: ((id >= 9164313) AND (id <= 9165312))
	        ->  Bitmap Index Scan on sbtest5_pkey  (cost=0.00..30.11 rows=967 width=0)
	              Index Cond: ((id >= 9164313) AND (id <= 9165312))

table 6 : explain SELECT count(c) FROM sbtest6 WHERE id BETWEEN 9939386 AND 9940385
	Aggregate  (cost=3782.62..3782.63 rows=1 width=8)
	  ->  Bitmap Heap Scan on sbtest6  (cost=30.43..3780.18 rows=975 width=121)
	        Recheck Cond: ((id >= 9939386) AND (id <= 9940385))
	        ->  Bitmap Index Scan on sbtest6_pkey  (cost=0.00..30.18 rows=975 width=0)
	              Index Cond: ((id >= 9939386) AND (id <= 9940385))

table 7 : explain SELECT count(c) FROM sbtest7 WHERE id BETWEEN 6255063 AND 6256062
	Aggregate  (cost=3650.58..3650.59 rows=1 width=8)
	  ->  Bitmap Heap Scan on sbtest7  (cost=30.07..3648.23 rows=940 width=121)
	        Recheck Cond: ((id >= 6255063) AND (id <= 6256062))
	        ->  Bitmap Index Scan on sbtest7_pkey  (cost=0.00..29.83 rows=940 width=0)
	              Index Cond: ((id >= 6255063) AND (id <= 6256062))

table 8 : explain SELECT count(c) FROM sbtest8 WHERE id BETWEEN 6517201 AND 6518200
	Aggregate  (cost=4017.33..4017.34 rows=1 width=8)
	  ->  Bitmap Heap Scan on sbtest8  (cost=35.05..4014.74 rows=1036 width=121)
	        Recheck Cond: ((id >= 6517201) AND (id <= 6518200))
	        ->  Bitmap Index Scan on sbtest8_pkey  (cost=0.00..34.80 rows=1036 width=0)
	              Index Cond: ((id >= 6517201) AND (id <= 6518200))

for: count_ranges
table 1 : explain SELECT count(c) FROM sbtest1 WHERE id BETWEEN 3539112 AND 3540111
	Aggregate  (cost=4062.27..4062.28 rows=1 width=8)
	  ->  Bitmap Heap Scan on sbtest1  (cost=31.19..4059.64 rows=1049 width=121)
	        Recheck Cond: ((id >= 3539112) AND (id <= 3540111))
	        ->  Bitmap Index Scan on sbtest1_pkey  (cost=0.00..30.93 rows=1049 width=0)
	              Index Cond: ((id >= 3539112) AND (id <= 3540111))

table 2 : explain SELECT count(c) FROM sbtest2 WHERE id BETWEEN 714523 AND 715522
	Aggregate  (cost=4036.17..4036.18 rows=1 width=8)
	  ->  Bitmap Heap Scan on sbtest2  (cost=35.11..4033.57 rows=1041 width=121)
	        Recheck Cond: ((id >= 714523) AND (id <= 715522))
	        ->  Bitmap Index Scan on sbtest2_pkey  (cost=0.00..34.84 rows=1041 width=0)
	              Index Cond: ((id >= 714523) AND (id <= 715522))

table 3 : explain SELECT count(c) FROM sbtest3 WHERE id BETWEEN 8496433 AND 8497432
	Aggregate  (cost=4028.12..4028.13 rows=1 width=8)
	  ->  Bitmap Heap Scan on sbtest3  (cost=31.09..4025.52 rows=1040 width=121)
	        Recheck Cond: ((id >= 8496433) AND (id <= 8497432))
	        ->  Bitmap Index Scan on sbtest3_pkey  (cost=0.00..30.83 rows=1040 width=0)
	              Index Cond: ((id >= 8496433) AND (id <= 8497432))

table 4 : explain SELECT count(c) FROM sbtest4 WHERE id BETWEEN 4615099 AND 4616098
	Aggregate  (cost=3624.29..3624.30 rows=1 width=8)
	  ->  Bitmap Heap Scan on sbtest4  (cost=30.00..3621.95 rows=933 width=121)
	        Recheck Cond: ((id >= 4615099) AND (id <= 4616098))
	        ->  Bitmap Index Scan on sbtest4_pkey  (cost=0.00..29.76 rows=933 width=0)
	              Index Cond: ((id >= 4615099) AND (id <= 4616098))

table 5 : explain SELECT count(c) FROM sbtest5 WHERE id BETWEEN 6794814 AND 6795813
	Aggregate  (cost=3964.26..3964.27 rows=1 width=8)
	  ->  Bitmap Heap Scan on sbtest5  (cost=30.92..3961.71 rows=1023 width=121)
	        Recheck Cond: ((id >= 6794814) AND (id <= 6795813))
	        ->  Bitmap Index Scan on sbtest5_pkey  (cost=0.00..30.66 rows=1023 width=0)
	              Index Cond: ((id >= 6794814) AND (id <= 6795813))

table 6 : explain SELECT count(c) FROM sbtest6 WHERE id BETWEEN 4103850 AND 4104849
	Aggregate  (cost=3638.88..3638.89 rows=1 width=8)
	  ->  Bitmap Heap Scan on sbtest6  (cost=30.04..3636.54 rows=937 width=121)
	        Recheck Cond: ((id >= 4103850) AND (id <= 4104849))
	        ->  Bitmap Index Scan on sbtest6_pkey  (cost=0.00..29.80 rows=937 width=0)
	              Index Cond: ((id >= 4103850) AND (id <= 4104849))

table 7 : explain SELECT count(c) FROM sbtest7 WHERE id BETWEEN 4255563 AND 4256562
	Aggregate  (cost=3760.29..3760.30 rows=1 width=8)
	  ->  Bitmap Heap Scan on sbtest7  (cost=30.37..3757.87 rows=969 width=121)
	        Recheck Cond: ((id >= 4255563) AND (id <= 4256562))
	        ->  Bitmap Index Scan on sbtest7_pkey  (cost=0.00..30.12 rows=969 width=0)
	              Index Cond: ((id >= 4255563) AND (id <= 4256562))

table 8 : explain SELECT count(c) FROM sbtest8 WHERE id BETWEEN 8359691 AND 8360690
	Aggregate  (cost=3650.56..3650.57 rows=1 width=8)
	  ->  Bitmap Heap Scan on sbtest8  (cost=30.07..3648.21 rows=940 width=121)
	        Recheck Cond: ((id >= 8359691) AND (id <= 8360690))
	        ->  Bitmap Index Scan on sbtest8_pkey  (cost=0.00..29.83 rows=940 width=0)
	              Index Cond: ((id >= 8359691) AND (id <= 8360690))

for: count_ranges
table 1 : explain SELECT count(c) FROM sbtest1 WHERE id BETWEEN 1206514 AND 1207513
	Aggregate  (cost=4224.55..4224.56 rows=1 width=8)
	  ->  Bitmap Heap Scan on sbtest1  (cost=35.62..4221.82 rows=1091 width=121)
	        Recheck Cond: ((id >= 1206514) AND (id <= 1207513))
	        ->  Bitmap Index Scan on sbtest1_pkey  (cost=0.00..35.34 rows=1091 width=0)
	              Index Cond: ((id >= 1206514) AND (id <= 1207513))

table 2 : explain SELECT count(c) FROM sbtest2 WHERE id BETWEEN 6955763 AND 6956762
	Aggregate  (cost=3616.47..3616.48 rows=1 width=8)
	  ->  Bitmap Heap Scan on sbtest2  (cost=29.98..3614.14 rows=931 width=121)
	        Recheck Cond: ((id >= 6955763) AND (id <= 6956762))
	        ->  Bitmap Index Scan on sbtest2_pkey  (cost=0.00..29.75 rows=931 width=0)
	              Index Cond: ((id >= 6955763) AND (id <= 6956762))

table 3 : explain SELECT count(c) FROM sbtest3 WHERE id BETWEEN 6897114 AND 6898113
	Aggregate  (cost=4069.84..4069.85 rows=1 width=8)
	  ->  Bitmap Heap Scan on sbtest3  (cost=35.20..4067.21 rows=1050 width=121)
	        Recheck Cond: ((id >= 6897114) AND (id <= 6898113))
	        ->  Bitmap Index Scan on sbtest3_pkey  (cost=0.00..34.94 rows=1050 width=0)
	              Index Cond: ((id >= 6897114) AND (id <= 6898113))

table 4 : explain SELECT count(c) FROM sbtest4 WHERE id BETWEEN 4846454 AND 4847453
	Aggregate  (cost=3688.63..3688.64 rows=1 width=8)
	  ->  Bitmap Heap Scan on sbtest4  (cost=30.17..3686.26 rows=950 width=121)
	        Recheck Cond: ((id >= 4846454) AND (id <= 4847453))
	        ->  Bitmap Index Scan on sbtest4_pkey  (cost=0.00..29.93 rows=950 width=0)
	              Index Cond: ((id >= 4846454) AND (id <= 4847453))

table 5 : explain SELECT count(c) FROM sbtest5 WHERE id BETWEEN 5888113 AND 5889112
	Aggregate  (cost=4088.98..4088.99 rows=1 width=8)
	  ->  Bitmap Heap Scan on sbtest5  (cost=35.25..4086.35 rows=1055 width=121)
	        Recheck Cond: ((id >= 5888113) AND (id <= 5889112))
	        ->  Bitmap Index Scan on sbtest5_pkey  (cost=0.00..34.98 rows=1055 width=0)
	              Index Cond: ((id >= 5888113) AND (id <= 5889112))

table 6 : explain SELECT count(c) FROM sbtest6 WHERE id BETWEEN 6322208 AND 6323207
	Aggregate  (cost=3941.49..3941.50 rows=1 width=8)
	  ->  Bitmap Heap Scan on sbtest6  (cost=34.85..3938.95 rows=1016 width=121)
	        Recheck Cond: ((id >= 6322208) AND (id <= 6323207))
	        ->  Bitmap Index Scan on sbtest6_pkey  (cost=0.00..34.59 rows=1016 width=0)
	              Index Cond: ((id >= 6322208) AND (id <= 6323207))

table 7 : explain SELECT count(c) FROM sbtest7 WHERE id BETWEEN 3336628 AND 3337627
	Aggregate  (cost=3952.97..3952.98 rows=1 width=8)
	  ->  Bitmap Heap Scan on sbtest7  (cost=30.89..3950.42 rows=1020 width=121)
	        Recheck Cond: ((id >= 3336628) AND (id <= 3337627))
	        ->  Bitmap Index Scan on sbtest7_pkey  (cost=0.00..30.64 rows=1020 width=0)
	              Index Cond: ((id >= 3336628) AND (id <= 3337627))

table 8 : explain SELECT count(c) FROM sbtest8 WHERE id BETWEEN 7707797 AND 7708796
	Aggregate  (cost=4254.78..4254.79 rows=1 width=8)
	  ->  Bitmap Heap Scan on sbtest8  (cost=35.70..4252.04 rows=1099 width=121)
	        Recheck Cond: ((id >= 7707797) AND (id <= 7708796))
	        ->  Bitmap Index Scan on sbtest8_pkey  (cost=0.00..35.43 rows=1099 width=0)
	              Index Cond: ((id >= 7707797) AND (id <= 7708796))

for: count_ranges
table 1 : explain SELECT count(c) FROM sbtest1 WHERE id BETWEEN 1840384 AND 1841383
	Aggregate  (cost=3684.53..3684.54 rows=1 width=8)
	  ->  Bitmap Heap Scan on sbtest1  (cost=30.16..3682.16 rows=949 width=121)
	        Recheck Cond: ((id >= 1840384) AND (id <= 1841383))
	        ->  Bitmap Index Scan on sbtest1_pkey  (cost=0.00..29.93 rows=949 width=0)
	              Index Cond: ((id >= 1840384) AND (id <= 1841383))

table 2 : explain SELECT count(c) FROM sbtest2 WHERE id BETWEEN 8524937 AND 8525936
	Aggregate  (cost=3639.18..3639.19 rows=1 width=8)
	  ->  Bitmap Heap Scan on sbtest2  (cost=30.04..3636.84 rows=937 width=121)
	        Recheck Cond: ((id >= 8524937) AND (id <= 8525936))
	        ->  Bitmap Index Scan on sbtest2_pkey  (cost=0.00..29.80 rows=937 width=0)
	              Index Cond: ((id >= 8524937) AND (id <= 8525936))

table 3 : explain SELECT count(c) FROM sbtest3 WHERE id BETWEEN 1366304 AND 1367303
	Aggregate  (cost=3479.86..3479.87 rows=1 width=8)
	  ->  Bitmap Heap Scan on sbtest3  (cost=29.61..3477.62 rows=895 width=121)
	        Recheck Cond: ((id >= 1366304) AND (id <= 1367303))
	        ->  Bitmap Index Scan on sbtest3_pkey  (cost=0.00..29.39 rows=895 width=0)
	              Index Cond: ((id >= 1366304) AND (id <= 1367303))

table 4 : explain SELECT count(c) FROM sbtest4 WHERE id BETWEEN 8764687 AND 8765686
	Aggregate  (cost=3760.51..3760.52 rows=1 width=8)
	  ->  Bitmap Heap Scan on sbtest4  (cost=30.37..3758.09 rows=969 width=121)
	        Recheck Cond: ((id >= 8764687) AND (id <= 8765686))
	        ->  Bitmap Index Scan on sbtest4_pkey  (cost=0.00..30.12 rows=969 width=0)
	              Index Cond: ((id >= 8764687) AND (id <= 8765686))

table 5 : explain SELECT count(c) FROM sbtest5 WHERE id BETWEEN 7595382 AND 7596381
	Aggregate  (cost=3718.66..3718.67 rows=1 width=8)
	  ->  Bitmap Heap Scan on sbtest5  (cost=30.25..3716.26 rows=958 width=121)
	        Recheck Cond: ((id >= 7595382) AND (id <= 7596381))
	        ->  Bitmap Index Scan on sbtest5_pkey  (cost=0.00..30.01 rows=958 width=0)
	              Index Cond: ((id >= 7595382) AND (id <= 7596381))

table 6 : explain SELECT count(c) FROM sbtest6 WHERE id BETWEEN 2742810 AND 2743809
	Aggregate  (cost=4039.59..4039.60 rows=1 width=8)
	  ->  Bitmap Heap Scan on sbtest6  (cost=35.12..4036.99 rows=1042 width=121)
	        Recheck Cond: ((id >= 2742810) AND (id <= 2743809))
	        ->  Bitmap Index Scan on sbtest6_pkey  (cost=0.00..34.86 rows=1042 width=0)
	              Index Cond: ((id >= 2742810) AND (id <= 2743809))

table 7 : explain SELECT count(c) FROM sbtest7 WHERE id BETWEEN 4232118 AND 4233117
	Aggregate  (cost=4085.25..4085.26 rows=1 width=8)
	  ->  Bitmap Heap Scan on sbtest7  (cost=35.24..4082.61 rows=1054 width=121)
	        Recheck Cond: ((id >= 4232118) AND (id <= 4233117))
	        ->  Bitmap Index Scan on sbtest7_pkey  (cost=0.00..34.98 rows=1054 width=0)
	              Index Cond: ((id >= 4232118) AND (id <= 4233117))

table 8 : explain SELECT count(c) FROM sbtest8 WHERE id BETWEEN 126457 AND 127456
	Aggregate  (cost=4217.13..4217.14 rows=1 width=8)
	  ->  Bitmap Heap Scan on sbtest8  (cost=35.60..4214.40 rows=1089 width=121)
	        Recheck Cond: ((id >= 126457) AND (id <= 127456))
	        ->  Bitmap Index Scan on sbtest8_pkey  (cost=0.00..35.33 rows=1089 width=0)
	              Index Cond: ((id >= 126457) AND (id <= 127456))

for: count_ranges
table 1 : explain SELECT count(c) FROM sbtest1 WHERE id BETWEEN 6708046 AND 6709045
	Aggregate  (cost=4013.23..4013.24 rows=1 width=8)
	  ->  Bitmap Heap Scan on sbtest1  (cost=31.05..4010.64 rows=1036 width=121)
	        Recheck Cond: ((id >= 6708046) AND (id <= 6709045))
	        ->  Bitmap Index Scan on sbtest1_pkey  (cost=0.00..30.79 rows=1036 width=0)
	              Index Cond: ((id >= 6708046) AND (id <= 6709045))

table 2 : explain SELECT count(c) FROM sbtest2 WHERE id BETWEEN 7694338 AND 7695337
	Aggregate  (cost=3956.70..3956.71 rows=1 width=8)
	  ->  Bitmap Heap Scan on sbtest2  (cost=30.90..3954.15 rows=1021 width=121)
	        Recheck Cond: ((id >= 7694338) AND (id <= 7695337))
	        ->  Bitmap Index Scan on sbtest2_pkey  (cost=0.00..30.64 rows=1021 width=0)
	              Index Cond: ((id >= 7694338) AND (id <= 7695337))

table 3 : explain SELECT count(c) FROM sbtest3 WHERE id BETWEEN 7381076 AND 7382075
	Aggregate  (cost=4058.52..4058.53 rows=1 width=8)
	  ->  Bitmap Heap Scan on sbtest3  (cost=35.17..4055.91 rows=1047 width=121)
	        Recheck Cond: ((id >= 7381076) AND (id <= 7382075))
	        ->  Bitmap Index Scan on sbtest3_pkey  (cost=0.00..34.91 rows=1047 width=0)
	              Index Cond: ((id >= 7381076) AND (id <= 7382075))

table 4 : explain SELECT count(c) FROM sbtest4 WHERE id BETWEEN 2487933 AND 2488932
	Aggregate  (cost=4251.31..4251.32 rows=1 width=8)
	  ->  Bitmap Heap Scan on sbtest4  (cost=35.69..4248.56 rows=1098 width=121)
	        Recheck Cond: ((id >= 2487933) AND (id <= 2488932))
	        ->  Bitmap Index Scan on sbtest4_pkey  (cost=0.00..35.42 rows=1098 width=0)
	              Index Cond: ((id >= 2487933) AND (id <= 2488932))

table 5 : explain SELECT count(c) FROM sbtest5 WHERE id BETWEEN 152960 AND 153959
	Aggregate  (cost=4303.71..4303.72 rows=1 width=8)
	  ->  Bitmap Heap Scan on sbtest5  (cost=35.83..4300.93 rows=1112 width=121)
	        Recheck Cond: ((id >= 152960) AND (id <= 153959))
	        ->  Bitmap Index Scan on sbtest5_pkey  (cost=0.00..35.56 rows=1112 width=0)
	              Index Cond: ((id >= 152960) AND (id <= 153959))

table 6 : explain SELECT count(c) FROM sbtest6 WHERE id BETWEEN 799861 AND 800860
	Aggregate  (cost=3952.81..3952.82 rows=1 width=8)
	  ->  Bitmap Heap Scan on sbtest6  (cost=34.88..3950.27 rows=1019 width=121)
	        Recheck Cond: ((id >= 799861) AND (id <= 800860))
	        ->  Bitmap Index Scan on sbtest6_pkey  (cost=0.00..34.62 rows=1019 width=0)
	              Index Cond: ((id >= 799861) AND (id <= 800860))

table 7 : explain SELECT count(c) FROM sbtest7 WHERE id BETWEEN 9247567 AND 9248566
	Aggregate  (cost=3366.33..3366.34 rows=1 width=8)
	  ->  Bitmap Heap Scan on sbtest7  (cost=29.30..3364.17 rows=865 width=121)
	        Recheck Cond: ((id >= 9247567) AND (id <= 9248566))
	        ->  Bitmap Index Scan on sbtest7_pkey  (cost=0.00..29.08 rows=865 width=0)
	              Index Cond: ((id >= 9247567) AND (id <= 9248566))

table 8 : explain SELECT count(c) FROM sbtest8 WHERE id BETWEEN 7395958 AND 7396957
	Aggregate  (cost=3896.31..3896.32 rows=1 width=8)
	  ->  Bitmap Heap Scan on sbtest8  (cost=30.74..3893.80 rows=1005 width=121)
	        Recheck Cond: ((id >= 7395958) AND (id <= 7396957))
	        ->  Bitmap Index Scan on sbtest8_pkey  (cost=0.00..30.48 rows=1005 width=0)
	              Index Cond: ((id >= 7395958) AND (id <= 7396957))

for: count_ranges
table 1 : explain SELECT count(c) FROM sbtest1 WHERE id BETWEEN 6074029 AND 6075028
	Aggregate  (cost=3733.71..3733.72 rows=1 width=8)
	  ->  Bitmap Heap Scan on sbtest1  (cost=30.30..3731.30 rows=962 width=121)
	        Recheck Cond: ((id >= 6074029) AND (id <= 6075028))
	        ->  Bitmap Index Scan on sbtest1_pkey  (cost=0.00..30.05 rows=962 width=0)
	              Index Cond: ((id >= 6074029) AND (id <= 6075028))

table 2 : explain SELECT count(c) FROM sbtest2 WHERE id BETWEEN 1382895 AND 1383894
	Aggregate  (cost=4017.31..4017.32 rows=1 width=8)
	  ->  Bitmap Heap Scan on sbtest2  (cost=35.05..4014.72 rows=1036 width=121)
	        Recheck Cond: ((id >= 1382895) AND (id <= 1383894))
	        ->  Bitmap Index Scan on sbtest2_pkey  (cost=0.00..34.80 rows=1036 width=0)
	              Index Cond: ((id >= 1382895) AND (id <= 1383894))

table 3 : explain SELECT count(c) FROM sbtest3 WHERE id BETWEEN 9985449 AND 9986448
	Aggregate  (cost=4182.90..4182.91 rows=1 width=8)
	  ->  Bitmap Heap Scan on sbtest3  (cost=35.51..4180.20 rows=1080 width=121)
	        Recheck Cond: ((id >= 9985449) AND (id <= 9986448))
	        ->  Bitmap Index Scan on sbtest3_pkey  (cost=0.00..35.23 rows=1080 width=0)
	              Index Cond: ((id >= 9985449) AND (id <= 9986448))

table 4 : explain SELECT count(c) FROM sbtest4 WHERE id BETWEEN 9308296 AND 9309295
	Aggregate  (cost=3764.29..3764.30 rows=1 width=8)
	  ->  Bitmap Heap Scan on sbtest4  (cost=30.38..3761.87 rows=970 width=121)
	        Recheck Cond: ((id >= 9308296) AND (id <= 9309295))
	        ->  Bitmap Index Scan on sbtest4_pkey  (cost=0.00..30.14 rows=970 width=0)
	              Index Cond: ((id >= 9308296) AND (id <= 9309295))

table 5 : explain SELECT count(c) FROM sbtest5 WHERE id BETWEEN 1415895 AND 1416894
	Aggregate  (cost=3586.19..3586.20 rows=1 width=8)
	  ->  Bitmap Heap Scan on sbtest5  (cost=29.90..3583.88 rows=923 width=121)
	        Recheck Cond: ((id >= 1415895) AND (id <= 1416894))
	        ->  Bitmap Index Scan on sbtest5_pkey  (cost=0.00..29.66 rows=923 width=0)
	              Index Cond: ((id >= 1415895) AND (id <= 1416894))

table 6 : explain SELECT count(c) FROM sbtest6 WHERE id BETWEEN 838379 AND 839378
	Aggregate  (cost=3952.81..3952.82 rows=1 width=8)
	  ->  Bitmap Heap Scan on sbtest6  (cost=34.88..3950.27 rows=1019 width=121)
	        Recheck Cond: ((id >= 838379) AND (id <= 839378))
	        ->  Bitmap Index Scan on sbtest6_pkey  (cost=0.00..34.62 rows=1019 width=0)
	              Index Cond: ((id >= 838379) AND (id <= 839378))

table 7 : explain SELECT count(c) FROM sbtest7 WHERE id BETWEEN 703453 AND 704452
	Aggregate  (cost=4006.04..4006.05 rows=1 width=8)
	  ->  Bitmap Heap Scan on sbtest7  (cost=35.02..4003.45 rows=1033 width=121)
	        Recheck Cond: ((id >= 703453) AND (id <= 704452))
	        ->  Bitmap Index Scan on sbtest7_pkey  (cost=0.00..34.77 rows=1033 width=0)
	              Index Cond: ((id >= 703453) AND (id <= 704452))

table 8 : explain SELECT count(c) FROM sbtest8 WHERE id BETWEEN 1622420 AND 1623419
	Aggregate  (cost=3972.05..3972.06 rows=1 width=8)
	  ->  Bitmap Heap Scan on sbtest8  (cost=34.93..3969.49 rows=1024 width=121)
	        Recheck Cond: ((id >= 1622420) AND (id <= 1623419))
	        ->  Bitmap Index Scan on sbtest8_pkey  (cost=0.00..34.68 rows=1024 width=0)
	              Index Cond: ((id >= 1622420) AND (id <= 1623419))

for: count_ranges
table 1 : explain SELECT count(c) FROM sbtest1 WHERE id BETWEEN 9711272 AND 9712271
	Aggregate  (cost=3642.90..3642.91 rows=1 width=8)
	  ->  Bitmap Heap Scan on sbtest1  (cost=30.05..3640.56 rows=938 width=121)
	        Recheck Cond: ((id >= 9711272) AND (id <= 9712271))
	        ->  Bitmap Index Scan on sbtest1_pkey  (cost=0.00..29.82 rows=938 width=0)
	              Index Cond: ((id >= 9711272) AND (id <= 9712271))

table 2 : explain SELECT count(c) FROM sbtest2 WHERE id BETWEEN 3384 AND 4383
	Aggregate  (cost=3578.60..3578.61 rows=1 width=8)
	  ->  Bitmap Heap Scan on sbtest2  (cost=29.88..3576.29 rows=921 width=121)
	        Recheck Cond: ((id >= 3384) AND (id <= 4383))
	        ->  Bitmap Index Scan on sbtest2_pkey  (cost=0.00..29.64 rows=921 width=0)
	              Index Cond: ((id >= 3384) AND (id <= 4383))

table 3 : explain SELECT count(c) FROM sbtest3 WHERE id BETWEEN 6461537 AND 6462536
	Aggregate  (cost=3914.91..3914.92 rows=1 width=8)
	  ->  Bitmap Heap Scan on sbtest3  (cost=30.79..3912.38 rows=1010 width=121)
	        Recheck Cond: ((id >= 6461537) AND (id <= 6462536))
	        ->  Bitmap Index Scan on sbtest3_pkey  (cost=0.00..30.54 rows=1010 width=0)
	              Index Cond: ((id >= 6461537) AND (id <= 6462536))

table 4 : explain SELECT count(c) FROM sbtest4 WHERE id BETWEEN 4057230 AND 4058229
	Aggregate  (cost=4217.41..4217.42 rows=1 width=8)
	  ->  Bitmap Heap Scan on sbtest4  (cost=35.60..4214.69 rows=1089 width=121)
	        Recheck Cond: ((id >= 4057230) AND (id <= 4058229))
	        ->  Bitmap Index Scan on sbtest4_pkey  (cost=0.00..35.33 rows=1089 width=0)
	              Index Cond: ((id >= 4057230) AND (id <= 4058229))

table 5 : explain SELECT count(c) FROM sbtest5 WHERE id BETWEEN 4115255 AND 4116254
	Aggregate  (cost=4168.14..4168.15 rows=1 width=8)
	  ->  Bitmap Heap Scan on sbtest5  (cost=35.46..4165.45 rows=1076 width=121)
	        Recheck Cond: ((id >= 4115255) AND (id <= 4116254))
	        ->  Bitmap Index Scan on sbtest5_pkey  (cost=0.00..35.20 rows=1076 width=0)
	              Index Cond: ((id >= 4115255) AND (id <= 4116254))

table 6 : explain SELECT count(c) FROM sbtest6 WHERE id BETWEEN 4925222 AND 4926221
	Aggregate  (cost=3790.18..3790.19 rows=1 width=8)
	  ->  Bitmap Heap Scan on sbtest6  (cost=30.45..3787.73 rows=977 width=121)
	        Recheck Cond: ((id >= 4925222) AND (id <= 4926221))
	        ->  Bitmap Index Scan on sbtest6_pkey  (cost=0.00..30.20 rows=977 width=0)
	              Index Cond: ((id >= 4925222) AND (id <= 4926221))

table 7 : explain SELECT count(c) FROM sbtest7 WHERE id BETWEEN 3372829 AND 3373828
	Aggregate  (cost=4058.85..4058.86 rows=1 width=8)
	  ->  Bitmap Heap Scan on sbtest7  (cost=35.17..4056.23 rows=1047 width=121)
	        Recheck Cond: ((id >= 3372829) AND (id <= 3373828))
	        ->  Bitmap Index Scan on sbtest7_pkey  (cost=0.00..34.91 rows=1047 width=0)
	              Index Cond: ((id >= 3372829) AND (id <= 3373828))

table 8 : explain SELECT count(c) FROM sbtest8 WHERE id BETWEEN 4223152 AND 4224151
	Aggregate  (cost=3790.52..3790.53 rows=1 width=8)
	  ->  Bitmap Heap Scan on sbtest8  (cost=30.45..3788.07 rows=977 width=121)
	        Recheck Cond: ((id >= 4223152) AND (id <= 4224151))
	        ->  Bitmap Index Scan on sbtest8_pkey  (cost=0.00..30.20 rows=977 width=0)
	              Index Cond: ((id >= 4223152) AND (id <= 4224151))

for: count_ranges
table 1 : explain SELECT count(c) FROM sbtest1 WHERE id BETWEEN 3912185 AND 3913184
	Aggregate  (cost=3892.44..3892.45 rows=1 width=8)
	  ->  Bitmap Heap Scan on sbtest1  (cost=30.73..3889.93 rows=1004 width=121)
	        Recheck Cond: ((id >= 3912185) AND (id <= 3913184))
	        ->  Bitmap Index Scan on sbtest1_pkey  (cost=0.00..30.47 rows=1004 width=0)
	              Index Cond: ((id >= 3912185) AND (id <= 3913184))

table 2 : explain SELECT count(c) FROM sbtest2 WHERE id BETWEEN 7148869 AND 7149868
	Aggregate  (cost=3892.51..3892.52 rows=1 width=8)
	  ->  Bitmap Heap Scan on sbtest2  (cost=30.73..3890.00 rows=1004 width=121)
	        Recheck Cond: ((id >= 7148869) AND (id <= 7149868))
	        ->  Bitmap Index Scan on sbtest2_pkey  (cost=0.00..30.47 rows=1004 width=0)
	              Index Cond: ((id >= 7148869) AND (id <= 7149868))

table 3 : explain SELECT count(c) FROM sbtest3 WHERE id BETWEEN 1440659 AND 1441658
	Aggregate  (cost=4069.84..4069.85 rows=1 width=8)
	  ->  Bitmap Heap Scan on sbtest3  (cost=35.20..4067.21 rows=1050 width=121)
	        Recheck Cond: ((id >= 1440659) AND (id <= 1441658))
	        ->  Bitmap Index Scan on sbtest3_pkey  (cost=0.00..34.94 rows=1050 width=0)
	              Index Cond: ((id >= 1440659) AND (id <= 1441658))

table 4 : explain SELECT count(c) FROM sbtest4 WHERE id BETWEEN 7495726 AND 7496725
	Aggregate  (cost=3998.50..3998.51 rows=1 width=8)
	  ->  Bitmap Heap Scan on sbtest4  (cost=31.01..3995.92 rows=1032 width=121)
	        Recheck Cond: ((id >= 7495726) AND (id <= 7496725))
	        ->  Bitmap Index Scan on sbtest4_pkey  (cost=0.00..30.75 rows=1032 width=0)
	              Index Cond: ((id >= 7495726) AND (id <= 7496725))

table 5 : explain SELECT count(c) FROM sbtest5 WHERE id BETWEEN 1456487 AND 1457486
	Aggregate  (cost=3586.19..3586.20 rows=1 width=8)
	  ->  Bitmap Heap Scan on sbtest5  (cost=29.90..3583.88 rows=923 width=121)
	        Recheck Cond: ((id >= 1456487) AND (id <= 1457486))
	        ->  Bitmap Index Scan on sbtest5_pkey  (cost=0.00..29.66 rows=923 width=0)
	              Index Cond: ((id >= 1456487) AND (id <= 1457486))

table 6 : explain SELECT count(c) FROM sbtest6 WHERE id BETWEEN 6702884 AND 6703883
	Aggregate  (cost=3487.38..3487.39 rows=1 width=8)
	  ->  Bitmap Heap Scan on sbtest6  (cost=29.63..3485.14 rows=897 width=121)
	        Recheck Cond: ((id >= 6702884) AND (id <= 6703883))
	        ->  Bitmap Index Scan on sbtest6_pkey  (cost=0.00..29.40 rows=897 width=0)
	              Index Cond: ((id >= 6702884) AND (id <= 6703883))

table 7 : explain SELECT count(c) FROM sbtest7 WHERE id BETWEEN 1530154 AND 1531153
	Aggregate  (cost=3737.60..3737.61 rows=1 width=8)
	  ->  Bitmap Heap Scan on sbtest7  (cost=30.31..3735.19 rows=963 width=121)
	        Recheck Cond: ((id >= 1530154) AND (id <= 1531153))
	        ->  Bitmap Index Scan on sbtest7_pkey  (cost=0.00..30.07 rows=963 width=0)
	              Index Cond: ((id >= 1530154) AND (id <= 1531153))

table 8 : explain SELECT count(c) FROM sbtest8 WHERE id BETWEEN 7981541 AND 7982540
	Aggregate  (cost=3922.75..3922.76 rows=1 width=8)
	  ->  Bitmap Heap Scan on sbtest8  (cost=30.81..3920.22 rows=1012 width=121)
	        Recheck Cond: ((id >= 7981541) AND (id <= 7982540))
	        ->  Bitmap Index Scan on sbtest8_pkey  (cost=0.00..30.55 rows=1012 width=0)
	              Index Cond: ((id >= 7981541) AND (id <= 7982540))

for: count_ranges
table 1 : explain SELECT count(c) FROM sbtest1 WHERE id BETWEEN 3554589 AND 3555588
	Aggregate  (cost=4062.27..4062.28 rows=1 width=8)
	  ->  Bitmap Heap Scan on sbtest1  (cost=31.19..4059.64 rows=1049 width=121)
	        Recheck Cond: ((id >= 3554589) AND (id <= 3555588))
	        ->  Bitmap Index Scan on sbtest1_pkey  (cost=0.00..30.93 rows=1049 width=0)
	              Index Cond: ((id >= 3554589) AND (id <= 3555588))

table 2 : explain SELECT count(c) FROM sbtest2 WHERE id BETWEEN 518463 AND 519462
	Aggregate  (cost=3824.51..3824.52 rows=1 width=8)
	  ->  Bitmap Heap Scan on sbtest2  (cost=30.54..3822.04 rows=986 width=121)
	        Recheck Cond: ((id >= 518463) AND (id <= 519462))
	        ->  Bitmap Index Scan on sbtest2_pkey  (cost=0.00..30.29 rows=986 width=0)
	              Index Cond: ((id >= 518463) AND (id <= 519462))

table 3 : explain SELECT count(c) FROM sbtest3 WHERE id BETWEEN 568674 AND 569673
	Aggregate  (cost=3699.49..3699.50 rows=1 width=8)
	  ->  Bitmap Heap Scan on sbtest3  (cost=30.20..3697.11 rows=953 width=121)
	        Recheck Cond: ((id >= 568674) AND (id <= 569673))
	        ->  Bitmap Index Scan on sbtest3_pkey  (cost=0.00..29.96 rows=953 width=0)
	              Index Cond: ((id >= 568674) AND (id <= 569673))

table 4 : explain SELECT count(c) FROM sbtest4 WHERE id BETWEEN 4310702 AND 4311701
	Aggregate  (cost=4059.10..4059.11 rows=1 width=8)
	  ->  Bitmap Heap Scan on sbtest4  (cost=35.17..4056.48 rows=1047 width=121)
	        Recheck Cond: ((id >= 4310702) AND (id <= 4311701))
	        ->  Bitmap Index Scan on sbtest4_pkey  (cost=0.00..34.91 rows=1047 width=0)
	              Index Cond: ((id >= 4310702) AND (id <= 4311701))

table 5 : explain SELECT count(c) FROM sbtest5 WHERE id BETWEEN 4271375 AND 4272374
	Aggregate  (cost=3824.52..3824.53 rows=1 width=8)
	  ->  Bitmap Heap Scan on sbtest5  (cost=30.54..3822.06 rows=986 width=121)
	        Recheck Cond: ((id >= 4271375) AND (id <= 4272374))
	        ->  Bitmap Index Scan on sbtest5_pkey  (cost=0.00..30.29 rows=986 width=0)
	              Index Cond: ((id >= 4271375) AND (id <= 4272374))

table 6 : explain SELECT count(c) FROM sbtest6 WHERE id BETWEEN 7914433 AND 7915432
	Aggregate  (cost=3631.31..3631.32 rows=1 width=8)
	  ->  Bitmap Heap Scan on sbtest6  (cost=30.02..3628.98 rows=935 width=121)
	        Recheck Cond: ((id >= 7914433) AND (id <= 7915432))
	        ->  Bitmap Index Scan on sbtest6_pkey  (cost=0.00..29.79 rows=935 width=0)
	              Index Cond: ((id >= 7914433) AND (id <= 7915432))

table 7 : explain SELECT count(c) FROM sbtest7 WHERE id BETWEEN 4834114 AND 4835113
	Aggregate  (cost=3707.34..3707.35 rows=1 width=8)
	  ->  Bitmap Heap Scan on sbtest7  (cost=30.22..3704.95 rows=955 width=121)
	        Recheck Cond: ((id >= 4834114) AND (id <= 4835113))
	        ->  Bitmap Index Scan on sbtest7_pkey  (cost=0.00..29.98 rows=955 width=0)
	              Index Cond: ((id >= 4834114) AND (id <= 4835113))

table 8 : explain SELECT count(c) FROM sbtest8 WHERE id BETWEEN 9605809 AND 9606808
	Aggregate  (cost=3574.83..3574.84 rows=1 width=8)
	  ->  Bitmap Heap Scan on sbtest8  (cost=29.87..3572.53 rows=920 width=121)
	        Recheck Cond: ((id >= 9605809) AND (id <= 9606808))
	        ->  Bitmap Index Scan on sbtest8_pkey  (cost=0.00..29.64 rows=920 width=0)
	              Index Cond: ((id >= 9605809) AND (id <= 9606808))

for: count_ranges
table 1 : explain SELECT count(c) FROM sbtest1 WHERE id BETWEEN 6592903 AND 6593902
	Aggregate  (cost=3869.78..3869.79 rows=1 width=8)
	  ->  Bitmap Heap Scan on sbtest1  (cost=30.66..3867.28 rows=998 width=121)
	        Recheck Cond: ((id >= 6592903) AND (id <= 6593902))
	        ->  Bitmap Index Scan on sbtest1_pkey  (cost=0.00..30.41 rows=998 width=0)
	              Index Cond: ((id >= 6592903) AND (id <= 6593902))

table 2 : explain SELECT count(c) FROM sbtest2 WHERE id BETWEEN 3521791 AND 3522790
	Aggregate  (cost=3934.05..3934.06 rows=1 width=8)
	  ->  Bitmap Heap Scan on sbtest2  (cost=30.84..3931.51 rows=1015 width=121)
	        Recheck Cond: ((id >= 3521791) AND (id <= 3522790))
	        ->  Bitmap Index Scan on sbtest2_pkey  (cost=0.00..30.58 rows=1015 width=0)
	              Index Cond: ((id >= 3521791) AND (id <= 3522790))

table 3 : explain SELECT count(c) FROM sbtest3 WHERE id BETWEEN 7398367 AND 7399366
	Aggregate  (cost=4160.30..4160.31 rows=1 width=8)
	  ->  Bitmap Heap Scan on sbtest3  (cost=35.44..4157.61 rows=1074 width=121)
	        Recheck Cond: ((id >= 7398367) AND (id <= 7399366))
	        ->  Bitmap Index Scan on sbtest3_pkey  (cost=0.00..35.18 rows=1074 width=0)
	              Index Cond: ((id >= 7398367) AND (id <= 7399366))

table 4 : explain SELECT count(c) FROM sbtest4 WHERE id BETWEEN 2183419 AND 2184418
	Aggregate  (cost=3885.23..3885.24 rows=1 width=8)
	  ->  Bitmap Heap Scan on sbtest4  (cost=30.71..3882.73 rows=1002 width=121)
	        Recheck Cond: ((id >= 2183419) AND (id <= 2184418))
	        ->  Bitmap Index Scan on sbtest4_pkey  (cost=0.00..30.45 rows=1002 width=0)
	              Index Cond: ((id >= 2183419) AND (id <= 2184418))

table 5 : explain SELECT count(c) FROM sbtest5 WHERE id BETWEEN 2416962 AND 2417961
	Aggregate  (cost=3677.04..3677.05 rows=1 width=8)
	  ->  Bitmap Heap Scan on sbtest5  (cost=30.14..3674.67 rows=947 width=121)
	        Recheck Cond: ((id >= 2416962) AND (id <= 2417961))
	        ->  Bitmap Index Scan on sbtest5_pkey  (cost=0.00..29.90 rows=947 width=0)
	              Index Cond: ((id >= 2416962) AND (id <= 2417961))

table 6 : explain SELECT count(c) FROM sbtest6 WHERE id BETWEEN 3667091 AND 3668090
	Aggregate  (cost=3812.85..3812.86 rows=1 width=8)
	  ->  Bitmap Heap Scan on sbtest6  (cost=30.51..3810.39 rows=983 width=121)
	        Recheck Cond: ((id >= 3667091) AND (id <= 3668090))
	        ->  Bitmap Index Scan on sbtest6_pkey  (cost=0.00..30.26 rows=983 width=0)
	              Index Cond: ((id >= 3667091) AND (id <= 3668090))

table 7 : explain SELECT count(c) FROM sbtest7 WHERE id BETWEEN 6486519 AND 6487518
	Aggregate  (cost=3695.99..3696.00 rows=1 width=8)
	  ->  Bitmap Heap Scan on sbtest7  (cost=30.19..3693.61 rows=952 width=121)
	        Recheck Cond: ((id >= 6486519) AND (id <= 6487518))
	        ->  Bitmap Index Scan on sbtest7_pkey  (cost=0.00..29.95 rows=952 width=0)
	              Index Cond: ((id >= 6486519) AND (id <= 6487518))

table 8 : explain SELECT count(c) FROM sbtest8 WHERE id BETWEEN 2608785 AND 2609784
	Aggregate  (cost=3881.21..3881.22 rows=1 width=8)
	  ->  Bitmap Heap Scan on sbtest8  (cost=30.70..3878.70 rows=1001 width=121)
	        Recheck Cond: ((id >= 2608785) AND (id <= 2609784))
	        ->  Bitmap Index Scan on sbtest8_pkey  (cost=0.00..30.44 rows=1001 width=0)
	              Index Cond: ((id >= 2608785) AND (id <= 2609784))

for: count_ranges
table 1 : explain SELECT count(c) FROM sbtest1 WHERE id BETWEEN 9976290 AND 9977289
	Aggregate  (cost=3994.37..3994.38 rows=1 width=8)
	  ->  Bitmap Heap Scan on sbtest1  (cost=31.00..3991.79 rows=1031 width=121)
	        Recheck Cond: ((id >= 9976290) AND (id <= 9977289))
	        ->  Bitmap Index Scan on sbtest1_pkey  (cost=0.00..30.75 rows=1031 width=0)
	              Index Cond: ((id >= 9976290) AND (id <= 9977289))

table 2 : explain SELECT count(c) FROM sbtest2 WHERE id BETWEEN 3103338 AND 3104337
	Aggregate  (cost=3949.15..3949.16 rows=1 width=8)
	  ->  Bitmap Heap Scan on sbtest2  (cost=30.88..3946.60 rows=1019 width=121)
	        Recheck Cond: ((id >= 3103338) AND (id <= 3104337))
	        ->  Bitmap Index Scan on sbtest2_pkey  (cost=0.00..30.62 rows=1019 width=0)
	              Index Cond: ((id >= 3103338) AND (id <= 3104337))

table 3 : explain SELECT count(c) FROM sbtest3 WHERE id BETWEEN 2825742 AND 2826741
	Aggregate  (cost=3567.01..3567.02 rows=1 width=8)
	  ->  Bitmap Heap Scan on sbtest3  (cost=29.84..3564.71 rows=918 width=121)
	        Recheck Cond: ((id >= 2825742) AND (id <= 2826741))
	        ->  Bitmap Index Scan on sbtest3_pkey  (cost=0.00..29.61 rows=918 width=0)
	              Index Cond: ((id >= 2825742) AND (id <= 2826741))

table 4 : explain SELECT count(c) FROM sbtest4 WHERE id BETWEEN 9556551 AND 9557550
	Aggregate  (cost=4270.13..4270.14 rows=1 width=8)
	  ->  Bitmap Heap Scan on sbtest4  (cost=35.74..4267.38 rows=1103 width=121)
	        Recheck Cond: ((id >= 9556551) AND (id <= 9557550))
	        ->  Bitmap Index Scan on sbtest4_pkey  (cost=0.00..35.47 rows=1103 width=0)
	              Index Cond: ((id >= 9556551) AND (id <= 9557550))

table 5 : explain SELECT count(c) FROM sbtest5 WHERE id BETWEEN 6363608 AND 6364607
	Aggregate  (cost=3839.64..3839.65 rows=1 width=8)
	  ->  Bitmap Heap Scan on sbtest5  (cost=30.58..3837.16 rows=990 width=121)
	        Recheck Cond: ((id >= 6363608) AND (id <= 6364607))
	        ->  Bitmap Index Scan on sbtest5_pkey  (cost=0.00..30.33 rows=990 width=0)
	              Index Cond: ((id >= 6363608) AND (id <= 6364607))

table 6 : explain SELECT count(c) FROM sbtest6 WHERE id BETWEEN 9979197 AND 9980196
	Aggregate  (cost=3782.62..3782.63 rows=1 width=8)
	  ->  Bitmap Heap Scan on sbtest6  (cost=30.43..3780.18 rows=975 width=121)
	        Recheck Cond: ((id >= 9979197) AND (id <= 9980196))
	        ->  Bitmap Index Scan on sbtest6_pkey  (cost=0.00..30.18 rows=975 width=0)
	              Index Cond: ((id >= 9979197) AND (id <= 9980196))

table 7 : explain SELECT count(c) FROM sbtest7 WHERE id BETWEEN 5261754 AND 5262753
	Aggregate  (cost=3571.06..3571.07 rows=1 width=8)
	  ->  Bitmap Heap Scan on sbtest7  (cost=29.85..3568.77 rows=919 width=121)
	        Recheck Cond: ((id >= 5261754) AND (id <= 5262753))
	        ->  Bitmap Index Scan on sbtest7_pkey  (cost=0.00..29.62 rows=919 width=0)
	              Index Cond: ((id >= 5261754) AND (id <= 5262753))

table 8 : explain SELECT count(c) FROM sbtest8 WHERE id BETWEEN 8952986 AND 8953985
	Aggregate  (cost=4122.93..4122.94 rows=1 width=8)
	  ->  Bitmap Heap Scan on sbtest8  (cost=35.34..4120.27 rows=1064 width=121)
	        Recheck Cond: ((id >= 8952986) AND (id <= 8953985))
	        ->  Bitmap Index Scan on sbtest8_pkey  (cost=0.00..35.08 rows=1064 width=0)
	              Index Cond: ((id >= 8952986) AND (id <= 8953985))

for: count_ranges
table 1 : explain SELECT count(c) FROM sbtest1 WHERE id BETWEEN 7053393 AND 7054392
	Aggregate  (cost=4005.69..4005.70 rows=1 width=8)
	  ->  Bitmap Heap Scan on sbtest1  (cost=31.03..4003.10 rows=1034 width=121)
	        Recheck Cond: ((id >= 7053393) AND (id <= 7054392))
	        ->  Bitmap Index Scan on sbtest1_pkey  (cost=0.00..30.77 rows=1034 width=0)
	              Index Cond: ((id >= 7053393) AND (id <= 7054392))

table 2 : explain SELECT count(c) FROM sbtest2 WHERE id BETWEEN 169997 AND 170996
	Aggregate  (cost=3892.51..3892.52 rows=1 width=8)
	  ->  Bitmap Heap Scan on sbtest2  (cost=30.73..3890.00 rows=1004 width=121)
	        Recheck Cond: ((id >= 169997) AND (id <= 170996))
	        ->  Bitmap Index Scan on sbtest2_pkey  (cost=0.00..30.47 rows=1004 width=0)
	              Index Cond: ((id >= 169997) AND (id <= 170996))

table 3 : explain SELECT count(c) FROM sbtest3 WHERE id BETWEEN 7139297 AND 7140296
	Aggregate  (cost=3676.79..3676.80 rows=1 width=8)
	  ->  Bitmap Heap Scan on sbtest3  (cost=30.14..3674.42 rows=947 width=121)
	        Recheck Cond: ((id >= 7139297) AND (id <= 7140296))
	        ->  Bitmap Index Scan on sbtest3_pkey  (cost=0.00..29.90 rows=947 width=0)
	              Index Cond: ((id >= 7139297) AND (id <= 7140296))

table 4 : explain SELECT count(c) FROM sbtest4 WHERE id BETWEEN 8098748 AND 8099747
	Aggregate  (cost=3824.78..3824.79 rows=1 width=8)
	  ->  Bitmap Heap Scan on sbtest4  (cost=30.54..3822.31 rows=986 width=121)
	        Recheck Cond: ((id >= 8098748) AND (id <= 8099747))
	        ->  Bitmap Index Scan on sbtest4_pkey  (cost=0.00..30.29 rows=986 width=0)
	              Index Cond: ((id >= 8098748) AND (id <= 8099747))

table 5 : explain SELECT count(c) FROM sbtest5 WHERE id BETWEEN 6445422 AND 6446421
	Aggregate  (cost=4183.21..4183.22 rows=1 width=8)
	  ->  Bitmap Heap Scan on sbtest5  (cost=35.51..4180.51 rows=1080 width=121)
	        Recheck Cond: ((id >= 6445422) AND (id <= 6446421))
	        ->  Bitmap Index Scan on sbtest5_pkey  (cost=0.00..35.23 rows=1080 width=0)
	              Index Cond: ((id >= 6445422) AND (id <= 6446421))

table 6 : explain SELECT count(c) FROM sbtest6 WHERE id BETWEEN 1333986 AND 1334985
	Aggregate  (cost=3983.00..3983.01 rows=1 width=8)
	  ->  Bitmap Heap Scan on sbtest6  (cost=34.96..3980.44 rows=1027 width=121)
	        Recheck Cond: ((id >= 1333986) AND (id <= 1334985))
	        ->  Bitmap Index Scan on sbtest6_pkey  (cost=0.00..34.70 rows=1027 width=0)
	              Index Cond: ((id >= 1333986) AND (id <= 1334985))

table 7 : explain SELECT count(c) FROM sbtest7 WHERE id BETWEEN 9207823 AND 9208822
	Aggregate  (cost=3366.33..3366.34 rows=1 width=8)
	  ->  Bitmap Heap Scan on sbtest7  (cost=29.30..3364.17 rows=865 width=121)
	        Recheck Cond: ((id >= 9207823) AND (id <= 9208822))
	        ->  Bitmap Index Scan on sbtest7_pkey  (cost=0.00..29.08 rows=865 width=0)
	              Index Cond: ((id >= 9207823) AND (id <= 9208822))

table 8 : explain SELECT count(c) FROM sbtest8 WHERE id BETWEEN 7058939 AND 7059938
	Aggregate  (cost=3998.47..3998.48 rows=1 width=8)
	  ->  Bitmap Heap Scan on sbtest8  (cost=35.00..3995.89 rows=1031 width=121)
	        Recheck Cond: ((id >= 7058939) AND (id <= 7059938))
	        ->  Bitmap Index Scan on sbtest8_pkey  (cost=0.00..34.75 rows=1031 width=0)
	              Index Cond: ((id >= 7058939) AND (id <= 7059938))

for: count_ranges
table 1 : explain SELECT count(c) FROM sbtest1 WHERE id BETWEEN 420711 AND 421710
	Aggregate  (cost=3998.14..3998.15 rows=1 width=8)
	  ->  Bitmap Heap Scan on sbtest1  (cost=31.01..3995.56 rows=1032 width=121)
	        Recheck Cond: ((id >= 420711) AND (id <= 421710))
	        ->  Bitmap Index Scan on sbtest1_pkey  (cost=0.00..30.75 rows=1032 width=0)
	              Index Cond: ((id >= 420711) AND (id <= 421710))

table 2 : explain SELECT count(c) FROM sbtest2 WHERE id BETWEEN 9703006 AND 9704005
	Aggregate  (cost=3888.73..3888.74 rows=1 width=8)
	  ->  Bitmap Heap Scan on sbtest2  (cost=30.72..3886.23 rows=1003 width=121)
	        Recheck Cond: ((id >= 9703006) AND (id <= 9704005))
	        ->  Bitmap Index Scan on sbtest2_pkey  (cost=0.00..30.46 rows=1003 width=0)
	              Index Cond: ((id >= 9703006) AND (id <= 9704005))

table 3 : explain SELECT count(c) FROM sbtest3 WHERE id BETWEEN 3156053 AND 3157052
	Aggregate  (cost=4250.69..4250.70 rows=1 width=8)
	  ->  Bitmap Heap Scan on sbtest3  (cost=35.69..4247.95 rows=1098 width=121)
	        Recheck Cond: ((id >= 3156053) AND (id <= 3157052))
	        ->  Bitmap Index Scan on sbtest3_pkey  (cost=0.00..35.42 rows=1098 width=0)
	              Index Cond: ((id >= 3156053) AND (id <= 3157052))

table 4 : explain SELECT count(c) FROM sbtest4 WHERE id BETWEEN 5949793 AND 5950792
	Aggregate  (cost=3938.11..3938.12 rows=1 width=8)
	  ->  Bitmap Heap Scan on sbtest4  (cost=30.85..3935.57 rows=1016 width=121)
	        Recheck Cond: ((id >= 5949793) AND (id <= 5950792))
	        ->  Bitmap Index Scan on sbtest4_pkey  (cost=0.00..30.59 rows=1016 width=0)
	              Index Cond: ((id >= 5949793) AND (id <= 5950792))

table 5 : explain SELECT count(c) FROM sbtest5 WHERE id BETWEEN 8919264 AND 8920263
	Aggregate  (cost=3711.09..3711.10 rows=1 width=8)
	  ->  Bitmap Heap Scan on sbtest5  (cost=30.23..3708.70 rows=956 width=121)
	        Recheck Cond: ((id >= 8919264) AND (id <= 8920263))
	        ->  Bitmap Index Scan on sbtest5_pkey  (cost=0.00..30.00 rows=956 width=0)
	              Index Cond: ((id >= 8919264) AND (id <= 8920263))

table 6 : explain SELECT count(c) FROM sbtest6 WHERE id BETWEEN 2549042 AND 2550041
	Aggregate  (cost=3820.41..3820.42 rows=1 width=8)
	  ->  Bitmap Heap Scan on sbtest6  (cost=30.53..3817.95 rows=985 width=121)
	        Recheck Cond: ((id >= 2549042) AND (id <= 2550041))
	        ->  Bitmap Index Scan on sbtest6_pkey  (cost=0.00..30.29 rows=985 width=0)
	              Index Cond: ((id >= 2549042) AND (id <= 2550041))

table 7 : explain SELECT count(c) FROM sbtest7 WHERE id BETWEEN 2641297 AND 2642296
	Aggregate  (cost=4021.13..4021.14 rows=1 width=8)
	  ->  Bitmap Heap Scan on sbtest7  (cost=35.06..4018.54 rows=1037 width=121)
	        Recheck Cond: ((id >= 2641297) AND (id <= 2642296))
	        ->  Bitmap Index Scan on sbtest7_pkey  (cost=0.00..34.81 rows=1037 width=0)
	              Index Cond: ((id >= 2641297) AND (id <= 2642296))

table 8 : explain SELECT count(c) FROM sbtest8 WHERE id BETWEEN 2802890 AND 2803889
	Aggregate  (cost=3525.58..3525.59 rows=1 width=8)
	  ->  Bitmap Heap Scan on sbtest8  (cost=29.73..3523.32 rows=907 width=121)
	        Recheck Cond: ((id >= 2802890) AND (id <= 2803889))
	        ->  Bitmap Index Scan on sbtest8_pkey  (cost=0.00..29.50 rows=907 width=0)
	              Index Cond: ((id >= 2802890) AND (id <= 2803889))

for: count_ranges
table 1 : explain SELECT count(c) FROM sbtest1 WHERE id BETWEEN 7725723 AND 7726722
	Aggregate  (cost=3658.04..3658.05 rows=1 width=8)
	  ->  Bitmap Heap Scan on sbtest1  (cost=30.09..3655.69 rows=942 width=121)
	        Recheck Cond: ((id >= 7725723) AND (id <= 7726722))
	        ->  Bitmap Index Scan on sbtest1_pkey  (cost=0.00..29.86 rows=942 width=0)
	              Index Cond: ((id >= 7725723) AND (id <= 7726722))

table 2 : explain SELECT count(c) FROM sbtest2 WHERE id BETWEEN 5420553 AND 5421552
	Aggregate  (cost=3884.96..3884.97 rows=1 width=8)
	  ->  Bitmap Heap Scan on sbtest2  (cost=30.71..3882.45 rows=1002 width=121)
	        Recheck Cond: ((id >= 5420553) AND (id <= 5421552))
	        ->  Bitmap Index Scan on sbtest2_pkey  (cost=0.00..30.45 rows=1002 width=0)
	              Index Cond: ((id >= 5420553) AND (id <= 5421552))

table 3 : explain SELECT count(c) FROM sbtest3 WHERE id BETWEEN 2483604 AND 2484603
	Aggregate  (cost=3888.47..3888.48 rows=1 width=8)
	  ->  Bitmap Heap Scan on sbtest3  (cost=30.72..3885.97 rows=1003 width=121)
	        Recheck Cond: ((id >= 2483604) AND (id <= 2484603))
	        ->  Bitmap Index Scan on sbtest3_pkey  (cost=0.00..30.46 rows=1003 width=0)
	              Index Cond: ((id >= 2483604) AND (id <= 2484603))

table 4 : explain SELECT count(c) FROM sbtest4 WHERE id BETWEEN 7244495 AND 7245494
	Aggregate  (cost=3647.00..3647.01 rows=1 width=8)
	  ->  Bitmap Heap Scan on sbtest4  (cost=30.06..3644.65 rows=939 width=121)
	        Recheck Cond: ((id >= 7244495) AND (id <= 7245494))
	        ->  Bitmap Index Scan on sbtest4_pkey  (cost=0.00..29.82 rows=939 width=0)
	              Index Cond: ((id >= 7244495) AND (id <= 7245494))

table 5 : explain SELECT count(c) FROM sbtest5 WHERE id BETWEEN 7880890 AND 7881889
	Aggregate  (cost=3896.30..3896.31 rows=1 width=8)
	  ->  Bitmap Heap Scan on sbtest5  (cost=30.74..3893.79 rows=1005 width=121)
	        Recheck Cond: ((id >= 7880890) AND (id <= 7881889))
	        ->  Bitmap Index Scan on sbtest5_pkey  (cost=0.00..30.48 rows=1005 width=0)
	              Index Cond: ((id >= 7880890) AND (id <= 7881889))

table 6 : explain SELECT count(c) FROM sbtest6 WHERE id BETWEEN 9189985 AND 9190984
	Aggregate  (cost=4179.06..4179.07 rows=1 width=8)
	  ->  Bitmap Heap Scan on sbtest6  (cost=35.49..4176.36 rows=1079 width=121)
	        Recheck Cond: ((id >= 9189985) AND (id <= 9190984))
	        ->  Bitmap Index Scan on sbtest6_pkey  (cost=0.00..35.23 rows=1079 width=0)
	              Index Cond: ((id >= 9189985) AND (id <= 9190984))

table 7 : explain SELECT count(c) FROM sbtest7 WHERE id BETWEEN 6519269 AND 6520268
	Aggregate  (cost=3695.99..3696.00 rows=1 width=8)
	  ->  Bitmap Heap Scan on sbtest7  (cost=30.19..3693.61 rows=952 width=121)
	        Recheck Cond: ((id >= 6519269) AND (id <= 6520268))
	        ->  Bitmap Index Scan on sbtest7_pkey  (cost=0.00..29.95 rows=952 width=0)
	              Index Cond: ((id >= 6519269) AND (id <= 6520268))

table 8 : explain SELECT count(c) FROM sbtest8 WHERE id BETWEEN 5210287 AND 5211286
	Aggregate  (cost=3998.47..3998.48 rows=1 width=8)
	  ->  Bitmap Heap Scan on sbtest8  (cost=35.00..3995.89 rows=1031 width=121)
	        Recheck Cond: ((id >= 5210287) AND (id <= 5211286))
	        ->  Bitmap Index Scan on sbtest8_pkey  (cost=0.00..34.75 rows=1031 width=0)
	              Index Cond: ((id >= 5210287) AND (id <= 5211286))

for: count_ranges
table 1 : explain SELECT count(c) FROM sbtest1 WHERE id BETWEEN 7621508 AND 7622507
	Aggregate  (cost=4352.52..4352.53 rows=1 width=8)
	  ->  Bitmap Heap Scan on sbtest1  (cost=35.97..4349.71 rows=1125 width=121)
	        Recheck Cond: ((id >= 7621508) AND (id <= 7622507))
	        ->  Bitmap Index Scan on sbtest1_pkey  (cost=0.00..35.69 rows=1125 width=0)
	              Index Cond: ((id >= 7621508) AND (id <= 7622507))

table 2 : explain SELECT count(c) FROM sbtest2 WHERE id BETWEEN 556266 AND 557265
	Aggregate  (cost=3824.51..3824.52 rows=1 width=8)
	  ->  Bitmap Heap Scan on sbtest2  (cost=30.54..3822.04 rows=986 width=121)
	        Recheck Cond: ((id >= 556266) AND (id <= 557265))
	        ->  Bitmap Index Scan on sbtest2_pkey  (cost=0.00..30.29 rows=986 width=0)
	              Index Cond: ((id >= 556266) AND (id <= 557265))

table 3 : explain SELECT count(c) FROM sbtest3 WHERE id BETWEEN 1175352 AND 1176351
	Aggregate  (cost=3661.65..3661.66 rows=1 width=8)
	  ->  Bitmap Heap Scan on sbtest3  (cost=30.10..3659.30 rows=943 width=121)
	        Recheck Cond: ((id >= 1175352) AND (id <= 1176351))
	        ->  Bitmap Index Scan on sbtest3_pkey  (cost=0.00..29.86 rows=943 width=0)
	              Index Cond: ((id >= 1175352) AND (id <= 1176351))

table 4 : explain SELECT count(c) FROM sbtest4 WHERE id BETWEEN 8687809 AND 8688808
	Aggregate  (cost=3994.73..3994.74 rows=1 width=8)
	  ->  Bitmap Heap Scan on sbtest4  (cost=31.00..3992.15 rows=1031 width=121)
	        Recheck Cond: ((id >= 8687809) AND (id <= 8688808))
	        ->  Bitmap Index Scan on sbtest4_pkey  (cost=0.00..30.75 rows=1031 width=0)
	              Index Cond: ((id >= 8687809) AND (id <= 8688808))

table 5 : explain SELECT count(c) FROM sbtest5 WHERE id BETWEEN 844990 AND 845989
	Aggregate  (cost=3790.51..3790.52 rows=1 width=8)
	  ->  Bitmap Heap Scan on sbtest5  (cost=30.45..3788.06 rows=977 width=121)
	        Recheck Cond: ((id >= 844990) AND (id <= 845989))
	        ->  Bitmap Index Scan on sbtest5_pkey  (cost=0.00..30.20 rows=977 width=0)
	              Index Cond: ((id >= 844990) AND (id <= 845989))

table 6 : explain SELECT count(c) FROM sbtest6 WHERE id BETWEEN 1396077 AND 1397076
	Aggregate  (cost=4099.92..4099.93 rows=1 width=8)
	  ->  Bitmap Heap Scan on sbtest6  (cost=35.28..4097.28 rows=1058 width=121)
	        Recheck Cond: ((id >= 1396077) AND (id <= 1397076))
	        ->  Bitmap Index Scan on sbtest6_pkey  (cost=0.00..35.02 rows=1058 width=0)
	              Index Cond: ((id >= 1396077) AND (id <= 1397076))

table 7 : explain SELECT count(c) FROM sbtest7 WHERE id BETWEEN 6172591 AND 6173590
	Aggregate  (cost=3994.71..3994.72 rows=1 width=8)
	  ->  Bitmap Heap Scan on sbtest7  (cost=34.99..3992.14 rows=1030 width=121)
	        Recheck Cond: ((id >= 6172591) AND (id <= 6173590))
	        ->  Bitmap Index Scan on sbtest7_pkey  (cost=0.00..34.73 rows=1030 width=0)
	              Index Cond: ((id >= 6172591) AND (id <= 6173590))

table 8 : explain SELECT count(c) FROM sbtest8 WHERE id BETWEEN 9313216 AND 9314215
	Aggregate  (cost=3798.08..3798.09 rows=1 width=8)
	  ->  Bitmap Heap Scan on sbtest8  (cost=30.47..3795.63 rows=979 width=121)
	        Recheck Cond: ((id >= 9313216) AND (id <= 9314215))
	        ->  Bitmap Index Scan on sbtest8_pkey  (cost=0.00..30.22 rows=979 width=0)
	              Index Cond: ((id >= 9313216) AND (id <= 9314215))

for: count_ranges
table 1 : explain SELECT count(c) FROM sbtest1 WHERE id BETWEEN 3163999 AND 3164998
	Aggregate  (cost=4194.41..4194.42 rows=1 width=8)
	  ->  Bitmap Heap Scan on sbtest1  (cost=35.54..4191.71 rows=1083 width=121)
	        Recheck Cond: ((id >= 3163999) AND (id <= 3164998))
	        ->  Bitmap Index Scan on sbtest1_pkey  (cost=0.00..35.27 rows=1083 width=0)
	              Index Cond: ((id >= 3163999) AND (id <= 3164998))

table 2 : explain SELECT count(c) FROM sbtest2 WHERE id BETWEEN 7662741 AND 7663740
	Aggregate  (cost=3956.70..3956.71 rows=1 width=8)
	  ->  Bitmap Heap Scan on sbtest2  (cost=30.90..3954.15 rows=1021 width=121)
	        Recheck Cond: ((id >= 7662741) AND (id <= 7663740))
	        ->  Bitmap Index Scan on sbtest2_pkey  (cost=0.00..30.64 rows=1021 width=0)
	              Index Cond: ((id >= 7662741) AND (id <= 7663740))

table 3 : explain SELECT count(c) FROM sbtest3 WHERE id BETWEEN 1999639 AND 2000638
	Aggregate  (cost=3850.70..3850.71 rows=1 width=8)
	  ->  Bitmap Heap Scan on sbtest3  (cost=30.61..3848.22 rows=993 width=121)
	        Recheck Cond: ((id >= 1999639) AND (id <= 2000638))
	        ->  Bitmap Index Scan on sbtest3_pkey  (cost=0.00..30.36 rows=993 width=0)
	              Index Cond: ((id >= 1999639) AND (id <= 2000638))

table 4 : explain SELECT count(c) FROM sbtest4 WHERE id BETWEEN 9430816 AND 9431815
	Aggregate  (cost=3945.66..3945.67 rows=1 width=8)
	  ->  Bitmap Heap Scan on sbtest4  (cost=30.87..3943.11 rows=1018 width=121)
	        Recheck Cond: ((id >= 9430816) AND (id <= 9431815))
	        ->  Bitmap Index Scan on sbtest4_pkey  (cost=0.00..30.61 rows=1018 width=0)
	              Index Cond: ((id >= 9430816) AND (id <= 9431815))

table 5 : explain SELECT count(c) FROM sbtest5 WHERE id BETWEEN 3640320 AND 3641319
	Aggregate  (cost=3824.52..3824.53 rows=1 width=8)
	  ->  Bitmap Heap Scan on sbtest5  (cost=30.54..3822.06 rows=986 width=121)
	        Recheck Cond: ((id >= 3640320) AND (id <= 3641319))
	        ->  Bitmap Index Scan on sbtest5_pkey  (cost=0.00..30.29 rows=986 width=0)
	              Index Cond: ((id >= 3640320) AND (id <= 3641319))

table 6 : explain SELECT count(c) FROM sbtest6 WHERE id BETWEEN 9022542 AND 9023541
	Aggregate  (cost=4115.00..4115.01 rows=1 width=8)
	  ->  Bitmap Heap Scan on sbtest6  (cost=35.32..4112.35 rows=1062 width=121)
	        Recheck Cond: ((id >= 9022542) AND (id <= 9023541))
	        ->  Bitmap Index Scan on sbtest6_pkey  (cost=0.00..35.06 rows=1062 width=0)
	              Index Cond: ((id >= 9022542) AND (id <= 9023541))

table 7 : explain SELECT count(c) FROM sbtest7 WHERE id BETWEEN 8870912 AND 8871911
	Aggregate  (cost=3665.72..3665.73 rows=1 width=8)
	  ->  Bitmap Heap Scan on sbtest7  (cost=30.11..3663.36 rows=944 width=121)
	        Recheck Cond: ((id >= 8870912) AND (id <= 8871911))
	        ->  Bitmap Index Scan on sbtest7_pkey  (cost=0.00..29.87 rows=944 width=0)
	              Index Cond: ((id >= 8870912) AND (id <= 8871911))

table 8 : explain SELECT count(c) FROM sbtest8 WHERE id BETWEEN 2972764 AND 2973763
	Aggregate  (cost=3707.32..3707.33 rows=1 width=8)
	  ->  Bitmap Heap Scan on sbtest8  (cost=30.22..3704.93 rows=955 width=121)
	        Recheck Cond: ((id >= 2972764) AND (id <= 2973763))
	        ->  Bitmap Index Scan on sbtest8_pkey  (cost=0.00..29.98 rows=955 width=0)
	              Index Cond: ((id >= 2972764) AND (id <= 2973763))

for: count_ranges
table 1 : explain SELECT count(c) FROM sbtest1 WHERE id BETWEEN 2970175 AND 2971174
	Aggregate  (cost=3899.99..3900.00 rows=1 width=8)
	  ->  Bitmap Heap Scan on sbtest1  (cost=30.75..3897.48 rows=1006 width=121)
	        Recheck Cond: ((id >= 2970175) AND (id <= 2971174))
	        ->  Bitmap Index Scan on sbtest1_pkey  (cost=0.00..30.50 rows=1006 width=0)
	              Index Cond: ((id >= 2970175) AND (id <= 2971174))

table 2 : explain SELECT count(c) FROM sbtest2 WHERE id BETWEEN 626441 AND 627440
	Aggregate  (cost=4171.89..4171.90 rows=1 width=8)
	  ->  Bitmap Heap Scan on sbtest2  (cost=35.47..4169.20 rows=1077 width=121)
	        Recheck Cond: ((id >= 626441) AND (id <= 627440))
	        ->  Bitmap Index Scan on sbtest2_pkey  (cost=0.00..35.20 rows=1077 width=0)
	              Index Cond: ((id >= 626441) AND (id <= 627440))

table 3 : explain SELECT count(c) FROM sbtest3 WHERE id BETWEEN 6136528 AND 6137527
	Aggregate  (cost=3982.85..3982.86 rows=1 width=8)
	  ->  Bitmap Heap Scan on sbtest3  (cost=30.97..3980.28 rows=1028 width=121)
	        Recheck Cond: ((id >= 6136528) AND (id <= 6137527))
	        ->  Bitmap Index Scan on sbtest3_pkey  (cost=0.00..30.71 rows=1028 width=0)
	              Index Cond: ((id >= 6136528) AND (id <= 6137527))

table 4 : explain SELECT count(c) FROM sbtest4 WHERE id BETWEEN 4749744 AND 4750743
	Aggregate  (cost=3696.20..3696.21 rows=1 width=8)
	  ->  Bitmap Heap Scan on sbtest4  (cost=30.19..3693.82 rows=952 width=121)
	        Recheck Cond: ((id >= 4749744) AND (id <= 4750743))
	        ->  Bitmap Index Scan on sbtest4_pkey  (cost=0.00..29.95 rows=952 width=0)
	              Index Cond: ((id >= 4749744) AND (id <= 4750743))

table 5 : explain SELECT count(c) FROM sbtest5 WHERE id BETWEEN 7297381 AND 7298380
	Aggregate  (cost=3854.75..3854.76 rows=1 width=8)
	  ->  Bitmap Heap Scan on sbtest5  (cost=30.62..3852.27 rows=994 width=121)
	        Recheck Cond: ((id >= 7297381) AND (id <= 7298380))
	        ->  Bitmap Index Scan on sbtest5_pkey  (cost=0.00..30.37 rows=994 width=0)
	              Index Cond: ((id >= 7297381) AND (id <= 7298380))

table 6 : explain SELECT count(c) FROM sbtest6 WHERE id BETWEEN 1589188 AND 1590187
	Aggregate  (cost=3824.19..3824.20 rows=1 width=8)
	  ->  Bitmap Heap Scan on sbtest6  (cost=30.54..3821.72 rows=986 width=121)
	        Recheck Cond: ((id >= 1589188) AND (id <= 1590187))
	        ->  Bitmap Index Scan on sbtest6_pkey  (cost=0.00..30.29 rows=986 width=0)
	              Index Cond: ((id >= 1589188) AND (id <= 1590187))

table 7 : explain SELECT count(c) FROM sbtest7 WHERE id BETWEEN 5484303 AND 5485302
	Aggregate  (cost=3752.73..3752.74 rows=1 width=8)
	  ->  Bitmap Heap Scan on sbtest7  (cost=30.35..3750.31 rows=967 width=121)
	        Recheck Cond: ((id >= 5484303) AND (id <= 5485302))
	        ->  Bitmap Index Scan on sbtest7_pkey  (cost=0.00..30.11 rows=967 width=0)
	              Index Cond: ((id >= 5484303) AND (id <= 5485302))

table 8 : explain SELECT count(c) FROM sbtest8 WHERE id BETWEEN 5337335 AND 5338334
	Aggregate  (cost=3960.73..3960.74 rows=1 width=8)
	  ->  Bitmap Heap Scan on sbtest8  (cost=34.90..3958.17 rows=1021 width=121)
	        Recheck Cond: ((id >= 5337335) AND (id <= 5338334))
	        ->  Bitmap Index Scan on sbtest8_pkey  (cost=0.00..34.65 rows=1021 width=0)
	              Index Cond: ((id >= 5337335) AND (id <= 5338334))

Threads started!

Warming up for 5 seconds...

SQL statistics:
    queries performed:
        read:                            18846702
        write:                           0
        other:                           0
        total:                           18846702
    transactions:                        18846702 (29915.12 per sec.)
    queries:                             18846702 (29915.12 per sec.)
    ignored errors:                      0      (0.00 per sec.)
    reconnects:                          0      (0.00 per sec.)

Throughput:
    events/s (eps):                      29915.1207
    time elapsed:                        630.0060s
    total number of events:              18846702

Latency (ms):
         min:                                    0.10
         avg:                                    1.34
         max:                                    9.48
         95th percentile:                        1.44
         sum:                             25190037.56

Threads fairness:
    events (avg/stddev):           471166.9250/351.76
    execution time (avg/stddev):   629.7509/0.01

