LUA_PATH=/home/mdcallag/git/mytools/bench/sysbench.lua/lua/?.lua /home/mdcallag/git/mytools/bench/sysbench.lua/lua/sysbench --db-driver=pgsql --range-size=1000 --table-size=10000000 --tables=8 --threads=40 --events=0 --warmup-time=5 --time=630 --pgsql_conn_id=true /home/mdcallag/git/mytools/bench/sysbench.lua/lua/oltp_read_only.lua run --pgsql-user=root --pgsql-password=pw --pgsql-host=127.0.0.1 --pgsql-db=ib --rand-type=uniform --simple-ranges=0 --sum-ranges=0 --order-ranges=0 --distinct-ranges=1
48 CPUs
sysbench 1.1.0-9072687 (using bundled LuaJIT 2.1.0-beta3)

Running the test with following options:
Number of threads: 40
Warmup time: 5s
Initializing random number generator from current time


Initializing worker threads...

explain: for point_selects :: explain SELECT c FROM sbtest%u WHERE id=%u
explain: for point_selects :: explain SELECT c FROM sbtest%u WHERE id=%u
explain: for point_selects :: explain SELECT c FROM sbtest%u WHERE id=%u
explain: for point_selects :: explain SELECT c FROM sbtest%u WHERE id=%u
for point_selects
table 1 : explain SELECT c FROM sbtest1 WHERE id=6202938
	Index Scan using sbtest1_pkey on sbtest1  (cost=0.43..8.45 rows=1 width=121)
	  Index Cond: (id = 6202938)

table 2 : explain SELECT c FROM sbtest2 WHERE id=6866703
	Index Scan using sbtest2_pkey on sbtest2  (cost=0.43..8.45 rows=1 width=121)
	  Index Cond: (id = 6866703)

table 3 : explain SELECT c FROM sbtest3 WHERE id=326287
	Index Scan using sbtest3_pkey on sbtest3  (cost=0.43..8.45 rows=1 width=121)
	  Index Cond: (id = 326287)

table 4 : explain SELECT c FROM sbtest4 WHERE id=9289650
	Index Scan using sbtest4_pkey on sbtest4  (cost=0.43..8.45 rows=1 width=121)
	  Index Cond: (id = 9289650)

table 5 : explain SELECT c FROM sbtest5 WHERE id=163949
	Index Scan using sbtest5_pkey on sbtest5  (cost=0.43..8.45 rows=1 width=121)
	  Index Cond: (id = 163949)

table 6 : explain SELECT c FROM sbtest6 WHERE id=6510312
	Index Scan using sbtest6_pkey on sbtest6  (cost=0.43..8.45 rows=1 width=121)
	  Index Cond: (id = 6510312)

table 7 : explain SELECT c FROM sbtest7 WHERE id=8308118
	Index Scan using sbtest7_pkey on sbtest7  (cost=0.43..8.45 rows=1 width=121)
	  Index Cond: (id = 8308118)

table 8 : explain SELECT c FROM sbtest8 WHERE id=2781370
	Index Scan using sbtest8_pkey on sbtest8  (cost=0.43..8.45 rows=1 width=121)
	  Index Cond: (id = 2781370)

for point_selects
table 1 : explain SELECT c FROM sbtest1 WHERE id=4397776
	Index Scan using sbtest1_pkey on sbtest1  (cost=0.43..8.45 rows=1 width=121)
	  Index Cond: (id = 4397776)

table 2 : explain SELECT c FROM sbtest2 WHERE id=443467
	Index Scan using sbtest2_pkey on sbtest2  (cost=0.43..8.45 rows=1 width=121)
	  Index Cond: (id = 443467)

table 3 : explain SELECT c FROM sbtest3 WHERE id=207915
	Index Scan using sbtest3_pkey on sbtest3  (cost=0.43..8.45 rows=1 width=121)
	  Index Cond: (id = 207915)

table 4 : explain SELECT c FROM sbtest4 WHERE id=3706821
	Index Scan using sbtest4_pkey on sbtest4  (cost=0.43..8.45 rows=1 width=121)
	  Index Cond: (id = 3706821)

table 5 : explain SELECT c FROM sbtest5 WHERE id=8282404
	Index Scan using sbtest5_pkey on sbtest5  (cost=0.43..8.45 rows=1 width=121)
	  Index Cond: (id = 8282404)

table 6 : explain SELECT c FROM sbtest6 WHERE id=6870389
	Index Scan using sbtest6_pkey on sbtest6  (cost=0.43..8.45 rows=1 width=121)
	  Index Cond: (id = 6870389)

table 7 : explain SELECT c FROM sbtest7 WHERE id=9598132
	Index Scan using sbtest7_pkey on sbtest7  (cost=0.43..8.45 rows=1 width=121)
	  Index Cond: (id = 9598132)

table 8 : explain SELECT c FROM sbtest8 WHERE id=4955001
	Index Scan using sbtest8_pkey on sbtest8  (cost=0.43..8.45 rows=1 width=121)
	  Index Cond: (id = 4955001)

for point_selects
table 1 : explain SELECT c FROM sbtest1 WHERE id=9592993
	Index Scan using sbtest1_pkey on sbtest1  (cost=0.43..8.45 rows=1 width=121)
	  Index Cond: (id = 9592993)

table 2 : explain SELECT c FROM sbtest2 WHERE id=1945805
	Index Scan using sbtest2_pkey on sbtest2  (cost=0.43..8.45 rows=1 width=121)
	  Index Cond: (id = 1945805)

table 3 : explain SELECT c FROM sbtest3 WHERE id=5609531
	Index Scan using sbtest3_pkey on sbtest3  (cost=0.43..8.45 rows=1 width=121)
	  Index Cond: (id = 5609531)

table 4 : explain SELECT c FROM sbtest4 WHERE id=2286172
	Index Scan using sbtest4_pkey on sbtest4  (cost=0.43..8.45 rows=1 width=121)
	  Index Cond: (id = 2286172)

table 5 : explain SELECT c FROM sbtest5 WHERE id=6139713
	Index Scan using sbtest5_pkey on sbtest5  (cost=0.43..8.45 rows=1 width=121)
	  Index Cond: (id = 6139713)

table 6 : explain SELECT c FROM sbtest6 WHERE id=8088599
	Index Scan using sbtest6_pkey on sbtest6  (cost=0.43..8.45 rows=1 width=121)
	  Index Cond: (id = 8088599)

table 7 : explain SELECT c FROM sbtest7 WHERE id=5437570
	Index Scan using sbtest7_pkey on sbtest7  (cost=0.43..8.45 rows=1 width=121)
	  Index Cond: (id = 5437570)

table 8 : explain SELECT c FROM sbtest8 WHERE id=2309738
	Index Scan using sbtest8_pkey on sbtest8  (cost=0.43..8.45 rows=1 width=121)
	  Index Cond: (id = 2309738)

for: simple_ranges
table 1 : explain SELECT c FROM sbtest1 WHERE id BETWEEN 620915 AND 621914
	Bitmap Heap Scan on sbtest1  (cost=30.99..3988.02 rows=1030 width=121)
	  Recheck Cond: ((id >= 620915) AND (id <= 621914))
	  ->  Bitmap Index Scan on sbtest1_pkey  (cost=0.00..30.73 rows=1030 width=0)
	        Index Cond: ((id >= 620915) AND (id <= 621914))

table 2 : explain SELECT c FROM sbtest2 WHERE id BETWEEN 621824 AND 622823
	Bitmap Heap Scan on sbtest2  (cost=35.47..4169.20 rows=1077 width=121)
	  Recheck Cond: ((id >= 621824) AND (id <= 622823))
	  ->  Bitmap Index Scan on sbtest2_pkey  (cost=0.00..35.20 rows=1077 width=0)
	        Index Cond: ((id >= 621824) AND (id <= 622823))

table 3 : explain SELECT c FROM sbtest3 WHERE id BETWEEN 2153441 AND 2154440
	Bitmap Heap Scan on sbtest3  (cost=30.47..3795.35 rows=979 width=121)
	  Recheck Cond: ((id >= 2153441) AND (id <= 2154440))
	  ->  Bitmap Index Scan on sbtest3_pkey  (cost=0.00..30.22 rows=979 width=0)
	        Index Cond: ((id >= 2153441) AND (id <= 2154440))

table 4 : explain SELECT c FROM sbtest4 WHERE id BETWEEN 5445846 AND 5446845
	Bitmap Heap Scan on sbtest4  (cost=36.23..4444.12 rows=1151 width=121)
	  Recheck Cond: ((id >= 5445846) AND (id <= 5446845))
	  ->  Bitmap Index Scan on sbtest4_pkey  (cost=0.00..35.95 rows=1151 width=0)
	        Index Cond: ((id >= 5445846) AND (id <= 5446845))

table 5 : explain SELECT c FROM sbtest5 WHERE id BETWEEN 6512869 AND 6513868
	Bitmap Heap Scan on sbtest5  (cost=30.90..3954.16 rows=1021 width=121)
	  Recheck Cond: ((id >= 6512869) AND (id <= 6513868))
	  ->  Bitmap Index Scan on sbtest5_pkey  (cost=0.00..30.64 rows=1021 width=0)
	        Index Cond: ((id >= 6512869) AND (id <= 6513868))

table 6 : explain SELECT c FROM sbtest6 WHERE id BETWEEN 1496811 AND 1497810
	Bitmap Heap Scan on sbtest6  (cost=30.22..3704.60 rows=955 width=121)
	  Recheck Cond: ((id >= 1496811) AND (id <= 1497810))
	  ->  Bitmap Index Scan on sbtest6_pkey  (cost=0.00..29.98 rows=955 width=0)
	        Index Cond: ((id >= 1496811) AND (id <= 1497810))

table 7 : explain SELECT c FROM sbtest7 WHERE id BETWEEN 4567310 AND 4568309
	Bitmap Heap Scan on sbtest7  (cost=30.95..3973.05 rows=1026 width=121)
	  Recheck Cond: ((id >= 4567310) AND (id <= 4568309))
	  ->  Bitmap Index Scan on sbtest7_pkey  (cost=0.00..30.69 rows=1026 width=0)
	        Index Cond: ((id >= 4567310) AND (id <= 4568309))

table 8 : explain SELECT c FROM sbtest8 WHERE id BETWEEN 8182725 AND 8183724
	Bitmap Heap Scan on sbtest8  (cost=29.99..3617.94 rows=932 width=121)
	  Recheck Cond: ((id >= 8182725) AND (id <= 8183724))
	  ->  Bitmap Index Scan on sbtest8_pkey  (cost=0.00..29.75 rows=932 width=0)
	        Index Cond: ((id >= 8182725) AND (id <= 8183724))

for point_selects
table 1 : explain SELECT c FROM sbtest1 WHERE id=2524441
	Index Scan using sbtest1_pkey on sbtest1  (cost=0.43..8.45 rows=1 width=121)
	  Index Cond: (id = 2524441)

table 2 : explain SELECT c FROM sbtest2 WHERE id=2648606
	Index Scan using sbtest2_pkey on sbtest2  (cost=0.43..8.45 rows=1 width=121)
	  Index Cond: (id = 2648606)

table 3 : explain SELECT c FROM sbtest3 WHERE id=9704037
	Index Scan using sbtest3_pkey on sbtest3  (cost=0.43..8.45 rows=1 width=121)
	  Index Cond: (id = 9704037)

table 4 : explain SELECT c FROM sbtest4 WHERE id=9917977
	Index Scan using sbtest4_pkey on sbtest4  (cost=0.43..8.45 rows=1 width=121)
	  Index Cond: (id = 9917977)

table 5 : explain SELECT c FROM sbtest5 WHERE id=6672944
	Index Scan using sbtest5_pkey on sbtest5  (cost=0.43..8.45 rows=1 width=121)
	  Index Cond: (id = 6672944)

table 6 : explain SELECT c FROM sbtest6 WHERE id=2821843
	Index Scan using sbtest6_pkey on sbtest6  (cost=0.43..8.45 rows=1 width=121)
	  Index Cond: (id = 2821843)

table 7 : explain SELECT c FROM sbtest7 WHERE id=6470424
	Index Scan using sbtest7_pkey on sbtest7  (cost=0.43..8.45 rows=1 width=121)
	  Index Cond: (id = 6470424)

table 8 : explain SELECT c FROM sbtest8 WHERE id=9155219
	Index Scan using sbtest8_pkey on sbtest8  (cost=0.43..8.45 rows=1 width=121)
	  Index Cond: (id = 9155219)

explain: for point_selects :: explain SELECT c FROM sbtest%u WHERE id=%u
for: simple_ranges
table 1 : explain SELECT c FROM sbtest1 WHERE id BETWEEN 7734991 AND 7735990
	Bitmap Heap Scan on sbtest1  (cost=30.09..3655.69 rows=942 width=121)
	  Recheck Cond: ((id >= 7734991) AND (id <= 7735990))
	  ->  Bitmap Index Scan on sbtest1_pkey  (cost=0.00..29.86 rows=942 width=0)
	        Index Cond: ((id >= 7734991) AND (id <= 7735990))

table 2 : explain SELECT c FROM sbtest2 WHERE id BETWEEN 3459019 AND 3460018
	Bitmap Heap Scan on sbtest2  (cost=30.85..3935.28 rows=1016 width=121)
	  Recheck Cond: ((id >= 3459019) AND (id <= 3460018))
	  ->  Bitmap Index Scan on sbtest2_pkey  (cost=0.00..30.59 rows=1016 width=0)
	        Index Cond: ((id >= 3459019) AND (id <= 3460018))

table 3 : explain SELECT c FROM sbtest3 WHERE id BETWEEN 5082591 AND 5083590
	Bitmap Heap Scan on sbtest3  (cost=35.67..4240.42 rows=1096 width=121)
	  Recheck Cond: ((id >= 5082591) AND (id <= 5083590))
	  ->  Bitmap Index Scan on sbtest3_pkey  (cost=0.00..35.40 rows=1096 width=0)
	        Index Cond: ((id >= 5082591) AND (id <= 5083590))

table 4 : explain SELECT c FROM sbtest4 WHERE id BETWEEN 9233413 AND 9234412
	Bitmap Heap Scan on sbtest4  (cost=30.43..3780.76 rows=975 width=121)
	  Recheck Cond: ((id >= 9233413) AND (id <= 9234412))
	  ->  Bitmap Index Scan on sbtest4_pkey  (cost=0.00..30.18 rows=975 width=0)
	        Index Cond: ((id >= 9233413) AND (id <= 9234412))

table 5 : explain SELECT c FROM sbtest5 WHERE id BETWEEN 9978963 AND 9979962
	Bitmap Heap Scan on sbtest5  (cost=30.33..3742.72 rows=965 width=121)
	  Recheck Cond: ((id >= 9978963) AND (id <= 9979962))
	  ->  Bitmap Index Scan on sbtest5_pkey  (cost=0.00..30.08 rows=965 width=0)
	        Index Cond: ((id >= 9978963) AND (id <= 9979962))

table 6 : explain SELECT c FROM sbtest6 WHERE id BETWEEN 9009075 AND 9010074
	Bitmap Heap Scan on sbtest6  (cost=30.60..3844.38 rows=992 width=121)
	  Recheck Cond: ((id >= 9009075) AND (id <= 9010074))
	  ->  Bitmap Index Scan on sbtest6_pkey  (cost=0.00..30.36 rows=992 width=0)
	        Index Cond: ((id >= 9009075) AND (id <= 9010074))

table 7 : explain SELECT c FROM sbtest7 WHERE id BETWEEN 5068468 AND 5069467
	Bitmap Heap Scan on sbtest7  (cost=30.75..3897.60 rows=1006 width=121)
	  Recheck Cond: ((id >= 5068468) AND (id <= 5069467))
	  ->  Bitmap Index Scan on sbtest7_pkey  (cost=0.00..30.50 rows=1006 width=0)
	        Index Cond: ((id >= 5068468) AND (id <= 5069467))

table 8 : explain SELECT c FROM sbtest8 WHERE id BETWEEN 6740824 AND 6741823
	Bitmap Heap Scan on sbtest8  (cost=30.07..3648.21 rows=940 width=121)
	  Recheck Cond: ((id >= 6740824) AND (id <= 6741823))
	  ->  Bitmap Index Scan on sbtest8_pkey  (cost=0.00..29.83 rows=940 width=0)
	        Index Cond: ((id >= 6740824) AND (id <= 6741823))

for: simple_ranges
table 1 : explain SELECT c FROM sbtest1 WHERE id BETWEEN 9222822 AND 9223821
	Bitmap Heap Scan on sbtest1  (cost=30.82..3923.89 rows=1013 width=121)
	  Recheck Cond: ((id >= 9222822) AND (id <= 9223821))
	  ->  Bitmap Index Scan on sbtest1_pkey  (cost=0.00..30.57 rows=1013 width=0)
	        Index Cond: ((id >= 9222822) AND (id <= 9223821))

table 2 : explain SELECT c FROM sbtest2 WHERE id BETWEEN 3047698 AND 3048697
	Bitmap Heap Scan on sbtest2  (cost=30.82..3923.96 rows=1013 width=121)
	  Recheck Cond: ((id >= 3047698) AND (id <= 3048697))
	  ->  Bitmap Index Scan on sbtest2_pkey  (cost=0.00..30.57 rows=1013 width=0)
	        Index Cond: ((id >= 3047698) AND (id <= 3048697))

table 3 : explain SELECT c FROM sbtest3 WHERE id BETWEEN 4798957 AND 4799956
	Bitmap Heap Scan on sbtest3  (cost=30.80..3916.16 rows=1011 width=121)
	  Recheck Cond: ((id >= 4798957) AND (id <= 4799956))
	  ->  Bitmap Index Scan on sbtest3_pkey  (cost=0.00..30.54 rows=1011 width=0)
	        Index Cond: ((id >= 4798957) AND (id <= 4799956))

table 4 : explain SELECT c FROM sbtest4 WHERE id BETWEEN 6153495 AND 6154494
	Bitmap Heap Scan on sbtest4  (cost=35.75..4271.14 rows=1104 width=121)
	  Recheck Cond: ((id >= 6153495) AND (id <= 6154494))
	  ->  Bitmap Index Scan on sbtest4_pkey  (cost=0.00..35.48 rows=1104 width=0)
	        Index Cond: ((id >= 6153495) AND (id <= 6154494))

table 5 : explain SELECT c FROM sbtest5 WHERE id BETWEEN 3758745 AND 3759744
	Bitmap Heap Scan on sbtest5  (cost=29.41..3405.85 rows=876 width=121)
	  Recheck Cond: ((id >= 3758745) AND (id <= 3759744))
	  ->  Bitmap Index Scan on sbtest5_pkey  (cost=0.00..29.19 rows=876 width=0)
	        Index Cond: ((id >= 3758745) AND (id <= 3759744))

table 6 : explain SELECT c FROM sbtest6 WHERE id BETWEEN 5333111 AND 5334110
	Bitmap Heap Scan on sbtest6  (cost=35.08..4025.68 rows=1039 width=121)
	  Recheck Cond: ((id >= 5333111) AND (id <= 5334110))
	  ->  Bitmap Index Scan on sbtest6_pkey  (cost=0.00..34.83 rows=1039 width=0)
	        Index Cond: ((id >= 5333111) AND (id <= 5334110))

table 7 : explain SELECT c FROM sbtest7 WHERE id BETWEEN 2720179 AND 2721178
	Bitmap Heap Scan on sbtest7  (cost=35.19..4063.77 rows=1049 width=121)
	  Recheck Cond: ((id >= 2720179) AND (id <= 2721178))
	  ->  Bitmap Index Scan on sbtest7_pkey  (cost=0.00..34.93 rows=1049 width=0)
	        Index Cond: ((id >= 2720179) AND (id <= 2721178))

table 8 : explain SELECT c FROM sbtest8 WHERE id BETWEEN 5190352 AND 5191351
	Bitmap Heap Scan on sbtest8  (cost=35.00..3995.89 rows=1031 width=121)
	  Recheck Cond: ((id >= 5190352) AND (id <= 5191351))
	  ->  Bitmap Index Scan on sbtest8_pkey  (cost=0.00..34.75 rows=1031 width=0)
	        Index Cond: ((id >= 5190352) AND (id <= 5191351))

for: simple_ranges
table 1 : explain SELECT c FROM sbtest1 WHERE id BETWEEN 4429926 AND 4430925
	Bitmap Heap Scan on sbtest1  (cost=30.36..3753.98 rows=968 width=121)
	  Recheck Cond: ((id >= 4429926) AND (id <= 4430925))
	  ->  Bitmap Index Scan on sbtest1_pkey  (cost=0.00..30.11 rows=968 width=0)
	        Index Cond: ((id >= 4429926) AND (id <= 4430925))

table 2 : explain SELECT c FROM sbtest2 WHERE id BETWEEN 4527988 AND 4528987
	Bitmap Heap Scan on sbtest2  (cost=35.12..4037.34 rows=1042 width=121)
	  Recheck Cond: ((id >= 4527988) AND (id <= 4528987))
	  ->  Bitmap Index Scan on sbtest2_pkey  (cost=0.00..34.86 rows=1042 width=0)
	        Index Cond: ((id >= 4527988) AND (id <= 4528987))

table 3 : explain SELECT c FROM sbtest3 WHERE id BETWEEN 5120676 AND 5121675
	Bitmap Heap Scan on sbtest3  (cost=35.63..4225.37 rows=1092 width=121)
	  Recheck Cond: ((id >= 5120676) AND (id <= 5121675))
	  ->  Bitmap Index Scan on sbtest3_pkey  (cost=0.00..35.36 rows=1092 width=0)
	        Index Cond: ((id >= 5120676) AND (id <= 5121675))

table 4 : explain SELECT c FROM sbtest4 WHERE id BETWEEN 600410 AND 601409
	Bitmap Heap Scan on sbtest4  (cost=35.19..4064.02 rows=1049 width=121)
	  Recheck Cond: ((id >= 600410) AND (id <= 601409))
	  ->  Bitmap Index Scan on sbtest4_pkey  (cost=0.00..34.93 rows=1049 width=0)
	        Index Cond: ((id >= 600410) AND (id <= 601409))

table 5 : explain SELECT c FROM sbtest5 WHERE id BETWEEN 2428688 AND 2429687
	Bitmap Heap Scan on sbtest5  (cost=30.14..3674.67 rows=947 width=121)
	  Recheck Cond: ((id >= 2428688) AND (id <= 2429687))
	  ->  Bitmap Index Scan on sbtest5_pkey  (cost=0.00..29.90 rows=947 width=0)
	        Index Cond: ((id >= 2428688) AND (id <= 2429687))

table 6 : explain SELECT c FROM sbtest6 WHERE id BETWEEN 8514867 AND 8515866
	Bitmap Heap Scan on sbtest6  (cost=34.82..3927.63 rows=1013 width=121)
	  Recheck Cond: ((id >= 8514867) AND (id <= 8515866))
	  ->  Bitmap Index Scan on sbtest6_pkey  (cost=0.00..34.57 rows=1013 width=0)
	        Index Cond: ((id >= 8514867) AND (id <= 8515866))

table 7 : explain SELECT c FROM sbtest7 WHERE id BETWEEN 5694944 AND 5695943
	Bitmap Heap Scan on sbtest7  (cost=30.62..3852.30 rows=994 width=121)
	  Recheck Cond: ((id >= 5694944) AND (id <= 5695943))
	  ->  Bitmap Index Scan on sbtest7_pkey  (cost=0.00..30.37 rows=994 width=0)
	        Index Cond: ((id >= 5694944) AND (id <= 5695943))

table 8 : explain SELECT c FROM sbtest8 WHERE id BETWEEN 4855236 AND 4856235
	Bitmap Heap Scan on sbtest8  (cost=30.00..3621.73 rows=933 width=121)
	  Recheck Cond: ((id >= 4855236) AND (id <= 4856235))
	  ->  Bitmap Index Scan on sbtest8_pkey  (cost=0.00..29.76 rows=933 width=0)
	        Index Cond: ((id >= 4855236) AND (id <= 4856235))

explain: for point_selects :: explain SELECT c FROM sbtest%u WHERE id=%u
explain: for point_selects :: explain SELECT c FROM sbtest%u WHERE id=%u
for: sum_ranges
table 1 : explain SELECT SUM(k) FROM sbtest1 WHERE id BETWEEN 9626114 AND 9627113
	Aggregate  (cost=4062.27..4062.28 rows=1 width=8)
	  ->  Bitmap Heap Scan on sbtest1  (cost=31.19..4059.64 rows=1049 width=4)
	        Recheck Cond: ((id >= 9626114) AND (id <= 9627113))
	        ->  Bitmap Index Scan on sbtest1_pkey  (cost=0.00..30.93 rows=1049 width=0)
	              Index Cond: ((id >= 9626114) AND (id <= 9627113))

table 2 : explain SELECT SUM(k) FROM sbtest2 WHERE id BETWEEN 1631455 AND 1632454
	Aggregate  (cost=3665.67..3665.68 rows=1 width=8)
	  ->  Bitmap Heap Scan on sbtest2  (cost=30.11..3663.31 rows=944 width=4)
	        Recheck Cond: ((id >= 1631455) AND (id <= 1632454))
	        ->  Bitmap Index Scan on sbtest2_pkey  (cost=0.00..29.87 rows=944 width=0)
	              Index Cond: ((id >= 1631455) AND (id <= 1632454))

table 3 : explain SELECT SUM(k) FROM sbtest3 WHERE id BETWEEN 4453829 AND 4454828
	Aggregate  (cost=3858.26..3858.27 rows=1 width=8)
	  ->  Bitmap Heap Scan on sbtest3  (cost=30.63..3855.77 rows=995 width=4)
	        Recheck Cond: ((id >= 4453829) AND (id <= 4454828))
	        ->  Bitmap Index Scan on sbtest3_pkey  (cost=0.00..30.39 rows=995 width=0)
	              Index Cond: ((id >= 4453829) AND (id <= 4454828))

table 4 : explain SELECT SUM(k) FROM sbtest4 WHERE id BETWEEN 3727637 AND 3728636
	Aggregate  (cost=4285.19..4285.20 rows=1 width=8)
	  ->  Bitmap Heap Scan on sbtest4  (cost=35.78..4282.43 rows=1107 width=4)
	        Recheck Cond: ((id >= 3727637) AND (id <= 3728636))
	        ->  Bitmap Index Scan on sbtest4_pkey  (cost=0.00..35.51 rows=1107 width=0)
	              Index Cond: ((id >= 3727637) AND (id <= 3728636))

table 5 : explain SELECT SUM(k) FROM sbtest5 WHERE id BETWEEN 9053759 AND 9054758
	Aggregate  (cost=4085.21..4085.22 rows=1 width=8)
	  ->  Bitmap Heap Scan on sbtest5  (cost=35.24..4082.58 rows=1054 width=4)
	        Recheck Cond: ((id >= 9053759) AND (id <= 9054758))
	        ->  Bitmap Index Scan on sbtest5_pkey  (cost=0.00..34.98 rows=1054 width=0)
	              Index Cond: ((id >= 9053759) AND (id <= 9054758))

table 6 : explain SELECT SUM(k) FROM sbtest6 WHERE id BETWEEN 9918333 AND 9919332
	Aggregate  (cost=3782.62..3782.63 rows=1 width=8)
	  ->  Bitmap Heap Scan on sbtest6  (cost=30.43..3780.18 rows=975 width=4)
	        Recheck Cond: ((id >= 9918333) AND (id <= 9919332))
	        ->  Bitmap Index Scan on sbtest6_pkey  (cost=0.00..30.18 rows=975 width=0)
	              Index Cond: ((id >= 9918333) AND (id <= 9919332))

table 7 : explain SELECT SUM(k) FROM sbtest7 WHERE id BETWEEN 2165777 AND 2166776
	Aggregate  (cost=3858.56..3858.57 rows=1 width=8)
	  ->  Bitmap Heap Scan on sbtest7  (cost=30.63..3856.07 rows=995 width=4)
	        Recheck Cond: ((id >= 2165777) AND (id <= 2166776))
	        ->  Bitmap Index Scan on sbtest7_pkey  (cost=0.00..30.39 rows=995 width=0)
	              Index Cond: ((id >= 2165777) AND (id <= 2166776))

table 8 : explain SELECT SUM(k) FROM sbtest8 WHERE id BETWEEN 6366302 AND 6367301
	Aggregate  (cost=4273.61..4273.62 rows=1 width=8)
	  ->  Bitmap Heap Scan on sbtest8  (cost=35.75..4270.85 rows=1104 width=4)
	        Recheck Cond: ((id >= 6366302) AND (id <= 6367301))
	        ->  Bitmap Index Scan on sbtest8_pkey  (cost=0.00..35.48 rows=1104 width=0)
	              Index Cond: ((id >= 6366302) AND (id <= 6367301))

for point_selects
table 1 : explain SELECT c FROM sbtest1 WHERE id=1970142
	Index Scan using sbtest1_pkey on sbtest1  (cost=0.43..8.45 rows=1 width=121)
	  Index Cond: (id = 1970142)

table 2 : explain SELECT c FROM sbtest2 WHERE id=3200663
	Index Scan using sbtest2_pkey on sbtest2  (cost=0.43..8.45 rows=1 width=121)
	  Index Cond: (id = 3200663)

table 3 : explain SELECT c FROM sbtest3 WHERE id=7493135
	Index Scan using sbtest3_pkey on sbtest3  (cost=0.43..8.45 rows=1 width=121)
	  Index Cond: (id = 7493135)

table 4 : explain SELECT c FROM sbtest4 WHERE id=4034525
	Index Scan using sbtest4_pkey on sbtest4  (cost=0.43..8.45 rows=1 width=121)
	  Index Cond: (id = 4034525)

table 5 : explain SELECT c FROM sbtest5 WHERE id=2656824
	Index Scan using sbtest5_pkey on sbtest5  (cost=0.43..8.45 rows=1 width=121)
	  Index Cond: (id = 2656824)

table 6 : explain SELECT c FROM sbtest6 WHERE id=1042558
	Index Scan using sbtest6_pkey on sbtest6  (cost=0.43..8.45 rows=1 width=121)
	  Index Cond: (id = 1042558)

table 7 : explain SELECT c FROM sbtest7 WHERE id=6966614
	Index Scan using sbtest7_pkey on sbtest7  (cost=0.43..8.45 rows=1 width=121)
	  Index Cond: (id = 6966614)

table 8 : explain SELECT c FROM sbtest8 WHERE id=2019072
	Index Scan using sbtest8_pkey on sbtest8  (cost=0.43..8.45 rows=1 width=121)
	  Index Cond: (id = 2019072)

explain: for point_selects :: explain SELECT c FROM sbtest%u WHERE id=%u
explain: for point_selects :: explain SELECT c FROM sbtest%u WHERE id=%u
explain: for point_selects :: explain SELECT c FROM sbtest%u WHERE id=%u
for point_selects
table 1 : explain SELECT c FROM sbtest1 WHERE id=9437352
	Index Scan using sbtest1_pkey on sbtest1  (cost=0.43..8.45 rows=1 width=121)
	  Index Cond: (id = 9437352)

table 2 : explain SELECT c FROM sbtest2 WHERE id=9530916
	Index Scan using sbtest2_pkey on sbtest2  (cost=0.43..8.45 rows=1 width=121)
	  Index Cond: (id = 9530916)

table 3 : explain SELECT c FROM sbtest3 WHERE id=9624155
	Index Scan using sbtest3_pkey on sbtest3  (cost=0.43..8.45 rows=1 width=121)
	  Index Cond: (id = 9624155)

table 4 : explain SELECT c FROM sbtest4 WHERE id=3385681
	Index Scan using sbtest4_pkey on sbtest4  (cost=0.43..8.45 rows=1 width=121)
	  Index Cond: (id = 3385681)

table 5 : explain SELECT c FROM sbtest5 WHERE id=4910959
	Index Scan using sbtest5_pkey on sbtest5  (cost=0.43..8.45 rows=1 width=121)
	  Index Cond: (id = 4910959)

table 6 : explain SELECT c FROM sbtest6 WHERE id=310449
	Index Scan using sbtest6_pkey on sbtest6  (cost=0.43..8.45 rows=1 width=121)
	  Index Cond: (id = 310449)

table 7 : explain SELECT c FROM sbtest7 WHERE id=1050285
	Index Scan using sbtest7_pkey on sbtest7  (cost=0.43..8.45 rows=1 width=121)
	  Index Cond: (id = 1050285)

table 8 : explain SELECT c FROM sbtest8 WHERE id=3064658
	Index Scan using sbtest8_pkey on sbtest8  (cost=0.43..8.45 rows=1 width=121)
	  Index Cond: (id = 3064658)

for point_selects
table 1 : explain SELECT c FROM sbtest1 WHERE id=1350703
	Index Scan using sbtest1_pkey on sbtest1  (cost=0.43..8.45 rows=1 width=121)
	  Index Cond: (id = 1350703)

table 2 : explain SELECT c FROM sbtest2 WHERE id=9813455
	Index Scan using sbtest2_pkey on sbtest2  (cost=0.43..8.45 rows=1 width=121)
	  Index Cond: (id = 9813455)

table 3 : explain SELECT c FROM sbtest3 WHERE id=2257945
	Index Scan using sbtest3_pkey on sbtest3  (cost=0.43..8.45 rows=1 width=121)
	  Index Cond: (id = 2257945)

table 4 : explain SELECT c FROM sbtest4 WHERE id=5306701
	Index Scan using sbtest4_pkey on sbtest4  (cost=0.43..8.45 rows=1 width=121)
	  Index Cond: (id = 5306701)

table 5 : explain SELECT c FROM sbtest5 WHERE id=7180503
	Index Scan using sbtest5_pkey on sbtest5  (cost=0.43..8.45 rows=1 width=121)
	  Index Cond: (id = 7180503)

table 6 : explain SELECT c FROM sbtest6 WHERE id=3424102
	Index Scan using sbtest6_pkey on sbtest6  (cost=0.43..8.45 rows=1 width=121)
	  Index Cond: (id = 3424102)

table 7 : explain SELECT c FROM sbtest7 WHERE id=2818269
	Index Scan using sbtest7_pkey on sbtest7  (cost=0.43..8.45 rows=1 width=121)
	  Index Cond: (id = 2818269)

table 8 : explain SELECT c FROM sbtest8 WHERE id=7546292
	Index Scan using sbtest8_pkey on sbtest8  (cost=0.43..8.45 rows=1 width=121)
	  Index Cond: (id = 7546292)

for: simple_ranges
table 1 : explain SELECT c FROM sbtest1 WHERE id BETWEEN 7350268 AND 7351267
	Bitmap Heap Scan on sbtest1  (cost=30.25..3716.18 rows=958 width=121)
	  Recheck Cond: ((id >= 7350268) AND (id <= 7351267))
	  ->  Bitmap Index Scan on sbtest1_pkey  (cost=0.00..30.01 rows=958 width=0)
	        Index Cond: ((id >= 7350268) AND (id <= 7351267))

table 2 : explain SELECT c FROM sbtest2 WHERE id BETWEEN 869892 AND 870891
	Bitmap Heap Scan on sbtest2  (cost=30.85..3935.28 rows=1016 width=121)
	  Recheck Cond: ((id >= 869892) AND (id <= 870891))
	  ->  Bitmap Index Scan on sbtest2_pkey  (cost=0.00..30.59 rows=1016 width=0)
	        Index Cond: ((id >= 869892) AND (id <= 870891))

table 3 : explain SELECT c FROM sbtest3 WHERE id BETWEEN 3378008 AND 3379007
	Bitmap Heap Scan on sbtest3  (cost=30.58..3836.89 rows=990 width=121)
	  Recheck Cond: ((id >= 3378008) AND (id <= 3379007))
	  ->  Bitmap Index Scan on sbtest3_pkey  (cost=0.00..30.33 rows=990 width=0)
	        Index Cond: ((id >= 3378008) AND (id <= 3379007))

table 4 : explain SELECT c FROM sbtest4 WHERE id BETWEEN 4533217 AND 4534216
	Bitmap Heap Scan on sbtest4  (cost=35.90..4327.56 rows=1119 width=121)
	  Recheck Cond: ((id >= 4533217) AND (id <= 4534216))
	  ->  Bitmap Index Scan on sbtest4_pkey  (cost=0.00..35.62 rows=1119 width=0)
	        Index Cond: ((id >= 4533217) AND (id <= 4534216))

table 5 : explain SELECT c FROM sbtest5 WHERE id BETWEEN 8947666 AND 8948665
	Bitmap Heap Scan on sbtest5  (cost=30.23..3708.70 rows=956 width=121)
	  Recheck Cond: ((id >= 8947666) AND (id <= 8948665))
	  ->  Bitmap Index Scan on sbtest5_pkey  (cost=0.00..30.00 rows=956 width=0)
	        Index Cond: ((id >= 8947666) AND (id <= 8948665))

table 6 : explain SELECT c FROM sbtest6 WHERE id BETWEEN 9790245 AND 9791244
	Bitmap Heap Scan on sbtest6  (cost=35.58..4206.47 rows=1087 width=121)
	  Recheck Cond: ((id >= 9790245) AND (id <= 9791244))
	  ->  Bitmap Index Scan on sbtest6_pkey  (cost=0.00..35.31 rows=1087 width=0)
	        Index Cond: ((id >= 9790245) AND (id <= 9791244))

table 7 : explain SELECT c FROM sbtest7 WHERE id BETWEEN 1549513 AND 1550512
	Bitmap Heap Scan on sbtest7  (cost=30.31..3735.19 rows=963 width=121)
	  Recheck Cond: ((id >= 1549513) AND (id <= 1550512))
	  ->  Bitmap Index Scan on sbtest7_pkey  (cost=0.00..30.07 rows=963 width=0)
	        Index Cond: ((id >= 1549513) AND (id <= 1550512))

table 8 : explain SELECT c FROM sbtest8 WHERE id BETWEEN 5929718 AND 5930717
	Bitmap Heap Scan on sbtest8  (cost=30.87..3942.86 rows=1018 width=121)
	  Recheck Cond: ((id >= 5929718) AND (id <= 5930717))
	  ->  Bitmap Index Scan on sbtest8_pkey  (cost=0.00..30.61 rows=1018 width=0)
	        Index Cond: ((id >= 5929718) AND (id <= 5930717))

for: simple_ranges
table 1 : explain SELECT c FROM sbtest1 WHERE id BETWEEN 9458655 AND 9459654
	Bitmap Heap Scan on sbtest1  (cost=31.32..4108.63 rows=1062 width=121)
	  Recheck Cond: ((id >= 9458655) AND (id <= 9459654))
	  ->  Bitmap Index Scan on sbtest1_pkey  (cost=0.00..31.05 rows=1062 width=0)
	        Index Cond: ((id >= 9458655) AND (id <= 9459654))

table 2 : explain SELECT c FROM sbtest2 WHERE id BETWEEN 743206 AND 744205
	Bitmap Heap Scan on sbtest2  (cost=35.11..4033.57 rows=1041 width=121)
	  Recheck Cond: ((id >= 743206) AND (id <= 744205))
	  ->  Bitmap Index Scan on sbtest2_pkey  (cost=0.00..34.84 rows=1041 width=0)
	        Index Cond: ((id >= 743206) AND (id <= 744205))

table 3 : explain SELECT c FROM sbtest3 WHERE id BETWEEN 3994360 AND 3995359
	Bitmap Heap Scan on sbtest3  (cost=30.19..3693.33 rows=952 width=121)
	  Recheck Cond: ((id >= 3994360) AND (id <= 3995359))
	  ->  Bitmap Index Scan on sbtest3_pkey  (cost=0.00..29.95 rows=952 width=0)
	        Index Cond: ((id >= 3994360) AND (id <= 3995359))

table 4 : explain SELECT c FROM sbtest4 WHERE id BETWEEN 1205862 AND 1206861
	Bitmap Heap Scan on sbtest4  (cost=30.92..3961.98 rows=1023 width=121)
	  Recheck Cond: ((id >= 1205862) AND (id <= 1206861))
	  ->  Bitmap Index Scan on sbtest4_pkey  (cost=0.00..30.66 rows=1023 width=0)
	        Index Cond: ((id >= 1205862) AND (id <= 1206861))

table 5 : explain SELECT c FROM sbtest5 WHERE id BETWEEN 3951602 AND 3952601
	Bitmap Heap Scan on sbtest5  (cost=30.63..3856.04 rows=995 width=121)
	  Recheck Cond: ((id >= 3951602) AND (id <= 3952601))
	  ->  Bitmap Index Scan on sbtest5_pkey  (cost=0.00..30.39 rows=995 width=0)
	        Index Cond: ((id >= 3951602) AND (id <= 3952601))

table 6 : explain SELECT c FROM sbtest6 WHERE id BETWEEN 4607594 AND 4608593
	Bitmap Heap Scan on sbtest6  (cost=34.82..3927.63 rows=1013 width=121)
	  Recheck Cond: ((id >= 4607594) AND (id <= 4608593))
	  ->  Bitmap Index Scan on sbtest6_pkey  (cost=0.00..34.57 rows=1013 width=0)
	        Index Cond: ((id >= 4607594) AND (id <= 4608593))

table 7 : explain SELECT c FROM sbtest7 WHERE id BETWEEN 1359889 AND 1360888
	Bitmap Heap Scan on sbtest7  (cost=35.17..4056.23 rows=1047 width=121)
	  Recheck Cond: ((id >= 1359889) AND (id <= 1360888))
	  ->  Bitmap Index Scan on sbtest7_pkey  (cost=0.00..34.91 rows=1047 width=0)
	        Index Cond: ((id >= 1359889) AND (id <= 1360888))

table 8 : explain SELECT c FROM sbtest8 WHERE id BETWEEN 6648524 AND 6649523
	Bitmap Heap Scan on sbtest8  (cost=35.01..3999.66 rows=1032 width=121)
	  Recheck Cond: ((id >= 6648524) AND (id <= 6649523))
	  ->  Bitmap Index Scan on sbtest8_pkey  (cost=0.00..34.76 rows=1032 width=0)
	        Index Cond: ((id >= 6648524) AND (id <= 6649523))

for point_selects
table 1 : explain SELECT c FROM sbtest1 WHERE id=9766945
	Index Scan using sbtest1_pkey on sbtest1  (cost=0.43..8.45 rows=1 width=121)
	  Index Cond: (id = 9766945)

table 2 : explain SELECT c FROM sbtest2 WHERE id=999307
	Index Scan using sbtest2_pkey on sbtest2  (cost=0.43..8.45 rows=1 width=121)
	  Index Cond: (id = 999307)

table 3 : explain SELECT c FROM sbtest3 WHERE id=1073566
	Index Scan using sbtest3_pkey on sbtest3  (cost=0.43..8.45 rows=1 width=121)
	  Index Cond: (id = 1073566)

table 4 : explain SELECT c FROM sbtest4 WHERE id=520654
	Index Scan using sbtest4_pkey on sbtest4  (cost=0.43..8.45 rows=1 width=121)
	  Index Cond: (id = 520654)

table 5 : explain SELECT c FROM sbtest5 WHERE id=1642287
	Index Scan using sbtest5_pkey on sbtest5  (cost=0.43..8.45 rows=1 width=121)
	  Index Cond: (id = 1642287)

table 6 : explain SELECT c FROM sbtest6 WHERE id=7940286
	Index Scan using sbtest6_pkey on sbtest6  (cost=0.43..8.45 rows=1 width=121)
	  Index Cond: (id = 7940286)

table 7 : explain SELECT c FROM sbtest7 WHERE id=7354443
	Index Scan using sbtest7_pkey on sbtest7  (cost=0.43..8.45 rows=1 width=121)
	  Index Cond: (id = 7354443)

table 8 : explain SELECT c FROM sbtest8 WHERE id=6136862
	Index Scan using sbtest8_pkey on sbtest8  (cost=0.43..8.45 rows=1 width=121)
	  Index Cond: (id = 6136862)

for: simple_ranges
table 1 : explain SELECT c FROM sbtest1 WHERE id BETWEEN 558921 AND 559920
	Bitmap Heap Scan on sbtest1  (cost=29.70..3511.87 rows=904 width=121)
	  Recheck Cond: ((id >= 558921) AND (id <= 559920))
	  ->  Bitmap Index Scan on sbtest1_pkey  (cost=0.00..29.47 rows=904 width=0)
	        Index Cond: ((id >= 558921) AND (id <= 559920))

table 2 : explain SELECT c FROM sbtest2 WHERE id BETWEEN 7276938 AND 7277937
	Bitmap Heap Scan on sbtest2  (cost=30.16..3682.22 rows=949 width=121)
	  Recheck Cond: ((id >= 7276938) AND (id <= 7277937))
	  ->  Bitmap Index Scan on sbtest2_pkey  (cost=0.00..29.93 rows=949 width=0)
	        Index Cond: ((id >= 7276938) AND (id <= 7277937))

table 3 : explain SELECT c FROM sbtest3 WHERE id BETWEEN 8149028 AND 8150027
	Bitmap Heap Scan on sbtest3  (cost=35.26..4089.82 rows=1056 width=121)
	  Recheck Cond: ((id >= 8149028) AND (id <= 8150027))
	  ->  Bitmap Index Scan on sbtest3_pkey  (cost=0.00..35.00 rows=1056 width=0)
	        Index Cond: ((id >= 8149028) AND (id <= 8150027))

table 4 : explain SELECT c FROM sbtest4 WHERE id BETWEEN 9866676 AND 9867675
	Bitmap Heap Scan on sbtest4  (cost=30.70..3878.95 rows=1001 width=121)
	  Recheck Cond: ((id >= 9866676) AND (id <= 9867675))
	  ->  Bitmap Index Scan on sbtest4_pkey  (cost=0.00..30.44 rows=1001 width=0)
	        Index Cond: ((id >= 9866676) AND (id <= 9867675))

table 5 : explain SELECT c FROM sbtest5 WHERE id BETWEEN 7951784 AND 7952783
	Bitmap Heap Scan on sbtest5  (cost=30.85..3935.30 rows=1016 width=121)
	  Recheck Cond: ((id >= 7951784) AND (id <= 7952783))
	  ->  Bitmap Index Scan on sbtest5_pkey  (cost=0.00..30.59 rows=1016 width=0)
	        Index Cond: ((id >= 7951784) AND (id <= 7952783))

table 6 : explain SELECT c FROM sbtest6 WHERE id BETWEEN 4912546 AND 4913545
	Bitmap Heap Scan on sbtest6  (cost=30.45..3787.73 rows=977 width=121)
	  Recheck Cond: ((id >= 4912546) AND (id <= 4913545))
	  ->  Bitmap Index Scan on sbtest6_pkey  (cost=0.00..30.20 rows=977 width=0)
	        Index Cond: ((id >= 4912546) AND (id <= 4913545))

table 7 : explain SELECT c FROM sbtest7 WHERE id BETWEEN 2053266 AND 2054265
	Bitmap Heap Scan on sbtest7  (cost=35.63..4225.72 rows=1092 width=121)
	  Recheck Cond: ((id >= 2053266) AND (id <= 2054265))
	  ->  Bitmap Index Scan on sbtest7_pkey  (cost=0.00..35.36 rows=1092 width=0)
	        Index Cond: ((id >= 2053266) AND (id <= 2054265))

table 8 : explain SELECT c FROM sbtest8 WHERE id BETWEEN 4403607 AND 4404606
	Bitmap Heap Scan on sbtest8  (cost=30.88..3946.63 rows=1019 width=121)
	  Recheck Cond: ((id >= 4403607) AND (id <= 4404606))
	  ->  Bitmap Index Scan on sbtest8_pkey  (cost=0.00..30.62 rows=1019 width=0)
	        Index Cond: ((id >= 4403607) AND (id <= 4404606))

for point_selects
table 1 : explain SELECT c FROM sbtest1 WHERE id=5484923
	Index Scan using sbtest1_pkey on sbtest1  (cost=0.43..8.45 rows=1 width=121)
	  Index Cond: (id = 5484923)

table 2 : explain SELECT c FROM sbtest2 WHERE id=4893421
	Index Scan using sbtest2_pkey on sbtest2  (cost=0.43..8.45 rows=1 width=121)
	  Index Cond: (id = 4893421)

table 3 : explain SELECT c FROM sbtest3 WHERE id=6124994
	Index Scan using sbtest3_pkey on sbtest3  (cost=0.43..8.45 rows=1 width=121)
	  Index Cond: (id = 6124994)

table 4 : explain SELECT c FROM sbtest4 WHERE id=4985569
	Index Scan using sbtest4_pkey on sbtest4  (cost=0.43..8.45 rows=1 width=121)
	  Index Cond: (id = 4985569)

table 5 : explain SELECT c FROM sbtest5 WHERE id=2965391
	Index Scan using sbtest5_pkey on sbtest5  (cost=0.43..8.45 rows=1 width=121)
	  Index Cond: (id = 2965391)

table 6 : explain SELECT c FROM sbtest6 WHERE id=9562157
	Index Scan using sbtest6_pkey on sbtest6  (cost=0.43..8.45 rows=1 width=121)
	  Index Cond: (id = 9562157)

table 7 : explain SELECT c FROM sbtest7 WHERE id=3084657
	Index Scan using sbtest7_pkey on sbtest7  (cost=0.43..8.45 rows=1 width=121)
	  Index Cond: (id = 3084657)

table 8 : explain SELECT c FROM sbtest8 WHERE id=6920172
	Index Scan using sbtest8_pkey on sbtest8  (cost=0.43..8.45 rows=1 width=121)
	  Index Cond: (id = 6920172)

explain: for point_selects :: explain SELECT c FROM sbtest%u WHERE id=%u
for: sum_ranges
table 1 : explain SELECT SUM(k) FROM sbtest1 WHERE id BETWEEN 9095736 AND 9096735
	Aggregate  (cost=3726.14..3726.15 rows=1 width=8)
	  ->  Bitmap Heap Scan on sbtest1  (cost=30.27..3723.74 rows=960 width=4)
	        Recheck Cond: ((id >= 9095736) AND (id <= 9096735))
	        ->  Bitmap Index Scan on sbtest1_pkey  (cost=0.00..30.04 rows=960 width=0)
	              Index Cond: ((id >= 9095736) AND (id <= 9096735))

table 2 : explain SELECT SUM(k) FROM sbtest2 WHERE id BETWEEN 9379449 AND 9380448
	Aggregate  (cost=4205.80..4205.81 rows=1 width=8)
	  ->  Bitmap Heap Scan on sbtest2  (cost=35.57..4203.08 rows=1086 width=4)
	        Recheck Cond: ((id >= 9379449) AND (id <= 9380448))
	        ->  Bitmap Index Scan on sbtest2_pkey  (cost=0.00..35.30 rows=1086 width=0)
	              Index Cond: ((id >= 9379449) AND (id <= 9380448))

table 3 : explain SELECT SUM(k) FROM sbtest3 WHERE id BETWEEN 5815149 AND 5816148
	Aggregate  (cost=3918.68..3918.69 rows=1 width=8)
	  ->  Bitmap Heap Scan on sbtest3  (cost=30.80..3916.16 rows=1011 width=4)
	        Recheck Cond: ((id >= 5815149) AND (id <= 5816148))
	        ->  Bitmap Index Scan on sbtest3_pkey  (cost=0.00..30.54 rows=1011 width=0)
	              Index Cond: ((id >= 5815149) AND (id <= 5816148))

table 4 : explain SELECT SUM(k) FROM sbtest4 WHERE id BETWEEN 1951940 AND 1952939
	Aggregate  (cost=3764.29..3764.30 rows=1 width=8)
	  ->  Bitmap Heap Scan on sbtest4  (cost=30.38..3761.87 rows=970 width=4)
	        Recheck Cond: ((id >= 1951940) AND (id <= 1952939))
	        ->  Bitmap Index Scan on sbtest4_pkey  (cost=0.00..30.14 rows=970 width=0)
	              Index Cond: ((id >= 1951940) AND (id <= 1952939))

table 5 : explain SELECT SUM(k) FROM sbtest5 WHERE id BETWEEN 5821004 AND 5822003
	Aggregate  (cost=3952.94..3952.95 rows=1 width=8)
	  ->  Bitmap Heap Scan on sbtest5  (cost=30.89..3950.39 rows=1020 width=4)
	        Recheck Cond: ((id >= 5821004) AND (id <= 5822003))
	        ->  Bitmap Index Scan on sbtest5_pkey  (cost=0.00..30.64 rows=1020 width=0)
	              Index Cond: ((id >= 5821004) AND (id <= 5822003))

table 6 : explain SELECT SUM(k) FROM sbtest6 WHERE id BETWEEN 4385068 AND 4386067
	Aggregate  (cost=4118.77..4118.78 rows=1 width=8)
	  ->  Bitmap Heap Scan on sbtest6  (cost=35.33..4116.11 rows=1063 width=4)
	        Recheck Cond: ((id >= 4385068) AND (id <= 4386067))
	        ->  Bitmap Index Scan on sbtest6_pkey  (cost=0.00..35.07 rows=1063 width=0)
	              Index Cond: ((id >= 4385068) AND (id <= 4386067))

table 7 : explain SELECT SUM(k) FROM sbtest7 WHERE id BETWEEN 1802936 AND 1803935
	Aggregate  (cost=3578.64..3578.65 rows=1 width=8)
	  ->  Bitmap Heap Scan on sbtest7  (cost=29.88..3576.34 rows=921 width=4)
	        Recheck Cond: ((id >= 1802936) AND (id <= 1803935))
	        ->  Bitmap Index Scan on sbtest7_pkey  (cost=0.00..29.64 rows=921 width=0)
	              Index Cond: ((id >= 1802936) AND (id <= 1803935))

table 8 : explain SELECT SUM(k) FROM sbtest8 WHERE id BETWEEN 1457922 AND 1458921
	Aggregate  (cost=3620.27..3620.28 rows=1 width=8)
	  ->  Bitmap Heap Scan on sbtest8  (cost=29.99..3617.94 rows=932 width=4)
	        Recheck Cond: ((id >= 1457922) AND (id <= 1458921))
	        ->  Bitmap Index Scan on sbtest8_pkey  (cost=0.00..29.75 rows=932 width=0)
	              Index Cond: ((id >= 1457922) AND (id <= 1458921))

for: sum_ranges
table 1 : explain SELECT SUM(k) FROM sbtest1 WHERE id BETWEEN 2192629 AND 2193628
	Aggregate  (cost=3824.44..3824.45 rows=1 width=8)
	  ->  Bitmap Heap Scan on sbtest1  (cost=30.54..3821.97 rows=986 width=4)
	        Recheck Cond: ((id >= 2192629) AND (id <= 2193628))
	        ->  Bitmap Index Scan on sbtest1_pkey  (cost=0.00..30.29 rows=986 width=0)
	              Index Cond: ((id >= 2192629) AND (id <= 2193628))

table 2 : explain SELECT SUM(k) FROM sbtest2 WHERE id BETWEEN 8039036 AND 8040035
	Aggregate  (cost=4360.13..4360.14 rows=1 width=8)
	  ->  Bitmap Heap Scan on sbtest2  (cost=35.99..4357.32 rows=1127 width=4)
	        Recheck Cond: ((id >= 8039036) AND (id <= 8040035))
	        ->  Bitmap Index Scan on sbtest2_pkey  (cost=0.00..35.70 rows=1127 width=0)
	              Index Cond: ((id >= 8039036) AND (id <= 8040035))

table 3 : explain SELECT SUM(k) FROM sbtest3 WHERE id BETWEEN 2198766 AND 2199765
	Aggregate  (cost=3797.80..3797.81 rows=1 width=8)
	  ->  Bitmap Heap Scan on sbtest3  (cost=30.47..3795.35 rows=979 width=4)
	        Recheck Cond: ((id >= 2198766) AND (id <= 2199765))
	        ->  Bitmap Index Scan on sbtest3_pkey  (cost=0.00..30.22 rows=979 width=0)
	              Index Cond: ((id >= 2198766) AND (id <= 2199765))

table 4 : explain SELECT SUM(k) FROM sbtest4 WHERE id BETWEEN 5918077 AND 5919076
	Aggregate  (cost=3938.11..3938.12 rows=1 width=8)
	  ->  Bitmap Heap Scan on sbtest4  (cost=30.85..3935.57 rows=1016 width=4)
	        Recheck Cond: ((id >= 5918077) AND (id <= 5919076))
	        ->  Bitmap Index Scan on sbtest4_pkey  (cost=0.00..30.59 rows=1016 width=0)
	              Index Cond: ((id >= 5918077) AND (id <= 5919076))

table 5 : explain SELECT SUM(k) FROM sbtest5 WHERE id BETWEEN 1960385 AND 1961384
	Aggregate  (cost=4160.60..4160.61 rows=1 width=8)
	  ->  Bitmap Heap Scan on sbtest5  (cost=35.44..4157.92 rows=1074 width=4)
	        Recheck Cond: ((id >= 1960385) AND (id <= 1961384))
	        ->  Bitmap Index Scan on sbtest5_pkey  (cost=0.00..35.18 rows=1074 width=0)
	              Index Cond: ((id >= 1960385) AND (id <= 1961384))

table 6 : explain SELECT SUM(k) FROM sbtest6 WHERE id BETWEEN 6653036 AND 6654035
	Aggregate  (cost=4190.36..4190.37 rows=1 width=8)
	  ->  Bitmap Heap Scan on sbtest6  (cost=35.53..4187.65 rows=1082 width=4)
	        Recheck Cond: ((id >= 6653036) AND (id <= 6654035))
	        ->  Bitmap Index Scan on sbtest6_pkey  (cost=0.00..35.26 rows=1082 width=0)
	              Index Cond: ((id >= 6653036) AND (id <= 6654035))

table 7 : explain SELECT SUM(k) FROM sbtest7 WHERE id BETWEEN 2415303 AND 2416302
	Aggregate  (cost=3608.93..3608.94 rows=1 width=8)
	  ->  Bitmap Heap Scan on sbtest7  (cost=29.96..3606.61 rows=929 width=4)
	        Recheck Cond: ((id >= 2415303) AND (id <= 2416302))
	        ->  Bitmap Index Scan on sbtest7_pkey  (cost=0.00..29.72 rows=929 width=0)
	              Index Cond: ((id >= 2415303) AND (id <= 2416302))

table 8 : explain SELECT SUM(k) FROM sbtest8 WHERE id BETWEEN 7822781 AND 7823780
	Aggregate  (cost=4239.72..4239.73 rows=1 width=8)
	  ->  Bitmap Heap Scan on sbtest8  (cost=35.66..4236.98 rows=1095 width=4)
	        Recheck Cond: ((id >= 7822781) AND (id <= 7823780))
	        ->  Bitmap Index Scan on sbtest8_pkey  (cost=0.00..35.39 rows=1095 width=0)
	              Index Cond: ((id >= 7822781) AND (id <= 7823780))

for: simple_ranges
table 1 : explain SELECT c FROM sbtest1 WHERE id BETWEEN 9993069 AND 9994068
	Bitmap Heap Scan on sbtest1  (cost=31.00..3991.79 rows=1031 width=121)
	  Recheck Cond: ((id >= 9993069) AND (id <= 9994068))
	  ->  Bitmap Index Scan on sbtest1_pkey  (cost=0.00..30.75 rows=1031 width=0)
	        Index Cond: ((id >= 9993069) AND (id <= 9994068))

table 2 : explain SELECT c FROM sbtest2 WHERE id BETWEEN 5245231 AND 5246230
	Bitmap Heap Scan on sbtest2  (cost=30.52..3814.49 rows=984 width=121)
	  Recheck Cond: ((id >= 5245231) AND (id <= 5246230))
	  ->  Bitmap Index Scan on sbtest2_pkey  (cost=0.00..30.27 rows=984 width=0)
	        Index Cond: ((id >= 5245231) AND (id <= 5246230))

table 3 : explain SELECT c FROM sbtest3 WHERE id BETWEEN 8484112 AND 8485111
	Bitmap Heap Scan on sbtest3  (cost=31.09..4025.52 rows=1040 width=121)
	  Recheck Cond: ((id >= 8484112) AND (id <= 8485111))
	  ->  Bitmap Index Scan on sbtest3_pkey  (cost=0.00..30.83 rows=1040 width=0)
	        Index Cond: ((id >= 8484112) AND (id <= 8485111))

table 4 : explain SELECT c FROM sbtest4 WHERE id BETWEEN 5957980 AND 5958979
	Bitmap Heap Scan on sbtest4  (cost=30.85..3935.57 rows=1016 width=121)
	  Recheck Cond: ((id >= 5957980) AND (id <= 5958979))
	  ->  Bitmap Index Scan on sbtest4_pkey  (cost=0.00..30.59 rows=1016 width=0)
	        Index Cond: ((id >= 5957980) AND (id <= 5958979))

table 5 : explain SELECT c FROM sbtest5 WHERE id BETWEEN 7201340 AND 7202339
	Bitmap Heap Scan on sbtest5  (cost=30.45..3788.06 rows=977 width=121)
	  Recheck Cond: ((id >= 7201340) AND (id <= 7202339))
	  ->  Bitmap Index Scan on sbtest5_pkey  (cost=0.00..30.20 rows=977 width=0)
	        Index Cond: ((id >= 7201340) AND (id <= 7202339))

table 6 : explain SELECT c FROM sbtest6 WHERE id BETWEEN 7855583 AND 7856582
	Bitmap Heap Scan on sbtest6  (cost=29.83..3560.87 rows=917 width=121)
	  Recheck Cond: ((id >= 7855583) AND (id <= 7856582))
	  ->  Bitmap Index Scan on sbtest6_pkey  (cost=0.00..29.61 rows=917 width=0)
	        Index Cond: ((id >= 7855583) AND (id <= 7856582))

table 7 : explain SELECT c FROM sbtest7 WHERE id BETWEEN 9320817 AND 9321816
	Bitmap Heap Scan on sbtest7  (cost=35.03..4007.22 rows=1034 width=121)
	  Recheck Cond: ((id >= 9320817) AND (id <= 9321816))
	  ->  Bitmap Index Scan on sbtest7_pkey  (cost=0.00..34.78 rows=1034 width=0)
	        Index Cond: ((id >= 9320817) AND (id <= 9321816))

table 8 : explain SELECT c FROM sbtest8 WHERE id BETWEEN 1632349 AND 1633348
	Bitmap Heap Scan on sbtest8  (cost=34.93..3969.49 rows=1024 width=121)
	  Recheck Cond: ((id >= 1632349) AND (id <= 1633348))
	  ->  Bitmap Index Scan on sbtest8_pkey  (cost=0.00..34.68 rows=1024 width=0)
	        Index Cond: ((id >= 1632349) AND (id <= 1633348))

for: order_ranges
table 1 : explain SELECT c FROM sbtest1 WHERE id BETWEEN 1791552 AND 1792551 ORDER BY c
	Sort  (cost=3729.09..3731.46 rows=949 width=121)
	  Sort Key: c
	  ->  Bitmap Heap Scan on sbtest1  (cost=30.16..3682.16 rows=949 width=121)
	        Recheck Cond: ((id >= 1791552) AND (id <= 1792551))
	        ->  Bitmap Index Scan on sbtest1_pkey  (cost=0.00..29.93 rows=949 width=0)
	              Index Cond: ((id >= 1791552) AND (id <= 1792551))

table 2 : explain SELECT c FROM sbtest2 WHERE id BETWEEN 7586329 AND 7587328 ORDER BY c
	Sort  (cost=3970.71..3973.24 rows=1012 width=121)
	  Sort Key: c
	  ->  Bitmap Heap Scan on sbtest2  (cost=30.81..3920.19 rows=1012 width=121)
	        Recheck Cond: ((id >= 7586329) AND (id <= 7587328))
	        ->  Bitmap Index Scan on sbtest2_pkey  (cost=0.00..30.55 rows=1012 width=0)
	              Index Cond: ((id >= 7586329) AND (id <= 7587328))

table 3 : explain SELECT c FROM sbtest3 WHERE id BETWEEN 5712479 AND 5713478 ORDER BY c
	Sort  (cost=3817.14..3819.57 rows=972 width=121)
	  Sort Key: c
	  ->  Bitmap Heap Scan on sbtest3  (cost=30.40..3768.91 rows=972 width=121)
	        Recheck Cond: ((id >= 5712479) AND (id <= 5713478))
	        ->  Bitmap Index Scan on sbtest3_pkey  (cost=0.00..30.15 rows=972 width=0)
	              Index Cond: ((id >= 5712479) AND (id <= 5713478))

table 4 : explain SELECT c FROM sbtest4 WHERE id BETWEEN 4726729 AND 4727728 ORDER BY c
	Sort  (cost=3740.92..3743.30 rows=952 width=121)
	  Sort Key: c
	  ->  Bitmap Heap Scan on sbtest4  (cost=30.19..3693.82 rows=952 width=121)
	        Recheck Cond: ((id >= 4726729) AND (id <= 4727728))
	        ->  Bitmap Index Scan on sbtest4_pkey  (cost=0.00..29.95 rows=952 width=0)
	              Index Cond: ((id >= 4726729) AND (id <= 4727728))

table 5 : explain SELECT c FROM sbtest5 WHERE id BETWEEN 5507474 AND 5508473 ORDER BY c
	Sort  (cost=3805.90..3808.32 rows=969 width=121)
	  Sort Key: c
	  ->  Bitmap Heap Scan on sbtest5  (cost=30.37..3757.84 rows=969 width=121)
	        Recheck Cond: ((id >= 5507474) AND (id <= 5508473))
	        ->  Bitmap Index Scan on sbtest5_pkey  (cost=0.00..30.12 rows=969 width=0)
	              Index Cond: ((id >= 5507474) AND (id <= 5508473))

table 6 : explain SELECT c FROM sbtest6 WHERE id BETWEEN 5318570 AND 5319569 ORDER BY c
	Sort  (cost=4077.74..4080.34 rows=1039 width=121)
	  Sort Key: c
	  ->  Bitmap Heap Scan on sbtest6  (cost=35.08..4025.68 rows=1039 width=121)
	        Recheck Cond: ((id >= 5318570) AND (id <= 5319569))
	        ->  Bitmap Index Scan on sbtest6_pkey  (cost=0.00..34.83 rows=1039 width=0)
	              Index Cond: ((id >= 5318570) AND (id <= 5319569))

table 7 : explain SELECT c FROM sbtest7 WHERE id BETWEEN 137199 AND 138198 ORDER BY c
	Sort  (cost=4024.37..4026.93 rows=1026 width=121)
	  Sort Key: c
	  ->  Bitmap Heap Scan on sbtest7  (cost=30.95..3973.05 rows=1026 width=121)
	        Recheck Cond: ((id >= 137199) AND (id <= 138198))
	        ->  Bitmap Index Scan on sbtest7_pkey  (cost=0.00..30.69 rows=1026 width=0)
	              Index Cond: ((id >= 137199) AND (id <= 138198))

table 8 : explain SELECT c FROM sbtest8 WHERE id BETWEEN 5792675 AND 5793674 ORDER BY c
	Sort  (cost=4169.94..4172.59 rows=1063 width=121)
	  Sort Key: c
	  ->  Bitmap Heap Scan on sbtest8  (cost=35.33..4116.50 rows=1063 width=121)
	        Recheck Cond: ((id >= 5792675) AND (id <= 5793674))
	        ->  Bitmap Index Scan on sbtest8_pkey  (cost=0.00..35.07 rows=1063 width=0)
	              Index Cond: ((id >= 5792675) AND (id <= 5793674))

for point_selects
table 1 : explain SELECT c FROM sbtest1 WHERE id=3912171
	Index Scan using sbtest1_pkey on sbtest1  (cost=0.43..8.45 rows=1 width=121)
	  Index Cond: (id = 3912171)

table 2 : explain SELECT c FROM sbtest2 WHERE id=9549349
	Index Scan using sbtest2_pkey on sbtest2  (cost=0.43..8.45 rows=1 width=121)
	  Index Cond: (id = 9549349)

table 3 : explain SELECT c FROM sbtest3 WHERE id=2752228
	Index Scan using sbtest3_pkey on sbtest3  (cost=0.43..8.45 rows=1 width=121)
	  Index Cond: (id = 2752228)

table 4 : explain SELECT c FROM sbtest4 WHERE id=215242
	Index Scan using sbtest4_pkey on sbtest4  (cost=0.43..8.45 rows=1 width=121)
	  Index Cond: (id = 215242)

table 5 : explain SELECT c FROM sbtest5 WHERE id=5062403
	Index Scan using sbtest5_pkey on sbtest5  (cost=0.43..8.45 rows=1 width=121)
	  Index Cond: (id = 5062403)

table 6 : explain SELECT c FROM sbtest6 WHERE id=8675817
	Index Scan using sbtest6_pkey on sbtest6  (cost=0.43..8.45 rows=1 width=121)
	  Index Cond: (id = 8675817)

table 7 : explain SELECT c FROM sbtest7 WHERE id=5935845
	Index Scan using sbtest7_pkey on sbtest7  (cost=0.43..8.45 rows=1 width=121)
	  Index Cond: (id = 5935845)

table 8 : explain SELECT c FROM sbtest8 WHERE id=6826904
	Index Scan using sbtest8_pkey on sbtest8  (cost=0.43..8.45 rows=1 width=121)
	  Index Cond: (id = 6826904)

for: sum_ranges
table 1 : explain SELECT SUM(k) FROM sbtest1 WHERE id BETWEEN 4762497 AND 4763496
	Aggregate  (cost=3563.38..3563.39 rows=1 width=8)
	  ->  Bitmap Heap Scan on sbtest1  (cost=29.83..3561.09 rows=917 width=4)
	        Recheck Cond: ((id >= 4762497) AND (id <= 4763496))
	        ->  Bitmap Index Scan on sbtest1_pkey  (cost=0.00..29.61 rows=917 width=0)
	              Index Cond: ((id >= 4762497) AND (id <= 4763496))

table 2 : explain SELECT SUM(k) FROM sbtest2 WHERE id BETWEEN 5084488 AND 5085487
	Aggregate  (cost=3680.81..3680.82 rows=1 width=8)
	  ->  Bitmap Heap Scan on sbtest2  (cost=30.15..3678.44 rows=948 width=4)
	        Recheck Cond: ((id >= 5084488) AND (id <= 5085487))
	        ->  Bitmap Index Scan on sbtest2_pkey  (cost=0.00..29.91 rows=948 width=0)
	              Index Cond: ((id >= 5084488) AND (id <= 5085487))

table 3 : explain SELECT SUM(k) FROM sbtest3 WHERE id BETWEEN 6359590 AND 6360589
	Aggregate  (cost=3733.53..3733.54 rows=1 width=8)
	  ->  Bitmap Heap Scan on sbtest3  (cost=30.30..3731.12 rows=962 width=4)
	        Recheck Cond: ((id >= 6359590) AND (id <= 6360589))
	        ->  Bitmap Index Scan on sbtest3_pkey  (cost=0.00..30.05 rows=962 width=0)
	              Index Cond: ((id >= 6359590) AND (id <= 6360589))

table 4 : explain SELECT SUM(k) FROM sbtest4 WHERE id BETWEEN 5370824 AND 5371823
	Aggregate  (cost=4371.75..4371.76 rows=1 width=8)
	  ->  Bitmap Heap Scan on sbtest4  (cost=36.02..4368.93 rows=1130 width=4)
	        Recheck Cond: ((id >= 5370824) AND (id <= 5371823))
	        ->  Bitmap Index Scan on sbtest4_pkey  (cost=0.00..35.73 rows=1130 width=0)
	              Index Cond: ((id >= 5370824) AND (id <= 5371823))

table 5 : explain SELECT SUM(k) FROM sbtest5 WHERE id BETWEEN 8824201 AND 8825200
	Aggregate  (cost=3616.48..3616.49 rows=1 width=8)
	  ->  Bitmap Heap Scan on sbtest5  (cost=29.98..3614.15 rows=931 width=4)
	        Recheck Cond: ((id >= 8824201) AND (id <= 8825200))
	        ->  Bitmap Index Scan on sbtest5_pkey  (cost=0.00..29.75 rows=931 width=0)
	              Index Cond: ((id >= 8824201) AND (id <= 8825200))

table 6 : explain SELECT SUM(k) FROM sbtest6 WHERE id BETWEEN 4843523 AND 4844522
	Aggregate  (cost=4028.28..4028.29 rows=1 width=8)
	  ->  Bitmap Heap Scan on sbtest6  (cost=35.08..4025.68 rows=1039 width=4)
	        Recheck Cond: ((id >= 4843523) AND (id <= 4844522))
	        ->  Bitmap Index Scan on sbtest6_pkey  (cost=0.00..34.83 rows=1039 width=0)
	              Index Cond: ((id >= 4843523) AND (id <= 4844522))

table 7 : explain SELECT SUM(k) FROM sbtest7 WHERE id BETWEEN 9797291 AND 9798290
	Aggregate  (cost=3563.49..3563.50 rows=1 width=8)
	  ->  Bitmap Heap Scan on sbtest7  (cost=29.83..3561.20 rows=917 width=4)
	        Recheck Cond: ((id >= 9797291) AND (id <= 9798290))
	        ->  Bitmap Index Scan on sbtest7_pkey  (cost=0.00..29.61 rows=917 width=0)
	              Index Cond: ((id >= 9797291) AND (id <= 9798290))

table 8 : explain SELECT SUM(k) FROM sbtest8 WHERE id BETWEEN 1038564 AND 1039563
	Aggregate  (cost=3937.85..3937.86 rows=1 width=8)
	  ->  Bitmap Heap Scan on sbtest8  (cost=30.85..3935.31 rows=1016 width=4)
	        Recheck Cond: ((id >= 1038564) AND (id <= 1039563))
	        ->  Bitmap Index Scan on sbtest8_pkey  (cost=0.00..30.59 rows=1016 width=0)
	              Index Cond: ((id >= 1038564) AND (id <= 1039563))

for: sum_ranges
table 1 : explain SELECT SUM(k) FROM sbtest1 WHERE id BETWEEN 7895767 AND 7896766
	Aggregate  (cost=3888.66..3888.67 rows=1 width=8)
	  ->  Bitmap Heap Scan on sbtest1  (cost=30.72..3886.16 rows=1003 width=4)
	        Recheck Cond: ((id >= 7895767) AND (id <= 7896766))
	        ->  Bitmap Index Scan on sbtest1_pkey  (cost=0.00..30.46 rows=1003 width=0)
	              Index Cond: ((id >= 7895767) AND (id <= 7896766))

table 2 : explain SELECT SUM(k) FROM sbtest2 WHERE id BETWEEN 8337419 AND 8338418
	Aggregate  (cost=3881.18..3881.19 rows=1 width=8)
	  ->  Bitmap Heap Scan on sbtest2  (cost=30.70..3878.68 rows=1001 width=4)
	        Recheck Cond: ((id >= 8337419) AND (id <= 8338418))
	        ->  Bitmap Index Scan on sbtest2_pkey  (cost=0.00..30.44 rows=1001 width=0)
	              Index Cond: ((id >= 8337419) AND (id <= 8338418))

table 3 : explain SELECT SUM(k) FROM sbtest3 WHERE id BETWEEN 462121 AND 463120
	Aggregate  (cost=3990.40..3990.41 rows=1 width=8)
	  ->  Bitmap Heap Scan on sbtest3  (cost=30.99..3987.82 rows=1030 width=4)
	        Recheck Cond: ((id >= 462121) AND (id <= 463120))
	        ->  Bitmap Index Scan on sbtest3_pkey  (cost=0.00..30.73 rows=1030 width=0)
	              Index Cond: ((id >= 462121) AND (id <= 463120))

table 4 : explain SELECT SUM(k) FROM sbtest4 WHERE id BETWEEN 273458 AND 274457
	Aggregate  (cost=4232.48..4232.49 rows=1 width=8)
	  ->  Bitmap Heap Scan on sbtest4  (cost=35.64..4229.74 rows=1093 width=4)
	        Recheck Cond: ((id >= 273458) AND (id <= 274457))
	        ->  Bitmap Index Scan on sbtest4_pkey  (cost=0.00..35.37 rows=1093 width=0)
	              Index Cond: ((id >= 273458) AND (id <= 274457))

table 5 : explain SELECT SUM(k) FROM sbtest5 WHERE id BETWEEN 7448041 AND 7449040
	Aggregate  (cost=3847.20..3847.21 rows=1 width=8)
	  ->  Bitmap Heap Scan on sbtest5  (cost=30.60..3844.72 rows=992 width=4)
	        Recheck Cond: ((id >= 7448041) AND (id <= 7449040))
	        ->  Bitmap Index Scan on sbtest5_pkey  (cost=0.00..30.36 rows=992 width=0)
	              Index Cond: ((id >= 7448041) AND (id <= 7449040))

table 6 : explain SELECT SUM(k) FROM sbtest6 WHERE id BETWEEN 9836910 AND 9837909
	Aggregate  (cost=4047.14..4047.15 rows=1 width=8)
	  ->  Bitmap Heap Scan on sbtest6  (cost=35.14..4044.53 rows=1044 width=4)
	        Recheck Cond: ((id >= 9836910) AND (id <= 9837909))
	        ->  Bitmap Index Scan on sbtest6_pkey  (cost=0.00..34.88 rows=1044 width=0)
	              Index Cond: ((id >= 9836910) AND (id <= 9837909))

table 7 : explain SELECT SUM(k) FROM sbtest7 WHERE id BETWEEN 4457435 AND 4458434
	Aggregate  (cost=4073.93..4073.94 rows=1 width=8)
	  ->  Bitmap Heap Scan on sbtest7  (cost=35.21..4071.31 rows=1051 width=4)
	        Recheck Cond: ((id >= 4457435) AND (id <= 4458434))
	        ->  Bitmap Index Scan on sbtest7_pkey  (cost=0.00..34.95 rows=1051 width=0)
	              Index Cond: ((id >= 4457435) AND (id <= 4458434))

table 8 : explain SELECT SUM(k) FROM sbtest8 WHERE id BETWEEN 4539309 AND 4540308
	Aggregate  (cost=3839.65..3839.66 rows=1 width=8)
	  ->  Bitmap Heap Scan on sbtest8  (cost=30.58..3837.17 rows=990 width=4)
	        Recheck Cond: ((id >= 4539309) AND (id <= 4540308))
	        ->  Bitmap Index Scan on sbtest8_pkey  (cost=0.00..30.33 rows=990 width=0)
	              Index Cond: ((id >= 4539309) AND (id <= 4540308))

for: simple_ranges
table 1 : explain SELECT c FROM sbtest1 WHERE id BETWEEN 8939960 AND 8940959
	Bitmap Heap Scan on sbtest1  (cost=30.52..3814.42 rows=984 width=121)
	  Recheck Cond: ((id >= 8939960) AND (id <= 8940959))
	  ->  Bitmap Index Scan on sbtest1_pkey  (cost=0.00..30.27 rows=984 width=0)
	        Index Cond: ((id >= 8939960) AND (id <= 8940959))

table 2 : explain SELECT c FROM sbtest2 WHERE id BETWEEN 7758604 AND 7759603
	Bitmap Heap Scan on sbtest2  (cost=35.14..4044.87 rows=1044 width=121)
	  Recheck Cond: ((id >= 7758604) AND (id <= 7759603))
	  ->  Bitmap Index Scan on sbtest2_pkey  (cost=0.00..34.88 rows=1044 width=0)
	        Index Cond: ((id >= 7758604) AND (id <= 7759603))

table 3 : explain SELECT c FROM sbtest3 WHERE id BETWEEN 7517803 AND 7518802
	Bitmap Heap Scan on sbtest3  (cost=29.50..3435.95 rows=884 width=121)
	  Recheck Cond: ((id >= 7517803) AND (id <= 7518802))
	  ->  Bitmap Index Scan on sbtest3_pkey  (cost=0.00..29.27 rows=884 width=0)
	        Index Cond: ((id >= 7517803) AND (id <= 7518802))

table 4 : explain SELECT c FROM sbtest4 WHERE id BETWEEN 6922983 AND 6923982
	Bitmap Heap Scan on sbtest4  (cost=30.94..3969.52 rows=1025 width=121)
	  Recheck Cond: ((id >= 6922983) AND (id <= 6923982))
	  ->  Bitmap Index Scan on sbtest4_pkey  (cost=0.00..30.68 rows=1025 width=0)
	        Index Cond: ((id >= 6922983) AND (id <= 6923982))

table 5 : explain SELECT c FROM sbtest5 WHERE id BETWEEN 9877021 AND 9878020
	Bitmap Heap Scan on sbtest5  (cost=30.39..3765.39 rows=971 width=121)
	  Recheck Cond: ((id >= 9877021) AND (id <= 9878020))
	  ->  Bitmap Index Scan on sbtest5_pkey  (cost=0.00..30.14 rows=971 width=0)
	        Index Cond: ((id >= 9877021) AND (id <= 9878020))

table 6 : explain SELECT c FROM sbtest6 WHERE id BETWEEN 9282172 AND 9283171
	Bitmap Heap Scan on sbtest6  (cost=35.30..4104.81 rows=1060 width=121)
	  Recheck Cond: ((id >= 9282172) AND (id <= 9283171))
	  ->  Bitmap Index Scan on sbtest6_pkey  (cost=0.00..35.04 rows=1060 width=0)
	        Index Cond: ((id >= 9282172) AND (id <= 9283171))

table 7 : explain SELECT c FROM sbtest7 WHERE id BETWEEN 1965511 AND 1966510
	Bitmap Heap Scan on sbtest7  (cost=35.20..4067.54 rows=1050 width=121)
	  Recheck Cond: ((id >= 1965511) AND (id <= 1966510))
	  ->  Bitmap Index Scan on sbtest7_pkey  (cost=0.00..34.94 rows=1050 width=0)
	        Index Cond: ((id >= 1965511) AND (id <= 1966510))

table 8 : explain SELECT c FROM sbtest8 WHERE id BETWEEN 2140302 AND 2141301
	Bitmap Heap Scan on sbtest8  (cost=35.39..4139.10 rows=1069 width=121)
	  Recheck Cond: ((id >= 2140302) AND (id <= 2141301))
	  ->  Bitmap Index Scan on sbtest8_pkey  (cost=0.00..35.12 rows=1069 width=0)
	        Index Cond: ((id >= 2140302) AND (id <= 2141301))

for: sum_ranges
table 1 : explain SELECT SUM(k) FROM sbtest1 WHERE id BETWEEN 9391215 AND 9392214
	Aggregate  (cost=4081.12..4081.13 rows=1 width=8)
	  ->  Bitmap Heap Scan on sbtest1  (cost=31.24..4078.49 rows=1054 width=4)
	        Recheck Cond: ((id >= 9391215) AND (id <= 9392214))
	        ->  Bitmap Index Scan on sbtest1_pkey  (cost=0.00..30.97 rows=1054 width=0)
	              Index Cond: ((id >= 9391215) AND (id <= 9392214))

table 2 : explain SELECT SUM(k) FROM sbtest2 WHERE id BETWEEN 6713948 AND 6714947
	Aggregate  (cost=3529.35..3529.36 rows=1 width=8)
	  ->  Bitmap Heap Scan on sbtest2  (cost=29.74..3527.08 rows=908 width=4)
	        Recheck Cond: ((id >= 6713948) AND (id <= 6714947))
	        ->  Bitmap Index Scan on sbtest2_pkey  (cost=0.00..29.51 rows=908 width=0)
	              Index Cond: ((id >= 6713948) AND (id <= 6714947))

table 3 : explain SELECT SUM(k) FROM sbtest3 WHERE id BETWEEN 2063585 AND 2064584
	Aggregate  (cost=3918.68..3918.69 rows=1 width=8)
	  ->  Bitmap Heap Scan on sbtest3  (cost=30.80..3916.16 rows=1011 width=4)
	        Recheck Cond: ((id >= 2063585) AND (id <= 2064584))
	        ->  Bitmap Index Scan on sbtest3_pkey  (cost=0.00..30.54 rows=1011 width=0)
	              Index Cond: ((id >= 2063585) AND (id <= 2064584))

table 4 : explain SELECT SUM(k) FROM sbtest4 WHERE id BETWEEN 6991494 AND 6992493
	Aggregate  (cost=4307.78..4307.79 rows=1 width=8)
	  ->  Bitmap Heap Scan on sbtest4  (cost=35.84..4305.00 rows=1113 width=4)
	        Recheck Cond: ((id >= 6991494) AND (id <= 6992493))
	        ->  Bitmap Index Scan on sbtest4_pkey  (cost=0.00..35.57 rows=1113 width=0)
	              Index Cond: ((id >= 6991494) AND (id <= 6992493))

table 5 : explain SELECT SUM(k) FROM sbtest5 WHERE id BETWEEN 2816575 AND 2817574
	Aggregate  (cost=3722.44..3722.45 rows=1 width=8)
	  ->  Bitmap Heap Scan on sbtest5  (cost=30.26..3720.04 rows=959 width=4)
	        Recheck Cond: ((id >= 2816575) AND (id <= 2817574))
	        ->  Bitmap Index Scan on sbtest5_pkey  (cost=0.00..30.02 rows=959 width=0)
	              Index Cond: ((id >= 2816575) AND (id <= 2817574))

table 6 : explain SELECT SUM(k) FROM sbtest6 WHERE id BETWEEN 3778464 AND 3779463
	Aggregate  (cost=3949.04..3949.05 rows=1 width=8)
	  ->  Bitmap Heap Scan on sbtest6  (cost=34.87..3946.49 rows=1018 width=4)
	        Recheck Cond: ((id >= 3778464) AND (id <= 3779463))
	        ->  Bitmap Index Scan on sbtest6_pkey  (cost=0.00..34.62 rows=1018 width=0)
	              Index Cond: ((id >= 3778464) AND (id <= 3779463))

table 7 : explain SELECT SUM(k) FROM sbtest7 WHERE id BETWEEN 9498967 AND 9499966
	Aggregate  (cost=3869.89..3869.90 rows=1 width=8)
	  ->  Bitmap Heap Scan on sbtest7  (cost=30.66..3867.40 rows=998 width=4)
	        Recheck Cond: ((id >= 9498967) AND (id <= 9499966))
	        ->  Bitmap Index Scan on sbtest7_pkey  (cost=0.00..30.41 rows=998 width=0)
	              Index Cond: ((id >= 9498967) AND (id <= 9499966))

table 8 : explain SELECT SUM(k) FROM sbtest8 WHERE id BETWEEN 8204607 AND 8205606
	Aggregate  (cost=3854.76..3854.77 rows=1 width=8)
	  ->  Bitmap Heap Scan on sbtest8  (cost=30.62..3852.28 rows=994 width=4)
	        Recheck Cond: ((id >= 8204607) AND (id <= 8205606))
	        ->  Bitmap Index Scan on sbtest8_pkey  (cost=0.00..30.37 rows=994 width=0)
	              Index Cond: ((id >= 8204607) AND (id <= 8205606))

for point_selects
table 1 : explain SELECT c FROM sbtest1 WHERE id=2566477
	Index Scan using sbtest1_pkey on sbtest1  (cost=0.43..8.45 rows=1 width=121)
	  Index Cond: (id = 2566477)

table 2 : explain SELECT c FROM sbtest2 WHERE id=7592891
	Index Scan using sbtest2_pkey on sbtest2  (cost=0.43..8.45 rows=1 width=121)
	  Index Cond: (id = 7592891)

table 3 : explain SELECT c FROM sbtest3 WHERE id=8139338
	Index Scan using sbtest3_pkey on sbtest3  (cost=0.43..8.45 rows=1 width=121)
	  Index Cond: (id = 8139338)

table 4 : explain SELECT c FROM sbtest4 WHERE id=6376288
	Index Scan using sbtest4_pkey on sbtest4  (cost=0.43..8.45 rows=1 width=121)
	  Index Cond: (id = 6376288)

table 5 : explain SELECT c FROM sbtest5 WHERE id=3440782
	Index Scan using sbtest5_pkey on sbtest5  (cost=0.43..8.45 rows=1 width=121)
	  Index Cond: (id = 3440782)

table 6 : explain SELECT c FROM sbtest6 WHERE id=5542499
	Index Scan using sbtest6_pkey on sbtest6  (cost=0.43..8.45 rows=1 width=121)
	  Index Cond: (id = 5542499)

table 7 : explain SELECT c FROM sbtest7 WHERE id=3881676
	Index Scan using sbtest7_pkey on sbtest7  (cost=0.43..8.45 rows=1 width=121)
	  Index Cond: (id = 3881676)

table 8 : explain SELECT c FROM sbtest8 WHERE id=1276361
	Index Scan using sbtest8_pkey on sbtest8  (cost=0.43..8.45 rows=1 width=121)
	  Index Cond: (id = 1276361)

for: order_ranges
table 1 : explain SELECT c FROM sbtest1 WHERE id BETWEEN 2523331 AND 2524330 ORDER BY c
	Sort  (cost=3706.06..3708.41 rows=943 width=121)
	  Sort Key: c
	  ->  Bitmap Heap Scan on sbtest1  (cost=30.10..3659.47 rows=943 width=121)
	        Recheck Cond: ((id >= 2523331) AND (id <= 2524330))
	        ->  Bitmap Index Scan on sbtest1_pkey  (cost=0.00..29.86 rows=943 width=0)
	              Index Cond: ((id >= 2523331) AND (id <= 2524330))

table 2 : explain SELECT c FROM sbtest2 WHERE id BETWEEN 8677845 AND 8678844 ORDER BY c
	Sort  (cost=3671.57..3673.90 rows=934 width=121)
	  Sort Key: c
	  ->  Bitmap Heap Scan on sbtest2  (cost=30.01..3625.49 rows=934 width=121)
	        Recheck Cond: ((id >= 8677845) AND (id <= 8678844))
	        ->  Bitmap Index Scan on sbtest2_pkey  (cost=0.00..29.77 rows=934 width=0)
	              Index Cond: ((id >= 8677845) AND (id <= 8678844))

table 3 : explain SELECT c FROM sbtest3 WHERE id BETWEEN 7874307 AND 7875306 ORDER BY c
	Sort  (cost=4356.87..4359.65 rows=1112 width=121)
	  Sort Key: c
	  ->  Bitmap Heap Scan on sbtest3  (cost=35.83..4300.61 rows=1112 width=121)
	        Recheck Cond: ((id >= 7874307) AND (id <= 7875306))
	        ->  Bitmap Index Scan on sbtest3_pkey  (cost=0.00..35.56 rows=1112 width=0)
	              Index Cond: ((id >= 7874307) AND (id <= 7875306))

table 4 : explain SELECT c FROM sbtest4 WHERE id BETWEEN 5134183 AND 5135182 ORDER BY c
	Sort  (cost=3698.70..3701.05 rows=941 width=121)
	  Sort Key: c
	  ->  Bitmap Heap Scan on sbtest4  (cost=30.08..3652.22 rows=941 width=121)
	        Recheck Cond: ((id >= 5134183) AND (id <= 5135182))
	        ->  Bitmap Index Scan on sbtest4_pkey  (cost=0.00..29.84 rows=941 width=0)
	              Index Cond: ((id >= 5134183) AND (id <= 5135182))

table 5 : explain SELECT c FROM sbtest5 WHERE id BETWEEN 3772654 AND 3773653 ORDER BY c
	Sort  (cost=3448.67..3450.86 rows=876 width=121)
	  Sort Key: c
	  ->  Bitmap Heap Scan on sbtest5  (cost=29.41..3405.85 rows=876 width=121)
	        Recheck Cond: ((id >= 3772654) AND (id <= 3773653))
	        ->  Bitmap Index Scan on sbtest5_pkey  (cost=0.00..29.19 rows=876 width=0)
	              Index Cond: ((id >= 3772654) AND (id <= 3773653))

table 6 : explain SELECT c FROM sbtest6 WHERE id BETWEEN 3642022 AND 3643021 ORDER BY c
	Sort  (cost=3859.25..3861.71 rows=983 width=121)
	  Sort Key: c
	  ->  Bitmap Heap Scan on sbtest6  (cost=30.51..3810.39 rows=983 width=121)
	        Recheck Cond: ((id >= 3642022) AND (id <= 3643021))
	        ->  Bitmap Index Scan on sbtest6_pkey  (cost=0.00..30.26 rows=983 width=0)
	              Index Cond: ((id >= 3642022) AND (id <= 3643021))

table 7 : explain SELECT c FROM sbtest7 WHERE id BETWEEN 9326199 AND 9327198 ORDER BY c
	Sort  (cost=4059.00..4061.58 rows=1034 width=121)
	  Sort Key: c
	  ->  Bitmap Heap Scan on sbtest7  (cost=35.03..4007.22 rows=1034 width=121)
	        Recheck Cond: ((id >= 9326199) AND (id <= 9327198))
	        ->  Bitmap Index Scan on sbtest7_pkey  (cost=0.00..34.78 rows=1034 width=0)
	              Index Cond: ((id >= 9326199) AND (id <= 9327198))

table 8 : explain SELECT c FROM sbtest8 WHERE id BETWEEN 5076104 AND 5077103 ORDER BY c
	Sort  (cost=3637.03..3639.34 rows=925 width=121)
	  Sort Key: c
	  ->  Bitmap Heap Scan on sbtest8  (cost=29.92..3591.46 rows=925 width=121)
	        Recheck Cond: ((id >= 5076104) AND (id <= 5077103))
	        ->  Bitmap Index Scan on sbtest8_pkey  (cost=0.00..29.68 rows=925 width=0)
	              Index Cond: ((id >= 5076104) AND (id <= 5077103))

for: distinct_ranges
table 1 : explain SELECT DISTINCT c FROM sbtest1 WHERE id BETWEEN 1778753 AND 1779752 ORDER BY c
	Unique  (cost=3729.09..3733.83 rows=949 width=121)
	  ->  Sort  (cost=3729.09..3731.46 rows=949 width=121)
	        Sort Key: c
	        ->  Bitmap Heap Scan on sbtest1  (cost=30.16..3682.16 rows=949 width=121)
	              Recheck Cond: ((id >= 1778753) AND (id <= 1779752))
	              ->  Bitmap Index Scan on sbtest1_pkey  (cost=0.00..29.93 rows=949 width=0)
	                    Index Cond: ((id >= 1778753) AND (id <= 1779752))

table 2 : explain SELECT DISTINCT c FROM sbtest2 WHERE id BETWEEN 7514000 AND 7514999 ORDER BY c
	Unique  (cost=3970.71..3975.77 rows=1012 width=121)
	  ->  Sort  (cost=3970.71..3973.24 rows=1012 width=121)
	        Sort Key: c
	        ->  Bitmap Heap Scan on sbtest2  (cost=30.81..3920.19 rows=1012 width=121)
	              Recheck Cond: ((id >= 7514000) AND (id <= 7514999))
	              ->  Bitmap Index Scan on sbtest2_pkey  (cost=0.00..30.55 rows=1012 width=0)
	                    Index Cond: ((id >= 7514000) AND (id <= 7514999))

table 3 : explain SELECT DISTINCT c FROM sbtest3 WHERE id BETWEEN 7650950 AND 7651949 ORDER BY c
	Unique  (cost=4196.39..4201.74 rows=1070 width=121)
	  ->  Sort  (cost=4196.39..4199.06 rows=1070 width=121)
	        Sort Key: c
	        ->  Bitmap Heap Scan on sbtest3  (cost=35.40..4142.55 rows=1070 width=121)
	              Recheck Cond: ((id >= 7650950) AND (id <= 7651949))
	              ->  Bitmap Index Scan on sbtest3_pkey  (cost=0.00..35.14 rows=1070 width=0)
	                    Index Cond: ((id >= 7650950) AND (id <= 7651949))

table 4 : explain SELECT DISTINCT c FROM sbtest4 WHERE id BETWEEN 652118 AND 653117 ORDER BY c
	Unique  (cost=4116.65..4121.89 rows=1049 width=121)
	  ->  Sort  (cost=4116.65..4119.27 rows=1049 width=121)
	        Sort Key: c
	        ->  Bitmap Heap Scan on sbtest4  (cost=35.19..4064.02 rows=1049 width=121)
	              Recheck Cond: ((id >= 652118) AND (id <= 653117))
	              ->  Bitmap Index Scan on sbtest4_pkey  (cost=0.00..34.93 rows=1049 width=0)
	                    Index Cond: ((id >= 652118) AND (id <= 653117))

table 5 : explain SELECT DISTINCT c FROM sbtest5 WHERE id BETWEEN 8861579 AND 8862578 ORDER BY c
	Unique  (cost=3660.06..3664.72 rows=931 width=121)
	  ->  Sort  (cost=3660.06..3662.39 rows=931 width=121)
	        Sort Key: c
	        ->  Bitmap Heap Scan on sbtest5  (cost=29.98..3614.15 rows=931 width=121)
	              Recheck Cond: ((id >= 8861579) AND (id <= 8862578))
	              ->  Bitmap Index Scan on sbtest5_pkey  (cost=0.00..29.75 rows=931 width=0)
	                    Index Cond: ((id >= 8861579) AND (id <= 8862578))

table 6 : explain SELECT DISTINCT c FROM sbtest6 WHERE id BETWEEN 5045336 AND 5046335 ORDER BY c
	Unique  (cost=3744.20..3748.96 rows=953 width=121)
	  ->  Sort  (cost=3744.20..3746.58 rows=953 width=121)
	        Sort Key: c
	        ->  Bitmap Heap Scan on sbtest6  (cost=30.20..3697.04 rows=953 width=121)
	              Recheck Cond: ((id >= 5045336) AND (id <= 5046335))
	              ->  Bitmap Index Scan on sbtest6_pkey  (cost=0.00..29.96 rows=953 width=0)
	                    Index Cond: ((id >= 5045336) AND (id <= 5046335))

table 7 : explain SELECT DISTINCT c FROM sbtest7 WHERE id BETWEEN 3964502 AND 3965501 ORDER BY c
	Unique  (cost=3955.43..3960.47 rows=1008 width=121)
	  ->  Sort  (cost=3955.43..3957.95 rows=1008 width=121)
	        Sort Key: c
	        ->  Bitmap Heap Scan on sbtest7  (cost=30.77..3905.14 rows=1008 width=121)
	              Recheck Cond: ((id >= 3964502) AND (id <= 3965501))
	              ->  Bitmap Index Scan on sbtest7_pkey  (cost=0.00..30.51 rows=1008 width=0)
	                    Index Cond: ((id >= 3964502) AND (id <= 3965501))

table 8 : explain SELECT DISTINCT c FROM sbtest8 WHERE id BETWEEN 7282788 AND 7283787 ORDER BY c
	Unique  (cost=4364.84..4370.41 rows=1114 width=121)
	  ->  Sort  (cost=4364.84..4367.63 rows=1114 width=121)
	        Sort Key: c
	        ->  Bitmap Heap Scan on sbtest8  (cost=35.85..4308.46 rows=1114 width=121)
	              Recheck Cond: ((id >= 7282788) AND (id <= 7283787))
	              ->  Bitmap Index Scan on sbtest8_pkey  (cost=0.00..35.58 rows=1114 width=0)
	                    Index Cond: ((id >= 7282788) AND (id <= 7283787))

for: simple_ranges
table 1 : explain SELECT c FROM sbtest1 WHERE id BETWEEN 2893501 AND 2894500
	Bitmap Heap Scan on sbtest1  (cost=30.75..3897.48 rows=1006 width=121)
	  Recheck Cond: ((id >= 2893501) AND (id <= 2894500))
	  ->  Bitmap Index Scan on sbtest1_pkey  (cost=0.00..30.50 rows=1006 width=0)
	        Index Cond: ((id >= 2893501) AND (id <= 2894500))

table 2 : explain SELECT c FROM sbtest2 WHERE id BETWEEN 3435262 AND 3436261
	Bitmap Heap Scan on sbtest2  (cost=30.90..3954.15 rows=1021 width=121)
	  Recheck Cond: ((id >= 3435262) AND (id <= 3436261))
	  ->  Bitmap Index Scan on sbtest2_pkey  (cost=0.00..30.64 rows=1021 width=0)
	        Index Cond: ((id >= 3435262) AND (id <= 3436261))

table 3 : explain SELECT c FROM sbtest3 WHERE id BETWEEN 4581593 AND 4582592
	Bitmap Heap Scan on sbtest3  (cost=30.40..3768.91 rows=972 width=121)
	  Recheck Cond: ((id >= 4581593) AND (id <= 4582592))
	  ->  Bitmap Index Scan on sbtest3_pkey  (cost=0.00..30.15 rows=972 width=0)
	        Index Cond: ((id >= 4581593) AND (id <= 4582592))

table 4 : explain SELECT c FROM sbtest4 WHERE id BETWEEN 6785805 AND 6786804
	Bitmap Heap Scan on sbtest4  (cost=30.26..3720.29 rows=959 width=121)
	  Recheck Cond: ((id >= 6785805) AND (id <= 6786804))
	  ->  Bitmap Index Scan on sbtest4_pkey  (cost=0.00..30.02 rows=959 width=0)
	        Index Cond: ((id >= 6785805) AND (id <= 6786804))

table 5 : explain SELECT c FROM sbtest5 WHERE id BETWEEN 4740562 AND 4741561
	Bitmap Heap Scan on sbtest5  (cost=30.11..3663.33 rows=944 width=121)
	  Recheck Cond: ((id >= 4740562) AND (id <= 4741561))
	  ->  Bitmap Index Scan on sbtest5_pkey  (cost=0.00..29.87 rows=944 width=0)
	        Index Cond: ((id >= 4740562) AND (id <= 4741561))

table 6 : explain SELECT c FROM sbtest6 WHERE id BETWEEN 3747484 AND 3748483
	Bitmap Heap Scan on sbtest6  (cost=30.44..3783.96 rows=976 width=121)
	  Recheck Cond: ((id >= 3747484) AND (id <= 3748483))
	  ->  Bitmap Index Scan on sbtest6_pkey  (cost=0.00..30.19 rows=976 width=0)
	        Index Cond: ((id >= 3747484) AND (id <= 3748483))

table 7 : explain SELECT c FROM sbtest7 WHERE id BETWEEN 6409427 AND 6410426
	Bitmap Heap Scan on sbtest7  (cost=35.02..4003.45 rows=1033 width=121)
	  Recheck Cond: ((id >= 6409427) AND (id <= 6410426))
	  ->  Bitmap Index Scan on sbtest7_pkey  (cost=0.00..34.77 rows=1033 width=0)
	        Index Cond: ((id >= 6409427) AND (id <= 6410426))

table 8 : explain SELECT c FROM sbtest8 WHERE id BETWEEN 4424445 AND 4425444
	Bitmap Heap Scan on sbtest8  (cost=30.88..3946.63 rows=1019 width=121)
	  Recheck Cond: ((id >= 4424445) AND (id <= 4425444))
	  ->  Bitmap Index Scan on sbtest8_pkey  (cost=0.00..30.62 rows=1019 width=0)
	        Index Cond: ((id >= 4424445) AND (id <= 4425444))

explain: for point_selects :: explain SELECT c FROM sbtest%u WHERE id=%u
for: sum_ranges
table 1 : explain SELECT SUM(k) FROM sbtest1 WHERE id BETWEEN 343919 AND 344918
	Aggregate  (cost=4168.04..4168.05 rows=1 width=8)
	  ->  Bitmap Heap Scan on sbtest1  (cost=35.46..4165.35 rows=1076 width=4)
	        Recheck Cond: ((id >= 343919) AND (id <= 344918))
	        ->  Bitmap Index Scan on sbtest1_pkey  (cost=0.00..35.20 rows=1076 width=0)
	              Index Cond: ((id >= 343919) AND (id <= 344918))

table 2 : explain SELECT SUM(k) FROM sbtest2 WHERE id BETWEEN 4097682 AND 4098681
	Aggregate  (cost=3616.47..3616.48 rows=1 width=8)
	  ->  Bitmap Heap Scan on sbtest2  (cost=29.98..3614.14 rows=931 width=4)
	        Recheck Cond: ((id >= 4097682) AND (id <= 4098681))
	        ->  Bitmap Index Scan on sbtest2_pkey  (cost=0.00..29.75 rows=931 width=0)
	              Index Cond: ((id >= 4097682) AND (id <= 4098681))

table 3 : explain SELECT SUM(k) FROM sbtest3 WHERE id BETWEEN 1294290 AND 1295289
	Aggregate  (cost=3880.92..3880.93 rows=1 width=8)
	  ->  Bitmap Heap Scan on sbtest3  (cost=30.70..3878.42 rows=1001 width=4)
	        Recheck Cond: ((id >= 1294290) AND (id <= 1295289))
	        ->  Bitmap Index Scan on sbtest3_pkey  (cost=0.00..30.44 rows=1001 width=0)
	              Index Cond: ((id >= 1294290) AND (id <= 1295289))

table 4 : explain SELECT SUM(k) FROM sbtest4 WHERE id BETWEEN 9367591 AND 9368590
	Aggregate  (cost=3764.29..3764.30 rows=1 width=8)
	  ->  Bitmap Heap Scan on sbtest4  (cost=30.38..3761.87 rows=970 width=4)
	        Recheck Cond: ((id >= 9367591) AND (id <= 9368590))
	        ->  Bitmap Index Scan on sbtest4_pkey  (cost=0.00..30.14 rows=970 width=0)
	              Index Cond: ((id >= 9367591) AND (id <= 9368590))

table 5 : explain SELECT SUM(k) FROM sbtest5 WHERE id BETWEEN 3851666 AND 3852665
	Aggregate  (cost=3529.36..3529.37 rows=1 width=8)
	  ->  Bitmap Heap Scan on sbtest5  (cost=29.74..3527.09 rows=908 width=4)
	        Recheck Cond: ((id >= 3851666) AND (id <= 3852665))
	        ->  Bitmap Index Scan on sbtest5_pkey  (cost=0.00..29.51 rows=908 width=0)
	              Index Cond: ((id >= 3851666) AND (id <= 3852665))

table 6 : explain SELECT SUM(k) FROM sbtest6 WHERE id BETWEEN 1338356 AND 1339355
	Aggregate  (cost=3983.00..3983.01 rows=1 width=8)
	  ->  Bitmap Heap Scan on sbtest6  (cost=34.96..3980.44 rows=1027 width=4)
	        Recheck Cond: ((id >= 1338356) AND (id <= 1339355))
	        ->  Bitmap Index Scan on sbtest6_pkey  (cost=0.00..34.70 rows=1027 width=0)
	              Index Cond: ((id >= 1338356) AND (id <= 1339355))

table 7 : explain SELECT SUM(k) FROM sbtest7 WHERE id BETWEEN 5992066 AND 5993065
	Aggregate  (cost=3733.82..3733.83 rows=1 width=8)
	  ->  Bitmap Heap Scan on sbtest7  (cost=30.30..3731.41 rows=962 width=4)
	        Recheck Cond: ((id >= 5992066) AND (id <= 5993065))
	        ->  Bitmap Index Scan on sbtest7_pkey  (cost=0.00..30.05 rows=962 width=0)
	              Index Cond: ((id >= 5992066) AND (id <= 5993065))

table 8 : explain SELECT SUM(k) FROM sbtest8 WHERE id BETWEEN 9626459 AND 9627458
	Aggregate  (cost=3574.83..3574.84 rows=1 width=8)
	  ->  Bitmap Heap Scan on sbtest8  (cost=29.87..3572.53 rows=920 width=4)
	        Recheck Cond: ((id >= 9626459) AND (id <= 9627458))
	        ->  Bitmap Index Scan on sbtest8_pkey  (cost=0.00..29.64 rows=920 width=0)
	              Index Cond: ((id >= 9626459) AND (id <= 9627458))

explain: for point_selects :: explain SELECT c FROM sbtest%u WHERE id=%u
for: order_ranges
table 1 : explain SELECT c FROM sbtest1 WHERE id BETWEEN 3813523 AND 3814522 ORDER BY c
	Sort  (cost=3943.82..3946.33 rows=1005 width=121)
	  Sort Key: c
	  ->  Bitmap Heap Scan on sbtest1  (cost=30.74..3893.70 rows=1005 width=121)
	        Recheck Cond: ((id >= 3813523) AND (id <= 3814522))
	        ->  Bitmap Index Scan on sbtest1_pkey  (cost=0.00..30.48 rows=1005 width=0)
	              Index Cond: ((id >= 3813523) AND (id <= 3814522))

table 2 : explain SELECT c FROM sbtest2 WHERE id BETWEEN 1883208 AND 1884207 ORDER BY c
	Sort  (cost=3859.57..3862.03 rows=983 width=121)
	  Sort Key: c
	  ->  Bitmap Heap Scan on sbtest2  (cost=30.51..3810.71 rows=983 width=121)
	        Recheck Cond: ((id >= 1883208) AND (id <= 1884207))
	        ->  Bitmap Index Scan on sbtest2_pkey  (cost=0.00..30.26 rows=983 width=0)
	              Index Cond: ((id >= 1883208) AND (id <= 1884207))

table 3 : explain SELECT c FROM sbtest3 WHERE id BETWEEN 2904206 AND 2905205 ORDER BY c
	Sort  (cost=3609.89..3612.18 rows=918 width=121)
	  Sort Key: c
	  ->  Bitmap Heap Scan on sbtest3  (cost=29.84..3564.71 rows=918 width=121)
	        Recheck Cond: ((id >= 2904206) AND (id <= 2905205))
	        ->  Bitmap Index Scan on sbtest3_pkey  (cost=0.00..29.61 rows=918 width=0)
	              Index Cond: ((id >= 2904206) AND (id <= 2905205))

table 4 : explain SELECT c FROM sbtest4 WHERE id BETWEEN 7825948 AND 7826947 ORDER BY c
	Sort  (cost=4441.50..4444.33 rows=1134 width=121)
	  Sort Key: c
	  ->  Bitmap Heap Scan on sbtest4  (cost=36.06..4383.96 rows=1134 width=121)
	        Recheck Cond: ((id >= 7825948) AND (id <= 7826947))
	        ->  Bitmap Index Scan on sbtest4_pkey  (cost=0.00..35.78 rows=1134 width=0)
	              Index Cond: ((id >= 7825948) AND (id <= 7826947))

table 5 : explain SELECT c FROM sbtest5 WHERE id BETWEEN 652216 AND 653215 ORDER BY c
	Sort  (cost=3848.09..3850.54 rows=980 width=121)
	  Sort Key: c
	  ->  Bitmap Heap Scan on sbtest5  (cost=30.48..3799.40 rows=980 width=121)
	        Recheck Cond: ((id >= 652216) AND (id <= 653215))
	        ->  Bitmap Index Scan on sbtest5_pkey  (cost=0.00..30.23 rows=980 width=0)
	              Index Cond: ((id >= 652216) AND (id <= 653215))

table 6 : explain SELECT c FROM sbtest6 WHERE id BETWEEN 1578350 AND 1579349 ORDER BY c
	Sort  (cost=3870.75..3873.22 rows=986 width=121)
	  Sort Key: c
	  ->  Bitmap Heap Scan on sbtest6  (cost=30.54..3821.72 rows=986 width=121)
	        Recheck Cond: ((id >= 1578350) AND (id <= 1579349))
	        ->  Bitmap Index Scan on sbtest6_pkey  (cost=0.00..30.29 rows=986 width=0)
	              Index Cond: ((id >= 1578350) AND (id <= 1579349))

table 7 : explain SELECT c FROM sbtest7 WHERE id BETWEEN 8534760 AND 8535759 ORDER BY c
	Sort  (cost=3690.81..3693.16 rows=939 width=121)
	  Sort Key: c
	  ->  Bitmap Heap Scan on sbtest7  (cost=30.06..3644.44 rows=939 width=121)
	        Recheck Cond: ((id >= 8534760) AND (id <= 8535759))
	        ->  Bitmap Index Scan on sbtest7_pkey  (cost=0.00..29.82 rows=939 width=0)
	              Index Cond: ((id >= 8534760) AND (id <= 8535759))

table 8 : explain SELECT c FROM sbtest8 WHERE id BETWEEN 8926106 AND 8927105 ORDER BY c
	Sort  (cost=4173.76..4176.42 rows=1064 width=121)
	  Sort Key: c
	  ->  Bitmap Heap Scan on sbtest8  (cost=35.34..4120.27 rows=1064 width=121)
	        Recheck Cond: ((id >= 8926106) AND (id <= 8927105))
	        ->  Bitmap Index Scan on sbtest8_pkey  (cost=0.00..35.08 rows=1064 width=0)
	              Index Cond: ((id >= 8926106) AND (id <= 8927105))

for: order_ranges
table 1 : explain SELECT c FROM sbtest1 WHERE id BETWEEN 9457714 AND 9458713 ORDER BY c
	Sort  (cost=4162.00..4164.66 rows=1062 width=121)
	  Sort Key: c
	  ->  Bitmap Heap Scan on sbtest1  (cost=31.32..4108.63 rows=1062 width=121)
	        Recheck Cond: ((id >= 9457714) AND (id <= 9458713))
	        ->  Bitmap Index Scan on sbtest1_pkey  (cost=0.00..31.05 rows=1062 width=0)
	              Index Cond: ((id >= 9457714) AND (id <= 9458713))

table 2 : explain SELECT c FROM sbtest2 WHERE id BETWEEN 2047875 AND 2048874 ORDER BY c
	Sort  (cost=3652.37..3654.69 rows=929 width=121)
	  Sort Key: c
	  ->  Bitmap Heap Scan on sbtest2  (cost=29.96..3606.57 rows=929 width=121)
	        Recheck Cond: ((id >= 2047875) AND (id <= 2048874))
	        ->  Bitmap Index Scan on sbtest2_pkey  (cost=0.00..29.72 rows=929 width=0)
	              Index Cond: ((id >= 2047875) AND (id <= 2048874))

table 3 : explain SELECT c FROM sbtest3 WHERE id BETWEEN 1630839 AND 1631838 ORDER BY c
	Sort  (cost=3905.31..3907.80 rows=995 width=121)
	  Sort Key: c
	  ->  Bitmap Heap Scan on sbtest3  (cost=30.63..3855.77 rows=995 width=121)
	        Recheck Cond: ((id >= 1630839) AND (id <= 1631838))
	        ->  Bitmap Index Scan on sbtest3_pkey  (cost=0.00..30.39 rows=995 width=0)
	              Index Cond: ((id >= 1630839) AND (id <= 1631838))

table 4 : explain SELECT c FROM sbtest4 WHERE id BETWEEN 5275758 AND 5276757 ORDER BY c
	Sort  (cost=3775.46..3777.86 rows=961 width=121)
	  Sort Key: c
	  ->  Bitmap Heap Scan on sbtest4  (cost=30.29..3727.85 rows=961 width=121)
	        Recheck Cond: ((id >= 5275758) AND (id <= 5276757))
	        ->  Bitmap Index Scan on sbtest4_pkey  (cost=0.00..30.04 rows=961 width=0)
	              Index Cond: ((id >= 5275758) AND (id <= 5276757))

table 5 : explain SELECT c FROM sbtest5 WHERE id BETWEEN 5118678 AND 5119677 ORDER BY c
	Sort  (cost=3905.59..3908.07 rows=995 width=121)
	  Sort Key: c
	  ->  Bitmap Heap Scan on sbtest5  (cost=30.63..3856.04 rows=995 width=121)
	        Recheck Cond: ((id >= 5118678) AND (id <= 5119677))
	        ->  Bitmap Index Scan on sbtest5_pkey  (cost=0.00..30.39 rows=995 width=0)
	              Index Cond: ((id >= 5118678) AND (id <= 5119677))

table 6 : explain SELECT c FROM sbtest6 WHERE id BETWEEN 9050891 AND 9051890 ORDER BY c
	Sort  (cost=4165.72..4168.38 rows=1062 width=121)
	  Sort Key: c
	  ->  Bitmap Heap Scan on sbtest6  (cost=35.32..4112.35 rows=1062 width=121)
	        Recheck Cond: ((id >= 9050891) AND (id <= 9051890))
	        ->  Bitmap Index Scan on sbtest6_pkey  (cost=0.00..35.06 rows=1062 width=0)
	              Index Cond: ((id >= 9050891) AND (id <= 9051890))

table 7 : explain SELECT c FROM sbtest7 WHERE id BETWEEN 1395498 AND 1396497 ORDER BY c
	Sort  (cost=3594.79..3597.07 rows=914 width=121)
	  Sort Key: c
	  ->  Bitmap Heap Scan on sbtest7  (cost=29.80..3549.84 rows=914 width=121)
	        Recheck Cond: ((id >= 1395498) AND (id <= 1396497))
	        ->  Bitmap Index Scan on sbtest7_pkey  (cost=0.00..29.57 rows=914 width=0)
	              Index Cond: ((id >= 1395498) AND (id <= 1396497))

table 8 : explain SELECT c FROM sbtest8 WHERE id BETWEEN 6073367 AND 6074366 ORDER BY c
	Sort  (cost=3809.75..3812.17 rows=970 width=121)
	  Sort Key: c
	  ->  Bitmap Heap Scan on sbtest8  (cost=30.38..3761.63 rows=970 width=121)
	        Recheck Cond: ((id >= 6073367) AND (id <= 6074366))
	        ->  Bitmap Index Scan on sbtest8_pkey  (cost=0.00..30.14 rows=970 width=0)
	              Index Cond: ((id >= 6073367) AND (id <= 6074366))

for: sum_ranges
table 1 : explain SELECT SUM(k) FROM sbtest1 WHERE id BETWEEN 2108003 AND 2109002
	Aggregate  (cost=3873.55..3873.56 rows=1 width=8)
	  ->  Bitmap Heap Scan on sbtest1  (cost=30.67..3871.06 rows=999 width=4)
	        Recheck Cond: ((id >= 2108003) AND (id <= 2109002))
	        ->  Bitmap Index Scan on sbtest1_pkey  (cost=0.00..30.43 rows=999 width=0)
	              Index Cond: ((id >= 2108003) AND (id <= 2109002))

table 2 : explain SELECT SUM(k) FROM sbtest2 WHERE id BETWEEN 3370843 AND 3371842
	Aggregate  (cost=3956.70..3956.71 rows=1 width=8)
	  ->  Bitmap Heap Scan on sbtest2  (cost=30.90..3954.15 rows=1021 width=4)
	        Recheck Cond: ((id >= 3370843) AND (id <= 3371842))
	        ->  Bitmap Index Scan on sbtest2_pkey  (cost=0.00..30.64 rows=1021 width=0)
	              Index Cond: ((id >= 3370843) AND (id <= 3371842))

table 3 : explain SELECT SUM(k) FROM sbtest3 WHERE id BETWEEN 986930 AND 987929
	Aggregate  (cost=3654.08..3654.09 rows=1 width=8)
	  ->  Bitmap Heap Scan on sbtest3  (cost=30.08..3651.73 rows=941 width=4)
	        Recheck Cond: ((id >= 986930) AND (id <= 987929))
	        ->  Bitmap Index Scan on sbtest3_pkey  (cost=0.00..29.84 rows=941 width=0)
	              Index Cond: ((id >= 986930) AND (id <= 987929))

table 4 : explain SELECT SUM(k) FROM sbtest4 WHERE id BETWEEN 3287834 AND 3288833
	Aggregate  (cost=3881.46..3881.47 rows=1 width=8)
	  ->  Bitmap Heap Scan on sbtest4  (cost=30.70..3878.95 rows=1001 width=4)
	        Recheck Cond: ((id >= 3287834) AND (id <= 3288833))
	        ->  Bitmap Index Scan on sbtest4_pkey  (cost=0.00..30.44 rows=1001 width=0)
	              Index Cond: ((id >= 3287834) AND (id <= 3288833))

table 5 : explain SELECT SUM(k) FROM sbtest5 WHERE id BETWEEN 9639266 AND 9640265
	Aggregate  (cost=4104.07..4104.08 rows=1 width=8)
	  ->  Bitmap Heap Scan on sbtest5  (cost=35.29..4101.42 rows=1059 width=4)
	        Recheck Cond: ((id >= 9639266) AND (id <= 9640265))
	        ->  Bitmap Index Scan on sbtest5_pkey  (cost=0.00..35.03 rows=1059 width=0)
	              Index Cond: ((id >= 9639266) AND (id <= 9640265))

table 6 : explain SELECT SUM(k) FROM sbtest6 WHERE id BETWEEN 3093468 AND 3094467
	Aggregate  (cost=3998.10..3998.11 rows=1 width=8)
	  ->  Bitmap Heap Scan on sbtest6  (cost=35.00..3995.52 rows=1031 width=4)
	        Recheck Cond: ((id >= 3093468) AND (id <= 3094467))
	        ->  Bitmap Index Scan on sbtest6_pkey  (cost=0.00..34.75 rows=1031 width=0)
	              Index Cond: ((id >= 3093468) AND (id <= 3094467))

table 7 : explain SELECT SUM(k) FROM sbtest7 WHERE id BETWEEN 1947002 AND 1948001
	Aggregate  (cost=4070.16..4070.17 rows=1 width=8)
	  ->  Bitmap Heap Scan on sbtest7  (cost=35.20..4067.54 rows=1050 width=4)
	        Recheck Cond: ((id >= 1947002) AND (id <= 1948001))
	        ->  Bitmap Index Scan on sbtest7_pkey  (cost=0.00..34.94 rows=1050 width=0)
	              Index Cond: ((id >= 1947002) AND (id <= 1948001))

table 8 : explain SELECT SUM(k) FROM sbtest8 WHERE id BETWEEN 1613366 AND 1614365
	Aggregate  (cost=3972.05..3972.06 rows=1 width=8)
	  ->  Bitmap Heap Scan on sbtest8  (cost=34.93..3969.49 rows=1024 width=4)
	        Recheck Cond: ((id >= 1613366) AND (id <= 1614365))
	        ->  Bitmap Index Scan on sbtest8_pkey  (cost=0.00..34.68 rows=1024 width=0)
	              Index Cond: ((id >= 1613366) AND (id <= 1614365))

for: order_ranges
table 1 : explain SELECT c FROM sbtest1 WHERE id BETWEEN 565318 AND 566317 ORDER BY c
	Sort  (cost=3556.26..3558.52 rows=904 width=121)
	  Sort Key: c
	  ->  Bitmap Heap Scan on sbtest1  (cost=29.70..3511.87 rows=904 width=121)
	        Recheck Cond: ((id >= 565318) AND (id <= 566317))
	        ->  Bitmap Index Scan on sbtest1_pkey  (cost=0.00..29.47 rows=904 width=0)
	              Index Cond: ((id >= 565318) AND (id <= 566317))

table 2 : explain SELECT c FROM sbtest2 WHERE id BETWEEN 4190545 AND 4191544 ORDER BY c
	Sort  (cost=3878.74..3881.21 rows=988 width=121)
	  Sort Key: c
	  ->  Bitmap Heap Scan on sbtest2  (cost=30.56..3829.60 rows=988 width=121)
	        Recheck Cond: ((id >= 4190545) AND (id <= 4191544))
	        ->  Bitmap Index Scan on sbtest2_pkey  (cost=0.00..30.32 rows=988 width=0)
	              Index Cond: ((id >= 4190545) AND (id <= 4191544))

table 3 : explain SELECT c FROM sbtest3 WHERE id BETWEEN 9004265 AND 9005264 ORDER BY c
	Sort  (cost=3755.77..3758.16 rows=956 width=121)
	  Sort Key: c
	  ->  Bitmap Heap Scan on sbtest3  (cost=30.23..3708.45 rows=956 width=121)
	        Recheck Cond: ((id >= 9004265) AND (id <= 9005264))
	        ->  Bitmap Index Scan on sbtest3_pkey  (cost=0.00..30.00 rows=956 width=0)
	              Index Cond: ((id >= 9004265) AND (id <= 9005264))

table 4 : explain SELECT c FROM sbtest4 WHERE id BETWEEN 8776929 AND 8777928 ORDER BY c
	Sort  (cost=3806.15..3808.57 rows=969 width=121)
	  Sort Key: c
	  ->  Bitmap Heap Scan on sbtest4  (cost=30.37..3758.09 rows=969 width=121)
	        Recheck Cond: ((id >= 8776929) AND (id <= 8777928))
	        ->  Bitmap Index Scan on sbtest4_pkey  (cost=0.00..30.12 rows=969 width=0)
	              Index Cond: ((id >= 8776929) AND (id <= 8777928))

table 5 : explain SELECT c FROM sbtest5 WHERE id BETWEEN 8088850 AND 8089849 ORDER BY c
	Sort  (cost=4005.19..4007.74 rows=1021 width=121)
	  Sort Key: c
	  ->  Bitmap Heap Scan on sbtest5  (cost=30.90..3954.16 rows=1021 width=121)
	        Recheck Cond: ((id >= 8088850) AND (id <= 8089849))
	        ->  Bitmap Index Scan on sbtest5_pkey  (cost=0.00..30.64 rows=1021 width=0)
	              Index Cond: ((id >= 8088850) AND (id <= 8089849))

table 6 : explain SELECT c FROM sbtest6 WHERE id BETWEEN 2363463 AND 2364462 ORDER BY c
	Sort  (cost=4085.39..4088.00 rows=1041 width=121)
	  Sort Key: c
	  ->  Bitmap Heap Scan on sbtest6  (cost=35.11..4033.22 rows=1041 width=121)
	        Recheck Cond: ((id >= 2363463) AND (id <= 2364462))
	        ->  Bitmap Index Scan on sbtest6_pkey  (cost=0.00..34.84 rows=1041 width=0)
	              Index Cond: ((id >= 2363463) AND (id <= 2364462))

table 7 : explain SELECT c FROM sbtest7 WHERE id BETWEEN 2252019 AND 2253018 ORDER BY c
	Sort  (cost=4150.83..4153.48 rows=1058 width=121)
	  Sort Key: c
	  ->  Bitmap Heap Scan on sbtest7  (cost=35.28..4097.68 rows=1058 width=121)
	        Recheck Cond: ((id >= 2252019) AND (id <= 2253018))
	        ->  Bitmap Index Scan on sbtest7_pkey  (cost=0.00..35.02 rows=1058 width=0)
	              Index Cond: ((id >= 2252019) AND (id <= 2253018))

table 8 : explain SELECT c FROM sbtest8 WHERE id BETWEEN 1818785 AND 1819784 ORDER BY c
	Sort  (cost=3775.22..3777.63 rows=961 width=121)
	  Sort Key: c
	  ->  Bitmap Heap Scan on sbtest8  (cost=30.29..3727.61 rows=961 width=121)
	        Recheck Cond: ((id >= 1818785) AND (id <= 1819784))
	        ->  Bitmap Index Scan on sbtest8_pkey  (cost=0.00..30.04 rows=961 width=0)
	              Index Cond: ((id >= 1818785) AND (id <= 1819784))

for: order_ranges
table 1 : explain SELECT c FROM sbtest1 WHERE id BETWEEN 9481800 AND 9482799 ORDER BY c
	Sort  (cost=4162.00..4164.66 rows=1062 width=121)
	  Sort Key: c
	  ->  Bitmap Heap Scan on sbtest1  (cost=31.32..4108.63 rows=1062 width=121)
	        Recheck Cond: ((id >= 9481800) AND (id <= 9482799))
	        ->  Bitmap Index Scan on sbtest1_pkey  (cost=0.00..31.05 rows=1062 width=0)
	              Index Cond: ((id >= 9481800) AND (id <= 9482799))

table 2 : explain SELECT c FROM sbtest2 WHERE id BETWEEN 2263290 AND 2264289 ORDER BY c
	Sort  (cost=3894.07..3896.55 rows=992 width=121)
	  Sort Key: c
	  ->  Bitmap Heap Scan on sbtest2  (cost=30.60..3844.70 rows=992 width=121)
	        Recheck Cond: ((id >= 2263290) AND (id <= 2264289))
	        ->  Bitmap Index Scan on sbtest2_pkey  (cost=0.00..30.36 rows=992 width=0)
	              Index Cond: ((id >= 2263290) AND (id <= 2264289))

table 3 : explain SELECT c FROM sbtest3 WHERE id BETWEEN 4346428 AND 4347427 ORDER BY c
	Sort  (cost=3966.61..3969.14 rows=1011 width=121)
	  Sort Key: c
	  ->  Bitmap Heap Scan on sbtest3  (cost=30.80..3916.16 rows=1011 width=121)
	        Recheck Cond: ((id >= 4346428) AND (id <= 4347427))
	        ->  Bitmap Index Scan on sbtest3_pkey  (cost=0.00..30.54 rows=1011 width=0)
	              Index Cond: ((id >= 4346428) AND (id <= 4347427))

table 4 : explain SELECT c FROM sbtest4 WHERE id BETWEEN 757924 AND 758923 ORDER BY c
	Sort  (cost=3644.93..3647.25 rows=927 width=121)
	  Sort Key: c
	  ->  Bitmap Heap Scan on sbtest4  (cost=29.94..3599.25 rows=927 width=121)
	        Recheck Cond: ((id >= 757924) AND (id <= 758923))
	        ->  Bitmap Index Scan on sbtest4_pkey  (cost=0.00..29.70 rows=927 width=0)
	              Index Cond: ((id >= 757924) AND (id <= 758923))

table 5 : explain SELECT c FROM sbtest5 WHERE id BETWEEN 4651994 AND 4652993 ORDER BY c
	Sort  (cost=3821.24..3823.68 rows=973 width=121)
	  Sort Key: c
	  ->  Bitmap Heap Scan on sbtest5  (cost=30.41..3772.95 rows=973 width=121)
	        Recheck Cond: ((id >= 4651994) AND (id <= 4652993))
	        ->  Bitmap Index Scan on sbtest5_pkey  (cost=0.00..30.16 rows=973 width=0)
	              Index Cond: ((id >= 4651994) AND (id <= 4652993))

table 6 : explain SELECT c FROM sbtest6 WHERE id BETWEEN 9495890 AND 9496889 ORDER BY c
	Sort  (cost=3701.98..3704.34 rows=942 width=121)
	  Sort Key: c
	  ->  Bitmap Heap Scan on sbtest6  (cost=30.09..3655.45 rows=942 width=121)
	        Recheck Cond: ((id >= 9495890) AND (id <= 9496889))
	        ->  Bitmap Index Scan on sbtest6_pkey  (cost=0.00..29.86 rows=942 width=0)
	              Index Cond: ((id >= 9495890) AND (id <= 9496889))

table 7 : explain SELECT c FROM sbtest7 WHERE id BETWEEN 9200209 AND 9201208 ORDER BY c
	Sort  (cost=3406.37..3408.53 rows=865 width=121)
	  Sort Key: c
	  ->  Bitmap Heap Scan on sbtest7  (cost=29.30..3364.17 rows=865 width=121)
	        Recheck Cond: ((id >= 9200209) AND (id <= 9201208))
	        ->  Bitmap Index Scan on sbtest7_pkey  (cost=0.00..29.08 rows=865 width=0)
	              Index Cond: ((id >= 9200209) AND (id <= 9201208))

table 8 : explain SELECT c FROM sbtest8 WHERE id BETWEEN 4151298 AND 4152297 ORDER BY c
	Sort  (cost=3840.43..3842.87 rows=978 width=121)
	  Sort Key: c
	  ->  Bitmap Heap Scan on sbtest8  (cost=30.46..3791.85 rows=978 width=121)
	        Recheck Cond: ((id >= 4151298) AND (id <= 4152297))
	        ->  Bitmap Index Scan on sbtest8_pkey  (cost=0.00..30.21 rows=978 width=0)
	              Index Cond: ((id >= 4151298) AND (id <= 4152297))

for: sum_ranges
table 1 : explain SELECT SUM(k) FROM sbtest1 WHERE id BETWEEN 2962661 AND 2963660
	Aggregate  (cost=3899.99..3900.00 rows=1 width=8)
	  ->  Bitmap Heap Scan on sbtest1  (cost=30.75..3897.48 rows=1006 width=4)
	        Recheck Cond: ((id >= 2962661) AND (id <= 2963660))
	        ->  Bitmap Index Scan on sbtest1_pkey  (cost=0.00..30.50 rows=1006 width=0)
	              Index Cond: ((id >= 2962661) AND (id <= 2963660))

table 2 : explain SELECT SUM(k) FROM sbtest2 WHERE id BETWEEN 7048435 AND 7049434
	Aggregate  (cost=4039.94..4039.95 rows=1 width=8)
	  ->  Bitmap Heap Scan on sbtest2  (cost=35.12..4037.34 rows=1042 width=4)
	        Recheck Cond: ((id >= 7048435) AND (id <= 7049434))
	        ->  Bitmap Index Scan on sbtest2_pkey  (cost=0.00..34.86 rows=1042 width=0)
	              Index Cond: ((id >= 7048435) AND (id <= 7049434))

table 3 : explain SELECT SUM(k) FROM sbtest3 WHERE id BETWEEN 650722 AND 651721
	Aggregate  (cost=3680.57..3680.58 rows=1 width=8)
	  ->  Bitmap Heap Scan on sbtest3  (cost=30.15..3678.20 rows=948 width=4)
	        Recheck Cond: ((id >= 650722) AND (id <= 651721))
	        ->  Bitmap Index Scan on sbtest3_pkey  (cost=0.00..29.91 rows=948 width=0)
	              Index Cond: ((id >= 650722) AND (id <= 651721))

table 4 : explain SELECT SUM(k) FROM sbtest4 WHERE id BETWEEN 6024973 AND 6025972
	Aggregate  (cost=3923.00..3923.01 rows=1 width=8)
	  ->  Bitmap Heap Scan on sbtest4  (cost=30.81..3920.47 rows=1012 width=4)
	        Recheck Cond: ((id >= 6024973) AND (id <= 6025972))
	        ->  Bitmap Index Scan on sbtest4_pkey  (cost=0.00..30.55 rows=1012 width=0)
	              Index Cond: ((id >= 6024973) AND (id <= 6025972))

table 5 : explain SELECT SUM(k) FROM sbtest5 WHERE id BETWEEN 6271918 AND 6272917
	Aggregate  (cost=3918.96..3918.97 rows=1 width=8)
	  ->  Bitmap Heap Scan on sbtest5  (cost=30.80..3916.43 rows=1011 width=4)
	        Recheck Cond: ((id >= 6271918) AND (id <= 6272917))
	        ->  Bitmap Index Scan on sbtest5_pkey  (cost=0.00..30.54 rows=1011 width=0)
	              Index Cond: ((id >= 6271918) AND (id <= 6272917))

table 6 : explain SELECT SUM(k) FROM sbtest6 WHERE id BETWEEN 7248850 AND 7249849
	Aggregate  (cost=3843.08..3843.09 rows=1 width=8)
	  ->  Bitmap Heap Scan on sbtest6  (cost=30.59..3840.60 rows=991 width=4)
	        Recheck Cond: ((id >= 7248850) AND (id <= 7249849))
	        ->  Bitmap Index Scan on sbtest6_pkey  (cost=0.00..30.34 rows=991 width=0)
	              Index Cond: ((id >= 7248850) AND (id <= 7249849))

table 7 : explain SELECT SUM(k) FROM sbtest7 WHERE id BETWEEN 9268022 AND 9269021
	Aggregate  (cost=3366.33..3366.34 rows=1 width=8)
	  ->  Bitmap Heap Scan on sbtest7  (cost=29.30..3364.17 rows=865 width=4)
	        Recheck Cond: ((id >= 9268022) AND (id <= 9269021))
	        ->  Bitmap Index Scan on sbtest7_pkey  (cost=0.00..29.08 rows=865 width=0)
	              Index Cond: ((id >= 9268022) AND (id <= 9269021))

table 8 : explain SELECT SUM(k) FROM sbtest8 WHERE id BETWEEN 9396077 AND 9397076
	Aggregate  (cost=4089.00..4089.01 rows=1 width=8)
	  ->  Bitmap Heap Scan on sbtest8  (cost=35.25..4086.36 rows=1055 width=4)
	        Recheck Cond: ((id >= 9396077) AND (id <= 9397076))
	        ->  Bitmap Index Scan on sbtest8_pkey  (cost=0.00..34.98 rows=1055 width=0)
	              Index Cond: ((id >= 9396077) AND (id <= 9397076))

for: distinct_ranges
table 1 : explain SELECT DISTINCT c FROM sbtest1 WHERE id BETWEEN 9661599 AND 9662598 ORDER BY c
	Unique  (cost=4112.28..4117.52 rows=1049 width=121)
	  ->  Sort  (cost=4112.28..4114.90 rows=1049 width=121)
	        Sort Key: c
	        ->  Bitmap Heap Scan on sbtest1  (cost=31.19..4059.64 rows=1049 width=121)
	              Recheck Cond: ((id >= 9661599) AND (id <= 9662598))
	              ->  Bitmap Index Scan on sbtest1_pkey  (cost=0.00..30.93 rows=1049 width=0)
	                    Index Cond: ((id >= 9661599) AND (id <= 9662598))

table 2 : explain SELECT DISTINCT c FROM sbtest2 WHERE id BETWEEN 8292360 AND 8293359 ORDER BY c
	Unique  (cost=3928.56..3933.57 rows=1001 width=121)
	  ->  Sort  (cost=3928.56..3931.07 rows=1001 width=121)
	        Sort Key: c
	        ->  Bitmap Heap Scan on sbtest2  (cost=30.70..3878.68 rows=1001 width=121)
	              Recheck Cond: ((id >= 8292360) AND (id <= 8293359))
	              ->  Bitmap Index Scan on sbtest2_pkey  (cost=0.00..30.44 rows=1001 width=0)
	                    Index Cond: ((id >= 8292360) AND (id <= 8293359))

table 3 : explain SELECT DISTINCT c FROM sbtest3 WHERE id BETWEEN 1316867 AND 1317866 ORDER BY c
	Unique  (cost=3928.30..3933.31 rows=1001 width=121)
	  ->  Sort  (cost=3928.30..3930.81 rows=1001 width=121)
	        Sort Key: c
	        ->  Bitmap Heap Scan on sbtest3  (cost=30.70..3878.42 rows=1001 width=121)
	              Recheck Cond: ((id >= 1316867) AND (id <= 1317866))
	              ->  Bitmap Index Scan on sbtest3_pkey  (cost=0.00..30.44 rows=1001 width=0)
	                    Index Cond: ((id >= 1316867) AND (id <= 1317866))

table 4 : explain SELECT DISTINCT c FROM sbtest4 WHERE id BETWEEN 2745167 AND 2746166 ORDER BY c
	Unique  (cost=4261.98..4267.41 rows=1087 width=121)
	  ->  Sort  (cost=4261.98..4264.69 rows=1087 width=121)
	        Sort Key: c
	        ->  Bitmap Heap Scan on sbtest4  (cost=35.58..4207.16 rows=1087 width=121)
	              Recheck Cond: ((id >= 2745167) AND (id <= 2746166))
	              ->  Bitmap Index Scan on sbtest4_pkey  (cost=0.00..35.31 rows=1087 width=0)
	                    Index Cond: ((id >= 2745167) AND (id <= 2746166))

table 5 : explain SELECT DISTINCT c FROM sbtest5 WHERE id BETWEEN 2678095 AND 2679094 ORDER BY c
	Unique  (cost=3963.06..3968.11 rows=1010 width=121)
	  ->  Sort  (cost=3963.06..3965.58 rows=1010 width=121)
	        Sort Key: c
	        ->  Bitmap Heap Scan on sbtest5  (cost=30.79..3912.66 rows=1010 width=121)
	              Recheck Cond: ((id >= 2678095) AND (id <= 2679094))
	              ->  Bitmap Index Scan on sbtest5_pkey  (cost=0.00..30.54 rows=1010 width=0)
	                    Index Cond: ((id >= 2678095) AND (id <= 2679094))

table 6 : explain SELECT DISTINCT c FROM sbtest6 WHERE id BETWEEN 5658462 AND 5659461 ORDER BY c
	Unique  (cost=3675.11..3679.79 rows=935 width=121)
	  ->  Sort  (cost=3675.11..3677.45 rows=935 width=121)
	        Sort Key: c
	        ->  Bitmap Heap Scan on sbtest6  (cost=30.02..3628.98 rows=935 width=121)
	              Recheck Cond: ((id >= 5658462) AND (id <= 5659461))
	              ->  Bitmap Index Scan on sbtest6_pkey  (cost=0.00..29.79 rows=935 width=0)
	                    Index Cond: ((id >= 5658462) AND (id <= 5659461))

table 7 : explain SELECT DISTINCT c FROM sbtest7 WHERE id BETWEEN 8558981 AND 8559980 ORDER BY c
	Unique  (cost=3686.97..3691.66 rows=938 width=121)
	  ->  Sort  (cost=3686.97..3689.31 rows=938 width=121)
	        Sort Key: c
	        ->  Bitmap Heap Scan on sbtest7  (cost=30.05..3640.66 rows=938 width=121)
	              Recheck Cond: ((id >= 8558981) AND (id <= 8559980))
	              ->  Bitmap Index Scan on sbtest7_pkey  (cost=0.00..29.82 rows=938 width=0)
	                    Index Cond: ((id >= 8558981) AND (id <= 8559980))

table 8 : explain SELECT DISTINCT c FROM sbtest8 WHERE id BETWEEN 2327553 AND 2328552 ORDER BY c
	Unique  (cost=3966.90..3971.96 rows=1011 width=121)
	  ->  Sort  (cost=3966.90..3969.43 rows=1011 width=121)
	        Sort Key: c
	        ->  Bitmap Heap Scan on sbtest8  (cost=30.80..3916.44 rows=1011 width=121)
	              Recheck Cond: ((id >= 2327553) AND (id <= 2328552))
	              ->  Bitmap Index Scan on sbtest8_pkey  (cost=0.00..30.54 rows=1011 width=0)
	                    Index Cond: ((id >= 2327553) AND (id <= 2328552))

for point_selects
table 1 : explain SELECT c FROM sbtest1 WHERE id=4699239
	Index Scan using sbtest1_pkey on sbtest1  (cost=0.43..8.45 rows=1 width=121)
	  Index Cond: (id = 4699239)

table 2 : explain SELECT c FROM sbtest2 WHERE id=4722600
	Index Scan using sbtest2_pkey on sbtest2  (cost=0.43..8.45 rows=1 width=121)
	  Index Cond: (id = 4722600)

table 3 : explain SELECT c FROM sbtest3 WHERE id=294071
	Index Scan using sbtest3_pkey on sbtest3  (cost=0.43..8.45 rows=1 width=121)
	  Index Cond: (id = 294071)

table 4 : explain SELECT c FROM sbtest4 WHERE id=5188779
	Index Scan using sbtest4_pkey on sbtest4  (cost=0.43..8.45 rows=1 width=121)
	  Index Cond: (id = 5188779)

table 5 : explain SELECT c FROM sbtest5 WHERE id=263028
	Index Scan using sbtest5_pkey on sbtest5  (cost=0.43..8.45 rows=1 width=121)
	  Index Cond: (id = 263028)

table 6 : explain SELECT c FROM sbtest6 WHERE id=7683412
	Index Scan using sbtest6_pkey on sbtest6  (cost=0.43..8.45 rows=1 width=121)
	  Index Cond: (id = 7683412)

table 7 : explain SELECT c FROM sbtest7 WHERE id=3582822
	Index Scan using sbtest7_pkey on sbtest7  (cost=0.43..8.45 rows=1 width=121)
	  Index Cond: (id = 3582822)

table 8 : explain SELECT c FROM sbtest8 WHERE id=5160801
	Index Scan using sbtest8_pkey on sbtest8  (cost=0.43..8.45 rows=1 width=121)
	  Index Cond: (id = 5160801)

for: distinct_ranges
table 1 : explain SELECT DISTINCT c FROM sbtest1 WHERE id BETWEEN 1211459 AND 1212458 ORDER BY c
	Unique  (cost=4276.87..4282.32 rows=1091 width=121)
	  ->  Sort  (cost=4276.87..4279.60 rows=1091 width=121)
	        Sort Key: c
	        ->  Bitmap Heap Scan on sbtest1  (cost=35.62..4221.82 rows=1091 width=121)
	              Recheck Cond: ((id >= 1211459) AND (id <= 1212458))
	              ->  Bitmap Index Scan on sbtest1_pkey  (cost=0.00..35.34 rows=1091 width=0)
	                    Index Cond: ((id >= 1211459) AND (id <= 1212458))

table 2 : explain SELECT DISTINCT c FROM sbtest2 WHERE id BETWEEN 1753468 AND 1754467 ORDER BY c
	Unique  (cost=3871.07..3876.00 rows=986 width=121)
	  ->  Sort  (cost=3871.07..3873.54 rows=986 width=121)
	        Sort Key: c
	        ->  Bitmap Heap Scan on sbtest2  (cost=30.54..3822.04 rows=986 width=121)
	              Recheck Cond: ((id >= 1753468) AND (id <= 1754467))
	              ->  Bitmap Index Scan on sbtest2_pkey  (cost=0.00..30.29 rows=986 width=0)
	                    Index Cond: ((id >= 1753468) AND (id <= 1754467))

table 3 : explain SELECT DISTINCT c FROM sbtest3 WHERE id BETWEEN 9254221 AND 9255220 ORDER BY c
	Unique  (cost=3809.48..3814.33 rows=970 width=121)
	  ->  Sort  (cost=3809.48..3811.90 rows=970 width=121)
	        Sort Key: c
	        ->  Bitmap Heap Scan on sbtest3  (cost=30.38..3761.35 rows=970 width=121)
	              Recheck Cond: ((id >= 9254221) AND (id <= 9255220))
	              ->  Bitmap Index Scan on sbtest3_pkey  (cost=0.00..30.14 rows=970 width=0)
	                    Index Cond: ((id >= 9254221) AND (id <= 9255220))

table 4 : explain SELECT DISTINCT c FROM sbtest4 WHERE id BETWEEN 8633759 AND 8634758 ORDER BY c
	Unique  (cost=4112.82..4118.06 rows=1048 width=121)
	  ->  Sort  (cost=4112.82..4115.44 rows=1048 width=121)
	        Sort Key: c
	        ->  Bitmap Heap Scan on sbtest4  (cost=35.18..4060.25 rows=1048 width=121)
	              Recheck Cond: ((id >= 8633759) AND (id <= 8634758))
	              ->  Bitmap Index Scan on sbtest4_pkey  (cost=0.00..34.92 rows=1048 width=0)
	                    Index Cond: ((id >= 8633759) AND (id <= 8634758))

table 5 : explain SELECT DISTINCT c FROM sbtest5 WHERE id BETWEEN 4293269 AND 4294268 ORDER BY c
	Unique  (cost=3871.09..3876.02 rows=986 width=121)
	  ->  Sort  (cost=3871.09..3873.55 rows=986 width=121)
	        Sort Key: c
	        ->  Bitmap Heap Scan on sbtest5  (cost=30.54..3822.06 rows=986 width=121)
	              Recheck Cond: ((id >= 4293269) AND (id <= 4294268))
	              ->  Bitmap Index Scan on sbtest5_pkey  (cost=0.00..30.29 rows=986 width=0)
	                    Index Cond: ((id >= 4293269) AND (id <= 4294268))

table 6 : explain SELECT DISTINCT c FROM sbtest6 WHERE id BETWEEN 2402796 AND 2403795 ORDER BY c
	Unique  (cost=4089.22..4094.43 rows=1042 width=121)
	  ->  Sort  (cost=4089.22..4091.82 rows=1042 width=121)
	        Sort Key: c
	        ->  Bitmap Heap Scan on sbtest6  (cost=35.12..4036.99 rows=1042 width=121)
	              Recheck Cond: ((id >= 2402796) AND (id <= 2403795))
	              ->  Bitmap Index Scan on sbtest6_pkey  (cost=0.00..34.86 rows=1042 width=0)
	                    Index Cond: ((id >= 2402796) AND (id <= 2403795))

table 7 : explain SELECT DISTINCT c FROM sbtest7 WHERE id BETWEEN 9486179 AND 9487178 ORDER BY c
	Unique  (cost=3594.79..3599.36 rows=914 width=121)
	  ->  Sort  (cost=3594.79..3597.07 rows=914 width=121)
	        Sort Key: c
	        ->  Bitmap Heap Scan on sbtest7  (cost=29.80..3549.84 rows=914 width=121)
	              Recheck Cond: ((id >= 9486179) AND (id <= 9487178))
	              ->  Bitmap Index Scan on sbtest7_pkey  (cost=0.00..29.57 rows=914 width=0)
	                    Index Cond: ((id >= 9486179) AND (id <= 9487178))

table 8 : explain SELECT DISTINCT c FROM sbtest8 WHERE id BETWEEN 960421 AND 961420 ORDER BY c
	Unique  (cost=3997.54..4002.64 rows=1019 width=121)
	  ->  Sort  (cost=3997.54..4000.09 rows=1019 width=121)
	        Sort Key: c
	        ->  Bitmap Heap Scan on sbtest8  (cost=30.88..3946.63 rows=1019 width=121)
	              Recheck Cond: ((id >= 960421) AND (id <= 961420))
	              ->  Bitmap Index Scan on sbtest8_pkey  (cost=0.00..30.62 rows=1019 width=0)
	                    Index Cond: ((id >= 960421) AND (id <= 961420))

for: distinct_ranges
table 1 : explain SELECT DISTINCT c FROM sbtest1 WHERE id BETWEEN 5908362 AND 5909361 ORDER BY c
	Unique  (cost=3947.65..3952.68 rows=1006 width=121)
	  ->  Sort  (cost=3947.65..3950.16 rows=1006 width=121)
	        Sort Key: c
	        ->  Bitmap Heap Scan on sbtest1  (cost=30.75..3897.48 rows=1006 width=121)
	              Recheck Cond: ((id >= 5908362) AND (id <= 5909361))
	              ->  Bitmap Index Scan on sbtest1_pkey  (cost=0.00..30.50 rows=1006 width=0)
	                    Index Cond: ((id >= 5908362) AND (id <= 5909361))

table 2 : explain SELECT DISTINCT c FROM sbtest2 WHERE id BETWEEN 3178965 AND 3179964 ORDER BY c
	Unique  (cost=4318.98..4324.49 rows=1102 width=121)
	  ->  Sort  (cost=4318.98..4321.73 rows=1102 width=121)
	        Sort Key: c
	        ->  Bitmap Heap Scan on sbtest2  (cost=35.73..4263.29 rows=1102 width=121)
	              Recheck Cond: ((id >= 3178965) AND (id <= 3179964))
	              ->  Bitmap Index Scan on sbtest2_pkey  (cost=0.00..35.45 rows=1102 width=0)
	                    Index Cond: ((id >= 3178965) AND (id <= 3179964))

table 3 : explain SELECT DISTINCT c FROM sbtest3 WHERE id BETWEEN 8549413 AND 8550412 ORDER BY c
	Unique  (cost=3832.48..3837.36 rows=976 width=121)
	  ->  Sort  (cost=3832.48..3834.92 rows=976 width=121)
	        Sort Key: c
	        ->  Bitmap Heap Scan on sbtest3  (cost=30.44..3784.02 rows=976 width=121)
	              Recheck Cond: ((id >= 8549413) AND (id <= 8550412))
	              ->  Bitmap Index Scan on sbtest3_pkey  (cost=0.00..30.19 rows=976 width=0)
	                    Index Cond: ((id >= 8549413) AND (id <= 8550412))

table 4 : explain SELECT DISTINCT c FROM sbtest4 WHERE id BETWEEN 4515880 AND 4516879 ORDER BY c
	Unique  (cost=4384.23..4389.83 rows=1119 width=121)
	  ->  Sort  (cost=4384.23..4387.03 rows=1119 width=121)
	        Sort Key: c
	        ->  Bitmap Heap Scan on sbtest4  (cost=35.90..4327.56 rows=1119 width=121)
	              Recheck Cond: ((id >= 4515880) AND (id <= 4516879))
	              ->  Bitmap Index Scan on sbtest4_pkey  (cost=0.00..35.62 rows=1119 width=0)
	                    Index Cond: ((id >= 4515880) AND (id <= 4516879))

table 5 : explain SELECT DISTINCT c FROM sbtest5 WHERE id BETWEEN 5037694 AND 5038693 ORDER BY c
	Unique  (cost=3905.59..3910.56 rows=995 width=121)
	  ->  Sort  (cost=3905.59..3908.07 rows=995 width=121)
	        Sort Key: c
	        ->  Bitmap Heap Scan on sbtest5  (cost=30.63..3856.04 rows=995 width=121)
	              Recheck Cond: ((id >= 5037694) AND (id <= 5038693))
	              ->  Bitmap Index Scan on sbtest5_pkey  (cost=0.00..30.39 rows=995 width=0)
	                    Index Cond: ((id >= 5037694) AND (id <= 5038693))

table 6 : explain SELECT DISTINCT c FROM sbtest6 WHERE id BETWEEN 9854547 AND 9855546 ORDER BY c
	Unique  (cost=4096.87..4102.09 rows=1044 width=121)
	  ->  Sort  (cost=4096.87..4099.48 rows=1044 width=121)
	        Sort Key: c
	        ->  Bitmap Heap Scan on sbtest6  (cost=35.14..4044.53 rows=1044 width=121)
	              Recheck Cond: ((id >= 9854547) AND (id <= 9855546))
	              ->  Bitmap Index Scan on sbtest6_pkey  (cost=0.00..34.88 rows=1044 width=0)
	                    Index Cond: ((id >= 9854547) AND (id <= 9855546))

table 7 : explain SELECT DISTINCT c FROM sbtest7 WHERE id BETWEEN 3539301 AND 3540300 ORDER BY c
	Unique  (cost=3970.75..3975.81 rows=1012 width=121)
	  ->  Sort  (cost=3970.75..3973.28 rows=1012 width=121)
	        Sort Key: c
	        ->  Bitmap Heap Scan on sbtest7  (cost=30.81..3920.24 rows=1012 width=121)
	              Recheck Cond: ((id >= 3539301) AND (id <= 3540300))
	              ->  Bitmap Index Scan on sbtest7_pkey  (cost=0.00..30.55 rows=1012 width=0)
	                    Index Cond: ((id >= 3539301) AND (id <= 3540300))

table 8 : explain SELECT DISTINCT c FROM sbtest8 WHERE id BETWEEN 3917465 AND 3918464 ORDER BY c
	Unique  (cost=4154.64..4159.93 rows=1059 width=121)
	  ->  Sort  (cost=4154.64..4157.28 rows=1059 width=121)
	        Sort Key: c
	        ->  Bitmap Heap Scan on sbtest8  (cost=35.29..4101.43 rows=1059 width=121)
	              Recheck Cond: ((id >= 3917465) AND (id <= 3918464))
	              ->  Bitmap Index Scan on sbtest8_pkey  (cost=0.00..35.03 rows=1059 width=0)
	                    Index Cond: ((id >= 3917465) AND (id <= 3918464))

for: distinct_ranges
table 1 : explain SELECT DISTINCT c FROM sbtest1 WHERE id BETWEEN 9543418 AND 9544417 ORDER BY c
	Unique  (cost=3813.49..3818.34 rows=971 width=121)
	  ->  Sort  (cost=3813.49..3815.92 rows=971 width=121)
	        Sort Key: c
	        ->  Bitmap Heap Scan on sbtest1  (cost=30.39..3765.31 rows=971 width=121)
	              Recheck Cond: ((id >= 9543418) AND (id <= 9544417))
	              ->  Bitmap Index Scan on sbtest1_pkey  (cost=0.00..30.14 rows=971 width=0)
	                    Index Cond: ((id >= 9543418) AND (id <= 9544417))

table 2 : explain SELECT DISTINCT c FROM sbtest2 WHERE id BETWEEN 8139478 AND 8140477 ORDER BY c
	Unique  (cost=3986.03..3991.11 rows=1016 width=121)
	  ->  Sort  (cost=3986.03..3988.57 rows=1016 width=121)
	        Sort Key: c
	        ->  Bitmap Heap Scan on sbtest2  (cost=30.85..3935.28 rows=1016 width=121)
	              Recheck Cond: ((id >= 8139478) AND (id <= 8140477))
	              ->  Bitmap Index Scan on sbtest2_pkey  (cost=0.00..30.59 rows=1016 width=0)
	                    Index Cond: ((id >= 8139478) AND (id <= 8140477))

table 3 : explain SELECT DISTINCT c FROM sbtest3 WHERE id BETWEEN 6598153 AND 6599152 ORDER BY c
	Unique  (cost=3748.10..3752.87 rows=954 width=121)
	  ->  Sort  (cost=3748.10..3750.48 rows=954 width=121)
	        Sort Key: c
	        ->  Bitmap Heap Scan on sbtest3  (cost=30.21..3700.89 rows=954 width=121)
	              Recheck Cond: ((id >= 6598153) AND (id <= 6599152))
	              ->  Bitmap Index Scan on sbtest3_pkey  (cost=0.00..29.97 rows=954 width=0)
	                    Index Cond: ((id >= 6598153) AND (id <= 6599152))

table 4 : explain SELECT DISTINCT c FROM sbtest4 WHERE id BETWEEN 6682155 AND 6683154 ORDER BY c
	Unique  (cost=3767.78..3772.58 rows=959 width=121)
	  ->  Sort  (cost=3767.78..3770.18 rows=959 width=121)
	        Sort Key: c
	        ->  Bitmap Heap Scan on sbtest4  (cost=30.26..3720.29 rows=959 width=121)
	              Recheck Cond: ((id >= 6682155) AND (id <= 6683154))
	              ->  Bitmap Index Scan on sbtest4_pkey  (cost=0.00..30.02 rows=959 width=0)
	                    Index Cond: ((id >= 6682155) AND (id <= 6683154))

table 5 : explain SELECT DISTINCT c FROM sbtest5 WHERE id BETWEEN 3791276 AND 3792275 ORDER BY c
	Unique  (cost=3448.67..3453.05 rows=876 width=121)
	  ->  Sort  (cost=3448.67..3450.86 rows=876 width=121)
	        Sort Key: c
	        ->  Bitmap Heap Scan on sbtest5  (cost=29.41..3405.85 rows=876 width=121)
	              Recheck Cond: ((id >= 3791276) AND (id <= 3792275))
	              ->  Bitmap Index Scan on sbtest5_pkey  (cost=0.00..29.19 rows=876 width=0)
	                    Index Cond: ((id >= 3791276) AND (id <= 3792275))

table 6 : explain SELECT DISTINCT c FROM sbtest6 WHERE id BETWEEN 7987308 AND 7988307 ORDER BY c
	Unique  (cost=3675.11..3679.79 rows=935 width=121)
	  ->  Sort  (cost=3675.11..3677.45 rows=935 width=121)
	        Sort Key: c
	        ->  Bitmap Heap Scan on sbtest6  (cost=30.02..3628.98 rows=935 width=121)
	              Recheck Cond: ((id >= 7987308) AND (id <= 7988307))
	              ->  Bitmap Index Scan on sbtest6_pkey  (cost=0.00..29.79 rows=935 width=0)
	                    Index Cond: ((id >= 7987308) AND (id <= 7988307))

table 7 : explain SELECT DISTINCT c FROM sbtest7 WHERE id BETWEEN 6301609 AND 6302608 ORDER BY c
	Unique  (cost=3694.65..3699.35 rows=940 width=121)
	  ->  Sort  (cost=3694.65..3697.00 rows=940 width=121)
	        Sort Key: c
	        ->  Bitmap Heap Scan on sbtest7  (cost=30.07..3648.23 rows=940 width=121)
	              Recheck Cond: ((id >= 6301609) AND (id <= 6302608))
	              ->  Bitmap Index Scan on sbtest7_pkey  (cost=0.00..29.83 rows=940 width=0)
	                    Index Cond: ((id >= 6301609) AND (id <= 6302608))

table 8 : explain SELECT DISTINCT c FROM sbtest8 WHERE id BETWEEN 7624348 AND 7625347 ORDER BY c
	Unique  (cost=3878.77..3883.71 rows=988 width=121)
	  ->  Sort  (cost=3878.77..3881.24 rows=988 width=121)
	        Sort Key: c
	        ->  Bitmap Heap Scan on sbtest8  (cost=30.56..3829.62 rows=988 width=121)
	              Recheck Cond: ((id >= 7624348) AND (id <= 7625347))
	              ->  Bitmap Index Scan on sbtest8_pkey  (cost=0.00..30.32 rows=988 width=0)
	                    Index Cond: ((id >= 7624348) AND (id <= 7625347))

for: distinct_ranges
table 1 : explain SELECT DISTINCT c FROM sbtest1 WHERE id BETWEEN 4347191 AND 4348190 ORDER BY c
	Unique  (cost=3936.16..3941.17 rows=1003 width=121)
	  ->  Sort  (cost=3936.16..3938.66 rows=1003 width=121)
	        Sort Key: c
	        ->  Bitmap Heap Scan on sbtest1  (cost=30.72..3886.16 rows=1003 width=121)
	              Recheck Cond: ((id >= 4347191) AND (id <= 4348190))
	              ->  Bitmap Index Scan on sbtest1_pkey  (cost=0.00..30.46 rows=1003 width=0)
	                    Index Cond: ((id >= 4347191) AND (id <= 4348190))

table 2 : explain SELECT DISTINCT c FROM sbtest2 WHERE id BETWEEN 4319937 AND 4320936 ORDER BY c
	Unique  (cost=3882.57..3887.52 rows=989 width=121)
	  ->  Sort  (cost=3882.57..3885.05 rows=989 width=121)
	        Sort Key: c
	        ->  Bitmap Heap Scan on sbtest2  (cost=30.57..3833.37 rows=989 width=121)
	              Recheck Cond: ((id >= 4319937) AND (id <= 4320936))
	              ->  Bitmap Index Scan on sbtest2_pkey  (cost=0.00..30.32 rows=989 width=0)
	                    Index Cond: ((id >= 4319937) AND (id <= 4320936))

table 3 : explain SELECT DISTINCT c FROM sbtest3 WHERE id BETWEEN 3831701 AND 3832700 ORDER BY c
	Unique  (cost=4058.50..4063.68 rows=1035 width=121)
	  ->  Sort  (cost=4058.50..4061.09 rows=1035 width=121)
	        Sort Key: c
	        ->  Bitmap Heap Scan on sbtest3  (cost=31.04..4006.67 rows=1035 width=121)
	              Recheck Cond: ((id >= 3831701) AND (id <= 3832700))
	              ->  Bitmap Index Scan on sbtest3_pkey  (cost=0.00..30.79 rows=1035 width=0)
	                    Index Cond: ((id >= 3831701) AND (id <= 3832700))

table 4 : explain SELECT DISTINCT c FROM sbtest4 WHERE id BETWEEN 893350 AND 894349 ORDER BY c
	Unique  (cost=3660.30..3664.95 rows=931 width=121)
	  ->  Sort  (cost=3660.30..3662.62 rows=931 width=121)
	        Sort Key: c
	        ->  Bitmap Heap Scan on sbtest4  (cost=29.98..3614.39 rows=931 width=121)
	              Recheck Cond: ((id >= 893350) AND (id <= 894349))
	              ->  Bitmap Index Scan on sbtest4_pkey  (cost=0.00..29.75 rows=931 width=0)
	                    Index Cond: ((id >= 893350) AND (id <= 894349))

table 5 : explain SELECT DISTINCT c FROM sbtest5 WHERE id BETWEEN 2462771 AND 2463770 ORDER BY c
	Unique  (cost=3721.49..3726.22 rows=947 width=121)
	  ->  Sort  (cost=3721.49..3723.86 rows=947 width=121)
	        Sort Key: c
	        ->  Bitmap Heap Scan on sbtest5  (cost=30.14..3674.67 rows=947 width=121)
	              Recheck Cond: ((id >= 2462771) AND (id <= 2463770))
	              ->  Bitmap Index Scan on sbtest5_pkey  (cost=0.00..29.90 rows=947 width=0)
	                    Index Cond: ((id >= 2462771) AND (id <= 2463770))

table 6 : explain SELECT DISTINCT c FROM sbtest6 WHERE id BETWEEN 4679080 AND 4680079 ORDER BY c
	Unique  (cost=3840.09..3844.98 rows=978 width=121)
	  ->  Sort  (cost=3840.09..3842.53 rows=978 width=121)
	        Sort Key: c
	        ->  Bitmap Heap Scan on sbtest6  (cost=30.46..3791.51 rows=978 width=121)
	              Recheck Cond: ((id >= 4679080) AND (id <= 4680079))
	              ->  Bitmap Index Scan on sbtest6_pkey  (cost=0.00..30.21 rows=978 width=0)
	                    Index Cond: ((id >= 4679080) AND (id <= 4680079))

table 7 : explain SELECT DISTINCT c FROM sbtest7 WHERE id BETWEEN 7632597 AND 7633596 ORDER BY c
	Unique  (cost=3913.28..3918.27 rows=997 width=121)
	  ->  Sort  (cost=3913.28..3915.77 rows=997 width=121)
	        Sort Key: c
	        ->  Bitmap Heap Scan on sbtest7  (cost=30.65..3863.62 rows=997 width=121)
	              Recheck Cond: ((id >= 7632597) AND (id <= 7633596))
	              ->  Bitmap Index Scan on sbtest7_pkey  (cost=0.00..30.40 rows=997 width=0)
	                    Index Cond: ((id >= 7632597) AND (id <= 7633596))

table 8 : explain SELECT DISTINCT c FROM sbtest8 WHERE id BETWEEN 143483 AND 144482 ORDER BY c
	Unique  (cost=4269.34..4274.78 rows=1089 width=121)
	  ->  Sort  (cost=4269.34..4272.06 rows=1089 width=121)
	        Sort Key: c
	        ->  Bitmap Heap Scan on sbtest8  (cost=35.60..4214.40 rows=1089 width=121)
	              Recheck Cond: ((id >= 143483) AND (id <= 144482))
	              ->  Bitmap Index Scan on sbtest8_pkey  (cost=0.00..35.33 rows=1089 width=0)
	                    Index Cond: ((id >= 143483) AND (id <= 144482))

for: simple_ranges
table 1 : explain SELECT c FROM sbtest1 WHERE id BETWEEN 8865431 AND 8866430
	Bitmap Heap Scan on sbtest1  (cost=30.30..3731.30 rows=962 width=121)
	  Recheck Cond: ((id >= 8865431) AND (id <= 8866430))
	  ->  Bitmap Index Scan on sbtest1_pkey  (cost=0.00..30.05 rows=962 width=0)
	        Index Cond: ((id >= 8865431) AND (id <= 8866430))

table 2 : explain SELECT c FROM sbtest2 WHERE id BETWEEN 1911200 AND 1912199
	Bitmap Heap Scan on sbtest2  (cost=30.72..3886.23 rows=1003 width=121)
	  Recheck Cond: ((id >= 1911200) AND (id <= 1912199))
	  ->  Bitmap Index Scan on sbtest2_pkey  (cost=0.00..30.46 rows=1003 width=0)
	        Index Cond: ((id >= 1911200) AND (id <= 1912199))

table 3 : explain SELECT c FROM sbtest3 WHERE id BETWEEN 1968539 AND 1969538
	Bitmap Heap Scan on sbtest3  (cost=30.61..3848.22 rows=993 width=121)
	  Recheck Cond: ((id >= 1968539) AND (id <= 1969538))
	  ->  Bitmap Index Scan on sbtest3_pkey  (cost=0.00..30.36 rows=993 width=0)
	        Index Cond: ((id >= 1968539) AND (id <= 1969538))

table 4 : explain SELECT c FROM sbtest4 WHERE id BETWEEN 7818119 AND 7819118
	Bitmap Heap Scan on sbtest4  (cost=36.06..4383.96 rows=1134 width=121)
	  Recheck Cond: ((id >= 7818119) AND (id <= 7819118))
	  ->  Bitmap Index Scan on sbtest4_pkey  (cost=0.00..35.78 rows=1134 width=0)
	        Index Cond: ((id >= 7818119) AND (id <= 7819118))

table 5 : explain SELECT c FROM sbtest5 WHERE id BETWEEN 5783034 AND 5784033
	Bitmap Heap Scan on sbtest5  (cost=30.89..3950.39 rows=1020 width=121)
	  Recheck Cond: ((id >= 5783034) AND (id <= 5784033))
	  ->  Bitmap Index Scan on sbtest5_pkey  (cost=0.00..30.64 rows=1020 width=0)
	        Index Cond: ((id >= 5783034) AND (id <= 5784033))

table 6 : explain SELECT c FROM sbtest6 WHERE id BETWEEN 357295 AND 358294
	Bitmap Heap Scan on sbtest6  (cost=35.27..4093.51 rows=1057 width=121)
	  Recheck Cond: ((id >= 357295) AND (id <= 358294))
	  ->  Bitmap Index Scan on sbtest6_pkey  (cost=0.00..35.01 rows=1057 width=0)
	        Index Cond: ((id >= 357295) AND (id <= 358294))

table 7 : explain SELECT c FROM sbtest7 WHERE id BETWEEN 316993 AND 317992
	Bitmap Heap Scan on sbtest7  (cost=35.30..4105.22 rows=1060 width=121)
	  Recheck Cond: ((id >= 316993) AND (id <= 317992))
	  ->  Bitmap Index Scan on sbtest7_pkey  (cost=0.00..35.04 rows=1060 width=0)
	        Index Cond: ((id >= 316993) AND (id <= 317992))

table 8 : explain SELECT c FROM sbtest8 WHERE id BETWEEN 3402476 AND 3403475
	Bitmap Heap Scan on sbtest8  (cost=30.27..3723.83 rows=960 width=121)
	  Recheck Cond: ((id >= 3402476) AND (id <= 3403475))
	  ->  Bitmap Index Scan on sbtest8_pkey  (cost=0.00..30.04 rows=960 width=0)
	        Index Cond: ((id >= 3402476) AND (id <= 3403475))

explain: for point_selects :: explain SELECT c FROM sbtest%u WHERE id=%u
for: simple_ranges
table 1 : explain SELECT c FROM sbtest1 WHERE id BETWEEN 4618936 AND 4619935
	Bitmap Heap Scan on sbtest1  (cost=30.60..3844.63 rows=992 width=121)
	  Recheck Cond: ((id >= 4618936) AND (id <= 4619935))
	  ->  Bitmap Index Scan on sbtest1_pkey  (cost=0.00..30.36 rows=992 width=0)
	        Index Cond: ((id >= 4618936) AND (id <= 4619935))

table 2 : explain SELECT c FROM sbtest2 WHERE id BETWEEN 931142 AND 932141
	Bitmap Heap Scan on sbtest2  (cost=30.16..3682.22 rows=949 width=121)
	  Recheck Cond: ((id >= 931142) AND (id <= 932141))
	  ->  Bitmap Index Scan on sbtest2_pkey  (cost=0.00..29.93 rows=949 width=0)
	        Index Cond: ((id >= 931142) AND (id <= 932141))

table 3 : explain SELECT c FROM sbtest3 WHERE id BETWEEN 179808 AND 180807
	Bitmap Heap Scan on sbtest3  (cost=30.15..3678.20 rows=948 width=121)
	  Recheck Cond: ((id >= 179808) AND (id <= 180807))
	  ->  Bitmap Index Scan on sbtest3_pkey  (cost=0.00..29.91 rows=948 width=0)
	        Index Cond: ((id >= 179808) AND (id <= 180807))

table 4 : explain SELECT c FROM sbtest4 WHERE id BETWEEN 9766874 AND 9767873
	Bitmap Heap Scan on sbtest4  (cost=29.53..3447.76 rows=887 width=121)
	  Recheck Cond: ((id >= 9766874) AND (id <= 9767873))
	  ->  Bitmap Index Scan on sbtest4_pkey  (cost=0.00..29.30 rows=887 width=0)
	        Index Cond: ((id >= 9766874) AND (id <= 9767873))

table 5 : explain SELECT c FROM sbtest5 WHERE id BETWEEN 4477728 AND 4478727
	Bitmap Heap Scan on sbtest5  (cost=35.57..4203.10 rows=1086 width=121)
	  Recheck Cond: ((id >= 4477728) AND (id <= 4478727))
	  ->  Bitmap Index Scan on sbtest5_pkey  (cost=0.00..35.30 rows=1086 width=0)
	        Index Cond: ((id >= 4477728) AND (id <= 4478727))

table 6 : explain SELECT c FROM sbtest6 WHERE id BETWEEN 5144709 AND 5145708
	Bitmap Heap Scan on sbtest6  (cost=35.64..4229.05 rows=1093 width=121)
	  Recheck Cond: ((id >= 5144709) AND (id <= 5145708))
	  ->  Bitmap Index Scan on sbtest6_pkey  (cost=0.00..35.37 rows=1093 width=0)
	        Index Cond: ((id >= 5144709) AND (id <= 5145708))

table 7 : explain SELECT c FROM sbtest7 WHERE id BETWEEN 4167503 AND 4168502
	Bitmap Heap Scan on sbtest7  (cost=35.24..4082.61 rows=1054 width=121)
	  Recheck Cond: ((id >= 4167503) AND (id <= 4168502))
	  ->  Bitmap Index Scan on sbtest7_pkey  (cost=0.00..34.98 rows=1054 width=0)
	        Index Cond: ((id >= 4167503) AND (id <= 4168502))

table 8 : explain SELECT c FROM sbtest8 WHERE id BETWEEN 2847064 AND 2848063
	Bitmap Heap Scan on sbtest8  (cost=30.70..3878.70 rows=1001 width=121)
	  Recheck Cond: ((id >= 2847064) AND (id <= 2848063))
	  ->  Bitmap Index Scan on sbtest8_pkey  (cost=0.00..30.44 rows=1001 width=0)
	        Index Cond: ((id >= 2847064) AND (id <= 2848063))

for: order_ranges
table 1 : explain SELECT c FROM sbtest1 WHERE id BETWEEN 1762130 AND 1763129 ORDER BY c
	Sort  (cost=3909.33..3911.82 rows=996 width=121)
	  Sort Key: c
	  ->  Bitmap Heap Scan on sbtest1  (cost=30.64..3859.73 rows=996 width=121)
	        Recheck Cond: ((id >= 1762130) AND (id <= 1763129))
	        ->  Bitmap Index Scan on sbtest1_pkey  (cost=0.00..30.39 rows=996 width=0)
	              Index Cond: ((id >= 1762130) AND (id <= 1763129))

table 2 : explain SELECT c FROM sbtest2 WHERE id BETWEEN 1397437 AND 1398436 ORDER BY c
	Sort  (cost=4104.87..4107.49 rows=1046 width=121)
	  Sort Key: c
	  ->  Bitmap Heap Scan on sbtest2  (cost=35.16..4052.41 rows=1046 width=121)
	        Recheck Cond: ((id >= 1397437) AND (id <= 1398436))
	        ->  Bitmap Index Scan on sbtest2_pkey  (cost=0.00..34.90 rows=1046 width=0)
	              Index Cond: ((id >= 1397437) AND (id <= 1398436))

table 3 : explain SELECT c FROM sbtest3 WHERE id BETWEEN 3384 AND 4383 ORDER BY c
	Sort  (cost=4257.55..4260.26 rows=1086 width=121)
	  Sort Key: c
	  ->  Bitmap Heap Scan on sbtest3  (cost=35.57..4202.79 rows=1086 width=121)
	        Recheck Cond: ((id >= 3384) AND (id <= 4383))
	        ->  Bitmap Index Scan on sbtest3_pkey  (cost=0.00..35.30 rows=1086 width=0)
	              Index Cond: ((id >= 3384) AND (id <= 4383))

table 4 : explain SELECT c FROM sbtest4 WHERE id BETWEEN 6238465 AND 6239464 ORDER BY c
	Sort  (cost=4112.82..4115.44 rows=1048 width=121)
	  Sort Key: c
	  ->  Bitmap Heap Scan on sbtest4  (cost=35.18..4060.25 rows=1048 width=121)
	        Recheck Cond: ((id >= 6238465) AND (id <= 6239464))
	        ->  Bitmap Index Scan on sbtest4_pkey  (cost=0.00..34.92 rows=1048 width=0)
	              Index Cond: ((id >= 6238465) AND (id <= 6239464))

table 5 : explain SELECT c FROM sbtest5 WHERE id BETWEEN 1197664 AND 1198663 ORDER BY c
	Sort  (cost=4009.02..4011.57 rows=1022 width=121)
	  Sort Key: c
	  ->  Bitmap Heap Scan on sbtest5  (cost=30.91..3957.93 rows=1022 width=121)
	        Recheck Cond: ((id >= 1197664) AND (id <= 1198663))
	        ->  Bitmap Index Scan on sbtest5_pkey  (cost=0.00..30.65 rows=1022 width=0)
	              Index Cond: ((id >= 1197664) AND (id <= 1198663))

table 6 : explain SELECT c FROM sbtest6 WHERE id BETWEEN 1348118 AND 1349117 ORDER BY c
	Sort  (cost=4031.81..4034.38 rows=1027 width=121)
	  Sort Key: c
	  ->  Bitmap Heap Scan on sbtest6  (cost=34.96..3980.44 rows=1027 width=121)
	        Recheck Cond: ((id >= 1348118) AND (id <= 1349117))
	        ->  Bitmap Index Scan on sbtest6_pkey  (cost=0.00..34.70 rows=1027 width=0)
	              Index Cond: ((id >= 1348118) AND (id <= 1349117))

table 7 : explain SELECT c FROM sbtest7 WHERE id BETWEEN 5127927 AND 5128926 ORDER BY c
	Sort  (cost=3947.77..3950.28 rows=1006 width=121)
	  Sort Key: c
	  ->  Bitmap Heap Scan on sbtest7  (cost=30.75..3897.60 rows=1006 width=121)
	        Recheck Cond: ((id >= 5127927) AND (id <= 5128926))
	        ->  Bitmap Index Scan on sbtest7_pkey  (cost=0.00..30.50 rows=1006 width=0)
	              Index Cond: ((id >= 5127927) AND (id <= 5128926))

table 8 : explain SELECT c FROM sbtest8 WHERE id BETWEEN 3942972 AND 3943971 ORDER BY c
	Sort  (cost=3537.12..3539.37 rows=899 width=121)
	  Sort Key: c
	  ->  Bitmap Heap Scan on sbtest8  (cost=29.65..3493.02 rows=899 width=121)
	        Recheck Cond: ((id >= 3942972) AND (id <= 3943971))
	        ->  Bitmap Index Scan on sbtest8_pkey  (cost=0.00..29.43 rows=899 width=0)
	              Index Cond: ((id >= 3942972) AND (id <= 3943971))

explain: for point_selects :: explain SELECT c FROM sbtest%u WHERE id=%u
explain: for point_selects :: explain SELECT c FROM sbtest%u WHERE id=%u
explain: for point_selects :: explain SELECT c FROM sbtest%u WHERE id=%u
for: distinct_ranges
table 1 : explain SELECT DISTINCT c FROM sbtest1 WHERE id BETWEEN 6438092 AND 6439091 ORDER BY c
	Unique  (cost=4104.62..4109.86 rows=1047 width=121)
	  ->  Sort  (cost=4104.62..4107.24 rows=1047 width=121)
	        Sort Key: c
	        ->  Bitmap Heap Scan on sbtest1  (cost=31.17..4052.11 rows=1047 width=121)
	              Recheck Cond: ((id >= 6438092) AND (id <= 6439091))
	              ->  Bitmap Index Scan on sbtest1_pkey  (cost=0.00..30.90 rows=1047 width=0)
	                    Index Cond: ((id >= 6438092) AND (id <= 6439091))

table 2 : explain SELECT DISTINCT c FROM sbtest2 WHERE id BETWEEN 5013449 AND 5014448 ORDER BY c
	Unique  (cost=4223.44..4228.82 rows=1077 width=121)
	  ->  Sort  (cost=4223.44..4226.13 rows=1077 width=121)
	        Sort Key: c
	        ->  Bitmap Heap Scan on sbtest2  (cost=35.47..4169.20 rows=1077 width=121)
	              Recheck Cond: ((id >= 5013449) AND (id <= 5014448))
	              ->  Bitmap Index Scan on sbtest2_pkey  (cost=0.00..35.20 rows=1077 width=0)
	                    Index Cond: ((id >= 5013449) AND (id <= 5014448))

table 3 : explain SELECT DISTINCT c FROM sbtest3 WHERE id BETWEEN 7331193 AND 7332192 ORDER BY c
	Unique  (cost=4108.42..4113.66 rows=1047 width=121)
	  ->  Sort  (cost=4108.42..4111.04 rows=1047 width=121)
	        Sort Key: c
	        ->  Bitmap Heap Scan on sbtest3  (cost=35.17..4055.91 rows=1047 width=121)
	              Recheck Cond: ((id >= 7331193) AND (id <= 7332192))
	              ->  Bitmap Index Scan on sbtest3_pkey  (cost=0.00..34.91 rows=1047 width=0)
	                    Index Cond: ((id >= 7331193) AND (id <= 7332192))

table 4 : explain SELECT DISTINCT c FROM sbtest4 WHERE id BETWEEN 3250644 AND 3251643 ORDER BY c
	Unique  (cost=3928.84..3933.85 rows=1001 width=121)
	  ->  Sort  (cost=3928.84..3931.34 rows=1001 width=121)
	        Sort Key: c
	        ->  Bitmap Heap Scan on sbtest4  (cost=30.70..3878.95 rows=1001 width=121)
	              Recheck Cond: ((id >= 3250644) AND (id <= 3251643))
	              ->  Bitmap Index Scan on sbtest4_pkey  (cost=0.00..30.44 rows=1001 width=0)
	                    Index Cond: ((id >= 3250644) AND (id <= 3251643))

table 5 : explain SELECT DISTINCT c FROM sbtest5 WHERE id BETWEEN 8992785 AND 8993784 ORDER BY c
	Unique  (cost=3756.03..3760.81 rows=956 width=121)
	  ->  Sort  (cost=3756.03..3758.42 rows=956 width=121)
	        Sort Key: c
	        ->  Bitmap Heap Scan on sbtest5  (cost=30.23..3708.70 rows=956 width=121)
	              Recheck Cond: ((id >= 8992785) AND (id <= 8993784))
	              ->  Bitmap Index Scan on sbtest5_pkey  (cost=0.00..30.00 rows=956 width=0)
	                    Index Cond: ((id >= 8992785) AND (id <= 8993784))

table 6 : explain SELECT DISTINCT c FROM sbtest6 WHERE id BETWEEN 5352975 AND 5353974 ORDER BY c
	Unique  (cost=3675.11..3679.79 rows=935 width=121)
	  ->  Sort  (cost=3675.11..3677.45 rows=935 width=121)
	        Sort Key: c
	        ->  Bitmap Heap Scan on sbtest6  (cost=30.02..3628.98 rows=935 width=121)
	              Recheck Cond: ((id >= 5352975) AND (id <= 5353974))
	              ->  Bitmap Index Scan on sbtest6_pkey  (cost=0.00..29.79 rows=935 width=0)
	                    Index Cond: ((id >= 5352975) AND (id <= 5353974))

table 7 : explain SELECT DISTINCT c FROM sbtest7 WHERE id BETWEEN 9696715 AND 9697714 ORDER BY c
	Unique  (cost=3878.79..3883.73 rows=988 width=121)
	  ->  Sort  (cost=3878.79..3881.26 rows=988 width=121)
	        Sort Key: c
	        ->  Bitmap Heap Scan on sbtest7  (cost=30.56..3829.64 rows=988 width=121)
	              Recheck Cond: ((id >= 9696715) AND (id <= 9697714))
	              ->  Bitmap Index Scan on sbtest7_pkey  (cost=0.00..30.32 rows=988 width=0)
	                    Index Cond: ((id >= 9696715) AND (id <= 9697714))

table 8 : explain SELECT DISTINCT c FROM sbtest8 WHERE id BETWEEN 6014343 AND 6015342 ORDER BY c
	Unique  (cost=4097.25..4102.47 rows=1044 width=121)
	  ->  Sort  (cost=4097.25..4099.86 rows=1044 width=121)
	        Sort Key: c
	        ->  Bitmap Heap Scan on sbtest8  (cost=35.14..4044.90 rows=1044 width=121)
	              Recheck Cond: ((id >= 6014343) AND (id <= 6015342))
	              ->  Bitmap Index Scan on sbtest8_pkey  (cost=0.00..34.88 rows=1044 width=0)
	                    Index Cond: ((id >= 6014343) AND (id <= 6015342))

for: order_ranges
table 1 : explain SELECT c FROM sbtest1 WHERE id BETWEEN 4990483 AND 4991482 ORDER BY c
	Sort  (cost=3836.50..3838.94 rows=977 width=121)
	  Sort Key: c
	  ->  Bitmap Heap Scan on sbtest1  (cost=30.45..3787.98 rows=977 width=121)
	        Recheck Cond: ((id >= 4990483) AND (id <= 4991482))
	        ->  Bitmap Index Scan on sbtest1_pkey  (cost=0.00..30.20 rows=977 width=0)
	              Index Cond: ((id >= 4990483) AND (id <= 4991482))

table 2 : explain SELECT c FROM sbtest2 WHERE id BETWEEN 1906079 AND 1907078 ORDER BY c
	Sort  (cost=3936.23..3938.73 rows=1003 width=121)
	  Sort Key: c
	  ->  Bitmap Heap Scan on sbtest2  (cost=30.72..3886.23 rows=1003 width=121)
	        Recheck Cond: ((id >= 1906079) AND (id <= 1907078))
	        ->  Bitmap Index Scan on sbtest2_pkey  (cost=0.00..30.46 rows=1003 width=0)
	              Index Cond: ((id >= 1906079) AND (id <= 1907078))

table 3 : explain SELECT c FROM sbtest3 WHERE id BETWEEN 6352965 AND 6353964 ORDER BY c
	Sort  (cost=3778.79..3781.20 rows=962 width=121)
	  Sort Key: c
	  ->  Bitmap Heap Scan on sbtest3  (cost=30.30..3731.12 rows=962 width=121)
	        Recheck Cond: ((id >= 6352965) AND (id <= 6353964))
	        ->  Bitmap Index Scan on sbtest3_pkey  (cost=0.00..30.05 rows=962 width=0)
	              Index Cond: ((id >= 6352965) AND (id <= 6353964))

table 4 : explain SELECT c FROM sbtest4 WHERE id BETWEEN 8018335 AND 8019334 ORDER BY c
	Sort  (cost=3752.44..3754.82 rows=955 width=121)
	  Sort Key: c
	  ->  Bitmap Heap Scan on sbtest4  (cost=30.22..3705.17 rows=955 width=121)
	        Recheck Cond: ((id >= 8018335) AND (id <= 8019334))
	        ->  Bitmap Index Scan on sbtest4_pkey  (cost=0.00..29.98 rows=955 width=0)
	              Index Cond: ((id >= 8018335) AND (id <= 8019334))

table 5 : explain SELECT c FROM sbtest5 WHERE id BETWEEN 7120725 AND 7121724 ORDER BY c
	Sort  (cost=4009.02..4011.57 rows=1022 width=121)
	  Sort Key: c
	  ->  Bitmap Heap Scan on sbtest5  (cost=30.91..3957.93 rows=1022 width=121)
	        Recheck Cond: ((id >= 7120725) AND (id <= 7121724))
	        ->  Bitmap Index Scan on sbtest5_pkey  (cost=0.00..30.65 rows=1022 width=0)
	              Index Cond: ((id >= 7120725) AND (id <= 7121724))

table 6 : explain SELECT c FROM sbtest6 WHERE id BETWEEN 7881526 AND 7882525 ORDER BY c
	Sort  (cost=3605.99..3608.28 rows=917 width=121)
	  Sort Key: c
	  ->  Bitmap Heap Scan on sbtest6  (cost=29.83..3560.87 rows=917 width=121)
	        Recheck Cond: ((id >= 7881526) AND (id <= 7882525))
	        ->  Bitmap Index Scan on sbtest6_pkey  (cost=0.00..29.61 rows=917 width=0)
	              Index Cond: ((id >= 7881526) AND (id <= 7882525))

table 7 : explain SELECT c FROM sbtest7 WHERE id BETWEEN 7151152 AND 7152151 ORDER BY c
	Sort  (cost=3794.42..3796.84 rows=966 width=121)
	  Sort Key: c
	  ->  Bitmap Heap Scan on sbtest7  (cost=30.34..3746.53 rows=966 width=121)
	        Recheck Cond: ((id >= 7151152) AND (id <= 7152151))
	        ->  Bitmap Index Scan on sbtest7_pkey  (cost=0.00..30.09 rows=966 width=0)
	              Index Cond: ((id >= 7151152) AND (id <= 7152151))

table 8 : explain SELECT c FROM sbtest8 WHERE id BETWEEN 5879570 AND 5880569 ORDER BY c
	Sort  (cost=3993.71..3996.26 rows=1018 width=121)
	  Sort Key: c
	  ->  Bitmap Heap Scan on sbtest8  (cost=30.87..3942.86 rows=1018 width=121)
	        Recheck Cond: ((id >= 5879570) AND (id <= 5880569))
	        ->  Bitmap Index Scan on sbtest8_pkey  (cost=0.00..30.61 rows=1018 width=0)
	              Index Cond: ((id >= 5879570) AND (id <= 5880569))

for point_selects
table 1 : explain SELECT c FROM sbtest1 WHERE id=3931554
	Index Scan using sbtest1_pkey on sbtest1  (cost=0.43..8.45 rows=1 width=121)
	  Index Cond: (id = 3931554)

table 2 : explain SELECT c FROM sbtest2 WHERE id=9162628
	Index Scan using sbtest2_pkey on sbtest2  (cost=0.43..8.45 rows=1 width=121)
	  Index Cond: (id = 9162628)

table 3 : explain SELECT c FROM sbtest3 WHERE id=8398569
	Index Scan using sbtest3_pkey on sbtest3  (cost=0.43..8.45 rows=1 width=121)
	  Index Cond: (id = 8398569)

table 4 : explain SELECT c FROM sbtest4 WHERE id=9142554
	Index Scan using sbtest4_pkey on sbtest4  (cost=0.43..8.45 rows=1 width=121)
	  Index Cond: (id = 9142554)

table 5 : explain SELECT c FROM sbtest5 WHERE id=4556512
	Index Scan using sbtest5_pkey on sbtest5  (cost=0.43..8.45 rows=1 width=121)
	  Index Cond: (id = 4556512)

table 6 : explain SELECT c FROM sbtest6 WHERE id=169194
	Index Scan using sbtest6_pkey on sbtest6  (cost=0.43..8.45 rows=1 width=121)
	  Index Cond: (id = 169194)

table 7 : explain SELECT c FROM sbtest7 WHERE id=3631157
	Index Scan using sbtest7_pkey on sbtest7  (cost=0.43..8.45 rows=1 width=121)
	  Index Cond: (id = 3631157)

table 8 : explain SELECT c FROM sbtest8 WHERE id=4909339
	Index Scan using sbtest8_pkey on sbtest8  (cost=0.43..8.45 rows=1 width=121)
	  Index Cond: (id = 4909339)

for point_selects
table 1 : explain SELECT c FROM sbtest1 WHERE id=259948
	Index Scan using sbtest1_pkey on sbtest1  (cost=0.43..8.45 rows=1 width=121)
	  Index Cond: (id = 259948)

table 2 : explain SELECT c FROM sbtest2 WHERE id=1994753
	Index Scan using sbtest2_pkey on sbtest2  (cost=0.43..8.45 rows=1 width=121)
	  Index Cond: (id = 1994753)

table 3 : explain SELECT c FROM sbtest3 WHERE id=2748970
	Index Scan using sbtest3_pkey on sbtest3  (cost=0.43..8.45 rows=1 width=121)
	  Index Cond: (id = 2748970)

table 4 : explain SELECT c FROM sbtest4 WHERE id=4741998
	Index Scan using sbtest4_pkey on sbtest4  (cost=0.43..8.45 rows=1 width=121)
	  Index Cond: (id = 4741998)

table 5 : explain SELECT c FROM sbtest5 WHERE id=6442955
	Index Scan using sbtest5_pkey on sbtest5  (cost=0.43..8.45 rows=1 width=121)
	  Index Cond: (id = 6442955)

table 6 : explain SELECT c FROM sbtest6 WHERE id=239836
	Index Scan using sbtest6_pkey on sbtest6  (cost=0.43..8.45 rows=1 width=121)
	  Index Cond: (id = 239836)

table 7 : explain SELECT c FROM sbtest7 WHERE id=3392010
	Index Scan using sbtest7_pkey on sbtest7  (cost=0.43..8.45 rows=1 width=121)
	  Index Cond: (id = 3392010)

table 8 : explain SELECT c FROM sbtest8 WHERE id=826998
	Index Scan using sbtest8_pkey on sbtest8  (cost=0.43..8.45 rows=1 width=121)
	  Index Cond: (id = 826998)

for: order_ranges
table 1 : explain SELECT c FROM sbtest1 WHERE id BETWEEN 3170534 AND 3171533 ORDER BY c
	Sort  (cost=4246.30..4249.00 rows=1083 width=121)
	  Sort Key: c
	  ->  Bitmap Heap Scan on sbtest1  (cost=35.54..4191.71 rows=1083 width=121)
	        Recheck Cond: ((id >= 3170534) AND (id <= 3171533))
	        ->  Bitmap Index Scan on sbtest1_pkey  (cost=0.00..35.27 rows=1083 width=0)
	              Index Cond: ((id >= 3170534) AND (id <= 3171533))

table 2 : explain SELECT c FROM sbtest2 WHERE id BETWEEN 8685947 AND 8686946 ORDER BY c
	Sort  (cost=3671.57..3673.90 rows=934 width=121)
	  Sort Key: c
	  ->  Bitmap Heap Scan on sbtest2  (cost=30.01..3625.49 rows=934 width=121)
	        Recheck Cond: ((id >= 8685947) AND (id <= 8686946))
	        ->  Bitmap Index Scan on sbtest2_pkey  (cost=0.00..29.77 rows=934 width=0)
	              Index Cond: ((id >= 8685947) AND (id <= 8686946))

table 3 : explain SELECT c FROM sbtest3 WHERE id BETWEEN 9275460 AND 9276459 ORDER BY c
	Sort  (cost=3809.48..3811.90 rows=970 width=121)
	  Sort Key: c
	  ->  Bitmap Heap Scan on sbtest3  (cost=30.38..3761.35 rows=970 width=121)
	        Recheck Cond: ((id >= 9275460) AND (id <= 9276459))
	        ->  Bitmap Index Scan on sbtest3_pkey  (cost=0.00..30.14 rows=970 width=0)
	              Index Cond: ((id >= 9275460) AND (id <= 9276459))

table 4 : explain SELECT c FROM sbtest4 WHERE id BETWEEN 7272009 AND 7273008 ORDER BY c
	Sort  (cost=3691.02..3693.36 rows=939 width=121)
	  Sort Key: c
	  ->  Bitmap Heap Scan on sbtest4  (cost=30.06..3644.65 rows=939 width=121)
	        Recheck Cond: ((id >= 7272009) AND (id <= 7273008))
	        ->  Bitmap Index Scan on sbtest4_pkey  (cost=0.00..29.82 rows=939 width=0)
	              Index Cond: ((id >= 7272009) AND (id <= 7273008))

table 5 : explain SELECT c FROM sbtest5 WHERE id BETWEEN 966258 AND 967257 ORDER BY c
	Sort  (cost=4150.80..4153.44 rows=1058 width=121)
	  Sort Key: c
	  ->  Bitmap Heap Scan on sbtest5  (cost=35.28..4097.65 rows=1058 width=121)
	        Recheck Cond: ((id >= 966258) AND (id <= 967257))
	        ->  Bitmap Index Scan on sbtest5_pkey  (cost=0.00..35.02 rows=1058 width=0)
	              Index Cond: ((id >= 966258) AND (id <= 967257))

table 6 : explain SELECT c FROM sbtest6 WHERE id BETWEEN 2159558 AND 2160557 ORDER BY c
	Sort  (cost=4020.32..4022.88 rows=1024 width=121)
	  Sort Key: c
	  ->  Bitmap Heap Scan on sbtest6  (cost=34.93..3969.12 rows=1024 width=121)
	        Recheck Cond: ((id >= 2159558) AND (id <= 2160557))
	        ->  Bitmap Index Scan on sbtest6_pkey  (cost=0.00..34.68 rows=1024 width=0)
	              Index Cond: ((id >= 2159558) AND (id <= 2160557))

table 7 : explain SELECT c FROM sbtest7 WHERE id BETWEEN 4009014 AND 4010013 ORDER BY c
	Sort  (cost=3955.43..3957.95 rows=1008 width=121)
	  Sort Key: c
	  ->  Bitmap Heap Scan on sbtest7  (cost=30.77..3905.14 rows=1008 width=121)
	        Recheck Cond: ((id >= 4009014) AND (id <= 4010013))
	        ->  Bitmap Index Scan on sbtest7_pkey  (cost=0.00..30.51 rows=1008 width=0)
	              Index Cond: ((id >= 4009014) AND (id <= 4010013))

table 8 : explain SELECT c FROM sbtest8 WHERE id BETWEEN 5552251 AND 5553250 ORDER BY c
	Sort  (cost=4456.54..4459.39 rows=1139 width=121)
	  Sort Key: c
	  ->  Bitmap Heap Scan on sbtest8  (cost=36.11..4398.72 rows=1139 width=121)
	        Recheck Cond: ((id >= 5552251) AND (id <= 5553250))
	        ->  Bitmap Index Scan on sbtest8_pkey  (cost=0.00..35.83 rows=1139 width=0)
	              Index Cond: ((id >= 5552251) AND (id <= 5553250))

explain: for point_selects :: explain SELECT c FROM sbtest%u WHERE id=%u
for point_selects
table 1 : explain SELECT c FROM sbtest1 WHERE id=307844
	Index Scan using sbtest1_pkey on sbtest1  (cost=0.43..8.45 rows=1 width=121)
	  Index Cond: (id = 307844)

table 2 : explain SELECT c FROM sbtest2 WHERE id=3903007
	Index Scan using sbtest2_pkey on sbtest2  (cost=0.43..8.45 rows=1 width=121)
	  Index Cond: (id = 3903007)

table 3 : explain SELECT c FROM sbtest3 WHERE id=9660505
	Index Scan using sbtest3_pkey on sbtest3  (cost=0.43..8.45 rows=1 width=121)
	  Index Cond: (id = 9660505)

table 4 : explain SELECT c FROM sbtest4 WHERE id=7683901
	Index Scan using sbtest4_pkey on sbtest4  (cost=0.43..8.45 rows=1 width=121)
	  Index Cond: (id = 7683901)

table 5 : explain SELECT c FROM sbtest5 WHERE id=7613576
	Index Scan using sbtest5_pkey on sbtest5  (cost=0.43..8.45 rows=1 width=121)
	  Index Cond: (id = 7613576)

table 6 : explain SELECT c FROM sbtest6 WHERE id=2811238
	Index Scan using sbtest6_pkey on sbtest6  (cost=0.43..8.45 rows=1 width=121)
	  Index Cond: (id = 2811238)

table 7 : explain SELECT c FROM sbtest7 WHERE id=9986602
	Index Scan using sbtest7_pkey on sbtest7  (cost=0.43..8.45 rows=1 width=121)
	  Index Cond: (id = 9986602)

table 8 : explain SELECT c FROM sbtest8 WHERE id=3470557
	Index Scan using sbtest8_pkey on sbtest8  (cost=0.43..8.45 rows=1 width=121)
	  Index Cond: (id = 3470557)

for: simple_ranges
table 1 : explain SELECT c FROM sbtest1 WHERE id BETWEEN 9775574 AND 9776573
	Bitmap Heap Scan on sbtest1  (cost=30.05..3640.56 rows=938 width=121)
	  Recheck Cond: ((id >= 9775574) AND (id <= 9776573))
	  ->  Bitmap Index Scan on sbtest1_pkey  (cost=0.00..29.82 rows=938 width=0)
	        Index Cond: ((id >= 9775574) AND (id <= 9776573))

table 2 : explain SELECT c FROM sbtest2 WHERE id BETWEEN 2033333 AND 2034332
	Bitmap Heap Scan on sbtest2  (cost=29.96..3606.57 rows=929 width=121)
	  Recheck Cond: ((id >= 2033333) AND (id <= 2034332))
	  ->  Bitmap Index Scan on sbtest2_pkey  (cost=0.00..29.72 rows=929 width=0)
	        Index Cond: ((id >= 2033333) AND (id <= 2034332))

table 3 : explain SELECT c FROM sbtest3 WHERE id BETWEEN 203310 AND 204309
	Bitmap Heap Scan on sbtest3  (cost=30.49..3802.91 rows=981 width=121)
	  Recheck Cond: ((id >= 203310) AND (id <= 204309))
	  ->  Bitmap Index Scan on sbtest3_pkey  (cost=0.00..30.25 rows=981 width=0)
	        Index Cond: ((id >= 203310) AND (id <= 204309))

table 4 : explain SELECT c FROM sbtest4 WHERE id BETWEEN 1678327 AND 1679326
	Bitmap Heap Scan on sbtest4  (cost=35.34..4120.54 rows=1064 width=121)
	  Recheck Cond: ((id >= 1678327) AND (id <= 1679326))
	  ->  Bitmap Index Scan on sbtest4_pkey  (cost=0.00..35.08 rows=1064 width=0)
	        Index Cond: ((id >= 1678327) AND (id <= 1679326))

table 5 : explain SELECT c FROM sbtest5 WHERE id BETWEEN 8576431 AND 8577430
	Bitmap Heap Scan on sbtest5  (cost=30.89..3950.39 rows=1020 width=121)
	  Recheck Cond: ((id >= 8576431) AND (id <= 8577430))
	  ->  Bitmap Index Scan on sbtest5_pkey  (cost=0.00..30.64 rows=1020 width=0)
	        Index Cond: ((id >= 8576431) AND (id <= 8577430))

table 6 : explain SELECT c FROM sbtest6 WHERE id BETWEEN 9764640 AND 9765639
	Bitmap Heap Scan on sbtest6  (cost=35.58..4206.47 rows=1087 width=121)
	  Recheck Cond: ((id >= 9764640) AND (id <= 9765639))
	  ->  Bitmap Index Scan on sbtest6_pkey  (cost=0.00..35.31 rows=1087 width=0)
	        Index Cond: ((id >= 9764640) AND (id <= 9765639))

table 7 : explain SELECT c FROM sbtest7 WHERE id BETWEEN 9577707 AND 9578706
	Bitmap Heap Scan on sbtest7  (cost=30.66..3867.40 rows=998 width=121)
	  Recheck Cond: ((id >= 9577707) AND (id <= 9578706))
	  ->  Bitmap Index Scan on sbtest7_pkey  (cost=0.00..30.41 rows=998 width=0)
	        Index Cond: ((id >= 9577707) AND (id <= 9578706))

table 8 : explain SELECT c FROM sbtest8 WHERE id BETWEEN 7328724 AND 7329723
	Bitmap Heap Scan on sbtest8  (cost=30.74..3893.80 rows=1005 width=121)
	  Recheck Cond: ((id >= 7328724) AND (id <= 7329723))
	  ->  Bitmap Index Scan on sbtest8_pkey  (cost=0.00..30.48 rows=1005 width=0)
	        Index Cond: ((id >= 7328724) AND (id <= 7329723))

for: simple_ranges
table 1 : explain SELECT c FROM sbtest1 WHERE id BETWEEN 76841 AND 77840
	Bitmap Heap Scan on sbtest1  (cost=30.44..3784.20 rows=976 width=121)
	  Recheck Cond: ((id >= 76841) AND (id <= 77840))
	  ->  Bitmap Index Scan on sbtest1_pkey  (cost=0.00..30.19 rows=976 width=0)
	        Index Cond: ((id >= 76841) AND (id <= 77840))

table 2 : explain SELECT c FROM sbtest2 WHERE id BETWEEN 6206142 AND 6207141
	Bitmap Heap Scan on sbtest2  (cost=30.73..3890.00 rows=1004 width=121)
	  Recheck Cond: ((id >= 6206142) AND (id <= 6207141))
	  ->  Bitmap Index Scan on sbtest2_pkey  (cost=0.00..30.47 rows=1004 width=0)
	        Index Cond: ((id >= 6206142) AND (id <= 6207141))

table 3 : explain SELECT c FROM sbtest3 WHERE id BETWEEN 3725599 AND 3726598
	Bitmap Heap Scan on sbtest3  (cost=30.74..3893.51 rows=1005 width=121)
	  Recheck Cond: ((id >= 3725599) AND (id <= 3726598))
	  ->  Bitmap Index Scan on sbtest3_pkey  (cost=0.00..30.48 rows=1005 width=0)
	        Index Cond: ((id >= 3725599) AND (id <= 3726598))

table 4 : explain SELECT c FROM sbtest4 WHERE id BETWEEN 5591481 AND 5592480
	Bitmap Heap Scan on sbtest4  (cost=30.34..3746.75 rows=966 width=121)
	  Recheck Cond: ((id >= 5591481) AND (id <= 5592480))
	  ->  Bitmap Index Scan on sbtest4_pkey  (cost=0.00..30.09 rows=966 width=0)
	        Index Cond: ((id >= 5591481) AND (id <= 5592480))

table 5 : explain SELECT c FROM sbtest5 WHERE id BETWEEN 1190708 AND 1191707
	Bitmap Heap Scan on sbtest5  (cost=30.91..3957.93 rows=1022 width=121)
	  Recheck Cond: ((id >= 1190708) AND (id <= 1191707))
	  ->  Bitmap Index Scan on sbtest5_pkey  (cost=0.00..30.65 rows=1022 width=0)
	        Index Cond: ((id >= 1190708) AND (id <= 1191707))

table 6 : explain SELECT c FROM sbtest6 WHERE id BETWEEN 9894446 AND 9895445
	Bitmap Heap Scan on sbtest6  (cost=35.14..4044.53 rows=1044 width=121)
	  Recheck Cond: ((id >= 9894446) AND (id <= 9895445))
	  ->  Bitmap Index Scan on sbtest6_pkey  (cost=0.00..34.88 rows=1044 width=0)
	        Index Cond: ((id >= 9894446) AND (id <= 9895445))

table 7 : explain SELECT c FROM sbtest7 WHERE id BETWEEN 4544788 AND 4545787
	Bitmap Heap Scan on sbtest7  (cost=30.95..3973.05 rows=1026 width=121)
	  Recheck Cond: ((id >= 4544788) AND (id <= 4545787))
	  ->  Bitmap Index Scan on sbtest7_pkey  (cost=0.00..30.69 rows=1026 width=0)
	        Index Cond: ((id >= 4544788) AND (id <= 4545787))

table 8 : explain SELECT c FROM sbtest8 WHERE id BETWEEN 7523977 AND 7524976
	Bitmap Heap Scan on sbtest8  (cost=30.71..3882.48 rows=1002 width=121)
	  Recheck Cond: ((id >= 7523977) AND (id <= 7524976))
	  ->  Bitmap Index Scan on sbtest8_pkey  (cost=0.00..30.45 rows=1002 width=0)
	        Index Cond: ((id >= 7523977) AND (id <= 7524976))

for point_selects
table 1 : explain SELECT c FROM sbtest1 WHERE id=5672110
	Index Scan using sbtest1_pkey on sbtest1  (cost=0.43..8.45 rows=1 width=121)
	  Index Cond: (id = 5672110)

table 2 : explain SELECT c FROM sbtest2 WHERE id=8721187
	Index Scan using sbtest2_pkey on sbtest2  (cost=0.43..8.45 rows=1 width=121)
	  Index Cond: (id = 8721187)

table 3 : explain SELECT c FROM sbtest3 WHERE id=9882804
	Index Scan using sbtest3_pkey on sbtest3  (cost=0.43..8.45 rows=1 width=121)
	  Index Cond: (id = 9882804)

table 4 : explain SELECT c FROM sbtest4 WHERE id=6973598
	Index Scan using sbtest4_pkey on sbtest4  (cost=0.43..8.45 rows=1 width=121)
	  Index Cond: (id = 6973598)

table 5 : explain SELECT c FROM sbtest5 WHERE id=7020867
	Index Scan using sbtest5_pkey on sbtest5  (cost=0.43..8.45 rows=1 width=121)
	  Index Cond: (id = 7020867)

table 6 : explain SELECT c FROM sbtest6 WHERE id=3155547
	Index Scan using sbtest6_pkey on sbtest6  (cost=0.43..8.45 rows=1 width=121)
	  Index Cond: (id = 3155547)

table 7 : explain SELECT c FROM sbtest7 WHERE id=5234496
	Index Scan using sbtest7_pkey on sbtest7  (cost=0.43..8.45 rows=1 width=121)
	  Index Cond: (id = 5234496)

table 8 : explain SELECT c FROM sbtest8 WHERE id=4670808
	Index Scan using sbtest8_pkey on sbtest8  (cost=0.43..8.45 rows=1 width=121)
	  Index Cond: (id = 4670808)

for: distinct_ranges
table 1 : explain SELECT DISTINCT c FROM sbtest1 WHERE id BETWEEN 7300555 AND 7301554 ORDER BY c
	Unique  (cost=3763.62..3768.41 rows=958 width=121)
	  ->  Sort  (cost=3763.62..3766.02 rows=958 width=121)
	        Sort Key: c
	        ->  Bitmap Heap Scan on sbtest1  (cost=30.25..3716.18 rows=958 width=121)
	              Recheck Cond: ((id >= 7300555) AND (id <= 7301554))
	              ->  Bitmap Index Scan on sbtest1_pkey  (cost=0.00..30.01 rows=958 width=0)
	                    Index Cond: ((id >= 7300555) AND (id <= 7301554))

table 2 : explain SELECT DISTINCT c FROM sbtest2 WHERE id BETWEEN 8309301 AND 8310300 ORDER BY c
	Unique  (cost=3928.56..3933.57 rows=1001 width=121)
	  ->  Sort  (cost=3928.56..3931.07 rows=1001 width=121)
	        Sort Key: c
	        ->  Bitmap Heap Scan on sbtest2  (cost=30.70..3878.68 rows=1001 width=121)
	              Recheck Cond: ((id >= 8309301) AND (id <= 8310300))
	              ->  Bitmap Index Scan on sbtest2_pkey  (cost=0.00..30.44 rows=1001 width=0)
	                    Index Cond: ((id >= 8309301) AND (id <= 8310300))

table 3 : explain SELECT DISTINCT c FROM sbtest3 WHERE id BETWEEN 8296221 AND 8297220 ORDER BY c
	Unique  (cost=3525.35..3529.83 rows=896 width=121)
	  ->  Sort  (cost=3525.35..3527.59 rows=896 width=121)
	        Sort Key: c
	        ->  Bitmap Heap Scan on sbtest3  (cost=29.62..3481.41 rows=896 width=121)
	              Recheck Cond: ((id >= 8296221) AND (id <= 8297220))
	              ->  Bitmap Index Scan on sbtest3_pkey  (cost=0.00..29.39 rows=896 width=0)
	                    Index Cond: ((id >= 8296221) AND (id <= 8297220))

table 4 : explain SELECT DISTINCT c FROM sbtest4 WHERE id BETWEEN 9641370 AND 9642369 ORDER BY c
	Unique  (cost=3491.19..3495.63 rows=887 width=121)
	  ->  Sort  (cost=3491.19..3493.41 rows=887 width=121)
	        Sort Key: c
	        ->  Bitmap Heap Scan on sbtest4  (cost=29.53..3447.76 rows=887 width=121)
	              Recheck Cond: ((id >= 9641370) AND (id <= 9642369))
	              ->  Bitmap Index Scan on sbtest4_pkey  (cost=0.00..29.30 rows=887 width=0)
	                    Index Cond: ((id >= 9641370) AND (id <= 9642369))

table 5 : explain SELECT DISTINCT c FROM sbtest5 WHERE id BETWEEN 3928929 AND 3929928 ORDER BY c
	Unique  (cost=3571.71..3576.25 rows=908 width=121)
	  ->  Sort  (cost=3571.71..3573.98 rows=908 width=121)
	        Sort Key: c
	        ->  Bitmap Heap Scan on sbtest5  (cost=29.74..3527.09 rows=908 width=121)
	              Recheck Cond: ((id >= 3928929) AND (id <= 3929928))
	              ->  Bitmap Index Scan on sbtest5_pkey  (cost=0.00..29.51 rows=908 width=0)
	                    Index Cond: ((id >= 3928929) AND (id <= 3929928))

table 6 : explain SELECT DISTINCT c FROM sbtest6 WHERE id BETWEEN 6508522 AND 6509521 ORDER BY c
	Unique  (cost=3955.05..3960.09 rows=1008 width=121)
	  ->  Sort  (cost=3955.05..3957.57 rows=1008 width=121)
	        Sort Key: c
	        ->  Bitmap Heap Scan on sbtest6  (cost=30.77..3904.77 rows=1008 width=121)
	              Recheck Cond: ((id >= 6508522) AND (id <= 6509521))
	              ->  Bitmap Index Scan on sbtest6_pkey  (cost=0.00..30.51 rows=1008 width=0)
	                    Index Cond: ((id >= 6508522) AND (id <= 6509521))

table 7 : explain SELECT DISTINCT c FROM sbtest7 WHERE id BETWEEN 8793185 AND 8794184 ORDER BY c
	Unique  (cost=3809.77..3814.62 rows=970 width=121)
	  ->  Sort  (cost=3809.77..3812.19 rows=970 width=121)
	        Sort Key: c
	        ->  Bitmap Heap Scan on sbtest7  (cost=30.38..3761.65 rows=970 width=121)
	              Recheck Cond: ((id >= 8793185) AND (id <= 8794184))
	              ->  Bitmap Index Scan on sbtest7_pkey  (cost=0.00..30.14 rows=970 width=0)
	                    Index Cond: ((id >= 8793185) AND (id <= 8794184))

table 8 : explain SELECT DISTINCT c FROM sbtest8 WHERE id BETWEEN 997415 AND 998414 ORDER BY c
	Unique  (cost=3986.05..3991.13 rows=1016 width=121)
	  ->  Sort  (cost=3986.05..3988.59 rows=1016 width=121)
	        Sort Key: c
	        ->  Bitmap Heap Scan on sbtest8  (cost=30.85..3935.31 rows=1016 width=121)
	              Recheck Cond: ((id >= 997415) AND (id <= 998414))
	              ->  Bitmap Index Scan on sbtest8_pkey  (cost=0.00..30.59 rows=1016 width=0)
	                    Index Cond: ((id >= 997415) AND (id <= 998414))

for: distinct_ranges
table 1 : explain SELECT DISTINCT c FROM sbtest1 WHERE id BETWEEN 2929354 AND 2930353 ORDER BY c
	Unique  (cost=3947.65..3952.68 rows=1006 width=121)
	  ->  Sort  (cost=3947.65..3950.16 rows=1006 width=121)
	        Sort Key: c
	        ->  Bitmap Heap Scan on sbtest1  (cost=30.75..3897.48 rows=1006 width=121)
	              Recheck Cond: ((id >= 2929354) AND (id <= 2930353))
	              ->  Bitmap Index Scan on sbtest1_pkey  (cost=0.00..30.50 rows=1006 width=0)
	                    Index Cond: ((id >= 2929354) AND (id <= 2930353))

table 2 : explain SELECT DISTINCT c FROM sbtest2 WHERE id BETWEEN 1148647 AND 1149646 ORDER BY c
	Unique  (cost=3663.89..3668.55 rows=932 width=121)
	  ->  Sort  (cost=3663.89..3666.22 rows=932 width=121)
	        Sort Key: c
	        ->  Bitmap Heap Scan on sbtest2  (cost=29.99..3617.92 rows=932 width=121)
	              Recheck Cond: ((id >= 1148647) AND (id <= 1149646))
	              ->  Bitmap Index Scan on sbtest2_pkey  (cost=0.00..29.75 rows=932 width=0)
	                    Index Cond: ((id >= 1148647) AND (id <= 1149646))

table 3 : explain SELECT DISTINCT c FROM sbtest3 WHERE id BETWEEN 9883350 AND 9884349 ORDER BY c
	Unique  (cost=4089.12..4094.33 rows=1043 width=121)
	  ->  Sort  (cost=4089.12..4091.73 rows=1043 width=121)
	        Sort Key: c
	        ->  Bitmap Heap Scan on sbtest3  (cost=31.13..4036.83 rows=1043 width=121)
	              Recheck Cond: ((id >= 9883350) AND (id <= 9884349))
	              ->  Bitmap Index Scan on sbtest3_pkey  (cost=0.00..30.86 rows=1043 width=0)
	                    Index Cond: ((id >= 9883350) AND (id <= 9884349))

table 4 : explain SELECT DISTINCT c FROM sbtest4 WHERE id BETWEEN 4074154 AND 4075153 ORDER BY c
	Unique  (cost=4269.62..4275.07 rows=1089 width=121)
	  ->  Sort  (cost=4269.62..4272.34 rows=1089 width=121)
	        Sort Key: c
	        ->  Bitmap Heap Scan on sbtest4  (cost=35.60..4214.69 rows=1089 width=121)
	              Recheck Cond: ((id >= 4074154) AND (id <= 4075153))
	              ->  Bitmap Index Scan on sbtest4_pkey  (cost=0.00..35.33 rows=1089 width=0)
	                    Index Cond: ((id >= 4074154) AND (id <= 4075153))

table 5 : explain SELECT DISTINCT c FROM sbtest5 WHERE id BETWEEN 9751483 AND 9752482 ORDER BY c
	Unique  (cost=3978.38..3983.45 rows=1014 width=121)
	  ->  Sort  (cost=3978.38..3980.92 rows=1014 width=121)
	        Sort Key: c
	        ->  Bitmap Heap Scan on sbtest5  (cost=30.83..3927.75 rows=1014 width=121)
	              Recheck Cond: ((id >= 9751483) AND (id <= 9752482))
	              ->  Bitmap Index Scan on sbtest5_pkey  (cost=0.00..30.57 rows=1014 width=0)
	                    Index Cond: ((id >= 9751483) AND (id <= 9752482))

table 6 : explain SELECT DISTINCT c FROM sbtest6 WHERE id BETWEEN 6136039 AND 6137038 ORDER BY c
	Unique  (cost=3836.25..3841.14 rows=977 width=121)
	  ->  Sort  (cost=3836.25..3838.69 rows=977 width=121)
	        Sort Key: c
	        ->  Bitmap Heap Scan on sbtest6  (cost=30.45..3787.73 rows=977 width=121)
	              Recheck Cond: ((id >= 6136039) AND (id <= 6137038))
	              ->  Bitmap Index Scan on sbtest6_pkey  (cost=0.00..30.20 rows=977 width=0)
	                    Index Cond: ((id >= 6136039) AND (id <= 6137038))

table 7 : explain SELECT DISTINCT c FROM sbtest7 WHERE id BETWEEN 7338564 AND 7339563 ORDER BY c
	Unique  (cost=3713.84..3718.57 rows=945 width=121)
	  ->  Sort  (cost=3713.84..3716.20 rows=945 width=121)
	        Sort Key: c
	        ->  Bitmap Heap Scan on sbtest7  (cost=30.12..3667.14 rows=945 width=121)
	              Recheck Cond: ((id >= 7338564) AND (id <= 7339563))
	              ->  Bitmap Index Scan on sbtest7_pkey  (cost=0.00..29.89 rows=945 width=0)
	                    Index Cond: ((id >= 7338564) AND (id <= 7339563))

table 8 : explain SELECT DISTINCT c FROM sbtest8 WHERE id BETWEEN 8660251 AND 8661250 ORDER BY c
	Unique  (cost=3936.25..3941.27 rows=1003 width=121)
	  ->  Sort  (cost=3936.25..3938.76 rows=1003 width=121)
	        Sort Key: c
	        ->  Bitmap Heap Scan on sbtest8  (cost=30.72..3886.25 rows=1003 width=121)
	              Recheck Cond: ((id >= 8660251) AND (id <= 8661250))
	              ->  Bitmap Index Scan on sbtest8_pkey  (cost=0.00..30.46 rows=1003 width=0)
	                    Index Cond: ((id >= 8660251) AND (id <= 8661250))

for point_selects
table 1 : explain SELECT c FROM sbtest1 WHERE id=8222949
	Index Scan using sbtest1_pkey on sbtest1  (cost=0.43..8.45 rows=1 width=121)
	  Index Cond: (id = 8222949)

table 2 : explain SELECT c FROM sbtest2 WHERE id=8129149
	Index Scan using sbtest2_pkey on sbtest2  (cost=0.43..8.45 rows=1 width=121)
	  Index Cond: (id = 8129149)

table 3 : explain SELECT c FROM sbtest3 WHERE id=1575999
	Index Scan using sbtest3_pkey on sbtest3  (cost=0.43..8.45 rows=1 width=121)
	  Index Cond: (id = 1575999)

table 4 : explain SELECT c FROM sbtest4 WHERE id=3624249
	Index Scan using sbtest4_pkey on sbtest4  (cost=0.43..8.45 rows=1 width=121)
	  Index Cond: (id = 3624249)

table 5 : explain SELECT c FROM sbtest5 WHERE id=3000896
	Index Scan using sbtest5_pkey on sbtest5  (cost=0.43..8.45 rows=1 width=121)
	  Index Cond: (id = 3000896)

table 6 : explain SELECT c FROM sbtest6 WHERE id=431953
	Index Scan using sbtest6_pkey on sbtest6  (cost=0.43..8.45 rows=1 width=121)
	  Index Cond: (id = 431953)

table 7 : explain SELECT c FROM sbtest7 WHERE id=5129116
	Index Scan using sbtest7_pkey on sbtest7  (cost=0.43..8.45 rows=1 width=121)
	  Index Cond: (id = 5129116)

table 8 : explain SELECT c FROM sbtest8 WHERE id=3078005
	Index Scan using sbtest8_pkey on sbtest8  (cost=0.43..8.45 rows=1 width=121)
	  Index Cond: (id = 3078005)

for: simple_ranges
table 1 : explain SELECT c FROM sbtest1 WHERE id BETWEEN 8577180 AND 8578179
	Bitmap Heap Scan on sbtest1  (cost=30.43..3780.42 rows=975 width=121)
	  Recheck Cond: ((id >= 8577180) AND (id <= 8578179))
	  ->  Bitmap Index Scan on sbtest1_pkey  (cost=0.00..30.18 rows=975 width=0)
	        Index Cond: ((id >= 8577180) AND (id <= 8578179))

table 2 : explain SELECT c FROM sbtest2 WHERE id BETWEEN 1021364 AND 1022363
	Bitmap Heap Scan on sbtest2  (cost=30.07..3648.19 rows=940 width=121)
	  Recheck Cond: ((id >= 1021364) AND (id <= 1022363))
	  ->  Bitmap Index Scan on sbtest2_pkey  (cost=0.00..29.83 rows=940 width=0)
	        Index Cond: ((id >= 1021364) AND (id <= 1022363))

table 3 : explain SELECT c FROM sbtest3 WHERE id BETWEEN 683187 AND 684186
	Bitmap Heap Scan on sbtest3  (cost=30.15..3678.20 rows=948 width=121)
	  Recheck Cond: ((id >= 683187) AND (id <= 684186))
	  ->  Bitmap Index Scan on sbtest3_pkey  (cost=0.00..29.91 rows=948 width=0)
	        Index Cond: ((id >= 683187) AND (id <= 684186))

table 4 : explain SELECT c FROM sbtest4 WHERE id BETWEEN 5024903 AND 5025902
	Bitmap Heap Scan on sbtest4  (cost=30.39..3765.64 rows=971 width=121)
	  Recheck Cond: ((id >= 5024903) AND (id <= 5025902))
	  ->  Bitmap Index Scan on sbtest4_pkey  (cost=0.00..30.14 rows=971 width=0)
	        Index Cond: ((id >= 5024903) AND (id <= 5025902))

table 5 : explain SELECT c FROM sbtest5 WHERE id BETWEEN 4621157 AND 4622156
	Bitmap Heap Scan on sbtest5  (cost=30.41..3772.95 rows=973 width=121)
	  Recheck Cond: ((id >= 4621157) AND (id <= 4622156))
	  ->  Bitmap Index Scan on sbtest5_pkey  (cost=0.00..30.16 rows=973 width=0)
	        Index Cond: ((id >= 4621157) AND (id <= 4622156))

table 6 : explain SELECT c FROM sbtest6 WHERE id BETWEEN 5202944 AND 5203943
	Bitmap Heap Scan on sbtest6  (cost=35.12..4036.99 rows=1042 width=121)
	  Recheck Cond: ((id >= 5202944) AND (id <= 5203943))
	  ->  Bitmap Index Scan on sbtest6_pkey  (cost=0.00..34.86 rows=1042 width=0)
	        Index Cond: ((id >= 5202944) AND (id <= 5203943))

table 7 : explain SELECT c FROM sbtest7 WHERE id BETWEEN 4966910 AND 4967909
	Bitmap Heap Scan on sbtest7  (cost=35.59..4210.66 rows=1088 width=121)
	  Recheck Cond: ((id >= 4966910) AND (id <= 4967909))
	  ->  Bitmap Index Scan on sbtest7_pkey  (cost=0.00..35.32 rows=1088 width=0)
	        Index Cond: ((id >= 4966910) AND (id <= 4967909))

table 8 : explain SELECT c FROM sbtest8 WHERE id BETWEEN 8533574 AND 8534573
	Bitmap Heap Scan on sbtest8  (cost=35.41..4146.63 rows=1071 width=121)
	  Recheck Cond: ((id >= 8533574) AND (id <= 8534573))
	  ->  Bitmap Index Scan on sbtest8_pkey  (cost=0.00..35.15 rows=1071 width=0)
	        Index Cond: ((id >= 8533574) AND (id <= 8534573))

for: simple_ranges
table 1 : explain SELECT c FROM sbtest1 WHERE id BETWEEN 4906612 AND 4907611
	Bitmap Heap Scan on sbtest1  (cost=30.45..3787.98 rows=977 width=121)
	  Recheck Cond: ((id >= 4906612) AND (id <= 4907611))
	  ->  Bitmap Index Scan on sbtest1_pkey  (cost=0.00..30.20 rows=977 width=0)
	        Index Cond: ((id >= 4906612) AND (id <= 4907611))

table 2 : explain SELECT c FROM sbtest2 WHERE id BETWEEN 3911672 AND 3912671
	Bitmap Heap Scan on sbtest2  (cost=30.63..3856.03 rows=995 width=121)
	  Recheck Cond: ((id >= 3911672) AND (id <= 3912671))
	  ->  Bitmap Index Scan on sbtest2_pkey  (cost=0.00..30.39 rows=995 width=0)
	        Index Cond: ((id >= 3911672) AND (id <= 3912671))

table 3 : explain SELECT c FROM sbtest3 WHERE id BETWEEN 4589687 AND 4590686
	Bitmap Heap Scan on sbtest3  (cost=30.40..3768.91 rows=972 width=121)
	  Recheck Cond: ((id >= 4589687) AND (id <= 4590686))
	  ->  Bitmap Index Scan on sbtest3_pkey  (cost=0.00..30.15 rows=972 width=0)
	        Index Cond: ((id >= 4589687) AND (id <= 4590686))

table 4 : explain SELECT c FROM sbtest4 WHERE id BETWEEN 5963365 AND 5964364
	Bitmap Heap Scan on sbtest4  (cost=30.85..3935.57 rows=1016 width=121)
	  Recheck Cond: ((id >= 5963365) AND (id <= 5964364))
	  ->  Bitmap Index Scan on sbtest4_pkey  (cost=0.00..30.59 rows=1016 width=0)
	        Index Cond: ((id >= 5963365) AND (id <= 5964364))

table 5 : explain SELECT c FROM sbtest5 WHERE id BETWEEN 1684559 AND 1685558
	Bitmap Heap Scan on sbtest5  (cost=30.58..3837.16 rows=990 width=121)
	  Recheck Cond: ((id >= 1684559) AND (id <= 1685558))
	  ->  Bitmap Index Scan on sbtest5_pkey  (cost=0.00..30.33 rows=990 width=0)
	        Index Cond: ((id >= 1684559) AND (id <= 1685558))

table 6 : explain SELECT c FROM sbtest6 WHERE id BETWEEN 6557566 AND 6558565
	Bitmap Heap Scan on sbtest6  (cost=30.77..3904.77 rows=1008 width=121)
	  Recheck Cond: ((id >= 6557566) AND (id <= 6558565))
	  ->  Bitmap Index Scan on sbtest6_pkey  (cost=0.00..30.51 rows=1008 width=0)
	        Index Cond: ((id >= 6557566) AND (id <= 6558565))

table 7 : explain SELECT c FROM sbtest7 WHERE id BETWEEN 886588 AND 887587
	Bitmap Heap Scan on sbtest7  (cost=36.05..4379.93 rows=1133 width=121)
	  Recheck Cond: ((id >= 886588) AND (id <= 887587))
	  ->  Bitmap Index Scan on sbtest7_pkey  (cost=0.00..35.77 rows=1133 width=0)
	        Index Cond: ((id >= 886588) AND (id <= 887587))

table 8 : explain SELECT c FROM sbtest8 WHERE id BETWEEN 7809934 AND 7810933
	Bitmap Heap Scan on sbtest8  (cost=35.66..4236.98 rows=1095 width=121)
	  Recheck Cond: ((id >= 7809934) AND (id <= 7810933))
	  ->  Bitmap Index Scan on sbtest8_pkey  (cost=0.00..35.39 rows=1095 width=0)
	        Index Cond: ((id >= 7809934) AND (id <= 7810933))

for: simple_ranges
table 1 : explain SELECT c FROM sbtest1 WHERE id BETWEEN 1407094 AND 1408093
	Bitmap Heap Scan on sbtest1  (cost=30.87..3942.76 rows=1018 width=121)
	  Recheck Cond: ((id >= 1407094) AND (id <= 1408093))
	  ->  Bitmap Index Scan on sbtest1_pkey  (cost=0.00..30.61 rows=1018 width=0)
	        Index Cond: ((id >= 1407094) AND (id <= 1408093))

table 2 : explain SELECT c FROM sbtest2 WHERE id BETWEEN 8128948 AND 8129947
	Bitmap Heap Scan on sbtest2  (cost=30.85..3935.28 rows=1016 width=121)
	  Recheck Cond: ((id >= 8128948) AND (id <= 8129947))
	  ->  Bitmap Index Scan on sbtest2_pkey  (cost=0.00..30.59 rows=1016 width=0)
	        Index Cond: ((id >= 8128948) AND (id <= 8129947))

table 3 : explain SELECT c FROM sbtest3 WHERE id BETWEEN 4211385 AND 4212384
	Bitmap Heap Scan on sbtest3  (cost=30.24..3712.23 rows=957 width=121)
	  Recheck Cond: ((id >= 4211385) AND (id <= 4212384))
	  ->  Bitmap Index Scan on sbtest3_pkey  (cost=0.00..30.00 rows=957 width=0)
	        Index Cond: ((id >= 4211385) AND (id <= 4212384))

table 4 : explain SELECT c FROM sbtest4 WHERE id BETWEEN 3618870 AND 3619869
	Bitmap Heap Scan on sbtest4  (cost=30.98..3984.61 rows=1029 width=121)
	  Recheck Cond: ((id >= 3618870) AND (id <= 3619869))
	  ->  Bitmap Index Scan on sbtest4_pkey  (cost=0.00..30.72 rows=1029 width=0)
	        Index Cond: ((id >= 3618870) AND (id <= 3619869))

table 5 : explain SELECT c FROM sbtest5 WHERE id BETWEEN 718209 AND 719208
	Bitmap Heap Scan on sbtest5  (cost=35.67..4240.73 rows=1096 width=121)
	  Recheck Cond: ((id >= 718209) AND (id <= 719208))
	  ->  Bitmap Index Scan on sbtest5_pkey  (cost=0.00..35.40 rows=1096 width=0)
	        Index Cond: ((id >= 718209) AND (id <= 719208))

table 6 : explain SELECT c FROM sbtest6 WHERE id BETWEEN 6058021 AND 6059020
	Bitmap Heap Scan on sbtest6  (cost=29.91..3587.36 rows=924 width=121)
	  Recheck Cond: ((id >= 6058021) AND (id <= 6059020))
	  ->  Bitmap Index Scan on sbtest6_pkey  (cost=0.00..29.68 rows=924 width=0)
	        Index Cond: ((id >= 6058021) AND (id <= 6059020))

table 7 : explain SELECT c FROM sbtest7 WHERE id BETWEEN 4546391 AND 4547390
	Bitmap Heap Scan on sbtest7  (cost=30.95..3973.05 rows=1026 width=121)
	  Recheck Cond: ((id >= 4546391) AND (id <= 4547390))
	  ->  Bitmap Index Scan on sbtest7_pkey  (cost=0.00..30.69 rows=1026 width=0)
	        Index Cond: ((id >= 4546391) AND (id <= 4547390))

table 8 : explain SELECT c FROM sbtest8 WHERE id BETWEEN 2459834 AND 2460833
	Bitmap Heap Scan on sbtest8  (cost=29.32..3371.74 rows=867 width=121)
	  Recheck Cond: ((id >= 2459834) AND (id <= 2460833))
	  ->  Bitmap Index Scan on sbtest8_pkey  (cost=0.00..29.11 rows=867 width=0)
	        Index Cond: ((id >= 2459834) AND (id <= 2460833))

for: sum_ranges
table 1 : explain SELECT SUM(k) FROM sbtest1 WHERE id BETWEEN 6925936 AND 6926935
	Aggregate  (cost=3998.14..3998.15 rows=1 width=8)
	  ->  Bitmap Heap Scan on sbtest1  (cost=31.01..3995.56 rows=1032 width=4)
	        Recheck Cond: ((id >= 6925936) AND (id <= 6926935))
	        ->  Bitmap Index Scan on sbtest1_pkey  (cost=0.00..30.75 rows=1032 width=0)
	              Index Cond: ((id >= 6925936) AND (id <= 6926935))

table 2 : explain SELECT SUM(k) FROM sbtest2 WHERE id BETWEEN 8074218 AND 8075217
	Aggregate  (cost=4360.13..4360.14 rows=1 width=8)
	  ->  Bitmap Heap Scan on sbtest2  (cost=35.99..4357.32 rows=1127 width=4)
	        Recheck Cond: ((id >= 8074218) AND (id <= 8075217))
	        ->  Bitmap Index Scan on sbtest2_pkey  (cost=0.00..35.70 rows=1127 width=0)
	              Index Cond: ((id >= 8074218) AND (id <= 8075217))

table 3 : explain SELECT SUM(k) FROM sbtest3 WHERE id BETWEEN 9492764 AND 9493763
	Aggregate  (cost=4622.87..4622.88 rows=1 width=8)
	  ->  Bitmap Heap Scan on sbtest3  (cost=36.71..4619.87 rows=1198 width=4)
	        Recheck Cond: ((id >= 9492764) AND (id <= 9493763))
	        ->  Bitmap Index Scan on sbtest3_pkey  (cost=0.00..36.42 rows=1198 width=0)
	              Index Cond: ((id >= 9492764) AND (id <= 9493763))

table 4 : explain SELECT SUM(k) FROM sbtest4 WHERE id BETWEEN 5119338 AND 5120337
	Aggregate  (cost=3654.57..3654.58 rows=1 width=8)
	  ->  Bitmap Heap Scan on sbtest4  (cost=30.08..3652.22 rows=941 width=4)
	        Recheck Cond: ((id >= 5119338) AND (id <= 5120337))
	        ->  Bitmap Index Scan on sbtest4_pkey  (cost=0.00..29.84 rows=941 width=0)
	              Index Cond: ((id >= 5119338) AND (id <= 5120337))

table 5 : explain SELECT SUM(k) FROM sbtest5 WHERE id BETWEEN 1330031 AND 1331030
	Aggregate  (cost=3968.04..3968.05 rows=1 width=8)
	  ->  Bitmap Heap Scan on sbtest5  (cost=30.93..3965.48 rows=1024 width=4)
	        Recheck Cond: ((id >= 1330031) AND (id <= 1331030))
	        ->  Bitmap Index Scan on sbtest5_pkey  (cost=0.00..30.68 rows=1024 width=0)
	              Index Cond: ((id >= 1330031) AND (id <= 1331030))

table 6 : explain SELECT SUM(k) FROM sbtest6 WHERE id BETWEEN 7148039 AND 7149038
	Aggregate  (cost=4254.38..4254.39 rows=1 width=8)
	  ->  Bitmap Heap Scan on sbtest6  (cost=35.70..4251.63 rows=1099 width=4)
	        Recheck Cond: ((id >= 7148039) AND (id <= 7149038))
	        ->  Bitmap Index Scan on sbtest6_pkey  (cost=0.00..35.43 rows=1099 width=0)
	              Index Cond: ((id >= 7148039) AND (id <= 7149038))

table 7 : explain SELECT SUM(k) FROM sbtest7 WHERE id BETWEEN 6401917 AND 6402916
	Aggregate  (cost=4006.04..4006.05 rows=1 width=8)
	  ->  Bitmap Heap Scan on sbtest7  (cost=35.02..4003.45 rows=1033 width=4)
	        Recheck Cond: ((id >= 6401917) AND (id <= 6402916))
	        ->  Bitmap Index Scan on sbtest7_pkey  (cost=0.00..34.77 rows=1033 width=0)
	              Index Cond: ((id >= 6401917) AND (id <= 6402916))

table 8 : explain SELECT SUM(k) FROM sbtest8 WHERE id BETWEEN 55324 AND 56323
	Aggregate  (cost=3892.54..3892.55 rows=1 width=8)
	  ->  Bitmap Heap Scan on sbtest8  (cost=30.73..3890.03 rows=1004 width=4)
	        Recheck Cond: ((id >= 55324) AND (id <= 56323))
	        ->  Bitmap Index Scan on sbtest8_pkey  (cost=0.00..30.47 rows=1004 width=0)
	              Index Cond: ((id >= 55324) AND (id <= 56323))

for point_selects
table 1 : explain SELECT c FROM sbtest1 WHERE id=4151075
	Index Scan using sbtest1_pkey on sbtest1  (cost=0.43..8.45 rows=1 width=121)
	  Index Cond: (id = 4151075)

table 2 : explain SELECT c FROM sbtest2 WHERE id=2444228
	Index Scan using sbtest2_pkey on sbtest2  (cost=0.43..8.45 rows=1 width=121)
	  Index Cond: (id = 2444228)

table 3 : explain SELECT c FROM sbtest3 WHERE id=2870534
	Index Scan using sbtest3_pkey on sbtest3  (cost=0.43..8.45 rows=1 width=121)
	  Index Cond: (id = 2870534)

table 4 : explain SELECT c FROM sbtest4 WHERE id=2843544
	Index Scan using sbtest4_pkey on sbtest4  (cost=0.43..8.45 rows=1 width=121)
	  Index Cond: (id = 2843544)

table 5 : explain SELECT c FROM sbtest5 WHERE id=6727577
	Index Scan using sbtest5_pkey on sbtest5  (cost=0.43..8.45 rows=1 width=121)
	  Index Cond: (id = 6727577)

table 6 : explain SELECT c FROM sbtest6 WHERE id=1234269
	Index Scan using sbtest6_pkey on sbtest6  (cost=0.43..8.45 rows=1 width=121)
	  Index Cond: (id = 1234269)

table 7 : explain SELECT c FROM sbtest7 WHERE id=7663428
	Index Scan using sbtest7_pkey on sbtest7  (cost=0.43..8.45 rows=1 width=121)
	  Index Cond: (id = 7663428)

table 8 : explain SELECT c FROM sbtest8 WHERE id=9847429
	Index Scan using sbtest8_pkey on sbtest8  (cost=0.43..8.45 rows=1 width=121)
	  Index Cond: (id = 9847429)

for: order_ranges
table 1 : explain SELECT c FROM sbtest1 WHERE id BETWEEN 3397146 AND 3398145 ORDER BY c
	Sort  (cost=4208.07..4210.75 rows=1073 width=121)
	  Sort Key: c
	  ->  Bitmap Heap Scan on sbtest1  (cost=35.43..4154.06 rows=1073 width=121)
	        Recheck Cond: ((id >= 3397146) AND (id <= 3398145))
	        ->  Bitmap Index Scan on sbtest1_pkey  (cost=0.00..35.17 rows=1073 width=0)
	              Index Cond: ((id >= 3397146) AND (id <= 3398145))

table 2 : explain SELECT c FROM sbtest2 WHERE id BETWEEN 3128179 AND 3129178 ORDER BY c
	Sort  (cost=3997.52..4000.06 rows=1019 width=121)
	  Sort Key: c
	  ->  Bitmap Heap Scan on sbtest2  (cost=30.88..3946.60 rows=1019 width=121)
	        Recheck Cond: ((id >= 3128179) AND (id <= 3129178))
	        ->  Bitmap Index Scan on sbtest2_pkey  (cost=0.00..30.62 rows=1019 width=0)
	              Index Cond: ((id >= 3128179) AND (id <= 3129178))

table 3 : explain SELECT c FROM sbtest3 WHERE id BETWEEN 5305813 AND 5306812 ORDER BY c
	Sort  (cost=3394.58..3396.73 rows=862 width=121)
	  Sort Key: c
	  ->  Bitmap Heap Scan on sbtest3  (cost=29.27..3352.55 rows=862 width=121)
	        Recheck Cond: ((id >= 5305813) AND (id <= 5306812))
	        ->  Bitmap Index Scan on sbtest3_pkey  (cost=0.00..29.05 rows=862 width=0)
	              Index Cond: ((id >= 5305813) AND (id <= 5306812))

table 4 : explain SELECT c FROM sbtest4 WHERE id BETWEEN 7171121 AND 7172120 ORDER BY c
	Sort  (cost=3691.02..3693.36 rows=939 width=121)
	  Sort Key: c
	  ->  Bitmap Heap Scan on sbtest4  (cost=30.06..3644.65 rows=939 width=121)
	        Recheck Cond: ((id >= 7171121) AND (id <= 7172120))
	        ->  Bitmap Index Scan on sbtest4_pkey  (cost=0.00..29.82 rows=939 width=0)
	              Index Cond: ((id >= 7171121) AND (id <= 7172120))

table 5 : explain SELECT c FROM sbtest5 WHERE id BETWEEN 5357762 AND 5358761 ORDER BY c
	Sort  (cost=4077.93..4080.53 rows=1040 width=121)
	  Sort Key: c
	  ->  Bitmap Heap Scan on sbtest5  (cost=31.09..4025.81 rows=1040 width=121)
	        Recheck Cond: ((id >= 5357762) AND (id <= 5358761))
	        ->  Bitmap Index Scan on sbtest5_pkey  (cost=0.00..30.83 rows=1040 width=0)
	              Index Cond: ((id >= 5357762) AND (id <= 5358761))

table 6 : explain SELECT c FROM sbtest6 WHERE id BETWEEN 1226001 AND 1227000 ORDER BY c
	Sort  (cost=3978.20..3980.74 rows=1013 width=121)
	  Sort Key: c
	  ->  Bitmap Heap Scan on sbtest6  (cost=34.82..3927.63 rows=1013 width=121)
	        Recheck Cond: ((id >= 1226001) AND (id <= 1227000))
	        ->  Bitmap Index Scan on sbtest6_pkey  (cost=0.00..34.57 rows=1013 width=0)
	              Index Cond: ((id >= 1226001) AND (id <= 1227000))

table 7 : explain SELECT c FROM sbtest7 WHERE id BETWEEN 4012425 AND 4013424 ORDER BY c
	Sort  (cost=3955.43..3957.95 rows=1008 width=121)
	  Sort Key: c
	  ->  Bitmap Heap Scan on sbtest7  (cost=30.77..3905.14 rows=1008 width=121)
	        Recheck Cond: ((id >= 4012425) AND (id <= 4013424))
	        ->  Bitmap Index Scan on sbtest7_pkey  (cost=0.00..30.51 rows=1008 width=0)
	              Index Cond: ((id >= 4012425) AND (id <= 4013424))

table 8 : explain SELECT c FROM sbtest8 WHERE id BETWEEN 3860380 AND 3861379 ORDER BY c
	Sort  (cost=4154.64..4157.28 rows=1059 width=121)
	  Sort Key: c
	  ->  Bitmap Heap Scan on sbtest8  (cost=35.29..4101.43 rows=1059 width=121)
	        Recheck Cond: ((id >= 3860380) AND (id <= 3861379))
	        ->  Bitmap Index Scan on sbtest8_pkey  (cost=0.00..35.03 rows=1059 width=0)
	              Index Cond: ((id >= 3860380) AND (id <= 3861379))

explain: for point_selects :: explain SELECT c FROM sbtest%u WHERE id=%u
explain: for point_selects :: explain SELECT c FROM sbtest%u WHERE id=%u
explain: for point_selects :: explain SELECT c FROM sbtest%u WHERE id=%u
for: distinct_ranges
table 1 : explain SELECT DISTINCT c FROM sbtest1 WHERE id BETWEEN 2347822 AND 2348821 ORDER BY c
	Unique  (cost=3943.82..3948.84 rows=1005 width=121)
	  ->  Sort  (cost=3943.82..3946.33 rows=1005 width=121)
	        Sort Key: c
	        ->  Bitmap Heap Scan on sbtest1  (cost=30.74..3893.70 rows=1005 width=121)
	              Recheck Cond: ((id >= 2347822) AND (id <= 2348821))
	              ->  Bitmap Index Scan on sbtest1_pkey  (cost=0.00..30.48 rows=1005 width=0)
	                    Index Cond: ((id >= 2347822) AND (id <= 2348821))

table 2 : explain SELECT DISTINCT c FROM sbtest2 WHERE id BETWEEN 4694718 AND 4695717 ORDER BY c
	Unique  (cost=3963.04..3968.09 rows=1010 width=121)
	  ->  Sort  (cost=3963.04..3965.57 rows=1010 width=121)
	        Sort Key: c
	        ->  Bitmap Heap Scan on sbtest2  (cost=30.79..3912.64 rows=1010 width=121)
	              Recheck Cond: ((id >= 4694718) AND (id <= 4695717))
	              ->  Bitmap Index Scan on sbtest2_pkey  (cost=0.00..30.54 rows=1010 width=0)
	                    Index Cond: ((id >= 4694718) AND (id <= 4695717))

table 3 : explain SELECT DISTINCT c FROM sbtest3 WHERE id BETWEEN 2044451 AND 2045450 ORDER BY c
	Unique  (cost=3966.61..3971.67 rows=1011 width=121)
	  ->  Sort  (cost=3966.61..3969.14 rows=1011 width=121)
	        Sort Key: c
	        ->  Bitmap Heap Scan on sbtest3  (cost=30.80..3916.16 rows=1011 width=121)
	              Recheck Cond: ((id >= 2044451) AND (id <= 2045450))
	              ->  Bitmap Index Scan on sbtest3_pkey  (cost=0.00..30.54 rows=1011 width=0)
	                    Index Cond: ((id >= 2044451) AND (id <= 2045450))

table 4 : explain SELECT DISTINCT c FROM sbtest4 WHERE id BETWEEN 7359897 AND 7360896 ORDER BY c
	Unique  (cost=3894.35..3899.31 rows=992 width=121)
	  ->  Sort  (cost=3894.35..3896.83 rows=992 width=121)
	        Sort Key: c
	        ->  Bitmap Heap Scan on sbtest4  (cost=30.60..3844.97 rows=992 width=121)
	              Recheck Cond: ((id >= 7359897) AND (id <= 7360896))
	              ->  Bitmap Index Scan on sbtest4_pkey  (cost=0.00..30.36 rows=992 width=0)
	                    Index Cond: ((id >= 7359897) AND (id <= 7360896))

table 5 : explain SELECT DISTINCT c FROM sbtest5 WHERE id BETWEEN 8240324 AND 8241323 ORDER BY c
	Unique  (cost=3675.42..3680.10 rows=935 width=121)
	  ->  Sort  (cost=3675.42..3677.76 rows=935 width=121)
	        Sort Key: c
	        ->  Bitmap Heap Scan on sbtest5  (cost=30.02..3629.29 rows=935 width=121)
	              Recheck Cond: ((id >= 8240324) AND (id <= 8241323))
	              ->  Bitmap Index Scan on sbtest5_pkey  (cost=0.00..29.79 rows=935 width=0)
	                    Index Cond: ((id >= 8240324) AND (id <= 8241323))

table 6 : explain SELECT DISTINCT c FROM sbtest6 WHERE id BETWEEN 3013020 AND 3014019 ORDER BY c
	Unique  (cost=3878.42..3883.36 rows=988 width=121)
	  ->  Sort  (cost=3878.42..3880.89 rows=988 width=121)
	        Sort Key: c
	        ->  Bitmap Heap Scan on sbtest6  (cost=30.56..3829.27 rows=988 width=121)
	              Recheck Cond: ((id >= 3013020) AND (id <= 3014019))
	              ->  Bitmap Index Scan on sbtest6_pkey  (cost=0.00..30.32 rows=988 width=0)
	                    Index Cond: ((id >= 3013020) AND (id <= 3014019))

table 7 : explain SELECT DISTINCT c FROM sbtest7 WHERE id BETWEEN 3580923 AND 3581922 ORDER BY c
	Unique  (cost=3859.62..3864.53 rows=983 width=121)
	  ->  Sort  (cost=3859.62..3862.08 rows=983 width=121)
	        Sort Key: c
	        ->  Bitmap Heap Scan on sbtest7  (cost=30.51..3810.76 rows=983 width=121)
	              Recheck Cond: ((id >= 3580923) AND (id <= 3581922))
	              ->  Bitmap Index Scan on sbtest7_pkey  (cost=0.00..30.26 rows=983 width=0)
	                    Index Cond: ((id >= 3580923) AND (id <= 3581922))

table 8 : explain SELECT DISTINCT c FROM sbtest8 WHERE id BETWEEN 6810099 AND 6811098 ORDER BY c
	Unique  (cost=3694.63..3699.33 rows=940 width=121)
	  ->  Sort  (cost=3694.63..3696.98 rows=940 width=121)
	        Sort Key: c
	        ->  Bitmap Heap Scan on sbtest8  (cost=30.07..3648.21 rows=940 width=121)
	              Recheck Cond: ((id >= 6810099) AND (id <= 6811098))
	              ->  Bitmap Index Scan on sbtest8_pkey  (cost=0.00..29.83 rows=940 width=0)
	                    Index Cond: ((id >= 6810099) AND (id <= 6811098))

explain: for point_selects :: explain SELECT c FROM sbtest%u WHERE id=%u
for: simple_ranges
table 1 : explain SELECT c FROM sbtest1 WHERE id BETWEEN 6782330 AND 6783329
	Bitmap Heap Scan on sbtest1  (cost=31.05..4010.64 rows=1036 width=121)
	  Recheck Cond: ((id >= 6782330) AND (id <= 6783329))
	  ->  Bitmap Index Scan on sbtest1_pkey  (cost=0.00..30.79 rows=1036 width=0)
	        Index Cond: ((id >= 6782330) AND (id <= 6783329))

table 2 : explain SELECT c FROM sbtest2 WHERE id BETWEEN 5238082 AND 5239081
	Bitmap Heap Scan on sbtest2  (cost=30.52..3814.49 rows=984 width=121)
	  Recheck Cond: ((id >= 5238082) AND (id <= 5239081))
	  ->  Bitmap Index Scan on sbtest2_pkey  (cost=0.00..30.27 rows=984 width=0)
	        Index Cond: ((id >= 5238082) AND (id <= 5239081))

table 3 : explain SELECT c FROM sbtest3 WHERE id BETWEEN 9859966 AND 9860965
	Bitmap Heap Scan on sbtest3  (cost=31.13..4036.83 rows=1043 width=121)
	  Recheck Cond: ((id >= 9859966) AND (id <= 9860965))
	  ->  Bitmap Index Scan on sbtest3_pkey  (cost=0.00..30.86 rows=1043 width=0)
	        Index Cond: ((id >= 9859966) AND (id <= 9860965))

table 4 : explain SELECT c FROM sbtest4 WHERE id BETWEEN 2755829 AND 2756828
	Bitmap Heap Scan on sbtest4  (cost=35.58..4207.16 rows=1087 width=121)
	  Recheck Cond: ((id >= 2755829) AND (id <= 2756828))
	  ->  Bitmap Index Scan on sbtest4_pkey  (cost=0.00..35.31 rows=1087 width=0)
	        Index Cond: ((id >= 2755829) AND (id <= 2756828))

table 5 : explain SELECT c FROM sbtest5 WHERE id BETWEEN 2908662 AND 2909661
	Bitmap Heap Scan on sbtest5  (cost=30.51..3810.73 rows=983 width=121)
	  Recheck Cond: ((id >= 2908662) AND (id <= 2909661))
	  ->  Bitmap Index Scan on sbtest5_pkey  (cost=0.00..30.26 rows=983 width=0)
	        Index Cond: ((id >= 2908662) AND (id <= 2909661))

table 6 : explain SELECT c FROM sbtest6 WHERE id BETWEEN 4508116 AND 4509115
	Bitmap Heap Scan on sbtest6  (cost=35.28..4097.28 rows=1058 width=121)
	  Recheck Cond: ((id >= 4508116) AND (id <= 4509115))
	  ->  Bitmap Index Scan on sbtest6_pkey  (cost=0.00..35.02 rows=1058 width=0)
	        Index Cond: ((id >= 4508116) AND (id <= 4509115))

table 7 : explain SELECT c FROM sbtest7 WHERE id BETWEEN 9148920 AND 9149919
	Bitmap Heap Scan on sbtest7  (cost=30.48..3799.43 rows=980 width=121)
	  Recheck Cond: ((id >= 9148920) AND (id <= 9149919))
	  ->  Bitmap Index Scan on sbtest7_pkey  (cost=0.00..30.23 rows=980 width=0)
	        Index Cond: ((id >= 9148920) AND (id <= 9149919))

table 8 : explain SELECT c FROM sbtest8 WHERE id BETWEEN 9036362 AND 9037361
	Bitmap Heap Scan on sbtest8  (cost=34.99..3992.12 rows=1030 width=121)
	  Recheck Cond: ((id >= 9036362) AND (id <= 9037361))
	  ->  Bitmap Index Scan on sbtest8_pkey  (cost=0.00..34.73 rows=1030 width=0)
	        Index Cond: ((id >= 9036362) AND (id <= 9037361))

explain: for point_selects :: explain SELECT c FROM sbtest%u WHERE id=%u
explain: for point_selects :: explain SELECT c FROM sbtest%u WHERE id=%u
for: sum_ranges
table 1 : explain SELECT SUM(k) FROM sbtest1 WHERE id BETWEEN 5329813 AND 5330812
	Aggregate  (cost=3869.78..3869.79 rows=1 width=8)
	  ->  Bitmap Heap Scan on sbtest1  (cost=30.66..3867.28 rows=998 width=4)
	        Recheck Cond: ((id >= 5329813) AND (id <= 5330812))
	        ->  Bitmap Index Scan on sbtest1_pkey  (cost=0.00..30.41 rows=998 width=0)
	              Index Cond: ((id >= 5329813) AND (id <= 5330812))

table 2 : explain SELECT SUM(k) FROM sbtest2 WHERE id BETWEEN 2885115 AND 2886114
	Aggregate  (cost=3937.82..3937.83 rows=1 width=8)
	  ->  Bitmap Heap Scan on sbtest2  (cost=30.85..3935.28 rows=1016 width=4)
	        Recheck Cond: ((id >= 2885115) AND (id <= 2886114))
	        ->  Bitmap Index Scan on sbtest2_pkey  (cost=0.00..30.59 rows=1016 width=0)
	              Index Cond: ((id >= 2885115) AND (id <= 2886114))

table 3 : explain SELECT SUM(k) FROM sbtest3 WHERE id BETWEEN 9163199 AND 9164198
	Aggregate  (cost=4058.52..4058.53 rows=1 width=8)
	  ->  Bitmap Heap Scan on sbtest3  (cost=35.17..4055.91 rows=1047 width=4)
	        Recheck Cond: ((id >= 9163199) AND (id <= 9164198))
	        ->  Bitmap Index Scan on sbtest3_pkey  (cost=0.00..34.91 rows=1047 width=0)
	              Index Cond: ((id >= 9163199) AND (id <= 9164198))

table 4 : explain SELECT SUM(k) FROM sbtest4 WHERE id BETWEEN 4112922 AND 4113921
	Aggregate  (cost=3737.82..3737.83 rows=1 width=8)
	  ->  Bitmap Heap Scan on sbtest4  (cost=30.31..3735.41 rows=963 width=4)
	        Recheck Cond: ((id >= 4112922) AND (id <= 4113921))
	        ->  Bitmap Index Scan on sbtest4_pkey  (cost=0.00..30.07 rows=963 width=0)
	              Index Cond: ((id >= 4112922) AND (id <= 4113921))

table 5 : explain SELECT SUM(k) FROM sbtest5 WHERE id BETWEEN 6601221 AND 6602220
	Aggregate  (cost=3956.71..3956.72 rows=1 width=8)
	  ->  Bitmap Heap Scan on sbtest5  (cost=30.90..3954.16 rows=1021 width=4)
	        Recheck Cond: ((id >= 6601221) AND (id <= 6602220))
	        ->  Bitmap Index Scan on sbtest5_pkey  (cost=0.00..30.64 rows=1021 width=0)
	              Index Cond: ((id >= 6601221) AND (id <= 6602220))

table 6 : explain SELECT SUM(k) FROM sbtest6 WHERE id BETWEEN 3872042 AND 3873041
	Aggregate  (cost=3903.51..3903.52 rows=1 width=8)
	  ->  Bitmap Heap Scan on sbtest6  (cost=30.76..3900.99 rows=1007 width=4)
	        Recheck Cond: ((id >= 3872042) AND (id <= 3873041))
	        ->  Bitmap Index Scan on sbtest6_pkey  (cost=0.00..30.50 rows=1007 width=0)
	              Index Cond: ((id >= 3872042) AND (id <= 3873041))

table 7 : explain SELECT SUM(k) FROM sbtest7 WHERE id BETWEEN 8938725 AND 8939724
	Aggregate  (cost=3665.72..3665.73 rows=1 width=8)
	  ->  Bitmap Heap Scan on sbtest7  (cost=30.11..3663.36 rows=944 width=4)
	        Recheck Cond: ((id >= 8938725) AND (id <= 8939724))
	        ->  Bitmap Index Scan on sbtest7_pkey  (cost=0.00..29.87 rows=944 width=0)
	              Index Cond: ((id >= 8938725) AND (id <= 8939724))

table 8 : explain SELECT SUM(k) FROM sbtest8 WHERE id BETWEEN 7181996 AND 7182995
	Aggregate  (cost=4608.22..4608.23 rows=1 width=8)
	  ->  Bitmap Heap Scan on sbtest8  (cost=36.67..4605.24 rows=1194 width=4)
	        Recheck Cond: ((id >= 7181996) AND (id <= 7182995))
	        ->  Bitmap Index Scan on sbtest8_pkey  (cost=0.00..36.38 rows=1194 width=0)
	              Index Cond: ((id >= 7181996) AND (id <= 7182995))

for: sum_ranges
table 1 : explain SELECT SUM(k) FROM sbtest1 WHERE id BETWEEN 3568933 AND 3569932
	Aggregate  (cost=3582.32..3582.33 rows=1 width=8)
	  ->  Bitmap Heap Scan on sbtest1  (cost=29.89..3580.02 rows=922 width=4)
	        Recheck Cond: ((id >= 3568933) AND (id <= 3569932))
	        ->  Bitmap Index Scan on sbtest1_pkey  (cost=0.00..29.65 rows=922 width=0)
	              Index Cond: ((id >= 3568933) AND (id <= 3569932))

table 2 : explain SELECT SUM(k) FROM sbtest2 WHERE id BETWEEN 8821187 AND 8822186
	Aggregate  (cost=3828.29..3828.30 rows=1 width=8)
	  ->  Bitmap Heap Scan on sbtest2  (cost=30.55..3825.82 rows=987 width=4)
	        Recheck Cond: ((id >= 8821187) AND (id <= 8822186))
	        ->  Bitmap Index Scan on sbtest2_pkey  (cost=0.00..30.30 rows=987 width=0)
	              Index Cond: ((id >= 8821187) AND (id <= 8822186))

table 3 : explain SELECT SUM(k) FROM sbtest3 WHERE id BETWEEN 9744781 AND 9745780
	Aggregate  (cost=4371.11..4371.12 rows=1 width=8)
	  ->  Bitmap Heap Scan on sbtest3  (cost=36.02..4368.28 rows=1130 width=4)
	        Recheck Cond: ((id >= 9744781) AND (id <= 9745780))
	        ->  Bitmap Index Scan on sbtest3_pkey  (cost=0.00..35.73 rows=1130 width=0)
	              Index Cond: ((id >= 9744781) AND (id <= 9745780))

table 4 : explain SELECT SUM(k) FROM sbtest4 WHERE id BETWEEN 1141533 AND 1142532
	Aggregate  (cost=4236.24..4236.25 rows=1 width=8)
	  ->  Bitmap Heap Scan on sbtest4  (cost=35.65..4233.51 rows=1094 width=4)
	        Recheck Cond: ((id >= 1141533) AND (id <= 1142532))
	        ->  Bitmap Index Scan on sbtest4_pkey  (cost=0.00..35.38 rows=1094 width=0)
	              Index Cond: ((id >= 1141533) AND (id <= 1142532))

table 5 : explain SELECT SUM(k) FROM sbtest5 WHERE id BETWEEN 4255719 AND 4256718
	Aggregate  (cost=3824.52..3824.53 rows=1 width=8)
	  ->  Bitmap Heap Scan on sbtest5  (cost=30.54..3822.06 rows=986 width=4)
	        Recheck Cond: ((id >= 4255719) AND (id <= 4256718))
	        ->  Bitmap Index Scan on sbtest5_pkey  (cost=0.00..30.29 rows=986 width=0)
	              Index Cond: ((id >= 4255719) AND (id <= 4256718))

table 6 : explain SELECT SUM(k) FROM sbtest6 WHERE id BETWEEN 459517 AND 460516
	Aggregate  (cost=3990.55..3990.56 rows=1 width=8)
	  ->  Bitmap Heap Scan on sbtest6  (cost=34.98..3987.98 rows=1029 width=4)
	        Recheck Cond: ((id >= 459517) AND (id <= 460516))
	        ->  Bitmap Index Scan on sbtest6_pkey  (cost=0.00..34.73 rows=1029 width=0)
	              Index Cond: ((id >= 459517) AND (id <= 460516))

table 7 : explain SELECT SUM(k) FROM sbtest7 WHERE id BETWEEN 3238142 AND 3239141
	Aggregate  (cost=4397.83..4397.84 rows=1 width=8)
	  ->  Bitmap Heap Scan on sbtest7  (cost=36.10..4394.98 rows=1138 width=4)
	        Recheck Cond: ((id >= 3238142) AND (id <= 3239141))
	        ->  Bitmap Index Scan on sbtest7_pkey  (cost=0.00..35.82 rows=1138 width=0)
	              Index Cond: ((id >= 3238142) AND (id <= 3239141))

table 8 : explain SELECT SUM(k) FROM sbtest8 WHERE id BETWEEN 7007359 AND 7008358
	Aggregate  (cost=3574.83..3574.84 rows=1 width=8)
	  ->  Bitmap Heap Scan on sbtest8  (cost=29.87..3572.53 rows=920 width=4)
	        Recheck Cond: ((id >= 7007359) AND (id <= 7008358))
	        ->  Bitmap Index Scan on sbtest8_pkey  (cost=0.00..29.64 rows=920 width=0)
	              Index Cond: ((id >= 7007359) AND (id <= 7008358))

for point_selects
table 1 : explain SELECT c FROM sbtest1 WHERE id=5150158
	Index Scan using sbtest1_pkey on sbtest1  (cost=0.43..8.45 rows=1 width=121)
	  Index Cond: (id = 5150158)

table 2 : explain SELECT c FROM sbtest2 WHERE id=509421
	Index Scan using sbtest2_pkey on sbtest2  (cost=0.43..8.45 rows=1 width=121)
	  Index Cond: (id = 509421)

table 3 : explain SELECT c FROM sbtest3 WHERE id=1683060
	Index Scan using sbtest3_pkey on sbtest3  (cost=0.43..8.45 rows=1 width=121)
	  Index Cond: (id = 1683060)

table 4 : explain SELECT c FROM sbtest4 WHERE id=4178045
	Index Scan using sbtest4_pkey on sbtest4  (cost=0.43..8.45 rows=1 width=121)
	  Index Cond: (id = 4178045)

table 5 : explain SELECT c FROM sbtest5 WHERE id=7906215
	Index Scan using sbtest5_pkey on sbtest5  (cost=0.43..8.45 rows=1 width=121)
	  Index Cond: (id = 7906215)

table 6 : explain SELECT c FROM sbtest6 WHERE id=8678062
	Index Scan using sbtest6_pkey on sbtest6  (cost=0.43..8.45 rows=1 width=121)
	  Index Cond: (id = 8678062)

table 7 : explain SELECT c FROM sbtest7 WHERE id=6583717
	Index Scan using sbtest7_pkey on sbtest7  (cost=0.43..8.45 rows=1 width=121)
	  Index Cond: (id = 6583717)

table 8 : explain SELECT c FROM sbtest8 WHERE id=8760746
	Index Scan using sbtest8_pkey on sbtest8  (cost=0.43..8.45 rows=1 width=121)
	  Index Cond: (id = 8760746)

for point_selects
table 1 : explain SELECT c FROM sbtest1 WHERE id=2585422
	Index Scan using sbtest1_pkey on sbtest1  (cost=0.43..8.45 rows=1 width=121)
	  Index Cond: (id = 2585422)

table 2 : explain SELECT c FROM sbtest2 WHERE id=5897890
	Index Scan using sbtest2_pkey on sbtest2  (cost=0.43..8.45 rows=1 width=121)
	  Index Cond: (id = 5897890)

table 3 : explain SELECT c FROM sbtest3 WHERE id=5913290
	Index Scan using sbtest3_pkey on sbtest3  (cost=0.43..8.45 rows=1 width=121)
	  Index Cond: (id = 5913290)

table 4 : explain SELECT c FROM sbtest4 WHERE id=5080392
	Index Scan using sbtest4_pkey on sbtest4  (cost=0.43..8.45 rows=1 width=121)
	  Index Cond: (id = 5080392)

table 5 : explain SELECT c FROM sbtest5 WHERE id=9259618
	Index Scan using sbtest5_pkey on sbtest5  (cost=0.43..8.45 rows=1 width=121)
	  Index Cond: (id = 9259618)

table 6 : explain SELECT c FROM sbtest6 WHERE id=9107181
	Index Scan using sbtest6_pkey on sbtest6  (cost=0.43..8.45 rows=1 width=121)
	  Index Cond: (id = 9107181)

table 7 : explain SELECT c FROM sbtest7 WHERE id=7516397
	Index Scan using sbtest7_pkey on sbtest7  (cost=0.43..8.45 rows=1 width=121)
	  Index Cond: (id = 7516397)

table 8 : explain SELECT c FROM sbtest8 WHERE id=3225811
	Index Scan using sbtest8_pkey on sbtest8  (cost=0.43..8.45 rows=1 width=121)
	  Index Cond: (id = 3225811)

explain: for point_selects :: explain SELECT c FROM sbtest%u WHERE id=%u
explain: for point_selects :: explain SELECT c FROM sbtest%u WHERE id=%u
explain: for point_selects :: explain SELECT c FROM sbtest%u WHERE id=%u
for point_selects
table 1 : explain SELECT c FROM sbtest1 WHERE id=9419590
	Index Scan using sbtest1_pkey on sbtest1  (cost=0.43..8.45 rows=1 width=121)
	  Index Cond: (id = 9419590)

table 2 : explain SELECT c FROM sbtest2 WHERE id=3382902
	Index Scan using sbtest2_pkey on sbtest2  (cost=0.43..8.45 rows=1 width=121)
	  Index Cond: (id = 3382902)

table 3 : explain SELECT c FROM sbtest3 WHERE id=6888427
	Index Scan using sbtest3_pkey on sbtest3  (cost=0.43..8.45 rows=1 width=121)
	  Index Cond: (id = 6888427)

table 4 : explain SELECT c FROM sbtest4 WHERE id=3805250
	Index Scan using sbtest4_pkey on sbtest4  (cost=0.43..8.45 rows=1 width=121)
	  Index Cond: (id = 3805250)

table 5 : explain SELECT c FROM sbtest5 WHERE id=7658962
	Index Scan using sbtest5_pkey on sbtest5  (cost=0.43..8.45 rows=1 width=121)
	  Index Cond: (id = 7658962)

table 6 : explain SELECT c FROM sbtest6 WHERE id=8579708
	Index Scan using sbtest6_pkey on sbtest6  (cost=0.43..8.45 rows=1 width=121)
	  Index Cond: (id = 8579708)

table 7 : explain SELECT c FROM sbtest7 WHERE id=8977528
	Index Scan using sbtest7_pkey on sbtest7  (cost=0.43..8.45 rows=1 width=121)
	  Index Cond: (id = 8977528)

table 8 : explain SELECT c FROM sbtest8 WHERE id=9646433
	Index Scan using sbtest8_pkey on sbtest8  (cost=0.43..8.45 rows=1 width=121)
	  Index Cond: (id = 9646433)

for: order_ranges
table 1 : explain SELECT c FROM sbtest1 WHERE id BETWEEN 1712775 AND 1713774 ORDER BY c
	Sort  (cost=3909.33..3911.82 rows=996 width=121)
	  Sort Key: c
	  ->  Bitmap Heap Scan on sbtest1  (cost=30.64..3859.73 rows=996 width=121)
	        Recheck Cond: ((id >= 1712775) AND (id <= 1713774))
	        ->  Bitmap Index Scan on sbtest1_pkey  (cost=0.00..30.39 rows=996 width=0)
	              Index Cond: ((id >= 1712775) AND (id <= 1713774))

table 2 : explain SELECT c FROM sbtest2 WHERE id BETWEEN 3280644 AND 3281643 ORDER BY c
	Sort  (cost=4085.74..4088.34 rows=1041 width=121)
	  Sort Key: c
	  ->  Bitmap Heap Scan on sbtest2  (cost=35.11..4033.57 rows=1041 width=121)
	        Recheck Cond: ((id >= 3280644) AND (id <= 3281643))
	        ->  Bitmap Index Scan on sbtest2_pkey  (cost=0.00..34.84 rows=1041 width=0)
	              Index Cond: ((id >= 3280644) AND (id <= 3281643))

table 3 : explain SELECT c FROM sbtest3 WHERE id BETWEEN 76969 AND 77968 ORDER BY c
	Sort  (cost=4257.55..4260.26 rows=1086 width=121)
	  Sort Key: c
	  ->  Bitmap Heap Scan on sbtest3  (cost=35.57..4202.79 rows=1086 width=121)
	        Recheck Cond: ((id >= 76969) AND (id <= 77968))
	        ->  Bitmap Index Scan on sbtest3_pkey  (cost=0.00..35.30 rows=1086 width=0)
	              Index Cond: ((id >= 76969) AND (id <= 77968))

table 4 : explain SELECT c FROM sbtest4 WHERE id BETWEEN 5606517 AND 5607516 ORDER BY c
	Sort  (cost=3794.64..3797.06 rows=966 width=121)
	  Sort Key: c
	  ->  Bitmap Heap Scan on sbtest4  (cost=30.34..3746.75 rows=966 width=121)
	        Recheck Cond: ((id >= 5606517) AND (id <= 5607516))
	        ->  Bitmap Index Scan on sbtest4_pkey  (cost=0.00..30.09 rows=966 width=0)
	              Index Cond: ((id >= 5606517) AND (id <= 5607516))

table 5 : explain SELECT c FROM sbtest5 WHERE id BETWEEN 1717066 AND 1718065 ORDER BY c
	Sort  (cost=4139.32..4141.96 rows=1055 width=121)
	  Sort Key: c
	  ->  Bitmap Heap Scan on sbtest5  (cost=35.25..4086.35 rows=1055 width=121)
	        Recheck Cond: ((id >= 1717066) AND (id <= 1718065))
	        ->  Bitmap Index Scan on sbtest5_pkey  (cost=0.00..34.98 rows=1055 width=0)
	              Index Cond: ((id >= 1717066) AND (id <= 1718065))

table 6 : explain SELECT c FROM sbtest6 WHERE id BETWEEN 5551929 AND 5552928 ORDER BY c
	Sort  (cost=3809.41..3811.84 rows=970 width=121)
	  Sort Key: c
	  ->  Bitmap Heap Scan on sbtest6  (cost=30.38..3761.29 rows=970 width=121)
	        Recheck Cond: ((id >= 5551929) AND (id <= 5552928))
	        ->  Bitmap Index Scan on sbtest6_pkey  (cost=0.00..30.14 rows=970 width=0)
	              Index Cond: ((id >= 5551929) AND (id <= 5552928))

table 7 : explain SELECT c FROM sbtest7 WHERE id BETWEEN 2944931 AND 2945930 ORDER BY c
	Sort  (cost=4425.95..4428.78 rows=1130 width=121)
	  Sort Key: c
	  ->  Bitmap Heap Scan on sbtest7  (cost=36.02..4368.65 rows=1130 width=121)
	        Recheck Cond: ((id >= 2944931) AND (id <= 2945930))
	        ->  Bitmap Index Scan on sbtest7_pkey  (cost=0.00..35.73 rows=1130 width=0)
	              Index Cond: ((id >= 2944931) AND (id <= 2945930))

table 8 : explain SELECT c FROM sbtest8 WHERE id BETWEEN 4088193 AND 4089192 ORDER BY c
	Sort  (cost=3928.59..3931.09 rows=1001 width=121)
	  Sort Key: c
	  ->  Bitmap Heap Scan on sbtest8  (cost=30.70..3878.70 rows=1001 width=121)
	        Recheck Cond: ((id >= 4088193) AND (id <= 4089192))
	        ->  Bitmap Index Scan on sbtest8_pkey  (cost=0.00..30.44 rows=1001 width=0)
	              Index Cond: ((id >= 4088193) AND (id <= 4089192))

for: simple_ranges
table 1 : explain SELECT c FROM sbtest1 WHERE id BETWEEN 8721240 AND 8722239
	Bitmap Heap Scan on sbtest1  (cost=30.11..3663.25 rows=944 width=121)
	  Recheck Cond: ((id >= 8721240) AND (id <= 8722239))
	  ->  Bitmap Index Scan on sbtest1_pkey  (cost=0.00..29.87 rows=944 width=0)
	        Index Cond: ((id >= 8721240) AND (id <= 8722239))

table 2 : explain SELECT c FROM sbtest2 WHERE id BETWEEN 1030546 AND 1031545
	Bitmap Heap Scan on sbtest2  (cost=30.07..3648.19 rows=940 width=121)
	  Recheck Cond: ((id >= 1030546) AND (id <= 1031545))
	  ->  Bitmap Index Scan on sbtest2_pkey  (cost=0.00..29.83 rows=940 width=0)
	        Index Cond: ((id >= 1030546) AND (id <= 1031545))

table 3 : explain SELECT c FROM sbtest3 WHERE id BETWEEN 1248478 AND 1249477
	Bitmap Heap Scan on sbtest3  (cost=30.70..3878.42 rows=1001 width=121)
	  Recheck Cond: ((id >= 1248478) AND (id <= 1249477))
	  ->  Bitmap Index Scan on sbtest3_pkey  (cost=0.00..30.44 rows=1001 width=0)
	        Index Cond: ((id >= 1248478) AND (id <= 1249477))

table 4 : explain SELECT c FROM sbtest4 WHERE id BETWEEN 8466909 AND 8467908
	Bitmap Heap Scan on sbtest4  (cost=29.69..3508.38 rows=903 width=121)
	  Recheck Cond: ((id >= 8466909) AND (id <= 8467908))
	  ->  Bitmap Index Scan on sbtest4_pkey  (cost=0.00..29.46 rows=903 width=0)
	        Index Cond: ((id >= 8466909) AND (id <= 8467908))

table 5 : explain SELECT c FROM sbtest5 WHERE id BETWEEN 6228031 AND 6229030
	Bitmap Heap Scan on sbtest5  (cost=30.80..3916.43 rows=1011 width=121)
	  Recheck Cond: ((id >= 6228031) AND (id <= 6229030))
	  ->  Bitmap Index Scan on sbtest5_pkey  (cost=0.00..30.54 rows=1011 width=0)
	        Index Cond: ((id >= 6228031) AND (id <= 6229030))

table 6 : explain SELECT c FROM sbtest6 WHERE id BETWEEN 4119745 AND 4120744
	Bitmap Heap Scan on sbtest6  (cost=30.04..3636.54 rows=937 width=121)
	  Recheck Cond: ((id >= 4119745) AND (id <= 4120744))
	  ->  Bitmap Index Scan on sbtest6_pkey  (cost=0.00..29.80 rows=937 width=0)
	        Index Cond: ((id >= 4119745) AND (id <= 4120744))

table 7 : explain SELECT c FROM sbtest7 WHERE id BETWEEN 1526006 AND 1527005
	Bitmap Heap Scan on sbtest7  (cost=30.31..3735.19 rows=963 width=121)
	  Recheck Cond: ((id >= 1526006) AND (id <= 1527005))
	  ->  Bitmap Index Scan on sbtest7_pkey  (cost=0.00..30.07 rows=963 width=0)
	        Index Cond: ((id >= 1526006) AND (id <= 1527005))

table 8 : explain SELECT c FROM sbtest8 WHERE id BETWEEN 4446633 AND 4447632
	Bitmap Heap Scan on sbtest8  (cost=30.88..3946.63 rows=1019 width=121)
	  Recheck Cond: ((id >= 4446633) AND (id <= 4447632))
	  ->  Bitmap Index Scan on sbtest8_pkey  (cost=0.00..30.62 rows=1019 width=0)
	        Index Cond: ((id >= 4446633) AND (id <= 4447632))

for: sum_ranges
table 1 : explain SELECT SUM(k) FROM sbtest1 WHERE id BETWEEN 9875538 AND 9876537
	Aggregate  (cost=3926.43..3926.44 rows=1 width=8)
	  ->  Bitmap Heap Scan on sbtest1  (cost=30.82..3923.89 rows=1013 width=4)
	        Recheck Cond: ((id >= 9875538) AND (id <= 9876537))
	        ->  Bitmap Index Scan on sbtest1_pkey  (cost=0.00..30.57 rows=1013 width=0)
	              Index Cond: ((id >= 9875538) AND (id <= 9876537))

table 2 : explain SELECT SUM(k) FROM sbtest2 WHERE id BETWEEN 7991801 AND 7992800
	Aggregate  (cost=4021.08..4021.09 rows=1 width=8)
	  ->  Bitmap Heap Scan on sbtest2  (cost=35.06..4018.49 rows=1037 width=4)
	        Recheck Cond: ((id >= 7991801) AND (id <= 7992800))
	        ->  Bitmap Index Scan on sbtest2_pkey  (cost=0.00..34.81 rows=1037 width=0)
	              Index Cond: ((id >= 7991801) AND (id <= 7992800))

table 3 : explain SELECT SUM(k) FROM sbtest3 WHERE id BETWEEN 3590132 AND 3591131
	Aggregate  (cost=4035.67..4035.68 rows=1 width=8)
	  ->  Bitmap Heap Scan on sbtest3  (cost=31.12..4033.06 rows=1042 width=4)
	        Recheck Cond: ((id >= 3590132) AND (id <= 3591131))
	        ->  Bitmap Index Scan on sbtest3_pkey  (cost=0.00..30.86 rows=1042 width=0)
	              Index Cond: ((id >= 3590132) AND (id <= 3591131))

table 4 : explain SELECT SUM(k) FROM sbtest4 WHERE id BETWEEN 3711086 AND 3712085
	Aggregate  (cost=4285.19..4285.20 rows=1 width=8)
	  ->  Bitmap Heap Scan on sbtest4  (cost=35.78..4282.43 rows=1107 width=4)
	        Recheck Cond: ((id >= 3711086) AND (id <= 3712085))
	        ->  Bitmap Index Scan on sbtest4_pkey  (cost=0.00..35.51 rows=1107 width=0)
	              Index Cond: ((id >= 3711086) AND (id <= 3712085))

table 5 : explain SELECT SUM(k) FROM sbtest5 WHERE id BETWEEN 7126092 AND 7127091
	Aggregate  (cost=3960.49..3960.50 rows=1 width=8)
	  ->  Bitmap Heap Scan on sbtest5  (cost=30.91..3957.93 rows=1022 width=4)
	        Recheck Cond: ((id >= 7126092) AND (id <= 7127091))
	        ->  Bitmap Index Scan on sbtest5_pkey  (cost=0.00..30.65 rows=1022 width=0)
	              Index Cond: ((id >= 7126092) AND (id <= 7127091))

table 6 : explain SELECT SUM(k) FROM sbtest6 WHERE id BETWEEN 6128860 AND 6129859
	Aggregate  (cost=3790.18..3790.19 rows=1 width=8)
	  ->  Bitmap Heap Scan on sbtest6  (cost=30.45..3787.73 rows=977 width=4)
	        Recheck Cond: ((id >= 6128860) AND (id <= 6129859))
	        ->  Bitmap Index Scan on sbtest6_pkey  (cost=0.00..30.20 rows=977 width=0)
	              Index Cond: ((id >= 6128860) AND (id <= 6129859))

table 7 : explain SELECT SUM(k) FROM sbtest7 WHERE id BETWEEN 9658228 AND 9659227
	Aggregate  (cost=3956.75..3956.76 rows=1 width=8)
	  ->  Bitmap Heap Scan on sbtest7  (cost=30.90..3954.19 rows=1021 width=4)
	        Recheck Cond: ((id >= 9658228) AND (id <= 9659227))
	        ->  Bitmap Index Scan on sbtest7_pkey  (cost=0.00..30.64 rows=1021 width=0)
	              Index Cond: ((id >= 9658228) AND (id <= 9659227))

table 8 : explain SELECT SUM(k) FROM sbtest8 WHERE id BETWEEN 2330909 AND 2331908
	Aggregate  (cost=3918.97..3918.98 rows=1 width=8)
	  ->  Bitmap Heap Scan on sbtest8  (cost=30.80..3916.44 rows=1011 width=4)
	        Recheck Cond: ((id >= 2330909) AND (id <= 2331908))
	        ->  Bitmap Index Scan on sbtest8_pkey  (cost=0.00..30.54 rows=1011 width=0)
	              Index Cond: ((id >= 2330909) AND (id <= 2331908))

explain: for point_selects :: explain SELECT c FROM sbtest%u WHERE id=%u
for: sum_ranges
table 1 : explain SELECT SUM(k) FROM sbtest1 WHERE id BETWEEN 5228675 AND 5229674
	Aggregate  (cost=3756.40..3756.41 rows=1 width=8)
	  ->  Bitmap Heap Scan on sbtest1  (cost=30.36..3753.98 rows=968 width=4)
	        Recheck Cond: ((id >= 5228675) AND (id <= 5229674))
	        ->  Bitmap Index Scan on sbtest1_pkey  (cost=0.00..30.11 rows=968 width=0)
	              Index Cond: ((id >= 5228675) AND (id <= 5229674))

table 2 : explain SELECT SUM(k) FROM sbtest2 WHERE id BETWEEN 9318671 AND 9319670
	Aggregate  (cost=4205.80..4205.81 rows=1 width=8)
	  ->  Bitmap Heap Scan on sbtest2  (cost=35.57..4203.08 rows=1086 width=4)
	        Recheck Cond: ((id >= 9318671) AND (id <= 9319670))
	        ->  Bitmap Index Scan on sbtest2_pkey  (cost=0.00..35.30 rows=1086 width=0)
	              Index Cond: ((id >= 9318671) AND (id <= 9319670))

table 3 : explain SELECT SUM(k) FROM sbtest3 WHERE id BETWEEN 6311017 AND 6312016
	Aggregate  (cost=4239.40..4239.41 rows=1 width=8)
	  ->  Bitmap Heap Scan on sbtest3  (cost=35.66..4236.66 rows=1095 width=4)
	        Recheck Cond: ((id >= 6311017) AND (id <= 6312016))
	        ->  Bitmap Index Scan on sbtest3_pkey  (cost=0.00..35.39 rows=1095 width=0)
	              Index Cond: ((id >= 6311017) AND (id <= 6312016))

table 4 : explain SELECT SUM(k) FROM sbtest4 WHERE id BETWEEN 340261 AND 341260
	Aggregate  (cost=4032.46..4032.47 rows=1 width=8)
	  ->  Bitmap Heap Scan on sbtest4  (cost=31.11..4029.86 rows=1041 width=4)
	        Recheck Cond: ((id >= 340261) AND (id <= 341260))
	        ->  Bitmap Index Scan on sbtest4_pkey  (cost=0.00..30.84 rows=1041 width=0)
	              Index Cond: ((id >= 340261) AND (id <= 341260))

table 5 : explain SELECT SUM(k) FROM sbtest5 WHERE id BETWEEN 7035966 AND 7036965
	Aggregate  (cost=4054.82..4054.83 rows=1 width=8)
	  ->  Bitmap Heap Scan on sbtest5  (cost=31.17..4052.20 rows=1047 width=4)
	        Recheck Cond: ((id >= 7035966) AND (id <= 7036965))
	        ->  Bitmap Index Scan on sbtest5_pkey  (cost=0.00..30.90 rows=1047 width=0)
	              Index Cond: ((id >= 7035966) AND (id <= 7036965))

table 6 : explain SELECT SUM(k) FROM sbtest6 WHERE id BETWEEN 8213879 AND 8214878
	Aggregate  (cost=3665.37..3665.38 rows=1 width=8)
	  ->  Bitmap Heap Scan on sbtest6  (cost=30.11..3663.01 rows=944 width=4)
	        Recheck Cond: ((id >= 8213879) AND (id <= 8214878))
	        ->  Bitmap Index Scan on sbtest6_pkey  (cost=0.00..29.87 rows=944 width=0)
	              Index Cond: ((id >= 8213879) AND (id <= 8214878))

table 7 : explain SELECT SUM(k) FROM sbtest7 WHERE id BETWEEN 1352153 AND 1353152
	Aggregate  (cost=4058.85..4058.86 rows=1 width=8)
	  ->  Bitmap Heap Scan on sbtest7  (cost=35.17..4056.23 rows=1047 width=4)
	        Recheck Cond: ((id >= 1352153) AND (id <= 1353152))
	        ->  Bitmap Index Scan on sbtest7_pkey  (cost=0.00..34.91 rows=1047 width=0)
	              Index Cond: ((id >= 1352153) AND (id <= 1353152))

table 8 : explain SELECT SUM(k) FROM sbtest8 WHERE id BETWEEN 8720153 AND 8721152
	Aggregate  (cost=4021.11..4021.12 rows=1 width=8)
	  ->  Bitmap Heap Scan on sbtest8  (cost=35.06..4018.51 rows=1037 width=4)
	        Recheck Cond: ((id >= 8720153) AND (id <= 8721152))
	        ->  Bitmap Index Scan on sbtest8_pkey  (cost=0.00..34.81 rows=1037 width=0)
	              Index Cond: ((id >= 8720153) AND (id <= 8721152))

explain: for point_selects :: explain SELECT c FROM sbtest%u WHERE id=%u
for: distinct_ranges
table 1 : explain SELECT DISTINCT c FROM sbtest1 WHERE id BETWEEN 5271079 AND 5272078 ORDER BY c
	Unique  (cost=3801.98..3806.82 rows=968 width=121)
	  ->  Sort  (cost=3801.98..3804.40 rows=968 width=121)
	        Sort Key: c
	        ->  Bitmap Heap Scan on sbtest1  (cost=30.36..3753.98 rows=968 width=121)
	              Recheck Cond: ((id >= 5271079) AND (id <= 5272078))
	              ->  Bitmap Index Scan on sbtest1_pkey  (cost=0.00..30.11 rows=968 width=0)
	                    Index Cond: ((id >= 5271079) AND (id <= 5272078))

table 2 : explain SELECT DISTINCT c FROM sbtest2 WHERE id BETWEEN 8099729 AND 8100728 ORDER BY c
	Unique  (cost=3986.03..3991.11 rows=1016 width=121)
	  ->  Sort  (cost=3986.03..3988.57 rows=1016 width=121)
	        Sort Key: c
	        ->  Bitmap Heap Scan on sbtest2  (cost=30.85..3935.28 rows=1016 width=121)
	              Recheck Cond: ((id >= 8099729) AND (id <= 8100728))
	              ->  Bitmap Index Scan on sbtest2_pkey  (cost=0.00..30.59 rows=1016 width=0)
	                    Index Cond: ((id >= 8099729) AND (id <= 8100728))

table 3 : explain SELECT DISTINCT c FROM sbtest3 WHERE id BETWEEN 8614858 AND 8615857 ORDER BY c
	Unique  (cost=4127.55..4132.81 rows=1052 width=121)
	  ->  Sort  (cost=4127.55..4130.18 rows=1052 width=121)
	        Sort Key: c
	        ->  Bitmap Heap Scan on sbtest3  (cost=35.22..4074.75 rows=1052 width=121)
	              Recheck Cond: ((id >= 8614858) AND (id <= 8615857))
	              ->  Bitmap Index Scan on sbtest3_pkey  (cost=0.00..34.95 rows=1052 width=0)
	                    Index Cond: ((id >= 8614858) AND (id <= 8615857))

table 4 : explain SELECT DISTINCT c FROM sbtest4 WHERE id BETWEEN 7541911 AND 7542910 ORDER BY c
	Unique  (cost=4047.58..4052.74 rows=1032 width=121)
	  ->  Sort  (cost=4047.58..4050.16 rows=1032 width=121)
	        Sort Key: c
	        ->  Bitmap Heap Scan on sbtest4  (cost=31.01..3995.92 rows=1032 width=121)
	              Recheck Cond: ((id >= 7541911) AND (id <= 7542910))
	              ->  Bitmap Index Scan on sbtest4_pkey  (cost=0.00..30.75 rows=1032 width=0)
	                    Index Cond: ((id >= 7541911) AND (id <= 7542910))

table 5 : explain SELECT DISTINCT c FROM sbtest5 WHERE id BETWEEN 3998887 AND 3999886 ORDER BY c
	Unique  (cost=3905.59..3910.56 rows=995 width=121)
	  ->  Sort  (cost=3905.59..3908.07 rows=995 width=121)
	        Sort Key: c
	        ->  Bitmap Heap Scan on sbtest5  (cost=30.63..3856.04 rows=995 width=121)
	              Recheck Cond: ((id >= 3998887) AND (id <= 3999886))
	              ->  Bitmap Index Scan on sbtest5_pkey  (cost=0.00..30.39 rows=995 width=0)
	                    Index Cond: ((id >= 3998887) AND (id <= 3999886))

table 6 : explain SELECT DISTINCT c FROM sbtest6 WHERE id BETWEEN 2467601 AND 2468600 ORDER BY c
	Unique  (cost=3866.92..3871.85 rows=985 width=121)
	  ->  Sort  (cost=3866.92..3869.38 rows=985 width=121)
	        Sort Key: c
	        ->  Bitmap Heap Scan on sbtest6  (cost=30.53..3817.95 rows=985 width=121)
	              Recheck Cond: ((id >= 2467601) AND (id <= 2468600))
	              ->  Bitmap Index Scan on sbtest6_pkey  (cost=0.00..30.29 rows=985 width=0)
	                    Index Cond: ((id >= 2467601) AND (id <= 2468600))

table 7 : explain SELECT DISTINCT c FROM sbtest7 WHERE id BETWEEN 7020006 AND 7021005 ORDER BY c
	Unique  (cost=3993.73..3998.82 rows=1018 width=121)
	  ->  Sort  (cost=3993.73..3996.28 rows=1018 width=121)
	        Sort Key: c
	        ->  Bitmap Heap Scan on sbtest7  (cost=30.87..3942.88 rows=1018 width=121)
	              Recheck Cond: ((id >= 7020006) AND (id <= 7021005))
	              ->  Bitmap Index Scan on sbtest7_pkey  (cost=0.00..30.61 rows=1018 width=0)
	                    Index Cond: ((id >= 7020006) AND (id <= 7021005))

table 8 : explain SELECT DISTINCT c FROM sbtest8 WHERE id BETWEEN 5858744 AND 5859743 ORDER BY c
	Unique  (cost=3993.71..3998.80 rows=1018 width=121)
	  ->  Sort  (cost=3993.71..3996.26 rows=1018 width=121)
	        Sort Key: c
	        ->  Bitmap Heap Scan on sbtest8  (cost=30.87..3942.86 rows=1018 width=121)
	              Recheck Cond: ((id >= 5858744) AND (id <= 5859743))
	              ->  Bitmap Index Scan on sbtest8_pkey  (cost=0.00..30.61 rows=1018 width=0)
	                    Index Cond: ((id >= 5858744) AND (id <= 5859743))

for point_selects
table 1 : explain SELECT c FROM sbtest1 WHERE id=4087214
	Index Scan using sbtest1_pkey on sbtest1  (cost=0.43..8.45 rows=1 width=121)
	  Index Cond: (id = 4087214)

table 2 : explain SELECT c FROM sbtest2 WHERE id=6202472
	Index Scan using sbtest2_pkey on sbtest2  (cost=0.43..8.45 rows=1 width=121)
	  Index Cond: (id = 6202472)

table 3 : explain SELECT c FROM sbtest3 WHERE id=3502355
	Index Scan using sbtest3_pkey on sbtest3  (cost=0.43..8.45 rows=1 width=121)
	  Index Cond: (id = 3502355)

table 4 : explain SELECT c FROM sbtest4 WHERE id=1625307
	Index Scan using sbtest4_pkey on sbtest4  (cost=0.43..8.45 rows=1 width=121)
	  Index Cond: (id = 1625307)

table 5 : explain SELECT c FROM sbtest5 WHERE id=5641054
	Index Scan using sbtest5_pkey on sbtest5  (cost=0.43..8.45 rows=1 width=121)
	  Index Cond: (id = 5641054)

table 6 : explain SELECT c FROM sbtest6 WHERE id=7349726
	Index Scan using sbtest6_pkey on sbtest6  (cost=0.43..8.45 rows=1 width=121)
	  Index Cond: (id = 7349726)

table 7 : explain SELECT c FROM sbtest7 WHERE id=72666
	Index Scan using sbtest7_pkey on sbtest7  (cost=0.43..8.45 rows=1 width=121)
	  Index Cond: (id = 72666)

table 8 : explain SELECT c FROM sbtest8 WHERE id=7752019
	Index Scan using sbtest8_pkey on sbtest8  (cost=0.43..8.45 rows=1 width=121)
	  Index Cond: (id = 7752019)

for point_selects
table 1 : explain SELECT c FROM sbtest1 WHERE id=5904415
	Index Scan using sbtest1_pkey on sbtest1  (cost=0.43..8.45 rows=1 width=121)
	  Index Cond: (id = 5904415)

table 2 : explain SELECT c FROM sbtest2 WHERE id=8573609
	Index Scan using sbtest2_pkey on sbtest2  (cost=0.43..8.45 rows=1 width=121)
	  Index Cond: (id = 8573609)

table 3 : explain SELECT c FROM sbtest3 WHERE id=9736876
	Index Scan using sbtest3_pkey on sbtest3  (cost=0.43..8.45 rows=1 width=121)
	  Index Cond: (id = 9736876)

table 4 : explain SELECT c FROM sbtest4 WHERE id=4088332
	Index Scan using sbtest4_pkey on sbtest4  (cost=0.43..8.45 rows=1 width=121)
	  Index Cond: (id = 4088332)

table 5 : explain SELECT c FROM sbtest5 WHERE id=8663844
	Index Scan using sbtest5_pkey on sbtest5  (cost=0.43..8.45 rows=1 width=121)
	  Index Cond: (id = 8663844)

table 6 : explain SELECT c FROM sbtest6 WHERE id=8968554
	Index Scan using sbtest6_pkey on sbtest6  (cost=0.43..8.45 rows=1 width=121)
	  Index Cond: (id = 8968554)

table 7 : explain SELECT c FROM sbtest7 WHERE id=9962554
	Index Scan using sbtest7_pkey on sbtest7  (cost=0.43..8.45 rows=1 width=121)
	  Index Cond: (id = 9962554)

table 8 : explain SELECT c FROM sbtest8 WHERE id=8697291
	Index Scan using sbtest8_pkey on sbtest8  (cost=0.43..8.45 rows=1 width=121)
	  Index Cond: (id = 8697291)

for: sum_ranges
table 1 : explain SELECT SUM(k) FROM sbtest1 WHERE id BETWEEN 8111284 AND 8112283
	Aggregate  (cost=3858.44..3858.45 rows=1 width=8)
	  ->  Bitmap Heap Scan on sbtest1  (cost=30.63..3855.96 rows=995 width=4)
	        Recheck Cond: ((id >= 8111284) AND (id <= 8112283))
	        ->  Bitmap Index Scan on sbtest1_pkey  (cost=0.00..30.39 rows=995 width=0)
	              Index Cond: ((id >= 8111284) AND (id <= 8112283))

table 2 : explain SELECT SUM(k) FROM sbtest2 WHERE id BETWEEN 9488 AND 10487
	Aggregate  (cost=3578.60..3578.61 rows=1 width=8)
	  ->  Bitmap Heap Scan on sbtest2  (cost=29.88..3576.29 rows=921 width=4)
	        Recheck Cond: ((id >= 9488) AND (id <= 10487))
	        ->  Bitmap Index Scan on sbtest2_pkey  (cost=0.00..29.64 rows=921 width=0)
	              Index Cond: ((id >= 9488) AND (id <= 10487))

table 3 : explain SELECT SUM(k) FROM sbtest3 WHERE id BETWEEN 2019236 AND 2020235
	Aggregate  (cost=3850.70..3850.71 rows=1 width=8)
	  ->  Bitmap Heap Scan on sbtest3  (cost=30.61..3848.22 rows=993 width=4)
	        Recheck Cond: ((id >= 2019236) AND (id <= 2020235))
	        ->  Bitmap Index Scan on sbtest3_pkey  (cost=0.00..30.36 rows=993 width=0)
	              Index Cond: ((id >= 2019236) AND (id <= 2020235))

table 4 : explain SELECT SUM(k) FROM sbtest4 WHERE id BETWEEN 1374828 AND 1375827
	Aggregate  (cost=3601.57..3601.58 rows=1 width=8)
	  ->  Bitmap Heap Scan on sbtest4  (cost=29.94..3599.25 rows=927 width=4)
	        Recheck Cond: ((id >= 1374828) AND (id <= 1375827))
	        ->  Bitmap Index Scan on sbtest4_pkey  (cost=0.00..29.70 rows=927 width=0)
	              Index Cond: ((id >= 1374828) AND (id <= 1375827))

table 5 : explain SELECT SUM(k) FROM sbtest5 WHERE id BETWEEN 3663175 AND 3664174
	Aggregate  (cost=3824.52..3824.53 rows=1 width=8)
	  ->  Bitmap Heap Scan on sbtest5  (cost=30.54..3822.06 rows=986 width=4)
	        Recheck Cond: ((id >= 3663175) AND (id <= 3664174))
	        ->  Bitmap Index Scan on sbtest5_pkey  (cost=0.00..30.29 rows=986 width=0)
	              Index Cond: ((id >= 3663175) AND (id <= 3664174))

table 6 : explain SELECT SUM(k) FROM sbtest6 WHERE id BETWEEN 9736964 AND 9737963
	Aggregate  (cost=4209.19..4209.20 rows=1 width=8)
	  ->  Bitmap Heap Scan on sbtest6  (cost=35.58..4206.47 rows=1087 width=4)
	        Recheck Cond: ((id >= 9736964) AND (id <= 9737963))
	        ->  Bitmap Index Scan on sbtest6_pkey  (cost=0.00..35.31 rows=1087 width=0)
	              Index Cond: ((id >= 9736964) AND (id <= 9737963))

table 7 : explain SELECT SUM(k) FROM sbtest7 WHERE id BETWEEN 3160714 AND 3161713
	Aggregate  (cost=3502.86..3502.87 rows=1 width=8)
	  ->  Bitmap Heap Scan on sbtest7  (cost=29.67..3500.61 rows=901 width=4)
	        Recheck Cond: ((id >= 3160714) AND (id <= 3161713))
	        ->  Bitmap Index Scan on sbtest7_pkey  (cost=0.00..29.44 rows=901 width=0)
	              Index Cond: ((id >= 3160714) AND (id <= 3161713))

table 8 : explain SELECT SUM(k) FROM sbtest8 WHERE id BETWEEN 7227364 AND 7228363
	Aggregate  (cost=4311.25..4311.26 rows=1 width=8)
	  ->  Bitmap Heap Scan on sbtest8  (cost=35.85..4308.46 rows=1114 width=4)
	        Recheck Cond: ((id >= 7227364) AND (id <= 7228363))
	        ->  Bitmap Index Scan on sbtest8_pkey  (cost=0.00..35.58 rows=1114 width=0)
	              Index Cond: ((id >= 7227364) AND (id <= 7228363))

for: order_ranges
table 1 : explain SELECT c FROM sbtest1 WHERE id BETWEEN 851824 AND 852823 ORDER BY c
	Sort  (cost=3844.17..3846.62 rows=979 width=121)
	  Sort Key: c
	  ->  Bitmap Heap Scan on sbtest1  (cost=30.47..3795.53 rows=979 width=121)
	        Recheck Cond: ((id >= 851824) AND (id <= 852823))
	        ->  Bitmap Index Scan on sbtest1_pkey  (cost=0.00..30.22 rows=979 width=0)
	              Index Cond: ((id >= 851824) AND (id <= 852823))

table 2 : explain SELECT c FROM sbtest2 WHERE id BETWEEN 3354959 AND 3355958 ORDER BY c
	Sort  (cost=4085.74..4088.34 rows=1041 width=121)
	  Sort Key: c
	  ->  Bitmap Heap Scan on sbtest2  (cost=35.11..4033.57 rows=1041 width=121)
	        Recheck Cond: ((id >= 3354959) AND (id <= 3355958))
	        ->  Bitmap Index Scan on sbtest2_pkey  (cost=0.00..34.84 rows=1041 width=0)
	              Index Cond: ((id >= 3354959) AND (id <= 3355958))

table 3 : explain SELECT c FROM sbtest3 WHERE id BETWEEN 4513298 AND 4514297 ORDER BY c
	Sort  (cost=3905.31..3907.80 rows=995 width=121)
	  Sort Key: c
	  ->  Bitmap Heap Scan on sbtest3  (cost=30.63..3855.77 rows=995 width=121)
	        Recheck Cond: ((id >= 4513298) AND (id <= 4514297))
	        ->  Bitmap Index Scan on sbtest3_pkey  (cost=0.00..30.39 rows=995 width=0)
	              Index Cond: ((id >= 4513298) AND (id <= 4514297))

table 4 : explain SELECT c FROM sbtest4 WHERE id BETWEEN 1855178 AND 1856177 ORDER BY c
	Sort  (cost=3836.83..3839.28 rows=977 width=121)
	  Sort Key: c
	  ->  Bitmap Heap Scan on sbtest4  (cost=30.45..3788.32 rows=977 width=121)
	        Recheck Cond: ((id >= 1855178) AND (id <= 1856177))
	        ->  Bitmap Index Scan on sbtest4_pkey  (cost=0.00..30.20 rows=977 width=0)
	              Index Cond: ((id >= 1855178) AND (id <= 1856177))

table 5 : explain SELECT c FROM sbtest5 WHERE id BETWEEN 1272950 AND 1273949 ORDER BY c
	Sort  (cost=4009.02..4011.57 rows=1022 width=121)
	  Sort Key: c
	  ->  Bitmap Heap Scan on sbtest5  (cost=30.91..3957.93 rows=1022 width=121)
	        Recheck Cond: ((id >= 1272950) AND (id <= 1273949))
	        ->  Bitmap Index Scan on sbtest5_pkey  (cost=0.00..30.65 rows=1022 width=0)
	              Index Cond: ((id >= 1272950) AND (id <= 1273949))

table 6 : explain SELECT c FROM sbtest6 WHERE id BETWEEN 9334633 AND 9335632 ORDER BY c
	Sort  (cost=3602.15..3604.44 rows=916 width=121)
	  Sort Key: c
	  ->  Bitmap Heap Scan on sbtest6  (cost=29.82..3557.08 rows=916 width=121)
	        Recheck Cond: ((id >= 9334633) AND (id <= 9335632))
	        ->  Bitmap Index Scan on sbtest6_pkey  (cost=0.00..29.59 rows=916 width=0)
	              Index Cond: ((id >= 9334633) AND (id <= 9335632))

table 7 : explain SELECT c FROM sbtest7 WHERE id BETWEEN 8194045 AND 8195044 ORDER BY c
	Sort  (cost=4124.05..4126.68 rows=1051 width=121)
	  Sort Key: c
	  ->  Bitmap Heap Scan on sbtest7  (cost=35.21..4071.31 rows=1051 width=121)
	        Recheck Cond: ((id >= 8194045) AND (id <= 8195044))
	        ->  Bitmap Index Scan on sbtest7_pkey  (cost=0.00..34.95 rows=1051 width=0)
	              Index Cond: ((id >= 8194045) AND (id <= 8195044))

table 8 : explain SELECT c FROM sbtest8 WHERE id BETWEEN 3498037 AND 3499036 ORDER BY c
	Sort  (cost=3740.69..3743.07 rows=952 width=121)
	  Sort Key: c
	  ->  Bitmap Heap Scan on sbtest8  (cost=30.19..3693.59 rows=952 width=121)
	        Recheck Cond: ((id >= 3498037) AND (id <= 3499036))
	        ->  Bitmap Index Scan on sbtest8_pkey  (cost=0.00..29.95 rows=952 width=0)
	              Index Cond: ((id >= 3498037) AND (id <= 3499036))

for point_selects
table 1 : explain SELECT c FROM sbtest1 WHERE id=559092
	Index Scan using sbtest1_pkey on sbtest1  (cost=0.43..8.45 rows=1 width=121)
	  Index Cond: (id = 559092)

table 2 : explain SELECT c FROM sbtest2 WHERE id=9065980
	Index Scan using sbtest2_pkey on sbtest2  (cost=0.43..8.45 rows=1 width=121)
	  Index Cond: (id = 9065980)

table 3 : explain SELECT c FROM sbtest3 WHERE id=5873009
	Index Scan using sbtest3_pkey on sbtest3  (cost=0.43..8.45 rows=1 width=121)
	  Index Cond: (id = 5873009)

table 4 : explain SELECT c FROM sbtest4 WHERE id=3801180
	Index Scan using sbtest4_pkey on sbtest4  (cost=0.43..8.45 rows=1 width=121)
	  Index Cond: (id = 3801180)

table 5 : explain SELECT c FROM sbtest5 WHERE id=9035391
	Index Scan using sbtest5_pkey on sbtest5  (cost=0.43..8.45 rows=1 width=121)
	  Index Cond: (id = 9035391)

table 6 : explain SELECT c FROM sbtest6 WHERE id=2002538
	Index Scan using sbtest6_pkey on sbtest6  (cost=0.43..8.45 rows=1 width=121)
	  Index Cond: (id = 2002538)

table 7 : explain SELECT c FROM sbtest7 WHERE id=3823132
	Index Scan using sbtest7_pkey on sbtest7  (cost=0.43..8.45 rows=1 width=121)
	  Index Cond: (id = 3823132)

table 8 : explain SELECT c FROM sbtest8 WHERE id=4254763
	Index Scan using sbtest8_pkey on sbtest8  (cost=0.43..8.45 rows=1 width=121)
	  Index Cond: (id = 4254763)

for point_selects
table 1 : explain SELECT c FROM sbtest1 WHERE id=9721781
	Index Scan using sbtest1_pkey on sbtest1  (cost=0.43..8.45 rows=1 width=121)
	  Index Cond: (id = 9721781)

table 2 : explain SELECT c FROM sbtest2 WHERE id=7655087
	Index Scan using sbtest2_pkey on sbtest2  (cost=0.43..8.45 rows=1 width=121)
	  Index Cond: (id = 7655087)

table 3 : explain SELECT c FROM sbtest3 WHERE id=2690829
	Index Scan using sbtest3_pkey on sbtest3  (cost=0.43..8.45 rows=1 width=121)
	  Index Cond: (id = 2690829)

table 4 : explain SELECT c FROM sbtest4 WHERE id=2571875
	Index Scan using sbtest4_pkey on sbtest4  (cost=0.43..8.45 rows=1 width=121)
	  Index Cond: (id = 2571875)

table 5 : explain SELECT c FROM sbtest5 WHERE id=1108013
	Index Scan using sbtest5_pkey on sbtest5  (cost=0.43..8.45 rows=1 width=121)
	  Index Cond: (id = 1108013)

table 6 : explain SELECT c FROM sbtest6 WHERE id=4252922
	Index Scan using sbtest6_pkey on sbtest6  (cost=0.43..8.45 rows=1 width=121)
	  Index Cond: (id = 4252922)

table 7 : explain SELECT c FROM sbtest7 WHERE id=3652111
	Index Scan using sbtest7_pkey on sbtest7  (cost=0.43..8.45 rows=1 width=121)
	  Index Cond: (id = 3652111)

table 8 : explain SELECT c FROM sbtest8 WHERE id=3469761
	Index Scan using sbtest8_pkey on sbtest8  (cost=0.43..8.45 rows=1 width=121)
	  Index Cond: (id = 3469761)

for: simple_ranges
table 1 : explain SELECT c FROM sbtest1 WHERE id BETWEEN 8581229 AND 8582228
	Bitmap Heap Scan on sbtest1  (cost=30.43..3780.42 rows=975 width=121)
	  Recheck Cond: ((id >= 8581229) AND (id <= 8582228))
	  ->  Bitmap Index Scan on sbtest1_pkey  (cost=0.00..30.18 rows=975 width=0)
	        Index Cond: ((id >= 8581229) AND (id <= 8582228))

table 2 : explain SELECT c FROM sbtest2 WHERE id BETWEEN 1575123 AND 1576122
	Bitmap Heap Scan on sbtest2  (cost=30.38..3761.60 rows=970 width=121)
	  Recheck Cond: ((id >= 1575123) AND (id <= 1576122))
	  ->  Bitmap Index Scan on sbtest2_pkey  (cost=0.00..30.14 rows=970 width=0)
	        Index Cond: ((id >= 1575123) AND (id <= 1576122))

table 3 : explain SELECT c FROM sbtest3 WHERE id BETWEEN 1480690 AND 1481689
	Bitmap Heap Scan on sbtest3  (cost=35.20..4067.21 rows=1050 width=121)
	  Recheck Cond: ((id >= 1480690) AND (id <= 1481689))
	  ->  Bitmap Index Scan on sbtest3_pkey  (cost=0.00..34.94 rows=1050 width=0)
	        Index Cond: ((id >= 1480690) AND (id <= 1481689))

table 4 : explain SELECT c FROM sbtest4 WHERE id BETWEEN 1570480 AND 1571479
	Bitmap Heap Scan on sbtest4  (cost=30.42..3776.98 rows=974 width=121)
	  Recheck Cond: ((id >= 1570480) AND (id <= 1571479))
	  ->  Bitmap Index Scan on sbtest4_pkey  (cost=0.00..30.18 rows=974 width=0)
	        Index Cond: ((id >= 1570480) AND (id <= 1571479))

table 5 : explain SELECT c FROM sbtest5 WHERE id BETWEEN 6297425 AND 6298424
	Bitmap Heap Scan on sbtest5  (cost=30.80..3916.43 rows=1011 width=121)
	  Recheck Cond: ((id >= 6297425) AND (id <= 6298424))
	  ->  Bitmap Index Scan on sbtest5_pkey  (cost=0.00..30.54 rows=1011 width=0)
	        Index Cond: ((id >= 6297425) AND (id <= 6298424))

table 6 : explain SELECT c FROM sbtest6 WHERE id BETWEEN 6573044 AND 6574043
	Bitmap Heap Scan on sbtest6  (cost=30.77..3904.77 rows=1008 width=121)
	  Recheck Cond: ((id >= 6573044) AND (id <= 6574043))
	  ->  Bitmap Index Scan on sbtest6_pkey  (cost=0.00..30.51 rows=1008 width=0)
	        Index Cond: ((id >= 6573044) AND (id <= 6574043))

table 7 : explain SELECT c FROM sbtest7 WHERE id BETWEEN 1073779 AND 1074778
	Bitmap Heap Scan on sbtest7  (cost=29.89..3580.12 rows=922 width=121)
	  Recheck Cond: ((id >= 1073779) AND (id <= 1074778))
	  ->  Bitmap Index Scan on sbtest7_pkey  (cost=0.00..29.65 rows=922 width=0)
	        Index Cond: ((id >= 1073779) AND (id <= 1074778))

table 8 : explain SELECT c FROM sbtest8 WHERE id BETWEEN 711978 AND 712977
	Bitmap Heap Scan on sbtest8  (cost=30.62..3852.28 rows=994 width=121)
	  Recheck Cond: ((id >= 711978) AND (id <= 712977))
	  ->  Bitmap Index Scan on sbtest8_pkey  (cost=0.00..30.37 rows=994 width=0)
	        Index Cond: ((id >= 711978) AND (id <= 712977))

explain: for point_selects :: explain SELECT c FROM sbtest%u WHERE id=%u
explain: for point_selects :: explain SELECT c FROM sbtest%u WHERE id=%u
for point_selects
table 1 : explain SELECT c FROM sbtest1 WHERE id=3770881
	Index Scan using sbtest1_pkey on sbtest1  (cost=0.43..8.45 rows=1 width=121)
	  Index Cond: (id = 3770881)

table 2 : explain SELECT c FROM sbtest2 WHERE id=3298146
	Index Scan using sbtest2_pkey on sbtest2  (cost=0.43..8.45 rows=1 width=121)
	  Index Cond: (id = 3298146)

table 3 : explain SELECT c FROM sbtest3 WHERE id=5028625
	Index Scan using sbtest3_pkey on sbtest3  (cost=0.43..8.45 rows=1 width=121)
	  Index Cond: (id = 5028625)

table 4 : explain SELECT c FROM sbtest4 WHERE id=7282048
	Index Scan using sbtest4_pkey on sbtest4  (cost=0.43..8.45 rows=1 width=121)
	  Index Cond: (id = 7282048)

table 5 : explain SELECT c FROM sbtest5 WHERE id=6694763
	Index Scan using sbtest5_pkey on sbtest5  (cost=0.43..8.45 rows=1 width=121)
	  Index Cond: (id = 6694763)

table 6 : explain SELECT c FROM sbtest6 WHERE id=8972893
	Index Scan using sbtest6_pkey on sbtest6  (cost=0.43..8.45 rows=1 width=121)
	  Index Cond: (id = 8972893)

table 7 : explain SELECT c FROM sbtest7 WHERE id=8614110
	Index Scan using sbtest7_pkey on sbtest7  (cost=0.43..8.45 rows=1 width=121)
	  Index Cond: (id = 8614110)

table 8 : explain SELECT c FROM sbtest8 WHERE id=2090862
	Index Scan using sbtest8_pkey on sbtest8  (cost=0.43..8.45 rows=1 width=121)
	  Index Cond: (id = 2090862)

for point_selects
table 1 : explain SELECT c FROM sbtest1 WHERE id=2956778
	Index Scan using sbtest1_pkey on sbtest1  (cost=0.43..8.45 rows=1 width=121)
	  Index Cond: (id = 2956778)

table 2 : explain SELECT c FROM sbtest2 WHERE id=1499624
	Index Scan using sbtest2_pkey on sbtest2  (cost=0.43..8.45 rows=1 width=121)
	  Index Cond: (id = 1499624)

table 3 : explain SELECT c FROM sbtest3 WHERE id=1677133
	Index Scan using sbtest3_pkey on sbtest3  (cost=0.43..8.45 rows=1 width=121)
	  Index Cond: (id = 1677133)

table 4 : explain SELECT c FROM sbtest4 WHERE id=8554613
	Index Scan using sbtest4_pkey on sbtest4  (cost=0.43..8.45 rows=1 width=121)
	  Index Cond: (id = 8554613)

table 5 : explain SELECT c FROM sbtest5 WHERE id=4538780
	Index Scan using sbtest5_pkey on sbtest5  (cost=0.43..8.45 rows=1 width=121)
	  Index Cond: (id = 4538780)

table 6 : explain SELECT c FROM sbtest6 WHERE id=2562453
	Index Scan using sbtest6_pkey on sbtest6  (cost=0.43..8.45 rows=1 width=121)
	  Index Cond: (id = 2562453)

table 7 : explain SELECT c FROM sbtest7 WHERE id=6617112
	Index Scan using sbtest7_pkey on sbtest7  (cost=0.43..8.45 rows=1 width=121)
	  Index Cond: (id = 6617112)

table 8 : explain SELECT c FROM sbtest8 WHERE id=9017093
	Index Scan using sbtest8_pkey on sbtest8  (cost=0.43..8.45 rows=1 width=121)
	  Index Cond: (id = 9017093)

for: order_ranges
table 1 : explain SELECT c FROM sbtest1 WHERE id BETWEEN 5403741 AND 5404740 ORDER BY c
	Sort  (cost=3690.70..3693.05 rows=939 width=121)
	  Sort Key: c
	  ->  Bitmap Heap Scan on sbtest1  (cost=30.06..3644.34 rows=939 width=121)
	        Recheck Cond: ((id >= 5403741) AND (id <= 5404740))
	        ->  Bitmap Index Scan on sbtest1_pkey  (cost=0.00..29.82 rows=939 width=0)
	              Index Cond: ((id >= 5403741) AND (id <= 5404740))

table 2 : explain SELECT c FROM sbtest2 WHERE id BETWEEN 6655082 AND 6656081 ORDER BY c
	Sort  (cost=4219.62..4222.31 rows=1076 width=121)
	  Sort Key: c
	  ->  Bitmap Heap Scan on sbtest2  (cost=35.46..4165.43 rows=1076 width=121)
	        Recheck Cond: ((id >= 6655082) AND (id <= 6656081))
	        ->  Bitmap Index Scan on sbtest2_pkey  (cost=0.00..35.20 rows=1076 width=0)
	              Index Cond: ((id >= 6655082) AND (id <= 6656081))

table 3 : explain SELECT c FROM sbtest3 WHERE id BETWEEN 5500747 AND 5501746 ORDER BY c
	Sort  (cost=4353.05..4355.83 rows=1111 width=121)
	  Sort Key: c
	  ->  Bitmap Heap Scan on sbtest3  (cost=35.82..4296.85 rows=1111 width=121)
	        Recheck Cond: ((id >= 5500747) AND (id <= 5501746))
	        ->  Bitmap Index Scan on sbtest3_pkey  (cost=0.00..35.55 rows=1111 width=0)
	              Index Cond: ((id >= 5500747) AND (id <= 5501746))

table 4 : explain SELECT c FROM sbtest4 WHERE id BETWEEN 3385116 AND 3386115 ORDER BY c
	Sort  (cost=3660.30..3662.62 rows=931 width=121)
	  Sort Key: c
	  ->  Bitmap Heap Scan on sbtest4  (cost=29.98..3614.39 rows=931 width=121)
	        Recheck Cond: ((id >= 3385116) AND (id <= 3386115))
	        ->  Bitmap Index Scan on sbtest4_pkey  (cost=0.00..29.75 rows=931 width=0)
	              Index Cond: ((id >= 3385116) AND (id <= 3386115))

table 5 : explain SELECT c FROM sbtest5 WHERE id BETWEEN 5152260 AND 5153259 ORDER BY c
	Sort  (cost=3786.72..3789.13 rows=964 width=121)
	  Sort Key: c
	  ->  Bitmap Heap Scan on sbtest5  (cost=30.32..3738.94 rows=964 width=121)
	        Recheck Cond: ((id >= 5152260) AND (id <= 5153259))
	        ->  Bitmap Index Scan on sbtest5_pkey  (cost=0.00..30.07 rows=964 width=0)
	              Index Cond: ((id >= 5152260) AND (id <= 5153259))

table 6 : explain SELECT c FROM sbtest6 WHERE id BETWEEN 5714581 AND 5715580 ORDER BY c
	Sort  (cost=3797.90..3800.32 rows=967 width=121)
	  Sort Key: c
	  ->  Bitmap Heap Scan on sbtest6  (cost=30.35..3749.95 rows=967 width=121)
	        Recheck Cond: ((id >= 5714581) AND (id <= 5715580))
	        ->  Bitmap Index Scan on sbtest6_pkey  (cost=0.00..30.11 rows=967 width=0)
	              Index Cond: ((id >= 5714581) AND (id <= 5715580))

table 7 : explain SELECT c FROM sbtest7 WHERE id BETWEEN 6896341 AND 6897340 ORDER BY c
	Sort  (cost=4051.34..4053.92 rows=1032 width=121)
	  Sort Key: c
	  ->  Bitmap Heap Scan on sbtest7  (cost=35.01..3999.68 rows=1032 width=121)
	        Recheck Cond: ((id >= 6896341) AND (id <= 6897340))
	        ->  Bitmap Index Scan on sbtest7_pkey  (cost=0.00..34.76 rows=1032 width=0)
	              Index Cond: ((id >= 6896341) AND (id <= 6897340))

table 8 : explain SELECT c FROM sbtest8 WHERE id BETWEEN 9852901 AND 9853900 ORDER BY c
	Sort  (cost=3867.27..3869.73 rows=985 width=121)
	  Sort Key: c
	  ->  Bitmap Heap Scan on sbtest8  (cost=30.53..3818.29 rows=985 width=121)
	        Recheck Cond: ((id >= 9852901) AND (id <= 9853900))
	        ->  Bitmap Index Scan on sbtest8_pkey  (cost=0.00..30.29 rows=985 width=0)
	              Index Cond: ((id >= 9852901) AND (id <= 9853900))

for: simple_ranges
table 1 : explain SELECT c FROM sbtest1 WHERE id BETWEEN 4344560 AND 4345559
	Bitmap Heap Scan on sbtest1  (cost=30.72..3886.16 rows=1003 width=121)
	  Recheck Cond: ((id >= 4344560) AND (id <= 4345559))
	  ->  Bitmap Index Scan on sbtest1_pkey  (cost=0.00..30.46 rows=1003 width=0)
	        Index Cond: ((id >= 4344560) AND (id <= 4345559))

table 2 : explain SELECT c FROM sbtest2 WHERE id BETWEEN 7476201 AND 7477200
	Bitmap Heap Scan on sbtest2  (cost=35.06..4018.49 rows=1037 width=121)
	  Recheck Cond: ((id >= 7476201) AND (id <= 7477200))
	  ->  Bitmap Index Scan on sbtest2_pkey  (cost=0.00..34.81 rows=1037 width=0)
	        Index Cond: ((id >= 7476201) AND (id <= 7477200))

table 3 : explain SELECT c FROM sbtest3 WHERE id BETWEEN 78943 AND 79942
	Bitmap Heap Scan on sbtest3  (cost=35.57..4202.79 rows=1086 width=121)
	  Recheck Cond: ((id >= 78943) AND (id <= 79942))
	  ->  Bitmap Index Scan on sbtest3_pkey  (cost=0.00..35.30 rows=1086 width=0)
	        Index Cond: ((id >= 78943) AND (id <= 79942))

table 4 : explain SELECT c FROM sbtest4 WHERE id BETWEEN 3731517 AND 3732516
	Bitmap Heap Scan on sbtest4  (cost=35.78..4282.43 rows=1107 width=121)
	  Recheck Cond: ((id >= 3731517) AND (id <= 3732516))
	  ->  Bitmap Index Scan on sbtest4_pkey  (cost=0.00..35.51 rows=1107 width=0)
	        Index Cond: ((id >= 3731517) AND (id <= 3732516))

table 5 : explain SELECT c FROM sbtest5 WHERE id BETWEEN 4016126 AND 4017125
	Bitmap Heap Scan on sbtest5  (cost=30.63..3856.04 rows=995 width=121)
	  Recheck Cond: ((id >= 4016126) AND (id <= 4017125))
	  ->  Bitmap Index Scan on sbtest5_pkey  (cost=0.00..30.39 rows=995 width=0)
	        Index Cond: ((id >= 4016126) AND (id <= 4017125))

table 6 : explain SELECT c FROM sbtest6 WHERE id BETWEEN 6846167 AND 6847166
	Bitmap Heap Scan on sbtest6  (cost=30.75..3897.22 rows=1006 width=121)
	  Recheck Cond: ((id >= 6846167) AND (id <= 6847166))
	  ->  Bitmap Index Scan on sbtest6_pkey  (cost=0.00..30.50 rows=1006 width=0)
	        Index Cond: ((id >= 6846167) AND (id <= 6847166))

table 7 : explain SELECT c FROM sbtest7 WHERE id BETWEEN 1989291 AND 1990290
	Bitmap Heap Scan on sbtest7  (cost=35.63..4225.72 rows=1092 width=121)
	  Recheck Cond: ((id >= 1989291) AND (id <= 1990290))
	  ->  Bitmap Index Scan on sbtest7_pkey  (cost=0.00..35.36 rows=1092 width=0)
	        Index Cond: ((id >= 1989291) AND (id <= 1990290))

table 8 : explain SELECT c FROM sbtest8 WHERE id BETWEEN 7559275 AND 7560274
	Bitmap Heap Scan on sbtest8  (cost=30.71..3882.48 rows=1002 width=121)
	  Recheck Cond: ((id >= 7559275) AND (id <= 7560274))
	  ->  Bitmap Index Scan on sbtest8_pkey  (cost=0.00..30.45 rows=1002 width=0)
	        Index Cond: ((id >= 7559275) AND (id <= 7560274))

for: order_ranges
table 1 : explain SELECT c FROM sbtest1 WHERE id BETWEEN 8249691 AND 8250690 ORDER BY c
	Sort  (cost=4280.69..4283.42 rows=1092 width=121)
	  Sort Key: c
	  ->  Bitmap Heap Scan on sbtest1  (cost=35.63..4225.58 rows=1092 width=121)
	        Recheck Cond: ((id >= 8249691) AND (id <= 8250690))
	        ->  Bitmap Index Scan on sbtest1_pkey  (cost=0.00..35.36 rows=1092 width=0)
	              Index Cond: ((id >= 8249691) AND (id <= 8250690))

table 2 : explain SELECT c FROM sbtest2 WHERE id BETWEEN 2744418 AND 2745417 ORDER BY c
	Sort  (cost=4112.53..4115.15 rows=1048 width=121)
	  Sort Key: c
	  ->  Bitmap Heap Scan on sbtest2  (cost=35.18..4059.95 rows=1048 width=121)
	        Recheck Cond: ((id >= 2744418) AND (id <= 2745417))
	        ->  Bitmap Index Scan on sbtest2_pkey  (cost=0.00..34.92 rows=1048 width=0)
	              Index Cond: ((id >= 2744418) AND (id <= 2745417))

table 3 : explain SELECT c FROM sbtest3 WHERE id BETWEEN 6115500 AND 6116499 ORDER BY c
	Sort  (cost=3771.12..3773.52 rows=960 width=121)
	  Sort Key: c
	  ->  Bitmap Heap Scan on sbtest3  (cost=30.27..3723.57 rows=960 width=121)
	        Recheck Cond: ((id >= 6115500) AND (id <= 6116499))
	        ->  Bitmap Index Scan on sbtest3_pkey  (cost=0.00..30.04 rows=960 width=0)
	              Index Cond: ((id >= 6115500) AND (id <= 6116499))

table 4 : explain SELECT c FROM sbtest4 WHERE id BETWEEN 5709689 AND 5710688 ORDER BY c
	Sort  (cost=3641.09..3643.41 rows=926 width=121)
	  Sort Key: c
	  ->  Bitmap Heap Scan on sbtest4  (cost=29.93..3595.46 rows=926 width=121)
	        Recheck Cond: ((id >= 5709689) AND (id <= 5710688))
	        ->  Bitmap Index Scan on sbtest4_pkey  (cost=0.00..29.69 rows=926 width=0)
	              Index Cond: ((id >= 5709689) AND (id <= 5710688))

table 5 : explain SELECT c FROM sbtest5 WHERE id BETWEEN 4541288 AND 4542287 ORDER BY c
	Sort  (cost=4189.05..4191.72 rows=1068 width=121)
	  Sort Key: c
	  ->  Bitmap Heap Scan on sbtest5  (cost=35.38..4135.32 rows=1068 width=121)
	        Recheck Cond: ((id >= 4541288) AND (id <= 4542287))
	        ->  Bitmap Index Scan on sbtest5_pkey  (cost=0.00..35.12 rows=1068 width=0)
	              Index Cond: ((id >= 4541288) AND (id <= 4542287))

table 6 : explain SELECT c FROM sbtest6 WHERE id BETWEEN 9590455 AND 9591454 ORDER BY c
	Sort  (cost=3978.20..3980.74 rows=1013 width=121)
	  Sort Key: c
	  ->  Bitmap Heap Scan on sbtest6  (cost=34.82..3927.63 rows=1013 width=121)
	        Recheck Cond: ((id >= 9590455) AND (id <= 9591454))
	        ->  Bitmap Index Scan on sbtest6_pkey  (cost=0.00..34.57 rows=1013 width=0)
	              Index Cond: ((id >= 9590455) AND (id <= 9591454))

table 7 : explain SELECT c FROM sbtest7 WHERE id BETWEEN 4149119 AND 4150118 ORDER BY c
	Sort  (cost=4135.53..4138.17 rows=1054 width=121)
	  Sort Key: c
	  ->  Bitmap Heap Scan on sbtest7  (cost=35.24..4082.61 rows=1054 width=121)
	        Recheck Cond: ((id >= 4149119) AND (id <= 4150118))
	        ->  Bitmap Index Scan on sbtest7_pkey  (cost=0.00..34.98 rows=1054 width=0)
	              Index Cond: ((id >= 4149119) AND (id <= 4150118))

table 8 : explain SELECT c FROM sbtest8 WHERE id BETWEEN 9560005 AND 9561004 ORDER BY c
	Sort  (cost=4158.46..4161.11 rows=1060 width=121)
	  Sort Key: c
	  ->  Bitmap Heap Scan on sbtest8  (cost=35.30..4105.20 rows=1060 width=121)
	        Recheck Cond: ((id >= 9560005) AND (id <= 9561004))
	        ->  Bitmap Index Scan on sbtest8_pkey  (cost=0.00..35.04 rows=1060 width=0)
	              Index Cond: ((id >= 9560005) AND (id <= 9561004))

for: simple_ranges
table 1 : explain SELECT c FROM sbtest1 WHERE id BETWEEN 9900215 AND 9901214
	Bitmap Heap Scan on sbtest1  (cost=30.82..3923.89 rows=1013 width=121)
	  Recheck Cond: ((id >= 9900215) AND (id <= 9901214))
	  ->  Bitmap Index Scan on sbtest1_pkey  (cost=0.00..30.57 rows=1013 width=0)
	        Index Cond: ((id >= 9900215) AND (id <= 9901214))

table 2 : explain SELECT c FROM sbtest2 WHERE id BETWEEN 5733205 AND 5734204
	Bitmap Heap Scan on sbtest2  (cost=30.56..3829.60 rows=988 width=121)
	  Recheck Cond: ((id >= 5733205) AND (id <= 5734204))
	  ->  Bitmap Index Scan on sbtest2_pkey  (cost=0.00..30.32 rows=988 width=0)
	        Index Cond: ((id >= 5733205) AND (id <= 5734204))

table 3 : explain SELECT c FROM sbtest3 WHERE id BETWEEN 7733785 AND 7734784
	Bitmap Heap Scan on sbtest3  (cost=29.73..3523.07 rows=907 width=121)
	  Recheck Cond: ((id >= 7733785) AND (id <= 7734784))
	  ->  Bitmap Index Scan on sbtest3_pkey  (cost=0.00..29.50 rows=907 width=0)
	        Index Cond: ((id >= 7733785) AND (id <= 7734784))

table 4 : explain SELECT c FROM sbtest4 WHERE id BETWEEN 5685739 AND 5686738
	Bitmap Heap Scan on sbtest4  (cost=30.34..3746.75 rows=966 width=121)
	  Recheck Cond: ((id >= 5685739) AND (id <= 5686738))
	  ->  Bitmap Index Scan on sbtest4_pkey  (cost=0.00..30.09 rows=966 width=0)
	        Index Cond: ((id >= 5685739) AND (id <= 5686738))

table 5 : explain SELECT c FROM sbtest5 WHERE id BETWEEN 531486 AND 532485
	Bitmap Heap Scan on sbtest5  (cost=35.74..4267.07 rows=1103 width=121)
	  Recheck Cond: ((id >= 531486) AND (id <= 532485))
	  ->  Bitmap Index Scan on sbtest5_pkey  (cost=0.00..35.47 rows=1103 width=0)
	        Index Cond: ((id >= 531486) AND (id <= 532485))

table 6 : explain SELECT c FROM sbtest6 WHERE id BETWEEN 9593948 AND 9594947
	Bitmap Heap Scan on sbtest6  (cost=34.82..3927.63 rows=1013 width=121)
	  Recheck Cond: ((id >= 9593948) AND (id <= 9594947))
	  ->  Bitmap Index Scan on sbtest6_pkey  (cost=0.00..34.57 rows=1013 width=0)
	        Index Cond: ((id >= 9593948) AND (id <= 9594947))

table 7 : explain SELECT c FROM sbtest7 WHERE id BETWEEN 3453771 AND 3454770
	Bitmap Heap Scan on sbtest7  (cost=35.17..4056.23 rows=1047 width=121)
	  Recheck Cond: ((id >= 3453771) AND (id <= 3454770))
	  ->  Bitmap Index Scan on sbtest7_pkey  (cost=0.00..34.91 rows=1047 width=0)
	        Index Cond: ((id >= 3453771) AND (id <= 3454770))

table 8 : explain SELECT c FROM sbtest8 WHERE id BETWEEN 3100357 AND 3101356
	Bitmap Heap Scan on sbtest8  (cost=30.24..3712.49 rows=957 width=121)
	  Recheck Cond: ((id >= 3100357) AND (id <= 3101356))
	  ->  Bitmap Index Scan on sbtest8_pkey  (cost=0.00..30.00 rows=957 width=0)
	        Index Cond: ((id >= 3100357) AND (id <= 3101356))

for point_selects
table 1 : explain SELECT c FROM sbtest1 WHERE id=8458365
	Index Scan using sbtest1_pkey on sbtest1  (cost=0.43..8.45 rows=1 width=121)
	  Index Cond: (id = 8458365)

table 2 : explain SELECT c FROM sbtest2 WHERE id=4706213
	Index Scan using sbtest2_pkey on sbtest2  (cost=0.43..8.45 rows=1 width=121)
	  Index Cond: (id = 4706213)

table 3 : explain SELECT c FROM sbtest3 WHERE id=1673484
	Index Scan using sbtest3_pkey on sbtest3  (cost=0.43..8.45 rows=1 width=121)
	  Index Cond: (id = 1673484)

table 4 : explain SELECT c FROM sbtest4 WHERE id=4618915
	Index Scan using sbtest4_pkey on sbtest4  (cost=0.43..8.45 rows=1 width=121)
	  Index Cond: (id = 4618915)

table 5 : explain SELECT c FROM sbtest5 WHERE id=8483659
	Index Scan using sbtest5_pkey on sbtest5  (cost=0.43..8.45 rows=1 width=121)
	  Index Cond: (id = 8483659)

table 6 : explain SELECT c FROM sbtest6 WHERE id=1512820
	Index Scan using sbtest6_pkey on sbtest6  (cost=0.43..8.45 rows=1 width=121)
	  Index Cond: (id = 1512820)

table 7 : explain SELECT c FROM sbtest7 WHERE id=5487331
	Index Scan using sbtest7_pkey on sbtest7  (cost=0.43..8.45 rows=1 width=121)
	  Index Cond: (id = 5487331)

table 8 : explain SELECT c FROM sbtest8 WHERE id=3596567
	Index Scan using sbtest8_pkey on sbtest8  (cost=0.43..8.45 rows=1 width=121)
	  Index Cond: (id = 3596567)

for: simple_ranges
table 1 : explain SELECT c FROM sbtest1 WHERE id BETWEEN 2994479 AND 2995478
	Bitmap Heap Scan on sbtest1  (cost=31.01..3995.56 rows=1032 width=121)
	  Recheck Cond: ((id >= 2994479) AND (id <= 2995478))
	  ->  Bitmap Index Scan on sbtest1_pkey  (cost=0.00..30.75 rows=1032 width=0)
	        Index Cond: ((id >= 2994479) AND (id <= 2995478))

table 2 : explain SELECT c FROM sbtest2 WHERE id BETWEEN 7729774 AND 7730773
	Bitmap Heap Scan on sbtest2  (cost=35.14..4044.87 rows=1044 width=121)
	  Recheck Cond: ((id >= 7729774) AND (id <= 7730773))
	  ->  Bitmap Index Scan on sbtest2_pkey  (cost=0.00..34.88 rows=1044 width=0)
	        Index Cond: ((id >= 7729774) AND (id <= 7730773))

table 3 : explain SELECT c FROM sbtest3 WHERE id BETWEEN 866362 AND 867361
	Bitmap Heap Scan on sbtest3  (cost=30.76..3901.06 rows=1007 width=121)
	  Recheck Cond: ((id >= 866362) AND (id <= 867361))
	  ->  Bitmap Index Scan on sbtest3_pkey  (cost=0.00..30.50 rows=1007 width=0)
	        Index Cond: ((id >= 866362) AND (id <= 867361))

table 4 : explain SELECT c FROM sbtest4 WHERE id BETWEEN 9109899 AND 9110898
	Bitmap Heap Scan on sbtest4  (cost=29.55..3455.34 rows=889 width=121)
	  Recheck Cond: ((id >= 9109899) AND (id <= 9110898))
	  ->  Bitmap Index Scan on sbtest4_pkey  (cost=0.00..29.32 rows=889 width=0)
	        Index Cond: ((id >= 9109899) AND (id <= 9110898))

table 5 : explain SELECT c FROM sbtest5 WHERE id BETWEEN 6135524 AND 6136523
	Bitmap Heap Scan on sbtest5  (cost=36.92..4695.23 rows=1218 width=121)
	  Recheck Cond: ((id >= 6135524) AND (id <= 6136523))
	  ->  Bitmap Index Scan on sbtest5_pkey  (cost=0.00..36.62 rows=1218 width=0)
	        Index Cond: ((id >= 6135524) AND (id <= 6136523))

table 6 : explain SELECT c FROM sbtest6 WHERE id BETWEEN 289878 AND 290877
	Bitmap Heap Scan on sbtest6  (cost=35.37..4131.18 rows=1067 width=121)
	  Recheck Cond: ((id >= 289878) AND (id <= 290877))
	  ->  Bitmap Index Scan on sbtest6_pkey  (cost=0.00..35.11 rows=1067 width=0)
	        Index Cond: ((id >= 289878) AND (id <= 290877))

table 7 : explain SELECT c FROM sbtest7 WHERE id BETWEEN 619472 AND 620471
	Bitmap Heap Scan on sbtest7  (cost=35.77..4278.40 rows=1106 width=121)
	  Recheck Cond: ((id >= 619472) AND (id <= 620471))
	  ->  Bitmap Index Scan on sbtest7_pkey  (cost=0.00..35.50 rows=1106 width=0)
	        Index Cond: ((id >= 619472) AND (id <= 620471))

table 8 : explain SELECT c FROM sbtest8 WHERE id BETWEEN 3236591 AND 3237590
	Bitmap Heap Scan on sbtest8  (cost=29.85..3568.75 rows=919 width=121)
	  Recheck Cond: ((id >= 3236591) AND (id <= 3237590))
	  ->  Bitmap Index Scan on sbtest8_pkey  (cost=0.00..29.62 rows=919 width=0)
	        Index Cond: ((id >= 3236591) AND (id <= 3237590))

for: order_ranges
table 1 : explain SELECT c FROM sbtest1 WHERE id BETWEEN 5705972 AND 5706971 ORDER BY c
	Sort  (cost=3398.58..3400.73 rows=863 width=121)
	  Sort Key: c
	  ->  Bitmap Heap Scan on sbtest1  (cost=29.28..3356.49 rows=863 width=121)
	        Recheck Cond: ((id >= 5705972) AND (id <= 5706971))
	        ->  Bitmap Index Scan on sbtest1_pkey  (cost=0.00..29.07 rows=863 width=0)
	              Index Cond: ((id >= 5705972) AND (id <= 5706971))

table 2 : explain SELECT c FROM sbtest2 WHERE id BETWEEN 8167833 AND 8168832 ORDER BY c
	Sort  (cost=3986.03..3988.57 rows=1016 width=121)
	  Sort Key: c
	  ->  Bitmap Heap Scan on sbtest2  (cost=30.85..3935.28 rows=1016 width=121)
	        Recheck Cond: ((id >= 8167833) AND (id <= 8168832))
	        ->  Bitmap Index Scan on sbtest2_pkey  (cost=0.00..30.59 rows=1016 width=0)
	              Index Cond: ((id >= 8167833) AND (id <= 8168832))

table 3 : explain SELECT c FROM sbtest3 WHERE id BETWEEN 9358149 AND 9359148 ORDER BY c
	Sort  (cost=3617.57..3619.87 rows=920 width=121)
	  Sort Key: c
	  ->  Bitmap Heap Scan on sbtest3  (cost=29.87..3572.28 rows=920 width=121)
	        Recheck Cond: ((id >= 9358149) AND (id <= 9359148))
	        ->  Bitmap Index Scan on sbtest3_pkey  (cost=0.00..29.64 rows=920 width=0)
	              Index Cond: ((id >= 9358149) AND (id <= 9359148))

table 4 : explain SELECT c FROM sbtest4 WHERE id BETWEEN 2290932 AND 2291931 ORDER BY c
	Sort  (cost=3767.78..3770.18 rows=959 width=121)
	  Sort Key: c
	  ->  Bitmap Heap Scan on sbtest4  (cost=30.26..3720.29 rows=959 width=121)
	        Recheck Cond: ((id >= 2290932) AND (id <= 2291931))
	        ->  Bitmap Index Scan on sbtest4_pkey  (cost=0.00..30.02 rows=959 width=0)
	              Index Cond: ((id >= 2290932) AND (id <= 2291931))

table 5 : explain SELECT c FROM sbtest5 WHERE id BETWEEN 748800 AND 749799 ORDER BY c
	Sort  (cost=4296.07..4298.81 rows=1096 width=121)
	  Sort Key: c
	  ->  Bitmap Heap Scan on sbtest5  (cost=35.67..4240.73 rows=1096 width=121)
	        Recheck Cond: ((id >= 748800) AND (id <= 749799))
	        ->  Bitmap Index Scan on sbtest5_pkey  (cost=0.00..35.40 rows=1096 width=0)
	              Index Cond: ((id >= 748800) AND (id <= 749799))

table 6 : explain SELECT c FROM sbtest6 WHERE id BETWEEN 4147162 AND 4148161 ORDER BY c
	Sort  (cost=3682.79..3685.13 rows=937 width=121)
	  Sort Key: c
	  ->  Bitmap Heap Scan on sbtest6  (cost=30.04..3636.54 rows=937 width=121)
	        Recheck Cond: ((id >= 4147162) AND (id <= 4148161))
	        ->  Bitmap Index Scan on sbtest6_pkey  (cost=0.00..29.80 rows=937 width=0)
	              Index Cond: ((id >= 4147162) AND (id <= 4148161))

table 7 : explain SELECT c FROM sbtest7 WHERE id BETWEEN 3434967 AND 3435966 ORDER BY c
	Sort  (cost=4108.75..4111.37 rows=1047 width=121)
	  Sort Key: c
	  ->  Bitmap Heap Scan on sbtest7  (cost=35.17..4056.23 rows=1047 width=121)
	        Recheck Cond: ((id >= 3434967) AND (id <= 3435966))
	        ->  Bitmap Index Scan on sbtest7_pkey  (cost=0.00..34.91 rows=1047 width=0)
	              Index Cond: ((id >= 3434967) AND (id <= 3435966))

table 8 : explain SELECT c FROM sbtest8 WHERE id BETWEEN 528478 AND 529477 ORDER BY c
	Sort  (cost=4146.99..4149.63 rows=1057 width=121)
	  Sort Key: c
	  ->  Bitmap Heap Scan on sbtest8  (cost=35.27..4093.89 rows=1057 width=121)
	        Recheck Cond: ((id >= 528478) AND (id <= 529477))
	        ->  Bitmap Index Scan on sbtest8_pkey  (cost=0.00..35.01 rows=1057 width=0)
	              Index Cond: ((id >= 528478) AND (id <= 529477))

for point_selects
table 1 : explain SELECT c FROM sbtest1 WHERE id=7002618
	Index Scan using sbtest1_pkey on sbtest1  (cost=0.43..8.45 rows=1 width=121)
	  Index Cond: (id = 7002618)

table 2 : explain SELECT c FROM sbtest2 WHERE id=927641
	Index Scan using sbtest2_pkey on sbtest2  (cost=0.43..8.45 rows=1 width=121)
	  Index Cond: (id = 927641)

table 3 : explain SELECT c FROM sbtest3 WHERE id=8922633
	Index Scan using sbtest3_pkey on sbtest3  (cost=0.43..8.45 rows=1 width=121)
	  Index Cond: (id = 8922633)

table 4 : explain SELECT c FROM sbtest4 WHERE id=9777323
	Index Scan using sbtest4_pkey on sbtest4  (cost=0.43..8.45 rows=1 width=121)
	  Index Cond: (id = 9777323)

table 5 : explain SELECT c FROM sbtest5 WHERE id=1823234
	Index Scan using sbtest5_pkey on sbtest5  (cost=0.43..8.45 rows=1 width=121)
	  Index Cond: (id = 1823234)

table 6 : explain SELECT c FROM sbtest6 WHERE id=7306713
	Index Scan using sbtest6_pkey on sbtest6  (cost=0.43..8.45 rows=1 width=121)
	  Index Cond: (id = 7306713)

table 7 : explain SELECT c FROM sbtest7 WHERE id=7365908
	Index Scan using sbtest7_pkey on sbtest7  (cost=0.43..8.45 rows=1 width=121)
	  Index Cond: (id = 7365908)

table 8 : explain SELECT c FROM sbtest8 WHERE id=8091668
	Index Scan using sbtest8_pkey on sbtest8  (cost=0.43..8.45 rows=1 width=121)
	  Index Cond: (id = 8091668)

for: simple_ranges
table 1 : explain SELECT c FROM sbtest1 WHERE id BETWEEN 9129397 AND 9130396
	Bitmap Heap Scan on sbtest1  (cost=30.89..3950.30 rows=1020 width=121)
	  Recheck Cond: ((id >= 9129397) AND (id <= 9130396))
	  ->  Bitmap Index Scan on sbtest1_pkey  (cost=0.00..30.64 rows=1020 width=0)
	        Index Cond: ((id >= 9129397) AND (id <= 9130396))

table 2 : explain SELECT c FROM sbtest2 WHERE id BETWEEN 6612559 AND 6613558
	Bitmap Heap Scan on sbtest2  (cost=35.46..4165.43 rows=1076 width=121)
	  Recheck Cond: ((id >= 6612559) AND (id <= 6613558))
	  ->  Bitmap Index Scan on sbtest2_pkey  (cost=0.00..35.20 rows=1076 width=0)
	        Index Cond: ((id >= 6612559) AND (id <= 6613558))

table 3 : explain SELECT c FROM sbtest3 WHERE id BETWEEN 6760216 AND 6761215
	Bitmap Heap Scan on sbtest3  (cost=30.92..3961.42 rows=1023 width=121)
	  Recheck Cond: ((id >= 6760216) AND (id <= 6761215))
	  ->  Bitmap Index Scan on sbtest3_pkey  (cost=0.00..30.66 rows=1023 width=0)
	        Index Cond: ((id >= 6760216) AND (id <= 6761215))

table 4 : explain SELECT c FROM sbtest4 WHERE id BETWEEN 9098658 AND 9099657
	Bitmap Heap Scan on sbtest4  (cost=29.55..3455.34 rows=889 width=121)
	  Recheck Cond: ((id >= 9098658) AND (id <= 9099657))
	  ->  Bitmap Index Scan on sbtest4_pkey  (cost=0.00..29.32 rows=889 width=0)
	        Index Cond: ((id >= 9098658) AND (id <= 9099657))

table 5 : explain SELECT c FROM sbtest5 WHERE id BETWEEN 532183 AND 533182
	Bitmap Heap Scan on sbtest5  (cost=35.74..4267.07 rows=1103 width=121)
	  Recheck Cond: ((id >= 532183) AND (id <= 533182))
	  ->  Bitmap Index Scan on sbtest5_pkey  (cost=0.00..35.47 rows=1103 width=0)
	        Index Cond: ((id >= 532183) AND (id <= 533182))

table 6 : explain SELECT c FROM sbtest6 WHERE id BETWEEN 89544 AND 90543
	Bitmap Heap Scan on sbtest6  (cost=30.06..3644.11 rows=939 width=121)
	  Recheck Cond: ((id >= 89544) AND (id <= 90543))
	  ->  Bitmap Index Scan on sbtest6_pkey  (cost=0.00..29.82 rows=939 width=0)
	        Index Cond: ((id >= 89544) AND (id <= 90543))

table 7 : explain SELECT c FROM sbtest7 WHERE id BETWEEN 5714376 AND 5715375
	Bitmap Heap Scan on sbtest7  (cost=30.62..3852.30 rows=994 width=121)
	  Recheck Cond: ((id >= 5714376) AND (id <= 5715375))
	  ->  Bitmap Index Scan on sbtest7_pkey  (cost=0.00..30.37 rows=994 width=0)
	        Index Cond: ((id >= 5714376) AND (id <= 5715375))

table 8 : explain SELECT c FROM sbtest8 WHERE id BETWEEN 8999774 AND 9000773
	Bitmap Heap Scan on sbtest8  (cost=34.99..3992.12 rows=1030 width=121)
	  Recheck Cond: ((id >= 8999774) AND (id <= 9000773))
	  ->  Bitmap Index Scan on sbtest8_pkey  (cost=0.00..34.73 rows=1030 width=0)
	        Index Cond: ((id >= 8999774) AND (id <= 9000773))

for: sum_ranges
table 1 : explain SELECT SUM(k) FROM sbtest1 WHERE id BETWEEN 9041511 AND 9042510
	Aggregate  (cost=3726.14..3726.15 rows=1 width=8)
	  ->  Bitmap Heap Scan on sbtest1  (cost=30.27..3723.74 rows=960 width=4)
	        Recheck Cond: ((id >= 9041511) AND (id <= 9042510))
	        ->  Bitmap Index Scan on sbtest1_pkey  (cost=0.00..30.04 rows=960 width=0)
	              Index Cond: ((id >= 9041511) AND (id <= 9042510))

table 2 : explain SELECT SUM(k) FROM sbtest2 WHERE id BETWEEN 3343042 AND 3344041
	Aggregate  (cost=4036.17..4036.18 rows=1 width=8)
	  ->  Bitmap Heap Scan on sbtest2  (cost=35.11..4033.57 rows=1041 width=4)
	        Recheck Cond: ((id >= 3343042) AND (id <= 3344041))
	        ->  Bitmap Index Scan on sbtest2_pkey  (cost=0.00..34.84 rows=1041 width=0)
	              Index Cond: ((id >= 3343042) AND (id <= 3344041))

table 3 : explain SELECT SUM(k) FROM sbtest3 WHERE id BETWEEN 9808883 AND 9809882
	Aggregate  (cost=4371.11..4371.12 rows=1 width=8)
	  ->  Bitmap Heap Scan on sbtest3  (cost=36.02..4368.28 rows=1130 width=4)
	        Recheck Cond: ((id >= 9808883) AND (id <= 9809882))
	        ->  Bitmap Index Scan on sbtest3_pkey  (cost=0.00..35.73 rows=1130 width=0)
	              Index Cond: ((id >= 9808883) AND (id <= 9809882))

table 4 : explain SELECT SUM(k) FROM sbtest4 WHERE id BETWEEN 7191371 AND 7192370
	Aggregate  (cost=3647.00..3647.01 rows=1 width=8)
	  ->  Bitmap Heap Scan on sbtest4  (cost=30.06..3644.65 rows=939 width=4)
	        Recheck Cond: ((id >= 7191371) AND (id <= 7192370))
	        ->  Bitmap Index Scan on sbtest4_pkey  (cost=0.00..29.82 rows=939 width=0)
	              Index Cond: ((id >= 7191371) AND (id <= 7192370))

table 5 : explain SELECT SUM(k) FROM sbtest5 WHERE id BETWEEN 1862684 AND 1863683
	Aggregate  (cost=3730.01..3730.02 rows=1 width=8)
	  ->  Bitmap Heap Scan on sbtest5  (cost=30.29..3727.60 rows=961 width=4)
	        Recheck Cond: ((id >= 1862684) AND (id <= 1863683))
	        ->  Bitmap Index Scan on sbtest5_pkey  (cost=0.00..30.04 rows=961 width=0)
	              Index Cond: ((id >= 1862684) AND (id <= 1863683))

table 6 : explain SELECT SUM(k) FROM sbtest6 WHERE id BETWEEN 897481 AND 898480
	Aggregate  (cost=3986.78..3986.79 rows=1 width=8)
	  ->  Bitmap Heap Scan on sbtest6  (cost=34.97..3984.21 rows=1028 width=4)
	        Recheck Cond: ((id >= 897481) AND (id <= 898480))
	        ->  Bitmap Index Scan on sbtest6_pkey  (cost=0.00..34.72 rows=1028 width=0)
	              Index Cond: ((id >= 897481) AND (id <= 898480))

table 7 : explain SELECT SUM(k) FROM sbtest7 WHERE id BETWEEN 4025369 AND 4026368
	Aggregate  (cost=3907.66..3907.67 rows=1 width=8)
	  ->  Bitmap Heap Scan on sbtest7  (cost=30.77..3905.14 rows=1008 width=4)
	        Recheck Cond: ((id >= 4025369) AND (id <= 4026368))
	        ->  Bitmap Index Scan on sbtest7_pkey  (cost=0.00..30.51 rows=1008 width=0)
	              Index Cond: ((id >= 4025369) AND (id <= 4026368))

table 8 : explain SELECT SUM(k) FROM sbtest8 WHERE id BETWEEN 5013298 AND 5014297
	Aggregate  (cost=4032.42..4032.43 rows=1 width=8)
	  ->  Bitmap Heap Scan on sbtest8  (cost=35.09..4029.82 rows=1040 width=4)
	        Recheck Cond: ((id >= 5013298) AND (id <= 5014297))
	        ->  Bitmap Index Scan on sbtest8_pkey  (cost=0.00..34.84 rows=1040 width=0)
	              Index Cond: ((id >= 5013298) AND (id <= 5014297))

explain: for point_selects :: explain SELECT c FROM sbtest%u WHERE id=%u
for: simple_ranges
table 1 : explain SELECT c FROM sbtest1 WHERE id BETWEEN 8578598 AND 8579597
	Bitmap Heap Scan on sbtest1  (cost=30.43..3780.42 rows=975 width=121)
	  Recheck Cond: ((id >= 8578598) AND (id <= 8579597))
	  ->  Bitmap Index Scan on sbtest1_pkey  (cost=0.00..30.18 rows=975 width=0)
	        Index Cond: ((id >= 8578598) AND (id <= 8579597))

table 2 : explain SELECT c FROM sbtest2 WHERE id BETWEEN 6898878 AND 6899877
	Bitmap Heap Scan on sbtest2  (cost=30.55..3825.82 rows=987 width=121)
	  Recheck Cond: ((id >= 6898878) AND (id <= 6899877))
	  ->  Bitmap Index Scan on sbtest2_pkey  (cost=0.00..30.30 rows=987 width=0)
	        Index Cond: ((id >= 6898878) AND (id <= 6899877))

table 3 : explain SELECT c FROM sbtest3 WHERE id BETWEEN 6684988 AND 6685987
	Bitmap Heap Scan on sbtest3  (cost=31.06..4014.21 rows=1037 width=121)
	  Recheck Cond: ((id >= 6684988) AND (id <= 6685987))
	  ->  Bitmap Index Scan on sbtest3_pkey  (cost=0.00..30.80 rows=1037 width=0)
	        Index Cond: ((id >= 6684988) AND (id <= 6685987))

table 4 : explain SELECT c FROM sbtest4 WHERE id BETWEEN 2000740 AND 2001739
	Bitmap Heap Scan on sbtest4  (cost=29.90..3584.11 rows=923 width=121)
	  Recheck Cond: ((id >= 2000740) AND (id <= 2001739))
	  ->  Bitmap Index Scan on sbtest4_pkey  (cost=0.00..29.66 rows=923 width=0)
	        Index Cond: ((id >= 2000740) AND (id <= 2001739))

table 5 : explain SELECT c FROM sbtest5 WHERE id BETWEEN 8219141 AND 8220140
	Bitmap Heap Scan on sbtest5  (cost=30.02..3629.29 rows=935 width=121)
	  Recheck Cond: ((id >= 8219141) AND (id <= 8220140))
	  ->  Bitmap Index Scan on sbtest5_pkey  (cost=0.00..29.79 rows=935 width=0)
	        Index Cond: ((id >= 8219141) AND (id <= 8220140))

table 6 : explain SELECT c FROM sbtest6 WHERE id BETWEEN 2163736 AND 2164735
	Bitmap Heap Scan on sbtest6  (cost=34.93..3969.12 rows=1024 width=121)
	  Recheck Cond: ((id >= 2163736) AND (id <= 2164735))
	  ->  Bitmap Index Scan on sbtest6_pkey  (cost=0.00..34.68 rows=1024 width=0)
	        Index Cond: ((id >= 2163736) AND (id <= 2164735))

table 7 : explain SELECT c FROM sbtest7 WHERE id BETWEEN 6041501 AND 6042500
	Bitmap Heap Scan on sbtest7  (cost=29.99..3617.96 rows=932 width=121)
	  Recheck Cond: ((id >= 6041501) AND (id <= 6042500))
	  ->  Bitmap Index Scan on sbtest7_pkey  (cost=0.00..29.75 rows=932 width=0)
	        Index Cond: ((id >= 6041501) AND (id <= 6042500))

table 8 : explain SELECT c FROM sbtest8 WHERE id BETWEEN 5439889 AND 5440888
	Bitmap Heap Scan on sbtest8  (cost=29.76..3534.68 rows=910 width=121)
	  Recheck Cond: ((id >= 5439889) AND (id <= 5440888))
	  ->  Bitmap Index Scan on sbtest8_pkey  (cost=0.00..29.54 rows=910 width=0)
	        Index Cond: ((id >= 5439889) AND (id <= 5440888))

for: distinct_ranges
table 1 : explain SELECT DISTINCT c FROM sbtest1 WHERE id BETWEEN 1700674 AND 1701673 ORDER BY c
	Unique  (cost=3909.33..3914.31 rows=996 width=121)
	  ->  Sort  (cost=3909.33..3911.82 rows=996 width=121)
	        Sort Key: c
	        ->  Bitmap Heap Scan on sbtest1  (cost=30.64..3859.73 rows=996 width=121)
	              Recheck Cond: ((id >= 1700674) AND (id <= 1701673))
	              ->  Bitmap Index Scan on sbtest1_pkey  (cost=0.00..30.39 rows=996 width=0)
	                    Index Cond: ((id >= 1700674) AND (id <= 1701673))

table 2 : explain SELECT DISTINCT c FROM sbtest2 WHERE id BETWEEN 9651141 AND 9652140 ORDER BY c
	Unique  (cost=3963.04..3968.09 rows=1010 width=121)
	  ->  Sort  (cost=3963.04..3965.57 rows=1010 width=121)
	        Sort Key: c
	        ->  Bitmap Heap Scan on sbtest2  (cost=30.79..3912.64 rows=1010 width=121)
	              Recheck Cond: ((id >= 9651141) AND (id <= 9652140))
	              ->  Bitmap Index Scan on sbtest2_pkey  (cost=0.00..30.54 rows=1010 width=0)
	                    Index Cond: ((id >= 9651141) AND (id <= 9652140))

table 3 : explain SELECT DISTINCT c FROM sbtest3 WHERE id BETWEEN 7380074 AND 7381073 ORDER BY c
	Unique  (cost=4108.42..4113.66 rows=1047 width=121)
	  ->  Sort  (cost=4108.42..4111.04 rows=1047 width=121)
	        Sort Key: c
	        ->  Bitmap Heap Scan on sbtest3  (cost=35.17..4055.91 rows=1047 width=121)
	              Recheck Cond: ((id >= 7380074) AND (id <= 7381073))
	              ->  Bitmap Index Scan on sbtest3_pkey  (cost=0.00..34.91 rows=1047 width=0)
	                    Index Cond: ((id >= 7380074) AND (id <= 7381073))

table 4 : explain SELECT DISTINCT c FROM sbtest4 WHERE id BETWEEN 3930894 AND 3931893 ORDER BY c
	Unique  (cost=4143.43..4148.71 rows=1056 width=121)
	  ->  Sort  (cost=4143.43..4146.07 rows=1056 width=121)
	        Sort Key: c
	        ->  Bitmap Heap Scan on sbtest4  (cost=35.26..4090.40 rows=1056 width=121)
	              Recheck Cond: ((id >= 3930894) AND (id <= 3931893))
	              ->  Bitmap Index Scan on sbtest4_pkey  (cost=0.00..35.00 rows=1056 width=0)
	                    Index Cond: ((id >= 3930894) AND (id <= 3931893))

table 5 : explain SELECT DISTINCT c FROM sbtest5 WHERE id BETWEEN 9689973 AND 9690972 ORDER BY c
	Unique  (cost=4154.62..4159.92 rows=1059 width=121)
	  ->  Sort  (cost=4154.62..4157.27 rows=1059 width=121)
	        Sort Key: c
	        ->  Bitmap Heap Scan on sbtest5  (cost=35.29..4101.42 rows=1059 width=121)
	              Recheck Cond: ((id >= 9689973) AND (id <= 9690972))
	              ->  Bitmap Index Scan on sbtest5_pkey  (cost=0.00..35.03 rows=1059 width=0)
	                    Index Cond: ((id >= 9689973) AND (id <= 9690972))

table 6 : explain SELECT DISTINCT c FROM sbtest6 WHERE id BETWEEN 7905037 AND 7906036 ORDER BY c
	Unique  (cost=3605.99..3610.57 rows=917 width=121)
	  ->  Sort  (cost=3605.99..3608.28 rows=917 width=121)
	        Sort Key: c
	        ->  Bitmap Heap Scan on sbtest6  (cost=29.83..3560.87 rows=917 width=121)
	              Recheck Cond: ((id >= 7905037) AND (id <= 7906036))
	              ->  Bitmap Index Scan on sbtest6_pkey  (cost=0.00..29.61 rows=917 width=0)
	                    Index Cond: ((id >= 7905037) AND (id <= 7906036))

table 7 : explain SELECT DISTINCT c FROM sbtest7 WHERE id BETWEEN 4296350 AND 4297349 ORDER BY c
	Unique  (cost=3805.93..3810.78 rows=969 width=121)
	  ->  Sort  (cost=3805.93..3808.35 rows=969 width=121)
	        Sort Key: c
	        ->  Bitmap Heap Scan on sbtest7  (cost=30.37..3757.87 rows=969 width=121)
	              Recheck Cond: ((id >= 4296350) AND (id <= 4297349))
	              ->  Bitmap Index Scan on sbtest7_pkey  (cost=0.00..30.12 rows=969 width=0)
	                    Index Cond: ((id >= 4296350) AND (id <= 4297349))

table 8 : explain SELECT DISTINCT c FROM sbtest8 WHERE id BETWEEN 399262 AND 400261 ORDER BY c
	Unique  (cost=3997.54..4002.64 rows=1019 width=121)
	  ->  Sort  (cost=3997.54..4000.09 rows=1019 width=121)
	        Sort Key: c
	        ->  Bitmap Heap Scan on sbtest8  (cost=30.88..3946.63 rows=1019 width=121)
	              Recheck Cond: ((id >= 399262) AND (id <= 400261))
	              ->  Bitmap Index Scan on sbtest8_pkey  (cost=0.00..30.62 rows=1019 width=0)
	                    Index Cond: ((id >= 399262) AND (id <= 400261))

for: distinct_ranges
table 1 : explain SELECT DISTINCT c FROM sbtest1 WHERE id BETWEEN 1309218 AND 1310217 ORDER BY c
	Unique  (cost=3813.49..3818.34 rows=971 width=121)
	  ->  Sort  (cost=3813.49..3815.92 rows=971 width=121)
	        Sort Key: c
	        ->  Bitmap Heap Scan on sbtest1  (cost=30.39..3765.31 rows=971 width=121)
	              Recheck Cond: ((id >= 1309218) AND (id <= 1310217))
	              ->  Bitmap Index Scan on sbtest1_pkey  (cost=0.00..30.14 rows=971 width=0)
	                    Index Cond: ((id >= 1309218) AND (id <= 1310217))

table 2 : explain SELECT DISTINCT c FROM sbtest2 WHERE id BETWEEN 4909801 AND 4910800 ORDER BY c
	Unique  (cost=3602.43..3607.01 rows=916 width=121)
	  ->  Sort  (cost=3602.43..3604.72 rows=916 width=121)
	        Sort Key: c
	        ->  Bitmap Heap Scan on sbtest2  (cost=29.82..3557.37 rows=916 width=121)
	              Recheck Cond: ((id >= 4909801) AND (id <= 4910800))
	              ->  Bitmap Index Scan on sbtest2_pkey  (cost=0.00..29.59 rows=916 width=0)
	                    Index Cond: ((id >= 4909801) AND (id <= 4910800))

table 3 : explain SELECT DISTINCT c FROM sbtest3 WHERE id BETWEEN 8550376 AND 8551375 ORDER BY c
	Unique  (cost=3832.48..3837.36 rows=976 width=121)
	  ->  Sort  (cost=3832.48..3834.92 rows=976 width=121)
	        Sort Key: c
	        ->  Bitmap Heap Scan on sbtest3  (cost=30.44..3784.02 rows=976 width=121)
	              Recheck Cond: ((id >= 8550376) AND (id <= 8551375))
	              ->  Bitmap Index Scan on sbtest3_pkey  (cost=0.00..30.19 rows=976 width=0)
	                    Index Cond: ((id >= 8550376) AND (id <= 8551375))

table 4 : explain SELECT DISTINCT c FROM sbtest4 WHERE id BETWEEN 8600530 AND 8601529 ORDER BY c
	Unique  (cost=4112.82..4118.06 rows=1048 width=121)
	  ->  Sort  (cost=4112.82..4115.44 rows=1048 width=121)
	        Sort Key: c
	        ->  Bitmap Heap Scan on sbtest4  (cost=35.18..4060.25 rows=1048 width=121)
	              Recheck Cond: ((id >= 8600530) AND (id <= 8601529))
	              ->  Bitmap Index Scan on sbtest4_pkey  (cost=0.00..34.92 rows=1048 width=0)
	                    Index Cond: ((id >= 8600530) AND (id <= 8601529))

table 5 : explain SELECT DISTINCT c FROM sbtest5 WHERE id BETWEEN 6922885 AND 6923884 ORDER BY c
	Unique  (cost=4357.19..4362.75 rows=1112 width=121)
	  ->  Sort  (cost=4357.19..4359.97 rows=1112 width=121)
	        Sort Key: c
	        ->  Bitmap Heap Scan on sbtest5  (cost=35.83..4300.93 rows=1112 width=121)
	              Recheck Cond: ((id >= 6922885) AND (id <= 6923884))
	              ->  Bitmap Index Scan on sbtest5_pkey  (cost=0.00..35.56 rows=1112 width=0)
	                    Index Cond: ((id >= 6922885) AND (id <= 6923884))

table 6 : explain SELECT DISTINCT c FROM sbtest6 WHERE id BETWEEN 6412366 AND 6413365 ORDER BY c
	Unique  (cost=3778.73..3783.54 rows=962 width=121)
	  ->  Sort  (cost=3778.73..3781.13 rows=962 width=121)
	        Sort Key: c
	        ->  Bitmap Heap Scan on sbtest6  (cost=30.30..3731.06 rows=962 width=121)
	              Recheck Cond: ((id >= 6412366) AND (id <= 6413365))
	              ->  Bitmap Index Scan on sbtest6_pkey  (cost=0.00..30.05 rows=962 width=0)
	                    Index Cond: ((id >= 6412366) AND (id <= 6413365))

table 7 : explain SELECT DISTINCT c FROM sbtest7 WHERE id BETWEEN 5345945 AND 5346944 ORDER BY c
	Unique  (cost=3821.27..3826.14 rows=973 width=121)
	  ->  Sort  (cost=3821.27..3823.71 rows=973 width=121)
	        Sort Key: c
	        ->  Bitmap Heap Scan on sbtest7  (cost=30.41..3772.98 rows=973 width=121)
	              Recheck Cond: ((id >= 5345945) AND (id <= 5346944))
	              ->  Bitmap Index Scan on sbtest7_pkey  (cost=0.00..30.16 rows=973 width=0)
	                    Index Cond: ((id >= 5345945) AND (id <= 5346944))

table 8 : explain SELECT DISTINCT c FROM sbtest8 WHERE id BETWEEN 4576758 AND 4577757 ORDER BY c
	Unique  (cost=3809.75..3814.60 rows=970 width=121)
	  ->  Sort  (cost=3809.75..3812.17 rows=970 width=121)
	        Sort Key: c
	        ->  Bitmap Heap Scan on sbtest8  (cost=30.38..3761.63 rows=970 width=121)
	              Recheck Cond: ((id >= 4576758) AND (id <= 4577757))
	              ->  Bitmap Index Scan on sbtest8_pkey  (cost=0.00..30.14 rows=970 width=0)
	                    Index Cond: ((id >= 4576758) AND (id <= 4577757))

for: distinct_ranges
table 1 : explain SELECT DISTINCT c FROM sbtest1 WHERE id BETWEEN 4565353 AND 4566352 ORDER BY c
	Unique  (cost=3790.48..3795.30 rows=965 width=121)
	  ->  Sort  (cost=3790.48..3792.89 rows=965 width=121)
	        Sort Key: c
	        ->  Bitmap Heap Scan on sbtest1  (cost=30.33..3742.64 rows=965 width=121)
	              Recheck Cond: ((id >= 4565353) AND (id <= 4566352))
	              ->  Bitmap Index Scan on sbtest1_pkey  (cost=0.00..30.08 rows=965 width=0)
	                    Index Cond: ((id >= 4565353) AND (id <= 4566352))

table 2 : explain SELECT DISTINCT c FROM sbtest2 WHERE id BETWEEN 7724116 AND 7725115 ORDER BY c
	Unique  (cost=4097.22..4102.44 rows=1044 width=121)
	  ->  Sort  (cost=4097.22..4099.83 rows=1044 width=121)
	        Sort Key: c
	        ->  Bitmap Heap Scan on sbtest2  (cost=35.14..4044.87 rows=1044 width=121)
	              Recheck Cond: ((id >= 7724116) AND (id <= 7725115))
	              ->  Bitmap Index Scan on sbtest2_pkey  (cost=0.00..34.88 rows=1044 width=0)
	                    Index Cond: ((id >= 7724116) AND (id <= 7725115))

table 3 : explain SELECT DISTINCT c FROM sbtest3 WHERE id BETWEEN 1133428 AND 1134427 ORDER BY c
	Unique  (cost=3705.88..3710.60 rows=943 width=121)
	  ->  Sort  (cost=3705.88..3708.24 rows=943 width=121)
	        Sort Key: c
	        ->  Bitmap Heap Scan on sbtest3  (cost=30.10..3659.30 rows=943 width=121)
	              Recheck Cond: ((id >= 1133428) AND (id <= 1134427))
	              ->  Bitmap Index Scan on sbtest3_pkey  (cost=0.00..29.86 rows=943 width=0)
	                    Index Cond: ((id >= 1133428) AND (id <= 1134427))

table 4 : explain SELECT DISTINCT c FROM sbtest4 WHERE id BETWEEN 118011 AND 119010 ORDER BY c
	Unique  (cost=4062.89..4068.07 rows=1036 width=121)
	  ->  Sort  (cost=4062.89..4065.48 rows=1036 width=121)
	        Sort Key: c
	        ->  Bitmap Heap Scan on sbtest4  (cost=31.05..4011.01 rows=1036 width=121)
	              Recheck Cond: ((id >= 118011) AND (id <= 119010))
	              ->  Bitmap Index Scan on sbtest4_pkey  (cost=0.00..30.79 rows=1036 width=0)
	                    Index Cond: ((id >= 118011) AND (id <= 119010))

table 5 : explain SELECT DISTINCT c FROM sbtest5 WHERE id BETWEEN 4229932 AND 4230931 ORDER BY c
	Unique  (cost=3871.09..3876.02 rows=986 width=121)
	  ->  Sort  (cost=3871.09..3873.55 rows=986 width=121)
	        Sort Key: c
	        ->  Bitmap Heap Scan on sbtest5  (cost=30.54..3822.06 rows=986 width=121)
	              Recheck Cond: ((id >= 4229932) AND (id <= 4230931))
	              ->  Bitmap Index Scan on sbtest5_pkey  (cost=0.00..30.29 rows=986 width=0)
	                    Index Cond: ((id >= 4229932) AND (id <= 4230931))

table 6 : explain SELECT DISTINCT c FROM sbtest6 WHERE id BETWEEN 7164320 AND 7165319 ORDER BY c
	Unique  (cost=4307.14..4312.63 rows=1099 width=121)
	  ->  Sort  (cost=4307.14..4309.89 rows=1099 width=121)
	        Sort Key: c
	        ->  Bitmap Heap Scan on sbtest6  (cost=35.70..4251.63 rows=1099 width=121)
	              Recheck Cond: ((id >= 7164320) AND (id <= 7165319))
	              ->  Bitmap Index Scan on sbtest6_pkey  (cost=0.00..35.43 rows=1099 width=0)
	                    Index Cond: ((id >= 7164320) AND (id <= 7165319))

table 7 : explain SELECT DISTINCT c FROM sbtest7 WHERE id BETWEEN 5189111 AND 5190110 ORDER BY c
	Unique  (cost=4284.64..4290.11 rows=1093 width=121)
	  ->  Sort  (cost=4284.64..4287.38 rows=1093 width=121)
	        Sort Key: c
	        ->  Bitmap Heap Scan on sbtest7  (cost=35.64..4229.48 rows=1093 width=121)
	              Recheck Cond: ((id >= 5189111) AND (id <= 5190110))
	              ->  Bitmap Index Scan on sbtest7_pkey  (cost=0.00..35.37 rows=1093 width=0)
	                    Index Cond: ((id >= 5189111) AND (id <= 5190110))

table 8 : explain SELECT DISTINCT c FROM sbtest8 WHERE id BETWEEN 8468354 AND 8469353 ORDER BY c
	Unique  (cost=4036.00..4041.14 rows=1028 width=121)
	  ->  Sort  (cost=4036.00..4038.57 rows=1028 width=121)
	        Sort Key: c
	        ->  Bitmap Heap Scan on sbtest8  (cost=34.97..3984.58 rows=1028 width=121)
	              Recheck Cond: ((id >= 8468354) AND (id <= 8469353))
	              ->  Bitmap Index Scan on sbtest8_pkey  (cost=0.00..34.72 rows=1028 width=0)
	                    Index Cond: ((id >= 8468354) AND (id <= 8469353))

for: simple_ranges
table 1 : explain SELECT c FROM sbtest1 WHERE id BETWEEN 3036127 AND 3037126
	Bitmap Heap Scan on sbtest1  (cost=31.01..3995.56 rows=1032 width=121)
	  Recheck Cond: ((id >= 3036127) AND (id <= 3037126))
	  ->  Bitmap Index Scan on sbtest1_pkey  (cost=0.00..30.75 rows=1032 width=0)
	        Index Cond: ((id >= 3036127) AND (id <= 3037126))

table 2 : explain SELECT c FROM sbtest2 WHERE id BETWEEN 4676617 AND 4677616
	Bitmap Heap Scan on sbtest2  (cost=30.79..3912.64 rows=1010 width=121)
	  Recheck Cond: ((id >= 4676617) AND (id <= 4677616))
	  ->  Bitmap Index Scan on sbtest2_pkey  (cost=0.00..30.54 rows=1010 width=0)
	        Index Cond: ((id >= 4676617) AND (id <= 4677616))

table 3 : explain SELECT c FROM sbtest3 WHERE id BETWEEN 4947036 AND 4948035
	Bitmap Heap Scan on sbtest3  (cost=35.30..4104.89 rows=1060 width=121)
	  Recheck Cond: ((id >= 4947036) AND (id <= 4948035))
	  ->  Bitmap Index Scan on sbtest3_pkey  (cost=0.00..35.04 rows=1060 width=0)
	        Index Cond: ((id >= 4947036) AND (id <= 4948035))

table 4 : explain SELECT c FROM sbtest4 WHERE id BETWEEN 1252057 AND 1253056
	Bitmap Heap Scan on sbtest4  (cost=30.92..3961.98 rows=1023 width=121)
	  Recheck Cond: ((id >= 1252057) AND (id <= 1253056))
	  ->  Bitmap Index Scan on sbtest4_pkey  (cost=0.00..30.66 rows=1023 width=0)
	        Index Cond: ((id >= 1252057) AND (id <= 1253056))

table 5 : explain SELECT c FROM sbtest5 WHERE id BETWEEN 101334 AND 102333
	Bitmap Heap Scan on sbtest5  (cost=35.83..4300.93 rows=1112 width=121)
	  Recheck Cond: ((id >= 101334) AND (id <= 102333))
	  ->  Bitmap Index Scan on sbtest5_pkey  (cost=0.00..35.56 rows=1112 width=0)
	        Index Cond: ((id >= 101334) AND (id <= 102333))

table 6 : explain SELECT c FROM sbtest6 WHERE id BETWEEN 7510153 AND 7511152
	Bitmap Heap Scan on sbtest6  (cost=30.64..3859.48 rows=996 width=121)
	  Recheck Cond: ((id >= 7510153) AND (id <= 7511152))
	  ->  Bitmap Index Scan on sbtest6_pkey  (cost=0.00..30.39 rows=996 width=0)
	        Index Cond: ((id >= 7510153) AND (id <= 7511152))

table 7 : explain SELECT c FROM sbtest7 WHERE id BETWEEN 2432733 AND 2433732
	Bitmap Heap Scan on sbtest7  (cost=29.96..3606.61 rows=929 width=121)
	  Recheck Cond: ((id >= 2432733) AND (id <= 2433732))
	  ->  Bitmap Index Scan on sbtest7_pkey  (cost=0.00..29.72 rows=929 width=0)
	        Index Cond: ((id >= 2432733) AND (id <= 2433732))

table 8 : explain SELECT c FROM sbtest8 WHERE id BETWEEN 3643489 AND 3644488
	Bitmap Heap Scan on sbtest8  (cost=30.22..3704.93 rows=955 width=121)
	  Recheck Cond: ((id >= 3643489) AND (id <= 3644488))
	  ->  Bitmap Index Scan on sbtest8_pkey  (cost=0.00..29.98 rows=955 width=0)
	        Index Cond: ((id >= 3643489) AND (id <= 3644488))

for point_selects
table 1 : explain SELECT c FROM sbtest1 WHERE id=3247367
	Index Scan using sbtest1_pkey on sbtest1  (cost=0.43..8.45 rows=1 width=121)
	  Index Cond: (id = 3247367)

table 2 : explain SELECT c FROM sbtest2 WHERE id=892992
	Index Scan using sbtest2_pkey on sbtest2  (cost=0.43..8.45 rows=1 width=121)
	  Index Cond: (id = 892992)

table 3 : explain SELECT c FROM sbtest3 WHERE id=4410334
	Index Scan using sbtest3_pkey on sbtest3  (cost=0.43..8.45 rows=1 width=121)
	  Index Cond: (id = 4410334)

table 4 : explain SELECT c FROM sbtest4 WHERE id=6660887
	Index Scan using sbtest4_pkey on sbtest4  (cost=0.43..8.45 rows=1 width=121)
	  Index Cond: (id = 6660887)

table 5 : explain SELECT c FROM sbtest5 WHERE id=5677614
	Index Scan using sbtest5_pkey on sbtest5  (cost=0.43..8.45 rows=1 width=121)
	  Index Cond: (id = 5677614)

table 6 : explain SELECT c FROM sbtest6 WHERE id=2542258
	Index Scan using sbtest6_pkey on sbtest6  (cost=0.43..8.45 rows=1 width=121)
	  Index Cond: (id = 2542258)

table 7 : explain SELECT c FROM sbtest7 WHERE id=9678848
	Index Scan using sbtest7_pkey on sbtest7  (cost=0.43..8.45 rows=1 width=121)
	  Index Cond: (id = 9678848)

table 8 : explain SELECT c FROM sbtest8 WHERE id=5892375
	Index Scan using sbtest8_pkey on sbtest8  (cost=0.43..8.45 rows=1 width=121)
	  Index Cond: (id = 5892375)

for: sum_ranges
table 1 : explain SELECT SUM(k) FROM sbtest1 WHERE id BETWEEN 6780435 AND 6781434
	Aggregate  (cost=4013.23..4013.24 rows=1 width=8)
	  ->  Bitmap Heap Scan on sbtest1  (cost=31.05..4010.64 rows=1036 width=4)
	        Recheck Cond: ((id >= 6780435) AND (id <= 6781434))
	        ->  Bitmap Index Scan on sbtest1_pkey  (cost=0.00..30.79 rows=1036 width=0)
	              Index Cond: ((id >= 6780435) AND (id <= 6781434))

table 2 : explain SELECT SUM(k) FROM sbtest2 WHERE id BETWEEN 7696298 AND 7697297
	Aggregate  (cost=3956.70..3956.71 rows=1 width=8)
	  ->  Bitmap Heap Scan on sbtest2  (cost=30.90..3954.15 rows=1021 width=4)
	        Recheck Cond: ((id >= 7696298) AND (id <= 7697297))
	        ->  Bitmap Index Scan on sbtest2_pkey  (cost=0.00..30.64 rows=1021 width=0)
	              Index Cond: ((id >= 7696298) AND (id <= 7697297))

table 3 : explain SELECT SUM(k) FROM sbtest3 WHERE id BETWEEN 2428507 AND 2429506
	Aggregate  (cost=3888.47..3888.48 rows=1 width=8)
	  ->  Bitmap Heap Scan on sbtest3  (cost=30.72..3885.97 rows=1003 width=4)
	        Recheck Cond: ((id >= 2428507) AND (id <= 2429506))
	        ->  Bitmap Index Scan on sbtest3_pkey  (cost=0.00..30.46 rows=1003 width=0)
	              Index Cond: ((id >= 2428507) AND (id <= 2429506))

table 4 : explain SELECT SUM(k) FROM sbtest4 WHERE id BETWEEN 9127703 AND 9128702
	Aggregate  (cost=3457.56..3457.57 rows=1 width=8)
	  ->  Bitmap Heap Scan on sbtest4  (cost=29.55..3455.34 rows=889 width=4)
	        Recheck Cond: ((id >= 9127703) AND (id <= 9128702))
	        ->  Bitmap Index Scan on sbtest4_pkey  (cost=0.00..29.32 rows=889 width=0)
	              Index Cond: ((id >= 9127703) AND (id <= 9128702))

table 5 : explain SELECT SUM(k) FROM sbtest5 WHERE id BETWEEN 9870866 AND 9871865
	Aggregate  (cost=3767.82..3767.83 rows=1 width=8)
	  ->  Bitmap Heap Scan on sbtest5  (cost=30.39..3765.39 rows=971 width=4)
	        Recheck Cond: ((id >= 9870866) AND (id <= 9871865))
	        ->  Bitmap Index Scan on sbtest5_pkey  (cost=0.00..30.14 rows=971 width=0)
	              Index Cond: ((id >= 9870866) AND (id <= 9871865))

table 6 : explain SELECT SUM(k) FROM sbtest6 WHERE id BETWEEN 8765581 AND 8766580
	Aggregate  (cost=3699.42..3699.43 rows=1 width=8)
	  ->  Bitmap Heap Scan on sbtest6  (cost=30.20..3697.04 rows=953 width=4)
	        Recheck Cond: ((id >= 8765581) AND (id <= 8766580))
	        ->  Bitmap Index Scan on sbtest6_pkey  (cost=0.00..29.96 rows=953 width=0)
	              Index Cond: ((id >= 8765581) AND (id <= 8766580))

table 7 : explain SELECT SUM(k) FROM sbtest7 WHERE id BETWEEN 7861520 AND 7862519
	Aggregate  (cost=3711.12..3711.13 rows=1 width=8)
	  ->  Bitmap Heap Scan on sbtest7  (cost=30.23..3708.73 rows=956 width=4)
	        Recheck Cond: ((id >= 7861520) AND (id <= 7862519))
	        ->  Bitmap Index Scan on sbtest7_pkey  (cost=0.00..30.00 rows=956 width=0)
	              Index Cond: ((id >= 7861520) AND (id <= 7862519))

table 8 : explain SELECT SUM(k) FROM sbtest8 WHERE id BETWEEN 6900563 AND 6901562
	Aggregate  (cost=4073.91..4073.92 rows=1 width=8)
	  ->  Bitmap Heap Scan on sbtest8  (cost=35.21..4071.29 rows=1051 width=4)
	        Recheck Cond: ((id >= 6900563) AND (id <= 6901562))
	        ->  Bitmap Index Scan on sbtest8_pkey  (cost=0.00..34.95 rows=1051 width=0)
	              Index Cond: ((id >= 6900563) AND (id <= 6901562))

for point_selects
table 1 : explain SELECT c FROM sbtest1 WHERE id=6707100
	Index Scan using sbtest1_pkey on sbtest1  (cost=0.43..8.45 rows=1 width=121)
	  Index Cond: (id = 6707100)

table 2 : explain SELECT c FROM sbtest2 WHERE id=9887665
	Index Scan using sbtest2_pkey on sbtest2  (cost=0.43..8.45 rows=1 width=121)
	  Index Cond: (id = 9887665)

table 3 : explain SELECT c FROM sbtest3 WHERE id=1957267
	Index Scan using sbtest3_pkey on sbtest3  (cost=0.43..8.45 rows=1 width=121)
	  Index Cond: (id = 1957267)

table 4 : explain SELECT c FROM sbtest4 WHERE id=6279620
	Index Scan using sbtest4_pkey on sbtest4  (cost=0.43..8.45 rows=1 width=121)
	  Index Cond: (id = 6279620)

table 5 : explain SELECT c FROM sbtest5 WHERE id=9977884
	Index Scan using sbtest5_pkey on sbtest5  (cost=0.43..8.45 rows=1 width=121)
	  Index Cond: (id = 9977884)

table 6 : explain SELECT c FROM sbtest6 WHERE id=6212352
	Index Scan using sbtest6_pkey on sbtest6  (cost=0.43..8.45 rows=1 width=121)
	  Index Cond: (id = 6212352)

table 7 : explain SELECT c FROM sbtest7 WHERE id=2637099
	Index Scan using sbtest7_pkey on sbtest7  (cost=0.43..8.45 rows=1 width=121)
	  Index Cond: (id = 2637099)

table 8 : explain SELECT c FROM sbtest8 WHERE id=9432711
	Index Scan using sbtest8_pkey on sbtest8  (cost=0.43..8.45 rows=1 width=121)
	  Index Cond: (id = 9432711)

for: sum_ranges
table 1 : explain SELECT SUM(k) FROM sbtest1 WHERE id BETWEEN 126638 AND 127637
	Aggregate  (cost=4050.95..4050.96 rows=1 width=8)
	  ->  Bitmap Heap Scan on sbtest1  (cost=31.16..4048.34 rows=1046 width=4)
	        Recheck Cond: ((id >= 126638) AND (id <= 127637))
	        ->  Bitmap Index Scan on sbtest1_pkey  (cost=0.00..30.89 rows=1046 width=0)
	              Index Cond: ((id >= 126638) AND (id <= 127637))

table 2 : explain SELECT SUM(k) FROM sbtest2 WHERE id BETWEEN 8978669 AND 8979668
	Aggregate  (cost=3677.03..3677.04 rows=1 width=8)
	  ->  Bitmap Heap Scan on sbtest2  (cost=30.14..3674.66 rows=947 width=4)
	        Recheck Cond: ((id >= 8978669) AND (id <= 8979668))
	        ->  Bitmap Index Scan on sbtest2_pkey  (cost=0.00..29.90 rows=947 width=0)
	              Index Cond: ((id >= 8978669) AND (id <= 8979668))

table 3 : explain SELECT SUM(k) FROM sbtest3 WHERE id BETWEEN 5203144 AND 5204143
	Aggregate  (cost=3354.70..3354.71 rows=1 width=8)
	  ->  Bitmap Heap Scan on sbtest3  (cost=29.27..3352.55 rows=862 width=4)
	        Recheck Cond: ((id >= 5203144) AND (id <= 5204143))
	        ->  Bitmap Index Scan on sbtest3_pkey  (cost=0.00..29.05 rows=862 width=0)
	              Index Cond: ((id >= 5203144) AND (id <= 5204143))

table 4 : explain SELECT SUM(k) FROM sbtest4 WHERE id BETWEEN 6412673 AND 6413672
	Aggregate  (cost=3990.96..3990.97 rows=1 width=8)
	  ->  Bitmap Heap Scan on sbtest4  (cost=30.99..3988.38 rows=1030 width=4)
	        Recheck Cond: ((id >= 6412673) AND (id <= 6413672))
	        ->  Bitmap Index Scan on sbtest4_pkey  (cost=0.00..30.73 rows=1030 width=0)
	              Index Cond: ((id >= 6412673) AND (id <= 6413672))

table 5 : explain SELECT SUM(k) FROM sbtest5 WHERE id BETWEEN 3457544 AND 3458543
	Aggregate  (cost=3892.53..3892.54 rows=1 width=8)
	  ->  Bitmap Heap Scan on sbtest5  (cost=30.73..3890.02 rows=1004 width=4)
	        Recheck Cond: ((id >= 3457544) AND (id <= 3458543))
	        ->  Bitmap Index Scan on sbtest5_pkey  (cost=0.00..30.47 rows=1004 width=0)
	              Index Cond: ((id >= 3457544) AND (id <= 3458543))

table 6 : explain SELECT SUM(k) FROM sbtest6 WHERE id BETWEEN 7730591 AND 7731590
	Aggregate  (cost=4115.00..4115.01 rows=1 width=8)
	  ->  Bitmap Heap Scan on sbtest6  (cost=35.32..4112.35 rows=1062 width=4)
	        Recheck Cond: ((id >= 7730591) AND (id <= 7731590))
	        ->  Bitmap Index Scan on sbtest6_pkey  (cost=0.00..35.06 rows=1062 width=0)
	              Index Cond: ((id >= 7730591) AND (id <= 7731590))

table 7 : explain SELECT SUM(k) FROM sbtest7 WHERE id BETWEEN 467152 AND 468151
	Aggregate  (cost=3896.33..3896.34 rows=1 width=8)
	  ->  Bitmap Heap Scan on sbtest7  (cost=30.74..3893.82 rows=1005 width=4)
	        Recheck Cond: ((id >= 467152) AND (id <= 468151))
	        ->  Bitmap Index Scan on sbtest7_pkey  (cost=0.00..30.48 rows=1005 width=0)
	              Index Cond: ((id >= 467152) AND (id <= 468151))

table 8 : explain SELECT SUM(k) FROM sbtest8 WHERE id BETWEEN 4967726 AND 4968725
	Aggregate  (cost=4032.42..4032.43 rows=1 width=8)
	  ->  Bitmap Heap Scan on sbtest8  (cost=35.09..4029.82 rows=1040 width=4)
	        Recheck Cond: ((id >= 4967726) AND (id <= 4968725))
	        ->  Bitmap Index Scan on sbtest8_pkey  (cost=0.00..34.84 rows=1040 width=0)
	              Index Cond: ((id >= 4967726) AND (id <= 4968725))

for: sum_ranges
table 1 : explain SELECT SUM(k) FROM sbtest1 WHERE id BETWEEN 352929 AND 353928
	Aggregate  (cost=4168.04..4168.05 rows=1 width=8)
	  ->  Bitmap Heap Scan on sbtest1  (cost=35.46..4165.35 rows=1076 width=4)
	        Recheck Cond: ((id >= 352929) AND (id <= 353928))
	        ->  Bitmap Index Scan on sbtest1_pkey  (cost=0.00..35.20 rows=1076 width=0)
	              Index Cond: ((id >= 352929) AND (id <= 353928))

table 2 : explain SELECT SUM(k) FROM sbtest2 WHERE id BETWEEN 5201538 AND 5202537
	Aggregate  (cost=3816.95..3816.96 rows=1 width=8)
	  ->  Bitmap Heap Scan on sbtest2  (cost=30.52..3814.49 rows=984 width=4)
	        Recheck Cond: ((id >= 5201538) AND (id <= 5202537))
	        ->  Bitmap Index Scan on sbtest2_pkey  (cost=0.00..30.27 rows=984 width=0)
	              Index Cond: ((id >= 5201538) AND (id <= 5202537))

table 3 : explain SELECT SUM(k) FROM sbtest3 WHERE id BETWEEN 822742 AND 823741
	Aggregate  (cost=3903.58..3903.59 rows=1 width=8)
	  ->  Bitmap Heap Scan on sbtest3  (cost=30.76..3901.06 rows=1007 width=4)
	        Recheck Cond: ((id >= 822742) AND (id <= 823741))
	        ->  Bitmap Index Scan on sbtest3_pkey  (cost=0.00..30.50 rows=1007 width=0)
	              Index Cond: ((id >= 822742) AND (id <= 823741))

table 4 : explain SELECT SUM(k) FROM sbtest4 WHERE id BETWEEN 4781262 AND 4782261
	Aggregate  (cost=3696.20..3696.21 rows=1 width=8)
	  ->  Bitmap Heap Scan on sbtest4  (cost=30.19..3693.82 rows=952 width=4)
	        Recheck Cond: ((id >= 4781262) AND (id <= 4782261))
	        ->  Bitmap Index Scan on sbtest4_pkey  (cost=0.00..29.95 rows=952 width=0)
	              Index Cond: ((id >= 4781262) AND (id <= 4782261))

table 5 : explain SELECT SUM(k) FROM sbtest5 WHERE id BETWEEN 1404402 AND 1405401
	Aggregate  (cost=3586.19..3586.20 rows=1 width=8)
	  ->  Bitmap Heap Scan on sbtest5  (cost=29.90..3583.88 rows=923 width=4)
	        Recheck Cond: ((id >= 1404402) AND (id <= 1405401))
	        ->  Bitmap Index Scan on sbtest5_pkey  (cost=0.00..29.66 rows=923 width=0)
	              Index Cond: ((id >= 1404402) AND (id <= 1405401))

table 6 : explain SELECT SUM(k) FROM sbtest6 WHERE id BETWEEN 395548 AND 396547
	Aggregate  (cost=3990.55..3990.56 rows=1 width=8)
	  ->  Bitmap Heap Scan on sbtest6  (cost=34.98..3987.98 rows=1029 width=4)
	        Recheck Cond: ((id >= 395548) AND (id <= 396547))
	        ->  Bitmap Index Scan on sbtest6_pkey  (cost=0.00..34.73 rows=1029 width=0)
	              Index Cond: ((id >= 395548) AND (id <= 396547))

table 7 : explain SELECT SUM(k) FROM sbtest7 WHERE id BETWEEN 8855771 AND 8856770
	Aggregate  (cost=3764.07..3764.08 rows=1 width=8)
	  ->  Bitmap Heap Scan on sbtest7  (cost=30.38..3761.65 rows=970 width=4)
	        Recheck Cond: ((id >= 8855771) AND (id <= 8856770))
	        ->  Bitmap Index Scan on sbtest7_pkey  (cost=0.00..30.14 rows=970 width=0)
	              Index Cond: ((id >= 8855771) AND (id <= 8856770))

table 8 : explain SELECT SUM(k) FROM sbtest8 WHERE id BETWEEN 9051782 AND 9052781
	Aggregate  (cost=3994.69..3994.70 rows=1 width=8)
	  ->  Bitmap Heap Scan on sbtest8  (cost=34.99..3992.12 rows=1030 width=4)
	        Recheck Cond: ((id >= 9051782) AND (id <= 9052781))
	        ->  Bitmap Index Scan on sbtest8_pkey  (cost=0.00..34.73 rows=1030 width=0)
	              Index Cond: ((id >= 9051782) AND (id <= 9052781))

for: simple_ranges
table 1 : explain SELECT c FROM sbtest1 WHERE id BETWEEN 5831875 AND 5832874
	Bitmap Heap Scan on sbtest1  (cost=30.75..3897.48 rows=1006 width=121)
	  Recheck Cond: ((id >= 5831875) AND (id <= 5832874))
	  ->  Bitmap Index Scan on sbtest1_pkey  (cost=0.00..30.50 rows=1006 width=0)
	        Index Cond: ((id >= 5831875) AND (id <= 5832874))

table 2 : explain SELECT c FROM sbtest2 WHERE id BETWEEN 8196641 AND 8197640
	Bitmap Heap Scan on sbtest2  (cost=30.35..3750.26 rows=967 width=121)
	  Recheck Cond: ((id >= 8196641) AND (id <= 8197640))
	  ->  Bitmap Index Scan on sbtest2_pkey  (cost=0.00..30.11 rows=967 width=0)
	        Index Cond: ((id >= 8196641) AND (id <= 8197640))

table 3 : explain SELECT c FROM sbtest3 WHERE id BETWEEN 8874170 AND 8875169
	Bitmap Heap Scan on sbtest3  (cost=30.07..3647.95 rows=940 width=121)
	  Recheck Cond: ((id >= 8874170) AND (id <= 8875169))
	  ->  Bitmap Index Scan on sbtest3_pkey  (cost=0.00..29.83 rows=940 width=0)
	        Index Cond: ((id >= 8874170) AND (id <= 8875169))

table 4 : explain SELECT c FROM sbtest4 WHERE id BETWEEN 4007170 AND 4008169
	Bitmap Heap Scan on sbtest4  (cost=35.60..4214.69 rows=1089 width=121)
	  Recheck Cond: ((id >= 4007170) AND (id <= 4008169))
	  ->  Bitmap Index Scan on sbtest4_pkey  (cost=0.00..35.33 rows=1089 width=0)
	        Index Cond: ((id >= 4007170) AND (id <= 4008169))

table 5 : explain SELECT c FROM sbtest5 WHERE id BETWEEN 5417092 AND 5418091
	Bitmap Heap Scan on sbtest5  (cost=30.37..3757.84 rows=969 width=121)
	  Recheck Cond: ((id >= 5417092) AND (id <= 5418091))
	  ->  Bitmap Index Scan on sbtest5_pkey  (cost=0.00..30.12 rows=969 width=0)
	        Index Cond: ((id >= 5417092) AND (id <= 5418091))

table 6 : explain SELECT c FROM sbtest6 WHERE id BETWEEN 513251 AND 514250
	Bitmap Heap Scan on sbtest6  (cost=35.33..4116.11 rows=1063 width=121)
	  Recheck Cond: ((id >= 513251) AND (id <= 514250))
	  ->  Bitmap Index Scan on sbtest6_pkey  (cost=0.00..35.07 rows=1063 width=0)
	        Index Cond: ((id >= 513251) AND (id <= 514250))

table 7 : explain SELECT c FROM sbtest7 WHERE id BETWEEN 4015226 AND 4016225
	Bitmap Heap Scan on sbtest7  (cost=30.77..3905.14 rows=1008 width=121)
	  Recheck Cond: ((id >= 4015226) AND (id <= 4016225))
	  ->  Bitmap Index Scan on sbtest7_pkey  (cost=0.00..30.51 rows=1008 width=0)
	        Index Cond: ((id >= 4015226) AND (id <= 4016225))

table 8 : explain SELECT c FROM sbtest8 WHERE id BETWEEN 816841 AND 817840
	Bitmap Heap Scan on sbtest8  (cost=35.01..3999.66 rows=1032 width=121)
	  Recheck Cond: ((id >= 816841) AND (id <= 817840))
	  ->  Bitmap Index Scan on sbtest8_pkey  (cost=0.00..34.76 rows=1032 width=0)
	        Index Cond: ((id >= 816841) AND (id <= 817840))

for: order_ranges
table 1 : explain SELECT c FROM sbtest1 WHERE id BETWEEN 4624468 AND 4625467 ORDER BY c
	Sort  (cost=3894.00..3896.48 rows=992 width=121)
	  Sort Key: c
	  ->  Bitmap Heap Scan on sbtest1  (cost=30.60..3844.63 rows=992 width=121)
	        Recheck Cond: ((id >= 4624468) AND (id <= 4625467))
	        ->  Bitmap Index Scan on sbtest1_pkey  (cost=0.00..30.36 rows=992 width=0)
	              Index Cond: ((id >= 4624468) AND (id <= 4625467))

table 2 : explain SELECT c FROM sbtest2 WHERE id BETWEEN 1397181 AND 1398180 ORDER BY c
	Sort  (cost=4104.87..4107.49 rows=1046 width=121)
	  Sort Key: c
	  ->  Bitmap Heap Scan on sbtest2  (cost=35.16..4052.41 rows=1046 width=121)
	        Recheck Cond: ((id >= 1397181) AND (id <= 1398180))
	        ->  Bitmap Index Scan on sbtest2_pkey  (cost=0.00..34.90 rows=1046 width=0)
	              Index Cond: ((id >= 1397181) AND (id <= 1398180))

table 3 : explain SELECT c FROM sbtest3 WHERE id BETWEEN 6089029 AND 6090028 ORDER BY c
	Sort  (cost=3771.12..3773.52 rows=960 width=121)
	  Sort Key: c
	  ->  Bitmap Heap Scan on sbtest3  (cost=30.27..3723.57 rows=960 width=121)
	        Recheck Cond: ((id >= 6089029) AND (id <= 6090028))
	        ->  Bitmap Index Scan on sbtest3_pkey  (cost=0.00..30.04 rows=960 width=0)
	              Index Cond: ((id >= 6089029) AND (id <= 6090028))

table 4 : explain SELECT c FROM sbtest4 WHERE id BETWEEN 6761014 AND 6762013 ORDER BY c
	Sort  (cost=3767.78..3770.18 rows=959 width=121)
	  Sort Key: c
	  ->  Bitmap Heap Scan on sbtest4  (cost=30.26..3720.29 rows=959 width=121)
	        Recheck Cond: ((id >= 6761014) AND (id <= 6762013))
	        ->  Bitmap Index Scan on sbtest4_pkey  (cost=0.00..30.02 rows=959 width=0)
	              Index Cond: ((id >= 6761014) AND (id <= 6762013))

table 5 : explain SELECT c FROM sbtest5 WHERE id BETWEEN 3882621 AND 3883620 ORDER BY c
	Sort  (cost=3571.71..3573.98 rows=908 width=121)
	  Sort Key: c
	  ->  Bitmap Heap Scan on sbtest5  (cost=29.74..3527.09 rows=908 width=121)
	        Recheck Cond: ((id >= 3882621) AND (id <= 3883620))
	        ->  Bitmap Index Scan on sbtest5_pkey  (cost=0.00..29.51 rows=908 width=0)
	              Index Cond: ((id >= 3882621) AND (id <= 3883620))

table 6 : explain SELECT c FROM sbtest6 WHERE id BETWEEN 1452284 AND 1453283 ORDER BY c
	Sort  (cost=4150.43..4153.07 rows=1058 width=121)
	  Sort Key: c
	  ->  Bitmap Heap Scan on sbtest6  (cost=35.28..4097.28 rows=1058 width=121)
	        Recheck Cond: ((id >= 1452284) AND (id <= 1453283))
	        ->  Bitmap Index Scan on sbtest6_pkey  (cost=0.00..35.02 rows=1058 width=0)
	              Index Cond: ((id >= 1452284) AND (id <= 1453283))

table 7 : explain SELECT c FROM sbtest7 WHERE id BETWEEN 9203883 AND 9204882 ORDER BY c
	Sort  (cost=3406.37..3408.53 rows=865 width=121)
	  Sort Key: c
	  ->  Bitmap Heap Scan on sbtest7  (cost=29.30..3364.17 rows=865 width=121)
	        Recheck Cond: ((id >= 9203883) AND (id <= 9204882))
	        ->  Bitmap Index Scan on sbtest7_pkey  (cost=0.00..29.08 rows=865 width=0)
	              Index Cond: ((id >= 9203883) AND (id <= 9204882))

table 8 : explain SELECT c FROM sbtest8 WHERE id BETWEEN 3785863 AND 3786862 ORDER BY c
	Sort  (cost=3748.36..3750.75 rows=954 width=121)
	  Sort Key: c
	  ->  Bitmap Heap Scan on sbtest8  (cost=30.21..3701.15 rows=954 width=121)
	        Recheck Cond: ((id >= 3785863) AND (id <= 3786862))
	        ->  Bitmap Index Scan on sbtest8_pkey  (cost=0.00..29.97 rows=954 width=0)
	              Index Cond: ((id >= 3785863) AND (id <= 3786862))

for: distinct_ranges
table 1 : explain SELECT DISTINCT c FROM sbtest1 WHERE id BETWEEN 7945469 AND 7946468 ORDER BY c
	Unique  (cost=3936.16..3941.17 rows=1003 width=121)
	  ->  Sort  (cost=3936.16..3938.66 rows=1003 width=121)
	        Sort Key: c
	        ->  Bitmap Heap Scan on sbtest1  (cost=30.72..3886.16 rows=1003 width=121)
	              Recheck Cond: ((id >= 7945469) AND (id <= 7946468))
	              ->  Bitmap Index Scan on sbtest1_pkey  (cost=0.00..30.46 rows=1003 width=0)
	                    Index Cond: ((id >= 7945469) AND (id <= 7946468))

table 2 : explain SELECT DISTINCT c FROM sbtest2 WHERE id BETWEEN 8551651 AND 8552650 ORDER BY c
	Unique  (cost=3683.09..3687.77 rows=937 width=121)
	  ->  Sort  (cost=3683.09..3685.43 rows=937 width=121)
	        Sort Key: c
	        ->  Bitmap Heap Scan on sbtest2  (cost=30.04..3636.84 rows=937 width=121)
	              Recheck Cond: ((id >= 8551651) AND (id <= 8552650))
	              ->  Bitmap Index Scan on sbtest2_pkey  (cost=0.00..29.80 rows=937 width=0)
	                    Index Cond: ((id >= 8551651) AND (id <= 8552650))

table 3 : explain SELECT DISTINCT c FROM sbtest3 WHERE id BETWEEN 4559376 AND 4560375 ORDER BY c
	Unique  (cost=3817.14..3822.00 rows=972 width=121)
	  ->  Sort  (cost=3817.14..3819.57 rows=972 width=121)
	        Sort Key: c
	        ->  Bitmap Heap Scan on sbtest3  (cost=30.40..3768.91 rows=972 width=121)
	              Recheck Cond: ((id >= 4559376) AND (id <= 4560375))
	              ->  Bitmap Index Scan on sbtest3_pkey  (cost=0.00..30.15 rows=972 width=0)
	                    Index Cond: ((id >= 4559376) AND (id <= 4560375))

table 4 : explain SELECT DISTINCT c FROM sbtest4 WHERE id BETWEEN 3081933 AND 3082932 ORDER BY c
	Unique  (cost=4039.92..4045.07 rows=1030 width=121)
	  ->  Sort  (cost=4039.92..4042.50 rows=1030 width=121)
	        Sort Key: c
	        ->  Bitmap Heap Scan on sbtest4  (cost=30.99..3988.38 rows=1030 width=121)
	              Recheck Cond: ((id >= 3081933) AND (id <= 3082932))
	              ->  Bitmap Index Scan on sbtest4_pkey  (cost=0.00..30.73 rows=1030 width=0)
	                    Index Cond: ((id >= 3081933) AND (id <= 3082932))

table 5 : explain SELECT DISTINCT c FROM sbtest5 WHERE id BETWEEN 5982998 AND 5983997 ORDER BY c
	Unique  (cost=3606.29..3610.87 rows=917 width=121)
	  ->  Sort  (cost=3606.29..3608.58 rows=917 width=121)
	        Sort Key: c
	        ->  Bitmap Heap Scan on sbtest5  (cost=29.83..3561.17 rows=917 width=121)
	              Recheck Cond: ((id >= 5982998) AND (id <= 5983997))
	              ->  Bitmap Index Scan on sbtest5_pkey  (cost=0.00..29.61 rows=917 width=0)
	                    Index Cond: ((id >= 5982998) AND (id <= 5983997))

table 6 : explain SELECT DISTINCT c FROM sbtest6 WHERE id BETWEEN 5101639 AND 5102638 ORDER BY c
	Unique  (cost=4284.22..4289.68 rows=1093 width=121)
	  ->  Sort  (cost=4284.22..4286.95 rows=1093 width=121)
	        Sort Key: c
	        ->  Bitmap Heap Scan on sbtest6  (cost=35.64..4229.05 rows=1093 width=121)
	              Recheck Cond: ((id >= 5101639) AND (id <= 5102638))
	              ->  Bitmap Index Scan on sbtest6_pkey  (cost=0.00..35.37 rows=1093 width=0)
	                    Index Cond: ((id >= 5101639) AND (id <= 5102638))

table 7 : explain SELECT DISTINCT c FROM sbtest7 WHERE id BETWEEN 9479620 AND 9480619 ORDER BY c
	Unique  (cost=3594.79..3599.36 rows=914 width=121)
	  ->  Sort  (cost=3594.79..3597.07 rows=914 width=121)
	        Sort Key: c
	        ->  Bitmap Heap Scan on sbtest7  (cost=29.80..3549.84 rows=914 width=121)
	              Recheck Cond: ((id >= 9479620) AND (id <= 9480619))
	              ->  Bitmap Index Scan on sbtest7_pkey  (cost=0.00..29.57 rows=914 width=0)
	                    Index Cond: ((id >= 9479620) AND (id <= 9480619))

table 8 : explain SELECT DISTINCT c FROM sbtest8 WHERE id BETWEEN 6802337 AND 6803336 ORDER BY c
	Unique  (cost=3694.63..3699.33 rows=940 width=121)
	  ->  Sort  (cost=3694.63..3696.98 rows=940 width=121)
	        Sort Key: c
	        ->  Bitmap Heap Scan on sbtest8  (cost=30.07..3648.21 rows=940 width=121)
	              Recheck Cond: ((id >= 6802337) AND (id <= 6803336))
	              ->  Bitmap Index Scan on sbtest8_pkey  (cost=0.00..29.83 rows=940 width=0)
	                    Index Cond: ((id >= 6802337) AND (id <= 6803336))

for: sum_ranges
table 1 : explain SELECT SUM(k) FROM sbtest1 WHERE id BETWEEN 477857 AND 478856
	Aggregate  (cost=3737.49..3737.50 rows=1 width=8)
	  ->  Bitmap Heap Scan on sbtest1  (cost=30.31..3735.08 rows=963 width=4)
	        Recheck Cond: ((id >= 477857) AND (id <= 478856))
	        ->  Bitmap Index Scan on sbtest1_pkey  (cost=0.00..30.07 rows=963 width=0)
	              Index Cond: ((id >= 477857) AND (id <= 478856))

table 2 : explain SELECT SUM(k) FROM sbtest2 WHERE id BETWEEN 3452700 AND 3453699
	Aggregate  (cost=3956.70..3956.71 rows=1 width=8)
	  ->  Bitmap Heap Scan on sbtest2  (cost=30.90..3954.15 rows=1021 width=4)
	        Recheck Cond: ((id >= 3452700) AND (id <= 3453699))
	        ->  Bitmap Index Scan on sbtest2_pkey  (cost=0.00..30.64 rows=1021 width=0)
	              Index Cond: ((id >= 3452700) AND (id <= 3453699))

table 3 : explain SELECT SUM(k) FROM sbtest3 WHERE id BETWEEN 267350 AND 268349
	Aggregate  (cost=3805.36..3805.37 rows=1 width=8)
	  ->  Bitmap Heap Scan on sbtest3  (cost=30.49..3802.91 rows=981 width=4)
	        Recheck Cond: ((id >= 267350) AND (id <= 268349))
	        ->  Bitmap Index Scan on sbtest3_pkey  (cost=0.00..30.25 rows=981 width=0)
	              Index Cond: ((id >= 267350) AND (id <= 268349))

table 4 : explain SELECT SUM(k) FROM sbtest4 WHERE id BETWEEN 2559549 AND 2560548
	Aggregate  (cost=3658.36..3658.37 rows=1 width=8)
	  ->  Bitmap Heap Scan on sbtest4  (cost=30.09..3656.00 rows=942 width=4)
	        Recheck Cond: ((id >= 2559549) AND (id <= 2560548))
	        ->  Bitmap Index Scan on sbtest4_pkey  (cost=0.00..29.86 rows=942 width=0)
	              Index Cond: ((id >= 2559549) AND (id <= 2560548))

table 5 : explain SELECT SUM(k) FROM sbtest5 WHERE id BETWEEN 7407681 AND 7408680
	Aggregate  (cost=3847.20..3847.21 rows=1 width=8)
	  ->  Bitmap Heap Scan on sbtest5  (cost=30.60..3844.72 rows=992 width=4)
	        Recheck Cond: ((id >= 7407681) AND (id <= 7408680))
	        ->  Bitmap Index Scan on sbtest5_pkey  (cost=0.00..30.36 rows=992 width=0)
	              Index Cond: ((id >= 7407681) AND (id <= 7408680))

table 6 : explain SELECT SUM(k) FROM sbtest6 WHERE id BETWEEN 8894837 AND 8895836
	Aggregate  (cost=3873.30..3873.31 rows=1 width=8)
	  ->  Bitmap Heap Scan on sbtest6  (cost=30.67..3870.80 rows=999 width=4)
	        Recheck Cond: ((id >= 8894837) AND (id <= 8895836))
	        ->  Bitmap Index Scan on sbtest6_pkey  (cost=0.00..30.43 rows=999 width=0)
	              Index Cond: ((id >= 8894837) AND (id <= 8895836))

table 7 : explain SELECT SUM(k) FROM sbtest7 WHERE id BETWEEN 2399106 AND 2400105
	Aggregate  (cost=3608.93..3608.94 rows=1 width=8)
	  ->  Bitmap Heap Scan on sbtest7  (cost=29.96..3606.61 rows=929 width=4)
	        Recheck Cond: ((id >= 2399106) AND (id <= 2400105))
	        ->  Bitmap Index Scan on sbtest7_pkey  (cost=0.00..29.72 rows=929 width=0)
	              Index Cond: ((id >= 2399106) AND (id <= 2400105))

table 8 : explain SELECT SUM(k) FROM sbtest8 WHERE id BETWEEN 6733731 AND 6734730
	Aggregate  (cost=3650.56..3650.57 rows=1 width=8)
	  ->  Bitmap Heap Scan on sbtest8  (cost=30.07..3648.21 rows=940 width=4)
	        Recheck Cond: ((id >= 6733731) AND (id <= 6734730))
	        ->  Bitmap Index Scan on sbtest8_pkey  (cost=0.00..29.83 rows=940 width=0)
	              Index Cond: ((id >= 6733731) AND (id <= 6734730))

for: simple_ranges
table 1 : explain SELECT c FROM sbtest1 WHERE id BETWEEN 5274410 AND 5275409
	Bitmap Heap Scan on sbtest1  (cost=30.36..3753.98 rows=968 width=121)
	  Recheck Cond: ((id >= 5274410) AND (id <= 5275409))
	  ->  Bitmap Index Scan on sbtest1_pkey  (cost=0.00..30.11 rows=968 width=0)
	        Index Cond: ((id >= 5274410) AND (id <= 5275409))

table 2 : explain SELECT c FROM sbtest2 WHERE id BETWEEN 8411324 AND 8412323
	Bitmap Heap Scan on sbtest2  (cost=35.55..4195.55 rows=1084 width=121)
	  Recheck Cond: ((id >= 8411324) AND (id <= 8412323))
	  ->  Bitmap Index Scan on sbtest2_pkey  (cost=0.00..35.28 rows=1084 width=0)
	        Index Cond: ((id >= 8411324) AND (id <= 8412323))

table 3 : explain SELECT c FROM sbtest3 WHERE id BETWEEN 1786806 AND 1787805
	Bitmap Heap Scan on sbtest3  (cost=30.60..3844.44 rows=992 width=121)
	  Recheck Cond: ((id >= 1786806) AND (id <= 1787805))
	  ->  Bitmap Index Scan on sbtest3_pkey  (cost=0.00..30.36 rows=992 width=0)
	        Index Cond: ((id >= 1786806) AND (id <= 1787805))

table 4 : explain SELECT c FROM sbtest4 WHERE id BETWEEN 4312494 AND 4313493
	Bitmap Heap Scan on sbtest4  (cost=35.17..4056.48 rows=1047 width=121)
	  Recheck Cond: ((id >= 4312494) AND (id <= 4313493))
	  ->  Bitmap Index Scan on sbtest4_pkey  (cost=0.00..34.91 rows=1047 width=0)
	        Index Cond: ((id >= 4312494) AND (id <= 4313493))

table 5 : explain SELECT c FROM sbtest5 WHERE id BETWEEN 5868538 AND 5869537
	Bitmap Heap Scan on sbtest5  (cost=35.25..4086.35 rows=1055 width=121)
	  Recheck Cond: ((id >= 5868538) AND (id <= 5869537))
	  ->  Bitmap Index Scan on sbtest5_pkey  (cost=0.00..34.98 rows=1055 width=0)
	        Index Cond: ((id >= 5868538) AND (id <= 5869537))

table 6 : explain SELECT c FROM sbtest6 WHERE id BETWEEN 6152686 AND 6153685
	Bitmap Heap Scan on sbtest6  (cost=30.45..3787.73 rows=977 width=121)
	  Recheck Cond: ((id >= 6152686) AND (id <= 6153685))
	  ->  Bitmap Index Scan on sbtest6_pkey  (cost=0.00..30.20 rows=977 width=0)
	        Index Cond: ((id >= 6152686) AND (id <= 6153685))

table 7 : explain SELECT c FROM sbtest7 WHERE id BETWEEN 3338712 AND 3339711
	Bitmap Heap Scan on sbtest7  (cost=30.89..3950.42 rows=1020 width=121)
	  Recheck Cond: ((id >= 3338712) AND (id <= 3339711))
	  ->  Bitmap Index Scan on sbtest7_pkey  (cost=0.00..30.64 rows=1020 width=0)
	        Index Cond: ((id >= 3338712) AND (id <= 3339711))

table 8 : explain SELECT c FROM sbtest8 WHERE id BETWEEN 9753494 AND 9754493
	Bitmap Heap Scan on sbtest8  (cost=29.78..3542.25 rows=912 width=121)
	  Recheck Cond: ((id >= 9753494) AND (id <= 9754493))
	  ->  Bitmap Index Scan on sbtest8_pkey  (cost=0.00..29.55 rows=912 width=0)
	        Index Cond: ((id >= 9753494) AND (id <= 9754493))

for: simple_ranges
table 1 : explain SELECT c FROM sbtest1 WHERE id BETWEEN 631510 AND 632509
	Bitmap Heap Scan on sbtest1  (cost=30.99..3988.02 rows=1030 width=121)
	  Recheck Cond: ((id >= 631510) AND (id <= 632509))
	  ->  Bitmap Index Scan on sbtest1_pkey  (cost=0.00..30.73 rows=1030 width=0)
	        Index Cond: ((id >= 631510) AND (id <= 632509))

table 2 : explain SELECT c FROM sbtest2 WHERE id BETWEEN 3433712 AND 3434711
	Bitmap Heap Scan on sbtest2  (cost=30.90..3954.15 rows=1021 width=121)
	  Recheck Cond: ((id >= 3433712) AND (id <= 3434711))
	  ->  Bitmap Index Scan on sbtest2_pkey  (cost=0.00..30.64 rows=1021 width=0)
	        Index Cond: ((id >= 3433712) AND (id <= 3434711))

table 3 : explain SELECT c FROM sbtest3 WHERE id BETWEEN 4235348 AND 4236347
	Bitmap Heap Scan on sbtest3  (cost=30.24..3712.23 rows=957 width=121)
	  Recheck Cond: ((id >= 4235348) AND (id <= 4236347))
	  ->  Bitmap Index Scan on sbtest3_pkey  (cost=0.00..30.00 rows=957 width=0)
	        Index Cond: ((id >= 4235348) AND (id <= 4236347))

table 4 : explain SELECT c FROM sbtest4 WHERE id BETWEEN 691590 AND 692589
	Bitmap Heap Scan on sbtest4  (cost=29.94..3599.25 rows=927 width=121)
	  Recheck Cond: ((id >= 691590) AND (id <= 692589))
	  ->  Bitmap Index Scan on sbtest4_pkey  (cost=0.00..29.70 rows=927 width=0)
	        Index Cond: ((id >= 691590) AND (id <= 692589))

table 5 : explain SELECT c FROM sbtest5 WHERE id BETWEEN 6672597 AND 6673596
	Bitmap Heap Scan on sbtest5  (cost=35.23..4078.81 rows=1053 width=121)
	  Recheck Cond: ((id >= 6672597) AND (id <= 6673596))
	  ->  Bitmap Index Scan on sbtest5_pkey  (cost=0.00..34.97 rows=1053 width=0)
	        Index Cond: ((id >= 6672597) AND (id <= 6673596))

table 6 : explain SELECT c FROM sbtest6 WHERE id BETWEEN 3136851 AND 3137850
	Bitmap Heap Scan on sbtest6  (cost=35.00..3995.52 rows=1031 width=121)
	  Recheck Cond: ((id >= 3136851) AND (id <= 3137850))
	  ->  Bitmap Index Scan on sbtest6_pkey  (cost=0.00..34.75 rows=1031 width=0)
	        Index Cond: ((id >= 3136851) AND (id <= 3137850))

table 7 : explain SELECT c FROM sbtest7 WHERE id BETWEEN 7736458 AND 7737457
	Bitmap Heap Scan on sbtest7  (cost=30.04..3636.88 rows=937 width=121)
	  Recheck Cond: ((id >= 7736458) AND (id <= 7737457))
	  ->  Bitmap Index Scan on sbtest7_pkey  (cost=0.00..29.80 rows=937 width=0)
	        Index Cond: ((id >= 7736458) AND (id <= 7737457))

table 8 : explain SELECT c FROM sbtest8 WHERE id BETWEEN 8153269 AND 8154268
	Bitmap Heap Scan on sbtest8  (cost=29.99..3617.94 rows=932 width=121)
	  Recheck Cond: ((id >= 8153269) AND (id <= 8154268))
	  ->  Bitmap Index Scan on sbtest8_pkey  (cost=0.00..29.75 rows=932 width=0)
	        Index Cond: ((id >= 8153269) AND (id <= 8154268))

for: simple_ranges
table 1 : explain SELECT c FROM sbtest1 WHERE id BETWEEN 8981539 AND 8982538
	Bitmap Heap Scan on sbtest1  (cost=30.52..3814.42 rows=984 width=121)
	  Recheck Cond: ((id >= 8981539) AND (id <= 8982538))
	  ->  Bitmap Index Scan on sbtest1_pkey  (cost=0.00..30.27 rows=984 width=0)
	        Index Cond: ((id >= 8981539) AND (id <= 8982538))

table 2 : explain SELECT c FROM sbtest2 WHERE id BETWEEN 4440248 AND 4441247
	Bitmap Heap Scan on sbtest2  (cost=30.78..3908.87 rows=1009 width=121)
	  Recheck Cond: ((id >= 4440248) AND (id <= 4441247))
	  ->  Bitmap Index Scan on sbtest2_pkey  (cost=0.00..30.52 rows=1009 width=0)
	        Index Cond: ((id >= 4440248) AND (id <= 4441247))

table 3 : explain SELECT c FROM sbtest3 WHERE id BETWEEN 3854766 AND 3855765
	Bitmap Heap Scan on sbtest3  (cost=31.04..4006.67 rows=1035 width=121)
	  Recheck Cond: ((id >= 3854766) AND (id <= 3855765))
	  ->  Bitmap Index Scan on sbtest3_pkey  (cost=0.00..30.79 rows=1035 width=0)
	        Index Cond: ((id >= 3854766) AND (id <= 3855765))

table 4 : explain SELECT c FROM sbtest4 WHERE id BETWEEN 9898162 AND 9899161
	Bitmap Heap Scan on sbtest4  (cost=30.50..3807.20 rows=982 width=121)
	  Recheck Cond: ((id >= 9898162) AND (id <= 9899161))
	  ->  Bitmap Index Scan on sbtest4_pkey  (cost=0.00..30.25 rows=982 width=0)
	        Index Cond: ((id >= 9898162) AND (id <= 9899161))

table 5 : explain SELECT c FROM sbtest5 WHERE id BETWEEN 9181576 AND 9182575
	Bitmap Heap Scan on sbtest5  (cost=30.35..3750.28 rows=967 width=121)
	  Recheck Cond: ((id >= 9181576) AND (id <= 9182575))
	  ->  Bitmap Index Scan on sbtest5_pkey  (cost=0.00..30.11 rows=967 width=0)
	        Index Cond: ((id >= 9181576) AND (id <= 9182575))

table 6 : explain SELECT c FROM sbtest6 WHERE id BETWEEN 1623965 AND 1624964
	Bitmap Heap Scan on sbtest6  (cost=30.54..3821.72 rows=986 width=121)
	  Recheck Cond: ((id >= 1623965) AND (id <= 1624964))
	  ->  Bitmap Index Scan on sbtest6_pkey  (cost=0.00..30.29 rows=986 width=0)
	        Index Cond: ((id >= 1623965) AND (id <= 1624964))

table 7 : explain SELECT c FROM sbtest7 WHERE id BETWEEN 762600 AND 763599
	Bitmap Heap Scan on sbtest7  (cost=35.02..4003.45 rows=1033 width=121)
	  Recheck Cond: ((id >= 762600) AND (id <= 763599))
	  ->  Bitmap Index Scan on sbtest7_pkey  (cost=0.00..34.77 rows=1033 width=0)
	        Index Cond: ((id >= 762600) AND (id <= 763599))

table 8 : explain SELECT c FROM sbtest8 WHERE id BETWEEN 4857493 AND 4858492
	Bitmap Heap Scan on sbtest8  (cost=30.00..3621.73 rows=933 width=121)
	  Recheck Cond: ((id >= 4857493) AND (id <= 4858492))
	  ->  Bitmap Index Scan on sbtest8_pkey  (cost=0.00..29.76 rows=933 width=0)
	        Index Cond: ((id >= 4857493) AND (id <= 4858492))

for: sum_ranges
table 1 : explain SELECT SUM(k) FROM sbtest1 WHERE id BETWEEN 5201135 AND 5202134
	Aggregate  (cost=3756.40..3756.41 rows=1 width=8)
	  ->  Bitmap Heap Scan on sbtest1  (cost=30.36..3753.98 rows=968 width=4)
	        Recheck Cond: ((id >= 5201135) AND (id <= 5202134))
	        ->  Bitmap Index Scan on sbtest1_pkey  (cost=0.00..30.11 rows=968 width=0)
	              Index Cond: ((id >= 5201135) AND (id <= 5202134))

table 2 : explain SELECT SUM(k) FROM sbtest2 WHERE id BETWEEN 9110141 AND 9111140
	Aggregate  (cost=4017.31..4017.32 rows=1 width=8)
	  ->  Bitmap Heap Scan on sbtest2  (cost=35.05..4014.72 rows=1036 width=4)
	        Recheck Cond: ((id >= 9110141) AND (id <= 9111140))
	        ->  Bitmap Index Scan on sbtest2_pkey  (cost=0.00..34.80 rows=1036 width=0)
	              Index Cond: ((id >= 9110141) AND (id <= 9111140))

table 3 : explain SELECT SUM(k) FROM sbtest3 WHERE id BETWEEN 2421751 AND 2422750
	Aggregate  (cost=3888.47..3888.48 rows=1 width=8)
	  ->  Bitmap Heap Scan on sbtest3  (cost=30.72..3885.97 rows=1003 width=4)
	        Recheck Cond: ((id >= 2421751) AND (id <= 2422750))
	        ->  Bitmap Index Scan on sbtest3_pkey  (cost=0.00..30.46 rows=1003 width=0)
	              Index Cond: ((id >= 2421751) AND (id <= 2422750))

table 4 : explain SELECT SUM(k) FROM sbtest4 WHERE id BETWEEN 534884 AND 535883
	Aggregate  (cost=4006.05..4006.06 rows=1 width=8)
	  ->  Bitmap Heap Scan on sbtest4  (cost=31.03..4003.47 rows=1034 width=4)
	        Recheck Cond: ((id >= 534884) AND (id <= 535883))
	        ->  Bitmap Index Scan on sbtest4_pkey  (cost=0.00..30.77 rows=1034 width=0)
	              Index Cond: ((id >= 534884) AND (id <= 535883))

table 5 : explain SELECT SUM(k) FROM sbtest5 WHERE id BETWEEN 6639361 AND 6640360
	Aggregate  (cost=4081.44..4081.45 rows=1 width=8)
	  ->  Bitmap Heap Scan on sbtest5  (cost=35.23..4078.81 rows=1053 width=4)
	        Recheck Cond: ((id >= 6639361) AND (id <= 6640360))
	        ->  Bitmap Index Scan on sbtest5_pkey  (cost=0.00..34.97 rows=1053 width=0)
	              Index Cond: ((id >= 6639361) AND (id <= 6640360))

table 6 : explain SELECT SUM(k) FROM sbtest6 WHERE id BETWEEN 1738572 AND 1739571
	Aggregate  (cost=3385.00..3385.01 rows=1 width=8)
	  ->  Bitmap Heap Scan on sbtest6  (cost=29.35..3382.83 rows=870 width=4)
	        Recheck Cond: ((id >= 1738572) AND (id <= 1739571))
	        ->  Bitmap Index Scan on sbtest6_pkey  (cost=0.00..29.14 rows=870 width=0)
	              Index Cond: ((id >= 1738572) AND (id <= 1739571))

table 7 : explain SELECT SUM(k) FROM sbtest7 WHERE id BETWEEN 4052730 AND 4053729
	Aggregate  (cost=3907.66..3907.67 rows=1 width=8)
	  ->  Bitmap Heap Scan on sbtest7  (cost=30.77..3905.14 rows=1008 width=4)
	        Recheck Cond: ((id >= 4052730) AND (id <= 4053729))
	        ->  Bitmap Index Scan on sbtest7_pkey  (cost=0.00..30.51 rows=1008 width=0)
	              Index Cond: ((id >= 4052730) AND (id <= 4053729))

table 8 : explain SELECT SUM(k) FROM sbtest8 WHERE id BETWEEN 3922569 AND 3923568
	Aggregate  (cost=4104.08..4104.09 rows=1 width=8)
	  ->  Bitmap Heap Scan on sbtest8  (cost=35.29..4101.43 rows=1059 width=4)
	        Recheck Cond: ((id >= 3922569) AND (id <= 3923568))
	        ->  Bitmap Index Scan on sbtest8_pkey  (cost=0.00..35.03 rows=1059 width=0)
	              Index Cond: ((id >= 3922569) AND (id <= 3923568))

for: order_ranges
table 1 : explain SELECT c FROM sbtest1 WHERE id BETWEEN 8237933 AND 8238932 ORDER BY c
	Sort  (cost=4280.69..4283.42 rows=1092 width=121)
	  Sort Key: c
	  ->  Bitmap Heap Scan on sbtest1  (cost=35.63..4225.58 rows=1092 width=121)
	        Recheck Cond: ((id >= 8237933) AND (id <= 8238932))
	        ->  Bitmap Index Scan on sbtest1_pkey  (cost=0.00..35.36 rows=1092 width=0)
	              Index Cond: ((id >= 8237933) AND (id <= 8238932))

table 2 : explain SELECT c FROM sbtest2 WHERE id BETWEEN 8241668 AND 8242667 ORDER BY c
	Sort  (cost=3798.22..3800.63 rows=967 width=121)
	  Sort Key: c
	  ->  Bitmap Heap Scan on sbtest2  (cost=30.35..3750.26 rows=967 width=121)
	        Recheck Cond: ((id >= 8241668) AND (id <= 8242667))
	        ->  Bitmap Index Scan on sbtest2_pkey  (cost=0.00..30.11 rows=967 width=0)
	              Index Cond: ((id >= 8241668) AND (id <= 8242667))

table 3 : explain SELECT c FROM sbtest3 WHERE id BETWEEN 3590770 AND 3591769 ORDER BY c
	Sort  (cost=4085.29..4087.90 rows=1042 width=121)
	  Sort Key: c
	  ->  Bitmap Heap Scan on sbtest3  (cost=31.12..4033.06 rows=1042 width=121)
	        Recheck Cond: ((id >= 3590770) AND (id <= 3591769))
	        ->  Bitmap Index Scan on sbtest3_pkey  (cost=0.00..30.86 rows=1042 width=0)
	              Index Cond: ((id >= 3590770) AND (id <= 3591769))

table 4 : explain SELECT c FROM sbtest4 WHERE id BETWEEN 7674676 AND 7675675 ORDER BY c
	Sort  (cost=3990.14..3992.68 rows=1017 width=121)
	  Sort Key: c
	  ->  Bitmap Heap Scan on sbtest4  (cost=30.86..3939.34 rows=1017 width=121)
	        Recheck Cond: ((id >= 7674676) AND (id <= 7675675))
	        ->  Bitmap Index Scan on sbtest4_pkey  (cost=0.00..30.61 rows=1017 width=0)
	              Index Cond: ((id >= 7674676) AND (id <= 7675675))

table 5 : explain SELECT c FROM sbtest5 WHERE id BETWEEN 5699204 AND 5700203 ORDER BY c
	Sort  (cost=3782.89..3785.29 rows=963 width=121)
	  Sort Key: c
	  ->  Bitmap Heap Scan on sbtest5  (cost=30.31..3735.16 rows=963 width=121)
	        Recheck Cond: ((id >= 5699204) AND (id <= 5700203))
	        ->  Bitmap Index Scan on sbtest5_pkey  (cost=0.00..30.07 rows=963 width=0)
	              Index Cond: ((id >= 5699204) AND (id <= 5700203))

table 6 : explain SELECT c FROM sbtest6 WHERE id BETWEEN 37102 AND 38101 ORDER BY c
	Sort  (cost=3690.47..3692.82 rows=939 width=121)
	  Sort Key: c
	  ->  Bitmap Heap Scan on sbtest6  (cost=30.06..3644.11 rows=939 width=121)
	        Recheck Cond: ((id >= 37102) AND (id <= 38101))
	        ->  Bitmap Index Scan on sbtest6_pkey  (cost=0.00..29.82 rows=939 width=0)
	              Index Cond: ((id >= 37102) AND (id <= 38101))

table 7 : explain SELECT c FROM sbtest7 WHERE id BETWEEN 9894757 AND 9895756 ORDER BY c
	Sort  (cost=3544.83..3547.08 rows=901 width=121)
	  Sort Key: c
	  ->  Bitmap Heap Scan on sbtest7  (cost=29.67..3500.61 rows=901 width=121)
	        Recheck Cond: ((id >= 9894757) AND (id <= 9895756))
	        ->  Bitmap Index Scan on sbtest7_pkey  (cost=0.00..29.44 rows=901 width=0)
	              Index Cond: ((id >= 9894757) AND (id <= 9895756))

table 8 : explain SELECT c FROM sbtest8 WHERE id BETWEEN 6848873 AND 6849872 ORDER BY c
	Sort  (cost=4124.03..4126.66 rows=1051 width=121)
	  Sort Key: c
	  ->  Bitmap Heap Scan on sbtest8  (cost=35.21..4071.29 rows=1051 width=121)
	        Recheck Cond: ((id >= 6848873) AND (id <= 6849872))
	        ->  Bitmap Index Scan on sbtest8_pkey  (cost=0.00..34.95 rows=1051 width=0)
	              Index Cond: ((id >= 6848873) AND (id <= 6849872))

for: order_ranges
table 1 : explain SELECT c FROM sbtest1 WHERE id BETWEEN 4420001 AND 4421000 ORDER BY c
	Sort  (cost=3801.98..3804.40 rows=968 width=121)
	  Sort Key: c
	  ->  Bitmap Heap Scan on sbtest1  (cost=30.36..3753.98 rows=968 width=121)
	        Recheck Cond: ((id >= 4420001) AND (id <= 4421000))
	        ->  Bitmap Index Scan on sbtest1_pkey  (cost=0.00..30.11 rows=968 width=0)
	              Index Cond: ((id >= 4420001) AND (id <= 4421000))

table 2 : explain SELECT c FROM sbtest2 WHERE id BETWEEN 716463 AND 717462 ORDER BY c
	Sort  (cost=4085.74..4088.34 rows=1041 width=121)
	  Sort Key: c
	  ->  Bitmap Heap Scan on sbtest2  (cost=35.11..4033.57 rows=1041 width=121)
	        Recheck Cond: ((id >= 716463) AND (id <= 717462))
	        ->  Bitmap Index Scan on sbtest2_pkey  (cost=0.00..34.84 rows=1041 width=0)
	              Index Cond: ((id >= 716463) AND (id <= 717462))

table 3 : explain SELECT c FROM sbtest3 WHERE id BETWEEN 4429708 AND 4430707 ORDER BY c
	Sort  (cost=3905.31..3907.80 rows=995 width=121)
	  Sort Key: c
	  ->  Bitmap Heap Scan on sbtest3  (cost=30.63..3855.77 rows=995 width=121)
	        Recheck Cond: ((id >= 4429708) AND (id <= 4430707))
	        ->  Bitmap Index Scan on sbtest3_pkey  (cost=0.00..30.39 rows=995 width=0)
	              Index Cond: ((id >= 4429708) AND (id <= 4430707))

table 4 : explain SELECT c FROM sbtest4 WHERE id BETWEEN 4548041 AND 4549040 ORDER BY c
	Sort  (cost=4384.23..4387.03 rows=1119 width=121)
	  Sort Key: c
	  ->  Bitmap Heap Scan on sbtest4  (cost=35.90..4327.56 rows=1119 width=121)
	        Recheck Cond: ((id >= 4548041) AND (id <= 4549040))
	        ->  Bitmap Index Scan on sbtest4_pkey  (cost=0.00..35.62 rows=1119 width=0)
	              Index Cond: ((id >= 4548041) AND (id <= 4549040))

table 5 : explain SELECT c FROM sbtest5 WHERE id BETWEEN 3256990 AND 3257989 ORDER BY c
	Sort  (cost=4043.48..4046.06 rows=1031 width=121)
	  Sort Key: c
	  ->  Bitmap Heap Scan on sbtest5  (cost=31.00..3991.88 rows=1031 width=121)
	        Recheck Cond: ((id >= 3256990) AND (id <= 3257989))
	        ->  Bitmap Index Scan on sbtest5_pkey  (cost=0.00..30.75 rows=1031 width=0)
	              Index Cond: ((id >= 3256990) AND (id <= 3257989))

table 6 : explain SELECT c FROM sbtest6 WHERE id BETWEEN 6165040 AND 6166039 ORDER BY c
	Sort  (cost=3836.25..3838.69 rows=977 width=121)
	  Sort Key: c
	  ->  Bitmap Heap Scan on sbtest6  (cost=30.45..3787.73 rows=977 width=121)
	        Recheck Cond: ((id >= 6165040) AND (id <= 6166039))
	        ->  Bitmap Index Scan on sbtest6_pkey  (cost=0.00..30.20 rows=977 width=0)
	              Index Cond: ((id >= 6165040) AND (id <= 6166039))

table 7 : explain SELECT c FROM sbtest7 WHERE id BETWEEN 814720 AND 815719 ORDER BY c
	Sort  (cost=4131.71..4134.34 rows=1053 width=121)
	  Sort Key: c
	  ->  Bitmap Heap Scan on sbtest7  (cost=35.23..4078.84 rows=1053 width=121)
	        Recheck Cond: ((id >= 814720) AND (id <= 815719))
	        ->  Bitmap Index Scan on sbtest7_pkey  (cost=0.00..34.97 rows=1053 width=0)
	              Index Cond: ((id >= 814720) AND (id <= 815719))

table 8 : explain SELECT c FROM sbtest8 WHERE id BETWEEN 2767289 AND 2768288 ORDER BY c
	Sort  (cost=3567.87..3570.14 rows=907 width=121)
	  Sort Key: c
	  ->  Bitmap Heap Scan on sbtest8  (cost=29.73..3523.32 rows=907 width=121)
	        Recheck Cond: ((id >= 2767289) AND (id <= 2768288))
	        ->  Bitmap Index Scan on sbtest8_pkey  (cost=0.00..29.50 rows=907 width=0)
	              Index Cond: ((id >= 2767289) AND (id <= 2768288))

for point_selects
table 1 : explain SELECT c FROM sbtest1 WHERE id=9295426
	Index Scan using sbtest1_pkey on sbtest1  (cost=0.43..8.45 rows=1 width=121)
	  Index Cond: (id = 9295426)

table 2 : explain SELECT c FROM sbtest2 WHERE id=5734540
	Index Scan using sbtest2_pkey on sbtest2  (cost=0.43..8.45 rows=1 width=121)
	  Index Cond: (id = 5734540)

table 3 : explain SELECT c FROM sbtest3 WHERE id=1621763
	Index Scan using sbtest3_pkey on sbtest3  (cost=0.43..8.45 rows=1 width=121)
	  Index Cond: (id = 1621763)

table 4 : explain SELECT c FROM sbtest4 WHERE id=3209661
	Index Scan using sbtest4_pkey on sbtest4  (cost=0.43..8.45 rows=1 width=121)
	  Index Cond: (id = 3209661)

table 5 : explain SELECT c FROM sbtest5 WHERE id=4280364
	Index Scan using sbtest5_pkey on sbtest5  (cost=0.43..8.45 rows=1 width=121)
	  Index Cond: (id = 4280364)

table 6 : explain SELECT c FROM sbtest6 WHERE id=917139
	Index Scan using sbtest6_pkey on sbtest6  (cost=0.43..8.45 rows=1 width=121)
	  Index Cond: (id = 917139)

table 7 : explain SELECT c FROM sbtest7 WHERE id=2123914
	Index Scan using sbtest7_pkey on sbtest7  (cost=0.43..8.45 rows=1 width=121)
	  Index Cond: (id = 2123914)

table 8 : explain SELECT c FROM sbtest8 WHERE id=7869647
	Index Scan using sbtest8_pkey on sbtest8  (cost=0.43..8.45 rows=1 width=121)
	  Index Cond: (id = 7869647)

for: distinct_ranges
table 1 : explain SELECT DISTINCT c FROM sbtest1 WHERE id BETWEEN 5943201 AND 5944200 ORDER BY c
	Unique  (cost=4028.08..4033.21 rows=1027 width=121)
	  ->  Sort  (cost=4028.08..4030.64 rows=1027 width=121)
	        Sort Key: c
	        ->  Bitmap Heap Scan on sbtest1  (cost=30.96..3976.70 rows=1027 width=121)
	              Recheck Cond: ((id >= 5943201) AND (id <= 5944200))
	              ->  Bitmap Index Scan on sbtest1_pkey  (cost=0.00..30.70 rows=1027 width=0)
	                    Index Cond: ((id >= 5943201) AND (id <= 5944200))

table 2 : explain SELECT DISTINCT c FROM sbtest2 WHERE id BETWEEN 1912727 AND 1913726 ORDER BY c
	Unique  (cost=3936.23..3941.24 rows=1003 width=121)
	  ->  Sort  (cost=3936.23..3938.73 rows=1003 width=121)
	        Sort Key: c
	        ->  Bitmap Heap Scan on sbtest2  (cost=30.72..3886.23 rows=1003 width=121)
	              Recheck Cond: ((id >= 1912727) AND (id <= 1913726))
	              ->  Bitmap Index Scan on sbtest2_pkey  (cost=0.00..30.46 rows=1003 width=0)
	                    Index Cond: ((id >= 1912727) AND (id <= 1913726))

table 3 : explain SELECT DISTINCT c FROM sbtest3 WHERE id BETWEEN 7474696 AND 7475695 ORDER BY c
	Unique  (cost=4211.68..4217.05 rows=1074 width=121)
	  ->  Sort  (cost=4211.68..4214.37 rows=1074 width=121)
	        Sort Key: c
	        ->  Bitmap Heap Scan on sbtest3  (cost=35.44..4157.61 rows=1074 width=121)
	              Recheck Cond: ((id >= 7474696) AND (id <= 7475695))
	              ->  Bitmap Index Scan on sbtest3_pkey  (cost=0.00..35.18 rows=1074 width=0)
	                    Index Cond: ((id >= 7474696) AND (id <= 7475695))

table 4 : explain SELECT DISTINCT c FROM sbtest4 WHERE id BETWEEN 9775244 AND 9776243 ORDER BY c
	Unique  (cost=3491.19..3495.63 rows=887 width=121)
	  ->  Sort  (cost=3491.19..3493.41 rows=887 width=121)
	        Sort Key: c
	        ->  Bitmap Heap Scan on sbtest4  (cost=29.53..3447.76 rows=887 width=121)
	              Recheck Cond: ((id >= 9775244) AND (id <= 9776243))
	              ->  Bitmap Index Scan on sbtest4_pkey  (cost=0.00..29.30 rows=887 width=0)
	                    Index Cond: ((id >= 9775244) AND (id <= 9776243))

table 5 : explain SELECT DISTINCT c FROM sbtest5 WHERE id BETWEEN 1046096 AND 1047095 ORDER BY c
	Unique  (cost=3832.75..3837.63 rows=976 width=121)
	  ->  Sort  (cost=3832.75..3835.19 rows=976 width=121)
	        Sort Key: c
	        ->  Bitmap Heap Scan on sbtest5  (cost=30.44..3784.29 rows=976 width=121)
	              Recheck Cond: ((id >= 1046096) AND (id <= 1047095))
	              ->  Bitmap Index Scan on sbtest5_pkey  (cost=0.00..30.19 rows=976 width=0)
	                    Index Cond: ((id >= 1046096) AND (id <= 1047095))

table 6 : explain SELECT DISTINCT c FROM sbtest6 WHERE id BETWEEN 2577953 AND 2578952 ORDER BY c
	Unique  (cost=3644.40..3649.03 rows=927 width=121)
	  ->  Sort  (cost=3644.40..3646.71 rows=927 width=121)
	        Sort Key: c
	        ->  Bitmap Heap Scan on sbtest6  (cost=29.94..3598.71 rows=927 width=121)
	              Recheck Cond: ((id >= 2577953) AND (id <= 2578952))
	              ->  Bitmap Index Scan on sbtest6_pkey  (cost=0.00..29.70 rows=927 width=0)
	                    Index Cond: ((id >= 2577953) AND (id <= 2578952))

table 7 : explain SELECT DISTINCT c FROM sbtest7 WHERE id BETWEEN 148983 AND 149982 ORDER BY c
	Unique  (cost=4024.37..4029.50 rows=1026 width=121)
	  ->  Sort  (cost=4024.37..4026.93 rows=1026 width=121)
	        Sort Key: c
	        ->  Bitmap Heap Scan on sbtest7  (cost=30.95..3973.05 rows=1026 width=121)
	              Recheck Cond: ((id >= 148983) AND (id <= 149982))
	              ->  Bitmap Index Scan on sbtest7_pkey  (cost=0.00..30.69 rows=1026 width=0)
	                    Index Cond: ((id >= 148983) AND (id <= 149982))

table 8 : explain SELECT DISTINCT c FROM sbtest8 WHERE id BETWEEN 1819725 AND 1820724 ORDER BY c
	Unique  (cost=3775.22..3780.03 rows=961 width=121)
	  ->  Sort  (cost=3775.22..3777.63 rows=961 width=121)
	        Sort Key: c
	        ->  Bitmap Heap Scan on sbtest8  (cost=30.29..3727.61 rows=961 width=121)
	              Recheck Cond: ((id >= 1819725) AND (id <= 1820724))
	              ->  Bitmap Index Scan on sbtest8_pkey  (cost=0.00..30.04 rows=961 width=0)
	                    Index Cond: ((id >= 1819725) AND (id <= 1820724))

explain: for point_selects :: explain SELECT c FROM sbtest%u WHERE id=%u
for: order_ranges
table 1 : explain SELECT c FROM sbtest1 WHERE id BETWEEN 9625843 AND 9626842 ORDER BY c
	Sort  (cost=4112.28..4114.90 rows=1049 width=121)
	  Sort Key: c
	  ->  Bitmap Heap Scan on sbtest1  (cost=31.19..4059.64 rows=1049 width=121)
	        Recheck Cond: ((id >= 9625843) AND (id <= 9626842))
	        ->  Bitmap Index Scan on sbtest1_pkey  (cost=0.00..30.93 rows=1049 width=0)
	              Index Cond: ((id >= 9625843) AND (id <= 9626842))

table 2 : explain SELECT c FROM sbtest2 WHERE id BETWEEN 6843326 AND 6844325 ORDER BY c
	Sort  (cost=3874.91..3877.37 rows=987 width=121)
	  Sort Key: c
	  ->  Bitmap Heap Scan on sbtest2  (cost=30.55..3825.82 rows=987 width=121)
	        Recheck Cond: ((id >= 6843326) AND (id <= 6844325))
	        ->  Bitmap Index Scan on sbtest2_pkey  (cost=0.00..30.30 rows=987 width=0)
	              Index Cond: ((id >= 6843326) AND (id <= 6844325))

table 3 : explain SELECT c FROM sbtest3 WHERE id BETWEEN 7755517 AND 7756516 ORDER BY c
	Sort  (cost=3567.63..3569.89 rows=907 width=121)
	  Sort Key: c
	  ->  Bitmap Heap Scan on sbtest3  (cost=29.73..3523.07 rows=907 width=121)
	        Recheck Cond: ((id >= 7755517) AND (id <= 7756516))
	        ->  Bitmap Index Scan on sbtest3_pkey  (cost=0.00..29.50 rows=907 width=0)
	              Index Cond: ((id >= 7755517) AND (id <= 7756516))

table 4 : explain SELECT c FROM sbtest4 WHERE id BETWEEN 4228563 AND 4229562 ORDER BY c
	Sort  (cost=4261.98..4264.69 rows=1087 width=121)
	  Sort Key: c
	  ->  Bitmap Heap Scan on sbtest4  (cost=35.58..4207.16 rows=1087 width=121)
	        Recheck Cond: ((id >= 4228563) AND (id <= 4229562))
	        ->  Bitmap Index Scan on sbtest4_pkey  (cost=0.00..35.31 rows=1087 width=0)
	              Index Cond: ((id >= 4228563) AND (id <= 4229562))

table 5 : explain SELECT c FROM sbtest5 WHERE id BETWEEN 803625 AND 804624 ORDER BY c
	Sort  (cost=3836.58..3839.02 rows=977 width=121)
	  Sort Key: c
	  ->  Bitmap Heap Scan on sbtest5  (cost=30.45..3788.06 rows=977 width=121)
	        Recheck Cond: ((id >= 803625) AND (id <= 804624))
	        ->  Bitmap Index Scan on sbtest5_pkey  (cost=0.00..30.20 rows=977 width=0)
	              Index Cond: ((id >= 803625) AND (id <= 804624))

table 6 : explain SELECT c FROM sbtest6 WHERE id BETWEEN 8527715 AND 8528714 ORDER BY c
	Sort  (cost=3874.59..3877.05 rows=987 width=121)
	  Sort Key: c
	  ->  Bitmap Heap Scan on sbtest6  (cost=30.55..3825.50 rows=987 width=121)
	        Recheck Cond: ((id >= 8527715) AND (id <= 8528714))
	        ->  Bitmap Index Scan on sbtest6_pkey  (cost=0.00..30.30 rows=987 width=0)
	              Index Cond: ((id >= 8527715) AND (id <= 8528714))

table 7 : explain SELECT c FROM sbtest7 WHERE id BETWEEN 2676644 AND 2677643 ORDER BY c
	Sort  (cost=4116.40..4119.02 rows=1049 width=121)
	  Sort Key: c
	  ->  Bitmap Heap Scan on sbtest7  (cost=35.19..4063.77 rows=1049 width=121)
	        Recheck Cond: ((id >= 2676644) AND (id <= 2677643))
	        ->  Bitmap Index Scan on sbtest7_pkey  (cost=0.00..34.93 rows=1049 width=0)
	              Index Cond: ((id >= 2676644) AND (id <= 2677643))

table 8 : explain SELECT c FROM sbtest8 WHERE id BETWEEN 7073894 AND 7074893 ORDER BY c
	Sort  (cost=4047.49..4050.07 rows=1031 width=121)
	  Sort Key: c
	  ->  Bitmap Heap Scan on sbtest8  (cost=35.00..3995.89 rows=1031 width=121)
	        Recheck Cond: ((id >= 7073894) AND (id <= 7074893))
	        ->  Bitmap Index Scan on sbtest8_pkey  (cost=0.00..34.75 rows=1031 width=0)
	              Index Cond: ((id >= 7073894) AND (id <= 7074893))

for: sum_ranges
table 1 : explain SELECT SUM(k) FROM sbtest1 WHERE id BETWEEN 6315128 AND 6316127
	Aggregate  (cost=4141.66..4141.67 rows=1 width=8)
	  ->  Bitmap Heap Scan on sbtest1  (cost=35.39..4138.99 rows=1069 width=4)
	        Recheck Cond: ((id >= 6315128) AND (id <= 6316127))
	        ->  Bitmap Index Scan on sbtest1_pkey  (cost=0.00..35.12 rows=1069 width=0)
	              Index Cond: ((id >= 6315128) AND (id <= 6316127))

table 2 : explain SELECT SUM(k) FROM sbtest2 WHERE id BETWEEN 3102543 AND 3103542
	Aggregate  (cost=3949.15..3949.16 rows=1 width=8)
	  ->  Bitmap Heap Scan on sbtest2  (cost=30.88..3946.60 rows=1019 width=4)
	        Recheck Cond: ((id >= 3102543) AND (id <= 3103542))
	        ->  Bitmap Index Scan on sbtest2_pkey  (cost=0.00..30.62 rows=1019 width=0)
	              Index Cond: ((id >= 3102543) AND (id <= 3103542))

table 3 : explain SELECT SUM(k) FROM sbtest3 WHERE id BETWEEN 5035244 AND 5036243
	Aggregate  (cost=4243.16..4243.17 rows=1 width=8)
	  ->  Bitmap Heap Scan on sbtest3  (cost=35.67..4240.42 rows=1096 width=4)
	        Recheck Cond: ((id >= 5035244) AND (id <= 5036243))
	        ->  Bitmap Index Scan on sbtest3_pkey  (cost=0.00..35.40 rows=1096 width=0)
	              Index Cond: ((id >= 5035244) AND (id <= 5036243))

table 4 : explain SELECT SUM(k) FROM sbtest4 WHERE id BETWEEN 8230485 AND 8231484
	Aggregate  (cost=3968.31..3968.32 rows=1 width=8)
	  ->  Bitmap Heap Scan on sbtest4  (cost=30.93..3965.75 rows=1024 width=4)
	        Recheck Cond: ((id >= 8230485) AND (id <= 8231484))
	        ->  Bitmap Index Scan on sbtest4_pkey  (cost=0.00..30.68 rows=1024 width=0)
	              Index Cond: ((id >= 8230485) AND (id <= 8231484))

table 5 : explain SELECT SUM(k) FROM sbtest5 WHERE id BETWEEN 9385881 AND 9386880
	Aggregate  (cost=3911.41..3911.42 rows=1 width=8)
	  ->  Bitmap Heap Scan on sbtest5  (cost=30.78..3908.89 rows=1009 width=4)
	        Recheck Cond: ((id >= 9385881) AND (id <= 9386880))
	        ->  Bitmap Index Scan on sbtest5_pkey  (cost=0.00..30.52 rows=1009 width=0)
	              Index Cond: ((id >= 9385881) AND (id <= 9386880))

table 6 : explain SELECT SUM(k) FROM sbtest6 WHERE id BETWEEN 1427627 AND 1428626
	Aggregate  (cost=4099.92..4099.93 rows=1 width=8)
	  ->  Bitmap Heap Scan on sbtest6  (cost=35.28..4097.28 rows=1058 width=4)
	        Recheck Cond: ((id >= 1427627) AND (id <= 1428626))
	        ->  Bitmap Index Scan on sbtest6_pkey  (cost=0.00..35.02 rows=1058 width=0)
	              Index Cond: ((id >= 1427627) AND (id <= 1428626))

table 7 : explain SELECT SUM(k) FROM sbtest7 WHERE id BETWEEN 2473632 AND 2474631
	Aggregate  (cost=4051.31..4051.32 rows=1 width=8)
	  ->  Bitmap Heap Scan on sbtest7  (cost=35.15..4048.69 rows=1045 width=4)
	        Recheck Cond: ((id >= 2473632) AND (id <= 2474631))
	        ->  Bitmap Index Scan on sbtest7_pkey  (cost=0.00..34.89 rows=1045 width=0)
	              Index Cond: ((id >= 2473632) AND (id <= 2474631))

table 8 : explain SELECT SUM(k) FROM sbtest8 WHERE id BETWEEN 968956 AND 969955
	Aggregate  (cost=3941.63..3941.64 rows=1 width=8)
	  ->  Bitmap Heap Scan on sbtest8  (cost=30.86..3939.08 rows=1017 width=4)
	        Recheck Cond: ((id >= 968956) AND (id <= 969955))
	        ->  Bitmap Index Scan on sbtest8_pkey  (cost=0.00..30.61 rows=1017 width=0)
	              Index Cond: ((id >= 968956) AND (id <= 969955))

for: sum_ranges
table 1 : explain SELECT SUM(k) FROM sbtest1 WHERE id BETWEEN 7653865 AND 7654864
	Aggregate  (cost=4352.52..4352.53 rows=1 width=8)
	  ->  Bitmap Heap Scan on sbtest1  (cost=35.97..4349.71 rows=1125 width=4)
	        Recheck Cond: ((id >= 7653865) AND (id <= 7654864))
	        ->  Bitmap Index Scan on sbtest1_pkey  (cost=0.00..35.69 rows=1125 width=0)
	              Index Cond: ((id >= 7653865) AND (id <= 7654864))

table 2 : explain SELECT SUM(k) FROM sbtest2 WHERE id BETWEEN 339343 AND 340342
	Aggregate  (cost=3850.96..3850.97 rows=1 width=8)
	  ->  Bitmap Heap Scan on sbtest2  (cost=30.61..3848.48 rows=993 width=4)
	        Recheck Cond: ((id >= 339343) AND (id <= 340342))
	        ->  Bitmap Index Scan on sbtest2_pkey  (cost=0.00..30.36 rows=993 width=0)
	              Index Cond: ((id >= 339343) AND (id <= 340342))

table 3 : explain SELECT SUM(k) FROM sbtest3 WHERE id BETWEEN 5785265 AND 5786264
	Aggregate  (cost=3771.34..3771.35 rows=1 width=8)
	  ->  Bitmap Heap Scan on sbtest3  (cost=30.40..3768.91 rows=972 width=4)
	        Recheck Cond: ((id >= 5785265) AND (id <= 5786264))
	        ->  Bitmap Index Scan on sbtest3_pkey  (cost=0.00..30.15 rows=972 width=0)
	              Index Cond: ((id >= 5785265) AND (id <= 5786264))

table 4 : explain SELECT SUM(k) FROM sbtest4 WHERE id BETWEEN 266564 AND 267563
	Aggregate  (cost=4232.48..4232.49 rows=1 width=8)
	  ->  Bitmap Heap Scan on sbtest4  (cost=35.64..4229.74 rows=1093 width=4)
	        Recheck Cond: ((id >= 266564) AND (id <= 267563))
	        ->  Bitmap Index Scan on sbtest4_pkey  (cost=0.00..35.37 rows=1093 width=0)
	              Index Cond: ((id >= 266564) AND (id <= 267563))

table 5 : explain SELECT SUM(k) FROM sbtest5 WHERE id BETWEEN 6100423 AND 6101422
	Aggregate  (cost=4345.10..4345.11 rows=1 width=8)
	  ->  Bitmap Heap Scan on sbtest5  (cost=35.95..4342.29 rows=1123 width=4)
	        Recheck Cond: ((id >= 6100423) AND (id <= 6101422))
	        ->  Bitmap Index Scan on sbtest5_pkey  (cost=0.00..35.67 rows=1123 width=0)
	              Index Cond: ((id >= 6100423) AND (id <= 6101422))

table 6 : explain SELECT SUM(k) FROM sbtest6 WHERE id BETWEEN 7108904 AND 7109903
	Aggregate  (cost=3532.86..3532.87 rows=1 width=8)
	  ->  Bitmap Heap Scan on sbtest6  (cost=29.75..3530.58 rows=909 width=4)
	        Recheck Cond: ((id >= 7108904) AND (id <= 7109903))
	        ->  Bitmap Index Scan on sbtest6_pkey  (cost=0.00..29.52 rows=909 width=0)
	              Index Cond: ((id >= 7108904) AND (id <= 7109903))

table 7 : explain SELECT SUM(k) FROM sbtest7 WHERE id BETWEEN 7234495 AND 7235494
	Aggregate  (cost=3748.94..3748.95 rows=1 width=8)
	  ->  Bitmap Heap Scan on sbtest7  (cost=30.34..3746.53 rows=966 width=4)
	        Recheck Cond: ((id >= 7234495) AND (id <= 7235494))
	        ->  Bitmap Index Scan on sbtest7_pkey  (cost=0.00..30.09 rows=966 width=0)
	              Index Cond: ((id >= 7234495) AND (id <= 7235494))

table 8 : explain SELECT SUM(k) FROM sbtest8 WHERE id BETWEEN 7354973 AND 7355972
	Aggregate  (cost=3896.31..3896.32 rows=1 width=8)
	  ->  Bitmap Heap Scan on sbtest8  (cost=30.74..3893.80 rows=1005 width=4)
	        Recheck Cond: ((id >= 7354973) AND (id <= 7355972))
	        ->  Bitmap Index Scan on sbtest8_pkey  (cost=0.00..30.48 rows=1005 width=0)
	              Index Cond: ((id >= 7354973) AND (id <= 7355972))

for: distinct_ranges
table 1 : explain SELECT DISTINCT c FROM sbtest1 WHERE id BETWEEN 2200074 AND 2201073 ORDER BY c
	Unique  (cost=3871.00..3875.93 rows=986 width=121)
	  ->  Sort  (cost=3871.00..3873.47 rows=986 width=121)
	        Sort Key: c
	        ->  Bitmap Heap Scan on sbtest1  (cost=30.54..3821.97 rows=986 width=121)
	              Recheck Cond: ((id >= 2200074) AND (id <= 2201073))
	              ->  Bitmap Index Scan on sbtest1_pkey  (cost=0.00..30.29 rows=986 width=0)
	                    Index Cond: ((id >= 2200074) AND (id <= 2201073))

table 2 : explain SELECT DISTINCT c FROM sbtest2 WHERE id BETWEEN 7791014 AND 7792013 ORDER BY c
	Unique  (cost=4097.22..4102.44 rows=1044 width=121)
	  ->  Sort  (cost=4097.22..4099.83 rows=1044 width=121)
	        Sort Key: c
	        ->  Bitmap Heap Scan on sbtest2  (cost=35.14..4044.87 rows=1044 width=121)
	              Recheck Cond: ((id >= 7791014) AND (id <= 7792013))
	              ->  Bitmap Index Scan on sbtest2_pkey  (cost=0.00..34.88 rows=1044 width=0)
	                    Index Cond: ((id >= 7791014) AND (id <= 7792013))

table 3 : explain SELECT DISTINCT c FROM sbtest3 WHERE id BETWEEN 5637693 AND 5638692 ORDER BY c
	Unique  (cost=3985.76..3990.84 rows=1016 width=121)
	  ->  Sort  (cost=3985.76..3988.30 rows=1016 width=121)
	        Sort Key: c
	        ->  Bitmap Heap Scan on sbtest3  (cost=30.85..3935.02 rows=1016 width=121)
	              Recheck Cond: ((id >= 5637693) AND (id <= 5638692))
	              ->  Bitmap Index Scan on sbtest3_pkey  (cost=0.00..30.59 rows=1016 width=0)
	                    Index Cond: ((id >= 5637693) AND (id <= 5638692))

table 4 : explain SELECT DISTINCT c FROM sbtest4 WHERE id BETWEEN 4912770 AND 4913769 ORDER BY c
	Unique  (cost=3725.57..3730.31 rows=948 width=121)
	  ->  Sort  (cost=3725.57..3727.94 rows=948 width=121)
	        Sort Key: c
	        ->  Bitmap Heap Scan on sbtest4  (cost=30.15..3678.70 rows=948 width=121)
	              Recheck Cond: ((id >= 4912770) AND (id <= 4913769))
	              ->  Bitmap Index Scan on sbtest4_pkey  (cost=0.00..29.91 rows=948 width=0)
	                    Index Cond: ((id >= 4912770) AND (id <= 4913769))

table 5 : explain SELECT DISTINCT c FROM sbtest5 WHERE id BETWEEN 2716568 AND 2717567 ORDER BY c
	Unique  (cost=4143.15..4148.43 rows=1056 width=121)
	  ->  Sort  (cost=4143.15..4145.79 rows=1056 width=121)
	        Sort Key: c
	        ->  Bitmap Heap Scan on sbtest5  (cost=35.26..4090.11 rows=1056 width=121)
	              Recheck Cond: ((id >= 2716568) AND (id <= 2717567))
	              ->  Bitmap Index Scan on sbtest5_pkey  (cost=0.00..35.00 rows=1056 width=0)
	                    Index Cond: ((id >= 2716568) AND (id <= 2717567))

table 6 : explain SELECT DISTINCT c FROM sbtest6 WHERE id BETWEEN 2381958 AND 2382957 ORDER BY c
	Unique  (cost=4089.22..4094.43 rows=1042 width=121)
	  ->  Sort  (cost=4089.22..4091.82 rows=1042 width=121)
	        Sort Key: c
	        ->  Bitmap Heap Scan on sbtest6  (cost=35.12..4036.99 rows=1042 width=121)
	              Recheck Cond: ((id >= 2381958) AND (id <= 2382957))
	              ->  Bitmap Index Scan on sbtest6_pkey  (cost=0.00..34.86 rows=1042 width=0)
	                    Index Cond: ((id >= 2381958) AND (id <= 2382957))

table 7 : explain SELECT DISTINCT c FROM sbtest7 WHERE id BETWEEN 4864268 AND 4865267 ORDER BY c
	Unique  (cost=3913.28..3918.27 rows=997 width=121)
	  ->  Sort  (cost=3913.28..3915.77 rows=997 width=121)
	        Sort Key: c
	        ->  Bitmap Heap Scan on sbtest7  (cost=30.65..3863.62 rows=997 width=121)
	              Recheck Cond: ((id >= 4864268) AND (id <= 4865267))
	              ->  Bitmap Index Scan on sbtest7_pkey  (cost=0.00..30.40 rows=997 width=0)
	                    Index Cond: ((id >= 4864268) AND (id <= 4865267))

table 8 : explain SELECT DISTINCT c FROM sbtest8 WHERE id BETWEEN 2133948 AND 2134947 ORDER BY c
	Unique  (cost=4192.88..4198.23 rows=1069 width=121)
	  ->  Sort  (cost=4192.88..4195.55 rows=1069 width=121)
	        Sort Key: c
	        ->  Bitmap Heap Scan on sbtest8  (cost=35.39..4139.10 rows=1069 width=121)
	              Recheck Cond: ((id >= 2133948) AND (id <= 2134947))
	              ->  Bitmap Index Scan on sbtest8_pkey  (cost=0.00..35.12 rows=1069 width=0)
	                    Index Cond: ((id >= 2133948) AND (id <= 2134947))

for: distinct_ranges
table 1 : explain SELECT DISTINCT c FROM sbtest1 WHERE id BETWEEN 8707593 AND 8708592 ORDER BY c
	Unique  (cost=3709.90..3714.62 rows=944 width=121)
	  ->  Sort  (cost=3709.90..3712.26 rows=944 width=121)
	        Sort Key: c
	        ->  Bitmap Heap Scan on sbtest1  (cost=30.11..3663.25 rows=944 width=121)
	              Recheck Cond: ((id >= 8707593) AND (id <= 8708592))
	              ->  Bitmap Index Scan on sbtest1_pkey  (cost=0.00..29.87 rows=944 width=0)
	                    Index Cond: ((id >= 8707593) AND (id <= 8708592))

table 2 : explain SELECT DISTINCT c FROM sbtest2 WHERE id BETWEEN 2328339 AND 2329338 ORDER BY c
	Unique  (cost=4150.78..4156.07 rows=1058 width=121)
	  ->  Sort  (cost=4150.78..4153.43 rows=1058 width=121)
	        Sort Key: c
	        ->  Bitmap Heap Scan on sbtest2  (cost=35.28..4097.63 rows=1058 width=121)
	              Recheck Cond: ((id >= 2328339) AND (id <= 2329338))
	              ->  Bitmap Index Scan on sbtest2_pkey  (cost=0.00..35.02 rows=1058 width=0)
	                    Index Cond: ((id >= 2328339) AND (id <= 2329338))

table 3 : explain SELECT DISTINCT c FROM sbtest3 WHERE id BETWEEN 4154428 AND 4155427 ORDER BY c
	Unique  (cost=3759.61..3764.39 rows=957 width=121)
	  ->  Sort  (cost=3759.61..3762.00 rows=957 width=121)
	        Sort Key: c
	        ->  Bitmap Heap Scan on sbtest3  (cost=30.24..3712.23 rows=957 width=121)
	              Recheck Cond: ((id >= 4154428) AND (id <= 4155427))
	              ->  Bitmap Index Scan on sbtest3_pkey  (cost=0.00..30.00 rows=957 width=0)
	                    Index Cond: ((id >= 4154428) AND (id <= 4155427))

table 4 : explain SELECT DISTINCT c FROM sbtest4 WHERE id BETWEEN 4558475 AND 4559474 ORDER BY c
	Unique  (cost=4384.23..4389.83 rows=1119 width=121)
	  ->  Sort  (cost=4384.23..4387.03 rows=1119 width=121)
	        Sort Key: c
	        ->  Bitmap Heap Scan on sbtest4  (cost=35.90..4327.56 rows=1119 width=121)
	              Recheck Cond: ((id >= 4558475) AND (id <= 4559474))
	              ->  Bitmap Index Scan on sbtest4_pkey  (cost=0.00..35.62 rows=1119 width=0)
	                    Index Cond: ((id >= 4558475) AND (id <= 4559474))

table 5 : explain SELECT DISTINCT c FROM sbtest5 WHERE id BETWEEN 7134064 AND 7135063 ORDER BY c
	Unique  (cost=4009.02..4014.13 rows=1022 width=121)
	  ->  Sort  (cost=4009.02..4011.57 rows=1022 width=121)
	        Sort Key: c
	        ->  Bitmap Heap Scan on sbtest5  (cost=30.91..3957.93 rows=1022 width=121)
	              Recheck Cond: ((id >= 7134064) AND (id <= 7135063))
	              ->  Bitmap Index Scan on sbtest5_pkey  (cost=0.00..30.65 rows=1022 width=0)
	                    Index Cond: ((id >= 7134064) AND (id <= 7135063))

table 6 : explain SELECT DISTINCT c FROM sbtest6 WHERE id BETWEEN 1791346 AND 1792345 ORDER BY c
	Unique  (cost=4112.18..4117.42 rows=1048 width=121)
	  ->  Sort  (cost=4112.18..4114.80 rows=1048 width=121)
	        Sort Key: c
	        ->  Bitmap Heap Scan on sbtest6  (cost=35.18..4059.60 rows=1048 width=121)
	              Recheck Cond: ((id >= 1791346) AND (id <= 1792345))
	              ->  Bitmap Index Scan on sbtest6_pkey  (cost=0.00..34.92 rows=1048 width=0)
	                    Index Cond: ((id >= 1791346) AND (id <= 1792345))

table 7 : explain SELECT DISTINCT c FROM sbtest7 WHERE id BETWEEN 4724061 AND 4725060 ORDER BY c
	Unique  (cost=3943.94..3948.96 rows=1005 width=121)
	  ->  Sort  (cost=3943.94..3946.45 rows=1005 width=121)
	        Sort Key: c
	        ->  Bitmap Heap Scan on sbtest7  (cost=30.74..3893.82 rows=1005 width=121)
	              Recheck Cond: ((id >= 4724061) AND (id <= 4725060))
	              ->  Bitmap Index Scan on sbtest7_pkey  (cost=0.00..30.48 rows=1005 width=0)
	                    Index Cond: ((id >= 4724061) AND (id <= 4725060))

table 8 : explain SELECT DISTINCT c FROM sbtest8 WHERE id BETWEEN 7726029 AND 7727028 ORDER BY c
	Unique  (cost=4307.55..4313.04 rows=1099 width=121)
	  ->  Sort  (cost=4307.55..4310.29 rows=1099 width=121)
	        Sort Key: c
	        ->  Bitmap Heap Scan on sbtest8  (cost=35.70..4252.04 rows=1099 width=121)
	              Recheck Cond: ((id >= 7726029) AND (id <= 7727028))
	              ->  Bitmap Index Scan on sbtest8_pkey  (cost=0.00..35.43 rows=1099 width=0)
	                    Index Cond: ((id >= 7726029) AND (id <= 7727028))

for: sum_ranges
table 1 : explain SELECT SUM(k) FROM sbtest1 WHERE id BETWEEN 1671071 AND 1672070
	Aggregate  (cost=4209.48..4209.49 rows=1 width=8)
	  ->  Bitmap Heap Scan on sbtest1  (cost=35.58..4206.76 rows=1087 width=4)
	        Recheck Cond: ((id >= 1671071) AND (id <= 1672070))
	        ->  Bitmap Index Scan on sbtest1_pkey  (cost=0.00..35.31 rows=1087 width=0)
	              Index Cond: ((id >= 1671071) AND (id <= 1672070))

table 2 : explain SELECT SUM(k) FROM sbtest2 WHERE id BETWEEN 5798797 AND 5799796
	Aggregate  (cost=3726.21..3726.22 rows=1 width=8)
	  ->  Bitmap Heap Scan on sbtest2  (cost=30.27..3723.81 rows=960 width=4)
	        Recheck Cond: ((id >= 5798797) AND (id <= 5799796))
	        ->  Bitmap Index Scan on sbtest2_pkey  (cost=0.00..30.04 rows=960 width=0)
	              Index Cond: ((id >= 5798797) AND (id <= 5799796))

table 3 : explain SELECT SUM(k) FROM sbtest3 WHERE id BETWEEN 6859026 AND 6860025
	Aggregate  (cost=4069.84..4069.85 rows=1 width=8)
	  ->  Bitmap Heap Scan on sbtest3  (cost=35.20..4067.21 rows=1050 width=4)
	        Recheck Cond: ((id >= 6859026) AND (id <= 6860025))
	        ->  Bitmap Index Scan on sbtest3_pkey  (cost=0.00..34.94 rows=1050 width=0)
	              Index Cond: ((id >= 6859026) AND (id <= 6860025))

table 4 : explain SELECT SUM(k) FROM sbtest4 WHERE id BETWEEN 2423883 AND 2424882
	Aggregate  (cost=4251.31..4251.32 rows=1 width=8)
	  ->  Bitmap Heap Scan on sbtest4  (cost=35.69..4248.56 rows=1098 width=4)
	        Recheck Cond: ((id >= 2423883) AND (id <= 2424882))
	        ->  Bitmap Index Scan on sbtest4_pkey  (cost=0.00..35.42 rows=1098 width=0)
	              Index Cond: ((id >= 2423883) AND (id <= 2424882))

table 5 : explain SELECT SUM(k) FROM sbtest5 WHERE id BETWEEN 1557667 AND 1558666
	Aggregate  (cost=3854.75..3854.76 rows=1 width=8)
	  ->  Bitmap Heap Scan on sbtest5  (cost=30.62..3852.27 rows=994 width=4)
	        Recheck Cond: ((id >= 1557667) AND (id <= 1558666))
	        ->  Bitmap Index Scan on sbtest5_pkey  (cost=0.00..30.37 rows=994 width=0)
	              Index Cond: ((id >= 1557667) AND (id <= 1558666))

table 6 : explain SELECT SUM(k) FROM sbtest6 WHERE id BETWEEN 3201342 AND 3202341
	Aggregate  (cost=4133.85..4133.86 rows=1 width=8)
	  ->  Bitmap Heap Scan on sbtest6  (cost=35.37..4131.18 rows=1067 width=4)
	        Recheck Cond: ((id >= 3201342) AND (id <= 3202341))
	        ->  Bitmap Index Scan on sbtest6_pkey  (cost=0.00..35.11 rows=1067 width=0)
	              Index Cond: ((id >= 3201342) AND (id <= 3202341))

table 7 : explain SELECT SUM(k) FROM sbtest7 WHERE id BETWEEN 1324161 AND 1325160
	Aggregate  (cost=4058.85..4058.86 rows=1 width=8)
	  ->  Bitmap Heap Scan on sbtest7  (cost=35.17..4056.23 rows=1047 width=4)
	        Recheck Cond: ((id >= 1324161) AND (id <= 1325160))
	        ->  Bitmap Index Scan on sbtest7_pkey  (cost=0.00..34.91 rows=1047 width=0)
	              Index Cond: ((id >= 1324161) AND (id <= 1325160))

table 8 : explain SELECT SUM(k) FROM sbtest8 WHERE id BETWEEN 6333331 AND 6334330
	Aggregate  (cost=3764.05..3764.06 rows=1 width=8)
	  ->  Bitmap Heap Scan on sbtest8  (cost=30.38..3761.63 rows=970 width=4)
	        Recheck Cond: ((id >= 6333331) AND (id <= 6334330))
	        ->  Bitmap Index Scan on sbtest8_pkey  (cost=0.00..30.14 rows=970 width=0)
	              Index Cond: ((id >= 6333331) AND (id <= 6334330))

for: simple_ranges
table 1 : explain SELECT c FROM sbtest1 WHERE id BETWEEN 4796314 AND 4797313
	Bitmap Heap Scan on sbtest1  (cost=29.47..3424.73 rows=881 width=121)
	  Recheck Cond: ((id >= 4796314) AND (id <= 4797313))
	  ->  Bitmap Index Scan on sbtest1_pkey  (cost=0.00..29.25 rows=881 width=0)
	        Index Cond: ((id >= 4796314) AND (id <= 4797313))

table 2 : explain SELECT c FROM sbtest2 WHERE id BETWEEN 5801522 AND 5802521
	Bitmap Heap Scan on sbtest2  (cost=30.27..3723.81 rows=960 width=121)
	  Recheck Cond: ((id >= 5801522) AND (id <= 5802521))
	  ->  Bitmap Index Scan on sbtest2_pkey  (cost=0.00..30.04 rows=960 width=0)
	        Index Cond: ((id >= 5801522) AND (id <= 5802521))

table 3 : explain SELECT c FROM sbtest3 WHERE id BETWEEN 6303905 AND 6304904
	Bitmap Heap Scan on sbtest3  (cost=35.66..4236.66 rows=1095 width=121)
	  Recheck Cond: ((id >= 6303905) AND (id <= 6304904))
	  ->  Bitmap Index Scan on sbtest3_pkey  (cost=0.00..35.39 rows=1095 width=0)
	        Index Cond: ((id >= 6303905) AND (id <= 6304904))

table 4 : explain SELECT c FROM sbtest4 WHERE id BETWEEN 2337326 AND 2338325
	Bitmap Heap Scan on sbtest4  (cost=31.02..3999.69 rows=1033 width=121)
	  Recheck Cond: ((id >= 2337326) AND (id <= 2338325))
	  ->  Bitmap Index Scan on sbtest4_pkey  (cost=0.00..30.76 rows=1033 width=0)
	        Index Cond: ((id >= 2337326) AND (id <= 2338325))

table 5 : explain SELECT c FROM sbtest5 WHERE id BETWEEN 4169848 AND 4170847
	Bitmap Heap Scan on sbtest5  (cost=31.16..4048.43 rows=1046 width=121)
	  Recheck Cond: ((id >= 4169848) AND (id <= 4170847))
	  ->  Bitmap Index Scan on sbtest5_pkey  (cost=0.00..30.89 rows=1046 width=0)
	        Index Cond: ((id >= 4169848) AND (id <= 4170847))

table 6 : explain SELECT c FROM sbtest6 WHERE id BETWEEN 4768085 AND 4769084
	Bitmap Heap Scan on sbtest6  (cost=35.08..4025.68 rows=1039 width=121)
	  Recheck Cond: ((id >= 4768085) AND (id <= 4769084))
	  ->  Bitmap Index Scan on sbtest6_pkey  (cost=0.00..34.83 rows=1039 width=0)
	        Index Cond: ((id >= 4768085) AND (id <= 4769084))

table 7 : explain SELECT c FROM sbtest7 WHERE id BETWEEN 1612754 AND 1613753
	Bitmap Heap Scan on sbtest7  (cost=35.44..4157.95 rows=1074 width=121)
	  Recheck Cond: ((id >= 1612754) AND (id <= 1613753))
	  ->  Bitmap Index Scan on sbtest7_pkey  (cost=0.00..35.18 rows=1074 width=0)
	        Index Cond: ((id >= 1612754) AND (id <= 1613753))

table 8 : explain SELECT c FROM sbtest8 WHERE id BETWEEN 4262368 AND 4263367
	Bitmap Heap Scan on sbtest8  (cost=35.09..4029.82 rows=1040 width=121)
	  Recheck Cond: ((id >= 4262368) AND (id <= 4263367))
	  ->  Bitmap Index Scan on sbtest8_pkey  (cost=0.00..34.84 rows=1040 width=0)
	        Index Cond: ((id >= 4262368) AND (id <= 4263367))

for: sum_ranges
table 1 : explain SELECT SUM(k) FROM sbtest1 WHERE id BETWEEN 623309 AND 624308
	Aggregate  (cost=3990.59..3990.60 rows=1 width=8)
	  ->  Bitmap Heap Scan on sbtest1  (cost=30.99..3988.02 rows=1030 width=4)
	        Recheck Cond: ((id >= 623309) AND (id <= 624308))
	        ->  Bitmap Index Scan on sbtest1_pkey  (cost=0.00..30.73 rows=1030 width=0)
	              Index Cond: ((id >= 623309) AND (id <= 624308))

table 2 : explain SELECT SUM(k) FROM sbtest2 WHERE id BETWEEN 1915320 AND 1916319
	Aggregate  (cost=3888.73..3888.74 rows=1 width=8)
	  ->  Bitmap Heap Scan on sbtest2  (cost=30.72..3886.23 rows=1003 width=4)
	        Recheck Cond: ((id >= 1915320) AND (id <= 1916319))
	        ->  Bitmap Index Scan on sbtest2_pkey  (cost=0.00..30.46 rows=1003 width=0)
	              Index Cond: ((id >= 1915320) AND (id <= 1916319))

table 3 : explain SELECT SUM(k) FROM sbtest3 WHERE id BETWEEN 3403877 AND 3404876
	Aggregate  (cost=3839.37..3839.38 rows=1 width=8)
	  ->  Bitmap Heap Scan on sbtest3  (cost=30.58..3836.89 rows=990 width=4)
	        Recheck Cond: ((id >= 3403877) AND (id <= 3404876))
	        ->  Bitmap Index Scan on sbtest3_pkey  (cost=0.00..30.33 rows=990 width=0)
	              Index Cond: ((id >= 3403877) AND (id <= 3404876))

table 4 : explain SELECT SUM(k) FROM sbtest4 WHERE id BETWEEN 3162305 AND 3163304
	Aggregate  (cost=4111.89..4111.90 rows=1 width=8)
	  ->  Bitmap Heap Scan on sbtest4  (cost=35.31..4109.24 rows=1061 width=4)
	        Recheck Cond: ((id >= 3162305) AND (id <= 3163304))
	        ->  Bitmap Index Scan on sbtest4_pkey  (cost=0.00..35.05 rows=1061 width=0)
	              Index Cond: ((id >= 3162305) AND (id <= 3163304))

table 5 : explain SELECT SUM(k) FROM sbtest5 WHERE id BETWEEN 6863798 AND 6864797
	Aggregate  (cost=3642.98..3642.99 rows=1 width=8)
	  ->  Bitmap Heap Scan on sbtest5  (cost=30.05..3640.63 rows=938 width=4)
	        Recheck Cond: ((id >= 6863798) AND (id <= 6864797))
	        ->  Bitmap Index Scan on sbtest5_pkey  (cost=0.00..29.82 rows=938 width=0)
	              Index Cond: ((id >= 6863798) AND (id <= 6864797))

table 6 : explain SELECT SUM(k) FROM sbtest6 WHERE id BETWEEN 2177103 AND 2178102
	Aggregate  (cost=4009.42..4009.43 rows=1 width=8)
	  ->  Bitmap Heap Scan on sbtest6  (cost=35.03..4006.83 rows=1034 width=4)
	        Recheck Cond: ((id >= 2177103) AND (id <= 2178102))
	        ->  Bitmap Index Scan on sbtest6_pkey  (cost=0.00..34.78 rows=1034 width=0)
	              Index Cond: ((id >= 2177103) AND (id <= 2178102))

table 7 : explain SELECT SUM(k) FROM sbtest7 WHERE id BETWEEN 1732380 AND 1733379
	Aggregate  (cost=4578.21..4578.22 rows=1 width=8)
	  ->  Bitmap Heap Scan on sbtest7  (cost=36.59..4575.25 rows=1186 width=4)
	        Recheck Cond: ((id >= 1732380) AND (id <= 1733379))
	        ->  Bitmap Index Scan on sbtest7_pkey  (cost=0.00..36.30 rows=1186 width=0)
	              Index Cond: ((id >= 1732380) AND (id <= 1733379))

table 8 : explain SELECT SUM(k) FROM sbtest8 WHERE id BETWEEN 652332 AND 653331
	Aggregate  (cost=4096.54..4096.55 rows=1 width=8)
	  ->  Bitmap Heap Scan on sbtest8  (cost=35.27..4093.89 rows=1057 width=4)
	        Recheck Cond: ((id >= 652332) AND (id <= 653331))
	        ->  Bitmap Index Scan on sbtest8_pkey  (cost=0.00..35.01 rows=1057 width=0)
	              Index Cond: ((id >= 652332) AND (id <= 653331))

for: order_ranges
table 1 : explain SELECT c FROM sbtest1 WHERE id BETWEEN 9947133 AND 9948132 ORDER BY c
	Sort  (cost=4043.39..4045.97 rows=1031 width=121)
	  Sort Key: c
	  ->  Bitmap Heap Scan on sbtest1  (cost=31.00..3991.79 rows=1031 width=121)
	        Recheck Cond: ((id >= 9947133) AND (id <= 9948132))
	        ->  Bitmap Index Scan on sbtest1_pkey  (cost=0.00..30.75 rows=1031 width=0)
	              Index Cond: ((id >= 9947133) AND (id <= 9948132))

table 2 : explain SELECT c FROM sbtest2 WHERE id BETWEEN 1293283 AND 1294282 ORDER BY c
	Sort  (cost=4066.60..4069.19 rows=1036 width=121)
	  Sort Key: c
	  ->  Bitmap Heap Scan on sbtest2  (cost=35.05..4014.72 rows=1036 width=121)
	        Recheck Cond: ((id >= 1293283) AND (id <= 1294282))
	        ->  Bitmap Index Scan on sbtest2_pkey  (cost=0.00..34.80 rows=1036 width=0)
	              Index Cond: ((id >= 1293283) AND (id <= 1294282))

table 3 : explain SELECT c FROM sbtest3 WHERE id BETWEEN 7622448 AND 7623447 ORDER BY c
	Sort  (cost=4196.39..4199.06 rows=1070 width=121)
	  Sort Key: c
	  ->  Bitmap Heap Scan on sbtest3  (cost=35.40..4142.55 rows=1070 width=121)
	        Recheck Cond: ((id >= 7622448) AND (id <= 7623447))
	        ->  Bitmap Index Scan on sbtest3_pkey  (cost=0.00..35.14 rows=1070 width=0)
	              Index Cond: ((id >= 7622448) AND (id <= 7623447))

table 4 : explain SELECT c FROM sbtest4 WHERE id BETWEEN 8126112 AND 8127111 ORDER BY c
	Sort  (cost=3871.34..3873.81 rows=986 width=121)
	  Sort Key: c
	  ->  Bitmap Heap Scan on sbtest4  (cost=30.54..3822.31 rows=986 width=121)
	        Recheck Cond: ((id >= 8126112) AND (id <= 8127111))
	        ->  Bitmap Index Scan on sbtest4_pkey  (cost=0.00..30.29 rows=986 width=0)
	              Index Cond: ((id >= 8126112) AND (id <= 8127111))

table 5 : explain SELECT c FROM sbtest5 WHERE id BETWEEN 4140244 AND 4141243 ORDER BY c
	Sort  (cost=4100.89..4103.50 rows=1046 width=121)
	  Sort Key: c
	  ->  Bitmap Heap Scan on sbtest5  (cost=31.16..4048.43 rows=1046 width=121)
	        Recheck Cond: ((id >= 4140244) AND (id <= 4141243))
	        ->  Bitmap Index Scan on sbtest5_pkey  (cost=0.00..30.89 rows=1046 width=0)
	              Index Cond: ((id >= 4140244) AND (id <= 4141243))

table 6 : explain SELECT c FROM sbtest6 WHERE id BETWEEN 1083938 AND 1084937 ORDER BY c
	Sort  (cost=3751.87..3754.26 rows=955 width=121)
	  Sort Key: c
	  ->  Bitmap Heap Scan on sbtest6  (cost=30.22..3704.60 rows=955 width=121)
	        Recheck Cond: ((id >= 1083938) AND (id <= 1084937))
	        ->  Bitmap Index Scan on sbtest6_pkey  (cost=0.00..29.98 rows=955 width=0)
	              Index Cond: ((id >= 1083938) AND (id <= 1084937))

table 7 : explain SELECT c FROM sbtest7 WHERE id BETWEEN 8824976 AND 8825975 ORDER BY c
	Sort  (cost=3809.77..3812.19 rows=970 width=121)
	  Sort Key: c
	  ->  Bitmap Heap Scan on sbtest7  (cost=30.38..3761.65 rows=970 width=121)
	        Recheck Cond: ((id >= 8824976) AND (id <= 8825975))
	        ->  Bitmap Index Scan on sbtest7_pkey  (cost=0.00..30.14 rows=970 width=0)
	              Index Cond: ((id >= 8824976) AND (id <= 8825975))

table 8 : explain SELECT c FROM sbtest8 WHERE id BETWEEN 7857162 AND 7858161 ORDER BY c
	Sort  (cost=4292.26..4295.00 rows=1095 width=121)
	  Sort Key: c
	  ->  Bitmap Heap Scan on sbtest8  (cost=35.66..4236.98 rows=1095 width=121)
	        Recheck Cond: ((id >= 7857162) AND (id <= 7858161))
	        ->  Bitmap Index Scan on sbtest8_pkey  (cost=0.00..35.39 rows=1095 width=0)
	              Index Cond: ((id >= 7857162) AND (id <= 7858161))

for: simple_ranges
table 1 : explain SELECT c FROM sbtest1 WHERE id BETWEEN 1124087 AND 1125086
	Bitmap Heap Scan on sbtest1  (cost=31.00..3991.79 rows=1031 width=121)
	  Recheck Cond: ((id >= 1124087) AND (id <= 1125086))
	  ->  Bitmap Index Scan on sbtest1_pkey  (cost=0.00..30.75 rows=1031 width=0)
	        Index Cond: ((id >= 1124087) AND (id <= 1125086))

table 2 : explain SELECT c FROM sbtest2 WHERE id BETWEEN 184746 AND 185745
	Bitmap Heap Scan on sbtest2  (cost=30.73..3890.00 rows=1004 width=121)
	  Recheck Cond: ((id >= 184746) AND (id <= 185745))
	  ->  Bitmap Index Scan on sbtest2_pkey  (cost=0.00..30.47 rows=1004 width=0)
	        Index Cond: ((id >= 184746) AND (id <= 185745))

table 3 : explain SELECT c FROM sbtest3 WHERE id BETWEEN 3422234 AND 3423233
	Bitmap Heap Scan on sbtest3  (cost=30.71..3882.19 rows=1002 width=121)
	  Recheck Cond: ((id >= 3422234) AND (id <= 3423233))
	  ->  Bitmap Index Scan on sbtest3_pkey  (cost=0.00..30.45 rows=1002 width=0)
	        Index Cond: ((id >= 3422234) AND (id <= 3423233))

table 4 : explain SELECT c FROM sbtest4 WHERE id BETWEEN 9004960 AND 9005959
	Bitmap Heap Scan on sbtest4  (cost=30.83..3928.02 rows=1014 width=121)
	  Recheck Cond: ((id >= 9004960) AND (id <= 9005959))
	  ->  Bitmap Index Scan on sbtest4_pkey  (cost=0.00..30.57 rows=1014 width=0)
	        Index Cond: ((id >= 9004960) AND (id <= 9005959))

table 5 : explain SELECT c FROM sbtest5 WHERE id BETWEEN 4572526 AND 4573525
	Bitmap Heap Scan on sbtest5  (cost=35.38..4135.32 rows=1068 width=121)
	  Recheck Cond: ((id >= 4572526) AND (id <= 4573525))
	  ->  Bitmap Index Scan on sbtest5_pkey  (cost=0.00..35.12 rows=1068 width=0)
	        Index Cond: ((id >= 4572526) AND (id <= 4573525))

table 6 : explain SELECT c FROM sbtest6 WHERE id BETWEEN 5616668 AND 5617667
	Bitmap Heap Scan on sbtest6  (cost=30.02..3628.98 rows=935 width=121)
	  Recheck Cond: ((id >= 5616668) AND (id <= 5617667))
	  ->  Bitmap Index Scan on sbtest6_pkey  (cost=0.00..29.79 rows=935 width=0)
	        Index Cond: ((id >= 5616668) AND (id <= 5617667))

table 7 : explain SELECT c FROM sbtest7 WHERE id BETWEEN 6693868 AND 6694867
	Bitmap Heap Scan on sbtest7  (cost=30.74..3893.82 rows=1005 width=121)
	  Recheck Cond: ((id >= 6693868) AND (id <= 6694867))
	  ->  Bitmap Index Scan on sbtest7_pkey  (cost=0.00..30.48 rows=1005 width=0)
	        Index Cond: ((id >= 6693868) AND (id <= 6694867))

table 8 : explain SELECT c FROM sbtest8 WHERE id BETWEEN 2200756 AND 2201755
	Bitmap Heap Scan on sbtest8  (cost=29.74..3527.10 rows=908 width=121)
	  Recheck Cond: ((id >= 2200756) AND (id <= 2201755))
	  ->  Bitmap Index Scan on sbtest8_pkey  (cost=0.00..29.51 rows=908 width=0)
	        Index Cond: ((id >= 2200756) AND (id <= 2201755))

for: sum_ranges
table 1 : explain SELECT SUM(k) FROM sbtest1 WHERE id BETWEEN 2067594 AND 2068593
	Aggregate  (cost=3438.31..3438.32 rows=1 width=8)
	  ->  Bitmap Heap Scan on sbtest1  (cost=29.50..3436.10 rows=884 width=4)
	        Recheck Cond: ((id >= 2067594) AND (id <= 2068593))
	        ->  Bitmap Index Scan on sbtest1_pkey  (cost=0.00..29.27 rows=884 width=0)
	              Index Cond: ((id >= 2067594) AND (id <= 2068593))

table 2 : explain SELECT SUM(k) FROM sbtest2 WHERE id BETWEEN 6547883 AND 6548882
	Aggregate  (cost=3832.07..3832.08 rows=1 width=8)
	  ->  Bitmap Heap Scan on sbtest2  (cost=30.56..3829.60 rows=988 width=4)
	        Recheck Cond: ((id >= 6547883) AND (id <= 6548882))
	        ->  Bitmap Index Scan on sbtest2_pkey  (cost=0.00..30.32 rows=988 width=0)
	              Index Cond: ((id >= 6547883) AND (id <= 6548882))

table 3 : explain SELECT SUM(k) FROM sbtest3 WHERE id BETWEEN 9586197 AND 9587196
	Aggregate  (cost=3850.70..3850.71 rows=1 width=8)
	  ->  Bitmap Heap Scan on sbtest3  (cost=30.61..3848.22 rows=993 width=4)
	        Recheck Cond: ((id >= 9586197) AND (id <= 9587196))
	        ->  Bitmap Index Scan on sbtest3_pkey  (cost=0.00..30.36 rows=993 width=0)
	              Index Cond: ((id >= 9586197) AND (id <= 9587196))

table 4 : explain SELECT SUM(k) FROM sbtest4 WHERE id BETWEEN 8513797 AND 8514796
	Aggregate  (cost=3510.64..3510.65 rows=1 width=8)
	  ->  Bitmap Heap Scan on sbtest4  (cost=29.69..3508.38 rows=903 width=4)
	        Recheck Cond: ((id >= 8513797) AND (id <= 8514796))
	        ->  Bitmap Index Scan on sbtest4_pkey  (cost=0.00..29.46 rows=903 width=0)
	              Index Cond: ((id >= 8513797) AND (id <= 8514796))

table 5 : explain SELECT SUM(k) FROM sbtest5 WHERE id BETWEEN 5898289 AND 5899288
	Aggregate  (cost=4088.98..4088.99 rows=1 width=8)
	  ->  Bitmap Heap Scan on sbtest5  (cost=35.25..4086.35 rows=1055 width=4)
	        Recheck Cond: ((id >= 5898289) AND (id <= 5899288))
	        ->  Bitmap Index Scan on sbtest5_pkey  (cost=0.00..34.98 rows=1055 width=0)
	              Index Cond: ((id >= 5898289) AND (id <= 5899288))

table 6 : explain SELECT SUM(k) FROM sbtest6 WHERE id BETWEEN 3839245 AND 3840244
	Aggregate  (cost=3949.04..3949.05 rows=1 width=8)
	  ->  Bitmap Heap Scan on sbtest6  (cost=34.87..3946.49 rows=1018 width=4)
	        Recheck Cond: ((id >= 3839245) AND (id <= 3840244))
	        ->  Bitmap Index Scan on sbtest6_pkey  (cost=0.00..34.62 rows=1018 width=0)
	              Index Cond: ((id >= 3839245) AND (id <= 3840244))

table 7 : explain SELECT SUM(k) FROM sbtest7 WHERE id BETWEEN 4993187 AND 4994186
	Aggregate  (cost=4213.38..4213.39 rows=1 width=8)
	  ->  Bitmap Heap Scan on sbtest7  (cost=35.59..4210.66 rows=1088 width=4)
	        Recheck Cond: ((id >= 4993187) AND (id <= 4994186))
	        ->  Bitmap Index Scan on sbtest7_pkey  (cost=0.00..35.32 rows=1088 width=0)
	              Index Cond: ((id >= 4993187) AND (id <= 4994186))

table 8 : explain SELECT SUM(k) FROM sbtest8 WHERE id BETWEEN 2799945 AND 2800944
	Aggregate  (cost=3525.58..3525.59 rows=1 width=8)
	  ->  Bitmap Heap Scan on sbtest8  (cost=29.73..3523.32 rows=907 width=4)
	        Recheck Cond: ((id >= 2799945) AND (id <= 2800944))
	        ->  Bitmap Index Scan on sbtest8_pkey  (cost=0.00..29.50 rows=907 width=0)
	              Index Cond: ((id >= 2799945) AND (id <= 2800944))

for: distinct_ranges
table 1 : explain SELECT DISTINCT c FROM sbtest1 WHERE id BETWEEN 7933617 AND 7934616 ORDER BY c
	Unique  (cost=3936.16..3941.17 rows=1003 width=121)
	  ->  Sort  (cost=3936.16..3938.66 rows=1003 width=121)
	        Sort Key: c
	        ->  Bitmap Heap Scan on sbtest1  (cost=30.72..3886.16 rows=1003 width=121)
	              Recheck Cond: ((id >= 7933617) AND (id <= 7934616))
	              ->  Bitmap Index Scan on sbtest1_pkey  (cost=0.00..30.46 rows=1003 width=0)
	                    Index Cond: ((id >= 7933617) AND (id <= 7934616))

table 2 : explain SELECT DISTINCT c FROM sbtest2 WHERE id BETWEEN 6046808 AND 6047807 ORDER BY c
	Unique  (cost=3886.41..3891.36 rows=990 width=121)
	  ->  Sort  (cost=3886.41..3888.88 rows=990 width=121)
	        Sort Key: c
	        ->  Bitmap Heap Scan on sbtest2  (cost=30.58..3837.15 rows=990 width=121)
	              Recheck Cond: ((id >= 6046808) AND (id <= 6047807))
	              ->  Bitmap Index Scan on sbtest2_pkey  (cost=0.00..30.33 rows=990 width=0)
	                    Index Cond: ((id >= 6046808) AND (id <= 6047807))

table 3 : explain SELECT DISTINCT c FROM sbtest3 WHERE id BETWEEN 7382499 AND 7383498 ORDER BY c
	Unique  (cost=4108.42..4113.66 rows=1047 width=121)
	  ->  Sort  (cost=4108.42..4111.04 rows=1047 width=121)
	        Sort Key: c
	        ->  Bitmap Heap Scan on sbtest3  (cost=35.17..4055.91 rows=1047 width=121)
	              Recheck Cond: ((id >= 7382499) AND (id <= 7383498))
	              ->  Bitmap Index Scan on sbtest3_pkey  (cost=0.00..34.91 rows=1047 width=0)
	                    Index Cond: ((id >= 7382499) AND (id <= 7383498))

table 4 : explain SELECT DISTINCT c FROM sbtest4 WHERE id BETWEEN 73745 AND 74744 ORDER BY c
	Unique  (cost=3974.82..3979.88 rows=1013 width=121)
	  ->  Sort  (cost=3974.82..3977.35 rows=1013 width=121)
	        Sort Key: c
	        ->  Bitmap Heap Scan on sbtest4  (cost=30.82..3924.25 rows=1013 width=121)
	              Recheck Cond: ((id >= 73745) AND (id <= 74744))
	              ->  Bitmap Index Scan on sbtest4_pkey  (cost=0.00..30.57 rows=1013 width=0)
	                    Index Cond: ((id >= 73745) AND (id <= 74744))

table 5 : explain SELECT DISTINCT c FROM sbtest5 WHERE id BETWEEN 4334512 AND 4335511 ORDER BY c
	Unique  (cost=3717.65..3722.38 rows=946 width=121)
	  ->  Sort  (cost=3717.65..3720.02 rows=946 width=121)
	        Sort Key: c
	        ->  Bitmap Heap Scan on sbtest5  (cost=30.13..3670.89 rows=946 width=121)
	              Recheck Cond: ((id >= 4334512) AND (id <= 4335511))
	              ->  Bitmap Index Scan on sbtest5_pkey  (cost=0.00..29.89 rows=946 width=0)
	                    Index Cond: ((id >= 4334512) AND (id <= 4335511))

table 6 : explain SELECT DISTINCT c FROM sbtest6 WHERE id BETWEEN 1966729 AND 1967728 ORDER BY c
	Unique  (cost=3985.86..3990.94 rows=1015 width=121)
	  ->  Sort  (cost=3985.86..3988.40 rows=1015 width=121)
	        Sort Key: c
	        ->  Bitmap Heap Scan on sbtest6  (cost=34.84..3935.18 rows=1015 width=121)
	              Recheck Cond: ((id >= 1966729) AND (id <= 1967728))
	              ->  Bitmap Index Scan on sbtest6_pkey  (cost=0.00..34.59 rows=1015 width=0)
	                    Index Cond: ((id >= 1966729) AND (id <= 1967728))

table 7 : explain SELECT DISTINCT c FROM sbtest7 WHERE id BETWEEN 1759727 AND 1760726 ORDER BY c
	Unique  (cost=4635.80..4641.73 rows=1186 width=121)
	  ->  Sort  (cost=4635.80..4638.77 rows=1186 width=121)
	        Sort Key: c
	        ->  Bitmap Heap Scan on sbtest7  (cost=36.59..4575.25 rows=1186 width=121)
	              Recheck Cond: ((id >= 1759727) AND (id <= 1760726))
	              ->  Bitmap Index Scan on sbtest7_pkey  (cost=0.00..36.30 rows=1186 width=0)
	                    Index Cond: ((id >= 1759727) AND (id <= 1760726))

table 8 : explain SELECT DISTINCT c FROM sbtest8 WHERE id BETWEEN 4345379 AND 4346378 ORDER BY c
	Unique  (cost=4081.94..4087.14 rows=1040 width=121)
	  ->  Sort  (cost=4081.94..4084.54 rows=1040 width=121)
	        Sort Key: c
	        ->  Bitmap Heap Scan on sbtest8  (cost=35.09..4029.82 rows=1040 width=121)
	              Recheck Cond: ((id >= 4345379) AND (id <= 4346378))
	              ->  Bitmap Index Scan on sbtest8_pkey  (cost=0.00..34.84 rows=1040 width=0)
	                    Index Cond: ((id >= 4345379) AND (id <= 4346378))

for: order_ranges
table 1 : explain SELECT c FROM sbtest1 WHERE id BETWEEN 9633144 AND 9634143 ORDER BY c
	Sort  (cost=4112.28..4114.90 rows=1049 width=121)
	  Sort Key: c
	  ->  Bitmap Heap Scan on sbtest1  (cost=31.19..4059.64 rows=1049 width=121)
	        Recheck Cond: ((id >= 9633144) AND (id <= 9634143))
	        ->  Bitmap Index Scan on sbtest1_pkey  (cost=0.00..30.93 rows=1049 width=0)
	              Index Cond: ((id >= 9633144) AND (id <= 9634143))

table 2 : explain SELECT c FROM sbtest2 WHERE id BETWEEN 3433007 AND 3434006 ORDER BY c
	Sort  (cost=4005.17..4007.73 rows=1021 width=121)
	  Sort Key: c
	  ->  Bitmap Heap Scan on sbtest2  (cost=30.90..3954.15 rows=1021 width=121)
	        Recheck Cond: ((id >= 3433007) AND (id <= 3434006))
	        ->  Bitmap Index Scan on sbtest2_pkey  (cost=0.00..30.64 rows=1021 width=0)
	              Index Cond: ((id >= 3433007) AND (id <= 3434006))

table 3 : explain SELECT c FROM sbtest3 WHERE id BETWEEN 3901681 AND 3902680 ORDER BY c
	Sort  (cost=4058.50..4061.09 rows=1035 width=121)
	  Sort Key: c
	  ->  Bitmap Heap Scan on sbtest3  (cost=31.04..4006.67 rows=1035 width=121)
	        Recheck Cond: ((id >= 3901681) AND (id <= 3902680))
	        ->  Bitmap Index Scan on sbtest3_pkey  (cost=0.00..30.79 rows=1035 width=0)
	              Index Cond: ((id >= 3901681) AND (id <= 3902680))

table 4 : explain SELECT c FROM sbtest4 WHERE id BETWEEN 8181627 AND 8182626 ORDER BY c
	Sort  (cost=4016.95..4019.51 rows=1024 width=121)
	  Sort Key: c
	  ->  Bitmap Heap Scan on sbtest4  (cost=30.93..3965.75 rows=1024 width=121)
	        Recheck Cond: ((id >= 8181627) AND (id <= 8182626))
	        ->  Bitmap Index Scan on sbtest4_pkey  (cost=0.00..30.68 rows=1024 width=0)
	              Index Cond: ((id >= 8181627) AND (id <= 8182626))

table 5 : explain SELECT c FROM sbtest5 WHERE id BETWEEN 9427264 AND 9428263 ORDER BY c
	Sort  (cost=3825.08..3827.51 rows=974 width=121)
	  Sort Key: c
	  ->  Bitmap Heap Scan on sbtest5  (cost=30.42..3776.73 rows=974 width=121)
	        Recheck Cond: ((id >= 9427264) AND (id <= 9428263))
	        ->  Bitmap Index Scan on sbtest5_pkey  (cost=0.00..30.18 rows=974 width=0)
	              Index Cond: ((id >= 9427264) AND (id <= 9428263))

table 6 : explain SELECT c FROM sbtest6 WHERE id BETWEEN 249695 AND 250694 ORDER BY c
	Sort  (cost=4184.84..4187.51 rows=1067 width=121)
	  Sort Key: c
	  ->  Bitmap Heap Scan on sbtest6  (cost=35.37..4131.18 rows=1067 width=121)
	        Recheck Cond: ((id >= 249695) AND (id <= 250694))
	        ->  Bitmap Index Scan on sbtest6_pkey  (cost=0.00..35.11 rows=1067 width=0)
	              Index Cond: ((id >= 249695) AND (id <= 250694))

table 7 : explain SELECT c FROM sbtest7 WHERE id BETWEEN 2177907 AND 2178906 ORDER BY c
	Sort  (cost=4150.83..4153.48 rows=1058 width=121)
	  Sort Key: c
	  ->  Bitmap Heap Scan on sbtest7  (cost=35.28..4097.68 rows=1058 width=121)
	        Recheck Cond: ((id >= 2177907) AND (id <= 2178906))
	        ->  Bitmap Index Scan on sbtest7_pkey  (cost=0.00..35.02 rows=1058 width=0)
	              Index Cond: ((id >= 2177907) AND (id <= 2178906))

table 8 : explain SELECT c FROM sbtest8 WHERE id BETWEEN 5422308 AND 5423307 ORDER BY c
	Sort  (cost=3579.40..3581.68 rows=910 width=121)
	  Sort Key: c
	  ->  Bitmap Heap Scan on sbtest8  (cost=29.76..3534.68 rows=910 width=121)
	        Recheck Cond: ((id >= 5422308) AND (id <= 5423307))
	        ->  Bitmap Index Scan on sbtest8_pkey  (cost=0.00..29.54 rows=910 width=0)
	              Index Cond: ((id >= 5422308) AND (id <= 5423307))

for point_selects
table 1 : explain SELECT c FROM sbtest1 WHERE id=5613616
	Index Scan using sbtest1_pkey on sbtest1  (cost=0.43..8.45 rows=1 width=121)
	  Index Cond: (id = 5613616)

table 2 : explain SELECT c FROM sbtest2 WHERE id=4292858
	Index Scan using sbtest2_pkey on sbtest2  (cost=0.43..8.45 rows=1 width=121)
	  Index Cond: (id = 4292858)

table 3 : explain SELECT c FROM sbtest3 WHERE id=8007417
	Index Scan using sbtest3_pkey on sbtest3  (cost=0.43..8.45 rows=1 width=121)
	  Index Cond: (id = 8007417)

table 4 : explain SELECT c FROM sbtest4 WHERE id=3850993
	Index Scan using sbtest4_pkey on sbtest4  (cost=0.43..8.45 rows=1 width=121)
	  Index Cond: (id = 3850993)

table 5 : explain SELECT c FROM sbtest5 WHERE id=7513055
	Index Scan using sbtest5_pkey on sbtest5  (cost=0.43..8.45 rows=1 width=121)
	  Index Cond: (id = 7513055)

table 6 : explain SELECT c FROM sbtest6 WHERE id=2688937
	Index Scan using sbtest6_pkey on sbtest6  (cost=0.43..8.45 rows=1 width=121)
	  Index Cond: (id = 2688937)

table 7 : explain SELECT c FROM sbtest7 WHERE id=3544418
	Index Scan using sbtest7_pkey on sbtest7  (cost=0.43..8.45 rows=1 width=121)
	  Index Cond: (id = 3544418)

table 8 : explain SELECT c FROM sbtest8 WHERE id=5338252
	Index Scan using sbtest8_pkey on sbtest8  (cost=0.43..8.45 rows=1 width=121)
	  Index Cond: (id = 5338252)

for: order_ranges
table 1 : explain SELECT c FROM sbtest1 WHERE id BETWEEN 5643263 AND 5644262 ORDER BY c
	Sort  (cost=4334.17..4336.94 rows=1106 width=121)
	  Sort Key: c
	  ->  Bitmap Heap Scan on sbtest1  (cost=35.77..4278.26 rows=1106 width=121)
	        Recheck Cond: ((id >= 5643263) AND (id <= 5644262))
	        ->  Bitmap Index Scan on sbtest1_pkey  (cost=0.00..35.50 rows=1106 width=0)
	              Index Cond: ((id >= 5643263) AND (id <= 5644262))

table 2 : explain SELECT c FROM sbtest2 WHERE id BETWEEN 521510 AND 522509 ORDER BY c
	Sort  (cost=3871.07..3873.54 rows=986 width=121)
	  Sort Key: c
	  ->  Bitmap Heap Scan on sbtest2  (cost=30.54..3822.04 rows=986 width=121)
	        Recheck Cond: ((id >= 521510) AND (id <= 522509))
	        ->  Bitmap Index Scan on sbtest2_pkey  (cost=0.00..30.29 rows=986 width=0)
	              Index Cond: ((id >= 521510) AND (id <= 522509))

table 3 : explain SELECT c FROM sbtest3 WHERE id BETWEEN 3428071 AND 3429070 ORDER BY c
	Sort  (cost=3932.14..3934.64 rows=1002 width=121)
	  Sort Key: c
	  ->  Bitmap Heap Scan on sbtest3  (cost=30.71..3882.19 rows=1002 width=121)
	        Recheck Cond: ((id >= 3428071) AND (id <= 3429070))
	        ->  Bitmap Index Scan on sbtest3_pkey  (cost=0.00..30.45 rows=1002 width=0)
	              Index Cond: ((id >= 3428071) AND (id <= 3429070))

table 4 : explain SELECT c FROM sbtest4 WHERE id BETWEEN 1936354 AND 1937353 ORDER BY c
	Sort  (cost=3809.99..3812.41 rows=970 width=121)
	  Sort Key: c
	  ->  Bitmap Heap Scan on sbtest4  (cost=30.38..3761.87 rows=970 width=121)
	        Recheck Cond: ((id >= 1936354) AND (id <= 1937353))
	        ->  Bitmap Index Scan on sbtest4_pkey  (cost=0.00..30.14 rows=970 width=0)
	              Index Cond: ((id >= 1936354) AND (id <= 1937353))

table 5 : explain SELECT c FROM sbtest5 WHERE id BETWEEN 4741556 AND 4742555 ORDER BY c
	Sort  (cost=3709.97..3712.33 rows=944 width=121)
	  Sort Key: c
	  ->  Bitmap Heap Scan on sbtest5  (cost=30.11..3663.33 rows=944 width=121)
	        Recheck Cond: ((id >= 4741556) AND (id <= 4742555))
	        ->  Bitmap Index Scan on sbtest5_pkey  (cost=0.00..29.87 rows=944 width=0)
	              Index Cond: ((id >= 4741556) AND (id <= 4742555))

table 6 : explain SELECT c FROM sbtest6 WHERE id BETWEEN 1148585 AND 1149584 ORDER BY c
	Sort  (cost=3751.87..3754.26 rows=955 width=121)
	  Sort Key: c
	  ->  Bitmap Heap Scan on sbtest6  (cost=30.22..3704.60 rows=955 width=121)
	        Recheck Cond: ((id >= 1148585) AND (id <= 1149584))
	        ->  Bitmap Index Scan on sbtest6_pkey  (cost=0.00..29.98 rows=955 width=0)
	              Index Cond: ((id >= 1148585) AND (id <= 1149584))

table 7 : explain SELECT c FROM sbtest7 WHERE id BETWEEN 7048487 AND 7049486 ORDER BY c
	Sort  (cost=3660.09..3662.42 rows=931 width=121)
	  Sort Key: c
	  ->  Bitmap Heap Scan on sbtest7  (cost=29.98..3614.18 rows=931 width=121)
	        Recheck Cond: ((id >= 7048487) AND (id <= 7049486))
	        ->  Bitmap Index Scan on sbtest7_pkey  (cost=0.00..29.75 rows=931 width=0)
	              Index Cond: ((id >= 7048487) AND (id <= 7049486))

table 8 : explain SELECT c FROM sbtest8 WHERE id BETWEEN 9931913 AND 9932912 ORDER BY c
	Sort  (cost=3590.93..3593.21 rows=913 width=121)
	  Sort Key: c
	  ->  Bitmap Heap Scan on sbtest8  (cost=29.79..3546.03 rows=913 width=121)
	        Recheck Cond: ((id >= 9931913) AND (id <= 9932912))
	        ->  Bitmap Index Scan on sbtest8_pkey  (cost=0.00..29.57 rows=913 width=0)
	              Index Cond: ((id >= 9931913) AND (id <= 9932912))

for: order_ranges
table 1 : explain SELECT c FROM sbtest1 WHERE id BETWEEN 8945183 AND 8946182 ORDER BY c
	Sort  (cost=3863.34..3865.80 rows=984 width=121)
	  Sort Key: c
	  ->  Bitmap Heap Scan on sbtest1  (cost=30.52..3814.42 rows=984 width=121)
	        Recheck Cond: ((id >= 8945183) AND (id <= 8946182))
	        ->  Bitmap Index Scan on sbtest1_pkey  (cost=0.00..30.27 rows=984 width=0)
	              Index Cond: ((id >= 8945183) AND (id <= 8946182))

table 2 : explain SELECT c FROM sbtest2 WHERE id BETWEEN 5817592 AND 5818591 ORDER BY c
	Sort  (cost=3771.36..3773.76 rows=960 width=121)
	  Sort Key: c
	  ->  Bitmap Heap Scan on sbtest2  (cost=30.27..3723.81 rows=960 width=121)
	        Recheck Cond: ((id >= 5817592) AND (id <= 5818591))
	        ->  Bitmap Index Scan on sbtest2_pkey  (cost=0.00..30.04 rows=960 width=0)
	              Index Cond: ((id >= 5817592) AND (id <= 5818591))

table 3 : explain SELECT c FROM sbtest3 WHERE id BETWEEN 2686007 AND 2687006 ORDER BY c
	Sort  (cost=4127.55..4130.18 rows=1052 width=121)
	  Sort Key: c
	  ->  Bitmap Heap Scan on sbtest3  (cost=35.22..4074.75 rows=1052 width=121)
	        Recheck Cond: ((id >= 2686007) AND (id <= 2687006))
	        ->  Bitmap Index Scan on sbtest3_pkey  (cost=0.00..34.95 rows=1052 width=0)
	              Index Cond: ((id >= 2686007) AND (id <= 2687006))

table 4 : explain SELECT c FROM sbtest4 WHERE id BETWEEN 9388713 AND 9389712 ORDER BY c
	Sort  (cost=3993.97..3996.52 rows=1018 width=121)
	  Sort Key: c
	  ->  Bitmap Heap Scan on sbtest4  (cost=30.87..3943.11 rows=1018 width=121)
	        Recheck Cond: ((id >= 9388713) AND (id <= 9389712))
	        ->  Bitmap Index Scan on sbtest4_pkey  (cost=0.00..30.61 rows=1018 width=0)
	              Index Cond: ((id >= 9388713) AND (id <= 9389712))

table 5 : explain SELECT c FROM sbtest5 WHERE id BETWEEN 8706968 AND 8707967 ORDER BY c
	Sort  (cost=3698.46..3700.81 rows=941 width=121)
	  Sort Key: c
	  ->  Bitmap Heap Scan on sbtest5  (cost=30.08..3651.98 rows=941 width=121)
	        Recheck Cond: ((id >= 8706968) AND (id <= 8707967))
	        ->  Bitmap Index Scan on sbtest5_pkey  (cost=0.00..29.84 rows=941 width=0)
	              Index Cond: ((id >= 8706968) AND (id <= 8707967))

table 6 : explain SELECT c FROM sbtest6 WHERE id BETWEEN 203090 AND 204089 ORDER BY c
	Sort  (cost=4184.84..4187.51 rows=1067 width=121)
	  Sort Key: c
	  ->  Bitmap Heap Scan on sbtest6  (cost=35.37..4131.18 rows=1067 width=121)
	        Recheck Cond: ((id >= 203090) AND (id <= 204089))
	        ->  Bitmap Index Scan on sbtest6_pkey  (cost=0.00..35.11 rows=1067 width=0)
	              Index Cond: ((id >= 203090) AND (id <= 204089))

table 7 : explain SELECT c FROM sbtest7 WHERE id BETWEEN 6197262 AND 6198261 ORDER BY c
	Sort  (cost=4043.68..4046.26 rows=1030 width=121)
	  Sort Key: c
	  ->  Bitmap Heap Scan on sbtest7  (cost=34.99..3992.14 rows=1030 width=121)
	        Recheck Cond: ((id >= 6197262) AND (id <= 6198261))
	        ->  Bitmap Index Scan on sbtest7_pkey  (cost=0.00..34.73 rows=1030 width=0)
	              Index Cond: ((id >= 6197262) AND (id <= 6198261))

table 8 : explain SELECT c FROM sbtest8 WHERE id BETWEEN 1882211 AND 1883210 ORDER BY c
	Sort  (cost=3775.22..3777.63 rows=961 width=121)
	  Sort Key: c
	  ->  Bitmap Heap Scan on sbtest8  (cost=30.29..3727.61 rows=961 width=121)
	        Recheck Cond: ((id >= 1882211) AND (id <= 1883210))
	        ->  Bitmap Index Scan on sbtest8_pkey  (cost=0.00..30.04 rows=961 width=0)
	              Index Cond: ((id >= 1882211) AND (id <= 1883210))

for: distinct_ranges
table 1 : explain SELECT DISTINCT c FROM sbtest1 WHERE id BETWEEN 4356758 AND 4357757 ORDER BY c
	Unique  (cost=3936.16..3941.17 rows=1003 width=121)
	  ->  Sort  (cost=3936.16..3938.66 rows=1003 width=121)
	        Sort Key: c
	        ->  Bitmap Heap Scan on sbtest1  (cost=30.72..3886.16 rows=1003 width=121)
	              Recheck Cond: ((id >= 4356758) AND (id <= 4357757))
	              ->  Bitmap Index Scan on sbtest1_pkey  (cost=0.00..30.46 rows=1003 width=0)
	                    Index Cond: ((id >= 4356758) AND (id <= 4357757))

table 2 : explain SELECT DISTINCT c FROM sbtest2 WHERE id BETWEEN 2422664 AND 2423663 ORDER BY c
	Unique  (cost=3851.90..3856.81 rows=981 width=121)
	  ->  Sort  (cost=3851.90..3854.36 rows=981 width=121)
	        Sort Key: c
	        ->  Bitmap Heap Scan on sbtest2  (cost=30.49..3803.16 rows=981 width=121)
	              Recheck Cond: ((id >= 2422664) AND (id <= 2423663))
	              ->  Bitmap Index Scan on sbtest2_pkey  (cost=0.00..30.25 rows=981 width=0)
	                    Index Cond: ((id >= 2422664) AND (id <= 2423663))

table 3 : explain SELECT DISTINCT c FROM sbtest3 WHERE id BETWEEN 1228050 AND 1229049 ORDER BY c
	Unique  (cost=3928.30..3933.31 rows=1001 width=121)
	  ->  Sort  (cost=3928.30..3930.81 rows=1001 width=121)
	        Sort Key: c
	        ->  Bitmap Heap Scan on sbtest3  (cost=30.70..3878.42 rows=1001 width=121)
	              Recheck Cond: ((id >= 1228050) AND (id <= 1229049))
	              ->  Bitmap Index Scan on sbtest3_pkey  (cost=0.00..30.44 rows=1001 width=0)
	                    Index Cond: ((id >= 1228050) AND (id <= 1229049))

table 4 : explain SELECT DISTINCT c FROM sbtest4 WHERE id BETWEEN 8353439 AND 8354438 ORDER BY c
	Unique  (cost=3936.50..3941.52 rows=1003 width=121)
	  ->  Sort  (cost=3936.50..3939.01 rows=1003 width=121)
	        Sort Key: c
	        ->  Bitmap Heap Scan on sbtest4  (cost=30.72..3886.50 rows=1003 width=121)
	              Recheck Cond: ((id >= 8353439) AND (id <= 8354438))
	              ->  Bitmap Index Scan on sbtest4_pkey  (cost=0.00..30.46 rows=1003 width=0)
	                    Index Cond: ((id >= 8353439) AND (id <= 8354438))

table 5 : explain SELECT DISTINCT c FROM sbtest5 WHERE id BETWEEN 4327548 AND 4328547 ORDER BY c
	Unique  (cost=3779.05..3783.86 rows=962 width=121)
	  ->  Sort  (cost=3779.05..3781.45 rows=962 width=121)
	        Sort Key: c
	        ->  Bitmap Heap Scan on sbtest5  (cost=30.30..3731.38 rows=962 width=121)
	              Recheck Cond: ((id >= 4327548) AND (id <= 4328547))
	              ->  Bitmap Index Scan on sbtest5_pkey  (cost=0.00..30.05 rows=962 width=0)
	                    Index Cond: ((id >= 4327548) AND (id <= 4328547))

table 6 : explain SELECT DISTINCT c FROM sbtest6 WHERE id BETWEEN 2773530 AND 2774529 ORDER BY c
	Unique  (cost=4016.50..4021.61 rows=1023 width=121)
	  ->  Sort  (cost=4016.50..4019.05 rows=1023 width=121)
	        Sort Key: c
	        ->  Bitmap Heap Scan on sbtest6  (cost=34.92..3965.35 rows=1023 width=121)
	              Recheck Cond: ((id >= 2773530) AND (id <= 2774529))
	              ->  Bitmap Index Scan on sbtest6_pkey  (cost=0.00..34.67 rows=1023 width=0)
	                    Index Cond: ((id >= 2773530) AND (id <= 2774529))

table 7 : explain SELECT DISTINCT c FROM sbtest7 WHERE id BETWEEN 9812327 AND 9813326 ORDER BY c
	Unique  (cost=3544.83..3549.33 rows=901 width=121)
	  ->  Sort  (cost=3544.83..3547.08 rows=901 width=121)
	        Sort Key: c
	        ->  Bitmap Heap Scan on sbtest7  (cost=29.67..3500.61 rows=901 width=121)
	              Recheck Cond: ((id >= 9812327) AND (id <= 9813326))
	              ->  Bitmap Index Scan on sbtest7_pkey  (cost=0.00..29.44 rows=901 width=0)
	                    Index Cond: ((id >= 9812327) AND (id <= 9813326))

table 8 : explain SELECT DISTINCT c FROM sbtest8 WHERE id BETWEEN 3036472 AND 3037471 ORDER BY c
	Unique  (cost=3759.88..3764.66 rows=957 width=121)
	  ->  Sort  (cost=3759.88..3762.27 rows=957 width=121)
	        Sort Key: c
	        ->  Bitmap Heap Scan on sbtest8  (cost=30.24..3712.49 rows=957 width=121)
	              Recheck Cond: ((id >= 3036472) AND (id <= 3037471))
	              ->  Bitmap Index Scan on sbtest8_pkey  (cost=0.00..30.00 rows=957 width=0)
	                    Index Cond: ((id >= 3036472) AND (id <= 3037471))

explain: for point_selects :: explain SELECT c FROM sbtest%u WHERE id=%u
for: order_ranges
table 1 : explain SELECT c FROM sbtest1 WHERE id BETWEEN 9742634 AND 9743633 ORDER BY c
	Sort  (cost=3686.86..3689.21 rows=938 width=121)
	  Sort Key: c
	  ->  Bitmap Heap Scan on sbtest1  (cost=30.05..3640.56 rows=938 width=121)
	        Recheck Cond: ((id >= 9742634) AND (id <= 9743633))
	        ->  Bitmap Index Scan on sbtest1_pkey  (cost=0.00..29.82 rows=938 width=0)
	              Index Cond: ((id >= 9742634) AND (id <= 9743633))

table 2 : explain SELECT c FROM sbtest2 WHERE id BETWEEN 1798431 AND 1799430 ORDER BY c
	Sort  (cost=3859.57..3862.03 rows=983 width=121)
	  Sort Key: c
	  ->  Bitmap Heap Scan on sbtest2  (cost=30.51..3810.71 rows=983 width=121)
	        Recheck Cond: ((id >= 1798431) AND (id <= 1799430))
	        ->  Bitmap Index Scan on sbtest2_pkey  (cost=0.00..30.26 rows=983 width=0)
	              Index Cond: ((id >= 1798431) AND (id <= 1799430))

table 3 : explain SELECT c FROM sbtest3 WHERE id BETWEEN 3271217 AND 3272216 ORDER BY c
	Sort  (cost=3989.59..3992.13 rows=1017 width=121)
	  Sort Key: c
	  ->  Bitmap Heap Scan on sbtest3  (cost=30.86..3938.79 rows=1017 width=121)
	        Recheck Cond: ((id >= 3271217) AND (id <= 3272216))
	        ->  Bitmap Index Scan on sbtest3_pkey  (cost=0.00..30.61 rows=1017 width=0)
	              Index Cond: ((id >= 3271217) AND (id <= 3272216))

table 4 : explain SELECT c FROM sbtest4 WHERE id BETWEEN 8325881 AND 8326880 ORDER BY c
	Sort  (cost=3936.50..3939.01 rows=1003 width=121)
	  Sort Key: c
	  ->  Bitmap Heap Scan on sbtest4  (cost=30.72..3886.50 rows=1003 width=121)
	        Recheck Cond: ((id >= 8325881) AND (id <= 8326880))
	        ->  Bitmap Index Scan on sbtest4_pkey  (cost=0.00..30.46 rows=1003 width=0)
	              Index Cond: ((id >= 8325881) AND (id <= 8326880))

table 5 : explain SELECT c FROM sbtest5 WHERE id BETWEEN 3315951 AND 3316950 ORDER BY c
	Sort  (cost=3575.55..3577.82 rows=909 width=121)
	  Sort Key: c
	  ->  Bitmap Heap Scan on sbtest5  (cost=29.75..3530.88 rows=909 width=121)
	        Recheck Cond: ((id >= 3315951) AND (id <= 3316950))
	        ->  Bitmap Index Scan on sbtest5_pkey  (cost=0.00..29.52 rows=909 width=0)
	              Index Cond: ((id >= 3315951) AND (id <= 3316950))

table 6 : explain SELECT c FROM sbtest6 WHERE id BETWEEN 3180391 AND 3181390 ORDER BY c
	Sort  (cost=4184.84..4187.51 rows=1067 width=121)
	  Sort Key: c
	  ->  Bitmap Heap Scan on sbtest6  (cost=35.37..4131.18 rows=1067 width=121)
	        Recheck Cond: ((id >= 3180391) AND (id <= 3181390))
	        ->  Bitmap Index Scan on sbtest6_pkey  (cost=0.00..35.11 rows=1067 width=0)
	              Index Cond: ((id >= 3180391) AND (id <= 3181390))

table 7 : explain SELECT c FROM sbtest7 WHERE id BETWEEN 7404126 AND 7405125 ORDER BY c
	Sort  (cost=3713.84..3716.20 rows=945 width=121)
	  Sort Key: c
	  ->  Bitmap Heap Scan on sbtest7  (cost=30.12..3667.14 rows=945 width=121)
	        Recheck Cond: ((id >= 7404126) AND (id <= 7405125))
	        ->  Bitmap Index Scan on sbtest7_pkey  (cost=0.00..29.89 rows=945 width=0)
	              Index Cond: ((id >= 7404126) AND (id <= 7405125))

table 8 : explain SELECT c FROM sbtest8 WHERE id BETWEEN 7999339 AND 8000338 ORDER BY c
	Sort  (cost=3790.57..3792.98 rows=965 width=121)
	  Sort Key: c
	  ->  Bitmap Heap Scan on sbtest8  (cost=30.33..3742.73 rows=965 width=121)
	        Recheck Cond: ((id >= 7999339) AND (id <= 8000338))
	        ->  Bitmap Index Scan on sbtest8_pkey  (cost=0.00..30.08 rows=965 width=0)
	              Index Cond: ((id >= 7999339) AND (id <= 8000338))

for: sum_ranges
table 1 : explain SELECT SUM(k) FROM sbtest1 WHERE id BETWEEN 5566886 AND 5567885
	Aggregate  (cost=3979.27..3979.28 rows=1 width=8)
	  ->  Bitmap Heap Scan on sbtest1  (cost=30.96..3976.70 rows=1027 width=4)
	        Recheck Cond: ((id >= 5566886) AND (id <= 5567885))
	        ->  Bitmap Index Scan on sbtest1_pkey  (cost=0.00..30.70 rows=1027 width=0)
	              Index Cond: ((id >= 5566886) AND (id <= 5567885))

table 2 : explain SELECT SUM(k) FROM sbtest2 WHERE id BETWEEN 6032455 AND 6033454
	Aggregate  (cost=3839.62..3839.63 rows=1 width=8)
	  ->  Bitmap Heap Scan on sbtest2  (cost=30.58..3837.15 rows=990 width=4)
	        Recheck Cond: ((id >= 6032455) AND (id <= 6033454))
	        ->  Bitmap Index Scan on sbtest2_pkey  (cost=0.00..30.33 rows=990 width=0)
	              Index Cond: ((id >= 6032455) AND (id <= 6033454))

table 3 : explain SELECT SUM(k) FROM sbtest3 WHERE id BETWEEN 9024334 AND 9025333
	Aggregate  (cost=3744.87..3744.88 rows=1 width=8)
	  ->  Bitmap Heap Scan on sbtest3  (cost=30.33..3742.46 rows=965 width=4)
	        Recheck Cond: ((id >= 9024334) AND (id <= 9025333))
	        ->  Bitmap Index Scan on sbtest3_pkey  (cost=0.00..30.08 rows=965 width=0)
	              Index Cond: ((id >= 9024334) AND (id <= 9025333))

table 4 : explain SELECT SUM(k) FROM sbtest4 WHERE id BETWEEN 4862575 AND 4863574
	Aggregate  (cost=3688.63..3688.64 rows=1 width=8)
	  ->  Bitmap Heap Scan on sbtest4  (cost=30.17..3686.26 rows=950 width=4)
	        Recheck Cond: ((id >= 4862575) AND (id <= 4863574))
	        ->  Bitmap Index Scan on sbtest4_pkey  (cost=0.00..29.93 rows=950 width=0)
	              Index Cond: ((id >= 4862575) AND (id <= 4863574))

table 5 : explain SELECT SUM(k) FROM sbtest5 WHERE id BETWEEN 2912199 AND 2913198
	Aggregate  (cost=3813.18..3813.19 rows=1 width=8)
	  ->  Bitmap Heap Scan on sbtest5  (cost=30.51..3810.73 rows=983 width=4)
	        Recheck Cond: ((id >= 2912199) AND (id <= 2913198))
	        ->  Bitmap Index Scan on sbtest5_pkey  (cost=0.00..30.26 rows=983 width=0)
	              Index Cond: ((id >= 2912199) AND (id <= 2913198))

table 6 : explain SELECT SUM(k) FROM sbtest6 WHERE id BETWEEN 3590700 AND 3591699
	Aggregate  (cost=3812.85..3812.86 rows=1 width=8)
	  ->  Bitmap Heap Scan on sbtest6  (cost=30.51..3810.39 rows=983 width=4)
	        Recheck Cond: ((id >= 3590700) AND (id <= 3591699))
	        ->  Bitmap Index Scan on sbtest6_pkey  (cost=0.00..30.26 rows=983 width=0)
	              Index Cond: ((id >= 3590700) AND (id <= 3591699))

table 7 : explain SELECT SUM(k) FROM sbtest7 WHERE id BETWEEN 1663372 AND 1664371
	Aggregate  (cost=4160.64..4160.65 rows=1 width=8)
	  ->  Bitmap Heap Scan on sbtest7  (cost=35.44..4157.95 rows=1074 width=4)
	        Recheck Cond: ((id >= 1663372) AND (id <= 1664371))
	        ->  Bitmap Index Scan on sbtest7_pkey  (cost=0.00..35.18 rows=1074 width=0)
	              Index Cond: ((id >= 1663372) AND (id <= 1664371))

table 8 : explain SELECT SUM(k) FROM sbtest8 WHERE id BETWEEN 8327569 AND 8328568
	Aggregate  (cost=3650.56..3650.57 rows=1 width=8)
	  ->  Bitmap Heap Scan on sbtest8  (cost=30.07..3648.21 rows=940 width=4)
	        Recheck Cond: ((id >= 8327569) AND (id <= 8328568))
	        ->  Bitmap Index Scan on sbtest8_pkey  (cost=0.00..29.83 rows=940 width=0)
	              Index Cond: ((id >= 8327569) AND (id <= 8328568))

for: sum_ranges
table 1 : explain SELECT SUM(k) FROM sbtest1 WHERE id BETWEEN 6209464 AND 6210463
	Aggregate  (cost=3850.89..3850.90 rows=1 width=8)
	  ->  Bitmap Heap Scan on sbtest1  (cost=30.61..3848.41 rows=993 width=4)
	        Recheck Cond: ((id >= 6209464) AND (id <= 6210463))
	        ->  Bitmap Index Scan on sbtest1_pkey  (cost=0.00..30.36 rows=993 width=0)
	              Index Cond: ((id >= 6209464) AND (id <= 6210463))

table 2 : explain SELECT SUM(k) FROM sbtest2 WHERE id BETWEEN 4018014 AND 4019013
	Aggregate  (cost=3786.71..3786.72 rows=1 width=8)
	  ->  Bitmap Heap Scan on sbtest2  (cost=30.44..3784.27 rows=976 width=4)
	        Recheck Cond: ((id >= 4018014) AND (id <= 4019013))
	        ->  Bitmap Index Scan on sbtest2_pkey  (cost=0.00..30.19 rows=976 width=0)
	              Index Cond: ((id >= 4018014) AND (id <= 4019013))

table 3 : explain SELECT SUM(k) FROM sbtest3 WHERE id BETWEEN 9820116 AND 9821115
	Aggregate  (cost=4039.44..4039.45 rows=1 width=8)
	  ->  Bitmap Heap Scan on sbtest3  (cost=31.13..4036.83 rows=1043 width=4)
	        Recheck Cond: ((id >= 9820116) AND (id <= 9821115))
	        ->  Bitmap Index Scan on sbtest3_pkey  (cost=0.00..30.86 rows=1043 width=0)
	              Index Cond: ((id >= 9820116) AND (id <= 9821115))

table 4 : explain SELECT SUM(k) FROM sbtest4 WHERE id BETWEEN 6345508 AND 6346507
	Aggregate  (cost=4292.72..4292.73 rows=1 width=8)
	  ->  Bitmap Heap Scan on sbtest4  (cost=35.80..4289.95 rows=1109 width=4)
	        Recheck Cond: ((id >= 6345508) AND (id <= 6346507))
	        ->  Bitmap Index Scan on sbtest4_pkey  (cost=0.00..35.53 rows=1109 width=0)
	              Index Cond: ((id >= 6345508) AND (id <= 6346507))

table 5 : explain SELECT SUM(k) FROM sbtest5 WHERE id BETWEEN 7980218 AND 7981217
	Aggregate  (cost=3937.84..3937.85 rows=1 width=8)
	  ->  Bitmap Heap Scan on sbtest5  (cost=30.85..3935.30 rows=1016 width=4)
	        Recheck Cond: ((id >= 7980218) AND (id <= 7981217))
	        ->  Bitmap Index Scan on sbtest5_pkey  (cost=0.00..30.59 rows=1016 width=0)
	              Index Cond: ((id >= 7980218) AND (id <= 7981217))

table 6 : explain SELECT SUM(k) FROM sbtest6 WHERE id BETWEEN 6522174 AND 6523173
	Aggregate  (cost=3907.29..3907.30 rows=1 width=8)
	  ->  Bitmap Heap Scan on sbtest6  (cost=30.77..3904.77 rows=1008 width=4)
	        Recheck Cond: ((id >= 6522174) AND (id <= 6523173))
	        ->  Bitmap Index Scan on sbtest6_pkey  (cost=0.00..30.51 rows=1008 width=0)
	              Index Cond: ((id >= 6522174) AND (id <= 6523173))

table 7 : explain SELECT SUM(k) FROM sbtest7 WHERE id BETWEEN 885566 AND 886565
	Aggregate  (cost=4382.76..4382.77 rows=1 width=8)
	  ->  Bitmap Heap Scan on sbtest7  (cost=36.05..4379.93 rows=1133 width=4)
	        Recheck Cond: ((id >= 885566) AND (id <= 886565))
	        ->  Bitmap Index Scan on sbtest7_pkey  (cost=0.00..35.77 rows=1133 width=0)
	              Index Cond: ((id >= 885566) AND (id <= 886565))

table 8 : explain SELECT SUM(k) FROM sbtest8 WHERE id BETWEEN 9988024 AND 9989023
	Aggregate  (cost=3548.32..3548.33 rows=1 width=8)
	  ->  Bitmap Heap Scan on sbtest8  (cost=29.79..3546.03 rows=913 width=4)
	        Recheck Cond: ((id >= 9988024) AND (id <= 9989023))
	        ->  Bitmap Index Scan on sbtest8_pkey  (cost=0.00..29.57 rows=913 width=0)
	              Index Cond: ((id >= 9988024) AND (id <= 9989023))

for: order_ranges
table 1 : explain SELECT c FROM sbtest1 WHERE id BETWEEN 297000 AND 297999 ORDER BY c
	Sort  (cost=4219.54..4222.23 rows=1076 width=121)
	  Sort Key: c
	  ->  Bitmap Heap Scan on sbtest1  (cost=35.46..4165.35 rows=1076 width=121)
	        Recheck Cond: ((id >= 297000) AND (id <= 297999))
	        ->  Bitmap Index Scan on sbtest1_pkey  (cost=0.00..35.20 rows=1076 width=0)
	              Index Cond: ((id >= 297000) AND (id <= 297999))

table 2 : explain SELECT c FROM sbtest2 WHERE id BETWEEN 9423419 AND 9424418 ORDER BY c
	Sort  (cost=3867.24..3869.70 rows=985 width=121)
	  Sort Key: c
	  ->  Bitmap Heap Scan on sbtest2  (cost=30.53..3818.27 rows=985 width=121)
	        Recheck Cond: ((id >= 9423419) AND (id <= 9424418))
	        ->  Bitmap Index Scan on sbtest2_pkey  (cost=0.00..30.29 rows=985 width=0)
	              Index Cond: ((id >= 9423419) AND (id <= 9424418))

table 3 : explain SELECT c FROM sbtest3 WHERE id BETWEEN 1372855 AND 1373854 ORDER BY c
	Sort  (cost=3521.50..3523.74 rows=895 width=121)
	  Sort Key: c
	  ->  Bitmap Heap Scan on sbtest3  (cost=29.61..3477.62 rows=895 width=121)
	        Recheck Cond: ((id >= 1372855) AND (id <= 1373854))
	        ->  Bitmap Index Scan on sbtest3_pkey  (cost=0.00..29.39 rows=895 width=0)
	              Index Cond: ((id >= 1372855) AND (id <= 1373854))

table 4 : explain SELECT c FROM sbtest4 WHERE id BETWEEN 2212388 AND 2213387 ORDER BY c
	Sort  (cost=3767.78..3770.18 rows=959 width=121)
	  Sort Key: c
	  ->  Bitmap Heap Scan on sbtest4  (cost=30.26..3720.29 rows=959 width=121)
	        Recheck Cond: ((id >= 2212388) AND (id <= 2213387))
	        ->  Bitmap Index Scan on sbtest4_pkey  (cost=0.00..30.02 rows=959 width=0)
	              Index Cond: ((id >= 2212388) AND (id <= 2213387))

table 5 : explain SELECT c FROM sbtest5 WHERE id BETWEEN 1840915 AND 1841914 ORDER BY c
	Sort  (cost=3775.21..3777.62 rows=961 width=121)
	  Sort Key: c
	  ->  Bitmap Heap Scan on sbtest5  (cost=30.29..3727.60 rows=961 width=121)
	        Recheck Cond: ((id >= 1840915) AND (id <= 1841914))
	        ->  Bitmap Index Scan on sbtest5_pkey  (cost=0.00..30.04 rows=961 width=0)
	              Index Cond: ((id >= 1840915) AND (id <= 1841914))

table 6 : explain SELECT c FROM sbtest6 WHERE id BETWEEN 5248630 AND 5249629 ORDER BY c
	Sort  (cost=4089.22..4091.82 rows=1042 width=121)
	  Sort Key: c
	  ->  Bitmap Heap Scan on sbtest6  (cost=35.12..4036.99 rows=1042 width=121)
	        Recheck Cond: ((id >= 5248630) AND (id <= 5249629))
	        ->  Bitmap Index Scan on sbtest6_pkey  (cost=0.00..34.86 rows=1042 width=0)
	              Index Cond: ((id >= 5248630) AND (id <= 5249629))

table 7 : explain SELECT c FROM sbtest7 WHERE id BETWEEN 3134626 AND 3135625 ORDER BY c
	Sort  (cost=3544.83..3547.08 rows=901 width=121)
	  Sort Key: c
	  ->  Bitmap Heap Scan on sbtest7  (cost=29.67..3500.61 rows=901 width=121)
	        Recheck Cond: ((id >= 3134626) AND (id <= 3135625))
	        ->  Bitmap Index Scan on sbtest7_pkey  (cost=0.00..29.44 rows=901 width=0)
	              Index Cond: ((id >= 3134626) AND (id <= 3135625))

table 8 : explain SELECT c FROM sbtest8 WHERE id BETWEEN 9636885 AND 9637884 ORDER BY c
	Sort  (cost=3617.82..3620.12 rows=920 width=121)
	  Sort Key: c
	  ->  Bitmap Heap Scan on sbtest8  (cost=29.87..3572.53 rows=920 width=121)
	        Recheck Cond: ((id >= 9636885) AND (id <= 9637884))
	        ->  Bitmap Index Scan on sbtest8_pkey  (cost=0.00..29.64 rows=920 width=0)
	              Index Cond: ((id >= 9636885) AND (id <= 9637884))

for: distinct_ranges
table 1 : explain SELECT DISTINCT c FROM sbtest1 WHERE id BETWEEN 7692372 AND 7693371 ORDER BY c
	Unique  (cost=3702.22..3706.93 rows=942 width=121)
	  ->  Sort  (cost=3702.22..3704.57 rows=942 width=121)
	        Sort Key: c
	        ->  Bitmap Heap Scan on sbtest1  (cost=30.09..3655.69 rows=942 width=121)
	              Recheck Cond: ((id >= 7692372) AND (id <= 7693371))
	              ->  Bitmap Index Scan on sbtest1_pkey  (cost=0.00..29.86 rows=942 width=0)
	                    Index Cond: ((id >= 7692372) AND (id <= 7693371))

table 2 : explain SELECT DISTINCT c FROM sbtest2 WHERE id BETWEEN 6443233 AND 6444232 ORDER BY c
	Unique  (cost=3575.54..3580.08 rows=909 width=121)
	  ->  Sort  (cost=3575.54..3577.81 rows=909 width=121)
	        Sort Key: c
	        ->  Bitmap Heap Scan on sbtest2  (cost=29.75..3530.87 rows=909 width=121)
	              Recheck Cond: ((id >= 6443233) AND (id <= 6444232))
	              ->  Bitmap Index Scan on sbtest2_pkey  (cost=0.00..29.52 rows=909 width=0)
	                    Index Cond: ((id >= 6443233) AND (id <= 6444232))

table 3 : explain SELECT DISTINCT c FROM sbtest3 WHERE id BETWEEN 525145 AND 526144 ORDER BY c
	Unique  (cost=3744.26..3749.03 rows=953 width=121)
	  ->  Sort  (cost=3744.26..3746.64 rows=953 width=121)
	        Sort Key: c
	        ->  Bitmap Heap Scan on sbtest3  (cost=30.20..3697.11 rows=953 width=121)
	              Recheck Cond: ((id >= 525145) AND (id <= 526144))
	              ->  Bitmap Index Scan on sbtest3_pkey  (cost=0.00..29.96 rows=953 width=0)
	                    Index Cond: ((id >= 525145) AND (id <= 526144))

table 4 : explain SELECT DISTINCT c FROM sbtest4 WHERE id BETWEEN 3357757 AND 3358756 ORDER BY c
	Unique  (cost=3660.30..3664.95 rows=931 width=121)
	  ->  Sort  (cost=3660.30..3662.62 rows=931 width=121)
	        Sort Key: c
	        ->  Bitmap Heap Scan on sbtest4  (cost=29.98..3614.39 rows=931 width=121)
	              Recheck Cond: ((id >= 3357757) AND (id <= 3358756))
	              ->  Bitmap Index Scan on sbtest4_pkey  (cost=0.00..29.75 rows=931 width=0)
	                    Index Cond: ((id >= 3357757) AND (id <= 3358756))

table 5 : explain SELECT DISTINCT c FROM sbtest5 WHERE id BETWEEN 2305048 AND 2306047 ORDER BY c
	Unique  (cost=4012.85..4017.96 rows=1023 width=121)
	  ->  Sort  (cost=4012.85..4015.41 rows=1023 width=121)
	        Sort Key: c
	        ->  Bitmap Heap Scan on sbtest5  (cost=30.92..3961.71 rows=1023 width=121)
	              Recheck Cond: ((id >= 2305048) AND (id <= 2306047))
	              ->  Bitmap Index Scan on sbtest5_pkey  (cost=0.00..30.66 rows=1023 width=0)
	                    Index Cond: ((id >= 2305048) AND (id <= 2306047))

table 6 : explain SELECT DISTINCT c FROM sbtest6 WHERE id BETWEEN 1841124 AND 1842123 ORDER BY c
	Unique  (cost=4112.18..4117.42 rows=1048 width=121)
	  ->  Sort  (cost=4112.18..4114.80 rows=1048 width=121)
	        Sort Key: c
	        ->  Bitmap Heap Scan on sbtest6  (cost=35.18..4059.60 rows=1048 width=121)
	              Recheck Cond: ((id >= 1841124) AND (id <= 1842123))
	              ->  Bitmap Index Scan on sbtest6_pkey  (cost=0.00..34.92 rows=1048 width=0)
	                    Index Cond: ((id >= 1841124) AND (id <= 1842123))

table 7 : explain SELECT DISTINCT c FROM sbtest7 WHERE id BETWEEN 3647195 AND 3648194 ORDER BY c
	Unique  (cost=3859.62..3864.53 rows=983 width=121)
	  ->  Sort  (cost=3859.62..3862.08 rows=983 width=121)
	        Sort Key: c
	        ->  Bitmap Heap Scan on sbtest7  (cost=30.51..3810.76 rows=983 width=121)
	              Recheck Cond: ((id >= 3647195) AND (id <= 3648194))
	              ->  Bitmap Index Scan on sbtest7_pkey  (cost=0.00..30.26 rows=983 width=0)
	                    Index Cond: ((id >= 3647195) AND (id <= 3648194))

table 8 : explain SELECT DISTINCT c FROM sbtest8 WHERE id BETWEEN 1200158 AND 1201157 ORDER BY c
	Unique  (cost=4005.37..4010.47 rows=1020 width=121)
	  ->  Sort  (cost=4005.37..4007.92 rows=1020 width=121)
	        Sort Key: c
	        ->  Bitmap Heap Scan on sbtest8  (cost=34.89..3954.40 rows=1020 width=121)
	              Recheck Cond: ((id >= 1200158) AND (id <= 1201157))
	              ->  Bitmap Index Scan on sbtest8_pkey  (cost=0.00..34.64 rows=1020 width=0)
	                    Index Cond: ((id >= 1200158) AND (id <= 1201157))

for: simple_ranges
table 1 : explain SELECT c FROM sbtest1 WHERE id BETWEEN 745567 AND 746566
	Bitmap Heap Scan on sbtest1  (cost=29.58..3466.42 rows=892 width=121)
	  Recheck Cond: ((id >= 745567) AND (id <= 746566))
	  ->  Bitmap Index Scan on sbtest1_pkey  (cost=0.00..29.36 rows=892 width=0)
	        Index Cond: ((id >= 745567) AND (id <= 746566))

table 2 : explain SELECT c FROM sbtest2 WHERE id BETWEEN 4186291 AND 4187290
	Bitmap Heap Scan on sbtest2  (cost=30.56..3829.60 rows=988 width=121)
	  Recheck Cond: ((id >= 4186291) AND (id <= 4187290))
	  ->  Bitmap Index Scan on sbtest2_pkey  (cost=0.00..30.32 rows=988 width=0)
	        Index Cond: ((id >= 4186291) AND (id <= 4187290))

table 3 : explain SELECT c FROM sbtest3 WHERE id BETWEEN 9376547 AND 9377546
	Bitmap Heap Scan on sbtest3  (cost=29.87..3572.28 rows=920 width=121)
	  Recheck Cond: ((id >= 9376547) AND (id <= 9377546))
	  ->  Bitmap Index Scan on sbtest3_pkey  (cost=0.00..29.64 rows=920 width=0)
	        Index Cond: ((id >= 9376547) AND (id <= 9377546))

table 4 : explain SELECT c FROM sbtest4 WHERE id BETWEEN 3652847 AND 3653846
	Bitmap Heap Scan on sbtest4  (cost=30.98..3984.61 rows=1029 width=121)
	  Recheck Cond: ((id >= 3652847) AND (id <= 3653846))
	  ->  Bitmap Index Scan on sbtest4_pkey  (cost=0.00..30.72 rows=1029 width=0)
	        Index Cond: ((id >= 3652847) AND (id <= 3653846))

table 5 : explain SELECT c FROM sbtest5 WHERE id BETWEEN 7135706 AND 7136705
	Bitmap Heap Scan on sbtest5  (cost=30.91..3957.93 rows=1022 width=121)
	  Recheck Cond: ((id >= 7135706) AND (id <= 7136705))
	  ->  Bitmap Index Scan on sbtest5_pkey  (cost=0.00..30.65 rows=1022 width=0)
	        Index Cond: ((id >= 7135706) AND (id <= 7136705))

table 6 : explain SELECT c FROM sbtest6 WHERE id BETWEEN 8306553 AND 8307552
	Bitmap Heap Scan on sbtest6  (cost=30.11..3663.01 rows=944 width=121)
	  Recheck Cond: ((id >= 8306553) AND (id <= 8307552))
	  ->  Bitmap Index Scan on sbtest6_pkey  (cost=0.00..29.87 rows=944 width=0)
	        Index Cond: ((id >= 8306553) AND (id <= 8307552))

table 7 : explain SELECT c FROM sbtest7 WHERE id BETWEEN 3584225 AND 3585224
	Bitmap Heap Scan on sbtest7  (cost=30.51..3810.76 rows=983 width=121)
	  Recheck Cond: ((id >= 3584225) AND (id <= 3585224))
	  ->  Bitmap Index Scan on sbtest7_pkey  (cost=0.00..30.26 rows=983 width=0)
	        Index Cond: ((id >= 3584225) AND (id <= 3585224))

table 8 : explain SELECT c FROM sbtest8 WHERE id BETWEEN 4543852 AND 4544851
	Bitmap Heap Scan on sbtest8  (cost=30.58..3837.17 rows=990 width=121)
	  Recheck Cond: ((id >= 4543852) AND (id <= 4544851))
	  ->  Bitmap Index Scan on sbtest8_pkey  (cost=0.00..30.33 rows=990 width=0)
	        Index Cond: ((id >= 4543852) AND (id <= 4544851))

for: distinct_ranges
table 1 : explain SELECT DISTINCT c FROM sbtest1 WHERE id BETWEEN 4707569 AND 4708568 ORDER BY c
	Unique  (cost=3606.21..3610.80 rows=917 width=121)
	  ->  Sort  (cost=3606.21..3608.50 rows=917 width=121)
	        Sort Key: c
	        ->  Bitmap Heap Scan on sbtest1  (cost=29.83..3561.09 rows=917 width=121)
	              Recheck Cond: ((id >= 4707569) AND (id <= 4708568))
	              ->  Bitmap Index Scan on sbtest1_pkey  (cost=0.00..29.61 rows=917 width=0)
	                    Index Cond: ((id >= 4707569) AND (id <= 4708568))

table 2 : explain SELECT DISTINCT c FROM sbtest2 WHERE id BETWEEN 7751640 AND 7752639 ORDER BY c
	Unique  (cost=4097.22..4102.44 rows=1044 width=121)
	  ->  Sort  (cost=4097.22..4099.83 rows=1044 width=121)
	        Sort Key: c
	        ->  Bitmap Heap Scan on sbtest2  (cost=35.14..4044.87 rows=1044 width=121)
	              Recheck Cond: ((id >= 7751640) AND (id <= 7752639))
	              ->  Bitmap Index Scan on sbtest2_pkey  (cost=0.00..34.88 rows=1044 width=0)
	                    Index Cond: ((id >= 7751640) AND (id <= 7752639))

table 3 : explain SELECT DISTINCT c FROM sbtest3 WHERE id BETWEEN 6594510 AND 6595509 ORDER BY c
	Unique  (cost=3748.10..3752.87 rows=954 width=121)
	  ->  Sort  (cost=3748.10..3750.48 rows=954 width=121)
	        Sort Key: c
	        ->  Bitmap Heap Scan on sbtest3  (cost=30.21..3700.89 rows=954 width=121)
	              Recheck Cond: ((id >= 6594510) AND (id <= 6595509))
	              ->  Bitmap Index Scan on sbtest3_pkey  (cost=0.00..29.97 rows=954 width=0)
	                    Index Cond: ((id >= 6594510) AND (id <= 6595509))

table 4 : explain SELECT DISTINCT c FROM sbtest4 WHERE id BETWEEN 4425530 AND 4426529 ORDER BY c
	Unique  (cost=3809.99..3814.84 rows=970 width=121)
	  ->  Sort  (cost=3809.99..3812.41 rows=970 width=121)
	        Sort Key: c
	        ->  Bitmap Heap Scan on sbtest4  (cost=30.38..3761.87 rows=970 width=121)
	              Recheck Cond: ((id >= 4425530) AND (id <= 4426529))
	              ->  Bitmap Index Scan on sbtest4_pkey  (cost=0.00..30.14 rows=970 width=0)
	                    Index Cond: ((id >= 4425530) AND (id <= 4426529))

table 5 : explain SELECT DISTINCT c FROM sbtest5 WHERE id BETWEEN 8810297 AND 8811296 ORDER BY c
	Unique  (cost=3660.06..3664.72 rows=931 width=121)
	  ->  Sort  (cost=3660.06..3662.39 rows=931 width=121)
	        Sort Key: c
	        ->  Bitmap Heap Scan on sbtest5  (cost=29.98..3614.15 rows=931 width=121)
	              Recheck Cond: ((id >= 8810297) AND (id <= 8811296))
	              ->  Bitmap Index Scan on sbtest5_pkey  (cost=0.00..29.75 rows=931 width=0)
	                    Index Cond: ((id >= 8810297) AND (id <= 8811296))

table 6 : explain SELECT DISTINCT c FROM sbtest6 WHERE id BETWEEN 7693151 AND 7694150 ORDER BY c
	Unique  (cost=4299.50..4304.98 rows=1097 width=121)
	  ->  Sort  (cost=4299.50..4302.24 rows=1097 width=121)
	        Sort Key: c
	        ->  Bitmap Heap Scan on sbtest6  (cost=35.68..4244.10 rows=1097 width=121)
	              Recheck Cond: ((id >= 7693151) AND (id <= 7694150))
	              ->  Bitmap Index Scan on sbtest6_pkey  (cost=0.00..35.41 rows=1097 width=0)
	                    Index Cond: ((id >= 7693151) AND (id <= 7694150))

table 7 : explain SELECT DISTINCT c FROM sbtest7 WHERE id BETWEEN 2275922 AND 2276921 ORDER BY c
	Unique  (cost=3928.61..3933.61 rows=1001 width=121)
	  ->  Sort  (cost=3928.61..3931.11 rows=1001 width=121)
	        Sort Key: c
	        ->  Bitmap Heap Scan on sbtest7  (cost=30.70..3878.72 rows=1001 width=121)
	              Recheck Cond: ((id >= 2275922) AND (id <= 2276921))
	              ->  Bitmap Index Scan on sbtest7_pkey  (cost=0.00..30.44 rows=1001 width=0)
	                    Index Cond: ((id >= 2275922) AND (id <= 2276921))

table 8 : explain SELECT DISTINCT c FROM sbtest8 WHERE id BETWEEN 9271868 AND 9272867 ORDER BY c
	Unique  (cost=3683.11..3687.80 rows=937 width=121)
	  ->  Sort  (cost=3683.11..3685.45 rows=937 width=121)
	        Sort Key: c
	        ->  Bitmap Heap Scan on sbtest8  (cost=30.04..3636.86 rows=937 width=121)
	              Recheck Cond: ((id >= 9271868) AND (id <= 9272867))
	              ->  Bitmap Index Scan on sbtest8_pkey  (cost=0.00..29.80 rows=937 width=0)
	                    Index Cond: ((id >= 9271868) AND (id <= 9272867))

for: distinct_ranges
table 1 : explain SELECT DISTINCT c FROM sbtest1 WHERE id BETWEEN 7424095 AND 7425094 ORDER BY c
	Unique  (cost=3978.29..3983.36 rows=1014 width=121)
	  ->  Sort  (cost=3978.29..3980.83 rows=1014 width=121)
	        Sort Key: c
	        ->  Bitmap Heap Scan on sbtest1  (cost=30.83..3927.67 rows=1014 width=121)
	              Recheck Cond: ((id >= 7424095) AND (id <= 7425094))
	              ->  Bitmap Index Scan on sbtest1_pkey  (cost=0.00..30.57 rows=1014 width=0)
	                    Index Cond: ((id >= 7424095) AND (id <= 7425094))

table 2 : explain SELECT DISTINCT c FROM sbtest2 WHERE id BETWEEN 7435130 AND 7436129 ORDER BY c
	Unique  (cost=4070.43..4075.62 rows=1037 width=121)
	  ->  Sort  (cost=4070.43..4073.02 rows=1037 width=121)
	        Sort Key: c
	        ->  Bitmap Heap Scan on sbtest2  (cost=35.06..4018.49 rows=1037 width=121)
	              Recheck Cond: ((id >= 7435130) AND (id <= 7436129))
	              ->  Bitmap Index Scan on sbtest2_pkey  (cost=0.00..34.81 rows=1037 width=0)
	                    Index Cond: ((id >= 7435130) AND (id <= 7436129))

table 3 : explain SELECT DISTINCT c FROM sbtest3 WHERE id BETWEEN 19670 AND 20669 ORDER BY c
	Unique  (cost=4257.55..4262.98 rows=1086 width=121)
	  ->  Sort  (cost=4257.55..4260.26 rows=1086 width=121)
	        Sort Key: c
	        ->  Bitmap Heap Scan on sbtest3  (cost=35.57..4202.79 rows=1086 width=121)
	              Recheck Cond: ((id >= 19670) AND (id <= 20669))
	              ->  Bitmap Index Scan on sbtest3_pkey  (cost=0.00..35.30 rows=1086 width=0)
	                    Index Cond: ((id >= 19670) AND (id <= 20669))

table 4 : explain SELECT DISTINCT c FROM sbtest4 WHERE id BETWEEN 2619642 AND 2620641 ORDER BY c
	Unique  (cost=3760.11..3764.90 rows=957 width=121)
	  ->  Sort  (cost=3760.11..3762.50 rows=957 width=121)
	        Sort Key: c
	        ->  Bitmap Heap Scan on sbtest4  (cost=30.24..3712.73 rows=957 width=121)
	              Recheck Cond: ((id >= 2619642) AND (id <= 2620641))
	              ->  Bitmap Index Scan on sbtest4_pkey  (cost=0.00..30.00 rows=957 width=0)
	                    Index Cond: ((id >= 2619642) AND (id <= 2620641))

table 5 : explain SELECT DISTINCT c FROM sbtest5 WHERE id BETWEEN 525134 AND 526133 ORDER BY c
	Unique  (cost=4322.81..4328.33 rows=1103 width=121)
	  ->  Sort  (cost=4322.81..4325.57 rows=1103 width=121)
	        Sort Key: c
	        ->  Bitmap Heap Scan on sbtest5  (cost=35.74..4267.07 rows=1103 width=121)
	              Recheck Cond: ((id >= 525134) AND (id <= 526133))
	              ->  Bitmap Index Scan on sbtest5_pkey  (cost=0.00..35.47 rows=1103 width=0)
	                    Index Cond: ((id >= 525134) AND (id <= 526133))

table 6 : explain SELECT DISTINCT c FROM sbtest6 WHERE id BETWEEN 205920 AND 206919 ORDER BY c
	Unique  (cost=4184.84..4190.18 rows=1067 width=121)
	  ->  Sort  (cost=4184.84..4187.51 rows=1067 width=121)
	        Sort Key: c
	        ->  Bitmap Heap Scan on sbtest6  (cost=35.37..4131.18 rows=1067 width=121)
	              Recheck Cond: ((id >= 205920) AND (id <= 206919))
	              ->  Bitmap Index Scan on sbtest6_pkey  (cost=0.00..35.11 rows=1067 width=0)
	                    Index Cond: ((id >= 205920) AND (id <= 206919))

table 7 : explain SELECT DISTINCT c FROM sbtest7 WHERE id BETWEEN 4780799 AND 4781798 ORDER BY c
	Unique  (cost=3752.22..3757.00 rows=955 width=121)
	  ->  Sort  (cost=3752.22..3754.61 rows=955 width=121)
	        Sort Key: c
	        ->  Bitmap Heap Scan on sbtest7  (cost=30.22..3704.95 rows=955 width=121)
	              Recheck Cond: ((id >= 4780799) AND (id <= 4781798))
	              ->  Bitmap Index Scan on sbtest7_pkey  (cost=0.00..29.98 rows=955 width=0)
	                    Index Cond: ((id >= 4780799) AND (id <= 4781798))

table 8 : explain SELECT DISTINCT c FROM sbtest8 WHERE id BETWEEN 8906662 AND 8907661 ORDER BY c
	Unique  (cost=4173.76..4179.08 rows=1064 width=121)
	  ->  Sort  (cost=4173.76..4176.42 rows=1064 width=121)
	        Sort Key: c
	        ->  Bitmap Heap Scan on sbtest8  (cost=35.34..4120.27 rows=1064 width=121)
	              Recheck Cond: ((id >= 8906662) AND (id <= 8907661))
	              ->  Bitmap Index Scan on sbtest8_pkey  (cost=0.00..35.08 rows=1064 width=0)
	                    Index Cond: ((id >= 8906662) AND (id <= 8907661))

for: order_ranges
table 1 : explain SELECT c FROM sbtest1 WHERE id BETWEEN 8612826 AND 8613825 ORDER BY c
	Sort  (cost=3575.47..3577.75 rows=909 width=121)
	  Sort Key: c
	  ->  Bitmap Heap Scan on sbtest1  (cost=29.75..3530.80 rows=909 width=121)
	        Recheck Cond: ((id >= 8612826) AND (id <= 8613825))
	        ->  Bitmap Index Scan on sbtest1_pkey  (cost=0.00..29.52 rows=909 width=0)
	              Index Cond: ((id >= 8612826) AND (id <= 8613825))

table 2 : explain SELECT c FROM sbtest2 WHERE id BETWEEN 6500186 AND 6501185 ORDER BY c
	Sort  (cost=3878.74..3881.21 rows=988 width=121)
	  Sort Key: c
	  ->  Bitmap Heap Scan on sbtest2  (cost=30.56..3829.60 rows=988 width=121)
	        Recheck Cond: ((id >= 6500186) AND (id <= 6501185))
	        ->  Bitmap Index Scan on sbtest2_pkey  (cost=0.00..30.32 rows=988 width=0)
	              Index Cond: ((id >= 6500186) AND (id <= 6501185))

table 3 : explain SELECT c FROM sbtest3 WHERE id BETWEEN 1071180 AND 1072179 ORDER BY c
	Sort  (cost=4096.77..4099.38 rows=1045 width=121)
	  Sort Key: c
	  ->  Bitmap Heap Scan on sbtest3  (cost=31.15..4044.37 rows=1045 width=121)
	        Recheck Cond: ((id >= 1071180) AND (id <= 1072179))
	        ->  Bitmap Index Scan on sbtest3_pkey  (cost=0.00..30.89 rows=1045 width=0)
	              Index Cond: ((id >= 1071180) AND (id <= 1072179))

table 4 : explain SELECT c FROM sbtest4 WHERE id BETWEEN 792366 AND 793365 ORDER BY c
	Sort  (cost=3660.30..3662.62 rows=931 width=121)
	  Sort Key: c
	  ->  Bitmap Heap Scan on sbtest4  (cost=29.98..3614.39 rows=931 width=121)
	        Recheck Cond: ((id >= 792366) AND (id <= 793365))
	        ->  Bitmap Index Scan on sbtest4_pkey  (cost=0.00..29.75 rows=931 width=0)
	              Index Cond: ((id >= 792366) AND (id <= 793365))

table 5 : explain SELECT c FROM sbtest5 WHERE id BETWEEN 7634875 AND 7635874 ORDER BY c
	Sort  (cost=3763.70..3766.10 rows=958 width=121)
	  Sort Key: c
	  ->  Bitmap Heap Scan on sbtest5  (cost=30.25..3716.26 rows=958 width=121)
	        Recheck Cond: ((id >= 7634875) AND (id <= 7635874))
	        ->  Bitmap Index Scan on sbtest5_pkey  (cost=0.00..30.01 rows=958 width=0)
	              Index Cond: ((id >= 7634875) AND (id <= 7635874))

table 6 : explain SELECT c FROM sbtest6 WHERE id BETWEEN 7723298 AND 7724297 ORDER BY c
	Sort  (cost=4165.72..4168.38 rows=1062 width=121)
	  Sort Key: c
	  ->  Bitmap Heap Scan on sbtest6  (cost=35.32..4112.35 rows=1062 width=121)
	        Recheck Cond: ((id >= 7723298) AND (id <= 7724297))
	        ->  Bitmap Index Scan on sbtest6_pkey  (cost=0.00..35.06 rows=1062 width=0)
	              Index Cond: ((id >= 7723298) AND (id <= 7724297))

table 7 : explain SELECT c FROM sbtest7 WHERE id BETWEEN 8492611 AND 8493610 ORDER BY c
	Sort  (cost=3690.81..3693.16 rows=939 width=121)
	  Sort Key: c
	  ->  Bitmap Heap Scan on sbtest7  (cost=30.06..3644.44 rows=939 width=121)
	        Recheck Cond: ((id >= 8492611) AND (id <= 8493610))
	        ->  Bitmap Index Scan on sbtest7_pkey  (cost=0.00..29.82 rows=939 width=0)
	              Index Cond: ((id >= 8492611) AND (id <= 8493610))

table 8 : explain SELECT c FROM sbtest8 WHERE id BETWEEN 8350448 AND 8351447 ORDER BY c
	Sort  (cost=3694.63..3696.98 rows=940 width=121)
	  Sort Key: c
	  ->  Bitmap Heap Scan on sbtest8  (cost=30.07..3648.21 rows=940 width=121)
	        Recheck Cond: ((id >= 8350448) AND (id <= 8351447))
	        ->  Bitmap Index Scan on sbtest8_pkey  (cost=0.00..29.83 rows=940 width=0)
	              Index Cond: ((id >= 8350448) AND (id <= 8351447))

for: distinct_ranges
table 1 : explain SELECT DISTINCT c FROM sbtest1 WHERE id BETWEEN 8647954 AND 8648953 ORDER BY c
	Unique  (cost=3575.47..3580.02 rows=909 width=121)
	  ->  Sort  (cost=3575.47..3577.75 rows=909 width=121)
	        Sort Key: c
	        ->  Bitmap Heap Scan on sbtest1  (cost=29.75..3530.80 rows=909 width=121)
	              Recheck Cond: ((id >= 8647954) AND (id <= 8648953))
	              ->  Bitmap Index Scan on sbtest1_pkey  (cost=0.00..29.52 rows=909 width=0)
	                    Index Cond: ((id >= 8647954) AND (id <= 8648953))

table 2 : explain SELECT DISTINCT c FROM sbtest2 WHERE id BETWEEN 4398272 AND 4399271 ORDER BY c
	Unique  (cost=3959.21..3964.26 rows=1009 width=121)
	  ->  Sort  (cost=3959.21..3961.74 rows=1009 width=121)
	        Sort Key: c
	        ->  Bitmap Heap Scan on sbtest2  (cost=30.78..3908.87 rows=1009 width=121)
	              Recheck Cond: ((id >= 4398272) AND (id <= 4399271))
	              ->  Bitmap Index Scan on sbtest2_pkey  (cost=0.00..30.52 rows=1009 width=0)
	                    Index Cond: ((id >= 4398272) AND (id <= 4399271))

table 3 : explain SELECT DISTINCT c FROM sbtest3 WHERE id BETWEEN 6219365 AND 6220364 ORDER BY c
	Unique  (cost=4031.71..4036.85 rows=1028 width=121)
	  ->  Sort  (cost=4031.71..4034.28 rows=1028 width=121)
	        Sort Key: c
	        ->  Bitmap Heap Scan on sbtest3  (cost=30.97..3980.28 rows=1028 width=121)
	              Recheck Cond: ((id >= 6219365) AND (id <= 6220364))
	              ->  Bitmap Index Scan on sbtest3_pkey  (cost=0.00..30.71 rows=1028 width=0)
	                    Index Cond: ((id >= 6219365) AND (id <= 6220364))

table 4 : explain SELECT DISTINCT c FROM sbtest4 WHERE id BETWEEN 6584990 AND 6585989 ORDER BY c
	Unique  (cost=3767.78..3772.58 rows=959 width=121)
	  ->  Sort  (cost=3767.78..3770.18 rows=959 width=121)
	        Sort Key: c
	        ->  Bitmap Heap Scan on sbtest4  (cost=30.26..3720.29 rows=959 width=121)
	              Recheck Cond: ((id >= 6584990) AND (id <= 6585989))
	              ->  Bitmap Index Scan on sbtest4_pkey  (cost=0.00..30.02 rows=959 width=0)
	                    Index Cond: ((id >= 6584990) AND (id <= 6585989))

table 5 : explain SELECT DISTINCT c FROM sbtest5 WHERE id BETWEEN 8493237 AND 8494236 ORDER BY c
	Unique  (cost=4551.90..4557.72 rows=1164 width=121)
	  ->  Sort  (cost=4551.90..4554.81 rows=1164 width=121)
	        Sort Key: c
	        ->  Bitmap Heap Scan on sbtest5  (cost=36.37..4492.62 rows=1164 width=121)
	              Recheck Cond: ((id >= 8493237) AND (id <= 8494236))
	              ->  Bitmap Index Scan on sbtest5_pkey  (cost=0.00..36.08 rows=1164 width=0)
	                    Index Cond: ((id >= 8493237) AND (id <= 8494236))

table 6 : explain SELECT DISTINCT c FROM sbtest6 WHERE id BETWEEN 3999791 AND 4000790 ORDER BY c
	Unique  (cost=3855.42..3860.33 rows=982 width=121)
	  ->  Sort  (cost=3855.42..3857.88 rows=982 width=121)
	        Sort Key: c
	        ->  Bitmap Heap Scan on sbtest6  (cost=30.50..3806.62 rows=982 width=121)
	              Recheck Cond: ((id >= 3999791) AND (id <= 4000790))
	              ->  Bitmap Index Scan on sbtest6_pkey  (cost=0.00..30.25 rows=982 width=0)
	                    Index Cond: ((id >= 3999791) AND (id <= 4000790))

table 7 : explain SELECT DISTINCT c FROM sbtest7 WHERE id BETWEEN 5076338 AND 5077337 ORDER BY c
	Unique  (cost=3947.77..3952.80 rows=1006 width=121)
	  ->  Sort  (cost=3947.77..3950.28 rows=1006 width=121)
	        Sort Key: c
	        ->  Bitmap Heap Scan on sbtest7  (cost=30.75..3897.60 rows=1006 width=121)
	              Recheck Cond: ((id >= 5076338) AND (id <= 5077337))
	              ->  Bitmap Index Scan on sbtest7_pkey  (cost=0.00..30.50 rows=1006 width=0)
	                    Index Cond: ((id >= 5076338) AND (id <= 5077337))

table 8 : explain SELECT DISTINCT c FROM sbtest8 WHERE id BETWEEN 6778392 AND 6779391 ORDER BY c
	Unique  (cost=3694.63..3699.33 rows=940 width=121)
	  ->  Sort  (cost=3694.63..3696.98 rows=940 width=121)
	        Sort Key: c
	        ->  Bitmap Heap Scan on sbtest8  (cost=30.07..3648.21 rows=940 width=121)
	              Recheck Cond: ((id >= 6778392) AND (id <= 6779391))
	              ->  Bitmap Index Scan on sbtest8_pkey  (cost=0.00..29.83 rows=940 width=0)
	                    Index Cond: ((id >= 6778392) AND (id <= 6779391))

for: distinct_ranges
table 1 : explain SELECT DISTINCT c FROM sbtest1 WHERE id BETWEEN 7307412 AND 7308411 ORDER BY c
	Unique  (cost=3763.62..3768.41 rows=958 width=121)
	  ->  Sort  (cost=3763.62..3766.02 rows=958 width=121)
	        Sort Key: c
	        ->  Bitmap Heap Scan on sbtest1  (cost=30.25..3716.18 rows=958 width=121)
	              Recheck Cond: ((id >= 7307412) AND (id <= 7308411))
	              ->  Bitmap Index Scan on sbtest1_pkey  (cost=0.00..30.01 rows=958 width=0)
	                    Index Cond: ((id >= 7307412) AND (id <= 7308411))

table 2 : explain SELECT DISTINCT c FROM sbtest2 WHERE id BETWEEN 825048 AND 826047 ORDER BY c
	Unique  (cost=3986.03..3991.11 rows=1016 width=121)
	  ->  Sort  (cost=3986.03..3988.57 rows=1016 width=121)
	        Sort Key: c
	        ->  Bitmap Heap Scan on sbtest2  (cost=30.85..3935.28 rows=1016 width=121)
	              Recheck Cond: ((id >= 825048) AND (id <= 826047))
	              ->  Bitmap Index Scan on sbtest2_pkey  (cost=0.00..30.59 rows=1016 width=0)
	                    Index Cond: ((id >= 825048) AND (id <= 826047))

table 3 : explain SELECT DISTINCT c FROM sbtest3 WHERE id BETWEEN 3776670 AND 3777669 ORDER BY c
	Unique  (cost=3943.63..3948.65 rows=1005 width=121)
	  ->  Sort  (cost=3943.63..3946.14 rows=1005 width=121)
	        Sort Key: c
	        ->  Bitmap Heap Scan on sbtest3  (cost=30.74..3893.51 rows=1005 width=121)
	              Recheck Cond: ((id >= 3776670) AND (id <= 3777669))
	              ->  Bitmap Index Scan on sbtest3_pkey  (cost=0.00..30.48 rows=1005 width=0)
	                    Index Cond: ((id >= 3776670) AND (id <= 3777669))

table 4 : explain SELECT DISTINCT c FROM sbtest4 WHERE id BETWEEN 4936580 AND 4937579 ORDER BY c
	Unique  (cost=3725.57..3730.31 rows=948 width=121)
	  ->  Sort  (cost=3725.57..3727.94 rows=948 width=121)
	        Sort Key: c
	        ->  Bitmap Heap Scan on sbtest4  (cost=30.15..3678.70 rows=948 width=121)
	              Recheck Cond: ((id >= 4936580) AND (id <= 4937579))
	              ->  Bitmap Index Scan on sbtest4_pkey  (cost=0.00..29.91 rows=948 width=0)
	                    Index Cond: ((id >= 4936580) AND (id <= 4937579))

table 5 : explain SELECT DISTINCT c FROM sbtest5 WHERE id BETWEEN 3039642 AND 3040641 ORDER BY c
	Unique  (cost=3759.87..3764.65 rows=957 width=121)
	  ->  Sort  (cost=3759.87..3762.26 rows=957 width=121)
	        Sort Key: c
	        ->  Bitmap Heap Scan on sbtest5  (cost=30.24..3712.48 rows=957 width=121)
	              Recheck Cond: ((id >= 3039642) AND (id <= 3040641))
	              ->  Bitmap Index Scan on sbtest5_pkey  (cost=0.00..30.00 rows=957 width=0)
	                    Index Cond: ((id >= 3039642) AND (id <= 3040641))

table 6 : explain SELECT DISTINCT c FROM sbtest6 WHERE id BETWEEN 3721652 AND 3722651 ORDER BY c
	Unique  (cost=3832.42..3837.30 rows=976 width=121)
	  ->  Sort  (cost=3832.42..3834.86 rows=976 width=121)
	        Sort Key: c
	        ->  Bitmap Heap Scan on sbtest6  (cost=30.44..3783.96 rows=976 width=121)
	              Recheck Cond: ((id >= 3721652) AND (id <= 3722651))
	              ->  Bitmap Index Scan on sbtest6_pkey  (cost=0.00..30.19 rows=976 width=0)
	                    Index Cond: ((id >= 3721652) AND (id <= 3722651))

table 7 : explain SELECT DISTINCT c FROM sbtest7 WHERE id BETWEEN 2922832 AND 2923831 ORDER BY c
	Unique  (cost=4425.95..4431.60 rows=1130 width=121)
	  ->  Sort  (cost=4425.95..4428.78 rows=1130 width=121)
	        Sort Key: c
	        ->  Bitmap Heap Scan on sbtest7  (cost=36.02..4368.65 rows=1130 width=121)
	              Recheck Cond: ((id >= 2922832) AND (id <= 2923831))
	              ->  Bitmap Index Scan on sbtest7_pkey  (cost=0.00..35.73 rows=1130 width=0)
	                    Index Cond: ((id >= 2922832) AND (id <= 2923831))

table 8 : explain SELECT DISTINCT c FROM sbtest8 WHERE id BETWEEN 2434251 AND 2435250 ORDER BY c
	Unique  (cost=3414.05..3418.38 rows=867 width=121)
	  ->  Sort  (cost=3414.05..3416.21 rows=867 width=121)
	        Sort Key: c
	        ->  Bitmap Heap Scan on sbtest8  (cost=29.32..3371.74 rows=867 width=121)
	              Recheck Cond: ((id >= 2434251) AND (id <= 2435250))
	              ->  Bitmap Index Scan on sbtest8_pkey  (cost=0.00..29.11 rows=867 width=0)
	                    Index Cond: ((id >= 2434251) AND (id <= 2435250))

for: sum_ranges
table 1 : explain SELECT SUM(k) FROM sbtest1 WHERE id BETWEEN 3055460 AND 3056459
	Aggregate  (cost=3998.14..3998.15 rows=1 width=8)
	  ->  Bitmap Heap Scan on sbtest1  (cost=31.01..3995.56 rows=1032 width=4)
	        Recheck Cond: ((id >= 3055460) AND (id <= 3056459))
	        ->  Bitmap Index Scan on sbtest1_pkey  (cost=0.00..30.75 rows=1032 width=0)
	              Index Cond: ((id >= 3055460) AND (id <= 3056459))

table 2 : explain SELECT SUM(k) FROM sbtest2 WHERE id BETWEEN 7391510 AND 7392509
	Aggregate  (cost=3911.39..3911.40 rows=1 width=8)
	  ->  Bitmap Heap Scan on sbtest2  (cost=30.78..3908.87 rows=1009 width=4)
	        Recheck Cond: ((id >= 7391510) AND (id <= 7392509))
	        ->  Bitmap Index Scan on sbtest2_pkey  (cost=0.00..30.52 rows=1009 width=0)
	              Index Cond: ((id >= 7391510) AND (id <= 7392509))

table 3 : explain SELECT SUM(k) FROM sbtest3 WHERE id BETWEEN 7153347 AND 7154346
	Aggregate  (cost=3676.79..3676.80 rows=1 width=8)
	  ->  Bitmap Heap Scan on sbtest3  (cost=30.14..3674.42 rows=947 width=4)
	        Recheck Cond: ((id >= 7153347) AND (id <= 7154346))
	        ->  Bitmap Index Scan on sbtest3_pkey  (cost=0.00..29.90 rows=947 width=0)
	              Index Cond: ((id >= 7153347) AND (id <= 7154346))

table 4 : explain SELECT SUM(k) FROM sbtest4 WHERE id BETWEEN 4932387 AND 4933386
	Aggregate  (cost=3681.07..3681.08 rows=1 width=8)
	  ->  Bitmap Heap Scan on sbtest4  (cost=30.15..3678.70 rows=948 width=4)
	        Recheck Cond: ((id >= 4932387) AND (id <= 4933386))
	        ->  Bitmap Index Scan on sbtest4_pkey  (cost=0.00..29.91 rows=948 width=0)
	              Index Cond: ((id >= 4932387) AND (id <= 4933386))

table 5 : explain SELECT SUM(k) FROM sbtest5 WHERE id BETWEEN 2960702 AND 2961701
	Aggregate  (cost=3813.18..3813.19 rows=1 width=8)
	  ->  Bitmap Heap Scan on sbtest5  (cost=30.51..3810.73 rows=983 width=4)
	        Recheck Cond: ((id >= 2960702) AND (id <= 2961701))
	        ->  Bitmap Index Scan on sbtest5_pkey  (cost=0.00..30.26 rows=983 width=0)
	              Index Cond: ((id >= 2960702) AND (id <= 2961701))

table 6 : explain SELECT SUM(k) FROM sbtest6 WHERE id BETWEEN 1438964 AND 1439963
	Aggregate  (cost=4099.92..4099.93 rows=1 width=8)
	  ->  Bitmap Heap Scan on sbtest6  (cost=35.28..4097.28 rows=1058 width=4)
	        Recheck Cond: ((id >= 1438964) AND (id <= 1439963))
	        ->  Bitmap Index Scan on sbtest6_pkey  (cost=0.00..35.02 rows=1058 width=0)
	              Index Cond: ((id >= 1438964) AND (id <= 1439963))

table 7 : explain SELECT SUM(k) FROM sbtest7 WHERE id BETWEEN 2669248 AND 2670247
	Aggregate  (cost=4066.39..4066.40 rows=1 width=8)
	  ->  Bitmap Heap Scan on sbtest7  (cost=35.19..4063.77 rows=1049 width=4)
	        Recheck Cond: ((id >= 2669248) AND (id <= 2670247))
	        ->  Bitmap Index Scan on sbtest7_pkey  (cost=0.00..34.93 rows=1049 width=0)
	              Index Cond: ((id >= 2669248) AND (id <= 2670247))

table 8 : explain SELECT SUM(k) FROM sbtest8 WHERE id BETWEEN 1412748 AND 1413747
	Aggregate  (cost=3620.27..3620.28 rows=1 width=8)
	  ->  Bitmap Heap Scan on sbtest8  (cost=29.99..3617.94 rows=932 width=4)
	        Recheck Cond: ((id >= 1412748) AND (id <= 1413747))
	        ->  Bitmap Index Scan on sbtest8_pkey  (cost=0.00..29.75 rows=932 width=0)
	              Index Cond: ((id >= 1412748) AND (id <= 1413747))

explain: for point_selects :: explain SELECT c FROM sbtest%u WHERE id=%u
explain: for point_selects :: explain SELECT c FROM sbtest%u WHERE id=%u
for point_selects
table 1 : explain SELECT c FROM sbtest1 WHERE id=9924385
	Index Scan using sbtest1_pkey on sbtest1  (cost=0.43..8.45 rows=1 width=121)
	  Index Cond: (id = 9924385)

table 2 : explain SELECT c FROM sbtest2 WHERE id=2301853
	Index Scan using sbtest2_pkey on sbtest2  (cost=0.43..8.45 rows=1 width=121)
	  Index Cond: (id = 2301853)

table 3 : explain SELECT c FROM sbtest3 WHERE id=6419894
	Index Scan using sbtest3_pkey on sbtest3  (cost=0.43..8.45 rows=1 width=121)
	  Index Cond: (id = 6419894)

table 4 : explain SELECT c FROM sbtest4 WHERE id=5154392
	Index Scan using sbtest4_pkey on sbtest4  (cost=0.43..8.45 rows=1 width=121)
	  Index Cond: (id = 5154392)

table 5 : explain SELECT c FROM sbtest5 WHERE id=4452429
	Index Scan using sbtest5_pkey on sbtest5  (cost=0.43..8.45 rows=1 width=121)
	  Index Cond: (id = 4452429)

table 6 : explain SELECT c FROM sbtest6 WHERE id=3894326
	Index Scan using sbtest6_pkey on sbtest6  (cost=0.43..8.45 rows=1 width=121)
	  Index Cond: (id = 3894326)

table 7 : explain SELECT c FROM sbtest7 WHERE id=3771158
	Index Scan using sbtest7_pkey on sbtest7  (cost=0.43..8.45 rows=1 width=121)
	  Index Cond: (id = 3771158)

table 8 : explain SELECT c FROM sbtest8 WHERE id=2175205
	Index Scan using sbtest8_pkey on sbtest8  (cost=0.43..8.45 rows=1 width=121)
	  Index Cond: (id = 2175205)

explain: for point_selects :: explain SELECT c FROM sbtest%u WHERE id=%u
explain: for point_selects :: explain SELECT c FROM sbtest%u WHERE id=%u
for: order_ranges
table 1 : explain SELECT c FROM sbtest1 WHERE id BETWEEN 8802848 AND 8803847 ORDER BY c
	Sort  (cost=3778.97..3781.37 rows=962 width=121)
	  Sort Key: c
	  ->  Bitmap Heap Scan on sbtest1  (cost=30.30..3731.30 rows=962 width=121)
	        Recheck Cond: ((id >= 8802848) AND (id <= 8803847))
	        ->  Bitmap Index Scan on sbtest1_pkey  (cost=0.00..30.05 rows=962 width=0)
	              Index Cond: ((id >= 8802848) AND (id <= 8803847))

table 2 : explain SELECT c FROM sbtest2 WHERE id BETWEEN 5155445 AND 5156444 ORDER BY c
	Sort  (cost=3725.31..3727.68 rows=948 width=121)
	  Sort Key: c
	  ->  Bitmap Heap Scan on sbtest2  (cost=30.15..3678.44 rows=948 width=121)
	        Recheck Cond: ((id >= 5155445) AND (id <= 5156444))
	        ->  Bitmap Index Scan on sbtest2_pkey  (cost=0.00..29.91 rows=948 width=0)
	              Index Cond: ((id >= 5155445) AND (id <= 5156444))

table 3 : explain SELECT c FROM sbtest3 WHERE id BETWEEN 5045024 AND 5046023 ORDER BY c
	Sort  (cost=4295.76..4298.50 rows=1096 width=121)
	  Sort Key: c
	  ->  Bitmap Heap Scan on sbtest3  (cost=35.67..4240.42 rows=1096 width=121)
	        Recheck Cond: ((id >= 5045024) AND (id <= 5046023))
	        ->  Bitmap Index Scan on sbtest3_pkey  (cost=0.00..35.40 rows=1096 width=0)
	              Index Cond: ((id >= 5045024) AND (id <= 5046023))

table 4 : explain SELECT c FROM sbtest4 WHERE id BETWEEN 1900373 AND 1901372 ORDER BY c
	Sort  (cost=3809.99..3812.41 rows=970 width=121)
	  Sort Key: c
	  ->  Bitmap Heap Scan on sbtest4  (cost=30.38..3761.87 rows=970 width=121)
	        Recheck Cond: ((id >= 1900373) AND (id <= 1901372))
	        ->  Bitmap Index Scan on sbtest4_pkey  (cost=0.00..30.14 rows=970 width=0)
	              Index Cond: ((id >= 1900373) AND (id <= 1901372))

table 5 : explain SELECT c FROM sbtest5 WHERE id BETWEEN 6627928 AND 6628927 ORDER BY c
	Sort  (cost=4131.67..4134.31 rows=1053 width=121)
	  Sort Key: c
	  ->  Bitmap Heap Scan on sbtest5  (cost=35.23..4078.81 rows=1053 width=121)
	        Recheck Cond: ((id >= 6627928) AND (id <= 6628927))
	        ->  Bitmap Index Scan on sbtest5_pkey  (cost=0.00..34.97 rows=1053 width=0)
	              Index Cond: ((id >= 6627928) AND (id <= 6628927))

table 6 : explain SELECT c FROM sbtest6 WHERE id BETWEEN 4444936 AND 4445935 ORDER BY c
	Sort  (cost=4169.55..4172.21 rows=1063 width=121)
	  Sort Key: c
	  ->  Bitmap Heap Scan on sbtest6  (cost=35.33..4116.11 rows=1063 width=121)
	        Recheck Cond: ((id >= 4444936) AND (id <= 4445935))
	        ->  Bitmap Index Scan on sbtest6_pkey  (cost=0.00..35.07 rows=1063 width=0)
	              Index Cond: ((id >= 4444936) AND (id <= 4445935))

table 7 : explain SELECT c FROM sbtest7 WHERE id BETWEEN 1372198 AND 1373197 ORDER BY c
	Sort  (cost=4108.75..4111.37 rows=1047 width=121)
	  Sort Key: c
	  ->  Bitmap Heap Scan on sbtest7  (cost=35.17..4056.23 rows=1047 width=121)
	        Recheck Cond: ((id >= 1372198) AND (id <= 1373197))
	        ->  Bitmap Index Scan on sbtest7_pkey  (cost=0.00..34.91 rows=1047 width=0)
	              Index Cond: ((id >= 1372198) AND (id <= 1373197))

table 8 : explain SELECT c FROM sbtest8 WHERE id BETWEEN 6213307 AND 6214306 ORDER BY c
	Sort  (cost=4055.15..4057.73 rows=1033 width=121)
	  Sort Key: c
	  ->  Bitmap Heap Scan on sbtest8  (cost=35.02..4003.43 rows=1033 width=121)
	        Recheck Cond: ((id >= 6213307) AND (id <= 6214306))
	        ->  Bitmap Index Scan on sbtest8_pkey  (cost=0.00..34.77 rows=1033 width=0)
	              Index Cond: ((id >= 6213307) AND (id <= 6214306))

for: sum_ranges
table 1 : explain SELECT SUM(k) FROM sbtest1 WHERE id BETWEEN 3724466 AND 3725465
	Aggregate  (cost=3703.45..3703.46 rows=1 width=8)
	  ->  Bitmap Heap Scan on sbtest1  (cost=30.21..3701.06 rows=954 width=4)
	        Recheck Cond: ((id >= 3724466) AND (id <= 3725465))
	        ->  Bitmap Index Scan on sbtest1_pkey  (cost=0.00..29.97 rows=954 width=0)
	              Index Cond: ((id >= 3724466) AND (id <= 3725465))

table 2 : explain SELECT SUM(k) FROM sbtest2 WHERE id BETWEEN 6355581 AND 6356580
	Aggregate  (cost=4126.67..4126.68 rows=1 width=8)
	  ->  Bitmap Heap Scan on sbtest2  (cost=35.35..4124.00 rows=1065 width=4)
	        Recheck Cond: ((id >= 6355581) AND (id <= 6356580))
	        ->  Bitmap Index Scan on sbtest2_pkey  (cost=0.00..35.09 rows=1065 width=0)
	              Index Cond: ((id >= 6355581) AND (id <= 6356580))

table 3 : explain SELECT SUM(k) FROM sbtest3 WHERE id BETWEEN 2918779 AND 2919778
	Aggregate  (cost=3567.01..3567.02 rows=1 width=8)
	  ->  Bitmap Heap Scan on sbtest3  (cost=29.84..3564.71 rows=918 width=4)
	        Recheck Cond: ((id >= 2918779) AND (id <= 2919778))
	        ->  Bitmap Index Scan on sbtest3_pkey  (cost=0.00..29.61 rows=918 width=0)
	              Index Cond: ((id >= 2918779) AND (id <= 2919778))

table 4 : explain SELECT SUM(k) FROM sbtest4 WHERE id BETWEEN 8358424 AND 8359423
	Aggregate  (cost=3832.34..3832.35 rows=1 width=8)
	  ->  Bitmap Heap Scan on sbtest4  (cost=30.56..3829.87 rows=988 width=4)
	        Recheck Cond: ((id >= 8358424) AND (id <= 8359423))
	        ->  Bitmap Index Scan on sbtest4_pkey  (cost=0.00..30.32 rows=988 width=0)
	              Index Cond: ((id >= 8358424) AND (id <= 8359423))

table 5 : explain SELECT SUM(k) FROM sbtest5 WHERE id BETWEEN 3779641 AND 3780640
	Aggregate  (cost=3408.04..3408.05 rows=1 width=8)
	  ->  Bitmap Heap Scan on sbtest5  (cost=29.41..3405.85 rows=876 width=4)
	        Recheck Cond: ((id >= 3779641) AND (id <= 3780640))
	        ->  Bitmap Index Scan on sbtest5_pkey  (cost=0.00..29.19 rows=876 width=0)
	              Index Cond: ((id >= 3779641) AND (id <= 3780640))

table 6 : explain SELECT SUM(k) FROM sbtest6 WHERE id BETWEEN 7730618 AND 7731617
	Aggregate  (cost=4115.00..4115.01 rows=1 width=8)
	  ->  Bitmap Heap Scan on sbtest6  (cost=35.32..4112.35 rows=1062 width=4)
	        Recheck Cond: ((id >= 7730618) AND (id <= 7731617))
	        ->  Bitmap Index Scan on sbtest6_pkey  (cost=0.00..35.06 rows=1062 width=0)
	              Index Cond: ((id >= 7730618) AND (id <= 7731617))

table 7 : explain SELECT SUM(k) FROM sbtest7 WHERE id BETWEEN 4336232 AND 4337231
	Aggregate  (cost=3760.29..3760.30 rows=1 width=8)
	  ->  Bitmap Heap Scan on sbtest7  (cost=30.37..3757.87 rows=969 width=4)
	        Recheck Cond: ((id >= 4336232) AND (id <= 4337231))
	        ->  Bitmap Index Scan on sbtest7_pkey  (cost=0.00..30.12 rows=969 width=0)
	              Index Cond: ((id >= 4336232) AND (id <= 4337231))

table 8 : explain SELECT SUM(k) FROM sbtest8 WHERE id BETWEEN 7037943 AND 7038942
	Aggregate  (cost=3998.47..3998.48 rows=1 width=8)
	  ->  Bitmap Heap Scan on sbtest8  (cost=35.00..3995.89 rows=1031 width=4)
	        Recheck Cond: ((id >= 7037943) AND (id <= 7038942))
	        ->  Bitmap Index Scan on sbtest8_pkey  (cost=0.00..34.75 rows=1031 width=0)
	              Index Cond: ((id >= 7037943) AND (id <= 7038942))

for: sum_ranges
table 1 : explain SELECT SUM(k) FROM sbtest1 WHERE id BETWEEN 57323 AND 58322
	Aggregate  (cost=3786.64..3786.65 rows=1 width=8)
	  ->  Bitmap Heap Scan on sbtest1  (cost=30.44..3784.20 rows=976 width=4)
	        Recheck Cond: ((id >= 57323) AND (id <= 58322))
	        ->  Bitmap Index Scan on sbtest1_pkey  (cost=0.00..30.19 rows=976 width=0)
	              Index Cond: ((id >= 57323) AND (id <= 58322))

table 2 : explain SELECT SUM(k) FROM sbtest2 WHERE id BETWEEN 6697800 AND 6698799
	Aggregate  (cost=3529.35..3529.36 rows=1 width=8)
	  ->  Bitmap Heap Scan on sbtest2  (cost=29.74..3527.08 rows=908 width=4)
	        Recheck Cond: ((id >= 6697800) AND (id <= 6698799))
	        ->  Bitmap Index Scan on sbtest2_pkey  (cost=0.00..29.51 rows=908 width=0)
	              Index Cond: ((id >= 6697800) AND (id <= 6698799))

table 3 : explain SELECT SUM(k) FROM sbtest3 WHERE id BETWEEN 6683006 AND 6684005
	Aggregate  (cost=4016.81..4016.82 rows=1 width=8)
	  ->  Bitmap Heap Scan on sbtest3  (cost=31.06..4014.21 rows=1037 width=4)
	        Recheck Cond: ((id >= 6683006) AND (id <= 6684005))
	        ->  Bitmap Index Scan on sbtest3_pkey  (cost=0.00..30.80 rows=1037 width=0)
	              Index Cond: ((id >= 6683006) AND (id <= 6684005))

table 4 : explain SELECT SUM(k) FROM sbtest4 WHERE id BETWEEN 1412334 AND 1413333
	Aggregate  (cost=4130.74..4130.75 rows=1 width=8)
	  ->  Bitmap Heap Scan on sbtest4  (cost=35.36..4128.08 rows=1066 width=4)
	        Recheck Cond: ((id >= 1412334) AND (id <= 1413333))
	        ->  Bitmap Index Scan on sbtest4_pkey  (cost=0.00..35.09 rows=1066 width=0)
	              Index Cond: ((id >= 1412334) AND (id <= 1413333))

table 5 : explain SELECT SUM(k) FROM sbtest5 WHERE id BETWEEN 5592779 AND 5593778
	Aggregate  (cost=3415.63..3415.64 rows=1 width=8)
	  ->  Bitmap Heap Scan on sbtest5  (cost=29.43..3413.43 rows=878 width=4)
	        Recheck Cond: ((id >= 5592779) AND (id <= 5593778))
	        ->  Bitmap Index Scan on sbtest5_pkey  (cost=0.00..29.21 rows=878 width=0)
	              Index Cond: ((id >= 5592779) AND (id <= 5593778))

table 6 : explain SELECT SUM(k) FROM sbtest6 WHERE id BETWEEN 439642 AND 440641
	Aggregate  (cost=3990.55..3990.56 rows=1 width=8)
	  ->  Bitmap Heap Scan on sbtest6  (cost=34.98..3987.98 rows=1029 width=4)
	        Recheck Cond: ((id >= 439642) AND (id <= 440641))
	        ->  Bitmap Index Scan on sbtest6_pkey  (cost=0.00..34.73 rows=1029 width=0)
	              Index Cond: ((id >= 439642) AND (id <= 440641))

table 7 : explain SELECT SUM(k) FROM sbtest7 WHERE id BETWEEN 1512341 AND 1513340
	Aggregate  (cost=3737.60..3737.61 rows=1 width=8)
	  ->  Bitmap Heap Scan on sbtest7  (cost=30.31..3735.19 rows=963 width=4)
	        Recheck Cond: ((id >= 1512341) AND (id <= 1513340))
	        ->  Bitmap Index Scan on sbtest7_pkey  (cost=0.00..30.07 rows=963 width=0)
	              Index Cond: ((id >= 1512341) AND (id <= 1513340))

table 8 : explain SELECT SUM(k) FROM sbtest8 WHERE id BETWEEN 5028408 AND 5029407
	Aggregate  (cost=4032.42..4032.43 rows=1 width=8)
	  ->  Bitmap Heap Scan on sbtest8  (cost=35.09..4029.82 rows=1040 width=4)
	        Recheck Cond: ((id >= 5028408) AND (id <= 5029407))
	        ->  Bitmap Index Scan on sbtest8_pkey  (cost=0.00..34.84 rows=1040 width=0)
	              Index Cond: ((id >= 5028408) AND (id <= 5029407))

for: sum_ranges
table 1 : explain SELECT SUM(k) FROM sbtest1 WHERE id BETWEEN 38892 AND 39891
	Aggregate  (cost=3786.64..3786.65 rows=1 width=8)
	  ->  Bitmap Heap Scan on sbtest1  (cost=30.44..3784.20 rows=976 width=4)
	        Recheck Cond: ((id >= 38892) AND (id <= 39891))
	        ->  Bitmap Index Scan on sbtest1_pkey  (cost=0.00..30.19 rows=976 width=0)
	              Index Cond: ((id >= 38892) AND (id <= 39891))

table 2 : explain SELECT SUM(k) FROM sbtest2 WHERE id BETWEEN 3706380 AND 3707379
	Aggregate  (cost=4171.89..4171.90 rows=1 width=8)
	  ->  Bitmap Heap Scan on sbtest2  (cost=35.47..4169.20 rows=1077 width=4)
	        Recheck Cond: ((id >= 3706380) AND (id <= 3707379))
	        ->  Bitmap Index Scan on sbtest2_pkey  (cost=0.00..35.20 rows=1077 width=0)
	              Index Cond: ((id >= 3706380) AND (id <= 3707379))

table 3 : explain SELECT SUM(k) FROM sbtest3 WHERE id BETWEEN 412216 AND 413215
	Aggregate  (cost=3990.40..3990.41 rows=1 width=8)
	  ->  Bitmap Heap Scan on sbtest3  (cost=30.99..3987.82 rows=1030 width=4)
	        Recheck Cond: ((id >= 412216) AND (id <= 413215))
	        ->  Bitmap Index Scan on sbtest3_pkey  (cost=0.00..30.73 rows=1030 width=0)
	              Index Cond: ((id >= 412216) AND (id <= 413215))

table 4 : explain SELECT SUM(k) FROM sbtest4 WHERE id BETWEEN 516174 AND 517173
	Aggregate  (cost=4006.05..4006.06 rows=1 width=8)
	  ->  Bitmap Heap Scan on sbtest4  (cost=31.03..4003.47 rows=1034 width=4)
	        Recheck Cond: ((id >= 516174) AND (id <= 517173))
	        ->  Bitmap Index Scan on sbtest4_pkey  (cost=0.00..30.77 rows=1034 width=0)
	              Index Cond: ((id >= 516174) AND (id <= 517173))

table 5 : explain SELECT SUM(k) FROM sbtest5 WHERE id BETWEEN 5105427 AND 5106426
	Aggregate  (cost=3858.53..3858.54 rows=1 width=8)
	  ->  Bitmap Heap Scan on sbtest5  (cost=30.63..3856.04 rows=995 width=4)
	        Recheck Cond: ((id >= 5105427) AND (id <= 5106426))
	        ->  Bitmap Index Scan on sbtest5_pkey  (cost=0.00..30.39 rows=995 width=0)
	              Index Cond: ((id >= 5105427) AND (id <= 5106426))

table 6 : explain SELECT SUM(k) FROM sbtest6 WHERE id BETWEEN 1479818 AND 1480817
	Aggregate  (cost=3706.99..3707.00 rows=1 width=8)
	  ->  Bitmap Heap Scan on sbtest6  (cost=30.22..3704.60 rows=955 width=4)
	        Recheck Cond: ((id >= 1479818) AND (id <= 1480817))
	        ->  Bitmap Index Scan on sbtest6_pkey  (cost=0.00..29.98 rows=955 width=0)
	              Index Cond: ((id >= 1479818) AND (id <= 1480817))

table 7 : explain SELECT SUM(k) FROM sbtest7 WHERE id BETWEEN 3733504 AND 3734503
	Aggregate  (cost=4024.90..4024.91 rows=1 width=8)
	  ->  Bitmap Heap Scan on sbtest7  (cost=35.07..4022.31 rows=1038 width=4)
	        Recheck Cond: ((id >= 3733504) AND (id <= 3734503))
	        ->  Bitmap Index Scan on sbtest7_pkey  (cost=0.00..34.82 rows=1038 width=0)
	              Index Cond: ((id >= 3733504) AND (id <= 3734503))

table 8 : explain SELECT SUM(k) FROM sbtest8 WHERE id BETWEEN 2901589 AND 2902588
	Aggregate  (cost=3881.21..3881.22 rows=1 width=8)
	  ->  Bitmap Heap Scan on sbtest8  (cost=30.70..3878.70 rows=1001 width=4)
	        Recheck Cond: ((id >= 2901589) AND (id <= 2902588))
	        ->  Bitmap Index Scan on sbtest8_pkey  (cost=0.00..30.44 rows=1001 width=0)
	              Index Cond: ((id >= 2901589) AND (id <= 2902588))

for: simple_ranges
table 1 : explain SELECT c FROM sbtest1 WHERE id BETWEEN 7388956 AND 7389955
	Bitmap Heap Scan on sbtest1  (cost=30.25..3716.18 rows=958 width=121)
	  Recheck Cond: ((id >= 7388956) AND (id <= 7389955))
	  ->  Bitmap Index Scan on sbtest1_pkey  (cost=0.00..30.01 rows=958 width=0)
	        Index Cond: ((id >= 7388956) AND (id <= 7389955))

table 2 : explain SELECT c FROM sbtest2 WHERE id BETWEEN 9190010 AND 9191009
	Bitmap Heap Scan on sbtest2  (cost=35.05..4014.72 rows=1036 width=121)
	  Recheck Cond: ((id >= 9190010) AND (id <= 9191009))
	  ->  Bitmap Index Scan on sbtest2_pkey  (cost=0.00..34.80 rows=1036 width=0)
	        Index Cond: ((id >= 9190010) AND (id <= 9191009))

table 3 : explain SELECT c FROM sbtest3 WHERE id BETWEEN 4743218 AND 4744217
	Bitmap Heap Scan on sbtest3  (cost=30.80..3916.16 rows=1011 width=121)
	  Recheck Cond: ((id >= 4743218) AND (id <= 4744217))
	  ->  Bitmap Index Scan on sbtest3_pkey  (cost=0.00..30.54 rows=1011 width=0)
	        Index Cond: ((id >= 4743218) AND (id <= 4744217))

table 4 : explain SELECT c FROM sbtest4 WHERE id BETWEEN 7846177 AND 7847176
	Bitmap Heap Scan on sbtest4  (cost=36.06..4383.96 rows=1134 width=121)
	  Recheck Cond: ((id >= 7846177) AND (id <= 7847176))
	  ->  Bitmap Index Scan on sbtest4_pkey  (cost=0.00..35.78 rows=1134 width=0)
	        Index Cond: ((id >= 7846177) AND (id <= 7847176))

table 5 : explain SELECT c FROM sbtest5 WHERE id BETWEEN 4374240 AND 4375239
	Bitmap Heap Scan on sbtest5  (cost=30.13..3670.89 rows=946 width=121)
	  Recheck Cond: ((id >= 4374240) AND (id <= 4375239))
	  ->  Bitmap Index Scan on sbtest5_pkey  (cost=0.00..29.89 rows=946 width=0)
	        Index Cond: ((id >= 4374240) AND (id <= 4375239))

table 6 : explain SELECT c FROM sbtest6 WHERE id BETWEEN 608318 AND 609317
	Bitmap Heap Scan on sbtest6  (cost=29.99..3617.63 rows=932 width=121)
	  Recheck Cond: ((id >= 608318) AND (id <= 609317))
	  ->  Bitmap Index Scan on sbtest6_pkey  (cost=0.00..29.75 rows=932 width=0)
	        Index Cond: ((id >= 608318) AND (id <= 609317))

table 7 : explain SELECT c FROM sbtest7 WHERE id BETWEEN 3421264 AND 3422263
	Bitmap Heap Scan on sbtest7  (cost=35.17..4056.23 rows=1047 width=121)
	  Recheck Cond: ((id >= 3421264) AND (id <= 3422263))
	  ->  Bitmap Index Scan on sbtest7_pkey  (cost=0.00..34.91 rows=1047 width=0)
	        Index Cond: ((id >= 3421264) AND (id <= 3422263))

table 8 : explain SELECT c FROM sbtest8 WHERE id BETWEEN 7278843 AND 7279842
	Bitmap Heap Scan on sbtest8  (cost=35.85..4308.46 rows=1114 width=121)
	  Recheck Cond: ((id >= 7278843) AND (id <= 7279842))
	  ->  Bitmap Index Scan on sbtest8_pkey  (cost=0.00..35.58 rows=1114 width=0)
	        Index Cond: ((id >= 7278843) AND (id <= 7279842))

explain: for point_selects :: explain SELECT c FROM sbtest%u WHERE id=%u
for: distinct_ranges
table 1 : explain SELECT DISTINCT c FROM sbtest1 WHERE id BETWEEN 678222 AND 679221 ORDER BY c
	Unique  (cost=4039.56..4044.71 rows=1030 width=121)
	  ->  Sort  (cost=4039.56..4042.14 rows=1030 width=121)
	        Sort Key: c
	        ->  Bitmap Heap Scan on sbtest1  (cost=30.99..3988.02 rows=1030 width=121)
	              Recheck Cond: ((id >= 678222) AND (id <= 679221))
	              ->  Bitmap Index Scan on sbtest1_pkey  (cost=0.00..30.73 rows=1030 width=0)
	                    Index Cond: ((id >= 678222) AND (id <= 679221))

table 2 : explain SELECT DISTINCT c FROM sbtest2 WHERE id BETWEEN 2116578 AND 2117577 ORDER BY c
	Unique  (cost=3943.89..3948.91 rows=1005 width=121)
	  ->  Sort  (cost=3943.89..3946.40 rows=1005 width=121)
	        Sort Key: c
	        ->  Bitmap Heap Scan on sbtest2  (cost=30.74..3893.78 rows=1005 width=121)
	              Recheck Cond: ((id >= 2116578) AND (id <= 2117577))
	              ->  Bitmap Index Scan on sbtest2_pkey  (cost=0.00..30.48 rows=1005 width=0)
	                    Index Cond: ((id >= 2116578) AND (id <= 2117577))

table 3 : explain SELECT DISTINCT c FROM sbtest3 WHERE id BETWEEN 2291266 AND 2292265 ORDER BY c
	Unique  (cost=4257.55..4262.98 rows=1086 width=121)
	  ->  Sort  (cost=4257.55..4260.26 rows=1086 width=121)
	        Sort Key: c
	        ->  Bitmap Heap Scan on sbtest3  (cost=35.57..4202.79 rows=1086 width=121)
	              Recheck Cond: ((id >= 2291266) AND (id <= 2292265))
	              ->  Bitmap Index Scan on sbtest3_pkey  (cost=0.00..35.30 rows=1086 width=0)
	                    Index Cond: ((id >= 2291266) AND (id <= 2292265))

table 4 : explain SELECT DISTINCT c FROM sbtest4 WHERE id BETWEEN 7253916 AND 7254915 ORDER BY c
	Unique  (cost=3691.02..3695.71 rows=939 width=121)
	  ->  Sort  (cost=3691.02..3693.36 rows=939 width=121)
	        Sort Key: c
	        ->  Bitmap Heap Scan on sbtest4  (cost=30.06..3644.65 rows=939 width=121)
	              Recheck Cond: ((id >= 7253916) AND (id <= 7254915))
	              ->  Bitmap Index Scan on sbtest4_pkey  (cost=0.00..29.82 rows=939 width=0)
	                    Index Cond: ((id >= 7253916) AND (id <= 7254915))

table 5 : explain SELECT DISTINCT c FROM sbtest5 WHERE id BETWEEN 1818921 AND 1819920 ORDER BY c
	Unique  (cost=3775.21..3780.02 rows=961 width=121)
	  ->  Sort  (cost=3775.21..3777.62 rows=961 width=121)
	        Sort Key: c
	        ->  Bitmap Heap Scan on sbtest5  (cost=30.29..3727.60 rows=961 width=121)
	              Recheck Cond: ((id >= 1818921) AND (id <= 1819920))
	              ->  Bitmap Index Scan on sbtest5_pkey  (cost=0.00..30.04 rows=961 width=0)
	                    Index Cond: ((id >= 1818921) AND (id <= 1819920))

table 6 : explain SELECT DISTINCT c FROM sbtest6 WHERE id BETWEEN 4118095 AND 4119094 ORDER BY c
	Unique  (cost=3682.79..3687.48 rows=937 width=121)
	  ->  Sort  (cost=3682.79..3685.13 rows=937 width=121)
	        Sort Key: c
	        ->  Bitmap Heap Scan on sbtest6  (cost=30.04..3636.54 rows=937 width=121)
	              Recheck Cond: ((id >= 4118095) AND (id <= 4119094))
	              ->  Bitmap Index Scan on sbtest6_pkey  (cost=0.00..29.80 rows=937 width=0)
	                    Index Cond: ((id >= 4118095) AND (id <= 4119094))

table 7 : explain SELECT DISTINCT c FROM sbtest7 WHERE id BETWEEN 6848472 AND 6849471 ORDER BY c
	Unique  (cost=4051.34..4056.50 rows=1032 width=121)
	  ->  Sort  (cost=4051.34..4053.92 rows=1032 width=121)
	        Sort Key: c
	        ->  Bitmap Heap Scan on sbtest7  (cost=35.01..3999.68 rows=1032 width=121)
	              Recheck Cond: ((id >= 6848472) AND (id <= 6849471))
	              ->  Bitmap Index Scan on sbtest7_pkey  (cost=0.00..34.76 rows=1032 width=0)
	                    Index Cond: ((id >= 6848472) AND (id <= 6849471))

table 8 : explain SELECT DISTINCT c FROM sbtest8 WHERE id BETWEEN 987429 AND 988428 ORDER BY c
	Unique  (cost=3986.05..3991.13 rows=1016 width=121)
	  ->  Sort  (cost=3986.05..3988.59 rows=1016 width=121)
	        Sort Key: c
	        ->  Bitmap Heap Scan on sbtest8  (cost=30.85..3935.31 rows=1016 width=121)
	              Recheck Cond: ((id >= 987429) AND (id <= 988428))
	              ->  Bitmap Index Scan on sbtest8_pkey  (cost=0.00..30.59 rows=1016 width=0)
	                    Index Cond: ((id >= 987429) AND (id <= 988428))

explain: for point_selects :: explain SELECT c FROM sbtest%u WHERE id=%u
for point_selects
table 1 : explain SELECT c FROM sbtest1 WHERE id=1970210
	Index Scan using sbtest1_pkey on sbtest1  (cost=0.43..8.45 rows=1 width=121)
	  Index Cond: (id = 1970210)

table 2 : explain SELECT c FROM sbtest2 WHERE id=2902085
	Index Scan using sbtest2_pkey on sbtest2  (cost=0.43..8.45 rows=1 width=121)
	  Index Cond: (id = 2902085)

table 3 : explain SELECT c FROM sbtest3 WHERE id=4604451
	Index Scan using sbtest3_pkey on sbtest3  (cost=0.43..8.45 rows=1 width=121)
	  Index Cond: (id = 4604451)

table 4 : explain SELECT c FROM sbtest4 WHERE id=8176160
	Index Scan using sbtest4_pkey on sbtest4  (cost=0.43..8.45 rows=1 width=121)
	  Index Cond: (id = 8176160)

table 5 : explain SELECT c FROM sbtest5 WHERE id=1440598
	Index Scan using sbtest5_pkey on sbtest5  (cost=0.43..8.45 rows=1 width=121)
	  Index Cond: (id = 1440598)

table 6 : explain SELECT c FROM sbtest6 WHERE id=3660347
	Index Scan using sbtest6_pkey on sbtest6  (cost=0.43..8.45 rows=1 width=121)
	  Index Cond: (id = 3660347)

table 7 : explain SELECT c FROM sbtest7 WHERE id=5174587
	Index Scan using sbtest7_pkey on sbtest7  (cost=0.43..8.45 rows=1 width=121)
	  Index Cond: (id = 5174587)

table 8 : explain SELECT c FROM sbtest8 WHERE id=5378232
	Index Scan using sbtest8_pkey on sbtest8  (cost=0.43..8.45 rows=1 width=121)
	  Index Cond: (id = 5378232)

for: sum_ranges
table 1 : explain SELECT SUM(k) FROM sbtest1 WHERE id BETWEEN 1380708 AND 1381707
	Aggregate  (cost=3767.74..3767.75 rows=1 width=8)
	  ->  Bitmap Heap Scan on sbtest1  (cost=30.39..3765.31 rows=971 width=4)
	        Recheck Cond: ((id >= 1380708) AND (id <= 1381707))
	        ->  Bitmap Index Scan on sbtest1_pkey  (cost=0.00..30.14 rows=971 width=0)
	              Index Cond: ((id >= 1380708) AND (id <= 1381707))

table 2 : explain SELECT SUM(k) FROM sbtest2 WHERE id BETWEEN 2563775 AND 2564774
	Aggregate  (cost=4228.39..4228.40 rows=1 width=8)
	  ->  Bitmap Heap Scan on sbtest2  (cost=35.63..4225.66 rows=1092 width=4)
	        Recheck Cond: ((id >= 2563775) AND (id <= 2564774))
	        ->  Bitmap Index Scan on sbtest2_pkey  (cost=0.00..35.36 rows=1092 width=0)
	              Index Cond: ((id >= 2563775) AND (id <= 2564774))

table 3 : explain SELECT SUM(k) FROM sbtest3 WHERE id BETWEEN 5722818 AND 5723817
	Aggregate  (cost=3771.34..3771.35 rows=1 width=8)
	  ->  Bitmap Heap Scan on sbtest3  (cost=30.40..3768.91 rows=972 width=4)
	        Recheck Cond: ((id >= 5722818) AND (id <= 5723817))
	        ->  Bitmap Index Scan on sbtest3_pkey  (cost=0.00..30.15 rows=972 width=0)
	              Index Cond: ((id >= 5722818) AND (id <= 5723817))

table 4 : explain SELECT SUM(k) FROM sbtest4 WHERE id BETWEEN 5364944 AND 5365943
	Aggregate  (cost=4371.75..4371.76 rows=1 width=8)
	  ->  Bitmap Heap Scan on sbtest4  (cost=36.02..4368.93 rows=1130 width=4)
	        Recheck Cond: ((id >= 5364944) AND (id <= 5365943))
	        ->  Bitmap Index Scan on sbtest4_pkey  (cost=0.00..35.73 rows=1130 width=0)
	              Index Cond: ((id >= 5364944) AND (id <= 5365943))

table 5 : explain SELECT SUM(k) FROM sbtest5 WHERE id BETWEEN 1820057 AND 1821056
	Aggregate  (cost=3730.01..3730.02 rows=1 width=8)
	  ->  Bitmap Heap Scan on sbtest5  (cost=30.29..3727.60 rows=961 width=4)
	        Recheck Cond: ((id >= 1820057) AND (id <= 1821056))
	        ->  Bitmap Index Scan on sbtest5_pkey  (cost=0.00..30.04 rows=961 width=0)
	              Index Cond: ((id >= 1820057) AND (id <= 1821056))

table 6 : explain SELECT SUM(k) FROM sbtest6 WHERE id BETWEEN 4755756 AND 4756755
	Aggregate  (cost=3793.96..3793.97 rows=1 width=8)
	  ->  Bitmap Heap Scan on sbtest6  (cost=30.46..3791.51 rows=978 width=4)
	        Recheck Cond: ((id >= 4755756) AND (id <= 4756755))
	        ->  Bitmap Index Scan on sbtest6_pkey  (cost=0.00..30.21 rows=978 width=0)
	              Index Cond: ((id >= 4755756) AND (id <= 4756755))

table 7 : explain SELECT SUM(k) FROM sbtest7 WHERE id BETWEEN 9245976 AND 9246975
	Aggregate  (cost=3366.33..3366.34 rows=1 width=8)
	  ->  Bitmap Heap Scan on sbtest7  (cost=29.30..3364.17 rows=865 width=4)
	        Recheck Cond: ((id >= 9245976) AND (id <= 9246975))
	        ->  Bitmap Index Scan on sbtest7_pkey  (cost=0.00..29.08 rows=865 width=0)
	              Index Cond: ((id >= 9245976) AND (id <= 9246975))

table 8 : explain SELECT SUM(k) FROM sbtest8 WHERE id BETWEEN 2437536 AND 2438535
	Aggregate  (cost=3373.90..3373.91 rows=1 width=8)
	  ->  Bitmap Heap Scan on sbtest8  (cost=29.32..3371.74 rows=867 width=4)
	        Recheck Cond: ((id >= 2437536) AND (id <= 2438535))
	        ->  Bitmap Index Scan on sbtest8_pkey  (cost=0.00..29.11 rows=867 width=0)
	              Index Cond: ((id >= 2437536) AND (id <= 2438535))

for: order_ranges
table 1 : explain SELECT c FROM sbtest1 WHERE id BETWEEN 8130370 AND 8131369 ORDER BY c
	Sort  (cost=3905.50..3907.99 rows=995 width=121)
	  Sort Key: c
	  ->  Bitmap Heap Scan on sbtest1  (cost=30.63..3855.96 rows=995 width=121)
	        Recheck Cond: ((id >= 8130370) AND (id <= 8131369))
	        ->  Bitmap Index Scan on sbtest1_pkey  (cost=0.00..30.39 rows=995 width=0)
	              Index Cond: ((id >= 8130370) AND (id <= 8131369))

table 2 : explain SELECT c FROM sbtest2 WHERE id BETWEEN 2768478 AND 2769477 ORDER BY c
	Sort  (cost=4112.53..4115.15 rows=1048 width=121)
	  Sort Key: c
	  ->  Bitmap Heap Scan on sbtest2  (cost=35.18..4059.95 rows=1048 width=121)
	        Recheck Cond: ((id >= 2768478) AND (id <= 2769477))
	        ->  Bitmap Index Scan on sbtest2_pkey  (cost=0.00..34.92 rows=1048 width=0)
	              Index Cond: ((id >= 2768478) AND (id <= 2769477))

table 3 : explain SELECT c FROM sbtest3 WHERE id BETWEEN 217541 AND 218540 ORDER BY c
	Sort  (cost=3851.65..3854.11 rows=981 width=121)
	  Sort Key: c
	  ->  Bitmap Heap Scan on sbtest3  (cost=30.49..3802.91 rows=981 width=121)
	        Recheck Cond: ((id >= 217541) AND (id <= 218540))
	        ->  Bitmap Index Scan on sbtest3_pkey  (cost=0.00..30.25 rows=981 width=0)
	              Index Cond: ((id >= 217541) AND (id <= 218540))

table 4 : explain SELECT c FROM sbtest4 WHERE id BETWEEN 3417645 AND 3418644 ORDER BY c
	Sort  (cost=4128.13..4130.76 rows=1052 width=121)
	  Sort Key: c
	  ->  Bitmap Heap Scan on sbtest4  (cost=35.22..4075.32 rows=1052 width=121)
	        Recheck Cond: ((id >= 3417645) AND (id <= 3418644))
	        ->  Bitmap Index Scan on sbtest4_pkey  (cost=0.00..34.95 rows=1052 width=0)
	              Index Cond: ((id >= 3417645) AND (id <= 3418644))

table 5 : explain SELECT c FROM sbtest5 WHERE id BETWEEN 4142252 AND 4143251 ORDER BY c
	Sort  (cost=4100.89..4103.50 rows=1046 width=121)
	  Sort Key: c
	  ->  Bitmap Heap Scan on sbtest5  (cost=31.16..4048.43 rows=1046 width=121)
	        Recheck Cond: ((id >= 4142252) AND (id <= 4143251))
	        ->  Bitmap Index Scan on sbtest5_pkey  (cost=0.00..30.89 rows=1046 width=0)
	              Index Cond: ((id >= 4142252) AND (id <= 4143251))

table 6 : explain SELECT c FROM sbtest6 WHERE id BETWEEN 8220122 AND 8221121 ORDER BY c
	Sort  (cost=3709.66..3712.02 rows=944 width=121)
	  Sort Key: c
	  ->  Bitmap Heap Scan on sbtest6  (cost=30.11..3663.01 rows=944 width=121)
	        Recheck Cond: ((id >= 8220122) AND (id <= 8221121))
	        ->  Bitmap Index Scan on sbtest6_pkey  (cost=0.00..29.87 rows=944 width=0)
	              Index Cond: ((id >= 8220122) AND (id <= 8221121))

table 7 : explain SELECT c FROM sbtest7 WHERE id BETWEEN 1667382 AND 1668381 ORDER BY c
	Sort  (cost=4212.02..4214.71 rows=1074 width=121)
	  Sort Key: c
	  ->  Bitmap Heap Scan on sbtest7  (cost=35.44..4157.95 rows=1074 width=121)
	        Recheck Cond: ((id >= 1667382) AND (id <= 1668381))
	        ->  Bitmap Index Scan on sbtest7_pkey  (cost=0.00..35.18 rows=1074 width=0)
	              Index Cond: ((id >= 1667382) AND (id <= 1668381))

table 8 : explain SELECT c FROM sbtest8 WHERE id BETWEEN 2537906 AND 2538905 ORDER BY c
	Sort  (cost=4334.29..4337.05 rows=1106 width=121)
	  Sort Key: c
	  ->  Bitmap Heap Scan on sbtest8  (cost=35.77..4278.37 rows=1106 width=121)
	        Recheck Cond: ((id >= 2537906) AND (id <= 2538905))
	        ->  Bitmap Index Scan on sbtest8_pkey  (cost=0.00..35.50 rows=1106 width=0)
	              Index Cond: ((id >= 2537906) AND (id <= 2538905))

for: order_ranges
table 1 : explain SELECT c FROM sbtest1 WHERE id BETWEEN 2987246 AND 2988245 ORDER BY c
	Sort  (cost=3947.65..3950.16 rows=1006 width=121)
	  Sort Key: c
	  ->  Bitmap Heap Scan on sbtest1  (cost=30.75..3897.48 rows=1006 width=121)
	        Recheck Cond: ((id >= 2987246) AND (id <= 2988245))
	        ->  Bitmap Index Scan on sbtest1_pkey  (cost=0.00..30.50 rows=1006 width=0)
	              Index Cond: ((id >= 2987246) AND (id <= 2988245))

table 2 : explain SELECT c FROM sbtest2 WHERE id BETWEEN 3606643 AND 3607642 ORDER BY c
	Sort  (cost=4215.79..4218.48 rows=1075 width=121)
	  Sort Key: c
	  ->  Bitmap Heap Scan on sbtest2  (cost=35.45..4161.67 rows=1075 width=121)
	        Recheck Cond: ((id >= 3606643) AND (id <= 3607642))
	        ->  Bitmap Index Scan on sbtest2_pkey  (cost=0.00..35.19 rows=1075 width=0)
	              Index Cond: ((id >= 3606643) AND (id <= 3607642))

table 3 : explain SELECT c FROM sbtest3 WHERE id BETWEEN 8341813 AND 8342812 ORDER BY c
	Sort  (cost=3778.79..3781.20 rows=962 width=121)
	  Sort Key: c
	  ->  Bitmap Heap Scan on sbtest3  (cost=30.30..3731.12 rows=962 width=121)
	        Recheck Cond: ((id >= 8341813) AND (id <= 8342812))
	        ->  Bitmap Index Scan on sbtest3_pkey  (cost=0.00..30.05 rows=962 width=0)
	              Index Cond: ((id >= 8341813) AND (id <= 8342812))

table 4 : explain SELECT c FROM sbtest4 WHERE id BETWEEN 2628725 AND 2629724 ORDER BY c
	Sort  (cost=3760.11..3762.50 rows=957 width=121)
	  Sort Key: c
	  ->  Bitmap Heap Scan on sbtest4  (cost=30.24..3712.73 rows=957 width=121)
	        Recheck Cond: ((id >= 2628725) AND (id <= 2629724))
	        ->  Bitmap Index Scan on sbtest4_pkey  (cost=0.00..30.00 rows=957 width=0)
	              Index Cond: ((id >= 2628725) AND (id <= 2629724))

table 5 : explain SELECT c FROM sbtest5 WHERE id BETWEEN 4932476 AND 4933475 ORDER BY c
	Sort  (cost=3836.58..3839.02 rows=977 width=121)
	  Sort Key: c
	  ->  Bitmap Heap Scan on sbtest5  (cost=30.45..3788.06 rows=977 width=121)
	        Recheck Cond: ((id >= 4932476) AND (id <= 4933475))
	        ->  Bitmap Index Scan on sbtest5_pkey  (cost=0.00..30.20 rows=977 width=0)
	              Index Cond: ((id >= 4932476) AND (id <= 4933475))

table 6 : explain SELECT c FROM sbtest6 WHERE id BETWEEN 9520689 AND 9521688 ORDER BY c
	Sort  (cost=3978.20..3980.74 rows=1013 width=121)
	  Sort Key: c
	  ->  Bitmap Heap Scan on sbtest6  (cost=34.82..3927.63 rows=1013 width=121)
	        Recheck Cond: ((id >= 9520689) AND (id <= 9521688))
	        ->  Bitmap Index Scan on sbtest6_pkey  (cost=0.00..34.57 rows=1013 width=0)
	              Index Cond: ((id >= 9520689) AND (id <= 9521688))

table 7 : explain SELECT c FROM sbtest7 WHERE id BETWEEN 9108736 AND 9109735 ORDER BY c
	Sort  (cost=3848.12..3850.57 rows=980 width=121)
	  Sort Key: c
	  ->  Bitmap Heap Scan on sbtest7  (cost=30.48..3799.43 rows=980 width=121)
	        Recheck Cond: ((id >= 9108736) AND (id <= 9109735))
	        ->  Bitmap Index Scan on sbtest7_pkey  (cost=0.00..30.23 rows=980 width=0)
	              Index Cond: ((id >= 9108736) AND (id <= 9109735))

table 8 : explain SELECT c FROM sbtest8 WHERE id BETWEEN 4412483 AND 4413482 ORDER BY c
	Sort  (cost=3997.54..4000.09 rows=1019 width=121)
	  Sort Key: c
	  ->  Bitmap Heap Scan on sbtest8  (cost=30.88..3946.63 rows=1019 width=121)
	        Recheck Cond: ((id >= 4412483) AND (id <= 4413482))
	        ->  Bitmap Index Scan on sbtest8_pkey  (cost=0.00..30.62 rows=1019 width=0)
	              Index Cond: ((id >= 4412483) AND (id <= 4413482))

for point_selects
table 1 : explain SELECT c FROM sbtest1 WHERE id=2346586
	Index Scan using sbtest1_pkey on sbtest1  (cost=0.43..8.45 rows=1 width=121)
	  Index Cond: (id = 2346586)

table 2 : explain SELECT c FROM sbtest2 WHERE id=9396114
	Index Scan using sbtest2_pkey on sbtest2  (cost=0.43..8.45 rows=1 width=121)
	  Index Cond: (id = 9396114)

table 3 : explain SELECT c FROM sbtest3 WHERE id=9516775
	Index Scan using sbtest3_pkey on sbtest3  (cost=0.43..8.45 rows=1 width=121)
	  Index Cond: (id = 9516775)

table 4 : explain SELECT c FROM sbtest4 WHERE id=766096
	Index Scan using sbtest4_pkey on sbtest4  (cost=0.43..8.45 rows=1 width=121)
	  Index Cond: (id = 766096)

table 5 : explain SELECT c FROM sbtest5 WHERE id=5038418
	Index Scan using sbtest5_pkey on sbtest5  (cost=0.43..8.45 rows=1 width=121)
	  Index Cond: (id = 5038418)

table 6 : explain SELECT c FROM sbtest6 WHERE id=9635776
	Index Scan using sbtest6_pkey on sbtest6  (cost=0.43..8.45 rows=1 width=121)
	  Index Cond: (id = 9635776)

table 7 : explain SELECT c FROM sbtest7 WHERE id=4675024
	Index Scan using sbtest7_pkey on sbtest7  (cost=0.43..8.45 rows=1 width=121)
	  Index Cond: (id = 4675024)

table 8 : explain SELECT c FROM sbtest8 WHERE id=1956416
	Index Scan using sbtest8_pkey on sbtest8  (cost=0.43..8.45 rows=1 width=121)
	  Index Cond: (id = 1956416)

for: order_ranges
table 1 : explain SELECT c FROM sbtest1 WHERE id BETWEEN 5852447 AND 5853446 ORDER BY c
	Sort  (cost=3947.65..3950.16 rows=1006 width=121)
	  Sort Key: c
	  ->  Bitmap Heap Scan on sbtest1  (cost=30.75..3897.48 rows=1006 width=121)
	        Recheck Cond: ((id >= 5852447) AND (id <= 5853446))
	        ->  Bitmap Index Scan on sbtest1_pkey  (cost=0.00..30.50 rows=1006 width=0)
	              Index Cond: ((id >= 5852447) AND (id <= 5853446))

table 2 : explain SELECT c FROM sbtest2 WHERE id BETWEEN 787158 AND 788157 ORDER BY c
	Sort  (cost=3986.03..3988.57 rows=1016 width=121)
	  Sort Key: c
	  ->  Bitmap Heap Scan on sbtest2  (cost=30.85..3935.28 rows=1016 width=121)
	        Recheck Cond: ((id >= 787158) AND (id <= 788157))
	        ->  Bitmap Index Scan on sbtest2_pkey  (cost=0.00..30.59 rows=1016 width=0)
	              Index Cond: ((id >= 787158) AND (id <= 788157))

table 3 : explain SELECT c FROM sbtest3 WHERE id BETWEEN 6063158 AND 6064157 ORDER BY c
	Sort  (cost=3771.12..3773.52 rows=960 width=121)
	  Sort Key: c
	  ->  Bitmap Heap Scan on sbtest3  (cost=30.27..3723.57 rows=960 width=121)
	        Recheck Cond: ((id >= 6063158) AND (id <= 6064157))
	        ->  Bitmap Index Scan on sbtest3_pkey  (cost=0.00..30.04 rows=960 width=0)
	              Index Cond: ((id >= 6063158) AND (id <= 6064157))

table 4 : explain SELECT c FROM sbtest4 WHERE id BETWEEN 6942215 AND 6943214 ORDER BY c
	Sort  (cost=4020.78..4023.34 rows=1025 width=121)
	  Sort Key: c
	  ->  Bitmap Heap Scan on sbtest4  (cost=30.94..3969.52 rows=1025 width=121)
	        Recheck Cond: ((id >= 6942215) AND (id <= 6943214))
	        ->  Bitmap Index Scan on sbtest4_pkey  (cost=0.00..30.68 rows=1025 width=0)
	              Index Cond: ((id >= 6942215) AND (id <= 6943214))

table 5 : explain SELECT c FROM sbtest5 WHERE id BETWEEN 888500 AND 889499 ORDER BY c
	Sort  (cost=4150.80..4153.44 rows=1058 width=121)
	  Sort Key: c
	  ->  Bitmap Heap Scan on sbtest5  (cost=35.28..4097.65 rows=1058 width=121)
	        Recheck Cond: ((id >= 888500) AND (id <= 889499))
	        ->  Bitmap Index Scan on sbtest5_pkey  (cost=0.00..35.02 rows=1058 width=0)
	              Index Cond: ((id >= 888500) AND (id <= 889499))

table 6 : explain SELECT c FROM sbtest6 WHERE id BETWEEN 4181562 AND 4182561 ORDER BY c
	Sort  (cost=3935.90..3938.41 rows=1003 width=121)
	  Sort Key: c
	  ->  Bitmap Heap Scan on sbtest6  (cost=30.72..3885.90 rows=1003 width=121)
	        Recheck Cond: ((id >= 4181562) AND (id <= 4182561))
	        ->  Bitmap Index Scan on sbtest6_pkey  (cost=0.00..30.46 rows=1003 width=0)
	              Index Cond: ((id >= 4181562) AND (id <= 4182561))

table 7 : explain SELECT c FROM sbtest7 WHERE id BETWEEN 4561900 AND 4562899 ORDER BY c
	Sort  (cost=4024.37..4026.93 rows=1026 width=121)
	  Sort Key: c
	  ->  Bitmap Heap Scan on sbtest7  (cost=30.95..3973.05 rows=1026 width=121)
	        Recheck Cond: ((id >= 4561900) AND (id <= 4562899))
	        ->  Bitmap Index Scan on sbtest7_pkey  (cost=0.00..30.69 rows=1026 width=0)
	              Index Cond: ((id >= 4561900) AND (id <= 4562899))

table 8 : explain SELECT c FROM sbtest8 WHERE id BETWEEN 829288 AND 830287 ORDER BY c
	Sort  (cost=4051.32..4053.90 rows=1032 width=121)
	  Sort Key: c
	  ->  Bitmap Heap Scan on sbtest8  (cost=35.01..3999.66 rows=1032 width=121)
	        Recheck Cond: ((id >= 829288) AND (id <= 830287))
	        ->  Bitmap Index Scan on sbtest8_pkey  (cost=0.00..34.76 rows=1032 width=0)
	              Index Cond: ((id >= 829288) AND (id <= 830287))

for: order_ranges
table 1 : explain SELECT c FROM sbtest1 WHERE id BETWEEN 3725913 AND 3726912 ORDER BY c
	Sort  (cost=3748.27..3750.66 rows=954 width=121)
	  Sort Key: c
	  ->  Bitmap Heap Scan on sbtest1  (cost=30.21..3701.06 rows=954 width=121)
	        Recheck Cond: ((id >= 3725913) AND (id <= 3726912))
	        ->  Bitmap Index Scan on sbtest1_pkey  (cost=0.00..29.97 rows=954 width=0)
	              Index Cond: ((id >= 3725913) AND (id <= 3726912))

table 2 : explain SELECT c FROM sbtest2 WHERE id BETWEEN 2748358 AND 2749357 ORDER BY c
	Sort  (cost=4112.53..4115.15 rows=1048 width=121)
	  Sort Key: c
	  ->  Bitmap Heap Scan on sbtest2  (cost=35.18..4059.95 rows=1048 width=121)
	        Recheck Cond: ((id >= 2748358) AND (id <= 2749357))
	        ->  Bitmap Index Scan on sbtest2_pkey  (cost=0.00..34.92 rows=1048 width=0)
	              Index Cond: ((id >= 2748358) AND (id <= 2749357))

table 3 : explain SELECT c FROM sbtest3 WHERE id BETWEEN 5275670 AND 5276669 ORDER BY c
	Sort  (cost=3394.58..3396.73 rows=862 width=121)
	  Sort Key: c
	  ->  Bitmap Heap Scan on sbtest3  (cost=29.27..3352.55 rows=862 width=121)
	        Recheck Cond: ((id >= 5275670) AND (id <= 5276669))
	        ->  Bitmap Index Scan on sbtest3_pkey  (cost=0.00..29.05 rows=862 width=0)
	              Index Cond: ((id >= 5275670) AND (id <= 5276669))

table 4 : explain SELECT c FROM sbtest4 WHERE id BETWEEN 8164167 AND 8165166 ORDER BY c
	Sort  (cost=4016.95..4019.51 rows=1024 width=121)
	  Sort Key: c
	  ->  Bitmap Heap Scan on sbtest4  (cost=30.93..3965.75 rows=1024 width=121)
	        Recheck Cond: ((id >= 8164167) AND (id <= 8165166))
	        ->  Bitmap Index Scan on sbtest4_pkey  (cost=0.00..30.68 rows=1024 width=0)
	              Index Cond: ((id >= 8164167) AND (id <= 8165166))

table 5 : explain SELECT c FROM sbtest5 WHERE id BETWEEN 9392735 AND 9393734 ORDER BY c
	Sort  (cost=3825.08..3827.51 rows=974 width=121)
	  Sort Key: c
	  ->  Bitmap Heap Scan on sbtest5  (cost=30.42..3776.73 rows=974 width=121)
	        Recheck Cond: ((id >= 9392735) AND (id <= 9393734))
	        ->  Bitmap Index Scan on sbtest5_pkey  (cost=0.00..30.18 rows=974 width=0)
	              Index Cond: ((id >= 9392735) AND (id <= 9393734))

table 6 : explain SELECT c FROM sbtest6 WHERE id BETWEEN 3537838 AND 3538837 ORDER BY c
	Sort  (cost=4188.67..4191.34 rows=1068 width=121)
	  Sort Key: c
	  ->  Bitmap Heap Scan on sbtest6  (cost=35.38..4134.94 rows=1068 width=121)
	        Recheck Cond: ((id >= 3537838) AND (id <= 3538837))
	        ->  Bitmap Index Scan on sbtest6_pkey  (cost=0.00..35.12 rows=1068 width=0)
	              Index Cond: ((id >= 3537838) AND (id <= 3538837))

table 7 : explain SELECT c FROM sbtest7 WHERE id BETWEEN 5344847 AND 5345846 ORDER BY c
	Sort  (cost=3821.27..3823.71 rows=973 width=121)
	  Sort Key: c
	  ->  Bitmap Heap Scan on sbtest7  (cost=30.41..3772.98 rows=973 width=121)
	        Recheck Cond: ((id >= 5344847) AND (id <= 5345846))
	        ->  Bitmap Index Scan on sbtest7_pkey  (cost=0.00..30.16 rows=973 width=0)
	              Index Cond: ((id >= 5344847) AND (id <= 5345846))

table 8 : explain SELECT c FROM sbtest8 WHERE id BETWEEN 7892330 AND 7893329 ORDER BY c
	Sort  (cost=3970.73..3973.26 rows=1012 width=121)
	  Sort Key: c
	  ->  Bitmap Heap Scan on sbtest8  (cost=30.81..3920.22 rows=1012 width=121)
	        Recheck Cond: ((id >= 7892330) AND (id <= 7893329))
	        ->  Bitmap Index Scan on sbtest8_pkey  (cost=0.00..30.55 rows=1012 width=0)
	              Index Cond: ((id >= 7892330) AND (id <= 7893329))

for: simple_ranges
table 1 : explain SELECT c FROM sbtest1 WHERE id BETWEEN 4617770 AND 4618769
	Bitmap Heap Scan on sbtest1  (cost=30.60..3844.63 rows=992 width=121)
	  Recheck Cond: ((id >= 4617770) AND (id <= 4618769))
	  ->  Bitmap Index Scan on sbtest1_pkey  (cost=0.00..30.36 rows=992 width=0)
	        Index Cond: ((id >= 4617770) AND (id <= 4618769))

table 2 : explain SELECT c FROM sbtest2 WHERE id BETWEEN 4100566 AND 4101565
	Bitmap Heap Scan on sbtest2  (cost=29.98..3614.14 rows=931 width=121)
	  Recheck Cond: ((id >= 4100566) AND (id <= 4101565))
	  ->  Bitmap Index Scan on sbtest2_pkey  (cost=0.00..29.75 rows=931 width=0)
	        Index Cond: ((id >= 4100566) AND (id <= 4101565))

table 3 : explain SELECT c FROM sbtest3 WHERE id BETWEEN 1331054 AND 1332053
	Bitmap Heap Scan on sbtest3  (cost=29.61..3477.62 rows=895 width=121)
	  Recheck Cond: ((id >= 1331054) AND (id <= 1332053))
	  ->  Bitmap Index Scan on sbtest3_pkey  (cost=0.00..29.39 rows=895 width=0)
	        Index Cond: ((id >= 1331054) AND (id <= 1332053))

table 4 : explain SELECT c FROM sbtest4 WHERE id BETWEEN 1393548 AND 1394547
	Bitmap Heap Scan on sbtest4  (cost=29.94..3599.25 rows=927 width=121)
	  Recheck Cond: ((id >= 1393548) AND (id <= 1394547))
	  ->  Bitmap Index Scan on sbtest4_pkey  (cost=0.00..29.70 rows=927 width=0)
	        Index Cond: ((id >= 1393548) AND (id <= 1394547))

table 5 : explain SELECT c FROM sbtest5 WHERE id BETWEEN 3045199 AND 3046198
	Bitmap Heap Scan on sbtest5  (cost=30.24..3712.48 rows=957 width=121)
	  Recheck Cond: ((id >= 3045199) AND (id <= 3046198))
	  ->  Bitmap Index Scan on sbtest5_pkey  (cost=0.00..30.00 rows=957 width=0)
	        Index Cond: ((id >= 3045199) AND (id <= 3046198))

table 6 : explain SELECT c FROM sbtest6 WHERE id BETWEEN 1276718 AND 1277717
	Bitmap Heap Scan on sbtest6  (cost=34.92..3965.35 rows=1023 width=121)
	  Recheck Cond: ((id >= 1276718) AND (id <= 1277717))
	  ->  Bitmap Index Scan on sbtest6_pkey  (cost=0.00..34.67 rows=1023 width=0)
	        Index Cond: ((id >= 1276718) AND (id <= 1277717))

table 7 : explain SELECT c FROM sbtest7 WHERE id BETWEEN 721187 AND 722186
	Bitmap Heap Scan on sbtest7  (cost=35.02..4003.45 rows=1033 width=121)
	  Recheck Cond: ((id >= 721187) AND (id <= 722186))
	  ->  Bitmap Index Scan on sbtest7_pkey  (cost=0.00..34.77 rows=1033 width=0)
	        Index Cond: ((id >= 721187) AND (id <= 722186))

table 8 : explain SELECT c FROM sbtest8 WHERE id BETWEEN 8427326 AND 8428325
	Bitmap Heap Scan on sbtest8  (cost=34.97..3984.58 rows=1028 width=121)
	  Recheck Cond: ((id >= 8427326) AND (id <= 8428325))
	  ->  Bitmap Index Scan on sbtest8_pkey  (cost=0.00..34.72 rows=1028 width=0)
	        Index Cond: ((id >= 8427326) AND (id <= 8428325))

for point_selects
table 1 : explain SELECT c FROM sbtest1 WHERE id=7506748
	Index Scan using sbtest1_pkey on sbtest1  (cost=0.43..8.45 rows=1 width=121)
	  Index Cond: (id = 7506748)

table 2 : explain SELECT c FROM sbtest2 WHERE id=3743785
	Index Scan using sbtest2_pkey on sbtest2  (cost=0.43..8.45 rows=1 width=121)
	  Index Cond: (id = 3743785)

table 3 : explain SELECT c FROM sbtest3 WHERE id=8900544
	Index Scan using sbtest3_pkey on sbtest3  (cost=0.43..8.45 rows=1 width=121)
	  Index Cond: (id = 8900544)

table 4 : explain SELECT c FROM sbtest4 WHERE id=8085328
	Index Scan using sbtest4_pkey on sbtest4  (cost=0.43..8.45 rows=1 width=121)
	  Index Cond: (id = 8085328)

table 5 : explain SELECT c FROM sbtest5 WHERE id=71129
	Index Scan using sbtest5_pkey on sbtest5  (cost=0.43..8.45 rows=1 width=121)
	  Index Cond: (id = 71129)

table 6 : explain SELECT c FROM sbtest6 WHERE id=4823446
	Index Scan using sbtest6_pkey on sbtest6  (cost=0.43..8.45 rows=1 width=121)
	  Index Cond: (id = 4823446)

table 7 : explain SELECT c FROM sbtest7 WHERE id=8175865
	Index Scan using sbtest7_pkey on sbtest7  (cost=0.43..8.45 rows=1 width=121)
	  Index Cond: (id = 8175865)

table 8 : explain SELECT c FROM sbtest8 WHERE id=4847021
	Index Scan using sbtest8_pkey on sbtest8  (cost=0.43..8.45 rows=1 width=121)
	  Index Cond: (id = 4847021)

for: distinct_ranges
table 1 : explain SELECT DISTINCT c FROM sbtest1 WHERE id BETWEEN 5081083 AND 5082082 ORDER BY c
	Unique  (cost=4253.94..4259.36 rows=1085 width=121)
	  ->  Sort  (cost=4253.94..4256.65 rows=1085 width=121)
	        Sort Key: c
	        ->  Bitmap Heap Scan on sbtest1  (cost=35.56..4199.24 rows=1085 width=121)
	              Recheck Cond: ((id >= 5081083) AND (id <= 5082082))
	              ->  Bitmap Index Scan on sbtest1_pkey  (cost=0.00..35.29 rows=1085 width=0)
	                    Index Cond: ((id >= 5081083) AND (id <= 5082082))

table 2 : explain SELECT DISTINCT c FROM sbtest2 WHERE id BETWEEN 9749258 AND 9750257 ORDER BY c
	Unique  (cost=3936.23..3941.24 rows=1003 width=121)
	  ->  Sort  (cost=3936.23..3938.73 rows=1003 width=121)
	        Sort Key: c
	        ->  Bitmap Heap Scan on sbtest2  (cost=30.72..3886.23 rows=1003 width=121)
	              Recheck Cond: ((id >= 9749258) AND (id <= 9750257))
	              ->  Bitmap Index Scan on sbtest2_pkey  (cost=0.00..30.46 rows=1003 width=0)
	                    Index Cond: ((id >= 9749258) AND (id <= 9750257))

table 3 : explain SELECT DISTINCT c FROM sbtest3 WHERE id BETWEEN 7424177 AND 7425176 ORDER BY c
	Unique  (cost=4211.68..4217.05 rows=1074 width=121)
	  ->  Sort  (cost=4211.68..4214.37 rows=1074 width=121)
	        Sort Key: c
	        ->  Bitmap Heap Scan on sbtest3  (cost=35.44..4157.61 rows=1074 width=121)
	              Recheck Cond: ((id >= 7424177) AND (id <= 7425176))
	              ->  Bitmap Index Scan on sbtest3_pkey  (cost=0.00..35.18 rows=1074 width=0)
	                    Index Cond: ((id >= 7424177) AND (id <= 7425176))

table 4 : explain SELECT DISTINCT c FROM sbtest4 WHERE id BETWEEN 875031 AND 876030 ORDER BY c
	Unique  (cost=3660.30..3664.95 rows=931 width=121)
	  ->  Sort  (cost=3660.30..3662.62 rows=931 width=121)
	        Sort Key: c
	        ->  Bitmap Heap Scan on sbtest4  (cost=29.98..3614.39 rows=931 width=121)
	              Recheck Cond: ((id >= 875031) AND (id <= 876030))
	              ->  Bitmap Index Scan on sbtest4_pkey  (cost=0.00..29.75 rows=931 width=0)
	                    Index Cond: ((id >= 875031) AND (id <= 876030))

table 5 : explain SELECT DISTINCT c FROM sbtest5 WHERE id BETWEEN 8545593 AND 8546592 ORDER BY c
	Unique  (cost=4551.90..4557.72 rows=1164 width=121)
	  ->  Sort  (cost=4551.90..4554.81 rows=1164 width=121)
	        Sort Key: c
	        ->  Bitmap Heap Scan on sbtest5  (cost=36.37..4492.62 rows=1164 width=121)
	              Recheck Cond: ((id >= 8545593) AND (id <= 8546592))
	              ->  Bitmap Index Scan on sbtest5_pkey  (cost=0.00..36.08 rows=1164 width=0)
	                    Index Cond: ((id >= 8545593) AND (id <= 8546592))

table 6 : explain SELECT DISTINCT c FROM sbtest6 WHERE id BETWEEN 5742128 AND 5743127 ORDER BY c
	Unique  (cost=3797.90..3802.74 rows=967 width=121)
	  ->  Sort  (cost=3797.90..3800.32 rows=967 width=121)
	        Sort Key: c
	        ->  Bitmap Heap Scan on sbtest6  (cost=30.35..3749.95 rows=967 width=121)
	              Recheck Cond: ((id >= 5742128) AND (id <= 5743127))
	              ->  Bitmap Index Scan on sbtest6_pkey  (cost=0.00..30.11 rows=967 width=0)
	                    Index Cond: ((id >= 5742128) AND (id <= 5743127))

table 7 : explain SELECT DISTINCT c FROM sbtest7 WHERE id BETWEEN 6138798 AND 6139797 ORDER BY c
	Unique  (cost=4043.68..4048.83 rows=1030 width=121)
	  ->  Sort  (cost=4043.68..4046.26 rows=1030 width=121)
	        Sort Key: c
	        ->  Bitmap Heap Scan on sbtest7  (cost=34.99..3992.14 rows=1030 width=121)
	              Recheck Cond: ((id >= 6138798) AND (id <= 6139797))
	              ->  Bitmap Index Scan on sbtest7_pkey  (cost=0.00..34.73 rows=1030 width=0)
	                    Index Cond: ((id >= 6138798) AND (id <= 6139797))

table 8 : explain SELECT DISTINCT c FROM sbtest8 WHERE id BETWEEN 5562915 AND 5563914 ORDER BY c
	Unique  (cost=3729.18..3733.92 rows=949 width=121)
	  ->  Sort  (cost=3729.18..3731.55 rows=949 width=121)
	        Sort Key: c
	        ->  Bitmap Heap Scan on sbtest8  (cost=30.16..3682.25 rows=949 width=121)
	              Recheck Cond: ((id >= 5562915) AND (id <= 5563914))
	              ->  Bitmap Index Scan on sbtest8_pkey  (cost=0.00..29.93 rows=949 width=0)
	                    Index Cond: ((id >= 5562915) AND (id <= 5563914))

for: distinct_ranges
table 1 : explain SELECT DISTINCT c FROM sbtest1 WHERE id BETWEEN 3886532 AND 3887531 ORDER BY c
	Unique  (cost=3939.99..3945.01 rows=1004 width=121)
	  ->  Sort  (cost=3939.99..3942.50 rows=1004 width=121)
	        Sort Key: c
	        ->  Bitmap Heap Scan on sbtest1  (cost=30.73..3889.93 rows=1004 width=121)
	              Recheck Cond: ((id >= 3886532) AND (id <= 3887531))
	              ->  Bitmap Index Scan on sbtest1_pkey  (cost=0.00..30.47 rows=1004 width=0)
	                    Index Cond: ((id >= 3886532) AND (id <= 3887531))

table 2 : explain SELECT DISTINCT c FROM sbtest2 WHERE id BETWEEN 2221150 AND 2222149 ORDER BY c
	Unique  (cost=3894.07..3899.03 rows=992 width=121)
	  ->  Sort  (cost=3894.07..3896.55 rows=992 width=121)
	        Sort Key: c
	        ->  Bitmap Heap Scan on sbtest2  (cost=30.60..3844.70 rows=992 width=121)
	              Recheck Cond: ((id >= 2221150) AND (id <= 2222149))
	              ->  Bitmap Index Scan on sbtest2_pkey  (cost=0.00..30.36 rows=992 width=0)
	                    Index Cond: ((id >= 2221150) AND (id <= 2222149))

table 3 : explain SELECT DISTINCT c FROM sbtest3 WHERE id BETWEEN 7106646 AND 7107645 ORDER BY c
	Unique  (cost=3851.65..3856.56 rows=981 width=121)
	  ->  Sort  (cost=3851.65..3854.11 rows=981 width=121)
	        Sort Key: c
	        ->  Bitmap Heap Scan on sbtest3  (cost=30.49..3802.91 rows=981 width=121)
	              Recheck Cond: ((id >= 7106646) AND (id <= 7107645))
	              ->  Bitmap Index Scan on sbtest3_pkey  (cost=0.00..30.25 rows=981 width=0)
	                    Index Cond: ((id >= 7106646) AND (id <= 7107645))

table 4 : explain SELECT DISTINCT c FROM sbtest4 WHERE id BETWEEN 3210048 AND 3211047 ORDER BY c
	Unique  (cost=3928.84..3933.85 rows=1001 width=121)
	  ->  Sort  (cost=3928.84..3931.34 rows=1001 width=121)
	        Sort Key: c
	        ->  Bitmap Heap Scan on sbtest4  (cost=30.70..3878.95 rows=1001 width=121)
	              Recheck Cond: ((id >= 3210048) AND (id <= 3211047))
	              ->  Bitmap Index Scan on sbtest4_pkey  (cost=0.00..30.44 rows=1001 width=0)
	                    Index Cond: ((id >= 3210048) AND (id <= 3211047))

table 5 : explain SELECT DISTINCT c FROM sbtest5 WHERE id BETWEEN 4198000 AND 4198999 ORDER BY c
	Unique  (cost=4100.89..4106.12 rows=1046 width=121)
	  ->  Sort  (cost=4100.89..4103.50 rows=1046 width=121)
	        Sort Key: c
	        ->  Bitmap Heap Scan on sbtest5  (cost=31.16..4048.43 rows=1046 width=121)
	              Recheck Cond: ((id >= 4198000) AND (id <= 4198999))
	              ->  Bitmap Index Scan on sbtest5_pkey  (cost=0.00..30.89 rows=1046 width=0)
	                    Index Cond: ((id >= 4198000) AND (id <= 4198999))

table 6 : explain SELECT DISTINCT c FROM sbtest6 WHERE id BETWEEN 5315246 AND 5316245 ORDER BY c
	Unique  (cost=4077.74..4082.93 rows=1039 width=121)
	  ->  Sort  (cost=4077.74..4080.34 rows=1039 width=121)
	        Sort Key: c
	        ->  Bitmap Heap Scan on sbtest6  (cost=35.08..4025.68 rows=1039 width=121)
	              Recheck Cond: ((id >= 5315246) AND (id <= 5316245))
	              ->  Bitmap Index Scan on sbtest6_pkey  (cost=0.00..34.83 rows=1039 width=0)
	                    Index Cond: ((id >= 5315246) AND (id <= 5316245))

table 7 : explain SELECT DISTINCT c FROM sbtest7 WHERE id BETWEEN 4964821 AND 4965820 ORDER BY c
	Unique  (cost=4265.54..4270.98 rows=1088 width=121)
	  ->  Sort  (cost=4265.54..4268.26 rows=1088 width=121)
	        Sort Key: c
	        ->  Bitmap Heap Scan on sbtest7  (cost=35.59..4210.66 rows=1088 width=121)
	              Recheck Cond: ((id >= 4964821) AND (id <= 4965820))
	              ->  Bitmap Index Scan on sbtest7_pkey  (cost=0.00..35.32 rows=1088 width=0)
	                    Index Cond: ((id >= 4964821) AND (id <= 4965820))

table 8 : explain SELECT DISTINCT c FROM sbtest8 WHERE id BETWEEN 7263381 AND 7264380 ORDER BY c
	Unique  (cost=4364.84..4370.41 rows=1114 width=121)
	  ->  Sort  (cost=4364.84..4367.63 rows=1114 width=121)
	        Sort Key: c
	        ->  Bitmap Heap Scan on sbtest8  (cost=35.85..4308.46 rows=1114 width=121)
	              Recheck Cond: ((id >= 7263381) AND (id <= 7264380))
	              ->  Bitmap Index Scan on sbtest8_pkey  (cost=0.00..35.58 rows=1114 width=0)
	                    Index Cond: ((id >= 7263381) AND (id <= 7264380))

for: simple_ranges
table 1 : explain SELECT c FROM sbtest1 WHERE id BETWEEN 8670660 AND 8671659
	Bitmap Heap Scan on sbtest1  (cost=29.75..3530.80 rows=909 width=121)
	  Recheck Cond: ((id >= 8670660) AND (id <= 8671659))
	  ->  Bitmap Index Scan on sbtest1_pkey  (cost=0.00..29.52 rows=909 width=0)
	        Index Cond: ((id >= 8670660) AND (id <= 8671659))

table 2 : explain SELECT c FROM sbtest2 WHERE id BETWEEN 8841887 AND 8842886
	Bitmap Heap Scan on sbtest2  (cost=30.55..3825.82 rows=987 width=121)
	  Recheck Cond: ((id >= 8841887) AND (id <= 8842886))
	  ->  Bitmap Index Scan on sbtest2_pkey  (cost=0.00..30.30 rows=987 width=0)
	        Index Cond: ((id >= 8841887) AND (id <= 8842886))

table 3 : explain SELECT c FROM sbtest3 WHERE id BETWEEN 4427309 AND 4428308
	Bitmap Heap Scan on sbtest3  (cost=30.63..3855.77 rows=995 width=121)
	  Recheck Cond: ((id >= 4427309) AND (id <= 4428308))
	  ->  Bitmap Index Scan on sbtest3_pkey  (cost=0.00..30.39 rows=995 width=0)
	        Index Cond: ((id >= 4427309) AND (id <= 4428308))

table 4 : explain SELECT c FROM sbtest4 WHERE id BETWEEN 2414402 AND 2415401
	Bitmap Heap Scan on sbtest4  (cost=35.69..4248.56 rows=1098 width=121)
	  Recheck Cond: ((id >= 2414402) AND (id <= 2415401))
	  ->  Bitmap Index Scan on sbtest4_pkey  (cost=0.00..35.42 rows=1098 width=0)
	        Index Cond: ((id >= 2414402) AND (id <= 2415401))

table 5 : explain SELECT c FROM sbtest5 WHERE id BETWEEN 5099601 AND 5100600
	Bitmap Heap Scan on sbtest5  (cost=30.63..3856.04 rows=995 width=121)
	  Recheck Cond: ((id >= 5099601) AND (id <= 5100600))
	  ->  Bitmap Index Scan on sbtest5_pkey  (cost=0.00..30.39 rows=995 width=0)
	        Index Cond: ((id >= 5099601) AND (id <= 5100600))

table 6 : explain SELECT c FROM sbtest6 WHERE id BETWEEN 1344104 AND 1345103
	Bitmap Heap Scan on sbtest6  (cost=34.96..3980.44 rows=1027 width=121)
	  Recheck Cond: ((id >= 1344104) AND (id <= 1345103))
	  ->  Bitmap Index Scan on sbtest6_pkey  (cost=0.00..34.70 rows=1027 width=0)
	        Index Cond: ((id >= 1344104) AND (id <= 1345103))

table 7 : explain SELECT c FROM sbtest7 WHERE id BETWEEN 3883919 AND 3884918
	Bitmap Heap Scan on sbtest7  (cost=30.15..3678.48 rows=948 width=121)
	  Recheck Cond: ((id >= 3883919) AND (id <= 3884918))
	  ->  Bitmap Index Scan on sbtest7_pkey  (cost=0.00..29.91 rows=948 width=0)
	        Index Cond: ((id >= 3883919) AND (id <= 3884918))

table 8 : explain SELECT c FROM sbtest8 WHERE id BETWEEN 8889105 AND 8890104
	Bitmap Heap Scan on sbtest8  (cost=35.34..4120.27 rows=1064 width=121)
	  Recheck Cond: ((id >= 8889105) AND (id <= 8890104))
	  ->  Bitmap Index Scan on sbtest8_pkey  (cost=0.00..35.08 rows=1064 width=0)
	        Index Cond: ((id >= 8889105) AND (id <= 8890104))

for: order_ranges
table 1 : explain SELECT c FROM sbtest1 WHERE id BETWEEN 751980 AND 752979 ORDER BY c
	Sort  (cost=3510.13..3512.36 rows=892 width=121)
	  Sort Key: c
	  ->  Bitmap Heap Scan on sbtest1  (cost=29.58..3466.42 rows=892 width=121)
	        Recheck Cond: ((id >= 751980) AND (id <= 752979))
	        ->  Bitmap Index Scan on sbtest1_pkey  (cost=0.00..29.36 rows=892 width=0)
	              Index Cond: ((id >= 751980) AND (id <= 752979))

table 2 : explain SELECT c FROM sbtest2 WHERE id BETWEEN 6083020 AND 6084019 ORDER BY c
	Sort  (cost=3886.41..3888.88 rows=990 width=121)
	  Sort Key: c
	  ->  Bitmap Heap Scan on sbtest2  (cost=30.58..3837.15 rows=990 width=121)
	        Recheck Cond: ((id >= 6083020) AND (id <= 6084019))
	        ->  Bitmap Index Scan on sbtest2_pkey  (cost=0.00..30.33 rows=990 width=0)
	              Index Cond: ((id >= 6083020) AND (id <= 6084019))

table 3 : explain SELECT c FROM sbtest3 WHERE id BETWEEN 6675371 AND 6676370 ORDER BY c
	Sort  (cost=4066.16..4068.75 rows=1037 width=121)
	  Sort Key: c
	  ->  Bitmap Heap Scan on sbtest3  (cost=31.06..4014.21 rows=1037 width=121)
	        Recheck Cond: ((id >= 6675371) AND (id <= 6676370))
	        ->  Bitmap Index Scan on sbtest3_pkey  (cost=0.00..30.80 rows=1037 width=0)
	              Index Cond: ((id >= 6675371) AND (id <= 6676370))

table 4 : explain SELECT c FROM sbtest4 WHERE id BETWEEN 8979791 AND 8980790 ORDER BY c
	Sort  (cost=3978.65..3981.18 rows=1014 width=121)
	  Sort Key: c
	  ->  Bitmap Heap Scan on sbtest4  (cost=30.83..3928.02 rows=1014 width=121)
	        Recheck Cond: ((id >= 8979791) AND (id <= 8980790))
	        ->  Bitmap Index Scan on sbtest4_pkey  (cost=0.00..30.57 rows=1014 width=0)
	              Index Cond: ((id >= 8979791) AND (id <= 8980790))

table 5 : explain SELECT c FROM sbtest5 WHERE id BETWEEN 8039106 AND 8040105 ORDER BY c
	Sort  (cost=4020.51..4023.07 rows=1025 width=121)
	  Sort Key: c
	  ->  Bitmap Heap Scan on sbtest5  (cost=30.94..3969.25 rows=1025 width=121)
	        Recheck Cond: ((id >= 8039106) AND (id <= 8040105))
	        ->  Bitmap Index Scan on sbtest5_pkey  (cost=0.00..30.68 rows=1025 width=0)
	              Index Cond: ((id >= 8039106) AND (id <= 8040105))

table 6 : explain SELECT c FROM sbtest6 WHERE id BETWEEN 4374578 AND 4375577 ORDER BY c
	Sort  (cost=4054.78..4057.36 rows=1033 width=121)
	  Sort Key: c
	  ->  Bitmap Heap Scan on sbtest6  (cost=35.02..4003.06 rows=1033 width=121)
	        Recheck Cond: ((id >= 4374578) AND (id <= 4375577))
	        ->  Bitmap Index Scan on sbtest6_pkey  (cost=0.00..34.77 rows=1033 width=0)
	              Index Cond: ((id >= 4374578) AND (id <= 4375577))

table 7 : explain SELECT c FROM sbtest7 WHERE id BETWEEN 6087476 AND 6088475 ORDER BY c
	Sort  (cost=3663.93..3666.26 rows=932 width=121)
	  Sort Key: c
	  ->  Bitmap Heap Scan on sbtest7  (cost=29.99..3617.96 rows=932 width=121)
	        Recheck Cond: ((id >= 6087476) AND (id <= 6088475))
	        ->  Bitmap Index Scan on sbtest7_pkey  (cost=0.00..29.75 rows=932 width=0)
	              Index Cond: ((id >= 6087476) AND (id <= 6088475))

table 8 : explain SELECT c FROM sbtest8 WHERE id BETWEEN 7733037 AND 7734036 ORDER BY c
	Sort  (cost=4307.55..4310.29 rows=1099 width=121)
	  Sort Key: c
	  ->  Bitmap Heap Scan on sbtest8  (cost=35.70..4252.04 rows=1099 width=121)
	        Recheck Cond: ((id >= 7733037) AND (id <= 7734036))
	        ->  Bitmap Index Scan on sbtest8_pkey  (cost=0.00..35.43 rows=1099 width=0)
	              Index Cond: ((id >= 7733037) AND (id <= 7734036))

for: order_ranges
table 1 : explain SELECT c FROM sbtest1 WHERE id BETWEEN 7124851 AND 7125850 ORDER BY c
	Sort  (cost=3932.32..3934.83 rows=1002 width=121)
	  Sort Key: c
	  ->  Bitmap Heap Scan on sbtest1  (cost=30.71..3882.38 rows=1002 width=121)
	        Recheck Cond: ((id >= 7124851) AND (id <= 7125850))
	        ->  Bitmap Index Scan on sbtest1_pkey  (cost=0.00..30.45 rows=1002 width=0)
	              Index Cond: ((id >= 7124851) AND (id <= 7125850))

table 2 : explain SELECT c FROM sbtest2 WHERE id BETWEEN 1263564 AND 1264563 ORDER BY c
	Sort  (cost=4288.41..4291.15 rows=1094 width=121)
	  Sort Key: c
	  ->  Bitmap Heap Scan on sbtest2  (cost=35.65..4233.19 rows=1094 width=121)
	        Recheck Cond: ((id >= 1263564) AND (id <= 1264563))
	        ->  Bitmap Index Scan on sbtest2_pkey  (cost=0.00..35.38 rows=1094 width=0)
	              Index Cond: ((id >= 1263564) AND (id <= 1264563))

table 3 : explain SELECT c FROM sbtest3 WHERE id BETWEEN 5728218 AND 5729217 ORDER BY c
	Sort  (cost=3817.14..3819.57 rows=972 width=121)
	  Sort Key: c
	  ->  Bitmap Heap Scan on sbtest3  (cost=30.40..3768.91 rows=972 width=121)
	        Recheck Cond: ((id >= 5728218) AND (id <= 5729217))
	        ->  Bitmap Index Scan on sbtest3_pkey  (cost=0.00..30.15 rows=972 width=0)
	              Index Cond: ((id >= 5728218) AND (id <= 5729217))

table 4 : explain SELECT c FROM sbtest4 WHERE id BETWEEN 8972311 AND 8973310 ORDER BY c
	Sort  (cost=3978.65..3981.18 rows=1014 width=121)
	  Sort Key: c
	  ->  Bitmap Heap Scan on sbtest4  (cost=30.83..3928.02 rows=1014 width=121)
	        Recheck Cond: ((id >= 8972311) AND (id <= 8973310))
	        ->  Bitmap Index Scan on sbtest4_pkey  (cost=0.00..30.57 rows=1014 width=0)
	              Index Cond: ((id >= 8972311) AND (id <= 8973310))

table 5 : explain SELECT c FROM sbtest5 WHERE id BETWEEN 1702153 AND 1703152 ORDER BY c
	Sort  (cost=4139.32..4141.96 rows=1055 width=121)
	  Sort Key: c
	  ->  Bitmap Heap Scan on sbtest5  (cost=35.25..4086.35 rows=1055 width=121)
	        Recheck Cond: ((id >= 1702153) AND (id <= 1703152))
	        ->  Bitmap Index Scan on sbtest5_pkey  (cost=0.00..34.98 rows=1055 width=0)
	              Index Cond: ((id >= 1702153) AND (id <= 1703152))

table 6 : explain SELECT c FROM sbtest6 WHERE id BETWEEN 8400547 AND 8401546 ORDER BY c
	Sort  (cost=3843.92..3846.37 rows=979 width=121)
	  Sort Key: c
	  ->  Bitmap Heap Scan on sbtest6  (cost=30.47..3795.29 rows=979 width=121)
	        Recheck Cond: ((id >= 8400547) AND (id <= 8401546))
	        ->  Bitmap Index Scan on sbtest6_pkey  (cost=0.00..30.22 rows=979 width=0)
	              Index Cond: ((id >= 8400547) AND (id <= 8401546))

table 7 : explain SELECT c FROM sbtest7 WHERE id BETWEEN 7588318 AND 7589317 ORDER BY c
	Sort  (cost=3913.28..3915.77 rows=997 width=121)
	  Sort Key: c
	  ->  Bitmap Heap Scan on sbtest7  (cost=30.65..3863.62 rows=997 width=121)
	        Recheck Cond: ((id >= 7588318) AND (id <= 7589317))
	        ->  Bitmap Index Scan on sbtest7_pkey  (cost=0.00..30.40 rows=997 width=0)
	              Index Cond: ((id >= 7588318) AND (id <= 7589317))

table 8 : explain SELECT c FROM sbtest8 WHERE id BETWEEN 9447847 AND 9448846 ORDER BY c
	Sort  (cost=4139.34..4141.97 rows=1055 width=121)
	  Sort Key: c
	  ->  Bitmap Heap Scan on sbtest8  (cost=35.25..4086.36 rows=1055 width=121)
	        Recheck Cond: ((id >= 9447847) AND (id <= 9448846))
	        ->  Bitmap Index Scan on sbtest8_pkey  (cost=0.00..34.98 rows=1055 width=0)
	              Index Cond: ((id >= 9447847) AND (id <= 9448846))

for point_selects
table 1 : explain SELECT c FROM sbtest1 WHERE id=5867485
	Index Scan using sbtest1_pkey on sbtest1  (cost=0.43..8.45 rows=1 width=121)
	  Index Cond: (id = 5867485)

table 2 : explain SELECT c FROM sbtest2 WHERE id=9692295
	Index Scan using sbtest2_pkey on sbtest2  (cost=0.43..8.45 rows=1 width=121)
	  Index Cond: (id = 9692295)

table 3 : explain SELECT c FROM sbtest3 WHERE id=6431171
	Index Scan using sbtest3_pkey on sbtest3  (cost=0.43..8.45 rows=1 width=121)
	  Index Cond: (id = 6431171)

table 4 : explain SELECT c FROM sbtest4 WHERE id=2915029
	Index Scan using sbtest4_pkey on sbtest4  (cost=0.43..8.45 rows=1 width=121)
	  Index Cond: (id = 2915029)

table 5 : explain SELECT c FROM sbtest5 WHERE id=315304
	Index Scan using sbtest5_pkey on sbtest5  (cost=0.43..8.45 rows=1 width=121)
	  Index Cond: (id = 315304)

table 6 : explain SELECT c FROM sbtest6 WHERE id=7937904
	Index Scan using sbtest6_pkey on sbtest6  (cost=0.43..8.45 rows=1 width=121)
	  Index Cond: (id = 7937904)

table 7 : explain SELECT c FROM sbtest7 WHERE id=9848425
	Index Scan using sbtest7_pkey on sbtest7  (cost=0.43..8.45 rows=1 width=121)
	  Index Cond: (id = 9848425)

table 8 : explain SELECT c FROM sbtest8 WHERE id=2169140
	Index Scan using sbtest8_pkey on sbtest8  (cost=0.43..8.45 rows=1 width=121)
	  Index Cond: (id = 2169140)

for: simple_ranges
table 1 : explain SELECT c FROM sbtest1 WHERE id BETWEEN 7957196 AND 7958195
	Bitmap Heap Scan on sbtest1  (cost=30.72..3886.16 rows=1003 width=121)
	  Recheck Cond: ((id >= 7957196) AND (id <= 7958195))
	  ->  Bitmap Index Scan on sbtest1_pkey  (cost=0.00..30.46 rows=1003 width=0)
	        Index Cond: ((id >= 7957196) AND (id <= 7958195))

table 2 : explain SELECT c FROM sbtest2 WHERE id BETWEEN 1859590 AND 1860589
	Bitmap Heap Scan on sbtest2  (cost=30.51..3810.71 rows=983 width=121)
	  Recheck Cond: ((id >= 1859590) AND (id <= 1860589))
	  ->  Bitmap Index Scan on sbtest2_pkey  (cost=0.00..30.26 rows=983 width=0)
	        Index Cond: ((id >= 1859590) AND (id <= 1860589))

table 3 : explain SELECT c FROM sbtest3 WHERE id BETWEEN 2268862 AND 2269861
	Bitmap Heap Scan on sbtest3  (cost=35.57..4202.79 rows=1086 width=121)
	  Recheck Cond: ((id >= 2268862) AND (id <= 2269861))
	  ->  Bitmap Index Scan on sbtest3_pkey  (cost=0.00..35.30 rows=1086 width=0)
	        Index Cond: ((id >= 2268862) AND (id <= 2269861))

table 4 : explain SELECT c FROM sbtest4 WHERE id BETWEEN 3661565 AND 3662564
	Bitmap Heap Scan on sbtest4  (cost=30.98..3984.61 rows=1029 width=121)
	  Recheck Cond: ((id >= 3661565) AND (id <= 3662564))
	  ->  Bitmap Index Scan on sbtest4_pkey  (cost=0.00..30.72 rows=1029 width=0)
	        Index Cond: ((id >= 3661565) AND (id <= 3662564))

table 5 : explain SELECT c FROM sbtest5 WHERE id BETWEEN 1130595 AND 1131594
	Bitmap Heap Scan on sbtest5  (cost=30.97..3980.56 rows=1028 width=121)
	  Recheck Cond: ((id >= 1130595) AND (id <= 1131594))
	  ->  Bitmap Index Scan on sbtest5_pkey  (cost=0.00..30.71 rows=1028 width=0)
	        Index Cond: ((id >= 1130595) AND (id <= 1131594))

table 6 : explain SELECT c FROM sbtest6 WHERE id BETWEEN 6964599 AND 6965598
	Bitmap Heap Scan on sbtest6  (cost=30.12..3666.80 rows=945 width=121)
	  Recheck Cond: ((id >= 6964599) AND (id <= 6965598))
	  ->  Bitmap Index Scan on sbtest6_pkey  (cost=0.00..29.89 rows=945 width=0)
	        Index Cond: ((id >= 6964599) AND (id <= 6965598))

table 7 : explain SELECT c FROM sbtest7 WHERE id BETWEEN 2235600 AND 2236599
	Bitmap Heap Scan on sbtest7  (cost=35.28..4097.68 rows=1058 width=121)
	  Recheck Cond: ((id >= 2235600) AND (id <= 2236599))
	  ->  Bitmap Index Scan on sbtest7_pkey  (cost=0.00..35.02 rows=1058 width=0)
	        Index Cond: ((id >= 2235600) AND (id <= 2236599))

table 8 : explain SELECT c FROM sbtest8 WHERE id BETWEEN 2522538 AND 2523537
	Bitmap Heap Scan on sbtest8  (cost=35.77..4278.37 rows=1106 width=121)
	  Recheck Cond: ((id >= 2522538) AND (id <= 2523537))
	  ->  Bitmap Index Scan on sbtest8_pkey  (cost=0.00..35.50 rows=1106 width=0)
	        Index Cond: ((id >= 2522538) AND (id <= 2523537))

for: sum_ranges
table 1 : explain SELECT SUM(k) FROM sbtest1 WHERE id BETWEEN 3789841 AND 3790840
	Aggregate  (cost=3896.22..3896.23 rows=1 width=8)
	  ->  Bitmap Heap Scan on sbtest1  (cost=30.74..3893.70 rows=1005 width=4)
	        Recheck Cond: ((id >= 3789841) AND (id <= 3790840))
	        ->  Bitmap Index Scan on sbtest1_pkey  (cost=0.00..30.48 rows=1005 width=0)
	              Index Cond: ((id >= 3789841) AND (id <= 3790840))

table 2 : explain SELECT SUM(k) FROM sbtest2 WHERE id BETWEEN 1698066 AND 1699065
	Aggregate  (cost=3824.51..3824.52 rows=1 width=8)
	  ->  Bitmap Heap Scan on sbtest2  (cost=30.54..3822.04 rows=986 width=4)
	        Recheck Cond: ((id >= 1698066) AND (id <= 1699065))
	        ->  Bitmap Index Scan on sbtest2_pkey  (cost=0.00..30.29 rows=986 width=0)
	              Index Cond: ((id >= 1698066) AND (id <= 1699065))

table 3 : explain SELECT SUM(k) FROM sbtest3 WHERE id BETWEEN 4117665 AND 4118664
	Aggregate  (cost=3714.62..3714.63 rows=1 width=8)
	  ->  Bitmap Heap Scan on sbtest3  (cost=30.24..3712.23 rows=957 width=4)
	        Recheck Cond: ((id >= 4117665) AND (id <= 4118664))
	        ->  Bitmap Index Scan on sbtest3_pkey  (cost=0.00..30.00 rows=957 width=0)
	              Index Cond: ((id >= 4117665) AND (id <= 4118664))

table 4 : explain SELECT SUM(k) FROM sbtest4 WHERE id BETWEEN 4492844 AND 4493843
	Aggregate  (cost=4330.36..4330.37 rows=1 width=8)
	  ->  Bitmap Heap Scan on sbtest4  (cost=35.90..4327.56 rows=1119 width=4)
	        Recheck Cond: ((id >= 4492844) AND (id <= 4493843))
	        ->  Bitmap Index Scan on sbtest4_pkey  (cost=0.00..35.62 rows=1119 width=0)
	              Index Cond: ((id >= 4492844) AND (id <= 4493843))

table 5 : explain SELECT SUM(k) FROM sbtest5 WHERE id BETWEEN 1042371 AND 1043370
	Aggregate  (cost=3786.73..3786.74 rows=1 width=8)
	  ->  Bitmap Heap Scan on sbtest5  (cost=30.44..3784.29 rows=976 width=4)
	        Recheck Cond: ((id >= 1042371) AND (id <= 1043370))
	        ->  Bitmap Index Scan on sbtest5_pkey  (cost=0.00..30.19 rows=976 width=0)
	              Index Cond: ((id >= 1042371) AND (id <= 1043370))

table 6 : explain SELECT SUM(k) FROM sbtest6 WHERE id BETWEEN 3153626 AND 3154625
	Aggregate  (cost=3998.10..3998.11 rows=1 width=8)
	  ->  Bitmap Heap Scan on sbtest6  (cost=35.00..3995.52 rows=1031 width=4)
	        Recheck Cond: ((id >= 3153626) AND (id <= 3154625))
	        ->  Bitmap Index Scan on sbtest6_pkey  (cost=0.00..34.75 rows=1031 width=0)
	              Index Cond: ((id >= 3153626) AND (id <= 3154625))

table 7 : explain SELECT SUM(k) FROM sbtest7 WHERE id BETWEEN 1359032 AND 1360031
	Aggregate  (cost=4058.85..4058.86 rows=1 width=8)
	  ->  Bitmap Heap Scan on sbtest7  (cost=35.17..4056.23 rows=1047 width=4)
	        Recheck Cond: ((id >= 1359032) AND (id <= 1360031))
	        ->  Bitmap Index Scan on sbtest7_pkey  (cost=0.00..34.91 rows=1047 width=0)
	              Index Cond: ((id >= 1359032) AND (id <= 1360031))

table 8 : explain SELECT SUM(k) FROM sbtest8 WHERE id BETWEEN 1739293 AND 1740292
	Aggregate  (cost=3801.86..3801.87 rows=1 width=8)
	  ->  Bitmap Heap Scan on sbtest8  (cost=30.48..3799.41 rows=980 width=4)
	        Recheck Cond: ((id >= 1739293) AND (id <= 1740292))
	        ->  Bitmap Index Scan on sbtest8_pkey  (cost=0.00..30.23 rows=980 width=0)
	              Index Cond: ((id >= 1739293) AND (id <= 1740292))

for: distinct_ranges
table 1 : explain SELECT DISTINCT c FROM sbtest1 WHERE id BETWEEN 1766849 AND 1767848 ORDER BY c
	Unique  (cost=3909.33..3914.31 rows=996 width=121)
	  ->  Sort  (cost=3909.33..3911.82 rows=996 width=121)
	        Sort Key: c
	        ->  Bitmap Heap Scan on sbtest1  (cost=30.64..3859.73 rows=996 width=121)
	              Recheck Cond: ((id >= 1766849) AND (id <= 1767848))
	              ->  Bitmap Index Scan on sbtest1_pkey  (cost=0.00..30.39 rows=996 width=0)
	                    Index Cond: ((id >= 1766849) AND (id <= 1767848))

table 2 : explain SELECT DISTINCT c FROM sbtest2 WHERE id BETWEEN 7200273 AND 7201272 ORDER BY c
	Unique  (cost=3940.06..3945.08 rows=1004 width=121)
	  ->  Sort  (cost=3940.06..3942.57 rows=1004 width=121)
	        Sort Key: c
	        ->  Bitmap Heap Scan on sbtest2  (cost=30.73..3890.00 rows=1004 width=121)
	              Recheck Cond: ((id >= 7200273) AND (id <= 7201272))
	              ->  Bitmap Index Scan on sbtest2_pkey  (cost=0.00..30.47 rows=1004 width=0)
	                    Index Cond: ((id >= 7200273) AND (id <= 7201272))

table 3 : explain SELECT DISTINCT c FROM sbtest3 WHERE id BETWEEN 3410638 AND 3411637 ORDER BY c
	Unique  (cost=3932.14..3937.15 rows=1002 width=121)
	  ->  Sort  (cost=3932.14..3934.64 rows=1002 width=121)
	        Sort Key: c
	        ->  Bitmap Heap Scan on sbtest3  (cost=30.71..3882.19 rows=1002 width=121)
	              Recheck Cond: ((id >= 3410638) AND (id <= 3411637))
	              ->  Bitmap Index Scan on sbtest3_pkey  (cost=0.00..30.45 rows=1002 width=0)
	                    Index Cond: ((id >= 3410638) AND (id <= 3411637))

table 4 : explain SELECT DISTINCT c FROM sbtest4 WHERE id BETWEEN 9173366 AND 9174365 ORDER BY c
	Unique  (cost=3498.89..3503.33 rows=889 width=121)
	  ->  Sort  (cost=3498.89..3501.11 rows=889 width=121)
	        Sort Key: c
	        ->  Bitmap Heap Scan on sbtest4  (cost=29.55..3455.34 rows=889 width=121)
	              Recheck Cond: ((id >= 9173366) AND (id <= 9174365))
	              ->  Bitmap Index Scan on sbtest4_pkey  (cost=0.00..29.32 rows=889 width=0)
	                    Index Cond: ((id >= 9173366) AND (id <= 9174365))

table 5 : explain SELECT DISTINCT c FROM sbtest5 WHERE id BETWEEN 6916754 AND 6917753 ORDER BY c
	Unique  (cost=4357.19..4362.75 rows=1112 width=121)
	  ->  Sort  (cost=4357.19..4359.97 rows=1112 width=121)
	        Sort Key: c
	        ->  Bitmap Heap Scan on sbtest5  (cost=35.83..4300.93 rows=1112 width=121)
	              Recheck Cond: ((id >= 6916754) AND (id <= 6917753))
	              ->  Bitmap Index Scan on sbtest5_pkey  (cost=0.00..35.56 rows=1112 width=0)
	                    Index Cond: ((id >= 6916754) AND (id <= 6917753))

table 6 : explain SELECT DISTINCT c FROM sbtest6 WHERE id BETWEEN 2280901 AND 2281900 ORDER BY c
	Unique  (cost=4085.39..4090.60 rows=1041 width=121)
	  ->  Sort  (cost=4085.39..4088.00 rows=1041 width=121)
	        Sort Key: c
	        ->  Bitmap Heap Scan on sbtest6  (cost=35.11..4033.22 rows=1041 width=121)
	              Recheck Cond: ((id >= 2280901) AND (id <= 2281900))
	              ->  Bitmap Index Scan on sbtest6_pkey  (cost=0.00..34.84 rows=1041 width=0)
	                    Index Cond: ((id >= 2280901) AND (id <= 2281900))

table 7 : explain SELECT DISTINCT c FROM sbtest7 WHERE id BETWEEN 9638403 AND 9639402 ORDER BY c
	Unique  (cost=4005.22..4010.33 rows=1021 width=121)
	  ->  Sort  (cost=4005.22..4007.78 rows=1021 width=121)
	        Sort Key: c
	        ->  Bitmap Heap Scan on sbtest7  (cost=30.90..3954.19 rows=1021 width=121)
	              Recheck Cond: ((id >= 9638403) AND (id <= 9639402))
	              ->  Bitmap Index Scan on sbtest7_pkey  (cost=0.00..30.64 rows=1021 width=0)
	                    Index Cond: ((id >= 9638403) AND (id <= 9639402))

table 8 : explain SELECT DISTINCT c FROM sbtest8 WHERE id BETWEEN 4441486 AND 4442485 ORDER BY c
	Unique  (cost=3997.54..4002.64 rows=1019 width=121)
	  ->  Sort  (cost=3997.54..4000.09 rows=1019 width=121)
	        Sort Key: c
	        ->  Bitmap Heap Scan on sbtest8  (cost=30.88..3946.63 rows=1019 width=121)
	              Recheck Cond: ((id >= 4441486) AND (id <= 4442485))
	              ->  Bitmap Index Scan on sbtest8_pkey  (cost=0.00..30.62 rows=1019 width=0)
	                    Index Cond: ((id >= 4441486) AND (id <= 4442485))

for: distinct_ranges
table 1 : explain SELECT DISTINCT c FROM sbtest1 WHERE id BETWEEN 403010 AND 404009 ORDER BY c
	Unique  (cost=4047.22..4052.38 rows=1032 width=121)
	  ->  Sort  (cost=4047.22..4049.80 rows=1032 width=121)
	        Sort Key: c
	        ->  Bitmap Heap Scan on sbtest1  (cost=31.01..3995.56 rows=1032 width=121)
	              Recheck Cond: ((id >= 403010) AND (id <= 404009))
	              ->  Bitmap Index Scan on sbtest1_pkey  (cost=0.00..30.75 rows=1032 width=0)
	                    Index Cond: ((id >= 403010) AND (id <= 404009))

table 2 : explain SELECT DISTINCT c FROM sbtest2 WHERE id BETWEEN 2824085 AND 2825084 ORDER BY c
	Unique  (cost=4307.52..4313.01 rows=1099 width=121)
	  ->  Sort  (cost=4307.52..4310.26 rows=1099 width=121)
	        Sort Key: c
	        ->  Bitmap Heap Scan on sbtest2  (cost=35.70..4252.01 rows=1099 width=121)
	              Recheck Cond: ((id >= 2824085) AND (id <= 2825084))
	              ->  Bitmap Index Scan on sbtest2_pkey  (cost=0.00..35.43 rows=1099 width=0)
	                    Index Cond: ((id >= 2824085) AND (id <= 2825084))

table 3 : explain SELECT DISTINCT c FROM sbtest3 WHERE id BETWEEN 5480155 AND 5481154 ORDER BY c
	Unique  (cost=4353.05..4358.61 rows=1111 width=121)
	  ->  Sort  (cost=4353.05..4355.83 rows=1111 width=121)
	        Sort Key: c
	        ->  Bitmap Heap Scan on sbtest3  (cost=35.82..4296.85 rows=1111 width=121)
	              Recheck Cond: ((id >= 5480155) AND (id <= 5481154))
	              ->  Bitmap Index Scan on sbtest3_pkey  (cost=0.00..35.55 rows=1111 width=0)
	                    Index Cond: ((id >= 5480155) AND (id <= 5481154))

table 4 : explain SELECT DISTINCT c FROM sbtest4 WHERE id BETWEEN 5401323 AND 5402322 ORDER BY c
	Unique  (cost=4426.23..4431.88 rows=1130 width=121)
	  ->  Sort  (cost=4426.23..4429.05 rows=1130 width=121)
	        Sort Key: c
	        ->  Bitmap Heap Scan on sbtest4  (cost=36.02..4368.93 rows=1130 width=121)
	              Recheck Cond: ((id >= 5401323) AND (id <= 5402322))
	              ->  Bitmap Index Scan on sbtest4_pkey  (cost=0.00..35.73 rows=1130 width=0)
	                    Index Cond: ((id >= 5401323) AND (id <= 5402322))

table 5 : explain SELECT DISTINCT c FROM sbtest5 WHERE id BETWEEN 3685182 AND 3686181 ORDER BY c
	Unique  (cost=3871.09..3876.02 rows=986 width=121)
	  ->  Sort  (cost=3871.09..3873.55 rows=986 width=121)
	        Sort Key: c
	        ->  Bitmap Heap Scan on sbtest5  (cost=30.54..3822.06 rows=986 width=121)
	              Recheck Cond: ((id >= 3685182) AND (id <= 3686181))
	              ->  Bitmap Index Scan on sbtest5_pkey  (cost=0.00..30.29 rows=986 width=0)
	                    Index Cond: ((id >= 3685182) AND (id <= 3686181))

table 6 : explain SELECT DISTINCT c FROM sbtest6 WHERE id BETWEEN 5055494 AND 5056493 ORDER BY c
	Unique  (cost=3744.20..3748.96 rows=953 width=121)
	  ->  Sort  (cost=3744.20..3746.58 rows=953 width=121)
	        Sort Key: c
	        ->  Bitmap Heap Scan on sbtest6  (cost=30.20..3697.04 rows=953 width=121)
	              Recheck Cond: ((id >= 5055494) AND (id <= 5056493))
	              ->  Bitmap Index Scan on sbtest6_pkey  (cost=0.00..29.96 rows=953 width=0)
	                    Index Cond: ((id >= 5055494) AND (id <= 5056493))

table 7 : explain SELECT DISTINCT c FROM sbtest7 WHERE id BETWEEN 7922088 AND 7923087 ORDER BY c
	Unique  (cost=3756.06..3760.84 rows=956 width=121)
	  ->  Sort  (cost=3756.06..3758.45 rows=956 width=121)
	        Sort Key: c
	        ->  Bitmap Heap Scan on sbtest7  (cost=30.23..3708.73 rows=956 width=121)
	              Recheck Cond: ((id >= 7922088) AND (id <= 7923087))
	              ->  Bitmap Index Scan on sbtest7_pkey  (cost=0.00..30.00 rows=956 width=0)
	                    Index Cond: ((id >= 7922088) AND (id <= 7923087))

table 8 : explain SELECT DISTINCT c FROM sbtest8 WHERE id BETWEEN 5507078 AND 5508077 ORDER BY c
	Unique  (cost=4456.54..4462.24 rows=1139 width=121)
	  ->  Sort  (cost=4456.54..4459.39 rows=1139 width=121)
	        Sort Key: c
	        ->  Bitmap Heap Scan on sbtest8  (cost=36.11..4398.72 rows=1139 width=121)
	              Recheck Cond: ((id >= 5507078) AND (id <= 5508077))
	              ->  Bitmap Index Scan on sbtest8_pkey  (cost=0.00..35.83 rows=1139 width=0)
	                    Index Cond: ((id >= 5507078) AND (id <= 5508077))

for: sum_ranges
table 1 : explain SELECT SUM(k) FROM sbtest1 WHERE id BETWEEN 6378203 AND 6379202
	Aggregate  (cost=4141.66..4141.67 rows=1 width=8)
	  ->  Bitmap Heap Scan on sbtest1  (cost=35.39..4138.99 rows=1069 width=4)
	        Recheck Cond: ((id >= 6378203) AND (id <= 6379202))
	        ->  Bitmap Index Scan on sbtest1_pkey  (cost=0.00..35.12 rows=1069 width=0)
	              Index Cond: ((id >= 6378203) AND (id <= 6379202))

table 2 : explain SELECT SUM(k) FROM sbtest2 WHERE id BETWEEN 9996950 AND 9997949
	Aggregate  (cost=3680.81..3680.82 rows=1 width=8)
	  ->  Bitmap Heap Scan on sbtest2  (cost=30.15..3678.44 rows=948 width=4)
	        Recheck Cond: ((id >= 9996950) AND (id <= 9997949))
	        ->  Bitmap Index Scan on sbtest2_pkey  (cost=0.00..29.91 rows=948 width=0)
	              Index Cond: ((id >= 9996950) AND (id <= 9997949))

table 3 : explain SELECT SUM(k) FROM sbtest3 WHERE id BETWEEN 3394986 AND 3395985
	Aggregate  (cost=3839.37..3839.38 rows=1 width=8)
	  ->  Bitmap Heap Scan on sbtest3  (cost=30.58..3836.89 rows=990 width=4)
	        Recheck Cond: ((id >= 3394986) AND (id <= 3395985))
	        ->  Bitmap Index Scan on sbtest3_pkey  (cost=0.00..30.33 rows=990 width=0)
	              Index Cond: ((id >= 3394986) AND (id <= 3395985))

table 4 : explain SELECT SUM(k) FROM sbtest4 WHERE id BETWEEN 3946325 AND 3947324
	Aggregate  (cost=4093.04..4093.05 rows=1 width=8)
	  ->  Bitmap Heap Scan on sbtest4  (cost=35.26..4090.40 rows=1056 width=4)
	        Recheck Cond: ((id >= 3946325) AND (id <= 3947324))
	        ->  Bitmap Index Scan on sbtest4_pkey  (cost=0.00..35.00 rows=1056 width=0)
	              Index Cond: ((id >= 3946325) AND (id <= 3947324))

table 5 : explain SELECT SUM(k) FROM sbtest5 WHERE id BETWEEN 9809594 AND 9810593
	Aggregate  (cost=3767.82..3767.83 rows=1 width=8)
	  ->  Bitmap Heap Scan on sbtest5  (cost=30.39..3765.39 rows=971 width=4)
	        Recheck Cond: ((id >= 9809594) AND (id <= 9810593))
	        ->  Bitmap Index Scan on sbtest5_pkey  (cost=0.00..30.14 rows=971 width=0)
	              Index Cond: ((id >= 9809594) AND (id <= 9810593))

table 6 : explain SELECT SUM(k) FROM sbtest6 WHERE id BETWEEN 9587168 AND 9588167
	Aggregate  (cost=3930.16..3930.17 rows=1 width=8)
	  ->  Bitmap Heap Scan on sbtest6  (cost=34.82..3927.63 rows=1013 width=4)
	        Recheck Cond: ((id >= 9587168) AND (id <= 9588167))
	        ->  Bitmap Index Scan on sbtest6_pkey  (cost=0.00..34.57 rows=1013 width=0)
	              Index Cond: ((id >= 9587168) AND (id <= 9588167))

table 7 : explain SELECT SUM(k) FROM sbtest7 WHERE id BETWEEN 4044740 AND 4045739
	Aggregate  (cost=3907.66..3907.67 rows=1 width=8)
	  ->  Bitmap Heap Scan on sbtest7  (cost=30.77..3905.14 rows=1008 width=4)
	        Recheck Cond: ((id >= 4044740) AND (id <= 4045739))
	        ->  Bitmap Index Scan on sbtest7_pkey  (cost=0.00..30.51 rows=1008 width=0)
	              Index Cond: ((id >= 4044740) AND (id <= 4045739))

table 8 : explain SELECT SUM(k) FROM sbtest8 WHERE id BETWEEN 9744499 AND 9745498
	Aggregate  (cost=3544.53..3544.54 rows=1 width=8)
	  ->  Bitmap Heap Scan on sbtest8  (cost=29.78..3542.25 rows=912 width=4)
	        Recheck Cond: ((id >= 9744499) AND (id <= 9745498))
	        ->  Bitmap Index Scan on sbtest8_pkey  (cost=0.00..29.55 rows=912 width=0)
	              Index Cond: ((id >= 9744499) AND (id <= 9745498))

for: sum_ranges
table 1 : explain SELECT SUM(k) FROM sbtest1 WHERE id BETWEEN 2283684 AND 2284683
	Aggregate  (cost=3824.44..3824.45 rows=1 width=8)
	  ->  Bitmap Heap Scan on sbtest1  (cost=30.54..3821.97 rows=986 width=4)
	        Recheck Cond: ((id >= 2283684) AND (id <= 2284683))
	        ->  Bitmap Index Scan on sbtest1_pkey  (cost=0.00..30.29 rows=986 width=0)
	              Index Cond: ((id >= 2283684) AND (id <= 2284683))

table 2 : explain SELECT SUM(k) FROM sbtest2 WHERE id BETWEEN 1791285 AND 1792284
	Aggregate  (cost=3824.51..3824.52 rows=1 width=8)
	  ->  Bitmap Heap Scan on sbtest2  (cost=30.54..3822.04 rows=986 width=4)
	        Recheck Cond: ((id >= 1791285) AND (id <= 1792284))
	        ->  Bitmap Index Scan on sbtest2_pkey  (cost=0.00..30.29 rows=986 width=0)
	              Index Cond: ((id >= 1791285) AND (id <= 1792284))

table 3 : explain SELECT SUM(k) FROM sbtest3 WHERE id BETWEEN 1395427 AND 1396426
	Aggregate  (cost=3479.86..3479.87 rows=1 width=8)
	  ->  Bitmap Heap Scan on sbtest3  (cost=29.61..3477.62 rows=895 width=4)
	        Recheck Cond: ((id >= 1395427) AND (id <= 1396426))
	        ->  Bitmap Index Scan on sbtest3_pkey  (cost=0.00..29.39 rows=895 width=0)
	              Index Cond: ((id >= 1395427) AND (id <= 1396426))

table 4 : explain SELECT SUM(k) FROM sbtest4 WHERE id BETWEEN 8162942 AND 8163941
	Aggregate  (cost=3968.31..3968.32 rows=1 width=8)
	  ->  Bitmap Heap Scan on sbtest4  (cost=30.93..3965.75 rows=1024 width=4)
	        Recheck Cond: ((id >= 8162942) AND (id <= 8163941))
	        ->  Bitmap Index Scan on sbtest4_pkey  (cost=0.00..30.68 rows=1024 width=0)
	              Index Cond: ((id >= 8162942) AND (id <= 8163941))

table 5 : explain SELECT SUM(k) FROM sbtest5 WHERE id BETWEEN 2733248 AND 2734247
	Aggregate  (cost=4092.75..4092.76 rows=1 width=8)
	  ->  Bitmap Heap Scan on sbtest5  (cost=35.26..4090.11 rows=1056 width=4)
	        Recheck Cond: ((id >= 2733248) AND (id <= 2734247))
	        ->  Bitmap Index Scan on sbtest5_pkey  (cost=0.00..35.00 rows=1056 width=0)
	              Index Cond: ((id >= 2733248) AND (id <= 2734247))

table 6 : explain SELECT SUM(k) FROM sbtest6 WHERE id BETWEEN 9676162 AND 9677161
	Aggregate  (cost=3752.37..3752.38 rows=1 width=8)
	  ->  Bitmap Heap Scan on sbtest6  (cost=30.35..3749.95 rows=967 width=4)
	        Recheck Cond: ((id >= 9676162) AND (id <= 9677161))
	        ->  Bitmap Index Scan on sbtest6_pkey  (cost=0.00..30.11 rows=967 width=0)
	              Index Cond: ((id >= 9676162) AND (id <= 9677161))

table 7 : explain SELECT SUM(k) FROM sbtest7 WHERE id BETWEEN 6241874 AND 6242873
	Aggregate  (cost=3650.58..3650.59 rows=1 width=8)
	  ->  Bitmap Heap Scan on sbtest7  (cost=30.07..3648.23 rows=940 width=4)
	        Recheck Cond: ((id >= 6241874) AND (id <= 6242873))
	        ->  Bitmap Index Scan on sbtest7_pkey  (cost=0.00..29.83 rows=940 width=0)
	              Index Cond: ((id >= 6241874) AND (id <= 6242873))

table 8 : explain SELECT SUM(k) FROM sbtest8 WHERE id BETWEEN 9821261 AND 9822260
	Aggregate  (cost=3820.75..3820.76 rows=1 width=8)
	  ->  Bitmap Heap Scan on sbtest8  (cost=30.53..3818.29 rows=985 width=4)
	        Recheck Cond: ((id >= 9821261) AND (id <= 9822260))
	        ->  Bitmap Index Scan on sbtest8_pkey  (cost=0.00..30.29 rows=985 width=0)
	              Index Cond: ((id >= 9821261) AND (id <= 9822260))

for: sum_ranges
table 1 : explain SELECT SUM(k) FROM sbtest1 WHERE id BETWEEN 714539 AND 715538
	Aggregate  (cost=3468.65..3468.66 rows=1 width=8)
	  ->  Bitmap Heap Scan on sbtest1  (cost=29.58..3466.42 rows=892 width=4)
	        Recheck Cond: ((id >= 714539) AND (id <= 715538))
	        ->  Bitmap Index Scan on sbtest1_pkey  (cost=0.00..29.36 rows=892 width=0)
	              Index Cond: ((id >= 714539) AND (id <= 715538))

table 2 : explain SELECT SUM(k) FROM sbtest2 WHERE id BETWEEN 3048738 AND 3049737
	Aggregate  (cost=3926.50..3926.51 rows=1 width=8)
	  ->  Bitmap Heap Scan on sbtest2  (cost=30.82..3923.96 rows=1013 width=4)
	        Recheck Cond: ((id >= 3048738) AND (id <= 3049737))
	        ->  Bitmap Index Scan on sbtest2_pkey  (cost=0.00..30.57 rows=1013 width=0)
	              Index Cond: ((id >= 3048738) AND (id <= 3049737))

table 3 : explain SELECT SUM(k) FROM sbtest3 WHERE id BETWEEN 4818374 AND 4819373
	Aggregate  (cost=3918.68..3918.69 rows=1 width=8)
	  ->  Bitmap Heap Scan on sbtest3  (cost=30.80..3916.16 rows=1011 width=4)
	        Recheck Cond: ((id >= 4818374) AND (id <= 4819373))
	        ->  Bitmap Index Scan on sbtest3_pkey  (cost=0.00..30.54 rows=1011 width=0)
	              Index Cond: ((id >= 4818374) AND (id <= 4819373))

table 4 : explain SELECT SUM(k) FROM sbtest4 WHERE id BETWEEN 8189799 AND 8190798
	Aggregate  (cost=3968.31..3968.32 rows=1 width=8)
	  ->  Bitmap Heap Scan on sbtest4  (cost=30.93..3965.75 rows=1024 width=4)
	        Recheck Cond: ((id >= 8189799) AND (id <= 8190798))
	        ->  Bitmap Index Scan on sbtest4_pkey  (cost=0.00..30.68 rows=1024 width=0)
	              Index Cond: ((id >= 8189799) AND (id <= 8190798))

table 5 : explain SELECT SUM(k) FROM sbtest5 WHERE id BETWEEN 7928654 AND 7929653
	Aggregate  (cost=3937.84..3937.85 rows=1 width=8)
	  ->  Bitmap Heap Scan on sbtest5  (cost=30.85..3935.30 rows=1016 width=4)
	        Recheck Cond: ((id >= 7928654) AND (id <= 7929653))
	        ->  Bitmap Index Scan on sbtest5_pkey  (cost=0.00..30.59 rows=1016 width=0)
	              Index Cond: ((id >= 7928654) AND (id <= 7929653))

table 6 : explain SELECT SUM(k) FROM sbtest6 WHERE id BETWEEN 3798162 AND 3799161
	Aggregate  (cost=3949.04..3949.05 rows=1 width=8)
	  ->  Bitmap Heap Scan on sbtest6  (cost=34.87..3946.49 rows=1018 width=4)
	        Recheck Cond: ((id >= 3798162) AND (id <= 3799161))
	        ->  Bitmap Index Scan on sbtest6_pkey  (cost=0.00..34.62 rows=1018 width=0)
	              Index Cond: ((id >= 3798162) AND (id <= 3799161))

table 7 : explain SELECT SUM(k) FROM sbtest7 WHERE id BETWEEN 9782488 AND 9783487
	Aggregate  (cost=3832.11..3832.12 rows=1 width=8)
	  ->  Bitmap Heap Scan on sbtest7  (cost=30.56..3829.64 rows=988 width=4)
	        Recheck Cond: ((id >= 9782488) AND (id <= 9783487))
	        ->  Bitmap Index Scan on sbtest7_pkey  (cost=0.00..30.32 rows=988 width=0)
	              Index Cond: ((id >= 9782488) AND (id <= 9783487))

table 8 : explain SELECT SUM(k) FROM sbtest8 WHERE id BETWEEN 3389949 AND 3390948
	Aggregate  (cost=3726.23..3726.24 rows=1 width=8)
	  ->  Bitmap Heap Scan on sbtest8  (cost=30.27..3723.83 rows=960 width=4)
	        Recheck Cond: ((id >= 3389949) AND (id <= 3390948))
	        ->  Bitmap Index Scan on sbtest8_pkey  (cost=0.00..30.04 rows=960 width=0)
	              Index Cond: ((id >= 3389949) AND (id <= 3390948))

for: order_ranges
table 1 : explain SELECT c FROM sbtest1 WHERE id BETWEEN 8985380 AND 8986379 ORDER BY c
	Sort  (cost=3863.34..3865.80 rows=984 width=121)
	  Sort Key: c
	  ->  Bitmap Heap Scan on sbtest1  (cost=30.52..3814.42 rows=984 width=121)
	        Recheck Cond: ((id >= 8985380) AND (id <= 8986379))
	        ->  Bitmap Index Scan on sbtest1_pkey  (cost=0.00..30.27 rows=984 width=0)
	              Index Cond: ((id >= 8985380) AND (id <= 8986379))

table 2 : explain SELECT c FROM sbtest2 WHERE id BETWEEN 4760958 AND 4761957 ORDER BY c
	Sort  (cost=3932.40..3934.90 rows=1002 width=121)
	  Sort Key: c
	  ->  Bitmap Heap Scan on sbtest2  (cost=30.71..3882.45 rows=1002 width=121)
	        Recheck Cond: ((id >= 4760958) AND (id <= 4761957))
	        ->  Bitmap Index Scan on sbtest2_pkey  (cost=0.00..30.45 rows=1002 width=0)
	              Index Cond: ((id >= 4760958) AND (id <= 4761957))

table 3 : explain SELECT c FROM sbtest3 WHERE id BETWEEN 1973634 AND 1974633 ORDER BY c
	Sort  (cost=3897.65..3900.13 rows=993 width=121)
	  Sort Key: c
	  ->  Bitmap Heap Scan on sbtest3  (cost=30.61..3848.22 rows=993 width=121)
	        Recheck Cond: ((id >= 1973634) AND (id <= 1974633))
	        ->  Bitmap Index Scan on sbtest3_pkey  (cost=0.00..30.36 rows=993 width=0)
	              Index Cond: ((id >= 1973634) AND (id <= 1974633))

table 4 : explain SELECT c FROM sbtest4 WHERE id BETWEEN 2064360 AND 2065359 ORDER BY c
	Sort  (cost=3629.57..3631.88 rows=923 width=121)
	  Sort Key: c
	  ->  Bitmap Heap Scan on sbtest4  (cost=29.90..3584.11 rows=923 width=121)
	        Recheck Cond: ((id >= 2064360) AND (id <= 2065359))
	        ->  Bitmap Index Scan on sbtest4_pkey  (cost=0.00..29.66 rows=923 width=0)
	              Index Cond: ((id >= 2064360) AND (id <= 2065359))

table 5 : explain SELECT c FROM sbtest5 WHERE id BETWEEN 8826321 AND 8827320 ORDER BY c
	Sort  (cost=3660.06..3662.39 rows=931 width=121)
	  Sort Key: c
	  ->  Bitmap Heap Scan on sbtest5  (cost=29.98..3614.15 rows=931 width=121)
	        Recheck Cond: ((id >= 8826321) AND (id <= 8827320))
	        ->  Bitmap Index Scan on sbtest5_pkey  (cost=0.00..29.75 rows=931 width=0)
	              Index Cond: ((id >= 8826321) AND (id <= 8827320))

table 6 : explain SELECT c FROM sbtest6 WHERE id BETWEEN 9780751 AND 9781750 ORDER BY c
	Sort  (cost=4261.29..4264.01 rows=1087 width=121)
	  Sort Key: c
	  ->  Bitmap Heap Scan on sbtest6  (cost=35.58..4206.47 rows=1087 width=121)
	        Recheck Cond: ((id >= 9780751) AND (id <= 9781750))
	        ->  Bitmap Index Scan on sbtest6_pkey  (cost=0.00..35.31 rows=1087 width=0)
	              Index Cond: ((id >= 9780751) AND (id <= 9781750))

table 7 : explain SELECT c FROM sbtest7 WHERE id BETWEEN 2430915 AND 2431914 ORDER BY c
	Sort  (cost=3652.41..3654.73 rows=929 width=121)
	  Sort Key: c
	  ->  Bitmap Heap Scan on sbtest7  (cost=29.96..3606.61 rows=929 width=121)
	        Recheck Cond: ((id >= 2430915) AND (id <= 2431914))
	        ->  Bitmap Index Scan on sbtest7_pkey  (cost=0.00..29.72 rows=929 width=0)
	              Index Cond: ((id >= 2430915) AND (id <= 2431914))

table 8 : explain SELECT c FROM sbtest8 WHERE id BETWEEN 9099035 AND 9100034 ORDER BY c
	Sort  (cost=4081.94..4084.54 rows=1040 width=121)
	  Sort Key: c
	  ->  Bitmap Heap Scan on sbtest8  (cost=35.09..4029.82 rows=1040 width=121)
	        Recheck Cond: ((id >= 9099035) AND (id <= 9100034))
	        ->  Bitmap Index Scan on sbtest8_pkey  (cost=0.00..34.84 rows=1040 width=0)
	              Index Cond: ((id >= 9099035) AND (id <= 9100034))

for point_selects
table 1 : explain SELECT c FROM sbtest1 WHERE id=6687809
	Index Scan using sbtest1_pkey on sbtest1  (cost=0.43..8.45 rows=1 width=121)
	  Index Cond: (id = 6687809)

table 2 : explain SELECT c FROM sbtest2 WHERE id=5573816
	Index Scan using sbtest2_pkey on sbtest2  (cost=0.43..8.45 rows=1 width=121)
	  Index Cond: (id = 5573816)

table 3 : explain SELECT c FROM sbtest3 WHERE id=7223973
	Index Scan using sbtest3_pkey on sbtest3  (cost=0.43..8.45 rows=1 width=121)
	  Index Cond: (id = 7223973)

table 4 : explain SELECT c FROM sbtest4 WHERE id=701078
	Index Scan using sbtest4_pkey on sbtest4  (cost=0.43..8.45 rows=1 width=121)
	  Index Cond: (id = 701078)

table 5 : explain SELECT c FROM sbtest5 WHERE id=2029684
	Index Scan using sbtest5_pkey on sbtest5  (cost=0.43..8.45 rows=1 width=121)
	  Index Cond: (id = 2029684)

table 6 : explain SELECT c FROM sbtest6 WHERE id=1289627
	Index Scan using sbtest6_pkey on sbtest6  (cost=0.43..8.45 rows=1 width=121)
	  Index Cond: (id = 1289627)

table 7 : explain SELECT c FROM sbtest7 WHERE id=7451206
	Index Scan using sbtest7_pkey on sbtest7  (cost=0.43..8.45 rows=1 width=121)
	  Index Cond: (id = 7451206)

table 8 : explain SELECT c FROM sbtest8 WHERE id=346489
	Index Scan using sbtest8_pkey on sbtest8  (cost=0.43..8.45 rows=1 width=121)
	  Index Cond: (id = 346489)

for: simple_ranges
table 1 : explain SELECT c FROM sbtest1 WHERE id BETWEEN 2312580 AND 2313579
	Bitmap Heap Scan on sbtest1  (cost=30.74..3893.70 rows=1005 width=121)
	  Recheck Cond: ((id >= 2312580) AND (id <= 2313579))
	  ->  Bitmap Index Scan on sbtest1_pkey  (cost=0.00..30.48 rows=1005 width=0)
	        Index Cond: ((id >= 2312580) AND (id <= 2313579))

table 2 : explain SELECT c FROM sbtest2 WHERE id BETWEEN 1291129 AND 1292128
	Bitmap Heap Scan on sbtest2  (cost=35.65..4233.19 rows=1094 width=121)
	  Recheck Cond: ((id >= 1291129) AND (id <= 1292128))
	  ->  Bitmap Index Scan on sbtest2_pkey  (cost=0.00..35.38 rows=1094 width=0)
	        Index Cond: ((id >= 1291129) AND (id <= 1292128))

table 3 : explain SELECT c FROM sbtest3 WHERE id BETWEEN 4287496 AND 4288495
	Bitmap Heap Scan on sbtest3  (cost=30.24..3712.23 rows=957 width=121)
	  Recheck Cond: ((id >= 4287496) AND (id <= 4288495))
	  ->  Bitmap Index Scan on sbtest3_pkey  (cost=0.00..30.00 rows=957 width=0)
	        Index Cond: ((id >= 4287496) AND (id <= 4288495))

table 4 : explain SELECT c FROM sbtest4 WHERE id BETWEEN 4783514 AND 4784513
	Bitmap Heap Scan on sbtest4  (cost=30.19..3693.82 rows=952 width=121)
	  Recheck Cond: ((id >= 4783514) AND (id <= 4784513))
	  ->  Bitmap Index Scan on sbtest4_pkey  (cost=0.00..29.95 rows=952 width=0)
	        Index Cond: ((id >= 4783514) AND (id <= 4784513))

table 5 : explain SELECT c FROM sbtest5 WHERE id BETWEEN 5256234 AND 5257233
	Bitmap Heap Scan on sbtest5  (cost=35.64..4229.45 rows=1093 width=121)
	  Recheck Cond: ((id >= 5256234) AND (id <= 5257233))
	  ->  Bitmap Index Scan on sbtest5_pkey  (cost=0.00..35.37 rows=1093 width=0)
	        Index Cond: ((id >= 5256234) AND (id <= 5257233))

table 6 : explain SELECT c FROM sbtest6 WHERE id BETWEEN 1207967 AND 1208966
	Bitmap Heap Scan on sbtest6  (cost=34.82..3927.63 rows=1013 width=121)
	  Recheck Cond: ((id >= 1207967) AND (id <= 1208966))
	  ->  Bitmap Index Scan on sbtest6_pkey  (cost=0.00..34.57 rows=1013 width=0)
	        Index Cond: ((id >= 1207967) AND (id <= 1208966))

table 7 : explain SELECT c FROM sbtest7 WHERE id BETWEEN 7374337 AND 7375336
	Bitmap Heap Scan on sbtest7  (cost=30.12..3667.14 rows=945 width=121)
	  Recheck Cond: ((id >= 7374337) AND (id <= 7375336))
	  ->  Bitmap Index Scan on sbtest7_pkey  (cost=0.00..29.89 rows=945 width=0)
	        Index Cond: ((id >= 7374337) AND (id <= 7375336))

table 8 : explain SELECT c FROM sbtest8 WHERE id BETWEEN 2963627 AND 2964626
	Bitmap Heap Scan on sbtest8  (cost=30.22..3704.93 rows=955 width=121)
	  Recheck Cond: ((id >= 2963627) AND (id <= 2964626))
	  ->  Bitmap Index Scan on sbtest8_pkey  (cost=0.00..29.98 rows=955 width=0)
	        Index Cond: ((id >= 2963627) AND (id <= 2964626))

for: distinct_ranges
table 1 : explain SELECT DISTINCT c FROM sbtest1 WHERE id BETWEEN 9843063 AND 9844062 ORDER BY c
	Unique  (cost=3974.46..3979.53 rows=1013 width=121)
	  ->  Sort  (cost=3974.46..3977.00 rows=1013 width=121)
	        Sort Key: c
	        ->  Bitmap Heap Scan on sbtest1  (cost=30.82..3923.89 rows=1013 width=121)
	              Recheck Cond: ((id >= 9843063) AND (id <= 9844062))
	              ->  Bitmap Index Scan on sbtest1_pkey  (cost=0.00..30.57 rows=1013 width=0)
	                    Index Cond: ((id >= 9843063) AND (id <= 9844062))

table 2 : explain SELECT DISTINCT c FROM sbtest2 WHERE id BETWEEN 9883701 AND 9884700 ORDER BY c
	Unique  (cost=3763.69..3768.48 rows=958 width=121)
	  ->  Sort  (cost=3763.69..3766.08 rows=958 width=121)
	        Sort Key: c
	        ->  Bitmap Heap Scan on sbtest2  (cost=30.25..3716.25 rows=958 width=121)
	              Recheck Cond: ((id >= 9883701) AND (id <= 9884700))
	              ->  Bitmap Index Scan on sbtest2_pkey  (cost=0.00..30.01 rows=958 width=0)
	                    Index Cond: ((id >= 9883701) AND (id <= 9884700))

table 3 : explain SELECT DISTINCT c FROM sbtest3 WHERE id BETWEEN 5749868 AND 5750867 ORDER BY c
	Unique  (cost=3817.14..3822.00 rows=972 width=121)
	  ->  Sort  (cost=3817.14..3819.57 rows=972 width=121)
	        Sort Key: c
	        ->  Bitmap Heap Scan on sbtest3  (cost=30.40..3768.91 rows=972 width=121)
	              Recheck Cond: ((id >= 5749868) AND (id <= 5750867))
	              ->  Bitmap Index Scan on sbtest3_pkey  (cost=0.00..30.15 rows=972 width=0)
	                    Index Cond: ((id >= 5749868) AND (id <= 5750867))

table 4 : explain SELECT DISTINCT c FROM sbtest4 WHERE id BETWEEN 3435526 AND 3436525 ORDER BY c
	Unique  (cost=4128.13..4133.39 rows=1052 width=121)
	  ->  Sort  (cost=4128.13..4130.76 rows=1052 width=121)
	        Sort Key: c
	        ->  Bitmap Heap Scan on sbtest4  (cost=35.22..4075.32 rows=1052 width=121)
	              Recheck Cond: ((id >= 3435526) AND (id <= 3436525))
	              ->  Bitmap Index Scan on sbtest4_pkey  (cost=0.00..34.95 rows=1052 width=0)
	                    Index Cond: ((id >= 3435526) AND (id <= 3436525))

table 5 : explain SELECT DISTINCT c FROM sbtest5 WHERE id BETWEEN 7482139 AND 7483138 ORDER BY c
	Unique  (cost=3894.09..3899.05 rows=992 width=121)
	  ->  Sort  (cost=3894.09..3896.57 rows=992 width=121)
	        Sort Key: c
	        ->  Bitmap Heap Scan on sbtest5  (cost=30.60..3844.72 rows=992 width=121)
	              Recheck Cond: ((id >= 7482139) AND (id <= 7483138))
	              ->  Bitmap Index Scan on sbtest5_pkey  (cost=0.00..30.36 rows=992 width=0)
	                    Index Cond: ((id >= 7482139) AND (id <= 7483138))

table 6 : explain SELECT DISTINCT c FROM sbtest6 WHERE id BETWEEN 8818947 AND 8819946 ORDER BY c
	Unique  (cost=3920.57..3925.57 rows=999 width=121)
	  ->  Sort  (cost=3920.57..3923.07 rows=999 width=121)
	        Sort Key: c
	        ->  Bitmap Heap Scan on sbtest6  (cost=30.67..3870.80 rows=999 width=121)
	              Recheck Cond: ((id >= 8818947) AND (id <= 8819946))
	              ->  Bitmap Index Scan on sbtest6_pkey  (cost=0.00..30.43 rows=999 width=0)
	                    Index Cond: ((id >= 8818947) AND (id <= 8819946))

table 7 : explain SELECT DISTINCT c FROM sbtest7 WHERE id BETWEEN 1485897 AND 1486896 ORDER BY c
	Unique  (cost=3594.79..3599.36 rows=914 width=121)
	  ->  Sort  (cost=3594.79..3597.07 rows=914 width=121)
	        Sort Key: c
	        ->  Bitmap Heap Scan on sbtest7  (cost=29.80..3549.84 rows=914 width=121)
	              Recheck Cond: ((id >= 1485897) AND (id <= 1486896))
	              ->  Bitmap Index Scan on sbtest7_pkey  (cost=0.00..29.57 rows=914 width=0)
	                    Index Cond: ((id >= 1485897) AND (id <= 1486896))

table 8 : explain SELECT DISTINCT c FROM sbtest8 WHERE id BETWEEN 3364414 AND 3365413 ORDER BY c
	Unique  (cost=3771.39..3776.19 rows=960 width=121)
	  ->  Sort  (cost=3771.39..3773.79 rows=960 width=121)
	        Sort Key: c
	        ->  Bitmap Heap Scan on sbtest8  (cost=30.27..3723.83 rows=960 width=121)
	              Recheck Cond: ((id >= 3364414) AND (id <= 3365413))
	              ->  Bitmap Index Scan on sbtest8_pkey  (cost=0.00..30.04 rows=960 width=0)
	                    Index Cond: ((id >= 3364414) AND (id <= 3365413))

for: order_ranges
table 1 : explain SELECT c FROM sbtest1 WHERE id BETWEEN 7623556 AND 7624555 ORDER BY c
	Sort  (cost=4406.73..4409.54 rows=1125 width=121)
	  Sort Key: c
	  ->  Bitmap Heap Scan on sbtest1  (cost=35.97..4349.71 rows=1125 width=121)
	        Recheck Cond: ((id >= 7623556) AND (id <= 7624555))
	        ->  Bitmap Index Scan on sbtest1_pkey  (cost=0.00..35.69 rows=1125 width=0)
	              Index Cond: ((id >= 7623556) AND (id <= 7624555))

table 2 : explain SELECT c FROM sbtest2 WHERE id BETWEEN 1449568 AND 1450567 ORDER BY c
	Sort  (cost=4104.87..4107.49 rows=1046 width=121)
	  Sort Key: c
	  ->  Bitmap Heap Scan on sbtest2  (cost=35.16..4052.41 rows=1046 width=121)
	        Recheck Cond: ((id >= 1449568) AND (id <= 1450567))
	        ->  Bitmap Index Scan on sbtest2_pkey  (cost=0.00..34.90 rows=1046 width=0)
	              Index Cond: ((id >= 1449568) AND (id <= 1450567))

table 3 : explain SELECT c FROM sbtest3 WHERE id BETWEEN 4554618 AND 4555617 ORDER BY c
	Sort  (cost=3817.14..3819.57 rows=972 width=121)
	  Sort Key: c
	  ->  Bitmap Heap Scan on sbtest3  (cost=30.40..3768.91 rows=972 width=121)
	        Recheck Cond: ((id >= 4554618) AND (id <= 4555617))
	        ->  Bitmap Index Scan on sbtest3_pkey  (cost=0.00..30.15 rows=972 width=0)
	              Index Cond: ((id >= 4554618) AND (id <= 4555617))

table 4 : explain SELECT c FROM sbtest4 WHERE id BETWEEN 8425152 AND 8426151 ORDER BY c
	Sort  (cost=3879.01..3881.48 rows=988 width=121)
	  Sort Key: c
	  ->  Bitmap Heap Scan on sbtest4  (cost=30.56..3829.87 rows=988 width=121)
	        Recheck Cond: ((id >= 8425152) AND (id <= 8426151))
	        ->  Bitmap Index Scan on sbtest4_pkey  (cost=0.00..30.32 rows=988 width=0)
	              Index Cond: ((id >= 8425152) AND (id <= 8426151))

table 5 : explain SELECT c FROM sbtest5 WHERE id BETWEEN 3797769 AND 3798768 ORDER BY c
	Sort  (cost=3448.67..3450.86 rows=876 width=121)
	  Sort Key: c
	  ->  Bitmap Heap Scan on sbtest5  (cost=29.41..3405.85 rows=876 width=121)
	        Recheck Cond: ((id >= 3797769) AND (id <= 3798768))
	        ->  Bitmap Index Scan on sbtest5_pkey  (cost=0.00..29.19 rows=876 width=0)
	              Index Cond: ((id >= 3797769) AND (id <= 3798768))

table 6 : explain SELECT c FROM sbtest6 WHERE id BETWEEN 55081 AND 56080 ORDER BY c
	Sort  (cost=3690.47..3692.82 rows=939 width=121)
	  Sort Key: c
	  ->  Bitmap Heap Scan on sbtest6  (cost=30.06..3644.11 rows=939 width=121)
	        Recheck Cond: ((id >= 55081) AND (id <= 56080))
	        ->  Bitmap Index Scan on sbtest6_pkey  (cost=0.00..29.82 rows=939 width=0)
	              Index Cond: ((id >= 55081) AND (id <= 56080))

table 7 : explain SELECT c FROM sbtest7 WHERE id BETWEEN 8906184 AND 8907183 ORDER BY c
	Sort  (cost=3710.00..3712.36 rows=944 width=121)
	  Sort Key: c
	  ->  Bitmap Heap Scan on sbtest7  (cost=30.11..3663.36 rows=944 width=121)
	        Recheck Cond: ((id >= 8906184) AND (id <= 8907183))
	        ->  Bitmap Index Scan on sbtest7_pkey  (cost=0.00..29.87 rows=944 width=0)
	              Index Cond: ((id >= 8906184) AND (id <= 8907183))

table 8 : explain SELECT c FROM sbtest8 WHERE id BETWEEN 67774 AND 68773 ORDER BY c
	Sort  (cost=3940.08..3942.59 rows=1004 width=121)
	  Sort Key: c
	  ->  Bitmap Heap Scan on sbtest8  (cost=30.73..3890.03 rows=1004 width=121)
	        Recheck Cond: ((id >= 67774) AND (id <= 68773))
	        ->  Bitmap Index Scan on sbtest8_pkey  (cost=0.00..30.47 rows=1004 width=0)
	              Index Cond: ((id >= 67774) AND (id <= 68773))

for: distinct_ranges
table 1 : explain SELECT DISTINCT c FROM sbtest1 WHERE id BETWEEN 6254637 AND 6255636 ORDER BY c
	Unique  (cost=3897.84..3902.80 rows=993 width=121)
	  ->  Sort  (cost=3897.84..3900.32 rows=993 width=121)
	        Sort Key: c
	        ->  Bitmap Heap Scan on sbtest1  (cost=30.61..3848.41 rows=993 width=121)
	              Recheck Cond: ((id >= 6254637) AND (id <= 6255636))
	              ->  Bitmap Index Scan on sbtest1_pkey  (cost=0.00..30.36 rows=993 width=0)
	                    Index Cond: ((id >= 6254637) AND (id <= 6255636))

table 2 : explain SELECT DISTINCT c FROM sbtest2 WHERE id BETWEEN 6555411 AND 6556410 ORDER BY c
	Unique  (cost=3878.74..3883.68 rows=988 width=121)
	  ->  Sort  (cost=3878.74..3881.21 rows=988 width=121)
	        Sort Key: c
	        ->  Bitmap Heap Scan on sbtest2  (cost=30.56..3829.60 rows=988 width=121)
	              Recheck Cond: ((id >= 6555411) AND (id <= 6556410))
	              ->  Bitmap Index Scan on sbtest2_pkey  (cost=0.00..30.32 rows=988 width=0)
	                    Index Cond: ((id >= 6555411) AND (id <= 6556410))

table 3 : explain SELECT DISTINCT c FROM sbtest3 WHERE id BETWEEN 4531647 AND 4532646 ORDER BY c
	Unique  (cost=3817.14..3822.00 rows=972 width=121)
	  ->  Sort  (cost=3817.14..3819.57 rows=972 width=121)
	        Sort Key: c
	        ->  Bitmap Heap Scan on sbtest3  (cost=30.40..3768.91 rows=972 width=121)
	              Recheck Cond: ((id >= 4531647) AND (id <= 4532646))
	              ->  Bitmap Index Scan on sbtest3_pkey  (cost=0.00..30.15 rows=972 width=0)
	                    Index Cond: ((id >= 4531647) AND (id <= 4532646))

table 4 : explain SELECT DISTINCT c FROM sbtest4 WHERE id BETWEEN 9630608 AND 9631607 ORDER BY c
	Unique  (cost=3491.19..3495.63 rows=887 width=121)
	  ->  Sort  (cost=3491.19..3493.41 rows=887 width=121)
	        Sort Key: c
	        ->  Bitmap Heap Scan on sbtest4  (cost=29.53..3447.76 rows=887 width=121)
	              Recheck Cond: ((id >= 9630608) AND (id <= 9631607))
	              ->  Bitmap Index Scan on sbtest4_pkey  (cost=0.00..29.30 rows=887 width=0)
	                    Index Cond: ((id >= 9630608) AND (id <= 9631607))

table 5 : explain SELECT DISTINCT c FROM sbtest5 WHERE id BETWEEN 1842717 AND 1843716 ORDER BY c
	Unique  (cost=3775.21..3780.02 rows=961 width=121)
	  ->  Sort  (cost=3775.21..3777.62 rows=961 width=121)
	        Sort Key: c
	        ->  Bitmap Heap Scan on sbtest5  (cost=30.29..3727.60 rows=961 width=121)
	              Recheck Cond: ((id >= 1842717) AND (id <= 1843716))
	              ->  Bitmap Index Scan on sbtest5_pkey  (cost=0.00..30.04 rows=961 width=0)
	                    Index Cond: ((id >= 1842717) AND (id <= 1843716))

table 6 : explain SELECT DISTINCT c FROM sbtest6 WHERE id BETWEEN 9319619 AND 9320618 ORDER BY c
	Unique  (cost=3602.15..3606.73 rows=916 width=121)
	  ->  Sort  (cost=3602.15..3604.44 rows=916 width=121)
	        Sort Key: c
	        ->  Bitmap Heap Scan on sbtest6  (cost=29.82..3557.08 rows=916 width=121)
	              Recheck Cond: ((id >= 9319619) AND (id <= 9320618))
	              ->  Bitmap Index Scan on sbtest6_pkey  (cost=0.00..29.59 rows=916 width=0)
	                    Index Cond: ((id >= 9319619) AND (id <= 9320618))

table 7 : explain SELECT DISTINCT c FROM sbtest7 WHERE id BETWEEN 8871840 AND 8872839 ORDER BY c
	Unique  (cost=3710.00..3714.72 rows=944 width=121)
	  ->  Sort  (cost=3710.00..3712.36 rows=944 width=121)
	        Sort Key: c
	        ->  Bitmap Heap Scan on sbtest7  (cost=30.11..3663.36 rows=944 width=121)
	              Recheck Cond: ((id >= 8871840) AND (id <= 8872839))
	              ->  Bitmap Index Scan on sbtest7_pkey  (cost=0.00..29.87 rows=944 width=0)
	                    Index Cond: ((id >= 8871840) AND (id <= 8872839))

table 8 : explain SELECT DISTINCT c FROM sbtest8 WHERE id BETWEEN 3839118 AND 3840117 ORDER BY c
	Unique  (cost=3748.36..3753.13 rows=954 width=121)
	  ->  Sort  (cost=3748.36..3750.75 rows=954 width=121)
	        Sort Key: c
	        ->  Bitmap Heap Scan on sbtest8  (cost=30.21..3701.15 rows=954 width=121)
	              Recheck Cond: ((id >= 3839118) AND (id <= 3840117))
	              ->  Bitmap Index Scan on sbtest8_pkey  (cost=0.00..29.97 rows=954 width=0)
	                    Index Cond: ((id >= 3839118) AND (id <= 3840117))

for point_selects
table 1 : explain SELECT c FROM sbtest1 WHERE id=6510290
	Index Scan using sbtest1_pkey on sbtest1  (cost=0.43..8.45 rows=1 width=121)
	  Index Cond: (id = 6510290)

table 2 : explain SELECT c FROM sbtest2 WHERE id=6429155
	Index Scan using sbtest2_pkey on sbtest2  (cost=0.43..8.45 rows=1 width=121)
	  Index Cond: (id = 6429155)

table 3 : explain SELECT c FROM sbtest3 WHERE id=801946
	Index Scan using sbtest3_pkey on sbtest3  (cost=0.43..8.45 rows=1 width=121)
	  Index Cond: (id = 801946)

table 4 : explain SELECT c FROM sbtest4 WHERE id=7506220
	Index Scan using sbtest4_pkey on sbtest4  (cost=0.43..8.45 rows=1 width=121)
	  Index Cond: (id = 7506220)

table 5 : explain SELECT c FROM sbtest5 WHERE id=109699
	Index Scan using sbtest5_pkey on sbtest5  (cost=0.43..8.45 rows=1 width=121)
	  Index Cond: (id = 109699)

table 6 : explain SELECT c FROM sbtest6 WHERE id=3967239
	Index Scan using sbtest6_pkey on sbtest6  (cost=0.43..8.45 rows=1 width=121)
	  Index Cond: (id = 3967239)

table 7 : explain SELECT c FROM sbtest7 WHERE id=7742886
	Index Scan using sbtest7_pkey on sbtest7  (cost=0.43..8.45 rows=1 width=121)
	  Index Cond: (id = 7742886)

table 8 : explain SELECT c FROM sbtest8 WHERE id=1329877
	Index Scan using sbtest8_pkey on sbtest8  (cost=0.43..8.45 rows=1 width=121)
	  Index Cond: (id = 1329877)

for: distinct_ranges
table 1 : explain SELECT DISTINCT c FROM sbtest1 WHERE id BETWEEN 3584052 AND 3585051 ORDER BY c
	Unique  (cost=3625.42..3630.03 rows=922 width=121)
	  ->  Sort  (cost=3625.42..3627.72 rows=922 width=121)
	        Sort Key: c
	        ->  Bitmap Heap Scan on sbtest1  (cost=29.89..3580.02 rows=922 width=121)
	              Recheck Cond: ((id >= 3584052) AND (id <= 3585051))
	              ->  Bitmap Index Scan on sbtest1_pkey  (cost=0.00..29.65 rows=922 width=0)
	                    Index Cond: ((id >= 3584052) AND (id <= 3585051))

table 2 : explain SELECT DISTINCT c FROM sbtest2 WHERE id BETWEEN 9257142 AND 9258141 ORDER BY c
	Unique  (cost=4211.97..4217.34 rows=1074 width=121)
	  ->  Sort  (cost=4211.97..4214.66 rows=1074 width=121)
	        Sort Key: c
	        ->  Bitmap Heap Scan on sbtest2  (cost=35.44..4157.90 rows=1074 width=121)
	              Recheck Cond: ((id >= 9257142) AND (id <= 9258141))
	              ->  Bitmap Index Scan on sbtest2_pkey  (cost=0.00..35.18 rows=1074 width=0)
	                    Index Cond: ((id >= 9257142) AND (id <= 9258141))

table 3 : explain SELECT DISTINCT c FROM sbtest3 WHERE id BETWEEN 6168840 AND 6169839 ORDER BY c
	Unique  (cost=4031.71..4036.85 rows=1028 width=121)
	  ->  Sort  (cost=4031.71..4034.28 rows=1028 width=121)
	        Sort Key: c
	        ->  Bitmap Heap Scan on sbtest3  (cost=30.97..3980.28 rows=1028 width=121)
	              Recheck Cond: ((id >= 6168840) AND (id <= 6169839))
	              ->  Bitmap Index Scan on sbtest3_pkey  (cost=0.00..30.71 rows=1028 width=0)
	                    Index Cond: ((id >= 6168840) AND (id <= 6169839))

table 4 : explain SELECT DISTINCT c FROM sbtest4 WHERE id BETWEEN 5959875 AND 5960874 ORDER BY c
	Unique  (cost=3986.31..3991.39 rows=1016 width=121)
	  ->  Sort  (cost=3986.31..3988.85 rows=1016 width=121)
	        Sort Key: c
	        ->  Bitmap Heap Scan on sbtest4  (cost=30.85..3935.57 rows=1016 width=121)
	              Recheck Cond: ((id >= 5959875) AND (id <= 5960874))
	              ->  Bitmap Index Scan on sbtest4_pkey  (cost=0.00..30.59 rows=1016 width=0)
	                    Index Cond: ((id >= 5959875) AND (id <= 5960874))

table 5 : explain SELECT DISTINCT c FROM sbtest5 WHERE id BETWEEN 5724546 AND 5725545 ORDER BY c
	Unique  (cost=3782.89..3787.70 rows=963 width=121)
	  ->  Sort  (cost=3782.89..3785.29 rows=963 width=121)
	        Sort Key: c
	        ->  Bitmap Heap Scan on sbtest5  (cost=30.31..3735.16 rows=963 width=121)
	              Recheck Cond: ((id >= 5724546) AND (id <= 5725545))
	              ->  Bitmap Index Scan on sbtest5_pkey  (cost=0.00..30.07 rows=963 width=0)
	                    Index Cond: ((id >= 5724546) AND (id <= 5725545))

table 6 : explain SELECT DISTINCT c FROM sbtest6 WHERE id BETWEEN 5696376 AND 5697375 ORDER BY c
	Unique  (cost=3797.90..3802.74 rows=967 width=121)
	  ->  Sort  (cost=3797.90..3800.32 rows=967 width=121)
	        Sort Key: c
	        ->  Bitmap Heap Scan on sbtest6  (cost=30.35..3749.95 rows=967 width=121)
	              Recheck Cond: ((id >= 5696376) AND (id <= 5697375))
	              ->  Bitmap Index Scan on sbtest6_pkey  (cost=0.00..30.11 rows=967 width=0)
	                    Index Cond: ((id >= 5696376) AND (id <= 5697375))

table 7 : explain SELECT DISTINCT c FROM sbtest7 WHERE id BETWEEN 1922237 AND 1923236 ORDER BY c
	Unique  (cost=4120.23..4125.48 rows=1050 width=121)
	  ->  Sort  (cost=4120.23..4122.85 rows=1050 width=121)
	        Sort Key: c
	        ->  Bitmap Heap Scan on sbtest7  (cost=35.20..4067.54 rows=1050 width=121)
	              Recheck Cond: ((id >= 1922237) AND (id <= 1923236))
	              ->  Bitmap Index Scan on sbtest7_pkey  (cost=0.00..34.94 rows=1050 width=0)
	                    Index Cond: ((id >= 1922237) AND (id <= 1923236))

table 8 : explain SELECT DISTINCT c FROM sbtest8 WHERE id BETWEEN 7756651 AND 7757650 ORDER BY c
	Unique  (cost=4307.55..4313.04 rows=1099 width=121)
	  ->  Sort  (cost=4307.55..4310.29 rows=1099 width=121)
	        Sort Key: c
	        ->  Bitmap Heap Scan on sbtest8  (cost=35.70..4252.04 rows=1099 width=121)
	              Recheck Cond: ((id >= 7756651) AND (id <= 7757650))
	              ->  Bitmap Index Scan on sbtest8_pkey  (cost=0.00..35.43 rows=1099 width=0)
	                    Index Cond: ((id >= 7756651) AND (id <= 7757650))

for: sum_ranges
table 1 : explain SELECT SUM(k) FROM sbtest1 WHERE id BETWEEN 7187289 AND 7188288
	Aggregate  (cost=3884.89..3884.90 rows=1 width=8)
	  ->  Bitmap Heap Scan on sbtest1  (cost=30.71..3882.38 rows=1002 width=4)
	        Recheck Cond: ((id >= 7187289) AND (id <= 7188288))
	        ->  Bitmap Index Scan on sbtest1_pkey  (cost=0.00..30.45 rows=1002 width=0)
	              Index Cond: ((id >= 7187289) AND (id <= 7188288))

table 2 : explain SELECT SUM(k) FROM sbtest2 WHERE id BETWEEN 6725788 AND 6726787
	Aggregate  (cost=3529.35..3529.36 rows=1 width=8)
	  ->  Bitmap Heap Scan on sbtest2  (cost=29.74..3527.08 rows=908 width=4)
	        Recheck Cond: ((id >= 6725788) AND (id <= 6726787))
	        ->  Bitmap Index Scan on sbtest2_pkey  (cost=0.00..29.51 rows=908 width=0)
	              Index Cond: ((id >= 6725788) AND (id <= 6726787))

table 3 : explain SELECT SUM(k) FROM sbtest3 WHERE id BETWEEN 7011265 AND 7012264
	Aggregate  (cost=3828.03..3828.04 rows=1 width=8)
	  ->  Bitmap Heap Scan on sbtest3  (cost=30.55..3825.57 rows=987 width=4)
	        Recheck Cond: ((id >= 7011265) AND (id <= 7012264))
	        ->  Bitmap Index Scan on sbtest3_pkey  (cost=0.00..30.30 rows=987 width=0)
	              Index Cond: ((id >= 7011265) AND (id <= 7012264))

table 4 : explain SELECT SUM(k) FROM sbtest4 WHERE id BETWEEN 4258248 AND 4259247
	Aggregate  (cost=4209.88..4209.89 rows=1 width=8)
	  ->  Bitmap Heap Scan on sbtest4  (cost=35.58..4207.16 rows=1087 width=4)
	        Recheck Cond: ((id >= 4258248) AND (id <= 4259247))
	        ->  Bitmap Index Scan on sbtest4_pkey  (cost=0.00..35.31 rows=1087 width=0)
	              Index Cond: ((id >= 4258248) AND (id <= 4259247))

table 5 : explain SELECT SUM(k) FROM sbtest5 WHERE id BETWEEN 2313112 AND 2314111
	Aggregate  (cost=3964.26..3964.27 rows=1 width=8)
	  ->  Bitmap Heap Scan on sbtest5  (cost=30.92..3961.71 rows=1023 width=4)
	        Recheck Cond: ((id >= 2313112) AND (id <= 2314111))
	        ->  Bitmap Index Scan on sbtest5_pkey  (cost=0.00..30.66 rows=1023 width=0)
	              Index Cond: ((id >= 2313112) AND (id <= 2314111))

table 6 : explain SELECT SUM(k) FROM sbtest6 WHERE id BETWEEN 1876307 AND 1877306
	Aggregate  (cost=4062.22..4062.23 rows=1 width=8)
	  ->  Bitmap Heap Scan on sbtest6  (cost=35.18..4059.60 rows=1048 width=4)
	        Recheck Cond: ((id >= 1876307) AND (id <= 1877306))
	        ->  Bitmap Index Scan on sbtest6_pkey  (cost=0.00..34.92 rows=1048 width=0)
	              Index Cond: ((id >= 1876307) AND (id <= 1877306))

table 7 : explain SELECT SUM(k) FROM sbtest7 WHERE id BETWEEN 6407802 AND 6408801
	Aggregate  (cost=4006.04..4006.05 rows=1 width=8)
	  ->  Bitmap Heap Scan on sbtest7  (cost=35.02..4003.45 rows=1033 width=4)
	        Recheck Cond: ((id >= 6407802) AND (id <= 6408801))
	        ->  Bitmap Index Scan on sbtest7_pkey  (cost=0.00..34.77 rows=1033 width=0)
	              Index Cond: ((id >= 6407802) AND (id <= 6408801))

table 8 : explain SELECT SUM(k) FROM sbtest8 WHERE id BETWEEN 1228128 AND 1229127
	Aggregate  (cost=3956.95..3956.96 rows=1 width=8)
	  ->  Bitmap Heap Scan on sbtest8  (cost=34.89..3954.40 rows=1020 width=4)
	        Recheck Cond: ((id >= 1228128) AND (id <= 1229127))
	        ->  Bitmap Index Scan on sbtest8_pkey  (cost=0.00..34.64 rows=1020 width=0)
	              Index Cond: ((id >= 1228128) AND (id <= 1229127))

for: simple_ranges
table 1 : explain SELECT c FROM sbtest1 WHERE id BETWEEN 8701512 AND 8702511
	Bitmap Heap Scan on sbtest1  (cost=30.11..3663.25 rows=944 width=121)
	  Recheck Cond: ((id >= 8701512) AND (id <= 8702511))
	  ->  Bitmap Index Scan on sbtest1_pkey  (cost=0.00..29.87 rows=944 width=0)
	        Index Cond: ((id >= 8701512) AND (id <= 8702511))

table 2 : explain SELECT c FROM sbtest2 WHERE id BETWEEN 2855970 AND 2856969
	Bitmap Heap Scan on sbtest2  (cost=35.70..4252.01 rows=1099 width=121)
	  Recheck Cond: ((id >= 2855970) AND (id <= 2856969))
	  ->  Bitmap Index Scan on sbtest2_pkey  (cost=0.00..35.43 rows=1099 width=0)
	        Index Cond: ((id >= 2855970) AND (id <= 2856969))

table 3 : explain SELECT c FROM sbtest3 WHERE id BETWEEN 3980456 AND 3981455
	Bitmap Heap Scan on sbtest3  (cost=30.19..3693.33 rows=952 width=121)
	  Recheck Cond: ((id >= 3980456) AND (id <= 3981455))
	  ->  Bitmap Index Scan on sbtest3_pkey  (cost=0.00..29.95 rows=952 width=0)
	        Index Cond: ((id >= 3980456) AND (id <= 3981455))

table 4 : explain SELECT c FROM sbtest4 WHERE id BETWEEN 4404120 AND 4405119
	Bitmap Heap Scan on sbtest4  (cost=30.38..3761.87 rows=970 width=121)
	  Recheck Cond: ((id >= 4404120) AND (id <= 4405119))
	  ->  Bitmap Index Scan on sbtest4_pkey  (cost=0.00..30.14 rows=970 width=0)
	        Index Cond: ((id >= 4404120) AND (id <= 4405119))

table 5 : explain SELECT c FROM sbtest5 WHERE id BETWEEN 4767322 AND 4768321
	Bitmap Heap Scan on sbtest5  (cost=30.11..3663.33 rows=944 width=121)
	  Recheck Cond: ((id >= 4767322) AND (id <= 4768321))
	  ->  Bitmap Index Scan on sbtest5_pkey  (cost=0.00..29.87 rows=944 width=0)
	        Index Cond: ((id >= 4767322) AND (id <= 4768321))

table 6 : explain SELECT c FROM sbtest6 WHERE id BETWEEN 3675966 AND 3676965
	Bitmap Heap Scan on sbtest6  (cost=30.44..3783.96 rows=976 width=121)
	  Recheck Cond: ((id >= 3675966) AND (id <= 3676965))
	  ->  Bitmap Index Scan on sbtest6_pkey  (cost=0.00..30.19 rows=976 width=0)
	        Index Cond: ((id >= 3675966) AND (id <= 3676965))

table 7 : explain SELECT c FROM sbtest7 WHERE id BETWEEN 9312356 AND 9313355
	Bitmap Heap Scan on sbtest7  (cost=35.03..4007.22 rows=1034 width=121)
	  Recheck Cond: ((id >= 9312356) AND (id <= 9313355))
	  ->  Bitmap Index Scan on sbtest7_pkey  (cost=0.00..34.78 rows=1034 width=0)
	        Index Cond: ((id >= 9312356) AND (id <= 9313355))

table 8 : explain SELECT c FROM sbtest8 WHERE id BETWEEN 4556719 AND 4557718
	Bitmap Heap Scan on sbtest8  (cost=30.38..3761.63 rows=970 width=121)
	  Recheck Cond: ((id >= 4556719) AND (id <= 4557718))
	  ->  Bitmap Index Scan on sbtest8_pkey  (cost=0.00..30.14 rows=970 width=0)
	        Index Cond: ((id >= 4556719) AND (id <= 4557718))

for: distinct_ranges
table 1 : explain SELECT DISTINCT c FROM sbtest1 WHERE id BETWEEN 698176 AND 699175 ORDER BY c
	Unique  (cost=3510.13..3514.59 rows=892 width=121)
	  ->  Sort  (cost=3510.13..3512.36 rows=892 width=121)
	        Sort Key: c
	        ->  Bitmap Heap Scan on sbtest1  (cost=29.58..3466.42 rows=892 width=121)
	              Recheck Cond: ((id >= 698176) AND (id <= 699175))
	              ->  Bitmap Index Scan on sbtest1_pkey  (cost=0.00..29.36 rows=892 width=0)
	                    Index Cond: ((id >= 698176) AND (id <= 699175))

table 2 : explain SELECT DISTINCT c FROM sbtest2 WHERE id BETWEEN 720774 AND 721773 ORDER BY c
	Unique  (cost=4085.74..4090.94 rows=1041 width=121)
	  ->  Sort  (cost=4085.74..4088.34 rows=1041 width=121)
	        Sort Key: c
	        ->  Bitmap Heap Scan on sbtest2  (cost=35.11..4033.57 rows=1041 width=121)
	              Recheck Cond: ((id >= 720774) AND (id <= 721773))
	              ->  Bitmap Index Scan on sbtest2_pkey  (cost=0.00..34.84 rows=1041 width=0)
	                    Index Cond: ((id >= 720774) AND (id <= 721773))

table 3 : explain SELECT DISTINCT c FROM sbtest3 WHERE id BETWEEN 1896146 AND 1897145 ORDER BY c
	Unique  (cost=3828.65..3833.52 rows=975 width=121)
	  ->  Sort  (cost=3828.65..3831.09 rows=975 width=121)
	        Sort Key: c
	        ->  Bitmap Heap Scan on sbtest3  (cost=30.43..3780.24 rows=975 width=121)
	              Recheck Cond: ((id >= 1896146) AND (id <= 1897145))
	              ->  Bitmap Index Scan on sbtest3_pkey  (cost=0.00..30.18 rows=975 width=0)
	                    Index Cond: ((id >= 1896146) AND (id <= 1897145))

table 4 : explain SELECT DISTINCT c FROM sbtest4 WHERE id BETWEEN 22268 AND 23267 ORDER BY c
	Unique  (cost=3974.82..3979.88 rows=1013 width=121)
	  ->  Sort  (cost=3974.82..3977.35 rows=1013 width=121)
	        Sort Key: c
	        ->  Bitmap Heap Scan on sbtest4  (cost=30.82..3924.25 rows=1013 width=121)
	              Recheck Cond: ((id >= 22268) AND (id <= 23267))
	              ->  Bitmap Index Scan on sbtest4_pkey  (cost=0.00..30.57 rows=1013 width=0)
	                    Index Cond: ((id >= 22268) AND (id <= 23267))

table 5 : explain SELECT DISTINCT c FROM sbtest5 WHERE id BETWEEN 2541392 AND 2542391 ORDER BY c
	Unique  (cost=3894.09..3899.05 rows=992 width=121)
	  ->  Sort  (cost=3894.09..3896.57 rows=992 width=121)
	        Sort Key: c
	        ->  Bitmap Heap Scan on sbtest5  (cost=30.60..3844.72 rows=992 width=121)
	              Recheck Cond: ((id >= 2541392) AND (id <= 2542391))
	              ->  Bitmap Index Scan on sbtest5_pkey  (cost=0.00..30.36 rows=992 width=0)
	                    Index Cond: ((id >= 2541392) AND (id <= 2542391))

table 6 : explain SELECT DISTINCT c FROM sbtest6 WHERE id BETWEEN 6348838 AND 6349837 ORDER BY c
	Unique  (cost=3989.69..3994.77 rows=1016 width=121)
	  ->  Sort  (cost=3989.69..3992.23 rows=1016 width=121)
	        Sort Key: c
	        ->  Bitmap Heap Scan on sbtest6  (cost=34.85..3938.95 rows=1016 width=121)
	              Recheck Cond: ((id >= 6348838) AND (id <= 6349837))
	              ->  Bitmap Index Scan on sbtest6_pkey  (cost=0.00..34.59 rows=1016 width=0)
	                    Index Cond: ((id >= 6348838) AND (id <= 6349837))

table 7 : explain SELECT DISTINCT c FROM sbtest7 WHERE id BETWEEN 1657336 AND 1658335 ORDER BY c
	Unique  (cost=4212.02..4217.39 rows=1074 width=121)
	  ->  Sort  (cost=4212.02..4214.71 rows=1074 width=121)
	        Sort Key: c
	        ->  Bitmap Heap Scan on sbtest7  (cost=35.44..4157.95 rows=1074 width=121)
	              Recheck Cond: ((id >= 1657336) AND (id <= 1658335))
	              ->  Bitmap Index Scan on sbtest7_pkey  (cost=0.00..35.18 rows=1074 width=0)
	                    Index Cond: ((id >= 1657336) AND (id <= 1658335))

table 8 : explain SELECT DISTINCT c FROM sbtest8 WHERE id BETWEEN 4351492 AND 4352491 ORDER BY c
	Unique  (cost=3997.54..4002.64 rows=1019 width=121)
	  ->  Sort  (cost=3997.54..4000.09 rows=1019 width=121)
	        Sort Key: c
	        ->  Bitmap Heap Scan on sbtest8  (cost=30.88..3946.63 rows=1019 width=121)
	              Recheck Cond: ((id >= 4351492) AND (id <= 4352491))
	              ->  Bitmap Index Scan on sbtest8_pkey  (cost=0.00..30.62 rows=1019 width=0)
	                    Index Cond: ((id >= 4351492) AND (id <= 4352491))

for: order_ranges
table 1 : explain SELECT c FROM sbtest1 WHERE id BETWEEN 4231958 AND 4232957 ORDER BY c
	Sort  (cost=4020.42..4022.98 rows=1025 width=121)
	  Sort Key: c
	  ->  Bitmap Heap Scan on sbtest1  (cost=30.94..3969.16 rows=1025 width=121)
	        Recheck Cond: ((id >= 4231958) AND (id <= 4232957))
	        ->  Bitmap Index Scan on sbtest1_pkey  (cost=0.00..30.68 rows=1025 width=0)
	              Index Cond: ((id >= 4231958) AND (id <= 4232957))

table 2 : explain SELECT c FROM sbtest2 WHERE id BETWEEN 7172186 AND 7173185 ORDER BY c
	Sort  (cost=3940.06..3942.57 rows=1004 width=121)
	  Sort Key: c
	  ->  Bitmap Heap Scan on sbtest2  (cost=30.73..3890.00 rows=1004 width=121)
	        Recheck Cond: ((id >= 7172186) AND (id <= 7173185))
	        ->  Bitmap Index Scan on sbtest2_pkey  (cost=0.00..30.47 rows=1004 width=0)
	              Index Cond: ((id >= 7172186) AND (id <= 7173185))

table 3 : explain SELECT c FROM sbtest3 WHERE id BETWEEN 2872007 AND 2873006 ORDER BY c
	Sort  (cost=3609.89..3612.18 rows=918 width=121)
	  Sort Key: c
	  ->  Bitmap Heap Scan on sbtest3  (cost=29.84..3564.71 rows=918 width=121)
	        Recheck Cond: ((id >= 2872007) AND (id <= 2873006))
	        ->  Bitmap Index Scan on sbtest3_pkey  (cost=0.00..29.61 rows=918 width=0)
	              Index Cond: ((id >= 2872007) AND (id <= 2873006))

table 4 : explain SELECT c FROM sbtest4 WHERE id BETWEEN 3337560 AND 3338559 ORDER BY c
	Sort  (cost=3660.30..3662.62 rows=931 width=121)
	  Sort Key: c
	  ->  Bitmap Heap Scan on sbtest4  (cost=29.98..3614.39 rows=931 width=121)
	        Recheck Cond: ((id >= 3337560) AND (id <= 3338559))
	        ->  Bitmap Index Scan on sbtest4_pkey  (cost=0.00..29.75 rows=931 width=0)
	              Index Cond: ((id >= 3337560) AND (id <= 3338559))

table 5 : explain SELECT c FROM sbtest5 WHERE id BETWEEN 61318 AND 62317 ORDER BY c
	Sort  (cost=3924.75..3927.25 rows=1000 width=121)
	  Sort Key: c
	  ->  Bitmap Heap Scan on sbtest5  (cost=30.68..3874.92 rows=1000 width=121)
	        Recheck Cond: ((id >= 61318) AND (id <= 62317))
	        ->  Bitmap Index Scan on sbtest5_pkey  (cost=0.00..30.43 rows=1000 width=0)
	              Index Cond: ((id >= 61318) AND (id <= 62317))

table 6 : explain SELECT c FROM sbtest6 WHERE id BETWEEN 970221 AND 971220 ORDER BY c
	Sort  (cost=4035.64..4038.21 rows=1028 width=121)
	  Sort Key: c
	  ->  Bitmap Heap Scan on sbtest6  (cost=34.97..3984.21 rows=1028 width=121)
	        Recheck Cond: ((id >= 970221) AND (id <= 971220))
	        ->  Bitmap Index Scan on sbtest6_pkey  (cost=0.00..34.72 rows=1028 width=0)
	              Index Cond: ((id >= 970221) AND (id <= 971220))

table 7 : explain SELECT c FROM sbtest7 WHERE id BETWEEN 5845192 AND 5846191 ORDER BY c
	Sort  (cost=3759.89..3762.29 rows=957 width=121)
	  Sort Key: c
	  ->  Bitmap Heap Scan on sbtest7  (cost=30.24..3712.51 rows=957 width=121)
	        Recheck Cond: ((id >= 5845192) AND (id <= 5846191))
	        ->  Bitmap Index Scan on sbtest7_pkey  (cost=0.00..30.00 rows=957 width=0)
	              Index Cond: ((id >= 5845192) AND (id <= 5846191))

table 8 : explain SELECT c FROM sbtest8 WHERE id BETWEEN 1158946 AND 1159945 ORDER BY c
	Sort  (cost=3721.50..3723.87 rows=947 width=121)
	  Sort Key: c
	  ->  Bitmap Heap Scan on sbtest8  (cost=30.14..3674.68 rows=947 width=121)
	        Recheck Cond: ((id >= 1158946) AND (id <= 1159945))
	        ->  Bitmap Index Scan on sbtest8_pkey  (cost=0.00..29.90 rows=947 width=0)
	              Index Cond: ((id >= 1158946) AND (id <= 1159945))

for: simple_ranges
table 1 : explain SELECT c FROM sbtest1 WHERE id BETWEEN 3839196 AND 3840195
	Bitmap Heap Scan on sbtest1  (cost=30.74..3893.70 rows=1005 width=121)
	  Recheck Cond: ((id >= 3839196) AND (id <= 3840195))
	  ->  Bitmap Index Scan on sbtest1_pkey  (cost=0.00..30.48 rows=1005 width=0)
	        Index Cond: ((id >= 3839196) AND (id <= 3840195))

table 2 : explain SELECT c FROM sbtest2 WHERE id BETWEEN 8222166 AND 8223165
	Bitmap Heap Scan on sbtest2  (cost=30.35..3750.26 rows=967 width=121)
	  Recheck Cond: ((id >= 8222166) AND (id <= 8223165))
	  ->  Bitmap Index Scan on sbtest2_pkey  (cost=0.00..30.11 rows=967 width=0)
	        Index Cond: ((id >= 8222166) AND (id <= 8223165))

table 3 : explain SELECT c FROM sbtest3 WHERE id BETWEEN 3754292 AND 3755291
	Bitmap Heap Scan on sbtest3  (cost=30.74..3893.51 rows=1005 width=121)
	  Recheck Cond: ((id >= 3754292) AND (id <= 3755291))
	  ->  Bitmap Index Scan on sbtest3_pkey  (cost=0.00..30.48 rows=1005 width=0)
	        Index Cond: ((id >= 3754292) AND (id <= 3755291))

table 4 : explain SELECT c FROM sbtest4 WHERE id BETWEEN 6248375 AND 6249374
	Bitmap Heap Scan on sbtest4  (cost=35.18..4060.25 rows=1048 width=121)
	  Recheck Cond: ((id >= 6248375) AND (id <= 6249374))
	  ->  Bitmap Index Scan on sbtest4_pkey  (cost=0.00..34.92 rows=1048 width=0)
	        Index Cond: ((id >= 6248375) AND (id <= 6249374))

table 5 : explain SELECT c FROM sbtest5 WHERE id BETWEEN 7537258 AND 7538257
	Bitmap Heap Scan on sbtest5  (cost=35.40..4142.85 rows=1070 width=121)
	  Recheck Cond: ((id >= 7537258) AND (id <= 7538257))
	  ->  Bitmap Index Scan on sbtest5_pkey  (cost=0.00..35.14 rows=1070 width=0)
	        Index Cond: ((id >= 7537258) AND (id <= 7538257))

table 6 : explain SELECT c FROM sbtest6 WHERE id BETWEEN 9658402 AND 9659401
	Bitmap Heap Scan on sbtest6  (cost=30.35..3749.95 rows=967 width=121)
	  Recheck Cond: ((id >= 9658402) AND (id <= 9659401))
	  ->  Bitmap Index Scan on sbtest6_pkey  (cost=0.00..30.11 rows=967 width=0)
	        Index Cond: ((id >= 9658402) AND (id <= 9659401))

table 7 : explain SELECT c FROM sbtest7 WHERE id BETWEEN 7613206 AND 7614205
	Bitmap Heap Scan on sbtest7  (cost=30.65..3863.62 rows=997 width=121)
	  Recheck Cond: ((id >= 7613206) AND (id <= 7614205))
	  ->  Bitmap Index Scan on sbtest7_pkey  (cost=0.00..30.40 rows=997 width=0)
	        Index Cond: ((id >= 7613206) AND (id <= 7614205))

table 8 : explain SELECT c FROM sbtest8 WHERE id BETWEEN 7940892 AND 7941891
	Bitmap Heap Scan on sbtest8  (cost=30.81..3920.22 rows=1012 width=121)
	  Recheck Cond: ((id >= 7940892) AND (id <= 7941891))
	  ->  Bitmap Index Scan on sbtest8_pkey  (cost=0.00..30.55 rows=1012 width=0)
	        Index Cond: ((id >= 7940892) AND (id <= 7941891))

for: order_ranges
table 1 : explain SELECT c FROM sbtest1 WHERE id BETWEEN 6138522 AND 6139521 ORDER BY c
	Sort  (cost=4253.94..4256.65 rows=1085 width=121)
	  Sort Key: c
	  ->  Bitmap Heap Scan on sbtest1  (cost=35.56..4199.24 rows=1085 width=121)
	        Recheck Cond: ((id >= 6138522) AND (id <= 6139521))
	        ->  Bitmap Index Scan on sbtest1_pkey  (cost=0.00..35.29 rows=1085 width=0)
	              Index Cond: ((id >= 6138522) AND (id <= 6139521))

table 2 : explain SELECT c FROM sbtest2 WHERE id BETWEEN 4061950 AND 4062949 ORDER BY c
	Sort  (cost=3660.05..3662.38 rows=931 width=121)
	  Sort Key: c
	  ->  Bitmap Heap Scan on sbtest2  (cost=29.98..3614.14 rows=931 width=121)
	        Recheck Cond: ((id >= 4061950) AND (id <= 4062949))
	        ->  Bitmap Index Scan on sbtest2_pkey  (cost=0.00..29.75 rows=931 width=0)
	              Index Cond: ((id >= 4061950) AND (id <= 4062949))

table 3 : explain SELECT c FROM sbtest3 WHERE id BETWEEN 1095537 AND 1096536 ORDER BY c
	Sort  (cost=4096.77..4099.38 rows=1045 width=121)
	  Sort Key: c
	  ->  Bitmap Heap Scan on sbtest3  (cost=31.15..4044.37 rows=1045 width=121)
	        Recheck Cond: ((id >= 1095537) AND (id <= 1096536))
	        ->  Bitmap Index Scan on sbtest3_pkey  (cost=0.00..30.89 rows=1045 width=0)
	              Index Cond: ((id >= 1095537) AND (id <= 1096536))

table 4 : explain SELECT c FROM sbtest4 WHERE id BETWEEN 8863516 AND 8864515 ORDER BY c
	Sort  (cost=3806.15..3808.57 rows=969 width=121)
	  Sort Key: c
	  ->  Bitmap Heap Scan on sbtest4  (cost=30.37..3758.09 rows=969 width=121)
	        Recheck Cond: ((id >= 8863516) AND (id <= 8864515))
	        ->  Bitmap Index Scan on sbtest4_pkey  (cost=0.00..30.12 rows=969 width=0)
	              Index Cond: ((id >= 8863516) AND (id <= 8864515))

table 5 : explain SELECT c FROM sbtest5 WHERE id BETWEEN 5923679 AND 5924678 ORDER BY c
	Sort  (cost=4139.32..4141.96 rows=1055 width=121)
	  Sort Key: c
	  ->  Bitmap Heap Scan on sbtest5  (cost=35.25..4086.35 rows=1055 width=121)
	        Recheck Cond: ((id >= 5923679) AND (id <= 5924678))
	        ->  Bitmap Index Scan on sbtest5_pkey  (cost=0.00..34.98 rows=1055 width=0)
	              Index Cond: ((id >= 5923679) AND (id <= 5924678))

table 6 : explain SELECT c FROM sbtest6 WHERE id BETWEEN 7623015 AND 7624014 ORDER BY c
	Sort  (cost=4299.50..4302.24 rows=1097 width=121)
	  Sort Key: c
	  ->  Bitmap Heap Scan on sbtest6  (cost=35.68..4244.10 rows=1097 width=121)
	        Recheck Cond: ((id >= 7623015) AND (id <= 7624014))
	        ->  Bitmap Index Scan on sbtest6_pkey  (cost=0.00..35.41 rows=1097 width=0)
	              Index Cond: ((id >= 7623015) AND (id <= 7624014))

table 7 : explain SELECT c FROM sbtest7 WHERE id BETWEEN 8235641 AND 8236640 ORDER BY c
	Sort  (cost=4124.05..4126.68 rows=1051 width=121)
	  Sort Key: c
	  ->  Bitmap Heap Scan on sbtest7  (cost=35.21..4071.31 rows=1051 width=121)
	        Recheck Cond: ((id >= 8235641) AND (id <= 8236640))
	        ->  Bitmap Index Scan on sbtest7_pkey  (cost=0.00..34.95 rows=1051 width=0)
	              Index Cond: ((id >= 8235641) AND (id <= 8236640))

table 8 : explain SELECT c FROM sbtest8 WHERE id BETWEEN 8945925 AND 8946924 ORDER BY c
	Sort  (cost=4173.76..4176.42 rows=1064 width=121)
	  Sort Key: c
	  ->  Bitmap Heap Scan on sbtest8  (cost=35.34..4120.27 rows=1064 width=121)
	        Recheck Cond: ((id >= 8945925) AND (id <= 8946924))
	        ->  Bitmap Index Scan on sbtest8_pkey  (cost=0.00..35.08 rows=1064 width=0)
	              Index Cond: ((id >= 8945925) AND (id <= 8946924))

for: sum_ranges
table 1 : explain SELECT SUM(k) FROM sbtest1 WHERE id BETWEEN 5141039 AND 5142038
	Aggregate  (cost=3540.65..3540.66 rows=1 width=8)
	  ->  Bitmap Heap Scan on sbtest1  (cost=29.77..3538.38 rows=911 width=4)
	        Recheck Cond: ((id >= 5141039) AND (id <= 5142038))
	        ->  Bitmap Index Scan on sbtest1_pkey  (cost=0.00..29.54 rows=911 width=0)
	              Index Cond: ((id >= 5141039) AND (id <= 5142038))

table 2 : explain SELECT SUM(k) FROM sbtest2 WHERE id BETWEEN 1813493 AND 1814492
	Aggregate  (cost=3813.17..3813.18 rows=1 width=8)
	  ->  Bitmap Heap Scan on sbtest2  (cost=30.51..3810.71 rows=983 width=4)
	        Recheck Cond: ((id >= 1813493) AND (id <= 1814492))
	        ->  Bitmap Index Scan on sbtest2_pkey  (cost=0.00..30.26 rows=983 width=0)
	              Index Cond: ((id >= 1813493) AND (id <= 1814492))

table 3 : explain SELECT SUM(k) FROM sbtest3 WHERE id BETWEEN 9002957 AND 9003956
	Aggregate  (cost=3710.84..3710.85 rows=1 width=8)
	  ->  Bitmap Heap Scan on sbtest3  (cost=30.23..3708.45 rows=956 width=4)
	        Recheck Cond: ((id >= 9002957) AND (id <= 9003956))
	        ->  Bitmap Index Scan on sbtest3_pkey  (cost=0.00..30.00 rows=956 width=0)
	              Index Cond: ((id >= 9002957) AND (id <= 9003956))

table 4 : explain SELECT SUM(k) FROM sbtest4 WHERE id BETWEEN 9905351 AND 9906350
	Aggregate  (cost=3809.66..3809.67 rows=1 width=8)
	  ->  Bitmap Heap Scan on sbtest4  (cost=30.50..3807.20 rows=982 width=4)
	        Recheck Cond: ((id >= 9905351) AND (id <= 9906350))
	        ->  Bitmap Index Scan on sbtest4_pkey  (cost=0.00..30.25 rows=982 width=0)
	              Index Cond: ((id >= 9905351) AND (id <= 9906350))

table 5 : explain SELECT SUM(k) FROM sbtest5 WHERE id BETWEEN 9412966 AND 9413965
	Aggregate  (cost=3779.16..3779.17 rows=1 width=8)
	  ->  Bitmap Heap Scan on sbtest5  (cost=30.42..3776.73 rows=974 width=4)
	        Recheck Cond: ((id >= 9412966) AND (id <= 9413965))
	        ->  Bitmap Index Scan on sbtest5_pkey  (cost=0.00..30.18 rows=974 width=0)
	              Index Cond: ((id >= 9412966) AND (id <= 9413965))

table 6 : explain SELECT SUM(k) FROM sbtest6 WHERE id BETWEEN 1116958 AND 1117957
	Aggregate  (cost=3706.99..3707.00 rows=1 width=8)
	  ->  Bitmap Heap Scan on sbtest6  (cost=30.22..3704.60 rows=955 width=4)
	        Recheck Cond: ((id >= 1116958) AND (id <= 1117957))
	        ->  Bitmap Index Scan on sbtest6_pkey  (cost=0.00..29.98 rows=955 width=0)
	              Index Cond: ((id >= 1116958) AND (id <= 1117957))

table 7 : explain SELECT SUM(k) FROM sbtest7 WHERE id BETWEEN 1828697 AND 1829696
	Aggregate  (cost=3578.64..3578.65 rows=1 width=8)
	  ->  Bitmap Heap Scan on sbtest7  (cost=29.88..3576.34 rows=921 width=4)
	        Recheck Cond: ((id >= 1828697) AND (id <= 1829696))
	        ->  Bitmap Index Scan on sbtest7_pkey  (cost=0.00..29.64 rows=921 width=0)
	              Index Cond: ((id >= 1828697) AND (id <= 1829696))

table 8 : explain SELECT SUM(k) FROM sbtest8 WHERE id BETWEEN 9400152 AND 9401151
	Aggregate  (cost=4089.00..4089.01 rows=1 width=8)
	  ->  Bitmap Heap Scan on sbtest8  (cost=35.25..4086.36 rows=1055 width=4)
	        Recheck Cond: ((id >= 9400152) AND (id <= 9401151))
	        ->  Bitmap Index Scan on sbtest8_pkey  (cost=0.00..34.98 rows=1055 width=0)
	              Index Cond: ((id >= 9400152) AND (id <= 9401151))

for: distinct_ranges
table 1 : explain SELECT DISTINCT c FROM sbtest1 WHERE id BETWEEN 8176093 AND 8177092 ORDER BY c
	Unique  (cost=3905.50..3910.48 rows=995 width=121)
	  ->  Sort  (cost=3905.50..3907.99 rows=995 width=121)
	        Sort Key: c
	        ->  Bitmap Heap Scan on sbtest1  (cost=30.63..3855.96 rows=995 width=121)
	              Recheck Cond: ((id >= 8176093) AND (id <= 8177092))
	              ->  Bitmap Index Scan on sbtest1_pkey  (cost=0.00..30.39 rows=995 width=0)
	                    Index Cond: ((id >= 8176093) AND (id <= 8177092))

table 2 : explain SELECT DISTINCT c FROM sbtest2 WHERE id BETWEEN 6924217 AND 6925216 ORDER BY c
	Unique  (cost=3660.05..3664.70 rows=931 width=121)
	  ->  Sort  (cost=3660.05..3662.38 rows=931 width=121)
	        Sort Key: c
	        ->  Bitmap Heap Scan on sbtest2  (cost=29.98..3614.14 rows=931 width=121)
	              Recheck Cond: ((id >= 6924217) AND (id <= 6925216))
	              ->  Bitmap Index Scan on sbtest2_pkey  (cost=0.00..29.75 rows=931 width=0)
	                    Index Cond: ((id >= 6924217) AND (id <= 6925216))

table 3 : explain SELECT DISTINCT c FROM sbtest3 WHERE id BETWEEN 8105541 AND 8106540 ORDER BY c
	Unique  (cost=4142.85..4148.13 rows=1056 width=121)
	  ->  Sort  (cost=4142.85..4145.49 rows=1056 width=121)
	        Sort Key: c
	        ->  Bitmap Heap Scan on sbtest3  (cost=35.26..4089.82 rows=1056 width=121)
	              Recheck Cond: ((id >= 8105541) AND (id <= 8106540))
	              ->  Bitmap Index Scan on sbtest3_pkey  (cost=0.00..35.00 rows=1056 width=0)
	                    Index Cond: ((id >= 8105541) AND (id <= 8106540))

table 4 : explain SELECT DISTINCT c FROM sbtest4 WHERE id BETWEEN 8369227 AND 8370226 ORDER BY c
	Unique  (cost=3879.01..3883.95 rows=988 width=121)
	  ->  Sort  (cost=3879.01..3881.48 rows=988 width=121)
	        Sort Key: c
	        ->  Bitmap Heap Scan on sbtest4  (cost=30.56..3829.87 rows=988 width=121)
	              Recheck Cond: ((id >= 8369227) AND (id <= 8370226))
	              ->  Bitmap Index Scan on sbtest4_pkey  (cost=0.00..30.32 rows=988 width=0)
	                    Index Cond: ((id >= 8369227) AND (id <= 8370226))

table 5 : explain SELECT DISTINCT c FROM sbtest5 WHERE id BETWEEN 6619941 AND 6620940 ORDER BY c
	Unique  (cost=4131.67..4136.94 rows=1053 width=121)
	  ->  Sort  (cost=4131.67..4134.31 rows=1053 width=121)
	        Sort Key: c
	        ->  Bitmap Heap Scan on sbtest5  (cost=35.23..4078.81 rows=1053 width=121)
	              Recheck Cond: ((id >= 6619941) AND (id <= 6620940))
	              ->  Bitmap Index Scan on sbtest5_pkey  (cost=0.00..34.97 rows=1053 width=0)
	                    Index Cond: ((id >= 6619941) AND (id <= 6620940))

table 6 : explain SELECT DISTINCT c FROM sbtest6 WHERE id BETWEEN 5782702 AND 5783701 ORDER BY c
	Unique  (cost=3456.08..3460.47 rows=878 width=121)
	  ->  Sort  (cost=3456.08..3458.27 rows=878 width=121)
	        Sort Key: c
	        ->  Bitmap Heap Scan on sbtest6  (cost=29.43..3413.15 rows=878 width=121)
	              Recheck Cond: ((id >= 5782702) AND (id <= 5783701))
	              ->  Bitmap Index Scan on sbtest6_pkey  (cost=0.00..29.21 rows=878 width=0)
	                    Index Cond: ((id >= 5782702) AND (id <= 5783701))

table 7 : explain SELECT DISTINCT c FROM sbtest7 WHERE id BETWEEN 8343804 AND 8344803 ORDER BY c
	Unique  (cost=3844.28..3849.18 rows=979 width=121)
	  ->  Sort  (cost=3844.28..3846.73 rows=979 width=121)
	        Sort Key: c
	        ->  Bitmap Heap Scan on sbtest7  (cost=30.47..3795.65 rows=979 width=121)
	              Recheck Cond: ((id >= 8343804) AND (id <= 8344803))
	              ->  Bitmap Index Scan on sbtest7_pkey  (cost=0.00..30.22 rows=979 width=0)
	                    Index Cond: ((id >= 8343804) AND (id <= 8344803))

table 8 : explain SELECT DISTINCT c FROM sbtest8 WHERE id BETWEEN 5734942 AND 5735941 ORDER BY c
	Unique  (cost=4361.02..4366.59 rows=1113 width=121)
	  ->  Sort  (cost=4361.02..4363.80 rows=1113 width=121)
	        Sort Key: c
	        ->  Bitmap Heap Scan on sbtest8  (cost=35.84..4304.70 rows=1113 width=121)
	              Recheck Cond: ((id >= 5734942) AND (id <= 5735941))
	              ->  Bitmap Index Scan on sbtest8_pkey  (cost=0.00..35.57 rows=1113 width=0)
	                    Index Cond: ((id >= 5734942) AND (id <= 5735941))

for: distinct_ranges
table 1 : explain SELECT DISTINCT c FROM sbtest1 WHERE id BETWEEN 8924152 AND 8925151 ORDER BY c
	Unique  (cost=3863.34..3868.26 rows=984 width=121)
	  ->  Sort  (cost=3863.34..3865.80 rows=984 width=121)
	        Sort Key: c
	        ->  Bitmap Heap Scan on sbtest1  (cost=30.52..3814.42 rows=984 width=121)
	              Recheck Cond: ((id >= 8924152) AND (id <= 8925151))
	              ->  Bitmap Index Scan on sbtest1_pkey  (cost=0.00..30.27 rows=984 width=0)
	                    Index Cond: ((id >= 8924152) AND (id <= 8925151))

table 2 : explain SELECT DISTINCT c FROM sbtest2 WHERE id BETWEEN 3437011 AND 3438010 ORDER BY c
	Unique  (cost=4005.17..4010.28 rows=1021 width=121)
	  ->  Sort  (cost=4005.17..4007.73 rows=1021 width=121)
	        Sort Key: c
	        ->  Bitmap Heap Scan on sbtest2  (cost=30.90..3954.15 rows=1021 width=121)
	              Recheck Cond: ((id >= 3437011) AND (id <= 3438010))
	              ->  Bitmap Index Scan on sbtest2_pkey  (cost=0.00..30.64 rows=1021 width=0)
	                    Index Cond: ((id >= 3437011) AND (id <= 3438010))

table 3 : explain SELECT DISTINCT c FROM sbtest3 WHERE id BETWEEN 1039229 AND 1040228 ORDER BY c
	Unique  (cost=4096.77..4102.00 rows=1045 width=121)
	  ->  Sort  (cost=4096.77..4099.38 rows=1045 width=121)
	        Sort Key: c
	        ->  Bitmap Heap Scan on sbtest3  (cost=31.15..4044.37 rows=1045 width=121)
	              Recheck Cond: ((id >= 1039229) AND (id <= 1040228))
	              ->  Bitmap Index Scan on sbtest3_pkey  (cost=0.00..30.89 rows=1045 width=0)
	                    Index Cond: ((id >= 1039229) AND (id <= 1040228))

table 4 : explain SELECT DISTINCT c FROM sbtest4 WHERE id BETWEEN 9829668 AND 9830667 ORDER BY c
	Unique  (cost=3928.84..3933.85 rows=1001 width=121)
	  ->  Sort  (cost=3928.84..3931.34 rows=1001 width=121)
	        Sort Key: c
	        ->  Bitmap Heap Scan on sbtest4  (cost=30.70..3878.95 rows=1001 width=121)
	              Recheck Cond: ((id >= 9829668) AND (id <= 9830667))
	              ->  Bitmap Index Scan on sbtest4_pkey  (cost=0.00..30.44 rows=1001 width=0)
	                    Index Cond: ((id >= 9829668) AND (id <= 9830667))

table 5 : explain SELECT DISTINCT c FROM sbtest5 WHERE id BETWEEN 9755883 AND 9756882 ORDER BY c
	Unique  (cost=3978.38..3983.45 rows=1014 width=121)
	  ->  Sort  (cost=3978.38..3980.92 rows=1014 width=121)
	        Sort Key: c
	        ->  Bitmap Heap Scan on sbtest5  (cost=30.83..3927.75 rows=1014 width=121)
	              Recheck Cond: ((id >= 9755883) AND (id <= 9756882))
	              ->  Bitmap Index Scan on sbtest5_pkey  (cost=0.00..30.57 rows=1014 width=0)
	                    Index Cond: ((id >= 9755883) AND (id <= 9756882))

table 6 : explain SELECT DISTINCT c FROM sbtest6 WHERE id BETWEEN 1044421 AND 1045420 ORDER BY c
	Unique  (cost=4177.20..4182.52 rows=1065 width=121)
	  ->  Sort  (cost=4177.20..4179.86 rows=1065 width=121)
	        Sort Key: c
	        ->  Bitmap Heap Scan on sbtest6  (cost=35.35..4123.65 rows=1065 width=121)
	              Recheck Cond: ((id >= 1044421) AND (id <= 1045420))
	              ->  Bitmap Index Scan on sbtest6_pkey  (cost=0.00..35.09 rows=1065 width=0)
	                    Index Cond: ((id >= 1044421) AND (id <= 1045420))

table 7 : explain SELECT DISTINCT c FROM sbtest7 WHERE id BETWEEN 5375228 AND 5376227 ORDER BY c
	Unique  (cost=3821.27..3826.14 rows=973 width=121)
	  ->  Sort  (cost=3821.27..3823.71 rows=973 width=121)
	        Sort Key: c
	        ->  Bitmap Heap Scan on sbtest7  (cost=30.41..3772.98 rows=973 width=121)
	              Recheck Cond: ((id >= 5375228) AND (id <= 5376227))
	              ->  Bitmap Index Scan on sbtest7_pkey  (cost=0.00..30.16 rows=973 width=0)
	                    Index Cond: ((id >= 5375228) AND (id <= 5376227))

table 8 : explain SELECT DISTINCT c FROM sbtest8 WHERE id BETWEEN 3421724 AND 3422723 ORDER BY c
	Unique  (cost=3771.39..3776.19 rows=960 width=121)
	  ->  Sort  (cost=3771.39..3773.79 rows=960 width=121)
	        Sort Key: c
	        ->  Bitmap Heap Scan on sbtest8  (cost=30.27..3723.83 rows=960 width=121)
	              Recheck Cond: ((id >= 3421724) AND (id <= 3422723))
	              ->  Bitmap Index Scan on sbtest8_pkey  (cost=0.00..30.04 rows=960 width=0)
	                    Index Cond: ((id >= 3421724) AND (id <= 3422723))

for: order_ranges
table 1 : explain SELECT c FROM sbtest1 WHERE id BETWEEN 9071216 AND 9072215 ORDER BY c
	Sort  (cost=3771.30..3773.70 rows=960 width=121)
	  Sort Key: c
	  ->  Bitmap Heap Scan on sbtest1  (cost=30.27..3723.74 rows=960 width=121)
	        Recheck Cond: ((id >= 9071216) AND (id <= 9072215))
	        ->  Bitmap Index Scan on sbtest1_pkey  (cost=0.00..30.04 rows=960 width=0)
	              Index Cond: ((id >= 9071216) AND (id <= 9072215))

table 2 : explain SELECT c FROM sbtest2 WHERE id BETWEEN 8606059 AND 8607058 ORDER BY c
	Sort  (cost=3671.57..3673.90 rows=934 width=121)
	  Sort Key: c
	  ->  Bitmap Heap Scan on sbtest2  (cost=30.01..3625.49 rows=934 width=121)
	        Recheck Cond: ((id >= 8606059) AND (id <= 8607058))
	        ->  Bitmap Index Scan on sbtest2_pkey  (cost=0.00..29.77 rows=934 width=0)
	              Index Cond: ((id >= 8606059) AND (id <= 8607058))

table 3 : explain SELECT c FROM sbtest3 WHERE id BETWEEN 9947697 AND 9948696 ORDER BY c
	Sort  (cost=4234.62..4237.32 rows=1080 width=121)
	  Sort Key: c
	  ->  Bitmap Heap Scan on sbtest3  (cost=35.51..4180.20 rows=1080 width=121)
	        Recheck Cond: ((id >= 9947697) AND (id <= 9948696))
	        ->  Bitmap Index Scan on sbtest3_pkey  (cost=0.00..35.23 rows=1080 width=0)
	              Index Cond: ((id >= 9947697) AND (id <= 9948696))

table 4 : explain SELECT c FROM sbtest4 WHERE id BETWEEN 6304523 AND 6305522 ORDER BY c
	Sort  (cost=4346.04..4348.81 rows=1109 width=121)
	  Sort Key: c
	  ->  Bitmap Heap Scan on sbtest4  (cost=35.80..4289.95 rows=1109 width=121)
	        Recheck Cond: ((id >= 6304523) AND (id <= 6305522))
	        ->  Bitmap Index Scan on sbtest4_pkey  (cost=0.00..35.53 rows=1109 width=0)
	              Index Cond: ((id >= 6304523) AND (id <= 6305522))

table 5 : explain SELECT c FROM sbtest5 WHERE id BETWEEN 6101308 AND 6102307 ORDER BY c
	Sort  (cost=4399.19..4402.00 rows=1123 width=121)
	  Sort Key: c
	  ->  Bitmap Heap Scan on sbtest5  (cost=35.95..4342.29 rows=1123 width=121)
	        Recheck Cond: ((id >= 6101308) AND (id <= 6102307))
	        ->  Bitmap Index Scan on sbtest5_pkey  (cost=0.00..35.67 rows=1123 width=0)
	              Index Cond: ((id >= 6101308) AND (id <= 6102307))

table 6 : explain SELECT c FROM sbtest6 WHERE id BETWEEN 9576223 AND 9577222 ORDER BY c
	Sort  (cost=3978.20..3980.74 rows=1013 width=121)
	  Sort Key: c
	  ->  Bitmap Heap Scan on sbtest6  (cost=34.82..3927.63 rows=1013 width=121)
	        Recheck Cond: ((id >= 9576223) AND (id <= 9577222))
	        ->  Bitmap Index Scan on sbtest6_pkey  (cost=0.00..34.57 rows=1013 width=0)
	              Index Cond: ((id >= 9576223) AND (id <= 9577222))

table 7 : explain SELECT c FROM sbtest7 WHERE id BETWEEN 8739898 AND 8740897 ORDER BY c
	Sort  (cost=3694.65..3697.00 rows=940 width=121)
	  Sort Key: c
	  ->  Bitmap Heap Scan on sbtest7  (cost=30.07..3648.23 rows=940 width=121)
	        Recheck Cond: ((id >= 8739898) AND (id <= 8740897))
	        ->  Bitmap Index Scan on sbtest7_pkey  (cost=0.00..29.83 rows=940 width=0)
	              Index Cond: ((id >= 8739898) AND (id <= 8740897))

table 8 : explain SELECT c FROM sbtest8 WHERE id BETWEEN 6997201 AND 6998200 ORDER BY c
	Sort  (cost=3617.82..3620.12 rows=920 width=121)
	  Sort Key: c
	  ->  Bitmap Heap Scan on sbtest8  (cost=29.87..3572.53 rows=920 width=121)
	        Recheck Cond: ((id >= 6997201) AND (id <= 6998200))
	        ->  Bitmap Index Scan on sbtest8_pkey  (cost=0.00..29.64 rows=920 width=0)
	              Index Cond: ((id >= 6997201) AND (id <= 6998200))

for: distinct_ranges
table 1 : explain SELECT DISTINCT c FROM sbtest1 WHERE id BETWEEN 8632772 AND 8633771 ORDER BY c
	Unique  (cost=3575.47..3580.02 rows=909 width=121)
	  ->  Sort  (cost=3575.47..3577.75 rows=909 width=121)
	        Sort Key: c
	        ->  Bitmap Heap Scan on sbtest1  (cost=29.75..3530.80 rows=909 width=121)
	              Recheck Cond: ((id >= 8632772) AND (id <= 8633771))
	              ->  Bitmap Index Scan on sbtest1_pkey  (cost=0.00..29.52 rows=909 width=0)
	                    Index Cond: ((id >= 8632772) AND (id <= 8633771))

table 2 : explain SELECT DISTINCT c FROM sbtest2 WHERE id BETWEEN 2903767 AND 2904766 ORDER BY c
	Unique  (cost=3986.03..3991.11 rows=1016 width=121)
	  ->  Sort  (cost=3986.03..3988.57 rows=1016 width=121)
	        Sort Key: c
	        ->  Bitmap Heap Scan on sbtest2  (cost=30.85..3935.28 rows=1016 width=121)
	              Recheck Cond: ((id >= 2903767) AND (id <= 2904766))
	              ->  Bitmap Index Scan on sbtest2_pkey  (cost=0.00..30.59 rows=1016 width=0)
	                    Index Cond: ((id >= 2903767) AND (id <= 2904766))

table 3 : explain SELECT DISTINCT c FROM sbtest3 WHERE id BETWEEN 9052225 AND 9053224 ORDER BY c
	Unique  (cost=3790.30..3795.12 rows=965 width=121)
	  ->  Sort  (cost=3790.30..3792.71 rows=965 width=121)
	        Sort Key: c
	        ->  Bitmap Heap Scan on sbtest3  (cost=30.33..3742.46 rows=965 width=121)
	              Recheck Cond: ((id >= 9052225) AND (id <= 9053224))
	              ->  Bitmap Index Scan on sbtest3_pkey  (cost=0.00..30.08 rows=965 width=0)
	                    Index Cond: ((id >= 9052225) AND (id <= 9053224))

table 4 : explain SELECT DISTINCT c FROM sbtest4 WHERE id BETWEEN 8950481 AND 8951480 ORDER BY c
	Unique  (cost=4135.78..4141.05 rows=1054 width=121)
	  ->  Sort  (cost=4135.78..4138.42 rows=1054 width=121)
	        Sort Key: c
	        ->  Bitmap Heap Scan on sbtest4  (cost=35.24..4082.86 rows=1054 width=121)
	              Recheck Cond: ((id >= 8950481) AND (id <= 8951480))
	              ->  Bitmap Index Scan on sbtest4_pkey  (cost=0.00..34.98 rows=1054 width=0)
	                    Index Cond: ((id >= 8950481) AND (id <= 8951480))

table 5 : explain SELECT DISTINCT c FROM sbtest5 WHERE id BETWEEN 3861390 AND 3862389 ORDER BY c
	Unique  (cost=3571.71..3576.25 rows=908 width=121)
	  ->  Sort  (cost=3571.71..3573.98 rows=908 width=121)
	        Sort Key: c
	        ->  Bitmap Heap Scan on sbtest5  (cost=29.74..3527.09 rows=908 width=121)
	              Recheck Cond: ((id >= 3861390) AND (id <= 3862389))
	              ->  Bitmap Index Scan on sbtest5_pkey  (cost=0.00..29.51 rows=908 width=0)
	                    Index Cond: ((id >= 3861390) AND (id <= 3862389))

table 6 : explain SELECT DISTINCT c FROM sbtest6 WHERE id BETWEEN 1683298 AND 1684297 ORDER BY c
	Unique  (cost=3425.30..3429.65 rows=870 width=121)
	  ->  Sort  (cost=3425.30..3427.48 rows=870 width=121)
	        Sort Key: c
	        ->  Bitmap Heap Scan on sbtest6  (cost=29.35..3382.83 rows=870 width=121)
	              Recheck Cond: ((id >= 1683298) AND (id <= 1684297))
	              ->  Bitmap Index Scan on sbtest6_pkey  (cost=0.00..29.14 rows=870 width=0)
	                    Index Cond: ((id >= 1683298) AND (id <= 1684297))

table 7 : explain SELECT DISTINCT c FROM sbtest7 WHERE id BETWEEN 7631698 AND 7632697 ORDER BY c
	Unique  (cost=3913.28..3918.27 rows=997 width=121)
	  ->  Sort  (cost=3913.28..3915.77 rows=997 width=121)
	        Sort Key: c
	        ->  Bitmap Heap Scan on sbtest7  (cost=30.65..3863.62 rows=997 width=121)
	              Recheck Cond: ((id >= 7631698) AND (id <= 7632697))
	              ->  Bitmap Index Scan on sbtest7_pkey  (cost=0.00..30.40 rows=997 width=0)
	                    Index Cond: ((id >= 7631698) AND (id <= 7632697))

table 8 : explain SELECT DISTINCT c FROM sbtest8 WHERE id BETWEEN 754925 AND 755924 ORDER BY c
	Unique  (cost=3901.76..3906.73 rows=994 width=121)
	  ->  Sort  (cost=3901.76..3904.25 rows=994 width=121)
	        Sort Key: c
	        ->  Bitmap Heap Scan on sbtest8  (cost=30.62..3852.28 rows=994 width=121)
	              Recheck Cond: ((id >= 754925) AND (id <= 755924))
	              ->  Bitmap Index Scan on sbtest8_pkey  (cost=0.00..30.37 rows=994 width=0)
	                    Index Cond: ((id >= 754925) AND (id <= 755924))

for: sum_ranges
table 1 : explain SELECT SUM(k) FROM sbtest1 WHERE id BETWEEN 2427159 AND 2428158
	Aggregate  (cost=4273.50..4273.51 rows=1 width=8)
	  ->  Bitmap Heap Scan on sbtest1  (cost=35.75..4270.74 rows=1104 width=4)
	        Recheck Cond: ((id >= 2427159) AND (id <= 2428158))
	        ->  Bitmap Index Scan on sbtest1_pkey  (cost=0.00..35.48 rows=1104 width=0)
	              Index Cond: ((id >= 2427159) AND (id <= 2428158))

table 2 : explain SELECT SUM(k) FROM sbtest2 WHERE id BETWEEN 2505783 AND 2506782
	Aggregate  (cost=4228.39..4228.40 rows=1 width=8)
	  ->  Bitmap Heap Scan on sbtest2  (cost=35.63..4225.66 rows=1092 width=4)
	        Recheck Cond: ((id >= 2505783) AND (id <= 2506782))
	        ->  Bitmap Index Scan on sbtest2_pkey  (cost=0.00..35.36 rows=1092 width=0)
	              Index Cond: ((id >= 2505783) AND (id <= 2506782))

table 3 : explain SELECT SUM(k) FROM sbtest3 WHERE id BETWEEN 1182180 AND 1183179
	Aggregate  (cost=3661.65..3661.66 rows=1 width=8)
	  ->  Bitmap Heap Scan on sbtest3  (cost=30.10..3659.30 rows=943 width=4)
	        Recheck Cond: ((id >= 1182180) AND (id <= 1183179))
	        ->  Bitmap Index Scan on sbtest3_pkey  (cost=0.00..29.86 rows=943 width=0)
	              Index Cond: ((id >= 1182180) AND (id <= 1183179))

table 4 : explain SELECT SUM(k) FROM sbtest4 WHERE id BETWEEN 1329311 AND 1330310
	Aggregate  (cost=3601.57..3601.58 rows=1 width=8)
	  ->  Bitmap Heap Scan on sbtest4  (cost=29.94..3599.25 rows=927 width=4)
	        Recheck Cond: ((id >= 1329311) AND (id <= 1330310))
	        ->  Bitmap Index Scan on sbtest4_pkey  (cost=0.00..29.70 rows=927 width=0)
	              Index Cond: ((id >= 1329311) AND (id <= 1330310))

table 5 : explain SELECT SUM(k) FROM sbtest5 WHERE id BETWEEN 6501470 AND 6502469
	Aggregate  (cost=4183.21..4183.22 rows=1 width=8)
	  ->  Bitmap Heap Scan on sbtest5  (cost=35.51..4180.51 rows=1080 width=4)
	        Recheck Cond: ((id >= 6501470) AND (id <= 6502469))
	        ->  Bitmap Index Scan on sbtest5_pkey  (cost=0.00..35.23 rows=1080 width=0)
	              Index Cond: ((id >= 6501470) AND (id <= 6502469))

table 6 : explain SELECT SUM(k) FROM sbtest6 WHERE id BETWEEN 5546714 AND 5547713
	Aggregate  (cost=3763.71..3763.72 rows=1 width=8)
	  ->  Bitmap Heap Scan on sbtest6  (cost=30.38..3761.29 rows=970 width=4)
	        Recheck Cond: ((id >= 5546714) AND (id <= 5547713))
	        ->  Bitmap Index Scan on sbtest6_pkey  (cost=0.00..30.14 rows=970 width=0)
	              Index Cond: ((id >= 5546714) AND (id <= 5547713))

table 7 : explain SELECT SUM(k) FROM sbtest7 WHERE id BETWEEN 2722780 AND 2723779
	Aggregate  (cost=4066.39..4066.40 rows=1 width=8)
	  ->  Bitmap Heap Scan on sbtest7  (cost=35.19..4063.77 rows=1049 width=4)
	        Recheck Cond: ((id >= 2722780) AND (id <= 2723779))
	        ->  Bitmap Index Scan on sbtest7_pkey  (cost=0.00..34.93 rows=1049 width=0)
	              Index Cond: ((id >= 2722780) AND (id <= 2723779))

table 8 : explain SELECT SUM(k) FROM sbtest8 WHERE id BETWEEN 678765 AND 679764
	Aggregate  (cost=3854.76..3854.77 rows=1 width=8)
	  ->  Bitmap Heap Scan on sbtest8  (cost=30.62..3852.28 rows=994 width=4)
	        Recheck Cond: ((id >= 678765) AND (id <= 679764))
	        ->  Bitmap Index Scan on sbtest8_pkey  (cost=0.00..30.37 rows=994 width=0)
	              Index Cond: ((id >= 678765) AND (id <= 679764))

for: order_ranges
table 1 : explain SELECT c FROM sbtest1 WHERE id BETWEEN 4143471 AND 4144470 ORDER BY c
	Sort  (cost=3863.34..3865.80 rows=984 width=121)
	  Sort Key: c
	  ->  Bitmap Heap Scan on sbtest1  (cost=30.52..3814.42 rows=984 width=121)
	        Recheck Cond: ((id >= 4143471) AND (id <= 4144470))
	        ->  Bitmap Index Scan on sbtest1_pkey  (cost=0.00..30.27 rows=984 width=0)
	              Index Cond: ((id >= 4143471) AND (id <= 4144470))

table 2 : explain SELECT c FROM sbtest2 WHERE id BETWEEN 9942582 AND 9943581 ORDER BY c
	Sort  (cost=3725.31..3727.68 rows=948 width=121)
	  Sort Key: c
	  ->  Bitmap Heap Scan on sbtest2  (cost=30.15..3678.44 rows=948 width=121)
	        Recheck Cond: ((id >= 9942582) AND (id <= 9943581))
	        ->  Bitmap Index Scan on sbtest2_pkey  (cost=0.00..29.91 rows=948 width=0)
	              Index Cond: ((id >= 9942582) AND (id <= 9943581))

table 3 : explain SELECT c FROM sbtest3 WHERE id BETWEEN 7185838 AND 7186837 ORDER BY c
	Sort  (cost=3721.24..3723.60 rows=947 width=121)
	  Sort Key: c
	  ->  Bitmap Heap Scan on sbtest3  (cost=30.14..3674.42 rows=947 width=121)
	        Recheck Cond: ((id >= 7185838) AND (id <= 7186837))
	        ->  Bitmap Index Scan on sbtest3_pkey  (cost=0.00..29.90 rows=947 width=0)
	              Index Cond: ((id >= 7185838) AND (id <= 7186837))

table 4 : explain SELECT c FROM sbtest4 WHERE id BETWEEN 6096192 AND 6097191 ORDER BY c
	Sort  (cost=3970.99..3973.52 rows=1012 width=121)
	  Sort Key: c
	  ->  Bitmap Heap Scan on sbtest4  (cost=30.81..3920.47 rows=1012 width=121)
	        Recheck Cond: ((id >= 6096192) AND (id <= 6097191))
	        ->  Bitmap Index Scan on sbtest4_pkey  (cost=0.00..30.55 rows=1012 width=0)
	              Index Cond: ((id >= 6096192) AND (id <= 6097191))

table 5 : explain SELECT c FROM sbtest5 WHERE id BETWEEN 7490492 AND 7491491 ORDER BY c
	Sort  (cost=3894.09..3896.57 rows=992 width=121)
	  Sort Key: c
	  ->  Bitmap Heap Scan on sbtest5  (cost=30.60..3844.72 rows=992 width=121)
	        Recheck Cond: ((id >= 7490492) AND (id <= 7491491))
	        ->  Bitmap Index Scan on sbtest5_pkey  (cost=0.00..30.36 rows=992 width=0)
	              Index Cond: ((id >= 7490492) AND (id <= 7491491))

table 6 : explain SELECT c FROM sbtest6 WHERE id BETWEEN 6501123 AND 6502122 ORDER BY c
	Sort  (cost=3778.73..3781.13 rows=962 width=121)
	  Sort Key: c
	  ->  Bitmap Heap Scan on sbtest6  (cost=30.30..3731.06 rows=962 width=121)
	        Recheck Cond: ((id >= 6501123) AND (id <= 6502122))
	        ->  Bitmap Index Scan on sbtest6_pkey  (cost=0.00..30.05 rows=962 width=0)
	              Index Cond: ((id >= 6501123) AND (id <= 6502122))

table 7 : explain SELECT c FROM sbtest7 WHERE id BETWEEN 4513617 AND 4514616 ORDER BY c
	Sort  (cost=4124.05..4126.68 rows=1051 width=121)
	  Sort Key: c
	  ->  Bitmap Heap Scan on sbtest7  (cost=35.21..4071.31 rows=1051 width=121)
	        Recheck Cond: ((id >= 4513617) AND (id <= 4514616))
	        ->  Bitmap Index Scan on sbtest7_pkey  (cost=0.00..34.95 rows=1051 width=0)
	              Index Cond: ((id >= 4513617) AND (id <= 4514616))

table 8 : explain SELECT c FROM sbtest8 WHERE id BETWEEN 7663387 AND 7664386 ORDER BY c
	Sort  (cost=3878.77..3881.24 rows=988 width=121)
	  Sort Key: c
	  ->  Bitmap Heap Scan on sbtest8  (cost=30.56..3829.62 rows=988 width=121)
	        Recheck Cond: ((id >= 7663387) AND (id <= 7664386))
	        ->  Bitmap Index Scan on sbtest8_pkey  (cost=0.00..30.32 rows=988 width=0)
	              Index Cond: ((id >= 7663387) AND (id <= 7664386))

for: distinct_ranges
table 1 : explain SELECT DISTINCT c FROM sbtest1 WHERE id BETWEEN 6247942 AND 6248941 ORDER BY c
	Unique  (cost=3897.84..3902.80 rows=993 width=121)
	  ->  Sort  (cost=3897.84..3900.32 rows=993 width=121)
	        Sort Key: c
	        ->  Bitmap Heap Scan on sbtest1  (cost=30.61..3848.41 rows=993 width=121)
	              Recheck Cond: ((id >= 6247942) AND (id <= 6248941))
	              ->  Bitmap Index Scan on sbtest1_pkey  (cost=0.00..30.36 rows=993 width=0)
	                    Index Cond: ((id >= 6247942) AND (id <= 6248941))

table 2 : explain SELECT DISTINCT c FROM sbtest2 WHERE id BETWEEN 722297 AND 723296 ORDER BY c
	Unique  (cost=4085.74..4090.94 rows=1041 width=121)
	  ->  Sort  (cost=4085.74..4088.34 rows=1041 width=121)
	        Sort Key: c
	        ->  Bitmap Heap Scan on sbtest2  (cost=35.11..4033.57 rows=1041 width=121)
	              Recheck Cond: ((id >= 722297) AND (id <= 723296))
	              ->  Bitmap Index Scan on sbtest2_pkey  (cost=0.00..34.84 rows=1041 width=0)
	                    Index Cond: ((id >= 722297) AND (id <= 723296))

table 3 : explain SELECT DISTINCT c FROM sbtest3 WHERE id BETWEEN 1889379 AND 1890378 ORDER BY c
	Unique  (cost=3828.65..3833.52 rows=975 width=121)
	  ->  Sort  (cost=3828.65..3831.09 rows=975 width=121)
	        Sort Key: c
	        ->  Bitmap Heap Scan on sbtest3  (cost=30.43..3780.24 rows=975 width=121)
	              Recheck Cond: ((id >= 1889379) AND (id <= 1890378))
	              ->  Bitmap Index Scan on sbtest3_pkey  (cost=0.00..30.18 rows=975 width=0)
	                    Index Cond: ((id >= 1889379) AND (id <= 1890378))

table 4 : explain SELECT DISTINCT c FROM sbtest4 WHERE id BETWEEN 3825507 AND 3826506 ORDER BY c
	Unique  (cost=3917.34..3922.33 rows=998 width=121)
	  ->  Sort  (cost=3917.34..3919.84 rows=998 width=121)
	        Sort Key: c
	        ->  Bitmap Heap Scan on sbtest4  (cost=30.66..3867.63 rows=998 width=121)
	              Recheck Cond: ((id >= 3825507) AND (id <= 3826506))
	              ->  Bitmap Index Scan on sbtest4_pkey  (cost=0.00..30.41 rows=998 width=0)
	                    Index Cond: ((id >= 3825507) AND (id <= 3826506))

table 5 : explain SELECT DISTINCT c FROM sbtest5 WHERE id BETWEEN 9281870 AND 9282869 ORDER BY c
	Unique  (cost=4074.10..4079.30 rows=1039 width=121)
	  ->  Sort  (cost=4074.10..4076.70 rows=1039 width=121)
	        Sort Key: c
	        ->  Bitmap Heap Scan on sbtest5  (cost=31.08..4022.04 rows=1039 width=121)
	              Recheck Cond: ((id >= 9281870) AND (id <= 9282869))
	              ->  Bitmap Index Scan on sbtest5_pkey  (cost=0.00..30.82 rows=1039 width=0)
	                    Index Cond: ((id >= 9281870) AND (id <= 9282869))

table 6 : explain SELECT DISTINCT c FROM sbtest6 WHERE id BETWEEN 307216 AND 308215 ORDER BY c
	Unique  (cost=4146.60..4151.89 rows=1057 width=121)
	  ->  Sort  (cost=4146.60..4149.25 rows=1057 width=121)
	        Sort Key: c
	        ->  Bitmap Heap Scan on sbtest6  (cost=35.27..4093.51 rows=1057 width=121)
	              Recheck Cond: ((id >= 307216) AND (id <= 308215))
	              ->  Bitmap Index Scan on sbtest6_pkey  (cost=0.00..35.01 rows=1057 width=0)
	                    Index Cond: ((id >= 307216) AND (id <= 308215))

table 7 : explain SELECT DISTINCT c FROM sbtest7 WHERE id BETWEEN 6163533 AND 6164532 ORDER BY c
	Unique  (cost=4043.68..4048.83 rows=1030 width=121)
	  ->  Sort  (cost=4043.68..4046.26 rows=1030 width=121)
	        Sort Key: c
	        ->  Bitmap Heap Scan on sbtest7  (cost=34.99..3992.14 rows=1030 width=121)
	              Recheck Cond: ((id >= 6163533) AND (id <= 6164532))
	              ->  Bitmap Index Scan on sbtest7_pkey  (cost=0.00..34.73 rows=1030 width=0)
	                    Index Cond: ((id >= 6163533) AND (id <= 6164532))

table 8 : explain SELECT DISTINCT c FROM sbtest8 WHERE id BETWEEN 1561308 AND 1562307 ORDER BY c
	Unique  (cost=4108.73..4113.96 rows=1047 width=121)
	  ->  Sort  (cost=4108.73..4111.35 rows=1047 width=121)
	        Sort Key: c
	        ->  Bitmap Heap Scan on sbtest8  (cost=35.17..4056.21 rows=1047 width=121)
	              Recheck Cond: ((id >= 1561308) AND (id <= 1562307))
	              ->  Bitmap Index Scan on sbtest8_pkey  (cost=0.00..34.91 rows=1047 width=0)
	                    Index Cond: ((id >= 1561308) AND (id <= 1562307))

for: order_ranges
table 1 : explain SELECT c FROM sbtest1 WHERE id BETWEEN 9888594 AND 9889593 ORDER BY c
	Sort  (cost=3974.46..3977.00 rows=1013 width=121)
	  Sort Key: c
	  ->  Bitmap Heap Scan on sbtest1  (cost=30.82..3923.89 rows=1013 width=121)
	        Recheck Cond: ((id >= 9888594) AND (id <= 9889593))
	        ->  Bitmap Index Scan on sbtest1_pkey  (cost=0.00..30.57 rows=1013 width=0)
	              Index Cond: ((id >= 9888594) AND (id <= 9889593))

table 2 : explain SELECT c FROM sbtest2 WHERE id BETWEEN 8435046 AND 8436045 ORDER BY c
	Sort  (cost=4250.20..4252.91 rows=1084 width=121)
	  Sort Key: c
	  ->  Bitmap Heap Scan on sbtest2  (cost=35.55..4195.55 rows=1084 width=121)
	        Recheck Cond: ((id >= 8435046) AND (id <= 8436045))
	        ->  Bitmap Index Scan on sbtest2_pkey  (cost=0.00..35.28 rows=1084 width=0)
	              Index Cond: ((id >= 8435046) AND (id <= 8436045))

table 3 : explain SELECT c FROM sbtest3 WHERE id BETWEEN 5912653 AND 5913652 ORDER BY c
	Sort  (cost=3966.61..3969.14 rows=1011 width=121)
	  Sort Key: c
	  ->  Bitmap Heap Scan on sbtest3  (cost=30.80..3916.16 rows=1011 width=121)
	        Recheck Cond: ((id >= 5912653) AND (id <= 5913652))
	        ->  Bitmap Index Scan on sbtest3_pkey  (cost=0.00..30.54 rows=1011 width=0)
	              Index Cond: ((id >= 5912653) AND (id <= 5913652))

table 4 : explain SELECT c FROM sbtest4 WHERE id BETWEEN 6508843 AND 6509842 ORDER BY c
	Sort  (cost=3740.92..3743.30 rows=952 width=121)
	  Sort Key: c
	  ->  Bitmap Heap Scan on sbtest4  (cost=30.19..3693.82 rows=952 width=121)
	        Recheck Cond: ((id >= 6508843) AND (id <= 6509842))
	        ->  Bitmap Index Scan on sbtest4_pkey  (cost=0.00..29.95 rows=952 width=0)
	              Index Cond: ((id >= 6508843) AND (id <= 6509842))

table 5 : explain SELECT c FROM sbtest5 WHERE id BETWEEN 959340 AND 960339 ORDER BY c
	Sort  (cost=4150.80..4153.44 rows=1058 width=121)
	  Sort Key: c
	  ->  Bitmap Heap Scan on sbtest5  (cost=35.28..4097.65 rows=1058 width=121)
	        Recheck Cond: ((id >= 959340) AND (id <= 960339))
	        ->  Bitmap Index Scan on sbtest5_pkey  (cost=0.00..35.02 rows=1058 width=0)
	              Index Cond: ((id >= 959340) AND (id <= 960339))

table 6 : explain SELECT c FROM sbtest6 WHERE id BETWEEN 125652 AND 126651 ORDER BY c
	Sort  (cost=4104.52..4107.14 rows=1046 width=121)
	  Sort Key: c
	  ->  Bitmap Heap Scan on sbtest6  (cost=35.16..4052.06 rows=1046 width=121)
	        Recheck Cond: ((id >= 125652) AND (id <= 126651))
	        ->  Bitmap Index Scan on sbtest6_pkey  (cost=0.00..34.90 rows=1046 width=0)
	              Index Cond: ((id >= 125652) AND (id <= 126651))

table 7 : explain SELECT c FROM sbtest7 WHERE id BETWEEN 3609371 AND 3610370 ORDER BY c
	Sort  (cost=3859.62..3862.08 rows=983 width=121)
	  Sort Key: c
	  ->  Bitmap Heap Scan on sbtest7  (cost=30.51..3810.76 rows=983 width=121)
	        Recheck Cond: ((id >= 3609371) AND (id <= 3610370))
	        ->  Bitmap Index Scan on sbtest7_pkey  (cost=0.00..30.26 rows=983 width=0)
	              Index Cond: ((id >= 3609371) AND (id <= 3610370))

table 8 : explain SELECT c FROM sbtest8 WHERE id BETWEEN 4593816 AND 4594815 ORDER BY c
	Sort  (cost=3809.75..3812.17 rows=970 width=121)
	  Sort Key: c
	  ->  Bitmap Heap Scan on sbtest8  (cost=30.38..3761.63 rows=970 width=121)
	        Recheck Cond: ((id >= 4593816) AND (id <= 4594815))
	        ->  Bitmap Index Scan on sbtest8_pkey  (cost=0.00..30.14 rows=970 width=0)
	              Index Cond: ((id >= 4593816) AND (id <= 4594815))

for: distinct_ranges
table 1 : explain SELECT DISTINCT c FROM sbtest1 WHERE id BETWEEN 2678342 AND 2679341 ORDER BY c
	Unique  (cost=3878.67..3883.61 rows=988 width=121)
	  ->  Sort  (cost=3878.67..3881.14 rows=988 width=121)
	        Sort Key: c
	        ->  Bitmap Heap Scan on sbtest1  (cost=30.56..3829.53 rows=988 width=121)
	              Recheck Cond: ((id >= 2678342) AND (id <= 2679341))
	              ->  Bitmap Index Scan on sbtest1_pkey  (cost=0.00..30.32 rows=988 width=0)
	                    Index Cond: ((id >= 2678342) AND (id <= 2679341))

table 2 : explain SELECT DISTINCT c FROM sbtest2 WHERE id BETWEEN 2641532 AND 2642531 ORDER BY c
	Unique  (cost=4005.17..4010.28 rows=1021 width=121)
	  ->  Sort  (cost=4005.17..4007.73 rows=1021 width=121)
	        Sort Key: c
	        ->  Bitmap Heap Scan on sbtest2  (cost=30.90..3954.15 rows=1021 width=121)
	              Recheck Cond: ((id >= 2641532) AND (id <= 2642531))
	              ->  Bitmap Index Scan on sbtest2_pkey  (cost=0.00..30.64 rows=1021 width=0)
	                    Index Cond: ((id >= 2641532) AND (id <= 2642531))

table 3 : explain SELECT DISTINCT c FROM sbtest3 WHERE id BETWEEN 2174683 AND 2175682 ORDER BY c
	Unique  (cost=3843.99..3848.88 rows=979 width=121)
	  ->  Sort  (cost=3843.99..3846.43 rows=979 width=121)
	        Sort Key: c
	        ->  Bitmap Heap Scan on sbtest3  (cost=30.47..3795.35 rows=979 width=121)
	              Recheck Cond: ((id >= 2174683) AND (id <= 2175682))
	              ->  Bitmap Index Scan on sbtest3_pkey  (cost=0.00..30.22 rows=979 width=0)
	                    Index Cond: ((id >= 2174683) AND (id <= 2175682))

table 4 : explain SELECT DISTINCT c FROM sbtest4 WHERE id BETWEEN 4008460 AND 4009459 ORDER BY c
	Unique  (cost=4269.62..4275.07 rows=1089 width=121)
	  ->  Sort  (cost=4269.62..4272.34 rows=1089 width=121)
	        Sort Key: c
	        ->  Bitmap Heap Scan on sbtest4  (cost=35.60..4214.69 rows=1089 width=121)
	              Recheck Cond: ((id >= 4008460) AND (id <= 4009459))
	              ->  Bitmap Index Scan on sbtest4_pkey  (cost=0.00..35.33 rows=1089 width=0)
	                    Index Cond: ((id >= 4008460) AND (id <= 4009459))

table 5 : explain SELECT DISTINCT c FROM sbtest5 WHERE id BETWEEN 4764582 AND 4765581 ORDER BY c
	Unique  (cost=3709.97..3714.69 rows=944 width=121)
	  ->  Sort  (cost=3709.97..3712.33 rows=944 width=121)
	        Sort Key: c
	        ->  Bitmap Heap Scan on sbtest5  (cost=30.11..3663.33 rows=944 width=121)
	              Recheck Cond: ((id >= 4764582) AND (id <= 4765581))
	              ->  Bitmap Index Scan on sbtest5_pkey  (cost=0.00..29.87 rows=944 width=0)
	                    Index Cond: ((id >= 4764582) AND (id <= 4765581))

table 6 : explain SELECT DISTINCT c FROM sbtest6 WHERE id BETWEEN 3716020 AND 3717019 ORDER BY c
	Unique  (cost=3832.42..3837.30 rows=976 width=121)
	  ->  Sort  (cost=3832.42..3834.86 rows=976 width=121)
	        Sort Key: c
	        ->  Bitmap Heap Scan on sbtest6  (cost=30.44..3783.96 rows=976 width=121)
	              Recheck Cond: ((id >= 3716020) AND (id <= 3717019))
	              ->  Bitmap Index Scan on sbtest6_pkey  (cost=0.00..30.19 rows=976 width=0)
	                    Index Cond: ((id >= 3716020) AND (id <= 3717019))

table 7 : explain SELECT DISTINCT c FROM sbtest7 WHERE id BETWEEN 782386 AND 783385 ORDER BY c
	Unique  (cost=4055.17..4060.33 rows=1033 width=121)
	  ->  Sort  (cost=4055.17..4057.75 rows=1033 width=121)
	        Sort Key: c
	        ->  Bitmap Heap Scan on sbtest7  (cost=35.02..4003.45 rows=1033 width=121)
	              Recheck Cond: ((id >= 782386) AND (id <= 783385))
	              ->  Bitmap Index Scan on sbtest7_pkey  (cost=0.00..34.77 rows=1033 width=0)
	                    Index Cond: ((id >= 782386) AND (id <= 783385))

table 8 : explain SELECT DISTINCT c FROM sbtest8 WHERE id BETWEEN 7148838 AND 7149837 ORDER BY c
	Unique  (cost=4666.26..4672.23 rows=1194 width=121)
	  ->  Sort  (cost=4666.26..4669.25 rows=1194 width=121)
	        Sort Key: c
	        ->  Bitmap Heap Scan on sbtest8  (cost=36.67..4605.24 rows=1194 width=121)
	              Recheck Cond: ((id >= 7148838) AND (id <= 7149837))
	              ->  Bitmap Index Scan on sbtest8_pkey  (cost=0.00..36.38 rows=1194 width=0)
	                    Index Cond: ((id >= 7148838) AND (id <= 7149837))

for: distinct_ranges
table 1 : explain SELECT DISTINCT c FROM sbtest1 WHERE id BETWEEN 7061671 AND 7062670 ORDER BY c
	Unique  (cost=4054.87..4060.04 rows=1034 width=121)
	  ->  Sort  (cost=4054.87..4057.46 rows=1034 width=121)
	        Sort Key: c
	        ->  Bitmap Heap Scan on sbtest1  (cost=31.03..4003.10 rows=1034 width=121)
	              Recheck Cond: ((id >= 7061671) AND (id <= 7062670))
	              ->  Bitmap Index Scan on sbtest1_pkey  (cost=0.00..30.77 rows=1034 width=0)
	                    Index Cond: ((id >= 7061671) AND (id <= 7062670))

table 2 : explain SELECT DISTINCT c FROM sbtest2 WHERE id BETWEEN 9218667 AND 9219666 ORDER BY c
	Unique  (cost=4211.97..4217.34 rows=1074 width=121)
	  ->  Sort  (cost=4211.97..4214.66 rows=1074 width=121)
	        Sort Key: c
	        ->  Bitmap Heap Scan on sbtest2  (cost=35.44..4157.90 rows=1074 width=121)
	              Recheck Cond: ((id >= 9218667) AND (id <= 9219666))
	              ->  Bitmap Index Scan on sbtest2_pkey  (cost=0.00..35.18 rows=1074 width=0)
	                    Index Cond: ((id >= 9218667) AND (id <= 9219666))

table 3 : explain SELECT DISTINCT c FROM sbtest3 WHERE id BETWEEN 7740379 AND 7741378 ORDER BY c
	Unique  (cost=3567.63..3572.16 rows=907 width=121)
	  ->  Sort  (cost=3567.63..3569.89 rows=907 width=121)
	        Sort Key: c
	        ->  Bitmap Heap Scan on sbtest3  (cost=29.73..3523.07 rows=907 width=121)
	              Recheck Cond: ((id >= 7740379) AND (id <= 7741378))
	              ->  Bitmap Index Scan on sbtest3_pkey  (cost=0.00..29.50 rows=907 width=0)
	                    Index Cond: ((id >= 7740379) AND (id <= 7741378))

table 4 : explain SELECT DISTINCT c FROM sbtest4 WHERE id BETWEEN 4582861 AND 4583860 ORDER BY c
	Unique  (cost=3667.98..3672.64 rows=933 width=121)
	  ->  Sort  (cost=3667.98..3670.31 rows=933 width=121)
	        Sort Key: c
	        ->  Bitmap Heap Scan on sbtest4  (cost=30.00..3621.95 rows=933 width=121)
	              Recheck Cond: ((id >= 4582861) AND (id <= 4583860))
	              ->  Bitmap Index Scan on sbtest4_pkey  (cost=0.00..29.76 rows=933 width=0)
	                    Index Cond: ((id >= 4582861) AND (id <= 4583860))

table 5 : explain SELECT DISTINCT c FROM sbtest5 WHERE id BETWEEN 1469807 AND 1470806 ORDER BY c
	Unique  (cost=3629.34..3633.95 rows=923 width=121)
	  ->  Sort  (cost=3629.34..3631.64 rows=923 width=121)
	        Sort Key: c
	        ->  Bitmap Heap Scan on sbtest5  (cost=29.90..3583.88 rows=923 width=121)
	              Recheck Cond: ((id >= 1469807) AND (id <= 1470806))
	              ->  Bitmap Index Scan on sbtest5_pkey  (cost=0.00..29.66 rows=923 width=0)
	                    Index Cond: ((id >= 1469807) AND (id <= 1470806))

table 6 : explain SELECT DISTINCT c FROM sbtest6 WHERE id BETWEEN 2000363 AND 2001362 ORDER BY c
	Unique  (cost=3989.69..3994.77 rows=1016 width=121)
	  ->  Sort  (cost=3989.69..3992.23 rows=1016 width=121)
	        Sort Key: c
	        ->  Bitmap Heap Scan on sbtest6  (cost=34.85..3938.95 rows=1016 width=121)
	              Recheck Cond: ((id >= 2000363) AND (id <= 2001362))
	              ->  Bitmap Index Scan on sbtest6_pkey  (cost=0.00..34.59 rows=1016 width=0)
	                    Index Cond: ((id >= 2000363) AND (id <= 2001362))

table 7 : explain SELECT DISTINCT c FROM sbtest7 WHERE id BETWEEN 4863314 AND 4864313 ORDER BY c
	Unique  (cost=3913.28..3918.27 rows=997 width=121)
	  ->  Sort  (cost=3913.28..3915.77 rows=997 width=121)
	        Sort Key: c
	        ->  Bitmap Heap Scan on sbtest7  (cost=30.65..3863.62 rows=997 width=121)
	              Recheck Cond: ((id >= 4863314) AND (id <= 4864313))
	              ->  Bitmap Index Scan on sbtest7_pkey  (cost=0.00..30.40 rows=997 width=0)
	                    Index Cond: ((id >= 4863314) AND (id <= 4864313))

table 8 : explain SELECT DISTINCT c FROM sbtest8 WHERE id BETWEEN 808742 AND 809741 ORDER BY c
	Unique  (cost=4051.32..4056.48 rows=1032 width=121)
	  ->  Sort  (cost=4051.32..4053.90 rows=1032 width=121)
	        Sort Key: c
	        ->  Bitmap Heap Scan on sbtest8  (cost=35.01..3999.66 rows=1032 width=121)
	              Recheck Cond: ((id >= 808742) AND (id <= 809741))
	              ->  Bitmap Index Scan on sbtest8_pkey  (cost=0.00..34.76 rows=1032 width=0)
	                    Index Cond: ((id >= 808742) AND (id <= 809741))

Threads started!

Warming up for 5 seconds...

SQL statistics:
    queries performed:
        read:                            88668819
        write:                           0
        other:                           16121633
        total:                           104790452
    transactions:                        8060836 (12794.68 per sec.)
    queries:                             104790452 (166330.17 per sec.)
    ignored errors:                      0      (0.00 per sec.)
    reconnects:                          0      (0.00 per sec.)

Throughput:
    events/s (eps):                      12794.6790
    time elapsed:                        630.0148s
    total number of events:              8060836

Latency (ms):
         min:                                    0.51
         avg:                                    3.13
         max:                                   27.29
         95th percentile:                        3.25
         sum:                             25191171.45

Threads fairness:
    events (avg/stddev):           201520.6500/359.50
    execution time (avg/stddev):   629.7793/0.00

