LUA_PATH=/home/mdcallag/git/mytools/bench/sysbench.lua/lua/?.lua /home/mdcallag/git/mytools/bench/sysbench.lua/lua/sysbench --db-driver=pgsql --range-size=100 --table-size=10000000 --tables=8 --threads=40 --events=0 --warmup-time=5 --time=630 --pgsql_conn_id=true /home/mdcallag/git/mytools/bench/sysbench.lua/lua/oltp_range_covered.lua run --pgsql-user=root --pgsql-password=pw --pgsql-host=127.0.0.1 --pgsql-db=ib --rand-type=uniform --random-points=100 --skip-trx --on-id=false
48 CPUs
sysbench 1.1.0-9072687 (using bundled LuaJIT 2.1.0-beta3)

Running the test with following options:
Number of threads: 40
Warmup time: 5s
Initializing random number generator from current time


Initializing worker threads...

explain: for range-covered :: explain SELECT k FROM sbtest%d WHERE k BETWEEN 6630247 AND 6630347
explain: for range-covered :: explain SELECT k FROM sbtest%d WHERE k BETWEEN 5428295 AND 5428395
explain: for range-covered :: explain SELECT k FROM sbtest%d WHERE k BETWEEN 2838149 AND 2838249
for range-covered
table 1 : explain SELECT k FROM sbtest1 WHERE k BETWEEN 5428295 AND 5428395
	Index Only Scan using k_1 on sbtest1  (cost=0.43..6.50 rows=103 width=4)
	  Index Cond: ((k >= 5428295) AND (k <= 5428395))

table 2 : explain SELECT k FROM sbtest2 WHERE k BETWEEN 5428295 AND 5428395
	Index Only Scan using k_2 on sbtest2  (cost=0.43..6.50 rows=103 width=4)
	  Index Cond: ((k >= 5428295) AND (k <= 5428395))

table 3 : explain SELECT k FROM sbtest3 WHERE k BETWEEN 5428295 AND 5428395
	Index Only Scan using k_3 on sbtest3  (cost=0.43..10.42 rows=99 width=4)
	  Index Cond: ((k >= 5428295) AND (k <= 5428395))

table 4 : explain SELECT k FROM sbtest4 WHERE k BETWEEN 5428295 AND 5428395
	Index Only Scan using k_4 on sbtest4  (cost=0.43..6.51 rows=104 width=4)
	  Index Cond: ((k >= 5428295) AND (k <= 5428395))

table 5 : explain SELECT k FROM sbtest5 WHERE k BETWEEN 5428295 AND 5428395
	Index Only Scan using k_5 on sbtest5  (cost=0.43..6.67 rows=112 width=4)
	  Index Cond: ((k >= 5428295) AND (k <= 5428395))

table 6 : explain SELECT k FROM sbtest6 WHERE k BETWEEN 5428295 AND 5428395
	Index Only Scan using k_6 on sbtest6  (cost=0.43..10.38 rows=97 width=4)
	  Index Cond: ((k >= 5428295) AND (k <= 5428395))

table 7 : explain SELECT k FROM sbtest7 WHERE k BETWEEN 5428295 AND 5428395
	Index Only Scan using k_7 on sbtest7  (cost=0.43..10.60 rows=108 width=4)
	  Index Cond: ((k >= 5428295) AND (k <= 5428395))

table 8 : explain SELECT k FROM sbtest8 WHERE k BETWEEN 5428295 AND 5428395
	Index Only Scan using k_8 on sbtest8  (cost=0.43..6.50 rows=103 width=4)
	  Index Cond: ((k >= 5428295) AND (k <= 5428395))

explain: for range-covered :: explain SELECT k FROM sbtest%d WHERE k BETWEEN 5428295 AND 5428395
for range-covered
table 1 : explain SELECT k FROM sbtest1 WHERE k BETWEEN 6630247 AND 6630347
	Index Only Scan using k_1 on sbtest1  (cost=0.43..6.53 rows=105 width=4)
	  Index Cond: ((k >= 6630247) AND (k <= 6630347))

table 2 : explain SELECT k FROM sbtest2 WHERE k BETWEEN 6630247 AND 6630347
	Index Only Scan using k_2 on sbtest2  (cost=0.43..6.58 rows=107 width=4)
	  Index Cond: ((k >= 6630247) AND (k <= 6630347))

table 3 : explain SELECT k FROM sbtest3 WHERE k BETWEEN 6630247 AND 6630347
	Index Only Scan using k_3 on sbtest3  (cost=0.43..10.38 rows=97 width=4)
	  Index Cond: ((k >= 6630247) AND (k <= 6630347))

table 4 : explain SELECT k FROM sbtest4 WHERE k BETWEEN 6630247 AND 6630347
	Index Only Scan using k_4 on sbtest4  (cost=0.43..6.32 rows=94 width=4)
	  Index Cond: ((k >= 6630247) AND (k <= 6630347))

table 5 : explain SELECT k FROM sbtest5 WHERE k BETWEEN 6630247 AND 6630347
	Index Only Scan using k_5 on sbtest5  (cost=0.43..6.50 rows=103 width=4)
	  Index Cond: ((k >= 6630247) AND (k <= 6630347))

table 6 : explain SELECT k FROM sbtest6 WHERE k BETWEEN 6630247 AND 6630347
	Index Only Scan using k_6 on sbtest6  (cost=0.43..10.72 rows=114 width=4)
	  Index Cond: ((k >= 6630247) AND (k <= 6630347))

table 7 : explain SELECT k FROM sbtest7 WHERE k BETWEEN 6630247 AND 6630347
	Index Only Scan using k_7 on sbtest7  (cost=0.43..10.58 rows=107 width=4)
	  Index Cond: ((k >= 6630247) AND (k <= 6630347))

table 8 : explain SELECT k FROM sbtest8 WHERE k BETWEEN 6630247 AND 6630347
	Index Only Scan using k_8 on sbtest8  (cost=0.43..6.27 rows=92 width=4)
	  Index Cond: ((k >= 6630247) AND (k <= 6630347))

explain: for range-covered :: explain SELECT k FROM sbtest%d WHERE k BETWEEN 6630247 AND 6630347
for range-covered
table 1 : explain SELECT k FROM sbtest1 WHERE k BETWEEN 5428295 AND 5428395
	Index Only Scan using k_1 on sbtest1  (cost=0.43..6.50 rows=103 width=4)
	  Index Cond: ((k >= 5428295) AND (k <= 5428395))

table 2 : explain SELECT k FROM sbtest2 WHERE k BETWEEN 5428295 AND 5428395
	Index Only Scan using k_2 on sbtest2  (cost=0.43..6.50 rows=103 width=4)
	  Index Cond: ((k >= 5428295) AND (k <= 5428395))

table 3 : explain SELECT k FROM sbtest3 WHERE k BETWEEN 5428295 AND 5428395
	Index Only Scan using k_3 on sbtest3  (cost=0.43..10.42 rows=99 width=4)
	  Index Cond: ((k >= 5428295) AND (k <= 5428395))

table 4 : explain SELECT k FROM sbtest4 WHERE k BETWEEN 5428295 AND 5428395
	Index Only Scan using k_4 on sbtest4  (cost=0.43..6.51 rows=104 width=4)
	  Index Cond: ((k >= 5428295) AND (k <= 5428395))

table 5 : explain SELECT k FROM sbtest5 WHERE k BETWEEN 5428295 AND 5428395
	Index Only Scan using k_5 on sbtest5  (cost=0.43..6.67 rows=112 width=4)
	  Index Cond: ((k >= 5428295) AND (k <= 5428395))

table 6 : explain SELECT k FROM sbtest6 WHERE k BETWEEN 5428295 AND 5428395
	Index Only Scan using k_6 on sbtest6  (cost=0.43..10.38 rows=97 width=4)
	  Index Cond: ((k >= 5428295) AND (k <= 5428395))

table 7 : explain SELECT k FROM sbtest7 WHERE k BETWEEN 5428295 AND 5428395
	Index Only Scan using k_7 on sbtest7  (cost=0.43..10.60 rows=108 width=4)
	  Index Cond: ((k >= 5428295) AND (k <= 5428395))

table 8 : explain SELECT k FROM sbtest8 WHERE k BETWEEN 5428295 AND 5428395
	Index Only Scan using k_8 on sbtest8  (cost=0.43..6.50 rows=103 width=4)
	  Index Cond: ((k >= 5428295) AND (k <= 5428395))

explain: for range-covered :: explain SELECT k FROM sbtest%d WHERE k BETWEEN 5428295 AND 5428395
for range-covered
table 1 : explain SELECT k FROM sbtest1 WHERE k BETWEEN 5428295 AND 5428395
	Index Only Scan using k_1 on sbtest1  (cost=0.43..6.50 rows=103 width=4)
	  Index Cond: ((k >= 5428295) AND (k <= 5428395))

table 2 : explain SELECT k FROM sbtest2 WHERE k BETWEEN 5428295 AND 5428395
	Index Only Scan using k_2 on sbtest2  (cost=0.43..6.50 rows=103 width=4)
	  Index Cond: ((k >= 5428295) AND (k <= 5428395))

table 3 : explain SELECT k FROM sbtest3 WHERE k BETWEEN 5428295 AND 5428395
	Index Only Scan using k_3 on sbtest3  (cost=0.43..10.42 rows=99 width=4)
	  Index Cond: ((k >= 5428295) AND (k <= 5428395))

table 4 : explain SELECT k FROM sbtest4 WHERE k BETWEEN 5428295 AND 5428395
	Index Only Scan using k_4 on sbtest4  (cost=0.43..6.51 rows=104 width=4)
	  Index Cond: ((k >= 5428295) AND (k <= 5428395))

table 5 : explain SELECT k FROM sbtest5 WHERE k BETWEEN 5428295 AND 5428395
	Index Only Scan using k_5 on sbtest5  (cost=0.43..6.67 rows=112 width=4)
	  Index Cond: ((k >= 5428295) AND (k <= 5428395))

table 6 : explain SELECT k FROM sbtest6 WHERE k BETWEEN 5428295 AND 5428395
	Index Only Scan using k_6 on sbtest6  (cost=0.43..10.38 rows=97 width=4)
	  Index Cond: ((k >= 5428295) AND (k <= 5428395))

table 7 : explain SELECT k FROM sbtest7 WHERE k BETWEEN 5428295 AND 5428395
	Index Only Scan using k_7 on sbtest7  (cost=0.43..10.60 rows=108 width=4)
	  Index Cond: ((k >= 5428295) AND (k <= 5428395))

table 8 : explain SELECT k FROM sbtest8 WHERE k BETWEEN 5428295 AND 5428395
	Index Only Scan using k_8 on sbtest8  (cost=0.43..6.50 rows=103 width=4)
	  Index Cond: ((k >= 5428295) AND (k <= 5428395))

explain: for range-covered :: explain SELECT k FROM sbtest%d WHERE k BETWEEN 5428295 AND 5428395
for range-covered
table 1 : explain SELECT k FROM sbtest1 WHERE k BETWEEN 6630247 AND 6630347
	Index Only Scan using k_1 on sbtest1  (cost=0.43..6.53 rows=105 width=4)
	  Index Cond: ((k >= 6630247) AND (k <= 6630347))

table 2 : explain SELECT k FROM sbtest2 WHERE k BETWEEN 6630247 AND 6630347
	Index Only Scan using k_2 on sbtest2  (cost=0.43..6.58 rows=107 width=4)
	  Index Cond: ((k >= 6630247) AND (k <= 6630347))

table 3 : explain SELECT k FROM sbtest3 WHERE k BETWEEN 6630247 AND 6630347
	Index Only Scan using k_3 on sbtest3  (cost=0.43..10.38 rows=97 width=4)
	  Index Cond: ((k >= 6630247) AND (k <= 6630347))

table 4 : explain SELECT k FROM sbtest4 WHERE k BETWEEN 6630247 AND 6630347
	Index Only Scan using k_4 on sbtest4  (cost=0.43..6.32 rows=94 width=4)
	  Index Cond: ((k >= 6630247) AND (k <= 6630347))

table 5 : explain SELECT k FROM sbtest5 WHERE k BETWEEN 6630247 AND 6630347
	Index Only Scan using k_5 on sbtest5  (cost=0.43..6.50 rows=103 width=4)
	  Index Cond: ((k >= 6630247) AND (k <= 6630347))

table 6 : explain SELECT k FROM sbtest6 WHERE k BETWEEN 6630247 AND 6630347
	Index Only Scan using k_6 on sbtest6  (cost=0.43..10.72 rows=114 width=4)
	  Index Cond: ((k >= 6630247) AND (k <= 6630347))

table 7 : explain SELECT k FROM sbtest7 WHERE k BETWEEN 6630247 AND 6630347
	Index Only Scan using k_7 on sbtest7  (cost=0.43..10.58 rows=107 width=4)
	  Index Cond: ((k >= 6630247) AND (k <= 6630347))

table 8 : explain SELECT k FROM sbtest8 WHERE k BETWEEN 6630247 AND 6630347
	Index Only Scan using k_8 on sbtest8  (cost=0.43..6.27 rows=92 width=4)
	  Index Cond: ((k >= 6630247) AND (k <= 6630347))

explain: for range-covered :: explain SELECT k FROM sbtest%d WHERE k BETWEEN 6630247 AND 6630347
explain: for range-covered :: explain SELECT k FROM sbtest%d WHERE k BETWEEN 6537596 AND 6537696
for range-covered
table 1 : explain SELECT k FROM sbtest1 WHERE k BETWEEN 2838149 AND 2838249
	Index Only Scan using k_1 on sbtest1  (cost=0.43..6.43 rows=100 width=4)
	  Index Cond: ((k >= 2838149) AND (k <= 2838249))

table 2 : explain SELECT k FROM sbtest2 WHERE k BETWEEN 2838149 AND 2838249
	Index Only Scan using k_2 on sbtest2  (cost=0.43..6.40 rows=98 width=4)
	  Index Cond: ((k >= 2838149) AND (k <= 2838249))

table 3 : explain SELECT k FROM sbtest3 WHERE k BETWEEN 2838149 AND 2838249
	Index Only Scan using k_3 on sbtest3  (cost=0.43..10.29 rows=93 width=4)
	  Index Cond: ((k >= 2838149) AND (k <= 2838249))

table 4 : explain SELECT k FROM sbtest4 WHERE k BETWEEN 2838149 AND 2838249
	Index Only Scan using k_4 on sbtest4  (cost=0.43..6.37 rows=97 width=4)
	  Index Cond: ((k >= 2838149) AND (k <= 2838249))

table 5 : explain SELECT k FROM sbtest5 WHERE k BETWEEN 2838149 AND 2838249
	Index Only Scan using k_5 on sbtest5  (cost=0.43..6.45 rows=101 width=4)
	  Index Cond: ((k >= 2838149) AND (k <= 2838249))

table 6 : explain SELECT k FROM sbtest6 WHERE k BETWEEN 2838149 AND 2838249
	Index Only Scan using k_6 on sbtest6  (cost=0.43..10.54 rows=105 width=4)
	  Index Cond: ((k >= 2838149) AND (k <= 2838249))

table 7 : explain SELECT k FROM sbtest7 WHERE k BETWEEN 2838149 AND 2838249
	Index Only Scan using k_7 on sbtest7  (cost=0.43..10.60 rows=108 width=4)
	  Index Cond: ((k >= 2838149) AND (k <= 2838249))

table 8 : explain SELECT k FROM sbtest8 WHERE k BETWEEN 2838149 AND 2838249
	Index Only Scan using k_8 on sbtest8  (cost=0.43..6.43 rows=100 width=4)
	  Index Cond: ((k >= 2838149) AND (k <= 2838249))

explain: for range-covered :: explain SELECT k FROM sbtest%d WHERE k BETWEEN 2838149 AND 2838249
for range-covered
table 1 : explain SELECT k FROM sbtest1 WHERE k BETWEEN 6630247 AND 6630347
	Index Only Scan using k_1 on sbtest1  (cost=0.43..6.53 rows=105 width=4)
	  Index Cond: ((k >= 6630247) AND (k <= 6630347))

table 2 : explain SELECT k FROM sbtest2 WHERE k BETWEEN 6630247 AND 6630347
	Index Only Scan using k_2 on sbtest2  (cost=0.43..6.58 rows=107 width=4)
	  Index Cond: ((k >= 6630247) AND (k <= 6630347))

table 3 : explain SELECT k FROM sbtest3 WHERE k BETWEEN 6630247 AND 6630347
	Index Only Scan using k_3 on sbtest3  (cost=0.43..10.38 rows=97 width=4)
	  Index Cond: ((k >= 6630247) AND (k <= 6630347))

table 4 : explain SELECT k FROM sbtest4 WHERE k BETWEEN 6630247 AND 6630347
	Index Only Scan using k_4 on sbtest4  (cost=0.43..6.32 rows=94 width=4)
	  Index Cond: ((k >= 6630247) AND (k <= 6630347))

table 5 : explain SELECT k FROM sbtest5 WHERE k BETWEEN 6630247 AND 6630347
	Index Only Scan using k_5 on sbtest5  (cost=0.43..6.50 rows=103 width=4)
	  Index Cond: ((k >= 6630247) AND (k <= 6630347))

table 6 : explain SELECT k FROM sbtest6 WHERE k BETWEEN 6630247 AND 6630347
	Index Only Scan using k_6 on sbtest6  (cost=0.43..10.72 rows=114 width=4)
	  Index Cond: ((k >= 6630247) AND (k <= 6630347))

table 7 : explain SELECT k FROM sbtest7 WHERE k BETWEEN 6630247 AND 6630347
	Index Only Scan using k_7 on sbtest7  (cost=0.43..10.58 rows=107 width=4)
	  Index Cond: ((k >= 6630247) AND (k <= 6630347))

table 8 : explain SELECT k FROM sbtest8 WHERE k BETWEEN 6630247 AND 6630347
	Index Only Scan using k_8 on sbtest8  (cost=0.43..6.27 rows=92 width=4)
	  Index Cond: ((k >= 6630247) AND (k <= 6630347))

explain: for range-covered :: explain SELECT k FROM sbtest%d WHERE k BETWEEN 6630247 AND 6630347
for range-covered
table 1 : explain SELECT k FROM sbtest1 WHERE k BETWEEN 6630247 AND 6630347
	Index Only Scan using k_1 on sbtest1  (cost=0.43..6.53 rows=105 width=4)
	  Index Cond: ((k >= 6630247) AND (k <= 6630347))

table 2 : explain SELECT k FROM sbtest2 WHERE k BETWEEN 6630247 AND 6630347
	Index Only Scan using k_2 on sbtest2  (cost=0.43..6.58 rows=107 width=4)
	  Index Cond: ((k >= 6630247) AND (k <= 6630347))

table 3 : explain SELECT k FROM sbtest3 WHERE k BETWEEN 6630247 AND 6630347
	Index Only Scan using k_3 on sbtest3  (cost=0.43..10.38 rows=97 width=4)
	  Index Cond: ((k >= 6630247) AND (k <= 6630347))

table 4 : explain SELECT k FROM sbtest4 WHERE k BETWEEN 6630247 AND 6630347
	Index Only Scan using k_4 on sbtest4  (cost=0.43..6.32 rows=94 width=4)
	  Index Cond: ((k >= 6630247) AND (k <= 6630347))

table 5 : explain SELECT k FROM sbtest5 WHERE k BETWEEN 6630247 AND 6630347
	Index Only Scan using k_5 on sbtest5  (cost=0.43..6.50 rows=103 width=4)
	  Index Cond: ((k >= 6630247) AND (k <= 6630347))

table 6 : explain SELECT k FROM sbtest6 WHERE k BETWEEN 6630247 AND 6630347
	Index Only Scan using k_6 on sbtest6  (cost=0.43..10.72 rows=114 width=4)
	  Index Cond: ((k >= 6630247) AND (k <= 6630347))

table 7 : explain SELECT k FROM sbtest7 WHERE k BETWEEN 6630247 AND 6630347
	Index Only Scan using k_7 on sbtest7  (cost=0.43..10.58 rows=107 width=4)
	  Index Cond: ((k >= 6630247) AND (k <= 6630347))

table 8 : explain SELECT k FROM sbtest8 WHERE k BETWEEN 6630247 AND 6630347
	Index Only Scan using k_8 on sbtest8  (cost=0.43..6.27 rows=92 width=4)
	  Index Cond: ((k >= 6630247) AND (k <= 6630347))

for range-covered
table 1 : explain SELECT k FROM sbtest1 WHERE k BETWEEN 2838149 AND 2838249
	Index Only Scan using k_1 on sbtest1  (cost=0.43..6.43 rows=100 width=4)
	  Index Cond: ((k >= 2838149) AND (k <= 2838249))

table 2 : explain SELECT k FROM sbtest2 WHERE k BETWEEN 2838149 AND 2838249
	Index Only Scan using k_2 on sbtest2  (cost=0.43..6.40 rows=98 width=4)
	  Index Cond: ((k >= 2838149) AND (k <= 2838249))

table 3 : explain SELECT k FROM sbtest3 WHERE k BETWEEN 2838149 AND 2838249
	Index Only Scan using k_3 on sbtest3  (cost=0.43..10.29 rows=93 width=4)
	  Index Cond: ((k >= 2838149) AND (k <= 2838249))

table 4 : explain SELECT k FROM sbtest4 WHERE k BETWEEN 2838149 AND 2838249
	Index Only Scan using k_4 on sbtest4  (cost=0.43..6.37 rows=97 width=4)
	  Index Cond: ((k >= 2838149) AND (k <= 2838249))

table 5 : explain SELECT k FROM sbtest5 WHERE k BETWEEN 2838149 AND 2838249
	Index Only Scan using k_5 on sbtest5  (cost=0.43..6.45 rows=101 width=4)
	  Index Cond: ((k >= 2838149) AND (k <= 2838249))

table 6 : explain SELECT k FROM sbtest6 WHERE k BETWEEN 2838149 AND 2838249
	Index Only Scan using k_6 on sbtest6  (cost=0.43..10.54 rows=105 width=4)
	  Index Cond: ((k >= 2838149) AND (k <= 2838249))

table 7 : explain SELECT k FROM sbtest7 WHERE k BETWEEN 2838149 AND 2838249
	Index Only Scan using k_7 on sbtest7  (cost=0.43..10.60 rows=108 width=4)
	  Index Cond: ((k >= 2838149) AND (k <= 2838249))

table 8 : explain SELECT k FROM sbtest8 WHERE k BETWEEN 2838149 AND 2838249
	Index Only Scan using k_8 on sbtest8  (cost=0.43..6.43 rows=100 width=4)
	  Index Cond: ((k >= 2838149) AND (k <= 2838249))

explain: for range-covered :: explain SELECT k FROM sbtest%d WHERE k BETWEEN 2838149 AND 2838249
explain: for range-covered :: explain SELECT k FROM sbtest%d WHERE k BETWEEN 3206528 AND 3206628
for range-covered
table 1 : explain SELECT k FROM sbtest1 WHERE k BETWEEN 2838149 AND 2838249
	Index Only Scan using k_1 on sbtest1  (cost=0.43..6.43 rows=100 width=4)
	  Index Cond: ((k >= 2838149) AND (k <= 2838249))

table 2 : explain SELECT k FROM sbtest2 WHERE k BETWEEN 2838149 AND 2838249
	Index Only Scan using k_2 on sbtest2  (cost=0.43..6.40 rows=98 width=4)
	  Index Cond: ((k >= 2838149) AND (k <= 2838249))

table 3 : explain SELECT k FROM sbtest3 WHERE k BETWEEN 2838149 AND 2838249
	Index Only Scan using k_3 on sbtest3  (cost=0.43..10.29 rows=93 width=4)
	  Index Cond: ((k >= 2838149) AND (k <= 2838249))

table 4 : explain SELECT k FROM sbtest4 WHERE k BETWEEN 2838149 AND 2838249
	Index Only Scan using k_4 on sbtest4  (cost=0.43..6.37 rows=97 width=4)
	  Index Cond: ((k >= 2838149) AND (k <= 2838249))

table 5 : explain SELECT k FROM sbtest5 WHERE k BETWEEN 2838149 AND 2838249
	Index Only Scan using k_5 on sbtest5  (cost=0.43..6.45 rows=101 width=4)
	  Index Cond: ((k >= 2838149) AND (k <= 2838249))

table 6 : explain SELECT k FROM sbtest6 WHERE k BETWEEN 2838149 AND 2838249
	Index Only Scan using k_6 on sbtest6  (cost=0.43..10.54 rows=105 width=4)
	  Index Cond: ((k >= 2838149) AND (k <= 2838249))

table 7 : explain SELECT k FROM sbtest7 WHERE k BETWEEN 2838149 AND 2838249
	Index Only Scan using k_7 on sbtest7  (cost=0.43..10.60 rows=108 width=4)
	  Index Cond: ((k >= 2838149) AND (k <= 2838249))

table 8 : explain SELECT k FROM sbtest8 WHERE k BETWEEN 2838149 AND 2838249
	Index Only Scan using k_8 on sbtest8  (cost=0.43..6.43 rows=100 width=4)
	  Index Cond: ((k >= 2838149) AND (k <= 2838249))

explain: for range-covered :: explain SELECT k FROM sbtest%d WHERE k BETWEEN 2838149 AND 2838249
explain: for range-covered :: explain SELECT k FROM sbtest%d WHERE k BETWEEN 5751214 AND 5751314
for range-covered
table 1 : explain SELECT k FROM sbtest1 WHERE k BETWEEN 2838149 AND 2838249
	Index Only Scan using k_1 on sbtest1  (cost=0.43..6.43 rows=100 width=4)
	  Index Cond: ((k >= 2838149) AND (k <= 2838249))

table 2 : explain SELECT k FROM sbtest2 WHERE k BETWEEN 2838149 AND 2838249
	Index Only Scan using k_2 on sbtest2  (cost=0.43..6.40 rows=98 width=4)
	  Index Cond: ((k >= 2838149) AND (k <= 2838249))

table 3 : explain SELECT k FROM sbtest3 WHERE k BETWEEN 2838149 AND 2838249
	Index Only Scan using k_3 on sbtest3  (cost=0.43..10.29 rows=93 width=4)
	  Index Cond: ((k >= 2838149) AND (k <= 2838249))

table 4 : explain SELECT k FROM sbtest4 WHERE k BETWEEN 2838149 AND 2838249
	Index Only Scan using k_4 on sbtest4  (cost=0.43..6.37 rows=97 width=4)
	  Index Cond: ((k >= 2838149) AND (k <= 2838249))

table 5 : explain SELECT k FROM sbtest5 WHERE k BETWEEN 2838149 AND 2838249
	Index Only Scan using k_5 on sbtest5  (cost=0.43..6.45 rows=101 width=4)
	  Index Cond: ((k >= 2838149) AND (k <= 2838249))

table 6 : explain SELECT k FROM sbtest6 WHERE k BETWEEN 2838149 AND 2838249
	Index Only Scan using k_6 on sbtest6  (cost=0.43..10.54 rows=105 width=4)
	  Index Cond: ((k >= 2838149) AND (k <= 2838249))

table 7 : explain SELECT k FROM sbtest7 WHERE k BETWEEN 2838149 AND 2838249
	Index Only Scan using k_7 on sbtest7  (cost=0.43..10.60 rows=108 width=4)
	  Index Cond: ((k >= 2838149) AND (k <= 2838249))

table 8 : explain SELECT k FROM sbtest8 WHERE k BETWEEN 2838149 AND 2838249
	Index Only Scan using k_8 on sbtest8  (cost=0.43..6.43 rows=100 width=4)
	  Index Cond: ((k >= 2838149) AND (k <= 2838249))

explain: for range-covered :: explain SELECT k FROM sbtest%d WHERE k BETWEEN 2838149 AND 2838249
explain: for range-covered :: explain SELECT k FROM sbtest%d WHERE k BETWEEN 6630247 AND 6630347
for range-covered
table 1 : explain SELECT k FROM sbtest1 WHERE k BETWEEN 2838149 AND 2838249
	Index Only Scan using k_1 on sbtest1  (cost=0.43..6.43 rows=100 width=4)
	  Index Cond: ((k >= 2838149) AND (k <= 2838249))

table 2 : explain SELECT k FROM sbtest2 WHERE k BETWEEN 2838149 AND 2838249
	Index Only Scan using k_2 on sbtest2  (cost=0.43..6.40 rows=98 width=4)
	  Index Cond: ((k >= 2838149) AND (k <= 2838249))

table 3 : explain SELECT k FROM sbtest3 WHERE k BETWEEN 2838149 AND 2838249
	Index Only Scan using k_3 on sbtest3  (cost=0.43..10.29 rows=93 width=4)
	  Index Cond: ((k >= 2838149) AND (k <= 2838249))

table 4 : explain SELECT k FROM sbtest4 WHERE k BETWEEN 2838149 AND 2838249
	Index Only Scan using k_4 on sbtest4  (cost=0.43..6.37 rows=97 width=4)
	  Index Cond: ((k >= 2838149) AND (k <= 2838249))

table 5 : explain SELECT k FROM sbtest5 WHERE k BETWEEN 2838149 AND 2838249
	Index Only Scan using k_5 on sbtest5  (cost=0.43..6.45 rows=101 width=4)
	  Index Cond: ((k >= 2838149) AND (k <= 2838249))

table 6 : explain SELECT k FROM sbtest6 WHERE k BETWEEN 2838149 AND 2838249
	Index Only Scan using k_6 on sbtest6  (cost=0.43..10.54 rows=105 width=4)
	  Index Cond: ((k >= 2838149) AND (k <= 2838249))

table 7 : explain SELECT k FROM sbtest7 WHERE k BETWEEN 2838149 AND 2838249
	Index Only Scan using k_7 on sbtest7  (cost=0.43..10.60 rows=108 width=4)
	  Index Cond: ((k >= 2838149) AND (k <= 2838249))

table 8 : explain SELECT k FROM sbtest8 WHERE k BETWEEN 2838149 AND 2838249
	Index Only Scan using k_8 on sbtest8  (cost=0.43..6.43 rows=100 width=4)
	  Index Cond: ((k >= 2838149) AND (k <= 2838249))

explain: for range-covered :: explain SELECT k FROM sbtest%d WHERE k BETWEEN 2838149 AND 2838249
for range-covered
table 1 : explain SELECT k FROM sbtest1 WHERE k BETWEEN 2838149 AND 2838249
	Index Only Scan using k_1 on sbtest1  (cost=0.43..6.43 rows=100 width=4)
	  Index Cond: ((k >= 2838149) AND (k <= 2838249))

table 2 : explain SELECT k FROM sbtest2 WHERE k BETWEEN 2838149 AND 2838249
	Index Only Scan using k_2 on sbtest2  (cost=0.43..6.40 rows=98 width=4)
	  Index Cond: ((k >= 2838149) AND (k <= 2838249))

table 3 : explain SELECT k FROM sbtest3 WHERE k BETWEEN 2838149 AND 2838249
	Index Only Scan using k_3 on sbtest3  (cost=0.43..10.29 rows=93 width=4)
	  Index Cond: ((k >= 2838149) AND (k <= 2838249))

table 4 : explain SELECT k FROM sbtest4 WHERE k BETWEEN 2838149 AND 2838249
	Index Only Scan using k_4 on sbtest4  (cost=0.43..6.37 rows=97 width=4)
	  Index Cond: ((k >= 2838149) AND (k <= 2838249))

table 5 : explain SELECT k FROM sbtest5 WHERE k BETWEEN 2838149 AND 2838249
	Index Only Scan using k_5 on sbtest5  (cost=0.43..6.45 rows=101 width=4)
	  Index Cond: ((k >= 2838149) AND (k <= 2838249))

table 6 : explain SELECT k FROM sbtest6 WHERE k BETWEEN 2838149 AND 2838249
	Index Only Scan using k_6 on sbtest6  (cost=0.43..10.54 rows=105 width=4)
	  Index Cond: ((k >= 2838149) AND (k <= 2838249))

table 7 : explain SELECT k FROM sbtest7 WHERE k BETWEEN 2838149 AND 2838249
	Index Only Scan using k_7 on sbtest7  (cost=0.43..10.60 rows=108 width=4)
	  Index Cond: ((k >= 2838149) AND (k <= 2838249))

table 8 : explain SELECT k FROM sbtest8 WHERE k BETWEEN 2838149 AND 2838249
	Index Only Scan using k_8 on sbtest8  (cost=0.43..6.43 rows=100 width=4)
	  Index Cond: ((k >= 2838149) AND (k <= 2838249))

explain: for range-covered :: explain SELECT k FROM sbtest%d WHERE k BETWEEN 2838149 AND 2838249
for range-covered
table 1 : explain SELECT k FROM sbtest1 WHERE k BETWEEN 2838149 AND 2838249
	Index Only Scan using k_1 on sbtest1  (cost=0.43..6.43 rows=100 width=4)
	  Index Cond: ((k >= 2838149) AND (k <= 2838249))

table 2 : explain SELECT k FROM sbtest2 WHERE k BETWEEN 2838149 AND 2838249
	Index Only Scan using k_2 on sbtest2  (cost=0.43..6.40 rows=98 width=4)
	  Index Cond: ((k >= 2838149) AND (k <= 2838249))

table 3 : explain SELECT k FROM sbtest3 WHERE k BETWEEN 2838149 AND 2838249
	Index Only Scan using k_3 on sbtest3  (cost=0.43..10.29 rows=93 width=4)
	  Index Cond: ((k >= 2838149) AND (k <= 2838249))

table 4 : explain SELECT k FROM sbtest4 WHERE k BETWEEN 2838149 AND 2838249
	Index Only Scan using k_4 on sbtest4  (cost=0.43..6.37 rows=97 width=4)
	  Index Cond: ((k >= 2838149) AND (k <= 2838249))

table 5 : explain SELECT k FROM sbtest5 WHERE k BETWEEN 2838149 AND 2838249
	Index Only Scan using k_5 on sbtest5  (cost=0.43..6.45 rows=101 width=4)
	  Index Cond: ((k >= 2838149) AND (k <= 2838249))

table 6 : explain SELECT k FROM sbtest6 WHERE k BETWEEN 2838149 AND 2838249
	Index Only Scan using k_6 on sbtest6  (cost=0.43..10.54 rows=105 width=4)
	  Index Cond: ((k >= 2838149) AND (k <= 2838249))

table 7 : explain SELECT k FROM sbtest7 WHERE k BETWEEN 2838149 AND 2838249
	Index Only Scan using k_7 on sbtest7  (cost=0.43..10.60 rows=108 width=4)
	  Index Cond: ((k >= 2838149) AND (k <= 2838249))

table 8 : explain SELECT k FROM sbtest8 WHERE k BETWEEN 2838149 AND 2838249
	Index Only Scan using k_8 on sbtest8  (cost=0.43..6.43 rows=100 width=4)
	  Index Cond: ((k >= 2838149) AND (k <= 2838249))

explain: for range-covered :: explain SELECT k FROM sbtest%d WHERE k BETWEEN 2838149 AND 2838249
for range-covered
table 1 : explain SELECT k FROM sbtest1 WHERE k BETWEEN 6630247 AND 6630347
	Index Only Scan using k_1 on sbtest1  (cost=0.43..6.53 rows=105 width=4)
	  Index Cond: ((k >= 6630247) AND (k <= 6630347))

table 2 : explain SELECT k FROM sbtest2 WHERE k BETWEEN 6630247 AND 6630347
	Index Only Scan using k_2 on sbtest2  (cost=0.43..6.58 rows=107 width=4)
	  Index Cond: ((k >= 6630247) AND (k <= 6630347))

table 3 : explain SELECT k FROM sbtest3 WHERE k BETWEEN 6630247 AND 6630347
	Index Only Scan using k_3 on sbtest3  (cost=0.43..10.38 rows=97 width=4)
	  Index Cond: ((k >= 6630247) AND (k <= 6630347))

table 4 : explain SELECT k FROM sbtest4 WHERE k BETWEEN 6630247 AND 6630347
	Index Only Scan using k_4 on sbtest4  (cost=0.43..6.32 rows=94 width=4)
	  Index Cond: ((k >= 6630247) AND (k <= 6630347))

table 5 : explain SELECT k FROM sbtest5 WHERE k BETWEEN 6630247 AND 6630347
	Index Only Scan using k_5 on sbtest5  (cost=0.43..6.50 rows=103 width=4)
	  Index Cond: ((k >= 6630247) AND (k <= 6630347))

table 6 : explain SELECT k FROM sbtest6 WHERE k BETWEEN 6630247 AND 6630347
	Index Only Scan using k_6 on sbtest6  (cost=0.43..10.72 rows=114 width=4)
	  Index Cond: ((k >= 6630247) AND (k <= 6630347))

table 7 : explain SELECT k FROM sbtest7 WHERE k BETWEEN 6630247 AND 6630347
	Index Only Scan using k_7 on sbtest7  (cost=0.43..10.58 rows=107 width=4)
	  Index Cond: ((k >= 6630247) AND (k <= 6630347))

table 8 : explain SELECT k FROM sbtest8 WHERE k BETWEEN 6630247 AND 6630347
	Index Only Scan using k_8 on sbtest8  (cost=0.43..6.27 rows=92 width=4)
	  Index Cond: ((k >= 6630247) AND (k <= 6630347))

explain: for range-covered :: explain SELECT k FROM sbtest%d WHERE k BETWEEN 6630247 AND 6630347
for range-covered
table 1 : explain SELECT k FROM sbtest1 WHERE k BETWEEN 3206528 AND 3206628
	Index Only Scan using k_1 on sbtest1  (cost=0.43..6.61 rows=109 width=4)
	  Index Cond: ((k >= 3206528) AND (k <= 3206628))

table 2 : explain SELECT k FROM sbtest2 WHERE k BETWEEN 3206528 AND 3206628
	Index Only Scan using k_2 on sbtest2  (cost=0.43..6.37 rows=97 width=4)
	  Index Cond: ((k >= 3206528) AND (k <= 3206628))

table 3 : explain SELECT k FROM sbtest3 WHERE k BETWEEN 3206528 AND 3206628
	Index Only Scan using k_3 on sbtest3  (cost=0.43..10.38 rows=97 width=4)
	  Index Cond: ((k >= 3206528) AND (k <= 3206628))

table 4 : explain SELECT k FROM sbtest4 WHERE k BETWEEN 3206528 AND 3206628
	Index Only Scan using k_4 on sbtest4  (cost=0.43..6.59 rows=108 width=4)
	  Index Cond: ((k >= 3206528) AND (k <= 3206628))

table 5 : explain SELECT k FROM sbtest5 WHERE k BETWEEN 3206528 AND 3206628
	Index Only Scan using k_5 on sbtest5  (cost=0.43..6.43 rows=100 width=4)
	  Index Cond: ((k >= 3206528) AND (k <= 3206628))

table 6 : explain SELECT k FROM sbtest6 WHERE k BETWEEN 3206528 AND 3206628
	Index Only Scan using k_6 on sbtest6  (cost=0.43..10.24 rows=90 width=4)
	  Index Cond: ((k >= 3206528) AND (k <= 3206628))

table 7 : explain SELECT k FROM sbtest7 WHERE k BETWEEN 3206528 AND 3206628
	Index Only Scan using k_7 on sbtest7  (cost=0.43..10.58 rows=107 width=4)
	  Index Cond: ((k >= 3206528) AND (k <= 3206628))

table 8 : explain SELECT k FROM sbtest8 WHERE k BETWEEN 3206528 AND 3206628
	Index Only Scan using k_8 on sbtest8  (cost=0.43..6.53 rows=105 width=4)
	  Index Cond: ((k >= 3206528) AND (k <= 3206628))

for range-covered
table 1 : explain SELECT k FROM sbtest1 WHERE k BETWEEN 6537596 AND 6537696
	Index Only Scan using k_1 on sbtest1  (cost=0.43..6.45 rows=101 width=4)
	  Index Cond: ((k >= 6537596) AND (k <= 6537696))

table 2 : explain SELECT k FROM sbtest2 WHERE k BETWEEN 6537596 AND 6537696
	Index Only Scan using k_2 on sbtest2  (cost=0.43..6.56 rows=106 width=4)
	  Index Cond: ((k >= 6537596) AND (k <= 6537696))

table 3 : explain SELECT k FROM sbtest3 WHERE k BETWEEN 6537596 AND 6537696
	Index Only Scan using k_3 on sbtest3  (cost=0.43..10.26 rows=91 width=4)
	  Index Cond: ((k >= 6537596) AND (k <= 6537696))

table 4 : explain SELECT k FROM sbtest4 WHERE k BETWEEN 6537596 AND 6537696
	Index Only Scan using k_4 on sbtest4  (cost=0.43..6.67 rows=112 width=4)
	  Index Cond: ((k >= 6537596) AND (k <= 6537696))

table 5 : explain SELECT k FROM sbtest5 WHERE k BETWEEN 6537596 AND 6537696
	Index Only Scan using k_5 on sbtest5  (cost=0.43..6.47 rows=102 width=4)
	  Index Cond: ((k >= 6537596) AND (k <= 6537696))

table 6 : explain SELECT k FROM sbtest6 WHERE k BETWEEN 6537596 AND 6537696
	Index Only Scan using k_6 on sbtest6  (cost=0.43..10.40 rows=98 width=4)
	  Index Cond: ((k >= 6537596) AND (k <= 6537696))

table 7 : explain SELECT k FROM sbtest7 WHERE k BETWEEN 6537596 AND 6537696
	Index Only Scan using k_7 on sbtest7  (cost=0.43..10.42 rows=99 width=4)
	  Index Cond: ((k >= 6537596) AND (k <= 6537696))

table 8 : explain SELECT k FROM sbtest8 WHERE k BETWEEN 6537596 AND 6537696
	Index Only Scan using k_8 on sbtest8  (cost=0.43..6.47 rows=102 width=4)
	  Index Cond: ((k >= 6537596) AND (k <= 6537696))

explain: for range-covered :: explain SELECT k FROM sbtest%d WHERE k BETWEEN 3206528 AND 3206628
explain: for range-covered :: explain SELECT k FROM sbtest%d WHERE k BETWEEN 6537596 AND 6537696
for range-covered
table 1 : explain SELECT k FROM sbtest1 WHERE k BETWEEN 2838149 AND 2838249
	Index Only Scan using k_1 on sbtest1  (cost=0.43..6.43 rows=100 width=4)
	  Index Cond: ((k >= 2838149) AND (k <= 2838249))

table 2 : explain SELECT k FROM sbtest2 WHERE k BETWEEN 2838149 AND 2838249
	Index Only Scan using k_2 on sbtest2  (cost=0.43..6.40 rows=98 width=4)
	  Index Cond: ((k >= 2838149) AND (k <= 2838249))

table 3 : explain SELECT k FROM sbtest3 WHERE k BETWEEN 2838149 AND 2838249
	Index Only Scan using k_3 on sbtest3  (cost=0.43..10.29 rows=93 width=4)
	  Index Cond: ((k >= 2838149) AND (k <= 2838249))

table 4 : explain SELECT k FROM sbtest4 WHERE k BETWEEN 2838149 AND 2838249
	Index Only Scan using k_4 on sbtest4  (cost=0.43..6.37 rows=97 width=4)
	  Index Cond: ((k >= 2838149) AND (k <= 2838249))

table 5 : explain SELECT k FROM sbtest5 WHERE k BETWEEN 2838149 AND 2838249
	Index Only Scan using k_5 on sbtest5  (cost=0.43..6.45 rows=101 width=4)
	  Index Cond: ((k >= 2838149) AND (k <= 2838249))

table 6 : explain SELECT k FROM sbtest6 WHERE k BETWEEN 2838149 AND 2838249
	Index Only Scan using k_6 on sbtest6  (cost=0.43..10.54 rows=105 width=4)
	  Index Cond: ((k >= 2838149) AND (k <= 2838249))

table 7 : explain SELECT k FROM sbtest7 WHERE k BETWEEN 2838149 AND 2838249
	Index Only Scan using k_7 on sbtest7  (cost=0.43..10.60 rows=108 width=4)
	  Index Cond: ((k >= 2838149) AND (k <= 2838249))

table 8 : explain SELECT k FROM sbtest8 WHERE k BETWEEN 2838149 AND 2838249
	Index Only Scan using k_8 on sbtest8  (cost=0.43..6.43 rows=100 width=4)
	  Index Cond: ((k >= 2838149) AND (k <= 2838249))

for range-covered
table 1 : explain SELECT k FROM sbtest1 WHERE k BETWEEN 6537596 AND 6537696
	Index Only Scan using k_1 on sbtest1  (cost=0.43..6.45 rows=101 width=4)
	  Index Cond: ((k >= 6537596) AND (k <= 6537696))

table 2 : explain SELECT k FROM sbtest2 WHERE k BETWEEN 6537596 AND 6537696
	Index Only Scan using k_2 on sbtest2  (cost=0.43..6.56 rows=106 width=4)
	  Index Cond: ((k >= 6537596) AND (k <= 6537696))

table 3 : explain SELECT k FROM sbtest3 WHERE k BETWEEN 6537596 AND 6537696
	Index Only Scan using k_3 on sbtest3  (cost=0.43..10.26 rows=91 width=4)
	  Index Cond: ((k >= 6537596) AND (k <= 6537696))

table 4 : explain SELECT k FROM sbtest4 WHERE k BETWEEN 6537596 AND 6537696
	Index Only Scan using k_4 on sbtest4  (cost=0.43..6.67 rows=112 width=4)
	  Index Cond: ((k >= 6537596) AND (k <= 6537696))

table 5 : explain SELECT k FROM sbtest5 WHERE k BETWEEN 6537596 AND 6537696
	Index Only Scan using k_5 on sbtest5  (cost=0.43..6.47 rows=102 width=4)
	  Index Cond: ((k >= 6537596) AND (k <= 6537696))

table 6 : explain SELECT k FROM sbtest6 WHERE k BETWEEN 6537596 AND 6537696
	Index Only Scan using k_6 on sbtest6  (cost=0.43..10.40 rows=98 width=4)
	  Index Cond: ((k >= 6537596) AND (k <= 6537696))

table 7 : explain SELECT k FROM sbtest7 WHERE k BETWEEN 6537596 AND 6537696
	Index Only Scan using k_7 on sbtest7  (cost=0.43..10.42 rows=99 width=4)
	  Index Cond: ((k >= 6537596) AND (k <= 6537696))

table 8 : explain SELECT k FROM sbtest8 WHERE k BETWEEN 6537596 AND 6537696
	Index Only Scan using k_8 on sbtest8  (cost=0.43..6.47 rows=102 width=4)
	  Index Cond: ((k >= 6537596) AND (k <= 6537696))

explain: for range-covered :: explain SELECT k FROM sbtest%d WHERE k BETWEEN 3570025 AND 3570125
explain: for range-covered :: explain SELECT k FROM sbtest%d WHERE k BETWEEN 6537596 AND 6537696
for range-covered
table 1 : explain SELECT k FROM sbtest1 WHERE k BETWEEN 6630247 AND 6630347
	Index Only Scan using k_1 on sbtest1  (cost=0.43..6.53 rows=105 width=4)
	  Index Cond: ((k >= 6630247) AND (k <= 6630347))

table 2 : explain SELECT k FROM sbtest2 WHERE k BETWEEN 6630247 AND 6630347
	Index Only Scan using k_2 on sbtest2  (cost=0.43..6.58 rows=107 width=4)
	  Index Cond: ((k >= 6630247) AND (k <= 6630347))

table 3 : explain SELECT k FROM sbtest3 WHERE k BETWEEN 6630247 AND 6630347
	Index Only Scan using k_3 on sbtest3  (cost=0.43..10.38 rows=97 width=4)
	  Index Cond: ((k >= 6630247) AND (k <= 6630347))

table 4 : explain SELECT k FROM sbtest4 WHERE k BETWEEN 6630247 AND 6630347
	Index Only Scan using k_4 on sbtest4  (cost=0.43..6.32 rows=94 width=4)
	  Index Cond: ((k >= 6630247) AND (k <= 6630347))

table 5 : explain SELECT k FROM sbtest5 WHERE k BETWEEN 6630247 AND 6630347
	Index Only Scan using k_5 on sbtest5  (cost=0.43..6.50 rows=103 width=4)
	  Index Cond: ((k >= 6630247) AND (k <= 6630347))

table 6 : explain SELECT k FROM sbtest6 WHERE k BETWEEN 6630247 AND 6630347
	Index Only Scan using k_6 on sbtest6  (cost=0.43..10.72 rows=114 width=4)
	  Index Cond: ((k >= 6630247) AND (k <= 6630347))

table 7 : explain SELECT k FROM sbtest7 WHERE k BETWEEN 6630247 AND 6630347
	Index Only Scan using k_7 on sbtest7  (cost=0.43..10.58 rows=107 width=4)
	  Index Cond: ((k >= 6630247) AND (k <= 6630347))

table 8 : explain SELECT k FROM sbtest8 WHERE k BETWEEN 6630247 AND 6630347
	Index Only Scan using k_8 on sbtest8  (cost=0.43..6.27 rows=92 width=4)
	  Index Cond: ((k >= 6630247) AND (k <= 6630347))

explain: for range-covered :: explain SELECT k FROM sbtest%d WHERE k BETWEEN 6630247 AND 6630347
for range-covered
table 1 : explain SELECT k FROM sbtest1 WHERE k BETWEEN 6537596 AND 6537696
	Index Only Scan using k_1 on sbtest1  (cost=0.43..6.45 rows=101 width=4)
	  Index Cond: ((k >= 6537596) AND (k <= 6537696))

table 2 : explain SELECT k FROM sbtest2 WHERE k BETWEEN 6537596 AND 6537696
	Index Only Scan using k_2 on sbtest2  (cost=0.43..6.56 rows=106 width=4)
	  Index Cond: ((k >= 6537596) AND (k <= 6537696))

table 3 : explain SELECT k FROM sbtest3 WHERE k BETWEEN 6537596 AND 6537696
	Index Only Scan using k_3 on sbtest3  (cost=0.43..10.26 rows=91 width=4)
	  Index Cond: ((k >= 6537596) AND (k <= 6537696))

table 4 : explain SELECT k FROM sbtest4 WHERE k BETWEEN 6537596 AND 6537696
	Index Only Scan using k_4 on sbtest4  (cost=0.43..6.67 rows=112 width=4)
	  Index Cond: ((k >= 6537596) AND (k <= 6537696))

table 5 : explain SELECT k FROM sbtest5 WHERE k BETWEEN 6537596 AND 6537696
	Index Only Scan using k_5 on sbtest5  (cost=0.43..6.47 rows=102 width=4)
	  Index Cond: ((k >= 6537596) AND (k <= 6537696))

table 6 : explain SELECT k FROM sbtest6 WHERE k BETWEEN 6537596 AND 6537696
	Index Only Scan using k_6 on sbtest6  (cost=0.43..10.40 rows=98 width=4)
	  Index Cond: ((k >= 6537596) AND (k <= 6537696))

table 7 : explain SELECT k FROM sbtest7 WHERE k BETWEEN 6537596 AND 6537696
	Index Only Scan using k_7 on sbtest7  (cost=0.43..10.42 rows=99 width=4)
	  Index Cond: ((k >= 6537596) AND (k <= 6537696))

table 8 : explain SELECT k FROM sbtest8 WHERE k BETWEEN 6537596 AND 6537696
	Index Only Scan using k_8 on sbtest8  (cost=0.43..6.47 rows=102 width=4)
	  Index Cond: ((k >= 6537596) AND (k <= 6537696))

explain: for range-covered :: explain SELECT k FROM sbtest%d WHERE k BETWEEN 6537596 AND 6537696
explain: for range-covered :: explain SELECT k FROM sbtest%d WHERE k BETWEEN 4555644 AND 4555744
for range-covered
table 1 : explain SELECT k FROM sbtest1 WHERE k BETWEEN 6630247 AND 6630347
	Index Only Scan using k_1 on sbtest1  (cost=0.43..6.53 rows=105 width=4)
	  Index Cond: ((k >= 6630247) AND (k <= 6630347))

table 2 : explain SELECT k FROM sbtest2 WHERE k BETWEEN 6630247 AND 6630347
	Index Only Scan using k_2 on sbtest2  (cost=0.43..6.58 rows=107 width=4)
	  Index Cond: ((k >= 6630247) AND (k <= 6630347))

table 3 : explain SELECT k FROM sbtest3 WHERE k BETWEEN 6630247 AND 6630347
	Index Only Scan using k_3 on sbtest3  (cost=0.43..10.38 rows=97 width=4)
	  Index Cond: ((k >= 6630247) AND (k <= 6630347))

table 4 : explain SELECT k FROM sbtest4 WHERE k BETWEEN 6630247 AND 6630347
	Index Only Scan using k_4 on sbtest4  (cost=0.43..6.32 rows=94 width=4)
	  Index Cond: ((k >= 6630247) AND (k <= 6630347))

table 5 : explain SELECT k FROM sbtest5 WHERE k BETWEEN 6630247 AND 6630347
	Index Only Scan using k_5 on sbtest5  (cost=0.43..6.50 rows=103 width=4)
	  Index Cond: ((k >= 6630247) AND (k <= 6630347))

table 6 : explain SELECT k FROM sbtest6 WHERE k BETWEEN 6630247 AND 6630347
	Index Only Scan using k_6 on sbtest6  (cost=0.43..10.72 rows=114 width=4)
	  Index Cond: ((k >= 6630247) AND (k <= 6630347))

table 7 : explain SELECT k FROM sbtest7 WHERE k BETWEEN 6630247 AND 6630347
	Index Only Scan using k_7 on sbtest7  (cost=0.43..10.58 rows=107 width=4)
	  Index Cond: ((k >= 6630247) AND (k <= 6630347))

table 8 : explain SELECT k FROM sbtest8 WHERE k BETWEEN 6630247 AND 6630347
	Index Only Scan using k_8 on sbtest8  (cost=0.43..6.27 rows=92 width=4)
	  Index Cond: ((k >= 6630247) AND (k <= 6630347))

explain: for range-covered :: explain SELECT k FROM sbtest%d WHERE k BETWEEN 6630247 AND 6630347
for range-covered
table 1 : explain SELECT k FROM sbtest1 WHERE k BETWEEN 5751214 AND 5751314
	Index Only Scan using k_1 on sbtest1  (cost=0.43..6.27 rows=92 width=4)
	  Index Cond: ((k >= 5751214) AND (k <= 5751314))

table 2 : explain SELECT k FROM sbtest2 WHERE k BETWEEN 5751214 AND 5751314
	Index Only Scan using k_2 on sbtest2  (cost=0.43..6.69 rows=113 width=4)
	  Index Cond: ((k >= 5751214) AND (k <= 5751314))

table 3 : explain SELECT k FROM sbtest3 WHERE k BETWEEN 5751214 AND 5751314
	Index Only Scan using k_3 on sbtest3  (cost=0.43..10.72 rows=114 width=4)
	  Index Cond: ((k >= 5751214) AND (k <= 5751314))

table 4 : explain SELECT k FROM sbtest4 WHERE k BETWEEN 5751214 AND 5751314
	Index Only Scan using k_4 on sbtest4  (cost=0.43..6.58 rows=107 width=4)
	  Index Cond: ((k >= 5751214) AND (k <= 5751314))

table 5 : explain SELECT k FROM sbtest5 WHERE k BETWEEN 5751214 AND 5751314
	Index Only Scan using k_5 on sbtest5  (cost=0.43..6.33 rows=95 width=4)
	  Index Cond: ((k >= 5751214) AND (k <= 5751314))

table 6 : explain SELECT k FROM sbtest6 WHERE k BETWEEN 5751214 AND 5751314
	Index Only Scan using k_6 on sbtest6  (cost=0.43..10.36 rows=96 width=4)
	  Index Cond: ((k >= 5751214) AND (k <= 5751314))

table 7 : explain SELECT k FROM sbtest7 WHERE k BETWEEN 5751214 AND 5751314
	Index Only Scan using k_7 on sbtest7  (cost=0.43..10.40 rows=98 width=4)
	  Index Cond: ((k >= 5751214) AND (k <= 5751314))

table 8 : explain SELECT k FROM sbtest8 WHERE k BETWEEN 5751214 AND 5751314
	Index Only Scan using k_8 on sbtest8  (cost=0.43..6.59 rows=108 width=4)
	  Index Cond: ((k >= 5751214) AND (k <= 5751314))

for range-covered
table 1 : explain SELECT k FROM sbtest1 WHERE k BETWEEN 6537596 AND 6537696
	Index Only Scan using k_1 on sbtest1  (cost=0.43..6.45 rows=101 width=4)
	  Index Cond: ((k >= 6537596) AND (k <= 6537696))

table 2 : explain SELECT k FROM sbtest2 WHERE k BETWEEN 6537596 AND 6537696
	Index Only Scan using k_2 on sbtest2  (cost=0.43..6.56 rows=106 width=4)
	  Index Cond: ((k >= 6537596) AND (k <= 6537696))

table 3 : explain SELECT k FROM sbtest3 WHERE k BETWEEN 6537596 AND 6537696
	Index Only Scan using k_3 on sbtest3  (cost=0.43..10.26 rows=91 width=4)
	  Index Cond: ((k >= 6537596) AND (k <= 6537696))

table 4 : explain SELECT k FROM sbtest4 WHERE k BETWEEN 6537596 AND 6537696
	Index Only Scan using k_4 on sbtest4  (cost=0.43..6.67 rows=112 width=4)
	  Index Cond: ((k >= 6537596) AND (k <= 6537696))

table 5 : explain SELECT k FROM sbtest5 WHERE k BETWEEN 6537596 AND 6537696
	Index Only Scan using k_5 on sbtest5  (cost=0.43..6.47 rows=102 width=4)
	  Index Cond: ((k >= 6537596) AND (k <= 6537696))

table 6 : explain SELECT k FROM sbtest6 WHERE k BETWEEN 6537596 AND 6537696
	Index Only Scan using k_6 on sbtest6  (cost=0.43..10.40 rows=98 width=4)
	  Index Cond: ((k >= 6537596) AND (k <= 6537696))

table 7 : explain SELECT k FROM sbtest7 WHERE k BETWEEN 6537596 AND 6537696
	Index Only Scan using k_7 on sbtest7  (cost=0.43..10.42 rows=99 width=4)
	  Index Cond: ((k >= 6537596) AND (k <= 6537696))

table 8 : explain SELECT k FROM sbtest8 WHERE k BETWEEN 6537596 AND 6537696
	Index Only Scan using k_8 on sbtest8  (cost=0.43..6.47 rows=102 width=4)
	  Index Cond: ((k >= 6537596) AND (k <= 6537696))

explain: for range-covered :: explain SELECT k FROM sbtest%d WHERE k BETWEEN 6537596 AND 6537696
explain: for range-covered :: explain SELECT k FROM sbtest%d WHERE k BETWEEN 5751214 AND 5751314
for range-covered
table 1 : explain SELECT k FROM sbtest1 WHERE k BETWEEN 6630247 AND 6630347
	Index Only Scan using k_1 on sbtest1  (cost=0.43..6.53 rows=105 width=4)
	  Index Cond: ((k >= 6630247) AND (k <= 6630347))

table 2 : explain SELECT k FROM sbtest2 WHERE k BETWEEN 6630247 AND 6630347
	Index Only Scan using k_2 on sbtest2  (cost=0.43..6.58 rows=107 width=4)
	  Index Cond: ((k >= 6630247) AND (k <= 6630347))

table 3 : explain SELECT k FROM sbtest3 WHERE k BETWEEN 6630247 AND 6630347
	Index Only Scan using k_3 on sbtest3  (cost=0.43..10.38 rows=97 width=4)
	  Index Cond: ((k >= 6630247) AND (k <= 6630347))

table 4 : explain SELECT k FROM sbtest4 WHERE k BETWEEN 6630247 AND 6630347
	Index Only Scan using k_4 on sbtest4  (cost=0.43..6.32 rows=94 width=4)
	  Index Cond: ((k >= 6630247) AND (k <= 6630347))

table 5 : explain SELECT k FROM sbtest5 WHERE k BETWEEN 6630247 AND 6630347
	Index Only Scan using k_5 on sbtest5  (cost=0.43..6.50 rows=103 width=4)
	  Index Cond: ((k >= 6630247) AND (k <= 6630347))

table 6 : explain SELECT k FROM sbtest6 WHERE k BETWEEN 6630247 AND 6630347
	Index Only Scan using k_6 on sbtest6  (cost=0.43..10.72 rows=114 width=4)
	  Index Cond: ((k >= 6630247) AND (k <= 6630347))

table 7 : explain SELECT k FROM sbtest7 WHERE k BETWEEN 6630247 AND 6630347
	Index Only Scan using k_7 on sbtest7  (cost=0.43..10.58 rows=107 width=4)
	  Index Cond: ((k >= 6630247) AND (k <= 6630347))

table 8 : explain SELECT k FROM sbtest8 WHERE k BETWEEN 6630247 AND 6630347
	Index Only Scan using k_8 on sbtest8  (cost=0.43..6.27 rows=92 width=4)
	  Index Cond: ((k >= 6630247) AND (k <= 6630347))

for range-covered
table 1 : explain SELECT k FROM sbtest1 WHERE k BETWEEN 5428295 AND 5428395
	Index Only Scan using k_1 on sbtest1  (cost=0.43..6.50 rows=103 width=4)
	  Index Cond: ((k >= 5428295) AND (k <= 5428395))

table 2 : explain SELECT k FROM sbtest2 WHERE k BETWEEN 5428295 AND 5428395
	Index Only Scan using k_2 on sbtest2  (cost=0.43..6.50 rows=103 width=4)
	  Index Cond: ((k >= 5428295) AND (k <= 5428395))

table 3 : explain SELECT k FROM sbtest3 WHERE k BETWEEN 5428295 AND 5428395
	Index Only Scan using k_3 on sbtest3  (cost=0.43..10.42 rows=99 width=4)
	  Index Cond: ((k >= 5428295) AND (k <= 5428395))

table 4 : explain SELECT k FROM sbtest4 WHERE k BETWEEN 5428295 AND 5428395
	Index Only Scan using k_4 on sbtest4  (cost=0.43..6.51 rows=104 width=4)
	  Index Cond: ((k >= 5428295) AND (k <= 5428395))

table 5 : explain SELECT k FROM sbtest5 WHERE k BETWEEN 5428295 AND 5428395
	Index Only Scan using k_5 on sbtest5  (cost=0.43..6.67 rows=112 width=4)
	  Index Cond: ((k >= 5428295) AND (k <= 5428395))

table 6 : explain SELECT k FROM sbtest6 WHERE k BETWEEN 5428295 AND 5428395
	Index Only Scan using k_6 on sbtest6  (cost=0.43..10.38 rows=97 width=4)
	  Index Cond: ((k >= 5428295) AND (k <= 5428395))

table 7 : explain SELECT k FROM sbtest7 WHERE k BETWEEN 5428295 AND 5428395
	Index Only Scan using k_7 on sbtest7  (cost=0.43..10.60 rows=108 width=4)
	  Index Cond: ((k >= 5428295) AND (k <= 5428395))

table 8 : explain SELECT k FROM sbtest8 WHERE k BETWEEN 5428295 AND 5428395
	Index Only Scan using k_8 on sbtest8  (cost=0.43..6.50 rows=103 width=4)
	  Index Cond: ((k >= 5428295) AND (k <= 5428395))

explain: for range-covered :: explain SELECT k FROM sbtest%d WHERE k BETWEEN 5428295 AND 5428395
for range-covered
table 1 : explain SELECT k FROM sbtest1 WHERE k BETWEEN 3206528 AND 3206628
	Index Only Scan using k_1 on sbtest1  (cost=0.43..6.61 rows=109 width=4)
	  Index Cond: ((k >= 3206528) AND (k <= 3206628))

table 2 : explain SELECT k FROM sbtest2 WHERE k BETWEEN 3206528 AND 3206628
	Index Only Scan using k_2 on sbtest2  (cost=0.43..6.37 rows=97 width=4)
	  Index Cond: ((k >= 3206528) AND (k <= 3206628))

table 3 : explain SELECT k FROM sbtest3 WHERE k BETWEEN 3206528 AND 3206628
	Index Only Scan using k_3 on sbtest3  (cost=0.43..10.38 rows=97 width=4)
	  Index Cond: ((k >= 3206528) AND (k <= 3206628))

table 4 : explain SELECT k FROM sbtest4 WHERE k BETWEEN 3206528 AND 3206628
	Index Only Scan using k_4 on sbtest4  (cost=0.43..6.59 rows=108 width=4)
	  Index Cond: ((k >= 3206528) AND (k <= 3206628))

table 5 : explain SELECT k FROM sbtest5 WHERE k BETWEEN 3206528 AND 3206628
	Index Only Scan using k_5 on sbtest5  (cost=0.43..6.43 rows=100 width=4)
	  Index Cond: ((k >= 3206528) AND (k <= 3206628))

table 6 : explain SELECT k FROM sbtest6 WHERE k BETWEEN 3206528 AND 3206628
	Index Only Scan using k_6 on sbtest6  (cost=0.43..10.24 rows=90 width=4)
	  Index Cond: ((k >= 3206528) AND (k <= 3206628))

table 7 : explain SELECT k FROM sbtest7 WHERE k BETWEEN 3206528 AND 3206628
	Index Only Scan using k_7 on sbtest7  (cost=0.43..10.58 rows=107 width=4)
	  Index Cond: ((k >= 3206528) AND (k <= 3206628))

table 8 : explain SELECT k FROM sbtest8 WHERE k BETWEEN 3206528 AND 3206628
	Index Only Scan using k_8 on sbtest8  (cost=0.43..6.53 rows=105 width=4)
	  Index Cond: ((k >= 3206528) AND (k <= 3206628))

explain: for range-covered :: explain SELECT k FROM sbtest%d WHERE k BETWEEN 3206528 AND 3206628
for range-covered
table 1 : explain SELECT k FROM sbtest1 WHERE k BETWEEN 6537596 AND 6537696
	Index Only Scan using k_1 on sbtest1  (cost=0.43..6.45 rows=101 width=4)
	  Index Cond: ((k >= 6537596) AND (k <= 6537696))

table 2 : explain SELECT k FROM sbtest2 WHERE k BETWEEN 6537596 AND 6537696
	Index Only Scan using k_2 on sbtest2  (cost=0.43..6.56 rows=106 width=4)
	  Index Cond: ((k >= 6537596) AND (k <= 6537696))

table 3 : explain SELECT k FROM sbtest3 WHERE k BETWEEN 6537596 AND 6537696
	Index Only Scan using k_3 on sbtest3  (cost=0.43..10.26 rows=91 width=4)
	  Index Cond: ((k >= 6537596) AND (k <= 6537696))

table 4 : explain SELECT k FROM sbtest4 WHERE k BETWEEN 6537596 AND 6537696
	Index Only Scan using k_4 on sbtest4  (cost=0.43..6.67 rows=112 width=4)
	  Index Cond: ((k >= 6537596) AND (k <= 6537696))

table 5 : explain SELECT k FROM sbtest5 WHERE k BETWEEN 6537596 AND 6537696
	Index Only Scan using k_5 on sbtest5  (cost=0.43..6.47 rows=102 width=4)
	  Index Cond: ((k >= 6537596) AND (k <= 6537696))

table 6 : explain SELECT k FROM sbtest6 WHERE k BETWEEN 6537596 AND 6537696
	Index Only Scan using k_6 on sbtest6  (cost=0.43..10.40 rows=98 width=4)
	  Index Cond: ((k >= 6537596) AND (k <= 6537696))

table 7 : explain SELECT k FROM sbtest7 WHERE k BETWEEN 6537596 AND 6537696
	Index Only Scan using k_7 on sbtest7  (cost=0.43..10.42 rows=99 width=4)
	  Index Cond: ((k >= 6537596) AND (k <= 6537696))

table 8 : explain SELECT k FROM sbtest8 WHERE k BETWEEN 6537596 AND 6537696
	Index Only Scan using k_8 on sbtest8  (cost=0.43..6.47 rows=102 width=4)
	  Index Cond: ((k >= 6537596) AND (k <= 6537696))

explain: for range-covered :: explain SELECT k FROM sbtest%d WHERE k BETWEEN 6537596 AND 6537696
explain: for range-covered :: explain SELECT k FROM sbtest%d WHERE k BETWEEN 4268354 AND 4268454
for range-covered
table 1 : explain SELECT k FROM sbtest1 WHERE k BETWEEN 5751214 AND 5751314
	Index Only Scan using k_1 on sbtest1  (cost=0.43..6.27 rows=92 width=4)
	  Index Cond: ((k >= 5751214) AND (k <= 5751314))

table 2 : explain SELECT k FROM sbtest2 WHERE k BETWEEN 5751214 AND 5751314
	Index Only Scan using k_2 on sbtest2  (cost=0.43..6.69 rows=113 width=4)
	  Index Cond: ((k >= 5751214) AND (k <= 5751314))

table 3 : explain SELECT k FROM sbtest3 WHERE k BETWEEN 5751214 AND 5751314
	Index Only Scan using k_3 on sbtest3  (cost=0.43..10.72 rows=114 width=4)
	  Index Cond: ((k >= 5751214) AND (k <= 5751314))

table 4 : explain SELECT k FROM sbtest4 WHERE k BETWEEN 5751214 AND 5751314
	Index Only Scan using k_4 on sbtest4  (cost=0.43..6.58 rows=107 width=4)
	  Index Cond: ((k >= 5751214) AND (k <= 5751314))

table 5 : explain SELECT k FROM sbtest5 WHERE k BETWEEN 5751214 AND 5751314
	Index Only Scan using k_5 on sbtest5  (cost=0.43..6.33 rows=95 width=4)
	  Index Cond: ((k >= 5751214) AND (k <= 5751314))

table 6 : explain SELECT k FROM sbtest6 WHERE k BETWEEN 5751214 AND 5751314
	Index Only Scan using k_6 on sbtest6  (cost=0.43..10.36 rows=96 width=4)
	  Index Cond: ((k >= 5751214) AND (k <= 5751314))

table 7 : explain SELECT k FROM sbtest7 WHERE k BETWEEN 5751214 AND 5751314
	Index Only Scan using k_7 on sbtest7  (cost=0.43..10.40 rows=98 width=4)
	  Index Cond: ((k >= 5751214) AND (k <= 5751314))

table 8 : explain SELECT k FROM sbtest8 WHERE k BETWEEN 5751214 AND 5751314
	Index Only Scan using k_8 on sbtest8  (cost=0.43..6.59 rows=108 width=4)
	  Index Cond: ((k >= 5751214) AND (k <= 5751314))

explain: for range-covered :: explain SELECT k FROM sbtest%d WHERE k BETWEEN 5751214 AND 5751314
for range-covered
table 1 : explain SELECT k FROM sbtest1 WHERE k BETWEEN 5428295 AND 5428395
	Index Only Scan using k_1 on sbtest1  (cost=0.43..6.50 rows=103 width=4)
	  Index Cond: ((k >= 5428295) AND (k <= 5428395))

table 2 : explain SELECT k FROM sbtest2 WHERE k BETWEEN 5428295 AND 5428395
	Index Only Scan using k_2 on sbtest2  (cost=0.43..6.50 rows=103 width=4)
	  Index Cond: ((k >= 5428295) AND (k <= 5428395))

table 3 : explain SELECT k FROM sbtest3 WHERE k BETWEEN 5428295 AND 5428395
	Index Only Scan using k_3 on sbtest3  (cost=0.43..10.42 rows=99 width=4)
	  Index Cond: ((k >= 5428295) AND (k <= 5428395))

table 4 : explain SELECT k FROM sbtest4 WHERE k BETWEEN 5428295 AND 5428395
	Index Only Scan using k_4 on sbtest4  (cost=0.43..6.51 rows=104 width=4)
	  Index Cond: ((k >= 5428295) AND (k <= 5428395))

table 5 : explain SELECT k FROM sbtest5 WHERE k BETWEEN 5428295 AND 5428395
	Index Only Scan using k_5 on sbtest5  (cost=0.43..6.67 rows=112 width=4)
	  Index Cond: ((k >= 5428295) AND (k <= 5428395))

table 6 : explain SELECT k FROM sbtest6 WHERE k BETWEEN 5428295 AND 5428395
	Index Only Scan using k_6 on sbtest6  (cost=0.43..10.38 rows=97 width=4)
	  Index Cond: ((k >= 5428295) AND (k <= 5428395))

table 7 : explain SELECT k FROM sbtest7 WHERE k BETWEEN 5428295 AND 5428395
	Index Only Scan using k_7 on sbtest7  (cost=0.43..10.60 rows=108 width=4)
	  Index Cond: ((k >= 5428295) AND (k <= 5428395))

table 8 : explain SELECT k FROM sbtest8 WHERE k BETWEEN 5428295 AND 5428395
	Index Only Scan using k_8 on sbtest8  (cost=0.43..6.50 rows=103 width=4)
	  Index Cond: ((k >= 5428295) AND (k <= 5428395))

explain: for range-covered :: explain SELECT k FROM sbtest%d WHERE k BETWEEN 5428295 AND 5428395
for range-covered
table 1 : explain SELECT k FROM sbtest1 WHERE k BETWEEN 3206528 AND 3206628
	Index Only Scan using k_1 on sbtest1  (cost=0.43..6.61 rows=109 width=4)
	  Index Cond: ((k >= 3206528) AND (k <= 3206628))

table 2 : explain SELECT k FROM sbtest2 WHERE k BETWEEN 3206528 AND 3206628
	Index Only Scan using k_2 on sbtest2  (cost=0.43..6.37 rows=97 width=4)
	  Index Cond: ((k >= 3206528) AND (k <= 3206628))

table 3 : explain SELECT k FROM sbtest3 WHERE k BETWEEN 3206528 AND 3206628
	Index Only Scan using k_3 on sbtest3  (cost=0.43..10.38 rows=97 width=4)
	  Index Cond: ((k >= 3206528) AND (k <= 3206628))

table 4 : explain SELECT k FROM sbtest4 WHERE k BETWEEN 3206528 AND 3206628
	Index Only Scan using k_4 on sbtest4  (cost=0.43..6.59 rows=108 width=4)
	  Index Cond: ((k >= 3206528) AND (k <= 3206628))

table 5 : explain SELECT k FROM sbtest5 WHERE k BETWEEN 3206528 AND 3206628
	Index Only Scan using k_5 on sbtest5  (cost=0.43..6.43 rows=100 width=4)
	  Index Cond: ((k >= 3206528) AND (k <= 3206628))

table 6 : explain SELECT k FROM sbtest6 WHERE k BETWEEN 3206528 AND 3206628
	Index Only Scan using k_6 on sbtest6  (cost=0.43..10.24 rows=90 width=4)
	  Index Cond: ((k >= 3206528) AND (k <= 3206628))

table 7 : explain SELECT k FROM sbtest7 WHERE k BETWEEN 3206528 AND 3206628
	Index Only Scan using k_7 on sbtest7  (cost=0.43..10.58 rows=107 width=4)
	  Index Cond: ((k >= 3206528) AND (k <= 3206628))

table 8 : explain SELECT k FROM sbtest8 WHERE k BETWEEN 3206528 AND 3206628
	Index Only Scan using k_8 on sbtest8  (cost=0.43..6.53 rows=105 width=4)
	  Index Cond: ((k >= 3206528) AND (k <= 3206628))

explain: for range-covered :: explain SELECT k FROM sbtest%d WHERE k BETWEEN 3206528 AND 3206628
for range-covered
table 1 : explain SELECT k FROM sbtest1 WHERE k BETWEEN 6537596 AND 6537696
	Index Only Scan using k_1 on sbtest1  (cost=0.43..6.45 rows=101 width=4)
	  Index Cond: ((k >= 6537596) AND (k <= 6537696))

table 2 : explain SELECT k FROM sbtest2 WHERE k BETWEEN 6537596 AND 6537696
	Index Only Scan using k_2 on sbtest2  (cost=0.43..6.56 rows=106 width=4)
	  Index Cond: ((k >= 6537596) AND (k <= 6537696))

table 3 : explain SELECT k FROM sbtest3 WHERE k BETWEEN 6537596 AND 6537696
	Index Only Scan using k_3 on sbtest3  (cost=0.43..10.26 rows=91 width=4)
	  Index Cond: ((k >= 6537596) AND (k <= 6537696))

table 4 : explain SELECT k FROM sbtest4 WHERE k BETWEEN 6537596 AND 6537696
	Index Only Scan using k_4 on sbtest4  (cost=0.43..6.67 rows=112 width=4)
	  Index Cond: ((k >= 6537596) AND (k <= 6537696))

table 5 : explain SELECT k FROM sbtest5 WHERE k BETWEEN 6537596 AND 6537696
	Index Only Scan using k_5 on sbtest5  (cost=0.43..6.47 rows=102 width=4)
	  Index Cond: ((k >= 6537596) AND (k <= 6537696))

table 6 : explain SELECT k FROM sbtest6 WHERE k BETWEEN 6537596 AND 6537696
	Index Only Scan using k_6 on sbtest6  (cost=0.43..10.40 rows=98 width=4)
	  Index Cond: ((k >= 6537596) AND (k <= 6537696))

table 7 : explain SELECT k FROM sbtest7 WHERE k BETWEEN 6537596 AND 6537696
	Index Only Scan using k_7 on sbtest7  (cost=0.43..10.42 rows=99 width=4)
	  Index Cond: ((k >= 6537596) AND (k <= 6537696))

table 8 : explain SELECT k FROM sbtest8 WHERE k BETWEEN 6537596 AND 6537696
	Index Only Scan using k_8 on sbtest8  (cost=0.43..6.47 rows=102 width=4)
	  Index Cond: ((k >= 6537596) AND (k <= 6537696))

explain: for range-covered :: explain SELECT k FROM sbtest%d WHERE k BETWEEN 6537596 AND 6537696
for range-covered
table 1 : explain SELECT k FROM sbtest1 WHERE k BETWEEN 3570025 AND 3570125
	Index Only Scan using k_1 on sbtest1  (cost=0.43..6.42 rows=99 width=4)
	  Index Cond: ((k >= 3570025) AND (k <= 3570125))

table 2 : explain SELECT k FROM sbtest2 WHERE k BETWEEN 3570025 AND 3570125
	Index Only Scan using k_2 on sbtest2  (cost=0.43..6.59 rows=108 width=4)
	  Index Cond: ((k >= 3570025) AND (k <= 3570125))

table 3 : explain SELECT k FROM sbtest3 WHERE k BETWEEN 3570025 AND 3570125
	Index Only Scan using k_3 on sbtest3  (cost=0.43..10.54 rows=105 width=4)
	  Index Cond: ((k >= 3570025) AND (k <= 3570125))

table 4 : explain SELECT k FROM sbtest4 WHERE k BETWEEN 3570025 AND 3570125
	Index Only Scan using k_4 on sbtest4  (cost=0.43..6.37 rows=97 width=4)
	  Index Cond: ((k >= 3570025) AND (k <= 3570125))

table 5 : explain SELECT k FROM sbtest5 WHERE k BETWEEN 3570025 AND 3570125
	Index Only Scan using k_5 on sbtest5  (cost=0.43..6.59 rows=108 width=4)
	  Index Cond: ((k >= 3570025) AND (k <= 3570125))

table 6 : explain SELECT k FROM sbtest6 WHERE k BETWEEN 3570025 AND 3570125
	Index Only Scan using k_6 on sbtest6  (cost=0.43..10.60 rows=108 width=4)
	  Index Cond: ((k >= 3570025) AND (k <= 3570125))

table 7 : explain SELECT k FROM sbtest7 WHERE k BETWEEN 3570025 AND 3570125
	Index Only Scan using k_7 on sbtest7  (cost=0.43..10.51 rows=104 width=4)
	  Index Cond: ((k >= 3570025) AND (k <= 3570125))

table 8 : explain SELECT k FROM sbtest8 WHERE k BETWEEN 3570025 AND 3570125
	Index Only Scan using k_8 on sbtest8  (cost=0.43..6.56 rows=106 width=4)
	  Index Cond: ((k >= 3570025) AND (k <= 3570125))

explain: for range-covered :: explain SELECT k FROM sbtest%d WHERE k BETWEEN 3570025 AND 3570125
for range-covered
table 1 : explain SELECT k FROM sbtest1 WHERE k BETWEEN 5428295 AND 5428395
	Index Only Scan using k_1 on sbtest1  (cost=0.43..6.50 rows=103 width=4)
	  Index Cond: ((k >= 5428295) AND (k <= 5428395))

table 2 : explain SELECT k FROM sbtest2 WHERE k BETWEEN 5428295 AND 5428395
	Index Only Scan using k_2 on sbtest2  (cost=0.43..6.50 rows=103 width=4)
	  Index Cond: ((k >= 5428295) AND (k <= 5428395))

table 3 : explain SELECT k FROM sbtest3 WHERE k BETWEEN 5428295 AND 5428395
	Index Only Scan using k_3 on sbtest3  (cost=0.43..10.42 rows=99 width=4)
	  Index Cond: ((k >= 5428295) AND (k <= 5428395))

table 4 : explain SELECT k FROM sbtest4 WHERE k BETWEEN 5428295 AND 5428395
	Index Only Scan using k_4 on sbtest4  (cost=0.43..6.51 rows=104 width=4)
	  Index Cond: ((k >= 5428295) AND (k <= 5428395))

table 5 : explain SELECT k FROM sbtest5 WHERE k BETWEEN 5428295 AND 5428395
	Index Only Scan using k_5 on sbtest5  (cost=0.43..6.67 rows=112 width=4)
	  Index Cond: ((k >= 5428295) AND (k <= 5428395))

table 6 : explain SELECT k FROM sbtest6 WHERE k BETWEEN 5428295 AND 5428395
	Index Only Scan using k_6 on sbtest6  (cost=0.43..10.38 rows=97 width=4)
	  Index Cond: ((k >= 5428295) AND (k <= 5428395))

table 7 : explain SELECT k FROM sbtest7 WHERE k BETWEEN 5428295 AND 5428395
	Index Only Scan using k_7 on sbtest7  (cost=0.43..10.60 rows=108 width=4)
	  Index Cond: ((k >= 5428295) AND (k <= 5428395))

table 8 : explain SELECT k FROM sbtest8 WHERE k BETWEEN 5428295 AND 5428395
	Index Only Scan using k_8 on sbtest8  (cost=0.43..6.50 rows=103 width=4)
	  Index Cond: ((k >= 5428295) AND (k <= 5428395))

explain: for range-covered :: explain SELECT k FROM sbtest%d WHERE k BETWEEN 5428295 AND 5428395
for range-covered
table 1 : explain SELECT k FROM sbtest1 WHERE k BETWEEN 3206528 AND 3206628
	Index Only Scan using k_1 on sbtest1  (cost=0.43..6.61 rows=109 width=4)
	  Index Cond: ((k >= 3206528) AND (k <= 3206628))

table 2 : explain SELECT k FROM sbtest2 WHERE k BETWEEN 3206528 AND 3206628
	Index Only Scan using k_2 on sbtest2  (cost=0.43..6.37 rows=97 width=4)
	  Index Cond: ((k >= 3206528) AND (k <= 3206628))

table 3 : explain SELECT k FROM sbtest3 WHERE k BETWEEN 3206528 AND 3206628
	Index Only Scan using k_3 on sbtest3  (cost=0.43..10.38 rows=97 width=4)
	  Index Cond: ((k >= 3206528) AND (k <= 3206628))

table 4 : explain SELECT k FROM sbtest4 WHERE k BETWEEN 3206528 AND 3206628
	Index Only Scan using k_4 on sbtest4  (cost=0.43..6.59 rows=108 width=4)
	  Index Cond: ((k >= 3206528) AND (k <= 3206628))

table 5 : explain SELECT k FROM sbtest5 WHERE k BETWEEN 3206528 AND 3206628
	Index Only Scan using k_5 on sbtest5  (cost=0.43..6.43 rows=100 width=4)
	  Index Cond: ((k >= 3206528) AND (k <= 3206628))

table 6 : explain SELECT k FROM sbtest6 WHERE k BETWEEN 3206528 AND 3206628
	Index Only Scan using k_6 on sbtest6  (cost=0.43..10.24 rows=90 width=4)
	  Index Cond: ((k >= 3206528) AND (k <= 3206628))

table 7 : explain SELECT k FROM sbtest7 WHERE k BETWEEN 3206528 AND 3206628
	Index Only Scan using k_7 on sbtest7  (cost=0.43..10.58 rows=107 width=4)
	  Index Cond: ((k >= 3206528) AND (k <= 3206628))

table 8 : explain SELECT k FROM sbtest8 WHERE k BETWEEN 3206528 AND 3206628
	Index Only Scan using k_8 on sbtest8  (cost=0.43..6.53 rows=105 width=4)
	  Index Cond: ((k >= 3206528) AND (k <= 3206628))

for range-covered
table 1 : explain SELECT k FROM sbtest1 WHERE k BETWEEN 5751214 AND 5751314
	Index Only Scan using k_1 on sbtest1  (cost=0.43..6.27 rows=92 width=4)
	  Index Cond: ((k >= 5751214) AND (k <= 5751314))

table 2 : explain SELECT k FROM sbtest2 WHERE k BETWEEN 5751214 AND 5751314
	Index Only Scan using k_2 on sbtest2  (cost=0.43..6.69 rows=113 width=4)
	  Index Cond: ((k >= 5751214) AND (k <= 5751314))

table 3 : explain SELECT k FROM sbtest3 WHERE k BETWEEN 5751214 AND 5751314
	Index Only Scan using k_3 on sbtest3  (cost=0.43..10.72 rows=114 width=4)
	  Index Cond: ((k >= 5751214) AND (k <= 5751314))

table 4 : explain SELECT k FROM sbtest4 WHERE k BETWEEN 5751214 AND 5751314
	Index Only Scan using k_4 on sbtest4  (cost=0.43..6.58 rows=107 width=4)
	  Index Cond: ((k >= 5751214) AND (k <= 5751314))

table 5 : explain SELECT k FROM sbtest5 WHERE k BETWEEN 5751214 AND 5751314
	Index Only Scan using k_5 on sbtest5  (cost=0.43..6.33 rows=95 width=4)
	  Index Cond: ((k >= 5751214) AND (k <= 5751314))

table 6 : explain SELECT k FROM sbtest6 WHERE k BETWEEN 5751214 AND 5751314
	Index Only Scan using k_6 on sbtest6  (cost=0.43..10.36 rows=96 width=4)
	  Index Cond: ((k >= 5751214) AND (k <= 5751314))

table 7 : explain SELECT k FROM sbtest7 WHERE k BETWEEN 5751214 AND 5751314
	Index Only Scan using k_7 on sbtest7  (cost=0.43..10.40 rows=98 width=4)
	  Index Cond: ((k >= 5751214) AND (k <= 5751314))

table 8 : explain SELECT k FROM sbtest8 WHERE k BETWEEN 5751214 AND 5751314
	Index Only Scan using k_8 on sbtest8  (cost=0.43..6.59 rows=108 width=4)
	  Index Cond: ((k >= 5751214) AND (k <= 5751314))

explain: for range-covered :: explain SELECT k FROM sbtest%d WHERE k BETWEEN 3206528 AND 3206628
explain: for range-covered :: explain SELECT k FROM sbtest%d WHERE k BETWEEN 5751214 AND 5751314
for range-covered
table 1 : explain SELECT k FROM sbtest1 WHERE k BETWEEN 5428295 AND 5428395
	Index Only Scan using k_1 on sbtest1  (cost=0.43..6.50 rows=103 width=4)
	  Index Cond: ((k >= 5428295) AND (k <= 5428395))

table 2 : explain SELECT k FROM sbtest2 WHERE k BETWEEN 5428295 AND 5428395
	Index Only Scan using k_2 on sbtest2  (cost=0.43..6.50 rows=103 width=4)
	  Index Cond: ((k >= 5428295) AND (k <= 5428395))

table 3 : explain SELECT k FROM sbtest3 WHERE k BETWEEN 5428295 AND 5428395
	Index Only Scan using k_3 on sbtest3  (cost=0.43..10.42 rows=99 width=4)
	  Index Cond: ((k >= 5428295) AND (k <= 5428395))

table 4 : explain SELECT k FROM sbtest4 WHERE k BETWEEN 5428295 AND 5428395
	Index Only Scan using k_4 on sbtest4  (cost=0.43..6.51 rows=104 width=4)
	  Index Cond: ((k >= 5428295) AND (k <= 5428395))

table 5 : explain SELECT k FROM sbtest5 WHERE k BETWEEN 5428295 AND 5428395
	Index Only Scan using k_5 on sbtest5  (cost=0.43..6.67 rows=112 width=4)
	  Index Cond: ((k >= 5428295) AND (k <= 5428395))

table 6 : explain SELECT k FROM sbtest6 WHERE k BETWEEN 5428295 AND 5428395
	Index Only Scan using k_6 on sbtest6  (cost=0.43..10.38 rows=97 width=4)
	  Index Cond: ((k >= 5428295) AND (k <= 5428395))

table 7 : explain SELECT k FROM sbtest7 WHERE k BETWEEN 5428295 AND 5428395
	Index Only Scan using k_7 on sbtest7  (cost=0.43..10.60 rows=108 width=4)
	  Index Cond: ((k >= 5428295) AND (k <= 5428395))

table 8 : explain SELECT k FROM sbtest8 WHERE k BETWEEN 5428295 AND 5428395
	Index Only Scan using k_8 on sbtest8  (cost=0.43..6.50 rows=103 width=4)
	  Index Cond: ((k >= 5428295) AND (k <= 5428395))

explain: for range-covered :: explain SELECT k FROM sbtest%d WHERE k BETWEEN 5428295 AND 5428395
for range-covered
table 1 : explain SELECT k FROM sbtest1 WHERE k BETWEEN 3206528 AND 3206628
	Index Only Scan using k_1 on sbtest1  (cost=0.43..6.61 rows=109 width=4)
	  Index Cond: ((k >= 3206528) AND (k <= 3206628))

table 2 : explain SELECT k FROM sbtest2 WHERE k BETWEEN 3206528 AND 3206628
	Index Only Scan using k_2 on sbtest2  (cost=0.43..6.37 rows=97 width=4)
	  Index Cond: ((k >= 3206528) AND (k <= 3206628))

table 3 : explain SELECT k FROM sbtest3 WHERE k BETWEEN 3206528 AND 3206628
	Index Only Scan using k_3 on sbtest3  (cost=0.43..10.38 rows=97 width=4)
	  Index Cond: ((k >= 3206528) AND (k <= 3206628))

table 4 : explain SELECT k FROM sbtest4 WHERE k BETWEEN 3206528 AND 3206628
	Index Only Scan using k_4 on sbtest4  (cost=0.43..6.59 rows=108 width=4)
	  Index Cond: ((k >= 3206528) AND (k <= 3206628))

table 5 : explain SELECT k FROM sbtest5 WHERE k BETWEEN 3206528 AND 3206628
	Index Only Scan using k_5 on sbtest5  (cost=0.43..6.43 rows=100 width=4)
	  Index Cond: ((k >= 3206528) AND (k <= 3206628))

table 6 : explain SELECT k FROM sbtest6 WHERE k BETWEEN 3206528 AND 3206628
	Index Only Scan using k_6 on sbtest6  (cost=0.43..10.24 rows=90 width=4)
	  Index Cond: ((k >= 3206528) AND (k <= 3206628))

table 7 : explain SELECT k FROM sbtest7 WHERE k BETWEEN 3206528 AND 3206628
	Index Only Scan using k_7 on sbtest7  (cost=0.43..10.58 rows=107 width=4)
	  Index Cond: ((k >= 3206528) AND (k <= 3206628))

table 8 : explain SELECT k FROM sbtest8 WHERE k BETWEEN 3206528 AND 3206628
	Index Only Scan using k_8 on sbtest8  (cost=0.43..6.53 rows=105 width=4)
	  Index Cond: ((k >= 3206528) AND (k <= 3206628))

explain: for range-covered :: explain SELECT k FROM sbtest%d WHERE k BETWEEN 3206528 AND 3206628
for range-covered
table 1 : explain SELECT k FROM sbtest1 WHERE k BETWEEN 6537596 AND 6537696
	Index Only Scan using k_1 on sbtest1  (cost=0.43..6.45 rows=101 width=4)
	  Index Cond: ((k >= 6537596) AND (k <= 6537696))

table 2 : explain SELECT k FROM sbtest2 WHERE k BETWEEN 6537596 AND 6537696
	Index Only Scan using k_2 on sbtest2  (cost=0.43..6.56 rows=106 width=4)
	  Index Cond: ((k >= 6537596) AND (k <= 6537696))

table 3 : explain SELECT k FROM sbtest3 WHERE k BETWEEN 6537596 AND 6537696
	Index Only Scan using k_3 on sbtest3  (cost=0.43..10.26 rows=91 width=4)
	  Index Cond: ((k >= 6537596) AND (k <= 6537696))

table 4 : explain SELECT k FROM sbtest4 WHERE k BETWEEN 6537596 AND 6537696
	Index Only Scan using k_4 on sbtest4  (cost=0.43..6.67 rows=112 width=4)
	  Index Cond: ((k >= 6537596) AND (k <= 6537696))

table 5 : explain SELECT k FROM sbtest5 WHERE k BETWEEN 6537596 AND 6537696
	Index Only Scan using k_5 on sbtest5  (cost=0.43..6.47 rows=102 width=4)
	  Index Cond: ((k >= 6537596) AND (k <= 6537696))

table 6 : explain SELECT k FROM sbtest6 WHERE k BETWEEN 6537596 AND 6537696
	Index Only Scan using k_6 on sbtest6  (cost=0.43..10.40 rows=98 width=4)
	  Index Cond: ((k >= 6537596) AND (k <= 6537696))

table 7 : explain SELECT k FROM sbtest7 WHERE k BETWEEN 6537596 AND 6537696
	Index Only Scan using k_7 on sbtest7  (cost=0.43..10.42 rows=99 width=4)
	  Index Cond: ((k >= 6537596) AND (k <= 6537696))

table 8 : explain SELECT k FROM sbtest8 WHERE k BETWEEN 6537596 AND 6537696
	Index Only Scan using k_8 on sbtest8  (cost=0.43..6.47 rows=102 width=4)
	  Index Cond: ((k >= 6537596) AND (k <= 6537696))

for range-covered
table 1 : explain SELECT k FROM sbtest1 WHERE k BETWEEN 3570025 AND 3570125
	Index Only Scan using k_1 on sbtest1  (cost=0.43..6.42 rows=99 width=4)
	  Index Cond: ((k >= 3570025) AND (k <= 3570125))

table 2 : explain SELECT k FROM sbtest2 WHERE k BETWEEN 3570025 AND 3570125
	Index Only Scan using k_2 on sbtest2  (cost=0.43..6.59 rows=108 width=4)
	  Index Cond: ((k >= 3570025) AND (k <= 3570125))

table 3 : explain SELECT k FROM sbtest3 WHERE k BETWEEN 3570025 AND 3570125
	Index Only Scan using k_3 on sbtest3  (cost=0.43..10.54 rows=105 width=4)
	  Index Cond: ((k >= 3570025) AND (k <= 3570125))

table 4 : explain SELECT k FROM sbtest4 WHERE k BETWEEN 3570025 AND 3570125
	Index Only Scan using k_4 on sbtest4  (cost=0.43..6.37 rows=97 width=4)
	  Index Cond: ((k >= 3570025) AND (k <= 3570125))

table 5 : explain SELECT k FROM sbtest5 WHERE k BETWEEN 3570025 AND 3570125
	Index Only Scan using k_5 on sbtest5  (cost=0.43..6.59 rows=108 width=4)
	  Index Cond: ((k >= 3570025) AND (k <= 3570125))

table 6 : explain SELECT k FROM sbtest6 WHERE k BETWEEN 3570025 AND 3570125
	Index Only Scan using k_6 on sbtest6  (cost=0.43..10.60 rows=108 width=4)
	  Index Cond: ((k >= 3570025) AND (k <= 3570125))

table 7 : explain SELECT k FROM sbtest7 WHERE k BETWEEN 3570025 AND 3570125
	Index Only Scan using k_7 on sbtest7  (cost=0.43..10.51 rows=104 width=4)
	  Index Cond: ((k >= 3570025) AND (k <= 3570125))

table 8 : explain SELECT k FROM sbtest8 WHERE k BETWEEN 3570025 AND 3570125
	Index Only Scan using k_8 on sbtest8  (cost=0.43..6.56 rows=106 width=4)
	  Index Cond: ((k >= 3570025) AND (k <= 3570125))

explain: for range-covered :: explain SELECT k FROM sbtest%d WHERE k BETWEEN 6537596 AND 6537696
explain: for range-covered :: explain SELECT k FROM sbtest%d WHERE k BETWEEN 3570025 AND 3570125
for range-covered
table 1 : explain SELECT k FROM sbtest1 WHERE k BETWEEN 4555644 AND 4555744
	Index Only Scan using k_1 on sbtest1  (cost=0.43..6.43 rows=100 width=4)
	  Index Cond: ((k >= 4555644) AND (k <= 4555744))

table 2 : explain SELECT k FROM sbtest2 WHERE k BETWEEN 4555644 AND 4555744
	Index Only Scan using k_2 on sbtest2  (cost=0.43..6.50 rows=103 width=4)
	  Index Cond: ((k >= 4555644) AND (k <= 4555744))

table 3 : explain SELECT k FROM sbtest3 WHERE k BETWEEN 4555644 AND 4555744
	Index Only Scan using k_3 on sbtest3  (cost=0.43..10.50 rows=103 width=4)
	  Index Cond: ((k >= 4555644) AND (k <= 4555744))

table 4 : explain SELECT k FROM sbtest4 WHERE k BETWEEN 4555644 AND 4555744
	Index Only Scan using k_4 on sbtest4  (cost=0.43..6.53 rows=105 width=4)
	  Index Cond: ((k >= 4555644) AND (k <= 4555744))

table 5 : explain SELECT k FROM sbtest5 WHERE k BETWEEN 4555644 AND 4555744
	Index Only Scan using k_5 on sbtest5  (cost=0.43..6.53 rows=105 width=4)
	  Index Cond: ((k >= 4555644) AND (k <= 4555744))

table 6 : explain SELECT k FROM sbtest6 WHERE k BETWEEN 4555644 AND 4555744
	Index Only Scan using k_6 on sbtest6  (cost=0.43..10.42 rows=99 width=4)
	  Index Cond: ((k >= 4555644) AND (k <= 4555744))

table 7 : explain SELECT k FROM sbtest7 WHERE k BETWEEN 4555644 AND 4555744
	Index Only Scan using k_7 on sbtest7  (cost=0.43..10.33 rows=95 width=4)
	  Index Cond: ((k >= 4555644) AND (k <= 4555744))

table 8 : explain SELECT k FROM sbtest8 WHERE k BETWEEN 4555644 AND 4555744
	Index Only Scan using k_8 on sbtest8  (cost=0.43..6.61 rows=109 width=4)
	  Index Cond: ((k >= 4555644) AND (k <= 4555744))

explain: for range-covered :: explain SELECT k FROM sbtest%d WHERE k BETWEEN 4555644 AND 4555744
for range-covered
table 1 : explain SELECT k FROM sbtest1 WHERE k BETWEEN 3206528 AND 3206628
	Index Only Scan using k_1 on sbtest1  (cost=0.43..6.61 rows=109 width=4)
	  Index Cond: ((k >= 3206528) AND (k <= 3206628))

table 2 : explain SELECT k FROM sbtest2 WHERE k BETWEEN 3206528 AND 3206628
	Index Only Scan using k_2 on sbtest2  (cost=0.43..6.37 rows=97 width=4)
	  Index Cond: ((k >= 3206528) AND (k <= 3206628))

table 3 : explain SELECT k FROM sbtest3 WHERE k BETWEEN 3206528 AND 3206628
	Index Only Scan using k_3 on sbtest3  (cost=0.43..10.38 rows=97 width=4)
	  Index Cond: ((k >= 3206528) AND (k <= 3206628))

table 4 : explain SELECT k FROM sbtest4 WHERE k BETWEEN 3206528 AND 3206628
	Index Only Scan using k_4 on sbtest4  (cost=0.43..6.59 rows=108 width=4)
	  Index Cond: ((k >= 3206528) AND (k <= 3206628))

table 5 : explain SELECT k FROM sbtest5 WHERE k BETWEEN 3206528 AND 3206628
	Index Only Scan using k_5 on sbtest5  (cost=0.43..6.43 rows=100 width=4)
	  Index Cond: ((k >= 3206528) AND (k <= 3206628))

table 6 : explain SELECT k FROM sbtest6 WHERE k BETWEEN 3206528 AND 3206628
	Index Only Scan using k_6 on sbtest6  (cost=0.43..10.24 rows=90 width=4)
	  Index Cond: ((k >= 3206528) AND (k <= 3206628))

table 7 : explain SELECT k FROM sbtest7 WHERE k BETWEEN 3206528 AND 3206628
	Index Only Scan using k_7 on sbtest7  (cost=0.43..10.58 rows=107 width=4)
	  Index Cond: ((k >= 3206528) AND (k <= 3206628))

table 8 : explain SELECT k FROM sbtest8 WHERE k BETWEEN 3206528 AND 3206628
	Index Only Scan using k_8 on sbtest8  (cost=0.43..6.53 rows=105 width=4)
	  Index Cond: ((k >= 3206528) AND (k <= 3206628))

for range-covered
table 1 : explain SELECT k FROM sbtest1 WHERE k BETWEEN 5428295 AND 5428395
	Index Only Scan using k_1 on sbtest1  (cost=0.43..6.50 rows=103 width=4)
	  Index Cond: ((k >= 5428295) AND (k <= 5428395))

table 2 : explain SELECT k FROM sbtest2 WHERE k BETWEEN 5428295 AND 5428395
	Index Only Scan using k_2 on sbtest2  (cost=0.43..6.50 rows=103 width=4)
	  Index Cond: ((k >= 5428295) AND (k <= 5428395))

table 3 : explain SELECT k FROM sbtest3 WHERE k BETWEEN 5428295 AND 5428395
	Index Only Scan using k_3 on sbtest3  (cost=0.43..10.42 rows=99 width=4)
	  Index Cond: ((k >= 5428295) AND (k <= 5428395))

table 4 : explain SELECT k FROM sbtest4 WHERE k BETWEEN 5428295 AND 5428395
	Index Only Scan using k_4 on sbtest4  (cost=0.43..6.51 rows=104 width=4)
	  Index Cond: ((k >= 5428295) AND (k <= 5428395))

table 5 : explain SELECT k FROM sbtest5 WHERE k BETWEEN 5428295 AND 5428395
	Index Only Scan using k_5 on sbtest5  (cost=0.43..6.67 rows=112 width=4)
	  Index Cond: ((k >= 5428295) AND (k <= 5428395))

table 6 : explain SELECT k FROM sbtest6 WHERE k BETWEEN 5428295 AND 5428395
	Index Only Scan using k_6 on sbtest6  (cost=0.43..10.38 rows=97 width=4)
	  Index Cond: ((k >= 5428295) AND (k <= 5428395))

table 7 : explain SELECT k FROM sbtest7 WHERE k BETWEEN 5428295 AND 5428395
	Index Only Scan using k_7 on sbtest7  (cost=0.43..10.60 rows=108 width=4)
	  Index Cond: ((k >= 5428295) AND (k <= 5428395))

table 8 : explain SELECT k FROM sbtest8 WHERE k BETWEEN 5428295 AND 5428395
	Index Only Scan using k_8 on sbtest8  (cost=0.43..6.50 rows=103 width=4)
	  Index Cond: ((k >= 5428295) AND (k <= 5428395))

for range-covered
table 1 : explain SELECT k FROM sbtest1 WHERE k BETWEEN 5751214 AND 5751314
	Index Only Scan using k_1 on sbtest1  (cost=0.43..6.27 rows=92 width=4)
	  Index Cond: ((k >= 5751214) AND (k <= 5751314))

table 2 : explain SELECT k FROM sbtest2 WHERE k BETWEEN 5751214 AND 5751314
	Index Only Scan using k_2 on sbtest2  (cost=0.43..6.69 rows=113 width=4)
	  Index Cond: ((k >= 5751214) AND (k <= 5751314))

table 3 : explain SELECT k FROM sbtest3 WHERE k BETWEEN 5751214 AND 5751314
	Index Only Scan using k_3 on sbtest3  (cost=0.43..10.72 rows=114 width=4)
	  Index Cond: ((k >= 5751214) AND (k <= 5751314))

table 4 : explain SELECT k FROM sbtest4 WHERE k BETWEEN 5751214 AND 5751314
	Index Only Scan using k_4 on sbtest4  (cost=0.43..6.58 rows=107 width=4)
	  Index Cond: ((k >= 5751214) AND (k <= 5751314))

table 5 : explain SELECT k FROM sbtest5 WHERE k BETWEEN 5751214 AND 5751314
	Index Only Scan using k_5 on sbtest5  (cost=0.43..6.33 rows=95 width=4)
	  Index Cond: ((k >= 5751214) AND (k <= 5751314))

table 6 : explain SELECT k FROM sbtest6 WHERE k BETWEEN 5751214 AND 5751314
	Index Only Scan using k_6 on sbtest6  (cost=0.43..10.36 rows=96 width=4)
	  Index Cond: ((k >= 5751214) AND (k <= 5751314))

table 7 : explain SELECT k FROM sbtest7 WHERE k BETWEEN 5751214 AND 5751314
	Index Only Scan using k_7 on sbtest7  (cost=0.43..10.40 rows=98 width=4)
	  Index Cond: ((k >= 5751214) AND (k <= 5751314))

table 8 : explain SELECT k FROM sbtest8 WHERE k BETWEEN 5751214 AND 5751314
	Index Only Scan using k_8 on sbtest8  (cost=0.43..6.59 rows=108 width=4)
	  Index Cond: ((k >= 5751214) AND (k <= 5751314))

explain: for range-covered :: explain SELECT k FROM sbtest%d WHERE k BETWEEN 3206528 AND 3206628
explain: for range-covered :: explain SELECT k FROM sbtest%d WHERE k BETWEEN 5751214 AND 5751314
for range-covered
table 1 : explain SELECT k FROM sbtest1 WHERE k BETWEEN 4555644 AND 4555744
	Index Only Scan using k_1 on sbtest1  (cost=0.43..6.43 rows=100 width=4)
	  Index Cond: ((k >= 4555644) AND (k <= 4555744))

table 2 : explain SELECT k FROM sbtest2 WHERE k BETWEEN 4555644 AND 4555744
	Index Only Scan using k_2 on sbtest2  (cost=0.43..6.50 rows=103 width=4)
	  Index Cond: ((k >= 4555644) AND (k <= 4555744))

table 3 : explain SELECT k FROM sbtest3 WHERE k BETWEEN 4555644 AND 4555744
	Index Only Scan using k_3 on sbtest3  (cost=0.43..10.50 rows=103 width=4)
	  Index Cond: ((k >= 4555644) AND (k <= 4555744))

table 4 : explain SELECT k FROM sbtest4 WHERE k BETWEEN 4555644 AND 4555744
	Index Only Scan using k_4 on sbtest4  (cost=0.43..6.53 rows=105 width=4)
	  Index Cond: ((k >= 4555644) AND (k <= 4555744))

table 5 : explain SELECT k FROM sbtest5 WHERE k BETWEEN 4555644 AND 4555744
	Index Only Scan using k_5 on sbtest5  (cost=0.43..6.53 rows=105 width=4)
	  Index Cond: ((k >= 4555644) AND (k <= 4555744))

table 6 : explain SELECT k FROM sbtest6 WHERE k BETWEEN 4555644 AND 4555744
	Index Only Scan using k_6 on sbtest6  (cost=0.43..10.42 rows=99 width=4)
	  Index Cond: ((k >= 4555644) AND (k <= 4555744))

table 7 : explain SELECT k FROM sbtest7 WHERE k BETWEEN 4555644 AND 4555744
	Index Only Scan using k_7 on sbtest7  (cost=0.43..10.33 rows=95 width=4)
	  Index Cond: ((k >= 4555644) AND (k <= 4555744))

table 8 : explain SELECT k FROM sbtest8 WHERE k BETWEEN 4555644 AND 4555744
	Index Only Scan using k_8 on sbtest8  (cost=0.43..6.61 rows=109 width=4)
	  Index Cond: ((k >= 4555644) AND (k <= 4555744))

for range-covered
table 1 : explain SELECT k FROM sbtest1 WHERE k BETWEEN 3206528 AND 3206628
	Index Only Scan using k_1 on sbtest1  (cost=0.43..6.61 rows=109 width=4)
	  Index Cond: ((k >= 3206528) AND (k <= 3206628))

table 2 : explain SELECT k FROM sbtest2 WHERE k BETWEEN 3206528 AND 3206628
	Index Only Scan using k_2 on sbtest2  (cost=0.43..6.37 rows=97 width=4)
	  Index Cond: ((k >= 3206528) AND (k <= 3206628))

table 3 : explain SELECT k FROM sbtest3 WHERE k BETWEEN 3206528 AND 3206628
	Index Only Scan using k_3 on sbtest3  (cost=0.43..10.38 rows=97 width=4)
	  Index Cond: ((k >= 3206528) AND (k <= 3206628))

table 4 : explain SELECT k FROM sbtest4 WHERE k BETWEEN 3206528 AND 3206628
	Index Only Scan using k_4 on sbtest4  (cost=0.43..6.59 rows=108 width=4)
	  Index Cond: ((k >= 3206528) AND (k <= 3206628))

table 5 : explain SELECT k FROM sbtest5 WHERE k BETWEEN 3206528 AND 3206628
	Index Only Scan using k_5 on sbtest5  (cost=0.43..6.43 rows=100 width=4)
	  Index Cond: ((k >= 3206528) AND (k <= 3206628))

table 6 : explain SELECT k FROM sbtest6 WHERE k BETWEEN 3206528 AND 3206628
	Index Only Scan using k_6 on sbtest6  (cost=0.43..10.24 rows=90 width=4)
	  Index Cond: ((k >= 3206528) AND (k <= 3206628))

table 7 : explain SELECT k FROM sbtest7 WHERE k BETWEEN 3206528 AND 3206628
	Index Only Scan using k_7 on sbtest7  (cost=0.43..10.58 rows=107 width=4)
	  Index Cond: ((k >= 3206528) AND (k <= 3206628))

table 8 : explain SELECT k FROM sbtest8 WHERE k BETWEEN 3206528 AND 3206628
	Index Only Scan using k_8 on sbtest8  (cost=0.43..6.53 rows=105 width=4)
	  Index Cond: ((k >= 3206528) AND (k <= 3206628))

explain: for range-covered :: explain SELECT k FROM sbtest%d WHERE k BETWEEN 4555644 AND 4555744
explain: for range-covered :: explain SELECT k FROM sbtest%d WHERE k BETWEEN 3206528 AND 3206628
for range-covered
table 1 : explain SELECT k FROM sbtest1 WHERE k BETWEEN 3570025 AND 3570125
	Index Only Scan using k_1 on sbtest1  (cost=0.43..6.42 rows=99 width=4)
	  Index Cond: ((k >= 3570025) AND (k <= 3570125))

table 2 : explain SELECT k FROM sbtest2 WHERE k BETWEEN 3570025 AND 3570125
	Index Only Scan using k_2 on sbtest2  (cost=0.43..6.59 rows=108 width=4)
	  Index Cond: ((k >= 3570025) AND (k <= 3570125))

table 3 : explain SELECT k FROM sbtest3 WHERE k BETWEEN 3570025 AND 3570125
	Index Only Scan using k_3 on sbtest3  (cost=0.43..10.54 rows=105 width=4)
	  Index Cond: ((k >= 3570025) AND (k <= 3570125))

table 4 : explain SELECT k FROM sbtest4 WHERE k BETWEEN 3570025 AND 3570125
	Index Only Scan using k_4 on sbtest4  (cost=0.43..6.37 rows=97 width=4)
	  Index Cond: ((k >= 3570025) AND (k <= 3570125))

table 5 : explain SELECT k FROM sbtest5 WHERE k BETWEEN 3570025 AND 3570125
	Index Only Scan using k_5 on sbtest5  (cost=0.43..6.59 rows=108 width=4)
	  Index Cond: ((k >= 3570025) AND (k <= 3570125))

table 6 : explain SELECT k FROM sbtest6 WHERE k BETWEEN 3570025 AND 3570125
	Index Only Scan using k_6 on sbtest6  (cost=0.43..10.60 rows=108 width=4)
	  Index Cond: ((k >= 3570025) AND (k <= 3570125))

table 7 : explain SELECT k FROM sbtest7 WHERE k BETWEEN 3570025 AND 3570125
	Index Only Scan using k_7 on sbtest7  (cost=0.43..10.51 rows=104 width=4)
	  Index Cond: ((k >= 3570025) AND (k <= 3570125))

table 8 : explain SELECT k FROM sbtest8 WHERE k BETWEEN 3570025 AND 3570125
	Index Only Scan using k_8 on sbtest8  (cost=0.43..6.56 rows=106 width=4)
	  Index Cond: ((k >= 3570025) AND (k <= 3570125))

explain: for range-covered :: explain SELECT k FROM sbtest%d WHERE k BETWEEN 3570025 AND 3570125
for range-covered
table 1 : explain SELECT k FROM sbtest1 WHERE k BETWEEN 4268354 AND 4268454
	Index Only Scan using k_1 on sbtest1  (cost=0.43..6.35 rows=96 width=4)
	  Index Cond: ((k >= 4268354) AND (k <= 4268454))

table 2 : explain SELECT k FROM sbtest2 WHERE k BETWEEN 4268354 AND 4268454
	Index Only Scan using k_2 on sbtest2  (cost=0.43..6.45 rows=101 width=4)
	  Index Cond: ((k >= 4268354) AND (k <= 4268454))

table 3 : explain SELECT k FROM sbtest3 WHERE k BETWEEN 4268354 AND 4268454
	Index Only Scan using k_3 on sbtest3  (cost=0.43..10.44 rows=100 width=4)
	  Index Cond: ((k >= 4268354) AND (k <= 4268454))

table 4 : explain SELECT k FROM sbtest4 WHERE k BETWEEN 4268354 AND 4268454
	Index Only Scan using k_4 on sbtest4  (cost=0.43..6.61 rows=109 width=4)
	  Index Cond: ((k >= 4268354) AND (k <= 4268454))

table 5 : explain SELECT k FROM sbtest5 WHERE k BETWEEN 4268354 AND 4268454
	Index Only Scan using k_5 on sbtest5  (cost=0.43..6.79 rows=118 width=4)
	  Index Cond: ((k >= 4268354) AND (k <= 4268454))

table 6 : explain SELECT k FROM sbtest6 WHERE k BETWEEN 4268354 AND 4268454
	Index Only Scan using k_6 on sbtest6  (cost=0.43..10.50 rows=103 width=4)
	  Index Cond: ((k >= 4268354) AND (k <= 4268454))

table 7 : explain SELECT k FROM sbtest7 WHERE k BETWEEN 4268354 AND 4268454
	Index Only Scan using k_7 on sbtest7  (cost=0.43..10.56 rows=106 width=4)
	  Index Cond: ((k >= 4268354) AND (k <= 4268454))

table 8 : explain SELECT k FROM sbtest8 WHERE k BETWEEN 4268354 AND 4268454
	Index Only Scan using k_8 on sbtest8  (cost=0.43..6.33 rows=95 width=4)
	  Index Cond: ((k >= 4268354) AND (k <= 4268454))

explain: for range-covered :: explain SELECT k FROM sbtest%d WHERE k BETWEEN 4268354 AND 4268454
for range-covered
table 1 : explain SELECT k FROM sbtest1 WHERE k BETWEEN 4555644 AND 4555744
	Index Only Scan using k_1 on sbtest1  (cost=0.43..6.43 rows=100 width=4)
	  Index Cond: ((k >= 4555644) AND (k <= 4555744))

table 2 : explain SELECT k FROM sbtest2 WHERE k BETWEEN 4555644 AND 4555744
	Index Only Scan using k_2 on sbtest2  (cost=0.43..6.50 rows=103 width=4)
	  Index Cond: ((k >= 4555644) AND (k <= 4555744))

table 3 : explain SELECT k FROM sbtest3 WHERE k BETWEEN 4555644 AND 4555744
	Index Only Scan using k_3 on sbtest3  (cost=0.43..10.50 rows=103 width=4)
	  Index Cond: ((k >= 4555644) AND (k <= 4555744))

table 4 : explain SELECT k FROM sbtest4 WHERE k BETWEEN 4555644 AND 4555744
	Index Only Scan using k_4 on sbtest4  (cost=0.43..6.53 rows=105 width=4)
	  Index Cond: ((k >= 4555644) AND (k <= 4555744))

table 5 : explain SELECT k FROM sbtest5 WHERE k BETWEEN 4555644 AND 4555744
	Index Only Scan using k_5 on sbtest5  (cost=0.43..6.53 rows=105 width=4)
	  Index Cond: ((k >= 4555644) AND (k <= 4555744))

table 6 : explain SELECT k FROM sbtest6 WHERE k BETWEEN 4555644 AND 4555744
	Index Only Scan using k_6 on sbtest6  (cost=0.43..10.42 rows=99 width=4)
	  Index Cond: ((k >= 4555644) AND (k <= 4555744))

table 7 : explain SELECT k FROM sbtest7 WHERE k BETWEEN 4555644 AND 4555744
	Index Only Scan using k_7 on sbtest7  (cost=0.43..10.33 rows=95 width=4)
	  Index Cond: ((k >= 4555644) AND (k <= 4555744))

table 8 : explain SELECT k FROM sbtest8 WHERE k BETWEEN 4555644 AND 4555744
	Index Only Scan using k_8 on sbtest8  (cost=0.43..6.61 rows=109 width=4)
	  Index Cond: ((k >= 4555644) AND (k <= 4555744))

explain: for range-covered :: explain SELECT k FROM sbtest%d WHERE k BETWEEN 4555644 AND 4555744
explain: for range-covered :: explain SELECT k FROM sbtest%d WHERE k BETWEEN 3827234 AND 3827334
for range-covered
table 1 : explain SELECT k FROM sbtest1 WHERE k BETWEEN 3206528 AND 3206628
	Index Only Scan using k_1 on sbtest1  (cost=0.43..6.61 rows=109 width=4)
	  Index Cond: ((k >= 3206528) AND (k <= 3206628))

table 2 : explain SELECT k FROM sbtest2 WHERE k BETWEEN 3206528 AND 3206628
	Index Only Scan using k_2 on sbtest2  (cost=0.43..6.37 rows=97 width=4)
	  Index Cond: ((k >= 3206528) AND (k <= 3206628))

table 3 : explain SELECT k FROM sbtest3 WHERE k BETWEEN 3206528 AND 3206628
	Index Only Scan using k_3 on sbtest3  (cost=0.43..10.38 rows=97 width=4)
	  Index Cond: ((k >= 3206528) AND (k <= 3206628))

table 4 : explain SELECT k FROM sbtest4 WHERE k BETWEEN 3206528 AND 3206628
	Index Only Scan using k_4 on sbtest4  (cost=0.43..6.59 rows=108 width=4)
	  Index Cond: ((k >= 3206528) AND (k <= 3206628))

table 5 : explain SELECT k FROM sbtest5 WHERE k BETWEEN 3206528 AND 3206628
	Index Only Scan using k_5 on sbtest5  (cost=0.43..6.43 rows=100 width=4)
	  Index Cond: ((k >= 3206528) AND (k <= 3206628))

table 6 : explain SELECT k FROM sbtest6 WHERE k BETWEEN 3206528 AND 3206628
	Index Only Scan using k_6 on sbtest6  (cost=0.43..10.24 rows=90 width=4)
	  Index Cond: ((k >= 3206528) AND (k <= 3206628))

table 7 : explain SELECT k FROM sbtest7 WHERE k BETWEEN 3206528 AND 3206628
	Index Only Scan using k_7 on sbtest7  (cost=0.43..10.58 rows=107 width=4)
	  Index Cond: ((k >= 3206528) AND (k <= 3206628))

table 8 : explain SELECT k FROM sbtest8 WHERE k BETWEEN 3206528 AND 3206628
	Index Only Scan using k_8 on sbtest8  (cost=0.43..6.53 rows=105 width=4)
	  Index Cond: ((k >= 3206528) AND (k <= 3206628))

for range-covered
table 1 : explain SELECT k FROM sbtest1 WHERE k BETWEEN 6537596 AND 6537696
	Index Only Scan using k_1 on sbtest1  (cost=0.43..6.45 rows=101 width=4)
	  Index Cond: ((k >= 6537596) AND (k <= 6537696))

table 2 : explain SELECT k FROM sbtest2 WHERE k BETWEEN 6537596 AND 6537696
	Index Only Scan using k_2 on sbtest2  (cost=0.43..6.56 rows=106 width=4)
	  Index Cond: ((k >= 6537596) AND (k <= 6537696))

table 3 : explain SELECT k FROM sbtest3 WHERE k BETWEEN 6537596 AND 6537696
	Index Only Scan using k_3 on sbtest3  (cost=0.43..10.26 rows=91 width=4)
	  Index Cond: ((k >= 6537596) AND (k <= 6537696))

table 4 : explain SELECT k FROM sbtest4 WHERE k BETWEEN 6537596 AND 6537696
	Index Only Scan using k_4 on sbtest4  (cost=0.43..6.67 rows=112 width=4)
	  Index Cond: ((k >= 6537596) AND (k <= 6537696))

table 5 : explain SELECT k FROM sbtest5 WHERE k BETWEEN 6537596 AND 6537696
	Index Only Scan using k_5 on sbtest5  (cost=0.43..6.47 rows=102 width=4)
	  Index Cond: ((k >= 6537596) AND (k <= 6537696))

table 6 : explain SELECT k FROM sbtest6 WHERE k BETWEEN 6537596 AND 6537696
	Index Only Scan using k_6 on sbtest6  (cost=0.43..10.40 rows=98 width=4)
	  Index Cond: ((k >= 6537596) AND (k <= 6537696))

table 7 : explain SELECT k FROM sbtest7 WHERE k BETWEEN 6537596 AND 6537696
	Index Only Scan using k_7 on sbtest7  (cost=0.43..10.42 rows=99 width=4)
	  Index Cond: ((k >= 6537596) AND (k <= 6537696))

table 8 : explain SELECT k FROM sbtest8 WHERE k BETWEEN 6537596 AND 6537696
	Index Only Scan using k_8 on sbtest8  (cost=0.43..6.47 rows=102 width=4)
	  Index Cond: ((k >= 6537596) AND (k <= 6537696))

for range-covered
table 1 : explain SELECT k FROM sbtest1 WHERE k BETWEEN 5751214 AND 5751314
	Index Only Scan using k_1 on sbtest1  (cost=0.43..6.27 rows=92 width=4)
	  Index Cond: ((k >= 5751214) AND (k <= 5751314))

table 2 : explain SELECT k FROM sbtest2 WHERE k BETWEEN 5751214 AND 5751314
	Index Only Scan using k_2 on sbtest2  (cost=0.43..6.69 rows=113 width=4)
	  Index Cond: ((k >= 5751214) AND (k <= 5751314))

table 3 : explain SELECT k FROM sbtest3 WHERE k BETWEEN 5751214 AND 5751314
	Index Only Scan using k_3 on sbtest3  (cost=0.43..10.72 rows=114 width=4)
	  Index Cond: ((k >= 5751214) AND (k <= 5751314))

table 4 : explain SELECT k FROM sbtest4 WHERE k BETWEEN 5751214 AND 5751314
	Index Only Scan using k_4 on sbtest4  (cost=0.43..6.58 rows=107 width=4)
	  Index Cond: ((k >= 5751214) AND (k <= 5751314))

table 5 : explain SELECT k FROM sbtest5 WHERE k BETWEEN 5751214 AND 5751314
	Index Only Scan using k_5 on sbtest5  (cost=0.43..6.33 rows=95 width=4)
	  Index Cond: ((k >= 5751214) AND (k <= 5751314))

table 6 : explain SELECT k FROM sbtest6 WHERE k BETWEEN 5751214 AND 5751314
	Index Only Scan using k_6 on sbtest6  (cost=0.43..10.36 rows=96 width=4)
	  Index Cond: ((k >= 5751214) AND (k <= 5751314))

table 7 : explain SELECT k FROM sbtest7 WHERE k BETWEEN 5751214 AND 5751314
	Index Only Scan using k_7 on sbtest7  (cost=0.43..10.40 rows=98 width=4)
	  Index Cond: ((k >= 5751214) AND (k <= 5751314))

table 8 : explain SELECT k FROM sbtest8 WHERE k BETWEEN 5751214 AND 5751314
	Index Only Scan using k_8 on sbtest8  (cost=0.43..6.59 rows=108 width=4)
	  Index Cond: ((k >= 5751214) AND (k <= 5751314))

explain: for range-covered :: explain SELECT k FROM sbtest%d WHERE k BETWEEN 5751214 AND 5751314
for range-covered
table 1 : explain SELECT k FROM sbtest1 WHERE k BETWEEN 4555644 AND 4555744
	Index Only Scan using k_1 on sbtest1  (cost=0.43..6.43 rows=100 width=4)
	  Index Cond: ((k >= 4555644) AND (k <= 4555744))

table 2 : explain SELECT k FROM sbtest2 WHERE k BETWEEN 4555644 AND 4555744
	Index Only Scan using k_2 on sbtest2  (cost=0.43..6.50 rows=103 width=4)
	  Index Cond: ((k >= 4555644) AND (k <= 4555744))

table 3 : explain SELECT k FROM sbtest3 WHERE k BETWEEN 4555644 AND 4555744
	Index Only Scan using k_3 on sbtest3  (cost=0.43..10.50 rows=103 width=4)
	  Index Cond: ((k >= 4555644) AND (k <= 4555744))

table 4 : explain SELECT k FROM sbtest4 WHERE k BETWEEN 4555644 AND 4555744
	Index Only Scan using k_4 on sbtest4  (cost=0.43..6.53 rows=105 width=4)
	  Index Cond: ((k >= 4555644) AND (k <= 4555744))

table 5 : explain SELECT k FROM sbtest5 WHERE k BETWEEN 4555644 AND 4555744
	Index Only Scan using k_5 on sbtest5  (cost=0.43..6.53 rows=105 width=4)
	  Index Cond: ((k >= 4555644) AND (k <= 4555744))

table 6 : explain SELECT k FROM sbtest6 WHERE k BETWEEN 4555644 AND 4555744
	Index Only Scan using k_6 on sbtest6  (cost=0.43..10.42 rows=99 width=4)
	  Index Cond: ((k >= 4555644) AND (k <= 4555744))

table 7 : explain SELECT k FROM sbtest7 WHERE k BETWEEN 4555644 AND 4555744
	Index Only Scan using k_7 on sbtest7  (cost=0.43..10.33 rows=95 width=4)
	  Index Cond: ((k >= 4555644) AND (k <= 4555744))

table 8 : explain SELECT k FROM sbtest8 WHERE k BETWEEN 4555644 AND 4555744
	Index Only Scan using k_8 on sbtest8  (cost=0.43..6.61 rows=109 width=4)
	  Index Cond: ((k >= 4555644) AND (k <= 4555744))

for range-covered
table 1 : explain SELECT k FROM sbtest1 WHERE k BETWEEN 4268354 AND 4268454
	Index Only Scan using k_1 on sbtest1  (cost=0.43..6.35 rows=96 width=4)
	  Index Cond: ((k >= 4268354) AND (k <= 4268454))

table 2 : explain SELECT k FROM sbtest2 WHERE k BETWEEN 4268354 AND 4268454
	Index Only Scan using k_2 on sbtest2  (cost=0.43..6.45 rows=101 width=4)
	  Index Cond: ((k >= 4268354) AND (k <= 4268454))

table 3 : explain SELECT k FROM sbtest3 WHERE k BETWEEN 4268354 AND 4268454
	Index Only Scan using k_3 on sbtest3  (cost=0.43..10.44 rows=100 width=4)
	  Index Cond: ((k >= 4268354) AND (k <= 4268454))

table 4 : explain SELECT k FROM sbtest4 WHERE k BETWEEN 4268354 AND 4268454
	Index Only Scan using k_4 on sbtest4  (cost=0.43..6.61 rows=109 width=4)
	  Index Cond: ((k >= 4268354) AND (k <= 4268454))

table 5 : explain SELECT k FROM sbtest5 WHERE k BETWEEN 4268354 AND 4268454
	Index Only Scan using k_5 on sbtest5  (cost=0.43..6.79 rows=118 width=4)
	  Index Cond: ((k >= 4268354) AND (k <= 4268454))

table 6 : explain SELECT k FROM sbtest6 WHERE k BETWEEN 4268354 AND 4268454
	Index Only Scan using k_6 on sbtest6  (cost=0.43..10.50 rows=103 width=4)
	  Index Cond: ((k >= 4268354) AND (k <= 4268454))

table 7 : explain SELECT k FROM sbtest7 WHERE k BETWEEN 4268354 AND 4268454
	Index Only Scan using k_7 on sbtest7  (cost=0.43..10.56 rows=106 width=4)
	  Index Cond: ((k >= 4268354) AND (k <= 4268454))

table 8 : explain SELECT k FROM sbtest8 WHERE k BETWEEN 4268354 AND 4268454
	Index Only Scan using k_8 on sbtest8  (cost=0.43..6.33 rows=95 width=4)
	  Index Cond: ((k >= 4268354) AND (k <= 4268454))

explain: for range-covered :: explain SELECT k FROM sbtest%d WHERE k BETWEEN 4268354 AND 4268454
for range-covered
table 1 : explain SELECT k FROM sbtest1 WHERE k BETWEEN 5751214 AND 5751314
	Index Only Scan using k_1 on sbtest1  (cost=0.43..6.27 rows=92 width=4)
	  Index Cond: ((k >= 5751214) AND (k <= 5751314))

table 2 : explain SELECT k FROM sbtest2 WHERE k BETWEEN 5751214 AND 5751314
	Index Only Scan using k_2 on sbtest2  (cost=0.43..6.69 rows=113 width=4)
	  Index Cond: ((k >= 5751214) AND (k <= 5751314))

table 3 : explain SELECT k FROM sbtest3 WHERE k BETWEEN 5751214 AND 5751314
	Index Only Scan using k_3 on sbtest3  (cost=0.43..10.72 rows=114 width=4)
	  Index Cond: ((k >= 5751214) AND (k <= 5751314))

table 4 : explain SELECT k FROM sbtest4 WHERE k BETWEEN 5751214 AND 5751314
	Index Only Scan using k_4 on sbtest4  (cost=0.43..6.58 rows=107 width=4)
	  Index Cond: ((k >= 5751214) AND (k <= 5751314))

table 5 : explain SELECT k FROM sbtest5 WHERE k BETWEEN 5751214 AND 5751314
	Index Only Scan using k_5 on sbtest5  (cost=0.43..6.33 rows=95 width=4)
	  Index Cond: ((k >= 5751214) AND (k <= 5751314))

table 6 : explain SELECT k FROM sbtest6 WHERE k BETWEEN 5751214 AND 5751314
	Index Only Scan using k_6 on sbtest6  (cost=0.43..10.36 rows=96 width=4)
	  Index Cond: ((k >= 5751214) AND (k <= 5751314))

table 7 : explain SELECT k FROM sbtest7 WHERE k BETWEEN 5751214 AND 5751314
	Index Only Scan using k_7 on sbtest7  (cost=0.43..10.40 rows=98 width=4)
	  Index Cond: ((k >= 5751214) AND (k <= 5751314))

table 8 : explain SELECT k FROM sbtest8 WHERE k BETWEEN 5751214 AND 5751314
	Index Only Scan using k_8 on sbtest8  (cost=0.43..6.59 rows=108 width=4)
	  Index Cond: ((k >= 5751214) AND (k <= 5751314))

explain: for range-covered :: explain SELECT k FROM sbtest%d WHERE k BETWEEN 5751214 AND 5751314
for range-covered
table 1 : explain SELECT k FROM sbtest1 WHERE k BETWEEN 4268354 AND 4268454
	Index Only Scan using k_1 on sbtest1  (cost=0.43..6.35 rows=96 width=4)
	  Index Cond: ((k >= 4268354) AND (k <= 4268454))

table 2 : explain SELECT k FROM sbtest2 WHERE k BETWEEN 4268354 AND 4268454
	Index Only Scan using k_2 on sbtest2  (cost=0.43..6.45 rows=101 width=4)
	  Index Cond: ((k >= 4268354) AND (k <= 4268454))

table 3 : explain SELECT k FROM sbtest3 WHERE k BETWEEN 4268354 AND 4268454
	Index Only Scan using k_3 on sbtest3  (cost=0.43..10.44 rows=100 width=4)
	  Index Cond: ((k >= 4268354) AND (k <= 4268454))

table 4 : explain SELECT k FROM sbtest4 WHERE k BETWEEN 4268354 AND 4268454
	Index Only Scan using k_4 on sbtest4  (cost=0.43..6.61 rows=109 width=4)
	  Index Cond: ((k >= 4268354) AND (k <= 4268454))

table 5 : explain SELECT k FROM sbtest5 WHERE k BETWEEN 4268354 AND 4268454
	Index Only Scan using k_5 on sbtest5  (cost=0.43..6.79 rows=118 width=4)
	  Index Cond: ((k >= 4268354) AND (k <= 4268454))

table 6 : explain SELECT k FROM sbtest6 WHERE k BETWEEN 4268354 AND 4268454
	Index Only Scan using k_6 on sbtest6  (cost=0.43..10.50 rows=103 width=4)
	  Index Cond: ((k >= 4268354) AND (k <= 4268454))

table 7 : explain SELECT k FROM sbtest7 WHERE k BETWEEN 4268354 AND 4268454
	Index Only Scan using k_7 on sbtest7  (cost=0.43..10.56 rows=106 width=4)
	  Index Cond: ((k >= 4268354) AND (k <= 4268454))

table 8 : explain SELECT k FROM sbtest8 WHERE k BETWEEN 4268354 AND 4268454
	Index Only Scan using k_8 on sbtest8  (cost=0.43..6.33 rows=95 width=4)
	  Index Cond: ((k >= 4268354) AND (k <= 4268454))

explain: for range-covered :: explain SELECT k FROM sbtest%d WHERE k BETWEEN 4268354 AND 4268454
for range-covered
table 1 : explain SELECT k FROM sbtest1 WHERE k BETWEEN 5751214 AND 5751314
	Index Only Scan using k_1 on sbtest1  (cost=0.43..6.27 rows=92 width=4)
	  Index Cond: ((k >= 5751214) AND (k <= 5751314))

table 2 : explain SELECT k FROM sbtest2 WHERE k BETWEEN 5751214 AND 5751314
	Index Only Scan using k_2 on sbtest2  (cost=0.43..6.69 rows=113 width=4)
	  Index Cond: ((k >= 5751214) AND (k <= 5751314))

table 3 : explain SELECT k FROM sbtest3 WHERE k BETWEEN 5751214 AND 5751314
	Index Only Scan using k_3 on sbtest3  (cost=0.43..10.72 rows=114 width=4)
	  Index Cond: ((k >= 5751214) AND (k <= 5751314))

table 4 : explain SELECT k FROM sbtest4 WHERE k BETWEEN 5751214 AND 5751314
	Index Only Scan using k_4 on sbtest4  (cost=0.43..6.58 rows=107 width=4)
	  Index Cond: ((k >= 5751214) AND (k <= 5751314))

table 5 : explain SELECT k FROM sbtest5 WHERE k BETWEEN 5751214 AND 5751314
	Index Only Scan using k_5 on sbtest5  (cost=0.43..6.33 rows=95 width=4)
	  Index Cond: ((k >= 5751214) AND (k <= 5751314))

table 6 : explain SELECT k FROM sbtest6 WHERE k BETWEEN 5751214 AND 5751314
	Index Only Scan using k_6 on sbtest6  (cost=0.43..10.36 rows=96 width=4)
	  Index Cond: ((k >= 5751214) AND (k <= 5751314))

table 7 : explain SELECT k FROM sbtest7 WHERE k BETWEEN 5751214 AND 5751314
	Index Only Scan using k_7 on sbtest7  (cost=0.43..10.40 rows=98 width=4)
	  Index Cond: ((k >= 5751214) AND (k <= 5751314))

table 8 : explain SELECT k FROM sbtest8 WHERE k BETWEEN 5751214 AND 5751314
	Index Only Scan using k_8 on sbtest8  (cost=0.43..6.59 rows=108 width=4)
	  Index Cond: ((k >= 5751214) AND (k <= 5751314))

explain: for range-covered :: explain SELECT k FROM sbtest%d WHERE k BETWEEN 4555644 AND 4555744
explain: for range-covered :: explain SELECT k FROM sbtest%d WHERE k BETWEEN 5751214 AND 5751314
for range-covered
table 1 : explain SELECT k FROM sbtest1 WHERE k BETWEEN 4268354 AND 4268454
	Index Only Scan using k_1 on sbtest1  (cost=0.43..6.35 rows=96 width=4)
	  Index Cond: ((k >= 4268354) AND (k <= 4268454))

table 2 : explain SELECT k FROM sbtest2 WHERE k BETWEEN 4268354 AND 4268454
	Index Only Scan using k_2 on sbtest2  (cost=0.43..6.45 rows=101 width=4)
	  Index Cond: ((k >= 4268354) AND (k <= 4268454))

table 3 : explain SELECT k FROM sbtest3 WHERE k BETWEEN 4268354 AND 4268454
	Index Only Scan using k_3 on sbtest3  (cost=0.43..10.44 rows=100 width=4)
	  Index Cond: ((k >= 4268354) AND (k <= 4268454))

table 4 : explain SELECT k FROM sbtest4 WHERE k BETWEEN 4268354 AND 4268454
	Index Only Scan using k_4 on sbtest4  (cost=0.43..6.61 rows=109 width=4)
	  Index Cond: ((k >= 4268354) AND (k <= 4268454))

table 5 : explain SELECT k FROM sbtest5 WHERE k BETWEEN 4268354 AND 4268454
	Index Only Scan using k_5 on sbtest5  (cost=0.43..6.79 rows=118 width=4)
	  Index Cond: ((k >= 4268354) AND (k <= 4268454))

table 6 : explain SELECT k FROM sbtest6 WHERE k BETWEEN 4268354 AND 4268454
	Index Only Scan using k_6 on sbtest6  (cost=0.43..10.50 rows=103 width=4)
	  Index Cond: ((k >= 4268354) AND (k <= 4268454))

table 7 : explain SELECT k FROM sbtest7 WHERE k BETWEEN 4268354 AND 4268454
	Index Only Scan using k_7 on sbtest7  (cost=0.43..10.56 rows=106 width=4)
	  Index Cond: ((k >= 4268354) AND (k <= 4268454))

table 8 : explain SELECT k FROM sbtest8 WHERE k BETWEEN 4268354 AND 4268454
	Index Only Scan using k_8 on sbtest8  (cost=0.43..6.33 rows=95 width=4)
	  Index Cond: ((k >= 4268354) AND (k <= 4268454))

explain: for range-covered :: explain SELECT k FROM sbtest%d WHERE k BETWEEN 4268354 AND 4268454
for range-covered
table 1 : explain SELECT k FROM sbtest1 WHERE k BETWEEN 3570025 AND 3570125
	Index Only Scan using k_1 on sbtest1  (cost=0.43..6.42 rows=99 width=4)
	  Index Cond: ((k >= 3570025) AND (k <= 3570125))

table 2 : explain SELECT k FROM sbtest2 WHERE k BETWEEN 3570025 AND 3570125
	Index Only Scan using k_2 on sbtest2  (cost=0.43..6.59 rows=108 width=4)
	  Index Cond: ((k >= 3570025) AND (k <= 3570125))

table 3 : explain SELECT k FROM sbtest3 WHERE k BETWEEN 3570025 AND 3570125
	Index Only Scan using k_3 on sbtest3  (cost=0.43..10.54 rows=105 width=4)
	  Index Cond: ((k >= 3570025) AND (k <= 3570125))

table 4 : explain SELECT k FROM sbtest4 WHERE k BETWEEN 3570025 AND 3570125
	Index Only Scan using k_4 on sbtest4  (cost=0.43..6.37 rows=97 width=4)
	  Index Cond: ((k >= 3570025) AND (k <= 3570125))

table 5 : explain SELECT k FROM sbtest5 WHERE k BETWEEN 3570025 AND 3570125
	Index Only Scan using k_5 on sbtest5  (cost=0.43..6.59 rows=108 width=4)
	  Index Cond: ((k >= 3570025) AND (k <= 3570125))

table 6 : explain SELECT k FROM sbtest6 WHERE k BETWEEN 3570025 AND 3570125
	Index Only Scan using k_6 on sbtest6  (cost=0.43..10.60 rows=108 width=4)
	  Index Cond: ((k >= 3570025) AND (k <= 3570125))

table 7 : explain SELECT k FROM sbtest7 WHERE k BETWEEN 3570025 AND 3570125
	Index Only Scan using k_7 on sbtest7  (cost=0.43..10.51 rows=104 width=4)
	  Index Cond: ((k >= 3570025) AND (k <= 3570125))

table 8 : explain SELECT k FROM sbtest8 WHERE k BETWEEN 3570025 AND 3570125
	Index Only Scan using k_8 on sbtest8  (cost=0.43..6.56 rows=106 width=4)
	  Index Cond: ((k >= 3570025) AND (k <= 3570125))

explain: for range-covered :: explain SELECT k FROM sbtest%d WHERE k BETWEEN 3570025 AND 3570125
for range-covered
table 1 : explain SELECT k FROM sbtest1 WHERE k BETWEEN 5751214 AND 5751314
	Index Only Scan using k_1 on sbtest1  (cost=0.43..6.27 rows=92 width=4)
	  Index Cond: ((k >= 5751214) AND (k <= 5751314))

table 2 : explain SELECT k FROM sbtest2 WHERE k BETWEEN 5751214 AND 5751314
	Index Only Scan using k_2 on sbtest2  (cost=0.43..6.69 rows=113 width=4)
	  Index Cond: ((k >= 5751214) AND (k <= 5751314))

table 3 : explain SELECT k FROM sbtest3 WHERE k BETWEEN 5751214 AND 5751314
	Index Only Scan using k_3 on sbtest3  (cost=0.43..10.72 rows=114 width=4)
	  Index Cond: ((k >= 5751214) AND (k <= 5751314))

table 4 : explain SELECT k FROM sbtest4 WHERE k BETWEEN 5751214 AND 5751314
	Index Only Scan using k_4 on sbtest4  (cost=0.43..6.58 rows=107 width=4)
	  Index Cond: ((k >= 5751214) AND (k <= 5751314))

table 5 : explain SELECT k FROM sbtest5 WHERE k BETWEEN 5751214 AND 5751314
	Index Only Scan using k_5 on sbtest5  (cost=0.43..6.33 rows=95 width=4)
	  Index Cond: ((k >= 5751214) AND (k <= 5751314))

table 6 : explain SELECT k FROM sbtest6 WHERE k BETWEEN 5751214 AND 5751314
	Index Only Scan using k_6 on sbtest6  (cost=0.43..10.36 rows=96 width=4)
	  Index Cond: ((k >= 5751214) AND (k <= 5751314))

table 7 : explain SELECT k FROM sbtest7 WHERE k BETWEEN 5751214 AND 5751314
	Index Only Scan using k_7 on sbtest7  (cost=0.43..10.40 rows=98 width=4)
	  Index Cond: ((k >= 5751214) AND (k <= 5751314))

table 8 : explain SELECT k FROM sbtest8 WHERE k BETWEEN 5751214 AND 5751314
	Index Only Scan using k_8 on sbtest8  (cost=0.43..6.59 rows=108 width=4)
	  Index Cond: ((k >= 5751214) AND (k <= 5751314))

explain: for range-covered :: explain SELECT k FROM sbtest%d WHERE k BETWEEN 800106 AND 800206
explain: for range-covered :: explain SELECT k FROM sbtest%d WHERE k BETWEEN 4701151 AND 4701251
for range-covered
table 1 : explain SELECT k FROM sbtest1 WHERE k BETWEEN 4268354 AND 4268454
	Index Only Scan using k_1 on sbtest1  (cost=0.43..6.35 rows=96 width=4)
	  Index Cond: ((k >= 4268354) AND (k <= 4268454))

table 2 : explain SELECT k FROM sbtest2 WHERE k BETWEEN 4268354 AND 4268454
	Index Only Scan using k_2 on sbtest2  (cost=0.43..6.45 rows=101 width=4)
	  Index Cond: ((k >= 4268354) AND (k <= 4268454))

table 3 : explain SELECT k FROM sbtest3 WHERE k BETWEEN 4268354 AND 4268454
	Index Only Scan using k_3 on sbtest3  (cost=0.43..10.44 rows=100 width=4)
	  Index Cond: ((k >= 4268354) AND (k <= 4268454))

table 4 : explain SELECT k FROM sbtest4 WHERE k BETWEEN 4268354 AND 4268454
	Index Only Scan using k_4 on sbtest4  (cost=0.43..6.61 rows=109 width=4)
	  Index Cond: ((k >= 4268354) AND (k <= 4268454))

table 5 : explain SELECT k FROM sbtest5 WHERE k BETWEEN 4268354 AND 4268454
	Index Only Scan using k_5 on sbtest5  (cost=0.43..6.79 rows=118 width=4)
	  Index Cond: ((k >= 4268354) AND (k <= 4268454))

table 6 : explain SELECT k FROM sbtest6 WHERE k BETWEEN 4268354 AND 4268454
	Index Only Scan using k_6 on sbtest6  (cost=0.43..10.50 rows=103 width=4)
	  Index Cond: ((k >= 4268354) AND (k <= 4268454))

table 7 : explain SELECT k FROM sbtest7 WHERE k BETWEEN 4268354 AND 4268454
	Index Only Scan using k_7 on sbtest7  (cost=0.43..10.56 rows=106 width=4)
	  Index Cond: ((k >= 4268354) AND (k <= 4268454))

table 8 : explain SELECT k FROM sbtest8 WHERE k BETWEEN 4268354 AND 4268454
	Index Only Scan using k_8 on sbtest8  (cost=0.43..6.33 rows=95 width=4)
	  Index Cond: ((k >= 4268354) AND (k <= 4268454))

explain: for range-covered :: explain SELECT k FROM sbtest%d WHERE k BETWEEN 4268354 AND 4268454
for range-covered
table 1 : explain SELECT k FROM sbtest1 WHERE k BETWEEN 3570025 AND 3570125
	Index Only Scan using k_1 on sbtest1  (cost=0.43..6.42 rows=99 width=4)
	  Index Cond: ((k >= 3570025) AND (k <= 3570125))

table 2 : explain SELECT k FROM sbtest2 WHERE k BETWEEN 3570025 AND 3570125
	Index Only Scan using k_2 on sbtest2  (cost=0.43..6.59 rows=108 width=4)
	  Index Cond: ((k >= 3570025) AND (k <= 3570125))

table 3 : explain SELECT k FROM sbtest3 WHERE k BETWEEN 3570025 AND 3570125
	Index Only Scan using k_3 on sbtest3  (cost=0.43..10.54 rows=105 width=4)
	  Index Cond: ((k >= 3570025) AND (k <= 3570125))

table 4 : explain SELECT k FROM sbtest4 WHERE k BETWEEN 3570025 AND 3570125
	Index Only Scan using k_4 on sbtest4  (cost=0.43..6.37 rows=97 width=4)
	  Index Cond: ((k >= 3570025) AND (k <= 3570125))

table 5 : explain SELECT k FROM sbtest5 WHERE k BETWEEN 3570025 AND 3570125
	Index Only Scan using k_5 on sbtest5  (cost=0.43..6.59 rows=108 width=4)
	  Index Cond: ((k >= 3570025) AND (k <= 3570125))

table 6 : explain SELECT k FROM sbtest6 WHERE k BETWEEN 3570025 AND 3570125
	Index Only Scan using k_6 on sbtest6  (cost=0.43..10.60 rows=108 width=4)
	  Index Cond: ((k >= 3570025) AND (k <= 3570125))

table 7 : explain SELECT k FROM sbtest7 WHERE k BETWEEN 3570025 AND 3570125
	Index Only Scan using k_7 on sbtest7  (cost=0.43..10.51 rows=104 width=4)
	  Index Cond: ((k >= 3570025) AND (k <= 3570125))

table 8 : explain SELECT k FROM sbtest8 WHERE k BETWEEN 3570025 AND 3570125
	Index Only Scan using k_8 on sbtest8  (cost=0.43..6.56 rows=106 width=4)
	  Index Cond: ((k >= 3570025) AND (k <= 3570125))

explain: for range-covered :: explain SELECT k FROM sbtest%d WHERE k BETWEEN 3570025 AND 3570125
for range-covered
table 1 : explain SELECT k FROM sbtest1 WHERE k BETWEEN 4555644 AND 4555744
	Index Only Scan using k_1 on sbtest1  (cost=0.43..6.43 rows=100 width=4)
	  Index Cond: ((k >= 4555644) AND (k <= 4555744))

table 2 : explain SELECT k FROM sbtest2 WHERE k BETWEEN 4555644 AND 4555744
	Index Only Scan using k_2 on sbtest2  (cost=0.43..6.50 rows=103 width=4)
	  Index Cond: ((k >= 4555644) AND (k <= 4555744))

table 3 : explain SELECT k FROM sbtest3 WHERE k BETWEEN 4555644 AND 4555744
	Index Only Scan using k_3 on sbtest3  (cost=0.43..10.50 rows=103 width=4)
	  Index Cond: ((k >= 4555644) AND (k <= 4555744))

table 4 : explain SELECT k FROM sbtest4 WHERE k BETWEEN 4555644 AND 4555744
	Index Only Scan using k_4 on sbtest4  (cost=0.43..6.53 rows=105 width=4)
	  Index Cond: ((k >= 4555644) AND (k <= 4555744))

table 5 : explain SELECT k FROM sbtest5 WHERE k BETWEEN 4555644 AND 4555744
	Index Only Scan using k_5 on sbtest5  (cost=0.43..6.53 rows=105 width=4)
	  Index Cond: ((k >= 4555644) AND (k <= 4555744))

table 6 : explain SELECT k FROM sbtest6 WHERE k BETWEEN 4555644 AND 4555744
	Index Only Scan using k_6 on sbtest6  (cost=0.43..10.42 rows=99 width=4)
	  Index Cond: ((k >= 4555644) AND (k <= 4555744))

table 7 : explain SELECT k FROM sbtest7 WHERE k BETWEEN 4555644 AND 4555744
	Index Only Scan using k_7 on sbtest7  (cost=0.43..10.33 rows=95 width=4)
	  Index Cond: ((k >= 4555644) AND (k <= 4555744))

table 8 : explain SELECT k FROM sbtest8 WHERE k BETWEEN 4555644 AND 4555744
	Index Only Scan using k_8 on sbtest8  (cost=0.43..6.61 rows=109 width=4)
	  Index Cond: ((k >= 4555644) AND (k <= 4555744))

explain: for range-covered :: explain SELECT k FROM sbtest%d WHERE k BETWEEN 4555644 AND 4555744
for range-covered
table 1 : explain SELECT k FROM sbtest1 WHERE k BETWEEN 4268354 AND 4268454
	Index Only Scan using k_1 on sbtest1  (cost=0.43..6.35 rows=96 width=4)
	  Index Cond: ((k >= 4268354) AND (k <= 4268454))

table 2 : explain SELECT k FROM sbtest2 WHERE k BETWEEN 4268354 AND 4268454
	Index Only Scan using k_2 on sbtest2  (cost=0.43..6.45 rows=101 width=4)
	  Index Cond: ((k >= 4268354) AND (k <= 4268454))

table 3 : explain SELECT k FROM sbtest3 WHERE k BETWEEN 4268354 AND 4268454
	Index Only Scan using k_3 on sbtest3  (cost=0.43..10.44 rows=100 width=4)
	  Index Cond: ((k >= 4268354) AND (k <= 4268454))

table 4 : explain SELECT k FROM sbtest4 WHERE k BETWEEN 4268354 AND 4268454
	Index Only Scan using k_4 on sbtest4  (cost=0.43..6.61 rows=109 width=4)
	  Index Cond: ((k >= 4268354) AND (k <= 4268454))

table 5 : explain SELECT k FROM sbtest5 WHERE k BETWEEN 4268354 AND 4268454
	Index Only Scan using k_5 on sbtest5  (cost=0.43..6.79 rows=118 width=4)
	  Index Cond: ((k >= 4268354) AND (k <= 4268454))

table 6 : explain SELECT k FROM sbtest6 WHERE k BETWEEN 4268354 AND 4268454
	Index Only Scan using k_6 on sbtest6  (cost=0.43..10.50 rows=103 width=4)
	  Index Cond: ((k >= 4268354) AND (k <= 4268454))

table 7 : explain SELECT k FROM sbtest7 WHERE k BETWEEN 4268354 AND 4268454
	Index Only Scan using k_7 on sbtest7  (cost=0.43..10.56 rows=106 width=4)
	  Index Cond: ((k >= 4268354) AND (k <= 4268454))

table 8 : explain SELECT k FROM sbtest8 WHERE k BETWEEN 4268354 AND 4268454
	Index Only Scan using k_8 on sbtest8  (cost=0.43..6.33 rows=95 width=4)
	  Index Cond: ((k >= 4268354) AND (k <= 4268454))

explain: for range-covered :: explain SELECT k FROM sbtest%d WHERE k BETWEEN 4268354 AND 4268454
for range-covered
table 1 : explain SELECT k FROM sbtest1 WHERE k BETWEEN 3570025 AND 3570125
	Index Only Scan using k_1 on sbtest1  (cost=0.43..6.42 rows=99 width=4)
	  Index Cond: ((k >= 3570025) AND (k <= 3570125))

table 2 : explain SELECT k FROM sbtest2 WHERE k BETWEEN 3570025 AND 3570125
	Index Only Scan using k_2 on sbtest2  (cost=0.43..6.59 rows=108 width=4)
	  Index Cond: ((k >= 3570025) AND (k <= 3570125))

table 3 : explain SELECT k FROM sbtest3 WHERE k BETWEEN 3570025 AND 3570125
	Index Only Scan using k_3 on sbtest3  (cost=0.43..10.54 rows=105 width=4)
	  Index Cond: ((k >= 3570025) AND (k <= 3570125))

table 4 : explain SELECT k FROM sbtest4 WHERE k BETWEEN 3570025 AND 3570125
	Index Only Scan using k_4 on sbtest4  (cost=0.43..6.37 rows=97 width=4)
	  Index Cond: ((k >= 3570025) AND (k <= 3570125))

table 5 : explain SELECT k FROM sbtest5 WHERE k BETWEEN 3570025 AND 3570125
	Index Only Scan using k_5 on sbtest5  (cost=0.43..6.59 rows=108 width=4)
	  Index Cond: ((k >= 3570025) AND (k <= 3570125))

table 6 : explain SELECT k FROM sbtest6 WHERE k BETWEEN 3570025 AND 3570125
	Index Only Scan using k_6 on sbtest6  (cost=0.43..10.60 rows=108 width=4)
	  Index Cond: ((k >= 3570025) AND (k <= 3570125))

table 7 : explain SELECT k FROM sbtest7 WHERE k BETWEEN 3570025 AND 3570125
	Index Only Scan using k_7 on sbtest7  (cost=0.43..10.51 rows=104 width=4)
	  Index Cond: ((k >= 3570025) AND (k <= 3570125))

table 8 : explain SELECT k FROM sbtest8 WHERE k BETWEEN 3570025 AND 3570125
	Index Only Scan using k_8 on sbtest8  (cost=0.43..6.56 rows=106 width=4)
	  Index Cond: ((k >= 3570025) AND (k <= 3570125))

explain: for range-covered :: explain SELECT k FROM sbtest%d WHERE k BETWEEN 3570025 AND 3570125
for range-covered
table 1 : explain SELECT k FROM sbtest1 WHERE k BETWEEN 4555644 AND 4555744
	Index Only Scan using k_1 on sbtest1  (cost=0.43..6.43 rows=100 width=4)
	  Index Cond: ((k >= 4555644) AND (k <= 4555744))

table 2 : explain SELECT k FROM sbtest2 WHERE k BETWEEN 4555644 AND 4555744
	Index Only Scan using k_2 on sbtest2  (cost=0.43..6.50 rows=103 width=4)
	  Index Cond: ((k >= 4555644) AND (k <= 4555744))

table 3 : explain SELECT k FROM sbtest3 WHERE k BETWEEN 4555644 AND 4555744
	Index Only Scan using k_3 on sbtest3  (cost=0.43..10.50 rows=103 width=4)
	  Index Cond: ((k >= 4555644) AND (k <= 4555744))

table 4 : explain SELECT k FROM sbtest4 WHERE k BETWEEN 4555644 AND 4555744
	Index Only Scan using k_4 on sbtest4  (cost=0.43..6.53 rows=105 width=4)
	  Index Cond: ((k >= 4555644) AND (k <= 4555744))

table 5 : explain SELECT k FROM sbtest5 WHERE k BETWEEN 4555644 AND 4555744
	Index Only Scan using k_5 on sbtest5  (cost=0.43..6.53 rows=105 width=4)
	  Index Cond: ((k >= 4555644) AND (k <= 4555744))

table 6 : explain SELECT k FROM sbtest6 WHERE k BETWEEN 4555644 AND 4555744
	Index Only Scan using k_6 on sbtest6  (cost=0.43..10.42 rows=99 width=4)
	  Index Cond: ((k >= 4555644) AND (k <= 4555744))

table 7 : explain SELECT k FROM sbtest7 WHERE k BETWEEN 4555644 AND 4555744
	Index Only Scan using k_7 on sbtest7  (cost=0.43..10.33 rows=95 width=4)
	  Index Cond: ((k >= 4555644) AND (k <= 4555744))

table 8 : explain SELECT k FROM sbtest8 WHERE k BETWEEN 4555644 AND 4555744
	Index Only Scan using k_8 on sbtest8  (cost=0.43..6.61 rows=109 width=4)
	  Index Cond: ((k >= 4555644) AND (k <= 4555744))

for range-covered
table 1 : explain SELECT k FROM sbtest1 WHERE k BETWEEN 4268354 AND 4268454
	Index Only Scan using k_1 on sbtest1  (cost=0.43..6.35 rows=96 width=4)
	  Index Cond: ((k >= 4268354) AND (k <= 4268454))

table 2 : explain SELECT k FROM sbtest2 WHERE k BETWEEN 4268354 AND 4268454
	Index Only Scan using k_2 on sbtest2  (cost=0.43..6.45 rows=101 width=4)
	  Index Cond: ((k >= 4268354) AND (k <= 4268454))

table 3 : explain SELECT k FROM sbtest3 WHERE k BETWEEN 4268354 AND 4268454
	Index Only Scan using k_3 on sbtest3  (cost=0.43..10.44 rows=100 width=4)
	  Index Cond: ((k >= 4268354) AND (k <= 4268454))

table 4 : explain SELECT k FROM sbtest4 WHERE k BETWEEN 4268354 AND 4268454
	Index Only Scan using k_4 on sbtest4  (cost=0.43..6.61 rows=109 width=4)
	  Index Cond: ((k >= 4268354) AND (k <= 4268454))

table 5 : explain SELECT k FROM sbtest5 WHERE k BETWEEN 4268354 AND 4268454
	Index Only Scan using k_5 on sbtest5  (cost=0.43..6.79 rows=118 width=4)
	  Index Cond: ((k >= 4268354) AND (k <= 4268454))

table 6 : explain SELECT k FROM sbtest6 WHERE k BETWEEN 4268354 AND 4268454
	Index Only Scan using k_6 on sbtest6  (cost=0.43..10.50 rows=103 width=4)
	  Index Cond: ((k >= 4268354) AND (k <= 4268454))

table 7 : explain SELECT k FROM sbtest7 WHERE k BETWEEN 4268354 AND 4268454
	Index Only Scan using k_7 on sbtest7  (cost=0.43..10.56 rows=106 width=4)
	  Index Cond: ((k >= 4268354) AND (k <= 4268454))

table 8 : explain SELECT k FROM sbtest8 WHERE k BETWEEN 4268354 AND 4268454
	Index Only Scan using k_8 on sbtest8  (cost=0.43..6.33 rows=95 width=4)
	  Index Cond: ((k >= 4268354) AND (k <= 4268454))

explain: for range-covered :: explain SELECT k FROM sbtest%d WHERE k BETWEEN 4268354 AND 4268454
for range-covered
table 1 : explain SELECT k FROM sbtest1 WHERE k BETWEEN 3570025 AND 3570125
	Index Only Scan using k_1 on sbtest1  (cost=0.43..6.42 rows=99 width=4)
	  Index Cond: ((k >= 3570025) AND (k <= 3570125))

table 2 : explain SELECT k FROM sbtest2 WHERE k BETWEEN 3570025 AND 3570125
	Index Only Scan using k_2 on sbtest2  (cost=0.43..6.59 rows=108 width=4)
	  Index Cond: ((k >= 3570025) AND (k <= 3570125))

table 3 : explain SELECT k FROM sbtest3 WHERE k BETWEEN 3570025 AND 3570125
	Index Only Scan using k_3 on sbtest3  (cost=0.43..10.54 rows=105 width=4)
	  Index Cond: ((k >= 3570025) AND (k <= 3570125))

table 4 : explain SELECT k FROM sbtest4 WHERE k BETWEEN 3570025 AND 3570125
	Index Only Scan using k_4 on sbtest4  (cost=0.43..6.37 rows=97 width=4)
	  Index Cond: ((k >= 3570025) AND (k <= 3570125))

table 5 : explain SELECT k FROM sbtest5 WHERE k BETWEEN 3570025 AND 3570125
	Index Only Scan using k_5 on sbtest5  (cost=0.43..6.59 rows=108 width=4)
	  Index Cond: ((k >= 3570025) AND (k <= 3570125))

table 6 : explain SELECT k FROM sbtest6 WHERE k BETWEEN 3570025 AND 3570125
	Index Only Scan using k_6 on sbtest6  (cost=0.43..10.60 rows=108 width=4)
	  Index Cond: ((k >= 3570025) AND (k <= 3570125))

table 7 : explain SELECT k FROM sbtest7 WHERE k BETWEEN 3570025 AND 3570125
	Index Only Scan using k_7 on sbtest7  (cost=0.43..10.51 rows=104 width=4)
	  Index Cond: ((k >= 3570025) AND (k <= 3570125))

table 8 : explain SELECT k FROM sbtest8 WHERE k BETWEEN 3570025 AND 3570125
	Index Only Scan using k_8 on sbtest8  (cost=0.43..6.56 rows=106 width=4)
	  Index Cond: ((k >= 3570025) AND (k <= 3570125))

explain: for range-covered :: explain SELECT k FROM sbtest%d WHERE k BETWEEN 3570025 AND 3570125
explain: for range-covered :: explain SELECT k FROM sbtest%d WHERE k BETWEEN 9156520 AND 9156620
explain: for range-covered :: explain SELECT k FROM sbtest%d WHERE k BETWEEN 6113440 AND 6113540
explain: for range-covered :: explain SELECT k FROM sbtest%d WHERE k BETWEEN 4555644 AND 4555744
for range-covered
table 1 : explain SELECT k FROM sbtest1 WHERE k BETWEEN 4268354 AND 4268454
	Index Only Scan using k_1 on sbtest1  (cost=0.43..6.35 rows=96 width=4)
	  Index Cond: ((k >= 4268354) AND (k <= 4268454))

table 2 : explain SELECT k FROM sbtest2 WHERE k BETWEEN 4268354 AND 4268454
	Index Only Scan using k_2 on sbtest2  (cost=0.43..6.45 rows=101 width=4)
	  Index Cond: ((k >= 4268354) AND (k <= 4268454))

table 3 : explain SELECT k FROM sbtest3 WHERE k BETWEEN 4268354 AND 4268454
	Index Only Scan using k_3 on sbtest3  (cost=0.43..10.44 rows=100 width=4)
	  Index Cond: ((k >= 4268354) AND (k <= 4268454))

table 4 : explain SELECT k FROM sbtest4 WHERE k BETWEEN 4268354 AND 4268454
	Index Only Scan using k_4 on sbtest4  (cost=0.43..6.61 rows=109 width=4)
	  Index Cond: ((k >= 4268354) AND (k <= 4268454))

table 5 : explain SELECT k FROM sbtest5 WHERE k BETWEEN 4268354 AND 4268454
	Index Only Scan using k_5 on sbtest5  (cost=0.43..6.79 rows=118 width=4)
	  Index Cond: ((k >= 4268354) AND (k <= 4268454))

table 6 : explain SELECT k FROM sbtest6 WHERE k BETWEEN 4268354 AND 4268454
	Index Only Scan using k_6 on sbtest6  (cost=0.43..10.50 rows=103 width=4)
	  Index Cond: ((k >= 4268354) AND (k <= 4268454))

table 7 : explain SELECT k FROM sbtest7 WHERE k BETWEEN 4268354 AND 4268454
	Index Only Scan using k_7 on sbtest7  (cost=0.43..10.56 rows=106 width=4)
	  Index Cond: ((k >= 4268354) AND (k <= 4268454))

table 8 : explain SELECT k FROM sbtest8 WHERE k BETWEEN 4268354 AND 4268454
	Index Only Scan using k_8 on sbtest8  (cost=0.43..6.33 rows=95 width=4)
	  Index Cond: ((k >= 4268354) AND (k <= 4268454))

explain: for range-covered :: explain SELECT k FROM sbtest%d WHERE k BETWEEN 8092543 AND 8092643
explain: for range-covered :: explain SELECT k FROM sbtest%d WHERE k BETWEEN 4339029 AND 4339129
for range-covered
table 1 : explain SELECT k FROM sbtest1 WHERE k BETWEEN 800106 AND 800206
	Index Only Scan using k_1 on sbtest1  (cost=0.43..6.35 rows=96 width=4)
	  Index Cond: ((k >= 800106) AND (k <= 800206))

table 2 : explain SELECT k FROM sbtest2 WHERE k BETWEEN 800106 AND 800206
	Index Only Scan using k_2 on sbtest2  (cost=0.43..6.35 rows=96 width=4)
	  Index Cond: ((k >= 800106) AND (k <= 800206))

table 3 : explain SELECT k FROM sbtest3 WHERE k BETWEEN 800106 AND 800206
	Index Only Scan using k_3 on sbtest3  (cost=0.43..10.60 rows=108 width=4)
	  Index Cond: ((k >= 800106) AND (k <= 800206))

table 4 : explain SELECT k FROM sbtest4 WHERE k BETWEEN 800106 AND 800206
	Index Only Scan using k_4 on sbtest4  (cost=0.43..6.45 rows=101 width=4)
	  Index Cond: ((k >= 800106) AND (k <= 800206))

table 5 : explain SELECT k FROM sbtest5 WHERE k BETWEEN 800106 AND 800206
	Index Only Scan using k_5 on sbtest5  (cost=0.43..6.42 rows=99 width=4)
	  Index Cond: ((k >= 800106) AND (k <= 800206))

table 6 : explain SELECT k FROM sbtest6 WHERE k BETWEEN 800106 AND 800206
	Index Only Scan using k_6 on sbtest6  (cost=0.43..10.46 rows=101 width=4)
	  Index Cond: ((k >= 800106) AND (k <= 800206))

table 7 : explain SELECT k FROM sbtest7 WHERE k BETWEEN 800106 AND 800206
	Index Only Scan using k_7 on sbtest7  (cost=0.43..10.44 rows=100 width=4)
	  Index Cond: ((k >= 800106) AND (k <= 800206))

table 8 : explain SELECT k FROM sbtest8 WHERE k BETWEEN 800106 AND 800206
	Index Only Scan using k_8 on sbtest8  (cost=0.43..6.53 rows=105 width=4)
	  Index Cond: ((k >= 800106) AND (k <= 800206))

explain: for range-covered :: explain SELECT k FROM sbtest%d WHERE k BETWEEN 800106 AND 800206
for range-covered
table 1 : explain SELECT k FROM sbtest1 WHERE k BETWEEN 4701151 AND 4701251
	Index Only Scan using k_1 on sbtest1  (cost=0.43..6.42 rows=99 width=4)
	  Index Cond: ((k >= 4701151) AND (k <= 4701251))

table 2 : explain SELECT k FROM sbtest2 WHERE k BETWEEN 4701151 AND 4701251
	Index Only Scan using k_2 on sbtest2  (cost=0.43..6.53 rows=105 width=4)
	  Index Cond: ((k >= 4701151) AND (k <= 4701251))

table 3 : explain SELECT k FROM sbtest3 WHERE k BETWEEN 4701151 AND 4701251
	Index Only Scan using k_3 on sbtest3  (cost=0.43..10.33 rows=95 width=4)
	  Index Cond: ((k >= 4701151) AND (k <= 4701251))

table 4 : explain SELECT k FROM sbtest4 WHERE k BETWEEN 4701151 AND 4701251
	Index Only Scan using k_4 on sbtest4  (cost=0.43..6.53 rows=105 width=4)
	  Index Cond: ((k >= 4701151) AND (k <= 4701251))

table 5 : explain SELECT k FROM sbtest5 WHERE k BETWEEN 4701151 AND 4701251
	Index Only Scan using k_5 on sbtest5  (cost=0.43..6.40 rows=98 width=4)
	  Index Cond: ((k >= 4701151) AND (k <= 4701251))

table 6 : explain SELECT k FROM sbtest6 WHERE k BETWEEN 4701151 AND 4701251
	Index Only Scan using k_6 on sbtest6  (cost=0.43..10.42 rows=99 width=4)
	  Index Cond: ((k >= 4701151) AND (k <= 4701251))

table 7 : explain SELECT k FROM sbtest7 WHERE k BETWEEN 4701151 AND 4701251
	Index Only Scan using k_7 on sbtest7  (cost=0.43..10.58 rows=107 width=4)
	  Index Cond: ((k >= 4701151) AND (k <= 4701251))

table 8 : explain SELECT k FROM sbtest8 WHERE k BETWEEN 4701151 AND 4701251
	Index Only Scan using k_8 on sbtest8  (cost=0.43..6.50 rows=103 width=4)
	  Index Cond: ((k >= 4701151) AND (k <= 4701251))

for range-covered
table 1 : explain SELECT k FROM sbtest1 WHERE k BETWEEN 3570025 AND 3570125
	Index Only Scan using k_1 on sbtest1  (cost=0.43..6.42 rows=99 width=4)
	  Index Cond: ((k >= 3570025) AND (k <= 3570125))

table 2 : explain SELECT k FROM sbtest2 WHERE k BETWEEN 3570025 AND 3570125
	Index Only Scan using k_2 on sbtest2  (cost=0.43..6.59 rows=108 width=4)
	  Index Cond: ((k >= 3570025) AND (k <= 3570125))

table 3 : explain SELECT k FROM sbtest3 WHERE k BETWEEN 3570025 AND 3570125
	Index Only Scan using k_3 on sbtest3  (cost=0.43..10.54 rows=105 width=4)
	  Index Cond: ((k >= 3570025) AND (k <= 3570125))

table 4 : explain SELECT k FROM sbtest4 WHERE k BETWEEN 3570025 AND 3570125
	Index Only Scan using k_4 on sbtest4  (cost=0.43..6.37 rows=97 width=4)
	  Index Cond: ((k >= 3570025) AND (k <= 3570125))

table 5 : explain SELECT k FROM sbtest5 WHERE k BETWEEN 3570025 AND 3570125
	Index Only Scan using k_5 on sbtest5  (cost=0.43..6.59 rows=108 width=4)
	  Index Cond: ((k >= 3570025) AND (k <= 3570125))

table 6 : explain SELECT k FROM sbtest6 WHERE k BETWEEN 3570025 AND 3570125
	Index Only Scan using k_6 on sbtest6  (cost=0.43..10.60 rows=108 width=4)
	  Index Cond: ((k >= 3570025) AND (k <= 3570125))

table 7 : explain SELECT k FROM sbtest7 WHERE k BETWEEN 3570025 AND 3570125
	Index Only Scan using k_7 on sbtest7  (cost=0.43..10.51 rows=104 width=4)
	  Index Cond: ((k >= 3570025) AND (k <= 3570125))

table 8 : explain SELECT k FROM sbtest8 WHERE k BETWEEN 3570025 AND 3570125
	Index Only Scan using k_8 on sbtest8  (cost=0.43..6.56 rows=106 width=4)
	  Index Cond: ((k >= 3570025) AND (k <= 3570125))

explain: for range-covered :: explain SELECT k FROM sbtest%d WHERE k BETWEEN 4701151 AND 4701251
for range-covered
table 1 : explain SELECT k FROM sbtest1 WHERE k BETWEEN 4555644 AND 4555744
	Index Only Scan using k_1 on sbtest1  (cost=0.43..6.43 rows=100 width=4)
	  Index Cond: ((k >= 4555644) AND (k <= 4555744))

table 2 : explain SELECT k FROM sbtest2 WHERE k BETWEEN 4555644 AND 4555744
	Index Only Scan using k_2 on sbtest2  (cost=0.43..6.50 rows=103 width=4)
	  Index Cond: ((k >= 4555644) AND (k <= 4555744))

table 3 : explain SELECT k FROM sbtest3 WHERE k BETWEEN 4555644 AND 4555744
	Index Only Scan using k_3 on sbtest3  (cost=0.43..10.50 rows=103 width=4)
	  Index Cond: ((k >= 4555644) AND (k <= 4555744))

table 4 : explain SELECT k FROM sbtest4 WHERE k BETWEEN 4555644 AND 4555744
	Index Only Scan using k_4 on sbtest4  (cost=0.43..6.53 rows=105 width=4)
	  Index Cond: ((k >= 4555644) AND (k <= 4555744))

table 5 : explain SELECT k FROM sbtest5 WHERE k BETWEEN 4555644 AND 4555744
	Index Only Scan using k_5 on sbtest5  (cost=0.43..6.53 rows=105 width=4)
	  Index Cond: ((k >= 4555644) AND (k <= 4555744))

table 6 : explain SELECT k FROM sbtest6 WHERE k BETWEEN 4555644 AND 4555744
	Index Only Scan using k_6 on sbtest6  (cost=0.43..10.42 rows=99 width=4)
	  Index Cond: ((k >= 4555644) AND (k <= 4555744))

table 7 : explain SELECT k FROM sbtest7 WHERE k BETWEEN 4555644 AND 4555744
	Index Only Scan using k_7 on sbtest7  (cost=0.43..10.33 rows=95 width=4)
	  Index Cond: ((k >= 4555644) AND (k <= 4555744))

table 8 : explain SELECT k FROM sbtest8 WHERE k BETWEEN 4555644 AND 4555744
	Index Only Scan using k_8 on sbtest8  (cost=0.43..6.61 rows=109 width=4)
	  Index Cond: ((k >= 4555644) AND (k <= 4555744))

explain: for range-covered :: explain SELECT k FROM sbtest%d WHERE k BETWEEN 4555644 AND 4555744
for range-covered
table 1 : explain SELECT k FROM sbtest1 WHERE k BETWEEN 800106 AND 800206
	Index Only Scan using k_1 on sbtest1  (cost=0.43..6.35 rows=96 width=4)
	  Index Cond: ((k >= 800106) AND (k <= 800206))

table 2 : explain SELECT k FROM sbtest2 WHERE k BETWEEN 800106 AND 800206
	Index Only Scan using k_2 on sbtest2  (cost=0.43..6.35 rows=96 width=4)
	  Index Cond: ((k >= 800106) AND (k <= 800206))

table 3 : explain SELECT k FROM sbtest3 WHERE k BETWEEN 800106 AND 800206
	Index Only Scan using k_3 on sbtest3  (cost=0.43..10.60 rows=108 width=4)
	  Index Cond: ((k >= 800106) AND (k <= 800206))

table 4 : explain SELECT k FROM sbtest4 WHERE k BETWEEN 800106 AND 800206
	Index Only Scan using k_4 on sbtest4  (cost=0.43..6.45 rows=101 width=4)
	  Index Cond: ((k >= 800106) AND (k <= 800206))

table 5 : explain SELECT k FROM sbtest5 WHERE k BETWEEN 800106 AND 800206
	Index Only Scan using k_5 on sbtest5  (cost=0.43..6.42 rows=99 width=4)
	  Index Cond: ((k >= 800106) AND (k <= 800206))

table 6 : explain SELECT k FROM sbtest6 WHERE k BETWEEN 800106 AND 800206
	Index Only Scan using k_6 on sbtest6  (cost=0.43..10.46 rows=101 width=4)
	  Index Cond: ((k >= 800106) AND (k <= 800206))

table 7 : explain SELECT k FROM sbtest7 WHERE k BETWEEN 800106 AND 800206
	Index Only Scan using k_7 on sbtest7  (cost=0.43..10.44 rows=100 width=4)
	  Index Cond: ((k >= 800106) AND (k <= 800206))

table 8 : explain SELECT k FROM sbtest8 WHERE k BETWEEN 800106 AND 800206
	Index Only Scan using k_8 on sbtest8  (cost=0.43..6.53 rows=105 width=4)
	  Index Cond: ((k >= 800106) AND (k <= 800206))

for range-covered
table 1 : explain SELECT k FROM sbtest1 WHERE k BETWEEN 4701151 AND 4701251
	Index Only Scan using k_1 on sbtest1  (cost=0.43..6.42 rows=99 width=4)
	  Index Cond: ((k >= 4701151) AND (k <= 4701251))

table 2 : explain SELECT k FROM sbtest2 WHERE k BETWEEN 4701151 AND 4701251
	Index Only Scan using k_2 on sbtest2  (cost=0.43..6.53 rows=105 width=4)
	  Index Cond: ((k >= 4701151) AND (k <= 4701251))

table 3 : explain SELECT k FROM sbtest3 WHERE k BETWEEN 4701151 AND 4701251
	Index Only Scan using k_3 on sbtest3  (cost=0.43..10.33 rows=95 width=4)
	  Index Cond: ((k >= 4701151) AND (k <= 4701251))

table 4 : explain SELECT k FROM sbtest4 WHERE k BETWEEN 4701151 AND 4701251
	Index Only Scan using k_4 on sbtest4  (cost=0.43..6.53 rows=105 width=4)
	  Index Cond: ((k >= 4701151) AND (k <= 4701251))

table 5 : explain SELECT k FROM sbtest5 WHERE k BETWEEN 4701151 AND 4701251
	Index Only Scan using k_5 on sbtest5  (cost=0.43..6.40 rows=98 width=4)
	  Index Cond: ((k >= 4701151) AND (k <= 4701251))

table 6 : explain SELECT k FROM sbtest6 WHERE k BETWEEN 4701151 AND 4701251
	Index Only Scan using k_6 on sbtest6  (cost=0.43..10.42 rows=99 width=4)
	  Index Cond: ((k >= 4701151) AND (k <= 4701251))

table 7 : explain SELECT k FROM sbtest7 WHERE k BETWEEN 4701151 AND 4701251
	Index Only Scan using k_7 on sbtest7  (cost=0.43..10.58 rows=107 width=4)
	  Index Cond: ((k >= 4701151) AND (k <= 4701251))

table 8 : explain SELECT k FROM sbtest8 WHERE k BETWEEN 4701151 AND 4701251
	Index Only Scan using k_8 on sbtest8  (cost=0.43..6.50 rows=103 width=4)
	  Index Cond: ((k >= 4701151) AND (k <= 4701251))

explain: for range-covered :: explain SELECT k FROM sbtest%d WHERE k BETWEEN 800106 AND 800206
explain: for range-covered :: explain SELECT k FROM sbtest%d WHERE k BETWEEN 4012442 AND 4012542
explain: for range-covered :: explain SELECT k FROM sbtest%d WHERE k BETWEEN 4701151 AND 4701251
for range-covered
table 1 : explain SELECT k FROM sbtest1 WHERE k BETWEEN 4701151 AND 4701251
	Index Only Scan using k_1 on sbtest1  (cost=0.43..6.42 rows=99 width=4)
	  Index Cond: ((k >= 4701151) AND (k <= 4701251))

table 2 : explain SELECT k FROM sbtest2 WHERE k BETWEEN 4701151 AND 4701251
	Index Only Scan using k_2 on sbtest2  (cost=0.43..6.53 rows=105 width=4)
	  Index Cond: ((k >= 4701151) AND (k <= 4701251))

table 3 : explain SELECT k FROM sbtest3 WHERE k BETWEEN 4701151 AND 4701251
	Index Only Scan using k_3 on sbtest3  (cost=0.43..10.33 rows=95 width=4)
	  Index Cond: ((k >= 4701151) AND (k <= 4701251))

table 4 : explain SELECT k FROM sbtest4 WHERE k BETWEEN 4701151 AND 4701251
	Index Only Scan using k_4 on sbtest4  (cost=0.43..6.53 rows=105 width=4)
	  Index Cond: ((k >= 4701151) AND (k <= 4701251))

table 5 : explain SELECT k FROM sbtest5 WHERE k BETWEEN 4701151 AND 4701251
	Index Only Scan using k_5 on sbtest5  (cost=0.43..6.40 rows=98 width=4)
	  Index Cond: ((k >= 4701151) AND (k <= 4701251))

table 6 : explain SELECT k FROM sbtest6 WHERE k BETWEEN 4701151 AND 4701251
	Index Only Scan using k_6 on sbtest6  (cost=0.43..10.42 rows=99 width=4)
	  Index Cond: ((k >= 4701151) AND (k <= 4701251))

table 7 : explain SELECT k FROM sbtest7 WHERE k BETWEEN 4701151 AND 4701251
	Index Only Scan using k_7 on sbtest7  (cost=0.43..10.58 rows=107 width=4)
	  Index Cond: ((k >= 4701151) AND (k <= 4701251))

table 8 : explain SELECT k FROM sbtest8 WHERE k BETWEEN 4701151 AND 4701251
	Index Only Scan using k_8 on sbtest8  (cost=0.43..6.50 rows=103 width=4)
	  Index Cond: ((k >= 4701151) AND (k <= 4701251))

explain: for range-covered :: explain SELECT k FROM sbtest%d WHERE k BETWEEN 4701151 AND 4701251
for range-covered
table 1 : explain SELECT k FROM sbtest1 WHERE k BETWEEN 4555644 AND 4555744
	Index Only Scan using k_1 on sbtest1  (cost=0.43..6.43 rows=100 width=4)
	  Index Cond: ((k >= 4555644) AND (k <= 4555744))

table 2 : explain SELECT k FROM sbtest2 WHERE k BETWEEN 4555644 AND 4555744
	Index Only Scan using k_2 on sbtest2  (cost=0.43..6.50 rows=103 width=4)
	  Index Cond: ((k >= 4555644) AND (k <= 4555744))

table 3 : explain SELECT k FROM sbtest3 WHERE k BETWEEN 4555644 AND 4555744
	Index Only Scan using k_3 on sbtest3  (cost=0.43..10.50 rows=103 width=4)
	  Index Cond: ((k >= 4555644) AND (k <= 4555744))

table 4 : explain SELECT k FROM sbtest4 WHERE k BETWEEN 4555644 AND 4555744
	Index Only Scan using k_4 on sbtest4  (cost=0.43..6.53 rows=105 width=4)
	  Index Cond: ((k >= 4555644) AND (k <= 4555744))

table 5 : explain SELECT k FROM sbtest5 WHERE k BETWEEN 4555644 AND 4555744
	Index Only Scan using k_5 on sbtest5  (cost=0.43..6.53 rows=105 width=4)
	  Index Cond: ((k >= 4555644) AND (k <= 4555744))

table 6 : explain SELECT k FROM sbtest6 WHERE k BETWEEN 4555644 AND 4555744
	Index Only Scan using k_6 on sbtest6  (cost=0.43..10.42 rows=99 width=4)
	  Index Cond: ((k >= 4555644) AND (k <= 4555744))

table 7 : explain SELECT k FROM sbtest7 WHERE k BETWEEN 4555644 AND 4555744
	Index Only Scan using k_7 on sbtest7  (cost=0.43..10.33 rows=95 width=4)
	  Index Cond: ((k >= 4555644) AND (k <= 4555744))

table 8 : explain SELECT k FROM sbtest8 WHERE k BETWEEN 4555644 AND 4555744
	Index Only Scan using k_8 on sbtest8  (cost=0.43..6.61 rows=109 width=4)
	  Index Cond: ((k >= 4555644) AND (k <= 4555744))

explain: for range-covered :: explain SELECT k FROM sbtest%d WHERE k BETWEEN 8864583 AND 8864683
for range-covered
table 1 : explain SELECT k FROM sbtest1 WHERE k BETWEEN 6113440 AND 6113540
	Index Only Scan using k_1 on sbtest1  (cost=0.43..6.37 rows=97 width=4)
	  Index Cond: ((k >= 6113440) AND (k <= 6113540))

table 2 : explain SELECT k FROM sbtest2 WHERE k BETWEEN 6113440 AND 6113540
	Index Only Scan using k_2 on sbtest2  (cost=0.43..6.56 rows=106 width=4)
	  Index Cond: ((k >= 6113440) AND (k <= 6113540))

table 3 : explain SELECT k FROM sbtest3 WHERE k BETWEEN 6113440 AND 6113540
	Index Only Scan using k_3 on sbtest3  (cost=0.43..10.46 rows=101 width=4)
	  Index Cond: ((k >= 6113440) AND (k <= 6113540))

table 4 : explain SELECT k FROM sbtest4 WHERE k BETWEEN 6113440 AND 6113540
	Index Only Scan using k_4 on sbtest4  (cost=0.43..6.27 rows=92 width=4)
	  Index Cond: ((k >= 6113440) AND (k <= 6113540))

table 5 : explain SELECT k FROM sbtest5 WHERE k BETWEEN 6113440 AND 6113540
	Index Only Scan using k_5 on sbtest5  (cost=0.43..6.51 rows=104 width=4)
	  Index Cond: ((k >= 6113440) AND (k <= 6113540))

table 6 : explain SELECT k FROM sbtest6 WHERE k BETWEEN 6113440 AND 6113540
	Index Only Scan using k_6 on sbtest6  (cost=0.43..10.72 rows=114 width=4)
	  Index Cond: ((k >= 6113440) AND (k <= 6113540))

table 7 : explain SELECT k FROM sbtest7 WHERE k BETWEEN 6113440 AND 6113540
	Index Only Scan using k_7 on sbtest7  (cost=0.43..10.50 rows=103 width=4)
	  Index Cond: ((k >= 6113440) AND (k <= 6113540))

table 8 : explain SELECT k FROM sbtest8 WHERE k BETWEEN 6113440 AND 6113540
	Index Only Scan using k_8 on sbtest8  (cost=0.43..6.58 rows=107 width=4)
	  Index Cond: ((k >= 6113440) AND (k <= 6113540))

explain: for range-covered :: explain SELECT k FROM sbtest%d WHERE k BETWEEN 6113440 AND 6113540
for range-covered
table 1 : explain SELECT k FROM sbtest1 WHERE k BETWEEN 4701151 AND 4701251
	Index Only Scan using k_1 on sbtest1  (cost=0.43..6.42 rows=99 width=4)
	  Index Cond: ((k >= 4701151) AND (k <= 4701251))

table 2 : explain SELECT k FROM sbtest2 WHERE k BETWEEN 4701151 AND 4701251
	Index Only Scan using k_2 on sbtest2  (cost=0.43..6.53 rows=105 width=4)
	  Index Cond: ((k >= 4701151) AND (k <= 4701251))

table 3 : explain SELECT k FROM sbtest3 WHERE k BETWEEN 4701151 AND 4701251
	Index Only Scan using k_3 on sbtest3  (cost=0.43..10.33 rows=95 width=4)
	  Index Cond: ((k >= 4701151) AND (k <= 4701251))

table 4 : explain SELECT k FROM sbtest4 WHERE k BETWEEN 4701151 AND 4701251
	Index Only Scan using k_4 on sbtest4  (cost=0.43..6.53 rows=105 width=4)
	  Index Cond: ((k >= 4701151) AND (k <= 4701251))

table 5 : explain SELECT k FROM sbtest5 WHERE k BETWEEN 4701151 AND 4701251
	Index Only Scan using k_5 on sbtest5  (cost=0.43..6.40 rows=98 width=4)
	  Index Cond: ((k >= 4701151) AND (k <= 4701251))

table 6 : explain SELECT k FROM sbtest6 WHERE k BETWEEN 4701151 AND 4701251
	Index Only Scan using k_6 on sbtest6  (cost=0.43..10.42 rows=99 width=4)
	  Index Cond: ((k >= 4701151) AND (k <= 4701251))

table 7 : explain SELECT k FROM sbtest7 WHERE k BETWEEN 4701151 AND 4701251
	Index Only Scan using k_7 on sbtest7  (cost=0.43..10.58 rows=107 width=4)
	  Index Cond: ((k >= 4701151) AND (k <= 4701251))

table 8 : explain SELECT k FROM sbtest8 WHERE k BETWEEN 4701151 AND 4701251
	Index Only Scan using k_8 on sbtest8  (cost=0.43..6.50 rows=103 width=4)
	  Index Cond: ((k >= 4701151) AND (k <= 4701251))

for range-covered
table 1 : explain SELECT k FROM sbtest1 WHERE k BETWEEN 800106 AND 800206
	Index Only Scan using k_1 on sbtest1  (cost=0.43..6.35 rows=96 width=4)
	  Index Cond: ((k >= 800106) AND (k <= 800206))

table 2 : explain SELECT k FROM sbtest2 WHERE k BETWEEN 800106 AND 800206
	Index Only Scan using k_2 on sbtest2  (cost=0.43..6.35 rows=96 width=4)
	  Index Cond: ((k >= 800106) AND (k <= 800206))

table 3 : explain SELECT k FROM sbtest3 WHERE k BETWEEN 800106 AND 800206
	Index Only Scan using k_3 on sbtest3  (cost=0.43..10.60 rows=108 width=4)
	  Index Cond: ((k >= 800106) AND (k <= 800206))

table 4 : explain SELECT k FROM sbtest4 WHERE k BETWEEN 800106 AND 800206
	Index Only Scan using k_4 on sbtest4  (cost=0.43..6.45 rows=101 width=4)
	  Index Cond: ((k >= 800106) AND (k <= 800206))

table 5 : explain SELECT k FROM sbtest5 WHERE k BETWEEN 800106 AND 800206
	Index Only Scan using k_5 on sbtest5  (cost=0.43..6.42 rows=99 width=4)
	  Index Cond: ((k >= 800106) AND (k <= 800206))

table 6 : explain SELECT k FROM sbtest6 WHERE k BETWEEN 800106 AND 800206
	Index Only Scan using k_6 on sbtest6  (cost=0.43..10.46 rows=101 width=4)
	  Index Cond: ((k >= 800106) AND (k <= 800206))

table 7 : explain SELECT k FROM sbtest7 WHERE k BETWEEN 800106 AND 800206
	Index Only Scan using k_7 on sbtest7  (cost=0.43..10.44 rows=100 width=4)
	  Index Cond: ((k >= 800106) AND (k <= 800206))

table 8 : explain SELECT k FROM sbtest8 WHERE k BETWEEN 800106 AND 800206
	Index Only Scan using k_8 on sbtest8  (cost=0.43..6.53 rows=105 width=4)
	  Index Cond: ((k >= 800106) AND (k <= 800206))

for range-covered
table 1 : explain SELECT k FROM sbtest1 WHERE k BETWEEN 8092543 AND 8092643
	Index Only Scan using k_1 on sbtest1  (cost=0.43..6.51 rows=104 width=4)
	  Index Cond: ((k >= 8092543) AND (k <= 8092643))

table 2 : explain SELECT k FROM sbtest2 WHERE k BETWEEN 8092543 AND 8092643
	Index Only Scan using k_2 on sbtest2  (cost=0.43..6.35 rows=96 width=4)
	  Index Cond: ((k >= 8092543) AND (k <= 8092643))

table 3 : explain SELECT k FROM sbtest3 WHERE k BETWEEN 8092543 AND 8092643
	Index Only Scan using k_3 on sbtest3  (cost=0.43..10.50 rows=103 width=4)
	  Index Cond: ((k >= 8092543) AND (k <= 8092643))

table 4 : explain SELECT k FROM sbtest4 WHERE k BETWEEN 8092543 AND 8092643
	Index Only Scan using k_4 on sbtest4  (cost=0.43..6.56 rows=106 width=4)
	  Index Cond: ((k >= 8092543) AND (k <= 8092643))

table 5 : explain SELECT k FROM sbtest5 WHERE k BETWEEN 8092543 AND 8092643
	Index Only Scan using k_5 on sbtest5  (cost=0.43..6.50 rows=103 width=4)
	  Index Cond: ((k >= 8092543) AND (k <= 8092643))

table 6 : explain SELECT k FROM sbtest6 WHERE k BETWEEN 8092543 AND 8092643
	Index Only Scan using k_6 on sbtest6  (cost=0.43..10.63 rows=110 width=4)
	  Index Cond: ((k >= 8092543) AND (k <= 8092643))

table 7 : explain SELECT k FROM sbtest7 WHERE k BETWEEN 8092543 AND 8092643
	Index Only Scan using k_7 on sbtest7  (cost=0.43..10.50 rows=103 width=4)
	  Index Cond: ((k >= 8092543) AND (k <= 8092643))

table 8 : explain SELECT k FROM sbtest8 WHERE k BETWEEN 8092543 AND 8092643
	Index Only Scan using k_8 on sbtest8  (cost=0.43..6.45 rows=101 width=4)
	  Index Cond: ((k >= 8092543) AND (k <= 8092643))

for range-covered
table 1 : explain SELECT k FROM sbtest1 WHERE k BETWEEN 4339029 AND 4339129
	Index Only Scan using k_1 on sbtest1  (cost=0.43..6.35 rows=96 width=4)
	  Index Cond: ((k >= 4339029) AND (k <= 4339129))

table 2 : explain SELECT k FROM sbtest2 WHERE k BETWEEN 4339029 AND 4339129
	Index Only Scan using k_2 on sbtest2  (cost=0.43..6.63 rows=110 width=4)
	  Index Cond: ((k >= 4339029) AND (k <= 4339129))

table 3 : explain SELECT k FROM sbtest3 WHERE k BETWEEN 4339029 AND 4339129
	Index Only Scan using k_3 on sbtest3  (cost=0.43..10.54 rows=105 width=4)
	  Index Cond: ((k >= 4339029) AND (k <= 4339129))

table 4 : explain SELECT k FROM sbtest4 WHERE k BETWEEN 4339029 AND 4339129
	Index Only Scan using k_4 on sbtest4  (cost=0.43..6.61 rows=109 width=4)
	  Index Cond: ((k >= 4339029) AND (k <= 4339129))

table 5 : explain SELECT k FROM sbtest5 WHERE k BETWEEN 4339029 AND 4339129
	Index Only Scan using k_5 on sbtest5  (cost=0.43..6.47 rows=102 width=4)
	  Index Cond: ((k >= 4339029) AND (k <= 4339129))

table 6 : explain SELECT k FROM sbtest6 WHERE k BETWEEN 4339029 AND 4339129
	Index Only Scan using k_6 on sbtest6  (cost=0.43..10.51 rows=104 width=4)
	  Index Cond: ((k >= 4339029) AND (k <= 4339129))

table 7 : explain SELECT k FROM sbtest7 WHERE k BETWEEN 4339029 AND 4339129
	Index Only Scan using k_7 on sbtest7  (cost=0.43..10.94 rows=125 width=4)
	  Index Cond: ((k >= 4339029) AND (k <= 4339129))

table 8 : explain SELECT k FROM sbtest8 WHERE k BETWEEN 4339029 AND 4339129
	Index Only Scan using k_8 on sbtest8  (cost=0.43..6.25 rows=91 width=4)
	  Index Cond: ((k >= 4339029) AND (k <= 4339129))

explain: for range-covered :: explain SELECT k FROM sbtest%d WHERE k BETWEEN 4701151 AND 4701251
explain: for range-covered :: explain SELECT k FROM sbtest%d WHERE k BETWEEN 800106 AND 800206
explain: for range-covered :: explain SELECT k FROM sbtest%d WHERE k BETWEEN 8092543 AND 8092643
explain: for range-covered :: explain SELECT k FROM sbtest%d WHERE k BETWEEN 4339029 AND 4339129
for range-covered
table 1 : explain SELECT k FROM sbtest1 WHERE k BETWEEN 6113440 AND 6113540
	Index Only Scan using k_1 on sbtest1  (cost=0.43..6.37 rows=97 width=4)
	  Index Cond: ((k >= 6113440) AND (k <= 6113540))

table 2 : explain SELECT k FROM sbtest2 WHERE k BETWEEN 6113440 AND 6113540
	Index Only Scan using k_2 on sbtest2  (cost=0.43..6.56 rows=106 width=4)
	  Index Cond: ((k >= 6113440) AND (k <= 6113540))

table 3 : explain SELECT k FROM sbtest3 WHERE k BETWEEN 6113440 AND 6113540
	Index Only Scan using k_3 on sbtest3  (cost=0.43..10.46 rows=101 width=4)
	  Index Cond: ((k >= 6113440) AND (k <= 6113540))

table 4 : explain SELECT k FROM sbtest4 WHERE k BETWEEN 6113440 AND 6113540
	Index Only Scan using k_4 on sbtest4  (cost=0.43..6.27 rows=92 width=4)
	  Index Cond: ((k >= 6113440) AND (k <= 6113540))

table 5 : explain SELECT k FROM sbtest5 WHERE k BETWEEN 6113440 AND 6113540
	Index Only Scan using k_5 on sbtest5  (cost=0.43..6.51 rows=104 width=4)
	  Index Cond: ((k >= 6113440) AND (k <= 6113540))

table 6 : explain SELECT k FROM sbtest6 WHERE k BETWEEN 6113440 AND 6113540
	Index Only Scan using k_6 on sbtest6  (cost=0.43..10.72 rows=114 width=4)
	  Index Cond: ((k >= 6113440) AND (k <= 6113540))

table 7 : explain SELECT k FROM sbtest7 WHERE k BETWEEN 6113440 AND 6113540
	Index Only Scan using k_7 on sbtest7  (cost=0.43..10.50 rows=103 width=4)
	  Index Cond: ((k >= 6113440) AND (k <= 6113540))

table 8 : explain SELECT k FROM sbtest8 WHERE k BETWEEN 6113440 AND 6113540
	Index Only Scan using k_8 on sbtest8  (cost=0.43..6.58 rows=107 width=4)
	  Index Cond: ((k >= 6113440) AND (k <= 6113540))

for range-covered
table 1 : explain SELECT k FROM sbtest1 WHERE k BETWEEN 4701151 AND 4701251
	Index Only Scan using k_1 on sbtest1  (cost=0.43..6.42 rows=99 width=4)
	  Index Cond: ((k >= 4701151) AND (k <= 4701251))

table 2 : explain SELECT k FROM sbtest2 WHERE k BETWEEN 4701151 AND 4701251
	Index Only Scan using k_2 on sbtest2  (cost=0.43..6.53 rows=105 width=4)
	  Index Cond: ((k >= 4701151) AND (k <= 4701251))

table 3 : explain SELECT k FROM sbtest3 WHERE k BETWEEN 4701151 AND 4701251
	Index Only Scan using k_3 on sbtest3  (cost=0.43..10.33 rows=95 width=4)
	  Index Cond: ((k >= 4701151) AND (k <= 4701251))

table 4 : explain SELECT k FROM sbtest4 WHERE k BETWEEN 4701151 AND 4701251
	Index Only Scan using k_4 on sbtest4  (cost=0.43..6.53 rows=105 width=4)
	  Index Cond: ((k >= 4701151) AND (k <= 4701251))

table 5 : explain SELECT k FROM sbtest5 WHERE k BETWEEN 4701151 AND 4701251
	Index Only Scan using k_5 on sbtest5  (cost=0.43..6.40 rows=98 width=4)
	  Index Cond: ((k >= 4701151) AND (k <= 4701251))

table 6 : explain SELECT k FROM sbtest6 WHERE k BETWEEN 4701151 AND 4701251
	Index Only Scan using k_6 on sbtest6  (cost=0.43..10.42 rows=99 width=4)
	  Index Cond: ((k >= 4701151) AND (k <= 4701251))

table 7 : explain SELECT k FROM sbtest7 WHERE k BETWEEN 4701151 AND 4701251
	Index Only Scan using k_7 on sbtest7  (cost=0.43..10.58 rows=107 width=4)
	  Index Cond: ((k >= 4701151) AND (k <= 4701251))

table 8 : explain SELECT k FROM sbtest8 WHERE k BETWEEN 4701151 AND 4701251
	Index Only Scan using k_8 on sbtest8  (cost=0.43..6.50 rows=103 width=4)
	  Index Cond: ((k >= 4701151) AND (k <= 4701251))

explain: for range-covered :: explain SELECT k FROM sbtest%d WHERE k BETWEEN 6113440 AND 6113540
explain: for range-covered :: explain SELECT k FROM sbtest%d WHERE k BETWEEN 4701151 AND 4701251
for range-covered
table 1 : explain SELECT k FROM sbtest1 WHERE k BETWEEN 8092543 AND 8092643
	Index Only Scan using k_1 on sbtest1  (cost=0.43..6.51 rows=104 width=4)
	  Index Cond: ((k >= 8092543) AND (k <= 8092643))

table 2 : explain SELECT k FROM sbtest2 WHERE k BETWEEN 8092543 AND 8092643
	Index Only Scan using k_2 on sbtest2  (cost=0.43..6.35 rows=96 width=4)
	  Index Cond: ((k >= 8092543) AND (k <= 8092643))

table 3 : explain SELECT k FROM sbtest3 WHERE k BETWEEN 8092543 AND 8092643
	Index Only Scan using k_3 on sbtest3  (cost=0.43..10.50 rows=103 width=4)
	  Index Cond: ((k >= 8092543) AND (k <= 8092643))

table 4 : explain SELECT k FROM sbtest4 WHERE k BETWEEN 8092543 AND 8092643
	Index Only Scan using k_4 on sbtest4  (cost=0.43..6.56 rows=106 width=4)
	  Index Cond: ((k >= 8092543) AND (k <= 8092643))

table 5 : explain SELECT k FROM sbtest5 WHERE k BETWEEN 8092543 AND 8092643
	Index Only Scan using k_5 on sbtest5  (cost=0.43..6.50 rows=103 width=4)
	  Index Cond: ((k >= 8092543) AND (k <= 8092643))

table 6 : explain SELECT k FROM sbtest6 WHERE k BETWEEN 8092543 AND 8092643
	Index Only Scan using k_6 on sbtest6  (cost=0.43..10.63 rows=110 width=4)
	  Index Cond: ((k >= 8092543) AND (k <= 8092643))

table 7 : explain SELECT k FROM sbtest7 WHERE k BETWEEN 8092543 AND 8092643
	Index Only Scan using k_7 on sbtest7  (cost=0.43..10.50 rows=103 width=4)
	  Index Cond: ((k >= 8092543) AND (k <= 8092643))

table 8 : explain SELECT k FROM sbtest8 WHERE k BETWEEN 8092543 AND 8092643
	Index Only Scan using k_8 on sbtest8  (cost=0.43..6.45 rows=101 width=4)
	  Index Cond: ((k >= 8092543) AND (k <= 8092643))

for range-covered
table 1 : explain SELECT k FROM sbtest1 WHERE k BETWEEN 4339029 AND 4339129
	Index Only Scan using k_1 on sbtest1  (cost=0.43..6.35 rows=96 width=4)
	  Index Cond: ((k >= 4339029) AND (k <= 4339129))

table 2 : explain SELECT k FROM sbtest2 WHERE k BETWEEN 4339029 AND 4339129
	Index Only Scan using k_2 on sbtest2  (cost=0.43..6.63 rows=110 width=4)
	  Index Cond: ((k >= 4339029) AND (k <= 4339129))

table 3 : explain SELECT k FROM sbtest3 WHERE k BETWEEN 4339029 AND 4339129
	Index Only Scan using k_3 on sbtest3  (cost=0.43..10.54 rows=105 width=4)
	  Index Cond: ((k >= 4339029) AND (k <= 4339129))

table 4 : explain SELECT k FROM sbtest4 WHERE k BETWEEN 4339029 AND 4339129
	Index Only Scan using k_4 on sbtest4  (cost=0.43..6.61 rows=109 width=4)
	  Index Cond: ((k >= 4339029) AND (k <= 4339129))

table 5 : explain SELECT k FROM sbtest5 WHERE k BETWEEN 4339029 AND 4339129
	Index Only Scan using k_5 on sbtest5  (cost=0.43..6.47 rows=102 width=4)
	  Index Cond: ((k >= 4339029) AND (k <= 4339129))

table 6 : explain SELECT k FROM sbtest6 WHERE k BETWEEN 4339029 AND 4339129
	Index Only Scan using k_6 on sbtest6  (cost=0.43..10.51 rows=104 width=4)
	  Index Cond: ((k >= 4339029) AND (k <= 4339129))

table 7 : explain SELECT k FROM sbtest7 WHERE k BETWEEN 4339029 AND 4339129
	Index Only Scan using k_7 on sbtest7  (cost=0.43..10.94 rows=125 width=4)
	  Index Cond: ((k >= 4339029) AND (k <= 4339129))

table 8 : explain SELECT k FROM sbtest8 WHERE k BETWEEN 4339029 AND 4339129
	Index Only Scan using k_8 on sbtest8  (cost=0.43..6.25 rows=91 width=4)
	  Index Cond: ((k >= 4339029) AND (k <= 4339129))

explain: for range-covered :: explain SELECT k FROM sbtest%d WHERE k BETWEEN 8092543 AND 8092643
explain: for range-covered :: explain SELECT k FROM sbtest%d WHERE k BETWEEN 4339029 AND 4339129
explain: for range-covered :: explain SELECT k FROM sbtest%d WHERE k BETWEEN 2931917 AND 2932017
for range-covered
table 1 : explain SELECT k FROM sbtest1 WHERE k BETWEEN 800106 AND 800206
	Index Only Scan using k_1 on sbtest1  (cost=0.43..6.35 rows=96 width=4)
	  Index Cond: ((k >= 800106) AND (k <= 800206))

table 2 : explain SELECT k FROM sbtest2 WHERE k BETWEEN 800106 AND 800206
	Index Only Scan using k_2 on sbtest2  (cost=0.43..6.35 rows=96 width=4)
	  Index Cond: ((k >= 800106) AND (k <= 800206))

table 3 : explain SELECT k FROM sbtest3 WHERE k BETWEEN 800106 AND 800206
	Index Only Scan using k_3 on sbtest3  (cost=0.43..10.60 rows=108 width=4)
	  Index Cond: ((k >= 800106) AND (k <= 800206))

table 4 : explain SELECT k FROM sbtest4 WHERE k BETWEEN 800106 AND 800206
	Index Only Scan using k_4 on sbtest4  (cost=0.43..6.45 rows=101 width=4)
	  Index Cond: ((k >= 800106) AND (k <= 800206))

table 5 : explain SELECT k FROM sbtest5 WHERE k BETWEEN 800106 AND 800206
	Index Only Scan using k_5 on sbtest5  (cost=0.43..6.42 rows=99 width=4)
	  Index Cond: ((k >= 800106) AND (k <= 800206))

table 6 : explain SELECT k FROM sbtest6 WHERE k BETWEEN 800106 AND 800206
	Index Only Scan using k_6 on sbtest6  (cost=0.43..10.46 rows=101 width=4)
	  Index Cond: ((k >= 800106) AND (k <= 800206))

table 7 : explain SELECT k FROM sbtest7 WHERE k BETWEEN 800106 AND 800206
	Index Only Scan using k_7 on sbtest7  (cost=0.43..10.44 rows=100 width=4)
	  Index Cond: ((k >= 800106) AND (k <= 800206))

table 8 : explain SELECT k FROM sbtest8 WHERE k BETWEEN 800106 AND 800206
	Index Only Scan using k_8 on sbtest8  (cost=0.43..6.53 rows=105 width=4)
	  Index Cond: ((k >= 800106) AND (k <= 800206))

for range-covered
table 1 : explain SELECT k FROM sbtest1 WHERE k BETWEEN 6113440 AND 6113540
	Index Only Scan using k_1 on sbtest1  (cost=0.43..6.37 rows=97 width=4)
	  Index Cond: ((k >= 6113440) AND (k <= 6113540))

table 2 : explain SELECT k FROM sbtest2 WHERE k BETWEEN 6113440 AND 6113540
	Index Only Scan using k_2 on sbtest2  (cost=0.43..6.56 rows=106 width=4)
	  Index Cond: ((k >= 6113440) AND (k <= 6113540))

table 3 : explain SELECT k FROM sbtest3 WHERE k BETWEEN 6113440 AND 6113540
	Index Only Scan using k_3 on sbtest3  (cost=0.43..10.46 rows=101 width=4)
	  Index Cond: ((k >= 6113440) AND (k <= 6113540))

table 4 : explain SELECT k FROM sbtest4 WHERE k BETWEEN 6113440 AND 6113540
	Index Only Scan using k_4 on sbtest4  (cost=0.43..6.27 rows=92 width=4)
	  Index Cond: ((k >= 6113440) AND (k <= 6113540))

table 5 : explain SELECT k FROM sbtest5 WHERE k BETWEEN 6113440 AND 6113540
	Index Only Scan using k_5 on sbtest5  (cost=0.43..6.51 rows=104 width=4)
	  Index Cond: ((k >= 6113440) AND (k <= 6113540))

table 6 : explain SELECT k FROM sbtest6 WHERE k BETWEEN 6113440 AND 6113540
	Index Only Scan using k_6 on sbtest6  (cost=0.43..10.72 rows=114 width=4)
	  Index Cond: ((k >= 6113440) AND (k <= 6113540))

table 7 : explain SELECT k FROM sbtest7 WHERE k BETWEEN 6113440 AND 6113540
	Index Only Scan using k_7 on sbtest7  (cost=0.43..10.50 rows=103 width=4)
	  Index Cond: ((k >= 6113440) AND (k <= 6113540))

table 8 : explain SELECT k FROM sbtest8 WHERE k BETWEEN 6113440 AND 6113540
	Index Only Scan using k_8 on sbtest8  (cost=0.43..6.58 rows=107 width=4)
	  Index Cond: ((k >= 6113440) AND (k <= 6113540))

explain: for range-covered :: explain SELECT k FROM sbtest%d WHERE k BETWEEN 800106 AND 800206
explain: for range-covered :: explain SELECT k FROM sbtest%d WHERE k BETWEEN 7048802 AND 7048902
for range-covered
table 1 : explain SELECT k FROM sbtest1 WHERE k BETWEEN 4701151 AND 4701251
	Index Only Scan using k_1 on sbtest1  (cost=0.43..6.42 rows=99 width=4)
	  Index Cond: ((k >= 4701151) AND (k <= 4701251))

table 2 : explain SELECT k FROM sbtest2 WHERE k BETWEEN 4701151 AND 4701251
	Index Only Scan using k_2 on sbtest2  (cost=0.43..6.53 rows=105 width=4)
	  Index Cond: ((k >= 4701151) AND (k <= 4701251))

table 3 : explain SELECT k FROM sbtest3 WHERE k BETWEEN 4701151 AND 4701251
	Index Only Scan using k_3 on sbtest3  (cost=0.43..10.33 rows=95 width=4)
	  Index Cond: ((k >= 4701151) AND (k <= 4701251))

table 4 : explain SELECT k FROM sbtest4 WHERE k BETWEEN 4701151 AND 4701251
	Index Only Scan using k_4 on sbtest4  (cost=0.43..6.53 rows=105 width=4)
	  Index Cond: ((k >= 4701151) AND (k <= 4701251))

table 5 : explain SELECT k FROM sbtest5 WHERE k BETWEEN 4701151 AND 4701251
	Index Only Scan using k_5 on sbtest5  (cost=0.43..6.40 rows=98 width=4)
	  Index Cond: ((k >= 4701151) AND (k <= 4701251))

table 6 : explain SELECT k FROM sbtest6 WHERE k BETWEEN 4701151 AND 4701251
	Index Only Scan using k_6 on sbtest6  (cost=0.43..10.42 rows=99 width=4)
	  Index Cond: ((k >= 4701151) AND (k <= 4701251))

table 7 : explain SELECT k FROM sbtest7 WHERE k BETWEEN 4701151 AND 4701251
	Index Only Scan using k_7 on sbtest7  (cost=0.43..10.58 rows=107 width=4)
	  Index Cond: ((k >= 4701151) AND (k <= 4701251))

table 8 : explain SELECT k FROM sbtest8 WHERE k BETWEEN 4701151 AND 4701251
	Index Only Scan using k_8 on sbtest8  (cost=0.43..6.50 rows=103 width=4)
	  Index Cond: ((k >= 4701151) AND (k <= 4701251))

explain: for range-covered :: explain SELECT k FROM sbtest%d WHERE k BETWEEN 4701151 AND 4701251
for range-covered
table 1 : explain SELECT k FROM sbtest1 WHERE k BETWEEN 8092543 AND 8092643
	Index Only Scan using k_1 on sbtest1  (cost=0.43..6.51 rows=104 width=4)
	  Index Cond: ((k >= 8092543) AND (k <= 8092643))

table 2 : explain SELECT k FROM sbtest2 WHERE k BETWEEN 8092543 AND 8092643
	Index Only Scan using k_2 on sbtest2  (cost=0.43..6.35 rows=96 width=4)
	  Index Cond: ((k >= 8092543) AND (k <= 8092643))

table 3 : explain SELECT k FROM sbtest3 WHERE k BETWEEN 8092543 AND 8092643
	Index Only Scan using k_3 on sbtest3  (cost=0.43..10.50 rows=103 width=4)
	  Index Cond: ((k >= 8092543) AND (k <= 8092643))

table 4 : explain SELECT k FROM sbtest4 WHERE k BETWEEN 8092543 AND 8092643
	Index Only Scan using k_4 on sbtest4  (cost=0.43..6.56 rows=106 width=4)
	  Index Cond: ((k >= 8092543) AND (k <= 8092643))

table 5 : explain SELECT k FROM sbtest5 WHERE k BETWEEN 8092543 AND 8092643
	Index Only Scan using k_5 on sbtest5  (cost=0.43..6.50 rows=103 width=4)
	  Index Cond: ((k >= 8092543) AND (k <= 8092643))

table 6 : explain SELECT k FROM sbtest6 WHERE k BETWEEN 8092543 AND 8092643
	Index Only Scan using k_6 on sbtest6  (cost=0.43..10.63 rows=110 width=4)
	  Index Cond: ((k >= 8092543) AND (k <= 8092643))

table 7 : explain SELECT k FROM sbtest7 WHERE k BETWEEN 8092543 AND 8092643
	Index Only Scan using k_7 on sbtest7  (cost=0.43..10.50 rows=103 width=4)
	  Index Cond: ((k >= 8092543) AND (k <= 8092643))

table 8 : explain SELECT k FROM sbtest8 WHERE k BETWEEN 8092543 AND 8092643
	Index Only Scan using k_8 on sbtest8  (cost=0.43..6.45 rows=101 width=4)
	  Index Cond: ((k >= 8092543) AND (k <= 8092643))

for range-covered
table 1 : explain SELECT k FROM sbtest1 WHERE k BETWEEN 4339029 AND 4339129
	Index Only Scan using k_1 on sbtest1  (cost=0.43..6.35 rows=96 width=4)
	  Index Cond: ((k >= 4339029) AND (k <= 4339129))

table 2 : explain SELECT k FROM sbtest2 WHERE k BETWEEN 4339029 AND 4339129
	Index Only Scan using k_2 on sbtest2  (cost=0.43..6.63 rows=110 width=4)
	  Index Cond: ((k >= 4339029) AND (k <= 4339129))

table 3 : explain SELECT k FROM sbtest3 WHERE k BETWEEN 4339029 AND 4339129
	Index Only Scan using k_3 on sbtest3  (cost=0.43..10.54 rows=105 width=4)
	  Index Cond: ((k >= 4339029) AND (k <= 4339129))

table 4 : explain SELECT k FROM sbtest4 WHERE k BETWEEN 4339029 AND 4339129
	Index Only Scan using k_4 on sbtest4  (cost=0.43..6.61 rows=109 width=4)
	  Index Cond: ((k >= 4339029) AND (k <= 4339129))

table 5 : explain SELECT k FROM sbtest5 WHERE k BETWEEN 4339029 AND 4339129
	Index Only Scan using k_5 on sbtest5  (cost=0.43..6.47 rows=102 width=4)
	  Index Cond: ((k >= 4339029) AND (k <= 4339129))

table 6 : explain SELECT k FROM sbtest6 WHERE k BETWEEN 4339029 AND 4339129
	Index Only Scan using k_6 on sbtest6  (cost=0.43..10.51 rows=104 width=4)
	  Index Cond: ((k >= 4339029) AND (k <= 4339129))

table 7 : explain SELECT k FROM sbtest7 WHERE k BETWEEN 4339029 AND 4339129
	Index Only Scan using k_7 on sbtest7  (cost=0.43..10.94 rows=125 width=4)
	  Index Cond: ((k >= 4339029) AND (k <= 4339129))

table 8 : explain SELECT k FROM sbtest8 WHERE k BETWEEN 4339029 AND 4339129
	Index Only Scan using k_8 on sbtest8  (cost=0.43..6.25 rows=91 width=4)
	  Index Cond: ((k >= 4339029) AND (k <= 4339129))

explain: for range-covered :: explain SELECT k FROM sbtest%d WHERE k BETWEEN 8092543 AND 8092643
explain: for range-covered :: explain SELECT k FROM sbtest%d WHERE k BETWEEN 6113440 AND 6113540
explain: for range-covered :: explain SELECT k FROM sbtest%d WHERE k BETWEEN 4339029 AND 4339129
for range-covered
table 1 : explain SELECT k FROM sbtest1 WHERE k BETWEEN 9156520 AND 9156620
	Index Only Scan using k_1 on sbtest1  (cost=0.43..6.45 rows=101 width=4)
	  Index Cond: ((k >= 9156520) AND (k <= 9156620))

table 2 : explain SELECT k FROM sbtest2 WHERE k BETWEEN 9156520 AND 9156620
	Index Only Scan using k_2 on sbtest2  (cost=0.43..6.43 rows=100 width=4)
	  Index Cond: ((k >= 9156520) AND (k <= 9156620))

table 3 : explain SELECT k FROM sbtest3 WHERE k BETWEEN 9156520 AND 9156620
	Index Only Scan using k_3 on sbtest3  (cost=0.43..10.44 rows=100 width=4)
	  Index Cond: ((k >= 9156520) AND (k <= 9156620))

table 4 : explain SELECT k FROM sbtest4 WHERE k BETWEEN 9156520 AND 9156620
	Index Only Scan using k_4 on sbtest4  (cost=0.43..6.51 rows=104 width=4)
	  Index Cond: ((k >= 9156520) AND (k <= 9156620))

table 5 : explain SELECT k FROM sbtest5 WHERE k BETWEEN 9156520 AND 9156620
	Index Only Scan using k_5 on sbtest5  (cost=0.43..6.43 rows=100 width=4)
	  Index Cond: ((k >= 9156520) AND (k <= 9156620))

table 6 : explain SELECT k FROM sbtest6 WHERE k BETWEEN 9156520 AND 9156620
	Index Only Scan using k_6 on sbtest6  (cost=0.43..10.60 rows=108 width=4)
	  Index Cond: ((k >= 9156520) AND (k <= 9156620))

table 7 : explain SELECT k FROM sbtest7 WHERE k BETWEEN 9156520 AND 9156620
	Index Only Scan using k_7 on sbtest7  (cost=0.43..10.60 rows=108 width=4)
	  Index Cond: ((k >= 9156520) AND (k <= 9156620))

table 8 : explain SELECT k FROM sbtest8 WHERE k BETWEEN 9156520 AND 9156620
	Index Only Scan using k_8 on sbtest8  (cost=0.43..6.83 rows=120 width=4)
	  Index Cond: ((k >= 9156520) AND (k <= 9156620))

explain: for range-covered :: explain SELECT k FROM sbtest%d WHERE k BETWEEN 9156520 AND 9156620
for range-covered
table 1 : explain SELECT k FROM sbtest1 WHERE k BETWEEN 4701151 AND 4701251
	Index Only Scan using k_1 on sbtest1  (cost=0.43..6.42 rows=99 width=4)
	  Index Cond: ((k >= 4701151) AND (k <= 4701251))

table 2 : explain SELECT k FROM sbtest2 WHERE k BETWEEN 4701151 AND 4701251
	Index Only Scan using k_2 on sbtest2  (cost=0.43..6.53 rows=105 width=4)
	  Index Cond: ((k >= 4701151) AND (k <= 4701251))

table 3 : explain SELECT k FROM sbtest3 WHERE k BETWEEN 4701151 AND 4701251
	Index Only Scan using k_3 on sbtest3  (cost=0.43..10.33 rows=95 width=4)
	  Index Cond: ((k >= 4701151) AND (k <= 4701251))

table 4 : explain SELECT k FROM sbtest4 WHERE k BETWEEN 4701151 AND 4701251
	Index Only Scan using k_4 on sbtest4  (cost=0.43..6.53 rows=105 width=4)
	  Index Cond: ((k >= 4701151) AND (k <= 4701251))

table 5 : explain SELECT k FROM sbtest5 WHERE k BETWEEN 4701151 AND 4701251
	Index Only Scan using k_5 on sbtest5  (cost=0.43..6.40 rows=98 width=4)
	  Index Cond: ((k >= 4701151) AND (k <= 4701251))

table 6 : explain SELECT k FROM sbtest6 WHERE k BETWEEN 4701151 AND 4701251
	Index Only Scan using k_6 on sbtest6  (cost=0.43..10.42 rows=99 width=4)
	  Index Cond: ((k >= 4701151) AND (k <= 4701251))

table 7 : explain SELECT k FROM sbtest7 WHERE k BETWEEN 4701151 AND 4701251
	Index Only Scan using k_7 on sbtest7  (cost=0.43..10.58 rows=107 width=4)
	  Index Cond: ((k >= 4701151) AND (k <= 4701251))

table 8 : explain SELECT k FROM sbtest8 WHERE k BETWEEN 4701151 AND 4701251
	Index Only Scan using k_8 on sbtest8  (cost=0.43..6.50 rows=103 width=4)
	  Index Cond: ((k >= 4701151) AND (k <= 4701251))

explain: for range-covered :: explain SELECT k FROM sbtest%d WHERE k BETWEEN 4701151 AND 4701251
for range-covered
table 1 : explain SELECT k FROM sbtest1 WHERE k BETWEEN 8092543 AND 8092643
	Index Only Scan using k_1 on sbtest1  (cost=0.43..6.51 rows=104 width=4)
	  Index Cond: ((k >= 8092543) AND (k <= 8092643))

table 2 : explain SELECT k FROM sbtest2 WHERE k BETWEEN 8092543 AND 8092643
	Index Only Scan using k_2 on sbtest2  (cost=0.43..6.35 rows=96 width=4)
	  Index Cond: ((k >= 8092543) AND (k <= 8092643))

table 3 : explain SELECT k FROM sbtest3 WHERE k BETWEEN 8092543 AND 8092643
	Index Only Scan using k_3 on sbtest3  (cost=0.43..10.50 rows=103 width=4)
	  Index Cond: ((k >= 8092543) AND (k <= 8092643))

table 4 : explain SELECT k FROM sbtest4 WHERE k BETWEEN 8092543 AND 8092643
	Index Only Scan using k_4 on sbtest4  (cost=0.43..6.56 rows=106 width=4)
	  Index Cond: ((k >= 8092543) AND (k <= 8092643))

table 5 : explain SELECT k FROM sbtest5 WHERE k BETWEEN 8092543 AND 8092643
	Index Only Scan using k_5 on sbtest5  (cost=0.43..6.50 rows=103 width=4)
	  Index Cond: ((k >= 8092543) AND (k <= 8092643))

table 6 : explain SELECT k FROM sbtest6 WHERE k BETWEEN 8092543 AND 8092643
	Index Only Scan using k_6 on sbtest6  (cost=0.43..10.63 rows=110 width=4)
	  Index Cond: ((k >= 8092543) AND (k <= 8092643))

table 7 : explain SELECT k FROM sbtest7 WHERE k BETWEEN 8092543 AND 8092643
	Index Only Scan using k_7 on sbtest7  (cost=0.43..10.50 rows=103 width=4)
	  Index Cond: ((k >= 8092543) AND (k <= 8092643))

table 8 : explain SELECT k FROM sbtest8 WHERE k BETWEEN 8092543 AND 8092643
	Index Only Scan using k_8 on sbtest8  (cost=0.43..6.45 rows=101 width=4)
	  Index Cond: ((k >= 8092543) AND (k <= 8092643))

for range-covered
table 1 : explain SELECT k FROM sbtest1 WHERE k BETWEEN 4339029 AND 4339129
	Index Only Scan using k_1 on sbtest1  (cost=0.43..6.35 rows=96 width=4)
	  Index Cond: ((k >= 4339029) AND (k <= 4339129))

table 2 : explain SELECT k FROM sbtest2 WHERE k BETWEEN 4339029 AND 4339129
	Index Only Scan using k_2 on sbtest2  (cost=0.43..6.63 rows=110 width=4)
	  Index Cond: ((k >= 4339029) AND (k <= 4339129))

table 3 : explain SELECT k FROM sbtest3 WHERE k BETWEEN 4339029 AND 4339129
	Index Only Scan using k_3 on sbtest3  (cost=0.43..10.54 rows=105 width=4)
	  Index Cond: ((k >= 4339029) AND (k <= 4339129))

table 4 : explain SELECT k FROM sbtest4 WHERE k BETWEEN 4339029 AND 4339129
	Index Only Scan using k_4 on sbtest4  (cost=0.43..6.61 rows=109 width=4)
	  Index Cond: ((k >= 4339029) AND (k <= 4339129))

table 5 : explain SELECT k FROM sbtest5 WHERE k BETWEEN 4339029 AND 4339129
	Index Only Scan using k_5 on sbtest5  (cost=0.43..6.47 rows=102 width=4)
	  Index Cond: ((k >= 4339029) AND (k <= 4339129))

table 6 : explain SELECT k FROM sbtest6 WHERE k BETWEEN 4339029 AND 4339129
	Index Only Scan using k_6 on sbtest6  (cost=0.43..10.51 rows=104 width=4)
	  Index Cond: ((k >= 4339029) AND (k <= 4339129))

table 7 : explain SELECT k FROM sbtest7 WHERE k BETWEEN 4339029 AND 4339129
	Index Only Scan using k_7 on sbtest7  (cost=0.43..10.94 rows=125 width=4)
	  Index Cond: ((k >= 4339029) AND (k <= 4339129))

table 8 : explain SELECT k FROM sbtest8 WHERE k BETWEEN 4339029 AND 4339129
	Index Only Scan using k_8 on sbtest8  (cost=0.43..6.25 rows=91 width=4)
	  Index Cond: ((k >= 4339029) AND (k <= 4339129))

for range-covered
table 1 : explain SELECT k FROM sbtest1 WHERE k BETWEEN 8864583 AND 8864683
	Index Only Scan using k_1 on sbtest1  (cost=0.43..6.42 rows=99 width=4)
	  Index Cond: ((k >= 8864583) AND (k <= 8864683))

table 2 : explain SELECT k FROM sbtest2 WHERE k BETWEEN 8864583 AND 8864683
	Index Only Scan using k_2 on sbtest2  (cost=0.43..6.33 rows=95 width=4)
	  Index Cond: ((k >= 8864583) AND (k <= 8864683))

table 3 : explain SELECT k FROM sbtest3 WHERE k BETWEEN 8864583 AND 8864683
	Index Only Scan using k_3 on sbtest3  (cost=0.43..10.24 rows=90 width=4)
	  Index Cond: ((k >= 8864583) AND (k <= 8864683))

table 4 : explain SELECT k FROM sbtest4 WHERE k BETWEEN 8864583 AND 8864683
	Index Only Scan using k_4 on sbtest4  (cost=0.43..6.33 rows=95 width=4)
	  Index Cond: ((k >= 8864583) AND (k <= 8864683))

table 5 : explain SELECT k FROM sbtest5 WHERE k BETWEEN 8864583 AND 8864683
	Index Only Scan using k_5 on sbtest5  (cost=0.43..6.42 rows=99 width=4)
	  Index Cond: ((k >= 8864583) AND (k <= 8864683))

table 6 : explain SELECT k FROM sbtest6 WHERE k BETWEEN 8864583 AND 8864683
	Index Only Scan using k_6 on sbtest6  (cost=0.43..10.58 rows=107 width=4)
	  Index Cond: ((k >= 8864583) AND (k <= 8864683))

table 7 : explain SELECT k FROM sbtest7 WHERE k BETWEEN 8864583 AND 8864683
	Index Only Scan using k_7 on sbtest7  (cost=0.43..10.47 rows=102 width=4)
	  Index Cond: ((k >= 8864583) AND (k <= 8864683))

table 8 : explain SELECT k FROM sbtest8 WHERE k BETWEEN 8864583 AND 8864683
	Index Only Scan using k_8 on sbtest8  (cost=0.43..6.61 rows=109 width=4)
	  Index Cond: ((k >= 8864583) AND (k <= 8864683))

explain: for range-covered :: explain SELECT k FROM sbtest%d WHERE k BETWEEN 8092543 AND 8092643
explain: for range-covered :: explain SELECT k FROM sbtest%d WHERE k BETWEEN 4339029 AND 4339129
explain: for range-covered :: explain SELECT k FROM sbtest%d WHERE k BETWEEN 8864583 AND 8864683
for range-covered
table 1 : explain SELECT k FROM sbtest1 WHERE k BETWEEN 9156520 AND 9156620
	Index Only Scan using k_1 on sbtest1  (cost=0.43..6.45 rows=101 width=4)
	  Index Cond: ((k >= 9156520) AND (k <= 9156620))

table 2 : explain SELECT k FROM sbtest2 WHERE k BETWEEN 9156520 AND 9156620
	Index Only Scan using k_2 on sbtest2  (cost=0.43..6.43 rows=100 width=4)
	  Index Cond: ((k >= 9156520) AND (k <= 9156620))

table 3 : explain SELECT k FROM sbtest3 WHERE k BETWEEN 9156520 AND 9156620
	Index Only Scan using k_3 on sbtest3  (cost=0.43..10.44 rows=100 width=4)
	  Index Cond: ((k >= 9156520) AND (k <= 9156620))

table 4 : explain SELECT k FROM sbtest4 WHERE k BETWEEN 9156520 AND 9156620
	Index Only Scan using k_4 on sbtest4  (cost=0.43..6.51 rows=104 width=4)
	  Index Cond: ((k >= 9156520) AND (k <= 9156620))

table 5 : explain SELECT k FROM sbtest5 WHERE k BETWEEN 9156520 AND 9156620
	Index Only Scan using k_5 on sbtest5  (cost=0.43..6.43 rows=100 width=4)
	  Index Cond: ((k >= 9156520) AND (k <= 9156620))

table 6 : explain SELECT k FROM sbtest6 WHERE k BETWEEN 9156520 AND 9156620
	Index Only Scan using k_6 on sbtest6  (cost=0.43..10.60 rows=108 width=4)
	  Index Cond: ((k >= 9156520) AND (k <= 9156620))

table 7 : explain SELECT k FROM sbtest7 WHERE k BETWEEN 9156520 AND 9156620
	Index Only Scan using k_7 on sbtest7  (cost=0.43..10.60 rows=108 width=4)
	  Index Cond: ((k >= 9156520) AND (k <= 9156620))

table 8 : explain SELECT k FROM sbtest8 WHERE k BETWEEN 9156520 AND 9156620
	Index Only Scan using k_8 on sbtest8  (cost=0.43..6.83 rows=120 width=4)
	  Index Cond: ((k >= 9156520) AND (k <= 9156620))

explain: for range-covered :: explain SELECT k FROM sbtest%d WHERE k BETWEEN 9156520 AND 9156620
for range-covered
table 1 : explain SELECT k FROM sbtest1 WHERE k BETWEEN 4012442 AND 4012542
	Index Only Scan using k_1 on sbtest1  (cost=0.43..6.27 rows=92 width=4)
	  Index Cond: ((k >= 4012442) AND (k <= 4012542))

table 2 : explain SELECT k FROM sbtest2 WHERE k BETWEEN 4012442 AND 4012542
	Index Only Scan using k_2 on sbtest2  (cost=0.43..6.50 rows=103 width=4)
	  Index Cond: ((k >= 4012442) AND (k <= 4012542))

table 3 : explain SELECT k FROM sbtest3 WHERE k BETWEEN 4012442 AND 4012542
	Index Only Scan using k_3 on sbtest3  (cost=0.43..10.63 rows=110 width=4)
	  Index Cond: ((k >= 4012442) AND (k <= 4012542))

table 4 : explain SELECT k FROM sbtest4 WHERE k BETWEEN 4012442 AND 4012542
	Index Only Scan using k_4 on sbtest4  (cost=0.43..6.74 rows=115 width=4)
	  Index Cond: ((k >= 4012442) AND (k <= 4012542))

table 5 : explain SELECT k FROM sbtest5 WHERE k BETWEEN 4012442 AND 4012542
	Index Only Scan using k_5 on sbtest5  (cost=0.43..6.63 rows=110 width=4)
	  Index Cond: ((k >= 4012442) AND (k <= 4012542))

table 6 : explain SELECT k FROM sbtest6 WHERE k BETWEEN 4012442 AND 4012542
	Index Only Scan using k_6 on sbtest6  (cost=0.43..10.54 rows=105 width=4)
	  Index Cond: ((k >= 4012442) AND (k <= 4012542))

table 7 : explain SELECT k FROM sbtest7 WHERE k BETWEEN 4012442 AND 4012542
	Index Only Scan using k_7 on sbtest7  (cost=0.43..10.63 rows=110 width=4)
	  Index Cond: ((k >= 4012442) AND (k <= 4012542))

table 8 : explain SELECT k FROM sbtest8 WHERE k BETWEEN 4012442 AND 4012542
	Index Only Scan using k_8 on sbtest8  (cost=0.43..6.58 rows=107 width=4)
	  Index Cond: ((k >= 4012442) AND (k <= 4012542))

explain: for range-covered :: explain SELECT k FROM sbtest%d WHERE k BETWEEN 4012442 AND 4012542
for range-covered
table 1 : explain SELECT k FROM sbtest1 WHERE k BETWEEN 800106 AND 800206
	Index Only Scan using k_1 on sbtest1  (cost=0.43..6.35 rows=96 width=4)
	  Index Cond: ((k >= 800106) AND (k <= 800206))

table 2 : explain SELECT k FROM sbtest2 WHERE k BETWEEN 800106 AND 800206
	Index Only Scan using k_2 on sbtest2  (cost=0.43..6.35 rows=96 width=4)
	  Index Cond: ((k >= 800106) AND (k <= 800206))

table 3 : explain SELECT k FROM sbtest3 WHERE k BETWEEN 800106 AND 800206
	Index Only Scan using k_3 on sbtest3  (cost=0.43..10.60 rows=108 width=4)
	  Index Cond: ((k >= 800106) AND (k <= 800206))

table 4 : explain SELECT k FROM sbtest4 WHERE k BETWEEN 800106 AND 800206
	Index Only Scan using k_4 on sbtest4  (cost=0.43..6.45 rows=101 width=4)
	  Index Cond: ((k >= 800106) AND (k <= 800206))

table 5 : explain SELECT k FROM sbtest5 WHERE k BETWEEN 800106 AND 800206
	Index Only Scan using k_5 on sbtest5  (cost=0.43..6.42 rows=99 width=4)
	  Index Cond: ((k >= 800106) AND (k <= 800206))

table 6 : explain SELECT k FROM sbtest6 WHERE k BETWEEN 800106 AND 800206
	Index Only Scan using k_6 on sbtest6  (cost=0.43..10.46 rows=101 width=4)
	  Index Cond: ((k >= 800106) AND (k <= 800206))

table 7 : explain SELECT k FROM sbtest7 WHERE k BETWEEN 800106 AND 800206
	Index Only Scan using k_7 on sbtest7  (cost=0.43..10.44 rows=100 width=4)
	  Index Cond: ((k >= 800106) AND (k <= 800206))

table 8 : explain SELECT k FROM sbtest8 WHERE k BETWEEN 800106 AND 800206
	Index Only Scan using k_8 on sbtest8  (cost=0.43..6.53 rows=105 width=4)
	  Index Cond: ((k >= 800106) AND (k <= 800206))

for range-covered
table 1 : explain SELECT k FROM sbtest1 WHERE k BETWEEN 4701151 AND 4701251
	Index Only Scan using k_1 on sbtest1  (cost=0.43..6.42 rows=99 width=4)
	  Index Cond: ((k >= 4701151) AND (k <= 4701251))

table 2 : explain SELECT k FROM sbtest2 WHERE k BETWEEN 4701151 AND 4701251
	Index Only Scan using k_2 on sbtest2  (cost=0.43..6.53 rows=105 width=4)
	  Index Cond: ((k >= 4701151) AND (k <= 4701251))

table 3 : explain SELECT k FROM sbtest3 WHERE k BETWEEN 4701151 AND 4701251
	Index Only Scan using k_3 on sbtest3  (cost=0.43..10.33 rows=95 width=4)
	  Index Cond: ((k >= 4701151) AND (k <= 4701251))

table 4 : explain SELECT k FROM sbtest4 WHERE k BETWEEN 4701151 AND 4701251
	Index Only Scan using k_4 on sbtest4  (cost=0.43..6.53 rows=105 width=4)
	  Index Cond: ((k >= 4701151) AND (k <= 4701251))

table 5 : explain SELECT k FROM sbtest5 WHERE k BETWEEN 4701151 AND 4701251
	Index Only Scan using k_5 on sbtest5  (cost=0.43..6.40 rows=98 width=4)
	  Index Cond: ((k >= 4701151) AND (k <= 4701251))

table 6 : explain SELECT k FROM sbtest6 WHERE k BETWEEN 4701151 AND 4701251
	Index Only Scan using k_6 on sbtest6  (cost=0.43..10.42 rows=99 width=4)
	  Index Cond: ((k >= 4701151) AND (k <= 4701251))

table 7 : explain SELECT k FROM sbtest7 WHERE k BETWEEN 4701151 AND 4701251
	Index Only Scan using k_7 on sbtest7  (cost=0.43..10.58 rows=107 width=4)
	  Index Cond: ((k >= 4701151) AND (k <= 4701251))

table 8 : explain SELECT k FROM sbtest8 WHERE k BETWEEN 4701151 AND 4701251
	Index Only Scan using k_8 on sbtest8  (cost=0.43..6.50 rows=103 width=4)
	  Index Cond: ((k >= 4701151) AND (k <= 4701251))

for range-covered
table 1 : explain SELECT k FROM sbtest1 WHERE k BETWEEN 6113440 AND 6113540
	Index Only Scan using k_1 on sbtest1  (cost=0.43..6.37 rows=97 width=4)
	  Index Cond: ((k >= 6113440) AND (k <= 6113540))

table 2 : explain SELECT k FROM sbtest2 WHERE k BETWEEN 6113440 AND 6113540
	Index Only Scan using k_2 on sbtest2  (cost=0.43..6.56 rows=106 width=4)
	  Index Cond: ((k >= 6113440) AND (k <= 6113540))

table 3 : explain SELECT k FROM sbtest3 WHERE k BETWEEN 6113440 AND 6113540
	Index Only Scan using k_3 on sbtest3  (cost=0.43..10.46 rows=101 width=4)
	  Index Cond: ((k >= 6113440) AND (k <= 6113540))

table 4 : explain SELECT k FROM sbtest4 WHERE k BETWEEN 6113440 AND 6113540
	Index Only Scan using k_4 on sbtest4  (cost=0.43..6.27 rows=92 width=4)
	  Index Cond: ((k >= 6113440) AND (k <= 6113540))

table 5 : explain SELECT k FROM sbtest5 WHERE k BETWEEN 6113440 AND 6113540
	Index Only Scan using k_5 on sbtest5  (cost=0.43..6.51 rows=104 width=4)
	  Index Cond: ((k >= 6113440) AND (k <= 6113540))

table 6 : explain SELECT k FROM sbtest6 WHERE k BETWEEN 6113440 AND 6113540
	Index Only Scan using k_6 on sbtest6  (cost=0.43..10.72 rows=114 width=4)
	  Index Cond: ((k >= 6113440) AND (k <= 6113540))

table 7 : explain SELECT k FROM sbtest7 WHERE k BETWEEN 6113440 AND 6113540
	Index Only Scan using k_7 on sbtest7  (cost=0.43..10.50 rows=103 width=4)
	  Index Cond: ((k >= 6113440) AND (k <= 6113540))

table 8 : explain SELECT k FROM sbtest8 WHERE k BETWEEN 6113440 AND 6113540
	Index Only Scan using k_8 on sbtest8  (cost=0.43..6.58 rows=107 width=4)
	  Index Cond: ((k >= 6113440) AND (k <= 6113540))

for range-covered
table 1 : explain SELECT k FROM sbtest1 WHERE k BETWEEN 8092543 AND 8092643
	Index Only Scan using k_1 on sbtest1  (cost=0.43..6.51 rows=104 width=4)
	  Index Cond: ((k >= 8092543) AND (k <= 8092643))

table 2 : explain SELECT k FROM sbtest2 WHERE k BETWEEN 8092543 AND 8092643
	Index Only Scan using k_2 on sbtest2  (cost=0.43..6.35 rows=96 width=4)
	  Index Cond: ((k >= 8092543) AND (k <= 8092643))

table 3 : explain SELECT k FROM sbtest3 WHERE k BETWEEN 8092543 AND 8092643
	Index Only Scan using k_3 on sbtest3  (cost=0.43..10.50 rows=103 width=4)
	  Index Cond: ((k >= 8092543) AND (k <= 8092643))

table 4 : explain SELECT k FROM sbtest4 WHERE k BETWEEN 8092543 AND 8092643
	Index Only Scan using k_4 on sbtest4  (cost=0.43..6.56 rows=106 width=4)
	  Index Cond: ((k >= 8092543) AND (k <= 8092643))

table 5 : explain SELECT k FROM sbtest5 WHERE k BETWEEN 8092543 AND 8092643
	Index Only Scan using k_5 on sbtest5  (cost=0.43..6.50 rows=103 width=4)
	  Index Cond: ((k >= 8092543) AND (k <= 8092643))

table 6 : explain SELECT k FROM sbtest6 WHERE k BETWEEN 8092543 AND 8092643
	Index Only Scan using k_6 on sbtest6  (cost=0.43..10.63 rows=110 width=4)
	  Index Cond: ((k >= 8092543) AND (k <= 8092643))

table 7 : explain SELECT k FROM sbtest7 WHERE k BETWEEN 8092543 AND 8092643
	Index Only Scan using k_7 on sbtest7  (cost=0.43..10.50 rows=103 width=4)
	  Index Cond: ((k >= 8092543) AND (k <= 8092643))

table 8 : explain SELECT k FROM sbtest8 WHERE k BETWEEN 8092543 AND 8092643
	Index Only Scan using k_8 on sbtest8  (cost=0.43..6.45 rows=101 width=4)
	  Index Cond: ((k >= 8092543) AND (k <= 8092643))

for range-covered
table 1 : explain SELECT k FROM sbtest1 WHERE k BETWEEN 4339029 AND 4339129
	Index Only Scan using k_1 on sbtest1  (cost=0.43..6.35 rows=96 width=4)
	  Index Cond: ((k >= 4339029) AND (k <= 4339129))

table 2 : explain SELECT k FROM sbtest2 WHERE k BETWEEN 4339029 AND 4339129
	Index Only Scan using k_2 on sbtest2  (cost=0.43..6.63 rows=110 width=4)
	  Index Cond: ((k >= 4339029) AND (k <= 4339129))

table 3 : explain SELECT k FROM sbtest3 WHERE k BETWEEN 4339029 AND 4339129
	Index Only Scan using k_3 on sbtest3  (cost=0.43..10.54 rows=105 width=4)
	  Index Cond: ((k >= 4339029) AND (k <= 4339129))

table 4 : explain SELECT k FROM sbtest4 WHERE k BETWEEN 4339029 AND 4339129
	Index Only Scan using k_4 on sbtest4  (cost=0.43..6.61 rows=109 width=4)
	  Index Cond: ((k >= 4339029) AND (k <= 4339129))

table 5 : explain SELECT k FROM sbtest5 WHERE k BETWEEN 4339029 AND 4339129
	Index Only Scan using k_5 on sbtest5  (cost=0.43..6.47 rows=102 width=4)
	  Index Cond: ((k >= 4339029) AND (k <= 4339129))

table 6 : explain SELECT k FROM sbtest6 WHERE k BETWEEN 4339029 AND 4339129
	Index Only Scan using k_6 on sbtest6  (cost=0.43..10.51 rows=104 width=4)
	  Index Cond: ((k >= 4339029) AND (k <= 4339129))

table 7 : explain SELECT k FROM sbtest7 WHERE k BETWEEN 4339029 AND 4339129
	Index Only Scan using k_7 on sbtest7  (cost=0.43..10.94 rows=125 width=4)
	  Index Cond: ((k >= 4339029) AND (k <= 4339129))

table 8 : explain SELECT k FROM sbtest8 WHERE k BETWEEN 4339029 AND 4339129
	Index Only Scan using k_8 on sbtest8  (cost=0.43..6.25 rows=91 width=4)
	  Index Cond: ((k >= 4339029) AND (k <= 4339129))

explain: for range-covered :: explain SELECT k FROM sbtest%d WHERE k BETWEEN 800106 AND 800206
explain: for range-covered :: explain SELECT k FROM sbtest%d WHERE k BETWEEN 8092543 AND 8092643
explain: for range-covered :: explain SELECT k FROM sbtest%d WHERE k BETWEEN 4339029 AND 4339129
for range-covered
table 1 : explain SELECT k FROM sbtest1 WHERE k BETWEEN 8864583 AND 8864683
	Index Only Scan using k_1 on sbtest1  (cost=0.43..6.42 rows=99 width=4)
	  Index Cond: ((k >= 8864583) AND (k <= 8864683))

table 2 : explain SELECT k FROM sbtest2 WHERE k BETWEEN 8864583 AND 8864683
	Index Only Scan using k_2 on sbtest2  (cost=0.43..6.33 rows=95 width=4)
	  Index Cond: ((k >= 8864583) AND (k <= 8864683))

table 3 : explain SELECT k FROM sbtest3 WHERE k BETWEEN 8864583 AND 8864683
	Index Only Scan using k_3 on sbtest3  (cost=0.43..10.24 rows=90 width=4)
	  Index Cond: ((k >= 8864583) AND (k <= 8864683))

table 4 : explain SELECT k FROM sbtest4 WHERE k BETWEEN 8864583 AND 8864683
	Index Only Scan using k_4 on sbtest4  (cost=0.43..6.33 rows=95 width=4)
	  Index Cond: ((k >= 8864583) AND (k <= 8864683))

table 5 : explain SELECT k FROM sbtest5 WHERE k BETWEEN 8864583 AND 8864683
	Index Only Scan using k_5 on sbtest5  (cost=0.43..6.42 rows=99 width=4)
	  Index Cond: ((k >= 8864583) AND (k <= 8864683))

table 6 : explain SELECT k FROM sbtest6 WHERE k BETWEEN 8864583 AND 8864683
	Index Only Scan using k_6 on sbtest6  (cost=0.43..10.58 rows=107 width=4)
	  Index Cond: ((k >= 8864583) AND (k <= 8864683))

table 7 : explain SELECT k FROM sbtest7 WHERE k BETWEEN 8864583 AND 8864683
	Index Only Scan using k_7 on sbtest7  (cost=0.43..10.47 rows=102 width=4)
	  Index Cond: ((k >= 8864583) AND (k <= 8864683))

table 8 : explain SELECT k FROM sbtest8 WHERE k BETWEEN 8864583 AND 8864683
	Index Only Scan using k_8 on sbtest8  (cost=0.43..6.61 rows=109 width=4)
	  Index Cond: ((k >= 8864583) AND (k <= 8864683))

for range-covered
table 1 : explain SELECT k FROM sbtest1 WHERE k BETWEEN 9156520 AND 9156620
	Index Only Scan using k_1 on sbtest1  (cost=0.43..6.45 rows=101 width=4)
	  Index Cond: ((k >= 9156520) AND (k <= 9156620))

table 2 : explain SELECT k FROM sbtest2 WHERE k BETWEEN 9156520 AND 9156620
	Index Only Scan using k_2 on sbtest2  (cost=0.43..6.43 rows=100 width=4)
	  Index Cond: ((k >= 9156520) AND (k <= 9156620))

table 3 : explain SELECT k FROM sbtest3 WHERE k BETWEEN 9156520 AND 9156620
	Index Only Scan using k_3 on sbtest3  (cost=0.43..10.44 rows=100 width=4)
	  Index Cond: ((k >= 9156520) AND (k <= 9156620))

table 4 : explain SELECT k FROM sbtest4 WHERE k BETWEEN 9156520 AND 9156620
	Index Only Scan using k_4 on sbtest4  (cost=0.43..6.51 rows=104 width=4)
	  Index Cond: ((k >= 9156520) AND (k <= 9156620))

table 5 : explain SELECT k FROM sbtest5 WHERE k BETWEEN 9156520 AND 9156620
	Index Only Scan using k_5 on sbtest5  (cost=0.43..6.43 rows=100 width=4)
	  Index Cond: ((k >= 9156520) AND (k <= 9156620))

table 6 : explain SELECT k FROM sbtest6 WHERE k BETWEEN 9156520 AND 9156620
	Index Only Scan using k_6 on sbtest6  (cost=0.43..10.60 rows=108 width=4)
	  Index Cond: ((k >= 9156520) AND (k <= 9156620))

table 7 : explain SELECT k FROM sbtest7 WHERE k BETWEEN 9156520 AND 9156620
	Index Only Scan using k_7 on sbtest7  (cost=0.43..10.60 rows=108 width=4)
	  Index Cond: ((k >= 9156520) AND (k <= 9156620))

table 8 : explain SELECT k FROM sbtest8 WHERE k BETWEEN 9156520 AND 9156620
	Index Only Scan using k_8 on sbtest8  (cost=0.43..6.83 rows=120 width=4)
	  Index Cond: ((k >= 9156520) AND (k <= 9156620))

explain: for range-covered :: explain SELECT k FROM sbtest%d WHERE k BETWEEN 6113440 AND 6113540
explain: for range-covered :: explain SELECT k FROM sbtest%d WHERE k BETWEEN 8864583 AND 8864683
explain: for range-covered :: explain SELECT k FROM sbtest%d WHERE k BETWEEN 9156520 AND 9156620
for range-covered
table 1 : explain SELECT k FROM sbtest1 WHERE k BETWEEN 4012442 AND 4012542
	Index Only Scan using k_1 on sbtest1  (cost=0.43..6.27 rows=92 width=4)
	  Index Cond: ((k >= 4012442) AND (k <= 4012542))

table 2 : explain SELECT k FROM sbtest2 WHERE k BETWEEN 4012442 AND 4012542
	Index Only Scan using k_2 on sbtest2  (cost=0.43..6.50 rows=103 width=4)
	  Index Cond: ((k >= 4012442) AND (k <= 4012542))

table 3 : explain SELECT k FROM sbtest3 WHERE k BETWEEN 4012442 AND 4012542
	Index Only Scan using k_3 on sbtest3  (cost=0.43..10.63 rows=110 width=4)
	  Index Cond: ((k >= 4012442) AND (k <= 4012542))

table 4 : explain SELECT k FROM sbtest4 WHERE k BETWEEN 4012442 AND 4012542
	Index Only Scan using k_4 on sbtest4  (cost=0.43..6.74 rows=115 width=4)
	  Index Cond: ((k >= 4012442) AND (k <= 4012542))

table 5 : explain SELECT k FROM sbtest5 WHERE k BETWEEN 4012442 AND 4012542
	Index Only Scan using k_5 on sbtest5  (cost=0.43..6.63 rows=110 width=4)
	  Index Cond: ((k >= 4012442) AND (k <= 4012542))

table 6 : explain SELECT k FROM sbtest6 WHERE k BETWEEN 4012442 AND 4012542
	Index Only Scan using k_6 on sbtest6  (cost=0.43..10.54 rows=105 width=4)
	  Index Cond: ((k >= 4012442) AND (k <= 4012542))

table 7 : explain SELECT k FROM sbtest7 WHERE k BETWEEN 4012442 AND 4012542
	Index Only Scan using k_7 on sbtest7  (cost=0.43..10.63 rows=110 width=4)
	  Index Cond: ((k >= 4012442) AND (k <= 4012542))

table 8 : explain SELECT k FROM sbtest8 WHERE k BETWEEN 4012442 AND 4012542
	Index Only Scan using k_8 on sbtest8  (cost=0.43..6.58 rows=107 width=4)
	  Index Cond: ((k >= 4012442) AND (k <= 4012542))

explain: for range-covered :: explain SELECT k FROM sbtest%d WHERE k BETWEEN 4012442 AND 4012542
for range-covered
table 1 : explain SELECT k FROM sbtest1 WHERE k BETWEEN 2931917 AND 2932017
	Index Only Scan using k_1 on sbtest1  (cost=0.43..6.27 rows=92 width=4)
	  Index Cond: ((k >= 2931917) AND (k <= 2932017))

table 2 : explain SELECT k FROM sbtest2 WHERE k BETWEEN 2931917 AND 2932017
	Index Only Scan using k_2 on sbtest2  (cost=0.43..6.50 rows=103 width=4)
	  Index Cond: ((k >= 2931917) AND (k <= 2932017))

table 3 : explain SELECT k FROM sbtest3 WHERE k BETWEEN 2931917 AND 2932017
	Index Only Scan using k_3 on sbtest3  (cost=0.43..10.44 rows=100 width=4)
	  Index Cond: ((k >= 2931917) AND (k <= 2932017))

table 4 : explain SELECT k FROM sbtest4 WHERE k BETWEEN 2931917 AND 2932017
	Index Only Scan using k_4 on sbtest4  (cost=0.43..6.35 rows=96 width=4)
	  Index Cond: ((k >= 2931917) AND (k <= 2932017))

table 5 : explain SELECT k FROM sbtest5 WHERE k BETWEEN 2931917 AND 2932017
	Index Only Scan using k_5 on sbtest5  (cost=0.43..6.43 rows=100 width=4)
	  Index Cond: ((k >= 2931917) AND (k <= 2932017))

table 6 : explain SELECT k FROM sbtest6 WHERE k BETWEEN 2931917 AND 2932017
	Index Only Scan using k_6 on sbtest6  (cost=0.43..10.36 rows=96 width=4)
	  Index Cond: ((k >= 2931917) AND (k <= 2932017))

table 7 : explain SELECT k FROM sbtest7 WHERE k BETWEEN 2931917 AND 2932017
	Index Only Scan using k_7 on sbtest7  (cost=0.43..10.54 rows=105 width=4)
	  Index Cond: ((k >= 2931917) AND (k <= 2932017))

table 8 : explain SELECT k FROM sbtest8 WHERE k BETWEEN 2931917 AND 2932017
	Index Only Scan using k_8 on sbtest8  (cost=0.43..6.63 rows=110 width=4)
	  Index Cond: ((k >= 2931917) AND (k <= 2932017))

for range-covered
table 1 : explain SELECT k FROM sbtest1 WHERE k BETWEEN 8092543 AND 8092643
	Index Only Scan using k_1 on sbtest1  (cost=0.43..6.51 rows=104 width=4)
	  Index Cond: ((k >= 8092543) AND (k <= 8092643))

table 2 : explain SELECT k FROM sbtest2 WHERE k BETWEEN 8092543 AND 8092643
	Index Only Scan using k_2 on sbtest2  (cost=0.43..6.35 rows=96 width=4)
	  Index Cond: ((k >= 8092543) AND (k <= 8092643))

table 3 : explain SELECT k FROM sbtest3 WHERE k BETWEEN 8092543 AND 8092643
	Index Only Scan using k_3 on sbtest3  (cost=0.43..10.50 rows=103 width=4)
	  Index Cond: ((k >= 8092543) AND (k <= 8092643))

table 4 : explain SELECT k FROM sbtest4 WHERE k BETWEEN 8092543 AND 8092643
	Index Only Scan using k_4 on sbtest4  (cost=0.43..6.56 rows=106 width=4)
	  Index Cond: ((k >= 8092543) AND (k <= 8092643))

table 5 : explain SELECT k FROM sbtest5 WHERE k BETWEEN 8092543 AND 8092643
	Index Only Scan using k_5 on sbtest5  (cost=0.43..6.50 rows=103 width=4)
	  Index Cond: ((k >= 8092543) AND (k <= 8092643))

table 6 : explain SELECT k FROM sbtest6 WHERE k BETWEEN 8092543 AND 8092643
	Index Only Scan using k_6 on sbtest6  (cost=0.43..10.63 rows=110 width=4)
	  Index Cond: ((k >= 8092543) AND (k <= 8092643))

table 7 : explain SELECT k FROM sbtest7 WHERE k BETWEEN 8092543 AND 8092643
	Index Only Scan using k_7 on sbtest7  (cost=0.43..10.50 rows=103 width=4)
	  Index Cond: ((k >= 8092543) AND (k <= 8092643))

table 8 : explain SELECT k FROM sbtest8 WHERE k BETWEEN 8092543 AND 8092643
	Index Only Scan using k_8 on sbtest8  (cost=0.43..6.45 rows=101 width=4)
	  Index Cond: ((k >= 8092543) AND (k <= 8092643))

for range-covered
table 1 : explain SELECT k FROM sbtest1 WHERE k BETWEEN 4339029 AND 4339129
	Index Only Scan using k_1 on sbtest1  (cost=0.43..6.35 rows=96 width=4)
	  Index Cond: ((k >= 4339029) AND (k <= 4339129))

table 2 : explain SELECT k FROM sbtest2 WHERE k BETWEEN 4339029 AND 4339129
	Index Only Scan using k_2 on sbtest2  (cost=0.43..6.63 rows=110 width=4)
	  Index Cond: ((k >= 4339029) AND (k <= 4339129))

table 3 : explain SELECT k FROM sbtest3 WHERE k BETWEEN 4339029 AND 4339129
	Index Only Scan using k_3 on sbtest3  (cost=0.43..10.54 rows=105 width=4)
	  Index Cond: ((k >= 4339029) AND (k <= 4339129))

table 4 : explain SELECT k FROM sbtest4 WHERE k BETWEEN 4339029 AND 4339129
	Index Only Scan using k_4 on sbtest4  (cost=0.43..6.61 rows=109 width=4)
	  Index Cond: ((k >= 4339029) AND (k <= 4339129))

table 5 : explain SELECT k FROM sbtest5 WHERE k BETWEEN 4339029 AND 4339129
	Index Only Scan using k_5 on sbtest5  (cost=0.43..6.47 rows=102 width=4)
	  Index Cond: ((k >= 4339029) AND (k <= 4339129))

table 6 : explain SELECT k FROM sbtest6 WHERE k BETWEEN 4339029 AND 4339129
	Index Only Scan using k_6 on sbtest6  (cost=0.43..10.51 rows=104 width=4)
	  Index Cond: ((k >= 4339029) AND (k <= 4339129))

table 7 : explain SELECT k FROM sbtest7 WHERE k BETWEEN 4339029 AND 4339129
	Index Only Scan using k_7 on sbtest7  (cost=0.43..10.94 rows=125 width=4)
	  Index Cond: ((k >= 4339029) AND (k <= 4339129))

table 8 : explain SELECT k FROM sbtest8 WHERE k BETWEEN 4339029 AND 4339129
	Index Only Scan using k_8 on sbtest8  (cost=0.43..6.25 rows=91 width=4)
	  Index Cond: ((k >= 4339029) AND (k <= 4339129))

explain: for range-covered :: explain SELECT k FROM sbtest%d WHERE k BETWEEN 8092543 AND 8092643
explain: for range-covered :: explain SELECT k FROM sbtest%d WHERE k BETWEEN 2931917 AND 2932017
for range-covered
table 1 : explain SELECT k FROM sbtest1 WHERE k BETWEEN 8864583 AND 8864683
	Index Only Scan using k_1 on sbtest1  (cost=0.43..6.42 rows=99 width=4)
	  Index Cond: ((k >= 8864583) AND (k <= 8864683))

table 2 : explain SELECT k FROM sbtest2 WHERE k BETWEEN 8864583 AND 8864683
	Index Only Scan using k_2 on sbtest2  (cost=0.43..6.33 rows=95 width=4)
	  Index Cond: ((k >= 8864583) AND (k <= 8864683))

table 3 : explain SELECT k FROM sbtest3 WHERE k BETWEEN 8864583 AND 8864683
	Index Only Scan using k_3 on sbtest3  (cost=0.43..10.24 rows=90 width=4)
	  Index Cond: ((k >= 8864583) AND (k <= 8864683))

table 4 : explain SELECT k FROM sbtest4 WHERE k BETWEEN 8864583 AND 8864683
	Index Only Scan using k_4 on sbtest4  (cost=0.43..6.33 rows=95 width=4)
	  Index Cond: ((k >= 8864583) AND (k <= 8864683))

table 5 : explain SELECT k FROM sbtest5 WHERE k BETWEEN 8864583 AND 8864683
	Index Only Scan using k_5 on sbtest5  (cost=0.43..6.42 rows=99 width=4)
	  Index Cond: ((k >= 8864583) AND (k <= 8864683))

table 6 : explain SELECT k FROM sbtest6 WHERE k BETWEEN 8864583 AND 8864683
	Index Only Scan using k_6 on sbtest6  (cost=0.43..10.58 rows=107 width=4)
	  Index Cond: ((k >= 8864583) AND (k <= 8864683))

table 7 : explain SELECT k FROM sbtest7 WHERE k BETWEEN 8864583 AND 8864683
	Index Only Scan using k_7 on sbtest7  (cost=0.43..10.47 rows=102 width=4)
	  Index Cond: ((k >= 8864583) AND (k <= 8864683))

table 8 : explain SELECT k FROM sbtest8 WHERE k BETWEEN 8864583 AND 8864683
	Index Only Scan using k_8 on sbtest8  (cost=0.43..6.61 rows=109 width=4)
	  Index Cond: ((k >= 8864583) AND (k <= 8864683))

for range-covered
table 1 : explain SELECT k FROM sbtest1 WHERE k BETWEEN 9156520 AND 9156620
	Index Only Scan using k_1 on sbtest1  (cost=0.43..6.45 rows=101 width=4)
	  Index Cond: ((k >= 9156520) AND (k <= 9156620))

table 2 : explain SELECT k FROM sbtest2 WHERE k BETWEEN 9156520 AND 9156620
	Index Only Scan using k_2 on sbtest2  (cost=0.43..6.43 rows=100 width=4)
	  Index Cond: ((k >= 9156520) AND (k <= 9156620))

table 3 : explain SELECT k FROM sbtest3 WHERE k BETWEEN 9156520 AND 9156620
	Index Only Scan using k_3 on sbtest3  (cost=0.43..10.44 rows=100 width=4)
	  Index Cond: ((k >= 9156520) AND (k <= 9156620))

table 4 : explain SELECT k FROM sbtest4 WHERE k BETWEEN 9156520 AND 9156620
	Index Only Scan using k_4 on sbtest4  (cost=0.43..6.51 rows=104 width=4)
	  Index Cond: ((k >= 9156520) AND (k <= 9156620))

table 5 : explain SELECT k FROM sbtest5 WHERE k BETWEEN 9156520 AND 9156620
	Index Only Scan using k_5 on sbtest5  (cost=0.43..6.43 rows=100 width=4)
	  Index Cond: ((k >= 9156520) AND (k <= 9156620))

table 6 : explain SELECT k FROM sbtest6 WHERE k BETWEEN 9156520 AND 9156620
	Index Only Scan using k_6 on sbtest6  (cost=0.43..10.60 rows=108 width=4)
	  Index Cond: ((k >= 9156520) AND (k <= 9156620))

table 7 : explain SELECT k FROM sbtest7 WHERE k BETWEEN 9156520 AND 9156620
	Index Only Scan using k_7 on sbtest7  (cost=0.43..10.60 rows=108 width=4)
	  Index Cond: ((k >= 9156520) AND (k <= 9156620))

table 8 : explain SELECT k FROM sbtest8 WHERE k BETWEEN 9156520 AND 9156620
	Index Only Scan using k_8 on sbtest8  (cost=0.43..6.83 rows=120 width=4)
	  Index Cond: ((k >= 9156520) AND (k <= 9156620))

for range-covered
table 1 : explain SELECT k FROM sbtest1 WHERE k BETWEEN 7048802 AND 7048902
	Index Only Scan using k_1 on sbtest1  (cost=0.43..6.50 rows=103 width=4)
	  Index Cond: ((k >= 7048802) AND (k <= 7048902))

table 2 : explain SELECT k FROM sbtest2 WHERE k BETWEEN 7048802 AND 7048902
	Index Only Scan using k_2 on sbtest2  (cost=0.43..6.45 rows=101 width=4)
	  Index Cond: ((k >= 7048802) AND (k <= 7048902))

table 3 : explain SELECT k FROM sbtest3 WHERE k BETWEEN 7048802 AND 7048902
	Index Only Scan using k_3 on sbtest3  (cost=0.43..10.65 rows=111 width=4)
	  Index Cond: ((k >= 7048802) AND (k <= 7048902))

table 4 : explain SELECT k FROM sbtest4 WHERE k BETWEEN 7048802 AND 7048902
	Index Only Scan using k_4 on sbtest4  (cost=0.43..6.61 rows=109 width=4)
	  Index Cond: ((k >= 7048802) AND (k <= 7048902))

table 5 : explain SELECT k FROM sbtest5 WHERE k BETWEEN 7048802 AND 7048902
	Index Only Scan using k_5 on sbtest5  (cost=0.43..6.56 rows=106 width=4)
	  Index Cond: ((k >= 7048802) AND (k <= 7048902))

table 6 : explain SELECT k FROM sbtest6 WHERE k BETWEEN 7048802 AND 7048902
	Index Only Scan using k_6 on sbtest6  (cost=0.43..10.32 rows=94 width=4)
	  Index Cond: ((k >= 7048802) AND (k <= 7048902))

table 7 : explain SELECT k FROM sbtest7 WHERE k BETWEEN 7048802 AND 7048902
	Index Only Scan using k_7 on sbtest7  (cost=0.43..10.44 rows=100 width=4)
	  Index Cond: ((k >= 7048802) AND (k <= 7048902))

table 8 : explain SELECT k FROM sbtest8 WHERE k BETWEEN 7048802 AND 7048902
	Index Only Scan using k_8 on sbtest8  (cost=0.43..6.56 rows=106 width=4)
	  Index Cond: ((k >= 7048802) AND (k <= 7048902))

explain: for range-covered :: explain SELECT k FROM sbtest%d WHERE k BETWEEN 8864583 AND 8864683
explain: for range-covered :: explain SELECT k FROM sbtest%d WHERE k BETWEEN 9156520 AND 9156620
explain: for range-covered :: explain SELECT k FROM sbtest%d WHERE k BETWEEN 7048802 AND 7048902
for range-covered
table 1 : explain SELECT k FROM sbtest1 WHERE k BETWEEN 4012442 AND 4012542
	Index Only Scan using k_1 on sbtest1  (cost=0.43..6.27 rows=92 width=4)
	  Index Cond: ((k >= 4012442) AND (k <= 4012542))

table 2 : explain SELECT k FROM sbtest2 WHERE k BETWEEN 4012442 AND 4012542
	Index Only Scan using k_2 on sbtest2  (cost=0.43..6.50 rows=103 width=4)
	  Index Cond: ((k >= 4012442) AND (k <= 4012542))

table 3 : explain SELECT k FROM sbtest3 WHERE k BETWEEN 4012442 AND 4012542
	Index Only Scan using k_3 on sbtest3  (cost=0.43..10.63 rows=110 width=4)
	  Index Cond: ((k >= 4012442) AND (k <= 4012542))

table 4 : explain SELECT k FROM sbtest4 WHERE k BETWEEN 4012442 AND 4012542
	Index Only Scan using k_4 on sbtest4  (cost=0.43..6.74 rows=115 width=4)
	  Index Cond: ((k >= 4012442) AND (k <= 4012542))

table 5 : explain SELECT k FROM sbtest5 WHERE k BETWEEN 4012442 AND 4012542
	Index Only Scan using k_5 on sbtest5  (cost=0.43..6.63 rows=110 width=4)
	  Index Cond: ((k >= 4012442) AND (k <= 4012542))

table 6 : explain SELECT k FROM sbtest6 WHERE k BETWEEN 4012442 AND 4012542
	Index Only Scan using k_6 on sbtest6  (cost=0.43..10.54 rows=105 width=4)
	  Index Cond: ((k >= 4012442) AND (k <= 4012542))

table 7 : explain SELECT k FROM sbtest7 WHERE k BETWEEN 4012442 AND 4012542
	Index Only Scan using k_7 on sbtest7  (cost=0.43..10.63 rows=110 width=4)
	  Index Cond: ((k >= 4012442) AND (k <= 4012542))

table 8 : explain SELECT k FROM sbtest8 WHERE k BETWEEN 4012442 AND 4012542
	Index Only Scan using k_8 on sbtest8  (cost=0.43..6.58 rows=107 width=4)
	  Index Cond: ((k >= 4012442) AND (k <= 4012542))

explain: for range-covered :: explain SELECT k FROM sbtest%d WHERE k BETWEEN 4012442 AND 4012542
for range-covered
table 1 : explain SELECT k FROM sbtest1 WHERE k BETWEEN 800106 AND 800206
	Index Only Scan using k_1 on sbtest1  (cost=0.43..6.35 rows=96 width=4)
	  Index Cond: ((k >= 800106) AND (k <= 800206))

table 2 : explain SELECT k FROM sbtest2 WHERE k BETWEEN 800106 AND 800206
	Index Only Scan using k_2 on sbtest2  (cost=0.43..6.35 rows=96 width=4)
	  Index Cond: ((k >= 800106) AND (k <= 800206))

table 3 : explain SELECT k FROM sbtest3 WHERE k BETWEEN 800106 AND 800206
	Index Only Scan using k_3 on sbtest3  (cost=0.43..10.60 rows=108 width=4)
	  Index Cond: ((k >= 800106) AND (k <= 800206))

table 4 : explain SELECT k FROM sbtest4 WHERE k BETWEEN 800106 AND 800206
	Index Only Scan using k_4 on sbtest4  (cost=0.43..6.45 rows=101 width=4)
	  Index Cond: ((k >= 800106) AND (k <= 800206))

table 5 : explain SELECT k FROM sbtest5 WHERE k BETWEEN 800106 AND 800206
	Index Only Scan using k_5 on sbtest5  (cost=0.43..6.42 rows=99 width=4)
	  Index Cond: ((k >= 800106) AND (k <= 800206))

table 6 : explain SELECT k FROM sbtest6 WHERE k BETWEEN 800106 AND 800206
	Index Only Scan using k_6 on sbtest6  (cost=0.43..10.46 rows=101 width=4)
	  Index Cond: ((k >= 800106) AND (k <= 800206))

table 7 : explain SELECT k FROM sbtest7 WHERE k BETWEEN 800106 AND 800206
	Index Only Scan using k_7 on sbtest7  (cost=0.43..10.44 rows=100 width=4)
	  Index Cond: ((k >= 800106) AND (k <= 800206))

table 8 : explain SELECT k FROM sbtest8 WHERE k BETWEEN 800106 AND 800206
	Index Only Scan using k_8 on sbtest8  (cost=0.43..6.53 rows=105 width=4)
	  Index Cond: ((k >= 800106) AND (k <= 800206))

for range-covered
table 1 : explain SELECT k FROM sbtest1 WHERE k BETWEEN 8092543 AND 8092643
	Index Only Scan using k_1 on sbtest1  (cost=0.43..6.51 rows=104 width=4)
	  Index Cond: ((k >= 8092543) AND (k <= 8092643))

table 2 : explain SELECT k FROM sbtest2 WHERE k BETWEEN 8092543 AND 8092643
	Index Only Scan using k_2 on sbtest2  (cost=0.43..6.35 rows=96 width=4)
	  Index Cond: ((k >= 8092543) AND (k <= 8092643))

table 3 : explain SELECT k FROM sbtest3 WHERE k BETWEEN 8092543 AND 8092643
	Index Only Scan using k_3 on sbtest3  (cost=0.43..10.50 rows=103 width=4)
	  Index Cond: ((k >= 8092543) AND (k <= 8092643))

table 4 : explain SELECT k FROM sbtest4 WHERE k BETWEEN 8092543 AND 8092643
	Index Only Scan using k_4 on sbtest4  (cost=0.43..6.56 rows=106 width=4)
	  Index Cond: ((k >= 8092543) AND (k <= 8092643))

table 5 : explain SELECT k FROM sbtest5 WHERE k BETWEEN 8092543 AND 8092643
	Index Only Scan using k_5 on sbtest5  (cost=0.43..6.50 rows=103 width=4)
	  Index Cond: ((k >= 8092543) AND (k <= 8092643))

table 6 : explain SELECT k FROM sbtest6 WHERE k BETWEEN 8092543 AND 8092643
	Index Only Scan using k_6 on sbtest6  (cost=0.43..10.63 rows=110 width=4)
	  Index Cond: ((k >= 8092543) AND (k <= 8092643))

table 7 : explain SELECT k FROM sbtest7 WHERE k BETWEEN 8092543 AND 8092643
	Index Only Scan using k_7 on sbtest7  (cost=0.43..10.50 rows=103 width=4)
	  Index Cond: ((k >= 8092543) AND (k <= 8092643))

table 8 : explain SELECT k FROM sbtest8 WHERE k BETWEEN 8092543 AND 8092643
	Index Only Scan using k_8 on sbtest8  (cost=0.43..6.45 rows=101 width=4)
	  Index Cond: ((k >= 8092543) AND (k <= 8092643))

for range-covered
table 1 : explain SELECT k FROM sbtest1 WHERE k BETWEEN 6113440 AND 6113540
	Index Only Scan using k_1 on sbtest1  (cost=0.43..6.37 rows=97 width=4)
	  Index Cond: ((k >= 6113440) AND (k <= 6113540))

table 2 : explain SELECT k FROM sbtest2 WHERE k BETWEEN 6113440 AND 6113540
	Index Only Scan using k_2 on sbtest2  (cost=0.43..6.56 rows=106 width=4)
	  Index Cond: ((k >= 6113440) AND (k <= 6113540))

table 3 : explain SELECT k FROM sbtest3 WHERE k BETWEEN 6113440 AND 6113540
	Index Only Scan using k_3 on sbtest3  (cost=0.43..10.46 rows=101 width=4)
	  Index Cond: ((k >= 6113440) AND (k <= 6113540))

table 4 : explain SELECT k FROM sbtest4 WHERE k BETWEEN 6113440 AND 6113540
	Index Only Scan using k_4 on sbtest4  (cost=0.43..6.27 rows=92 width=4)
	  Index Cond: ((k >= 6113440) AND (k <= 6113540))

table 5 : explain SELECT k FROM sbtest5 WHERE k BETWEEN 6113440 AND 6113540
	Index Only Scan using k_5 on sbtest5  (cost=0.43..6.51 rows=104 width=4)
	  Index Cond: ((k >= 6113440) AND (k <= 6113540))

table 6 : explain SELECT k FROM sbtest6 WHERE k BETWEEN 6113440 AND 6113540
	Index Only Scan using k_6 on sbtest6  (cost=0.43..10.72 rows=114 width=4)
	  Index Cond: ((k >= 6113440) AND (k <= 6113540))

table 7 : explain SELECT k FROM sbtest7 WHERE k BETWEEN 6113440 AND 6113540
	Index Only Scan using k_7 on sbtest7  (cost=0.43..10.50 rows=103 width=4)
	  Index Cond: ((k >= 6113440) AND (k <= 6113540))

table 8 : explain SELECT k FROM sbtest8 WHERE k BETWEEN 6113440 AND 6113540
	Index Only Scan using k_8 on sbtest8  (cost=0.43..6.58 rows=107 width=4)
	  Index Cond: ((k >= 6113440) AND (k <= 6113540))

explain: for range-covered :: explain SELECT k FROM sbtest%d WHERE k BETWEEN 8092543 AND 8092643
for range-covered
table 1 : explain SELECT k FROM sbtest1 WHERE k BETWEEN 2931917 AND 2932017
	Index Only Scan using k_1 on sbtest1  (cost=0.43..6.27 rows=92 width=4)
	  Index Cond: ((k >= 2931917) AND (k <= 2932017))

table 2 : explain SELECT k FROM sbtest2 WHERE k BETWEEN 2931917 AND 2932017
	Index Only Scan using k_2 on sbtest2  (cost=0.43..6.50 rows=103 width=4)
	  Index Cond: ((k >= 2931917) AND (k <= 2932017))

table 3 : explain SELECT k FROM sbtest3 WHERE k BETWEEN 2931917 AND 2932017
	Index Only Scan using k_3 on sbtest3  (cost=0.43..10.44 rows=100 width=4)
	  Index Cond: ((k >= 2931917) AND (k <= 2932017))

table 4 : explain SELECT k FROM sbtest4 WHERE k BETWEEN 2931917 AND 2932017
	Index Only Scan using k_4 on sbtest4  (cost=0.43..6.35 rows=96 width=4)
	  Index Cond: ((k >= 2931917) AND (k <= 2932017))

table 5 : explain SELECT k FROM sbtest5 WHERE k BETWEEN 2931917 AND 2932017
	Index Only Scan using k_5 on sbtest5  (cost=0.43..6.43 rows=100 width=4)
	  Index Cond: ((k >= 2931917) AND (k <= 2932017))

table 6 : explain SELECT k FROM sbtest6 WHERE k BETWEEN 2931917 AND 2932017
	Index Only Scan using k_6 on sbtest6  (cost=0.43..10.36 rows=96 width=4)
	  Index Cond: ((k >= 2931917) AND (k <= 2932017))

table 7 : explain SELECT k FROM sbtest7 WHERE k BETWEEN 2931917 AND 2932017
	Index Only Scan using k_7 on sbtest7  (cost=0.43..10.54 rows=105 width=4)
	  Index Cond: ((k >= 2931917) AND (k <= 2932017))

table 8 : explain SELECT k FROM sbtest8 WHERE k BETWEEN 2931917 AND 2932017
	Index Only Scan using k_8 on sbtest8  (cost=0.43..6.63 rows=110 width=4)
	  Index Cond: ((k >= 2931917) AND (k <= 2932017))

for range-covered
table 1 : explain SELECT k FROM sbtest1 WHERE k BETWEEN 8864583 AND 8864683
	Index Only Scan using k_1 on sbtest1  (cost=0.43..6.42 rows=99 width=4)
	  Index Cond: ((k >= 8864583) AND (k <= 8864683))

table 2 : explain SELECT k FROM sbtest2 WHERE k BETWEEN 8864583 AND 8864683
	Index Only Scan using k_2 on sbtest2  (cost=0.43..6.33 rows=95 width=4)
	  Index Cond: ((k >= 8864583) AND (k <= 8864683))

table 3 : explain SELECT k FROM sbtest3 WHERE k BETWEEN 8864583 AND 8864683
	Index Only Scan using k_3 on sbtest3  (cost=0.43..10.24 rows=90 width=4)
	  Index Cond: ((k >= 8864583) AND (k <= 8864683))

table 4 : explain SELECT k FROM sbtest4 WHERE k BETWEEN 8864583 AND 8864683
	Index Only Scan using k_4 on sbtest4  (cost=0.43..6.33 rows=95 width=4)
	  Index Cond: ((k >= 8864583) AND (k <= 8864683))

table 5 : explain SELECT k FROM sbtest5 WHERE k BETWEEN 8864583 AND 8864683
	Index Only Scan using k_5 on sbtest5  (cost=0.43..6.42 rows=99 width=4)
	  Index Cond: ((k >= 8864583) AND (k <= 8864683))

table 6 : explain SELECT k FROM sbtest6 WHERE k BETWEEN 8864583 AND 8864683
	Index Only Scan using k_6 on sbtest6  (cost=0.43..10.58 rows=107 width=4)
	  Index Cond: ((k >= 8864583) AND (k <= 8864683))

table 7 : explain SELECT k FROM sbtest7 WHERE k BETWEEN 8864583 AND 8864683
	Index Only Scan using k_7 on sbtest7  (cost=0.43..10.47 rows=102 width=4)
	  Index Cond: ((k >= 8864583) AND (k <= 8864683))

table 8 : explain SELECT k FROM sbtest8 WHERE k BETWEEN 8864583 AND 8864683
	Index Only Scan using k_8 on sbtest8  (cost=0.43..6.61 rows=109 width=4)
	  Index Cond: ((k >= 8864583) AND (k <= 8864683))

explain: for range-covered :: explain SELECT k FROM sbtest%d WHERE k BETWEEN 2931917 AND 2932017explain: for range-covered :: explain SELECT k FROM sbtest%d WHERE k BETWEEN 6113440 AND 6113540explain: for range-covered :: explain SELECT k FROM sbtest%d WHERE k BETWEEN 800106 AND 800206

for range-covered
table 1 : explain SELECT k FROM sbtest1 WHERE k BETWEEN 9156520 AND 9156620
	Index Only Scan using k_1 on sbtest1  (cost=0.43..6.45 rows=101 width=4)
	  Index Cond: ((k >= 9156520) AND (k <= 9156620))

table 2 : explain SELECT k FROM sbtest2 WHERE k BETWEEN 9156520 AND 9156620
	Index Only Scan using k_2 on sbtest2  (cost=0.43..6.43 rows=100 width=4)
	  Index Cond: ((k >= 9156520) AND (k <= 9156620))

table 3 : explain SELECT k FROM sbtest3 WHERE k BETWEEN 9156520 AND 9156620
	Index Only Scan using k_3 on sbtest3  (cost=0.43..10.44 rows=100 width=4)
	  Index Cond: ((k >= 9156520) AND (k <= 9156620))

table 4 : explain SELECT k FROM sbtest4 WHERE k BETWEEN 9156520 AND 9156620
	Index Only Scan using k_4 on sbtest4  (cost=0.43..6.51 rows=104 width=4)
	  Index Cond: ((k >= 9156520) AND (k <= 9156620))

table 5 : explain SELECT k FROM sbtest5 WHERE k BETWEEN 9156520 AND 9156620
	Index Only Scan using k_5 on sbtest5  (cost=0.43..6.43 rows=100 width=4)
	  Index Cond: ((k >= 9156520) AND (k <= 9156620))

table 6 : explain SELECT k FROM sbtest6 WHERE k BETWEEN 9156520 AND 9156620
	Index Only Scan using k_6 on sbtest6  (cost=0.43..10.60 rows=108 width=4)
	  Index Cond: ((k >= 9156520) AND (k <= 9156620))

table 7 : explain SELECT k FROM sbtest7 WHERE k BETWEEN 9156520 AND 9156620
	Index Only Scan using k_7 on sbtest7  (cost=0.43..10.60 rows=108 width=4)
	  Index Cond: ((k >= 9156520) AND (k <= 9156620))

table 8 : explain SELECT k FROM sbtest8 WHERE k BETWEEN 9156520 AND 9156620
	Index Only Scan using k_8 on sbtest8  (cost=0.43..6.83 rows=120 width=4)
	  Index Cond: ((k >= 9156520) AND (k <= 9156620))


explain: for range-covered :: explain SELECT k FROM sbtest%d WHERE k BETWEEN 8864583 AND 8864683
for range-covered
table 1 : explain SELECT k FROM sbtest1 WHERE k BETWEEN 7048802 AND 7048902
	Index Only Scan using k_1 on sbtest1  (cost=0.43..6.50 rows=103 width=4)
	  Index Cond: ((k >= 7048802) AND (k <= 7048902))

table 2 : explain SELECT k FROM sbtest2 WHERE k BETWEEN 7048802 AND 7048902
	Index Only Scan using k_2 on sbtest2  (cost=0.43..6.45 rows=101 width=4)
	  Index Cond: ((k >= 7048802) AND (k <= 7048902))

table 3 : explain SELECT k FROM sbtest3 WHERE k BETWEEN 7048802 AND 7048902
	Index Only Scan using k_3 on sbtest3  (cost=0.43..10.65 rows=111 width=4)
	  Index Cond: ((k >= 7048802) AND (k <= 7048902))

table 4 : explain SELECT k FROM sbtest4 WHERE k BETWEEN 7048802 AND 7048902
	Index Only Scan using k_4 on sbtest4  (cost=0.43..6.61 rows=109 width=4)
	  Index Cond: ((k >= 7048802) AND (k <= 7048902))

table 5 : explain SELECT k FROM sbtest5 WHERE k BETWEEN 7048802 AND 7048902
	Index Only Scan using k_5 on sbtest5  (cost=0.43..6.56 rows=106 width=4)
	  Index Cond: ((k >= 7048802) AND (k <= 7048902))

table 6 : explain SELECT k FROM sbtest6 WHERE k BETWEEN 7048802 AND 7048902
	Index Only Scan using k_6 on sbtest6  (cost=0.43..10.32 rows=94 width=4)
	  Index Cond: ((k >= 7048802) AND (k <= 7048902))

table 7 : explain SELECT k FROM sbtest7 WHERE k BETWEEN 7048802 AND 7048902
	Index Only Scan using k_7 on sbtest7  (cost=0.43..10.44 rows=100 width=4)
	  Index Cond: ((k >= 7048802) AND (k <= 7048902))

table 8 : explain SELECT k FROM sbtest8 WHERE k BETWEEN 7048802 AND 7048902
	Index Only Scan using k_8 on sbtest8  (cost=0.43..6.56 rows=106 width=4)
	  Index Cond: ((k >= 7048802) AND (k <= 7048902))

explain: for range-covered :: explain SELECT k FROM sbtest%d WHERE k BETWEEN 7048802 AND 7048902
for range-covered
table 1 : explain SELECT k FROM sbtest1 WHERE k BETWEEN 3827234 AND 3827334
	Index Only Scan using k_1 on sbtest1  (cost=0.43..6.51 rows=104 width=4)
	  Index Cond: ((k >= 3827234) AND (k <= 3827334))

table 2 : explain SELECT k FROM sbtest2 WHERE k BETWEEN 3827234 AND 3827334
	Index Only Scan using k_2 on sbtest2  (cost=0.43..6.58 rows=107 width=4)
	  Index Cond: ((k >= 3827234) AND (k <= 3827334))

table 3 : explain SELECT k FROM sbtest3 WHERE k BETWEEN 3827234 AND 3827334
	Index Only Scan using k_3 on sbtest3  (cost=0.43..10.26 rows=91 width=4)
	  Index Cond: ((k >= 3827234) AND (k <= 3827334))

table 4 : explain SELECT k FROM sbtest4 WHERE k BETWEEN 3827234 AND 3827334
	Index Only Scan using k_4 on sbtest4  (cost=0.43..6.47 rows=102 width=4)
	  Index Cond: ((k >= 3827234) AND (k <= 3827334))

table 5 : explain SELECT k FROM sbtest5 WHERE k BETWEEN 3827234 AND 3827334
	Index Only Scan using k_5 on sbtest5  (cost=0.43..6.59 rows=108 width=4)
	  Index Cond: ((k >= 3827234) AND (k <= 3827334))

table 6 : explain SELECT k FROM sbtest6 WHERE k BETWEEN 3827234 AND 3827334
	Index Only Scan using k_6 on sbtest6  (cost=0.43..10.29 rows=93 width=4)
	  Index Cond: ((k >= 3827234) AND (k <= 3827334))

table 7 : explain SELECT k FROM sbtest7 WHERE k BETWEEN 3827234 AND 3827334
	Index Only Scan using k_7 on sbtest7  (cost=0.43..10.33 rows=95 width=4)
	  Index Cond: ((k >= 3827234) AND (k <= 3827334))

table 8 : explain SELECT k FROM sbtest8 WHERE k BETWEEN 3827234 AND 3827334
	Index Only Scan using k_8 on sbtest8  (cost=0.43..6.37 rows=97 width=4)
	  Index Cond: ((k >= 3827234) AND (k <= 3827334))

explain: for range-covered :: explain SELECT k FROM sbtest%d WHERE k BETWEEN 9156520 AND 9156620
for range-covered
table 1 : explain SELECT k FROM sbtest1 WHERE k BETWEEN 4012442 AND 4012542
	Index Only Scan using k_1 on sbtest1  (cost=0.43..6.27 rows=92 width=4)
	  Index Cond: ((k >= 4012442) AND (k <= 4012542))

table 2 : explain SELECT k FROM sbtest2 WHERE k BETWEEN 4012442 AND 4012542
	Index Only Scan using k_2 on sbtest2  (cost=0.43..6.50 rows=103 width=4)
	  Index Cond: ((k >= 4012442) AND (k <= 4012542))

table 3 : explain SELECT k FROM sbtest3 WHERE k BETWEEN 4012442 AND 4012542
	Index Only Scan using k_3 on sbtest3  (cost=0.43..10.63 rows=110 width=4)
	  Index Cond: ((k >= 4012442) AND (k <= 4012542))

table 4 : explain SELECT k FROM sbtest4 WHERE k BETWEEN 4012442 AND 4012542
	Index Only Scan using k_4 on sbtest4  (cost=0.43..6.74 rows=115 width=4)
	  Index Cond: ((k >= 4012442) AND (k <= 4012542))

table 5 : explain SELECT k FROM sbtest5 WHERE k BETWEEN 4012442 AND 4012542
	Index Only Scan using k_5 on sbtest5  (cost=0.43..6.63 rows=110 width=4)
	  Index Cond: ((k >= 4012442) AND (k <= 4012542))

table 6 : explain SELECT k FROM sbtest6 WHERE k BETWEEN 4012442 AND 4012542
	Index Only Scan using k_6 on sbtest6  (cost=0.43..10.54 rows=105 width=4)
	  Index Cond: ((k >= 4012442) AND (k <= 4012542))

table 7 : explain SELECT k FROM sbtest7 WHERE k BETWEEN 4012442 AND 4012542
	Index Only Scan using k_7 on sbtest7  (cost=0.43..10.63 rows=110 width=4)
	  Index Cond: ((k >= 4012442) AND (k <= 4012542))

table 8 : explain SELECT k FROM sbtest8 WHERE k BETWEEN 4012442 AND 4012542
	Index Only Scan using k_8 on sbtest8  (cost=0.43..6.58 rows=107 width=4)
	  Index Cond: ((k >= 4012442) AND (k <= 4012542))

explain: for range-covered :: explain SELECT k FROM sbtest%d WHERE k BETWEEN 3827234 AND 3827334
explain: for range-covered :: explain SELECT k FROM sbtest%d WHERE k BETWEEN 4012442 AND 4012542
for range-covered
table 1 : explain SELECT k FROM sbtest1 WHERE k BETWEEN 8092543 AND 8092643
	Index Only Scan using k_1 on sbtest1  (cost=0.43..6.51 rows=104 width=4)
	  Index Cond: ((k >= 8092543) AND (k <= 8092643))

table 2 : explain SELECT k FROM sbtest2 WHERE k BETWEEN 8092543 AND 8092643
	Index Only Scan using k_2 on sbtest2  (cost=0.43..6.35 rows=96 width=4)
	  Index Cond: ((k >= 8092543) AND (k <= 8092643))

table 3 : explain SELECT k FROM sbtest3 WHERE k BETWEEN 8092543 AND 8092643
	Index Only Scan using k_3 on sbtest3  (cost=0.43..10.50 rows=103 width=4)
	  Index Cond: ((k >= 8092543) AND (k <= 8092643))

table 4 : explain SELECT k FROM sbtest4 WHERE k BETWEEN 8092543 AND 8092643
	Index Only Scan using k_4 on sbtest4  (cost=0.43..6.56 rows=106 width=4)
	  Index Cond: ((k >= 8092543) AND (k <= 8092643))

table 5 : explain SELECT k FROM sbtest5 WHERE k BETWEEN 8092543 AND 8092643
	Index Only Scan using k_5 on sbtest5  (cost=0.43..6.50 rows=103 width=4)
	  Index Cond: ((k >= 8092543) AND (k <= 8092643))

table 6 : explain SELECT k FROM sbtest6 WHERE k BETWEEN 8092543 AND 8092643
	Index Only Scan using k_6 on sbtest6  (cost=0.43..10.63 rows=110 width=4)
	  Index Cond: ((k >= 8092543) AND (k <= 8092643))

table 7 : explain SELECT k FROM sbtest7 WHERE k BETWEEN 8092543 AND 8092643
	Index Only Scan using k_7 on sbtest7  (cost=0.43..10.50 rows=103 width=4)
	  Index Cond: ((k >= 8092543) AND (k <= 8092643))

table 8 : explain SELECT k FROM sbtest8 WHERE k BETWEEN 8092543 AND 8092643
	Index Only Scan using k_8 on sbtest8  (cost=0.43..6.45 rows=101 width=4)
	  Index Cond: ((k >= 8092543) AND (k <= 8092643))

for range-covered
table 1 : explain SELECT k FROM sbtest1 WHERE k BETWEEN 2931917 AND 2932017
	Index Only Scan using k_1 on sbtest1  (cost=0.43..6.27 rows=92 width=4)
	  Index Cond: ((k >= 2931917) AND (k <= 2932017))

table 2 : explain SELECT k FROM sbtest2 WHERE k BETWEEN 2931917 AND 2932017
	Index Only Scan using k_2 on sbtest2  (cost=0.43..6.50 rows=103 width=4)
	  Index Cond: ((k >= 2931917) AND (k <= 2932017))

table 3 : explain SELECT k FROM sbtest3 WHERE k BETWEEN 2931917 AND 2932017
	Index Only Scan using k_3 on sbtest3  (cost=0.43..10.44 rows=100 width=4)
	  Index Cond: ((k >= 2931917) AND (k <= 2932017))

table 4 : explain SELECT k FROM sbtest4 WHERE k BETWEEN 2931917 AND 2932017
	Index Only Scan using k_4 on sbtest4  (cost=0.43..6.35 rows=96 width=4)
	  Index Cond: ((k >= 2931917) AND (k <= 2932017))

table 5 : explain SELECT k FROM sbtest5 WHERE k BETWEEN 2931917 AND 2932017
	Index Only Scan using k_5 on sbtest5  (cost=0.43..6.43 rows=100 width=4)
	  Index Cond: ((k >= 2931917) AND (k <= 2932017))

table 6 : explain SELECT k FROM sbtest6 WHERE k BETWEEN 2931917 AND 2932017
	Index Only Scan using k_6 on sbtest6  (cost=0.43..10.36 rows=96 width=4)
	  Index Cond: ((k >= 2931917) AND (k <= 2932017))

table 7 : explain SELECT k FROM sbtest7 WHERE k BETWEEN 2931917 AND 2932017
	Index Only Scan using k_7 on sbtest7  (cost=0.43..10.54 rows=105 width=4)
	  Index Cond: ((k >= 2931917) AND (k <= 2932017))

table 8 : explain SELECT k FROM sbtest8 WHERE k BETWEEN 2931917 AND 2932017
	Index Only Scan using k_8 on sbtest8  (cost=0.43..6.63 rows=110 width=4)
	  Index Cond: ((k >= 2931917) AND (k <= 2932017))

for range-covered
table 1 : explain SELECT k FROM sbtest1 WHERE k BETWEEN 7048802 AND 7048902
	Index Only Scan using k_1 on sbtest1  (cost=0.43..6.50 rows=103 width=4)
	  Index Cond: ((k >= 7048802) AND (k <= 7048902))

table 2 : explain SELECT k FROM sbtest2 WHERE k BETWEEN 7048802 AND 7048902
	Index Only Scan using k_2 on sbtest2  (cost=0.43..6.45 rows=101 width=4)
	  Index Cond: ((k >= 7048802) AND (k <= 7048902))

table 3 : explain SELECT k FROM sbtest3 WHERE k BETWEEN 7048802 AND 7048902
	Index Only Scan using k_3 on sbtest3  (cost=0.43..10.65 rows=111 width=4)
	  Index Cond: ((k >= 7048802) AND (k <= 7048902))

table 4 : explain SELECT k FROM sbtest4 WHERE k BETWEEN 7048802 AND 7048902
	Index Only Scan using k_4 on sbtest4  (cost=0.43..6.61 rows=109 width=4)
	  Index Cond: ((k >= 7048802) AND (k <= 7048902))

table 5 : explain SELECT k FROM sbtest5 WHERE k BETWEEN 7048802 AND 7048902
	Index Only Scan using k_5 on sbtest5  (cost=0.43..6.56 rows=106 width=4)
	  Index Cond: ((k >= 7048802) AND (k <= 7048902))

table 6 : explain SELECT k FROM sbtest6 WHERE k BETWEEN 7048802 AND 7048902
	Index Only Scan using k_6 on sbtest6  (cost=0.43..10.32 rows=94 width=4)
	  Index Cond: ((k >= 7048802) AND (k <= 7048902))

table 7 : explain SELECT k FROM sbtest7 WHERE k BETWEEN 7048802 AND 7048902
	Index Only Scan using k_7 on sbtest7  (cost=0.43..10.44 rows=100 width=4)
	  Index Cond: ((k >= 7048802) AND (k <= 7048902))

table 8 : explain SELECT k FROM sbtest8 WHERE k BETWEEN 7048802 AND 7048902
	Index Only Scan using k_8 on sbtest8  (cost=0.43..6.56 rows=106 width=4)
	  Index Cond: ((k >= 7048802) AND (k <= 7048902))

for range-covered
table 1 : explain SELECT k FROM sbtest1 WHERE k BETWEEN 8864583 AND 8864683
	Index Only Scan using k_1 on sbtest1  (cost=0.43..6.42 rows=99 width=4)
	  Index Cond: ((k >= 8864583) AND (k <= 8864683))

table 2 : explain SELECT k FROM sbtest2 WHERE k BETWEEN 8864583 AND 8864683
	Index Only Scan using k_2 on sbtest2  (cost=0.43..6.33 rows=95 width=4)
	  Index Cond: ((k >= 8864583) AND (k <= 8864683))

table 3 : explain SELECT k FROM sbtest3 WHERE k BETWEEN 8864583 AND 8864683
	Index Only Scan using k_3 on sbtest3  (cost=0.43..10.24 rows=90 width=4)
	  Index Cond: ((k >= 8864583) AND (k <= 8864683))

table 4 : explain SELECT k FROM sbtest4 WHERE k BETWEEN 8864583 AND 8864683
	Index Only Scan using k_4 on sbtest4  (cost=0.43..6.33 rows=95 width=4)
	  Index Cond: ((k >= 8864583) AND (k <= 8864683))

table 5 : explain SELECT k FROM sbtest5 WHERE k BETWEEN 8864583 AND 8864683
	Index Only Scan using k_5 on sbtest5  (cost=0.43..6.42 rows=99 width=4)
	  Index Cond: ((k >= 8864583) AND (k <= 8864683))

table 6 : explain SELECT k FROM sbtest6 WHERE k BETWEEN 8864583 AND 8864683
	Index Only Scan using k_6 on sbtest6  (cost=0.43..10.58 rows=107 width=4)
	  Index Cond: ((k >= 8864583) AND (k <= 8864683))

table 7 : explain SELECT k FROM sbtest7 WHERE k BETWEEN 8864583 AND 8864683
	Index Only Scan using k_7 on sbtest7  (cost=0.43..10.47 rows=102 width=4)
	  Index Cond: ((k >= 8864583) AND (k <= 8864683))

table 8 : explain SELECT k FROM sbtest8 WHERE k BETWEEN 8864583 AND 8864683
	Index Only Scan using k_8 on sbtest8  (cost=0.43..6.61 rows=109 width=4)
	  Index Cond: ((k >= 8864583) AND (k <= 8864683))

explain: for range-covered :: explain SELECT k FROM sbtest%d WHERE k BETWEEN 2931917 AND 2932017
explain: for range-covered :: explain SELECT k FROM sbtest%d WHERE k BETWEEN 7048802 AND 7048902
explain: for range-covered :: explain SELECT k FROM sbtest%d WHERE k BETWEEN 8864583 AND 8864683
for range-covered
table 1 : explain SELECT k FROM sbtest1 WHERE k BETWEEN 3827234 AND 3827334
	Index Only Scan using k_1 on sbtest1  (cost=0.43..6.51 rows=104 width=4)
	  Index Cond: ((k >= 3827234) AND (k <= 3827334))

table 2 : explain SELECT k FROM sbtest2 WHERE k BETWEEN 3827234 AND 3827334
	Index Only Scan using k_2 on sbtest2  (cost=0.43..6.58 rows=107 width=4)
	  Index Cond: ((k >= 3827234) AND (k <= 3827334))

table 3 : explain SELECT k FROM sbtest3 WHERE k BETWEEN 3827234 AND 3827334
	Index Only Scan using k_3 on sbtest3  (cost=0.43..10.26 rows=91 width=4)
	  Index Cond: ((k >= 3827234) AND (k <= 3827334))

table 4 : explain SELECT k FROM sbtest4 WHERE k BETWEEN 3827234 AND 3827334
	Index Only Scan using k_4 on sbtest4  (cost=0.43..6.47 rows=102 width=4)
	  Index Cond: ((k >= 3827234) AND (k <= 3827334))

table 5 : explain SELECT k FROM sbtest5 WHERE k BETWEEN 3827234 AND 3827334
	Index Only Scan using k_5 on sbtest5  (cost=0.43..6.59 rows=108 width=4)
	  Index Cond: ((k >= 3827234) AND (k <= 3827334))

table 6 : explain SELECT k FROM sbtest6 WHERE k BETWEEN 3827234 AND 3827334
	Index Only Scan using k_6 on sbtest6  (cost=0.43..10.29 rows=93 width=4)
	  Index Cond: ((k >= 3827234) AND (k <= 3827334))

table 7 : explain SELECT k FROM sbtest7 WHERE k BETWEEN 3827234 AND 3827334
	Index Only Scan using k_7 on sbtest7  (cost=0.43..10.33 rows=95 width=4)
	  Index Cond: ((k >= 3827234) AND (k <= 3827334))

table 8 : explain SELECT k FROM sbtest8 WHERE k BETWEEN 3827234 AND 3827334
	Index Only Scan using k_8 on sbtest8  (cost=0.43..6.37 rows=97 width=4)
	  Index Cond: ((k >= 3827234) AND (k <= 3827334))

explain: for range-covered :: explain SELECT k FROM sbtest%d WHERE k BETWEEN 4339029 AND 4339129
explain: for range-covered :: explain SELECT k FROM sbtest%d WHERE k BETWEEN 3827234 AND 3827334explain: for range-covered :: explain SELECT k FROM sbtest%d WHERE k BETWEEN 4184822 AND 4184922

for range-covered
table 1 : explain SELECT k FROM sbtest1 WHERE k BETWEEN 6113440 AND 6113540
	Index Only Scan using k_1 on sbtest1  (cost=0.43..6.37 rows=97 width=4)
	  Index Cond: ((k >= 6113440) AND (k <= 6113540))

table 2 : explain SELECT k FROM sbtest2 WHERE k BETWEEN 6113440 AND 6113540
	Index Only Scan using k_2 on sbtest2  (cost=0.43..6.56 rows=106 width=4)
	  Index Cond: ((k >= 6113440) AND (k <= 6113540))

table 3 : explain SELECT k FROM sbtest3 WHERE k BETWEEN 6113440 AND 6113540
	Index Only Scan using k_3 on sbtest3  (cost=0.43..10.46 rows=101 width=4)
	  Index Cond: ((k >= 6113440) AND (k <= 6113540))

table 4 : explain SELECT k FROM sbtest4 WHERE k BETWEEN 6113440 AND 6113540
	Index Only Scan using k_4 on sbtest4  (cost=0.43..6.27 rows=92 width=4)
	  Index Cond: ((k >= 6113440) AND (k <= 6113540))

table 5 : explain SELECT k FROM sbtest5 WHERE k BETWEEN 6113440 AND 6113540
	Index Only Scan using k_5 on sbtest5  (cost=0.43..6.51 rows=104 width=4)
	  Index Cond: ((k >= 6113440) AND (k <= 6113540))

table 6 : explain SELECT k FROM sbtest6 WHERE k BETWEEN 6113440 AND 6113540
	Index Only Scan using k_6 on sbtest6  (cost=0.43..10.72 rows=114 width=4)
	  Index Cond: ((k >= 6113440) AND (k <= 6113540))

table 7 : explain SELECT k FROM sbtest7 WHERE k BETWEEN 6113440 AND 6113540
	Index Only Scan using k_7 on sbtest7  (cost=0.43..10.50 rows=103 width=4)
	  Index Cond: ((k >= 6113440) AND (k <= 6113540))

table 8 : explain SELECT k FROM sbtest8 WHERE k BETWEEN 6113440 AND 6113540
	Index Only Scan using k_8 on sbtest8  (cost=0.43..6.58 rows=107 width=4)
	  Index Cond: ((k >= 6113440) AND (k <= 6113540))

explain: for range-covered :: explain SELECT k FROM sbtest%d WHERE k BETWEEN 6113440 AND 6113540
for range-covered
table 1 : explain SELECT k FROM sbtest1 WHERE k BETWEEN 9156520 AND 9156620
	Index Only Scan using k_1 on sbtest1  (cost=0.43..6.45 rows=101 width=4)
	  Index Cond: ((k >= 9156520) AND (k <= 9156620))

table 2 : explain SELECT k FROM sbtest2 WHERE k BETWEEN 9156520 AND 9156620
	Index Only Scan using k_2 on sbtest2  (cost=0.43..6.43 rows=100 width=4)
	  Index Cond: ((k >= 9156520) AND (k <= 9156620))

table 3 : explain SELECT k FROM sbtest3 WHERE k BETWEEN 9156520 AND 9156620
	Index Only Scan using k_3 on sbtest3  (cost=0.43..10.44 rows=100 width=4)
	  Index Cond: ((k >= 9156520) AND (k <= 9156620))

table 4 : explain SELECT k FROM sbtest4 WHERE k BETWEEN 9156520 AND 9156620
	Index Only Scan using k_4 on sbtest4  (cost=0.43..6.51 rows=104 width=4)
	  Index Cond: ((k >= 9156520) AND (k <= 9156620))

table 5 : explain SELECT k FROM sbtest5 WHERE k BETWEEN 9156520 AND 9156620
	Index Only Scan using k_5 on sbtest5  (cost=0.43..6.43 rows=100 width=4)
	  Index Cond: ((k >= 9156520) AND (k <= 9156620))

table 6 : explain SELECT k FROM sbtest6 WHERE k BETWEEN 9156520 AND 9156620
	Index Only Scan using k_6 on sbtest6  (cost=0.43..10.60 rows=108 width=4)
	  Index Cond: ((k >= 9156520) AND (k <= 9156620))

table 7 : explain SELECT k FROM sbtest7 WHERE k BETWEEN 9156520 AND 9156620
	Index Only Scan using k_7 on sbtest7  (cost=0.43..10.60 rows=108 width=4)
	  Index Cond: ((k >= 9156520) AND (k <= 9156620))

table 8 : explain SELECT k FROM sbtest8 WHERE k BETWEEN 9156520 AND 9156620
	Index Only Scan using k_8 on sbtest8  (cost=0.43..6.83 rows=120 width=4)
	  Index Cond: ((k >= 9156520) AND (k <= 9156620))

for range-covered
table 1 : explain SELECT k FROM sbtest1 WHERE k BETWEEN 800106 AND 800206
	Index Only Scan using k_1 on sbtest1  (cost=0.43..6.35 rows=96 width=4)
	  Index Cond: ((k >= 800106) AND (k <= 800206))

table 2 : explain SELECT k FROM sbtest2 WHERE k BETWEEN 800106 AND 800206
	Index Only Scan using k_2 on sbtest2  (cost=0.43..6.35 rows=96 width=4)
	  Index Cond: ((k >= 800106) AND (k <= 800206))

table 3 : explain SELECT k FROM sbtest3 WHERE k BETWEEN 800106 AND 800206
	Index Only Scan using k_3 on sbtest3  (cost=0.43..10.60 rows=108 width=4)
	  Index Cond: ((k >= 800106) AND (k <= 800206))

table 4 : explain SELECT k FROM sbtest4 WHERE k BETWEEN 800106 AND 800206
	Index Only Scan using k_4 on sbtest4  (cost=0.43..6.45 rows=101 width=4)
	  Index Cond: ((k >= 800106) AND (k <= 800206))

table 5 : explain SELECT k FROM sbtest5 WHERE k BETWEEN 800106 AND 800206
	Index Only Scan using k_5 on sbtest5  (cost=0.43..6.42 rows=99 width=4)
	  Index Cond: ((k >= 800106) AND (k <= 800206))

table 6 : explain SELECT k FROM sbtest6 WHERE k BETWEEN 800106 AND 800206
	Index Only Scan using k_6 on sbtest6  (cost=0.43..10.46 rows=101 width=4)
	  Index Cond: ((k >= 800106) AND (k <= 800206))

table 7 : explain SELECT k FROM sbtest7 WHERE k BETWEEN 800106 AND 800206
	Index Only Scan using k_7 on sbtest7  (cost=0.43..10.44 rows=100 width=4)
	  Index Cond: ((k >= 800106) AND (k <= 800206))

table 8 : explain SELECT k FROM sbtest8 WHERE k BETWEEN 800106 AND 800206
	Index Only Scan using k_8 on sbtest8  (cost=0.43..6.53 rows=105 width=4)
	  Index Cond: ((k >= 800106) AND (k <= 800206))

explain: for range-covered :: explain SELECT k FROM sbtest%d WHERE k BETWEEN 9156520 AND 9156620
for range-covered
table 1 : explain SELECT k FROM sbtest1 WHERE k BETWEEN 7048802 AND 7048902
	Index Only Scan using k_1 on sbtest1  (cost=0.43..6.50 rows=103 width=4)
	  Index Cond: ((k >= 7048802) AND (k <= 7048902))

table 2 : explain SELECT k FROM sbtest2 WHERE k BETWEEN 7048802 AND 7048902
	Index Only Scan using k_2 on sbtest2  (cost=0.43..6.45 rows=101 width=4)
	  Index Cond: ((k >= 7048802) AND (k <= 7048902))

table 3 : explain SELECT k FROM sbtest3 WHERE k BETWEEN 7048802 AND 7048902
	Index Only Scan using k_3 on sbtest3  (cost=0.43..10.65 rows=111 width=4)
	  Index Cond: ((k >= 7048802) AND (k <= 7048902))

table 4 : explain SELECT k FROM sbtest4 WHERE k BETWEEN 7048802 AND 7048902
	Index Only Scan using k_4 on sbtest4  (cost=0.43..6.61 rows=109 width=4)
	  Index Cond: ((k >= 7048802) AND (k <= 7048902))

table 5 : explain SELECT k FROM sbtest5 WHERE k BETWEEN 7048802 AND 7048902
	Index Only Scan using k_5 on sbtest5  (cost=0.43..6.56 rows=106 width=4)
	  Index Cond: ((k >= 7048802) AND (k <= 7048902))

table 6 : explain SELECT k FROM sbtest6 WHERE k BETWEEN 7048802 AND 7048902
	Index Only Scan using k_6 on sbtest6  (cost=0.43..10.32 rows=94 width=4)
	  Index Cond: ((k >= 7048802) AND (k <= 7048902))

table 7 : explain SELECT k FROM sbtest7 WHERE k BETWEEN 7048802 AND 7048902
	Index Only Scan using k_7 on sbtest7  (cost=0.43..10.44 rows=100 width=4)
	  Index Cond: ((k >= 7048802) AND (k <= 7048902))

table 8 : explain SELECT k FROM sbtest8 WHERE k BETWEEN 7048802 AND 7048902
	Index Only Scan using k_8 on sbtest8  (cost=0.43..6.56 rows=106 width=4)
	  Index Cond: ((k >= 7048802) AND (k <= 7048902))

for range-covered
table 1 : explain SELECT k FROM sbtest1 WHERE k BETWEEN 2931917 AND 2932017
	Index Only Scan using k_1 on sbtest1  (cost=0.43..6.27 rows=92 width=4)
	  Index Cond: ((k >= 2931917) AND (k <= 2932017))

table 2 : explain SELECT k FROM sbtest2 WHERE k BETWEEN 2931917 AND 2932017
	Index Only Scan using k_2 on sbtest2  (cost=0.43..6.50 rows=103 width=4)
	  Index Cond: ((k >= 2931917) AND (k <= 2932017))

table 3 : explain SELECT k FROM sbtest3 WHERE k BETWEEN 2931917 AND 2932017
	Index Only Scan using k_3 on sbtest3  (cost=0.43..10.44 rows=100 width=4)
	  Index Cond: ((k >= 2931917) AND (k <= 2932017))

table 4 : explain SELECT k FROM sbtest4 WHERE k BETWEEN 2931917 AND 2932017
	Index Only Scan using k_4 on sbtest4  (cost=0.43..6.35 rows=96 width=4)
	  Index Cond: ((k >= 2931917) AND (k <= 2932017))

table 5 : explain SELECT k FROM sbtest5 WHERE k BETWEEN 2931917 AND 2932017
	Index Only Scan using k_5 on sbtest5  (cost=0.43..6.43 rows=100 width=4)
	  Index Cond: ((k >= 2931917) AND (k <= 2932017))

table 6 : explain SELECT k FROM sbtest6 WHERE k BETWEEN 2931917 AND 2932017
	Index Only Scan using k_6 on sbtest6  (cost=0.43..10.36 rows=96 width=4)
	  Index Cond: ((k >= 2931917) AND (k <= 2932017))

table 7 : explain SELECT k FROM sbtest7 WHERE k BETWEEN 2931917 AND 2932017
	Index Only Scan using k_7 on sbtest7  (cost=0.43..10.54 rows=105 width=4)
	  Index Cond: ((k >= 2931917) AND (k <= 2932017))

table 8 : explain SELECT k FROM sbtest8 WHERE k BETWEEN 2931917 AND 2932017
	Index Only Scan using k_8 on sbtest8  (cost=0.43..6.63 rows=110 width=4)
	  Index Cond: ((k >= 2931917) AND (k <= 2932017))

explain: for range-covered :: explain SELECT k FROM sbtest%d WHERE k BETWEEN 7048802 AND 7048902
explain: for range-covered :: explain SELECT k FROM sbtest%d WHERE k BETWEEN 800106 AND 800206
explain: for range-covered :: explain SELECT k FROM sbtest%d WHERE k BETWEEN 2931917 AND 2932017
for range-covered
table 1 : explain SELECT k FROM sbtest1 WHERE k BETWEEN 4339029 AND 4339129
	Index Only Scan using k_1 on sbtest1  (cost=0.43..6.35 rows=96 width=4)
	  Index Cond: ((k >= 4339029) AND (k <= 4339129))

table 2 : explain SELECT k FROM sbtest2 WHERE k BETWEEN 4339029 AND 4339129
	Index Only Scan using k_2 on sbtest2  (cost=0.43..6.63 rows=110 width=4)
	  Index Cond: ((k >= 4339029) AND (k <= 4339129))

table 3 : explain SELECT k FROM sbtest3 WHERE k BETWEEN 4339029 AND 4339129
	Index Only Scan using k_3 on sbtest3  (cost=0.43..10.54 rows=105 width=4)
	  Index Cond: ((k >= 4339029) AND (k <= 4339129))

table 4 : explain SELECT k FROM sbtest4 WHERE k BETWEEN 4339029 AND 4339129
	Index Only Scan using k_4 on sbtest4  (cost=0.43..6.61 rows=109 width=4)
	  Index Cond: ((k >= 4339029) AND (k <= 4339129))

table 5 : explain SELECT k FROM sbtest5 WHERE k BETWEEN 4339029 AND 4339129
	Index Only Scan using k_5 on sbtest5  (cost=0.43..6.47 rows=102 width=4)
	  Index Cond: ((k >= 4339029) AND (k <= 4339129))

table 6 : explain SELECT k FROM sbtest6 WHERE k BETWEEN 4339029 AND 4339129
	Index Only Scan using k_6 on sbtest6  (cost=0.43..10.51 rows=104 width=4)
	  Index Cond: ((k >= 4339029) AND (k <= 4339129))

table 7 : explain SELECT k FROM sbtest7 WHERE k BETWEEN 4339029 AND 4339129
	Index Only Scan using k_7 on sbtest7  (cost=0.43..10.94 rows=125 width=4)
	  Index Cond: ((k >= 4339029) AND (k <= 4339129))

table 8 : explain SELECT k FROM sbtest8 WHERE k BETWEEN 4339029 AND 4339129
	Index Only Scan using k_8 on sbtest8  (cost=0.43..6.25 rows=91 width=4)
	  Index Cond: ((k >= 4339029) AND (k <= 4339129))

for range-covered
table 1 : explain SELECT k FROM sbtest1 WHERE k BETWEEN 3827234 AND 3827334
	Index Only Scan using k_1 on sbtest1  (cost=0.43..6.51 rows=104 width=4)
	  Index Cond: ((k >= 3827234) AND (k <= 3827334))

table 2 : explain SELECT k FROM sbtest2 WHERE k BETWEEN 3827234 AND 3827334
	Index Only Scan using k_2 on sbtest2  (cost=0.43..6.58 rows=107 width=4)
	  Index Cond: ((k >= 3827234) AND (k <= 3827334))

table 3 : explain SELECT k FROM sbtest3 WHERE k BETWEEN 3827234 AND 3827334
	Index Only Scan using k_3 on sbtest3  (cost=0.43..10.26 rows=91 width=4)
	  Index Cond: ((k >= 3827234) AND (k <= 3827334))

table 4 : explain SELECT k FROM sbtest4 WHERE k BETWEEN 3827234 AND 3827334
	Index Only Scan using k_4 on sbtest4  (cost=0.43..6.47 rows=102 width=4)
	  Index Cond: ((k >= 3827234) AND (k <= 3827334))

table 5 : explain SELECT k FROM sbtest5 WHERE k BETWEEN 3827234 AND 3827334
	Index Only Scan using k_5 on sbtest5  (cost=0.43..6.59 rows=108 width=4)
	  Index Cond: ((k >= 3827234) AND (k <= 3827334))

table 6 : explain SELECT k FROM sbtest6 WHERE k BETWEEN 3827234 AND 3827334
	Index Only Scan using k_6 on sbtest6  (cost=0.43..10.29 rows=93 width=4)
	  Index Cond: ((k >= 3827234) AND (k <= 3827334))

table 7 : explain SELECT k FROM sbtest7 WHERE k BETWEEN 3827234 AND 3827334
	Index Only Scan using k_7 on sbtest7  (cost=0.43..10.33 rows=95 width=4)
	  Index Cond: ((k >= 3827234) AND (k <= 3827334))

table 8 : explain SELECT k FROM sbtest8 WHERE k BETWEEN 3827234 AND 3827334
	Index Only Scan using k_8 on sbtest8  (cost=0.43..6.37 rows=97 width=4)
	  Index Cond: ((k >= 3827234) AND (k <= 3827334))

explain: for range-covered :: explain SELECT k FROM sbtest%d WHERE k BETWEEN 4339029 AND 4339129
explain: for range-covered :: explain SELECT k FROM sbtest%d WHERE k BETWEEN 3827234 AND 3827334
for range-covered
table 1 : explain SELECT k FROM sbtest1 WHERE k BETWEEN 6113440 AND 6113540
	Index Only Scan using k_1 on sbtest1  (cost=0.43..6.37 rows=97 width=4)
	  Index Cond: ((k >= 6113440) AND (k <= 6113540))

table 2 : explain SELECT k FROM sbtest2 WHERE k BETWEEN 6113440 AND 6113540
	Index Only Scan using k_2 on sbtest2  (cost=0.43..6.56 rows=106 width=4)
	  Index Cond: ((k >= 6113440) AND (k <= 6113540))

table 3 : explain SELECT k FROM sbtest3 WHERE k BETWEEN 6113440 AND 6113540
	Index Only Scan using k_3 on sbtest3  (cost=0.43..10.46 rows=101 width=4)
	  Index Cond: ((k >= 6113440) AND (k <= 6113540))

table 4 : explain SELECT k FROM sbtest4 WHERE k BETWEEN 6113440 AND 6113540
	Index Only Scan using k_4 on sbtest4  (cost=0.43..6.27 rows=92 width=4)
	  Index Cond: ((k >= 6113440) AND (k <= 6113540))

table 5 : explain SELECT k FROM sbtest5 WHERE k BETWEEN 6113440 AND 6113540
	Index Only Scan using k_5 on sbtest5  (cost=0.43..6.51 rows=104 width=4)
	  Index Cond: ((k >= 6113440) AND (k <= 6113540))

table 6 : explain SELECT k FROM sbtest6 WHERE k BETWEEN 6113440 AND 6113540
	Index Only Scan using k_6 on sbtest6  (cost=0.43..10.72 rows=114 width=4)
	  Index Cond: ((k >= 6113440) AND (k <= 6113540))

table 7 : explain SELECT k FROM sbtest7 WHERE k BETWEEN 6113440 AND 6113540
	Index Only Scan using k_7 on sbtest7  (cost=0.43..10.50 rows=103 width=4)
	  Index Cond: ((k >= 6113440) AND (k <= 6113540))

table 8 : explain SELECT k FROM sbtest8 WHERE k BETWEEN 6113440 AND 6113540
	Index Only Scan using k_8 on sbtest8  (cost=0.43..6.58 rows=107 width=4)
	  Index Cond: ((k >= 6113440) AND (k <= 6113540))

explain: for range-covered :: explain SELECT k FROM sbtest%d WHERE k BETWEEN 6113440 AND 6113540
for range-covered
table 1 : explain SELECT k FROM sbtest1 WHERE k BETWEEN 8864583 AND 8864683
	Index Only Scan using k_1 on sbtest1  (cost=0.43..6.42 rows=99 width=4)
	  Index Cond: ((k >= 8864583) AND (k <= 8864683))

table 2 : explain SELECT k FROM sbtest2 WHERE k BETWEEN 8864583 AND 8864683
	Index Only Scan using k_2 on sbtest2  (cost=0.43..6.33 rows=95 width=4)
	  Index Cond: ((k >= 8864583) AND (k <= 8864683))

table 3 : explain SELECT k FROM sbtest3 WHERE k BETWEEN 8864583 AND 8864683
	Index Only Scan using k_3 on sbtest3  (cost=0.43..10.24 rows=90 width=4)
	  Index Cond: ((k >= 8864583) AND (k <= 8864683))

table 4 : explain SELECT k FROM sbtest4 WHERE k BETWEEN 8864583 AND 8864683
	Index Only Scan using k_4 on sbtest4  (cost=0.43..6.33 rows=95 width=4)
	  Index Cond: ((k >= 8864583) AND (k <= 8864683))

table 5 : explain SELECT k FROM sbtest5 WHERE k BETWEEN 8864583 AND 8864683
	Index Only Scan using k_5 on sbtest5  (cost=0.43..6.42 rows=99 width=4)
	  Index Cond: ((k >= 8864583) AND (k <= 8864683))

table 6 : explain SELECT k FROM sbtest6 WHERE k BETWEEN 8864583 AND 8864683
	Index Only Scan using k_6 on sbtest6  (cost=0.43..10.58 rows=107 width=4)
	  Index Cond: ((k >= 8864583) AND (k <= 8864683))

table 7 : explain SELECT k FROM sbtest7 WHERE k BETWEEN 8864583 AND 8864683
	Index Only Scan using k_7 on sbtest7  (cost=0.43..10.47 rows=102 width=4)
	  Index Cond: ((k >= 8864583) AND (k <= 8864683))

table 8 : explain SELECT k FROM sbtest8 WHERE k BETWEEN 8864583 AND 8864683
	Index Only Scan using k_8 on sbtest8  (cost=0.43..6.61 rows=109 width=4)
	  Index Cond: ((k >= 8864583) AND (k <= 8864683))

for range-covered
table 1 : explain SELECT k FROM sbtest1 WHERE k BETWEEN 7048802 AND 7048902
	Index Only Scan using k_1 on sbtest1  (cost=0.43..6.50 rows=103 width=4)
	  Index Cond: ((k >= 7048802) AND (k <= 7048902))

table 2 : explain SELECT k FROM sbtest2 WHERE k BETWEEN 7048802 AND 7048902
	Index Only Scan using k_2 on sbtest2  (cost=0.43..6.45 rows=101 width=4)
	  Index Cond: ((k >= 7048802) AND (k <= 7048902))

table 3 : explain SELECT k FROM sbtest3 WHERE k BETWEEN 7048802 AND 7048902
	Index Only Scan using k_3 on sbtest3  (cost=0.43..10.65 rows=111 width=4)
	  Index Cond: ((k >= 7048802) AND (k <= 7048902))

table 4 : explain SELECT k FROM sbtest4 WHERE k BETWEEN 7048802 AND 7048902
	Index Only Scan using k_4 on sbtest4  (cost=0.43..6.61 rows=109 width=4)
	  Index Cond: ((k >= 7048802) AND (k <= 7048902))

table 5 : explain SELECT k FROM sbtest5 WHERE k BETWEEN 7048802 AND 7048902
	Index Only Scan using k_5 on sbtest5  (cost=0.43..6.56 rows=106 width=4)
	  Index Cond: ((k >= 7048802) AND (k <= 7048902))

table 6 : explain SELECT k FROM sbtest6 WHERE k BETWEEN 7048802 AND 7048902
	Index Only Scan using k_6 on sbtest6  (cost=0.43..10.32 rows=94 width=4)
	  Index Cond: ((k >= 7048802) AND (k <= 7048902))

table 7 : explain SELECT k FROM sbtest7 WHERE k BETWEEN 7048802 AND 7048902
	Index Only Scan using k_7 on sbtest7  (cost=0.43..10.44 rows=100 width=4)
	  Index Cond: ((k >= 7048802) AND (k <= 7048902))

table 8 : explain SELECT k FROM sbtest8 WHERE k BETWEEN 7048802 AND 7048902
	Index Only Scan using k_8 on sbtest8  (cost=0.43..6.56 rows=106 width=4)
	  Index Cond: ((k >= 7048802) AND (k <= 7048902))

for range-covered
table 1 : explain SELECT k FROM sbtest1 WHERE k BETWEEN 2931917 AND 2932017
	Index Only Scan using k_1 on sbtest1  (cost=0.43..6.27 rows=92 width=4)
	  Index Cond: ((k >= 2931917) AND (k <= 2932017))

table 2 : explain SELECT k FROM sbtest2 WHERE k BETWEEN 2931917 AND 2932017
	Index Only Scan using k_2 on sbtest2  (cost=0.43..6.50 rows=103 width=4)
	  Index Cond: ((k >= 2931917) AND (k <= 2932017))

table 3 : explain SELECT k FROM sbtest3 WHERE k BETWEEN 2931917 AND 2932017
	Index Only Scan using k_3 on sbtest3  (cost=0.43..10.44 rows=100 width=4)
	  Index Cond: ((k >= 2931917) AND (k <= 2932017))

table 4 : explain SELECT k FROM sbtest4 WHERE k BETWEEN 2931917 AND 2932017
	Index Only Scan using k_4 on sbtest4  (cost=0.43..6.35 rows=96 width=4)
	  Index Cond: ((k >= 2931917) AND (k <= 2932017))

table 5 : explain SELECT k FROM sbtest5 WHERE k BETWEEN 2931917 AND 2932017
	Index Only Scan using k_5 on sbtest5  (cost=0.43..6.43 rows=100 width=4)
	  Index Cond: ((k >= 2931917) AND (k <= 2932017))

table 6 : explain SELECT k FROM sbtest6 WHERE k BETWEEN 2931917 AND 2932017
	Index Only Scan using k_6 on sbtest6  (cost=0.43..10.36 rows=96 width=4)
	  Index Cond: ((k >= 2931917) AND (k <= 2932017))

table 7 : explain SELECT k FROM sbtest7 WHERE k BETWEEN 2931917 AND 2932017
	Index Only Scan using k_7 on sbtest7  (cost=0.43..10.54 rows=105 width=4)
	  Index Cond: ((k >= 2931917) AND (k <= 2932017))

table 8 : explain SELECT k FROM sbtest8 WHERE k BETWEEN 2931917 AND 2932017
	Index Only Scan using k_8 on sbtest8  (cost=0.43..6.63 rows=110 width=4)
	  Index Cond: ((k >= 2931917) AND (k <= 2932017))

explain: for range-covered :: explain SELECT k FROM sbtest%d WHERE k BETWEEN 7048802 AND 7048902
explain: for range-covered :: explain SELECT k FROM sbtest%d WHERE k BETWEEN 8864583 AND 8864683
explain: for range-covered :: explain SELECT k FROM sbtest%d WHERE k BETWEEN 2931917 AND 2932017
for range-covered
table 1 : explain SELECT k FROM sbtest1 WHERE k BETWEEN 3827234 AND 3827334
	Index Only Scan using k_1 on sbtest1  (cost=0.43..6.51 rows=104 width=4)
	  Index Cond: ((k >= 3827234) AND (k <= 3827334))

table 2 : explain SELECT k FROM sbtest2 WHERE k BETWEEN 3827234 AND 3827334
	Index Only Scan using k_2 on sbtest2  (cost=0.43..6.58 rows=107 width=4)
	  Index Cond: ((k >= 3827234) AND (k <= 3827334))

table 3 : explain SELECT k FROM sbtest3 WHERE k BETWEEN 3827234 AND 3827334
	Index Only Scan using k_3 on sbtest3  (cost=0.43..10.26 rows=91 width=4)
	  Index Cond: ((k >= 3827234) AND (k <= 3827334))

table 4 : explain SELECT k FROM sbtest4 WHERE k BETWEEN 3827234 AND 3827334
	Index Only Scan using k_4 on sbtest4  (cost=0.43..6.47 rows=102 width=4)
	  Index Cond: ((k >= 3827234) AND (k <= 3827334))

table 5 : explain SELECT k FROM sbtest5 WHERE k BETWEEN 3827234 AND 3827334
	Index Only Scan using k_5 on sbtest5  (cost=0.43..6.59 rows=108 width=4)
	  Index Cond: ((k >= 3827234) AND (k <= 3827334))

table 6 : explain SELECT k FROM sbtest6 WHERE k BETWEEN 3827234 AND 3827334
	Index Only Scan using k_6 on sbtest6  (cost=0.43..10.29 rows=93 width=4)
	  Index Cond: ((k >= 3827234) AND (k <= 3827334))

table 7 : explain SELECT k FROM sbtest7 WHERE k BETWEEN 3827234 AND 3827334
	Index Only Scan using k_7 on sbtest7  (cost=0.43..10.33 rows=95 width=4)
	  Index Cond: ((k >= 3827234) AND (k <= 3827334))

table 8 : explain SELECT k FROM sbtest8 WHERE k BETWEEN 3827234 AND 3827334
	Index Only Scan using k_8 on sbtest8  (cost=0.43..6.37 rows=97 width=4)
	  Index Cond: ((k >= 3827234) AND (k <= 3827334))

for range-covered
table 1 : explain SELECT k FROM sbtest1 WHERE k BETWEEN 4339029 AND 4339129
	Index Only Scan using k_1 on sbtest1  (cost=0.43..6.35 rows=96 width=4)
	  Index Cond: ((k >= 4339029) AND (k <= 4339129))

table 2 : explain SELECT k FROM sbtest2 WHERE k BETWEEN 4339029 AND 4339129
	Index Only Scan using k_2 on sbtest2  (cost=0.43..6.63 rows=110 width=4)
	  Index Cond: ((k >= 4339029) AND (k <= 4339129))

table 3 : explain SELECT k FROM sbtest3 WHERE k BETWEEN 4339029 AND 4339129
	Index Only Scan using k_3 on sbtest3  (cost=0.43..10.54 rows=105 width=4)
	  Index Cond: ((k >= 4339029) AND (k <= 4339129))

table 4 : explain SELECT k FROM sbtest4 WHERE k BETWEEN 4339029 AND 4339129
	Index Only Scan using k_4 on sbtest4  (cost=0.43..6.61 rows=109 width=4)
	  Index Cond: ((k >= 4339029) AND (k <= 4339129))

table 5 : explain SELECT k FROM sbtest5 WHERE k BETWEEN 4339029 AND 4339129
	Index Only Scan using k_5 on sbtest5  (cost=0.43..6.47 rows=102 width=4)
	  Index Cond: ((k >= 4339029) AND (k <= 4339129))

table 6 : explain SELECT k FROM sbtest6 WHERE k BETWEEN 4339029 AND 4339129
	Index Only Scan using k_6 on sbtest6  (cost=0.43..10.51 rows=104 width=4)
	  Index Cond: ((k >= 4339029) AND (k <= 4339129))

table 7 : explain SELECT k FROM sbtest7 WHERE k BETWEEN 4339029 AND 4339129
	Index Only Scan using k_7 on sbtest7  (cost=0.43..10.94 rows=125 width=4)
	  Index Cond: ((k >= 4339029) AND (k <= 4339129))

table 8 : explain SELECT k FROM sbtest8 WHERE k BETWEEN 4339029 AND 4339129
	Index Only Scan using k_8 on sbtest8  (cost=0.43..6.25 rows=91 width=4)
	  Index Cond: ((k >= 4339029) AND (k <= 4339129))

explain: for range-covered :: explain SELECT k FROM sbtest%d WHERE k BETWEEN 3827234 AND 3827334
for range-covered
table 1 : explain SELECT k FROM sbtest1 WHERE k BETWEEN 6113440 AND 6113540
	Index Only Scan using k_1 on sbtest1  (cost=0.43..6.37 rows=97 width=4)
	  Index Cond: ((k >= 6113440) AND (k <= 6113540))

table 2 : explain SELECT k FROM sbtest2 WHERE k BETWEEN 6113440 AND 6113540
	Index Only Scan using k_2 on sbtest2  (cost=0.43..6.56 rows=106 width=4)
	  Index Cond: ((k >= 6113440) AND (k <= 6113540))

table 3 : explain SELECT k FROM sbtest3 WHERE k BETWEEN 6113440 AND 6113540
	Index Only Scan using k_3 on sbtest3  (cost=0.43..10.46 rows=101 width=4)
	  Index Cond: ((k >= 6113440) AND (k <= 6113540))

table 4 : explain SELECT k FROM sbtest4 WHERE k BETWEEN 6113440 AND 6113540
	Index Only Scan using k_4 on sbtest4  (cost=0.43..6.27 rows=92 width=4)
	  Index Cond: ((k >= 6113440) AND (k <= 6113540))

table 5 : explain SELECT k FROM sbtest5 WHERE k BETWEEN 6113440 AND 6113540
	Index Only Scan using k_5 on sbtest5  (cost=0.43..6.51 rows=104 width=4)
	  Index Cond: ((k >= 6113440) AND (k <= 6113540))

table 6 : explain SELECT k FROM sbtest6 WHERE k BETWEEN 6113440 AND 6113540
	Index Only Scan using k_6 on sbtest6  (cost=0.43..10.72 rows=114 width=4)
	  Index Cond: ((k >= 6113440) AND (k <= 6113540))

table 7 : explain SELECT k FROM sbtest7 WHERE k BETWEEN 6113440 AND 6113540
	Index Only Scan using k_7 on sbtest7  (cost=0.43..10.50 rows=103 width=4)
	  Index Cond: ((k >= 6113440) AND (k <= 6113540))

table 8 : explain SELECT k FROM sbtest8 WHERE k BETWEEN 6113440 AND 6113540
	Index Only Scan using k_8 on sbtest8  (cost=0.43..6.58 rows=107 width=4)
	  Index Cond: ((k >= 6113440) AND (k <= 6113540))

for range-covered
table 1 : explain SELECT k FROM sbtest1 WHERE k BETWEEN 4012442 AND 4012542
	Index Only Scan using k_1 on sbtest1  (cost=0.43..6.27 rows=92 width=4)
	  Index Cond: ((k >= 4012442) AND (k <= 4012542))

table 2 : explain SELECT k FROM sbtest2 WHERE k BETWEEN 4012442 AND 4012542
	Index Only Scan using k_2 on sbtest2  (cost=0.43..6.50 rows=103 width=4)
	  Index Cond: ((k >= 4012442) AND (k <= 4012542))

table 3 : explain SELECT k FROM sbtest3 WHERE k BETWEEN 4012442 AND 4012542
	Index Only Scan using k_3 on sbtest3  (cost=0.43..10.63 rows=110 width=4)
	  Index Cond: ((k >= 4012442) AND (k <= 4012542))

table 4 : explain SELECT k FROM sbtest4 WHERE k BETWEEN 4012442 AND 4012542
	Index Only Scan using k_4 on sbtest4  (cost=0.43..6.74 rows=115 width=4)
	  Index Cond: ((k >= 4012442) AND (k <= 4012542))

table 5 : explain SELECT k FROM sbtest5 WHERE k BETWEEN 4012442 AND 4012542
	Index Only Scan using k_5 on sbtest5  (cost=0.43..6.63 rows=110 width=4)
	  Index Cond: ((k >= 4012442) AND (k <= 4012542))

table 6 : explain SELECT k FROM sbtest6 WHERE k BETWEEN 4012442 AND 4012542
	Index Only Scan using k_6 on sbtest6  (cost=0.43..10.54 rows=105 width=4)
	  Index Cond: ((k >= 4012442) AND (k <= 4012542))

table 7 : explain SELECT k FROM sbtest7 WHERE k BETWEEN 4012442 AND 4012542
	Index Only Scan using k_7 on sbtest7  (cost=0.43..10.63 rows=110 width=4)
	  Index Cond: ((k >= 4012442) AND (k <= 4012542))

table 8 : explain SELECT k FROM sbtest8 WHERE k BETWEEN 4012442 AND 4012542
	Index Only Scan using k_8 on sbtest8  (cost=0.43..6.58 rows=107 width=4)
	  Index Cond: ((k >= 4012442) AND (k <= 4012542))

for range-covered
table 1 : explain SELECT k FROM sbtest1 WHERE k BETWEEN 7048802 AND 7048902
	Index Only Scan using k_1 on sbtest1  (cost=0.43..6.50 rows=103 width=4)
	  Index Cond: ((k >= 7048802) AND (k <= 7048902))

table 2 : explain SELECT k FROM sbtest2 WHERE k BETWEEN 7048802 AND 7048902
	Index Only Scan using k_2 on sbtest2  (cost=0.43..6.45 rows=101 width=4)
	  Index Cond: ((k >= 7048802) AND (k <= 7048902))

table 3 : explain SELECT k FROM sbtest3 WHERE k BETWEEN 7048802 AND 7048902
	Index Only Scan using k_3 on sbtest3  (cost=0.43..10.65 rows=111 width=4)
	  Index Cond: ((k >= 7048802) AND (k <= 7048902))

table 4 : explain SELECT k FROM sbtest4 WHERE k BETWEEN 7048802 AND 7048902
	Index Only Scan using k_4 on sbtest4  (cost=0.43..6.61 rows=109 width=4)
	  Index Cond: ((k >= 7048802) AND (k <= 7048902))

table 5 : explain SELECT k FROM sbtest5 WHERE k BETWEEN 7048802 AND 7048902
	Index Only Scan using k_5 on sbtest5  (cost=0.43..6.56 rows=106 width=4)
	  Index Cond: ((k >= 7048802) AND (k <= 7048902))

table 6 : explain SELECT k FROM sbtest6 WHERE k BETWEEN 7048802 AND 7048902
	Index Only Scan using k_6 on sbtest6  (cost=0.43..10.32 rows=94 width=4)
	  Index Cond: ((k >= 7048802) AND (k <= 7048902))

table 7 : explain SELECT k FROM sbtest7 WHERE k BETWEEN 7048802 AND 7048902
	Index Only Scan using k_7 on sbtest7  (cost=0.43..10.44 rows=100 width=4)
	  Index Cond: ((k >= 7048802) AND (k <= 7048902))

table 8 : explain SELECT k FROM sbtest8 WHERE k BETWEEN 7048802 AND 7048902
	Index Only Scan using k_8 on sbtest8  (cost=0.43..6.56 rows=106 width=4)
	  Index Cond: ((k >= 7048802) AND (k <= 7048902))

explain: for range-covered :: explain SELECT k FROM sbtest%d WHERE k BETWEEN 4012442 AND 4012542
for range-covered
table 1 : explain SELECT k FROM sbtest1 WHERE k BETWEEN 2931917 AND 2932017
	Index Only Scan using k_1 on sbtest1  (cost=0.43..6.27 rows=92 width=4)
	  Index Cond: ((k >= 2931917) AND (k <= 2932017))

table 2 : explain SELECT k FROM sbtest2 WHERE k BETWEEN 2931917 AND 2932017
	Index Only Scan using k_2 on sbtest2  (cost=0.43..6.50 rows=103 width=4)
	  Index Cond: ((k >= 2931917) AND (k <= 2932017))

table 3 : explain SELECT k FROM sbtest3 WHERE k BETWEEN 2931917 AND 2932017
	Index Only Scan using k_3 on sbtest3  (cost=0.43..10.44 rows=100 width=4)
	  Index Cond: ((k >= 2931917) AND (k <= 2932017))

table 4 : explain SELECT k FROM sbtest4 WHERE k BETWEEN 2931917 AND 2932017
	Index Only Scan using k_4 on sbtest4  (cost=0.43..6.35 rows=96 width=4)
	  Index Cond: ((k >= 2931917) AND (k <= 2932017))

table 5 : explain SELECT k FROM sbtest5 WHERE k BETWEEN 2931917 AND 2932017
	Index Only Scan using k_5 on sbtest5  (cost=0.43..6.43 rows=100 width=4)
	  Index Cond: ((k >= 2931917) AND (k <= 2932017))

table 6 : explain SELECT k FROM sbtest6 WHERE k BETWEEN 2931917 AND 2932017
	Index Only Scan using k_6 on sbtest6  (cost=0.43..10.36 rows=96 width=4)
	  Index Cond: ((k >= 2931917) AND (k <= 2932017))

table 7 : explain SELECT k FROM sbtest7 WHERE k BETWEEN 2931917 AND 2932017
	Index Only Scan using k_7 on sbtest7  (cost=0.43..10.54 rows=105 width=4)
	  Index Cond: ((k >= 2931917) AND (k <= 2932017))

table 8 : explain SELECT k FROM sbtest8 WHERE k BETWEEN 2931917 AND 2932017
	Index Only Scan using k_8 on sbtest8  (cost=0.43..6.63 rows=110 width=4)
	  Index Cond: ((k >= 2931917) AND (k <= 2932017))

explain: for range-covered :: explain SELECT k FROM sbtest%d WHERE k BETWEEN 7048802 AND 7048902
explain: for range-covered :: explain SELECT k FROM sbtest%d WHERE k BETWEEN 2931917 AND 2932017
for range-covered
table 1 : explain SELECT k FROM sbtest1 WHERE k BETWEEN 800106 AND 800206
	Index Only Scan using k_1 on sbtest1  (cost=0.43..6.35 rows=96 width=4)
	  Index Cond: ((k >= 800106) AND (k <= 800206))

table 2 : explain SELECT k FROM sbtest2 WHERE k BETWEEN 800106 AND 800206
	Index Only Scan using k_2 on sbtest2  (cost=0.43..6.35 rows=96 width=4)
	  Index Cond: ((k >= 800106) AND (k <= 800206))

table 3 : explain SELECT k FROM sbtest3 WHERE k BETWEEN 800106 AND 800206
	Index Only Scan using k_3 on sbtest3  (cost=0.43..10.60 rows=108 width=4)
	  Index Cond: ((k >= 800106) AND (k <= 800206))

table 4 : explain SELECT k FROM sbtest4 WHERE k BETWEEN 800106 AND 800206
	Index Only Scan using k_4 on sbtest4  (cost=0.43..6.45 rows=101 width=4)
	  Index Cond: ((k >= 800106) AND (k <= 800206))

table 5 : explain SELECT k FROM sbtest5 WHERE k BETWEEN 800106 AND 800206
	Index Only Scan using k_5 on sbtest5  (cost=0.43..6.42 rows=99 width=4)
	  Index Cond: ((k >= 800106) AND (k <= 800206))

table 6 : explain SELECT k FROM sbtest6 WHERE k BETWEEN 800106 AND 800206
	Index Only Scan using k_6 on sbtest6  (cost=0.43..10.46 rows=101 width=4)
	  Index Cond: ((k >= 800106) AND (k <= 800206))

table 7 : explain SELECT k FROM sbtest7 WHERE k BETWEEN 800106 AND 800206
	Index Only Scan using k_7 on sbtest7  (cost=0.43..10.44 rows=100 width=4)
	  Index Cond: ((k >= 800106) AND (k <= 800206))

table 8 : explain SELECT k FROM sbtest8 WHERE k BETWEEN 800106 AND 800206
	Index Only Scan using k_8 on sbtest8  (cost=0.43..6.53 rows=105 width=4)
	  Index Cond: ((k >= 800106) AND (k <= 800206))

for range-covered
table 1 : explain SELECT k FROM sbtest1 WHERE k BETWEEN 3827234 AND 3827334
	Index Only Scan using k_1 on sbtest1  (cost=0.43..6.51 rows=104 width=4)
	  Index Cond: ((k >= 3827234) AND (k <= 3827334))

table 2 : explain SELECT k FROM sbtest2 WHERE k BETWEEN 3827234 AND 3827334
	Index Only Scan using k_2 on sbtest2  (cost=0.43..6.58 rows=107 width=4)
	  Index Cond: ((k >= 3827234) AND (k <= 3827334))

table 3 : explain SELECT k FROM sbtest3 WHERE k BETWEEN 3827234 AND 3827334
	Index Only Scan using k_3 on sbtest3  (cost=0.43..10.26 rows=91 width=4)
	  Index Cond: ((k >= 3827234) AND (k <= 3827334))

table 4 : explain SELECT k FROM sbtest4 WHERE k BETWEEN 3827234 AND 3827334
	Index Only Scan using k_4 on sbtest4  (cost=0.43..6.47 rows=102 width=4)
	  Index Cond: ((k >= 3827234) AND (k <= 3827334))

table 5 : explain SELECT k FROM sbtest5 WHERE k BETWEEN 3827234 AND 3827334
	Index Only Scan using k_5 on sbtest5  (cost=0.43..6.59 rows=108 width=4)
	  Index Cond: ((k >= 3827234) AND (k <= 3827334))

table 6 : explain SELECT k FROM sbtest6 WHERE k BETWEEN 3827234 AND 3827334
	Index Only Scan using k_6 on sbtest6  (cost=0.43..10.29 rows=93 width=4)
	  Index Cond: ((k >= 3827234) AND (k <= 3827334))

table 7 : explain SELECT k FROM sbtest7 WHERE k BETWEEN 3827234 AND 3827334
	Index Only Scan using k_7 on sbtest7  (cost=0.43..10.33 rows=95 width=4)
	  Index Cond: ((k >= 3827234) AND (k <= 3827334))

table 8 : explain SELECT k FROM sbtest8 WHERE k BETWEEN 3827234 AND 3827334
	Index Only Scan using k_8 on sbtest8  (cost=0.43..6.37 rows=97 width=4)
	  Index Cond: ((k >= 3827234) AND (k <= 3827334))

explain: for range-covered :: explain SELECT k FROM sbtest%d WHERE k BETWEEN 3827234 AND 3827334
for range-covered
table 1 : explain SELECT k FROM sbtest1 WHERE k BETWEEN 9156520 AND 9156620
	Index Only Scan using k_1 on sbtest1  (cost=0.43..6.45 rows=101 width=4)
	  Index Cond: ((k >= 9156520) AND (k <= 9156620))

table 2 : explain SELECT k FROM sbtest2 WHERE k BETWEEN 9156520 AND 9156620
	Index Only Scan using k_2 on sbtest2  (cost=0.43..6.43 rows=100 width=4)
	  Index Cond: ((k >= 9156520) AND (k <= 9156620))

table 3 : explain SELECT k FROM sbtest3 WHERE k BETWEEN 9156520 AND 9156620
	Index Only Scan using k_3 on sbtest3  (cost=0.43..10.44 rows=100 width=4)
	  Index Cond: ((k >= 9156520) AND (k <= 9156620))

table 4 : explain SELECT k FROM sbtest4 WHERE k BETWEEN 9156520 AND 9156620
	Index Only Scan using k_4 on sbtest4  (cost=0.43..6.51 rows=104 width=4)
	  Index Cond: ((k >= 9156520) AND (k <= 9156620))

table 5 : explain SELECT k FROM sbtest5 WHERE k BETWEEN 9156520 AND 9156620
	Index Only Scan using k_5 on sbtest5  (cost=0.43..6.43 rows=100 width=4)
	  Index Cond: ((k >= 9156520) AND (k <= 9156620))

table 6 : explain SELECT k FROM sbtest6 WHERE k BETWEEN 9156520 AND 9156620
	Index Only Scan using k_6 on sbtest6  (cost=0.43..10.60 rows=108 width=4)
	  Index Cond: ((k >= 9156520) AND (k <= 9156620))

table 7 : explain SELECT k FROM sbtest7 WHERE k BETWEEN 9156520 AND 9156620
	Index Only Scan using k_7 on sbtest7  (cost=0.43..10.60 rows=108 width=4)
	  Index Cond: ((k >= 9156520) AND (k <= 9156620))

table 8 : explain SELECT k FROM sbtest8 WHERE k BETWEEN 9156520 AND 9156620
	Index Only Scan using k_8 on sbtest8  (cost=0.43..6.83 rows=120 width=4)
	  Index Cond: ((k >= 9156520) AND (k <= 9156620))

explain: for range-covered :: explain SELECT k FROM sbtest%d WHERE k BETWEEN 9156520 AND 9156620
for range-covered
table 1 : explain SELECT k FROM sbtest1 WHERE k BETWEEN 4184822 AND 4184922
	Index Only Scan using k_1 on sbtest1  (cost=0.43..6.35 rows=96 width=4)
	  Index Cond: ((k >= 4184822) AND (k <= 4184922))

table 2 : explain SELECT k FROM sbtest2 WHERE k BETWEEN 4184822 AND 4184922
	Index Only Scan using k_2 on sbtest2  (cost=0.43..6.59 rows=108 width=4)
	  Index Cond: ((k >= 4184822) AND (k <= 4184922))

table 3 : explain SELECT k FROM sbtest3 WHERE k BETWEEN 4184822 AND 4184922
	Index Only Scan using k_3 on sbtest3  (cost=0.43..10.44 rows=100 width=4)
	  Index Cond: ((k >= 4184822) AND (k <= 4184922))

table 4 : explain SELECT k FROM sbtest4 WHERE k BETWEEN 4184822 AND 4184922
	Index Only Scan using k_4 on sbtest4  (cost=0.43..6.58 rows=107 width=4)
	  Index Cond: ((k >= 4184822) AND (k <= 4184922))

table 5 : explain SELECT k FROM sbtest5 WHERE k BETWEEN 4184822 AND 4184922
	Index Only Scan using k_5 on sbtest5  (cost=0.43..6.27 rows=92 width=4)
	  Index Cond: ((k >= 4184822) AND (k <= 4184922))

table 6 : explain SELECT k FROM sbtest6 WHERE k BETWEEN 4184822 AND 4184922
	Index Only Scan using k_6 on sbtest6  (cost=0.43..10.50 rows=103 width=4)
	  Index Cond: ((k >= 4184822) AND (k <= 4184922))

table 7 : explain SELECT k FROM sbtest7 WHERE k BETWEEN 4184822 AND 4184922
	Index Only Scan using k_7 on sbtest7  (cost=0.43..10.36 rows=96 width=4)
	  Index Cond: ((k >= 4184822) AND (k <= 4184922))

table 8 : explain SELECT k FROM sbtest8 WHERE k BETWEEN 4184822 AND 4184922
	Index Only Scan using k_8 on sbtest8  (cost=0.43..6.33 rows=95 width=4)
	  Index Cond: ((k >= 4184822) AND (k <= 4184922))

explain: for range-covered :: explain SELECT k FROM sbtest%d WHERE k BETWEEN 5246712 AND 5246812
explain: for range-covered :: explain SELECT k FROM sbtest%d WHERE k BETWEEN 4184822 AND 4184922explain: for range-covered :: explain SELECT k FROM sbtest%d WHERE k BETWEEN 6942264 AND 6942364

for range-covered
table 1 : explain SELECT k FROM sbtest1 WHERE k BETWEEN 8864583 AND 8864683
	Index Only Scan using k_1 on sbtest1  (cost=0.43..6.42 rows=99 width=4)
	  Index Cond: ((k >= 8864583) AND (k <= 8864683))

table 2 : explain SELECT k FROM sbtest2 WHERE k BETWEEN 8864583 AND 8864683
	Index Only Scan using k_2 on sbtest2  (cost=0.43..6.33 rows=95 width=4)
	  Index Cond: ((k >= 8864583) AND (k <= 8864683))

table 3 : explain SELECT k FROM sbtest3 WHERE k BETWEEN 8864583 AND 8864683
	Index Only Scan using k_3 on sbtest3  (cost=0.43..10.24 rows=90 width=4)
	  Index Cond: ((k >= 8864583) AND (k <= 8864683))

table 4 : explain SELECT k FROM sbtest4 WHERE k BETWEEN 8864583 AND 8864683
	Index Only Scan using k_4 on sbtest4  (cost=0.43..6.33 rows=95 width=4)
	  Index Cond: ((k >= 8864583) AND (k <= 8864683))

table 5 : explain SELECT k FROM sbtest5 WHERE k BETWEEN 8864583 AND 8864683
	Index Only Scan using k_5 on sbtest5  (cost=0.43..6.42 rows=99 width=4)
	  Index Cond: ((k >= 8864583) AND (k <= 8864683))

table 6 : explain SELECT k FROM sbtest6 WHERE k BETWEEN 8864583 AND 8864683
	Index Only Scan using k_6 on sbtest6  (cost=0.43..10.58 rows=107 width=4)
	  Index Cond: ((k >= 8864583) AND (k <= 8864683))

table 7 : explain SELECT k FROM sbtest7 WHERE k BETWEEN 8864583 AND 8864683
	Index Only Scan using k_7 on sbtest7  (cost=0.43..10.47 rows=102 width=4)
	  Index Cond: ((k >= 8864583) AND (k <= 8864683))

table 8 : explain SELECT k FROM sbtest8 WHERE k BETWEEN 8864583 AND 8864683
	Index Only Scan using k_8 on sbtest8  (cost=0.43..6.61 rows=109 width=4)
	  Index Cond: ((k >= 8864583) AND (k <= 8864683))

for range-covered
table 1 : explain SELECT k FROM sbtest1 WHERE k BETWEEN 4012442 AND 4012542
	Index Only Scan using k_1 on sbtest1  (cost=0.43..6.27 rows=92 width=4)
	  Index Cond: ((k >= 4012442) AND (k <= 4012542))

table 2 : explain SELECT k FROM sbtest2 WHERE k BETWEEN 4012442 AND 4012542
	Index Only Scan using k_2 on sbtest2  (cost=0.43..6.50 rows=103 width=4)
	  Index Cond: ((k >= 4012442) AND (k <= 4012542))

table 3 : explain SELECT k FROM sbtest3 WHERE k BETWEEN 4012442 AND 4012542
	Index Only Scan using k_3 on sbtest3  (cost=0.43..10.63 rows=110 width=4)
	  Index Cond: ((k >= 4012442) AND (k <= 4012542))

table 4 : explain SELECT k FROM sbtest4 WHERE k BETWEEN 4012442 AND 4012542
	Index Only Scan using k_4 on sbtest4  (cost=0.43..6.74 rows=115 width=4)
	  Index Cond: ((k >= 4012442) AND (k <= 4012542))

table 5 : explain SELECT k FROM sbtest5 WHERE k BETWEEN 4012442 AND 4012542
	Index Only Scan using k_5 on sbtest5  (cost=0.43..6.63 rows=110 width=4)
	  Index Cond: ((k >= 4012442) AND (k <= 4012542))

table 6 : explain SELECT k FROM sbtest6 WHERE k BETWEEN 4012442 AND 4012542
	Index Only Scan using k_6 on sbtest6  (cost=0.43..10.54 rows=105 width=4)
	  Index Cond: ((k >= 4012442) AND (k <= 4012542))

table 7 : explain SELECT k FROM sbtest7 WHERE k BETWEEN 4012442 AND 4012542
	Index Only Scan using k_7 on sbtest7  (cost=0.43..10.63 rows=110 width=4)
	  Index Cond: ((k >= 4012442) AND (k <= 4012542))

table 8 : explain SELECT k FROM sbtest8 WHERE k BETWEEN 4012442 AND 4012542
	Index Only Scan using k_8 on sbtest8  (cost=0.43..6.58 rows=107 width=4)
	  Index Cond: ((k >= 4012442) AND (k <= 4012542))

for range-covered
table 1 : explain SELECT k FROM sbtest1 WHERE k BETWEEN 7048802 AND 7048902
	Index Only Scan using k_1 on sbtest1  (cost=0.43..6.50 rows=103 width=4)
	  Index Cond: ((k >= 7048802) AND (k <= 7048902))

table 2 : explain SELECT k FROM sbtest2 WHERE k BETWEEN 7048802 AND 7048902
	Index Only Scan using k_2 on sbtest2  (cost=0.43..6.45 rows=101 width=4)
	  Index Cond: ((k >= 7048802) AND (k <= 7048902))

table 3 : explain SELECT k FROM sbtest3 WHERE k BETWEEN 7048802 AND 7048902
	Index Only Scan using k_3 on sbtest3  (cost=0.43..10.65 rows=111 width=4)
	  Index Cond: ((k >= 7048802) AND (k <= 7048902))

table 4 : explain SELECT k FROM sbtest4 WHERE k BETWEEN 7048802 AND 7048902
	Index Only Scan using k_4 on sbtest4  (cost=0.43..6.61 rows=109 width=4)
	  Index Cond: ((k >= 7048802) AND (k <= 7048902))

table 5 : explain SELECT k FROM sbtest5 WHERE k BETWEEN 7048802 AND 7048902
	Index Only Scan using k_5 on sbtest5  (cost=0.43..6.56 rows=106 width=4)
	  Index Cond: ((k >= 7048802) AND (k <= 7048902))

table 6 : explain SELECT k FROM sbtest6 WHERE k BETWEEN 7048802 AND 7048902
	Index Only Scan using k_6 on sbtest6  (cost=0.43..10.32 rows=94 width=4)
	  Index Cond: ((k >= 7048802) AND (k <= 7048902))

table 7 : explain SELECT k FROM sbtest7 WHERE k BETWEEN 7048802 AND 7048902
	Index Only Scan using k_7 on sbtest7  (cost=0.43..10.44 rows=100 width=4)
	  Index Cond: ((k >= 7048802) AND (k <= 7048902))

table 8 : explain SELECT k FROM sbtest8 WHERE k BETWEEN 7048802 AND 7048902
	Index Only Scan using k_8 on sbtest8  (cost=0.43..6.56 rows=106 width=4)
	  Index Cond: ((k >= 7048802) AND (k <= 7048902))

for range-covered
table 1 : explain SELECT k FROM sbtest1 WHERE k BETWEEN 2931917 AND 2932017
	Index Only Scan using k_1 on sbtest1  (cost=0.43..6.27 rows=92 width=4)
	  Index Cond: ((k >= 2931917) AND (k <= 2932017))

table 2 : explain SELECT k FROM sbtest2 WHERE k BETWEEN 2931917 AND 2932017
	Index Only Scan using k_2 on sbtest2  (cost=0.43..6.50 rows=103 width=4)
	  Index Cond: ((k >= 2931917) AND (k <= 2932017))

table 3 : explain SELECT k FROM sbtest3 WHERE k BETWEEN 2931917 AND 2932017
	Index Only Scan using k_3 on sbtest3  (cost=0.43..10.44 rows=100 width=4)
	  Index Cond: ((k >= 2931917) AND (k <= 2932017))

table 4 : explain SELECT k FROM sbtest4 WHERE k BETWEEN 2931917 AND 2932017
	Index Only Scan using k_4 on sbtest4  (cost=0.43..6.35 rows=96 width=4)
	  Index Cond: ((k >= 2931917) AND (k <= 2932017))

table 5 : explain SELECT k FROM sbtest5 WHERE k BETWEEN 2931917 AND 2932017
	Index Only Scan using k_5 on sbtest5  (cost=0.43..6.43 rows=100 width=4)
	  Index Cond: ((k >= 2931917) AND (k <= 2932017))

table 6 : explain SELECT k FROM sbtest6 WHERE k BETWEEN 2931917 AND 2932017
	Index Only Scan using k_6 on sbtest6  (cost=0.43..10.36 rows=96 width=4)
	  Index Cond: ((k >= 2931917) AND (k <= 2932017))

table 7 : explain SELECT k FROM sbtest7 WHERE k BETWEEN 2931917 AND 2932017
	Index Only Scan using k_7 on sbtest7  (cost=0.43..10.54 rows=105 width=4)
	  Index Cond: ((k >= 2931917) AND (k <= 2932017))

table 8 : explain SELECT k FROM sbtest8 WHERE k BETWEEN 2931917 AND 2932017
	Index Only Scan using k_8 on sbtest8  (cost=0.43..6.63 rows=110 width=4)
	  Index Cond: ((k >= 2931917) AND (k <= 2932017))

explain: for range-covered :: explain SELECT k FROM sbtest%d WHERE k BETWEEN 8864583 AND 8864683
explain: for range-covered :: explain SELECT k FROM sbtest%d WHERE k BETWEEN 4012442 AND 4012542
explain: for range-covered :: explain SELECT k FROM sbtest%d WHERE k BETWEEN 7048802 AND 7048902
explain: for range-covered :: explain SELECT k FROM sbtest%d WHERE k BETWEEN 2931917 AND 2932017
for range-covered
table 1 : explain SELECT k FROM sbtest1 WHERE k BETWEEN 3827234 AND 3827334
	Index Only Scan using k_1 on sbtest1  (cost=0.43..6.51 rows=104 width=4)
	  Index Cond: ((k >= 3827234) AND (k <= 3827334))

table 2 : explain SELECT k FROM sbtest2 WHERE k BETWEEN 3827234 AND 3827334
	Index Only Scan using k_2 on sbtest2  (cost=0.43..6.58 rows=107 width=4)
	  Index Cond: ((k >= 3827234) AND (k <= 3827334))

table 3 : explain SELECT k FROM sbtest3 WHERE k BETWEEN 3827234 AND 3827334
	Index Only Scan using k_3 on sbtest3  (cost=0.43..10.26 rows=91 width=4)
	  Index Cond: ((k >= 3827234) AND (k <= 3827334))

table 4 : explain SELECT k FROM sbtest4 WHERE k BETWEEN 3827234 AND 3827334
	Index Only Scan using k_4 on sbtest4  (cost=0.43..6.47 rows=102 width=4)
	  Index Cond: ((k >= 3827234) AND (k <= 3827334))

table 5 : explain SELECT k FROM sbtest5 WHERE k BETWEEN 3827234 AND 3827334
	Index Only Scan using k_5 on sbtest5  (cost=0.43..6.59 rows=108 width=4)
	  Index Cond: ((k >= 3827234) AND (k <= 3827334))

table 6 : explain SELECT k FROM sbtest6 WHERE k BETWEEN 3827234 AND 3827334
	Index Only Scan using k_6 on sbtest6  (cost=0.43..10.29 rows=93 width=4)
	  Index Cond: ((k >= 3827234) AND (k <= 3827334))

table 7 : explain SELECT k FROM sbtest7 WHERE k BETWEEN 3827234 AND 3827334
	Index Only Scan using k_7 on sbtest7  (cost=0.43..10.33 rows=95 width=4)
	  Index Cond: ((k >= 3827234) AND (k <= 3827334))

table 8 : explain SELECT k FROM sbtest8 WHERE k BETWEEN 3827234 AND 3827334
	Index Only Scan using k_8 on sbtest8  (cost=0.43..6.37 rows=97 width=4)
	  Index Cond: ((k >= 3827234) AND (k <= 3827334))

explain: for range-covered :: explain SELECT k FROM sbtest%d WHERE k BETWEEN 3827234 AND 3827334
for range-covered
table 1 : explain SELECT k FROM sbtest1 WHERE k BETWEEN 9156520 AND 9156620
	Index Only Scan using k_1 on sbtest1  (cost=0.43..6.45 rows=101 width=4)
	  Index Cond: ((k >= 9156520) AND (k <= 9156620))

table 2 : explain SELECT k FROM sbtest2 WHERE k BETWEEN 9156520 AND 9156620
	Index Only Scan using k_2 on sbtest2  (cost=0.43..6.43 rows=100 width=4)
	  Index Cond: ((k >= 9156520) AND (k <= 9156620))

table 3 : explain SELECT k FROM sbtest3 WHERE k BETWEEN 9156520 AND 9156620
	Index Only Scan using k_3 on sbtest3  (cost=0.43..10.44 rows=100 width=4)
	  Index Cond: ((k >= 9156520) AND (k <= 9156620))

table 4 : explain SELECT k FROM sbtest4 WHERE k BETWEEN 9156520 AND 9156620
	Index Only Scan using k_4 on sbtest4  (cost=0.43..6.51 rows=104 width=4)
	  Index Cond: ((k >= 9156520) AND (k <= 9156620))

table 5 : explain SELECT k FROM sbtest5 WHERE k BETWEEN 9156520 AND 9156620
	Index Only Scan using k_5 on sbtest5  (cost=0.43..6.43 rows=100 width=4)
	  Index Cond: ((k >= 9156520) AND (k <= 9156620))

table 6 : explain SELECT k FROM sbtest6 WHERE k BETWEEN 9156520 AND 9156620
	Index Only Scan using k_6 on sbtest6  (cost=0.43..10.60 rows=108 width=4)
	  Index Cond: ((k >= 9156520) AND (k <= 9156620))

table 7 : explain SELECT k FROM sbtest7 WHERE k BETWEEN 9156520 AND 9156620
	Index Only Scan using k_7 on sbtest7  (cost=0.43..10.60 rows=108 width=4)
	  Index Cond: ((k >= 9156520) AND (k <= 9156620))

table 8 : explain SELECT k FROM sbtest8 WHERE k BETWEEN 9156520 AND 9156620
	Index Only Scan using k_8 on sbtest8  (cost=0.43..6.83 rows=120 width=4)
	  Index Cond: ((k >= 9156520) AND (k <= 9156620))

for range-covered
table 1 : explain SELECT k FROM sbtest1 WHERE k BETWEEN 4012442 AND 4012542
	Index Only Scan using k_1 on sbtest1  (cost=0.43..6.27 rows=92 width=4)
	  Index Cond: ((k >= 4012442) AND (k <= 4012542))

table 2 : explain SELECT k FROM sbtest2 WHERE k BETWEEN 4012442 AND 4012542
	Index Only Scan using k_2 on sbtest2  (cost=0.43..6.50 rows=103 width=4)
	  Index Cond: ((k >= 4012442) AND (k <= 4012542))

table 3 : explain SELECT k FROM sbtest3 WHERE k BETWEEN 4012442 AND 4012542
	Index Only Scan using k_3 on sbtest3  (cost=0.43..10.63 rows=110 width=4)
	  Index Cond: ((k >= 4012442) AND (k <= 4012542))

table 4 : explain SELECT k FROM sbtest4 WHERE k BETWEEN 4012442 AND 4012542
	Index Only Scan using k_4 on sbtest4  (cost=0.43..6.74 rows=115 width=4)
	  Index Cond: ((k >= 4012442) AND (k <= 4012542))

table 5 : explain SELECT k FROM sbtest5 WHERE k BETWEEN 4012442 AND 4012542
	Index Only Scan using k_5 on sbtest5  (cost=0.43..6.63 rows=110 width=4)
	  Index Cond: ((k >= 4012442) AND (k <= 4012542))

table 6 : explain SELECT k FROM sbtest6 WHERE k BETWEEN 4012442 AND 4012542
	Index Only Scan using k_6 on sbtest6  (cost=0.43..10.54 rows=105 width=4)
	  Index Cond: ((k >= 4012442) AND (k <= 4012542))

table 7 : explain SELECT k FROM sbtest7 WHERE k BETWEEN 4012442 AND 4012542
	Index Only Scan using k_7 on sbtest7  (cost=0.43..10.63 rows=110 width=4)
	  Index Cond: ((k >= 4012442) AND (k <= 4012542))

table 8 : explain SELECT k FROM sbtest8 WHERE k BETWEEN 4012442 AND 4012542
	Index Only Scan using k_8 on sbtest8  (cost=0.43..6.58 rows=107 width=4)
	  Index Cond: ((k >= 4012442) AND (k <= 4012542))

explain: for range-covered :: explain SELECT k FROM sbtest%d WHERE k BETWEEN 4012442 AND 4012542
for range-covered
table 1 : explain SELECT k FROM sbtest1 WHERE k BETWEEN 7048802 AND 7048902
	Index Only Scan using k_1 on sbtest1  (cost=0.43..6.50 rows=103 width=4)
	  Index Cond: ((k >= 7048802) AND (k <= 7048902))

table 2 : explain SELECT k FROM sbtest2 WHERE k BETWEEN 7048802 AND 7048902
	Index Only Scan using k_2 on sbtest2  (cost=0.43..6.45 rows=101 width=4)
	  Index Cond: ((k >= 7048802) AND (k <= 7048902))

table 3 : explain SELECT k FROM sbtest3 WHERE k BETWEEN 7048802 AND 7048902
	Index Only Scan using k_3 on sbtest3  (cost=0.43..10.65 rows=111 width=4)
	  Index Cond: ((k >= 7048802) AND (k <= 7048902))

table 4 : explain SELECT k FROM sbtest4 WHERE k BETWEEN 7048802 AND 7048902
	Index Only Scan using k_4 on sbtest4  (cost=0.43..6.61 rows=109 width=4)
	  Index Cond: ((k >= 7048802) AND (k <= 7048902))

table 5 : explain SELECT k FROM sbtest5 WHERE k BETWEEN 7048802 AND 7048902
	Index Only Scan using k_5 on sbtest5  (cost=0.43..6.56 rows=106 width=4)
	  Index Cond: ((k >= 7048802) AND (k <= 7048902))

table 6 : explain SELECT k FROM sbtest6 WHERE k BETWEEN 7048802 AND 7048902
	Index Only Scan using k_6 on sbtest6  (cost=0.43..10.32 rows=94 width=4)
	  Index Cond: ((k >= 7048802) AND (k <= 7048902))

table 7 : explain SELECT k FROM sbtest7 WHERE k BETWEEN 7048802 AND 7048902
	Index Only Scan using k_7 on sbtest7  (cost=0.43..10.44 rows=100 width=4)
	  Index Cond: ((k >= 7048802) AND (k <= 7048902))

table 8 : explain SELECT k FROM sbtest8 WHERE k BETWEEN 7048802 AND 7048902
	Index Only Scan using k_8 on sbtest8  (cost=0.43..6.56 rows=106 width=4)
	  Index Cond: ((k >= 7048802) AND (k <= 7048902))

for range-covered
table 1 : explain SELECT k FROM sbtest1 WHERE k BETWEEN 2931917 AND 2932017
	Index Only Scan using k_1 on sbtest1  (cost=0.43..6.27 rows=92 width=4)
	  Index Cond: ((k >= 2931917) AND (k <= 2932017))

table 2 : explain SELECT k FROM sbtest2 WHERE k BETWEEN 2931917 AND 2932017
	Index Only Scan using k_2 on sbtest2  (cost=0.43..6.50 rows=103 width=4)
	  Index Cond: ((k >= 2931917) AND (k <= 2932017))

table 3 : explain SELECT k FROM sbtest3 WHERE k BETWEEN 2931917 AND 2932017
	Index Only Scan using k_3 on sbtest3  (cost=0.43..10.44 rows=100 width=4)
	  Index Cond: ((k >= 2931917) AND (k <= 2932017))

table 4 : explain SELECT k FROM sbtest4 WHERE k BETWEEN 2931917 AND 2932017
	Index Only Scan using k_4 on sbtest4  (cost=0.43..6.35 rows=96 width=4)
	  Index Cond: ((k >= 2931917) AND (k <= 2932017))

table 5 : explain SELECT k FROM sbtest5 WHERE k BETWEEN 2931917 AND 2932017
	Index Only Scan using k_5 on sbtest5  (cost=0.43..6.43 rows=100 width=4)
	  Index Cond: ((k >= 2931917) AND (k <= 2932017))

table 6 : explain SELECT k FROM sbtest6 WHERE k BETWEEN 2931917 AND 2932017
	Index Only Scan using k_6 on sbtest6  (cost=0.43..10.36 rows=96 width=4)
	  Index Cond: ((k >= 2931917) AND (k <= 2932017))

table 7 : explain SELECT k FROM sbtest7 WHERE k BETWEEN 2931917 AND 2932017
	Index Only Scan using k_7 on sbtest7  (cost=0.43..10.54 rows=105 width=4)
	  Index Cond: ((k >= 2931917) AND (k <= 2932017))

table 8 : explain SELECT k FROM sbtest8 WHERE k BETWEEN 2931917 AND 2932017
	Index Only Scan using k_8 on sbtest8  (cost=0.43..6.63 rows=110 width=4)
	  Index Cond: ((k >= 2931917) AND (k <= 2932017))

for range-covered
table 1 : explain SELECT k FROM sbtest1 WHERE k BETWEEN 3827234 AND 3827334
	Index Only Scan using k_1 on sbtest1  (cost=0.43..6.51 rows=104 width=4)
	  Index Cond: ((k >= 3827234) AND (k <= 3827334))

table 2 : explain SELECT k FROM sbtest2 WHERE k BETWEEN 3827234 AND 3827334
	Index Only Scan using k_2 on sbtest2  (cost=0.43..6.58 rows=107 width=4)
	  Index Cond: ((k >= 3827234) AND (k <= 3827334))

table 3 : explain SELECT k FROM sbtest3 WHERE k BETWEEN 3827234 AND 3827334
	Index Only Scan using k_3 on sbtest3  (cost=0.43..10.26 rows=91 width=4)
	  Index Cond: ((k >= 3827234) AND (k <= 3827334))

table 4 : explain SELECT k FROM sbtest4 WHERE k BETWEEN 3827234 AND 3827334
	Index Only Scan using k_4 on sbtest4  (cost=0.43..6.47 rows=102 width=4)
	  Index Cond: ((k >= 3827234) AND (k <= 3827334))

table 5 : explain SELECT k FROM sbtest5 WHERE k BETWEEN 3827234 AND 3827334
	Index Only Scan using k_5 on sbtest5  (cost=0.43..6.59 rows=108 width=4)
	  Index Cond: ((k >= 3827234) AND (k <= 3827334))

table 6 : explain SELECT k FROM sbtest6 WHERE k BETWEEN 3827234 AND 3827334
	Index Only Scan using k_6 on sbtest6  (cost=0.43..10.29 rows=93 width=4)
	  Index Cond: ((k >= 3827234) AND (k <= 3827334))

table 7 : explain SELECT k FROM sbtest7 WHERE k BETWEEN 3827234 AND 3827334
	Index Only Scan using k_7 on sbtest7  (cost=0.43..10.33 rows=95 width=4)
	  Index Cond: ((k >= 3827234) AND (k <= 3827334))

table 8 : explain SELECT k FROM sbtest8 WHERE k BETWEEN 3827234 AND 3827334
	Index Only Scan using k_8 on sbtest8  (cost=0.43..6.37 rows=97 width=4)
	  Index Cond: ((k >= 3827234) AND (k <= 3827334))

explain: for range-covered :: explain SELECT k FROM sbtest%d WHERE k BETWEEN 3827234 AND 3827334
for range-covered
table 1 : explain SELECT k FROM sbtest1 WHERE k BETWEEN 4184822 AND 4184922
	Index Only Scan using k_1 on sbtest1  (cost=0.43..6.35 rows=96 width=4)
	  Index Cond: ((k >= 4184822) AND (k <= 4184922))

table 2 : explain SELECT k FROM sbtest2 WHERE k BETWEEN 4184822 AND 4184922
	Index Only Scan using k_2 on sbtest2  (cost=0.43..6.59 rows=108 width=4)
	  Index Cond: ((k >= 4184822) AND (k <= 4184922))

table 3 : explain SELECT k FROM sbtest3 WHERE k BETWEEN 4184822 AND 4184922
	Index Only Scan using k_3 on sbtest3  (cost=0.43..10.44 rows=100 width=4)
	  Index Cond: ((k >= 4184822) AND (k <= 4184922))

table 4 : explain SELECT k FROM sbtest4 WHERE k BETWEEN 4184822 AND 4184922
	Index Only Scan using k_4 on sbtest4  (cost=0.43..6.58 rows=107 width=4)
	  Index Cond: ((k >= 4184822) AND (k <= 4184922))

table 5 : explain SELECT k FROM sbtest5 WHERE k BETWEEN 4184822 AND 4184922
	Index Only Scan using k_5 on sbtest5  (cost=0.43..6.27 rows=92 width=4)
	  Index Cond: ((k >= 4184822) AND (k <= 4184922))

table 6 : explain SELECT k FROM sbtest6 WHERE k BETWEEN 4184822 AND 4184922
	Index Only Scan using k_6 on sbtest6  (cost=0.43..10.50 rows=103 width=4)
	  Index Cond: ((k >= 4184822) AND (k <= 4184922))

table 7 : explain SELECT k FROM sbtest7 WHERE k BETWEEN 4184822 AND 4184922
	Index Only Scan using k_7 on sbtest7  (cost=0.43..10.36 rows=96 width=4)
	  Index Cond: ((k >= 4184822) AND (k <= 4184922))

table 8 : explain SELECT k FROM sbtest8 WHERE k BETWEEN 4184822 AND 4184922
	Index Only Scan using k_8 on sbtest8  (cost=0.43..6.33 rows=95 width=4)
	  Index Cond: ((k >= 4184822) AND (k <= 4184922))

explain: for range-covered :: explain SELECT k FROM sbtest%d WHERE k BETWEEN 4184822 AND 4184922
for range-covered
table 1 : explain SELECT k FROM sbtest1 WHERE k BETWEEN 8864583 AND 8864683
	Index Only Scan using k_1 on sbtest1  (cost=0.43..6.42 rows=99 width=4)
	  Index Cond: ((k >= 8864583) AND (k <= 8864683))

table 2 : explain SELECT k FROM sbtest2 WHERE k BETWEEN 8864583 AND 8864683
	Index Only Scan using k_2 on sbtest2  (cost=0.43..6.33 rows=95 width=4)
	  Index Cond: ((k >= 8864583) AND (k <= 8864683))

table 3 : explain SELECT k FROM sbtest3 WHERE k BETWEEN 8864583 AND 8864683
	Index Only Scan using k_3 on sbtest3  (cost=0.43..10.24 rows=90 width=4)
	  Index Cond: ((k >= 8864583) AND (k <= 8864683))

table 4 : explain SELECT k FROM sbtest4 WHERE k BETWEEN 8864583 AND 8864683
	Index Only Scan using k_4 on sbtest4  (cost=0.43..6.33 rows=95 width=4)
	  Index Cond: ((k >= 8864583) AND (k <= 8864683))

table 5 : explain SELECT k FROM sbtest5 WHERE k BETWEEN 8864583 AND 8864683
	Index Only Scan using k_5 on sbtest5  (cost=0.43..6.42 rows=99 width=4)
	  Index Cond: ((k >= 8864583) AND (k <= 8864683))

table 6 : explain SELECT k FROM sbtest6 WHERE k BETWEEN 8864583 AND 8864683
	Index Only Scan using k_6 on sbtest6  (cost=0.43..10.58 rows=107 width=4)
	  Index Cond: ((k >= 8864583) AND (k <= 8864683))

table 7 : explain SELECT k FROM sbtest7 WHERE k BETWEEN 8864583 AND 8864683
	Index Only Scan using k_7 on sbtest7  (cost=0.43..10.47 rows=102 width=4)
	  Index Cond: ((k >= 8864583) AND (k <= 8864683))

table 8 : explain SELECT k FROM sbtest8 WHERE k BETWEEN 8864583 AND 8864683
	Index Only Scan using k_8 on sbtest8  (cost=0.43..6.61 rows=109 width=4)
	  Index Cond: ((k >= 8864583) AND (k <= 8864683))

for range-covered
table 1 : explain SELECT k FROM sbtest1 WHERE k BETWEEN 3827234 AND 3827334
	Index Only Scan using k_1 on sbtest1  (cost=0.43..6.51 rows=104 width=4)
	  Index Cond: ((k >= 3827234) AND (k <= 3827334))

table 2 : explain SELECT k FROM sbtest2 WHERE k BETWEEN 3827234 AND 3827334
	Index Only Scan using k_2 on sbtest2  (cost=0.43..6.58 rows=107 width=4)
	  Index Cond: ((k >= 3827234) AND (k <= 3827334))

table 3 : explain SELECT k FROM sbtest3 WHERE k BETWEEN 3827234 AND 3827334
	Index Only Scan using k_3 on sbtest3  (cost=0.43..10.26 rows=91 width=4)
	  Index Cond: ((k >= 3827234) AND (k <= 3827334))

table 4 : explain SELECT k FROM sbtest4 WHERE k BETWEEN 3827234 AND 3827334
	Index Only Scan using k_4 on sbtest4  (cost=0.43..6.47 rows=102 width=4)
	  Index Cond: ((k >= 3827234) AND (k <= 3827334))

table 5 : explain SELECT k FROM sbtest5 WHERE k BETWEEN 3827234 AND 3827334
	Index Only Scan using k_5 on sbtest5  (cost=0.43..6.59 rows=108 width=4)
	  Index Cond: ((k >= 3827234) AND (k <= 3827334))

table 6 : explain SELECT k FROM sbtest6 WHERE k BETWEEN 3827234 AND 3827334
	Index Only Scan using k_6 on sbtest6  (cost=0.43..10.29 rows=93 width=4)
	  Index Cond: ((k >= 3827234) AND (k <= 3827334))

table 7 : explain SELECT k FROM sbtest7 WHERE k BETWEEN 3827234 AND 3827334
	Index Only Scan using k_7 on sbtest7  (cost=0.43..10.33 rows=95 width=4)
	  Index Cond: ((k >= 3827234) AND (k <= 3827334))

table 8 : explain SELECT k FROM sbtest8 WHERE k BETWEEN 3827234 AND 3827334
	Index Only Scan using k_8 on sbtest8  (cost=0.43..6.37 rows=97 width=4)
	  Index Cond: ((k >= 3827234) AND (k <= 3827334))

explain: for range-covered :: explain SELECT k FROM sbtest%d WHERE k BETWEEN 7402914 AND 7403014
explain: for range-covered :: explain SELECT k FROM sbtest%d WHERE k BETWEEN 1462742 AND 1462842
for range-covered
table 1 : explain SELECT k FROM sbtest1 WHERE k BETWEEN 4012442 AND 4012542
	Index Only Scan using k_1 on sbtest1  (cost=0.43..6.27 rows=92 width=4)
	  Index Cond: ((k >= 4012442) AND (k <= 4012542))

table 2 : explain SELECT k FROM sbtest2 WHERE k BETWEEN 4012442 AND 4012542
	Index Only Scan using k_2 on sbtest2  (cost=0.43..6.50 rows=103 width=4)
	  Index Cond: ((k >= 4012442) AND (k <= 4012542))

table 3 : explain SELECT k FROM sbtest3 WHERE k BETWEEN 4012442 AND 4012542
	Index Only Scan using k_3 on sbtest3  (cost=0.43..10.63 rows=110 width=4)
	  Index Cond: ((k >= 4012442) AND (k <= 4012542))

table 4 : explain SELECT k FROM sbtest4 WHERE k BETWEEN 4012442 AND 4012542
	Index Only Scan using k_4 on sbtest4  (cost=0.43..6.74 rows=115 width=4)
	  Index Cond: ((k >= 4012442) AND (k <= 4012542))

table 5 : explain SELECT k FROM sbtest5 WHERE k BETWEEN 4012442 AND 4012542
	Index Only Scan using k_5 on sbtest5  (cost=0.43..6.63 rows=110 width=4)
	  Index Cond: ((k >= 4012442) AND (k <= 4012542))

table 6 : explain SELECT k FROM sbtest6 WHERE k BETWEEN 4012442 AND 4012542
	Index Only Scan using k_6 on sbtest6  (cost=0.43..10.54 rows=105 width=4)
	  Index Cond: ((k >= 4012442) AND (k <= 4012542))

table 7 : explain SELECT k FROM sbtest7 WHERE k BETWEEN 4012442 AND 4012542
	Index Only Scan using k_7 on sbtest7  (cost=0.43..10.63 rows=110 width=4)
	  Index Cond: ((k >= 4012442) AND (k <= 4012542))

table 8 : explain SELECT k FROM sbtest8 WHERE k BETWEEN 4012442 AND 4012542
	Index Only Scan using k_8 on sbtest8  (cost=0.43..6.58 rows=107 width=4)
	  Index Cond: ((k >= 4012442) AND (k <= 4012542))

for range-covered
table 1 : explain SELECT k FROM sbtest1 WHERE k BETWEEN 6942264 AND 6942364
	Index Only Scan using k_1 on sbtest1  (cost=0.43..6.37 rows=97 width=4)
	  Index Cond: ((k >= 6942264) AND (k <= 6942364))

table 2 : explain SELECT k FROM sbtest2 WHERE k BETWEEN 6942264 AND 6942364
	Index Only Scan using k_2 on sbtest2  (cost=0.43..6.42 rows=99 width=4)
	  Index Cond: ((k >= 6942264) AND (k <= 6942364))

table 3 : explain SELECT k FROM sbtest3 WHERE k BETWEEN 6942264 AND 6942364
	Index Only Scan using k_3 on sbtest3  (cost=0.43..10.40 rows=98 width=4)
	  Index Cond: ((k >= 6942264) AND (k <= 6942364))

table 4 : explain SELECT k FROM sbtest4 WHERE k BETWEEN 6942264 AND 6942364
	Index Only Scan using k_4 on sbtest4  (cost=0.43..6.61 rows=109 width=4)
	  Index Cond: ((k >= 6942264) AND (k <= 6942364))

table 5 : explain SELECT k FROM sbtest5 WHERE k BETWEEN 6942264 AND 6942364
	Index Only Scan using k_5 on sbtest5  (cost=0.43..6.67 rows=112 width=4)
	  Index Cond: ((k >= 6942264) AND (k <= 6942364))

table 6 : explain SELECT k FROM sbtest6 WHERE k BETWEEN 6942264 AND 6942364
	Index Only Scan using k_6 on sbtest6  (cost=0.43..10.29 rows=93 width=4)
	  Index Cond: ((k >= 6942264) AND (k <= 6942364))

table 7 : explain SELECT k FROM sbtest7 WHERE k BETWEEN 6942264 AND 6942364
	Index Only Scan using k_7 on sbtest7  (cost=0.43..10.40 rows=98 width=4)
	  Index Cond: ((k >= 6942264) AND (k <= 6942364))

table 8 : explain SELECT k FROM sbtest8 WHERE k BETWEEN 6942264 AND 6942364
	Index Only Scan using k_8 on sbtest8  (cost=0.43..6.58 rows=107 width=4)
	  Index Cond: ((k >= 6942264) AND (k <= 6942364))

explain: for range-covered :: explain SELECT k FROM sbtest%d WHERE k BETWEEN 6942264 AND 6942364
explain: for range-covered :: explain SELECT k FROM sbtest%d WHERE k BETWEEN 4791252 AND 4791352
for range-covered
table 1 : explain SELECT k FROM sbtest1 WHERE k BETWEEN 4184822 AND 4184922
	Index Only Scan using k_1 on sbtest1  (cost=0.43..6.35 rows=96 width=4)
	  Index Cond: ((k >= 4184822) AND (k <= 4184922))

table 2 : explain SELECT k FROM sbtest2 WHERE k BETWEEN 4184822 AND 4184922
	Index Only Scan using k_2 on sbtest2  (cost=0.43..6.59 rows=108 width=4)
	  Index Cond: ((k >= 4184822) AND (k <= 4184922))

table 3 : explain SELECT k FROM sbtest3 WHERE k BETWEEN 4184822 AND 4184922
	Index Only Scan using k_3 on sbtest3  (cost=0.43..10.44 rows=100 width=4)
	  Index Cond: ((k >= 4184822) AND (k <= 4184922))

table 4 : explain SELECT k FROM sbtest4 WHERE k BETWEEN 4184822 AND 4184922
	Index Only Scan using k_4 on sbtest4  (cost=0.43..6.58 rows=107 width=4)
	  Index Cond: ((k >= 4184822) AND (k <= 4184922))

table 5 : explain SELECT k FROM sbtest5 WHERE k BETWEEN 4184822 AND 4184922
	Index Only Scan using k_5 on sbtest5  (cost=0.43..6.27 rows=92 width=4)
	  Index Cond: ((k >= 4184822) AND (k <= 4184922))

table 6 : explain SELECT k FROM sbtest6 WHERE k BETWEEN 4184822 AND 4184922
	Index Only Scan using k_6 on sbtest6  (cost=0.43..10.50 rows=103 width=4)
	  Index Cond: ((k >= 4184822) AND (k <= 4184922))

table 7 : explain SELECT k FROM sbtest7 WHERE k BETWEEN 4184822 AND 4184922
	Index Only Scan using k_7 on sbtest7  (cost=0.43..10.36 rows=96 width=4)
	  Index Cond: ((k >= 4184822) AND (k <= 4184922))

table 8 : explain SELECT k FROM sbtest8 WHERE k BETWEEN 4184822 AND 4184922
	Index Only Scan using k_8 on sbtest8  (cost=0.43..6.33 rows=95 width=4)
	  Index Cond: ((k >= 4184822) AND (k <= 4184922))

explain: for range-covered :: explain SELECT k FROM sbtest%d WHERE k BETWEEN 4184822 AND 4184922
for range-covered
table 1 : explain SELECT k FROM sbtest1 WHERE k BETWEEN 6942264 AND 6942364
	Index Only Scan using k_1 on sbtest1  (cost=0.43..6.37 rows=97 width=4)
	  Index Cond: ((k >= 6942264) AND (k <= 6942364))

table 2 : explain SELECT k FROM sbtest2 WHERE k BETWEEN 6942264 AND 6942364
	Index Only Scan using k_2 on sbtest2  (cost=0.43..6.42 rows=99 width=4)
	  Index Cond: ((k >= 6942264) AND (k <= 6942364))

table 3 : explain SELECT k FROM sbtest3 WHERE k BETWEEN 6942264 AND 6942364
	Index Only Scan using k_3 on sbtest3  (cost=0.43..10.40 rows=98 width=4)
	  Index Cond: ((k >= 6942264) AND (k <= 6942364))

table 4 : explain SELECT k FROM sbtest4 WHERE k BETWEEN 6942264 AND 6942364
	Index Only Scan using k_4 on sbtest4  (cost=0.43..6.61 rows=109 width=4)
	  Index Cond: ((k >= 6942264) AND (k <= 6942364))

table 5 : explain SELECT k FROM sbtest5 WHERE k BETWEEN 6942264 AND 6942364
	Index Only Scan using k_5 on sbtest5  (cost=0.43..6.67 rows=112 width=4)
	  Index Cond: ((k >= 6942264) AND (k <= 6942364))

table 6 : explain SELECT k FROM sbtest6 WHERE k BETWEEN 6942264 AND 6942364
	Index Only Scan using k_6 on sbtest6  (cost=0.43..10.29 rows=93 width=4)
	  Index Cond: ((k >= 6942264) AND (k <= 6942364))

table 7 : explain SELECT k FROM sbtest7 WHERE k BETWEEN 6942264 AND 6942364
	Index Only Scan using k_7 on sbtest7  (cost=0.43..10.40 rows=98 width=4)
	  Index Cond: ((k >= 6942264) AND (k <= 6942364))

table 8 : explain SELECT k FROM sbtest8 WHERE k BETWEEN 6942264 AND 6942364
	Index Only Scan using k_8 on sbtest8  (cost=0.43..6.58 rows=107 width=4)
	  Index Cond: ((k >= 6942264) AND (k <= 6942364))

explain: for range-covered :: explain SELECT k FROM sbtest%d WHERE k BETWEEN 6942264 AND 6942364
explain: for range-covered :: explain SELECT k FROM sbtest%d WHERE k BETWEEN 7001773 AND 7001873
explain: for range-covered :: explain SELECT k FROM sbtest%d WHERE k BETWEEN 8117076 AND 8117176
for range-covered
table 1 : explain SELECT k FROM sbtest1 WHERE k BETWEEN 6942264 AND 6942364
	Index Only Scan using k_1 on sbtest1  (cost=0.43..6.37 rows=97 width=4)
	  Index Cond: ((k >= 6942264) AND (k <= 6942364))

table 2 : explain SELECT k FROM sbtest2 WHERE k BETWEEN 6942264 AND 6942364
	Index Only Scan using k_2 on sbtest2  (cost=0.43..6.42 rows=99 width=4)
	  Index Cond: ((k >= 6942264) AND (k <= 6942364))

table 3 : explain SELECT k FROM sbtest3 WHERE k BETWEEN 6942264 AND 6942364
	Index Only Scan using k_3 on sbtest3  (cost=0.43..10.40 rows=98 width=4)
	  Index Cond: ((k >= 6942264) AND (k <= 6942364))

table 4 : explain SELECT k FROM sbtest4 WHERE k BETWEEN 6942264 AND 6942364
	Index Only Scan using k_4 on sbtest4  (cost=0.43..6.61 rows=109 width=4)
	  Index Cond: ((k >= 6942264) AND (k <= 6942364))

table 5 : explain SELECT k FROM sbtest5 WHERE k BETWEEN 6942264 AND 6942364
	Index Only Scan using k_5 on sbtest5  (cost=0.43..6.67 rows=112 width=4)
	  Index Cond: ((k >= 6942264) AND (k <= 6942364))

table 6 : explain SELECT k FROM sbtest6 WHERE k BETWEEN 6942264 AND 6942364
	Index Only Scan using k_6 on sbtest6  (cost=0.43..10.29 rows=93 width=4)
	  Index Cond: ((k >= 6942264) AND (k <= 6942364))

table 7 : explain SELECT k FROM sbtest7 WHERE k BETWEEN 6942264 AND 6942364
	Index Only Scan using k_7 on sbtest7  (cost=0.43..10.40 rows=98 width=4)
	  Index Cond: ((k >= 6942264) AND (k <= 6942364))

table 8 : explain SELECT k FROM sbtest8 WHERE k BETWEEN 6942264 AND 6942364
	Index Only Scan using k_8 on sbtest8  (cost=0.43..6.58 rows=107 width=4)
	  Index Cond: ((k >= 6942264) AND (k <= 6942364))

explain: for range-covered :: explain SELECT k FROM sbtest%d WHERE k BETWEEN 6942264 AND 6942364
explain: for range-covered :: explain SELECT k FROM sbtest%d WHERE k BETWEEN 7428469 AND 7428569
for range-covered
table 1 : explain SELECT k FROM sbtest1 WHERE k BETWEEN 4184822 AND 4184922
	Index Only Scan using k_1 on sbtest1  (cost=0.43..6.35 rows=96 width=4)
	  Index Cond: ((k >= 4184822) AND (k <= 4184922))

table 2 : explain SELECT k FROM sbtest2 WHERE k BETWEEN 4184822 AND 4184922
	Index Only Scan using k_2 on sbtest2  (cost=0.43..6.59 rows=108 width=4)
	  Index Cond: ((k >= 4184822) AND (k <= 4184922))

table 3 : explain SELECT k FROM sbtest3 WHERE k BETWEEN 4184822 AND 4184922
	Index Only Scan using k_3 on sbtest3  (cost=0.43..10.44 rows=100 width=4)
	  Index Cond: ((k >= 4184822) AND (k <= 4184922))

table 4 : explain SELECT k FROM sbtest4 WHERE k BETWEEN 4184822 AND 4184922
	Index Only Scan using k_4 on sbtest4  (cost=0.43..6.58 rows=107 width=4)
	  Index Cond: ((k >= 4184822) AND (k <= 4184922))

table 5 : explain SELECT k FROM sbtest5 WHERE k BETWEEN 4184822 AND 4184922
	Index Only Scan using k_5 on sbtest5  (cost=0.43..6.27 rows=92 width=4)
	  Index Cond: ((k >= 4184822) AND (k <= 4184922))

table 6 : explain SELECT k FROM sbtest6 WHERE k BETWEEN 4184822 AND 4184922
	Index Only Scan using k_6 on sbtest6  (cost=0.43..10.50 rows=103 width=4)
	  Index Cond: ((k >= 4184822) AND (k <= 4184922))

table 7 : explain SELECT k FROM sbtest7 WHERE k BETWEEN 4184822 AND 4184922
	Index Only Scan using k_7 on sbtest7  (cost=0.43..10.36 rows=96 width=4)
	  Index Cond: ((k >= 4184822) AND (k <= 4184922))

table 8 : explain SELECT k FROM sbtest8 WHERE k BETWEEN 4184822 AND 4184922
	Index Only Scan using k_8 on sbtest8  (cost=0.43..6.33 rows=95 width=4)
	  Index Cond: ((k >= 4184822) AND (k <= 4184922))

for range-covered
table 1 : explain SELECT k FROM sbtest1 WHERE k BETWEEN 7402914 AND 7403014
	Index Only Scan using k_1 on sbtest1  (cost=0.43..6.33 rows=95 width=4)
	  Index Cond: ((k >= 7402914) AND (k <= 7403014))

table 2 : explain SELECT k FROM sbtest2 WHERE k BETWEEN 7402914 AND 7403014
	Index Only Scan using k_2 on sbtest2  (cost=0.43..6.37 rows=97 width=4)
	  Index Cond: ((k >= 7402914) AND (k <= 7403014))

table 3 : explain SELECT k FROM sbtest3 WHERE k BETWEEN 7402914 AND 7403014
	Index Only Scan using k_3 on sbtest3  (cost=0.43..10.51 rows=104 width=4)
	  Index Cond: ((k >= 7402914) AND (k <= 7403014))

table 4 : explain SELECT k FROM sbtest4 WHERE k BETWEEN 7402914 AND 7403014
	Index Only Scan using k_4 on sbtest4  (cost=0.43..6.79 rows=118 width=4)
	  Index Cond: ((k >= 7402914) AND (k <= 7403014))

table 5 : explain SELECT k FROM sbtest5 WHERE k BETWEEN 7402914 AND 7403014
	Index Only Scan using k_5 on sbtest5  (cost=0.43..6.56 rows=106 width=4)
	  Index Cond: ((k >= 7402914) AND (k <= 7403014))

table 6 : explain SELECT k FROM sbtest6 WHERE k BETWEEN 7402914 AND 7403014
	Index Only Scan using k_6 on sbtest6  (cost=0.43..10.44 rows=100 width=4)
	  Index Cond: ((k >= 7402914) AND (k <= 7403014))

table 7 : explain SELECT k FROM sbtest7 WHERE k BETWEEN 7402914 AND 7403014
	Index Only Scan using k_7 on sbtest7  (cost=0.43..10.68 rows=112 width=4)
	  Index Cond: ((k >= 7402914) AND (k <= 7403014))

table 8 : explain SELECT k FROM sbtest8 WHERE k BETWEEN 7402914 AND 7403014
	Index Only Scan using k_8 on sbtest8  (cost=0.43..6.29 rows=93 width=4)
	  Index Cond: ((k >= 7402914) AND (k <= 7403014))

explain: for range-covered :: explain SELECT k FROM sbtest%d WHERE k BETWEEN 7402914 AND 7403014
explain: for range-covered :: explain SELECT k FROM sbtest%d WHERE k BETWEEN 4184822 AND 4184922
for range-covered
table 1 : explain SELECT k FROM sbtest1 WHERE k BETWEEN 6942264 AND 6942364
	Index Only Scan using k_1 on sbtest1  (cost=0.43..6.37 rows=97 width=4)
	  Index Cond: ((k >= 6942264) AND (k <= 6942364))

table 2 : explain SELECT k FROM sbtest2 WHERE k BETWEEN 6942264 AND 6942364
	Index Only Scan using k_2 on sbtest2  (cost=0.43..6.42 rows=99 width=4)
	  Index Cond: ((k >= 6942264) AND (k <= 6942364))

table 3 : explain SELECT k FROM sbtest3 WHERE k BETWEEN 6942264 AND 6942364
	Index Only Scan using k_3 on sbtest3  (cost=0.43..10.40 rows=98 width=4)
	  Index Cond: ((k >= 6942264) AND (k <= 6942364))

table 4 : explain SELECT k FROM sbtest4 WHERE k BETWEEN 6942264 AND 6942364
	Index Only Scan using k_4 on sbtest4  (cost=0.43..6.61 rows=109 width=4)
	  Index Cond: ((k >= 6942264) AND (k <= 6942364))

table 5 : explain SELECT k FROM sbtest5 WHERE k BETWEEN 6942264 AND 6942364
	Index Only Scan using k_5 on sbtest5  (cost=0.43..6.67 rows=112 width=4)
	  Index Cond: ((k >= 6942264) AND (k <= 6942364))

table 6 : explain SELECT k FROM sbtest6 WHERE k BETWEEN 6942264 AND 6942364
	Index Only Scan using k_6 on sbtest6  (cost=0.43..10.29 rows=93 width=4)
	  Index Cond: ((k >= 6942264) AND (k <= 6942364))

table 7 : explain SELECT k FROM sbtest7 WHERE k BETWEEN 6942264 AND 6942364
	Index Only Scan using k_7 on sbtest7  (cost=0.43..10.40 rows=98 width=4)
	  Index Cond: ((k >= 6942264) AND (k <= 6942364))

table 8 : explain SELECT k FROM sbtest8 WHERE k BETWEEN 6942264 AND 6942364
	Index Only Scan using k_8 on sbtest8  (cost=0.43..6.58 rows=107 width=4)
	  Index Cond: ((k >= 6942264) AND (k <= 6942364))

explain: for range-covered :: explain SELECT k FROM sbtest%d WHERE k BETWEEN 6942264 AND 6942364
for range-covered
table 1 : explain SELECT k FROM sbtest1 WHERE k BETWEEN 1462742 AND 1462842
	Index Only Scan using k_1 on sbtest1  (cost=0.43..6.42 rows=99 width=4)
	  Index Cond: ((k >= 1462742) AND (k <= 1462842))

table 2 : explain SELECT k FROM sbtest2 WHERE k BETWEEN 1462742 AND 1462842
	Index Only Scan using k_2 on sbtest2  (cost=0.43..6.42 rows=99 width=4)
	  Index Cond: ((k >= 1462742) AND (k <= 1462842))

table 3 : explain SELECT k FROM sbtest3 WHERE k BETWEEN 1462742 AND 1462842
	Index Only Scan using k_3 on sbtest3  (cost=0.43..10.60 rows=108 width=4)
	  Index Cond: ((k >= 1462742) AND (k <= 1462842))

table 4 : explain SELECT k FROM sbtest4 WHERE k BETWEEN 1462742 AND 1462842
	Index Only Scan using k_4 on sbtest4  (cost=0.43..6.69 rows=113 width=4)
	  Index Cond: ((k >= 1462742) AND (k <= 1462842))

table 5 : explain SELECT k FROM sbtest5 WHERE k BETWEEN 1462742 AND 1462842
	Index Only Scan using k_5 on sbtest5  (cost=0.43..6.58 rows=107 width=4)
	  Index Cond: ((k >= 1462742) AND (k <= 1462842))

table 6 : explain SELECT k FROM sbtest6 WHERE k BETWEEN 1462742 AND 1462842
	Index Only Scan using k_6 on sbtest6  (cost=0.43..10.47 rows=102 width=4)
	  Index Cond: ((k >= 1462742) AND (k <= 1462842))

table 7 : explain SELECT k FROM sbtest7 WHERE k BETWEEN 1462742 AND 1462842
	Index Only Scan using k_7 on sbtest7  (cost=0.43..10.47 rows=102 width=4)
	  Index Cond: ((k >= 1462742) AND (k <= 1462842))

table 8 : explain SELECT k FROM sbtest8 WHERE k BETWEEN 1462742 AND 1462842
	Index Only Scan using k_8 on sbtest8  (cost=0.43..6.45 rows=101 width=4)
	  Index Cond: ((k >= 1462742) AND (k <= 1462842))

explain: for range-covered :: explain SELECT k FROM sbtest%d WHERE k BETWEEN 1462742 AND 1462842
for range-covered
table 1 : explain SELECT k FROM sbtest1 WHERE k BETWEEN 7402914 AND 7403014
	Index Only Scan using k_1 on sbtest1  (cost=0.43..6.33 rows=95 width=4)
	  Index Cond: ((k >= 7402914) AND (k <= 7403014))

table 2 : explain SELECT k FROM sbtest2 WHERE k BETWEEN 7402914 AND 7403014
	Index Only Scan using k_2 on sbtest2  (cost=0.43..6.37 rows=97 width=4)
	  Index Cond: ((k >= 7402914) AND (k <= 7403014))

table 3 : explain SELECT k FROM sbtest3 WHERE k BETWEEN 7402914 AND 7403014
	Index Only Scan using k_3 on sbtest3  (cost=0.43..10.51 rows=104 width=4)
	  Index Cond: ((k >= 7402914) AND (k <= 7403014))

table 4 : explain SELECT k FROM sbtest4 WHERE k BETWEEN 7402914 AND 7403014
	Index Only Scan using k_4 on sbtest4  (cost=0.43..6.79 rows=118 width=4)
	  Index Cond: ((k >= 7402914) AND (k <= 7403014))

table 5 : explain SELECT k FROM sbtest5 WHERE k BETWEEN 7402914 AND 7403014
	Index Only Scan using k_5 on sbtest5  (cost=0.43..6.56 rows=106 width=4)
	  Index Cond: ((k >= 7402914) AND (k <= 7403014))

table 6 : explain SELECT k FROM sbtest6 WHERE k BETWEEN 7402914 AND 7403014
	Index Only Scan using k_6 on sbtest6  (cost=0.43..10.44 rows=100 width=4)
	  Index Cond: ((k >= 7402914) AND (k <= 7403014))

table 7 : explain SELECT k FROM sbtest7 WHERE k BETWEEN 7402914 AND 7403014
	Index Only Scan using k_7 on sbtest7  (cost=0.43..10.68 rows=112 width=4)
	  Index Cond: ((k >= 7402914) AND (k <= 7403014))

table 8 : explain SELECT k FROM sbtest8 WHERE k BETWEEN 7402914 AND 7403014
	Index Only Scan using k_8 on sbtest8  (cost=0.43..6.29 rows=93 width=4)
	  Index Cond: ((k >= 7402914) AND (k <= 7403014))

for range-covered
table 1 : explain SELECT k FROM sbtest1 WHERE k BETWEEN 4791252 AND 4791352
	Index Only Scan using k_1 on sbtest1  (cost=0.43..6.75 rows=116 width=4)
	  Index Cond: ((k >= 4791252) AND (k <= 4791352))

table 2 : explain SELECT k FROM sbtest2 WHERE k BETWEEN 4791252 AND 4791352
	Index Only Scan using k_2 on sbtest2  (cost=0.43..6.47 rows=102 width=4)
	  Index Cond: ((k >= 4791252) AND (k <= 4791352))

table 3 : explain SELECT k FROM sbtest3 WHERE k BETWEEN 4791252 AND 4791352
	Index Only Scan using k_3 on sbtest3  (cost=0.43..10.33 rows=95 width=4)
	  Index Cond: ((k >= 4791252) AND (k <= 4791352))

table 4 : explain SELECT k FROM sbtest4 WHERE k BETWEEN 4791252 AND 4791352
	Index Only Scan using k_4 on sbtest4  (cost=0.43..6.47 rows=102 width=4)
	  Index Cond: ((k >= 4791252) AND (k <= 4791352))

table 5 : explain SELECT k FROM sbtest5 WHERE k BETWEEN 4791252 AND 4791352
	Index Only Scan using k_5 on sbtest5  (cost=0.43..6.37 rows=97 width=4)
	  Index Cond: ((k >= 4791252) AND (k <= 4791352))

table 6 : explain SELECT k FROM sbtest6 WHERE k BETWEEN 4791252 AND 4791352
	Index Only Scan using k_6 on sbtest6  (cost=0.43..10.58 rows=107 width=4)
	  Index Cond: ((k >= 4791252) AND (k <= 4791352))

table 7 : explain SELECT k FROM sbtest7 WHERE k BETWEEN 4791252 AND 4791352
	Index Only Scan using k_7 on sbtest7  (cost=0.43..10.58 rows=107 width=4)
	  Index Cond: ((k >= 4791252) AND (k <= 4791352))

table 8 : explain SELECT k FROM sbtest8 WHERE k BETWEEN 4791252 AND 4791352
	Index Only Scan using k_8 on sbtest8  (cost=0.43..6.63 rows=110 width=4)
	  Index Cond: ((k >= 4791252) AND (k <= 4791352))

explain: for range-covered :: explain SELECT k FROM sbtest%d WHERE k BETWEEN 7402914 AND 7403014
explain: for range-covered :: explain SELECT k FROM sbtest%d WHERE k BETWEEN 4791252 AND 4791352
for range-covered
table 1 : explain SELECT k FROM sbtest1 WHERE k BETWEEN 6942264 AND 6942364
	Index Only Scan using k_1 on sbtest1  (cost=0.43..6.37 rows=97 width=4)
	  Index Cond: ((k >= 6942264) AND (k <= 6942364))

table 2 : explain SELECT k FROM sbtest2 WHERE k BETWEEN 6942264 AND 6942364
	Index Only Scan using k_2 on sbtest2  (cost=0.43..6.42 rows=99 width=4)
	  Index Cond: ((k >= 6942264) AND (k <= 6942364))

table 3 : explain SELECT k FROM sbtest3 WHERE k BETWEEN 6942264 AND 6942364
	Index Only Scan using k_3 on sbtest3  (cost=0.43..10.40 rows=98 width=4)
	  Index Cond: ((k >= 6942264) AND (k <= 6942364))

table 4 : explain SELECT k FROM sbtest4 WHERE k BETWEEN 6942264 AND 6942364
	Index Only Scan using k_4 on sbtest4  (cost=0.43..6.61 rows=109 width=4)
	  Index Cond: ((k >= 6942264) AND (k <= 6942364))

table 5 : explain SELECT k FROM sbtest5 WHERE k BETWEEN 6942264 AND 6942364
	Index Only Scan using k_5 on sbtest5  (cost=0.43..6.67 rows=112 width=4)
	  Index Cond: ((k >= 6942264) AND (k <= 6942364))

table 6 : explain SELECT k FROM sbtest6 WHERE k BETWEEN 6942264 AND 6942364
	Index Only Scan using k_6 on sbtest6  (cost=0.43..10.29 rows=93 width=4)
	  Index Cond: ((k >= 6942264) AND (k <= 6942364))

table 7 : explain SELECT k FROM sbtest7 WHERE k BETWEEN 6942264 AND 6942364
	Index Only Scan using k_7 on sbtest7  (cost=0.43..10.40 rows=98 width=4)
	  Index Cond: ((k >= 6942264) AND (k <= 6942364))

table 8 : explain SELECT k FROM sbtest8 WHERE k BETWEEN 6942264 AND 6942364
	Index Only Scan using k_8 on sbtest8  (cost=0.43..6.58 rows=107 width=4)
	  Index Cond: ((k >= 6942264) AND (k <= 6942364))

explain: for range-covered :: explain SELECT k FROM sbtest%d WHERE k BETWEEN 6942264 AND 6942364
for range-covered
table 1 : explain SELECT k FROM sbtest1 WHERE k BETWEEN 5246712 AND 5246812
	Index Only Scan using k_1 on sbtest1  (cost=0.43..6.53 rows=105 width=4)
	  Index Cond: ((k >= 5246712) AND (k <= 5246812))

table 2 : explain SELECT k FROM sbtest2 WHERE k BETWEEN 5246712 AND 5246812
	Index Only Scan using k_2 on sbtest2  (cost=0.43..6.40 rows=98 width=4)
	  Index Cond: ((k >= 5246712) AND (k <= 5246812))

table 3 : explain SELECT k FROM sbtest3 WHERE k BETWEEN 5246712 AND 5246812
	Index Only Scan using k_3 on sbtest3  (cost=0.43..10.60 rows=108 width=4)
	  Index Cond: ((k >= 5246712) AND (k <= 5246812))

table 4 : explain SELECT k FROM sbtest4 WHERE k BETWEEN 5246712 AND 5246812
	Index Only Scan using k_4 on sbtest4  (cost=0.43..6.53 rows=105 width=4)
	  Index Cond: ((k >= 5246712) AND (k <= 5246812))

table 5 : explain SELECT k FROM sbtest5 WHERE k BETWEEN 5246712 AND 5246812
	Index Only Scan using k_5 on sbtest5  (cost=0.43..6.45 rows=101 width=4)
	  Index Cond: ((k >= 5246712) AND (k <= 5246812))

table 6 : explain SELECT k FROM sbtest6 WHERE k BETWEEN 5246712 AND 5246812
	Index Only Scan using k_6 on sbtest6  (cost=0.43..10.42 rows=99 width=4)
	  Index Cond: ((k >= 5246712) AND (k <= 5246812))

table 7 : explain SELECT k FROM sbtest7 WHERE k BETWEEN 5246712 AND 5246812
	Index Only Scan using k_7 on sbtest7  (cost=0.43..10.50 rows=103 width=4)
	  Index Cond: ((k >= 5246712) AND (k <= 5246812))

table 8 : explain SELECT k FROM sbtest8 WHERE k BETWEEN 5246712 AND 5246812
	Index Only Scan using k_8 on sbtest8  (cost=0.43..6.33 rows=95 width=4)
	  Index Cond: ((k >= 5246712) AND (k <= 5246812))

for range-covered
table 1 : explain SELECT k FROM sbtest1 WHERE k BETWEEN 4184822 AND 4184922
	Index Only Scan using k_1 on sbtest1  (cost=0.43..6.35 rows=96 width=4)
	  Index Cond: ((k >= 4184822) AND (k <= 4184922))

table 2 : explain SELECT k FROM sbtest2 WHERE k BETWEEN 4184822 AND 4184922
	Index Only Scan using k_2 on sbtest2  (cost=0.43..6.59 rows=108 width=4)
	  Index Cond: ((k >= 4184822) AND (k <= 4184922))

table 3 : explain SELECT k FROM sbtest3 WHERE k BETWEEN 4184822 AND 4184922
	Index Only Scan using k_3 on sbtest3  (cost=0.43..10.44 rows=100 width=4)
	  Index Cond: ((k >= 4184822) AND (k <= 4184922))

table 4 : explain SELECT k FROM sbtest4 WHERE k BETWEEN 4184822 AND 4184922
	Index Only Scan using k_4 on sbtest4  (cost=0.43..6.58 rows=107 width=4)
	  Index Cond: ((k >= 4184822) AND (k <= 4184922))

table 5 : explain SELECT k FROM sbtest5 WHERE k BETWEEN 4184822 AND 4184922
	Index Only Scan using k_5 on sbtest5  (cost=0.43..6.27 rows=92 width=4)
	  Index Cond: ((k >= 4184822) AND (k <= 4184922))

table 6 : explain SELECT k FROM sbtest6 WHERE k BETWEEN 4184822 AND 4184922
	Index Only Scan using k_6 on sbtest6  (cost=0.43..10.50 rows=103 width=4)
	  Index Cond: ((k >= 4184822) AND (k <= 4184922))

table 7 : explain SELECT k FROM sbtest7 WHERE k BETWEEN 4184822 AND 4184922
	Index Only Scan using k_7 on sbtest7  (cost=0.43..10.36 rows=96 width=4)
	  Index Cond: ((k >= 4184822) AND (k <= 4184922))

table 8 : explain SELECT k FROM sbtest8 WHERE k BETWEEN 4184822 AND 4184922
	Index Only Scan using k_8 on sbtest8  (cost=0.43..6.33 rows=95 width=4)
	  Index Cond: ((k >= 4184822) AND (k <= 4184922))

for range-covered
table 1 : explain SELECT k FROM sbtest1 WHERE k BETWEEN 1462742 AND 1462842
	Index Only Scan using k_1 on sbtest1  (cost=0.43..6.42 rows=99 width=4)
	  Index Cond: ((k >= 1462742) AND (k <= 1462842))

table 2 : explain SELECT k FROM sbtest2 WHERE k BETWEEN 1462742 AND 1462842
	Index Only Scan using k_2 on sbtest2  (cost=0.43..6.42 rows=99 width=4)
	  Index Cond: ((k >= 1462742) AND (k <= 1462842))

table 3 : explain SELECT k FROM sbtest3 WHERE k BETWEEN 1462742 AND 1462842
	Index Only Scan using k_3 on sbtest3  (cost=0.43..10.60 rows=108 width=4)
	  Index Cond: ((k >= 1462742) AND (k <= 1462842))

table 4 : explain SELECT k FROM sbtest4 WHERE k BETWEEN 1462742 AND 1462842
	Index Only Scan using k_4 on sbtest4  (cost=0.43..6.69 rows=113 width=4)
	  Index Cond: ((k >= 1462742) AND (k <= 1462842))

table 5 : explain SELECT k FROM sbtest5 WHERE k BETWEEN 1462742 AND 1462842
	Index Only Scan using k_5 on sbtest5  (cost=0.43..6.58 rows=107 width=4)
	  Index Cond: ((k >= 1462742) AND (k <= 1462842))

table 6 : explain SELECT k FROM sbtest6 WHERE k BETWEEN 1462742 AND 1462842
	Index Only Scan using k_6 on sbtest6  (cost=0.43..10.47 rows=102 width=4)
	  Index Cond: ((k >= 1462742) AND (k <= 1462842))

table 7 : explain SELECT k FROM sbtest7 WHERE k BETWEEN 1462742 AND 1462842
	Index Only Scan using k_7 on sbtest7  (cost=0.43..10.47 rows=102 width=4)
	  Index Cond: ((k >= 1462742) AND (k <= 1462842))

table 8 : explain SELECT k FROM sbtest8 WHERE k BETWEEN 1462742 AND 1462842
	Index Only Scan using k_8 on sbtest8  (cost=0.43..6.45 rows=101 width=4)
	  Index Cond: ((k >= 1462742) AND (k <= 1462842))

explain: for range-covered :: explain SELECT k FROM sbtest%d WHERE k BETWEEN 4184822 AND 4184922
explain: for range-covered :: explain SELECT k FROM sbtest%d WHERE k BETWEEN 1462742 AND 1462842
for range-covered
table 1 : explain SELECT k FROM sbtest1 WHERE k BETWEEN 7001773 AND 7001873
	Index Only Scan using k_1 on sbtest1  (cost=0.43..6.50 rows=103 width=4)
	  Index Cond: ((k >= 7001773) AND (k <= 7001873))

table 2 : explain SELECT k FROM sbtest2 WHERE k BETWEEN 7001773 AND 7001873
	Index Only Scan using k_2 on sbtest2  (cost=0.43..6.45 rows=101 width=4)
	  Index Cond: ((k >= 7001773) AND (k <= 7001873))

table 3 : explain SELECT k FROM sbtest3 WHERE k BETWEEN 7001773 AND 7001873
	Index Only Scan using k_3 on sbtest3  (cost=0.43..10.40 rows=98 width=4)
	  Index Cond: ((k >= 7001773) AND (k <= 7001873))

table 4 : explain SELECT k FROM sbtest4 WHERE k BETWEEN 7001773 AND 7001873
	Index Only Scan using k_4 on sbtest4  (cost=0.43..6.61 rows=109 width=4)
	  Index Cond: ((k >= 7001773) AND (k <= 7001873))

table 5 : explain SELECT k FROM sbtest5 WHERE k BETWEEN 7001773 AND 7001873
	Index Only Scan using k_5 on sbtest5  (cost=0.43..6.56 rows=106 width=4)
	  Index Cond: ((k >= 7001773) AND (k <= 7001873))

table 6 : explain SELECT k FROM sbtest6 WHERE k BETWEEN 7001773 AND 7001873
	Index Only Scan using k_6 on sbtest6  (cost=0.43..10.29 rows=93 width=4)
	  Index Cond: ((k >= 7001773) AND (k <= 7001873))

table 7 : explain SELECT k FROM sbtest7 WHERE k BETWEEN 7001773 AND 7001873
	Index Only Scan using k_7 on sbtest7  (cost=0.43..10.44 rows=100 width=4)
	  Index Cond: ((k >= 7001773) AND (k <= 7001873))

table 8 : explain SELECT k FROM sbtest8 WHERE k BETWEEN 7001773 AND 7001873
	Index Only Scan using k_8 on sbtest8  (cost=0.43..6.58 rows=107 width=4)
	  Index Cond: ((k >= 7001773) AND (k <= 7001873))

for range-covered
table 1 : explain SELECT k FROM sbtest1 WHERE k BETWEEN 7402914 AND 7403014
	Index Only Scan using k_1 on sbtest1  (cost=0.43..6.33 rows=95 width=4)
	  Index Cond: ((k >= 7402914) AND (k <= 7403014))

table 2 : explain SELECT k FROM sbtest2 WHERE k BETWEEN 7402914 AND 7403014
	Index Only Scan using k_2 on sbtest2  (cost=0.43..6.37 rows=97 width=4)
	  Index Cond: ((k >= 7402914) AND (k <= 7403014))

table 3 : explain SELECT k FROM sbtest3 WHERE k BETWEEN 7402914 AND 7403014
	Index Only Scan using k_3 on sbtest3  (cost=0.43..10.51 rows=104 width=4)
	  Index Cond: ((k >= 7402914) AND (k <= 7403014))

table 4 : explain SELECT k FROM sbtest4 WHERE k BETWEEN 7402914 AND 7403014
	Index Only Scan using k_4 on sbtest4  (cost=0.43..6.79 rows=118 width=4)
	  Index Cond: ((k >= 7402914) AND (k <= 7403014))

table 5 : explain SELECT k FROM sbtest5 WHERE k BETWEEN 7402914 AND 7403014
	Index Only Scan using k_5 on sbtest5  (cost=0.43..6.56 rows=106 width=4)
	  Index Cond: ((k >= 7402914) AND (k <= 7403014))

table 6 : explain SELECT k FROM sbtest6 WHERE k BETWEEN 7402914 AND 7403014
	Index Only Scan using k_6 on sbtest6  (cost=0.43..10.44 rows=100 width=4)
	  Index Cond: ((k >= 7402914) AND (k <= 7403014))

table 7 : explain SELECT k FROM sbtest7 WHERE k BETWEEN 7402914 AND 7403014
	Index Only Scan using k_7 on sbtest7  (cost=0.43..10.68 rows=112 width=4)
	  Index Cond: ((k >= 7402914) AND (k <= 7403014))

table 8 : explain SELECT k FROM sbtest8 WHERE k BETWEEN 7402914 AND 7403014
	Index Only Scan using k_8 on sbtest8  (cost=0.43..6.29 rows=93 width=4)
	  Index Cond: ((k >= 7402914) AND (k <= 7403014))

explain: for range-covered :: explain SELECT k FROM sbtest%d WHERE k BETWEEN 5246712 AND 5246812
explain: for range-covered :: explain SELECT k FROM sbtest%d WHERE k BETWEEN 7001773 AND 7001873
explain: for range-covered :: explain SELECT k FROM sbtest%d WHERE k BETWEEN 7402914 AND 7403014
for range-covered
table 1 : explain SELECT k FROM sbtest1 WHERE k BETWEEN 4791252 AND 4791352
	Index Only Scan using k_1 on sbtest1  (cost=0.43..6.75 rows=116 width=4)
	  Index Cond: ((k >= 4791252) AND (k <= 4791352))

table 2 : explain SELECT k FROM sbtest2 WHERE k BETWEEN 4791252 AND 4791352
	Index Only Scan using k_2 on sbtest2  (cost=0.43..6.47 rows=102 width=4)
	  Index Cond: ((k >= 4791252) AND (k <= 4791352))

table 3 : explain SELECT k FROM sbtest3 WHERE k BETWEEN 4791252 AND 4791352
	Index Only Scan using k_3 on sbtest3  (cost=0.43..10.33 rows=95 width=4)
	  Index Cond: ((k >= 4791252) AND (k <= 4791352))

table 4 : explain SELECT k FROM sbtest4 WHERE k BETWEEN 4791252 AND 4791352
	Index Only Scan using k_4 on sbtest4  (cost=0.43..6.47 rows=102 width=4)
	  Index Cond: ((k >= 4791252) AND (k <= 4791352))

table 5 : explain SELECT k FROM sbtest5 WHERE k BETWEEN 4791252 AND 4791352
	Index Only Scan using k_5 on sbtest5  (cost=0.43..6.37 rows=97 width=4)
	  Index Cond: ((k >= 4791252) AND (k <= 4791352))

table 6 : explain SELECT k FROM sbtest6 WHERE k BETWEEN 4791252 AND 4791352
	Index Only Scan using k_6 on sbtest6  (cost=0.43..10.58 rows=107 width=4)
	  Index Cond: ((k >= 4791252) AND (k <= 4791352))

table 7 : explain SELECT k FROM sbtest7 WHERE k BETWEEN 4791252 AND 4791352
	Index Only Scan using k_7 on sbtest7  (cost=0.43..10.58 rows=107 width=4)
	  Index Cond: ((k >= 4791252) AND (k <= 4791352))

table 8 : explain SELECT k FROM sbtest8 WHERE k BETWEEN 4791252 AND 4791352
	Index Only Scan using k_8 on sbtest8  (cost=0.43..6.63 rows=110 width=4)
	  Index Cond: ((k >= 4791252) AND (k <= 4791352))

for range-covered
table 1 : explain SELECT k FROM sbtest1 WHERE k BETWEEN 8117076 AND 8117176
	Index Only Scan using k_1 on sbtest1  (cost=0.43..6.74 rows=115 width=4)
	  Index Cond: ((k >= 8117076) AND (k <= 8117176))

table 2 : explain SELECT k FROM sbtest2 WHERE k BETWEEN 8117076 AND 8117176
	Index Only Scan using k_2 on sbtest2  (cost=0.43..6.35 rows=96 width=4)
	  Index Cond: ((k >= 8117076) AND (k <= 8117176))

table 3 : explain SELECT k FROM sbtest3 WHERE k BETWEEN 8117076 AND 8117176
	Index Only Scan using k_3 on sbtest3  (cost=0.43..10.50 rows=103 width=4)
	  Index Cond: ((k >= 8117076) AND (k <= 8117176))

table 4 : explain SELECT k FROM sbtest4 WHERE k BETWEEN 8117076 AND 8117176
	Index Only Scan using k_4 on sbtest4  (cost=0.43..6.63 rows=110 width=4)
	  Index Cond: ((k >= 8117076) AND (k <= 8117176))

table 5 : explain SELECT k FROM sbtest5 WHERE k BETWEEN 8117076 AND 8117176
	Index Only Scan using k_5 on sbtest5  (cost=0.43..6.50 rows=103 width=4)
	  Index Cond: ((k >= 8117076) AND (k <= 8117176))

table 6 : explain SELECT k FROM sbtest6 WHERE k BETWEEN 8117076 AND 8117176
	Index Only Scan using k_6 on sbtest6  (cost=0.43..10.63 rows=110 width=4)
	  Index Cond: ((k >= 8117076) AND (k <= 8117176))

table 7 : explain SELECT k FROM sbtest7 WHERE k BETWEEN 8117076 AND 8117176
	Index Only Scan using k_7 on sbtest7  (cost=0.43..10.32 rows=94 width=4)
	  Index Cond: ((k >= 8117076) AND (k <= 8117176))

table 8 : explain SELECT k FROM sbtest8 WHERE k BETWEEN 8117076 AND 8117176
	Index Only Scan using k_8 on sbtest8  (cost=0.43..6.37 rows=97 width=4)
	  Index Cond: ((k >= 8117076) AND (k <= 8117176))

explain: for range-covered :: explain SELECT k FROM sbtest%d WHERE k BETWEEN 4791252 AND 4791352
explain: for range-covered :: explain SELECT k FROM sbtest%d WHERE k BETWEEN 8117076 AND 8117176
for range-covered
table 1 : explain SELECT k FROM sbtest1 WHERE k BETWEEN 6942264 AND 6942364
	Index Only Scan using k_1 on sbtest1  (cost=0.43..6.37 rows=97 width=4)
	  Index Cond: ((k >= 6942264) AND (k <= 6942364))

table 2 : explain SELECT k FROM sbtest2 WHERE k BETWEEN 6942264 AND 6942364
	Index Only Scan using k_2 on sbtest2  (cost=0.43..6.42 rows=99 width=4)
	  Index Cond: ((k >= 6942264) AND (k <= 6942364))

table 3 : explain SELECT k FROM sbtest3 WHERE k BETWEEN 6942264 AND 6942364
	Index Only Scan using k_3 on sbtest3  (cost=0.43..10.40 rows=98 width=4)
	  Index Cond: ((k >= 6942264) AND (k <= 6942364))

table 4 : explain SELECT k FROM sbtest4 WHERE k BETWEEN 6942264 AND 6942364
	Index Only Scan using k_4 on sbtest4  (cost=0.43..6.61 rows=109 width=4)
	  Index Cond: ((k >= 6942264) AND (k <= 6942364))

table 5 : explain SELECT k FROM sbtest5 WHERE k BETWEEN 6942264 AND 6942364
	Index Only Scan using k_5 on sbtest5  (cost=0.43..6.67 rows=112 width=4)
	  Index Cond: ((k >= 6942264) AND (k <= 6942364))

table 6 : explain SELECT k FROM sbtest6 WHERE k BETWEEN 6942264 AND 6942364
	Index Only Scan using k_6 on sbtest6  (cost=0.43..10.29 rows=93 width=4)
	  Index Cond: ((k >= 6942264) AND (k <= 6942364))

table 7 : explain SELECT k FROM sbtest7 WHERE k BETWEEN 6942264 AND 6942364
	Index Only Scan using k_7 on sbtest7  (cost=0.43..10.40 rows=98 width=4)
	  Index Cond: ((k >= 6942264) AND (k <= 6942364))

table 8 : explain SELECT k FROM sbtest8 WHERE k BETWEEN 6942264 AND 6942364
	Index Only Scan using k_8 on sbtest8  (cost=0.43..6.58 rows=107 width=4)
	  Index Cond: ((k >= 6942264) AND (k <= 6942364))

explain: for range-covered :: explain SELECT k FROM sbtest%d WHERE k BETWEEN 6942264 AND 6942364
for range-covered
table 1 : explain SELECT k FROM sbtest1 WHERE k BETWEEN 7428469 AND 7428569
	Index Only Scan using k_1 on sbtest1  (cost=0.43..6.33 rows=95 width=4)
	  Index Cond: ((k >= 7428469) AND (k <= 7428569))

table 2 : explain SELECT k FROM sbtest2 WHERE k BETWEEN 7428469 AND 7428569
	Index Only Scan using k_2 on sbtest2  (cost=0.43..6.37 rows=97 width=4)
	  Index Cond: ((k >= 7428469) AND (k <= 7428569))

table 3 : explain SELECT k FROM sbtest3 WHERE k BETWEEN 7428469 AND 7428569
	Index Only Scan using k_3 on sbtest3  (cost=0.43..10.68 rows=112 width=4)
	  Index Cond: ((k >= 7428469) AND (k <= 7428569))

table 4 : explain SELECT k FROM sbtest4 WHERE k BETWEEN 7428469 AND 7428569
	Index Only Scan using k_4 on sbtest4  (cost=0.43..6.61 rows=109 width=4)
	  Index Cond: ((k >= 7428469) AND (k <= 7428569))

table 5 : explain SELECT k FROM sbtest5 WHERE k BETWEEN 7428469 AND 7428569
	Index Only Scan using k_5 on sbtest5  (cost=0.43..6.56 rows=106 width=4)
	  Index Cond: ((k >= 7428469) AND (k <= 7428569))

table 6 : explain SELECT k FROM sbtest6 WHERE k BETWEEN 7428469 AND 7428569
	Index Only Scan using k_6 on sbtest6  (cost=0.43..10.44 rows=100 width=4)
	  Index Cond: ((k >= 7428469) AND (k <= 7428569))

table 7 : explain SELECT k FROM sbtest7 WHERE k BETWEEN 7428469 AND 7428569
	Index Only Scan using k_7 on sbtest7  (cost=0.43..10.68 rows=112 width=4)
	  Index Cond: ((k >= 7428469) AND (k <= 7428569))

table 8 : explain SELECT k FROM sbtest8 WHERE k BETWEEN 7428469 AND 7428569
	Index Only Scan using k_8 on sbtest8  (cost=0.43..6.29 rows=93 width=4)
	  Index Cond: ((k >= 7428469) AND (k <= 7428569))

for range-covered
table 1 : explain SELECT k FROM sbtest1 WHERE k BETWEEN 1462742 AND 1462842
	Index Only Scan using k_1 on sbtest1  (cost=0.43..6.42 rows=99 width=4)
	  Index Cond: ((k >= 1462742) AND (k <= 1462842))

table 2 : explain SELECT k FROM sbtest2 WHERE k BETWEEN 1462742 AND 1462842
	Index Only Scan using k_2 on sbtest2  (cost=0.43..6.42 rows=99 width=4)
	  Index Cond: ((k >= 1462742) AND (k <= 1462842))

table 3 : explain SELECT k FROM sbtest3 WHERE k BETWEEN 1462742 AND 1462842
	Index Only Scan using k_3 on sbtest3  (cost=0.43..10.60 rows=108 width=4)
	  Index Cond: ((k >= 1462742) AND (k <= 1462842))

table 4 : explain SELECT k FROM sbtest4 WHERE k BETWEEN 1462742 AND 1462842
	Index Only Scan using k_4 on sbtest4  (cost=0.43..6.69 rows=113 width=4)
	  Index Cond: ((k >= 1462742) AND (k <= 1462842))

table 5 : explain SELECT k FROM sbtest5 WHERE k BETWEEN 1462742 AND 1462842
	Index Only Scan using k_5 on sbtest5  (cost=0.43..6.58 rows=107 width=4)
	  Index Cond: ((k >= 1462742) AND (k <= 1462842))

table 6 : explain SELECT k FROM sbtest6 WHERE k BETWEEN 1462742 AND 1462842
	Index Only Scan using k_6 on sbtest6  (cost=0.43..10.47 rows=102 width=4)
	  Index Cond: ((k >= 1462742) AND (k <= 1462842))

table 7 : explain SELECT k FROM sbtest7 WHERE k BETWEEN 1462742 AND 1462842
	Index Only Scan using k_7 on sbtest7  (cost=0.43..10.47 rows=102 width=4)
	  Index Cond: ((k >= 1462742) AND (k <= 1462842))

table 8 : explain SELECT k FROM sbtest8 WHERE k BETWEEN 1462742 AND 1462842
	Index Only Scan using k_8 on sbtest8  (cost=0.43..6.45 rows=101 width=4)
	  Index Cond: ((k >= 1462742) AND (k <= 1462842))

explain: for range-covered :: explain SELECT k FROM sbtest%d WHERE k BETWEEN 7428469 AND 7428569
explain: for range-covered :: explain SELECT k FROM sbtest%d WHERE k BETWEEN 1462742 AND 1462842
for range-covered
table 1 : explain SELECT k FROM sbtest1 WHERE k BETWEEN 7402914 AND 7403014
	Index Only Scan using k_1 on sbtest1  (cost=0.43..6.33 rows=95 width=4)
	  Index Cond: ((k >= 7402914) AND (k <= 7403014))

table 2 : explain SELECT k FROM sbtest2 WHERE k BETWEEN 7402914 AND 7403014
	Index Only Scan using k_2 on sbtest2  (cost=0.43..6.37 rows=97 width=4)
	  Index Cond: ((k >= 7402914) AND (k <= 7403014))

table 3 : explain SELECT k FROM sbtest3 WHERE k BETWEEN 7402914 AND 7403014
	Index Only Scan using k_3 on sbtest3  (cost=0.43..10.51 rows=104 width=4)
	  Index Cond: ((k >= 7402914) AND (k <= 7403014))

table 4 : explain SELECT k FROM sbtest4 WHERE k BETWEEN 7402914 AND 7403014
	Index Only Scan using k_4 on sbtest4  (cost=0.43..6.79 rows=118 width=4)
	  Index Cond: ((k >= 7402914) AND (k <= 7403014))

table 5 : explain SELECT k FROM sbtest5 WHERE k BETWEEN 7402914 AND 7403014
	Index Only Scan using k_5 on sbtest5  (cost=0.43..6.56 rows=106 width=4)
	  Index Cond: ((k >= 7402914) AND (k <= 7403014))

table 6 : explain SELECT k FROM sbtest6 WHERE k BETWEEN 7402914 AND 7403014
	Index Only Scan using k_6 on sbtest6  (cost=0.43..10.44 rows=100 width=4)
	  Index Cond: ((k >= 7402914) AND (k <= 7403014))

table 7 : explain SELECT k FROM sbtest7 WHERE k BETWEEN 7402914 AND 7403014
	Index Only Scan using k_7 on sbtest7  (cost=0.43..10.68 rows=112 width=4)
	  Index Cond: ((k >= 7402914) AND (k <= 7403014))

table 8 : explain SELECT k FROM sbtest8 WHERE k BETWEEN 7402914 AND 7403014
	Index Only Scan using k_8 on sbtest8  (cost=0.43..6.29 rows=93 width=4)
	  Index Cond: ((k >= 7402914) AND (k <= 7403014))

for range-covered
table 1 : explain SELECT k FROM sbtest1 WHERE k BETWEEN 7001773 AND 7001873
	Index Only Scan using k_1 on sbtest1  (cost=0.43..6.50 rows=103 width=4)
	  Index Cond: ((k >= 7001773) AND (k <= 7001873))

table 2 : explain SELECT k FROM sbtest2 WHERE k BETWEEN 7001773 AND 7001873
	Index Only Scan using k_2 on sbtest2  (cost=0.43..6.45 rows=101 width=4)
	  Index Cond: ((k >= 7001773) AND (k <= 7001873))

table 3 : explain SELECT k FROM sbtest3 WHERE k BETWEEN 7001773 AND 7001873
	Index Only Scan using k_3 on sbtest3  (cost=0.43..10.40 rows=98 width=4)
	  Index Cond: ((k >= 7001773) AND (k <= 7001873))

table 4 : explain SELECT k FROM sbtest4 WHERE k BETWEEN 7001773 AND 7001873
	Index Only Scan using k_4 on sbtest4  (cost=0.43..6.61 rows=109 width=4)
	  Index Cond: ((k >= 7001773) AND (k <= 7001873))

table 5 : explain SELECT k FROM sbtest5 WHERE k BETWEEN 7001773 AND 7001873
	Index Only Scan using k_5 on sbtest5  (cost=0.43..6.56 rows=106 width=4)
	  Index Cond: ((k >= 7001773) AND (k <= 7001873))

table 6 : explain SELECT k FROM sbtest6 WHERE k BETWEEN 7001773 AND 7001873
	Index Only Scan using k_6 on sbtest6  (cost=0.43..10.29 rows=93 width=4)
	  Index Cond: ((k >= 7001773) AND (k <= 7001873))

table 7 : explain SELECT k FROM sbtest7 WHERE k BETWEEN 7001773 AND 7001873
	Index Only Scan using k_7 on sbtest7  (cost=0.43..10.44 rows=100 width=4)
	  Index Cond: ((k >= 7001773) AND (k <= 7001873))

table 8 : explain SELECT k FROM sbtest8 WHERE k BETWEEN 7001773 AND 7001873
	Index Only Scan using k_8 on sbtest8  (cost=0.43..6.58 rows=107 width=4)
	  Index Cond: ((k >= 7001773) AND (k <= 7001873))

explain: for range-covered :: explain SELECT k FROM sbtest%d WHERE k BETWEEN 7402914 AND 7403014
for range-covered
table 1 : explain SELECT k FROM sbtest1 WHERE k BETWEEN 4791252 AND 4791352
	Index Only Scan using k_1 on sbtest1  (cost=0.43..6.75 rows=116 width=4)
	  Index Cond: ((k >= 4791252) AND (k <= 4791352))

table 2 : explain SELECT k FROM sbtest2 WHERE k BETWEEN 4791252 AND 4791352
	Index Only Scan using k_2 on sbtest2  (cost=0.43..6.47 rows=102 width=4)
	  Index Cond: ((k >= 4791252) AND (k <= 4791352))

table 3 : explain SELECT k FROM sbtest3 WHERE k BETWEEN 4791252 AND 4791352
	Index Only Scan using k_3 on sbtest3  (cost=0.43..10.33 rows=95 width=4)
	  Index Cond: ((k >= 4791252) AND (k <= 4791352))

table 4 : explain SELECT k FROM sbtest4 WHERE k BETWEEN 4791252 AND 4791352
	Index Only Scan using k_4 on sbtest4  (cost=0.43..6.47 rows=102 width=4)
	  Index Cond: ((k >= 4791252) AND (k <= 4791352))

table 5 : explain SELECT k FROM sbtest5 WHERE k BETWEEN 4791252 AND 4791352
	Index Only Scan using k_5 on sbtest5  (cost=0.43..6.37 rows=97 width=4)
	  Index Cond: ((k >= 4791252) AND (k <= 4791352))

table 6 : explain SELECT k FROM sbtest6 WHERE k BETWEEN 4791252 AND 4791352
	Index Only Scan using k_6 on sbtest6  (cost=0.43..10.58 rows=107 width=4)
	  Index Cond: ((k >= 4791252) AND (k <= 4791352))

table 7 : explain SELECT k FROM sbtest7 WHERE k BETWEEN 4791252 AND 4791352
	Index Only Scan using k_7 on sbtest7  (cost=0.43..10.58 rows=107 width=4)
	  Index Cond: ((k >= 4791252) AND (k <= 4791352))

table 8 : explain SELECT k FROM sbtest8 WHERE k BETWEEN 4791252 AND 4791352
	Index Only Scan using k_8 on sbtest8  (cost=0.43..6.63 rows=110 width=4)
	  Index Cond: ((k >= 4791252) AND (k <= 4791352))

explain: for range-covered :: explain SELECT k FROM sbtest%d WHERE k BETWEEN 7001773 AND 7001873
explain: for range-covered :: explain SELECT k FROM sbtest%d WHERE k BETWEEN 4791252 AND 4791352
for range-covered
table 1 : explain SELECT k FROM sbtest1 WHERE k BETWEEN 8117076 AND 8117176
	Index Only Scan using k_1 on sbtest1  (cost=0.43..6.74 rows=115 width=4)
	  Index Cond: ((k >= 8117076) AND (k <= 8117176))

table 2 : explain SELECT k FROM sbtest2 WHERE k BETWEEN 8117076 AND 8117176
	Index Only Scan using k_2 on sbtest2  (cost=0.43..6.35 rows=96 width=4)
	  Index Cond: ((k >= 8117076) AND (k <= 8117176))

table 3 : explain SELECT k FROM sbtest3 WHERE k BETWEEN 8117076 AND 8117176
	Index Only Scan using k_3 on sbtest3  (cost=0.43..10.50 rows=103 width=4)
	  Index Cond: ((k >= 8117076) AND (k <= 8117176))

table 4 : explain SELECT k FROM sbtest4 WHERE k BETWEEN 8117076 AND 8117176
	Index Only Scan using k_4 on sbtest4  (cost=0.43..6.63 rows=110 width=4)
	  Index Cond: ((k >= 8117076) AND (k <= 8117176))

table 5 : explain SELECT k FROM sbtest5 WHERE k BETWEEN 8117076 AND 8117176
	Index Only Scan using k_5 on sbtest5  (cost=0.43..6.50 rows=103 width=4)
	  Index Cond: ((k >= 8117076) AND (k <= 8117176))

table 6 : explain SELECT k FROM sbtest6 WHERE k BETWEEN 8117076 AND 8117176
	Index Only Scan using k_6 on sbtest6  (cost=0.43..10.63 rows=110 width=4)
	  Index Cond: ((k >= 8117076) AND (k <= 8117176))

table 7 : explain SELECT k FROM sbtest7 WHERE k BETWEEN 8117076 AND 8117176
	Index Only Scan using k_7 on sbtest7  (cost=0.43..10.32 rows=94 width=4)
	  Index Cond: ((k >= 8117076) AND (k <= 8117176))

table 8 : explain SELECT k FROM sbtest8 WHERE k BETWEEN 8117076 AND 8117176
	Index Only Scan using k_8 on sbtest8  (cost=0.43..6.37 rows=97 width=4)
	  Index Cond: ((k >= 8117076) AND (k <= 8117176))

for range-covered
table 1 : explain SELECT k FROM sbtest1 WHERE k BETWEEN 6942264 AND 6942364
	Index Only Scan using k_1 on sbtest1  (cost=0.43..6.37 rows=97 width=4)
	  Index Cond: ((k >= 6942264) AND (k <= 6942364))

table 2 : explain SELECT k FROM sbtest2 WHERE k BETWEEN 6942264 AND 6942364
	Index Only Scan using k_2 on sbtest2  (cost=0.43..6.42 rows=99 width=4)
	  Index Cond: ((k >= 6942264) AND (k <= 6942364))

table 3 : explain SELECT k FROM sbtest3 WHERE k BETWEEN 6942264 AND 6942364
	Index Only Scan using k_3 on sbtest3  (cost=0.43..10.40 rows=98 width=4)
	  Index Cond: ((k >= 6942264) AND (k <= 6942364))

table 4 : explain SELECT k FROM sbtest4 WHERE k BETWEEN 6942264 AND 6942364
	Index Only Scan using k_4 on sbtest4  (cost=0.43..6.61 rows=109 width=4)
	  Index Cond: ((k >= 6942264) AND (k <= 6942364))

table 5 : explain SELECT k FROM sbtest5 WHERE k BETWEEN 6942264 AND 6942364
	Index Only Scan using k_5 on sbtest5  (cost=0.43..6.67 rows=112 width=4)
	  Index Cond: ((k >= 6942264) AND (k <= 6942364))

table 6 : explain SELECT k FROM sbtest6 WHERE k BETWEEN 6942264 AND 6942364
	Index Only Scan using k_6 on sbtest6  (cost=0.43..10.29 rows=93 width=4)
	  Index Cond: ((k >= 6942264) AND (k <= 6942364))

table 7 : explain SELECT k FROM sbtest7 WHERE k BETWEEN 6942264 AND 6942364
	Index Only Scan using k_7 on sbtest7  (cost=0.43..10.40 rows=98 width=4)
	  Index Cond: ((k >= 6942264) AND (k <= 6942364))

table 8 : explain SELECT k FROM sbtest8 WHERE k BETWEEN 6942264 AND 6942364
	Index Only Scan using k_8 on sbtest8  (cost=0.43..6.58 rows=107 width=4)
	  Index Cond: ((k >= 6942264) AND (k <= 6942364))

explain: for range-covered :: explain SELECT k FROM sbtest%d WHERE k BETWEEN 8117076 AND 8117176
explain: for range-covered :: explain SELECT k FROM sbtest%d WHERE k BETWEEN 6942264 AND 6942364
explain: for range-covered :: explain SELECT k FROM sbtest%d WHERE k BETWEEN 4941682 AND 4941782
for range-covered
table 1 : explain SELECT k FROM sbtest1 WHERE k BETWEEN 1462742 AND 1462842
	Index Only Scan using k_1 on sbtest1  (cost=0.43..6.42 rows=99 width=4)
	  Index Cond: ((k >= 1462742) AND (k <= 1462842))

table 2 : explain SELECT k FROM sbtest2 WHERE k BETWEEN 1462742 AND 1462842
	Index Only Scan using k_2 on sbtest2  (cost=0.43..6.42 rows=99 width=4)
	  Index Cond: ((k >= 1462742) AND (k <= 1462842))

table 3 : explain SELECT k FROM sbtest3 WHERE k BETWEEN 1462742 AND 1462842
	Index Only Scan using k_3 on sbtest3  (cost=0.43..10.60 rows=108 width=4)
	  Index Cond: ((k >= 1462742) AND (k <= 1462842))

table 4 : explain SELECT k FROM sbtest4 WHERE k BETWEEN 1462742 AND 1462842
	Index Only Scan using k_4 on sbtest4  (cost=0.43..6.69 rows=113 width=4)
	  Index Cond: ((k >= 1462742) AND (k <= 1462842))

table 5 : explain SELECT k FROM sbtest5 WHERE k BETWEEN 1462742 AND 1462842
	Index Only Scan using k_5 on sbtest5  (cost=0.43..6.58 rows=107 width=4)
	  Index Cond: ((k >= 1462742) AND (k <= 1462842))

table 6 : explain SELECT k FROM sbtest6 WHERE k BETWEEN 1462742 AND 1462842
	Index Only Scan using k_6 on sbtest6  (cost=0.43..10.47 rows=102 width=4)
	  Index Cond: ((k >= 1462742) AND (k <= 1462842))

table 7 : explain SELECT k FROM sbtest7 WHERE k BETWEEN 1462742 AND 1462842
	Index Only Scan using k_7 on sbtest7  (cost=0.43..10.47 rows=102 width=4)
	  Index Cond: ((k >= 1462742) AND (k <= 1462842))

table 8 : explain SELECT k FROM sbtest8 WHERE k BETWEEN 1462742 AND 1462842
	Index Only Scan using k_8 on sbtest8  (cost=0.43..6.45 rows=101 width=4)
	  Index Cond: ((k >= 1462742) AND (k <= 1462842))
for range-covered
table 1 : explain SELECT k FROM sbtest1 WHERE k BETWEEN 4184822 AND 4184922
	Index Only Scan using k_1 on sbtest1  (cost=0.43..6.35 rows=96 width=4)
	  Index Cond: ((k >= 4184822) AND (k <= 4184922))

table 2 : explain SELECT k FROM sbtest2 WHERE k BETWEEN 4184822 AND 4184922
	Index Only Scan using k_2 on sbtest2  (cost=0.43..6.59 rows=108 width=4)
	  Index Cond: ((k >= 4184822) AND (k <= 4184922))

table 3 : explain SELECT k FROM sbtest3 WHERE k BETWEEN 4184822 AND 4184922
	Index Only Scan using k_3 on sbtest3  (cost=0.43..10.44 rows=100 width=4)
	  Index Cond: ((k >= 4184822) AND (k <= 4184922))

table 4 : explain SELECT k FROM sbtest4 WHERE k BETWEEN 4184822 AND 4184922
	Index Only Scan using k_4 on sbtest4  (cost=0.43..6.58 rows=107 width=4)
	  Index Cond: ((k >= 4184822) AND (k <= 4184922))

table 5 : explain SELECT k FROM sbtest5 WHERE k BETWEEN 4184822 AND 4184922
	Index Only Scan using k_5 on sbtest5  (cost=0.43..6.27 rows=92 width=4)
	  Index Cond: ((k >= 4184822) AND (k <= 4184922))

table 6 : explain SELECT k FROM sbtest6 WHERE k BETWEEN 4184822 AND 4184922
	Index Only Scan using k_6 on sbtest6  (cost=0.43..10.50 rows=103 width=4)
	  Index Cond: ((k >= 4184822) AND (k <= 4184922))

table 7 : explain SELECT k FROM sbtest7 WHERE k BETWEEN 4184822 AND 4184922
	Index Only Scan using k_7 on sbtest7  (cost=0.43..10.36 rows=96 width=4)
	  Index Cond: ((k >= 4184822) AND (k <= 4184922))

table 8 : explain SELECT k FROM sbtest8 WHERE k BETWEEN 4184822 AND 4184922
	Index Only Scan using k_8 on sbtest8  (cost=0.43..6.33 rows=95 width=4)
	  Index Cond: ((k >= 4184822) AND (k <= 4184922))

explain: for range-covered :: explain SELECT k FROM sbtest%d WHERE k BETWEEN 4682965 AND 4683065

explain: for range-covered :: explain SELECT k FROM sbtest%d WHERE k BETWEEN 5614286 AND 5614386
explain: for range-covered :: explain SELECT k FROM sbtest%d WHERE k BETWEEN 4293825 AND 4293925
for range-covered
table 1 : explain SELECT k FROM sbtest1 WHERE k BETWEEN 7428469 AND 7428569
	Index Only Scan using k_1 on sbtest1  (cost=0.43..6.33 rows=95 width=4)
	  Index Cond: ((k >= 7428469) AND (k <= 7428569))

table 2 : explain SELECT k FROM sbtest2 WHERE k BETWEEN 7428469 AND 7428569
	Index Only Scan using k_2 on sbtest2  (cost=0.43..6.37 rows=97 width=4)
	  Index Cond: ((k >= 7428469) AND (k <= 7428569))

table 3 : explain SELECT k FROM sbtest3 WHERE k BETWEEN 7428469 AND 7428569
	Index Only Scan using k_3 on sbtest3  (cost=0.43..10.68 rows=112 width=4)
	  Index Cond: ((k >= 7428469) AND (k <= 7428569))

table 4 : explain SELECT k FROM sbtest4 WHERE k BETWEEN 7428469 AND 7428569
	Index Only Scan using k_4 on sbtest4  (cost=0.43..6.61 rows=109 width=4)
	  Index Cond: ((k >= 7428469) AND (k <= 7428569))

table 5 : explain SELECT k FROM sbtest5 WHERE k BETWEEN 7428469 AND 7428569
	Index Only Scan using k_5 on sbtest5  (cost=0.43..6.56 rows=106 width=4)
	  Index Cond: ((k >= 7428469) AND (k <= 7428569))

table 6 : explain SELECT k FROM sbtest6 WHERE k BETWEEN 7428469 AND 7428569
	Index Only Scan using k_6 on sbtest6  (cost=0.43..10.44 rows=100 width=4)
	  Index Cond: ((k >= 7428469) AND (k <= 7428569))

table 7 : explain SELECT k FROM sbtest7 WHERE k BETWEEN 7428469 AND 7428569
	Index Only Scan using k_7 on sbtest7  (cost=0.43..10.68 rows=112 width=4)
	  Index Cond: ((k >= 7428469) AND (k <= 7428569))

table 8 : explain SELECT k FROM sbtest8 WHERE k BETWEEN 7428469 AND 7428569
	Index Only Scan using k_8 on sbtest8  (cost=0.43..6.29 rows=93 width=4)
	  Index Cond: ((k >= 7428469) AND (k <= 7428569))

explain: for range-covered :: explain SELECT k FROM sbtest%d WHERE k BETWEEN 1462742 AND 1462842
for range-covered
table 1 : explain SELECT k FROM sbtest1 WHERE k BETWEEN 5246712 AND 5246812
	Index Only Scan using k_1 on sbtest1  (cost=0.43..6.53 rows=105 width=4)
	  Index Cond: ((k >= 5246712) AND (k <= 5246812))

table 2 : explain SELECT k FROM sbtest2 WHERE k BETWEEN 5246712 AND 5246812
	Index Only Scan using k_2 on sbtest2  (cost=0.43..6.40 rows=98 width=4)
	  Index Cond: ((k >= 5246712) AND (k <= 5246812))

table 3 : explain SELECT k FROM sbtest3 WHERE k BETWEEN 5246712 AND 5246812
	Index Only Scan using k_3 on sbtest3  (cost=0.43..10.60 rows=108 width=4)
	  Index Cond: ((k >= 5246712) AND (k <= 5246812))

table 4 : explain SELECT k FROM sbtest4 WHERE k BETWEEN 5246712 AND 5246812
	Index Only Scan using k_4 on sbtest4  (cost=0.43..6.53 rows=105 width=4)
	  Index Cond: ((k >= 5246712) AND (k <= 5246812))

table 5 : explain SELECT k FROM sbtest5 WHERE k BETWEEN 5246712 AND 5246812
	Index Only Scan using k_5 on sbtest5  (cost=0.43..6.45 rows=101 width=4)
	  Index Cond: ((k >= 5246712) AND (k <= 5246812))

table 6 : explain SELECT k FROM sbtest6 WHERE k BETWEEN 5246712 AND 5246812
	Index Only Scan using k_6 on sbtest6  (cost=0.43..10.42 rows=99 width=4)
	  Index Cond: ((k >= 5246712) AND (k <= 5246812))

table 7 : explain SELECT k FROM sbtest7 WHERE k BETWEEN 5246712 AND 5246812
	Index Only Scan using k_7 on sbtest7  (cost=0.43..10.50 rows=103 width=4)
	  Index Cond: ((k >= 5246712) AND (k <= 5246812))

table 8 : explain SELECT k FROM sbtest8 WHERE k BETWEEN 5246712 AND 5246812
	Index Only Scan using k_8 on sbtest8  (cost=0.43..6.33 rows=95 width=4)
	  Index Cond: ((k >= 5246712) AND (k <= 5246812))

explain: for range-covered :: explain SELECT k FROM sbtest%d WHERE k BETWEEN 4184822 AND 4184922
explain: for range-covered :: explain SELECT k FROM sbtest%d WHERE k BETWEEN 7428469 AND 7428569
for range-covered
table 1 : explain SELECT k FROM sbtest1 WHERE k BETWEEN 7402914 AND 7403014
	Index Only Scan using k_1 on sbtest1  (cost=0.43..6.33 rows=95 width=4)
	  Index Cond: ((k >= 7402914) AND (k <= 7403014))

table 2 : explain SELECT k FROM sbtest2 WHERE k BETWEEN 7402914 AND 7403014
	Index Only Scan using k_2 on sbtest2  (cost=0.43..6.37 rows=97 width=4)
	  Index Cond: ((k >= 7402914) AND (k <= 7403014))

table 3 : explain SELECT k FROM sbtest3 WHERE k BETWEEN 7402914 AND 7403014
	Index Only Scan using k_3 on sbtest3  (cost=0.43..10.51 rows=104 width=4)
	  Index Cond: ((k >= 7402914) AND (k <= 7403014))

table 4 : explain SELECT k FROM sbtest4 WHERE k BETWEEN 7402914 AND 7403014
	Index Only Scan using k_4 on sbtest4  (cost=0.43..6.79 rows=118 width=4)
	  Index Cond: ((k >= 7402914) AND (k <= 7403014))

table 5 : explain SELECT k FROM sbtest5 WHERE k BETWEEN 7402914 AND 7403014
	Index Only Scan using k_5 on sbtest5  (cost=0.43..6.56 rows=106 width=4)
	  Index Cond: ((k >= 7402914) AND (k <= 7403014))

table 6 : explain SELECT k FROM sbtest6 WHERE k BETWEEN 7402914 AND 7403014
	Index Only Scan using k_6 on sbtest6  (cost=0.43..10.44 rows=100 width=4)
	  Index Cond: ((k >= 7402914) AND (k <= 7403014))

table 7 : explain SELECT k FROM sbtest7 WHERE k BETWEEN 7402914 AND 7403014
	Index Only Scan using k_7 on sbtest7  (cost=0.43..10.68 rows=112 width=4)
	  Index Cond: ((k >= 7402914) AND (k <= 7403014))

table 8 : explain SELECT k FROM sbtest8 WHERE k BETWEEN 7402914 AND 7403014
	Index Only Scan using k_8 on sbtest8  (cost=0.43..6.29 rows=93 width=4)
	  Index Cond: ((k >= 7402914) AND (k <= 7403014))

explain: for range-covered :: explain SELECT k FROM sbtest%d WHERE k BETWEEN 7402914 AND 7403014
for range-covered
table 1 : explain SELECT k FROM sbtest1 WHERE k BETWEEN 7001773 AND 7001873
	Index Only Scan using k_1 on sbtest1  (cost=0.43..6.50 rows=103 width=4)
	  Index Cond: ((k >= 7001773) AND (k <= 7001873))

table 2 : explain SELECT k FROM sbtest2 WHERE k BETWEEN 7001773 AND 7001873
	Index Only Scan using k_2 on sbtest2  (cost=0.43..6.45 rows=101 width=4)
	  Index Cond: ((k >= 7001773) AND (k <= 7001873))

table 3 : explain SELECT k FROM sbtest3 WHERE k BETWEEN 7001773 AND 7001873
	Index Only Scan using k_3 on sbtest3  (cost=0.43..10.40 rows=98 width=4)
	  Index Cond: ((k >= 7001773) AND (k <= 7001873))

table 4 : explain SELECT k FROM sbtest4 WHERE k BETWEEN 7001773 AND 7001873
	Index Only Scan using k_4 on sbtest4  (cost=0.43..6.61 rows=109 width=4)
	  Index Cond: ((k >= 7001773) AND (k <= 7001873))

table 5 : explain SELECT k FROM sbtest5 WHERE k BETWEEN 7001773 AND 7001873
	Index Only Scan using k_5 on sbtest5  (cost=0.43..6.56 rows=106 width=4)
	  Index Cond: ((k >= 7001773) AND (k <= 7001873))

table 6 : explain SELECT k FROM sbtest6 WHERE k BETWEEN 7001773 AND 7001873
	Index Only Scan using k_6 on sbtest6  (cost=0.43..10.29 rows=93 width=4)
	  Index Cond: ((k >= 7001773) AND (k <= 7001873))

table 7 : explain SELECT k FROM sbtest7 WHERE k BETWEEN 7001773 AND 7001873
	Index Only Scan using k_7 on sbtest7  (cost=0.43..10.44 rows=100 width=4)
	  Index Cond: ((k >= 7001773) AND (k <= 7001873))

table 8 : explain SELECT k FROM sbtest8 WHERE k BETWEEN 7001773 AND 7001873
	Index Only Scan using k_8 on sbtest8  (cost=0.43..6.58 rows=107 width=4)
	  Index Cond: ((k >= 7001773) AND (k <= 7001873))

for range-covered
table 1 : explain SELECT k FROM sbtest1 WHERE k BETWEEN 4791252 AND 4791352
	Index Only Scan using k_1 on sbtest1  (cost=0.43..6.75 rows=116 width=4)
	  Index Cond: ((k >= 4791252) AND (k <= 4791352))

table 2 : explain SELECT k FROM sbtest2 WHERE k BETWEEN 4791252 AND 4791352
	Index Only Scan using k_2 on sbtest2  (cost=0.43..6.47 rows=102 width=4)
	  Index Cond: ((k >= 4791252) AND (k <= 4791352))

table 3 : explain SELECT k FROM sbtest3 WHERE k BETWEEN 4791252 AND 4791352
	Index Only Scan using k_3 on sbtest3  (cost=0.43..10.33 rows=95 width=4)
	  Index Cond: ((k >= 4791252) AND (k <= 4791352))

table 4 : explain SELECT k FROM sbtest4 WHERE k BETWEEN 4791252 AND 4791352
	Index Only Scan using k_4 on sbtest4  (cost=0.43..6.47 rows=102 width=4)
	  Index Cond: ((k >= 4791252) AND (k <= 4791352))

table 5 : explain SELECT k FROM sbtest5 WHERE k BETWEEN 4791252 AND 4791352
	Index Only Scan using k_5 on sbtest5  (cost=0.43..6.37 rows=97 width=4)
	  Index Cond: ((k >= 4791252) AND (k <= 4791352))

table 6 : explain SELECT k FROM sbtest6 WHERE k BETWEEN 4791252 AND 4791352
	Index Only Scan using k_6 on sbtest6  (cost=0.43..10.58 rows=107 width=4)
	  Index Cond: ((k >= 4791252) AND (k <= 4791352))

table 7 : explain SELECT k FROM sbtest7 WHERE k BETWEEN 4791252 AND 4791352
	Index Only Scan using k_7 on sbtest7  (cost=0.43..10.58 rows=107 width=4)
	  Index Cond: ((k >= 4791252) AND (k <= 4791352))

table 8 : explain SELECT k FROM sbtest8 WHERE k BETWEEN 4791252 AND 4791352
	Index Only Scan using k_8 on sbtest8  (cost=0.43..6.63 rows=110 width=4)
	  Index Cond: ((k >= 4791252) AND (k <= 4791352))

explain: for range-covered :: explain SELECT k FROM sbtest%d WHERE k BETWEEN 5246712 AND 5246812
explain: for range-covered :: explain SELECT k FROM sbtest%d WHERE k BETWEEN 7001773 AND 7001873
explain: for range-covered :: explain SELECT k FROM sbtest%d WHERE k BETWEEN 4791252 AND 4791352
for range-covered
table 1 : explain SELECT k FROM sbtest1 WHERE k BETWEEN 8117076 AND 8117176
	Index Only Scan using k_1 on sbtest1  (cost=0.43..6.74 rows=115 width=4)
	  Index Cond: ((k >= 8117076) AND (k <= 8117176))

table 2 : explain SELECT k FROM sbtest2 WHERE k BETWEEN 8117076 AND 8117176
	Index Only Scan using k_2 on sbtest2  (cost=0.43..6.35 rows=96 width=4)
	  Index Cond: ((k >= 8117076) AND (k <= 8117176))

table 3 : explain SELECT k FROM sbtest3 WHERE k BETWEEN 8117076 AND 8117176
	Index Only Scan using k_3 on sbtest3  (cost=0.43..10.50 rows=103 width=4)
	  Index Cond: ((k >= 8117076) AND (k <= 8117176))

table 4 : explain SELECT k FROM sbtest4 WHERE k BETWEEN 8117076 AND 8117176
	Index Only Scan using k_4 on sbtest4  (cost=0.43..6.63 rows=110 width=4)
	  Index Cond: ((k >= 8117076) AND (k <= 8117176))

table 5 : explain SELECT k FROM sbtest5 WHERE k BETWEEN 8117076 AND 8117176
	Index Only Scan using k_5 on sbtest5  (cost=0.43..6.50 rows=103 width=4)
	  Index Cond: ((k >= 8117076) AND (k <= 8117176))

table 6 : explain SELECT k FROM sbtest6 WHERE k BETWEEN 8117076 AND 8117176
	Index Only Scan using k_6 on sbtest6  (cost=0.43..10.63 rows=110 width=4)
	  Index Cond: ((k >= 8117076) AND (k <= 8117176))

table 7 : explain SELECT k FROM sbtest7 WHERE k BETWEEN 8117076 AND 8117176
	Index Only Scan using k_7 on sbtest7  (cost=0.43..10.32 rows=94 width=4)
	  Index Cond: ((k >= 8117076) AND (k <= 8117176))

table 8 : explain SELECT k FROM sbtest8 WHERE k BETWEEN 8117076 AND 8117176
	Index Only Scan using k_8 on sbtest8  (cost=0.43..6.37 rows=97 width=4)
	  Index Cond: ((k >= 8117076) AND (k <= 8117176))

for range-covered
table 1 : explain SELECT k FROM sbtest1 WHERE k BETWEEN 6942264 AND 6942364
	Index Only Scan using k_1 on sbtest1  (cost=0.43..6.37 rows=97 width=4)
	  Index Cond: ((k >= 6942264) AND (k <= 6942364))

table 2 : explain SELECT k FROM sbtest2 WHERE k BETWEEN 6942264 AND 6942364
	Index Only Scan using k_2 on sbtest2  (cost=0.43..6.42 rows=99 width=4)
	  Index Cond: ((k >= 6942264) AND (k <= 6942364))

table 3 : explain SELECT k FROM sbtest3 WHERE k BETWEEN 6942264 AND 6942364
	Index Only Scan using k_3 on sbtest3  (cost=0.43..10.40 rows=98 width=4)
	  Index Cond: ((k >= 6942264) AND (k <= 6942364))

table 4 : explain SELECT k FROM sbtest4 WHERE k BETWEEN 6942264 AND 6942364
	Index Only Scan using k_4 on sbtest4  (cost=0.43..6.61 rows=109 width=4)
	  Index Cond: ((k >= 6942264) AND (k <= 6942364))

table 5 : explain SELECT k FROM sbtest5 WHERE k BETWEEN 6942264 AND 6942364
	Index Only Scan using k_5 on sbtest5  (cost=0.43..6.67 rows=112 width=4)
	  Index Cond: ((k >= 6942264) AND (k <= 6942364))

table 6 : explain SELECT k FROM sbtest6 WHERE k BETWEEN 6942264 AND 6942364
	Index Only Scan using k_6 on sbtest6  (cost=0.43..10.29 rows=93 width=4)
	  Index Cond: ((k >= 6942264) AND (k <= 6942364))

table 7 : explain SELECT k FROM sbtest7 WHERE k BETWEEN 6942264 AND 6942364
	Index Only Scan using k_7 on sbtest7  (cost=0.43..10.40 rows=98 width=4)
	  Index Cond: ((k >= 6942264) AND (k <= 6942364))

table 8 : explain SELECT k FROM sbtest8 WHERE k BETWEEN 6942264 AND 6942364
	Index Only Scan using k_8 on sbtest8  (cost=0.43..6.58 rows=107 width=4)
	  Index Cond: ((k >= 6942264) AND (k <= 6942364))

explain: for range-covered :: explain SELECT k FROM sbtest%d WHERE k BETWEEN 8117076 AND 8117176
explain: for range-covered :: explain SELECT k FROM sbtest%d WHERE k BETWEEN 1836318 AND 1836418
for range-covered
table 1 : explain SELECT k FROM sbtest1 WHERE k BETWEEN 7428469 AND 7428569
	Index Only Scan using k_1 on sbtest1  (cost=0.43..6.33 rows=95 width=4)
	  Index Cond: ((k >= 7428469) AND (k <= 7428569))

table 2 : explain SELECT k FROM sbtest2 WHERE k BETWEEN 7428469 AND 7428569
	Index Only Scan using k_2 on sbtest2  (cost=0.43..6.37 rows=97 width=4)
	  Index Cond: ((k >= 7428469) AND (k <= 7428569))

table 3 : explain SELECT k FROM sbtest3 WHERE k BETWEEN 7428469 AND 7428569
	Index Only Scan using k_3 on sbtest3  (cost=0.43..10.68 rows=112 width=4)
	  Index Cond: ((k >= 7428469) AND (k <= 7428569))

table 4 : explain SELECT k FROM sbtest4 WHERE k BETWEEN 7428469 AND 7428569
	Index Only Scan using k_4 on sbtest4  (cost=0.43..6.61 rows=109 width=4)
	  Index Cond: ((k >= 7428469) AND (k <= 7428569))

table 5 : explain SELECT k FROM sbtest5 WHERE k BETWEEN 7428469 AND 7428569
	Index Only Scan using k_5 on sbtest5  (cost=0.43..6.56 rows=106 width=4)
	  Index Cond: ((k >= 7428469) AND (k <= 7428569))

table 6 : explain SELECT k FROM sbtest6 WHERE k BETWEEN 7428469 AND 7428569
	Index Only Scan using k_6 on sbtest6  (cost=0.43..10.44 rows=100 width=4)
	  Index Cond: ((k >= 7428469) AND (k <= 7428569))

table 7 : explain SELECT k FROM sbtest7 WHERE k BETWEEN 7428469 AND 7428569
	Index Only Scan using k_7 on sbtest7  (cost=0.43..10.68 rows=112 width=4)
	  Index Cond: ((k >= 7428469) AND (k <= 7428569))

table 8 : explain SELECT k FROM sbtest8 WHERE k BETWEEN 7428469 AND 7428569
	Index Only Scan using k_8 on sbtest8  (cost=0.43..6.29 rows=93 width=4)
	  Index Cond: ((k >= 7428469) AND (k <= 7428569))

for range-covered
table 1 : explain SELECT k FROM sbtest1 WHERE k BETWEEN 1462742 AND 1462842
	Index Only Scan using k_1 on sbtest1  (cost=0.43..6.42 rows=99 width=4)
	  Index Cond: ((k >= 1462742) AND (k <= 1462842))

table 2 : explain SELECT k FROM sbtest2 WHERE k BETWEEN 1462742 AND 1462842
	Index Only Scan using k_2 on sbtest2  (cost=0.43..6.42 rows=99 width=4)
	  Index Cond: ((k >= 1462742) AND (k <= 1462842))

table 3 : explain SELECT k FROM sbtest3 WHERE k BETWEEN 1462742 AND 1462842
	Index Only Scan using k_3 on sbtest3  (cost=0.43..10.60 rows=108 width=4)
	  Index Cond: ((k >= 1462742) AND (k <= 1462842))

table 4 : explain SELECT k FROM sbtest4 WHERE k BETWEEN 1462742 AND 1462842
	Index Only Scan using k_4 on sbtest4  (cost=0.43..6.69 rows=113 width=4)
	  Index Cond: ((k >= 1462742) AND (k <= 1462842))

table 5 : explain SELECT k FROM sbtest5 WHERE k BETWEEN 1462742 AND 1462842
	Index Only Scan using k_5 on sbtest5  (cost=0.43..6.58 rows=107 width=4)
	  Index Cond: ((k >= 1462742) AND (k <= 1462842))

table 6 : explain SELECT k FROM sbtest6 WHERE k BETWEEN 1462742 AND 1462842
	Index Only Scan using k_6 on sbtest6  (cost=0.43..10.47 rows=102 width=4)
	  Index Cond: ((k >= 1462742) AND (k <= 1462842))

table 7 : explain SELECT k FROM sbtest7 WHERE k BETWEEN 1462742 AND 1462842
	Index Only Scan using k_7 on sbtest7  (cost=0.43..10.47 rows=102 width=4)
	  Index Cond: ((k >= 1462742) AND (k <= 1462842))

table 8 : explain SELECT k FROM sbtest8 WHERE k BETWEEN 1462742 AND 1462842
	Index Only Scan using k_8 on sbtest8  (cost=0.43..6.45 rows=101 width=4)
	  Index Cond: ((k >= 1462742) AND (k <= 1462842))

explain: for range-covered :: explain SELECT k FROM sbtest%d WHERE k BETWEEN 7428469 AND 7428569
explain: for range-covered :: explain SELECT k FROM sbtest%d WHERE k BETWEEN 1462742 AND 1462842
for range-covered
table 1 : explain SELECT k FROM sbtest1 WHERE k BETWEEN 7402914 AND 7403014
	Index Only Scan using k_1 on sbtest1  (cost=0.43..6.33 rows=95 width=4)
	  Index Cond: ((k >= 7402914) AND (k <= 7403014))

table 2 : explain SELECT k FROM sbtest2 WHERE k BETWEEN 7402914 AND 7403014
	Index Only Scan using k_2 on sbtest2  (cost=0.43..6.37 rows=97 width=4)
	  Index Cond: ((k >= 7402914) AND (k <= 7403014))

table 3 : explain SELECT k FROM sbtest3 WHERE k BETWEEN 7402914 AND 7403014
	Index Only Scan using k_3 on sbtest3  (cost=0.43..10.51 rows=104 width=4)
	  Index Cond: ((k >= 7402914) AND (k <= 7403014))

table 4 : explain SELECT k FROM sbtest4 WHERE k BETWEEN 7402914 AND 7403014
	Index Only Scan using k_4 on sbtest4  (cost=0.43..6.79 rows=118 width=4)
	  Index Cond: ((k >= 7402914) AND (k <= 7403014))

table 5 : explain SELECT k FROM sbtest5 WHERE k BETWEEN 7402914 AND 7403014
	Index Only Scan using k_5 on sbtest5  (cost=0.43..6.56 rows=106 width=4)
	  Index Cond: ((k >= 7402914) AND (k <= 7403014))

table 6 : explain SELECT k FROM sbtest6 WHERE k BETWEEN 7402914 AND 7403014
	Index Only Scan using k_6 on sbtest6  (cost=0.43..10.44 rows=100 width=4)
	  Index Cond: ((k >= 7402914) AND (k <= 7403014))

table 7 : explain SELECT k FROM sbtest7 WHERE k BETWEEN 7402914 AND 7403014
	Index Only Scan using k_7 on sbtest7  (cost=0.43..10.68 rows=112 width=4)
	  Index Cond: ((k >= 7402914) AND (k <= 7403014))

table 8 : explain SELECT k FROM sbtest8 WHERE k BETWEEN 7402914 AND 7403014
	Index Only Scan using k_8 on sbtest8  (cost=0.43..6.29 rows=93 width=4)
	  Index Cond: ((k >= 7402914) AND (k <= 7403014))

for range-covered
table 1 : explain SELECT k FROM sbtest1 WHERE k BETWEEN 4791252 AND 4791352
	Index Only Scan using k_1 on sbtest1  (cost=0.43..6.75 rows=116 width=4)
	  Index Cond: ((k >= 4791252) AND (k <= 4791352))

table 2 : explain SELECT k FROM sbtest2 WHERE k BETWEEN 4791252 AND 4791352
	Index Only Scan using k_2 on sbtest2  (cost=0.43..6.47 rows=102 width=4)
	  Index Cond: ((k >= 4791252) AND (k <= 4791352))

table 3 : explain SELECT k FROM sbtest3 WHERE k BETWEEN 4791252 AND 4791352
	Index Only Scan using k_3 on sbtest3  (cost=0.43..10.33 rows=95 width=4)
	  Index Cond: ((k >= 4791252) AND (k <= 4791352))

table 4 : explain SELECT k FROM sbtest4 WHERE k BETWEEN 4791252 AND 4791352
	Index Only Scan using k_4 on sbtest4  (cost=0.43..6.47 rows=102 width=4)
	  Index Cond: ((k >= 4791252) AND (k <= 4791352))

table 5 : explain SELECT k FROM sbtest5 WHERE k BETWEEN 4791252 AND 4791352
	Index Only Scan using k_5 on sbtest5  (cost=0.43..6.37 rows=97 width=4)
	  Index Cond: ((k >= 4791252) AND (k <= 4791352))

table 6 : explain SELECT k FROM sbtest6 WHERE k BETWEEN 4791252 AND 4791352
	Index Only Scan using k_6 on sbtest6  (cost=0.43..10.58 rows=107 width=4)
	  Index Cond: ((k >= 4791252) AND (k <= 4791352))

table 7 : explain SELECT k FROM sbtest7 WHERE k BETWEEN 4791252 AND 4791352
	Index Only Scan using k_7 on sbtest7  (cost=0.43..10.58 rows=107 width=4)
	  Index Cond: ((k >= 4791252) AND (k <= 4791352))

table 8 : explain SELECT k FROM sbtest8 WHERE k BETWEEN 4791252 AND 4791352
	Index Only Scan using k_8 on sbtest8  (cost=0.43..6.63 rows=110 width=4)
	  Index Cond: ((k >= 4791252) AND (k <= 4791352))

for range-covered
table 1 : explain SELECT k FROM sbtest1 WHERE k BETWEEN 7001773 AND 7001873
	Index Only Scan using k_1 on sbtest1  (cost=0.43..6.50 rows=103 width=4)
	  Index Cond: ((k >= 7001773) AND (k <= 7001873))

table 2 : explain SELECT k FROM sbtest2 WHERE k BETWEEN 7001773 AND 7001873
	Index Only Scan using k_2 on sbtest2  (cost=0.43..6.45 rows=101 width=4)
	  Index Cond: ((k >= 7001773) AND (k <= 7001873))

table 3 : explain SELECT k FROM sbtest3 WHERE k BETWEEN 7001773 AND 7001873
	Index Only Scan using k_3 on sbtest3  (cost=0.43..10.40 rows=98 width=4)
	  Index Cond: ((k >= 7001773) AND (k <= 7001873))

table 4 : explain SELECT k FROM sbtest4 WHERE k BETWEEN 7001773 AND 7001873
	Index Only Scan using k_4 on sbtest4  (cost=0.43..6.61 rows=109 width=4)
	  Index Cond: ((k >= 7001773) AND (k <= 7001873))

table 5 : explain SELECT k FROM sbtest5 WHERE k BETWEEN 7001773 AND 7001873
	Index Only Scan using k_5 on sbtest5  (cost=0.43..6.56 rows=106 width=4)
	  Index Cond: ((k >= 7001773) AND (k <= 7001873))

table 6 : explain SELECT k FROM sbtest6 WHERE k BETWEEN 7001773 AND 7001873
	Index Only Scan using k_6 on sbtest6  (cost=0.43..10.29 rows=93 width=4)
	  Index Cond: ((k >= 7001773) AND (k <= 7001873))

table 7 : explain SELECT k FROM sbtest7 WHERE k BETWEEN 7001773 AND 7001873
	Index Only Scan using k_7 on sbtest7  (cost=0.43..10.44 rows=100 width=4)
	  Index Cond: ((k >= 7001773) AND (k <= 7001873))

table 8 : explain SELECT k FROM sbtest8 WHERE k BETWEEN 7001773 AND 7001873
	Index Only Scan using k_8 on sbtest8  (cost=0.43..6.58 rows=107 width=4)
	  Index Cond: ((k >= 7001773) AND (k <= 7001873))

explain: for range-covered :: explain SELECT k FROM sbtest%d WHERE k BETWEEN 7402914 AND 7403014
explain: for range-covered :: explain SELECT k FROM sbtest%d WHERE k BETWEEN 4791252 AND 4791352
explain: for range-covered :: explain SELECT k FROM sbtest%d WHERE k BETWEEN 7001773 AND 7001873
for range-covered
table 1 : explain SELECT k FROM sbtest1 WHERE k BETWEEN 8117076 AND 8117176
	Index Only Scan using k_1 on sbtest1  (cost=0.43..6.74 rows=115 width=4)
	  Index Cond: ((k >= 8117076) AND (k <= 8117176))

table 2 : explain SELECT k FROM sbtest2 WHERE k BETWEEN 8117076 AND 8117176
	Index Only Scan using k_2 on sbtest2  (cost=0.43..6.35 rows=96 width=4)
	  Index Cond: ((k >= 8117076) AND (k <= 8117176))

table 3 : explain SELECT k FROM sbtest3 WHERE k BETWEEN 8117076 AND 8117176
	Index Only Scan using k_3 on sbtest3  (cost=0.43..10.50 rows=103 width=4)
	  Index Cond: ((k >= 8117076) AND (k <= 8117176))

table 4 : explain SELECT k FROM sbtest4 WHERE k BETWEEN 8117076 AND 8117176
	Index Only Scan using k_4 on sbtest4  (cost=0.43..6.63 rows=110 width=4)
	  Index Cond: ((k >= 8117076) AND (k <= 8117176))

table 5 : explain SELECT k FROM sbtest5 WHERE k BETWEEN 8117076 AND 8117176
	Index Only Scan using k_5 on sbtest5  (cost=0.43..6.50 rows=103 width=4)
	  Index Cond: ((k >= 8117076) AND (k <= 8117176))

table 6 : explain SELECT k FROM sbtest6 WHERE k BETWEEN 8117076 AND 8117176
	Index Only Scan using k_6 on sbtest6  (cost=0.43..10.63 rows=110 width=4)
	  Index Cond: ((k >= 8117076) AND (k <= 8117176))

table 7 : explain SELECT k FROM sbtest7 WHERE k BETWEEN 8117076 AND 8117176
	Index Only Scan using k_7 on sbtest7  (cost=0.43..10.32 rows=94 width=4)
	  Index Cond: ((k >= 8117076) AND (k <= 8117176))

table 8 : explain SELECT k FROM sbtest8 WHERE k BETWEEN 8117076 AND 8117176
	Index Only Scan using k_8 on sbtest8  (cost=0.43..6.37 rows=97 width=4)
	  Index Cond: ((k >= 8117076) AND (k <= 8117176))

explain: for range-covered :: explain SELECT k FROM sbtest%d WHERE k BETWEEN 8117076 AND 8117176
for range-covered
table 1 : explain SELECT k FROM sbtest1 WHERE k BETWEEN 4184822 AND 4184922
	Index Only Scan using k_1 on sbtest1  (cost=0.43..6.35 rows=96 width=4)
	  Index Cond: ((k >= 4184822) AND (k <= 4184922))

table 2 : explain SELECT k FROM sbtest2 WHERE k BETWEEN 4184822 AND 4184922
	Index Only Scan using k_2 on sbtest2  (cost=0.43..6.59 rows=108 width=4)
	  Index Cond: ((k >= 4184822) AND (k <= 4184922))

table 3 : explain SELECT k FROM sbtest3 WHERE k BETWEEN 4184822 AND 4184922
	Index Only Scan using k_3 on sbtest3  (cost=0.43..10.44 rows=100 width=4)
	  Index Cond: ((k >= 4184822) AND (k <= 4184922))

table 4 : explain SELECT k FROM sbtest4 WHERE k BETWEEN 4184822 AND 4184922
	Index Only Scan using k_4 on sbtest4  (cost=0.43..6.58 rows=107 width=4)
	  Index Cond: ((k >= 4184822) AND (k <= 4184922))

table 5 : explain SELECT k FROM sbtest5 WHERE k BETWEEN 4184822 AND 4184922
	Index Only Scan using k_5 on sbtest5  (cost=0.43..6.27 rows=92 width=4)
	  Index Cond: ((k >= 4184822) AND (k <= 4184922))

table 6 : explain SELECT k FROM sbtest6 WHERE k BETWEEN 4184822 AND 4184922
	Index Only Scan using k_6 on sbtest6  (cost=0.43..10.50 rows=103 width=4)
	  Index Cond: ((k >= 4184822) AND (k <= 4184922))

table 7 : explain SELECT k FROM sbtest7 WHERE k BETWEEN 4184822 AND 4184922
	Index Only Scan using k_7 on sbtest7  (cost=0.43..10.36 rows=96 width=4)
	  Index Cond: ((k >= 4184822) AND (k <= 4184922))

table 8 : explain SELECT k FROM sbtest8 WHERE k BETWEEN 4184822 AND 4184922
	Index Only Scan using k_8 on sbtest8  (cost=0.43..6.33 rows=95 width=4)
	  Index Cond: ((k >= 4184822) AND (k <= 4184922))

for range-covered
table 1 : explain SELECT k FROM sbtest1 WHERE k BETWEEN 7428469 AND 7428569
	Index Only Scan using k_1 on sbtest1  (cost=0.43..6.33 rows=95 width=4)
	  Index Cond: ((k >= 7428469) AND (k <= 7428569))

table 2 : explain SELECT k FROM sbtest2 WHERE k BETWEEN 7428469 AND 7428569
	Index Only Scan using k_2 on sbtest2  (cost=0.43..6.37 rows=97 width=4)
	  Index Cond: ((k >= 7428469) AND (k <= 7428569))

table 3 : explain SELECT k FROM sbtest3 WHERE k BETWEEN 7428469 AND 7428569
	Index Only Scan using k_3 on sbtest3  (cost=0.43..10.68 rows=112 width=4)
	  Index Cond: ((k >= 7428469) AND (k <= 7428569))

table 4 : explain SELECT k FROM sbtest4 WHERE k BETWEEN 7428469 AND 7428569
	Index Only Scan using k_4 on sbtest4  (cost=0.43..6.61 rows=109 width=4)
	  Index Cond: ((k >= 7428469) AND (k <= 7428569))

table 5 : explain SELECT k FROM sbtest5 WHERE k BETWEEN 7428469 AND 7428569
	Index Only Scan using k_5 on sbtest5  (cost=0.43..6.56 rows=106 width=4)
	  Index Cond: ((k >= 7428469) AND (k <= 7428569))

table 6 : explain SELECT k FROM sbtest6 WHERE k BETWEEN 7428469 AND 7428569
	Index Only Scan using k_6 on sbtest6  (cost=0.43..10.44 rows=100 width=4)
	  Index Cond: ((k >= 7428469) AND (k <= 7428569))

table 7 : explain SELECT k FROM sbtest7 WHERE k BETWEEN 7428469 AND 7428569
	Index Only Scan using k_7 on sbtest7  (cost=0.43..10.68 rows=112 width=4)
	  Index Cond: ((k >= 7428469) AND (k <= 7428569))

table 8 : explain SELECT k FROM sbtest8 WHERE k BETWEEN 7428469 AND 7428569
	Index Only Scan using k_8 on sbtest8  (cost=0.43..6.29 rows=93 width=4)
	  Index Cond: ((k >= 7428469) AND (k <= 7428569))

explain: for range-covered :: explain SELECT k FROM sbtest%d WHERE k BETWEEN 4184822 AND 4184922
for range-covered
table 1 : explain SELECT k FROM sbtest1 WHERE k BETWEEN 1462742 AND 1462842
	Index Only Scan using k_1 on sbtest1  (cost=0.43..6.42 rows=99 width=4)
	  Index Cond: ((k >= 1462742) AND (k <= 1462842))

table 2 : explain SELECT k FROM sbtest2 WHERE k BETWEEN 1462742 AND 1462842
	Index Only Scan using k_2 on sbtest2  (cost=0.43..6.42 rows=99 width=4)
	  Index Cond: ((k >= 1462742) AND (k <= 1462842))

table 3 : explain SELECT k FROM sbtest3 WHERE k BETWEEN 1462742 AND 1462842
	Index Only Scan using k_3 on sbtest3  (cost=0.43..10.60 rows=108 width=4)
	  Index Cond: ((k >= 1462742) AND (k <= 1462842))

table 4 : explain SELECT k FROM sbtest4 WHERE k BETWEEN 1462742 AND 1462842
	Index Only Scan using k_4 on sbtest4  (cost=0.43..6.69 rows=113 width=4)
	  Index Cond: ((k >= 1462742) AND (k <= 1462842))

table 5 : explain SELECT k FROM sbtest5 WHERE k BETWEEN 1462742 AND 1462842
	Index Only Scan using k_5 on sbtest5  (cost=0.43..6.58 rows=107 width=4)
	  Index Cond: ((k >= 1462742) AND (k <= 1462842))

table 6 : explain SELECT k FROM sbtest6 WHERE k BETWEEN 1462742 AND 1462842
	Index Only Scan using k_6 on sbtest6  (cost=0.43..10.47 rows=102 width=4)
	  Index Cond: ((k >= 1462742) AND (k <= 1462842))

table 7 : explain SELECT k FROM sbtest7 WHERE k BETWEEN 1462742 AND 1462842
	Index Only Scan using k_7 on sbtest7  (cost=0.43..10.47 rows=102 width=4)
	  Index Cond: ((k >= 1462742) AND (k <= 1462842))

table 8 : explain SELECT k FROM sbtest8 WHERE k BETWEEN 1462742 AND 1462842
	Index Only Scan using k_8 on sbtest8  (cost=0.43..6.45 rows=101 width=4)
	  Index Cond: ((k >= 1462742) AND (k <= 1462842))

for range-covered
table 1 : explain SELECT k FROM sbtest1 WHERE k BETWEEN 5246712 AND 5246812
	Index Only Scan using k_1 on sbtest1  (cost=0.43..6.53 rows=105 width=4)
	  Index Cond: ((k >= 5246712) AND (k <= 5246812))

table 2 : explain SELECT k FROM sbtest2 WHERE k BETWEEN 5246712 AND 5246812
	Index Only Scan using k_2 on sbtest2  (cost=0.43..6.40 rows=98 width=4)
	  Index Cond: ((k >= 5246712) AND (k <= 5246812))

table 3 : explain SELECT k FROM sbtest3 WHERE k BETWEEN 5246712 AND 5246812
	Index Only Scan using k_3 on sbtest3  (cost=0.43..10.60 rows=108 width=4)
	  Index Cond: ((k >= 5246712) AND (k <= 5246812))

table 4 : explain SELECT k FROM sbtest4 WHERE k BETWEEN 5246712 AND 5246812
	Index Only Scan using k_4 on sbtest4  (cost=0.43..6.53 rows=105 width=4)
	  Index Cond: ((k >= 5246712) AND (k <= 5246812))

table 5 : explain SELECT k FROM sbtest5 WHERE k BETWEEN 5246712 AND 5246812
	Index Only Scan using k_5 on sbtest5  (cost=0.43..6.45 rows=101 width=4)
	  Index Cond: ((k >= 5246712) AND (k <= 5246812))

table 6 : explain SELECT k FROM sbtest6 WHERE k BETWEEN 5246712 AND 5246812
	Index Only Scan using k_6 on sbtest6  (cost=0.43..10.42 rows=99 width=4)
	  Index Cond: ((k >= 5246712) AND (k <= 5246812))

table 7 : explain SELECT k FROM sbtest7 WHERE k BETWEEN 5246712 AND 5246812
	Index Only Scan using k_7 on sbtest7  (cost=0.43..10.50 rows=103 width=4)
	  Index Cond: ((k >= 5246712) AND (k <= 5246812))

table 8 : explain SELECT k FROM sbtest8 WHERE k BETWEEN 5246712 AND 5246812
	Index Only Scan using k_8 on sbtest8  (cost=0.43..6.33 rows=95 width=4)
	  Index Cond: ((k >= 5246712) AND (k <= 5246812))

explain: for range-covered :: explain SELECT k FROM sbtest%d WHERE k BETWEEN 7428469 AND 7428569
explain: for range-covered :: explain SELECT k FROM sbtest%d WHERE k BETWEEN 1462742 AND 1462842
for range-covered
table 1 : explain SELECT k FROM sbtest1 WHERE k BETWEEN 7402914 AND 7403014
	Index Only Scan using k_1 on sbtest1  (cost=0.43..6.33 rows=95 width=4)
	  Index Cond: ((k >= 7402914) AND (k <= 7403014))

table 2 : explain SELECT k FROM sbtest2 WHERE k BETWEEN 7402914 AND 7403014
	Index Only Scan using k_2 on sbtest2  (cost=0.43..6.37 rows=97 width=4)
	  Index Cond: ((k >= 7402914) AND (k <= 7403014))

table 3 : explain SELECT k FROM sbtest3 WHERE k BETWEEN 7402914 AND 7403014
	Index Only Scan using k_3 on sbtest3  (cost=0.43..10.51 rows=104 width=4)
	  Index Cond: ((k >= 7402914) AND (k <= 7403014))

table 4 : explain SELECT k FROM sbtest4 WHERE k BETWEEN 7402914 AND 7403014
	Index Only Scan using k_4 on sbtest4  (cost=0.43..6.79 rows=118 width=4)
	  Index Cond: ((k >= 7402914) AND (k <= 7403014))

table 5 : explain SELECT k FROM sbtest5 WHERE k BETWEEN 7402914 AND 7403014
	Index Only Scan using k_5 on sbtest5  (cost=0.43..6.56 rows=106 width=4)
	  Index Cond: ((k >= 7402914) AND (k <= 7403014))

table 6 : explain SELECT k FROM sbtest6 WHERE k BETWEEN 7402914 AND 7403014
	Index Only Scan using k_6 on sbtest6  (cost=0.43..10.44 rows=100 width=4)
	  Index Cond: ((k >= 7402914) AND (k <= 7403014))

table 7 : explain SELECT k FROM sbtest7 WHERE k BETWEEN 7402914 AND 7403014
	Index Only Scan using k_7 on sbtest7  (cost=0.43..10.68 rows=112 width=4)
	  Index Cond: ((k >= 7402914) AND (k <= 7403014))

table 8 : explain SELECT k FROM sbtest8 WHERE k BETWEEN 7402914 AND 7403014
	Index Only Scan using k_8 on sbtest8  (cost=0.43..6.29 rows=93 width=4)
	  Index Cond: ((k >= 7402914) AND (k <= 7403014))

explain: for range-covered :: explain SELECT k FROM sbtest%d WHERE k BETWEEN 7402914 AND 7403014
for range-covered
table 1 : explain SELECT k FROM sbtest1 WHERE k BETWEEN 4791252 AND 4791352
	Index Only Scan using k_1 on sbtest1  (cost=0.43..6.75 rows=116 width=4)
	  Index Cond: ((k >= 4791252) AND (k <= 4791352))

table 2 : explain SELECT k FROM sbtest2 WHERE k BETWEEN 4791252 AND 4791352
	Index Only Scan using k_2 on sbtest2  (cost=0.43..6.47 rows=102 width=4)
	  Index Cond: ((k >= 4791252) AND (k <= 4791352))

table 3 : explain SELECT k FROM sbtest3 WHERE k BETWEEN 4791252 AND 4791352
	Index Only Scan using k_3 on sbtest3  (cost=0.43..10.33 rows=95 width=4)
	  Index Cond: ((k >= 4791252) AND (k <= 4791352))

table 4 : explain SELECT k FROM sbtest4 WHERE k BETWEEN 4791252 AND 4791352
	Index Only Scan using k_4 on sbtest4  (cost=0.43..6.47 rows=102 width=4)
	  Index Cond: ((k >= 4791252) AND (k <= 4791352))

table 5 : explain SELECT k FROM sbtest5 WHERE k BETWEEN 4791252 AND 4791352
	Index Only Scan using k_5 on sbtest5  (cost=0.43..6.37 rows=97 width=4)
	  Index Cond: ((k >= 4791252) AND (k <= 4791352))

table 6 : explain SELECT k FROM sbtest6 WHERE k BETWEEN 4791252 AND 4791352
	Index Only Scan using k_6 on sbtest6  (cost=0.43..10.58 rows=107 width=4)
	  Index Cond: ((k >= 4791252) AND (k <= 4791352))

table 7 : explain SELECT k FROM sbtest7 WHERE k BETWEEN 4791252 AND 4791352
	Index Only Scan using k_7 on sbtest7  (cost=0.43..10.58 rows=107 width=4)
	  Index Cond: ((k >= 4791252) AND (k <= 4791352))

table 8 : explain SELECT k FROM sbtest8 WHERE k BETWEEN 4791252 AND 4791352
	Index Only Scan using k_8 on sbtest8  (cost=0.43..6.63 rows=110 width=4)
	  Index Cond: ((k >= 4791252) AND (k <= 4791352))

explain: for range-covered :: explain SELECT k FROM sbtest%d WHERE k BETWEEN 5246712 AND 5246812
for range-covered
table 1 : explain SELECT k FROM sbtest1 WHERE k BETWEEN 7001773 AND 7001873
	Index Only Scan using k_1 on sbtest1  (cost=0.43..6.50 rows=103 width=4)
	  Index Cond: ((k >= 7001773) AND (k <= 7001873))

table 2 : explain SELECT k FROM sbtest2 WHERE k BETWEEN 7001773 AND 7001873
	Index Only Scan using k_2 on sbtest2  (cost=0.43..6.45 rows=101 width=4)
	  Index Cond: ((k >= 7001773) AND (k <= 7001873))

table 3 : explain SELECT k FROM sbtest3 WHERE k BETWEEN 7001773 AND 7001873
	Index Only Scan using k_3 on sbtest3  (cost=0.43..10.40 rows=98 width=4)
	  Index Cond: ((k >= 7001773) AND (k <= 7001873))

table 4 : explain SELECT k FROM sbtest4 WHERE k BETWEEN 7001773 AND 7001873
	Index Only Scan using k_4 on sbtest4  (cost=0.43..6.61 rows=109 width=4)
	  Index Cond: ((k >= 7001773) AND (k <= 7001873))

table 5 : explain SELECT k FROM sbtest5 WHERE k BETWEEN 7001773 AND 7001873
	Index Only Scan using k_5 on sbtest5  (cost=0.43..6.56 rows=106 width=4)
	  Index Cond: ((k >= 7001773) AND (k <= 7001873))

table 6 : explain SELECT k FROM sbtest6 WHERE k BETWEEN 7001773 AND 7001873
	Index Only Scan using k_6 on sbtest6  (cost=0.43..10.29 rows=93 width=4)
	  Index Cond: ((k >= 7001773) AND (k <= 7001873))

table 7 : explain SELECT k FROM sbtest7 WHERE k BETWEEN 7001773 AND 7001873
	Index Only Scan using k_7 on sbtest7  (cost=0.43..10.44 rows=100 width=4)
	  Index Cond: ((k >= 7001773) AND (k <= 7001873))

table 8 : explain SELECT k FROM sbtest8 WHERE k BETWEEN 7001773 AND 7001873
	Index Only Scan using k_8 on sbtest8  (cost=0.43..6.58 rows=107 width=4)
	  Index Cond: ((k >= 7001773) AND (k <= 7001873))

explain: for range-covered :: explain SELECT k FROM sbtest%d WHERE k BETWEEN 4791252 AND 4791352
for range-covered
table 1 : explain SELECT k FROM sbtest1 WHERE k BETWEEN 8117076 AND 8117176
	Index Only Scan using k_1 on sbtest1  (cost=0.43..6.74 rows=115 width=4)
	  Index Cond: ((k >= 8117076) AND (k <= 8117176))

table 2 : explain SELECT k FROM sbtest2 WHERE k BETWEEN 8117076 AND 8117176
	Index Only Scan using k_2 on sbtest2  (cost=0.43..6.35 rows=96 width=4)
	  Index Cond: ((k >= 8117076) AND (k <= 8117176))

table 3 : explain SELECT k FROM sbtest3 WHERE k BETWEEN 8117076 AND 8117176
	Index Only Scan using k_3 on sbtest3  (cost=0.43..10.50 rows=103 width=4)
	  Index Cond: ((k >= 8117076) AND (k <= 8117176))

table 4 : explain SELECT k FROM sbtest4 WHERE k BETWEEN 8117076 AND 8117176
	Index Only Scan using k_4 on sbtest4  (cost=0.43..6.63 rows=110 width=4)
	  Index Cond: ((k >= 8117076) AND (k <= 8117176))

table 5 : explain SELECT k FROM sbtest5 WHERE k BETWEEN 8117076 AND 8117176
	Index Only Scan using k_5 on sbtest5  (cost=0.43..6.50 rows=103 width=4)
	  Index Cond: ((k >= 8117076) AND (k <= 8117176))

table 6 : explain SELECT k FROM sbtest6 WHERE k BETWEEN 8117076 AND 8117176
	Index Only Scan using k_6 on sbtest6  (cost=0.43..10.63 rows=110 width=4)
	  Index Cond: ((k >= 8117076) AND (k <= 8117176))

table 7 : explain SELECT k FROM sbtest7 WHERE k BETWEEN 8117076 AND 8117176
	Index Only Scan using k_7 on sbtest7  (cost=0.43..10.32 rows=94 width=4)
	  Index Cond: ((k >= 8117076) AND (k <= 8117176))

table 8 : explain SELECT k FROM sbtest8 WHERE k BETWEEN 8117076 AND 8117176
	Index Only Scan using k_8 on sbtest8  (cost=0.43..6.37 rows=97 width=4)
	  Index Cond: ((k >= 8117076) AND (k <= 8117176))

explain: for range-covered :: explain SELECT k FROM sbtest%d WHERE k BETWEEN 7001773 AND 7001873
explain: for range-covered :: explain SELECT k FROM sbtest%d WHERE k BETWEEN 8117076 AND 8117176
for range-covered
table 1 : explain SELECT k FROM sbtest1 WHERE k BETWEEN 1462742 AND 1462842
	Index Only Scan using k_1 on sbtest1  (cost=0.43..6.42 rows=99 width=4)
	  Index Cond: ((k >= 1462742) AND (k <= 1462842))

table 2 : explain SELECT k FROM sbtest2 WHERE k BETWEEN 1462742 AND 1462842
	Index Only Scan using k_2 on sbtest2  (cost=0.43..6.42 rows=99 width=4)
	  Index Cond: ((k >= 1462742) AND (k <= 1462842))

table 3 : explain SELECT k FROM sbtest3 WHERE k BETWEEN 1462742 AND 1462842
	Index Only Scan using k_3 on sbtest3  (cost=0.43..10.60 rows=108 width=4)
	  Index Cond: ((k >= 1462742) AND (k <= 1462842))

table 4 : explain SELECT k FROM sbtest4 WHERE k BETWEEN 1462742 AND 1462842
	Index Only Scan using k_4 on sbtest4  (cost=0.43..6.69 rows=113 width=4)
	  Index Cond: ((k >= 1462742) AND (k <= 1462842))

table 5 : explain SELECT k FROM sbtest5 WHERE k BETWEEN 1462742 AND 1462842
	Index Only Scan using k_5 on sbtest5  (cost=0.43..6.58 rows=107 width=4)
	  Index Cond: ((k >= 1462742) AND (k <= 1462842))

table 6 : explain SELECT k FROM sbtest6 WHERE k BETWEEN 1462742 AND 1462842
	Index Only Scan using k_6 on sbtest6  (cost=0.43..10.47 rows=102 width=4)
	  Index Cond: ((k >= 1462742) AND (k <= 1462842))

table 7 : explain SELECT k FROM sbtest7 WHERE k BETWEEN 1462742 AND 1462842
	Index Only Scan using k_7 on sbtest7  (cost=0.43..10.47 rows=102 width=4)
	  Index Cond: ((k >= 1462742) AND (k <= 1462842))

table 8 : explain SELECT k FROM sbtest8 WHERE k BETWEEN 1462742 AND 1462842
	Index Only Scan using k_8 on sbtest8  (cost=0.43..6.45 rows=101 width=4)
	  Index Cond: ((k >= 1462742) AND (k <= 1462842))

for range-covered
table 1 : explain SELECT k FROM sbtest1 WHERE k BETWEEN 4941682 AND 4941782
	Index Only Scan using k_1 on sbtest1  (cost=0.43..6.77 rows=117 width=4)
	  Index Cond: ((k >= 4941682) AND (k <= 4941782))

table 2 : explain SELECT k FROM sbtest2 WHERE k BETWEEN 4941682 AND 4941782
	Index Only Scan using k_2 on sbtest2  (cost=0.43..6.43 rows=100 width=4)
	  Index Cond: ((k >= 4941682) AND (k <= 4941782))

table 3 : explain SELECT k FROM sbtest3 WHERE k BETWEEN 4941682 AND 4941782
	Index Only Scan using k_3 on sbtest3  (cost=0.43..10.36 rows=96 width=4)
	  Index Cond: ((k >= 4941682) AND (k <= 4941782))

table 4 : explain SELECT k FROM sbtest4 WHERE k BETWEEN 4941682 AND 4941782
	Index Only Scan using k_4 on sbtest4  (cost=0.43..6.61 rows=109 width=4)
	  Index Cond: ((k >= 4941682) AND (k <= 4941782))

table 5 : explain SELECT k FROM sbtest5 WHERE k BETWEEN 4941682 AND 4941782
	Index Only Scan using k_5 on sbtest5  (cost=0.43..6.51 rows=104 width=4)
	  Index Cond: ((k >= 4941682) AND (k <= 4941782))

table 6 : explain SELECT k FROM sbtest6 WHERE k BETWEEN 4941682 AND 4941782
	Index Only Scan using k_6 on sbtest6  (cost=0.43..10.51 rows=104 width=4)
	  Index Cond: ((k >= 4941682) AND (k <= 4941782))

table 7 : explain SELECT k FROM sbtest7 WHERE k BETWEEN 4941682 AND 4941782
	Index Only Scan using k_7 on sbtest7  (cost=0.43..10.50 rows=103 width=4)
	  Index Cond: ((k >= 4941682) AND (k <= 4941782))

table 8 : explain SELECT k FROM sbtest8 WHERE k BETWEEN 4941682 AND 4941782
	Index Only Scan using k_8 on sbtest8  (cost=0.43..6.25 rows=91 width=4)
	  Index Cond: ((k >= 4941682) AND (k <= 4941782))

explain: for range-covered :: explain SELECT k FROM sbtest%d WHERE k BETWEEN 1462742 AND 1462842
for range-covered
table 1 : explain SELECT k FROM sbtest1 WHERE k BETWEEN 7402914 AND 7403014
	Index Only Scan using k_1 on sbtest1  (cost=0.43..6.33 rows=95 width=4)
	  Index Cond: ((k >= 7402914) AND (k <= 7403014))

table 2 : explain SELECT k FROM sbtest2 WHERE k BETWEEN 7402914 AND 7403014
	Index Only Scan using k_2 on sbtest2  (cost=0.43..6.37 rows=97 width=4)
	  Index Cond: ((k >= 7402914) AND (k <= 7403014))

table 3 : explain SELECT k FROM sbtest3 WHERE k BETWEEN 7402914 AND 7403014
	Index Only Scan using k_3 on sbtest3  (cost=0.43..10.51 rows=104 width=4)
	  Index Cond: ((k >= 7402914) AND (k <= 7403014))

table 4 : explain SELECT k FROM sbtest4 WHERE k BETWEEN 7402914 AND 7403014
	Index Only Scan using k_4 on sbtest4  (cost=0.43..6.79 rows=118 width=4)
	  Index Cond: ((k >= 7402914) AND (k <= 7403014))

table 5 : explain SELECT k FROM sbtest5 WHERE k BETWEEN 7402914 AND 7403014
	Index Only Scan using k_5 on sbtest5  (cost=0.43..6.56 rows=106 width=4)
	  Index Cond: ((k >= 7402914) AND (k <= 7403014))

table 6 : explain SELECT k FROM sbtest6 WHERE k BETWEEN 7402914 AND 7403014
	Index Only Scan using k_6 on sbtest6  (cost=0.43..10.44 rows=100 width=4)
	  Index Cond: ((k >= 7402914) AND (k <= 7403014))

table 7 : explain SELECT k FROM sbtest7 WHERE k BETWEEN 7402914 AND 7403014
	Index Only Scan using k_7 on sbtest7  (cost=0.43..10.68 rows=112 width=4)
	  Index Cond: ((k >= 7402914) AND (k <= 7403014))

table 8 : explain SELECT k FROM sbtest8 WHERE k BETWEEN 7402914 AND 7403014
	Index Only Scan using k_8 on sbtest8  (cost=0.43..6.29 rows=93 width=4)
	  Index Cond: ((k >= 7402914) AND (k <= 7403014))

explain: for range-covered :: explain SELECT k FROM sbtest%d WHERE k BETWEEN 4941682 AND 4941782for range-covered
table 1 : explain SELECT k FROM sbtest1 WHERE k BETWEEN 7428469 AND 7428569
	Index Only Scan using k_1 on sbtest1  (cost=0.43..6.33 rows=95 width=4)
	  Index Cond: ((k >= 7428469) AND (k <= 7428569))

table 2 : explain SELECT k FROM sbtest2 WHERE k BETWEEN 7428469 AND 7428569
	Index Only Scan using k_2 on sbtest2  (cost=0.43..6.37 rows=97 width=4)
	  Index Cond: ((k >= 7428469) AND (k <= 7428569))

table 3 : explain SELECT k FROM sbtest3 WHERE k BETWEEN 7428469 AND 7428569
	Index Only Scan using k_3 on sbtest3  (cost=0.43..10.68 rows=112 width=4)
	  Index Cond: ((k >= 7428469) AND (k <= 7428569))

table 4 : explain SELECT k FROM sbtest4 WHERE k BETWEEN 7428469 AND 7428569
	Index Only Scan using k_4 on sbtest4  (cost=0.43..6.61 rows=109 width=4)
	  Index Cond: ((k >= 7428469) AND (k <= 7428569))

table 5 : explain SELECT k FROM sbtest5 WHERE k BETWEEN 7428469 AND 7428569
	Index Only Scan using k_5 on sbtest5  (cost=0.43..6.56 rows=106 width=4)
	  Index Cond: ((k >= 7428469) AND (k <= 7428569))

table 6 : explain SELECT k FROM sbtest6 WHERE k BETWEEN 7428469 AND 7428569
	Index Only Scan using k_6 on sbtest6  (cost=0.43..10.44 rows=100 width=4)
	  Index Cond: ((k >= 7428469) AND (k <= 7428569))

table 7 : explain SELECT k FROM sbtest7 WHERE k BETWEEN 7428469 AND 7428569
	Index Only Scan using k_7 on sbtest7  (cost=0.43..10.68 rows=112 width=4)
	  Index Cond: ((k >= 7428469) AND (k <= 7428569))

table 8 : explain SELECT k FROM sbtest8 WHERE k BETWEEN 7428469 AND 7428569
	Index Only Scan using k_8 on sbtest8  (cost=0.43..6.29 rows=93 width=4)
	  Index Cond: ((k >= 7428469) AND (k <= 7428569))
for range-covered
table 1 : explain SELECT k FROM sbtest1 WHERE k BETWEEN 5614286 AND 5614386
	Index Only Scan using k_1 on sbtest1  (cost=0.43..6.53 rows=105 width=4)
	  Index Cond: ((k >= 5614286) AND (k <= 5614386))

table 2 : explain SELECT k FROM sbtest2 WHERE k BETWEEN 5614286 AND 5614386
	Index Only Scan using k_2 on sbtest2  (cost=0.43..6.45 rows=101 width=4)
	  Index Cond: ((k >= 5614286) AND (k <= 5614386))

table 3 : explain SELECT k FROM sbtest3 WHERE k BETWEEN 5614286 AND 5614386
	Index Only Scan using k_3 on sbtest3  (cost=0.43..10.28 rows=92 width=4)
	  Index Cond: ((k >= 5614286) AND (k <= 5614386))

table 4 : explain SELECT k FROM sbtest4 WHERE k BETWEEN 5614286 AND 5614386
	Index Only Scan using k_4 on sbtest4  (cost=0.43..6.32 rows=94 width=4)
	  Index Cond: ((k >= 5614286) AND (k <= 5614386))

table 5 : explain SELECT k FROM sbtest5 WHERE k BETWEEN 5614286 AND 5614386
	Index Only Scan using k_5 on sbtest5  (cost=0.43..6.37 rows=97 width=4)
	  Index Cond: ((k >= 5614286) AND (k <= 5614386))

table 6 : explain SELECT k FROM sbtest6 WHERE k BETWEEN 5614286 AND 5614386
	Index Only Scan using k_6 on sbtest6  (cost=0.43..10.56 rows=106 width=4)
	  Index Cond: ((k >= 5614286) AND (k <= 5614386))

table 7 : explain SELECT k FROM sbtest7 WHERE k BETWEEN 5614286 AND 5614386
	Index Only Scan using k_7 on sbtest7  (cost=0.43..10.40 rows=98 width=4)
	  Index Cond: ((k >= 5614286) AND (k <= 5614386))

table 8 : explain SELECT k FROM sbtest8 WHERE k BETWEEN 5614286 AND 5614386
	Index Only Scan using k_8 on sbtest8  (cost=0.43..6.53 rows=105 width=4)
	  Index Cond: ((k >= 5614286) AND (k <= 5614386))
for range-covered
table 1 : explain SELECT k FROM sbtest1 WHERE k BETWEEN 4682965 AND 4683065
	Index Only Scan using k_1 on sbtest1  (cost=0.43..6.42 rows=99 width=4)
	  Index Cond: ((k >= 4682965) AND (k <= 4683065))

table 2 : explain SELECT k FROM sbtest2 WHERE k BETWEEN 4682965 AND 4683065
	Index Only Scan using k_2 on sbtest2  (cost=0.43..6.53 rows=105 width=4)
	  Index Cond: ((k >= 4682965) AND (k <= 4683065))

table 3 : explain SELECT k FROM sbtest3 WHERE k BETWEEN 4682965 AND 4683065
	Index Only Scan using k_3 on sbtest3  (cost=0.43..10.51 rows=104 width=4)
	  Index Cond: ((k >= 4682965) AND (k <= 4683065))

table 4 : explain SELECT k FROM sbtest4 WHERE k BETWEEN 4682965 AND 4683065
	Index Only Scan using k_4 on sbtest4  (cost=0.43..6.53 rows=105 width=4)
	  Index Cond: ((k >= 4682965) AND (k <= 4683065))

table 5 : explain SELECT k FROM sbtest5 WHERE k BETWEEN 4682965 AND 4683065
	Index Only Scan using k_5 on sbtest5  (cost=0.43..6.40 rows=98 width=4)
	  Index Cond: ((k >= 4682965) AND (k <= 4683065))

table 6 : explain SELECT k FROM sbtest6 WHERE k BETWEEN 4682965 AND 4683065
	Index Only Scan using k_6 on sbtest6  (cost=0.43..10.42 rows=99 width=4)
	  Index Cond: ((k >= 4682965) AND (k <= 4683065))

table 7 : explain SELECT k FROM sbtest7 WHERE k BETWEEN 4682965 AND 4683065
	Index Only Scan using k_7 on sbtest7  (cost=0.43..10.60 rows=108 width=4)
	  Index Cond: ((k >= 4682965) AND (k <= 4683065))

table 8 : explain SELECT k FROM sbtest8 WHERE k BETWEEN 4682965 AND 4683065
	Index Only Scan using k_8 on sbtest8  (cost=0.43..6.50 rows=103 width=4)
	  Index Cond: ((k >= 4682965) AND (k <= 4683065))

for range-covered
table 1 : explain SELECT k FROM sbtest1 WHERE k BETWEEN 4293825 AND 4293925
	Index Only Scan using k_1 on sbtest1  (cost=0.43..6.35 rows=96 width=4)
	  Index Cond: ((k >= 4293825) AND (k <= 4293925))

table 2 : explain SELECT k FROM sbtest2 WHERE k BETWEEN 4293825 AND 4293925
	Index Only Scan using k_2 on sbtest2  (cost=0.43..6.45 rows=101 width=4)
	  Index Cond: ((k >= 4293825) AND (k <= 4293925))

table 3 : explain SELECT k FROM sbtest3 WHERE k BETWEEN 4293825 AND 4293925
	Index Only Scan using k_3 on sbtest3  (cost=0.43..10.54 rows=105 width=4)
	  Index Cond: ((k >= 4293825) AND (k <= 4293925))

table 4 : explain SELECT k FROM sbtest4 WHERE k BETWEEN 4293825 AND 4293925
	Index Only Scan using k_4 on sbtest4  (cost=0.43..6.61 rows=109 width=4)
	  Index Cond: ((k >= 4293825) AND (k <= 4293925))

table 5 : explain SELECT k FROM sbtest5 WHERE k BETWEEN 4293825 AND 4293925
	Index Only Scan using k_5 on sbtest5  (cost=0.43..6.47 rows=102 width=4)
	  Index Cond: ((k >= 4293825) AND (k <= 4293925))

table 6 : explain SELECT k FROM sbtest6 WHERE k BETWEEN 4293825 AND 4293925
	Index Only Scan using k_6 on sbtest6  (cost=0.43..10.50 rows=103 width=4)
	  Index Cond: ((k >= 4293825) AND (k <= 4293925))

table 7 : explain SELECT k FROM sbtest7 WHERE k BETWEEN 4293825 AND 4293925
	Index Only Scan using k_7 on sbtest7  (cost=0.43..10.56 rows=106 width=4)
	  Index Cond: ((k >= 4293825) AND (k <= 4293925))

table 8 : explain SELECT k FROM sbtest8 WHERE k BETWEEN 4293825 AND 4293925
	Index Only Scan using k_8 on sbtest8  (cost=0.43..6.25 rows=91 width=4)
	  Index Cond: ((k >= 4293825) AND (k <= 4293925))




for range-covered
table 1 : explain SELECT k FROM sbtest1 WHERE k BETWEEN 4791252 AND 4791352
	Index Only Scan using k_1 on sbtest1  (cost=0.43..6.75 rows=116 width=4)
	  Index Cond: ((k >= 4791252) AND (k <= 4791352))

table 2 : explain SELECT k FROM sbtest2 WHERE k BETWEEN 4791252 AND 4791352
	Index Only Scan using k_2 on sbtest2  (cost=0.43..6.47 rows=102 width=4)
	  Index Cond: ((k >= 4791252) AND (k <= 4791352))

table 3 : explain SELECT k FROM sbtest3 WHERE k BETWEEN 4791252 AND 4791352
	Index Only Scan using k_3 on sbtest3  (cost=0.43..10.33 rows=95 width=4)
	  Index Cond: ((k >= 4791252) AND (k <= 4791352))

table 4 : explain SELECT k FROM sbtest4 WHERE k BETWEEN 4791252 AND 4791352
	Index Only Scan using k_4 on sbtest4  (cost=0.43..6.47 rows=102 width=4)
	  Index Cond: ((k >= 4791252) AND (k <= 4791352))

table 5 : explain SELECT k FROM sbtest5 WHERE k BETWEEN 4791252 AND 4791352
	Index Only Scan using k_5 on sbtest5  (cost=0.43..6.37 rows=97 width=4)
	  Index Cond: ((k >= 4791252) AND (k <= 4791352))

table 6 : explain SELECT k FROM sbtest6 WHERE k BETWEEN 4791252 AND 4791352
	Index Only Scan using k_6 on sbtest6  (cost=0.43..10.58 rows=107 width=4)
	  Index Cond: ((k >= 4791252) AND (k <= 4791352))

table 7 : explain SELECT k FROM sbtest7 WHERE k BETWEEN 4791252 AND 4791352
	Index Only Scan using k_7 on sbtest7  (cost=0.43..10.58 rows=107 width=4)
	  Index Cond: ((k >= 4791252) AND (k <= 4791352))

table 8 : explain SELECT k FROM sbtest8 WHERE k BETWEEN 4791252 AND 4791352
	Index Only Scan using k_8 on sbtest8  (cost=0.43..6.63 rows=110 width=4)
	  Index Cond: ((k >= 4791252) AND (k <= 4791352))

explain: for range-covered :: explain SELECT k FROM sbtest%d WHERE k BETWEEN 4293825 AND 4293925
for range-covered
table 1 : explain SELECT k FROM sbtest1 WHERE k BETWEEN 7001773 AND 7001873
	Index Only Scan using k_1 on sbtest1  (cost=0.43..6.50 rows=103 width=4)
	  Index Cond: ((k >= 7001773) AND (k <= 7001873))

table 2 : explain SELECT k FROM sbtest2 WHERE k BETWEEN 7001773 AND 7001873
	Index Only Scan using k_2 on sbtest2  (cost=0.43..6.45 rows=101 width=4)
	  Index Cond: ((k >= 7001773) AND (k <= 7001873))

table 3 : explain SELECT k FROM sbtest3 WHERE k BETWEEN 7001773 AND 7001873
	Index Only Scan using k_3 on sbtest3  (cost=0.43..10.40 rows=98 width=4)
	  Index Cond: ((k >= 7001773) AND (k <= 7001873))

table 4 : explain SELECT k FROM sbtest4 WHERE k BETWEEN 7001773 AND 7001873
	Index Only Scan using k_4 on sbtest4  (cost=0.43..6.61 rows=109 width=4)
	  Index Cond: ((k >= 7001773) AND (k <= 7001873))

table 5 : explain SELECT k FROM sbtest5 WHERE k BETWEEN 7001773 AND 7001873
	Index Only Scan using k_5 on sbtest5  (cost=0.43..6.56 rows=106 width=4)
	  Index Cond: ((k >= 7001773) AND (k <= 7001873))

table 6 : explain SELECT k FROM sbtest6 WHERE k BETWEEN 7001773 AND 7001873
	Index Only Scan using k_6 on sbtest6  (cost=0.43..10.29 rows=93 width=4)
	  Index Cond: ((k >= 7001773) AND (k <= 7001873))

table 7 : explain SELECT k FROM sbtest7 WHERE k BETWEEN 7001773 AND 7001873
	Index Only Scan using k_7 on sbtest7  (cost=0.43..10.44 rows=100 width=4)
	  Index Cond: ((k >= 7001773) AND (k <= 7001873))

table 8 : explain SELECT k FROM sbtest8 WHERE k BETWEEN 7001773 AND 7001873
	Index Only Scan using k_8 on sbtest8  (cost=0.43..6.58 rows=107 width=4)
	  Index Cond: ((k >= 7001773) AND (k <= 7001873))

explain: for range-covered :: explain SELECT k FROM sbtest%d WHERE k BETWEEN 7428469 AND 7428569
explain: for range-covered :: explain SELECT k FROM sbtest%d WHERE k BETWEEN 5614286 AND 5614386
explain: for range-covered :: explain SELECT k FROM sbtest%d WHERE k BETWEEN 4682965 AND 4683065
for range-covered
table 1 : explain SELECT k FROM sbtest1 WHERE k BETWEEN 8117076 AND 8117176
	Index Only Scan using k_1 on sbtest1  (cost=0.43..6.74 rows=115 width=4)
	  Index Cond: ((k >= 8117076) AND (k <= 8117176))

table 2 : explain SELECT k FROM sbtest2 WHERE k BETWEEN 8117076 AND 8117176
	Index Only Scan using k_2 on sbtest2  (cost=0.43..6.35 rows=96 width=4)
	  Index Cond: ((k >= 8117076) AND (k <= 8117176))

table 3 : explain SELECT k FROM sbtest3 WHERE k BETWEEN 8117076 AND 8117176
	Index Only Scan using k_3 on sbtest3  (cost=0.43..10.50 rows=103 width=4)
	  Index Cond: ((k >= 8117076) AND (k <= 8117176))

table 4 : explain SELECT k FROM sbtest4 WHERE k BETWEEN 8117076 AND 8117176
	Index Only Scan using k_4 on sbtest4  (cost=0.43..6.63 rows=110 width=4)
	  Index Cond: ((k >= 8117076) AND (k <= 8117176))

table 5 : explain SELECT k FROM sbtest5 WHERE k BETWEEN 8117076 AND 8117176
	Index Only Scan using k_5 on sbtest5  (cost=0.43..6.50 rows=103 width=4)
	  Index Cond: ((k >= 8117076) AND (k <= 8117176))

table 6 : explain SELECT k FROM sbtest6 WHERE k BETWEEN 8117076 AND 8117176
	Index Only Scan using k_6 on sbtest6  (cost=0.43..10.63 rows=110 width=4)
	  Index Cond: ((k >= 8117076) AND (k <= 8117176))

table 7 : explain SELECT k FROM sbtest7 WHERE k BETWEEN 8117076 AND 8117176
	Index Only Scan using k_7 on sbtest7  (cost=0.43..10.32 rows=94 width=4)
	  Index Cond: ((k >= 8117076) AND (k <= 8117176))

table 8 : explain SELECT k FROM sbtest8 WHERE k BETWEEN 8117076 AND 8117176
	Index Only Scan using k_8 on sbtest8  (cost=0.43..6.37 rows=97 width=4)
	  Index Cond: ((k >= 8117076) AND (k <= 8117176))

explain: for range-covered :: explain SELECT k FROM sbtest%d WHERE k BETWEEN 4791252 AND 4791352
explain: for range-covered :: explain SELECT k FROM sbtest%d WHERE k BETWEEN 7001773 AND 7001873
explain: for range-covered :: explain SELECT k FROM sbtest%d WHERE k BETWEEN 8117076 AND 8117176
for range-covered
table 1 : explain SELECT k FROM sbtest1 WHERE k BETWEEN 4184822 AND 4184922
	Index Only Scan using k_1 on sbtest1  (cost=0.43..6.35 rows=96 width=4)
	  Index Cond: ((k >= 4184822) AND (k <= 4184922))

table 2 : explain SELECT k FROM sbtest2 WHERE k BETWEEN 4184822 AND 4184922
	Index Only Scan using k_2 on sbtest2  (cost=0.43..6.59 rows=108 width=4)
	  Index Cond: ((k >= 4184822) AND (k <= 4184922))

table 3 : explain SELECT k FROM sbtest3 WHERE k BETWEEN 4184822 AND 4184922
	Index Only Scan using k_3 on sbtest3  (cost=0.43..10.44 rows=100 width=4)
	  Index Cond: ((k >= 4184822) AND (k <= 4184922))

table 4 : explain SELECT k FROM sbtest4 WHERE k BETWEEN 4184822 AND 4184922
	Index Only Scan using k_4 on sbtest4  (cost=0.43..6.58 rows=107 width=4)
	  Index Cond: ((k >= 4184822) AND (k <= 4184922))

table 5 : explain SELECT k FROM sbtest5 WHERE k BETWEEN 4184822 AND 4184922
	Index Only Scan using k_5 on sbtest5  (cost=0.43..6.27 rows=92 width=4)
	  Index Cond: ((k >= 4184822) AND (k <= 4184922))

table 6 : explain SELECT k FROM sbtest6 WHERE k BETWEEN 4184822 AND 4184922
	Index Only Scan using k_6 on sbtest6  (cost=0.43..10.50 rows=103 width=4)
	  Index Cond: ((k >= 4184822) AND (k <= 4184922))

table 7 : explain SELECT k FROM sbtest7 WHERE k BETWEEN 4184822 AND 4184922
	Index Only Scan using k_7 on sbtest7  (cost=0.43..10.36 rows=96 width=4)
	  Index Cond: ((k >= 4184822) AND (k <= 4184922))

table 8 : explain SELECT k FROM sbtest8 WHERE k BETWEEN 4184822 AND 4184922
	Index Only Scan using k_8 on sbtest8  (cost=0.43..6.33 rows=95 width=4)
	  Index Cond: ((k >= 4184822) AND (k <= 4184922))

for range-covered
table 1 : explain SELECT k FROM sbtest1 WHERE k BETWEEN 5246712 AND 5246812
	Index Only Scan using k_1 on sbtest1  (cost=0.43..6.53 rows=105 width=4)
	  Index Cond: ((k >= 5246712) AND (k <= 5246812))

table 2 : explain SELECT k FROM sbtest2 WHERE k BETWEEN 5246712 AND 5246812
	Index Only Scan using k_2 on sbtest2  (cost=0.43..6.40 rows=98 width=4)
	  Index Cond: ((k >= 5246712) AND (k <= 5246812))

table 3 : explain SELECT k FROM sbtest3 WHERE k BETWEEN 5246712 AND 5246812
	Index Only Scan using k_3 on sbtest3  (cost=0.43..10.60 rows=108 width=4)
	  Index Cond: ((k >= 5246712) AND (k <= 5246812))

table 4 : explain SELECT k FROM sbtest4 WHERE k BETWEEN 5246712 AND 5246812
	Index Only Scan using k_4 on sbtest4  (cost=0.43..6.53 rows=105 width=4)
	  Index Cond: ((k >= 5246712) AND (k <= 5246812))

table 5 : explain SELECT k FROM sbtest5 WHERE k BETWEEN 5246712 AND 5246812
	Index Only Scan using k_5 on sbtest5  (cost=0.43..6.45 rows=101 width=4)
	  Index Cond: ((k >= 5246712) AND (k <= 5246812))

table 6 : explain SELECT k FROM sbtest6 WHERE k BETWEEN 5246712 AND 5246812
	Index Only Scan using k_6 on sbtest6  (cost=0.43..10.42 rows=99 width=4)
	  Index Cond: ((k >= 5246712) AND (k <= 5246812))

table 7 : explain SELECT k FROM sbtest7 WHERE k BETWEEN 5246712 AND 5246812
	Index Only Scan using k_7 on sbtest7  (cost=0.43..10.50 rows=103 width=4)
	  Index Cond: ((k >= 5246712) AND (k <= 5246812))

table 8 : explain SELECT k FROM sbtest8 WHERE k BETWEEN 5246712 AND 5246812
	Index Only Scan using k_8 on sbtest8  (cost=0.43..6.33 rows=95 width=4)
	  Index Cond: ((k >= 5246712) AND (k <= 5246812))

for range-covered
table 1 : explain SELECT k FROM sbtest1 WHERE k BETWEEN 1462742 AND 1462842
	Index Only Scan using k_1 on sbtest1  (cost=0.43..6.42 rows=99 width=4)
	  Index Cond: ((k >= 1462742) AND (k <= 1462842))

table 2 : explain SELECT k FROM sbtest2 WHERE k BETWEEN 1462742 AND 1462842
	Index Only Scan using k_2 on sbtest2  (cost=0.43..6.42 rows=99 width=4)
	  Index Cond: ((k >= 1462742) AND (k <= 1462842))

table 3 : explain SELECT k FROM sbtest3 WHERE k BETWEEN 1462742 AND 1462842
	Index Only Scan using k_3 on sbtest3  (cost=0.43..10.60 rows=108 width=4)
	  Index Cond: ((k >= 1462742) AND (k <= 1462842))

table 4 : explain SELECT k FROM sbtest4 WHERE k BETWEEN 1462742 AND 1462842
	Index Only Scan using k_4 on sbtest4  (cost=0.43..6.69 rows=113 width=4)
	  Index Cond: ((k >= 1462742) AND (k <= 1462842))

table 5 : explain SELECT k FROM sbtest5 WHERE k BETWEEN 1462742 AND 1462842
	Index Only Scan using k_5 on sbtest5  (cost=0.43..6.58 rows=107 width=4)
	  Index Cond: ((k >= 1462742) AND (k <= 1462842))

table 6 : explain SELECT k FROM sbtest6 WHERE k BETWEEN 1462742 AND 1462842
	Index Only Scan using k_6 on sbtest6  (cost=0.43..10.47 rows=102 width=4)
	  Index Cond: ((k >= 1462742) AND (k <= 1462842))

table 7 : explain SELECT k FROM sbtest7 WHERE k BETWEEN 1462742 AND 1462842
	Index Only Scan using k_7 on sbtest7  (cost=0.43..10.47 rows=102 width=4)
	  Index Cond: ((k >= 1462742) AND (k <= 1462842))

table 8 : explain SELECT k FROM sbtest8 WHERE k BETWEEN 1462742 AND 1462842
	Index Only Scan using k_8 on sbtest8  (cost=0.43..6.45 rows=101 width=4)
	  Index Cond: ((k >= 1462742) AND (k <= 1462842))

for range-covered
table 1 : explain SELECT k FROM sbtest1 WHERE k BETWEEN 4941682 AND 4941782
	Index Only Scan using k_1 on sbtest1  (cost=0.43..6.77 rows=117 width=4)
	  Index Cond: ((k >= 4941682) AND (k <= 4941782))

table 2 : explain SELECT k FROM sbtest2 WHERE k BETWEEN 4941682 AND 4941782
	Index Only Scan using k_2 on sbtest2  (cost=0.43..6.43 rows=100 width=4)
	  Index Cond: ((k >= 4941682) AND (k <= 4941782))

table 3 : explain SELECT k FROM sbtest3 WHERE k BETWEEN 4941682 AND 4941782
	Index Only Scan using k_3 on sbtest3  (cost=0.43..10.36 rows=96 width=4)
	  Index Cond: ((k >= 4941682) AND (k <= 4941782))

table 4 : explain SELECT k FROM sbtest4 WHERE k BETWEEN 4941682 AND 4941782
	Index Only Scan using k_4 on sbtest4  (cost=0.43..6.61 rows=109 width=4)
	  Index Cond: ((k >= 4941682) AND (k <= 4941782))

table 5 : explain SELECT k FROM sbtest5 WHERE k BETWEEN 4941682 AND 4941782
	Index Only Scan using k_5 on sbtest5  (cost=0.43..6.51 rows=104 width=4)
	  Index Cond: ((k >= 4941682) AND (k <= 4941782))

table 6 : explain SELECT k FROM sbtest6 WHERE k BETWEEN 4941682 AND 4941782
	Index Only Scan using k_6 on sbtest6  (cost=0.43..10.51 rows=104 width=4)
	  Index Cond: ((k >= 4941682) AND (k <= 4941782))

table 7 : explain SELECT k FROM sbtest7 WHERE k BETWEEN 4941682 AND 4941782
	Index Only Scan using k_7 on sbtest7  (cost=0.43..10.50 rows=103 width=4)
	  Index Cond: ((k >= 4941682) AND (k <= 4941782))

table 8 : explain SELECT k FROM sbtest8 WHERE k BETWEEN 4941682 AND 4941782
	Index Only Scan using k_8 on sbtest8  (cost=0.43..6.25 rows=91 width=4)
	  Index Cond: ((k >= 4941682) AND (k <= 4941782))

for range-covered
table 1 : explain SELECT k FROM sbtest1 WHERE k BETWEEN 7428469 AND 7428569
	Index Only Scan using k_1 on sbtest1  (cost=0.43..6.33 rows=95 width=4)
	  Index Cond: ((k >= 7428469) AND (k <= 7428569))

table 2 : explain SELECT k FROM sbtest2 WHERE k BETWEEN 7428469 AND 7428569
	Index Only Scan using k_2 on sbtest2  (cost=0.43..6.37 rows=97 width=4)
	  Index Cond: ((k >= 7428469) AND (k <= 7428569))

table 3 : explain SELECT k FROM sbtest3 WHERE k BETWEEN 7428469 AND 7428569
	Index Only Scan using k_3 on sbtest3  (cost=0.43..10.68 rows=112 width=4)
	  Index Cond: ((k >= 7428469) AND (k <= 7428569))

table 4 : explain SELECT k FROM sbtest4 WHERE k BETWEEN 7428469 AND 7428569
	Index Only Scan using k_4 on sbtest4  (cost=0.43..6.61 rows=109 width=4)
	  Index Cond: ((k >= 7428469) AND (k <= 7428569))

table 5 : explain SELECT k FROM sbtest5 WHERE k BETWEEN 7428469 AND 7428569
	Index Only Scan using k_5 on sbtest5  (cost=0.43..6.56 rows=106 width=4)
	  Index Cond: ((k >= 7428469) AND (k <= 7428569))

table 6 : explain SELECT k FROM sbtest6 WHERE k BETWEEN 7428469 AND 7428569
	Index Only Scan using k_6 on sbtest6  (cost=0.43..10.44 rows=100 width=4)
	  Index Cond: ((k >= 7428469) AND (k <= 7428569))

table 7 : explain SELECT k FROM sbtest7 WHERE k BETWEEN 7428469 AND 7428569
	Index Only Scan using k_7 on sbtest7  (cost=0.43..10.68 rows=112 width=4)
	  Index Cond: ((k >= 7428469) AND (k <= 7428569))

table 8 : explain SELECT k FROM sbtest8 WHERE k BETWEEN 7428469 AND 7428569
	Index Only Scan using k_8 on sbtest8  (cost=0.43..6.29 rows=93 width=4)
	  Index Cond: ((k >= 7428469) AND (k <= 7428569))

for range-covered
table 1 : explain SELECT k FROM sbtest1 WHERE k BETWEEN 4293825 AND 4293925
	Index Only Scan using k_1 on sbtest1  (cost=0.43..6.35 rows=96 width=4)
	  Index Cond: ((k >= 4293825) AND (k <= 4293925))

table 2 : explain SELECT k FROM sbtest2 WHERE k BETWEEN 4293825 AND 4293925
	Index Only Scan using k_2 on sbtest2  (cost=0.43..6.45 rows=101 width=4)
	  Index Cond: ((k >= 4293825) AND (k <= 4293925))

table 3 : explain SELECT k FROM sbtest3 WHERE k BETWEEN 4293825 AND 4293925
	Index Only Scan using k_3 on sbtest3  (cost=0.43..10.54 rows=105 width=4)
	  Index Cond: ((k >= 4293825) AND (k <= 4293925))

table 4 : explain SELECT k FROM sbtest4 WHERE k BETWEEN 4293825 AND 4293925
	Index Only Scan using k_4 on sbtest4  (cost=0.43..6.61 rows=109 width=4)
	  Index Cond: ((k >= 4293825) AND (k <= 4293925))

table 5 : explain SELECT k FROM sbtest5 WHERE k BETWEEN 4293825 AND 4293925
	Index Only Scan using k_5 on sbtest5  (cost=0.43..6.47 rows=102 width=4)
	  Index Cond: ((k >= 4293825) AND (k <= 4293925))

table 6 : explain SELECT k FROM sbtest6 WHERE k BETWEEN 4293825 AND 4293925
	Index Only Scan using k_6 on sbtest6  (cost=0.43..10.50 rows=103 width=4)
	  Index Cond: ((k >= 4293825) AND (k <= 4293925))

table 7 : explain SELECT k FROM sbtest7 WHERE k BETWEEN 4293825 AND 4293925
	Index Only Scan using k_7 on sbtest7  (cost=0.43..10.56 rows=106 width=4)
	  Index Cond: ((k >= 4293825) AND (k <= 4293925))

table 8 : explain SELECT k FROM sbtest8 WHERE k BETWEEN 4293825 AND 4293925
	Index Only Scan using k_8 on sbtest8  (cost=0.43..6.25 rows=91 width=4)
	  Index Cond: ((k >= 4293825) AND (k <= 4293925))
explain: for range-covered :: explain SELECT k FROM sbtest%d WHERE k BETWEEN 4941682 AND 4941782for range-covered
table 1 : explain SELECT k FROM sbtest1 WHERE k BETWEEN 7001773 AND 7001873
	Index Only Scan using k_1 on sbtest1  (cost=0.43..6.50 rows=103 width=4)
	  Index Cond: ((k >= 7001773) AND (k <= 7001873))

table 2 : explain SELECT k FROM sbtest2 WHERE k BETWEEN 7001773 AND 7001873
	Index Only Scan using k_2 on sbtest2  (cost=0.43..6.45 rows=101 width=4)
	  Index Cond: ((k >= 7001773) AND (k <= 7001873))

table 3 : explain SELECT k FROM sbtest3 WHERE k BETWEEN 7001773 AND 7001873
	Index Only Scan using k_3 on sbtest3  (cost=0.43..10.40 rows=98 width=4)
	  Index Cond: ((k >= 7001773) AND (k <= 7001873))

table 4 : explain SELECT k FROM sbtest4 WHERE k BETWEEN 7001773 AND 7001873
	Index Only Scan using k_4 on sbtest4  (cost=0.43..6.61 rows=109 width=4)
	  Index Cond: ((k >= 7001773) AND (k <= 7001873))

table 5 : explain SELECT k FROM sbtest5 WHERE k BETWEEN 7001773 AND 7001873
	Index Only Scan using k_5 on sbtest5  (cost=0.43..6.56 rows=106 width=4)
	  Index Cond: ((k >= 7001773) AND (k <= 7001873))

table 6 : explain SELECT k FROM sbtest6 WHERE k BETWEEN 7001773 AND 7001873
	Index Only Scan using k_6 on sbtest6  (cost=0.43..10.29 rows=93 width=4)
	  Index Cond: ((k >= 7001773) AND (k <= 7001873))

table 7 : explain SELECT k FROM sbtest7 WHERE k BETWEEN 7001773 AND 7001873
	Index Only Scan using k_7 on sbtest7  (cost=0.43..10.44 rows=100 width=4)
	  Index Cond: ((k >= 7001773) AND (k <= 7001873))

table 8 : explain SELECT k FROM sbtest8 WHERE k BETWEEN 7001773 AND 7001873
	Index Only Scan using k_8 on sbtest8  (cost=0.43..6.58 rows=107 width=4)
	  Index Cond: ((k >= 7001773) AND (k <= 7001873))

explain: for range-covered :: explain SELECT k FROM sbtest%d WHERE k BETWEEN 5246712 AND 5246812for range-covered
table 1 : explain SELECT k FROM sbtest1 WHERE k BETWEEN 8117076 AND 8117176
	Index Only Scan using k_1 on sbtest1  (cost=0.43..6.74 rows=115 width=4)
	  Index Cond: ((k >= 8117076) AND (k <= 8117176))

table 2 : explain SELECT k FROM sbtest2 WHERE k BETWEEN 8117076 AND 8117176
	Index Only Scan using k_2 on sbtest2  (cost=0.43..6.35 rows=96 width=4)
	  Index Cond: ((k >= 8117076) AND (k <= 8117176))

table 3 : explain SELECT k FROM sbtest3 WHERE k BETWEEN 8117076 AND 8117176
	Index Only Scan using k_3 on sbtest3  (cost=0.43..10.50 rows=103 width=4)
	  Index Cond: ((k >= 8117076) AND (k <= 8117176))

table 4 : explain SELECT k FROM sbtest4 WHERE k BETWEEN 8117076 AND 8117176
	Index Only Scan using k_4 on sbtest4  (cost=0.43..6.63 rows=110 width=4)
	  Index Cond: ((k >= 8117076) AND (k <= 8117176))

table 5 : explain SELECT k FROM sbtest5 WHERE k BETWEEN 8117076 AND 8117176
	Index Only Scan using k_5 on sbtest5  (cost=0.43..6.50 rows=103 width=4)
	  Index Cond: ((k >= 8117076) AND (k <= 8117176))

table 6 : explain SELECT k FROM sbtest6 WHERE k BETWEEN 8117076 AND 8117176
	Index Only Scan using k_6 on sbtest6  (cost=0.43..10.63 rows=110 width=4)
	  Index Cond: ((k >= 8117076) AND (k <= 8117176))

table 7 : explain SELECT k FROM sbtest7 WHERE k BETWEEN 8117076 AND 8117176
	Index Only Scan using k_7 on sbtest7  (cost=0.43..10.32 rows=94 width=4)
	  Index Cond: ((k >= 8117076) AND (k <= 8117176))

table 8 : explain SELECT k FROM sbtest8 WHERE k BETWEEN 8117076 AND 8117176
	Index Only Scan using k_8 on sbtest8  (cost=0.43..6.37 rows=97 width=4)
	  Index Cond: ((k >= 8117076) AND (k <= 8117176))



for range-covered
table 1 : explain SELECT k FROM sbtest1 WHERE k BETWEEN 5614286 AND 5614386
	Index Only Scan using k_1 on sbtest1  (cost=0.43..6.53 rows=105 width=4)
	  Index Cond: ((k >= 5614286) AND (k <= 5614386))

table 2 : explain SELECT k FROM sbtest2 WHERE k BETWEEN 5614286 AND 5614386
	Index Only Scan using k_2 on sbtest2  (cost=0.43..6.45 rows=101 width=4)
	  Index Cond: ((k >= 5614286) AND (k <= 5614386))

table 3 : explain SELECT k FROM sbtest3 WHERE k BETWEEN 5614286 AND 5614386
	Index Only Scan using k_3 on sbtest3  (cost=0.43..10.28 rows=92 width=4)
	  Index Cond: ((k >= 5614286) AND (k <= 5614386))

table 4 : explain SELECT k FROM sbtest4 WHERE k BETWEEN 5614286 AND 5614386
	Index Only Scan using k_4 on sbtest4  (cost=0.43..6.32 rows=94 width=4)
	  Index Cond: ((k >= 5614286) AND (k <= 5614386))

table 5 : explain SELECT k FROM sbtest5 WHERE k BETWEEN 5614286 AND 5614386
	Index Only Scan using k_5 on sbtest5  (cost=0.43..6.37 rows=97 width=4)
	  Index Cond: ((k >= 5614286) AND (k <= 5614386))

table 6 : explain SELECT k FROM sbtest6 WHERE k BETWEEN 5614286 AND 5614386
	Index Only Scan using k_6 on sbtest6  (cost=0.43..10.56 rows=106 width=4)
	  Index Cond: ((k >= 5614286) AND (k <= 5614386))

table 7 : explain SELECT k FROM sbtest7 WHERE k BETWEEN 5614286 AND 5614386
	Index Only Scan using k_7 on sbtest7  (cost=0.43..10.40 rows=98 width=4)
	  Index Cond: ((k >= 5614286) AND (k <= 5614386))

table 8 : explain SELECT k FROM sbtest8 WHERE k BETWEEN 5614286 AND 5614386
	Index Only Scan using k_8 on sbtest8  (cost=0.43..6.53 rows=105 width=4)
	  Index Cond: ((k >= 5614286) AND (k <= 5614386))
for range-covered
table 1 : explain SELECT k FROM sbtest1 WHERE k BETWEEN 4682965 AND 4683065
	Index Only Scan using k_1 on sbtest1  (cost=0.43..6.42 rows=99 width=4)
	  Index Cond: ((k >= 4682965) AND (k <= 4683065))

table 2 : explain SELECT k FROM sbtest2 WHERE k BETWEEN 4682965 AND 4683065
	Index Only Scan using k_2 on sbtest2  (cost=0.43..6.53 rows=105 width=4)
	  Index Cond: ((k >= 4682965) AND (k <= 4683065))

table 3 : explain SELECT k FROM sbtest3 WHERE k BETWEEN 4682965 AND 4683065
	Index Only Scan using k_3 on sbtest3  (cost=0.43..10.51 rows=104 width=4)
	  Index Cond: ((k >= 4682965) AND (k <= 4683065))

table 4 : explain SELECT k FROM sbtest4 WHERE k BETWEEN 4682965 AND 4683065
	Index Only Scan using k_4 on sbtest4  (cost=0.43..6.53 rows=105 width=4)
	  Index Cond: ((k >= 4682965) AND (k <= 4683065))

table 5 : explain SELECT k FROM sbtest5 WHERE k BETWEEN 4682965 AND 4683065
	Index Only Scan using k_5 on sbtest5  (cost=0.43..6.40 rows=98 width=4)
	  Index Cond: ((k >= 4682965) AND (k <= 4683065))

table 6 : explain SELECT k FROM sbtest6 WHERE k BETWEEN 4682965 AND 4683065
	Index Only Scan using k_6 on sbtest6  (cost=0.43..10.42 rows=99 width=4)
	  Index Cond: ((k >= 4682965) AND (k <= 4683065))

table 7 : explain SELECT k FROM sbtest7 WHERE k BETWEEN 4682965 AND 4683065
	Index Only Scan using k_7 on sbtest7  (cost=0.43..10.60 rows=108 width=4)
	  Index Cond: ((k >= 4682965) AND (k <= 4683065))

table 8 : explain SELECT k FROM sbtest8 WHERE k BETWEEN 4682965 AND 4683065
	Index Only Scan using k_8 on sbtest8  (cost=0.43..6.50 rows=103 width=4)
	  Index Cond: ((k >= 4682965) AND (k <= 4683065))

for range-covered
table 1 : explain SELECT k FROM sbtest1 WHERE k BETWEEN 1836318 AND 1836418
	Index Only Scan using k_1 on sbtest1  (cost=0.43..6.37 rows=97 width=4)
	  Index Cond: ((k >= 1836318) AND (k <= 1836418))

table 2 : explain SELECT k FROM sbtest2 WHERE k BETWEEN 1836318 AND 1836418
	Index Only Scan using k_2 on sbtest2  (cost=0.43..6.72 rows=114 width=4)
	  Index Cond: ((k >= 1836318) AND (k <= 1836418))

table 3 : explain SELECT k FROM sbtest3 WHERE k BETWEEN 1836318 AND 1836418
	Index Only Scan using k_3 on sbtest3  (cost=0.43..10.38 rows=97 width=4)
	  Index Cond: ((k >= 1836318) AND (k <= 1836418))

table 4 : explain SELECT k FROM sbtest4 WHERE k BETWEEN 1836318 AND 1836418
	Index Only Scan using k_4 on sbtest4  (cost=0.43..6.33 rows=95 width=4)
	  Index Cond: ((k >= 1836318) AND (k <= 1836418))

table 5 : explain SELECT k FROM sbtest5 WHERE k BETWEEN 1836318 AND 1836418
	Index Only Scan using k_5 on sbtest5  (cost=0.43..6.50 rows=103 width=4)
	  Index Cond: ((k >= 1836318) AND (k <= 1836418))

table 6 : explain SELECT k FROM sbtest6 WHERE k BETWEEN 1836318 AND 1836418
	Index Only Scan using k_6 on sbtest6  (cost=0.43..10.42 rows=99 width=4)
	  Index Cond: ((k >= 1836318) AND (k <= 1836418))

table 7 : explain SELECT k FROM sbtest7 WHERE k BETWEEN 1836318 AND 1836418
	Index Only Scan using k_7 on sbtest7  (cost=0.43..10.54 rows=105 width=4)
	  Index Cond: ((k >= 1836318) AND (k <= 1836418))

table 8 : explain SELECT k FROM sbtest8 WHERE k BETWEEN 1836318 AND 1836418
	Index Only Scan using k_8 on sbtest8  (cost=0.43..6.37 rows=97 width=4)
	  Index Cond: ((k >= 1836318) AND (k <= 1836418))

explain: for range-covered :: explain SELECT k FROM sbtest%d WHERE k BETWEEN 8117076 AND 8117176for range-covered
table 1 : explain SELECT k FROM sbtest1 WHERE k BETWEEN 4791252 AND 4791352
	Index Only Scan using k_1 on sbtest1  (cost=0.43..6.75 rows=116 width=4)
	  Index Cond: ((k >= 4791252) AND (k <= 4791352))

table 2 : explain SELECT k FROM sbtest2 WHERE k BETWEEN 4791252 AND 4791352
	Index Only Scan using k_2 on sbtest2  (cost=0.43..6.47 rows=102 width=4)
	  Index Cond: ((k >= 4791252) AND (k <= 4791352))

table 3 : explain SELECT k FROM sbtest3 WHERE k BETWEEN 4791252 AND 4791352
	Index Only Scan using k_3 on sbtest3  (cost=0.43..10.33 rows=95 width=4)
	  Index Cond: ((k >= 4791252) AND (k <= 4791352))

table 4 : explain SELECT k FROM sbtest4 WHERE k BETWEEN 4791252 AND 4791352
	Index Only Scan using k_4 on sbtest4  (cost=0.43..6.47 rows=102 width=4)
	  Index Cond: ((k >= 4791252) AND (k <= 4791352))

table 5 : explain SELECT k FROM sbtest5 WHERE k BETWEEN 4791252 AND 4791352
	Index Only Scan using k_5 on sbtest5  (cost=0.43..6.37 rows=97 width=4)
	  Index Cond: ((k >= 4791252) AND (k <= 4791352))

table 6 : explain SELECT k FROM sbtest6 WHERE k BETWEEN 4791252 AND 4791352
	Index Only Scan using k_6 on sbtest6  (cost=0.43..10.58 rows=107 width=4)
	  Index Cond: ((k >= 4791252) AND (k <= 4791352))

table 7 : explain SELECT k FROM sbtest7 WHERE k BETWEEN 4791252 AND 4791352
	Index Only Scan using k_7 on sbtest7  (cost=0.43..10.58 rows=107 width=4)
	  Index Cond: ((k >= 4791252) AND (k <= 4791352))

table 8 : explain SELECT k FROM sbtest8 WHERE k BETWEEN 4791252 AND 4791352
	Index Only Scan using k_8 on sbtest8  (cost=0.43..6.63 rows=110 width=4)
	  Index Cond: ((k >= 4791252) AND (k <= 4791352))


explain: for range-covered :: explain SELECT k FROM sbtest%d WHERE k BETWEEN 5277001 AND 5277101

explain: for range-covered :: explain SELECT k FROM sbtest%d WHERE k BETWEEN 4682965 AND 4683065

explain: for range-covered :: explain SELECT k FROM sbtest%d WHERE k BETWEEN 7428469 AND 7428569
explain: for range-covered :: explain SELECT k FROM sbtest%d WHERE k BETWEEN 7001773 AND 7001873
explain: for range-covered :: explain SELECT k FROM sbtest%d WHERE k BETWEEN 1836318 AND 1836418
explain: for range-covered :: explain SELECT k FROM sbtest%d WHERE k BETWEEN 9457227 AND 9457327
explain: for range-covered :: explain SELECT k FROM sbtest%d WHERE k BETWEEN 5614286 AND 5614386
explain: for range-covered :: explain SELECT k FROM sbtest%d WHERE k BETWEEN 2080878 AND 2080978
explain: for range-covered :: explain SELECT k FROM sbtest%d WHERE k BETWEEN 3786852 AND 3786952
for range-covered
table 1 : explain SELECT k FROM sbtest1 WHERE k BETWEEN 5246712 AND 5246812
	Index Only Scan using k_1 on sbtest1  (cost=0.43..6.53 rows=105 width=4)
	  Index Cond: ((k >= 5246712) AND (k <= 5246812))

table 2 : explain SELECT k FROM sbtest2 WHERE k BETWEEN 5246712 AND 5246812
	Index Only Scan using k_2 on sbtest2  (cost=0.43..6.40 rows=98 width=4)
	  Index Cond: ((k >= 5246712) AND (k <= 5246812))

table 3 : explain SELECT k FROM sbtest3 WHERE k BETWEEN 5246712 AND 5246812
	Index Only Scan using k_3 on sbtest3  (cost=0.43..10.60 rows=108 width=4)
	  Index Cond: ((k >= 5246712) AND (k <= 5246812))

table 4 : explain SELECT k FROM sbtest4 WHERE k BETWEEN 5246712 AND 5246812
	Index Only Scan using k_4 on sbtest4  (cost=0.43..6.53 rows=105 width=4)
	  Index Cond: ((k >= 5246712) AND (k <= 5246812))

table 5 : explain SELECT k FROM sbtest5 WHERE k BETWEEN 5246712 AND 5246812
	Index Only Scan using k_5 on sbtest5  (cost=0.43..6.45 rows=101 width=4)
	  Index Cond: ((k >= 5246712) AND (k <= 5246812))

table 6 : explain SELECT k FROM sbtest6 WHERE k BETWEEN 5246712 AND 5246812
	Index Only Scan using k_6 on sbtest6  (cost=0.43..10.42 rows=99 width=4)
	  Index Cond: ((k >= 5246712) AND (k <= 5246812))

table 7 : explain SELECT k FROM sbtest7 WHERE k BETWEEN 5246712 AND 5246812
	Index Only Scan using k_7 on sbtest7  (cost=0.43..10.50 rows=103 width=4)
	  Index Cond: ((k >= 5246712) AND (k <= 5246812))

table 8 : explain SELECT k FROM sbtest8 WHERE k BETWEEN 5246712 AND 5246812
	Index Only Scan using k_8 on sbtest8  (cost=0.43..6.33 rows=95 width=4)
	  Index Cond: ((k >= 5246712) AND (k <= 5246812))

explain: for range-covered :: explain SELECT k FROM sbtest%d WHERE k BETWEEN 4293825 AND 4293925
for range-covered
table 1 : explain SELECT k FROM sbtest1 WHERE k BETWEEN 8117076 AND 8117176
	Index Only Scan using k_1 on sbtest1  (cost=0.43..6.74 rows=115 width=4)
	  Index Cond: ((k >= 8117076) AND (k <= 8117176))

table 2 : explain SELECT k FROM sbtest2 WHERE k BETWEEN 8117076 AND 8117176
	Index Only Scan using k_2 on sbtest2  (cost=0.43..6.35 rows=96 width=4)
	  Index Cond: ((k >= 8117076) AND (k <= 8117176))

table 3 : explain SELECT k FROM sbtest3 WHERE k BETWEEN 8117076 AND 8117176
	Index Only Scan using k_3 on sbtest3  (cost=0.43..10.50 rows=103 width=4)
	  Index Cond: ((k >= 8117076) AND (k <= 8117176))

table 4 : explain SELECT k FROM sbtest4 WHERE k BETWEEN 8117076 AND 8117176
	Index Only Scan using k_4 on sbtest4  (cost=0.43..6.63 rows=110 width=4)
	  Index Cond: ((k >= 8117076) AND (k <= 8117176))

table 5 : explain SELECT k FROM sbtest5 WHERE k BETWEEN 8117076 AND 8117176
	Index Only Scan using k_5 on sbtest5  (cost=0.43..6.50 rows=103 width=4)
	  Index Cond: ((k >= 8117076) AND (k <= 8117176))

table 6 : explain SELECT k FROM sbtest6 WHERE k BETWEEN 8117076 AND 8117176
	Index Only Scan using k_6 on sbtest6  (cost=0.43..10.63 rows=110 width=4)
	  Index Cond: ((k >= 8117076) AND (k <= 8117176))

table 7 : explain SELECT k FROM sbtest7 WHERE k BETWEEN 8117076 AND 8117176
	Index Only Scan using k_7 on sbtest7  (cost=0.43..10.32 rows=94 width=4)
	  Index Cond: ((k >= 8117076) AND (k <= 8117176))

table 8 : explain SELECT k FROM sbtest8 WHERE k BETWEEN 8117076 AND 8117176
	Index Only Scan using k_8 on sbtest8  (cost=0.43..6.37 rows=97 width=4)
	  Index Cond: ((k >= 8117076) AND (k <= 8117176))

explain: for range-covered :: explain SELECT k FROM sbtest%d WHERE k BETWEEN 5246712 AND 5246812
for range-covered
table 1 : explain SELECT k FROM sbtest1 WHERE k BETWEEN 7428469 AND 7428569
	Index Only Scan using k_1 on sbtest1  (cost=0.43..6.33 rows=95 width=4)
	  Index Cond: ((k >= 7428469) AND (k <= 7428569))

table 2 : explain SELECT k FROM sbtest2 WHERE k BETWEEN 7428469 AND 7428569
	Index Only Scan using k_2 on sbtest2  (cost=0.43..6.37 rows=97 width=4)
	  Index Cond: ((k >= 7428469) AND (k <= 7428569))

table 3 : explain SELECT k FROM sbtest3 WHERE k BETWEEN 7428469 AND 7428569
	Index Only Scan using k_3 on sbtest3  (cost=0.43..10.68 rows=112 width=4)
	  Index Cond: ((k >= 7428469) AND (k <= 7428569))

table 4 : explain SELECT k FROM sbtest4 WHERE k BETWEEN 7428469 AND 7428569
	Index Only Scan using k_4 on sbtest4  (cost=0.43..6.61 rows=109 width=4)
	  Index Cond: ((k >= 7428469) AND (k <= 7428569))

table 5 : explain SELECT k FROM sbtest5 WHERE k BETWEEN 7428469 AND 7428569
	Index Only Scan using k_5 on sbtest5  (cost=0.43..6.56 rows=106 width=4)
	  Index Cond: ((k >= 7428469) AND (k <= 7428569))

table 6 : explain SELECT k FROM sbtest6 WHERE k BETWEEN 7428469 AND 7428569
	Index Only Scan using k_6 on sbtest6  (cost=0.43..10.44 rows=100 width=4)
	  Index Cond: ((k >= 7428469) AND (k <= 7428569))

table 7 : explain SELECT k FROM sbtest7 WHERE k BETWEEN 7428469 AND 7428569
	Index Only Scan using k_7 on sbtest7  (cost=0.43..10.68 rows=112 width=4)
	  Index Cond: ((k >= 7428469) AND (k <= 7428569))

table 8 : explain SELECT k FROM sbtest8 WHERE k BETWEEN 7428469 AND 7428569
	Index Only Scan using k_8 on sbtest8  (cost=0.43..6.29 rows=93 width=4)
	  Index Cond: ((k >= 7428469) AND (k <= 7428569))

for range-covered
table 1 : explain SELECT k FROM sbtest1 WHERE k BETWEEN 4682965 AND 4683065
	Index Only Scan using k_1 on sbtest1  (cost=0.43..6.42 rows=99 width=4)
	  Index Cond: ((k >= 4682965) AND (k <= 4683065))

table 2 : explain SELECT k FROM sbtest2 WHERE k BETWEEN 4682965 AND 4683065
	Index Only Scan using k_2 on sbtest2  (cost=0.43..6.53 rows=105 width=4)
	  Index Cond: ((k >= 4682965) AND (k <= 4683065))

table 3 : explain SELECT k FROM sbtest3 WHERE k BETWEEN 4682965 AND 4683065
	Index Only Scan using k_3 on sbtest3  (cost=0.43..10.51 rows=104 width=4)
	  Index Cond: ((k >= 4682965) AND (k <= 4683065))

table 4 : explain SELECT k FROM sbtest4 WHERE k BETWEEN 4682965 AND 4683065
	Index Only Scan using k_4 on sbtest4  (cost=0.43..6.53 rows=105 width=4)
	  Index Cond: ((k >= 4682965) AND (k <= 4683065))

table 5 : explain SELECT k FROM sbtest5 WHERE k BETWEEN 4682965 AND 4683065
	Index Only Scan using k_5 on sbtest5  (cost=0.43..6.40 rows=98 width=4)
	  Index Cond: ((k >= 4682965) AND (k <= 4683065))

table 6 : explain SELECT k FROM sbtest6 WHERE k BETWEEN 4682965 AND 4683065
	Index Only Scan using k_6 on sbtest6  (cost=0.43..10.42 rows=99 width=4)
	  Index Cond: ((k >= 4682965) AND (k <= 4683065))

table 7 : explain SELECT k FROM sbtest7 WHERE k BETWEEN 4682965 AND 4683065
	Index Only Scan using k_7 on sbtest7  (cost=0.43..10.60 rows=108 width=4)
	  Index Cond: ((k >= 4682965) AND (k <= 4683065))

table 8 : explain SELECT k FROM sbtest8 WHERE k BETWEEN 4682965 AND 4683065
	Index Only Scan using k_8 on sbtest8  (cost=0.43..6.50 rows=103 width=4)
	  Index Cond: ((k >= 4682965) AND (k <= 4683065))

for range-covered
table 1 : explain SELECT k FROM sbtest1 WHERE k BETWEEN 7001773 AND 7001873
	Index Only Scan using k_1 on sbtest1  (cost=0.43..6.50 rows=103 width=4)
	  Index Cond: ((k >= 7001773) AND (k <= 7001873))

table 2 : explain SELECT k FROM sbtest2 WHERE k BETWEEN 7001773 AND 7001873
	Index Only Scan using k_2 on sbtest2  (cost=0.43..6.45 rows=101 width=4)
	  Index Cond: ((k >= 7001773) AND (k <= 7001873))

table 3 : explain SELECT k FROM sbtest3 WHERE k BETWEEN 7001773 AND 7001873
	Index Only Scan using k_3 on sbtest3  (cost=0.43..10.40 rows=98 width=4)
	  Index Cond: ((k >= 7001773) AND (k <= 7001873))

table 4 : explain SELECT k FROM sbtest4 WHERE k BETWEEN 7001773 AND 7001873
	Index Only Scan using k_4 on sbtest4  (cost=0.43..6.61 rows=109 width=4)
	  Index Cond: ((k >= 7001773) AND (k <= 7001873))

table 5 : explain SELECT k FROM sbtest5 WHERE k BETWEEN 7001773 AND 7001873
	Index Only Scan using k_5 on sbtest5  (cost=0.43..6.56 rows=106 width=4)
	  Index Cond: ((k >= 7001773) AND (k <= 7001873))

table 6 : explain SELECT k FROM sbtest6 WHERE k BETWEEN 7001773 AND 7001873
	Index Only Scan using k_6 on sbtest6  (cost=0.43..10.29 rows=93 width=4)
	  Index Cond: ((k >= 7001773) AND (k <= 7001873))

table 7 : explain SELECT k FROM sbtest7 WHERE k BETWEEN 7001773 AND 7001873
	Index Only Scan using k_7 on sbtest7  (cost=0.43..10.44 rows=100 width=4)
	  Index Cond: ((k >= 7001773) AND (k <= 7001873))

table 8 : explain SELECT k FROM sbtest8 WHERE k BETWEEN 7001773 AND 7001873
	Index Only Scan using k_8 on sbtest8  (cost=0.43..6.58 rows=107 width=4)
	  Index Cond: ((k >= 7001773) AND (k <= 7001873))

for range-covered
table 1 : explain SELECT k FROM sbtest1 WHERE k BETWEEN 4941682 AND 4941782
	Index Only Scan using k_1 on sbtest1  (cost=0.43..6.77 rows=117 width=4)
	  Index Cond: ((k >= 4941682) AND (k <= 4941782))

table 2 : explain SELECT k FROM sbtest2 WHERE k BETWEEN 4941682 AND 4941782
	Index Only Scan using k_2 on sbtest2  (cost=0.43..6.43 rows=100 width=4)
	  Index Cond: ((k >= 4941682) AND (k <= 4941782))

table 3 : explain SELECT k FROM sbtest3 WHERE k BETWEEN 4941682 AND 4941782
	Index Only Scan using k_3 on sbtest3  (cost=0.43..10.36 rows=96 width=4)
	  Index Cond: ((k >= 4941682) AND (k <= 4941782))

table 4 : explain SELECT k FROM sbtest4 WHERE k BETWEEN 4941682 AND 4941782
	Index Only Scan using k_4 on sbtest4  (cost=0.43..6.61 rows=109 width=4)
	  Index Cond: ((k >= 4941682) AND (k <= 4941782))

table 5 : explain SELECT k FROM sbtest5 WHERE k BETWEEN 4941682 AND 4941782
	Index Only Scan using k_5 on sbtest5  (cost=0.43..6.51 rows=104 width=4)
	  Index Cond: ((k >= 4941682) AND (k <= 4941782))

table 6 : explain SELECT k FROM sbtest6 WHERE k BETWEEN 4941682 AND 4941782
	Index Only Scan using k_6 on sbtest6  (cost=0.43..10.51 rows=104 width=4)
	  Index Cond: ((k >= 4941682) AND (k <= 4941782))

table 7 : explain SELECT k FROM sbtest7 WHERE k BETWEEN 4941682 AND 4941782
	Index Only Scan using k_7 on sbtest7  (cost=0.43..10.50 rows=103 width=4)
	  Index Cond: ((k >= 4941682) AND (k <= 4941782))

table 8 : explain SELECT k FROM sbtest8 WHERE k BETWEEN 4941682 AND 4941782
	Index Only Scan using k_8 on sbtest8  (cost=0.43..6.25 rows=91 width=4)
	  Index Cond: ((k >= 4941682) AND (k <= 4941782))

for range-covered
table 1 : explain SELECT k FROM sbtest1 WHERE k BETWEEN 5614286 AND 5614386
	Index Only Scan using k_1 on sbtest1  (cost=0.43..6.53 rows=105 width=4)
	  Index Cond: ((k >= 5614286) AND (k <= 5614386))

table 2 : explain SELECT k FROM sbtest2 WHERE k BETWEEN 5614286 AND 5614386
	Index Only Scan using k_2 on sbtest2  (cost=0.43..6.45 rows=101 width=4)
	  Index Cond: ((k >= 5614286) AND (k <= 5614386))

table 3 : explain SELECT k FROM sbtest3 WHERE k BETWEEN 5614286 AND 5614386
	Index Only Scan using k_3 on sbtest3  (cost=0.43..10.28 rows=92 width=4)
	  Index Cond: ((k >= 5614286) AND (k <= 5614386))

table 4 : explain SELECT k FROM sbtest4 WHERE k BETWEEN 5614286 AND 5614386
	Index Only Scan using k_4 on sbtest4  (cost=0.43..6.32 rows=94 width=4)
	  Index Cond: ((k >= 5614286) AND (k <= 5614386))

table 5 : explain SELECT k FROM sbtest5 WHERE k BETWEEN 5614286 AND 5614386
	Index Only Scan using k_5 on sbtest5  (cost=0.43..6.37 rows=97 width=4)
	  Index Cond: ((k >= 5614286) AND (k <= 5614386))

table 6 : explain SELECT k FROM sbtest6 WHERE k BETWEEN 5614286 AND 5614386
	Index Only Scan using k_6 on sbtest6  (cost=0.43..10.56 rows=106 width=4)
	  Index Cond: ((k >= 5614286) AND (k <= 5614386))

table 7 : explain SELECT k FROM sbtest7 WHERE k BETWEEN 5614286 AND 5614386
	Index Only Scan using k_7 on sbtest7  (cost=0.43..10.40 rows=98 width=4)
	  Index Cond: ((k >= 5614286) AND (k <= 5614386))

table 8 : explain SELECT k FROM sbtest8 WHERE k BETWEEN 5614286 AND 5614386
	Index Only Scan using k_8 on sbtest8  (cost=0.43..6.53 rows=105 width=4)
	  Index Cond: ((k >= 5614286) AND (k <= 5614386))

explain: for range-covered :: explain SELECT k FROM sbtest%d WHERE k BETWEEN 7428469 AND 7428569
explain: for range-covered :: explain SELECT k FROM sbtest%d WHERE k BETWEEN 4682965 AND 4683065
for range-covered
table 1 : explain SELECT k FROM sbtest1 WHERE k BETWEEN 1836318 AND 1836418
	Index Only Scan using k_1 on sbtest1  (cost=0.43..6.37 rows=97 width=4)
	  Index Cond: ((k >= 1836318) AND (k <= 1836418))

table 2 : explain SELECT k FROM sbtest2 WHERE k BETWEEN 1836318 AND 1836418
	Index Only Scan using k_2 on sbtest2  (cost=0.43..6.72 rows=114 width=4)
	  Index Cond: ((k >= 1836318) AND (k <= 1836418))

table 3 : explain SELECT k FROM sbtest3 WHERE k BETWEEN 1836318 AND 1836418
	Index Only Scan using k_3 on sbtest3  (cost=0.43..10.38 rows=97 width=4)
	  Index Cond: ((k >= 1836318) AND (k <= 1836418))

table 4 : explain SELECT k FROM sbtest4 WHERE k BETWEEN 1836318 AND 1836418
	Index Only Scan using k_4 on sbtest4  (cost=0.43..6.33 rows=95 width=4)
	  Index Cond: ((k >= 1836318) AND (k <= 1836418))

table 5 : explain SELECT k FROM sbtest5 WHERE k BETWEEN 1836318 AND 1836418
	Index Only Scan using k_5 on sbtest5  (cost=0.43..6.50 rows=103 width=4)
	  Index Cond: ((k >= 1836318) AND (k <= 1836418))

table 6 : explain SELECT k FROM sbtest6 WHERE k BETWEEN 1836318 AND 1836418
	Index Only Scan using k_6 on sbtest6  (cost=0.43..10.42 rows=99 width=4)
	  Index Cond: ((k >= 1836318) AND (k <= 1836418))

table 7 : explain SELECT k FROM sbtest7 WHERE k BETWEEN 1836318 AND 1836418
	Index Only Scan using k_7 on sbtest7  (cost=0.43..10.54 rows=105 width=4)
	  Index Cond: ((k >= 1836318) AND (k <= 1836418))

table 8 : explain SELECT k FROM sbtest8 WHERE k BETWEEN 1836318 AND 1836418
	Index Only Scan using k_8 on sbtest8  (cost=0.43..6.37 rows=97 width=4)
	  Index Cond: ((k >= 1836318) AND (k <= 1836418))
explain: for range-covered :: explain SELECT k FROM sbtest%d WHERE k BETWEEN 5614286 AND 5614386

explain: for range-covered :: explain SELECT k FROM sbtest%d WHERE k BETWEEN 3541262 AND 3541362
explain: for range-covered :: explain SELECT k FROM sbtest%d WHERE k BETWEEN 4941682 AND 4941782
explain: for range-covered :: explain SELECT k FROM sbtest%d WHERE k BETWEEN 1836318 AND 1836418
explain: for range-covered :: explain SELECT k FROM sbtest%d WHERE k BETWEEN 2600506 AND 2600606
for range-covered
table 1 : explain SELECT k FROM sbtest1 WHERE k BETWEEN 5246712 AND 5246812
	Index Only Scan using k_1 on sbtest1  (cost=0.43..6.53 rows=105 width=4)
	  Index Cond: ((k >= 5246712) AND (k <= 5246812))

table 2 : explain SELECT k FROM sbtest2 WHERE k BETWEEN 5246712 AND 5246812
	Index Only Scan using k_2 on sbtest2  (cost=0.43..6.40 rows=98 width=4)
	  Index Cond: ((k >= 5246712) AND (k <= 5246812))

table 3 : explain SELECT k FROM sbtest3 WHERE k BETWEEN 5246712 AND 5246812
	Index Only Scan using k_3 on sbtest3  (cost=0.43..10.60 rows=108 width=4)
	  Index Cond: ((k >= 5246712) AND (k <= 5246812))

table 4 : explain SELECT k FROM sbtest4 WHERE k BETWEEN 5246712 AND 5246812
	Index Only Scan using k_4 on sbtest4  (cost=0.43..6.53 rows=105 width=4)
	  Index Cond: ((k >= 5246712) AND (k <= 5246812))

table 5 : explain SELECT k FROM sbtest5 WHERE k BETWEEN 5246712 AND 5246812
	Index Only Scan using k_5 on sbtest5  (cost=0.43..6.45 rows=101 width=4)
	  Index Cond: ((k >= 5246712) AND (k <= 5246812))

table 6 : explain SELECT k FROM sbtest6 WHERE k BETWEEN 5246712 AND 5246812
	Index Only Scan using k_6 on sbtest6  (cost=0.43..10.42 rows=99 width=4)
	  Index Cond: ((k >= 5246712) AND (k <= 5246812))

table 7 : explain SELECT k FROM sbtest7 WHERE k BETWEEN 5246712 AND 5246812
	Index Only Scan using k_7 on sbtest7  (cost=0.43..10.50 rows=103 width=4)
	  Index Cond: ((k >= 5246712) AND (k <= 5246812))

table 8 : explain SELECT k FROM sbtest8 WHERE k BETWEEN 5246712 AND 5246812
	Index Only Scan using k_8 on sbtest8  (cost=0.43..6.33 rows=95 width=4)
	  Index Cond: ((k >= 5246712) AND (k <= 5246812))

for range-covered
table 1 : explain SELECT k FROM sbtest1 WHERE k BETWEEN 7428469 AND 7428569
	Index Only Scan using k_1 on sbtest1  (cost=0.43..6.33 rows=95 width=4)
	  Index Cond: ((k >= 7428469) AND (k <= 7428569))

table 2 : explain SELECT k FROM sbtest2 WHERE k BETWEEN 7428469 AND 7428569
	Index Only Scan using k_2 on sbtest2  (cost=0.43..6.37 rows=97 width=4)
	  Index Cond: ((k >= 7428469) AND (k <= 7428569))

table 3 : explain SELECT k FROM sbtest3 WHERE k BETWEEN 7428469 AND 7428569
	Index Only Scan using k_3 on sbtest3  (cost=0.43..10.68 rows=112 width=4)
	  Index Cond: ((k >= 7428469) AND (k <= 7428569))

table 4 : explain SELECT k FROM sbtest4 WHERE k BETWEEN 7428469 AND 7428569
	Index Only Scan using k_4 on sbtest4  (cost=0.43..6.61 rows=109 width=4)
	  Index Cond: ((k >= 7428469) AND (k <= 7428569))

table 5 : explain SELECT k FROM sbtest5 WHERE k BETWEEN 7428469 AND 7428569
	Index Only Scan using k_5 on sbtest5  (cost=0.43..6.56 rows=106 width=4)
	  Index Cond: ((k >= 7428469) AND (k <= 7428569))

table 6 : explain SELECT k FROM sbtest6 WHERE k BETWEEN 7428469 AND 7428569
	Index Only Scan using k_6 on sbtest6  (cost=0.43..10.44 rows=100 width=4)
	  Index Cond: ((k >= 7428469) AND (k <= 7428569))

table 7 : explain SELECT k FROM sbtest7 WHERE k BETWEEN 7428469 AND 7428569
	Index Only Scan using k_7 on sbtest7  (cost=0.43..10.68 rows=112 width=4)
	  Index Cond: ((k >= 7428469) AND (k <= 7428569))

table 8 : explain SELECT k FROM sbtest8 WHERE k BETWEEN 7428469 AND 7428569
	Index Only Scan using k_8 on sbtest8  (cost=0.43..6.29 rows=93 width=4)
	  Index Cond: ((k >= 7428469) AND (k <= 7428569))

for range-covered
table 1 : explain SELECT k FROM sbtest1 WHERE k BETWEEN 5614286 AND 5614386
	Index Only Scan using k_1 on sbtest1  (cost=0.43..6.53 rows=105 width=4)
	  Index Cond: ((k >= 5614286) AND (k <= 5614386))

table 2 : explain SELECT k FROM sbtest2 WHERE k BETWEEN 5614286 AND 5614386
	Index Only Scan using k_2 on sbtest2  (cost=0.43..6.45 rows=101 width=4)
	  Index Cond: ((k >= 5614286) AND (k <= 5614386))

table 3 : explain SELECT k FROM sbtest3 WHERE k BETWEEN 5614286 AND 5614386
	Index Only Scan using k_3 on sbtest3  (cost=0.43..10.28 rows=92 width=4)
	  Index Cond: ((k >= 5614286) AND (k <= 5614386))

table 4 : explain SELECT k FROM sbtest4 WHERE k BETWEEN 5614286 AND 5614386
	Index Only Scan using k_4 on sbtest4  (cost=0.43..6.32 rows=94 width=4)
	  Index Cond: ((k >= 5614286) AND (k <= 5614386))

table 5 : explain SELECT k FROM sbtest5 WHERE k BETWEEN 5614286 AND 5614386
	Index Only Scan using k_5 on sbtest5  (cost=0.43..6.37 rows=97 width=4)
	  Index Cond: ((k >= 5614286) AND (k <= 5614386))

table 6 : explain SELECT k FROM sbtest6 WHERE k BETWEEN 5614286 AND 5614386
	Index Only Scan using k_6 on sbtest6  (cost=0.43..10.56 rows=106 width=4)
	  Index Cond: ((k >= 5614286) AND (k <= 5614386))

table 7 : explain SELECT k FROM sbtest7 WHERE k BETWEEN 5614286 AND 5614386
	Index Only Scan using k_7 on sbtest7  (cost=0.43..10.40 rows=98 width=4)
	  Index Cond: ((k >= 5614286) AND (k <= 5614386))

table 8 : explain SELECT k FROM sbtest8 WHERE k BETWEEN 5614286 AND 5614386
	Index Only Scan using k_8 on sbtest8  (cost=0.43..6.53 rows=105 width=4)
	  Index Cond: ((k >= 5614286) AND (k <= 5614386))

for range-covered
table 1 : explain SELECT k FROM sbtest1 WHERE k BETWEEN 4682965 AND 4683065
	Index Only Scan using k_1 on sbtest1  (cost=0.43..6.42 rows=99 width=4)
	  Index Cond: ((k >= 4682965) AND (k <= 4683065))

table 2 : explain SELECT k FROM sbtest2 WHERE k BETWEEN 4682965 AND 4683065
	Index Only Scan using k_2 on sbtest2  (cost=0.43..6.53 rows=105 width=4)
	  Index Cond: ((k >= 4682965) AND (k <= 4683065))

table 3 : explain SELECT k FROM sbtest3 WHERE k BETWEEN 4682965 AND 4683065
	Index Only Scan using k_3 on sbtest3  (cost=0.43..10.51 rows=104 width=4)
	  Index Cond: ((k >= 4682965) AND (k <= 4683065))

table 4 : explain SELECT k FROM sbtest4 WHERE k BETWEEN 4682965 AND 4683065
	Index Only Scan using k_4 on sbtest4  (cost=0.43..6.53 rows=105 width=4)
	  Index Cond: ((k >= 4682965) AND (k <= 4683065))

table 5 : explain SELECT k FROM sbtest5 WHERE k BETWEEN 4682965 AND 4683065
	Index Only Scan using k_5 on sbtest5  (cost=0.43..6.40 rows=98 width=4)
	  Index Cond: ((k >= 4682965) AND (k <= 4683065))

table 6 : explain SELECT k FROM sbtest6 WHERE k BETWEEN 4682965 AND 4683065
	Index Only Scan using k_6 on sbtest6  (cost=0.43..10.42 rows=99 width=4)
	  Index Cond: ((k >= 4682965) AND (k <= 4683065))

table 7 : explain SELECT k FROM sbtest7 WHERE k BETWEEN 4682965 AND 4683065
	Index Only Scan using k_7 on sbtest7  (cost=0.43..10.60 rows=108 width=4)
	  Index Cond: ((k >= 4682965) AND (k <= 4683065))

table 8 : explain SELECT k FROM sbtest8 WHERE k BETWEEN 4682965 AND 4683065
	Index Only Scan using k_8 on sbtest8  (cost=0.43..6.50 rows=103 width=4)
	  Index Cond: ((k >= 4682965) AND (k <= 4683065))

for range-covered
table 1 : explain SELECT k FROM sbtest1 WHERE k BETWEEN 1836318 AND 1836418
	Index Only Scan using k_1 on sbtest1  (cost=0.43..6.37 rows=97 width=4)
	  Index Cond: ((k >= 1836318) AND (k <= 1836418))

table 2 : explain SELECT k FROM sbtest2 WHERE k BETWEEN 1836318 AND 1836418
	Index Only Scan using k_2 on sbtest2  (cost=0.43..6.72 rows=114 width=4)
	  Index Cond: ((k >= 1836318) AND (k <= 1836418))

table 3 : explain SELECT k FROM sbtest3 WHERE k BETWEEN 1836318 AND 1836418
	Index Only Scan using k_3 on sbtest3  (cost=0.43..10.38 rows=97 width=4)
	  Index Cond: ((k >= 1836318) AND (k <= 1836418))

table 4 : explain SELECT k FROM sbtest4 WHERE k BETWEEN 1836318 AND 1836418
	Index Only Scan using k_4 on sbtest4  (cost=0.43..6.33 rows=95 width=4)
	  Index Cond: ((k >= 1836318) AND (k <= 1836418))

table 5 : explain SELECT k FROM sbtest5 WHERE k BETWEEN 1836318 AND 1836418
	Index Only Scan using k_5 on sbtest5  (cost=0.43..6.50 rows=103 width=4)
	  Index Cond: ((k >= 1836318) AND (k <= 1836418))

table 6 : explain SELECT k FROM sbtest6 WHERE k BETWEEN 1836318 AND 1836418
	Index Only Scan using k_6 on sbtest6  (cost=0.43..10.42 rows=99 width=4)
	  Index Cond: ((k >= 1836318) AND (k <= 1836418))

table 7 : explain SELECT k FROM sbtest7 WHERE k BETWEEN 1836318 AND 1836418
	Index Only Scan using k_7 on sbtest7  (cost=0.43..10.54 rows=105 width=4)
	  Index Cond: ((k >= 1836318) AND (k <= 1836418))

table 8 : explain SELECT k FROM sbtest8 WHERE k BETWEEN 1836318 AND 1836418
	Index Only Scan using k_8 on sbtest8  (cost=0.43..6.37 rows=97 width=4)
	  Index Cond: ((k >= 1836318) AND (k <= 1836418))

explain: for range-covered :: explain SELECT k FROM sbtest%d WHERE k BETWEEN 5614286 AND 5614386
explain: for range-covered :: explain SELECT k FROM sbtest%d WHERE k BETWEEN 5246712 AND 5246812
explain: for range-covered :: explain SELECT k FROM sbtest%d WHERE k BETWEEN 4682965 AND 4683065
explain: for range-covered :: explain SELECT k FROM sbtest%d WHERE k BETWEEN 1836318 AND 1836418
for range-covered
table 1 : explain SELECT k FROM sbtest1 WHERE k BETWEEN 4293825 AND 4293925
	Index Only Scan using k_1 on sbtest1  (cost=0.43..6.35 rows=96 width=4)
	  Index Cond: ((k >= 4293825) AND (k <= 4293925))

table 2 : explain SELECT k FROM sbtest2 WHERE k BETWEEN 4293825 AND 4293925
	Index Only Scan using k_2 on sbtest2  (cost=0.43..6.45 rows=101 width=4)
	  Index Cond: ((k >= 4293825) AND (k <= 4293925))

table 3 : explain SELECT k FROM sbtest3 WHERE k BETWEEN 4293825 AND 4293925
	Index Only Scan using k_3 on sbtest3  (cost=0.43..10.54 rows=105 width=4)
	  Index Cond: ((k >= 4293825) AND (k <= 4293925))

table 4 : explain SELECT k FROM sbtest4 WHERE k BETWEEN 4293825 AND 4293925
	Index Only Scan using k_4 on sbtest4  (cost=0.43..6.61 rows=109 width=4)
	  Index Cond: ((k >= 4293825) AND (k <= 4293925))

table 5 : explain SELECT k FROM sbtest5 WHERE k BETWEEN 4293825 AND 4293925
	Index Only Scan using k_5 on sbtest5  (cost=0.43..6.47 rows=102 width=4)
	  Index Cond: ((k >= 4293825) AND (k <= 4293925))

table 6 : explain SELECT k FROM sbtest6 WHERE k BETWEEN 4293825 AND 4293925
	Index Only Scan using k_6 on sbtest6  (cost=0.43..10.50 rows=103 width=4)
	  Index Cond: ((k >= 4293825) AND (k <= 4293925))

table 7 : explain SELECT k FROM sbtest7 WHERE k BETWEEN 4293825 AND 4293925
	Index Only Scan using k_7 on sbtest7  (cost=0.43..10.56 rows=106 width=4)
	  Index Cond: ((k >= 4293825) AND (k <= 4293925))

table 8 : explain SELECT k FROM sbtest8 WHERE k BETWEEN 4293825 AND 4293925
	Index Only Scan using k_8 on sbtest8  (cost=0.43..6.25 rows=91 width=4)
	  Index Cond: ((k >= 4293825) AND (k <= 4293925))

for range-covered
table 1 : explain SELECT k FROM sbtest1 WHERE k BETWEEN 4941682 AND 4941782
	Index Only Scan using k_1 on sbtest1  (cost=0.43..6.77 rows=117 width=4)
	  Index Cond: ((k >= 4941682) AND (k <= 4941782))

table 2 : explain SELECT k FROM sbtest2 WHERE k BETWEEN 4941682 AND 4941782
	Index Only Scan using k_2 on sbtest2  (cost=0.43..6.43 rows=100 width=4)
	  Index Cond: ((k >= 4941682) AND (k <= 4941782))

table 3 : explain SELECT k FROM sbtest3 WHERE k BETWEEN 4941682 AND 4941782
	Index Only Scan using k_3 on sbtest3  (cost=0.43..10.36 rows=96 width=4)
	  Index Cond: ((k >= 4941682) AND (k <= 4941782))

table 4 : explain SELECT k FROM sbtest4 WHERE k BETWEEN 4941682 AND 4941782
	Index Only Scan using k_4 on sbtest4  (cost=0.43..6.61 rows=109 width=4)
	  Index Cond: ((k >= 4941682) AND (k <= 4941782))

table 5 : explain SELECT k FROM sbtest5 WHERE k BETWEEN 4941682 AND 4941782
	Index Only Scan using k_5 on sbtest5  (cost=0.43..6.51 rows=104 width=4)
	  Index Cond: ((k >= 4941682) AND (k <= 4941782))

table 6 : explain SELECT k FROM sbtest6 WHERE k BETWEEN 4941682 AND 4941782
	Index Only Scan using k_6 on sbtest6  (cost=0.43..10.51 rows=104 width=4)
	  Index Cond: ((k >= 4941682) AND (k <= 4941782))

table 7 : explain SELECT k FROM sbtest7 WHERE k BETWEEN 4941682 AND 4941782
	Index Only Scan using k_7 on sbtest7  (cost=0.43..10.50 rows=103 width=4)
	  Index Cond: ((k >= 4941682) AND (k <= 4941782))

table 8 : explain SELECT k FROM sbtest8 WHERE k BETWEEN 4941682 AND 4941782
	Index Only Scan using k_8 on sbtest8  (cost=0.43..6.25 rows=91 width=4)
	  Index Cond: ((k >= 4941682) AND (k <= 4941782))

explain: for range-covered :: explain SELECT k FROM sbtest%d WHERE k BETWEEN 4293825 AND 4293925
for range-covered
table 1 : explain SELECT k FROM sbtest1 WHERE k BETWEEN 5614286 AND 5614386
	Index Only Scan using k_1 on sbtest1  (cost=0.43..6.53 rows=105 width=4)
	  Index Cond: ((k >= 5614286) AND (k <= 5614386))

table 2 : explain SELECT k FROM sbtest2 WHERE k BETWEEN 5614286 AND 5614386
	Index Only Scan using k_2 on sbtest2  (cost=0.43..6.45 rows=101 width=4)
	  Index Cond: ((k >= 5614286) AND (k <= 5614386))

table 3 : explain SELECT k FROM sbtest3 WHERE k BETWEEN 5614286 AND 5614386
	Index Only Scan using k_3 on sbtest3  (cost=0.43..10.28 rows=92 width=4)
	  Index Cond: ((k >= 5614286) AND (k <= 5614386))

table 4 : explain SELECT k FROM sbtest4 WHERE k BETWEEN 5614286 AND 5614386
	Index Only Scan using k_4 on sbtest4  (cost=0.43..6.32 rows=94 width=4)
	  Index Cond: ((k >= 5614286) AND (k <= 5614386))

table 5 : explain SELECT k FROM sbtest5 WHERE k BETWEEN 5614286 AND 5614386
	Index Only Scan using k_5 on sbtest5  (cost=0.43..6.37 rows=97 width=4)
	  Index Cond: ((k >= 5614286) AND (k <= 5614386))

table 6 : explain SELECT k FROM sbtest6 WHERE k BETWEEN 5614286 AND 5614386
	Index Only Scan using k_6 on sbtest6  (cost=0.43..10.56 rows=106 width=4)
	  Index Cond: ((k >= 5614286) AND (k <= 5614386))

table 7 : explain SELECT k FROM sbtest7 WHERE k BETWEEN 5614286 AND 5614386
	Index Only Scan using k_7 on sbtest7  (cost=0.43..10.40 rows=98 width=4)
	  Index Cond: ((k >= 5614286) AND (k <= 5614386))

table 8 : explain SELECT k FROM sbtest8 WHERE k BETWEEN 5614286 AND 5614386
	Index Only Scan using k_8 on sbtest8  (cost=0.43..6.53 rows=105 width=4)
	  Index Cond: ((k >= 5614286) AND (k <= 5614386))

explain: for range-covered :: explain SELECT k FROM sbtest%d WHERE k BETWEEN 4941682 AND 4941782
for range-covered
table 1 : explain SELECT k FROM sbtest1 WHERE k BETWEEN 5277001 AND 5277101
	Index Only Scan using k_1 on sbtest1  (cost=0.43..6.53 rows=105 width=4)
	  Index Cond: ((k >= 5277001) AND (k <= 5277101))

table 2 : explain SELECT k FROM sbtest2 WHERE k BETWEEN 5277001 AND 5277101
	Index Only Scan using k_2 on sbtest2  (cost=0.43..6.40 rows=98 width=4)
	  Index Cond: ((k >= 5277001) AND (k <= 5277101))

table 3 : explain SELECT k FROM sbtest3 WHERE k BETWEEN 5277001 AND 5277101
	Index Only Scan using k_3 on sbtest3  (cost=0.43..10.60 rows=108 width=4)
	  Index Cond: ((k >= 5277001) AND (k <= 5277101))

table 4 : explain SELECT k FROM sbtest4 WHERE k BETWEEN 5277001 AND 5277101
	Index Only Scan using k_4 on sbtest4  (cost=0.43..6.53 rows=105 width=4)
	  Index Cond: ((k >= 5277001) AND (k <= 5277101))

table 5 : explain SELECT k FROM sbtest5 WHERE k BETWEEN 5277001 AND 5277101
	Index Only Scan using k_5 on sbtest5  (cost=0.43..6.61 rows=109 width=4)
	  Index Cond: ((k >= 5277001) AND (k <= 5277101))

table 6 : explain SELECT k FROM sbtest6 WHERE k BETWEEN 5277001 AND 5277101
	Index Only Scan using k_6 on sbtest6  (cost=0.43..10.42 rows=99 width=4)
	  Index Cond: ((k >= 5277001) AND (k <= 5277101))

table 7 : explain SELECT k FROM sbtest7 WHERE k BETWEEN 5277001 AND 5277101
	Index Only Scan using k_7 on sbtest7  (cost=0.43..10.50 rows=103 width=4)
	  Index Cond: ((k >= 5277001) AND (k <= 5277101))

table 8 : explain SELECT k FROM sbtest8 WHERE k BETWEEN 5277001 AND 5277101
	Index Only Scan using k_8 on sbtest8  (cost=0.43..6.33 rows=95 width=4)
	  Index Cond: ((k >= 5277001) AND (k <= 5277101))

for range-covered
table 1 : explain SELECT k FROM sbtest1 WHERE k BETWEEN 4682965 AND 4683065
	Index Only Scan using k_1 on sbtest1  (cost=0.43..6.42 rows=99 width=4)
	  Index Cond: ((k >= 4682965) AND (k <= 4683065))

table 2 : explain SELECT k FROM sbtest2 WHERE k BETWEEN 4682965 AND 4683065
	Index Only Scan using k_2 on sbtest2  (cost=0.43..6.53 rows=105 width=4)
	  Index Cond: ((k >= 4682965) AND (k <= 4683065))

table 3 : explain SELECT k FROM sbtest3 WHERE k BETWEEN 4682965 AND 4683065
	Index Only Scan using k_3 on sbtest3  (cost=0.43..10.51 rows=104 width=4)
	  Index Cond: ((k >= 4682965) AND (k <= 4683065))

table 4 : explain SELECT k FROM sbtest4 WHERE k BETWEEN 4682965 AND 4683065
	Index Only Scan using k_4 on sbtest4  (cost=0.43..6.53 rows=105 width=4)
	  Index Cond: ((k >= 4682965) AND (k <= 4683065))

table 5 : explain SELECT k FROM sbtest5 WHERE k BETWEEN 4682965 AND 4683065
	Index Only Scan using k_5 on sbtest5  (cost=0.43..6.40 rows=98 width=4)
	  Index Cond: ((k >= 4682965) AND (k <= 4683065))

table 6 : explain SELECT k FROM sbtest6 WHERE k BETWEEN 4682965 AND 4683065
	Index Only Scan using k_6 on sbtest6  (cost=0.43..10.42 rows=99 width=4)
	  Index Cond: ((k >= 4682965) AND (k <= 4683065))

table 7 : explain SELECT k FROM sbtest7 WHERE k BETWEEN 4682965 AND 4683065
	Index Only Scan using k_7 on sbtest7  (cost=0.43..10.60 rows=108 width=4)
	  Index Cond: ((k >= 4682965) AND (k <= 4683065))

table 8 : explain SELECT k FROM sbtest8 WHERE k BETWEEN 4682965 AND 4683065
	Index Only Scan using k_8 on sbtest8  (cost=0.43..6.50 rows=103 width=4)
	  Index Cond: ((k >= 4682965) AND (k <= 4683065))

for range-covered
table 1 : explain SELECT k FROM sbtest1 WHERE k BETWEEN 1836318 AND 1836418
	Index Only Scan using k_1 on sbtest1  (cost=0.43..6.37 rows=97 width=4)
	  Index Cond: ((k >= 1836318) AND (k <= 1836418))

table 2 : explain SELECT k FROM sbtest2 WHERE k BETWEEN 1836318 AND 1836418
	Index Only Scan using k_2 on sbtest2  (cost=0.43..6.72 rows=114 width=4)
	  Index Cond: ((k >= 1836318) AND (k <= 1836418))

table 3 : explain SELECT k FROM sbtest3 WHERE k BETWEEN 1836318 AND 1836418
	Index Only Scan using k_3 on sbtest3  (cost=0.43..10.38 rows=97 width=4)
	  Index Cond: ((k >= 1836318) AND (k <= 1836418))

table 4 : explain SELECT k FROM sbtest4 WHERE k BETWEEN 1836318 AND 1836418
	Index Only Scan using k_4 on sbtest4  (cost=0.43..6.33 rows=95 width=4)
	  Index Cond: ((k >= 1836318) AND (k <= 1836418))

table 5 : explain SELECT k FROM sbtest5 WHERE k BETWEEN 1836318 AND 1836418
	Index Only Scan using k_5 on sbtest5  (cost=0.43..6.50 rows=103 width=4)
	  Index Cond: ((k >= 1836318) AND (k <= 1836418))

table 6 : explain SELECT k FROM sbtest6 WHERE k BETWEEN 1836318 AND 1836418
	Index Only Scan using k_6 on sbtest6  (cost=0.43..10.42 rows=99 width=4)
	  Index Cond: ((k >= 1836318) AND (k <= 1836418))

table 7 : explain SELECT k FROM sbtest7 WHERE k BETWEEN 1836318 AND 1836418
	Index Only Scan using k_7 on sbtest7  (cost=0.43..10.54 rows=105 width=4)
	  Index Cond: ((k >= 1836318) AND (k <= 1836418))

table 8 : explain SELECT k FROM sbtest8 WHERE k BETWEEN 1836318 AND 1836418
	Index Only Scan using k_8 on sbtest8  (cost=0.43..6.37 rows=97 width=4)
	  Index Cond: ((k >= 1836318) AND (k <= 1836418))

explain: for range-covered :: explain SELECT k FROM sbtest%d WHERE k BETWEEN 5614286 AND 5614386
for range-covered
table 1 : explain SELECT k FROM sbtest1 WHERE k BETWEEN 5246712 AND 5246812
	Index Only Scan using k_1 on sbtest1  (cost=0.43..6.53 rows=105 width=4)
	  Index Cond: ((k >= 5246712) AND (k <= 5246812))

table 2 : explain SELECT k FROM sbtest2 WHERE k BETWEEN 5246712 AND 5246812
	Index Only Scan using k_2 on sbtest2  (cost=0.43..6.40 rows=98 width=4)
	  Index Cond: ((k >= 5246712) AND (k <= 5246812))

table 3 : explain SELECT k FROM sbtest3 WHERE k BETWEEN 5246712 AND 5246812
	Index Only Scan using k_3 on sbtest3  (cost=0.43..10.60 rows=108 width=4)
	  Index Cond: ((k >= 5246712) AND (k <= 5246812))

table 4 : explain SELECT k FROM sbtest4 WHERE k BETWEEN 5246712 AND 5246812
	Index Only Scan using k_4 on sbtest4  (cost=0.43..6.53 rows=105 width=4)
	  Index Cond: ((k >= 5246712) AND (k <= 5246812))

table 5 : explain SELECT k FROM sbtest5 WHERE k BETWEEN 5246712 AND 5246812
	Index Only Scan using k_5 on sbtest5  (cost=0.43..6.45 rows=101 width=4)
	  Index Cond: ((k >= 5246712) AND (k <= 5246812))

table 6 : explain SELECT k FROM sbtest6 WHERE k BETWEEN 5246712 AND 5246812
	Index Only Scan using k_6 on sbtest6  (cost=0.43..10.42 rows=99 width=4)
	  Index Cond: ((k >= 5246712) AND (k <= 5246812))

table 7 : explain SELECT k FROM sbtest7 WHERE k BETWEEN 5246712 AND 5246812
	Index Only Scan using k_7 on sbtest7  (cost=0.43..10.50 rows=103 width=4)
	  Index Cond: ((k >= 5246712) AND (k <= 5246812))

table 8 : explain SELECT k FROM sbtest8 WHERE k BETWEEN 5246712 AND 5246812
	Index Only Scan using k_8 on sbtest8  (cost=0.43..6.33 rows=95 width=4)
	  Index Cond: ((k >= 5246712) AND (k <= 5246812))

explain: for range-covered :: explain SELECT k FROM sbtest%d WHERE k BETWEEN 4682965 AND 4683065
explain: for range-covered :: explain SELECT k FROM sbtest%d WHERE k BETWEEN 5277001 AND 5277101
explain: for range-covered :: explain SELECT k FROM sbtest%d WHERE k BETWEEN 1836318 AND 1836418
explain: for range-covered :: explain SELECT k FROM sbtest%d WHERE k BETWEEN 5246712 AND 5246812
for range-covered
table 1 : explain SELECT k FROM sbtest1 WHERE k BETWEEN 2080878 AND 2080978
	Index Only Scan using k_1 on sbtest1  (cost=0.43..6.50 rows=103 width=4)
	  Index Cond: ((k >= 2080878) AND (k <= 2080978))

table 2 : explain SELECT k FROM sbtest2 WHERE k BETWEEN 2080878 AND 2080978
	Index Only Scan using k_2 on sbtest2  (cost=0.43..6.58 rows=107 width=4)
	  Index Cond: ((k >= 2080878) AND (k <= 2080978))

table 3 : explain SELECT k FROM sbtest3 WHERE k BETWEEN 2080878 AND 2080978
	Index Only Scan using k_3 on sbtest3  (cost=0.43..10.46 rows=101 width=4)
	  Index Cond: ((k >= 2080878) AND (k <= 2080978))

table 4 : explain SELECT k FROM sbtest4 WHERE k BETWEEN 2080878 AND 2080978
	Index Only Scan using k_4 on sbtest4  (cost=0.43..6.42 rows=99 width=4)
	  Index Cond: ((k >= 2080878) AND (k <= 2080978))

table 5 : explain SELECT k FROM sbtest5 WHERE k BETWEEN 2080878 AND 2080978
	Index Only Scan using k_5 on sbtest5  (cost=0.43..6.35 rows=96 width=4)
	  Index Cond: ((k >= 2080878) AND (k <= 2080978))

table 6 : explain SELECT k FROM sbtest6 WHERE k BETWEEN 2080878 AND 2080978
	Index Only Scan using k_6 on sbtest6  (cost=0.43..10.58 rows=107 width=4)
	  Index Cond: ((k >= 2080878) AND (k <= 2080978))

table 7 : explain SELECT k FROM sbtest7 WHERE k BETWEEN 2080878 AND 2080978
	Index Only Scan using k_7 on sbtest7  (cost=0.43..10.38 rows=97 width=4)
	  Index Cond: ((k >= 2080878) AND (k <= 2080978))

table 8 : explain SELECT k FROM sbtest8 WHERE k BETWEEN 2080878 AND 2080978
	Index Only Scan using k_8 on sbtest8  (cost=0.43..6.45 rows=101 width=4)
	  Index Cond: ((k >= 2080878) AND (k <= 2080978))

for range-covered
table 1 : explain SELECT k FROM sbtest1 WHERE k BETWEEN 9457227 AND 9457327
	Index Only Scan using k_1 on sbtest1  (cost=0.43..6.50 rows=103 width=4)
	  Index Cond: ((k >= 9457227) AND (k <= 9457327))

table 2 : explain SELECT k FROM sbtest2 WHERE k BETWEEN 9457227 AND 9457327
	Index Only Scan using k_2 on sbtest2  (cost=0.43..6.45 rows=101 width=4)
	  Index Cond: ((k >= 9457227) AND (k <= 9457327))

table 3 : explain SELECT k FROM sbtest3 WHERE k BETWEEN 9457227 AND 9457327
	Index Only Scan using k_3 on sbtest3  (cost=0.43..10.47 rows=102 width=4)
	  Index Cond: ((k >= 9457227) AND (k <= 9457327))

table 4 : explain SELECT k FROM sbtest4 WHERE k BETWEEN 9457227 AND 9457327
	Index Only Scan using k_4 on sbtest4  (cost=0.43..6.42 rows=99 width=4)
	  Index Cond: ((k >= 9457227) AND (k <= 9457327))

table 5 : explain SELECT k FROM sbtest5 WHERE k BETWEEN 9457227 AND 9457327
	Index Only Scan using k_5 on sbtest5  (cost=0.43..6.74 rows=115 width=4)
	  Index Cond: ((k >= 9457227) AND (k <= 9457327))

table 6 : explain SELECT k FROM sbtest6 WHERE k BETWEEN 9457227 AND 9457327
	Index Only Scan using k_6 on sbtest6  (cost=0.43..10.36 rows=96 width=4)
	  Index Cond: ((k >= 9457227) AND (k <= 9457327))

table 7 : explain SELECT k FROM sbtest7 WHERE k BETWEEN 9457227 AND 9457327
	Index Only Scan using k_7 on sbtest7  (cost=0.43..10.42 rows=99 width=4)
	  Index Cond: ((k >= 9457227) AND (k <= 9457327))

table 8 : explain SELECT k FROM sbtest8 WHERE k BETWEEN 9457227 AND 9457327
	Index Only Scan using k_8 on sbtest8  (cost=0.43..6.42 rows=99 width=4)
	  Index Cond: ((k >= 9457227) AND (k <= 9457327))

for range-covered
table 1 : explain SELECT k FROM sbtest1 WHERE k BETWEEN 3786852 AND 3786952
	Index Only Scan using k_1 on sbtest1  (cost=0.43..6.42 rows=99 width=4)
	  Index Cond: ((k >= 3786852) AND (k <= 3786952))

table 2 : explain SELECT k FROM sbtest2 WHERE k BETWEEN 3786852 AND 3786952
	Index Only Scan using k_2 on sbtest2  (cost=0.43..6.47 rows=102 width=4)
	  Index Cond: ((k >= 3786852) AND (k <= 3786952))

table 3 : explain SELECT k FROM sbtest3 WHERE k BETWEEN 3786852 AND 3786952
	Index Only Scan using k_3 on sbtest3  (cost=0.43..10.54 rows=105 width=4)
	  Index Cond: ((k >= 3786852) AND (k <= 3786952))

table 4 : explain SELECT k FROM sbtest4 WHERE k BETWEEN 3786852 AND 3786952
	Index Only Scan using k_4 on sbtest4  (cost=0.43..6.51 rows=104 width=4)
	  Index Cond: ((k >= 3786852) AND (k <= 3786952))

table 5 : explain SELECT k FROM sbtest5 WHERE k BETWEEN 3786852 AND 3786952
	Index Only Scan using k_5 on sbtest5  (cost=0.43..6.59 rows=108 width=4)
	  Index Cond: ((k >= 3786852) AND (k <= 3786952))

table 6 : explain SELECT k FROM sbtest6 WHERE k BETWEEN 3786852 AND 3786952
	Index Only Scan using k_6 on sbtest6  (cost=0.43..10.42 rows=99 width=4)
	  Index Cond: ((k >= 3786852) AND (k <= 3786952))

table 7 : explain SELECT k FROM sbtest7 WHERE k BETWEEN 3786852 AND 3786952
	Index Only Scan using k_7 on sbtest7  (cost=0.43..10.47 rows=102 width=4)
	  Index Cond: ((k >= 3786852) AND (k <= 3786952))

table 8 : explain SELECT k FROM sbtest8 WHERE k BETWEEN 3786852 AND 3786952
	Index Only Scan using k_8 on sbtest8  (cost=0.43..6.37 rows=97 width=4)
	  Index Cond: ((k >= 3786852) AND (k <= 3786952))

explain: for range-covered :: explain SELECT k FROM sbtest%d WHERE k BETWEEN 2080878 AND 2080978
explain: for range-covered :: explain SELECT k FROM sbtest%d WHERE k BETWEEN 9457227 AND 9457327
explain: for range-covered :: explain SELECT k FROM sbtest%d WHERE k BETWEEN 3786852 AND 3786952
for range-covered
table 1 : explain SELECT k FROM sbtest1 WHERE k BETWEEN 5614286 AND 5614386
	Index Only Scan using k_1 on sbtest1  (cost=0.43..6.53 rows=105 width=4)
	  Index Cond: ((k >= 5614286) AND (k <= 5614386))

table 2 : explain SELECT k FROM sbtest2 WHERE k BETWEEN 5614286 AND 5614386
	Index Only Scan using k_2 on sbtest2  (cost=0.43..6.45 rows=101 width=4)
	  Index Cond: ((k >= 5614286) AND (k <= 5614386))

table 3 : explain SELECT k FROM sbtest3 WHERE k BETWEEN 5614286 AND 5614386
	Index Only Scan using k_3 on sbtest3  (cost=0.43..10.28 rows=92 width=4)
	  Index Cond: ((k >= 5614286) AND (k <= 5614386))

table 4 : explain SELECT k FROM sbtest4 WHERE k BETWEEN 5614286 AND 5614386
	Index Only Scan using k_4 on sbtest4  (cost=0.43..6.32 rows=94 width=4)
	  Index Cond: ((k >= 5614286) AND (k <= 5614386))

table 5 : explain SELECT k FROM sbtest5 WHERE k BETWEEN 5614286 AND 5614386
	Index Only Scan using k_5 on sbtest5  (cost=0.43..6.37 rows=97 width=4)
	  Index Cond: ((k >= 5614286) AND (k <= 5614386))

table 6 : explain SELECT k FROM sbtest6 WHERE k BETWEEN 5614286 AND 5614386
	Index Only Scan using k_6 on sbtest6  (cost=0.43..10.56 rows=106 width=4)
	  Index Cond: ((k >= 5614286) AND (k <= 5614386))

table 7 : explain SELECT k FROM sbtest7 WHERE k BETWEEN 5614286 AND 5614386
	Index Only Scan using k_7 on sbtest7  (cost=0.43..10.40 rows=98 width=4)
	  Index Cond: ((k >= 5614286) AND (k <= 5614386))

table 8 : explain SELECT k FROM sbtest8 WHERE k BETWEEN 5614286 AND 5614386
	Index Only Scan using k_8 on sbtest8  (cost=0.43..6.53 rows=105 width=4)
	  Index Cond: ((k >= 5614286) AND (k <= 5614386))

for range-covered
table 1 : explain SELECT k FROM sbtest1 WHERE k BETWEEN 4682965 AND 4683065
	Index Only Scan using k_1 on sbtest1  (cost=0.43..6.42 rows=99 width=4)
	  Index Cond: ((k >= 4682965) AND (k <= 4683065))

table 2 : explain SELECT k FROM sbtest2 WHERE k BETWEEN 4682965 AND 4683065
	Index Only Scan using k_2 on sbtest2  (cost=0.43..6.53 rows=105 width=4)
	  Index Cond: ((k >= 4682965) AND (k <= 4683065))

table 3 : explain SELECT k FROM sbtest3 WHERE k BETWEEN 4682965 AND 4683065
	Index Only Scan using k_3 on sbtest3  (cost=0.43..10.51 rows=104 width=4)
	  Index Cond: ((k >= 4682965) AND (k <= 4683065))

table 4 : explain SELECT k FROM sbtest4 WHERE k BETWEEN 4682965 AND 4683065
	Index Only Scan using k_4 on sbtest4  (cost=0.43..6.53 rows=105 width=4)
	  Index Cond: ((k >= 4682965) AND (k <= 4683065))

table 5 : explain SELECT k FROM sbtest5 WHERE k BETWEEN 4682965 AND 4683065
	Index Only Scan using k_5 on sbtest5  (cost=0.43..6.40 rows=98 width=4)
	  Index Cond: ((k >= 4682965) AND (k <= 4683065))

table 6 : explain SELECT k FROM sbtest6 WHERE k BETWEEN 4682965 AND 4683065
	Index Only Scan using k_6 on sbtest6  (cost=0.43..10.42 rows=99 width=4)
	  Index Cond: ((k >= 4682965) AND (k <= 4683065))

table 7 : explain SELECT k FROM sbtest7 WHERE k BETWEEN 4682965 AND 4683065
	Index Only Scan using k_7 on sbtest7  (cost=0.43..10.60 rows=108 width=4)
	  Index Cond: ((k >= 4682965) AND (k <= 4683065))

table 8 : explain SELECT k FROM sbtest8 WHERE k BETWEEN 4682965 AND 4683065
	Index Only Scan using k_8 on sbtest8  (cost=0.43..6.50 rows=103 width=4)
	  Index Cond: ((k >= 4682965) AND (k <= 4683065))

for range-covered
table 1 : explain SELECT k FROM sbtest1 WHERE k BETWEEN 1836318 AND 1836418
	Index Only Scan using k_1 on sbtest1  (cost=0.43..6.37 rows=97 width=4)
	  Index Cond: ((k >= 1836318) AND (k <= 1836418))

table 2 : explain SELECT k FROM sbtest2 WHERE k BETWEEN 1836318 AND 1836418
	Index Only Scan using k_2 on sbtest2  (cost=0.43..6.72 rows=114 width=4)
	  Index Cond: ((k >= 1836318) AND (k <= 1836418))

table 3 : explain SELECT k FROM sbtest3 WHERE k BETWEEN 1836318 AND 1836418
	Index Only Scan using k_3 on sbtest3  (cost=0.43..10.38 rows=97 width=4)
	  Index Cond: ((k >= 1836318) AND (k <= 1836418))

table 4 : explain SELECT k FROM sbtest4 WHERE k BETWEEN 1836318 AND 1836418
	Index Only Scan using k_4 on sbtest4  (cost=0.43..6.33 rows=95 width=4)
	  Index Cond: ((k >= 1836318) AND (k <= 1836418))

table 5 : explain SELECT k FROM sbtest5 WHERE k BETWEEN 1836318 AND 1836418
	Index Only Scan using k_5 on sbtest5  (cost=0.43..6.50 rows=103 width=4)
	  Index Cond: ((k >= 1836318) AND (k <= 1836418))

table 6 : explain SELECT k FROM sbtest6 WHERE k BETWEEN 1836318 AND 1836418
	Index Only Scan using k_6 on sbtest6  (cost=0.43..10.42 rows=99 width=4)
	  Index Cond: ((k >= 1836318) AND (k <= 1836418))

table 7 : explain SELECT k FROM sbtest7 WHERE k BETWEEN 1836318 AND 1836418
	Index Only Scan using k_7 on sbtest7  (cost=0.43..10.54 rows=105 width=4)
	  Index Cond: ((k >= 1836318) AND (k <= 1836418))

table 8 : explain SELECT k FROM sbtest8 WHERE k BETWEEN 1836318 AND 1836418
	Index Only Scan using k_8 on sbtest8  (cost=0.43..6.37 rows=97 width=4)
	  Index Cond: ((k >= 1836318) AND (k <= 1836418))
for range-covered
table 1 : explain SELECT k FROM sbtest1 WHERE k BETWEEN 5246712 AND 5246812
	Index Only Scan using k_1 on sbtest1  (cost=0.43..6.53 rows=105 width=4)
	  Index Cond: ((k >= 5246712) AND (k <= 5246812))

table 2 : explain SELECT k FROM sbtest2 WHERE k BETWEEN 5246712 AND 5246812
	Index Only Scan using k_2 on sbtest2  (cost=0.43..6.40 rows=98 width=4)
	  Index Cond: ((k >= 5246712) AND (k <= 5246812))

table 3 : explain SELECT k FROM sbtest3 WHERE k BETWEEN 5246712 AND 5246812
	Index Only Scan using k_3 on sbtest3  (cost=0.43..10.60 rows=108 width=4)
	  Index Cond: ((k >= 5246712) AND (k <= 5246812))

table 4 : explain SELECT k FROM sbtest4 WHERE k BETWEEN 5246712 AND 5246812
	Index Only Scan using k_4 on sbtest4  (cost=0.43..6.53 rows=105 width=4)
	  Index Cond: ((k >= 5246712) AND (k <= 5246812))

table 5 : explain SELECT k FROM sbtest5 WHERE k BETWEEN 5246712 AND 5246812
	Index Only Scan using k_5 on sbtest5  (cost=0.43..6.45 rows=101 width=4)
	  Index Cond: ((k >= 5246712) AND (k <= 5246812))

table 6 : explain SELECT k FROM sbtest6 WHERE k BETWEEN 5246712 AND 5246812
	Index Only Scan using k_6 on sbtest6  (cost=0.43..10.42 rows=99 width=4)
	  Index Cond: ((k >= 5246712) AND (k <= 5246812))

table 7 : explain SELECT k FROM sbtest7 WHERE k BETWEEN 5246712 AND 5246812
	Index Only Scan using k_7 on sbtest7  (cost=0.43..10.50 rows=103 width=4)
	  Index Cond: ((k >= 5246712) AND (k <= 5246812))

table 8 : explain SELECT k FROM sbtest8 WHERE k BETWEEN 5246712 AND 5246812
	Index Only Scan using k_8 on sbtest8  (cost=0.43..6.33 rows=95 width=4)
	  Index Cond: ((k >= 5246712) AND (k <= 5246812))


explain: for range-covered :: explain SELECT k FROM sbtest%d WHERE k BETWEEN 5614286 AND 5614386
for range-covered
table 1 : explain SELECT k FROM sbtest1 WHERE k BETWEEN 3541262 AND 3541362
	Index Only Scan using k_1 on sbtest1  (cost=0.43..6.42 rows=99 width=4)
	  Index Cond: ((k >= 3541262) AND (k <= 3541362))

table 2 : explain SELECT k FROM sbtest2 WHERE k BETWEEN 3541262 AND 3541362
	Index Only Scan using k_2 on sbtest2  (cost=0.43..6.59 rows=108 width=4)
	  Index Cond: ((k >= 3541262) AND (k <= 3541362))

table 3 : explain SELECT k FROM sbtest3 WHERE k BETWEEN 3541262 AND 3541362
	Index Only Scan using k_3 on sbtest3  (cost=0.43..10.54 rows=105 width=4)
	  Index Cond: ((k >= 3541262) AND (k <= 3541362))

table 4 : explain SELECT k FROM sbtest4 WHERE k BETWEEN 3541262 AND 3541362
	Index Only Scan using k_4 on sbtest4  (cost=0.43..6.37 rows=97 width=4)
	  Index Cond: ((k >= 3541262) AND (k <= 3541362))

table 5 : explain SELECT k FROM sbtest5 WHERE k BETWEEN 3541262 AND 3541362
	Index Only Scan using k_5 on sbtest5  (cost=0.43..6.59 rows=108 width=4)
	  Index Cond: ((k >= 3541262) AND (k <= 3541362))

table 6 : explain SELECT k FROM sbtest6 WHERE k BETWEEN 3541262 AND 3541362
	Index Only Scan using k_6 on sbtest6  (cost=0.43..10.60 rows=108 width=4)
	  Index Cond: ((k >= 3541262) AND (k <= 3541362))

table 7 : explain SELECT k FROM sbtest7 WHERE k BETWEEN 3541262 AND 3541362
	Index Only Scan using k_7 on sbtest7  (cost=0.43..10.51 rows=104 width=4)
	  Index Cond: ((k >= 3541262) AND (k <= 3541362))

table 8 : explain SELECT k FROM sbtest8 WHERE k BETWEEN 3541262 AND 3541362
	Index Only Scan using k_8 on sbtest8  (cost=0.43..6.32 rows=94 width=4)
	  Index Cond: ((k >= 3541262) AND (k <= 3541362))
explain: for range-covered :: explain SELECT k FROM sbtest%d WHERE k BETWEEN 4682965 AND 4683065for range-covered
table 1 : explain SELECT k FROM sbtest1 WHERE k BETWEEN 5277001 AND 5277101
	Index Only Scan using k_1 on sbtest1  (cost=0.43..6.53 rows=105 width=4)
	  Index Cond: ((k >= 5277001) AND (k <= 5277101))

table 2 : explain SELECT k FROM sbtest2 WHERE k BETWEEN 5277001 AND 5277101
	Index Only Scan using k_2 on sbtest2  (cost=0.43..6.40 rows=98 width=4)
	  Index Cond: ((k >= 5277001) AND (k <= 5277101))

table 3 : explain SELECT k FROM sbtest3 WHERE k BETWEEN 5277001 AND 5277101
	Index Only Scan using k_3 on sbtest3  (cost=0.43..10.60 rows=108 width=4)
	  Index Cond: ((k >= 5277001) AND (k <= 5277101))

table 4 : explain SELECT k FROM sbtest4 WHERE k BETWEEN 5277001 AND 5277101
	Index Only Scan using k_4 on sbtest4  (cost=0.43..6.53 rows=105 width=4)
	  Index Cond: ((k >= 5277001) AND (k <= 5277101))

table 5 : explain SELECT k FROM sbtest5 WHERE k BETWEEN 5277001 AND 5277101
	Index Only Scan using k_5 on sbtest5  (cost=0.43..6.61 rows=109 width=4)
	  Index Cond: ((k >= 5277001) AND (k <= 5277101))

table 6 : explain SELECT k FROM sbtest6 WHERE k BETWEEN 5277001 AND 5277101
	Index Only Scan using k_6 on sbtest6  (cost=0.43..10.42 rows=99 width=4)
	  Index Cond: ((k >= 5277001) AND (k <= 5277101))

table 7 : explain SELECT k FROM sbtest7 WHERE k BETWEEN 5277001 AND 5277101
	Index Only Scan using k_7 on sbtest7  (cost=0.43..10.50 rows=103 width=4)
	  Index Cond: ((k >= 5277001) AND (k <= 5277101))

table 8 : explain SELECT k FROM sbtest8 WHERE k BETWEEN 5277001 AND 5277101
	Index Only Scan using k_8 on sbtest8  (cost=0.43..6.33 rows=95 width=4)
	  Index Cond: ((k >= 5277001) AND (k <= 5277101))


explain: for range-covered :: explain SELECT k FROM sbtest%d WHERE k BETWEEN 1836318 AND 1836418

for range-covered
table 1 : explain SELECT k FROM sbtest1 WHERE k BETWEEN 2080878 AND 2080978
	Index Only Scan using k_1 on sbtest1  (cost=0.43..6.50 rows=103 width=4)
	  Index Cond: ((k >= 2080878) AND (k <= 2080978))

table 2 : explain SELECT k FROM sbtest2 WHERE k BETWEEN 2080878 AND 2080978
	Index Only Scan using k_2 on sbtest2  (cost=0.43..6.58 rows=107 width=4)
	  Index Cond: ((k >= 2080878) AND (k <= 2080978))

table 3 : explain SELECT k FROM sbtest3 WHERE k BETWEEN 2080878 AND 2080978
	Index Only Scan using k_3 on sbtest3  (cost=0.43..10.46 rows=101 width=4)
	  Index Cond: ((k >= 2080878) AND (k <= 2080978))

table 4 : explain SELECT k FROM sbtest4 WHERE k BETWEEN 2080878 AND 2080978
	Index Only Scan using k_4 on sbtest4  (cost=0.43..6.42 rows=99 width=4)
	  Index Cond: ((k >= 2080878) AND (k <= 2080978))

table 5 : explain SELECT k FROM sbtest5 WHERE k BETWEEN 2080878 AND 2080978
	Index Only Scan using k_5 on sbtest5  (cost=0.43..6.35 rows=96 width=4)
	  Index Cond: ((k >= 2080878) AND (k <= 2080978))

table 6 : explain SELECT k FROM sbtest6 WHERE k BETWEEN 2080878 AND 2080978
	Index Only Scan using k_6 on sbtest6  (cost=0.43..10.58 rows=107 width=4)
	  Index Cond: ((k >= 2080878) AND (k <= 2080978))

table 7 : explain SELECT k FROM sbtest7 WHERE k BETWEEN 2080878 AND 2080978
	Index Only Scan using k_7 on sbtest7  (cost=0.43..10.38 rows=97 width=4)
	  Index Cond: ((k >= 2080878) AND (k <= 2080978))

table 8 : explain SELECT k FROM sbtest8 WHERE k BETWEEN 2080878 AND 2080978
	Index Only Scan using k_8 on sbtest8  (cost=0.43..6.45 rows=101 width=4)
	  Index Cond: ((k >= 2080878) AND (k <= 2080978))

explain: for range-covered :: explain SELECT k FROM sbtest%d WHERE k BETWEEN 5277001 AND 5277101for range-covered
table 1 : explain SELECT k FROM sbtest1 WHERE k BETWEEN 9457227 AND 9457327
	Index Only Scan using k_1 on sbtest1  (cost=0.43..6.50 rows=103 width=4)
	  Index Cond: ((k >= 9457227) AND (k <= 9457327))

table 2 : explain SELECT k FROM sbtest2 WHERE k BETWEEN 9457227 AND 9457327
	Index Only Scan using k_2 on sbtest2  (cost=0.43..6.45 rows=101 width=4)
	  Index Cond: ((k >= 9457227) AND (k <= 9457327))

table 3 : explain SELECT k FROM sbtest3 WHERE k BETWEEN 9457227 AND 9457327
	Index Only Scan using k_3 on sbtest3  (cost=0.43..10.47 rows=102 width=4)
	  Index Cond: ((k >= 9457227) AND (k <= 9457327))

table 4 : explain SELECT k FROM sbtest4 WHERE k BETWEEN 9457227 AND 9457327
	Index Only Scan using k_4 on sbtest4  (cost=0.43..6.42 rows=99 width=4)
	  Index Cond: ((k >= 9457227) AND (k <= 9457327))

table 5 : explain SELECT k FROM sbtest5 WHERE k BETWEEN 9457227 AND 9457327
	Index Only Scan using k_5 on sbtest5  (cost=0.43..6.74 rows=115 width=4)
	  Index Cond: ((k >= 9457227) AND (k <= 9457327))

table 6 : explain SELECT k FROM sbtest6 WHERE k BETWEEN 9457227 AND 9457327
	Index Only Scan using k_6 on sbtest6  (cost=0.43..10.36 rows=96 width=4)
	  Index Cond: ((k >= 9457227) AND (k <= 9457327))

table 7 : explain SELECT k FROM sbtest7 WHERE k BETWEEN 9457227 AND 9457327
	Index Only Scan using k_7 on sbtest7  (cost=0.43..10.42 rows=99 width=4)
	  Index Cond: ((k >= 9457227) AND (k <= 9457327))

table 8 : explain SELECT k FROM sbtest8 WHERE k BETWEEN 9457227 AND 9457327
	Index Only Scan using k_8 on sbtest8  (cost=0.43..6.42 rows=99 width=4)
	  Index Cond: ((k >= 9457227) AND (k <= 9457327))


for range-covered
table 1 : explain SELECT k FROM sbtest1 WHERE k BETWEEN 3786852 AND 3786952
	Index Only Scan using k_1 on sbtest1  (cost=0.43..6.42 rows=99 width=4)
	  Index Cond: ((k >= 3786852) AND (k <= 3786952))

table 2 : explain SELECT k FROM sbtest2 WHERE k BETWEEN 3786852 AND 3786952
	Index Only Scan using k_2 on sbtest2  (cost=0.43..6.47 rows=102 width=4)
	  Index Cond: ((k >= 3786852) AND (k <= 3786952))

table 3 : explain SELECT k FROM sbtest3 WHERE k BETWEEN 3786852 AND 3786952
	Index Only Scan using k_3 on sbtest3  (cost=0.43..10.54 rows=105 width=4)
	  Index Cond: ((k >= 3786852) AND (k <= 3786952))

table 4 : explain SELECT k FROM sbtest4 WHERE k BETWEEN 3786852 AND 3786952
	Index Only Scan using k_4 on sbtest4  (cost=0.43..6.51 rows=104 width=4)
	  Index Cond: ((k >= 3786852) AND (k <= 3786952))

table 5 : explain SELECT k FROM sbtest5 WHERE k BETWEEN 3786852 AND 3786952
	Index Only Scan using k_5 on sbtest5  (cost=0.43..6.59 rows=108 width=4)
	  Index Cond: ((k >= 3786852) AND (k <= 3786952))

table 6 : explain SELECT k FROM sbtest6 WHERE k BETWEEN 3786852 AND 3786952
	Index Only Scan using k_6 on sbtest6  (cost=0.43..10.42 rows=99 width=4)
	  Index Cond: ((k >= 3786852) AND (k <= 3786952))

table 7 : explain SELECT k FROM sbtest7 WHERE k BETWEEN 3786852 AND 3786952
	Index Only Scan using k_7 on sbtest7  (cost=0.43..10.47 rows=102 width=4)
	  Index Cond: ((k >= 3786852) AND (k <= 3786952))

table 8 : explain SELECT k FROM sbtest8 WHERE k BETWEEN 3786852 AND 3786952
	Index Only Scan using k_8 on sbtest8  (cost=0.43..6.37 rows=97 width=4)
	  Index Cond: ((k >= 3786852) AND (k <= 3786952))

explain: for range-covered :: explain SELECT k FROM sbtest%d WHERE k BETWEEN 3541262 AND 3541362
explain: for range-covered :: explain SELECT k FROM sbtest%d WHERE k BETWEEN 2080878 AND 2080978
explain: for range-covered :: explain SELECT k FROM sbtest%d WHERE k BETWEEN 9457227 AND 9457327
explain: for range-covered :: explain SELECT k FROM sbtest%d WHERE k BETWEEN 3786852 AND 3786952
for range-covered
table 1 : explain SELECT k FROM sbtest1 WHERE k BETWEEN 4293825 AND 4293925
	Index Only Scan using k_1 on sbtest1  (cost=0.43..6.35 rows=96 width=4)
	  Index Cond: ((k >= 4293825) AND (k <= 4293925))

table 2 : explain SELECT k FROM sbtest2 WHERE k BETWEEN 4293825 AND 4293925
	Index Only Scan using k_2 on sbtest2  (cost=0.43..6.45 rows=101 width=4)
	  Index Cond: ((k >= 4293825) AND (k <= 4293925))

table 3 : explain SELECT k FROM sbtest3 WHERE k BETWEEN 4293825 AND 4293925
	Index Only Scan using k_3 on sbtest3  (cost=0.43..10.54 rows=105 width=4)
	  Index Cond: ((k >= 4293825) AND (k <= 4293925))

table 4 : explain SELECT k FROM sbtest4 WHERE k BETWEEN 4293825 AND 4293925
	Index Only Scan using k_4 on sbtest4  (cost=0.43..6.61 rows=109 width=4)
	  Index Cond: ((k >= 4293825) AND (k <= 4293925))

table 5 : explain SELECT k FROM sbtest5 WHERE k BETWEEN 4293825 AND 4293925
	Index Only Scan using k_5 on sbtest5  (cost=0.43..6.47 rows=102 width=4)
	  Index Cond: ((k >= 4293825) AND (k <= 4293925))

table 6 : explain SELECT k FROM sbtest6 WHERE k BETWEEN 4293825 AND 4293925
	Index Only Scan using k_6 on sbtest6  (cost=0.43..10.50 rows=103 width=4)
	  Index Cond: ((k >= 4293825) AND (k <= 4293925))

table 7 : explain SELECT k FROM sbtest7 WHERE k BETWEEN 4293825 AND 4293925
	Index Only Scan using k_7 on sbtest7  (cost=0.43..10.56 rows=106 width=4)
	  Index Cond: ((k >= 4293825) AND (k <= 4293925))

table 8 : explain SELECT k FROM sbtest8 WHERE k BETWEEN 4293825 AND 4293925
	Index Only Scan using k_8 on sbtest8  (cost=0.43..6.25 rows=91 width=4)
	  Index Cond: ((k >= 4293825) AND (k <= 4293925))

for range-covered
table 1 : explain SELECT k FROM sbtest1 WHERE k BETWEEN 4941682 AND 4941782
	Index Only Scan using k_1 on sbtest1  (cost=0.43..6.77 rows=117 width=4)
	  Index Cond: ((k >= 4941682) AND (k <= 4941782))

table 2 : explain SELECT k FROM sbtest2 WHERE k BETWEEN 4941682 AND 4941782
	Index Only Scan using k_2 on sbtest2  (cost=0.43..6.43 rows=100 width=4)
	  Index Cond: ((k >= 4941682) AND (k <= 4941782))

table 3 : explain SELECT k FROM sbtest3 WHERE k BETWEEN 4941682 AND 4941782
	Index Only Scan using k_3 on sbtest3  (cost=0.43..10.36 rows=96 width=4)
	  Index Cond: ((k >= 4941682) AND (k <= 4941782))

table 4 : explain SELECT k FROM sbtest4 WHERE k BETWEEN 4941682 AND 4941782
	Index Only Scan using k_4 on sbtest4  (cost=0.43..6.61 rows=109 width=4)
	  Index Cond: ((k >= 4941682) AND (k <= 4941782))

table 5 : explain SELECT k FROM sbtest5 WHERE k BETWEEN 4941682 AND 4941782
	Index Only Scan using k_5 on sbtest5  (cost=0.43..6.51 rows=104 width=4)
	  Index Cond: ((k >= 4941682) AND (k <= 4941782))

table 6 : explain SELECT k FROM sbtest6 WHERE k BETWEEN 4941682 AND 4941782
	Index Only Scan using k_6 on sbtest6  (cost=0.43..10.51 rows=104 width=4)
	  Index Cond: ((k >= 4941682) AND (k <= 4941782))

table 7 : explain SELECT k FROM sbtest7 WHERE k BETWEEN 4941682 AND 4941782
	Index Only Scan using k_7 on sbtest7  (cost=0.43..10.50 rows=103 width=4)
	  Index Cond: ((k >= 4941682) AND (k <= 4941782))

table 8 : explain SELECT k FROM sbtest8 WHERE k BETWEEN 4941682 AND 4941782
	Index Only Scan using k_8 on sbtest8  (cost=0.43..6.25 rows=91 width=4)
	  Index Cond: ((k >= 4941682) AND (k <= 4941782))

explain: for range-covered :: explain SELECT k FROM sbtest%d WHERE k BETWEEN 4293825 AND 4293925
explain: for range-covered :: explain SELECT k FROM sbtest%d WHERE k BETWEEN 4941682 AND 4941782
for range-covered
table 1 : explain SELECT k FROM sbtest1 WHERE k BETWEEN 5614286 AND 5614386
	Index Only Scan using k_1 on sbtest1  (cost=0.43..6.53 rows=105 width=4)
	  Index Cond: ((k >= 5614286) AND (k <= 5614386))

table 2 : explain SELECT k FROM sbtest2 WHERE k BETWEEN 5614286 AND 5614386
	Index Only Scan using k_2 on sbtest2  (cost=0.43..6.45 rows=101 width=4)
	  Index Cond: ((k >= 5614286) AND (k <= 5614386))

table 3 : explain SELECT k FROM sbtest3 WHERE k BETWEEN 5614286 AND 5614386
	Index Only Scan using k_3 on sbtest3  (cost=0.43..10.28 rows=92 width=4)
	  Index Cond: ((k >= 5614286) AND (k <= 5614386))

table 4 : explain SELECT k FROM sbtest4 WHERE k BETWEEN 5614286 AND 5614386
	Index Only Scan using k_4 on sbtest4  (cost=0.43..6.32 rows=94 width=4)
	  Index Cond: ((k >= 5614286) AND (k <= 5614386))

table 5 : explain SELECT k FROM sbtest5 WHERE k BETWEEN 5614286 AND 5614386
	Index Only Scan using k_5 on sbtest5  (cost=0.43..6.37 rows=97 width=4)
	  Index Cond: ((k >= 5614286) AND (k <= 5614386))

table 6 : explain SELECT k FROM sbtest6 WHERE k BETWEEN 5614286 AND 5614386
	Index Only Scan using k_6 on sbtest6  (cost=0.43..10.56 rows=106 width=4)
	  Index Cond: ((k >= 5614286) AND (k <= 5614386))

table 7 : explain SELECT k FROM sbtest7 WHERE k BETWEEN 5614286 AND 5614386
	Index Only Scan using k_7 on sbtest7  (cost=0.43..10.40 rows=98 width=4)
	  Index Cond: ((k >= 5614286) AND (k <= 5614386))

table 8 : explain SELECT k FROM sbtest8 WHERE k BETWEEN 5614286 AND 5614386
	Index Only Scan using k_8 on sbtest8  (cost=0.43..6.53 rows=105 width=4)
	  Index Cond: ((k >= 5614286) AND (k <= 5614386))

explain: for range-covered :: explain SELECT k FROM sbtest%d WHERE k BETWEEN 5614286 AND 5614386
for range-covered
table 1 : explain SELECT k FROM sbtest1 WHERE k BETWEEN 4682965 AND 4683065
	Index Only Scan using k_1 on sbtest1  (cost=0.43..6.42 rows=99 width=4)
	  Index Cond: ((k >= 4682965) AND (k <= 4683065))

table 2 : explain SELECT k FROM sbtest2 WHERE k BETWEEN 4682965 AND 4683065
	Index Only Scan using k_2 on sbtest2  (cost=0.43..6.53 rows=105 width=4)
	  Index Cond: ((k >= 4682965) AND (k <= 4683065))

table 3 : explain SELECT k FROM sbtest3 WHERE k BETWEEN 4682965 AND 4683065
	Index Only Scan using k_3 on sbtest3  (cost=0.43..10.51 rows=104 width=4)
	  Index Cond: ((k >= 4682965) AND (k <= 4683065))

table 4 : explain SELECT k FROM sbtest4 WHERE k BETWEEN 4682965 AND 4683065
	Index Only Scan using k_4 on sbtest4  (cost=0.43..6.53 rows=105 width=4)
	  Index Cond: ((k >= 4682965) AND (k <= 4683065))

table 5 : explain SELECT k FROM sbtest5 WHERE k BETWEEN 4682965 AND 4683065
	Index Only Scan using k_5 on sbtest5  (cost=0.43..6.40 rows=98 width=4)
	  Index Cond: ((k >= 4682965) AND (k <= 4683065))

table 6 : explain SELECT k FROM sbtest6 WHERE k BETWEEN 4682965 AND 4683065
	Index Only Scan using k_6 on sbtest6  (cost=0.43..10.42 rows=99 width=4)
	  Index Cond: ((k >= 4682965) AND (k <= 4683065))

table 7 : explain SELECT k FROM sbtest7 WHERE k BETWEEN 4682965 AND 4683065
	Index Only Scan using k_7 on sbtest7  (cost=0.43..10.60 rows=108 width=4)
	  Index Cond: ((k >= 4682965) AND (k <= 4683065))

table 8 : explain SELECT k FROM sbtest8 WHERE k BETWEEN 4682965 AND 4683065
	Index Only Scan using k_8 on sbtest8  (cost=0.43..6.50 rows=103 width=4)
	  Index Cond: ((k >= 4682965) AND (k <= 4683065))

for range-covered
table 1 : explain SELECT k FROM sbtest1 WHERE k BETWEEN 1836318 AND 1836418
	Index Only Scan using k_1 on sbtest1  (cost=0.43..6.37 rows=97 width=4)
	  Index Cond: ((k >= 1836318) AND (k <= 1836418))

table 2 : explain SELECT k FROM sbtest2 WHERE k BETWEEN 1836318 AND 1836418
	Index Only Scan using k_2 on sbtest2  (cost=0.43..6.72 rows=114 width=4)
	  Index Cond: ((k >= 1836318) AND (k <= 1836418))

table 3 : explain SELECT k FROM sbtest3 WHERE k BETWEEN 1836318 AND 1836418
	Index Only Scan using k_3 on sbtest3  (cost=0.43..10.38 rows=97 width=4)
	  Index Cond: ((k >= 1836318) AND (k <= 1836418))

table 4 : explain SELECT k FROM sbtest4 WHERE k BETWEEN 1836318 AND 1836418
	Index Only Scan using k_4 on sbtest4  (cost=0.43..6.33 rows=95 width=4)
	  Index Cond: ((k >= 1836318) AND (k <= 1836418))

table 5 : explain SELECT k FROM sbtest5 WHERE k BETWEEN 1836318 AND 1836418
	Index Only Scan using k_5 on sbtest5  (cost=0.43..6.50 rows=103 width=4)
	  Index Cond: ((k >= 1836318) AND (k <= 1836418))

table 6 : explain SELECT k FROM sbtest6 WHERE k BETWEEN 1836318 AND 1836418
	Index Only Scan using k_6 on sbtest6  (cost=0.43..10.42 rows=99 width=4)
	  Index Cond: ((k >= 1836318) AND (k <= 1836418))

table 7 : explain SELECT k FROM sbtest7 WHERE k BETWEEN 1836318 AND 1836418
	Index Only Scan using k_7 on sbtest7  (cost=0.43..10.54 rows=105 width=4)
	  Index Cond: ((k >= 1836318) AND (k <= 1836418))

table 8 : explain SELECT k FROM sbtest8 WHERE k BETWEEN 1836318 AND 1836418
	Index Only Scan using k_8 on sbtest8  (cost=0.43..6.37 rows=97 width=4)
	  Index Cond: ((k >= 1836318) AND (k <= 1836418))

explain: for range-covered :: explain SELECT k FROM sbtest%d WHERE k BETWEEN 4682965 AND 4683065
for range-covered
table 1 : explain SELECT k FROM sbtest1 WHERE k BETWEEN 2080878 AND 2080978
	Index Only Scan using k_1 on sbtest1  (cost=0.43..6.50 rows=103 width=4)
	  Index Cond: ((k >= 2080878) AND (k <= 2080978))

table 2 : explain SELECT k FROM sbtest2 WHERE k BETWEEN 2080878 AND 2080978
	Index Only Scan using k_2 on sbtest2  (cost=0.43..6.58 rows=107 width=4)
	  Index Cond: ((k >= 2080878) AND (k <= 2080978))

table 3 : explain SELECT k FROM sbtest3 WHERE k BETWEEN 2080878 AND 2080978
	Index Only Scan using k_3 on sbtest3  (cost=0.43..10.46 rows=101 width=4)
	  Index Cond: ((k >= 2080878) AND (k <= 2080978))

table 4 : explain SELECT k FROM sbtest4 WHERE k BETWEEN 2080878 AND 2080978
	Index Only Scan using k_4 on sbtest4  (cost=0.43..6.42 rows=99 width=4)
	  Index Cond: ((k >= 2080878) AND (k <= 2080978))

table 5 : explain SELECT k FROM sbtest5 WHERE k BETWEEN 2080878 AND 2080978
	Index Only Scan using k_5 on sbtest5  (cost=0.43..6.35 rows=96 width=4)
	  Index Cond: ((k >= 2080878) AND (k <= 2080978))

table 6 : explain SELECT k FROM sbtest6 WHERE k BETWEEN 2080878 AND 2080978
	Index Only Scan using k_6 on sbtest6  (cost=0.43..10.58 rows=107 width=4)
	  Index Cond: ((k >= 2080878) AND (k <= 2080978))

table 7 : explain SELECT k FROM sbtest7 WHERE k BETWEEN 2080878 AND 2080978
	Index Only Scan using k_7 on sbtest7  (cost=0.43..10.38 rows=97 width=4)
	  Index Cond: ((k >= 2080878) AND (k <= 2080978))

table 8 : explain SELECT k FROM sbtest8 WHERE k BETWEEN 2080878 AND 2080978
	Index Only Scan using k_8 on sbtest8  (cost=0.43..6.45 rows=101 width=4)
	  Index Cond: ((k >= 2080878) AND (k <= 2080978))

for range-covered
table 1 : explain SELECT k FROM sbtest1 WHERE k BETWEEN 5277001 AND 5277101
	Index Only Scan using k_1 on sbtest1  (cost=0.43..6.53 rows=105 width=4)
	  Index Cond: ((k >= 5277001) AND (k <= 5277101))

table 2 : explain SELECT k FROM sbtest2 WHERE k BETWEEN 5277001 AND 5277101
	Index Only Scan using k_2 on sbtest2  (cost=0.43..6.40 rows=98 width=4)
	  Index Cond: ((k >= 5277001) AND (k <= 5277101))

table 3 : explain SELECT k FROM sbtest3 WHERE k BETWEEN 5277001 AND 5277101
	Index Only Scan using k_3 on sbtest3  (cost=0.43..10.60 rows=108 width=4)
	  Index Cond: ((k >= 5277001) AND (k <= 5277101))

table 4 : explain SELECT k FROM sbtest4 WHERE k BETWEEN 5277001 AND 5277101
	Index Only Scan using k_4 on sbtest4  (cost=0.43..6.53 rows=105 width=4)
	  Index Cond: ((k >= 5277001) AND (k <= 5277101))

table 5 : explain SELECT k FROM sbtest5 WHERE k BETWEEN 5277001 AND 5277101
	Index Only Scan using k_5 on sbtest5  (cost=0.43..6.61 rows=109 width=4)
	  Index Cond: ((k >= 5277001) AND (k <= 5277101))

table 6 : explain SELECT k FROM sbtest6 WHERE k BETWEEN 5277001 AND 5277101
	Index Only Scan using k_6 on sbtest6  (cost=0.43..10.42 rows=99 width=4)
	  Index Cond: ((k >= 5277001) AND (k <= 5277101))

table 7 : explain SELECT k FROM sbtest7 WHERE k BETWEEN 5277001 AND 5277101
	Index Only Scan using k_7 on sbtest7  (cost=0.43..10.50 rows=103 width=4)
	  Index Cond: ((k >= 5277001) AND (k <= 5277101))

table 8 : explain SELECT k FROM sbtest8 WHERE k BETWEEN 5277001 AND 5277101
	Index Only Scan using k_8 on sbtest8  (cost=0.43..6.33 rows=95 width=4)
	  Index Cond: ((k >= 5277001) AND (k <= 5277101))

explain: for range-covered :: explain SELECT k FROM sbtest%d WHERE k BETWEEN 1836318 AND 1836418
for range-covered
table 1 : explain SELECT k FROM sbtest1 WHERE k BETWEEN 3786852 AND 3786952
	Index Only Scan using k_1 on sbtest1  (cost=0.43..6.42 rows=99 width=4)
	  Index Cond: ((k >= 3786852) AND (k <= 3786952))

table 2 : explain SELECT k FROM sbtest2 WHERE k BETWEEN 3786852 AND 3786952
	Index Only Scan using k_2 on sbtest2  (cost=0.43..6.47 rows=102 width=4)
	  Index Cond: ((k >= 3786852) AND (k <= 3786952))

table 3 : explain SELECT k FROM sbtest3 WHERE k BETWEEN 3786852 AND 3786952
	Index Only Scan using k_3 on sbtest3  (cost=0.43..10.54 rows=105 width=4)
	  Index Cond: ((k >= 3786852) AND (k <= 3786952))

table 4 : explain SELECT k FROM sbtest4 WHERE k BETWEEN 3786852 AND 3786952
	Index Only Scan using k_4 on sbtest4  (cost=0.43..6.51 rows=104 width=4)
	  Index Cond: ((k >= 3786852) AND (k <= 3786952))

table 5 : explain SELECT k FROM sbtest5 WHERE k BETWEEN 3786852 AND 3786952
	Index Only Scan using k_5 on sbtest5  (cost=0.43..6.59 rows=108 width=4)
	  Index Cond: ((k >= 3786852) AND (k <= 3786952))

table 6 : explain SELECT k FROM sbtest6 WHERE k BETWEEN 3786852 AND 3786952
	Index Only Scan using k_6 on sbtest6  (cost=0.43..10.42 rows=99 width=4)
	  Index Cond: ((k >= 3786852) AND (k <= 3786952))

table 7 : explain SELECT k FROM sbtest7 WHERE k BETWEEN 3786852 AND 3786952
	Index Only Scan using k_7 on sbtest7  (cost=0.43..10.47 rows=102 width=4)
	  Index Cond: ((k >= 3786852) AND (k <= 3786952))

table 8 : explain SELECT k FROM sbtest8 WHERE k BETWEEN 3786852 AND 3786952
	Index Only Scan using k_8 on sbtest8  (cost=0.43..6.37 rows=97 width=4)
	  Index Cond: ((k >= 3786852) AND (k <= 3786952))

for range-covered
table 1 : explain SELECT k FROM sbtest1 WHERE k BETWEEN 9457227 AND 9457327
	Index Only Scan using k_1 on sbtest1  (cost=0.43..6.50 rows=103 width=4)
	  Index Cond: ((k >= 9457227) AND (k <= 9457327))

table 2 : explain SELECT k FROM sbtest2 WHERE k BETWEEN 9457227 AND 9457327
	Index Only Scan using k_2 on sbtest2  (cost=0.43..6.45 rows=101 width=4)
	  Index Cond: ((k >= 9457227) AND (k <= 9457327))

table 3 : explain SELECT k FROM sbtest3 WHERE k BETWEEN 9457227 AND 9457327
	Index Only Scan using k_3 on sbtest3  (cost=0.43..10.47 rows=102 width=4)
	  Index Cond: ((k >= 9457227) AND (k <= 9457327))

table 4 : explain SELECT k FROM sbtest4 WHERE k BETWEEN 9457227 AND 9457327
	Index Only Scan using k_4 on sbtest4  (cost=0.43..6.42 rows=99 width=4)
	  Index Cond: ((k >= 9457227) AND (k <= 9457327))

table 5 : explain SELECT k FROM sbtest5 WHERE k BETWEEN 9457227 AND 9457327
	Index Only Scan using k_5 on sbtest5  (cost=0.43..6.74 rows=115 width=4)
	  Index Cond: ((k >= 9457227) AND (k <= 9457327))

table 6 : explain SELECT k FROM sbtest6 WHERE k BETWEEN 9457227 AND 9457327
	Index Only Scan using k_6 on sbtest6  (cost=0.43..10.36 rows=96 width=4)
	  Index Cond: ((k >= 9457227) AND (k <= 9457327))

table 7 : explain SELECT k FROM sbtest7 WHERE k BETWEEN 9457227 AND 9457327
	Index Only Scan using k_7 on sbtest7  (cost=0.43..10.42 rows=99 width=4)
	  Index Cond: ((k >= 9457227) AND (k <= 9457327))

table 8 : explain SELECT k FROM sbtest8 WHERE k BETWEEN 9457227 AND 9457327
	Index Only Scan using k_8 on sbtest8  (cost=0.43..6.42 rows=99 width=4)
	  Index Cond: ((k >= 9457227) AND (k <= 9457327))
for range-covered
table 1 : explain SELECT k FROM sbtest1 WHERE k BETWEEN 3541262 AND 3541362
	Index Only Scan using k_1 on sbtest1  (cost=0.43..6.42 rows=99 width=4)
	  Index Cond: ((k >= 3541262) AND (k <= 3541362))

table 2 : explain SELECT k FROM sbtest2 WHERE k BETWEEN 3541262 AND 3541362
	Index Only Scan using k_2 on sbtest2  (cost=0.43..6.59 rows=108 width=4)
	  Index Cond: ((k >= 3541262) AND (k <= 3541362))

table 3 : explain SELECT k FROM sbtest3 WHERE k BETWEEN 3541262 AND 3541362
	Index Only Scan using k_3 on sbtest3  (cost=0.43..10.54 rows=105 width=4)
	  Index Cond: ((k >= 3541262) AND (k <= 3541362))

table 4 : explain SELECT k FROM sbtest4 WHERE k BETWEEN 3541262 AND 3541362
	Index Only Scan using k_4 on sbtest4  (cost=0.43..6.37 rows=97 width=4)
	  Index Cond: ((k >= 3541262) AND (k <= 3541362))

table 5 : explain SELECT k FROM sbtest5 WHERE k BETWEEN 3541262 AND 3541362
	Index Only Scan using k_5 on sbtest5  (cost=0.43..6.59 rows=108 width=4)
	  Index Cond: ((k >= 3541262) AND (k <= 3541362))

table 6 : explain SELECT k FROM sbtest6 WHERE k BETWEEN 3541262 AND 3541362
	Index Only Scan using k_6 on sbtest6  (cost=0.43..10.60 rows=108 width=4)
	  Index Cond: ((k >= 3541262) AND (k <= 3541362))

table 7 : explain SELECT k FROM sbtest7 WHERE k BETWEEN 3541262 AND 3541362
	Index Only Scan using k_7 on sbtest7  (cost=0.43..10.51 rows=104 width=4)
	  Index Cond: ((k >= 3541262) AND (k <= 3541362))

table 8 : explain SELECT k FROM sbtest8 WHERE k BETWEEN 3541262 AND 3541362
	Index Only Scan using k_8 on sbtest8  (cost=0.43..6.32 rows=94 width=4)
	  Index Cond: ((k >= 3541262) AND (k <= 3541362))

explain: for range-covered :: explain SELECT k FROM sbtest%d WHERE k BETWEEN 5277001 AND 5277101

explain: for range-covered :: explain SELECT k FROM sbtest%d WHERE k BETWEEN 3786852 AND 3786952
explain: for range-covered :: explain SELECT k FROM sbtest%d WHERE k BETWEEN 2080878 AND 2080978
explain: for range-covered :: explain SELECT k FROM sbtest%d WHERE k BETWEEN 3541262 AND 3541362
explain: for range-covered :: explain SELECT k FROM sbtest%d WHERE k BETWEEN 9457227 AND 9457327
for range-covered
table 1 : explain SELECT k FROM sbtest1 WHERE k BETWEEN 5614286 AND 5614386
	Index Only Scan using k_1 on sbtest1  (cost=0.43..6.53 rows=105 width=4)
	  Index Cond: ((k >= 5614286) AND (k <= 5614386))

table 2 : explain SELECT k FROM sbtest2 WHERE k BETWEEN 5614286 AND 5614386
	Index Only Scan using k_2 on sbtest2  (cost=0.43..6.45 rows=101 width=4)
	  Index Cond: ((k >= 5614286) AND (k <= 5614386))

table 3 : explain SELECT k FROM sbtest3 WHERE k BETWEEN 5614286 AND 5614386
	Index Only Scan using k_3 on sbtest3  (cost=0.43..10.28 rows=92 width=4)
	  Index Cond: ((k >= 5614286) AND (k <= 5614386))

table 4 : explain SELECT k FROM sbtest4 WHERE k BETWEEN 5614286 AND 5614386
	Index Only Scan using k_4 on sbtest4  (cost=0.43..6.32 rows=94 width=4)
	  Index Cond: ((k >= 5614286) AND (k <= 5614386))

table 5 : explain SELECT k FROM sbtest5 WHERE k BETWEEN 5614286 AND 5614386
	Index Only Scan using k_5 on sbtest5  (cost=0.43..6.37 rows=97 width=4)
	  Index Cond: ((k >= 5614286) AND (k <= 5614386))

table 6 : explain SELECT k FROM sbtest6 WHERE k BETWEEN 5614286 AND 5614386
	Index Only Scan using k_6 on sbtest6  (cost=0.43..10.56 rows=106 width=4)
	  Index Cond: ((k >= 5614286) AND (k <= 5614386))

table 7 : explain SELECT k FROM sbtest7 WHERE k BETWEEN 5614286 AND 5614386
	Index Only Scan using k_7 on sbtest7  (cost=0.43..10.40 rows=98 width=4)
	  Index Cond: ((k >= 5614286) AND (k <= 5614386))

table 8 : explain SELECT k FROM sbtest8 WHERE k BETWEEN 5614286 AND 5614386
	Index Only Scan using k_8 on sbtest8  (cost=0.43..6.53 rows=105 width=4)
	  Index Cond: ((k >= 5614286) AND (k <= 5614386))

for range-covered
table 1 : explain SELECT k FROM sbtest1 WHERE k BETWEEN 4682965 AND 4683065
	Index Only Scan using k_1 on sbtest1  (cost=0.43..6.42 rows=99 width=4)
	  Index Cond: ((k >= 4682965) AND (k <= 4683065))

table 2 : explain SELECT k FROM sbtest2 WHERE k BETWEEN 4682965 AND 4683065
	Index Only Scan using k_2 on sbtest2  (cost=0.43..6.53 rows=105 width=4)
	  Index Cond: ((k >= 4682965) AND (k <= 4683065))

table 3 : explain SELECT k FROM sbtest3 WHERE k BETWEEN 4682965 AND 4683065
	Index Only Scan using k_3 on sbtest3  (cost=0.43..10.51 rows=104 width=4)
	  Index Cond: ((k >= 4682965) AND (k <= 4683065))

table 4 : explain SELECT k FROM sbtest4 WHERE k BETWEEN 4682965 AND 4683065
	Index Only Scan using k_4 on sbtest4  (cost=0.43..6.53 rows=105 width=4)
	  Index Cond: ((k >= 4682965) AND (k <= 4683065))

table 5 : explain SELECT k FROM sbtest5 WHERE k BETWEEN 4682965 AND 4683065
	Index Only Scan using k_5 on sbtest5  (cost=0.43..6.40 rows=98 width=4)
	  Index Cond: ((k >= 4682965) AND (k <= 4683065))

table 6 : explain SELECT k FROM sbtest6 WHERE k BETWEEN 4682965 AND 4683065
	Index Only Scan using k_6 on sbtest6  (cost=0.43..10.42 rows=99 width=4)
	  Index Cond: ((k >= 4682965) AND (k <= 4683065))

table 7 : explain SELECT k FROM sbtest7 WHERE k BETWEEN 4682965 AND 4683065
	Index Only Scan using k_7 on sbtest7  (cost=0.43..10.60 rows=108 width=4)
	  Index Cond: ((k >= 4682965) AND (k <= 4683065))

table 8 : explain SELECT k FROM sbtest8 WHERE k BETWEEN 4682965 AND 4683065
	Index Only Scan using k_8 on sbtest8  (cost=0.43..6.50 rows=103 width=4)
	  Index Cond: ((k >= 4682965) AND (k <= 4683065))

for range-covered
table 1 : explain SELECT k FROM sbtest1 WHERE k BETWEEN 3786852 AND 3786952
	Index Only Scan using k_1 on sbtest1  (cost=0.43..6.42 rows=99 width=4)
	  Index Cond: ((k >= 3786852) AND (k <= 3786952))

table 2 : explain SELECT k FROM sbtest2 WHERE k BETWEEN 3786852 AND 3786952
	Index Only Scan using k_2 on sbtest2  (cost=0.43..6.47 rows=102 width=4)
	  Index Cond: ((k >= 3786852) AND (k <= 3786952))

table 3 : explain SELECT k FROM sbtest3 WHERE k BETWEEN 3786852 AND 3786952
	Index Only Scan using k_3 on sbtest3  (cost=0.43..10.54 rows=105 width=4)
	  Index Cond: ((k >= 3786852) AND (k <= 3786952))

table 4 : explain SELECT k FROM sbtest4 WHERE k BETWEEN 3786852 AND 3786952
	Index Only Scan using k_4 on sbtest4  (cost=0.43..6.51 rows=104 width=4)
	  Index Cond: ((k >= 3786852) AND (k <= 3786952))

table 5 : explain SELECT k FROM sbtest5 WHERE k BETWEEN 3786852 AND 3786952
	Index Only Scan using k_5 on sbtest5  (cost=0.43..6.59 rows=108 width=4)
	  Index Cond: ((k >= 3786852) AND (k <= 3786952))

table 6 : explain SELECT k FROM sbtest6 WHERE k BETWEEN 3786852 AND 3786952
	Index Only Scan using k_6 on sbtest6  (cost=0.43..10.42 rows=99 width=4)
	  Index Cond: ((k >= 3786852) AND (k <= 3786952))

table 7 : explain SELECT k FROM sbtest7 WHERE k BETWEEN 3786852 AND 3786952
	Index Only Scan using k_7 on sbtest7  (cost=0.43..10.47 rows=102 width=4)
	  Index Cond: ((k >= 3786852) AND (k <= 3786952))

table 8 : explain SELECT k FROM sbtest8 WHERE k BETWEEN 3786852 AND 3786952
	Index Only Scan using k_8 on sbtest8  (cost=0.43..6.37 rows=97 width=4)
	  Index Cond: ((k >= 3786852) AND (k <= 3786952))

for range-covered
table 1 : explain SELECT k FROM sbtest1 WHERE k BETWEEN 5277001 AND 5277101
	Index Only Scan using k_1 on sbtest1  (cost=0.43..6.53 rows=105 width=4)
	  Index Cond: ((k >= 5277001) AND (k <= 5277101))

table 2 : explain SELECT k FROM sbtest2 WHERE k BETWEEN 5277001 AND 5277101
	Index Only Scan using k_2 on sbtest2  (cost=0.43..6.40 rows=98 width=4)
	  Index Cond: ((k >= 5277001) AND (k <= 5277101))

table 3 : explain SELECT k FROM sbtest3 WHERE k BETWEEN 5277001 AND 5277101
	Index Only Scan using k_3 on sbtest3  (cost=0.43..10.60 rows=108 width=4)
	  Index Cond: ((k >= 5277001) AND (k <= 5277101))

table 4 : explain SELECT k FROM sbtest4 WHERE k BETWEEN 5277001 AND 5277101
	Index Only Scan using k_4 on sbtest4  (cost=0.43..6.53 rows=105 width=4)
	  Index Cond: ((k >= 5277001) AND (k <= 5277101))

table 5 : explain SELECT k FROM sbtest5 WHERE k BETWEEN 5277001 AND 5277101
	Index Only Scan using k_5 on sbtest5  (cost=0.43..6.61 rows=109 width=4)
	  Index Cond: ((k >= 5277001) AND (k <= 5277101))

table 6 : explain SELECT k FROM sbtest6 WHERE k BETWEEN 5277001 AND 5277101
	Index Only Scan using k_6 on sbtest6  (cost=0.43..10.42 rows=99 width=4)
	  Index Cond: ((k >= 5277001) AND (k <= 5277101))

table 7 : explain SELECT k FROM sbtest7 WHERE k BETWEEN 5277001 AND 5277101
	Index Only Scan using k_7 on sbtest7  (cost=0.43..10.50 rows=103 width=4)
	  Index Cond: ((k >= 5277001) AND (k <= 5277101))

table 8 : explain SELECT k FROM sbtest8 WHERE k BETWEEN 5277001 AND 5277101
	Index Only Scan using k_8 on sbtest8  (cost=0.43..6.33 rows=95 width=4)
	  Index Cond: ((k >= 5277001) AND (k <= 5277101))

for range-covered
table 1 : explain SELECT k FROM sbtest1 WHERE k BETWEEN 3541262 AND 3541362
	Index Only Scan using k_1 on sbtest1  (cost=0.43..6.42 rows=99 width=4)
	  Index Cond: ((k >= 3541262) AND (k <= 3541362))

table 2 : explain SELECT k FROM sbtest2 WHERE k BETWEEN 3541262 AND 3541362
	Index Only Scan using k_2 on sbtest2  (cost=0.43..6.59 rows=108 width=4)
	  Index Cond: ((k >= 3541262) AND (k <= 3541362))

table 3 : explain SELECT k FROM sbtest3 WHERE k BETWEEN 3541262 AND 3541362
	Index Only Scan using k_3 on sbtest3  (cost=0.43..10.54 rows=105 width=4)
	  Index Cond: ((k >= 3541262) AND (k <= 3541362))

table 4 : explain SELECT k FROM sbtest4 WHERE k BETWEEN 3541262 AND 3541362
	Index Only Scan using k_4 on sbtest4  (cost=0.43..6.37 rows=97 width=4)
	  Index Cond: ((k >= 3541262) AND (k <= 3541362))

table 5 : explain SELECT k FROM sbtest5 WHERE k BETWEEN 3541262 AND 3541362
	Index Only Scan using k_5 on sbtest5  (cost=0.43..6.59 rows=108 width=4)
	  Index Cond: ((k >= 3541262) AND (k <= 3541362))

table 6 : explain SELECT k FROM sbtest6 WHERE k BETWEEN 3541262 AND 3541362
	Index Only Scan using k_6 on sbtest6  (cost=0.43..10.60 rows=108 width=4)
	  Index Cond: ((k >= 3541262) AND (k <= 3541362))

table 7 : explain SELECT k FROM sbtest7 WHERE k BETWEEN 3541262 AND 3541362
	Index Only Scan using k_7 on sbtest7  (cost=0.43..10.51 rows=104 width=4)
	  Index Cond: ((k >= 3541262) AND (k <= 3541362))

table 8 : explain SELECT k FROM sbtest8 WHERE k BETWEEN 3541262 AND 3541362
	Index Only Scan using k_8 on sbtest8  (cost=0.43..6.32 rows=94 width=4)
	  Index Cond: ((k >= 3541262) AND (k <= 3541362))

explain: for range-covered :: explain SELECT k FROM sbtest%d WHERE k BETWEEN 3786852 AND 3786952for range-covered
table 1 : explain SELECT k FROM sbtest1 WHERE k BETWEEN 2080878 AND 2080978
	Index Only Scan using k_1 on sbtest1  (cost=0.43..6.50 rows=103 width=4)
	  Index Cond: ((k >= 2080878) AND (k <= 2080978))

table 2 : explain SELECT k FROM sbtest2 WHERE k BETWEEN 2080878 AND 2080978
	Index Only Scan using k_2 on sbtest2  (cost=0.43..6.58 rows=107 width=4)
	  Index Cond: ((k >= 2080878) AND (k <= 2080978))

table 3 : explain SELECT k FROM sbtest3 WHERE k BETWEEN 2080878 AND 2080978
	Index Only Scan using k_3 on sbtest3  (cost=0.43..10.46 rows=101 width=4)
	  Index Cond: ((k >= 2080878) AND (k <= 2080978))

table 4 : explain SELECT k FROM sbtest4 WHERE k BETWEEN 2080878 AND 2080978
	Index Only Scan using k_4 on sbtest4  (cost=0.43..6.42 rows=99 width=4)
	  Index Cond: ((k >= 2080878) AND (k <= 2080978))

table 5 : explain SELECT k FROM sbtest5 WHERE k BETWEEN 2080878 AND 2080978
	Index Only Scan using k_5 on sbtest5  (cost=0.43..6.35 rows=96 width=4)
	  Index Cond: ((k >= 2080878) AND (k <= 2080978))

table 6 : explain SELECT k FROM sbtest6 WHERE k BETWEEN 2080878 AND 2080978
	Index Only Scan using k_6 on sbtest6  (cost=0.43..10.58 rows=107 width=4)
	  Index Cond: ((k >= 2080878) AND (k <= 2080978))

table 7 : explain SELECT k FROM sbtest7 WHERE k BETWEEN 2080878 AND 2080978
	Index Only Scan using k_7 on sbtest7  (cost=0.43..10.38 rows=97 width=4)
	  Index Cond: ((k >= 2080878) AND (k <= 2080978))

table 8 : explain SELECT k FROM sbtest8 WHERE k BETWEEN 2080878 AND 2080978
	Index Only Scan using k_8 on sbtest8  (cost=0.43..6.45 rows=101 width=4)
	  Index Cond: ((k >= 2080878) AND (k <= 2080978))


explain: for range-covered :: explain SELECT k FROM sbtest%d WHERE k BETWEEN 5277001 AND 5277101
explain: for range-covered :: explain SELECT k FROM sbtest%d WHERE k BETWEEN 3541262 AND 3541362
for range-covered
table 1 : explain SELECT k FROM sbtest1 WHERE k BETWEEN 9457227 AND 9457327
	Index Only Scan using k_1 on sbtest1  (cost=0.43..6.50 rows=103 width=4)
	  Index Cond: ((k >= 9457227) AND (k <= 9457327))

table 2 : explain SELECT k FROM sbtest2 WHERE k BETWEEN 9457227 AND 9457327
	Index Only Scan using k_2 on sbtest2  (cost=0.43..6.45 rows=101 width=4)
	  Index Cond: ((k >= 9457227) AND (k <= 9457327))

table 3 : explain SELECT k FROM sbtest3 WHERE k BETWEEN 9457227 AND 9457327
	Index Only Scan using k_3 on sbtest3  (cost=0.43..10.47 rows=102 width=4)
	  Index Cond: ((k >= 9457227) AND (k <= 9457327))

table 4 : explain SELECT k FROM sbtest4 WHERE k BETWEEN 9457227 AND 9457327
	Index Only Scan using k_4 on sbtest4  (cost=0.43..6.42 rows=99 width=4)
	  Index Cond: ((k >= 9457227) AND (k <= 9457327))

table 5 : explain SELECT k FROM sbtest5 WHERE k BETWEEN 9457227 AND 9457327
	Index Only Scan using k_5 on sbtest5  (cost=0.43..6.74 rows=115 width=4)
	  Index Cond: ((k >= 9457227) AND (k <= 9457327))

table 6 : explain SELECT k FROM sbtest6 WHERE k BETWEEN 9457227 AND 9457327
	Index Only Scan using k_6 on sbtest6  (cost=0.43..10.36 rows=96 width=4)
	  Index Cond: ((k >= 9457227) AND (k <= 9457327))

table 7 : explain SELECT k FROM sbtest7 WHERE k BETWEEN 9457227 AND 9457327
	Index Only Scan using k_7 on sbtest7  (cost=0.43..10.42 rows=99 width=4)
	  Index Cond: ((k >= 9457227) AND (k <= 9457327))

table 8 : explain SELECT k FROM sbtest8 WHERE k BETWEEN 9457227 AND 9457327
	Index Only Scan using k_8 on sbtest8  (cost=0.43..6.42 rows=99 width=4)
	  Index Cond: ((k >= 9457227) AND (k <= 9457327))

explain: for range-covered :: explain SELECT k FROM sbtest%d WHERE k BETWEEN 9457227 AND 9457327
for range-covered
table 1 : explain SELECT k FROM sbtest1 WHERE k BETWEEN 4293825 AND 4293925
	Index Only Scan using k_1 on sbtest1  (cost=0.43..6.35 rows=96 width=4)
	  Index Cond: ((k >= 4293825) AND (k <= 4293925))

table 2 : explain SELECT k FROM sbtest2 WHERE k BETWEEN 4293825 AND 4293925
	Index Only Scan using k_2 on sbtest2  (cost=0.43..6.45 rows=101 width=4)
	  Index Cond: ((k >= 4293825) AND (k <= 4293925))

table 3 : explain SELECT k FROM sbtest3 WHERE k BETWEEN 4293825 AND 4293925
	Index Only Scan using k_3 on sbtest3  (cost=0.43..10.54 rows=105 width=4)
	  Index Cond: ((k >= 4293825) AND (k <= 4293925))

table 4 : explain SELECT k FROM sbtest4 WHERE k BETWEEN 4293825 AND 4293925
	Index Only Scan using k_4 on sbtest4  (cost=0.43..6.61 rows=109 width=4)
	  Index Cond: ((k >= 4293825) AND (k <= 4293925))

table 5 : explain SELECT k FROM sbtest5 WHERE k BETWEEN 4293825 AND 4293925
	Index Only Scan using k_5 on sbtest5  (cost=0.43..6.47 rows=102 width=4)
	  Index Cond: ((k >= 4293825) AND (k <= 4293925))

table 6 : explain SELECT k FROM sbtest6 WHERE k BETWEEN 4293825 AND 4293925
	Index Only Scan using k_6 on sbtest6  (cost=0.43..10.50 rows=103 width=4)
	  Index Cond: ((k >= 4293825) AND (k <= 4293925))

table 7 : explain SELECT k FROM sbtest7 WHERE k BETWEEN 4293825 AND 4293925
	Index Only Scan using k_7 on sbtest7  (cost=0.43..10.56 rows=106 width=4)
	  Index Cond: ((k >= 4293825) AND (k <= 4293925))

table 8 : explain SELECT k FROM sbtest8 WHERE k BETWEEN 4293825 AND 4293925
	Index Only Scan using k_8 on sbtest8  (cost=0.43..6.25 rows=91 width=4)
	  Index Cond: ((k >= 4293825) AND (k <= 4293925))

for range-covered
table 1 : explain SELECT k FROM sbtest1 WHERE k BETWEEN 4941682 AND 4941782
	Index Only Scan using k_1 on sbtest1  (cost=0.43..6.77 rows=117 width=4)
	  Index Cond: ((k >= 4941682) AND (k <= 4941782))

table 2 : explain SELECT k FROM sbtest2 WHERE k BETWEEN 4941682 AND 4941782
	Index Only Scan using k_2 on sbtest2  (cost=0.43..6.43 rows=100 width=4)
	  Index Cond: ((k >= 4941682) AND (k <= 4941782))

table 3 : explain SELECT k FROM sbtest3 WHERE k BETWEEN 4941682 AND 4941782
	Index Only Scan using k_3 on sbtest3  (cost=0.43..10.36 rows=96 width=4)
	  Index Cond: ((k >= 4941682) AND (k <= 4941782))

table 4 : explain SELECT k FROM sbtest4 WHERE k BETWEEN 4941682 AND 4941782
	Index Only Scan using k_4 on sbtest4  (cost=0.43..6.61 rows=109 width=4)
	  Index Cond: ((k >= 4941682) AND (k <= 4941782))

table 5 : explain SELECT k FROM sbtest5 WHERE k BETWEEN 4941682 AND 4941782
	Index Only Scan using k_5 on sbtest5  (cost=0.43..6.51 rows=104 width=4)
	  Index Cond: ((k >= 4941682) AND (k <= 4941782))

table 6 : explain SELECT k FROM sbtest6 WHERE k BETWEEN 4941682 AND 4941782
	Index Only Scan using k_6 on sbtest6  (cost=0.43..10.51 rows=104 width=4)
	  Index Cond: ((k >= 4941682) AND (k <= 4941782))

table 7 : explain SELECT k FROM sbtest7 WHERE k BETWEEN 4941682 AND 4941782
	Index Only Scan using k_7 on sbtest7  (cost=0.43..10.50 rows=103 width=4)
	  Index Cond: ((k >= 4941682) AND (k <= 4941782))

table 8 : explain SELECT k FROM sbtest8 WHERE k BETWEEN 4941682 AND 4941782
	Index Only Scan using k_8 on sbtest8  (cost=0.43..6.25 rows=91 width=4)
	  Index Cond: ((k >= 4941682) AND (k <= 4941782))

explain: for range-covered :: explain SELECT k FROM sbtest%d WHERE k BETWEEN 2080878 AND 2080978
explain: for range-covered :: explain SELECT k FROM sbtest%d WHERE k BETWEEN 4293825 AND 4293925
for range-covered
table 1 : explain SELECT k FROM sbtest1 WHERE k BETWEEN 1836318 AND 1836418
	Index Only Scan using k_1 on sbtest1  (cost=0.43..6.37 rows=97 width=4)
	  Index Cond: ((k >= 1836318) AND (k <= 1836418))

table 2 : explain SELECT k FROM sbtest2 WHERE k BETWEEN 1836318 AND 1836418
	Index Only Scan using k_2 on sbtest2  (cost=0.43..6.72 rows=114 width=4)
	  Index Cond: ((k >= 1836318) AND (k <= 1836418))

table 3 : explain SELECT k FROM sbtest3 WHERE k BETWEEN 1836318 AND 1836418
	Index Only Scan using k_3 on sbtest3  (cost=0.43..10.38 rows=97 width=4)
	  Index Cond: ((k >= 1836318) AND (k <= 1836418))

table 4 : explain SELECT k FROM sbtest4 WHERE k BETWEEN 1836318 AND 1836418
	Index Only Scan using k_4 on sbtest4  (cost=0.43..6.33 rows=95 width=4)
	  Index Cond: ((k >= 1836318) AND (k <= 1836418))

table 5 : explain SELECT k FROM sbtest5 WHERE k BETWEEN 1836318 AND 1836418
	Index Only Scan using k_5 on sbtest5  (cost=0.43..6.50 rows=103 width=4)
	  Index Cond: ((k >= 1836318) AND (k <= 1836418))

table 6 : explain SELECT k FROM sbtest6 WHERE k BETWEEN 1836318 AND 1836418
	Index Only Scan using k_6 on sbtest6  (cost=0.43..10.42 rows=99 width=4)
	  Index Cond: ((k >= 1836318) AND (k <= 1836418))

table 7 : explain SELECT k FROM sbtest7 WHERE k BETWEEN 1836318 AND 1836418
	Index Only Scan using k_7 on sbtest7  (cost=0.43..10.54 rows=105 width=4)
	  Index Cond: ((k >= 1836318) AND (k <= 1836418))

table 8 : explain SELECT k FROM sbtest8 WHERE k BETWEEN 1836318 AND 1836418
	Index Only Scan using k_8 on sbtest8  (cost=0.43..6.37 rows=97 width=4)
	  Index Cond: ((k >= 1836318) AND (k <= 1836418))

explain: for range-covered :: explain SELECT k FROM sbtest%d WHERE k BETWEEN 4941682 AND 4941782
explain: for range-covered :: explain SELECT k FROM sbtest%d WHERE k BETWEEN 1836318 AND 1836418
for range-covered
table 1 : explain SELECT k FROM sbtest1 WHERE k BETWEEN 3541262 AND 3541362
	Index Only Scan using k_1 on sbtest1  (cost=0.43..6.42 rows=99 width=4)
	  Index Cond: ((k >= 3541262) AND (k <= 3541362))

table 2 : explain SELECT k FROM sbtest2 WHERE k BETWEEN 3541262 AND 3541362
	Index Only Scan using k_2 on sbtest2  (cost=0.43..6.59 rows=108 width=4)
	  Index Cond: ((k >= 3541262) AND (k <= 3541362))

table 3 : explain SELECT k FROM sbtest3 WHERE k BETWEEN 3541262 AND 3541362
	Index Only Scan using k_3 on sbtest3  (cost=0.43..10.54 rows=105 width=4)
	  Index Cond: ((k >= 3541262) AND (k <= 3541362))

table 4 : explain SELECT k FROM sbtest4 WHERE k BETWEEN 3541262 AND 3541362
	Index Only Scan using k_4 on sbtest4  (cost=0.43..6.37 rows=97 width=4)
	  Index Cond: ((k >= 3541262) AND (k <= 3541362))

table 5 : explain SELECT k FROM sbtest5 WHERE k BETWEEN 3541262 AND 3541362
	Index Only Scan using k_5 on sbtest5  (cost=0.43..6.59 rows=108 width=4)
	  Index Cond: ((k >= 3541262) AND (k <= 3541362))

table 6 : explain SELECT k FROM sbtest6 WHERE k BETWEEN 3541262 AND 3541362
	Index Only Scan using k_6 on sbtest6  (cost=0.43..10.60 rows=108 width=4)
	  Index Cond: ((k >= 3541262) AND (k <= 3541362))

table 7 : explain SELECT k FROM sbtest7 WHERE k BETWEEN 3541262 AND 3541362
	Index Only Scan using k_7 on sbtest7  (cost=0.43..10.51 rows=104 width=4)
	  Index Cond: ((k >= 3541262) AND (k <= 3541362))

table 8 : explain SELECT k FROM sbtest8 WHERE k BETWEEN 3541262 AND 3541362
	Index Only Scan using k_8 on sbtest8  (cost=0.43..6.32 rows=94 width=4)
	  Index Cond: ((k >= 3541262) AND (k <= 3541362))

for range-covered
table 1 : explain SELECT k FROM sbtest1 WHERE k BETWEEN 3786852 AND 3786952
	Index Only Scan using k_1 on sbtest1  (cost=0.43..6.42 rows=99 width=4)
	  Index Cond: ((k >= 3786852) AND (k <= 3786952))

table 2 : explain SELECT k FROM sbtest2 WHERE k BETWEEN 3786852 AND 3786952
	Index Only Scan using k_2 on sbtest2  (cost=0.43..6.47 rows=102 width=4)
	  Index Cond: ((k >= 3786852) AND (k <= 3786952))

table 3 : explain SELECT k FROM sbtest3 WHERE k BETWEEN 3786852 AND 3786952
	Index Only Scan using k_3 on sbtest3  (cost=0.43..10.54 rows=105 width=4)
	  Index Cond: ((k >= 3786852) AND (k <= 3786952))

table 4 : explain SELECT k FROM sbtest4 WHERE k BETWEEN 3786852 AND 3786952
	Index Only Scan using k_4 on sbtest4  (cost=0.43..6.51 rows=104 width=4)
	  Index Cond: ((k >= 3786852) AND (k <= 3786952))

table 5 : explain SELECT k FROM sbtest5 WHERE k BETWEEN 3786852 AND 3786952
	Index Only Scan using k_5 on sbtest5  (cost=0.43..6.59 rows=108 width=4)
	  Index Cond: ((k >= 3786852) AND (k <= 3786952))

table 6 : explain SELECT k FROM sbtest6 WHERE k BETWEEN 3786852 AND 3786952
	Index Only Scan using k_6 on sbtest6  (cost=0.43..10.42 rows=99 width=4)
	  Index Cond: ((k >= 3786852) AND (k <= 3786952))

table 7 : explain SELECT k FROM sbtest7 WHERE k BETWEEN 3786852 AND 3786952
	Index Only Scan using k_7 on sbtest7  (cost=0.43..10.47 rows=102 width=4)
	  Index Cond: ((k >= 3786852) AND (k <= 3786952))

table 8 : explain SELECT k FROM sbtest8 WHERE k BETWEEN 3786852 AND 3786952
	Index Only Scan using k_8 on sbtest8  (cost=0.43..6.37 rows=97 width=4)
	  Index Cond: ((k >= 3786852) AND (k <= 3786952))

for range-covered
table 1 : explain SELECT k FROM sbtest1 WHERE k BETWEEN 5277001 AND 5277101
	Index Only Scan using k_1 on sbtest1  (cost=0.43..6.53 rows=105 width=4)
	  Index Cond: ((k >= 5277001) AND (k <= 5277101))

table 2 : explain SELECT k FROM sbtest2 WHERE k BETWEEN 5277001 AND 5277101
	Index Only Scan using k_2 on sbtest2  (cost=0.43..6.40 rows=98 width=4)
	  Index Cond: ((k >= 5277001) AND (k <= 5277101))

table 3 : explain SELECT k FROM sbtest3 WHERE k BETWEEN 5277001 AND 5277101
	Index Only Scan using k_3 on sbtest3  (cost=0.43..10.60 rows=108 width=4)
	  Index Cond: ((k >= 5277001) AND (k <= 5277101))

table 4 : explain SELECT k FROM sbtest4 WHERE k BETWEEN 5277001 AND 5277101
	Index Only Scan using k_4 on sbtest4  (cost=0.43..6.53 rows=105 width=4)
	  Index Cond: ((k >= 5277001) AND (k <= 5277101))

table 5 : explain SELECT k FROM sbtest5 WHERE k BETWEEN 5277001 AND 5277101
	Index Only Scan using k_5 on sbtest5  (cost=0.43..6.61 rows=109 width=4)
	  Index Cond: ((k >= 5277001) AND (k <= 5277101))

table 6 : explain SELECT k FROM sbtest6 WHERE k BETWEEN 5277001 AND 5277101
	Index Only Scan using k_6 on sbtest6  (cost=0.43..10.42 rows=99 width=4)
	  Index Cond: ((k >= 5277001) AND (k <= 5277101))

table 7 : explain SELECT k FROM sbtest7 WHERE k BETWEEN 5277001 AND 5277101
	Index Only Scan using k_7 on sbtest7  (cost=0.43..10.50 rows=103 width=4)
	  Index Cond: ((k >= 5277001) AND (k <= 5277101))

table 8 : explain SELECT k FROM sbtest8 WHERE k BETWEEN 5277001 AND 5277101
	Index Only Scan using k_8 on sbtest8  (cost=0.43..6.33 rows=95 width=4)
	  Index Cond: ((k >= 5277001) AND (k <= 5277101))

explain: for range-covered :: explain SELECT k FROM sbtest%d WHERE k BETWEEN 3541262 AND 3541362
explain: for range-covered :: explain SELECT k FROM sbtest%d WHERE k BETWEEN 3786852 AND 3786952
explain: for range-covered :: explain SELECT k FROM sbtest%d WHERE k BETWEEN 5277001 AND 5277101
for range-covered
table 1 : explain SELECT k FROM sbtest1 WHERE k BETWEEN 9457227 AND 9457327
	Index Only Scan using k_1 on sbtest1  (cost=0.43..6.50 rows=103 width=4)
	  Index Cond: ((k >= 9457227) AND (k <= 9457327))

table 2 : explain SELECT k FROM sbtest2 WHERE k BETWEEN 9457227 AND 9457327
	Index Only Scan using k_2 on sbtest2  (cost=0.43..6.45 rows=101 width=4)
	  Index Cond: ((k >= 9457227) AND (k <= 9457327))

table 3 : explain SELECT k FROM sbtest3 WHERE k BETWEEN 9457227 AND 9457327
	Index Only Scan using k_3 on sbtest3  (cost=0.43..10.47 rows=102 width=4)
	  Index Cond: ((k >= 9457227) AND (k <= 9457327))

table 4 : explain SELECT k FROM sbtest4 WHERE k BETWEEN 9457227 AND 9457327
	Index Only Scan using k_4 on sbtest4  (cost=0.43..6.42 rows=99 width=4)
	  Index Cond: ((k >= 9457227) AND (k <= 9457327))

table 5 : explain SELECT k FROM sbtest5 WHERE k BETWEEN 9457227 AND 9457327
	Index Only Scan using k_5 on sbtest5  (cost=0.43..6.74 rows=115 width=4)
	  Index Cond: ((k >= 9457227) AND (k <= 9457327))

table 6 : explain SELECT k FROM sbtest6 WHERE k BETWEEN 9457227 AND 9457327
	Index Only Scan using k_6 on sbtest6  (cost=0.43..10.36 rows=96 width=4)
	  Index Cond: ((k >= 9457227) AND (k <= 9457327))

table 7 : explain SELECT k FROM sbtest7 WHERE k BETWEEN 9457227 AND 9457327
	Index Only Scan using k_7 on sbtest7  (cost=0.43..10.42 rows=99 width=4)
	  Index Cond: ((k >= 9457227) AND (k <= 9457327))

table 8 : explain SELECT k FROM sbtest8 WHERE k BETWEEN 9457227 AND 9457327
	Index Only Scan using k_8 on sbtest8  (cost=0.43..6.42 rows=99 width=4)
	  Index Cond: ((k >= 9457227) AND (k <= 9457327))

explain: for range-covered :: explain SELECT k FROM sbtest%d WHERE k BETWEEN 9457227 AND 9457327
for range-covered
table 1 : explain SELECT k FROM sbtest1 WHERE k BETWEEN 2600506 AND 2600606
	Index Only Scan using k_1 on sbtest1  (cost=0.43..6.37 rows=97 width=4)
	  Index Cond: ((k >= 2600506) AND (k <= 2600606))

table 2 : explain SELECT k FROM sbtest2 WHERE k BETWEEN 2600506 AND 2600606
	Index Only Scan using k_2 on sbtest2  (cost=0.43..6.51 rows=104 width=4)
	  Index Cond: ((k >= 2600506) AND (k <= 2600606))

table 3 : explain SELECT k FROM sbtest3 WHERE k BETWEEN 2600506 AND 2600606
	Index Only Scan using k_3 on sbtest3  (cost=0.43..10.40 rows=98 width=4)
	  Index Cond: ((k >= 2600506) AND (k <= 2600606))

table 4 : explain SELECT k FROM sbtest4 WHERE k BETWEEN 2600506 AND 2600606
	Index Only Scan using k_4 on sbtest4  (cost=0.43..6.50 rows=103 width=4)
	  Index Cond: ((k >= 2600506) AND (k <= 2600606))

table 5 : explain SELECT k FROM sbtest5 WHERE k BETWEEN 2600506 AND 2600606
	Index Only Scan using k_5 on sbtest5  (cost=0.43..6.58 rows=107 width=4)
	  Index Cond: ((k >= 2600506) AND (k <= 2600606))

table 6 : explain SELECT k FROM sbtest6 WHERE k BETWEEN 2600506 AND 2600606
	Index Only Scan using k_6 on sbtest6  (cost=0.43..10.40 rows=98 width=4)
	  Index Cond: ((k >= 2600506) AND (k <= 2600606))

table 7 : explain SELECT k FROM sbtest7 WHERE k BETWEEN 2600506 AND 2600606
	Index Only Scan using k_7 on sbtest7  (cost=0.43..10.33 rows=95 width=4)
	  Index Cond: ((k >= 2600506) AND (k <= 2600606))

table 8 : explain SELECT k FROM sbtest8 WHERE k BETWEEN 2600506 AND 2600606
	Index Only Scan using k_8 on sbtest8  (cost=0.43..6.35 rows=96 width=4)
	  Index Cond: ((k >= 2600506) AND (k <= 2600606))

for range-covered
table 1 : explain SELECT k FROM sbtest1 WHERE k BETWEEN 2080878 AND 2080978
	Index Only Scan using k_1 on sbtest1  (cost=0.43..6.50 rows=103 width=4)
	  Index Cond: ((k >= 2080878) AND (k <= 2080978))

table 2 : explain SELECT k FROM sbtest2 WHERE k BETWEEN 2080878 AND 2080978
	Index Only Scan using k_2 on sbtest2  (cost=0.43..6.58 rows=107 width=4)
	  Index Cond: ((k >= 2080878) AND (k <= 2080978))

table 3 : explain SELECT k FROM sbtest3 WHERE k BETWEEN 2080878 AND 2080978
	Index Only Scan using k_3 on sbtest3  (cost=0.43..10.46 rows=101 width=4)
	  Index Cond: ((k >= 2080878) AND (k <= 2080978))

table 4 : explain SELECT k FROM sbtest4 WHERE k BETWEEN 2080878 AND 2080978
	Index Only Scan using k_4 on sbtest4  (cost=0.43..6.42 rows=99 width=4)
	  Index Cond: ((k >= 2080878) AND (k <= 2080978))

table 5 : explain SELECT k FROM sbtest5 WHERE k BETWEEN 2080878 AND 2080978
	Index Only Scan using k_5 on sbtest5  (cost=0.43..6.35 rows=96 width=4)
	  Index Cond: ((k >= 2080878) AND (k <= 2080978))

table 6 : explain SELECT k FROM sbtest6 WHERE k BETWEEN 2080878 AND 2080978
	Index Only Scan using k_6 on sbtest6  (cost=0.43..10.58 rows=107 width=4)
	  Index Cond: ((k >= 2080878) AND (k <= 2080978))

table 7 : explain SELECT k FROM sbtest7 WHERE k BETWEEN 2080878 AND 2080978
	Index Only Scan using k_7 on sbtest7  (cost=0.43..10.38 rows=97 width=4)
	  Index Cond: ((k >= 2080878) AND (k <= 2080978))

table 8 : explain SELECT k FROM sbtest8 WHERE k BETWEEN 2080878 AND 2080978
	Index Only Scan using k_8 on sbtest8  (cost=0.43..6.45 rows=101 width=4)
	  Index Cond: ((k >= 2080878) AND (k <= 2080978))

explain: for range-covered :: explain SELECT k FROM sbtest%d WHERE k BETWEEN 2600506 AND 2600606
explain: for range-covered :: explain SELECT k FROM sbtest%d WHERE k BETWEEN 2080878 AND 2080978
for range-covered
table 1 : explain SELECT k FROM sbtest1 WHERE k BETWEEN 3541262 AND 3541362
	Index Only Scan using k_1 on sbtest1  (cost=0.43..6.42 rows=99 width=4)
	  Index Cond: ((k >= 3541262) AND (k <= 3541362))

table 2 : explain SELECT k FROM sbtest2 WHERE k BETWEEN 3541262 AND 3541362
	Index Only Scan using k_2 on sbtest2  (cost=0.43..6.59 rows=108 width=4)
	  Index Cond: ((k >= 3541262) AND (k <= 3541362))

table 3 : explain SELECT k FROM sbtest3 WHERE k BETWEEN 3541262 AND 3541362
	Index Only Scan using k_3 on sbtest3  (cost=0.43..10.54 rows=105 width=4)
	  Index Cond: ((k >= 3541262) AND (k <= 3541362))

table 4 : explain SELECT k FROM sbtest4 WHERE k BETWEEN 3541262 AND 3541362
	Index Only Scan using k_4 on sbtest4  (cost=0.43..6.37 rows=97 width=4)
	  Index Cond: ((k >= 3541262) AND (k <= 3541362))

table 5 : explain SELECT k FROM sbtest5 WHERE k BETWEEN 3541262 AND 3541362
	Index Only Scan using k_5 on sbtest5  (cost=0.43..6.59 rows=108 width=4)
	  Index Cond: ((k >= 3541262) AND (k <= 3541362))

table 6 : explain SELECT k FROM sbtest6 WHERE k BETWEEN 3541262 AND 3541362
	Index Only Scan using k_6 on sbtest6  (cost=0.43..10.60 rows=108 width=4)
	  Index Cond: ((k >= 3541262) AND (k <= 3541362))

table 7 : explain SELECT k FROM sbtest7 WHERE k BETWEEN 3541262 AND 3541362
	Index Only Scan using k_7 on sbtest7  (cost=0.43..10.51 rows=104 width=4)
	  Index Cond: ((k >= 3541262) AND (k <= 3541362))

table 8 : explain SELECT k FROM sbtest8 WHERE k BETWEEN 3541262 AND 3541362
	Index Only Scan using k_8 on sbtest8  (cost=0.43..6.32 rows=94 width=4)
	  Index Cond: ((k >= 3541262) AND (k <= 3541362))

for range-covered
table 1 : explain SELECT k FROM sbtest1 WHERE k BETWEEN 3786852 AND 3786952
	Index Only Scan using k_1 on sbtest1  (cost=0.43..6.42 rows=99 width=4)
	  Index Cond: ((k >= 3786852) AND (k <= 3786952))

table 2 : explain SELECT k FROM sbtest2 WHERE k BETWEEN 3786852 AND 3786952
	Index Only Scan using k_2 on sbtest2  (cost=0.43..6.47 rows=102 width=4)
	  Index Cond: ((k >= 3786852) AND (k <= 3786952))

table 3 : explain SELECT k FROM sbtest3 WHERE k BETWEEN 3786852 AND 3786952
	Index Only Scan using k_3 on sbtest3  (cost=0.43..10.54 rows=105 width=4)
	  Index Cond: ((k >= 3786852) AND (k <= 3786952))

table 4 : explain SELECT k FROM sbtest4 WHERE k BETWEEN 3786852 AND 3786952
	Index Only Scan using k_4 on sbtest4  (cost=0.43..6.51 rows=104 width=4)
	  Index Cond: ((k >= 3786852) AND (k <= 3786952))

table 5 : explain SELECT k FROM sbtest5 WHERE k BETWEEN 3786852 AND 3786952
	Index Only Scan using k_5 on sbtest5  (cost=0.43..6.59 rows=108 width=4)
	  Index Cond: ((k >= 3786852) AND (k <= 3786952))

table 6 : explain SELECT k FROM sbtest6 WHERE k BETWEEN 3786852 AND 3786952
	Index Only Scan using k_6 on sbtest6  (cost=0.43..10.42 rows=99 width=4)
	  Index Cond: ((k >= 3786852) AND (k <= 3786952))

table 7 : explain SELECT k FROM sbtest7 WHERE k BETWEEN 3786852 AND 3786952
	Index Only Scan using k_7 on sbtest7  (cost=0.43..10.47 rows=102 width=4)
	  Index Cond: ((k >= 3786852) AND (k <= 3786952))

table 8 : explain SELECT k FROM sbtest8 WHERE k BETWEEN 3786852 AND 3786952
	Index Only Scan using k_8 on sbtest8  (cost=0.43..6.37 rows=97 width=4)
	  Index Cond: ((k >= 3786852) AND (k <= 3786952))

explain: for range-covered :: explain SELECT k FROM sbtest%d WHERE k BETWEEN 3541262 AND 3541362
for range-covered
table 1 : explain SELECT k FROM sbtest1 WHERE k BETWEEN 9457227 AND 9457327
	Index Only Scan using k_1 on sbtest1  (cost=0.43..6.50 rows=103 width=4)
	  Index Cond: ((k >= 9457227) AND (k <= 9457327))

table 2 : explain SELECT k FROM sbtest2 WHERE k BETWEEN 9457227 AND 9457327
	Index Only Scan using k_2 on sbtest2  (cost=0.43..6.45 rows=101 width=4)
	  Index Cond: ((k >= 9457227) AND (k <= 9457327))

table 3 : explain SELECT k FROM sbtest3 WHERE k BETWEEN 9457227 AND 9457327
	Index Only Scan using k_3 on sbtest3  (cost=0.43..10.47 rows=102 width=4)
	  Index Cond: ((k >= 9457227) AND (k <= 9457327))

table 4 : explain SELECT k FROM sbtest4 WHERE k BETWEEN 9457227 AND 9457327
	Index Only Scan using k_4 on sbtest4  (cost=0.43..6.42 rows=99 width=4)
	  Index Cond: ((k >= 9457227) AND (k <= 9457327))

table 5 : explain SELECT k FROM sbtest5 WHERE k BETWEEN 9457227 AND 9457327
	Index Only Scan using k_5 on sbtest5  (cost=0.43..6.74 rows=115 width=4)
	  Index Cond: ((k >= 9457227) AND (k <= 9457327))

table 6 : explain SELECT k FROM sbtest6 WHERE k BETWEEN 9457227 AND 9457327
	Index Only Scan using k_6 on sbtest6  (cost=0.43..10.36 rows=96 width=4)
	  Index Cond: ((k >= 9457227) AND (k <= 9457327))

table 7 : explain SELECT k FROM sbtest7 WHERE k BETWEEN 9457227 AND 9457327
	Index Only Scan using k_7 on sbtest7  (cost=0.43..10.42 rows=99 width=4)
	  Index Cond: ((k >= 9457227) AND (k <= 9457327))

table 8 : explain SELECT k FROM sbtest8 WHERE k BETWEEN 9457227 AND 9457327
	Index Only Scan using k_8 on sbtest8  (cost=0.43..6.42 rows=99 width=4)
	  Index Cond: ((k >= 9457227) AND (k <= 9457327))

explain: for range-covered :: explain SELECT k FROM sbtest%d WHERE k BETWEEN 3786852 AND 3786952
for range-covered
table 1 : explain SELECT k FROM sbtest1 WHERE k BETWEEN 5277001 AND 5277101
	Index Only Scan using k_1 on sbtest1  (cost=0.43..6.53 rows=105 width=4)
	  Index Cond: ((k >= 5277001) AND (k <= 5277101))

table 2 : explain SELECT k FROM sbtest2 WHERE k BETWEEN 5277001 AND 5277101
	Index Only Scan using k_2 on sbtest2  (cost=0.43..6.40 rows=98 width=4)
	  Index Cond: ((k >= 5277001) AND (k <= 5277101))

table 3 : explain SELECT k FROM sbtest3 WHERE k BETWEEN 5277001 AND 5277101
	Index Only Scan using k_3 on sbtest3  (cost=0.43..10.60 rows=108 width=4)
	  Index Cond: ((k >= 5277001) AND (k <= 5277101))

table 4 : explain SELECT k FROM sbtest4 WHERE k BETWEEN 5277001 AND 5277101
	Index Only Scan using k_4 on sbtest4  (cost=0.43..6.53 rows=105 width=4)
	  Index Cond: ((k >= 5277001) AND (k <= 5277101))

table 5 : explain SELECT k FROM sbtest5 WHERE k BETWEEN 5277001 AND 5277101
	Index Only Scan using k_5 on sbtest5  (cost=0.43..6.61 rows=109 width=4)
	  Index Cond: ((k >= 5277001) AND (k <= 5277101))

table 6 : explain SELECT k FROM sbtest6 WHERE k BETWEEN 5277001 AND 5277101
	Index Only Scan using k_6 on sbtest6  (cost=0.43..10.42 rows=99 width=4)
	  Index Cond: ((k >= 5277001) AND (k <= 5277101))

table 7 : explain SELECT k FROM sbtest7 WHERE k BETWEEN 5277001 AND 5277101
	Index Only Scan using k_7 on sbtest7  (cost=0.43..10.50 rows=103 width=4)
	  Index Cond: ((k >= 5277001) AND (k <= 5277101))

table 8 : explain SELECT k FROM sbtest8 WHERE k BETWEEN 5277001 AND 5277101
	Index Only Scan using k_8 on sbtest8  (cost=0.43..6.33 rows=95 width=4)
	  Index Cond: ((k >= 5277001) AND (k <= 5277101))

explain: for range-covered :: explain SELECT k FROM sbtest%d WHERE k BETWEEN 9457227 AND 9457327
for range-covered
table 1 : explain SELECT k FROM sbtest1 WHERE k BETWEEN 4293825 AND 4293925
	Index Only Scan using k_1 on sbtest1  (cost=0.43..6.35 rows=96 width=4)
	  Index Cond: ((k >= 4293825) AND (k <= 4293925))

table 2 : explain SELECT k FROM sbtest2 WHERE k BETWEEN 4293825 AND 4293925
	Index Only Scan using k_2 on sbtest2  (cost=0.43..6.45 rows=101 width=4)
	  Index Cond: ((k >= 4293825) AND (k <= 4293925))

table 3 : explain SELECT k FROM sbtest3 WHERE k BETWEEN 4293825 AND 4293925
	Index Only Scan using k_3 on sbtest3  (cost=0.43..10.54 rows=105 width=4)
	  Index Cond: ((k >= 4293825) AND (k <= 4293925))

table 4 : explain SELECT k FROM sbtest4 WHERE k BETWEEN 4293825 AND 4293925
	Index Only Scan using k_4 on sbtest4  (cost=0.43..6.61 rows=109 width=4)
	  Index Cond: ((k >= 4293825) AND (k <= 4293925))

table 5 : explain SELECT k FROM sbtest5 WHERE k BETWEEN 4293825 AND 4293925
	Index Only Scan using k_5 on sbtest5  (cost=0.43..6.47 rows=102 width=4)
	  Index Cond: ((k >= 4293825) AND (k <= 4293925))

table 6 : explain SELECT k FROM sbtest6 WHERE k BETWEEN 4293825 AND 4293925
	Index Only Scan using k_6 on sbtest6  (cost=0.43..10.50 rows=103 width=4)
	  Index Cond: ((k >= 4293825) AND (k <= 4293925))

table 7 : explain SELECT k FROM sbtest7 WHERE k BETWEEN 4293825 AND 4293925
	Index Only Scan using k_7 on sbtest7  (cost=0.43..10.56 rows=106 width=4)
	  Index Cond: ((k >= 4293825) AND (k <= 4293925))

table 8 : explain SELECT k FROM sbtest8 WHERE k BETWEEN 4293825 AND 4293925
	Index Only Scan using k_8 on sbtest8  (cost=0.43..6.25 rows=91 width=4)
	  Index Cond: ((k >= 4293825) AND (k <= 4293925))
explain: for range-covered :: explain SELECT k FROM sbtest%d WHERE k BETWEEN 5277001 AND 5277101

for range-covered
table 1 : explain SELECT k FROM sbtest1 WHERE k BETWEEN 1836318 AND 1836418
	Index Only Scan using k_1 on sbtest1  (cost=0.43..6.37 rows=97 width=4)
	  Index Cond: ((k >= 1836318) AND (k <= 1836418))

table 2 : explain SELECT k FROM sbtest2 WHERE k BETWEEN 1836318 AND 1836418
	Index Only Scan using k_2 on sbtest2  (cost=0.43..6.72 rows=114 width=4)
	  Index Cond: ((k >= 1836318) AND (k <= 1836418))

table 3 : explain SELECT k FROM sbtest3 WHERE k BETWEEN 1836318 AND 1836418
	Index Only Scan using k_3 on sbtest3  (cost=0.43..10.38 rows=97 width=4)
	  Index Cond: ((k >= 1836318) AND (k <= 1836418))

table 4 : explain SELECT k FROM sbtest4 WHERE k BETWEEN 1836318 AND 1836418
	Index Only Scan using k_4 on sbtest4  (cost=0.43..6.33 rows=95 width=4)
	  Index Cond: ((k >= 1836318) AND (k <= 1836418))

table 5 : explain SELECT k FROM sbtest5 WHERE k BETWEEN 1836318 AND 1836418
	Index Only Scan using k_5 on sbtest5  (cost=0.43..6.50 rows=103 width=4)
	  Index Cond: ((k >= 1836318) AND (k <= 1836418))

table 6 : explain SELECT k FROM sbtest6 WHERE k BETWEEN 1836318 AND 1836418
	Index Only Scan using k_6 on sbtest6  (cost=0.43..10.42 rows=99 width=4)
	  Index Cond: ((k >= 1836318) AND (k <= 1836418))

table 7 : explain SELECT k FROM sbtest7 WHERE k BETWEEN 1836318 AND 1836418
	Index Only Scan using k_7 on sbtest7  (cost=0.43..10.54 rows=105 width=4)
	  Index Cond: ((k >= 1836318) AND (k <= 1836418))

table 8 : explain SELECT k FROM sbtest8 WHERE k BETWEEN 1836318 AND 1836418
	Index Only Scan using k_8 on sbtest8  (cost=0.43..6.37 rows=97 width=4)
	  Index Cond: ((k >= 1836318) AND (k <= 1836418))

for range-covered
table 1 : explain SELECT k FROM sbtest1 WHERE k BETWEEN 2080878 AND 2080978
	Index Only Scan using k_1 on sbtest1  (cost=0.43..6.50 rows=103 width=4)
	  Index Cond: ((k >= 2080878) AND (k <= 2080978))

table 2 : explain SELECT k FROM sbtest2 WHERE k BETWEEN 2080878 AND 2080978
	Index Only Scan using k_2 on sbtest2  (cost=0.43..6.58 rows=107 width=4)
	  Index Cond: ((k >= 2080878) AND (k <= 2080978))

table 3 : explain SELECT k FROM sbtest3 WHERE k BETWEEN 2080878 AND 2080978
	Index Only Scan using k_3 on sbtest3  (cost=0.43..10.46 rows=101 width=4)
	  Index Cond: ((k >= 2080878) AND (k <= 2080978))

table 4 : explain SELECT k FROM sbtest4 WHERE k BETWEEN 2080878 AND 2080978
	Index Only Scan using k_4 on sbtest4  (cost=0.43..6.42 rows=99 width=4)
	  Index Cond: ((k >= 2080878) AND (k <= 2080978))

table 5 : explain SELECT k FROM sbtest5 WHERE k BETWEEN 2080878 AND 2080978
	Index Only Scan using k_5 on sbtest5  (cost=0.43..6.35 rows=96 width=4)
	  Index Cond: ((k >= 2080878) AND (k <= 2080978))

table 6 : explain SELECT k FROM sbtest6 WHERE k BETWEEN 2080878 AND 2080978
	Index Only Scan using k_6 on sbtest6  (cost=0.43..10.58 rows=107 width=4)
	  Index Cond: ((k >= 2080878) AND (k <= 2080978))

table 7 : explain SELECT k FROM sbtest7 WHERE k BETWEEN 2080878 AND 2080978
	Index Only Scan using k_7 on sbtest7  (cost=0.43..10.38 rows=97 width=4)
	  Index Cond: ((k >= 2080878) AND (k <= 2080978))

table 8 : explain SELECT k FROM sbtest8 WHERE k BETWEEN 2080878 AND 2080978
	Index Only Scan using k_8 on sbtest8  (cost=0.43..6.45 rows=101 width=4)
	  Index Cond: ((k >= 2080878) AND (k <= 2080978))

for range-covered
table 1 : explain SELECT k FROM sbtest1 WHERE k BETWEEN 4941682 AND 4941782
	Index Only Scan using k_1 on sbtest1  (cost=0.43..6.77 rows=117 width=4)
	  Index Cond: ((k >= 4941682) AND (k <= 4941782))

table 2 : explain SELECT k FROM sbtest2 WHERE k BETWEEN 4941682 AND 4941782
	Index Only Scan using k_2 on sbtest2  (cost=0.43..6.43 rows=100 width=4)
	  Index Cond: ((k >= 4941682) AND (k <= 4941782))

table 3 : explain SELECT k FROM sbtest3 WHERE k BETWEEN 4941682 AND 4941782
	Index Only Scan using k_3 on sbtest3  (cost=0.43..10.36 rows=96 width=4)
	  Index Cond: ((k >= 4941682) AND (k <= 4941782))

table 4 : explain SELECT k FROM sbtest4 WHERE k BETWEEN 4941682 AND 4941782
	Index Only Scan using k_4 on sbtest4  (cost=0.43..6.61 rows=109 width=4)
	  Index Cond: ((k >= 4941682) AND (k <= 4941782))

table 5 : explain SELECT k FROM sbtest5 WHERE k BETWEEN 4941682 AND 4941782
	Index Only Scan using k_5 on sbtest5  (cost=0.43..6.51 rows=104 width=4)
	  Index Cond: ((k >= 4941682) AND (k <= 4941782))

table 6 : explain SELECT k FROM sbtest6 WHERE k BETWEEN 4941682 AND 4941782
	Index Only Scan using k_6 on sbtest6  (cost=0.43..10.51 rows=104 width=4)
	  Index Cond: ((k >= 4941682) AND (k <= 4941782))

table 7 : explain SELECT k FROM sbtest7 WHERE k BETWEEN 4941682 AND 4941782
	Index Only Scan using k_7 on sbtest7  (cost=0.43..10.50 rows=103 width=4)
	  Index Cond: ((k >= 4941682) AND (k <= 4941782))

table 8 : explain SELECT k FROM sbtest8 WHERE k BETWEEN 4941682 AND 4941782
	Index Only Scan using k_8 on sbtest8  (cost=0.43..6.25 rows=91 width=4)
	  Index Cond: ((k >= 4941682) AND (k <= 4941782))

for range-covered
table 1 : explain SELECT k FROM sbtest1 WHERE k BETWEEN 2600506 AND 2600606
	Index Only Scan using k_1 on sbtest1  (cost=0.43..6.37 rows=97 width=4)
	  Index Cond: ((k >= 2600506) AND (k <= 2600606))

table 2 : explain SELECT k FROM sbtest2 WHERE k BETWEEN 2600506 AND 2600606
	Index Only Scan using k_2 on sbtest2  (cost=0.43..6.51 rows=104 width=4)
	  Index Cond: ((k >= 2600506) AND (k <= 2600606))

table 3 : explain SELECT k FROM sbtest3 WHERE k BETWEEN 2600506 AND 2600606
	Index Only Scan using k_3 on sbtest3  (cost=0.43..10.40 rows=98 width=4)
	  Index Cond: ((k >= 2600506) AND (k <= 2600606))

table 4 : explain SELECT k FROM sbtest4 WHERE k BETWEEN 2600506 AND 2600606
	Index Only Scan using k_4 on sbtest4  (cost=0.43..6.50 rows=103 width=4)
	  Index Cond: ((k >= 2600506) AND (k <= 2600606))

table 5 : explain SELECT k FROM sbtest5 WHERE k BETWEEN 2600506 AND 2600606
	Index Only Scan using k_5 on sbtest5  (cost=0.43..6.58 rows=107 width=4)
	  Index Cond: ((k >= 2600506) AND (k <= 2600606))

table 6 : explain SELECT k FROM sbtest6 WHERE k BETWEEN 2600506 AND 2600606
	Index Only Scan using k_6 on sbtest6  (cost=0.43..10.40 rows=98 width=4)
	  Index Cond: ((k >= 2600506) AND (k <= 2600606))

table 7 : explain SELECT k FROM sbtest7 WHERE k BETWEEN 2600506 AND 2600606
	Index Only Scan using k_7 on sbtest7  (cost=0.43..10.33 rows=95 width=4)
	  Index Cond: ((k >= 2600506) AND (k <= 2600606))

table 8 : explain SELECT k FROM sbtest8 WHERE k BETWEEN 2600506 AND 2600606
	Index Only Scan using k_8 on sbtest8  (cost=0.43..6.35 rows=96 width=4)
	  Index Cond: ((k >= 2600506) AND (k <= 2600606))

explain: for range-covered :: explain SELECT k FROM sbtest%d WHERE k BETWEEN 2080878 AND 2080978explain: for range-covered :: explain SELECT k FROM sbtest%d WHERE k BETWEEN 4293825 AND 4293925

explain: for range-covered :: explain SELECT k FROM sbtest%d WHERE k BETWEEN 2600506 AND 2600606
explain: for range-covered :: explain SELECT k FROM sbtest%d WHERE k BETWEEN 4941682 AND 4941782
for range-covered
table 1 : explain SELECT k FROM sbtest1 WHERE k BETWEEN 3541262 AND 3541362
	Index Only Scan using k_1 on sbtest1  (cost=0.43..6.42 rows=99 width=4)
	  Index Cond: ((k >= 3541262) AND (k <= 3541362))

table 2 : explain SELECT k FROM sbtest2 WHERE k BETWEEN 3541262 AND 3541362
	Index Only Scan using k_2 on sbtest2  (cost=0.43..6.59 rows=108 width=4)
	  Index Cond: ((k >= 3541262) AND (k <= 3541362))

table 3 : explain SELECT k FROM sbtest3 WHERE k BETWEEN 3541262 AND 3541362
	Index Only Scan using k_3 on sbtest3  (cost=0.43..10.54 rows=105 width=4)
	  Index Cond: ((k >= 3541262) AND (k <= 3541362))

table 4 : explain SELECT k FROM sbtest4 WHERE k BETWEEN 3541262 AND 3541362
	Index Only Scan using k_4 on sbtest4  (cost=0.43..6.37 rows=97 width=4)
	  Index Cond: ((k >= 3541262) AND (k <= 3541362))

table 5 : explain SELECT k FROM sbtest5 WHERE k BETWEEN 3541262 AND 3541362
	Index Only Scan using k_5 on sbtest5  (cost=0.43..6.59 rows=108 width=4)
	  Index Cond: ((k >= 3541262) AND (k <= 3541362))

table 6 : explain SELECT k FROM sbtest6 WHERE k BETWEEN 3541262 AND 3541362
	Index Only Scan using k_6 on sbtest6  (cost=0.43..10.60 rows=108 width=4)
	  Index Cond: ((k >= 3541262) AND (k <= 3541362))

table 7 : explain SELECT k FROM sbtest7 WHERE k BETWEEN 3541262 AND 3541362
	Index Only Scan using k_7 on sbtest7  (cost=0.43..10.51 rows=104 width=4)
	  Index Cond: ((k >= 3541262) AND (k <= 3541362))

table 8 : explain SELECT k FROM sbtest8 WHERE k BETWEEN 3541262 AND 3541362
	Index Only Scan using k_8 on sbtest8  (cost=0.43..6.32 rows=94 width=4)
	  Index Cond: ((k >= 3541262) AND (k <= 3541362))

for range-covered
table 1 : explain SELECT k FROM sbtest1 WHERE k BETWEEN 3786852 AND 3786952
	Index Only Scan using k_1 on sbtest1  (cost=0.43..6.42 rows=99 width=4)
	  Index Cond: ((k >= 3786852) AND (k <= 3786952))

table 2 : explain SELECT k FROM sbtest2 WHERE k BETWEEN 3786852 AND 3786952
	Index Only Scan using k_2 on sbtest2  (cost=0.43..6.47 rows=102 width=4)
	  Index Cond: ((k >= 3786852) AND (k <= 3786952))

table 3 : explain SELECT k FROM sbtest3 WHERE k BETWEEN 3786852 AND 3786952
	Index Only Scan using k_3 on sbtest3  (cost=0.43..10.54 rows=105 width=4)
	  Index Cond: ((k >= 3786852) AND (k <= 3786952))

table 4 : explain SELECT k FROM sbtest4 WHERE k BETWEEN 3786852 AND 3786952
	Index Only Scan using k_4 on sbtest4  (cost=0.43..6.51 rows=104 width=4)
	  Index Cond: ((k >= 3786852) AND (k <= 3786952))

table 5 : explain SELECT k FROM sbtest5 WHERE k BETWEEN 3786852 AND 3786952
	Index Only Scan using k_5 on sbtest5  (cost=0.43..6.59 rows=108 width=4)
	  Index Cond: ((k >= 3786852) AND (k <= 3786952))

table 6 : explain SELECT k FROM sbtest6 WHERE k BETWEEN 3786852 AND 3786952
	Index Only Scan using k_6 on sbtest6  (cost=0.43..10.42 rows=99 width=4)
	  Index Cond: ((k >= 3786852) AND (k <= 3786952))

table 7 : explain SELECT k FROM sbtest7 WHERE k BETWEEN 3786852 AND 3786952
	Index Only Scan using k_7 on sbtest7  (cost=0.43..10.47 rows=102 width=4)
	  Index Cond: ((k >= 3786852) AND (k <= 3786952))

table 8 : explain SELECT k FROM sbtest8 WHERE k BETWEEN 3786852 AND 3786952
	Index Only Scan using k_8 on sbtest8  (cost=0.43..6.37 rows=97 width=4)
	  Index Cond: ((k >= 3786852) AND (k <= 3786952))

explain: for range-covered :: explain SELECT k FROM sbtest%d WHERE k BETWEEN 3541262 AND 3541362
explain: for range-covered :: explain SELECT k FROM sbtest%d WHERE k BETWEEN 3786852 AND 3786952
for range-covered
table 1 : explain SELECT k FROM sbtest1 WHERE k BETWEEN 5277001 AND 5277101
	Index Only Scan using k_1 on sbtest1  (cost=0.43..6.53 rows=105 width=4)
	  Index Cond: ((k >= 5277001) AND (k <= 5277101))

table 2 : explain SELECT k FROM sbtest2 WHERE k BETWEEN 5277001 AND 5277101
	Index Only Scan using k_2 on sbtest2  (cost=0.43..6.40 rows=98 width=4)
	  Index Cond: ((k >= 5277001) AND (k <= 5277101))

table 3 : explain SELECT k FROM sbtest3 WHERE k BETWEEN 5277001 AND 5277101
	Index Only Scan using k_3 on sbtest3  (cost=0.43..10.60 rows=108 width=4)
	  Index Cond: ((k >= 5277001) AND (k <= 5277101))

table 4 : explain SELECT k FROM sbtest4 WHERE k BETWEEN 5277001 AND 5277101
	Index Only Scan using k_4 on sbtest4  (cost=0.43..6.53 rows=105 width=4)
	  Index Cond: ((k >= 5277001) AND (k <= 5277101))

table 5 : explain SELECT k FROM sbtest5 WHERE k BETWEEN 5277001 AND 5277101
	Index Only Scan using k_5 on sbtest5  (cost=0.43..6.61 rows=109 width=4)
	  Index Cond: ((k >= 5277001) AND (k <= 5277101))

table 6 : explain SELECT k FROM sbtest6 WHERE k BETWEEN 5277001 AND 5277101
	Index Only Scan using k_6 on sbtest6  (cost=0.43..10.42 rows=99 width=4)
	  Index Cond: ((k >= 5277001) AND (k <= 5277101))

table 7 : explain SELECT k FROM sbtest7 WHERE k BETWEEN 5277001 AND 5277101
	Index Only Scan using k_7 on sbtest7  (cost=0.43..10.50 rows=103 width=4)
	  Index Cond: ((k >= 5277001) AND (k <= 5277101))

table 8 : explain SELECT k FROM sbtest8 WHERE k BETWEEN 5277001 AND 5277101
	Index Only Scan using k_8 on sbtest8  (cost=0.43..6.33 rows=95 width=4)
	  Index Cond: ((k >= 5277001) AND (k <= 5277101))

explain: for range-covered :: explain SELECT k FROM sbtest%d WHERE k BETWEEN 5277001 AND 5277101
for range-covered
table 1 : explain SELECT k FROM sbtest1 WHERE k BETWEEN 2600506 AND 2600606
	Index Only Scan using k_1 on sbtest1  (cost=0.43..6.37 rows=97 width=4)
	  Index Cond: ((k >= 2600506) AND (k <= 2600606))

table 2 : explain SELECT k FROM sbtest2 WHERE k BETWEEN 2600506 AND 2600606
	Index Only Scan using k_2 on sbtest2  (cost=0.43..6.51 rows=104 width=4)
	  Index Cond: ((k >= 2600506) AND (k <= 2600606))

table 3 : explain SELECT k FROM sbtest3 WHERE k BETWEEN 2600506 AND 2600606
	Index Only Scan using k_3 on sbtest3  (cost=0.43..10.40 rows=98 width=4)
	  Index Cond: ((k >= 2600506) AND (k <= 2600606))

table 4 : explain SELECT k FROM sbtest4 WHERE k BETWEEN 2600506 AND 2600606
	Index Only Scan using k_4 on sbtest4  (cost=0.43..6.50 rows=103 width=4)
	  Index Cond: ((k >= 2600506) AND (k <= 2600606))

table 5 : explain SELECT k FROM sbtest5 WHERE k BETWEEN 2600506 AND 2600606
	Index Only Scan using k_5 on sbtest5  (cost=0.43..6.58 rows=107 width=4)
	  Index Cond: ((k >= 2600506) AND (k <= 2600606))

table 6 : explain SELECT k FROM sbtest6 WHERE k BETWEEN 2600506 AND 2600606
	Index Only Scan using k_6 on sbtest6  (cost=0.43..10.40 rows=98 width=4)
	  Index Cond: ((k >= 2600506) AND (k <= 2600606))

table 7 : explain SELECT k FROM sbtest7 WHERE k BETWEEN 2600506 AND 2600606
	Index Only Scan using k_7 on sbtest7  (cost=0.43..10.33 rows=95 width=4)
	  Index Cond: ((k >= 2600506) AND (k <= 2600606))

table 8 : explain SELECT k FROM sbtest8 WHERE k BETWEEN 2600506 AND 2600606
	Index Only Scan using k_8 on sbtest8  (cost=0.43..6.35 rows=96 width=4)
	  Index Cond: ((k >= 2600506) AND (k <= 2600606))

for range-covered
table 1 : explain SELECT k FROM sbtest1 WHERE k BETWEEN 2080878 AND 2080978
	Index Only Scan using k_1 on sbtest1  (cost=0.43..6.50 rows=103 width=4)
	  Index Cond: ((k >= 2080878) AND (k <= 2080978))

table 2 : explain SELECT k FROM sbtest2 WHERE k BETWEEN 2080878 AND 2080978
	Index Only Scan using k_2 on sbtest2  (cost=0.43..6.58 rows=107 width=4)
	  Index Cond: ((k >= 2080878) AND (k <= 2080978))

table 3 : explain SELECT k FROM sbtest3 WHERE k BETWEEN 2080878 AND 2080978
	Index Only Scan using k_3 on sbtest3  (cost=0.43..10.46 rows=101 width=4)
	  Index Cond: ((k >= 2080878) AND (k <= 2080978))

table 4 : explain SELECT k FROM sbtest4 WHERE k BETWEEN 2080878 AND 2080978
	Index Only Scan using k_4 on sbtest4  (cost=0.43..6.42 rows=99 width=4)
	  Index Cond: ((k >= 2080878) AND (k <= 2080978))

table 5 : explain SELECT k FROM sbtest5 WHERE k BETWEEN 2080878 AND 2080978
	Index Only Scan using k_5 on sbtest5  (cost=0.43..6.35 rows=96 width=4)
	  Index Cond: ((k >= 2080878) AND (k <= 2080978))

table 6 : explain SELECT k FROM sbtest6 WHERE k BETWEEN 2080878 AND 2080978
	Index Only Scan using k_6 on sbtest6  (cost=0.43..10.58 rows=107 width=4)
	  Index Cond: ((k >= 2080878) AND (k <= 2080978))

table 7 : explain SELECT k FROM sbtest7 WHERE k BETWEEN 2080878 AND 2080978
	Index Only Scan using k_7 on sbtest7  (cost=0.43..10.38 rows=97 width=4)
	  Index Cond: ((k >= 2080878) AND (k <= 2080978))

table 8 : explain SELECT k FROM sbtest8 WHERE k BETWEEN 2080878 AND 2080978
	Index Only Scan using k_8 on sbtest8  (cost=0.43..6.45 rows=101 width=4)
	  Index Cond: ((k >= 2080878) AND (k <= 2080978))

explain: for range-covered :: explain SELECT k FROM sbtest%d WHERE k BETWEEN 2080878 AND 2080978
for range-covered
table 1 : explain SELECT k FROM sbtest1 WHERE k BETWEEN 3541262 AND 3541362
	Index Only Scan using k_1 on sbtest1  (cost=0.43..6.42 rows=99 width=4)
	  Index Cond: ((k >= 3541262) AND (k <= 3541362))

table 2 : explain SELECT k FROM sbtest2 WHERE k BETWEEN 3541262 AND 3541362
	Index Only Scan using k_2 on sbtest2  (cost=0.43..6.59 rows=108 width=4)
	  Index Cond: ((k >= 3541262) AND (k <= 3541362))

table 3 : explain SELECT k FROM sbtest3 WHERE k BETWEEN 3541262 AND 3541362
	Index Only Scan using k_3 on sbtest3  (cost=0.43..10.54 rows=105 width=4)
	  Index Cond: ((k >= 3541262) AND (k <= 3541362))

table 4 : explain SELECT k FROM sbtest4 WHERE k BETWEEN 3541262 AND 3541362
	Index Only Scan using k_4 on sbtest4  (cost=0.43..6.37 rows=97 width=4)
	  Index Cond: ((k >= 3541262) AND (k <= 3541362))

table 5 : explain SELECT k FROM sbtest5 WHERE k BETWEEN 3541262 AND 3541362
	Index Only Scan using k_5 on sbtest5  (cost=0.43..6.59 rows=108 width=4)
	  Index Cond: ((k >= 3541262) AND (k <= 3541362))

table 6 : explain SELECT k FROM sbtest6 WHERE k BETWEEN 3541262 AND 3541362
	Index Only Scan using k_6 on sbtest6  (cost=0.43..10.60 rows=108 width=4)
	  Index Cond: ((k >= 3541262) AND (k <= 3541362))

table 7 : explain SELECT k FROM sbtest7 WHERE k BETWEEN 3541262 AND 3541362
	Index Only Scan using k_7 on sbtest7  (cost=0.43..10.51 rows=104 width=4)
	  Index Cond: ((k >= 3541262) AND (k <= 3541362))

table 8 : explain SELECT k FROM sbtest8 WHERE k BETWEEN 3541262 AND 3541362
	Index Only Scan using k_8 on sbtest8  (cost=0.43..6.32 rows=94 width=4)
	  Index Cond: ((k >= 3541262) AND (k <= 3541362))

for range-covered
table 1 : explain SELECT k FROM sbtest1 WHERE k BETWEEN 3786852 AND 3786952
	Index Only Scan using k_1 on sbtest1  (cost=0.43..6.42 rows=99 width=4)
	  Index Cond: ((k >= 3786852) AND (k <= 3786952))

table 2 : explain SELECT k FROM sbtest2 WHERE k BETWEEN 3786852 AND 3786952
	Index Only Scan using k_2 on sbtest2  (cost=0.43..6.47 rows=102 width=4)
	  Index Cond: ((k >= 3786852) AND (k <= 3786952))

table 3 : explain SELECT k FROM sbtest3 WHERE k BETWEEN 3786852 AND 3786952
	Index Only Scan using k_3 on sbtest3  (cost=0.43..10.54 rows=105 width=4)
	  Index Cond: ((k >= 3786852) AND (k <= 3786952))

table 4 : explain SELECT k FROM sbtest4 WHERE k BETWEEN 3786852 AND 3786952
	Index Only Scan using k_4 on sbtest4  (cost=0.43..6.51 rows=104 width=4)
	  Index Cond: ((k >= 3786852) AND (k <= 3786952))

table 5 : explain SELECT k FROM sbtest5 WHERE k BETWEEN 3786852 AND 3786952
	Index Only Scan using k_5 on sbtest5  (cost=0.43..6.59 rows=108 width=4)
	  Index Cond: ((k >= 3786852) AND (k <= 3786952))

table 6 : explain SELECT k FROM sbtest6 WHERE k BETWEEN 3786852 AND 3786952
	Index Only Scan using k_6 on sbtest6  (cost=0.43..10.42 rows=99 width=4)
	  Index Cond: ((k >= 3786852) AND (k <= 3786952))

table 7 : explain SELECT k FROM sbtest7 WHERE k BETWEEN 3786852 AND 3786952
	Index Only Scan using k_7 on sbtest7  (cost=0.43..10.47 rows=102 width=4)
	  Index Cond: ((k >= 3786852) AND (k <= 3786952))

table 8 : explain SELECT k FROM sbtest8 WHERE k BETWEEN 3786852 AND 3786952
	Index Only Scan using k_8 on sbtest8  (cost=0.43..6.37 rows=97 width=4)
	  Index Cond: ((k >= 3786852) AND (k <= 3786952))

explain: for range-covered :: explain SELECT k FROM sbtest%d WHERE k BETWEEN 3541262 AND 3541362
for range-covered
table 1 : explain SELECT k FROM sbtest1 WHERE k BETWEEN 9457227 AND 9457327
	Index Only Scan using k_1 on sbtest1  (cost=0.43..6.50 rows=103 width=4)
	  Index Cond: ((k >= 9457227) AND (k <= 9457327))

table 2 : explain SELECT k FROM sbtest2 WHERE k BETWEEN 9457227 AND 9457327
	Index Only Scan using k_2 on sbtest2  (cost=0.43..6.45 rows=101 width=4)
	  Index Cond: ((k >= 9457227) AND (k <= 9457327))

table 3 : explain SELECT k FROM sbtest3 WHERE k BETWEEN 9457227 AND 9457327
	Index Only Scan using k_3 on sbtest3  (cost=0.43..10.47 rows=102 width=4)
	  Index Cond: ((k >= 9457227) AND (k <= 9457327))

table 4 : explain SELECT k FROM sbtest4 WHERE k BETWEEN 9457227 AND 9457327
	Index Only Scan using k_4 on sbtest4  (cost=0.43..6.42 rows=99 width=4)
	  Index Cond: ((k >= 9457227) AND (k <= 9457327))

table 5 : explain SELECT k FROM sbtest5 WHERE k BETWEEN 9457227 AND 9457327
	Index Only Scan using k_5 on sbtest5  (cost=0.43..6.74 rows=115 width=4)
	  Index Cond: ((k >= 9457227) AND (k <= 9457327))

table 6 : explain SELECT k FROM sbtest6 WHERE k BETWEEN 9457227 AND 9457327
	Index Only Scan using k_6 on sbtest6  (cost=0.43..10.36 rows=96 width=4)
	  Index Cond: ((k >= 9457227) AND (k <= 9457327))

table 7 : explain SELECT k FROM sbtest7 WHERE k BETWEEN 9457227 AND 9457327
	Index Only Scan using k_7 on sbtest7  (cost=0.43..10.42 rows=99 width=4)
	  Index Cond: ((k >= 9457227) AND (k <= 9457327))

table 8 : explain SELECT k FROM sbtest8 WHERE k BETWEEN 9457227 AND 9457327
	Index Only Scan using k_8 on sbtest8  (cost=0.43..6.42 rows=99 width=4)
	  Index Cond: ((k >= 9457227) AND (k <= 9457327))

for range-covered
table 1 : explain SELECT k FROM sbtest1 WHERE k BETWEEN 5277001 AND 5277101
	Index Only Scan using k_1 on sbtest1  (cost=0.43..6.53 rows=105 width=4)
	  Index Cond: ((k >= 5277001) AND (k <= 5277101))

table 2 : explain SELECT k FROM sbtest2 WHERE k BETWEEN 5277001 AND 5277101
	Index Only Scan using k_2 on sbtest2  (cost=0.43..6.40 rows=98 width=4)
	  Index Cond: ((k >= 5277001) AND (k <= 5277101))

table 3 : explain SELECT k FROM sbtest3 WHERE k BETWEEN 5277001 AND 5277101
	Index Only Scan using k_3 on sbtest3  (cost=0.43..10.60 rows=108 width=4)
	  Index Cond: ((k >= 5277001) AND (k <= 5277101))

table 4 : explain SELECT k FROM sbtest4 WHERE k BETWEEN 5277001 AND 5277101
	Index Only Scan using k_4 on sbtest4  (cost=0.43..6.53 rows=105 width=4)
	  Index Cond: ((k >= 5277001) AND (k <= 5277101))

table 5 : explain SELECT k FROM sbtest5 WHERE k BETWEEN 5277001 AND 5277101
	Index Only Scan using k_5 on sbtest5  (cost=0.43..6.61 rows=109 width=4)
	  Index Cond: ((k >= 5277001) AND (k <= 5277101))

table 6 : explain SELECT k FROM sbtest6 WHERE k BETWEEN 5277001 AND 5277101
	Index Only Scan using k_6 on sbtest6  (cost=0.43..10.42 rows=99 width=4)
	  Index Cond: ((k >= 5277001) AND (k <= 5277101))

table 7 : explain SELECT k FROM sbtest7 WHERE k BETWEEN 5277001 AND 5277101
	Index Only Scan using k_7 on sbtest7  (cost=0.43..10.50 rows=103 width=4)
	  Index Cond: ((k >= 5277001) AND (k <= 5277101))

table 8 : explain SELECT k FROM sbtest8 WHERE k BETWEEN 5277001 AND 5277101
	Index Only Scan using k_8 on sbtest8  (cost=0.43..6.33 rows=95 width=4)
	  Index Cond: ((k >= 5277001) AND (k <= 5277101))

explain: for range-covered :: explain SELECT k FROM sbtest%d WHERE k BETWEEN 9457227 AND 9457327
for range-covered
table 1 : explain SELECT k FROM sbtest1 WHERE k BETWEEN 4293825 AND 4293925
	Index Only Scan using k_1 on sbtest1  (cost=0.43..6.35 rows=96 width=4)
	  Index Cond: ((k >= 4293825) AND (k <= 4293925))

table 2 : explain SELECT k FROM sbtest2 WHERE k BETWEEN 4293825 AND 4293925
	Index Only Scan using k_2 on sbtest2  (cost=0.43..6.45 rows=101 width=4)
	  Index Cond: ((k >= 4293825) AND (k <= 4293925))

table 3 : explain SELECT k FROM sbtest3 WHERE k BETWEEN 4293825 AND 4293925
	Index Only Scan using k_3 on sbtest3  (cost=0.43..10.54 rows=105 width=4)
	  Index Cond: ((k >= 4293825) AND (k <= 4293925))

table 4 : explain SELECT k FROM sbtest4 WHERE k BETWEEN 4293825 AND 4293925
	Index Only Scan using k_4 on sbtest4  (cost=0.43..6.61 rows=109 width=4)
	  Index Cond: ((k >= 4293825) AND (k <= 4293925))

table 5 : explain SELECT k FROM sbtest5 WHERE k BETWEEN 4293825 AND 4293925
	Index Only Scan using k_5 on sbtest5  (cost=0.43..6.47 rows=102 width=4)
	  Index Cond: ((k >= 4293825) AND (k <= 4293925))

table 6 : explain SELECT k FROM sbtest6 WHERE k BETWEEN 4293825 AND 4293925
	Index Only Scan using k_6 on sbtest6  (cost=0.43..10.50 rows=103 width=4)
	  Index Cond: ((k >= 4293825) AND (k <= 4293925))

table 7 : explain SELECT k FROM sbtest7 WHERE k BETWEEN 4293825 AND 4293925
	Index Only Scan using k_7 on sbtest7  (cost=0.43..10.56 rows=106 width=4)
	  Index Cond: ((k >= 4293825) AND (k <= 4293925))

table 8 : explain SELECT k FROM sbtest8 WHERE k BETWEEN 4293825 AND 4293925
	Index Only Scan using k_8 on sbtest8  (cost=0.43..6.25 rows=91 width=4)
	  Index Cond: ((k >= 4293825) AND (k <= 4293925))

for range-covered
table 1 : explain SELECT k FROM sbtest1 WHERE k BETWEEN 4941682 AND 4941782
	Index Only Scan using k_1 on sbtest1  (cost=0.43..6.77 rows=117 width=4)
	  Index Cond: ((k >= 4941682) AND (k <= 4941782))

table 2 : explain SELECT k FROM sbtest2 WHERE k BETWEEN 4941682 AND 4941782
	Index Only Scan using k_2 on sbtest2  (cost=0.43..6.43 rows=100 width=4)
	  Index Cond: ((k >= 4941682) AND (k <= 4941782))

table 3 : explain SELECT k FROM sbtest3 WHERE k BETWEEN 4941682 AND 4941782
	Index Only Scan using k_3 on sbtest3  (cost=0.43..10.36 rows=96 width=4)
	  Index Cond: ((k >= 4941682) AND (k <= 4941782))

table 4 : explain SELECT k FROM sbtest4 WHERE k BETWEEN 4941682 AND 4941782
	Index Only Scan using k_4 on sbtest4  (cost=0.43..6.61 rows=109 width=4)
	  Index Cond: ((k >= 4941682) AND (k <= 4941782))

table 5 : explain SELECT k FROM sbtest5 WHERE k BETWEEN 4941682 AND 4941782
	Index Only Scan using k_5 on sbtest5  (cost=0.43..6.51 rows=104 width=4)
	  Index Cond: ((k >= 4941682) AND (k <= 4941782))

table 6 : explain SELECT k FROM sbtest6 WHERE k BETWEEN 4941682 AND 4941782
	Index Only Scan using k_6 on sbtest6  (cost=0.43..10.51 rows=104 width=4)
	  Index Cond: ((k >= 4941682) AND (k <= 4941782))

table 7 : explain SELECT k FROM sbtest7 WHERE k BETWEEN 4941682 AND 4941782
	Index Only Scan using k_7 on sbtest7  (cost=0.43..10.50 rows=103 width=4)
	  Index Cond: ((k >= 4941682) AND (k <= 4941782))

table 8 : explain SELECT k FROM sbtest8 WHERE k BETWEEN 4941682 AND 4941782
	Index Only Scan using k_8 on sbtest8  (cost=0.43..6.25 rows=91 width=4)
	  Index Cond: ((k >= 4941682) AND (k <= 4941782))

for range-covered
table 1 : explain SELECT k FROM sbtest1 WHERE k BETWEEN 2080878 AND 2080978
	Index Only Scan using k_1 on sbtest1  (cost=0.43..6.50 rows=103 width=4)
	  Index Cond: ((k >= 2080878) AND (k <= 2080978))

table 2 : explain SELECT k FROM sbtest2 WHERE k BETWEEN 2080878 AND 2080978
	Index Only Scan using k_2 on sbtest2  (cost=0.43..6.58 rows=107 width=4)
	  Index Cond: ((k >= 2080878) AND (k <= 2080978))

table 3 : explain SELECT k FROM sbtest3 WHERE k BETWEEN 2080878 AND 2080978
	Index Only Scan using k_3 on sbtest3  (cost=0.43..10.46 rows=101 width=4)
	  Index Cond: ((k >= 2080878) AND (k <= 2080978))

table 4 : explain SELECT k FROM sbtest4 WHERE k BETWEEN 2080878 AND 2080978
	Index Only Scan using k_4 on sbtest4  (cost=0.43..6.42 rows=99 width=4)
	  Index Cond: ((k >= 2080878) AND (k <= 2080978))

table 5 : explain SELECT k FROM sbtest5 WHERE k BETWEEN 2080878 AND 2080978
	Index Only Scan using k_5 on sbtest5  (cost=0.43..6.35 rows=96 width=4)
	  Index Cond: ((k >= 2080878) AND (k <= 2080978))

table 6 : explain SELECT k FROM sbtest6 WHERE k BETWEEN 2080878 AND 2080978
	Index Only Scan using k_6 on sbtest6  (cost=0.43..10.58 rows=107 width=4)
	  Index Cond: ((k >= 2080878) AND (k <= 2080978))

table 7 : explain SELECT k FROM sbtest7 WHERE k BETWEEN 2080878 AND 2080978
	Index Only Scan using k_7 on sbtest7  (cost=0.43..10.38 rows=97 width=4)
	  Index Cond: ((k >= 2080878) AND (k <= 2080978))

table 8 : explain SELECT k FROM sbtest8 WHERE k BETWEEN 2080878 AND 2080978
	Index Only Scan using k_8 on sbtest8  (cost=0.43..6.45 rows=101 width=4)
	  Index Cond: ((k >= 2080878) AND (k <= 2080978))

explain: for range-covered :: explain SELECT k FROM sbtest%d WHERE k BETWEEN 4293825 AND 4293925
for range-covered
table 1 : explain SELECT k FROM sbtest1 WHERE k BETWEEN 3541262 AND 3541362
	Index Only Scan using k_1 on sbtest1  (cost=0.43..6.42 rows=99 width=4)
	  Index Cond: ((k >= 3541262) AND (k <= 3541362))

table 2 : explain SELECT k FROM sbtest2 WHERE k BETWEEN 3541262 AND 3541362
	Index Only Scan using k_2 on sbtest2  (cost=0.43..6.59 rows=108 width=4)
	  Index Cond: ((k >= 3541262) AND (k <= 3541362))

table 3 : explain SELECT k FROM sbtest3 WHERE k BETWEEN 3541262 AND 3541362
	Index Only Scan using k_3 on sbtest3  (cost=0.43..10.54 rows=105 width=4)
	  Index Cond: ((k >= 3541262) AND (k <= 3541362))

table 4 : explain SELECT k FROM sbtest4 WHERE k BETWEEN 3541262 AND 3541362
	Index Only Scan using k_4 on sbtest4  (cost=0.43..6.37 rows=97 width=4)
	  Index Cond: ((k >= 3541262) AND (k <= 3541362))

table 5 : explain SELECT k FROM sbtest5 WHERE k BETWEEN 3541262 AND 3541362
	Index Only Scan using k_5 on sbtest5  (cost=0.43..6.59 rows=108 width=4)
	  Index Cond: ((k >= 3541262) AND (k <= 3541362))

table 6 : explain SELECT k FROM sbtest6 WHERE k BETWEEN 3541262 AND 3541362
	Index Only Scan using k_6 on sbtest6  (cost=0.43..10.60 rows=108 width=4)
	  Index Cond: ((k >= 3541262) AND (k <= 3541362))

table 7 : explain SELECT k FROM sbtest7 WHERE k BETWEEN 3541262 AND 3541362
	Index Only Scan using k_7 on sbtest7  (cost=0.43..10.51 rows=104 width=4)
	  Index Cond: ((k >= 3541262) AND (k <= 3541362))

table 8 : explain SELECT k FROM sbtest8 WHERE k BETWEEN 3541262 AND 3541362
	Index Only Scan using k_8 on sbtest8  (cost=0.43..6.32 rows=94 width=4)
	  Index Cond: ((k >= 3541262) AND (k <= 3541362))

explain: for range-covered :: explain SELECT k FROM sbtest%d WHERE k BETWEEN 2600506 AND 2600606
for range-covered
table 1 : explain SELECT k FROM sbtest1 WHERE k BETWEEN 9457227 AND 9457327
	Index Only Scan using k_1 on sbtest1  (cost=0.43..6.50 rows=103 width=4)
	  Index Cond: ((k >= 9457227) AND (k <= 9457327))

table 2 : explain SELECT k FROM sbtest2 WHERE k BETWEEN 9457227 AND 9457327
	Index Only Scan using k_2 on sbtest2  (cost=0.43..6.45 rows=101 width=4)
	  Index Cond: ((k >= 9457227) AND (k <= 9457327))

table 3 : explain SELECT k FROM sbtest3 WHERE k BETWEEN 9457227 AND 9457327
	Index Only Scan using k_3 on sbtest3  (cost=0.43..10.47 rows=102 width=4)
	  Index Cond: ((k >= 9457227) AND (k <= 9457327))

table 4 : explain SELECT k FROM sbtest4 WHERE k BETWEEN 9457227 AND 9457327
	Index Only Scan using k_4 on sbtest4  (cost=0.43..6.42 rows=99 width=4)
	  Index Cond: ((k >= 9457227) AND (k <= 9457327))

table 5 : explain SELECT k FROM sbtest5 WHERE k BETWEEN 9457227 AND 9457327
	Index Only Scan using k_5 on sbtest5  (cost=0.43..6.74 rows=115 width=4)
	  Index Cond: ((k >= 9457227) AND (k <= 9457327))

table 6 : explain SELECT k FROM sbtest6 WHERE k BETWEEN 9457227 AND 9457327
	Index Only Scan using k_6 on sbtest6  (cost=0.43..10.36 rows=96 width=4)
	  Index Cond: ((k >= 9457227) AND (k <= 9457327))

table 7 : explain SELECT k FROM sbtest7 WHERE k BETWEEN 9457227 AND 9457327
	Index Only Scan using k_7 on sbtest7  (cost=0.43..10.42 rows=99 width=4)
	  Index Cond: ((k >= 9457227) AND (k <= 9457327))

table 8 : explain SELECT k FROM sbtest8 WHERE k BETWEEN 9457227 AND 9457327
	Index Only Scan using k_8 on sbtest8  (cost=0.43..6.42 rows=99 width=4)
	  Index Cond: ((k >= 9457227) AND (k <= 9457327))

for range-covered
table 1 : explain SELECT k FROM sbtest1 WHERE k BETWEEN 4293825 AND 4293925
	Index Only Scan using k_1 on sbtest1  (cost=0.43..6.35 rows=96 width=4)
	  Index Cond: ((k >= 4293825) AND (k <= 4293925))

table 2 : explain SELECT k FROM sbtest2 WHERE k BETWEEN 4293825 AND 4293925
	Index Only Scan using k_2 on sbtest2  (cost=0.43..6.45 rows=101 width=4)
	  Index Cond: ((k >= 4293825) AND (k <= 4293925))

table 3 : explain SELECT k FROM sbtest3 WHERE k BETWEEN 4293825 AND 4293925
	Index Only Scan using k_3 on sbtest3  (cost=0.43..10.54 rows=105 width=4)
	  Index Cond: ((k >= 4293825) AND (k <= 4293925))

table 4 : explain SELECT k FROM sbtest4 WHERE k BETWEEN 4293825 AND 4293925
	Index Only Scan using k_4 on sbtest4  (cost=0.43..6.61 rows=109 width=4)
	  Index Cond: ((k >= 4293825) AND (k <= 4293925))

table 5 : explain SELECT k FROM sbtest5 WHERE k BETWEEN 4293825 AND 4293925
	Index Only Scan using k_5 on sbtest5  (cost=0.43..6.47 rows=102 width=4)
	  Index Cond: ((k >= 4293825) AND (k <= 4293925))

table 6 : explain SELECT k FROM sbtest6 WHERE k BETWEEN 4293825 AND 4293925
	Index Only Scan using k_6 on sbtest6  (cost=0.43..10.50 rows=103 width=4)
	  Index Cond: ((k >= 4293825) AND (k <= 4293925))

table 7 : explain SELECT k FROM sbtest7 WHERE k BETWEEN 4293825 AND 4293925
	Index Only Scan using k_7 on sbtest7  (cost=0.43..10.56 rows=106 width=4)
	  Index Cond: ((k >= 4293825) AND (k <= 4293925))

table 8 : explain SELECT k FROM sbtest8 WHERE k BETWEEN 4293825 AND 4293925
	Index Only Scan using k_8 on sbtest8  (cost=0.43..6.25 rows=91 width=4)
	  Index Cond: ((k >= 4293825) AND (k <= 4293925))

for range-covered
table 1 : explain SELECT k FROM sbtest1 WHERE k BETWEEN 2600506 AND 2600606
	Index Only Scan using k_1 on sbtest1  (cost=0.43..6.37 rows=97 width=4)
	  Index Cond: ((k >= 2600506) AND (k <= 2600606))

table 2 : explain SELECT k FROM sbtest2 WHERE k BETWEEN 2600506 AND 2600606
	Index Only Scan using k_2 on sbtest2  (cost=0.43..6.51 rows=104 width=4)
	  Index Cond: ((k >= 2600506) AND (k <= 2600606))

table 3 : explain SELECT k FROM sbtest3 WHERE k BETWEEN 2600506 AND 2600606
	Index Only Scan using k_3 on sbtest3  (cost=0.43..10.40 rows=98 width=4)
	  Index Cond: ((k >= 2600506) AND (k <= 2600606))

table 4 : explain SELECT k FROM sbtest4 WHERE k BETWEEN 2600506 AND 2600606
	Index Only Scan using k_4 on sbtest4  (cost=0.43..6.50 rows=103 width=4)
	  Index Cond: ((k >= 2600506) AND (k <= 2600606))

table 5 : explain SELECT k FROM sbtest5 WHERE k BETWEEN 2600506 AND 2600606
	Index Only Scan using k_5 on sbtest5  (cost=0.43..6.58 rows=107 width=4)
	  Index Cond: ((k >= 2600506) AND (k <= 2600606))

table 6 : explain SELECT k FROM sbtest6 WHERE k BETWEEN 2600506 AND 2600606
	Index Only Scan using k_6 on sbtest6  (cost=0.43..10.40 rows=98 width=4)
	  Index Cond: ((k >= 2600506) AND (k <= 2600606))

table 7 : explain SELECT k FROM sbtest7 WHERE k BETWEEN 2600506 AND 2600606
	Index Only Scan using k_7 on sbtest7  (cost=0.43..10.33 rows=95 width=4)
	  Index Cond: ((k >= 2600506) AND (k <= 2600606))

table 8 : explain SELECT k FROM sbtest8 WHERE k BETWEEN 2600506 AND 2600606
	Index Only Scan using k_8 on sbtest8  (cost=0.43..6.35 rows=96 width=4)
	  Index Cond: ((k >= 2600506) AND (k <= 2600606))

explain: for range-covered :: explain SELECT k FROM sbtest%d WHERE k BETWEEN 2600506 AND 2600606
for range-covered
table 1 : explain SELECT k FROM sbtest1 WHERE k BETWEEN 2600506 AND 2600606
	Index Only Scan using k_1 on sbtest1  (cost=0.43..6.37 rows=97 width=4)
	  Index Cond: ((k >= 2600506) AND (k <= 2600606))

table 2 : explain SELECT k FROM sbtest2 WHERE k BETWEEN 2600506 AND 2600606
	Index Only Scan using k_2 on sbtest2  (cost=0.43..6.51 rows=104 width=4)
	  Index Cond: ((k >= 2600506) AND (k <= 2600606))

table 3 : explain SELECT k FROM sbtest3 WHERE k BETWEEN 2600506 AND 2600606
	Index Only Scan using k_3 on sbtest3  (cost=0.43..10.40 rows=98 width=4)
	  Index Cond: ((k >= 2600506) AND (k <= 2600606))

table 4 : explain SELECT k FROM sbtest4 WHERE k BETWEEN 2600506 AND 2600606
	Index Only Scan using k_4 on sbtest4  (cost=0.43..6.50 rows=103 width=4)
	  Index Cond: ((k >= 2600506) AND (k <= 2600606))

table 5 : explain SELECT k FROM sbtest5 WHERE k BETWEEN 2600506 AND 2600606
	Index Only Scan using k_5 on sbtest5  (cost=0.43..6.58 rows=107 width=4)
	  Index Cond: ((k >= 2600506) AND (k <= 2600606))

table 6 : explain SELECT k FROM sbtest6 WHERE k BETWEEN 2600506 AND 2600606
	Index Only Scan using k_6 on sbtest6  (cost=0.43..10.40 rows=98 width=4)
	  Index Cond: ((k >= 2600506) AND (k <= 2600606))

table 7 : explain SELECT k FROM sbtest7 WHERE k BETWEEN 2600506 AND 2600606
	Index Only Scan using k_7 on sbtest7  (cost=0.43..10.33 rows=95 width=4)
	  Index Cond: ((k >= 2600506) AND (k <= 2600606))

table 8 : explain SELECT k FROM sbtest8 WHERE k BETWEEN 2600506 AND 2600606
	Index Only Scan using k_8 on sbtest8  (cost=0.43..6.35 rows=96 width=4)
	  Index Cond: ((k >= 2600506) AND (k <= 2600606))

explain: for range-covered :: explain SELECT k FROM sbtest%d WHERE k BETWEEN 2600506 AND 2600606
for range-covered
table 1 : explain SELECT k FROM sbtest1 WHERE k BETWEEN 2600506 AND 2600606
	Index Only Scan using k_1 on sbtest1  (cost=0.43..6.37 rows=97 width=4)
	  Index Cond: ((k >= 2600506) AND (k <= 2600606))

table 2 : explain SELECT k FROM sbtest2 WHERE k BETWEEN 2600506 AND 2600606
	Index Only Scan using k_2 on sbtest2  (cost=0.43..6.51 rows=104 width=4)
	  Index Cond: ((k >= 2600506) AND (k <= 2600606))

table 3 : explain SELECT k FROM sbtest3 WHERE k BETWEEN 2600506 AND 2600606
	Index Only Scan using k_3 on sbtest3  (cost=0.43..10.40 rows=98 width=4)
	  Index Cond: ((k >= 2600506) AND (k <= 2600606))

table 4 : explain SELECT k FROM sbtest4 WHERE k BETWEEN 2600506 AND 2600606
	Index Only Scan using k_4 on sbtest4  (cost=0.43..6.50 rows=103 width=4)
	  Index Cond: ((k >= 2600506) AND (k <= 2600606))

table 5 : explain SELECT k FROM sbtest5 WHERE k BETWEEN 2600506 AND 2600606
	Index Only Scan using k_5 on sbtest5  (cost=0.43..6.58 rows=107 width=4)
	  Index Cond: ((k >= 2600506) AND (k <= 2600606))

table 6 : explain SELECT k FROM sbtest6 WHERE k BETWEEN 2600506 AND 2600606
	Index Only Scan using k_6 on sbtest6  (cost=0.43..10.40 rows=98 width=4)
	  Index Cond: ((k >= 2600506) AND (k <= 2600606))

table 7 : explain SELECT k FROM sbtest7 WHERE k BETWEEN 2600506 AND 2600606
	Index Only Scan using k_7 on sbtest7  (cost=0.43..10.33 rows=95 width=4)
	  Index Cond: ((k >= 2600506) AND (k <= 2600606))

table 8 : explain SELECT k FROM sbtest8 WHERE k BETWEEN 2600506 AND 2600606
	Index Only Scan using k_8 on sbtest8  (cost=0.43..6.35 rows=96 width=4)
	  Index Cond: ((k >= 2600506) AND (k <= 2600606))

explain: for range-covered :: explain SELECT k FROM sbtest%d WHERE k BETWEEN 2600506 AND 2600606
for range-covered
table 1 : explain SELECT k FROM sbtest1 WHERE k BETWEEN 2600506 AND 2600606
	Index Only Scan using k_1 on sbtest1  (cost=0.43..6.37 rows=97 width=4)
	  Index Cond: ((k >= 2600506) AND (k <= 2600606))

table 2 : explain SELECT k FROM sbtest2 WHERE k BETWEEN 2600506 AND 2600606
	Index Only Scan using k_2 on sbtest2  (cost=0.43..6.51 rows=104 width=4)
	  Index Cond: ((k >= 2600506) AND (k <= 2600606))

table 3 : explain SELECT k FROM sbtest3 WHERE k BETWEEN 2600506 AND 2600606
	Index Only Scan using k_3 on sbtest3  (cost=0.43..10.40 rows=98 width=4)
	  Index Cond: ((k >= 2600506) AND (k <= 2600606))

table 4 : explain SELECT k FROM sbtest4 WHERE k BETWEEN 2600506 AND 2600606
	Index Only Scan using k_4 on sbtest4  (cost=0.43..6.50 rows=103 width=4)
	  Index Cond: ((k >= 2600506) AND (k <= 2600606))

table 5 : explain SELECT k FROM sbtest5 WHERE k BETWEEN 2600506 AND 2600606
	Index Only Scan using k_5 on sbtest5  (cost=0.43..6.58 rows=107 width=4)
	  Index Cond: ((k >= 2600506) AND (k <= 2600606))

table 6 : explain SELECT k FROM sbtest6 WHERE k BETWEEN 2600506 AND 2600606
	Index Only Scan using k_6 on sbtest6  (cost=0.43..10.40 rows=98 width=4)
	  Index Cond: ((k >= 2600506) AND (k <= 2600606))

table 7 : explain SELECT k FROM sbtest7 WHERE k BETWEEN 2600506 AND 2600606
	Index Only Scan using k_7 on sbtest7  (cost=0.43..10.33 rows=95 width=4)
	  Index Cond: ((k >= 2600506) AND (k <= 2600606))

table 8 : explain SELECT k FROM sbtest8 WHERE k BETWEEN 2600506 AND 2600606
	Index Only Scan using k_8 on sbtest8  (cost=0.43..6.35 rows=96 width=4)
	  Index Cond: ((k >= 2600506) AND (k <= 2600606))

explain: for range-covered :: explain SELECT k FROM sbtest%d WHERE k BETWEEN 2600506 AND 2600606
for range-covered
table 1 : explain SELECT k FROM sbtest1 WHERE k BETWEEN 2600506 AND 2600606
	Index Only Scan using k_1 on sbtest1  (cost=0.43..6.37 rows=97 width=4)
	  Index Cond: ((k >= 2600506) AND (k <= 2600606))

table 2 : explain SELECT k FROM sbtest2 WHERE k BETWEEN 2600506 AND 2600606
	Index Only Scan using k_2 on sbtest2  (cost=0.43..6.51 rows=104 width=4)
	  Index Cond: ((k >= 2600506) AND (k <= 2600606))

table 3 : explain SELECT k FROM sbtest3 WHERE k BETWEEN 2600506 AND 2600606
	Index Only Scan using k_3 on sbtest3  (cost=0.43..10.40 rows=98 width=4)
	  Index Cond: ((k >= 2600506) AND (k <= 2600606))

table 4 : explain SELECT k FROM sbtest4 WHERE k BETWEEN 2600506 AND 2600606
	Index Only Scan using k_4 on sbtest4  (cost=0.43..6.50 rows=103 width=4)
	  Index Cond: ((k >= 2600506) AND (k <= 2600606))

table 5 : explain SELECT k FROM sbtest5 WHERE k BETWEEN 2600506 AND 2600606
	Index Only Scan using k_5 on sbtest5  (cost=0.43..6.58 rows=107 width=4)
	  Index Cond: ((k >= 2600506) AND (k <= 2600606))

table 6 : explain SELECT k FROM sbtest6 WHERE k BETWEEN 2600506 AND 2600606
	Index Only Scan using k_6 on sbtest6  (cost=0.43..10.40 rows=98 width=4)
	  Index Cond: ((k >= 2600506) AND (k <= 2600606))

table 7 : explain SELECT k FROM sbtest7 WHERE k BETWEEN 2600506 AND 2600606
	Index Only Scan using k_7 on sbtest7  (cost=0.43..10.33 rows=95 width=4)
	  Index Cond: ((k >= 2600506) AND (k <= 2600606))

table 8 : explain SELECT k FROM sbtest8 WHERE k BETWEEN 2600506 AND 2600606
	Index Only Scan using k_8 on sbtest8  (cost=0.43..6.35 rows=96 width=4)
	  Index Cond: ((k >= 2600506) AND (k <= 2600606))

Threads started!

Warming up for 5 seconds...

SQL statistics:
    queries performed:
        read:                            260448248
        write:                           0
        other:                           0
        total:                           260448248
    transactions:                        260448248 (413406.04 per sec.)
    queries:                             260448248 (413406.04 per sec.)
    ignored errors:                      0      (0.00 per sec.)
    reconnects:                          0      (0.00 per sec.)

Throughput:
    events/s (eps):                      413406.0359
    time elapsed:                        630.0060s
    total number of events:              260448248

Latency (ms):
         min:                                    0.06
         avg:                                    0.10
         max:                                   24.10
         95th percentile:                        0.11
         sum:                             25116966.07

Threads fairness:
    events (avg/stddev):           6511199.2500/34578.38
    execution time (avg/stddev):   627.9242/0.06

