LUA_PATH=/home/mdcallag/git/mytools/bench/sysbench.lua/lua/?.lua /home/mdcallag/git/mytools/bench/sysbench.lua/lua/sysbench --db-driver=pgsql --range-size=1000 --table-size=10000000 --tables=8 --threads=40 --events=0 --warmup-time=5 --time=630 --pgsql_conn_id=true /home/mdcallag/git/mytools/bench/sysbench.lua/lua/oltp_read_only.lua run --pgsql-user=root --pgsql-password=pw --pgsql-host=127.0.0.1 --pgsql-db=ib --rand-type=uniform --simple-ranges=1 --sum-ranges=0 --order-ranges=0 --distinct-ranges=0
48 CPUs
sysbench 1.1.0-9072687 (using bundled LuaJIT 2.1.0-beta3)

Running the test with following options:
Number of threads: 40
Warmup time: 5s
Initializing random number generator from current time


Initializing worker threads...

explain: for point_selects :: explain SELECT c FROM sbtest%u WHERE id=%u
explain: for point_selects :: explain SELECT c FROM sbtest%u WHERE id=%u
explain: for point_selects :: explain SELECT c FROM sbtest%u WHERE id=%u
explain: for point_selects :: explain SELECT c FROM sbtest%u WHERE id=%u
explain: for point_selects :: explain SELECT c FROM sbtest%u WHERE id=%u
for point_selects
table 1 : explain SELECT c FROM sbtest1 WHERE id=7738427
	Index Scan using sbtest1_pkey on sbtest1  (cost=0.43..8.45 rows=1 width=121)
	  Index Cond: (id = 7738427)

table 2 : explain SELECT c FROM sbtest2 WHERE id=1113260
	Index Scan using sbtest2_pkey on sbtest2  (cost=0.43..8.45 rows=1 width=121)
	  Index Cond: (id = 1113260)

table 3 : explain SELECT c FROM sbtest3 WHERE id=5331066
	Index Scan using sbtest3_pkey on sbtest3  (cost=0.43..8.45 rows=1 width=121)
	  Index Cond: (id = 5331066)

table 4 : explain SELECT c FROM sbtest4 WHERE id=3559279
	Index Scan using sbtest4_pkey on sbtest4  (cost=0.43..8.45 rows=1 width=121)
	  Index Cond: (id = 3559279)

table 5 : explain SELECT c FROM sbtest5 WHERE id=5060304
	Index Scan using sbtest5_pkey on sbtest5  (cost=0.43..8.45 rows=1 width=121)
	  Index Cond: (id = 5060304)

table 6 : explain SELECT c FROM sbtest6 WHERE id=3812185
	Index Scan using sbtest6_pkey on sbtest6  (cost=0.43..8.45 rows=1 width=121)
	  Index Cond: (id = 3812185)

table 7 : explain SELECT c FROM sbtest7 WHERE id=3662262
	Index Scan using sbtest7_pkey on sbtest7  (cost=0.43..8.45 rows=1 width=121)
	  Index Cond: (id = 3662262)

table 8 : explain SELECT c FROM sbtest8 WHERE id=7075938
	Index Scan using sbtest8_pkey on sbtest8  (cost=0.43..8.45 rows=1 width=121)
	  Index Cond: (id = 7075938)

for: simple_ranges
table 1 : explain SELECT c FROM sbtest1 WHERE id BETWEEN 1588489 AND 1589488
	Bitmap Heap Scan on sbtest1  (cost=35.58..4206.76 rows=1087 width=121)
	  Recheck Cond: ((id >= 1588489) AND (id <= 1589488))
	  ->  Bitmap Index Scan on sbtest1_pkey  (cost=0.00..35.31 rows=1087 width=0)
	        Index Cond: ((id >= 1588489) AND (id <= 1589488))

table 2 : explain SELECT c FROM sbtest2 WHERE id BETWEEN 8629732 AND 8630731
	Bitmap Heap Scan on sbtest2  (cost=30.01..3625.49 rows=934 width=121)
	  Recheck Cond: ((id >= 8629732) AND (id <= 8630731))
	  ->  Bitmap Index Scan on sbtest2_pkey  (cost=0.00..29.77 rows=934 width=0)
	        Index Cond: ((id >= 8629732) AND (id <= 8630731))

table 3 : explain SELECT c FROM sbtest3 WHERE id BETWEEN 8848490 AND 8849489
	Bitmap Heap Scan on sbtest3  (cost=30.07..3647.95 rows=940 width=121)
	  Recheck Cond: ((id >= 8848490) AND (id <= 8849489))
	  ->  Bitmap Index Scan on sbtest3_pkey  (cost=0.00..29.83 rows=940 width=0)
	        Index Cond: ((id >= 8848490) AND (id <= 8849489))

table 4 : explain SELECT c FROM sbtest4 WHERE id BETWEEN 6275377 AND 6276376
	Bitmap Heap Scan on sbtest4  (cost=35.18..4060.25 rows=1048 width=121)
	  Recheck Cond: ((id >= 6275377) AND (id <= 6276376))
	  ->  Bitmap Index Scan on sbtest4_pkey  (cost=0.00..34.92 rows=1048 width=0)
	        Index Cond: ((id >= 6275377) AND (id <= 6276376))

table 5 : explain SELECT c FROM sbtest5 WHERE id BETWEEN 6569258 AND 6570257
	Bitmap Heap Scan on sbtest5  (cost=30.90..3954.16 rows=1021 width=121)
	  Recheck Cond: ((id >= 6569258) AND (id <= 6570257))
	  ->  Bitmap Index Scan on sbtest5_pkey  (cost=0.00..30.64 rows=1021 width=0)
	        Index Cond: ((id >= 6569258) AND (id <= 6570257))

table 6 : explain SELECT c FROM sbtest6 WHERE id BETWEEN 5449716 AND 5450715
	Bitmap Heap Scan on sbtest6  (cost=30.02..3628.98 rows=935 width=121)
	  Recheck Cond: ((id >= 5449716) AND (id <= 5450715))
	  ->  Bitmap Index Scan on sbtest6_pkey  (cost=0.00..29.79 rows=935 width=0)
	        Index Cond: ((id >= 5449716) AND (id <= 5450715))

table 7 : explain SELECT c FROM sbtest7 WHERE id BETWEEN 4609950 AND 4610949
	Bitmap Heap Scan on sbtest7  (cost=30.95..3973.05 rows=1026 width=121)
	  Recheck Cond: ((id >= 4609950) AND (id <= 4610949))
	  ->  Bitmap Index Scan on sbtest7_pkey  (cost=0.00..30.69 rows=1026 width=0)
	        Index Cond: ((id >= 4609950) AND (id <= 4610949))

table 8 : explain SELECT c FROM sbtest8 WHERE id BETWEEN 6898249 AND 6899248
	Bitmap Heap Scan on sbtest8  (cost=35.21..4071.29 rows=1051 width=121)
	  Recheck Cond: ((id >= 6898249) AND (id <= 6899248))
	  ->  Bitmap Index Scan on sbtest8_pkey  (cost=0.00..34.95 rows=1051 width=0)
	        Index Cond: ((id >= 6898249) AND (id <= 6899248))

explain: for point_selects :: explain SELECT c FROM sbtest%u WHERE id=%u
for point_selects
table 1 : explain SELECT c FROM sbtest1 WHERE id=3975187
	Index Scan using sbtest1_pkey on sbtest1  (cost=0.43..8.45 rows=1 width=121)
	  Index Cond: (id = 3975187)

table 2 : explain SELECT c FROM sbtest2 WHERE id=3047532
	Index Scan using sbtest2_pkey on sbtest2  (cost=0.43..8.45 rows=1 width=121)
	  Index Cond: (id = 3047532)

table 3 : explain SELECT c FROM sbtest3 WHERE id=109985
	Index Scan using sbtest3_pkey on sbtest3  (cost=0.43..8.45 rows=1 width=121)
	  Index Cond: (id = 109985)

table 4 : explain SELECT c FROM sbtest4 WHERE id=285398
	Index Scan using sbtest4_pkey on sbtest4  (cost=0.43..8.45 rows=1 width=121)
	  Index Cond: (id = 285398)

table 5 : explain SELECT c FROM sbtest5 WHERE id=4858136
	Index Scan using sbtest5_pkey on sbtest5  (cost=0.43..8.45 rows=1 width=121)
	  Index Cond: (id = 4858136)

table 6 : explain SELECT c FROM sbtest6 WHERE id=6276738
	Index Scan using sbtest6_pkey on sbtest6  (cost=0.43..8.45 rows=1 width=121)
	  Index Cond: (id = 6276738)

table 7 : explain SELECT c FROM sbtest7 WHERE id=4390191
	Index Scan using sbtest7_pkey on sbtest7  (cost=0.43..8.45 rows=1 width=121)
	  Index Cond: (id = 4390191)

table 8 : explain SELECT c FROM sbtest8 WHERE id=2797896
	Index Scan using sbtest8_pkey on sbtest8  (cost=0.43..8.45 rows=1 width=121)
	  Index Cond: (id = 2797896)

for point_selects
table 1 : explain SELECT c FROM sbtest1 WHERE id=5420584
	Index Scan using sbtest1_pkey on sbtest1  (cost=0.43..8.45 rows=1 width=121)
	  Index Cond: (id = 5420584)

table 2 : explain SELECT c FROM sbtest2 WHERE id=8016354
	Index Scan using sbtest2_pkey on sbtest2  (cost=0.43..8.45 rows=1 width=121)
	  Index Cond: (id = 8016354)

table 3 : explain SELECT c FROM sbtest3 WHERE id=9615889
	Index Scan using sbtest3_pkey on sbtest3  (cost=0.43..8.45 rows=1 width=121)
	  Index Cond: (id = 9615889)

table 4 : explain SELECT c FROM sbtest4 WHERE id=6729971
	Index Scan using sbtest4_pkey on sbtest4  (cost=0.43..8.45 rows=1 width=121)
	  Index Cond: (id = 6729971)

table 5 : explain SELECT c FROM sbtest5 WHERE id=7439568
	Index Scan using sbtest5_pkey on sbtest5  (cost=0.43..8.45 rows=1 width=121)
	  Index Cond: (id = 7439568)

table 6 : explain SELECT c FROM sbtest6 WHERE id=155441
	Index Scan using sbtest6_pkey on sbtest6  (cost=0.43..8.45 rows=1 width=121)
	  Index Cond: (id = 155441)

table 7 : explain SELECT c FROM sbtest7 WHERE id=314950
	Index Scan using sbtest7_pkey on sbtest7  (cost=0.43..8.45 rows=1 width=121)
	  Index Cond: (id = 314950)

table 8 : explain SELECT c FROM sbtest8 WHERE id=378606
	Index Scan using sbtest8_pkey on sbtest8  (cost=0.43..8.45 rows=1 width=121)
	  Index Cond: (id = 378606)

for point_selects
table 1 : explain SELECT c FROM sbtest1 WHERE id=7056541
	Index Scan using sbtest1_pkey on sbtest1  (cost=0.43..8.45 rows=1 width=121)
	  Index Cond: (id = 7056541)

table 2 : explain SELECT c FROM sbtest2 WHERE id=2259356
	Index Scan using sbtest2_pkey on sbtest2  (cost=0.43..8.45 rows=1 width=121)
	  Index Cond: (id = 2259356)

table 3 : explain SELECT c FROM sbtest3 WHERE id=5178822
	Index Scan using sbtest3_pkey on sbtest3  (cost=0.43..8.45 rows=1 width=121)
	  Index Cond: (id = 5178822)

table 4 : explain SELECT c FROM sbtest4 WHERE id=1973638
	Index Scan using sbtest4_pkey on sbtest4  (cost=0.43..8.45 rows=1 width=121)
	  Index Cond: (id = 1973638)

table 5 : explain SELECT c FROM sbtest5 WHERE id=6341406
	Index Scan using sbtest5_pkey on sbtest5  (cost=0.43..8.45 rows=1 width=121)
	  Index Cond: (id = 6341406)

table 6 : explain SELECT c FROM sbtest6 WHERE id=4742701
	Index Scan using sbtest6_pkey on sbtest6  (cost=0.43..8.45 rows=1 width=121)
	  Index Cond: (id = 4742701)

table 7 : explain SELECT c FROM sbtest7 WHERE id=6224498
	Index Scan using sbtest7_pkey on sbtest7  (cost=0.43..8.45 rows=1 width=121)
	  Index Cond: (id = 6224498)

table 8 : explain SELECT c FROM sbtest8 WHERE id=2562670
	Index Scan using sbtest8_pkey on sbtest8  (cost=0.43..8.45 rows=1 width=121)
	  Index Cond: (id = 2562670)

for point_selects
table 1 : explain SELECT c FROM sbtest1 WHERE id=2038015
	Index Scan using sbtest1_pkey on sbtest1  (cost=0.43..8.45 rows=1 width=121)
	  Index Cond: (id = 2038015)

table 2 : explain SELECT c FROM sbtest2 WHERE id=4156824
	Index Scan using sbtest2_pkey on sbtest2  (cost=0.43..8.45 rows=1 width=121)
	  Index Cond: (id = 4156824)

table 3 : explain SELECT c FROM sbtest3 WHERE id=4990136
	Index Scan using sbtest3_pkey on sbtest3  (cost=0.43..8.45 rows=1 width=121)
	  Index Cond: (id = 4990136)

table 4 : explain SELECT c FROM sbtest4 WHERE id=6380475
	Index Scan using sbtest4_pkey on sbtest4  (cost=0.43..8.45 rows=1 width=121)
	  Index Cond: (id = 6380475)

table 5 : explain SELECT c FROM sbtest5 WHERE id=4387260
	Index Scan using sbtest5_pkey on sbtest5  (cost=0.43..8.45 rows=1 width=121)
	  Index Cond: (id = 4387260)

table 6 : explain SELECT c FROM sbtest6 WHERE id=140838
	Index Scan using sbtest6_pkey on sbtest6  (cost=0.43..8.45 rows=1 width=121)
	  Index Cond: (id = 140838)

table 7 : explain SELECT c FROM sbtest7 WHERE id=1430437
	Index Scan using sbtest7_pkey on sbtest7  (cost=0.43..8.45 rows=1 width=121)
	  Index Cond: (id = 1430437)

table 8 : explain SELECT c FROM sbtest8 WHERE id=1199583
	Index Scan using sbtest8_pkey on sbtest8  (cost=0.43..8.45 rows=1 width=121)
	  Index Cond: (id = 1199583)

for: simple_ranges
table 1 : explain SELECT c FROM sbtest1 WHERE id BETWEEN 7590931 AND 7591930
	Bitmap Heap Scan on sbtest1  (cost=35.97..4349.71 rows=1125 width=121)
	  Recheck Cond: ((id >= 7590931) AND (id <= 7591930))
	  ->  Bitmap Index Scan on sbtest1_pkey  (cost=0.00..35.69 rows=1125 width=0)
	        Index Cond: ((id >= 7590931) AND (id <= 7591930))

table 2 : explain SELECT c FROM sbtest2 WHERE id BETWEEN 3414861 AND 3415860
	Bitmap Heap Scan on sbtest2  (cost=30.90..3954.15 rows=1021 width=121)
	  Recheck Cond: ((id >= 3414861) AND (id <= 3415860))
	  ->  Bitmap Index Scan on sbtest2_pkey  (cost=0.00..30.64 rows=1021 width=0)
	        Index Cond: ((id >= 3414861) AND (id <= 3415860))

table 3 : explain SELECT c FROM sbtest3 WHERE id BETWEEN 1168781 AND 1169780
	Bitmap Heap Scan on sbtest3  (cost=30.10..3659.30 rows=943 width=121)
	  Recheck Cond: ((id >= 1168781) AND (id <= 1169780))
	  ->  Bitmap Index Scan on sbtest3_pkey  (cost=0.00..29.86 rows=943 width=0)
	        Index Cond: ((id >= 1168781) AND (id <= 1169780))

table 4 : explain SELECT c FROM sbtest4 WHERE id BETWEEN 8720450 AND 8721449
	Bitmap Heap Scan on sbtest4  (cost=31.00..3992.15 rows=1031 width=121)
	  Recheck Cond: ((id >= 8720450) AND (id <= 8721449))
	  ->  Bitmap Index Scan on sbtest4_pkey  (cost=0.00..30.75 rows=1031 width=0)
	        Index Cond: ((id >= 8720450) AND (id <= 8721449))

table 5 : explain SELECT c FROM sbtest5 WHERE id BETWEEN 5278174 AND 5279173
	Bitmap Heap Scan on sbtest5  (cost=35.64..4229.45 rows=1093 width=121)
	  Recheck Cond: ((id >= 5278174) AND (id <= 5279173))
	  ->  Bitmap Index Scan on sbtest5_pkey  (cost=0.00..35.37 rows=1093 width=0)
	        Index Cond: ((id >= 5278174) AND (id <= 5279173))

table 6 : explain SELECT c FROM sbtest6 WHERE id BETWEEN 3951993 AND 3952992
	Bitmap Heap Scan on sbtest6  (cost=30.76..3900.99 rows=1007 width=121)
	  Recheck Cond: ((id >= 3951993) AND (id <= 3952992))
	  ->  Bitmap Index Scan on sbtest6_pkey  (cost=0.00..30.50 rows=1007 width=0)
	        Index Cond: ((id >= 3951993) AND (id <= 3952992))

table 7 : explain SELECT c FROM sbtest7 WHERE id BETWEEN 9827015 AND 9828014
	Bitmap Heap Scan on sbtest7  (cost=29.67..3500.61 rows=901 width=121)
	  Recheck Cond: ((id >= 9827015) AND (id <= 9828014))
	  ->  Bitmap Index Scan on sbtest7_pkey  (cost=0.00..29.44 rows=901 width=0)
	        Index Cond: ((id >= 9827015) AND (id <= 9828014))

table 8 : explain SELECT c FROM sbtest8 WHERE id BETWEEN 8414079 AND 8415078
	Bitmap Heap Scan on sbtest8  (cost=34.97..3984.58 rows=1028 width=121)
	  Recheck Cond: ((id >= 8414079) AND (id <= 8415078))
	  ->  Bitmap Index Scan on sbtest8_pkey  (cost=0.00..34.72 rows=1028 width=0)
	        Index Cond: ((id >= 8414079) AND (id <= 8415078))

for: simple_ranges
table 1 : explain SELECT c FROM sbtest1 WHERE id BETWEEN 8645185 AND 8646184
	Bitmap Heap Scan on sbtest1  (cost=29.75..3530.80 rows=909 width=121)
	  Recheck Cond: ((id >= 8645185) AND (id <= 8646184))
	  ->  Bitmap Index Scan on sbtest1_pkey  (cost=0.00..29.52 rows=909 width=0)
	        Index Cond: ((id >= 8645185) AND (id <= 8646184))

table 2 : explain SELECT c FROM sbtest2 WHERE id BETWEEN 3659601 AND 3660600
	Bitmap Heap Scan on sbtest2  (cost=35.47..4169.20 rows=1077 width=121)
	  Recheck Cond: ((id >= 3659601) AND (id <= 3660600))
	  ->  Bitmap Index Scan on sbtest2_pkey  (cost=0.00..35.20 rows=1077 width=0)
	        Index Cond: ((id >= 3659601) AND (id <= 3660600))

table 3 : explain SELECT c FROM sbtest3 WHERE id BETWEEN 9626624 AND 9627623
	Bitmap Heap Scan on sbtest3  (cost=30.33..3742.46 rows=965 width=121)
	  Recheck Cond: ((id >= 9626624) AND (id <= 9627623))
	  ->  Bitmap Index Scan on sbtest3_pkey  (cost=0.00..30.08 rows=965 width=0)
	        Index Cond: ((id >= 9626624) AND (id <= 9627623))

table 4 : explain SELECT c FROM sbtest4 WHERE id BETWEEN 3330848 AND 3331847
	Bitmap Heap Scan on sbtest4  (cost=29.98..3614.39 rows=931 width=121)
	  Recheck Cond: ((id >= 3330848) AND (id <= 3331847))
	  ->  Bitmap Index Scan on sbtest4_pkey  (cost=0.00..29.75 rows=931 width=0)
	        Index Cond: ((id >= 3330848) AND (id <= 3331847))

table 5 : explain SELECT c FROM sbtest5 WHERE id BETWEEN 4984197 AND 4985196
	Bitmap Heap Scan on sbtest5  (cost=36.07..4387.40 rows=1135 width=121)
	  Recheck Cond: ((id >= 4984197) AND (id <= 4985196))
	  ->  Bitmap Index Scan on sbtest5_pkey  (cost=0.00..35.79 rows=1135 width=0)
	        Index Cond: ((id >= 4984197) AND (id <= 4985196))

table 6 : explain SELECT c FROM sbtest6 WHERE id BETWEEN 8380495 AND 8381494
	Bitmap Heap Scan on sbtest6  (cost=30.47..3795.29 rows=979 width=121)
	  Recheck Cond: ((id >= 8380495) AND (id <= 8381494))
	  ->  Bitmap Index Scan on sbtest6_pkey  (cost=0.00..30.22 rows=979 width=0)
	        Index Cond: ((id >= 8380495) AND (id <= 8381494))

table 7 : explain SELECT c FROM sbtest7 WHERE id BETWEEN 9798171 AND 9799170
	Bitmap Heap Scan on sbtest7  (cost=29.67..3500.61 rows=901 width=121)
	  Recheck Cond: ((id >= 9798171) AND (id <= 9799170))
	  ->  Bitmap Index Scan on sbtest7_pkey  (cost=0.00..29.44 rows=901 width=0)
	        Index Cond: ((id >= 9798171) AND (id <= 9799170))

table 8 : explain SELECT c FROM sbtest8 WHERE id BETWEEN 8252470 AND 8253469
	Bitmap Heap Scan on sbtest8  (cost=30.62..3852.28 rows=994 width=121)
	  Recheck Cond: ((id >= 8252470) AND (id <= 8253469))
	  ->  Bitmap Index Scan on sbtest8_pkey  (cost=0.00..30.37 rows=994 width=0)
	        Index Cond: ((id >= 8252470) AND (id <= 8253469))

for: simple_ranges
table 1 : explain SELECT c FROM sbtest1 WHERE id BETWEEN 1118624 AND 1119623
	Bitmap Heap Scan on sbtest1  (cost=31.00..3991.79 rows=1031 width=121)
	  Recheck Cond: ((id >= 1118624) AND (id <= 1119623))
	  ->  Bitmap Index Scan on sbtest1_pkey  (cost=0.00..30.75 rows=1031 width=0)
	        Index Cond: ((id >= 1118624) AND (id <= 1119623))

table 2 : explain SELECT c FROM sbtest2 WHERE id BETWEEN 2610983 AND 2611982
	Bitmap Heap Scan on sbtest2  (cost=30.90..3954.15 rows=1021 width=121)
	  Recheck Cond: ((id >= 2610983) AND (id <= 2611982))
	  ->  Bitmap Index Scan on sbtest2_pkey  (cost=0.00..30.64 rows=1021 width=0)
	        Index Cond: ((id >= 2610983) AND (id <= 2611982))

table 3 : explain SELECT c FROM sbtest3 WHERE id BETWEEN 7518066 AND 7519065
	Bitmap Heap Scan on sbtest3  (cost=29.50..3435.95 rows=884 width=121)
	  Recheck Cond: ((id >= 7518066) AND (id <= 7519065))
	  ->  Bitmap Index Scan on sbtest3_pkey  (cost=0.00..29.27 rows=884 width=0)
	        Index Cond: ((id >= 7518066) AND (id <= 7519065))

table 4 : explain SELECT c FROM sbtest4 WHERE id BETWEEN 2997451 AND 2998450
	Bitmap Heap Scan on sbtest4  (cost=30.01..3625.74 rows=934 width=121)
	  Recheck Cond: ((id >= 2997451) AND (id <= 2998450))
	  ->  Bitmap Index Scan on sbtest4_pkey  (cost=0.00..29.77 rows=934 width=0)
	        Index Cond: ((id >= 2997451) AND (id <= 2998450))

table 5 : explain SELECT c FROM sbtest5 WHERE id BETWEEN 3488568 AND 3489567
	Bitmap Heap Scan on sbtest5  (cost=30.73..3890.02 rows=1004 width=121)
	  Recheck Cond: ((id >= 3488568) AND (id <= 3489567))
	  ->  Bitmap Index Scan on sbtest5_pkey  (cost=0.00..30.47 rows=1004 width=0)
	        Index Cond: ((id >= 3488568) AND (id <= 3489567))

table 6 : explain SELECT c FROM sbtest6 WHERE id BETWEEN 2890763 AND 2891762
	Bitmap Heap Scan on sbtest6  (cost=35.37..4131.18 rows=1067 width=121)
	  Recheck Cond: ((id >= 2890763) AND (id <= 2891762))
	  ->  Bitmap Index Scan on sbtest6_pkey  (cost=0.00..35.11 rows=1067 width=0)
	        Index Cond: ((id >= 2890763) AND (id <= 2891762))

table 7 : explain SELECT c FROM sbtest7 WHERE id BETWEEN 260001 AND 261000
	Bitmap Heap Scan on sbtest7  (cost=30.60..3844.75 rows=992 width=121)
	  Recheck Cond: ((id >= 260001) AND (id <= 261000))
	  ->  Bitmap Index Scan on sbtest7_pkey  (cost=0.00..30.36 rows=992 width=0)
	        Index Cond: ((id >= 260001) AND (id <= 261000))

table 8 : explain SELECT c FROM sbtest8 WHERE id BETWEEN 6784413 AND 6785412
	Bitmap Heap Scan on sbtest8  (cost=30.07..3648.21 rows=940 width=121)
	  Recheck Cond: ((id >= 6784413) AND (id <= 6785412))
	  ->  Bitmap Index Scan on sbtest8_pkey  (cost=0.00..29.83 rows=940 width=0)
	        Index Cond: ((id >= 6784413) AND (id <= 6785412))

for: simple_ranges
table 1 : explain SELECT c FROM sbtest1 WHERE id BETWEEN 8911923 AND 8912922
	Bitmap Heap Scan on sbtest1  (cost=30.52..3814.42 rows=984 width=121)
	  Recheck Cond: ((id >= 8911923) AND (id <= 8912922))
	  ->  Bitmap Index Scan on sbtest1_pkey  (cost=0.00..30.27 rows=984 width=0)
	        Index Cond: ((id >= 8911923) AND (id <= 8912922))

table 2 : explain SELECT c FROM sbtest2 WHERE id BETWEEN 4990180 AND 4991179
	Bitmap Heap Scan on sbtest2  (cost=35.47..4169.20 rows=1077 width=121)
	  Recheck Cond: ((id >= 4990180) AND (id <= 4991179))
	  ->  Bitmap Index Scan on sbtest2_pkey  (cost=0.00..35.20 rows=1077 width=0)
	        Index Cond: ((id >= 4990180) AND (id <= 4991179))

table 3 : explain SELECT c FROM sbtest3 WHERE id BETWEEN 7247033 AND 7248032
	Bitmap Heap Scan on sbtest3  (cost=36.24..4447.21 rows=1152 width=121)
	  Recheck Cond: ((id >= 7247033) AND (id <= 7248032))
	  ->  Bitmap Index Scan on sbtest3_pkey  (cost=0.00..35.95 rows=1152 width=0)
	        Index Cond: ((id >= 7247033) AND (id <= 7248032))

table 4 : explain SELECT c FROM sbtest4 WHERE id BETWEEN 871964 AND 872963
	Bitmap Heap Scan on sbtest4  (cost=29.98..3614.39 rows=931 width=121)
	  Recheck Cond: ((id >= 871964) AND (id <= 872963))
	  ->  Bitmap Index Scan on sbtest4_pkey  (cost=0.00..29.75 rows=931 width=0)
	        Index Cond: ((id >= 871964) AND (id <= 872963))

table 5 : explain SELECT c FROM sbtest5 WHERE id BETWEEN 5306989 AND 5307988
	Bitmap Heap Scan on sbtest5  (cost=35.64..4229.45 rows=1093 width=121)
	  Recheck Cond: ((id >= 5306989) AND (id <= 5307988))
	  ->  Bitmap Index Scan on sbtest5_pkey  (cost=0.00..35.37 rows=1093 width=0)
	        Index Cond: ((id >= 5306989) AND (id <= 5307988))

table 6 : explain SELECT c FROM sbtest6 WHERE id BETWEEN 6027240 AND 6028239
	Bitmap Heap Scan on sbtest6  (cost=29.91..3587.36 rows=924 width=121)
	  Recheck Cond: ((id >= 6027240) AND (id <= 6028239))
	  ->  Bitmap Index Scan on sbtest6_pkey  (cost=0.00..29.68 rows=924 width=0)
	        Index Cond: ((id >= 6027240) AND (id <= 6028239))

table 7 : explain SELECT c FROM sbtest7 WHERE id BETWEEN 6528279 AND 6529278
	Bitmap Heap Scan on sbtest7  (cost=30.19..3693.61 rows=952 width=121)
	  Recheck Cond: ((id >= 6528279) AND (id <= 6529278))
	  ->  Bitmap Index Scan on sbtest7_pkey  (cost=0.00..29.95 rows=952 width=0)
	        Index Cond: ((id >= 6528279) AND (id <= 6529278))

table 8 : explain SELECT c FROM sbtest8 WHERE id BETWEEN 4700127 AND 4701126
	Bitmap Heap Scan on sbtest8  (cost=34.96..3980.80 rows=1027 width=121)
	  Recheck Cond: ((id >= 4700127) AND (id <= 4701126))
	  ->  Bitmap Index Scan on sbtest8_pkey  (cost=0.00..34.70 rows=1027 width=0)
	        Index Cond: ((id >= 4700127) AND (id <= 4701126))

explain: for point_selects :: explain SELECT c FROM sbtest%u WHERE id=%u
explain: for point_selects :: explain SELECT c FROM sbtest%u WHERE id=%u
for point_selects
table 1 : explain SELECT c FROM sbtest1 WHERE id=9688590
	Index Scan using sbtest1_pkey on sbtest1  (cost=0.43..8.45 rows=1 width=121)
	  Index Cond: (id = 9688590)

table 2 : explain SELECT c FROM sbtest2 WHERE id=6056631
	Index Scan using sbtest2_pkey on sbtest2  (cost=0.43..8.45 rows=1 width=121)
	  Index Cond: (id = 6056631)

table 3 : explain SELECT c FROM sbtest3 WHERE id=9532059
	Index Scan using sbtest3_pkey on sbtest3  (cost=0.43..8.45 rows=1 width=121)
	  Index Cond: (id = 9532059)

table 4 : explain SELECT c FROM sbtest4 WHERE id=1266806
	Index Scan using sbtest4_pkey on sbtest4  (cost=0.43..8.45 rows=1 width=121)
	  Index Cond: (id = 1266806)

table 5 : explain SELECT c FROM sbtest5 WHERE id=2128406
	Index Scan using sbtest5_pkey on sbtest5  (cost=0.43..8.45 rows=1 width=121)
	  Index Cond: (id = 2128406)

table 6 : explain SELECT c FROM sbtest6 WHERE id=6311524
	Index Scan using sbtest6_pkey on sbtest6  (cost=0.43..8.45 rows=1 width=121)
	  Index Cond: (id = 6311524)

table 7 : explain SELECT c FROM sbtest7 WHERE id=6622474
	Index Scan using sbtest7_pkey on sbtest7  (cost=0.43..8.45 rows=1 width=121)
	  Index Cond: (id = 6622474)

table 8 : explain SELECT c FROM sbtest8 WHERE id=947809
	Index Scan using sbtest8_pkey on sbtest8  (cost=0.43..8.45 rows=1 width=121)
	  Index Cond: (id = 947809)

for: sum_ranges
table 1 : explain SELECT SUM(k) FROM sbtest1 WHERE id BETWEEN 6443294 AND 6444293
	Aggregate  (cost=4054.72..4054.73 rows=1 width=8)
	  ->  Bitmap Heap Scan on sbtest1  (cost=31.17..4052.11 rows=1047 width=4)
	        Recheck Cond: ((id >= 6443294) AND (id <= 6444293))
	        ->  Bitmap Index Scan on sbtest1_pkey  (cost=0.00..30.90 rows=1047 width=0)
	              Index Cond: ((id >= 6443294) AND (id <= 6444293))

table 2 : explain SELECT SUM(k) FROM sbtest2 WHERE id BETWEEN 5134442 AND 5135441
	Aggregate  (cost=3680.81..3680.82 rows=1 width=8)
	  ->  Bitmap Heap Scan on sbtest2  (cost=30.15..3678.44 rows=948 width=4)
	        Recheck Cond: ((id >= 5134442) AND (id <= 5135441))
	        ->  Bitmap Index Scan on sbtest2_pkey  (cost=0.00..29.91 rows=948 width=0)
	              Index Cond: ((id >= 5134442) AND (id <= 5135441))

table 3 : explain SELECT SUM(k) FROM sbtest3 WHERE id BETWEEN 2923076 AND 2924075
	Aggregate  (cost=4213.04..4213.05 rows=1 width=8)
	  ->  Bitmap Heap Scan on sbtest3  (cost=35.59..4210.32 rows=1088 width=4)
	        Recheck Cond: ((id >= 2923076) AND (id <= 2924075))
	        ->  Bitmap Index Scan on sbtest3_pkey  (cost=0.00..35.32 rows=1088 width=0)
	              Index Cond: ((id >= 2923076) AND (id <= 2924075))

table 4 : explain SELECT SUM(k) FROM sbtest4 WHERE id BETWEEN 6057899 AND 6058898
	Aggregate  (cost=3923.00..3923.01 rows=1 width=8)
	  ->  Bitmap Heap Scan on sbtest4  (cost=30.81..3920.47 rows=1012 width=4)
	        Recheck Cond: ((id >= 6057899) AND (id <= 6058898))
	        ->  Bitmap Index Scan on sbtest4_pkey  (cost=0.00..30.55 rows=1012 width=0)
	              Index Cond: ((id >= 6057899) AND (id <= 6058898))

table 5 : explain SELECT SUM(k) FROM sbtest5 WHERE id BETWEEN 1713688 AND 1714687
	Aggregate  (cost=4088.98..4088.99 rows=1 width=8)
	  ->  Bitmap Heap Scan on sbtest5  (cost=35.25..4086.35 rows=1055 width=4)
	        Recheck Cond: ((id >= 1713688) AND (id <= 1714687))
	        ->  Bitmap Index Scan on sbtest5_pkey  (cost=0.00..34.98 rows=1055 width=0)
	              Index Cond: ((id >= 1713688) AND (id <= 1714687))

table 6 : explain SELECT SUM(k) FROM sbtest6 WHERE id BETWEEN 8035492 AND 8036491
	Aggregate  (cost=4054.68..4054.69 rows=1 width=8)
	  ->  Bitmap Heap Scan on sbtest6  (cost=35.16..4052.06 rows=1046 width=4)
	        Recheck Cond: ((id >= 8035492) AND (id <= 8036491))
	        ->  Bitmap Index Scan on sbtest6_pkey  (cost=0.00..34.90 rows=1046 width=0)
	              Index Cond: ((id >= 8035492) AND (id <= 8036491))

table 7 : explain SELECT SUM(k) FROM sbtest7 WHERE id BETWEEN 7128264 AND 7129263
	Aggregate  (cost=3616.51..3616.52 rows=1 width=8)
	  ->  Bitmap Heap Scan on sbtest7  (cost=29.98..3614.18 rows=931 width=4)
	        Recheck Cond: ((id >= 7128264) AND (id <= 7129263))
	        ->  Bitmap Index Scan on sbtest7_pkey  (cost=0.00..29.75 rows=931 width=0)
	              Index Cond: ((id >= 7128264) AND (id <= 7129263))

table 8 : explain SELECT SUM(k) FROM sbtest8 WHERE id BETWEEN 9290959 AND 9291958
	Aggregate  (cost=3798.08..3798.09 rows=1 width=8)
	  ->  Bitmap Heap Scan on sbtest8  (cost=30.47..3795.63 rows=979 width=4)
	        Recheck Cond: ((id >= 9290959) AND (id <= 9291958))
	        ->  Bitmap Index Scan on sbtest8_pkey  (cost=0.00..30.22 rows=979 width=0)
	              Index Cond: ((id >= 9290959) AND (id <= 9291958))

for: simple_ranges
table 1 : explain SELECT c FROM sbtest1 WHERE id BETWEEN 8619029 AND 8620028
	Bitmap Heap Scan on sbtest1  (cost=29.75..3530.80 rows=909 width=121)
	  Recheck Cond: ((id >= 8619029) AND (id <= 8620028))
	  ->  Bitmap Index Scan on sbtest1_pkey  (cost=0.00..29.52 rows=909 width=0)
	        Index Cond: ((id >= 8619029) AND (id <= 8620028))

table 2 : explain SELECT c FROM sbtest2 WHERE id BETWEEN 3115169 AND 3116168
	Bitmap Heap Scan on sbtest2  (cost=30.88..3946.60 rows=1019 width=121)
	  Recheck Cond: ((id >= 3115169) AND (id <= 3116168))
	  ->  Bitmap Index Scan on sbtest2_pkey  (cost=0.00..30.62 rows=1019 width=0)
	        Index Cond: ((id >= 3115169) AND (id <= 3116168))

table 3 : explain SELECT c FROM sbtest3 WHERE id BETWEEN 5849953 AND 5850952
	Bitmap Heap Scan on sbtest3  (cost=30.80..3916.16 rows=1011 width=121)
	  Recheck Cond: ((id >= 5849953) AND (id <= 5850952))
	  ->  Bitmap Index Scan on sbtest3_pkey  (cost=0.00..30.54 rows=1011 width=0)
	        Index Cond: ((id >= 5849953) AND (id <= 5850952))

table 4 : explain SELECT c FROM sbtest4 WHERE id BETWEEN 486121 AND 487120
	Bitmap Heap Scan on sbtest4  (cost=30.81..3920.47 rows=1012 width=121)
	  Recheck Cond: ((id >= 486121) AND (id <= 487120))
	  ->  Bitmap Index Scan on sbtest4_pkey  (cost=0.00..30.55 rows=1012 width=0)
	        Index Cond: ((id >= 486121) AND (id <= 487120))

table 5 : explain SELECT c FROM sbtest5 WHERE id BETWEEN 1061463 AND 1062462
	Bitmap Heap Scan on sbtest5  (cost=30.44..3784.29 rows=976 width=121)
	  Recheck Cond: ((id >= 1061463) AND (id <= 1062462))
	  ->  Bitmap Index Scan on sbtest5_pkey  (cost=0.00..30.19 rows=976 width=0)
	        Index Cond: ((id >= 1061463) AND (id <= 1062462))

table 6 : explain SELECT c FROM sbtest6 WHERE id BETWEEN 6201875 AND 6202874
	Bitmap Heap Scan on sbtest6  (cost=30.45..3787.73 rows=977 width=121)
	  Recheck Cond: ((id >= 6201875) AND (id <= 6202874))
	  ->  Bitmap Index Scan on sbtest6_pkey  (cost=0.00..30.20 rows=977 width=0)
	        Index Cond: ((id >= 6201875) AND (id <= 6202874))

table 7 : explain SELECT c FROM sbtest7 WHERE id BETWEEN 639235 AND 640234
	Bitmap Heap Scan on sbtest7  (cost=35.77..4278.40 rows=1106 width=121)
	  Recheck Cond: ((id >= 639235) AND (id <= 640234))
	  ->  Bitmap Index Scan on sbtest7_pkey  (cost=0.00..35.50 rows=1106 width=0)
	        Index Cond: ((id >= 639235) AND (id <= 640234))

table 8 : explain SELECT c FROM sbtest8 WHERE id BETWEEN 6700361 AND 6701360
	Bitmap Heap Scan on sbtest8  (cost=35.01..3999.66 rows=1032 width=121)
	  Recheck Cond: ((id >= 6700361) AND (id <= 6701360))
	  ->  Bitmap Index Scan on sbtest8_pkey  (cost=0.00..34.76 rows=1032 width=0)
	        Index Cond: ((id >= 6700361) AND (id <= 6701360))

for: sum_ranges
table 1 : explain SELECT SUM(k) FROM sbtest1 WHERE id BETWEEN 5399287 AND 5400286
	Aggregate  (cost=3869.78..3869.79 rows=1 width=8)
	  ->  Bitmap Heap Scan on sbtest1  (cost=30.66..3867.28 rows=998 width=4)
	        Recheck Cond: ((id >= 5399287) AND (id <= 5400286))
	        ->  Bitmap Index Scan on sbtest1_pkey  (cost=0.00..30.41 rows=998 width=0)
	              Index Cond: ((id >= 5399287) AND (id <= 5400286))

table 2 : explain SELECT SUM(k) FROM sbtest2 WHERE id BETWEEN 2930310 AND 2931309
	Aggregate  (cost=3937.82..3937.83 rows=1 width=8)
	  ->  Bitmap Heap Scan on sbtest2  (cost=30.85..3935.28 rows=1016 width=4)
	        Recheck Cond: ((id >= 2930310) AND (id <= 2931309))
	        ->  Bitmap Index Scan on sbtest2_pkey  (cost=0.00..30.59 rows=1016 width=0)
	              Index Cond: ((id >= 2930310) AND (id <= 2931309))

table 3 : explain SELECT SUM(k) FROM sbtest3 WHERE id BETWEEN 4653610 AND 4654609
	Aggregate  (cost=4137.69..4137.70 rows=1 width=8)
	  ->  Bitmap Heap Scan on sbtest3  (cost=35.38..4135.02 rows=1068 width=4)
	        Recheck Cond: ((id >= 4653610) AND (id <= 4654609))
	        ->  Bitmap Index Scan on sbtest3_pkey  (cost=0.00..35.12 rows=1068 width=0)
	              Index Cond: ((id >= 4653610) AND (id <= 4654609))

table 4 : explain SELECT SUM(k) FROM sbtest4 WHERE id BETWEEN 6911580 AND 6912579
	Aggregate  (cost=3972.08..3972.09 rows=1 width=8)
	  ->  Bitmap Heap Scan on sbtest4  (cost=30.94..3969.52 rows=1025 width=4)
	        Recheck Cond: ((id >= 6911580) AND (id <= 6912579))
	        ->  Bitmap Index Scan on sbtest4_pkey  (cost=0.00..30.68 rows=1025 width=0)
	              Index Cond: ((id >= 6911580) AND (id <= 6912579))

table 5 : explain SELECT SUM(k) FROM sbtest5 WHERE id BETWEEN 1307734 AND 1308733
	Aggregate  (cost=3968.04..3968.05 rows=1 width=8)
	  ->  Bitmap Heap Scan on sbtest5  (cost=30.93..3965.48 rows=1024 width=4)
	        Recheck Cond: ((id >= 1307734) AND (id <= 1308733))
	        ->  Bitmap Index Scan on sbtest5_pkey  (cost=0.00..30.68 rows=1024 width=0)
	              Index Cond: ((id >= 1307734) AND (id <= 1308733))

table 6 : explain SELECT SUM(k) FROM sbtest6 WHERE id BETWEEN 9534657 AND 9535656
	Aggregate  (cost=3930.16..3930.17 rows=1 width=8)
	  ->  Bitmap Heap Scan on sbtest6  (cost=34.82..3927.63 rows=1013 width=4)
	        Recheck Cond: ((id >= 9534657) AND (id <= 9535656))
	        ->  Bitmap Index Scan on sbtest6_pkey  (cost=0.00..34.57 rows=1013 width=0)
	              Index Cond: ((id >= 9534657) AND (id <= 9535656))

table 7 : explain SELECT SUM(k) FROM sbtest7 WHERE id BETWEEN 6563274 AND 6564273
	Aggregate  (cost=4213.38..4213.39 rows=1 width=8)
	  ->  Bitmap Heap Scan on sbtest7  (cost=35.59..4210.66 rows=1088 width=4)
	        Recheck Cond: ((id >= 6563274) AND (id <= 6564273))
	        ->  Bitmap Index Scan on sbtest7_pkey  (cost=0.00..35.32 rows=1088 width=0)
	              Index Cond: ((id >= 6563274) AND (id <= 6564273))

table 8 : explain SELECT SUM(k) FROM sbtest8 WHERE id BETWEEN 7419257 AND 7420256
	Aggregate  (cost=4013.56..4013.57 rows=1 width=8)
	  ->  Bitmap Heap Scan on sbtest8  (cost=35.04..4010.97 rows=1035 width=4)
	        Recheck Cond: ((id >= 7419257) AND (id <= 7420256))
	        ->  Bitmap Index Scan on sbtest8_pkey  (cost=0.00..34.79 rows=1035 width=0)
	              Index Cond: ((id >= 7419257) AND (id <= 7420256))

for: sum_ranges
table 1 : explain SELECT SUM(k) FROM sbtest1 WHERE id BETWEEN 7758220 AND 7759219
	Aggregate  (cost=3658.04..3658.05 rows=1 width=8)
	  ->  Bitmap Heap Scan on sbtest1  (cost=30.09..3655.69 rows=942 width=4)
	        Recheck Cond: ((id >= 7758220) AND (id <= 7759219))
	        ->  Bitmap Index Scan on sbtest1_pkey  (cost=0.00..29.86 rows=942 width=0)
	              Index Cond: ((id >= 7758220) AND (id <= 7759219))

table 2 : explain SELECT SUM(k) FROM sbtest2 WHERE id BETWEEN 8625537 AND 8626536
	Aggregate  (cost=3627.82..3627.83 rows=1 width=8)
	  ->  Bitmap Heap Scan on sbtest2  (cost=30.01..3625.49 rows=934 width=4)
	        Recheck Cond: ((id >= 8625537) AND (id <= 8626536))
	        ->  Bitmap Index Scan on sbtest2_pkey  (cost=0.00..29.77 rows=934 width=0)
	              Index Cond: ((id >= 8625537) AND (id <= 8626536))

table 3 : explain SELECT SUM(k) FROM sbtest3 WHERE id BETWEEN 6268557 AND 6269556
	Aggregate  (cost=4239.40..4239.41 rows=1 width=8)
	  ->  Bitmap Heap Scan on sbtest3  (cost=35.66..4236.66 rows=1095 width=4)
	        Recheck Cond: ((id >= 6268557) AND (id <= 6269556))
	        ->  Bitmap Index Scan on sbtest3_pkey  (cost=0.00..35.39 rows=1095 width=0)
	              Index Cond: ((id >= 6268557) AND (id <= 6269556))

table 4 : explain SELECT SUM(k) FROM sbtest4 WHERE id BETWEEN 4328212 AND 4329211
	Aggregate  (cost=4059.10..4059.11 rows=1 width=8)
	  ->  Bitmap Heap Scan on sbtest4  (cost=35.17..4056.48 rows=1047 width=4)
	        Recheck Cond: ((id >= 4328212) AND (id <= 4329211))
	        ->  Bitmap Index Scan on sbtest4_pkey  (cost=0.00..34.91 rows=1047 width=0)
	              Index Cond: ((id >= 4328212) AND (id <= 4329211))

table 5 : explain SELECT SUM(k) FROM sbtest5 WHERE id BETWEEN 257605 AND 258604
	Aggregate  (cost=3745.13..3745.14 rows=1 width=8)
	  ->  Bitmap Heap Scan on sbtest5  (cost=30.33..3742.72 rows=965 width=4)
	        Recheck Cond: ((id >= 257605) AND (id <= 258604))
	        ->  Bitmap Index Scan on sbtest5_pkey  (cost=0.00..30.08 rows=965 width=0)
	              Index Cond: ((id >= 257605) AND (id <= 258604))

table 6 : explain SELECT SUM(k) FROM sbtest6 WHERE id BETWEEN 8936498 AND 8937497
	Aggregate  (cost=3846.86..3846.87 rows=1 width=8)
	  ->  Bitmap Heap Scan on sbtest6  (cost=30.60..3844.38 rows=992 width=4)
	        Recheck Cond: ((id >= 8936498) AND (id <= 8937497))
	        ->  Bitmap Index Scan on sbtest6_pkey  (cost=0.00..30.36 rows=992 width=0)
	              Index Cond: ((id >= 8936498) AND (id <= 8937497))

table 7 : explain SELECT SUM(k) FROM sbtest7 WHERE id BETWEEN 9228715 AND 9229714
	Aggregate  (cost=3366.33..3366.34 rows=1 width=8)
	  ->  Bitmap Heap Scan on sbtest7  (cost=29.30..3364.17 rows=865 width=4)
	        Recheck Cond: ((id >= 9228715) AND (id <= 9229714))
	        ->  Bitmap Index Scan on sbtest7_pkey  (cost=0.00..29.08 rows=865 width=0)
	              Index Cond: ((id >= 9228715) AND (id <= 9229714))

table 8 : explain SELECT SUM(k) FROM sbtest8 WHERE id BETWEEN 9407998 AND 9408997
	Aggregate  (cost=4089.00..4089.01 rows=1 width=8)
	  ->  Bitmap Heap Scan on sbtest8  (cost=35.25..4086.36 rows=1055 width=4)
	        Recheck Cond: ((id >= 9407998) AND (id <= 9408997))
	        ->  Bitmap Index Scan on sbtest8_pkey  (cost=0.00..34.98 rows=1055 width=0)
	              Index Cond: ((id >= 9407998) AND (id <= 9408997))

for: sum_ranges
table 1 : explain SELECT SUM(k) FROM sbtest1 WHERE id BETWEEN 4217206 AND 4218205
	Aggregate  (cost=3971.72..3971.73 rows=1 width=8)
	  ->  Bitmap Heap Scan on sbtest1  (cost=30.94..3969.16 rows=1025 width=4)
	        Recheck Cond: ((id >= 4217206) AND (id <= 4218205))
	        ->  Bitmap Index Scan on sbtest1_pkey  (cost=0.00..30.68 rows=1025 width=0)
	              Index Cond: ((id >= 4217206) AND (id <= 4218205))

table 2 : explain SELECT SUM(k) FROM sbtest2 WHERE id BETWEEN 7094535 AND 7095534
	Aggregate  (cost=4039.94..4039.95 rows=1 width=8)
	  ->  Bitmap Heap Scan on sbtest2  (cost=35.12..4037.34 rows=1042 width=4)
	        Recheck Cond: ((id >= 7094535) AND (id <= 7095534))
	        ->  Bitmap Index Scan on sbtest2_pkey  (cost=0.00..34.86 rows=1042 width=0)
	              Index Cond: ((id >= 7094535) AND (id <= 7095534))

table 3 : explain SELECT SUM(k) FROM sbtest3 WHERE id BETWEEN 7800125 AND 7801124
	Aggregate  (cost=3525.34..3525.35 rows=1 width=8)
	  ->  Bitmap Heap Scan on sbtest3  (cost=29.73..3523.07 rows=907 width=4)
	        Recheck Cond: ((id >= 7800125) AND (id <= 7801124))
	        ->  Bitmap Index Scan on sbtest3_pkey  (cost=0.00..29.50 rows=907 width=0)
	              Index Cond: ((id >= 7800125) AND (id <= 7801124))

table 4 : explain SELECT SUM(k) FROM sbtest4 WHERE id BETWEEN 3983757 AND 3984756
	Aggregate  (cost=4093.04..4093.05 rows=1 width=8)
	  ->  Bitmap Heap Scan on sbtest4  (cost=35.26..4090.40 rows=1056 width=4)
	        Recheck Cond: ((id >= 3983757) AND (id <= 3984756))
	        ->  Bitmap Index Scan on sbtest4_pkey  (cost=0.00..35.00 rows=1056 width=0)
	              Index Cond: ((id >= 3983757) AND (id <= 3984756))

table 5 : explain SELECT SUM(k) FROM sbtest5 WHERE id BETWEEN 6145318 AND 6146317
	Aggregate  (cost=4698.28..4698.29 rows=1 width=8)
	  ->  Bitmap Heap Scan on sbtest5  (cost=36.92..4695.23 rows=1218 width=4)
	        Recheck Cond: ((id >= 6145318) AND (id <= 6146317))
	        ->  Bitmap Index Scan on sbtest5_pkey  (cost=0.00..36.62 rows=1218 width=0)
	              Index Cond: ((id >= 6145318) AND (id <= 6146317))

table 6 : explain SELECT SUM(k) FROM sbtest6 WHERE id BETWEEN 5541609 AND 5542608
	Aggregate  (cost=3763.71..3763.72 rows=1 width=8)
	  ->  Bitmap Heap Scan on sbtest6  (cost=30.38..3761.29 rows=970 width=4)
	        Recheck Cond: ((id >= 5541609) AND (id <= 5542608))
	        ->  Bitmap Index Scan on sbtest6_pkey  (cost=0.00..30.14 rows=970 width=0)
	              Index Cond: ((id >= 5541609) AND (id <= 5542608))

table 7 : explain SELECT SUM(k) FROM sbtest7 WHERE id BETWEEN 9958832 AND 9959831
	Aggregate  (cost=4251.04..4251.05 rows=1 width=8)
	  ->  Bitmap Heap Scan on sbtest7  (cost=35.69..4248.30 rows=1098 width=4)
	        Recheck Cond: ((id >= 9958832) AND (id <= 9959831))
	        ->  Bitmap Index Scan on sbtest7_pkey  (cost=0.00..35.42 rows=1098 width=0)
	              Index Cond: ((id >= 9958832) AND (id <= 9959831))

table 8 : explain SELECT SUM(k) FROM sbtest8 WHERE id BETWEEN 3311641 AND 3312640
	Aggregate  (cost=3571.05..3571.06 rows=1 width=8)
	  ->  Bitmap Heap Scan on sbtest8  (cost=29.85..3568.75 rows=919 width=4)
	        Recheck Cond: ((id >= 3311641) AND (id <= 3312640))
	        ->  Bitmap Index Scan on sbtest8_pkey  (cost=0.00..29.62 rows=919 width=0)
	              Index Cond: ((id >= 3311641) AND (id <= 3312640))

explain: for point_selects :: explain SELECT c FROM sbtest%u WHERE id=%u
explain: for point_selects :: explain SELECT c FROM sbtest%u WHERE id=%u
for point_selects
table 1 : explain SELECT c FROM sbtest1 WHERE id=1463242
	Index Scan using sbtest1_pkey on sbtest1  (cost=0.43..8.45 rows=1 width=121)
	  Index Cond: (id = 1463242)

table 2 : explain SELECT c FROM sbtest2 WHERE id=921771
	Index Scan using sbtest2_pkey on sbtest2  (cost=0.43..8.45 rows=1 width=121)
	  Index Cond: (id = 921771)

table 3 : explain SELECT c FROM sbtest3 WHERE id=6094041
	Index Scan using sbtest3_pkey on sbtest3  (cost=0.43..8.45 rows=1 width=121)
	  Index Cond: (id = 6094041)

table 4 : explain SELECT c FROM sbtest4 WHERE id=9648508
	Index Scan using sbtest4_pkey on sbtest4  (cost=0.43..8.45 rows=1 width=121)
	  Index Cond: (id = 9648508)

table 5 : explain SELECT c FROM sbtest5 WHERE id=7292130
	Index Scan using sbtest5_pkey on sbtest5  (cost=0.43..8.45 rows=1 width=121)
	  Index Cond: (id = 7292130)

table 6 : explain SELECT c FROM sbtest6 WHERE id=4194060
	Index Scan using sbtest6_pkey on sbtest6  (cost=0.43..8.45 rows=1 width=121)
	  Index Cond: (id = 4194060)

table 7 : explain SELECT c FROM sbtest7 WHERE id=4039231
	Index Scan using sbtest7_pkey on sbtest7  (cost=0.43..8.45 rows=1 width=121)
	  Index Cond: (id = 4039231)

table 8 : explain SELECT c FROM sbtest8 WHERE id=2312620
	Index Scan using sbtest8_pkey on sbtest8  (cost=0.43..8.45 rows=1 width=121)
	  Index Cond: (id = 2312620)

for point_selects
table 1 : explain SELECT c FROM sbtest1 WHERE id=7983509
	Index Scan using sbtest1_pkey on sbtest1  (cost=0.43..8.45 rows=1 width=121)
	  Index Cond: (id = 7983509)

table 2 : explain SELECT c FROM sbtest2 WHERE id=882194
	Index Scan using sbtest2_pkey on sbtest2  (cost=0.43..8.45 rows=1 width=121)
	  Index Cond: (id = 882194)

table 3 : explain SELECT c FROM sbtest3 WHERE id=5960086
	Index Scan using sbtest3_pkey on sbtest3  (cost=0.43..8.45 rows=1 width=121)
	  Index Cond: (id = 5960086)

table 4 : explain SELECT c FROM sbtest4 WHERE id=7187879
	Index Scan using sbtest4_pkey on sbtest4  (cost=0.43..8.45 rows=1 width=121)
	  Index Cond: (id = 7187879)

table 5 : explain SELECT c FROM sbtest5 WHERE id=6824101
	Index Scan using sbtest5_pkey on sbtest5  (cost=0.43..8.45 rows=1 width=121)
	  Index Cond: (id = 6824101)

table 6 : explain SELECT c FROM sbtest6 WHERE id=6376037
	Index Scan using sbtest6_pkey on sbtest6  (cost=0.43..8.45 rows=1 width=121)
	  Index Cond: (id = 6376037)

table 7 : explain SELECT c FROM sbtest7 WHERE id=9886957
	Index Scan using sbtest7_pkey on sbtest7  (cost=0.43..8.45 rows=1 width=121)
	  Index Cond: (id = 9886957)

table 8 : explain SELECT c FROM sbtest8 WHERE id=7234654
	Index Scan using sbtest8_pkey on sbtest8  (cost=0.43..8.45 rows=1 width=121)
	  Index Cond: (id = 7234654)

explain: for point_selects :: explain SELECT c FROM sbtest%u WHERE id=%u
for: sum_ranges
table 1 : explain SELECT SUM(k) FROM sbtest1 WHERE id BETWEEN 72728 AND 73727
	Aggregate  (cost=3786.64..3786.65 rows=1 width=8)
	  ->  Bitmap Heap Scan on sbtest1  (cost=30.44..3784.20 rows=976 width=4)
	        Recheck Cond: ((id >= 72728) AND (id <= 73727))
	        ->  Bitmap Index Scan on sbtest1_pkey  (cost=0.00..30.19 rows=976 width=0)
	              Index Cond: ((id >= 72728) AND (id <= 73727))

table 2 : explain SELECT SUM(k) FROM sbtest2 WHERE id BETWEEN 6849054 AND 6850053
	Aggregate  (cost=3828.29..3828.30 rows=1 width=8)
	  ->  Bitmap Heap Scan on sbtest2  (cost=30.55..3825.82 rows=987 width=4)
	        Recheck Cond: ((id >= 6849054) AND (id <= 6850053))
	        ->  Bitmap Index Scan on sbtest2_pkey  (cost=0.00..30.30 rows=987 width=0)
	              Index Cond: ((id >= 6849054) AND (id <= 6850053))

table 3 : explain SELECT SUM(k) FROM sbtest3 WHERE id BETWEEN 6783405 AND 6784404
	Aggregate  (cost=3963.98..3963.99 rows=1 width=8)
	  ->  Bitmap Heap Scan on sbtest3  (cost=30.92..3961.42 rows=1023 width=4)
	        Recheck Cond: ((id >= 6783405) AND (id <= 6784404))
	        ->  Bitmap Index Scan on sbtest3_pkey  (cost=0.00..30.66 rows=1023 width=0)
	              Index Cond: ((id >= 6783405) AND (id <= 6784404))

table 4 : explain SELECT SUM(k) FROM sbtest4 WHERE id BETWEEN 5044848 AND 5045847
	Aggregate  (cost=3768.07..3768.08 rows=1 width=8)
	  ->  Bitmap Heap Scan on sbtest4  (cost=30.39..3765.64 rows=971 width=4)
	        Recheck Cond: ((id >= 5044848) AND (id <= 5045847))
	        ->  Bitmap Index Scan on sbtest4_pkey  (cost=0.00..30.14 rows=971 width=0)
	              Index Cond: ((id >= 5044848) AND (id <= 5045847))

table 5 : explain SELECT SUM(k) FROM sbtest5 WHERE id BETWEEN 9055340 AND 9056339
	Aggregate  (cost=4085.21..4085.22 rows=1 width=8)
	  ->  Bitmap Heap Scan on sbtest5  (cost=35.24..4082.58 rows=1054 width=4)
	        Recheck Cond: ((id >= 9055340) AND (id <= 9056339))
	        ->  Bitmap Index Scan on sbtest5_pkey  (cost=0.00..34.98 rows=1054 width=0)
	              Index Cond: ((id >= 9055340) AND (id <= 9056339))

table 6 : explain SELECT SUM(k) FROM sbtest6 WHERE id BETWEEN 9898846 AND 9899845
	Aggregate  (cost=3782.62..3782.63 rows=1 width=8)
	  ->  Bitmap Heap Scan on sbtest6  (cost=30.43..3780.18 rows=975 width=4)
	        Recheck Cond: ((id >= 9898846) AND (id <= 9899845))
	        ->  Bitmap Index Scan on sbtest6_pkey  (cost=0.00..30.18 rows=975 width=0)
	              Index Cond: ((id >= 9898846) AND (id <= 9899845))

table 7 : explain SELECT SUM(k) FROM sbtest7 WHERE id BETWEEN 5418957 AND 5419956
	Aggregate  (cost=3775.41..3775.42 rows=1 width=8)
	  ->  Bitmap Heap Scan on sbtest7  (cost=30.41..3772.98 rows=973 width=4)
	        Recheck Cond: ((id >= 5418957) AND (id <= 5419956))
	        ->  Bitmap Index Scan on sbtest7_pkey  (cost=0.00..30.16 rows=973 width=0)
	              Index Cond: ((id >= 5418957) AND (id <= 5419956))

table 8 : explain SELECT SUM(k) FROM sbtest8 WHERE id BETWEEN 8565105 AND 8566104
	Aggregate  (cost=4149.31..4149.32 rows=1 width=8)
	  ->  Bitmap Heap Scan on sbtest8  (cost=35.41..4146.63 rows=1071 width=4)
	        Recheck Cond: ((id >= 8565105) AND (id <= 8566104))
	        ->  Bitmap Index Scan on sbtest8_pkey  (cost=0.00..35.15 rows=1071 width=0)
	              Index Cond: ((id >= 8565105) AND (id <= 8566104))

explain: for point_selects :: explain SELECT c FROM sbtest%u WHERE id=%u
for: sum_ranges
table 1 : explain SELECT SUM(k) FROM sbtest1 WHERE id BETWEEN 5524630 AND 5525629
	Aggregate  (cost=3979.27..3979.28 rows=1 width=8)
	  ->  Bitmap Heap Scan on sbtest1  (cost=30.96..3976.70 rows=1027 width=4)
	        Recheck Cond: ((id >= 5524630) AND (id <= 5525629))
	        ->  Bitmap Index Scan on sbtest1_pkey  (cost=0.00..30.70 rows=1027 width=0)
	              Index Cond: ((id >= 5524630) AND (id <= 5525629))

table 2 : explain SELECT SUM(k) FROM sbtest2 WHERE id BETWEEN 7266912 AND 7267911
	Aggregate  (cost=3684.59..3684.60 rows=1 width=8)
	  ->  Bitmap Heap Scan on sbtest2  (cost=30.16..3682.22 rows=949 width=4)
	        Recheck Cond: ((id >= 7266912) AND (id <= 7267911))
	        ->  Bitmap Index Scan on sbtest2_pkey  (cost=0.00..29.93 rows=949 width=0)
	              Index Cond: ((id >= 7266912) AND (id <= 7267911))

table 3 : explain SELECT SUM(k) FROM sbtest3 WHERE id BETWEEN 951833 AND 952832
	Aggregate  (cost=3654.08..3654.09 rows=1 width=8)
	  ->  Bitmap Heap Scan on sbtest3  (cost=30.08..3651.73 rows=941 width=4)
	        Recheck Cond: ((id >= 951833) AND (id <= 952832))
	        ->  Bitmap Index Scan on sbtest3_pkey  (cost=0.00..29.84 rows=941 width=0)
	              Index Cond: ((id >= 951833) AND (id <= 952832))

table 4 : explain SELECT SUM(k) FROM sbtest4 WHERE id BETWEEN 4306824 AND 4307823
	Aggregate  (cost=4059.10..4059.11 rows=1 width=8)
	  ->  Bitmap Heap Scan on sbtest4  (cost=35.17..4056.48 rows=1047 width=4)
	        Recheck Cond: ((id >= 4306824) AND (id <= 4307823))
	        ->  Bitmap Index Scan on sbtest4_pkey  (cost=0.00..34.91 rows=1047 width=0)
	              Index Cond: ((id >= 4306824) AND (id <= 4307823))

table 5 : explain SELECT SUM(k) FROM sbtest5 WHERE id BETWEEN 2464432 AND 2465431
	Aggregate  (cost=3677.04..3677.05 rows=1 width=8)
	  ->  Bitmap Heap Scan on sbtest5  (cost=30.14..3674.67 rows=947 width=4)
	        Recheck Cond: ((id >= 2464432) AND (id <= 2465431))
	        ->  Bitmap Index Scan on sbtest5_pkey  (cost=0.00..29.90 rows=947 width=0)
	              Index Cond: ((id >= 2464432) AND (id <= 2465431))

table 6 : explain SELECT SUM(k) FROM sbtest6 WHERE id BETWEEN 5085467 AND 5086466
	Aggregate  (cost=4231.79..4231.80 rows=1 width=8)
	  ->  Bitmap Heap Scan on sbtest6  (cost=35.64..4229.05 rows=1093 width=4)
	        Recheck Cond: ((id >= 5085467) AND (id <= 5086466))
	        ->  Bitmap Index Scan on sbtest6_pkey  (cost=0.00..35.37 rows=1093 width=0)
	              Index Cond: ((id >= 5085467) AND (id <= 5086466))

table 7 : explain SELECT SUM(k) FROM sbtest7 WHERE id BETWEEN 6478092 AND 6479091
	Aggregate  (cost=3695.99..3696.00 rows=1 width=8)
	  ->  Bitmap Heap Scan on sbtest7  (cost=30.19..3693.61 rows=952 width=4)
	        Recheck Cond: ((id >= 6478092) AND (id <= 6479091))
	        ->  Bitmap Index Scan on sbtest7_pkey  (cost=0.00..29.95 rows=952 width=0)
	              Index Cond: ((id >= 6478092) AND (id <= 6479091))

table 8 : explain SELECT SUM(k) FROM sbtest8 WHERE id BETWEEN 2130358 AND 2131357
	Aggregate  (cost=4141.77..4141.78 rows=1 width=8)
	  ->  Bitmap Heap Scan on sbtest8  (cost=35.39..4139.10 rows=1069 width=4)
	        Recheck Cond: ((id >= 2130358) AND (id <= 2131357))
	        ->  Bitmap Index Scan on sbtest8_pkey  (cost=0.00..35.12 rows=1069 width=0)
	              Index Cond: ((id >= 2130358) AND (id <= 2131357))

for: order_ranges
table 1 : explain SELECT c FROM sbtest1 WHERE id BETWEEN 6224478 AND 6225477 ORDER BY c
	Sort  (cost=3897.84..3900.32 rows=993 width=121)
	  Sort Key: c
	  ->  Bitmap Heap Scan on sbtest1  (cost=30.61..3848.41 rows=993 width=121)
	        Recheck Cond: ((id >= 6224478) AND (id <= 6225477))
	        ->  Bitmap Index Scan on sbtest1_pkey  (cost=0.00..30.36 rows=993 width=0)
	              Index Cond: ((id >= 6224478) AND (id <= 6225477))

table 2 : explain SELECT c FROM sbtest2 WHERE id BETWEEN 2793502 AND 2794501 ORDER BY c
	Sort  (cost=4307.52..4310.26 rows=1099 width=121)
	  Sort Key: c
	  ->  Bitmap Heap Scan on sbtest2  (cost=35.70..4252.01 rows=1099 width=121)
	        Recheck Cond: ((id >= 2793502) AND (id <= 2794501))
	        ->  Bitmap Index Scan on sbtest2_pkey  (cost=0.00..35.43 rows=1099 width=0)
	              Index Cond: ((id >= 2793502) AND (id <= 2794501))

table 3 : explain SELECT c FROM sbtest3 WHERE id BETWEEN 5286078 AND 5287077 ORDER BY c
	Sort  (cost=3394.58..3396.73 rows=862 width=121)
	  Sort Key: c
	  ->  Bitmap Heap Scan on sbtest3  (cost=29.27..3352.55 rows=862 width=121)
	        Recheck Cond: ((id >= 5286078) AND (id <= 5287077))
	        ->  Bitmap Index Scan on sbtest3_pkey  (cost=0.00..29.05 rows=862 width=0)
	              Index Cond: ((id >= 5286078) AND (id <= 5287077))

table 4 : explain SELECT c FROM sbtest4 WHERE id BETWEEN 4809816 AND 4810815 ORDER BY c
	Sort  (cost=3733.25..3735.62 rows=950 width=121)
	  Sort Key: c
	  ->  Bitmap Heap Scan on sbtest4  (cost=30.17..3686.26 rows=950 width=121)
	        Recheck Cond: ((id >= 4809816) AND (id <= 4810815))
	        ->  Bitmap Index Scan on sbtest4_pkey  (cost=0.00..29.93 rows=950 width=0)
	              Index Cond: ((id >= 4809816) AND (id <= 4810815))

table 5 : explain SELECT c FROM sbtest5 WHERE id BETWEEN 9255235 AND 9256234 ORDER BY c
	Sort  (cost=4074.10..4076.70 rows=1039 width=121)
	  Sort Key: c
	  ->  Bitmap Heap Scan on sbtest5  (cost=31.08..4022.04 rows=1039 width=121)
	        Recheck Cond: ((id >= 9255235) AND (id <= 9256234))
	        ->  Bitmap Index Scan on sbtest5_pkey  (cost=0.00..30.82 rows=1039 width=0)
	              Index Cond: ((id >= 9255235) AND (id <= 9256234))

table 6 : explain SELECT c FROM sbtest6 WHERE id BETWEEN 9259277 AND 9260276 ORDER BY c
	Sort  (cost=4158.08..4160.73 rows=1060 width=121)
	  Sort Key: c
	  ->  Bitmap Heap Scan on sbtest6  (cost=35.30..4104.81 rows=1060 width=121)
	        Recheck Cond: ((id >= 9259277) AND (id <= 9260276))
	        ->  Bitmap Index Scan on sbtest6_pkey  (cost=0.00..35.04 rows=1060 width=0)
	              Index Cond: ((id >= 9259277) AND (id <= 9260276))

table 7 : explain SELECT c FROM sbtest7 WHERE id BETWEEN 7041275 AND 7042274 ORDER BY c
	Sort  (cost=3660.09..3662.42 rows=931 width=121)
	  Sort Key: c
	  ->  Bitmap Heap Scan on sbtest7  (cost=29.98..3614.18 rows=931 width=121)
	        Recheck Cond: ((id >= 7041275) AND (id <= 7042274))
	        ->  Bitmap Index Scan on sbtest7_pkey  (cost=0.00..29.75 rows=931 width=0)
	              Index Cond: ((id >= 7041275) AND (id <= 7042274))

table 8 : explain SELECT c FROM sbtest8 WHERE id BETWEEN 8936840 AND 8937839 ORDER BY c
	Sort  (cost=4173.76..4176.42 rows=1064 width=121)
	  Sort Key: c
	  ->  Bitmap Heap Scan on sbtest8  (cost=35.34..4120.27 rows=1064 width=121)
	        Recheck Cond: ((id >= 8936840) AND (id <= 8937839))
	        ->  Bitmap Index Scan on sbtest8_pkey  (cost=0.00..35.08 rows=1064 width=0)
	              Index Cond: ((id >= 8936840) AND (id <= 8937839))

for: order_ranges
table 1 : explain SELECT c FROM sbtest1 WHERE id BETWEEN 8479381 AND 8480380 ORDER BY c
	Sort  (cost=3985.95..3988.49 rows=1016 width=121)
	  Sort Key: c
	  ->  Bitmap Heap Scan on sbtest1  (cost=30.85..3935.21 rows=1016 width=121)
	        Recheck Cond: ((id >= 8479381) AND (id <= 8480380))
	        ->  Bitmap Index Scan on sbtest1_pkey  (cost=0.00..30.59 rows=1016 width=0)
	              Index Cond: ((id >= 8479381) AND (id <= 8480380))

table 2 : explain SELECT c FROM sbtest2 WHERE id BETWEEN 5398458 AND 5399457 ORDER BY c
	Sort  (cost=3932.40..3934.90 rows=1002 width=121)
	  Sort Key: c
	  ->  Bitmap Heap Scan on sbtest2  (cost=30.71..3882.45 rows=1002 width=121)
	        Recheck Cond: ((id >= 5398458) AND (id <= 5399457))
	        ->  Bitmap Index Scan on sbtest2_pkey  (cost=0.00..30.45 rows=1002 width=0)
	              Index Cond: ((id >= 5398458) AND (id <= 5399457))

table 3 : explain SELECT c FROM sbtest3 WHERE id BETWEEN 2339148 AND 2340147 ORDER BY c
	Sort  (cost=4242.26..4244.97 rows=1082 width=121)
	  Sort Key: c
	  ->  Bitmap Heap Scan on sbtest3  (cost=35.53..4187.73 rows=1082 width=121)
	        Recheck Cond: ((id >= 2339148) AND (id <= 2340147))
	        ->  Bitmap Index Scan on sbtest3_pkey  (cost=0.00..35.26 rows=1082 width=0)
	              Index Cond: ((id >= 2339148) AND (id <= 2340147))

table 4 : explain SELECT c FROM sbtest4 WHERE id BETWEEN 6234006 AND 6235005 ORDER BY c
	Sort  (cost=4112.82..4115.44 rows=1048 width=121)
	  Sort Key: c
	  ->  Bitmap Heap Scan on sbtest4  (cost=35.18..4060.25 rows=1048 width=121)
	        Recheck Cond: ((id >= 6234006) AND (id <= 6235005))
	        ->  Bitmap Index Scan on sbtest4_pkey  (cost=0.00..34.92 rows=1048 width=0)
	              Index Cond: ((id >= 6234006) AND (id <= 6235005))

table 5 : explain SELECT c FROM sbtest5 WHERE id BETWEEN 5713394 AND 5714393 ORDER BY c
	Sort  (cost=3782.89..3785.29 rows=963 width=121)
	  Sort Key: c
	  ->  Bitmap Heap Scan on sbtest5  (cost=30.31..3735.16 rows=963 width=121)
	        Recheck Cond: ((id >= 5713394) AND (id <= 5714393))
	        ->  Bitmap Index Scan on sbtest5_pkey  (cost=0.00..30.07 rows=963 width=0)
	              Index Cond: ((id >= 5713394) AND (id <= 5714393))

table 6 : explain SELECT c FROM sbtest6 WHERE id BETWEEN 4141025 AND 4142024 ORDER BY c
	Sort  (cost=3682.79..3685.13 rows=937 width=121)
	  Sort Key: c
	  ->  Bitmap Heap Scan on sbtest6  (cost=30.04..3636.54 rows=937 width=121)
	        Recheck Cond: ((id >= 4141025) AND (id <= 4142024))
	        ->  Bitmap Index Scan on sbtest6_pkey  (cost=0.00..29.80 rows=937 width=0)
	              Index Cond: ((id >= 4141025) AND (id <= 4142024))

table 7 : explain SELECT c FROM sbtest7 WHERE id BETWEEN 5154696 AND 5155695 ORDER BY c
	Sort  (cost=4284.64..4287.38 rows=1093 width=121)
	  Sort Key: c
	  ->  Bitmap Heap Scan on sbtest7  (cost=35.64..4229.48 rows=1093 width=121)
	        Recheck Cond: ((id >= 5154696) AND (id <= 5155695))
	        ->  Bitmap Index Scan on sbtest7_pkey  (cost=0.00..35.37 rows=1093 width=0)
	              Index Cond: ((id >= 5154696) AND (id <= 5155695))

table 8 : explain SELECT c FROM sbtest8 WHERE id BETWEEN 1724369 AND 1725368 ORDER BY c
	Sort  (cost=3848.10..3850.55 rows=980 width=121)
	  Sort Key: c
	  ->  Bitmap Heap Scan on sbtest8  (cost=30.48..3799.41 rows=980 width=121)
	        Recheck Cond: ((id >= 1724369) AND (id <= 1725368))
	        ->  Bitmap Index Scan on sbtest8_pkey  (cost=0.00..30.23 rows=980 width=0)
	              Index Cond: ((id >= 1724369) AND (id <= 1725368))

for: simple_ranges
table 1 : explain SELECT c FROM sbtest1 WHERE id BETWEEN 3750334 AND 3751333
	Bitmap Heap Scan on sbtest1  (cost=30.21..3701.06 rows=954 width=121)
	  Recheck Cond: ((id >= 3750334) AND (id <= 3751333))
	  ->  Bitmap Index Scan on sbtest1_pkey  (cost=0.00..29.97 rows=954 width=0)
	        Index Cond: ((id >= 3750334) AND (id <= 3751333))

table 2 : explain SELECT c FROM sbtest2 WHERE id BETWEEN 683023 AND 684022
	Bitmap Heap Scan on sbtest2  (cost=35.47..4169.20 rows=1077 width=121)
	  Recheck Cond: ((id >= 683023) AND (id <= 684022))
	  ->  Bitmap Index Scan on sbtest2_pkey  (cost=0.00..35.20 rows=1077 width=0)
	        Index Cond: ((id >= 683023) AND (id <= 684022))

table 3 : explain SELECT c FROM sbtest3 WHERE id BETWEEN 9868042 AND 9869041
	Bitmap Heap Scan on sbtest3  (cost=31.13..4036.83 rows=1043 width=121)
	  Recheck Cond: ((id >= 9868042) AND (id <= 9869041))
	  ->  Bitmap Index Scan on sbtest3_pkey  (cost=0.00..30.86 rows=1043 width=0)
	        Index Cond: ((id >= 9868042) AND (id <= 9869041))

table 4 : explain SELECT c FROM sbtest4 WHERE id BETWEEN 2580795 AND 2581794
	Bitmap Heap Scan on sbtest4  (cost=30.09..3656.00 rows=942 width=121)
	  Recheck Cond: ((id >= 2580795) AND (id <= 2581794))
	  ->  Bitmap Index Scan on sbtest4_pkey  (cost=0.00..29.86 rows=942 width=0)
	        Index Cond: ((id >= 2580795) AND (id <= 2581794))

table 5 : explain SELECT c FROM sbtest5 WHERE id BETWEEN 3683872 AND 3684871
	Bitmap Heap Scan on sbtest5  (cost=30.54..3822.06 rows=986 width=121)
	  Recheck Cond: ((id >= 3683872) AND (id <= 3684871))
	  ->  Bitmap Index Scan on sbtest5_pkey  (cost=0.00..30.29 rows=986 width=0)
	        Index Cond: ((id >= 3683872) AND (id <= 3684871))

table 6 : explain SELECT c FROM sbtest6 WHERE id BETWEEN 5536050 AND 5537049
	Bitmap Heap Scan on sbtest6  (cost=30.38..3761.29 rows=970 width=121)
	  Recheck Cond: ((id >= 5536050) AND (id <= 5537049))
	  ->  Bitmap Index Scan on sbtest6_pkey  (cost=0.00..30.14 rows=970 width=0)
	        Index Cond: ((id >= 5536050) AND (id <= 5537049))

table 7 : explain SELECT c FROM sbtest7 WHERE id BETWEEN 9553484 AND 9554483
	Bitmap Heap Scan on sbtest7  (cost=30.66..3867.40 rows=998 width=121)
	  Recheck Cond: ((id >= 9553484) AND (id <= 9554483))
	  ->  Bitmap Index Scan on sbtest7_pkey  (cost=0.00..30.41 rows=998 width=0)
	        Index Cond: ((id >= 9553484) AND (id <= 9554483))

table 8 : explain SELECT c FROM sbtest8 WHERE id BETWEEN 4350524 AND 4351523
	Bitmap Heap Scan on sbtest8  (cost=30.88..3946.63 rows=1019 width=121)
	  Recheck Cond: ((id >= 4350524) AND (id <= 4351523))
	  ->  Bitmap Index Scan on sbtest8_pkey  (cost=0.00..30.62 rows=1019 width=0)
	        Index Cond: ((id >= 4350524) AND (id <= 4351523))

for: order_ranges
table 1 : explain SELECT c FROM sbtest1 WHERE id BETWEEN 907225 AND 908224 ORDER BY c
	Sort  (cost=3644.62..3646.94 rows=927 width=121)
	  Sort Key: c
	  ->  Bitmap Heap Scan on sbtest1  (cost=29.94..3598.94 rows=927 width=121)
	        Recheck Cond: ((id >= 907225) AND (id <= 908224))
	        ->  Bitmap Index Scan on sbtest1_pkey  (cost=0.00..29.70 rows=927 width=0)
	              Index Cond: ((id >= 907225) AND (id <= 908224))

table 2 : explain SELECT c FROM sbtest2 WHERE id BETWEEN 7695717 AND 7696716 ORDER BY c
	Sort  (cost=4005.17..4007.73 rows=1021 width=121)
	  Sort Key: c
	  ->  Bitmap Heap Scan on sbtest2  (cost=30.90..3954.15 rows=1021 width=121)
	        Recheck Cond: ((id >= 7695717) AND (id <= 7696716))
	        ->  Bitmap Index Scan on sbtest2_pkey  (cost=0.00..30.64 rows=1021 width=0)
	              Index Cond: ((id >= 7695717) AND (id <= 7696716))

table 3 : explain SELECT c FROM sbtest3 WHERE id BETWEEN 3736077 AND 3737076 ORDER BY c
	Sort  (cost=3943.63..3946.14 rows=1005 width=121)
	  Sort Key: c
	  ->  Bitmap Heap Scan on sbtest3  (cost=30.74..3893.51 rows=1005 width=121)
	        Recheck Cond: ((id >= 3736077) AND (id <= 3737076))
	        ->  Bitmap Index Scan on sbtest3_pkey  (cost=0.00..30.48 rows=1005 width=0)
	              Index Cond: ((id >= 3736077) AND (id <= 3737076))

table 4 : explain SELECT c FROM sbtest4 WHERE id BETWEEN 3186898 AND 3187897 ORDER BY c
	Sort  (cost=4162.56..4165.21 rows=1061 width=121)
	  Sort Key: c
	  ->  Bitmap Heap Scan on sbtest4  (cost=35.31..4109.24 rows=1061 width=121)
	        Recheck Cond: ((id >= 3186898) AND (id <= 3187897))
	        ->  Bitmap Index Scan on sbtest4_pkey  (cost=0.00..35.05 rows=1061 width=0)
	              Index Cond: ((id >= 3186898) AND (id <= 3187897))

table 5 : explain SELECT c FROM sbtest5 WHERE id BETWEEN 9393699 AND 9394698 ORDER BY c
	Sort  (cost=3825.08..3827.51 rows=974 width=121)
	  Sort Key: c
	  ->  Bitmap Heap Scan on sbtest5  (cost=30.42..3776.73 rows=974 width=121)
	        Recheck Cond: ((id >= 9393699) AND (id <= 9394698))
	        ->  Bitmap Index Scan on sbtest5_pkey  (cost=0.00..30.18 rows=974 width=0)
	              Index Cond: ((id >= 9393699) AND (id <= 9394698))

table 6 : explain SELECT c FROM sbtest6 WHERE id BETWEEN 6193828 AND 6194827 ORDER BY c
	Sort  (cost=3836.25..3838.69 rows=977 width=121)
	  Sort Key: c
	  ->  Bitmap Heap Scan on sbtest6  (cost=30.45..3787.73 rows=977 width=121)
	        Recheck Cond: ((id >= 6193828) AND (id <= 6194827))
	        ->  Bitmap Index Scan on sbtest6_pkey  (cost=0.00..30.20 rows=977 width=0)
	              Index Cond: ((id >= 6193828) AND (id <= 6194827))

table 7 : explain SELECT c FROM sbtest7 WHERE id BETWEEN 6966311 AND 6967310 ORDER BY c
	Sort  (cost=3993.73..3996.28 rows=1018 width=121)
	  Sort Key: c
	  ->  Bitmap Heap Scan on sbtest7  (cost=30.87..3942.88 rows=1018 width=121)
	        Recheck Cond: ((id >= 6966311) AND (id <= 6967310))
	        ->  Bitmap Index Scan on sbtest7_pkey  (cost=0.00..30.61 rows=1018 width=0)
	              Index Cond: ((id >= 6966311) AND (id <= 6967310))

table 8 : explain SELECT c FROM sbtest8 WHERE id BETWEEN 153223 AND 154222 ORDER BY c
	Sort  (cost=4269.34..4272.06 rows=1089 width=121)
	  Sort Key: c
	  ->  Bitmap Heap Scan on sbtest8  (cost=35.60..4214.40 rows=1089 width=121)
	        Recheck Cond: ((id >= 153223) AND (id <= 154222))
	        ->  Bitmap Index Scan on sbtest8_pkey  (cost=0.00..35.33 rows=1089 width=0)
	              Index Cond: ((id >= 153223) AND (id <= 154222))

for: simple_ranges
table 1 : explain SELECT c FROM sbtest1 WHERE id BETWEEN 2646636 AND 2647635
	Bitmap Heap Scan on sbtest1  (cost=30.56..3829.53 rows=988 width=121)
	  Recheck Cond: ((id >= 2646636) AND (id <= 2647635))
	  ->  Bitmap Index Scan on sbtest1_pkey  (cost=0.00..30.32 rows=988 width=0)
	        Index Cond: ((id >= 2646636) AND (id <= 2647635))

table 2 : explain SELECT c FROM sbtest2 WHERE id BETWEEN 7401418 AND 7402417
	Bitmap Heap Scan on sbtest2  (cost=30.78..3908.87 rows=1009 width=121)
	  Recheck Cond: ((id >= 7401418) AND (id <= 7402417))
	  ->  Bitmap Index Scan on sbtest2_pkey  (cost=0.00..30.52 rows=1009 width=0)
	        Index Cond: ((id >= 7401418) AND (id <= 7402417))

table 3 : explain SELECT c FROM sbtest3 WHERE id BETWEEN 22644 AND 23643
	Bitmap Heap Scan on sbtest3  (cost=35.57..4202.79 rows=1086 width=121)
	  Recheck Cond: ((id >= 22644) AND (id <= 23643))
	  ->  Bitmap Index Scan on sbtest3_pkey  (cost=0.00..35.30 rows=1086 width=0)
	        Index Cond: ((id >= 22644) AND (id <= 23643))

table 4 : explain SELECT c FROM sbtest4 WHERE id BETWEEN 1825251 AND 1826250
	Bitmap Heap Scan on sbtest4  (cost=30.45..3788.32 rows=977 width=121)
	  Recheck Cond: ((id >= 1825251) AND (id <= 1826250))
	  ->  Bitmap Index Scan on sbtest4_pkey  (cost=0.00..30.20 rows=977 width=0)
	        Index Cond: ((id >= 1825251) AND (id <= 1826250))

table 5 : explain SELECT c FROM sbtest5 WHERE id BETWEEN 7155651 AND 7156650
	Bitmap Heap Scan on sbtest5  (cost=30.91..3957.93 rows=1022 width=121)
	  Recheck Cond: ((id >= 7155651) AND (id <= 7156650))
	  ->  Bitmap Index Scan on sbtest5_pkey  (cost=0.00..30.65 rows=1022 width=0)
	        Index Cond: ((id >= 7155651) AND (id <= 7156650))

table 6 : explain SELECT c FROM sbtest6 WHERE id BETWEEN 910296 AND 911295
	Bitmap Heap Scan on sbtest6  (cost=34.97..3984.21 rows=1028 width=121)
	  Recheck Cond: ((id >= 910296) AND (id <= 911295))
	  ->  Bitmap Index Scan on sbtest6_pkey  (cost=0.00..34.72 rows=1028 width=0)
	        Index Cond: ((id >= 910296) AND (id <= 911295))

table 7 : explain SELECT c FROM sbtest7 WHERE id BETWEEN 3549458 AND 3550457
	Bitmap Heap Scan on sbtest7  (cost=30.81..3920.24 rows=1012 width=121)
	  Recheck Cond: ((id >= 3549458) AND (id <= 3550457))
	  ->  Bitmap Index Scan on sbtest7_pkey  (cost=0.00..30.55 rows=1012 width=0)
	        Index Cond: ((id >= 3549458) AND (id <= 3550457))

table 8 : explain SELECT c FROM sbtest8 WHERE id BETWEEN 8148576 AND 8149575
	Bitmap Heap Scan on sbtest8  (cost=29.99..3617.94 rows=932 width=121)
	  Recheck Cond: ((id >= 8148576) AND (id <= 8149575))
	  ->  Bitmap Index Scan on sbtest8_pkey  (cost=0.00..29.75 rows=932 width=0)
	        Index Cond: ((id >= 8148576) AND (id <= 8149575))

for: order_ranges
table 1 : explain SELECT c FROM sbtest1 WHERE id BETWEEN 8230311 AND 8231310 ORDER BY c
	Sort  (cost=4280.69..4283.42 rows=1092 width=121)
	  Sort Key: c
	  ->  Bitmap Heap Scan on sbtest1  (cost=35.63..4225.58 rows=1092 width=121)
	        Recheck Cond: ((id >= 8230311) AND (id <= 8231310))
	        ->  Bitmap Index Scan on sbtest1_pkey  (cost=0.00..35.36 rows=1092 width=0)
	              Index Cond: ((id >= 8230311) AND (id <= 8231310))

table 2 : explain SELECT c FROM sbtest2 WHERE id BETWEEN 3044543 AND 3045542 ORDER BY c
	Sort  (cost=3974.54..3977.07 rows=1013 width=121)
	  Sort Key: c
	  ->  Bitmap Heap Scan on sbtest2  (cost=30.82..3923.96 rows=1013 width=121)
	        Recheck Cond: ((id >= 3044543) AND (id <= 3045542))
	        ->  Bitmap Index Scan on sbtest2_pkey  (cost=0.00..30.57 rows=1013 width=0)
	              Index Cond: ((id >= 3044543) AND (id <= 3045542))

table 3 : explain SELECT c FROM sbtest3 WHERE id BETWEEN 18797 AND 19796 ORDER BY c
	Sort  (cost=4257.55..4260.26 rows=1086 width=121)
	  Sort Key: c
	  ->  Bitmap Heap Scan on sbtest3  (cost=35.57..4202.79 rows=1086 width=121)
	        Recheck Cond: ((id >= 18797) AND (id <= 19796))
	        ->  Bitmap Index Scan on sbtest3_pkey  (cost=0.00..35.30 rows=1086 width=0)
	              Index Cond: ((id >= 18797) AND (id <= 19796))

table 4 : explain SELECT c FROM sbtest4 WHERE id BETWEEN 7153395 AND 7154394 ORDER BY c
	Sort  (cost=4036.10..4038.67 rows=1029 width=121)
	  Sort Key: c
	  ->  Bitmap Heap Scan on sbtest4  (cost=30.98..3984.61 rows=1029 width=121)
	        Recheck Cond: ((id >= 7153395) AND (id <= 7154394))
	        ->  Bitmap Index Scan on sbtest4_pkey  (cost=0.00..30.72 rows=1029 width=0)
	              Index Cond: ((id >= 7153395) AND (id <= 7154394))

table 5 : explain SELECT c FROM sbtest5 WHERE id BETWEEN 2608155 AND 2609154 ORDER BY c
	Sort  (cost=3963.06..3965.58 rows=1010 width=121)
	  Sort Key: c
	  ->  Bitmap Heap Scan on sbtest5  (cost=30.79..3912.66 rows=1010 width=121)
	        Recheck Cond: ((id >= 2608155) AND (id <= 2609154))
	        ->  Bitmap Index Scan on sbtest5_pkey  (cost=0.00..30.54 rows=1010 width=0)
	              Index Cond: ((id >= 2608155) AND (id <= 2609154))

table 6 : explain SELECT c FROM sbtest6 WHERE id BETWEEN 3200085 AND 3201084 ORDER BY c
	Sort  (cost=4184.84..4187.51 rows=1067 width=121)
	  Sort Key: c
	  ->  Bitmap Heap Scan on sbtest6  (cost=35.37..4131.18 rows=1067 width=121)
	        Recheck Cond: ((id >= 3200085) AND (id <= 3201084))
	        ->  Bitmap Index Scan on sbtest6_pkey  (cost=0.00..35.11 rows=1067 width=0)
	              Index Cond: ((id >= 3200085) AND (id <= 3201084))

table 7 : explain SELECT c FROM sbtest7 WHERE id BETWEEN 4668730 AND 4669729 ORDER BY c
	Sort  (cost=3943.94..3946.45 rows=1005 width=121)
	  Sort Key: c
	  ->  Bitmap Heap Scan on sbtest7  (cost=30.74..3893.82 rows=1005 width=121)
	        Recheck Cond: ((id >= 4668730) AND (id <= 4669729))
	        ->  Bitmap Index Scan on sbtest7_pkey  (cost=0.00..30.48 rows=1005 width=0)
	              Index Cond: ((id >= 4668730) AND (id <= 4669729))

table 8 : explain SELECT c FROM sbtest8 WHERE id BETWEEN 9529501 AND 9530500 ORDER BY c
	Sort  (cost=4158.46..4161.11 rows=1060 width=121)
	  Sort Key: c
	  ->  Bitmap Heap Scan on sbtest8  (cost=35.30..4105.20 rows=1060 width=121)
	        Recheck Cond: ((id >= 9529501) AND (id <= 9530500))
	        ->  Bitmap Index Scan on sbtest8_pkey  (cost=0.00..35.04 rows=1060 width=0)
	              Index Cond: ((id >= 9529501) AND (id <= 9530500))

for point_selects
table 1 : explain SELECT c FROM sbtest1 WHERE id=6915475
	Index Scan using sbtest1_pkey on sbtest1  (cost=0.43..8.45 rows=1 width=121)
	  Index Cond: (id = 6915475)

table 2 : explain SELECT c FROM sbtest2 WHERE id=499939
	Index Scan using sbtest2_pkey on sbtest2  (cost=0.43..8.45 rows=1 width=121)
	  Index Cond: (id = 499939)

table 3 : explain SELECT c FROM sbtest3 WHERE id=8836106
	Index Scan using sbtest3_pkey on sbtest3  (cost=0.43..8.45 rows=1 width=121)
	  Index Cond: (id = 8836106)

table 4 : explain SELECT c FROM sbtest4 WHERE id=911507
	Index Scan using sbtest4_pkey on sbtest4  (cost=0.43..8.45 rows=1 width=121)
	  Index Cond: (id = 911507)

table 5 : explain SELECT c FROM sbtest5 WHERE id=8940272
	Index Scan using sbtest5_pkey on sbtest5  (cost=0.43..8.45 rows=1 width=121)
	  Index Cond: (id = 8940272)

table 6 : explain SELECT c FROM sbtest6 WHERE id=8355840
	Index Scan using sbtest6_pkey on sbtest6  (cost=0.43..8.45 rows=1 width=121)
	  Index Cond: (id = 8355840)

table 7 : explain SELECT c FROM sbtest7 WHERE id=2327884
	Index Scan using sbtest7_pkey on sbtest7  (cost=0.43..8.45 rows=1 width=121)
	  Index Cond: (id = 2327884)

table 8 : explain SELECT c FROM sbtest8 WHERE id=5189401
	Index Scan using sbtest8_pkey on sbtest8  (cost=0.43..8.45 rows=1 width=121)
	  Index Cond: (id = 5189401)

explain: for point_selects :: explain SELECT c FROM sbtest%u WHERE id=%u
for: distinct_ranges
table 1 : explain SELECT DISTINCT c FROM sbtest1 WHERE id BETWEEN 3894240 AND 3895239 ORDER BY c
	Unique  (cost=3939.99..3945.01 rows=1004 width=121)
	  ->  Sort  (cost=3939.99..3942.50 rows=1004 width=121)
	        Sort Key: c
	        ->  Bitmap Heap Scan on sbtest1  (cost=30.73..3889.93 rows=1004 width=121)
	              Recheck Cond: ((id >= 3894240) AND (id <= 3895239))
	              ->  Bitmap Index Scan on sbtest1_pkey  (cost=0.00..30.47 rows=1004 width=0)
	                    Index Cond: ((id >= 3894240) AND (id <= 3895239))

table 2 : explain SELECT DISTINCT c FROM sbtest2 WHERE id BETWEEN 1897268 AND 1898267 ORDER BY c
	Unique  (cost=3905.57..3910.55 rows=995 width=121)
	  ->  Sort  (cost=3905.57..3908.06 rows=995 width=121)
	        Sort Key: c
	        ->  Bitmap Heap Scan on sbtest2  (cost=30.63..3856.03 rows=995 width=121)
	              Recheck Cond: ((id >= 1897268) AND (id <= 1898267))
	              ->  Bitmap Index Scan on sbtest2_pkey  (cost=0.00..30.39 rows=995 width=0)
	                    Index Cond: ((id >= 1897268) AND (id <= 1898267))

table 3 : explain SELECT DISTINCT c FROM sbtest3 WHERE id BETWEEN 2885951 AND 2886950 ORDER BY c
	Unique  (cost=3609.89..3614.48 rows=918 width=121)
	  ->  Sort  (cost=3609.89..3612.18 rows=918 width=121)
	        Sort Key: c
	        ->  Bitmap Heap Scan on sbtest3  (cost=29.84..3564.71 rows=918 width=121)
	              Recheck Cond: ((id >= 2885951) AND (id <= 2886950))
	              ->  Bitmap Index Scan on sbtest3_pkey  (cost=0.00..29.61 rows=918 width=0)
	                    Index Cond: ((id >= 2885951) AND (id <= 2886950))

table 4 : explain SELECT DISTINCT c FROM sbtest4 WHERE id BETWEEN 1518227 AND 1519226 ORDER BY c
	Unique  (cost=3825.33..3830.20 rows=974 width=121)
	  ->  Sort  (cost=3825.33..3827.76 rows=974 width=121)
	        Sort Key: c
	        ->  Bitmap Heap Scan on sbtest4  (cost=30.42..3776.98 rows=974 width=121)
	              Recheck Cond: ((id >= 1518227) AND (id <= 1519226))
	              ->  Bitmap Index Scan on sbtest4_pkey  (cost=0.00..30.18 rows=974 width=0)
	                    Index Cond: ((id >= 1518227) AND (id <= 1519226))

table 5 : explain SELECT DISTINCT c FROM sbtest5 WHERE id BETWEEN 5300937 AND 5301936 ORDER BY c
	Unique  (cost=4284.61..4290.07 rows=1093 width=121)
	  ->  Sort  (cost=4284.61..4287.34 rows=1093 width=121)
	        Sort Key: c
	        ->  Bitmap Heap Scan on sbtest5  (cost=35.64..4229.45 rows=1093 width=121)
	              Recheck Cond: ((id >= 5300937) AND (id <= 5301936))
	              ->  Bitmap Index Scan on sbtest5_pkey  (cost=0.00..35.37 rows=1093 width=0)
	                    Index Cond: ((id >= 5300937) AND (id <= 5301936))

table 6 : explain SELECT DISTINCT c FROM sbtest6 WHERE id BETWEEN 7557944 AND 7558943 ORDER BY c
	Unique  (cost=3732.69..3737.44 rows=950 width=121)
	  ->  Sort  (cost=3732.69..3735.06 rows=950 width=121)
	        Sort Key: c
	        ->  Bitmap Heap Scan on sbtest6  (cost=30.17..3685.70 rows=950 width=121)
	              Recheck Cond: ((id >= 7557944) AND (id <= 7558943))
	              ->  Bitmap Index Scan on sbtest6_pkey  (cost=0.00..29.93 rows=950 width=0)
	                    Index Cond: ((id >= 7557944) AND (id <= 7558943))

table 7 : explain SELECT DISTINCT c FROM sbtest7 WHERE id BETWEEN 4999804 AND 5000803 ORDER BY c
	Unique  (cost=4265.54..4270.98 rows=1088 width=121)
	  ->  Sort  (cost=4265.54..4268.26 rows=1088 width=121)
	        Sort Key: c
	        ->  Bitmap Heap Scan on sbtest7  (cost=35.59..4210.66 rows=1088 width=121)
	              Recheck Cond: ((id >= 4999804) AND (id <= 5000803))
	              ->  Bitmap Index Scan on sbtest7_pkey  (cost=0.00..35.32 rows=1088 width=0)
	                    Index Cond: ((id >= 4999804) AND (id <= 5000803))

table 8 : explain SELECT DISTINCT c FROM sbtest8 WHERE id BETWEEN 1788053 AND 1789052 ORDER BY c
	Unique  (cost=3775.22..3780.03 rows=961 width=121)
	  ->  Sort  (cost=3775.22..3777.63 rows=961 width=121)
	        Sort Key: c
	        ->  Bitmap Heap Scan on sbtest8  (cost=30.29..3727.61 rows=961 width=121)
	              Recheck Cond: ((id >= 1788053) AND (id <= 1789052))
	              ->  Bitmap Index Scan on sbtest8_pkey  (cost=0.00..30.04 rows=961 width=0)
	                    Index Cond: ((id >= 1788053) AND (id <= 1789052))

for: distinct_ranges
table 1 : explain SELECT DISTINCT c FROM sbtest1 WHERE id BETWEEN 405033 AND 406032 ORDER BY c
	Unique  (cost=4047.22..4052.38 rows=1032 width=121)
	  ->  Sort  (cost=4047.22..4049.80 rows=1032 width=121)
	        Sort Key: c
	        ->  Bitmap Heap Scan on sbtest1  (cost=31.01..3995.56 rows=1032 width=121)
	              Recheck Cond: ((id >= 405033) AND (id <= 406032))
	              ->  Bitmap Index Scan on sbtest1_pkey  (cost=0.00..30.75 rows=1032 width=0)
	                    Index Cond: ((id >= 405033) AND (id <= 406032))

table 2 : explain SELECT DISTINCT c FROM sbtest2 WHERE id BETWEEN 1930078 AND 1931077 ORDER BY c
	Unique  (cost=3936.23..3941.24 rows=1003 width=121)
	  ->  Sort  (cost=3936.23..3938.73 rows=1003 width=121)
	        Sort Key: c
	        ->  Bitmap Heap Scan on sbtest2  (cost=30.72..3886.23 rows=1003 width=121)
	              Recheck Cond: ((id >= 1930078) AND (id <= 1931077))
	              ->  Bitmap Index Scan on sbtest2_pkey  (cost=0.00..30.46 rows=1003 width=0)
	                    Index Cond: ((id >= 1930078) AND (id <= 1931077))

table 3 : explain SELECT DISTINCT c FROM sbtest3 WHERE id BETWEEN 7293339 AND 7294338 ORDER BY c
	Unique  (cost=4505.79..4511.55 rows=1152 width=121)
	  ->  Sort  (cost=4505.79..4508.67 rows=1152 width=121)
	        Sort Key: c
	        ->  Bitmap Heap Scan on sbtest3  (cost=36.24..4447.21 rows=1152 width=121)
	              Recheck Cond: ((id >= 7293339) AND (id <= 7294338))
	              ->  Bitmap Index Scan on sbtest3_pkey  (cost=0.00..35.95 rows=1152 width=0)
	                    Index Cond: ((id >= 7293339) AND (id <= 7294338))

table 4 : explain SELECT DISTINCT c FROM sbtest4 WHERE id BETWEEN 1807588 AND 1808587 ORDER BY c
	Unique  (cost=3836.83..3841.72 rows=977 width=121)
	  ->  Sort  (cost=3836.83..3839.28 rows=977 width=121)
	        Sort Key: c
	        ->  Bitmap Heap Scan on sbtest4  (cost=30.45..3788.32 rows=977 width=121)
	              Recheck Cond: ((id >= 1807588) AND (id <= 1808587))
	              ->  Bitmap Index Scan on sbtest4_pkey  (cost=0.00..30.20 rows=977 width=0)
	                    Index Cond: ((id >= 1807588) AND (id <= 1808587))

table 5 : explain SELECT DISTINCT c FROM sbtest5 WHERE id BETWEEN 7583021 AND 7584020 ORDER BY c
	Unique  (cost=4196.69..4202.04 rows=1070 width=121)
	  ->  Sort  (cost=4196.69..4199.37 rows=1070 width=121)
	        Sort Key: c
	        ->  Bitmap Heap Scan on sbtest5  (cost=35.40..4142.85 rows=1070 width=121)
	              Recheck Cond: ((id >= 7583021) AND (id <= 7584020))
	              ->  Bitmap Index Scan on sbtest5_pkey  (cost=0.00..35.14 rows=1070 width=0)
	                    Index Cond: ((id >= 7583021) AND (id <= 7584020))

table 6 : explain SELECT DISTINCT c FROM sbtest6 WHERE id BETWEEN 5742101 AND 5743100 ORDER BY c
	Unique  (cost=3797.90..3802.74 rows=967 width=121)
	  ->  Sort  (cost=3797.90..3800.32 rows=967 width=121)
	        Sort Key: c
	        ->  Bitmap Heap Scan on sbtest6  (cost=30.35..3749.95 rows=967 width=121)
	              Recheck Cond: ((id >= 5742101) AND (id <= 5743100))
	              ->  Bitmap Index Scan on sbtest6_pkey  (cost=0.00..30.11 rows=967 width=0)
	                    Index Cond: ((id >= 5742101) AND (id <= 5743100))

table 7 : explain SELECT DISTINCT c FROM sbtest7 WHERE id BETWEEN 594428 AND 595427 ORDER BY c
	Unique  (cost=4059.00..4064.17 rows=1034 width=121)
	  ->  Sort  (cost=4059.00..4061.58 rows=1034 width=121)
	        Sort Key: c
	        ->  Bitmap Heap Scan on sbtest7  (cost=35.03..4007.22 rows=1034 width=121)
	              Recheck Cond: ((id >= 594428) AND (id <= 595427))
	              ->  Bitmap Index Scan on sbtest7_pkey  (cost=0.00..34.78 rows=1034 width=0)
	                    Index Cond: ((id >= 594428) AND (id <= 595427))

table 8 : explain SELECT DISTINCT c FROM sbtest8 WHERE id BETWEEN 503377 AND 504376 ORDER BY c
	Unique  (cost=4146.99..4152.27 rows=1057 width=121)
	  ->  Sort  (cost=4146.99..4149.63 rows=1057 width=121)
	        Sort Key: c
	        ->  Bitmap Heap Scan on sbtest8  (cost=35.27..4093.89 rows=1057 width=121)
	              Recheck Cond: ((id >= 503377) AND (id <= 504376))
	              ->  Bitmap Index Scan on sbtest8_pkey  (cost=0.00..35.01 rows=1057 width=0)
	                    Index Cond: ((id >= 503377) AND (id <= 504376))

explain: for point_selects :: explain SELECT c FROM sbtest%u WHERE id=%u
for: order_ranges
table 1 : explain SELECT c FROM sbtest1 WHERE id BETWEEN 40262 AND 41261 ORDER BY c
	Sort  (cost=3832.66..3835.10 rows=976 width=121)
	  Sort Key: c
	  ->  Bitmap Heap Scan on sbtest1  (cost=30.44..3784.20 rows=976 width=121)
	        Recheck Cond: ((id >= 40262) AND (id <= 41261))
	        ->  Bitmap Index Scan on sbtest1_pkey  (cost=0.00..30.19 rows=976 width=0)
	              Index Cond: ((id >= 40262) AND (id <= 41261))

table 2 : explain SELECT c FROM sbtest2 WHERE id BETWEEN 3462620 AND 3463619 ORDER BY c
	Sort  (cost=3982.20..3984.73 rows=1015 width=121)
	  Sort Key: c
	  ->  Bitmap Heap Scan on sbtest2  (cost=30.84..3931.51 rows=1015 width=121)
	        Recheck Cond: ((id >= 3462620) AND (id <= 3463619))
	        ->  Bitmap Index Scan on sbtest2_pkey  (cost=0.00..30.58 rows=1015 width=0)
	              Index Cond: ((id >= 3462620) AND (id <= 3463619))

table 3 : explain SELECT c FROM sbtest3 WHERE id BETWEEN 6790054 AND 6791053 ORDER BY c
	Sort  (cost=4012.57..4015.12 rows=1023 width=121)
	  Sort Key: c
	  ->  Bitmap Heap Scan on sbtest3  (cost=30.92..3961.42 rows=1023 width=121)
	        Recheck Cond: ((id >= 6790054) AND (id <= 6791053))
	        ->  Bitmap Index Scan on sbtest3_pkey  (cost=0.00..30.66 rows=1023 width=0)
	              Index Cond: ((id >= 6790054) AND (id <= 6791053))

table 4 : explain SELECT c FROM sbtest4 WHERE id BETWEEN 1267986 AND 1268985 ORDER BY c
	Sort  (cost=4013.12..4015.68 rows=1023 width=121)
	  Sort Key: c
	  ->  Bitmap Heap Scan on sbtest4  (cost=30.92..3961.98 rows=1023 width=121)
	        Recheck Cond: ((id >= 1267986) AND (id <= 1268985))
	        ->  Bitmap Index Scan on sbtest4_pkey  (cost=0.00..30.66 rows=1023 width=0)
	              Index Cond: ((id >= 1267986) AND (id <= 1268985))

table 5 : explain SELECT c FROM sbtest5 WHERE id BETWEEN 8187368 AND 8188367 ORDER BY c
	Sort  (cost=3675.42..3677.76 rows=935 width=121)
	  Sort Key: c
	  ->  Bitmap Heap Scan on sbtest5  (cost=30.02..3629.29 rows=935 width=121)
	        Recheck Cond: ((id >= 8187368) AND (id <= 8188367))
	        ->  Bitmap Index Scan on sbtest5_pkey  (cost=0.00..29.79 rows=935 width=0)
	              Index Cond: ((id >= 8187368) AND (id <= 8188367))

table 6 : explain SELECT c FROM sbtest6 WHERE id BETWEEN 7816646 AND 7817645 ORDER BY c
	Sort  (cost=3605.99..3608.28 rows=917 width=121)
	  Sort Key: c
	  ->  Bitmap Heap Scan on sbtest6  (cost=29.83..3560.87 rows=917 width=121)
	        Recheck Cond: ((id >= 7816646) AND (id <= 7817645))
	        ->  Bitmap Index Scan on sbtest6_pkey  (cost=0.00..29.61 rows=917 width=0)
	              Index Cond: ((id >= 7816646) AND (id <= 7817645))

table 7 : explain SELECT c FROM sbtest7 WHERE id BETWEEN 459886 AND 460885 ORDER BY c
	Sort  (cost=3943.94..3946.45 rows=1005 width=121)
	  Sort Key: c
	  ->  Bitmap Heap Scan on sbtest7  (cost=30.74..3893.82 rows=1005 width=121)
	        Recheck Cond: ((id >= 459886) AND (id <= 460885))
	        ->  Bitmap Index Scan on sbtest7_pkey  (cost=0.00..30.48 rows=1005 width=0)
	              Index Cond: ((id >= 459886) AND (id <= 460885))

table 8 : explain SELECT c FROM sbtest8 WHERE id BETWEEN 7300787 AND 7301786 ORDER BY c
	Sort  (cost=4364.84..4367.63 rows=1114 width=121)
	  Sort Key: c
	  ->  Bitmap Heap Scan on sbtest8  (cost=35.85..4308.46 rows=1114 width=121)
	        Recheck Cond: ((id >= 7300787) AND (id <= 7301786))
	        ->  Bitmap Index Scan on sbtest8_pkey  (cost=0.00..35.58 rows=1114 width=0)
	              Index Cond: ((id >= 7300787) AND (id <= 7301786))

for: order_ranges
table 1 : explain SELECT c FROM sbtest1 WHERE id BETWEEN 822741 AND 823740 ORDER BY c
	Sort  (cost=3844.17..3846.62 rows=979 width=121)
	  Sort Key: c
	  ->  Bitmap Heap Scan on sbtest1  (cost=30.47..3795.53 rows=979 width=121)
	        Recheck Cond: ((id >= 822741) AND (id <= 823740))
	        ->  Bitmap Index Scan on sbtest1_pkey  (cost=0.00..30.22 rows=979 width=0)
	              Index Cond: ((id >= 822741) AND (id <= 823740))

table 2 : explain SELECT c FROM sbtest2 WHERE id BETWEEN 2788730 AND 2789729 ORDER BY c
	Sort  (cost=4307.52..4310.26 rows=1099 width=121)
	  Sort Key: c
	  ->  Bitmap Heap Scan on sbtest2  (cost=35.70..4252.01 rows=1099 width=121)
	        Recheck Cond: ((id >= 2788730) AND (id <= 2789729))
	        ->  Bitmap Index Scan on sbtest2_pkey  (cost=0.00..35.43 rows=1099 width=0)
	              Index Cond: ((id >= 2788730) AND (id <= 2789729))

table 3 : explain SELECT c FROM sbtest3 WHERE id BETWEEN 4249756 AND 4250755 ORDER BY c
	Sort  (cost=3759.61..3762.00 rows=957 width=121)
	  Sort Key: c
	  ->  Bitmap Heap Scan on sbtest3  (cost=30.24..3712.23 rows=957 width=121)
	        Recheck Cond: ((id >= 4249756) AND (id <= 4250755))
	        ->  Bitmap Index Scan on sbtest3_pkey  (cost=0.00..30.00 rows=957 width=0)
	              Index Cond: ((id >= 4249756) AND (id <= 4250755))

table 4 : explain SELECT c FROM sbtest4 WHERE id BETWEEN 5941925 AND 5942924 ORDER BY c
	Sort  (cost=3986.31..3988.85 rows=1016 width=121)
	  Sort Key: c
	  ->  Bitmap Heap Scan on sbtest4  (cost=30.85..3935.57 rows=1016 width=121)
	        Recheck Cond: ((id >= 5941925) AND (id <= 5942924))
	        ->  Bitmap Index Scan on sbtest4_pkey  (cost=0.00..30.59 rows=1016 width=0)
	              Index Cond: ((id >= 5941925) AND (id <= 5942924))

table 5 : explain SELECT c FROM sbtest5 WHERE id BETWEEN 496269 AND 497268 ORDER BY c
	Sort  (cost=4322.81..4325.57 rows=1103 width=121)
	  Sort Key: c
	  ->  Bitmap Heap Scan on sbtest5  (cost=35.74..4267.07 rows=1103 width=121)
	        Recheck Cond: ((id >= 496269) AND (id <= 497268))
	        ->  Bitmap Index Scan on sbtest5_pkey  (cost=0.00..35.47 rows=1103 width=0)
	              Index Cond: ((id >= 496269) AND (id <= 497268))

table 6 : explain SELECT c FROM sbtest6 WHERE id BETWEEN 3012237 AND 3013236 ORDER BY c
	Sort  (cost=3878.42..3880.89 rows=988 width=121)
	  Sort Key: c
	  ->  Bitmap Heap Scan on sbtest6  (cost=30.56..3829.27 rows=988 width=121)
	        Recheck Cond: ((id >= 3012237) AND (id <= 3013236))
	        ->  Bitmap Index Scan on sbtest6_pkey  (cost=0.00..30.32 rows=988 width=0)
	              Index Cond: ((id >= 3012237) AND (id <= 3013236))

table 7 : explain SELECT c FROM sbtest7 WHERE id BETWEEN 842491 AND 843490 ORDER BY c
	Sort  (cost=4131.71..4134.34 rows=1053 width=121)
	  Sort Key: c
	  ->  Bitmap Heap Scan on sbtest7  (cost=35.23..4078.84 rows=1053 width=121)
	        Recheck Cond: ((id >= 842491) AND (id <= 843490))
	        ->  Bitmap Index Scan on sbtest7_pkey  (cost=0.00..34.97 rows=1053 width=0)
	              Index Cond: ((id >= 842491) AND (id <= 843490))

table 8 : explain SELECT c FROM sbtest8 WHERE id BETWEEN 3513064 AND 3514063 ORDER BY c
	Sort  (cost=3740.69..3743.07 rows=952 width=121)
	  Sort Key: c
	  ->  Bitmap Heap Scan on sbtest8  (cost=30.19..3693.59 rows=952 width=121)
	        Recheck Cond: ((id >= 3513064) AND (id <= 3514063))
	        ->  Bitmap Index Scan on sbtest8_pkey  (cost=0.00..29.95 rows=952 width=0)
	              Index Cond: ((id >= 3513064) AND (id <= 3514063))

for: distinct_ranges
table 1 : explain SELECT DISTINCT c FROM sbtest1 WHERE id BETWEEN 5738793 AND 5739792 ORDER BY c
	Unique  (cost=3398.58..3402.89 rows=863 width=121)
	  ->  Sort  (cost=3398.58..3400.73 rows=863 width=121)
	        Sort Key: c
	        ->  Bitmap Heap Scan on sbtest1  (cost=29.28..3356.49 rows=863 width=121)
	              Recheck Cond: ((id >= 5738793) AND (id <= 5739792))
	              ->  Bitmap Index Scan on sbtest1_pkey  (cost=0.00..29.07 rows=863 width=0)
	                    Index Cond: ((id >= 5738793) AND (id <= 5739792))

table 2 : explain SELECT DISTINCT c FROM sbtest2 WHERE id BETWEEN 6163736 AND 6164735 ORDER BY c
	Unique  (cost=4124.00..4129.26 rows=1051 width=121)
	  ->  Sort  (cost=4124.00..4126.63 rows=1051 width=121)
	        Sort Key: c
	        ->  Bitmap Heap Scan on sbtest2  (cost=35.21..4071.26 rows=1051 width=121)
	              Recheck Cond: ((id >= 6163736) AND (id <= 6164735))
	              ->  Bitmap Index Scan on sbtest2_pkey  (cost=0.00..34.95 rows=1051 width=0)
	                    Index Cond: ((id >= 6163736) AND (id <= 6164735))

table 3 : explain SELECT DISTINCT c FROM sbtest3 WHERE id BETWEEN 7157952 AND 7158951 ORDER BY c
	Unique  (cost=3721.24..3725.97 rows=947 width=121)
	  ->  Sort  (cost=3721.24..3723.60 rows=947 width=121)
	        Sort Key: c
	        ->  Bitmap Heap Scan on sbtest3  (cost=30.14..3674.42 rows=947 width=121)
	              Recheck Cond: ((id >= 7157952) AND (id <= 7158951))
	              ->  Bitmap Index Scan on sbtest3_pkey  (cost=0.00..29.90 rows=947 width=0)
	                    Index Cond: ((id >= 7157952) AND (id <= 7158951))

table 4 : explain SELECT DISTINCT c FROM sbtest4 WHERE id BETWEEN 4562526 AND 4563525 ORDER BY c
	Unique  (cost=4384.23..4389.83 rows=1119 width=121)
	  ->  Sort  (cost=4384.23..4387.03 rows=1119 width=121)
	        Sort Key: c
	        ->  Bitmap Heap Scan on sbtest4  (cost=35.90..4327.56 rows=1119 width=121)
	              Recheck Cond: ((id >= 4562526) AND (id <= 4563525))
	              ->  Bitmap Index Scan on sbtest4_pkey  (cost=0.00..35.62 rows=1119 width=0)
	                    Index Cond: ((id >= 4562526) AND (id <= 4563525))

table 5 : explain SELECT DISTINCT c FROM sbtest5 WHERE id BETWEEN 7630725 AND 7631724 ORDER BY c
	Unique  (cost=3763.70..3768.49 rows=958 width=121)
	  ->  Sort  (cost=3763.70..3766.10 rows=958 width=121)
	        Sort Key: c
	        ->  Bitmap Heap Scan on sbtest5  (cost=30.25..3716.26 rows=958 width=121)
	              Recheck Cond: ((id >= 7630725) AND (id <= 7631724))
	              ->  Bitmap Index Scan on sbtest5_pkey  (cost=0.00..30.01 rows=958 width=0)
	                    Index Cond: ((id >= 7630725) AND (id <= 7631724))

table 6 : explain SELECT DISTINCT c FROM sbtest6 WHERE id BETWEEN 6980630 AND 6981629 ORDER BY c
	Unique  (cost=3713.50..3718.22 rows=945 width=121)
	  ->  Sort  (cost=3713.50..3715.86 rows=945 width=121)
	        Sort Key: c
	        ->  Bitmap Heap Scan on sbtest6  (cost=30.12..3666.80 rows=945 width=121)
	              Recheck Cond: ((id >= 6980630) AND (id <= 6981629))
	              ->  Bitmap Index Scan on sbtest6_pkey  (cost=0.00..29.89 rows=945 width=0)
	                    Index Cond: ((id >= 6980630) AND (id <= 6981629))

table 7 : explain SELECT DISTINCT c FROM sbtest7 WHERE id BETWEEN 217745 AND 218744 ORDER BY c
	Unique  (cost=3894.12..3899.08 rows=992 width=121)
	  ->  Sort  (cost=3894.12..3896.60 rows=992 width=121)
	        Sort Key: c
	        ->  Bitmap Heap Scan on sbtest7  (cost=30.60..3844.75 rows=992 width=121)
	              Recheck Cond: ((id >= 217745) AND (id <= 218744))
	              ->  Bitmap Index Scan on sbtest7_pkey  (cost=0.00..30.36 rows=992 width=0)
	                    Index Cond: ((id >= 217745) AND (id <= 218744))

table 8 : explain SELECT DISTINCT c FROM sbtest8 WHERE id BETWEEN 5809392 AND 5810391 ORDER BY c
	Unique  (cost=4169.94..4175.25 rows=1063 width=121)
	  ->  Sort  (cost=4169.94..4172.59 rows=1063 width=121)
	        Sort Key: c
	        ->  Bitmap Heap Scan on sbtest8  (cost=35.33..4116.50 rows=1063 width=121)
	              Recheck Cond: ((id >= 5809392) AND (id <= 5810391))
	              ->  Bitmap Index Scan on sbtest8_pkey  (cost=0.00..35.07 rows=1063 width=0)
	                    Index Cond: ((id >= 5809392) AND (id <= 5810391))

for: simple_ranges
table 1 : explain SELECT c FROM sbtest1 WHERE id BETWEEN 2751080 AND 2752079
	Bitmap Heap Scan on sbtest1  (cost=30.36..3753.98 rows=968 width=121)
	  Recheck Cond: ((id >= 2751080) AND (id <= 2752079))
	  ->  Bitmap Index Scan on sbtest1_pkey  (cost=0.00..30.11 rows=968 width=0)
	        Index Cond: ((id >= 2751080) AND (id <= 2752079))

table 2 : explain SELECT c FROM sbtest2 WHERE id BETWEEN 7561653 AND 7562652
	Bitmap Heap Scan on sbtest2  (cost=30.81..3920.19 rows=1012 width=121)
	  Recheck Cond: ((id >= 7561653) AND (id <= 7562652))
	  ->  Bitmap Index Scan on sbtest2_pkey  (cost=0.00..30.55 rows=1012 width=0)
	        Index Cond: ((id >= 7561653) AND (id <= 7562652))

table 3 : explain SELECT c FROM sbtest3 WHERE id BETWEEN 6382121 AND 6383120
	Bitmap Heap Scan on sbtest3  (cost=30.30..3731.12 rows=962 width=121)
	  Recheck Cond: ((id >= 6382121) AND (id <= 6383120))
	  ->  Bitmap Index Scan on sbtest3_pkey  (cost=0.00..30.05 rows=962 width=0)
	        Index Cond: ((id >= 6382121) AND (id <= 6383120))

table 4 : explain SELECT c FROM sbtest4 WHERE id BETWEEN 2392097 AND 2393096
	Bitmap Heap Scan on sbtest4  (cost=31.02..3999.69 rows=1033 width=121)
	  Recheck Cond: ((id >= 2392097) AND (id <= 2393096))
	  ->  Bitmap Index Scan on sbtest4_pkey  (cost=0.00..30.76 rows=1033 width=0)
	        Index Cond: ((id >= 2392097) AND (id <= 2393096))

table 5 : explain SELECT c FROM sbtest5 WHERE id BETWEEN 2764941 AND 2765940
	Bitmap Heap Scan on sbtest5  (cost=35.26..4090.11 rows=1056 width=121)
	  Recheck Cond: ((id >= 2764941) AND (id <= 2765940))
	  ->  Bitmap Index Scan on sbtest5_pkey  (cost=0.00..35.00 rows=1056 width=0)
	        Index Cond: ((id >= 2764941) AND (id <= 2765940))

table 6 : explain SELECT c FROM sbtest6 WHERE id BETWEEN 5573538 AND 5574537
	Bitmap Heap Scan on sbtest6  (cost=30.02..3628.98 rows=935 width=121)
	  Recheck Cond: ((id >= 5573538) AND (id <= 5574537))
	  ->  Bitmap Index Scan on sbtest6_pkey  (cost=0.00..29.79 rows=935 width=0)
	        Index Cond: ((id >= 5573538) AND (id <= 5574537))

table 7 : explain SELECT c FROM sbtest7 WHERE id BETWEEN 3883303 AND 3884302
	Bitmap Heap Scan on sbtest7  (cost=30.15..3678.48 rows=948 width=121)
	  Recheck Cond: ((id >= 3883303) AND (id <= 3884302))
	  ->  Bitmap Index Scan on sbtest7_pkey  (cost=0.00..29.91 rows=948 width=0)
	        Index Cond: ((id >= 3883303) AND (id <= 3884302))

table 8 : explain SELECT c FROM sbtest8 WHERE id BETWEEN 2861151 AND 2862150
	Bitmap Heap Scan on sbtest8  (cost=30.70..3878.70 rows=1001 width=121)
	  Recheck Cond: ((id >= 2861151) AND (id <= 2862150))
	  ->  Bitmap Index Scan on sbtest8_pkey  (cost=0.00..30.44 rows=1001 width=0)
	        Index Cond: ((id >= 2861151) AND (id <= 2862150))

for: distinct_ranges
table 1 : explain SELECT DISTINCT c FROM sbtest1 WHERE id BETWEEN 1190518 AND 1191517 ORDER BY c
	Unique  (cost=4043.39..4048.54 rows=1031 width=121)
	  ->  Sort  (cost=4043.39..4045.97 rows=1031 width=121)
	        Sort Key: c
	        ->  Bitmap Heap Scan on sbtest1  (cost=31.00..3991.79 rows=1031 width=121)
	              Recheck Cond: ((id >= 1190518) AND (id <= 1191517))
	              ->  Bitmap Index Scan on sbtest1_pkey  (cost=0.00..30.75 rows=1031 width=0)
	                    Index Cond: ((id >= 1190518) AND (id <= 1191517))

table 2 : explain SELECT DISTINCT c FROM sbtest2 WHERE id BETWEEN 8844901 AND 8845900 ORDER BY c
	Unique  (cost=3874.91..3879.84 rows=987 width=121)
	  ->  Sort  (cost=3874.91..3877.37 rows=987 width=121)
	        Sort Key: c
	        ->  Bitmap Heap Scan on sbtest2  (cost=30.55..3825.82 rows=987 width=121)
	              Recheck Cond: ((id >= 8844901) AND (id <= 8845900))
	              ->  Bitmap Index Scan on sbtest2_pkey  (cost=0.00..30.30 rows=987 width=0)
	                    Index Cond: ((id >= 8844901) AND (id <= 8845900))

table 3 : explain SELECT DISTINCT c FROM sbtest3 WHERE id BETWEEN 1800451 AND 1801450 ORDER BY c
	Unique  (cost=3893.82..3898.78 rows=992 width=121)
	  ->  Sort  (cost=3893.82..3896.30 rows=992 width=121)
	        Sort Key: c
	        ->  Bitmap Heap Scan on sbtest3  (cost=30.60..3844.44 rows=992 width=121)
	              Recheck Cond: ((id >= 1800451) AND (id <= 1801450))
	              ->  Bitmap Index Scan on sbtest3_pkey  (cost=0.00..30.36 rows=992 width=0)
	                    Index Cond: ((id >= 1800451) AND (id <= 1801450))

table 4 : explain SELECT DISTINCT c FROM sbtest4 WHERE id BETWEEN 9464167 AND 9465166 ORDER BY c
	Unique  (cost=3993.97..3999.06 rows=1018 width=121)
	  ->  Sort  (cost=3993.97..3996.52 rows=1018 width=121)
	        Sort Key: c
	        ->  Bitmap Heap Scan on sbtest4  (cost=30.87..3943.11 rows=1018 width=121)
	              Recheck Cond: ((id >= 9464167) AND (id <= 9465166))
	              ->  Bitmap Index Scan on sbtest4_pkey  (cost=0.00..30.61 rows=1018 width=0)
	                    Index Cond: ((id >= 9464167) AND (id <= 9465166))

table 5 : explain SELECT DISTINCT c FROM sbtest5 WHERE id BETWEEN 6541665 AND 6542664 ORDER BY c
	Unique  (cost=4005.19..4010.30 rows=1021 width=121)
	  ->  Sort  (cost=4005.19..4007.74 rows=1021 width=121)
	        Sort Key: c
	        ->  Bitmap Heap Scan on sbtest5  (cost=30.90..3954.16 rows=1021 width=121)
	              Recheck Cond: ((id >= 6541665) AND (id <= 6542664))
	              ->  Bitmap Index Scan on sbtest5_pkey  (cost=0.00..30.64 rows=1021 width=0)
	                    Index Cond: ((id >= 6541665) AND (id <= 6542664))

table 6 : explain SELECT DISTINCT c FROM sbtest6 WHERE id BETWEEN 6814725 AND 6815724 ORDER BY c
	Unique  (cost=3947.39..3952.42 rows=1006 width=121)
	  ->  Sort  (cost=3947.39..3949.91 rows=1006 width=121)
	        Sort Key: c
	        ->  Bitmap Heap Scan on sbtest6  (cost=30.75..3897.22 rows=1006 width=121)
	              Recheck Cond: ((id >= 6814725) AND (id <= 6815724))
	              ->  Bitmap Index Scan on sbtest6_pkey  (cost=0.00..30.50 rows=1006 width=0)
	                    Index Cond: ((id >= 6814725) AND (id <= 6815724))

table 7 : explain SELECT DISTINCT c FROM sbtest7 WHERE id BETWEEN 2075763 AND 2076762 ORDER BY c
	Unique  (cost=3905.62..3910.59 rows=995 width=121)
	  ->  Sort  (cost=3905.62..3908.10 rows=995 width=121)
	        Sort Key: c
	        ->  Bitmap Heap Scan on sbtest7  (cost=30.63..3856.07 rows=995 width=121)
	              Recheck Cond: ((id >= 2075763) AND (id <= 2076762))
	              ->  Bitmap Index Scan on sbtest7_pkey  (cost=0.00..30.39 rows=995 width=0)
	                    Index Cond: ((id >= 2075763) AND (id <= 2076762))

table 8 : explain SELECT DISTINCT c FROM sbtest8 WHERE id BETWEEN 703201 AND 704200 ORDER BY c
	Unique  (cost=3901.76..3906.73 rows=994 width=121)
	  ->  Sort  (cost=3901.76..3904.25 rows=994 width=121)
	        Sort Key: c
	        ->  Bitmap Heap Scan on sbtest8  (cost=30.62..3852.28 rows=994 width=121)
	              Recheck Cond: ((id >= 703201) AND (id <= 704200))
	              ->  Bitmap Index Scan on sbtest8_pkey  (cost=0.00..30.37 rows=994 width=0)
	                    Index Cond: ((id >= 703201) AND (id <= 704200))

for point_selects
table 1 : explain SELECT c FROM sbtest1 WHERE id=2510675
	Index Scan using sbtest1_pkey on sbtest1  (cost=0.43..8.45 rows=1 width=121)
	  Index Cond: (id = 2510675)

table 2 : explain SELECT c FROM sbtest2 WHERE id=3581604
	Index Scan using sbtest2_pkey on sbtest2  (cost=0.43..8.45 rows=1 width=121)
	  Index Cond: (id = 3581604)

table 3 : explain SELECT c FROM sbtest3 WHERE id=5211816
	Index Scan using sbtest3_pkey on sbtest3  (cost=0.43..8.45 rows=1 width=121)
	  Index Cond: (id = 5211816)

table 4 : explain SELECT c FROM sbtest4 WHERE id=1207376
	Index Scan using sbtest4_pkey on sbtest4  (cost=0.43..8.45 rows=1 width=121)
	  Index Cond: (id = 1207376)

table 5 : explain SELECT c FROM sbtest5 WHERE id=2983393
	Index Scan using sbtest5_pkey on sbtest5  (cost=0.43..8.45 rows=1 width=121)
	  Index Cond: (id = 2983393)

table 6 : explain SELECT c FROM sbtest6 WHERE id=9993919
	Index Scan using sbtest6_pkey on sbtest6  (cost=0.43..8.45 rows=1 width=121)
	  Index Cond: (id = 9993919)

table 7 : explain SELECT c FROM sbtest7 WHERE id=6781726
	Index Scan using sbtest7_pkey on sbtest7  (cost=0.43..8.45 rows=1 width=121)
	  Index Cond: (id = 6781726)

table 8 : explain SELECT c FROM sbtest8 WHERE id=3408142
	Index Scan using sbtest8_pkey on sbtest8  (cost=0.43..8.45 rows=1 width=121)
	  Index Cond: (id = 3408142)

for point_selects
table 1 : explain SELECT c FROM sbtest1 WHERE id=8566394
	Index Scan using sbtest1_pkey on sbtest1  (cost=0.43..8.45 rows=1 width=121)
	  Index Cond: (id = 8566394)

table 2 : explain SELECT c FROM sbtest2 WHERE id=4844966
	Index Scan using sbtest2_pkey on sbtest2  (cost=0.43..8.45 rows=1 width=121)
	  Index Cond: (id = 4844966)

table 3 : explain SELECT c FROM sbtest3 WHERE id=5660748
	Index Scan using sbtest3_pkey on sbtest3  (cost=0.43..8.45 rows=1 width=121)
	  Index Cond: (id = 5660748)

table 4 : explain SELECT c FROM sbtest4 WHERE id=3462095
	Index Scan using sbtest4_pkey on sbtest4  (cost=0.43..8.45 rows=1 width=121)
	  Index Cond: (id = 3462095)

table 5 : explain SELECT c FROM sbtest5 WHERE id=5504928
	Index Scan using sbtest5_pkey on sbtest5  (cost=0.43..8.45 rows=1 width=121)
	  Index Cond: (id = 5504928)

table 6 : explain SELECT c FROM sbtest6 WHERE id=605613
	Index Scan using sbtest6_pkey on sbtest6  (cost=0.43..8.45 rows=1 width=121)
	  Index Cond: (id = 605613)

table 7 : explain SELECT c FROM sbtest7 WHERE id=8098276
	Index Scan using sbtest7_pkey on sbtest7  (cost=0.43..8.45 rows=1 width=121)
	  Index Cond: (id = 8098276)

table 8 : explain SELECT c FROM sbtest8 WHERE id=9063527
	Index Scan using sbtest8_pkey on sbtest8  (cost=0.43..8.45 rows=1 width=121)
	  Index Cond: (id = 9063527)

for point_selects
table 1 : explain SELECT c FROM sbtest1 WHERE id=6513361
	Index Scan using sbtest1_pkey on sbtest1  (cost=0.43..8.45 rows=1 width=121)
	  Index Cond: (id = 6513361)

table 2 : explain SELECT c FROM sbtest2 WHERE id=7530006
	Index Scan using sbtest2_pkey on sbtest2  (cost=0.43..8.45 rows=1 width=121)
	  Index Cond: (id = 7530006)

table 3 : explain SELECT c FROM sbtest3 WHERE id=7773863
	Index Scan using sbtest3_pkey on sbtest3  (cost=0.43..8.45 rows=1 width=121)
	  Index Cond: (id = 7773863)

table 4 : explain SELECT c FROM sbtest4 WHERE id=1643848
	Index Scan using sbtest4_pkey on sbtest4  (cost=0.43..8.45 rows=1 width=121)
	  Index Cond: (id = 1643848)

table 5 : explain SELECT c FROM sbtest5 WHERE id=6217933
	Index Scan using sbtest5_pkey on sbtest5  (cost=0.43..8.45 rows=1 width=121)
	  Index Cond: (id = 6217933)

table 6 : explain SELECT c FROM sbtest6 WHERE id=1971169
	Index Scan using sbtest6_pkey on sbtest6  (cost=0.43..8.45 rows=1 width=121)
	  Index Cond: (id = 1971169)

table 7 : explain SELECT c FROM sbtest7 WHERE id=9079982
	Index Scan using sbtest7_pkey on sbtest7  (cost=0.43..8.45 rows=1 width=121)
	  Index Cond: (id = 9079982)

table 8 : explain SELECT c FROM sbtest8 WHERE id=5530042
	Index Scan using sbtest8_pkey on sbtest8  (cost=0.43..8.45 rows=1 width=121)
	  Index Cond: (id = 5530042)

for: sum_ranges
table 1 : explain SELECT SUM(k) FROM sbtest1 WHERE id BETWEEN 3682599 AND 3683598
	Aggregate  (cost=3703.45..3703.46 rows=1 width=8)
	  ->  Bitmap Heap Scan on sbtest1  (cost=30.21..3701.06 rows=954 width=4)
	        Recheck Cond: ((id >= 3682599) AND (id <= 3683598))
	        ->  Bitmap Index Scan on sbtest1_pkey  (cost=0.00..29.97 rows=954 width=0)
	              Index Cond: ((id >= 3682599) AND (id <= 3683598))

table 2 : explain SELECT SUM(k) FROM sbtest2 WHERE id BETWEEN 3677093 AND 3678092
	Aggregate  (cost=4171.89..4171.90 rows=1 width=8)
	  ->  Bitmap Heap Scan on sbtest2  (cost=35.47..4169.20 rows=1077 width=4)
	        Recheck Cond: ((id >= 3677093) AND (id <= 3678092))
	        ->  Bitmap Index Scan on sbtest2_pkey  (cost=0.00..35.20 rows=1077 width=0)
	              Index Cond: ((id >= 3677093) AND (id <= 3678092))

table 3 : explain SELECT SUM(k) FROM sbtest3 WHERE id BETWEEN 393701 AND 394700
	Aggregate  (cost=3930.01..3930.02 rows=1 width=8)
	  ->  Bitmap Heap Scan on sbtest3  (cost=30.83..3927.47 rows=1014 width=4)
	        Recheck Cond: ((id >= 393701) AND (id <= 394700))
	        ->  Bitmap Index Scan on sbtest3_pkey  (cost=0.00..30.57 rows=1014 width=0)
	              Index Cond: ((id >= 393701) AND (id <= 394700))

table 4 : explain SELECT SUM(k) FROM sbtest4 WHERE id BETWEEN 1803494 AND 1804493
	Aggregate  (cost=3790.76..3790.77 rows=1 width=8)
	  ->  Bitmap Heap Scan on sbtest4  (cost=30.45..3788.32 rows=977 width=4)
	        Recheck Cond: ((id >= 1803494) AND (id <= 1804493))
	        ->  Bitmap Index Scan on sbtest4_pkey  (cost=0.00..30.20 rows=977 width=0)
	              Index Cond: ((id >= 1803494) AND (id <= 1804493))

table 5 : explain SELECT SUM(k) FROM sbtest5 WHERE id BETWEEN 1267041 AND 1268040
	Aggregate  (cost=3960.49..3960.50 rows=1 width=8)
	  ->  Bitmap Heap Scan on sbtest5  (cost=30.91..3957.93 rows=1022 width=4)
	        Recheck Cond: ((id >= 1267041) AND (id <= 1268040))
	        ->  Bitmap Index Scan on sbtest5_pkey  (cost=0.00..30.65 rows=1022 width=0)
	              Index Cond: ((id >= 1267041) AND (id <= 1268040))

table 6 : explain SELECT SUM(k) FROM sbtest6 WHERE id BETWEEN 265819 AND 266818
	Aggregate  (cost=4133.85..4133.86 rows=1 width=8)
	  ->  Bitmap Heap Scan on sbtest6  (cost=35.37..4131.18 rows=1067 width=4)
	        Recheck Cond: ((id >= 265819) AND (id <= 266818))
	        ->  Bitmap Index Scan on sbtest6_pkey  (cost=0.00..35.11 rows=1067 width=0)
	              Index Cond: ((id >= 265819) AND (id <= 266818))

table 7 : explain SELECT SUM(k) FROM sbtest7 WHERE id BETWEEN 5093070 AND 5094069
	Aggregate  (cost=3900.11..3900.12 rows=1 width=8)
	  ->  Bitmap Heap Scan on sbtest7  (cost=30.75..3897.60 rows=1006 width=4)
	        Recheck Cond: ((id >= 5093070) AND (id <= 5094069))
	        ->  Bitmap Index Scan on sbtest7_pkey  (cost=0.00..30.50 rows=1006 width=0)
	              Index Cond: ((id >= 5093070) AND (id <= 5094069))

table 8 : explain SELECT SUM(k) FROM sbtest8 WHERE id BETWEEN 5155185 AND 5156184
	Aggregate  (cost=3593.77..3593.78 rows=1 width=8)
	  ->  Bitmap Heap Scan on sbtest8  (cost=29.92..3591.46 rows=925 width=4)
	        Recheck Cond: ((id >= 5155185) AND (id <= 5156184))
	        ->  Bitmap Index Scan on sbtest8_pkey  (cost=0.00..29.68 rows=925 width=0)
	              Index Cond: ((id >= 5155185) AND (id <= 5156184))

for point_selects
table 1 : explain SELECT c FROM sbtest1 WHERE id=315202
	Index Scan using sbtest1_pkey on sbtest1  (cost=0.43..8.45 rows=1 width=121)
	  Index Cond: (id = 315202)

table 2 : explain SELECT c FROM sbtest2 WHERE id=7593263
	Index Scan using sbtest2_pkey on sbtest2  (cost=0.43..8.45 rows=1 width=121)
	  Index Cond: (id = 7593263)

table 3 : explain SELECT c FROM sbtest3 WHERE id=5907428
	Index Scan using sbtest3_pkey on sbtest3  (cost=0.43..8.45 rows=1 width=121)
	  Index Cond: (id = 5907428)

table 4 : explain SELECT c FROM sbtest4 WHERE id=6455327
	Index Scan using sbtest4_pkey on sbtest4  (cost=0.43..8.45 rows=1 width=121)
	  Index Cond: (id = 6455327)

table 5 : explain SELECT c FROM sbtest5 WHERE id=9165437
	Index Scan using sbtest5_pkey on sbtest5  (cost=0.43..8.45 rows=1 width=121)
	  Index Cond: (id = 9165437)

table 6 : explain SELECT c FROM sbtest6 WHERE id=510048
	Index Scan using sbtest6_pkey on sbtest6  (cost=0.43..8.45 rows=1 width=121)
	  Index Cond: (id = 510048)

table 7 : explain SELECT c FROM sbtest7 WHERE id=3603591
	Index Scan using sbtest7_pkey on sbtest7  (cost=0.43..8.45 rows=1 width=121)
	  Index Cond: (id = 3603591)

table 8 : explain SELECT c FROM sbtest8 WHERE id=9581959
	Index Scan using sbtest8_pkey on sbtest8  (cost=0.43..8.45 rows=1 width=121)
	  Index Cond: (id = 9581959)

for: sum_ranges
table 1 : explain SELECT SUM(k) FROM sbtest1 WHERE id BETWEEN 8598355 AND 8599354
	Aggregate  (cost=3533.08..3533.09 rows=1 width=8)
	  ->  Bitmap Heap Scan on sbtest1  (cost=29.75..3530.80 rows=909 width=4)
	        Recheck Cond: ((id >= 8598355) AND (id <= 8599354))
	        ->  Bitmap Index Scan on sbtest1_pkey  (cost=0.00..29.52 rows=909 width=0)
	              Index Cond: ((id >= 8598355) AND (id <= 8599354))

table 2 : explain SELECT SUM(k) FROM sbtest2 WHERE id BETWEEN 3081821 AND 3082820
	Aggregate  (cost=3949.15..3949.16 rows=1 width=8)
	  ->  Bitmap Heap Scan on sbtest2  (cost=30.88..3946.60 rows=1019 width=4)
	        Recheck Cond: ((id >= 3081821) AND (id <= 3082820))
	        ->  Bitmap Index Scan on sbtest2_pkey  (cost=0.00..30.62 rows=1019 width=0)
	              Index Cond: ((id >= 3081821) AND (id <= 3082820))

table 3 : explain SELECT SUM(k) FROM sbtest3 WHERE id BETWEEN 7948519 AND 7949518
	Aggregate  (cost=3903.58..3903.59 rows=1 width=8)
	  ->  Bitmap Heap Scan on sbtest3  (cost=30.76..3901.06 rows=1007 width=4)
	        Recheck Cond: ((id >= 7948519) AND (id <= 7949518))
	        ->  Bitmap Index Scan on sbtest3_pkey  (cost=0.00..30.50 rows=1007 width=0)
	              Index Cond: ((id >= 7948519) AND (id <= 7949518))

table 4 : explain SELECT SUM(k) FROM sbtest4 WHERE id BETWEEN 9274016 AND 9275015
	Aggregate  (cost=3783.20..3783.21 rows=1 width=8)
	  ->  Bitmap Heap Scan on sbtest4  (cost=30.43..3780.76 rows=975 width=4)
	        Recheck Cond: ((id >= 9274016) AND (id <= 9275015))
	        ->  Bitmap Index Scan on sbtest4_pkey  (cost=0.00..30.18 rows=975 width=0)
	              Index Cond: ((id >= 9274016) AND (id <= 9275015))

table 5 : explain SELECT SUM(k) FROM sbtest5 WHERE id BETWEEN 520477 AND 521476
	Aggregate  (cost=4269.83..4269.84 rows=1 width=8)
	  ->  Bitmap Heap Scan on sbtest5  (cost=35.74..4267.07 rows=1103 width=4)
	        Recheck Cond: ((id >= 520477) AND (id <= 521476))
	        ->  Bitmap Index Scan on sbtest5_pkey  (cost=0.00..35.47 rows=1103 width=0)
	              Index Cond: ((id >= 520477) AND (id <= 521476))

table 6 : explain SELECT SUM(k) FROM sbtest6 WHERE id BETWEEN 6076316 AND 6077315
	Aggregate  (cost=3589.67..3589.68 rows=1 width=8)
	  ->  Bitmap Heap Scan on sbtest6  (cost=29.91..3587.36 rows=924 width=4)
	        Recheck Cond: ((id >= 6076316) AND (id <= 6077315))
	        ->  Bitmap Index Scan on sbtest6_pkey  (cost=0.00..29.68 rows=924 width=0)
	              Index Cond: ((id >= 6076316) AND (id <= 6077315))

table 7 : explain SELECT SUM(k) FROM sbtest7 WHERE id BETWEEN 4738549 AND 4739548
	Aggregate  (cost=3707.34..3707.35 rows=1 width=8)
	  ->  Bitmap Heap Scan on sbtest7  (cost=30.22..3704.95 rows=955 width=4)
	        Recheck Cond: ((id >= 4738549) AND (id <= 4739548))
	        ->  Bitmap Index Scan on sbtest7_pkey  (cost=0.00..29.98 rows=955 width=0)
	              Index Cond: ((id >= 4738549) AND (id <= 4739548))

table 8 : explain SELECT SUM(k) FROM sbtest8 WHERE id BETWEEN 8687835 AND 8688834
	Aggregate  (cost=3888.76..3888.77 rows=1 width=8)
	  ->  Bitmap Heap Scan on sbtest8  (cost=30.72..3886.25 rows=1003 width=4)
	        Recheck Cond: ((id >= 8687835) AND (id <= 8688834))
	        ->  Bitmap Index Scan on sbtest8_pkey  (cost=0.00..30.46 rows=1003 width=0)
	              Index Cond: ((id >= 8687835) AND (id <= 8688834))

for: sum_ranges
table 1 : explain SELECT SUM(k) FROM sbtest1 WHERE id BETWEEN 6414169 AND 6415168
	Aggregate  (cost=4054.72..4054.73 rows=1 width=8)
	  ->  Bitmap Heap Scan on sbtest1  (cost=31.17..4052.11 rows=1047 width=4)
	        Recheck Cond: ((id >= 6414169) AND (id <= 6415168))
	        ->  Bitmap Index Scan on sbtest1_pkey  (cost=0.00..30.90 rows=1047 width=0)
	              Index Cond: ((id >= 6414169) AND (id <= 6415168))

table 2 : explain SELECT SUM(k) FROM sbtest2 WHERE id BETWEEN 9687660 AND 9688659
	Aggregate  (cost=3915.17..3915.18 rows=1 width=8)
	  ->  Bitmap Heap Scan on sbtest2  (cost=30.79..3912.64 rows=1010 width=4)
	        Recheck Cond: ((id >= 9687660) AND (id <= 9688659))
	        ->  Bitmap Index Scan on sbtest2_pkey  (cost=0.00..30.54 rows=1010 width=0)
	              Index Cond: ((id >= 9687660) AND (id <= 9688659))

table 3 : explain SELECT SUM(k) FROM sbtest3 WHERE id BETWEEN 1706129 AND 1707128
	Aggregate  (cost=3858.26..3858.27 rows=1 width=8)
	  ->  Bitmap Heap Scan on sbtest3  (cost=30.63..3855.77 rows=995 width=4)
	        Recheck Cond: ((id >= 1706129) AND (id <= 1707128))
	        ->  Bitmap Index Scan on sbtest3_pkey  (cost=0.00..30.39 rows=995 width=0)
	              Index Cond: ((id >= 1706129) AND (id <= 1707128))

table 4 : explain SELECT SUM(k) FROM sbtest4 WHERE id BETWEEN 9994705 AND 9995704
	Aggregate  (cost=3809.66..3809.67 rows=1 width=8)
	  ->  Bitmap Heap Scan on sbtest4  (cost=30.50..3807.20 rows=982 width=4)
	        Recheck Cond: ((id >= 9994705) AND (id <= 9995704))
	        ->  Bitmap Index Scan on sbtest4_pkey  (cost=0.00..30.25 rows=982 width=0)
	              Index Cond: ((id >= 9994705) AND (id <= 9995704))

table 5 : explain SELECT SUM(k) FROM sbtest5 WHERE id BETWEEN 6265936 AND 6266935
	Aggregate  (cost=3918.96..3918.97 rows=1 width=8)
	  ->  Bitmap Heap Scan on sbtest5  (cost=30.80..3916.43 rows=1011 width=4)
	        Recheck Cond: ((id >= 6265936) AND (id <= 6266935))
	        ->  Bitmap Index Scan on sbtest5_pkey  (cost=0.00..30.54 rows=1011 width=0)
	              Index Cond: ((id >= 6265936) AND (id <= 6266935))

table 6 : explain SELECT SUM(k) FROM sbtest6 WHERE id BETWEEN 2692605 AND 2693604
	Aggregate  (cost=4039.59..4039.60 rows=1 width=8)
	  ->  Bitmap Heap Scan on sbtest6  (cost=35.12..4036.99 rows=1042 width=4)
	        Recheck Cond: ((id >= 2692605) AND (id <= 2693604))
	        ->  Bitmap Index Scan on sbtest6_pkey  (cost=0.00..34.86 rows=1042 width=0)
	              Index Cond: ((id >= 2692605) AND (id <= 2693604))

table 7 : explain SELECT SUM(k) FROM sbtest7 WHERE id BETWEEN 3085880 AND 3086879
	Aggregate  (cost=3502.86..3502.87 rows=1 width=8)
	  ->  Bitmap Heap Scan on sbtest7  (cost=29.67..3500.61 rows=901 width=4)
	        Recheck Cond: ((id >= 3085880) AND (id <= 3086879))
	        ->  Bitmap Index Scan on sbtest7_pkey  (cost=0.00..29.44 rows=901 width=0)
	              Index Cond: ((id >= 3085880) AND (id <= 3086879))

table 8 : explain SELECT SUM(k) FROM sbtest8 WHERE id BETWEEN 5488932 AND 5489931
	Aggregate  (cost=4401.57..4401.58 rows=1 width=8)
	  ->  Bitmap Heap Scan on sbtest8  (cost=36.11..4398.72 rows=1139 width=4)
	        Recheck Cond: ((id >= 5488932) AND (id <= 5489931))
	        ->  Bitmap Index Scan on sbtest8_pkey  (cost=0.00..35.83 rows=1139 width=0)
	              Index Cond: ((id >= 5488932) AND (id <= 5489931))

for: simple_ranges
table 1 : explain SELECT c FROM sbtest1 WHERE id BETWEEN 7229560 AND 7230559
	Bitmap Heap Scan on sbtest1  (cost=30.98..3984.25 rows=1029 width=121)
	  Recheck Cond: ((id >= 7229560) AND (id <= 7230559))
	  ->  Bitmap Index Scan on sbtest1_pkey  (cost=0.00..30.72 rows=1029 width=0)
	        Index Cond: ((id >= 7229560) AND (id <= 7230559))

table 2 : explain SELECT c FROM sbtest2 WHERE id BETWEEN 6649294 AND 6650293
	Bitmap Heap Scan on sbtest2  (cost=35.46..4165.43 rows=1076 width=121)
	  Recheck Cond: ((id >= 6649294) AND (id <= 6650293))
	  ->  Bitmap Index Scan on sbtest2_pkey  (cost=0.00..35.20 rows=1076 width=0)
	        Index Cond: ((id >= 6649294) AND (id <= 6650293))

table 3 : explain SELECT c FROM sbtest3 WHERE id BETWEEN 2826905 AND 2827904
	Bitmap Heap Scan on sbtest3  (cost=29.84..3564.71 rows=918 width=121)
	  Recheck Cond: ((id >= 2826905) AND (id <= 2827904))
	  ->  Bitmap Index Scan on sbtest3_pkey  (cost=0.00..29.61 rows=918 width=0)
	        Index Cond: ((id >= 2826905) AND (id <= 2827904))

table 4 : explain SELECT c FROM sbtest4 WHERE id BETWEEN 7233156 AND 7234155
	Bitmap Heap Scan on sbtest4  (cost=30.06..3644.65 rows=939 width=121)
	  Recheck Cond: ((id >= 7233156) AND (id <= 7234155))
	  ->  Bitmap Index Scan on sbtest4_pkey  (cost=0.00..29.82 rows=939 width=0)
	        Index Cond: ((id >= 7233156) AND (id <= 7234155))

table 5 : explain SELECT c FROM sbtest5 WHERE id BETWEEN 9084593 AND 9085592
	Bitmap Heap Scan on sbtest5  (cost=35.24..4082.58 rows=1054 width=121)
	  Recheck Cond: ((id >= 9084593) AND (id <= 9085592))
	  ->  Bitmap Index Scan on sbtest5_pkey  (cost=0.00..34.98 rows=1054 width=0)
	        Index Cond: ((id >= 9084593) AND (id <= 9085592))

table 6 : explain SELECT c FROM sbtest6 WHERE id BETWEEN 1557150 AND 1558149
	Bitmap Heap Scan on sbtest6  (cost=30.22..3704.60 rows=955 width=121)
	  Recheck Cond: ((id >= 1557150) AND (id <= 1558149))
	  ->  Bitmap Index Scan on sbtest6_pkey  (cost=0.00..29.98 rows=955 width=0)
	        Index Cond: ((id >= 1557150) AND (id <= 1558149))

table 7 : explain SELECT c FROM sbtest7 WHERE id BETWEEN 3529399 AND 3530398
	Bitmap Heap Scan on sbtest7  (cost=30.81..3920.24 rows=1012 width=121)
	  Recheck Cond: ((id >= 3529399) AND (id <= 3530398))
	  ->  Bitmap Index Scan on sbtest7_pkey  (cost=0.00..30.55 rows=1012 width=0)
	        Index Cond: ((id >= 3529399) AND (id <= 3530398))

table 8 : explain SELECT c FROM sbtest8 WHERE id BETWEEN 4191084 AND 4192083
	Bitmap Heap Scan on sbtest8  (cost=30.45..3788.07 rows=977 width=121)
	  Recheck Cond: ((id >= 4191084) AND (id <= 4192083))
	  ->  Bitmap Index Scan on sbtest8_pkey  (cost=0.00..30.20 rows=977 width=0)
	        Index Cond: ((id >= 4191084) AND (id <= 4192083))

for: simple_ranges
table 1 : explain SELECT c FROM sbtest1 WHERE id BETWEEN 9183021 AND 9184020
	Bitmap Heap Scan on sbtest1  (cost=30.89..3950.30 rows=1020 width=121)
	  Recheck Cond: ((id >= 9183021) AND (id <= 9184020))
	  ->  Bitmap Index Scan on sbtest1_pkey  (cost=0.00..30.64 rows=1020 width=0)
	        Index Cond: ((id >= 9183021) AND (id <= 9184020))

table 2 : explain SELECT c FROM sbtest2 WHERE id BETWEEN 8282373 AND 8283372
	Bitmap Heap Scan on sbtest2  (cost=30.35..3750.26 rows=967 width=121)
	  Recheck Cond: ((id >= 8282373) AND (id <= 8283372))
	  ->  Bitmap Index Scan on sbtest2_pkey  (cost=0.00..30.11 rows=967 width=0)
	        Index Cond: ((id >= 8282373) AND (id <= 8283372))

table 3 : explain SELECT c FROM sbtest3 WHERE id BETWEEN 2008751 AND 2009750
	Bitmap Heap Scan on sbtest3  (cost=30.61..3848.22 rows=993 width=121)
	  Recheck Cond: ((id >= 2008751) AND (id <= 2009750))
	  ->  Bitmap Index Scan on sbtest3_pkey  (cost=0.00..30.36 rows=993 width=0)
	        Index Cond: ((id >= 2008751) AND (id <= 2009750))

table 4 : explain SELECT c FROM sbtest4 WHERE id BETWEEN 1618564 AND 1619563
	Bitmap Heap Scan on sbtest4  (cost=35.34..4120.54 rows=1064 width=121)
	  Recheck Cond: ((id >= 1618564) AND (id <= 1619563))
	  ->  Bitmap Index Scan on sbtest4_pkey  (cost=0.00..35.08 rows=1064 width=0)
	        Index Cond: ((id >= 1618564) AND (id <= 1619563))

table 5 : explain SELECT c FROM sbtest5 WHERE id BETWEEN 5715273 AND 5716272
	Bitmap Heap Scan on sbtest5  (cost=30.31..3735.16 rows=963 width=121)
	  Recheck Cond: ((id >= 5715273) AND (id <= 5716272))
	  ->  Bitmap Index Scan on sbtest5_pkey  (cost=0.00..30.07 rows=963 width=0)
	        Index Cond: ((id >= 5715273) AND (id <= 5716272))

table 6 : explain SELECT c FROM sbtest6 WHERE id BETWEEN 4232234 AND 4233233
	Bitmap Heap Scan on sbtest6  (cost=30.72..3885.90 rows=1003 width=121)
	  Recheck Cond: ((id >= 4232234) AND (id <= 4233233))
	  ->  Bitmap Index Scan on sbtest6_pkey  (cost=0.00..30.46 rows=1003 width=0)
	        Index Cond: ((id >= 4232234) AND (id <= 4233233))

table 7 : explain SELECT c FROM sbtest7 WHERE id BETWEEN 465275 AND 466274
	Bitmap Heap Scan on sbtest7  (cost=30.74..3893.82 rows=1005 width=121)
	  Recheck Cond: ((id >= 465275) AND (id <= 466274))
	  ->  Bitmap Index Scan on sbtest7_pkey  (cost=0.00..30.48 rows=1005 width=0)
	        Index Cond: ((id >= 465275) AND (id <= 466274))

table 8 : explain SELECT c FROM sbtest8 WHERE id BETWEEN 9715856 AND 9716855
	Bitmap Heap Scan on sbtest8  (cost=29.78..3542.25 rows=912 width=121)
	  Recheck Cond: ((id >= 9715856) AND (id <= 9716855))
	  ->  Bitmap Index Scan on sbtest8_pkey  (cost=0.00..29.55 rows=912 width=0)
	        Index Cond: ((id >= 9715856) AND (id <= 9716855))

for: distinct_ranges
table 1 : explain SELECT DISTINCT c FROM sbtest1 WHERE id BETWEEN 7489137 AND 7490136 ORDER BY c
	Unique  (cost=3978.29..3983.36 rows=1014 width=121)
	  ->  Sort  (cost=3978.29..3980.83 rows=1014 width=121)
	        Sort Key: c
	        ->  Bitmap Heap Scan on sbtest1  (cost=30.83..3927.67 rows=1014 width=121)
	              Recheck Cond: ((id >= 7489137) AND (id <= 7490136))
	              ->  Bitmap Index Scan on sbtest1_pkey  (cost=0.00..30.57 rows=1014 width=0)
	                    Index Cond: ((id >= 7489137) AND (id <= 7490136))

table 2 : explain SELECT DISTINCT c FROM sbtest2 WHERE id BETWEEN 8490383 AND 8491382 ORDER BY c
	Unique  (cost=3683.09..3687.77 rows=937 width=121)
	  ->  Sort  (cost=3683.09..3685.43 rows=937 width=121)
	        Sort Key: c
	        ->  Bitmap Heap Scan on sbtest2  (cost=30.04..3636.84 rows=937 width=121)
	              Recheck Cond: ((id >= 8490383) AND (id <= 8491382))
	              ->  Bitmap Index Scan on sbtest2_pkey  (cost=0.00..29.80 rows=937 width=0)
	                    Index Cond: ((id >= 8490383) AND (id <= 8491382))

table 3 : explain SELECT DISTINCT c FROM sbtest3 WHERE id BETWEEN 3398284 AND 3399283 ORDER BY c
	Unique  (cost=3886.15..3891.10 rows=990 width=121)
	  ->  Sort  (cost=3886.15..3888.63 rows=990 width=121)
	        Sort Key: c
	        ->  Bitmap Heap Scan on sbtest3  (cost=30.58..3836.89 rows=990 width=121)
	              Recheck Cond: ((id >= 3398284) AND (id <= 3399283))
	              ->  Bitmap Index Scan on sbtest3_pkey  (cost=0.00..30.33 rows=990 width=0)
	                    Index Cond: ((id >= 3398284) AND (id <= 3399283))

table 4 : explain SELECT DISTINCT c FROM sbtest4 WHERE id BETWEEN 5924533 AND 5925532 ORDER BY c
	Unique  (cost=3986.31..3991.39 rows=1016 width=121)
	  ->  Sort  (cost=3986.31..3988.85 rows=1016 width=121)
	        Sort Key: c
	        ->  Bitmap Heap Scan on sbtest4  (cost=30.85..3935.57 rows=1016 width=121)
	              Recheck Cond: ((id >= 5924533) AND (id <= 5925532))
	              ->  Bitmap Index Scan on sbtest4_pkey  (cost=0.00..30.59 rows=1016 width=0)
	                    Index Cond: ((id >= 5924533) AND (id <= 5925532))

table 5 : explain SELECT DISTINCT c FROM sbtest5 WHERE id BETWEEN 2526583 AND 2527582 ORDER BY c
	Unique  (cost=3894.09..3899.05 rows=992 width=121)
	  ->  Sort  (cost=3894.09..3896.57 rows=992 width=121)
	        Sort Key: c
	        ->  Bitmap Heap Scan on sbtest5  (cost=30.60..3844.72 rows=992 width=121)
	              Recheck Cond: ((id >= 2526583) AND (id <= 2527582))
	              ->  Bitmap Index Scan on sbtest5_pkey  (cost=0.00..30.36 rows=992 width=0)
	                    Index Cond: ((id >= 2526583) AND (id <= 2527582))

table 6 : explain SELECT DISTINCT c FROM sbtest6 WHERE id BETWEEN 856712 AND 857711 ORDER BY c
	Unique  (cost=4001.18..4006.27 rows=1019 width=121)
	  ->  Sort  (cost=4001.18..4003.73 rows=1019 width=121)
	        Sort Key: c
	        ->  Bitmap Heap Scan on sbtest6  (cost=34.88..3950.27 rows=1019 width=121)
	              Recheck Cond: ((id >= 856712) AND (id <= 857711))
	              ->  Bitmap Index Scan on sbtest6_pkey  (cost=0.00..34.62 rows=1019 width=0)
	                    Index Cond: ((id >= 856712) AND (id <= 857711))

table 7 : explain SELECT DISTINCT c FROM sbtest7 WHERE id BETWEEN 486943 AND 487942 ORDER BY c
	Unique  (cost=3943.94..3948.96 rows=1005 width=121)
	  ->  Sort  (cost=3943.94..3946.45 rows=1005 width=121)
	        Sort Key: c
	        ->  Bitmap Heap Scan on sbtest7  (cost=30.74..3893.82 rows=1005 width=121)
	              Recheck Cond: ((id >= 486943) AND (id <= 487942))
	              ->  Bitmap Index Scan on sbtest7_pkey  (cost=0.00..30.48 rows=1005 width=0)
	                    Index Cond: ((id >= 486943) AND (id <= 487942))

table 8 : explain SELECT DISTINCT c FROM sbtest8 WHERE id BETWEEN 5523120 AND 5524119 ORDER BY c
	Unique  (cost=4456.54..4462.24 rows=1139 width=121)
	  ->  Sort  (cost=4456.54..4459.39 rows=1139 width=121)
	        Sort Key: c
	        ->  Bitmap Heap Scan on sbtest8  (cost=36.11..4398.72 rows=1139 width=121)
	              Recheck Cond: ((id >= 5523120) AND (id <= 5524119))
	              ->  Bitmap Index Scan on sbtest8_pkey  (cost=0.00..35.83 rows=1139 width=0)
	                    Index Cond: ((id >= 5523120) AND (id <= 5524119))

for point_selects
table 1 : explain SELECT c FROM sbtest1 WHERE id=9846579
	Index Scan using sbtest1_pkey on sbtest1  (cost=0.43..8.45 rows=1 width=121)
	  Index Cond: (id = 9846579)

table 2 : explain SELECT c FROM sbtest2 WHERE id=6548133
	Index Scan using sbtest2_pkey on sbtest2  (cost=0.43..8.45 rows=1 width=121)
	  Index Cond: (id = 6548133)

table 3 : explain SELECT c FROM sbtest3 WHERE id=9722857
	Index Scan using sbtest3_pkey on sbtest3  (cost=0.43..8.45 rows=1 width=121)
	  Index Cond: (id = 9722857)

table 4 : explain SELECT c FROM sbtest4 WHERE id=8253199
	Index Scan using sbtest4_pkey on sbtest4  (cost=0.43..8.45 rows=1 width=121)
	  Index Cond: (id = 8253199)

table 5 : explain SELECT c FROM sbtest5 WHERE id=1932532
	Index Scan using sbtest5_pkey on sbtest5  (cost=0.43..8.45 rows=1 width=121)
	  Index Cond: (id = 1932532)

table 6 : explain SELECT c FROM sbtest6 WHERE id=6196503
	Index Scan using sbtest6_pkey on sbtest6  (cost=0.43..8.45 rows=1 width=121)
	  Index Cond: (id = 6196503)

table 7 : explain SELECT c FROM sbtest7 WHERE id=3395256
	Index Scan using sbtest7_pkey on sbtest7  (cost=0.43..8.45 rows=1 width=121)
	  Index Cond: (id = 3395256)

table 8 : explain SELECT c FROM sbtest8 WHERE id=3418490
	Index Scan using sbtest8_pkey on sbtest8  (cost=0.43..8.45 rows=1 width=121)
	  Index Cond: (id = 3418490)

for: distinct_ranges
table 1 : explain SELECT DISTINCT c FROM sbtest1 WHERE id BETWEEN 5149241 AND 5150240 ORDER BY c
	Unique  (cost=3583.16..3587.71 rows=911 width=121)
	  ->  Sort  (cost=3583.16..3585.44 rows=911 width=121)
	        Sort Key: c
	        ->  Bitmap Heap Scan on sbtest1  (cost=29.77..3538.38 rows=911 width=121)
	              Recheck Cond: ((id >= 5149241) AND (id <= 5150240))
	              ->  Bitmap Index Scan on sbtest1_pkey  (cost=0.00..29.54 rows=911 width=0)
	                    Index Cond: ((id >= 5149241) AND (id <= 5150240))

table 2 : explain SELECT DISTINCT c FROM sbtest2 WHERE id BETWEEN 139162 AND 140161 ORDER BY c
	Unique  (cost=3940.06..3945.08 rows=1004 width=121)
	  ->  Sort  (cost=3940.06..3942.57 rows=1004 width=121)
	        Sort Key: c
	        ->  Bitmap Heap Scan on sbtest2  (cost=30.73..3890.00 rows=1004 width=121)
	              Recheck Cond: ((id >= 139162) AND (id <= 140161))
	              ->  Bitmap Index Scan on sbtest2_pkey  (cost=0.00..30.47 rows=1004 width=0)
	                    Index Cond: ((id >= 139162) AND (id <= 140161))

table 3 : explain SELECT DISTINCT c FROM sbtest3 WHERE id BETWEEN 5426896 AND 5427895 ORDER BY c
	Unique  (cost=4353.05..4358.61 rows=1111 width=121)
	  ->  Sort  (cost=4353.05..4355.83 rows=1111 width=121)
	        Sort Key: c
	        ->  Bitmap Heap Scan on sbtest3  (cost=35.82..4296.85 rows=1111 width=121)
	              Recheck Cond: ((id >= 5426896) AND (id <= 5427895))
	              ->  Bitmap Index Scan on sbtest3_pkey  (cost=0.00..35.55 rows=1111 width=0)
	                    Index Cond: ((id >= 5426896) AND (id <= 5427895))

table 4 : explain SELECT DISTINCT c FROM sbtest4 WHERE id BETWEEN 2339824 AND 2340823 ORDER BY c
	Unique  (cost=4051.41..4056.57 rows=1033 width=121)
	  ->  Sort  (cost=4051.41..4053.99 rows=1033 width=121)
	        Sort Key: c
	        ->  Bitmap Heap Scan on sbtest4  (cost=31.02..3999.69 rows=1033 width=121)
	              Recheck Cond: ((id >= 2339824) AND (id <= 2340823))
	              ->  Bitmap Index Scan on sbtest4_pkey  (cost=0.00..30.76 rows=1033 width=0)
	                    Index Cond: ((id >= 2339824) AND (id <= 2340823))

table 5 : explain SELECT DISTINCT c FROM sbtest5 WHERE id BETWEEN 5650424 AND 5651423 ORDER BY c
	Unique  (cost=3782.89..3787.70 rows=963 width=121)
	  ->  Sort  (cost=3782.89..3785.29 rows=963 width=121)
	        Sort Key: c
	        ->  Bitmap Heap Scan on sbtest5  (cost=30.31..3735.16 rows=963 width=121)
	              Recheck Cond: ((id >= 5650424) AND (id <= 5651423))
	              ->  Bitmap Index Scan on sbtest5_pkey  (cost=0.00..30.07 rows=963 width=0)
	                    Index Cond: ((id >= 5650424) AND (id <= 5651423))

table 6 : explain SELECT DISTINCT c FROM sbtest6 WHERE id BETWEEN 5424092 AND 5425091 ORDER BY c
	Unique  (cost=3675.11..3679.79 rows=935 width=121)
	  ->  Sort  (cost=3675.11..3677.45 rows=935 width=121)
	        Sort Key: c
	        ->  Bitmap Heap Scan on sbtest6  (cost=30.02..3628.98 rows=935 width=121)
	              Recheck Cond: ((id >= 5424092) AND (id <= 5425091))
	              ->  Bitmap Index Scan on sbtest6_pkey  (cost=0.00..29.79 rows=935 width=0)
	                    Index Cond: ((id >= 5424092) AND (id <= 5425091))

table 7 : explain SELECT DISTINCT c FROM sbtest7 WHERE id BETWEEN 3381751 AND 3382750 ORDER BY c
	Unique  (cost=4108.75..4113.98 rows=1047 width=121)
	  ->  Sort  (cost=4108.75..4111.37 rows=1047 width=121)
	        Sort Key: c
	        ->  Bitmap Heap Scan on sbtest7  (cost=35.17..4056.23 rows=1047 width=121)
	              Recheck Cond: ((id >= 3381751) AND (id <= 3382750))
	              ->  Bitmap Index Scan on sbtest7_pkey  (cost=0.00..34.91 rows=1047 width=0)
	                    Index Cond: ((id >= 3381751) AND (id <= 3382750))

table 8 : explain SELECT DISTINCT c FROM sbtest8 WHERE id BETWEEN 8516734 AND 8517733 ORDER BY c
	Unique  (cost=4200.53..4205.88 rows=1071 width=121)
	  ->  Sort  (cost=4200.53..4203.21 rows=1071 width=121)
	        Sort Key: c
	        ->  Bitmap Heap Scan on sbtest8  (cost=35.41..4146.63 rows=1071 width=121)
	              Recheck Cond: ((id >= 8516734) AND (id <= 8517733))
	              ->  Bitmap Index Scan on sbtest8_pkey  (cost=0.00..35.15 rows=1071 width=0)
	                    Index Cond: ((id >= 8516734) AND (id <= 8517733))

for: simple_ranges
table 1 : explain SELECT c FROM sbtest1 WHERE id BETWEEN 4049853 AND 4050852
	Bitmap Heap Scan on sbtest1  (cost=31.32..4108.63 rows=1062 width=121)
	  Recheck Cond: ((id >= 4049853) AND (id <= 4050852))
	  ->  Bitmap Index Scan on sbtest1_pkey  (cost=0.00..31.05 rows=1062 width=0)
	        Index Cond: ((id >= 4049853) AND (id <= 4050852))

table 2 : explain SELECT c FROM sbtest2 WHERE id BETWEEN 1106681 AND 1107680
	Bitmap Heap Scan on sbtest2  (cost=29.99..3617.92 rows=932 width=121)
	  Recheck Cond: ((id >= 1106681) AND (id <= 1107680))
	  ->  Bitmap Index Scan on sbtest2_pkey  (cost=0.00..29.75 rows=932 width=0)
	        Index Cond: ((id >= 1106681) AND (id <= 1107680))

table 3 : explain SELECT c FROM sbtest3 WHERE id BETWEEN 190912 AND 191911
	Bitmap Heap Scan on sbtest3  (cost=30.15..3678.20 rows=948 width=121)
	  Recheck Cond: ((id >= 190912) AND (id <= 191911))
	  ->  Bitmap Index Scan on sbtest3_pkey  (cost=0.00..29.91 rows=948 width=0)
	        Index Cond: ((id >= 190912) AND (id <= 191911))

table 4 : explain SELECT c FROM sbtest4 WHERE id BETWEEN 587421 AND 588420
	Bitmap Heap Scan on sbtest4  (cost=35.19..4064.02 rows=1049 width=121)
	  Recheck Cond: ((id >= 587421) AND (id <= 588420))
	  ->  Bitmap Index Scan on sbtest4_pkey  (cost=0.00..34.93 rows=1049 width=0)
	        Index Cond: ((id >= 587421) AND (id <= 588420))

table 5 : explain SELECT c FROM sbtest5 WHERE id BETWEEN 8464314 AND 8465313
	Bitmap Heap Scan on sbtest5  (cost=30.59..3840.94 rows=991 width=121)
	  Recheck Cond: ((id >= 8464314) AND (id <= 8465313))
	  ->  Bitmap Index Scan on sbtest5_pkey  (cost=0.00..30.34 rows=991 width=0)
	        Index Cond: ((id >= 8464314) AND (id <= 8465313))

table 6 : explain SELECT c FROM sbtest6 WHERE id BETWEEN 2595783 AND 2596782
	Bitmap Heap Scan on sbtest6  (cost=29.94..3598.71 rows=927 width=121)
	  Recheck Cond: ((id >= 2595783) AND (id <= 2596782))
	  ->  Bitmap Index Scan on sbtest6_pkey  (cost=0.00..29.70 rows=927 width=0)
	        Index Cond: ((id >= 2595783) AND (id <= 2596782))

table 7 : explain SELECT c FROM sbtest7 WHERE id BETWEEN 833929 AND 834928
	Bitmap Heap Scan on sbtest7  (cost=35.23..4078.84 rows=1053 width=121)
	  Recheck Cond: ((id >= 833929) AND (id <= 834928))
	  ->  Bitmap Index Scan on sbtest7_pkey  (cost=0.00..34.97 rows=1053 width=0)
	        Index Cond: ((id >= 833929) AND (id <= 834928))

table 8 : explain SELECT c FROM sbtest8 WHERE id BETWEEN 2968292 AND 2969291
	Bitmap Heap Scan on sbtest8  (cost=30.22..3704.93 rows=955 width=121)
	  Recheck Cond: ((id >= 2968292) AND (id <= 2969291))
	  ->  Bitmap Index Scan on sbtest8_pkey  (cost=0.00..29.98 rows=955 width=0)
	        Index Cond: ((id >= 2968292) AND (id <= 2969291))

for: simple_ranges
table 1 : explain SELECT c FROM sbtest1 WHERE id BETWEEN 8358374 AND 8359373
	Bitmap Heap Scan on sbtest1  (cost=30.47..3795.53 rows=979 width=121)
	  Recheck Cond: ((id >= 8358374) AND (id <= 8359373))
	  ->  Bitmap Index Scan on sbtest1_pkey  (cost=0.00..30.22 rows=979 width=0)
	        Index Cond: ((id >= 8358374) AND (id <= 8359373))

table 2 : explain SELECT c FROM sbtest2 WHERE id BETWEEN 3236356 AND 3237355
	Bitmap Heap Scan on sbtest2  (cost=35.73..4263.29 rows=1102 width=121)
	  Recheck Cond: ((id >= 3236356) AND (id <= 3237355))
	  ->  Bitmap Index Scan on sbtest2_pkey  (cost=0.00..35.45 rows=1102 width=0)
	        Index Cond: ((id >= 3236356) AND (id <= 3237355))

table 3 : explain SELECT c FROM sbtest3 WHERE id BETWEEN 9368878 AND 9369877
	Bitmap Heap Scan on sbtest3  (cost=29.87..3572.28 rows=920 width=121)
	  Recheck Cond: ((id >= 9368878) AND (id <= 9369877))
	  ->  Bitmap Index Scan on sbtest3_pkey  (cost=0.00..29.64 rows=920 width=0)
	        Index Cond: ((id >= 9368878) AND (id <= 9369877))

table 4 : explain SELECT c FROM sbtest4 WHERE id BETWEEN 3814015 AND 3815014
	Bitmap Heap Scan on sbtest4  (cost=30.66..3867.63 rows=998 width=121)
	  Recheck Cond: ((id >= 3814015) AND (id <= 3815014))
	  ->  Bitmap Index Scan on sbtest4_pkey  (cost=0.00..30.41 rows=998 width=0)
	        Index Cond: ((id >= 3814015) AND (id <= 3815014))

table 5 : explain SELECT c FROM sbtest5 WHERE id BETWEEN 8634391 AND 8635390
	Bitmap Heap Scan on sbtest5  (cost=30.89..3950.39 rows=1020 width=121)
	  Recheck Cond: ((id >= 8634391) AND (id <= 8635390))
	  ->  Bitmap Index Scan on sbtest5_pkey  (cost=0.00..30.64 rows=1020 width=0)
	        Index Cond: ((id >= 8634391) AND (id <= 8635390))

table 6 : explain SELECT c FROM sbtest6 WHERE id BETWEEN 5142528 AND 5143527
	Bitmap Heap Scan on sbtest6  (cost=35.64..4229.05 rows=1093 width=121)
	  Recheck Cond: ((id >= 5142528) AND (id <= 5143527))
	  ->  Bitmap Index Scan on sbtest6_pkey  (cost=0.00..35.37 rows=1093 width=0)
	        Index Cond: ((id >= 5142528) AND (id <= 5143527))

table 7 : explain SELECT c FROM sbtest7 WHERE id BETWEEN 6624226 AND 6625225
	Bitmap Heap Scan on sbtest7  (cost=35.59..4210.66 rows=1088 width=121)
	  Recheck Cond: ((id >= 6624226) AND (id <= 6625225))
	  ->  Bitmap Index Scan on sbtest7_pkey  (cost=0.00..35.32 rows=1088 width=0)
	        Index Cond: ((id >= 6624226) AND (id <= 6625225))

table 8 : explain SELECT c FROM sbtest8 WHERE id BETWEEN 6221342 AND 6222341
	Bitmap Heap Scan on sbtest8  (cost=35.02..4003.43 rows=1033 width=121)
	  Recheck Cond: ((id >= 6221342) AND (id <= 6222341))
	  ->  Bitmap Index Scan on sbtest8_pkey  (cost=0.00..34.77 rows=1033 width=0)
	        Index Cond: ((id >= 6221342) AND (id <= 6222341))

explain: for point_selects :: explain SELECT c FROM sbtest%u WHERE id=%u
for: order_ranges
table 1 : explain SELECT c FROM sbtest1 WHERE id BETWEEN 8231465 AND 8232464 ORDER BY c
	Sort  (cost=4280.69..4283.42 rows=1092 width=121)
	  Sort Key: c
	  ->  Bitmap Heap Scan on sbtest1  (cost=35.63..4225.58 rows=1092 width=121)
	        Recheck Cond: ((id >= 8231465) AND (id <= 8232464))
	        ->  Bitmap Index Scan on sbtest1_pkey  (cost=0.00..35.36 rows=1092 width=0)
	              Index Cond: ((id >= 8231465) AND (id <= 8232464))

table 2 : explain SELECT c FROM sbtest2 WHERE id BETWEEN 9859847 AND 9860846 ORDER BY c
	Sort  (cost=3763.69..3766.08 rows=958 width=121)
	  Sort Key: c
	  ->  Bitmap Heap Scan on sbtest2  (cost=30.25..3716.25 rows=958 width=121)
	        Recheck Cond: ((id >= 9859847) AND (id <= 9860846))
	        ->  Bitmap Index Scan on sbtest2_pkey  (cost=0.00..30.01 rows=958 width=0)
	              Index Cond: ((id >= 9859847) AND (id <= 9860846))

table 3 : explain SELECT c FROM sbtest3 WHERE id BETWEEN 2945519 AND 2946518 ORDER BY c
	Sort  (cost=4265.19..4267.91 rows=1088 width=121)
	  Sort Key: c
	  ->  Bitmap Heap Scan on sbtest3  (cost=35.59..4210.32 rows=1088 width=121)
	        Recheck Cond: ((id >= 2945519) AND (id <= 2946518))
	        ->  Bitmap Index Scan on sbtest3_pkey  (cost=0.00..35.32 rows=1088 width=0)
	              Index Cond: ((id >= 2945519) AND (id <= 2946518))

table 4 : explain SELECT c FROM sbtest4 WHERE id BETWEEN 640027 AND 641026 ORDER BY c
	Sort  (cost=4116.65..4119.27 rows=1049 width=121)
	  Sort Key: c
	  ->  Bitmap Heap Scan on sbtest4  (cost=35.19..4064.02 rows=1049 width=121)
	        Recheck Cond: ((id >= 640027) AND (id <= 641026))
	        ->  Bitmap Index Scan on sbtest4_pkey  (cost=0.00..34.93 rows=1049 width=0)
	              Index Cond: ((id >= 640027) AND (id <= 641026))

table 5 : explain SELECT c FROM sbtest5 WHERE id BETWEEN 5262647 AND 5263646 ORDER BY c
	Sort  (cost=4284.61..4287.34 rows=1093 width=121)
	  Sort Key: c
	  ->  Bitmap Heap Scan on sbtest5  (cost=35.64..4229.45 rows=1093 width=121)
	        Recheck Cond: ((id >= 5262647) AND (id <= 5263646))
	        ->  Bitmap Index Scan on sbtest5_pkey  (cost=0.00..35.37 rows=1093 width=0)
	              Index Cond: ((id >= 5262647) AND (id <= 5263646))

table 6 : explain SELECT c FROM sbtest6 WHERE id BETWEEN 4614542 AND 4615541 ORDER BY c
	Sort  (cost=3978.20..3980.74 rows=1013 width=121)
	  Sort Key: c
	  ->  Bitmap Heap Scan on sbtest6  (cost=34.82..3927.63 rows=1013 width=121)
	        Recheck Cond: ((id >= 4614542) AND (id <= 4615541))
	        ->  Bitmap Index Scan on sbtest6_pkey  (cost=0.00..34.57 rows=1013 width=0)
	              Index Cond: ((id >= 4614542) AND (id <= 4615541))

table 7 : explain SELECT c FROM sbtest7 WHERE id BETWEEN 268687 AND 269686 ORDER BY c
	Sort  (cost=3894.12..3896.60 rows=992 width=121)
	  Sort Key: c
	  ->  Bitmap Heap Scan on sbtest7  (cost=30.60..3844.75 rows=992 width=121)
	        Recheck Cond: ((id >= 268687) AND (id <= 269686))
	        ->  Bitmap Index Scan on sbtest7_pkey  (cost=0.00..30.36 rows=992 width=0)
	              Index Cond: ((id >= 268687) AND (id <= 269686))

table 8 : explain SELECT c FROM sbtest8 WHERE id BETWEEN 9106925 AND 9107924 ORDER BY c
	Sort  (cost=4081.94..4084.54 rows=1040 width=121)
	  Sort Key: c
	  ->  Bitmap Heap Scan on sbtest8  (cost=35.09..4029.82 rows=1040 width=121)
	        Recheck Cond: ((id >= 9106925) AND (id <= 9107924))
	        ->  Bitmap Index Scan on sbtest8_pkey  (cost=0.00..34.84 rows=1040 width=0)
	              Index Cond: ((id >= 9106925) AND (id <= 9107924))

for: sum_ranges
table 1 : explain SELECT SUM(k) FROM sbtest1 WHERE id BETWEEN 1712752 AND 1713751
	Aggregate  (cost=3862.22..3862.23 rows=1 width=8)
	  ->  Bitmap Heap Scan on sbtest1  (cost=30.64..3859.73 rows=996 width=4)
	        Recheck Cond: ((id >= 1712752) AND (id <= 1713751))
	        ->  Bitmap Index Scan on sbtest1_pkey  (cost=0.00..30.39 rows=996 width=0)
	              Index Cond: ((id >= 1712752) AND (id <= 1713751))

table 2 : explain SELECT SUM(k) FROM sbtest2 WHERE id BETWEEN 386351 AND 387350
	Aggregate  (cost=3850.96..3850.97 rows=1 width=8)
	  ->  Bitmap Heap Scan on sbtest2  (cost=30.61..3848.48 rows=993 width=4)
	        Recheck Cond: ((id >= 386351) AND (id <= 387350))
	        ->  Bitmap Index Scan on sbtest2_pkey  (cost=0.00..30.36 rows=993 width=0)
	              Index Cond: ((id >= 386351) AND (id <= 387350))

table 3 : explain SELECT SUM(k) FROM sbtest3 WHERE id BETWEEN 9003034 AND 9004033
	Aggregate  (cost=3710.84..3710.85 rows=1 width=8)
	  ->  Bitmap Heap Scan on sbtest3  (cost=30.23..3708.45 rows=956 width=4)
	        Recheck Cond: ((id >= 9003034) AND (id <= 9004033))
	        ->  Bitmap Index Scan on sbtest3_pkey  (cost=0.00..30.00 rows=956 width=0)
	              Index Cond: ((id >= 9003034) AND (id <= 9004033))

table 4 : explain SELECT SUM(k) FROM sbtest4 WHERE id BETWEEN 9561942 AND 9562941
	Aggregate  (cost=4270.13..4270.14 rows=1 width=8)
	  ->  Bitmap Heap Scan on sbtest4  (cost=35.74..4267.38 rows=1103 width=4)
	        Recheck Cond: ((id >= 9561942) AND (id <= 9562941))
	        ->  Bitmap Index Scan on sbtest4_pkey  (cost=0.00..35.47 rows=1103 width=0)
	              Index Cond: ((id >= 9561942) AND (id <= 9562941))

table 5 : explain SELECT SUM(k) FROM sbtest5 WHERE id BETWEEN 3987320 AND 3988319
	Aggregate  (cost=3858.53..3858.54 rows=1 width=8)
	  ->  Bitmap Heap Scan on sbtest5  (cost=30.63..3856.04 rows=995 width=4)
	        Recheck Cond: ((id >= 3987320) AND (id <= 3988319))
	        ->  Bitmap Index Scan on sbtest5_pkey  (cost=0.00..30.39 rows=995 width=0)
	              Index Cond: ((id >= 3987320) AND (id <= 3988319))

table 6 : explain SELECT SUM(k) FROM sbtest6 WHERE id BETWEEN 8132575 AND 8133574
	Aggregate  (cost=4069.76..4069.77 rows=1 width=8)
	  ->  Bitmap Heap Scan on sbtest6  (cost=35.20..4067.14 rows=1050 width=4)
	        Recheck Cond: ((id >= 8132575) AND (id <= 8133574))
	        ->  Bitmap Index Scan on sbtest6_pkey  (cost=0.00..34.94 rows=1050 width=0)
	              Index Cond: ((id >= 8132575) AND (id <= 8133574))

table 7 : explain SELECT SUM(k) FROM sbtest7 WHERE id BETWEEN 2725230 AND 2726229
	Aggregate  (cost=4066.39..4066.40 rows=1 width=8)
	  ->  Bitmap Heap Scan on sbtest7  (cost=35.19..4063.77 rows=1049 width=4)
	        Recheck Cond: ((id >= 2725230) AND (id <= 2726229))
	        ->  Bitmap Index Scan on sbtest7_pkey  (cost=0.00..34.93 rows=1049 width=0)
	              Index Cond: ((id >= 2725230) AND (id <= 2726229))

table 8 : explain SELECT SUM(k) FROM sbtest8 WHERE id BETWEEN 5592574 AND 5593573
	Aggregate  (cost=3684.62..3684.63 rows=1 width=8)
	  ->  Bitmap Heap Scan on sbtest8  (cost=30.16..3682.25 rows=949 width=4)
	        Recheck Cond: ((id >= 5592574) AND (id <= 5593573))
	        ->  Bitmap Index Scan on sbtest8_pkey  (cost=0.00..29.93 rows=949 width=0)
	              Index Cond: ((id >= 5592574) AND (id <= 5593573))

for: sum_ranges
table 1 : explain SELECT SUM(k) FROM sbtest1 WHERE id BETWEEN 2732216 AND 2733215
	Aggregate  (cost=3756.40..3756.41 rows=1 width=8)
	  ->  Bitmap Heap Scan on sbtest1  (cost=30.36..3753.98 rows=968 width=4)
	        Recheck Cond: ((id >= 2732216) AND (id <= 2733215))
	        ->  Bitmap Index Scan on sbtest1_pkey  (cost=0.00..30.11 rows=968 width=0)
	              Index Cond: ((id >= 2732216) AND (id <= 2733215))

table 2 : explain SELECT SUM(k) FROM sbtest2 WHERE id BETWEEN 4463580 AND 4464579
	Aggregate  (cost=4039.94..4039.95 rows=1 width=8)
	  ->  Bitmap Heap Scan on sbtest2  (cost=35.12..4037.34 rows=1042 width=4)
	        Recheck Cond: ((id >= 4463580) AND (id <= 4464579))
	        ->  Bitmap Index Scan on sbtest2_pkey  (cost=0.00..34.86 rows=1042 width=0)
	              Index Cond: ((id >= 4463580) AND (id <= 4464579))

table 3 : explain SELECT SUM(k) FROM sbtest3 WHERE id BETWEEN 5794609 AND 5795608
	Aggregate  (cost=3771.34..3771.35 rows=1 width=8)
	  ->  Bitmap Heap Scan on sbtest3  (cost=30.40..3768.91 rows=972 width=4)
	        Recheck Cond: ((id >= 5794609) AND (id <= 5795608))
	        ->  Bitmap Index Scan on sbtest3_pkey  (cost=0.00..30.15 rows=972 width=0)
	              Index Cond: ((id >= 5794609) AND (id <= 5795608))

table 4 : explain SELECT SUM(k) FROM sbtest4 WHERE id BETWEEN 2571789 AND 2572788
	Aggregate  (cost=3658.36..3658.37 rows=1 width=8)
	  ->  Bitmap Heap Scan on sbtest4  (cost=30.09..3656.00 rows=942 width=4)
	        Recheck Cond: ((id >= 2571789) AND (id <= 2572788))
	        ->  Bitmap Index Scan on sbtest4_pkey  (cost=0.00..29.86 rows=942 width=0)
	              Index Cond: ((id >= 2571789) AND (id <= 2572788))

table 5 : explain SELECT SUM(k) FROM sbtest5 WHERE id BETWEEN 5807702 AND 5808701
	Aggregate  (cost=3952.94..3952.95 rows=1 width=8)
	  ->  Bitmap Heap Scan on sbtest5  (cost=30.89..3950.39 rows=1020 width=4)
	        Recheck Cond: ((id >= 5807702) AND (id <= 5808701))
	        ->  Bitmap Index Scan on sbtest5_pkey  (cost=0.00..30.64 rows=1020 width=0)
	              Index Cond: ((id >= 5807702) AND (id <= 5808701))

table 6 : explain SELECT SUM(k) FROM sbtest6 WHERE id BETWEEN 6892687 AND 6893686
	Aggregate  (cost=3899.73..3899.74 rows=1 width=8)
	  ->  Bitmap Heap Scan on sbtest6  (cost=30.75..3897.22 rows=1006 width=4)
	        Recheck Cond: ((id >= 6892687) AND (id <= 6893686))
	        ->  Bitmap Index Scan on sbtest6_pkey  (cost=0.00..30.50 rows=1006 width=0)
	              Index Cond: ((id >= 6892687) AND (id <= 6893686))

table 7 : explain SELECT SUM(k) FROM sbtest7 WHERE id BETWEEN 3361731 AND 3362730
	Aggregate  (cost=4058.85..4058.86 rows=1 width=8)
	  ->  Bitmap Heap Scan on sbtest7  (cost=35.17..4056.23 rows=1047 width=4)
	        Recheck Cond: ((id >= 3361731) AND (id <= 3362730))
	        ->  Bitmap Index Scan on sbtest7_pkey  (cost=0.00..34.91 rows=1047 width=0)
	              Index Cond: ((id >= 3361731) AND (id <= 3362730))

table 8 : explain SELECT SUM(k) FROM sbtest8 WHERE id BETWEEN 1643162 AND 1644161
	Aggregate  (cost=3972.05..3972.06 rows=1 width=8)
	  ->  Bitmap Heap Scan on sbtest8  (cost=34.93..3969.49 rows=1024 width=4)
	        Recheck Cond: ((id >= 1643162) AND (id <= 1644161))
	        ->  Bitmap Index Scan on sbtest8_pkey  (cost=0.00..34.68 rows=1024 width=0)
	              Index Cond: ((id >= 1643162) AND (id <= 1644161))

for: distinct_ranges
table 1 : explain SELECT DISTINCT c FROM sbtest1 WHERE id BETWEEN 1878658 AND 1879657 ORDER BY c
	Unique  (cost=3729.09..3733.83 rows=949 width=121)
	  ->  Sort  (cost=3729.09..3731.46 rows=949 width=121)
	        Sort Key: c
	        ->  Bitmap Heap Scan on sbtest1  (cost=30.16..3682.16 rows=949 width=121)
	              Recheck Cond: ((id >= 1878658) AND (id <= 1879657))
	              ->  Bitmap Index Scan on sbtest1_pkey  (cost=0.00..29.93 rows=949 width=0)
	                    Index Cond: ((id >= 1878658) AND (id <= 1879657))

table 2 : explain SELECT DISTINCT c FROM sbtest2 WHERE id BETWEEN 4156432 AND 4157431 ORDER BY c
	Unique  (cost=3878.74..3883.68 rows=988 width=121)
	  ->  Sort  (cost=3878.74..3881.21 rows=988 width=121)
	        Sort Key: c
	        ->  Bitmap Heap Scan on sbtest2  (cost=30.56..3829.60 rows=988 width=121)
	              Recheck Cond: ((id >= 4156432) AND (id <= 4157431))
	              ->  Bitmap Index Scan on sbtest2_pkey  (cost=0.00..30.32 rows=988 width=0)
	                    Index Cond: ((id >= 4156432) AND (id <= 4157431))

table 3 : explain SELECT DISTINCT c FROM sbtest3 WHERE id BETWEEN 3784139 AND 3785138 ORDER BY c
	Unique  (cost=3943.63..3948.65 rows=1005 width=121)
	  ->  Sort  (cost=3943.63..3946.14 rows=1005 width=121)
	        Sort Key: c
	        ->  Bitmap Heap Scan on sbtest3  (cost=30.74..3893.51 rows=1005 width=121)
	              Recheck Cond: ((id >= 3784139) AND (id <= 3785138))
	              ->  Bitmap Index Scan on sbtest3_pkey  (cost=0.00..30.48 rows=1005 width=0)
	                    Index Cond: ((id >= 3784139) AND (id <= 3785138))

table 4 : explain SELECT DISTINCT c FROM sbtest4 WHERE id BETWEEN 9431698 AND 9432697 ORDER BY c
	Unique  (cost=3993.97..3999.06 rows=1018 width=121)
	  ->  Sort  (cost=3993.97..3996.52 rows=1018 width=121)
	        Sort Key: c
	        ->  Bitmap Heap Scan on sbtest4  (cost=30.87..3943.11 rows=1018 width=121)
	              Recheck Cond: ((id >= 9431698) AND (id <= 9432697))
	              ->  Bitmap Index Scan on sbtest4_pkey  (cost=0.00..30.61 rows=1018 width=0)
	                    Index Cond: ((id >= 9431698) AND (id <= 9432697))

table 5 : explain SELECT DISTINCT c FROM sbtest5 WHERE id BETWEEN 2960035 AND 2961034 ORDER BY c
	Unique  (cost=3859.59..3864.50 rows=983 width=121)
	  ->  Sort  (cost=3859.59..3862.05 rows=983 width=121)
	        Sort Key: c
	        ->  Bitmap Heap Scan on sbtest5  (cost=30.51..3810.73 rows=983 width=121)
	              Recheck Cond: ((id >= 2960035) AND (id <= 2961034))
	              ->  Bitmap Index Scan on sbtest5_pkey  (cost=0.00..30.26 rows=983 width=0)
	                    Index Cond: ((id >= 2960035) AND (id <= 2961034))

table 6 : explain SELECT DISTINCT c FROM sbtest6 WHERE id BETWEEN 3677726 AND 3678725 ORDER BY c
	Unique  (cost=3832.42..3837.30 rows=976 width=121)
	  ->  Sort  (cost=3832.42..3834.86 rows=976 width=121)
	        Sort Key: c
	        ->  Bitmap Heap Scan on sbtest6  (cost=30.44..3783.96 rows=976 width=121)
	              Recheck Cond: ((id >= 3677726) AND (id <= 3678725))
	              ->  Bitmap Index Scan on sbtest6_pkey  (cost=0.00..30.19 rows=976 width=0)
	                    Index Cond: ((id >= 3677726) AND (id <= 3678725))

table 7 : explain SELECT DISTINCT c FROM sbtest7 WHERE id BETWEEN 9760740 AND 9761739 ORDER BY c
	Unique  (cost=3878.79..3883.73 rows=988 width=121)
	  ->  Sort  (cost=3878.79..3881.26 rows=988 width=121)
	        Sort Key: c
	        ->  Bitmap Heap Scan on sbtest7  (cost=30.56..3829.64 rows=988 width=121)
	              Recheck Cond: ((id >= 9760740) AND (id <= 9761739))
	              ->  Bitmap Index Scan on sbtest7_pkey  (cost=0.00..30.32 rows=988 width=0)
	                    Index Cond: ((id >= 9760740) AND (id <= 9761739))

table 8 : explain SELECT DISTINCT c FROM sbtest8 WHERE id BETWEEN 8322867 AND 8323866 ORDER BY c
	Unique  (cost=3694.63..3699.33 rows=940 width=121)
	  ->  Sort  (cost=3694.63..3696.98 rows=940 width=121)
	        Sort Key: c
	        ->  Bitmap Heap Scan on sbtest8  (cost=30.07..3648.21 rows=940 width=121)
	              Recheck Cond: ((id >= 8322867) AND (id <= 8323866))
	              ->  Bitmap Index Scan on sbtest8_pkey  (cost=0.00..29.83 rows=940 width=0)
	                    Index Cond: ((id >= 8322867) AND (id <= 8323866))

for: sum_ranges
table 1 : explain SELECT SUM(k) FROM sbtest1 WHERE id BETWEEN 2006734 AND 2007733
	Aggregate  (cost=3438.31..3438.32 rows=1 width=8)
	  ->  Bitmap Heap Scan on sbtest1  (cost=29.50..3436.10 rows=884 width=4)
	        Recheck Cond: ((id >= 2006734) AND (id <= 2007733))
	        ->  Bitmap Index Scan on sbtest1_pkey  (cost=0.00..29.27 rows=884 width=0)
	              Index Cond: ((id >= 2006734) AND (id <= 2007733))

table 2 : explain SELECT SUM(k) FROM sbtest2 WHERE id BETWEEN 5548050 AND 5549049
	Aggregate  (cost=3347.32..3347.33 rows=1 width=8)
	  ->  Bitmap Heap Scan on sbtest2  (cost=29.25..3345.17 rows=860 width=4)
	        Recheck Cond: ((id >= 5548050) AND (id <= 5549049))
	        ->  Bitmap Index Scan on sbtest2_pkey  (cost=0.00..29.04 rows=860 width=0)
	              Index Cond: ((id >= 5548050) AND (id <= 5549049))

table 3 : explain SELECT SUM(k) FROM sbtest3 WHERE id BETWEEN 3965374 AND 3966373
	Aggregate  (cost=3695.71..3695.72 rows=1 width=8)
	  ->  Bitmap Heap Scan on sbtest3  (cost=30.19..3693.33 rows=952 width=4)
	        Recheck Cond: ((id >= 3965374) AND (id <= 3966373))
	        ->  Bitmap Index Scan on sbtest3_pkey  (cost=0.00..29.95 rows=952 width=0)
	              Index Cond: ((id >= 3965374) AND (id <= 3966373))

table 4 : explain SELECT SUM(k) FROM sbtest4 WHERE id BETWEEN 6749786 AND 6750785
	Aggregate  (cost=3722.69..3722.70 rows=1 width=8)
	  ->  Bitmap Heap Scan on sbtest4  (cost=30.26..3720.29 rows=959 width=4)
	        Recheck Cond: ((id >= 6749786) AND (id <= 6750785))
	        ->  Bitmap Index Scan on sbtest4_pkey  (cost=0.00..30.02 rows=959 width=0)
	              Index Cond: ((id >= 6749786) AND (id <= 6750785))

table 5 : explain SELECT SUM(k) FROM sbtest5 WHERE id BETWEEN 6754663 AND 6755662
	Aggregate  (cost=3964.26..3964.27 rows=1 width=8)
	  ->  Bitmap Heap Scan on sbtest5  (cost=30.92..3961.71 rows=1023 width=4)
	        Recheck Cond: ((id >= 6754663) AND (id <= 6755662))
	        ->  Bitmap Index Scan on sbtest5_pkey  (cost=0.00..30.66 rows=1023 width=0)
	              Index Cond: ((id >= 6754663) AND (id <= 6755662))

table 6 : explain SELECT SUM(k) FROM sbtest6 WHERE id BETWEEN 7551784 AND 7552783
	Aggregate  (cost=3688.08..3688.09 rows=1 width=8)
	  ->  Bitmap Heap Scan on sbtest6  (cost=30.17..3685.70 rows=950 width=4)
	        Recheck Cond: ((id >= 7551784) AND (id <= 7552783))
	        ->  Bitmap Index Scan on sbtest6_pkey  (cost=0.00..29.93 rows=950 width=0)
	              Index Cond: ((id >= 7551784) AND (id <= 7552783))

table 7 : explain SELECT SUM(k) FROM sbtest7 WHERE id BETWEEN 7571729 AND 7572728
	Aggregate  (cost=3866.12..3866.13 rows=1 width=8)
	  ->  Bitmap Heap Scan on sbtest7  (cost=30.65..3863.62 rows=997 width=4)
	        Recheck Cond: ((id >= 7571729) AND (id <= 7572728))
	        ->  Bitmap Index Scan on sbtest7_pkey  (cost=0.00..30.40 rows=997 width=0)
	              Index Cond: ((id >= 7571729) AND (id <= 7572728))

table 8 : explain SELECT SUM(k) FROM sbtest8 WHERE id BETWEEN 2072556 AND 2073555
	Aggregate  (cost=3737.58..3737.59 rows=1 width=8)
	  ->  Bitmap Heap Scan on sbtest8  (cost=30.31..3735.17 rows=963 width=4)
	        Recheck Cond: ((id >= 2072556) AND (id <= 2073555))
	        ->  Bitmap Index Scan on sbtest8_pkey  (cost=0.00..30.07 rows=963 width=0)
	              Index Cond: ((id >= 2072556) AND (id <= 2073555))

for: order_ranges
table 1 : explain SELECT c FROM sbtest1 WHERE id BETWEEN 9475009 AND 9476008 ORDER BY c
	Sort  (cost=4162.00..4164.66 rows=1062 width=121)
	  Sort Key: c
	  ->  Bitmap Heap Scan on sbtest1  (cost=31.32..4108.63 rows=1062 width=121)
	        Recheck Cond: ((id >= 9475009) AND (id <= 9476008))
	        ->  Bitmap Index Scan on sbtest1_pkey  (cost=0.00..31.05 rows=1062 width=0)
	              Index Cond: ((id >= 9475009) AND (id <= 9476008))

table 2 : explain SELECT c FROM sbtest2 WHERE id BETWEEN 8560279 AND 8561278 ORDER BY c
	Sort  (cost=3683.09..3685.43 rows=937 width=121)
	  Sort Key: c
	  ->  Bitmap Heap Scan on sbtest2  (cost=30.04..3636.84 rows=937 width=121)
	        Recheck Cond: ((id >= 8560279) AND (id <= 8561278))
	        ->  Bitmap Index Scan on sbtest2_pkey  (cost=0.00..29.80 rows=937 width=0)
	              Index Cond: ((id >= 8560279) AND (id <= 8561278))

table 3 : explain SELECT c FROM sbtest3 WHERE id BETWEEN 59740 AND 60739 ORDER BY c
	Sort  (cost=4257.55..4260.26 rows=1086 width=121)
	  Sort Key: c
	  ->  Bitmap Heap Scan on sbtest3  (cost=35.57..4202.79 rows=1086 width=121)
	        Recheck Cond: ((id >= 59740) AND (id <= 60739))
	        ->  Bitmap Index Scan on sbtest3_pkey  (cost=0.00..35.30 rows=1086 width=0)
	              Index Cond: ((id >= 59740) AND (id <= 60739))

table 4 : explain SELECT c FROM sbtest4 WHERE id BETWEEN 284233 AND 285232 ORDER BY c
	Sort  (cost=4284.91..4287.64 rows=1093 width=121)
	  Sort Key: c
	  ->  Bitmap Heap Scan on sbtest4  (cost=35.64..4229.74 rows=1093 width=121)
	        Recheck Cond: ((id >= 284233) AND (id <= 285232))
	        ->  Bitmap Index Scan on sbtest4_pkey  (cost=0.00..35.37 rows=1093 width=0)
	              Index Cond: ((id >= 284233) AND (id <= 285232))

table 5 : explain SELECT c FROM sbtest5 WHERE id BETWEEN 8448999 AND 8449998 ORDER BY c
	Sort  (cost=3890.26..3892.73 rows=991 width=121)
	  Sort Key: c
	  ->  Bitmap Heap Scan on sbtest5  (cost=30.59..3840.94 rows=991 width=121)
	        Recheck Cond: ((id >= 8448999) AND (id <= 8449998))
	        ->  Bitmap Index Scan on sbtest5_pkey  (cost=0.00..30.34 rows=991 width=0)
	              Index Cond: ((id >= 8448999) AND (id <= 8449998))

table 6 : explain SELECT c FROM sbtest6 WHERE id BETWEEN 1469089 AND 1470088 ORDER BY c
	Sort  (cost=3751.87..3754.26 rows=955 width=121)
	  Sort Key: c
	  ->  Bitmap Heap Scan on sbtest6  (cost=30.22..3704.60 rows=955 width=121)
	        Recheck Cond: ((id >= 1469089) AND (id <= 1470088))
	        ->  Bitmap Index Scan on sbtest6_pkey  (cost=0.00..29.98 rows=955 width=0)
	              Index Cond: ((id >= 1469089) AND (id <= 1470088))

table 7 : explain SELECT c FROM sbtest7 WHERE id BETWEEN 7421702 AND 7422701 ORDER BY c
	Sort  (cost=3713.84..3716.20 rows=945 width=121)
	  Sort Key: c
	  ->  Bitmap Heap Scan on sbtest7  (cost=30.12..3667.14 rows=945 width=121)
	        Recheck Cond: ((id >= 7421702) AND (id <= 7422701))
	        ->  Bitmap Index Scan on sbtest7_pkey  (cost=0.00..29.89 rows=945 width=0)
	              Index Cond: ((id >= 7421702) AND (id <= 7422701))

table 8 : explain SELECT c FROM sbtest8 WHERE id BETWEEN 7600271 AND 7601270 ORDER BY c
	Sort  (cost=3932.42..3934.93 rows=1002 width=121)
	  Sort Key: c
	  ->  Bitmap Heap Scan on sbtest8  (cost=30.71..3882.48 rows=1002 width=121)
	        Recheck Cond: ((id >= 7600271) AND (id <= 7601270))
	        ->  Bitmap Index Scan on sbtest8_pkey  (cost=0.00..30.45 rows=1002 width=0)
	              Index Cond: ((id >= 7600271) AND (id <= 7601270))

for: order_ranges
table 1 : explain SELECT c FROM sbtest1 WHERE id BETWEEN 1383094 AND 1384093 ORDER BY c
	Sort  (cost=3813.49..3815.92 rows=971 width=121)
	  Sort Key: c
	  ->  Bitmap Heap Scan on sbtest1  (cost=30.39..3765.31 rows=971 width=121)
	        Recheck Cond: ((id >= 1383094) AND (id <= 1384093))
	        ->  Bitmap Index Scan on sbtest1_pkey  (cost=0.00..30.14 rows=971 width=0)
	              Index Cond: ((id >= 1383094) AND (id <= 1384093))

table 2 : explain SELECT c FROM sbtest2 WHERE id BETWEEN 3005218 AND 3006217 ORDER BY c
	Sort  (cost=3974.54..3977.07 rows=1013 width=121)
	  Sort Key: c
	  ->  Bitmap Heap Scan on sbtest2  (cost=30.82..3923.96 rows=1013 width=121)
	        Recheck Cond: ((id >= 3005218) AND (id <= 3006217))
	        ->  Bitmap Index Scan on sbtest2_pkey  (cost=0.00..30.57 rows=1013 width=0)
	              Index Cond: ((id >= 3005218) AND (id <= 3006217))

table 3 : explain SELECT c FROM sbtest3 WHERE id BETWEEN 109455 AND 110454 ORDER BY c
	Sort  (cost=3725.07..3727.44 rows=948 width=121)
	  Sort Key: c
	  ->  Bitmap Heap Scan on sbtest3  (cost=30.15..3678.20 rows=948 width=121)
	        Recheck Cond: ((id >= 109455) AND (id <= 110454))
	        ->  Bitmap Index Scan on sbtest3_pkey  (cost=0.00..29.91 rows=948 width=0)
	              Index Cond: ((id >= 109455) AND (id <= 110454))

table 4 : explain SELECT c FROM sbtest4 WHERE id BETWEEN 3583105 AND 3584104 ORDER BY c
	Sort  (cost=3917.34..3919.84 rows=998 width=121)
	  Sort Key: c
	  ->  Bitmap Heap Scan on sbtest4  (cost=30.66..3867.63 rows=998 width=121)
	        Recheck Cond: ((id >= 3583105) AND (id <= 3584104))
	        ->  Bitmap Index Scan on sbtest4_pkey  (cost=0.00..30.41 rows=998 width=0)
	              Index Cond: ((id >= 3583105) AND (id <= 3584104))

table 5 : explain SELECT c FROM sbtest5 WHERE id BETWEEN 788391 AND 789390 ORDER BY c
	Sort  (cost=3836.58..3839.02 rows=977 width=121)
	  Sort Key: c
	  ->  Bitmap Heap Scan on sbtest5  (cost=30.45..3788.06 rows=977 width=121)
	        Recheck Cond: ((id >= 788391) AND (id <= 789390))
	        ->  Bitmap Index Scan on sbtest5_pkey  (cost=0.00..30.20 rows=977 width=0)
	              Index Cond: ((id >= 788391) AND (id <= 789390))

table 6 : explain SELECT c FROM sbtest6 WHERE id BETWEEN 4834051 AND 4835050 ORDER BY c
	Sort  (cost=4077.74..4080.34 rows=1039 width=121)
	  Sort Key: c
	  ->  Bitmap Heap Scan on sbtest6  (cost=35.08..4025.68 rows=1039 width=121)
	        Recheck Cond: ((id >= 4834051) AND (id <= 4835050))
	        ->  Bitmap Index Scan on sbtest6_pkey  (cost=0.00..34.83 rows=1039 width=0)
	              Index Cond: ((id >= 4834051) AND (id <= 4835050))

table 7 : explain SELECT c FROM sbtest7 WHERE id BETWEEN 7008915 AND 7009914 ORDER BY c
	Sort  (cost=3993.73..3996.28 rows=1018 width=121)
	  Sort Key: c
	  ->  Bitmap Heap Scan on sbtest7  (cost=30.87..3942.88 rows=1018 width=121)
	        Recheck Cond: ((id >= 7008915) AND (id <= 7009914))
	        ->  Bitmap Index Scan on sbtest7_pkey  (cost=0.00..30.61 rows=1018 width=0)
	              Index Cond: ((id >= 7008915) AND (id <= 7009914))

table 8 : explain SELECT c FROM sbtest8 WHERE id BETWEEN 5153581 AND 5154580 ORDER BY c
	Sort  (cost=3637.03..3639.34 rows=925 width=121)
	  Sort Key: c
	  ->  Bitmap Heap Scan on sbtest8  (cost=29.92..3591.46 rows=925 width=121)
	        Recheck Cond: ((id >= 5153581) AND (id <= 5154580))
	        ->  Bitmap Index Scan on sbtest8_pkey  (cost=0.00..29.68 rows=925 width=0)
	              Index Cond: ((id >= 5153581) AND (id <= 5154580))

for: sum_ranges
table 1 : explain SELECT SUM(k) FROM sbtest1 WHERE id BETWEEN 792622 AND 793621
	Aggregate  (cost=3468.65..3468.66 rows=1 width=8)
	  ->  Bitmap Heap Scan on sbtest1  (cost=29.58..3466.42 rows=892 width=4)
	        Recheck Cond: ((id >= 792622) AND (id <= 793621))
	        ->  Bitmap Index Scan on sbtest1_pkey  (cost=0.00..29.36 rows=892 width=0)
	              Index Cond: ((id >= 792622) AND (id <= 793621))

table 2 : explain SELECT SUM(k) FROM sbtest2 WHERE id BETWEEN 981361 AND 982360
	Aggregate  (cost=3684.59..3684.60 rows=1 width=8)
	  ->  Bitmap Heap Scan on sbtest2  (cost=30.16..3682.22 rows=949 width=4)
	        Recheck Cond: ((id >= 981361) AND (id <= 982360))
	        ->  Bitmap Index Scan on sbtest2_pkey  (cost=0.00..29.93 rows=949 width=0)
	              Index Cond: ((id >= 981361) AND (id <= 982360))

table 3 : explain SELECT SUM(k) FROM sbtest3 WHERE id BETWEEN 5560972 AND 5561971
	Aggregate  (cost=3737.31..3737.32 rows=1 width=8)
	  ->  Bitmap Heap Scan on sbtest3  (cost=30.31..3734.90 rows=963 width=4)
	        Recheck Cond: ((id >= 5560972) AND (id <= 5561971))
	        ->  Bitmap Index Scan on sbtest3_pkey  (cost=0.00..30.07 rows=963 width=0)
	              Index Cond: ((id >= 5560972) AND (id <= 5561971))

table 4 : explain SELECT SUM(k) FROM sbtest4 WHERE id BETWEEN 9685410 AND 9686409
	Aggregate  (cost=3449.98..3449.99 rows=1 width=8)
	  ->  Bitmap Heap Scan on sbtest4  (cost=29.53..3447.76 rows=887 width=4)
	        Recheck Cond: ((id >= 9685410) AND (id <= 9686409))
	        ->  Bitmap Index Scan on sbtest4_pkey  (cost=0.00..29.30 rows=887 width=0)
	              Index Cond: ((id >= 9685410) AND (id <= 9686409))

table 5 : explain SELECT SUM(k) FROM sbtest5 WHERE id BETWEEN 5857718 AND 5858717
	Aggregate  (cost=4088.98..4088.99 rows=1 width=8)
	  ->  Bitmap Heap Scan on sbtest5  (cost=35.25..4086.35 rows=1055 width=4)
	        Recheck Cond: ((id >= 5857718) AND (id <= 5858717))
	        ->  Bitmap Index Scan on sbtest5_pkey  (cost=0.00..34.98 rows=1055 width=0)
	              Index Cond: ((id >= 5857718) AND (id <= 5858717))

table 6 : explain SELECT SUM(k) FROM sbtest6 WHERE id BETWEEN 8718621 AND 8719620
	Aggregate  (cost=3699.42..3699.43 rows=1 width=8)
	  ->  Bitmap Heap Scan on sbtest6  (cost=30.20..3697.04 rows=953 width=4)
	        Recheck Cond: ((id >= 8718621) AND (id <= 8719620))
	        ->  Bitmap Index Scan on sbtest6_pkey  (cost=0.00..29.96 rows=953 width=0)
	              Index Cond: ((id >= 8718621) AND (id <= 8719620))

table 7 : explain SELECT SUM(k) FROM sbtest7 WHERE id BETWEEN 2522454 AND 2523453
	Aggregate  (cost=4051.31..4051.32 rows=1 width=8)
	  ->  Bitmap Heap Scan on sbtest7  (cost=35.15..4048.69 rows=1045 width=4)
	        Recheck Cond: ((id >= 2522454) AND (id <= 2523453))
	        ->  Bitmap Index Scan on sbtest7_pkey  (cost=0.00..34.89 rows=1045 width=0)
	              Index Cond: ((id >= 2522454) AND (id <= 2523453))

table 8 : explain SELECT SUM(k) FROM sbtest8 WHERE id BETWEEN 8897312 AND 8898311
	Aggregate  (cost=4122.93..4122.94 rows=1 width=8)
	  ->  Bitmap Heap Scan on sbtest8  (cost=35.34..4120.27 rows=1064 width=4)
	        Recheck Cond: ((id >= 8897312) AND (id <= 8898311))
	        ->  Bitmap Index Scan on sbtest8_pkey  (cost=0.00..35.08 rows=1064 width=0)
	              Index Cond: ((id >= 8897312) AND (id <= 8898311))

for: order_ranges
table 1 : explain SELECT c FROM sbtest1 WHERE id BETWEEN 7380486 AND 7381485 ORDER BY c
	Sort  (cost=3763.62..3766.02 rows=958 width=121)
	  Sort Key: c
	  ->  Bitmap Heap Scan on sbtest1  (cost=30.25..3716.18 rows=958 width=121)
	        Recheck Cond: ((id >= 7380486) AND (id <= 7381485))
	        ->  Bitmap Index Scan on sbtest1_pkey  (cost=0.00..30.01 rows=958 width=0)
	              Index Cond: ((id >= 7380486) AND (id <= 7381485))

table 2 : explain SELECT c FROM sbtest2 WHERE id BETWEEN 9663761 AND 9664760 ORDER BY c
	Sort  (cost=3963.04..3965.57 rows=1010 width=121)
	  Sort Key: c
	  ->  Bitmap Heap Scan on sbtest2  (cost=30.79..3912.64 rows=1010 width=121)
	        Recheck Cond: ((id >= 9663761) AND (id <= 9664760))
	        ->  Bitmap Index Scan on sbtest2_pkey  (cost=0.00..30.54 rows=1010 width=0)
	              Index Cond: ((id >= 9663761) AND (id <= 9664760))

table 3 : explain SELECT c FROM sbtest3 WHERE id BETWEEN 4216342 AND 4217341 ORDER BY c
	Sort  (cost=3759.61..3762.00 rows=957 width=121)
	  Sort Key: c
	  ->  Bitmap Heap Scan on sbtest3  (cost=30.24..3712.23 rows=957 width=121)
	        Recheck Cond: ((id >= 4216342) AND (id <= 4217341))
	        ->  Bitmap Index Scan on sbtest3_pkey  (cost=0.00..30.00 rows=957 width=0)
	              Index Cond: ((id >= 4216342) AND (id <= 4217341))

table 4 : explain SELECT c FROM sbtest4 WHERE id BETWEEN 7485379 AND 7486378 ORDER BY c
	Sort  (cost=4047.58..4050.16 rows=1032 width=121)
	  Sort Key: c
	  ->  Bitmap Heap Scan on sbtest4  (cost=31.01..3995.92 rows=1032 width=121)
	        Recheck Cond: ((id >= 7485379) AND (id <= 7486378))
	        ->  Bitmap Index Scan on sbtest4_pkey  (cost=0.00..30.75 rows=1032 width=0)
	              Index Cond: ((id >= 7485379) AND (id <= 7486378))

table 5 : explain SELECT c FROM sbtest5 WHERE id BETWEEN 3116259 AND 3117258 ORDER BY c
	Sort  (cost=4127.85..4130.48 rows=1052 width=121)
	  Sort Key: c
	  ->  Bitmap Heap Scan on sbtest5  (cost=35.22..4075.04 rows=1052 width=121)
	        Recheck Cond: ((id >= 3116259) AND (id <= 3117258))
	        ->  Bitmap Index Scan on sbtest5_pkey  (cost=0.00..34.95 rows=1052 width=0)
	              Index Cond: ((id >= 3116259) AND (id <= 3117258))

table 6 : explain SELECT c FROM sbtest6 WHERE id BETWEEN 1192080 AND 1193079 ORDER BY c
	Sort  (cost=3978.20..3980.74 rows=1013 width=121)
	  Sort Key: c
	  ->  Bitmap Heap Scan on sbtest6  (cost=34.82..3927.63 rows=1013 width=121)
	        Recheck Cond: ((id >= 1192080) AND (id <= 1193079))
	        ->  Bitmap Index Scan on sbtest6_pkey  (cost=0.00..34.57 rows=1013 width=0)
	              Index Cond: ((id >= 1192080) AND (id <= 1193079))

table 7 : explain SELECT c FROM sbtest7 WHERE id BETWEEN 2983256 AND 2984255 ORDER BY c
	Sort  (cost=3625.52..3627.83 rows=922 width=121)
	  Sort Key: c
	  ->  Bitmap Heap Scan on sbtest7  (cost=29.89..3580.12 rows=922 width=121)
	        Recheck Cond: ((id >= 2983256) AND (id <= 2984255))
	        ->  Bitmap Index Scan on sbtest7_pkey  (cost=0.00..29.65 rows=922 width=0)
	              Index Cond: ((id >= 2983256) AND (id <= 2984255))

table 8 : explain SELECT c FROM sbtest8 WHERE id BETWEEN 6008891 AND 6009890 ORDER BY c
	Sort  (cost=4097.25..4099.86 rows=1044 width=121)
	  Sort Key: c
	  ->  Bitmap Heap Scan on sbtest8  (cost=35.14..4044.90 rows=1044 width=121)
	        Recheck Cond: ((id >= 6008891) AND (id <= 6009890))
	        ->  Bitmap Index Scan on sbtest8_pkey  (cost=0.00..34.88 rows=1044 width=0)
	              Index Cond: ((id >= 6008891) AND (id <= 6009890))

for: order_ranges
table 1 : explain SELECT c FROM sbtest1 WHERE id BETWEEN 2522388 AND 2523387 ORDER BY c
	Sort  (cost=3706.06..3708.41 rows=943 width=121)
	  Sort Key: c
	  ->  Bitmap Heap Scan on sbtest1  (cost=30.10..3659.47 rows=943 width=121)
	        Recheck Cond: ((id >= 2522388) AND (id <= 2523387))
	        ->  Bitmap Index Scan on sbtest1_pkey  (cost=0.00..29.86 rows=943 width=0)
	              Index Cond: ((id >= 2522388) AND (id <= 2523387))

table 2 : explain SELECT c FROM sbtest2 WHERE id BETWEEN 1455552 AND 1456551 ORDER BY c
	Sort  (cost=4104.87..4107.49 rows=1046 width=121)
	  Sort Key: c
	  ->  Bitmap Heap Scan on sbtest2  (cost=35.16..4052.41 rows=1046 width=121)
	        Recheck Cond: ((id >= 1455552) AND (id <= 1456551))
	        ->  Bitmap Index Scan on sbtest2_pkey  (cost=0.00..34.90 rows=1046 width=0)
	              Index Cond: ((id >= 1455552) AND (id <= 1456551))

table 3 : explain SELECT c FROM sbtest3 WHERE id BETWEEN 9612818 AND 9613817 ORDER BY c
	Sort  (cost=3897.65..3900.13 rows=993 width=121)
	  Sort Key: c
	  ->  Bitmap Heap Scan on sbtest3  (cost=30.61..3848.22 rows=993 width=121)
	        Recheck Cond: ((id >= 9612818) AND (id <= 9613817))
	        ->  Bitmap Index Scan on sbtest3_pkey  (cost=0.00..30.36 rows=993 width=0)
	              Index Cond: ((id >= 9612818) AND (id <= 9613817))

table 4 : explain SELECT c FROM sbtest4 WHERE id BETWEEN 9669436 AND 9670435 ORDER BY c
	Sort  (cost=3491.19..3493.41 rows=887 width=121)
	  Sort Key: c
	  ->  Bitmap Heap Scan on sbtest4  (cost=29.53..3447.76 rows=887 width=121)
	        Recheck Cond: ((id >= 9669436) AND (id <= 9670435))
	        ->  Bitmap Index Scan on sbtest4_pkey  (cost=0.00..29.30 rows=887 width=0)
	              Index Cond: ((id >= 9669436) AND (id <= 9670435))

table 5 : explain SELECT c FROM sbtest5 WHERE id BETWEEN 4861353 AND 4862352 ORDER BY c
	Sort  (cost=3836.58..3839.02 rows=977 width=121)
	  Sort Key: c
	  ->  Bitmap Heap Scan on sbtest5  (cost=30.45..3788.06 rows=977 width=121)
	        Recheck Cond: ((id >= 4861353) AND (id <= 4862352))
	        ->  Bitmap Index Scan on sbtest5_pkey  (cost=0.00..30.20 rows=977 width=0)
	              Index Cond: ((id >= 4861353) AND (id <= 4862352))

table 6 : explain SELECT c FROM sbtest6 WHERE id BETWEEN 4357751 AND 4358750 ORDER BY c
	Sort  (cost=3982.03..3984.57 rows=1014 width=121)
	  Sort Key: c
	  ->  Bitmap Heap Scan on sbtest6  (cost=34.83..3931.40 rows=1014 width=121)
	        Recheck Cond: ((id >= 4357751) AND (id <= 4358750))
	        ->  Bitmap Index Scan on sbtest6_pkey  (cost=0.00..34.58 rows=1014 width=0)
	              Index Cond: ((id >= 4357751) AND (id <= 4358750))

table 7 : explain SELECT c FROM sbtest7 WHERE id BETWEEN 9166490 AND 9167489 ORDER BY c
	Sort  (cost=3848.12..3850.57 rows=980 width=121)
	  Sort Key: c
	  ->  Bitmap Heap Scan on sbtest7  (cost=30.48..3799.43 rows=980 width=121)
	        Recheck Cond: ((id >= 9166490) AND (id <= 9167489))
	        ->  Bitmap Index Scan on sbtest7_pkey  (cost=0.00..30.23 rows=980 width=0)
	              Index Cond: ((id >= 9166490) AND (id <= 9167489))

table 8 : explain SELECT c FROM sbtest8 WHERE id BETWEEN 4205660 AND 4206659 ORDER BY c
	Sort  (cost=3836.59..3839.03 rows=977 width=121)
	  Sort Key: c
	  ->  Bitmap Heap Scan on sbtest8  (cost=30.45..3788.07 rows=977 width=121)
	        Recheck Cond: ((id >= 4205660) AND (id <= 4206659))
	        ->  Bitmap Index Scan on sbtest8_pkey  (cost=0.00..30.20 rows=977 width=0)
	              Index Cond: ((id >= 4205660) AND (id <= 4206659))

for: simple_ranges
table 1 : explain SELECT c FROM sbtest1 WHERE id BETWEEN 8247023 AND 8248022
	Bitmap Heap Scan on sbtest1  (cost=35.63..4225.58 rows=1092 width=121)
	  Recheck Cond: ((id >= 8247023) AND (id <= 8248022))
	  ->  Bitmap Index Scan on sbtest1_pkey  (cost=0.00..35.36 rows=1092 width=0)
	        Index Cond: ((id >= 8247023) AND (id <= 8248022))

table 2 : explain SELECT c FROM sbtest2 WHERE id BETWEEN 8661239 AND 8662238
	Bitmap Heap Scan on sbtest2  (cost=30.01..3625.49 rows=934 width=121)
	  Recheck Cond: ((id >= 8661239) AND (id <= 8662238))
	  ->  Bitmap Index Scan on sbtest2_pkey  (cost=0.00..29.77 rows=934 width=0)
	        Index Cond: ((id >= 8661239) AND (id <= 8662238))

table 3 : explain SELECT c FROM sbtest3 WHERE id BETWEEN 3347944 AND 3348943
	Bitmap Heap Scan on sbtest3  (cost=30.58..3836.89 rows=990 width=121)
	  Recheck Cond: ((id >= 3347944) AND (id <= 3348943))
	  ->  Bitmap Index Scan on sbtest3_pkey  (cost=0.00..30.33 rows=990 width=0)
	        Index Cond: ((id >= 3347944) AND (id <= 3348943))

table 4 : explain SELECT c FROM sbtest4 WHERE id BETWEEN 5342294 AND 5343293
	Bitmap Heap Scan on sbtest4  (cost=36.02..4368.93 rows=1130 width=121)
	  Recheck Cond: ((id >= 5342294) AND (id <= 5343293))
	  ->  Bitmap Index Scan on sbtest4_pkey  (cost=0.00..35.73 rows=1130 width=0)
	        Index Cond: ((id >= 5342294) AND (id <= 5343293))

table 5 : explain SELECT c FROM sbtest5 WHERE id BETWEEN 8738301 AND 8739300
	Bitmap Heap Scan on sbtest5  (cost=30.08..3651.98 rows=941 width=121)
	  Recheck Cond: ((id >= 8738301) AND (id <= 8739300))
	  ->  Bitmap Index Scan on sbtest5_pkey  (cost=0.00..29.84 rows=941 width=0)
	        Index Cond: ((id >= 8738301) AND (id <= 8739300))

table 6 : explain SELECT c FROM sbtest6 WHERE id BETWEEN 3397470 AND 3398469
	Bitmap Heap Scan on sbtest6  (cost=29.35..3382.83 rows=870 width=121)
	  Recheck Cond: ((id >= 3397470) AND (id <= 3398469))
	  ->  Bitmap Index Scan on sbtest6_pkey  (cost=0.00..29.14 rows=870 width=0)
	        Index Cond: ((id >= 3397470) AND (id <= 3398469))

table 7 : explain SELECT c FROM sbtest7 WHERE id BETWEEN 3438338 AND 3439337
	Bitmap Heap Scan on sbtest7  (cost=35.17..4056.23 rows=1047 width=121)
	  Recheck Cond: ((id >= 3438338) AND (id <= 3439337))
	  ->  Bitmap Index Scan on sbtest7_pkey  (cost=0.00..34.91 rows=1047 width=0)
	        Index Cond: ((id >= 3438338) AND (id <= 3439337))

table 8 : explain SELECT c FROM sbtest8 WHERE id BETWEEN 8686787 AND 8687786
	Bitmap Heap Scan on sbtest8  (cost=30.72..3886.25 rows=1003 width=121)
	  Recheck Cond: ((id >= 8686787) AND (id <= 8687786))
	  ->  Bitmap Index Scan on sbtest8_pkey  (cost=0.00..30.46 rows=1003 width=0)
	        Index Cond: ((id >= 8686787) AND (id <= 8687786))

for point_selects
table 1 : explain SELECT c FROM sbtest1 WHERE id=1934180
	Index Scan using sbtest1_pkey on sbtest1  (cost=0.43..8.45 rows=1 width=121)
	  Index Cond: (id = 1934180)

table 2 : explain SELECT c FROM sbtest2 WHERE id=7118436
	Index Scan using sbtest2_pkey on sbtest2  (cost=0.43..8.45 rows=1 width=121)
	  Index Cond: (id = 7118436)

table 3 : explain SELECT c FROM sbtest3 WHERE id=3598016
	Index Scan using sbtest3_pkey on sbtest3  (cost=0.43..8.45 rows=1 width=121)
	  Index Cond: (id = 3598016)

table 4 : explain SELECT c FROM sbtest4 WHERE id=4393345
	Index Scan using sbtest4_pkey on sbtest4  (cost=0.43..8.45 rows=1 width=121)
	  Index Cond: (id = 4393345)

table 5 : explain SELECT c FROM sbtest5 WHERE id=6612080
	Index Scan using sbtest5_pkey on sbtest5  (cost=0.43..8.45 rows=1 width=121)
	  Index Cond: (id = 6612080)

table 6 : explain SELECT c FROM sbtest6 WHERE id=7281183
	Index Scan using sbtest6_pkey on sbtest6  (cost=0.43..8.45 rows=1 width=121)
	  Index Cond: (id = 7281183)

table 7 : explain SELECT c FROM sbtest7 WHERE id=998857
	Index Scan using sbtest7_pkey on sbtest7  (cost=0.43..8.45 rows=1 width=121)
	  Index Cond: (id = 998857)

table 8 : explain SELECT c FROM sbtest8 WHERE id=1818934
	Index Scan using sbtest8_pkey on sbtest8  (cost=0.43..8.45 rows=1 width=121)
	  Index Cond: (id = 1818934)

explain: for point_selects :: explain SELECT c FROM sbtest%u WHERE id=%u
for: order_ranges
table 1 : explain SELECT c FROM sbtest1 WHERE id BETWEEN 5505597 AND 5506596 ORDER BY c
	Sort  (cost=3690.70..3693.05 rows=939 width=121)
	  Sort Key: c
	  ->  Bitmap Heap Scan on sbtest1  (cost=30.06..3644.34 rows=939 width=121)
	        Recheck Cond: ((id >= 5505597) AND (id <= 5506596))
	        ->  Bitmap Index Scan on sbtest1_pkey  (cost=0.00..29.82 rows=939 width=0)
	              Index Cond: ((id >= 5505597) AND (id <= 5506596))

table 2 : explain SELECT c FROM sbtest2 WHERE id BETWEEN 8070747 AND 8071746 ORDER BY c
	Sort  (cost=4414.44..4417.26 rows=1127 width=121)
	  Sort Key: c
	  ->  Bitmap Heap Scan on sbtest2  (cost=35.99..4357.32 rows=1127 width=121)
	        Recheck Cond: ((id >= 8070747) AND (id <= 8071746))
	        ->  Bitmap Index Scan on sbtest2_pkey  (cost=0.00..35.70 rows=1127 width=0)
	              Index Cond: ((id >= 8070747) AND (id <= 8071746))

table 3 : explain SELECT c FROM sbtest3 WHERE id BETWEEN 9927694 AND 9928693 ORDER BY c
	Sort  (cost=4234.62..4237.32 rows=1080 width=121)
	  Sort Key: c
	  ->  Bitmap Heap Scan on sbtest3  (cost=35.51..4180.20 rows=1080 width=121)
	        Recheck Cond: ((id >= 9927694) AND (id <= 9928693))
	        ->  Bitmap Index Scan on sbtest3_pkey  (cost=0.00..35.23 rows=1080 width=0)
	              Index Cond: ((id >= 9927694) AND (id <= 9928693))

table 4 : explain SELECT c FROM sbtest4 WHERE id BETWEEN 3363396 AND 3364395 ORDER BY c
	Sort  (cost=3660.30..3662.62 rows=931 width=121)
	  Sort Key: c
	  ->  Bitmap Heap Scan on sbtest4  (cost=29.98..3614.39 rows=931 width=121)
	        Recheck Cond: ((id >= 3363396) AND (id <= 3364395))
	        ->  Bitmap Index Scan on sbtest4_pkey  (cost=0.00..29.75 rows=931 width=0)
	              Index Cond: ((id >= 3363396) AND (id <= 3364395))

table 5 : explain SELECT c FROM sbtest5 WHERE id BETWEEN 1192153 AND 1193152 ORDER BY c
	Sort  (cost=4009.02..4011.57 rows=1022 width=121)
	  Sort Key: c
	  ->  Bitmap Heap Scan on sbtest5  (cost=30.91..3957.93 rows=1022 width=121)
	        Recheck Cond: ((id >= 1192153) AND (id <= 1193152))
	        ->  Bitmap Index Scan on sbtest5_pkey  (cost=0.00..30.65 rows=1022 width=0)
	              Index Cond: ((id >= 1192153) AND (id <= 1193152))

table 6 : explain SELECT c FROM sbtest6 WHERE id BETWEEN 2012442 AND 2013441 ORDER BY c
	Sort  (cost=3989.69..3992.23 rows=1016 width=121)
	  Sort Key: c
	  ->  Bitmap Heap Scan on sbtest6  (cost=34.85..3938.95 rows=1016 width=121)
	        Recheck Cond: ((id >= 2012442) AND (id <= 2013441))
	        ->  Bitmap Index Scan on sbtest6_pkey  (cost=0.00..34.59 rows=1016 width=0)
	              Index Cond: ((id >= 2012442) AND (id <= 2013441))

table 7 : explain SELECT c FROM sbtest7 WHERE id BETWEEN 2798243 AND 2799242 ORDER BY c
	Sort  (cost=3625.52..3627.83 rows=922 width=121)
	  Sort Key: c
	  ->  Bitmap Heap Scan on sbtest7  (cost=29.89..3580.12 rows=922 width=121)
	        Recheck Cond: ((id >= 2798243) AND (id <= 2799242))
	        ->  Bitmap Index Scan on sbtest7_pkey  (cost=0.00..29.65 rows=922 width=0)
	              Index Cond: ((id >= 2798243) AND (id <= 2799242))

table 8 : explain SELECT c FROM sbtest8 WHERE id BETWEEN 2659833 AND 2660832 ORDER BY c
	Sort  (cost=3928.59..3931.09 rows=1001 width=121)
	  Sort Key: c
	  ->  Bitmap Heap Scan on sbtest8  (cost=30.70..3878.70 rows=1001 width=121)
	        Recheck Cond: ((id >= 2659833) AND (id <= 2660832))
	        ->  Bitmap Index Scan on sbtest8_pkey  (cost=0.00..30.44 rows=1001 width=0)
	              Index Cond: ((id >= 2659833) AND (id <= 2660832))

for: distinct_ranges
table 1 : explain SELECT DISTINCT c FROM sbtest1 WHERE id BETWEEN 4850054 AND 4851053 ORDER BY c
	Unique  (cost=3467.83..3472.23 rows=881 width=121)
	  ->  Sort  (cost=3467.83..3470.03 rows=881 width=121)
	        Sort Key: c
	        ->  Bitmap Heap Scan on sbtest1  (cost=29.47..3424.73 rows=881 width=121)
	              Recheck Cond: ((id >= 4850054) AND (id <= 4851053))
	              ->  Bitmap Index Scan on sbtest1_pkey  (cost=0.00..29.25 rows=881 width=0)
	                    Index Cond: ((id >= 4850054) AND (id <= 4851053))

table 2 : explain SELECT DISTINCT c FROM sbtest2 WHERE id BETWEEN 7422537 AND 7423536 ORDER BY c
	Unique  (cost=4070.43..4075.62 rows=1037 width=121)
	  ->  Sort  (cost=4070.43..4073.02 rows=1037 width=121)
	        Sort Key: c
	        ->  Bitmap Heap Scan on sbtest2  (cost=35.06..4018.49 rows=1037 width=121)
	              Recheck Cond: ((id >= 7422537) AND (id <= 7423536))
	              ->  Bitmap Index Scan on sbtest2_pkey  (cost=0.00..34.81 rows=1037 width=0)
	                    Index Cond: ((id >= 7422537) AND (id <= 7423536))

table 3 : explain SELECT DISTINCT c FROM sbtest3 WHERE id BETWEEN 921587 AND 922586 ORDER BY c
	Unique  (cost=3698.21..3702.91 rows=941 width=121)
	  ->  Sort  (cost=3698.21..3700.56 rows=941 width=121)
	        Sort Key: c
	        ->  Bitmap Heap Scan on sbtest3  (cost=30.08..3651.73 rows=941 width=121)
	              Recheck Cond: ((id >= 921587) AND (id <= 922586))
	              ->  Bitmap Index Scan on sbtest3_pkey  (cost=0.00..29.84 rows=941 width=0)
	                    Index Cond: ((id >= 921587) AND (id <= 922586))

table 4 : explain SELECT DISTINCT c FROM sbtest4 WHERE id BETWEEN 5871965 AND 5872964 ORDER BY c
	Unique  (cost=3902.01..3906.98 rows=994 width=121)
	  ->  Sort  (cost=3902.01..3904.50 rows=994 width=121)
	        Sort Key: c
	        ->  Bitmap Heap Scan on sbtest4  (cost=30.62..3852.53 rows=994 width=121)
	              Recheck Cond: ((id >= 5871965) AND (id <= 5872964))
	              ->  Bitmap Index Scan on sbtest4_pkey  (cost=0.00..30.37 rows=994 width=0)
	                    Index Cond: ((id >= 5871965) AND (id <= 5872964))

table 5 : explain SELECT DISTINCT c FROM sbtest5 WHERE id BETWEEN 7472922 AND 7473921 ORDER BY c
	Unique  (cost=3894.09..3899.05 rows=992 width=121)
	  ->  Sort  (cost=3894.09..3896.57 rows=992 width=121)
	        Sort Key: c
	        ->  Bitmap Heap Scan on sbtest5  (cost=30.60..3844.72 rows=992 width=121)
	              Recheck Cond: ((id >= 7472922) AND (id <= 7473921))
	              ->  Bitmap Index Scan on sbtest5_pkey  (cost=0.00..30.36 rows=992 width=0)
	                    Index Cond: ((id >= 7472922) AND (id <= 7473921))

table 6 : explain SELECT DISTINCT c FROM sbtest6 WHERE id BETWEEN 3633932 AND 3634931 ORDER BY c
	Unique  (cost=3859.25..3864.17 rows=983 width=121)
	  ->  Sort  (cost=3859.25..3861.71 rows=983 width=121)
	        Sort Key: c
	        ->  Bitmap Heap Scan on sbtest6  (cost=30.51..3810.39 rows=983 width=121)
	              Recheck Cond: ((id >= 3633932) AND (id <= 3634931))
	              ->  Bitmap Index Scan on sbtest6_pkey  (cost=0.00..30.26 rows=983 width=0)
	                    Index Cond: ((id >= 3633932) AND (id <= 3634931))

table 7 : explain SELECT DISTINCT c FROM sbtest7 WHERE id BETWEEN 5557913 AND 5558912 ORDER BY c
	Unique  (cost=4277.00..4282.46 rows=1091 width=121)
	  ->  Sort  (cost=4277.00..4279.73 rows=1091 width=121)
	        Sort Key: c
	        ->  Bitmap Heap Scan on sbtest7  (cost=35.62..4221.95 rows=1091 width=121)
	              Recheck Cond: ((id >= 5557913) AND (id <= 5558912))
	              ->  Bitmap Index Scan on sbtest7_pkey  (cost=0.00..35.34 rows=1091 width=0)
	                    Index Cond: ((id >= 5557913) AND (id <= 5558912))

table 8 : explain SELECT DISTINCT c FROM sbtest8 WHERE id BETWEEN 1791543 AND 1792542 ORDER BY c
	Unique  (cost=3775.22..3780.03 rows=961 width=121)
	  ->  Sort  (cost=3775.22..3777.63 rows=961 width=121)
	        Sort Key: c
	        ->  Bitmap Heap Scan on sbtest8  (cost=30.29..3727.61 rows=961 width=121)
	              Recheck Cond: ((id >= 1791543) AND (id <= 1792542))
	              ->  Bitmap Index Scan on sbtest8_pkey  (cost=0.00..30.04 rows=961 width=0)
	                    Index Cond: ((id >= 1791543) AND (id <= 1792542))

for: distinct_ranges
table 1 : explain SELECT DISTINCT c FROM sbtest1 WHERE id BETWEEN 7359037 AND 7360036 ORDER BY c
	Unique  (cost=3763.62..3768.41 rows=958 width=121)
	  ->  Sort  (cost=3763.62..3766.02 rows=958 width=121)
	        Sort Key: c
	        ->  Bitmap Heap Scan on sbtest1  (cost=30.25..3716.18 rows=958 width=121)
	              Recheck Cond: ((id >= 7359037) AND (id <= 7360036))
	              ->  Bitmap Index Scan on sbtest1_pkey  (cost=0.00..30.01 rows=958 width=0)
	                    Index Cond: ((id >= 7359037) AND (id <= 7360036))

table 2 : explain SELECT DISTINCT c FROM sbtest2 WHERE id BETWEEN 7170528 AND 7171527 ORDER BY c
	Unique  (cost=3940.06..3945.08 rows=1004 width=121)
	  ->  Sort  (cost=3940.06..3942.57 rows=1004 width=121)
	        Sort Key: c
	        ->  Bitmap Heap Scan on sbtest2  (cost=30.73..3890.00 rows=1004 width=121)
	              Recheck Cond: ((id >= 7170528) AND (id <= 7171527))
	              ->  Bitmap Index Scan on sbtest2_pkey  (cost=0.00..30.47 rows=1004 width=0)
	                    Index Cond: ((id >= 7170528) AND (id <= 7171527))

table 3 : explain SELECT DISTINCT c FROM sbtest3 WHERE id BETWEEN 3058358 AND 3059357 ORDER BY c
	Unique  (cost=3886.15..3891.10 rows=990 width=121)
	  ->  Sort  (cost=3886.15..3888.63 rows=990 width=121)
	        Sort Key: c
	        ->  Bitmap Heap Scan on sbtest3  (cost=30.58..3836.89 rows=990 width=121)
	              Recheck Cond: ((id >= 3058358) AND (id <= 3059357))
	              ->  Bitmap Index Scan on sbtest3_pkey  (cost=0.00..30.33 rows=990 width=0)
	                    Index Cond: ((id >= 3058358) AND (id <= 3059357))

table 4 : explain SELECT DISTINCT c FROM sbtest4 WHERE id BETWEEN 7580975 AND 7581974 ORDER BY c
	Unique  (cost=4039.92..4045.07 rows=1030 width=121)
	  ->  Sort  (cost=4039.92..4042.50 rows=1030 width=121)
	        Sort Key: c
	        ->  Bitmap Heap Scan on sbtest4  (cost=30.99..3988.38 rows=1030 width=121)
	              Recheck Cond: ((id >= 7580975) AND (id <= 7581974))
	              ->  Bitmap Index Scan on sbtest4_pkey  (cost=0.00..30.73 rows=1030 width=0)
	                    Index Cond: ((id >= 7580975) AND (id <= 7581974))

table 5 : explain SELECT DISTINCT c FROM sbtest5 WHERE id BETWEEN 255277 AND 256276 ORDER BY c
	Unique  (cost=3790.56..3795.38 rows=965 width=121)
	  ->  Sort  (cost=3790.56..3792.97 rows=965 width=121)
	        Sort Key: c
	        ->  Bitmap Heap Scan on sbtest5  (cost=30.33..3742.72 rows=965 width=121)
	              Recheck Cond: ((id >= 255277) AND (id <= 256276))
	              ->  Bitmap Index Scan on sbtest5_pkey  (cost=0.00..30.08 rows=965 width=0)
	                    Index Cond: ((id >= 255277) AND (id <= 256276))

table 6 : explain SELECT DISTINCT c FROM sbtest6 WHERE id BETWEEN 1534609 AND 1535608 ORDER BY c
	Unique  (cost=3751.87..3756.65 rows=955 width=121)
	  ->  Sort  (cost=3751.87..3754.26 rows=955 width=121)
	        Sort Key: c
	        ->  Bitmap Heap Scan on sbtest6  (cost=30.22..3704.60 rows=955 width=121)
	              Recheck Cond: ((id >= 1534609) AND (id <= 1535608))
	              ->  Bitmap Index Scan on sbtest6_pkey  (cost=0.00..29.98 rows=955 width=0)
	                    Index Cond: ((id >= 1534609) AND (id <= 1535608))

table 7 : explain SELECT DISTINCT c FROM sbtest7 WHERE id BETWEEN 1998500 AND 1999499 ORDER BY c
	Unique  (cost=4280.82..4286.28 rows=1092 width=121)
	  ->  Sort  (cost=4280.82..4283.55 rows=1092 width=121)
	        Sort Key: c
	        ->  Bitmap Heap Scan on sbtest7  (cost=35.63..4225.72 rows=1092 width=121)
	              Recheck Cond: ((id >= 1998500) AND (id <= 1999499))
	              ->  Bitmap Index Scan on sbtest7_pkey  (cost=0.00..35.36 rows=1092 width=0)
	                    Index Cond: ((id >= 1998500) AND (id <= 1999499))

table 8 : explain SELECT DISTINCT c FROM sbtest8 WHERE id BETWEEN 3495095 AND 3496094 ORDER BY c
	Unique  (cost=3740.69..3745.45 rows=952 width=121)
	  ->  Sort  (cost=3740.69..3743.07 rows=952 width=121)
	        Sort Key: c
	        ->  Bitmap Heap Scan on sbtest8  (cost=30.19..3693.59 rows=952 width=121)
	              Recheck Cond: ((id >= 3495095) AND (id <= 3496094))
	              ->  Bitmap Index Scan on sbtest8_pkey  (cost=0.00..29.95 rows=952 width=0)
	                    Index Cond: ((id >= 3495095) AND (id <= 3496094))

for: simple_ranges
table 1 : explain SELECT c FROM sbtest1 WHERE id BETWEEN 772656 AND 773655
	Bitmap Heap Scan on sbtest1  (cost=29.58..3466.42 rows=892 width=121)
	  Recheck Cond: ((id >= 772656) AND (id <= 773655))
	  ->  Bitmap Index Scan on sbtest1_pkey  (cost=0.00..29.36 rows=892 width=0)
	        Index Cond: ((id >= 772656) AND (id <= 773655))

table 2 : explain SELECT c FROM sbtest2 WHERE id BETWEEN 6505332 AND 6506331
	Bitmap Heap Scan on sbtest2  (cost=30.56..3829.60 rows=988 width=121)
	  Recheck Cond: ((id >= 6505332) AND (id <= 6506331))
	  ->  Bitmap Index Scan on sbtest2_pkey  (cost=0.00..30.32 rows=988 width=0)
	        Index Cond: ((id >= 6505332) AND (id <= 6506331))

table 3 : explain SELECT c FROM sbtest3 WHERE id BETWEEN 4539126 AND 4540125
	Bitmap Heap Scan on sbtest3  (cost=30.40..3768.91 rows=972 width=121)
	  Recheck Cond: ((id >= 4539126) AND (id <= 4540125))
	  ->  Bitmap Index Scan on sbtest3_pkey  (cost=0.00..30.15 rows=972 width=0)
	        Index Cond: ((id >= 4539126) AND (id <= 4540125))

table 4 : explain SELECT c FROM sbtest4 WHERE id BETWEEN 7498865 AND 7499864
	Bitmap Heap Scan on sbtest4  (cost=31.01..3995.92 rows=1032 width=121)
	  Recheck Cond: ((id >= 7498865) AND (id <= 7499864))
	  ->  Bitmap Index Scan on sbtest4_pkey  (cost=0.00..30.75 rows=1032 width=0)
	        Index Cond: ((id >= 7498865) AND (id <= 7499864))

table 5 : explain SELECT c FROM sbtest5 WHERE id BETWEEN 1236972 AND 1237971
	Bitmap Heap Scan on sbtest5  (cost=30.91..3957.93 rows=1022 width=121)
	  Recheck Cond: ((id >= 1236972) AND (id <= 1237971))
	  ->  Bitmap Index Scan on sbtest5_pkey  (cost=0.00..30.65 rows=1022 width=0)
	        Index Cond: ((id >= 1236972) AND (id <= 1237971))

table 6 : explain SELECT c FROM sbtest6 WHERE id BETWEEN 7693695 AND 7694694
	Bitmap Heap Scan on sbtest6  (cost=35.68..4244.10 rows=1097 width=121)
	  Recheck Cond: ((id >= 7693695) AND (id <= 7694694))
	  ->  Bitmap Index Scan on sbtest6_pkey  (cost=0.00..35.41 rows=1097 width=0)
	        Index Cond: ((id >= 7693695) AND (id <= 7694694))

table 7 : explain SELECT c FROM sbtest7 WHERE id BETWEEN 153734 AND 154733
	Bitmap Heap Scan on sbtest7  (cost=30.95..3973.05 rows=1026 width=121)
	  Recheck Cond: ((id >= 153734) AND (id <= 154733))
	  ->  Bitmap Index Scan on sbtest7_pkey  (cost=0.00..30.69 rows=1026 width=0)
	        Index Cond: ((id >= 153734) AND (id <= 154733))

table 8 : explain SELECT c FROM sbtest8 WHERE id BETWEEN 2712558 AND 2713557
	Bitmap Heap Scan on sbtest8  (cost=29.73..3523.32 rows=907 width=121)
	  Recheck Cond: ((id >= 2712558) AND (id <= 2713557))
	  ->  Bitmap Index Scan on sbtest8_pkey  (cost=0.00..29.50 rows=907 width=0)
	        Index Cond: ((id >= 2712558) AND (id <= 2713557))

for: order_ranges
table 1 : explain SELECT c FROM sbtest1 WHERE id BETWEEN 427511 AND 428510 ORDER BY c
	Sort  (cost=4047.22..4049.80 rows=1032 width=121)
	  Sort Key: c
	  ->  Bitmap Heap Scan on sbtest1  (cost=31.01..3995.56 rows=1032 width=121)
	        Recheck Cond: ((id >= 427511) AND (id <= 428510))
	        ->  Bitmap Index Scan on sbtest1_pkey  (cost=0.00..30.75 rows=1032 width=0)
	              Index Cond: ((id >= 427511) AND (id <= 428510))

table 2 : explain SELECT c FROM sbtest2 WHERE id BETWEEN 9398686 AND 9399685 ORDER BY c
	Sort  (cost=3867.24..3869.70 rows=985 width=121)
	  Sort Key: c
	  ->  Bitmap Heap Scan on sbtest2  (cost=30.53..3818.27 rows=985 width=121)
	        Recheck Cond: ((id >= 9398686) AND (id <= 9399685))
	        ->  Bitmap Index Scan on sbtest2_pkey  (cost=0.00..30.29 rows=985 width=0)
	              Index Cond: ((id >= 9398686) AND (id <= 9399685))

table 3 : explain SELECT c FROM sbtest3 WHERE id BETWEEN 5631206 AND 5632205 ORDER BY c
	Sort  (cost=3985.76..3988.30 rows=1016 width=121)
	  Sort Key: c
	  ->  Bitmap Heap Scan on sbtest3  (cost=30.85..3935.02 rows=1016 width=121)
	        Recheck Cond: ((id >= 5631206) AND (id <= 5632205))
	        ->  Bitmap Index Scan on sbtest3_pkey  (cost=0.00..30.59 rows=1016 width=0)
	              Index Cond: ((id >= 5631206) AND (id <= 5632205))

table 4 : explain SELECT c FROM sbtest4 WHERE id BETWEEN 8081356 AND 8082355 ORDER BY c
	Sort  (cost=3871.34..3873.81 rows=986 width=121)
	  Sort Key: c
	  ->  Bitmap Heap Scan on sbtest4  (cost=30.54..3822.31 rows=986 width=121)
	        Recheck Cond: ((id >= 8081356) AND (id <= 8082355))
	        ->  Bitmap Index Scan on sbtest4_pkey  (cost=0.00..30.29 rows=986 width=0)
	              Index Cond: ((id >= 8081356) AND (id <= 8082355))

table 5 : explain SELECT c FROM sbtest5 WHERE id BETWEEN 266769 AND 267768 ORDER BY c
	Sort  (cost=3790.56..3792.97 rows=965 width=121)
	  Sort Key: c
	  ->  Bitmap Heap Scan on sbtest5  (cost=30.33..3742.72 rows=965 width=121)
	        Recheck Cond: ((id >= 266769) AND (id <= 267768))
	        ->  Bitmap Index Scan on sbtest5_pkey  (cost=0.00..30.08 rows=965 width=0)
	              Index Cond: ((id >= 266769) AND (id <= 267768))

table 6 : explain SELECT c FROM sbtest6 WHERE id BETWEEN 7809518 AND 7810517 ORDER BY c
	Sort  (cost=3605.99..3608.28 rows=917 width=121)
	  Sort Key: c
	  ->  Bitmap Heap Scan on sbtest6  (cost=29.83..3560.87 rows=917 width=121)
	        Recheck Cond: ((id >= 7809518) AND (id <= 7810517))
	        ->  Bitmap Index Scan on sbtest6_pkey  (cost=0.00..29.61 rows=917 width=0)
	              Index Cond: ((id >= 7809518) AND (id <= 7810517))

table 7 : explain SELECT c FROM sbtest7 WHERE id BETWEEN 6691178 AND 6692177 ORDER BY c
	Sort  (cost=3943.94..3946.45 rows=1005 width=121)
	  Sort Key: c
	  ->  Bitmap Heap Scan on sbtest7  (cost=30.74..3893.82 rows=1005 width=121)
	        Recheck Cond: ((id >= 6691178) AND (id <= 6692177))
	        ->  Bitmap Index Scan on sbtest7_pkey  (cost=0.00..30.48 rows=1005 width=0)
	              Index Cond: ((id >= 6691178) AND (id <= 6692177))

table 8 : explain SELECT c FROM sbtest8 WHERE id BETWEEN 8472674 AND 8473673 ORDER BY c
	Sort  (cost=4036.00..4038.57 rows=1028 width=121)
	  Sort Key: c
	  ->  Bitmap Heap Scan on sbtest8  (cost=34.97..3984.58 rows=1028 width=121)
	        Recheck Cond: ((id >= 8472674) AND (id <= 8473673))
	        ->  Bitmap Index Scan on sbtest8_pkey  (cost=0.00..34.72 rows=1028 width=0)
	              Index Cond: ((id >= 8472674) AND (id <= 8473673))

for: distinct_ranges
table 1 : explain SELECT DISTINCT c FROM sbtest1 WHERE id BETWEEN 2045870 AND 2046869 ORDER BY c
	Unique  (cost=3479.37..3483.79 rows=884 width=121)
	  ->  Sort  (cost=3479.37..3481.58 rows=884 width=121)
	        Sort Key: c
	        ->  Bitmap Heap Scan on sbtest1  (cost=29.50..3436.10 rows=884 width=121)
	              Recheck Cond: ((id >= 2045870) AND (id <= 2046869))
	              ->  Bitmap Index Scan on sbtest1_pkey  (cost=0.00..29.27 rows=884 width=0)
	                    Index Cond: ((id >= 2045870) AND (id <= 2046869))

table 2 : explain SELECT DISTINCT c FROM sbtest2 WHERE id BETWEEN 2242357 AND 2243356 ORDER BY c
	Unique  (cost=3894.07..3899.03 rows=992 width=121)
	  ->  Sort  (cost=3894.07..3896.55 rows=992 width=121)
	        Sort Key: c
	        ->  Bitmap Heap Scan on sbtest2  (cost=30.60..3844.70 rows=992 width=121)
	              Recheck Cond: ((id >= 2242357) AND (id <= 2243356))
	              ->  Bitmap Index Scan on sbtest2_pkey  (cost=0.00..30.36 rows=992 width=0)
	                    Index Cond: ((id >= 2242357) AND (id <= 2243356))

table 3 : explain SELECT DISTINCT c FROM sbtest3 WHERE id BETWEEN 3571923 AND 3572922 ORDER BY c
	Unique  (cost=4085.29..4090.50 rows=1042 width=121)
	  ->  Sort  (cost=4085.29..4087.90 rows=1042 width=121)
	        Sort Key: c
	        ->  Bitmap Heap Scan on sbtest3  (cost=31.12..4033.06 rows=1042 width=121)
	              Recheck Cond: ((id >= 3571923) AND (id <= 3572922))
	              ->  Bitmap Index Scan on sbtest3_pkey  (cost=0.00..30.86 rows=1042 width=0)
	                    Index Cond: ((id >= 3571923) AND (id <= 3572922))

table 4 : explain SELECT DISTINCT c FROM sbtest4 WHERE id BETWEEN 5759796 AND 5760795 ORDER BY c
	Unique  (cost=3641.09..3645.72 rows=926 width=121)
	  ->  Sort  (cost=3641.09..3643.41 rows=926 width=121)
	        Sort Key: c
	        ->  Bitmap Heap Scan on sbtest4  (cost=29.93..3595.46 rows=926 width=121)
	              Recheck Cond: ((id >= 5759796) AND (id <= 5760795))
	              ->  Bitmap Index Scan on sbtest4_pkey  (cost=0.00..29.69 rows=926 width=0)
	                    Index Cond: ((id >= 5759796) AND (id <= 5760795))

table 5 : explain SELECT DISTINCT c FROM sbtest5 WHERE id BETWEEN 8913491 AND 8914490 ORDER BY c
	Unique  (cost=3756.03..3760.81 rows=956 width=121)
	  ->  Sort  (cost=3756.03..3758.42 rows=956 width=121)
	        Sort Key: c
	        ->  Bitmap Heap Scan on sbtest5  (cost=30.23..3708.70 rows=956 width=121)
	              Recheck Cond: ((id >= 8913491) AND (id <= 8914490))
	              ->  Bitmap Index Scan on sbtest5_pkey  (cost=0.00..30.00 rows=956 width=0)
	                    Index Cond: ((id >= 8913491) AND (id <= 8914490))

table 6 : explain SELECT DISTINCT c FROM sbtest6 WHERE id BETWEEN 4931398 AND 4932397 ORDER BY c
	Unique  (cost=3836.25..3841.14 rows=977 width=121)
	  ->  Sort  (cost=3836.25..3838.69 rows=977 width=121)
	        Sort Key: c
	        ->  Bitmap Heap Scan on sbtest6  (cost=30.45..3787.73 rows=977 width=121)
	              Recheck Cond: ((id >= 4931398) AND (id <= 4932397))
	              ->  Bitmap Index Scan on sbtest6_pkey  (cost=0.00..30.20 rows=977 width=0)
	                    Index Cond: ((id >= 4931398) AND (id <= 4932397))

table 7 : explain SELECT DISTINCT c FROM sbtest7 WHERE id BETWEEN 2433918 AND 2434917 ORDER BY c
	Unique  (cost=3652.41..3657.05 rows=929 width=121)
	  ->  Sort  (cost=3652.41..3654.73 rows=929 width=121)
	        Sort Key: c
	        ->  Bitmap Heap Scan on sbtest7  (cost=29.96..3606.61 rows=929 width=121)
	              Recheck Cond: ((id >= 2433918) AND (id <= 2434917))
	              ->  Bitmap Index Scan on sbtest7_pkey  (cost=0.00..29.72 rows=929 width=0)
	                    Index Cond: ((id >= 2433918) AND (id <= 2434917))

table 8 : explain SELECT DISTINCT c FROM sbtest8 WHERE id BETWEEN 703858 AND 704857 ORDER BY c
	Unique  (cost=3901.76..3906.73 rows=994 width=121)
	  ->  Sort  (cost=3901.76..3904.25 rows=994 width=121)
	        Sort Key: c
	        ->  Bitmap Heap Scan on sbtest8  (cost=30.62..3852.28 rows=994 width=121)
	              Recheck Cond: ((id >= 703858) AND (id <= 704857))
	              ->  Bitmap Index Scan on sbtest8_pkey  (cost=0.00..30.37 rows=994 width=0)
	                    Index Cond: ((id >= 703858) AND (id <= 704857))

for: sum_ranges
table 1 : explain SELECT SUM(k) FROM sbtest1 WHERE id BETWEEN 3366566 AND 3367565
	Aggregate  (cost=4145.43..4145.44 rows=1 width=8)
	  ->  Bitmap Heap Scan on sbtest1  (cost=35.40..4142.76 rows=1070 width=4)
	        Recheck Cond: ((id >= 3366566) AND (id <= 3367565))
	        ->  Bitmap Index Scan on sbtest1_pkey  (cost=0.00..35.14 rows=1070 width=0)
	              Index Cond: ((id >= 3366566) AND (id <= 3367565))

table 2 : explain SELECT SUM(k) FROM sbtest2 WHERE id BETWEEN 7648173 AND 7649172
	Aggregate  (cost=3956.70..3956.71 rows=1 width=8)
	  ->  Bitmap Heap Scan on sbtest2  (cost=30.90..3954.15 rows=1021 width=4)
	        Recheck Cond: ((id >= 7648173) AND (id <= 7649172))
	        ->  Bitmap Index Scan on sbtest2_pkey  (cost=0.00..30.64 rows=1021 width=0)
	              Index Cond: ((id >= 7648173) AND (id <= 7649172))

table 3 : explain SELECT SUM(k) FROM sbtest3 WHERE id BETWEEN 6239566 AND 6240565
	Aggregate  (cost=4239.40..4239.41 rows=1 width=8)
	  ->  Bitmap Heap Scan on sbtest3  (cost=35.66..4236.66 rows=1095 width=4)
	        Recheck Cond: ((id >= 6239566) AND (id <= 6240565))
	        ->  Bitmap Index Scan on sbtest3_pkey  (cost=0.00..35.39 rows=1095 width=0)
	              Index Cond: ((id >= 6239566) AND (id <= 6240565))

table 4 : explain SELECT SUM(k) FROM sbtest4 WHERE id BETWEEN 1723070 AND 1724069
	Aggregate  (cost=4085.50..4085.51 rows=1 width=8)
	  ->  Bitmap Heap Scan on sbtest4  (cost=35.24..4082.86 rows=1054 width=4)
	        Recheck Cond: ((id >= 1723070) AND (id <= 1724069))
	        ->  Bitmap Index Scan on sbtest4_pkey  (cost=0.00..34.98 rows=1054 width=0)
	              Index Cond: ((id >= 1723070) AND (id <= 1724069))

table 5 : explain SELECT SUM(k) FROM sbtest5 WHERE id BETWEEN 2792329 AND 2793328
	Aggregate  (cost=3722.44..3722.45 rows=1 width=8)
	  ->  Bitmap Heap Scan on sbtest5  (cost=30.26..3720.04 rows=959 width=4)
	        Recheck Cond: ((id >= 2792329) AND (id <= 2793328))
	        ->  Bitmap Index Scan on sbtest5_pkey  (cost=0.00..30.02 rows=959 width=0)
	              Index Cond: ((id >= 2792329) AND (id <= 2793328))

table 6 : explain SELECT SUM(k) FROM sbtest6 WHERE id BETWEEN 2864299 AND 2865298
	Aggregate  (cost=3967.91..3967.92 rows=1 width=8)
	  ->  Bitmap Heap Scan on sbtest6  (cost=34.92..3965.35 rows=1023 width=4)
	        Recheck Cond: ((id >= 2864299) AND (id <= 2865298))
	        ->  Bitmap Index Scan on sbtest6_pkey  (cost=0.00..34.67 rows=1023 width=0)
	              Index Cond: ((id >= 2864299) AND (id <= 2865298))

table 7 : explain SELECT SUM(k) FROM sbtest7 WHERE id BETWEEN 7744659 AND 7745658
	Aggregate  (cost=3639.22..3639.23 rows=1 width=8)
	  ->  Bitmap Heap Scan on sbtest7  (cost=30.04..3636.88 rows=937 width=4)
	        Recheck Cond: ((id >= 7744659) AND (id <= 7745658))
	        ->  Bitmap Index Scan on sbtest7_pkey  (cost=0.00..29.80 rows=937 width=0)
	              Index Cond: ((id >= 7744659) AND (id <= 7745658))

table 8 : explain SELECT SUM(k) FROM sbtest8 WHERE id BETWEEN 2259995 AND 2260994
	Aggregate  (cost=3529.37..3529.38 rows=1 width=8)
	  ->  Bitmap Heap Scan on sbtest8  (cost=29.74..3527.10 rows=908 width=4)
	        Recheck Cond: ((id >= 2259995) AND (id <= 2260994))
	        ->  Bitmap Index Scan on sbtest8_pkey  (cost=0.00..29.51 rows=908 width=0)
	              Index Cond: ((id >= 2259995) AND (id <= 2260994))

explain: for point_selects :: explain SELECT c FROM sbtest%u WHERE id=%u
for: sum_ranges
table 1 : explain SELECT SUM(k) FROM sbtest1 WHERE id BETWEEN 3651760 AND 3652759
	Aggregate  (cost=3582.32..3582.33 rows=1 width=8)
	  ->  Bitmap Heap Scan on sbtest1  (cost=29.89..3580.02 rows=922 width=4)
	        Recheck Cond: ((id >= 3651760) AND (id <= 3652759))
	        ->  Bitmap Index Scan on sbtest1_pkey  (cost=0.00..29.65 rows=922 width=0)
	              Index Cond: ((id >= 3651760) AND (id <= 3652759))

table 2 : explain SELECT SUM(k) FROM sbtest2 WHERE id BETWEEN 6282864 AND 6283863
	Aggregate  (cost=3892.51..3892.52 rows=1 width=8)
	  ->  Bitmap Heap Scan on sbtest2  (cost=30.73..3890.00 rows=1004 width=4)
	        Recheck Cond: ((id >= 6282864) AND (id <= 6283863))
	        ->  Bitmap Index Scan on sbtest2_pkey  (cost=0.00..30.47 rows=1004 width=0)
	              Index Cond: ((id >= 6282864) AND (id <= 6283863))

table 3 : explain SELECT SUM(k) FROM sbtest3 WHERE id BETWEEN 4235419 AND 4236418
	Aggregate  (cost=3714.62..3714.63 rows=1 width=8)
	  ->  Bitmap Heap Scan on sbtest3  (cost=30.24..3712.23 rows=957 width=4)
	        Recheck Cond: ((id >= 4235419) AND (id <= 4236418))
	        ->  Bitmap Index Scan on sbtest3_pkey  (cost=0.00..30.00 rows=957 width=0)
	              Index Cond: ((id >= 4235419) AND (id <= 4236418))

table 4 : explain SELECT SUM(k) FROM sbtest4 WHERE id BETWEEN 2761955 AND 2762954
	Aggregate  (cost=4209.88..4209.89 rows=1 width=8)
	  ->  Bitmap Heap Scan on sbtest4  (cost=35.58..4207.16 rows=1087 width=4)
	        Recheck Cond: ((id >= 2761955) AND (id <= 2762954))
	        ->  Bitmap Index Scan on sbtest4_pkey  (cost=0.00..35.31 rows=1087 width=0)
	              Index Cond: ((id >= 2761955) AND (id <= 2762954))

table 5 : explain SELECT SUM(k) FROM sbtest5 WHERE id BETWEEN 9256363 AND 9257362
	Aggregate  (cost=4024.64..4024.65 rows=1 width=8)
	  ->  Bitmap Heap Scan on sbtest5  (cost=31.08..4022.04 rows=1039 width=4)
	        Recheck Cond: ((id >= 9256363) AND (id <= 9257362))
	        ->  Bitmap Index Scan on sbtest5_pkey  (cost=0.00..30.82 rows=1039 width=0)
	              Index Cond: ((id >= 9256363) AND (id <= 9257362))

table 6 : explain SELECT SUM(k) FROM sbtest6 WHERE id BETWEEN 7243037 AND 7244036
	Aggregate  (cost=3843.08..3843.09 rows=1 width=8)
	  ->  Bitmap Heap Scan on sbtest6  (cost=30.59..3840.60 rows=991 width=4)
	        Recheck Cond: ((id >= 7243037) AND (id <= 7244036))
	        ->  Bitmap Index Scan on sbtest6_pkey  (cost=0.00..30.34 rows=991 width=0)
	              Index Cond: ((id >= 7243037) AND (id <= 7244036))

table 7 : explain SELECT SUM(k) FROM sbtest7 WHERE id BETWEEN 5153568 AND 5154567
	Aggregate  (cost=4232.21..4232.22 rows=1 width=8)
	  ->  Bitmap Heap Scan on sbtest7  (cost=35.64..4229.48 rows=1093 width=4)
	        Recheck Cond: ((id >= 5153568) AND (id <= 5154567))
	        ->  Bitmap Index Scan on sbtest7_pkey  (cost=0.00..35.37 rows=1093 width=0)
	              Index Cond: ((id >= 5153568) AND (id <= 5154567))

table 8 : explain SELECT SUM(k) FROM sbtest8 WHERE id BETWEEN 6203667 AND 6204666
	Aggregate  (cost=4006.01..4006.02 rows=1 width=8)
	  ->  Bitmap Heap Scan on sbtest8  (cost=35.02..4003.43 rows=1033 width=4)
	        Recheck Cond: ((id >= 6203667) AND (id <= 6204666))
	        ->  Bitmap Index Scan on sbtest8_pkey  (cost=0.00..34.77 rows=1033 width=0)
	              Index Cond: ((id >= 6203667) AND (id <= 6204666))

for: distinct_ranges
table 1 : explain SELECT DISTINCT c FROM sbtest1 WHERE id BETWEEN 9232322 AND 9233321 ORDER BY c
	Unique  (cost=3974.46..3979.53 rows=1013 width=121)
	  ->  Sort  (cost=3974.46..3977.00 rows=1013 width=121)
	        Sort Key: c
	        ->  Bitmap Heap Scan on sbtest1  (cost=30.82..3923.89 rows=1013 width=121)
	              Recheck Cond: ((id >= 9232322) AND (id <= 9233321))
	              ->  Bitmap Index Scan on sbtest1_pkey  (cost=0.00..30.57 rows=1013 width=0)
	                    Index Cond: ((id >= 9232322) AND (id <= 9233321))

table 2 : explain SELECT DISTINCT c FROM sbtest2 WHERE id BETWEEN 3724660 AND 3725659 ORDER BY c
	Unique  (cost=4223.44..4228.82 rows=1077 width=121)
	  ->  Sort  (cost=4223.44..4226.13 rows=1077 width=121)
	        Sort Key: c
	        ->  Bitmap Heap Scan on sbtest2  (cost=35.47..4169.20 rows=1077 width=121)
	              Recheck Cond: ((id >= 3724660) AND (id <= 3725659))
	              ->  Bitmap Index Scan on sbtest2_pkey  (cost=0.00..35.20 rows=1077 width=0)
	                    Index Cond: ((id >= 3724660) AND (id <= 3725659))

table 3 : explain SELECT DISTINCT c FROM sbtest3 WHERE id BETWEEN 4262046 AND 4263045 ORDER BY c
	Unique  (cost=3759.61..3764.39 rows=957 width=121)
	  ->  Sort  (cost=3759.61..3762.00 rows=957 width=121)
	        Sort Key: c
	        ->  Bitmap Heap Scan on sbtest3  (cost=30.24..3712.23 rows=957 width=121)
	              Recheck Cond: ((id >= 4262046) AND (id <= 4263045))
	              ->  Bitmap Index Scan on sbtest3_pkey  (cost=0.00..30.00 rows=957 width=0)
	                    Index Cond: ((id >= 4262046) AND (id <= 4263045))

table 4 : explain SELECT DISTINCT c FROM sbtest4 WHERE id BETWEEN 8184026 AND 8185025 ORDER BY c
	Unique  (cost=4016.95..4022.07 rows=1024 width=121)
	  ->  Sort  (cost=4016.95..4019.51 rows=1024 width=121)
	        Sort Key: c
	        ->  Bitmap Heap Scan on sbtest4  (cost=30.93..3965.75 rows=1024 width=121)
	              Recheck Cond: ((id >= 8184026) AND (id <= 8185025))
	              ->  Bitmap Index Scan on sbtest4_pkey  (cost=0.00..30.68 rows=1024 width=0)
	                    Index Cond: ((id >= 8184026) AND (id <= 8185025))

table 5 : explain SELECT DISTINCT c FROM sbtest5 WHERE id BETWEEN 6184512 AND 6185511 ORDER BY c
	Unique  (cost=4757.66..4763.75 rows=1218 width=121)
	  ->  Sort  (cost=4757.66..4760.70 rows=1218 width=121)
	        Sort Key: c
	        ->  Bitmap Heap Scan on sbtest5  (cost=36.92..4695.23 rows=1218 width=121)
	              Recheck Cond: ((id >= 6184512) AND (id <= 6185511))
	              ->  Bitmap Index Scan on sbtest5_pkey  (cost=0.00..36.62 rows=1218 width=0)
	                    Index Cond: ((id >= 6184512) AND (id <= 6185511))

table 6 : explain SELECT DISTINCT c FROM sbtest6 WHERE id BETWEEN 7457079 AND 7458078 ORDER BY c
	Unique  (cost=3909.08..3914.06 rows=996 width=121)
	  ->  Sort  (cost=3909.08..3911.57 rows=996 width=121)
	        Sort Key: c
	        ->  Bitmap Heap Scan on sbtest6  (cost=30.64..3859.48 rows=996 width=121)
	              Recheck Cond: ((id >= 7457079) AND (id <= 7458078))
	              ->  Bitmap Index Scan on sbtest6_pkey  (cost=0.00..30.39 rows=996 width=0)
	                    Index Cond: ((id >= 7457079) AND (id <= 7458078))

table 7 : explain SELECT DISTINCT c FROM sbtest7 WHERE id BETWEEN 5627008 AND 5628007 ORDER BY c
	Unique  (cost=4277.00..4282.46 rows=1091 width=121)
	  ->  Sort  (cost=4277.00..4279.73 rows=1091 width=121)
	        Sort Key: c
	        ->  Bitmap Heap Scan on sbtest7  (cost=35.62..4221.95 rows=1091 width=121)
	              Recheck Cond: ((id >= 5627008) AND (id <= 5628007))
	              ->  Bitmap Index Scan on sbtest7_pkey  (cost=0.00..35.34 rows=1091 width=0)
	                    Index Cond: ((id >= 5627008) AND (id <= 5628007))

table 8 : explain SELECT DISTINCT c FROM sbtest8 WHERE id BETWEEN 2744333 AND 2745332 ORDER BY c
	Unique  (cost=3567.87..3572.41 rows=907 width=121)
	  ->  Sort  (cost=3567.87..3570.14 rows=907 width=121)
	        Sort Key: c
	        ->  Bitmap Heap Scan on sbtest8  (cost=29.73..3523.32 rows=907 width=121)
	              Recheck Cond: ((id >= 2744333) AND (id <= 2745332))
	              ->  Bitmap Index Scan on sbtest8_pkey  (cost=0.00..29.50 rows=907 width=0)
	                    Index Cond: ((id >= 2744333) AND (id <= 2745332))

explain: for point_selects :: explain SELECT c FROM sbtest%u WHERE id=%u
explain: for point_selects :: explain SELECT c FROM sbtest%u WHERE id=%u
explain: for point_selects :: explain SELECT c FROM sbtest%u WHERE id=%u
for: order_ranges
table 1 : explain SELECT c FROM sbtest1 WHERE id BETWEEN 1848523 AND 1849522 ORDER BY c
	Sort  (cost=3729.09..3731.46 rows=949 width=121)
	  Sort Key: c
	  ->  Bitmap Heap Scan on sbtest1  (cost=30.16..3682.16 rows=949 width=121)
	        Recheck Cond: ((id >= 1848523) AND (id <= 1849522))
	        ->  Bitmap Index Scan on sbtest1_pkey  (cost=0.00..29.93 rows=949 width=0)
	              Index Cond: ((id >= 1848523) AND (id <= 1849522))

table 2 : explain SELECT c FROM sbtest2 WHERE id BETWEEN 7127450 AND 7128449 ORDER BY c
	Sort  (cost=3940.06..3942.57 rows=1004 width=121)
	  Sort Key: c
	  ->  Bitmap Heap Scan on sbtest2  (cost=30.73..3890.00 rows=1004 width=121)
	        Recheck Cond: ((id >= 7127450) AND (id <= 7128449))
	        ->  Bitmap Index Scan on sbtest2_pkey  (cost=0.00..30.47 rows=1004 width=0)
	              Index Cond: ((id >= 7127450) AND (id <= 7128449))

table 3 : explain SELECT c FROM sbtest3 WHERE id BETWEEN 6414984 AND 6415983 ORDER BY c
	Sort  (cost=3778.79..3781.20 rows=962 width=121)
	  Sort Key: c
	  ->  Bitmap Heap Scan on sbtest3  (cost=30.30..3731.12 rows=962 width=121)
	        Recheck Cond: ((id >= 6414984) AND (id <= 6415983))
	        ->  Bitmap Index Scan on sbtest3_pkey  (cost=0.00..30.05 rows=962 width=0)
	              Index Cond: ((id >= 6414984) AND (id <= 6415983))

table 4 : explain SELECT c FROM sbtest4 WHERE id BETWEEN 1830646 AND 1831645 ORDER BY c
	Sort  (cost=3836.83..3839.28 rows=977 width=121)
	  Sort Key: c
	  ->  Bitmap Heap Scan on sbtest4  (cost=30.45..3788.32 rows=977 width=121)
	        Recheck Cond: ((id >= 1830646) AND (id <= 1831645))
	        ->  Bitmap Index Scan on sbtest4_pkey  (cost=0.00..30.20 rows=977 width=0)
	              Index Cond: ((id >= 1830646) AND (id <= 1831645))

table 5 : explain SELECT c FROM sbtest5 WHERE id BETWEEN 7485565 AND 7486564 ORDER BY c
	Sort  (cost=3894.09..3896.57 rows=992 width=121)
	  Sort Key: c
	  ->  Bitmap Heap Scan on sbtest5  (cost=30.60..3844.72 rows=992 width=121)
	        Recheck Cond: ((id >= 7485565) AND (id <= 7486564))
	        ->  Bitmap Index Scan on sbtest5_pkey  (cost=0.00..30.36 rows=992 width=0)
	              Index Cond: ((id >= 7485565) AND (id <= 7486564))

table 6 : explain SELECT c FROM sbtest6 WHERE id BETWEEN 2731609 AND 2732608 ORDER BY c
	Sort  (cost=4089.22..4091.82 rows=1042 width=121)
	  Sort Key: c
	  ->  Bitmap Heap Scan on sbtest6  (cost=35.12..4036.99 rows=1042 width=121)
	        Recheck Cond: ((id >= 2731609) AND (id <= 2732608))
	        ->  Bitmap Index Scan on sbtest6_pkey  (cost=0.00..34.86 rows=1042 width=0)
	              Index Cond: ((id >= 2731609) AND (id <= 2732608))

table 7 : explain SELECT c FROM sbtest7 WHERE id BETWEEN 4927609 AND 4928608 ORDER BY c
	Sort  (cost=3913.28..3915.77 rows=997 width=121)
	  Sort Key: c
	  ->  Bitmap Heap Scan on sbtest7  (cost=30.65..3863.62 rows=997 width=121)
	        Recheck Cond: ((id >= 4927609) AND (id <= 4928608))
	        ->  Bitmap Index Scan on sbtest7_pkey  (cost=0.00..30.40 rows=997 width=0)
	              Index Cond: ((id >= 4927609) AND (id <= 4928608))

table 8 : explain SELECT c FROM sbtest8 WHERE id BETWEEN 8062247 AND 8063246 ORDER BY c
	Sort  (cost=3790.57..3792.98 rows=965 width=121)
	  Sort Key: c
	  ->  Bitmap Heap Scan on sbtest8  (cost=30.33..3742.73 rows=965 width=121)
	        Recheck Cond: ((id >= 8062247) AND (id <= 8063246))
	        ->  Bitmap Index Scan on sbtest8_pkey  (cost=0.00..30.08 rows=965 width=0)
	              Index Cond: ((id >= 8062247) AND (id <= 8063246))

for point_selects
table 1 : explain SELECT c FROM sbtest1 WHERE id=845327
	Index Scan using sbtest1_pkey on sbtest1  (cost=0.43..8.45 rows=1 width=121)
	  Index Cond: (id = 845327)

table 2 : explain SELECT c FROM sbtest2 WHERE id=3852682
	Index Scan using sbtest2_pkey on sbtest2  (cost=0.43..8.45 rows=1 width=121)
	  Index Cond: (id = 3852682)

table 3 : explain SELECT c FROM sbtest3 WHERE id=4600367
	Index Scan using sbtest3_pkey on sbtest3  (cost=0.43..8.45 rows=1 width=121)
	  Index Cond: (id = 4600367)

table 4 : explain SELECT c FROM sbtest4 WHERE id=9607254
	Index Scan using sbtest4_pkey on sbtest4  (cost=0.43..8.45 rows=1 width=121)
	  Index Cond: (id = 9607254)

table 5 : explain SELECT c FROM sbtest5 WHERE id=5500207
	Index Scan using sbtest5_pkey on sbtest5  (cost=0.43..8.45 rows=1 width=121)
	  Index Cond: (id = 5500207)

table 6 : explain SELECT c FROM sbtest6 WHERE id=9022650
	Index Scan using sbtest6_pkey on sbtest6  (cost=0.43..8.45 rows=1 width=121)
	  Index Cond: (id = 9022650)

table 7 : explain SELECT c FROM sbtest7 WHERE id=6250742
	Index Scan using sbtest7_pkey on sbtest7  (cost=0.43..8.45 rows=1 width=121)
	  Index Cond: (id = 6250742)

table 8 : explain SELECT c FROM sbtest8 WHERE id=4655235
	Index Scan using sbtest8_pkey on sbtest8  (cost=0.43..8.45 rows=1 width=121)
	  Index Cond: (id = 4655235)

for: distinct_ranges
table 1 : explain SELECT DISTINCT c FROM sbtest1 WHERE id BETWEEN 2720921 AND 2721920 ORDER BY c
	Unique  (cost=3801.98..3806.82 rows=968 width=121)
	  ->  Sort  (cost=3801.98..3804.40 rows=968 width=121)
	        Sort Key: c
	        ->  Bitmap Heap Scan on sbtest1  (cost=30.36..3753.98 rows=968 width=121)
	              Recheck Cond: ((id >= 2720921) AND (id <= 2721920))
	              ->  Bitmap Index Scan on sbtest1_pkey  (cost=0.00..30.11 rows=968 width=0)
	                    Index Cond: ((id >= 2720921) AND (id <= 2721920))

table 2 : explain SELECT DISTINCT c FROM sbtest2 WHERE id BETWEEN 327391 AND 328390 ORDER BY c
	Unique  (cost=3897.91..3902.87 rows=993 width=121)
	  ->  Sort  (cost=3897.91..3900.39 rows=993 width=121)
	        Sort Key: c
	        ->  Bitmap Heap Scan on sbtest2  (cost=30.61..3848.48 rows=993 width=121)
	              Recheck Cond: ((id >= 327391) AND (id <= 328390))
	              ->  Bitmap Index Scan on sbtest2_pkey  (cost=0.00..30.36 rows=993 width=0)
	                    Index Cond: ((id >= 327391) AND (id <= 328390))

table 3 : explain SELECT DISTINCT c FROM sbtest3 WHERE id BETWEEN 9806308 AND 9807307 ORDER BY c
	Unique  (cost=4425.59..4431.24 rows=1130 width=121)
	  ->  Sort  (cost=4425.59..4428.41 rows=1130 width=121)
	        Sort Key: c
	        ->  Bitmap Heap Scan on sbtest3  (cost=36.02..4368.28 rows=1130 width=121)
	              Recheck Cond: ((id >= 9806308) AND (id <= 9807307))
	              ->  Bitmap Index Scan on sbtest3_pkey  (cost=0.00..35.73 rows=1130 width=0)
	                    Index Cond: ((id >= 9806308) AND (id <= 9807307))

table 4 : explain SELECT DISTINCT c FROM sbtest4 WHERE id BETWEEN 5363934 AND 5364933 ORDER BY c
	Unique  (cost=4426.23..4431.88 rows=1130 width=121)
	  ->  Sort  (cost=4426.23..4429.05 rows=1130 width=121)
	        Sort Key: c
	        ->  Bitmap Heap Scan on sbtest4  (cost=36.02..4368.93 rows=1130 width=121)
	              Recheck Cond: ((id >= 5363934) AND (id <= 5364933))
	              ->  Bitmap Index Scan on sbtest4_pkey  (cost=0.00..35.73 rows=1130 width=0)
	                    Index Cond: ((id >= 5363934) AND (id <= 5364933))

table 5 : explain SELECT DISTINCT c FROM sbtest5 WHERE id BETWEEN 4185714 AND 4186713 ORDER BY c
	Unique  (cost=4100.89..4106.12 rows=1046 width=121)
	  ->  Sort  (cost=4100.89..4103.50 rows=1046 width=121)
	        Sort Key: c
	        ->  Bitmap Heap Scan on sbtest5  (cost=31.16..4048.43 rows=1046 width=121)
	              Recheck Cond: ((id >= 4185714) AND (id <= 4186713))
	              ->  Bitmap Index Scan on sbtest5_pkey  (cost=0.00..30.89 rows=1046 width=0)
	                    Index Cond: ((id >= 4185714) AND (id <= 4186713))

table 6 : explain SELECT DISTINCT c FROM sbtest6 WHERE id BETWEEN 7795759 AND 7796758 ORDER BY c
	Unique  (cost=4165.72..4171.03 rows=1062 width=121)
	  ->  Sort  (cost=4165.72..4168.38 rows=1062 width=121)
	        Sort Key: c
	        ->  Bitmap Heap Scan on sbtest6  (cost=35.32..4112.35 rows=1062 width=121)
	              Recheck Cond: ((id >= 7795759) AND (id <= 7796758))
	              ->  Bitmap Index Scan on sbtest6_pkey  (cost=0.00..35.06 rows=1062 width=0)
	                    Index Cond: ((id >= 7795759) AND (id <= 7796758))

table 7 : explain SELECT DISTINCT c FROM sbtest7 WHERE id BETWEEN 645870 AND 646869 ORDER BY c
	Unique  (cost=4334.31..4339.84 rows=1106 width=121)
	  ->  Sort  (cost=4334.31..4337.08 rows=1106 width=121)
	        Sort Key: c
	        ->  Bitmap Heap Scan on sbtest7  (cost=35.77..4278.40 rows=1106 width=121)
	              Recheck Cond: ((id >= 645870) AND (id <= 646869))
	              ->  Bitmap Index Scan on sbtest7_pkey  (cost=0.00..35.50 rows=1106 width=0)
	                    Index Cond: ((id >= 645870) AND (id <= 646869))

table 8 : explain SELECT DISTINCT c FROM sbtest8 WHERE id BETWEEN 637891 AND 638890 ORDER BY c
	Unique  (cost=4146.99..4152.27 rows=1057 width=121)
	  ->  Sort  (cost=4146.99..4149.63 rows=1057 width=121)
	        Sort Key: c
	        ->  Bitmap Heap Scan on sbtest8  (cost=35.27..4093.89 rows=1057 width=121)
	              Recheck Cond: ((id >= 637891) AND (id <= 638890))
	              ->  Bitmap Index Scan on sbtest8_pkey  (cost=0.00..35.01 rows=1057 width=0)
	                    Index Cond: ((id >= 637891) AND (id <= 638890))

explain: for point_selects :: explain SELECT c FROM sbtest%u WHERE id=%u
for: distinct_ranges
table 1 : explain SELECT DISTINCT c FROM sbtest1 WHERE id BETWEEN 9347054 AND 9348053 ORDER BY c
	Unique  (cost=4131.40..4136.67 rows=1054 width=121)
	  ->  Sort  (cost=4131.40..4134.04 rows=1054 width=121)
	        Sort Key: c
	        ->  Bitmap Heap Scan on sbtest1  (cost=31.24..4078.49 rows=1054 width=121)
	              Recheck Cond: ((id >= 9347054) AND (id <= 9348053))
	              ->  Bitmap Index Scan on sbtest1_pkey  (cost=0.00..30.97 rows=1054 width=0)
	                    Index Cond: ((id >= 9347054) AND (id <= 9348053))

table 2 : explain SELECT DISTINCT c FROM sbtest2 WHERE id BETWEEN 475759 AND 476758 ORDER BY c
	Unique  (cost=4387.72..4393.32 rows=1120 width=121)
	  ->  Sort  (cost=4387.72..4390.52 rows=1120 width=121)
	        Sort Key: c
	        ->  Bitmap Heap Scan on sbtest2  (cost=35.92..4331.00 rows=1120 width=121)
	              Recheck Cond: ((id >= 475759) AND (id <= 476758))
	              ->  Bitmap Index Scan on sbtest2_pkey  (cost=0.00..35.64 rows=1120 width=0)
	                    Index Cond: ((id >= 475759) AND (id <= 476758))

table 3 : explain SELECT DISTINCT c FROM sbtest3 WHERE id BETWEEN 2359626 AND 2360625 ORDER BY c
	Unique  (cost=4242.26..4247.67 rows=1082 width=121)
	  ->  Sort  (cost=4242.26..4244.97 rows=1082 width=121)
	        Sort Key: c
	        ->  Bitmap Heap Scan on sbtest3  (cost=35.53..4187.73 rows=1082 width=121)
	              Recheck Cond: ((id >= 2359626) AND (id <= 2360625))
	              ->  Bitmap Index Scan on sbtest3_pkey  (cost=0.00..35.26 rows=1082 width=0)
	                    Index Cond: ((id >= 2359626) AND (id <= 2360625))

table 4 : explain SELECT DISTINCT c FROM sbtest4 WHERE id BETWEEN 1860697 AND 1861696 ORDER BY c
	Unique  (cost=3836.83..3841.72 rows=977 width=121)
	  ->  Sort  (cost=3836.83..3839.28 rows=977 width=121)
	        Sort Key: c
	        ->  Bitmap Heap Scan on sbtest4  (cost=30.45..3788.32 rows=977 width=121)
	              Recheck Cond: ((id >= 1860697) AND (id <= 1861696))
	              ->  Bitmap Index Scan on sbtest4_pkey  (cost=0.00..30.20 rows=977 width=0)
	                    Index Cond: ((id >= 1860697) AND (id <= 1861696))

table 5 : explain SELECT DISTINCT c FROM sbtest5 WHERE id BETWEEN 197481 AND 198480 ORDER BY c
	Unique  (cost=3790.56..3795.38 rows=965 width=121)
	  ->  Sort  (cost=3790.56..3792.97 rows=965 width=121)
	        Sort Key: c
	        ->  Bitmap Heap Scan on sbtest5  (cost=30.33..3742.72 rows=965 width=121)
	              Recheck Cond: ((id >= 197481) AND (id <= 198480))
	              ->  Bitmap Index Scan on sbtest5_pkey  (cost=0.00..30.08 rows=965 width=0)
	                    Index Cond: ((id >= 197481) AND (id <= 198480))

table 6 : explain SELECT DISTINCT c FROM sbtest6 WHERE id BETWEEN 6298957 AND 6299956 ORDER BY c
	Unique  (cost=3962.71..3967.76 rows=1010 width=121)
	  ->  Sort  (cost=3962.71..3965.24 rows=1010 width=121)
	        Sort Key: c
	        ->  Bitmap Heap Scan on sbtest6  (cost=30.79..3912.31 rows=1010 width=121)
	              Recheck Cond: ((id >= 6298957) AND (id <= 6299956))
	              ->  Bitmap Index Scan on sbtest6_pkey  (cost=0.00..30.54 rows=1010 width=0)
	                    Index Cond: ((id >= 6298957) AND (id <= 6299956))

table 7 : explain SELECT DISTINCT c FROM sbtest7 WHERE id BETWEEN 9934187 AND 9935186 ORDER BY c
	Unique  (cost=4303.75..4309.24 rows=1098 width=121)
	  ->  Sort  (cost=4303.75..4306.49 rows=1098 width=121)
	        Sort Key: c
	        ->  Bitmap Heap Scan on sbtest7  (cost=35.69..4248.30 rows=1098 width=121)
	              Recheck Cond: ((id >= 9934187) AND (id <= 9935186))
	              ->  Bitmap Index Scan on sbtest7_pkey  (cost=0.00..35.42 rows=1098 width=0)
	                    Index Cond: ((id >= 9934187) AND (id <= 9935186))

table 8 : explain SELECT DISTINCT c FROM sbtest8 WHERE id BETWEEN 1299999 AND 1300998 ORDER BY c
	Unique  (cost=3698.47..3703.17 rows=941 width=121)
	  ->  Sort  (cost=3698.47..3700.82 rows=941 width=121)
	        Sort Key: c
	        ->  Bitmap Heap Scan on sbtest8  (cost=30.08..3651.99 rows=941 width=121)
	              Recheck Cond: ((id >= 1299999) AND (id <= 1300998))
	              ->  Bitmap Index Scan on sbtest8_pkey  (cost=0.00..29.84 rows=941 width=0)
	                    Index Cond: ((id >= 1299999) AND (id <= 1300998))

for: order_ranges
table 1 : explain SELECT c FROM sbtest1 WHERE id BETWEEN 4203260 AND 4204259 ORDER BY c
	Sort  (cost=4020.42..4022.98 rows=1025 width=121)
	  Sort Key: c
	  ->  Bitmap Heap Scan on sbtest1  (cost=30.94..3969.16 rows=1025 width=121)
	        Recheck Cond: ((id >= 4203260) AND (id <= 4204259))
	        ->  Bitmap Index Scan on sbtest1_pkey  (cost=0.00..30.68 rows=1025 width=0)
	              Index Cond: ((id >= 4203260) AND (id <= 4204259))

table 2 : explain SELECT c FROM sbtest2 WHERE id BETWEEN 386713 AND 387712 ORDER BY c
	Sort  (cost=3897.91..3900.39 rows=993 width=121)
	  Sort Key: c
	  ->  Bitmap Heap Scan on sbtest2  (cost=30.61..3848.48 rows=993 width=121)
	        Recheck Cond: ((id >= 386713) AND (id <= 387712))
	        ->  Bitmap Index Scan on sbtest2_pkey  (cost=0.00..30.36 rows=993 width=0)
	              Index Cond: ((id >= 386713) AND (id <= 387712))

table 3 : explain SELECT c FROM sbtest3 WHERE id BETWEEN 3590515 AND 3591514 ORDER BY c
	Sort  (cost=4085.29..4087.90 rows=1042 width=121)
	  Sort Key: c
	  ->  Bitmap Heap Scan on sbtest3  (cost=31.12..4033.06 rows=1042 width=121)
	        Recheck Cond: ((id >= 3590515) AND (id <= 3591514))
	        ->  Bitmap Index Scan on sbtest3_pkey  (cost=0.00..30.86 rows=1042 width=0)
	              Index Cond: ((id >= 3590515) AND (id <= 3591514))

table 4 : explain SELECT c FROM sbtest4 WHERE id BETWEEN 1820736 AND 1821735 ORDER BY c
	Sort  (cost=3836.83..3839.28 rows=977 width=121)
	  Sort Key: c
	  ->  Bitmap Heap Scan on sbtest4  (cost=30.45..3788.32 rows=977 width=121)
	        Recheck Cond: ((id >= 1820736) AND (id <= 1821735))
	        ->  Bitmap Index Scan on sbtest4_pkey  (cost=0.00..30.20 rows=977 width=0)
	              Index Cond: ((id >= 1820736) AND (id <= 1821735))

table 5 : explain SELECT c FROM sbtest5 WHERE id BETWEEN 4556939 AND 4557938 ORDER BY c
	Sort  (cost=4189.05..4191.72 rows=1068 width=121)
	  Sort Key: c
	  ->  Bitmap Heap Scan on sbtest5  (cost=35.38..4135.32 rows=1068 width=121)
	        Recheck Cond: ((id >= 4556939) AND (id <= 4557938))
	        ->  Bitmap Index Scan on sbtest5_pkey  (cost=0.00..35.12 rows=1068 width=0)
	              Index Cond: ((id >= 4556939) AND (id <= 4557938))

table 6 : explain SELECT c FROM sbtest6 WHERE id BETWEEN 6955503 AND 6956502 ORDER BY c
	Sort  (cost=3713.50..3715.86 rows=945 width=121)
	  Sort Key: c
	  ->  Bitmap Heap Scan on sbtest6  (cost=30.12..3666.80 rows=945 width=121)
	        Recheck Cond: ((id >= 6955503) AND (id <= 6956502))
	        ->  Bitmap Index Scan on sbtest6_pkey  (cost=0.00..29.89 rows=945 width=0)
	              Index Cond: ((id >= 6955503) AND (id <= 6956502))

table 7 : explain SELECT c FROM sbtest7 WHERE id BETWEEN 4592387 AND 4593386 ORDER BY c
	Sort  (cost=4024.37..4026.93 rows=1026 width=121)
	  Sort Key: c
	  ->  Bitmap Heap Scan on sbtest7  (cost=30.95..3973.05 rows=1026 width=121)
	        Recheck Cond: ((id >= 4592387) AND (id <= 4593386))
	        ->  Bitmap Index Scan on sbtest7_pkey  (cost=0.00..30.69 rows=1026 width=0)
	              Index Cond: ((id >= 4592387) AND (id <= 4593386))

table 8 : explain SELECT c FROM sbtest8 WHERE id BETWEEN 8417532 AND 8418531 ORDER BY c
	Sort  (cost=4036.00..4038.57 rows=1028 width=121)
	  Sort Key: c
	  ->  Bitmap Heap Scan on sbtest8  (cost=34.97..3984.58 rows=1028 width=121)
	        Recheck Cond: ((id >= 8417532) AND (id <= 8418531))
	        ->  Bitmap Index Scan on sbtest8_pkey  (cost=0.00..34.72 rows=1028 width=0)
	              Index Cond: ((id >= 8417532) AND (id <= 8418531))

for point_selects
table 1 : explain SELECT c FROM sbtest1 WHERE id=2515140
	Index Scan using sbtest1_pkey on sbtest1  (cost=0.43..8.45 rows=1 width=121)
	  Index Cond: (id = 2515140)

table 2 : explain SELECT c FROM sbtest2 WHERE id=5322401
	Index Scan using sbtest2_pkey on sbtest2  (cost=0.43..8.45 rows=1 width=121)
	  Index Cond: (id = 5322401)

table 3 : explain SELECT c FROM sbtest3 WHERE id=649125
	Index Scan using sbtest3_pkey on sbtest3  (cost=0.43..8.45 rows=1 width=121)
	  Index Cond: (id = 649125)

table 4 : explain SELECT c FROM sbtest4 WHERE id=4448941
	Index Scan using sbtest4_pkey on sbtest4  (cost=0.43..8.45 rows=1 width=121)
	  Index Cond: (id = 4448941)

table 5 : explain SELECT c FROM sbtest5 WHERE id=6090052
	Index Scan using sbtest5_pkey on sbtest5  (cost=0.43..8.45 rows=1 width=121)
	  Index Cond: (id = 6090052)

table 6 : explain SELECT c FROM sbtest6 WHERE id=7173274
	Index Scan using sbtest6_pkey on sbtest6  (cost=0.43..8.45 rows=1 width=121)
	  Index Cond: (id = 7173274)

table 7 : explain SELECT c FROM sbtest7 WHERE id=6887452
	Index Scan using sbtest7_pkey on sbtest7  (cost=0.43..8.45 rows=1 width=121)
	  Index Cond: (id = 6887452)

table 8 : explain SELECT c FROM sbtest8 WHERE id=3470690
	Index Scan using sbtest8_pkey on sbtest8  (cost=0.43..8.45 rows=1 width=121)
	  Index Cond: (id = 3470690)

for: distinct_ranges
table 1 : explain SELECT DISTINCT c FROM sbtest1 WHERE id BETWEEN 4715938 AND 4716937 ORDER BY c
	Unique  (cost=3606.21..3610.80 rows=917 width=121)
	  ->  Sort  (cost=3606.21..3608.50 rows=917 width=121)
	        Sort Key: c
	        ->  Bitmap Heap Scan on sbtest1  (cost=29.83..3561.09 rows=917 width=121)
	              Recheck Cond: ((id >= 4715938) AND (id <= 4716937))
	              ->  Bitmap Index Scan on sbtest1_pkey  (cost=0.00..29.61 rows=917 width=0)
	                    Index Cond: ((id >= 4715938) AND (id <= 4716937))

table 2 : explain SELECT DISTINCT c FROM sbtest2 WHERE id BETWEEN 770814 AND 771813 ORDER BY c
	Unique  (cost=4085.74..4090.94 rows=1041 width=121)
	  ->  Sort  (cost=4085.74..4088.34 rows=1041 width=121)
	        Sort Key: c
	        ->  Bitmap Heap Scan on sbtest2  (cost=35.11..4033.57 rows=1041 width=121)
	              Recheck Cond: ((id >= 770814) AND (id <= 771813))
	              ->  Bitmap Index Scan on sbtest2_pkey  (cost=0.00..34.84 rows=1041 width=0)
	                    Index Cond: ((id >= 770814) AND (id <= 771813))

table 3 : explain SELECT DISTINCT c FROM sbtest3 WHERE id BETWEEN 6943355 AND 6944354 ORDER BY c
	Unique  (cost=4158.15..4163.45 rows=1060 width=121)
	  ->  Sort  (cost=4158.15..4160.80 rows=1060 width=121)
	        Sort Key: c
	        ->  Bitmap Heap Scan on sbtest3  (cost=35.30..4104.89 rows=1060 width=121)
	              Recheck Cond: ((id >= 6943355) AND (id <= 6944354))
	              ->  Bitmap Index Scan on sbtest3_pkey  (cost=0.00..35.04 rows=1060 width=0)
	                    Index Cond: ((id >= 6943355) AND (id <= 6944354))

table 4 : explain SELECT DISTINCT c FROM sbtest4 WHERE id BETWEEN 7691186 AND 7692185 ORDER BY c
	Unique  (cost=3990.14..3995.23 rows=1017 width=121)
	  ->  Sort  (cost=3990.14..3992.68 rows=1017 width=121)
	        Sort Key: c
	        ->  Bitmap Heap Scan on sbtest4  (cost=30.86..3939.34 rows=1017 width=121)
	              Recheck Cond: ((id >= 7691186) AND (id <= 7692185))
	              ->  Bitmap Index Scan on sbtest4_pkey  (cost=0.00..30.61 rows=1017 width=0)
	                    Index Cond: ((id >= 7691186) AND (id <= 7692185))

table 5 : explain SELECT DISTINCT c FROM sbtest5 WHERE id BETWEEN 8725660 AND 8726659 ORDER BY c
	Unique  (cost=3698.46..3703.16 rows=941 width=121)
	  ->  Sort  (cost=3698.46..3700.81 rows=941 width=121)
	        Sort Key: c
	        ->  Bitmap Heap Scan on sbtest5  (cost=30.08..3651.98 rows=941 width=121)
	              Recheck Cond: ((id >= 8725660) AND (id <= 8726659))
	              ->  Bitmap Index Scan on sbtest5_pkey  (cost=0.00..29.84 rows=941 width=0)
	                    Index Cond: ((id >= 8725660) AND (id <= 8726659))

table 6 : explain SELECT DISTINCT c FROM sbtest6 WHERE id BETWEEN 5595082 AND 5596081 ORDER BY c
	Unique  (cost=3675.11..3679.79 rows=935 width=121)
	  ->  Sort  (cost=3675.11..3677.45 rows=935 width=121)
	        Sort Key: c
	        ->  Bitmap Heap Scan on sbtest6  (cost=30.02..3628.98 rows=935 width=121)
	              Recheck Cond: ((id >= 5595082) AND (id <= 5596081))
	              ->  Bitmap Index Scan on sbtest6_pkey  (cost=0.00..29.79 rows=935 width=0)
	                    Index Cond: ((id >= 5595082) AND (id <= 5596081))

table 7 : explain SELECT DISTINCT c FROM sbtest7 WHERE id BETWEEN 1035066 AND 1036065 ORDER BY c
	Unique  (cost=3625.52..3630.13 rows=922 width=121)
	  ->  Sort  (cost=3625.52..3627.83 rows=922 width=121)
	        Sort Key: c
	        ->  Bitmap Heap Scan on sbtest7  (cost=29.89..3580.12 rows=922 width=121)
	              Recheck Cond: ((id >= 1035066) AND (id <= 1036065))
	              ->  Bitmap Index Scan on sbtest7_pkey  (cost=0.00..29.65 rows=922 width=0)
	                    Index Cond: ((id >= 1035066) AND (id <= 1036065))

table 8 : explain SELECT DISTINCT c FROM sbtest8 WHERE id BETWEEN 2227072 AND 2228071 ORDER BY c
	Unique  (cost=3571.71..3576.25 rows=908 width=121)
	  ->  Sort  (cost=3571.71..3573.98 rows=908 width=121)
	        Sort Key: c
	        ->  Bitmap Heap Scan on sbtest8  (cost=29.74..3527.10 rows=908 width=121)
	              Recheck Cond: ((id >= 2227072) AND (id <= 2228071))
	              ->  Bitmap Index Scan on sbtest8_pkey  (cost=0.00..29.51 rows=908 width=0)
	                    Index Cond: ((id >= 2227072) AND (id <= 2228071))

for point_selects
table 1 : explain SELECT c FROM sbtest1 WHERE id=9119639
	Index Scan using sbtest1_pkey on sbtest1  (cost=0.43..8.45 rows=1 width=121)
	  Index Cond: (id = 9119639)

table 2 : explain SELECT c FROM sbtest2 WHERE id=6980789
	Index Scan using sbtest2_pkey on sbtest2  (cost=0.43..8.45 rows=1 width=121)
	  Index Cond: (id = 6980789)

table 3 : explain SELECT c FROM sbtest3 WHERE id=7949495
	Index Scan using sbtest3_pkey on sbtest3  (cost=0.43..8.45 rows=1 width=121)
	  Index Cond: (id = 7949495)

table 4 : explain SELECT c FROM sbtest4 WHERE id=9015403
	Index Scan using sbtest4_pkey on sbtest4  (cost=0.43..8.45 rows=1 width=121)
	  Index Cond: (id = 9015403)

table 5 : explain SELECT c FROM sbtest5 WHERE id=3591996
	Index Scan using sbtest5_pkey on sbtest5  (cost=0.43..8.45 rows=1 width=121)
	  Index Cond: (id = 3591996)

table 6 : explain SELECT c FROM sbtest6 WHERE id=1106913
	Index Scan using sbtest6_pkey on sbtest6  (cost=0.43..8.45 rows=1 width=121)
	  Index Cond: (id = 1106913)

table 7 : explain SELECT c FROM sbtest7 WHERE id=7864913
	Index Scan using sbtest7_pkey on sbtest7  (cost=0.43..8.45 rows=1 width=121)
	  Index Cond: (id = 7864913)

table 8 : explain SELECT c FROM sbtest8 WHERE id=4046713
	Index Scan using sbtest8_pkey on sbtest8  (cost=0.43..8.45 rows=1 width=121)
	  Index Cond: (id = 4046713)

for point_selects
table 1 : explain SELECT c FROM sbtest1 WHERE id=203081
	Index Scan using sbtest1_pkey on sbtest1  (cost=0.43..8.45 rows=1 width=121)
	  Index Cond: (id = 203081)

table 2 : explain SELECT c FROM sbtest2 WHERE id=6742425
	Index Scan using sbtest2_pkey on sbtest2  (cost=0.43..8.45 rows=1 width=121)
	  Index Cond: (id = 6742425)

table 3 : explain SELECT c FROM sbtest3 WHERE id=3223201
	Index Scan using sbtest3_pkey on sbtest3  (cost=0.43..8.45 rows=1 width=121)
	  Index Cond: (id = 3223201)

table 4 : explain SELECT c FROM sbtest4 WHERE id=534258
	Index Scan using sbtest4_pkey on sbtest4  (cost=0.43..8.45 rows=1 width=121)
	  Index Cond: (id = 534258)

table 5 : explain SELECT c FROM sbtest5 WHERE id=48916
	Index Scan using sbtest5_pkey on sbtest5  (cost=0.43..8.45 rows=1 width=121)
	  Index Cond: (id = 48916)

table 6 : explain SELECT c FROM sbtest6 WHERE id=7097345
	Index Scan using sbtest6_pkey on sbtest6  (cost=0.43..8.45 rows=1 width=121)
	  Index Cond: (id = 7097345)

table 7 : explain SELECT c FROM sbtest7 WHERE id=1143221
	Index Scan using sbtest7_pkey on sbtest7  (cost=0.43..8.45 rows=1 width=121)
	  Index Cond: (id = 1143221)

table 8 : explain SELECT c FROM sbtest8 WHERE id=6769515
	Index Scan using sbtest8_pkey on sbtest8  (cost=0.43..8.45 rows=1 width=121)
	  Index Cond: (id = 6769515)

for point_selects
table 1 : explain SELECT c FROM sbtest1 WHERE id=953066
	Index Scan using sbtest1_pkey on sbtest1  (cost=0.43..8.45 rows=1 width=121)
	  Index Cond: (id = 953066)

table 2 : explain SELECT c FROM sbtest2 WHERE id=2435659
	Index Scan using sbtest2_pkey on sbtest2  (cost=0.43..8.45 rows=1 width=121)
	  Index Cond: (id = 2435659)

table 3 : explain SELECT c FROM sbtest3 WHERE id=4522492
	Index Scan using sbtest3_pkey on sbtest3  (cost=0.43..8.45 rows=1 width=121)
	  Index Cond: (id = 4522492)

table 4 : explain SELECT c FROM sbtest4 WHERE id=1384690
	Index Scan using sbtest4_pkey on sbtest4  (cost=0.43..8.45 rows=1 width=121)
	  Index Cond: (id = 1384690)

table 5 : explain SELECT c FROM sbtest5 WHERE id=3233941
	Index Scan using sbtest5_pkey on sbtest5  (cost=0.43..8.45 rows=1 width=121)
	  Index Cond: (id = 3233941)

table 6 : explain SELECT c FROM sbtest6 WHERE id=4026780
	Index Scan using sbtest6_pkey on sbtest6  (cost=0.43..8.45 rows=1 width=121)
	  Index Cond: (id = 4026780)

table 7 : explain SELECT c FROM sbtest7 WHERE id=9136120
	Index Scan using sbtest7_pkey on sbtest7  (cost=0.43..8.45 rows=1 width=121)
	  Index Cond: (id = 9136120)

table 8 : explain SELECT c FROM sbtest8 WHERE id=564561
	Index Scan using sbtest8_pkey on sbtest8  (cost=0.43..8.45 rows=1 width=121)
	  Index Cond: (id = 564561)

explain: for point_selects :: explain SELECT c FROM sbtest%u WHERE id=%u
for: simple_ranges
table 1 : explain SELECT c FROM sbtest1 WHERE id BETWEEN 6569432 AND 6570431
	Bitmap Heap Scan on sbtest1  (cost=30.66..3867.28 rows=998 width=121)
	  Recheck Cond: ((id >= 6569432) AND (id <= 6570431))
	  ->  Bitmap Index Scan on sbtest1_pkey  (cost=0.00..30.41 rows=998 width=0)
	        Index Cond: ((id >= 6569432) AND (id <= 6570431))

table 2 : explain SELECT c FROM sbtest2 WHERE id BETWEEN 6662128 AND 6663127
	Bitmap Heap Scan on sbtest2  (cost=35.46..4165.43 rows=1076 width=121)
	  Recheck Cond: ((id >= 6662128) AND (id <= 6663127))
	  ->  Bitmap Index Scan on sbtest2_pkey  (cost=0.00..35.20 rows=1076 width=0)
	        Index Cond: ((id >= 6662128) AND (id <= 6663127))

table 3 : explain SELECT c FROM sbtest3 WHERE id BETWEEN 4854477 AND 4855476
	Bitmap Heap Scan on sbtest3  (cost=30.57..3833.12 rows=989 width=121)
	  Recheck Cond: ((id >= 4854477) AND (id <= 4855476))
	  ->  Bitmap Index Scan on sbtest3_pkey  (cost=0.00..30.32 rows=989 width=0)
	        Index Cond: ((id >= 4854477) AND (id <= 4855476))

table 4 : explain SELECT c FROM sbtest4 WHERE id BETWEEN 9810018 AND 9811017
	Bitmap Heap Scan on sbtest4  (cost=30.70..3878.95 rows=1001 width=121)
	  Recheck Cond: ((id >= 9810018) AND (id <= 9811017))
	  ->  Bitmap Index Scan on sbtest4_pkey  (cost=0.00..30.44 rows=1001 width=0)
	        Index Cond: ((id >= 9810018) AND (id <= 9811017))

table 5 : explain SELECT c FROM sbtest5 WHERE id BETWEEN 2506125 AND 2507124
	Bitmap Heap Scan on sbtest5  (cost=30.60..3844.72 rows=992 width=121)
	  Recheck Cond: ((id >= 2506125) AND (id <= 2507124))
	  ->  Bitmap Index Scan on sbtest5_pkey  (cost=0.00..30.36 rows=992 width=0)
	        Index Cond: ((id >= 2506125) AND (id <= 2507124))

table 6 : explain SELECT c FROM sbtest6 WHERE id BETWEEN 4669874 AND 4670873
	Bitmap Heap Scan on sbtest6  (cost=30.46..3791.51 rows=978 width=121)
	  Recheck Cond: ((id >= 4669874) AND (id <= 4670873))
	  ->  Bitmap Index Scan on sbtest6_pkey  (cost=0.00..30.21 rows=978 width=0)
	        Index Cond: ((id >= 4669874) AND (id <= 4670873))

table 7 : explain SELECT c FROM sbtest7 WHERE id BETWEEN 3046270 AND 3047269
	Bitmap Heap Scan on sbtest7  (cost=29.89..3580.12 rows=922 width=121)
	  Recheck Cond: ((id >= 3046270) AND (id <= 3047269))
	  ->  Bitmap Index Scan on sbtest7_pkey  (cost=0.00..29.65 rows=922 width=0)
	        Index Cond: ((id >= 3046270) AND (id <= 3047269))

table 8 : explain SELECT c FROM sbtest8 WHERE id BETWEEN 722562 AND 723561
	Bitmap Heap Scan on sbtest8  (cost=30.62..3852.28 rows=994 width=121)
	  Recheck Cond: ((id >= 722562) AND (id <= 723561))
	  ->  Bitmap Index Scan on sbtest8_pkey  (cost=0.00..30.37 rows=994 width=0)
	        Index Cond: ((id >= 722562) AND (id <= 723561))

for: simple_ranges
table 1 : explain SELECT c FROM sbtest1 WHERE id BETWEEN 2044158 AND 2045157
	Bitmap Heap Scan on sbtest1  (cost=29.50..3436.10 rows=884 width=121)
	  Recheck Cond: ((id >= 2044158) AND (id <= 2045157))
	  ->  Bitmap Index Scan on sbtest1_pkey  (cost=0.00..29.27 rows=884 width=0)
	        Index Cond: ((id >= 2044158) AND (id <= 2045157))

table 2 : explain SELECT c FROM sbtest2 WHERE id BETWEEN 3064169 AND 3065168
	Bitmap Heap Scan on sbtest2  (cost=30.82..3923.96 rows=1013 width=121)
	  Recheck Cond: ((id >= 3064169) AND (id <= 3065168))
	  ->  Bitmap Index Scan on sbtest2_pkey  (cost=0.00..30.57 rows=1013 width=0)
	        Index Cond: ((id >= 3064169) AND (id <= 3065168))

table 3 : explain SELECT c FROM sbtest3 WHERE id BETWEEN 7605186 AND 7606185
	Bitmap Heap Scan on sbtest3  (cost=35.40..4142.55 rows=1070 width=121)
	  Recheck Cond: ((id >= 7605186) AND (id <= 7606185))
	  ->  Bitmap Index Scan on sbtest3_pkey  (cost=0.00..35.14 rows=1070 width=0)
	        Index Cond: ((id >= 7605186) AND (id <= 7606185))

table 4 : explain SELECT c FROM sbtest4 WHERE id BETWEEN 268602 AND 269601
	Bitmap Heap Scan on sbtest4  (cost=35.64..4229.74 rows=1093 width=121)
	  Recheck Cond: ((id >= 268602) AND (id <= 269601))
	  ->  Bitmap Index Scan on sbtest4_pkey  (cost=0.00..35.37 rows=1093 width=0)
	        Index Cond: ((id >= 268602) AND (id <= 269601))

table 5 : explain SELECT c FROM sbtest5 WHERE id BETWEEN 3207497 AND 3208496
	Bitmap Heap Scan on sbtest5  (cost=31.00..3991.88 rows=1031 width=121)
	  Recheck Cond: ((id >= 3207497) AND (id <= 3208496))
	  ->  Bitmap Index Scan on sbtest5_pkey  (cost=0.00..30.75 rows=1031 width=0)
	        Index Cond: ((id >= 3207497) AND (id <= 3208496))

table 6 : explain SELECT c FROM sbtest6 WHERE id BETWEEN 655194 AND 656193
	Bitmap Heap Scan on sbtest6  (cost=29.99..3617.63 rows=932 width=121)
	  Recheck Cond: ((id >= 655194) AND (id <= 656193))
	  ->  Bitmap Index Scan on sbtest6_pkey  (cost=0.00..29.75 rows=932 width=0)
	        Index Cond: ((id >= 655194) AND (id <= 656193))

table 7 : explain SELECT c FROM sbtest7 WHERE id BETWEEN 9824188 AND 9825187
	Bitmap Heap Scan on sbtest7  (cost=29.67..3500.61 rows=901 width=121)
	  Recheck Cond: ((id >= 9824188) AND (id <= 9825187))
	  ->  Bitmap Index Scan on sbtest7_pkey  (cost=0.00..29.44 rows=901 width=0)
	        Index Cond: ((id >= 9824188) AND (id <= 9825187))

table 8 : explain SELECT c FROM sbtest8 WHERE id BETWEEN 1211978 AND 1212977
	Bitmap Heap Scan on sbtest8  (cost=34.89..3954.40 rows=1020 width=121)
	  Recheck Cond: ((id >= 1211978) AND (id <= 1212977))
	  ->  Bitmap Index Scan on sbtest8_pkey  (cost=0.00..34.64 rows=1020 width=0)
	        Index Cond: ((id >= 1211978) AND (id <= 1212977))

for: distinct_ranges
table 1 : explain SELECT DISTINCT c FROM sbtest1 WHERE id BETWEEN 2484115 AND 2485114 ORDER BY c
	Unique  (cost=3706.06..3710.77 rows=943 width=121)
	  ->  Sort  (cost=3706.06..3708.41 rows=943 width=121)
	        Sort Key: c
	        ->  Bitmap Heap Scan on sbtest1  (cost=30.10..3659.47 rows=943 width=121)
	              Recheck Cond: ((id >= 2484115) AND (id <= 2485114))
	              ->  Bitmap Index Scan on sbtest1_pkey  (cost=0.00..29.86 rows=943 width=0)
	                    Index Cond: ((id >= 2484115) AND (id <= 2485114))

table 2 : explain SELECT DISTINCT c FROM sbtest2 WHERE id BETWEEN 7938490 AND 7939489 ORDER BY c
	Unique  (cost=4070.43..4075.62 rows=1037 width=121)
	  ->  Sort  (cost=4070.43..4073.02 rows=1037 width=121)
	        Sort Key: c
	        ->  Bitmap Heap Scan on sbtest2  (cost=35.06..4018.49 rows=1037 width=121)
	              Recheck Cond: ((id >= 7938490) AND (id <= 7939489))
	              ->  Bitmap Index Scan on sbtest2_pkey  (cost=0.00..34.81 rows=1037 width=0)
	                    Index Cond: ((id >= 7938490) AND (id <= 7939489))

table 3 : explain SELECT DISTINCT c FROM sbtest3 WHERE id BETWEEN 4896688 AND 4897687 ORDER BY c
	Unique  (cost=3882.32..3887.26 rows=989 width=121)
	  ->  Sort  (cost=3882.32..3884.79 rows=989 width=121)
	        Sort Key: c
	        ->  Bitmap Heap Scan on sbtest3  (cost=30.57..3833.12 rows=989 width=121)
	              Recheck Cond: ((id >= 4896688) AND (id <= 4897687))
	              ->  Bitmap Index Scan on sbtest3_pkey  (cost=0.00..30.32 rows=989 width=0)
	                    Index Cond: ((id >= 4896688) AND (id <= 4897687))

table 4 : explain SELECT DISTINCT c FROM sbtest4 WHERE id BETWEEN 1004013 AND 1005012 ORDER BY c
	Unique  (cost=3714.05..3718.78 rows=945 width=121)
	  ->  Sort  (cost=3714.05..3716.42 rows=945 width=121)
	        Sort Key: c
	        ->  Bitmap Heap Scan on sbtest4  (cost=30.12..3667.35 rows=945 width=121)
	              Recheck Cond: ((id >= 1004013) AND (id <= 1005012))
	              ->  Bitmap Index Scan on sbtest4_pkey  (cost=0.00..29.89 rows=945 width=0)
	                    Index Cond: ((id >= 1004013) AND (id <= 1005012))

table 5 : explain SELECT DISTINCT c FROM sbtest5 WHERE id BETWEEN 5079246 AND 5080245 ORDER BY c
	Unique  (cost=3905.59..3910.56 rows=995 width=121)
	  ->  Sort  (cost=3905.59..3908.07 rows=995 width=121)
	        Sort Key: c
	        ->  Bitmap Heap Scan on sbtest5  (cost=30.63..3856.04 rows=995 width=121)
	              Recheck Cond: ((id >= 5079246) AND (id <= 5080245))
	              ->  Bitmap Index Scan on sbtest5_pkey  (cost=0.00..30.39 rows=995 width=0)
	                    Index Cond: ((id >= 5079246) AND (id <= 5080245))

table 6 : explain SELECT DISTINCT c FROM sbtest6 WHERE id BETWEEN 9573576 AND 9574575 ORDER BY c
	Unique  (cost=3978.20..3983.27 rows=1013 width=121)
	  ->  Sort  (cost=3978.20..3980.74 rows=1013 width=121)
	        Sort Key: c
	        ->  Bitmap Heap Scan on sbtest6  (cost=34.82..3927.63 rows=1013 width=121)
	              Recheck Cond: ((id >= 9573576) AND (id <= 9574575))
	              ->  Bitmap Index Scan on sbtest6_pkey  (cost=0.00..34.57 rows=1013 width=0)
	                    Index Cond: ((id >= 9573576) AND (id <= 9574575))

table 7 : explain SELECT DISTINCT c FROM sbtest7 WHERE id BETWEEN 144562 AND 145561 ORDER BY c
	Unique  (cost=4024.37..4029.50 rows=1026 width=121)
	  ->  Sort  (cost=4024.37..4026.93 rows=1026 width=121)
	        Sort Key: c
	        ->  Bitmap Heap Scan on sbtest7  (cost=30.95..3973.05 rows=1026 width=121)
	              Recheck Cond: ((id >= 144562) AND (id <= 145561))
	              ->  Bitmap Index Scan on sbtest7_pkey  (cost=0.00..30.69 rows=1026 width=0)
	                    Index Cond: ((id >= 144562) AND (id <= 145561))

table 8 : explain SELECT DISTINCT c FROM sbtest8 WHERE id BETWEEN 6035826 AND 6036825 ORDER BY c
	Unique  (cost=4097.25..4102.47 rows=1044 width=121)
	  ->  Sort  (cost=4097.25..4099.86 rows=1044 width=121)
	        Sort Key: c
	        ->  Bitmap Heap Scan on sbtest8  (cost=35.14..4044.90 rows=1044 width=121)
	              Recheck Cond: ((id >= 6035826) AND (id <= 6036825))
	              ->  Bitmap Index Scan on sbtest8_pkey  (cost=0.00..34.88 rows=1044 width=0)
	                    Index Cond: ((id >= 6035826) AND (id <= 6036825))

for: simple_ranges
table 1 : explain SELECT c FROM sbtest1 WHERE id BETWEEN 4995678 AND 4996677
	Bitmap Heap Scan on sbtest1  (cost=30.45..3787.98 rows=977 width=121)
	  Recheck Cond: ((id >= 4995678) AND (id <= 4996677))
	  ->  Bitmap Index Scan on sbtest1_pkey  (cost=0.00..30.20 rows=977 width=0)
	        Index Cond: ((id >= 4995678) AND (id <= 4996677))

table 2 : explain SELECT c FROM sbtest2 WHERE id BETWEEN 155973 AND 156972
	Bitmap Heap Scan on sbtest2  (cost=30.73..3890.00 rows=1004 width=121)
	  Recheck Cond: ((id >= 155973) AND (id <= 156972))
	  ->  Bitmap Index Scan on sbtest2_pkey  (cost=0.00..30.47 rows=1004 width=0)
	        Index Cond: ((id >= 155973) AND (id <= 156972))

table 3 : explain SELECT c FROM sbtest3 WHERE id BETWEEN 766116 AND 767115
	Bitmap Heap Scan on sbtest3  (cost=30.03..3632.82 rows=936 width=121)
	  Recheck Cond: ((id >= 766116) AND (id <= 767115))
	  ->  Bitmap Index Scan on sbtest3_pkey  (cost=0.00..29.79 rows=936 width=0)
	        Index Cond: ((id >= 766116) AND (id <= 767115))

table 4 : explain SELECT c FROM sbtest4 WHERE id BETWEEN 6091809 AND 6092808
	Bitmap Heap Scan on sbtest4  (cost=30.81..3920.47 rows=1012 width=121)
	  Recheck Cond: ((id >= 6091809) AND (id <= 6092808))
	  ->  Bitmap Index Scan on sbtest4_pkey  (cost=0.00..30.55 rows=1012 width=0)
	        Index Cond: ((id >= 6091809) AND (id <= 6092808))

table 5 : explain SELECT c FROM sbtest5 WHERE id BETWEEN 9342026 AND 9343025
	Bitmap Heap Scan on sbtest5  (cost=30.78..3908.89 rows=1009 width=121)
	  Recheck Cond: ((id >= 9342026) AND (id <= 9343025))
	  ->  Bitmap Index Scan on sbtest5_pkey  (cost=0.00..30.52 rows=1009 width=0)
	        Index Cond: ((id >= 9342026) AND (id <= 9343025))

table 6 : explain SELECT c FROM sbtest6 WHERE id BETWEEN 6733144 AND 6734143
	Bitmap Heap Scan on sbtest6  (cost=29.63..3485.14 rows=897 width=121)
	  Recheck Cond: ((id >= 6733144) AND (id <= 6734143))
	  ->  Bitmap Index Scan on sbtest6_pkey  (cost=0.00..29.40 rows=897 width=0)
	        Index Cond: ((id >= 6733144) AND (id <= 6734143))

table 7 : explain SELECT c FROM sbtest7 WHERE id BETWEEN 8966487 AND 8967486
	Bitmap Heap Scan on sbtest7  (cost=30.11..3663.36 rows=944 width=121)
	  Recheck Cond: ((id >= 8966487) AND (id <= 8967486))
	  ->  Bitmap Index Scan on sbtest7_pkey  (cost=0.00..29.87 rows=944 width=0)
	        Index Cond: ((id >= 8966487) AND (id <= 8967486))

table 8 : explain SELECT c FROM sbtest8 WHERE id BETWEEN 5518282 AND 5519281
	Bitmap Heap Scan on sbtest8  (cost=36.11..4398.72 rows=1139 width=121)
	  Recheck Cond: ((id >= 5518282) AND (id <= 5519281))
	  ->  Bitmap Index Scan on sbtest8_pkey  (cost=0.00..35.83 rows=1139 width=0)
	        Index Cond: ((id >= 5518282) AND (id <= 5519281))

explain: for point_selects :: explain SELECT c FROM sbtest%u WHERE id=%u
explain: for point_selects :: explain SELECT c FROM sbtest%u WHERE id=%u
for point_selects
table 1 : explain SELECT c FROM sbtest1 WHERE id=4699742
	Index Scan using sbtest1_pkey on sbtest1  (cost=0.43..8.45 rows=1 width=121)
	  Index Cond: (id = 4699742)

table 2 : explain SELECT c FROM sbtest2 WHERE id=3218897
	Index Scan using sbtest2_pkey on sbtest2  (cost=0.43..8.45 rows=1 width=121)
	  Index Cond: (id = 3218897)

table 3 : explain SELECT c FROM sbtest3 WHERE id=3591967
	Index Scan using sbtest3_pkey on sbtest3  (cost=0.43..8.45 rows=1 width=121)
	  Index Cond: (id = 3591967)

table 4 : explain SELECT c FROM sbtest4 WHERE id=8483793
	Index Scan using sbtest4_pkey on sbtest4  (cost=0.43..8.45 rows=1 width=121)
	  Index Cond: (id = 8483793)

table 5 : explain SELECT c FROM sbtest5 WHERE id=8118743
	Index Scan using sbtest5_pkey on sbtest5  (cost=0.43..8.45 rows=1 width=121)
	  Index Cond: (id = 8118743)

table 6 : explain SELECT c FROM sbtest6 WHERE id=7187909
	Index Scan using sbtest6_pkey on sbtest6  (cost=0.43..8.45 rows=1 width=121)
	  Index Cond: (id = 7187909)

table 7 : explain SELECT c FROM sbtest7 WHERE id=7131283
	Index Scan using sbtest7_pkey on sbtest7  (cost=0.43..8.45 rows=1 width=121)
	  Index Cond: (id = 7131283)

table 8 : explain SELECT c FROM sbtest8 WHERE id=2007489
	Index Scan using sbtest8_pkey on sbtest8  (cost=0.43..8.45 rows=1 width=121)
	  Index Cond: (id = 2007489)

explain: for point_selects :: explain SELECT c FROM sbtest%u WHERE id=%u
for: simple_ranges
table 1 : explain SELECT c FROM sbtest1 WHERE id BETWEEN 1551059 AND 1552058
	Bitmap Heap Scan on sbtest1  (cost=35.69..4248.16 rows=1098 width=121)
	  Recheck Cond: ((id >= 1551059) AND (id <= 1552058))
	  ->  Bitmap Index Scan on sbtest1_pkey  (cost=0.00..35.42 rows=1098 width=0)
	        Index Cond: ((id >= 1551059) AND (id <= 1552058))

table 2 : explain SELECT c FROM sbtest2 WHERE id BETWEEN 798509 AND 799508
	Bitmap Heap Scan on sbtest2  (cost=30.85..3935.28 rows=1016 width=121)
	  Recheck Cond: ((id >= 798509) AND (id <= 799508))
	  ->  Bitmap Index Scan on sbtest2_pkey  (cost=0.00..30.59 rows=1016 width=0)
	        Index Cond: ((id >= 798509) AND (id <= 799508))

table 3 : explain SELECT c FROM sbtest3 WHERE id BETWEEN 9968652 AND 9969651
	Bitmap Heap Scan on sbtest3  (cost=35.51..4180.20 rows=1080 width=121)
	  Recheck Cond: ((id >= 9968652) AND (id <= 9969651))
	  ->  Bitmap Index Scan on sbtest3_pkey  (cost=0.00..35.23 rows=1080 width=0)
	        Index Cond: ((id >= 9968652) AND (id <= 9969651))

table 4 : explain SELECT c FROM sbtest4 WHERE id BETWEEN 7145204 AND 7146203
	Bitmap Heap Scan on sbtest4  (cost=30.98..3984.61 rows=1029 width=121)
	  Recheck Cond: ((id >= 7145204) AND (id <= 7146203))
	  ->  Bitmap Index Scan on sbtest4_pkey  (cost=0.00..30.72 rows=1029 width=0)
	        Index Cond: ((id >= 7145204) AND (id <= 7146203))

table 5 : explain SELECT c FROM sbtest5 WHERE id BETWEEN 3479508 AND 3480507
	Bitmap Heap Scan on sbtest5  (cost=30.73..3890.02 rows=1004 width=121)
	  Recheck Cond: ((id >= 3479508) AND (id <= 3480507))
	  ->  Bitmap Index Scan on sbtest5_pkey  (cost=0.00..30.47 rows=1004 width=0)
	        Index Cond: ((id >= 3479508) AND (id <= 3480507))

table 6 : explain SELECT c FROM sbtest6 WHERE id BETWEEN 4393364 AND 4394363
	Bitmap Heap Scan on sbtest6  (cost=35.33..4116.11 rows=1063 width=121)
	  Recheck Cond: ((id >= 4393364) AND (id <= 4394363))
	  ->  Bitmap Index Scan on sbtest6_pkey  (cost=0.00..35.07 rows=1063 width=0)
	        Index Cond: ((id >= 4393364) AND (id <= 4394363))

table 7 : explain SELECT c FROM sbtest7 WHERE id BETWEEN 465575 AND 466574
	Bitmap Heap Scan on sbtest7  (cost=30.74..3893.82 rows=1005 width=121)
	  Recheck Cond: ((id >= 465575) AND (id <= 466574))
	  ->  Bitmap Index Scan on sbtest7_pkey  (cost=0.00..30.48 rows=1005 width=0)
	        Index Cond: ((id >= 465575) AND (id <= 466574))

table 8 : explain SELECT c FROM sbtest8 WHERE id BETWEEN 2158030 AND 2159029
	Bitmap Heap Scan on sbtest8  (cost=35.39..4139.10 rows=1069 width=121)
	  Recheck Cond: ((id >= 2158030) AND (id <= 2159029))
	  ->  Bitmap Index Scan on sbtest8_pkey  (cost=0.00..35.12 rows=1069 width=0)
	        Index Cond: ((id >= 2158030) AND (id <= 2159029))

for: simple_ranges
table 1 : explain SELECT c FROM sbtest1 WHERE id BETWEEN 6203168 AND 6204167
	Bitmap Heap Scan on sbtest1  (cost=35.56..4199.24 rows=1085 width=121)
	  Recheck Cond: ((id >= 6203168) AND (id <= 6204167))
	  ->  Bitmap Index Scan on sbtest1_pkey  (cost=0.00..35.29 rows=1085 width=0)
	        Index Cond: ((id >= 6203168) AND (id <= 6204167))

table 2 : explain SELECT c FROM sbtest2 WHERE id BETWEEN 1503192 AND 1504191
	Bitmap Heap Scan on sbtest2  (cost=30.38..3761.60 rows=970 width=121)
	  Recheck Cond: ((id >= 1503192) AND (id <= 1504191))
	  ->  Bitmap Index Scan on sbtest2_pkey  (cost=0.00..30.14 rows=970 width=0)
	        Index Cond: ((id >= 1503192) AND (id <= 1504191))

table 3 : explain SELECT c FROM sbtest3 WHERE id BETWEEN 2643770 AND 2644769
	Bitmap Heap Scan on sbtest3  (cost=35.22..4074.75 rows=1052 width=121)
	  Recheck Cond: ((id >= 2643770) AND (id <= 2644769))
	  ->  Bitmap Index Scan on sbtest3_pkey  (cost=0.00..34.95 rows=1052 width=0)
	        Index Cond: ((id >= 2643770) AND (id <= 2644769))

table 4 : explain SELECT c FROM sbtest4 WHERE id BETWEEN 4678367 AND 4679366
	Bitmap Heap Scan on sbtest4  (cost=30.00..3621.95 rows=933 width=121)
	  Recheck Cond: ((id >= 4678367) AND (id <= 4679366))
	  ->  Bitmap Index Scan on sbtest4_pkey  (cost=0.00..29.76 rows=933 width=0)
	        Index Cond: ((id >= 4678367) AND (id <= 4679366))

table 5 : explain SELECT c FROM sbtest5 WHERE id BETWEEN 2056648 AND 2057647
	Bitmap Heap Scan on sbtest5  (cost=30.07..3648.20 rows=940 width=121)
	  Recheck Cond: ((id >= 2056648) AND (id <= 2057647))
	  ->  Bitmap Index Scan on sbtest5_pkey  (cost=0.00..29.83 rows=940 width=0)
	        Index Cond: ((id >= 2056648) AND (id <= 2057647))

table 6 : explain SELECT c FROM sbtest6 WHERE id BETWEEN 8628220 AND 8629219
	Bitmap Heap Scan on sbtest6  (cost=35.69..4247.87 rows=1098 width=121)
	  Recheck Cond: ((id >= 8628220) AND (id <= 8629219))
	  ->  Bitmap Index Scan on sbtest6_pkey  (cost=0.00..35.42 rows=1098 width=0)
	        Index Cond: ((id >= 8628220) AND (id <= 8629219))

table 7 : explain SELECT c FROM sbtest7 WHERE id BETWEEN 6578789 AND 6579788
	Bitmap Heap Scan on sbtest7  (cost=35.59..4210.66 rows=1088 width=121)
	  Recheck Cond: ((id >= 6578789) AND (id <= 6579788))
	  ->  Bitmap Index Scan on sbtest7_pkey  (cost=0.00..35.32 rows=1088 width=0)
	        Index Cond: ((id >= 6578789) AND (id <= 6579788))

table 8 : explain SELECT c FROM sbtest8 WHERE id BETWEEN 4242608 AND 4243607
	Bitmap Heap Scan on sbtest8  (cost=30.45..3788.07 rows=977 width=121)
	  Recheck Cond: ((id >= 4242608) AND (id <= 4243607))
	  ->  Bitmap Index Scan on sbtest8_pkey  (cost=0.00..30.20 rows=977 width=0)
	        Index Cond: ((id >= 4242608) AND (id <= 4243607))

explain: for point_selects :: explain SELECT c FROM sbtest%u WHERE id=%u
explain: for point_selects :: explain SELECT c FROM sbtest%u WHERE id=%u
for: sum_ranges
table 1 : explain SELECT SUM(k) FROM sbtest1 WHERE id BETWEEN 94125 AND 95124
	Aggregate  (cost=3786.64..3786.65 rows=1 width=8)
	  ->  Bitmap Heap Scan on sbtest1  (cost=30.44..3784.20 rows=976 width=4)
	        Recheck Cond: ((id >= 94125) AND (id <= 95124))
	        ->  Bitmap Index Scan on sbtest1_pkey  (cost=0.00..30.19 rows=976 width=0)
	              Index Cond: ((id >= 94125) AND (id <= 95124))

table 2 : explain SELECT SUM(k) FROM sbtest2 WHERE id BETWEEN 666436 AND 667435
	Aggregate  (cost=4171.89..4171.90 rows=1 width=8)
	  ->  Bitmap Heap Scan on sbtest2  (cost=35.47..4169.20 rows=1077 width=4)
	        Recheck Cond: ((id >= 666436) AND (id <= 667435))
	        ->  Bitmap Index Scan on sbtest2_pkey  (cost=0.00..35.20 rows=1077 width=0)
	              Index Cond: ((id >= 666436) AND (id <= 667435))

table 3 : explain SELECT SUM(k) FROM sbtest3 WHERE id BETWEEN 1800536 AND 1801535
	Aggregate  (cost=3846.92..3846.93 rows=1 width=8)
	  ->  Bitmap Heap Scan on sbtest3  (cost=30.60..3844.44 rows=992 width=4)
	        Recheck Cond: ((id >= 1800536) AND (id <= 1801535))
	        ->  Bitmap Index Scan on sbtest3_pkey  (cost=0.00..30.36 rows=992 width=0)
	              Index Cond: ((id >= 1800536) AND (id <= 1801535))

table 4 : explain SELECT SUM(k) FROM sbtest4 WHERE id BETWEEN 2611819 AND 2612818
	Aggregate  (cost=3715.12..3715.13 rows=1 width=8)
	  ->  Bitmap Heap Scan on sbtest4  (cost=30.24..3712.73 rows=957 width=4)
	        Recheck Cond: ((id >= 2611819) AND (id <= 2612818))
	        ->  Bitmap Index Scan on sbtest4_pkey  (cost=0.00..30.00 rows=957 width=0)
	              Index Cond: ((id >= 2611819) AND (id <= 2612818))

table 5 : explain SELECT SUM(k) FROM sbtest5 WHERE id BETWEEN 6776859 AND 6777858
	Aggregate  (cost=3964.26..3964.27 rows=1 width=8)
	  ->  Bitmap Heap Scan on sbtest5  (cost=30.92..3961.71 rows=1023 width=4)
	        Recheck Cond: ((id >= 6776859) AND (id <= 6777858))
	        ->  Bitmap Index Scan on sbtest5_pkey  (cost=0.00..30.66 rows=1023 width=0)
	              Index Cond: ((id >= 6776859) AND (id <= 6777858))

table 6 : explain SELECT SUM(k) FROM sbtest6 WHERE id BETWEEN 2125858 AND 2126857
	Aggregate  (cost=3971.68..3971.69 rows=1 width=8)
	  ->  Bitmap Heap Scan on sbtest6  (cost=34.93..3969.12 rows=1024 width=4)
	        Recheck Cond: ((id >= 2125858) AND (id <= 2126857))
	        ->  Bitmap Index Scan on sbtest6_pkey  (cost=0.00..34.68 rows=1024 width=0)
	              Index Cond: ((id >= 2125858) AND (id <= 2126857))

table 7 : explain SELECT SUM(k) FROM sbtest7 WHERE id BETWEEN 6908326 AND 6909325
	Aggregate  (cost=4002.26..4002.27 rows=1 width=8)
	  ->  Bitmap Heap Scan on sbtest7  (cost=35.01..3999.68 rows=1032 width=4)
	        Recheck Cond: ((id >= 6908326) AND (id <= 6909325))
	        ->  Bitmap Index Scan on sbtest7_pkey  (cost=0.00..34.76 rows=1032 width=0)
	              Index Cond: ((id >= 6908326) AND (id <= 6909325))

table 8 : explain SELECT SUM(k) FROM sbtest8 WHERE id BETWEEN 6479022 AND 6480021
	Aggregate  (cost=4017.33..4017.34 rows=1 width=8)
	  ->  Bitmap Heap Scan on sbtest8  (cost=35.05..4014.74 rows=1036 width=4)
	        Recheck Cond: ((id >= 6479022) AND (id <= 6480021))
	        ->  Bitmap Index Scan on sbtest8_pkey  (cost=0.00..34.80 rows=1036 width=0)
	              Index Cond: ((id >= 6479022) AND (id <= 6480021))

for: sum_ranges
table 1 : explain SELECT SUM(k) FROM sbtest1 WHERE id BETWEEN 9463980 AND 9464979
	Aggregate  (cost=4111.28..4111.29 rows=1 width=8)
	  ->  Bitmap Heap Scan on sbtest1  (cost=31.32..4108.63 rows=1062 width=4)
	        Recheck Cond: ((id >= 9463980) AND (id <= 9464979))
	        ->  Bitmap Index Scan on sbtest1_pkey  (cost=0.00..31.05 rows=1062 width=0)
	              Index Cond: ((id >= 9463980) AND (id <= 9464979))

table 2 : explain SELECT SUM(k) FROM sbtest2 WHERE id BETWEEN 2278310 AND 2279309
	Aggregate  (cost=3847.18..3847.19 rows=1 width=8)
	  ->  Bitmap Heap Scan on sbtest2  (cost=30.60..3844.70 rows=992 width=4)
	        Recheck Cond: ((id >= 2278310) AND (id <= 2279309))
	        ->  Bitmap Index Scan on sbtest2_pkey  (cost=0.00..30.36 rows=992 width=0)
	              Index Cond: ((id >= 2278310) AND (id <= 2279309))

table 3 : explain SELECT SUM(k) FROM sbtest3 WHERE id BETWEEN 768865 AND 769864
	Aggregate  (cost=3635.16..3635.17 rows=1 width=8)
	  ->  Bitmap Heap Scan on sbtest3  (cost=30.03..3632.82 rows=936 width=4)
	        Recheck Cond: ((id >= 768865) AND (id <= 769864))
	        ->  Bitmap Index Scan on sbtest3_pkey  (cost=0.00..29.79 rows=936 width=0)
	              Index Cond: ((id >= 768865) AND (id <= 769864))

table 4 : explain SELECT SUM(k) FROM sbtest4 WHERE id BETWEEN 2018617 AND 2019616
	Aggregate  (cost=3586.42..3586.43 rows=1 width=8)
	  ->  Bitmap Heap Scan on sbtest4  (cost=29.90..3584.11 rows=923 width=4)
	        Recheck Cond: ((id >= 2018617) AND (id <= 2019616))
	        ->  Bitmap Index Scan on sbtest4_pkey  (cost=0.00..29.66 rows=923 width=0)
	              Index Cond: ((id >= 2018617) AND (id <= 2019616))

table 5 : explain SELECT SUM(k) FROM sbtest5 WHERE id BETWEEN 6775098 AND 6776097
	Aggregate  (cost=3964.26..3964.27 rows=1 width=8)
	  ->  Bitmap Heap Scan on sbtest5  (cost=30.92..3961.71 rows=1023 width=4)
	        Recheck Cond: ((id >= 6775098) AND (id <= 6776097))
	        ->  Bitmap Index Scan on sbtest5_pkey  (cost=0.00..30.66 rows=1023 width=0)
	              Index Cond: ((id >= 6775098) AND (id <= 6776097))

table 6 : explain SELECT SUM(k) FROM sbtest6 WHERE id BETWEEN 5008076 AND 5009075
	Aggregate  (cost=3699.42..3699.43 rows=1 width=8)
	  ->  Bitmap Heap Scan on sbtest6  (cost=30.20..3697.04 rows=953 width=4)
	        Recheck Cond: ((id >= 5008076) AND (id <= 5009075))
	        ->  Bitmap Index Scan on sbtest6_pkey  (cost=0.00..29.96 rows=953 width=0)
	              Index Cond: ((id >= 5008076) AND (id <= 5009075))

table 7 : explain SELECT SUM(k) FROM sbtest7 WHERE id BETWEEN 6305372 AND 6306371
	Aggregate  (cost=3650.58..3650.59 rows=1 width=8)
	  ->  Bitmap Heap Scan on sbtest7  (cost=30.07..3648.23 rows=940 width=4)
	        Recheck Cond: ((id >= 6305372) AND (id <= 6306371))
	        ->  Bitmap Index Scan on sbtest7_pkey  (cost=0.00..29.83 rows=940 width=0)
	              Index Cond: ((id >= 6305372) AND (id <= 6306371))

table 8 : explain SELECT SUM(k) FROM sbtest8 WHERE id BETWEEN 1841688 AND 1842687
	Aggregate  (cost=3730.02..3730.03 rows=1 width=8)
	  ->  Bitmap Heap Scan on sbtest8  (cost=30.29..3727.61 rows=961 width=4)
	        Recheck Cond: ((id >= 1841688) AND (id <= 1842687))
	        ->  Bitmap Index Scan on sbtest8_pkey  (cost=0.00..30.04 rows=961 width=0)
	              Index Cond: ((id >= 1841688) AND (id <= 1842687))

for point_selects
table 1 : explain SELECT c FROM sbtest1 WHERE id=315037
	Index Scan using sbtest1_pkey on sbtest1  (cost=0.43..8.45 rows=1 width=121)
	  Index Cond: (id = 315037)

table 2 : explain SELECT c FROM sbtest2 WHERE id=4099726
	Index Scan using sbtest2_pkey on sbtest2  (cost=0.43..8.45 rows=1 width=121)
	  Index Cond: (id = 4099726)

table 3 : explain SELECT c FROM sbtest3 WHERE id=1945423
	Index Scan using sbtest3_pkey on sbtest3  (cost=0.43..8.45 rows=1 width=121)
	  Index Cond: (id = 1945423)

table 4 : explain SELECT c FROM sbtest4 WHERE id=2850633
	Index Scan using sbtest4_pkey on sbtest4  (cost=0.43..8.45 rows=1 width=121)
	  Index Cond: (id = 2850633)

table 5 : explain SELECT c FROM sbtest5 WHERE id=3570826
	Index Scan using sbtest5_pkey on sbtest5  (cost=0.43..8.45 rows=1 width=121)
	  Index Cond: (id = 3570826)

table 6 : explain SELECT c FROM sbtest6 WHERE id=3179880
	Index Scan using sbtest6_pkey on sbtest6  (cost=0.43..8.45 rows=1 width=121)
	  Index Cond: (id = 3179880)

table 7 : explain SELECT c FROM sbtest7 WHERE id=8502724
	Index Scan using sbtest7_pkey on sbtest7  (cost=0.43..8.45 rows=1 width=121)
	  Index Cond: (id = 8502724)

table 8 : explain SELECT c FROM sbtest8 WHERE id=4040833
	Index Scan using sbtest8_pkey on sbtest8  (cost=0.43..8.45 rows=1 width=121)
	  Index Cond: (id = 4040833)

for: sum_ranges
table 1 : explain SELECT SUM(k) FROM sbtest1 WHERE id BETWEEN 7181680 AND 7182679
	Aggregate  (cost=3884.89..3884.90 rows=1 width=8)
	  ->  Bitmap Heap Scan on sbtest1  (cost=30.71..3882.38 rows=1002 width=4)
	        Recheck Cond: ((id >= 7181680) AND (id <= 7182679))
	        ->  Bitmap Index Scan on sbtest1_pkey  (cost=0.00..30.45 rows=1002 width=0)
	              Index Cond: ((id >= 7181680) AND (id <= 7182679))

table 2 : explain SELECT SUM(k) FROM sbtest2 WHERE id BETWEEN 705265 AND 706264
	Aggregate  (cost=4036.17..4036.18 rows=1 width=8)
	  ->  Bitmap Heap Scan on sbtest2  (cost=35.11..4033.57 rows=1041 width=4)
	        Recheck Cond: ((id >= 705265) AND (id <= 706264))
	        ->  Bitmap Index Scan on sbtest2_pkey  (cost=0.00..34.84 rows=1041 width=0)
	              Index Cond: ((id >= 705265) AND (id <= 706264))

table 3 : explain SELECT SUM(k) FROM sbtest3 WHERE id BETWEEN 455726 AND 456725
	Aggregate  (cost=3990.40..3990.41 rows=1 width=8)
	  ->  Bitmap Heap Scan on sbtest3  (cost=30.99..3987.82 rows=1030 width=4)
	        Recheck Cond: ((id >= 455726) AND (id <= 456725))
	        ->  Bitmap Index Scan on sbtest3_pkey  (cost=0.00..30.73 rows=1030 width=0)
	              Index Cond: ((id >= 455726) AND (id <= 456725))

table 4 : explain SELECT SUM(k) FROM sbtest4 WHERE id BETWEEN 6591202 AND 6592201
	Aggregate  (cost=3722.69..3722.70 rows=1 width=8)
	  ->  Bitmap Heap Scan on sbtest4  (cost=30.26..3720.29 rows=959 width=4)
	        Recheck Cond: ((id >= 6591202) AND (id <= 6592201))
	        ->  Bitmap Index Scan on sbtest4_pkey  (cost=0.00..30.02 rows=959 width=0)
	              Index Cond: ((id >= 6591202) AND (id <= 6592201))

table 5 : explain SELECT SUM(k) FROM sbtest5 WHERE id BETWEEN 6505140 AND 6506139
	Aggregate  (cost=4183.21..4183.22 rows=1 width=8)
	  ->  Bitmap Heap Scan on sbtest5  (cost=35.51..4180.51 rows=1080 width=4)
	        Recheck Cond: ((id >= 6505140) AND (id <= 6506139))
	        ->  Bitmap Index Scan on sbtest5_pkey  (cost=0.00..35.23 rows=1080 width=0)
	              Index Cond: ((id >= 6505140) AND (id <= 6506139))

table 6 : explain SELECT SUM(k) FROM sbtest6 WHERE id BETWEEN 7670329 AND 7671328
	Aggregate  (cost=4246.85..4246.86 rows=1 width=8)
	  ->  Bitmap Heap Scan on sbtest6  (cost=35.68..4244.10 rows=1097 width=4)
	        Recheck Cond: ((id >= 7670329) AND (id <= 7671328))
	        ->  Bitmap Index Scan on sbtest6_pkey  (cost=0.00..35.41 rows=1097 width=0)
	              Index Cond: ((id >= 7670329) AND (id <= 7671328))

table 7 : explain SELECT SUM(k) FROM sbtest7 WHERE id BETWEEN 4231617 AND 4232616
	Aggregate  (cost=4085.25..4085.26 rows=1 width=8)
	  ->  Bitmap Heap Scan on sbtest7  (cost=35.24..4082.61 rows=1054 width=4)
	        Recheck Cond: ((id >= 4231617) AND (id <= 4232616))
	        ->  Bitmap Index Scan on sbtest7_pkey  (cost=0.00..34.98 rows=1054 width=0)
	              Index Cond: ((id >= 4231617) AND (id <= 4232616))

table 8 : explain SELECT SUM(k) FROM sbtest8 WHERE id BETWEEN 5644761 AND 5645760
	Aggregate  (cost=3684.62..3684.63 rows=1 width=8)
	  ->  Bitmap Heap Scan on sbtest8  (cost=30.16..3682.25 rows=949 width=4)
	        Recheck Cond: ((id >= 5644761) AND (id <= 5645760))
	        ->  Bitmap Index Scan on sbtest8_pkey  (cost=0.00..29.93 rows=949 width=0)
	              Index Cond: ((id >= 5644761) AND (id <= 5645760))

for point_selects
table 1 : explain SELECT c FROM sbtest1 WHERE id=5457847
	Index Scan using sbtest1_pkey on sbtest1  (cost=0.43..8.45 rows=1 width=121)
	  Index Cond: (id = 5457847)

table 2 : explain SELECT c FROM sbtest2 WHERE id=2433639
	Index Scan using sbtest2_pkey on sbtest2  (cost=0.43..8.45 rows=1 width=121)
	  Index Cond: (id = 2433639)

table 3 : explain SELECT c FROM sbtest3 WHERE id=246908
	Index Scan using sbtest3_pkey on sbtest3  (cost=0.43..8.45 rows=1 width=121)
	  Index Cond: (id = 246908)

table 4 : explain SELECT c FROM sbtest4 WHERE id=187973
	Index Scan using sbtest4_pkey on sbtest4  (cost=0.43..8.45 rows=1 width=121)
	  Index Cond: (id = 187973)

table 5 : explain SELECT c FROM sbtest5 WHERE id=5536948
	Index Scan using sbtest5_pkey on sbtest5  (cost=0.43..8.45 rows=1 width=121)
	  Index Cond: (id = 5536948)

table 6 : explain SELECT c FROM sbtest6 WHERE id=6016462
	Index Scan using sbtest6_pkey on sbtest6  (cost=0.43..8.45 rows=1 width=121)
	  Index Cond: (id = 6016462)

table 7 : explain SELECT c FROM sbtest7 WHERE id=6483423
	Index Scan using sbtest7_pkey on sbtest7  (cost=0.43..8.45 rows=1 width=121)
	  Index Cond: (id = 6483423)

table 8 : explain SELECT c FROM sbtest8 WHERE id=2002664
	Index Scan using sbtest8_pkey on sbtest8  (cost=0.43..8.45 rows=1 width=121)
	  Index Cond: (id = 2002664)

for: sum_ranges
table 1 : explain SELECT SUM(k) FROM sbtest1 WHERE id BETWEEN 4650611 AND 4651610
	Aggregate  (cost=3847.11..3847.12 rows=1 width=8)
	  ->  Bitmap Heap Scan on sbtest1  (cost=30.60..3844.63 rows=992 width=4)
	        Recheck Cond: ((id >= 4650611) AND (id <= 4651610))
	        ->  Bitmap Index Scan on sbtest1_pkey  (cost=0.00..30.36 rows=992 width=0)
	              Index Cond: ((id >= 4650611) AND (id <= 4651610))

table 2 : explain SELECT SUM(k) FROM sbtest2 WHERE id BETWEEN 6876648 AND 6877647
	Aggregate  (cost=3828.29..3828.30 rows=1 width=8)
	  ->  Bitmap Heap Scan on sbtest2  (cost=30.55..3825.82 rows=987 width=4)
	        Recheck Cond: ((id >= 6876648) AND (id <= 6877647))
	        ->  Bitmap Index Scan on sbtest2_pkey  (cost=0.00..30.30 rows=987 width=0)
	              Index Cond: ((id >= 6876648) AND (id <= 6877647))

table 3 : explain SELECT SUM(k) FROM sbtest3 WHERE id BETWEEN 8836372 AND 8837371
	Aggregate  (cost=3650.30..3650.31 rows=1 width=8)
	  ->  Bitmap Heap Scan on sbtest3  (cost=30.07..3647.95 rows=940 width=4)
	        Recheck Cond: ((id >= 8836372) AND (id <= 8837371))
	        ->  Bitmap Index Scan on sbtest3_pkey  (cost=0.00..29.83 rows=940 width=0)
	              Index Cond: ((id >= 8836372) AND (id <= 8837371))

table 4 : explain SELECT SUM(k) FROM sbtest4 WHERE id BETWEEN 1455326 AND 1456325
	Aggregate  (cost=4130.74..4130.75 rows=1 width=8)
	  ->  Bitmap Heap Scan on sbtest4  (cost=35.36..4128.08 rows=1066 width=4)
	        Recheck Cond: ((id >= 1455326) AND (id <= 1456325))
	        ->  Bitmap Index Scan on sbtest4_pkey  (cost=0.00..35.09 rows=1066 width=0)
	              Index Cond: ((id >= 1455326) AND (id <= 1456325))

table 5 : explain SELECT SUM(k) FROM sbtest5 WHERE id BETWEEN 9098403 AND 9099402
	Aggregate  (cost=3752.70..3752.71 rows=1 width=8)
	  ->  Bitmap Heap Scan on sbtest5  (cost=30.35..3750.28 rows=967 width=4)
	        Recheck Cond: ((id >= 9098403) AND (id <= 9099402))
	        ->  Bitmap Index Scan on sbtest5_pkey  (cost=0.00..30.11 rows=967 width=0)
	              Index Cond: ((id >= 9098403) AND (id <= 9099402))

table 6 : explain SELECT SUM(k) FROM sbtest6 WHERE id BETWEEN 2923020 AND 2924019
	Aggregate  (cost=4133.85..4133.86 rows=1 width=8)
	  ->  Bitmap Heap Scan on sbtest6  (cost=35.37..4131.18 rows=1067 width=4)
	        Recheck Cond: ((id >= 2923020) AND (id <= 2924019))
	        ->  Bitmap Index Scan on sbtest6_pkey  (cost=0.00..35.11 rows=1067 width=0)
	              Index Cond: ((id >= 2923020) AND (id <= 2924019))

table 7 : explain SELECT SUM(k) FROM sbtest7 WHERE id BETWEEN 2107286 AND 2108285
	Aggregate  (cost=3858.56..3858.57 rows=1 width=8)
	  ->  Bitmap Heap Scan on sbtest7  (cost=30.63..3856.07 rows=995 width=4)
	        Recheck Cond: ((id >= 2107286) AND (id <= 2108285))
	        ->  Bitmap Index Scan on sbtest7_pkey  (cost=0.00..30.39 rows=995 width=0)
	              Index Cond: ((id >= 2107286) AND (id <= 2108285))

table 8 : explain SELECT SUM(k) FROM sbtest8 WHERE id BETWEEN 8530483 AND 8531482
	Aggregate  (cost=4149.31..4149.32 rows=1 width=8)
	  ->  Bitmap Heap Scan on sbtest8  (cost=35.41..4146.63 rows=1071 width=4)
	        Recheck Cond: ((id >= 8530483) AND (id <= 8531482))
	        ->  Bitmap Index Scan on sbtest8_pkey  (cost=0.00..35.15 rows=1071 width=0)
	              Index Cond: ((id >= 8530483) AND (id <= 8531482))

explain: for point_selects :: explain SELECT c FROM sbtest%u WHERE id=%u
explain: for point_selects :: explain SELECT c FROM sbtest%u WHERE id=%u
for: order_ranges
table 1 : explain SELECT c FROM sbtest1 WHERE id BETWEEN 6990399 AND 6991398 ORDER BY c
	Sort  (cost=4047.22..4049.80 rows=1032 width=121)
	  Sort Key: c
	  ->  Bitmap Heap Scan on sbtest1  (cost=31.01..3995.56 rows=1032 width=121)
	        Recheck Cond: ((id >= 6990399) AND (id <= 6991398))
	        ->  Bitmap Index Scan on sbtest1_pkey  (cost=0.00..30.75 rows=1032 width=0)
	              Index Cond: ((id >= 6990399) AND (id <= 6991398))

table 2 : explain SELECT c FROM sbtest2 WHERE id BETWEEN 7014024 AND 7015023 ORDER BY c
	Sort  (cost=4089.57..4092.17 rows=1042 width=121)
	  Sort Key: c
	  ->  Bitmap Heap Scan on sbtest2  (cost=35.12..4037.34 rows=1042 width=121)
	        Recheck Cond: ((id >= 7014024) AND (id <= 7015023))
	        ->  Bitmap Index Scan on sbtest2_pkey  (cost=0.00..34.86 rows=1042 width=0)
	              Index Cond: ((id >= 7014024) AND (id <= 7015023))

table 3 : explain SELECT c FROM sbtest3 WHERE id BETWEEN 3370719 AND 3371718 ORDER BY c
	Sort  (cost=3886.15..3888.63 rows=990 width=121)
	  Sort Key: c
	  ->  Bitmap Heap Scan on sbtest3  (cost=30.58..3836.89 rows=990 width=121)
	        Recheck Cond: ((id >= 3370719) AND (id <= 3371718))
	        ->  Bitmap Index Scan on sbtest3_pkey  (cost=0.00..30.33 rows=990 width=0)
	              Index Cond: ((id >= 3370719) AND (id <= 3371718))

table 4 : explain SELECT c FROM sbtest4 WHERE id BETWEEN 8718425 AND 8719424 ORDER BY c
	Sort  (cost=4043.75..4046.33 rows=1031 width=121)
	  Sort Key: c
	  ->  Bitmap Heap Scan on sbtest4  (cost=31.00..3992.15 rows=1031 width=121)
	        Recheck Cond: ((id >= 8718425) AND (id <= 8719424))
	        ->  Bitmap Index Scan on sbtest4_pkey  (cost=0.00..30.75 rows=1031 width=0)
	              Index Cond: ((id >= 8718425) AND (id <= 8719424))

table 5 : explain SELECT c FROM sbtest5 WHERE id BETWEEN 7425323 AND 7426322 ORDER BY c
	Sort  (cost=3894.09..3896.57 rows=992 width=121)
	  Sort Key: c
	  ->  Bitmap Heap Scan on sbtest5  (cost=30.60..3844.72 rows=992 width=121)
	        Recheck Cond: ((id >= 7425323) AND (id <= 7426322))
	        ->  Bitmap Index Scan on sbtest5_pkey  (cost=0.00..30.36 rows=992 width=0)
	              Index Cond: ((id >= 7425323) AND (id <= 7426322))

table 6 : explain SELECT c FROM sbtest6 WHERE id BETWEEN 1169997 AND 1170996 ORDER BY c
	Sort  (cost=3751.87..3754.26 rows=955 width=121)
	  Sort Key: c
	  ->  Bitmap Heap Scan on sbtest6  (cost=30.22..3704.60 rows=955 width=121)
	        Recheck Cond: ((id >= 1169997) AND (id <= 1170996))
	        ->  Bitmap Index Scan on sbtest6_pkey  (cost=0.00..29.98 rows=955 width=0)
	              Index Cond: ((id >= 1169997) AND (id <= 1170996))

table 7 : explain SELECT c FROM sbtest7 WHERE id BETWEEN 2147213 AND 2148212 ORDER BY c
	Sort  (cost=3905.62..3908.10 rows=995 width=121)
	  Sort Key: c
	  ->  Bitmap Heap Scan on sbtest7  (cost=30.63..3856.07 rows=995 width=121)
	        Recheck Cond: ((id >= 2147213) AND (id <= 2148212))
	        ->  Bitmap Index Scan on sbtest7_pkey  (cost=0.00..30.39 rows=995 width=0)
	              Index Cond: ((id >= 2147213) AND (id <= 2148212))

table 8 : explain SELECT c FROM sbtest8 WHERE id BETWEEN 5161289 AND 5162288 ORDER BY c
	Sort  (cost=3637.03..3639.34 rows=925 width=121)
	  Sort Key: c
	  ->  Bitmap Heap Scan on sbtest8  (cost=29.92..3591.46 rows=925 width=121)
	        Recheck Cond: ((id >= 5161289) AND (id <= 5162288))
	        ->  Bitmap Index Scan on sbtest8_pkey  (cost=0.00..29.68 rows=925 width=0)
	              Index Cond: ((id >= 5161289) AND (id <= 5162288))

for: order_ranges
table 1 : explain SELECT c FROM sbtest1 WHERE id BETWEEN 7494087 AND 7495086 ORDER BY c
	Sort  (cost=4028.08..4030.64 rows=1027 width=121)
	  Sort Key: c
	  ->  Bitmap Heap Scan on sbtest1  (cost=30.96..3976.70 rows=1027 width=121)
	        Recheck Cond: ((id >= 7494087) AND (id <= 7495086))
	        ->  Bitmap Index Scan on sbtest1_pkey  (cost=0.00..30.70 rows=1027 width=0)
	              Index Cond: ((id >= 7494087) AND (id <= 7495086))

table 2 : explain SELECT c FROM sbtest2 WHERE id BETWEEN 8043559 AND 8044558 ORDER BY c
	Sort  (cost=4414.44..4417.26 rows=1127 width=121)
	  Sort Key: c
	  ->  Bitmap Heap Scan on sbtest2  (cost=35.99..4357.32 rows=1127 width=121)
	        Recheck Cond: ((id >= 8043559) AND (id <= 8044558))
	        ->  Bitmap Index Scan on sbtest2_pkey  (cost=0.00..35.70 rows=1127 width=0)
	              Index Cond: ((id >= 8043559) AND (id <= 8044558))

table 3 : explain SELECT c FROM sbtest3 WHERE id BETWEEN 4229917 AND 4230916 ORDER BY c
	Sort  (cost=3759.61..3762.00 rows=957 width=121)
	  Sort Key: c
	  ->  Bitmap Heap Scan on sbtest3  (cost=30.24..3712.23 rows=957 width=121)
	        Recheck Cond: ((id >= 4229917) AND (id <= 4230916))
	        ->  Bitmap Index Scan on sbtest3_pkey  (cost=0.00..30.00 rows=957 width=0)
	              Index Cond: ((id >= 4229917) AND (id <= 4230916))

table 4 : explain SELECT c FROM sbtest4 WHERE id BETWEEN 6915959 AND 6916958 ORDER BY c
	Sort  (cost=4020.78..4023.34 rows=1025 width=121)
	  Sort Key: c
	  ->  Bitmap Heap Scan on sbtest4  (cost=30.94..3969.52 rows=1025 width=121)
	        Recheck Cond: ((id >= 6915959) AND (id <= 6916958))
	        ->  Bitmap Index Scan on sbtest4_pkey  (cost=0.00..30.68 rows=1025 width=0)
	              Index Cond: ((id >= 6915959) AND (id <= 6916958))

table 5 : explain SELECT c FROM sbtest5 WHERE id BETWEEN 3657719 AND 3658718 ORDER BY c
	Sort  (cost=3871.09..3873.55 rows=986 width=121)
	  Sort Key: c
	  ->  Bitmap Heap Scan on sbtest5  (cost=30.54..3822.06 rows=986 width=121)
	        Recheck Cond: ((id >= 3657719) AND (id <= 3658718))
	        ->  Bitmap Index Scan on sbtest5_pkey  (cost=0.00..30.29 rows=986 width=0)
	              Index Cond: ((id >= 3657719) AND (id <= 3658718))

table 6 : explain SELECT c FROM sbtest6 WHERE id BETWEEN 7413559 AND 7414558 ORDER BY c
	Sort  (cost=3851.59..3854.04 rows=981 width=121)
	  Sort Key: c
	  ->  Bitmap Heap Scan on sbtest6  (cost=30.49..3802.84 rows=981 width=121)
	        Recheck Cond: ((id >= 7413559) AND (id <= 7414558))
	        ->  Bitmap Index Scan on sbtest6_pkey  (cost=0.00..30.25 rows=981 width=0)
	              Index Cond: ((id >= 7413559) AND (id <= 7414558))

table 7 : explain SELECT c FROM sbtest7 WHERE id BETWEEN 9473048 AND 9474047 ORDER BY c
	Sort  (cost=3594.79..3597.07 rows=914 width=121)
	  Sort Key: c
	  ->  Bitmap Heap Scan on sbtest7  (cost=29.80..3549.84 rows=914 width=121)
	        Recheck Cond: ((id >= 9473048) AND (id <= 9474047))
	        ->  Bitmap Index Scan on sbtest7_pkey  (cost=0.00..29.57 rows=914 width=0)
	              Index Cond: ((id >= 9473048) AND (id <= 9474047))

table 8 : explain SELECT c FROM sbtest8 WHERE id BETWEEN 4617394 AND 4618393 ORDER BY c
	Sort  (cost=3809.75..3812.17 rows=970 width=121)
	  Sort Key: c
	  ->  Bitmap Heap Scan on sbtest8  (cost=30.38..3761.63 rows=970 width=121)
	        Recheck Cond: ((id >= 4617394) AND (id <= 4618393))
	        ->  Bitmap Index Scan on sbtest8_pkey  (cost=0.00..30.14 rows=970 width=0)
	              Index Cond: ((id >= 4617394) AND (id <= 4618393))

for point_selects
table 1 : explain SELECT c FROM sbtest1 WHERE id=6014053
	Index Scan using sbtest1_pkey on sbtest1  (cost=0.43..8.45 rows=1 width=121)
	  Index Cond: (id = 6014053)

table 2 : explain SELECT c FROM sbtest2 WHERE id=5600824
	Index Scan using sbtest2_pkey on sbtest2  (cost=0.43..8.45 rows=1 width=121)
	  Index Cond: (id = 5600824)

table 3 : explain SELECT c FROM sbtest3 WHERE id=7781761
	Index Scan using sbtest3_pkey on sbtest3  (cost=0.43..8.45 rows=1 width=121)
	  Index Cond: (id = 7781761)

table 4 : explain SELECT c FROM sbtest4 WHERE id=514626
	Index Scan using sbtest4_pkey on sbtest4  (cost=0.43..8.45 rows=1 width=121)
	  Index Cond: (id = 514626)

table 5 : explain SELECT c FROM sbtest5 WHERE id=6800709
	Index Scan using sbtest5_pkey on sbtest5  (cost=0.43..8.45 rows=1 width=121)
	  Index Cond: (id = 6800709)

table 6 : explain SELECT c FROM sbtest6 WHERE id=900320
	Index Scan using sbtest6_pkey on sbtest6  (cost=0.43..8.45 rows=1 width=121)
	  Index Cond: (id = 900320)

table 7 : explain SELECT c FROM sbtest7 WHERE id=1902951
	Index Scan using sbtest7_pkey on sbtest7  (cost=0.43..8.45 rows=1 width=121)
	  Index Cond: (id = 1902951)

table 8 : explain SELECT c FROM sbtest8 WHERE id=2132532
	Index Scan using sbtest8_pkey on sbtest8  (cost=0.43..8.45 rows=1 width=121)
	  Index Cond: (id = 2132532)

for: simple_ranges
table 1 : explain SELECT c FROM sbtest1 WHERE id BETWEEN 2331619 AND 2332618
	Bitmap Heap Scan on sbtest1  (cost=30.74..3893.70 rows=1005 width=121)
	  Recheck Cond: ((id >= 2331619) AND (id <= 2332618))
	  ->  Bitmap Index Scan on sbtest1_pkey  (cost=0.00..30.48 rows=1005 width=0)
	        Index Cond: ((id >= 2331619) AND (id <= 2332618))

table 2 : explain SELECT c FROM sbtest2 WHERE id BETWEEN 3901233 AND 3902232
	Bitmap Heap Scan on sbtest2  (cost=30.63..3856.03 rows=995 width=121)
	  Recheck Cond: ((id >= 3901233) AND (id <= 3902232))
	  ->  Bitmap Index Scan on sbtest2_pkey  (cost=0.00..30.39 rows=995 width=0)
	        Index Cond: ((id >= 3901233) AND (id <= 3902232))

table 3 : explain SELECT c FROM sbtest3 WHERE id BETWEEN 628337 AND 629336
	Bitmap Heap Scan on sbtest3  (cost=30.15..3678.20 rows=948 width=121)
	  Recheck Cond: ((id >= 628337) AND (id <= 629336))
	  ->  Bitmap Index Scan on sbtest3_pkey  (cost=0.00..29.91 rows=948 width=0)
	        Index Cond: ((id >= 628337) AND (id <= 629336))

table 4 : explain SELECT c FROM sbtest4 WHERE id BETWEEN 31886 AND 32885
	Bitmap Heap Scan on sbtest4  (cost=30.82..3924.25 rows=1013 width=121)
	  Recheck Cond: ((id >= 31886) AND (id <= 32885))
	  ->  Bitmap Index Scan on sbtest4_pkey  (cost=0.00..30.57 rows=1013 width=0)
	        Index Cond: ((id >= 31886) AND (id <= 32885))

table 5 : explain SELECT c FROM sbtest5 WHERE id BETWEEN 4672167 AND 4673166
	Bitmap Heap Scan on sbtest5  (cost=30.41..3772.95 rows=973 width=121)
	  Recheck Cond: ((id >= 4672167) AND (id <= 4673166))
	  ->  Bitmap Index Scan on sbtest5_pkey  (cost=0.00..30.16 rows=973 width=0)
	        Index Cond: ((id >= 4672167) AND (id <= 4673166))

table 6 : explain SELECT c FROM sbtest6 WHERE id BETWEEN 6486412 AND 6487411
	Bitmap Heap Scan on sbtest6  (cost=30.30..3731.06 rows=962 width=121)
	  Recheck Cond: ((id >= 6486412) AND (id <= 6487411))
	  ->  Bitmap Index Scan on sbtest6_pkey  (cost=0.00..30.05 rows=962 width=0)
	        Index Cond: ((id >= 6486412) AND (id <= 6487411))

table 7 : explain SELECT c FROM sbtest7 WHERE id BETWEEN 5379965 AND 5380964
	Bitmap Heap Scan on sbtest7  (cost=30.41..3772.98 rows=973 width=121)
	  Recheck Cond: ((id >= 5379965) AND (id <= 5380964))
	  ->  Bitmap Index Scan on sbtest7_pkey  (cost=0.00..30.16 rows=973 width=0)
	        Index Cond: ((id >= 5379965) AND (id <= 5380964))

table 8 : explain SELECT c FROM sbtest8 WHERE id BETWEEN 8670227 AND 8671226
	Bitmap Heap Scan on sbtest8  (cost=30.72..3886.25 rows=1003 width=121)
	  Recheck Cond: ((id >= 8670227) AND (id <= 8671226))
	  ->  Bitmap Index Scan on sbtest8_pkey  (cost=0.00..30.46 rows=1003 width=0)
	        Index Cond: ((id >= 8670227) AND (id <= 8671226))

for point_selects
table 1 : explain SELECT c FROM sbtest1 WHERE id=1155016
	Index Scan using sbtest1_pkey on sbtest1  (cost=0.43..8.45 rows=1 width=121)
	  Index Cond: (id = 1155016)

table 2 : explain SELECT c FROM sbtest2 WHERE id=2924213
	Index Scan using sbtest2_pkey on sbtest2  (cost=0.43..8.45 rows=1 width=121)
	  Index Cond: (id = 2924213)

table 3 : explain SELECT c FROM sbtest3 WHERE id=9825782
	Index Scan using sbtest3_pkey on sbtest3  (cost=0.43..8.45 rows=1 width=121)
	  Index Cond: (id = 9825782)

table 4 : explain SELECT c FROM sbtest4 WHERE id=9243473
	Index Scan using sbtest4_pkey on sbtest4  (cost=0.43..8.45 rows=1 width=121)
	  Index Cond: (id = 9243473)

table 5 : explain SELECT c FROM sbtest5 WHERE id=2023074
	Index Scan using sbtest5_pkey on sbtest5  (cost=0.43..8.45 rows=1 width=121)
	  Index Cond: (id = 2023074)

table 6 : explain SELECT c FROM sbtest6 WHERE id=9193249
	Index Scan using sbtest6_pkey on sbtest6  (cost=0.43..8.45 rows=1 width=121)
	  Index Cond: (id = 9193249)

table 7 : explain SELECT c FROM sbtest7 WHERE id=736401
	Index Scan using sbtest7_pkey on sbtest7  (cost=0.43..8.45 rows=1 width=121)
	  Index Cond: (id = 736401)

table 8 : explain SELECT c FROM sbtest8 WHERE id=7445491
	Index Scan using sbtest8_pkey on sbtest8  (cost=0.43..8.45 rows=1 width=121)
	  Index Cond: (id = 7445491)

explain: for point_selects :: explain SELECT c FROM sbtest%u WHERE id=%u
for: simple_ranges
table 1 : explain SELECT c FROM sbtest1 WHERE id BETWEEN 3506582 AND 3507581
	Bitmap Heap Scan on sbtest1  (cost=31.19..4059.64 rows=1049 width=121)
	  Recheck Cond: ((id >= 3506582) AND (id <= 3507581))
	  ->  Bitmap Index Scan on sbtest1_pkey  (cost=0.00..30.93 rows=1049 width=0)
	        Index Cond: ((id >= 3506582) AND (id <= 3507581))

table 2 : explain SELECT c FROM sbtest2 WHERE id BETWEEN 9415456 AND 9416455
	Bitmap Heap Scan on sbtest2  (cost=30.53..3818.27 rows=985 width=121)
	  Recheck Cond: ((id >= 9415456) AND (id <= 9416455))
	  ->  Bitmap Index Scan on sbtest2_pkey  (cost=0.00..30.29 rows=985 width=0)
	        Index Cond: ((id >= 9415456) AND (id <= 9416455))

table 3 : explain SELECT c FROM sbtest3 WHERE id BETWEEN 4495739 AND 4496738
	Bitmap Heap Scan on sbtest3  (cost=30.63..3855.77 rows=995 width=121)
	  Recheck Cond: ((id >= 4495739) AND (id <= 4496738))
	  ->  Bitmap Index Scan on sbtest3_pkey  (cost=0.00..30.39 rows=995 width=0)
	        Index Cond: ((id >= 4495739) AND (id <= 4496738))

table 4 : explain SELECT c FROM sbtest4 WHERE id BETWEEN 7944312 AND 7945311
	Bitmap Heap Scan on sbtest4  (cost=35.47..4169.51 rows=1077 width=121)
	  Recheck Cond: ((id >= 7944312) AND (id <= 7945311))
	  ->  Bitmap Index Scan on sbtest4_pkey  (cost=0.00..35.20 rows=1077 width=0)
	        Index Cond: ((id >= 7944312) AND (id <= 7945311))

table 5 : explain SELECT c FROM sbtest5 WHERE id BETWEEN 7443489 AND 7444488
	Bitmap Heap Scan on sbtest5  (cost=30.60..3844.72 rows=992 width=121)
	  Recheck Cond: ((id >= 7443489) AND (id <= 7444488))
	  ->  Bitmap Index Scan on sbtest5_pkey  (cost=0.00..30.36 rows=992 width=0)
	        Index Cond: ((id >= 7443489) AND (id <= 7444488))

table 6 : explain SELECT c FROM sbtest6 WHERE id BETWEEN 6698987 AND 6699986
	Bitmap Heap Scan on sbtest6  (cost=29.63..3485.14 rows=897 width=121)
	  Recheck Cond: ((id >= 6698987) AND (id <= 6699986))
	  ->  Bitmap Index Scan on sbtest6_pkey  (cost=0.00..29.40 rows=897 width=0)
	        Index Cond: ((id >= 6698987) AND (id <= 6699986))

table 7 : explain SELECT c FROM sbtest7 WHERE id BETWEEN 2615566 AND 2616565
	Bitmap Heap Scan on sbtest7  (cost=35.06..4018.54 rows=1037 width=121)
	  Recheck Cond: ((id >= 2615566) AND (id <= 2616565))
	  ->  Bitmap Index Scan on sbtest7_pkey  (cost=0.00..34.81 rows=1037 width=0)
	        Index Cond: ((id >= 2615566) AND (id <= 2616565))

table 8 : explain SELECT c FROM sbtest8 WHERE id BETWEEN 4397231 AND 4398230
	Bitmap Heap Scan on sbtest8  (cost=30.88..3946.63 rows=1019 width=121)
	  Recheck Cond: ((id >= 4397231) AND (id <= 4398230))
	  ->  Bitmap Index Scan on sbtest8_pkey  (cost=0.00..30.62 rows=1019 width=0)
	        Index Cond: ((id >= 4397231) AND (id <= 4398230))

for: sum_ranges
table 1 : explain SELECT SUM(k) FROM sbtest1 WHERE id BETWEEN 1657626 AND 1658625
	Aggregate  (cost=4209.48..4209.49 rows=1 width=8)
	  ->  Bitmap Heap Scan on sbtest1  (cost=35.58..4206.76 rows=1087 width=4)
	        Recheck Cond: ((id >= 1657626) AND (id <= 1658625))
	        ->  Bitmap Index Scan on sbtest1_pkey  (cost=0.00..35.31 rows=1087 width=0)
	              Index Cond: ((id >= 1657626) AND (id <= 1658625))

table 2 : explain SELECT SUM(k) FROM sbtest2 WHERE id BETWEEN 285862 AND 286861
	Aggregate  (cost=4111.59..4111.60 rows=1 width=8)
	  ->  Bitmap Heap Scan on sbtest2  (cost=35.31..4108.94 rows=1061 width=4)
	        Recheck Cond: ((id >= 285862) AND (id <= 286861))
	        ->  Bitmap Index Scan on sbtest2_pkey  (cost=0.00..35.05 rows=1061 width=0)
	              Index Cond: ((id >= 285862) AND (id <= 286861))

table 3 : explain SELECT SUM(k) FROM sbtest3 WHERE id BETWEEN 9792892 AND 9793891
	Aggregate  (cost=4371.11..4371.12 rows=1 width=8)
	  ->  Bitmap Heap Scan on sbtest3  (cost=36.02..4368.28 rows=1130 width=4)
	        Recheck Cond: ((id >= 9792892) AND (id <= 9793891))
	        ->  Bitmap Index Scan on sbtest3_pkey  (cost=0.00..35.73 rows=1130 width=0)
	              Index Cond: ((id >= 9792892) AND (id <= 9793891))

table 4 : explain SELECT SUM(k) FROM sbtest4 WHERE id BETWEEN 1665549 AND 1666548
	Aggregate  (cost=4123.20..4123.21 rows=1 width=8)
	  ->  Bitmap Heap Scan on sbtest4  (cost=35.34..4120.54 rows=1064 width=4)
	        Recheck Cond: ((id >= 1665549) AND (id <= 1666548))
	        ->  Bitmap Index Scan on sbtest4_pkey  (cost=0.00..35.08 rows=1064 width=0)
	              Index Cond: ((id >= 1665549) AND (id <= 1666548))

table 5 : explain SELECT SUM(k) FROM sbtest5 WHERE id BETWEEN 6166605 AND 6167604
	Aggregate  (cost=4698.28..4698.29 rows=1 width=8)
	  ->  Bitmap Heap Scan on sbtest5  (cost=36.92..4695.23 rows=1218 width=4)
	        Recheck Cond: ((id >= 6166605) AND (id <= 6167604))
	        ->  Bitmap Index Scan on sbtest5_pkey  (cost=0.00..36.62 rows=1218 width=0)
	              Index Cond: ((id >= 6166605) AND (id <= 6167604))

table 6 : explain SELECT SUM(k) FROM sbtest6 WHERE id BETWEEN 655000 AND 655999
	Aggregate  (cost=3619.96..3619.97 rows=1 width=8)
	  ->  Bitmap Heap Scan on sbtest6  (cost=29.99..3617.63 rows=932 width=4)
	        Recheck Cond: ((id >= 655000) AND (id <= 655999))
	        ->  Bitmap Index Scan on sbtest6_pkey  (cost=0.00..29.75 rows=932 width=0)
	              Index Cond: ((id >= 655000) AND (id <= 655999))

table 7 : explain SELECT SUM(k) FROM sbtest7 WHERE id BETWEEN 6070220 AND 6071219
	Aggregate  (cost=3620.29..3620.30 rows=1 width=8)
	  ->  Bitmap Heap Scan on sbtest7  (cost=29.99..3617.96 rows=932 width=4)
	        Recheck Cond: ((id >= 6070220) AND (id <= 6071219))
	        ->  Bitmap Index Scan on sbtest7_pkey  (cost=0.00..29.75 rows=932 width=0)
	              Index Cond: ((id >= 6070220) AND (id <= 6071219))

table 8 : explain SELECT SUM(k) FROM sbtest8 WHERE id BETWEEN 3293127 AND 3294126
	Aggregate  (cost=3571.05..3571.06 rows=1 width=8)
	  ->  Bitmap Heap Scan on sbtest8  (cost=29.85..3568.75 rows=919 width=4)
	        Recheck Cond: ((id >= 3293127) AND (id <= 3294126))
	        ->  Bitmap Index Scan on sbtest8_pkey  (cost=0.00..29.62 rows=919 width=0)
	              Index Cond: ((id >= 3293127) AND (id <= 3294126))

for: order_ranges
table 1 : explain SELECT c FROM sbtest1 WHERE id BETWEEN 9939356 AND 9940355 ORDER BY c
	Sort  (cost=4043.39..4045.97 rows=1031 width=121)
	  Sort Key: c
	  ->  Bitmap Heap Scan on sbtest1  (cost=31.00..3991.79 rows=1031 width=121)
	        Recheck Cond: ((id >= 9939356) AND (id <= 9940355))
	        ->  Bitmap Index Scan on sbtest1_pkey  (cost=0.00..30.75 rows=1031 width=0)
	              Index Cond: ((id >= 9939356) AND (id <= 9940355))

table 2 : explain SELECT c FROM sbtest2 WHERE id BETWEEN 8761818 AND 8762817 ORDER BY c
	Sort  (cost=3997.52..4000.06 rows=1019 width=121)
	  Sort Key: c
	  ->  Bitmap Heap Scan on sbtest2  (cost=30.88..3946.60 rows=1019 width=121)
	        Recheck Cond: ((id >= 8761818) AND (id <= 8762817))
	        ->  Bitmap Index Scan on sbtest2_pkey  (cost=0.00..30.62 rows=1019 width=0)
	              Index Cond: ((id >= 8761818) AND (id <= 8762817))

table 3 : explain SELECT c FROM sbtest3 WHERE id BETWEEN 5722718 AND 5723717 ORDER BY c
	Sort  (cost=3817.14..3819.57 rows=972 width=121)
	  Sort Key: c
	  ->  Bitmap Heap Scan on sbtest3  (cost=30.40..3768.91 rows=972 width=121)
	        Recheck Cond: ((id >= 5722718) AND (id <= 5723717))
	        ->  Bitmap Index Scan on sbtest3_pkey  (cost=0.00..30.15 rows=972 width=0)
	              Index Cond: ((id >= 5722718) AND (id <= 5723717))

table 4 : explain SELECT c FROM sbtest4 WHERE id BETWEEN 5541583 AND 5542582 ORDER BY c
	Sort  (cost=4036.10..4038.67 rows=1029 width=121)
	  Sort Key: c
	  ->  Bitmap Heap Scan on sbtest4  (cost=30.98..3984.61 rows=1029 width=121)
	        Recheck Cond: ((id >= 5541583) AND (id <= 5542582))
	        ->  Bitmap Index Scan on sbtest4_pkey  (cost=0.00..30.72 rows=1029 width=0)
	              Index Cond: ((id >= 5541583) AND (id <= 5542582))

table 5 : explain SELECT c FROM sbtest5 WHERE id BETWEEN 8320993 AND 8321992 ORDER BY c
	Sort  (cost=4162.27..4164.93 rows=1061 width=121)
	  Sort Key: c
	  ->  Bitmap Heap Scan on sbtest5  (cost=35.31..4108.95 rows=1061 width=121)
	        Recheck Cond: ((id >= 8320993) AND (id <= 8321992))
	        ->  Bitmap Index Scan on sbtest5_pkey  (cost=0.00..35.05 rows=1061 width=0)
	              Index Cond: ((id >= 8320993) AND (id <= 8321992))

table 6 : explain SELECT c FROM sbtest6 WHERE id BETWEEN 1791439 AND 1792438 ORDER BY c
	Sort  (cost=4112.18..4114.80 rows=1048 width=121)
	  Sort Key: c
	  ->  Bitmap Heap Scan on sbtest6  (cost=35.18..4059.60 rows=1048 width=121)
	        Recheck Cond: ((id >= 1791439) AND (id <= 1792438))
	        ->  Bitmap Index Scan on sbtest6_pkey  (cost=0.00..34.92 rows=1048 width=0)
	              Index Cond: ((id >= 1791439) AND (id <= 1792438))

table 7 : explain SELECT c FROM sbtest7 WHERE id BETWEEN 7926764 AND 7927763 ORDER BY c
	Sort  (cost=3756.06..3758.45 rows=956 width=121)
	  Sort Key: c
	  ->  Bitmap Heap Scan on sbtest7  (cost=30.23..3708.73 rows=956 width=121)
	        Recheck Cond: ((id >= 7926764) AND (id <= 7927763))
	        ->  Bitmap Index Scan on sbtest7_pkey  (cost=0.00..30.00 rows=956 width=0)
	              Index Cond: ((id >= 7926764) AND (id <= 7927763))

table 8 : explain SELECT c FROM sbtest8 WHERE id BETWEEN 5077802 AND 5078801 ORDER BY c
	Sort  (cost=3637.03..3639.34 rows=925 width=121)
	  Sort Key: c
	  ->  Bitmap Heap Scan on sbtest8  (cost=29.92..3591.46 rows=925 width=121)
	        Recheck Cond: ((id >= 5077802) AND (id <= 5078801))
	        ->  Bitmap Index Scan on sbtest8_pkey  (cost=0.00..29.68 rows=925 width=0)
	              Index Cond: ((id >= 5077802) AND (id <= 5078801))

for point_selects
table 1 : explain SELECT c FROM sbtest1 WHERE id=6674696
	Index Scan using sbtest1_pkey on sbtest1  (cost=0.43..8.45 rows=1 width=121)
	  Index Cond: (id = 6674696)

table 2 : explain SELECT c FROM sbtest2 WHERE id=8575015
	Index Scan using sbtest2_pkey on sbtest2  (cost=0.43..8.45 rows=1 width=121)
	  Index Cond: (id = 8575015)

table 3 : explain SELECT c FROM sbtest3 WHERE id=4472571
	Index Scan using sbtest3_pkey on sbtest3  (cost=0.43..8.45 rows=1 width=121)
	  Index Cond: (id = 4472571)

table 4 : explain SELECT c FROM sbtest4 WHERE id=3212535
	Index Scan using sbtest4_pkey on sbtest4  (cost=0.43..8.45 rows=1 width=121)
	  Index Cond: (id = 3212535)

table 5 : explain SELECT c FROM sbtest5 WHERE id=4134076
	Index Scan using sbtest5_pkey on sbtest5  (cost=0.43..8.45 rows=1 width=121)
	  Index Cond: (id = 4134076)

table 6 : explain SELECT c FROM sbtest6 WHERE id=6330615
	Index Scan using sbtest6_pkey on sbtest6  (cost=0.43..8.45 rows=1 width=121)
	  Index Cond: (id = 6330615)

table 7 : explain SELECT c FROM sbtest7 WHERE id=4810555
	Index Scan using sbtest7_pkey on sbtest7  (cost=0.43..8.45 rows=1 width=121)
	  Index Cond: (id = 4810555)

table 8 : explain SELECT c FROM sbtest8 WHERE id=1944211
	Index Scan using sbtest8_pkey on sbtest8  (cost=0.43..8.45 rows=1 width=121)
	  Index Cond: (id = 1944211)

for: distinct_ranges
table 1 : explain SELECT DISTINCT c FROM sbtest1 WHERE id BETWEEN 1637663 AND 1638662 ORDER BY c
	Unique  (cost=4261.58..4267.02 rows=1087 width=121)
	  ->  Sort  (cost=4261.58..4264.30 rows=1087 width=121)
	        Sort Key: c
	        ->  Bitmap Heap Scan on sbtest1  (cost=35.58..4206.76 rows=1087 width=121)
	              Recheck Cond: ((id >= 1637663) AND (id <= 1638662))
	              ->  Bitmap Index Scan on sbtest1_pkey  (cost=0.00..35.31 rows=1087 width=0)
	                    Index Cond: ((id >= 1637663) AND (id <= 1638662))

table 2 : explain SELECT DISTINCT c FROM sbtest2 WHERE id BETWEEN 3785547 AND 3786546 ORDER BY c
	Unique  (cost=4250.20..4255.62 rows=1084 width=121)
	  ->  Sort  (cost=4250.20..4252.91 rows=1084 width=121)
	        Sort Key: c
	        ->  Bitmap Heap Scan on sbtest2  (cost=35.55..4195.55 rows=1084 width=121)
	              Recheck Cond: ((id >= 3785547) AND (id <= 3786546))
	              ->  Bitmap Index Scan on sbtest2_pkey  (cost=0.00..35.28 rows=1084 width=0)
	                    Index Cond: ((id >= 3785547) AND (id <= 3786546))

table 3 : explain SELECT DISTINCT c FROM sbtest3 WHERE id BETWEEN 5941616 AND 5942615 ORDER BY c
	Unique  (cost=3698.21..3702.91 rows=941 width=121)
	  ->  Sort  (cost=3698.21..3700.56 rows=941 width=121)
	        Sort Key: c
	        ->  Bitmap Heap Scan on sbtest3  (cost=30.08..3651.73 rows=941 width=121)
	              Recheck Cond: ((id >= 5941616) AND (id <= 5942615))
	              ->  Bitmap Index Scan on sbtest3_pkey  (cost=0.00..29.84 rows=941 width=0)
	                    Index Cond: ((id >= 5941616) AND (id <= 5942615))

table 4 : explain SELECT DISTINCT c FROM sbtest4 WHERE id BETWEEN 5744015 AND 5745014 ORDER BY c
	Unique  (cost=3641.09..3645.72 rows=926 width=121)
	  ->  Sort  (cost=3641.09..3643.41 rows=926 width=121)
	        Sort Key: c
	        ->  Bitmap Heap Scan on sbtest4  (cost=29.93..3595.46 rows=926 width=121)
	              Recheck Cond: ((id >= 5744015) AND (id <= 5745014))
	              ->  Bitmap Index Scan on sbtest4_pkey  (cost=0.00..29.69 rows=926 width=0)
	                    Index Cond: ((id >= 5744015) AND (id <= 5745014))

table 5 : explain SELECT DISTINCT c FROM sbtest5 WHERE id BETWEEN 7500002 AND 7501001 ORDER BY c
	Unique  (cost=4196.69..4202.04 rows=1070 width=121)
	  ->  Sort  (cost=4196.69..4199.37 rows=1070 width=121)
	        Sort Key: c
	        ->  Bitmap Heap Scan on sbtest5  (cost=35.40..4142.85 rows=1070 width=121)
	              Recheck Cond: ((id >= 7500002) AND (id <= 7501001))
	              ->  Bitmap Index Scan on sbtest5_pkey  (cost=0.00..35.14 rows=1070 width=0)
	                    Index Cond: ((id >= 7500002) AND (id <= 7501001))

table 6 : explain SELECT DISTINCT c FROM sbtest6 WHERE id BETWEEN 2359926 AND 2360925 ORDER BY c
	Unique  (cost=4085.39..4090.60 rows=1041 width=121)
	  ->  Sort  (cost=4085.39..4088.00 rows=1041 width=121)
	        Sort Key: c
	        ->  Bitmap Heap Scan on sbtest6  (cost=35.11..4033.22 rows=1041 width=121)
	              Recheck Cond: ((id >= 2359926) AND (id <= 2360925))
	              ->  Bitmap Index Scan on sbtest6_pkey  (cost=0.00..34.84 rows=1041 width=0)
	                    Index Cond: ((id >= 2359926) AND (id <= 2360925))

table 7 : explain SELECT DISTINCT c FROM sbtest7 WHERE id BETWEEN 1527585 AND 1528584 ORDER BY c
	Unique  (cost=3782.92..3787.73 rows=963 width=121)
	  ->  Sort  (cost=3782.92..3785.32 rows=963 width=121)
	        Sort Key: c
	        ->  Bitmap Heap Scan on sbtest7  (cost=30.31..3735.19 rows=963 width=121)
	              Recheck Cond: ((id >= 1527585) AND (id <= 1528584))
	              ->  Bitmap Index Scan on sbtest7_pkey  (cost=0.00..30.07 rows=963 width=0)
	                    Index Cond: ((id >= 1527585) AND (id <= 1528584))

table 8 : explain SELECT DISTINCT c FROM sbtest8 WHERE id BETWEEN 2712078 AND 2713077 ORDER BY c
	Unique  (cost=3567.87..3572.41 rows=907 width=121)
	  ->  Sort  (cost=3567.87..3570.14 rows=907 width=121)
	        Sort Key: c
	        ->  Bitmap Heap Scan on sbtest8  (cost=29.73..3523.32 rows=907 width=121)
	              Recheck Cond: ((id >= 2712078) AND (id <= 2713077))
	              ->  Bitmap Index Scan on sbtest8_pkey  (cost=0.00..29.50 rows=907 width=0)
	                    Index Cond: ((id >= 2712078) AND (id <= 2713077))

for: simple_ranges
table 1 : explain SELECT c FROM sbtest1 WHERE id BETWEEN 2389833 AND 2390832
	Bitmap Heap Scan on sbtest1  (cost=35.75..4270.74 rows=1104 width=121)
	  Recheck Cond: ((id >= 2389833) AND (id <= 2390832))
	  ->  Bitmap Index Scan on sbtest1_pkey  (cost=0.00..35.48 rows=1104 width=0)
	        Index Cond: ((id >= 2389833) AND (id <= 2390832))

table 2 : explain SELECT c FROM sbtest2 WHERE id BETWEEN 9955384 AND 9956383
	Bitmap Heap Scan on sbtest2  (cost=30.15..3678.44 rows=948 width=121)
	  Recheck Cond: ((id >= 9955384) AND (id <= 9956383))
	  ->  Bitmap Index Scan on sbtest2_pkey  (cost=0.00..29.91 rows=948 width=0)
	        Index Cond: ((id >= 9955384) AND (id <= 9956383))

table 3 : explain SELECT c FROM sbtest3 WHERE id BETWEEN 2889879 AND 2890878
	Bitmap Heap Scan on sbtest3  (cost=29.84..3564.71 rows=918 width=121)
	  Recheck Cond: ((id >= 2889879) AND (id <= 2890878))
	  ->  Bitmap Index Scan on sbtest3_pkey  (cost=0.00..29.61 rows=918 width=0)
	        Index Cond: ((id >= 2889879) AND (id <= 2890878))

table 4 : explain SELECT c FROM sbtest4 WHERE id BETWEEN 6767712 AND 6768711
	Bitmap Heap Scan on sbtest4  (cost=30.26..3720.29 rows=959 width=121)
	  Recheck Cond: ((id >= 6767712) AND (id <= 6768711))
	  ->  Bitmap Index Scan on sbtest4_pkey  (cost=0.00..30.02 rows=959 width=0)
	        Index Cond: ((id >= 6767712) AND (id <= 6768711))

table 5 : explain SELECT c FROM sbtest5 WHERE id BETWEEN 5258821 AND 5259820
	Bitmap Heap Scan on sbtest5  (cost=35.64..4229.45 rows=1093 width=121)
	  Recheck Cond: ((id >= 5258821) AND (id <= 5259820))
	  ->  Bitmap Index Scan on sbtest5_pkey  (cost=0.00..35.37 rows=1093 width=0)
	        Index Cond: ((id >= 5258821) AND (id <= 5259820))

table 6 : explain SELECT c FROM sbtest6 WHERE id BETWEEN 3965335 AND 3966334
	Bitmap Heap Scan on sbtest6  (cost=30.76..3900.99 rows=1007 width=121)
	  Recheck Cond: ((id >= 3965335) AND (id <= 3966334))
	  ->  Bitmap Index Scan on sbtest6_pkey  (cost=0.00..30.50 rows=1007 width=0)
	        Index Cond: ((id >= 3965335) AND (id <= 3966334))

table 7 : explain SELECT c FROM sbtest7 WHERE id BETWEEN 460086 AND 461085
	Bitmap Heap Scan on sbtest7  (cost=30.74..3893.82 rows=1005 width=121)
	  Recheck Cond: ((id >= 460086) AND (id <= 461085))
	  ->  Bitmap Index Scan on sbtest7_pkey  (cost=0.00..30.48 rows=1005 width=0)
	        Index Cond: ((id >= 460086) AND (id <= 461085))

table 8 : explain SELECT c FROM sbtest8 WHERE id BETWEEN 8528119 AND 8529118
	Bitmap Heap Scan on sbtest8  (cost=35.41..4146.63 rows=1071 width=121)
	  Recheck Cond: ((id >= 8528119) AND (id <= 8529118))
	  ->  Bitmap Index Scan on sbtest8_pkey  (cost=0.00..35.15 rows=1071 width=0)
	        Index Cond: ((id >= 8528119) AND (id <= 8529118))

for: distinct_ranges
table 1 : explain SELECT DISTINCT c FROM sbtest1 WHERE id BETWEEN 2403185 AND 2404184 ORDER BY c
	Unique  (cost=4326.53..4332.05 rows=1104 width=121)
	  ->  Sort  (cost=4326.53..4329.29 rows=1104 width=121)
	        Sort Key: c
	        ->  Bitmap Heap Scan on sbtest1  (cost=35.75..4270.74 rows=1104 width=121)
	              Recheck Cond: ((id >= 2403185) AND (id <= 2404184))
	              ->  Bitmap Index Scan on sbtest1_pkey  (cost=0.00..35.48 rows=1104 width=0)
	                    Index Cond: ((id >= 2403185) AND (id <= 2404184))

table 2 : explain SELECT DISTINCT c FROM sbtest2 WHERE id BETWEEN 2434573 AND 2435572 ORDER BY c
	Unique  (cost=3851.90..3856.81 rows=981 width=121)
	  ->  Sort  (cost=3851.90..3854.36 rows=981 width=121)
	        Sort Key: c
	        ->  Bitmap Heap Scan on sbtest2  (cost=30.49..3803.16 rows=981 width=121)
	              Recheck Cond: ((id >= 2434573) AND (id <= 2435572))
	              ->  Bitmap Index Scan on sbtest2_pkey  (cost=0.00..30.25 rows=981 width=0)
	                    Index Cond: ((id >= 2434573) AND (id <= 2435572))

table 3 : explain SELECT DISTINCT c FROM sbtest3 WHERE id BETWEEN 8170819 AND 8171818 ORDER BY c
	Unique  (cost=4142.85..4148.13 rows=1056 width=121)
	  ->  Sort  (cost=4142.85..4145.49 rows=1056 width=121)
	        Sort Key: c
	        ->  Bitmap Heap Scan on sbtest3  (cost=35.26..4089.82 rows=1056 width=121)
	              Recheck Cond: ((id >= 8170819) AND (id <= 8171818))
	              ->  Bitmap Index Scan on sbtest3_pkey  (cost=0.00..35.00 rows=1056 width=0)
	                    Index Cond: ((id >= 8170819) AND (id <= 8171818))

table 4 : explain SELECT DISTINCT c FROM sbtest4 WHERE id BETWEEN 4461551 AND 4462550 ORDER BY c
	Unique  (cost=3809.99..3814.84 rows=970 width=121)
	  ->  Sort  (cost=3809.99..3812.41 rows=970 width=121)
	        Sort Key: c
	        ->  Bitmap Heap Scan on sbtest4  (cost=30.38..3761.87 rows=970 width=121)
	              Recheck Cond: ((id >= 4461551) AND (id <= 4462550))
	              ->  Bitmap Index Scan on sbtest4_pkey  (cost=0.00..30.14 rows=970 width=0)
	                    Index Cond: ((id >= 4461551) AND (id <= 4462550))

table 5 : explain SELECT DISTINCT c FROM sbtest5 WHERE id BETWEEN 9096063 AND 9097062 ORDER BY c
	Unique  (cost=3798.23..3803.06 rows=967 width=121)
	  ->  Sort  (cost=3798.23..3800.65 rows=967 width=121)
	        Sort Key: c
	        ->  Bitmap Heap Scan on sbtest5  (cost=30.35..3750.28 rows=967 width=121)
	              Recheck Cond: ((id >= 9096063) AND (id <= 9097062))
	              ->  Bitmap Index Scan on sbtest5_pkey  (cost=0.00..30.11 rows=967 width=0)
	                    Index Cond: ((id >= 9096063) AND (id <= 9097062))

table 6 : explain SELECT DISTINCT c FROM sbtest6 WHERE id BETWEEN 7705631 AND 7706630 ORDER BY c
	Unique  (cost=4299.50..4304.98 rows=1097 width=121)
	  ->  Sort  (cost=4299.50..4302.24 rows=1097 width=121)
	        Sort Key: c
	        ->  Bitmap Heap Scan on sbtest6  (cost=35.68..4244.10 rows=1097 width=121)
	              Recheck Cond: ((id >= 7705631) AND (id <= 7706630))
	              ->  Bitmap Index Scan on sbtest6_pkey  (cost=0.00..35.41 rows=1097 width=0)
	                    Index Cond: ((id >= 7705631) AND (id <= 7706630))

table 7 : explain SELECT DISTINCT c FROM sbtest7 WHERE id BETWEEN 8642385 AND 8643384 ORDER BY c
	Unique  (cost=3686.97..3691.66 rows=938 width=121)
	  ->  Sort  (cost=3686.97..3689.31 rows=938 width=121)
	        Sort Key: c
	        ->  Bitmap Heap Scan on sbtest7  (cost=30.05..3640.66 rows=938 width=121)
	              Recheck Cond: ((id >= 8642385) AND (id <= 8643384))
	              ->  Bitmap Index Scan on sbtest7_pkey  (cost=0.00..29.82 rows=938 width=0)
	                    Index Cond: ((id >= 8642385) AND (id <= 8643384))

table 8 : explain SELECT DISTINCT c FROM sbtest8 WHERE id BETWEEN 9827095 AND 9828094 ORDER BY c
	Unique  (cost=3867.27..3872.19 rows=985 width=121)
	  ->  Sort  (cost=3867.27..3869.73 rows=985 width=121)
	        Sort Key: c
	        ->  Bitmap Heap Scan on sbtest8  (cost=30.53..3818.29 rows=985 width=121)
	              Recheck Cond: ((id >= 9827095) AND (id <= 9828094))
	              ->  Bitmap Index Scan on sbtest8_pkey  (cost=0.00..30.29 rows=985 width=0)
	                    Index Cond: ((id >= 9827095) AND (id <= 9828094))

for: simple_ranges
table 1 : explain SELECT c FROM sbtest1 WHERE id BETWEEN 9428668 AND 9429667
	Bitmap Heap Scan on sbtest1  (cost=31.32..4108.63 rows=1062 width=121)
	  Recheck Cond: ((id >= 9428668) AND (id <= 9429667))
	  ->  Bitmap Index Scan on sbtest1_pkey  (cost=0.00..31.05 rows=1062 width=0)
	        Index Cond: ((id >= 9428668) AND (id <= 9429667))

table 2 : explain SELECT c FROM sbtest2 WHERE id BETWEEN 5241179 AND 5242178
	Bitmap Heap Scan on sbtest2  (cost=30.52..3814.49 rows=984 width=121)
	  Recheck Cond: ((id >= 5241179) AND (id <= 5242178))
	  ->  Bitmap Index Scan on sbtest2_pkey  (cost=0.00..30.27 rows=984 width=0)
	        Index Cond: ((id >= 5241179) AND (id <= 5242178))

table 3 : explain SELECT c FROM sbtest3 WHERE id BETWEEN 6750414 AND 6751413
	Bitmap Heap Scan on sbtest3  (cost=30.92..3961.42 rows=1023 width=121)
	  Recheck Cond: ((id >= 6750414) AND (id <= 6751413))
	  ->  Bitmap Index Scan on sbtest3_pkey  (cost=0.00..30.66 rows=1023 width=0)
	        Index Cond: ((id >= 6750414) AND (id <= 6751413))

table 4 : explain SELECT c FROM sbtest4 WHERE id BETWEEN 6912446 AND 6913445
	Bitmap Heap Scan on sbtest4  (cost=30.94..3969.52 rows=1025 width=121)
	  Recheck Cond: ((id >= 6912446) AND (id <= 6913445))
	  ->  Bitmap Index Scan on sbtest4_pkey  (cost=0.00..30.68 rows=1025 width=0)
	        Index Cond: ((id >= 6912446) AND (id <= 6913445))

table 5 : explain SELECT c FROM sbtest5 WHERE id BETWEEN 9121736 AND 9122735
	Bitmap Heap Scan on sbtest5  (cost=30.35..3750.28 rows=967 width=121)
	  Recheck Cond: ((id >= 9121736) AND (id <= 9122735))
	  ->  Bitmap Index Scan on sbtest5_pkey  (cost=0.00..30.11 rows=967 width=0)
	        Index Cond: ((id >= 9121736) AND (id <= 9122735))

table 6 : explain SELECT c FROM sbtest6 WHERE id BETWEEN 2650295 AND 2651294
	Bitmap Heap Scan on sbtest6  (cost=29.94..3598.71 rows=927 width=121)
	  Recheck Cond: ((id >= 2650295) AND (id <= 2651294))
	  ->  Bitmap Index Scan on sbtest6_pkey  (cost=0.00..29.70 rows=927 width=0)
	        Index Cond: ((id >= 2650295) AND (id <= 2651294))

table 7 : explain SELECT c FROM sbtest7 WHERE id BETWEEN 6833508 AND 6834507
	Bitmap Heap Scan on sbtest7  (cost=35.01..3999.68 rows=1032 width=121)
	  Recheck Cond: ((id >= 6833508) AND (id <= 6834507))
	  ->  Bitmap Index Scan on sbtest7_pkey  (cost=0.00..34.76 rows=1032 width=0)
	        Index Cond: ((id >= 6833508) AND (id <= 6834507))

table 8 : explain SELECT c FROM sbtest8 WHERE id BETWEEN 6368943 AND 6369942
	Bitmap Heap Scan on sbtest8  (cost=35.75..4270.85 rows=1104 width=121)
	  Recheck Cond: ((id >= 6368943) AND (id <= 6369942))
	  ->  Bitmap Index Scan on sbtest8_pkey  (cost=0.00..35.48 rows=1104 width=0)
	        Index Cond: ((id >= 6368943) AND (id <= 6369942))

for: sum_ranges
table 1 : explain SELECT SUM(k) FROM sbtest1 WHERE id BETWEEN 5654685 AND 5655684
	Aggregate  (cost=4281.02..4281.03 rows=1 width=8)
	  ->  Bitmap Heap Scan on sbtest1  (cost=35.77..4278.26 rows=1106 width=4)
	        Recheck Cond: ((id >= 5654685) AND (id <= 5655684))
	        ->  Bitmap Index Scan on sbtest1_pkey  (cost=0.00..35.50 rows=1106 width=0)
	              Index Cond: ((id >= 5654685) AND (id <= 5655684))

table 2 : explain SELECT SUM(k) FROM sbtest2 WHERE id BETWEEN 9392875 AND 9393874
	Aggregate  (cost=3820.73..3820.74 rows=1 width=8)
	  ->  Bitmap Heap Scan on sbtest2  (cost=30.53..3818.27 rows=985 width=4)
	        Recheck Cond: ((id >= 9392875) AND (id <= 9393874))
	        ->  Bitmap Index Scan on sbtest2_pkey  (cost=0.00..30.29 rows=985 width=0)
	              Index Cond: ((id >= 9392875) AND (id <= 9393874))

table 3 : explain SELECT SUM(k) FROM sbtest3 WHERE id BETWEEN 6811275 AND 6812274
	Aggregate  (cost=3963.98..3963.99 rows=1 width=8)
	  ->  Bitmap Heap Scan on sbtest3  (cost=30.92..3961.42 rows=1023 width=4)
	        Recheck Cond: ((id >= 6811275) AND (id <= 6812274))
	        ->  Bitmap Index Scan on sbtest3_pkey  (cost=0.00..30.66 rows=1023 width=0)
	              Index Cond: ((id >= 6811275) AND (id <= 6812274))

table 4 : explain SELECT SUM(k) FROM sbtest4 WHERE id BETWEEN 1546010 AND 1547009
	Aggregate  (cost=3779.42..3779.43 rows=1 width=8)
	  ->  Bitmap Heap Scan on sbtest4  (cost=30.42..3776.98 rows=974 width=4)
	        Recheck Cond: ((id >= 1546010) AND (id <= 1547009))
	        ->  Bitmap Index Scan on sbtest4_pkey  (cost=0.00..30.18 rows=974 width=0)
	              Index Cond: ((id >= 1546010) AND (id <= 1547009))

table 5 : explain SELECT SUM(k) FROM sbtest5 WHERE id BETWEEN 1761849 AND 1762848
	Aggregate  (cost=4088.98..4088.99 rows=1 width=8)
	  ->  Bitmap Heap Scan on sbtest5  (cost=35.25..4086.35 rows=1055 width=4)
	        Recheck Cond: ((id >= 1761849) AND (id <= 1762848))
	        ->  Bitmap Index Scan on sbtest5_pkey  (cost=0.00..34.98 rows=1055 width=0)
	              Index Cond: ((id >= 1761849) AND (id <= 1762848))

table 6 : explain SELECT SUM(k) FROM sbtest6 WHERE id BETWEEN 2763946 AND 2764945
	Aggregate  (cost=4039.59..4039.60 rows=1 width=8)
	  ->  Bitmap Heap Scan on sbtest6  (cost=35.12..4036.99 rows=1042 width=4)
	        Recheck Cond: ((id >= 2763946) AND (id <= 2764945))
	        ->  Bitmap Index Scan on sbtest6_pkey  (cost=0.00..34.86 rows=1042 width=0)
	              Index Cond: ((id >= 2763946) AND (id <= 2764945))

table 7 : explain SELECT SUM(k) FROM sbtest7 WHERE id BETWEEN 9774838 AND 9775837
	Aggregate  (cost=3832.11..3832.12 rows=1 width=8)
	  ->  Bitmap Heap Scan on sbtest7  (cost=30.56..3829.64 rows=988 width=4)
	        Recheck Cond: ((id >= 9774838) AND (id <= 9775837))
	        ->  Bitmap Index Scan on sbtest7_pkey  (cost=0.00..30.32 rows=988 width=0)
	              Index Cond: ((id >= 9774838) AND (id <= 9775837))

table 8 : explain SELECT SUM(k) FROM sbtest8 WHERE id BETWEEN 9123217 AND 9124216
	Aggregate  (cost=4032.42..4032.43 rows=1 width=8)
	  ->  Bitmap Heap Scan on sbtest8  (cost=35.09..4029.82 rows=1040 width=4)
	        Recheck Cond: ((id >= 9123217) AND (id <= 9124216))
	        ->  Bitmap Index Scan on sbtest8_pkey  (cost=0.00..34.84 rows=1040 width=0)
	              Index Cond: ((id >= 9123217) AND (id <= 9124216))

for point_selects
table 1 : explain SELECT c FROM sbtest1 WHERE id=8032336
	Index Scan using sbtest1_pkey on sbtest1  (cost=0.43..8.45 rows=1 width=121)
	  Index Cond: (id = 8032336)

table 2 : explain SELECT c FROM sbtest2 WHERE id=5389155
	Index Scan using sbtest2_pkey on sbtest2  (cost=0.43..8.45 rows=1 width=121)
	  Index Cond: (id = 5389155)

table 3 : explain SELECT c FROM sbtest3 WHERE id=5346212
	Index Scan using sbtest3_pkey on sbtest3  (cost=0.43..8.45 rows=1 width=121)
	  Index Cond: (id = 5346212)

table 4 : explain SELECT c FROM sbtest4 WHERE id=9431956
	Index Scan using sbtest4_pkey on sbtest4  (cost=0.43..8.45 rows=1 width=121)
	  Index Cond: (id = 9431956)

table 5 : explain SELECT c FROM sbtest5 WHERE id=6674145
	Index Scan using sbtest5_pkey on sbtest5  (cost=0.43..8.45 rows=1 width=121)
	  Index Cond: (id = 6674145)

table 6 : explain SELECT c FROM sbtest6 WHERE id=4506446
	Index Scan using sbtest6_pkey on sbtest6  (cost=0.43..8.45 rows=1 width=121)
	  Index Cond: (id = 4506446)

table 7 : explain SELECT c FROM sbtest7 WHERE id=5932107
	Index Scan using sbtest7_pkey on sbtest7  (cost=0.43..8.45 rows=1 width=121)
	  Index Cond: (id = 5932107)

table 8 : explain SELECT c FROM sbtest8 WHERE id=7253600
	Index Scan using sbtest8_pkey on sbtest8  (cost=0.43..8.45 rows=1 width=121)
	  Index Cond: (id = 7253600)

for: simple_ranges
table 1 : explain SELECT c FROM sbtest1 WHERE id BETWEEN 3618078 AND 3619077
	Bitmap Heap Scan on sbtest1  (cost=29.89..3580.02 rows=922 width=121)
	  Recheck Cond: ((id >= 3618078) AND (id <= 3619077))
	  ->  Bitmap Index Scan on sbtest1_pkey  (cost=0.00..29.65 rows=922 width=0)
	        Index Cond: ((id >= 3618078) AND (id <= 3619077))

table 2 : explain SELECT c FROM sbtest2 WHERE id BETWEEN 8432033 AND 8433032
	Bitmap Heap Scan on sbtest2  (cost=35.55..4195.55 rows=1084 width=121)
	  Recheck Cond: ((id >= 8432033) AND (id <= 8433032))
	  ->  Bitmap Index Scan on sbtest2_pkey  (cost=0.00..35.28 rows=1084 width=0)
	        Index Cond: ((id >= 8432033) AND (id <= 8433032))

table 3 : explain SELECT c FROM sbtest3 WHERE id BETWEEN 2831331 AND 2832330
	Bitmap Heap Scan on sbtest3  (cost=29.84..3564.71 rows=918 width=121)
	  Recheck Cond: ((id >= 2831331) AND (id <= 2832330))
	  ->  Bitmap Index Scan on sbtest3_pkey  (cost=0.00..29.61 rows=918 width=0)
	        Index Cond: ((id >= 2831331) AND (id <= 2832330))

table 4 : explain SELECT c FROM sbtest4 WHERE id BETWEEN 1263414 AND 1264413
	Bitmap Heap Scan on sbtest4  (cost=30.92..3961.98 rows=1023 width=121)
	  Recheck Cond: ((id >= 1263414) AND (id <= 1264413))
	  ->  Bitmap Index Scan on sbtest4_pkey  (cost=0.00..30.66 rows=1023 width=0)
	        Index Cond: ((id >= 1263414) AND (id <= 1264413))

table 5 : explain SELECT c FROM sbtest5 WHERE id BETWEEN 8817461 AND 8818460
	Bitmap Heap Scan on sbtest5  (cost=29.98..3614.15 rows=931 width=121)
	  Recheck Cond: ((id >= 8817461) AND (id <= 8818460))
	  ->  Bitmap Index Scan on sbtest5_pkey  (cost=0.00..29.75 rows=931 width=0)
	        Index Cond: ((id >= 8817461) AND (id <= 8818460))

table 6 : explain SELECT c FROM sbtest6 WHERE id BETWEEN 4798277 AND 4799276
	Bitmap Heap Scan on sbtest6  (cost=35.08..4025.68 rows=1039 width=121)
	  Recheck Cond: ((id >= 4798277) AND (id <= 4799276))
	  ->  Bitmap Index Scan on sbtest6_pkey  (cost=0.00..34.83 rows=1039 width=0)
	        Index Cond: ((id >= 4798277) AND (id <= 4799276))

table 7 : explain SELECT c FROM sbtest7 WHERE id BETWEEN 9980208 AND 9981207
	Bitmap Heap Scan on sbtest7  (cost=35.69..4248.30 rows=1098 width=121)
	  Recheck Cond: ((id >= 9980208) AND (id <= 9981207))
	  ->  Bitmap Index Scan on sbtest7_pkey  (cost=0.00..35.42 rows=1098 width=0)
	        Index Cond: ((id >= 9980208) AND (id <= 9981207))

table 8 : explain SELECT c FROM sbtest8 WHERE id BETWEEN 364493 AND 365492
	Bitmap Heap Scan on sbtest8  (cost=30.27..3723.83 rows=960 width=121)
	  Recheck Cond: ((id >= 364493) AND (id <= 365492))
	  ->  Bitmap Index Scan on sbtest8_pkey  (cost=0.00..30.04 rows=960 width=0)
	        Index Cond: ((id >= 364493) AND (id <= 365492))

for: distinct_ranges
table 1 : explain SELECT DISTINCT c FROM sbtest1 WHERE id BETWEEN 9063729 AND 9064728 ORDER BY c
	Unique  (cost=3771.30..3776.10 rows=960 width=121)
	  ->  Sort  (cost=3771.30..3773.70 rows=960 width=121)
	        Sort Key: c
	        ->  Bitmap Heap Scan on sbtest1  (cost=30.27..3723.74 rows=960 width=121)
	              Recheck Cond: ((id >= 9063729) AND (id <= 9064728))
	              ->  Bitmap Index Scan on sbtest1_pkey  (cost=0.00..30.04 rows=960 width=0)
	                    Index Cond: ((id >= 9063729) AND (id <= 9064728))

table 2 : explain SELECT DISTINCT c FROM sbtest2 WHERE id BETWEEN 7006146 AND 7007145 ORDER BY c
	Unique  (cost=3660.05..3664.70 rows=931 width=121)
	  ->  Sort  (cost=3660.05..3662.38 rows=931 width=121)
	        Sort Key: c
	        ->  Bitmap Heap Scan on sbtest2  (cost=29.98..3614.14 rows=931 width=121)
	              Recheck Cond: ((id >= 7006146) AND (id <= 7007145))
	              ->  Bitmap Index Scan on sbtest2_pkey  (cost=0.00..29.75 rows=931 width=0)
	                    Index Cond: ((id >= 7006146) AND (id <= 7007145))

table 3 : explain SELECT DISTINCT c FROM sbtest3 WHERE id BETWEEN 7767362 AND 7768361 ORDER BY c
	Unique  (cost=3567.63..3572.16 rows=907 width=121)
	  ->  Sort  (cost=3567.63..3569.89 rows=907 width=121)
	        Sort Key: c
	        ->  Bitmap Heap Scan on sbtest3  (cost=29.73..3523.07 rows=907 width=121)
	              Recheck Cond: ((id >= 7767362) AND (id <= 7768361))
	              ->  Bitmap Index Scan on sbtest3_pkey  (cost=0.00..29.50 rows=907 width=0)
	                    Index Cond: ((id >= 7767362) AND (id <= 7768361))

table 4 : explain SELECT DISTINCT c FROM sbtest4 WHERE id BETWEEN 9902220 AND 9903219 ORDER BY c
	Unique  (cost=3856.01..3860.92 rows=982 width=121)
	  ->  Sort  (cost=3856.01..3858.46 rows=982 width=121)
	        Sort Key: c
	        ->  Bitmap Heap Scan on sbtest4  (cost=30.50..3807.20 rows=982 width=121)
	              Recheck Cond: ((id >= 9902220) AND (id <= 9903219))
	              ->  Bitmap Index Scan on sbtest4_pkey  (cost=0.00..30.25 rows=982 width=0)
	                    Index Cond: ((id >= 9902220) AND (id <= 9903219))

table 5 : explain SELECT DISTINCT c FROM sbtest5 WHERE id BETWEEN 3346508 AND 3347507 ORDER BY c
	Unique  (cost=3575.55..3580.09 rows=909 width=121)
	  ->  Sort  (cost=3575.55..3577.82 rows=909 width=121)
	        Sort Key: c
	        ->  Bitmap Heap Scan on sbtest5  (cost=29.75..3530.88 rows=909 width=121)
	              Recheck Cond: ((id >= 3346508) AND (id <= 3347507))
	              ->  Bitmap Index Scan on sbtest5_pkey  (cost=0.00..29.52 rows=909 width=0)
	                    Index Cond: ((id >= 3346508) AND (id <= 3347507))

table 6 : explain SELECT DISTINCT c FROM sbtest6 WHERE id BETWEEN 6661612 AND 6662611 ORDER BY c
	Unique  (cost=4242.18..4247.59 rows=1082 width=121)
	  ->  Sort  (cost=4242.18..4244.89 rows=1082 width=121)
	        Sort Key: c
	        ->  Bitmap Heap Scan on sbtest6  (cost=35.53..4187.65 rows=1082 width=121)
	              Recheck Cond: ((id >= 6661612) AND (id <= 6662611))
	              ->  Bitmap Index Scan on sbtest6_pkey  (cost=0.00..35.26 rows=1082 width=0)
	                    Index Cond: ((id >= 6661612) AND (id <= 6662611))

table 7 : explain SELECT DISTINCT c FROM sbtest7 WHERE id BETWEEN 5568872 AND 5569871 ORDER BY c
	Unique  (cost=4277.00..4282.46 rows=1091 width=121)
	  ->  Sort  (cost=4277.00..4279.73 rows=1091 width=121)
	        Sort Key: c
	        ->  Bitmap Heap Scan on sbtest7  (cost=35.62..4221.95 rows=1091 width=121)
	              Recheck Cond: ((id >= 5568872) AND (id <= 5569871))
	              ->  Bitmap Index Scan on sbtest7_pkey  (cost=0.00..35.34 rows=1091 width=0)
	                    Index Cond: ((id >= 5568872) AND (id <= 5569871))

table 8 : explain SELECT DISTINCT c FROM sbtest8 WHERE id BETWEEN 193780 AND 194779 ORDER BY c
	Unique  (cost=4303.73..4309.22 rows=1098 width=121)
	  ->  Sort  (cost=4303.73..4306.47 rows=1098 width=121)
	        Sort Key: c
	        ->  Bitmap Heap Scan on sbtest8  (cost=35.69..4248.27 rows=1098 width=121)
	              Recheck Cond: ((id >= 193780) AND (id <= 194779))
	              ->  Bitmap Index Scan on sbtest8_pkey  (cost=0.00..35.42 rows=1098 width=0)
	                    Index Cond: ((id >= 193780) AND (id <= 194779))

for: sum_ranges
table 1 : explain SELECT SUM(k) FROM sbtest1 WHERE id BETWEEN 3368552 AND 3369551
	Aggregate  (cost=4156.74..4156.75 rows=1 width=8)
	  ->  Bitmap Heap Scan on sbtest1  (cost=35.43..4154.06 rows=1073 width=4)
	        Recheck Cond: ((id >= 3368552) AND (id <= 3369551))
	        ->  Bitmap Index Scan on sbtest1_pkey  (cost=0.00..35.17 rows=1073 width=0)
	              Index Cond: ((id >= 3368552) AND (id <= 3369551))

table 2 : explain SELECT SUM(k) FROM sbtest2 WHERE id BETWEEN 4695159 AND 4696158
	Aggregate  (cost=3915.17..3915.18 rows=1 width=8)
	  ->  Bitmap Heap Scan on sbtest2  (cost=30.79..3912.64 rows=1010 width=4)
	        Recheck Cond: ((id >= 4695159) AND (id <= 4696158))
	        ->  Bitmap Index Scan on sbtest2_pkey  (cost=0.00..30.54 rows=1010 width=0)
	              Index Cond: ((id >= 4695159) AND (id <= 4696158))

table 3 : explain SELECT SUM(k) FROM sbtest3 WHERE id BETWEEN 4726888 AND 4727887
	Aggregate  (cost=3918.68..3918.69 rows=1 width=8)
	  ->  Bitmap Heap Scan on sbtest3  (cost=30.80..3916.16 rows=1011 width=4)
	        Recheck Cond: ((id >= 4726888) AND (id <= 4727887))
	        ->  Bitmap Index Scan on sbtest3_pkey  (cost=0.00..30.54 rows=1011 width=0)
	              Index Cond: ((id >= 4726888) AND (id <= 4727887))

table 4 : explain SELECT SUM(k) FROM sbtest4 WHERE id BETWEEN 233387 AND 234386
	Aggregate  (cost=4232.48..4232.49 rows=1 width=8)
	  ->  Bitmap Heap Scan on sbtest4  (cost=35.64..4229.74 rows=1093 width=4)
	        Recheck Cond: ((id >= 233387) AND (id <= 234386))
	        ->  Bitmap Index Scan on sbtest4_pkey  (cost=0.00..35.37 rows=1093 width=0)
	              Index Cond: ((id >= 233387) AND (id <= 234386))

table 5 : explain SELECT SUM(k) FROM sbtest5 WHERE id BETWEEN 2493560 AND 2494559
	Aggregate  (cost=3847.20..3847.21 rows=1 width=8)
	  ->  Bitmap Heap Scan on sbtest5  (cost=30.60..3844.72 rows=992 width=4)
	        Recheck Cond: ((id >= 2493560) AND (id <= 2494559))
	        ->  Bitmap Index Scan on sbtest5_pkey  (cost=0.00..30.36 rows=992 width=0)
	              Index Cond: ((id >= 2493560) AND (id <= 2494559))

table 6 : explain SELECT SUM(k) FROM sbtest6 WHERE id BETWEEN 9816721 AND 9817720
	Aggregate  (cost=4047.14..4047.15 rows=1 width=8)
	  ->  Bitmap Heap Scan on sbtest6  (cost=35.14..4044.53 rows=1044 width=4)
	        Recheck Cond: ((id >= 9816721) AND (id <= 9817720))
	        ->  Bitmap Index Scan on sbtest6_pkey  (cost=0.00..34.88 rows=1044 width=0)
	              Index Cond: ((id >= 9816721) AND (id <= 9817720))

table 7 : explain SELECT SUM(k) FROM sbtest7 WHERE id BETWEEN 5993588 AND 5994587
	Aggregate  (cost=3733.82..3733.83 rows=1 width=8)
	  ->  Bitmap Heap Scan on sbtest7  (cost=30.30..3731.41 rows=962 width=4)
	        Recheck Cond: ((id >= 5993588) AND (id <= 5994587))
	        ->  Bitmap Index Scan on sbtest7_pkey  (cost=0.00..30.05 rows=962 width=0)
	              Index Cond: ((id >= 5993588) AND (id <= 5994587))

table 8 : explain SELECT SUM(k) FROM sbtest8 WHERE id BETWEEN 9220104 AND 9221103
	Aggregate  (cost=3639.20..3639.21 rows=1 width=8)
	  ->  Bitmap Heap Scan on sbtest8  (cost=30.04..3636.86 rows=937 width=4)
	        Recheck Cond: ((id >= 9220104) AND (id <= 9221103))
	        ->  Bitmap Index Scan on sbtest8_pkey  (cost=0.00..29.80 rows=937 width=0)
	              Index Cond: ((id >= 9220104) AND (id <= 9221103))

for point_selects
table 1 : explain SELECT c FROM sbtest1 WHERE id=1491476
	Index Scan using sbtest1_pkey on sbtest1  (cost=0.43..8.45 rows=1 width=121)
	  Index Cond: (id = 1491476)

table 2 : explain SELECT c FROM sbtest2 WHERE id=1245370
	Index Scan using sbtest2_pkey on sbtest2  (cost=0.43..8.45 rows=1 width=121)
	  Index Cond: (id = 1245370)

table 3 : explain SELECT c FROM sbtest3 WHERE id=6453683
	Index Scan using sbtest3_pkey on sbtest3  (cost=0.43..8.45 rows=1 width=121)
	  Index Cond: (id = 6453683)

table 4 : explain SELECT c FROM sbtest4 WHERE id=4732420
	Index Scan using sbtest4_pkey on sbtest4  (cost=0.43..8.45 rows=1 width=121)
	  Index Cond: (id = 4732420)

table 5 : explain SELECT c FROM sbtest5 WHERE id=4762937
	Index Scan using sbtest5_pkey on sbtest5  (cost=0.43..8.45 rows=1 width=121)
	  Index Cond: (id = 4762937)

table 6 : explain SELECT c FROM sbtest6 WHERE id=5506002
	Index Scan using sbtest6_pkey on sbtest6  (cost=0.43..8.45 rows=1 width=121)
	  Index Cond: (id = 5506002)

table 7 : explain SELECT c FROM sbtest7 WHERE id=2357031
	Index Scan using sbtest7_pkey on sbtest7  (cost=0.43..8.45 rows=1 width=121)
	  Index Cond: (id = 2357031)

table 8 : explain SELECT c FROM sbtest8 WHERE id=4395985
	Index Scan using sbtest8_pkey on sbtest8  (cost=0.43..8.45 rows=1 width=121)
	  Index Cond: (id = 4395985)

for: order_ranges
table 1 : explain SELECT c FROM sbtest1 WHERE id BETWEEN 6750584 AND 6751583 ORDER BY c
	Sort  (cost=4062.53..4065.12 rows=1036 width=121)
	  Sort Key: c
	  ->  Bitmap Heap Scan on sbtest1  (cost=31.05..4010.64 rows=1036 width=121)
	        Recheck Cond: ((id >= 6750584) AND (id <= 6751583))
	        ->  Bitmap Index Scan on sbtest1_pkey  (cost=0.00..30.79 rows=1036 width=0)
	              Index Cond: ((id >= 6750584) AND (id <= 6751583))

table 2 : explain SELECT c FROM sbtest2 WHERE id BETWEEN 6972216 AND 6973215 ORDER BY c
	Sort  (cost=3660.05..3662.38 rows=931 width=121)
	  Sort Key: c
	  ->  Bitmap Heap Scan on sbtest2  (cost=29.98..3614.14 rows=931 width=121)
	        Recheck Cond: ((id >= 6972216) AND (id <= 6973215))
	        ->  Bitmap Index Scan on sbtest2_pkey  (cost=0.00..29.75 rows=931 width=0)
	              Index Cond: ((id >= 6972216) AND (id <= 6973215))

table 3 : explain SELECT c FROM sbtest3 WHERE id BETWEEN 55423 AND 56422 ORDER BY c
	Sort  (cost=4257.55..4260.26 rows=1086 width=121)
	  Sort Key: c
	  ->  Bitmap Heap Scan on sbtest3  (cost=35.57..4202.79 rows=1086 width=121)
	        Recheck Cond: ((id >= 55423) AND (id <= 56422))
	        ->  Bitmap Index Scan on sbtest3_pkey  (cost=0.00..35.30 rows=1086 width=0)
	              Index Cond: ((id >= 55423) AND (id <= 56422))

table 4 : explain SELECT c FROM sbtest4 WHERE id BETWEEN 6882705 AND 6883704 ORDER BY c
	Sort  (cost=4135.78..4138.42 rows=1054 width=121)
	  Sort Key: c
	  ->  Bitmap Heap Scan on sbtest4  (cost=35.24..4082.86 rows=1054 width=121)
	        Recheck Cond: ((id >= 6882705) AND (id <= 6883704))
	        ->  Bitmap Index Scan on sbtest4_pkey  (cost=0.00..34.98 rows=1054 width=0)
	              Index Cond: ((id >= 6882705) AND (id <= 6883704))

table 5 : explain SELECT c FROM sbtest5 WHERE id BETWEEN 6882823 AND 6883822 ORDER BY c
	Sort  (cost=3686.94..3689.29 rows=938 width=121)
	  Sort Key: c
	  ->  Bitmap Heap Scan on sbtest5  (cost=30.05..3640.63 rows=938 width=121)
	        Recheck Cond: ((id >= 6882823) AND (id <= 6883822))
	        ->  Bitmap Index Scan on sbtest5_pkey  (cost=0.00..29.82 rows=938 width=0)
	              Index Cond: ((id >= 6882823) AND (id <= 6883822))

table 6 : explain SELECT c FROM sbtest6 WHERE id BETWEEN 8770915 AND 8771914 ORDER BY c
	Sort  (cost=3744.20..3746.58 rows=953 width=121)
	  Sort Key: c
	  ->  Bitmap Heap Scan on sbtest6  (cost=30.20..3697.04 rows=953 width=121)
	        Recheck Cond: ((id >= 8770915) AND (id <= 8771914))
	        ->  Bitmap Index Scan on sbtest6_pkey  (cost=0.00..29.96 rows=953 width=0)
	              Index Cond: ((id >= 8770915) AND (id <= 8771914))

table 7 : explain SELECT c FROM sbtest7 WHERE id BETWEEN 2240723 AND 2241722 ORDER BY c
	Sort  (cost=4150.83..4153.48 rows=1058 width=121)
	  Sort Key: c
	  ->  Bitmap Heap Scan on sbtest7  (cost=35.28..4097.68 rows=1058 width=121)
	        Recheck Cond: ((id >= 2240723) AND (id <= 2241722))
	        ->  Bitmap Index Scan on sbtest7_pkey  (cost=0.00..35.02 rows=1058 width=0)
	              Index Cond: ((id >= 2240723) AND (id <= 2241722))

table 8 : explain SELECT c FROM sbtest8 WHERE id BETWEEN 619460 AND 620459 ORDER BY c
	Sort  (cost=4146.99..4149.63 rows=1057 width=121)
	  Sort Key: c
	  ->  Bitmap Heap Scan on sbtest8  (cost=35.27..4093.89 rows=1057 width=121)
	        Recheck Cond: ((id >= 619460) AND (id <= 620459))
	        ->  Bitmap Index Scan on sbtest8_pkey  (cost=0.00..35.01 rows=1057 width=0)
	              Index Cond: ((id >= 619460) AND (id <= 620459))

explain: for point_selects :: explain SELECT c FROM sbtest%u WHERE id=%u
explain: for point_selects :: explain SELECT c FROM sbtest%u WHERE id=%u
for: sum_ranges
table 1 : explain SELECT SUM(k) FROM sbtest1 WHERE id BETWEEN 5530187 AND 5531186
	Aggregate  (cost=3979.27..3979.28 rows=1 width=8)
	  ->  Bitmap Heap Scan on sbtest1  (cost=30.96..3976.70 rows=1027 width=4)
	        Recheck Cond: ((id >= 5530187) AND (id <= 5531186))
	        ->  Bitmap Index Scan on sbtest1_pkey  (cost=0.00..30.70 rows=1027 width=0)
	              Index Cond: ((id >= 5530187) AND (id <= 5531186))

table 2 : explain SELECT SUM(k) FROM sbtest2 WHERE id BETWEEN 4337762 AND 4338761
	Aggregate  (cost=3835.84..3835.85 rows=1 width=8)
	  ->  Bitmap Heap Scan on sbtest2  (cost=30.57..3833.37 rows=989 width=4)
	        Recheck Cond: ((id >= 4337762) AND (id <= 4338761))
	        ->  Bitmap Index Scan on sbtest2_pkey  (cost=0.00..30.32 rows=989 width=0)
	              Index Cond: ((id >= 4337762) AND (id <= 4338761))

table 3 : explain SELECT SUM(k) FROM sbtest3 WHERE id BETWEEN 6324227 AND 6325226
	Aggregate  (cost=3733.53..3733.54 rows=1 width=8)
	  ->  Bitmap Heap Scan on sbtest3  (cost=30.30..3731.12 rows=962 width=4)
	        Recheck Cond: ((id >= 6324227) AND (id <= 6325226))
	        ->  Bitmap Index Scan on sbtest3_pkey  (cost=0.00..30.05 rows=962 width=0)
	              Index Cond: ((id >= 6324227) AND (id <= 6325226))

table 4 : explain SELECT SUM(k) FROM sbtest4 WHERE id BETWEEN 7509692 AND 7510691
	Aggregate  (cost=3998.50..3998.51 rows=1 width=8)
	  ->  Bitmap Heap Scan on sbtest4  (cost=31.01..3995.92 rows=1032 width=4)
	        Recheck Cond: ((id >= 7509692) AND (id <= 7510691))
	        ->  Bitmap Index Scan on sbtest4_pkey  (cost=0.00..30.75 rows=1032 width=0)
	              Index Cond: ((id >= 7509692) AND (id <= 7510691))

table 5 : explain SELECT SUM(k) FROM sbtest5 WHERE id BETWEEN 2366141 AND 2367140
	Aggregate  (cost=3964.26..3964.27 rows=1 width=8)
	  ->  Bitmap Heap Scan on sbtest5  (cost=30.92..3961.71 rows=1023 width=4)
	        Recheck Cond: ((id >= 2366141) AND (id <= 2367140))
	        ->  Bitmap Index Scan on sbtest5_pkey  (cost=0.00..30.66 rows=1023 width=0)
	              Index Cond: ((id >= 2366141) AND (id <= 2367140))

table 6 : explain SELECT SUM(k) FROM sbtest6 WHERE id BETWEEN 1524459 AND 1525458
	Aggregate  (cost=3706.99..3707.00 rows=1 width=8)
	  ->  Bitmap Heap Scan on sbtest6  (cost=30.22..3704.60 rows=955 width=4)
	        Recheck Cond: ((id >= 1524459) AND (id <= 1525458))
	        ->  Bitmap Index Scan on sbtest6_pkey  (cost=0.00..29.98 rows=955 width=0)
	              Index Cond: ((id >= 1524459) AND (id <= 1525458))

table 7 : explain SELECT SUM(k) FROM sbtest7 WHERE id BETWEEN 4998564 AND 4999563
	Aggregate  (cost=4213.38..4213.39 rows=1 width=8)
	  ->  Bitmap Heap Scan on sbtest7  (cost=35.59..4210.66 rows=1088 width=4)
	        Recheck Cond: ((id >= 4998564) AND (id <= 4999563))
	        ->  Bitmap Index Scan on sbtest7_pkey  (cost=0.00..35.32 rows=1088 width=0)
	              Index Cond: ((id >= 4998564) AND (id <= 4999563))

table 8 : explain SELECT SUM(k) FROM sbtest8 WHERE id BETWEEN 2361354 AND 2362353
	Aggregate  (cost=3918.97..3918.98 rows=1 width=8)
	  ->  Bitmap Heap Scan on sbtest8  (cost=30.80..3916.44 rows=1011 width=4)
	        Recheck Cond: ((id >= 2361354) AND (id <= 2362353))
	        ->  Bitmap Index Scan on sbtest8_pkey  (cost=0.00..30.54 rows=1011 width=0)
	              Index Cond: ((id >= 2361354) AND (id <= 2362353))

for point_selects
table 1 : explain SELECT c FROM sbtest1 WHERE id=6259920
	Index Scan using sbtest1_pkey on sbtest1  (cost=0.43..8.45 rows=1 width=121)
	  Index Cond: (id = 6259920)

table 2 : explain SELECT c FROM sbtest2 WHERE id=3752818
	Index Scan using sbtest2_pkey on sbtest2  (cost=0.43..8.45 rows=1 width=121)
	  Index Cond: (id = 3752818)

table 3 : explain SELECT c FROM sbtest3 WHERE id=5234349
	Index Scan using sbtest3_pkey on sbtest3  (cost=0.43..8.45 rows=1 width=121)
	  Index Cond: (id = 5234349)

table 4 : explain SELECT c FROM sbtest4 WHERE id=9337172
	Index Scan using sbtest4_pkey on sbtest4  (cost=0.43..8.45 rows=1 width=121)
	  Index Cond: (id = 9337172)

table 5 : explain SELECT c FROM sbtest5 WHERE id=6410886
	Index Scan using sbtest5_pkey on sbtest5  (cost=0.43..8.45 rows=1 width=121)
	  Index Cond: (id = 6410886)

table 6 : explain SELECT c FROM sbtest6 WHERE id=9965749
	Index Scan using sbtest6_pkey on sbtest6  (cost=0.43..8.45 rows=1 width=121)
	  Index Cond: (id = 9965749)

table 7 : explain SELECT c FROM sbtest7 WHERE id=693631
	Index Scan using sbtest7_pkey on sbtest7  (cost=0.43..8.45 rows=1 width=121)
	  Index Cond: (id = 693631)

table 8 : explain SELECT c FROM sbtest8 WHERE id=3550500
	Index Scan using sbtest8_pkey on sbtest8  (cost=0.43..8.45 rows=1 width=121)
	  Index Cond: (id = 3550500)

for: simple_ranges
table 1 : explain SELECT c FROM sbtest1 WHERE id BETWEEN 1244340 AND 1245339
	Bitmap Heap Scan on sbtest1  (cost=35.62..4221.82 rows=1091 width=121)
	  Recheck Cond: ((id >= 1244340) AND (id <= 1245339))
	  ->  Bitmap Index Scan on sbtest1_pkey  (cost=0.00..35.34 rows=1091 width=0)
	        Index Cond: ((id >= 1244340) AND (id <= 1245339))

table 2 : explain SELECT c FROM sbtest2 WHERE id BETWEEN 5545774 AND 5546773
	Bitmap Heap Scan on sbtest2  (cost=29.25..3345.17 rows=860 width=121)
	  Recheck Cond: ((id >= 5545774) AND (id <= 5546773))
	  ->  Bitmap Index Scan on sbtest2_pkey  (cost=0.00..29.04 rows=860 width=0)
	        Index Cond: ((id >= 5545774) AND (id <= 5546773))

table 3 : explain SELECT c FROM sbtest3 WHERE id BETWEEN 242798 AND 243797
	Bitmap Heap Scan on sbtest3  (cost=30.49..3802.91 rows=981 width=121)
	  Recheck Cond: ((id >= 242798) AND (id <= 243797))
	  ->  Bitmap Index Scan on sbtest3_pkey  (cost=0.00..30.25 rows=981 width=0)
	        Index Cond: ((id >= 242798) AND (id <= 243797))

table 4 : explain SELECT c FROM sbtest4 WHERE id BETWEEN 4141571 AND 4142570
	Bitmap Heap Scan on sbtest4  (cost=30.31..3735.41 rows=963 width=121)
	  Recheck Cond: ((id >= 4141571) AND (id <= 4142570))
	  ->  Bitmap Index Scan on sbtest4_pkey  (cost=0.00..30.07 rows=963 width=0)
	        Index Cond: ((id >= 4141571) AND (id <= 4142570))

table 5 : explain SELECT c FROM sbtest5 WHERE id BETWEEN 8581909 AND 8582908
	Bitmap Heap Scan on sbtest5  (cost=30.89..3950.39 rows=1020 width=121)
	  Recheck Cond: ((id >= 8581909) AND (id <= 8582908))
	  ->  Bitmap Index Scan on sbtest5_pkey  (cost=0.00..30.64 rows=1020 width=0)
	        Index Cond: ((id >= 8581909) AND (id <= 8582908))

table 6 : explain SELECT c FROM sbtest6 WHERE id BETWEEN 8216476 AND 8217475
	Bitmap Heap Scan on sbtest6  (cost=30.11..3663.01 rows=944 width=121)
	  Recheck Cond: ((id >= 8216476) AND (id <= 8217475))
	  ->  Bitmap Index Scan on sbtest6_pkey  (cost=0.00..29.87 rows=944 width=0)
	        Index Cond: ((id >= 8216476) AND (id <= 8217475))

table 7 : explain SELECT c FROM sbtest7 WHERE id BETWEEN 371933 AND 372932
	Bitmap Heap Scan on sbtest7  (cost=35.30..4105.22 rows=1060 width=121)
	  Recheck Cond: ((id >= 371933) AND (id <= 372932))
	  ->  Bitmap Index Scan on sbtest7_pkey  (cost=0.00..35.04 rows=1060 width=0)
	        Index Cond: ((id >= 371933) AND (id <= 372932))

table 8 : explain SELECT c FROM sbtest8 WHERE id BETWEEN 2228083 AND 2229082
	Bitmap Heap Scan on sbtest8  (cost=29.74..3527.10 rows=908 width=121)
	  Recheck Cond: ((id >= 2228083) AND (id <= 2229082))
	  ->  Bitmap Index Scan on sbtest8_pkey  (cost=0.00..29.51 rows=908 width=0)
	        Index Cond: ((id >= 2228083) AND (id <= 2229082))

for: order_ranges
table 1 : explain SELECT c FROM sbtest1 WHERE id BETWEEN 6007063 AND 6008062 ORDER BY c
	Sort  (cost=4028.08..4030.64 rows=1027 width=121)
	  Sort Key: c
	  ->  Bitmap Heap Scan on sbtest1  (cost=30.96..3976.70 rows=1027 width=121)
	        Recheck Cond: ((id >= 6007063) AND (id <= 6008062))
	        ->  Bitmap Index Scan on sbtest1_pkey  (cost=0.00..30.70 rows=1027 width=0)
	              Index Cond: ((id >= 6007063) AND (id <= 6008062))

table 2 : explain SELECT c FROM sbtest2 WHERE id BETWEEN 9338238 AND 9339237 ORDER BY c
	Sort  (cost=4257.84..4260.56 rows=1086 width=121)
	  Sort Key: c
	  ->  Bitmap Heap Scan on sbtest2  (cost=35.57..4203.08 rows=1086 width=121)
	        Recheck Cond: ((id >= 9338238) AND (id <= 9339237))
	        ->  Bitmap Index Scan on sbtest2_pkey  (cost=0.00..35.30 rows=1086 width=0)
	              Index Cond: ((id >= 9338238) AND (id <= 9339237))

table 3 : explain SELECT c FROM sbtest3 WHERE id BETWEEN 3174657 AND 3175656 ORDER BY c
	Sort  (cost=4303.40..4306.14 rows=1098 width=121)
	  Sort Key: c
	  ->  Bitmap Heap Scan on sbtest3  (cost=35.69..4247.95 rows=1098 width=121)
	        Recheck Cond: ((id >= 3174657) AND (id <= 3175656))
	        ->  Bitmap Index Scan on sbtest3_pkey  (cost=0.00..35.42 rows=1098 width=0)
	              Index Cond: ((id >= 3174657) AND (id <= 3175656))

table 4 : explain SELECT c FROM sbtest4 WHERE id BETWEEN 3052790 AND 3053789 ORDER BY c
	Sort  (cost=4039.92..4042.50 rows=1030 width=121)
	  Sort Key: c
	  ->  Bitmap Heap Scan on sbtest4  (cost=30.99..3988.38 rows=1030 width=121)
	        Recheck Cond: ((id >= 3052790) AND (id <= 3053789))
	        ->  Bitmap Index Scan on sbtest4_pkey  (cost=0.00..30.73 rows=1030 width=0)
	              Index Cond: ((id >= 3052790) AND (id <= 3053789))

table 5 : explain SELECT c FROM sbtest5 WHERE id BETWEEN 2073523 AND 2074522 ORDER BY c
	Sort  (cost=3694.62..3696.97 rows=940 width=121)
	  Sort Key: c
	  ->  Bitmap Heap Scan on sbtest5  (cost=30.07..3648.20 rows=940 width=121)
	        Recheck Cond: ((id >= 2073523) AND (id <= 2074522))
	        ->  Bitmap Index Scan on sbtest5_pkey  (cost=0.00..29.83 rows=940 width=0)
	              Index Cond: ((id >= 2073523) AND (id <= 2074522))

table 6 : explain SELECT c FROM sbtest6 WHERE id BETWEEN 7497354 AND 7498353 ORDER BY c
	Sort  (cost=3909.08..3911.57 rows=996 width=121)
	  Sort Key: c
	  ->  Bitmap Heap Scan on sbtest6  (cost=30.64..3859.48 rows=996 width=121)
	        Recheck Cond: ((id >= 7497354) AND (id <= 7498353))
	        ->  Bitmap Index Scan on sbtest6_pkey  (cost=0.00..30.39 rows=996 width=0)
	              Index Cond: ((id >= 7497354) AND (id <= 7498353))

table 7 : explain SELECT c FROM sbtest7 WHERE id BETWEEN 1577217 AND 1578216 ORDER BY c
	Sort  (cost=3782.92..3785.32 rows=963 width=121)
	  Sort Key: c
	  ->  Bitmap Heap Scan on sbtest7  (cost=30.31..3735.19 rows=963 width=121)
	        Recheck Cond: ((id >= 1577217) AND (id <= 1578216))
	        ->  Bitmap Index Scan on sbtest7_pkey  (cost=0.00..30.07 rows=963 width=0)
	              Index Cond: ((id >= 1577217) AND (id <= 1578216))

table 8 : explain SELECT c FROM sbtest8 WHERE id BETWEEN 1016599 AND 1017598 ORDER BY c
	Sort  (cost=3986.05..3988.59 rows=1016 width=121)
	  Sort Key: c
	  ->  Bitmap Heap Scan on sbtest8  (cost=30.85..3935.31 rows=1016 width=121)
	        Recheck Cond: ((id >= 1016599) AND (id <= 1017598))
	        ->  Bitmap Index Scan on sbtest8_pkey  (cost=0.00..30.59 rows=1016 width=0)
	              Index Cond: ((id >= 1016599) AND (id <= 1017598))

for: order_ranges
table 1 : explain SELECT c FROM sbtest1 WHERE id BETWEEN 3295326 AND 3296325 ORDER BY c
	Sort  (cost=4196.60..4199.27 rows=1070 width=121)
	  Sort Key: c
	  ->  Bitmap Heap Scan on sbtest1  (cost=35.40..4142.76 rows=1070 width=121)
	        Recheck Cond: ((id >= 3295326) AND (id <= 3296325))
	        ->  Bitmap Index Scan on sbtest1_pkey  (cost=0.00..35.14 rows=1070 width=0)
	              Index Cond: ((id >= 3295326) AND (id <= 3296325))

table 2 : explain SELECT c FROM sbtest2 WHERE id BETWEEN 5657083 AND 5658082 ORDER BY c
	Sort  (cost=3732.99..3735.36 rows=950 width=121)
	  Sort Key: c
	  ->  Bitmap Heap Scan on sbtest2  (cost=30.17..3686.00 rows=950 width=121)
	        Recheck Cond: ((id >= 5657083) AND (id <= 5658082))
	        ->  Bitmap Index Scan on sbtest2_pkey  (cost=0.00..29.93 rows=950 width=0)
	              Index Cond: ((id >= 5657083) AND (id <= 5658082))

table 3 : explain SELECT c FROM sbtest3 WHERE id BETWEEN 2003154 AND 2004153 ORDER BY c
	Sort  (cost=3897.65..3900.13 rows=993 width=121)
	  Sort Key: c
	  ->  Bitmap Heap Scan on sbtest3  (cost=30.61..3848.22 rows=993 width=121)
	        Recheck Cond: ((id >= 2003154) AND (id <= 2004153))
	        ->  Bitmap Index Scan on sbtest3_pkey  (cost=0.00..30.36 rows=993 width=0)
	              Index Cond: ((id >= 2003154) AND (id <= 2004153))

table 4 : explain SELECT c FROM sbtest4 WHERE id BETWEEN 5817553 AND 5818552 ORDER BY c
	Sort  (cost=3902.01..3904.50 rows=994 width=121)
	  Sort Key: c
	  ->  Bitmap Heap Scan on sbtest4  (cost=30.62..3852.53 rows=994 width=121)
	        Recheck Cond: ((id >= 5817553) AND (id <= 5818552))
	        ->  Bitmap Index Scan on sbtest4_pkey  (cost=0.00..30.37 rows=994 width=0)
	              Index Cond: ((id >= 5817553) AND (id <= 5818552))

table 5 : explain SELECT c FROM sbtest5 WHERE id BETWEEN 1735049 AND 1736048 ORDER BY c
	Sort  (cost=4139.32..4141.96 rows=1055 width=121)
	  Sort Key: c
	  ->  Bitmap Heap Scan on sbtest5  (cost=35.25..4086.35 rows=1055 width=121)
	        Recheck Cond: ((id >= 1735049) AND (id <= 1736048))
	        ->  Bitmap Index Scan on sbtest5_pkey  (cost=0.00..34.98 rows=1055 width=0)
	              Index Cond: ((id >= 1735049) AND (id <= 1736048))

table 6 : explain SELECT c FROM sbtest6 WHERE id BETWEEN 8681839 AND 8682838 ORDER BY c
	Sort  (cost=4303.32..4306.06 rows=1098 width=121)
	  Sort Key: c
	  ->  Bitmap Heap Scan on sbtest6  (cost=35.69..4247.87 rows=1098 width=121)
	        Recheck Cond: ((id >= 8681839) AND (id <= 8682838))
	        ->  Bitmap Index Scan on sbtest6_pkey  (cost=0.00..35.42 rows=1098 width=0)
	              Index Cond: ((id >= 8681839) AND (id <= 8682838))

table 7 : explain SELECT c FROM sbtest7 WHERE id BETWEEN 6927407 AND 6928406 ORDER BY c
	Sort  (cost=4051.34..4053.92 rows=1032 width=121)
	  Sort Key: c
	  ->  Bitmap Heap Scan on sbtest7  (cost=35.01..3999.68 rows=1032 width=121)
	        Recheck Cond: ((id >= 6927407) AND (id <= 6928406))
	        ->  Bitmap Index Scan on sbtest7_pkey  (cost=0.00..34.76 rows=1032 width=0)
	              Index Cond: ((id >= 6927407) AND (id <= 6928406))

table 8 : explain SELECT c FROM sbtest8 WHERE id BETWEEN 6022386 AND 6023385 ORDER BY c
	Sort  (cost=4097.25..4099.86 rows=1044 width=121)
	  Sort Key: c
	  ->  Bitmap Heap Scan on sbtest8  (cost=35.14..4044.90 rows=1044 width=121)
	        Recheck Cond: ((id >= 6022386) AND (id <= 6023385))
	        ->  Bitmap Index Scan on sbtest8_pkey  (cost=0.00..34.88 rows=1044 width=0)
	              Index Cond: ((id >= 6022386) AND (id <= 6023385))

for: sum_ranges
table 1 : explain SELECT SUM(k) FROM sbtest1 WHERE id BETWEEN 3243855 AND 3244854
	Aggregate  (cost=4009.46..4009.47 rows=1 width=8)
	  ->  Bitmap Heap Scan on sbtest1  (cost=31.04..4006.87 rows=1035 width=4)
	        Recheck Cond: ((id >= 3243855) AND (id <= 3244854))
	        ->  Bitmap Index Scan on sbtest1_pkey  (cost=0.00..30.79 rows=1035 width=0)
	              Index Cond: ((id >= 3243855) AND (id <= 3244854))

table 2 : explain SELECT SUM(k) FROM sbtest2 WHERE id BETWEEN 9293897 AND 9294896
	Aggregate  (cost=4205.80..4205.81 rows=1 width=8)
	  ->  Bitmap Heap Scan on sbtest2  (cost=35.57..4203.08 rows=1086 width=4)
	        Recheck Cond: ((id >= 9293897) AND (id <= 9294896))
	        ->  Bitmap Index Scan on sbtest2_pkey  (cost=0.00..35.30 rows=1086 width=0)
	              Index Cond: ((id >= 9293897) AND (id <= 9294896))

table 3 : explain SELECT SUM(k) FROM sbtest3 WHERE id BETWEEN 8751594 AND 8752593
	Aggregate  (cost=3707.05..3707.06 rows=1 width=8)
	  ->  Bitmap Heap Scan on sbtest3  (cost=30.22..3704.67 rows=955 width=4)
	        Recheck Cond: ((id >= 8751594) AND (id <= 8752593))
	        ->  Bitmap Index Scan on sbtest3_pkey  (cost=0.00..29.98 rows=955 width=0)
	              Index Cond: ((id >= 8751594) AND (id <= 8752593))

table 4 : explain SELECT SUM(k) FROM sbtest4 WHERE id BETWEEN 5974306 AND 5975305
	Aggregate  (cost=3938.11..3938.12 rows=1 width=8)
	  ->  Bitmap Heap Scan on sbtest4  (cost=30.85..3935.57 rows=1016 width=4)
	        Recheck Cond: ((id >= 5974306) AND (id <= 5975305))
	        ->  Bitmap Index Scan on sbtest4_pkey  (cost=0.00..30.59 rows=1016 width=0)
	              Index Cond: ((id >= 5974306) AND (id <= 5975305))

table 5 : explain SELECT SUM(k) FROM sbtest5 WHERE id BETWEEN 2150150 AND 2151149
	Aggregate  (cost=4020.87..4020.88 rows=1 width=8)
	  ->  Bitmap Heap Scan on sbtest5  (cost=31.07..4018.27 rows=1038 width=4)
	        Recheck Cond: ((id >= 2150150) AND (id <= 2151149))
	        ->  Bitmap Index Scan on sbtest5_pkey  (cost=0.00..30.82 rows=1038 width=0)
	              Index Cond: ((id >= 2150150) AND (id <= 2151149))

table 6 : explain SELECT SUM(k) FROM sbtest6 WHERE id BETWEEN 7531777 AND 7532776
	Aggregate  (cost=3688.08..3688.09 rows=1 width=8)
	  ->  Bitmap Heap Scan on sbtest6  (cost=30.17..3685.70 rows=950 width=4)
	        Recheck Cond: ((id >= 7531777) AND (id <= 7532776))
	        ->  Bitmap Index Scan on sbtest6_pkey  (cost=0.00..29.93 rows=950 width=0)
	              Index Cond: ((id >= 7531777) AND (id <= 7532776))

table 7 : explain SELECT SUM(k) FROM sbtest7 WHERE id BETWEEN 9032941 AND 9033940
	Aggregate  (cost=4047.53..4047.54 rows=1 width=8)
	  ->  Bitmap Heap Scan on sbtest7  (cost=35.14..4044.92 rows=1044 width=4)
	        Recheck Cond: ((id >= 9032941) AND (id <= 9033940))
	        ->  Bitmap Index Scan on sbtest7_pkey  (cost=0.00..34.88 rows=1044 width=0)
	              Index Cond: ((id >= 9032941) AND (id <= 9033940))

table 8 : explain SELECT SUM(k) FROM sbtest8 WHERE id BETWEEN 3313816 AND 3314815
	Aggregate  (cost=3571.05..3571.06 rows=1 width=8)
	  ->  Bitmap Heap Scan on sbtest8  (cost=29.85..3568.75 rows=919 width=4)
	        Recheck Cond: ((id >= 3313816) AND (id <= 3314815))
	        ->  Bitmap Index Scan on sbtest8_pkey  (cost=0.00..29.62 rows=919 width=0)
	              Index Cond: ((id >= 3313816) AND (id <= 3314815))

explain: for point_selects :: explain SELECT c FROM sbtest%u WHERE id=%u
for: simple_ranges
table 1 : explain SELECT c FROM sbtest1 WHERE id BETWEEN 3960503 AND 3961502
	Bitmap Heap Scan on sbtest1  (cost=30.73..3889.93 rows=1004 width=121)
	  Recheck Cond: ((id >= 3960503) AND (id <= 3961502))
	  ->  Bitmap Index Scan on sbtest1_pkey  (cost=0.00..30.47 rows=1004 width=0)
	        Index Cond: ((id >= 3960503) AND (id <= 3961502))

table 2 : explain SELECT c FROM sbtest2 WHERE id BETWEEN 3498183 AND 3499182
	Bitmap Heap Scan on sbtest2  (cost=30.84..3931.51 rows=1015 width=121)
	  Recheck Cond: ((id >= 3498183) AND (id <= 3499182))
	  ->  Bitmap Index Scan on sbtest2_pkey  (cost=0.00..30.58 rows=1015 width=0)
	        Index Cond: ((id >= 3498183) AND (id <= 3499182))

table 3 : explain SELECT c FROM sbtest3 WHERE id BETWEEN 2853643 AND 2854642
	Bitmap Heap Scan on sbtest3  (cost=29.84..3564.71 rows=918 width=121)
	  Recheck Cond: ((id >= 2853643) AND (id <= 2854642))
	  ->  Bitmap Index Scan on sbtest3_pkey  (cost=0.00..29.61 rows=918 width=0)
	        Index Cond: ((id >= 2853643) AND (id <= 2854642))

table 4 : explain SELECT c FROM sbtest4 WHERE id BETWEEN 2463808 AND 2464807
	Bitmap Heap Scan on sbtest4  (cost=35.69..4248.56 rows=1098 width=121)
	  Recheck Cond: ((id >= 2463808) AND (id <= 2464807))
	  ->  Bitmap Index Scan on sbtest4_pkey  (cost=0.00..35.42 rows=1098 width=0)
	        Index Cond: ((id >= 2463808) AND (id <= 2464807))

table 5 : explain SELECT c FROM sbtest5 WHERE id BETWEEN 1908179 AND 1909178
	Bitmap Heap Scan on sbtest5  (cost=35.44..4157.92 rows=1074 width=121)
	  Recheck Cond: ((id >= 1908179) AND (id <= 1909178))
	  ->  Bitmap Index Scan on sbtest5_pkey  (cost=0.00..35.18 rows=1074 width=0)
	        Index Cond: ((id >= 1908179) AND (id <= 1909178))

table 6 : explain SELECT c FROM sbtest6 WHERE id BETWEEN 3655123 AND 3656122
	Bitmap Heap Scan on sbtest6  (cost=30.51..3810.39 rows=983 width=121)
	  Recheck Cond: ((id >= 3655123) AND (id <= 3656122))
	  ->  Bitmap Index Scan on sbtest6_pkey  (cost=0.00..30.26 rows=983 width=0)
	        Index Cond: ((id >= 3655123) AND (id <= 3656122))

table 7 : explain SELECT c FROM sbtest7 WHERE id BETWEEN 4396101 AND 4397100
	Bitmap Heap Scan on sbtest7  (cost=35.46..4165.48 rows=1076 width=121)
	  Recheck Cond: ((id >= 4396101) AND (id <= 4397100))
	  ->  Bitmap Index Scan on sbtest7_pkey  (cost=0.00..35.20 rows=1076 width=0)
	        Index Cond: ((id >= 4396101) AND (id <= 4397100))

table 8 : explain SELECT c FROM sbtest8 WHERE id BETWEEN 2900508 AND 2901507
	Bitmap Heap Scan on sbtest8  (cost=30.70..3878.70 rows=1001 width=121)
	  Recheck Cond: ((id >= 2900508) AND (id <= 2901507))
	  ->  Bitmap Index Scan on sbtest8_pkey  (cost=0.00..30.44 rows=1001 width=0)
	        Index Cond: ((id >= 2900508) AND (id <= 2901507))

explain: for point_selects :: explain SELECT c FROM sbtest%u WHERE id=%u
for: order_ranges
table 1 : explain SELECT c FROM sbtest1 WHERE id BETWEEN 2018573 AND 2019572 ORDER BY c
	Sort  (cost=3479.37..3481.58 rows=884 width=121)
	  Sort Key: c
	  ->  Bitmap Heap Scan on sbtest1  (cost=29.50..3436.10 rows=884 width=121)
	        Recheck Cond: ((id >= 2018573) AND (id <= 2019572))
	        ->  Bitmap Index Scan on sbtest1_pkey  (cost=0.00..29.27 rows=884 width=0)
	              Index Cond: ((id >= 2018573) AND (id <= 2019572))

table 2 : explain SELECT c FROM sbtest2 WHERE id BETWEEN 5446966 AND 5447965 ORDER BY c
	Sort  (cost=3932.40..3934.90 rows=1002 width=121)
	  Sort Key: c
	  ->  Bitmap Heap Scan on sbtest2  (cost=30.71..3882.45 rows=1002 width=121)
	        Recheck Cond: ((id >= 5446966) AND (id <= 5447965))
	        ->  Bitmap Index Scan on sbtest2_pkey  (cost=0.00..30.45 rows=1002 width=0)
	              Index Cond: ((id >= 5446966) AND (id <= 5447965))

table 3 : explain SELECT c FROM sbtest3 WHERE id BETWEEN 3747335 AND 3748334 ORDER BY c
	Sort  (cost=3943.63..3946.14 rows=1005 width=121)
	  Sort Key: c
	  ->  Bitmap Heap Scan on sbtest3  (cost=30.74..3893.51 rows=1005 width=121)
	        Recheck Cond: ((id >= 3747335) AND (id <= 3748334))
	        ->  Bitmap Index Scan on sbtest3_pkey  (cost=0.00..30.48 rows=1005 width=0)
	              Index Cond: ((id >= 3747335) AND (id <= 3748334))

table 4 : explain SELECT c FROM sbtest4 WHERE id BETWEEN 3332674 AND 3333673 ORDER BY c
	Sort  (cost=3660.30..3662.62 rows=931 width=121)
	  Sort Key: c
	  ->  Bitmap Heap Scan on sbtest4  (cost=29.98..3614.39 rows=931 width=121)
	        Recheck Cond: ((id >= 3332674) AND (id <= 3333673))
	        ->  Bitmap Index Scan on sbtest4_pkey  (cost=0.00..29.75 rows=931 width=0)
	              Index Cond: ((id >= 3332674) AND (id <= 3333673))

table 5 : explain SELECT c FROM sbtest5 WHERE id BETWEEN 1591840 AND 1592839 ORDER BY c
	Sort  (cost=3871.09..3873.55 rows=986 width=121)
	  Sort Key: c
	  ->  Bitmap Heap Scan on sbtest5  (cost=30.54..3822.06 rows=986 width=121)
	        Recheck Cond: ((id >= 1591840) AND (id <= 1592839))
	        ->  Bitmap Index Scan on sbtest5_pkey  (cost=0.00..30.29 rows=986 width=0)
	              Index Cond: ((id >= 1591840) AND (id <= 1592839))

table 6 : explain SELECT c FROM sbtest6 WHERE id BETWEEN 2908978 AND 2909977 ORDER BY c
	Sort  (cost=4184.84..4187.51 rows=1067 width=121)
	  Sort Key: c
	  ->  Bitmap Heap Scan on sbtest6  (cost=35.37..4131.18 rows=1067 width=121)
	        Recheck Cond: ((id >= 2908978) AND (id <= 2909977))
	        ->  Bitmap Index Scan on sbtest6_pkey  (cost=0.00..35.11 rows=1067 width=0)
	              Index Cond: ((id >= 2908978) AND (id <= 2909977))

table 7 : explain SELECT c FROM sbtest7 WHERE id BETWEEN 5719312 AND 5720311 ORDER BY c
	Sort  (cost=3901.78..3904.27 rows=994 width=121)
	  Sort Key: c
	  ->  Bitmap Heap Scan on sbtest7  (cost=30.62..3852.30 rows=994 width=121)
	        Recheck Cond: ((id >= 5719312) AND (id <= 5720311))
	        ->  Bitmap Index Scan on sbtest7_pkey  (cost=0.00..30.37 rows=994 width=0)
	              Index Cond: ((id >= 5719312) AND (id <= 5720311))

table 8 : explain SELECT c FROM sbtest8 WHERE id BETWEEN 2808496 AND 2809495 ORDER BY c
	Sort  (cost=3928.59..3931.09 rows=1001 width=121)
	  Sort Key: c
	  ->  Bitmap Heap Scan on sbtest8  (cost=30.70..3878.70 rows=1001 width=121)
	        Recheck Cond: ((id >= 2808496) AND (id <= 2809495))
	        ->  Bitmap Index Scan on sbtest8_pkey  (cost=0.00..30.44 rows=1001 width=0)
	              Index Cond: ((id >= 2808496) AND (id <= 2809495))

explain: for point_selects :: explain SELECT c FROM sbtest%u WHERE id=%u
for: sum_ranges
table 1 : explain SELECT SUM(k) FROM sbtest1 WHERE id BETWEEN 626809 AND 627808
	Aggregate  (cost=3990.59..3990.60 rows=1 width=8)
	  ->  Bitmap Heap Scan on sbtest1  (cost=30.99..3988.02 rows=1030 width=4)
	        Recheck Cond: ((id >= 626809) AND (id <= 627808))
	        ->  Bitmap Index Scan on sbtest1_pkey  (cost=0.00..30.73 rows=1030 width=0)
	              Index Cond: ((id >= 626809) AND (id <= 627808))

table 2 : explain SELECT SUM(k) FROM sbtest2 WHERE id BETWEEN 1402678 AND 1403677
	Aggregate  (cost=4055.03..4055.04 rows=1 width=8)
	  ->  Bitmap Heap Scan on sbtest2  (cost=35.16..4052.41 rows=1046 width=4)
	        Recheck Cond: ((id >= 1402678) AND (id <= 1403677))
	        ->  Bitmap Index Scan on sbtest2_pkey  (cost=0.00..34.90 rows=1046 width=0)
	              Index Cond: ((id >= 1402678) AND (id <= 1403677))

table 3 : explain SELECT SUM(k) FROM sbtest3 WHERE id BETWEEN 5995153 AND 5996152
	Aggregate  (cost=3654.08..3654.09 rows=1 width=8)
	  ->  Bitmap Heap Scan on sbtest3  (cost=30.08..3651.73 rows=941 width=4)
	        Recheck Cond: ((id >= 5995153) AND (id <= 5996152))
	        ->  Bitmap Index Scan on sbtest3_pkey  (cost=0.00..29.84 rows=941 width=0)
	              Index Cond: ((id >= 5995153) AND (id <= 5996152))

table 4 : explain SELECT SUM(k) FROM sbtest4 WHERE id BETWEEN 90959 AND 91958
	Aggregate  (cost=3926.78..3926.79 rows=1 width=8)
	  ->  Bitmap Heap Scan on sbtest4  (cost=30.82..3924.25 rows=1013 width=4)
	        Recheck Cond: ((id >= 90959) AND (id <= 91958))
	        ->  Bitmap Index Scan on sbtest4_pkey  (cost=0.00..30.57 rows=1013 width=0)
	              Index Cond: ((id >= 90959) AND (id <= 91958))

table 5 : explain SELECT SUM(k) FROM sbtest5 WHERE id BETWEEN 9904316 AND 9905315
	Aggregate  (cost=3745.13..3745.14 rows=1 width=8)
	  ->  Bitmap Heap Scan on sbtest5  (cost=30.33..3742.72 rows=965 width=4)
	        Recheck Cond: ((id >= 9904316) AND (id <= 9905315))
	        ->  Bitmap Index Scan on sbtest5_pkey  (cost=0.00..30.08 rows=965 width=0)
	              Index Cond: ((id >= 9904316) AND (id <= 9905315))

table 6 : explain SELECT SUM(k) FROM sbtest6 WHERE id BETWEEN 2544668 AND 2545667
	Aggregate  (cost=3820.41..3820.42 rows=1 width=8)
	  ->  Bitmap Heap Scan on sbtest6  (cost=30.53..3817.95 rows=985 width=4)
	        Recheck Cond: ((id >= 2544668) AND (id <= 2545667))
	        ->  Bitmap Index Scan on sbtest6_pkey  (cost=0.00..30.29 rows=985 width=0)
	              Index Cond: ((id >= 2544668) AND (id <= 2545667))

table 7 : explain SELECT SUM(k) FROM sbtest7 WHERE id BETWEEN 3072926 AND 3073925
	Aggregate  (cost=3502.86..3502.87 rows=1 width=8)
	  ->  Bitmap Heap Scan on sbtest7  (cost=29.67..3500.61 rows=901 width=4)
	        Recheck Cond: ((id >= 3072926) AND (id <= 3073925))
	        ->  Bitmap Index Scan on sbtest7_pkey  (cost=0.00..29.44 rows=901 width=0)
	              Index Cond: ((id >= 3072926) AND (id <= 3073925))

table 8 : explain SELECT SUM(k) FROM sbtest8 WHERE id BETWEEN 5073705 AND 5074704
	Aggregate  (cost=3593.77..3593.78 rows=1 width=8)
	  ->  Bitmap Heap Scan on sbtest8  (cost=29.92..3591.46 rows=925 width=4)
	        Recheck Cond: ((id >= 5073705) AND (id <= 5074704))
	        ->  Bitmap Index Scan on sbtest8_pkey  (cost=0.00..29.68 rows=925 width=0)
	              Index Cond: ((id >= 5073705) AND (id <= 5074704))

for: distinct_ranges
table 1 : explain SELECT DISTINCT c FROM sbtest1 WHERE id BETWEEN 8602127 AND 8603126 ORDER BY c
	Unique  (cost=3575.47..3580.02 rows=909 width=121)
	  ->  Sort  (cost=3575.47..3577.75 rows=909 width=121)
	        Sort Key: c
	        ->  Bitmap Heap Scan on sbtest1  (cost=29.75..3530.80 rows=909 width=121)
	              Recheck Cond: ((id >= 8602127) AND (id <= 8603126))
	              ->  Bitmap Index Scan on sbtest1_pkey  (cost=0.00..29.52 rows=909 width=0)
	                    Index Cond: ((id >= 8602127) AND (id <= 8603126))

table 2 : explain SELECT DISTINCT c FROM sbtest2 WHERE id BETWEEN 96739 AND 97738 ORDER BY c
	Unique  (cost=3621.64..3626.25 rows=921 width=121)
	  ->  Sort  (cost=3621.64..3623.94 rows=921 width=121)
	        Sort Key: c
	        ->  Bitmap Heap Scan on sbtest2  (cost=29.88..3576.29 rows=921 width=121)
	              Recheck Cond: ((id >= 96739) AND (id <= 97738))
	              ->  Bitmap Index Scan on sbtest2_pkey  (cost=0.00..29.64 rows=921 width=0)
	                    Index Cond: ((id >= 96739) AND (id <= 97738))

table 3 : explain SELECT DISTINCT c FROM sbtest3 WHERE id BETWEEN 5828835 AND 5829834 ORDER BY c
	Unique  (cost=3966.61..3971.67 rows=1011 width=121)
	  ->  Sort  (cost=3966.61..3969.14 rows=1011 width=121)
	        Sort Key: c
	        ->  Bitmap Heap Scan on sbtest3  (cost=30.80..3916.16 rows=1011 width=121)
	              Recheck Cond: ((id >= 5828835) AND (id <= 5829834))
	              ->  Bitmap Index Scan on sbtest3_pkey  (cost=0.00..30.54 rows=1011 width=0)
	                    Index Cond: ((id >= 5828835) AND (id <= 5829834))

table 4 : explain SELECT DISTINCT c FROM sbtest4 WHERE id BETWEEN 4059087 AND 4060086 ORDER BY c
	Unique  (cost=4269.62..4275.07 rows=1089 width=121)
	  ->  Sort  (cost=4269.62..4272.34 rows=1089 width=121)
	        Sort Key: c
	        ->  Bitmap Heap Scan on sbtest4  (cost=35.60..4214.69 rows=1089 width=121)
	              Recheck Cond: ((id >= 4059087) AND (id <= 4060086))
	              ->  Bitmap Index Scan on sbtest4_pkey  (cost=0.00..35.33 rows=1089 width=0)
	                    Index Cond: ((id >= 4059087) AND (id <= 4060086))

table 5 : explain SELECT DISTINCT c FROM sbtest5 WHERE id BETWEEN 627508 AND 628507 ORDER BY c
	Unique  (cost=3848.09..3852.99 rows=980 width=121)
	  ->  Sort  (cost=3848.09..3850.54 rows=980 width=121)
	        Sort Key: c
	        ->  Bitmap Heap Scan on sbtest5  (cost=30.48..3799.40 rows=980 width=121)
	              Recheck Cond: ((id >= 627508) AND (id <= 628507))
	              ->  Bitmap Index Scan on sbtest5_pkey  (cost=0.00..30.23 rows=980 width=0)
	                    Index Cond: ((id >= 627508) AND (id <= 628507))

table 6 : explain SELECT DISTINCT c FROM sbtest6 WHERE id BETWEEN 6047413 AND 6048412 ORDER BY c
	Unique  (cost=3632.87..3637.49 rows=924 width=121)
	  ->  Sort  (cost=3632.87..3635.18 rows=924 width=121)
	        Sort Key: c
	        ->  Bitmap Heap Scan on sbtest6  (cost=29.91..3587.36 rows=924 width=121)
	              Recheck Cond: ((id >= 6047413) AND (id <= 6048412))
	              ->  Bitmap Index Scan on sbtest6_pkey  (cost=0.00..29.68 rows=924 width=0)
	                    Index Cond: ((id >= 6047413) AND (id <= 6048412))

table 7 : explain SELECT DISTINCT c FROM sbtest7 WHERE id BETWEEN 765051 AND 766050 ORDER BY c
	Unique  (cost=4055.17..4060.33 rows=1033 width=121)
	  ->  Sort  (cost=4055.17..4057.75 rows=1033 width=121)
	        Sort Key: c
	        ->  Bitmap Heap Scan on sbtest7  (cost=35.02..4003.45 rows=1033 width=121)
	              Recheck Cond: ((id >= 765051) AND (id <= 766050))
	              ->  Bitmap Index Scan on sbtest7_pkey  (cost=0.00..34.77 rows=1033 width=0)
	                    Index Cond: ((id >= 765051) AND (id <= 766050))

table 8 : explain SELECT DISTINCT c FROM sbtest8 WHERE id BETWEEN 2561297 AND 2562296 ORDER BY c
	Unique  (cost=4334.29..4339.82 rows=1106 width=121)
	  ->  Sort  (cost=4334.29..4337.05 rows=1106 width=121)
	        Sort Key: c
	        ->  Bitmap Heap Scan on sbtest8  (cost=35.77..4278.37 rows=1106 width=121)
	              Recheck Cond: ((id >= 2561297) AND (id <= 2562296))
	              ->  Bitmap Index Scan on sbtest8_pkey  (cost=0.00..35.50 rows=1106 width=0)
	                    Index Cond: ((id >= 2561297) AND (id <= 2562296))

for: distinct_ranges
table 1 : explain SELECT DISTINCT c FROM sbtest1 WHERE id BETWEEN 5888680 AND 5889679 ORDER BY c
	Unique  (cost=3947.65..3952.68 rows=1006 width=121)
	  ->  Sort  (cost=3947.65..3950.16 rows=1006 width=121)
	        Sort Key: c
	        ->  Bitmap Heap Scan on sbtest1  (cost=30.75..3897.48 rows=1006 width=121)
	              Recheck Cond: ((id >= 5888680) AND (id <= 5889679))
	              ->  Bitmap Index Scan on sbtest1_pkey  (cost=0.00..30.50 rows=1006 width=0)
	                    Index Cond: ((id >= 5888680) AND (id <= 5889679))

table 2 : explain SELECT DISTINCT c FROM sbtest2 WHERE id BETWEEN 8259474 AND 8260473 ORDER BY c
	Unique  (cost=3798.22..3803.05 rows=967 width=121)
	  ->  Sort  (cost=3798.22..3800.63 rows=967 width=121)
	        Sort Key: c
	        ->  Bitmap Heap Scan on sbtest2  (cost=30.35..3750.26 rows=967 width=121)
	              Recheck Cond: ((id >= 8259474) AND (id <= 8260473))
	              ->  Bitmap Index Scan on sbtest2_pkey  (cost=0.00..30.11 rows=967 width=0)
	                    Index Cond: ((id >= 8259474) AND (id <= 8260473))

table 3 : explain SELECT DISTINCT c FROM sbtest3 WHERE id BETWEEN 876581 AND 877580 ORDER BY c
	Unique  (cost=3951.29..3956.33 rows=1007 width=121)
	  ->  Sort  (cost=3951.29..3953.81 rows=1007 width=121)
	        Sort Key: c
	        ->  Bitmap Heap Scan on sbtest3  (cost=30.76..3901.06 rows=1007 width=121)
	              Recheck Cond: ((id >= 876581) AND (id <= 877580))
	              ->  Bitmap Index Scan on sbtest3_pkey  (cost=0.00..30.50 rows=1007 width=0)
	                    Index Cond: ((id >= 876581) AND (id <= 877580))

table 4 : explain SELECT DISTINCT c FROM sbtest4 WHERE id BETWEEN 7516111 AND 7517110 ORDER BY c
	Unique  (cost=4047.58..4052.74 rows=1032 width=121)
	  ->  Sort  (cost=4047.58..4050.16 rows=1032 width=121)
	        Sort Key: c
	        ->  Bitmap Heap Scan on sbtest4  (cost=31.01..3995.92 rows=1032 width=121)
	              Recheck Cond: ((id >= 7516111) AND (id <= 7517110))
	              ->  Bitmap Index Scan on sbtest4_pkey  (cost=0.00..30.75 rows=1032 width=0)
	                    Index Cond: ((id >= 7516111) AND (id <= 7517110))

table 5 : explain SELECT DISTINCT c FROM sbtest5 WHERE id BETWEEN 8502590 AND 8503589 ORDER BY c
	Unique  (cost=4551.90..4557.72 rows=1164 width=121)
	  ->  Sort  (cost=4551.90..4554.81 rows=1164 width=121)
	        Sort Key: c
	        ->  Bitmap Heap Scan on sbtest5  (cost=36.37..4492.62 rows=1164 width=121)
	              Recheck Cond: ((id >= 8502590) AND (id <= 8503589))
	              ->  Bitmap Index Scan on sbtest5_pkey  (cost=0.00..36.08 rows=1164 width=0)
	                    Index Cond: ((id >= 8502590) AND (id <= 8503589))

table 6 : explain SELECT DISTINCT c FROM sbtest6 WHERE id BETWEEN 8230562 AND 8231561 ORDER BY c
	Unique  (cost=3709.66..3714.38 rows=944 width=121)
	  ->  Sort  (cost=3709.66..3712.02 rows=944 width=121)
	        Sort Key: c
	        ->  Bitmap Heap Scan on sbtest6  (cost=30.11..3663.01 rows=944 width=121)
	              Recheck Cond: ((id >= 8230562) AND (id <= 8231561))
	              ->  Bitmap Index Scan on sbtest6_pkey  (cost=0.00..29.87 rows=944 width=0)
	                    Index Cond: ((id >= 8230562) AND (id <= 8231561))

table 7 : explain SELECT DISTINCT c FROM sbtest7 WHERE id BETWEEN 1834218 AND 1835217 ORDER BY c
	Unique  (cost=3621.68..3626.29 rows=921 width=121)
	  ->  Sort  (cost=3621.68..3623.98 rows=921 width=121)
	        Sort Key: c
	        ->  Bitmap Heap Scan on sbtest7  (cost=29.88..3576.34 rows=921 width=121)
	              Recheck Cond: ((id >= 1834218) AND (id <= 1835217))
	              ->  Bitmap Index Scan on sbtest7_pkey  (cost=0.00..29.64 rows=921 width=0)
	                    Index Cond: ((id >= 1834218) AND (id <= 1835217))

table 8 : explain SELECT DISTINCT c FROM sbtest8 WHERE id BETWEEN 1383347 AND 1384346 ORDER BY c
	Unique  (cost=3663.91..3668.57 rows=932 width=121)
	  ->  Sort  (cost=3663.91..3666.24 rows=932 width=121)
	        Sort Key: c
	        ->  Bitmap Heap Scan on sbtest8  (cost=29.99..3617.94 rows=932 width=121)
	              Recheck Cond: ((id >= 1383347) AND (id <= 1384346))
	              ->  Bitmap Index Scan on sbtest8_pkey  (cost=0.00..29.75 rows=932 width=0)
	                    Index Cond: ((id >= 1383347) AND (id <= 1384346))

for: order_ranges
table 1 : explain SELECT c FROM sbtest1 WHERE id BETWEEN 8978263 AND 8979262 ORDER BY c
	Sort  (cost=3863.34..3865.80 rows=984 width=121)
	  Sort Key: c
	  ->  Bitmap Heap Scan on sbtest1  (cost=30.52..3814.42 rows=984 width=121)
	        Recheck Cond: ((id >= 8978263) AND (id <= 8979262))
	        ->  Bitmap Index Scan on sbtest1_pkey  (cost=0.00..30.27 rows=984 width=0)
	              Index Cond: ((id >= 8978263) AND (id <= 8979262))

table 2 : explain SELECT c FROM sbtest2 WHERE id BETWEEN 8311118 AND 8312117 ORDER BY c
	Sort  (cost=3928.56..3931.07 rows=1001 width=121)
	  Sort Key: c
	  ->  Bitmap Heap Scan on sbtest2  (cost=30.70..3878.68 rows=1001 width=121)
	        Recheck Cond: ((id >= 8311118) AND (id <= 8312117))
	        ->  Bitmap Index Scan on sbtest2_pkey  (cost=0.00..30.44 rows=1001 width=0)
	              Index Cond: ((id >= 8311118) AND (id <= 8312117))

table 3 : explain SELECT c FROM sbtest3 WHERE id BETWEEN 5893737 AND 5894736 ORDER BY c
	Sort  (cost=3966.61..3969.14 rows=1011 width=121)
	  Sort Key: c
	  ->  Bitmap Heap Scan on sbtest3  (cost=30.80..3916.16 rows=1011 width=121)
	        Recheck Cond: ((id >= 5893737) AND (id <= 5894736))
	        ->  Bitmap Index Scan on sbtest3_pkey  (cost=0.00..30.54 rows=1011 width=0)
	              Index Cond: ((id >= 5893737) AND (id <= 5894736))

table 4 : explain SELECT c FROM sbtest4 WHERE id BETWEEN 2024092 AND 2025091 ORDER BY c
	Sort  (cost=3629.57..3631.88 rows=923 width=121)
	  Sort Key: c
	  ->  Bitmap Heap Scan on sbtest4  (cost=29.90..3584.11 rows=923 width=121)
	        Recheck Cond: ((id >= 2024092) AND (id <= 2025091))
	        ->  Bitmap Index Scan on sbtest4_pkey  (cost=0.00..29.66 rows=923 width=0)
	              Index Cond: ((id >= 2024092) AND (id <= 2025091))

table 5 : explain SELECT c FROM sbtest5 WHERE id BETWEEN 4597063 AND 4598062 ORDER BY c
	Sort  (cost=4189.05..4191.72 rows=1068 width=121)
	  Sort Key: c
	  ->  Bitmap Heap Scan on sbtest5  (cost=35.38..4135.32 rows=1068 width=121)
	        Recheck Cond: ((id >= 4597063) AND (id <= 4598062))
	        ->  Bitmap Index Scan on sbtest5_pkey  (cost=0.00..35.12 rows=1068 width=0)
	              Index Cond: ((id >= 4597063) AND (id <= 4598062))

table 6 : explain SELECT c FROM sbtest6 WHERE id BETWEEN 4163751 AND 4164750 ORDER BY c
	Sort  (cost=3682.79..3685.13 rows=937 width=121)
	  Sort Key: c
	  ->  Bitmap Heap Scan on sbtest6  (cost=30.04..3636.54 rows=937 width=121)
	        Recheck Cond: ((id >= 4163751) AND (id <= 4164750))
	        ->  Bitmap Index Scan on sbtest6_pkey  (cost=0.00..29.80 rows=937 width=0)
	              Index Cond: ((id >= 4163751) AND (id <= 4164750))

table 7 : explain SELECT c FROM sbtest7 WHERE id BETWEEN 6700555 AND 6701554 ORDER BY c
	Sort  (cost=3943.94..3946.45 rows=1005 width=121)
	  Sort Key: c
	  ->  Bitmap Heap Scan on sbtest7  (cost=30.74..3893.82 rows=1005 width=121)
	        Recheck Cond: ((id >= 6700555) AND (id <= 6701554))
	        ->  Bitmap Index Scan on sbtest7_pkey  (cost=0.00..30.48 rows=1005 width=0)
	              Index Cond: ((id >= 6700555) AND (id <= 6701554))

table 8 : explain SELECT c FROM sbtest8 WHERE id BETWEEN 9768690 AND 9769689 ORDER BY c
	Sort  (cost=3587.09..3589.37 rows=912 width=121)
	  Sort Key: c
	  ->  Bitmap Heap Scan on sbtest8  (cost=29.78..3542.25 rows=912 width=121)
	        Recheck Cond: ((id >= 9768690) AND (id <= 9769689))
	        ->  Bitmap Index Scan on sbtest8_pkey  (cost=0.00..29.55 rows=912 width=0)
	              Index Cond: ((id >= 9768690) AND (id <= 9769689))

for point_selects
table 1 : explain SELECT c FROM sbtest1 WHERE id=2619282
	Index Scan using sbtest1_pkey on sbtest1  (cost=0.43..8.45 rows=1 width=121)
	  Index Cond: (id = 2619282)

table 2 : explain SELECT c FROM sbtest2 WHERE id=4670021
	Index Scan using sbtest2_pkey on sbtest2  (cost=0.43..8.45 rows=1 width=121)
	  Index Cond: (id = 4670021)

table 3 : explain SELECT c FROM sbtest3 WHERE id=6687401
	Index Scan using sbtest3_pkey on sbtest3  (cost=0.43..8.45 rows=1 width=121)
	  Index Cond: (id = 6687401)

table 4 : explain SELECT c FROM sbtest4 WHERE id=9550398
	Index Scan using sbtest4_pkey on sbtest4  (cost=0.43..8.45 rows=1 width=121)
	  Index Cond: (id = 9550398)

table 5 : explain SELECT c FROM sbtest5 WHERE id=5734827
	Index Scan using sbtest5_pkey on sbtest5  (cost=0.43..8.45 rows=1 width=121)
	  Index Cond: (id = 5734827)

table 6 : explain SELECT c FROM sbtest6 WHERE id=7729776
	Index Scan using sbtest6_pkey on sbtest6  (cost=0.43..8.45 rows=1 width=121)
	  Index Cond: (id = 7729776)

table 7 : explain SELECT c FROM sbtest7 WHERE id=9949548
	Index Scan using sbtest7_pkey on sbtest7  (cost=0.43..8.45 rows=1 width=121)
	  Index Cond: (id = 9949548)

table 8 : explain SELECT c FROM sbtest8 WHERE id=2676941
	Index Scan using sbtest8_pkey on sbtest8  (cost=0.43..8.45 rows=1 width=121)
	  Index Cond: (id = 2676941)

for: distinct_ranges
table 1 : explain SELECT DISTINCT c FROM sbtest1 WHERE id BETWEEN 8985746 AND 8986745 ORDER BY c
	Unique  (cost=3863.34..3868.26 rows=984 width=121)
	  ->  Sort  (cost=3863.34..3865.80 rows=984 width=121)
	        Sort Key: c
	        ->  Bitmap Heap Scan on sbtest1  (cost=30.52..3814.42 rows=984 width=121)
	              Recheck Cond: ((id >= 8985746) AND (id <= 8986745))
	              ->  Bitmap Index Scan on sbtest1_pkey  (cost=0.00..30.27 rows=984 width=0)
	                    Index Cond: ((id >= 8985746) AND (id <= 8986745))

table 2 : explain SELECT DISTINCT c FROM sbtest2 WHERE id BETWEEN 3892832 AND 3893831 ORDER BY c
	Unique  (cost=3905.57..3910.55 rows=995 width=121)
	  ->  Sort  (cost=3905.57..3908.06 rows=995 width=121)
	        Sort Key: c
	        ->  Bitmap Heap Scan on sbtest2  (cost=30.63..3856.03 rows=995 width=121)
	              Recheck Cond: ((id >= 3892832) AND (id <= 3893831))
	              ->  Bitmap Index Scan on sbtest2_pkey  (cost=0.00..30.39 rows=995 width=0)
	                    Index Cond: ((id >= 3892832) AND (id <= 3893831))

table 3 : explain SELECT DISTINCT c FROM sbtest3 WHERE id BETWEEN 5717307 AND 5718306 ORDER BY c
	Unique  (cost=3817.14..3822.00 rows=972 width=121)
	  ->  Sort  (cost=3817.14..3819.57 rows=972 width=121)
	        Sort Key: c
	        ->  Bitmap Heap Scan on sbtest3  (cost=30.40..3768.91 rows=972 width=121)
	              Recheck Cond: ((id >= 5717307) AND (id <= 5718306))
	              ->  Bitmap Index Scan on sbtest3_pkey  (cost=0.00..30.15 rows=972 width=0)
	                    Index Cond: ((id >= 5717307) AND (id <= 5718306))

table 4 : explain SELECT DISTINCT c FROM sbtest4 WHERE id BETWEEN 5060463 AND 5061462 ORDER BY c
	Unique  (cost=3813.82..3818.68 rows=971 width=121)
	  ->  Sort  (cost=3813.82..3816.25 rows=971 width=121)
	        Sort Key: c
	        ->  Bitmap Heap Scan on sbtest4  (cost=30.39..3765.64 rows=971 width=121)
	              Recheck Cond: ((id >= 5060463) AND (id <= 5061462))
	              ->  Bitmap Index Scan on sbtest4_pkey  (cost=0.00..30.14 rows=971 width=0)
	                    Index Cond: ((id >= 5060463) AND (id <= 5061462))

table 5 : explain SELECT DISTINCT c FROM sbtest5 WHERE id BETWEEN 3634359 AND 3635358 ORDER BY c
	Unique  (cost=3871.09..3876.02 rows=986 width=121)
	  ->  Sort  (cost=3871.09..3873.55 rows=986 width=121)
	        Sort Key: c
	        ->  Bitmap Heap Scan on sbtest5  (cost=30.54..3822.06 rows=986 width=121)
	              Recheck Cond: ((id >= 3634359) AND (id <= 3635358))
	              ->  Bitmap Index Scan on sbtest5_pkey  (cost=0.00..30.29 rows=986 width=0)
	                    Index Cond: ((id >= 3634359) AND (id <= 3635358))

table 6 : explain SELECT DISTINCT c FROM sbtest6 WHERE id BETWEEN 4167746 AND 4168745 ORDER BY c
	Unique  (cost=3682.79..3687.48 rows=937 width=121)
	  ->  Sort  (cost=3682.79..3685.13 rows=937 width=121)
	        Sort Key: c
	        ->  Bitmap Heap Scan on sbtest6  (cost=30.04..3636.54 rows=937 width=121)
	              Recheck Cond: ((id >= 4167746) AND (id <= 4168745))
	              ->  Bitmap Index Scan on sbtest6_pkey  (cost=0.00..29.80 rows=937 width=0)
	                    Index Cond: ((id >= 4167746) AND (id <= 4168745))

table 7 : explain SELECT DISTINCT c FROM sbtest7 WHERE id BETWEEN 6991665 AND 6992664 ORDER BY c
	Unique  (cost=3993.73..3998.82 rows=1018 width=121)
	  ->  Sort  (cost=3993.73..3996.28 rows=1018 width=121)
	        Sort Key: c
	        ->  Bitmap Heap Scan on sbtest7  (cost=30.87..3942.88 rows=1018 width=121)
	              Recheck Cond: ((id >= 6991665) AND (id <= 6992664))
	              ->  Bitmap Index Scan on sbtest7_pkey  (cost=0.00..30.61 rows=1018 width=0)
	                    Index Cond: ((id >= 6991665) AND (id <= 6992664))

table 8 : explain SELECT DISTINCT c FROM sbtest8 WHERE id BETWEEN 4619995 AND 4620994 ORDER BY c
	Unique  (cost=3809.75..3814.60 rows=970 width=121)
	  ->  Sort  (cost=3809.75..3812.17 rows=970 width=121)
	        Sort Key: c
	        ->  Bitmap Heap Scan on sbtest8  (cost=30.38..3761.63 rows=970 width=121)
	              Recheck Cond: ((id >= 4619995) AND (id <= 4620994))
	              ->  Bitmap Index Scan on sbtest8_pkey  (cost=0.00..30.14 rows=970 width=0)
	                    Index Cond: ((id >= 4619995) AND (id <= 4620994))

for: sum_ranges
table 1 : explain SELECT SUM(k) FROM sbtest1 WHERE id BETWEEN 6080533 AND 6081532
	Aggregate  (cost=3733.71..3733.72 rows=1 width=8)
	  ->  Bitmap Heap Scan on sbtest1  (cost=30.30..3731.30 rows=962 width=4)
	        Recheck Cond: ((id >= 6080533) AND (id <= 6081532))
	        ->  Bitmap Index Scan on sbtest1_pkey  (cost=0.00..30.05 rows=962 width=0)
	              Index Cond: ((id >= 6080533) AND (id <= 6081532))

table 2 : explain SELECT SUM(k) FROM sbtest2 WHERE id BETWEEN 4439573 AND 4440572
	Aggregate  (cost=3911.39..3911.40 rows=1 width=8)
	  ->  Bitmap Heap Scan on sbtest2  (cost=30.78..3908.87 rows=1009 width=4)
	        Recheck Cond: ((id >= 4439573) AND (id <= 4440572))
	        ->  Bitmap Index Scan on sbtest2_pkey  (cost=0.00..30.52 rows=1009 width=0)
	              Index Cond: ((id >= 4439573) AND (id <= 4440572))

table 3 : explain SELECT SUM(k) FROM sbtest3 WHERE id BETWEEN 2487064 AND 2488063
	Aggregate  (cost=3888.47..3888.48 rows=1 width=8)
	  ->  Bitmap Heap Scan on sbtest3  (cost=30.72..3885.97 rows=1003 width=4)
	        Recheck Cond: ((id >= 2487064) AND (id <= 2488063))
	        ->  Bitmap Index Scan on sbtest3_pkey  (cost=0.00..30.46 rows=1003 width=0)
	              Index Cond: ((id >= 2487064) AND (id <= 2488063))

table 4 : explain SELECT SUM(k) FROM sbtest4 WHERE id BETWEEN 6637086 AND 6638085
	Aggregate  (cost=3722.69..3722.70 rows=1 width=8)
	  ->  Bitmap Heap Scan on sbtest4  (cost=30.26..3720.29 rows=959 width=4)
	        Recheck Cond: ((id >= 6637086) AND (id <= 6638085))
	        ->  Bitmap Index Scan on sbtest4_pkey  (cost=0.00..30.02 rows=959 width=0)
	              Index Cond: ((id >= 6637086) AND (id <= 6638085))

table 5 : explain SELECT SUM(k) FROM sbtest5 WHERE id BETWEEN 4884960 AND 4885959
	Aggregate  (cost=3790.51..3790.52 rows=1 width=8)
	  ->  Bitmap Heap Scan on sbtest5  (cost=30.45..3788.06 rows=977 width=4)
	        Recheck Cond: ((id >= 4884960) AND (id <= 4885959))
	        ->  Bitmap Index Scan on sbtest5_pkey  (cost=0.00..30.20 rows=977 width=0)
	              Index Cond: ((id >= 4884960) AND (id <= 4885959))

table 6 : explain SELECT SUM(k) FROM sbtest6 WHERE id BETWEEN 6921418 AND 6922417
	Aggregate  (cost=3669.16..3669.17 rows=1 width=8)
	  ->  Bitmap Heap Scan on sbtest6  (cost=30.12..3666.80 rows=945 width=4)
	        Recheck Cond: ((id >= 6921418) AND (id <= 6922417))
	        ->  Bitmap Index Scan on sbtest6_pkey  (cost=0.00..29.89 rows=945 width=0)
	              Index Cond: ((id >= 6921418) AND (id <= 6922417))

table 7 : explain SELECT SUM(k) FROM sbtest7 WHERE id BETWEEN 611771 AND 612770
	Aggregate  (cost=4281.16..4281.17 rows=1 width=8)
	  ->  Bitmap Heap Scan on sbtest7  (cost=35.77..4278.40 rows=1106 width=4)
	        Recheck Cond: ((id >= 611771) AND (id <= 612770))
	        ->  Bitmap Index Scan on sbtest7_pkey  (cost=0.00..35.50 rows=1106 width=0)
	              Index Cond: ((id >= 611771) AND (id <= 612770))

table 8 : explain SELECT SUM(k) FROM sbtest8 WHERE id BETWEEN 3024226 AND 3025225
	Aggregate  (cost=3714.89..3714.90 rows=1 width=8)
	  ->  Bitmap Heap Scan on sbtest8  (cost=30.24..3712.49 rows=957 width=4)
	        Recheck Cond: ((id >= 3024226) AND (id <= 3025225))
	        ->  Bitmap Index Scan on sbtest8_pkey  (cost=0.00..30.00 rows=957 width=0)
	              Index Cond: ((id >= 3024226) AND (id <= 3025225))

for point_selects
table 1 : explain SELECT c FROM sbtest1 WHERE id=6958175
	Index Scan using sbtest1_pkey on sbtest1  (cost=0.43..8.45 rows=1 width=121)
	  Index Cond: (id = 6958175)

table 2 : explain SELECT c FROM sbtest2 WHERE id=7122168
	Index Scan using sbtest2_pkey on sbtest2  (cost=0.43..8.45 rows=1 width=121)
	  Index Cond: (id = 7122168)

table 3 : explain SELECT c FROM sbtest3 WHERE id=9843749
	Index Scan using sbtest3_pkey on sbtest3  (cost=0.43..8.45 rows=1 width=121)
	  Index Cond: (id = 9843749)

table 4 : explain SELECT c FROM sbtest4 WHERE id=5313666
	Index Scan using sbtest4_pkey on sbtest4  (cost=0.43..8.45 rows=1 width=121)
	  Index Cond: (id = 5313666)

table 5 : explain SELECT c FROM sbtest5 WHERE id=2053953
	Index Scan using sbtest5_pkey on sbtest5  (cost=0.43..8.45 rows=1 width=121)
	  Index Cond: (id = 2053953)

table 6 : explain SELECT c FROM sbtest6 WHERE id=7690099
	Index Scan using sbtest6_pkey on sbtest6  (cost=0.43..8.45 rows=1 width=121)
	  Index Cond: (id = 7690099)

table 7 : explain SELECT c FROM sbtest7 WHERE id=5008360
	Index Scan using sbtest7_pkey on sbtest7  (cost=0.43..8.45 rows=1 width=121)
	  Index Cond: (id = 5008360)

table 8 : explain SELECT c FROM sbtest8 WHERE id=3318548
	Index Scan using sbtest8_pkey on sbtest8  (cost=0.43..8.45 rows=1 width=121)
	  Index Cond: (id = 3318548)

for: sum_ranges
table 1 : explain SELECT SUM(k) FROM sbtest1 WHERE id BETWEEN 3273378 AND 3274377
	Aggregate  (cost=4009.46..4009.47 rows=1 width=8)
	  ->  Bitmap Heap Scan on sbtest1  (cost=31.04..4006.87 rows=1035 width=4)
	        Recheck Cond: ((id >= 3273378) AND (id <= 3274377))
	        ->  Bitmap Index Scan on sbtest1_pkey  (cost=0.00..30.79 rows=1035 width=0)
	              Index Cond: ((id >= 3273378) AND (id <= 3274377))

table 2 : explain SELECT SUM(k) FROM sbtest2 WHERE id BETWEEN 693746 AND 694745
	Aggregate  (cost=4036.17..4036.18 rows=1 width=8)
	  ->  Bitmap Heap Scan on sbtest2  (cost=35.11..4033.57 rows=1041 width=4)
	        Recheck Cond: ((id >= 693746) AND (id <= 694745))
	        ->  Bitmap Index Scan on sbtest2_pkey  (cost=0.00..34.84 rows=1041 width=0)
	              Index Cond: ((id >= 693746) AND (id <= 694745))

table 3 : explain SELECT SUM(k) FROM sbtest3 WHERE id BETWEEN 3206655 AND 3207654
	Aggregate  (cost=4160.30..4160.31 rows=1 width=8)
	  ->  Bitmap Heap Scan on sbtest3  (cost=35.44..4157.61 rows=1074 width=4)
	        Recheck Cond: ((id >= 3206655) AND (id <= 3207654))
	        ->  Bitmap Index Scan on sbtest3_pkey  (cost=0.00..35.18 rows=1074 width=0)
	              Index Cond: ((id >= 3206655) AND (id <= 3207654))

table 4 : explain SELECT SUM(k) FROM sbtest4 WHERE id BETWEEN 6913224 AND 6914223
	Aggregate  (cost=3972.08..3972.09 rows=1 width=8)
	  ->  Bitmap Heap Scan on sbtest4  (cost=30.94..3969.52 rows=1025 width=4)
	        Recheck Cond: ((id >= 6913224) AND (id <= 6914223))
	        ->  Bitmap Index Scan on sbtest4_pkey  (cost=0.00..30.68 rows=1025 width=0)
	              Index Cond: ((id >= 6913224) AND (id <= 6914223))

table 5 : explain SELECT SUM(k) FROM sbtest5 WHERE id BETWEEN 1600095 AND 1601094
	Aggregate  (cost=3824.52..3824.53 rows=1 width=8)
	  ->  Bitmap Heap Scan on sbtest5  (cost=30.54..3822.06 rows=986 width=4)
	        Recheck Cond: ((id >= 1600095) AND (id <= 1601094))
	        ->  Bitmap Index Scan on sbtest5_pkey  (cost=0.00..30.29 rows=986 width=0)
	              Index Cond: ((id >= 1600095) AND (id <= 1601094))

table 6 : explain SELECT SUM(k) FROM sbtest6 WHERE id BETWEEN 478651 AND 479650
	Aggregate  (cost=3990.55..3990.56 rows=1 width=8)
	  ->  Bitmap Heap Scan on sbtest6  (cost=34.98..3987.98 rows=1029 width=4)
	        Recheck Cond: ((id >= 478651) AND (id <= 479650))
	        ->  Bitmap Index Scan on sbtest6_pkey  (cost=0.00..34.73 rows=1029 width=0)
	              Index Cond: ((id >= 478651) AND (id <= 479650))

table 7 : explain SELECT SUM(k) FROM sbtest7 WHERE id BETWEEN 375111 AND 376110
	Aggregate  (cost=4107.87..4107.88 rows=1 width=8)
	  ->  Bitmap Heap Scan on sbtest7  (cost=35.30..4105.22 rows=1060 width=4)
	        Recheck Cond: ((id >= 375111) AND (id <= 376110))
	        ->  Bitmap Index Scan on sbtest7_pkey  (cost=0.00..35.04 rows=1060 width=0)
	              Index Cond: ((id >= 375111) AND (id <= 376110))

table 8 : explain SELECT SUM(k) FROM sbtest8 WHERE id BETWEEN 481923 AND 482922
	Aggregate  (cost=3949.18..3949.19 rows=1 width=8)
	  ->  Bitmap Heap Scan on sbtest8  (cost=30.88..3946.63 rows=1019 width=4)
	        Recheck Cond: ((id >= 481923) AND (id <= 482922))
	        ->  Bitmap Index Scan on sbtest8_pkey  (cost=0.00..30.62 rows=1019 width=0)
	              Index Cond: ((id >= 481923) AND (id <= 482922))

for: distinct_ranges
table 1 : explain SELECT DISTINCT c FROM sbtest1 WHERE id BETWEEN 7981692 AND 7982691 ORDER BY c
	Unique  (cost=3936.16..3941.17 rows=1003 width=121)
	  ->  Sort  (cost=3936.16..3938.66 rows=1003 width=121)
	        Sort Key: c
	        ->  Bitmap Heap Scan on sbtest1  (cost=30.72..3886.16 rows=1003 width=121)
	              Recheck Cond: ((id >= 7981692) AND (id <= 7982691))
	              ->  Bitmap Index Scan on sbtest1_pkey  (cost=0.00..30.46 rows=1003 width=0)
	                    Index Cond: ((id >= 7981692) AND (id <= 7982691))

table 2 : explain SELECT DISTINCT c FROM sbtest2 WHERE id BETWEEN 8362672 AND 8363671 ORDER BY c
	Unique  (cost=3928.56..3933.57 rows=1001 width=121)
	  ->  Sort  (cost=3928.56..3931.07 rows=1001 width=121)
	        Sort Key: c
	        ->  Bitmap Heap Scan on sbtest2  (cost=30.70..3878.68 rows=1001 width=121)
	              Recheck Cond: ((id >= 8362672) AND (id <= 8363671))
	              ->  Bitmap Index Scan on sbtest2_pkey  (cost=0.00..30.44 rows=1001 width=0)
	                    Index Cond: ((id >= 8362672) AND (id <= 8363671))

table 3 : explain SELECT DISTINCT c FROM sbtest3 WHERE id BETWEEN 7084637 AND 7085636 ORDER BY c
	Unique  (cost=3874.65..3879.59 rows=987 width=121)
	  ->  Sort  (cost=3874.65..3877.12 rows=987 width=121)
	        Sort Key: c
	        ->  Bitmap Heap Scan on sbtest3  (cost=30.55..3825.57 rows=987 width=121)
	              Recheck Cond: ((id >= 7084637) AND (id <= 7085636))
	              ->  Bitmap Index Scan on sbtest3_pkey  (cost=0.00..30.30 rows=987 width=0)
	                    Index Cond: ((id >= 7084637) AND (id <= 7085636))

table 4 : explain SELECT DISTINCT c FROM sbtest4 WHERE id BETWEEN 8693940 AND 8694939 ORDER BY c
	Unique  (cost=4043.75..4048.91 rows=1031 width=121)
	  ->  Sort  (cost=4043.75..4046.33 rows=1031 width=121)
	        Sort Key: c
	        ->  Bitmap Heap Scan on sbtest4  (cost=31.00..3992.15 rows=1031 width=121)
	              Recheck Cond: ((id >= 8693940) AND (id <= 8694939))
	              ->  Bitmap Index Scan on sbtest4_pkey  (cost=0.00..30.75 rows=1031 width=0)
	                    Index Cond: ((id >= 8693940) AND (id <= 8694939))

table 5 : explain SELECT DISTINCT c FROM sbtest5 WHERE id BETWEEN 1759309 AND 1760308 ORDER BY c
	Unique  (cost=4139.32..4144.60 rows=1055 width=121)
	  ->  Sort  (cost=4139.32..4141.96 rows=1055 width=121)
	        Sort Key: c
	        ->  Bitmap Heap Scan on sbtest5  (cost=35.25..4086.35 rows=1055 width=121)
	              Recheck Cond: ((id >= 1759309) AND (id <= 1760308))
	              ->  Bitmap Index Scan on sbtest5_pkey  (cost=0.00..34.98 rows=1055 width=0)
	                    Index Cond: ((id >= 1759309) AND (id <= 1760308))

table 6 : explain SELECT DISTINCT c FROM sbtest6 WHERE id BETWEEN 1770252 AND 1771251 ORDER BY c
	Unique  (cost=3425.30..3429.65 rows=870 width=121)
	  ->  Sort  (cost=3425.30..3427.48 rows=870 width=121)
	        Sort Key: c
	        ->  Bitmap Heap Scan on sbtest6  (cost=29.35..3382.83 rows=870 width=121)
	              Recheck Cond: ((id >= 1770252) AND (id <= 1771251))
	              ->  Bitmap Index Scan on sbtest6_pkey  (cost=0.00..29.14 rows=870 width=0)
	                    Index Cond: ((id >= 1770252) AND (id <= 1771251))

table 7 : explain SELECT DISTINCT c FROM sbtest7 WHERE id BETWEEN 4944655 AND 4945654 ORDER BY c
	Unique  (cost=4265.54..4270.98 rows=1088 width=121)
	  ->  Sort  (cost=4265.54..4268.26 rows=1088 width=121)
	        Sort Key: c
	        ->  Bitmap Heap Scan on sbtest7  (cost=35.59..4210.66 rows=1088 width=121)
	              Recheck Cond: ((id >= 4944655) AND (id <= 4945654))
	              ->  Bitmap Index Scan on sbtest7_pkey  (cost=0.00..35.32 rows=1088 width=0)
	                    Index Cond: ((id >= 4944655) AND (id <= 4945654))

table 8 : explain SELECT DISTINCT c FROM sbtest8 WHERE id BETWEEN 5039575 AND 5040574 ORDER BY c
	Unique  (cost=4081.94..4087.14 rows=1040 width=121)
	  ->  Sort  (cost=4081.94..4084.54 rows=1040 width=121)
	        Sort Key: c
	        ->  Bitmap Heap Scan on sbtest8  (cost=35.09..4029.82 rows=1040 width=121)
	              Recheck Cond: ((id >= 5039575) AND (id <= 5040574))
	              ->  Bitmap Index Scan on sbtest8_pkey  (cost=0.00..34.84 rows=1040 width=0)
	                    Index Cond: ((id >= 5039575) AND (id <= 5040574))

for: simple_ranges
table 1 : explain SELECT c FROM sbtest1 WHERE id BETWEEN 2937741 AND 2938740
	Bitmap Heap Scan on sbtest1  (cost=30.75..3897.48 rows=1006 width=121)
	  Recheck Cond: ((id >= 2937741) AND (id <= 2938740))
	  ->  Bitmap Index Scan on sbtest1_pkey  (cost=0.00..30.50 rows=1006 width=0)
	        Index Cond: ((id >= 2937741) AND (id <= 2938740))

table 2 : explain SELECT c FROM sbtest2 WHERE id BETWEEN 3518050 AND 3519049
	Bitmap Heap Scan on sbtest2  (cost=30.84..3931.51 rows=1015 width=121)
	  Recheck Cond: ((id >= 3518050) AND (id <= 3519049))
	  ->  Bitmap Index Scan on sbtest2_pkey  (cost=0.00..30.58 rows=1015 width=0)
	        Index Cond: ((id >= 3518050) AND (id <= 3519049))

table 3 : explain SELECT c FROM sbtest3 WHERE id BETWEEN 4498729 AND 4499728
	Bitmap Heap Scan on sbtest3  (cost=30.63..3855.77 rows=995 width=121)
	  Recheck Cond: ((id >= 4498729) AND (id <= 4499728))
	  ->  Bitmap Index Scan on sbtest3_pkey  (cost=0.00..30.39 rows=995 width=0)
	        Index Cond: ((id >= 4498729) AND (id <= 4499728))

table 4 : explain SELECT c FROM sbtest4 WHERE id BETWEEN 2524561 AND 2525560
	Bitmap Heap Scan on sbtest4  (cost=30.09..3656.00 rows=942 width=121)
	  Recheck Cond: ((id >= 2524561) AND (id <= 2525560))
	  ->  Bitmap Index Scan on sbtest4_pkey  (cost=0.00..29.86 rows=942 width=0)
	        Index Cond: ((id >= 2524561) AND (id <= 2525560))

table 5 : explain SELECT c FROM sbtest5 WHERE id BETWEEN 8121965 AND 8122964
	Bitmap Heap Scan on sbtest5  (cost=30.90..3954.16 rows=1021 width=121)
	  Recheck Cond: ((id >= 8121965) AND (id <= 8122964))
	  ->  Bitmap Index Scan on sbtest5_pkey  (cost=0.00..30.64 rows=1021 width=0)
	        Index Cond: ((id >= 8121965) AND (id <= 8122964))

table 6 : explain SELECT c FROM sbtest6 WHERE id BETWEEN 6806286 AND 6807285
	Bitmap Heap Scan on sbtest6  (cost=29.63..3485.14 rows=897 width=121)
	  Recheck Cond: ((id >= 6806286) AND (id <= 6807285))
	  ->  Bitmap Index Scan on sbtest6_pkey  (cost=0.00..29.40 rows=897 width=0)
	        Index Cond: ((id >= 6806286) AND (id <= 6807285))

table 7 : explain SELECT c FROM sbtest7 WHERE id BETWEEN 1329016 AND 1330015
	Bitmap Heap Scan on sbtest7  (cost=35.17..4056.23 rows=1047 width=121)
	  Recheck Cond: ((id >= 1329016) AND (id <= 1330015))
	  ->  Bitmap Index Scan on sbtest7_pkey  (cost=0.00..34.91 rows=1047 width=0)
	        Index Cond: ((id >= 1329016) AND (id <= 1330015))

table 8 : explain SELECT c FROM sbtest8 WHERE id BETWEEN 2772342 AND 2773341
	Bitmap Heap Scan on sbtest8  (cost=29.73..3523.32 rows=907 width=121)
	  Recheck Cond: ((id >= 2772342) AND (id <= 2773341))
	  ->  Bitmap Index Scan on sbtest8_pkey  (cost=0.00..29.50 rows=907 width=0)
	        Index Cond: ((id >= 2772342) AND (id <= 2773341))

for: order_ranges
table 1 : explain SELECT c FROM sbtest1 WHERE id BETWEEN 3176138 AND 3177137 ORDER BY c
	Sort  (cost=4246.30..4249.00 rows=1083 width=121)
	  Sort Key: c
	  ->  Bitmap Heap Scan on sbtest1  (cost=35.54..4191.71 rows=1083 width=121)
	        Recheck Cond: ((id >= 3176138) AND (id <= 3177137))
	        ->  Bitmap Index Scan on sbtest1_pkey  (cost=0.00..35.27 rows=1083 width=0)
	              Index Cond: ((id >= 3176138) AND (id <= 3177137))

table 2 : explain SELECT c FROM sbtest2 WHERE id BETWEEN 3957865 AND 3958864 ORDER BY c
	Sort  (cost=3832.73..3835.17 rows=976 width=121)
	  Sort Key: c
	  ->  Bitmap Heap Scan on sbtest2  (cost=30.44..3784.27 rows=976 width=121)
	        Recheck Cond: ((id >= 3957865) AND (id <= 3958864))
	        ->  Bitmap Index Scan on sbtest2_pkey  (cost=0.00..30.19 rows=976 width=0)
	              Index Cond: ((id >= 3957865) AND (id <= 3958864))

table 3 : explain SELECT c FROM sbtest3 WHERE id BETWEEN 1843656 AND 1844655 ORDER BY c
	Sort  (cost=3828.65..3831.09 rows=975 width=121)
	  Sort Key: c
	  ->  Bitmap Heap Scan on sbtest3  (cost=30.43..3780.24 rows=975 width=121)
	        Recheck Cond: ((id >= 1843656) AND (id <= 1844655))
	        ->  Bitmap Index Scan on sbtest3_pkey  (cost=0.00..30.18 rows=975 width=0)
	              Index Cond: ((id >= 1843656) AND (id <= 1844655))

table 4 : explain SELECT c FROM sbtest4 WHERE id BETWEEN 7153043 AND 7154042 ORDER BY c
	Sort  (cost=4036.10..4038.67 rows=1029 width=121)
	  Sort Key: c
	  ->  Bitmap Heap Scan on sbtest4  (cost=30.98..3984.61 rows=1029 width=121)
	        Recheck Cond: ((id >= 7153043) AND (id <= 7154042))
	        ->  Bitmap Index Scan on sbtest4_pkey  (cost=0.00..30.72 rows=1029 width=0)
	              Index Cond: ((id >= 7153043) AND (id <= 7154042))

table 5 : explain SELECT c FROM sbtest5 WHERE id BETWEEN 136190 AND 137189 ORDER BY c
	Sort  (cost=4357.19..4359.97 rows=1112 width=121)
	  Sort Key: c
	  ->  Bitmap Heap Scan on sbtest5  (cost=35.83..4300.93 rows=1112 width=121)
	        Recheck Cond: ((id >= 136190) AND (id <= 137189))
	        ->  Bitmap Index Scan on sbtest5_pkey  (cost=0.00..35.56 rows=1112 width=0)
	              Index Cond: ((id >= 136190) AND (id <= 137189))

table 6 : explain SELECT c FROM sbtest6 WHERE id BETWEEN 7111165 AND 7112164 ORDER BY c
	Sort  (cost=3575.25..3577.52 rows=909 width=121)
	  Sort Key: c
	  ->  Bitmap Heap Scan on sbtest6  (cost=29.75..3530.58 rows=909 width=121)
	        Recheck Cond: ((id >= 7111165) AND (id <= 7112164))
	        ->  Bitmap Index Scan on sbtest6_pkey  (cost=0.00..29.52 rows=909 width=0)
	              Index Cond: ((id >= 7111165) AND (id <= 7112164))

table 7 : explain SELECT c FROM sbtest7 WHERE id BETWEEN 609384 AND 610383 ORDER BY c
	Sort  (cost=4334.31..4337.08 rows=1106 width=121)
	  Sort Key: c
	  ->  Bitmap Heap Scan on sbtest7  (cost=35.77..4278.40 rows=1106 width=121)
	        Recheck Cond: ((id >= 609384) AND (id <= 610383))
	        ->  Bitmap Index Scan on sbtest7_pkey  (cost=0.00..35.50 rows=1106 width=0)
	              Index Cond: ((id >= 609384) AND (id <= 610383))

table 8 : explain SELECT c FROM sbtest8 WHERE id BETWEEN 6441566 AND 6442565 ORDER BY c
	Sort  (cost=4066.63..4069.22 rows=1036 width=121)
	  Sort Key: c
	  ->  Bitmap Heap Scan on sbtest8  (cost=35.05..4014.74 rows=1036 width=121)
	        Recheck Cond: ((id >= 6441566) AND (id <= 6442565))
	        ->  Bitmap Index Scan on sbtest8_pkey  (cost=0.00..34.80 rows=1036 width=0)
	              Index Cond: ((id >= 6441566) AND (id <= 6442565))

explain: for point_selects :: explain SELECT c FROM sbtest%u WHERE id=%u
explain: for point_selects :: explain SELECT c FROM sbtest%u WHERE id=%u
for point_selects
table 1 : explain SELECT c FROM sbtest1 WHERE id=8626081
	Index Scan using sbtest1_pkey on sbtest1  (cost=0.43..8.45 rows=1 width=121)
	  Index Cond: (id = 8626081)

table 2 : explain SELECT c FROM sbtest2 WHERE id=8778060
	Index Scan using sbtest2_pkey on sbtest2  (cost=0.43..8.45 rows=1 width=121)
	  Index Cond: (id = 8778060)

table 3 : explain SELECT c FROM sbtest3 WHERE id=855755
	Index Scan using sbtest3_pkey on sbtest3  (cost=0.43..8.45 rows=1 width=121)
	  Index Cond: (id = 855755)

table 4 : explain SELECT c FROM sbtest4 WHERE id=9735797
	Index Scan using sbtest4_pkey on sbtest4  (cost=0.43..8.45 rows=1 width=121)
	  Index Cond: (id = 9735797)

table 5 : explain SELECT c FROM sbtest5 WHERE id=5214428
	Index Scan using sbtest5_pkey on sbtest5  (cost=0.43..8.45 rows=1 width=121)
	  Index Cond: (id = 5214428)

table 6 : explain SELECT c FROM sbtest6 WHERE id=4799624
	Index Scan using sbtest6_pkey on sbtest6  (cost=0.43..8.45 rows=1 width=121)
	  Index Cond: (id = 4799624)

table 7 : explain SELECT c FROM sbtest7 WHERE id=2213048
	Index Scan using sbtest7_pkey on sbtest7  (cost=0.43..8.45 rows=1 width=121)
	  Index Cond: (id = 2213048)

table 8 : explain SELECT c FROM sbtest8 WHERE id=5593001
	Index Scan using sbtest8_pkey on sbtest8  (cost=0.43..8.45 rows=1 width=121)
	  Index Cond: (id = 5593001)

for point_selects
table 1 : explain SELECT c FROM sbtest1 WHERE id=1187707
	Index Scan using sbtest1_pkey on sbtest1  (cost=0.43..8.45 rows=1 width=121)
	  Index Cond: (id = 1187707)

table 2 : explain SELECT c FROM sbtest2 WHERE id=3286449
	Index Scan using sbtest2_pkey on sbtest2  (cost=0.43..8.45 rows=1 width=121)
	  Index Cond: (id = 3286449)

table 3 : explain SELECT c FROM sbtest3 WHERE id=5879104
	Index Scan using sbtest3_pkey on sbtest3  (cost=0.43..8.45 rows=1 width=121)
	  Index Cond: (id = 5879104)

table 4 : explain SELECT c FROM sbtest4 WHERE id=7280631
	Index Scan using sbtest4_pkey on sbtest4  (cost=0.43..8.45 rows=1 width=121)
	  Index Cond: (id = 7280631)

table 5 : explain SELECT c FROM sbtest5 WHERE id=9671698
	Index Scan using sbtest5_pkey on sbtest5  (cost=0.43..8.45 rows=1 width=121)
	  Index Cond: (id = 9671698)

table 6 : explain SELECT c FROM sbtest6 WHERE id=1539922
	Index Scan using sbtest6_pkey on sbtest6  (cost=0.43..8.45 rows=1 width=121)
	  Index Cond: (id = 1539922)

table 7 : explain SELECT c FROM sbtest7 WHERE id=1002551
	Index Scan using sbtest7_pkey on sbtest7  (cost=0.43..8.45 rows=1 width=121)
	  Index Cond: (id = 1002551)

table 8 : explain SELECT c FROM sbtest8 WHERE id=9719356
	Index Scan using sbtest8_pkey on sbtest8  (cost=0.43..8.45 rows=1 width=121)
	  Index Cond: (id = 9719356)

explain: for point_selects :: explain SELECT c FROM sbtest%u WHERE id=%u
for: simple_ranges
table 1 : explain SELECT c FROM sbtest1 WHERE id BETWEEN 5477575 AND 5478574
	Bitmap Heap Scan on sbtest1  (cost=30.06..3644.34 rows=939 width=121)
	  Recheck Cond: ((id >= 5477575) AND (id <= 5478574))
	  ->  Bitmap Index Scan on sbtest1_pkey  (cost=0.00..29.82 rows=939 width=0)
	        Index Cond: ((id >= 5477575) AND (id <= 5478574))

table 2 : explain SELECT c FROM sbtest2 WHERE id BETWEEN 6013564 AND 6014563
	Bitmap Heap Scan on sbtest2  (cost=30.58..3837.15 rows=990 width=121)
	  Recheck Cond: ((id >= 6013564) AND (id <= 6014563))
	  ->  Bitmap Index Scan on sbtest2_pkey  (cost=0.00..30.33 rows=990 width=0)
	        Index Cond: ((id >= 6013564) AND (id <= 6014563))

table 3 : explain SELECT c FROM sbtest3 WHERE id BETWEEN 3459919 AND 3460918
	Bitmap Heap Scan on sbtest3  (cost=30.71..3882.19 rows=1002 width=121)
	  Recheck Cond: ((id >= 3459919) AND (id <= 3460918))
	  ->  Bitmap Index Scan on sbtest3_pkey  (cost=0.00..30.45 rows=1002 width=0)
	        Index Cond: ((id >= 3459919) AND (id <= 3460918))

table 4 : explain SELECT c FROM sbtest4 WHERE id BETWEEN 7290136 AND 7291135
	Bitmap Heap Scan on sbtest4  (cost=30.60..3844.97 rows=992 width=121)
	  Recheck Cond: ((id >= 7290136) AND (id <= 7291135))
	  ->  Bitmap Index Scan on sbtest4_pkey  (cost=0.00..30.36 rows=992 width=0)
	        Index Cond: ((id >= 7290136) AND (id <= 7291135))

table 5 : explain SELECT c FROM sbtest5 WHERE id BETWEEN 6027808 AND 6028807
	Bitmap Heap Scan on sbtest5  (cost=29.83..3561.17 rows=917 width=121)
	  Recheck Cond: ((id >= 6027808) AND (id <= 6028807))
	  ->  Bitmap Index Scan on sbtest5_pkey  (cost=0.00..29.61 rows=917 width=0)
	        Index Cond: ((id >= 6027808) AND (id <= 6028807))

table 6 : explain SELECT c FROM sbtest6 WHERE id BETWEEN 2819344 AND 2820343
	Bitmap Heap Scan on sbtest6  (cost=34.92..3965.35 rows=1023 width=121)
	  Recheck Cond: ((id >= 2819344) AND (id <= 2820343))
	  ->  Bitmap Index Scan on sbtest6_pkey  (cost=0.00..34.67 rows=1023 width=0)
	        Index Cond: ((id >= 2819344) AND (id <= 2820343))

table 7 : explain SELECT c FROM sbtest7 WHERE id BETWEEN 121400 AND 122399
	Bitmap Heap Scan on sbtest7  (cost=30.95..3973.05 rows=1026 width=121)
	  Recheck Cond: ((id >= 121400) AND (id <= 122399))
	  ->  Bitmap Index Scan on sbtest7_pkey  (cost=0.00..30.69 rows=1026 width=0)
	        Index Cond: ((id >= 121400) AND (id <= 122399))

table 8 : explain SELECT c FROM sbtest8 WHERE id BETWEEN 6349953 AND 6350952
	Bitmap Heap Scan on sbtest8  (cost=35.75..4270.85 rows=1104 width=121)
	  Recheck Cond: ((id >= 6349953) AND (id <= 6350952))
	  ->  Bitmap Index Scan on sbtest8_pkey  (cost=0.00..35.48 rows=1104 width=0)
	        Index Cond: ((id >= 6349953) AND (id <= 6350952))

for: distinct_ranges
table 1 : explain SELECT DISTINCT c FROM sbtest1 WHERE id BETWEEN 8299220 AND 8300219 ORDER BY c
	Unique  (cost=3844.17..3849.06 rows=979 width=121)
	  ->  Sort  (cost=3844.17..3846.62 rows=979 width=121)
	        Sort Key: c
	        ->  Bitmap Heap Scan on sbtest1  (cost=30.47..3795.53 rows=979 width=121)
	              Recheck Cond: ((id >= 8299220) AND (id <= 8300219))
	              ->  Bitmap Index Scan on sbtest1_pkey  (cost=0.00..30.22 rows=979 width=0)
	                    Index Cond: ((id >= 8299220) AND (id <= 8300219))

table 2 : explain SELECT DISTINCT c FROM sbtest2 WHERE id BETWEEN 2917755 AND 2918754 ORDER BY c
	Unique  (cost=3986.03..3991.11 rows=1016 width=121)
	  ->  Sort  (cost=3986.03..3988.57 rows=1016 width=121)
	        Sort Key: c
	        ->  Bitmap Heap Scan on sbtest2  (cost=30.85..3935.28 rows=1016 width=121)
	              Recheck Cond: ((id >= 2917755) AND (id <= 2918754))
	              ->  Bitmap Index Scan on sbtest2_pkey  (cost=0.00..30.59 rows=1016 width=0)
	                    Index Cond: ((id >= 2917755) AND (id <= 2918754))

table 3 : explain SELECT DISTINCT c FROM sbtest3 WHERE id BETWEEN 5923436 AND 5924435 ORDER BY c
	Unique  (cost=3698.21..3702.91 rows=941 width=121)
	  ->  Sort  (cost=3698.21..3700.56 rows=941 width=121)
	        Sort Key: c
	        ->  Bitmap Heap Scan on sbtest3  (cost=30.08..3651.73 rows=941 width=121)
	              Recheck Cond: ((id >= 5923436) AND (id <= 5924435))
	              ->  Bitmap Index Scan on sbtest3_pkey  (cost=0.00..29.84 rows=941 width=0)
	                    Index Cond: ((id >= 5923436) AND (id <= 5924435))

table 4 : explain SELECT DISTINCT c FROM sbtest4 WHERE id BETWEEN 9831703 AND 9832702 ORDER BY c
	Unique  (cost=3928.84..3933.85 rows=1001 width=121)
	  ->  Sort  (cost=3928.84..3931.34 rows=1001 width=121)
	        Sort Key: c
	        ->  Bitmap Heap Scan on sbtest4  (cost=30.70..3878.95 rows=1001 width=121)
	              Recheck Cond: ((id >= 9831703) AND (id <= 9832702))
	              ->  Bitmap Index Scan on sbtest4_pkey  (cost=0.00..30.44 rows=1001 width=0)
	                    Index Cond: ((id >= 9831703) AND (id <= 9832702))

table 5 : explain SELECT DISTINCT c FROM sbtest5 WHERE id BETWEEN 5072420 AND 5073419 ORDER BY c
	Unique  (cost=3905.59..3910.56 rows=995 width=121)
	  ->  Sort  (cost=3905.59..3908.07 rows=995 width=121)
	        Sort Key: c
	        ->  Bitmap Heap Scan on sbtest5  (cost=30.63..3856.04 rows=995 width=121)
	              Recheck Cond: ((id >= 5072420) AND (id <= 5073419))
	              ->  Bitmap Index Scan on sbtest5_pkey  (cost=0.00..30.39 rows=995 width=0)
	                    Index Cond: ((id >= 5072420) AND (id <= 5073419))

table 6 : explain SELECT DISTINCT c FROM sbtest6 WHERE id BETWEEN 3005116 AND 3006115 ORDER BY c
	Unique  (cost=3878.42..3883.36 rows=988 width=121)
	  ->  Sort  (cost=3878.42..3880.89 rows=988 width=121)
	        Sort Key: c
	        ->  Bitmap Heap Scan on sbtest6  (cost=30.56..3829.27 rows=988 width=121)
	              Recheck Cond: ((id >= 3005116) AND (id <= 3006115))
	              ->  Bitmap Index Scan on sbtest6_pkey  (cost=0.00..30.32 rows=988 width=0)
	                    Index Cond: ((id >= 3005116) AND (id <= 3006115))

table 7 : explain SELECT DISTINCT c FROM sbtest7 WHERE id BETWEEN 8706321 AND 8707320 ORDER BY c
	Unique  (cost=3694.65..3699.35 rows=940 width=121)
	  ->  Sort  (cost=3694.65..3697.00 rows=940 width=121)
	        Sort Key: c
	        ->  Bitmap Heap Scan on sbtest7  (cost=30.07..3648.23 rows=940 width=121)
	              Recheck Cond: ((id >= 8706321) AND (id <= 8707320))
	              ->  Bitmap Index Scan on sbtest7_pkey  (cost=0.00..29.83 rows=940 width=0)
	                    Index Cond: ((id >= 8706321) AND (id <= 8707320))

table 8 : explain SELECT DISTINCT c FROM sbtest8 WHERE id BETWEEN 4337048 AND 4338047 ORDER BY c
	Unique  (cost=4081.94..4087.14 rows=1040 width=121)
	  ->  Sort  (cost=4081.94..4084.54 rows=1040 width=121)
	        Sort Key: c
	        ->  Bitmap Heap Scan on sbtest8  (cost=35.09..4029.82 rows=1040 width=121)
	              Recheck Cond: ((id >= 4337048) AND (id <= 4338047))
	              ->  Bitmap Index Scan on sbtest8_pkey  (cost=0.00..34.84 rows=1040 width=0)
	                    Index Cond: ((id >= 4337048) AND (id <= 4338047))

for point_selects
table 1 : explain SELECT c FROM sbtest1 WHERE id=594549
	Index Scan using sbtest1_pkey on sbtest1  (cost=0.43..8.45 rows=1 width=121)
	  Index Cond: (id = 594549)

table 2 : explain SELECT c FROM sbtest2 WHERE id=159660
	Index Scan using sbtest2_pkey on sbtest2  (cost=0.43..8.45 rows=1 width=121)
	  Index Cond: (id = 159660)

table 3 : explain SELECT c FROM sbtest3 WHERE id=155918
	Index Scan using sbtest3_pkey on sbtest3  (cost=0.43..8.45 rows=1 width=121)
	  Index Cond: (id = 155918)

table 4 : explain SELECT c FROM sbtest4 WHERE id=3616307
	Index Scan using sbtest4_pkey on sbtest4  (cost=0.43..8.45 rows=1 width=121)
	  Index Cond: (id = 3616307)

table 5 : explain SELECT c FROM sbtest5 WHERE id=7519703
	Index Scan using sbtest5_pkey on sbtest5  (cost=0.43..8.45 rows=1 width=121)
	  Index Cond: (id = 7519703)

table 6 : explain SELECT c FROM sbtest6 WHERE id=8676737
	Index Scan using sbtest6_pkey on sbtest6  (cost=0.43..8.45 rows=1 width=121)
	  Index Cond: (id = 8676737)

table 7 : explain SELECT c FROM sbtest7 WHERE id=7455354
	Index Scan using sbtest7_pkey on sbtest7  (cost=0.43..8.45 rows=1 width=121)
	  Index Cond: (id = 7455354)

table 8 : explain SELECT c FROM sbtest8 WHERE id=2063134
	Index Scan using sbtest8_pkey on sbtest8  (cost=0.43..8.45 rows=1 width=121)
	  Index Cond: (id = 2063134)

explain: for point_selects :: explain SELECT c FROM sbtest%u WHERE id=%u
for: simple_ranges
table 1 : explain SELECT c FROM sbtest1 WHERE id BETWEEN 8634363 AND 8635362
	Bitmap Heap Scan on sbtest1  (cost=29.75..3530.80 rows=909 width=121)
	  Recheck Cond: ((id >= 8634363) AND (id <= 8635362))
	  ->  Bitmap Index Scan on sbtest1_pkey  (cost=0.00..29.52 rows=909 width=0)
	        Index Cond: ((id >= 8634363) AND (id <= 8635362))

table 2 : explain SELECT c FROM sbtest2 WHERE id BETWEEN 8111102 AND 8112101
	Bitmap Heap Scan on sbtest2  (cost=30.85..3935.28 rows=1016 width=121)
	  Recheck Cond: ((id >= 8111102) AND (id <= 8112101))
	  ->  Bitmap Index Scan on sbtest2_pkey  (cost=0.00..30.59 rows=1016 width=0)
	        Index Cond: ((id >= 8111102) AND (id <= 8112101))

table 3 : explain SELECT c FROM sbtest3 WHERE id BETWEEN 9534772 AND 9535771
	Bitmap Heap Scan on sbtest3  (cost=30.61..3848.22 rows=993 width=121)
	  Recheck Cond: ((id >= 9534772) AND (id <= 9535771))
	  ->  Bitmap Index Scan on sbtest3_pkey  (cost=0.00..30.36 rows=993 width=0)
	        Index Cond: ((id >= 9534772) AND (id <= 9535771))

table 4 : explain SELECT c FROM sbtest4 WHERE id BETWEEN 8683570 AND 8684569
	Bitmap Heap Scan on sbtest4  (cost=31.00..3992.15 rows=1031 width=121)
	  Recheck Cond: ((id >= 8683570) AND (id <= 8684569))
	  ->  Bitmap Index Scan on sbtest4_pkey  (cost=0.00..30.75 rows=1031 width=0)
	        Index Cond: ((id >= 8683570) AND (id <= 8684569))

table 5 : explain SELECT c FROM sbtest5 WHERE id BETWEEN 5976270 AND 5977269
	Bitmap Heap Scan on sbtest5  (cost=29.83..3561.17 rows=917 width=121)
	  Recheck Cond: ((id >= 5976270) AND (id <= 5977269))
	  ->  Bitmap Index Scan on sbtest5_pkey  (cost=0.00..29.61 rows=917 width=0)
	        Index Cond: ((id >= 5976270) AND (id <= 5977269))

table 6 : explain SELECT c FROM sbtest6 WHERE id BETWEEN 682386 AND 683385
	Bitmap Heap Scan on sbtest6  (cost=29.99..3617.63 rows=932 width=121)
	  Recheck Cond: ((id >= 682386) AND (id <= 683385))
	  ->  Bitmap Index Scan on sbtest6_pkey  (cost=0.00..29.75 rows=932 width=0)
	        Index Cond: ((id >= 682386) AND (id <= 683385))

table 7 : explain SELECT c FROM sbtest7 WHERE id BETWEEN 2933770 AND 2934769
	Bitmap Heap Scan on sbtest7  (cost=36.02..4368.65 rows=1130 width=121)
	  Recheck Cond: ((id >= 2933770) AND (id <= 2934769))
	  ->  Bitmap Index Scan on sbtest7_pkey  (cost=0.00..35.73 rows=1130 width=0)
	        Index Cond: ((id >= 2933770) AND (id <= 2934769))

table 8 : explain SELECT c FROM sbtest8 WHERE id BETWEEN 1460571 AND 1461570
	Bitmap Heap Scan on sbtest8  (cost=29.99..3617.94 rows=932 width=121)
	  Recheck Cond: ((id >= 1460571) AND (id <= 1461570))
	  ->  Bitmap Index Scan on sbtest8_pkey  (cost=0.00..29.75 rows=932 width=0)
	        Index Cond: ((id >= 1460571) AND (id <= 1461570))

for point_selects
table 1 : explain SELECT c FROM sbtest1 WHERE id=3410716
	Index Scan using sbtest1_pkey on sbtest1  (cost=0.43..8.45 rows=1 width=121)
	  Index Cond: (id = 3410716)

table 2 : explain SELECT c FROM sbtest2 WHERE id=4408197
	Index Scan using sbtest2_pkey on sbtest2  (cost=0.43..8.45 rows=1 width=121)
	  Index Cond: (id = 4408197)

table 3 : explain SELECT c FROM sbtest3 WHERE id=5827327
	Index Scan using sbtest3_pkey on sbtest3  (cost=0.43..8.45 rows=1 width=121)
	  Index Cond: (id = 5827327)

table 4 : explain SELECT c FROM sbtest4 WHERE id=2301886
	Index Scan using sbtest4_pkey on sbtest4  (cost=0.43..8.45 rows=1 width=121)
	  Index Cond: (id = 2301886)

table 5 : explain SELECT c FROM sbtest5 WHERE id=1202288
	Index Scan using sbtest5_pkey on sbtest5  (cost=0.43..8.45 rows=1 width=121)
	  Index Cond: (id = 1202288)

table 6 : explain SELECT c FROM sbtest6 WHERE id=1847076
	Index Scan using sbtest6_pkey on sbtest6  (cost=0.43..8.45 rows=1 width=121)
	  Index Cond: (id = 1847076)

table 7 : explain SELECT c FROM sbtest7 WHERE id=297735
	Index Scan using sbtest7_pkey on sbtest7  (cost=0.43..8.45 rows=1 width=121)
	  Index Cond: (id = 297735)

table 8 : explain SELECT c FROM sbtest8 WHERE id=7059483
	Index Scan using sbtest8_pkey on sbtest8  (cost=0.43..8.45 rows=1 width=121)
	  Index Cond: (id = 7059483)

for: order_ranges
table 1 : explain SELECT c FROM sbtest1 WHERE id BETWEEN 7472231 AND 7473230 ORDER BY c
	Sort  (cost=3978.29..3980.83 rows=1014 width=121)
	  Sort Key: c
	  ->  Bitmap Heap Scan on sbtest1  (cost=30.83..3927.67 rows=1014 width=121)
	        Recheck Cond: ((id >= 7472231) AND (id <= 7473230))
	        ->  Bitmap Index Scan on sbtest1_pkey  (cost=0.00..30.57 rows=1014 width=0)
	              Index Cond: ((id >= 7472231) AND (id <= 7473230))

table 2 : explain SELECT c FROM sbtest2 WHERE id BETWEEN 622613 AND 623612 ORDER BY c
	Sort  (cost=4223.44..4226.13 rows=1077 width=121)
	  Sort Key: c
	  ->  Bitmap Heap Scan on sbtest2  (cost=35.47..4169.20 rows=1077 width=121)
	        Recheck Cond: ((id >= 622613) AND (id <= 623612))
	        ->  Bitmap Index Scan on sbtest2_pkey  (cost=0.00..35.20 rows=1077 width=0)
	              Index Cond: ((id >= 622613) AND (id <= 623612))

table 3 : explain SELECT c FROM sbtest3 WHERE id BETWEEN 6060060 AND 6061059 ORDER BY c
	Sort  (cost=3771.12..3773.52 rows=960 width=121)
	  Sort Key: c
	  ->  Bitmap Heap Scan on sbtest3  (cost=30.27..3723.57 rows=960 width=121)
	        Recheck Cond: ((id >= 6060060) AND (id <= 6061059))
	        ->  Bitmap Index Scan on sbtest3_pkey  (cost=0.00..30.04 rows=960 width=0)
	              Index Cond: ((id >= 6060060) AND (id <= 6061059))

table 4 : explain SELECT c FROM sbtest4 WHERE id BETWEEN 4214585 AND 4215584 ORDER BY c
	Sort  (cost=4261.98..4264.69 rows=1087 width=121)
	  Sort Key: c
	  ->  Bitmap Heap Scan on sbtest4  (cost=35.58..4207.16 rows=1087 width=121)
	        Recheck Cond: ((id >= 4214585) AND (id <= 4215584))
	        ->  Bitmap Index Scan on sbtest4_pkey  (cost=0.00..35.31 rows=1087 width=0)
	              Index Cond: ((id >= 4214585) AND (id <= 4215584))

table 5 : explain SELECT c FROM sbtest5 WHERE id BETWEEN 8545183 AND 8546182 ORDER BY c
	Sort  (cost=4551.90..4554.81 rows=1164 width=121)
	  Sort Key: c
	  ->  Bitmap Heap Scan on sbtest5  (cost=36.37..4492.62 rows=1164 width=121)
	        Recheck Cond: ((id >= 8545183) AND (id <= 8546182))
	        ->  Bitmap Index Scan on sbtest5_pkey  (cost=0.00..36.08 rows=1164 width=0)
	              Index Cond: ((id >= 8545183) AND (id <= 8546182))

table 6 : explain SELECT c FROM sbtest6 WHERE id BETWEEN 339813 AND 340812 ORDER BY c
	Sort  (cost=4146.60..4149.25 rows=1057 width=121)
	  Sort Key: c
	  ->  Bitmap Heap Scan on sbtest6  (cost=35.27..4093.51 rows=1057 width=121)
	        Recheck Cond: ((id >= 339813) AND (id <= 340812))
	        ->  Bitmap Index Scan on sbtest6_pkey  (cost=0.00..35.01 rows=1057 width=0)
	              Index Cond: ((id >= 339813) AND (id <= 340812))

table 7 : explain SELECT c FROM sbtest7 WHERE id BETWEEN 9585153 AND 9586152 ORDER BY c
	Sort  (cost=3917.11..3919.61 rows=998 width=121)
	  Sort Key: c
	  ->  Bitmap Heap Scan on sbtest7  (cost=30.66..3867.40 rows=998 width=121)
	        Recheck Cond: ((id >= 9585153) AND (id <= 9586152))
	        ->  Bitmap Index Scan on sbtest7_pkey  (cost=0.00..30.41 rows=998 width=0)
	              Index Cond: ((id >= 9585153) AND (id <= 9586152))

table 8 : explain SELECT c FROM sbtest8 WHERE id BETWEEN 3000647 AND 3001646 ORDER BY c
	Sort  (cost=3752.20..3754.59 rows=955 width=121)
	  Sort Key: c
	  ->  Bitmap Heap Scan on sbtest8  (cost=30.22..3704.93 rows=955 width=121)
	        Recheck Cond: ((id >= 3000647) AND (id <= 3001646))
	        ->  Bitmap Index Scan on sbtest8_pkey  (cost=0.00..29.98 rows=955 width=0)
	              Index Cond: ((id >= 3000647) AND (id <= 3001646))

for: order_ranges
table 1 : explain SELECT c FROM sbtest1 WHERE id BETWEEN 4255566 AND 4256565 ORDER BY c
	Sort  (cost=4020.42..4022.98 rows=1025 width=121)
	  Sort Key: c
	  ->  Bitmap Heap Scan on sbtest1  (cost=30.94..3969.16 rows=1025 width=121)
	        Recheck Cond: ((id >= 4255566) AND (id <= 4256565))
	        ->  Bitmap Index Scan on sbtest1_pkey  (cost=0.00..30.68 rows=1025 width=0)
	              Index Cond: ((id >= 4255566) AND (id <= 4256565))

table 2 : explain SELECT c FROM sbtest2 WHERE id BETWEEN 4287819 AND 4288818 ORDER BY c
	Sort  (cost=3882.57..3885.05 rows=989 width=121)
	  Sort Key: c
	  ->  Bitmap Heap Scan on sbtest2  (cost=30.57..3833.37 rows=989 width=121)
	        Recheck Cond: ((id >= 4287819) AND (id <= 4288818))
	        ->  Bitmap Index Scan on sbtest2_pkey  (cost=0.00..30.32 rows=989 width=0)
	              Index Cond: ((id >= 4287819) AND (id <= 4288818))

table 3 : explain SELECT c FROM sbtest3 WHERE id BETWEEN 6864750 AND 6865749 ORDER BY c
	Sort  (cost=4119.90..4122.53 rows=1050 width=121)
	  Sort Key: c
	  ->  Bitmap Heap Scan on sbtest3  (cost=35.20..4067.21 rows=1050 width=121)
	        Recheck Cond: ((id >= 6864750) AND (id <= 6865749))
	        ->  Bitmap Index Scan on sbtest3_pkey  (cost=0.00..34.94 rows=1050 width=0)
	              Index Cond: ((id >= 6864750) AND (id <= 6865749))

table 4 : explain SELECT c FROM sbtest4 WHERE id BETWEEN 2535017 AND 2536016 ORDER BY c
	Sort  (cost=3702.54..3704.89 rows=942 width=121)
	  Sort Key: c
	  ->  Bitmap Heap Scan on sbtest4  (cost=30.09..3656.00 rows=942 width=121)
	        Recheck Cond: ((id >= 2535017) AND (id <= 2536016))
	        ->  Bitmap Index Scan on sbtest4_pkey  (cost=0.00..29.86 rows=942 width=0)
	              Index Cond: ((id >= 2535017) AND (id <= 2536016))

table 5 : explain SELECT c FROM sbtest5 WHERE id BETWEEN 6921729 AND 6922728 ORDER BY c
	Sort  (cost=4357.19..4359.97 rows=1112 width=121)
	  Sort Key: c
	  ->  Bitmap Heap Scan on sbtest5  (cost=35.83..4300.93 rows=1112 width=121)
	        Recheck Cond: ((id >= 6921729) AND (id <= 6922728))
	        ->  Bitmap Index Scan on sbtest5_pkey  (cost=0.00..35.56 rows=1112 width=0)
	              Index Cond: ((id >= 6921729) AND (id <= 6922728))

table 6 : explain SELECT c FROM sbtest6 WHERE id BETWEEN 989560 AND 990559 ORDER BY c
	Sort  (cost=4177.20..4179.86 rows=1065 width=121)
	  Sort Key: c
	  ->  Bitmap Heap Scan on sbtest6  (cost=35.35..4123.65 rows=1065 width=121)
	        Recheck Cond: ((id >= 989560) AND (id <= 990559))
	        ->  Bitmap Index Scan on sbtest6_pkey  (cost=0.00..35.09 rows=1065 width=0)
	              Index Cond: ((id >= 989560) AND (id <= 990559))

table 7 : explain SELECT c FROM sbtest7 WHERE id BETWEEN 2355117 AND 2356116 ORDER BY c
	Sort  (cost=3928.61..3931.11 rows=1001 width=121)
	  Sort Key: c
	  ->  Bitmap Heap Scan on sbtest7  (cost=30.70..3878.72 rows=1001 width=121)
	        Recheck Cond: ((id >= 2355117) AND (id <= 2356116))
	        ->  Bitmap Index Scan on sbtest7_pkey  (cost=0.00..30.44 rows=1001 width=0)
	              Index Cond: ((id >= 2355117) AND (id <= 2356116))

table 8 : explain SELECT c FROM sbtest8 WHERE id BETWEEN 3292650 AND 3293649 ORDER BY c
	Sort  (cost=3613.98..3616.28 rows=919 width=121)
	  Sort Key: c
	  ->  Bitmap Heap Scan on sbtest8  (cost=29.85..3568.75 rows=919 width=121)
	        Recheck Cond: ((id >= 3292650) AND (id <= 3293649))
	        ->  Bitmap Index Scan on sbtest8_pkey  (cost=0.00..29.62 rows=919 width=0)
	              Index Cond: ((id >= 3292650) AND (id <= 3293649))

for: distinct_ranges
table 1 : explain SELECT DISTINCT c FROM sbtest1 WHERE id BETWEEN 2415107 AND 2416106 ORDER BY c
	Unique  (cost=4326.53..4332.05 rows=1104 width=121)
	  ->  Sort  (cost=4326.53..4329.29 rows=1104 width=121)
	        Sort Key: c
	        ->  Bitmap Heap Scan on sbtest1  (cost=35.75..4270.74 rows=1104 width=121)
	              Recheck Cond: ((id >= 2415107) AND (id <= 2416106))
	              ->  Bitmap Index Scan on sbtest1_pkey  (cost=0.00..35.48 rows=1104 width=0)
	                    Index Cond: ((id >= 2415107) AND (id <= 2416106))

table 2 : explain SELECT DISTINCT c FROM sbtest2 WHERE id BETWEEN 6717351 AND 6718350 ORDER BY c
	Unique  (cost=3571.69..3576.23 rows=908 width=121)
	  ->  Sort  (cost=3571.69..3573.96 rows=908 width=121)
	        Sort Key: c
	        ->  Bitmap Heap Scan on sbtest2  (cost=29.74..3527.08 rows=908 width=121)
	              Recheck Cond: ((id >= 6717351) AND (id <= 6718350))
	              ->  Bitmap Index Scan on sbtest2_pkey  (cost=0.00..29.51 rows=908 width=0)
	                    Index Cond: ((id >= 6717351) AND (id <= 6718350))

table 3 : explain SELECT DISTINCT c FROM sbtest3 WHERE id BETWEEN 9343437 AND 9344436 ORDER BY c
	Unique  (cost=3617.57..3622.17 rows=920 width=121)
	  ->  Sort  (cost=3617.57..3619.87 rows=920 width=121)
	        Sort Key: c
	        ->  Bitmap Heap Scan on sbtest3  (cost=29.87..3572.28 rows=920 width=121)
	              Recheck Cond: ((id >= 9343437) AND (id <= 9344436))
	              ->  Bitmap Index Scan on sbtest3_pkey  (cost=0.00..29.64 rows=920 width=0)
	                    Index Cond: ((id >= 9343437) AND (id <= 9344436))

table 4 : explain SELECT DISTINCT c FROM sbtest4 WHERE id BETWEEN 4811486 AND 4812485 ORDER BY c
	Unique  (cost=3733.25..3738.00 rows=950 width=121)
	  ->  Sort  (cost=3733.25..3735.62 rows=950 width=121)
	        Sort Key: c
	        ->  Bitmap Heap Scan on sbtest4  (cost=30.17..3686.26 rows=950 width=121)
	              Recheck Cond: ((id >= 4811486) AND (id <= 4812485))
	              ->  Bitmap Index Scan on sbtest4_pkey  (cost=0.00..29.93 rows=950 width=0)
	                    Index Cond: ((id >= 4811486) AND (id <= 4812485))

table 5 : explain SELECT DISTINCT c FROM sbtest5 WHERE id BETWEEN 4676997 AND 4677996 ORDER BY c
	Unique  (cost=3821.24..3826.11 rows=973 width=121)
	  ->  Sort  (cost=3821.24..3823.68 rows=973 width=121)
	        Sort Key: c
	        ->  Bitmap Heap Scan on sbtest5  (cost=30.41..3772.95 rows=973 width=121)
	              Recheck Cond: ((id >= 4676997) AND (id <= 4677996))
	              ->  Bitmap Index Scan on sbtest5_pkey  (cost=0.00..30.16 rows=973 width=0)
	                    Index Cond: ((id >= 4676997) AND (id <= 4677996))

table 6 : explain SELECT DISTINCT c FROM sbtest6 WHERE id BETWEEN 5678064 AND 5679063 ORDER BY c
	Unique  (cost=3797.90..3802.74 rows=967 width=121)
	  ->  Sort  (cost=3797.90..3800.32 rows=967 width=121)
	        Sort Key: c
	        ->  Bitmap Heap Scan on sbtest6  (cost=30.35..3749.95 rows=967 width=121)
	              Recheck Cond: ((id >= 5678064) AND (id <= 5679063))
	              ->  Bitmap Index Scan on sbtest6_pkey  (cost=0.00..30.11 rows=967 width=0)
	                    Index Cond: ((id >= 5678064) AND (id <= 5679063))

table 7 : explain SELECT DISTINCT c FROM sbtest7 WHERE id BETWEEN 9722003 AND 9723002 ORDER BY c
	Unique  (cost=3878.79..3883.73 rows=988 width=121)
	  ->  Sort  (cost=3878.79..3881.26 rows=988 width=121)
	        Sort Key: c
	        ->  Bitmap Heap Scan on sbtest7  (cost=30.56..3829.64 rows=988 width=121)
	              Recheck Cond: ((id >= 9722003) AND (id <= 9723002))
	              ->  Bitmap Index Scan on sbtest7_pkey  (cost=0.00..30.32 rows=988 width=0)
	                    Index Cond: ((id >= 9722003) AND (id <= 9723002))

table 8 : explain SELECT DISTINCT c FROM sbtest8 WHERE id BETWEEN 1056657 AND 1057656 ORDER BY c
	Unique  (cost=3986.05..3991.13 rows=1016 width=121)
	  ->  Sort  (cost=3986.05..3988.59 rows=1016 width=121)
	        Sort Key: c
	        ->  Bitmap Heap Scan on sbtest8  (cost=30.85..3935.31 rows=1016 width=121)
	              Recheck Cond: ((id >= 1056657) AND (id <= 1057656))
	              ->  Bitmap Index Scan on sbtest8_pkey  (cost=0.00..30.59 rows=1016 width=0)
	                    Index Cond: ((id >= 1056657) AND (id <= 1057656))

for: simple_ranges
table 1 : explain SELECT c FROM sbtest1 WHERE id BETWEEN 8313434 AND 8314433
	Bitmap Heap Scan on sbtest1  (cost=30.47..3795.53 rows=979 width=121)
	  Recheck Cond: ((id >= 8313434) AND (id <= 8314433))
	  ->  Bitmap Index Scan on sbtest1_pkey  (cost=0.00..30.22 rows=979 width=0)
	        Index Cond: ((id >= 8313434) AND (id <= 8314433))

table 2 : explain SELECT c FROM sbtest2 WHERE id BETWEEN 4594413 AND 4595412
	Bitmap Heap Scan on sbtest2  (cost=29.79..3546.01 rows=913 width=121)
	  Recheck Cond: ((id >= 4594413) AND (id <= 4595412))
	  ->  Bitmap Index Scan on sbtest2_pkey  (cost=0.00..29.57 rows=913 width=0)
	        Index Cond: ((id >= 4594413) AND (id <= 4595412))

table 3 : explain SELECT c FROM sbtest3 WHERE id BETWEEN 3222699 AND 3223698
	Bitmap Heap Scan on sbtest3  (cost=30.86..3938.79 rows=1017 width=121)
	  Recheck Cond: ((id >= 3222699) AND (id <= 3223698))
	  ->  Bitmap Index Scan on sbtest3_pkey  (cost=0.00..30.61 rows=1017 width=0)
	        Index Cond: ((id >= 3222699) AND (id <= 3223698))

table 4 : explain SELECT c FROM sbtest4 WHERE id BETWEEN 9980577 AND 9981576
	Bitmap Heap Scan on sbtest4  (cost=30.50..3807.20 rows=982 width=121)
	  Recheck Cond: ((id >= 9980577) AND (id <= 9981576))
	  ->  Bitmap Index Scan on sbtest4_pkey  (cost=0.00..30.25 rows=982 width=0)
	        Index Cond: ((id >= 9980577) AND (id <= 9981576))

table 5 : explain SELECT c FROM sbtest5 WHERE id BETWEEN 4061499 AND 4062498
	Bitmap Heap Scan on sbtest5  (cost=35.46..4165.45 rows=1076 width=121)
	  Recheck Cond: ((id >= 4061499) AND (id <= 4062498))
	  ->  Bitmap Index Scan on sbtest5_pkey  (cost=0.00..35.20 rows=1076 width=0)
	        Index Cond: ((id >= 4061499) AND (id <= 4062498))

table 6 : explain SELECT c FROM sbtest6 WHERE id BETWEEN 6479124 AND 6480123
	Bitmap Heap Scan on sbtest6  (cost=30.30..3731.06 rows=962 width=121)
	  Recheck Cond: ((id >= 6479124) AND (id <= 6480123))
	  ->  Bitmap Index Scan on sbtest6_pkey  (cost=0.00..30.05 rows=962 width=0)
	        Index Cond: ((id >= 6479124) AND (id <= 6480123))

table 7 : explain SELECT c FROM sbtest7 WHERE id BETWEEN 4279527 AND 4280526
	Bitmap Heap Scan on sbtest7  (cost=30.37..3757.87 rows=969 width=121)
	  Recheck Cond: ((id >= 4279527) AND (id <= 4280526))
	  ->  Bitmap Index Scan on sbtest7_pkey  (cost=0.00..30.12 rows=969 width=0)
	        Index Cond: ((id >= 4279527) AND (id <= 4280526))

table 8 : explain SELECT c FROM sbtest8 WHERE id BETWEEN 3222007 AND 3223006
	Bitmap Heap Scan on sbtest8  (cost=29.85..3568.75 rows=919 width=121)
	  Recheck Cond: ((id >= 3222007) AND (id <= 3223006))
	  ->  Bitmap Index Scan on sbtest8_pkey  (cost=0.00..29.62 rows=919 width=0)
	        Index Cond: ((id >= 3222007) AND (id <= 3223006))

for: simple_ranges
table 1 : explain SELECT c FROM sbtest1 WHERE id BETWEEN 7503618 AND 7504617
	Bitmap Heap Scan on sbtest1  (cost=30.96..3976.70 rows=1027 width=121)
	  Recheck Cond: ((id >= 7503618) AND (id <= 7504617))
	  ->  Bitmap Index Scan on sbtest1_pkey  (cost=0.00..30.70 rows=1027 width=0)
	        Index Cond: ((id >= 7503618) AND (id <= 7504617))

table 2 : explain SELECT c FROM sbtest2 WHERE id BETWEEN 4587909 AND 4588908
	Bitmap Heap Scan on sbtest2  (cost=29.79..3546.01 rows=913 width=121)
	  Recheck Cond: ((id >= 4587909) AND (id <= 4588908))
	  ->  Bitmap Index Scan on sbtest2_pkey  (cost=0.00..29.57 rows=913 width=0)
	        Index Cond: ((id >= 4587909) AND (id <= 4588908))

table 3 : explain SELECT c FROM sbtest3 WHERE id BETWEEN 8388501 AND 8389500
	Bitmap Heap Scan on sbtest3  (cost=30.30..3731.12 rows=962 width=121)
	  Recheck Cond: ((id >= 8388501) AND (id <= 8389500))
	  ->  Bitmap Index Scan on sbtest3_pkey  (cost=0.00..30.05 rows=962 width=0)
	        Index Cond: ((id >= 8388501) AND (id <= 8389500))

table 4 : explain SELECT c FROM sbtest4 WHERE id BETWEEN 6265076 AND 6266075
	Bitmap Heap Scan on sbtest4  (cost=35.18..4060.25 rows=1048 width=121)
	  Recheck Cond: ((id >= 6265076) AND (id <= 6266075))
	  ->  Bitmap Index Scan on sbtest4_pkey  (cost=0.00..34.92 rows=1048 width=0)
	        Index Cond: ((id >= 6265076) AND (id <= 6266075))

table 5 : explain SELECT c FROM sbtest5 WHERE id BETWEEN 8396728 AND 8397727
	Bitmap Heap Scan on sbtest5  (cost=30.59..3840.94 rows=991 width=121)
	  Recheck Cond: ((id >= 8396728) AND (id <= 8397727))
	  ->  Bitmap Index Scan on sbtest5_pkey  (cost=0.00..30.34 rows=991 width=0)
	        Index Cond: ((id >= 8396728) AND (id <= 8397727))

table 6 : explain SELECT c FROM sbtest6 WHERE id BETWEEN 3922581 AND 3923580
	Bitmap Heap Scan on sbtest6  (cost=30.76..3900.99 rows=1007 width=121)
	  Recheck Cond: ((id >= 3922581) AND (id <= 3923580))
	  ->  Bitmap Index Scan on sbtest6_pkey  (cost=0.00..30.50 rows=1007 width=0)
	        Index Cond: ((id >= 3922581) AND (id <= 3923580))

table 7 : explain SELECT c FROM sbtest7 WHERE id BETWEEN 2858571 AND 2859570
	Bitmap Heap Scan on sbtest7  (cost=29.89..3580.12 rows=922 width=121)
	  Recheck Cond: ((id >= 2858571) AND (id <= 2859570))
	  ->  Bitmap Index Scan on sbtest7_pkey  (cost=0.00..29.65 rows=922 width=0)
	        Index Cond: ((id >= 2858571) AND (id <= 2859570))

table 8 : explain SELECT c FROM sbtest8 WHERE id BETWEEN 1694620 AND 1695619
	Bitmap Heap Scan on sbtest8  (cost=30.48..3799.41 rows=980 width=121)
	  Recheck Cond: ((id >= 1694620) AND (id <= 1695619))
	  ->  Bitmap Index Scan on sbtest8_pkey  (cost=0.00..30.23 rows=980 width=0)
	        Index Cond: ((id >= 1694620) AND (id <= 1695619))

for: simple_ranges
table 1 : explain SELECT c FROM sbtest1 WHERE id BETWEEN 5454584 AND 5455583
	Bitmap Heap Scan on sbtest1  (cost=30.06..3644.34 rows=939 width=121)
	  Recheck Cond: ((id >= 5454584) AND (id <= 5455583))
	  ->  Bitmap Index Scan on sbtest1_pkey  (cost=0.00..29.82 rows=939 width=0)
	        Index Cond: ((id >= 5454584) AND (id <= 5455583))

table 2 : explain SELECT c FROM sbtest2 WHERE id BETWEEN 3862832 AND 3863831
	Bitmap Heap Scan on sbtest2  (cost=30.63..3856.03 rows=995 width=121)
	  Recheck Cond: ((id >= 3862832) AND (id <= 3863831))
	  ->  Bitmap Index Scan on sbtest2_pkey  (cost=0.00..30.39 rows=995 width=0)
	        Index Cond: ((id >= 3862832) AND (id <= 3863831))

table 3 : explain SELECT c FROM sbtest3 WHERE id BETWEEN 3939460 AND 3940459
	Bitmap Heap Scan on sbtest3  (cost=30.19..3693.33 rows=952 width=121)
	  Recheck Cond: ((id >= 3939460) AND (id <= 3940459))
	  ->  Bitmap Index Scan on sbtest3_pkey  (cost=0.00..29.95 rows=952 width=0)
	        Index Cond: ((id >= 3939460) AND (id <= 3940459))

table 4 : explain SELECT c FROM sbtest4 WHERE id BETWEEN 883204 AND 884203
	Bitmap Heap Scan on sbtest4  (cost=29.98..3614.39 rows=931 width=121)
	  Recheck Cond: ((id >= 883204) AND (id <= 884203))
	  ->  Bitmap Index Scan on sbtest4_pkey  (cost=0.00..29.75 rows=931 width=0)
	        Index Cond: ((id >= 883204) AND (id <= 884203))

table 5 : explain SELECT c FROM sbtest5 WHERE id BETWEEN 1481116 AND 1482115
	Bitmap Heap Scan on sbtest5  (cost=29.90..3583.88 rows=923 width=121)
	  Recheck Cond: ((id >= 1481116) AND (id <= 1482115))
	  ->  Bitmap Index Scan on sbtest5_pkey  (cost=0.00..29.66 rows=923 width=0)
	        Index Cond: ((id >= 1481116) AND (id <= 1482115))

table 6 : explain SELECT c FROM sbtest6 WHERE id BETWEEN 1933750 AND 1934749
	Bitmap Heap Scan on sbtest6  (cost=34.84..3935.18 rows=1015 width=121)
	  Recheck Cond: ((id >= 1933750) AND (id <= 1934749))
	  ->  Bitmap Index Scan on sbtest6_pkey  (cost=0.00..34.59 rows=1015 width=0)
	        Index Cond: ((id >= 1933750) AND (id <= 1934749))

table 7 : explain SELECT c FROM sbtest7 WHERE id BETWEEN 9401069 AND 9402068
	Bitmap Heap Scan on sbtest7  (cost=29.80..3549.84 rows=914 width=121)
	  Recheck Cond: ((id >= 9401069) AND (id <= 9402068))
	  ->  Bitmap Index Scan on sbtest7_pkey  (cost=0.00..29.57 rows=914 width=0)
	        Index Cond: ((id >= 9401069) AND (id <= 9402068))

table 8 : explain SELECT c FROM sbtest8 WHERE id BETWEEN 9716360 AND 9717359
	Bitmap Heap Scan on sbtest8  (cost=29.78..3542.25 rows=912 width=121)
	  Recheck Cond: ((id >= 9716360) AND (id <= 9717359))
	  ->  Bitmap Index Scan on sbtest8_pkey  (cost=0.00..29.55 rows=912 width=0)
	        Index Cond: ((id >= 9716360) AND (id <= 9717359))

for: simple_ranges
table 1 : explain SELECT c FROM sbtest1 WHERE id BETWEEN 8579259 AND 8580258
	Bitmap Heap Scan on sbtest1  (cost=30.43..3780.42 rows=975 width=121)
	  Recheck Cond: ((id >= 8579259) AND (id <= 8580258))
	  ->  Bitmap Index Scan on sbtest1_pkey  (cost=0.00..30.18 rows=975 width=0)
	        Index Cond: ((id >= 8579259) AND (id <= 8580258))

table 2 : explain SELECT c FROM sbtest2 WHERE id BETWEEN 5948406 AND 5949405
	Bitmap Heap Scan on sbtest2  (cost=30.21..3701.13 rows=954 width=121)
	  Recheck Cond: ((id >= 5948406) AND (id <= 5949405))
	  ->  Bitmap Index Scan on sbtest2_pkey  (cost=0.00..29.97 rows=954 width=0)
	        Index Cond: ((id >= 5948406) AND (id <= 5949405))

table 3 : explain SELECT c FROM sbtest3 WHERE id BETWEEN 4145276 AND 4146275
	Bitmap Heap Scan on sbtest3  (cost=30.24..3712.23 rows=957 width=121)
	  Recheck Cond: ((id >= 4145276) AND (id <= 4146275))
	  ->  Bitmap Index Scan on sbtest3_pkey  (cost=0.00..30.00 rows=957 width=0)
	        Index Cond: ((id >= 4145276) AND (id <= 4146275))

table 4 : explain SELECT c FROM sbtest4 WHERE id BETWEEN 9021446 AND 9022445
	Bitmap Heap Scan on sbtest4  (cost=30.83..3928.02 rows=1014 width=121)
	  Recheck Cond: ((id >= 9021446) AND (id <= 9022445))
	  ->  Bitmap Index Scan on sbtest4_pkey  (cost=0.00..30.57 rows=1014 width=0)
	        Index Cond: ((id >= 9021446) AND (id <= 9022445))

table 5 : explain SELECT c FROM sbtest5 WHERE id BETWEEN 7145439 AND 7146438
	Bitmap Heap Scan on sbtest5  (cost=30.91..3957.93 rows=1022 width=121)
	  Recheck Cond: ((id >= 7145439) AND (id <= 7146438))
	  ->  Bitmap Index Scan on sbtest5_pkey  (cost=0.00..30.65 rows=1022 width=0)
	        Index Cond: ((id >= 7145439) AND (id <= 7146438))

table 6 : explain SELECT c FROM sbtest6 WHERE id BETWEEN 7499348 AND 7500347
	Bitmap Heap Scan on sbtest6  (cost=30.64..3859.48 rows=996 width=121)
	  Recheck Cond: ((id >= 7499348) AND (id <= 7500347))
	  ->  Bitmap Index Scan on sbtest6_pkey  (cost=0.00..30.39 rows=996 width=0)
	        Index Cond: ((id >= 7499348) AND (id <= 7500347))

table 7 : explain SELECT c FROM sbtest7 WHERE id BETWEEN 2955665 AND 2956664
	Bitmap Heap Scan on sbtest7  (cost=29.89..3580.12 rows=922 width=121)
	  Recheck Cond: ((id >= 2955665) AND (id <= 2956664))
	  ->  Bitmap Index Scan on sbtest7_pkey  (cost=0.00..29.65 rows=922 width=0)
	        Index Cond: ((id >= 2955665) AND (id <= 2956664))

table 8 : explain SELECT c FROM sbtest8 WHERE id BETWEEN 1265121 AND 1266120
	Bitmap Heap Scan on sbtest8  (cost=34.89..3954.40 rows=1020 width=121)
	  Recheck Cond: ((id >= 1265121) AND (id <= 1266120))
	  ->  Bitmap Index Scan on sbtest8_pkey  (cost=0.00..34.64 rows=1020 width=0)
	        Index Cond: ((id >= 1265121) AND (id <= 1266120))

for: sum_ranges
table 1 : explain SELECT SUM(k) FROM sbtest1 WHERE id BETWEEN 73966 AND 74965
	Aggregate  (cost=3786.64..3786.65 rows=1 width=8)
	  ->  Bitmap Heap Scan on sbtest1  (cost=30.44..3784.20 rows=976 width=4)
	        Recheck Cond: ((id >= 73966) AND (id <= 74965))
	        ->  Bitmap Index Scan on sbtest1_pkey  (cost=0.00..30.19 rows=976 width=0)
	              Index Cond: ((id >= 73966) AND (id <= 74965))

table 2 : explain SELECT SUM(k) FROM sbtest2 WHERE id BETWEEN 2360180 AND 2361179
	Aggregate  (cost=4100.28..4100.29 rows=1 width=8)
	  ->  Bitmap Heap Scan on sbtest2  (cost=35.28..4097.63 rows=1058 width=4)
	        Recheck Cond: ((id >= 2360180) AND (id <= 2361179))
	        ->  Bitmap Index Scan on sbtest2_pkey  (cost=0.00..35.02 rows=1058 width=0)
	              Index Cond: ((id >= 2360180) AND (id <= 2361179))

table 3 : explain SELECT SUM(k) FROM sbtest3 WHERE id BETWEEN 3902025 AND 3903024
	Aggregate  (cost=4009.26..4009.27 rows=1 width=8)
	  ->  Bitmap Heap Scan on sbtest3  (cost=31.04..4006.67 rows=1035 width=4)
	        Recheck Cond: ((id >= 3902025) AND (id <= 3903024))
	        ->  Bitmap Index Scan on sbtest3_pkey  (cost=0.00..30.79 rows=1035 width=0)
	              Index Cond: ((id >= 3902025) AND (id <= 3903024))

table 4 : explain SELECT SUM(k) FROM sbtest4 WHERE id BETWEEN 2706567 AND 2707566
	Aggregate  (cost=3715.12..3715.13 rows=1 width=8)
	  ->  Bitmap Heap Scan on sbtest4  (cost=30.24..3712.73 rows=957 width=4)
	        Recheck Cond: ((id >= 2706567) AND (id <= 2707566))
	        ->  Bitmap Index Scan on sbtest4_pkey  (cost=0.00..30.00 rows=957 width=0)
	              Index Cond: ((id >= 2706567) AND (id <= 2707566))

table 5 : explain SELECT SUM(k) FROM sbtest5 WHERE id BETWEEN 2431513 AND 2432512
	Aggregate  (cost=3677.04..3677.05 rows=1 width=8)
	  ->  Bitmap Heap Scan on sbtest5  (cost=30.14..3674.67 rows=947 width=4)
	        Recheck Cond: ((id >= 2431513) AND (id <= 2432512))
	        ->  Bitmap Index Scan on sbtest5_pkey  (cost=0.00..29.90 rows=947 width=0)
	              Index Cond: ((id >= 2431513) AND (id <= 2432512))

table 6 : explain SELECT SUM(k) FROM sbtest6 WHERE id BETWEEN 2187876 AND 2188875
	Aggregate  (cost=4047.14..4047.15 rows=1 width=8)
	  ->  Bitmap Heap Scan on sbtest6  (cost=35.14..4044.53 rows=1044 width=4)
	        Recheck Cond: ((id >= 2187876) AND (id <= 2188875))
	        ->  Bitmap Index Scan on sbtest6_pkey  (cost=0.00..34.88 rows=1044 width=0)
	              Index Cond: ((id >= 2187876) AND (id <= 2188875))

table 7 : explain SELECT SUM(k) FROM sbtest7 WHERE id BETWEEN 6380469 AND 6381468
	Aggregate  (cost=4006.04..4006.05 rows=1 width=8)
	  ->  Bitmap Heap Scan on sbtest7  (cost=35.02..4003.45 rows=1033 width=4)
	        Recheck Cond: ((id >= 6380469) AND (id <= 6381468))
	        ->  Bitmap Index Scan on sbtest7_pkey  (cost=0.00..34.77 rows=1033 width=0)
	              Index Cond: ((id >= 6380469) AND (id <= 6381468))

table 8 : explain SELECT SUM(k) FROM sbtest8 WHERE id BETWEEN 9239025 AND 9240024
	Aggregate  (cost=3639.20..3639.21 rows=1 width=8)
	  ->  Bitmap Heap Scan on sbtest8  (cost=30.04..3636.86 rows=937 width=4)
	        Recheck Cond: ((id >= 9239025) AND (id <= 9240024))
	        ->  Bitmap Index Scan on sbtest8_pkey  (cost=0.00..29.80 rows=937 width=0)
	              Index Cond: ((id >= 9239025) AND (id <= 9240024))

for: sum_ranges
table 1 : explain SELECT SUM(k) FROM sbtest1 WHERE id BETWEEN 9068918 AND 9069917
	Aggregate  (cost=3726.14..3726.15 rows=1 width=8)
	  ->  Bitmap Heap Scan on sbtest1  (cost=30.27..3723.74 rows=960 width=4)
	        Recheck Cond: ((id >= 9068918) AND (id <= 9069917))
	        ->  Bitmap Index Scan on sbtest1_pkey  (cost=0.00..30.04 rows=960 width=0)
	              Index Cond: ((id >= 9068918) AND (id <= 9069917))

table 2 : explain SELECT SUM(k) FROM sbtest2 WHERE id BETWEEN 9587673 AND 9588672
	Aggregate  (cost=3718.64..3718.65 rows=1 width=8)
	  ->  Bitmap Heap Scan on sbtest2  (cost=30.25..3716.25 rows=958 width=4)
	        Recheck Cond: ((id >= 9587673) AND (id <= 9588672))
	        ->  Bitmap Index Scan on sbtest2_pkey  (cost=0.00..30.01 rows=958 width=0)
	              Index Cond: ((id >= 9587673) AND (id <= 9588672))

table 3 : explain SELECT SUM(k) FROM sbtest3 WHERE id BETWEEN 1384752 AND 1385751
	Aggregate  (cost=3479.86..3479.87 rows=1 width=8)
	  ->  Bitmap Heap Scan on sbtest3  (cost=29.61..3477.62 rows=895 width=4)
	        Recheck Cond: ((id >= 1384752) AND (id <= 1385751))
	        ->  Bitmap Index Scan on sbtest3_pkey  (cost=0.00..29.39 rows=895 width=0)
	              Index Cond: ((id >= 1384752) AND (id <= 1385751))

table 4 : explain SELECT SUM(k) FROM sbtest4 WHERE id BETWEEN 3745627 AND 3746626
	Aggregate  (cost=4285.19..4285.20 rows=1 width=8)
	  ->  Bitmap Heap Scan on sbtest4  (cost=35.78..4282.43 rows=1107 width=4)
	        Recheck Cond: ((id >= 3745627) AND (id <= 3746626))
	        ->  Bitmap Index Scan on sbtest4_pkey  (cost=0.00..35.51 rows=1107 width=0)
	              Index Cond: ((id >= 3745627) AND (id <= 3746626))

table 5 : explain SELECT SUM(k) FROM sbtest5 WHERE id BETWEEN 847731 AND 848730
	Aggregate  (cost=3790.51..3790.52 rows=1 width=8)
	  ->  Bitmap Heap Scan on sbtest5  (cost=30.45..3788.06 rows=977 width=4)
	        Recheck Cond: ((id >= 847731) AND (id <= 848730))
	        ->  Bitmap Index Scan on sbtest5_pkey  (cost=0.00..30.20 rows=977 width=0)
	              Index Cond: ((id >= 847731) AND (id <= 848730))

table 6 : explain SELECT SUM(k) FROM sbtest6 WHERE id BETWEEN 2865762 AND 2866761
	Aggregate  (cost=3967.91..3967.92 rows=1 width=8)
	  ->  Bitmap Heap Scan on sbtest6  (cost=34.92..3965.35 rows=1023 width=4)
	        Recheck Cond: ((id >= 2865762) AND (id <= 2866761))
	        ->  Bitmap Index Scan on sbtest6_pkey  (cost=0.00..34.67 rows=1023 width=0)
	              Index Cond: ((id >= 2865762) AND (id <= 2866761))

table 7 : explain SELECT SUM(k) FROM sbtest7 WHERE id BETWEEN 7783366 AND 7784365
	Aggregate  (cost=3639.22..3639.23 rows=1 width=8)
	  ->  Bitmap Heap Scan on sbtest7  (cost=30.04..3636.88 rows=937 width=4)
	        Recheck Cond: ((id >= 7783366) AND (id <= 7784365))
	        ->  Bitmap Index Scan on sbtest7_pkey  (cost=0.00..29.80 rows=937 width=0)
	              Index Cond: ((id >= 7783366) AND (id <= 7784365))

table 8 : explain SELECT SUM(k) FROM sbtest8 WHERE id BETWEEN 5228591 AND 5229590
	Aggregate  (cost=3998.47..3998.48 rows=1 width=8)
	  ->  Bitmap Heap Scan on sbtest8  (cost=35.00..3995.89 rows=1031 width=4)
	        Recheck Cond: ((id >= 5228591) AND (id <= 5229590))
	        ->  Bitmap Index Scan on sbtest8_pkey  (cost=0.00..34.75 rows=1031 width=0)
	              Index Cond: ((id >= 5228591) AND (id <= 5229590))

for: sum_ranges
table 1 : explain SELECT SUM(k) FROM sbtest1 WHERE id BETWEEN 5525892 AND 5526891
	Aggregate  (cost=3979.27..3979.28 rows=1 width=8)
	  ->  Bitmap Heap Scan on sbtest1  (cost=30.96..3976.70 rows=1027 width=4)
	        Recheck Cond: ((id >= 5525892) AND (id <= 5526891))
	        ->  Bitmap Index Scan on sbtest1_pkey  (cost=0.00..30.70 rows=1027 width=0)
	              Index Cond: ((id >= 5525892) AND (id <= 5526891))

table 2 : explain SELECT SUM(k) FROM sbtest2 WHERE id BETWEEN 9034367 AND 9035366
	Aggregate  (cost=3835.84..3835.85 rows=1 width=8)
	  ->  Bitmap Heap Scan on sbtest2  (cost=30.57..3833.37 rows=989 width=4)
	        Recheck Cond: ((id >= 9034367) AND (id <= 9035366))
	        ->  Bitmap Index Scan on sbtest2_pkey  (cost=0.00..30.32 rows=989 width=0)
	              Index Cond: ((id >= 9034367) AND (id <= 9035366))

table 3 : explain SELECT SUM(k) FROM sbtest3 WHERE id BETWEEN 7459206 AND 7460205
	Aggregate  (cost=4160.30..4160.31 rows=1 width=8)
	  ->  Bitmap Heap Scan on sbtest3  (cost=35.44..4157.61 rows=1074 width=4)
	        Recheck Cond: ((id >= 7459206) AND (id <= 7460205))
	        ->  Bitmap Index Scan on sbtest3_pkey  (cost=0.00..35.18 rows=1074 width=0)
	              Index Cond: ((id >= 7459206) AND (id <= 7460205))

table 4 : explain SELECT SUM(k) FROM sbtest4 WHERE id BETWEEN 7886934 AND 7887933
	Aggregate  (cost=4172.20..4172.21 rows=1 width=8)
	  ->  Bitmap Heap Scan on sbtest4  (cost=35.47..4169.51 rows=1077 width=4)
	        Recheck Cond: ((id >= 7886934) AND (id <= 7887933))
	        ->  Bitmap Index Scan on sbtest4_pkey  (cost=0.00..35.20 rows=1077 width=0)
	              Index Cond: ((id >= 7886934) AND (id <= 7887933))

table 5 : explain SELECT SUM(k) FROM sbtest5 WHERE id BETWEEN 9064921 AND 9065920
	Aggregate  (cost=4085.21..4085.22 rows=1 width=8)
	  ->  Bitmap Heap Scan on sbtest5  (cost=35.24..4082.58 rows=1054 width=4)
	        Recheck Cond: ((id >= 9064921) AND (id <= 9065920))
	        ->  Bitmap Index Scan on sbtest5_pkey  (cost=0.00..34.98 rows=1054 width=0)
	              Index Cond: ((id >= 9064921) AND (id <= 9065920))

table 6 : explain SELECT SUM(k) FROM sbtest6 WHERE id BETWEEN 6362769 AND 6363768
	Aggregate  (cost=3941.49..3941.50 rows=1 width=8)
	  ->  Bitmap Heap Scan on sbtest6  (cost=34.85..3938.95 rows=1016 width=4)
	        Recheck Cond: ((id >= 6362769) AND (id <= 6363768))
	        ->  Bitmap Index Scan on sbtest6_pkey  (cost=0.00..34.59 rows=1016 width=0)
	              Index Cond: ((id >= 6362769) AND (id <= 6363768))

table 7 : explain SELECT SUM(k) FROM sbtest7 WHERE id BETWEEN 5759467 AND 5760466
	Aggregate  (cost=4281.16..4281.17 rows=1 width=8)
	  ->  Bitmap Heap Scan on sbtest7  (cost=35.77..4278.40 rows=1106 width=4)
	        Recheck Cond: ((id >= 5759467) AND (id <= 5760466))
	        ->  Bitmap Index Scan on sbtest7_pkey  (cost=0.00..35.50 rows=1106 width=0)
	              Index Cond: ((id >= 5759467) AND (id <= 5760466))

table 8 : explain SELECT SUM(k) FROM sbtest8 WHERE id BETWEEN 5387470 AND 5388469
	Aggregate  (cost=3536.95..3536.96 rows=1 width=8)
	  ->  Bitmap Heap Scan on sbtest8  (cost=29.76..3534.68 rows=910 width=4)
	        Recheck Cond: ((id >= 5387470) AND (id <= 5388469))
	        ->  Bitmap Index Scan on sbtest8_pkey  (cost=0.00..29.54 rows=910 width=0)
	              Index Cond: ((id >= 5387470) AND (id <= 5388469))

for: distinct_ranges
table 1 : explain SELECT DISTINCT c FROM sbtest1 WHERE id BETWEEN 9087915 AND 9088914 ORDER BY c
	Unique  (cost=3771.30..3776.10 rows=960 width=121)
	  ->  Sort  (cost=3771.30..3773.70 rows=960 width=121)
	        Sort Key: c
	        ->  Bitmap Heap Scan on sbtest1  (cost=30.27..3723.74 rows=960 width=121)
	              Recheck Cond: ((id >= 9087915) AND (id <= 9088914))
	              ->  Bitmap Index Scan on sbtest1_pkey  (cost=0.00..30.04 rows=960 width=0)
	                    Index Cond: ((id >= 9087915) AND (id <= 9088914))

table 2 : explain SELECT DISTINCT c FROM sbtest2 WHERE id BETWEEN 4051607 AND 4052606 ORDER BY c
	Unique  (cost=3660.05..3664.70 rows=931 width=121)
	  ->  Sort  (cost=3660.05..3662.38 rows=931 width=121)
	        Sort Key: c
	        ->  Bitmap Heap Scan on sbtest2  (cost=29.98..3614.14 rows=931 width=121)
	              Recheck Cond: ((id >= 4051607) AND (id <= 4052606))
	              ->  Bitmap Index Scan on sbtest2_pkey  (cost=0.00..29.75 rows=931 width=0)
	                    Index Cond: ((id >= 4051607) AND (id <= 4052606))

table 3 : explain SELECT DISTINCT c FROM sbtest3 WHERE id BETWEEN 8815500 AND 8816499 ORDER BY c
	Unique  (cost=3694.37..3699.07 rows=940 width=121)
	  ->  Sort  (cost=3694.37..3696.72 rows=940 width=121)
	        Sort Key: c
	        ->  Bitmap Heap Scan on sbtest3  (cost=30.07..3647.95 rows=940 width=121)
	              Recheck Cond: ((id >= 8815500) AND (id <= 8816499))
	              ->  Bitmap Index Scan on sbtest3_pkey  (cost=0.00..29.83 rows=940 width=0)
	                    Index Cond: ((id >= 8815500) AND (id <= 8816499))

table 4 : explain SELECT DISTINCT c FROM sbtest4 WHERE id BETWEEN 4845072 AND 4846071 ORDER BY c
	Unique  (cost=3733.25..3738.00 rows=950 width=121)
	  ->  Sort  (cost=3733.25..3735.62 rows=950 width=121)
	        Sort Key: c
	        ->  Bitmap Heap Scan on sbtest4  (cost=30.17..3686.26 rows=950 width=121)
	              Recheck Cond: ((id >= 4845072) AND (id <= 4846071))
	              ->  Bitmap Index Scan on sbtest4_pkey  (cost=0.00..29.93 rows=950 width=0)
	                    Index Cond: ((id >= 4845072) AND (id <= 4846071))

table 5 : explain SELECT DISTINCT c FROM sbtest5 WHERE id BETWEEN 1213609 AND 1214608 ORDER BY c
	Unique  (cost=4009.02..4014.13 rows=1022 width=121)
	  ->  Sort  (cost=4009.02..4011.57 rows=1022 width=121)
	        Sort Key: c
	        ->  Bitmap Heap Scan on sbtest5  (cost=30.91..3957.93 rows=1022 width=121)
	              Recheck Cond: ((id >= 1213609) AND (id <= 1214608))
	              ->  Bitmap Index Scan on sbtest5_pkey  (cost=0.00..30.65 rows=1022 width=0)
	                    Index Cond: ((id >= 1213609) AND (id <= 1214608))

table 6 : explain SELECT DISTINCT c FROM sbtest6 WHERE id BETWEEN 1162665 AND 1163664 ORDER BY c
	Unique  (cost=3751.87..3756.65 rows=955 width=121)
	  ->  Sort  (cost=3751.87..3754.26 rows=955 width=121)
	        Sort Key: c
	        ->  Bitmap Heap Scan on sbtest6  (cost=30.22..3704.60 rows=955 width=121)
	              Recheck Cond: ((id >= 1162665) AND (id <= 1163664))
	              ->  Bitmap Index Scan on sbtest6_pkey  (cost=0.00..29.98 rows=955 width=0)
	                    Index Cond: ((id >= 1162665) AND (id <= 1163664))

table 7 : explain SELECT DISTINCT c FROM sbtest7 WHERE id BETWEEN 6017567 AND 6018566 ORDER BY c
	Unique  (cost=3779.08..3783.89 rows=962 width=121)
	  ->  Sort  (cost=3779.08..3781.48 rows=962 width=121)
	        Sort Key: c
	        ->  Bitmap Heap Scan on sbtest7  (cost=30.30..3731.41 rows=962 width=121)
	              Recheck Cond: ((id >= 6017567) AND (id <= 6018566))
	              ->  Bitmap Index Scan on sbtest7_pkey  (cost=0.00..30.05 rows=962 width=0)
	                    Index Cond: ((id >= 6017567) AND (id <= 6018566))

table 8 : explain SELECT DISTINCT c FROM sbtest8 WHERE id BETWEEN 2544796 AND 2545795 ORDER BY c
	Unique  (cost=4334.29..4339.82 rows=1106 width=121)
	  ->  Sort  (cost=4334.29..4337.05 rows=1106 width=121)
	        Sort Key: c
	        ->  Bitmap Heap Scan on sbtest8  (cost=35.77..4278.37 rows=1106 width=121)
	              Recheck Cond: ((id >= 2544796) AND (id <= 2545795))
	              ->  Bitmap Index Scan on sbtest8_pkey  (cost=0.00..35.50 rows=1106 width=0)
	                    Index Cond: ((id >= 2544796) AND (id <= 2545795))

for point_selects
table 1 : explain SELECT c FROM sbtest1 WHERE id=7258336
	Index Scan using sbtest1_pkey on sbtest1  (cost=0.43..8.45 rows=1 width=121)
	  Index Cond: (id = 7258336)

table 2 : explain SELECT c FROM sbtest2 WHERE id=164556
	Index Scan using sbtest2_pkey on sbtest2  (cost=0.43..8.45 rows=1 width=121)
	  Index Cond: (id = 164556)

table 3 : explain SELECT c FROM sbtest3 WHERE id=3023136
	Index Scan using sbtest3_pkey on sbtest3  (cost=0.43..8.45 rows=1 width=121)
	  Index Cond: (id = 3023136)

table 4 : explain SELECT c FROM sbtest4 WHERE id=4605736
	Index Scan using sbtest4_pkey on sbtest4  (cost=0.43..8.45 rows=1 width=121)
	  Index Cond: (id = 4605736)

table 5 : explain SELECT c FROM sbtest5 WHERE id=3335636
	Index Scan using sbtest5_pkey on sbtest5  (cost=0.43..8.45 rows=1 width=121)
	  Index Cond: (id = 3335636)

table 6 : explain SELECT c FROM sbtest6 WHERE id=2550321
	Index Scan using sbtest6_pkey on sbtest6  (cost=0.43..8.45 rows=1 width=121)
	  Index Cond: (id = 2550321)

table 7 : explain SELECT c FROM sbtest7 WHERE id=5871038
	Index Scan using sbtest7_pkey on sbtest7  (cost=0.43..8.45 rows=1 width=121)
	  Index Cond: (id = 5871038)

table 8 : explain SELECT c FROM sbtest8 WHERE id=3739486
	Index Scan using sbtest8_pkey on sbtest8  (cost=0.43..8.45 rows=1 width=121)
	  Index Cond: (id = 3739486)

for point_selects
table 1 : explain SELECT c FROM sbtest1 WHERE id=1183000
	Index Scan using sbtest1_pkey on sbtest1  (cost=0.43..8.45 rows=1 width=121)
	  Index Cond: (id = 1183000)

table 2 : explain SELECT c FROM sbtest2 WHERE id=2424323
	Index Scan using sbtest2_pkey on sbtest2  (cost=0.43..8.45 rows=1 width=121)
	  Index Cond: (id = 2424323)

table 3 : explain SELECT c FROM sbtest3 WHERE id=2631152
	Index Scan using sbtest3_pkey on sbtest3  (cost=0.43..8.45 rows=1 width=121)
	  Index Cond: (id = 2631152)

table 4 : explain SELECT c FROM sbtest4 WHERE id=9183576
	Index Scan using sbtest4_pkey on sbtest4  (cost=0.43..8.45 rows=1 width=121)
	  Index Cond: (id = 9183576)

table 5 : explain SELECT c FROM sbtest5 WHERE id=3867095
	Index Scan using sbtest5_pkey on sbtest5  (cost=0.43..8.45 rows=1 width=121)
	  Index Cond: (id = 3867095)

table 6 : explain SELECT c FROM sbtest6 WHERE id=320411
	Index Scan using sbtest6_pkey on sbtest6  (cost=0.43..8.45 rows=1 width=121)
	  Index Cond: (id = 320411)

table 7 : explain SELECT c FROM sbtest7 WHERE id=8239499
	Index Scan using sbtest7_pkey on sbtest7  (cost=0.43..8.45 rows=1 width=121)
	  Index Cond: (id = 8239499)

table 8 : explain SELECT c FROM sbtest8 WHERE id=6405378
	Index Scan using sbtest8_pkey on sbtest8  (cost=0.43..8.45 rows=1 width=121)
	  Index Cond: (id = 6405378)

for point_selects
table 1 : explain SELECT c FROM sbtest1 WHERE id=801299
	Index Scan using sbtest1_pkey on sbtest1  (cost=0.43..8.45 rows=1 width=121)
	  Index Cond: (id = 801299)

table 2 : explain SELECT c FROM sbtest2 WHERE id=5587636
	Index Scan using sbtest2_pkey on sbtest2  (cost=0.43..8.45 rows=1 width=121)
	  Index Cond: (id = 5587636)

table 3 : explain SELECT c FROM sbtest3 WHERE id=4161266
	Index Scan using sbtest3_pkey on sbtest3  (cost=0.43..8.45 rows=1 width=121)
	  Index Cond: (id = 4161266)

table 4 : explain SELECT c FROM sbtest4 WHERE id=364177
	Index Scan using sbtest4_pkey on sbtest4  (cost=0.43..8.45 rows=1 width=121)
	  Index Cond: (id = 364177)

table 5 : explain SELECT c FROM sbtest5 WHERE id=4548144
	Index Scan using sbtest5_pkey on sbtest5  (cost=0.43..8.45 rows=1 width=121)
	  Index Cond: (id = 4548144)

table 6 : explain SELECT c FROM sbtest6 WHERE id=9306070
	Index Scan using sbtest6_pkey on sbtest6  (cost=0.43..8.45 rows=1 width=121)
	  Index Cond: (id = 9306070)

table 7 : explain SELECT c FROM sbtest7 WHERE id=7223060
	Index Scan using sbtest7_pkey on sbtest7  (cost=0.43..8.45 rows=1 width=121)
	  Index Cond: (id = 7223060)

table 8 : explain SELECT c FROM sbtest8 WHERE id=5131839
	Index Scan using sbtest8_pkey on sbtest8  (cost=0.43..8.45 rows=1 width=121)
	  Index Cond: (id = 5131839)

for: distinct_ranges
table 1 : explain SELECT DISTINCT c FROM sbtest1 WHERE id BETWEEN 3858241 AND 3859240 ORDER BY c
	Unique  (cost=3943.82..3948.84 rows=1005 width=121)
	  ->  Sort  (cost=3943.82..3946.33 rows=1005 width=121)
	        Sort Key: c
	        ->  Bitmap Heap Scan on sbtest1  (cost=30.74..3893.70 rows=1005 width=121)
	              Recheck Cond: ((id >= 3858241) AND (id <= 3859240))
	              ->  Bitmap Index Scan on sbtest1_pkey  (cost=0.00..30.48 rows=1005 width=0)
	                    Index Cond: ((id >= 3858241) AND (id <= 3859240))

table 2 : explain SELECT DISTINCT c FROM sbtest2 WHERE id BETWEEN 1155821 AND 1156820 ORDER BY c
	Unique  (cost=3663.89..3668.55 rows=932 width=121)
	  ->  Sort  (cost=3663.89..3666.22 rows=932 width=121)
	        Sort Key: c
	        ->  Bitmap Heap Scan on sbtest2  (cost=29.99..3617.92 rows=932 width=121)
	              Recheck Cond: ((id >= 1155821) AND (id <= 1156820))
	              ->  Bitmap Index Scan on sbtest2_pkey  (cost=0.00..29.75 rows=932 width=0)
	                    Index Cond: ((id >= 1155821) AND (id <= 1156820))

table 3 : explain SELECT DISTINCT c FROM sbtest3 WHERE id BETWEEN 3416445 AND 3417444 ORDER BY c
	Unique  (cost=3932.14..3937.15 rows=1002 width=121)
	  ->  Sort  (cost=3932.14..3934.64 rows=1002 width=121)
	        Sort Key: c
	        ->  Bitmap Heap Scan on sbtest3  (cost=30.71..3882.19 rows=1002 width=121)
	              Recheck Cond: ((id >= 3416445) AND (id <= 3417444))
	              ->  Bitmap Index Scan on sbtest3_pkey  (cost=0.00..30.45 rows=1002 width=0)
	                    Index Cond: ((id >= 3416445) AND (id <= 3417444))

table 4 : explain SELECT DISTINCT c FROM sbtest4 WHERE id BETWEEN 6355400 AND 6356399 ORDER BY c
	Unique  (cost=4346.04..4351.58 rows=1109 width=121)
	  ->  Sort  (cost=4346.04..4348.81 rows=1109 width=121)
	        Sort Key: c
	        ->  Bitmap Heap Scan on sbtest4  (cost=35.80..4289.95 rows=1109 width=121)
	              Recheck Cond: ((id >= 6355400) AND (id <= 6356399))
	              ->  Bitmap Index Scan on sbtest4_pkey  (cost=0.00..35.53 rows=1109 width=0)
	                    Index Cond: ((id >= 6355400) AND (id <= 6356399))

table 5 : explain SELECT DISTINCT c FROM sbtest5 WHERE id BETWEEN 5127974 AND 5128973 ORDER BY c
	Unique  (cost=3786.72..3791.54 rows=964 width=121)
	  ->  Sort  (cost=3786.72..3789.13 rows=964 width=121)
	        Sort Key: c
	        ->  Bitmap Heap Scan on sbtest5  (cost=30.32..3738.94 rows=964 width=121)
	              Recheck Cond: ((id >= 5127974) AND (id <= 5128973))
	              ->  Bitmap Index Scan on sbtest5_pkey  (cost=0.00..30.07 rows=964 width=0)
	                    Index Cond: ((id >= 5127974) AND (id <= 5128973))

table 6 : explain SELECT DISTINCT c FROM sbtest6 WHERE id BETWEEN 8174350 AND 8175349 ORDER BY c
	Unique  (cost=4119.83..4125.08 rows=1050 width=121)
	  ->  Sort  (cost=4119.83..4122.45 rows=1050 width=121)
	        Sort Key: c
	        ->  Bitmap Heap Scan on sbtest6  (cost=35.20..4067.14 rows=1050 width=121)
	              Recheck Cond: ((id >= 8174350) AND (id <= 8175349))
	              ->  Bitmap Index Scan on sbtest6_pkey  (cost=0.00..34.94 rows=1050 width=0)
	                    Index Cond: ((id >= 8174350) AND (id <= 8175349))

table 7 : explain SELECT DISTINCT c FROM sbtest7 WHERE id BETWEEN 8881437 AND 8882436 ORDER BY c
	Unique  (cost=3710.00..3714.72 rows=944 width=121)
	  ->  Sort  (cost=3710.00..3712.36 rows=944 width=121)
	        Sort Key: c
	        ->  Bitmap Heap Scan on sbtest7  (cost=30.11..3663.36 rows=944 width=121)
	              Recheck Cond: ((id >= 8881437) AND (id <= 8882436))
	              ->  Bitmap Index Scan on sbtest7_pkey  (cost=0.00..29.87 rows=944 width=0)
	                    Index Cond: ((id >= 8881437) AND (id <= 8882436))

table 8 : explain SELECT DISTINCT c FROM sbtest8 WHERE id BETWEEN 6669290 AND 6670289 ORDER BY c
	Unique  (cost=4051.32..4056.48 rows=1032 width=121)
	  ->  Sort  (cost=4051.32..4053.90 rows=1032 width=121)
	        Sort Key: c
	        ->  Bitmap Heap Scan on sbtest8  (cost=35.01..3999.66 rows=1032 width=121)
	              Recheck Cond: ((id >= 6669290) AND (id <= 6670289))
	              ->  Bitmap Index Scan on sbtest8_pkey  (cost=0.00..34.76 rows=1032 width=0)
	                    Index Cond: ((id >= 6669290) AND (id <= 6670289))

for point_selects
table 1 : explain SELECT c FROM sbtest1 WHERE id=5472730
	Index Scan using sbtest1_pkey on sbtest1  (cost=0.43..8.45 rows=1 width=121)
	  Index Cond: (id = 5472730)

table 2 : explain SELECT c FROM sbtest2 WHERE id=676255
	Index Scan using sbtest2_pkey on sbtest2  (cost=0.43..8.45 rows=1 width=121)
	  Index Cond: (id = 676255)

table 3 : explain SELECT c FROM sbtest3 WHERE id=2327673
	Index Scan using sbtest3_pkey on sbtest3  (cost=0.43..8.45 rows=1 width=121)
	  Index Cond: (id = 2327673)

table 4 : explain SELECT c FROM sbtest4 WHERE id=4055943
	Index Scan using sbtest4_pkey on sbtest4  (cost=0.43..8.45 rows=1 width=121)
	  Index Cond: (id = 4055943)

table 5 : explain SELECT c FROM sbtest5 WHERE id=2423733
	Index Scan using sbtest5_pkey on sbtest5  (cost=0.43..8.45 rows=1 width=121)
	  Index Cond: (id = 2423733)

table 6 : explain SELECT c FROM sbtest6 WHERE id=8639816
	Index Scan using sbtest6_pkey on sbtest6  (cost=0.43..8.45 rows=1 width=121)
	  Index Cond: (id = 8639816)

table 7 : explain SELECT c FROM sbtest7 WHERE id=6180069
	Index Scan using sbtest7_pkey on sbtest7  (cost=0.43..8.45 rows=1 width=121)
	  Index Cond: (id = 6180069)

table 8 : explain SELECT c FROM sbtest8 WHERE id=9701949
	Index Scan using sbtest8_pkey on sbtest8  (cost=0.43..8.45 rows=1 width=121)
	  Index Cond: (id = 9701949)

for: sum_ranges
table 1 : explain SELECT SUM(k) FROM sbtest1 WHERE id BETWEEN 2829714 AND 2830713
	Aggregate  (cost=3945.30..3945.31 rows=1 width=8)
	  ->  Bitmap Heap Scan on sbtest1  (cost=30.87..3942.76 rows=1018 width=4)
	        Recheck Cond: ((id >= 2829714) AND (id <= 2830713))
	        ->  Bitmap Index Scan on sbtest1_pkey  (cost=0.00..30.61 rows=1018 width=0)
	              Index Cond: ((id >= 2829714) AND (id <= 2830713))

table 2 : explain SELECT SUM(k) FROM sbtest2 WHERE id BETWEEN 9357075 AND 9358074
	Aggregate  (cost=4205.80..4205.81 rows=1 width=8)
	  ->  Bitmap Heap Scan on sbtest2  (cost=35.57..4203.08 rows=1086 width=4)
	        Recheck Cond: ((id >= 9357075) AND (id <= 9358074))
	        ->  Bitmap Index Scan on sbtest2_pkey  (cost=0.00..35.30 rows=1086 width=0)
	              Index Cond: ((id >= 9357075) AND (id <= 9358074))

table 3 : explain SELECT SUM(k) FROM sbtest3 WHERE id BETWEEN 7075226 AND 7076225
	Aggregate  (cost=3828.03..3828.04 rows=1 width=8)
	  ->  Bitmap Heap Scan on sbtest3  (cost=30.55..3825.57 rows=987 width=4)
	        Recheck Cond: ((id >= 7075226) AND (id <= 7076225))
	        ->  Bitmap Index Scan on sbtest3_pkey  (cost=0.00..30.30 rows=987 width=0)
	              Index Cond: ((id >= 7075226) AND (id <= 7076225))

table 4 : explain SELECT SUM(k) FROM sbtest4 WHERE id BETWEEN 7239676 AND 7240675
	Aggregate  (cost=3647.00..3647.01 rows=1 width=8)
	  ->  Bitmap Heap Scan on sbtest4  (cost=30.06..3644.65 rows=939 width=4)
	        Recheck Cond: ((id >= 7239676) AND (id <= 7240675))
	        ->  Bitmap Index Scan on sbtest4_pkey  (cost=0.00..29.82 rows=939 width=0)
	              Index Cond: ((id >= 7239676) AND (id <= 7240675))

table 5 : explain SELECT SUM(k) FROM sbtest5 WHERE id BETWEEN 509756 AND 510755
	Aggregate  (cost=4269.83..4269.84 rows=1 width=8)
	  ->  Bitmap Heap Scan on sbtest5  (cost=35.74..4267.07 rows=1103 width=4)
	        Recheck Cond: ((id >= 509756) AND (id <= 510755))
	        ->  Bitmap Index Scan on sbtest5_pkey  (cost=0.00..35.47 rows=1103 width=0)
	              Index Cond: ((id >= 509756) AND (id <= 510755))

table 6 : explain SELECT SUM(k) FROM sbtest6 WHERE id BETWEEN 4108134 AND 4109133
	Aggregate  (cost=3638.88..3638.89 rows=1 width=8)
	  ->  Bitmap Heap Scan on sbtest6  (cost=30.04..3636.54 rows=937 width=4)
	        Recheck Cond: ((id >= 4108134) AND (id <= 4109133))
	        ->  Bitmap Index Scan on sbtest6_pkey  (cost=0.00..29.80 rows=937 width=0)
	              Index Cond: ((id >= 4108134) AND (id <= 4109133))

table 7 : explain SELECT SUM(k) FROM sbtest7 WHERE id BETWEEN 3961142 AND 3962141
	Aggregate  (cost=3907.66..3907.67 rows=1 width=8)
	  ->  Bitmap Heap Scan on sbtest7  (cost=30.77..3905.14 rows=1008 width=4)
	        Recheck Cond: ((id >= 3961142) AND (id <= 3962141))
	        ->  Bitmap Index Scan on sbtest7_pkey  (cost=0.00..30.51 rows=1008 width=0)
	              Index Cond: ((id >= 3961142) AND (id <= 3962141))

table 8 : explain SELECT SUM(k) FROM sbtest8 WHERE id BETWEEN 931956 AND 932955
	Aggregate  (cost=3949.18..3949.19 rows=1 width=8)
	  ->  Bitmap Heap Scan on sbtest8  (cost=30.88..3946.63 rows=1019 width=4)
	        Recheck Cond: ((id >= 931956) AND (id <= 932955))
	        ->  Bitmap Index Scan on sbtest8_pkey  (cost=0.00..30.62 rows=1019 width=0)
	              Index Cond: ((id >= 931956) AND (id <= 932955))

for: sum_ranges
table 1 : explain SELECT SUM(k) FROM sbtest1 WHERE id BETWEEN 9757929 AND 9758928
	Aggregate  (cost=3642.90..3642.91 rows=1 width=8)
	  ->  Bitmap Heap Scan on sbtest1  (cost=30.05..3640.56 rows=938 width=4)
	        Recheck Cond: ((id >= 9757929) AND (id <= 9758928))
	        ->  Bitmap Index Scan on sbtest1_pkey  (cost=0.00..29.82 rows=938 width=0)
	              Index Cond: ((id >= 9757929) AND (id <= 9758928))

table 2 : explain SELECT SUM(k) FROM sbtest2 WHERE id BETWEEN 1961172 AND 1962171
	Aggregate  (cost=3888.73..3888.74 rows=1 width=8)
	  ->  Bitmap Heap Scan on sbtest2  (cost=30.72..3886.23 rows=1003 width=4)
	        Recheck Cond: ((id >= 1961172) AND (id <= 1962171))
	        ->  Bitmap Index Scan on sbtest2_pkey  (cost=0.00..30.46 rows=1003 width=0)
	              Index Cond: ((id >= 1961172) AND (id <= 1962171))

table 3 : explain SELECT SUM(k) FROM sbtest3 WHERE id BETWEEN 9229642 AND 9230641
	Aggregate  (cost=3763.78..3763.79 rows=1 width=8)
	  ->  Bitmap Heap Scan on sbtest3  (cost=30.38..3761.35 rows=970 width=4)
	        Recheck Cond: ((id >= 9229642) AND (id <= 9230641))
	        ->  Bitmap Index Scan on sbtest3_pkey  (cost=0.00..30.14 rows=970 width=0)
	              Index Cond: ((id >= 9229642) AND (id <= 9230641))

table 4 : explain SELECT SUM(k) FROM sbtest4 WHERE id BETWEEN 7043207 AND 7044206
	Aggregate  (cost=4307.78..4307.79 rows=1 width=8)
	  ->  Bitmap Heap Scan on sbtest4  (cost=35.84..4305.00 rows=1113 width=4)
	        Recheck Cond: ((id >= 7043207) AND (id <= 7044206))
	        ->  Bitmap Index Scan on sbtest4_pkey  (cost=0.00..35.57 rows=1113 width=0)
	              Index Cond: ((id >= 7043207) AND (id <= 7044206))

table 5 : explain SELECT SUM(k) FROM sbtest5 WHERE id BETWEEN 5513907 AND 5514906
	Aggregate  (cost=3760.26..3760.27 rows=1 width=8)
	  ->  Bitmap Heap Scan on sbtest5  (cost=30.37..3757.84 rows=969 width=4)
	        Recheck Cond: ((id >= 5513907) AND (id <= 5514906))
	        ->  Bitmap Index Scan on sbtest5_pkey  (cost=0.00..30.12 rows=969 width=0)
	              Index Cond: ((id >= 5513907) AND (id <= 5514906))

table 6 : explain SELECT SUM(k) FROM sbtest6 WHERE id BETWEEN 803565 AND 804564
	Aggregate  (cost=3952.81..3952.82 rows=1 width=8)
	  ->  Bitmap Heap Scan on sbtest6  (cost=34.88..3950.27 rows=1019 width=4)
	        Recheck Cond: ((id >= 803565) AND (id <= 804564))
	        ->  Bitmap Index Scan on sbtest6_pkey  (cost=0.00..34.62 rows=1019 width=0)
	              Index Cond: ((id >= 803565) AND (id <= 804564))

table 7 : explain SELECT SUM(k) FROM sbtest7 WHERE id BETWEEN 2277630 AND 2278629
	Aggregate  (cost=3881.23..3881.24 rows=1 width=8)
	  ->  Bitmap Heap Scan on sbtest7  (cost=30.70..3878.72 rows=1001 width=4)
	        Recheck Cond: ((id >= 2277630) AND (id <= 2278629))
	        ->  Bitmap Index Scan on sbtest7_pkey  (cost=0.00..30.44 rows=1001 width=0)
	              Index Cond: ((id >= 2277630) AND (id <= 2278629))

table 8 : explain SELECT SUM(k) FROM sbtest8 WHERE id BETWEEN 944933 AND 945932
	Aggregate  (cost=3949.18..3949.19 rows=1 width=8)
	  ->  Bitmap Heap Scan on sbtest8  (cost=30.88..3946.63 rows=1019 width=4)
	        Recheck Cond: ((id >= 944933) AND (id <= 945932))
	        ->  Bitmap Index Scan on sbtest8_pkey  (cost=0.00..30.62 rows=1019 width=0)
	              Index Cond: ((id >= 944933) AND (id <= 945932))

for: order_ranges
table 1 : explain SELECT c FROM sbtest1 WHERE id BETWEEN 2101070 AND 2102069 ORDER BY c
	Sort  (cost=3920.83..3923.33 rows=999 width=121)
	  Sort Key: c
	  ->  Bitmap Heap Scan on sbtest1  (cost=30.67..3871.06 rows=999 width=121)
	        Recheck Cond: ((id >= 2101070) AND (id <= 2102069))
	        ->  Bitmap Index Scan on sbtest1_pkey  (cost=0.00..30.43 rows=999 width=0)
	              Index Cond: ((id >= 2101070) AND (id <= 2102069))

table 2 : explain SELECT c FROM sbtest2 WHERE id BETWEEN 4915597 AND 4916596 ORDER BY c
	Sort  (cost=3602.43..3604.72 rows=916 width=121)
	  Sort Key: c
	  ->  Bitmap Heap Scan on sbtest2  (cost=29.82..3557.37 rows=916 width=121)
	        Recheck Cond: ((id >= 4915597) AND (id <= 4916596))
	        ->  Bitmap Index Scan on sbtest2_pkey  (cost=0.00..29.59 rows=916 width=0)
	              Index Cond: ((id >= 4915597) AND (id <= 4916596))

table 3 : explain SELECT c FROM sbtest3 WHERE id BETWEEN 3284397 AND 3285396 ORDER BY c
	Sort  (cost=3989.59..3992.13 rows=1017 width=121)
	  Sort Key: c
	  ->  Bitmap Heap Scan on sbtest3  (cost=30.86..3938.79 rows=1017 width=121)
	        Recheck Cond: ((id >= 3284397) AND (id <= 3285396))
	        ->  Bitmap Index Scan on sbtest3_pkey  (cost=0.00..30.61 rows=1017 width=0)
	              Index Cond: ((id >= 3284397) AND (id <= 3285396))

table 4 : explain SELECT c FROM sbtest4 WHERE id BETWEEN 3828556 AND 3829555 ORDER BY c
	Sort  (cost=3917.34..3919.84 rows=998 width=121)
	  Sort Key: c
	  ->  Bitmap Heap Scan on sbtest4  (cost=30.66..3867.63 rows=998 width=121)
	        Recheck Cond: ((id >= 3828556) AND (id <= 3829555))
	        ->  Bitmap Index Scan on sbtest4_pkey  (cost=0.00..30.41 rows=998 width=0)
	              Index Cond: ((id >= 3828556) AND (id <= 3829555))

table 5 : explain SELECT c FROM sbtest5 WHERE id BETWEEN 5077290 AND 5078289 ORDER BY c
	Sort  (cost=3905.59..3908.07 rows=995 width=121)
	  Sort Key: c
	  ->  Bitmap Heap Scan on sbtest5  (cost=30.63..3856.04 rows=995 width=121)
	        Recheck Cond: ((id >= 5077290) AND (id <= 5078289))
	        ->  Bitmap Index Scan on sbtest5_pkey  (cost=0.00..30.39 rows=995 width=0)
	              Index Cond: ((id >= 5077290) AND (id <= 5078289))

table 6 : explain SELECT c FROM sbtest6 WHERE id BETWEEN 7733426 AND 7734425 ORDER BY c
	Sort  (cost=4165.72..4168.38 rows=1062 width=121)
	  Sort Key: c
	  ->  Bitmap Heap Scan on sbtest6  (cost=35.32..4112.35 rows=1062 width=121)
	        Recheck Cond: ((id >= 7733426) AND (id <= 7734425))
	        ->  Bitmap Index Scan on sbtest6_pkey  (cost=0.00..35.06 rows=1062 width=0)
	              Index Cond: ((id >= 7733426) AND (id <= 7734425))

table 7 : explain SELECT c FROM sbtest7 WHERE id BETWEEN 8515113 AND 8516112 ORDER BY c
	Sort  (cost=3690.81..3693.16 rows=939 width=121)
	  Sort Key: c
	  ->  Bitmap Heap Scan on sbtest7  (cost=30.06..3644.44 rows=939 width=121)
	        Recheck Cond: ((id >= 8515113) AND (id <= 8516112))
	        ->  Bitmap Index Scan on sbtest7_pkey  (cost=0.00..29.82 rows=939 width=0)
	              Index Cond: ((id >= 8515113) AND (id <= 8516112))

table 8 : explain SELECT c FROM sbtest8 WHERE id BETWEEN 6178564 AND 6179563 ORDER BY c
	Sort  (cost=4055.15..4057.73 rows=1033 width=121)
	  Sort Key: c
	  ->  Bitmap Heap Scan on sbtest8  (cost=35.02..4003.43 rows=1033 width=121)
	        Recheck Cond: ((id >= 6178564) AND (id <= 6179563))
	        ->  Bitmap Index Scan on sbtest8_pkey  (cost=0.00..34.77 rows=1033 width=0)
	              Index Cond: ((id >= 6178564) AND (id <= 6179563))

for: sum_ranges
table 1 : explain SELECT SUM(k) FROM sbtest1 WHERE id BETWEEN 1325314 AND 1326313
	Aggregate  (cost=3767.74..3767.75 rows=1 width=8)
	  ->  Bitmap Heap Scan on sbtest1  (cost=30.39..3765.31 rows=971 width=4)
	        Recheck Cond: ((id >= 1325314) AND (id <= 1326313))
	        ->  Bitmap Index Scan on sbtest1_pkey  (cost=0.00..30.14 rows=971 width=0)
	              Index Cond: ((id >= 1325314) AND (id <= 1326313))

table 2 : explain SELECT SUM(k) FROM sbtest2 WHERE id BETWEEN 1134725 AND 1135724
	Aggregate  (cost=3620.25..3620.26 rows=1 width=8)
	  ->  Bitmap Heap Scan on sbtest2  (cost=29.99..3617.92 rows=932 width=4)
	        Recheck Cond: ((id >= 1134725) AND (id <= 1135724))
	        ->  Bitmap Index Scan on sbtest2_pkey  (cost=0.00..29.75 rows=932 width=0)
	              Index Cond: ((id >= 1134725) AND (id <= 1135724))

table 3 : explain SELECT SUM(k) FROM sbtest3 WHERE id BETWEEN 7147269 AND 7148268
	Aggregate  (cost=3676.79..3676.80 rows=1 width=8)
	  ->  Bitmap Heap Scan on sbtest3  (cost=30.14..3674.42 rows=947 width=4)
	        Recheck Cond: ((id >= 7147269) AND (id <= 7148268))
	        ->  Bitmap Index Scan on sbtest3_pkey  (cost=0.00..29.90 rows=947 width=0)
	              Index Cond: ((id >= 7147269) AND (id <= 7148268))

table 4 : explain SELECT SUM(k) FROM sbtest4 WHERE id BETWEEN 964364 AND 965363
	Aggregate  (cost=3756.73..3756.74 rows=1 width=8)
	  ->  Bitmap Heap Scan on sbtest4  (cost=30.36..3754.31 rows=968 width=4)
	        Recheck Cond: ((id >= 964364) AND (id <= 965363))
	        ->  Bitmap Index Scan on sbtest4_pkey  (cost=0.00..30.11 rows=968 width=0)
	              Index Cond: ((id >= 964364) AND (id <= 965363))

table 5 : explain SELECT SUM(k) FROM sbtest5 WHERE id BETWEEN 930822 AND 931821
	Aggregate  (cost=4100.30..4100.31 rows=1 width=8)
	  ->  Bitmap Heap Scan on sbtest5  (cost=35.28..4097.65 rows=1058 width=4)
	        Recheck Cond: ((id >= 930822) AND (id <= 931821))
	        ->  Bitmap Index Scan on sbtest5_pkey  (cost=0.00..35.02 rows=1058 width=0)
	              Index Cond: ((id >= 930822) AND (id <= 931821))

table 6 : explain SELECT SUM(k) FROM sbtest6 WHERE id BETWEEN 5866829 AND 5867828
	Aggregate  (cost=3415.35..3415.36 rows=1 width=8)
	  ->  Bitmap Heap Scan on sbtest6  (cost=29.43..3413.15 rows=878 width=4)
	        Recheck Cond: ((id >= 5866829) AND (id <= 5867828))
	        ->  Bitmap Index Scan on sbtest6_pkey  (cost=0.00..29.21 rows=878 width=0)
	              Index Cond: ((id >= 5866829) AND (id <= 5867828))

table 7 : explain SELECT SUM(k) FROM sbtest7 WHERE id BETWEEN 5339796 AND 5340795
	Aggregate  (cost=3775.41..3775.42 rows=1 width=8)
	  ->  Bitmap Heap Scan on sbtest7  (cost=30.41..3772.98 rows=973 width=4)
	        Recheck Cond: ((id >= 5339796) AND (id <= 5340795))
	        ->  Bitmap Index Scan on sbtest7_pkey  (cost=0.00..30.16 rows=973 width=0)
	              Index Cond: ((id >= 5339796) AND (id <= 5340795))

table 8 : explain SELECT SUM(k) FROM sbtest8 WHERE id BETWEEN 731465 AND 732464
	Aggregate  (cost=3854.76..3854.77 rows=1 width=8)
	  ->  Bitmap Heap Scan on sbtest8  (cost=30.62..3852.28 rows=994 width=4)
	        Recheck Cond: ((id >= 731465) AND (id <= 732464))
	        ->  Bitmap Index Scan on sbtest8_pkey  (cost=0.00..30.37 rows=994 width=0)
	              Index Cond: ((id >= 731465) AND (id <= 732464))

for: sum_ranges
table 1 : explain SELECT SUM(k) FROM sbtest1 WHERE id BETWEEN 3652565 AND 3653564
	Aggregate  (cost=3582.32..3582.33 rows=1 width=8)
	  ->  Bitmap Heap Scan on sbtest1  (cost=29.89..3580.02 rows=922 width=4)
	        Recheck Cond: ((id >= 3652565) AND (id <= 3653564))
	        ->  Bitmap Index Scan on sbtest1_pkey  (cost=0.00..29.65 rows=922 width=0)
	              Index Cond: ((id >= 3652565) AND (id <= 3653564))

table 2 : explain SELECT SUM(k) FROM sbtest2 WHERE id BETWEEN 1203237 AND 1204236
	Aggregate  (cost=4235.93..4235.94 rows=1 width=8)
	  ->  Bitmap Heap Scan on sbtest2  (cost=35.65..4233.19 rows=1094 width=4)
	        Recheck Cond: ((id >= 1203237) AND (id <= 1204236))
	        ->  Bitmap Index Scan on sbtest2_pkey  (cost=0.00..35.38 rows=1094 width=0)
	              Index Cond: ((id >= 1203237) AND (id <= 1204236))

table 3 : explain SELECT SUM(k) FROM sbtest3 WHERE id BETWEEN 356874 AND 357873
	Aggregate  (cost=3930.01..3930.02 rows=1 width=8)
	  ->  Bitmap Heap Scan on sbtest3  (cost=30.83..3927.47 rows=1014 width=4)
	        Recheck Cond: ((id >= 356874) AND (id <= 357873))
	        ->  Bitmap Index Scan on sbtest3_pkey  (cost=0.00..30.57 rows=1014 width=0)
	              Index Cond: ((id >= 356874) AND (id <= 357873))

table 4 : explain SELECT SUM(k) FROM sbtest4 WHERE id BETWEEN 6762466 AND 6763465
	Aggregate  (cost=3722.69..3722.70 rows=1 width=8)
	  ->  Bitmap Heap Scan on sbtest4  (cost=30.26..3720.29 rows=959 width=4)
	        Recheck Cond: ((id >= 6762466) AND (id <= 6763465))
	        ->  Bitmap Index Scan on sbtest4_pkey  (cost=0.00..30.02 rows=959 width=0)
	              Index Cond: ((id >= 6762466) AND (id <= 6763465))

table 5 : explain SELECT SUM(k) FROM sbtest5 WHERE id BETWEEN 2940512 AND 2941511
	Aggregate  (cost=3813.18..3813.19 rows=1 width=8)
	  ->  Bitmap Heap Scan on sbtest5  (cost=30.51..3810.73 rows=983 width=4)
	        Recheck Cond: ((id >= 2940512) AND (id <= 2941511))
	        ->  Bitmap Index Scan on sbtest5_pkey  (cost=0.00..30.26 rows=983 width=0)
	              Index Cond: ((id >= 2940512) AND (id <= 2941511))

table 6 : explain SELECT SUM(k) FROM sbtest6 WHERE id BETWEEN 1833087 AND 1834086
	Aggregate  (cost=4062.22..4062.23 rows=1 width=8)
	  ->  Bitmap Heap Scan on sbtest6  (cost=35.18..4059.60 rows=1048 width=4)
	        Recheck Cond: ((id >= 1833087) AND (id <= 1834086))
	        ->  Bitmap Index Scan on sbtest6_pkey  (cost=0.00..34.92 rows=1048 width=0)
	              Index Cond: ((id >= 1833087) AND (id <= 1834086))

table 7 : explain SELECT SUM(k) FROM sbtest7 WHERE id BETWEEN 6891437 AND 6892436
	Aggregate  (cost=4002.26..4002.27 rows=1 width=8)
	  ->  Bitmap Heap Scan on sbtest7  (cost=35.01..3999.68 rows=1032 width=4)
	        Recheck Cond: ((id >= 6891437) AND (id <= 6892436))
	        ->  Bitmap Index Scan on sbtest7_pkey  (cost=0.00..34.76 rows=1032 width=0)
	              Index Cond: ((id >= 6891437) AND (id <= 6892436))

table 8 : explain SELECT SUM(k) FROM sbtest8 WHERE id BETWEEN 7983852 AND 7984851
	Aggregate  (cost=3745.14..3745.15 rows=1 width=8)
	  ->  Bitmap Heap Scan on sbtest8  (cost=30.33..3742.73 rows=965 width=4)
	        Recheck Cond: ((id >= 7983852) AND (id <= 7984851))
	        ->  Bitmap Index Scan on sbtest8_pkey  (cost=0.00..30.08 rows=965 width=0)
	              Index Cond: ((id >= 7983852) AND (id <= 7984851))

for: simple_ranges
table 1 : explain SELECT c FROM sbtest1 WHERE id BETWEEN 5279592 AND 5280591
	Bitmap Heap Scan on sbtest1  (cost=30.36..3753.98 rows=968 width=121)
	  Recheck Cond: ((id >= 5279592) AND (id <= 5280591))
	  ->  Bitmap Index Scan on sbtest1_pkey  (cost=0.00..30.11 rows=968 width=0)
	        Index Cond: ((id >= 5279592) AND (id <= 5280591))

table 2 : explain SELECT c FROM sbtest2 WHERE id BETWEEN 4489596 AND 4490595
	Bitmap Heap Scan on sbtest2  (cost=35.12..4037.34 rows=1042 width=121)
	  Recheck Cond: ((id >= 4489596) AND (id <= 4490595))
	  ->  Bitmap Index Scan on sbtest2_pkey  (cost=0.00..34.86 rows=1042 width=0)
	        Index Cond: ((id >= 4489596) AND (id <= 4490595))

table 3 : explain SELECT c FROM sbtest3 WHERE id BETWEEN 2850255 AND 2851254
	Bitmap Heap Scan on sbtest3  (cost=29.84..3564.71 rows=918 width=121)
	  Recheck Cond: ((id >= 2850255) AND (id <= 2851254))
	  ->  Bitmap Index Scan on sbtest3_pkey  (cost=0.00..29.61 rows=918 width=0)
	        Index Cond: ((id >= 2850255) AND (id <= 2851254))

table 4 : explain SELECT c FROM sbtest4 WHERE id BETWEEN 381370 AND 382369
	Bitmap Heap Scan on sbtest4  (cost=31.11..4029.86 rows=1041 width=121)
	  Recheck Cond: ((id >= 381370) AND (id <= 382369))
	  ->  Bitmap Index Scan on sbtest4_pkey  (cost=0.00..30.84 rows=1041 width=0)
	        Index Cond: ((id >= 381370) AND (id <= 382369))

table 5 : explain SELECT c FROM sbtest5 WHERE id BETWEEN 8984455 AND 8985454
	Bitmap Heap Scan on sbtest5  (cost=30.23..3708.70 rows=956 width=121)
	  Recheck Cond: ((id >= 8984455) AND (id <= 8985454))
	  ->  Bitmap Index Scan on sbtest5_pkey  (cost=0.00..30.00 rows=956 width=0)
	        Index Cond: ((id >= 8984455) AND (id <= 8985454))

table 6 : explain SELECT c FROM sbtest6 WHERE id BETWEEN 7865916 AND 7866915
	Bitmap Heap Scan on sbtest6  (cost=29.83..3560.87 rows=917 width=121)
	  Recheck Cond: ((id >= 7865916) AND (id <= 7866915))
	  ->  Bitmap Index Scan on sbtest6_pkey  (cost=0.00..29.61 rows=917 width=0)
	        Index Cond: ((id >= 7865916) AND (id <= 7866915))

table 7 : explain SELECT c FROM sbtest7 WHERE id BETWEEN 5819647 AND 5820646
	Bitmap Heap Scan on sbtest7  (cost=30.30..3731.41 rows=962 width=121)
	  Recheck Cond: ((id >= 5819647) AND (id <= 5820646))
	  ->  Bitmap Index Scan on sbtest7_pkey  (cost=0.00..30.05 rows=962 width=0)
	        Index Cond: ((id >= 5819647) AND (id <= 5820646))

table 8 : explain SELECT c FROM sbtest8 WHERE id BETWEEN 5789837 AND 5790836
	Bitmap Heap Scan on sbtest8  (cost=35.33..4116.50 rows=1063 width=121)
	  Recheck Cond: ((id >= 5789837) AND (id <= 5790836))
	  ->  Bitmap Index Scan on sbtest8_pkey  (cost=0.00..35.07 rows=1063 width=0)
	        Index Cond: ((id >= 5789837) AND (id <= 5790836))

for: order_ranges
table 1 : explain SELECT c FROM sbtest1 WHERE id BETWEEN 1059756 AND 1060755 ORDER BY c
	Sort  (cost=4246.30..4249.00 rows=1083 width=121)
	  Sort Key: c
	  ->  Bitmap Heap Scan on sbtest1  (cost=35.54..4191.71 rows=1083 width=121)
	        Recheck Cond: ((id >= 1059756) AND (id <= 1060755))
	        ->  Bitmap Index Scan on sbtest1_pkey  (cost=0.00..35.27 rows=1083 width=0)
	              Index Cond: ((id >= 1059756) AND (id <= 1060755))

table 2 : explain SELECT c FROM sbtest2 WHERE id BETWEEN 5931185 AND 5932184 ORDER BY c
	Sort  (cost=3748.34..3750.72 rows=954 width=121)
	  Sort Key: c
	  ->  Bitmap Heap Scan on sbtest2  (cost=30.21..3701.13 rows=954 width=121)
	        Recheck Cond: ((id >= 5931185) AND (id <= 5932184))
	        ->  Bitmap Index Scan on sbtest2_pkey  (cost=0.00..29.97 rows=954 width=0)
	              Index Cond: ((id >= 5931185) AND (id <= 5932184))

table 3 : explain SELECT c FROM sbtest3 WHERE id BETWEEN 2800827 AND 2801826 ORDER BY c
	Sort  (cost=3947.46..3949.97 rows=1006 width=121)
	  Sort Key: c
	  ->  Bitmap Heap Scan on sbtest3  (cost=30.75..3897.29 rows=1006 width=121)
	        Recheck Cond: ((id >= 2800827) AND (id <= 2801826))
	        ->  Bitmap Index Scan on sbtest3_pkey  (cost=0.00..30.50 rows=1006 width=0)
	              Index Cond: ((id >= 2800827) AND (id <= 2801826))

table 4 : explain SELECT c FROM sbtest4 WHERE id BETWEEN 1705742 AND 1706741 ORDER BY c
	Sort  (cost=4135.78..4138.42 rows=1054 width=121)
	  Sort Key: c
	  ->  Bitmap Heap Scan on sbtest4  (cost=35.24..4082.86 rows=1054 width=121)
	        Recheck Cond: ((id >= 1705742) AND (id <= 1706741))
	        ->  Bitmap Index Scan on sbtest4_pkey  (cost=0.00..34.98 rows=1054 width=0)
	              Index Cond: ((id >= 1705742) AND (id <= 1706741))

table 5 : explain SELECT c FROM sbtest5 WHERE id BETWEEN 4036852 AND 4037851 ORDER BY c
	Sort  (cost=4219.63..4222.32 rows=1076 width=121)
	  Sort Key: c
	  ->  Bitmap Heap Scan on sbtest5  (cost=35.46..4165.45 rows=1076 width=121)
	        Recheck Cond: ((id >= 4036852) AND (id <= 4037851))
	        ->  Bitmap Index Scan on sbtest5_pkey  (cost=0.00..35.20 rows=1076 width=0)
	              Index Cond: ((id >= 4036852) AND (id <= 4037851))

table 6 : explain SELECT c FROM sbtest6 WHERE id BETWEEN 2152261 AND 2153260 ORDER BY c
	Sort  (cost=4020.32..4022.88 rows=1024 width=121)
	  Sort Key: c
	  ->  Bitmap Heap Scan on sbtest6  (cost=34.93..3969.12 rows=1024 width=121)
	        Recheck Cond: ((id >= 2152261) AND (id <= 2153260))
	        ->  Bitmap Index Scan on sbtest6_pkey  (cost=0.00..34.68 rows=1024 width=0)
	              Index Cond: ((id >= 2152261) AND (id <= 2153260))

table 7 : explain SELECT c FROM sbtest7 WHERE id BETWEEN 783245 AND 784244 ORDER BY c
	Sort  (cost=4055.17..4057.75 rows=1033 width=121)
	  Sort Key: c
	  ->  Bitmap Heap Scan on sbtest7  (cost=35.02..4003.45 rows=1033 width=121)
	        Recheck Cond: ((id >= 783245) AND (id <= 784244))
	        ->  Bitmap Index Scan on sbtest7_pkey  (cost=0.00..34.77 rows=1033 width=0)
	              Index Cond: ((id >= 783245) AND (id <= 784244))

table 8 : explain SELECT c FROM sbtest8 WHERE id BETWEEN 3980015 AND 3981014 ORDER BY c
	Sort  (cost=3537.12..3539.37 rows=899 width=121)
	  Sort Key: c
	  ->  Bitmap Heap Scan on sbtest8  (cost=29.65..3493.02 rows=899 width=121)
	        Recheck Cond: ((id >= 3980015) AND (id <= 3981014))
	        ->  Bitmap Index Scan on sbtest8_pkey  (cost=0.00..29.43 rows=899 width=0)
	              Index Cond: ((id >= 3980015) AND (id <= 3981014))

for: simple_ranges
table 1 : explain SELECT c FROM sbtest1 WHERE id BETWEEN 9542538 AND 9543537
	Bitmap Heap Scan on sbtest1  (cost=30.39..3765.31 rows=971 width=121)
	  Recheck Cond: ((id >= 9542538) AND (id <= 9543537))
	  ->  Bitmap Index Scan on sbtest1_pkey  (cost=0.00..30.14 rows=971 width=0)
	        Index Cond: ((id >= 9542538) AND (id <= 9543537))

table 2 : explain SELECT c FROM sbtest2 WHERE id BETWEEN 6492176 AND 6493175
	Bitmap Heap Scan on sbtest2  (cost=29.75..3530.87 rows=909 width=121)
	  Recheck Cond: ((id >= 6492176) AND (id <= 6493175))
	  ->  Bitmap Index Scan on sbtest2_pkey  (cost=0.00..29.52 rows=909 width=0)
	        Index Cond: ((id >= 6492176) AND (id <= 6493175))

table 3 : explain SELECT c FROM sbtest3 WHERE id BETWEEN 5779585 AND 5780584
	Bitmap Heap Scan on sbtest3  (cost=30.40..3768.91 rows=972 width=121)
	  Recheck Cond: ((id >= 5779585) AND (id <= 5780584))
	  ->  Bitmap Index Scan on sbtest3_pkey  (cost=0.00..30.15 rows=972 width=0)
	        Index Cond: ((id >= 5779585) AND (id <= 5780584))

table 4 : explain SELECT c FROM sbtest4 WHERE id BETWEEN 6884881 AND 6885880
	Bitmap Heap Scan on sbtest4  (cost=30.94..3969.52 rows=1025 width=121)
	  Recheck Cond: ((id >= 6884881) AND (id <= 6885880))
	  ->  Bitmap Index Scan on sbtest4_pkey  (cost=0.00..30.68 rows=1025 width=0)
	        Index Cond: ((id >= 6884881) AND (id <= 6885880))

table 5 : explain SELECT c FROM sbtest5 WHERE id BETWEEN 1473693 AND 1474692
	Bitmap Heap Scan on sbtest5  (cost=29.90..3583.88 rows=923 width=121)
	  Recheck Cond: ((id >= 1473693) AND (id <= 1474692))
	  ->  Bitmap Index Scan on sbtest5_pkey  (cost=0.00..29.66 rows=923 width=0)
	        Index Cond: ((id >= 1473693) AND (id <= 1474692))

table 6 : explain SELECT c FROM sbtest6 WHERE id BETWEEN 8240119 AND 8241118
	Bitmap Heap Scan on sbtest6  (cost=30.11..3663.01 rows=944 width=121)
	  Recheck Cond: ((id >= 8240119) AND (id <= 8241118))
	  ->  Bitmap Index Scan on sbtest6_pkey  (cost=0.00..29.87 rows=944 width=0)
	        Index Cond: ((id >= 8240119) AND (id <= 8241118))

table 7 : explain SELECT c FROM sbtest7 WHERE id BETWEEN 3218867 AND 3219866
	Bitmap Heap Scan on sbtest7  (cost=36.10..4394.98 rows=1138 width=121)
	  Recheck Cond: ((id >= 3218867) AND (id <= 3219866))
	  ->  Bitmap Index Scan on sbtest7_pkey  (cost=0.00..35.82 rows=1138 width=0)
	        Index Cond: ((id >= 3218867) AND (id <= 3219866))

table 8 : explain SELECT c FROM sbtest8 WHERE id BETWEEN 5344555 AND 5345554
	Bitmap Heap Scan on sbtest8  (cost=34.90..3958.17 rows=1021 width=121)
	  Recheck Cond: ((id >= 5344555) AND (id <= 5345554))
	  ->  Bitmap Index Scan on sbtest8_pkey  (cost=0.00..34.65 rows=1021 width=0)
	        Index Cond: ((id >= 5344555) AND (id <= 5345554))

for: simple_ranges
table 1 : explain SELECT c FROM sbtest1 WHERE id BETWEEN 4766280 AND 4767279
	Bitmap Heap Scan on sbtest1  (cost=29.83..3561.09 rows=917 width=121)
	  Recheck Cond: ((id >= 4766280) AND (id <= 4767279))
	  ->  Bitmap Index Scan on sbtest1_pkey  (cost=0.00..29.61 rows=917 width=0)
	        Index Cond: ((id >= 4766280) AND (id <= 4767279))

table 2 : explain SELECT c FROM sbtest2 WHERE id BETWEEN 9394438 AND 9395437
	Bitmap Heap Scan on sbtest2  (cost=30.53..3818.27 rows=985 width=121)
	  Recheck Cond: ((id >= 9394438) AND (id <= 9395437))
	  ->  Bitmap Index Scan on sbtest2_pkey  (cost=0.00..30.29 rows=985 width=0)
	        Index Cond: ((id >= 9394438) AND (id <= 9395437))

table 3 : explain SELECT c FROM sbtest3 WHERE id BETWEEN 892509 AND 893508
	Bitmap Heap Scan on sbtest3  (cost=30.76..3901.06 rows=1007 width=121)
	  Recheck Cond: ((id >= 892509) AND (id <= 893508))
	  ->  Bitmap Index Scan on sbtest3_pkey  (cost=0.00..30.50 rows=1007 width=0)
	        Index Cond: ((id >= 892509) AND (id <= 893508))

table 4 : explain SELECT c FROM sbtest4 WHERE id BETWEEN 7510988 AND 7511987
	Bitmap Heap Scan on sbtest4  (cost=31.01..3995.92 rows=1032 width=121)
	  Recheck Cond: ((id >= 7510988) AND (id <= 7511987))
	  ->  Bitmap Index Scan on sbtest4_pkey  (cost=0.00..30.75 rows=1032 width=0)
	        Index Cond: ((id >= 7510988) AND (id <= 7511987))

table 5 : explain SELECT c FROM sbtest5 WHERE id BETWEEN 2332376 AND 2333375
	Bitmap Heap Scan on sbtest5  (cost=30.92..3961.71 rows=1023 width=121)
	  Recheck Cond: ((id >= 2332376) AND (id <= 2333375))
	  ->  Bitmap Index Scan on sbtest5_pkey  (cost=0.00..30.66 rows=1023 width=0)
	        Index Cond: ((id >= 2332376) AND (id <= 2333375))

table 6 : explain SELECT c FROM sbtest6 WHERE id BETWEEN 9156143 AND 9157142
	Bitmap Heap Scan on sbtest6  (cost=35.49..4176.36 rows=1079 width=121)
	  Recheck Cond: ((id >= 9156143) AND (id <= 9157142))
	  ->  Bitmap Index Scan on sbtest6_pkey  (cost=0.00..35.23 rows=1079 width=0)
	        Index Cond: ((id >= 9156143) AND (id <= 9157142))

table 7 : explain SELECT c FROM sbtest7 WHERE id BETWEEN 6270695 AND 6271694
	Bitmap Heap Scan on sbtest7  (cost=30.07..3648.23 rows=940 width=121)
	  Recheck Cond: ((id >= 6270695) AND (id <= 6271694))
	  ->  Bitmap Index Scan on sbtest7_pkey  (cost=0.00..29.83 rows=940 width=0)
	        Index Cond: ((id >= 6270695) AND (id <= 6271694))

table 8 : explain SELECT c FROM sbtest8 WHERE id BETWEEN 9307543 AND 9308542
	Bitmap Heap Scan on sbtest8  (cost=30.47..3795.63 rows=979 width=121)
	  Recheck Cond: ((id >= 9307543) AND (id <= 9308542))
	  ->  Bitmap Index Scan on sbtest8_pkey  (cost=0.00..30.22 rows=979 width=0)
	        Index Cond: ((id >= 9307543) AND (id <= 9308542))

for: simple_ranges
table 1 : explain SELECT c FROM sbtest1 WHERE id BETWEEN 6538813 AND 6539812
	Bitmap Heap Scan on sbtest1  (cost=30.66..3867.28 rows=998 width=121)
	  Recheck Cond: ((id >= 6538813) AND (id <= 6539812))
	  ->  Bitmap Index Scan on sbtest1_pkey  (cost=0.00..30.41 rows=998 width=0)
	        Index Cond: ((id >= 6538813) AND (id <= 6539812))

table 2 : explain SELECT c FROM sbtest2 WHERE id BETWEEN 3744962 AND 3745961
	Bitmap Heap Scan on sbtest2  (cost=35.55..4195.55 rows=1084 width=121)
	  Recheck Cond: ((id >= 3744962) AND (id <= 3745961))
	  ->  Bitmap Index Scan on sbtest2_pkey  (cost=0.00..35.28 rows=1084 width=0)
	        Index Cond: ((id >= 3744962) AND (id <= 3745961))

table 3 : explain SELECT c FROM sbtest3 WHERE id BETWEEN 2200742 AND 2201741
	Bitmap Heap Scan on sbtest3  (cost=30.47..3795.35 rows=979 width=121)
	  Recheck Cond: ((id >= 2200742) AND (id <= 2201741))
	  ->  Bitmap Index Scan on sbtest3_pkey  (cost=0.00..30.22 rows=979 width=0)
	        Index Cond: ((id >= 2200742) AND (id <= 2201741))

table 4 : explain SELECT c FROM sbtest4 WHERE id BETWEEN 2502212 AND 2503211
	Bitmap Heap Scan on sbtest4  (cost=30.09..3656.00 rows=942 width=121)
	  Recheck Cond: ((id >= 2502212) AND (id <= 2503211))
	  ->  Bitmap Index Scan on sbtest4_pkey  (cost=0.00..29.86 rows=942 width=0)
	        Index Cond: ((id >= 2502212) AND (id <= 2503211))

table 5 : explain SELECT c FROM sbtest5 WHERE id BETWEEN 3911466 AND 3912465
	Bitmap Heap Scan on sbtest5  (cost=29.74..3527.09 rows=908 width=121)
	  Recheck Cond: ((id >= 3911466) AND (id <= 3912465))
	  ->  Bitmap Index Scan on sbtest5_pkey  (cost=0.00..29.51 rows=908 width=0)
	        Index Cond: ((id >= 3911466) AND (id <= 3912465))

table 6 : explain SELECT c FROM sbtest6 WHERE id BETWEEN 6671748 AND 6672747
	Bitmap Heap Scan on sbtest6  (cost=35.53..4187.65 rows=1082 width=121)
	  Recheck Cond: ((id >= 6671748) AND (id <= 6672747))
	  ->  Bitmap Index Scan on sbtest6_pkey  (cost=0.00..35.26 rows=1082 width=0)
	        Index Cond: ((id >= 6671748) AND (id <= 6672747))

table 7 : explain SELECT c FROM sbtest7 WHERE id BETWEEN 5751244 AND 5752243
	Bitmap Heap Scan on sbtest7  (cost=35.77..4278.40 rows=1106 width=121)
	  Recheck Cond: ((id >= 5751244) AND (id <= 5752243))
	  ->  Bitmap Index Scan on sbtest7_pkey  (cost=0.00..35.50 rows=1106 width=0)
	        Index Cond: ((id >= 5751244) AND (id <= 5752243))

table 8 : explain SELECT c FROM sbtest8 WHERE id BETWEEN 4519379 AND 4520378
	Bitmap Heap Scan on sbtest8  (cost=30.58..3837.17 rows=990 width=121)
	  Recheck Cond: ((id >= 4519379) AND (id <= 4520378))
	  ->  Bitmap Index Scan on sbtest8_pkey  (cost=0.00..30.33 rows=990 width=0)
	        Index Cond: ((id >= 4519379) AND (id <= 4520378))

for: simple_ranges
table 1 : explain SELECT c FROM sbtest1 WHERE id BETWEEN 1581151 AND 1582150
	Bitmap Heap Scan on sbtest1  (cost=35.69..4248.16 rows=1098 width=121)
	  Recheck Cond: ((id >= 1581151) AND (id <= 1582150))
	  ->  Bitmap Index Scan on sbtest1_pkey  (cost=0.00..35.42 rows=1098 width=0)
	        Index Cond: ((id >= 1581151) AND (id <= 1582150))

table 2 : explain SELECT c FROM sbtest2 WHERE id BETWEEN 7938444 AND 7939443
	Bitmap Heap Scan on sbtest2  (cost=35.06..4018.49 rows=1037 width=121)
	  Recheck Cond: ((id >= 7938444) AND (id <= 7939443))
	  ->  Bitmap Index Scan on sbtest2_pkey  (cost=0.00..34.81 rows=1037 width=0)
	        Index Cond: ((id >= 7938444) AND (id <= 7939443))

table 3 : explain SELECT c FROM sbtest3 WHERE id BETWEEN 981550 AND 982549
	Bitmap Heap Scan on sbtest3  (cost=30.08..3651.73 rows=941 width=121)
	  Recheck Cond: ((id >= 981550) AND (id <= 982549))
	  ->  Bitmap Index Scan on sbtest3_pkey  (cost=0.00..29.84 rows=941 width=0)
	        Index Cond: ((id >= 981550) AND (id <= 982549))

table 4 : explain SELECT c FROM sbtest4 WHERE id BETWEEN 8555201 AND 8556200
	Bitmap Heap Scan on sbtest4  (cost=29.69..3508.38 rows=903 width=121)
	  Recheck Cond: ((id >= 8555201) AND (id <= 8556200))
	  ->  Bitmap Index Scan on sbtest4_pkey  (cost=0.00..29.46 rows=903 width=0)
	        Index Cond: ((id >= 8555201) AND (id <= 8556200))

table 5 : explain SELECT c FROM sbtest5 WHERE id BETWEEN 4838599 AND 4839598
	Bitmap Heap Scan on sbtest5  (cost=30.45..3788.06 rows=977 width=121)
	  Recheck Cond: ((id >= 4838599) AND (id <= 4839598))
	  ->  Bitmap Index Scan on sbtest5_pkey  (cost=0.00..30.20 rows=977 width=0)
	        Index Cond: ((id >= 4838599) AND (id <= 4839598))

table 6 : explain SELECT c FROM sbtest6 WHERE id BETWEEN 160810 AND 161809
	Bitmap Heap Scan on sbtest6  (cost=35.16..4052.06 rows=1046 width=121)
	  Recheck Cond: ((id >= 160810) AND (id <= 161809))
	  ->  Bitmap Index Scan on sbtest6_pkey  (cost=0.00..34.90 rows=1046 width=0)
	        Index Cond: ((id >= 160810) AND (id <= 161809))

table 7 : explain SELECT c FROM sbtest7 WHERE id BETWEEN 7714171 AND 7715170
	Bitmap Heap Scan on sbtest7  (cost=30.95..3973.05 rows=1026 width=121)
	  Recheck Cond: ((id >= 7714171) AND (id <= 7715170))
	  ->  Bitmap Index Scan on sbtest7_pkey  (cost=0.00..30.69 rows=1026 width=0)
	        Index Cond: ((id >= 7714171) AND (id <= 7715170))

table 8 : explain SELECT c FROM sbtest8 WHERE id BETWEEN 7294027 AND 7295026
	Bitmap Heap Scan on sbtest8  (cost=35.85..4308.46 rows=1114 width=121)
	  Recheck Cond: ((id >= 7294027) AND (id <= 7295026))
	  ->  Bitmap Index Scan on sbtest8_pkey  (cost=0.00..35.58 rows=1114 width=0)
	        Index Cond: ((id >= 7294027) AND (id <= 7295026))

for: distinct_ranges
table 1 : explain SELECT DISTINCT c FROM sbtest1 WHERE id BETWEEN 2617530 AND 2618529 ORDER BY c
	Unique  (cost=3878.67..3883.61 rows=988 width=121)
	  ->  Sort  (cost=3878.67..3881.14 rows=988 width=121)
	        Sort Key: c
	        ->  Bitmap Heap Scan on sbtest1  (cost=30.56..3829.53 rows=988 width=121)
	              Recheck Cond: ((id >= 2617530) AND (id <= 2618529))
	              ->  Bitmap Index Scan on sbtest1_pkey  (cost=0.00..30.32 rows=988 width=0)
	                    Index Cond: ((id >= 2617530) AND (id <= 2618529))

table 2 : explain SELECT DISTINCT c FROM sbtest2 WHERE id BETWEEN 6322739 AND 6323738 ORDER BY c
	Unique  (cost=4177.56..4182.88 rows=1065 width=121)
	  ->  Sort  (cost=4177.56..4180.22 rows=1065 width=121)
	        Sort Key: c
	        ->  Bitmap Heap Scan on sbtest2  (cost=35.35..4124.00 rows=1065 width=121)
	              Recheck Cond: ((id >= 6322739) AND (id <= 6323738))
	              ->  Bitmap Index Scan on sbtest2_pkey  (cost=0.00..35.09 rows=1065 width=0)
	                    Index Cond: ((id >= 6322739) AND (id <= 6323738))

table 3 : explain SELECT DISTINCT c FROM sbtest3 WHERE id BETWEEN 2743129 AND 2744128 ORDER BY c
	Unique  (cost=3947.46..3952.49 rows=1006 width=121)
	  ->  Sort  (cost=3947.46..3949.97 rows=1006 width=121)
	        Sort Key: c
	        ->  Bitmap Heap Scan on sbtest3  (cost=30.75..3897.29 rows=1006 width=121)
	              Recheck Cond: ((id >= 2743129) AND (id <= 2744128))
	              ->  Bitmap Index Scan on sbtest3_pkey  (cost=0.00..30.50 rows=1006 width=0)
	                    Index Cond: ((id >= 2743129) AND (id <= 2744128))

table 4 : explain SELECT DISTINCT c FROM sbtest4 WHERE id BETWEEN 2122180 AND 2123179 ORDER BY c
	Unique  (cost=3932.67..3937.68 rows=1002 width=121)
	  ->  Sort  (cost=3932.67..3935.18 rows=1002 width=121)
	        Sort Key: c
	        ->  Bitmap Heap Scan on sbtest4  (cost=30.71..3882.73 rows=1002 width=121)
	              Recheck Cond: ((id >= 2122180) AND (id <= 2123179))
	              ->  Bitmap Index Scan on sbtest4_pkey  (cost=0.00..30.45 rows=1002 width=0)
	                    Index Cond: ((id >= 2122180) AND (id <= 2123179))

table 5 : explain SELECT DISTINCT c FROM sbtest5 WHERE id BETWEEN 2851371 AND 2852370 ORDER BY c
	Unique  (cost=3767.54..3772.33 rows=959 width=121)
	  ->  Sort  (cost=3767.54..3769.94 rows=959 width=121)
	        Sort Key: c
	        ->  Bitmap Heap Scan on sbtest5  (cost=30.26..3720.04 rows=959 width=121)
	              Recheck Cond: ((id >= 2851371) AND (id <= 2852370))
	              ->  Bitmap Index Scan on sbtest5_pkey  (cost=0.00..30.02 rows=959 width=0)
	                    Index Cond: ((id >= 2851371) AND (id <= 2852370))

table 6 : explain SELECT DISTINCT c FROM sbtest6 WHERE id BETWEEN 7910066 AND 7911065 ORDER BY c
	Unique  (cost=3605.99..3610.57 rows=917 width=121)
	  ->  Sort  (cost=3605.99..3608.28 rows=917 width=121)
	        Sort Key: c
	        ->  Bitmap Heap Scan on sbtest6  (cost=29.83..3560.87 rows=917 width=121)
	              Recheck Cond: ((id >= 7910066) AND (id <= 7911065))
	              ->  Bitmap Index Scan on sbtest6_pkey  (cost=0.00..29.61 rows=917 width=0)
	                    Index Cond: ((id >= 7910066) AND (id <= 7911065))

table 7 : explain SELECT DISTINCT c FROM sbtest7 WHERE id BETWEEN 5812659 AND 5813658 ORDER BY c
	Unique  (cost=4334.31..4339.84 rows=1106 width=121)
	  ->  Sort  (cost=4334.31..4337.08 rows=1106 width=121)
	        Sort Key: c
	        ->  Bitmap Heap Scan on sbtest7  (cost=35.77..4278.40 rows=1106 width=121)
	              Recheck Cond: ((id >= 5812659) AND (id <= 5813658))
	              ->  Bitmap Index Scan on sbtest7_pkey  (cost=0.00..35.50 rows=1106 width=0)
	                    Index Cond: ((id >= 5812659) AND (id <= 5813658))

table 8 : explain SELECT DISTINCT c FROM sbtest8 WHERE id BETWEEN 4482707 AND 4483706 ORDER BY c
	Unique  (cost=3886.43..3891.38 rows=990 width=121)
	  ->  Sort  (cost=3886.43..3888.91 rows=990 width=121)
	        Sort Key: c
	        ->  Bitmap Heap Scan on sbtest8  (cost=30.58..3837.17 rows=990 width=121)
	              Recheck Cond: ((id >= 4482707) AND (id <= 4483706))
	              ->  Bitmap Index Scan on sbtest8_pkey  (cost=0.00..30.33 rows=990 width=0)
	                    Index Cond: ((id >= 4482707) AND (id <= 4483706))

for: order_ranges
table 1 : explain SELECT c FROM sbtest1 WHERE id BETWEEN 4953822 AND 4954821 ORDER BY c
	Sort  (cost=3836.50..3838.94 rows=977 width=121)
	  Sort Key: c
	  ->  Bitmap Heap Scan on sbtest1  (cost=30.45..3787.98 rows=977 width=121)
	        Recheck Cond: ((id >= 4953822) AND (id <= 4954821))
	        ->  Bitmap Index Scan on sbtest1_pkey  (cost=0.00..30.20 rows=977 width=0)
	              Index Cond: ((id >= 4953822) AND (id <= 4954821))

table 2 : explain SELECT c FROM sbtest2 WHERE id BETWEEN 7362299 AND 7363298 ORDER BY c
	Sort  (cost=3959.21..3961.74 rows=1009 width=121)
	  Sort Key: c
	  ->  Bitmap Heap Scan on sbtest2  (cost=30.78..3908.87 rows=1009 width=121)
	        Recheck Cond: ((id >= 7362299) AND (id <= 7363298))
	        ->  Bitmap Index Scan on sbtest2_pkey  (cost=0.00..30.52 rows=1009 width=0)
	              Index Cond: ((id >= 7362299) AND (id <= 7363298))

table 3 : explain SELECT c FROM sbtest3 WHERE id BETWEEN 8997371 AND 8998370 ORDER BY c
	Sort  (cost=3755.77..3758.16 rows=956 width=121)
	  Sort Key: c
	  ->  Bitmap Heap Scan on sbtest3  (cost=30.23..3708.45 rows=956 width=121)
	        Recheck Cond: ((id >= 8997371) AND (id <= 8998370))
	        ->  Bitmap Index Scan on sbtest3_pkey  (cost=0.00..30.00 rows=956 width=0)
	              Index Cond: ((id >= 8997371) AND (id <= 8998370))

table 4 : explain SELECT c FROM sbtest4 WHERE id BETWEEN 6275151 AND 6276150 ORDER BY c
	Sort  (cost=4112.82..4115.44 rows=1048 width=121)
	  Sort Key: c
	  ->  Bitmap Heap Scan on sbtest4  (cost=35.18..4060.25 rows=1048 width=121)
	        Recheck Cond: ((id >= 6275151) AND (id <= 6276150))
	        ->  Bitmap Index Scan on sbtest4_pkey  (cost=0.00..34.92 rows=1048 width=0)
	              Index Cond: ((id >= 6275151) AND (id <= 6276150))

table 5 : explain SELECT c FROM sbtest5 WHERE id BETWEEN 1859536 AND 1860535 ORDER BY c
	Sort  (cost=3775.21..3777.62 rows=961 width=121)
	  Sort Key: c
	  ->  Bitmap Heap Scan on sbtest5  (cost=30.29..3727.60 rows=961 width=121)
	        Recheck Cond: ((id >= 1859536) AND (id <= 1860535))
	        ->  Bitmap Index Scan on sbtest5_pkey  (cost=0.00..30.04 rows=961 width=0)
	              Index Cond: ((id >= 1859536) AND (id <= 1860535))

table 6 : explain SELECT c FROM sbtest6 WHERE id BETWEEN 3029960 AND 3030959 ORDER BY c
	Sort  (cost=3878.42..3880.89 rows=988 width=121)
	  Sort Key: c
	  ->  Bitmap Heap Scan on sbtest6  (cost=30.56..3829.27 rows=988 width=121)
	        Recheck Cond: ((id >= 3029960) AND (id <= 3030959))
	        ->  Bitmap Index Scan on sbtest6_pkey  (cost=0.00..30.32 rows=988 width=0)
	              Index Cond: ((id >= 3029960) AND (id <= 3030959))

table 7 : explain SELECT c FROM sbtest7 WHERE id BETWEEN 15409 AND 16408 ORDER BY c
	Sort  (cost=3675.45..3677.79 rows=935 width=121)
	  Sort Key: c
	  ->  Bitmap Heap Scan on sbtest7  (cost=30.02..3629.31 rows=935 width=121)
	        Recheck Cond: ((id >= 15409) AND (id <= 16408))
	        ->  Bitmap Index Scan on sbtest7_pkey  (cost=0.00..29.79 rows=935 width=0)
	              Index Cond: ((id >= 15409) AND (id <= 16408))

table 8 : explain SELECT c FROM sbtest8 WHERE id BETWEEN 8637613 AND 8638612 ORDER BY c
	Sort  (cost=3936.25..3938.76 rows=1003 width=121)
	  Sort Key: c
	  ->  Bitmap Heap Scan on sbtest8  (cost=30.72..3886.25 rows=1003 width=121)
	        Recheck Cond: ((id >= 8637613) AND (id <= 8638612))
	        ->  Bitmap Index Scan on sbtest8_pkey  (cost=0.00..30.46 rows=1003 width=0)
	              Index Cond: ((id >= 8637613) AND (id <= 8638612))

for: distinct_ranges
table 1 : explain SELECT DISTINCT c FROM sbtest1 WHERE id BETWEEN 1247054 AND 1248053 ORDER BY c
	Unique  (cost=4276.87..4282.32 rows=1091 width=121)
	  ->  Sort  (cost=4276.87..4279.60 rows=1091 width=121)
	        Sort Key: c
	        ->  Bitmap Heap Scan on sbtest1  (cost=35.62..4221.82 rows=1091 width=121)
	              Recheck Cond: ((id >= 1247054) AND (id <= 1248053))
	              ->  Bitmap Index Scan on sbtest1_pkey  (cost=0.00..35.34 rows=1091 width=0)
	                    Index Cond: ((id >= 1247054) AND (id <= 1248053))

table 2 : explain SELECT DISTINCT c FROM sbtest2 WHERE id BETWEEN 6432936 AND 6433935 ORDER BY c
	Unique  (cost=3575.54..3580.08 rows=909 width=121)
	  ->  Sort  (cost=3575.54..3577.81 rows=909 width=121)
	        Sort Key: c
	        ->  Bitmap Heap Scan on sbtest2  (cost=29.75..3530.87 rows=909 width=121)
	              Recheck Cond: ((id >= 6432936) AND (id <= 6433935))
	              ->  Bitmap Index Scan on sbtest2_pkey  (cost=0.00..29.52 rows=909 width=0)
	                    Index Cond: ((id >= 6432936) AND (id <= 6433935))

table 3 : explain SELECT DISTINCT c FROM sbtest3 WHERE id BETWEEN 2603840 AND 2604839 ORDER BY c
	Unique  (cost=4024.05..4029.18 rows=1026 width=121)
	  ->  Sort  (cost=4024.05..4026.62 rows=1026 width=121)
	        Sort Key: c
	        ->  Bitmap Heap Scan on sbtest3  (cost=30.95..3972.74 rows=1026 width=121)
	              Recheck Cond: ((id >= 2603840) AND (id <= 2604839))
	              ->  Bitmap Index Scan on sbtest3_pkey  (cost=0.00..30.69 rows=1026 width=0)
	                    Index Cond: ((id >= 2603840) AND (id <= 2604839))

table 4 : explain SELECT DISTINCT c FROM sbtest4 WHERE id BETWEEN 6982584 AND 6983583 ORDER BY c
	Unique  (cost=4361.32..4366.88 rows=1113 width=121)
	  ->  Sort  (cost=4361.32..4364.10 rows=1113 width=121)
	        Sort Key: c
	        ->  Bitmap Heap Scan on sbtest4  (cost=35.84..4305.00 rows=1113 width=121)
	              Recheck Cond: ((id >= 6982584) AND (id <= 6983583))
	              ->  Bitmap Index Scan on sbtest4_pkey  (cost=0.00..35.57 rows=1113 width=0)
	                    Index Cond: ((id >= 6982584) AND (id <= 6983583))

table 5 : explain SELECT DISTINCT c FROM sbtest5 WHERE id BETWEEN 2019074 AND 2020073 ORDER BY c
	Unique  (cost=3694.62..3699.32 rows=940 width=121)
	  ->  Sort  (cost=3694.62..3696.97 rows=940 width=121)
	        Sort Key: c
	        ->  Bitmap Heap Scan on sbtest5  (cost=30.07..3648.20 rows=940 width=121)
	              Recheck Cond: ((id >= 2019074) AND (id <= 2020073))
	              ->  Bitmap Index Scan on sbtest5_pkey  (cost=0.00..29.83 rows=940 width=0)
	                    Index Cond: ((id >= 2019074) AND (id <= 2020073))

table 6 : explain SELECT DISTINCT c FROM sbtest6 WHERE id BETWEEN 7632879 AND 7633878 ORDER BY c
	Unique  (cost=4299.50..4304.98 rows=1097 width=121)
	  ->  Sort  (cost=4299.50..4302.24 rows=1097 width=121)
	        Sort Key: c
	        ->  Bitmap Heap Scan on sbtest6  (cost=35.68..4244.10 rows=1097 width=121)
	              Recheck Cond: ((id >= 7632879) AND (id <= 7633878))
	              ->  Bitmap Index Scan on sbtest6_pkey  (cost=0.00..35.41 rows=1097 width=0)
	                    Index Cond: ((id >= 7632879) AND (id <= 7633878))

table 7 : explain SELECT DISTINCT c FROM sbtest7 WHERE id BETWEEN 3014936 AND 3015935 ORDER BY c
	Unique  (cost=3625.52..3630.13 rows=922 width=121)
	  ->  Sort  (cost=3625.52..3627.83 rows=922 width=121)
	        Sort Key: c
	        ->  Bitmap Heap Scan on sbtest7  (cost=29.89..3580.12 rows=922 width=121)
	              Recheck Cond: ((id >= 3014936) AND (id <= 3015935))
	              ->  Bitmap Index Scan on sbtest7_pkey  (cost=0.00..29.65 rows=922 width=0)
	                    Index Cond: ((id >= 3014936) AND (id <= 3015935))

table 8 : explain SELECT DISTINCT c FROM sbtest8 WHERE id BETWEEN 1890099 AND 1891098 ORDER BY c
	Unique  (cost=3844.26..3849.16 rows=979 width=121)
	  ->  Sort  (cost=3844.26..3846.71 rows=979 width=121)
	        Sort Key: c
	        ->  Bitmap Heap Scan on sbtest8  (cost=30.47..3795.63 rows=979 width=121)
	              Recheck Cond: ((id >= 1890099) AND (id <= 1891098))
	              ->  Bitmap Index Scan on sbtest8_pkey  (cost=0.00..30.22 rows=979 width=0)
	                    Index Cond: ((id >= 1890099) AND (id <= 1891098))

for: order_ranges
table 1 : explain SELECT c FROM sbtest1 WHERE id BETWEEN 7833223 AND 7834222 ORDER BY c
	Sort  (cost=3897.84..3900.32 rows=993 width=121)
	  Sort Key: c
	  ->  Bitmap Heap Scan on sbtest1  (cost=30.61..3848.41 rows=993 width=121)
	        Recheck Cond: ((id >= 7833223) AND (id <= 7834222))
	        ->  Bitmap Index Scan on sbtest1_pkey  (cost=0.00..30.36 rows=993 width=0)
	              Index Cond: ((id >= 7833223) AND (id <= 7834222))

table 2 : explain SELECT c FROM sbtest2 WHERE id BETWEEN 9817313 AND 9818312 ORDER BY c
	Sort  (cost=3763.69..3766.08 rows=958 width=121)
	  Sort Key: c
	  ->  Bitmap Heap Scan on sbtest2  (cost=30.25..3716.25 rows=958 width=121)
	        Recheck Cond: ((id >= 9817313) AND (id <= 9818312))
	        ->  Bitmap Index Scan on sbtest2_pkey  (cost=0.00..30.01 rows=958 width=0)
	              Index Cond: ((id >= 9817313) AND (id <= 9818312))

table 3 : explain SELECT c FROM sbtest3 WHERE id BETWEEN 742870 AND 743869 ORDER BY c
	Sort  (cost=3679.01..3681.35 rows=936 width=121)
	  Sort Key: c
	  ->  Bitmap Heap Scan on sbtest3  (cost=30.03..3632.82 rows=936 width=121)
	        Recheck Cond: ((id >= 742870) AND (id <= 743869))
	        ->  Bitmap Index Scan on sbtest3_pkey  (cost=0.00..29.79 rows=936 width=0)
	              Index Cond: ((id >= 742870) AND (id <= 743869))

table 4 : explain SELECT c FROM sbtest4 WHERE id BETWEEN 9051047 AND 9052046 ORDER BY c
	Sort  (cost=3978.65..3981.18 rows=1014 width=121)
	  Sort Key: c
	  ->  Bitmap Heap Scan on sbtest4  (cost=30.83..3928.02 rows=1014 width=121)
	        Recheck Cond: ((id >= 9051047) AND (id <= 9052046))
	        ->  Bitmap Index Scan on sbtest4_pkey  (cost=0.00..30.57 rows=1014 width=0)
	              Index Cond: ((id >= 9051047) AND (id <= 9052046))

table 5 : explain SELECT c FROM sbtest5 WHERE id BETWEEN 7801206 AND 7802205 ORDER BY c
	Sort  (cost=3943.90..3946.42 rows=1005 width=121)
	  Sort Key: c
	  ->  Bitmap Heap Scan on sbtest5  (cost=30.74..3893.79 rows=1005 width=121)
	        Recheck Cond: ((id >= 7801206) AND (id <= 7802205))
	        ->  Bitmap Index Scan on sbtest5_pkey  (cost=0.00..30.48 rows=1005 width=0)
	              Index Cond: ((id >= 7801206) AND (id <= 7802205))

table 6 : explain SELECT c FROM sbtest6 WHERE id BETWEEN 7764810 AND 7765809 ORDER BY c
	Sort  (cost=4165.72..4168.38 rows=1062 width=121)
	  Sort Key: c
	  ->  Bitmap Heap Scan on sbtest6  (cost=35.32..4112.35 rows=1062 width=121)
	        Recheck Cond: ((id >= 7764810) AND (id <= 7765809))
	        ->  Bitmap Index Scan on sbtest6_pkey  (cost=0.00..35.06 rows=1062 width=0)
	              Index Cond: ((id >= 7764810) AND (id <= 7765809))

table 7 : explain SELECT c FROM sbtest7 WHERE id BETWEEN 320681 AND 321680 ORDER BY c
	Sort  (cost=4158.48..4161.13 rows=1060 width=121)
	  Sort Key: c
	  ->  Bitmap Heap Scan on sbtest7  (cost=35.30..4105.22 rows=1060 width=121)
	        Recheck Cond: ((id >= 320681) AND (id <= 321680))
	        ->  Bitmap Index Scan on sbtest7_pkey  (cost=0.00..35.04 rows=1060 width=0)
	              Index Cond: ((id >= 320681) AND (id <= 321680))

table 8 : explain SELECT c FROM sbtest8 WHERE id BETWEEN 78287 AND 79286 ORDER BY c
	Sort  (cost=3940.08..3942.59 rows=1004 width=121)
	  Sort Key: c
	  ->  Bitmap Heap Scan on sbtest8  (cost=30.73..3890.03 rows=1004 width=121)
	        Recheck Cond: ((id >= 78287) AND (id <= 79286))
	        ->  Bitmap Index Scan on sbtest8_pkey  (cost=0.00..30.47 rows=1004 width=0)
	              Index Cond: ((id >= 78287) AND (id <= 79286))

for: order_ranges
table 1 : explain SELECT c FROM sbtest1 WHERE id BETWEEN 3172543 AND 3173542 ORDER BY c
	Sort  (cost=4246.30..4249.00 rows=1083 width=121)
	  Sort Key: c
	  ->  Bitmap Heap Scan on sbtest1  (cost=35.54..4191.71 rows=1083 width=121)
	        Recheck Cond: ((id >= 3172543) AND (id <= 3173542))
	        ->  Bitmap Index Scan on sbtest1_pkey  (cost=0.00..35.27 rows=1083 width=0)
	              Index Cond: ((id >= 3172543) AND (id <= 3173542))

table 2 : explain SELECT c FROM sbtest2 WHERE id BETWEEN 590438 AND 591437 ORDER BY c
	Sort  (cost=3871.07..3873.54 rows=986 width=121)
	  Sort Key: c
	  ->  Bitmap Heap Scan on sbtest2  (cost=30.54..3822.04 rows=986 width=121)
	        Recheck Cond: ((id >= 590438) AND (id <= 591437))
	        ->  Bitmap Index Scan on sbtest2_pkey  (cost=0.00..30.29 rows=986 width=0)
	              Index Cond: ((id >= 590438) AND (id <= 591437))

table 3 : explain SELECT c FROM sbtest3 WHERE id BETWEEN 7328683 AND 7329682 ORDER BY c
	Sort  (cost=4108.42..4111.04 rows=1047 width=121)
	  Sort Key: c
	  ->  Bitmap Heap Scan on sbtest3  (cost=35.17..4055.91 rows=1047 width=121)
	        Recheck Cond: ((id >= 7328683) AND (id <= 7329682))
	        ->  Bitmap Index Scan on sbtest3_pkey  (cost=0.00..34.91 rows=1047 width=0)
	              Index Cond: ((id >= 7328683) AND (id <= 7329682))

table 4 : explain SELECT c FROM sbtest4 WHERE id BETWEEN 9027757 AND 9028756 ORDER BY c
	Sort  (cost=3978.65..3981.18 rows=1014 width=121)
	  Sort Key: c
	  ->  Bitmap Heap Scan on sbtest4  (cost=30.83..3928.02 rows=1014 width=121)
	        Recheck Cond: ((id >= 9027757) AND (id <= 9028756))
	        ->  Bitmap Index Scan on sbtest4_pkey  (cost=0.00..30.57 rows=1014 width=0)
	              Index Cond: ((id >= 9027757) AND (id <= 9028756))

table 5 : explain SELECT c FROM sbtest5 WHERE id BETWEEN 4490511 AND 4491510 ORDER BY c
	Sort  (cost=4257.86..4260.57 rows=1086 width=121)
	  Sort Key: c
	  ->  Bitmap Heap Scan on sbtest5  (cost=35.57..4203.10 rows=1086 width=121)
	        Recheck Cond: ((id >= 4490511) AND (id <= 4491510))
	        ->  Bitmap Index Scan on sbtest5_pkey  (cost=0.00..35.30 rows=1086 width=0)
	              Index Cond: ((id >= 4490511) AND (id <= 4491510))

table 6 : explain SELECT c FROM sbtest6 WHERE id BETWEEN 9513198 AND 9514197 ORDER BY c
	Sort  (cost=3978.20..3980.74 rows=1013 width=121)
	  Sort Key: c
	  ->  Bitmap Heap Scan on sbtest6  (cost=34.82..3927.63 rows=1013 width=121)
	        Recheck Cond: ((id >= 9513198) AND (id <= 9514197))
	        ->  Bitmap Index Scan on sbtest6_pkey  (cost=0.00..34.57 rows=1013 width=0)
	              Index Cond: ((id >= 9513198) AND (id <= 9514197))

table 7 : explain SELECT c FROM sbtest7 WHERE id BETWEEN 4901552 AND 4902551 ORDER BY c
	Sort  (cost=3913.28..3915.77 rows=997 width=121)
	  Sort Key: c
	  ->  Bitmap Heap Scan on sbtest7  (cost=30.65..3863.62 rows=997 width=121)
	        Recheck Cond: ((id >= 4901552) AND (id <= 4902551))
	        ->  Bitmap Index Scan on sbtest7_pkey  (cost=0.00..30.40 rows=997 width=0)
	              Index Cond: ((id >= 4901552) AND (id <= 4902551))

table 8 : explain SELECT c FROM sbtest8 WHERE id BETWEEN 3093719 AND 3094718 ORDER BY c
	Sort  (cost=3759.88..3762.27 rows=957 width=121)
	  Sort Key: c
	  ->  Bitmap Heap Scan on sbtest8  (cost=30.24..3712.49 rows=957 width=121)
	        Recheck Cond: ((id >= 3093719) AND (id <= 3094718))
	        ->  Bitmap Index Scan on sbtest8_pkey  (cost=0.00..30.00 rows=957 width=0)
	              Index Cond: ((id >= 3093719) AND (id <= 3094718))

for: order_ranges
table 1 : explain SELECT c FROM sbtest1 WHERE id BETWEEN 400681 AND 401680 ORDER BY c
	Sort  (cost=4047.22..4049.80 rows=1032 width=121)
	  Sort Key: c
	  ->  Bitmap Heap Scan on sbtest1  (cost=31.01..3995.56 rows=1032 width=121)
	        Recheck Cond: ((id >= 400681) AND (id <= 401680))
	        ->  Bitmap Index Scan on sbtest1_pkey  (cost=0.00..30.75 rows=1032 width=0)
	              Index Cond: ((id >= 400681) AND (id <= 401680))

table 2 : explain SELECT c FROM sbtest2 WHERE id BETWEEN 5289908 AND 5290907 ORDER BY c
	Sort  (cost=3817.39..3819.82 rows=972 width=121)
	  Sort Key: c
	  ->  Bitmap Heap Scan on sbtest2  (cost=30.40..3769.16 rows=972 width=121)
	        Recheck Cond: ((id >= 5289908) AND (id <= 5290907))
	        ->  Bitmap Index Scan on sbtest2_pkey  (cost=0.00..30.15 rows=972 width=0)
	              Index Cond: ((id >= 5289908) AND (id <= 5290907))

table 3 : explain SELECT c FROM sbtest3 WHERE id BETWEEN 9445407 AND 9446406 ORDER BY c
	Sort  (cost=4681.13..4684.12 rows=1198 width=121)
	  Sort Key: c
	  ->  Bitmap Heap Scan on sbtest3  (cost=36.71..4619.87 rows=1198 width=121)
	        Recheck Cond: ((id >= 9445407) AND (id <= 9446406))
	        ->  Bitmap Index Scan on sbtest3_pkey  (cost=0.00..36.42 rows=1198 width=0)
	              Index Cond: ((id >= 9445407) AND (id <= 9446406))

table 4 : explain SELECT c FROM sbtest4 WHERE id BETWEEN 6945434 AND 6946433 ORDER BY c
	Sort  (cost=4020.78..4023.34 rows=1025 width=121)
	  Sort Key: c
	  ->  Bitmap Heap Scan on sbtest4  (cost=30.94..3969.52 rows=1025 width=121)
	        Recheck Cond: ((id >= 6945434) AND (id <= 6946433))
	        ->  Bitmap Index Scan on sbtest4_pkey  (cost=0.00..30.68 rows=1025 width=0)
	              Index Cond: ((id >= 6945434) AND (id <= 6946433))

table 5 : explain SELECT c FROM sbtest5 WHERE id BETWEEN 6516039 AND 6517038 ORDER BY c
	Sort  (cost=4005.19..4007.74 rows=1021 width=121)
	  Sort Key: c
	  ->  Bitmap Heap Scan on sbtest5  (cost=30.90..3954.16 rows=1021 width=121)
	        Recheck Cond: ((id >= 6516039) AND (id <= 6517038))
	        ->  Bitmap Index Scan on sbtest5_pkey  (cost=0.00..30.64 rows=1021 width=0)
	              Index Cond: ((id >= 6516039) AND (id <= 6517038))

table 6 : explain SELECT c FROM sbtest6 WHERE id BETWEEN 3117035 AND 3118034 ORDER BY c
	Sort  (cost=4047.12..4049.70 rows=1031 width=121)
	  Sort Key: c
	  ->  Bitmap Heap Scan on sbtest6  (cost=35.00..3995.52 rows=1031 width=121)
	        Recheck Cond: ((id >= 3117035) AND (id <= 3118034))
	        ->  Bitmap Index Scan on sbtest6_pkey  (cost=0.00..34.75 rows=1031 width=0)
	              Index Cond: ((id >= 3117035) AND (id <= 3118034))

table 7 : explain SELECT c FROM sbtest7 WHERE id BETWEEN 3847632 AND 3848631 ORDER BY c
	Sort  (cost=4154.66..4157.31 rows=1059 width=121)
	  Sort Key: c
	  ->  Bitmap Heap Scan on sbtest7  (cost=35.29..4101.45 rows=1059 width=121)
	        Recheck Cond: ((id >= 3847632) AND (id <= 3848631))
	        ->  Bitmap Index Scan on sbtest7_pkey  (cost=0.00..35.03 rows=1059 width=0)
	              Index Cond: ((id >= 3847632) AND (id <= 3848631))

table 8 : explain SELECT c FROM sbtest8 WHERE id BETWEEN 6256663 AND 6257662 ORDER BY c
	Sort  (cost=3809.75..3812.17 rows=970 width=121)
	  Sort Key: c
	  ->  Bitmap Heap Scan on sbtest8  (cost=30.38..3761.63 rows=970 width=121)
	        Recheck Cond: ((id >= 6256663) AND (id <= 6257662))
	        ->  Bitmap Index Scan on sbtest8_pkey  (cost=0.00..30.14 rows=970 width=0)
	              Index Cond: ((id >= 6256663) AND (id <= 6257662))

for: sum_ranges
table 1 : explain SELECT SUM(k) FROM sbtest1 WHERE id BETWEEN 9257494 AND 9258493
	Aggregate  (cost=3926.43..3926.44 rows=1 width=8)
	  ->  Bitmap Heap Scan on sbtest1  (cost=30.82..3923.89 rows=1013 width=4)
	        Recheck Cond: ((id >= 9257494) AND (id <= 9258493))
	        ->  Bitmap Index Scan on sbtest1_pkey  (cost=0.00..30.57 rows=1013 width=0)
	              Index Cond: ((id >= 9257494) AND (id <= 9258493))

table 2 : explain SELECT SUM(k) FROM sbtest2 WHERE id BETWEEN 1788258 AND 1789257
	Aggregate  (cost=3824.51..3824.52 rows=1 width=8)
	  ->  Bitmap Heap Scan on sbtest2  (cost=30.54..3822.04 rows=986 width=4)
	        Recheck Cond: ((id >= 1788258) AND (id <= 1789257))
	        ->  Bitmap Index Scan on sbtest2_pkey  (cost=0.00..30.29 rows=986 width=0)
	              Index Cond: ((id >= 1788258) AND (id <= 1789257))

table 3 : explain SELECT SUM(k) FROM sbtest3 WHERE id BETWEEN 3870977 AND 3871976
	Aggregate  (cost=4009.26..4009.27 rows=1 width=8)
	  ->  Bitmap Heap Scan on sbtest3  (cost=31.04..4006.67 rows=1035 width=4)
	        Recheck Cond: ((id >= 3870977) AND (id <= 3871976))
	        ->  Bitmap Index Scan on sbtest3_pkey  (cost=0.00..30.79 rows=1035 width=0)
	              Index Cond: ((id >= 3870977) AND (id <= 3871976))

table 4 : explain SELECT SUM(k) FROM sbtest4 WHERE id BETWEEN 200680 AND 201679
	Aggregate  (cost=4232.48..4232.49 rows=1 width=8)
	  ->  Bitmap Heap Scan on sbtest4  (cost=35.64..4229.74 rows=1093 width=4)
	        Recheck Cond: ((id >= 200680) AND (id <= 201679))
	        ->  Bitmap Index Scan on sbtest4_pkey  (cost=0.00..35.37 rows=1093 width=0)
	              Index Cond: ((id >= 200680) AND (id <= 201679))

table 5 : explain SELECT SUM(k) FROM sbtest5 WHERE id BETWEEN 8998372 AND 8999371
	Aggregate  (cost=4085.21..4085.22 rows=1 width=8)
	  ->  Bitmap Heap Scan on sbtest5  (cost=35.24..4082.58 rows=1054 width=4)
	        Recheck Cond: ((id >= 8998372) AND (id <= 8999371))
	        ->  Bitmap Index Scan on sbtest5_pkey  (cost=0.00..34.98 rows=1054 width=0)
	              Index Cond: ((id >= 8998372) AND (id <= 8999371))

table 6 : explain SELECT SUM(k) FROM sbtest6 WHERE id BETWEEN 166081 AND 167080
	Aggregate  (cost=4054.68..4054.69 rows=1 width=8)
	  ->  Bitmap Heap Scan on sbtest6  (cost=35.16..4052.06 rows=1046 width=4)
	        Recheck Cond: ((id >= 166081) AND (id <= 167080))
	        ->  Bitmap Index Scan on sbtest6_pkey  (cost=0.00..34.90 rows=1046 width=0)
	              Index Cond: ((id >= 166081) AND (id <= 167080))

table 7 : explain SELECT SUM(k) FROM sbtest7 WHERE id BETWEEN 1357805 AND 1358804
	Aggregate  (cost=4058.85..4058.86 rows=1 width=8)
	  ->  Bitmap Heap Scan on sbtest7  (cost=35.17..4056.23 rows=1047 width=4)
	        Recheck Cond: ((id >= 1357805) AND (id <= 1358804))
	        ->  Bitmap Index Scan on sbtest7_pkey  (cost=0.00..34.91 rows=1047 width=0)
	              Index Cond: ((id >= 1357805) AND (id <= 1358804))

table 8 : explain SELECT SUM(k) FROM sbtest8 WHERE id BETWEEN 5406318 AND 5407317
	Aggregate  (cost=3536.95..3536.96 rows=1 width=8)
	  ->  Bitmap Heap Scan on sbtest8  (cost=29.76..3534.68 rows=910 width=4)
	        Recheck Cond: ((id >= 5406318) AND (id <= 5407317))
	        ->  Bitmap Index Scan on sbtest8_pkey  (cost=0.00..29.54 rows=910 width=0)
	              Index Cond: ((id >= 5406318) AND (id <= 5407317))

for: sum_ranges
table 1 : explain SELECT SUM(k) FROM sbtest1 WHERE id BETWEEN 7140788 AND 7141787
	Aggregate  (cost=3884.89..3884.90 rows=1 width=8)
	  ->  Bitmap Heap Scan on sbtest1  (cost=30.71..3882.38 rows=1002 width=4)
	        Recheck Cond: ((id >= 7140788) AND (id <= 7141787))
	        ->  Bitmap Index Scan on sbtest1_pkey  (cost=0.00..30.45 rows=1002 width=0)
	              Index Cond: ((id >= 7140788) AND (id <= 7141787))

table 2 : explain SELECT SUM(k) FROM sbtest2 WHERE id BETWEEN 4216591 AND 4217590
	Aggregate  (cost=3832.07..3832.08 rows=1 width=8)
	  ->  Bitmap Heap Scan on sbtest2  (cost=30.56..3829.60 rows=988 width=4)
	        Recheck Cond: ((id >= 4216591) AND (id <= 4217590))
	        ->  Bitmap Index Scan on sbtest2_pkey  (cost=0.00..30.32 rows=988 width=0)
	              Index Cond: ((id >= 4216591) AND (id <= 4217590))

table 3 : explain SELECT SUM(k) FROM sbtest3 WHERE id BETWEEN 4872548 AND 4873547
	Aggregate  (cost=3835.59..3835.60 rows=1 width=8)
	  ->  Bitmap Heap Scan on sbtest3  (cost=30.57..3833.12 rows=989 width=4)
	        Recheck Cond: ((id >= 4872548) AND (id <= 4873547))
	        ->  Bitmap Index Scan on sbtest3_pkey  (cost=0.00..30.32 rows=989 width=0)
	              Index Cond: ((id >= 4872548) AND (id <= 4873547))

table 4 : explain SELECT SUM(k) FROM sbtest4 WHERE id BETWEEN 2724071 AND 2725070
	Aggregate  (cost=4209.88..4209.89 rows=1 width=8)
	  ->  Bitmap Heap Scan on sbtest4  (cost=35.58..4207.16 rows=1087 width=4)
	        Recheck Cond: ((id >= 2724071) AND (id <= 2725070))
	        ->  Bitmap Index Scan on sbtest4_pkey  (cost=0.00..35.31 rows=1087 width=0)
	              Index Cond: ((id >= 2724071) AND (id <= 2725070))

table 5 : explain SELECT SUM(k) FROM sbtest5 WHERE id BETWEEN 5001592 AND 5002591
	Aggregate  (cost=4390.24..4390.25 rows=1 width=8)
	  ->  Bitmap Heap Scan on sbtest5  (cost=36.07..4387.40 rows=1135 width=4)
	        Recheck Cond: ((id >= 5001592) AND (id <= 5002591))
	        ->  Bitmap Index Scan on sbtest5_pkey  (cost=0.00..35.79 rows=1135 width=0)
	              Index Cond: ((id >= 5001592) AND (id <= 5002591))

table 6 : explain SELECT SUM(k) FROM sbtest6 WHERE id BETWEEN 2482640 AND 2483639
	Aggregate  (cost=3820.41..3820.42 rows=1 width=8)
	  ->  Bitmap Heap Scan on sbtest6  (cost=30.53..3817.95 rows=985 width=4)
	        Recheck Cond: ((id >= 2482640) AND (id <= 2483639))
	        ->  Bitmap Index Scan on sbtest6_pkey  (cost=0.00..30.29 rows=985 width=0)
	              Index Cond: ((id >= 2482640) AND (id <= 2483639))

table 7 : explain SELECT SUM(k) FROM sbtest7 WHERE id BETWEEN 996713 AND 997712
	Aggregate  (cost=3582.43..3582.44 rows=1 width=8)
	  ->  Bitmap Heap Scan on sbtest7  (cost=29.89..3580.12 rows=922 width=4)
	        Recheck Cond: ((id >= 996713) AND (id <= 997712))
	        ->  Bitmap Index Scan on sbtest7_pkey  (cost=0.00..29.65 rows=922 width=0)
	              Index Cond: ((id >= 996713) AND (id <= 997712))

table 8 : explain SELECT SUM(k) FROM sbtest8 WHERE id BETWEEN 4470520 AND 4471519
	Aggregate  (cost=3839.65..3839.66 rows=1 width=8)
	  ->  Bitmap Heap Scan on sbtest8  (cost=30.58..3837.17 rows=990 width=4)
	        Recheck Cond: ((id >= 4470520) AND (id <= 4471519))
	        ->  Bitmap Index Scan on sbtest8_pkey  (cost=0.00..30.33 rows=990 width=0)
	              Index Cond: ((id >= 4470520) AND (id <= 4471519))

for: sum_ranges
table 1 : explain SELECT SUM(k) FROM sbtest1 WHERE id BETWEEN 7836517 AND 7837516
	Aggregate  (cost=3850.89..3850.90 rows=1 width=8)
	  ->  Bitmap Heap Scan on sbtest1  (cost=30.61..3848.41 rows=993 width=4)
	        Recheck Cond: ((id >= 7836517) AND (id <= 7837516))
	        ->  Bitmap Index Scan on sbtest1_pkey  (cost=0.00..30.36 rows=993 width=0)
	              Index Cond: ((id >= 7836517) AND (id <= 7837516))

table 2 : explain SELECT SUM(k) FROM sbtest2 WHERE id BETWEEN 2171049 AND 2172048
	Aggregate  (cost=3896.29..3896.30 rows=1 width=8)
	  ->  Bitmap Heap Scan on sbtest2  (cost=30.74..3893.78 rows=1005 width=4)
	        Recheck Cond: ((id >= 2171049) AND (id <= 2172048))
	        ->  Bitmap Index Scan on sbtest2_pkey  (cost=0.00..30.48 rows=1005 width=0)
	              Index Cond: ((id >= 2171049) AND (id <= 2172048))

table 3 : explain SELECT SUM(k) FROM sbtest3 WHERE id BETWEEN 467896 AND 468895
	Aggregate  (cost=3990.40..3990.41 rows=1 width=8)
	  ->  Bitmap Heap Scan on sbtest3  (cost=30.99..3987.82 rows=1030 width=4)
	        Recheck Cond: ((id >= 467896) AND (id <= 468895))
	        ->  Bitmap Index Scan on sbtest3_pkey  (cost=0.00..30.73 rows=1030 width=0)
	              Index Cond: ((id >= 467896) AND (id <= 468895))

table 4 : explain SELECT SUM(k) FROM sbtest4 WHERE id BETWEEN 8777327 AND 8778326
	Aggregate  (cost=3760.51..3760.52 rows=1 width=8)
	  ->  Bitmap Heap Scan on sbtest4  (cost=30.37..3758.09 rows=969 width=4)
	        Recheck Cond: ((id >= 8777327) AND (id <= 8778326))
	        ->  Bitmap Index Scan on sbtest4_pkey  (cost=0.00..30.12 rows=969 width=0)
	              Index Cond: ((id >= 8777327) AND (id <= 8778326))

table 5 : explain SELECT SUM(k) FROM sbtest5 WHERE id BETWEEN 2682456 AND 2683455
	Aggregate  (cost=3915.19..3915.20 rows=1 width=8)
	  ->  Bitmap Heap Scan on sbtest5  (cost=30.79..3912.66 rows=1010 width=4)
	        Recheck Cond: ((id >= 2682456) AND (id <= 2683455))
	        ->  Bitmap Index Scan on sbtest5_pkey  (cost=0.00..30.54 rows=1010 width=0)
	              Index Cond: ((id >= 2682456) AND (id <= 2683455))

table 6 : explain SELECT SUM(k) FROM sbtest6 WHERE id BETWEEN 99086 AND 100085
	Aggregate  (cost=3646.45..3646.46 rows=1 width=8)
	  ->  Bitmap Heap Scan on sbtest6  (cost=30.06..3644.11 rows=939 width=4)
	        Recheck Cond: ((id >= 99086) AND (id <= 100085))
	        ->  Bitmap Index Scan on sbtest6_pkey  (cost=0.00..29.82 rows=939 width=0)
	              Index Cond: ((id >= 99086) AND (id <= 100085))

table 7 : explain SELECT SUM(k) FROM sbtest7 WHERE id BETWEEN 4235195 AND 4236194
	Aggregate  (cost=4085.25..4085.26 rows=1 width=8)
	  ->  Bitmap Heap Scan on sbtest7  (cost=35.24..4082.61 rows=1054 width=4)
	        Recheck Cond: ((id >= 4235195) AND (id <= 4236194))
	        ->  Bitmap Index Scan on sbtest7_pkey  (cost=0.00..34.98 rows=1054 width=0)
	              Index Cond: ((id >= 4235195) AND (id <= 4236194))

table 8 : explain SELECT SUM(k) FROM sbtest8 WHERE id BETWEEN 6164605 AND 6165604
	Aggregate  (cost=4006.01..4006.02 rows=1 width=8)
	  ->  Bitmap Heap Scan on sbtest8  (cost=35.02..4003.43 rows=1033 width=4)
	        Recheck Cond: ((id >= 6164605) AND (id <= 6165604))
	        ->  Bitmap Index Scan on sbtest8_pkey  (cost=0.00..34.77 rows=1033 width=0)
	              Index Cond: ((id >= 6164605) AND (id <= 6165604))

for: sum_ranges
table 1 : explain SELECT SUM(k) FROM sbtest1 WHERE id BETWEEN 6050620 AND 6051619
	Aggregate  (cost=3733.71..3733.72 rows=1 width=8)
	  ->  Bitmap Heap Scan on sbtest1  (cost=30.30..3731.30 rows=962 width=4)
	        Recheck Cond: ((id >= 6050620) AND (id <= 6051619))
	        ->  Bitmap Index Scan on sbtest1_pkey  (cost=0.00..30.05 rows=962 width=0)
	              Index Cond: ((id >= 6050620) AND (id <= 6051619))

table 2 : explain SELECT SUM(k) FROM sbtest2 WHERE id BETWEEN 5473516 AND 5474515
	Aggregate  (cost=3347.32..3347.33 rows=1 width=8)
	  ->  Bitmap Heap Scan on sbtest2  (cost=29.25..3345.17 rows=860 width=4)
	        Recheck Cond: ((id >= 5473516) AND (id <= 5474515))
	        ->  Bitmap Index Scan on sbtest2_pkey  (cost=0.00..29.04 rows=860 width=0)
	              Index Cond: ((id >= 5473516) AND (id <= 5474515))

table 3 : explain SELECT SUM(k) FROM sbtest3 WHERE id BETWEEN 2330055 AND 2331054
	Aggregate  (cost=4190.44..4190.45 rows=1 width=8)
	  ->  Bitmap Heap Scan on sbtest3  (cost=35.53..4187.73 rows=1082 width=4)
	        Recheck Cond: ((id >= 2330055) AND (id <= 2331054))
	        ->  Bitmap Index Scan on sbtest3_pkey  (cost=0.00..35.26 rows=1082 width=0)
	              Index Cond: ((id >= 2330055) AND (id <= 2331054))

table 4 : explain SELECT SUM(k) FROM sbtest4 WHERE id BETWEEN 5620685 AND 5621684
	Aggregate  (cost=3749.16..3749.17 rows=1 width=8)
	  ->  Bitmap Heap Scan on sbtest4  (cost=30.34..3746.75 rows=966 width=4)
	        Recheck Cond: ((id >= 5620685) AND (id <= 5621684))
	        ->  Bitmap Index Scan on sbtest4_pkey  (cost=0.00..30.09 rows=966 width=0)
	              Index Cond: ((id >= 5620685) AND (id <= 5621684))

table 5 : explain SELECT SUM(k) FROM sbtest5 WHERE id BETWEEN 533481 AND 534480
	Aggregate  (cost=4269.83..4269.84 rows=1 width=8)
	  ->  Bitmap Heap Scan on sbtest5  (cost=35.74..4267.07 rows=1103 width=4)
	        Recheck Cond: ((id >= 533481) AND (id <= 534480))
	        ->  Bitmap Index Scan on sbtest5_pkey  (cost=0.00..35.47 rows=1103 width=0)
	              Index Cond: ((id >= 533481) AND (id <= 534480))

table 6 : explain SELECT SUM(k) FROM sbtest6 WHERE id BETWEEN 6539409 AND 6540408
	Aggregate  (cost=3907.29..3907.30 rows=1 width=8)
	  ->  Bitmap Heap Scan on sbtest6  (cost=30.77..3904.77 rows=1008 width=4)
	        Recheck Cond: ((id >= 6539409) AND (id <= 6540408))
	        ->  Bitmap Index Scan on sbtest6_pkey  (cost=0.00..30.51 rows=1008 width=0)
	              Index Cond: ((id >= 6539409) AND (id <= 6540408))

table 7 : explain SELECT SUM(k) FROM sbtest7 WHERE id BETWEEN 6909568 AND 6910567
	Aggregate  (cost=4002.26..4002.27 rows=1 width=8)
	  ->  Bitmap Heap Scan on sbtest7  (cost=35.01..3999.68 rows=1032 width=4)
	        Recheck Cond: ((id >= 6909568) AND (id <= 6910567))
	        ->  Bitmap Index Scan on sbtest7_pkey  (cost=0.00..34.76 rows=1032 width=0)
	              Index Cond: ((id >= 6909568) AND (id <= 6910567))

table 8 : explain SELECT SUM(k) FROM sbtest8 WHERE id BETWEEN 5916938 AND 5917937
	Aggregate  (cost=3945.40..3945.41 rows=1 width=8)
	  ->  Bitmap Heap Scan on sbtest8  (cost=30.87..3942.86 rows=1018 width=4)
	        Recheck Cond: ((id >= 5916938) AND (id <= 5917937))
	        ->  Bitmap Index Scan on sbtest8_pkey  (cost=0.00..30.61 rows=1018 width=0)
	              Index Cond: ((id >= 5916938) AND (id <= 5917937))

for: sum_ranges
table 1 : explain SELECT SUM(k) FROM sbtest1 WHERE id BETWEEN 9305003 AND 9306002
	Aggregate  (cost=3926.43..3926.44 rows=1 width=8)
	  ->  Bitmap Heap Scan on sbtest1  (cost=30.82..3923.89 rows=1013 width=4)
	        Recheck Cond: ((id >= 9305003) AND (id <= 9306002))
	        ->  Bitmap Index Scan on sbtest1_pkey  (cost=0.00..30.57 rows=1013 width=0)
	              Index Cond: ((id >= 9305003) AND (id <= 9306002))

table 2 : explain SELECT SUM(k) FROM sbtest2 WHERE id BETWEEN 3016814 AND 3017813
	Aggregate  (cost=3926.50..3926.51 rows=1 width=8)
	  ->  Bitmap Heap Scan on sbtest2  (cost=30.82..3923.96 rows=1013 width=4)
	        Recheck Cond: ((id >= 3016814) AND (id <= 3017813))
	        ->  Bitmap Index Scan on sbtest2_pkey  (cost=0.00..30.57 rows=1013 width=0)
	              Index Cond: ((id >= 3016814) AND (id <= 3017813))

table 3 : explain SELECT SUM(k) FROM sbtest3 WHERE id BETWEEN 9421793 AND 9422792
	Aggregate  (cost=3574.58..3574.59 rows=1 width=8)
	  ->  Bitmap Heap Scan on sbtest3  (cost=29.87..3572.28 rows=920 width=4)
	        Recheck Cond: ((id >= 9421793) AND (id <= 9422792))
	        ->  Bitmap Index Scan on sbtest3_pkey  (cost=0.00..29.64 rows=920 width=0)
	              Index Cond: ((id >= 9421793) AND (id <= 9422792))

table 4 : explain SELECT SUM(k) FROM sbtest4 WHERE id BETWEEN 8370990 AND 8371989
	Aggregate  (cost=3832.34..3832.35 rows=1 width=8)
	  ->  Bitmap Heap Scan on sbtest4  (cost=30.56..3829.87 rows=988 width=4)
	        Recheck Cond: ((id >= 8370990) AND (id <= 8371989))
	        ->  Bitmap Index Scan on sbtest4_pkey  (cost=0.00..30.32 rows=988 width=0)
	              Index Cond: ((id >= 8370990) AND (id <= 8371989))

table 5 : explain SELECT SUM(k) FROM sbtest5 WHERE id BETWEEN 6305245 AND 6306244
	Aggregate  (cost=3918.96..3918.97 rows=1 width=8)
	  ->  Bitmap Heap Scan on sbtest5  (cost=30.80..3916.43 rows=1011 width=4)
	        Recheck Cond: ((id >= 6305245) AND (id <= 6306244))
	        ->  Bitmap Index Scan on sbtest5_pkey  (cost=0.00..30.54 rows=1011 width=0)
	              Index Cond: ((id >= 6305245) AND (id <= 6306244))

table 6 : explain SELECT SUM(k) FROM sbtest6 WHERE id BETWEEN 5629811 AND 5630810
	Aggregate  (cost=3631.31..3631.32 rows=1 width=8)
	  ->  Bitmap Heap Scan on sbtest6  (cost=30.02..3628.98 rows=935 width=4)
	        Recheck Cond: ((id >= 5629811) AND (id <= 5630810))
	        ->  Bitmap Index Scan on sbtest6_pkey  (cost=0.00..29.79 rows=935 width=0)
	              Index Cond: ((id >= 5629811) AND (id <= 5630810))

table 7 : explain SELECT SUM(k) FROM sbtest7 WHERE id BETWEEN 6280744 AND 6281743
	Aggregate  (cost=3650.58..3650.59 rows=1 width=8)
	  ->  Bitmap Heap Scan on sbtest7  (cost=30.07..3648.23 rows=940 width=4)
	        Recheck Cond: ((id >= 6280744) AND (id <= 6281743))
	        ->  Bitmap Index Scan on sbtest7_pkey  (cost=0.00..29.83 rows=940 width=0)
	              Index Cond: ((id >= 6280744) AND (id <= 6281743))

table 8 : explain SELECT SUM(k) FROM sbtest8 WHERE id BETWEEN 4658929 AND 4659928
	Aggregate  (cost=3983.37..3983.38 rows=1 width=8)
	  ->  Bitmap Heap Scan on sbtest8  (cost=34.96..3980.80 rows=1027 width=4)
	        Recheck Cond: ((id >= 4658929) AND (id <= 4659928))
	        ->  Bitmap Index Scan on sbtest8_pkey  (cost=0.00..34.70 rows=1027 width=0)
	              Index Cond: ((id >= 4658929) AND (id <= 4659928))

for: distinct_ranges
table 1 : explain SELECT DISTINCT c FROM sbtest1 WHERE id BETWEEN 252743 AND 253742 ORDER BY c
	Unique  (cost=4364.73..4370.30 rows=1114 width=121)
	  ->  Sort  (cost=4364.73..4367.51 rows=1114 width=121)
	        Sort Key: c
	        ->  Bitmap Heap Scan on sbtest1  (cost=35.85..4308.35 rows=1114 width=121)
	              Recheck Cond: ((id >= 252743) AND (id <= 253742))
	              ->  Bitmap Index Scan on sbtest1_pkey  (cost=0.00..35.58 rows=1114 width=0)
	                    Index Cond: ((id >= 252743) AND (id <= 253742))

table 2 : explain SELECT DISTINCT c FROM sbtest2 WHERE id BETWEEN 3463225 AND 3464224 ORDER BY c
	Unique  (cost=3982.20..3987.27 rows=1015 width=121)
	  ->  Sort  (cost=3982.20..3984.73 rows=1015 width=121)
	        Sort Key: c
	        ->  Bitmap Heap Scan on sbtest2  (cost=30.84..3931.51 rows=1015 width=121)
	              Recheck Cond: ((id >= 3463225) AND (id <= 3464224))
	              ->  Bitmap Index Scan on sbtest2_pkey  (cost=0.00..30.58 rows=1015 width=0)
	                    Index Cond: ((id >= 3463225) AND (id <= 3464224))

table 3 : explain SELECT DISTINCT c FROM sbtest3 WHERE id BETWEEN 9673582 AND 9674581 ORDER BY c
	Unique  (cost=3790.30..3795.12 rows=965 width=121)
	  ->  Sort  (cost=3790.30..3792.71 rows=965 width=121)
	        Sort Key: c
	        ->  Bitmap Heap Scan on sbtest3  (cost=30.33..3742.46 rows=965 width=121)
	              Recheck Cond: ((id >= 9673582) AND (id <= 9674581))
	              ->  Bitmap Index Scan on sbtest3_pkey  (cost=0.00..30.08 rows=965 width=0)
	                    Index Cond: ((id >= 9673582) AND (id <= 9674581))

table 4 : explain SELECT DISTINCT c FROM sbtest4 WHERE id BETWEEN 4656338 AND 4657337 ORDER BY c
	Unique  (cost=3667.98..3672.64 rows=933 width=121)
	  ->  Sort  (cost=3667.98..3670.31 rows=933 width=121)
	        Sort Key: c
	        ->  Bitmap Heap Scan on sbtest4  (cost=30.00..3621.95 rows=933 width=121)
	              Recheck Cond: ((id >= 4656338) AND (id <= 4657337))
	              ->  Bitmap Index Scan on sbtest4_pkey  (cost=0.00..29.76 rows=933 width=0)
	                    Index Cond: ((id >= 4656338) AND (id <= 4657337))

table 5 : explain SELECT DISTINCT c FROM sbtest5 WHERE id BETWEEN 6150581 AND 6151580 ORDER BY c
	Unique  (cost=4757.66..4763.75 rows=1218 width=121)
	  ->  Sort  (cost=4757.66..4760.70 rows=1218 width=121)
	        Sort Key: c
	        ->  Bitmap Heap Scan on sbtest5  (cost=36.92..4695.23 rows=1218 width=121)
	              Recheck Cond: ((id >= 6150581) AND (id <= 6151580))
	              ->  Bitmap Index Scan on sbtest5_pkey  (cost=0.00..36.62 rows=1218 width=0)
	                    Index Cond: ((id >= 6150581) AND (id <= 6151580))

table 6 : explain SELECT DISTINCT c FROM sbtest6 WHERE id BETWEEN 2190419 AND 2191418 ORDER BY c
	Unique  (cost=4096.87..4102.09 rows=1044 width=121)
	  ->  Sort  (cost=4096.87..4099.48 rows=1044 width=121)
	        Sort Key: c
	        ->  Bitmap Heap Scan on sbtest6  (cost=35.14..4044.53 rows=1044 width=121)
	              Recheck Cond: ((id >= 2190419) AND (id <= 2191418))
	              ->  Bitmap Index Scan on sbtest6_pkey  (cost=0.00..34.88 rows=1044 width=0)
	                    Index Cond: ((id >= 2190419) AND (id <= 2191418))

table 7 : explain SELECT DISTINCT c FROM sbtest7 WHERE id BETWEEN 6461631 AND 6462630 ORDER BY c
	Unique  (cost=3740.71..3745.47 rows=952 width=121)
	  ->  Sort  (cost=3740.71..3743.09 rows=952 width=121)
	        Sort Key: c
	        ->  Bitmap Heap Scan on sbtest7  (cost=30.19..3693.61 rows=952 width=121)
	              Recheck Cond: ((id >= 6461631) AND (id <= 6462630))
	              ->  Bitmap Index Scan on sbtest7_pkey  (cost=0.00..29.95 rows=952 width=0)
	                    Index Cond: ((id >= 6461631) AND (id <= 6462630))

table 8 : explain SELECT DISTINCT c FROM sbtest8 WHERE id BETWEEN 2137992 AND 2138991 ORDER BY c
	Unique  (cost=4192.88..4198.23 rows=1069 width=121)
	  ->  Sort  (cost=4192.88..4195.55 rows=1069 width=121)
	        Sort Key: c
	        ->  Bitmap Heap Scan on sbtest8  (cost=35.39..4139.10 rows=1069 width=121)
	              Recheck Cond: ((id >= 2137992) AND (id <= 2138991))
	              ->  Bitmap Index Scan on sbtest8_pkey  (cost=0.00..35.12 rows=1069 width=0)
	                    Index Cond: ((id >= 2137992) AND (id <= 2138991))

explain: for point_selects :: explain SELECT c FROM sbtest%u WHERE id=%u
for: distinct_ranges
table 1 : explain SELECT DISTINCT c FROM sbtest1 WHERE id BETWEEN 2753587 AND 2754586 ORDER BY c
	Unique  (cost=3801.98..3806.82 rows=968 width=121)
	  ->  Sort  (cost=3801.98..3804.40 rows=968 width=121)
	        Sort Key: c
	        ->  Bitmap Heap Scan on sbtest1  (cost=30.36..3753.98 rows=968 width=121)
	              Recheck Cond: ((id >= 2753587) AND (id <= 2754586))
	              ->  Bitmap Index Scan on sbtest1_pkey  (cost=0.00..30.11 rows=968 width=0)
	                    Index Cond: ((id >= 2753587) AND (id <= 2754586))

table 2 : explain SELECT DISTINCT c FROM sbtest2 WHERE id BETWEEN 9639375 AND 9640374 ORDER BY c
	Unique  (cost=3963.04..3968.09 rows=1010 width=121)
	  ->  Sort  (cost=3963.04..3965.57 rows=1010 width=121)
	        Sort Key: c
	        ->  Bitmap Heap Scan on sbtest2  (cost=30.79..3912.64 rows=1010 width=121)
	              Recheck Cond: ((id >= 9639375) AND (id <= 9640374))
	              ->  Bitmap Index Scan on sbtest2_pkey  (cost=0.00..30.54 rows=1010 width=0)
	                    Index Cond: ((id >= 9639375) AND (id <= 9640374))

table 3 : explain SELECT DISTINCT c FROM sbtest3 WHERE id BETWEEN 5665966 AND 5666965 ORDER BY c
	Unique  (cost=3985.76..3990.84 rows=1016 width=121)
	  ->  Sort  (cost=3985.76..3988.30 rows=1016 width=121)
	        Sort Key: c
	        ->  Bitmap Heap Scan on sbtest3  (cost=30.85..3935.02 rows=1016 width=121)
	              Recheck Cond: ((id >= 5665966) AND (id <= 5666965))
	              ->  Bitmap Index Scan on sbtest3_pkey  (cost=0.00..30.59 rows=1016 width=0)
	                    Index Cond: ((id >= 5665966) AND (id <= 5666965))

table 4 : explain SELECT DISTINCT c FROM sbtest4 WHERE id BETWEEN 6726568 AND 6727567 ORDER BY c
	Unique  (cost=3767.78..3772.58 rows=959 width=121)
	  ->  Sort  (cost=3767.78..3770.18 rows=959 width=121)
	        Sort Key: c
	        ->  Bitmap Heap Scan on sbtest4  (cost=30.26..3720.29 rows=959 width=121)
	              Recheck Cond: ((id >= 6726568) AND (id <= 6727567))
	              ->  Bitmap Index Scan on sbtest4_pkey  (cost=0.00..30.02 rows=959 width=0)
	                    Index Cond: ((id >= 6726568) AND (id <= 6727567))

table 5 : explain SELECT DISTINCT c FROM sbtest5 WHERE id BETWEEN 1824204 AND 1825203 ORDER BY c
	Unique  (cost=3775.21..3780.02 rows=961 width=121)
	  ->  Sort  (cost=3775.21..3777.62 rows=961 width=121)
	        Sort Key: c
	        ->  Bitmap Heap Scan on sbtest5  (cost=30.29..3727.60 rows=961 width=121)
	              Recheck Cond: ((id >= 1824204) AND (id <= 1825203))
	              ->  Bitmap Index Scan on sbtest5_pkey  (cost=0.00..30.04 rows=961 width=0)
	                    Index Cond: ((id >= 1824204) AND (id <= 1825203))

table 6 : explain SELECT DISTINCT c FROM sbtest6 WHERE id BETWEEN 4370507 AND 4371506 ORDER BY c
	Unique  (cost=3982.03..3987.10 rows=1014 width=121)
	  ->  Sort  (cost=3982.03..3984.57 rows=1014 width=121)
	        Sort Key: c
	        ->  Bitmap Heap Scan on sbtest6  (cost=34.83..3931.40 rows=1014 width=121)
	              Recheck Cond: ((id >= 4370507) AND (id <= 4371506))
	              ->  Bitmap Index Scan on sbtest6_pkey  (cost=0.00..34.58 rows=1014 width=0)
	                    Index Cond: ((id >= 4370507) AND (id <= 4371506))

table 7 : explain SELECT DISTINCT c FROM sbtest7 WHERE id BETWEEN 1579838 AND 1580837 ORDER BY c
	Unique  (cost=3782.92..3787.73 rows=963 width=121)
	  ->  Sort  (cost=3782.92..3785.32 rows=963 width=121)
	        Sort Key: c
	        ->  Bitmap Heap Scan on sbtest7  (cost=30.31..3735.19 rows=963 width=121)
	              Recheck Cond: ((id >= 1579838) AND (id <= 1580837))
	              ->  Bitmap Index Scan on sbtest7_pkey  (cost=0.00..30.07 rows=963 width=0)
	                    Index Cond: ((id >= 1579838) AND (id <= 1580837))

table 8 : explain SELECT DISTINCT c FROM sbtest8 WHERE id BETWEEN 4288778 AND 4289777 ORDER BY c
	Unique  (cost=4081.94..4087.14 rows=1040 width=121)
	  ->  Sort  (cost=4081.94..4084.54 rows=1040 width=121)
	        Sort Key: c
	        ->  Bitmap Heap Scan on sbtest8  (cost=35.09..4029.82 rows=1040 width=121)
	              Recheck Cond: ((id >= 4288778) AND (id <= 4289777))
	              ->  Bitmap Index Scan on sbtest8_pkey  (cost=0.00..34.84 rows=1040 width=0)
	                    Index Cond: ((id >= 4288778) AND (id <= 4289777))

for: distinct_ranges
table 1 : explain SELECT DISTINCT c FROM sbtest1 WHERE id BETWEEN 6641076 AND 6642075 ORDER BY c
	Unique  (cost=3859.50..3864.42 rows=983 width=121)
	  ->  Sort  (cost=3859.50..3861.96 rows=983 width=121)
	        Sort Key: c
	        ->  Bitmap Heap Scan on sbtest1  (cost=30.51..3810.64 rows=983 width=121)
	              Recheck Cond: ((id >= 6641076) AND (id <= 6642075))
	              ->  Bitmap Index Scan on sbtest1_pkey  (cost=0.00..30.26 rows=983 width=0)
	                    Index Cond: ((id >= 6641076) AND (id <= 6642075))

table 2 : explain SELECT DISTINCT c FROM sbtest2 WHERE id BETWEEN 3108848 AND 3109847 ORDER BY c
	Unique  (cost=3997.52..4002.61 rows=1019 width=121)
	  ->  Sort  (cost=3997.52..4000.06 rows=1019 width=121)
	        Sort Key: c
	        ->  Bitmap Heap Scan on sbtest2  (cost=30.88..3946.60 rows=1019 width=121)
	              Recheck Cond: ((id >= 3108848) AND (id <= 3109847))
	              ->  Bitmap Index Scan on sbtest2_pkey  (cost=0.00..30.62 rows=1019 width=0)
	                    Index Cond: ((id >= 3108848) AND (id <= 3109847))

table 3 : explain SELECT DISTINCT c FROM sbtest3 WHERE id BETWEEN 6160933 AND 6161932 ORDER BY c
	Unique  (cost=4031.71..4036.85 rows=1028 width=121)
	  ->  Sort  (cost=4031.71..4034.28 rows=1028 width=121)
	        Sort Key: c
	        ->  Bitmap Heap Scan on sbtest3  (cost=30.97..3980.28 rows=1028 width=121)
	              Recheck Cond: ((id >= 6160933) AND (id <= 6161932))
	              ->  Bitmap Index Scan on sbtest3_pkey  (cost=0.00..30.71 rows=1028 width=0)
	                    Index Cond: ((id >= 6160933) AND (id <= 6161932))

table 4 : explain SELECT DISTINCT c FROM sbtest4 WHERE id BETWEEN 2686492 AND 2687491 ORDER BY c
	Unique  (cost=3760.11..3764.90 rows=957 width=121)
	  ->  Sort  (cost=3760.11..3762.50 rows=957 width=121)
	        Sort Key: c
	        ->  Bitmap Heap Scan on sbtest4  (cost=30.24..3712.73 rows=957 width=121)
	              Recheck Cond: ((id >= 2686492) AND (id <= 2687491))
	              ->  Bitmap Index Scan on sbtest4_pkey  (cost=0.00..30.00 rows=957 width=0)
	                    Index Cond: ((id >= 2686492) AND (id <= 2687491))

table 5 : explain SELECT DISTINCT c FROM sbtest5 WHERE id BETWEEN 1566252 AND 1567251 ORDER BY c
	Unique  (cost=3901.75..3906.72 rows=994 width=121)
	  ->  Sort  (cost=3901.75..3904.24 rows=994 width=121)
	        Sort Key: c
	        ->  Bitmap Heap Scan on sbtest5  (cost=30.62..3852.27 rows=994 width=121)
	              Recheck Cond: ((id >= 1566252) AND (id <= 1567251))
	              ->  Bitmap Index Scan on sbtest5_pkey  (cost=0.00..30.37 rows=994 width=0)
	                    Index Cond: ((id >= 1566252) AND (id <= 1567251))

table 6 : explain SELECT DISTINCT c FROM sbtest6 WHERE id BETWEEN 7655852 AND 7656851 ORDER BY c
	Unique  (cost=4299.50..4304.98 rows=1097 width=121)
	  ->  Sort  (cost=4299.50..4302.24 rows=1097 width=121)
	        Sort Key: c
	        ->  Bitmap Heap Scan on sbtest6  (cost=35.68..4244.10 rows=1097 width=121)
	              Recheck Cond: ((id >= 7655852) AND (id <= 7656851))
	              ->  Bitmap Index Scan on sbtest6_pkey  (cost=0.00..35.41 rows=1097 width=0)
	                    Index Cond: ((id >= 7655852) AND (id <= 7656851))

table 7 : explain SELECT DISTINCT c FROM sbtest7 WHERE id BETWEEN 1849001 AND 1850000 ORDER BY c
	Unique  (cost=3621.68..3626.29 rows=921 width=121)
	  ->  Sort  (cost=3621.68..3623.98 rows=921 width=121)
	        Sort Key: c
	        ->  Bitmap Heap Scan on sbtest7  (cost=29.88..3576.34 rows=921 width=121)
	              Recheck Cond: ((id >= 1849001) AND (id <= 1850000))
	              ->  Bitmap Index Scan on sbtest7_pkey  (cost=0.00..29.64 rows=921 width=0)
	                    Index Cond: ((id >= 1849001) AND (id <= 1850000))

table 8 : explain SELECT DISTINCT c FROM sbtest8 WHERE id BETWEEN 981122 AND 982121 ORDER BY c
	Unique  (cost=3986.05..3991.13 rows=1016 width=121)
	  ->  Sort  (cost=3986.05..3988.59 rows=1016 width=121)
	        Sort Key: c
	        ->  Bitmap Heap Scan on sbtest8  (cost=30.85..3935.31 rows=1016 width=121)
	              Recheck Cond: ((id >= 981122) AND (id <= 982121))
	              ->  Bitmap Index Scan on sbtest8_pkey  (cost=0.00..30.59 rows=1016 width=0)
	                    Index Cond: ((id >= 981122) AND (id <= 982121))

for: distinct_ranges
table 1 : explain SELECT DISTINCT c FROM sbtest1 WHERE id BETWEEN 9874719 AND 9875718 ORDER BY c
	Unique  (cost=3974.46..3979.53 rows=1013 width=121)
	  ->  Sort  (cost=3974.46..3977.00 rows=1013 width=121)
	        Sort Key: c
	        ->  Bitmap Heap Scan on sbtest1  (cost=30.82..3923.89 rows=1013 width=121)
	              Recheck Cond: ((id >= 9874719) AND (id <= 9875718))
	              ->  Bitmap Index Scan on sbtest1_pkey  (cost=0.00..30.57 rows=1013 width=0)
	                    Index Cond: ((id >= 9874719) AND (id <= 9875718))

table 2 : explain SELECT DISTINCT c FROM sbtest2 WHERE id BETWEEN 2674748 AND 2675747 ORDER BY c
	Unique  (cost=4005.17..4010.28 rows=1021 width=121)
	  ->  Sort  (cost=4005.17..4007.73 rows=1021 width=121)
	        Sort Key: c
	        ->  Bitmap Heap Scan on sbtest2  (cost=30.90..3954.15 rows=1021 width=121)
	              Recheck Cond: ((id >= 2674748) AND (id <= 2675747))
	              ->  Bitmap Index Scan on sbtest2_pkey  (cost=0.00..30.64 rows=1021 width=0)
	                    Index Cond: ((id >= 2674748) AND (id <= 2675747))

table 3 : explain SELECT DISTINCT c FROM sbtest3 WHERE id BETWEEN 8495464 AND 8496463 ORDER BY c
	Unique  (cost=4077.64..4082.84 rows=1040 width=121)
	  ->  Sort  (cost=4077.64..4080.24 rows=1040 width=121)
	        Sort Key: c
	        ->  Bitmap Heap Scan on sbtest3  (cost=31.09..4025.52 rows=1040 width=121)
	              Recheck Cond: ((id >= 8495464) AND (id <= 8496463))
	              ->  Bitmap Index Scan on sbtest3_pkey  (cost=0.00..30.83 rows=1040 width=0)
	                    Index Cond: ((id >= 8495464) AND (id <= 8496463))

table 4 : explain SELECT DISTINCT c FROM sbtest4 WHERE id BETWEEN 7961141 AND 7962140 ORDER BY c
	Unique  (cost=3752.44..3757.21 rows=955 width=121)
	  ->  Sort  (cost=3752.44..3754.82 rows=955 width=121)
	        Sort Key: c
	        ->  Bitmap Heap Scan on sbtest4  (cost=30.22..3705.17 rows=955 width=121)
	              Recheck Cond: ((id >= 7961141) AND (id <= 7962140))
	              ->  Bitmap Index Scan on sbtest4_pkey  (cost=0.00..29.98 rows=955 width=0)
	                    Index Cond: ((id >= 7961141) AND (id <= 7962140))

table 5 : explain SELECT DISTINCT c FROM sbtest5 WHERE id BETWEEN 685056 AND 686055 ORDER BY c
	Unique  (cost=3848.09..3852.99 rows=980 width=121)
	  ->  Sort  (cost=3848.09..3850.54 rows=980 width=121)
	        Sort Key: c
	        ->  Bitmap Heap Scan on sbtest5  (cost=30.48..3799.40 rows=980 width=121)
	              Recheck Cond: ((id >= 685056) AND (id <= 686055))
	              ->  Bitmap Index Scan on sbtest5_pkey  (cost=0.00..30.23 rows=980 width=0)
	                    Index Cond: ((id >= 685056) AND (id <= 686055))

table 6 : explain SELECT DISTINCT c FROM sbtest6 WHERE id BETWEEN 7873239 AND 7874238 ORDER BY c
	Unique  (cost=3605.99..3610.57 rows=917 width=121)
	  ->  Sort  (cost=3605.99..3608.28 rows=917 width=121)
	        Sort Key: c
	        ->  Bitmap Heap Scan on sbtest6  (cost=29.83..3560.87 rows=917 width=121)
	              Recheck Cond: ((id >= 7873239) AND (id <= 7874238))
	              ->  Bitmap Index Scan on sbtest6_pkey  (cost=0.00..29.61 rows=917 width=0)
	                    Index Cond: ((id >= 7873239) AND (id <= 7874238))

table 7 : explain SELECT DISTINCT c FROM sbtest7 WHERE id BETWEEN 286451 AND 287450 ORDER BY c
	Unique  (cost=3894.12..3899.08 rows=992 width=121)
	  ->  Sort  (cost=3894.12..3896.60 rows=992 width=121)
	        Sort Key: c
	        ->  Bitmap Heap Scan on sbtest7  (cost=30.60..3844.75 rows=992 width=121)
	              Recheck Cond: ((id >= 286451) AND (id <= 287450))
	              ->  Bitmap Index Scan on sbtest7_pkey  (cost=0.00..30.36 rows=992 width=0)
	                    Index Cond: ((id >= 286451) AND (id <= 287450))

table 8 : explain SELECT DISTINCT c FROM sbtest8 WHERE id BETWEEN 9330444 AND 9331443 ORDER BY c
	Unique  (cost=3844.26..3849.16 rows=979 width=121)
	  ->  Sort  (cost=3844.26..3846.71 rows=979 width=121)
	        Sort Key: c
	        ->  Bitmap Heap Scan on sbtest8  (cost=30.47..3795.63 rows=979 width=121)
	              Recheck Cond: ((id >= 9330444) AND (id <= 9331443))
	              ->  Bitmap Index Scan on sbtest8_pkey  (cost=0.00..30.22 rows=979 width=0)
	                    Index Cond: ((id >= 9330444) AND (id <= 9331443))

for: order_ranges
table 1 : explain SELECT c FROM sbtest1 WHERE id BETWEEN 8352463 AND 8353462 ORDER BY c
	Sort  (cost=3844.17..3846.62 rows=979 width=121)
	  Sort Key: c
	  ->  Bitmap Heap Scan on sbtest1  (cost=30.47..3795.53 rows=979 width=121)
	        Recheck Cond: ((id >= 8352463) AND (id <= 8353462))
	        ->  Bitmap Index Scan on sbtest1_pkey  (cost=0.00..30.22 rows=979 width=0)
	              Index Cond: ((id >= 8352463) AND (id <= 8353462))

table 2 : explain SELECT c FROM sbtest2 WHERE id BETWEEN 4775252 AND 4776251 ORDER BY c
	Sort  (cost=3932.40..3934.90 rows=1002 width=121)
	  Sort Key: c
	  ->  Bitmap Heap Scan on sbtest2  (cost=30.71..3882.45 rows=1002 width=121)
	        Recheck Cond: ((id >= 4775252) AND (id <= 4776251))
	        ->  Bitmap Index Scan on sbtest2_pkey  (cost=0.00..30.45 rows=1002 width=0)
	              Index Cond: ((id >= 4775252) AND (id <= 4776251))

table 3 : explain SELECT c FROM sbtest3 WHERE id BETWEEN 9560493 AND 9561492 ORDER BY c
	Sort  (cost=3897.65..3900.13 rows=993 width=121)
	  Sort Key: c
	  ->  Bitmap Heap Scan on sbtest3  (cost=30.61..3848.22 rows=993 width=121)
	        Recheck Cond: ((id >= 9560493) AND (id <= 9561492))
	        ->  Bitmap Index Scan on sbtest3_pkey  (cost=0.00..30.36 rows=993 width=0)
	              Index Cond: ((id >= 9560493) AND (id <= 9561492))

table 4 : explain SELECT c FROM sbtest4 WHERE id BETWEEN 3379950 AND 3380949 ORDER BY c
	Sort  (cost=3660.30..3662.62 rows=931 width=121)
	  Sort Key: c
	  ->  Bitmap Heap Scan on sbtest4  (cost=29.98..3614.39 rows=931 width=121)
	        Recheck Cond: ((id >= 3379950) AND (id <= 3380949))
	        ->  Bitmap Index Scan on sbtest4_pkey  (cost=0.00..29.75 rows=931 width=0)
	              Index Cond: ((id >= 3379950) AND (id <= 3380949))

table 5 : explain SELECT c FROM sbtest5 WHERE id BETWEEN 7195030 AND 7196029 ORDER BY c
	Sort  (cost=3836.58..3839.02 rows=977 width=121)
	  Sort Key: c
	  ->  Bitmap Heap Scan on sbtest5  (cost=30.45..3788.06 rows=977 width=121)
	        Recheck Cond: ((id >= 7195030) AND (id <= 7196029))
	        ->  Bitmap Index Scan on sbtest5_pkey  (cost=0.00..30.20 rows=977 width=0)
	              Index Cond: ((id >= 7195030) AND (id <= 7196029))

table 6 : explain SELECT c FROM sbtest6 WHERE id BETWEEN 148333 AND 149332 ORDER BY c
	Sort  (cost=4104.52..4107.14 rows=1046 width=121)
	  Sort Key: c
	  ->  Bitmap Heap Scan on sbtest6  (cost=35.16..4052.06 rows=1046 width=121)
	        Recheck Cond: ((id >= 148333) AND (id <= 149332))
	        ->  Bitmap Index Scan on sbtest6_pkey  (cost=0.00..34.90 rows=1046 width=0)
	              Index Cond: ((id >= 148333) AND (id <= 149332))

table 7 : explain SELECT c FROM sbtest7 WHERE id BETWEEN 1118028 AND 1119027 ORDER BY c
	Sort  (cost=3805.93..3808.35 rows=969 width=121)
	  Sort Key: c
	  ->  Bitmap Heap Scan on sbtest7  (cost=30.37..3757.87 rows=969 width=121)
	        Recheck Cond: ((id >= 1118028) AND (id <= 1119027))
	        ->  Bitmap Index Scan on sbtest7_pkey  (cost=0.00..30.12 rows=969 width=0)
	              Index Cond: ((id >= 1118028) AND (id <= 1119027))

table 8 : explain SELECT c FROM sbtest8 WHERE id BETWEEN 5899496 AND 5900495 ORDER BY c
	Sort  (cost=3993.71..3996.26 rows=1018 width=121)
	  Sort Key: c
	  ->  Bitmap Heap Scan on sbtest8  (cost=30.87..3942.86 rows=1018 width=121)
	        Recheck Cond: ((id >= 5899496) AND (id <= 5900495))
	        ->  Bitmap Index Scan on sbtest8_pkey  (cost=0.00..30.61 rows=1018 width=0)
	              Index Cond: ((id >= 5899496) AND (id <= 5900495))

for: order_ranges
table 1 : explain SELECT c FROM sbtest1 WHERE id BETWEEN 3253187 AND 3254186 ORDER BY c
	Sort  (cost=4058.70..4061.29 rows=1035 width=121)
	  Sort Key: c
	  ->  Bitmap Heap Scan on sbtest1  (cost=31.04..4006.87 rows=1035 width=121)
	        Recheck Cond: ((id >= 3253187) AND (id <= 3254186))
	        ->  Bitmap Index Scan on sbtest1_pkey  (cost=0.00..30.79 rows=1035 width=0)
	              Index Cond: ((id >= 3253187) AND (id <= 3254186))

table 2 : explain SELECT c FROM sbtest2 WHERE id BETWEEN 9148982 AND 9149981 ORDER BY c
	Sort  (cost=4066.60..4069.19 rows=1036 width=121)
	  Sort Key: c
	  ->  Bitmap Heap Scan on sbtest2  (cost=35.05..4014.72 rows=1036 width=121)
	        Recheck Cond: ((id >= 9148982) AND (id <= 9149981))
	        ->  Bitmap Index Scan on sbtest2_pkey  (cost=0.00..34.80 rows=1036 width=0)
	              Index Cond: ((id >= 9148982) AND (id <= 9149981))

table 3 : explain SELECT c FROM sbtest3 WHERE id BETWEEN 7809240 AND 7810239 ORDER BY c
	Sort  (cost=4356.87..4359.65 rows=1112 width=121)
	  Sort Key: c
	  ->  Bitmap Heap Scan on sbtest3  (cost=35.83..4300.61 rows=1112 width=121)
	        Recheck Cond: ((id >= 7809240) AND (id <= 7810239))
	        ->  Bitmap Index Scan on sbtest3_pkey  (cost=0.00..35.56 rows=1112 width=0)
	              Index Cond: ((id >= 7809240) AND (id <= 7810239))

table 4 : explain SELECT c FROM sbtest4 WHERE id BETWEEN 4956962 AND 4957961 ORDER BY c
	Sort  (cost=3725.57..3727.94 rows=948 width=121)
	  Sort Key: c
	  ->  Bitmap Heap Scan on sbtest4  (cost=30.15..3678.70 rows=948 width=121)
	        Recheck Cond: ((id >= 4956962) AND (id <= 4957961))
	        ->  Bitmap Index Scan on sbtest4_pkey  (cost=0.00..29.91 rows=948 width=0)
	              Index Cond: ((id >= 4956962) AND (id <= 4957961))

table 5 : explain SELECT c FROM sbtest5 WHERE id BETWEEN 4982679 AND 4983678 ORDER BY c
	Sort  (cost=4445.00..4447.84 rows=1135 width=121)
	  Sort Key: c
	  ->  Bitmap Heap Scan on sbtest5  (cost=36.07..4387.40 rows=1135 width=121)
	        Recheck Cond: ((id >= 4982679) AND (id <= 4983678))
	        ->  Bitmap Index Scan on sbtest5_pkey  (cost=0.00..35.79 rows=1135 width=0)
	              Index Cond: ((id >= 4982679) AND (id <= 4983678))

table 6 : explain SELECT c FROM sbtest6 WHERE id BETWEEN 9253357 AND 9254356 ORDER BY c
	Sort  (cost=4158.08..4160.73 rows=1060 width=121)
	  Sort Key: c
	  ->  Bitmap Heap Scan on sbtest6  (cost=35.30..4104.81 rows=1060 width=121)
	        Recheck Cond: ((id >= 9253357) AND (id <= 9254356))
	        ->  Bitmap Index Scan on sbtest6_pkey  (cost=0.00..35.04 rows=1060 width=0)
	              Index Cond: ((id >= 9253357) AND (id <= 9254356))

table 7 : explain SELECT c FROM sbtest7 WHERE id BETWEEN 9759496 AND 9760495 ORDER BY c
	Sort  (cost=3878.79..3881.26 rows=988 width=121)
	  Sort Key: c
	  ->  Bitmap Heap Scan on sbtest7  (cost=30.56..3829.64 rows=988 width=121)
	        Recheck Cond: ((id >= 9759496) AND (id <= 9760495))
	        ->  Bitmap Index Scan on sbtest7_pkey  (cost=0.00..30.32 rows=988 width=0)
	              Index Cond: ((id >= 9759496) AND (id <= 9760495))

table 8 : explain SELECT c FROM sbtest8 WHERE id BETWEEN 813571 AND 814570 ORDER BY c
	Sort  (cost=4051.32..4053.90 rows=1032 width=121)
	  Sort Key: c
	  ->  Bitmap Heap Scan on sbtest8  (cost=35.01..3999.66 rows=1032 width=121)
	        Recheck Cond: ((id >= 813571) AND (id <= 814570))
	        ->  Bitmap Index Scan on sbtest8_pkey  (cost=0.00..34.76 rows=1032 width=0)
	              Index Cond: ((id >= 813571) AND (id <= 814570))

for: order_ranges
table 1 : explain SELECT c FROM sbtest1 WHERE id BETWEEN 4744472 AND 4745471 ORDER BY c
	Sort  (cost=3606.21..3608.50 rows=917 width=121)
	  Sort Key: c
	  ->  Bitmap Heap Scan on sbtest1  (cost=29.83..3561.09 rows=917 width=121)
	        Recheck Cond: ((id >= 4744472) AND (id <= 4745471))
	        ->  Bitmap Index Scan on sbtest1_pkey  (cost=0.00..29.61 rows=917 width=0)
	              Index Cond: ((id >= 4744472) AND (id <= 4745471))

table 2 : explain SELECT c FROM sbtest2 WHERE id BETWEEN 282445 AND 283444 ORDER BY c
	Sort  (cost=4162.26..4164.91 rows=1061 width=121)
	  Sort Key: c
	  ->  Bitmap Heap Scan on sbtest2  (cost=35.31..4108.94 rows=1061 width=121)
	        Recheck Cond: ((id >= 282445) AND (id <= 283444))
	        ->  Bitmap Index Scan on sbtest2_pkey  (cost=0.00..35.05 rows=1061 width=0)
	              Index Cond: ((id >= 282445) AND (id <= 283444))

table 3 : explain SELECT c FROM sbtest3 WHERE id BETWEEN 1709602 AND 1710601 ORDER BY c
	Sort  (cost=3905.31..3907.80 rows=995 width=121)
	  Sort Key: c
	  ->  Bitmap Heap Scan on sbtest3  (cost=30.63..3855.77 rows=995 width=121)
	        Recheck Cond: ((id >= 1709602) AND (id <= 1710601))
	        ->  Bitmap Index Scan on sbtest3_pkey  (cost=0.00..30.39 rows=995 width=0)
	              Index Cond: ((id >= 1709602) AND (id <= 1710601))

table 4 : explain SELECT c FROM sbtest4 WHERE id BETWEEN 4416987 AND 4417986 ORDER BY c
	Sort  (cost=3809.99..3812.41 rows=970 width=121)
	  Sort Key: c
	  ->  Bitmap Heap Scan on sbtest4  (cost=30.38..3761.87 rows=970 width=121)
	        Recheck Cond: ((id >= 4416987) AND (id <= 4417986))
	        ->  Bitmap Index Scan on sbtest4_pkey  (cost=0.00..30.14 rows=970 width=0)
	              Index Cond: ((id >= 4416987) AND (id <= 4417986))

table 5 : explain SELECT c FROM sbtest5 WHERE id BETWEEN 3228379 AND 3229378 ORDER BY c
	Sort  (cost=4043.48..4046.06 rows=1031 width=121)
	  Sort Key: c
	  ->  Bitmap Heap Scan on sbtest5  (cost=31.00..3991.88 rows=1031 width=121)
	        Recheck Cond: ((id >= 3228379) AND (id <= 3229378))
	        ->  Bitmap Index Scan on sbtest5_pkey  (cost=0.00..30.75 rows=1031 width=0)
	              Index Cond: ((id >= 3228379) AND (id <= 3229378))

table 6 : explain SELECT c FROM sbtest6 WHERE id BETWEEN 6390877 AND 6391876 ORDER BY c
	Sort  (cost=3989.69..3992.23 rows=1016 width=121)
	  Sort Key: c
	  ->  Bitmap Heap Scan on sbtest6  (cost=34.85..3938.95 rows=1016 width=121)
	        Recheck Cond: ((id >= 6390877) AND (id <= 6391876))
	        ->  Bitmap Index Scan on sbtest6_pkey  (cost=0.00..34.59 rows=1016 width=0)
	              Index Cond: ((id >= 6390877) AND (id <= 6391876))

table 7 : explain SELECT c FROM sbtest7 WHERE id BETWEEN 7217759 AND 7218758 ORDER BY c
	Sort  (cost=3794.42..3796.84 rows=966 width=121)
	  Sort Key: c
	  ->  Bitmap Heap Scan on sbtest7  (cost=30.34..3746.53 rows=966 width=121)
	        Recheck Cond: ((id >= 7217759) AND (id <= 7218758))
	        ->  Bitmap Index Scan on sbtest7_pkey  (cost=0.00..30.09 rows=966 width=0)
	              Index Cond: ((id >= 7217759) AND (id <= 7218758))

table 8 : explain SELECT c FROM sbtest8 WHERE id BETWEEN 2115555 AND 2116554 ORDER BY c
	Sort  (cost=4192.88..4195.55 rows=1069 width=121)
	  Sort Key: c
	  ->  Bitmap Heap Scan on sbtest8  (cost=35.39..4139.10 rows=1069 width=121)
	        Recheck Cond: ((id >= 2115555) AND (id <= 2116554))
	        ->  Bitmap Index Scan on sbtest8_pkey  (cost=0.00..35.12 rows=1069 width=0)
	              Index Cond: ((id >= 2115555) AND (id <= 2116554))

for: order_ranges
table 1 : explain SELECT c FROM sbtest1 WHERE id BETWEEN 9512694 AND 9513693 ORDER BY c
	Sort  (cost=3813.49..3815.92 rows=971 width=121)
	  Sort Key: c
	  ->  Bitmap Heap Scan on sbtest1  (cost=30.39..3765.31 rows=971 width=121)
	        Recheck Cond: ((id >= 9512694) AND (id <= 9513693))
	        ->  Bitmap Index Scan on sbtest1_pkey  (cost=0.00..30.14 rows=971 width=0)
	              Index Cond: ((id >= 9512694) AND (id <= 9513693))

table 2 : explain SELECT c FROM sbtest2 WHERE id BETWEEN 1702948 AND 1703947 ORDER BY c
	Sort  (cost=3871.07..3873.54 rows=986 width=121)
	  Sort Key: c
	  ->  Bitmap Heap Scan on sbtest2  (cost=30.54..3822.04 rows=986 width=121)
	        Recheck Cond: ((id >= 1702948) AND (id <= 1703947))
	        ->  Bitmap Index Scan on sbtest2_pkey  (cost=0.00..30.29 rows=986 width=0)
	              Index Cond: ((id >= 1702948) AND (id <= 1703947))

table 3 : explain SELECT c FROM sbtest3 WHERE id BETWEEN 1485030 AND 1486029 ORDER BY c
	Sort  (cost=4119.90..4122.53 rows=1050 width=121)
	  Sort Key: c
	  ->  Bitmap Heap Scan on sbtest3  (cost=35.20..4067.21 rows=1050 width=121)
	        Recheck Cond: ((id >= 1485030) AND (id <= 1486029))
	        ->  Bitmap Index Scan on sbtest3_pkey  (cost=0.00..34.94 rows=1050 width=0)
	              Index Cond: ((id >= 1485030) AND (id <= 1486029))

table 4 : explain SELECT c FROM sbtest4 WHERE id BETWEEN 7464083 AND 7465082 ORDER BY c
	Sort  (cost=4059.07..4061.65 rows=1035 width=121)
	  Sort Key: c
	  ->  Bitmap Heap Scan on sbtest4  (cost=31.04..4007.24 rows=1035 width=121)
	        Recheck Cond: ((id >= 7464083) AND (id <= 7465082))
	        ->  Bitmap Index Scan on sbtest4_pkey  (cost=0.00..30.79 rows=1035 width=0)
	              Index Cond: ((id >= 7464083) AND (id <= 7465082))

table 5 : explain SELECT c FROM sbtest5 WHERE id BETWEEN 9294552 AND 9295551 ORDER BY c
	Sort  (cost=3959.23..3961.75 rows=1009 width=121)
	  Sort Key: c
	  ->  Bitmap Heap Scan on sbtest5  (cost=30.78..3908.89 rows=1009 width=121)
	        Recheck Cond: ((id >= 9294552) AND (id <= 9295551))
	        ->  Bitmap Index Scan on sbtest5_pkey  (cost=0.00..30.52 rows=1009 width=0)
	              Index Cond: ((id >= 9294552) AND (id <= 9295551))

table 6 : explain SELECT c FROM sbtest6 WHERE id BETWEEN 4911345 AND 4912344 ORDER BY c
	Sort  (cost=3836.25..3838.69 rows=977 width=121)
	  Sort Key: c
	  ->  Bitmap Heap Scan on sbtest6  (cost=30.45..3787.73 rows=977 width=121)
	        Recheck Cond: ((id >= 4911345) AND (id <= 4912344))
	        ->  Bitmap Index Scan on sbtest6_pkey  (cost=0.00..30.20 rows=977 width=0)
	              Index Cond: ((id >= 4911345) AND (id <= 4912344))

table 7 : explain SELECT c FROM sbtest7 WHERE id BETWEEN 2429552 AND 2430551 ORDER BY c
	Sort  (cost=3652.41..3654.73 rows=929 width=121)
	  Sort Key: c
	  ->  Bitmap Heap Scan on sbtest7  (cost=29.96..3606.61 rows=929 width=121)
	        Recheck Cond: ((id >= 2429552) AND (id <= 2430551))
	        ->  Bitmap Index Scan on sbtest7_pkey  (cost=0.00..29.72 rows=929 width=0)
	              Index Cond: ((id >= 2429552) AND (id <= 2430551))

table 8 : explain SELECT c FROM sbtest8 WHERE id BETWEEN 4565243 AND 4566242 ORDER BY c
	Sort  (cost=3809.75..3812.17 rows=970 width=121)
	  Sort Key: c
	  ->  Bitmap Heap Scan on sbtest8  (cost=30.38..3761.63 rows=970 width=121)
	        Recheck Cond: ((id >= 4565243) AND (id <= 4566242))
	        ->  Bitmap Index Scan on sbtest8_pkey  (cost=0.00..30.14 rows=970 width=0)
	              Index Cond: ((id >= 4565243) AND (id <= 4566242))

for: order_ranges
table 1 : explain SELECT c FROM sbtest1 WHERE id BETWEEN 2083806 AND 2084805 ORDER BY c
	Sort  (cost=3479.37..3481.58 rows=884 width=121)
	  Sort Key: c
	  ->  Bitmap Heap Scan on sbtest1  (cost=29.50..3436.10 rows=884 width=121)
	        Recheck Cond: ((id >= 2083806) AND (id <= 2084805))
	        ->  Bitmap Index Scan on sbtest1_pkey  (cost=0.00..29.27 rows=884 width=0)
	              Index Cond: ((id >= 2083806) AND (id <= 2084805))

table 2 : explain SELECT c FROM sbtest2 WHERE id BETWEEN 7092649 AND 7093648 ORDER BY c
	Sort  (cost=4089.57..4092.17 rows=1042 width=121)
	  Sort Key: c
	  ->  Bitmap Heap Scan on sbtest2  (cost=35.12..4037.34 rows=1042 width=121)
	        Recheck Cond: ((id >= 7092649) AND (id <= 7093648))
	        ->  Bitmap Index Scan on sbtest2_pkey  (cost=0.00..34.86 rows=1042 width=0)
	              Index Cond: ((id >= 7092649) AND (id <= 7093648))

table 3 : explain SELECT c FROM sbtest3 WHERE id BETWEEN 3014349 AND 3015348 ORDER BY c
	Sort  (cost=4123.73..4126.35 rows=1051 width=121)
	  Sort Key: c
	  ->  Bitmap Heap Scan on sbtest3  (cost=35.21..4070.98 rows=1051 width=121)
	        Recheck Cond: ((id >= 3014349) AND (id <= 3015348))
	        ->  Bitmap Index Scan on sbtest3_pkey  (cost=0.00..34.95 rows=1051 width=0)
	              Index Cond: ((id >= 3014349) AND (id <= 3015348))

table 4 : explain SELECT c FROM sbtest4 WHERE id BETWEEN 843353 AND 844352 ORDER BY c
	Sort  (cost=3660.30..3662.62 rows=931 width=121)
	  Sort Key: c
	  ->  Bitmap Heap Scan on sbtest4  (cost=29.98..3614.39 rows=931 width=121)
	        Recheck Cond: ((id >= 843353) AND (id <= 844352))
	        ->  Bitmap Index Scan on sbtest4_pkey  (cost=0.00..29.75 rows=931 width=0)
	              Index Cond: ((id >= 843353) AND (id <= 844352))

table 5 : explain SELECT c FROM sbtest5 WHERE id BETWEEN 6925440 AND 6926439 ORDER BY c
	Sort  (cost=4357.19..4359.97 rows=1112 width=121)
	  Sort Key: c
	  ->  Bitmap Heap Scan on sbtest5  (cost=35.83..4300.93 rows=1112 width=121)
	        Recheck Cond: ((id >= 6925440) AND (id <= 6926439))
	        ->  Bitmap Index Scan on sbtest5_pkey  (cost=0.00..35.56 rows=1112 width=0)
	              Index Cond: ((id >= 6925440) AND (id <= 6926439))

table 6 : explain SELECT c FROM sbtest6 WHERE id BETWEEN 8811911 AND 8812910 ORDER BY c
	Sort  (cost=3744.20..3746.58 rows=953 width=121)
	  Sort Key: c
	  ->  Bitmap Heap Scan on sbtest6  (cost=30.20..3697.04 rows=953 width=121)
	        Recheck Cond: ((id >= 8811911) AND (id <= 8812910))
	        ->  Bitmap Index Scan on sbtest6_pkey  (cost=0.00..29.96 rows=953 width=0)
	              Index Cond: ((id >= 8811911) AND (id <= 8812910))

table 7 : explain SELECT c FROM sbtest7 WHERE id BETWEEN 9569616 AND 9570615 ORDER BY c
	Sort  (cost=3917.11..3919.61 rows=998 width=121)
	  Sort Key: c
	  ->  Bitmap Heap Scan on sbtest7  (cost=30.66..3867.40 rows=998 width=121)
	        Recheck Cond: ((id >= 9569616) AND (id <= 9570615))
	        ->  Bitmap Index Scan on sbtest7_pkey  (cost=0.00..30.41 rows=998 width=0)
	              Index Cond: ((id >= 9569616) AND (id <= 9570615))

table 8 : explain SELECT c FROM sbtest8 WHERE id BETWEEN 8405825 AND 8406824 ORDER BY c
	Sort  (cost=4036.00..4038.57 rows=1028 width=121)
	  Sort Key: c
	  ->  Bitmap Heap Scan on sbtest8  (cost=34.97..3984.58 rows=1028 width=121)
	        Recheck Cond: ((id >= 8405825) AND (id <= 8406824))
	        ->  Bitmap Index Scan on sbtest8_pkey  (cost=0.00..34.72 rows=1028 width=0)
	              Index Cond: ((id >= 8405825) AND (id <= 8406824))

for: distinct_ranges
table 1 : explain SELECT DISTINCT c FROM sbtest1 WHERE id BETWEEN 9088176 AND 9089175 ORDER BY c
	Unique  (cost=3771.30..3776.10 rows=960 width=121)
	  ->  Sort  (cost=3771.30..3773.70 rows=960 width=121)
	        Sort Key: c
	        ->  Bitmap Heap Scan on sbtest1  (cost=30.27..3723.74 rows=960 width=121)
	              Recheck Cond: ((id >= 9088176) AND (id <= 9089175))
	              ->  Bitmap Index Scan on sbtest1_pkey  (cost=0.00..30.04 rows=960 width=0)
	                    Index Cond: ((id >= 9088176) AND (id <= 9089175))

table 2 : explain SELECT DISTINCT c FROM sbtest2 WHERE id BETWEEN 4011033 AND 4012032 ORDER BY c
	Unique  (cost=3832.73..3837.61 rows=976 width=121)
	  ->  Sort  (cost=3832.73..3835.17 rows=976 width=121)
	        Sort Key: c
	        ->  Bitmap Heap Scan on sbtest2  (cost=30.44..3784.27 rows=976 width=121)
	              Recheck Cond: ((id >= 4011033) AND (id <= 4012032))
	              ->  Bitmap Index Scan on sbtest2_pkey  (cost=0.00..30.19 rows=976 width=0)
	                    Index Cond: ((id >= 4011033) AND (id <= 4012032))

table 3 : explain SELECT DISTINCT c FROM sbtest3 WHERE id BETWEEN 6347968 AND 6348967 ORDER BY c
	Unique  (cost=3778.79..3783.60 rows=962 width=121)
	  ->  Sort  (cost=3778.79..3781.20 rows=962 width=121)
	        Sort Key: c
	        ->  Bitmap Heap Scan on sbtest3  (cost=30.30..3731.12 rows=962 width=121)
	              Recheck Cond: ((id >= 6347968) AND (id <= 6348967))
	              ->  Bitmap Index Scan on sbtest3_pkey  (cost=0.00..30.05 rows=962 width=0)
	                    Index Cond: ((id >= 6347968) AND (id <= 6348967))

table 4 : explain SELECT DISTINCT c FROM sbtest4 WHERE id BETWEEN 2869650 AND 2870649 ORDER BY c
	Unique  (cost=3859.84..3864.76 rows=983 width=121)
	  ->  Sort  (cost=3859.84..3862.30 rows=983 width=121)
	        Sort Key: c
	        ->  Bitmap Heap Scan on sbtest4  (cost=30.51..3810.98 rows=983 width=121)
	              Recheck Cond: ((id >= 2869650) AND (id <= 2870649))
	              ->  Bitmap Index Scan on sbtest4_pkey  (cost=0.00..30.26 rows=983 width=0)
	                    Index Cond: ((id >= 2869650) AND (id <= 2870649))

table 5 : explain SELECT DISTINCT c FROM sbtest5 WHERE id BETWEEN 963154 AND 964153 ORDER BY c
	Unique  (cost=4150.80..4156.09 rows=1058 width=121)
	  ->  Sort  (cost=4150.80..4153.44 rows=1058 width=121)
	        Sort Key: c
	        ->  Bitmap Heap Scan on sbtest5  (cost=35.28..4097.65 rows=1058 width=121)
	              Recheck Cond: ((id >= 963154) AND (id <= 964153))
	              ->  Bitmap Index Scan on sbtest5_pkey  (cost=0.00..35.02 rows=1058 width=0)
	                    Index Cond: ((id >= 963154) AND (id <= 964153))

table 6 : explain SELECT DISTINCT c FROM sbtest6 WHERE id BETWEEN 7018348 AND 7019347 ORDER BY c
	Unique  (cost=3575.25..3579.80 rows=909 width=121)
	  ->  Sort  (cost=3575.25..3577.52 rows=909 width=121)
	        Sort Key: c
	        ->  Bitmap Heap Scan on sbtest6  (cost=29.75..3530.58 rows=909 width=121)
	              Recheck Cond: ((id >= 7018348) AND (id <= 7019347))
	              ->  Bitmap Index Scan on sbtest6_pkey  (cost=0.00..29.52 rows=909 width=0)
	                    Index Cond: ((id >= 7018348) AND (id <= 7019347))

table 7 : explain SELECT DISTINCT c FROM sbtest7 WHERE id BETWEEN 5166735 AND 5167734 ORDER BY c
	Unique  (cost=4284.64..4290.11 rows=1093 width=121)
	  ->  Sort  (cost=4284.64..4287.38 rows=1093 width=121)
	        Sort Key: c
	        ->  Bitmap Heap Scan on sbtest7  (cost=35.64..4229.48 rows=1093 width=121)
	              Recheck Cond: ((id >= 5166735) AND (id <= 5167734))
	              ->  Bitmap Index Scan on sbtest7_pkey  (cost=0.00..35.37 rows=1093 width=0)
	                    Index Cond: ((id >= 5166735) AND (id <= 5167734))

table 8 : explain SELECT DISTINCT c FROM sbtest8 WHERE id BETWEEN 4692126 AND 4693125 ORDER BY c
	Unique  (cost=4032.18..4037.31 rows=1027 width=121)
	  ->  Sort  (cost=4032.18..4034.74 rows=1027 width=121)
	        Sort Key: c
	        ->  Bitmap Heap Scan on sbtest8  (cost=34.96..3980.80 rows=1027 width=121)
	              Recheck Cond: ((id >= 4692126) AND (id <= 4693125))
	              ->  Bitmap Index Scan on sbtest8_pkey  (cost=0.00..34.70 rows=1027 width=0)
	                    Index Cond: ((id >= 4692126) AND (id <= 4693125))

for: distinct_ranges
table 1 : explain SELECT DISTINCT c FROM sbtest1 WHERE id BETWEEN 5584545 AND 5585544 ORDER BY c
	Unique  (cost=4028.08..4033.21 rows=1027 width=121)
	  ->  Sort  (cost=4028.08..4030.64 rows=1027 width=121)
	        Sort Key: c
	        ->  Bitmap Heap Scan on sbtest1  (cost=30.96..3976.70 rows=1027 width=121)
	              Recheck Cond: ((id >= 5584545) AND (id <= 5585544))
	              ->  Bitmap Index Scan on sbtest1_pkey  (cost=0.00..30.70 rows=1027 width=0)
	                    Index Cond: ((id >= 5584545) AND (id <= 5585544))

table 2 : explain SELECT DISTINCT c FROM sbtest2 WHERE id BETWEEN 8797132 AND 8798131 ORDER BY c
	Unique  (cost=3874.91..3879.84 rows=987 width=121)
	  ->  Sort  (cost=3874.91..3877.37 rows=987 width=121)
	        Sort Key: c
	        ->  Bitmap Heap Scan on sbtest2  (cost=30.55..3825.82 rows=987 width=121)
	              Recheck Cond: ((id >= 8797132) AND (id <= 8798131))
	              ->  Bitmap Index Scan on sbtest2_pkey  (cost=0.00..30.30 rows=987 width=0)
	                    Index Cond: ((id >= 8797132) AND (id <= 8798131))

table 3 : explain SELECT DISTINCT c FROM sbtest3 WHERE id BETWEEN 1974252 AND 1975251 ORDER BY c
	Unique  (cost=3897.65..3902.61 rows=993 width=121)
	  ->  Sort  (cost=3897.65..3900.13 rows=993 width=121)
	        Sort Key: c
	        ->  Bitmap Heap Scan on sbtest3  (cost=30.61..3848.22 rows=993 width=121)
	              Recheck Cond: ((id >= 1974252) AND (id <= 1975251))
	              ->  Bitmap Index Scan on sbtest3_pkey  (cost=0.00..30.36 rows=993 width=0)
	                    Index Cond: ((id >= 1974252) AND (id <= 1975251))

table 4 : explain SELECT DISTINCT c FROM sbtest4 WHERE id BETWEEN 7501556 AND 7502555 ORDER BY c
	Unique  (cost=4047.58..4052.74 rows=1032 width=121)
	  ->  Sort  (cost=4047.58..4050.16 rows=1032 width=121)
	        Sort Key: c
	        ->  Bitmap Heap Scan on sbtest4  (cost=31.01..3995.92 rows=1032 width=121)
	              Recheck Cond: ((id >= 7501556) AND (id <= 7502555))
	              ->  Bitmap Index Scan on sbtest4_pkey  (cost=0.00..30.75 rows=1032 width=0)
	                    Index Cond: ((id >= 7501556) AND (id <= 7502555))

table 5 : explain SELECT DISTINCT c FROM sbtest5 WHERE id BETWEEN 938568 AND 939567 ORDER BY c
	Unique  (cost=4150.80..4156.09 rows=1058 width=121)
	  ->  Sort  (cost=4150.80..4153.44 rows=1058 width=121)
	        Sort Key: c
	        ->  Bitmap Heap Scan on sbtest5  (cost=35.28..4097.65 rows=1058 width=121)
	              Recheck Cond: ((id >= 938568) AND (id <= 939567))
	              ->  Bitmap Index Scan on sbtest5_pkey  (cost=0.00..35.02 rows=1058 width=0)
	                    Index Cond: ((id >= 938568) AND (id <= 939567))

table 6 : explain SELECT DISTINCT c FROM sbtest6 WHERE id BETWEEN 7872387 AND 7873386 ORDER BY c
	Unique  (cost=3605.99..3610.57 rows=917 width=121)
	  ->  Sort  (cost=3605.99..3608.28 rows=917 width=121)
	        Sort Key: c
	        ->  Bitmap Heap Scan on sbtest6  (cost=29.83..3560.87 rows=917 width=121)
	              Recheck Cond: ((id >= 7872387) AND (id <= 7873386))
	              ->  Bitmap Index Scan on sbtest6_pkey  (cost=0.00..29.61 rows=917 width=0)
	                    Index Cond: ((id >= 7872387) AND (id <= 7873386))

table 7 : explain SELECT DISTINCT c FROM sbtest7 WHERE id BETWEEN 8031799 AND 8032798 ORDER BY c
	Unique  (cost=3771.41..3776.21 rows=960 width=121)
	  ->  Sort  (cost=3771.41..3773.81 rows=960 width=121)
	        Sort Key: c
	        ->  Bitmap Heap Scan on sbtest7  (cost=30.27..3723.85 rows=960 width=121)
	              Recheck Cond: ((id >= 8031799) AND (id <= 8032798))
	              ->  Bitmap Index Scan on sbtest7_pkey  (cost=0.00..30.04 rows=960 width=0)
	                    Index Cond: ((id >= 8031799) AND (id <= 8032798))

table 8 : explain SELECT DISTINCT c FROM sbtest8 WHERE id BETWEEN 4496581 AND 4497580 ORDER BY c
	Unique  (cost=3886.43..3891.38 rows=990 width=121)
	  ->  Sort  (cost=3886.43..3888.91 rows=990 width=121)
	        Sort Key: c
	        ->  Bitmap Heap Scan on sbtest8  (cost=30.58..3837.17 rows=990 width=121)
	              Recheck Cond: ((id >= 4496581) AND (id <= 4497580))
	              ->  Bitmap Index Scan on sbtest8_pkey  (cost=0.00..30.33 rows=990 width=0)
	                    Index Cond: ((id >= 4496581) AND (id <= 4497580))

for: distinct_ranges
table 1 : explain SELECT DISTINCT c FROM sbtest1 WHERE id BETWEEN 7978161 AND 7979160 ORDER BY c
	Unique  (cost=3936.16..3941.17 rows=1003 width=121)
	  ->  Sort  (cost=3936.16..3938.66 rows=1003 width=121)
	        Sort Key: c
	        ->  Bitmap Heap Scan on sbtest1  (cost=30.72..3886.16 rows=1003 width=121)
	              Recheck Cond: ((id >= 7978161) AND (id <= 7979160))
	              ->  Bitmap Index Scan on sbtest1_pkey  (cost=0.00..30.46 rows=1003 width=0)
	                    Index Cond: ((id >= 7978161) AND (id <= 7979160))

table 2 : explain SELECT DISTINCT c FROM sbtest2 WHERE id BETWEEN 7968750 AND 7969749 ORDER BY c
	Unique  (cost=4070.43..4075.62 rows=1037 width=121)
	  ->  Sort  (cost=4070.43..4073.02 rows=1037 width=121)
	        Sort Key: c
	        ->  Bitmap Heap Scan on sbtest2  (cost=35.06..4018.49 rows=1037 width=121)
	              Recheck Cond: ((id >= 7968750) AND (id <= 7969749))
	              ->  Bitmap Index Scan on sbtest2_pkey  (cost=0.00..34.81 rows=1037 width=0)
	                    Index Cond: ((id >= 7968750) AND (id <= 7969749))

table 3 : explain SELECT DISTINCT c FROM sbtest3 WHERE id BETWEEN 7885153 AND 7886152 ORDER BY c
	Unique  (cost=4356.87..4362.43 rows=1112 width=121)
	  ->  Sort  (cost=4356.87..4359.65 rows=1112 width=121)
	        Sort Key: c
	        ->  Bitmap Heap Scan on sbtest3  (cost=35.83..4300.61 rows=1112 width=121)
	              Recheck Cond: ((id >= 7885153) AND (id <= 7886152))
	              ->  Bitmap Index Scan on sbtest3_pkey  (cost=0.00..35.56 rows=1112 width=0)
	                    Index Cond: ((id >= 7885153) AND (id <= 7886152))

table 4 : explain SELECT DISTINCT c FROM sbtest4 WHERE id BETWEEN 6036001 AND 6037000 ORDER BY c
	Unique  (cost=3970.99..3976.05 rows=1012 width=121)
	  ->  Sort  (cost=3970.99..3973.52 rows=1012 width=121)
	        Sort Key: c
	        ->  Bitmap Heap Scan on sbtest4  (cost=30.81..3920.47 rows=1012 width=121)
	              Recheck Cond: ((id >= 6036001) AND (id <= 6037000))
	              ->  Bitmap Index Scan on sbtest4_pkey  (cost=0.00..30.55 rows=1012 width=0)
	                    Index Cond: ((id >= 6036001) AND (id <= 6037000))

table 5 : explain SELECT DISTINCT c FROM sbtest5 WHERE id BETWEEN 5563263 AND 5564262 ORDER BY c
	Unique  (cost=3456.36..3460.75 rows=878 width=121)
	  ->  Sort  (cost=3456.36..3458.55 rows=878 width=121)
	        Sort Key: c
	        ->  Bitmap Heap Scan on sbtest5  (cost=29.43..3413.43 rows=878 width=121)
	              Recheck Cond: ((id >= 5563263) AND (id <= 5564262))
	              ->  Bitmap Index Scan on sbtest5_pkey  (cost=0.00..29.21 rows=878 width=0)
	                    Index Cond: ((id >= 5563263) AND (id <= 5564262))

table 6 : explain SELECT DISTINCT c FROM sbtest6 WHERE id BETWEEN 7907604 AND 7908603 ORDER BY c
	Unique  (cost=3605.99..3610.57 rows=917 width=121)
	  ->  Sort  (cost=3605.99..3608.28 rows=917 width=121)
	        Sort Key: c
	        ->  Bitmap Heap Scan on sbtest6  (cost=29.83..3560.87 rows=917 width=121)
	              Recheck Cond: ((id >= 7907604) AND (id <= 7908603))
	              ->  Bitmap Index Scan on sbtest6_pkey  (cost=0.00..29.61 rows=917 width=0)
	                    Index Cond: ((id >= 7907604) AND (id <= 7908603))

table 7 : explain SELECT DISTINCT c FROM sbtest7 WHERE id BETWEEN 2185663 AND 2186662 ORDER BY c
	Unique  (cost=4150.83..4156.12 rows=1058 width=121)
	  ->  Sort  (cost=4150.83..4153.48 rows=1058 width=121)
	        Sort Key: c
	        ->  Bitmap Heap Scan on sbtest7  (cost=35.28..4097.68 rows=1058 width=121)
	              Recheck Cond: ((id >= 2185663) AND (id <= 2186662))
	              ->  Bitmap Index Scan on sbtest7_pkey  (cost=0.00..35.02 rows=1058 width=0)
	                    Index Cond: ((id >= 2185663) AND (id <= 2186662))

table 8 : explain SELECT DISTINCT c FROM sbtest8 WHERE id BETWEEN 1495936 AND 1496935 ORDER BY c
	Unique  (cost=4108.73..4113.96 rows=1047 width=121)
	  ->  Sort  (cost=4108.73..4111.35 rows=1047 width=121)
	        Sort Key: c
	        ->  Bitmap Heap Scan on sbtest8  (cost=35.17..4056.21 rows=1047 width=121)
	              Recheck Cond: ((id >= 1495936) AND (id <= 1496935))
	              ->  Bitmap Index Scan on sbtest8_pkey  (cost=0.00..34.91 rows=1047 width=0)
	                    Index Cond: ((id >= 1495936) AND (id <= 1496935))

for point_selects
table 1 : explain SELECT c FROM sbtest1 WHERE id=6472900
	Index Scan using sbtest1_pkey on sbtest1  (cost=0.43..8.45 rows=1 width=121)
	  Index Cond: (id = 6472900)

table 2 : explain SELECT c FROM sbtest2 WHERE id=8226460
	Index Scan using sbtest2_pkey on sbtest2  (cost=0.43..8.45 rows=1 width=121)
	  Index Cond: (id = 8226460)

table 3 : explain SELECT c FROM sbtest3 WHERE id=6654254
	Index Scan using sbtest3_pkey on sbtest3  (cost=0.43..8.45 rows=1 width=121)
	  Index Cond: (id = 6654254)

table 4 : explain SELECT c FROM sbtest4 WHERE id=6540076
	Index Scan using sbtest4_pkey on sbtest4  (cost=0.43..8.45 rows=1 width=121)
	  Index Cond: (id = 6540076)

table 5 : explain SELECT c FROM sbtest5 WHERE id=5969954
	Index Scan using sbtest5_pkey on sbtest5  (cost=0.43..8.45 rows=1 width=121)
	  Index Cond: (id = 5969954)

table 6 : explain SELECT c FROM sbtest6 WHERE id=8906794
	Index Scan using sbtest6_pkey on sbtest6  (cost=0.43..8.45 rows=1 width=121)
	  Index Cond: (id = 8906794)

table 7 : explain SELECT c FROM sbtest7 WHERE id=1161192
	Index Scan using sbtest7_pkey on sbtest7  (cost=0.43..8.45 rows=1 width=121)
	  Index Cond: (id = 1161192)

table 8 : explain SELECT c FROM sbtest8 WHERE id=1158663
	Index Scan using sbtest8_pkey on sbtest8  (cost=0.43..8.45 rows=1 width=121)
	  Index Cond: (id = 1158663)

for: distinct_ranges
table 1 : explain SELECT DISTINCT c FROM sbtest1 WHERE id BETWEEN 754142 AND 755141 ORDER BY c
	Unique  (cost=3510.13..3514.59 rows=892 width=121)
	  ->  Sort  (cost=3510.13..3512.36 rows=892 width=121)
	        Sort Key: c
	        ->  Bitmap Heap Scan on sbtest1  (cost=29.58..3466.42 rows=892 width=121)
	              Recheck Cond: ((id >= 754142) AND (id <= 755141))
	              ->  Bitmap Index Scan on sbtest1_pkey  (cost=0.00..29.36 rows=892 width=0)
	                    Index Cond: ((id >= 754142) AND (id <= 755141))

table 2 : explain SELECT DISTINCT c FROM sbtest2 WHERE id BETWEEN 761495 AND 762494 ORDER BY c
	Unique  (cost=4085.74..4090.94 rows=1041 width=121)
	  ->  Sort  (cost=4085.74..4088.34 rows=1041 width=121)
	        Sort Key: c
	        ->  Bitmap Heap Scan on sbtest2  (cost=35.11..4033.57 rows=1041 width=121)
	              Recheck Cond: ((id >= 761495) AND (id <= 762494))
	              ->  Bitmap Index Scan on sbtest2_pkey  (cost=0.00..34.84 rows=1041 width=0)
	                    Index Cond: ((id >= 761495) AND (id <= 762494))

table 3 : explain SELECT DISTINCT c FROM sbtest3 WHERE id BETWEEN 6113574 AND 6114573 ORDER BY c
	Unique  (cost=3771.12..3775.92 rows=960 width=121)
	  ->  Sort  (cost=3771.12..3773.52 rows=960 width=121)
	        Sort Key: c
	        ->  Bitmap Heap Scan on sbtest3  (cost=30.27..3723.57 rows=960 width=121)
	              Recheck Cond: ((id >= 6113574) AND (id <= 6114573))
	              ->  Bitmap Index Scan on sbtest3_pkey  (cost=0.00..30.04 rows=960 width=0)
	                    Index Cond: ((id >= 6113574) AND (id <= 6114573))

table 4 : explain SELECT DISTINCT c FROM sbtest4 WHERE id BETWEEN 5844035 AND 5845034 ORDER BY c
	Unique  (cost=3902.01..3906.98 rows=994 width=121)
	  ->  Sort  (cost=3902.01..3904.50 rows=994 width=121)
	        Sort Key: c
	        ->  Bitmap Heap Scan on sbtest4  (cost=30.62..3852.53 rows=994 width=121)
	              Recheck Cond: ((id >= 5844035) AND (id <= 5845034))
	              ->  Bitmap Index Scan on sbtest4_pkey  (cost=0.00..30.37 rows=994 width=0)
	                    Index Cond: ((id >= 5844035) AND (id <= 5845034))

table 5 : explain SELECT DISTINCT c FROM sbtest5 WHERE id BETWEEN 2243703 AND 2244702 ORDER BY c
	Unique  (cost=3982.21..3987.29 rows=1015 width=121)
	  ->  Sort  (cost=3982.21..3984.75 rows=1015 width=121)
	        Sort Key: c
	        ->  Bitmap Heap Scan on sbtest5  (cost=30.84..3931.53 rows=1015 width=121)
	              Recheck Cond: ((id >= 2243703) AND (id <= 2244702))
	              ->  Bitmap Index Scan on sbtest5_pkey  (cost=0.00..30.58 rows=1015 width=0)
	                    Index Cond: ((id >= 2243703) AND (id <= 2244702))

table 6 : explain SELECT DISTINCT c FROM sbtest6 WHERE id BETWEEN 430166 AND 431165 ORDER BY c
	Unique  (cost=4039.47..4044.61 rows=1029 width=121)
	  ->  Sort  (cost=4039.47..4042.04 rows=1029 width=121)
	        Sort Key: c
	        ->  Bitmap Heap Scan on sbtest6  (cost=34.98..3987.98 rows=1029 width=121)
	              Recheck Cond: ((id >= 430166) AND (id <= 431165))
	              ->  Bitmap Index Scan on sbtest6_pkey  (cost=0.00..34.73 rows=1029 width=0)
	                    Index Cond: ((id >= 430166) AND (id <= 431165))

table 7 : explain SELECT DISTINCT c FROM sbtest7 WHERE id BETWEEN 3933518 AND 3934517 ORDER BY c
	Unique  (cost=3725.36..3730.10 rows=948 width=121)
	  ->  Sort  (cost=3725.36..3727.73 rows=948 width=121)
	        Sort Key: c
	        ->  Bitmap Heap Scan on sbtest7  (cost=30.15..3678.48 rows=948 width=121)
	              Recheck Cond: ((id >= 3933518) AND (id <= 3934517))
	              ->  Bitmap Index Scan on sbtest7_pkey  (cost=0.00..29.91 rows=948 width=0)
	                    Index Cond: ((id >= 3933518) AND (id <= 3934517))

table 8 : explain SELECT DISTINCT c FROM sbtest8 WHERE id BETWEEN 5105470 AND 5106469 ORDER BY c
	Unique  (cost=3637.03..3641.65 rows=925 width=121)
	  ->  Sort  (cost=3637.03..3639.34 rows=925 width=121)
	        Sort Key: c
	        ->  Bitmap Heap Scan on sbtest8  (cost=29.92..3591.46 rows=925 width=121)
	              Recheck Cond: ((id >= 5105470) AND (id <= 5106469))
	              ->  Bitmap Index Scan on sbtest8_pkey  (cost=0.00..29.68 rows=925 width=0)
	                    Index Cond: ((id >= 5105470) AND (id <= 5106469))

for: distinct_ranges
table 1 : explain SELECT DISTINCT c FROM sbtest1 WHERE id BETWEEN 1142023 AND 1143022 ORDER BY c
	Unique  (cost=4043.39..4048.54 rows=1031 width=121)
	  ->  Sort  (cost=4043.39..4045.97 rows=1031 width=121)
	        Sort Key: c
	        ->  Bitmap Heap Scan on sbtest1  (cost=31.00..3991.79 rows=1031 width=121)
	              Recheck Cond: ((id >= 1142023) AND (id <= 1143022))
	              ->  Bitmap Index Scan on sbtest1_pkey  (cost=0.00..30.75 rows=1031 width=0)
	                    Index Cond: ((id >= 1142023) AND (id <= 1143022))

table 2 : explain SELECT DISTINCT c FROM sbtest2 WHERE id BETWEEN 9843971 AND 9844970 ORDER BY c
	Unique  (cost=3763.69..3768.48 rows=958 width=121)
	  ->  Sort  (cost=3763.69..3766.08 rows=958 width=121)
	        Sort Key: c
	        ->  Bitmap Heap Scan on sbtest2  (cost=30.25..3716.25 rows=958 width=121)
	              Recheck Cond: ((id >= 9843971) AND (id <= 9844970))
	              ->  Bitmap Index Scan on sbtest2_pkey  (cost=0.00..30.01 rows=958 width=0)
	                    Index Cond: ((id >= 9843971) AND (id <= 9844970))

table 3 : explain SELECT DISTINCT c FROM sbtest3 WHERE id BETWEEN 1166786 AND 1167785 ORDER BY c
	Unique  (cost=3705.88..3710.60 rows=943 width=121)
	  ->  Sort  (cost=3705.88..3708.24 rows=943 width=121)
	        Sort Key: c
	        ->  Bitmap Heap Scan on sbtest3  (cost=30.10..3659.30 rows=943 width=121)
	              Recheck Cond: ((id >= 1166786) AND (id <= 1167785))
	              ->  Bitmap Index Scan on sbtest3_pkey  (cost=0.00..29.86 rows=943 width=0)
	                    Index Cond: ((id >= 1166786) AND (id <= 1167785))

table 4 : explain SELECT DISTINCT c FROM sbtest4 WHERE id BETWEEN 4018183 AND 4019182 ORDER BY c
	Unique  (cost=4269.62..4275.07 rows=1089 width=121)
	  ->  Sort  (cost=4269.62..4272.34 rows=1089 width=121)
	        Sort Key: c
	        ->  Bitmap Heap Scan on sbtest4  (cost=35.60..4214.69 rows=1089 width=121)
	              Recheck Cond: ((id >= 4018183) AND (id <= 4019182))
	              ->  Bitmap Index Scan on sbtest4_pkey  (cost=0.00..35.33 rows=1089 width=0)
	                    Index Cond: ((id >= 4018183) AND (id <= 4019182))

table 5 : explain SELECT DISTINCT c FROM sbtest5 WHERE id BETWEEN 4714090 AND 4715089 ORDER BY c
	Unique  (cost=3821.24..3826.11 rows=973 width=121)
	  ->  Sort  (cost=3821.24..3823.68 rows=973 width=121)
	        Sort Key: c
	        ->  Bitmap Heap Scan on sbtest5  (cost=30.41..3772.95 rows=973 width=121)
	              Recheck Cond: ((id >= 4714090) AND (id <= 4715089))
	              ->  Bitmap Index Scan on sbtest5_pkey  (cost=0.00..30.16 rows=973 width=0)
	                    Index Cond: ((id >= 4714090) AND (id <= 4715089))

table 6 : explain SELECT DISTINCT c FROM sbtest6 WHERE id BETWEEN 6744854 AND 6745853 ORDER BY c
	Unique  (cost=3529.13..3533.62 rows=897 width=121)
	  ->  Sort  (cost=3529.13..3531.38 rows=897 width=121)
	        Sort Key: c
	        ->  Bitmap Heap Scan on sbtest6  (cost=29.63..3485.14 rows=897 width=121)
	              Recheck Cond: ((id >= 6744854) AND (id <= 6745853))
	              ->  Bitmap Index Scan on sbtest6_pkey  (cost=0.00..29.40 rows=897 width=0)
	                    Index Cond: ((id >= 6744854) AND (id <= 6745853))

table 7 : explain SELECT DISTINCT c FROM sbtest7 WHERE id BETWEEN 3562603 AND 3563602 ORDER BY c
	Unique  (cost=3859.62..3864.53 rows=983 width=121)
	  ->  Sort  (cost=3859.62..3862.08 rows=983 width=121)
	        Sort Key: c
	        ->  Bitmap Heap Scan on sbtest7  (cost=30.51..3810.76 rows=983 width=121)
	              Recheck Cond: ((id >= 3562603) AND (id <= 3563602))
	              ->  Bitmap Index Scan on sbtest7_pkey  (cost=0.00..30.26 rows=983 width=0)
	                    Index Cond: ((id >= 3562603) AND (id <= 3563602))

table 8 : explain SELECT DISTINCT c FROM sbtest8 WHERE id BETWEEN 265970 AND 266969 ORDER BY c
	Unique  (cost=4303.73..4309.22 rows=1098 width=121)
	  ->  Sort  (cost=4303.73..4306.47 rows=1098 width=121)
	        Sort Key: c
	        ->  Bitmap Heap Scan on sbtest8  (cost=35.69..4248.27 rows=1098 width=121)
	              Recheck Cond: ((id >= 265970) AND (id <= 266969))
	              ->  Bitmap Index Scan on sbtest8_pkey  (cost=0.00..35.42 rows=1098 width=0)
	                    Index Cond: ((id >= 265970) AND (id <= 266969))

for: order_ranges
table 1 : explain SELECT c FROM sbtest1 WHERE id BETWEEN 6701522 AND 6702521 ORDER BY c
	Sort  (cost=4062.53..4065.12 rows=1036 width=121)
	  Sort Key: c
	  ->  Bitmap Heap Scan on sbtest1  (cost=31.05..4010.64 rows=1036 width=121)
	        Recheck Cond: ((id >= 6701522) AND (id <= 6702521))
	        ->  Bitmap Index Scan on sbtest1_pkey  (cost=0.00..30.79 rows=1036 width=0)
	              Index Cond: ((id >= 6701522) AND (id <= 6702521))

table 2 : explain SELECT c FROM sbtest2 WHERE id BETWEEN 3308629 AND 3309628 ORDER BY c
	Sort  (cost=4085.74..4088.34 rows=1041 width=121)
	  Sort Key: c
	  ->  Bitmap Heap Scan on sbtest2  (cost=35.11..4033.57 rows=1041 width=121)
	        Recheck Cond: ((id >= 3308629) AND (id <= 3309628))
	        ->  Bitmap Index Scan on sbtest2_pkey  (cost=0.00..34.84 rows=1041 width=0)
	              Index Cond: ((id >= 3308629) AND (id <= 3309628))

table 3 : explain SELECT c FROM sbtest3 WHERE id BETWEEN 2745627 AND 2746626 ORDER BY c
	Sort  (cost=3947.46..3949.97 rows=1006 width=121)
	  Sort Key: c
	  ->  Bitmap Heap Scan on sbtest3  (cost=30.75..3897.29 rows=1006 width=121)
	        Recheck Cond: ((id >= 2745627) AND (id <= 2746626))
	        ->  Bitmap Index Scan on sbtest3_pkey  (cost=0.00..30.50 rows=1006 width=0)
	              Index Cond: ((id >= 2745627) AND (id <= 2746626))

table 4 : explain SELECT c FROM sbtest4 WHERE id BETWEEN 3000597 AND 3001596 ORDER BY c
	Sort  (cost=3671.82..3674.15 rows=934 width=121)
	  Sort Key: c
	  ->  Bitmap Heap Scan on sbtest4  (cost=30.01..3625.74 rows=934 width=121)
	        Recheck Cond: ((id >= 3000597) AND (id <= 3001596))
	        ->  Bitmap Index Scan on sbtest4_pkey  (cost=0.00..29.77 rows=934 width=0)
	              Index Cond: ((id >= 3000597) AND (id <= 3001596))

table 5 : explain SELECT c FROM sbtest5 WHERE id BETWEEN 2341459 AND 2342458 ORDER BY c
	Sort  (cost=4012.85..4015.41 rows=1023 width=121)
	  Sort Key: c
	  ->  Bitmap Heap Scan on sbtest5  (cost=30.92..3961.71 rows=1023 width=121)
	        Recheck Cond: ((id >= 2341459) AND (id <= 2342458))
	        ->  Bitmap Index Scan on sbtest5_pkey  (cost=0.00..30.66 rows=1023 width=0)
	              Index Cond: ((id >= 2341459) AND (id <= 2342458))

table 6 : explain SELECT c FROM sbtest6 WHERE id BETWEEN 8215 AND 9214 ORDER BY c
	Sort  (cost=3690.47..3692.82 rows=939 width=121)
	  Sort Key: c
	  ->  Bitmap Heap Scan on sbtest6  (cost=30.06..3644.11 rows=939 width=121)
	        Recheck Cond: ((id >= 8215) AND (id <= 9214))
	        ->  Bitmap Index Scan on sbtest6_pkey  (cost=0.00..29.82 rows=939 width=0)
	              Index Cond: ((id >= 8215) AND (id <= 9214))

table 7 : explain SELECT c FROM sbtest7 WHERE id BETWEEN 8119232 AND 8120231 ORDER BY c
	Sort  (cost=3966.92..3969.45 rows=1011 width=121)
	  Sort Key: c
	  ->  Bitmap Heap Scan on sbtest7  (cost=30.80..3916.47 rows=1011 width=121)
	        Recheck Cond: ((id >= 8119232) AND (id <= 8120231))
	        ->  Bitmap Index Scan on sbtest7_pkey  (cost=0.00..30.54 rows=1011 width=0)
	              Index Cond: ((id >= 8119232) AND (id <= 8120231))

table 8 : explain SELECT c FROM sbtest8 WHERE id BETWEEN 5291838 AND 5292837 ORDER BY c
	Sort  (cost=4009.20..4011.75 rows=1021 width=121)
	  Sort Key: c
	  ->  Bitmap Heap Scan on sbtest8  (cost=34.90..3958.17 rows=1021 width=121)
	        Recheck Cond: ((id >= 5291838) AND (id <= 5292837))
	        ->  Bitmap Index Scan on sbtest8_pkey  (cost=0.00..34.65 rows=1021 width=0)
	              Index Cond: ((id >= 5291838) AND (id <= 5292837))

for: order_ranges
table 1 : explain SELECT c FROM sbtest1 WHERE id BETWEEN 7631625 AND 7632624 ORDER BY c
	Sort  (cost=4406.73..4409.54 rows=1125 width=121)
	  Sort Key: c
	  ->  Bitmap Heap Scan on sbtest1  (cost=35.97..4349.71 rows=1125 width=121)
	        Recheck Cond: ((id >= 7631625) AND (id <= 7632624))
	        ->  Bitmap Index Scan on sbtest1_pkey  (cost=0.00..35.69 rows=1125 width=0)
	              Index Cond: ((id >= 7631625) AND (id <= 7632624))

table 2 : explain SELECT c FROM sbtest2 WHERE id BETWEEN 4240905 AND 4241904 ORDER BY c
	Sort  (cost=3878.74..3881.21 rows=988 width=121)
	  Sort Key: c
	  ->  Bitmap Heap Scan on sbtest2  (cost=30.56..3829.60 rows=988 width=121)
	        Recheck Cond: ((id >= 4240905) AND (id <= 4241904))
	        ->  Bitmap Index Scan on sbtest2_pkey  (cost=0.00..30.32 rows=988 width=0)
	              Index Cond: ((id >= 4240905) AND (id <= 4241904))

table 3 : explain SELECT c FROM sbtest3 WHERE id BETWEEN 7469235 AND 7470234 ORDER BY c
	Sort  (cost=4211.68..4214.37 rows=1074 width=121)
	  Sort Key: c
	  ->  Bitmap Heap Scan on sbtest3  (cost=35.44..4157.61 rows=1074 width=121)
	        Recheck Cond: ((id >= 7469235) AND (id <= 7470234))
	        ->  Bitmap Index Scan on sbtest3_pkey  (cost=0.00..35.18 rows=1074 width=0)
	              Index Cond: ((id >= 7469235) AND (id <= 7470234))

table 4 : explain SELECT c FROM sbtest4 WHERE id BETWEEN 5211598 AND 5212597 ORDER BY c
	Sort  (cost=3775.46..3777.86 rows=961 width=121)
	  Sort Key: c
	  ->  Bitmap Heap Scan on sbtest4  (cost=30.29..3727.85 rows=961 width=121)
	        Recheck Cond: ((id >= 5211598) AND (id <= 5212597))
	        ->  Bitmap Index Scan on sbtest4_pkey  (cost=0.00..30.04 rows=961 width=0)
	              Index Cond: ((id >= 5211598) AND (id <= 5212597))

table 5 : explain SELECT c FROM sbtest5 WHERE id BETWEEN 9092039 AND 9093038 ORDER BY c
	Sort  (cost=3798.23..3800.65 rows=967 width=121)
	  Sort Key: c
	  ->  Bitmap Heap Scan on sbtest5  (cost=30.35..3750.28 rows=967 width=121)
	        Recheck Cond: ((id >= 9092039) AND (id <= 9093038))
	        ->  Bitmap Index Scan on sbtest5_pkey  (cost=0.00..30.11 rows=967 width=0)
	              Index Cond: ((id >= 9092039) AND (id <= 9093038))

table 6 : explain SELECT c FROM sbtest6 WHERE id BETWEEN 7754444 AND 7755443 ORDER BY c
	Sort  (cost=4165.72..4168.38 rows=1062 width=121)
	  Sort Key: c
	  ->  Bitmap Heap Scan on sbtest6  (cost=35.32..4112.35 rows=1062 width=121)
	        Recheck Cond: ((id >= 7754444) AND (id <= 7755443))
	        ->  Bitmap Index Scan on sbtest6_pkey  (cost=0.00..35.06 rows=1062 width=0)
	              Index Cond: ((id >= 7754444) AND (id <= 7755443))

table 7 : explain SELECT c FROM sbtest7 WHERE id BETWEEN 2945216 AND 2946215 ORDER BY c
	Sort  (cost=4425.95..4428.78 rows=1130 width=121)
	  Sort Key: c
	  ->  Bitmap Heap Scan on sbtest7  (cost=36.02..4368.65 rows=1130 width=121)
	        Recheck Cond: ((id >= 2945216) AND (id <= 2946215))
	        ->  Bitmap Index Scan on sbtest7_pkey  (cost=0.00..35.73 rows=1130 width=0)
	              Index Cond: ((id >= 2945216) AND (id <= 2946215))

table 8 : explain SELECT c FROM sbtest8 WHERE id BETWEEN 8094713 AND 8095712 ORDER BY c
	Sort  (cost=3663.91..3666.24 rows=932 width=121)
	  Sort Key: c
	  ->  Bitmap Heap Scan on sbtest8  (cost=29.99..3617.94 rows=932 width=121)
	        Recheck Cond: ((id >= 8094713) AND (id <= 8095712))
	        ->  Bitmap Index Scan on sbtest8_pkey  (cost=0.00..29.75 rows=932 width=0)
	              Index Cond: ((id >= 8094713) AND (id <= 8095712))

for: simple_ranges
table 1 : explain SELECT c FROM sbtest1 WHERE id BETWEEN 914594 AND 915593
	Bitmap Heap Scan on sbtest1  (cost=29.94..3598.94 rows=927 width=121)
	  Recheck Cond: ((id >= 914594) AND (id <= 915593))
	  ->  Bitmap Index Scan on sbtest1_pkey  (cost=0.00..29.70 rows=927 width=0)
	        Index Cond: ((id >= 914594) AND (id <= 915593))

table 2 : explain SELECT c FROM sbtest2 WHERE id BETWEEN 6362165 AND 6363164
	Bitmap Heap Scan on sbtest2  (cost=35.35..4124.00 rows=1065 width=121)
	  Recheck Cond: ((id >= 6362165) AND (id <= 6363164))
	  ->  Bitmap Index Scan on sbtest2_pkey  (cost=0.00..35.09 rows=1065 width=0)
	        Index Cond: ((id >= 6362165) AND (id <= 6363164))

table 3 : explain SELECT c FROM sbtest3 WHERE id BETWEEN 546795 AND 547794
	Bitmap Heap Scan on sbtest3  (cost=30.20..3697.11 rows=953 width=121)
	  Recheck Cond: ((id >= 546795) AND (id <= 547794))
	  ->  Bitmap Index Scan on sbtest3_pkey  (cost=0.00..29.96 rows=953 width=0)
	        Index Cond: ((id >= 546795) AND (id <= 547794))

table 4 : explain SELECT c FROM sbtest4 WHERE id BETWEEN 9468615 AND 9469614
	Bitmap Heap Scan on sbtest4  (cost=30.87..3943.11 rows=1018 width=121)
	  Recheck Cond: ((id >= 9468615) AND (id <= 9469614))
	  ->  Bitmap Index Scan on sbtest4_pkey  (cost=0.00..30.61 rows=1018 width=0)
	        Index Cond: ((id >= 9468615) AND (id <= 9469614))

table 5 : explain SELECT c FROM sbtest5 WHERE id BETWEEN 8957687 AND 8958686
	Bitmap Heap Scan on sbtest5  (cost=30.23..3708.70 rows=956 width=121)
	  Recheck Cond: ((id >= 8957687) AND (id <= 8958686))
	  ->  Bitmap Index Scan on sbtest5_pkey  (cost=0.00..30.00 rows=956 width=0)
	        Index Cond: ((id >= 8957687) AND (id <= 8958686))

table 6 : explain SELECT c FROM sbtest6 WHERE id BETWEEN 2477753 AND 2478752
	Bitmap Heap Scan on sbtest6  (cost=30.53..3817.95 rows=985 width=121)
	  Recheck Cond: ((id >= 2477753) AND (id <= 2478752))
	  ->  Bitmap Index Scan on sbtest6_pkey  (cost=0.00..30.29 rows=985 width=0)
	        Index Cond: ((id >= 2477753) AND (id <= 2478752))

table 7 : explain SELECT c FROM sbtest7 WHERE id BETWEEN 1232410 AND 1233409
	Bitmap Heap Scan on sbtest7  (cost=30.43..3780.54 rows=975 width=121)
	  Recheck Cond: ((id >= 1232410) AND (id <= 1233409))
	  ->  Bitmap Index Scan on sbtest7_pkey  (cost=0.00..30.18 rows=975 width=0)
	        Index Cond: ((id >= 1232410) AND (id <= 1233409))

table 8 : explain SELECT c FROM sbtest8 WHERE id BETWEEN 1279134 AND 1280133
	Bitmap Heap Scan on sbtest8  (cost=30.08..3651.99 rows=941 width=121)
	  Recheck Cond: ((id >= 1279134) AND (id <= 1280133))
	  ->  Bitmap Index Scan on sbtest8_pkey  (cost=0.00..29.84 rows=941 width=0)
	        Index Cond: ((id >= 1279134) AND (id <= 1280133))

for: distinct_ranges
table 1 : explain SELECT DISTINCT c FROM sbtest1 WHERE id BETWEEN 5489772 AND 5490771 ORDER BY c
	Unique  (cost=3690.70..3695.40 rows=939 width=121)
	  ->  Sort  (cost=3690.70..3693.05 rows=939 width=121)
	        Sort Key: c
	        ->  Bitmap Heap Scan on sbtest1  (cost=30.06..3644.34 rows=939 width=121)
	              Recheck Cond: ((id >= 5489772) AND (id <= 5490771))
	              ->  Bitmap Index Scan on sbtest1_pkey  (cost=0.00..29.82 rows=939 width=0)
	                    Index Cond: ((id >= 5489772) AND (id <= 5490771))

table 2 : explain SELECT DISTINCT c FROM sbtest2 WHERE id BETWEEN 2783323 AND 2784322 ORDER BY c
	Unique  (cost=4112.53..4117.77 rows=1048 width=121)
	  ->  Sort  (cost=4112.53..4115.15 rows=1048 width=121)
	        Sort Key: c
	        ->  Bitmap Heap Scan on sbtest2  (cost=35.18..4059.95 rows=1048 width=121)
	              Recheck Cond: ((id >= 2783323) AND (id <= 2784322))
	              ->  Bitmap Index Scan on sbtest2_pkey  (cost=0.00..34.92 rows=1048 width=0)
	                    Index Cond: ((id >= 2783323) AND (id <= 2784322))

table 3 : explain SELECT DISTINCT c FROM sbtest3 WHERE id BETWEEN 9151327 AND 9152326 ORDER BY c
	Unique  (cost=4108.42..4113.66 rows=1047 width=121)
	  ->  Sort  (cost=4108.42..4111.04 rows=1047 width=121)
	        Sort Key: c
	        ->  Bitmap Heap Scan on sbtest3  (cost=35.17..4055.91 rows=1047 width=121)
	              Recheck Cond: ((id >= 9151327) AND (id <= 9152326))
	              ->  Bitmap Index Scan on sbtest3_pkey  (cost=0.00..34.91 rows=1047 width=0)
	                    Index Cond: ((id >= 9151327) AND (id <= 9152326))

table 4 : explain SELECT DISTINCT c FROM sbtest4 WHERE id BETWEEN 2920433 AND 2921432 ORDER BY c
	Unique  (cost=3671.82..3676.49 rows=934 width=121)
	  ->  Sort  (cost=3671.82..3674.15 rows=934 width=121)
	        Sort Key: c
	        ->  Bitmap Heap Scan on sbtest4  (cost=30.01..3625.74 rows=934 width=121)
	              Recheck Cond: ((id >= 2920433) AND (id <= 2921432))
	              ->  Bitmap Index Scan on sbtest4_pkey  (cost=0.00..29.77 rows=934 width=0)
	                    Index Cond: ((id >= 2920433) AND (id <= 2921432))

table 5 : explain SELECT DISTINCT c FROM sbtest5 WHERE id BETWEEN 5496551 AND 5497550 ORDER BY c
	Unique  (cost=3805.90..3810.75 rows=969 width=121)
	  ->  Sort  (cost=3805.90..3808.32 rows=969 width=121)
	        Sort Key: c
	        ->  Bitmap Heap Scan on sbtest5  (cost=30.37..3757.84 rows=969 width=121)
	              Recheck Cond: ((id >= 5496551) AND (id <= 5497550))
	              ->  Bitmap Index Scan on sbtest5_pkey  (cost=0.00..30.12 rows=969 width=0)
	                    Index Cond: ((id >= 5496551) AND (id <= 5497550))

table 6 : explain SELECT DISTINCT c FROM sbtest6 WHERE id BETWEEN 769556 AND 770555 ORDER BY c
	Unique  (cost=3982.03..3987.10 rows=1014 width=121)
	  ->  Sort  (cost=3982.03..3984.57 rows=1014 width=121)
	        Sort Key: c
	        ->  Bitmap Heap Scan on sbtest6  (cost=34.83..3931.40 rows=1014 width=121)
	              Recheck Cond: ((id >= 769556) AND (id <= 770555))
	              ->  Bitmap Index Scan on sbtest6_pkey  (cost=0.00..34.58 rows=1014 width=0)
	                    Index Cond: ((id >= 769556) AND (id <= 770555))

table 7 : explain SELECT DISTINCT c FROM sbtest7 WHERE id BETWEEN 8382331 AND 8383330 ORDER BY c
	Unique  (cost=3901.78..3906.75 rows=994 width=121)
	  ->  Sort  (cost=3901.78..3904.27 rows=994 width=121)
	        Sort Key: c
	        ->  Bitmap Heap Scan on sbtest7  (cost=30.62..3852.30 rows=994 width=121)
	              Recheck Cond: ((id >= 8382331) AND (id <= 8383330))
	              ->  Bitmap Index Scan on sbtest7_pkey  (cost=0.00..30.37 rows=994 width=0)
	                    Index Cond: ((id >= 8382331) AND (id <= 8383330))

table 8 : explain SELECT DISTINCT c FROM sbtest8 WHERE id BETWEEN 382953 AND 383952 ORDER BY c
	Unique  (cost=3771.39..3776.19 rows=960 width=121)
	  ->  Sort  (cost=3771.39..3773.79 rows=960 width=121)
	        Sort Key: c
	        ->  Bitmap Heap Scan on sbtest8  (cost=30.27..3723.83 rows=960 width=121)
	              Recheck Cond: ((id >= 382953) AND (id <= 383952))
	              ->  Bitmap Index Scan on sbtest8_pkey  (cost=0.00..30.04 rows=960 width=0)
	                    Index Cond: ((id >= 382953) AND (id <= 383952))

for: distinct_ranges
table 1 : explain SELECT DISTINCT c FROM sbtest1 WHERE id BETWEEN 9804676 AND 9805675 ORDER BY c
	Unique  (cost=3974.46..3979.53 rows=1013 width=121)
	  ->  Sort  (cost=3974.46..3977.00 rows=1013 width=121)
	        Sort Key: c
	        ->  Bitmap Heap Scan on sbtest1  (cost=30.82..3923.89 rows=1013 width=121)
	              Recheck Cond: ((id >= 9804676) AND (id <= 9805675))
	              ->  Bitmap Index Scan on sbtest1_pkey  (cost=0.00..30.57 rows=1013 width=0)
	                    Index Cond: ((id >= 9804676) AND (id <= 9805675))

table 2 : explain SELECT DISTINCT c FROM sbtest2 WHERE id BETWEEN 7489896 AND 7490895 ORDER BY c
	Unique  (cost=4070.43..4075.62 rows=1037 width=121)
	  ->  Sort  (cost=4070.43..4073.02 rows=1037 width=121)
	        Sort Key: c
	        ->  Bitmap Heap Scan on sbtest2  (cost=35.06..4018.49 rows=1037 width=121)
	              Recheck Cond: ((id >= 7489896) AND (id <= 7490895))
	              ->  Bitmap Index Scan on sbtest2_pkey  (cost=0.00..34.81 rows=1037 width=0)
	                    Index Cond: ((id >= 7489896) AND (id <= 7490895))

table 3 : explain SELECT DISTINCT c FROM sbtest3 WHERE id BETWEEN 4811900 AND 4812899 ORDER BY c
	Unique  (cost=3966.61..3971.67 rows=1011 width=121)
	  ->  Sort  (cost=3966.61..3969.14 rows=1011 width=121)
	        Sort Key: c
	        ->  Bitmap Heap Scan on sbtest3  (cost=30.80..3916.16 rows=1011 width=121)
	              Recheck Cond: ((id >= 4811900) AND (id <= 4812899))
	              ->  Bitmap Index Scan on sbtest3_pkey  (cost=0.00..30.54 rows=1011 width=0)
	                    Index Cond: ((id >= 4811900) AND (id <= 4812899))

table 4 : explain SELECT DISTINCT c FROM sbtest4 WHERE id BETWEEN 6599506 AND 6600505 ORDER BY c
	Unique  (cost=3767.78..3772.58 rows=959 width=121)
	  ->  Sort  (cost=3767.78..3770.18 rows=959 width=121)
	        Sort Key: c
	        ->  Bitmap Heap Scan on sbtest4  (cost=30.26..3720.29 rows=959 width=121)
	              Recheck Cond: ((id >= 6599506) AND (id <= 6600505))
	              ->  Bitmap Index Scan on sbtest4_pkey  (cost=0.00..30.02 rows=959 width=0)
	                    Index Cond: ((id >= 6599506) AND (id <= 6600505))

table 5 : explain SELECT DISTINCT c FROM sbtest5 WHERE id BETWEEN 5217643 AND 5218642 ORDER BY c
	Unique  (cost=3786.72..3791.54 rows=964 width=121)
	  ->  Sort  (cost=3786.72..3789.13 rows=964 width=121)
	        Sort Key: c
	        ->  Bitmap Heap Scan on sbtest5  (cost=30.32..3738.94 rows=964 width=121)
	              Recheck Cond: ((id >= 5217643) AND (id <= 5218642))
	              ->  Bitmap Index Scan on sbtest5_pkey  (cost=0.00..30.07 rows=964 width=0)
	                    Index Cond: ((id >= 5217643) AND (id <= 5218642))

table 6 : explain SELECT DISTINCT c FROM sbtest6 WHERE id BETWEEN 931328 AND 932327 ORDER BY c
	Unique  (cost=4035.64..4040.78 rows=1028 width=121)
	  ->  Sort  (cost=4035.64..4038.21 rows=1028 width=121)
	        Sort Key: c
	        ->  Bitmap Heap Scan on sbtest6  (cost=34.97..3984.21 rows=1028 width=121)
	              Recheck Cond: ((id >= 931328) AND (id <= 932327))
	              ->  Bitmap Index Scan on sbtest6_pkey  (cost=0.00..34.72 rows=1028 width=0)
	                    Index Cond: ((id >= 931328) AND (id <= 932327))

table 7 : explain SELECT DISTINCT c FROM sbtest7 WHERE id BETWEEN 9088565 AND 9089564 ORDER BY c
	Unique  (cost=3848.12..3853.02 rows=980 width=121)
	  ->  Sort  (cost=3848.12..3850.57 rows=980 width=121)
	        Sort Key: c
	        ->  Bitmap Heap Scan on sbtest7  (cost=30.48..3799.43 rows=980 width=121)
	              Recheck Cond: ((id >= 9088565) AND (id <= 9089564))
	              ->  Bitmap Index Scan on sbtest7_pkey  (cost=0.00..30.23 rows=980 width=0)
	                    Index Cond: ((id >= 9088565) AND (id <= 9089564))

table 8 : explain SELECT DISTINCT c FROM sbtest8 WHERE id BETWEEN 6194486 AND 6195485 ORDER BY c
	Unique  (cost=4055.15..4060.31 rows=1033 width=121)
	  ->  Sort  (cost=4055.15..4057.73 rows=1033 width=121)
	        Sort Key: c
	        ->  Bitmap Heap Scan on sbtest8  (cost=35.02..4003.43 rows=1033 width=121)
	              Recheck Cond: ((id >= 6194486) AND (id <= 6195485))
	              ->  Bitmap Index Scan on sbtest8_pkey  (cost=0.00..34.77 rows=1033 width=0)
	                    Index Cond: ((id >= 6194486) AND (id <= 6195485))

for: sum_ranges
table 1 : explain SELECT SUM(k) FROM sbtest1 WHERE id BETWEEN 9064802 AND 9065801
	Aggregate  (cost=3726.14..3726.15 rows=1 width=8)
	  ->  Bitmap Heap Scan on sbtest1  (cost=30.27..3723.74 rows=960 width=4)
	        Recheck Cond: ((id >= 9064802) AND (id <= 9065801))
	        ->  Bitmap Index Scan on sbtest1_pkey  (cost=0.00..30.04 rows=960 width=0)
	              Index Cond: ((id >= 9064802) AND (id <= 9065801))

table 2 : explain SELECT SUM(k) FROM sbtest2 WHERE id BETWEEN 8651100 AND 8652099
	Aggregate  (cost=3627.82..3627.83 rows=1 width=8)
	  ->  Bitmap Heap Scan on sbtest2  (cost=30.01..3625.49 rows=934 width=4)
	        Recheck Cond: ((id >= 8651100) AND (id <= 8652099))
	        ->  Bitmap Index Scan on sbtest2_pkey  (cost=0.00..29.77 rows=934 width=0)
	              Index Cond: ((id >= 8651100) AND (id <= 8652099))

table 3 : explain SELECT SUM(k) FROM sbtest3 WHERE id BETWEEN 546336 AND 547335
	Aggregate  (cost=3699.49..3699.50 rows=1 width=8)
	  ->  Bitmap Heap Scan on sbtest3  (cost=30.20..3697.11 rows=953 width=4)
	        Recheck Cond: ((id >= 546336) AND (id <= 547335))
	        ->  Bitmap Index Scan on sbtest3_pkey  (cost=0.00..29.96 rows=953 width=0)
	              Index Cond: ((id >= 546336) AND (id <= 547335))

table 4 : explain SELECT SUM(k) FROM sbtest4 WHERE id BETWEEN 3998538 AND 3999537
	Aggregate  (cost=4217.41..4217.42 rows=1 width=8)
	  ->  Bitmap Heap Scan on sbtest4  (cost=35.60..4214.69 rows=1089 width=4)
	        Recheck Cond: ((id >= 3998538) AND (id <= 3999537))
	        ->  Bitmap Index Scan on sbtest4_pkey  (cost=0.00..35.33 rows=1089 width=0)
	              Index Cond: ((id >= 3998538) AND (id <= 3999537))

table 5 : explain SELECT SUM(k) FROM sbtest5 WHERE id BETWEEN 5594478 AND 5595477
	Aggregate  (cost=3415.63..3415.64 rows=1 width=8)
	  ->  Bitmap Heap Scan on sbtest5  (cost=29.43..3413.43 rows=878 width=4)
	        Recheck Cond: ((id >= 5594478) AND (id <= 5595477))
	        ->  Bitmap Index Scan on sbtest5_pkey  (cost=0.00..29.21 rows=878 width=0)
	              Index Cond: ((id >= 5594478) AND (id <= 5595477))

table 6 : explain SELECT SUM(k) FROM sbtest6 WHERE id BETWEEN 3809942 AND 3810941
	Aggregate  (cost=3949.04..3949.05 rows=1 width=8)
	  ->  Bitmap Heap Scan on sbtest6  (cost=34.87..3946.49 rows=1018 width=4)
	        Recheck Cond: ((id >= 3809942) AND (id <= 3810941))
	        ->  Bitmap Index Scan on sbtest6_pkey  (cost=0.00..34.62 rows=1018 width=0)
	              Index Cond: ((id >= 3809942) AND (id <= 3810941))

table 7 : explain SELECT SUM(k) FROM sbtest7 WHERE id BETWEEN 5659556 AND 5660555
	Aggregate  (cost=3854.78..3854.79 rows=1 width=8)
	  ->  Bitmap Heap Scan on sbtest7  (cost=30.62..3852.30 rows=994 width=4)
	        Recheck Cond: ((id >= 5659556) AND (id <= 5660555))
	        ->  Bitmap Index Scan on sbtest7_pkey  (cost=0.00..30.37 rows=994 width=0)
	              Index Cond: ((id >= 5659556) AND (id <= 5660555))

table 8 : explain SELECT SUM(k) FROM sbtest8 WHERE id BETWEEN 6535275 AND 6536274
	Aggregate  (cost=3888.76..3888.77 rows=1 width=8)
	  ->  Bitmap Heap Scan on sbtest8  (cost=30.72..3886.25 rows=1003 width=4)
	        Recheck Cond: ((id >= 6535275) AND (id <= 6536274))
	        ->  Bitmap Index Scan on sbtest8_pkey  (cost=0.00..30.46 rows=1003 width=0)
	              Index Cond: ((id >= 6535275) AND (id <= 6536274))

for: order_ranges
table 1 : explain SELECT c FROM sbtest1 WHERE id BETWEEN 2049890 AND 2050889 ORDER BY c
	Sort  (cost=3479.37..3481.58 rows=884 width=121)
	  Sort Key: c
	  ->  Bitmap Heap Scan on sbtest1  (cost=29.50..3436.10 rows=884 width=121)
	        Recheck Cond: ((id >= 2049890) AND (id <= 2050889))
	        ->  Bitmap Index Scan on sbtest1_pkey  (cost=0.00..29.27 rows=884 width=0)
	              Index Cond: ((id >= 2049890) AND (id <= 2050889))

table 2 : explain SELECT c FROM sbtest2 WHERE id BETWEEN 2032950 AND 2033949 ORDER BY c
	Sort  (cost=3652.37..3654.69 rows=929 width=121)
	  Sort Key: c
	  ->  Bitmap Heap Scan on sbtest2  (cost=29.96..3606.57 rows=929 width=121)
	        Recheck Cond: ((id >= 2032950) AND (id <= 2033949))
	        ->  Bitmap Index Scan on sbtest2_pkey  (cost=0.00..29.72 rows=929 width=0)
	              Index Cond: ((id >= 2032950) AND (id <= 2033949))

table 3 : explain SELECT c FROM sbtest3 WHERE id BETWEEN 6425795 AND 6426794 ORDER BY c
	Sort  (cost=3962.78..3965.31 rows=1010 width=121)
	  Sort Key: c
	  ->  Bitmap Heap Scan on sbtest3  (cost=30.79..3912.38 rows=1010 width=121)
	        Recheck Cond: ((id >= 6425795) AND (id <= 6426794))
	        ->  Bitmap Index Scan on sbtest3_pkey  (cost=0.00..30.54 rows=1010 width=0)
	              Index Cond: ((id >= 6425795) AND (id <= 6426794))

table 4 : explain SELECT c FROM sbtest4 WHERE id BETWEEN 1492338 AND 1493337 ORDER BY c
	Sort  (cost=4181.68..4184.35 rows=1066 width=121)
	  Sort Key: c
	  ->  Bitmap Heap Scan on sbtest4  (cost=35.36..4128.08 rows=1066 width=121)
	        Recheck Cond: ((id >= 1492338) AND (id <= 1493337))
	        ->  Bitmap Index Scan on sbtest4_pkey  (cost=0.00..35.09 rows=1066 width=0)
	              Index Cond: ((id >= 1492338) AND (id <= 1493337))

table 5 : explain SELECT c FROM sbtest5 WHERE id BETWEEN 812878 AND 813877 ORDER BY c
	Sort  (cost=3836.58..3839.02 rows=977 width=121)
	  Sort Key: c
	  ->  Bitmap Heap Scan on sbtest5  (cost=30.45..3788.06 rows=977 width=121)
	        Recheck Cond: ((id >= 812878) AND (id <= 813877))
	        ->  Bitmap Index Scan on sbtest5_pkey  (cost=0.00..30.20 rows=977 width=0)
	              Index Cond: ((id >= 812878) AND (id <= 813877))

table 6 : explain SELECT c FROM sbtest6 WHERE id BETWEEN 6648545 AND 6649544 ORDER BY c
	Sort  (cost=4242.18..4244.89 rows=1082 width=121)
	  Sort Key: c
	  ->  Bitmap Heap Scan on sbtest6  (cost=35.53..4187.65 rows=1082 width=121)
	        Recheck Cond: ((id >= 6648545) AND (id <= 6649544))
	        ->  Bitmap Index Scan on sbtest6_pkey  (cost=0.00..35.26 rows=1082 width=0)
	              Index Cond: ((id >= 6648545) AND (id <= 6649544))

table 7 : explain SELECT c FROM sbtest7 WHERE id BETWEEN 2936058 AND 2937057 ORDER BY c
	Sort  (cost=4425.95..4428.78 rows=1130 width=121)
	  Sort Key: c
	  ->  Bitmap Heap Scan on sbtest7  (cost=36.02..4368.65 rows=1130 width=121)
	        Recheck Cond: ((id >= 2936058) AND (id <= 2937057))
	        ->  Bitmap Index Scan on sbtest7_pkey  (cost=0.00..35.73 rows=1130 width=0)
	              Index Cond: ((id >= 2936058) AND (id <= 2937057))

table 8 : explain SELECT c FROM sbtest8 WHERE id BETWEEN 5214792 AND 5215791 ORDER BY c
	Sort  (cost=4047.49..4050.07 rows=1031 width=121)
	  Sort Key: c
	  ->  Bitmap Heap Scan on sbtest8  (cost=35.00..3995.89 rows=1031 width=121)
	        Recheck Cond: ((id >= 5214792) AND (id <= 5215791))
	        ->  Bitmap Index Scan on sbtest8_pkey  (cost=0.00..34.75 rows=1031 width=0)
	              Index Cond: ((id >= 5214792) AND (id <= 5215791))

for: distinct_ranges
table 1 : explain SELECT DISTINCT c FROM sbtest1 WHERE id BETWEEN 288789 AND 289788 ORDER BY c
	Unique  (cost=4219.54..4224.92 rows=1076 width=121)
	  ->  Sort  (cost=4219.54..4222.23 rows=1076 width=121)
	        Sort Key: c
	        ->  Bitmap Heap Scan on sbtest1  (cost=35.46..4165.35 rows=1076 width=121)
	              Recheck Cond: ((id >= 288789) AND (id <= 289788))
	              ->  Bitmap Index Scan on sbtest1_pkey  (cost=0.00..35.20 rows=1076 width=0)
	                    Index Cond: ((id >= 288789) AND (id <= 289788))

table 2 : explain SELECT DISTINCT c FROM sbtest2 WHERE id BETWEEN 1053452 AND 1054451 ORDER BY c
	Unique  (cost=3694.60..3699.30 rows=940 width=121)
	  ->  Sort  (cost=3694.60..3696.95 rows=940 width=121)
	        Sort Key: c
	        ->  Bitmap Heap Scan on sbtest2  (cost=30.07..3648.19 rows=940 width=121)
	              Recheck Cond: ((id >= 1053452) AND (id <= 1054451))
	              ->  Bitmap Index Scan on sbtest2_pkey  (cost=0.00..29.83 rows=940 width=0)
	                    Index Cond: ((id >= 1053452) AND (id <= 1054451))

table 3 : explain SELECT DISTINCT c FROM sbtest3 WHERE id BETWEEN 9957724 AND 9958723 ORDER BY c
	Unique  (cost=4234.62..4240.02 rows=1080 width=121)
	  ->  Sort  (cost=4234.62..4237.32 rows=1080 width=121)
	        Sort Key: c
	        ->  Bitmap Heap Scan on sbtest3  (cost=35.51..4180.20 rows=1080 width=121)
	              Recheck Cond: ((id >= 9957724) AND (id <= 9958723))
	              ->  Bitmap Index Scan on sbtest3_pkey  (cost=0.00..35.23 rows=1080 width=0)
	                    Index Cond: ((id >= 9957724) AND (id <= 9958723))

table 4 : explain SELECT DISTINCT c FROM sbtest4 WHERE id BETWEEN 3264189 AND 3265188 ORDER BY c
	Unique  (cost=3928.84..3933.85 rows=1001 width=121)
	  ->  Sort  (cost=3928.84..3931.34 rows=1001 width=121)
	        Sort Key: c
	        ->  Bitmap Heap Scan on sbtest4  (cost=30.70..3878.95 rows=1001 width=121)
	              Recheck Cond: ((id >= 3264189) AND (id <= 3265188))
	              ->  Bitmap Index Scan on sbtest4_pkey  (cost=0.00..30.44 rows=1001 width=0)
	                    Index Cond: ((id >= 3264189) AND (id <= 3265188))

table 5 : explain SELECT DISTINCT c FROM sbtest5 WHERE id BETWEEN 4608969 AND 4609968 ORDER BY c
	Unique  (cost=4189.05..4194.39 rows=1068 width=121)
	  ->  Sort  (cost=4189.05..4191.72 rows=1068 width=121)
	        Sort Key: c
	        ->  Bitmap Heap Scan on sbtest5  (cost=35.38..4135.32 rows=1068 width=121)
	              Recheck Cond: ((id >= 4608969) AND (id <= 4609968))
	              ->  Bitmap Index Scan on sbtest5_pkey  (cost=0.00..35.12 rows=1068 width=0)
	                    Index Cond: ((id >= 4608969) AND (id <= 4609968))

table 6 : explain SELECT DISTINCT c FROM sbtest6 WHERE id BETWEEN 3699044 AND 3700043 ORDER BY c
	Unique  (cost=3832.42..3837.30 rows=976 width=121)
	  ->  Sort  (cost=3832.42..3834.86 rows=976 width=121)
	        Sort Key: c
	        ->  Bitmap Heap Scan on sbtest6  (cost=30.44..3783.96 rows=976 width=121)
	              Recheck Cond: ((id >= 3699044) AND (id <= 3700043))
	              ->  Bitmap Index Scan on sbtest6_pkey  (cost=0.00..30.19 rows=976 width=0)
	                    Index Cond: ((id >= 3699044) AND (id <= 3700043))

table 7 : explain SELECT DISTINCT c FROM sbtest7 WHERE id BETWEEN 7335943 AND 7336942 ORDER BY c
	Unique  (cost=3989.90..3994.99 rows=1017 width=121)
	  ->  Sort  (cost=3989.90..3992.45 rows=1017 width=121)
	        Sort Key: c
	        ->  Bitmap Heap Scan on sbtest7  (cost=30.86..3939.10 rows=1017 width=121)
	              Recheck Cond: ((id >= 7335943) AND (id <= 7336942))
	              ->  Bitmap Index Scan on sbtest7_pkey  (cost=0.00..30.61 rows=1017 width=0)
	                    Index Cond: ((id >= 7335943) AND (id <= 7336942))

table 8 : explain SELECT DISTINCT c FROM sbtest8 WHERE id BETWEEN 2751641 AND 2752640 ORDER BY c
	Unique  (cost=3567.87..3572.41 rows=907 width=121)
	  ->  Sort  (cost=3567.87..3570.14 rows=907 width=121)
	        Sort Key: c
	        ->  Bitmap Heap Scan on sbtest8  (cost=29.73..3523.32 rows=907 width=121)
	              Recheck Cond: ((id >= 2751641) AND (id <= 2752640))
	              ->  Bitmap Index Scan on sbtest8_pkey  (cost=0.00..29.50 rows=907 width=0)
	                    Index Cond: ((id >= 2751641) AND (id <= 2752640))

Threads started!

Warming up for 5 seconds...

SQL statistics:
    queries performed:
        read:                            128606331
        write:                           0
        other:                           23382992
        total:                           151989323
    transactions:                        11691516 (18557.65 per sec.)
    queries:                             151989323 (241248.86 per sec.)
    ignored errors:                      0      (0.00 per sec.)
    reconnects:                          0      (0.00 per sec.)

Throughput:
    events/s (eps):                      18557.6520
    time elapsed:                        630.0106s
    total number of events:              11691516

Latency (ms):
         min:                                    0.50
         avg:                                    2.15
         max:                                   18.35
         95th percentile:                        2.30
         sum:                             25187598.83

Threads fairness:
    events (avg/stddev):           292287.6000/1184.79
    execution time (avg/stddev):   629.6900/0.01

