LUA_PATH=/home/mdcallag/git/mytools/bench/sysbench.lua/lua/?.lua /home/mdcallag/git/mytools/bench/sysbench.lua/lua/sysbench --db-driver=pgsql --range-size=100 --table-size=10000000 --tables=8 --threads=40 --events=0 --warmup-time=5 --time=630 --pgsql_conn_id=true /home/mdcallag/git/mytools/bench/sysbench.lua/lua/oltp_read_only.lua run --pgsql-user=root --pgsql-password=pw --pgsql-host=127.0.0.1 --pgsql-db=ib --rand-type=uniform
48 CPUs
sysbench 1.1.0-9072687 (using bundled LuaJIT 2.1.0-beta3)

Running the test with following options:
Number of threads: 40
Warmup time: 5s
Initializing random number generator from current time


Initializing worker threads...

explain: for point_selects :: explain SELECT c FROM sbtest%u WHERE id=%u
explain: for point_selects :: explain SELECT c FROM sbtest%u WHERE id=%u
explain: for point_selects :: explain SELECT c FROM sbtest%u WHERE id=%u
explain: for point_selects :: explain SELECT c FROM sbtest%u WHERE id=%u
explain: for point_selects :: explain SELECT c FROM sbtest%u WHERE id=%u
explain: for point_selects :: explain SELECT c FROM sbtest%u WHERE id=%u
for point_selects
table 1 : explain SELECT c FROM sbtest1 WHERE id=9762727
	Index Scan using sbtest1_pkey on sbtest1  (cost=0.43..8.45 rows=1 width=121)
	  Index Cond: (id = 9762727)

table 2 : explain SELECT c FROM sbtest2 WHERE id=4592309
	Index Scan using sbtest2_pkey on sbtest2  (cost=0.43..8.45 rows=1 width=121)
	  Index Cond: (id = 4592309)

table 3 : explain SELECT c FROM sbtest3 WHERE id=7122280
	Index Scan using sbtest3_pkey on sbtest3  (cost=0.43..8.45 rows=1 width=121)
	  Index Cond: (id = 7122280)

table 4 : explain SELECT c FROM sbtest4 WHERE id=2207976
	Index Scan using sbtest4_pkey on sbtest4  (cost=0.43..8.45 rows=1 width=121)
	  Index Cond: (id = 2207976)

table 5 : explain SELECT c FROM sbtest5 WHERE id=9085151
	Index Scan using sbtest5_pkey on sbtest5  (cost=0.43..8.45 rows=1 width=121)
	  Index Cond: (id = 9085151)

table 6 : explain SELECT c FROM sbtest6 WHERE id=9199380
	Index Scan using sbtest6_pkey on sbtest6  (cost=0.43..8.45 rows=1 width=121)
	  Index Cond: (id = 9199380)

table 7 : explain SELECT c FROM sbtest7 WHERE id=8601553
	Index Scan using sbtest7_pkey on sbtest7  (cost=0.43..8.45 rows=1 width=121)
	  Index Cond: (id = 8601553)

table 8 : explain SELECT c FROM sbtest8 WHERE id=2024680
	Index Scan using sbtest8_pkey on sbtest8  (cost=0.43..8.45 rows=1 width=121)
	  Index Cond: (id = 2024680)

for point_selects
table 1 : explain SELECT c FROM sbtest1 WHERE id=3361332
	Index Scan using sbtest1_pkey on sbtest1  (cost=0.43..8.45 rows=1 width=121)
	  Index Cond: (id = 3361332)

table 2 : explain SELECT c FROM sbtest2 WHERE id=3570952
	Index Scan using sbtest2_pkey on sbtest2  (cost=0.43..8.45 rows=1 width=121)
	  Index Cond: (id = 3570952)

table 3 : explain SELECT c FROM sbtest3 WHERE id=4263798
	Index Scan using sbtest3_pkey on sbtest3  (cost=0.43..8.45 rows=1 width=121)
	  Index Cond: (id = 4263798)

table 4 : explain SELECT c FROM sbtest4 WHERE id=4269547
	Index Scan using sbtest4_pkey on sbtest4  (cost=0.43..8.45 rows=1 width=121)
	  Index Cond: (id = 4269547)

table 5 : explain SELECT c FROM sbtest5 WHERE id=8478633
	Index Scan using sbtest5_pkey on sbtest5  (cost=0.43..8.45 rows=1 width=121)
	  Index Cond: (id = 8478633)

table 6 : explain SELECT c FROM sbtest6 WHERE id=2672607
	Index Scan using sbtest6_pkey on sbtest6  (cost=0.43..8.45 rows=1 width=121)
	  Index Cond: (id = 2672607)

table 7 : explain SELECT c FROM sbtest7 WHERE id=7470513
	Index Scan using sbtest7_pkey on sbtest7  (cost=0.43..8.45 rows=1 width=121)
	  Index Cond: (id = 7470513)

table 8 : explain SELECT c FROM sbtest8 WHERE id=7369796
	Index Scan using sbtest8_pkey on sbtest8  (cost=0.43..8.45 rows=1 width=121)
	  Index Cond: (id = 7369796)

for point_selects
table 1 : explain SELECT c FROM sbtest1 WHERE id=1030322
	Index Scan using sbtest1_pkey on sbtest1  (cost=0.43..8.45 rows=1 width=121)
	  Index Cond: (id = 1030322)

table 2 : explain SELECT c FROM sbtest2 WHERE id=80886
	Index Scan using sbtest2_pkey on sbtest2  (cost=0.43..8.45 rows=1 width=121)
	  Index Cond: (id = 80886)

table 3 : explain SELECT c FROM sbtest3 WHERE id=6712930
	Index Scan using sbtest3_pkey on sbtest3  (cost=0.43..8.45 rows=1 width=121)
	  Index Cond: (id = 6712930)

table 4 : explain SELECT c FROM sbtest4 WHERE id=5101003
	Index Scan using sbtest4_pkey on sbtest4  (cost=0.43..8.45 rows=1 width=121)
	  Index Cond: (id = 5101003)

table 5 : explain SELECT c FROM sbtest5 WHERE id=4579083
	Index Scan using sbtest5_pkey on sbtest5  (cost=0.43..8.45 rows=1 width=121)
	  Index Cond: (id = 4579083)

table 6 : explain SELECT c FROM sbtest6 WHERE id=4223975
	Index Scan using sbtest6_pkey on sbtest6  (cost=0.43..8.45 rows=1 width=121)
	  Index Cond: (id = 4223975)

table 7 : explain SELECT c FROM sbtest7 WHERE id=9739402
	Index Scan using sbtest7_pkey on sbtest7  (cost=0.43..8.45 rows=1 width=121)
	  Index Cond: (id = 9739402)

table 8 : explain SELECT c FROM sbtest8 WHERE id=4238732
	Index Scan using sbtest8_pkey on sbtest8  (cost=0.43..8.45 rows=1 width=121)
	  Index Cond: (id = 4238732)

for: simple_ranges
table 1 : explain SELECT c FROM sbtest1 WHERE id BETWEEN 3966730 AND 3966829
	Index Scan using sbtest1_pkey on sbtest1  (cost=0.43..397.06 rows=100 width=121)
	  Index Cond: ((id >= 3966730) AND (id <= 3966829))

table 2 : explain SELECT c FROM sbtest2 WHERE id BETWEEN 1553628 AND 1553727
	Index Scan using sbtest2_pkey on sbtest2  (cost=0.43..388.93 rows=98 width=121)
	  Index Cond: ((id >= 1553628) AND (id <= 1553727))

table 3 : explain SELECT c FROM sbtest3 WHERE id BETWEEN 8687452 AND 8687551
	Index Scan using sbtest3_pkey on sbtest3  (cost=0.43..414.23 rows=104 width=121)
	  Index Cond: ((id >= 8687452) AND (id <= 8687551))

table 4 : explain SELECT c FROM sbtest4 WHERE id BETWEEN 5326579 AND 5326678
	Index Scan using sbtest4_pkey on sbtest4  (cost=0.43..402.22 rows=101 width=121)
	  Index Cond: ((id >= 5326579) AND (id <= 5326678))

table 5 : explain SELECT c FROM sbtest5 WHERE id BETWEEN 7463946 AND 7464045
	Index Scan using sbtest5_pkey on sbtest5  (cost=0.43..404.01 rows=102 width=121)
	  Index Cond: ((id >= 7463946) AND (id <= 7464045))

table 6 : explain SELECT c FROM sbtest6 WHERE id BETWEEN 8513057 AND 8513156
	Index Scan using sbtest6_pkey on sbtest6  (cost=0.43..432.53 rows=109 width=121)
	  Index Cond: ((id >= 8513057) AND (id <= 8513156))

table 7 : explain SELECT c FROM sbtest7 WHERE id BETWEEN 9161744 AND 9161843
	Index Scan using sbtest7_pkey on sbtest7  (cost=0.43..396.52 rows=100 width=121)
	  Index Cond: ((id >= 9161744) AND (id <= 9161843))

table 8 : explain SELECT c FROM sbtest8 WHERE id BETWEEN 1731196 AND 1731295
	Index Scan using sbtest8_pkey on sbtest8  (cost=0.43..416.65 rows=105 width=121)
	  Index Cond: ((id >= 1731196) AND (id <= 1731295))

for point_selects
table 1 : explain SELECT c FROM sbtest1 WHERE id=1138010
	Index Scan using sbtest1_pkey on sbtest1  (cost=0.43..8.45 rows=1 width=121)
	  Index Cond: (id = 1138010)

table 2 : explain SELECT c FROM sbtest2 WHERE id=1147667
	Index Scan using sbtest2_pkey on sbtest2  (cost=0.43..8.45 rows=1 width=121)
	  Index Cond: (id = 1147667)

table 3 : explain SELECT c FROM sbtest3 WHERE id=1269644
	Index Scan using sbtest3_pkey on sbtest3  (cost=0.43..8.45 rows=1 width=121)
	  Index Cond: (id = 1269644)

table 4 : explain SELECT c FROM sbtest4 WHERE id=6347896
	Index Scan using sbtest4_pkey on sbtest4  (cost=0.43..8.45 rows=1 width=121)
	  Index Cond: (id = 6347896)

table 5 : explain SELECT c FROM sbtest5 WHERE id=2351497
	Index Scan using sbtest5_pkey on sbtest5  (cost=0.43..8.45 rows=1 width=121)
	  Index Cond: (id = 2351497)

table 6 : explain SELECT c FROM sbtest6 WHERE id=3253444
	Index Scan using sbtest6_pkey on sbtest6  (cost=0.43..8.45 rows=1 width=121)
	  Index Cond: (id = 3253444)

table 7 : explain SELECT c FROM sbtest7 WHERE id=7181300
	Index Scan using sbtest7_pkey on sbtest7  (cost=0.43..8.45 rows=1 width=121)
	  Index Cond: (id = 7181300)

table 8 : explain SELECT c FROM sbtest8 WHERE id=2341257
	Index Scan using sbtest8_pkey on sbtest8  (cost=0.43..8.45 rows=1 width=121)
	  Index Cond: (id = 2341257)

for point_selects
table 1 : explain SELECT c FROM sbtest1 WHERE id=4067663
	Index Scan using sbtest1_pkey on sbtest1  (cost=0.43..8.45 rows=1 width=121)
	  Index Cond: (id = 4067663)

table 2 : explain SELECT c FROM sbtest2 WHERE id=9631498
	Index Scan using sbtest2_pkey on sbtest2  (cost=0.43..8.45 rows=1 width=121)
	  Index Cond: (id = 9631498)

table 3 : explain SELECT c FROM sbtest3 WHERE id=6422789
	Index Scan using sbtest3_pkey on sbtest3  (cost=0.43..8.45 rows=1 width=121)
	  Index Cond: (id = 6422789)

table 4 : explain SELECT c FROM sbtest4 WHERE id=5765043
	Index Scan using sbtest4_pkey on sbtest4  (cost=0.43..8.45 rows=1 width=121)
	  Index Cond: (id = 5765043)

table 5 : explain SELECT c FROM sbtest5 WHERE id=8369961
	Index Scan using sbtest5_pkey on sbtest5  (cost=0.43..8.45 rows=1 width=121)
	  Index Cond: (id = 8369961)

table 6 : explain SELECT c FROM sbtest6 WHERE id=1127596
	Index Scan using sbtest6_pkey on sbtest6  (cost=0.43..8.45 rows=1 width=121)
	  Index Cond: (id = 1127596)

table 7 : explain SELECT c FROM sbtest7 WHERE id=9346152
	Index Scan using sbtest7_pkey on sbtest7  (cost=0.43..8.45 rows=1 width=121)
	  Index Cond: (id = 9346152)

table 8 : explain SELECT c FROM sbtest8 WHERE id=675038
	Index Scan using sbtest8_pkey on sbtest8  (cost=0.43..8.45 rows=1 width=121)
	  Index Cond: (id = 675038)

for: simple_ranges
table 1 : explain SELECT c FROM sbtest1 WHERE id BETWEEN 6370321 AND 6370420
	Index Scan using sbtest1_pkey on sbtest1  (cost=0.43..381.34 rows=96 width=121)
	  Index Cond: ((id >= 6370321) AND (id <= 6370420))

table 2 : explain SELECT c FROM sbtest2 WHERE id BETWEEN 3096272 AND 3096371
	Index Scan using sbtest2_pkey on sbtest2  (cost=0.43..369.30 rows=93 width=121)
	  Index Cond: ((id >= 3096272) AND (id <= 3096371))

table 3 : explain SELECT c FROM sbtest3 WHERE id BETWEEN 1811879 AND 1811978
	Index Scan using sbtest3_pkey on sbtest3  (cost=0.43..390.59 rows=98 width=121)
	  Index Cond: ((id >= 1811879) AND (id <= 1811978))

table 4 : explain SELECT c FROM sbtest4 WHERE id BETWEEN 4966863 AND 4966962
	Index Scan using sbtest4_pkey on sbtest4  (cost=0.43..410.09 rows=103 width=121)
	  Index Cond: ((id >= 4966863) AND (id <= 4966962))

table 5 : explain SELECT c FROM sbtest5 WHERE id BETWEEN 3857578 AND 3857677
	Index Scan using sbtest5_pkey on sbtest5  (cost=0.43..423.59 rows=107 width=121)
	  Index Cond: ((id >= 3857578) AND (id <= 3857677))

table 6 : explain SELECT c FROM sbtest6 WHERE id BETWEEN 6616920 AND 6617019
	Index Scan using sbtest6_pkey on sbtest6  (cost=0.43..369.72 rows=93 width=121)
	  Index Cond: ((id >= 6616920) AND (id <= 6617019))

table 7 : explain SELECT c FROM sbtest7 WHERE id BETWEEN 8885518 AND 8885617
	Index Scan using sbtest7_pkey on sbtest7  (cost=0.43..404.36 rows=102 width=121)
	  Index Cond: ((id >= 8885518) AND (id <= 8885617))

table 8 : explain SELECT c FROM sbtest8 WHERE id BETWEEN 8889016 AND 8889115
	Index Scan using sbtest8_pkey on sbtest8  (cost=0.43..420.57 rows=106 width=121)
	  Index Cond: ((id >= 8889016) AND (id <= 8889115))

for point_selects
table 1 : explain SELECT c FROM sbtest1 WHERE id=5934938
	Index Scan using sbtest1_pkey on sbtest1  (cost=0.43..8.45 rows=1 width=121)
	  Index Cond: (id = 5934938)

table 2 : explain SELECT c FROM sbtest2 WHERE id=350547
	Index Scan using sbtest2_pkey on sbtest2  (cost=0.43..8.45 rows=1 width=121)
	  Index Cond: (id = 350547)

table 3 : explain SELECT c FROM sbtest3 WHERE id=3873803
	Index Scan using sbtest3_pkey on sbtest3  (cost=0.43..8.45 rows=1 width=121)
	  Index Cond: (id = 3873803)

table 4 : explain SELECT c FROM sbtest4 WHERE id=3633799
	Index Scan using sbtest4_pkey on sbtest4  (cost=0.43..8.45 rows=1 width=121)
	  Index Cond: (id = 3633799)

table 5 : explain SELECT c FROM sbtest5 WHERE id=3886897
	Index Scan using sbtest5_pkey on sbtest5  (cost=0.43..8.45 rows=1 width=121)
	  Index Cond: (id = 3886897)

table 6 : explain SELECT c FROM sbtest6 WHERE id=8027730
	Index Scan using sbtest6_pkey on sbtest6  (cost=0.43..8.45 rows=1 width=121)
	  Index Cond: (id = 8027730)

table 7 : explain SELECT c FROM sbtest7 WHERE id=2479745
	Index Scan using sbtest7_pkey on sbtest7  (cost=0.43..8.45 rows=1 width=121)
	  Index Cond: (id = 2479745)

table 8 : explain SELECT c FROM sbtest8 WHERE id=5480101
	Index Scan using sbtest8_pkey on sbtest8  (cost=0.43..8.45 rows=1 width=121)
	  Index Cond: (id = 5480101)

for: simple_ranges
table 1 : explain SELECT c FROM sbtest1 WHERE id BETWEEN 6971033 AND 6971132
	Index Scan using sbtest1_pkey on sbtest1  (cost=0.43..404.91 rows=102 width=121)
	  Index Cond: ((id >= 6971033) AND (id <= 6971132))

table 2 : explain SELECT c FROM sbtest2 WHERE id BETWEEN 4640794 AND 4640893
	Index Scan using sbtest2_pkey on sbtest2  (cost=0.43..432.07 rows=109 width=121)
	  Index Cond: ((id >= 4640794) AND (id <= 4640893))

table 3 : explain SELECT c FROM sbtest3 WHERE id BETWEEN 6120558 AND 6120657
	Index Scan using sbtest3_pkey on sbtest3  (cost=0.43..378.78 rows=95 width=121)
	  Index Cond: ((id >= 6120558) AND (id <= 6120657))

table 4 : explain SELECT c FROM sbtest4 WHERE id BETWEEN 3625246 AND 3625345
	Index Scan using sbtest4_pkey on sbtest4  (cost=0.43..410.09 rows=103 width=121)
	  Index Cond: ((id >= 3625246) AND (id <= 3625345))

table 5 : explain SELECT c FROM sbtest5 WHERE id BETWEEN 441229 AND 441328
	Index Scan using sbtest5_pkey on sbtest5  (cost=0.43..376.60 rows=95 width=121)
	  Index Cond: ((id >= 441229) AND (id <= 441328))

table 6 : explain SELECT c FROM sbtest6 WHERE id BETWEEN 1774843 AND 1774942
	Index Scan using sbtest6_pkey on sbtest6  (cost=0.43..424.68 rows=107 width=121)
	  Index Cond: ((id >= 1774843) AND (id <= 1774942))

table 7 : explain SELECT c FROM sbtest7 WHERE id BETWEEN 8058959 AND 8059058
	Index Scan using sbtest7_pkey on sbtest7  (cost=0.43..404.36 rows=102 width=121)
	  Index Cond: ((id >= 8058959) AND (id <= 8059058))

table 8 : explain SELECT c FROM sbtest8 WHERE id BETWEEN 5550101 AND 5550200
	Index Scan using sbtest8_pkey on sbtest8  (cost=0.43..428.42 rows=108 width=121)
	  Index Cond: ((id >= 5550101) AND (id <= 5550200))

for: simple_ranges
table 1 : explain SELECT c FROM sbtest1 WHERE id BETWEEN 3021036 AND 3021135
	Index Scan using sbtest1_pkey on sbtest1  (cost=0.43..389.21 rows=98 width=121)
	  Index Cond: ((id >= 3021036) AND (id <= 3021135))

table 2 : explain SELECT c FROM sbtest2 WHERE id BETWEEN 2267368 AND 2267467
	Index Scan using sbtest2_pkey on sbtest2  (cost=0.43..388.93 rows=98 width=121)
	  Index Cond: ((id >= 2267368) AND (id <= 2267467))

table 3 : explain SELECT c FROM sbtest3 WHERE id BETWEEN 7639215 AND 7639314
	Index Scan using sbtest3_pkey on sbtest3  (cost=0.43..445.74 rows=112 width=121)
	  Index Cond: ((id >= 7639215) AND (id <= 7639314))

table 4 : explain SELECT c FROM sbtest4 WHERE id BETWEEN 7056178 AND 7056277
	Index Scan using sbtest4_pkey on sbtest4  (cost=0.43..390.41 rows=98 width=121)
	  Index Cond: ((id >= 7056178) AND (id <= 7056277))

table 5 : explain SELECT c FROM sbtest5 WHERE id BETWEEN 1351702 AND 1351801
	Index Scan using sbtest5_pkey on sbtest5  (cost=0.43..384.43 rows=97 width=121)
	  Index Cond: ((id >= 1351702) AND (id <= 1351801))

table 6 : explain SELECT c FROM sbtest6 WHERE id BETWEEN 1843630 AND 1843729
	Index Scan using sbtest6_pkey on sbtest6  (cost=0.43..416.83 rows=105 width=121)
	  Index Cond: ((id >= 1843630) AND (id <= 1843729))

table 7 : explain SELECT c FROM sbtest7 WHERE id BETWEEN 9953743 AND 9953842
	Index Scan using sbtest7_pkey on sbtest7  (cost=0.43..376.93 rows=95 width=121)
	  Index Cond: ((id >= 9953743) AND (id <= 9953842))

table 8 : explain SELECT c FROM sbtest8 WHERE id BETWEEN 8936143 AND 8936242
	Index Scan using sbtest8_pkey on sbtest8  (cost=0.43..393.10 rows=99 width=121)
	  Index Cond: ((id >= 8936143) AND (id <= 8936242))

for: simple_ranges
table 1 : explain SELECT c FROM sbtest1 WHERE id BETWEEN 5521010 AND 5521109
	Index Scan using sbtest1_pkey on sbtest1  (cost=0.43..385.26 rows=97 width=121)
	  Index Cond: ((id >= 5521010) AND (id <= 5521109))

table 2 : explain SELECT c FROM sbtest2 WHERE id BETWEEN 3344108 AND 3344207
	Index Scan using sbtest2_pkey on sbtest2  (cost=0.43..396.78 rows=100 width=121)
	  Index Cond: ((id >= 3344108) AND (id <= 3344207))

table 3 : explain SELECT c FROM sbtest3 WHERE id BETWEEN 1003616 AND 1003715
	Index Scan using sbtest3_pkey on sbtest3  (cost=0.43..394.53 rows=99 width=121)
	  Index Cond: ((id >= 1003616) AND (id <= 1003715))

table 4 : explain SELECT c FROM sbtest4 WHERE id BETWEEN 6736818 AND 6736917
	Index Scan using sbtest4_pkey on sbtest4  (cost=0.43..382.53 rows=96 width=121)
	  Index Cond: ((id >= 6736818) AND (id <= 6736917))

table 5 : explain SELECT c FROM sbtest5 WHERE id BETWEEN 7854116 AND 7854215
	Index Scan using sbtest5_pkey on sbtest5  (cost=0.43..376.60 rows=95 width=121)
	  Index Cond: ((id >= 7854116) AND (id <= 7854215))

table 6 : explain SELECT c FROM sbtest6 WHERE id BETWEEN 5438759 AND 5438858
	Index Scan using sbtest6_pkey on sbtest6  (cost=0.43..412.90 rows=104 width=121)
	  Index Cond: ((id >= 5438759) AND (id <= 5438858))

table 7 : explain SELECT c FROM sbtest7 WHERE id BETWEEN 4071155 AND 4071254
	Index Scan using sbtest7_pkey on sbtest7  (cost=0.43..384.77 rows=97 width=121)
	  Index Cond: ((id >= 4071155) AND (id <= 4071254))

table 8 : explain SELECT c FROM sbtest8 WHERE id BETWEEN 2288315 AND 2288414
	Index Scan using sbtest8_pkey on sbtest8  (cost=0.43..385.26 rows=97 width=121)
	  Index Cond: ((id >= 2288315) AND (id <= 2288414))

for: sum_ranges
table 1 : explain SELECT SUM(k) FROM sbtest1 WHERE id BETWEEN 906978 AND 907077
	Aggregate  (cost=432.65..432.66 rows=1 width=8)
	  ->  Index Scan using sbtest1_pkey on sbtest1  (cost=0.43..432.38 rows=109 width=4)
	        Index Cond: ((id >= 906978) AND (id <= 907077))

table 2 : explain SELECT SUM(k) FROM sbtest2 WHERE id BETWEEN 8432447 AND 8432546
	Aggregate  (cost=373.46..373.47 rows=1 width=8)
	  ->  Index Scan using sbtest2_pkey on sbtest2  (cost=0.43..373.22 rows=94 width=4)
	        Index Cond: ((id >= 8432447) AND (id <= 8432546))

table 3 : explain SELECT SUM(k) FROM sbtest3 WHERE id BETWEEN 8817495 AND 8817594
	Aggregate  (cost=375.05..375.06 rows=1 width=8)
	  ->  Index Scan using sbtest3_pkey on sbtest3  (cost=0.43..374.82 rows=94 width=4)
	        Index Cond: ((id >= 8817495) AND (id <= 8817594))

table 4 : explain SELECT SUM(k) FROM sbtest4 WHERE id BETWEEN 1004528 AND 1004627
	Aggregate  (cost=402.47..402.48 rows=1 width=8)
	  ->  Index Scan using sbtest4_pkey on sbtest4  (cost=0.43..402.22 rows=101 width=4)
	        Index Cond: ((id >= 1004528) AND (id <= 1004627))

table 5 : explain SELECT SUM(k) FROM sbtest5 WHERE id BETWEEN 1998383 AND 1998482
	Aggregate  (cost=412.10..412.11 rows=1 width=8)
	  ->  Index Scan using sbtest5_pkey on sbtest5  (cost=0.43..411.84 rows=104 width=4)
	        Index Cond: ((id >= 1998383) AND (id <= 1998482))

table 6 : explain SELECT SUM(k) FROM sbtest6 WHERE id BETWEEN 6332690 AND 6332789
	Aggregate  (cost=362.07..362.08 rows=1 width=8)
	  ->  Index Scan using sbtest6_pkey on sbtest6  (cost=0.43..361.84 rows=91 width=4)
	        Index Cond: ((id >= 6332690) AND (id <= 6332789))

table 7 : explain SELECT SUM(k) FROM sbtest7 WHERE id BETWEEN 8386888 AND 8386987
	Aggregate  (cost=369.32..369.33 rows=1 width=8)
	  ->  Index Scan using sbtest7_pkey on sbtest7  (cost=0.43..369.09 rows=93 width=4)
	        Index Cond: ((id >= 8386888) AND (id <= 8386987))

table 8 : explain SELECT SUM(k) FROM sbtest8 WHERE id BETWEEN 1520166 AND 1520265
	Aggregate  (cost=409.06..409.07 rows=1 width=8)
	  ->  Index Scan using sbtest8_pkey on sbtest8  (cost=0.43..408.80 rows=103 width=4)
	        Index Cond: ((id >= 1520166) AND (id <= 1520265))

for: simple_ranges
table 1 : explain SELECT c FROM sbtest1 WHERE id BETWEEN 5204628 AND 5204727
	Index Scan using sbtest1_pkey on sbtest1  (cost=0.43..389.21 rows=98 width=121)
	  Index Cond: ((id >= 5204628) AND (id <= 5204727))

table 2 : explain SELECT c FROM sbtest2 WHERE id BETWEEN 9163890 AND 9163989
	Index Scan using sbtest2_pkey on sbtest2  (cost=0.43..416.39 rows=105 width=121)
	  Index Cond: ((id >= 9163890) AND (id <= 9163989))

table 3 : explain SELECT c FROM sbtest3 WHERE id BETWEEN 2803090 AND 2803189
	Index Scan using sbtest3_pkey on sbtest3  (cost=0.43..382.72 rows=96 width=121)
	  Index Cond: ((id >= 2803090) AND (id <= 2803189))

table 4 : explain SELECT c FROM sbtest4 WHERE id BETWEEN 8363339 AND 8363438
	Index Scan using sbtest4_pkey on sbtest4  (cost=0.43..362.83 rows=91 width=121)
	  Index Cond: ((id >= 8363339) AND (id <= 8363438))

table 5 : explain SELECT c FROM sbtest5 WHERE id BETWEEN 3288804 AND 3288903
	Index Scan using sbtest5_pkey on sbtest5  (cost=0.43..376.60 rows=95 width=121)
	  Index Cond: ((id >= 3288804) AND (id <= 3288903))

table 6 : explain SELECT c FROM sbtest6 WHERE id BETWEEN 274108 AND 274207
	Index Scan using sbtest6_pkey on sbtest6  (cost=0.43..373.64 rows=94 width=121)
	  Index Cond: ((id >= 274108) AND (id <= 274207))

table 7 : explain SELECT c FROM sbtest7 WHERE id BETWEEN 9698748 AND 9698847
	Index Scan using sbtest7_pkey on sbtest7  (cost=0.43..392.60 rows=99 width=121)
	  Index Cond: ((id >= 9698748) AND (id <= 9698847))

table 8 : explain SELECT c FROM sbtest8 WHERE id BETWEEN 1612282 AND 1612381
	Index Scan using sbtest8_pkey on sbtest8  (cost=0.43..408.80 rows=103 width=121)
	  Index Cond: ((id >= 1612282) AND (id <= 1612381))

explain: for point_selects :: explain SELECT c FROM sbtest%u WHERE id=%u
explain: for point_selects :: explain SELECT c FROM sbtest%u WHERE id=%u
for: sum_ranges
table 1 : explain SELECT SUM(k) FROM sbtest1 WHERE id BETWEEN 5723603 AND 5723702
	Aggregate  (cost=393.38..393.39 rows=1 width=8)
	  ->  Index Scan using sbtest1_pkey on sbtest1  (cost=0.43..393.13 rows=99 width=4)
	        Index Cond: ((id >= 5723603) AND (id <= 5723702))

table 2 : explain SELECT SUM(k) FROM sbtest2 WHERE id BETWEEN 2697603 AND 2697702
	Aggregate  (cost=404.88..404.89 rows=1 width=8)
	  ->  Index Scan using sbtest2_pkey on sbtest2  (cost=0.43..404.62 rows=102 width=4)
	        Index Cond: ((id >= 2697603) AND (id <= 2697702))

table 3 : explain SELECT SUM(k) FROM sbtest3 WHERE id BETWEEN 1074323 AND 1074422
	Aggregate  (cost=394.78..394.79 rows=1 width=8)
	  ->  Index Scan using sbtest3_pkey on sbtest3  (cost=0.43..394.53 rows=99 width=4)
	        Index Cond: ((id >= 1074323) AND (id <= 1074422))

table 4 : explain SELECT SUM(k) FROM sbtest4 WHERE id BETWEEN 4900822 AND 4900921
	Aggregate  (cost=363.06..363.07 rows=1 width=8)
	  ->  Index Scan using sbtest4_pkey on sbtest4  (cost=0.43..362.83 rows=91 width=4)
	        Index Cond: ((id >= 4900822) AND (id <= 4900921))

table 5 : explain SELECT SUM(k) FROM sbtest5 WHERE id BETWEEN 6052038 AND 6052137
	Aggregate  (cost=427.77..427.78 rows=1 width=8)
	  ->  Index Scan using sbtest5_pkey on sbtest5  (cost=0.43..427.50 rows=108 width=4)
	        Index Cond: ((id >= 6052038) AND (id <= 6052137))

table 6 : explain SELECT SUM(k) FROM sbtest6 WHERE id BETWEEN 5977782 AND 5977881
	Aggregate  (cost=421.02..421.03 rows=1 width=8)
	  ->  Index Scan using sbtest6_pkey on sbtest6  (cost=0.43..420.76 rows=106 width=4)
	        Index Cond: ((id >= 5977782) AND (id <= 5977881))

table 7 : explain SELECT SUM(k) FROM sbtest7 WHERE id BETWEEN 6623150 AND 6623249
	Aggregate  (cost=447.75..447.76 rows=1 width=8)
	  ->  Index Scan using sbtest7_pkey on sbtest7  (cost=0.43..447.47 rows=113 width=4)
	        Index Cond: ((id >= 6623150) AND (id <= 6623249))

table 8 : explain SELECT SUM(k) FROM sbtest8 WHERE id BETWEEN 445345 AND 445444
	Aggregate  (cost=428.69..428.70 rows=1 width=8)
	  ->  Index Scan using sbtest8_pkey on sbtest8  (cost=0.43..428.42 rows=108 width=4)
	        Index Cond: ((id >= 445345) AND (id <= 445444))

for: sum_ranges
table 1 : explain SELECT SUM(k) FROM sbtest1 WHERE id BETWEEN 1358648 AND 1358747
	Aggregate  (cost=413.02..413.03 rows=1 width=8)
	  ->  Index Scan using sbtest1_pkey on sbtest1  (cost=0.43..412.76 rows=104 width=4)
	        Index Cond: ((id >= 1358648) AND (id <= 1358747))

table 2 : explain SELECT SUM(k) FROM sbtest2 WHERE id BETWEEN 2912000 AND 2912099
	Aggregate  (cost=369.53..369.54 rows=1 width=8)
	  ->  Index Scan using sbtest2_pkey on sbtest2  (cost=0.43..369.30 rows=93 width=4)
	        Index Cond: ((id >= 2912000) AND (id <= 2912099))

table 3 : explain SELECT SUM(k) FROM sbtest3 WHERE id BETWEEN 8523707 AND 8523806
	Aggregate  (cost=386.90..386.91 rows=1 width=8)
	  ->  Index Scan using sbtest3_pkey on sbtest3  (cost=0.43..386.65 rows=97 width=4)
	        Index Cond: ((id >= 8523707) AND (id <= 8523806))

table 4 : explain SELECT SUM(k) FROM sbtest4 WHERE id BETWEEN 3706587 AND 3706686
	Aggregate  (cost=414.29..414.30 rows=1 width=8)
	  ->  Index Scan using sbtest4_pkey on sbtest4  (cost=0.43..414.03 rows=104 width=4)
	        Index Cond: ((id >= 3706587) AND (id <= 3706686))

table 5 : explain SELECT SUM(k) FROM sbtest5 WHERE id BETWEEN 7084424 AND 7084523
	Aggregate  (cost=361.16..361.17 rows=1 width=8)
	  ->  Index Scan using sbtest5_pkey on sbtest5  (cost=0.43..360.94 rows=91 width=4)
	        Index Cond: ((id >= 7084424) AND (id <= 7084523))

table 6 : explain SELECT SUM(k) FROM sbtest6 WHERE id BETWEEN 9826327 AND 9826426
	Aggregate  (cost=413.16..413.17 rows=1 width=8)
	  ->  Index Scan using sbtest6_pkey on sbtest6  (cost=0.43..412.90 rows=104 width=4)
	        Index Cond: ((id >= 9826327) AND (id <= 9826426))

table 7 : explain SELECT SUM(k) FROM sbtest7 WHERE id BETWEEN 9976635 AND 9976734
	Aggregate  (cost=377.16..377.17 rows=1 width=8)
	  ->  Index Scan using sbtest7_pkey on sbtest7  (cost=0.43..376.93 rows=95 width=4)
	        Index Cond: ((id >= 9976635) AND (id <= 9976734))

table 8 : explain SELECT SUM(k) FROM sbtest8 WHERE id BETWEEN 683781 AND 683880
	Aggregate  (cost=354.06..354.07 rows=1 width=8)
	  ->  Index Scan using sbtest8_pkey on sbtest8  (cost=0.43..353.84 rows=89 width=4)
	        Index Cond: ((id >= 683781) AND (id <= 683880))

for: sum_ranges
table 1 : explain SELECT SUM(k) FROM sbtest1 WHERE id BETWEEN 5731297 AND 5731396
	Aggregate  (cost=393.38..393.39 rows=1 width=8)
	  ->  Index Scan using sbtest1_pkey on sbtest1  (cost=0.43..393.13 rows=99 width=4)
	        Index Cond: ((id >= 5731297) AND (id <= 5731396))

table 2 : explain SELECT SUM(k) FROM sbtest2 WHERE id BETWEEN 7526081 AND 7526180
	Aggregate  (cost=377.38..377.39 rows=1 width=8)
	  ->  Index Scan using sbtest2_pkey on sbtest2  (cost=0.43..377.15 rows=95 width=4)
	        Index Cond: ((id >= 7526081) AND (id <= 7526180))

table 3 : explain SELECT SUM(k) FROM sbtest3 WHERE id BETWEEN 4655530 AND 4655629
	Aggregate  (cost=378.99..379.00 rows=1 width=8)
	  ->  Index Scan using sbtest3_pkey on sbtest3  (cost=0.43..378.76 rows=95 width=4)
	        Index Cond: ((id >= 4655530) AND (id <= 4655629))

table 4 : explain SELECT SUM(k) FROM sbtest4 WHERE id BETWEEN 3055149 AND 3055248
	Aggregate  (cost=402.47..402.48 rows=1 width=8)
	  ->  Index Scan using sbtest4_pkey on sbtest4  (cost=0.43..402.22 rows=101 width=4)
	        Index Cond: ((id >= 3055149) AND (id <= 3055248))

table 5 : explain SELECT SUM(k) FROM sbtest5 WHERE id BETWEEN 8589958 AND 8590057
	Aggregate  (cost=384.67..384.68 rows=1 width=8)
	  ->  Index Scan using sbtest5_pkey on sbtest5  (cost=0.43..384.43 rows=97 width=4)
	        Index Cond: ((id >= 8589958) AND (id <= 8590057))

table 6 : explain SELECT SUM(k) FROM sbtest6 WHERE id BETWEEN 6681684 AND 6681783
	Aggregate  (cost=369.95..369.96 rows=1 width=8)
	  ->  Index Scan using sbtest6_pkey on sbtest6  (cost=0.43..369.72 rows=93 width=4)
	        Index Cond: ((id >= 6681684) AND (id <= 6681783))

table 7 : explain SELECT SUM(k) FROM sbtest7 WHERE id BETWEEN 1280452 AND 1280551
	Aggregate  (cost=404.62..404.63 rows=1 width=8)
	  ->  Index Scan using sbtest7_pkey on sbtest7  (cost=0.43..404.36 rows=102 width=4)
	        Index Cond: ((id >= 1280452) AND (id <= 1280551))

table 8 : explain SELECT SUM(k) FROM sbtest8 WHERE id BETWEEN 4875515 AND 4875614
	Aggregate  (cost=401.21..401.22 rows=1 width=8)
	  ->  Index Scan using sbtest8_pkey on sbtest8  (cost=0.43..400.95 rows=101 width=4)
	        Index Cond: ((id >= 4875515) AND (id <= 4875614))

explain: for point_selects :: explain SELECT c FROM sbtest%u WHERE id=%u
for: sum_ranges
table 1 : explain SELECT SUM(k) FROM sbtest1 WHERE id BETWEEN 2918951 AND 2919050
	Aggregate  (cost=409.09..409.10 rows=1 width=8)
	  ->  Index Scan using sbtest1_pkey on sbtest1  (cost=0.43..408.83 rows=103 width=4)
	        Index Cond: ((id >= 2918951) AND (id <= 2919050))

table 2 : explain SELECT SUM(k) FROM sbtest2 WHERE id BETWEEN 2346131 AND 2346230
	Aggregate  (cost=416.65..416.66 rows=1 width=8)
	  ->  Index Scan using sbtest2_pkey on sbtest2  (cost=0.43..416.39 rows=105 width=4)
	        Index Cond: ((id >= 2346131) AND (id <= 2346230))

table 3 : explain SELECT SUM(k) FROM sbtest3 WHERE id BETWEEN 4023611 AND 4023710
	Aggregate  (cost=430.25..430.26 rows=1 width=8)
	  ->  Index Scan using sbtest3_pkey on sbtest3  (cost=0.43..429.98 rows=108 width=4)
	        Index Cond: ((id >= 4023611) AND (id <= 4023710))

table 4 : explain SELECT SUM(k) FROM sbtest4 WHERE id BETWEEN 5608522 AND 5608621
	Aggregate  (cost=406.41..406.42 rows=1 width=8)
	  ->  Index Scan using sbtest4_pkey on sbtest4  (cost=0.43..406.16 rows=102 width=4)
	        Index Cond: ((id >= 5608522) AND (id <= 5608621))

table 5 : explain SELECT SUM(k) FROM sbtest5 WHERE id BETWEEN 6369724 AND 6369823
	Aggregate  (cost=427.77..427.78 rows=1 width=8)
	  ->  Index Scan using sbtest5_pkey on sbtest5  (cost=0.43..427.50 rows=108 width=4)
	        Index Cond: ((id >= 6369724) AND (id <= 6369823))

table 6 : explain SELECT SUM(k) FROM sbtest6 WHERE id BETWEEN 5529310 AND 5529409
	Aggregate  (cost=444.59..444.60 rows=1 width=8)
	  ->  Index Scan using sbtest6_pkey on sbtest6  (cost=0.43..444.31 rows=112 width=4)
	        Index Cond: ((id >= 5529310) AND (id <= 5529409))

table 7 : explain SELECT SUM(k) FROM sbtest7 WHERE id BETWEEN 5586642 AND 5586741
	Aggregate  (cost=443.83..443.84 rows=1 width=8)
	  ->  Index Scan using sbtest7_pkey on sbtest7  (cost=0.43..443.55 rows=112 width=4)
	        Index Cond: ((id >= 5586642) AND (id <= 5586741))

table 8 : explain SELECT SUM(k) FROM sbtest8 WHERE id BETWEEN 372813 AND 372912
	Aggregate  (cost=397.28..397.29 rows=1 width=8)
	  ->  Index Scan using sbtest8_pkey on sbtest8  (cost=0.43..397.03 rows=100 width=4)
	        Index Cond: ((id >= 372813) AND (id <= 372912))

for: sum_ranges
table 1 : explain SELECT SUM(k) FROM sbtest1 WHERE id BETWEEN 5297088 AND 5297187
	Aggregate  (cost=436.58..436.59 rows=1 width=8)
	  ->  Index Scan using sbtest1_pkey on sbtest1  (cost=0.43..436.30 rows=110 width=4)
	        Index Cond: ((id >= 5297088) AND (id <= 5297187))

table 2 : explain SELECT SUM(k) FROM sbtest2 WHERE id BETWEEN 7021534 AND 7021633
	Aggregate  (cost=393.10..393.11 rows=1 width=8)
	  ->  Index Scan using sbtest2_pkey on sbtest2  (cost=0.43..392.86 rows=99 width=4)
	        Index Cond: ((id >= 7021534) AND (id <= 7021633))

table 3 : explain SELECT SUM(k) FROM sbtest3 WHERE id BETWEEN 8735608 AND 8735707
	Aggregate  (cost=414.49..414.50 rows=1 width=8)
	  ->  Index Scan using sbtest3_pkey on sbtest3  (cost=0.43..414.23 rows=104 width=4)
	        Index Cond: ((id >= 8735608) AND (id <= 8735707))

table 4 : explain SELECT SUM(k) FROM sbtest4 WHERE id BETWEEN 6237260 AND 6237359
	Aggregate  (cost=402.47..402.48 rows=1 width=8)
	  ->  Index Scan using sbtest4_pkey on sbtest4  (cost=0.43..402.22 rows=101 width=4)
	        Index Cond: ((id >= 6237260) AND (id <= 6237359))

table 5 : explain SELECT SUM(k) FROM sbtest5 WHERE id BETWEEN 9368433 AND 9368532
	Aggregate  (cost=369.00..369.01 rows=1 width=8)
	  ->  Index Scan using sbtest5_pkey on sbtest5  (cost=0.43..368.77 rows=93 width=4)
	        Index Cond: ((id >= 9368433) AND (id <= 9368532))

table 6 : explain SELECT SUM(k) FROM sbtest6 WHERE id BETWEEN 7534196 AND 7534295
	Aggregate  (cost=373.88..373.89 rows=1 width=8)
	  ->  Index Scan using sbtest6_pkey on sbtest6  (cost=0.43..373.64 rows=94 width=4)
	        Index Cond: ((id >= 7534196) AND (id <= 7534295))

table 7 : explain SELECT SUM(k) FROM sbtest7 WHERE id BETWEEN 1744290 AND 1744389
	Aggregate  (cost=373.24..373.25 rows=1 width=8)
	  ->  Index Scan using sbtest7_pkey on sbtest7  (cost=0.43..373.01 rows=94 width=4)
	        Index Cond: ((id >= 1744290) AND (id <= 1744389))

table 8 : explain SELECT SUM(k) FROM sbtest8 WHERE id BETWEEN 1502731 AND 1502830
	Aggregate  (cost=381.57..381.58 rows=1 width=8)
	  ->  Index Scan using sbtest8_pkey on sbtest8  (cost=0.43..381.33 rows=96 width=4)
	        Index Cond: ((id >= 1502731) AND (id <= 1502830))

for point_selects
table 1 : explain SELECT c FROM sbtest1 WHERE id=9778233
	Index Scan using sbtest1_pkey on sbtest1  (cost=0.43..8.45 rows=1 width=121)
	  Index Cond: (id = 9778233)

table 2 : explain SELECT c FROM sbtest2 WHERE id=8974793
	Index Scan using sbtest2_pkey on sbtest2  (cost=0.43..8.45 rows=1 width=121)
	  Index Cond: (id = 8974793)

table 3 : explain SELECT c FROM sbtest3 WHERE id=6146669
	Index Scan using sbtest3_pkey on sbtest3  (cost=0.43..8.45 rows=1 width=121)
	  Index Cond: (id = 6146669)

table 4 : explain SELECT c FROM sbtest4 WHERE id=2995324
	Index Scan using sbtest4_pkey on sbtest4  (cost=0.43..8.45 rows=1 width=121)
	  Index Cond: (id = 2995324)

table 5 : explain SELECT c FROM sbtest5 WHERE id=7729612
	Index Scan using sbtest5_pkey on sbtest5  (cost=0.43..8.45 rows=1 width=121)
	  Index Cond: (id = 7729612)

table 6 : explain SELECT c FROM sbtest6 WHERE id=9239421
	Index Scan using sbtest6_pkey on sbtest6  (cost=0.43..8.45 rows=1 width=121)
	  Index Cond: (id = 9239421)

table 7 : explain SELECT c FROM sbtest7 WHERE id=5507797
	Index Scan using sbtest7_pkey on sbtest7  (cost=0.43..8.45 rows=1 width=121)
	  Index Cond: (id = 5507797)

table 8 : explain SELECT c FROM sbtest8 WHERE id=2208958
	Index Scan using sbtest8_pkey on sbtest8  (cost=0.43..8.45 rows=1 width=121)
	  Index Cond: (id = 2208958)

for point_selects
table 1 : explain SELECT c FROM sbtest1 WHERE id=7603850
	Index Scan using sbtest1_pkey on sbtest1  (cost=0.43..8.45 rows=1 width=121)
	  Index Cond: (id = 7603850)

table 2 : explain SELECT c FROM sbtest2 WHERE id=8758592
	Index Scan using sbtest2_pkey on sbtest2  (cost=0.43..8.45 rows=1 width=121)
	  Index Cond: (id = 8758592)

table 3 : explain SELECT c FROM sbtest3 WHERE id=3009868
	Index Scan using sbtest3_pkey on sbtest3  (cost=0.43..8.45 rows=1 width=121)
	  Index Cond: (id = 3009868)

table 4 : explain SELECT c FROM sbtest4 WHERE id=4172330
	Index Scan using sbtest4_pkey on sbtest4  (cost=0.43..8.45 rows=1 width=121)
	  Index Cond: (id = 4172330)

table 5 : explain SELECT c FROM sbtest5 WHERE id=6320292
	Index Scan using sbtest5_pkey on sbtest5  (cost=0.43..8.45 rows=1 width=121)
	  Index Cond: (id = 6320292)

table 6 : explain SELECT c FROM sbtest6 WHERE id=1250396
	Index Scan using sbtest6_pkey on sbtest6  (cost=0.43..8.45 rows=1 width=121)
	  Index Cond: (id = 1250396)

table 7 : explain SELECT c FROM sbtest7 WHERE id=4972009
	Index Scan using sbtest7_pkey on sbtest7  (cost=0.43..8.45 rows=1 width=121)
	  Index Cond: (id = 4972009)

table 8 : explain SELECT c FROM sbtest8 WHERE id=8373139
	Index Scan using sbtest8_pkey on sbtest8  (cost=0.43..8.45 rows=1 width=121)
	  Index Cond: (id = 8373139)

for: order_ranges
table 1 : explain SELECT c FROM sbtest1 WHERE id BETWEEN 4231648 AND 4231747 ORDER BY c
	Sort  (cost=404.34..404.60 rows=101 width=121)
	  Sort Key: c
	  ->  Index Scan using sbtest1_pkey on sbtest1  (cost=0.43..400.98 rows=101 width=121)
	        Index Cond: ((id >= 4231648) AND (id <= 4231747))

table 2 : explain SELECT c FROM sbtest2 WHERE id BETWEEN 6860517 AND 6860616 ORDER BY c
	Sort  (cost=372.34..372.57 rows=93 width=121)
	  Sort Key: c
	  ->  Index Scan using sbtest2_pkey on sbtest2  (cost=0.43..369.30 rows=93 width=121)
	        Index Cond: ((id >= 6860517) AND (id <= 6860616))

table 3 : explain SELECT c FROM sbtest3 WHERE id BETWEEN 5868872 AND 5868971 ORDER BY c
	Sort  (cost=385.88..386.12 rows=96 width=121)
	  Sort Key: c
	  ->  Index Scan using sbtest3_pkey on sbtest3  (cost=0.43..382.72 rows=96 width=121)
	        Index Cond: ((id >= 5868872) AND (id <= 5868971))

table 4 : explain SELECT c FROM sbtest4 WHERE id BETWEEN 3689312 AND 3689411 ORDER BY c
	Sort  (cost=417.51..417.77 rows=104 width=121)
	  Sort Key: c
	  ->  Index Scan using sbtest4_pkey on sbtest4  (cost=0.43..414.03 rows=104 width=121)
	        Index Cond: ((id >= 3689312) AND (id <= 3689411))

table 5 : explain SELECT c FROM sbtest5 WHERE id BETWEEN 5480946 AND 5481045 ORDER BY c
	Sort  (cost=387.63..387.87 rows=97 width=121)
	  Sort Key: c
	  ->  Index Scan using sbtest5_pkey on sbtest5  (cost=0.43..384.43 rows=97 width=121)
	        Index Cond: ((id >= 5480946) AND (id <= 5481045))

table 6 : explain SELECT c FROM sbtest6 WHERE id BETWEEN 3907886 AND 3907985 ORDER BY c
	Sort  (cost=400.52..400.77 rows=100 width=121)
	  Sort Key: c
	  ->  Index Scan using sbtest6_pkey on sbtest6  (cost=0.43..397.20 rows=100 width=121)
	        Index Cond: ((id >= 3907886) AND (id <= 3907985))

table 7 : explain SELECT c FROM sbtest7 WHERE id BETWEEN 8073921 AND 8074020 ORDER BY c
	Sort  (cost=407.76..408.02 rows=102 width=121)
	  Sort Key: c
	  ->  Index Scan using sbtest7_pkey on sbtest7  (cost=0.43..404.36 rows=102 width=121)
	        Index Cond: ((id >= 8073921) AND (id <= 8074020))

table 8 : explain SELECT c FROM sbtest8 WHERE id BETWEEN 9128580 AND 9128679 ORDER BY c
	Sort  (cost=412.25..412.50 rows=103 width=121)
	  Sort Key: c
	  ->  Index Scan using sbtest8_pkey on sbtest8  (cost=0.43..408.80 rows=103 width=121)
	        Index Cond: ((id >= 9128580) AND (id <= 9128679))

for: order_ranges
table 1 : explain SELECT c FROM sbtest1 WHERE id BETWEEN 8698819 AND 8698918 ORDER BY c
	Sort  (cost=400.38..400.63 rows=100 width=121)
	  Sort Key: c
	  ->  Index Scan using sbtest1_pkey on sbtest1  (cost=0.43..397.06 rows=100 width=121)
	        Index Cond: ((id >= 8698819) AND (id <= 8698918))

table 2 : explain SELECT c FROM sbtest2 WHERE id BETWEEN 248573 AND 248672 ORDER BY c
	Sort  (cost=400.10..400.35 rows=100 width=121)
	  Sort Key: c
	  ->  Index Scan using sbtest2_pkey on sbtest2  (cost=0.43..396.78 rows=100 width=121)
	        Index Cond: ((id >= 248573) AND (id <= 248672))

table 3 : explain SELECT c FROM sbtest3 WHERE id BETWEEN 9484272 AND 9484371 ORDER BY c
	Sort  (cost=409.75..410.01 rows=102 width=121)
	  Sort Key: c
	  ->  Index Scan using sbtest3_pkey on sbtest3  (cost=0.43..406.35 rows=102 width=121)
	        Index Cond: ((id >= 9484272) AND (id <= 9484371))

table 4 : explain SELECT c FROM sbtest4 WHERE id BETWEEN 8426491 AND 8426590 ORDER BY c
	Sort  (cost=381.72..381.96 rows=95 width=121)
	  Sort Key: c
	  ->  Index Scan using sbtest4_pkey on sbtest4  (cost=0.43..378.60 rows=95 width=121)
	        Index Cond: ((id >= 8426491) AND (id <= 8426590))

table 5 : explain SELECT c FROM sbtest5 WHERE id BETWEEN 5870241 AND 5870340 ORDER BY c
	Sort  (cost=395.54..395.79 rows=99 width=121)
	  Sort Key: c
	  ->  Index Scan using sbtest5_pkey on sbtest5  (cost=0.43..392.26 rows=99 width=121)
	        Index Cond: ((id >= 5870241) AND (id <= 5870340))

table 6 : explain SELECT c FROM sbtest6 WHERE id BETWEEN 9694419 AND 9694518 ORDER BY c
	Sort  (cost=396.56..396.80 rows=99 width=121)
	  Sort Key: c
	  ->  Index Scan using sbtest6_pkey on sbtest6  (cost=0.43..393.27 rows=99 width=121)
	        Index Cond: ((id >= 9694419) AND (id <= 9694518))

table 7 : explain SELECT c FROM sbtest7 WHERE id BETWEEN 4055882 AND 4055981 ORDER BY c
	Sort  (cost=387.97..388.21 rows=97 width=121)
	  Sort Key: c
	  ->  Index Scan using sbtest7_pkey on sbtest7  (cost=0.43..384.77 rows=97 width=121)
	        Index Cond: ((id >= 4055882) AND (id <= 4055981))

table 8 : explain SELECT c FROM sbtest8 WHERE id BETWEEN 475258 AND 475357 ORDER BY c
	Sort  (cost=432.07..432.34 rows=108 width=121)
	  Sort Key: c
	  ->  Index Scan using sbtest8_pkey on sbtest8  (cost=0.43..428.42 rows=108 width=121)
	        Index Cond: ((id >= 475258) AND (id <= 475357))

for: order_ranges
table 1 : explain SELECT c FROM sbtest1 WHERE id BETWEEN 2385888 AND 2385987 ORDER BY c
	Sort  (cost=400.38..400.63 rows=100 width=121)
	  Sort Key: c
	  ->  Index Scan using sbtest1_pkey on sbtest1  (cost=0.43..397.06 rows=100 width=121)
	        Index Cond: ((id >= 2385888) AND (id <= 2385987))

table 2 : explain SELECT c FROM sbtest2 WHERE id BETWEEN 4189229 AND 4189328 ORDER BY c
	Sort  (cost=376.30..376.54 rows=94 width=121)
	  Sort Key: c
	  ->  Index Scan using sbtest2_pkey on sbtest2  (cost=0.43..373.22 rows=94 width=121)
	        Index Cond: ((id >= 4189229) AND (id <= 4189328))

table 3 : explain SELECT c FROM sbtest3 WHERE id BETWEEN 425831 AND 425930 ORDER BY c
	Sort  (cost=433.63..433.90 rows=108 width=121)
	  Sort Key: c
	  ->  Index Scan using sbtest3_pkey on sbtest3  (cost=0.43..429.98 rows=108 width=121)
	        Index Cond: ((id >= 425831) AND (id <= 425930))

table 4 : explain SELECT c FROM sbtest4 WHERE id BETWEEN 8542612 AND 8542711 ORDER BY c
	Sort  (cost=405.58..405.83 rows=101 width=121)
	  Sort Key: c
	  ->  Index Scan using sbtest4_pkey on sbtest4  (cost=0.43..402.22 rows=101 width=121)
	        Index Cond: ((id >= 8542612) AND (id <= 8542711))

table 5 : explain SELECT c FROM sbtest5 WHERE id BETWEEN 4867958 AND 4868057 ORDER BY c
	Sort  (cost=383.67..383.91 rows=96 width=121)
	  Sort Key: c
	  ->  Index Scan using sbtest5_pkey on sbtest5  (cost=0.43..380.51 rows=96 width=121)
	        Index Cond: ((id >= 4867958) AND (id <= 4868057))

table 6 : explain SELECT c FROM sbtest6 WHERE id BETWEEN 297799 AND 297898 ORDER BY c
	Sort  (cost=376.72..376.96 rows=94 width=121)
	  Sort Key: c
	  ->  Index Scan using sbtest6_pkey on sbtest6  (cost=0.43..373.64 rows=94 width=121)
	        Index Cond: ((id >= 297799) AND (id <= 297898))

table 7 : explain SELECT c FROM sbtest7 WHERE id BETWEEN 5224653 AND 5224752 ORDER BY c
	Sort  (cost=391.93..392.17 rows=98 width=121)
	  Sort Key: c
	  ->  Index Scan using sbtest7_pkey on sbtest7  (cost=0.43..388.68 rows=98 width=121)
	        Index Cond: ((id >= 5224653) AND (id <= 5224752))

table 8 : explain SELECT c FROM sbtest8 WHERE id BETWEEN 884496 AND 884595 ORDER BY c
	Sort  (cost=396.39..396.63 rows=99 width=121)
	  Sort Key: c
	  ->  Index Scan using sbtest8_pkey on sbtest8  (cost=0.43..393.10 rows=99 width=121)
	        Index Cond: ((id >= 884496) AND (id <= 884595))

for: order_ranges
table 1 : explain SELECT c FROM sbtest1 WHERE id BETWEEN 4885331 AND 4885430 ORDER BY c
	Sort  (cost=384.50..384.74 rows=96 width=121)
	  Sort Key: c
	  ->  Index Scan using sbtest1_pkey on sbtest1  (cost=0.43..381.34 rows=96 width=121)
	        Index Cond: ((id >= 4885331) AND (id <= 4885430))

table 2 : explain SELECT c FROM sbtest2 WHERE id BETWEEN 1847905 AND 1848004 ORDER BY c
	Sort  (cost=408.02..408.28 rows=102 width=121)
	  Sort Key: c
	  ->  Index Scan using sbtest2_pkey on sbtest2  (cost=0.43..404.62 rows=102 width=121)
	        Index Cond: ((id >= 1847905) AND (id <= 1848004))

table 3 : explain SELECT c FROM sbtest3 WHERE id BETWEEN 6786726 AND 6786825 ORDER BY c
	Sort  (cost=393.83..394.08 rows=98 width=121)
	  Sort Key: c
	  ->  Index Scan using sbtest3_pkey on sbtest3  (cost=0.43..390.59 rows=98 width=121)
	        Index Cond: ((id >= 6786726) AND (id <= 6786825))

table 4 : explain SELECT c FROM sbtest4 WHERE id BETWEEN 4245362 AND 4245461 ORDER BY c
	Sort  (cost=385.69..385.93 rows=96 width=121)
	  Sort Key: c
	  ->  Index Scan using sbtest4_pkey on sbtest4  (cost=0.43..382.53 rows=96 width=121)
	        Index Cond: ((id >= 4245362) AND (id <= 4245461))

table 5 : explain SELECT c FROM sbtest5 WHERE id BETWEEN 7587115 AND 7587214 ORDER BY c
	Sort  (cost=387.63..387.87 rows=97 width=121)
	  Sort Key: c
	  ->  Index Scan using sbtest5_pkey on sbtest5  (cost=0.43..384.43 rows=97 width=121)
	        Index Cond: ((id >= 7587115) AND (id <= 7587214))

table 6 : explain SELECT c FROM sbtest6 WHERE id BETWEEN 6186634 AND 6186733 ORDER BY c
	Sort  (cost=400.52..400.77 rows=100 width=121)
	  Sort Key: c
	  ->  Index Scan using sbtest6_pkey on sbtest6  (cost=0.43..397.20 rows=100 width=121)
	        Index Cond: ((id >= 6186634) AND (id <= 6186733))

table 7 : explain SELECT c FROM sbtest7 WHERE id BETWEEN 9630720 AND 9630819 ORDER BY c
	Sort  (cost=427.56..427.83 rows=107 width=121)
	  Sort Key: c
	  ->  Index Scan using sbtest7_pkey on sbtest7  (cost=0.43..423.96 rows=107 width=121)
	        Index Cond: ((id >= 9630720) AND (id <= 9630819))

table 8 : explain SELECT c FROM sbtest8 WHERE id BETWEEN 710662 AND 710761 ORDER BY c
	Sort  (cost=356.72..356.94 rows=89 width=121)
	  Sort Key: c
	  ->  Index Scan using sbtest8_pkey on sbtest8  (cost=0.43..353.84 rows=89 width=121)
	        Index Cond: ((id >= 710662) AND (id <= 710761))

for: simple_ranges
table 1 : explain SELECT c FROM sbtest1 WHERE id BETWEEN 8040368 AND 8040467
	Index Scan using sbtest1_pkey on sbtest1  (cost=0.43..381.34 rows=96 width=121)
	  Index Cond: ((id >= 8040368) AND (id <= 8040467))

table 2 : explain SELECT c FROM sbtest2 WHERE id BETWEEN 1674182 AND 1674281
	Index Scan using sbtest2_pkey on sbtest2  (cost=0.43..428.15 rows=108 width=121)
	  Index Cond: ((id >= 1674182) AND (id <= 1674281))

table 3 : explain SELECT c FROM sbtest3 WHERE id BETWEEN 681726 AND 681825
	Index Scan using sbtest3_pkey on sbtest3  (cost=0.43..366.94 rows=92 width=121)
	  Index Cond: ((id >= 681726) AND (id <= 681825))

table 4 : explain SELECT c FROM sbtest4 WHERE id BETWEEN 4831548 AND 4831647
	Index Scan using sbtest4_pkey on sbtest4  (cost=0.43..425.84 rows=107 width=121)
	  Index Cond: ((id >= 4831548) AND (id <= 4831647))

table 5 : explain SELECT c FROM sbtest5 WHERE id BETWEEN 3525640 AND 3525739
	Index Scan using sbtest5_pkey on sbtest5  (cost=0.43..435.33 rows=110 width=121)
	  Index Cond: ((id >= 3525640) AND (id <= 3525739))

table 6 : explain SELECT c FROM sbtest6 WHERE id BETWEEN 4033697 AND 4033796
	Index Scan using sbtest6_pkey on sbtest6  (cost=0.43..385.42 rows=97 width=121)
	  Index Cond: ((id >= 4033697) AND (id <= 4033796))

table 7 : explain SELECT c FROM sbtest7 WHERE id BETWEEN 7822305 AND 7822404
	Index Scan using sbtest7_pkey on sbtest7  (cost=0.43..412.20 rows=104 width=121)
	  Index Cond: ((id >= 7822305) AND (id <= 7822404))

table 8 : explain SELECT c FROM sbtest8 WHERE id BETWEEN 8670550 AND 8670649
	Index Scan using sbtest8_pkey on sbtest8  (cost=0.43..400.95 rows=101 width=121)
	  Index Cond: ((id >= 8670550) AND (id <= 8670649))

explain: for point_selects :: explain SELECT c FROM sbtest%u WHERE id=%u
for point_selects
table 1 : explain SELECT c FROM sbtest1 WHERE id=477383
	Index Scan using sbtest1_pkey on sbtest1  (cost=0.43..8.45 rows=1 width=121)
	  Index Cond: (id = 477383)

table 2 : explain SELECT c FROM sbtest2 WHERE id=8606821
	Index Scan using sbtest2_pkey on sbtest2  (cost=0.43..8.45 rows=1 width=121)
	  Index Cond: (id = 8606821)

table 3 : explain SELECT c FROM sbtest3 WHERE id=4822567
	Index Scan using sbtest3_pkey on sbtest3  (cost=0.43..8.45 rows=1 width=121)
	  Index Cond: (id = 4822567)

table 4 : explain SELECT c FROM sbtest4 WHERE id=9742063
	Index Scan using sbtest4_pkey on sbtest4  (cost=0.43..8.45 rows=1 width=121)
	  Index Cond: (id = 9742063)

table 5 : explain SELECT c FROM sbtest5 WHERE id=5944911
	Index Scan using sbtest5_pkey on sbtest5  (cost=0.43..8.45 rows=1 width=121)
	  Index Cond: (id = 5944911)

table 6 : explain SELECT c FROM sbtest6 WHERE id=6144264
	Index Scan using sbtest6_pkey on sbtest6  (cost=0.43..8.45 rows=1 width=121)
	  Index Cond: (id = 6144264)

table 7 : explain SELECT c FROM sbtest7 WHERE id=9487951
	Index Scan using sbtest7_pkey on sbtest7  (cost=0.43..8.45 rows=1 width=121)
	  Index Cond: (id = 9487951)

table 8 : explain SELECT c FROM sbtest8 WHERE id=8603790
	Index Scan using sbtest8_pkey on sbtest8  (cost=0.43..8.45 rows=1 width=121)
	  Index Cond: (id = 8603790)

for: order_ranges
table 1 : explain SELECT c FROM sbtest1 WHERE id BETWEEN 4960773 AND 4960872 ORDER BY c
	Sort  (cost=412.27..412.53 rows=103 width=121)
	  Sort Key: c
	  ->  Index Scan using sbtest1_pkey on sbtest1  (cost=0.43..408.83 rows=103 width=121)
	        Index Cond: ((id >= 4960773) AND (id <= 4960872))

table 2 : explain SELECT c FROM sbtest2 WHERE id BETWEEN 1131823 AND 1131922 ORDER BY c
	Sort  (cost=435.76..436.03 rows=109 width=121)
	  Sort Key: c
	  ->  Index Scan using sbtest2_pkey on sbtest2  (cost=0.43..432.07 rows=109 width=121)
	        Index Cond: ((id >= 1131823) AND (id <= 1131922))

table 3 : explain SELECT c FROM sbtest3 WHERE id BETWEEN 7908989 AND 7909088 ORDER BY c
	Sort  (cost=437.61..437.88 rows=109 width=121)
	  Sort Key: c
	  ->  Index Scan using sbtest3_pkey on sbtest3  (cost=0.43..433.92 rows=109 width=121)
	        Index Cond: ((id >= 7908989) AND (id <= 7909088))

table 4 : explain SELECT c FROM sbtest4 WHERE id BETWEEN 8853280 AND 8853379 ORDER BY c
	Sort  (cost=393.65..393.89 rows=98 width=121)
	  Sort Key: c
	  ->  Index Scan using sbtest4_pkey on sbtest4  (cost=0.43..390.41 rows=98 width=121)
	        Index Cond: ((id >= 8853280) AND (id <= 8853379))

table 5 : explain SELECT c FROM sbtest5 WHERE id BETWEEN 9529321 AND 9529420 ORDER BY c
	Sort  (cost=387.63..387.87 rows=97 width=121)
	  Sort Key: c
	  ->  Index Scan using sbtest5_pkey on sbtest5  (cost=0.43..384.43 rows=97 width=121)
	        Index Cond: ((id >= 9529321) AND (id <= 9529420))

table 6 : explain SELECT c FROM sbtest6 WHERE id BETWEEN 7353692 AND 7353791 ORDER BY c
	Sort  (cost=380.69..380.93 rows=95 width=121)
	  Sort Key: c
	  ->  Index Scan using sbtest6_pkey on sbtest6  (cost=0.43..377.57 rows=95 width=121)
	        Index Cond: ((id >= 7353692) AND (id <= 7353791))

table 7 : explain SELECT c FROM sbtest7 WHERE id BETWEEN 8541918 AND 8542017 ORDER BY c
	Sort  (cost=387.97..388.21 rows=97 width=121)
	  Sort Key: c
	  ->  Index Scan using sbtest7_pkey on sbtest7  (cost=0.43..384.77 rows=97 width=121)
	        Index Cond: ((id >= 8541918) AND (id <= 8542017))

table 8 : explain SELECT c FROM sbtest8 WHERE id BETWEEN 767106 AND 767205 ORDER BY c
	Sort  (cost=436.04..436.31 rows=109 width=121)
	  Sort Key: c
	  ->  Index Scan using sbtest8_pkey on sbtest8  (cost=0.43..432.35 rows=109 width=121)
	        Index Cond: ((id >= 767106) AND (id <= 767205))

for: simple_ranges
table 1 : explain SELECT c FROM sbtest1 WHERE id BETWEEN 914332 AND 914431
	Index Scan using sbtest1_pkey on sbtest1  (cost=0.43..432.38 rows=109 width=121)
	  Index Cond: ((id >= 914332) AND (id <= 914431))

table 2 : explain SELECT c FROM sbtest2 WHERE id BETWEEN 8785234 AND 8785333
	Index Scan using sbtest2_pkey on sbtest2  (cost=0.43..377.17 rows=95 width=121)
	  Index Cond: ((id >= 8785234) AND (id <= 8785333))

table 3 : explain SELECT c FROM sbtest3 WHERE id BETWEEN 4949298 AND 4949397
	Index Scan using sbtest3_pkey on sbtest3  (cost=0.43..402.41 rows=101 width=121)
	  Index Cond: ((id >= 4949298) AND (id <= 4949397))

table 4 : explain SELECT c FROM sbtest4 WHERE id BETWEEN 4436331 AND 4436430
	Index Scan using sbtest4_pkey on sbtest4  (cost=0.43..386.47 rows=97 width=121)
	  Index Cond: ((id >= 4436331) AND (id <= 4436430))

table 5 : explain SELECT c FROM sbtest5 WHERE id BETWEEN 6860506 AND 6860605
	Index Scan using sbtest5_pkey on sbtest5  (cost=0.43..376.60 rows=95 width=121)
	  Index Cond: ((id >= 6860506) AND (id <= 6860605))

table 6 : explain SELECT c FROM sbtest6 WHERE id BETWEEN 3473640 AND 3473739
	Index Scan using sbtest6_pkey on sbtest6  (cost=0.43..448.24 rows=113 width=121)
	  Index Cond: ((id >= 3473640) AND (id <= 3473739))

table 7 : explain SELECT c FROM sbtest7 WHERE id BETWEEN 8209779 AND 8209878
	Index Scan using sbtest7_pkey on sbtest7  (cost=0.43..400.44 rows=101 width=121)
	  Index Cond: ((id >= 8209779) AND (id <= 8209878))

table 8 : explain SELECT c FROM sbtest8 WHERE id BETWEEN 4922175 AND 4922274
	Index Scan using sbtest8_pkey on sbtest8  (cost=0.43..389.18 rows=98 width=121)
	  Index Cond: ((id >= 4922175) AND (id <= 4922274))

explain: for point_selects :: explain SELECT c FROM sbtest%u WHERE id=%u
for: simple_ranges
table 1 : explain SELECT c FROM sbtest1 WHERE id BETWEEN 5559417 AND 5559516
	Index Scan using sbtest1_pkey on sbtest1  (cost=0.43..385.26 rows=97 width=121)
	  Index Cond: ((id >= 5559417) AND (id <= 5559516))

table 2 : explain SELECT c FROM sbtest2 WHERE id BETWEEN 7272737 AND 7272836
	Index Scan using sbtest2_pkey on sbtest2  (cost=0.43..361.46 rows=91 width=121)
	  Index Cond: ((id >= 7272737) AND (id <= 7272836))

table 3 : explain SELECT c FROM sbtest3 WHERE id BETWEEN 8591905 AND 8592004
	Index Scan using sbtest3_pkey on sbtest3  (cost=0.43..370.88 rows=93 width=121)
	  Index Cond: ((id >= 8591905) AND (id <= 8592004))

table 4 : explain SELECT c FROM sbtest4 WHERE id BETWEEN 35731 AND 35830
	Index Scan using sbtest4_pkey on sbtest4  (cost=0.43..398.28 rows=100 width=121)
	  Index Cond: ((id >= 35731) AND (id <= 35830))

table 5 : explain SELECT c FROM sbtest5 WHERE id BETWEEN 6236210 AND 6236309
	Index Scan using sbtest5_pkey on sbtest5  (cost=0.43..400.09 rows=101 width=121)
	  Index Cond: ((id >= 6236210) AND (id <= 6236309))

table 6 : explain SELECT c FROM sbtest6 WHERE id BETWEEN 3900016 AND 3900115
	Index Scan using sbtest6_pkey on sbtest6  (cost=0.43..397.20 rows=100 width=121)
	  Index Cond: ((id >= 3900016) AND (id <= 3900115))

table 7 : explain SELECT c FROM sbtest7 WHERE id BETWEEN 7623689 AND 7623788
	Index Scan using sbtest7_pkey on sbtest7  (cost=0.43..376.93 rows=95 width=121)
	  Index Cond: ((id >= 7623689) AND (id <= 7623788))

table 8 : explain SELECT c FROM sbtest8 WHERE id BETWEEN 6420502 AND 6420601
	Index Scan using sbtest8_pkey on sbtest8  (cost=0.43..389.18 rows=98 width=121)
	  Index Cond: ((id >= 6420502) AND (id <= 6420601))

for: order_ranges
table 1 : explain SELECT c FROM sbtest1 WHERE id BETWEEN 4995332 AND 4995431 ORDER BY c
	Sort  (cost=392.45..392.69 rows=98 width=121)
	  Sort Key: c
	  ->  Index Scan using sbtest1_pkey on sbtest1  (cost=0.43..389.21 rows=98 width=121)
	        Index Cond: ((id >= 4995332) AND (id <= 4995431))

table 2 : explain SELECT c FROM sbtest2 WHERE id BETWEEN 1063429 AND 1063528 ORDER BY c
	Sort  (cost=364.42..364.65 rows=91 width=121)
	  Sort Key: c
	  ->  Index Scan using sbtest2_pkey on sbtest2  (cost=0.43..361.46 rows=91 width=121)
	        Index Cond: ((id >= 1063429) AND (id <= 1063528))

table 3 : explain SELECT c FROM sbtest3 WHERE id BETWEEN 5404441 AND 5404540 ORDER BY c
	Sort  (cost=350.05..350.26 rows=87 width=121)
	  Sort Key: c
	  ->  Index Scan using sbtest3_pkey on sbtest3  (cost=0.43..347.24 rows=87 width=121)
	        Index Cond: ((id >= 5404441) AND (id <= 5404540))

table 4 : explain SELECT c FROM sbtest4 WHERE id BETWEEN 8782006 AND 8782105 ORDER BY c
	Sort  (cost=405.58..405.83 rows=101 width=121)
	  Sort Key: c
	  ->  Index Scan using sbtest4_pkey on sbtest4  (cost=0.43..402.22 rows=101 width=121)
	        Index Cond: ((id >= 8782006) AND (id <= 8782105))

table 5 : explain SELECT c FROM sbtest5 WHERE id BETWEEN 9421643 AND 9421742 ORDER BY c
	Sort  (cost=443.02..443.30 rows=111 width=121)
	  Sort Key: c
	  ->  Index Scan using sbtest5_pkey on sbtest5  (cost=0.43..439.25 rows=111 width=121)
	        Index Cond: ((id >= 9421643) AND (id <= 9421742))

table 6 : explain SELECT c FROM sbtest6 WHERE id BETWEEN 6808218 AND 6808317 ORDER BY c
	Sort  (cost=396.56..396.80 rows=99 width=121)
	  Sort Key: c
	  ->  Index Scan using sbtest6_pkey on sbtest6  (cost=0.43..393.27 rows=99 width=121)
	        Index Cond: ((id >= 6808218) AND (id <= 6808317))

table 7 : explain SELECT c FROM sbtest7 WHERE id BETWEEN 6048343 AND 6048442 ORDER BY c
	Sort  (cost=411.72..411.98 rows=103 width=121)
	  Sort Key: c
	  ->  Index Scan using sbtest7_pkey on sbtest7  (cost=0.43..408.28 rows=103 width=121)
	        Index Cond: ((id >= 6048343) AND (id <= 6048442))

table 8 : explain SELECT c FROM sbtest8 WHERE id BETWEEN 1613049 AND 1613148 ORDER BY c
	Sort  (cost=404.32..404.57 rows=101 width=121)
	  Sort Key: c
	  ->  Index Scan using sbtest8_pkey on sbtest8  (cost=0.43..400.95 rows=101 width=121)
	        Index Cond: ((id >= 1613049) AND (id <= 1613148))

for: sum_ranges
table 1 : explain SELECT SUM(k) FROM sbtest1 WHERE id BETWEEN 1514985 AND 1515084
	Aggregate  (cost=393.38..393.39 rows=1 width=8)
	  ->  Index Scan using sbtest1_pkey on sbtest1  (cost=0.43..393.13 rows=99 width=4)
	        Index Cond: ((id >= 1514985) AND (id <= 1515084))

table 2 : explain SELECT SUM(k) FROM sbtest2 WHERE id BETWEEN 8782508 AND 8782607
	Aggregate  (cost=377.41..377.42 rows=1 width=8)
	  ->  Index Scan using sbtest2_pkey on sbtest2  (cost=0.43..377.17 rows=95 width=4)
	        Index Cond: ((id >= 8782508) AND (id <= 8782607))

table 3 : explain SELECT SUM(k) FROM sbtest3 WHERE id BETWEEN 7533023 AND 7533122
	Aggregate  (cost=390.84..390.85 rows=1 width=8)
	  ->  Index Scan using sbtest3_pkey on sbtest3  (cost=0.43..390.59 rows=98 width=4)
	        Index Cond: ((id >= 7533023) AND (id <= 7533122))

table 4 : explain SELECT SUM(k) FROM sbtest4 WHERE id BETWEEN 988681 AND 988780
	Aggregate  (cost=382.77..382.78 rows=1 width=8)
	  ->  Index Scan using sbtest4_pkey on sbtest4  (cost=0.43..382.53 rows=96 width=4)
	        Index Cond: ((id >= 988681) AND (id <= 988780))

table 5 : explain SELECT SUM(k) FROM sbtest5 WHERE id BETWEEN 2570585 AND 2570684
	Aggregate  (cost=376.84..376.85 rows=1 width=8)
	  ->  Index Scan using sbtest5_pkey on sbtest5  (cost=0.43..376.60 rows=95 width=4)
	        Index Cond: ((id >= 2570585) AND (id <= 2570684))

table 6 : explain SELECT SUM(k) FROM sbtest6 WHERE id BETWEEN 8463541 AND 8463640
	Aggregate  (cost=432.81..432.82 rows=1 width=8)
	  ->  Index Scan using sbtest6_pkey on sbtest6  (cost=0.43..432.53 rows=109 width=4)
	        Index Cond: ((id >= 8463541) AND (id <= 8463640))

table 7 : explain SELECT SUM(k) FROM sbtest7 WHERE id BETWEEN 4760174 AND 4760273
	Aggregate  (cost=428.15..428.16 rows=1 width=8)
	  ->  Index Scan using sbtest7_pkey on sbtest7  (cost=0.43..427.88 rows=108 width=4)
	        Index Cond: ((id >= 4760174) AND (id <= 4760273))

table 8 : explain SELECT SUM(k) FROM sbtest8 WHERE id BETWEEN 6553813 AND 6553912
	Aggregate  (cost=385.50..385.51 rows=1 width=8)
	  ->  Index Scan using sbtest8_pkey on sbtest8  (cost=0.43..385.26 rows=97 width=4)
	        Index Cond: ((id >= 6553813) AND (id <= 6553912))

explain: for point_selects :: explain SELECT c FROM sbtest%u WHERE id=%u
explain: for point_selects :: explain SELECT c FROM sbtest%u WHERE id=%u
explain: for point_selects :: explain SELECT c FROM sbtest%u WHERE id=%u
explain: for point_selects :: explain SELECT c FROM sbtest%u WHERE id=%u
explain: for point_selects :: explain SELECT c FROM sbtest%u WHERE id=%u
for: sum_ranges
table 1 : explain SELECT SUM(k) FROM sbtest1 WHERE id BETWEEN 4687883 AND 4687982
	Aggregate  (cost=377.65..377.66 rows=1 width=8)
	  ->  Index Scan using sbtest1_pkey on sbtest1  (cost=0.43..377.41 rows=95 width=4)
	        Index Cond: ((id >= 4687883) AND (id <= 4687982))

table 2 : explain SELECT SUM(k) FROM sbtest2 WHERE id BETWEEN 262188 AND 262287
	Aggregate  (cost=397.03..397.04 rows=1 width=8)
	  ->  Index Scan using sbtest2_pkey on sbtest2  (cost=0.43..396.78 rows=100 width=4)
	        Index Cond: ((id >= 262188) AND (id <= 262287))

table 3 : explain SELECT SUM(k) FROM sbtest3 WHERE id BETWEEN 4527418 AND 4527517
	Aggregate  (cost=402.66..402.67 rows=1 width=8)
	  ->  Index Scan using sbtest3_pkey on sbtest3  (cost=0.43..402.41 rows=101 width=4)
	        Index Cond: ((id >= 4527418) AND (id <= 4527517))

table 4 : explain SELECT SUM(k) FROM sbtest4 WHERE id BETWEEN 8524654 AND 8524753
	Aggregate  (cost=402.47..402.48 rows=1 width=8)
	  ->  Index Scan using sbtest4_pkey on sbtest4  (cost=0.43..402.22 rows=101 width=4)
	        Index Cond: ((id >= 8524654) AND (id <= 8524753))

table 5 : explain SELECT SUM(k) FROM sbtest5 WHERE id BETWEEN 9474853 AND 9474952
	Aggregate  (cost=439.52..439.53 rows=1 width=8)
	  ->  Index Scan using sbtest5_pkey on sbtest5  (cost=0.43..439.25 rows=111 width=4)
	        Index Cond: ((id >= 9474853) AND (id <= 9474952))

table 6 : explain SELECT SUM(k) FROM sbtest6 WHERE id BETWEEN 7615000 AND 7615099
	Aggregate  (cost=373.88..373.89 rows=1 width=8)
	  ->  Index Scan using sbtest6_pkey on sbtest6  (cost=0.43..373.64 rows=94 width=4)
	        Index Cond: ((id >= 7615000) AND (id <= 7615099))

table 7 : explain SELECT SUM(k) FROM sbtest7 WHERE id BETWEEN 7507246 AND 7507345
	Aggregate  (cost=408.54..408.55 rows=1 width=8)
	  ->  Index Scan using sbtest7_pkey on sbtest7  (cost=0.43..408.28 rows=103 width=4)
	        Index Cond: ((id >= 7507246) AND (id <= 7507345))

table 8 : explain SELECT SUM(k) FROM sbtest8 WHERE id BETWEEN 9831239 AND 9831338
	Aggregate  (cost=389.43..389.44 rows=1 width=8)
	  ->  Index Scan using sbtest8_pkey on sbtest8  (cost=0.43..389.18 rows=98 width=4)
	        Index Cond: ((id >= 9831239) AND (id <= 9831338))

explain: for point_selects :: explain SELECT c FROM sbtest%u WHERE id=%u
explain: for point_selects :: explain SELECT c FROM sbtest%u WHERE id=%u
for: distinct_ranges
table 1 : explain SELECT DISTINCT c FROM sbtest1 WHERE id BETWEEN 3974224 AND 3974323 ORDER BY c
	Unique  (cost=400.38..400.88 rows=100 width=121)
	  ->  Sort  (cost=400.38..400.63 rows=100 width=121)
	        Sort Key: c
	        ->  Index Scan using sbtest1_pkey on sbtest1  (cost=0.43..397.06 rows=100 width=121)
	              Index Cond: ((id >= 3974224) AND (id <= 3974323))

table 2 : explain SELECT DISTINCT c FROM sbtest2 WHERE id BETWEEN 4213393 AND 4213492 ORDER BY c
	Unique  (cost=443.69..444.24 rows=111 width=121)
	  ->  Sort  (cost=443.69..443.97 rows=111 width=121)
	        Sort Key: c
	        ->  Index Scan using sbtest2_pkey on sbtest2  (cost=0.43..439.92 rows=111 width=121)
	              Index Cond: ((id >= 4213393) AND (id <= 4213492))

table 3 : explain SELECT DISTINCT c FROM sbtest3 WHERE id BETWEEN 9626680 AND 9626779 ORDER BY c
	Unique  (cost=381.88..382.35 rows=95 width=121)
	  ->  Sort  (cost=381.88..382.11 rows=95 width=121)
	        Sort Key: c
	        ->  Index Scan using sbtest3_pkey on sbtest3  (cost=0.43..378.76 rows=95 width=121)
	              Index Cond: ((id >= 9626680) AND (id <= 9626779))

table 4 : explain SELECT DISTINCT c FROM sbtest4 WHERE id BETWEEN 5464232 AND 5464331 ORDER BY c
	Unique  (cost=413.54..414.05 rows=103 width=121)
	  ->  Sort  (cost=413.54..413.79 rows=103 width=121)
	        Sort Key: c
	        ->  Index Scan using sbtest4_pkey on sbtest4  (cost=0.43..410.09 rows=103 width=121)
	              Index Cond: ((id >= 5464232) AND (id <= 5464331))

table 5 : explain SELECT DISTINCT c FROM sbtest5 WHERE id BETWEEN 8503152 AND 8503251 ORDER BY c
	Unique  (cost=387.63..388.12 rows=97 width=121)
	  ->  Sort  (cost=387.63..387.87 rows=97 width=121)
	        Sort Key: c
	        ->  Index Scan using sbtest5_pkey on sbtest5  (cost=0.43..384.43 rows=97 width=121)
	              Index Cond: ((id >= 8503152) AND (id <= 8503251))

table 6 : explain SELECT DISTINCT c FROM sbtest6 WHERE id BETWEEN 5762401 AND 5762500 ORDER BY c
	Unique  (cost=396.56..397.05 rows=99 width=121)
	  ->  Sort  (cost=396.56..396.80 rows=99 width=121)
	        Sort Key: c
	        ->  Index Scan using sbtest6_pkey on sbtest6  (cost=0.43..393.27 rows=99 width=121)
	              Index Cond: ((id >= 5762401) AND (id <= 5762500))

table 7 : explain SELECT DISTINCT c FROM sbtest7 WHERE id BETWEEN 4869351 AND 4869450 ORDER BY c
	Unique  (cost=419.64..420.17 rows=105 width=121)
	  ->  Sort  (cost=419.64..419.91 rows=105 width=121)
	        Sort Key: c
	        ->  Index Scan using sbtest7_pkey on sbtest7  (cost=0.43..416.12 rows=105 width=121)
	              Index Cond: ((id >= 4869351) AND (id <= 4869450))

table 8 : explain SELECT DISTINCT c FROM sbtest8 WHERE id BETWEEN 7921299 AND 7921398 ORDER BY c
	Unique  (cost=384.49..384.97 rows=96 width=121)
	  ->  Sort  (cost=384.49..384.73 rows=96 width=121)
	        Sort Key: c
	        ->  Index Scan using sbtest8_pkey on sbtest8  (cost=0.43..381.33 rows=96 width=121)
	              Index Cond: ((id >= 7921299) AND (id <= 7921398))

for: distinct_ranges
table 1 : explain SELECT DISTINCT c FROM sbtest1 WHERE id BETWEEN 3873023 AND 3873122 ORDER BY c
	Unique  (cost=400.38..400.88 rows=100 width=121)
	  ->  Sort  (cost=400.38..400.63 rows=100 width=121)
	        Sort Key: c
	        ->  Index Scan using sbtest1_pkey on sbtest1  (cost=0.43..397.06 rows=100 width=121)
	              Index Cond: ((id >= 3873023) AND (id <= 3873122))

table 2 : explain SELECT DISTINCT c FROM sbtest2 WHERE id BETWEEN 8223875 AND 8223974 ORDER BY c
	Unique  (cost=396.14..396.63 rows=99 width=121)
	  ->  Sort  (cost=396.14..396.39 rows=99 width=121)
	        Sort Key: c
	        ->  Index Scan using sbtest2_pkey on sbtest2  (cost=0.43..392.86 rows=99 width=121)
	              Index Cond: ((id >= 8223875) AND (id <= 8223974))

table 3 : explain SELECT DISTINCT c FROM sbtest3 WHERE id BETWEEN 1395034 AND 1395133 ORDER BY c
	Unique  (cost=421.69..422.22 rows=105 width=121)
	  ->  Sort  (cost=421.69..421.95 rows=105 width=121)
	        Sort Key: c
	        ->  Index Scan using sbtest3_pkey on sbtest3  (cost=0.43..418.17 rows=105 width=121)
	              Index Cond: ((id >= 1395034) AND (id <= 1395133))

table 4 : explain SELECT DISTINCT c FROM sbtest4 WHERE id BETWEEN 2704933 AND 2705032 ORDER BY c
	Unique  (cost=369.77..370.23 rows=92 width=121)
	  ->  Sort  (cost=369.77..370.00 rows=92 width=121)
	        Sort Key: c
	        ->  Index Scan using sbtest4_pkey on sbtest4  (cost=0.43..366.77 rows=92 width=121)
	              Index Cond: ((id >= 2704933) AND (id <= 2705032))

table 5 : explain SELECT DISTINCT c FROM sbtest5 WHERE id BETWEEN 9290412 AND 9290511 ORDER BY c
	Unique  (cost=371.81..372.27 rows=93 width=121)
	  ->  Sort  (cost=371.81..372.04 rows=93 width=121)
	        Sort Key: c
	        ->  Index Scan using sbtest5_pkey on sbtest5  (cost=0.43..368.77 rows=93 width=121)
	              Index Cond: ((id >= 9290412) AND (id <= 9290511))

table 6 : explain SELECT DISTINCT c FROM sbtest6 WHERE id BETWEEN 4180151 AND 4180250 ORDER BY c
	Unique  (cost=404.49..404.99 rows=101 width=121)
	  ->  Sort  (cost=404.49..404.74 rows=101 width=121)
	        Sort Key: c
	        ->  Index Scan using sbtest6_pkey on sbtest6  (cost=0.43..401.13 rows=101 width=121)
	              Index Cond: ((id >= 4180151) AND (id <= 4180250))

table 7 : explain SELECT DISTINCT c FROM sbtest7 WHERE id BETWEEN 7044043 AND 7044142 ORDER BY c
	Unique  (cost=387.97..388.45 rows=97 width=121)
	  ->  Sort  (cost=387.97..388.21 rows=97 width=121)
	        Sort Key: c
	        ->  Index Scan using sbtest7_pkey on sbtest7  (cost=0.43..384.77 rows=97 width=121)
	              Index Cond: ((id >= 7044043) AND (id <= 7044142))

table 8 : explain SELECT DISTINCT c FROM sbtest8 WHERE id BETWEEN 8647722 AND 8647821 ORDER BY c
	Unique  (cost=404.32..404.82 rows=101 width=121)
	  ->  Sort  (cost=404.32..404.57 rows=101 width=121)
	        Sort Key: c
	        ->  Index Scan using sbtest8_pkey on sbtest8  (cost=0.43..400.95 rows=101 width=121)
	              Index Cond: ((id >= 8647722) AND (id <= 8647821))

for: distinct_ranges
table 1 : explain SELECT DISTINCT c FROM sbtest1 WHERE id BETWEEN 6885204 AND 6885303 ORDER BY c
	Unique  (cost=396.41..396.91 rows=99 width=121)
	  ->  Sort  (cost=396.41..396.66 rows=99 width=121)
	        Sort Key: c
	        ->  Index Scan using sbtest1_pkey on sbtest1  (cost=0.43..393.13 rows=99 width=121)
	              Index Cond: ((id >= 6885204) AND (id <= 6885303))

table 2 : explain SELECT DISTINCT c FROM sbtest2 WHERE id BETWEEN 1370460 AND 1370559 ORDER BY c
	Unique  (cost=404.06..404.57 rows=101 width=121)
	  ->  Sort  (cost=404.06..404.31 rows=101 width=121)
	        Sort Key: c
	        ->  Index Scan using sbtest2_pkey on sbtest2  (cost=0.43..400.70 rows=101 width=121)
	              Index Cond: ((id >= 1370460) AND (id <= 1370559))

table 3 : explain SELECT DISTINCT c FROM sbtest3 WHERE id BETWEEN 2323041 AND 2323140 ORDER BY c
	Unique  (cost=417.71..418.23 rows=104 width=121)
	  ->  Sort  (cost=417.71..417.97 rows=104 width=121)
	        Sort Key: c
	        ->  Index Scan using sbtest3_pkey on sbtest3  (cost=0.43..414.23 rows=104 width=121)
	              Index Cond: ((id >= 2323041) AND (id <= 2323140))

table 4 : explain SELECT DISTINCT c FROM sbtest4 WHERE id BETWEEN 1497512 AND 1497611 ORDER BY c
	Unique  (cost=369.77..370.23 rows=92 width=121)
	  ->  Sort  (cost=369.77..370.00 rows=92 width=121)
	        Sort Key: c
	        ->  Index Scan using sbtest4_pkey on sbtest4  (cost=0.43..366.77 rows=92 width=121)
	              Index Cond: ((id >= 1497512) AND (id <= 1497611))

table 5 : explain SELECT DISTINCT c FROM sbtest5 WHERE id BETWEEN 7725768 AND 7725867 ORDER BY c
	Unique  (cost=415.32..415.84 rows=104 width=121)
	  ->  Sort  (cost=415.32..415.58 rows=104 width=121)
	        Sort Key: c
	        ->  Index Scan using sbtest5_pkey on sbtest5  (cost=0.43..411.84 rows=104 width=121)
	              Index Cond: ((id >= 7725768) AND (id <= 7725867))

table 6 : explain SELECT DISTINCT c FROM sbtest6 WHERE id BETWEEN 8861101 AND 8861200 ORDER BY c
	Unique  (cost=428.29..428.82 rows=107 width=121)
	  ->  Sort  (cost=428.29..428.56 rows=107 width=121)
	        Sort Key: c
	        ->  Index Scan using sbtest6_pkey on sbtest6  (cost=0.43..424.68 rows=107 width=121)
	              Index Cond: ((id >= 8861101) AND (id <= 8861200))

table 7 : explain SELECT DISTINCT c FROM sbtest7 WHERE id BETWEEN 1065418 AND 1065517 ORDER BY c
	Unique  (cost=391.93..392.42 rows=98 width=121)
	  ->  Sort  (cost=391.93..392.17 rows=98 width=121)
	        Sort Key: c
	        ->  Index Scan using sbtest7_pkey on sbtest7  (cost=0.43..388.68 rows=98 width=121)
	              Index Cond: ((id >= 1065418) AND (id <= 1065517))

table 8 : explain SELECT DISTINCT c FROM sbtest8 WHERE id BETWEEN 158113 AND 158212 ORDER BY c
	Unique  (cost=368.61..369.07 rows=92 width=121)
	  ->  Sort  (cost=368.61..368.84 rows=92 width=121)
	        Sort Key: c
	        ->  Index Scan using sbtest8_pkey on sbtest8  (cost=0.43..365.61 rows=92 width=121)
	              Index Cond: ((id >= 158113) AND (id <= 158212))

for: distinct_ranges
table 1 : explain SELECT DISTINCT c FROM sbtest1 WHERE id BETWEEN 8828890 AND 8828989 ORDER BY c
	Unique  (cost=384.50..384.98 rows=96 width=121)
	  ->  Sort  (cost=384.50..384.74 rows=96 width=121)
	        Sort Key: c
	        ->  Index Scan using sbtest1_pkey on sbtest1  (cost=0.43..381.34 rows=96 width=121)
	              Index Cond: ((id >= 8828890) AND (id <= 8828989))

table 2 : explain SELECT DISTINCT c FROM sbtest2 WHERE id BETWEEN 6048445 AND 6048544 ORDER BY c
	Unique  (cost=415.95..416.47 rows=104 width=121)
	  ->  Sort  (cost=415.95..416.21 rows=104 width=121)
	        Sort Key: c
	        ->  Index Scan using sbtest2_pkey on sbtest2  (cost=0.43..412.47 rows=104 width=121)
	              Index Cond: ((id >= 6048445) AND (id <= 6048544))

table 3 : explain SELECT DISTINCT c FROM sbtest3 WHERE id BETWEEN 125566 AND 125665 ORDER BY c
	Unique  (cost=457.51..458.08 rows=114 width=121)
	  ->  Sort  (cost=457.51..457.80 rows=114 width=121)
	        Sort Key: c
	        ->  Index Scan using sbtest3_pkey on sbtest3  (cost=0.43..453.62 rows=114 width=121)
	              Index Cond: ((id >= 125566) AND (id <= 125665))

table 4 : explain SELECT DISTINCT c FROM sbtest4 WHERE id BETWEEN 6588244 AND 6588343 ORDER BY c
	Unique  (cost=461.27..461.85 rows=115 width=121)
	  ->  Sort  (cost=461.27..461.56 rows=115 width=121)
	        Sort Key: c
	        ->  Index Scan using sbtest4_pkey on sbtest4  (cost=0.43..457.34 rows=115 width=121)
	              Index Cond: ((id >= 6588244) AND (id <= 6588343))

table 5 : explain SELECT DISTINCT c FROM sbtest5 WHERE id BETWEEN 1758523 AND 1758622 ORDER BY c
	Unique  (cost=387.63..388.12 rows=97 width=121)
	  ->  Sort  (cost=387.63..387.87 rows=97 width=121)
	        Sort Key: c
	        ->  Index Scan using sbtest5_pkey on sbtest5  (cost=0.43..384.43 rows=97 width=121)
	              Index Cond: ((id >= 1758523) AND (id <= 1758622))

table 6 : explain SELECT DISTINCT c FROM sbtest6 WHERE id BETWEEN 8256714 AND 8256813 ORDER BY c
	Unique  (cost=424.32..424.85 rows=106 width=121)
	  ->  Sort  (cost=424.32..424.59 rows=106 width=121)
	        Sort Key: c
	        ->  Index Scan using sbtest6_pkey on sbtest6  (cost=0.43..420.76 rows=106 width=121)
	              Index Cond: ((id >= 8256714) AND (id <= 8256813))

table 7 : explain SELECT DISTINCT c FROM sbtest7 WHERE id BETWEEN 5859343 AND 5859442 ORDER BY c
	Unique  (cost=407.76..408.27 rows=102 width=121)
	  ->  Sort  (cost=407.76..408.02 rows=102 width=121)
	        Sort Key: c
	        ->  Index Scan using sbtest7_pkey on sbtest7  (cost=0.43..404.36 rows=102 width=121)
	              Index Cond: ((id >= 5859343) AND (id <= 5859442))

table 8 : explain SELECT DISTINCT c FROM sbtest8 WHERE id BETWEEN 6454446 AND 6454545 ORDER BY c
	Unique  (cost=392.42..392.91 rows=98 width=121)
	  ->  Sort  (cost=392.42..392.67 rows=98 width=121)
	        Sort Key: c
	        ->  Index Scan using sbtest8_pkey on sbtest8  (cost=0.43..389.18 rows=98 width=121)
	              Index Cond: ((id >= 6454446) AND (id <= 6454545))

for: sum_ranges
table 1 : explain SELECT SUM(k) FROM sbtest1 WHERE id BETWEEN 1077847 AND 1077946
	Aggregate  (cost=424.80..424.81 rows=1 width=8)
	  ->  Index Scan using sbtest1_pkey on sbtest1  (cost=0.43..424.53 rows=107 width=4)
	        Index Cond: ((id >= 1077847) AND (id <= 1077946))

table 2 : explain SELECT SUM(k) FROM sbtest2 WHERE id BETWEEN 89839 AND 89938
	Aggregate  (cost=412.73..412.74 rows=1 width=8)
	  ->  Index Scan using sbtest2_pkey on sbtest2  (cost=0.43..412.47 rows=104 width=4)
	        Index Cond: ((id >= 89839) AND (id <= 89938))

table 3 : explain SELECT SUM(k) FROM sbtest3 WHERE id BETWEEN 5131237 AND 5131336
	Aggregate  (cost=402.66..402.67 rows=1 width=8)
	  ->  Index Scan using sbtest3_pkey on sbtest3  (cost=0.43..402.41 rows=101 width=4)
	        Index Cond: ((id >= 5131237) AND (id <= 5131336))

table 4 : explain SELECT SUM(k) FROM sbtest4 WHERE id BETWEEN 2730337 AND 2730436
	Aggregate  (cost=367.00..367.01 rows=1 width=8)
	  ->  Index Scan using sbtest4_pkey on sbtest4  (cost=0.43..366.77 rows=92 width=4)
	        Index Cond: ((id >= 2730337) AND (id <= 2730436))

table 5 : explain SELECT SUM(k) FROM sbtest5 WHERE id BETWEEN 871668 AND 871767
	Aggregate  (cost=388.59..388.60 rows=1 width=8)
	  ->  Index Scan using sbtest5_pkey on sbtest5  (cost=0.43..388.34 rows=98 width=4)
	        Index Cond: ((id >= 871668) AND (id <= 871767))

table 6 : explain SELECT SUM(k) FROM sbtest6 WHERE id BETWEEN 7044351 AND 7044450
	Aggregate  (cost=405.31..405.32 rows=1 width=8)
	  ->  Index Scan using sbtest6_pkey on sbtest6  (cost=0.43..405.05 rows=102 width=4)
	        Index Cond: ((id >= 7044351) AND (id <= 7044450))

table 7 : explain SELECT SUM(k) FROM sbtest7 WHERE id BETWEEN 3147814 AND 3147913
	Aggregate  (cost=420.30..420.31 rows=1 width=8)
	  ->  Index Scan using sbtest7_pkey on sbtest7  (cost=0.43..420.04 rows=106 width=4)
	        Index Cond: ((id >= 3147814) AND (id <= 3147913))

table 8 : explain SELECT SUM(k) FROM sbtest8 WHERE id BETWEEN 2769432 AND 2769531
	Aggregate  (cost=397.28..397.29 rows=1 width=8)
	  ->  Index Scan using sbtest8_pkey on sbtest8  (cost=0.43..397.03 rows=100 width=4)
	        Index Cond: ((id >= 2769432) AND (id <= 2769531))

for: distinct_ranges
table 1 : explain SELECT DISTINCT c FROM sbtest1 WHERE id BETWEEN 9948562 AND 9948661 ORDER BY c
	Unique  (cost=380.53..381.01 rows=95 width=121)
	  ->  Sort  (cost=380.53..380.77 rows=95 width=121)
	        Sort Key: c
	        ->  Index Scan using sbtest1_pkey on sbtest1  (cost=0.43..377.41 rows=95 width=121)
	              Index Cond: ((id >= 9948562) AND (id <= 9948661))

table 2 : explain SELECT DISTINCT c FROM sbtest2 WHERE id BETWEEN 8252964 AND 8253063 ORDER BY c
	Unique  (cost=435.76..436.31 rows=109 width=121)
	  ->  Sort  (cost=435.76..436.03 rows=109 width=121)
	        Sort Key: c
	        ->  Index Scan using sbtest2_pkey on sbtest2  (cost=0.43..432.07 rows=109 width=121)
	              Index Cond: ((id >= 8252964) AND (id <= 8253063))

table 3 : explain SELECT DISTINCT c FROM sbtest3 WHERE id BETWEEN 4727202 AND 4727301 ORDER BY c
	Unique  (cost=393.83..394.32 rows=98 width=121)
	  ->  Sort  (cost=393.83..394.08 rows=98 width=121)
	        Sort Key: c
	        ->  Index Scan using sbtest3_pkey on sbtest3  (cost=0.43..390.59 rows=98 width=121)
	              Index Cond: ((id >= 4727202) AND (id <= 4727301))

table 4 : explain SELECT DISTINCT c FROM sbtest4 WHERE id BETWEEN 4151225 AND 4151324 ORDER BY c
	Unique  (cost=429.45..429.98 rows=107 width=121)
	  ->  Sort  (cost=429.45..429.72 rows=107 width=121)
	        Sort Key: c
	        ->  Index Scan using sbtest4_pkey on sbtest4  (cost=0.43..425.84 rows=107 width=121)
	              Index Cond: ((id >= 4151225) AND (id <= 4151324))

table 5 : explain SELECT DISTINCT c FROM sbtest5 WHERE id BETWEEN 3314323 AND 3314422 ORDER BY c
	Unique  (cost=395.54..396.04 rows=99 width=121)
	  ->  Sort  (cost=395.54..395.79 rows=99 width=121)
	        Sort Key: c
	        ->  Index Scan using sbtest5_pkey on sbtest5  (cost=0.43..392.26 rows=99 width=121)
	              Index Cond: ((id >= 3314323) AND (id <= 3314422))

table 6 : explain SELECT DISTINCT c FROM sbtest6 WHERE id BETWEEN 3510023 AND 3510122 ORDER BY c
	Unique  (cost=380.69..381.17 rows=95 width=121)
	  ->  Sort  (cost=380.69..380.93 rows=95 width=121)
	        Sort Key: c
	        ->  Index Scan using sbtest6_pkey on sbtest6  (cost=0.43..377.57 rows=95 width=121)
	              Index Cond: ((id >= 3510023) AND (id <= 3510122))

table 7 : explain SELECT DISTINCT c FROM sbtest7 WHERE id BETWEEN 6509632 AND 6509731 ORDER BY c
	Unique  (cost=384.01..384.49 rows=96 width=121)
	  ->  Sort  (cost=384.01..384.25 rows=96 width=121)
	        Sort Key: c
	        ->  Index Scan using sbtest7_pkey on sbtest7  (cost=0.43..380.85 rows=96 width=121)
	              Index Cond: ((id >= 6509632) AND (id <= 6509731))

table 8 : explain SELECT DISTINCT c FROM sbtest8 WHERE id BETWEEN 1156161 AND 1156260 ORDER BY c
	Unique  (cost=420.18..420.70 rows=105 width=121)
	  ->  Sort  (cost=420.18..420.44 rows=105 width=121)
	        Sort Key: c
	        ->  Index Scan using sbtest8_pkey on sbtest8  (cost=0.43..416.65 rows=105 width=121)
	              Index Cond: ((id >= 1156161) AND (id <= 1156260))

for: order_ranges
table 1 : explain SELECT c FROM sbtest1 WHERE id BETWEEN 3139722 AND 3139821 ORDER BY c
	Sort  (cost=424.17..424.44 rows=106 width=121)
	  Sort Key: c
	  ->  Index Scan using sbtest1_pkey on sbtest1  (cost=0.43..420.60 rows=106 width=121)
	        Index Cond: ((id >= 3139722) AND (id <= 3139821))

table 2 : explain SELECT c FROM sbtest2 WHERE id BETWEEN 869556 AND 869655 ORDER BY c
	Sort  (cost=380.27..380.50 rows=95 width=121)
	  Sort Key: c
	  ->  Index Scan using sbtest2_pkey on sbtest2  (cost=0.43..377.15 rows=95 width=121)
	        Index Cond: ((id >= 869556) AND (id <= 869655))

table 3 : explain SELECT c FROM sbtest3 WHERE id BETWEEN 3165330 AND 3165429 ORDER BY c
	Sort  (cost=441.59..441.87 rows=110 width=121)
	  Sort Key: c
	  ->  Index Scan using sbtest3_pkey on sbtest3  (cost=0.43..437.86 rows=110 width=121)
	        Index Cond: ((id >= 3165330) AND (id <= 3165429))

table 4 : explain SELECT c FROM sbtest4 WHERE id BETWEEN 9141299 AND 9141398 ORDER BY c
	Sort  (cost=393.65..393.89 rows=98 width=121)
	  Sort Key: c
	  ->  Index Scan using sbtest4_pkey on sbtest4  (cost=0.43..390.41 rows=98 width=121)
	        Index Cond: ((id >= 9141299) AND (id <= 9141398))

table 5 : explain SELECT c FROM sbtest5 WHERE id BETWEEN 9416920 AND 9417019 ORDER BY c
	Sort  (cost=443.02..443.30 rows=111 width=121)
	  Sort Key: c
	  ->  Index Scan using sbtest5_pkey on sbtest5  (cost=0.43..439.25 rows=111 width=121)
	        Index Cond: ((id >= 9416920) AND (id <= 9417019))

table 6 : explain SELECT c FROM sbtest6 WHERE id BETWEEN 7482399 AND 7482498 ORDER BY c
	Sort  (cost=380.69..380.93 rows=95 width=121)
	  Sort Key: c
	  ->  Index Scan using sbtest6_pkey on sbtest6  (cost=0.43..377.57 rows=95 width=121)
	        Index Cond: ((id >= 7482399) AND (id <= 7482498))

table 7 : explain SELECT c FROM sbtest7 WHERE id BETWEEN 7071664 AND 7071763 ORDER BY c
	Sort  (cost=376.09..376.32 rows=94 width=121)
	  Sort Key: c
	  ->  Index Scan using sbtest7_pkey on sbtest7  (cost=0.43..373.01 rows=94 width=121)
	        Index Cond: ((id >= 7071664) AND (id <= 7071763))

table 8 : explain SELECT c FROM sbtest8 WHERE id BETWEEN 7376373 AND 7376472 ORDER BY c
	Sort  (cost=432.07..432.34 rows=108 width=121)
	  Sort Key: c
	  ->  Index Scan using sbtest8_pkey on sbtest8  (cost=0.43..428.42 rows=108 width=121)
	        Index Cond: ((id >= 7376373) AND (id <= 7376472))

for: distinct_ranges
table 1 : explain SELECT DISTINCT c FROM sbtest1 WHERE id BETWEEN 5948176 AND 5948275 ORDER BY c
	Unique  (cost=396.41..396.91 rows=99 width=121)
	  ->  Sort  (cost=396.41..396.66 rows=99 width=121)
	        Sort Key: c
	        ->  Index Scan using sbtest1_pkey on sbtest1  (cost=0.43..393.13 rows=99 width=121)
	              Index Cond: ((id >= 5948176) AND (id <= 5948275))

table 2 : explain SELECT DISTINCT c FROM sbtest2 WHERE id BETWEEN 1826233 AND 1826332 ORDER BY c
	Unique  (cost=408.02..408.53 rows=102 width=121)
	  ->  Sort  (cost=408.02..408.28 rows=102 width=121)
	        Sort Key: c
	        ->  Index Scan using sbtest2_pkey on sbtest2  (cost=0.43..404.62 rows=102 width=121)
	              Index Cond: ((id >= 1826233) AND (id <= 1826332))

table 3 : explain SELECT DISTINCT c FROM sbtest3 WHERE id BETWEEN 5344208 AND 5344307 ORDER BY c
	Unique  (cost=437.61..438.16 rows=109 width=121)
	  ->  Sort  (cost=437.61..437.88 rows=109 width=121)
	        Sort Key: c
	        ->  Index Scan using sbtest3_pkey on sbtest3  (cost=0.43..433.92 rows=109 width=121)
	              Index Cond: ((id >= 5344208) AND (id <= 5344307))

table 4 : explain SELECT DISTINCT c FROM sbtest4 WHERE id BETWEEN 7823281 AND 7823380 ORDER BY c
	Unique  (cost=385.69..386.17 rows=96 width=121)
	  ->  Sort  (cost=385.69..385.93 rows=96 width=121)
	        Sort Key: c
	        ->  Index Scan using sbtest4_pkey on sbtest4  (cost=0.43..382.53 rows=96 width=121)
	              Index Cond: ((id >= 7823281) AND (id <= 7823380))

table 5 : explain SELECT DISTINCT c FROM sbtest5 WHERE id BETWEEN 7016737 AND 7016836 ORDER BY c
	Unique  (cost=399.50..400.00 rows=100 width=121)
	  ->  Sort  (cost=399.50..399.75 rows=100 width=121)
	        Sort Key: c
	        ->  Index Scan using sbtest5_pkey on sbtest5  (cost=0.43..396.18 rows=100 width=121)
	              Index Cond: ((id >= 7016737) AND (id <= 7016836))

table 6 : explain SELECT DISTINCT c FROM sbtest6 WHERE id BETWEEN 6983758 AND 6983857 ORDER BY c
	Unique  (cost=376.72..377.19 rows=94 width=121)
	  ->  Sort  (cost=376.72..376.96 rows=94 width=121)
	        Sort Key: c
	        ->  Index Scan using sbtest6_pkey on sbtest6  (cost=0.43..373.64 rows=94 width=121)
	              Index Cond: ((id >= 6983758) AND (id <= 6983857))

table 7 : explain SELECT DISTINCT c FROM sbtest7 WHERE id BETWEEN 7474753 AND 7474852 ORDER BY c
	Unique  (cost=403.80..404.31 rows=101 width=121)
	  ->  Sort  (cost=403.80..404.06 rows=101 width=121)
	        Sort Key: c
	        ->  Index Scan using sbtest7_pkey on sbtest7  (cost=0.43..400.44 rows=101 width=121)
	              Index Cond: ((id >= 7474753) AND (id <= 7474852))

table 8 : explain SELECT DISTINCT c FROM sbtest8 WHERE id BETWEEN 657425 AND 657524 ORDER BY c
	Unique  (cost=356.72..357.16 rows=89 width=121)
	  ->  Sort  (cost=356.72..356.94 rows=89 width=121)
	        Sort Key: c
	        ->  Index Scan using sbtest8_pkey on sbtest8  (cost=0.43..353.84 rows=89 width=121)
	              Index Cond: ((id >= 657425) AND (id <= 657524))

for: order_ranges
table 1 : explain SELECT c FROM sbtest1 WHERE id BETWEEN 1297498 AND 1297597 ORDER BY c
	Sort  (cost=416.24..416.50 rows=104 width=121)
	  Sort Key: c
	  ->  Index Scan using sbtest1_pkey on sbtest1  (cost=0.43..412.76 rows=104 width=121)
	        Index Cond: ((id >= 1297498) AND (id <= 1297597))

table 2 : explain SELECT c FROM sbtest2 WHERE id BETWEEN 1424368 AND 1424467 ORDER BY c
	Sort  (cost=372.34..372.57 rows=93 width=121)
	  Sort Key: c
	  ->  Index Scan using sbtest2_pkey on sbtest2  (cost=0.43..369.30 rows=93 width=121)
	        Index Cond: ((id >= 1424368) AND (id <= 1424467))

table 3 : explain SELECT c FROM sbtest3 WHERE id BETWEEN 5276956 AND 5277055 ORDER BY c
	Sort  (cost=397.81..398.06 rows=99 width=121)
	  Sort Key: c
	  ->  Index Scan using sbtest3_pkey on sbtest3  (cost=0.43..394.53 rows=99 width=121)
	        Index Cond: ((id >= 5276956) AND (id <= 5277055))

table 4 : explain SELECT c FROM sbtest4 WHERE id BETWEEN 2887360 AND 2887459 ORDER BY c
	Sort  (cost=413.54..413.79 rows=103 width=121)
	  Sort Key: c
	  ->  Index Scan using sbtest4_pkey on sbtest4  (cost=0.43..410.09 rows=103 width=121)
	        Index Cond: ((id >= 2887360) AND (id <= 2887459))

table 5 : explain SELECT c FROM sbtest5 WHERE id BETWEEN 9596283 AND 9596382 ORDER BY c
	Sort  (cost=403.45..403.71 rows=101 width=121)
	  Sort Key: c
	  ->  Index Scan using sbtest5_pkey on sbtest5  (cost=0.43..400.09 rows=101 width=121)
	        Index Cond: ((id >= 9596283) AND (id <= 9596382))

table 6 : explain SELECT c FROM sbtest6 WHERE id BETWEEN 9816984 AND 9817083 ORDER BY c
	Sort  (cost=416.39..416.65 rows=104 width=121)
	  Sort Key: c
	  ->  Index Scan using sbtest6_pkey on sbtest6  (cost=0.43..412.90 rows=104 width=121)
	        Index Cond: ((id >= 9816984) AND (id <= 9817083))

table 7 : explain SELECT c FROM sbtest7 WHERE id BETWEEN 845381 AND 845480 ORDER BY c
	Sort  (cost=372.13..372.36 rows=93 width=121)
	  Sort Key: c
	  ->  Index Scan using sbtest7_pkey on sbtest7  (cost=0.43..369.09 rows=93 width=121)
	        Index Cond: ((id >= 845381) AND (id <= 845480))

table 8 : explain SELECT c FROM sbtest8 WHERE id BETWEEN 7256331 AND 7256430 ORDER BY c
	Sort  (cost=428.11..428.37 rows=107 width=121)
	  Sort Key: c
	  ->  Index Scan using sbtest8_pkey on sbtest8  (cost=0.43..424.50 rows=107 width=121)
	        Index Cond: ((id >= 7256331) AND (id <= 7256430))

for point_selects
table 1 : explain SELECT c FROM sbtest1 WHERE id=1792136
	Index Scan using sbtest1_pkey on sbtest1  (cost=0.43..8.45 rows=1 width=121)
	  Index Cond: (id = 1792136)

table 2 : explain SELECT c FROM sbtest2 WHERE id=5093176
	Index Scan using sbtest2_pkey on sbtest2  (cost=0.43..8.45 rows=1 width=121)
	  Index Cond: (id = 5093176)

table 3 : explain SELECT c FROM sbtest3 WHERE id=632581
	Index Scan using sbtest3_pkey on sbtest3  (cost=0.43..8.45 rows=1 width=121)
	  Index Cond: (id = 632581)

table 4 : explain SELECT c FROM sbtest4 WHERE id=5531235
	Index Scan using sbtest4_pkey on sbtest4  (cost=0.43..8.45 rows=1 width=121)
	  Index Cond: (id = 5531235)

table 5 : explain SELECT c FROM sbtest5 WHERE id=8458620
	Index Scan using sbtest5_pkey on sbtest5  (cost=0.43..8.45 rows=1 width=121)
	  Index Cond: (id = 8458620)

table 6 : explain SELECT c FROM sbtest6 WHERE id=9697089
	Index Scan using sbtest6_pkey on sbtest6  (cost=0.43..8.45 rows=1 width=121)
	  Index Cond: (id = 9697089)

table 7 : explain SELECT c FROM sbtest7 WHERE id=7119498
	Index Scan using sbtest7_pkey on sbtest7  (cost=0.43..8.45 rows=1 width=121)
	  Index Cond: (id = 7119498)

table 8 : explain SELECT c FROM sbtest8 WHERE id=6197481
	Index Scan using sbtest8_pkey on sbtest8  (cost=0.43..8.45 rows=1 width=121)
	  Index Cond: (id = 6197481)

for: order_ranges
table 1 : explain SELECT c FROM sbtest1 WHERE id BETWEEN 1273220 AND 1273319 ORDER BY c
	Sort  (cost=388.46..388.70 rows=97 width=121)
	  Sort Key: c
	  ->  Index Scan using sbtest1_pkey on sbtest1  (cost=0.43..385.26 rows=97 width=121)
	        Index Cond: ((id >= 1273220) AND (id <= 1273319))

table 2 : explain SELECT c FROM sbtest2 WHERE id BETWEEN 9583502 AND 9583601 ORDER BY c
	Sort  (cost=439.73..440.00 rows=110 width=121)
	  Sort Key: c
	  ->  Index Scan using sbtest2_pkey on sbtest2  (cost=0.43..436.00 rows=110 width=121)
	        Index Cond: ((id >= 9583502) AND (id <= 9583601))

table 3 : explain SELECT c FROM sbtest3 WHERE id BETWEEN 7009603 AND 7009702 ORDER BY c
	Sort  (cost=409.75..410.01 rows=102 width=121)
	  Sort Key: c
	  ->  Index Scan using sbtest3_pkey on sbtest3  (cost=0.43..406.35 rows=102 width=121)
	        Index Cond: ((id >= 7009603) AND (id <= 7009702))

table 4 : explain SELECT c FROM sbtest4 WHERE id BETWEEN 143460 AND 143559 ORDER BY c
	Sort  (cost=433.43..433.70 rows=108 width=121)
	  Sort Key: c
	  ->  Index Scan using sbtest4_pkey on sbtest4  (cost=0.43..429.78 rows=108 width=121)
	        Index Cond: ((id >= 143460) AND (id <= 143559))

table 5 : explain SELECT c FROM sbtest5 WHERE id BETWEEN 4822355 AND 4822454 ORDER BY c
	Sort  (cost=383.67..383.91 rows=96 width=121)
	  Sort Key: c
	  ->  Index Scan using sbtest5_pkey on sbtest5  (cost=0.43..380.51 rows=96 width=121)
	        Index Cond: ((id >= 4822355) AND (id <= 4822454))

table 6 : explain SELECT c FROM sbtest6 WHERE id BETWEEN 4526780 AND 4526879 ORDER BY c
	Sort  (cost=400.52..400.77 rows=100 width=121)
	  Sort Key: c
	  ->  Index Scan using sbtest6_pkey on sbtest6  (cost=0.43..397.20 rows=100 width=121)
	        Index Cond: ((id >= 4526780) AND (id <= 4526879))

table 7 : explain SELECT c FROM sbtest7 WHERE id BETWEEN 2513176 AND 2513275 ORDER BY c
	Sort  (cost=411.72..411.98 rows=103 width=121)
	  Sort Key: c
	  ->  Index Scan using sbtest7_pkey on sbtest7  (cost=0.43..408.28 rows=103 width=121)
	        Index Cond: ((id >= 2513176) AND (id <= 2513275))

table 8 : explain SELECT c FROM sbtest8 WHERE id BETWEEN 770476 AND 770575 ORDER BY c
	Sort  (cost=436.04..436.31 rows=109 width=121)
	  Sort Key: c
	  ->  Index Scan using sbtest8_pkey on sbtest8  (cost=0.43..432.35 rows=109 width=121)
	        Index Cond: ((id >= 770476) AND (id <= 770575))

for point_selects
table 1 : explain SELECT c FROM sbtest1 WHERE id=9932737
	Index Scan using sbtest1_pkey on sbtest1  (cost=0.43..8.45 rows=1 width=121)
	  Index Cond: (id = 9932737)

table 2 : explain SELECT c FROM sbtest2 WHERE id=574360
	Index Scan using sbtest2_pkey on sbtest2  (cost=0.43..8.45 rows=1 width=121)
	  Index Cond: (id = 574360)

table 3 : explain SELECT c FROM sbtest3 WHERE id=856025
	Index Scan using sbtest3_pkey on sbtest3  (cost=0.43..8.45 rows=1 width=121)
	  Index Cond: (id = 856025)

table 4 : explain SELECT c FROM sbtest4 WHERE id=1292307
	Index Scan using sbtest4_pkey on sbtest4  (cost=0.43..8.45 rows=1 width=121)
	  Index Cond: (id = 1292307)

table 5 : explain SELECT c FROM sbtest5 WHERE id=7684516
	Index Scan using sbtest5_pkey on sbtest5  (cost=0.43..8.45 rows=1 width=121)
	  Index Cond: (id = 7684516)

table 6 : explain SELECT c FROM sbtest6 WHERE id=5835883
	Index Scan using sbtest6_pkey on sbtest6  (cost=0.43..8.45 rows=1 width=121)
	  Index Cond: (id = 5835883)

table 7 : explain SELECT c FROM sbtest7 WHERE id=9077453
	Index Scan using sbtest7_pkey on sbtest7  (cost=0.43..8.45 rows=1 width=121)
	  Index Cond: (id = 9077453)

table 8 : explain SELECT c FROM sbtest8 WHERE id=9071707
	Index Scan using sbtest8_pkey on sbtest8  (cost=0.43..8.45 rows=1 width=121)
	  Index Cond: (id = 9071707)

for: distinct_ranges
table 1 : explain SELECT DISTINCT c FROM sbtest1 WHERE id BETWEEN 641605 AND 641704 ORDER BY c
	Unique  (cost=428.14..428.67 rows=107 width=121)
	  ->  Sort  (cost=428.14..428.40 rows=107 width=121)
	        Sort Key: c
	        ->  Index Scan using sbtest1_pkey on sbtest1  (cost=0.43..424.53 rows=107 width=121)
	              Index Cond: ((id >= 641605) AND (id <= 641704))

table 2 : explain SELECT DISTINCT c FROM sbtest2 WHERE id BETWEEN 7015541 AND 7015640 ORDER BY c
	Unique  (cost=396.14..396.63 rows=99 width=121)
	  ->  Sort  (cost=396.14..396.39 rows=99 width=121)
	        Sort Key: c
	        ->  Index Scan using sbtest2_pkey on sbtest2  (cost=0.43..392.86 rows=99 width=121)
	              Index Cond: ((id >= 7015541) AND (id <= 7015640))

table 3 : explain SELECT DISTINCT c FROM sbtest3 WHERE id BETWEEN 705012 AND 705111 ORDER BY c
	Unique  (cost=369.94..370.40 rows=92 width=121)
	  ->  Sort  (cost=369.94..370.17 rows=92 width=121)
	        Sort Key: c
	        ->  Index Scan using sbtest3_pkey on sbtest3  (cost=0.43..366.94 rows=92 width=121)
	              Index Cond: ((id >= 705012) AND (id <= 705111))

table 4 : explain SELECT DISTINCT c FROM sbtest4 WHERE id BETWEEN 9308142 AND 9308241 ORDER BY c
	Unique  (cost=453.32..453.88 rows=113 width=121)
	  ->  Sort  (cost=453.32..453.60 rows=113 width=121)
	        Sort Key: c
	        ->  Index Scan using sbtest4_pkey on sbtest4  (cost=0.43..449.46 rows=113 width=121)
	              Index Cond: ((id >= 9308142) AND (id <= 9308241))

table 5 : explain SELECT DISTINCT c FROM sbtest5 WHERE id BETWEEN 9209758 AND 9209857 ORDER BY c
	Unique  (cost=375.76..376.23 rows=94 width=121)
	  ->  Sort  (cost=375.76..376.00 rows=94 width=121)
	        Sort Key: c
	        ->  Index Scan using sbtest5_pkey on sbtest5  (cost=0.43..372.68 rows=94 width=121)
	              Index Cond: ((id >= 9209758) AND (id <= 9209857))

table 6 : explain SELECT DISTINCT c FROM sbtest6 WHERE id BETWEEN 5747333 AND 5747432 ORDER BY c
	Unique  (cost=396.56..397.05 rows=99 width=121)
	  ->  Sort  (cost=396.56..396.80 rows=99 width=121)
	        Sort Key: c
	        ->  Index Scan using sbtest6_pkey on sbtest6  (cost=0.43..393.27 rows=99 width=121)
	              Index Cond: ((id >= 5747333) AND (id <= 5747432))

table 7 : explain SELECT DISTINCT c FROM sbtest7 WHERE id BETWEEN 6875082 AND 6875181 ORDER BY c
	Unique  (cost=380.05..380.52 rows=95 width=121)
	  ->  Sort  (cost=380.05..380.29 rows=95 width=121)
	        Sort Key: c
	        ->  Index Scan using sbtest7_pkey on sbtest7  (cost=0.43..376.93 rows=95 width=121)
	              Index Cond: ((id >= 6875082) AND (id <= 6875181))

table 8 : explain SELECT DISTINCT c FROM sbtest8 WHERE id BETWEEN 2320119 AND 2320218 ORDER BY c
	Unique  (cost=396.39..396.88 rows=99 width=121)
	  ->  Sort  (cost=396.39..396.63 rows=99 width=121)
	        Sort Key: c
	        ->  Index Scan using sbtest8_pkey on sbtest8  (cost=0.43..393.10 rows=99 width=121)
	              Index Cond: ((id >= 2320119) AND (id <= 2320218))

for point_selects
table 1 : explain SELECT c FROM sbtest1 WHERE id=9574895
	Index Scan using sbtest1_pkey on sbtest1  (cost=0.43..8.45 rows=1 width=121)
	  Index Cond: (id = 9574895)

table 2 : explain SELECT c FROM sbtest2 WHERE id=5203346
	Index Scan using sbtest2_pkey on sbtest2  (cost=0.43..8.45 rows=1 width=121)
	  Index Cond: (id = 5203346)

table 3 : explain SELECT c FROM sbtest3 WHERE id=9793184
	Index Scan using sbtest3_pkey on sbtest3  (cost=0.43..8.45 rows=1 width=121)
	  Index Cond: (id = 9793184)

table 4 : explain SELECT c FROM sbtest4 WHERE id=8081044
	Index Scan using sbtest4_pkey on sbtest4  (cost=0.43..8.45 rows=1 width=121)
	  Index Cond: (id = 8081044)

table 5 : explain SELECT c FROM sbtest5 WHERE id=5874753
	Index Scan using sbtest5_pkey on sbtest5  (cost=0.43..8.45 rows=1 width=121)
	  Index Cond: (id = 5874753)

table 6 : explain SELECT c FROM sbtest6 WHERE id=893780
	Index Scan using sbtest6_pkey on sbtest6  (cost=0.43..8.45 rows=1 width=121)
	  Index Cond: (id = 893780)

table 7 : explain SELECT c FROM sbtest7 WHERE id=5583218
	Index Scan using sbtest7_pkey on sbtest7  (cost=0.43..8.45 rows=1 width=121)
	  Index Cond: (id = 5583218)

table 8 : explain SELECT c FROM sbtest8 WHERE id=6772096
	Index Scan using sbtest8_pkey on sbtest8  (cost=0.43..8.45 rows=1 width=121)
	  Index Cond: (id = 6772096)

for: simple_ranges
table 1 : explain SELECT c FROM sbtest1 WHERE id BETWEEN 6822387 AND 6822486
	Index Scan using sbtest1_pkey on sbtest1  (cost=0.43..393.13 rows=99 width=121)
	  Index Cond: ((id >= 6822387) AND (id <= 6822486))

table 2 : explain SELECT c FROM sbtest2 WHERE id BETWEEN 4244366 AND 4244465
	Index Scan using sbtest2_pkey on sbtest2  (cost=0.43..439.92 rows=111 width=121)
	  Index Cond: ((id >= 4244366) AND (id <= 4244465))

table 3 : explain SELECT c FROM sbtest3 WHERE id BETWEEN 3721373 AND 3721472
	Index Scan using sbtest3_pkey on sbtest3  (cost=0.43..429.98 rows=108 width=121)
	  Index Cond: ((id >= 3721373) AND (id <= 3721472))

table 4 : explain SELECT c FROM sbtest4 WHERE id BETWEEN 833489 AND 833588
	Index Scan using sbtest4_pkey on sbtest4  (cost=0.43..370.70 rows=93 width=121)
	  Index Cond: ((id >= 833489) AND (id <= 833588))

table 5 : explain SELECT c FROM sbtest5 WHERE id BETWEEN 1703871 AND 1703970
	Index Scan using sbtest5_pkey on sbtest5  (cost=0.43..380.51 rows=96 width=121)
	  Index Cond: ((id >= 1703871) AND (id <= 1703970))

table 6 : explain SELECT c FROM sbtest6 WHERE id BETWEEN 4368052 AND 4368151
	Index Scan using sbtest6_pkey on sbtest6  (cost=0.43..381.50 rows=96 width=121)
	  Index Cond: ((id >= 4368052) AND (id <= 4368151))

table 7 : explain SELECT c FROM sbtest7 WHERE id BETWEEN 9761935 AND 9762034
	Index Scan using sbtest7_pkey on sbtest7  (cost=0.43..392.60 rows=99 width=121)
	  Index Cond: ((id >= 9761935) AND (id <= 9762034))

table 8 : explain SELECT c FROM sbtest8 WHERE id BETWEEN 2769054 AND 2769153
	Index Scan using sbtest8_pkey on sbtest8  (cost=0.43..397.03 rows=100 width=121)
	  Index Cond: ((id >= 2769054) AND (id <= 2769153))

for: distinct_ranges
table 1 : explain SELECT DISTINCT c FROM sbtest1 WHERE id BETWEEN 87078 AND 87177 ORDER BY c
	Unique  (cost=388.48..388.97 rows=97 width=121)
	  ->  Sort  (cost=388.48..388.73 rows=97 width=121)
	        Sort Key: c
	        ->  Index Scan using sbtest1_pkey on sbtest1  (cost=0.43..385.28 rows=97 width=121)
	              Index Cond: ((id >= 87078) AND (id <= 87177))

table 2 : explain SELECT DISTINCT c FROM sbtest2 WHERE id BETWEEN 4943590 AND 4943689 ORDER BY c
	Unique  (cost=396.14..396.63 rows=99 width=121)
	  ->  Sort  (cost=396.14..396.39 rows=99 width=121)
	        Sort Key: c
	        ->  Index Scan using sbtest2_pkey on sbtest2  (cost=0.43..392.86 rows=99 width=121)
	              Index Cond: ((id >= 4943590) AND (id <= 4943689))

table 3 : explain SELECT DISTINCT c FROM sbtest3 WHERE id BETWEEN 1329680 AND 1329779 ORDER BY c
	Unique  (cost=389.86..390.34 rows=97 width=121)
	  ->  Sort  (cost=389.86..390.10 rows=97 width=121)
	        Sort Key: c
	        ->  Index Scan using sbtest3_pkey on sbtest3  (cost=0.43..386.65 rows=97 width=121)
	              Index Cond: ((id >= 1329680) AND (id <= 1329779))

table 4 : explain SELECT DISTINCT c FROM sbtest4 WHERE id BETWEEN 9835257 AND 9835356 ORDER BY c
	Unique  (cost=369.77..370.23 rows=92 width=121)
	  ->  Sort  (cost=369.77..370.00 rows=92 width=121)
	        Sort Key: c
	        ->  Index Scan using sbtest4_pkey on sbtest4  (cost=0.43..366.77 rows=92 width=121)
	              Index Cond: ((id >= 9835257) AND (id <= 9835356))

table 5 : explain SELECT DISTINCT c FROM sbtest5 WHERE id BETWEEN 6633319 AND 6633418 ORDER BY c
	Unique  (cost=415.32..415.84 rows=104 width=121)
	  ->  Sort  (cost=415.32..415.58 rows=104 width=121)
	        Sort Key: c
	        ->  Index Scan using sbtest5_pkey on sbtest5  (cost=0.43..411.84 rows=104 width=121)
	              Index Cond: ((id >= 6633319) AND (id <= 6633418))

table 6 : explain SELECT DISTINCT c FROM sbtest6 WHERE id BETWEEN 4102942 AND 4103041 ORDER BY c
	Unique  (cost=404.49..404.99 rows=101 width=121)
	  ->  Sort  (cost=404.49..404.74 rows=101 width=121)
	        Sort Key: c
	        ->  Index Scan using sbtest6_pkey on sbtest6  (cost=0.43..401.13 rows=101 width=121)
	              Index Cond: ((id >= 4102942) AND (id <= 4103041))

table 7 : explain SELECT DISTINCT c FROM sbtest7 WHERE id BETWEEN 7093985 AND 7094084 ORDER BY c
	Unique  (cost=376.09..376.56 rows=94 width=121)
	  ->  Sort  (cost=376.09..376.32 rows=94 width=121)
	        Sort Key: c
	        ->  Index Scan using sbtest7_pkey on sbtest7  (cost=0.43..373.01 rows=94 width=121)
	              Index Cond: ((id >= 7093985) AND (id <= 7094084))

table 8 : explain SELECT DISTINCT c FROM sbtest8 WHERE id BETWEEN 9885963 AND 9886062 ORDER BY c
	Unique  (cost=392.42..392.91 rows=98 width=121)
	  ->  Sort  (cost=392.42..392.67 rows=98 width=121)
	        Sort Key: c
	        ->  Index Scan using sbtest8_pkey on sbtest8  (cost=0.43..389.18 rows=98 width=121)
	              Index Cond: ((id >= 9885963) AND (id <= 9886062))

for: distinct_ranges
table 1 : explain SELECT DISTINCT c FROM sbtest1 WHERE id BETWEEN 9966281 AND 9966380 ORDER BY c
	Unique  (cost=380.53..381.01 rows=95 width=121)
	  ->  Sort  (cost=380.53..380.77 rows=95 width=121)
	        Sort Key: c
	        ->  Index Scan using sbtest1_pkey on sbtest1  (cost=0.43..377.41 rows=95 width=121)
	              Index Cond: ((id >= 9966281) AND (id <= 9966380))

table 2 : explain SELECT DISTINCT c FROM sbtest2 WHERE id BETWEEN 6196521 AND 6196620 ORDER BY c
	Unique  (cost=396.14..396.63 rows=99 width=121)
	  ->  Sort  (cost=396.14..396.39 rows=99 width=121)
	        Sort Key: c
	        ->  Index Scan using sbtest2_pkey on sbtest2  (cost=0.43..392.86 rows=99 width=121)
	              Index Cond: ((id >= 6196521) AND (id <= 6196620))

table 3 : explain SELECT DISTINCT c FROM sbtest3 WHERE id BETWEEN 567988 AND 568087 ORDER BY c
	Unique  (cost=417.71..418.23 rows=104 width=121)
	  ->  Sort  (cost=417.71..417.97 rows=104 width=121)
	        Sort Key: c
	        ->  Index Scan using sbtest3_pkey on sbtest3  (cost=0.43..414.23 rows=104 width=121)
	              Index Cond: ((id >= 567988) AND (id <= 568087))

table 4 : explain SELECT DISTINCT c FROM sbtest4 WHERE id BETWEEN 6479803 AND 6479902 ORDER BY c
	Unique  (cost=397.63..398.12 rows=99 width=121)
	  ->  Sort  (cost=397.63..397.87 rows=99 width=121)
	        Sort Key: c
	        ->  Index Scan using sbtest4_pkey on sbtest4  (cost=0.43..394.35 rows=99 width=121)
	              Index Cond: ((id >= 6479803) AND (id <= 6479902))

table 5 : explain SELECT DISTINCT c FROM sbtest5 WHERE id BETWEEN 7403216 AND 7403315 ORDER BY c
	Unique  (cost=407.41..407.92 rows=102 width=121)
	  ->  Sort  (cost=407.41..407.67 rows=102 width=121)
	        Sort Key: c
	        ->  Index Scan using sbtest5_pkey on sbtest5  (cost=0.43..404.01 rows=102 width=121)
	              Index Cond: ((id >= 7403216) AND (id <= 7403315))

table 6 : explain SELECT DISTINCT c FROM sbtest6 WHERE id BETWEEN 6971266 AND 6971365 ORDER BY c
	Unique  (cost=376.72..377.19 rows=94 width=121)
	  ->  Sort  (cost=376.72..376.96 rows=94 width=121)
	        Sort Key: c
	        ->  Index Scan using sbtest6_pkey on sbtest6  (cost=0.43..373.64 rows=94 width=121)
	              Index Cond: ((id >= 6971266) AND (id <= 6971365))

table 7 : explain SELECT DISTINCT c FROM sbtest7 WHERE id BETWEEN 4022832 AND 4022931 ORDER BY c
	Unique  (cost=387.97..388.45 rows=97 width=121)
	  ->  Sort  (cost=387.97..388.21 rows=97 width=121)
	        Sort Key: c
	        ->  Index Scan using sbtest7_pkey on sbtest7  (cost=0.43..384.77 rows=97 width=121)
	              Index Cond: ((id >= 4022832) AND (id <= 4022931))

table 8 : explain SELECT DISTINCT c FROM sbtest8 WHERE id BETWEEN 5407144 AND 5407243 ORDER BY c
	Unique  (cost=400.35..400.85 rows=100 width=121)
	  ->  Sort  (cost=400.35..400.60 rows=100 width=121)
	        Sort Key: c
	        ->  Index Scan using sbtest8_pkey on sbtest8  (cost=0.43..397.03 rows=100 width=121)
	              Index Cond: ((id >= 5407144) AND (id <= 5407243))

for: simple_ranges
table 1 : explain SELECT c FROM sbtest1 WHERE id BETWEEN 9265081 AND 9265180
	Index Scan using sbtest1_pkey on sbtest1  (cost=0.43..397.06 rows=100 width=121)
	  Index Cond: ((id >= 9265081) AND (id <= 9265180))

table 2 : explain SELECT c FROM sbtest2 WHERE id BETWEEN 3136559 AND 3136658
	Index Scan using sbtest2_pkey on sbtest2  (cost=0.43..369.30 rows=93 width=121)
	  Index Cond: ((id >= 3136559) AND (id <= 3136658))

table 3 : explain SELECT c FROM sbtest3 WHERE id BETWEEN 5569369 AND 5569468
	Index Scan using sbtest3_pkey on sbtest3  (cost=0.43..398.47 rows=100 width=121)
	  Index Cond: ((id >= 5569369) AND (id <= 5569468))

table 4 : explain SELECT c FROM sbtest4 WHERE id BETWEEN 7492788 AND 7492887
	Index Scan using sbtest4_pkey on sbtest4  (cost=0.43..421.90 rows=106 width=121)
	  Index Cond: ((id >= 7492788) AND (id <= 7492887))

table 5 : explain SELECT c FROM sbtest5 WHERE id BETWEEN 6710289 AND 6710388
	Index Scan using sbtest5_pkey on sbtest5  (cost=0.43..392.26 rows=99 width=121)
	  Index Cond: ((id >= 6710289) AND (id <= 6710388))

table 6 : explain SELECT c FROM sbtest6 WHERE id BETWEEN 2070167 AND 2070266
	Index Scan using sbtest6_pkey on sbtest6  (cost=0.43..405.05 rows=102 width=121)
	  Index Cond: ((id >= 2070167) AND (id <= 2070266))

table 7 : explain SELECT c FROM sbtest7 WHERE id BETWEEN 9611755 AND 9611854
	Index Scan using sbtest7_pkey on sbtest7  (cost=0.43..423.96 rows=107 width=121)
	  Index Cond: ((id >= 9611755) AND (id <= 9611854))

table 8 : explain SELECT c FROM sbtest8 WHERE id BETWEEN 7915741 AND 7915840
	Index Scan using sbtest8_pkey on sbtest8  (cost=0.43..381.33 rows=96 width=121)
	  Index Cond: ((id >= 7915741) AND (id <= 7915840))

for point_selects
table 1 : explain SELECT c FROM sbtest1 WHERE id=9588889
	Index Scan using sbtest1_pkey on sbtest1  (cost=0.43..8.45 rows=1 width=121)
	  Index Cond: (id = 9588889)

table 2 : explain SELECT c FROM sbtest2 WHERE id=1546952
	Index Scan using sbtest2_pkey on sbtest2  (cost=0.43..8.45 rows=1 width=121)
	  Index Cond: (id = 1546952)

table 3 : explain SELECT c FROM sbtest3 WHERE id=6740118
	Index Scan using sbtest3_pkey on sbtest3  (cost=0.43..8.45 rows=1 width=121)
	  Index Cond: (id = 6740118)

table 4 : explain SELECT c FROM sbtest4 WHERE id=4407151
	Index Scan using sbtest4_pkey on sbtest4  (cost=0.43..8.45 rows=1 width=121)
	  Index Cond: (id = 4407151)

table 5 : explain SELECT c FROM sbtest5 WHERE id=4392857
	Index Scan using sbtest5_pkey on sbtest5  (cost=0.43..8.45 rows=1 width=121)
	  Index Cond: (id = 4392857)

table 6 : explain SELECT c FROM sbtest6 WHERE id=4802027
	Index Scan using sbtest6_pkey on sbtest6  (cost=0.43..8.45 rows=1 width=121)
	  Index Cond: (id = 4802027)

table 7 : explain SELECT c FROM sbtest7 WHERE id=8296114
	Index Scan using sbtest7_pkey on sbtest7  (cost=0.43..8.45 rows=1 width=121)
	  Index Cond: (id = 8296114)

table 8 : explain SELECT c FROM sbtest8 WHERE id=5962207
	Index Scan using sbtest8_pkey on sbtest8  (cost=0.43..8.45 rows=1 width=121)
	  Index Cond: (id = 5962207)

for: simple_ranges
table 1 : explain SELECT c FROM sbtest1 WHERE id BETWEEN 2600203 AND 2600302
	Index Scan using sbtest1_pkey on sbtest1  (cost=0.43..369.56 rows=93 width=121)
	  Index Cond: ((id >= 2600203) AND (id <= 2600302))

table 2 : explain SELECT c FROM sbtest2 WHERE id BETWEEN 7624732 AND 7624831
	Index Scan using sbtest2_pkey on sbtest2  (cost=0.43..377.15 rows=95 width=121)
	  Index Cond: ((id >= 7624732) AND (id <= 7624831))

table 3 : explain SELECT c FROM sbtest3 WHERE id BETWEEN 3612274 AND 3612373
	Index Scan using sbtest3_pkey on sbtest3  (cost=0.43..402.41 rows=101 width=121)
	  Index Cond: ((id >= 3612274) AND (id <= 3612373))

table 4 : explain SELECT c FROM sbtest4 WHERE id BETWEEN 493018 AND 493117
	Index Scan using sbtest4_pkey on sbtest4  (cost=0.43..370.70 rows=93 width=121)
	  Index Cond: ((id >= 493018) AND (id <= 493117))

table 5 : explain SELECT c FROM sbtest5 WHERE id BETWEEN 7452442 AND 7452541
	Index Scan using sbtest5_pkey on sbtest5  (cost=0.43..404.01 rows=102 width=121)
	  Index Cond: ((id >= 7452442) AND (id <= 7452541))

table 6 : explain SELECT c FROM sbtest6 WHERE id BETWEEN 3862087 AND 3862186
	Index Scan using sbtest6_pkey on sbtest6  (cost=0.43..405.05 rows=102 width=121)
	  Index Cond: ((id >= 3862087) AND (id <= 3862186))

table 7 : explain SELECT c FROM sbtest7 WHERE id BETWEEN 4714829 AND 4714928
	Index Scan using sbtest7_pkey on sbtest7  (cost=0.43..427.88 rows=108 width=121)
	  Index Cond: ((id >= 4714829) AND (id <= 4714928))

table 8 : explain SELECT c FROM sbtest8 WHERE id BETWEEN 5601877 AND 5601976
	Index Scan using sbtest8_pkey on sbtest8  (cost=0.43..428.42 rows=108 width=121)
	  Index Cond: ((id >= 5601877) AND (id <= 5601976))

for point_selects
table 1 : explain SELECT c FROM sbtest1 WHERE id=1900346
	Index Scan using sbtest1_pkey on sbtest1  (cost=0.43..8.45 rows=1 width=121)
	  Index Cond: (id = 1900346)

table 2 : explain SELECT c FROM sbtest2 WHERE id=5712708
	Index Scan using sbtest2_pkey on sbtest2  (cost=0.43..8.45 rows=1 width=121)
	  Index Cond: (id = 5712708)

table 3 : explain SELECT c FROM sbtest3 WHERE id=9608341
	Index Scan using sbtest3_pkey on sbtest3  (cost=0.43..8.45 rows=1 width=121)
	  Index Cond: (id = 9608341)

table 4 : explain SELECT c FROM sbtest4 WHERE id=253847
	Index Scan using sbtest4_pkey on sbtest4  (cost=0.43..8.45 rows=1 width=121)
	  Index Cond: (id = 253847)

table 5 : explain SELECT c FROM sbtest5 WHERE id=7388103
	Index Scan using sbtest5_pkey on sbtest5  (cost=0.43..8.45 rows=1 width=121)
	  Index Cond: (id = 7388103)

table 6 : explain SELECT c FROM sbtest6 WHERE id=3485755
	Index Scan using sbtest6_pkey on sbtest6  (cost=0.43..8.45 rows=1 width=121)
	  Index Cond: (id = 3485755)

table 7 : explain SELECT c FROM sbtest7 WHERE id=8656327
	Index Scan using sbtest7_pkey on sbtest7  (cost=0.43..8.45 rows=1 width=121)
	  Index Cond: (id = 8656327)

table 8 : explain SELECT c FROM sbtest8 WHERE id=997207
	Index Scan using sbtest8_pkey on sbtest8  (cost=0.43..8.45 rows=1 width=121)
	  Index Cond: (id = 997207)

for: sum_ranges
table 1 : explain SELECT SUM(k) FROM sbtest1 WHERE id BETWEEN 8511468 AND 8511567
	Aggregate  (cost=369.79..369.80 rows=1 width=8)
	  ->  Index Scan using sbtest1_pkey on sbtest1  (cost=0.43..369.56 rows=93 width=4)
	        Index Cond: ((id >= 8511468) AND (id <= 8511567))

table 2 : explain SELECT SUM(k) FROM sbtest2 WHERE id BETWEEN 2089083 AND 2089182
	Aggregate  (cost=404.88..404.89 rows=1 width=8)
	  ->  Index Scan using sbtest2_pkey on sbtest2  (cost=0.43..404.62 rows=102 width=4)
	        Index Cond: ((id >= 2089083) AND (id <= 2089182))

table 3 : explain SELECT SUM(k) FROM sbtest3 WHERE id BETWEEN 1051665 AND 1051764
	Aggregate  (cost=394.78..394.79 rows=1 width=8)
	  ->  Index Scan using sbtest3_pkey on sbtest3  (cost=0.43..394.53 rows=99 width=4)
	        Index Cond: ((id >= 1051665) AND (id <= 1051764))

table 4 : explain SELECT SUM(k) FROM sbtest4 WHERE id BETWEEN 7610540 AND 7610639
	Aggregate  (cost=378.83..378.84 rows=1 width=8)
	  ->  Index Scan using sbtest4_pkey on sbtest4  (cost=0.43..378.60 rows=95 width=4)
	        Index Cond: ((id >= 7610540) AND (id <= 7610639))

table 5 : explain SELECT SUM(k) FROM sbtest5 WHERE id BETWEEN 7122092 AND 7122191
	Aggregate  (cost=361.16..361.17 rows=1 width=8)
	  ->  Index Scan using sbtest5_pkey on sbtest5  (cost=0.43..360.94 rows=91 width=4)
	        Index Cond: ((id >= 7122092) AND (id <= 7122191))

table 6 : explain SELECT SUM(k) FROM sbtest6 WHERE id BETWEEN 6843665 AND 6843764
	Aggregate  (cost=373.88..373.89 rows=1 width=8)
	  ->  Index Scan using sbtest6_pkey on sbtest6  (cost=0.43..373.64 rows=94 width=4)
	        Index Cond: ((id >= 6843665) AND (id <= 6843764))

table 7 : explain SELECT SUM(k) FROM sbtest7 WHERE id BETWEEN 6250472 AND 6250571
	Aggregate  (cost=396.77..396.78 rows=1 width=8)
	  ->  Index Scan using sbtest7_pkey on sbtest7  (cost=0.43..396.52 rows=100 width=4)
	        Index Cond: ((id >= 6250472) AND (id <= 6250571))

table 8 : explain SELECT SUM(k) FROM sbtest8 WHERE id BETWEEN 6211523 AND 6211622
	Aggregate  (cost=373.72..373.73 rows=1 width=8)
	  ->  Index Scan using sbtest8_pkey on sbtest8  (cost=0.43..373.48 rows=94 width=4)
	        Index Cond: ((id >= 6211523) AND (id <= 6211622))

for point_selects
table 1 : explain SELECT c FROM sbtest1 WHERE id=9608822
	Index Scan using sbtest1_pkey on sbtest1  (cost=0.43..8.45 rows=1 width=121)
	  Index Cond: (id = 9608822)

table 2 : explain SELECT c FROM sbtest2 WHERE id=1662431
	Index Scan using sbtest2_pkey on sbtest2  (cost=0.43..8.45 rows=1 width=121)
	  Index Cond: (id = 1662431)

table 3 : explain SELECT c FROM sbtest3 WHERE id=1765314
	Index Scan using sbtest3_pkey on sbtest3  (cost=0.43..8.45 rows=1 width=121)
	  Index Cond: (id = 1765314)

table 4 : explain SELECT c FROM sbtest4 WHERE id=5246937
	Index Scan using sbtest4_pkey on sbtest4  (cost=0.43..8.45 rows=1 width=121)
	  Index Cond: (id = 5246937)

table 5 : explain SELECT c FROM sbtest5 WHERE id=4499634
	Index Scan using sbtest5_pkey on sbtest5  (cost=0.43..8.45 rows=1 width=121)
	  Index Cond: (id = 4499634)

table 6 : explain SELECT c FROM sbtest6 WHERE id=984156
	Index Scan using sbtest6_pkey on sbtest6  (cost=0.43..8.45 rows=1 width=121)
	  Index Cond: (id = 984156)

table 7 : explain SELECT c FROM sbtest7 WHERE id=89433
	Index Scan using sbtest7_pkey on sbtest7  (cost=0.43..8.45 rows=1 width=121)
	  Index Cond: (id = 89433)

table 8 : explain SELECT c FROM sbtest8 WHERE id=1095168
	Index Scan using sbtest8_pkey on sbtest8  (cost=0.43..8.45 rows=1 width=121)
	  Index Cond: (id = 1095168)

explain: for point_selects :: explain SELECT c FROM sbtest%u WHERE id=%u
for point_selects
table 1 : explain SELECT c FROM sbtest1 WHERE id=8833185
	Index Scan using sbtest1_pkey on sbtest1  (cost=0.43..8.45 rows=1 width=121)
	  Index Cond: (id = 8833185)

table 2 : explain SELECT c FROM sbtest2 WHERE id=1511119
	Index Scan using sbtest2_pkey on sbtest2  (cost=0.43..8.45 rows=1 width=121)
	  Index Cond: (id = 1511119)

table 3 : explain SELECT c FROM sbtest3 WHERE id=1772189
	Index Scan using sbtest3_pkey on sbtest3  (cost=0.43..8.45 rows=1 width=121)
	  Index Cond: (id = 1772189)

table 4 : explain SELECT c FROM sbtest4 WHERE id=8168748
	Index Scan using sbtest4_pkey on sbtest4  (cost=0.43..8.45 rows=1 width=121)
	  Index Cond: (id = 8168748)

table 5 : explain SELECT c FROM sbtest5 WHERE id=8896926
	Index Scan using sbtest5_pkey on sbtest5  (cost=0.43..8.45 rows=1 width=121)
	  Index Cond: (id = 8896926)

table 6 : explain SELECT c FROM sbtest6 WHERE id=909654
	Index Scan using sbtest6_pkey on sbtest6  (cost=0.43..8.45 rows=1 width=121)
	  Index Cond: (id = 909654)

table 7 : explain SELECT c FROM sbtest7 WHERE id=302321
	Index Scan using sbtest7_pkey on sbtest7  (cost=0.43..8.45 rows=1 width=121)
	  Index Cond: (id = 302321)

table 8 : explain SELECT c FROM sbtest8 WHERE id=6935282
	Index Scan using sbtest8_pkey on sbtest8  (cost=0.43..8.45 rows=1 width=121)
	  Index Cond: (id = 6935282)

for: sum_ranges
table 1 : explain SELECT SUM(k) FROM sbtest1 WHERE id BETWEEN 6250550 AND 6250649
	Aggregate  (cost=377.65..377.66 rows=1 width=8)
	  ->  Index Scan using sbtest1_pkey on sbtest1  (cost=0.43..377.41 rows=95 width=4)
	        Index Cond: ((id >= 6250550) AND (id <= 6250649))

table 2 : explain SELECT SUM(k) FROM sbtest2 WHERE id BETWEEN 3853607 AND 3853706
	Aggregate  (cost=369.53..369.54 rows=1 width=8)
	  ->  Index Scan using sbtest2_pkey on sbtest2  (cost=0.43..369.30 rows=93 width=4)
	        Index Cond: ((id >= 3853607) AND (id <= 3853706))

table 3 : explain SELECT SUM(k) FROM sbtest3 WHERE id BETWEEN 4892296 AND 4892395
	Aggregate  (cost=402.66..402.67 rows=1 width=8)
	  ->  Index Scan using sbtest3_pkey on sbtest3  (cost=0.43..402.41 rows=101 width=4)
	        Index Cond: ((id >= 4892296) AND (id <= 4892395))

table 4 : explain SELECT SUM(k) FROM sbtest4 WHERE id BETWEEN 1376835 AND 1376934
	Aggregate  (cost=386.71..386.72 rows=1 width=8)
	  ->  Index Scan using sbtest4_pkey on sbtest4  (cost=0.43..386.47 rows=97 width=4)
	        Index Cond: ((id >= 1376835) AND (id <= 1376934))

table 5 : explain SELECT SUM(k) FROM sbtest5 WHERE id BETWEEN 6458982 AND 6459081
	Aggregate  (cost=408.18..408.19 rows=1 width=8)
	  ->  Index Scan using sbtest5_pkey on sbtest5  (cost=0.43..407.92 rows=103 width=4)
	        Index Cond: ((id >= 6458982) AND (id <= 6459081))

table 6 : explain SELECT SUM(k) FROM sbtest6 WHERE id BETWEEN 2852555 AND 2852654
	Aggregate  (cost=417.09..417.10 rows=1 width=8)
	  ->  Index Scan using sbtest6_pkey on sbtest6  (cost=0.43..416.83 rows=105 width=4)
	        Index Cond: ((id >= 2852555) AND (id <= 2852654))

table 7 : explain SELECT SUM(k) FROM sbtest7 WHERE id BETWEEN 1570356 AND 1570455
	Aggregate  (cost=424.22..424.23 rows=1 width=8)
	  ->  Index Scan using sbtest7_pkey on sbtest7  (cost=0.43..423.96 rows=107 width=4)
	        Index Cond: ((id >= 1570356) AND (id <= 1570455))

table 8 : explain SELECT SUM(k) FROM sbtest8 WHERE id BETWEEN 3504984 AND 3505083
	Aggregate  (cost=389.43..389.44 rows=1 width=8)
	  ->  Index Scan using sbtest8_pkey on sbtest8  (cost=0.43..389.18 rows=98 width=4)
	        Index Cond: ((id >= 3504984) AND (id <= 3505083))

explain: for point_selects :: explain SELECT c FROM sbtest%u WHERE id=%u
for: order_ranges
table 1 : explain SELECT c FROM sbtest1 WHERE id BETWEEN 3139645 AND 3139744 ORDER BY c
	Sort  (cost=424.17..424.44 rows=106 width=121)
	  Sort Key: c
	  ->  Index Scan using sbtest1_pkey on sbtest1  (cost=0.43..420.60 rows=106 width=121)
	        Index Cond: ((id >= 3139645) AND (id <= 3139744))

table 2 : explain SELECT c FROM sbtest2 WHERE id BETWEEN 5252485 AND 5252584 ORDER BY c
	Sort  (cost=400.10..400.35 rows=100 width=121)
	  Sort Key: c
	  ->  Index Scan using sbtest2_pkey on sbtest2  (cost=0.43..396.78 rows=100 width=121)
	        Index Cond: ((id >= 5252485) AND (id <= 5252584))

table 3 : explain SELECT c FROM sbtest3 WHERE id BETWEEN 9425939 AND 9426038 ORDER BY c
	Sort  (cost=409.75..410.01 rows=102 width=121)
	  Sort Key: c
	  ->  Index Scan using sbtest3_pkey on sbtest3  (cost=0.43..406.35 rows=102 width=121)
	        Index Cond: ((id >= 9425939) AND (id <= 9426038))

table 4 : explain SELECT c FROM sbtest4 WHERE id BETWEEN 8523805 AND 8523904 ORDER BY c
	Sort  (cost=405.58..405.83 rows=101 width=121)
	  Sort Key: c
	  ->  Index Scan using sbtest4_pkey on sbtest4  (cost=0.43..402.22 rows=101 width=121)
	        Index Cond: ((id >= 8523805) AND (id <= 8523904))

table 5 : explain SELECT c FROM sbtest5 WHERE id BETWEEN 5450414 AND 5450513 ORDER BY c
	Sort  (cost=355.96..356.18 rows=89 width=121)
	  Sort Key: c
	  ->  Index Scan using sbtest5_pkey on sbtest5  (cost=0.43..353.08 rows=89 width=121)
	        Index Cond: ((id >= 5450414) AND (id <= 5450513))

table 6 : explain SELECT c FROM sbtest6 WHERE id BETWEEN 5014273 AND 5014372 ORDER BY c
	Sort  (cost=436.22..436.50 rows=109 width=121)
	  Sort Key: c
	  ->  Index Scan using sbtest6_pkey on sbtest6  (cost=0.43..432.53 rows=109 width=121)
	        Index Cond: ((id >= 5014273) AND (id <= 5014372))

table 7 : explain SELECT c FROM sbtest7 WHERE id BETWEEN 2100504 AND 2100603 ORDER BY c
	Sort  (cost=380.05..380.29 rows=95 width=121)
	  Sort Key: c
	  ->  Index Scan using sbtest7_pkey on sbtest7  (cost=0.43..376.93 rows=95 width=121)
	        Index Cond: ((id >= 2100504) AND (id <= 2100603))

table 8 : explain SELECT c FROM sbtest8 WHERE id BETWEEN 8782452 AND 8782551 ORDER BY c
	Sort  (cost=368.64..368.87 rows=92 width=121)
	  Sort Key: c
	  ->  Index Scan using sbtest8_pkey on sbtest8  (cost=0.43..365.63 rows=92 width=121)
	        Index Cond: ((id >= 8782452) AND (id <= 8782551))

for point_selects
table 1 : explain SELECT c FROM sbtest1 WHERE id=4089806
	Index Scan using sbtest1_pkey on sbtest1  (cost=0.43..8.45 rows=1 width=121)
	  Index Cond: (id = 4089806)

table 2 : explain SELECT c FROM sbtest2 WHERE id=1634454
	Index Scan using sbtest2_pkey on sbtest2  (cost=0.43..8.45 rows=1 width=121)
	  Index Cond: (id = 1634454)

table 3 : explain SELECT c FROM sbtest3 WHERE id=7554134
	Index Scan using sbtest3_pkey on sbtest3  (cost=0.43..8.45 rows=1 width=121)
	  Index Cond: (id = 7554134)

table 4 : explain SELECT c FROM sbtest4 WHERE id=9622242
	Index Scan using sbtest4_pkey on sbtest4  (cost=0.43..8.45 rows=1 width=121)
	  Index Cond: (id = 9622242)

table 5 : explain SELECT c FROM sbtest5 WHERE id=9518530
	Index Scan using sbtest5_pkey on sbtest5  (cost=0.43..8.45 rows=1 width=121)
	  Index Cond: (id = 9518530)

table 6 : explain SELECT c FROM sbtest6 WHERE id=6732709
	Index Scan using sbtest6_pkey on sbtest6  (cost=0.43..8.45 rows=1 width=121)
	  Index Cond: (id = 6732709)

table 7 : explain SELECT c FROM sbtest7 WHERE id=6584529
	Index Scan using sbtest7_pkey on sbtest7  (cost=0.43..8.45 rows=1 width=121)
	  Index Cond: (id = 6584529)

table 8 : explain SELECT c FROM sbtest8 WHERE id=879657
	Index Scan using sbtest8_pkey on sbtest8  (cost=0.43..8.45 rows=1 width=121)
	  Index Cond: (id = 879657)

explain: for point_selects :: explain SELECT c FROM sbtest%u WHERE id=%u
for: order_ranges
table 1 : explain SELECT c FROM sbtest1 WHERE id BETWEEN 9965369 AND 9965468 ORDER BY c
	Sort  (cost=380.53..380.77 rows=95 width=121)
	  Sort Key: c
	  ->  Index Scan using sbtest1_pkey on sbtest1  (cost=0.43..377.41 rows=95 width=121)
	        Index Cond: ((id >= 9965369) AND (id <= 9965468))

table 2 : explain SELECT c FROM sbtest2 WHERE id BETWEEN 4229499 AND 4229598 ORDER BY c
	Sort  (cost=443.69..443.97 rows=111 width=121)
	  Sort Key: c
	  ->  Index Scan using sbtest2_pkey on sbtest2  (cost=0.43..439.92 rows=111 width=121)
	        Index Cond: ((id >= 4229499) AND (id <= 4229598))

table 3 : explain SELECT c FROM sbtest3 WHERE id BETWEEN 3276707 AND 3276806 ORDER BY c
	Sort  (cost=417.71..417.97 rows=104 width=121)
	  Sort Key: c
	  ->  Index Scan using sbtest3_pkey on sbtest3  (cost=0.43..414.23 rows=104 width=121)
	        Index Cond: ((id >= 3276707) AND (id <= 3276806))

table 4 : explain SELECT c FROM sbtest4 WHERE id BETWEEN 6770583 AND 6770682 ORDER BY c
	Sort  (cost=385.69..385.93 rows=96 width=121)
	  Sort Key: c
	  ->  Index Scan using sbtest4_pkey on sbtest4  (cost=0.43..382.53 rows=96 width=121)
	        Index Cond: ((id >= 6770583) AND (id <= 6770682))

table 5 : explain SELECT c FROM sbtest5 WHERE id BETWEEN 4474875 AND 4474974 ORDER BY c
	Sort  (cost=419.28..419.54 rows=105 width=121)
	  Sort Key: c
	  ->  Index Scan using sbtest5_pkey on sbtest5  (cost=0.43..415.75 rows=105 width=121)
	        Index Cond: ((id >= 4474875) AND (id <= 4474974))

table 6 : explain SELECT c FROM sbtest6 WHERE id BETWEEN 6456434 AND 6456533 ORDER BY c
	Sort  (cost=376.72..376.96 rows=94 width=121)
	  Sort Key: c
	  ->  Index Scan using sbtest6_pkey on sbtest6  (cost=0.43..373.64 rows=94 width=121)
	        Index Cond: ((id >= 6456434) AND (id <= 6456533))

table 7 : explain SELECT c FROM sbtest7 WHERE id BETWEEN 6788599 AND 6788698 ORDER BY c
	Sort  (cost=391.93..392.17 rows=98 width=121)
	  Sort Key: c
	  ->  Index Scan using sbtest7_pkey on sbtest7  (cost=0.43..388.68 rows=98 width=121)
	        Index Cond: ((id >= 6788599) AND (id <= 6788698))

table 8 : explain SELECT c FROM sbtest8 WHERE id BETWEEN 814410 AND 814509 ORDER BY c
	Sort  (cost=396.39..396.63 rows=99 width=121)
	  Sort Key: c
	  ->  Index Scan using sbtest8_pkey on sbtest8  (cost=0.43..393.10 rows=99 width=121)
	        Index Cond: ((id >= 814410) AND (id <= 814509))

for: simple_ranges
table 1 : explain SELECT c FROM sbtest1 WHERE id BETWEEN 2625428 AND 2625527
	Index Scan using sbtest1_pkey on sbtest1  (cost=0.43..369.56 rows=93 width=121)
	  Index Cond: ((id >= 2625428) AND (id <= 2625527))

table 2 : explain SELECT c FROM sbtest2 WHERE id BETWEEN 769143 AND 769242
	Index Scan using sbtest2_pkey on sbtest2  (cost=0.43..381.09 rows=96 width=121)
	  Index Cond: ((id >= 769143) AND (id <= 769242))

table 3 : explain SELECT c FROM sbtest3 WHERE id BETWEEN 8161758 AND 8161857
	Index Scan using sbtest3_pkey on sbtest3  (cost=0.43..394.53 rows=99 width=121)
	  Index Cond: ((id >= 8161758) AND (id <= 8161857))

table 4 : explain SELECT c FROM sbtest4 WHERE id BETWEEN 2999341 AND 2999440
	Index Scan using sbtest4_pkey on sbtest4  (cost=0.43..417.97 rows=105 width=121)
	  Index Cond: ((id >= 2999341) AND (id <= 2999440))

table 5 : explain SELECT c FROM sbtest5 WHERE id BETWEEN 914339 AND 914438
	Index Scan using sbtest5_pkey on sbtest5  (cost=0.43..388.34 rows=98 width=121)
	  Index Cond: ((id >= 914339) AND (id <= 914438))

table 6 : explain SELECT c FROM sbtest6 WHERE id BETWEEN 7498171 AND 7498270
	Index Scan using sbtest6_pkey on sbtest6  (cost=0.43..377.57 rows=95 width=121)
	  Index Cond: ((id >= 7498171) AND (id <= 7498270))

table 7 : explain SELECT c FROM sbtest7 WHERE id BETWEEN 700528 AND 700627
	Index Scan using sbtest7_pkey on sbtest7  (cost=0.43..408.28 rows=103 width=121)
	  Index Cond: ((id >= 700528) AND (id <= 700627))

table 8 : explain SELECT c FROM sbtest8 WHERE id BETWEEN 3048668 AND 3048767
	Index Scan using sbtest8_pkey on sbtest8  (cost=0.43..393.10 rows=99 width=121)
	  Index Cond: ((id >= 3048668) AND (id <= 3048767))

for point_selects
table 1 : explain SELECT c FROM sbtest1 WHERE id=2803791
	Index Scan using sbtest1_pkey on sbtest1  (cost=0.43..8.45 rows=1 width=121)
	  Index Cond: (id = 2803791)

table 2 : explain SELECT c FROM sbtest2 WHERE id=4529978
	Index Scan using sbtest2_pkey on sbtest2  (cost=0.43..8.45 rows=1 width=121)
	  Index Cond: (id = 4529978)

table 3 : explain SELECT c FROM sbtest3 WHERE id=5965766
	Index Scan using sbtest3_pkey on sbtest3  (cost=0.43..8.45 rows=1 width=121)
	  Index Cond: (id = 5965766)

table 4 : explain SELECT c FROM sbtest4 WHERE id=357109
	Index Scan using sbtest4_pkey on sbtest4  (cost=0.43..8.45 rows=1 width=121)
	  Index Cond: (id = 357109)

table 5 : explain SELECT c FROM sbtest5 WHERE id=7033375
	Index Scan using sbtest5_pkey on sbtest5  (cost=0.43..8.45 rows=1 width=121)
	  Index Cond: (id = 7033375)

table 6 : explain SELECT c FROM sbtest6 WHERE id=8392110
	Index Scan using sbtest6_pkey on sbtest6  (cost=0.43..8.45 rows=1 width=121)
	  Index Cond: (id = 8392110)

table 7 : explain SELECT c FROM sbtest7 WHERE id=7694560
	Index Scan using sbtest7_pkey on sbtest7  (cost=0.43..8.45 rows=1 width=121)
	  Index Cond: (id = 7694560)

table 8 : explain SELECT c FROM sbtest8 WHERE id=5124816
	Index Scan using sbtest8_pkey on sbtest8  (cost=0.43..8.45 rows=1 width=121)
	  Index Cond: (id = 5124816)

for: sum_ranges
table 1 : explain SELECT SUM(k) FROM sbtest1 WHERE id BETWEEN 1151183 AND 1151282
	Aggregate  (cost=416.94..416.95 rows=1 width=8)
	  ->  Index Scan using sbtest1_pkey on sbtest1  (cost=0.43..416.68 rows=105 width=4)
	        Index Cond: ((id >= 1151183) AND (id <= 1151282))

table 2 : explain SELECT SUM(k) FROM sbtest2 WHERE id BETWEEN 6822779 AND 6822878
	Aggregate  (cost=369.53..369.54 rows=1 width=8)
	  ->  Index Scan using sbtest2_pkey on sbtest2  (cost=0.43..369.30 rows=93 width=4)
	        Index Cond: ((id >= 6822779) AND (id <= 6822878))

table 3 : explain SELECT SUM(k) FROM sbtest3 WHERE id BETWEEN 6021404 AND 6021503
	Aggregate  (cost=402.66..402.67 rows=1 width=8)
	  ->  Index Scan using sbtest3_pkey on sbtest3  (cost=0.43..402.41 rows=101 width=4)
	        Index Cond: ((id >= 6021404) AND (id <= 6021503))

table 4 : explain SELECT SUM(k) FROM sbtest4 WHERE id BETWEEN 2286530 AND 2286629
	Aggregate  (cost=374.87..374.88 rows=1 width=8)
	  ->  Index Scan using sbtest4_pkey on sbtest4  (cost=0.43..374.64 rows=94 width=4)
	        Index Cond: ((id >= 2286530) AND (id <= 2286629))

table 5 : explain SELECT SUM(k) FROM sbtest5 WHERE id BETWEEN 1521436 AND 1521535
	Aggregate  (cost=388.59..388.60 rows=1 width=8)
	  ->  Index Scan using sbtest5_pkey on sbtest5  (cost=0.43..388.34 rows=98 width=4)
	        Index Cond: ((id >= 1521436) AND (id <= 1521535))

table 6 : explain SELECT SUM(k) FROM sbtest6 WHERE id BETWEEN 6203560 AND 6203659
	Aggregate  (cost=397.45..397.46 rows=1 width=8)
	  ->  Index Scan using sbtest6_pkey on sbtest6  (cost=0.43..397.20 rows=100 width=4)
	        Index Cond: ((id >= 6203560) AND (id <= 6203659))

table 7 : explain SELECT SUM(k) FROM sbtest7 WHERE id BETWEEN 4747879 AND 4747978
	Aggregate  (cost=428.15..428.16 rows=1 width=8)
	  ->  Index Scan using sbtest7_pkey on sbtest7  (cost=0.43..427.88 rows=108 width=4)
	        Index Cond: ((id >= 4747879) AND (id <= 4747978))

table 8 : explain SELECT SUM(k) FROM sbtest8 WHERE id BETWEEN 8986917 AND 8987016
	Aggregate  (cost=393.35..393.36 rows=1 width=8)
	  ->  Index Scan using sbtest8_pkey on sbtest8  (cost=0.43..393.10 rows=99 width=4)
	        Index Cond: ((id >= 8986917) AND (id <= 8987016))

for: simple_ranges
table 1 : explain SELECT c FROM sbtest1 WHERE id BETWEEN 5921543 AND 5921642
	Index Scan using sbtest1_pkey on sbtest1  (cost=0.43..393.13 rows=99 width=121)
	  Index Cond: ((id >= 5921543) AND (id <= 5921642))

table 2 : explain SELECT c FROM sbtest2 WHERE id BETWEEN 7230656 AND 7230755
	Index Scan using sbtest2_pkey on sbtest2  (cost=0.43..361.46 rows=91 width=121)
	  Index Cond: ((id >= 7230656) AND (id <= 7230755))

table 3 : explain SELECT c FROM sbtest3 WHERE id BETWEEN 5068340 AND 5068439
	Index Scan using sbtest3_pkey on sbtest3  (cost=0.43..382.72 rows=96 width=121)
	  Index Cond: ((id >= 5068340) AND (id <= 5068439))

table 4 : explain SELECT c FROM sbtest4 WHERE id BETWEEN 6267148 AND 6267247
	Index Scan using sbtest4_pkey on sbtest4  (cost=0.43..402.22 rows=101 width=121)
	  Index Cond: ((id >= 6267148) AND (id <= 6267247))

table 5 : explain SELECT c FROM sbtest5 WHERE id BETWEEN 6663906 AND 6664005
	Index Scan using sbtest5_pkey on sbtest5  (cost=0.43..411.84 rows=104 width=121)
	  Index Cond: ((id >= 6663906) AND (id <= 6664005))

table 6 : explain SELECT c FROM sbtest6 WHERE id BETWEEN 9749769 AND 9749868
	Index Scan using sbtest6_pkey on sbtest6  (cost=0.43..401.13 rows=101 width=121)
	  Index Cond: ((id >= 9749769) AND (id <= 9749868))

table 7 : explain SELECT c FROM sbtest7 WHERE id BETWEEN 8871006 AND 8871105
	Index Scan using sbtest7_pkey on sbtest7  (cost=0.43..404.36 rows=102 width=121)
	  Index Cond: ((id >= 8871006) AND (id <= 8871105))

table 8 : explain SELECT c FROM sbtest8 WHERE id BETWEEN 9023008 AND 9023107
	Index Scan using sbtest8_pkey on sbtest8  (cost=0.43..412.73 rows=104 width=121)
	  Index Cond: ((id >= 9023008) AND (id <= 9023107))

for: distinct_ranges
table 1 : explain SELECT DISTINCT c FROM sbtest1 WHERE id BETWEEN 9940941 AND 9941040 ORDER BY c
	Unique  (cost=380.53..381.01 rows=95 width=121)
	  ->  Sort  (cost=380.53..380.77 rows=95 width=121)
	        Sort Key: c
	        ->  Index Scan using sbtest1_pkey on sbtest1  (cost=0.43..377.41 rows=95 width=121)
	              Index Cond: ((id >= 9940941) AND (id <= 9941040))

table 2 : explain SELECT DISTINCT c FROM sbtest2 WHERE id BETWEEN 2570905 AND 2571004 ORDER BY c
	Unique  (cost=427.84..428.37 rows=107 width=121)
	  ->  Sort  (cost=427.84..428.10 rows=107 width=121)
	        Sort Key: c
	        ->  Index Scan using sbtest2_pkey on sbtest2  (cost=0.43..424.23 rows=107 width=121)
	              Index Cond: ((id >= 2570905) AND (id <= 2571004))

table 3 : explain SELECT DISTINCT c FROM sbtest3 WHERE id BETWEEN 9011117 AND 9011216 ORDER BY c
	Unique  (cost=373.92..374.38 rows=93 width=121)
	  ->  Sort  (cost=373.92..374.15 rows=93 width=121)
	        Sort Key: c
	        ->  Index Scan using sbtest3_pkey on sbtest3  (cost=0.43..370.88 rows=93 width=121)
	              Index Cond: ((id >= 9011117) AND (id <= 9011216))

table 4 : explain SELECT DISTINCT c FROM sbtest4 WHERE id BETWEEN 465223 AND 465322 ORDER BY c
	Unique  (cost=409.56..410.07 rows=102 width=121)
	  ->  Sort  (cost=409.56..409.81 rows=102 width=121)
	        Sort Key: c
	        ->  Index Scan using sbtest4_pkey on sbtest4  (cost=0.43..406.16 rows=102 width=121)
	              Index Cond: ((id >= 465223) AND (id <= 465322))

table 5 : explain SELECT DISTINCT c FROM sbtest5 WHERE id BETWEEN 3282742 AND 3282841 ORDER BY c
	Unique  (cost=379.72..380.19 rows=95 width=121)
	  ->  Sort  (cost=379.72..379.96 rows=95 width=121)
	        Sort Key: c
	        ->  Index Scan using sbtest5_pkey on sbtest5  (cost=0.43..376.60 rows=95 width=121)
	              Index Cond: ((id >= 3282742) AND (id <= 3282841))

table 6 : explain SELECT DISTINCT c FROM sbtest6 WHERE id BETWEEN 7101874 AND 7101973 ORDER BY c
	Unique  (cost=408.46..408.97 rows=102 width=121)
	  ->  Sort  (cost=408.46..408.71 rows=102 width=121)
	        Sort Key: c
	        ->  Index Scan using sbtest6_pkey on sbtest6  (cost=0.43..405.05 rows=102 width=121)
	              Index Cond: ((id >= 7101874) AND (id <= 7101973))

table 7 : explain SELECT DISTINCT c FROM sbtest7 WHERE id BETWEEN 1590544 AND 1590643 ORDER BY c
	Unique  (cost=427.56..428.10 rows=107 width=121)
	  ->  Sort  (cost=427.56..427.83 rows=107 width=121)
	        Sort Key: c
	        ->  Index Scan using sbtest7_pkey on sbtest7  (cost=0.43..423.96 rows=107 width=121)
	              Index Cond: ((id >= 1590544) AND (id <= 1590643))

table 8 : explain SELECT DISTINCT c FROM sbtest8 WHERE id BETWEEN 51441 AND 51540 ORDER BY c
	Unique  (cost=392.42..392.91 rows=98 width=121)
	  ->  Sort  (cost=392.42..392.67 rows=98 width=121)
	        Sort Key: c
	        ->  Index Scan using sbtest8_pkey on sbtest8  (cost=0.43..389.18 rows=98 width=121)
	              Index Cond: ((id >= 51441) AND (id <= 51540))

for: simple_ranges
table 1 : explain SELECT c FROM sbtest1 WHERE id BETWEEN 9797060 AND 9797159
	Index Scan using sbtest1_pkey on sbtest1  (cost=0.43..389.21 rows=98 width=121)
	  Index Cond: ((id >= 9797060) AND (id <= 9797159))

table 2 : explain SELECT c FROM sbtest2 WHERE id BETWEEN 5848138 AND 5848237
	Index Scan using sbtest2_pkey on sbtest2  (cost=0.43..388.93 rows=98 width=121)
	  Index Cond: ((id >= 5848138) AND (id <= 5848237))

table 3 : explain SELECT c FROM sbtest3 WHERE id BETWEEN 93135 AND 93234
	Index Scan using sbtest3_pkey on sbtest3  (cost=0.43..410.29 rows=103 width=121)
	  Index Cond: ((id >= 93135) AND (id <= 93234))

table 4 : explain SELECT c FROM sbtest4 WHERE id BETWEEN 9005591 AND 9005690
	Index Scan using sbtest4_pkey on sbtest4  (cost=0.43..402.22 rows=101 width=121)
	  Index Cond: ((id >= 9005591) AND (id <= 9005690))

table 5 : explain SELECT c FROM sbtest5 WHERE id BETWEEN 6246898 AND 6246997
	Index Scan using sbtest5_pkey on sbtest5  (cost=0.43..400.09 rows=101 width=121)
	  Index Cond: ((id >= 6246898) AND (id <= 6246997))

table 6 : explain SELECT c FROM sbtest6 WHERE id BETWEEN 6725710 AND 6725809
	Index Scan using sbtest6_pkey on sbtest6  (cost=0.43..393.27 rows=99 width=121)
	  Index Cond: ((id >= 6725710) AND (id <= 6725809))

table 7 : explain SELECT c FROM sbtest7 WHERE id BETWEEN 5217667 AND 5217766
	Index Scan using sbtest7_pkey on sbtest7  (cost=0.43..388.68 rows=98 width=121)
	  Index Cond: ((id >= 5217667) AND (id <= 5217766))

table 8 : explain SELECT c FROM sbtest8 WHERE id BETWEEN 7238124 AND 7238223
	Index Scan using sbtest8_pkey on sbtest8  (cost=0.43..424.50 rows=107 width=121)
	  Index Cond: ((id >= 7238124) AND (id <= 7238223))

explain: for point_selects :: explain SELECT c FROM sbtest%u WHERE id=%u
for: distinct_ranges
table 1 : explain SELECT DISTINCT c FROM sbtest1 WHERE id BETWEEN 6395669 AND 6395768 ORDER BY c
	Unique  (cost=388.46..388.95 rows=97 width=121)
	  ->  Sort  (cost=388.46..388.70 rows=97 width=121)
	        Sort Key: c
	        ->  Index Scan using sbtest1_pkey on sbtest1  (cost=0.43..385.26 rows=97 width=121)
	              Index Cond: ((id >= 6395669) AND (id <= 6395768))

table 2 : explain SELECT DISTINCT c FROM sbtest2 WHERE id BETWEEN 710168 AND 710267 ORDER BY c
	Unique  (cost=384.25..384.73 rows=96 width=121)
	  ->  Sort  (cost=384.25..384.49 rows=96 width=121)
	        Sort Key: c
	        ->  Index Scan using sbtest2_pkey on sbtest2  (cost=0.43..381.09 rows=96 width=121)
	              Index Cond: ((id >= 710168) AND (id <= 710267))

table 3 : explain SELECT DISTINCT c FROM sbtest3 WHERE id BETWEEN 3623205 AND 3623304 ORDER BY c
	Unique  (cost=405.77..406.28 rows=101 width=121)
	  ->  Sort  (cost=405.77..406.03 rows=101 width=121)
	        Sort Key: c
	        ->  Index Scan using sbtest3_pkey on sbtest3  (cost=0.43..402.41 rows=101 width=121)
	              Index Cond: ((id >= 3623205) AND (id <= 3623304))

table 4 : explain SELECT DISTINCT c FROM sbtest4 WHERE id BETWEEN 7780000 AND 7780099 ORDER BY c
	Unique  (cost=409.56..410.07 rows=102 width=121)
	  ->  Sort  (cost=409.56..409.81 rows=102 width=121)
	        Sort Key: c
	        ->  Index Scan using sbtest4_pkey on sbtest4  (cost=0.43..406.16 rows=102 width=121)
	              Index Cond: ((id >= 7780000) AND (id <= 7780099))

table 5 : explain SELECT DISTINCT c FROM sbtest5 WHERE id BETWEEN 4496684 AND 4496783 ORDER BY c
	Unique  (cost=403.45..403.96 rows=101 width=121)
	  ->  Sort  (cost=403.45..403.71 rows=101 width=121)
	        Sort Key: c
	        ->  Index Scan using sbtest5_pkey on sbtest5  (cost=0.43..400.09 rows=101 width=121)
	              Index Cond: ((id >= 4496684) AND (id <= 4496783))

table 6 : explain SELECT DISTINCT c FROM sbtest6 WHERE id BETWEEN 489633 AND 489732 ORDER BY c
	Unique  (cost=396.56..397.05 rows=99 width=121)
	  ->  Sort  (cost=396.56..396.80 rows=99 width=121)
	        Sort Key: c
	        ->  Index Scan using sbtest6_pkey on sbtest6  (cost=0.43..393.27 rows=99 width=121)
	              Index Cond: ((id >= 489633) AND (id <= 489732))

table 7 : explain SELECT DISTINCT c FROM sbtest7 WHERE id BETWEEN 863075 AND 863174 ORDER BY c
	Unique  (cost=372.13..372.59 rows=93 width=121)
	  ->  Sort  (cost=372.13..372.36 rows=93 width=121)
	        Sort Key: c
	        ->  Index Scan using sbtest7_pkey on sbtest7  (cost=0.43..369.09 rows=93 width=121)
	              Index Cond: ((id >= 863075) AND (id <= 863174))

table 8 : explain SELECT DISTINCT c FROM sbtest8 WHERE id BETWEEN 2102298 AND 2102397 ORDER BY c
	Unique  (cost=436.04..436.58 rows=109 width=121)
	  ->  Sort  (cost=436.04..436.31 rows=109 width=121)
	        Sort Key: c
	        ->  Index Scan using sbtest8_pkey on sbtest8  (cost=0.43..432.35 rows=109 width=121)
	              Index Cond: ((id >= 2102298) AND (id <= 2102397))

for: simple_ranges
table 1 : explain SELECT c FROM sbtest1 WHERE id BETWEEN 9254511 AND 9254610
	Index Scan using sbtest1_pkey on sbtest1  (cost=0.43..397.06 rows=100 width=121)
	  Index Cond: ((id >= 9254511) AND (id <= 9254610))

table 2 : explain SELECT c FROM sbtest2 WHERE id BETWEEN 4188500 AND 4188599
	Index Scan using sbtest2_pkey on sbtest2  (cost=0.43..373.22 rows=94 width=121)
	  Index Cond: ((id >= 4188500) AND (id <= 4188599))

table 3 : explain SELECT c FROM sbtest3 WHERE id BETWEEN 2132086 AND 2132185
	Index Scan using sbtest3_pkey on sbtest3  (cost=0.43..355.12 rows=89 width=121)
	  Index Cond: ((id >= 2132086) AND (id <= 2132185))

table 4 : explain SELECT c FROM sbtest4 WHERE id BETWEEN 6690646 AND 6690745
	Index Scan using sbtest4_pkey on sbtest4  (cost=0.43..354.95 rows=89 width=121)
	  Index Cond: ((id >= 6690646) AND (id <= 6690745))

table 5 : explain SELECT c FROM sbtest5 WHERE id BETWEEN 9940663 AND 9940762
	Index Scan using sbtest5_pkey on sbtest5  (cost=0.43..376.60 rows=95 width=121)
	  Index Cond: ((id >= 9940663) AND (id <= 9940762))

table 6 : explain SELECT c FROM sbtest6 WHERE id BETWEEN 1252196 AND 1252295
	Index Scan using sbtest6_pkey on sbtest6  (cost=0.43..412.90 rows=104 width=121)
	  Index Cond: ((id >= 1252196) AND (id <= 1252295))

table 7 : explain SELECT c FROM sbtest7 WHERE id BETWEEN 8891766 AND 8891865
	Index Scan using sbtest7_pkey on sbtest7  (cost=0.43..404.36 rows=102 width=121)
	  Index Cond: ((id >= 8891766) AND (id <= 8891865))

table 8 : explain SELECT c FROM sbtest8 WHERE id BETWEEN 1286908 AND 1287007
	Index Scan using sbtest8_pkey on sbtest8  (cost=0.43..389.18 rows=98 width=121)
	  Index Cond: ((id >= 1286908) AND (id <= 1287007))

for point_selects
table 1 : explain SELECT c FROM sbtest1 WHERE id=5345004
	Index Scan using sbtest1_pkey on sbtest1  (cost=0.43..8.45 rows=1 width=121)
	  Index Cond: (id = 5345004)

table 2 : explain SELECT c FROM sbtest2 WHERE id=3034528
	Index Scan using sbtest2_pkey on sbtest2  (cost=0.43..8.45 rows=1 width=121)
	  Index Cond: (id = 3034528)

table 3 : explain SELECT c FROM sbtest3 WHERE id=885069
	Index Scan using sbtest3_pkey on sbtest3  (cost=0.43..8.45 rows=1 width=121)
	  Index Cond: (id = 885069)

table 4 : explain SELECT c FROM sbtest4 WHERE id=4746470
	Index Scan using sbtest4_pkey on sbtest4  (cost=0.43..8.45 rows=1 width=121)
	  Index Cond: (id = 4746470)

table 5 : explain SELECT c FROM sbtest5 WHERE id=7546397
	Index Scan using sbtest5_pkey on sbtest5  (cost=0.43..8.45 rows=1 width=121)
	  Index Cond: (id = 7546397)

table 6 : explain SELECT c FROM sbtest6 WHERE id=8334357
	Index Scan using sbtest6_pkey on sbtest6  (cost=0.43..8.45 rows=1 width=121)
	  Index Cond: (id = 8334357)

table 7 : explain SELECT c FROM sbtest7 WHERE id=9448457
	Index Scan using sbtest7_pkey on sbtest7  (cost=0.43..8.45 rows=1 width=121)
	  Index Cond: (id = 9448457)

table 8 : explain SELECT c FROM sbtest8 WHERE id=4250077
	Index Scan using sbtest8_pkey on sbtest8  (cost=0.43..8.45 rows=1 width=121)
	  Index Cond: (id = 4250077)

for: order_ranges
table 1 : explain SELECT c FROM sbtest1 WHERE id BETWEEN 3037537 AND 3037636 ORDER BY c
	Sort  (cost=392.45..392.69 rows=98 width=121)
	  Sort Key: c
	  ->  Index Scan using sbtest1_pkey on sbtest1  (cost=0.43..389.21 rows=98 width=121)
	        Index Cond: ((id >= 3037537) AND (id <= 3037636))

table 2 : explain SELECT c FROM sbtest2 WHERE id BETWEEN 8332607 AND 8332706 ORDER BY c
	Sort  (cost=376.30..376.54 rows=94 width=121)
	  Sort Key: c
	  ->  Index Scan using sbtest2_pkey on sbtest2  (cost=0.43..373.22 rows=94 width=121)
	        Index Cond: ((id >= 8332607) AND (id <= 8332706))

table 3 : explain SELECT c FROM sbtest3 WHERE id BETWEEN 3600065 AND 3600164 ORDER BY c
	Sort  (cost=405.77..406.03 rows=101 width=121)
	  Sort Key: c
	  ->  Index Scan using sbtest3_pkey on sbtest3  (cost=0.43..402.41 rows=101 width=121)
	        Index Cond: ((id >= 3600065) AND (id <= 3600164))

table 4 : explain SELECT c FROM sbtest4 WHERE id BETWEEN 1575519 AND 1575618 ORDER BY c
	Sort  (cost=397.63..397.87 rows=99 width=121)
	  Sort Key: c
	  ->  Index Scan using sbtest4_pkey on sbtest4  (cost=0.43..394.35 rows=99 width=121)
	        Index Cond: ((id >= 1575519) AND (id <= 1575618))

table 5 : explain SELECT c FROM sbtest5 WHERE id BETWEEN 3444411 AND 3444510 ORDER BY c
	Sort  (cost=391.59..391.83 rows=98 width=121)
	  Sort Key: c
	  ->  Index Scan using sbtest5_pkey on sbtest5  (cost=0.43..388.34 rows=98 width=121)
	        Index Cond: ((id >= 3444411) AND (id <= 3444510))

table 6 : explain SELECT c FROM sbtest6 WHERE id BETWEEN 6876632 AND 6876731 ORDER BY c
	Sort  (cost=376.72..376.96 rows=94 width=121)
	  Sort Key: c
	  ->  Index Scan using sbtest6_pkey on sbtest6  (cost=0.43..373.64 rows=94 width=121)
	        Index Cond: ((id >= 6876632) AND (id <= 6876731))

table 7 : explain SELECT c FROM sbtest7 WHERE id BETWEEN 4248044 AND 4248143 ORDER BY c
	Sort  (cost=368.17..368.40 rows=92 width=121)
	  Sort Key: c
	  ->  Index Scan using sbtest7_pkey on sbtest7  (cost=0.43..365.17 rows=92 width=121)
	        Index Cond: ((id >= 4248044) AND (id <= 4248143))

table 8 : explain SELECT c FROM sbtest8 WHERE id BETWEEN 4524952 AND 4525051 ORDER BY c
	Sort  (cost=384.49..384.73 rows=96 width=121)
	  Sort Key: c
	  ->  Index Scan using sbtest8_pkey on sbtest8  (cost=0.43..381.33 rows=96 width=121)
	        Index Cond: ((id >= 4524952) AND (id <= 4525051))

for: sum_ranges
table 1 : explain SELECT SUM(k) FROM sbtest1 WHERE id BETWEEN 7712606 AND 7712705
	Aggregate  (cost=393.38..393.39 rows=1 width=8)
	  ->  Index Scan using sbtest1_pkey on sbtest1  (cost=0.43..393.13 rows=99 width=4)
	        Index Cond: ((id >= 7712606) AND (id <= 7712705))

table 2 : explain SELECT SUM(k) FROM sbtest2 WHERE id BETWEEN 8541542 AND 8541641
	Aggregate  (cost=428.42..428.43 rows=1 width=8)
	  ->  Index Scan using sbtest2_pkey on sbtest2  (cost=0.43..428.15 rows=108 width=4)
	        Index Cond: ((id >= 8541542) AND (id <= 8541641))

table 3 : explain SELECT SUM(k) FROM sbtest3 WHERE id BETWEEN 2966216 AND 2966315
	Aggregate  (cost=434.19..434.20 rows=1 width=8)
	  ->  Index Scan using sbtest3_pkey on sbtest3  (cost=0.43..433.92 rows=109 width=4)
	        Index Cond: ((id >= 2966216) AND (id <= 2966315))

table 4 : explain SELECT SUM(k) FROM sbtest4 WHERE id BETWEEN 8989262 AND 8989361
	Aggregate  (cost=430.05..430.06 rows=1 width=8)
	  ->  Index Scan using sbtest4_pkey on sbtest4  (cost=0.43..429.78 rows=108 width=4)
	        Index Cond: ((id >= 8989262) AND (id <= 8989361))

table 5 : explain SELECT SUM(k) FROM sbtest5 WHERE id BETWEEN 3973478 AND 3973577
	Aggregate  (cost=408.18..408.19 rows=1 width=8)
	  ->  Index Scan using sbtest5_pkey on sbtest5  (cost=0.43..407.92 rows=103 width=4)
	        Index Cond: ((id >= 3973478) AND (id <= 3973577))

table 6 : explain SELECT SUM(k) FROM sbtest6 WHERE id BETWEEN 3065516 AND 3065615
	Aggregate  (cost=397.45..397.46 rows=1 width=8)
	  ->  Index Scan using sbtest6_pkey on sbtest6  (cost=0.43..397.20 rows=100 width=4)
	        Index Cond: ((id >= 3065516) AND (id <= 3065615))

table 7 : explain SELECT SUM(k) FROM sbtest7 WHERE id BETWEEN 8374596 AND 8374695
	Aggregate  (cost=369.32..369.33 rows=1 width=8)
	  ->  Index Scan using sbtest7_pkey on sbtest7  (cost=0.43..369.09 rows=93 width=4)
	        Index Cond: ((id >= 8374596) AND (id <= 8374695))

table 8 : explain SELECT SUM(k) FROM sbtest8 WHERE id BETWEEN 6557275 AND 6557374
	Aggregate  (cost=385.50..385.51 rows=1 width=8)
	  ->  Index Scan using sbtest8_pkey on sbtest8  (cost=0.43..385.26 rows=97 width=4)
	        Index Cond: ((id >= 6557275) AND (id <= 6557374))

for: simple_ranges
table 1 : explain SELECT c FROM sbtest1 WHERE id BETWEEN 3082636 AND 3082735
	Index Scan using sbtest1_pkey on sbtest1  (cost=0.43..389.21 rows=98 width=121)
	  Index Cond: ((id >= 3082636) AND (id <= 3082735))

table 2 : explain SELECT c FROM sbtest2 WHERE id BETWEEN 8129145 AND 8129244
	Index Scan using sbtest2_pkey on sbtest2  (cost=0.43..369.30 rows=93 width=121)
	  Index Cond: ((id >= 8129145) AND (id <= 8129244))

table 3 : explain SELECT c FROM sbtest3 WHERE id BETWEEN 4546209 AND 4546308
	Index Scan using sbtest3_pkey on sbtest3  (cost=0.43..402.41 rows=101 width=121)
	  Index Cond: ((id >= 4546209) AND (id <= 4546308))

table 4 : explain SELECT c FROM sbtest4 WHERE id BETWEEN 913030 AND 913129
	Index Scan using sbtest4_pkey on sbtest4  (cost=0.43..382.53 rows=96 width=121)
	  Index Cond: ((id >= 913030) AND (id <= 913129))

table 5 : explain SELECT c FROM sbtest5 WHERE id BETWEEN 2586471 AND 2586570
	Index Scan using sbtest5_pkey on sbtest5  (cost=0.43..376.60 rows=95 width=121)
	  Index Cond: ((id >= 2586471) AND (id <= 2586570))

table 6 : explain SELECT c FROM sbtest6 WHERE id BETWEEN 8483886 AND 8483985
	Index Scan using sbtest6_pkey on sbtest6  (cost=0.43..432.53 rows=109 width=121)
	  Index Cond: ((id >= 8483886) AND (id <= 8483985))

table 7 : explain SELECT c FROM sbtest7 WHERE id BETWEEN 2456321 AND 2456420
	Index Scan using sbtest7_pkey on sbtest7  (cost=0.43..408.28 rows=103 width=121)
	  Index Cond: ((id >= 2456321) AND (id <= 2456420))

table 8 : explain SELECT c FROM sbtest8 WHERE id BETWEEN 4501858 AND 4501957
	Index Scan using sbtest8_pkey on sbtest8  (cost=0.43..381.33 rows=96 width=121)
	  Index Cond: ((id >= 4501858) AND (id <= 4501957))

for: sum_ranges
table 1 : explain SELECT SUM(k) FROM sbtest1 WHERE id BETWEEN 9756350 AND 9756449
	Aggregate  (cost=393.38..393.39 rows=1 width=8)
	  ->  Index Scan using sbtest1_pkey on sbtest1  (cost=0.43..393.13 rows=99 width=4)
	        Index Cond: ((id >= 9756350) AND (id <= 9756449))

table 2 : explain SELECT SUM(k) FROM sbtest2 WHERE id BETWEEN 9930055 AND 9930154
	Aggregate  (cost=381.33..381.34 rows=1 width=8)
	  ->  Index Scan using sbtest2_pkey on sbtest2  (cost=0.43..381.09 rows=96 width=4)
	        Index Cond: ((id >= 9930055) AND (id <= 9930154))

table 3 : explain SELECT SUM(k) FROM sbtest3 WHERE id BETWEEN 4632683 AND 4632782
	Aggregate  (cost=378.99..379.00 rows=1 width=8)
	  ->  Index Scan using sbtest3_pkey on sbtest3  (cost=0.43..378.76 rows=95 width=4)
	        Index Cond: ((id >= 4632683) AND (id <= 4632782))

table 4 : explain SELECT SUM(k) FROM sbtest4 WHERE id BETWEEN 1958994 AND 1959093
	Aggregate  (cost=406.41..406.42 rows=1 width=8)
	  ->  Index Scan using sbtest4_pkey on sbtest4  (cost=0.43..406.16 rows=102 width=4)
	        Index Cond: ((id >= 1958994) AND (id <= 1959093))

table 5 : explain SELECT SUM(k) FROM sbtest5 WHERE id BETWEEN 3416694 AND 3416793
	Aggregate  (cost=388.59..388.60 rows=1 width=8)
	  ->  Index Scan using sbtest5_pkey on sbtest5  (cost=0.43..388.34 rows=98 width=4)
	        Index Cond: ((id >= 3416694) AND (id <= 3416793))

table 6 : explain SELECT SUM(k) FROM sbtest6 WHERE id BETWEEN 3169674 AND 3169773
	Aggregate  (cost=369.95..369.96 rows=1 width=8)
	  ->  Index Scan using sbtest6_pkey on sbtest6  (cost=0.43..369.72 rows=93 width=4)
	        Index Cond: ((id >= 3169674) AND (id <= 3169773))

table 7 : explain SELECT SUM(k) FROM sbtest7 WHERE id BETWEEN 550956 AND 551055
	Aggregate  (cost=404.62..404.63 rows=1 width=8)
	  ->  Index Scan using sbtest7_pkey on sbtest7  (cost=0.43..404.36 rows=102 width=4)
	        Index Cond: ((id >= 550956) AND (id <= 551055))

table 8 : explain SELECT SUM(k) FROM sbtest8 WHERE id BETWEEN 7786044 AND 7786143
	Aggregate  (cost=440.47..440.48 rows=1 width=8)
	  ->  Index Scan using sbtest8_pkey on sbtest8  (cost=0.43..440.20 rows=111 width=4)
	        Index Cond: ((id >= 7786044) AND (id <= 7786143))

for point_selects
table 1 : explain SELECT c FROM sbtest1 WHERE id=3249496
	Index Scan using sbtest1_pkey on sbtest1  (cost=0.43..8.45 rows=1 width=121)
	  Index Cond: (id = 3249496)

table 2 : explain SELECT c FROM sbtest2 WHERE id=1332570
	Index Scan using sbtest2_pkey on sbtest2  (cost=0.43..8.45 rows=1 width=121)
	  Index Cond: (id = 1332570)

table 3 : explain SELECT c FROM sbtest3 WHERE id=7903538
	Index Scan using sbtest3_pkey on sbtest3  (cost=0.43..8.45 rows=1 width=121)
	  Index Cond: (id = 7903538)

table 4 : explain SELECT c FROM sbtest4 WHERE id=1711491
	Index Scan using sbtest4_pkey on sbtest4  (cost=0.43..8.45 rows=1 width=121)
	  Index Cond: (id = 1711491)

table 5 : explain SELECT c FROM sbtest5 WHERE id=4613137
	Index Scan using sbtest5_pkey on sbtest5  (cost=0.43..8.45 rows=1 width=121)
	  Index Cond: (id = 4613137)

table 6 : explain SELECT c FROM sbtest6 WHERE id=8736171
	Index Scan using sbtest6_pkey on sbtest6  (cost=0.43..8.45 rows=1 width=121)
	  Index Cond: (id = 8736171)

table 7 : explain SELECT c FROM sbtest7 WHERE id=1561873
	Index Scan using sbtest7_pkey on sbtest7  (cost=0.43..8.45 rows=1 width=121)
	  Index Cond: (id = 1561873)

table 8 : explain SELECT c FROM sbtest8 WHERE id=6448386
	Index Scan using sbtest8_pkey on sbtest8  (cost=0.43..8.45 rows=1 width=121)
	  Index Cond: (id = 6448386)

explain: for point_selects :: explain SELECT c FROM sbtest%u WHERE id=%u
for point_selects
table 1 : explain SELECT c FROM sbtest1 WHERE id=4056666
	Index Scan using sbtest1_pkey on sbtest1  (cost=0.43..8.45 rows=1 width=121)
	  Index Cond: (id = 4056666)

table 2 : explain SELECT c FROM sbtest2 WHERE id=4129402
	Index Scan using sbtest2_pkey on sbtest2  (cost=0.43..8.45 rows=1 width=121)
	  Index Cond: (id = 4129402)

table 3 : explain SELECT c FROM sbtest3 WHERE id=6684144
	Index Scan using sbtest3_pkey on sbtest3  (cost=0.43..8.45 rows=1 width=121)
	  Index Cond: (id = 6684144)

table 4 : explain SELECT c FROM sbtest4 WHERE id=2293946
	Index Scan using sbtest4_pkey on sbtest4  (cost=0.43..8.45 rows=1 width=121)
	  Index Cond: (id = 2293946)

table 5 : explain SELECT c FROM sbtest5 WHERE id=1872512
	Index Scan using sbtest5_pkey on sbtest5  (cost=0.43..8.45 rows=1 width=121)
	  Index Cond: (id = 1872512)

table 6 : explain SELECT c FROM sbtest6 WHERE id=4178269
	Index Scan using sbtest6_pkey on sbtest6  (cost=0.43..8.45 rows=1 width=121)
	  Index Cond: (id = 4178269)

table 7 : explain SELECT c FROM sbtest7 WHERE id=7234028
	Index Scan using sbtest7_pkey on sbtest7  (cost=0.43..8.45 rows=1 width=121)
	  Index Cond: (id = 7234028)

table 8 : explain SELECT c FROM sbtest8 WHERE id=4371513
	Index Scan using sbtest8_pkey on sbtest8  (cost=0.43..8.45 rows=1 width=121)
	  Index Cond: (id = 4371513)

for: sum_ranges
table 1 : explain SELECT SUM(k) FROM sbtest1 WHERE id BETWEEN 7614088 AND 7614187
	Aggregate  (cost=393.38..393.39 rows=1 width=8)
	  ->  Index Scan using sbtest1_pkey on sbtest1  (cost=0.43..393.13 rows=99 width=4)
	        Index Cond: ((id >= 7614088) AND (id <= 7614187))

table 2 : explain SELECT SUM(k) FROM sbtest2 WHERE id BETWEEN 5523961 AND 5524060
	Aggregate  (cost=381.33..381.34 rows=1 width=8)
	  ->  Index Scan using sbtest2_pkey on sbtest2  (cost=0.43..381.09 rows=96 width=4)
	        Index Cond: ((id >= 5523961) AND (id <= 5524060))

table 3 : explain SELECT SUM(k) FROM sbtest3 WHERE id BETWEEN 9437868 AND 9437967
	Aggregate  (cost=406.60..406.61 rows=1 width=8)
	  ->  Index Scan using sbtest3_pkey on sbtest3  (cost=0.43..406.35 rows=102 width=4)
	        Index Cond: ((id >= 9437868) AND (id <= 9437967))

table 4 : explain SELECT SUM(k) FROM sbtest4 WHERE id BETWEEN 5906045 AND 5906144
	Aggregate  (cost=410.35..410.36 rows=1 width=8)
	  ->  Index Scan using sbtest4_pkey on sbtest4  (cost=0.43..410.09 rows=103 width=4)
	        Index Cond: ((id >= 5906045) AND (id <= 5906144))

table 5 : explain SELECT SUM(k) FROM sbtest5 WHERE id BETWEEN 7373154 AND 7373253
	Aggregate  (cost=396.43..396.44 rows=1 width=8)
	  ->  Index Scan using sbtest5_pkey on sbtest5  (cost=0.43..396.18 rows=100 width=4)
	        Index Cond: ((id >= 7373154) AND (id <= 7373253))

table 6 : explain SELECT SUM(k) FROM sbtest6 WHERE id BETWEEN 5955883 AND 5955982
	Aggregate  (cost=421.02..421.03 rows=1 width=8)
	  ->  Index Scan using sbtest6_pkey on sbtest6  (cost=0.43..420.76 rows=106 width=4)
	        Index Cond: ((id >= 5955883) AND (id <= 5955982))

table 7 : explain SELECT SUM(k) FROM sbtest7 WHERE id BETWEEN 5889210 AND 5889309
	Aggregate  (cost=424.22..424.23 rows=1 width=8)
	  ->  Index Scan using sbtest7_pkey on sbtest7  (cost=0.43..423.96 rows=107 width=4)
	        Index Cond: ((id >= 5889210) AND (id <= 5889309))

table 8 : explain SELECT SUM(k) FROM sbtest8 WHERE id BETWEEN 5397750 AND 5397849
	Aggregate  (cost=397.28..397.29 rows=1 width=8)
	  ->  Index Scan using sbtest8_pkey on sbtest8  (cost=0.43..397.03 rows=100 width=4)
	        Index Cond: ((id >= 5397750) AND (id <= 5397849))

explain: for point_selects :: explain SELECT c FROM sbtest%u WHERE id=%u
for: sum_ranges
table 1 : explain SELECT SUM(k) FROM sbtest1 WHERE id BETWEEN 5648244 AND 5648343
	Aggregate  (cost=397.31..397.32 rows=1 width=8)
	  ->  Index Scan using sbtest1_pkey on sbtest1  (cost=0.43..397.06 rows=100 width=4)
	        Index Cond: ((id >= 5648244) AND (id <= 5648343))

table 2 : explain SELECT SUM(k) FROM sbtest2 WHERE id BETWEEN 1138087 AND 1138186
	Aggregate  (cost=432.35..432.36 rows=1 width=8)
	  ->  Index Scan using sbtest2_pkey on sbtest2  (cost=0.43..432.07 rows=109 width=4)
	        Index Cond: ((id >= 1138087) AND (id <= 1138186))

table 3 : explain SELECT SUM(k) FROM sbtest3 WHERE id BETWEEN 3751132 AND 3751231
	Aggregate  (cost=430.25..430.26 rows=1 width=8)
	  ->  Index Scan using sbtest3_pkey on sbtest3  (cost=0.43..429.98 rows=108 width=4)
	        Index Cond: ((id >= 3751132) AND (id <= 3751231))

table 4 : explain SELECT SUM(k) FROM sbtest4 WHERE id BETWEEN 589653 AND 589752
	Aggregate  (cost=370.93..370.94 rows=1 width=8)
	  ->  Index Scan using sbtest4_pkey on sbtest4  (cost=0.43..370.70 rows=93 width=4)
	        Index Cond: ((id >= 589653) AND (id <= 589752))

table 5 : explain SELECT SUM(k) FROM sbtest5 WHERE id BETWEEN 7352166 AND 7352265
	Aggregate  (cost=396.43..396.44 rows=1 width=8)
	  ->  Index Scan using sbtest5_pkey on sbtest5  (cost=0.43..396.18 rows=100 width=4)
	        Index Cond: ((id >= 7352166) AND (id <= 7352265))

table 6 : explain SELECT SUM(k) FROM sbtest6 WHERE id BETWEEN 355769 AND 355868
	Aggregate  (cost=452.45..452.46 rows=1 width=8)
	  ->  Index Scan using sbtest6_pkey on sbtest6  (cost=0.43..452.16 rows=114 width=4)
	        Index Cond: ((id >= 355769) AND (id <= 355868))

table 7 : explain SELECT SUM(k) FROM sbtest7 WHERE id BETWEEN 6874334 AND 6874433
	Aggregate  (cost=377.16..377.17 rows=1 width=8)
	  ->  Index Scan using sbtest7_pkey on sbtest7  (cost=0.43..376.93 rows=95 width=4)
	        Index Cond: ((id >= 6874334) AND (id <= 6874433))

table 8 : explain SELECT SUM(k) FROM sbtest8 WHERE id BETWEEN 9189689 AND 9189788
	Aggregate  (cost=409.06..409.07 rows=1 width=8)
	  ->  Index Scan using sbtest8_pkey on sbtest8  (cost=0.43..408.80 rows=103 width=4)
	        Index Cond: ((id >= 9189689) AND (id <= 9189788))

for: order_ranges
table 1 : explain SELECT c FROM sbtest1 WHERE id BETWEEN 2167834 AND 2167933 ORDER BY c
	Sort  (cost=420.21..420.47 rows=105 width=121)
	  Sort Key: c
	  ->  Index Scan using sbtest1_pkey on sbtest1  (cost=0.43..416.68 rows=105 width=121)
	        Index Cond: ((id >= 2167834) AND (id <= 2167933))

table 2 : explain SELECT c FROM sbtest2 WHERE id BETWEEN 1768135 AND 1768234 ORDER BY c
	Sort  (cost=431.80..432.07 rows=108 width=121)
	  Sort Key: c
	  ->  Index Scan using sbtest2_pkey on sbtest2  (cost=0.43..428.15 rows=108 width=121)
	        Index Cond: ((id >= 1768135) AND (id <= 1768234))

table 3 : explain SELECT c FROM sbtest3 WHERE id BETWEEN 4290751 AND 4290850 ORDER BY c
	Sort  (cost=361.98..362.21 rows=90 width=121)
	  Sort Key: c
	  ->  Index Scan using sbtest3_pkey on sbtest3  (cost=0.43..359.06 rows=90 width=121)
	        Index Cond: ((id >= 4290751) AND (id <= 4290850))

table 4 : explain SELECT c FROM sbtest4 WHERE id BETWEEN 661020 AND 661119 ORDER BY c
	Sort  (cost=429.45..429.72 rows=107 width=121)
	  Sort Key: c
	  ->  Index Scan using sbtest4_pkey on sbtest4  (cost=0.43..425.84 rows=107 width=121)
	        Index Cond: ((id >= 661020) AND (id <= 661119))

table 5 : explain SELECT c FROM sbtest5 WHERE id BETWEEN 5691237 AND 5691336 ORDER BY c
	Sort  (cost=363.90..364.12 rows=91 width=121)
	  Sort Key: c
	  ->  Index Scan using sbtest5_pkey on sbtest5  (cost=0.43..360.94 rows=91 width=121)
	        Index Cond: ((id >= 5691237) AND (id <= 5691336))

table 6 : explain SELECT c FROM sbtest6 WHERE id BETWEEN 3630067 AND 3630166 ORDER BY c
	Sort  (cost=400.52..400.77 rows=100 width=121)
	  Sort Key: c
	  ->  Index Scan using sbtest6_pkey on sbtest6  (cost=0.43..397.20 rows=100 width=121)
	        Index Cond: ((id >= 3630067) AND (id <= 3630166))

table 7 : explain SELECT c FROM sbtest7 WHERE id BETWEEN 3477341 AND 3477440 ORDER BY c
	Sort  (cost=391.93..392.17 rows=98 width=121)
	  Sort Key: c
	  ->  Index Scan using sbtest7_pkey on sbtest7  (cost=0.43..388.68 rows=98 width=121)
	        Index Cond: ((id >= 3477341) AND (id <= 3477440))

table 8 : explain SELECT c FROM sbtest8 WHERE id BETWEEN 1908396 AND 1908495 ORDER BY c
	Sort  (cost=400.35..400.60 rows=100 width=121)
	  Sort Key: c
	  ->  Index Scan using sbtest8_pkey on sbtest8  (cost=0.43..397.03 rows=100 width=121)
	        Index Cond: ((id >= 1908396) AND (id <= 1908495))

for: simple_ranges
table 1 : explain SELECT c FROM sbtest1 WHERE id BETWEEN 8675263 AND 8675362
	Index Scan using sbtest1_pkey on sbtest1  (cost=0.43..416.68 rows=105 width=121)
	  Index Cond: ((id >= 8675263) AND (id <= 8675362))

table 2 : explain SELECT c FROM sbtest2 WHERE id BETWEEN 6775978 AND 6776077
	Index Scan using sbtest2_pkey on sbtest2  (cost=0.43..357.54 rows=90 width=121)
	  Index Cond: ((id >= 6775978) AND (id <= 6776077))

table 3 : explain SELECT c FROM sbtest3 WHERE id BETWEEN 3863912 AND 3864011
	Index Scan using sbtest3_pkey on sbtest3  (cost=0.43..398.47 rows=100 width=121)
	  Index Cond: ((id >= 3863912) AND (id <= 3864011))

table 4 : explain SELECT c FROM sbtest4 WHERE id BETWEEN 6023479 AND 6023578
	Index Scan using sbtest4_pkey on sbtest4  (cost=0.43..406.16 rows=102 width=121)
	  Index Cond: ((id >= 6023479) AND (id <= 6023578))

table 5 : explain SELECT c FROM sbtest5 WHERE id BETWEEN 1853233 AND 1853332
	Index Scan using sbtest5_pkey on sbtest5  (cost=0.43..447.08 rows=113 width=121)
	  Index Cond: ((id >= 1853233) AND (id <= 1853332))

table 6 : explain SELECT c FROM sbtest6 WHERE id BETWEEN 3979711 AND 3979810
	Index Scan using sbtest6_pkey on sbtest6  (cost=0.43..385.42 rows=97 width=121)
	  Index Cond: ((id >= 3979711) AND (id <= 3979810))

table 7 : explain SELECT c FROM sbtest7 WHERE id BETWEEN 533668 AND 533767
	Index Scan using sbtest7_pkey on sbtest7  (cost=0.43..404.36 rows=102 width=121)
	  Index Cond: ((id >= 533668) AND (id <= 533767))

table 8 : explain SELECT c FROM sbtest8 WHERE id BETWEEN 3772124 AND 3772223
	Index Scan using sbtest8_pkey on sbtest8  (cost=0.43..428.42 rows=108 width=121)
	  Index Cond: ((id >= 3772124) AND (id <= 3772223))

for: simple_ranges
table 1 : explain SELECT c FROM sbtest1 WHERE id BETWEEN 2934264 AND 2934363
	Index Scan using sbtest1_pkey on sbtest1  (cost=0.43..408.83 rows=103 width=121)
	  Index Cond: ((id >= 2934264) AND (id <= 2934363))

table 2 : explain SELECT c FROM sbtest2 WHERE id BETWEEN 5139681 AND 5139780
	Index Scan using sbtest2_pkey on sbtest2  (cost=0.43..400.70 rows=101 width=121)
	  Index Cond: ((id >= 5139681) AND (id <= 5139780))

table 3 : explain SELECT c FROM sbtest3 WHERE id BETWEEN 2126747 AND 2126846
	Index Scan using sbtest3_pkey on sbtest3  (cost=0.43..355.12 rows=89 width=121)
	  Index Cond: ((id >= 2126747) AND (id <= 2126846))

table 4 : explain SELECT c FROM sbtest4 WHERE id BETWEEN 7586097 AND 7586196
	Index Scan using sbtest4_pkey on sbtest4  (cost=0.43..378.60 rows=95 width=121)
	  Index Cond: ((id >= 7586097) AND (id <= 7586196))

table 5 : explain SELECT c FROM sbtest5 WHERE id BETWEEN 2953231 AND 2953330
	Index Scan using sbtest5_pkey on sbtest5  (cost=0.43..427.50 rows=108 width=121)
	  Index Cond: ((id >= 2953231) AND (id <= 2953330))

table 6 : explain SELECT c FROM sbtest6 WHERE id BETWEEN 9193332 AND 9193431
	Index Scan using sbtest6_pkey on sbtest6  (cost=0.43..369.72 rows=93 width=121)
	  Index Cond: ((id >= 9193332) AND (id <= 9193431))

table 7 : explain SELECT c FROM sbtest7 WHERE id BETWEEN 9030507 AND 9030606
	Index Scan using sbtest7_pkey on sbtest7  (cost=0.43..404.36 rows=102 width=121)
	  Index Cond: ((id >= 9030507) AND (id <= 9030606))

table 8 : explain SELECT c FROM sbtest8 WHERE id BETWEEN 1924368 AND 1924467
	Index Scan using sbtest8_pkey on sbtest8  (cost=0.43..397.03 rows=100 width=121)
	  Index Cond: ((id >= 1924368) AND (id <= 1924467))

for: order_ranges
table 1 : explain SELECT c FROM sbtest1 WHERE id BETWEEN 4401631 AND 4401730 ORDER BY c
	Sort  (cost=392.45..392.69 rows=98 width=121)
	  Sort Key: c
	  ->  Index Scan using sbtest1_pkey on sbtest1  (cost=0.43..389.21 rows=98 width=121)
	        Index Cond: ((id >= 4401631) AND (id <= 4401730))

table 2 : explain SELECT c FROM sbtest2 WHERE id BETWEEN 1966041 AND 1966140 ORDER BY c
	Sort  (cost=415.95..416.21 rows=104 width=121)
	  Sort Key: c
	  ->  Index Scan using sbtest2_pkey on sbtest2  (cost=0.43..412.47 rows=104 width=121)
	        Index Cond: ((id >= 1966041) AND (id <= 1966140))

table 3 : explain SELECT c FROM sbtest3 WHERE id BETWEEN 2209527 AND 2209626 ORDER BY c
	Sort  (cost=401.79..402.04 rows=100 width=121)
	  Sort Key: c
	  ->  Index Scan using sbtest3_pkey on sbtest3  (cost=0.43..398.47 rows=100 width=121)
	        Index Cond: ((id >= 2209527) AND (id <= 2209626))

table 4 : explain SELECT c FROM sbtest4 WHERE id BETWEEN 9362472 AND 9362571 ORDER BY c
	Sort  (cost=453.32..453.60 rows=113 width=121)
	  Sort Key: c
	  ->  Index Scan using sbtest4_pkey on sbtest4  (cost=0.43..449.46 rows=113 width=121)
	        Index Cond: ((id >= 9362472) AND (id <= 9362571))

table 5 : explain SELECT c FROM sbtest5 WHERE id BETWEEN 5720156 AND 5720255 ORDER BY c
	Sort  (cost=363.90..364.12 rows=91 width=121)
	  Sort Key: c
	  ->  Index Scan using sbtest5_pkey on sbtest5  (cost=0.43..360.94 rows=91 width=121)
	        Index Cond: ((id >= 5720156) AND (id <= 5720255))

table 6 : explain SELECT c FROM sbtest6 WHERE id BETWEEN 9148313 AND 9148412 ORDER BY c
	Sort  (cost=396.56..396.80 rows=99 width=121)
	  Sort Key: c
	  ->  Index Scan using sbtest6_pkey on sbtest6  (cost=0.43..393.27 rows=99 width=121)
	        Index Cond: ((id >= 9148313) AND (id <= 9148412))

table 7 : explain SELECT c FROM sbtest7 WHERE id BETWEEN 9963166 AND 9963265 ORDER BY c
	Sort  (cost=380.05..380.29 rows=95 width=121)
	  Sort Key: c
	  ->  Index Scan using sbtest7_pkey on sbtest7  (cost=0.43..376.93 rows=95 width=121)
	        Index Cond: ((id >= 9963166) AND (id <= 9963265))

table 8 : explain SELECT c FROM sbtest8 WHERE id BETWEEN 8814592 AND 8814691 ORDER BY c
	Sort  (cost=424.14..424.41 rows=106 width=121)
	  Sort Key: c
	  ->  Index Scan using sbtest8_pkey on sbtest8  (cost=0.43..420.57 rows=106 width=121)
	        Index Cond: ((id >= 8814592) AND (id <= 8814691))

for: distinct_ranges
table 1 : explain SELECT DISTINCT c FROM sbtest1 WHERE id BETWEEN 9788555 AND 9788654 ORDER BY c
	Unique  (cost=396.41..396.91 rows=99 width=121)
	  ->  Sort  (cost=396.41..396.66 rows=99 width=121)
	        Sort Key: c
	        ->  Index Scan using sbtest1_pkey on sbtest1  (cost=0.43..393.13 rows=99 width=121)
	              Index Cond: ((id >= 9788555) AND (id <= 9788654))

table 2 : explain SELECT DISTINCT c FROM sbtest2 WHERE id BETWEEN 3475303 AND 3475402 ORDER BY c
	Unique  (cost=372.34..372.81 rows=93 width=121)
	  ->  Sort  (cost=372.34..372.57 rows=93 width=121)
	        Sort Key: c
	        ->  Index Scan using sbtest2_pkey on sbtest2  (cost=0.43..369.30 rows=93 width=121)
	              Index Cond: ((id >= 3475303) AND (id <= 3475402))

table 3 : explain SELECT DISTINCT c FROM sbtest3 WHERE id BETWEEN 5704065 AND 5704164 ORDER BY c
	Unique  (cost=401.79..402.29 rows=100 width=121)
	  ->  Sort  (cost=401.79..402.04 rows=100 width=121)
	        Sort Key: c
	        ->  Index Scan using sbtest3_pkey on sbtest3  (cost=0.43..398.47 rows=100 width=121)
	              Index Cond: ((id >= 5704065) AND (id <= 5704164))

table 4 : explain SELECT DISTINCT c FROM sbtest4 WHERE id BETWEEN 9213902 AND 9214001 ORDER BY c
	Unique  (cost=373.74..374.21 rows=93 width=121)
	  ->  Sort  (cost=373.74..373.98 rows=93 width=121)
	        Sort Key: c
	        ->  Index Scan using sbtest4_pkey on sbtest4  (cost=0.43..370.70 rows=93 width=121)
	              Index Cond: ((id >= 9213902) AND (id <= 9214001))

table 5 : explain SELECT DISTINCT c FROM sbtest5 WHERE id BETWEEN 9478470 AND 9478569 ORDER BY c
	Unique  (cost=443.02..443.57 rows=111 width=121)
	  ->  Sort  (cost=443.02..443.30 rows=111 width=121)
	        Sort Key: c
	        ->  Index Scan using sbtest5_pkey on sbtest5  (cost=0.43..439.25 rows=111 width=121)
	              Index Cond: ((id >= 9478470) AND (id <= 9478569))

table 6 : explain SELECT DISTINCT c FROM sbtest6 WHERE id BETWEEN 7897632 AND 7897731 ORDER BY c
	Unique  (cost=380.69..381.17 rows=95 width=121)
	  ->  Sort  (cost=380.69..380.93 rows=95 width=121)
	        Sort Key: c
	        ->  Index Scan using sbtest6_pkey on sbtest6  (cost=0.43..377.57 rows=95 width=121)
	              Index Cond: ((id >= 7897632) AND (id <= 7897731))

table 7 : explain SELECT DISTINCT c FROM sbtest7 WHERE id BETWEEN 5508859 AND 5508958 ORDER BY c
	Unique  (cost=415.68..416.20 rows=104 width=121)
	  ->  Sort  (cost=415.68..415.94 rows=104 width=121)
	        Sort Key: c
	        ->  Index Scan using sbtest7_pkey on sbtest7  (cost=0.43..412.20 rows=104 width=121)
	              Index Cond: ((id >= 5508859) AND (id <= 5508958))

table 8 : explain SELECT DISTINCT c FROM sbtest8 WHERE id BETWEEN 8773903 AND 8774002 ORDER BY c
	Unique  (cost=368.64..369.10 rows=92 width=121)
	  ->  Sort  (cost=368.64..368.87 rows=92 width=121)
	        Sort Key: c
	        ->  Index Scan using sbtest8_pkey on sbtest8  (cost=0.43..365.63 rows=92 width=121)
	              Index Cond: ((id >= 8773903) AND (id <= 8774002))

for: simple_ranges
table 1 : explain SELECT c FROM sbtest1 WHERE id BETWEEN 8659529 AND 8659628
	Index Scan using sbtest1_pkey on sbtest1  (cost=0.43..416.68 rows=105 width=121)
	  Index Cond: ((id >= 8659529) AND (id <= 8659628))

table 2 : explain SELECT c FROM sbtest2 WHERE id BETWEEN 9904519 AND 9904618
	Index Scan using sbtest2_pkey on sbtest2  (cost=0.43..381.09 rows=96 width=121)
	  Index Cond: ((id >= 9904519) AND (id <= 9904618))

table 3 : explain SELECT c FROM sbtest3 WHERE id BETWEEN 2720597 AND 2720696
	Index Scan using sbtest3_pkey on sbtest3  (cost=0.43..437.86 rows=110 width=121)
	  Index Cond: ((id >= 2720597) AND (id <= 2720696))

table 4 : explain SELECT c FROM sbtest4 WHERE id BETWEEN 28639 AND 28738
	Index Scan using sbtest4_pkey on sbtest4  (cost=0.43..398.28 rows=100 width=121)
	  Index Cond: ((id >= 28639) AND (id <= 28738))

table 5 : explain SELECT c FROM sbtest5 WHERE id BETWEEN 7542386 AND 7542485
	Index Scan using sbtest5_pkey on sbtest5  (cost=0.43..384.43 rows=97 width=121)
	  Index Cond: ((id >= 7542386) AND (id <= 7542485))

table 6 : explain SELECT c FROM sbtest6 WHERE id BETWEEN 8897658 AND 8897757
	Index Scan using sbtest6_pkey on sbtest6  (cost=0.43..424.68 rows=107 width=121)
	  Index Cond: ((id >= 8897658) AND (id <= 8897757))

table 7 : explain SELECT c FROM sbtest7 WHERE id BETWEEN 3883534 AND 3883633
	Index Scan using sbtest7_pkey on sbtest7  (cost=0.43..396.52 rows=100 width=121)
	  Index Cond: ((id >= 3883534) AND (id <= 3883633))

table 8 : explain SELECT c FROM sbtest8 WHERE id BETWEEN 4070758 AND 4070857
	Index Scan using sbtest8_pkey on sbtest8  (cost=0.43..385.26 rows=97 width=121)
	  Index Cond: ((id >= 4070758) AND (id <= 4070857))

for: simple_ranges
table 1 : explain SELECT c FROM sbtest1 WHERE id BETWEEN 1255718 AND 1255817
	Index Scan using sbtest1_pkey on sbtest1  (cost=0.43..385.26 rows=97 width=121)
	  Index Cond: ((id >= 1255718) AND (id <= 1255817))

table 2 : explain SELECT c FROM sbtest2 WHERE id BETWEEN 4113076 AND 4113175
	Index Scan using sbtest2_pkey on sbtest2  (cost=0.43..373.22 rows=94 width=121)
	  Index Cond: ((id >= 4113076) AND (id <= 4113175))

table 3 : explain SELECT c FROM sbtest3 WHERE id BETWEEN 3078681 AND 3078780
	Index Scan using sbtest3_pkey on sbtest3  (cost=0.43..378.78 rows=95 width=121)
	  Index Cond: ((id >= 3078681) AND (id <= 3078780))

table 4 : explain SELECT c FROM sbtest4 WHERE id BETWEEN 2742097 AND 2742196
	Index Scan using sbtest4_pkey on sbtest4  (cost=0.43..378.60 rows=95 width=121)
	  Index Cond: ((id >= 2742097) AND (id <= 2742196))

table 5 : explain SELECT c FROM sbtest5 WHERE id BETWEEN 8507733 AND 8507832
	Index Scan using sbtest5_pkey on sbtest5  (cost=0.43..384.43 rows=97 width=121)
	  Index Cond: ((id >= 8507733) AND (id <= 8507832))

table 6 : explain SELECT c FROM sbtest6 WHERE id BETWEEN 2591017 AND 2591116
	Index Scan using sbtest6_pkey on sbtest6  (cost=0.43..452.16 rows=114 width=121)
	  Index Cond: ((id >= 2591017) AND (id <= 2591116))

table 7 : explain SELECT c FROM sbtest7 WHERE id BETWEEN 2312919 AND 2313018
	Index Scan using sbtest7_pkey on sbtest7  (cost=0.43..392.60 rows=99 width=121)
	  Index Cond: ((id >= 2312919) AND (id <= 2313018))

table 8 : explain SELECT c FROM sbtest8 WHERE id BETWEEN 7195790 AND 7195889
	Index Scan using sbtest8_pkey on sbtest8  (cost=0.43..357.76 rows=90 width=121)
	  Index Cond: ((id >= 7195790) AND (id <= 7195889))

for: distinct_ranges
table 1 : explain SELECT DISTINCT c FROM sbtest1 WHERE id BETWEEN 1874824 AND 1874923 ORDER BY c
	Unique  (cost=408.31..408.82 rows=102 width=121)
	  ->  Sort  (cost=408.31..408.56 rows=102 width=121)
	        Sort Key: c
	        ->  Index Scan using sbtest1_pkey on sbtest1  (cost=0.43..404.91 rows=102 width=121)
	              Index Cond: ((id >= 1874824) AND (id <= 1874923))

table 2 : explain SELECT DISTINCT c FROM sbtest2 WHERE id BETWEEN 710312 AND 710411 ORDER BY c
	Unique  (cost=384.25..384.73 rows=96 width=121)
	  ->  Sort  (cost=384.25..384.49 rows=96 width=121)
	        Sort Key: c
	        ->  Index Scan using sbtest2_pkey on sbtest2  (cost=0.43..381.09 rows=96 width=121)
	              Index Cond: ((id >= 710312) AND (id <= 710411))

table 3 : explain SELECT DISTINCT c FROM sbtest3 WHERE id BETWEEN 8087464 AND 8087563 ORDER BY c
	Unique  (cost=397.81..398.31 rows=99 width=121)
	  ->  Sort  (cost=397.81..398.06 rows=99 width=121)
	        Sort Key: c
	        ->  Index Scan using sbtest3_pkey on sbtest3  (cost=0.43..394.53 rows=99 width=121)
	              Index Cond: ((id >= 8087464) AND (id <= 8087563))

table 4 : explain SELECT DISTINCT c FROM sbtest4 WHERE id BETWEEN 3049412 AND 3049511 ORDER BY c
	Unique  (cost=405.58..406.09 rows=101 width=121)
	  ->  Sort  (cost=405.58..405.83 rows=101 width=121)
	        Sort Key: c
	        ->  Index Scan using sbtest4_pkey on sbtest4  (cost=0.43..402.22 rows=101 width=121)
	              Index Cond: ((id >= 3049412) AND (id <= 3049511))

table 5 : explain SELECT DISTINCT c FROM sbtest5 WHERE id BETWEEN 8678123 AND 8678222 ORDER BY c
	Unique  (cost=403.45..403.96 rows=101 width=121)
	  ->  Sort  (cost=403.45..403.71 rows=101 width=121)
	        Sort Key: c
	        ->  Index Scan using sbtest5_pkey on sbtest5  (cost=0.43..400.09 rows=101 width=121)
	              Index Cond: ((id >= 8678123) AND (id <= 8678222))

table 6 : explain SELECT DISTINCT c FROM sbtest6 WHERE id BETWEEN 7934841 AND 7934940 ORDER BY c
	Unique  (cost=380.69..381.17 rows=95 width=121)
	  ->  Sort  (cost=380.69..380.93 rows=95 width=121)
	        Sort Key: c
	        ->  Index Scan using sbtest6_pkey on sbtest6  (cost=0.43..377.57 rows=95 width=121)
	              Index Cond: ((id >= 7934841) AND (id <= 7934940))

table 7 : explain SELECT DISTINCT c FROM sbtest7 WHERE id BETWEEN 2080929 AND 2081028 ORDER BY c
	Unique  (cost=380.05..380.52 rows=95 width=121)
	  ->  Sort  (cost=380.05..380.29 rows=95 width=121)
	        Sort Key: c
	        ->  Index Scan using sbtest7_pkey on sbtest7  (cost=0.43..376.93 rows=95 width=121)
	              Index Cond: ((id >= 2080929) AND (id <= 2081028))

table 8 : explain SELECT DISTINCT c FROM sbtest8 WHERE id BETWEEN 7264820 AND 7264919 ORDER BY c
	Unique  (cost=428.11..428.64 rows=107 width=121)
	  ->  Sort  (cost=428.11..428.37 rows=107 width=121)
	        Sort Key: c
	        ->  Index Scan using sbtest8_pkey on sbtest8  (cost=0.43..424.50 rows=107 width=121)
	              Index Cond: ((id >= 7264820) AND (id <= 7264919))

for point_selects
table 1 : explain SELECT c FROM sbtest1 WHERE id=6755200
	Index Scan using sbtest1_pkey on sbtest1  (cost=0.43..8.45 rows=1 width=121)
	  Index Cond: (id = 6755200)

table 2 : explain SELECT c FROM sbtest2 WHERE id=8520927
	Index Scan using sbtest2_pkey on sbtest2  (cost=0.43..8.45 rows=1 width=121)
	  Index Cond: (id = 8520927)

table 3 : explain SELECT c FROM sbtest3 WHERE id=801014
	Index Scan using sbtest3_pkey on sbtest3  (cost=0.43..8.45 rows=1 width=121)
	  Index Cond: (id = 801014)

table 4 : explain SELECT c FROM sbtest4 WHERE id=2600442
	Index Scan using sbtest4_pkey on sbtest4  (cost=0.43..8.45 rows=1 width=121)
	  Index Cond: (id = 2600442)

table 5 : explain SELECT c FROM sbtest5 WHERE id=3577693
	Index Scan using sbtest5_pkey on sbtest5  (cost=0.43..8.45 rows=1 width=121)
	  Index Cond: (id = 3577693)

table 6 : explain SELECT c FROM sbtest6 WHERE id=3922938
	Index Scan using sbtest6_pkey on sbtest6  (cost=0.43..8.45 rows=1 width=121)
	  Index Cond: (id = 3922938)

table 7 : explain SELECT c FROM sbtest7 WHERE id=2822975
	Index Scan using sbtest7_pkey on sbtest7  (cost=0.43..8.45 rows=1 width=121)
	  Index Cond: (id = 2822975)

table 8 : explain SELECT c FROM sbtest8 WHERE id=5408753
	Index Scan using sbtest8_pkey on sbtest8  (cost=0.43..8.45 rows=1 width=121)
	  Index Cond: (id = 5408753)

explain: for point_selects :: explain SELECT c FROM sbtest%u WHERE id=%u
for: sum_ranges
table 1 : explain SELECT SUM(k) FROM sbtest1 WHERE id BETWEEN 7771137 AND 7771236
	Aggregate  (cost=393.38..393.39 rows=1 width=8)
	  ->  Index Scan using sbtest1_pkey on sbtest1  (cost=0.43..393.13 rows=99 width=4)
	        Index Cond: ((id >= 7771137) AND (id <= 7771236))

table 2 : explain SELECT SUM(k) FROM sbtest2 WHERE id BETWEEN 9284680 AND 9284779
	Aggregate  (cost=416.65..416.66 rows=1 width=8)
	  ->  Index Scan using sbtest2_pkey on sbtest2  (cost=0.43..416.39 rows=105 width=4)
	        Index Cond: ((id >= 9284680) AND (id <= 9284779))

table 3 : explain SELECT SUM(k) FROM sbtest3 WHERE id BETWEEN 3414526 AND 3414625
	Aggregate  (cost=418.43..418.44 rows=1 width=8)
	  ->  Index Scan using sbtest3_pkey on sbtest3  (cost=0.43..418.17 rows=105 width=4)
	        Index Cond: ((id >= 3414526) AND (id <= 3414625))

table 4 : explain SELECT SUM(k) FROM sbtest4 WHERE id BETWEEN 1159651 AND 1159750
	Aggregate  (cost=410.35..410.36 rows=1 width=8)
	  ->  Index Scan using sbtest4_pkey on sbtest4  (cost=0.43..410.09 rows=103 width=4)
	        Index Cond: ((id >= 1159651) AND (id <= 1159750))

table 5 : explain SELECT SUM(k) FROM sbtest5 WHERE id BETWEEN 6128030 AND 6128129
	Aggregate  (cost=423.85..423.86 rows=1 width=8)
	  ->  Index Scan using sbtest5_pkey on sbtest5  (cost=0.43..423.59 rows=107 width=4)
	        Index Cond: ((id >= 6128030) AND (id <= 6128129))

table 6 : explain SELECT SUM(k) FROM sbtest6 WHERE id BETWEEN 7246078 AND 7246177
	Aggregate  (cost=417.09..417.10 rows=1 width=8)
	  ->  Index Scan using sbtest6_pkey on sbtest6  (cost=0.43..416.83 rows=105 width=4)
	        Index Cond: ((id >= 7246078) AND (id <= 7246177))

table 7 : explain SELECT SUM(k) FROM sbtest7 WHERE id BETWEEN 892372 AND 892471
	Aggregate  (cost=369.32..369.33 rows=1 width=8)
	  ->  Index Scan using sbtest7_pkey on sbtest7  (cost=0.43..369.09 rows=93 width=4)
	        Index Cond: ((id >= 892372) AND (id <= 892471))

table 8 : explain SELECT SUM(k) FROM sbtest8 WHERE id BETWEEN 7582268 AND 7582367
	Aggregate  (cost=393.35..393.36 rows=1 width=8)
	  ->  Index Scan using sbtest8_pkey on sbtest8  (cost=0.43..393.10 rows=99 width=4)
	        Index Cond: ((id >= 7582268) AND (id <= 7582367))

for point_selects
table 1 : explain SELECT c FROM sbtest1 WHERE id=1741348
	Index Scan using sbtest1_pkey on sbtest1  (cost=0.43..8.45 rows=1 width=121)
	  Index Cond: (id = 1741348)

table 2 : explain SELECT c FROM sbtest2 WHERE id=6425015
	Index Scan using sbtest2_pkey on sbtest2  (cost=0.43..8.45 rows=1 width=121)
	  Index Cond: (id = 6425015)

table 3 : explain SELECT c FROM sbtest3 WHERE id=5482307
	Index Scan using sbtest3_pkey on sbtest3  (cost=0.43..8.45 rows=1 width=121)
	  Index Cond: (id = 5482307)

table 4 : explain SELECT c FROM sbtest4 WHERE id=1463298
	Index Scan using sbtest4_pkey on sbtest4  (cost=0.43..8.45 rows=1 width=121)
	  Index Cond: (id = 1463298)

table 5 : explain SELECT c FROM sbtest5 WHERE id=2418595
	Index Scan using sbtest5_pkey on sbtest5  (cost=0.43..8.45 rows=1 width=121)
	  Index Cond: (id = 2418595)

table 6 : explain SELECT c FROM sbtest6 WHERE id=1246839
	Index Scan using sbtest6_pkey on sbtest6  (cost=0.43..8.45 rows=1 width=121)
	  Index Cond: (id = 1246839)

table 7 : explain SELECT c FROM sbtest7 WHERE id=1492395
	Index Scan using sbtest7_pkey on sbtest7  (cost=0.43..8.45 rows=1 width=121)
	  Index Cond: (id = 1492395)

table 8 : explain SELECT c FROM sbtest8 WHERE id=3154830
	Index Scan using sbtest8_pkey on sbtest8  (cost=0.43..8.45 rows=1 width=121)
	  Index Cond: (id = 3154830)

explain: for point_selects :: explain SELECT c FROM sbtest%u WHERE id=%u
explain: for point_selects :: explain SELECT c FROM sbtest%u WHERE id=%u
for: sum_ranges
table 1 : explain SELECT SUM(k) FROM sbtest1 WHERE id BETWEEN 9098451 AND 9098550
	Aggregate  (cost=397.31..397.32 rows=1 width=8)
	  ->  Index Scan using sbtest1_pkey on sbtest1  (cost=0.43..397.06 rows=100 width=4)
	        Index Cond: ((id >= 9098451) AND (id <= 9098550))

table 2 : explain SELECT SUM(k) FROM sbtest2 WHERE id BETWEEN 5030204 AND 5030303
	Aggregate  (cost=428.42..428.43 rows=1 width=8)
	  ->  Index Scan using sbtest2_pkey on sbtest2  (cost=0.43..428.15 rows=108 width=4)
	        Index Cond: ((id >= 5030204) AND (id <= 5030303))

table 3 : explain SELECT SUM(k) FROM sbtest3 WHERE id BETWEEN 9983322 AND 9983421
	Aggregate  (cost=390.84..390.85 rows=1 width=8)
	  ->  Index Scan using sbtest3_pkey on sbtest3  (cost=0.43..390.59 rows=98 width=4)
	        Index Cond: ((id >= 9983322) AND (id <= 9983421))

table 4 : explain SELECT SUM(k) FROM sbtest4 WHERE id BETWEEN 4547844 AND 4547943
	Aggregate  (cost=390.65..390.66 rows=1 width=8)
	  ->  Index Scan using sbtest4_pkey on sbtest4  (cost=0.43..390.41 rows=98 width=4)
	        Index Cond: ((id >= 4547844) AND (id <= 4547943))

table 5 : explain SELECT SUM(k) FROM sbtest5 WHERE id BETWEEN 9806964 AND 9807063
	Aggregate  (cost=384.67..384.68 rows=1 width=8)
	  ->  Index Scan using sbtest5_pkey on sbtest5  (cost=0.43..384.43 rows=97 width=4)
	        Index Cond: ((id >= 9806964) AND (id <= 9807063))

table 6 : explain SELECT SUM(k) FROM sbtest6 WHERE id BETWEEN 1088236 AND 1088335
	Aggregate  (cost=389.59..389.60 rows=1 width=8)
	  ->  Index Scan using sbtest6_pkey on sbtest6  (cost=0.43..389.35 rows=98 width=4)
	        Index Cond: ((id >= 1088236) AND (id <= 1088335))

table 7 : explain SELECT SUM(k) FROM sbtest7 WHERE id BETWEEN 1892697 AND 1892796
	Aggregate  (cost=424.22..424.23 rows=1 width=8)
	  ->  Index Scan using sbtest7_pkey on sbtest7  (cost=0.43..423.96 rows=107 width=4)
	        Index Cond: ((id >= 1892697) AND (id <= 1892796))

table 8 : explain SELECT SUM(k) FROM sbtest8 WHERE id BETWEEN 8499576 AND 8499675
	Aggregate  (cost=373.72..373.73 rows=1 width=8)
	  ->  Index Scan using sbtest8_pkey on sbtest8  (cost=0.43..373.48 rows=94 width=4)
	        Index Cond: ((id >= 8499576) AND (id <= 8499675))

for: simple_ranges
table 1 : explain SELECT c FROM sbtest1 WHERE id BETWEEN 5165561 AND 5165660
	Index Scan using sbtest1_pkey on sbtest1  (cost=0.43..389.21 rows=98 width=121)
	  Index Cond: ((id >= 5165561) AND (id <= 5165660))

table 2 : explain SELECT c FROM sbtest2 WHERE id BETWEEN 6836660 AND 6836759
	Index Scan using sbtest2_pkey on sbtest2  (cost=0.43..369.30 rows=93 width=121)
	  Index Cond: ((id >= 6836660) AND (id <= 6836759))

table 3 : explain SELECT c FROM sbtest3 WHERE id BETWEEN 5662294 AND 5662393
	Index Scan using sbtest3_pkey on sbtest3  (cost=0.43..398.47 rows=100 width=121)
	  Index Cond: ((id >= 5662294) AND (id <= 5662393))

table 4 : explain SELECT c FROM sbtest4 WHERE id BETWEEN 4486550 AND 4486649
	Index Scan using sbtest4_pkey on sbtest4  (cost=0.43..394.35 rows=99 width=121)
	  Index Cond: ((id >= 4486550) AND (id <= 4486649))

table 5 : explain SELECT c FROM sbtest5 WHERE id BETWEEN 9280764 AND 9280863
	Index Scan using sbtest5_pkey on sbtest5  (cost=0.43..372.68 rows=94 width=121)
	  Index Cond: ((id >= 9280764) AND (id <= 9280863))

table 6 : explain SELECT c FROM sbtest6 WHERE id BETWEEN 8043395 AND 8043494
	Index Scan using sbtest6_pkey on sbtest6  (cost=0.43..393.27 rows=99 width=121)
	  Index Cond: ((id >= 8043395) AND (id <= 8043494))

table 7 : explain SELECT c FROM sbtest7 WHERE id BETWEEN 5031320 AND 5031419
	Index Scan using sbtest7_pkey on sbtest7  (cost=0.43..396.52 rows=100 width=121)
	  Index Cond: ((id >= 5031320) AND (id <= 5031419))

table 8 : explain SELECT c FROM sbtest8 WHERE id BETWEEN 6403468 AND 6403567
	Index Scan using sbtest8_pkey on sbtest8  (cost=0.43..389.18 rows=98 width=121)
	  Index Cond: ((id >= 6403468) AND (id <= 6403567))

explain: for point_selects :: explain SELECT c FROM sbtest%u WHERE id=%u
for: sum_ranges
table 1 : explain SELECT SUM(k) FROM sbtest1 WHERE id BETWEEN 2175161 AND 2175260
	Aggregate  (cost=389.45..389.46 rows=1 width=8)
	  ->  Index Scan using sbtest1_pkey on sbtest1  (cost=0.43..389.21 rows=98 width=4)
	        Index Cond: ((id >= 2175161) AND (id <= 2175260))

table 2 : explain SELECT SUM(k) FROM sbtest2 WHERE id BETWEEN 2357888 AND 2357987
	Aggregate  (cost=416.65..416.66 rows=1 width=8)
	  ->  Index Scan using sbtest2_pkey on sbtest2  (cost=0.43..416.39 rows=105 width=4)
	        Index Cond: ((id >= 2357888) AND (id <= 2357987))

table 3 : explain SELECT SUM(k) FROM sbtest3 WHERE id BETWEEN 3810082 AND 3810181
	Aggregate  (cost=398.72..398.73 rows=1 width=8)
	  ->  Index Scan using sbtest3_pkey on sbtest3  (cost=0.43..398.47 rows=100 width=4)
	        Index Cond: ((id >= 3810082) AND (id <= 3810181))

table 4 : explain SELECT SUM(k) FROM sbtest4 WHERE id BETWEEN 9640583 AND 9640682
	Aggregate  (cost=402.47..402.48 rows=1 width=8)
	  ->  Index Scan using sbtest4_pkey on sbtest4  (cost=0.43..402.22 rows=101 width=4)
	        Index Cond: ((id >= 9640583) AND (id <= 9640682))

table 5 : explain SELECT SUM(k) FROM sbtest5 WHERE id BETWEEN 5268463 AND 5268562
	Aggregate  (cost=423.85..423.86 rows=1 width=8)
	  ->  Index Scan using sbtest5_pkey on sbtest5  (cost=0.43..423.59 rows=107 width=4)
	        Index Cond: ((id >= 5268463) AND (id <= 5268562))

table 6 : explain SELECT SUM(k) FROM sbtest6 WHERE id BETWEEN 9615736 AND 9615835
	Aggregate  (cost=393.52..393.53 rows=1 width=8)
	  ->  Index Scan using sbtest6_pkey on sbtest6  (cost=0.43..393.27 rows=99 width=4)
	        Index Cond: ((id >= 9615736) AND (id <= 9615835))

table 7 : explain SELECT SUM(k) FROM sbtest7 WHERE id BETWEEN 2183332 AND 2183431
	Aggregate  (cost=369.32..369.33 rows=1 width=8)
	  ->  Index Scan using sbtest7_pkey on sbtest7  (cost=0.43..369.09 rows=93 width=4)
	        Index Cond: ((id >= 2183332) AND (id <= 2183431))

table 8 : explain SELECT SUM(k) FROM sbtest8 WHERE id BETWEEN 9289727 AND 9289826
	Aggregate  (cost=373.72..373.73 rows=1 width=8)
	  ->  Index Scan using sbtest8_pkey on sbtest8  (cost=0.43..373.48 rows=94 width=4)
	        Index Cond: ((id >= 9289727) AND (id <= 9289826))

for: order_ranges
table 1 : explain SELECT c FROM sbtest1 WHERE id BETWEEN 8277489 AND 8277588 ORDER BY c
	Sort  (cost=400.38..400.63 rows=100 width=121)
	  Sort Key: c
	  ->  Index Scan using sbtest1_pkey on sbtest1  (cost=0.43..397.06 rows=100 width=121)
	        Index Cond: ((id >= 8277489) AND (id <= 8277588))

table 2 : explain SELECT c FROM sbtest2 WHERE id BETWEEN 7247332 AND 7247431 ORDER BY c
	Sort  (cost=364.42..364.65 rows=91 width=121)
	  Sort Key: c
	  ->  Index Scan using sbtest2_pkey on sbtest2  (cost=0.43..361.46 rows=91 width=121)
	        Index Cond: ((id >= 7247332) AND (id <= 7247431))

table 3 : explain SELECT c FROM sbtest3 WHERE id BETWEEN 2193283 AND 2193382 ORDER BY c
	Sort  (cost=358.00..358.23 rows=89 width=121)
	  Sort Key: c
	  ->  Index Scan using sbtest3_pkey on sbtest3  (cost=0.43..355.12 rows=89 width=121)
	        Index Cond: ((id >= 2193283) AND (id <= 2193382))

table 4 : explain SELECT c FROM sbtest4 WHERE id BETWEEN 2631399 AND 2631498 ORDER BY c
	Sort  (cost=369.77..370.00 rows=92 width=121)
	  Sort Key: c
	  ->  Index Scan using sbtest4_pkey on sbtest4  (cost=0.43..366.77 rows=92 width=121)
	        Index Cond: ((id >= 2631399) AND (id <= 2631498))

table 5 : explain SELECT c FROM sbtest5 WHERE id BETWEEN 3092150 AND 3092249 ORDER BY c
	Sort  (cost=375.76..376.00 rows=94 width=121)
	  Sort Key: c
	  ->  Index Scan using sbtest5_pkey on sbtest5  (cost=0.43..372.68 rows=94 width=121)
	        Index Cond: ((id >= 3092150) AND (id <= 3092249))

table 6 : explain SELECT c FROM sbtest6 WHERE id BETWEEN 8005968 AND 8006067 ORDER BY c
	Sort  (cost=420.36..420.62 rows=105 width=121)
	  Sort Key: c
	  ->  Index Scan using sbtest6_pkey on sbtest6  (cost=0.43..416.83 rows=105 width=121)
	        Index Cond: ((id >= 8005968) AND (id <= 8006067))

table 7 : explain SELECT c FROM sbtest7 WHERE id BETWEEN 3994907 AND 3995006 ORDER BY c
	Sort  (cost=387.97..388.21 rows=97 width=121)
	  Sort Key: c
	  ->  Index Scan using sbtest7_pkey on sbtest7  (cost=0.43..384.77 rows=97 width=121)
	        Index Cond: ((id >= 3994907) AND (id <= 3995006))

table 8 : explain SELECT c FROM sbtest8 WHERE id BETWEEN 906472 AND 906571 ORDER BY c
	Sort  (cost=396.39..396.63 rows=99 width=121)
	  Sort Key: c
	  ->  Index Scan using sbtest8_pkey on sbtest8  (cost=0.43..393.10 rows=99 width=121)
	        Index Cond: ((id >= 906472) AND (id <= 906571))

for: distinct_ranges
table 1 : explain SELECT DISTINCT c FROM sbtest1 WHERE id BETWEEN 4426589 AND 4426688 ORDER BY c
	Unique  (cost=392.45..392.94 rows=98 width=121)
	  ->  Sort  (cost=392.45..392.69 rows=98 width=121)
	        Sort Key: c
	        ->  Index Scan using sbtest1_pkey on sbtest1  (cost=0.43..389.21 rows=98 width=121)
	              Index Cond: ((id >= 4426589) AND (id <= 4426688))

table 2 : explain SELECT DISTINCT c FROM sbtest2 WHERE id BETWEEN 4920005 AND 4920104 ORDER BY c
	Unique  (cost=396.14..396.63 rows=99 width=121)
	  ->  Sort  (cost=396.14..396.39 rows=99 width=121)
	        Sort Key: c
	        ->  Index Scan using sbtest2_pkey on sbtest2  (cost=0.43..392.86 rows=99 width=121)
	              Index Cond: ((id >= 4920005) AND (id <= 4920104))

table 3 : explain SELECT DISTINCT c FROM sbtest3 WHERE id BETWEEN 7837915 AND 7838014 ORDER BY c
	Unique  (cost=401.79..402.29 rows=100 width=121)
	  ->  Sort  (cost=401.79..402.04 rows=100 width=121)
	        Sort Key: c
	        ->  Index Scan using sbtest3_pkey on sbtest3  (cost=0.43..398.47 rows=100 width=121)
	              Index Cond: ((id >= 7837915) AND (id <= 7838014))

table 4 : explain SELECT DISTINCT c FROM sbtest4 WHERE id BETWEEN 8460044 AND 8460143 ORDER BY c
	Unique  (cost=381.72..382.19 rows=95 width=121)
	  ->  Sort  (cost=381.72..381.96 rows=95 width=121)
	        Sort Key: c
	        ->  Index Scan using sbtest4_pkey on sbtest4  (cost=0.43..378.60 rows=95 width=121)
	              Index Cond: ((id >= 8460044) AND (id <= 8460143))

table 5 : explain SELECT DISTINCT c FROM sbtest5 WHERE id BETWEEN 1316131 AND 1316230 ORDER BY c
	Unique  (cost=411.37..411.88 rows=103 width=121)
	  ->  Sort  (cost=411.37..411.62 rows=103 width=121)
	        Sort Key: c
	        ->  Index Scan using sbtest5_pkey on sbtest5  (cost=0.43..407.92 rows=103 width=121)
	              Index Cond: ((id >= 1316131) AND (id <= 1316230))

table 6 : explain SELECT DISTINCT c FROM sbtest6 WHERE id BETWEEN 6693610 AND 6693709 ORDER BY c
	Unique  (cost=372.76..373.22 rows=93 width=121)
	  ->  Sort  (cost=372.76..372.99 rows=93 width=121)
	        Sort Key: c
	        ->  Index Scan using sbtest6_pkey on sbtest6  (cost=0.43..369.72 rows=93 width=121)
	              Index Cond: ((id >= 6693610) AND (id <= 6693709))

table 7 : explain SELECT DISTINCT c FROM sbtest7 WHERE id BETWEEN 6595159 AND 6595258 ORDER BY c
	Unique  (cost=451.32..451.89 rows=113 width=121)
	  ->  Sort  (cost=451.32..451.61 rows=113 width=121)
	        Sort Key: c
	        ->  Index Scan using sbtest7_pkey on sbtest7  (cost=0.43..447.47 rows=113 width=121)
	              Index Cond: ((id >= 6595159) AND (id <= 6595258))

table 8 : explain SELECT DISTINCT c FROM sbtest8 WHERE id BETWEEN 989013 AND 989112 ORDER BY c
	Unique  (cost=392.42..392.91 rows=98 width=121)
	  ->  Sort  (cost=392.42..392.67 rows=98 width=121)
	        Sort Key: c
	        ->  Index Scan using sbtest8_pkey on sbtest8  (cost=0.43..389.18 rows=98 width=121)
	              Index Cond: ((id >= 989013) AND (id <= 989112))

for: simple_ranges
table 1 : explain SELECT c FROM sbtest1 WHERE id BETWEEN 5584472 AND 5584571
	Index Scan using sbtest1_pkey on sbtest1  (cost=0.43..397.06 rows=100 width=121)
	  Index Cond: ((id >= 5584472) AND (id <= 5584571))

table 2 : explain SELECT c FROM sbtest2 WHERE id BETWEEN 7248098 AND 7248197
	Index Scan using sbtest2_pkey on sbtest2  (cost=0.43..361.46 rows=91 width=121)
	  Index Cond: ((id >= 7248098) AND (id <= 7248197))

table 3 : explain SELECT c FROM sbtest3 WHERE id BETWEEN 9568246 AND 9568345
	Index Scan using sbtest3_pkey on sbtest3  (cost=0.43..426.04 rows=107 width=121)
	  Index Cond: ((id >= 9568246) AND (id <= 9568345))

table 4 : explain SELECT c FROM sbtest4 WHERE id BETWEEN 5299569 AND 5299668
	Index Scan using sbtest4_pkey on sbtest4  (cost=0.43..402.22 rows=101 width=121)
	  Index Cond: ((id >= 5299569) AND (id <= 5299668))

table 5 : explain SELECT c FROM sbtest5 WHERE id BETWEEN 7511766 AND 7511865
	Index Scan using sbtest5_pkey on sbtest5  (cost=0.43..384.43 rows=97 width=121)
	  Index Cond: ((id >= 7511766) AND (id <= 7511865))

table 6 : explain SELECT c FROM sbtest6 WHERE id BETWEEN 6982670 AND 6982769
	Index Scan using sbtest6_pkey on sbtest6  (cost=0.43..373.64 rows=94 width=121)
	  Index Cond: ((id >= 6982670) AND (id <= 6982769))

table 7 : explain SELECT c FROM sbtest7 WHERE id BETWEEN 9189247 AND 9189346
	Index Scan using sbtest7_pkey on sbtest7  (cost=0.43..396.52 rows=100 width=121)
	  Index Cond: ((id >= 9189247) AND (id <= 9189346))

table 8 : explain SELECT c FROM sbtest8 WHERE id BETWEEN 9549536 AND 9549635
	Index Scan using sbtest8_pkey on sbtest8  (cost=0.43..408.80 rows=103 width=121)
	  Index Cond: ((id >= 9549536) AND (id <= 9549635))

for: order_ranges
table 1 : explain SELECT c FROM sbtest1 WHERE id BETWEEN 7246953 AND 7247052 ORDER BY c
	Sort  (cost=376.57..376.80 rows=94 width=121)
	  Sort Key: c
	  ->  Index Scan using sbtest1_pkey on sbtest1  (cost=0.43..373.49 rows=94 width=121)
	        Index Cond: ((id >= 7246953) AND (id <= 7247052))

table 2 : explain SELECT c FROM sbtest2 WHERE id BETWEEN 4740590 AND 4740689 ORDER BY c
	Sort  (cost=380.27..380.50 rows=95 width=121)
	  Sort Key: c
	  ->  Index Scan using sbtest2_pkey on sbtest2  (cost=0.43..377.15 rows=95 width=121)
	        Index Cond: ((id >= 4740590) AND (id <= 4740689))

table 3 : explain SELECT c FROM sbtest3 WHERE id BETWEEN 3188706 AND 3188805 ORDER BY c
	Sort  (cost=417.71..417.97 rows=104 width=121)
	  Sort Key: c
	  ->  Index Scan using sbtest3_pkey on sbtest3  (cost=0.43..414.23 rows=104 width=121)
	        Index Cond: ((id >= 3188706) AND (id <= 3188805))

table 4 : explain SELECT c FROM sbtest4 WHERE id BETWEEN 8123455 AND 8123554 ORDER BY c
	Sort  (cost=385.69..385.93 rows=96 width=121)
	  Sort Key: c
	  ->  Index Scan using sbtest4_pkey on sbtest4  (cost=0.43..382.53 rows=96 width=121)
	        Index Cond: ((id >= 8123455) AND (id <= 8123554))

table 5 : explain SELECT c FROM sbtest5 WHERE id BETWEEN 9035025 AND 9035124 ORDER BY c
	Sort  (cost=387.63..387.87 rows=97 width=121)
	  Sort Key: c
	  ->  Index Scan using sbtest5_pkey on sbtest5  (cost=0.43..384.43 rows=97 width=121)
	        Index Cond: ((id >= 9035025) AND (id <= 9035124))

table 6 : explain SELECT c FROM sbtest6 WHERE id BETWEEN 118427 AND 118526 ORDER BY c
	Sort  (cost=372.76..372.99 rows=93 width=121)
	  Sort Key: c
	  ->  Index Scan using sbtest6_pkey on sbtest6  (cost=0.43..369.72 rows=93 width=121)
	        Index Cond: ((id >= 118427) AND (id <= 118526))

table 7 : explain SELECT c FROM sbtest7 WHERE id BETWEEN 2277919 AND 2278018 ORDER BY c
	Sort  (cost=395.89..396.13 rows=99 width=121)
	  Sort Key: c
	  ->  Index Scan using sbtest7_pkey on sbtest7  (cost=0.43..392.60 rows=99 width=121)
	        Index Cond: ((id >= 2277919) AND (id <= 2278018))

table 8 : explain SELECT c FROM sbtest8 WHERE id BETWEEN 8828568 AND 8828667 ORDER BY c
	Sort  (cost=424.14..424.41 rows=106 width=121)
	  Sort Key: c
	  ->  Index Scan using sbtest8_pkey on sbtest8  (cost=0.43..420.57 rows=106 width=121)
	        Index Cond: ((id >= 8828568) AND (id <= 8828667))

for: sum_ranges
table 1 : explain SELECT SUM(k) FROM sbtest1 WHERE id BETWEEN 6707288 AND 6707387
	Aggregate  (cost=381.58..381.59 rows=1 width=8)
	  ->  Index Scan using sbtest1_pkey on sbtest1  (cost=0.43..381.34 rows=96 width=4)
	        Index Cond: ((id >= 6707288) AND (id <= 6707387))

table 2 : explain SELECT SUM(k) FROM sbtest2 WHERE id BETWEEN 3305438 AND 3305537
	Aggregate  (cost=397.03..397.04 rows=1 width=8)
	  ->  Index Scan using sbtest2_pkey on sbtest2  (cost=0.43..396.78 rows=100 width=4)
	        Index Cond: ((id >= 3305438) AND (id <= 3305537))

table 3 : explain SELECT SUM(k) FROM sbtest3 WHERE id BETWEEN 9340871 AND 9340970
	Aggregate  (cost=378.99..379.00 rows=1 width=8)
	  ->  Index Scan using sbtest3_pkey on sbtest3  (cost=0.43..378.76 rows=95 width=4)
	        Index Cond: ((id >= 9340871) AND (id <= 9340970))

table 4 : explain SELECT SUM(k) FROM sbtest4 WHERE id BETWEEN 616365 AND 616464
	Aggregate  (cost=426.11..426.12 rows=1 width=8)
	  ->  Index Scan using sbtest4_pkey on sbtest4  (cost=0.43..425.84 rows=107 width=4)
	        Index Cond: ((id >= 616365) AND (id <= 616464))

table 5 : explain SELECT SUM(k) FROM sbtest5 WHERE id BETWEEN 6146141 AND 6146240
	Aggregate  (cost=423.85..423.86 rows=1 width=8)
	  ->  Index Scan using sbtest5_pkey on sbtest5  (cost=0.43..423.59 rows=107 width=4)
	        Index Cond: ((id >= 6146141) AND (id <= 6146240))

table 6 : explain SELECT SUM(k) FROM sbtest6 WHERE id BETWEEN 7802365 AND 7802464
	Aggregate  (cost=350.28..350.29 rows=1 width=8)
	  ->  Index Scan using sbtest6_pkey on sbtest6  (cost=0.43..350.06 rows=88 width=4)
	        Index Cond: ((id >= 7802365) AND (id <= 7802464))

table 7 : explain SELECT SUM(k) FROM sbtest7 WHERE id BETWEEN 7457949 AND 7458048
	Aggregate  (cost=400.69..400.70 rows=1 width=8)
	  ->  Index Scan using sbtest7_pkey on sbtest7  (cost=0.43..400.44 rows=101 width=4)
	        Index Cond: ((id >= 7457949) AND (id <= 7458048))

table 8 : explain SELECT SUM(k) FROM sbtest8 WHERE id BETWEEN 8000194 AND 8000293
	Aggregate  (cost=381.57..381.58 rows=1 width=8)
	  ->  Index Scan using sbtest8_pkey on sbtest8  (cost=0.43..381.33 rows=96 width=4)
	        Index Cond: ((id >= 8000194) AND (id <= 8000293))

for: order_ranges
table 1 : explain SELECT c FROM sbtest1 WHERE id BETWEEN 1487176 AND 1487275 ORDER BY c
	Sort  (cost=396.41..396.66 rows=99 width=121)
	  Sort Key: c
	  ->  Index Scan using sbtest1_pkey on sbtest1  (cost=0.43..393.13 rows=99 width=121)
	        Index Cond: ((id >= 1487176) AND (id <= 1487275))

table 2 : explain SELECT c FROM sbtest2 WHERE id BETWEEN 5865879 AND 5865978 ORDER BY c
	Sort  (cost=392.18..392.42 rows=98 width=121)
	  Sort Key: c
	  ->  Index Scan using sbtest2_pkey on sbtest2  (cost=0.43..388.93 rows=98 width=121)
	        Index Cond: ((id >= 5865879) AND (id <= 5865978))

table 3 : explain SELECT c FROM sbtest3 WHERE id BETWEEN 802020 AND 802119 ORDER BY c
	Sort  (cost=417.71..417.97 rows=104 width=121)
	  Sort Key: c
	  ->  Index Scan using sbtest3_pkey on sbtest3  (cost=0.43..414.23 rows=104 width=121)
	        Index Cond: ((id >= 802020) AND (id <= 802119))

table 4 : explain SELECT c FROM sbtest4 WHERE id BETWEEN 5686214 AND 5686313 ORDER BY c
	Sort  (cost=397.63..397.87 rows=99 width=121)
	  Sort Key: c
	  ->  Index Scan using sbtest4_pkey on sbtest4  (cost=0.43..394.35 rows=99 width=121)
	        Index Cond: ((id >= 5686214) AND (id <= 5686313))

table 5 : explain SELECT c FROM sbtest5 WHERE id BETWEEN 2805063 AND 2805162 ORDER BY c
	Sort  (cost=403.45..403.71 rows=101 width=121)
	  Sort Key: c
	  ->  Index Scan using sbtest5_pkey on sbtest5  (cost=0.43..400.09 rows=101 width=121)
	        Index Cond: ((id >= 2805063) AND (id <= 2805162))

table 6 : explain SELECT c FROM sbtest6 WHERE id BETWEEN 785918 AND 786017 ORDER BY c
	Sort  (cost=420.36..420.62 rows=105 width=121)
	  Sort Key: c
	  ->  Index Scan using sbtest6_pkey on sbtest6  (cost=0.43..416.83 rows=105 width=121)
	        Index Cond: ((id >= 785918) AND (id <= 786017))

table 7 : explain SELECT c FROM sbtest7 WHERE id BETWEEN 4216041 AND 4216140 ORDER BY c
	Sort  (cost=368.17..368.40 rows=92 width=121)
	  Sort Key: c
	  ->  Index Scan using sbtest7_pkey on sbtest7  (cost=0.43..365.17 rows=92 width=121)
	        Index Cond: ((id >= 4216041) AND (id <= 4216140))

table 8 : explain SELECT c FROM sbtest8 WHERE id BETWEEN 4526293 AND 4526392 ORDER BY c
	Sort  (cost=384.49..384.73 rows=96 width=121)
	  Sort Key: c
	  ->  Index Scan using sbtest8_pkey on sbtest8  (cost=0.43..381.33 rows=96 width=121)
	        Index Cond: ((id >= 4526293) AND (id <= 4526392))

for point_selects
table 1 : explain SELECT c FROM sbtest1 WHERE id=5717967
	Index Scan using sbtest1_pkey on sbtest1  (cost=0.43..8.45 rows=1 width=121)
	  Index Cond: (id = 5717967)

table 2 : explain SELECT c FROM sbtest2 WHERE id=2998103
	Index Scan using sbtest2_pkey on sbtest2  (cost=0.43..8.45 rows=1 width=121)
	  Index Cond: (id = 2998103)

table 3 : explain SELECT c FROM sbtest3 WHERE id=6103546
	Index Scan using sbtest3_pkey on sbtest3  (cost=0.43..8.45 rows=1 width=121)
	  Index Cond: (id = 6103546)

table 4 : explain SELECT c FROM sbtest4 WHERE id=2736264
	Index Scan using sbtest4_pkey on sbtest4  (cost=0.43..8.45 rows=1 width=121)
	  Index Cond: (id = 2736264)

table 5 : explain SELECT c FROM sbtest5 WHERE id=3455419
	Index Scan using sbtest5_pkey on sbtest5  (cost=0.43..8.45 rows=1 width=121)
	  Index Cond: (id = 3455419)

table 6 : explain SELECT c FROM sbtest6 WHERE id=7790272
	Index Scan using sbtest6_pkey on sbtest6  (cost=0.43..8.45 rows=1 width=121)
	  Index Cond: (id = 7790272)

table 7 : explain SELECT c FROM sbtest7 WHERE id=1524339
	Index Scan using sbtest7_pkey on sbtest7  (cost=0.43..8.45 rows=1 width=121)
	  Index Cond: (id = 1524339)

table 8 : explain SELECT c FROM sbtest8 WHERE id=966207
	Index Scan using sbtest8_pkey on sbtest8  (cost=0.43..8.45 rows=1 width=121)
	  Index Cond: (id = 966207)

for: sum_ranges
table 1 : explain SELECT SUM(k) FROM sbtest1 WHERE id BETWEEN 2000952 AND 2001051
	Aggregate  (cost=397.31..397.32 rows=1 width=8)
	  ->  Index Scan using sbtest1_pkey on sbtest1  (cost=0.43..397.06 rows=100 width=4)
	        Index Cond: ((id >= 2000952) AND (id <= 2001051))

table 2 : explain SELECT SUM(k) FROM sbtest2 WHERE id BETWEEN 2277454 AND 2277553
	Aggregate  (cost=389.18..389.19 rows=1 width=8)
	  ->  Index Scan using sbtest2_pkey on sbtest2  (cost=0.43..388.93 rows=98 width=4)
	        Index Cond: ((id >= 2277454) AND (id <= 2277553))

table 3 : explain SELECT SUM(k) FROM sbtest3 WHERE id BETWEEN 5661689 AND 5661788
	Aggregate  (cost=398.72..398.73 rows=1 width=8)
	  ->  Index Scan using sbtest3_pkey on sbtest3  (cost=0.43..398.47 rows=100 width=4)
	        Index Cond: ((id >= 5661689) AND (id <= 5661788))

table 4 : explain SELECT SUM(k) FROM sbtest4 WHERE id BETWEEN 3975870 AND 3975969
	Aggregate  (cost=382.77..382.78 rows=1 width=8)
	  ->  Index Scan using sbtest4_pkey on sbtest4  (cost=0.43..382.53 rows=96 width=4)
	        Index Cond: ((id >= 3975870) AND (id <= 3975969))

table 5 : explain SELECT SUM(k) FROM sbtest5 WHERE id BETWEEN 6811229 AND 6811328
	Aggregate  (cost=431.69..431.70 rows=1 width=8)
	  ->  Index Scan using sbtest5_pkey on sbtest5  (cost=0.43..431.42 rows=109 width=4)
	        Index Cond: ((id >= 6811229) AND (id <= 6811328))

table 6 : explain SELECT SUM(k) FROM sbtest6 WHERE id BETWEEN 5482794 AND 5482893
	Aggregate  (cost=413.16..413.17 rows=1 width=8)
	  ->  Index Scan using sbtest6_pkey on sbtest6  (cost=0.43..412.90 rows=104 width=4)
	        Index Cond: ((id >= 5482794) AND (id <= 5482893))

table 7 : explain SELECT SUM(k) FROM sbtest7 WHERE id BETWEEN 3893821 AND 3893920
	Aggregate  (cost=416.38..416.39 rows=1 width=8)
	  ->  Index Scan using sbtest7_pkey on sbtest7  (cost=0.43..416.12 rows=105 width=4)
	        Index Cond: ((id >= 3893821) AND (id <= 3893920))

table 8 : explain SELECT SUM(k) FROM sbtest8 WHERE id BETWEEN 1756304 AND 1756403
	Aggregate  (cost=416.91..416.92 rows=1 width=8)
	  ->  Index Scan using sbtest8_pkey on sbtest8  (cost=0.43..416.65 rows=105 width=4)
	        Index Cond: ((id >= 1756304) AND (id <= 1756403))

for: sum_ranges
table 1 : explain SELECT SUM(k) FROM sbtest1 WHERE id BETWEEN 1027856 AND 1027955
	Aggregate  (cost=424.80..424.81 rows=1 width=8)
	  ->  Index Scan using sbtest1_pkey on sbtest1  (cost=0.43..424.53 rows=107 width=4)
	        Index Cond: ((id >= 1027856) AND (id <= 1027955))

table 2 : explain SELECT SUM(k) FROM sbtest2 WHERE id BETWEEN 6152786 AND 6152885
	Aggregate  (cost=397.03..397.04 rows=1 width=8)
	  ->  Index Scan using sbtest2_pkey on sbtest2  (cost=0.43..396.78 rows=100 width=4)
	        Index Cond: ((id >= 6152786) AND (id <= 6152885))

table 3 : explain SELECT SUM(k) FROM sbtest3 WHERE id BETWEEN 960402 AND 960501
	Aggregate  (cost=371.11..371.12 rows=1 width=8)
	  ->  Index Scan using sbtest3_pkey on sbtest3  (cost=0.43..370.88 rows=93 width=4)
	        Index Cond: ((id >= 960402) AND (id <= 960501))

table 4 : explain SELECT SUM(k) FROM sbtest4 WHERE id BETWEEN 4840605 AND 4840704
	Aggregate  (cost=363.06..363.07 rows=1 width=8)
	  ->  Index Scan using sbtest4_pkey on sbtest4  (cost=0.43..362.83 rows=91 width=4)
	        Index Cond: ((id >= 4840605) AND (id <= 4840704))

table 5 : explain SELECT SUM(k) FROM sbtest5 WHERE id BETWEEN 7126008 AND 7126107
	Aggregate  (cost=361.16..361.17 rows=1 width=8)
	  ->  Index Scan using sbtest5_pkey on sbtest5  (cost=0.43..360.94 rows=91 width=4)
	        Index Cond: ((id >= 7126008) AND (id <= 7126107))

table 6 : explain SELECT SUM(k) FROM sbtest6 WHERE id BETWEEN 2910918 AND 2911017
	Aggregate  (cost=381.74..381.75 rows=1 width=8)
	  ->  Index Scan using sbtest6_pkey on sbtest6  (cost=0.43..381.50 rows=96 width=4)
	        Index Cond: ((id >= 2910918) AND (id <= 2911017))

table 7 : explain SELECT SUM(k) FROM sbtest7 WHERE id BETWEEN 7572999 AND 7573098
	Aggregate  (cost=377.16..377.17 rows=1 width=8)
	  ->  Index Scan using sbtest7_pkey on sbtest7  (cost=0.43..376.93 rows=95 width=4)
	        Index Cond: ((id >= 7572999) AND (id <= 7573098))

table 8 : explain SELECT SUM(k) FROM sbtest8 WHERE id BETWEEN 1118875 AND 1118974
	Aggregate  (cost=416.91..416.92 rows=1 width=8)
	  ->  Index Scan using sbtest8_pkey on sbtest8  (cost=0.43..416.65 rows=105 width=4)
	        Index Cond: ((id >= 1118875) AND (id <= 1118974))

for: distinct_ranges
table 1 : explain SELECT DISTINCT c FROM sbtest1 WHERE id BETWEEN 7345992 AND 7346091 ORDER BY c
	Unique  (cost=428.14..428.67 rows=107 width=121)
	  ->  Sort  (cost=428.14..428.40 rows=107 width=121)
	        Sort Key: c
	        ->  Index Scan using sbtest1_pkey on sbtest1  (cost=0.43..424.53 rows=107 width=121)
	              Index Cond: ((id >= 7345992) AND (id <= 7346091))

table 2 : explain SELECT DISTINCT c FROM sbtest2 WHERE id BETWEEN 1521119 AND 1521218 ORDER BY c
	Unique  (cost=392.18..392.67 rows=98 width=121)
	  ->  Sort  (cost=392.18..392.42 rows=98 width=121)
	        Sort Key: c
	        ->  Index Scan using sbtest2_pkey on sbtest2  (cost=0.43..388.93 rows=98 width=121)
	              Index Cond: ((id >= 1521119) AND (id <= 1521218))

table 3 : explain SELECT DISTINCT c FROM sbtest3 WHERE id BETWEEN 1565407 AND 1565506 ORDER BY c
	Unique  (cost=409.75..410.26 rows=102 width=121)
	  ->  Sort  (cost=409.75..410.01 rows=102 width=121)
	        Sort Key: c
	        ->  Index Scan using sbtest3_pkey on sbtest3  (cost=0.43..406.35 rows=102 width=121)
	              Index Cond: ((id >= 1565407) AND (id <= 1565506))

table 4 : explain SELECT DISTINCT c FROM sbtest4 WHERE id BETWEEN 4990891 AND 4990990 ORDER BY c
	Unique  (cost=413.54..414.05 rows=103 width=121)
	  ->  Sort  (cost=413.54..413.79 rows=103 width=121)
	        Sort Key: c
	        ->  Index Scan using sbtest4_pkey on sbtest4  (cost=0.43..410.09 rows=103 width=121)
	              Index Cond: ((id >= 4990891) AND (id <= 4990990))

table 5 : explain SELECT DISTINCT c FROM sbtest5 WHERE id BETWEEN 4009769 AND 4009868 ORDER BY c
	Unique  (cost=391.59..392.08 rows=98 width=121)
	  ->  Sort  (cost=391.59..391.83 rows=98 width=121)
	        Sort Key: c
	        ->  Index Scan using sbtest5_pkey on sbtest5  (cost=0.43..388.34 rows=98 width=121)
	              Index Cond: ((id >= 4009769) AND (id <= 4009868))

table 6 : explain SELECT DISTINCT c FROM sbtest6 WHERE id BETWEEN 3976815 AND 3976914 ORDER BY c
	Unique  (cost=400.52..401.02 rows=100 width=121)
	  ->  Sort  (cost=400.52..400.77 rows=100 width=121)
	        Sort Key: c
	        ->  Index Scan using sbtest6_pkey on sbtest6  (cost=0.43..397.20 rows=100 width=121)
	              Index Cond: ((id >= 3976815) AND (id <= 3976914))

table 7 : explain SELECT DISTINCT c FROM sbtest7 WHERE id BETWEEN 9411456 AND 9411555 ORDER BY c
	Unique  (cost=403.80..404.31 rows=101 width=121)
	  ->  Sort  (cost=403.80..404.06 rows=101 width=121)
	        Sort Key: c
	        ->  Index Scan using sbtest7_pkey on sbtest7  (cost=0.43..400.44 rows=101 width=121)
	              Index Cond: ((id >= 9411456) AND (id <= 9411555))

table 8 : explain SELECT DISTINCT c FROM sbtest8 WHERE id BETWEEN 4241627 AND 4241726 ORDER BY c
	Unique  (cost=428.11..428.64 rows=107 width=121)
	  ->  Sort  (cost=428.11..428.37 rows=107 width=121)
	        Sort Key: c
	        ->  Index Scan using sbtest8_pkey on sbtest8  (cost=0.43..424.50 rows=107 width=121)
	              Index Cond: ((id >= 4241627) AND (id <= 4241726))

for: order_ranges
table 1 : explain SELECT c FROM sbtest1 WHERE id BETWEEN 4840602 AND 4840701 ORDER BY c
	Sort  (cost=384.50..384.74 rows=96 width=121)
	  Sort Key: c
	  ->  Index Scan using sbtest1_pkey on sbtest1  (cost=0.43..381.34 rows=96 width=121)
	        Index Cond: ((id >= 4840602) AND (id <= 4840701))

table 2 : explain SELECT c FROM sbtest2 WHERE id BETWEEN 5032409 AND 5032508 ORDER BY c
	Sort  (cost=431.80..432.07 rows=108 width=121)
	  Sort Key: c
	  ->  Index Scan using sbtest2_pkey on sbtest2  (cost=0.43..428.15 rows=108 width=121)
	        Index Cond: ((id >= 5032409) AND (id <= 5032508))

table 3 : explain SELECT c FROM sbtest3 WHERE id BETWEEN 5112263 AND 5112362 ORDER BY c
	Sort  (cost=405.77..406.03 rows=101 width=121)
	  Sort Key: c
	  ->  Index Scan using sbtest3_pkey on sbtest3  (cost=0.43..402.41 rows=101 width=121)
	        Index Cond: ((id >= 5112263) AND (id <= 5112362))

table 4 : explain SELECT c FROM sbtest4 WHERE id BETWEEN 1596393 AND 1596492 ORDER BY c
	Sort  (cost=397.63..397.87 rows=99 width=121)
	  Sort Key: c
	  ->  Index Scan using sbtest4_pkey on sbtest4  (cost=0.43..394.35 rows=99 width=121)
	        Index Cond: ((id >= 1596393) AND (id <= 1596492))

table 5 : explain SELECT c FROM sbtest5 WHERE id BETWEEN 7862783 AND 7862882 ORDER BY c
	Sort  (cost=379.72..379.96 rows=95 width=121)
	  Sort Key: c
	  ->  Index Scan using sbtest5_pkey on sbtest5  (cost=0.43..376.60 rows=95 width=121)
	        Index Cond: ((id >= 7862783) AND (id <= 7862882))

table 6 : explain SELECT c FROM sbtest6 WHERE id BETWEEN 3408709 AND 3408808 ORDER BY c
	Sort  (cost=452.09..452.37 rows=113 width=121)
	  Sort Key: c
	  ->  Index Scan using sbtest6_pkey on sbtest6  (cost=0.43..448.24 rows=113 width=121)
	        Index Cond: ((id >= 3408709) AND (id <= 3408808))

table 7 : explain SELECT c FROM sbtest7 WHERE id BETWEEN 4157237 AND 4157336 ORDER BY c
	Sort  (cost=384.01..384.25 rows=96 width=121)
	  Sort Key: c
	  ->  Index Scan using sbtest7_pkey on sbtest7  (cost=0.43..380.85 rows=96 width=121)
	        Index Cond: ((id >= 4157237) AND (id <= 4157336))

table 8 : explain SELECT c FROM sbtest8 WHERE id BETWEEN 6232459 AND 6232558 ORDER BY c
	Sort  (cost=376.56..376.80 rows=94 width=121)
	  Sort Key: c
	  ->  Index Scan using sbtest8_pkey on sbtest8  (cost=0.43..373.48 rows=94 width=121)
	        Index Cond: ((id >= 6232459) AND (id <= 6232558))

for: order_ranges
table 1 : explain SELECT c FROM sbtest1 WHERE id BETWEEN 4555088 AND 4555187 ORDER BY c
	Sort  (cost=376.57..376.80 rows=94 width=121)
	  Sort Key: c
	  ->  Index Scan using sbtest1_pkey on sbtest1  (cost=0.43..373.49 rows=94 width=121)
	        Index Cond: ((id >= 4555088) AND (id <= 4555187))

table 2 : explain SELECT c FROM sbtest2 WHERE id BETWEEN 8841542 AND 8841641 ORDER BY c
	Sort  (cost=411.99..412.24 rows=103 width=121)
	  Sort Key: c
	  ->  Index Scan using sbtest2_pkey on sbtest2  (cost=0.43..408.54 rows=103 width=121)
	        Index Cond: ((id >= 8841542) AND (id <= 8841641))

table 3 : explain SELECT c FROM sbtest3 WHERE id BETWEEN 6846989 AND 6847088 ORDER BY c
	Sort  (cost=393.83..394.08 rows=98 width=121)
	  Sort Key: c
	  ->  Index Scan using sbtest3_pkey on sbtest3  (cost=0.43..390.59 rows=98 width=121)
	        Index Cond: ((id >= 6846989) AND (id <= 6847088))

table 4 : explain SELECT c FROM sbtest4 WHERE id BETWEEN 8352905 AND 8353004 ORDER BY c
	Sort  (cost=365.79..366.02 rows=91 width=121)
	  Sort Key: c
	  ->  Index Scan using sbtest4_pkey on sbtest4  (cost=0.43..362.83 rows=91 width=121)
	        Index Cond: ((id >= 8352905) AND (id <= 8353004))

table 5 : explain SELECT c FROM sbtest5 WHERE id BETWEEN 5460301 AND 5460400 ORDER BY c
	Sort  (cost=355.96..356.18 rows=89 width=121)
	  Sort Key: c
	  ->  Index Scan using sbtest5_pkey on sbtest5  (cost=0.43..353.08 rows=89 width=121)
	        Index Cond: ((id >= 5460301) AND (id <= 5460400))

table 6 : explain SELECT c FROM sbtest6 WHERE id BETWEEN 8804102 AND 8804201 ORDER BY c
	Sort  (cost=404.49..404.74 rows=101 width=121)
	  Sort Key: c
	  ->  Index Scan using sbtest6_pkey on sbtest6  (cost=0.43..401.13 rows=101 width=121)
	        Index Cond: ((id >= 8804102) AND (id <= 8804201))

table 7 : explain SELECT c FROM sbtest7 WHERE id BETWEEN 2681138 AND 2681237 ORDER BY c
	Sort  (cost=411.72..411.98 rows=103 width=121)
	  Sort Key: c
	  ->  Index Scan using sbtest7_pkey on sbtest7  (cost=0.43..408.28 rows=103 width=121)
	        Index Cond: ((id >= 2681138) AND (id <= 2681237))

table 8 : explain SELECT c FROM sbtest8 WHERE id BETWEEN 4280345 AND 4280444 ORDER BY c
	Sort  (cost=428.11..428.37 rows=107 width=121)
	  Sort Key: c
	  ->  Index Scan using sbtest8_pkey on sbtest8  (cost=0.43..424.50 rows=107 width=121)
	        Index Cond: ((id >= 4280345) AND (id <= 4280444))

for point_selects
table 1 : explain SELECT c FROM sbtest1 WHERE id=4439967
	Index Scan using sbtest1_pkey on sbtest1  (cost=0.43..8.45 rows=1 width=121)
	  Index Cond: (id = 4439967)

table 2 : explain SELECT c FROM sbtest2 WHERE id=2435968
	Index Scan using sbtest2_pkey on sbtest2  (cost=0.43..8.45 rows=1 width=121)
	  Index Cond: (id = 2435968)

table 3 : explain SELECT c FROM sbtest3 WHERE id=2744412
	Index Scan using sbtest3_pkey on sbtest3  (cost=0.43..8.45 rows=1 width=121)
	  Index Cond: (id = 2744412)

table 4 : explain SELECT c FROM sbtest4 WHERE id=4748661
	Index Scan using sbtest4_pkey on sbtest4  (cost=0.43..8.45 rows=1 width=121)
	  Index Cond: (id = 4748661)

table 5 : explain SELECT c FROM sbtest5 WHERE id=263693
	Index Scan using sbtest5_pkey on sbtest5  (cost=0.43..8.45 rows=1 width=121)
	  Index Cond: (id = 263693)

table 6 : explain SELECT c FROM sbtest6 WHERE id=1514888
	Index Scan using sbtest6_pkey on sbtest6  (cost=0.43..8.45 rows=1 width=121)
	  Index Cond: (id = 1514888)

table 7 : explain SELECT c FROM sbtest7 WHERE id=4651127
	Index Scan using sbtest7_pkey on sbtest7  (cost=0.43..8.45 rows=1 width=121)
	  Index Cond: (id = 4651127)

table 8 : explain SELECT c FROM sbtest8 WHERE id=1496621
	Index Scan using sbtest8_pkey on sbtest8  (cost=0.43..8.45 rows=1 width=121)
	  Index Cond: (id = 1496621)

for point_selects
table 1 : explain SELECT c FROM sbtest1 WHERE id=6092266
	Index Scan using sbtest1_pkey on sbtest1  (cost=0.43..8.45 rows=1 width=121)
	  Index Cond: (id = 6092266)

table 2 : explain SELECT c FROM sbtest2 WHERE id=9167024
	Index Scan using sbtest2_pkey on sbtest2  (cost=0.43..8.45 rows=1 width=121)
	  Index Cond: (id = 9167024)

table 3 : explain SELECT c FROM sbtest3 WHERE id=8960560
	Index Scan using sbtest3_pkey on sbtest3  (cost=0.43..8.45 rows=1 width=121)
	  Index Cond: (id = 8960560)

table 4 : explain SELECT c FROM sbtest4 WHERE id=4169772
	Index Scan using sbtest4_pkey on sbtest4  (cost=0.43..8.45 rows=1 width=121)
	  Index Cond: (id = 4169772)

table 5 : explain SELECT c FROM sbtest5 WHERE id=1799498
	Index Scan using sbtest5_pkey on sbtest5  (cost=0.43..8.45 rows=1 width=121)
	  Index Cond: (id = 1799498)

table 6 : explain SELECT c FROM sbtest6 WHERE id=7518210
	Index Scan using sbtest6_pkey on sbtest6  (cost=0.43..8.45 rows=1 width=121)
	  Index Cond: (id = 7518210)

table 7 : explain SELECT c FROM sbtest7 WHERE id=3944431
	Index Scan using sbtest7_pkey on sbtest7  (cost=0.43..8.45 rows=1 width=121)
	  Index Cond: (id = 3944431)

table 8 : explain SELECT c FROM sbtest8 WHERE id=8606530
	Index Scan using sbtest8_pkey on sbtest8  (cost=0.43..8.45 rows=1 width=121)
	  Index Cond: (id = 8606530)

for point_selects
table 1 : explain SELECT c FROM sbtest1 WHERE id=227892
	Index Scan using sbtest1_pkey on sbtest1  (cost=0.43..8.45 rows=1 width=121)
	  Index Cond: (id = 227892)

table 2 : explain SELECT c FROM sbtest2 WHERE id=7438187
	Index Scan using sbtest2_pkey on sbtest2  (cost=0.43..8.45 rows=1 width=121)
	  Index Cond: (id = 7438187)

table 3 : explain SELECT c FROM sbtest3 WHERE id=2045981
	Index Scan using sbtest3_pkey on sbtest3  (cost=0.43..8.45 rows=1 width=121)
	  Index Cond: (id = 2045981)

table 4 : explain SELECT c FROM sbtest4 WHERE id=4889523
	Index Scan using sbtest4_pkey on sbtest4  (cost=0.43..8.45 rows=1 width=121)
	  Index Cond: (id = 4889523)

table 5 : explain SELECT c FROM sbtest5 WHERE id=1252482
	Index Scan using sbtest5_pkey on sbtest5  (cost=0.43..8.45 rows=1 width=121)
	  Index Cond: (id = 1252482)

table 6 : explain SELECT c FROM sbtest6 WHERE id=953131
	Index Scan using sbtest6_pkey on sbtest6  (cost=0.43..8.45 rows=1 width=121)
	  Index Cond: (id = 953131)

table 7 : explain SELECT c FROM sbtest7 WHERE id=4466272
	Index Scan using sbtest7_pkey on sbtest7  (cost=0.43..8.45 rows=1 width=121)
	  Index Cond: (id = 4466272)

table 8 : explain SELECT c FROM sbtest8 WHERE id=2600461
	Index Scan using sbtest8_pkey on sbtest8  (cost=0.43..8.45 rows=1 width=121)
	  Index Cond: (id = 2600461)

explain: for point_selects :: explain SELECT c FROM sbtest%u WHERE id=%u
for: simple_ranges
table 1 : explain SELECT c FROM sbtest1 WHERE id BETWEEN 7822878 AND 7822977
	Index Scan using sbtest1_pkey on sbtest1  (cost=0.43..404.91 rows=102 width=121)
	  Index Cond: ((id >= 7822878) AND (id <= 7822977))

table 2 : explain SELECT c FROM sbtest2 WHERE id BETWEEN 113682 AND 113781
	Index Scan using sbtest2_pkey on sbtest2  (cost=0.43..439.92 rows=111 width=121)
	  Index Cond: ((id >= 113682) AND (id <= 113781))

table 3 : explain SELECT c FROM sbtest3 WHERE id BETWEEN 639959 AND 640058
	Index Scan using sbtest3_pkey on sbtest3  (cost=0.43..402.41 rows=101 width=121)
	  Index Cond: ((id >= 639959) AND (id <= 640058))

table 4 : explain SELECT c FROM sbtest4 WHERE id BETWEEN 6682939 AND 6683038
	Index Scan using sbtest4_pkey on sbtest4  (cost=0.43..354.95 rows=89 width=121)
	  Index Cond: ((id >= 6682939) AND (id <= 6683038))

table 5 : explain SELECT c FROM sbtest5 WHERE id BETWEEN 2287298 AND 2287397
	Index Scan using sbtest5_pkey on sbtest5  (cost=0.43..396.18 rows=100 width=121)
	  Index Cond: ((id >= 2287298) AND (id <= 2287397))

table 6 : explain SELECT c FROM sbtest6 WHERE id BETWEEN 4989470 AND 4989569
	Index Scan using sbtest6_pkey on sbtest6  (cost=0.43..373.64 rows=94 width=121)
	  Index Cond: ((id >= 4989470) AND (id <= 4989569))

table 7 : explain SELECT c FROM sbtest7 WHERE id BETWEEN 1615386 AND 1615485
	Index Scan using sbtest7_pkey on sbtest7  (cost=0.43..423.96 rows=107 width=121)
	  Index Cond: ((id >= 1615386) AND (id <= 1615485))

table 8 : explain SELECT c FROM sbtest8 WHERE id BETWEEN 2516997 AND 2517096
	Index Scan using sbtest8_pkey on sbtest8  (cost=0.43..432.35 rows=109 width=121)
	  Index Cond: ((id >= 2516997) AND (id <= 2517096))

for: order_ranges
table 1 : explain SELECT c FROM sbtest1 WHERE id BETWEEN 4785632 AND 4785731 ORDER BY c
	Sort  (cost=384.50..384.74 rows=96 width=121)
	  Sort Key: c
	  ->  Index Scan using sbtest1_pkey on sbtest1  (cost=0.43..381.34 rows=96 width=121)
	        Index Cond: ((id >= 4785632) AND (id <= 4785731))

table 2 : explain SELECT c FROM sbtest2 WHERE id BETWEEN 4032469 AND 4032568 ORDER BY c
	Sort  (cost=408.02..408.28 rows=102 width=121)
	  Sort Key: c
	  ->  Index Scan using sbtest2_pkey on sbtest2  (cost=0.43..404.62 rows=102 width=121)
	        Index Cond: ((id >= 4032469) AND (id <= 4032568))

table 3 : explain SELECT c FROM sbtest3 WHERE id BETWEEN 4271016 AND 4271115 ORDER BY c
	Sort  (cost=361.98..362.21 rows=90 width=121)
	  Sort Key: c
	  ->  Index Scan using sbtest3_pkey on sbtest3  (cost=0.43..359.06 rows=90 width=121)
	        Index Cond: ((id >= 4271016) AND (id <= 4271115))

table 4 : explain SELECT c FROM sbtest4 WHERE id BETWEEN 6572185 AND 6572284 ORDER BY c
	Sort  (cost=461.27..461.56 rows=115 width=121)
	  Sort Key: c
	  ->  Index Scan using sbtest4_pkey on sbtest4  (cost=0.43..457.34 rows=115 width=121)
	        Index Cond: ((id >= 6572185) AND (id <= 6572284))

table 5 : explain SELECT c FROM sbtest5 WHERE id BETWEEN 2518129 AND 2518228 ORDER BY c
	Sort  (cost=379.72..379.96 rows=95 width=121)
	  Sort Key: c
	  ->  Index Scan using sbtest5_pkey on sbtest5  (cost=0.43..376.60 rows=95 width=121)
	        Index Cond: ((id >= 2518129) AND (id <= 2518228))

table 6 : explain SELECT c FROM sbtest6 WHERE id BETWEEN 2705465 AND 2705564 ORDER BY c
	Sort  (cost=412.42..412.68 rows=103 width=121)
	  Sort Key: c
	  ->  Index Scan using sbtest6_pkey on sbtest6  (cost=0.43..408.98 rows=103 width=121)
	        Index Cond: ((id >= 2705465) AND (id <= 2705564))

table 7 : explain SELECT c FROM sbtest7 WHERE id BETWEEN 2908259 AND 2908358 ORDER BY c
	Sort  (cost=431.52..431.79 rows=108 width=121)
	  Sort Key: c
	  ->  Index Scan using sbtest7_pkey on sbtest7  (cost=0.43..427.88 rows=108 width=121)
	        Index Cond: ((id >= 2908259) AND (id <= 2908358))

table 8 : explain SELECT c FROM sbtest8 WHERE id BETWEEN 7903376 AND 7903475 ORDER BY c
	Sort  (cost=384.49..384.73 rows=96 width=121)
	  Sort Key: c
	  ->  Index Scan using sbtest8_pkey on sbtest8  (cost=0.43..381.33 rows=96 width=121)
	        Index Cond: ((id >= 7903376) AND (id <= 7903475))

for point_selects
table 1 : explain SELECT c FROM sbtest1 WHERE id=1535840
	Index Scan using sbtest1_pkey on sbtest1  (cost=0.43..8.45 rows=1 width=121)
	  Index Cond: (id = 1535840)

table 2 : explain SELECT c FROM sbtest2 WHERE id=232372
	Index Scan using sbtest2_pkey on sbtest2  (cost=0.43..8.45 rows=1 width=121)
	  Index Cond: (id = 232372)

table 3 : explain SELECT c FROM sbtest3 WHERE id=6190778
	Index Scan using sbtest3_pkey on sbtest3  (cost=0.43..8.45 rows=1 width=121)
	  Index Cond: (id = 6190778)

table 4 : explain SELECT c FROM sbtest4 WHERE id=9861539
	Index Scan using sbtest4_pkey on sbtest4  (cost=0.43..8.45 rows=1 width=121)
	  Index Cond: (id = 9861539)

table 5 : explain SELECT c FROM sbtest5 WHERE id=8286563
	Index Scan using sbtest5_pkey on sbtest5  (cost=0.43..8.45 rows=1 width=121)
	  Index Cond: (id = 8286563)

table 6 : explain SELECT c FROM sbtest6 WHERE id=8310402
	Index Scan using sbtest6_pkey on sbtest6  (cost=0.43..8.45 rows=1 width=121)
	  Index Cond: (id = 8310402)

table 7 : explain SELECT c FROM sbtest7 WHERE id=4111854
	Index Scan using sbtest7_pkey on sbtest7  (cost=0.43..8.45 rows=1 width=121)
	  Index Cond: (id = 4111854)

table 8 : explain SELECT c FROM sbtest8 WHERE id=2070704
	Index Scan using sbtest8_pkey on sbtest8  (cost=0.43..8.45 rows=1 width=121)
	  Index Cond: (id = 2070704)

for: order_ranges
table 1 : explain SELECT c FROM sbtest1 WHERE id BETWEEN 2414404 AND 2414503 ORDER BY c
	Sort  (cost=400.38..400.63 rows=100 width=121)
	  Sort Key: c
	  ->  Index Scan using sbtest1_pkey on sbtest1  (cost=0.43..397.06 rows=100 width=121)
	        Index Cond: ((id >= 2414404) AND (id <= 2414503))

table 2 : explain SELECT c FROM sbtest2 WHERE id BETWEEN 6449782 AND 6449881 ORDER BY c
	Sort  (cost=396.14..396.39 rows=99 width=121)
	  Sort Key: c
	  ->  Index Scan using sbtest2_pkey on sbtest2  (cost=0.43..392.86 rows=99 width=121)
	        Index Cond: ((id >= 6449782) AND (id <= 6449881))

table 3 : explain SELECT c FROM sbtest3 WHERE id BETWEEN 1891116 AND 1891215 ORDER BY c
	Sort  (cost=397.81..398.06 rows=99 width=121)
	  Sort Key: c
	  ->  Index Scan using sbtest3_pkey on sbtest3  (cost=0.43..394.53 rows=99 width=121)
	        Index Cond: ((id >= 1891116) AND (id <= 1891215))

table 4 : explain SELECT c FROM sbtest4 WHERE id BETWEEN 7881820 AND 7881919 ORDER BY c
	Sort  (cost=385.69..385.93 rows=96 width=121)
	  Sort Key: c
	  ->  Index Scan using sbtest4_pkey on sbtest4  (cost=0.43..382.53 rows=96 width=121)
	        Index Cond: ((id >= 7881820) AND (id <= 7881919))

table 5 : explain SELECT c FROM sbtest5 WHERE id BETWEEN 406143 AND 406242 ORDER BY c
	Sort  (cost=355.96..356.18 rows=89 width=121)
	  Sort Key: c
	  ->  Index Scan using sbtest5_pkey on sbtest5  (cost=0.43..353.08 rows=89 width=121)
	        Index Cond: ((id >= 406143) AND (id <= 406242))

table 6 : explain SELECT c FROM sbtest6 WHERE id BETWEEN 7512871 AND 7512970 ORDER BY c
	Sort  (cost=380.69..380.93 rows=95 width=121)
	  Sort Key: c
	  ->  Index Scan using sbtest6_pkey on sbtest6  (cost=0.43..377.57 rows=95 width=121)
	        Index Cond: ((id >= 7512871) AND (id <= 7512970))

table 7 : explain SELECT c FROM sbtest7 WHERE id BETWEEN 8324141 AND 8324240 ORDER BY c
	Sort  (cost=372.13..372.36 rows=93 width=121)
	  Sort Key: c
	  ->  Index Scan using sbtest7_pkey on sbtest7  (cost=0.43..369.09 rows=93 width=121)
	        Index Cond: ((id >= 8324141) AND (id <= 8324240))

table 8 : explain SELECT c FROM sbtest8 WHERE id BETWEEN 8497555 AND 8497654 ORDER BY c
	Sort  (cost=376.56..376.80 rows=94 width=121)
	  Sort Key: c
	  ->  Index Scan using sbtest8_pkey on sbtest8  (cost=0.43..373.48 rows=94 width=121)
	        Index Cond: ((id >= 8497555) AND (id <= 8497654))

for: distinct_ranges
table 1 : explain SELECT DISTINCT c FROM sbtest1 WHERE id BETWEEN 8692112 AND 8692211 ORDER BY c
	Unique  (cost=420.21..420.73 rows=105 width=121)
	  ->  Sort  (cost=420.21..420.47 rows=105 width=121)
	        Sort Key: c
	        ->  Index Scan using sbtest1_pkey on sbtest1  (cost=0.43..416.68 rows=105 width=121)
	              Index Cond: ((id >= 8692112) AND (id <= 8692211))

table 2 : explain SELECT DISTINCT c FROM sbtest2 WHERE id BETWEEN 3584829 AND 3584928 ORDER BY c
	Unique  (cost=396.14..396.63 rows=99 width=121)
	  ->  Sort  (cost=396.14..396.39 rows=99 width=121)
	        Sort Key: c
	        ->  Index Scan using sbtest2_pkey on sbtest2  (cost=0.43..392.86 rows=99 width=121)
	              Index Cond: ((id >= 3584829) AND (id <= 3584928))

table 3 : explain SELECT DISTINCT c FROM sbtest3 WHERE id BETWEEN 527494 AND 527593 ORDER BY c
	Unique  (cost=417.71..418.23 rows=104 width=121)
	  ->  Sort  (cost=417.71..417.97 rows=104 width=121)
	        Sort Key: c
	        ->  Index Scan using sbtest3_pkey on sbtest3  (cost=0.43..414.23 rows=104 width=121)
	              Index Cond: ((id >= 527494) AND (id <= 527593))

table 4 : explain SELECT DISTINCT c FROM sbtest4 WHERE id BETWEEN 4041966 AND 4042065 ORDER BY c
	Unique  (cost=385.69..386.17 rows=96 width=121)
	  ->  Sort  (cost=385.69..385.93 rows=96 width=121)
	        Sort Key: c
	        ->  Index Scan using sbtest4_pkey on sbtest4  (cost=0.43..382.53 rows=96 width=121)
	              Index Cond: ((id >= 4041966) AND (id <= 4042065))

table 5 : explain SELECT DISTINCT c FROM sbtest5 WHERE id BETWEEN 3495962 AND 3496061 ORDER BY c
	Unique  (cost=391.59..392.08 rows=98 width=121)
	  ->  Sort  (cost=391.59..391.83 rows=98 width=121)
	        Sort Key: c
	        ->  Index Scan using sbtest5_pkey on sbtest5  (cost=0.43..388.34 rows=98 width=121)
	              Index Cond: ((id >= 3495962) AND (id <= 3496061))

table 6 : explain SELECT DISTINCT c FROM sbtest6 WHERE id BETWEEN 4631561 AND 4631660 ORDER BY c
	Unique  (cost=384.66..385.14 rows=96 width=121)
	  ->  Sort  (cost=384.66..384.90 rows=96 width=121)
	        Sort Key: c
	        ->  Index Scan using sbtest6_pkey on sbtest6  (cost=0.43..381.50 rows=96 width=121)
	              Index Cond: ((id >= 4631561) AND (id <= 4631660))

table 7 : explain SELECT DISTINCT c FROM sbtest7 WHERE id BETWEEN 322457 AND 322556 ORDER BY c
	Unique  (cost=372.13..372.59 rows=93 width=121)
	  ->  Sort  (cost=372.13..372.36 rows=93 width=121)
	        Sort Key: c
	        ->  Index Scan using sbtest7_pkey on sbtest7  (cost=0.43..369.09 rows=93 width=121)
	              Index Cond: ((id >= 322457) AND (id <= 322556))

table 8 : explain SELECT DISTINCT c FROM sbtest8 WHERE id BETWEEN 1746609 AND 1746708 ORDER BY c
	Unique  (cost=420.18..420.70 rows=105 width=121)
	  ->  Sort  (cost=420.18..420.44 rows=105 width=121)
	        Sort Key: c
	        ->  Index Scan using sbtest8_pkey on sbtest8  (cost=0.43..416.65 rows=105 width=121)
	              Index Cond: ((id >= 1746609) AND (id <= 1746708))

for: simple_ranges
table 1 : explain SELECT c FROM sbtest1 WHERE id BETWEEN 7213234 AND 7213333
	Index Scan using sbtest1_pkey on sbtest1  (cost=0.43..373.49 rows=94 width=121)
	  Index Cond: ((id >= 7213234) AND (id <= 7213333))

table 2 : explain SELECT c FROM sbtest2 WHERE id BETWEEN 3092126 AND 3092225
	Index Scan using sbtest2_pkey on sbtest2  (cost=0.43..369.30 rows=93 width=121)
	  Index Cond: ((id >= 3092126) AND (id <= 3092225))

table 3 : explain SELECT c FROM sbtest3 WHERE id BETWEEN 4771604 AND 4771703
	Index Scan using sbtest3_pkey on sbtest3  (cost=0.43..390.59 rows=98 width=121)
	  Index Cond: ((id >= 4771604) AND (id <= 4771703))

table 4 : explain SELECT c FROM sbtest4 WHERE id BETWEEN 4081789 AND 4081888
	Index Scan using sbtest4_pkey on sbtest4  (cost=0.43..437.65 rows=110 width=121)
	  Index Cond: ((id >= 4081789) AND (id <= 4081888))

table 5 : explain SELECT c FROM sbtest5 WHERE id BETWEEN 6746147 AND 6746246
	Index Scan using sbtest5_pkey on sbtest5  (cost=0.43..392.26 rows=99 width=121)
	  Index Cond: ((id >= 6746147) AND (id <= 6746246))

table 6 : explain SELECT c FROM sbtest6 WHERE id BETWEEN 9123402 AND 9123501
	Index Scan using sbtest6_pkey on sbtest6  (cost=0.43..393.27 rows=99 width=121)
	  Index Cond: ((id >= 9123402) AND (id <= 9123501))

table 7 : explain SELECT c FROM sbtest7 WHERE id BETWEEN 8669261 AND 8669360
	Index Scan using sbtest7_pkey on sbtest7  (cost=0.43..373.01 rows=94 width=121)
	  Index Cond: ((id >= 8669261) AND (id <= 8669360))

table 8 : explain SELECT c FROM sbtest8 WHERE id BETWEEN 7789501 AND 7789600
	Index Scan using sbtest8_pkey on sbtest8  (cost=0.43..440.20 rows=111 width=121)
	  Index Cond: ((id >= 7789501) AND (id <= 7789600))

for: simple_ranges
table 1 : explain SELECT c FROM sbtest1 WHERE id BETWEEN 3239964 AND 3240063
	Index Scan using sbtest1_pkey on sbtest1  (cost=0.43..400.98 rows=101 width=121)
	  Index Cond: ((id >= 3239964) AND (id <= 3240063))

table 2 : explain SELECT c FROM sbtest2 WHERE id BETWEEN 9166409 AND 9166508
	Index Scan using sbtest2_pkey on sbtest2  (cost=0.43..416.39 rows=105 width=121)
	  Index Cond: ((id >= 9166409) AND (id <= 9166508))

table 3 : explain SELECT c FROM sbtest3 WHERE id BETWEEN 2399207 AND 2399306
	Index Scan using sbtest3_pkey on sbtest3  (cost=0.43..414.23 rows=104 width=121)
	  Index Cond: ((id >= 2399207) AND (id <= 2399306))

table 4 : explain SELECT c FROM sbtest4 WHERE id BETWEEN 3522574 AND 3522673
	Index Scan using sbtest4_pkey on sbtest4  (cost=0.43..394.35 rows=99 width=121)
	  Index Cond: ((id >= 3522574) AND (id <= 3522673))

table 5 : explain SELECT c FROM sbtest5 WHERE id BETWEEN 906923 AND 907022
	Index Scan using sbtest5_pkey on sbtest5  (cost=0.43..388.34 rows=98 width=121)
	  Index Cond: ((id >= 906923) AND (id <= 907022))

table 6 : explain SELECT c FROM sbtest6 WHERE id BETWEEN 8876682 AND 8876781
	Index Scan using sbtest6_pkey on sbtest6  (cost=0.43..424.68 rows=107 width=121)
	  Index Cond: ((id >= 8876682) AND (id <= 8876781))

table 7 : explain SELECT c FROM sbtest7 WHERE id BETWEEN 463197 AND 463296
	Index Scan using sbtest7_pkey on sbtest7  (cost=0.43..376.93 rows=95 width=121)
	  Index Cond: ((id >= 463197) AND (id <= 463296))

table 8 : explain SELECT c FROM sbtest8 WHERE id BETWEEN 9366065 AND 9366164
	Index Scan using sbtest8_pkey on sbtest8  (cost=0.43..424.50 rows=107 width=121)
	  Index Cond: ((id >= 9366065) AND (id <= 9366164))

for: distinct_ranges
table 1 : explain SELECT DISTINCT c FROM sbtest1 WHERE id BETWEEN 1486156 AND 1486255 ORDER BY c
	Unique  (cost=396.41..396.91 rows=99 width=121)
	  ->  Sort  (cost=396.41..396.66 rows=99 width=121)
	        Sort Key: c
	        ->  Index Scan using sbtest1_pkey on sbtest1  (cost=0.43..393.13 rows=99 width=121)
	              Index Cond: ((id >= 1486156) AND (id <= 1486255))

table 2 : explain SELECT DISTINCT c FROM sbtest2 WHERE id BETWEEN 8092934 AND 8093033 ORDER BY c
	Unique  (cost=372.34..372.81 rows=93 width=121)
	  ->  Sort  (cost=372.34..372.57 rows=93 width=121)
	        Sort Key: c
	        ->  Index Scan using sbtest2_pkey on sbtest2  (cost=0.43..369.30 rows=93 width=121)
	              Index Cond: ((id >= 8092934) AND (id <= 8093033))

table 3 : explain SELECT DISTINCT c FROM sbtest3 WHERE id BETWEEN 4617237 AND 4617336 ORDER BY c
	Unique  (cost=381.88..382.35 rows=95 width=121)
	  ->  Sort  (cost=381.88..382.11 rows=95 width=121)
	        Sort Key: c
	        ->  Index Scan using sbtest3_pkey on sbtest3  (cost=0.43..378.76 rows=95 width=121)
	              Index Cond: ((id >= 4617237) AND (id <= 4617336))

table 4 : explain SELECT DISTINCT c FROM sbtest4 WHERE id BETWEEN 7114897 AND 7114996 ORDER BY c
	Unique  (cost=425.47..426.00 rows=106 width=121)
	  ->  Sort  (cost=425.47..425.73 rows=106 width=121)
	        Sort Key: c
	        ->  Index Scan using sbtest4_pkey on sbtest4  (cost=0.43..421.90 rows=106 width=121)
	              Index Cond: ((id >= 7114897) AND (id <= 7114996))

table 5 : explain SELECT DISTINCT c FROM sbtest5 WHERE id BETWEEN 8264993 AND 8265092 ORDER BY c
	Unique  (cost=371.81..372.27 rows=93 width=121)
	  ->  Sort  (cost=371.81..372.04 rows=93 width=121)
	        Sort Key: c
	        ->  Index Scan using sbtest5_pkey on sbtest5  (cost=0.43..368.77 rows=93 width=121)
	              Index Cond: ((id >= 8264993) AND (id <= 8265092))

table 6 : explain SELECT DISTINCT c FROM sbtest6 WHERE id BETWEEN 5534941 AND 5535040 ORDER BY c
	Unique  (cost=448.12..448.68 rows=112 width=121)
	  ->  Sort  (cost=448.12..448.40 rows=112 width=121)
	        Sort Key: c
	        ->  Index Scan using sbtest6_pkey on sbtest6  (cost=0.43..444.31 rows=112 width=121)
	              Index Cond: ((id >= 5534941) AND (id <= 5535040))

table 7 : explain SELECT DISTINCT c FROM sbtest7 WHERE id BETWEEN 3272040 AND 3272139 ORDER BY c
	Unique  (cost=451.32..451.89 rows=113 width=121)
	  ->  Sort  (cost=451.32..451.61 rows=113 width=121)
	        Sort Key: c
	        ->  Index Scan using sbtest7_pkey on sbtest7  (cost=0.43..447.47 rows=113 width=121)
	              Index Cond: ((id >= 3272040) AND (id <= 3272139))

table 8 : explain SELECT DISTINCT c FROM sbtest8 WHERE id BETWEEN 9931504 AND 9931603 ORDER BY c
	Unique  (cost=400.35..400.85 rows=100 width=121)
	  ->  Sort  (cost=400.35..400.60 rows=100 width=121)
	        Sort Key: c
	        ->  Index Scan using sbtest8_pkey on sbtest8  (cost=0.43..397.03 rows=100 width=121)
	              Index Cond: ((id >= 9931504) AND (id <= 9931603))

for: distinct_ranges
table 1 : explain SELECT DISTINCT c FROM sbtest1 WHERE id BETWEEN 5826199 AND 5826298 ORDER BY c
	Unique  (cost=396.41..396.91 rows=99 width=121)
	  ->  Sort  (cost=396.41..396.66 rows=99 width=121)
	        Sort Key: c
	        ->  Index Scan using sbtest1_pkey on sbtest1  (cost=0.43..393.13 rows=99 width=121)
	              Index Cond: ((id >= 5826199) AND (id <= 5826298))

table 2 : explain SELECT DISTINCT c FROM sbtest2 WHERE id BETWEEN 6155968 AND 6156067 ORDER BY c
	Unique  (cost=400.10..400.60 rows=100 width=121)
	  ->  Sort  (cost=400.10..400.35 rows=100 width=121)
	        Sort Key: c
	        ->  Index Scan using sbtest2_pkey on sbtest2  (cost=0.43..396.78 rows=100 width=121)
	              Index Cond: ((id >= 6155968) AND (id <= 6156067))

table 3 : explain SELECT DISTINCT c FROM sbtest3 WHERE id BETWEEN 2242138 AND 2242237 ORDER BY c
	Unique  (cost=401.79..402.29 rows=100 width=121)
	  ->  Sort  (cost=401.79..402.04 rows=100 width=121)
	        Sort Key: c
	        ->  Index Scan using sbtest3_pkey on sbtest3  (cost=0.43..398.47 rows=100 width=121)
	              Index Cond: ((id >= 2242138) AND (id <= 2242237))

table 4 : explain SELECT DISTINCT c FROM sbtest4 WHERE id BETWEEN 5074559 AND 5074658 ORDER BY c
	Unique  (cost=445.36..445.92 rows=111 width=121)
	  ->  Sort  (cost=445.36..445.64 rows=111 width=121)
	        Sort Key: c
	        ->  Index Scan using sbtest4_pkey on sbtest4  (cost=0.43..441.59 rows=111 width=121)
	              Index Cond: ((id >= 5074559) AND (id <= 5074658))

table 5 : explain SELECT DISTINCT c FROM sbtest5 WHERE id BETWEEN 3133102 AND 3133201 ORDER BY c
	Unique  (cost=415.32..415.84 rows=104 width=121)
	  ->  Sort  (cost=415.32..415.58 rows=104 width=121)
	        Sort Key: c
	        ->  Index Scan using sbtest5_pkey on sbtest5  (cost=0.43..411.84 rows=104 width=121)
	              Index Cond: ((id >= 3133102) AND (id <= 3133201))

table 6 : explain SELECT DISTINCT c FROM sbtest6 WHERE id BETWEEN 9013488 AND 9013587 ORDER BY c
	Unique  (cost=440.19..440.74 rows=110 width=121)
	  ->  Sort  (cost=440.19..440.47 rows=110 width=121)
	        Sort Key: c
	        ->  Index Scan using sbtest6_pkey on sbtest6  (cost=0.43..436.46 rows=110 width=121)
	              Index Cond: ((id >= 9013488) AND (id <= 9013587))

table 7 : explain SELECT DISTINCT c FROM sbtest7 WHERE id BETWEEN 1803293 AND 1803392 ORDER BY c
	Unique  (cost=376.09..376.56 rows=94 width=121)
	  ->  Sort  (cost=376.09..376.32 rows=94 width=121)
	        Sort Key: c
	        ->  Index Scan using sbtest7_pkey on sbtest7  (cost=0.43..373.01 rows=94 width=121)
	              Index Cond: ((id >= 1803293) AND (id <= 1803392))

table 8 : explain SELECT DISTINCT c FROM sbtest8 WHERE id BETWEEN 3061442 AND 3061541 ORDER BY c
	Unique  (cost=396.39..396.88 rows=99 width=121)
	  ->  Sort  (cost=396.39..396.63 rows=99 width=121)
	        Sort Key: c
	        ->  Index Scan using sbtest8_pkey on sbtest8  (cost=0.43..393.10 rows=99 width=121)
	              Index Cond: ((id >= 3061442) AND (id <= 3061541))

explain: for point_selects :: explain SELECT c FROM sbtest%u WHERE id=%u
for: simple_ranges
table 1 : explain SELECT c FROM sbtest1 WHERE id BETWEEN 7926528 AND 7926627
	Index Scan using sbtest1_pkey on sbtest1  (cost=0.43..424.53 rows=107 width=121)
	  Index Cond: ((id >= 7926528) AND (id <= 7926627))

table 2 : explain SELECT c FROM sbtest2 WHERE id BETWEEN 5479548 AND 5479647
	Index Scan using sbtest2_pkey on sbtest2  (cost=0.43..361.46 rows=91 width=121)
	  Index Cond: ((id >= 5479548) AND (id <= 5479647))

table 3 : explain SELECT c FROM sbtest3 WHERE id BETWEEN 6802669 AND 6802768
	Index Scan using sbtest3_pkey on sbtest3  (cost=0.43..390.59 rows=98 width=121)
	  Index Cond: ((id >= 6802669) AND (id <= 6802768))

table 4 : explain SELECT c FROM sbtest4 WHERE id BETWEEN 11813 AND 11912
	Index Scan using sbtest4_pkey on sbtest4  (cost=0.43..398.28 rows=100 width=121)
	  Index Cond: ((id >= 11813) AND (id <= 11912))

table 5 : explain SELECT c FROM sbtest5 WHERE id BETWEEN 974017 AND 974116
	Index Scan using sbtest5_pkey on sbtest5  (cost=0.43..427.50 rows=108 width=121)
	  Index Cond: ((id >= 974017) AND (id <= 974116))

table 6 : explain SELECT c FROM sbtest6 WHERE id BETWEEN 6752622 AND 6752721
	Index Scan using sbtest6_pkey on sbtest6  (cost=0.43..393.27 rows=99 width=121)
	  Index Cond: ((id >= 6752622) AND (id <= 6752721))

table 7 : explain SELECT c FROM sbtest7 WHERE id BETWEEN 7262641 AND 7262740
	Index Scan using sbtest7_pkey on sbtest7  (cost=0.43..400.44 rows=101 width=121)
	  Index Cond: ((id >= 7262641) AND (id <= 7262740))

table 8 : explain SELECT c FROM sbtest8 WHERE id BETWEEN 7854328 AND 7854427
	Index Scan using sbtest8_pkey on sbtest8  (cost=0.43..381.33 rows=96 width=121)
	  Index Cond: ((id >= 7854328) AND (id <= 7854427))

explain: for point_selects :: explain SELECT c FROM sbtest%u WHERE id=%u
for: sum_ranges
table 1 : explain SELECT SUM(k) FROM sbtest1 WHERE id BETWEEN 8514680 AND 8514779
	Aggregate  (cost=369.79..369.80 rows=1 width=8)
	  ->  Index Scan using sbtest1_pkey on sbtest1  (cost=0.43..369.56 rows=93 width=4)
	        Index Cond: ((id >= 8514680) AND (id <= 8514779))

table 2 : explain SELECT SUM(k) FROM sbtest2 WHERE id BETWEEN 6061357 AND 6061456
	Aggregate  (cost=412.73..412.74 rows=1 width=8)
	  ->  Index Scan using sbtest2_pkey on sbtest2  (cost=0.43..412.47 rows=104 width=4)
	        Index Cond: ((id >= 6061357) AND (id <= 6061456))

table 3 : explain SELECT SUM(k) FROM sbtest3 WHERE id BETWEEN 8693158 AND 8693257
	Aggregate  (cost=414.49..414.50 rows=1 width=8)
	  ->  Index Scan using sbtest3_pkey on sbtest3  (cost=0.43..414.23 rows=104 width=4)
	        Index Cond: ((id >= 8693158) AND (id <= 8693257))

table 4 : explain SELECT SUM(k) FROM sbtest4 WHERE id BETWEEN 7411893 AND 7411992
	Aggregate  (cost=406.41..406.42 rows=1 width=8)
	  ->  Index Scan using sbtest4_pkey on sbtest4  (cost=0.43..406.16 rows=102 width=4)
	        Index Cond: ((id >= 7411893) AND (id <= 7411992))

table 5 : explain SELECT SUM(k) FROM sbtest5 WHERE id BETWEEN 9983291 AND 9983390
	Aggregate  (cost=376.84..376.85 rows=1 width=8)
	  ->  Index Scan using sbtest5_pkey on sbtest5  (cost=0.43..376.60 rows=95 width=4)
	        Index Cond: ((id >= 9983291) AND (id <= 9983390))

table 6 : explain SELECT SUM(k) FROM sbtest6 WHERE id BETWEEN 1150310 AND 1150409
	Aggregate  (cost=397.45..397.46 rows=1 width=8)
	  ->  Index Scan using sbtest6_pkey on sbtest6  (cost=0.43..397.20 rows=100 width=4)
	        Index Cond: ((id >= 1150310) AND (id <= 1150409))

table 7 : explain SELECT SUM(k) FROM sbtest7 WHERE id BETWEEN 6034798 AND 6034897
	Aggregate  (cost=408.54..408.55 rows=1 width=8)
	  ->  Index Scan using sbtest7_pkey on sbtest7  (cost=0.43..408.28 rows=103 width=4)
	        Index Cond: ((id >= 6034798) AND (id <= 6034897))

table 8 : explain SELECT SUM(k) FROM sbtest8 WHERE id BETWEEN 5363842 AND 5363941
	Aggregate  (cost=397.28..397.29 rows=1 width=8)
	  ->  Index Scan using sbtest8_pkey on sbtest8  (cost=0.43..397.03 rows=100 width=4)
	        Index Cond: ((id >= 5363842) AND (id <= 5363941))

for: distinct_ranges
table 1 : explain SELECT DISTINCT c FROM sbtest1 WHERE id BETWEEN 618846 AND 618945 ORDER BY c
	Unique  (cost=428.14..428.67 rows=107 width=121)
	  ->  Sort  (cost=428.14..428.40 rows=107 width=121)
	        Sort Key: c
	        ->  Index Scan using sbtest1_pkey on sbtest1  (cost=0.43..424.53 rows=107 width=121)
	              Index Cond: ((id >= 618846) AND (id <= 618945))

table 2 : explain SELECT DISTINCT c FROM sbtest2 WHERE id BETWEEN 6981962 AND 6982061 ORDER BY c
	Unique  (cost=384.25..384.73 rows=96 width=121)
	  ->  Sort  (cost=384.25..384.49 rows=96 width=121)
	        Sort Key: c
	        ->  Index Scan using sbtest2_pkey on sbtest2  (cost=0.43..381.09 rows=96 width=121)
	              Index Cond: ((id >= 6981962) AND (id <= 6982061))

table 3 : explain SELECT DISTINCT c FROM sbtest3 WHERE id BETWEEN 9843572 AND 9843671 ORDER BY c
	Unique  (cost=413.73..414.25 rows=103 width=121)
	  ->  Sort  (cost=413.73..413.99 rows=103 width=121)
	        Sort Key: c
	        ->  Index Scan using sbtest3_pkey on sbtest3  (cost=0.43..410.29 rows=103 width=121)
	              Index Cond: ((id >= 9843572) AND (id <= 9843671))

table 4 : explain SELECT DISTINCT c FROM sbtest4 WHERE id BETWEEN 4190446 AND 4190545 ORDER BY c
	Unique  (cost=429.45..429.98 rows=107 width=121)
	  ->  Sort  (cost=429.45..429.72 rows=107 width=121)
	        Sort Key: c
	        ->  Index Scan using sbtest4_pkey on sbtest4  (cost=0.43..425.84 rows=107 width=121)
	              Index Cond: ((id >= 4190446) AND (id <= 4190545))

table 5 : explain SELECT DISTINCT c FROM sbtest5 WHERE id BETWEEN 4962387 AND 4962486 ORDER BY c
	Unique  (cost=379.72..380.19 rows=95 width=121)
	  ->  Sort  (cost=379.72..379.96 rows=95 width=121)
	        Sort Key: c
	        ->  Index Scan using sbtest5_pkey on sbtest5  (cost=0.43..376.60 rows=95 width=121)
	              Index Cond: ((id >= 4962387) AND (id <= 4962486))

table 6 : explain SELECT DISTINCT c FROM sbtest6 WHERE id BETWEEN 5608819 AND 5608918 ORDER BY c
	Unique  (cost=364.80..365.26 rows=91 width=121)
	  ->  Sort  (cost=364.80..365.03 rows=91 width=121)
	        Sort Key: c
	        ->  Index Scan using sbtest6_pkey on sbtest6  (cost=0.43..361.84 rows=91 width=121)
	              Index Cond: ((id >= 5608819) AND (id <= 5608918))

table 7 : explain SELECT DISTINCT c FROM sbtest7 WHERE id BETWEEN 1892216 AND 1892315 ORDER BY c
	Unique  (cost=427.56..428.10 rows=107 width=121)
	  ->  Sort  (cost=427.56..427.83 rows=107 width=121)
	        Sort Key: c
	        ->  Index Scan using sbtest7_pkey on sbtest7  (cost=0.43..423.96 rows=107 width=121)
	              Index Cond: ((id >= 1892216) AND (id <= 1892315))

table 8 : explain SELECT DISTINCT c FROM sbtest8 WHERE id BETWEEN 6733385 AND 6733484 ORDER BY c
	Unique  (cost=424.14..424.67 rows=106 width=121)
	  ->  Sort  (cost=424.14..424.41 rows=106 width=121)
	        Sort Key: c
	        ->  Index Scan using sbtest8_pkey on sbtest8  (cost=0.43..420.57 rows=106 width=121)
	              Index Cond: ((id >= 6733385) AND (id <= 6733484))

for: sum_ranges
table 1 : explain SELECT SUM(k) FROM sbtest1 WHERE id BETWEEN 7886566 AND 7886665
	Aggregate  (cost=405.16..405.17 rows=1 width=8)
	  ->  Index Scan using sbtest1_pkey on sbtest1  (cost=0.43..404.91 rows=102 width=4)
	        Index Cond: ((id >= 7886566) AND (id <= 7886665))

table 2 : explain SELECT SUM(k) FROM sbtest2 WHERE id BETWEEN 4172813 AND 4172912
	Aggregate  (cost=373.46..373.47 rows=1 width=8)
	  ->  Index Scan using sbtest2_pkey on sbtest2  (cost=0.43..373.22 rows=94 width=4)
	        Index Cond: ((id >= 4172813) AND (id <= 4172912))

table 3 : explain SELECT SUM(k) FROM sbtest3 WHERE id BETWEEN 3612835 AND 3612934
	Aggregate  (cost=402.66..402.67 rows=1 width=8)
	  ->  Index Scan using sbtest3_pkey on sbtest3  (cost=0.43..402.41 rows=101 width=4)
	        Index Cond: ((id >= 3612835) AND (id <= 3612934))

table 4 : explain SELECT SUM(k) FROM sbtest4 WHERE id BETWEEN 7291996 AND 7292095
	Aggregate  (cost=445.81..445.82 rows=1 width=8)
	  ->  Index Scan using sbtest4_pkey on sbtest4  (cost=0.43..445.53 rows=112 width=4)
	        Index Cond: ((id >= 7291996) AND (id <= 7292095))

table 5 : explain SELECT SUM(k) FROM sbtest5 WHERE id BETWEEN 4680899 AND 4680998
	Aggregate  (cost=435.61..435.62 rows=1 width=8)
	  ->  Index Scan using sbtest5_pkey on sbtest5  (cost=0.43..435.33 rows=110 width=4)
	        Index Cond: ((id >= 4680899) AND (id <= 4680998))

table 6 : explain SELECT SUM(k) FROM sbtest6 WHERE id BETWEEN 5414587 AND 5414686
	Aggregate  (cost=413.16..413.17 rows=1 width=8)
	  ->  Index Scan using sbtest6_pkey on sbtest6  (cost=0.43..412.90 rows=104 width=4)
	        Index Cond: ((id >= 5414587) AND (id <= 5414686))

table 7 : explain SELECT SUM(k) FROM sbtest7 WHERE id BETWEEN 435523 AND 435622
	Aggregate  (cost=377.16..377.17 rows=1 width=8)
	  ->  Index Scan using sbtest7_pkey on sbtest7  (cost=0.43..376.93 rows=95 width=4)
	        Index Cond: ((id >= 435523) AND (id <= 435622))

table 8 : explain SELECT SUM(k) FROM sbtest8 WHERE id BETWEEN 618385 AND 618484
	Aggregate  (cost=354.06..354.07 rows=1 width=8)
	  ->  Index Scan using sbtest8_pkey on sbtest8  (cost=0.43..353.84 rows=89 width=4)
	        Index Cond: ((id >= 618385) AND (id <= 618484))

for: distinct_ranges
table 1 : explain SELECT DISTINCT c FROM sbtest1 WHERE id BETWEEN 6733653 AND 6733752 ORDER BY c
	Unique  (cost=384.50..384.98 rows=96 width=121)
	  ->  Sort  (cost=384.50..384.74 rows=96 width=121)
	        Sort Key: c
	        ->  Index Scan using sbtest1_pkey on sbtest1  (cost=0.43..381.34 rows=96 width=121)
	              Index Cond: ((id >= 6733653) AND (id <= 6733752))

table 2 : explain SELECT DISTINCT c FROM sbtest2 WHERE id BETWEEN 1667343 AND 1667442 ORDER BY c
	Unique  (cost=431.80..432.34 rows=108 width=121)
	  ->  Sort  (cost=431.80..432.07 rows=108 width=121)
	        Sort Key: c
	        ->  Index Scan using sbtest2_pkey on sbtest2  (cost=0.43..428.15 rows=108 width=121)
	              Index Cond: ((id >= 1667343) AND (id <= 1667442))

table 3 : explain SELECT DISTINCT c FROM sbtest3 WHERE id BETWEEN 2678853 AND 2678952 ORDER BY c
	Unique  (cost=389.86..390.34 rows=97 width=121)
	  ->  Sort  (cost=389.86..390.10 rows=97 width=121)
	        Sort Key: c
	        ->  Index Scan using sbtest3_pkey on sbtest3  (cost=0.43..386.65 rows=97 width=121)
	              Index Cond: ((id >= 2678853) AND (id <= 2678952))

table 4 : explain SELECT DISTINCT c FROM sbtest4 WHERE id BETWEEN 6803899 AND 6803998 ORDER BY c
	Unique  (cost=385.69..386.17 rows=96 width=121)
	  ->  Sort  (cost=385.69..385.93 rows=96 width=121)
	        Sort Key: c
	        ->  Index Scan using sbtest4_pkey on sbtest4  (cost=0.43..382.53 rows=96 width=121)
	              Index Cond: ((id >= 6803899) AND (id <= 6803998))

table 5 : explain SELECT DISTINCT c FROM sbtest5 WHERE id BETWEEN 2496717 AND 2496816 ORDER BY c
	Unique  (cost=403.45..403.96 rows=101 width=121)
	  ->  Sort  (cost=403.45..403.71 rows=101 width=121)
	        Sort Key: c
	        ->  Index Scan using sbtest5_pkey on sbtest5  (cost=0.43..400.09 rows=101 width=121)
	              Index Cond: ((id >= 2496717) AND (id <= 2496816))

table 6 : explain SELECT DISTINCT c FROM sbtest6 WHERE id BETWEEN 9891334 AND 9891433 ORDER BY c
	Unique  (cost=416.39..416.91 rows=104 width=121)
	  ->  Sort  (cost=416.39..416.65 rows=104 width=121)
	        Sort Key: c
	        ->  Index Scan using sbtest6_pkey on sbtest6  (cost=0.43..412.90 rows=104 width=121)
	              Index Cond: ((id >= 9891334) AND (id <= 9891433))

table 7 : explain SELECT DISTINCT c FROM sbtest7 WHERE id BETWEEN 787221 AND 787320 ORDER BY c
	Unique  (cost=411.72..412.24 rows=103 width=121)
	  ->  Sort  (cost=411.72..411.98 rows=103 width=121)
	        Sort Key: c
	        ->  Index Scan using sbtest7_pkey on sbtest7  (cost=0.43..408.28 rows=103 width=121)
	              Index Cond: ((id >= 787221) AND (id <= 787320))

table 8 : explain SELECT DISTINCT c FROM sbtest8 WHERE id BETWEEN 5197154 AND 5197253 ORDER BY c
	Unique  (cost=392.42..392.91 rows=98 width=121)
	  ->  Sort  (cost=392.42..392.67 rows=98 width=121)
	        Sort Key: c
	        ->  Index Scan using sbtest8_pkey on sbtest8  (cost=0.43..389.18 rows=98 width=121)
	              Index Cond: ((id >= 5197154) AND (id <= 5197253))

for point_selects
table 1 : explain SELECT c FROM sbtest1 WHERE id=7410392
	Index Scan using sbtest1_pkey on sbtest1  (cost=0.43..8.45 rows=1 width=121)
	  Index Cond: (id = 7410392)

table 2 : explain SELECT c FROM sbtest2 WHERE id=7565028
	Index Scan using sbtest2_pkey on sbtest2  (cost=0.43..8.45 rows=1 width=121)
	  Index Cond: (id = 7565028)

table 3 : explain SELECT c FROM sbtest3 WHERE id=925822
	Index Scan using sbtest3_pkey on sbtest3  (cost=0.43..8.45 rows=1 width=121)
	  Index Cond: (id = 925822)

table 4 : explain SELECT c FROM sbtest4 WHERE id=9444292
	Index Scan using sbtest4_pkey on sbtest4  (cost=0.43..8.45 rows=1 width=121)
	  Index Cond: (id = 9444292)

table 5 : explain SELECT c FROM sbtest5 WHERE id=8686594
	Index Scan using sbtest5_pkey on sbtest5  (cost=0.43..8.45 rows=1 width=121)
	  Index Cond: (id = 8686594)

table 6 : explain SELECT c FROM sbtest6 WHERE id=7861039
	Index Scan using sbtest6_pkey on sbtest6  (cost=0.43..8.45 rows=1 width=121)
	  Index Cond: (id = 7861039)

table 7 : explain SELECT c FROM sbtest7 WHERE id=8075082
	Index Scan using sbtest7_pkey on sbtest7  (cost=0.43..8.45 rows=1 width=121)
	  Index Cond: (id = 8075082)

table 8 : explain SELECT c FROM sbtest8 WHERE id=600979
	Index Scan using sbtest8_pkey on sbtest8  (cost=0.43..8.45 rows=1 width=121)
	  Index Cond: (id = 600979)

for: distinct_ranges
table 1 : explain SELECT DISTINCT c FROM sbtest1 WHERE id BETWEEN 7222535 AND 7222634 ORDER BY c
	Unique  (cost=376.57..377.04 rows=94 width=121)
	  ->  Sort  (cost=376.57..376.80 rows=94 width=121)
	        Sort Key: c
	        ->  Index Scan using sbtest1_pkey on sbtest1  (cost=0.43..373.49 rows=94 width=121)
	              Index Cond: ((id >= 7222535) AND (id <= 7222634))

table 2 : explain SELECT DISTINCT c FROM sbtest2 WHERE id BETWEEN 3248898 AND 3248997 ORDER BY c
	Unique  (cost=423.87..424.40 rows=106 width=121)
	  ->  Sort  (cost=423.87..424.14 rows=106 width=121)
	        Sort Key: c
	        ->  Index Scan using sbtest2_pkey on sbtest2  (cost=0.43..420.31 rows=106 width=121)
	              Index Cond: ((id >= 3248898) AND (id <= 3248997))

table 3 : explain SELECT DISTINCT c FROM sbtest3 WHERE id BETWEEN 8787965 AND 8788064 ORDER BY c
	Unique  (cost=377.90..378.37 rows=94 width=121)
	  ->  Sort  (cost=377.90..378.13 rows=94 width=121)
	        Sort Key: c
	        ->  Index Scan using sbtest3_pkey on sbtest3  (cost=0.43..374.82 rows=94 width=121)
	              Index Cond: ((id >= 8787965) AND (id <= 8788064))

table 4 : explain SELECT DISTINCT c FROM sbtest4 WHERE id BETWEEN 302525 AND 302624 ORDER BY c
	Unique  (cost=421.49..422.02 rows=105 width=121)
	  ->  Sort  (cost=421.49..421.75 rows=105 width=121)
	        Sort Key: c
	        ->  Index Scan using sbtest4_pkey on sbtest4  (cost=0.43..417.97 rows=105 width=121)
	              Index Cond: ((id >= 302525) AND (id <= 302624))

table 5 : explain SELECT DISTINCT c FROM sbtest5 WHERE id BETWEEN 7154662 AND 7154761 ORDER BY c
	Unique  (cost=363.90..364.35 rows=91 width=121)
	  ->  Sort  (cost=363.90..364.12 rows=91 width=121)
	        Sort Key: c
	        ->  Index Scan using sbtest5_pkey on sbtest5  (cost=0.43..360.94 rows=91 width=121)
	              Index Cond: ((id >= 7154662) AND (id <= 7154761))

table 6 : explain SELECT DISTINCT c FROM sbtest6 WHERE id BETWEEN 7541286 AND 7541385 ORDER BY c
	Unique  (cost=376.72..377.19 rows=94 width=121)
	  ->  Sort  (cost=376.72..376.96 rows=94 width=121)
	        Sort Key: c
	        ->  Index Scan using sbtest6_pkey on sbtest6  (cost=0.43..373.64 rows=94 width=121)
	              Index Cond: ((id >= 7541286) AND (id <= 7541385))

table 7 : explain SELECT DISTINCT c FROM sbtest7 WHERE id BETWEEN 2147594 AND 2147693 ORDER BY c
	Unique  (cost=372.13..372.59 rows=93 width=121)
	  ->  Sort  (cost=372.13..372.36 rows=93 width=121)
	        Sort Key: c
	        ->  Index Scan using sbtest7_pkey on sbtest7  (cost=0.43..369.09 rows=93 width=121)
	              Index Cond: ((id >= 2147594) AND (id <= 2147693))

table 8 : explain SELECT DISTINCT c FROM sbtest8 WHERE id BETWEEN 1801910 AND 1802009 ORDER BY c
	Unique  (cost=420.18..420.70 rows=105 width=121)
	  ->  Sort  (cost=420.18..420.44 rows=105 width=121)
	        Sort Key: c
	        ->  Index Scan using sbtest8_pkey on sbtest8  (cost=0.43..416.65 rows=105 width=121)
	              Index Cond: ((id >= 1801910) AND (id <= 1802009))

for: sum_ranges
table 1 : explain SELECT SUM(k) FROM sbtest1 WHERE id BETWEEN 9704677 AND 9704776
	Aggregate  (cost=393.38..393.39 rows=1 width=8)
	  ->  Index Scan using sbtest1_pkey on sbtest1  (cost=0.43..393.13 rows=99 width=4)
	        Index Cond: ((id >= 9704677) AND (id <= 9704776))

table 2 : explain SELECT SUM(k) FROM sbtest2 WHERE id BETWEEN 1754871 AND 1754970
	Aggregate  (cost=428.42..428.43 rows=1 width=8)
	  ->  Index Scan using sbtest2_pkey on sbtest2  (cost=0.43..428.15 rows=108 width=4)
	        Index Cond: ((id >= 1754871) AND (id <= 1754970))

table 3 : explain SELECT SUM(k) FROM sbtest3 WHERE id BETWEEN 1244779 AND 1244878
	Aggregate  (cost=410.55..410.56 rows=1 width=8)
	  ->  Index Scan using sbtest3_pkey on sbtest3  (cost=0.43..410.29 rows=103 width=4)
	        Index Cond: ((id >= 1244779) AND (id <= 1244878))

table 4 : explain SELECT SUM(k) FROM sbtest4 WHERE id BETWEEN 5759741 AND 5759840
	Aggregate  (cost=414.29..414.30 rows=1 width=8)
	  ->  Index Scan using sbtest4_pkey on sbtest4  (cost=0.43..414.03 rows=104 width=4)
	        Index Cond: ((id >= 5759741) AND (id <= 5759840))

table 5 : explain SELECT SUM(k) FROM sbtest5 WHERE id BETWEEN 3829113 AND 3829212
	Aggregate  (cost=423.85..423.86 rows=1 width=8)
	  ->  Index Scan using sbtest5_pkey on sbtest5  (cost=0.43..423.59 rows=107 width=4)
	        Index Cond: ((id >= 3829113) AND (id <= 3829212))

table 6 : explain SELECT SUM(k) FROM sbtest6 WHERE id BETWEEN 8363912 AND 8364011
	Aggregate  (cost=381.74..381.75 rows=1 width=8)
	  ->  Index Scan using sbtest6_pkey on sbtest6  (cost=0.43..381.50 rows=96 width=4)
	        Index Cond: ((id >= 8363912) AND (id <= 8364011))

table 7 : explain SELECT SUM(k) FROM sbtest7 WHERE id BETWEEN 5152061 AND 5152160
	Aggregate  (cost=404.62..404.63 rows=1 width=8)
	  ->  Index Scan using sbtest7_pkey on sbtest7  (cost=0.43..404.36 rows=102 width=4)
	        Index Cond: ((id >= 5152061) AND (id <= 5152160))

table 8 : explain SELECT SUM(k) FROM sbtest8 WHERE id BETWEEN 8842836 AND 8842935
	Aggregate  (cost=420.84..420.85 rows=1 width=8)
	  ->  Index Scan using sbtest8_pkey on sbtest8  (cost=0.43..420.57 rows=106 width=4)
	        Index Cond: ((id >= 8842836) AND (id <= 8842935))

for: order_ranges
table 1 : explain SELECT c FROM sbtest1 WHERE id BETWEEN 3382301 AND 3382400 ORDER BY c
	Sort  (cost=412.27..412.53 rows=103 width=121)
	  Sort Key: c
	  ->  Index Scan using sbtest1_pkey on sbtest1  (cost=0.43..408.83 rows=103 width=121)
	        Index Cond: ((id >= 3382301) AND (id <= 3382400))

table 2 : explain SELECT c FROM sbtest2 WHERE id BETWEEN 9725194 AND 9725293 ORDER BY c
	Sort  (cost=451.61..451.90 rows=113 width=121)
	  Sort Key: c
	  ->  Index Scan using sbtest2_pkey on sbtest2  (cost=0.43..447.76 rows=113 width=121)
	        Index Cond: ((id >= 9725194) AND (id <= 9725293))

table 3 : explain SELECT c FROM sbtest3 WHERE id BETWEEN 190153 AND 190252 ORDER BY c
	Sort  (cost=397.81..398.06 rows=99 width=121)
	  Sort Key: c
	  ->  Index Scan using sbtest3_pkey on sbtest3  (cost=0.43..394.53 rows=99 width=121)
	        Index Cond: ((id >= 190153) AND (id <= 190252))

table 4 : explain SELECT c FROM sbtest4 WHERE id BETWEEN 7905937 AND 7906036 ORDER BY c
	Sort  (cost=425.47..425.73 rows=106 width=121)
	  Sort Key: c
	  ->  Index Scan using sbtest4_pkey on sbtest4  (cost=0.43..421.90 rows=106 width=121)
	        Index Cond: ((id >= 7905937) AND (id <= 7906036))

table 5 : explain SELECT c FROM sbtest5 WHERE id BETWEEN 1696021 AND 1696120 ORDER BY c
	Sort  (cost=383.67..383.91 rows=96 width=121)
	  Sort Key: c
	  ->  Index Scan using sbtest5_pkey on sbtest5  (cost=0.43..380.51 rows=96 width=121)
	        Index Cond: ((id >= 1696021) AND (id <= 1696120))

table 6 : explain SELECT c FROM sbtest6 WHERE id BETWEEN 4309687 AND 4309786 ORDER BY c
	Sort  (cost=384.66..384.90 rows=96 width=121)
	  Sort Key: c
	  ->  Index Scan using sbtest6_pkey on sbtest6  (cost=0.43..381.50 rows=96 width=121)
	        Index Cond: ((id >= 4309687) AND (id <= 4309786))

table 7 : explain SELECT c FROM sbtest7 WHERE id BETWEEN 9596652 AND 9596751 ORDER BY c
	Sort  (cost=407.76..408.02 rows=102 width=121)
	  Sort Key: c
	  ->  Index Scan using sbtest7_pkey on sbtest7  (cost=0.43..404.36 rows=102 width=121)
	        Index Cond: ((id >= 9596652) AND (id <= 9596751))

table 8 : explain SELECT c FROM sbtest8 WHERE id BETWEEN 5752278 AND 5752377 ORDER BY c
	Sort  (cost=432.07..432.34 rows=108 width=121)
	  Sort Key: c
	  ->  Index Scan using sbtest8_pkey on sbtest8  (cost=0.43..428.42 rows=108 width=121)
	        Index Cond: ((id >= 5752278) AND (id <= 5752377))

for: sum_ranges
table 1 : explain SELECT SUM(k) FROM sbtest1 WHERE id BETWEEN 3753920 AND 3754019
	Aggregate  (cost=381.58..381.59 rows=1 width=8)
	  ->  Index Scan using sbtest1_pkey on sbtest1  (cost=0.43..381.34 rows=96 width=4)
	        Index Cond: ((id >= 3753920) AND (id <= 3754019))

table 2 : explain SELECT SUM(k) FROM sbtest2 WHERE id BETWEEN 1279541 AND 1279640
	Aggregate  (cost=408.80..408.81 rows=1 width=8)
	  ->  Index Scan using sbtest2_pkey on sbtest2  (cost=0.43..408.54 rows=103 width=4)
	        Index Cond: ((id >= 1279541) AND (id <= 1279640))

table 3 : explain SELECT SUM(k) FROM sbtest3 WHERE id BETWEEN 1330024 AND 1330123
	Aggregate  (cost=386.90..386.91 rows=1 width=8)
	  ->  Index Scan using sbtest3_pkey on sbtest3  (cost=0.43..386.65 rows=97 width=4)
	        Index Cond: ((id >= 1330024) AND (id <= 1330123))

table 4 : explain SELECT SUM(k) FROM sbtest4 WHERE id BETWEEN 2233180 AND 2233279
	Aggregate  (cost=374.87..374.88 rows=1 width=8)
	  ->  Index Scan using sbtest4_pkey on sbtest4  (cost=0.43..374.64 rows=94 width=4)
	        Index Cond: ((id >= 2233180) AND (id <= 2233279))

table 5 : explain SELECT SUM(k) FROM sbtest5 WHERE id BETWEEN 3620214 AND 3620313
	Aggregate  (cost=412.10..412.11 rows=1 width=8)
	  ->  Index Scan using sbtest5_pkey on sbtest5  (cost=0.43..411.84 rows=104 width=4)
	        Index Cond: ((id >= 3620214) AND (id <= 3620313))

table 6 : explain SELECT SUM(k) FROM sbtest6 WHERE id BETWEEN 2273738 AND 2273837
	Aggregate  (cost=409.24..409.25 rows=1 width=8)
	  ->  Index Scan using sbtest6_pkey on sbtest6  (cost=0.43..408.98 rows=103 width=4)
	        Index Cond: ((id >= 2273738) AND (id <= 2273837))

table 7 : explain SELECT SUM(k) FROM sbtest7 WHERE id BETWEEN 6403724 AND 6403823
	Aggregate  (cost=365.40..365.41 rows=1 width=8)
	  ->  Index Scan using sbtest7_pkey on sbtest7  (cost=0.43..365.17 rows=92 width=4)
	        Index Cond: ((id >= 6403724) AND (id <= 6403823))

table 8 : explain SELECT SUM(k) FROM sbtest8 WHERE id BETWEEN 9487023 AND 9487122
	Aggregate  (cost=377.65..377.66 rows=1 width=8)
	  ->  Index Scan using sbtest8_pkey on sbtest8  (cost=0.43..377.41 rows=95 width=4)
	        Index Cond: ((id >= 9487023) AND (id <= 9487122))

for: sum_ranges
table 1 : explain SELECT SUM(k) FROM sbtest1 WHERE id BETWEEN 8136588 AND 8136687
	Aggregate  (cost=448.36..448.37 rows=1 width=8)
	  ->  Index Scan using sbtest1_pkey on sbtest1  (cost=0.43..448.08 rows=113 width=4)
	        Index Cond: ((id >= 8136588) AND (id <= 8136687))

table 2 : explain SELECT SUM(k) FROM sbtest2 WHERE id BETWEEN 1101593 AND 1101692
	Aggregate  (cost=361.69..361.70 rows=1 width=8)
	  ->  Index Scan using sbtest2_pkey on sbtest2  (cost=0.43..361.46 rows=91 width=4)
	        Index Cond: ((id >= 1101593) AND (id <= 1101692))

table 3 : explain SELECT SUM(k) FROM sbtest3 WHERE id BETWEEN 6384477 AND 6384576
	Aggregate  (cost=398.72..398.73 rows=1 width=8)
	  ->  Index Scan using sbtest3_pkey on sbtest3  (cost=0.43..398.47 rows=100 width=4)
	        Index Cond: ((id >= 6384477) AND (id <= 6384576))

table 4 : explain SELECT SUM(k) FROM sbtest4 WHERE id BETWEEN 392478 AND 392577
	Aggregate  (cost=406.41..406.42 rows=1 width=8)
	  ->  Index Scan using sbtest4_pkey on sbtest4  (cost=0.43..406.16 rows=102 width=4)
	        Index Cond: ((id >= 392478) AND (id <= 392577))

table 5 : explain SELECT SUM(k) FROM sbtest5 WHERE id BETWEEN 3744054 AND 3744153
	Aggregate  (cost=384.67..384.68 rows=1 width=8)
	  ->  Index Scan using sbtest5_pkey on sbtest5  (cost=0.43..384.43 rows=97 width=4)
	        Index Cond: ((id >= 3744054) AND (id <= 3744153))

table 6 : explain SELECT SUM(k) FROM sbtest6 WHERE id BETWEEN 6617013 AND 6617112
	Aggregate  (cost=369.95..369.96 rows=1 width=8)
	  ->  Index Scan using sbtest6_pkey on sbtest6  (cost=0.43..369.72 rows=93 width=4)
	        Index Cond: ((id >= 6617013) AND (id <= 6617112))

table 7 : explain SELECT SUM(k) FROM sbtest7 WHERE id BETWEEN 4362486 AND 4362585
	Aggregate  (cost=416.38..416.39 rows=1 width=8)
	  ->  Index Scan using sbtest7_pkey on sbtest7  (cost=0.43..416.12 rows=105 width=4)
	        Index Cond: ((id >= 4362486) AND (id <= 4362585))

table 8 : explain SELECT SUM(k) FROM sbtest8 WHERE id BETWEEN 9581020 AND 9581119
	Aggregate  (cost=409.06..409.07 rows=1 width=8)
	  ->  Index Scan using sbtest8_pkey on sbtest8  (cost=0.43..408.80 rows=103 width=4)
	        Index Cond: ((id >= 9581020) AND (id <= 9581119))

for: order_ranges
table 1 : explain SELECT c FROM sbtest1 WHERE id BETWEEN 3245895 AND 3245994 ORDER BY c
	Sort  (cost=404.34..404.60 rows=101 width=121)
	  Sort Key: c
	  ->  Index Scan using sbtest1_pkey on sbtest1  (cost=0.43..400.98 rows=101 width=121)
	        Index Cond: ((id >= 3245895) AND (id <= 3245994))

table 2 : explain SELECT c FROM sbtest2 WHERE id BETWEEN 5797266 AND 5797365 ORDER BY c
	Sort  (cost=392.18..392.42 rows=98 width=121)
	  Sort Key: c
	  ->  Index Scan using sbtest2_pkey on sbtest2  (cost=0.43..388.93 rows=98 width=121)
	        Index Cond: ((id >= 5797266) AND (id <= 5797365))

table 3 : explain SELECT c FROM sbtest3 WHERE id BETWEEN 8069541 AND 8069640 ORDER BY c
	Sort  (cost=397.81..398.06 rows=99 width=121)
	  Sort Key: c
	  ->  Index Scan using sbtest3_pkey on sbtest3  (cost=0.43..394.53 rows=99 width=121)
	        Index Cond: ((id >= 8069541) AND (id <= 8069640))

table 4 : explain SELECT c FROM sbtest4 WHERE id BETWEEN 6493295 AND 6493394 ORDER BY c
	Sort  (cost=397.63..397.87 rows=99 width=121)
	  Sort Key: c
	  ->  Index Scan using sbtest4_pkey on sbtest4  (cost=0.43..394.35 rows=99 width=121)
	        Index Cond: ((id >= 6493295) AND (id <= 6493394))

table 5 : explain SELECT c FROM sbtest5 WHERE id BETWEEN 7724240 AND 7724339 ORDER BY c
	Sort  (cost=415.32..415.58 rows=104 width=121)
	  Sort Key: c
	  ->  Index Scan using sbtest5_pkey on sbtest5  (cost=0.43..411.84 rows=104 width=121)
	        Index Cond: ((id >= 7724240) AND (id <= 7724339))

table 6 : explain SELECT c FROM sbtest6 WHERE id BETWEEN 3307740 AND 3307839 ORDER BY c
	Sort  (cost=400.52..400.77 rows=100 width=121)
	  Sort Key: c
	  ->  Index Scan using sbtest6_pkey on sbtest6  (cost=0.43..397.20 rows=100 width=121)
	        Index Cond: ((id >= 3307740) AND (id <= 3307839))

table 7 : explain SELECT c FROM sbtest7 WHERE id BETWEEN 1271499 AND 1271598 ORDER BY c
	Sort  (cost=407.76..408.02 rows=102 width=121)
	  Sort Key: c
	  ->  Index Scan using sbtest7_pkey on sbtest7  (cost=0.43..404.36 rows=102 width=121)
	        Index Cond: ((id >= 1271499) AND (id <= 1271598))

table 8 : explain SELECT c FROM sbtest8 WHERE id BETWEEN 2998028 AND 2998127 ORDER BY c
	Sort  (cost=396.39..396.63 rows=99 width=121)
	  Sort Key: c
	  ->  Index Scan using sbtest8_pkey on sbtest8  (cost=0.43..393.10 rows=99 width=121)
	        Index Cond: ((id >= 2998028) AND (id <= 2998127))

explain: for point_selects :: explain SELECT c FROM sbtest%u WHERE id=%u
for: simple_ranges
table 1 : explain SELECT c FROM sbtest1 WHERE id BETWEEN 6289570 AND 6289669
	Index Scan using sbtest1_pkey on sbtest1  (cost=0.43..381.34 rows=96 width=121)
	  Index Cond: ((id >= 6289570) AND (id <= 6289669))

table 2 : explain SELECT c FROM sbtest2 WHERE id BETWEEN 9638815 AND 9638914
	Index Scan using sbtest2_pkey on sbtest2  (cost=0.43..385.01 rows=97 width=121)
	  Index Cond: ((id >= 9638815) AND (id <= 9638914))

table 3 : explain SELECT c FROM sbtest3 WHERE id BETWEEN 7226863 AND 7226962
	Index Scan using sbtest3_pkey on sbtest3  (cost=0.43..347.24 rows=87 width=121)
	  Index Cond: ((id >= 7226863) AND (id <= 7226962))

table 4 : explain SELECT c FROM sbtest4 WHERE id BETWEEN 2457295 AND 2457394
	Index Scan using sbtest4_pkey on sbtest4  (cost=0.43..441.59 rows=111 width=121)
	  Index Cond: ((id >= 2457295) AND (id <= 2457394))

table 5 : explain SELECT c FROM sbtest5 WHERE id BETWEEN 3795802 AND 3795901
	Index Scan using sbtest5_pkey on sbtest5  (cost=0.43..423.59 rows=107 width=121)
	  Index Cond: ((id >= 3795802) AND (id <= 3795901))

table 6 : explain SELECT c FROM sbtest6 WHERE id BETWEEN 890605 AND 890704
	Index Scan using sbtest6_pkey on sbtest6  (cost=0.43..401.13 rows=101 width=121)
	  Index Cond: ((id >= 890605) AND (id <= 890704))

table 7 : explain SELECT c FROM sbtest7 WHERE id BETWEEN 6946510 AND 6946609
	Index Scan using sbtest7_pkey on sbtest7  (cost=0.43..376.93 rows=95 width=121)
	  Index Cond: ((id >= 6946510) AND (id <= 6946609))

table 8 : explain SELECT c FROM sbtest8 WHERE id BETWEEN 6243193 AND 6243292
	Index Scan using sbtest8_pkey on sbtest8  (cost=0.43..373.48 rows=94 width=121)
	  Index Cond: ((id >= 6243193) AND (id <= 6243292))

explain: for point_selects :: explain SELECT c FROM sbtest%u WHERE id=%u
explain: for point_selects :: explain SELECT c FROM sbtest%u WHERE id=%u
for point_selects
table 1 : explain SELECT c FROM sbtest1 WHERE id=3990452
	Index Scan using sbtest1_pkey on sbtest1  (cost=0.43..8.45 rows=1 width=121)
	  Index Cond: (id = 3990452)

table 2 : explain SELECT c FROM sbtest2 WHERE id=5295261
	Index Scan using sbtest2_pkey on sbtest2  (cost=0.43..8.45 rows=1 width=121)
	  Index Cond: (id = 5295261)

table 3 : explain SELECT c FROM sbtest3 WHERE id=1236575
	Index Scan using sbtest3_pkey on sbtest3  (cost=0.43..8.45 rows=1 width=121)
	  Index Cond: (id = 1236575)

table 4 : explain SELECT c FROM sbtest4 WHERE id=1817144
	Index Scan using sbtest4_pkey on sbtest4  (cost=0.43..8.45 rows=1 width=121)
	  Index Cond: (id = 1817144)

table 5 : explain SELECT c FROM sbtest5 WHERE id=6157369
	Index Scan using sbtest5_pkey on sbtest5  (cost=0.43..8.45 rows=1 width=121)
	  Index Cond: (id = 6157369)

table 6 : explain SELECT c FROM sbtest6 WHERE id=2979545
	Index Scan using sbtest6_pkey on sbtest6  (cost=0.43..8.45 rows=1 width=121)
	  Index Cond: (id = 2979545)

table 7 : explain SELECT c FROM sbtest7 WHERE id=1124027
	Index Scan using sbtest7_pkey on sbtest7  (cost=0.43..8.45 rows=1 width=121)
	  Index Cond: (id = 1124027)

table 8 : explain SELECT c FROM sbtest8 WHERE id=5597577
	Index Scan using sbtest8_pkey on sbtest8  (cost=0.43..8.45 rows=1 width=121)
	  Index Cond: (id = 5597577)

for point_selects
table 1 : explain SELECT c FROM sbtest1 WHERE id=6889618
	Index Scan using sbtest1_pkey on sbtest1  (cost=0.43..8.45 rows=1 width=121)
	  Index Cond: (id = 6889618)

table 2 : explain SELECT c FROM sbtest2 WHERE id=497490
	Index Scan using sbtest2_pkey on sbtest2  (cost=0.43..8.45 rows=1 width=121)
	  Index Cond: (id = 497490)

table 3 : explain SELECT c FROM sbtest3 WHERE id=4788242
	Index Scan using sbtest3_pkey on sbtest3  (cost=0.43..8.45 rows=1 width=121)
	  Index Cond: (id = 4788242)

table 4 : explain SELECT c FROM sbtest4 WHERE id=4552164
	Index Scan using sbtest4_pkey on sbtest4  (cost=0.43..8.45 rows=1 width=121)
	  Index Cond: (id = 4552164)

table 5 : explain SELECT c FROM sbtest5 WHERE id=4513226
	Index Scan using sbtest5_pkey on sbtest5  (cost=0.43..8.45 rows=1 width=121)
	  Index Cond: (id = 4513226)

table 6 : explain SELECT c FROM sbtest6 WHERE id=1285743
	Index Scan using sbtest6_pkey on sbtest6  (cost=0.43..8.45 rows=1 width=121)
	  Index Cond: (id = 1285743)

table 7 : explain SELECT c FROM sbtest7 WHERE id=9434218
	Index Scan using sbtest7_pkey on sbtest7  (cost=0.43..8.45 rows=1 width=121)
	  Index Cond: (id = 9434218)

table 8 : explain SELECT c FROM sbtest8 WHERE id=4440569
	Index Scan using sbtest8_pkey on sbtest8  (cost=0.43..8.45 rows=1 width=121)
	  Index Cond: (id = 4440569)

for: order_ranges
table 1 : explain SELECT c FROM sbtest1 WHERE id BETWEEN 7527278 AND 7527377 ORDER BY c
	Sort  (cost=325.03..325.24 rows=81 width=121)
	  Sort Key: c
	  ->  Index Scan using sbtest1_pkey on sbtest1  (cost=0.43..322.47 rows=81 width=121)
	        Index Cond: ((id >= 7527278) AND (id <= 7527377))

table 2 : explain SELECT c FROM sbtest2 WHERE id BETWEEN 9682138 AND 9682237 ORDER BY c
	Sort  (cost=388.21..388.46 rows=97 width=121)
	  Sort Key: c
	  ->  Index Scan using sbtest2_pkey on sbtest2  (cost=0.43..385.01 rows=97 width=121)
	        Index Cond: ((id >= 9682138) AND (id <= 9682237))

table 3 : explain SELECT c FROM sbtest3 WHERE id BETWEEN 2991438 AND 2991537 ORDER BY c
	Sort  (cost=381.90..382.13 rows=95 width=121)
	  Sort Key: c
	  ->  Index Scan using sbtest3_pkey on sbtest3  (cost=0.43..378.78 rows=95 width=121)
	        Index Cond: ((id >= 2991438) AND (id <= 2991537))

table 4 : explain SELECT c FROM sbtest4 WHERE id BETWEEN 887554 AND 887653 ORDER BY c
	Sort  (cost=385.69..385.93 rows=96 width=121)
	  Sort Key: c
	  ->  Index Scan using sbtest4_pkey on sbtest4  (cost=0.43..382.53 rows=96 width=121)
	        Index Cond: ((id >= 887554) AND (id <= 887653))

table 5 : explain SELECT c FROM sbtest5 WHERE id BETWEEN 6829852 AND 6829951 ORDER BY c
	Sort  (cost=435.10..435.38 rows=109 width=121)
	  Sort Key: c
	  ->  Index Scan using sbtest5_pkey on sbtest5  (cost=0.43..431.42 rows=109 width=121)
	        Index Cond: ((id >= 6829852) AND (id <= 6829951))

table 6 : explain SELECT c FROM sbtest6 WHERE id BETWEEN 3434111 AND 3434210 ORDER BY c
	Sort  (cost=452.09..452.37 rows=113 width=121)
	  Sort Key: c
	  ->  Index Scan using sbtest6_pkey on sbtest6  (cost=0.43..448.24 rows=113 width=121)
	        Index Cond: ((id >= 3434111) AND (id <= 3434210))

table 7 : explain SELECT c FROM sbtest7 WHERE id BETWEEN 3913600 AND 3913699 ORDER BY c
	Sort  (cost=419.64..419.91 rows=105 width=121)
	  Sort Key: c
	  ->  Index Scan using sbtest7_pkey on sbtest7  (cost=0.43..416.12 rows=105 width=121)
	        Index Cond: ((id >= 3913600) AND (id <= 3913699))

table 8 : explain SELECT c FROM sbtest8 WHERE id BETWEEN 9123450 AND 9123549 ORDER BY c
	Sort  (cost=412.25..412.50 rows=103 width=121)
	  Sort Key: c
	  ->  Index Scan using sbtest8_pkey on sbtest8  (cost=0.43..408.80 rows=103 width=121)
	        Index Cond: ((id >= 9123450) AND (id <= 9123549))

for: order_ranges
table 1 : explain SELECT c FROM sbtest1 WHERE id BETWEEN 2022901 AND 2023000 ORDER BY c
	Sort  (cost=400.38..400.63 rows=100 width=121)
	  Sort Key: c
	  ->  Index Scan using sbtest1_pkey on sbtest1  (cost=0.43..397.06 rows=100 width=121)
	        Index Cond: ((id >= 2022901) AND (id <= 2023000))

table 2 : explain SELECT c FROM sbtest2 WHERE id BETWEEN 2945154 AND 2945253 ORDER BY c
	Sort  (cost=372.34..372.57 rows=93 width=121)
	  Sort Key: c
	  ->  Index Scan using sbtest2_pkey on sbtest2  (cost=0.43..369.30 rows=93 width=121)
	        Index Cond: ((id >= 2945154) AND (id <= 2945253))

table 3 : explain SELECT c FROM sbtest3 WHERE id BETWEEN 3254831 AND 3254930 ORDER BY c
	Sort  (cost=417.71..417.97 rows=104 width=121)
	  Sort Key: c
	  ->  Index Scan using sbtest3_pkey on sbtest3  (cost=0.43..414.23 rows=104 width=121)
	        Index Cond: ((id >= 3254831) AND (id <= 3254930))

table 4 : explain SELECT c FROM sbtest4 WHERE id BETWEEN 1678855 AND 1678954 ORDER BY c
	Sort  (cost=401.60..401.85 rows=100 width=121)
	  Sort Key: c
	  ->  Index Scan using sbtest4_pkey on sbtest4  (cost=0.43..398.28 rows=100 width=121)
	        Index Cond: ((id >= 1678855) AND (id <= 1678954))

table 5 : explain SELECT c FROM sbtest5 WHERE id BETWEEN 5450181 AND 5450280 ORDER BY c
	Sort  (cost=355.96..356.18 rows=89 width=121)
	  Sort Key: c
	  ->  Index Scan using sbtest5_pkey on sbtest5  (cost=0.43..353.08 rows=89 width=121)
	        Index Cond: ((id >= 5450181) AND (id <= 5450280))

table 6 : explain SELECT c FROM sbtest6 WHERE id BETWEEN 6777857 AND 6777956 ORDER BY c
	Sort  (cost=396.56..396.80 rows=99 width=121)
	  Sort Key: c
	  ->  Index Scan using sbtest6_pkey on sbtest6  (cost=0.43..393.27 rows=99 width=121)
	        Index Cond: ((id >= 6777857) AND (id <= 6777956))

table 7 : explain SELECT c FROM sbtest7 WHERE id BETWEEN 639388 AND 639487 ORDER BY c
	Sort  (cost=419.64..419.91 rows=105 width=121)
	  Sort Key: c
	  ->  Index Scan using sbtest7_pkey on sbtest7  (cost=0.43..416.12 rows=105 width=121)
	        Index Cond: ((id >= 639388) AND (id <= 639487))

table 8 : explain SELECT c FROM sbtest8 WHERE id BETWEEN 4691439 AND 4691538 ORDER BY c
	Sort  (cost=380.53..380.77 rows=95 width=121)
	  Sort Key: c
	  ->  Index Scan using sbtest8_pkey on sbtest8  (cost=0.43..377.41 rows=95 width=121)
	        Index Cond: ((id >= 4691439) AND (id <= 4691538))

for: order_ranges
table 1 : explain SELECT c FROM sbtest1 WHERE id BETWEEN 2250242 AND 2250341 ORDER BY c
	Sort  (cost=392.45..392.69 rows=98 width=121)
	  Sort Key: c
	  ->  Index Scan using sbtest1_pkey on sbtest1  (cost=0.43..389.21 rows=98 width=121)
	        Index Cond: ((id >= 2250242) AND (id <= 2250341))

table 2 : explain SELECT c FROM sbtest2 WHERE id BETWEEN 9927181 AND 9927280 ORDER BY c
	Sort  (cost=384.25..384.49 rows=96 width=121)
	  Sort Key: c
	  ->  Index Scan using sbtest2_pkey on sbtest2  (cost=0.43..381.09 rows=96 width=121)
	        Index Cond: ((id >= 9927181) AND (id <= 9927280))

table 3 : explain SELECT c FROM sbtest3 WHERE id BETWEEN 3894447 AND 3894546 ORDER BY c
	Sort  (cost=397.81..398.06 rows=99 width=121)
	  Sort Key: c
	  ->  Index Scan using sbtest3_pkey on sbtest3  (cost=0.43..394.53 rows=99 width=121)
	        Index Cond: ((id >= 3894447) AND (id <= 3894546))

table 4 : explain SELECT c FROM sbtest4 WHERE id BETWEEN 2965037 AND 2965136 ORDER BY c
	Sort  (cost=421.49..421.75 rows=105 width=121)
	  Sort Key: c
	  ->  Index Scan using sbtest4_pkey on sbtest4  (cost=0.43..417.97 rows=105 width=121)
	        Index Cond: ((id >= 2965037) AND (id <= 2965136))

table 5 : explain SELECT c FROM sbtest5 WHERE id BETWEEN 7201727 AND 7201826 ORDER BY c
	Sort  (cost=352.01..352.23 rows=88 width=121)
	  Sort Key: c
	  ->  Index Scan using sbtest5_pkey on sbtest5  (cost=0.43..349.16 rows=88 width=121)
	        Index Cond: ((id >= 7201727) AND (id <= 7201826))

table 6 : explain SELECT c FROM sbtest6 WHERE id BETWEEN 6642080 AND 6642179 ORDER BY c
	Sort  (cost=372.76..372.99 rows=93 width=121)
	  Sort Key: c
	  ->  Index Scan using sbtest6_pkey on sbtest6  (cost=0.43..369.72 rows=93 width=121)
	        Index Cond: ((id >= 6642080) AND (id <= 6642179))

table 7 : explain SELECT c FROM sbtest7 WHERE id BETWEEN 7377411 AND 7377510 ORDER BY c
	Sort  (cost=403.80..404.06 rows=101 width=121)
	  Sort Key: c
	  ->  Index Scan using sbtest7_pkey on sbtest7  (cost=0.43..400.44 rows=101 width=121)
	        Index Cond: ((id >= 7377411) AND (id <= 7377510))

table 8 : explain SELECT c FROM sbtest8 WHERE id BETWEEN 485399 AND 485498 ORDER BY c
	Sort  (cost=432.07..432.34 rows=108 width=121)
	  Sort Key: c
	  ->  Index Scan using sbtest8_pkey on sbtest8  (cost=0.43..428.42 rows=108 width=121)
	        Index Cond: ((id >= 485399) AND (id <= 485498))
explain: for point_selects :: explain SELECT c FROM sbtest%u WHERE id=%u

for: simple_ranges
table 1 : explain SELECT c FROM sbtest1 WHERE id BETWEEN 1101677 AND 1101776
	Index Scan using sbtest1_pkey on sbtest1  (cost=0.43..416.68 rows=105 width=121)
	  Index Cond: ((id >= 1101677) AND (id <= 1101776))

table 2 : explain SELECT c FROM sbtest2 WHERE id BETWEEN 9537362 AND 9537461
	Index Scan using sbtest2_pkey on sbtest2  (cost=0.43..436.00 rows=110 width=121)
	  Index Cond: ((id >= 9537362) AND (id <= 9537461))

table 3 : explain SELECT c FROM sbtest3 WHERE id BETWEEN 9354016 AND 9354115
	Index Scan using sbtest3_pkey on sbtest3  (cost=0.43..378.76 rows=95 width=121)
	  Index Cond: ((id >= 9354016) AND (id <= 9354115))

table 4 : explain SELECT c FROM sbtest4 WHERE id BETWEEN 6222702 AND 6222801
	Index Scan using sbtest4_pkey on sbtest4  (cost=0.43..402.22 rows=101 width=121)
	  Index Cond: ((id >= 6222702) AND (id <= 6222801))

table 5 : explain SELECT c FROM sbtest5 WHERE id BETWEEN 9478849 AND 9478948
	Index Scan using sbtest5_pkey on sbtest5  (cost=0.43..439.25 rows=111 width=121)
	  Index Cond: ((id >= 9478849) AND (id <= 9478948))

table 6 : explain SELECT c FROM sbtest6 WHERE id BETWEEN 152707 AND 152806
	Index Scan using sbtest6_pkey on sbtest6  (cost=0.43..369.72 rows=93 width=121)
	  Index Cond: ((id >= 152707) AND (id <= 152806))

table 7 : explain SELECT c FROM sbtest7 WHERE id BETWEEN 2840107 AND 2840206
	Index Scan using sbtest7_pkey on sbtest7  (cost=0.43..427.88 rows=108 width=121)
	  Index Cond: ((id >= 2840107) AND (id <= 2840206))

table 8 : explain SELECT c FROM sbtest8 WHERE id BETWEEN 6593624 AND 6593723
	Index Scan using sbtest8_pkey on sbtest8  (cost=0.43..385.26 rows=97 width=121)
	  Index Cond: ((id >= 6593624) AND (id <= 6593723))

for: simple_ranges
table 1 : explain SELECT c FROM sbtest1 WHERE id BETWEEN 9325712 AND 9325811
	Index Scan using sbtest1_pkey on sbtest1  (cost=0.43..381.34 rows=96 width=121)
	  Index Cond: ((id >= 9325712) AND (id <= 9325811))

table 2 : explain SELECT c FROM sbtest2 WHERE id BETWEEN 4814871 AND 4814970
	Index Scan using sbtest2_pkey on sbtest2  (cost=0.43..388.93 rows=98 width=121)
	  Index Cond: ((id >= 4814871) AND (id <= 4814970))

table 3 : explain SELECT c FROM sbtest3 WHERE id BETWEEN 4330632 AND 4330731
	Index Scan using sbtest3_pkey on sbtest3  (cost=0.43..359.06 rows=90 width=121)
	  Index Cond: ((id >= 4330632) AND (id <= 4330731))

table 4 : explain SELECT c FROM sbtest4 WHERE id BETWEEN 4440855 AND 4440954
	Index Scan using sbtest4_pkey on sbtest4  (cost=0.43..386.47 rows=97 width=121)
	  Index Cond: ((id >= 4440855) AND (id <= 4440954))

table 5 : explain SELECT c FROM sbtest5 WHERE id BETWEEN 312150 AND 312249
	Index Scan using sbtest5_pkey on sbtest5  (cost=0.43..353.08 rows=89 width=121)
	  Index Cond: ((id >= 312150) AND (id <= 312249))

table 6 : explain SELECT c FROM sbtest6 WHERE id BETWEEN 6627252 AND 6627351
	Index Scan using sbtest6_pkey on sbtest6  (cost=0.43..369.72 rows=93 width=121)
	  Index Cond: ((id >= 6627252) AND (id <= 6627351))

table 7 : explain SELECT c FROM sbtest7 WHERE id BETWEEN 7423611 AND 7423710
	Index Scan using sbtest7_pkey on sbtest7  (cost=0.43..400.44 rows=101 width=121)
	  Index Cond: ((id >= 7423611) AND (id <= 7423710))

table 8 : explain SELECT c FROM sbtest8 WHERE id BETWEEN 7484812 AND 7484911
	Index Scan using sbtest8_pkey on sbtest8  (cost=0.43..400.95 rows=101 width=121)
	  Index Cond: ((id >= 7484812) AND (id <= 7484911))

for: sum_ranges
table 1 : explain SELECT SUM(k) FROM sbtest1 WHERE id BETWEEN 5493417 AND 5493516
	Aggregate  (cost=385.50..385.51 rows=1 width=8)
	  ->  Index Scan using sbtest1_pkey on sbtest1  (cost=0.43..385.26 rows=97 width=4)
	        Index Cond: ((id >= 5493417) AND (id <= 5493516))

table 2 : explain SELECT SUM(k) FROM sbtest2 WHERE id BETWEEN 8279302 AND 8279401
	Aggregate  (cost=432.35..432.36 rows=1 width=8)
	  ->  Index Scan using sbtest2_pkey on sbtest2  (cost=0.43..432.07 rows=109 width=4)
	        Index Cond: ((id >= 8279302) AND (id <= 8279401))

table 3 : explain SELECT SUM(k) FROM sbtest3 WHERE id BETWEEN 7343251 AND 7343350
	Aggregate  (cost=402.66..402.67 rows=1 width=8)
	  ->  Index Scan using sbtest3_pkey on sbtest3  (cost=0.43..402.41 rows=101 width=4)
	        Index Cond: ((id >= 7343251) AND (id <= 7343350))

table 4 : explain SELECT SUM(k) FROM sbtest4 WHERE id BETWEEN 1896515 AND 1896614
	Aggregate  (cost=386.71..386.72 rows=1 width=8)
	  ->  Index Scan using sbtest4_pkey on sbtest4  (cost=0.43..386.47 rows=97 width=4)
	        Index Cond: ((id >= 1896515) AND (id <= 1896614))

table 5 : explain SELECT SUM(k) FROM sbtest5 WHERE id BETWEEN 3753409 AND 3753508
	Aggregate  (cost=384.67..384.68 rows=1 width=8)
	  ->  Index Scan using sbtest5_pkey on sbtest5  (cost=0.43..384.43 rows=97 width=4)
	        Index Cond: ((id >= 3753409) AND (id <= 3753508))

table 6 : explain SELECT SUM(k) FROM sbtest6 WHERE id BETWEEN 9531323 AND 9531422
	Aggregate  (cost=401.38..401.39 rows=1 width=8)
	  ->  Index Scan using sbtest6_pkey on sbtest6  (cost=0.43..401.13 rows=101 width=4)
	        Index Cond: ((id >= 9531323) AND (id <= 9531422))

table 7 : explain SELECT SUM(k) FROM sbtest7 WHERE id BETWEEN 3172706 AND 3172805
	Aggregate  (cost=420.30..420.31 rows=1 width=8)
	  ->  Index Scan using sbtest7_pkey on sbtest7  (cost=0.43..420.04 rows=106 width=4)
	        Index Cond: ((id >= 3172706) AND (id <= 3172805))

table 8 : explain SELECT SUM(k) FROM sbtest8 WHERE id BETWEEN 2739091 AND 2739190
	Aggregate  (cost=397.28..397.29 rows=1 width=8)
	  ->  Index Scan using sbtest8_pkey on sbtest8  (cost=0.43..397.03 rows=100 width=4)
	        Index Cond: ((id >= 2739091) AND (id <= 2739190))

for: simple_ranges
table 1 : explain SELECT c FROM sbtest1 WHERE id BETWEEN 5589968 AND 5590067
	Index Scan using sbtest1_pkey on sbtest1  (cost=0.43..397.06 rows=100 width=121)
	  Index Cond: ((id >= 5589968) AND (id <= 5590067))

table 2 : explain SELECT c FROM sbtest2 WHERE id BETWEEN 5156862 AND 5156961
	Index Scan using sbtest2_pkey on sbtest2  (cost=0.43..400.70 rows=101 width=121)
	  Index Cond: ((id >= 5156862) AND (id <= 5156961))

table 3 : explain SELECT c FROM sbtest3 WHERE id BETWEEN 3594832 AND 3594931
	Index Scan using sbtest3_pkey on sbtest3  (cost=0.43..402.41 rows=101 width=121)
	  Index Cond: ((id >= 3594832) AND (id <= 3594931))

table 4 : explain SELECT c FROM sbtest4 WHERE id BETWEEN 7735536 AND 7735635
	Index Scan using sbtest4_pkey on sbtest4  (cost=0.43..406.16 rows=102 width=121)
	  Index Cond: ((id >= 7735536) AND (id <= 7735635))

table 5 : explain SELECT c FROM sbtest5 WHERE id BETWEEN 855599 AND 855698
	Index Scan using sbtest5_pkey on sbtest5  (cost=0.43..388.34 rows=98 width=121)
	  Index Cond: ((id >= 855599) AND (id <= 855698))

table 6 : explain SELECT c FROM sbtest6 WHERE id BETWEEN 3455377 AND 3455476
	Index Scan using sbtest6_pkey on sbtest6  (cost=0.43..448.24 rows=113 width=121)
	  Index Cond: ((id >= 3455377) AND (id <= 3455476))

table 7 : explain SELECT c FROM sbtest7 WHERE id BETWEEN 5219241 AND 5219340
	Index Scan using sbtest7_pkey on sbtest7  (cost=0.43..388.68 rows=98 width=121)
	  Index Cond: ((id >= 5219241) AND (id <= 5219340))

table 8 : explain SELECT c FROM sbtest8 WHERE id BETWEEN 6774586 AND 6774685
	Index Scan using sbtest8_pkey on sbtest8  (cost=0.43..420.57 rows=106 width=121)
	  Index Cond: ((id >= 6774586) AND (id <= 6774685))

for: distinct_ranges
table 1 : explain SELECT DISTINCT c FROM sbtest1 WHERE id BETWEEN 9189745 AND 9189844 ORDER BY c
	Unique  (cost=400.38..400.88 rows=100 width=121)
	  ->  Sort  (cost=400.38..400.63 rows=100 width=121)
	        Sort Key: c
	        ->  Index Scan using sbtest1_pkey on sbtest1  (cost=0.43..397.06 rows=100 width=121)
	              Index Cond: ((id >= 9189745) AND (id <= 9189844))

table 2 : explain SELECT DISTINCT c FROM sbtest2 WHERE id BETWEEN 3941848 AND 3941947 ORDER BY c
	Unique  (cost=408.02..408.53 rows=102 width=121)
	  ->  Sort  (cost=408.02..408.28 rows=102 width=121)
	        Sort Key: c
	        ->  Index Scan using sbtest2_pkey on sbtest2  (cost=0.43..404.62 rows=102 width=121)
	              Index Cond: ((id >= 3941848) AND (id <= 3941947))

table 3 : explain SELECT DISTINCT c FROM sbtest3 WHERE id BETWEEN 3121590 AND 3121689 ORDER BY c
	Unique  (cost=441.59..442.14 rows=110 width=121)
	  ->  Sort  (cost=441.59..441.87 rows=110 width=121)
	        Sort Key: c
	        ->  Index Scan using sbtest3_pkey on sbtest3  (cost=0.43..437.86 rows=110 width=121)
	              Index Cond: ((id >= 3121590) AND (id <= 3121689))

table 4 : explain SELECT DISTINCT c FROM sbtest4 WHERE id BETWEEN 4079571 AND 4079670 ORDER BY c
	Unique  (cost=441.38..441.93 rows=110 width=121)
	  ->  Sort  (cost=441.38..441.66 rows=110 width=121)
	        Sort Key: c
	        ->  Index Scan using sbtest4_pkey on sbtest4  (cost=0.43..437.65 rows=110 width=121)
	              Index Cond: ((id >= 4079571) AND (id <= 4079670))

table 5 : explain SELECT DISTINCT c FROM sbtest5 WHERE id BETWEEN 2140472 AND 2140571 ORDER BY c
	Unique  (cost=450.93..451.50 rows=113 width=121)
	  ->  Sort  (cost=450.93..451.21 rows=113 width=121)
	        Sort Key: c
	        ->  Index Scan using sbtest5_pkey on sbtest5  (cost=0.43..447.08 rows=113 width=121)
	              Index Cond: ((id >= 2140472) AND (id <= 2140571))

table 6 : explain SELECT DISTINCT c FROM sbtest6 WHERE id BETWEEN 3587108 AND 3587207 ORDER BY c
	Unique  (cost=400.52..401.02 rows=100 width=121)
	  ->  Sort  (cost=400.52..400.77 rows=100 width=121)
	        Sort Key: c
	        ->  Index Scan using sbtest6_pkey on sbtest6  (cost=0.43..397.20 rows=100 width=121)
	              Index Cond: ((id >= 3587108) AND (id <= 3587207))

table 7 : explain SELECT DISTINCT c FROM sbtest7 WHERE id BETWEEN 9095301 AND 9095400 ORDER BY c
	Unique  (cost=407.76..408.27 rows=102 width=121)
	  ->  Sort  (cost=407.76..408.02 rows=102 width=121)
	        Sort Key: c
	        ->  Index Scan using sbtest7_pkey on sbtest7  (cost=0.43..404.36 rows=102 width=121)
	              Index Cond: ((id >= 9095301) AND (id <= 9095400))

table 8 : explain SELECT DISTINCT c FROM sbtest8 WHERE id BETWEEN 4918267 AND 4918366 ORDER BY c
	Unique  (cost=392.42..392.91 rows=98 width=121)
	  ->  Sort  (cost=392.42..392.67 rows=98 width=121)
	        Sort Key: c
	        ->  Index Scan using sbtest8_pkey on sbtest8  (cost=0.43..389.18 rows=98 width=121)
	              Index Cond: ((id >= 4918267) AND (id <= 4918366))

explain: for point_selects :: explain SELECT c FROM sbtest%u WHERE id=%u
for point_selects
table 1 : explain SELECT c FROM sbtest1 WHERE id=7996454
	Index Scan using sbtest1_pkey on sbtest1  (cost=0.43..8.45 rows=1 width=121)
	  Index Cond: (id = 7996454)

table 2 : explain SELECT c FROM sbtest2 WHERE id=9800266
	Index Scan using sbtest2_pkey on sbtest2  (cost=0.43..8.45 rows=1 width=121)
	  Index Cond: (id = 9800266)

table 3 : explain SELECT c FROM sbtest3 WHERE id=6035287
	Index Scan using sbtest3_pkey on sbtest3  (cost=0.43..8.45 rows=1 width=121)
	  Index Cond: (id = 6035287)

table 4 : explain SELECT c FROM sbtest4 WHERE id=8238386
	Index Scan using sbtest4_pkey on sbtest4  (cost=0.43..8.45 rows=1 width=121)
	  Index Cond: (id = 8238386)

table 5 : explain SELECT c FROM sbtest5 WHERE id=5414116
	Index Scan using sbtest5_pkey on sbtest5  (cost=0.43..8.45 rows=1 width=121)
	  Index Cond: (id = 5414116)

table 6 : explain SELECT c FROM sbtest6 WHERE id=4803350
	Index Scan using sbtest6_pkey on sbtest6  (cost=0.43..8.45 rows=1 width=121)
	  Index Cond: (id = 4803350)

table 7 : explain SELECT c FROM sbtest7 WHERE id=7165753
	Index Scan using sbtest7_pkey on sbtest7  (cost=0.43..8.45 rows=1 width=121)
	  Index Cond: (id = 7165753)

table 8 : explain SELECT c FROM sbtest8 WHERE id=5232077
	Index Scan using sbtest8_pkey on sbtest8  (cost=0.43..8.45 rows=1 width=121)
	  Index Cond: (id = 5232077)

for: order_ranges
table 1 : explain SELECT c FROM sbtest1 WHERE id BETWEEN 2322293 AND 2322392 ORDER BY c
	Sort  (cost=396.41..396.66 rows=99 width=121)
	  Sort Key: c
	  ->  Index Scan using sbtest1_pkey on sbtest1  (cost=0.43..393.13 rows=99 width=121)
	        Index Cond: ((id >= 2322293) AND (id <= 2322392))

table 2 : explain SELECT c FROM sbtest2 WHERE id BETWEEN 1946987 AND 1947086 ORDER BY c
	Sort  (cost=415.95..416.21 rows=104 width=121)
	  Sort Key: c
	  ->  Index Scan using sbtest2_pkey on sbtest2  (cost=0.43..412.47 rows=104 width=121)
	        Index Cond: ((id >= 1946987) AND (id <= 1947086))

table 3 : explain SELECT c FROM sbtest3 WHERE id BETWEEN 9043643 AND 9043742 ORDER BY c
	Sort  (cost=373.92..374.15 rows=93 width=121)
	  Sort Key: c
	  ->  Index Scan using sbtest3_pkey on sbtest3  (cost=0.43..370.88 rows=93 width=121)
	        Index Cond: ((id >= 9043643) AND (id <= 9043742))

table 4 : explain SELECT c FROM sbtest4 WHERE id BETWEEN 3528643 AND 3528742 ORDER BY c
	Sort  (cost=397.63..397.87 rows=99 width=121)
	  Sort Key: c
	  ->  Index Scan using sbtest4_pkey on sbtest4  (cost=0.43..394.35 rows=99 width=121)
	        Index Cond: ((id >= 3528643) AND (id <= 3528742))

table 5 : explain SELECT c FROM sbtest5 WHERE id BETWEEN 6766987 AND 6767086 ORDER BY c
	Sort  (cost=435.10..435.38 rows=109 width=121)
	  Sort Key: c
	  ->  Index Scan using sbtest5_pkey on sbtest5  (cost=0.43..431.42 rows=109 width=121)
	        Index Cond: ((id >= 6766987) AND (id <= 6767086))

table 6 : explain SELECT c FROM sbtest6 WHERE id BETWEEN 2783270 AND 2783369 ORDER BY c
	Sort  (cost=412.42..412.68 rows=103 width=121)
	  Sort Key: c
	  ->  Index Scan using sbtest6_pkey on sbtest6  (cost=0.43..408.98 rows=103 width=121)
	        Index Cond: ((id >= 2783270) AND (id <= 2783369))

table 7 : explain SELECT c FROM sbtest7 WHERE id BETWEEN 3810188 AND 3810287 ORDER BY c
	Sort  (cost=399.84..400.09 rows=100 width=121)
	  Sort Key: c
	  ->  Index Scan using sbtest7_pkey on sbtest7  (cost=0.43..396.52 rows=100 width=121)
	        Index Cond: ((id >= 3810188) AND (id <= 3810287))

table 8 : explain SELECT c FROM sbtest8 WHERE id BETWEEN 5171828 AND 5171927 ORDER BY c
	Sort  (cost=392.42..392.67 rows=98 width=121)
	  Sort Key: c
	  ->  Index Scan using sbtest8_pkey on sbtest8  (cost=0.43..389.18 rows=98 width=121)
	        Index Cond: ((id >= 5171828) AND (id <= 5171927))

for: distinct_ranges
table 1 : explain SELECT DISTINCT c FROM sbtest1 WHERE id BETWEEN 8629055 AND 8629154 ORDER BY c
	Unique  (cost=420.21..420.73 rows=105 width=121)
	  ->  Sort  (cost=420.21..420.47 rows=105 width=121)
	        Sort Key: c
	        ->  Index Scan using sbtest1_pkey on sbtest1  (cost=0.43..416.68 rows=105 width=121)
	              Index Cond: ((id >= 8629055) AND (id <= 8629154))

table 2 : explain SELECT DISTINCT c FROM sbtest2 WHERE id BETWEEN 5262148 AND 5262247 ORDER BY c
	Unique  (cost=400.10..400.60 rows=100 width=121)
	  ->  Sort  (cost=400.10..400.35 rows=100 width=121)
	        Sort Key: c
	        ->  Index Scan using sbtest2_pkey on sbtest2  (cost=0.43..396.78 rows=100 width=121)
	              Index Cond: ((id >= 5262148) AND (id <= 5262247))

table 3 : explain SELECT DISTINCT c FROM sbtest3 WHERE id BETWEEN 2648019 AND 2648118 ORDER BY c
	Unique  (cost=389.86..390.34 rows=97 width=121)
	  ->  Sort  (cost=389.86..390.10 rows=97 width=121)
	        Sort Key: c
	        ->  Index Scan using sbtest3_pkey on sbtest3  (cost=0.43..386.65 rows=97 width=121)
	              Index Cond: ((id >= 2648019) AND (id <= 2648118))

table 4 : explain SELECT DISTINCT c FROM sbtest4 WHERE id BETWEEN 1779786 AND 1779885 ORDER BY c
	Unique  (cost=373.74..374.21 rows=93 width=121)
	  ->  Sort  (cost=373.74..373.98 rows=93 width=121)
	        Sort Key: c
	        ->  Index Scan using sbtest4_pkey on sbtest4  (cost=0.43..370.70 rows=93 width=121)
	              Index Cond: ((id >= 1779786) AND (id <= 1779885))

table 5 : explain SELECT DISTINCT c FROM sbtest5 WHERE id BETWEEN 4877171 AND 4877270 ORDER BY c
	Unique  (cost=379.72..380.19 rows=95 width=121)
	  ->  Sort  (cost=379.72..379.96 rows=95 width=121)
	        Sort Key: c
	        ->  Index Scan using sbtest5_pkey on sbtest5  (cost=0.43..376.60 rows=95 width=121)
	              Index Cond: ((id >= 4877171) AND (id <= 4877270))

table 6 : explain SELECT DISTINCT c FROM sbtest6 WHERE id BETWEEN 1692574 AND 1692673 ORDER BY c
	Unique  (cost=392.59..393.08 rows=98 width=121)
	  ->  Sort  (cost=392.59..392.83 rows=98 width=121)
	        Sort Key: c
	        ->  Index Scan using sbtest6_pkey on sbtest6  (cost=0.43..389.35 rows=98 width=121)
	              Index Cond: ((id >= 1692574) AND (id <= 1692673))

table 7 : explain SELECT DISTINCT c FROM sbtest7 WHERE id BETWEEN 308174 AND 308273 ORDER BY c
	Unique  (cost=372.13..372.59 rows=93 width=121)
	  ->  Sort  (cost=372.13..372.36 rows=93 width=121)
	        Sort Key: c
	        ->  Index Scan using sbtest7_pkey on sbtest7  (cost=0.43..369.09 rows=93 width=121)
	              Index Cond: ((id >= 308174) AND (id <= 308273))

table 8 : explain SELECT DISTINCT c FROM sbtest8 WHERE id BETWEEN 9535660 AND 9535759 ORDER BY c
	Unique  (cost=412.25..412.76 rows=103 width=121)
	  ->  Sort  (cost=412.25..412.50 rows=103 width=121)
	        Sort Key: c
	        ->  Index Scan using sbtest8_pkey on sbtest8  (cost=0.43..408.80 rows=103 width=121)
	              Index Cond: ((id >= 9535660) AND (id <= 9535759))

for point_selects
table 1 : explain SELECT c FROM sbtest1 WHERE id=1654762
	Index Scan using sbtest1_pkey on sbtest1  (cost=0.43..8.45 rows=1 width=121)
	  Index Cond: (id = 1654762)

table 2 : explain SELECT c FROM sbtest2 WHERE id=3982047
	Index Scan using sbtest2_pkey on sbtest2  (cost=0.43..8.45 rows=1 width=121)
	  Index Cond: (id = 3982047)

table 3 : explain SELECT c FROM sbtest3 WHERE id=6439115
	Index Scan using sbtest3_pkey on sbtest3  (cost=0.43..8.45 rows=1 width=121)
	  Index Cond: (id = 6439115)

table 4 : explain SELECT c FROM sbtest4 WHERE id=5534939
	Index Scan using sbtest4_pkey on sbtest4  (cost=0.43..8.45 rows=1 width=121)
	  Index Cond: (id = 5534939)

table 5 : explain SELECT c FROM sbtest5 WHERE id=1814217
	Index Scan using sbtest5_pkey on sbtest5  (cost=0.43..8.45 rows=1 width=121)
	  Index Cond: (id = 1814217)

table 6 : explain SELECT c FROM sbtest6 WHERE id=7076346
	Index Scan using sbtest6_pkey on sbtest6  (cost=0.43..8.45 rows=1 width=121)
	  Index Cond: (id = 7076346)

table 7 : explain SELECT c FROM sbtest7 WHERE id=9760489
	Index Scan using sbtest7_pkey on sbtest7  (cost=0.43..8.45 rows=1 width=121)
	  Index Cond: (id = 9760489)

table 8 : explain SELECT c FROM sbtest8 WHERE id=1869331
	Index Scan using sbtest8_pkey on sbtest8  (cost=0.43..8.45 rows=1 width=121)
	  Index Cond: (id = 1869331)

for: distinct_ranges
table 1 : explain SELECT DISTINCT c FROM sbtest1 WHERE id BETWEEN 2413925 AND 2414024 ORDER BY c
	Unique  (cost=400.38..400.88 rows=100 width=121)
	  ->  Sort  (cost=400.38..400.63 rows=100 width=121)
	        Sort Key: c
	        ->  Index Scan using sbtest1_pkey on sbtest1  (cost=0.43..397.06 rows=100 width=121)
	              Index Cond: ((id >= 2413925) AND (id <= 2414024))

table 2 : explain SELECT DISTINCT c FROM sbtest2 WHERE id BETWEEN 9705341 AND 9705440 ORDER BY c
	Unique  (cost=451.61..452.18 rows=113 width=121)
	  ->  Sort  (cost=451.61..451.90 rows=113 width=121)
	        Sort Key: c
	        ->  Index Scan using sbtest2_pkey on sbtest2  (cost=0.43..447.76 rows=113 width=121)
	              Index Cond: ((id >= 9705341) AND (id <= 9705440))

table 3 : explain SELECT DISTINCT c FROM sbtest3 WHERE id BETWEEN 3603288 AND 3603387 ORDER BY c
	Unique  (cost=405.77..406.28 rows=101 width=121)
	  ->  Sort  (cost=405.77..406.03 rows=101 width=121)
	        Sort Key: c
	        ->  Index Scan using sbtest3_pkey on sbtest3  (cost=0.43..402.41 rows=101 width=121)
	              Index Cond: ((id >= 3603288) AND (id <= 3603387))

table 4 : explain SELECT DISTINCT c FROM sbtest4 WHERE id BETWEEN 5666884 AND 5666983 ORDER BY c
	Unique  (cost=397.63..398.12 rows=99 width=121)
	  ->  Sort  (cost=397.63..397.87 rows=99 width=121)
	        Sort Key: c
	        ->  Index Scan using sbtest4_pkey on sbtest4  (cost=0.43..394.35 rows=99 width=121)
	              Index Cond: ((id >= 5666884) AND (id <= 5666983))

table 5 : explain SELECT DISTINCT c FROM sbtest5 WHERE id BETWEEN 3353316 AND 3353415 ORDER BY c
	Unique  (cost=395.54..396.04 rows=99 width=121)
	  ->  Sort  (cost=395.54..395.79 rows=99 width=121)
	        Sort Key: c
	        ->  Index Scan using sbtest5_pkey on sbtest5  (cost=0.43..392.26 rows=99 width=121)
	              Index Cond: ((id >= 3353316) AND (id <= 3353415))

table 6 : explain SELECT DISTINCT c FROM sbtest6 WHERE id BETWEEN 3835592 AND 3835691 ORDER BY c
	Unique  (cost=408.46..408.97 rows=102 width=121)
	  ->  Sort  (cost=408.46..408.71 rows=102 width=121)
	        Sort Key: c
	        ->  Index Scan using sbtest6_pkey on sbtest6  (cost=0.43..405.05 rows=102 width=121)
	              Index Cond: ((id >= 3835592) AND (id <= 3835691))

table 7 : explain SELECT DISTINCT c FROM sbtest7 WHERE id BETWEEN 6839854 AND 6839953 ORDER BY c
	Unique  (cost=391.93..392.42 rows=98 width=121)
	  ->  Sort  (cost=391.93..392.17 rows=98 width=121)
	        Sort Key: c
	        ->  Index Scan using sbtest7_pkey on sbtest7  (cost=0.43..388.68 rows=98 width=121)
	              Index Cond: ((id >= 6839854) AND (id <= 6839953))

table 8 : explain SELECT DISTINCT c FROM sbtest8 WHERE id BETWEEN 982932 AND 983031 ORDER BY c
	Unique  (cost=392.42..392.91 rows=98 width=121)
	  ->  Sort  (cost=392.42..392.67 rows=98 width=121)
	        Sort Key: c
	        ->  Index Scan using sbtest8_pkey on sbtest8  (cost=0.43..389.18 rows=98 width=121)
	              Index Cond: ((id >= 982932) AND (id <= 983031))

for: distinct_ranges
table 1 : explain SELECT DISTINCT c FROM sbtest1 WHERE id BETWEEN 6774238 AND 6774337 ORDER BY c
	Unique  (cost=384.50..384.98 rows=96 width=121)
	  ->  Sort  (cost=384.50..384.74 rows=96 width=121)
	        Sort Key: c
	        ->  Index Scan using sbtest1_pkey on sbtest1  (cost=0.43..381.34 rows=96 width=121)
	              Index Cond: ((id >= 6774238) AND (id <= 6774337))

table 2 : explain SELECT DISTINCT c FROM sbtest2 WHERE id BETWEEN 3460533 AND 3460632 ORDER BY c
	Unique  (cost=372.34..372.81 rows=93 width=121)
	  ->  Sort  (cost=372.34..372.57 rows=93 width=121)
	        Sort Key: c
	        ->  Index Scan using sbtest2_pkey on sbtest2  (cost=0.43..369.30 rows=93 width=121)
	              Index Cond: ((id >= 3460533) AND (id <= 3460632))

table 3 : explain SELECT DISTINCT c FROM sbtest3 WHERE id BETWEEN 7662654 AND 7662753 ORDER BY c
	Unique  (cost=449.55..450.11 rows=112 width=121)
	  ->  Sort  (cost=449.55..449.83 rows=112 width=121)
	        Sort Key: c
	        ->  Index Scan using sbtest3_pkey on sbtest3  (cost=0.43..445.74 rows=112 width=121)
	              Index Cond: ((id >= 7662654) AND (id <= 7662753))

table 4 : explain SELECT DISTINCT c FROM sbtest4 WHERE id BETWEEN 9544875 AND 9544974 ORDER BY c
	Unique  (cost=389.67..390.16 rows=97 width=121)
	  ->  Sort  (cost=389.67..389.91 rows=97 width=121)
	        Sort Key: c
	        ->  Index Scan using sbtest4_pkey on sbtest4  (cost=0.43..386.47 rows=97 width=121)
	              Index Cond: ((id >= 9544875) AND (id <= 9544974))

table 5 : explain SELECT DISTINCT c FROM sbtest5 WHERE id BETWEEN 2113964 AND 2114063 ORDER BY c
	Unique  (cost=450.93..451.50 rows=113 width=121)
	  ->  Sort  (cost=450.93..451.21 rows=113 width=121)
	        Sort Key: c
	        ->  Index Scan using sbtest5_pkey on sbtest5  (cost=0.43..447.08 rows=113 width=121)
	              Index Cond: ((id >= 2113964) AND (id <= 2114063))

table 6 : explain SELECT DISTINCT c FROM sbtest6 WHERE id BETWEEN 5925091 AND 5925190 ORDER BY c
	Unique  (cost=424.32..424.85 rows=106 width=121)
	  ->  Sort  (cost=424.32..424.59 rows=106 width=121)
	        Sort Key: c
	        ->  Index Scan using sbtest6_pkey on sbtest6  (cost=0.43..420.76 rows=106 width=121)
	              Index Cond: ((id >= 5925091) AND (id <= 5925190))

table 7 : explain SELECT DISTINCT c FROM sbtest7 WHERE id BETWEEN 4927987 AND 4928086 ORDER BY c
	Unique  (cost=387.97..388.45 rows=97 width=121)
	  ->  Sort  (cost=387.97..388.21 rows=97 width=121)
	        Sort Key: c
	        ->  Index Scan using sbtest7_pkey on sbtest7  (cost=0.43..384.77 rows=97 width=121)
	              Index Cond: ((id >= 4927987) AND (id <= 4928086))

table 8 : explain SELECT DISTINCT c FROM sbtest8 WHERE id BETWEEN 2293598 AND 2293697 ORDER BY c
	Unique  (cost=388.46..388.94 rows=97 width=121)
	  ->  Sort  (cost=388.46..388.70 rows=97 width=121)
	        Sort Key: c
	        ->  Index Scan using sbtest8_pkey on sbtest8  (cost=0.43..385.26 rows=97 width=121)
	              Index Cond: ((id >= 2293598) AND (id <= 2293697))

for point_selects
table 1 : explain SELECT c FROM sbtest1 WHERE id=2065340
	Index Scan using sbtest1_pkey on sbtest1  (cost=0.43..8.45 rows=1 width=121)
	  Index Cond: (id = 2065340)

table 2 : explain SELECT c FROM sbtest2 WHERE id=7140808
	Index Scan using sbtest2_pkey on sbtest2  (cost=0.43..8.45 rows=1 width=121)
	  Index Cond: (id = 7140808)

table 3 : explain SELECT c FROM sbtest3 WHERE id=8665351
	Index Scan using sbtest3_pkey on sbtest3  (cost=0.43..8.45 rows=1 width=121)
	  Index Cond: (id = 8665351)

table 4 : explain SELECT c FROM sbtest4 WHERE id=6001247
	Index Scan using sbtest4_pkey on sbtest4  (cost=0.43..8.45 rows=1 width=121)
	  Index Cond: (id = 6001247)

table 5 : explain SELECT c FROM sbtest5 WHERE id=7980731
	Index Scan using sbtest5_pkey on sbtest5  (cost=0.43..8.45 rows=1 width=121)
	  Index Cond: (id = 7980731)

table 6 : explain SELECT c FROM sbtest6 WHERE id=6634748
	Index Scan using sbtest6_pkey on sbtest6  (cost=0.43..8.45 rows=1 width=121)
	  Index Cond: (id = 6634748)

table 7 : explain SELECT c FROM sbtest7 WHERE id=8401206
	Index Scan using sbtest7_pkey on sbtest7  (cost=0.43..8.45 rows=1 width=121)
	  Index Cond: (id = 8401206)

table 8 : explain SELECT c FROM sbtest8 WHERE id=1792506
	Index Scan using sbtest8_pkey on sbtest8  (cost=0.43..8.45 rows=1 width=121)
	  Index Cond: (id = 1792506)

for: order_ranges
table 1 : explain SELECT c FROM sbtest1 WHERE id BETWEEN 6120671 AND 6120770 ORDER BY c
	Sort  (cost=412.27..412.53 rows=103 width=121)
	  Sort Key: c
	  ->  Index Scan using sbtest1_pkey on sbtest1  (cost=0.43..408.83 rows=103 width=121)
	        Index Cond: ((id >= 6120671) AND (id <= 6120770))

table 2 : explain SELECT c FROM sbtest2 WHERE id BETWEEN 7040095 AND 7040194 ORDER BY c
	Sort  (cost=396.14..396.39 rows=99 width=121)
	  Sort Key: c
	  ->  Index Scan using sbtest2_pkey on sbtest2  (cost=0.43..392.86 rows=99 width=121)
	        Index Cond: ((id >= 7040095) AND (id <= 7040194))

table 3 : explain SELECT c FROM sbtest3 WHERE id BETWEEN 9326025 AND 9326124 ORDER BY c
	Sort  (cost=381.88..382.11 rows=95 width=121)
	  Sort Key: c
	  ->  Index Scan using sbtest3_pkey on sbtest3  (cost=0.43..378.76 rows=95 width=121)
	        Index Cond: ((id >= 9326025) AND (id <= 9326124))

table 4 : explain SELECT c FROM sbtest4 WHERE id BETWEEN 8309077 AND 8309176 ORDER BY c
	Sort  (cost=365.79..366.02 rows=91 width=121)
	  Sort Key: c
	  ->  Index Scan using sbtest4_pkey on sbtest4  (cost=0.43..362.83 rows=91 width=121)
	        Index Cond: ((id >= 8309077) AND (id <= 8309176))

table 5 : explain SELECT c FROM sbtest5 WHERE id BETWEEN 4159188 AND 4159287 ORDER BY c
	Sort  (cost=427.19..427.46 rows=107 width=121)
	  Sort Key: c
	  ->  Index Scan using sbtest5_pkey on sbtest5  (cost=0.43..423.59 rows=107 width=121)
	        Index Cond: ((id >= 4159188) AND (id <= 4159287))

table 6 : explain SELECT c FROM sbtest6 WHERE id BETWEEN 5494693 AND 5494792 ORDER BY c
	Sort  (cost=448.12..448.40 rows=112 width=121)
	  Sort Key: c
	  ->  Index Scan using sbtest6_pkey on sbtest6  (cost=0.43..444.31 rows=112 width=121)
	        Index Cond: ((id >= 5494693) AND (id <= 5494792))

table 7 : explain SELECT c FROM sbtest7 WHERE id BETWEEN 2912795 AND 2912894 ORDER BY c
	Sort  (cost=431.52..431.79 rows=108 width=121)
	  Sort Key: c
	  ->  Index Scan using sbtest7_pkey on sbtest7  (cost=0.43..427.88 rows=108 width=121)
	        Index Cond: ((id >= 2912795) AND (id <= 2912894))

table 8 : explain SELECT c FROM sbtest8 WHERE id BETWEEN 3426217 AND 3426316 ORDER BY c
	Sort  (cost=408.28..408.54 rows=102 width=121)
	  Sort Key: c
	  ->  Index Scan using sbtest8_pkey on sbtest8  (cost=0.43..404.88 rows=102 width=121)
	        Index Cond: ((id >= 3426217) AND (id <= 3426316))

for: sum_ranges
table 1 : explain SELECT SUM(k) FROM sbtest1 WHERE id BETWEEN 5072457 AND 5072556
	Aggregate  (cost=389.45..389.46 rows=1 width=8)
	  ->  Index Scan using sbtest1_pkey on sbtest1  (cost=0.43..389.21 rows=98 width=4)
	        Index Cond: ((id >= 5072457) AND (id <= 5072556))

table 2 : explain SELECT SUM(k) FROM sbtest2 WHERE id BETWEEN 715990 AND 716089
	Aggregate  (cost=381.33..381.34 rows=1 width=8)
	  ->  Index Scan using sbtest2_pkey on sbtest2  (cost=0.43..381.09 rows=96 width=4)
	        Index Cond: ((id >= 715990) AND (id <= 716089))

table 3 : explain SELECT SUM(k) FROM sbtest3 WHERE id BETWEEN 8603890 AND 8603989
	Aggregate  (cost=371.11..371.12 rows=1 width=8)
	  ->  Index Scan using sbtest3_pkey on sbtest3  (cost=0.43..370.88 rows=93 width=4)
	        Index Cond: ((id >= 8603890) AND (id <= 8603989))

table 4 : explain SELECT SUM(k) FROM sbtest4 WHERE id BETWEEN 7786454 AND 7786553
	Aggregate  (cost=382.77..382.78 rows=1 width=8)
	  ->  Index Scan using sbtest4_pkey on sbtest4  (cost=0.43..382.53 rows=96 width=4)
	        Index Cond: ((id >= 7786454) AND (id <= 7786553))

table 5 : explain SELECT SUM(k) FROM sbtest5 WHERE id BETWEEN 1892619 AND 1892718
	Aggregate  (cost=447.36..447.37 rows=1 width=8)
	  ->  Index Scan using sbtest5_pkey on sbtest5  (cost=0.43..447.08 rows=113 width=4)
	        Index Cond: ((id >= 1892619) AND (id <= 1892718))

table 6 : explain SELECT SUM(k) FROM sbtest6 WHERE id BETWEEN 1962724 AND 1962823
	Aggregate  (cost=373.88..373.89 rows=1 width=8)
	  ->  Index Scan using sbtest6_pkey on sbtest6  (cost=0.43..373.64 rows=94 width=4)
	        Index Cond: ((id >= 1962724) AND (id <= 1962823))

table 7 : explain SELECT SUM(k) FROM sbtest7 WHERE id BETWEEN 5641157 AND 5641256
	Aggregate  (cost=443.83..443.84 rows=1 width=8)
	  ->  Index Scan using sbtest7_pkey on sbtest7  (cost=0.43..443.55 rows=112 width=4)
	        Index Cond: ((id >= 5641157) AND (id <= 5641256))

table 8 : explain SELECT SUM(k) FROM sbtest8 WHERE id BETWEEN 6430330 AND 6430429
	Aggregate  (cost=389.43..389.44 rows=1 width=8)
	  ->  Index Scan using sbtest8_pkey on sbtest8  (cost=0.43..389.18 rows=98 width=4)
	        Index Cond: ((id >= 6430330) AND (id <= 6430429))

explain: for point_selects :: explain SELECT c FROM sbtest%u WHERE id=%u
for: sum_ranges
table 1 : explain SELECT SUM(k) FROM sbtest1 WHERE id BETWEEN 4532174 AND 4532273
	Aggregate  (cost=373.72..373.73 rows=1 width=8)
	  ->  Index Scan using sbtest1_pkey on sbtest1  (cost=0.43..373.49 rows=94 width=4)
	        Index Cond: ((id >= 4532174) AND (id <= 4532273))

table 2 : explain SELECT SUM(k) FROM sbtest2 WHERE id BETWEEN 5046427 AND 5046526
	Aggregate  (cost=428.42..428.43 rows=1 width=8)
	  ->  Index Scan using sbtest2_pkey on sbtest2  (cost=0.43..428.15 rows=108 width=4)
	        Index Cond: ((id >= 5046427) AND (id <= 5046526))

table 3 : explain SELECT SUM(k) FROM sbtest3 WHERE id BETWEEN 9330290 AND 9330389
	Aggregate  (cost=378.99..379.00 rows=1 width=8)
	  ->  Index Scan using sbtest3_pkey on sbtest3  (cost=0.43..378.76 rows=95 width=4)
	        Index Cond: ((id >= 9330290) AND (id <= 9330389))

table 4 : explain SELECT SUM(k) FROM sbtest4 WHERE id BETWEEN 5287291 AND 5287390
	Aggregate  (cost=402.47..402.48 rows=1 width=8)
	  ->  Index Scan using sbtest4_pkey on sbtest4  (cost=0.43..402.22 rows=101 width=4)
	        Index Cond: ((id >= 5287291) AND (id <= 5287390))

table 5 : explain SELECT SUM(k) FROM sbtest5 WHERE id BETWEEN 6181027 AND 6181126
	Aggregate  (cost=423.85..423.86 rows=1 width=8)
	  ->  Index Scan using sbtest5_pkey on sbtest5  (cost=0.43..423.59 rows=107 width=4)
	        Index Cond: ((id >= 6181027) AND (id <= 6181126))

table 6 : explain SELECT SUM(k) FROM sbtest6 WHERE id BETWEEN 2418477 AND 2418576
	Aggregate  (cost=350.28..350.29 rows=1 width=8)
	  ->  Index Scan using sbtest6_pkey on sbtest6  (cost=0.43..350.06 rows=88 width=4)
	        Index Cond: ((id >= 2418477) AND (id <= 2418576))

table 7 : explain SELECT SUM(k) FROM sbtest7 WHERE id BETWEEN 9481449 AND 9481548
	Aggregate  (cost=400.69..400.70 rows=1 width=8)
	  ->  Index Scan using sbtest7_pkey on sbtest7  (cost=0.43..400.44 rows=101 width=4)
	        Index Cond: ((id >= 9481449) AND (id <= 9481548))

table 8 : explain SELECT SUM(k) FROM sbtest8 WHERE id BETWEEN 3240877 AND 3240976
	Aggregate  (cost=401.21..401.22 rows=1 width=8)
	  ->  Index Scan using sbtest8_pkey on sbtest8  (cost=0.43..400.95 rows=101 width=4)
	        Index Cond: ((id >= 3240877) AND (id <= 3240976))

for point_selects
table 1 : explain SELECT c FROM sbtest1 WHERE id=3758701
	Index Scan using sbtest1_pkey on sbtest1  (cost=0.43..8.45 rows=1 width=121)
	  Index Cond: (id = 3758701)

table 2 : explain SELECT c FROM sbtest2 WHERE id=6623102
	Index Scan using sbtest2_pkey on sbtest2  (cost=0.43..8.45 rows=1 width=121)
	  Index Cond: (id = 6623102)

table 3 : explain SELECT c FROM sbtest3 WHERE id=4025630
	Index Scan using sbtest3_pkey on sbtest3  (cost=0.43..8.45 rows=1 width=121)
	  Index Cond: (id = 4025630)

table 4 : explain SELECT c FROM sbtest4 WHERE id=6642127
	Index Scan using sbtest4_pkey on sbtest4  (cost=0.43..8.45 rows=1 width=121)
	  Index Cond: (id = 6642127)

table 5 : explain SELECT c FROM sbtest5 WHERE id=2902775
	Index Scan using sbtest5_pkey on sbtest5  (cost=0.43..8.45 rows=1 width=121)
	  Index Cond: (id = 2902775)

table 6 : explain SELECT c FROM sbtest6 WHERE id=8864566
	Index Scan using sbtest6_pkey on sbtest6  (cost=0.43..8.45 rows=1 width=121)
	  Index Cond: (id = 8864566)

table 7 : explain SELECT c FROM sbtest7 WHERE id=2234318
	Index Scan using sbtest7_pkey on sbtest7  (cost=0.43..8.45 rows=1 width=121)
	  Index Cond: (id = 2234318)

table 8 : explain SELECT c FROM sbtest8 WHERE id=6703336
	Index Scan using sbtest8_pkey on sbtest8  (cost=0.43..8.45 rows=1 width=121)
	  Index Cond: (id = 6703336)

for: simple_ranges
table 1 : explain SELECT c FROM sbtest1 WHERE id BETWEEN 8979002 AND 8979101
	Index Scan using sbtest1_pkey on sbtest1  (cost=0.43..408.83 rows=103 width=121)
	  Index Cond: ((id >= 8979002) AND (id <= 8979101))

table 2 : explain SELECT c FROM sbtest2 WHERE id BETWEEN 731759 AND 731858
	Index Scan using sbtest2_pkey on sbtest2  (cost=0.43..381.09 rows=96 width=121)
	  Index Cond: ((id >= 731759) AND (id <= 731858))

table 3 : explain SELECT c FROM sbtest3 WHERE id BETWEEN 8650183 AND 8650282
	Index Scan using sbtest3_pkey on sbtest3  (cost=0.43..370.88 rows=93 width=121)
	  Index Cond: ((id >= 8650183) AND (id <= 8650282))

table 4 : explain SELECT c FROM sbtest4 WHERE id BETWEEN 2734725 AND 2734824
	Index Scan using sbtest4_pkey on sbtest4  (cost=0.43..378.60 rows=95 width=121)
	  Index Cond: ((id >= 2734725) AND (id <= 2734824))

table 5 : explain SELECT c FROM sbtest5 WHERE id BETWEEN 9408108 AND 9408207
	Index Scan using sbtest5_pkey on sbtest5  (cost=0.43..439.25 rows=111 width=121)
	  Index Cond: ((id >= 9408108) AND (id <= 9408207))

table 6 : explain SELECT c FROM sbtest6 WHERE id BETWEEN 2702331 AND 2702430
	Index Scan using sbtest6_pkey on sbtest6  (cost=0.43..408.98 rows=103 width=121)
	  Index Cond: ((id >= 2702331) AND (id <= 2702430))

table 7 : explain SELECT c FROM sbtest7 WHERE id BETWEEN 1804768 AND 1804867
	Index Scan using sbtest7_pkey on sbtest7  (cost=0.43..373.01 rows=94 width=121)
	  Index Cond: ((id >= 1804768) AND (id <= 1804867))

table 8 : explain SELECT c FROM sbtest8 WHERE id BETWEEN 3973817 AND 3973916
	Index Scan using sbtest8_pkey on sbtest8  (cost=0.43..357.76 rows=90 width=121)
	  Index Cond: ((id >= 3973817) AND (id <= 3973916))

for: simple_ranges
table 1 : explain SELECT c FROM sbtest1 WHERE id BETWEEN 3230502 AND 3230601
	Index Scan using sbtest1_pkey on sbtest1  (cost=0.43..400.98 rows=101 width=121)
	  Index Cond: ((id >= 3230502) AND (id <= 3230601))

table 2 : explain SELECT c FROM sbtest2 WHERE id BETWEEN 3363415 AND 3363514
	Index Scan using sbtest2_pkey on sbtest2  (cost=0.43..396.78 rows=100 width=121)
	  Index Cond: ((id >= 3363415) AND (id <= 3363514))

table 3 : explain SELECT c FROM sbtest3 WHERE id BETWEEN 6316824 AND 6316923
	Index Scan using sbtest3_pkey on sbtest3  (cost=0.43..398.47 rows=100 width=121)
	  Index Cond: ((id >= 6316824) AND (id <= 6316923))

table 4 : explain SELECT c FROM sbtest4 WHERE id BETWEEN 9942513 AND 9942612
	Index Scan using sbtest4_pkey on sbtest4  (cost=0.43..433.72 rows=109 width=121)
	  Index Cond: ((id >= 9942513) AND (id <= 9942612))

table 5 : explain SELECT c FROM sbtest5 WHERE id BETWEEN 346482 AND 346581
	Index Scan using sbtest5_pkey on sbtest5  (cost=0.43..353.08 rows=89 width=121)
	  Index Cond: ((id >= 346482) AND (id <= 346581))

table 6 : explain SELECT c FROM sbtest6 WHERE id BETWEEN 379370 AND 379469
	Index Scan using sbtest6_pkey on sbtest6  (cost=0.43..452.16 rows=114 width=121)
	  Index Cond: ((id >= 379370) AND (id <= 379469))

table 7 : explain SELECT c FROM sbtest7 WHERE id BETWEEN 6062190 AND 6062289
	Index Scan using sbtest7_pkey on sbtest7  (cost=0.43..400.44 rows=101 width=121)
	  Index Cond: ((id >= 6062190) AND (id <= 6062289))

table 8 : explain SELECT c FROM sbtest8 WHERE id BETWEEN 6101963 AND 6102062
	Index Scan using sbtest8_pkey on sbtest8  (cost=0.43..361.69 rows=91 width=121)
	  Index Cond: ((id >= 6101963) AND (id <= 6102062))

for: simple_ranges
table 1 : explain SELECT c FROM sbtest1 WHERE id BETWEEN 871759 AND 871858
	Index Scan using sbtest1_pkey on sbtest1  (cost=0.43..412.76 rows=104 width=121)
	  Index Cond: ((id >= 871759) AND (id <= 871858))

table 2 : explain SELECT c FROM sbtest2 WHERE id BETWEEN 2743076 AND 2743175
	Index Scan using sbtest2_pkey on sbtest2  (cost=0.43..404.62 rows=102 width=121)
	  Index Cond: ((id >= 2743076) AND (id <= 2743175))

table 3 : explain SELECT c FROM sbtest3 WHERE id BETWEEN 236800 AND 236899
	Index Scan using sbtest3_pkey on sbtest3  (cost=0.43..394.53 rows=99 width=121)
	  Index Cond: ((id >= 236800) AND (id <= 236899))

table 4 : explain SELECT c FROM sbtest4 WHERE id BETWEEN 6152196 AND 6152295
	Index Scan using sbtest4_pkey on sbtest4  (cost=0.43..437.65 rows=110 width=121)
	  Index Cond: ((id >= 6152196) AND (id <= 6152295))

table 5 : explain SELECT c FROM sbtest5 WHERE id BETWEEN 3679326 AND 3679425
	Index Scan using sbtest5_pkey on sbtest5  (cost=0.43..411.84 rows=104 width=121)
	  Index Cond: ((id >= 3679326) AND (id <= 3679425))

table 6 : explain SELECT c FROM sbtest6 WHERE id BETWEEN 6926677 AND 6926776
	Index Scan using sbtest6_pkey on sbtest6  (cost=0.43..373.64 rows=94 width=121)
	  Index Cond: ((id >= 6926677) AND (id <= 6926776))

table 7 : explain SELECT c FROM sbtest7 WHERE id BETWEEN 5972567 AND 5972666
	Index Scan using sbtest7_pkey on sbtest7  (cost=0.43..408.28 rows=103 width=121)
	  Index Cond: ((id >= 5972567) AND (id <= 5972666))

table 8 : explain SELECT c FROM sbtest8 WHERE id BETWEEN 3387558 AND 3387657
	Index Scan using sbtest8_pkey on sbtest8  (cost=0.43..373.48 rows=94 width=121)
	  Index Cond: ((id >= 3387558) AND (id <= 3387657))

for: distinct_ranges
table 1 : explain SELECT DISTINCT c FROM sbtest1 WHERE id BETWEEN 9833451 AND 9833550 ORDER BY c
	Unique  (cost=392.45..392.94 rows=98 width=121)
	  ->  Sort  (cost=392.45..392.69 rows=98 width=121)
	        Sort Key: c
	        ->  Index Scan using sbtest1_pkey on sbtest1  (cost=0.43..389.21 rows=98 width=121)
	              Index Cond: ((id >= 9833451) AND (id <= 9833550))

table 2 : explain SELECT DISTINCT c FROM sbtest2 WHERE id BETWEEN 3814197 AND 3814296 ORDER BY c
	Unique  (cost=372.34..372.81 rows=93 width=121)
	  ->  Sort  (cost=372.34..372.57 rows=93 width=121)
	        Sort Key: c
	        ->  Index Scan using sbtest2_pkey on sbtest2  (cost=0.43..369.30 rows=93 width=121)
	              Index Cond: ((id >= 3814197) AND (id <= 3814296))

table 3 : explain SELECT DISTINCT c FROM sbtest3 WHERE id BETWEEN 181729 AND 181828 ORDER BY c
	Unique  (cost=457.51..458.08 rows=114 width=121)
	  ->  Sort  (cost=457.51..457.80 rows=114 width=121)
	        Sort Key: c
	        ->  Index Scan using sbtest3_pkey on sbtest3  (cost=0.43..453.62 rows=114 width=121)
	              Index Cond: ((id >= 181729) AND (id <= 181828))

table 4 : explain SELECT DISTINCT c FROM sbtest4 WHERE id BETWEEN 9717490 AND 9717589 ORDER BY c
	Unique  (cost=393.65..394.14 rows=98 width=121)
	  ->  Sort  (cost=393.65..393.89 rows=98 width=121)
	        Sort Key: c
	        ->  Index Scan using sbtest4_pkey on sbtest4  (cost=0.43..390.41 rows=98 width=121)
	              Index Cond: ((id >= 9717490) AND (id <= 9717589))

table 5 : explain SELECT DISTINCT c FROM sbtest5 WHERE id BETWEEN 5778562 AND 5778661 ORDER BY c
	Unique  (cost=363.90..364.35 rows=91 width=121)
	  ->  Sort  (cost=363.90..364.12 rows=91 width=121)
	        Sort Key: c
	        ->  Index Scan using sbtest5_pkey on sbtest5  (cost=0.43..360.94 rows=91 width=121)
	              Index Cond: ((id >= 5778562) AND (id <= 5778661))

table 6 : explain SELECT DISTINCT c FROM sbtest6 WHERE id BETWEEN 4802099 AND 4802198 ORDER BY c
	Unique  (cost=388.62..389.11 rows=97 width=121)
	  ->  Sort  (cost=388.62..388.87 rows=97 width=121)
	        Sort Key: c
	        ->  Index Scan using sbtest6_pkey on sbtest6  (cost=0.43..385.42 rows=97 width=121)
	              Index Cond: ((id >= 4802099) AND (id <= 4802198))

table 7 : explain SELECT DISTINCT c FROM sbtest7 WHERE id BETWEEN 5257250 AND 5257349 ORDER BY c
	Unique  (cost=391.93..392.42 rows=98 width=121)
	  ->  Sort  (cost=391.93..392.17 rows=98 width=121)
	        Sort Key: c
	        ->  Index Scan using sbtest7_pkey on sbtest7  (cost=0.43..388.68 rows=98 width=121)
	              Index Cond: ((id >= 5257250) AND (id <= 5257349))

table 8 : explain SELECT DISTINCT c FROM sbtest8 WHERE id BETWEEN 6193411 AND 6193510 ORDER BY c
	Unique  (cost=376.56..377.03 rows=94 width=121)
	  ->  Sort  (cost=376.56..376.80 rows=94 width=121)
	        Sort Key: c
	        ->  Index Scan using sbtest8_pkey on sbtest8  (cost=0.43..373.48 rows=94 width=121)
	              Index Cond: ((id >= 6193411) AND (id <= 6193510))

explain: for point_selects :: explain SELECT c FROM sbtest%u WHERE id=%u
explain: for point_selects :: explain SELECT c FROM sbtest%u WHERE id=%u
for: order_ranges
table 1 : explain SELECT c FROM sbtest1 WHERE id BETWEEN 6162728 AND 6162827 ORDER BY c
	Sort  (cost=412.27..412.53 rows=103 width=121)
	  Sort Key: c
	  ->  Index Scan using sbtest1_pkey on sbtest1  (cost=0.43..408.83 rows=103 width=121)
	        Index Cond: ((id >= 6162728) AND (id <= 6162827))

table 2 : explain SELECT c FROM sbtest2 WHERE id BETWEEN 2548652 AND 2548751 ORDER BY c
	Sort  (cost=427.84..428.10 rows=107 width=121)
	  Sort Key: c
	  ->  Index Scan using sbtest2_pkey on sbtest2  (cost=0.43..424.23 rows=107 width=121)
	        Index Cond: ((id >= 2548652) AND (id <= 2548751))

table 3 : explain SELECT c FROM sbtest3 WHERE id BETWEEN 1591023 AND 1591122 ORDER BY c
	Sort  (cost=381.90..382.13 rows=95 width=121)
	  Sort Key: c
	  ->  Index Scan using sbtest3_pkey on sbtest3  (cost=0.43..378.78 rows=95 width=121)
	        Index Cond: ((id >= 1591023) AND (id <= 1591122))

table 4 : explain SELECT c FROM sbtest4 WHERE id BETWEEN 7952923 AND 7953022 ORDER BY c
	Sort  (cost=425.47..425.73 rows=106 width=121)
	  Sort Key: c
	  ->  Index Scan using sbtest4_pkey on sbtest4  (cost=0.43..421.90 rows=106 width=121)
	        Index Cond: ((id >= 7952923) AND (id <= 7953022))

table 5 : explain SELECT c FROM sbtest5 WHERE id BETWEEN 4503439 AND 4503538 ORDER BY c
	Sort  (cost=403.45..403.71 rows=101 width=121)
	  Sort Key: c
	  ->  Index Scan using sbtest5_pkey on sbtest5  (cost=0.43..400.09 rows=101 width=121)
	        Index Cond: ((id >= 4503439) AND (id <= 4503538))

table 6 : explain SELECT c FROM sbtest6 WHERE id BETWEEN 6555919 AND 6556018 ORDER BY c
	Sort  (cost=400.52..400.77 rows=100 width=121)
	  Sort Key: c
	  ->  Index Scan using sbtest6_pkey on sbtest6  (cost=0.43..397.20 rows=100 width=121)
	        Index Cond: ((id >= 6555919) AND (id <= 6556018))

table 7 : explain SELECT c FROM sbtest7 WHERE id BETWEEN 838765 AND 838864 ORDER BY c
	Sort  (cost=372.13..372.36 rows=93 width=121)
	  Sort Key: c
	  ->  Index Scan using sbtest7_pkey on sbtest7  (cost=0.43..369.09 rows=93 width=121)
	        Index Cond: ((id >= 838765) AND (id <= 838864))

table 8 : explain SELECT c FROM sbtest8 WHERE id BETWEEN 2522360 AND 2522459 ORDER BY c
	Sort  (cost=436.04..436.31 rows=109 width=121)
	  Sort Key: c
	  ->  Index Scan using sbtest8_pkey on sbtest8  (cost=0.43..432.35 rows=109 width=121)
	        Index Cond: ((id >= 2522360) AND (id <= 2522459))

for point_selects
table 1 : explain SELECT c FROM sbtest1 WHERE id=316187
	Index Scan using sbtest1_pkey on sbtest1  (cost=0.43..8.45 rows=1 width=121)
	  Index Cond: (id = 316187)

table 2 : explain SELECT c FROM sbtest2 WHERE id=5124569
	Index Scan using sbtest2_pkey on sbtest2  (cost=0.43..8.45 rows=1 width=121)
	  Index Cond: (id = 5124569)

table 3 : explain SELECT c FROM sbtest3 WHERE id=2162940
	Index Scan using sbtest3_pkey on sbtest3  (cost=0.43..8.45 rows=1 width=121)
	  Index Cond: (id = 2162940)

table 4 : explain SELECT c FROM sbtest4 WHERE id=6519149
	Index Scan using sbtest4_pkey on sbtest4  (cost=0.43..8.45 rows=1 width=121)
	  Index Cond: (id = 6519149)

table 5 : explain SELECT c FROM sbtest5 WHERE id=2286821
	Index Scan using sbtest5_pkey on sbtest5  (cost=0.43..8.45 rows=1 width=121)
	  Index Cond: (id = 2286821)

table 6 : explain SELECT c FROM sbtest6 WHERE id=7360941
	Index Scan using sbtest6_pkey on sbtest6  (cost=0.43..8.45 rows=1 width=121)
	  Index Cond: (id = 7360941)

table 7 : explain SELECT c FROM sbtest7 WHERE id=7997253
	Index Scan using sbtest7_pkey on sbtest7  (cost=0.43..8.45 rows=1 width=121)
	  Index Cond: (id = 7997253)

table 8 : explain SELECT c FROM sbtest8 WHERE id=4857977
	Index Scan using sbtest8_pkey on sbtest8  (cost=0.43..8.45 rows=1 width=121)
	  Index Cond: (id = 4857977)

for: distinct_ranges
table 1 : explain SELECT DISTINCT c FROM sbtest1 WHERE id BETWEEN 6428982 AND 6429081 ORDER BY c
	Unique  (cost=388.46..388.95 rows=97 width=121)
	  ->  Sort  (cost=388.46..388.70 rows=97 width=121)
	        Sort Key: c
	        ->  Index Scan using sbtest1_pkey on sbtest1  (cost=0.43..385.26 rows=97 width=121)
	              Index Cond: ((id >= 6428982) AND (id <= 6429081))

table 2 : explain SELECT DISTINCT c FROM sbtest2 WHERE id BETWEEN 6150890 AND 6150989 ORDER BY c
	Unique  (cost=400.10..400.60 rows=100 width=121)
	  ->  Sort  (cost=400.10..400.35 rows=100 width=121)
	        Sort Key: c
	        ->  Index Scan using sbtest2_pkey on sbtest2  (cost=0.43..396.78 rows=100 width=121)
	              Index Cond: ((id >= 6150890) AND (id <= 6150989))

table 3 : explain SELECT DISTINCT c FROM sbtest3 WHERE id BETWEEN 2444038 AND 2444137 ORDER BY c
	Unique  (cost=405.77..406.28 rows=101 width=121)
	  ->  Sort  (cost=405.77..406.03 rows=101 width=121)
	        Sort Key: c
	        ->  Index Scan using sbtest3_pkey on sbtest3  (cost=0.43..402.41 rows=101 width=121)
	              Index Cond: ((id >= 2444038) AND (id <= 2444137))

table 4 : explain SELECT DISTINCT c FROM sbtest4 WHERE id BETWEEN 5151063 AND 5151162 ORDER BY c
	Unique  (cost=405.58..406.09 rows=101 width=121)
	  ->  Sort  (cost=405.58..405.83 rows=101 width=121)
	        Sort Key: c
	        ->  Index Scan using sbtest4_pkey on sbtest4  (cost=0.43..402.22 rows=101 width=121)
	              Index Cond: ((id >= 5151063) AND (id <= 5151162))

table 5 : explain SELECT DISTINCT c FROM sbtest5 WHERE id BETWEEN 5442259 AND 5442358 ORDER BY c
	Unique  (cost=355.96..356.41 rows=89 width=121)
	  ->  Sort  (cost=355.96..356.18 rows=89 width=121)
	        Sort Key: c
	        ->  Index Scan using sbtest5_pkey on sbtest5  (cost=0.43..353.08 rows=89 width=121)
	              Index Cond: ((id >= 5442259) AND (id <= 5442358))

table 6 : explain SELECT DISTINCT c FROM sbtest6 WHERE id BETWEEN 4188984 AND 4189083 ORDER BY c
	Unique  (cost=388.62..389.11 rows=97 width=121)
	  ->  Sort  (cost=388.62..388.87 rows=97 width=121)
	        Sort Key: c
	        ->  Index Scan using sbtest6_pkey on sbtest6  (cost=0.43..385.42 rows=97 width=121)
	              Index Cond: ((id >= 4188984) AND (id <= 4189083))

table 7 : explain SELECT DISTINCT c FROM sbtest7 WHERE id BETWEEN 268166 AND 268265 ORDER BY c
	Unique  (cost=368.17..368.63 rows=92 width=121)
	  ->  Sort  (cost=368.17..368.40 rows=92 width=121)
	        Sort Key: c
	        ->  Index Scan using sbtest7_pkey on sbtest7  (cost=0.43..365.17 rows=92 width=121)
	              Index Cond: ((id >= 268166) AND (id <= 268265))

table 8 : explain SELECT DISTINCT c FROM sbtest8 WHERE id BETWEEN 8288349 AND 8288448 ORDER BY c
	Unique  (cost=416.21..416.73 rows=104 width=121)
	  ->  Sort  (cost=416.21..416.47 rows=104 width=121)
	        Sort Key: c
	        ->  Index Scan using sbtest8_pkey on sbtest8  (cost=0.43..412.73 rows=104 width=121)
	              Index Cond: ((id >= 8288349) AND (id <= 8288448))

for: order_ranges
table 1 : explain SELECT c FROM sbtest1 WHERE id BETWEEN 9670291 AND 9670390 ORDER BY c
	Sort  (cost=436.07..436.34 rows=109 width=121)
	  Sort Key: c
	  ->  Index Scan using sbtest1_pkey on sbtest1  (cost=0.43..432.38 rows=109 width=121)
	        Index Cond: ((id >= 9670291) AND (id <= 9670390))

table 2 : explain SELECT c FROM sbtest2 WHERE id BETWEEN 825497 AND 825596 ORDER BY c
	Sort  (cost=380.27..380.50 rows=95 width=121)
	  Sort Key: c
	  ->  Index Scan using sbtest2_pkey on sbtest2  (cost=0.43..377.15 rows=95 width=121)
	        Index Cond: ((id >= 825497) AND (id <= 825596))

table 3 : explain SELECT c FROM sbtest3 WHERE id BETWEEN 7957429 AND 7957528 ORDER BY c
	Sort  (cost=437.61..437.88 rows=109 width=121)
	  Sort Key: c
	  ->  Index Scan using sbtest3_pkey on sbtest3  (cost=0.43..433.92 rows=109 width=121)
	        Index Cond: ((id >= 7957429) AND (id <= 7957528))

table 4 : explain SELECT c FROM sbtest4 WHERE id BETWEEN 1238865 AND 1238964 ORDER BY c
	Sort  (cost=389.67..389.91 rows=97 width=121)
	  Sort Key: c
	  ->  Index Scan using sbtest4_pkey on sbtest4  (cost=0.43..386.47 rows=97 width=121)
	        Index Cond: ((id >= 1238865) AND (id <= 1238964))

table 5 : explain SELECT c FROM sbtest5 WHERE id BETWEEN 8220502 AND 8220601 ORDER BY c
	Sort  (cost=371.81..372.04 rows=93 width=121)
	  Sort Key: c
	  ->  Index Scan using sbtest5_pkey on sbtest5  (cost=0.43..368.77 rows=93 width=121)
	        Index Cond: ((id >= 8220502) AND (id <= 8220601))

table 6 : explain SELECT c FROM sbtest6 WHERE id BETWEEN 4558455 AND 4558554 ORDER BY c
	Sort  (cost=400.52..400.77 rows=100 width=121)
	  Sort Key: c
	  ->  Index Scan using sbtest6_pkey on sbtest6  (cost=0.43..397.20 rows=100 width=121)
	        Index Cond: ((id >= 4558455) AND (id <= 4558554))

table 7 : explain SELECT c FROM sbtest7 WHERE id BETWEEN 7570916 AND 7571015 ORDER BY c
	Sort  (cost=411.72..411.98 rows=103 width=121)
	  Sort Key: c
	  ->  Index Scan using sbtest7_pkey on sbtest7  (cost=0.43..408.28 rows=103 width=121)
	        Index Cond: ((id >= 7570916) AND (id <= 7571015))

table 8 : explain SELECT c FROM sbtest8 WHERE id BETWEEN 3355375 AND 3355474 ORDER BY c
	Sort  (cost=376.56..376.80 rows=94 width=121)
	  Sort Key: c
	  ->  Index Scan using sbtest8_pkey on sbtest8  (cost=0.43..373.48 rows=94 width=121)
	        Index Cond: ((id >= 3355375) AND (id <= 3355474))

for: sum_ranges
table 1 : explain SELECT SUM(k) FROM sbtest1 WHERE id BETWEEN 6007292 AND 6007391
	Aggregate  (cost=401.23..401.24 rows=1 width=8)
	  ->  Index Scan using sbtest1_pkey on sbtest1  (cost=0.43..400.98 rows=101 width=4)
	        Index Cond: ((id >= 6007292) AND (id <= 6007391))

table 2 : explain SELECT SUM(k) FROM sbtest2 WHERE id BETWEEN 1714523 AND 1714622
	Aggregate  (cost=428.42..428.43 rows=1 width=8)
	  ->  Index Scan using sbtest2_pkey on sbtest2  (cost=0.43..428.15 rows=108 width=4)
	        Index Cond: ((id >= 1714523) AND (id <= 1714622))

table 3 : explain SELECT SUM(k) FROM sbtest3 WHERE id BETWEEN 5578499 AND 5578598
	Aggregate  (cost=398.72..398.73 rows=1 width=8)
	  ->  Index Scan using sbtest3_pkey on sbtest3  (cost=0.43..398.47 rows=100 width=4)
	        Index Cond: ((id >= 5578499) AND (id <= 5578598))

table 4 : explain SELECT SUM(k) FROM sbtest4 WHERE id BETWEEN 4896843 AND 4896942
	Aggregate  (cost=363.06..363.07 rows=1 width=8)
	  ->  Index Scan using sbtest4_pkey on sbtest4  (cost=0.43..362.83 rows=91 width=4)
	        Index Cond: ((id >= 4896843) AND (id <= 4896942))

table 5 : explain SELECT SUM(k) FROM sbtest5 WHERE id BETWEEN 210742 AND 210841
	Aggregate  (cost=380.75..380.76 rows=1 width=8)
	  ->  Index Scan using sbtest5_pkey on sbtest5  (cost=0.43..380.51 rows=96 width=4)
	        Index Cond: ((id >= 210742) AND (id <= 210841))

table 6 : explain SELECT SUM(k) FROM sbtest6 WHERE id BETWEEN 4726150 AND 4726249
	Aggregate  (cost=401.38..401.39 rows=1 width=8)
	  ->  Index Scan using sbtest6_pkey on sbtest6  (cost=0.43..401.13 rows=101 width=4)
	        Index Cond: ((id >= 4726150) AND (id <= 4726249))

table 7 : explain SELECT SUM(k) FROM sbtest7 WHERE id BETWEEN 1607531 AND 1607630
	Aggregate  (cost=424.22..424.23 rows=1 width=8)
	  ->  Index Scan using sbtest7_pkey on sbtest7  (cost=0.43..423.96 rows=107 width=4)
	        Index Cond: ((id >= 1607531) AND (id <= 1607630))

table 8 : explain SELECT SUM(k) FROM sbtest8 WHERE id BETWEEN 6098442 AND 6098541
	Aggregate  (cost=361.91..361.92 rows=1 width=8)
	  ->  Index Scan using sbtest8_pkey on sbtest8  (cost=0.43..361.69 rows=91 width=4)
	        Index Cond: ((id >= 6098442) AND (id <= 6098541))

for: sum_ranges
table 1 : explain SELECT SUM(k) FROM sbtest1 WHERE id BETWEEN 9370551 AND 9370650
	Aggregate  (cost=381.58..381.59 rows=1 width=8)
	  ->  Index Scan using sbtest1_pkey on sbtest1  (cost=0.43..381.34 rows=96 width=4)
	        Index Cond: ((id >= 9370551) AND (id <= 9370650))

table 2 : explain SELECT SUM(k) FROM sbtest2 WHERE id BETWEEN 8415232 AND 8415331
	Aggregate  (cost=373.46..373.47 rows=1 width=8)
	  ->  Index Scan using sbtest2_pkey on sbtest2  (cost=0.43..373.22 rows=94 width=4)
	        Index Cond: ((id >= 8415232) AND (id <= 8415331))

table 3 : explain SELECT SUM(k) FROM sbtest3 WHERE id BETWEEN 2781034 AND 2781133
	Aggregate  (cost=438.14..438.15 rows=1 width=8)
	  ->  Index Scan using sbtest3_pkey on sbtest3  (cost=0.43..437.86 rows=110 width=4)
	        Index Cond: ((id >= 2781034) AND (id <= 2781133))

table 4 : explain SELECT SUM(k) FROM sbtest4 WHERE id BETWEEN 2449408 AND 2449507
	Aggregate  (cost=441.87..441.88 rows=1 width=8)
	  ->  Index Scan using sbtest4_pkey on sbtest4  (cost=0.43..441.59 rows=111 width=4)
	        Index Cond: ((id >= 2449408) AND (id <= 2449507))

table 5 : explain SELECT SUM(k) FROM sbtest5 WHERE id BETWEEN 8683521 AND 8683620
	Aggregate  (cost=400.34..400.35 rows=1 width=8)
	  ->  Index Scan using sbtest5_pkey on sbtest5  (cost=0.43..400.09 rows=101 width=4)
	        Index Cond: ((id >= 8683521) AND (id <= 8683620))

table 6 : explain SELECT SUM(k) FROM sbtest6 WHERE id BETWEEN 2134186 AND 2134285
	Aggregate  (cost=377.81..377.82 rows=1 width=8)
	  ->  Index Scan using sbtest6_pkey on sbtest6  (cost=0.43..377.57 rows=95 width=4)
	        Index Cond: ((id >= 2134186) AND (id <= 2134285))

table 7 : explain SELECT SUM(k) FROM sbtest7 WHERE id BETWEEN 2707428 AND 2707527
	Aggregate  (cost=408.54..408.55 rows=1 width=8)
	  ->  Index Scan using sbtest7_pkey on sbtest7  (cost=0.43..408.28 rows=103 width=4)
	        Index Cond: ((id >= 2707428) AND (id <= 2707527))

table 8 : explain SELECT SUM(k) FROM sbtest8 WHERE id BETWEEN 5589251 AND 5589350
	Aggregate  (cost=428.69..428.70 rows=1 width=8)
	  ->  Index Scan using sbtest8_pkey on sbtest8  (cost=0.43..428.42 rows=108 width=4)
	        Index Cond: ((id >= 5589251) AND (id <= 5589350))

for point_selects
table 1 : explain SELECT c FROM sbtest1 WHERE id=4389280
	Index Scan using sbtest1_pkey on sbtest1  (cost=0.43..8.45 rows=1 width=121)
	  Index Cond: (id = 4389280)

table 2 : explain SELECT c FROM sbtest2 WHERE id=8662780
	Index Scan using sbtest2_pkey on sbtest2  (cost=0.43..8.45 rows=1 width=121)
	  Index Cond: (id = 8662780)

table 3 : explain SELECT c FROM sbtest3 WHERE id=3556366
	Index Scan using sbtest3_pkey on sbtest3  (cost=0.43..8.45 rows=1 width=121)
	  Index Cond: (id = 3556366)

table 4 : explain SELECT c FROM sbtest4 WHERE id=21707
	Index Scan using sbtest4_pkey on sbtest4  (cost=0.43..8.45 rows=1 width=121)
	  Index Cond: (id = 21707)

table 5 : explain SELECT c FROM sbtest5 WHERE id=2119744
	Index Scan using sbtest5_pkey on sbtest5  (cost=0.43..8.45 rows=1 width=121)
	  Index Cond: (id = 2119744)

table 6 : explain SELECT c FROM sbtest6 WHERE id=9179514
	Index Scan using sbtest6_pkey on sbtest6  (cost=0.43..8.45 rows=1 width=121)
	  Index Cond: (id = 9179514)

table 7 : explain SELECT c FROM sbtest7 WHERE id=2832955
	Index Scan using sbtest7_pkey on sbtest7  (cost=0.43..8.45 rows=1 width=121)
	  Index Cond: (id = 2832955)

table 8 : explain SELECT c FROM sbtest8 WHERE id=9377347
	Index Scan using sbtest8_pkey on sbtest8  (cost=0.43..8.45 rows=1 width=121)
	  Index Cond: (id = 9377347)

for: simple_ranges
table 1 : explain SELECT c FROM sbtest1 WHERE id BETWEEN 35803 AND 35902
	Index Scan using sbtest1_pkey on sbtest1  (cost=0.43..385.28 rows=97 width=121)
	  Index Cond: ((id >= 35803) AND (id <= 35902))

table 2 : explain SELECT c FROM sbtest2 WHERE id BETWEEN 5904435 AND 5904534
	Index Scan using sbtest2_pkey on sbtest2  (cost=0.43..428.15 rows=108 width=121)
	  Index Cond: ((id >= 5904435) AND (id <= 5904534))

table 3 : explain SELECT c FROM sbtest3 WHERE id BETWEEN 6628861 AND 6628960
	Index Scan using sbtest3_pkey on sbtest3  (cost=0.43..406.35 rows=102 width=121)
	  Index Cond: ((id >= 6628861) AND (id <= 6628960))

table 4 : explain SELECT c FROM sbtest4 WHERE id BETWEEN 3540676 AND 3540775
	Index Scan using sbtest4_pkey on sbtest4  (cost=0.43..410.09 rows=103 width=121)
	  Index Cond: ((id >= 3540676) AND (id <= 3540775))

table 5 : explain SELECT c FROM sbtest5 WHERE id BETWEEN 2831623 AND 2831722
	Index Scan using sbtest5_pkey on sbtest5  (cost=0.43..427.50 rows=108 width=121)
	  Index Cond: ((id >= 2831623) AND (id <= 2831722))

table 6 : explain SELECT c FROM sbtest6 WHERE id BETWEEN 8031061 AND 8031160
	Index Scan using sbtest6_pkey on sbtest6  (cost=0.43..416.83 rows=105 width=121)
	  Index Cond: ((id >= 8031061) AND (id <= 8031160))

table 7 : explain SELECT c FROM sbtest7 WHERE id BETWEEN 8432739 AND 8432838
	Index Scan using sbtest7_pkey on sbtest7  (cost=0.43..373.01 rows=94 width=121)
	  Index Cond: ((id >= 8432739) AND (id <= 8432838))

table 8 : explain SELECT c FROM sbtest8 WHERE id BETWEEN 1192396 AND 1192495
	Index Scan using sbtest8_pkey on sbtest8  (cost=0.43..416.65 rows=105 width=121)
	  Index Cond: ((id >= 1192396) AND (id <= 1192495))

for: distinct_ranges
table 1 : explain SELECT DISTINCT c FROM sbtest1 WHERE id BETWEEN 5521420 AND 5521519 ORDER BY c
	Unique  (cost=388.46..388.95 rows=97 width=121)
	  ->  Sort  (cost=388.46..388.70 rows=97 width=121)
	        Sort Key: c
	        ->  Index Scan using sbtest1_pkey on sbtest1  (cost=0.43..385.26 rows=97 width=121)
	              Index Cond: ((id >= 5521420) AND (id <= 5521519))

table 2 : explain SELECT DISTINCT c FROM sbtest2 WHERE id BETWEEN 7156694 AND 7156793 ORDER BY c
	Unique  (cost=411.99..412.50 rows=103 width=121)
	  ->  Sort  (cost=411.99..412.24 rows=103 width=121)
	        Sort Key: c
	        ->  Index Scan using sbtest2_pkey on sbtest2  (cost=0.43..408.54 rows=103 width=121)
	              Index Cond: ((id >= 7156694) AND (id <= 7156793))

table 3 : explain SELECT DISTINCT c FROM sbtest3 WHERE id BETWEEN 2630705 AND 2630804 ORDER BY c
	Unique  (cost=389.86..390.34 rows=97 width=121)
	  ->  Sort  (cost=389.86..390.10 rows=97 width=121)
	        Sort Key: c
	        ->  Index Scan using sbtest3_pkey on sbtest3  (cost=0.43..386.65 rows=97 width=121)
	              Index Cond: ((id >= 2630705) AND (id <= 2630804))

table 4 : explain SELECT DISTINCT c FROM sbtest4 WHERE id BETWEEN 1097603 AND 1097702 ORDER BY c
	Unique  (cost=413.54..414.05 rows=103 width=121)
	  ->  Sort  (cost=413.54..413.79 rows=103 width=121)
	        Sort Key: c
	        ->  Index Scan using sbtest4_pkey on sbtest4  (cost=0.43..410.09 rows=103 width=121)
	              Index Cond: ((id >= 1097603) AND (id <= 1097702))

table 5 : explain SELECT DISTINCT c FROM sbtest5 WHERE id BETWEEN 6592597 AND 6592696 ORDER BY c
	Unique  (cost=415.32..415.84 rows=104 width=121)
	  ->  Sort  (cost=415.32..415.58 rows=104 width=121)
	        Sort Key: c
	        ->  Index Scan using sbtest5_pkey on sbtest5  (cost=0.43..411.84 rows=104 width=121)
	              Index Cond: ((id >= 6592597) AND (id <= 6592696))

table 6 : explain SELECT DISTINCT c FROM sbtest6 WHERE id BETWEEN 7235188 AND 7235287 ORDER BY c
	Unique  (cost=420.36..420.88 rows=105 width=121)
	  ->  Sort  (cost=420.36..420.62 rows=105 width=121)
	        Sort Key: c
	        ->  Index Scan using sbtest6_pkey on sbtest6  (cost=0.43..416.83 rows=105 width=121)
	              Index Cond: ((id >= 7235188) AND (id <= 7235287))

table 7 : explain SELECT DISTINCT c FROM sbtest7 WHERE id BETWEEN 6360617 AND 6360716 ORDER BY c
	Unique  (cost=368.17..368.63 rows=92 width=121)
	  ->  Sort  (cost=368.17..368.40 rows=92 width=121)
	        Sort Key: c
	        ->  Index Scan using sbtest7_pkey on sbtest7  (cost=0.43..365.17 rows=92 width=121)
	              Index Cond: ((id >= 6360617) AND (id <= 6360716))

table 8 : explain SELECT DISTINCT c FROM sbtest8 WHERE id BETWEEN 2963733 AND 2963832 ORDER BY c
	Unique  (cost=436.04..436.58 rows=109 width=121)
	  ->  Sort  (cost=436.04..436.31 rows=109 width=121)
	        Sort Key: c
	        ->  Index Scan using sbtest8_pkey on sbtest8  (cost=0.43..432.35 rows=109 width=121)
	              Index Cond: ((id >= 2963733) AND (id <= 2963832))

for: distinct_ranges
table 1 : explain SELECT DISTINCT c FROM sbtest1 WHERE id BETWEEN 7449676 AND 7449775 ORDER BY c
	Unique  (cost=400.38..400.88 rows=100 width=121)
	  ->  Sort  (cost=400.38..400.63 rows=100 width=121)
	        Sort Key: c
	        ->  Index Scan using sbtest1_pkey on sbtest1  (cost=0.43..397.06 rows=100 width=121)
	              Index Cond: ((id >= 7449676) AND (id <= 7449775))

table 2 : explain SELECT DISTINCT c FROM sbtest2 WHERE id BETWEEN 3865810 AND 3865909 ORDER BY c
	Unique  (cost=372.34..372.81 rows=93 width=121)
	  ->  Sort  (cost=372.34..372.57 rows=93 width=121)
	        Sort Key: c
	        ->  Index Scan using sbtest2_pkey on sbtest2  (cost=0.43..369.30 rows=93 width=121)
	              Index Cond: ((id >= 3865810) AND (id <= 3865909))

table 3 : explain SELECT DISTINCT c FROM sbtest3 WHERE id BETWEEN 5285753 AND 5285852 ORDER BY c
	Unique  (cost=437.61..438.16 rows=109 width=121)
	  ->  Sort  (cost=437.61..437.88 rows=109 width=121)
	        Sort Key: c
	        ->  Index Scan using sbtest3_pkey on sbtest3  (cost=0.43..433.92 rows=109 width=121)
	              Index Cond: ((id >= 5285753) AND (id <= 5285852))

table 4 : explain SELECT DISTINCT c FROM sbtest4 WHERE id BETWEEN 3519760 AND 3519859 ORDER BY c
	Unique  (cost=397.63..398.12 rows=99 width=121)
	  ->  Sort  (cost=397.63..397.87 rows=99 width=121)
	        Sort Key: c
	        ->  Index Scan using sbtest4_pkey on sbtest4  (cost=0.43..394.35 rows=99 width=121)
	              Index Cond: ((id >= 3519760) AND (id <= 3519859))

table 5 : explain SELECT DISTINCT c FROM sbtest5 WHERE id BETWEEN 5383999 AND 5384098 ORDER BY c
	Unique  (cost=355.96..356.41 rows=89 width=121)
	  ->  Sort  (cost=355.96..356.18 rows=89 width=121)
	        Sort Key: c
	        ->  Index Scan using sbtest5_pkey on sbtest5  (cost=0.43..353.08 rows=89 width=121)
	              Index Cond: ((id >= 5383999) AND (id <= 5384098))

table 6 : explain SELECT DISTINCT c FROM sbtest6 WHERE id BETWEEN 4200328 AND 4200427 ORDER BY c
	Unique  (cost=388.62..389.11 rows=97 width=121)
	  ->  Sort  (cost=388.62..388.87 rows=97 width=121)
	        Sort Key: c
	        ->  Index Scan using sbtest6_pkey on sbtest6  (cost=0.43..385.42 rows=97 width=121)
	              Index Cond: ((id >= 4200328) AND (id <= 4200427))

table 7 : explain SELECT DISTINCT c FROM sbtest7 WHERE id BETWEEN 7501187 AND 7501286 ORDER BY c
	Unique  (cost=411.72..412.24 rows=103 width=121)
	  ->  Sort  (cost=411.72..411.98 rows=103 width=121)
	        Sort Key: c
	        ->  Index Scan using sbtest7_pkey on sbtest7  (cost=0.43..408.28 rows=103 width=121)
	              Index Cond: ((id >= 7501187) AND (id <= 7501286))

table 8 : explain SELECT DISTINCT c FROM sbtest8 WHERE id BETWEEN 7539080 AND 7539179 ORDER BY c
	Unique  (cost=396.39..396.88 rows=99 width=121)
	  ->  Sort  (cost=396.39..396.63 rows=99 width=121)
	        Sort Key: c
	        ->  Index Scan using sbtest8_pkey on sbtest8  (cost=0.43..393.10 rows=99 width=121)
	              Index Cond: ((id >= 7539080) AND (id <= 7539179))

for: distinct_ranges
table 1 : explain SELECT DISTINCT c FROM sbtest1 WHERE id BETWEEN 3511723 AND 3511822 ORDER BY c
	Unique  (cost=380.53..381.01 rows=95 width=121)
	  ->  Sort  (cost=380.53..380.77 rows=95 width=121)
	        Sort Key: c
	        ->  Index Scan using sbtest1_pkey on sbtest1  (cost=0.43..377.41 rows=95 width=121)
	              Index Cond: ((id >= 3511723) AND (id <= 3511822))

table 2 : explain SELECT DISTINCT c FROM sbtest2 WHERE id BETWEEN 4750944 AND 4751043 ORDER BY c
	Unique  (cost=380.27..380.74 rows=95 width=121)
	  ->  Sort  (cost=380.27..380.50 rows=95 width=121)
	        Sort Key: c
	        ->  Index Scan using sbtest2_pkey on sbtest2  (cost=0.43..377.15 rows=95 width=121)
	              Index Cond: ((id >= 4750944) AND (id <= 4751043))

table 3 : explain SELECT DISTINCT c FROM sbtest3 WHERE id BETWEEN 103493 AND 103592 ORDER BY c
	Unique  (cost=457.51..458.08 rows=114 width=121)
	  ->  Sort  (cost=457.51..457.80 rows=114 width=121)
	        Sort Key: c
	        ->  Index Scan using sbtest3_pkey on sbtest3  (cost=0.43..453.62 rows=114 width=121)
	              Index Cond: ((id >= 103493) AND (id <= 103592))

table 4 : explain SELECT DISTINCT c FROM sbtest4 WHERE id BETWEEN 283456 AND 283555 ORDER BY c
	Unique  (cost=401.60..402.10 rows=100 width=121)
	  ->  Sort  (cost=401.60..401.85 rows=100 width=121)
	        Sort Key: c
	        ->  Index Scan using sbtest4_pkey on sbtest4  (cost=0.43..398.28 rows=100 width=121)
	              Index Cond: ((id >= 283456) AND (id <= 283555))

table 5 : explain SELECT DISTINCT c FROM sbtest5 WHERE id BETWEEN 5633790 AND 5633889 ORDER BY c
	Unique  (cost=403.45..403.96 rows=101 width=121)
	  ->  Sort  (cost=403.45..403.71 rows=101 width=121)
	        Sort Key: c
	        ->  Index Scan using sbtest5_pkey on sbtest5  (cost=0.43..400.09 rows=101 width=121)
	              Index Cond: ((id >= 5633790) AND (id <= 5633889))

table 6 : explain SELECT DISTINCT c FROM sbtest6 WHERE id BETWEEN 2388595 AND 2388694 ORDER BY c
	Unique  (cost=404.49..404.99 rows=101 width=121)
	  ->  Sort  (cost=404.49..404.74 rows=101 width=121)
	        Sort Key: c
	        ->  Index Scan using sbtest6_pkey on sbtest6  (cost=0.43..401.13 rows=101 width=121)
	              Index Cond: ((id >= 2388595) AND (id <= 2388694))

table 7 : explain SELECT DISTINCT c FROM sbtest7 WHERE id BETWEEN 9619312 AND 9619411 ORDER BY c
	Unique  (cost=427.56..428.10 rows=107 width=121)
	  ->  Sort  (cost=427.56..427.83 rows=107 width=121)
	        Sort Key: c
	        ->  Index Scan using sbtest7_pkey on sbtest7  (cost=0.43..423.96 rows=107 width=121)
	              Index Cond: ((id >= 9619312) AND (id <= 9619411))

table 8 : explain SELECT DISTINCT c FROM sbtest8 WHERE id BETWEEN 3483016 AND 3483115 ORDER BY c
	Unique  (cost=408.28..408.79 rows=102 width=121)
	  ->  Sort  (cost=408.28..408.54 rows=102 width=121)
	        Sort Key: c
	        ->  Index Scan using sbtest8_pkey on sbtest8  (cost=0.43..404.88 rows=102 width=121)
	              Index Cond: ((id >= 3483016) AND (id <= 3483115))

for: sum_ranges
table 1 : explain SELECT SUM(k) FROM sbtest1 WHERE id BETWEEN 713692 AND 713791
	Aggregate  (cost=428.72..428.73 rows=1 width=8)
	  ->  Index Scan using sbtest1_pkey on sbtest1  (cost=0.43..428.45 rows=108 width=4)
	        Index Cond: ((id >= 713692) AND (id <= 713791))

table 2 : explain SELECT SUM(k) FROM sbtest2 WHERE id BETWEEN 2447726 AND 2447825
	Aggregate  (cost=408.80..408.81 rows=1 width=8)
	  ->  Index Scan using sbtest2_pkey on sbtest2  (cost=0.43..408.54 rows=103 width=4)
	        Index Cond: ((id >= 2447726) AND (id <= 2447825))

table 3 : explain SELECT SUM(k) FROM sbtest3 WHERE id BETWEEN 2714593 AND 2714692
	Aggregate  (cost=438.14..438.15 rows=1 width=8)
	  ->  Index Scan using sbtest3_pkey on sbtest3  (cost=0.43..437.86 rows=110 width=4)
	        Index Cond: ((id >= 2714593) AND (id <= 2714692))

table 4 : explain SELECT SUM(k) FROM sbtest4 WHERE id BETWEEN 1879445 AND 1879544
	Aggregate  (cost=386.71..386.72 rows=1 width=8)
	  ->  Index Scan using sbtest4_pkey on sbtest4  (cost=0.43..386.47 rows=97 width=4)
	        Index Cond: ((id >= 1879445) AND (id <= 1879544))

table 5 : explain SELECT SUM(k) FROM sbtest5 WHERE id BETWEEN 409151 AND 409250
	Aggregate  (cost=353.30..353.31 rows=1 width=8)
	  ->  Index Scan using sbtest5_pkey on sbtest5  (cost=0.43..353.08 rows=89 width=4)
	        Index Cond: ((id >= 409151) AND (id <= 409250))

table 6 : explain SELECT SUM(k) FROM sbtest6 WHERE id BETWEEN 5589242 AND 5589341
	Aggregate  (cost=362.07..362.08 rows=1 width=8)
	  ->  Index Scan using sbtest6_pkey on sbtest6  (cost=0.43..361.84 rows=91 width=4)
	        Index Cond: ((id >= 5589242) AND (id <= 5589341))

table 7 : explain SELECT SUM(k) FROM sbtest7 WHERE id BETWEEN 8376440 AND 8376539
	Aggregate  (cost=369.32..369.33 rows=1 width=8)
	  ->  Index Scan using sbtest7_pkey on sbtest7  (cost=0.43..369.09 rows=93 width=4)
	        Index Cond: ((id >= 8376440) AND (id <= 8376539))

table 8 : explain SELECT SUM(k) FROM sbtest8 WHERE id BETWEEN 5806062 AND 5806161
	Aggregate  (cost=424.77..424.78 rows=1 width=8)
	  ->  Index Scan using sbtest8_pkey on sbtest8  (cost=0.43..424.50 rows=107 width=4)
	        Index Cond: ((id >= 5806062) AND (id <= 5806161))

for: order_ranges
table 1 : explain SELECT c FROM sbtest1 WHERE id BETWEEN 4850077 AND 4850176 ORDER BY c
	Sort  (cost=384.50..384.74 rows=96 width=121)
	  Sort Key: c
	  ->  Index Scan using sbtest1_pkey on sbtest1  (cost=0.43..381.34 rows=96 width=121)
	        Index Cond: ((id >= 4850077) AND (id <= 4850176))

table 2 : explain SELECT c FROM sbtest2 WHERE id BETWEEN 6417299 AND 6417398 ORDER BY c
	Sort  (cost=396.14..396.39 rows=99 width=121)
	  Sort Key: c
	  ->  Index Scan using sbtest2_pkey on sbtest2  (cost=0.43..392.86 rows=99 width=121)
	        Index Cond: ((id >= 6417299) AND (id <= 6417398))

table 3 : explain SELECT c FROM sbtest3 WHERE id BETWEEN 9828437 AND 9828536 ORDER BY c
	Sort  (cost=413.73..413.99 rows=103 width=121)
	  Sort Key: c
	  ->  Index Scan using sbtest3_pkey on sbtest3  (cost=0.43..410.29 rows=103 width=121)
	        Index Cond: ((id >= 9828437) AND (id <= 9828536))

table 4 : explain SELECT c FROM sbtest4 WHERE id BETWEEN 2986384 AND 2986483 ORDER BY c
	Sort  (cost=421.49..421.75 rows=105 width=121)
	  Sort Key: c
	  ->  Index Scan using sbtest4_pkey on sbtest4  (cost=0.43..417.97 rows=105 width=121)
	        Index Cond: ((id >= 2986384) AND (id <= 2986483))

table 5 : explain SELECT c FROM sbtest5 WHERE id BETWEEN 998299 AND 998398 ORDER BY c
	Sort  (cost=431.15..431.42 rows=108 width=121)
	  Sort Key: c
	  ->  Index Scan using sbtest5_pkey on sbtest5  (cost=0.43..427.50 rows=108 width=121)
	        Index Cond: ((id >= 998299) AND (id <= 998398))

table 6 : explain SELECT c FROM sbtest6 WHERE id BETWEEN 2776779 AND 2776878 ORDER BY c
	Sort  (cost=412.42..412.68 rows=103 width=121)
	  Sort Key: c
	  ->  Index Scan using sbtest6_pkey on sbtest6  (cost=0.43..408.98 rows=103 width=121)
	        Index Cond: ((id >= 2776779) AND (id <= 2776878))

table 7 : explain SELECT c FROM sbtest7 WHERE id BETWEEN 9609493 AND 9609592 ORDER BY c
	Sort  (cost=427.56..427.83 rows=107 width=121)
	  Sort Key: c
	  ->  Index Scan using sbtest7_pkey on sbtest7  (cost=0.43..423.96 rows=107 width=121)
	        Index Cond: ((id >= 9609493) AND (id <= 9609592))

table 8 : explain SELECT c FROM sbtest8 WHERE id BETWEEN 2288812 AND 2288911 ORDER BY c
	Sort  (cost=388.46..388.70 rows=97 width=121)
	  Sort Key: c
	  ->  Index Scan using sbtest8_pkey on sbtest8  (cost=0.43..385.26 rows=97 width=121)
	        Index Cond: ((id >= 2288812) AND (id <= 2288911))

for point_selects
table 1 : explain SELECT c FROM sbtest1 WHERE id=8715578
	Index Scan using sbtest1_pkey on sbtest1  (cost=0.43..8.45 rows=1 width=121)
	  Index Cond: (id = 8715578)

table 2 : explain SELECT c FROM sbtest2 WHERE id=8216218
	Index Scan using sbtest2_pkey on sbtest2  (cost=0.43..8.45 rows=1 width=121)
	  Index Cond: (id = 8216218)

table 3 : explain SELECT c FROM sbtest3 WHERE id=713312
	Index Scan using sbtest3_pkey on sbtest3  (cost=0.43..8.45 rows=1 width=121)
	  Index Cond: (id = 713312)

table 4 : explain SELECT c FROM sbtest4 WHERE id=9082532
	Index Scan using sbtest4_pkey on sbtest4  (cost=0.43..8.45 rows=1 width=121)
	  Index Cond: (id = 9082532)

table 5 : explain SELECT c FROM sbtest5 WHERE id=5223307
	Index Scan using sbtest5_pkey on sbtest5  (cost=0.43..8.45 rows=1 width=121)
	  Index Cond: (id = 5223307)

table 6 : explain SELECT c FROM sbtest6 WHERE id=7913530
	Index Scan using sbtest6_pkey on sbtest6  (cost=0.43..8.45 rows=1 width=121)
	  Index Cond: (id = 7913530)

table 7 : explain SELECT c FROM sbtest7 WHERE id=7871340
	Index Scan using sbtest7_pkey on sbtest7  (cost=0.43..8.45 rows=1 width=121)
	  Index Cond: (id = 7871340)

table 8 : explain SELECT c FROM sbtest8 WHERE id=2161702
	Index Scan using sbtest8_pkey on sbtest8  (cost=0.43..8.45 rows=1 width=121)
	  Index Cond: (id = 2161702)

for: order_ranges
table 1 : explain SELECT c FROM sbtest1 WHERE id BETWEEN 5588842 AND 5588941 ORDER BY c
	Sort  (cost=400.38..400.63 rows=100 width=121)
	  Sort Key: c
	  ->  Index Scan using sbtest1_pkey on sbtest1  (cost=0.43..397.06 rows=100 width=121)
	        Index Cond: ((id >= 5588842) AND (id <= 5588941))

table 2 : explain SELECT c FROM sbtest2 WHERE id BETWEEN 7052817 AND 7052916 ORDER BY c
	Sort  (cost=396.14..396.39 rows=99 width=121)
	  Sort Key: c
	  ->  Index Scan using sbtest2_pkey on sbtest2  (cost=0.43..392.86 rows=99 width=121)
	        Index Cond: ((id >= 7052817) AND (id <= 7052916))

table 3 : explain SELECT c FROM sbtest3 WHERE id BETWEEN 677586 AND 677685 ORDER BY c
	Sort  (cost=369.94..370.17 rows=92 width=121)
	  Sort Key: c
	  ->  Index Scan using sbtest3_pkey on sbtest3  (cost=0.43..366.94 rows=92 width=121)
	        Index Cond: ((id >= 677586) AND (id <= 677685))

table 4 : explain SELECT c FROM sbtest4 WHERE id BETWEEN 6406407 AND 6406506 ORDER BY c
	Sort  (cost=409.56..409.81 rows=102 width=121)
	  Sort Key: c
	  ->  Index Scan using sbtest4_pkey on sbtest4  (cost=0.43..406.16 rows=102 width=121)
	        Index Cond: ((id >= 6406407) AND (id <= 6406506))

table 5 : explain SELECT c FROM sbtest5 WHERE id BETWEEN 4096352 AND 4096451 ORDER BY c
	Sort  (cost=427.19..427.46 rows=107 width=121)
	  Sort Key: c
	  ->  Index Scan using sbtest5_pkey on sbtest5  (cost=0.43..423.59 rows=107 width=121)
	        Index Cond: ((id >= 4096352) AND (id <= 4096451))

table 6 : explain SELECT c FROM sbtest6 WHERE id BETWEEN 8404710 AND 8404809 ORDER BY c
	Sort  (cost=384.66..384.90 rows=96 width=121)
	  Sort Key: c
	  ->  Index Scan using sbtest6_pkey on sbtest6  (cost=0.43..381.50 rows=96 width=121)
	        Index Cond: ((id >= 8404710) AND (id <= 8404809))

table 7 : explain SELECT c FROM sbtest7 WHERE id BETWEEN 4411625 AND 4411724 ORDER BY c
	Sort  (cost=380.05..380.29 rows=95 width=121)
	  Sort Key: c
	  ->  Index Scan using sbtest7_pkey on sbtest7  (cost=0.43..376.93 rows=95 width=121)
	        Index Cond: ((id >= 4411625) AND (id <= 4411724))

table 8 : explain SELECT c FROM sbtest8 WHERE id BETWEEN 7602447 AND 7602546 ORDER BY c
	Sort  (cost=396.39..396.63 rows=99 width=121)
	  Sort Key: c
	  ->  Index Scan using sbtest8_pkey on sbtest8  (cost=0.43..393.10 rows=99 width=121)
	        Index Cond: ((id >= 7602447) AND (id <= 7602546))

for point_selects
table 1 : explain SELECT c FROM sbtest1 WHERE id=3383398
	Index Scan using sbtest1_pkey on sbtest1  (cost=0.43..8.45 rows=1 width=121)
	  Index Cond: (id = 3383398)

table 2 : explain SELECT c FROM sbtest2 WHERE id=2371851
	Index Scan using sbtest2_pkey on sbtest2  (cost=0.43..8.45 rows=1 width=121)
	  Index Cond: (id = 2371851)

table 3 : explain SELECT c FROM sbtest3 WHERE id=9045450
	Index Scan using sbtest3_pkey on sbtest3  (cost=0.43..8.45 rows=1 width=121)
	  Index Cond: (id = 9045450)

table 4 : explain SELECT c FROM sbtest4 WHERE id=622275
	Index Scan using sbtest4_pkey on sbtest4  (cost=0.43..8.45 rows=1 width=121)
	  Index Cond: (id = 622275)

table 5 : explain SELECT c FROM sbtest5 WHERE id=3389829
	Index Scan using sbtest5_pkey on sbtest5  (cost=0.43..8.45 rows=1 width=121)
	  Index Cond: (id = 3389829)

table 6 : explain SELECT c FROM sbtest6 WHERE id=2905610
	Index Scan using sbtest6_pkey on sbtest6  (cost=0.43..8.45 rows=1 width=121)
	  Index Cond: (id = 2905610)

table 7 : explain SELECT c FROM sbtest7 WHERE id=145881
	Index Scan using sbtest7_pkey on sbtest7  (cost=0.43..8.45 rows=1 width=121)
	  Index Cond: (id = 145881)

table 8 : explain SELECT c FROM sbtest8 WHERE id=5373121
	Index Scan using sbtest8_pkey on sbtest8  (cost=0.43..8.45 rows=1 width=121)
	  Index Cond: (id = 5373121)

for: simple_ranges
table 1 : explain SELECT c FROM sbtest1 WHERE id BETWEEN 6136205 AND 6136304
	Index Scan using sbtest1_pkey on sbtest1  (cost=0.43..408.83 rows=103 width=121)
	  Index Cond: ((id >= 6136205) AND (id <= 6136304))

table 2 : explain SELECT c FROM sbtest2 WHERE id BETWEEN 8104461 AND 8104560
	Index Scan using sbtest2_pkey on sbtest2  (cost=0.43..369.30 rows=93 width=121)
	  Index Cond: ((id >= 8104461) AND (id <= 8104560))

table 3 : explain SELECT c FROM sbtest3 WHERE id BETWEEN 5297259 AND 5297358
	Index Scan using sbtest3_pkey on sbtest3  (cost=0.43..433.92 rows=109 width=121)
	  Index Cond: ((id >= 5297259) AND (id <= 5297358))

table 4 : explain SELECT c FROM sbtest4 WHERE id BETWEEN 4950497 AND 4950596
	Index Scan using sbtest4_pkey on sbtest4  (cost=0.43..410.09 rows=103 width=121)
	  Index Cond: ((id >= 4950497) AND (id <= 4950596))

table 5 : explain SELECT c FROM sbtest5 WHERE id BETWEEN 9194540 AND 9194639
	Index Scan using sbtest5_pkey on sbtest5  (cost=0.43..372.68 rows=94 width=121)
	  Index Cond: ((id >= 9194540) AND (id <= 9194639))

table 6 : explain SELECT c FROM sbtest6 WHERE id BETWEEN 4168454 AND 4168553
	Index Scan using sbtest6_pkey on sbtest6  (cost=0.43..401.13 rows=101 width=121)
	  Index Cond: ((id >= 4168454) AND (id <= 4168553))

table 7 : explain SELECT c FROM sbtest7 WHERE id BETWEEN 6517759 AND 6517858
	Index Scan using sbtest7_pkey on sbtest7  (cost=0.43..380.85 rows=96 width=121)
	  Index Cond: ((id >= 6517759) AND (id <= 6517858))

table 8 : explain SELECT c FROM sbtest8 WHERE id BETWEEN 8562022 AND 8562121
	Index Scan using sbtest8_pkey on sbtest8  (cost=0.43..400.95 rows=101 width=121)
	  Index Cond: ((id >= 8562022) AND (id <= 8562121))

for: sum_ranges
table 1 : explain SELECT SUM(k) FROM sbtest1 WHERE id BETWEEN 7296167 AND 7296266
	Aggregate  (cost=424.80..424.81 rows=1 width=8)
	  ->  Index Scan using sbtest1_pkey on sbtest1  (cost=0.43..424.53 rows=107 width=4)
	        Index Cond: ((id >= 7296167) AND (id <= 7296266))

table 2 : explain SELECT SUM(k) FROM sbtest2 WHERE id BETWEEN 2661714 AND 2661813
	Aggregate  (cost=424.50..424.51 rows=1 width=8)
	  ->  Index Scan using sbtest2_pkey on sbtest2  (cost=0.43..424.23 rows=107 width=4)
	        Index Cond: ((id >= 2661714) AND (id <= 2661813))

table 3 : explain SELECT SUM(k) FROM sbtest3 WHERE id BETWEEN 2935028 AND 2935127
	Aggregate  (cost=434.19..434.20 rows=1 width=8)
	  ->  Index Scan using sbtest3_pkey on sbtest3  (cost=0.43..433.92 rows=109 width=4)
	        Index Cond: ((id >= 2935028) AND (id <= 2935127))

table 4 : explain SELECT SUM(k) FROM sbtest4 WHERE id BETWEEN 5600971 AND 5601070
	Aggregate  (cost=406.41..406.42 rows=1 width=8)
	  ->  Index Scan using sbtest4_pkey on sbtest4  (cost=0.43..406.16 rows=102 width=4)
	        Index Cond: ((id >= 5600971) AND (id <= 5601070))

table 5 : explain SELECT SUM(k) FROM sbtest5 WHERE id BETWEEN 8925793 AND 8925892
	Aggregate  (cost=431.69..431.70 rows=1 width=8)
	  ->  Index Scan using sbtest5_pkey on sbtest5  (cost=0.43..431.42 rows=109 width=4)
	        Index Cond: ((id >= 8925793) AND (id <= 8925892))

table 6 : explain SELECT SUM(k) FROM sbtest6 WHERE id BETWEEN 1809685 AND 1809784
	Aggregate  (cost=417.09..417.10 rows=1 width=8)
	  ->  Index Scan using sbtest6_pkey on sbtest6  (cost=0.43..416.83 rows=105 width=4)
	        Index Cond: ((id >= 1809685) AND (id <= 1809784))

table 7 : explain SELECT SUM(k) FROM sbtest7 WHERE id BETWEEN 5787380 AND 5787479
	Aggregate  (cost=404.62..404.63 rows=1 width=8)
	  ->  Index Scan using sbtest7_pkey on sbtest7  (cost=0.43..404.36 rows=102 width=4)
	        Index Cond: ((id >= 5787380) AND (id <= 5787479))

table 8 : explain SELECT SUM(k) FROM sbtest8 WHERE id BETWEEN 3592968 AND 3593067
	Aggregate  (cost=401.21..401.22 rows=1 width=8)
	  ->  Index Scan using sbtest8_pkey on sbtest8  (cost=0.43..400.95 rows=101 width=4)
	        Index Cond: ((id >= 3592968) AND (id <= 3593067))

explain: for point_selects :: explain SELECT c FROM sbtest%u WHERE id=%u
for: order_ranges
table 1 : explain SELECT c FROM sbtest1 WHERE id BETWEEN 6459186 AND 6459285 ORDER BY c
	Sort  (cost=388.46..388.70 rows=97 width=121)
	  Sort Key: c
	  ->  Index Scan using sbtest1_pkey on sbtest1  (cost=0.43..385.26 rows=97 width=121)
	        Index Cond: ((id >= 6459186) AND (id <= 6459285))

table 2 : explain SELECT c FROM sbtest2 WHERE id BETWEEN 6344644 AND 6344743 ORDER BY c
	Sort  (cost=423.87..424.14 rows=106 width=121)
	  Sort Key: c
	  ->  Index Scan using sbtest2_pkey on sbtest2  (cost=0.43..420.31 rows=106 width=121)
	        Index Cond: ((id >= 6344644) AND (id <= 6344743))

table 3 : explain SELECT c FROM sbtest3 WHERE id BETWEEN 1324542 AND 1324641 ORDER BY c
	Sort  (cost=389.86..390.10 rows=97 width=121)
	  Sort Key: c
	  ->  Index Scan using sbtest3_pkey on sbtest3  (cost=0.43..386.65 rows=97 width=121)
	        Index Cond: ((id >= 1324542) AND (id <= 1324641))

table 4 : explain SELECT c FROM sbtest4 WHERE id BETWEEN 9729915 AND 9730014 ORDER BY c
	Sort  (cost=393.65..393.89 rows=98 width=121)
	  Sort Key: c
	  ->  Index Scan using sbtest4_pkey on sbtest4  (cost=0.43..390.41 rows=98 width=121)
	        Index Cond: ((id >= 9729915) AND (id <= 9730014))

table 5 : explain SELECT c FROM sbtest5 WHERE id BETWEEN 4649736 AND 4649835 ORDER BY c
	Sort  (cost=387.63..387.87 rows=97 width=121)
	  Sort Key: c
	  ->  Index Scan using sbtest5_pkey on sbtest5  (cost=0.43..384.43 rows=97 width=121)
	        Index Cond: ((id >= 4649736) AND (id <= 4649835))

table 6 : explain SELECT c FROM sbtest6 WHERE id BETWEEN 5192488 AND 5192587 ORDER BY c
	Sort  (cost=380.69..380.93 rows=95 width=121)
	  Sort Key: c
	  ->  Index Scan using sbtest6_pkey on sbtest6  (cost=0.43..377.57 rows=95 width=121)
	        Index Cond: ((id >= 5192488) AND (id <= 5192587))

table 7 : explain SELECT c FROM sbtest7 WHERE id BETWEEN 5129593 AND 5129692 ORDER BY c
	Sort  (cost=407.76..408.02 rows=102 width=121)
	  Sort Key: c
	  ->  Index Scan using sbtest7_pkey on sbtest7  (cost=0.43..404.36 rows=102 width=121)
	        Index Cond: ((id >= 5129593) AND (id <= 5129692))

table 8 : explain SELECT c FROM sbtest8 WHERE id BETWEEN 624647 AND 624746 ORDER BY c
	Sort  (cost=356.72..356.94 rows=89 width=121)
	  Sort Key: c
	  ->  Index Scan using sbtest8_pkey on sbtest8  (cost=0.43..353.84 rows=89 width=121)
	        Index Cond: ((id >= 624647) AND (id <= 624746))

for: distinct_ranges
table 1 : explain SELECT DISTINCT c FROM sbtest1 WHERE id BETWEEN 4264812 AND 4264911 ORDER BY c
	Unique  (cost=404.34..404.85 rows=101 width=121)
	  ->  Sort  (cost=404.34..404.60 rows=101 width=121)
	        Sort Key: c
	        ->  Index Scan using sbtest1_pkey on sbtest1  (cost=0.43..400.98 rows=101 width=121)
	              Index Cond: ((id >= 4264812) AND (id <= 4264911))

table 2 : explain SELECT DISTINCT c FROM sbtest2 WHERE id BETWEEN 2940638 AND 2940737 ORDER BY c
	Unique  (cost=372.34..372.81 rows=93 width=121)
	  ->  Sort  (cost=372.34..372.57 rows=93 width=121)
	        Sort Key: c
	        ->  Index Scan using sbtest2_pkey on sbtest2  (cost=0.43..369.30 rows=93 width=121)
	              Index Cond: ((id >= 2940638) AND (id <= 2940737))

table 3 : explain SELECT DISTINCT c FROM sbtest3 WHERE id BETWEEN 9105492 AND 9105591 ORDER BY c
	Unique  (cost=409.75..410.26 rows=102 width=121)
	  ->  Sort  (cost=409.75..410.01 rows=102 width=121)
	        Sort Key: c
	        ->  Index Scan using sbtest3_pkey on sbtest3  (cost=0.43..406.35 rows=102 width=121)
	              Index Cond: ((id >= 9105492) AND (id <= 9105591))

table 4 : explain SELECT DISTINCT c FROM sbtest4 WHERE id BETWEEN 6185539 AND 6185638 ORDER BY c
	Unique  (cost=441.38..441.93 rows=110 width=121)
	  ->  Sort  (cost=441.38..441.66 rows=110 width=121)
	        Sort Key: c
	        ->  Index Scan using sbtest4_pkey on sbtest4  (cost=0.43..437.65 rows=110 width=121)
	              Index Cond: ((id >= 6185539) AND (id <= 6185638))

table 5 : explain SELECT DISTINCT c FROM sbtest5 WHERE id BETWEEN 4459179 AND 4459278 ORDER BY c
	Unique  (cost=419.28..419.80 rows=105 width=121)
	  ->  Sort  (cost=419.28..419.54 rows=105 width=121)
	        Sort Key: c
	        ->  Index Scan using sbtest5_pkey on sbtest5  (cost=0.43..415.75 rows=105 width=121)
	              Index Cond: ((id >= 4459179) AND (id <= 4459278))

table 6 : explain SELECT DISTINCT c FROM sbtest6 WHERE id BETWEEN 2682609 AND 2682708 ORDER BY c
	Unique  (cost=416.39..416.91 rows=104 width=121)
	  ->  Sort  (cost=416.39..416.65 rows=104 width=121)
	        Sort Key: c
	        ->  Index Scan using sbtest6_pkey on sbtest6  (cost=0.43..412.90 rows=104 width=121)
	              Index Cond: ((id >= 2682609) AND (id <= 2682708))

table 7 : explain SELECT DISTINCT c FROM sbtest7 WHERE id BETWEEN 2144816 AND 2144915 ORDER BY c
	Unique  (cost=372.13..372.59 rows=93 width=121)
	  ->  Sort  (cost=372.13..372.36 rows=93 width=121)
	        Sort Key: c
	        ->  Index Scan using sbtest7_pkey on sbtest7  (cost=0.43..369.09 rows=93 width=121)
	              Index Cond: ((id >= 2144816) AND (id <= 2144915))

table 8 : explain SELECT DISTINCT c FROM sbtest8 WHERE id BETWEEN 6731532 AND 6731631 ORDER BY c
	Unique  (cost=424.14..424.67 rows=106 width=121)
	  ->  Sort  (cost=424.14..424.41 rows=106 width=121)
	        Sort Key: c
	        ->  Index Scan using sbtest8_pkey on sbtest8  (cost=0.43..420.57 rows=106 width=121)
	              Index Cond: ((id >= 6731532) AND (id <= 6731631))

for: simple_ranges
table 1 : explain SELECT c FROM sbtest1 WHERE id BETWEEN 9427237 AND 9427336
	Index Scan using sbtest1_pkey on sbtest1  (cost=0.43..393.13 rows=99 width=121)
	  Index Cond: ((id >= 9427237) AND (id <= 9427336))

table 2 : explain SELECT c FROM sbtest2 WHERE id BETWEEN 1891502 AND 1891601
	Index Scan using sbtest2_pkey on sbtest2  (cost=0.43..404.62 rows=102 width=121)
	  Index Cond: ((id >= 1891502) AND (id <= 1891601))

table 3 : explain SELECT c FROM sbtest3 WHERE id BETWEEN 7061922 AND 7062021
	Index Scan using sbtest3_pkey on sbtest3  (cost=0.43..406.35 rows=102 width=121)
	  Index Cond: ((id >= 7061922) AND (id <= 7062021))

table 4 : explain SELECT c FROM sbtest4 WHERE id BETWEEN 3240760 AND 3240859
	Index Scan using sbtest4_pkey on sbtest4  (cost=0.43..410.09 rows=103 width=121)
	  Index Cond: ((id >= 3240760) AND (id <= 3240859))

table 5 : explain SELECT c FROM sbtest5 WHERE id BETWEEN 7699875 AND 7699974
	Index Scan using sbtest5_pkey on sbtest5  (cost=0.43..411.84 rows=104 width=121)
	  Index Cond: ((id >= 7699875) AND (id <= 7699974))

table 6 : explain SELECT c FROM sbtest6 WHERE id BETWEEN 540604 AND 540703
	Index Scan using sbtest6_pkey on sbtest6  (cost=0.43..405.05 rows=102 width=121)
	  Index Cond: ((id >= 540604) AND (id <= 540703))

table 7 : explain SELECT c FROM sbtest7 WHERE id BETWEEN 8235589 AND 8235688
	Index Scan using sbtest7_pkey on sbtest7  (cost=0.43..400.44 rows=101 width=121)
	  Index Cond: ((id >= 8235589) AND (id <= 8235688))

table 8 : explain SELECT c FROM sbtest8 WHERE id BETWEEN 2047397 AND 2047496
	Index Scan using sbtest8_pkey on sbtest8  (cost=0.43..389.18 rows=98 width=121)
	  Index Cond: ((id >= 2047397) AND (id <= 2047496))

for: distinct_ranges
table 1 : explain SELECT DISTINCT c FROM sbtest1 WHERE id BETWEEN 748057 AND 748156 ORDER BY c
	Unique  (cost=432.10..432.64 rows=108 width=121)
	  ->  Sort  (cost=432.10..432.37 rows=108 width=121)
	        Sort Key: c
	        ->  Index Scan using sbtest1_pkey on sbtest1  (cost=0.43..428.45 rows=108 width=121)
	              Index Cond: ((id >= 748057) AND (id <= 748156))

table 2 : explain SELECT DISTINCT c FROM sbtest2 WHERE id BETWEEN 3492056 AND 3492155 ORDER BY c
	Unique  (cost=396.14..396.63 rows=99 width=121)
	  ->  Sort  (cost=396.14..396.39 rows=99 width=121)
	        Sort Key: c
	        ->  Index Scan using sbtest2_pkey on sbtest2  (cost=0.43..392.86 rows=99 width=121)
	              Index Cond: ((id >= 3492056) AND (id <= 3492155))

table 3 : explain SELECT DISTINCT c FROM sbtest3 WHERE id BETWEEN 8250690 AND 8250789 ORDER BY c
	Unique  (cost=413.73..414.25 rows=103 width=121)
	  ->  Sort  (cost=413.73..413.99 rows=103 width=121)
	        Sort Key: c
	        ->  Index Scan using sbtest3_pkey on sbtest3  (cost=0.43..410.29 rows=103 width=121)
	              Index Cond: ((id >= 8250690) AND (id <= 8250789))

table 4 : explain SELECT DISTINCT c FROM sbtest4 WHERE id BETWEEN 8176185 AND 8176284 ORDER BY c
	Unique  (cost=385.69..386.17 rows=96 width=121)
	  ->  Sort  (cost=385.69..385.93 rows=96 width=121)
	        Sort Key: c
	        ->  Index Scan using sbtest4_pkey on sbtest4  (cost=0.43..382.53 rows=96 width=121)
	              Index Cond: ((id >= 8176185) AND (id <= 8176284))

table 5 : explain SELECT DISTINCT c FROM sbtest5 WHERE id BETWEEN 8289980 AND 8290079 ORDER BY c
	Unique  (cost=371.81..372.27 rows=93 width=121)
	  ->  Sort  (cost=371.81..372.04 rows=93 width=121)
	        Sort Key: c
	        ->  Index Scan using sbtest5_pkey on sbtest5  (cost=0.43..368.77 rows=93 width=121)
	              Index Cond: ((id >= 8289980) AND (id <= 8290079))

table 6 : explain SELECT DISTINCT c FROM sbtest6 WHERE id BETWEEN 5816256 AND 5816355 ORDER BY c
	Unique  (cost=396.56..397.05 rows=99 width=121)
	  ->  Sort  (cost=396.56..396.80 rows=99 width=121)
	        Sort Key: c
	        ->  Index Scan using sbtest6_pkey on sbtest6  (cost=0.43..393.27 rows=99 width=121)
	              Index Cond: ((id >= 5816256) AND (id <= 5816355))

table 7 : explain SELECT DISTINCT c FROM sbtest7 WHERE id BETWEEN 8360650 AND 8360749 ORDER BY c
	Unique  (cost=372.13..372.59 rows=93 width=121)
	  ->  Sort  (cost=372.13..372.36 rows=93 width=121)
	        Sort Key: c
	        ->  Index Scan using sbtest7_pkey on sbtest7  (cost=0.43..369.09 rows=93 width=121)
	              Index Cond: ((id >= 8360650) AND (id <= 8360749))

table 8 : explain SELECT DISTINCT c FROM sbtest8 WHERE id BETWEEN 5146540 AND 5146639 ORDER BY c
	Unique  (cost=392.42..392.91 rows=98 width=121)
	  ->  Sort  (cost=392.42..392.67 rows=98 width=121)
	        Sort Key: c
	        ->  Index Scan using sbtest8_pkey on sbtest8  (cost=0.43..389.18 rows=98 width=121)
	              Index Cond: ((id >= 5146540) AND (id <= 5146639))

for: simple_ranges
table 1 : explain SELECT c FROM sbtest1 WHERE id BETWEEN 3970860 AND 3970959
	Index Scan using sbtest1_pkey on sbtest1  (cost=0.43..397.06 rows=100 width=121)
	  Index Cond: ((id >= 3970860) AND (id <= 3970959))

table 2 : explain SELECT c FROM sbtest2 WHERE id BETWEEN 4108223 AND 4108322
	Index Scan using sbtest2_pkey on sbtest2  (cost=0.43..373.22 rows=94 width=121)
	  Index Cond: ((id >= 4108223) AND (id <= 4108322))

table 3 : explain SELECT c FROM sbtest3 WHERE id BETWEEN 4730960 AND 4731059
	Index Scan using sbtest3_pkey on sbtest3  (cost=0.43..390.59 rows=98 width=121)
	  Index Cond: ((id >= 4730960) AND (id <= 4731059))

table 4 : explain SELECT c FROM sbtest4 WHERE id BETWEEN 8395784 AND 8395883
	Index Scan using sbtest4_pkey on sbtest4  (cost=0.43..378.60 rows=95 width=121)
	  Index Cond: ((id >= 8395784) AND (id <= 8395883))

table 5 : explain SELECT c FROM sbtest5 WHERE id BETWEEN 9461487 AND 9461586
	Index Scan using sbtest5_pkey on sbtest5  (cost=0.43..439.25 rows=111 width=121)
	  Index Cond: ((id >= 9461487) AND (id <= 9461586))

table 6 : explain SELECT c FROM sbtest6 WHERE id BETWEEN 2178497 AND 2178596
	Index Scan using sbtest6_pkey on sbtest6  (cost=0.43..377.57 rows=95 width=121)
	  Index Cond: ((id >= 2178497) AND (id <= 2178596))

table 7 : explain SELECT c FROM sbtest7 WHERE id BETWEEN 5696688 AND 5696787
	Index Scan using sbtest7_pkey on sbtest7  (cost=0.43..400.44 rows=101 width=121)
	  Index Cond: ((id >= 5696688) AND (id <= 5696787))

table 8 : explain SELECT c FROM sbtest8 WHERE id BETWEEN 6301099 AND 6301198
	Index Scan using sbtest8_pkey on sbtest8  (cost=0.43..381.33 rows=96 width=121)
	  Index Cond: ((id >= 6301099) AND (id <= 6301198))

for: order_ranges
table 1 : explain SELECT c FROM sbtest1 WHERE id BETWEEN 5138936 AND 5139035 ORDER BY c
	Sort  (cost=392.45..392.69 rows=98 width=121)
	  Sort Key: c
	  ->  Index Scan using sbtest1_pkey on sbtest1  (cost=0.43..389.21 rows=98 width=121)
	        Index Cond: ((id >= 5138936) AND (id <= 5139035))

table 2 : explain SELECT c FROM sbtest2 WHERE id BETWEEN 820106 AND 820205 ORDER BY c
	Sort  (cost=380.27..380.50 rows=95 width=121)
	  Sort Key: c
	  ->  Index Scan using sbtest2_pkey on sbtest2  (cost=0.43..377.15 rows=95 width=121)
	        Index Cond: ((id >= 820106) AND (id <= 820205))

table 3 : explain SELECT c FROM sbtest3 WHERE id BETWEEN 6180102 AND 6180201 ORDER BY c
	Sort  (cost=381.90..382.13 rows=95 width=121)
	  Sort Key: c
	  ->  Index Scan using sbtest3_pkey on sbtest3  (cost=0.43..378.78 rows=95 width=121)
	        Index Cond: ((id >= 6180102) AND (id <= 6180201))

table 4 : explain SELECT c FROM sbtest4 WHERE id BETWEEN 1896153 AND 1896252 ORDER BY c
	Sort  (cost=389.67..389.91 rows=97 width=121)
	  Sort Key: c
	  ->  Index Scan using sbtest4_pkey on sbtest4  (cost=0.43..386.47 rows=97 width=121)
	        Index Cond: ((id >= 1896153) AND (id <= 1896252))

table 5 : explain SELECT c FROM sbtest5 WHERE id BETWEEN 5421316 AND 5421415 ORDER BY c
	Sort  (cost=355.96..356.18 rows=89 width=121)
	  Sort Key: c
	  ->  Index Scan using sbtest5_pkey on sbtest5  (cost=0.43..353.08 rows=89 width=121)
	        Index Cond: ((id >= 5421316) AND (id <= 5421415))

table 6 : explain SELECT c FROM sbtest6 WHERE id BETWEEN 4388321 AND 4388420 ORDER BY c
	Sort  (cost=436.22..436.50 rows=109 width=121)
	  Sort Key: c
	  ->  Index Scan using sbtest6_pkey on sbtest6  (cost=0.43..432.53 rows=109 width=121)
	        Index Cond: ((id >= 4388321) AND (id <= 4388420))

table 7 : explain SELECT c FROM sbtest7 WHERE id BETWEEN 1866893 AND 1866992 ORDER BY c
	Sort  (cost=427.56..427.83 rows=107 width=121)
	  Sort Key: c
	  ->  Index Scan using sbtest7_pkey on sbtest7  (cost=0.43..423.96 rows=107 width=121)
	        Index Cond: ((id >= 1866893) AND (id <= 1866992))

table 8 : explain SELECT c FROM sbtest8 WHERE id BETWEEN 2370922 AND 2371021 ORDER BY c
	Sort  (cost=396.39..396.63 rows=99 width=121)
	  Sort Key: c
	  ->  Index Scan using sbtest8_pkey on sbtest8  (cost=0.43..393.10 rows=99 width=121)
	        Index Cond: ((id >= 2370922) AND (id <= 2371021))

for: sum_ranges
table 1 : explain SELECT SUM(k) FROM sbtest1 WHERE id BETWEEN 8638484 AND 8638583
	Aggregate  (cost=416.94..416.95 rows=1 width=8)
	  ->  Index Scan using sbtest1_pkey on sbtest1  (cost=0.43..416.68 rows=105 width=4)
	        Index Cond: ((id >= 8638484) AND (id <= 8638583))

table 2 : explain SELECT SUM(k) FROM sbtest2 WHERE id BETWEEN 2129396 AND 2129495
	Aggregate  (cost=420.57..420.58 rows=1 width=8)
	  ->  Index Scan using sbtest2_pkey on sbtest2  (cost=0.43..420.31 rows=106 width=4)
	        Index Cond: ((id >= 2129396) AND (id <= 2129495))

table 3 : explain SELECT SUM(k) FROM sbtest3 WHERE id BETWEEN 9949487 AND 9949586
	Aggregate  (cost=390.84..390.85 rows=1 width=8)
	  ->  Index Scan using sbtest3_pkey on sbtest3  (cost=0.43..390.59 rows=98 width=4)
	        Index Cond: ((id >= 9949487) AND (id <= 9949586))

table 4 : explain SELECT SUM(k) FROM sbtest4 WHERE id BETWEEN 7599373 AND 7599472
	Aggregate  (cost=378.83..378.84 rows=1 width=8)
	  ->  Index Scan using sbtest4_pkey on sbtest4  (cost=0.43..378.60 rows=95 width=4)
	        Index Cond: ((id >= 7599373) AND (id <= 7599472))

table 5 : explain SELECT SUM(k) FROM sbtest5 WHERE id BETWEEN 3279068 AND 3279167
	Aggregate  (cost=376.84..376.85 rows=1 width=8)
	  ->  Index Scan using sbtest5_pkey on sbtest5  (cost=0.43..376.60 rows=95 width=4)
	        Index Cond: ((id >= 3279068) AND (id <= 3279167))

table 6 : explain SELECT SUM(k) FROM sbtest6 WHERE id BETWEEN 5127420 AND 5127519
	Aggregate  (cost=362.07..362.08 rows=1 width=8)
	  ->  Index Scan using sbtest6_pkey on sbtest6  (cost=0.43..361.84 rows=91 width=4)
	        Index Cond: ((id >= 5127420) AND (id <= 5127519))

table 7 : explain SELECT SUM(k) FROM sbtest7 WHERE id BETWEEN 886005 AND 886104
	Aggregate  (cost=369.32..369.33 rows=1 width=8)
	  ->  Index Scan using sbtest7_pkey on sbtest7  (cost=0.43..369.09 rows=93 width=4)
	        Index Cond: ((id >= 886005) AND (id <= 886104))

table 8 : explain SELECT SUM(k) FROM sbtest8 WHERE id BETWEEN 833 AND 932
	Aggregate  (cost=389.43..389.44 rows=1 width=8)
	  ->  Index Scan using sbtest8_pkey on sbtest8  (cost=0.43..389.18 rows=98 width=4)
	        Index Cond: ((id >= 833) AND (id <= 932))

for: distinct_ranges
table 1 : explain SELECT DISTINCT c FROM sbtest1 WHERE id BETWEEN 5420626 AND 5420725 ORDER BY c
	Unique  (cost=440.03..440.58 rows=110 width=121)
	  ->  Sort  (cost=440.03..440.31 rows=110 width=121)
	        Sort Key: c
	        ->  Index Scan using sbtest1_pkey on sbtest1  (cost=0.43..436.30 rows=110 width=121)
	              Index Cond: ((id >= 5420626) AND (id <= 5420725))

table 2 : explain SELECT DISTINCT c FROM sbtest2 WHERE id BETWEEN 586473 AND 586572 ORDER BY c
	Unique  (cost=415.95..416.47 rows=104 width=121)
	  ->  Sort  (cost=415.95..416.21 rows=104 width=121)
	        Sort Key: c
	        ->  Index Scan using sbtest2_pkey on sbtest2  (cost=0.43..412.47 rows=104 width=121)
	              Index Cond: ((id >= 586473) AND (id <= 586572))

table 3 : explain SELECT DISTINCT c FROM sbtest3 WHERE id BETWEEN 5009182 AND 5009281 ORDER BY c
	Unique  (cost=385.88..386.36 rows=96 width=121)
	  ->  Sort  (cost=385.88..386.12 rows=96 width=121)
	        Sort Key: c
	        ->  Index Scan using sbtest3_pkey on sbtest3  (cost=0.43..382.72 rows=96 width=121)
	              Index Cond: ((id >= 5009182) AND (id <= 5009281))

table 4 : explain SELECT DISTINCT c FROM sbtest4 WHERE id BETWEEN 3414928 AND 3415027 ORDER BY c
	Unique  (cost=361.81..362.26 rows=90 width=121)
	  ->  Sort  (cost=361.81..362.04 rows=90 width=121)
	        Sort Key: c
	        ->  Index Scan using sbtest4_pkey on sbtest4  (cost=0.43..358.89 rows=90 width=121)
	              Index Cond: ((id >= 3414928) AND (id <= 3415027))

table 5 : explain SELECT DISTINCT c FROM sbtest5 WHERE id BETWEEN 2629165 AND 2629264 ORDER BY c
	Unique  (cost=387.63..388.12 rows=97 width=121)
	  ->  Sort  (cost=387.63..387.87 rows=97 width=121)
	        Sort Key: c
	        ->  Index Scan using sbtest5_pkey on sbtest5  (cost=0.43..384.43 rows=97 width=121)
	              Index Cond: ((id >= 2629165) AND (id <= 2629264))

table 6 : explain SELECT DISTINCT c FROM sbtest6 WHERE id BETWEEN 960671 AND 960770 ORDER BY c
	Unique  (cost=432.26..432.80 rows=108 width=121)
	  ->  Sort  (cost=432.26..432.53 rows=108 width=121)
	        Sort Key: c
	        ->  Index Scan using sbtest6_pkey on sbtest6  (cost=0.43..428.61 rows=108 width=121)
	              Index Cond: ((id >= 960671) AND (id <= 960770))

table 7 : explain SELECT DISTINCT c FROM sbtest7 WHERE id BETWEEN 4560668 AND 4560767 ORDER BY c
	Unique  (cost=443.40..443.96 rows=111 width=121)
	  ->  Sort  (cost=443.40..443.68 rows=111 width=121)
	        Sort Key: c
	        ->  Index Scan using sbtest7_pkey on sbtest7  (cost=0.43..439.63 rows=111 width=121)
	              Index Cond: ((id >= 4560668) AND (id <= 4560767))

table 8 : explain SELECT DISTINCT c FROM sbtest8 WHERE id BETWEEN 74065 AND 74164 ORDER BY c
	Unique  (cost=392.42..392.91 rows=98 width=121)
	  ->  Sort  (cost=392.42..392.67 rows=98 width=121)
	        Sort Key: c
	        ->  Index Scan using sbtest8_pkey on sbtest8  (cost=0.43..389.18 rows=98 width=121)
	              Index Cond: ((id >= 74065) AND (id <= 74164))

for: sum_ranges
table 1 : explain SELECT SUM(k) FROM sbtest1 WHERE id BETWEEN 6766185 AND 6766284
	Aggregate  (cost=381.58..381.59 rows=1 width=8)
	  ->  Index Scan using sbtest1_pkey on sbtest1  (cost=0.43..381.34 rows=96 width=4)
	        Index Cond: ((id >= 6766185) AND (id <= 6766284))

table 2 : explain SELECT SUM(k) FROM sbtest2 WHERE id BETWEEN 9593049 AND 9593148
	Aggregate  (cost=436.27..436.28 rows=1 width=8)
	  ->  Index Scan using sbtest2_pkey on sbtest2  (cost=0.43..436.00 rows=110 width=4)
	        Index Cond: ((id >= 9593049) AND (id <= 9593148))

table 3 : explain SELECT SUM(k) FROM sbtest3 WHERE id BETWEEN 6284193 AND 6284292
	Aggregate  (cost=414.49..414.50 rows=1 width=8)
	  ->  Index Scan using sbtest3_pkey on sbtest3  (cost=0.43..414.23 rows=104 width=4)
	        Index Cond: ((id >= 6284193) AND (id <= 6284292))

table 4 : explain SELECT SUM(k) FROM sbtest4 WHERE id BETWEEN 4110071 AND 4110170
	Aggregate  (cost=437.93..437.94 rows=1 width=8)
	  ->  Index Scan using sbtest4_pkey on sbtest4  (cost=0.43..437.65 rows=110 width=4)
	        Index Cond: ((id >= 4110071) AND (id <= 4110170))

table 5 : explain SELECT SUM(k) FROM sbtest5 WHERE id BETWEEN 832548 AND 832647
	Aggregate  (cost=361.16..361.17 rows=1 width=8)
	  ->  Index Scan using sbtest5_pkey on sbtest5  (cost=0.43..360.94 rows=91 width=4)
	        Index Cond: ((id >= 832548) AND (id <= 832647))

table 6 : explain SELECT SUM(k) FROM sbtest6 WHERE id BETWEEN 6600484 AND 6600583
	Aggregate  (cost=369.95..369.96 rows=1 width=8)
	  ->  Index Scan using sbtest6_pkey on sbtest6  (cost=0.43..369.72 rows=93 width=4)
	        Index Cond: ((id >= 6600484) AND (id <= 6600583))

table 7 : explain SELECT SUM(k) FROM sbtest7 WHERE id BETWEEN 3642498 AND 3642597
	Aggregate  (cost=416.38..416.39 rows=1 width=8)
	  ->  Index Scan using sbtest7_pkey on sbtest7  (cost=0.43..416.12 rows=105 width=4)
	        Index Cond: ((id >= 3642498) AND (id <= 3642597))

table 8 : explain SELECT SUM(k) FROM sbtest8 WHERE id BETWEEN 3926121 AND 3926220
	Aggregate  (cost=357.99..358.00 rows=1 width=8)
	  ->  Index Scan using sbtest8_pkey on sbtest8  (cost=0.43..357.76 rows=90 width=4)
	        Index Cond: ((id >= 3926121) AND (id <= 3926220))

for: sum_ranges
table 1 : explain SELECT SUM(k) FROM sbtest1 WHERE id BETWEEN 5302367 AND 5302466
	Aggregate  (cost=436.58..436.59 rows=1 width=8)
	  ->  Index Scan using sbtest1_pkey on sbtest1  (cost=0.43..436.30 rows=110 width=4)
	        Index Cond: ((id >= 5302367) AND (id <= 5302466))

table 2 : explain SELECT SUM(k) FROM sbtest2 WHERE id BETWEEN 1092169 AND 1092268
	Aggregate  (cost=361.69..361.70 rows=1 width=8)
	  ->  Index Scan using sbtest2_pkey on sbtest2  (cost=0.43..361.46 rows=91 width=4)
	        Index Cond: ((id >= 1092169) AND (id <= 1092268))

table 3 : explain SELECT SUM(k) FROM sbtest3 WHERE id BETWEEN 6738256 AND 6738355
	Aggregate  (cost=442.08..442.09 rows=1 width=8)
	  ->  Index Scan using sbtest3_pkey on sbtest3  (cost=0.43..441.80 rows=111 width=4)
	        Index Cond: ((id >= 6738256) AND (id <= 6738355))

table 4 : explain SELECT SUM(k) FROM sbtest4 WHERE id BETWEEN 6934391 AND 6934490
	Aggregate  (cost=410.35..410.36 rows=1 width=8)
	  ->  Index Scan using sbtest4_pkey on sbtest4  (cost=0.43..410.09 rows=103 width=4)
	        Index Cond: ((id >= 6934391) AND (id <= 6934490))

table 5 : explain SELECT SUM(k) FROM sbtest5 WHERE id BETWEEN 2241905 AND 2242004
	Aggregate  (cost=396.43..396.44 rows=1 width=8)
	  ->  Index Scan using sbtest5_pkey on sbtest5  (cost=0.43..396.18 rows=100 width=4)
	        Index Cond: ((id >= 2241905) AND (id <= 2242004))

table 6 : explain SELECT SUM(k) FROM sbtest6 WHERE id BETWEEN 1023365 AND 1023464
	Aggregate  (cost=389.59..389.60 rows=1 width=8)
	  ->  Index Scan using sbtest6_pkey on sbtest6  (cost=0.43..389.35 rows=98 width=4)
	        Index Cond: ((id >= 1023365) AND (id <= 1023464))

table 7 : explain SELECT SUM(k) FROM sbtest7 WHERE id BETWEEN 6228280 AND 6228379
	Aggregate  (cost=396.77..396.78 rows=1 width=8)
	  ->  Index Scan using sbtest7_pkey on sbtest7  (cost=0.43..396.52 rows=100 width=4)
	        Index Cond: ((id >= 6228280) AND (id <= 6228379))

table 8 : explain SELECT SUM(k) FROM sbtest8 WHERE id BETWEEN 4507252 AND 4507351
	Aggregate  (cost=381.57..381.58 rows=1 width=8)
	  ->  Index Scan using sbtest8_pkey on sbtest8  (cost=0.43..381.33 rows=96 width=4)
	        Index Cond: ((id >= 4507252) AND (id <= 4507351))

for: order_ranges
table 1 : explain SELECT c FROM sbtest1 WHERE id BETWEEN 5597065 AND 5597164 ORDER BY c
	Sort  (cost=400.38..400.63 rows=100 width=121)
	  Sort Key: c
	  ->  Index Scan using sbtest1_pkey on sbtest1  (cost=0.43..397.06 rows=100 width=121)
	        Index Cond: ((id >= 5597065) AND (id <= 5597164))

table 2 : explain SELECT c FROM sbtest2 WHERE id BETWEEN 9223890 AND 9223989 ORDER BY c
	Sort  (cost=419.91..420.17 rows=105 width=121)
	  Sort Key: c
	  ->  Index Scan using sbtest2_pkey on sbtest2  (cost=0.43..416.39 rows=105 width=121)
	        Index Cond: ((id >= 9223890) AND (id <= 9223989))

table 3 : explain SELECT c FROM sbtest3 WHERE id BETWEEN 9120443 AND 9120542 ORDER BY c
	Sort  (cost=409.75..410.01 rows=102 width=121)
	  Sort Key: c
	  ->  Index Scan using sbtest3_pkey on sbtest3  (cost=0.43..406.35 rows=102 width=121)
	        Index Cond: ((id >= 9120443) AND (id <= 9120542))

table 4 : explain SELECT c FROM sbtest4 WHERE id BETWEEN 5758589 AND 5758688 ORDER BY c
	Sort  (cost=417.51..417.77 rows=104 width=121)
	  Sort Key: c
	  ->  Index Scan using sbtest4_pkey on sbtest4  (cost=0.43..414.03 rows=104 width=121)
	        Index Cond: ((id >= 5758589) AND (id <= 5758688))

table 5 : explain SELECT c FROM sbtest5 WHERE id BETWEEN 4088066 AND 4088165 ORDER BY c
	Sort  (cost=427.19..427.46 rows=107 width=121)
	  Sort Key: c
	  ->  Index Scan using sbtest5_pkey on sbtest5  (cost=0.43..423.59 rows=107 width=121)
	        Index Cond: ((id >= 4088066) AND (id <= 4088165))

table 6 : explain SELECT c FROM sbtest6 WHERE id BETWEEN 4492582 AND 4492681 ORDER BY c
	Sort  (cost=400.52..400.77 rows=100 width=121)
	  Sort Key: c
	  ->  Index Scan using sbtest6_pkey on sbtest6  (cost=0.43..397.20 rows=100 width=121)
	        Index Cond: ((id >= 4492582) AND (id <= 4492681))

table 7 : explain SELECT c FROM sbtest7 WHERE id BETWEEN 700286 AND 700385 ORDER BY c
	Sort  (cost=411.72..411.98 rows=103 width=121)
	  Sort Key: c
	  ->  Index Scan using sbtest7_pkey on sbtest7  (cost=0.43..408.28 rows=103 width=121)
	        Index Cond: ((id >= 700286) AND (id <= 700385))

table 8 : explain SELECT c FROM sbtest8 WHERE id BETWEEN 5111871 AND 5111970 ORDER BY c
	Sort  (cost=404.32..404.57 rows=101 width=121)
	  Sort Key: c
	  ->  Index Scan using sbtest8_pkey on sbtest8  (cost=0.43..400.95 rows=101 width=121)
	        Index Cond: ((id >= 5111871) AND (id <= 5111970))

for: distinct_ranges
table 1 : explain SELECT DISTINCT c FROM sbtest1 WHERE id BETWEEN 3220793 AND 3220892 ORDER BY c
	Unique  (cost=404.34..404.85 rows=101 width=121)
	  ->  Sort  (cost=404.34..404.60 rows=101 width=121)
	        Sort Key: c
	        ->  Index Scan using sbtest1_pkey on sbtest1  (cost=0.43..400.98 rows=101 width=121)
	              Index Cond: ((id >= 3220793) AND (id <= 3220892))

table 2 : explain SELECT DISTINCT c FROM sbtest2 WHERE id BETWEEN 9609672 AND 9609771 ORDER BY c
	Unique  (cost=388.21..388.70 rows=97 width=121)
	  ->  Sort  (cost=388.21..388.46 rows=97 width=121)
	        Sort Key: c
	        ->  Index Scan using sbtest2_pkey on sbtest2  (cost=0.43..385.01 rows=97 width=121)
	              Index Cond: ((id >= 9609672) AND (id <= 9609771))

table 3 : explain SELECT DISTINCT c FROM sbtest3 WHERE id BETWEEN 1241586 AND 1241685 ORDER BY c
	Unique  (cost=413.73..414.25 rows=103 width=121)
	  ->  Sort  (cost=413.73..413.99 rows=103 width=121)
	        Sort Key: c
	        ->  Index Scan using sbtest3_pkey on sbtest3  (cost=0.43..410.29 rows=103 width=121)
	              Index Cond: ((id >= 1241586) AND (id <= 1241685))

table 4 : explain SELECT DISTINCT c FROM sbtest4 WHERE id BETWEEN 301900 AND 301999 ORDER BY c
	Unique  (cost=421.49..422.02 rows=105 width=121)
	  ->  Sort  (cost=421.49..421.75 rows=105 width=121)
	        Sort Key: c
	        ->  Index Scan using sbtest4_pkey on sbtest4  (cost=0.43..417.97 rows=105 width=121)
	              Index Cond: ((id >= 301900) AND (id <= 301999))

table 5 : explain SELECT DISTINCT c FROM sbtest5 WHERE id BETWEEN 9369739 AND 9369838 ORDER BY c
	Unique  (cost=371.81..372.27 rows=93 width=121)
	  ->  Sort  (cost=371.81..372.04 rows=93 width=121)
	        Sort Key: c
	        ->  Index Scan using sbtest5_pkey on sbtest5  (cost=0.43..368.77 rows=93 width=121)
	              Index Cond: ((id >= 9369739) AND (id <= 9369838))

table 6 : explain SELECT DISTINCT c FROM sbtest6 WHERE id BETWEEN 6638628 AND 6638727 ORDER BY c
	Unique  (cost=372.76..373.22 rows=93 width=121)
	  ->  Sort  (cost=372.76..372.99 rows=93 width=121)
	        Sort Key: c
	        ->  Index Scan using sbtest6_pkey on sbtest6  (cost=0.43..369.72 rows=93 width=121)
	              Index Cond: ((id >= 6638628) AND (id <= 6638727))

table 7 : explain SELECT DISTINCT c FROM sbtest7 WHERE id BETWEEN 9295417 AND 9295516 ORDER BY c
	Unique  (cost=391.93..392.42 rows=98 width=121)
	  ->  Sort  (cost=391.93..392.17 rows=98 width=121)
	        Sort Key: c
	        ->  Index Scan using sbtest7_pkey on sbtest7  (cost=0.43..388.68 rows=98 width=121)
	              Index Cond: ((id >= 9295417) AND (id <= 9295516))

table 8 : explain SELECT DISTINCT c FROM sbtest8 WHERE id BETWEEN 4237970 AND 4238069 ORDER BY c
	Unique  (cost=428.11..428.64 rows=107 width=121)
	  ->  Sort  (cost=428.11..428.37 rows=107 width=121)
	        Sort Key: c
	        ->  Index Scan using sbtest8_pkey on sbtest8  (cost=0.43..424.50 rows=107 width=121)
	              Index Cond: ((id >= 4237970) AND (id <= 4238069))

for point_selects
table 1 : explain SELECT c FROM sbtest1 WHERE id=8617795
	Index Scan using sbtest1_pkey on sbtest1  (cost=0.43..8.45 rows=1 width=121)
	  Index Cond: (id = 8617795)

table 2 : explain SELECT c FROM sbtest2 WHERE id=2578797
	Index Scan using sbtest2_pkey on sbtest2  (cost=0.43..8.45 rows=1 width=121)
	  Index Cond: (id = 2578797)

table 3 : explain SELECT c FROM sbtest3 WHERE id=6560257
	Index Scan using sbtest3_pkey on sbtest3  (cost=0.43..8.45 rows=1 width=121)
	  Index Cond: (id = 6560257)

table 4 : explain SELECT c FROM sbtest4 WHERE id=2171495
	Index Scan using sbtest4_pkey on sbtest4  (cost=0.43..8.45 rows=1 width=121)
	  Index Cond: (id = 2171495)

table 5 : explain SELECT c FROM sbtest5 WHERE id=9230226
	Index Scan using sbtest5_pkey on sbtest5  (cost=0.43..8.45 rows=1 width=121)
	  Index Cond: (id = 9230226)

table 6 : explain SELECT c FROM sbtest6 WHERE id=6660615
	Index Scan using sbtest6_pkey on sbtest6  (cost=0.43..8.45 rows=1 width=121)
	  Index Cond: (id = 6660615)

table 7 : explain SELECT c FROM sbtest7 WHERE id=2753170
	Index Scan using sbtest7_pkey on sbtest7  (cost=0.43..8.45 rows=1 width=121)
	  Index Cond: (id = 2753170)

table 8 : explain SELECT c FROM sbtest8 WHERE id=95797
	Index Scan using sbtest8_pkey on sbtest8  (cost=0.43..8.45 rows=1 width=121)
	  Index Cond: (id = 95797)

for: simple_ranges
table 1 : explain SELECT c FROM sbtest1 WHERE id BETWEEN 771276 AND 771375
	Index Scan using sbtest1_pkey on sbtest1  (cost=0.43..428.45 rows=108 width=121)
	  Index Cond: ((id >= 771276) AND (id <= 771375))

table 2 : explain SELECT c FROM sbtest2 WHERE id BETWEEN 800396 AND 800495
	Index Scan using sbtest2_pkey on sbtest2  (cost=0.43..381.09 rows=96 width=121)
	  Index Cond: ((id >= 800396) AND (id <= 800495))

table 3 : explain SELECT c FROM sbtest3 WHERE id BETWEEN 4504538 AND 4504637
	Index Scan using sbtest3_pkey on sbtest3  (cost=0.43..402.41 rows=101 width=121)
	  Index Cond: ((id >= 4504538) AND (id <= 4504637))

table 4 : explain SELECT c FROM sbtest4 WHERE id BETWEEN 6214090 AND 6214189
	Index Scan using sbtest4_pkey on sbtest4  (cost=0.43..402.22 rows=101 width=121)
	  Index Cond: ((id >= 6214090) AND (id <= 6214189))

table 5 : explain SELECT c FROM sbtest5 WHERE id BETWEEN 8349828 AND 8349927
	Index Scan using sbtest5_pkey on sbtest5  (cost=0.43..415.75 rows=105 width=121)
	  Index Cond: ((id >= 8349828) AND (id <= 8349927))

table 6 : explain SELECT c FROM sbtest6 WHERE id BETWEEN 6864563 AND 6864662
	Index Scan using sbtest6_pkey on sbtest6  (cost=0.43..373.64 rows=94 width=121)
	  Index Cond: ((id >= 6864563) AND (id <= 6864662))

table 7 : explain SELECT c FROM sbtest7 WHERE id BETWEEN 6534212 AND 6534311
	Index Scan using sbtest7_pkey on sbtest7  (cost=0.43..380.85 rows=96 width=121)
	  Index Cond: ((id >= 6534212) AND (id <= 6534311))

table 8 : explain SELECT c FROM sbtest8 WHERE id BETWEEN 8441276 AND 8441375
	Index Scan using sbtest8_pkey on sbtest8  (cost=0.43..373.48 rows=94 width=121)
	  Index Cond: ((id >= 8441276) AND (id <= 8441375))

for: order_ranges
table 1 : explain SELECT c FROM sbtest1 WHERE id BETWEEN 7626812 AND 7626911 ORDER BY c
	Sort  (cost=396.41..396.66 rows=99 width=121)
	  Sort Key: c
	  ->  Index Scan using sbtest1_pkey on sbtest1  (cost=0.43..393.13 rows=99 width=121)
	        Index Cond: ((id >= 7626812) AND (id <= 7626911))

table 2 : explain SELECT c FROM sbtest2 WHERE id BETWEEN 7999027 AND 7999126 ORDER BY c
	Sort  (cost=372.34..372.57 rows=93 width=121)
	  Sort Key: c
	  ->  Index Scan using sbtest2_pkey on sbtest2  (cost=0.43..369.30 rows=93 width=121)
	        Index Cond: ((id >= 7999027) AND (id <= 7999126))

table 3 : explain SELECT c FROM sbtest3 WHERE id BETWEEN 6381356 AND 6381455 ORDER BY c
	Sort  (cost=401.79..402.04 rows=100 width=121)
	  Sort Key: c
	  ->  Index Scan using sbtest3_pkey on sbtest3  (cost=0.43..398.47 rows=100 width=121)
	        Index Cond: ((id >= 6381356) AND (id <= 6381455))

table 4 : explain SELECT c FROM sbtest4 WHERE id BETWEEN 1730467 AND 1730566 ORDER BY c
	Sort  (cost=373.74..373.98 rows=93 width=121)
	  Sort Key: c
	  ->  Index Scan using sbtest4_pkey on sbtest4  (cost=0.43..370.70 rows=93 width=121)
	        Index Cond: ((id >= 1730467) AND (id <= 1730566))

table 5 : explain SELECT c FROM sbtest5 WHERE id BETWEEN 7846083 AND 7846182 ORDER BY c
	Sort  (cost=379.72..379.96 rows=95 width=121)
	  Sort Key: c
	  ->  Index Scan using sbtest5_pkey on sbtest5  (cost=0.43..376.60 rows=95 width=121)
	        Index Cond: ((id >= 7846083) AND (id <= 7846182))

table 6 : explain SELECT c FROM sbtest6 WHERE id BETWEEN 7012403 AND 7012502 ORDER BY c
	Sort  (cost=376.72..376.96 rows=94 width=121)
	  Sort Key: c
	  ->  Index Scan using sbtest6_pkey on sbtest6  (cost=0.43..373.64 rows=94 width=121)
	        Index Cond: ((id >= 7012403) AND (id <= 7012502))

table 7 : explain SELECT c FROM sbtest7 WHERE id BETWEEN 8253410 AND 8253509 ORDER BY c
	Sort  (cost=403.80..404.06 rows=101 width=121)
	  Sort Key: c
	  ->  Index Scan using sbtest7_pkey on sbtest7  (cost=0.43..400.44 rows=101 width=121)
	        Index Cond: ((id >= 8253410) AND (id <= 8253509))

table 8 : explain SELECT c FROM sbtest8 WHERE id BETWEEN 3921056 AND 3921155 ORDER BY c
	Sort  (cost=360.68..360.91 rows=90 width=121)
	  Sort Key: c
	  ->  Index Scan using sbtest8_pkey on sbtest8  (cost=0.43..357.76 rows=90 width=121)
	        Index Cond: ((id >= 3921056) AND (id <= 3921155))

for: simple_ranges
table 1 : explain SELECT c FROM sbtest1 WHERE id BETWEEN 7173343 AND 7173442
	Index Scan using sbtest1_pkey on sbtest1  (cost=0.43..393.13 rows=99 width=121)
	  Index Cond: ((id >= 7173343) AND (id <= 7173442))

table 2 : explain SELECT c FROM sbtest2 WHERE id BETWEEN 7628853 AND 7628952
	Index Scan using sbtest2_pkey on sbtest2  (cost=0.43..377.15 rows=95 width=121)
	  Index Cond: ((id >= 7628853) AND (id <= 7628952))

table 3 : explain SELECT c FROM sbtest3 WHERE id BETWEEN 7520247 AND 7520346
	Index Scan using sbtest3_pkey on sbtest3  (cost=0.43..390.59 rows=98 width=121)
	  Index Cond: ((id >= 7520247) AND (id <= 7520346))

table 4 : explain SELECT c FROM sbtest4 WHERE id BETWEEN 4100747 AND 4100846
	Index Scan using sbtest4_pkey on sbtest4  (cost=0.43..437.65 rows=110 width=121)
	  Index Cond: ((id >= 4100747) AND (id <= 4100846))

table 5 : explain SELECT c FROM sbtest5 WHERE id BETWEEN 7075229 AND 7075328
	Index Scan using sbtest5_pkey on sbtest5  (cost=0.43..360.94 rows=91 width=121)
	  Index Cond: ((id >= 7075229) AND (id <= 7075328))

table 6 : explain SELECT c FROM sbtest6 WHERE id BETWEEN 6880929 AND 6881028
	Index Scan using sbtest6_pkey on sbtest6  (cost=0.43..373.64 rows=94 width=121)
	  Index Cond: ((id >= 6880929) AND (id <= 6881028))

table 7 : explain SELECT c FROM sbtest7 WHERE id BETWEEN 5198719 AND 5198818
	Index Scan using sbtest7_pkey on sbtest7  (cost=0.43..388.68 rows=98 width=121)
	  Index Cond: ((id >= 5198719) AND (id <= 5198818))

table 8 : explain SELECT c FROM sbtest8 WHERE id BETWEEN 6570728 AND 6570827
	Index Scan using sbtest8_pkey on sbtest8  (cost=0.43..385.26 rows=97 width=121)
	  Index Cond: ((id >= 6570728) AND (id <= 6570827))

for: distinct_ranges
table 1 : explain SELECT DISTINCT c FROM sbtest1 WHERE id BETWEEN 4487835 AND 4487934 ORDER BY c
	Unique  (cost=376.57..377.04 rows=94 width=121)
	  ->  Sort  (cost=376.57..376.80 rows=94 width=121)
	        Sort Key: c
	        ->  Index Scan using sbtest1_pkey on sbtest1  (cost=0.43..373.49 rows=94 width=121)
	              Index Cond: ((id >= 4487835) AND (id <= 4487934))

table 2 : explain SELECT DISTINCT c FROM sbtest2 WHERE id BETWEEN 5012856 AND 5012955 ORDER BY c
	Unique  (cost=431.80..432.34 rows=108 width=121)
	  ->  Sort  (cost=431.80..432.07 rows=108 width=121)
	        Sort Key: c
	        ->  Index Scan using sbtest2_pkey on sbtest2  (cost=0.43..428.15 rows=108 width=121)
	              Index Cond: ((id >= 5012856) AND (id <= 5012955))

table 3 : explain SELECT DISTINCT c FROM sbtest3 WHERE id BETWEEN 6150527 AND 6150626 ORDER BY c
	Unique  (cost=381.90..382.37 rows=95 width=121)
	  ->  Sort  (cost=381.90..382.13 rows=95 width=121)
	        Sort Key: c
	        ->  Index Scan using sbtest3_pkey on sbtest3  (cost=0.43..378.78 rows=95 width=121)
	              Index Cond: ((id >= 6150527) AND (id <= 6150626))

table 4 : explain SELECT DISTINCT c FROM sbtest4 WHERE id BETWEEN 7075361 AND 7075460 ORDER BY c
	Unique  (cost=393.65..394.14 rows=98 width=121)
	  ->  Sort  (cost=393.65..393.89 rows=98 width=121)
	        Sort Key: c
	        ->  Index Scan using sbtest4_pkey on sbtest4  (cost=0.43..390.41 rows=98 width=121)
	              Index Cond: ((id >= 7075361) AND (id <= 7075460))

table 5 : explain SELECT DISTINCT c FROM sbtest5 WHERE id BETWEEN 7020376 AND 7020475 ORDER BY c
	Unique  (cost=399.50..400.00 rows=100 width=121)
	  ->  Sort  (cost=399.50..399.75 rows=100 width=121)
	        Sort Key: c
	        ->  Index Scan using sbtest5_pkey on sbtest5  (cost=0.43..396.18 rows=100 width=121)
	              Index Cond: ((id >= 7020376) AND (id <= 7020475))

table 6 : explain SELECT DISTINCT c FROM sbtest6 WHERE id BETWEEN 5870716 AND 5870815 ORDER BY c
	Unique  (cost=396.56..397.05 rows=99 width=121)
	  ->  Sort  (cost=396.56..396.80 rows=99 width=121)
	        Sort Key: c
	        ->  Index Scan using sbtest6_pkey on sbtest6  (cost=0.43..393.27 rows=99 width=121)
	              Index Cond: ((id >= 5870716) AND (id <= 5870815))

table 7 : explain SELECT DISTINCT c FROM sbtest7 WHERE id BETWEEN 9010794 AND 9010893 ORDER BY c
	Unique  (cost=407.76..408.27 rows=102 width=121)
	  ->  Sort  (cost=407.76..408.02 rows=102 width=121)
	        Sort Key: c
	        ->  Index Scan using sbtest7_pkey on sbtest7  (cost=0.43..404.36 rows=102 width=121)
	              Index Cond: ((id >= 9010794) AND (id <= 9010893))

table 8 : explain SELECT DISTINCT c FROM sbtest8 WHERE id BETWEEN 5862516 AND 5862615 ORDER BY c
	Unique  (cost=428.11..428.64 rows=107 width=121)
	  ->  Sort  (cost=428.11..428.37 rows=107 width=121)
	        Sort Key: c
	        ->  Index Scan using sbtest8_pkey on sbtest8  (cost=0.43..424.50 rows=107 width=121)
	              Index Cond: ((id >= 5862516) AND (id <= 5862615))

for: sum_ranges
table 1 : explain SELECT SUM(k) FROM sbtest1 WHERE id BETWEEN 9825068 AND 9825167
	Aggregate  (cost=389.45..389.46 rows=1 width=8)
	  ->  Index Scan using sbtest1_pkey on sbtest1  (cost=0.43..389.21 rows=98 width=4)
	        Index Cond: ((id >= 9825068) AND (id <= 9825167))

table 2 : explain SELECT SUM(k) FROM sbtest2 WHERE id BETWEEN 6465348 AND 6465447
	Aggregate  (cost=393.10..393.11 rows=1 width=8)
	  ->  Index Scan using sbtest2_pkey on sbtest2  (cost=0.43..392.86 rows=99 width=4)
	        Index Cond: ((id >= 6465348) AND (id <= 6465447))

table 3 : explain SELECT SUM(k) FROM sbtest3 WHERE id BETWEEN 8985860 AND 8985959
	Aggregate  (cost=371.11..371.12 rows=1 width=8)
	  ->  Index Scan using sbtest3_pkey on sbtest3  (cost=0.43..370.88 rows=93 width=4)
	        Index Cond: ((id >= 8985860) AND (id <= 8985959))

table 4 : explain SELECT SUM(k) FROM sbtest4 WHERE id BETWEEN 6468975 AND 6469074
	Aggregate  (cost=394.59..394.60 rows=1 width=8)
	  ->  Index Scan using sbtest4_pkey on sbtest4  (cost=0.43..394.35 rows=99 width=4)
	        Index Cond: ((id >= 6468975) AND (id <= 6469074))

table 5 : explain SELECT SUM(k) FROM sbtest5 WHERE id BETWEEN 2703324 AND 2703423
	Aggregate  (cost=384.67..384.68 rows=1 width=8)
	  ->  Index Scan using sbtest5_pkey on sbtest5  (cost=0.43..384.43 rows=97 width=4)
	        Index Cond: ((id >= 2703324) AND (id <= 2703423))

table 6 : explain SELECT SUM(k) FROM sbtest6 WHERE id BETWEEN 1163368 AND 1163467
	Aggregate  (cost=397.45..397.46 rows=1 width=8)
	  ->  Index Scan using sbtest6_pkey on sbtest6  (cost=0.43..397.20 rows=100 width=4)
	        Index Cond: ((id >= 1163368) AND (id <= 1163467))

table 7 : explain SELECT SUM(k) FROM sbtest7 WHERE id BETWEEN 3079368 AND 3079467
	Aggregate  (cost=381.09..381.10 rows=1 width=8)
	  ->  Index Scan using sbtest7_pkey on sbtest7  (cost=0.43..380.85 rows=96 width=4)
	        Index Cond: ((id >= 3079368) AND (id <= 3079467))

table 8 : explain SELECT SUM(k) FROM sbtest8 WHERE id BETWEEN 8159829 AND 8159928
	Aggregate  (cost=405.13..405.14 rows=1 width=8)
	  ->  Index Scan using sbtest8_pkey on sbtest8  (cost=0.43..404.88 rows=102 width=4)
	        Index Cond: ((id >= 8159829) AND (id <= 8159928))

for: sum_ranges
table 1 : explain SELECT SUM(k) FROM sbtest1 WHERE id BETWEEN 5948020 AND 5948119
	Aggregate  (cost=393.38..393.39 rows=1 width=8)
	  ->  Index Scan using sbtest1_pkey on sbtest1  (cost=0.43..393.13 rows=99 width=4)
	        Index Cond: ((id >= 5948020) AND (id <= 5948119))

table 2 : explain SELECT SUM(k) FROM sbtest2 WHERE id BETWEEN 9947155 AND 9947254
	Aggregate  (cost=381.33..381.34 rows=1 width=8)
	  ->  Index Scan using sbtest2_pkey on sbtest2  (cost=0.43..381.09 rows=96 width=4)
	        Index Cond: ((id >= 9947155) AND (id <= 9947254))

table 3 : explain SELECT SUM(k) FROM sbtest3 WHERE id BETWEEN 870212 AND 870311
	Aggregate  (cost=414.49..414.50 rows=1 width=8)
	  ->  Index Scan using sbtest3_pkey on sbtest3  (cost=0.43..414.23 rows=104 width=4)
	        Index Cond: ((id >= 870212) AND (id <= 870311))

table 4 : explain SELECT SUM(k) FROM sbtest4 WHERE id BETWEEN 9040790 AND 9040889
	Aggregate  (cost=402.47..402.48 rows=1 width=8)
	  ->  Index Scan using sbtest4_pkey on sbtest4  (cost=0.43..402.22 rows=101 width=4)
	        Index Cond: ((id >= 9040790) AND (id <= 9040889))

table 5 : explain SELECT SUM(k) FROM sbtest5 WHERE id BETWEEN 8700111 AND 8700210
	Aggregate  (cost=388.59..388.60 rows=1 width=8)
	  ->  Index Scan using sbtest5_pkey on sbtest5  (cost=0.43..388.34 rows=98 width=4)
	        Index Cond: ((id >= 8700111) AND (id <= 8700210))

table 6 : explain SELECT SUM(k) FROM sbtest6 WHERE id BETWEEN 6025142 AND 6025241
	Aggregate  (cost=393.52..393.53 rows=1 width=8)
	  ->  Index Scan using sbtest6_pkey on sbtest6  (cost=0.43..393.27 rows=99 width=4)
	        Index Cond: ((id >= 6025142) AND (id <= 6025241))

table 7 : explain SELECT SUM(k) FROM sbtest7 WHERE id BETWEEN 688693 AND 688792
	Aggregate  (cost=416.38..416.39 rows=1 width=8)
	  ->  Index Scan using sbtest7_pkey on sbtest7  (cost=0.43..416.12 rows=105 width=4)
	        Index Cond: ((id >= 688693) AND (id <= 688792))

table 8 : explain SELECT SUM(k) FROM sbtest8 WHERE id BETWEEN 4651142 AND 4651241
	Aggregate  (cost=377.65..377.66 rows=1 width=8)
	  ->  Index Scan using sbtest8_pkey on sbtest8  (cost=0.43..377.41 rows=95 width=4)
	        Index Cond: ((id >= 4651142) AND (id <= 4651241))

for: distinct_ranges
table 1 : explain SELECT DISTINCT c FROM sbtest1 WHERE id BETWEEN 3840108 AND 3840207 ORDER BY c
	Unique  (cost=400.38..400.88 rows=100 width=121)
	  ->  Sort  (cost=400.38..400.63 rows=100 width=121)
	        Sort Key: c
	        ->  Index Scan using sbtest1_pkey on sbtest1  (cost=0.43..397.06 rows=100 width=121)
	              Index Cond: ((id >= 3840108) AND (id <= 3840207))

table 2 : explain SELECT DISTINCT c FROM sbtest2 WHERE id BETWEEN 9187603 AND 9187702 ORDER BY c
	Unique  (cost=419.91..420.44 rows=105 width=121)
	  ->  Sort  (cost=419.91..420.17 rows=105 width=121)
	        Sort Key: c
	        ->  Index Scan using sbtest2_pkey on sbtest2  (cost=0.43..416.39 rows=105 width=121)
	              Index Cond: ((id >= 9187603) AND (id <= 9187702))

table 3 : explain SELECT DISTINCT c FROM sbtest3 WHERE id BETWEEN 195758 AND 195857 ORDER BY c
	Unique  (cost=397.81..398.31 rows=99 width=121)
	  ->  Sort  (cost=397.81..398.06 rows=99 width=121)
	        Sort Key: c
	        ->  Index Scan using sbtest3_pkey on sbtest3  (cost=0.43..394.53 rows=99 width=121)
	              Index Cond: ((id >= 195758) AND (id <= 195857))

table 4 : explain SELECT DISTINCT c FROM sbtest4 WHERE id BETWEEN 4069553 AND 4069652 ORDER BY c
	Unique  (cost=441.38..441.93 rows=110 width=121)
	  ->  Sort  (cost=441.38..441.66 rows=110 width=121)
	        Sort Key: c
	        ->  Index Scan using sbtest4_pkey on sbtest4  (cost=0.43..437.65 rows=110 width=121)
	              Index Cond: ((id >= 4069553) AND (id <= 4069652))

table 5 : explain SELECT DISTINCT c FROM sbtest5 WHERE id BETWEEN 3394017 AND 3394116 ORDER BY c
	Unique  (cost=395.54..396.04 rows=99 width=121)
	  ->  Sort  (cost=395.54..395.79 rows=99 width=121)
	        Sort Key: c
	        ->  Index Scan using sbtest5_pkey on sbtest5  (cost=0.43..392.26 rows=99 width=121)
	              Index Cond: ((id >= 3394017) AND (id <= 3394116))

table 6 : explain SELECT DISTINCT c FROM sbtest6 WHERE id BETWEEN 5360918 AND 5361017 ORDER BY c
	Unique  (cost=412.42..412.94 rows=103 width=121)
	  ->  Sort  (cost=412.42..412.68 rows=103 width=121)
	        Sort Key: c
	        ->  Index Scan using sbtest6_pkey on sbtest6  (cost=0.43..408.98 rows=103 width=121)
	              Index Cond: ((id >= 5360918) AND (id <= 5361017))

table 7 : explain SELECT DISTINCT c FROM sbtest7 WHERE id BETWEEN 2022073 AND 2022172 ORDER BY c
	Unique  (cost=407.76..408.27 rows=102 width=121)
	  ->  Sort  (cost=407.76..408.02 rows=102 width=121)
	        Sort Key: c
	        ->  Index Scan using sbtest7_pkey on sbtest7  (cost=0.43..404.36 rows=102 width=121)
	              Index Cond: ((id >= 2022073) AND (id <= 2022172))

table 8 : explain SELECT DISTINCT c FROM sbtest8 WHERE id BETWEEN 1947476 AND 1947575 ORDER BY c
	Unique  (cost=400.35..400.85 rows=100 width=121)
	  ->  Sort  (cost=400.35..400.60 rows=100 width=121)
	        Sort Key: c
	        ->  Index Scan using sbtest8_pkey on sbtest8  (cost=0.43..397.03 rows=100 width=121)
	              Index Cond: ((id >= 1947476) AND (id <= 1947575))

for: order_ranges
table 1 : explain SELECT c FROM sbtest1 WHERE id BETWEEN 7110056 AND 7110155 ORDER BY c
	Sort  (cost=396.41..396.66 rows=99 width=121)
	  Sort Key: c
	  ->  Index Scan using sbtest1_pkey on sbtest1  (cost=0.43..393.13 rows=99 width=121)
	        Index Cond: ((id >= 7110056) AND (id <= 7110155))

table 2 : explain SELECT c FROM sbtest2 WHERE id BETWEEN 6906072 AND 6906171 ORDER BY c
	Sort  (cost=372.34..372.57 rows=93 width=121)
	  Sort Key: c
	  ->  Index Scan using sbtest2_pkey on sbtest2  (cost=0.43..369.30 rows=93 width=121)
	        Index Cond: ((id >= 6906072) AND (id <= 6906171))

table 3 : explain SELECT c FROM sbtest3 WHERE id BETWEEN 1324754 AND 1324853 ORDER BY c
	Sort  (cost=389.86..390.10 rows=97 width=121)
	  Sort Key: c
	  ->  Index Scan using sbtest3_pkey on sbtest3  (cost=0.43..386.65 rows=97 width=121)
	        Index Cond: ((id >= 1324754) AND (id <= 1324853))

table 4 : explain SELECT c FROM sbtest4 WHERE id BETWEEN 8808056 AND 8808155 ORDER BY c
	Sort  (cost=393.65..393.89 rows=98 width=121)
	  Sort Key: c
	  ->  Index Scan using sbtest4_pkey on sbtest4  (cost=0.43..390.41 rows=98 width=121)
	        Index Cond: ((id >= 8808056) AND (id <= 8808155))

table 5 : explain SELECT c FROM sbtest5 WHERE id BETWEEN 2255472 AND 2255571 ORDER BY c
	Sort  (cost=399.50..399.75 rows=100 width=121)
	  Sort Key: c
	  ->  Index Scan using sbtest5_pkey on sbtest5  (cost=0.43..396.18 rows=100 width=121)
	        Index Cond: ((id >= 2255472) AND (id <= 2255571))

table 6 : explain SELECT c FROM sbtest6 WHERE id BETWEEN 6621762 AND 6621861 ORDER BY c
	Sort  (cost=372.76..372.99 rows=93 width=121)
	  Sort Key: c
	  ->  Index Scan using sbtest6_pkey on sbtest6  (cost=0.43..369.72 rows=93 width=121)
	        Index Cond: ((id >= 6621762) AND (id <= 6621861))

table 7 : explain SELECT c FROM sbtest7 WHERE id BETWEEN 6065088 AND 6065187 ORDER BY c
	Sort  (cost=403.80..404.06 rows=101 width=121)
	  Sort Key: c
	  ->  Index Scan using sbtest7_pkey on sbtest7  (cost=0.43..400.44 rows=101 width=121)
	        Index Cond: ((id >= 6065088) AND (id <= 6065187))

table 8 : explain SELECT c FROM sbtest8 WHERE id BETWEEN 5475962 AND 5476061 ORDER BY c
	Sort  (cost=404.32..404.57 rows=101 width=121)
	  Sort Key: c
	  ->  Index Scan using sbtest8_pkey on sbtest8  (cost=0.43..400.95 rows=101 width=121)
	        Index Cond: ((id >= 5475962) AND (id <= 5476061))

for: sum_ranges
table 1 : explain SELECT SUM(k) FROM sbtest1 WHERE id BETWEEN 896324 AND 896423
	Aggregate  (cost=413.02..413.03 rows=1 width=8)
	  ->  Index Scan using sbtest1_pkey on sbtest1  (cost=0.43..412.76 rows=104 width=4)
	        Index Cond: ((id >= 896324) AND (id <= 896423))

table 2 : explain SELECT SUM(k) FROM sbtest2 WHERE id BETWEEN 416613 AND 416712
	Aggregate  (cost=373.46..373.47 rows=1 width=8)
	  ->  Index Scan using sbtest2_pkey on sbtest2  (cost=0.43..373.22 rows=94 width=4)
	        Index Cond: ((id >= 416613) AND (id <= 416712))

table 3 : explain SELECT SUM(k) FROM sbtest3 WHERE id BETWEEN 5498108 AND 5498207
	Aggregate  (cost=398.72..398.73 rows=1 width=8)
	  ->  Index Scan using sbtest3_pkey on sbtest3  (cost=0.43..398.47 rows=100 width=4)
	        Index Cond: ((id >= 5498108) AND (id <= 5498207))

table 4 : explain SELECT SUM(k) FROM sbtest4 WHERE id BETWEEN 9764414 AND 9764513
	Aggregate  (cost=390.65..390.66 rows=1 width=8)
	  ->  Index Scan using sbtest4_pkey on sbtest4  (cost=0.43..390.41 rows=98 width=4)
	        Index Cond: ((id >= 9764414) AND (id <= 9764513))

table 5 : explain SELECT SUM(k) FROM sbtest5 WHERE id BETWEEN 2027022 AND 2027121
	Aggregate  (cost=416.02..416.03 rows=1 width=8)
	  ->  Index Scan using sbtest5_pkey on sbtest5  (cost=0.43..415.75 rows=105 width=4)
	        Index Cond: ((id >= 2027022) AND (id <= 2027121))

table 6 : explain SELECT SUM(k) FROM sbtest6 WHERE id BETWEEN 1432064 AND 1432163
	Aggregate  (cost=428.88..428.89 rows=1 width=8)
	  ->  Index Scan using sbtest6_pkey on sbtest6  (cost=0.43..428.61 rows=108 width=4)
	        Index Cond: ((id >= 1432064) AND (id <= 1432163))

table 7 : explain SELECT SUM(k) FROM sbtest7 WHERE id BETWEEN 226594 AND 226693
	Aggregate  (cost=365.40..365.41 rows=1 width=8)
	  ->  Index Scan using sbtest7_pkey on sbtest7  (cost=0.43..365.17 rows=92 width=4)
	        Index Cond: ((id >= 226594) AND (id <= 226693))

table 8 : explain SELECT SUM(k) FROM sbtest8 WHERE id BETWEEN 3207746 AND 3207845
	Aggregate  (cost=401.21..401.22 rows=1 width=8)
	  ->  Index Scan using sbtest8_pkey on sbtest8  (cost=0.43..400.95 rows=101 width=4)
	        Index Cond: ((id >= 3207746) AND (id <= 3207845))

for: order_ranges
table 1 : explain SELECT c FROM sbtest1 WHERE id BETWEEN 1375512 AND 1375611 ORDER BY c
	Sort  (cost=416.24..416.50 rows=104 width=121)
	  Sort Key: c
	  ->  Index Scan using sbtest1_pkey on sbtest1  (cost=0.43..412.76 rows=104 width=121)
	        Index Cond: ((id >= 1375512) AND (id <= 1375611))

table 2 : explain SELECT c FROM sbtest2 WHERE id BETWEEN 328150 AND 328249 ORDER BY c
	Sort  (cost=360.46..360.68 rows=90 width=121)
	  Sort Key: c
	  ->  Index Scan using sbtest2_pkey on sbtest2  (cost=0.43..357.54 rows=90 width=121)
	        Index Cond: ((id >= 328150) AND (id <= 328249))

table 3 : explain SELECT c FROM sbtest3 WHERE id BETWEEN 8468876 AND 8468975 ORDER BY c
	Sort  (cost=389.86..390.10 rows=97 width=121)
	  Sort Key: c
	  ->  Index Scan using sbtest3_pkey on sbtest3  (cost=0.43..386.65 rows=97 width=121)
	        Index Cond: ((id >= 8468876) AND (id <= 8468975))

table 4 : explain SELECT c FROM sbtest4 WHERE id BETWEEN 882837 AND 882936 ORDER BY c
	Sort  (cost=373.74..373.98 rows=93 width=121)
	  Sort Key: c
	  ->  Index Scan using sbtest4_pkey on sbtest4  (cost=0.43..370.70 rows=93 width=121)
	        Index Cond: ((id >= 882837) AND (id <= 882936))

table 5 : explain SELECT c FROM sbtest5 WHERE id BETWEEN 4033927 AND 4034026 ORDER BY c
	Sort  (cost=391.59..391.83 rows=98 width=121)
	  Sort Key: c
	  ->  Index Scan using sbtest5_pkey on sbtest5  (cost=0.43..388.34 rows=98 width=121)
	        Index Cond: ((id >= 4033927) AND (id <= 4034026))

table 6 : explain SELECT c FROM sbtest6 WHERE id BETWEEN 5849726 AND 5849825 ORDER BY c
	Sort  (cost=396.56..396.80 rows=99 width=121)
	  Sort Key: c
	  ->  Index Scan using sbtest6_pkey on sbtest6  (cost=0.43..393.27 rows=99 width=121)
	        Index Cond: ((id >= 5849726) AND (id <= 5849825))

table 7 : explain SELECT c FROM sbtest7 WHERE id BETWEEN 8208705 AND 8208804 ORDER BY c
	Sort  (cost=403.80..404.06 rows=101 width=121)
	  Sort Key: c
	  ->  Index Scan using sbtest7_pkey on sbtest7  (cost=0.43..400.44 rows=101 width=121)
	        Index Cond: ((id >= 8208705) AND (id <= 8208804))

table 8 : explain SELECT c FROM sbtest8 WHERE id BETWEEN 7027566 AND 7027665 ORDER BY c
	Sort  (cost=380.53..380.77 rows=95 width=121)
	  Sort Key: c
	  ->  Index Scan using sbtest8_pkey on sbtest8  (cost=0.43..377.41 rows=95 width=121)
	        Index Cond: ((id >= 7027566) AND (id <= 7027665))

for: order_ranges
table 1 : explain SELECT c FROM sbtest1 WHERE id BETWEEN 8052201 AND 8052300 ORDER BY c
	Sort  (cost=384.50..384.74 rows=96 width=121)
	  Sort Key: c
	  ->  Index Scan using sbtest1_pkey on sbtest1  (cost=0.43..381.34 rows=96 width=121)
	        Index Cond: ((id >= 8052201) AND (id <= 8052300))

table 2 : explain SELECT c FROM sbtest2 WHERE id BETWEEN 8453520 AND 8453619 ORDER BY c
	Sort  (cost=411.99..412.24 rows=103 width=121)
	  Sort Key: c
	  ->  Index Scan using sbtest2_pkey on sbtest2  (cost=0.43..408.54 rows=103 width=121)
	        Index Cond: ((id >= 8453520) AND (id <= 8453619))

table 3 : explain SELECT c FROM sbtest3 WHERE id BETWEEN 5302171 AND 5302270 ORDER BY c
	Sort  (cost=437.61..437.88 rows=109 width=121)
	  Sort Key: c
	  ->  Index Scan using sbtest3_pkey on sbtest3  (cost=0.43..433.92 rows=109 width=121)
	        Index Cond: ((id >= 5302171) AND (id <= 5302270))

table 4 : explain SELECT c FROM sbtest4 WHERE id BETWEEN 1985994 AND 1986093 ORDER BY c
	Sort  (cost=409.56..409.81 rows=102 width=121)
	  Sort Key: c
	  ->  Index Scan using sbtest4_pkey on sbtest4  (cost=0.43..406.16 rows=102 width=121)
	        Index Cond: ((id >= 1985994) AND (id <= 1986093))

table 5 : explain SELECT c FROM sbtest5 WHERE id BETWEEN 4121589 AND 4121688 ORDER BY c
	Sort  (cost=427.19..427.46 rows=107 width=121)
	  Sort Key: c
	  ->  Index Scan using sbtest5_pkey on sbtest5  (cost=0.43..423.59 rows=107 width=121)
	        Index Cond: ((id >= 4121589) AND (id <= 4121688))

table 6 : explain SELECT c FROM sbtest6 WHERE id BETWEEN 7046365 AND 7046464 ORDER BY c
	Sort  (cost=408.46..408.71 rows=102 width=121)
	  Sort Key: c
	  ->  Index Scan using sbtest6_pkey on sbtest6  (cost=0.43..405.05 rows=102 width=121)
	        Index Cond: ((id >= 7046365) AND (id <= 7046464))

table 7 : explain SELECT c FROM sbtest7 WHERE id BETWEEN 2710395 AND 2710494 ORDER BY c
	Sort  (cost=411.72..411.98 rows=103 width=121)
	  Sort Key: c
	  ->  Index Scan using sbtest7_pkey on sbtest7  (cost=0.43..408.28 rows=103 width=121)
	        Index Cond: ((id >= 2710395) AND (id <= 2710494))

table 8 : explain SELECT c FROM sbtest8 WHERE id BETWEEN 3361634 AND 3361733 ORDER BY c
	Sort  (cost=376.56..376.80 rows=94 width=121)
	  Sort Key: c
	  ->  Index Scan using sbtest8_pkey on sbtest8  (cost=0.43..373.48 rows=94 width=121)
	        Index Cond: ((id >= 3361634) AND (id <= 3361733))

for: distinct_ranges
table 1 : explain SELECT DISTINCT c FROM sbtest1 WHERE id BETWEEN 7384249 AND 7384348 ORDER BY c
	Unique  (cost=428.14..428.67 rows=107 width=121)
	  ->  Sort  (cost=428.14..428.40 rows=107 width=121)
	        Sort Key: c
	        ->  Index Scan using sbtest1_pkey on sbtest1  (cost=0.43..424.53 rows=107 width=121)
	              Index Cond: ((id >= 7384249) AND (id <= 7384348))

table 2 : explain SELECT DISTINCT c FROM sbtest2 WHERE id BETWEEN 9764042 AND 9764141 ORDER BY c
	Unique  (cost=451.61..452.18 rows=113 width=121)
	  ->  Sort  (cost=451.61..451.90 rows=113 width=121)
	        Sort Key: c
	        ->  Index Scan using sbtest2_pkey on sbtest2  (cost=0.43..447.76 rows=113 width=121)
	              Index Cond: ((id >= 9764042) AND (id <= 9764141))

table 3 : explain SELECT DISTINCT c FROM sbtest3 WHERE id BETWEEN 5237589 AND 5237688 ORDER BY c
	Unique  (cost=397.81..398.31 rows=99 width=121)
	  ->  Sort  (cost=397.81..398.06 rows=99 width=121)
	        Sort Key: c
	        ->  Index Scan using sbtest3_pkey on sbtest3  (cost=0.43..394.53 rows=99 width=121)
	              Index Cond: ((id >= 5237589) AND (id <= 5237688))

table 4 : explain SELECT DISTINCT c FROM sbtest4 WHERE id BETWEEN 9256225 AND 9256324 ORDER BY c
	Unique  (cost=373.74..374.21 rows=93 width=121)
	  ->  Sort  (cost=373.74..373.98 rows=93 width=121)
	        Sort Key: c
	        ->  Index Scan using sbtest4_pkey on sbtest4  (cost=0.43..370.70 rows=93 width=121)
	              Index Cond: ((id >= 9256225) AND (id <= 9256324))

table 5 : explain SELECT DISTINCT c FROM sbtest5 WHERE id BETWEEN 261844 AND 261943 ORDER BY c
	Unique  (cost=383.67..384.15 rows=96 width=121)
	  ->  Sort  (cost=383.67..383.91 rows=96 width=121)
	        Sort Key: c
	        ->  Index Scan using sbtest5_pkey on sbtest5  (cost=0.43..380.51 rows=96 width=121)
	              Index Cond: ((id >= 261844) AND (id <= 261943))

table 6 : explain SELECT DISTINCT c FROM sbtest6 WHERE id BETWEEN 7015038 AND 7015137 ORDER BY c
	Unique  (cost=376.72..377.19 rows=94 width=121)
	  ->  Sort  (cost=376.72..376.96 rows=94 width=121)
	        Sort Key: c
	        ->  Index Scan using sbtest6_pkey on sbtest6  (cost=0.43..373.64 rows=94 width=121)
	              Index Cond: ((id >= 7015038) AND (id <= 7015137))

table 7 : explain SELECT DISTINCT c FROM sbtest7 WHERE id BETWEEN 8316407 AND 8316506 ORDER BY c
	Unique  (cost=372.13..372.59 rows=93 width=121)
	  ->  Sort  (cost=372.13..372.36 rows=93 width=121)
	        Sort Key: c
	        ->  Index Scan using sbtest7_pkey on sbtest7  (cost=0.43..369.09 rows=93 width=121)
	              Index Cond: ((id >= 8316407) AND (id <= 8316506))

table 8 : explain SELECT DISTINCT c FROM sbtest8 WHERE id BETWEEN 7255951 AND 7256050 ORDER BY c
	Unique  (cost=428.11..428.64 rows=107 width=121)
	  ->  Sort  (cost=428.11..428.37 rows=107 width=121)
	        Sort Key: c
	        ->  Index Scan using sbtest8_pkey on sbtest8  (cost=0.43..424.50 rows=107 width=121)
	              Index Cond: ((id >= 7255951) AND (id <= 7256050))

for: order_ranges
table 1 : explain SELECT c FROM sbtest1 WHERE id BETWEEN 1095116 AND 1095215 ORDER BY c
	Sort  (cost=420.21..420.47 rows=105 width=121)
	  Sort Key: c
	  ->  Index Scan using sbtest1_pkey on sbtest1  (cost=0.43..416.68 rows=105 width=121)
	        Index Cond: ((id >= 1095116) AND (id <= 1095215))

table 2 : explain SELECT c FROM sbtest2 WHERE id BETWEEN 652259 AND 652358 ORDER BY c
	Sort  (cost=408.02..408.28 rows=102 width=121)
	  Sort Key: c
	  ->  Index Scan using sbtest2_pkey on sbtest2  (cost=0.43..404.62 rows=102 width=121)
	        Index Cond: ((id >= 652259) AND (id <= 652358))

table 3 : explain SELECT c FROM sbtest3 WHERE id BETWEEN 9658775 AND 9658874 ORDER BY c
	Sort  (cost=381.88..382.11 rows=95 width=121)
	  Sort Key: c
	  ->  Index Scan using sbtest3_pkey on sbtest3  (cost=0.43..378.76 rows=95 width=121)
	        Index Cond: ((id >= 9658775) AND (id <= 9658874))

table 4 : explain SELECT c FROM sbtest4 WHERE id BETWEEN 3831238 AND 3831337 ORDER BY c
	Sort  (cost=393.65..393.89 rows=98 width=121)
	  Sort Key: c
	  ->  Index Scan using sbtest4_pkey on sbtest4  (cost=0.43..390.41 rows=98 width=121)
	        Index Cond: ((id >= 3831238) AND (id <= 3831337))

table 5 : explain SELECT c FROM sbtest5 WHERE id BETWEEN 9726807 AND 9726906 ORDER BY c
	Sort  (cost=367.85..368.08 rows=92 width=121)
	  Sort Key: c
	  ->  Index Scan using sbtest5_pkey on sbtest5  (cost=0.43..364.85 rows=92 width=121)
	        Index Cond: ((id >= 9726807) AND (id <= 9726906))

table 6 : explain SELECT c FROM sbtest6 WHERE id BETWEEN 7683271 AND 7683370 ORDER BY c
	Sort  (cost=416.39..416.65 rows=104 width=121)
	  Sort Key: c
	  ->  Index Scan using sbtest6_pkey on sbtest6  (cost=0.43..412.90 rows=104 width=121)
	        Index Cond: ((id >= 7683271) AND (id <= 7683370))

table 7 : explain SELECT c FROM sbtest7 WHERE id BETWEEN 1609180 AND 1609279 ORDER BY c
	Sort  (cost=427.56..427.83 rows=107 width=121)
	  Sort Key: c
	  ->  Index Scan using sbtest7_pkey on sbtest7  (cost=0.43..423.96 rows=107 width=121)
	        Index Cond: ((id >= 1609180) AND (id <= 1609279))

table 8 : explain SELECT c FROM sbtest8 WHERE id BETWEEN 9632832 AND 9632931 ORDER BY c
	Sort  (cost=396.39..396.63 rows=99 width=121)
	  Sort Key: c
	  ->  Index Scan using sbtest8_pkey on sbtest8  (cost=0.43..393.10 rows=99 width=121)
	        Index Cond: ((id >= 9632832) AND (id <= 9632931))

for: distinct_ranges
table 1 : explain SELECT DISTINCT c FROM sbtest1 WHERE id BETWEEN 4867424 AND 4867523 ORDER BY c
	Unique  (cost=384.50..384.98 rows=96 width=121)
	  ->  Sort  (cost=384.50..384.74 rows=96 width=121)
	        Sort Key: c
	        ->  Index Scan using sbtest1_pkey on sbtest1  (cost=0.43..381.34 rows=96 width=121)
	              Index Cond: ((id >= 4867424) AND (id <= 4867523))

table 2 : explain SELECT DISTINCT c FROM sbtest2 WHERE id BETWEEN 2874273 AND 2874372 ORDER BY c
	Unique  (cost=372.34..372.81 rows=93 width=121)
	  ->  Sort  (cost=372.34..372.57 rows=93 width=121)
	        Sort Key: c
	        ->  Index Scan using sbtest2_pkey on sbtest2  (cost=0.43..369.30 rows=93 width=121)
	              Index Cond: ((id >= 2874273) AND (id <= 2874372))

table 3 : explain SELECT DISTINCT c FROM sbtest3 WHERE id BETWEEN 2210622 AND 2210721 ORDER BY c
	Unique  (cost=401.79..402.29 rows=100 width=121)
	  ->  Sort  (cost=401.79..402.04 rows=100 width=121)
	        Sort Key: c
	        ->  Index Scan using sbtest3_pkey on sbtest3  (cost=0.43..398.47 rows=100 width=121)
	              Index Cond: ((id >= 2210622) AND (id <= 2210721))

table 4 : explain SELECT DISTINCT c FROM sbtest4 WHERE id BETWEEN 5091110 AND 5091209 ORDER BY c
	Unique  (cost=445.36..445.92 rows=111 width=121)
	  ->  Sort  (cost=445.36..445.64 rows=111 width=121)
	        Sort Key: c
	        ->  Index Scan using sbtest4_pkey on sbtest4  (cost=0.43..441.59 rows=111 width=121)
	              Index Cond: ((id >= 5091110) AND (id <= 5091209))

table 5 : explain SELECT DISTINCT c FROM sbtest5 WHERE id BETWEEN 8014557 AND 8014656 ORDER BY c
	Unique  (cost=423.24..423.77 rows=106 width=121)
	  ->  Sort  (cost=423.24..423.50 rows=106 width=121)
	        Sort Key: c
	        ->  Index Scan using sbtest5_pkey on sbtest5  (cost=0.43..419.67 rows=106 width=121)
	              Index Cond: ((id >= 8014557) AND (id <= 8014656))

table 6 : explain SELECT DISTINCT c FROM sbtest6 WHERE id BETWEEN 4077794 AND 4077893 ORDER BY c
	Unique  (cost=388.62..389.11 rows=97 width=121)
	  ->  Sort  (cost=388.62..388.87 rows=97 width=121)
	        Sort Key: c
	        ->  Index Scan using sbtest6_pkey on sbtest6  (cost=0.43..385.42 rows=97 width=121)
	              Index Cond: ((id >= 4077794) AND (id <= 4077893))

table 7 : explain SELECT DISTINCT c FROM sbtest7 WHERE id BETWEEN 3808930 AND 3809029 ORDER BY c
	Unique  (cost=399.84..400.34 rows=100 width=121)
	  ->  Sort  (cost=399.84..400.09 rows=100 width=121)
	        Sort Key: c
	        ->  Index Scan using sbtest7_pkey on sbtest7  (cost=0.43..396.52 rows=100 width=121)
	              Index Cond: ((id >= 3808930) AND (id <= 3809029))

table 8 : explain SELECT DISTINCT c FROM sbtest8 WHERE id BETWEEN 3537303 AND 3537402 ORDER BY c
	Unique  (cost=392.42..392.91 rows=98 width=121)
	  ->  Sort  (cost=392.42..392.67 rows=98 width=121)
	        Sort Key: c
	        ->  Index Scan using sbtest8_pkey on sbtest8  (cost=0.43..389.18 rows=98 width=121)
	              Index Cond: ((id >= 3537303) AND (id <= 3537402))

for: distinct_ranges
table 1 : explain SELECT DISTINCT c FROM sbtest1 WHERE id BETWEEN 8833854 AND 8833953 ORDER BY c
	Unique  (cost=384.50..384.98 rows=96 width=121)
	  ->  Sort  (cost=384.50..384.74 rows=96 width=121)
	        Sort Key: c
	        ->  Index Scan using sbtest1_pkey on sbtest1  (cost=0.43..381.34 rows=96 width=121)
	              Index Cond: ((id >= 8833854) AND (id <= 8833953))

table 2 : explain SELECT DISTINCT c FROM sbtest2 WHERE id BETWEEN 5352386 AND 5352485 ORDER BY c
	Unique  (cost=380.27..380.74 rows=95 width=121)
	  ->  Sort  (cost=380.27..380.50 rows=95 width=121)
	        Sort Key: c
	        ->  Index Scan using sbtest2_pkey on sbtest2  (cost=0.43..377.15 rows=95 width=121)
	              Index Cond: ((id >= 5352386) AND (id <= 5352485))

table 3 : explain SELECT DISTINCT c FROM sbtest3 WHERE id BETWEEN 4052248 AND 4052347 ORDER BY c
	Unique  (cost=433.63..434.17 rows=108 width=121)
	  ->  Sort  (cost=433.63..433.90 rows=108 width=121)
	        Sort Key: c
	        ->  Index Scan using sbtest3_pkey on sbtest3  (cost=0.43..429.98 rows=108 width=121)
	              Index Cond: ((id >= 4052248) AND (id <= 4052347))

table 4 : explain SELECT DISTINCT c FROM sbtest4 WHERE id BETWEEN 3402636 AND 3402735 ORDER BY c
	Unique  (cost=361.81..362.26 rows=90 width=121)
	  ->  Sort  (cost=361.81..362.04 rows=90 width=121)
	        Sort Key: c
	        ->  Index Scan using sbtest4_pkey on sbtest4  (cost=0.43..358.89 rows=90 width=121)
	              Index Cond: ((id >= 3402636) AND (id <= 3402735))

table 5 : explain SELECT DISTINCT c FROM sbtest5 WHERE id BETWEEN 2260251 AND 2260350 ORDER BY c
	Unique  (cost=399.50..400.00 rows=100 width=121)
	  ->  Sort  (cost=399.50..399.75 rows=100 width=121)
	        Sort Key: c
	        ->  Index Scan using sbtest5_pkey on sbtest5  (cost=0.43..396.18 rows=100 width=121)
	              Index Cond: ((id >= 2260251) AND (id <= 2260350))

table 6 : explain SELECT DISTINCT c FROM sbtest6 WHERE id BETWEEN 4601115 AND 4601214 ORDER BY c
	Unique  (cost=384.66..385.14 rows=96 width=121)
	  ->  Sort  (cost=384.66..384.90 rows=96 width=121)
	        Sort Key: c
	        ->  Index Scan using sbtest6_pkey on sbtest6  (cost=0.43..381.50 rows=96 width=121)
	              Index Cond: ((id >= 4601115) AND (id <= 4601214))

table 7 : explain SELECT DISTINCT c FROM sbtest7 WHERE id BETWEEN 686811 AND 686910 ORDER BY c
	Unique  (cost=419.64..420.17 rows=105 width=121)
	  ->  Sort  (cost=419.64..419.91 rows=105 width=121)
	        Sort Key: c
	        ->  Index Scan using sbtest7_pkey on sbtest7  (cost=0.43..416.12 rows=105 width=121)
	              Index Cond: ((id >= 686811) AND (id <= 686910))

table 8 : explain SELECT DISTINCT c FROM sbtest8 WHERE id BETWEEN 5686796 AND 5686895 ORDER BY c
	Unique  (cost=384.49..384.97 rows=96 width=121)
	  ->  Sort  (cost=384.49..384.73 rows=96 width=121)
	        Sort Key: c
	        ->  Index Scan using sbtest8_pkey on sbtest8  (cost=0.43..381.33 rows=96 width=121)
	              Index Cond: ((id >= 5686796) AND (id <= 5686895))

for: distinct_ranges
table 1 : explain SELECT DISTINCT c FROM sbtest1 WHERE id BETWEEN 4405212 AND 4405311 ORDER BY c
	Unique  (cost=392.45..392.94 rows=98 width=121)
	  ->  Sort  (cost=392.45..392.69 rows=98 width=121)
	        Sort Key: c
	        ->  Index Scan using sbtest1_pkey on sbtest1  (cost=0.43..389.21 rows=98 width=121)
	              Index Cond: ((id >= 4405212) AND (id <= 4405311))

table 2 : explain SELECT DISTINCT c FROM sbtest2 WHERE id BETWEEN 7011789 AND 7011888 ORDER BY c
	Unique  (cost=384.25..384.73 rows=96 width=121)
	  ->  Sort  (cost=384.25..384.49 rows=96 width=121)
	        Sort Key: c
	        ->  Index Scan using sbtest2_pkey on sbtest2  (cost=0.43..381.09 rows=96 width=121)
	              Index Cond: ((id >= 7011789) AND (id <= 7011888))

table 3 : explain SELECT DISTINCT c FROM sbtest3 WHERE id BETWEEN 6974214 AND 6974313 ORDER BY c
	Unique  (cost=389.86..390.34 rows=97 width=121)
	  ->  Sort  (cost=389.86..390.10 rows=97 width=121)
	        Sort Key: c
	        ->  Index Scan using sbtest3_pkey on sbtest3  (cost=0.43..386.65 rows=97 width=121)
	              Index Cond: ((id >= 6974214) AND (id <= 6974313))

table 4 : explain SELECT DISTINCT c FROM sbtest4 WHERE id BETWEEN 1019465 AND 1019564 ORDER BY c
	Unique  (cost=405.58..406.09 rows=101 width=121)
	  ->  Sort  (cost=405.58..405.83 rows=101 width=121)
	        Sort Key: c
	        ->  Index Scan using sbtest4_pkey on sbtest4  (cost=0.43..402.22 rows=101 width=121)
	              Index Cond: ((id >= 1019465) AND (id <= 1019564))

table 5 : explain SELECT DISTINCT c FROM sbtest5 WHERE id BETWEEN 7914779 AND 7914878 ORDER BY c
	Unique  (cost=415.32..415.84 rows=104 width=121)
	  ->  Sort  (cost=415.32..415.58 rows=104 width=121)
	        Sort Key: c
	        ->  Index Scan using sbtest5_pkey on sbtest5  (cost=0.43..411.84 rows=104 width=121)
	              Index Cond: ((id >= 7914779) AND (id <= 7914878))

table 6 : explain SELECT DISTINCT c FROM sbtest6 WHERE id BETWEEN 1857631 AND 1857730 ORDER BY c
	Unique  (cost=420.36..420.88 rows=105 width=121)
	  ->  Sort  (cost=420.36..420.62 rows=105 width=121)
	        Sort Key: c
	        ->  Index Scan using sbtest6_pkey on sbtest6  (cost=0.43..416.83 rows=105 width=121)
	              Index Cond: ((id >= 1857631) AND (id <= 1857730))

table 7 : explain SELECT DISTINCT c FROM sbtest7 WHERE id BETWEEN 2668120 AND 2668219 ORDER BY c
	Unique  (cost=411.72..412.24 rows=103 width=121)
	  ->  Sort  (cost=411.72..411.98 rows=103 width=121)
	        Sort Key: c
	        ->  Index Scan using sbtest7_pkey on sbtest7  (cost=0.43..408.28 rows=103 width=121)
	              Index Cond: ((id >= 2668120) AND (id <= 2668219))

table 8 : explain SELECT DISTINCT c FROM sbtest8 WHERE id BETWEEN 93842 AND 93941 ORDER BY c
	Unique  (cost=392.42..392.91 rows=98 width=121)
	  ->  Sort  (cost=392.42..392.67 rows=98 width=121)
	        Sort Key: c
	        ->  Index Scan using sbtest8_pkey on sbtest8  (cost=0.43..389.18 rows=98 width=121)
	              Index Cond: ((id >= 93842) AND (id <= 93941))

Threads started!

Warming up for 5 seconds...

SQL statistics:
    queries performed:
        read:                            255758535
        write:                           0
        other:                           36536947
        total:                           292295482
    transactions:                        18268493 (28997.28 per sec.)
    queries:                             292295482 (463955.84 per sec.)
    ignored errors:                      0      (0.00 per sec.)
    reconnects:                          0      (0.00 per sec.)

Throughput:
    events/s (eps):                      28997.2802
    time elapsed:                        630.0074s
    total number of events:              18268493

Latency (ms):
         min:                                    1.11
         avg:                                    1.38
         max:                                   17.41
         95th percentile:                        1.44
         sum:                             25181859.29

Threads fairness:
    events (avg/stddev):           456711.9250/2061.75
    execution time (avg/stddev):   629.5465/0.00

